[I 2026-05-28 00:50:29,567] Trial 132 finished with value: 13.722019574268504 and parameters: {'ISTN': 70.43399710387425, 'I_gpe': 1.8093829699548796, 'I_gpi': 2.1369333299776905, 'noise_stn_sigma': 4.257127496330457, 'noise_gpe_sigma': 102.07205225575176, 'noise_gpi_sigma': 94.15779565790388, 'g_stn_gpe_mult': 3.9507100601058114, 'g_gpe_stn_mult': 0.2623487736688979, 'g_stn_gpi_mult': 2.6406937016572787, 'g_gpe_gpi_mult': 1.063071001901943}. Best is trial 119 with value: 0.2337670588460598.
[I 2026-05-28 00:50:30,576] Trial 133 finished with value: 11.66366815233814 and parameters: {'ISTN': 69.28451055079594, 'I_gpe': 1.6928116421367532, 'I_gpi': 2.3320091932432434, 'noise_stn_sigma': 5.431648501032068, 'noise_gpe_sigma': 80.37438798638067, 'noise_gpi_sigma': 96.5871494527056, 'g_stn_gpe_mult': 3.486217097075036, 'g_gpe_stn_mult': 0.23323536070308992, 'g_stn_gpi_mult': 2.8233290218488634, 'g_gpe_gpi_mult': 0.9524240019348844}. Best is trial 119 with value: 0.2337670588460598.
[I 2026-05-28 00:50:31,586] Trial 134 finished with value: 17.350694546048953 and parameters: {'ISTN': 84.62289564972174, 'I_gpe': 1.3873333913085322, 'I_gpi': 1.8443573033623042, 'noise_stn_sigma': 3.886812754562655, 'noise_gpe_sigma': 72.1896459649918, 'noise_gpi_sigma': 82.01491708870921, 'g_stn_gpe_mult': 4.607136178540625, 'g_gpe_stn_mult': 0.33264131090171534, 'g_stn_gpi_mult': 3.0354517765883395, 'g_gpe_gpi_mult': 0.789145606634883}. Best is trial 119 with value: 0.2337670588460598.
[I 2026-05-28 00:50:32,597] Trial 135 finished with value: 12.136247263697559 and parameters: {'ISTN': 73.49714063542405, 'I_gpe': 1.728097585076991, 'I_gpi': 2.423180150336872, 'noise_stn_sigma': 4.104909092639046, 'noise_gpe_sigma': 87.38272342156353, 'noise_gpi_sigma': 85.10138329699625, 'g_stn_gpe_mult': 3.876435747979625, 'g_gpe_stn_mult': 0.15418425561050952, 'g_stn_gpi_mult': 2.292669333140617, 'g_gpe_gpi_mult': 1.1363892350662719}. Best is trial 119 with value: 0.2337670588460598.
[I 2026-05-28 00:50:33,605] Trial 136 finished with value: 7.063409224270482 and parameters: {'ISTN': 61.14310676571383, 'I_gpe': 1.2862978793526476, 'I_gpi': 1.637217576416281, 'noise_stn_sigma': 4.164543400106664, 'noise_gpe_sigma': 85.01810564276516, 'noise_gpi_sigma': 84.23087882413868, 'g_stn_gpe_mult': 3.8366607134104704, 'g_gpe_stn_mult': 0.30366212449644414, 'g_stn_gpi_mult': 2.533222757838381, 'g_gpe_gpi_mult': 1.142577783361047}. Best is trial 119 with value: 0.2337670588460598.
[I 2026-05-28 00:50:34,615] Trial 137 finished with value: 7.592341412936558 and parameters: {'ISTN': 64.87680616080534, 'I_gpe': 1.4025445761077517, 'I_gpi': 2.228521889561563, 'noise_stn_sigma': 3.670456216353758, 'noise_gpe_sigma': 95.01276057932186, 'noise_gpi_sigma': 90.5669968668333, 'g_stn_gpe_mult': 3.306007986947902, 'g_gpe_stn_mult': 0.22914641898249616, 'g_stn_gpi_mult': 3.00858533153382, 'g_gpe_gpi_mult': 1.0131695732325174}. Best is trial 119 with value: 0.2337670588460598.
[I 2026-05-28 00:50:35,628] Trial 138 finished with value: 14.206815819789968 and parameters: {'ISTN': 72.54063362230309, 'I_gpe': 0.512654031130534, 'I_gpi': 2.5277688181270097, 'noise_stn_sigma': 3.81810095031641, 'noise_gpe_sigma': 72.474369705786, 'noise_gpi_sigma': 106.67889455054672, 'g_stn_gpe_mult': 4.185714655528059, 'g_gpe_stn_mult': 0.1820865769868582, 'g_stn_gpi_mult': 3.173694315686354, 'g_gpe_gpi_mult': 0.979135641717356}. Best is trial 119 with value: 0.2337670588460598.
[I 2026-05-28 00:50:36,640] Trial 139 finished with value: 7.784193521696441 and parameters: {'ISTN': 63.642950671493054, 'I_gpe': 1.338799280920398, 'I_gpi': 2.5431216798081766, 'noise_stn_sigma': 5.607920694380778, 'noise_gpe_sigma': 69.91426338976905, 'noise_gpi_sigma': 87.41689434953112, 'g_stn_gpe_mult': 3.324525818828997, 'g_gpe_stn_mult': 0.25492195304278886, 'g_stn_gpi_mult': 2.463351982568744, 'g_gpe_gpi_mult': 1.0372745632051485}. Best is trial 119 with value: 0.2337670588460598.
[I 2026-05-28 00:50:37,589] Trial 140 finished with value: 1000000.0 and parameters: {'ISTN': 77.92202528065823, 'I_gpe': 0.7948080007485889, 'I_gpi': 2.981868726447722, 'noise_stn_sigma': 6.483497760087695, 'noise_gpe_sigma': 99.37594843826679, 'noise_gpi_sigma': 53.33706957580351, 'g_stn_gpe_mult': 3.865235565280698, 'g_gpe_stn_mult': 0.188371825594133, 'g_stn_gpi_mult': 2.9526750439505083, 'g_gpe_gpi_mult': 0.8029389802121827}. Best is trial 119 with value: 0.2337670588460598.
[I 2026-05-28 00:50:38,599] Trial 141 finished with value: 12.991946925876578 and parameters: {'ISTN': 70.85940518342157, 'I_gpe': 1.7756954545612313, 'I_gpi': 1.7200609441420736, 'noise_stn_sigma': 5.0425326283086775, 'noise_gpe_sigma': 86.49728559514328, 'noise_gpi_sigma': 84.2979510165449, 'g_stn_gpe_mult': 2.7717271236811687, 'g_gpe_stn_mult': 0.23670514339832482, 'g_stn_gpi_mult': 2.7821906366877576, 'g_gpe_gpi_mult': 1.151365977797761}. Best is trial 119 with value: 0.2337670588460598.
[I 2026-05-28 00:50:39,612] Trial 142 finished with value: 7.177556172482076 and parameters: {'ISTN': 75.68681614707673, 'I_gpe': 1.2776103342633522, 'I_gpi': 1.9110155809456593, 'noise_stn_sigma': 5.615589883007736, 'noise_gpe_sigma': 98.82069917072674, 'noise_gpi_sigma': 84.41494423634009, 'g_stn_gpe_mult': 3.188168130035911, 'g_gpe_stn_mult': 0.2748610869027125, 'g_stn_gpi_mult': 2.547319191545049, 'g_gpe_gpi_mult': 1.064572394081804}. Best is trial 119 with value: 0.2337670588460598.
[I 2026-05-28 00:50:40,624] Trial 143 finished with value: 12.520920964986804 and parameters: {'ISTN': 74.69496102108852, 'I_gpe': 1.1449135016561744, 'I_gpi': 1.8999294833490894, 'noise_stn_sigma': 6.358425661345323, 'noise_gpe_sigma': 97.34362222760224, 'noise_gpi_sigma': 64.22421313499203, 'g_stn_gpe_mult': 3.457699293656485, 'g_gpe_stn_mult': 0.27511375314520603, 'g_stn_gpi_mult': 3.203661809580896, 'g_gpe_gpi_mult': 1.0849581742324295}. Best is trial 119 with value: 0.2337670588460598.
[I 2026-05-28 00:50:41,573] Trial 144 finished with value: 1000000.0 and parameters: {'ISTN': 63.589137752545035, 'I_gpe': 0.8134648982758087, 'I_gpi': 2.235467375309603, 'noise_stn_sigma': 4.0437565907212445, 'noise_gpe_sigma': 123.10847559638891, 'noise_gpi_sigma': 78.81851001490611, 'g_stn_gpe_mult': 3.3625225756633483, 'g_gpe_stn_mult': 0.3730836183327134, 'g_stn_gpi_mult': 2.5688821879611536, 'g_gpe_gpi_mult': 1.0316947212233776}. Best is trial 119 with value: 0.2337670588460598.
[I 2026-05-28 00:50:42,585] Trial 145 finished with value: 8.71199573377176 and parameters: {'ISTN': 64.17490289082892, 'I_gpe': 1.3938578151757743, 'I_gpi': 1.5876711976980864, 'noise_stn_sigma': 4.350021455865474, 'noise_gpe_sigma': 69.53764084345555, 'noise_gpi_sigma': 116.74436469783784, 'g_stn_gpe_mult': 3.81441816532706, 'g_gpe_stn_mult': 0.2651525235505761, 'g_stn_gpi_mult': 2.7942142572119653, 'g_gpe_gpi_mult': 1.070145356200205}. Best is trial 119 with value: 0.2337670588460598.
[I 2026-05-28 00:50:43,595] Trial 146 finished with value: 10.68442942923409 and parameters: {'ISTN': 63.74049399691721, 'I_gpe': 1.465062974473589, 'I_gpi': 1.9330255434490788, 'noise_stn_sigma': 4.337801441015838, 'noise_gpe_sigma': 81.10388229990198, 'noise_gpi_sigma': 96.75490876041621, 'g_stn_gpe_mult': 3.3057611289274282, 'g_gpe_stn_mult': 0.2694926445851339, 'g_stn_gpi_mult': 2.567585624616878, 'g_gpe_gpi_mult': 1.066876106472392}. Best is trial 119 with value: 0.2337670588460598.
[I 2026-05-28 00:50:44,605] Trial 147 finished with value: 8.132053532371193 and parameters: {'ISTN': 66.86716097233085, 'I_gpe': 0.9363643328814821, 'I_gpi': 2.2739838973809103, 'noise_stn_sigma': 4.581993299627304, 'noise_gpe_sigma': 73.77291335873882, 'noise_gpi_sigma': 87.44054896657076, 'g_stn_gpe_mult': 3.1123722398681495, 'g_gpe_stn_mult': 0.24534400986820495, 'g_stn_gpi_mult': 2.299638115305581, 'g_gpe_gpi_mult': 1.1183713249730063}. Best is trial 119 with value: 0.2337670588460598.
[I 2026-05-28 00:50:45,616] Trial 148 finished with value: 13.91751428011379 and parameters: {'ISTN': 65.43649720429983, 'I_gpe': 1.0978838392381056, 'I_gpi': 2.4247545465939533, 'noise_stn_sigma': 3.592912985115138, 'noise_gpe_sigma': 75.33048198088542, 'noise_gpi_sigma': 71.97488039285366, 'g_stn_gpe_mult': 3.5026316362388004, 'g_gpe_stn_mult': 0.4167263862576158, 'g_stn_gpi_mult': 2.9724672027177017, 'g_gpe_gpi_mult': 0.9884636493717562}. Best is trial 119 with value: 0.2337670588460598.
[I 2026-05-28 00:50:46,624] Trial 149 finished with value: 6.401468687963201 and parameters: {'ISTN': 61.50641855123096, 'I_gpe': 1.662470860341365, 'I_gpi': 2.241585327824451, 'noise_stn_sigma': 5.01674710177307, 'noise_gpe_sigma': 77.23981099166183, 'noise_gpi_sigma': 86.1066530720874, 'g_stn_gpe_mult': 3.294515510583219, 'g_gpe_stn_mult': 0.1652854069694002, 'g_stn_gpi_mult': 2.930983213869477, 'g_gpe_gpi_mult': 0.9294354275318131}. Best is trial 119 with value: 0.2337670588460598.
[I 2026-05-28 00:50:47,632] Trial 150 finished with value: 13.231276773441113 and parameters: {'ISTN': 72.89281419009058, 'I_gpe': 1.3008155609564627, 'I_gpi': 2.2317172114147503, 'noise_stn_sigma': 3.7510068280908735, 'noise_gpe_sigma': 100.23922031111663, 'noise_gpi_sigma': 112.32294269099884, 'g_stn_gpe_mult': 4.000784906043414, 'g_gpe_stn_mult': 0.22337946869328507, 'g_stn_gpi_mult': 3.2382639735889045, 'g_gpe_gpi_mult': 0.928621011376644}. Best is trial 119 with value: 0.2337670588460598.
[I 2026-05-28 00:50:48,642] Trial 151 finished with value: 9.333533838378449 and parameters: {'ISTN': 63.59915393798293, 'I_gpe': 1.253133969051669, 'I_gpi': 1.3133229872715417, 'noise_stn_sigma': 4.565050488161113, 'noise_gpe_sigma': 81.01697220083213, 'noise_gpi_sigma': 78.74326665215526, 'g_stn_gpe_mult': 2.9483787539584814, 'g_gpe_stn_mult': 0.28502621029741554, 'g_stn_gpi_mult': 2.033344759435035, 'g_gpe_gpi_mult': 1.0555442703030853}. Best is trial 119 with value: 0.2337670588460598.
[I 2026-05-28 00:50:49,653] Trial 152 finished with value: 11.533563597012702 and parameters: {'ISTN': 78.41536224370886, 'I_gpe': 1.1997703727589104, 'I_gpi': 2.413590632853076, 'noise_stn_sigma': 5.38895775890819, 'noise_gpe_sigma': 69.41439400743893, 'noise_gpi_sigma': 88.79825892918835, 'g_stn_gpe_mult': 3.883818913754733, 'g_gpe_stn_mult': 0.10127074206113065, 'g_stn_gpi_mult': 3.030988848477977, 'g_gpe_gpi_mult': 0.8782301602463809}. Best is trial 119 with value: 0.2337670588460598.
[I 2026-05-28 00:50:50,665] Trial 153 finished with value: 13.88751319076993 and parameters: {'ISTN': 67.04857088110498, 'I_gpe': 0.858090970162688, 'I_gpi': 1.5470346613957613, 'noise_stn_sigma': 5.052183580066964, 'noise_gpe_sigma': 69.38787945392716, 'noise_gpi_sigma': 87.06581661174855, 'g_stn_gpe_mult': 4.206943027758193, 'g_gpe_stn_mult': 0.322351329586018, 'g_stn_gpi_mult': 2.6107261366719503, 'g_gpe_gpi_mult': 1.0233669001852834}. Best is trial 119 with value: 0.2337670588460598.
[I 2026-05-28 00:50:51,674] Trial 154 finished with value: 7.045396856369644 and parameters: {'ISTN': 63.50146369733633, 'I_gpe': 1.2115731764900355, 'I_gpi': 1.8335903649675451, 'noise_stn_sigma': 6.088918841337739, 'noise_gpe_sigma': 94.33544042782296, 'noise_gpi_sigma': 76.82697477271465, 'g_stn_gpe_mult': 3.3637956281226087, 'g_gpe_stn_mult': 0.2878523058348443, 'g_stn_gpi_mult': 2.239349905155781, 'g_gpe_gpi_mult': 1.0756020114967733}. Best is trial 119 with value: 0.2337670588460598.
[I 2026-05-28 00:50:52,685] Trial 155 finished with value: 13.488917965576803 and parameters: {'ISTN': 79.21836872636237, 'I_gpe': 1.2728478955748117, 'I_gpi': 1.7145436579200415, 'noise_stn_sigma': 5.028524768895761, 'noise_gpe_sigma': 85.22111440141288, 'noise_gpi_sigma': 70.66392899411127, 'g_stn_gpe_mult': 3.1261439462361995, 'g_gpe_stn_mult': 0.2128225354090764, 'g_stn_gpi_mult': 2.7466071711222737, 'g_gpe_gpi_mult': 1.0927574382189011}. Best is trial 119 with value: 0.2337670588460598.
[I 2026-05-28 00:50:53,692] Trial 156 finished with value: 14.482195745602715 and parameters: {'ISTN': 78.76006687041871, 'I_gpe': 2.434197509882987, 'I_gpi': 2.5692248718678403, 'noise_stn_sigma': 5.882042726379526, 'noise_gpe_sigma': 95.73535189239539, 'noise_gpi_sigma': 86.62184611692457, 'g_stn_gpe_mult': 3.0483411534908633, 'g_gpe_stn_mult': 0.3685096797793146, 'g_stn_gpi_mult': 2.7375666821278104, 'g_gpe_gpi_mult': 1.1197787171365774}. Best is trial 119 with value: 0.2337670588460598.
[I 2026-05-28 00:50:54,699] Trial 157 finished with value: 7.982094007004785 and parameters: {'ISTN': 68.57451631701804, 'I_gpe': 0.9350848535143705, 'I_gpi': 1.9505093015756807, 'noise_stn_sigma': 4.1697707583396015, 'noise_gpe_sigma': 88.48771026580852, 'noise_gpi_sigma': 94.27465699565909, 'g_stn_gpe_mult': 3.0196904877486093, 'g_gpe_stn_mult': 0.17605353097686607, 'g_stn_gpi_mult': 2.340560338912398, 'g_gpe_gpi_mult': 0.9223579700008284}. Best is trial 119 with value: 0.2337670588460598.
[I 2026-05-28 00:50:55,710] Trial 158 finished with value: 12.227189592985422 and parameters: {'ISTN': 70.87499804932231, 'I_gpe': 1.0945442043520934, 'I_gpi': 2.4473271668072707, 'noise_stn_sigma': 5.086442322236258, 'noise_gpe_sigma': 118.0355974879898, 'noise_gpi_sigma': 115.98812183935257, 'g_stn_gpe_mult': 3.017887353609022, 'g_gpe_stn_mult': 0.1554544015275577, 'g_stn_gpi_mult': 2.3481869652596608, 'g_gpe_gpi_mult': 0.8407908857903776}. Best is trial 119 with value: 0.2337670588460598.
[I 2026-05-28 00:50:56,720] Trial 159 finished with value: 6.965931787238955 and parameters: {'ISTN': 74.7914234878588, 'I_gpe': 0.7991868580787489, 'I_gpi': 2.323586371044712, 'noise_stn_sigma': 4.659917130831695, 'noise_gpe_sigma': 81.42324788323322, 'noise_gpi_sigma': 71.95054274651747, 'g_stn_gpe_mult': 3.0103176579473336, 'g_gpe_stn_mult': 0.10565419249167717, 'g_stn_gpi_mult': 2.225313231001233, 'g_gpe_gpi_mult': 0.9795389172575655}. Best is trial 119 with value: 0.2337670588460598.
[I 2026-05-28 00:50:57,730] Trial 160 finished with value: 13.313606320669003 and parameters: {'ISTN': 87.26278574728133, 'I_gpe': 0.5194693449128116, 'I_gpi': 1.9511906699159867, 'noise_stn_sigma': 3.961078510511886, 'noise_gpe_sigma': 94.2264204317677, 'noise_gpi_sigma': 103.5769808199702, 'g_stn_gpe_mult': 3.0188327084056685, 'g_gpe_stn_mult': 0.21793598185101626, 'g_stn_gpi_mult': 2.4632151254491137, 'g_gpe_gpi_mult': 1.038484302326468}. Best is trial 119 with value: 0.2337670588460598.
[I 2026-05-28 00:50:58,742] Trial 161 finished with value: 11.012715404757751 and parameters: {'ISTN': 69.44859761877288, 'I_gpe': 1.1567021650721174, 'I_gpi': 1.486606611538726, 'noise_stn_sigma': 5.190543716298874, 'noise_gpe_sigma': 66.40590211585771, 'noise_gpi_sigma': 74.02717143272628, 'g_stn_gpe_mult': 3.3883914922942857, 'g_gpe_stn_mult': 0.22852938501919937, 'g_stn_gpi_mult': 2.3747960038019955, 'g_gpe_gpi_mult': 0.9046158085075411}. Best is trial 119 with value: 0.2337670588460598.
[I 2026-05-28 00:50:59,753] Trial 162 finished with value: 7.8401063110584275 and parameters: {'ISTN': 71.62720463966923, 'I_gpe': 1.0343294432171048, 'I_gpi': 1.9494616548268624, 'noise_stn_sigma': 5.02752051060985, 'noise_gpe_sigma': 75.68876112445562, 'noise_gpi_sigma': 62.868013162646, 'g_stn_gpe_mult': 2.1836134736454182, 'g_gpe_stn_mult': 0.33380081117863925, 'g_stn_gpi_mult': 2.620061403579901, 'g_gpe_gpi_mult': 1.0295882641425742}. Best is trial 119 with value: 0.2337670588460598.
[I 2026-05-28 00:51:00,762] Trial 163 finished with value: 3.337837081710323 and parameters: {'ISTN': 73.91152684538113, 'I_gpe': 0.5381852144631918, 'I_gpi': 1.9629838831708497, 'noise_stn_sigma': 5.481225786785532, 'noise_gpe_sigma': 91.31051641668746, 'noise_gpi_sigma': 64.18068413989214, 'g_stn_gpe_mult': 3.2624534073724956, 'g_gpe_stn_mult': 0.24578727194215813, 'g_stn_gpi_mult': 2.804862768351362, 'g_gpe_gpi_mult': 1.0900621835356126}. Best is trial 119 with value: 0.2337670588460598.
[I 2026-05-28 00:51:01,771] Trial 164 finished with value: 6.971588643217422 and parameters: {'ISTN': 71.01528193423816, 'I_gpe': 1.0911537806045575, 'I_gpi': 1.985611075685429, 'noise_stn_sigma': 4.174655186936646, 'noise_gpe_sigma': 86.41683932823274, 'noise_gpi_sigma': 84.64949749095238, 'g_stn_gpe_mult': 2.9203408175816845, 'g_gpe_stn_mult': 0.31483867597487136, 'g_stn_gpi_mult': 2.1498021017373157, 'g_gpe_gpi_mult': 1.0598726819132833}. Best is trial 119 with value: 0.2337670588460598.
[I 2026-05-28 00:51:02,781] Trial 165 finished with value: 15.179848561151859 and parameters: {'ISTN': 81.98909339511874, 'I_gpe': 1.187689041831956, 'I_gpi': 2.9551886573055888, 'noise_stn_sigma': 3.9285948879078547, 'noise_gpe_sigma': 72.29419902122861, 'noise_gpi_sigma': 69.14170354413699, 'g_stn_gpe_mult': 3.1632302204388667, 'g_gpe_stn_mult': 0.23035658201277276, 'g_stn_gpi_mult': 2.797985166862172, 'g_gpe_gpi_mult': 0.9776214067850324}. Best is trial 119 with value: 0.2337670588460598.
[I 2026-05-28 00:51:03,792] Trial 166 finished with value: 4.664129039611425 and parameters: {'ISTN': 69.1407124780475, 'I_gpe': 0.7816336233234189, 'I_gpi': 2.107128897272047, 'noise_stn_sigma': 4.277488689670237, 'noise_gpe_sigma': 99.37001685599976, 'noise_gpi_sigma': 65.2629981850813, 'g_stn_gpe_mult': 2.803423675577358, 'g_gpe_stn_mult': 0.12815036198350752, 'g_stn_gpi_mult': 2.1179594585836994, 'g_gpe_gpi_mult': 1.0725586356283863}. Best is trial 119 with value: 0.2337670588460598.
[I 2026-05-28 00:51:04,800] Trial 167 finished with value: 8.605085883456214 and parameters: {'ISTN': 66.83412606500706, 'I_gpe': 1.0832518938572142, 'I_gpi': 1.4972969130103064, 'noise_stn_sigma': 4.902319847962319, 'noise_gpe_sigma': 79.92911836589754, 'noise_gpi_sigma': 78.09717024980523, 'g_stn_gpe_mult': 2.3433635770270977, 'g_gpe_stn_mult': 0.19773632592413531, 'g_stn_gpi_mult': 2.402658894796971, 'g_gpe_gpi_mult': 0.9722038422659618}. Best is trial 119 with value: 0.2337670588460598.
[I 2026-05-28 00:51:05,809] Trial 168 finished with value: 17.5132071460562 and parameters: {'ISTN': 87.45255631886326, 'I_gpe': 1.4138401423126306, 'I_gpi': 2.5308029508585026, 'noise_stn_sigma': 4.362972729282982, 'noise_gpe_sigma': 53.77603145712697, 'noise_gpi_sigma': 41.05300949256184, 'g_stn_gpe_mult': 3.380202308932292, 'g_gpe_stn_mult': 0.24858555169198843, 'g_stn_gpi_mult': 2.291027824352741, 'g_gpe_gpi_mult': 0.8085185305332723}. Best is trial 119 with value: 0.2337670588460598.
[I 2026-05-28 00:51:06,817] Trial 169 finished with value: 10.901692385890234 and parameters: {'ISTN': 69.62835292838878, 'I_gpe': 0.5273241631658909, 'I_gpi': 1.1560541960113762, 'noise_stn_sigma': 5.366604043037347, 'noise_gpe_sigma': 91.20358070136129, 'noise_gpi_sigma': 46.92679649862212, 'g_stn_gpe_mult': 3.999257800110159, 'g_gpe_stn_mult': 0.22539937453123507, 'g_stn_gpi_mult': 2.114343365790445, 'g_gpe_gpi_mult': 0.9141072314923568}. Best is trial 119 with value: 0.2337670588460598.
[I 2026-05-28 00:51:07,825] Trial 170 finished with value: 8.031900159334835 and parameters: {'ISTN': 63.80662119438125, 'I_gpe': 1.184650310318411, 'I_gpi': 1.422160319042479, 'noise_stn_sigma': 6.574548201601151, 'noise_gpe_sigma': 100.10070677934547, 'noise_gpi_sigma': 98.31879530807814, 'g_stn_gpe_mult': 2.321775411865403, 'g_gpe_stn_mult': 0.15365936794876006, 'g_stn_gpi_mult': 2.6541414065146567, 'g_gpe_gpi_mult': 1.0029067093731763}. Best is trial 119 with value: 0.2337670588460598.
[I 2026-05-28 00:51:08,836] Trial 171 finished with value: 5.36663875977693 and parameters: {'ISTN': 70.87314349791345, 'I_gpe': 0.8698282406615385, 'I_gpi': 1.4134377618392426, 'noise_stn_sigma': 6.037594109189061, 'noise_gpe_sigma': 104.26506490181232, 'noise_gpi_sigma': 58.892195112265334, 'g_stn_gpe_mult': 3.0238006029610363, 'g_gpe_stn_mult': 0.17571880232420983, 'g_stn_gpi_mult': 2.5268123096914845, 'g_gpe_gpi_mult': 1.1013359538949217}. Best is trial 119 with value: 0.2337670588460598.
[I 2026-05-28 00:51:09,848] Trial 172 finished with value: 7.255600861919314 and parameters: {'ISTN': 67.92944171193145, 'I_gpe': 1.6636090348031618, 'I_gpi': 1.8475863299453477, 'noise_stn_sigma': 5.9283083997753225, 'noise_gpe_sigma': 89.4862175181997, 'noise_gpi_sigma': 57.77617352989167, 'g_stn_gpe_mult': 2.562995452927935, 'g_gpe_stn_mult': 0.23980407580954916, 'g_stn_gpi_mult': 3.0940239075461475, 'g_gpe_gpi_mult': 1.10134878901884}. Best is trial 119 with value: 0.2337670588460598.
[I 2026-05-28 00:51:10,860] Trial 173 finished with value: 13.423432723655063 and parameters: {'ISTN': 73.69469293505087, 'I_gpe': 1.059237938484947, 'I_gpi': 1.1566337941376754, 'noise_stn_sigma': 5.683750265810442, 'noise_gpe_sigma': 79.308020729324, 'noise_gpi_sigma': 71.35140398597395, 'g_stn_gpe_mult': 2.904860248857575, 'g_gpe_stn_mult': 0.37094815210168475, 'g_stn_gpi_mult': 1.9571757227702875, 'g_gpe_gpi_mult': 1.1708768424934288}. Best is trial 119 with value: 0.2337670588460598.
[I 2026-05-28 00:51:11,871] Trial 174 finished with value: 8.592312654901784 and parameters: {'ISTN': 71.53574928696227, 'I_gpe': 0.6091768503883888, 'I_gpi': 1.6406038434181145, 'noise_stn_sigma': 4.268261781970846, 'noise_gpe_sigma': 112.45948677947526, 'noise_gpi_sigma': 56.31539170881324, 'g_stn_gpe_mult': 2.882697891323431, 'g_gpe_stn_mult': 0.2700347932318524, 'g_stn_gpi_mult': 2.1900268148299062, 'g_gpe_gpi_mult': 1.130133930589345}. Best is trial 119 with value: 0.2337670588460598.
[I 2026-05-28 00:51:12,880] Trial 175 finished with value: 8.88307791185143 and parameters: {'ISTN': 70.85599706534403, 'I_gpe': 1.7047099059156365, 'I_gpi': 1.960628930071426, 'noise_stn_sigma': 4.122232352392109, 'noise_gpe_sigma': 92.89289647404921, 'noise_gpi_sigma': 46.33060718149861, 'g_stn_gpe_mult': 2.7450650963399656, 'g_gpe_stn_mult': 0.1928642959270292, 'g_stn_gpi_mult': 2.820457660833156, 'g_gpe_gpi_mult': 1.148773277534941}. Best is trial 119 with value: 0.2337670588460598.
