[I 2026-05-28 00:51:13,829] Trial 176 finished with value: 1000000.0 and parameters: {'ISTN': 76.43803927817099, 'I_gpe': 0.7889323729562723, 'I_gpi': 1.5937340659760366, 'noise_stn_sigma': 4.992821627117535, 'noise_gpe_sigma': 94.59521246551344, 'noise_gpi_sigma': 74.09032818336993, 'g_stn_gpe_mult': 2.767153698435858, 'g_gpe_stn_mult': 0.23931101334043148, 'g_stn_gpi_mult': 2.9083123940200615, 'g_gpe_gpi_mult': 1.1227210472530613}. Best is trial 119 with value: 0.2337670588460598.
[I 2026-05-28 00:51:14,839] Trial 177 finished with value: 12.82678943315185 and parameters: {'ISTN': 86.81234701136847, 'I_gpe': 0.9228532017264908, 'I_gpi': 1.9480274202099728, 'noise_stn_sigma': 4.746063907625168, 'noise_gpe_sigma': 99.08764450434236, 'noise_gpi_sigma': 57.26933907823291, 'g_stn_gpe_mult': 3.334179984544895, 'g_gpe_stn_mult': 0.14106893162086928, 'g_stn_gpi_mult': 2.373689282573428, 'g_gpe_gpi_mult': 1.1691692084422496}. Best is trial 119 with value: 0.2337670588460598.
[I 2026-05-28 00:51:15,847] Trial 178 finished with value: 8.114148968767019 and parameters: {'ISTN': 67.73003367434731, 'I_gpe': 0.9811559879729205, 'I_gpi': 1.7084023443991845, 'noise_stn_sigma': 5.703676245013937, 'noise_gpe_sigma': 75.1721863320012, 'noise_gpi_sigma': 79.05361352357673, 'g_stn_gpe_mult': 3.3841373356145525, 'g_gpe_stn_mult': 0.1419935472686808, 'g_stn_gpi_mult': 3.1814238674105897, 'g_gpe_gpi_mult': 1.0603824980892265}. Best is trial 119 with value: 0.2337670588460598.
[I 2026-05-28 00:51:16,855] Trial 179 finished with value: 8.94383491336404 and parameters: {'ISTN': 74.46088559978043, 'I_gpe': 1.571306265351179, 'I_gpi': 2.694232599125675, 'noise_stn_sigma': 5.3264158424129295, 'noise_gpe_sigma': 83.99444568171114, 'noise_gpi_sigma': 41.84157140497034, 'g_stn_gpe_mult': 2.4796803138028456, 'g_gpe_stn_mult': 0.15496785189879778, 'g_stn_gpi_mult': 2.263553209259832, 'g_gpe_gpi_mult': 1.1725057223946058}. Best is trial 119 with value: 0.2337670588460598.
[I 2026-05-28 00:51:17,868] Trial 180 finished with value: 11.24396790477897 and parameters: {'ISTN': 74.49800346711503, 'I_gpe': 1.1577862052878782, 'I_gpi': 1.9667319829699474, 'noise_stn_sigma': 5.748687308313982, 'noise_gpe_sigma': 86.10295477827503, 'noise_gpi_sigma': 66.50472414348584, 'g_stn_gpe_mult': 2.6660533185681095, 'g_gpe_stn_mult': 0.26449306180263193, 'g_stn_gpi_mult': 2.135253781321006, 'g_gpe_gpi_mult': 1.0293717428305755}. Best is trial 119 with value: 0.2337670588460598.
[I 2026-05-28 00:51:18,880] Trial 181 finished with value: 8.724392906967157 and parameters: {'ISTN': 76.61831233423095, 'I_gpe': 0.8130807607450288, 'I_gpi': 1.2293822531535736, 'noise_stn_sigma': 7.080219276097816, 'noise_gpe_sigma': 82.80978438299134, 'noise_gpi_sigma': 39.56462334285506, 'g_stn_gpe_mult': 2.2603317373914202, 'g_gpe_stn_mult': 0.27149389158837967, 'g_stn_gpi_mult': 2.7359467823512453, 'g_gpe_gpi_mult': 1.1086409784995255}. Best is trial 119 with value: 0.2337670588460598.
[I 2026-05-28 00:51:19,890] Trial 182 finished with value: 7.1715829924551935 and parameters: {'ISTN': 69.22108900812444, 'I_gpe': 1.2098245076308076, 'I_gpi': 1.4806660172492234, 'noise_stn_sigma': 5.131557128798898, 'noise_gpe_sigma': 88.13226030616985, 'noise_gpi_sigma': 57.2592782331446, 'g_stn_gpe_mult': 2.745716108175356, 'g_gpe_stn_mult': 0.2417685764892397, 'g_stn_gpi_mult': 2.6072803914918348, 'g_gpe_gpi_mult': 1.1504377465116264}. Best is trial 119 with value: 0.2337670588460598.
[I 2026-05-28 00:51:20,898] Trial 183 finished with value: 6.800194526044916 and parameters: {'ISTN': 68.02548341132858, 'I_gpe': 1.3366750523960698, 'I_gpi': 1.54004744352074, 'noise_stn_sigma': 6.1054314038541, 'noise_gpe_sigma': 86.80771064673813, 'noise_gpi_sigma': 53.308464557802424, 'g_stn_gpe_mult': 3.1868465428709802, 'g_gpe_stn_mult': 0.25773014031285657, 'g_stn_gpi_mult': 2.8857956594843865, 'g_gpe_gpi_mult': 1.1341472437533906}. Best is trial 119 with value: 0.2337670588460598.
[I 2026-05-28 00:51:21,909] Trial 184 finished with value: 9.021221921031191 and parameters: {'ISTN': 75.09507132045373, 'I_gpe': 0.6928827449462457, 'I_gpi': 1.092914882642925, 'noise_stn_sigma': 7.065397479045837, 'noise_gpe_sigma': 83.28214706174498, 'noise_gpi_sigma': 56.73742165937602, 'g_stn_gpe_mult': 1.8685113493613263, 'g_gpe_stn_mult': 0.16132467926193722, 'g_stn_gpi_mult': 2.8529484573769777, 'g_gpe_gpi_mult': 0.9483390038814448}. Best is trial 119 with value: 0.2337670588460598.
[I 2026-05-28 00:51:22,919] Trial 185 finished with value: 9.930686740111447 and parameters: {'ISTN': 70.37966521505301, 'I_gpe': 1.3565825402787142, 'I_gpi': 1.6834691272385478, 'noise_stn_sigma': 6.652523478384578, 'noise_gpe_sigma': 95.7130505056529, 'noise_gpi_sigma': 68.61628520395313, 'g_stn_gpe_mult': 2.9548774217833493, 'g_gpe_stn_mult': 0.11291569597124132, 'g_stn_gpi_mult': 2.768034611897391, 'g_gpe_gpi_mult': 1.0617027098584038}. Best is trial 119 with value: 0.2337670588460598.
[I 2026-05-28 00:51:23,930] Trial 186 finished with value: 11.238501114841931 and parameters: {'ISTN': 66.28603993071633, 'I_gpe': 1.0396672247941265, 'I_gpi': 1.6680532355163407, 'noise_stn_sigma': 6.099530560914297, 'noise_gpe_sigma': 115.20836562631256, 'noise_gpi_sigma': 53.96896690489774, 'g_stn_gpe_mult': 2.7400275507397316, 'g_gpe_stn_mult': 0.17764121587182108, 'g_stn_gpi_mult': 3.1830878510768335, 'g_gpe_gpi_mult': 1.0587207080417755}. Best is trial 119 with value: 0.2337670588460598.
[I 2026-05-28 00:51:24,940] Trial 187 finished with value: 13.14360363387088 and parameters: {'ISTN': 74.56971681731329, 'I_gpe': 0.9040927277142982, 'I_gpi': 1.6829416069228884, 'noise_stn_sigma': 5.900848694904874, 'noise_gpe_sigma': 103.52129623077096, 'noise_gpi_sigma': 85.81521776936938, 'g_stn_gpe_mult': 3.2266172326862055, 'g_gpe_stn_mult': 0.15617611526416653, 'g_stn_gpi_mult': 2.8178616634389626, 'g_gpe_gpi_mult': 0.9321874894820206}. Best is trial 119 with value: 0.2337670588460598.
[I 2026-05-28 00:51:25,950] Trial 188 finished with value: 9.248868564130658 and parameters: {'ISTN': 73.00620393463106, 'I_gpe': 1.3289657562031305, 'I_gpi': 1.6788183821483855, 'noise_stn_sigma': 5.121278331186483, 'noise_gpe_sigma': 85.3916163531788, 'noise_gpi_sigma': 90.50109227794954, 'g_stn_gpe_mult': 2.297154927344307, 'g_gpe_stn_mult': 0.23130884736692, 'g_stn_gpi_mult': 2.2482509041120684, 'g_gpe_gpi_mult': 1.0283765586924445}. Best is trial 119 with value: 0.2337670588460598.
[I 2026-05-28 00:51:26,958] Trial 189 finished with value: 11.674121901402108 and parameters: {'ISTN': 70.36598501819225, 'I_gpe': 0.937717550122914, 'I_gpi': 2.1884577802307086, 'noise_stn_sigma': 6.997141032293564, 'noise_gpe_sigma': 118.45824252835685, 'noise_gpi_sigma': 54.087661357677604, 'g_stn_gpe_mult': 2.769331229398931, 'g_gpe_stn_mult': 0.24145037117296897, 'g_stn_gpi_mult': 2.924740234013816, 'g_gpe_gpi_mult': 1.0115679102111854}. Best is trial 119 with value: 0.2337670588460598.
[I 2026-05-28 00:51:27,969] Trial 190 finished with value: 11.82634321846241 and parameters: {'ISTN': 73.93568795961443, 'I_gpe': 1.2454424899660184, 'I_gpi': 1.6970913846484152, 'noise_stn_sigma': 6.158283486810138, 'noise_gpe_sigma': 81.3839788407335, 'noise_gpi_sigma': 68.38211074199712, 'g_stn_gpe_mult': 2.8959149305572103, 'g_gpe_stn_mult': 0.2509685229376025, 'g_stn_gpi_mult': 3.1854051353645216, 'g_gpe_gpi_mult': 1.1367654440641841}. Best is trial 119 with value: 0.2337670588460598.
[I 2026-05-28 00:51:28,982] Trial 191 finished with value: 11.835956211631418 and parameters: {'ISTN': 66.39194721305505, 'I_gpe': 1.7231612355917503, 'I_gpi': 1.396449861050828, 'noise_stn_sigma': 7.276557585289989, 'noise_gpe_sigma': 95.96017895786086, 'noise_gpi_sigma': 27.9143995109337, 'g_stn_gpe_mult': 2.7997075855063134, 'g_gpe_stn_mult': 0.2629161226226764, 'g_stn_gpi_mult': 3.0312388061073388, 'g_gpe_gpi_mult': 1.1197123961643762}. Best is trial 119 with value: 0.2337670588460598.
[I 2026-05-28 00:51:29,992] Trial 192 finished with value: 5.793197930780617 and parameters: {'ISTN': 68.72711870699685, 'I_gpe': 1.3160681783553128, 'I_gpi': 2.4809493103608222, 'noise_stn_sigma': 7.197684257643185, 'noise_gpe_sigma': 108.07684372072791, 'noise_gpi_sigma': 41.88860733928984, 'g_stn_gpe_mult': 2.077224311298651, 'g_gpe_stn_mult': 0.20623843780449574, 'g_stn_gpi_mult': 2.312187074881817, 'g_gpe_gpi_mult': 1.0904246224690164}. Best is trial 119 with value: 0.2337670588460598.
[I 2026-05-28 00:51:31,003] Trial 193 finished with value: 6.003305733881119 and parameters: {'ISTN': 70.54383464166025, 'I_gpe': 1.1838974768366388, 'I_gpi': 1.3530872557699851, 'noise_stn_sigma': 5.6609801467297745, 'noise_gpe_sigma': 83.5091350599316, 'noise_gpi_sigma': 56.81810936012087, 'g_stn_gpe_mult': 3.17839936924206, 'g_gpe_stn_mult': 0.17934766487331844, 'g_stn_gpi_mult': 2.63685972017262, 'g_gpe_gpi_mult': 1.1229634064818106}. Best is trial 119 with value: 0.2337670588460598.
[I 2026-05-28 00:51:32,011] Trial 194 finished with value: 15.063051353943498 and parameters: {'ISTN': 85.68021553316514, 'I_gpe': 0.8474399762793476, 'I_gpi': 1.5841342297647982, 'noise_stn_sigma': 6.045708259833246, 'noise_gpe_sigma': 100.1327896271516, 'noise_gpi_sigma': 68.12490860091607, 'g_stn_gpe_mult': 3.0291992612313177, 'g_gpe_stn_mult': 0.3239637589558471, 'g_stn_gpi_mult': 2.8938647114623546, 'g_gpe_gpi_mult': 0.7259843346779453}. Best is trial 119 with value: 0.2337670588460598.
[I 2026-05-28 00:51:33,020] Trial 195 finished with value: 12.925542114337611 and parameters: {'ISTN': 68.12064012365494, 'I_gpe': 2.286281042293094, 'I_gpi': 1.7386507756341274, 'noise_stn_sigma': 5.818171886968568, 'noise_gpe_sigma': 89.71704392796616, 'noise_gpi_sigma': 51.54081589812131, 'g_stn_gpe_mult': 2.8760807557765546, 'g_gpe_stn_mult': 0.21656223383826756, 'g_stn_gpi_mult': 2.8555560604909305, 'g_gpe_gpi_mult': 1.153207039226196}. Best is trial 119 with value: 0.2337670588460598.
[I 2026-05-28 00:51:34,029] Trial 196 finished with value: 7.91873574808519 and parameters: {'ISTN': 69.68545203701451, 'I_gpe': 1.498660134504748, 'I_gpi': 1.7045114293043817, 'noise_stn_sigma': 6.44809927244774, 'noise_gpe_sigma': 111.83413340799245, 'noise_gpi_sigma': 57.68314426656245, 'g_stn_gpe_mult': 3.034901468189995, 'g_gpe_stn_mult': 0.2945650266144243, 'g_stn_gpi_mult': 2.949074113323038, 'g_gpe_gpi_mult': 0.9936571465332171}. Best is trial 119 with value: 0.2337670588460598.
[I 2026-05-28 00:51:35,036] Trial 197 finished with value: 16.275454182281784 and parameters: {'ISTN': 90.08985671050681, 'I_gpe': 1.3149259512569316, 'I_gpi': 2.5467052320622487, 'noise_stn_sigma': 6.85057826663885, 'noise_gpe_sigma': 70.27116430731732, 'noise_gpi_sigma': 52.7652680252232, 'g_stn_gpe_mult': 3.520606594838495, 'g_gpe_stn_mult': 0.24881903128928318, 'g_stn_gpi_mult': 2.662702784134076, 'g_gpe_gpi_mult': 1.1025989078592322}. Best is trial 119 with value: 0.2337670588460598.
[I 2026-05-28 00:51:36,044] Trial 198 finished with value: 11.780563373227702 and parameters: {'ISTN': 77.62239873820275, 'I_gpe': 1.4462864769965227, 'I_gpi': 1.8090756624065687, 'noise_stn_sigma': 6.8728226737990825, 'noise_gpe_sigma': 80.16124132589232, 'noise_gpi_sigma': 36.39216995119366, 'g_stn_gpe_mult': 2.796068325540306, 'g_gpe_stn_mult': 0.36478867832503103, 'g_stn_gpi_mult': 2.755058938095781, 'g_gpe_gpi_mult': 1.1610799015558995}. Best is trial 119 with value: 0.2337670588460598.
[I 2026-05-28 00:51:37,051] Trial 199 finished with value: 9.34237347759397 and parameters: {'ISTN': 65.97611806380387, 'I_gpe': 1.45571317692074, 'I_gpi': 1.946658601538831, 'noise_stn_sigma': 4.637007595265484, 'noise_gpe_sigma': 95.4459232577148, 'noise_gpi_sigma': 41.9347798959667, 'g_stn_gpe_mult': 3.1316851914039368, 'g_gpe_stn_mult': 0.21890446235740307, 'g_stn_gpi_mult': 2.224758592898272, 'g_gpe_gpi_mult': 0.9856556889657575}. Best is trial 119 with value: 0.2337670588460598.
[I 2026-05-28 00:51:38,062] Trial 200 finished with value: 5.1070009852282165 and parameters: {'ISTN': 74.90482008699402, 'I_gpe': 0.7611038354535877, 'I_gpi': 1.8287566421647738, 'noise_stn_sigma': 5.17414190875852, 'noise_gpe_sigma': 72.81773805017613, 'noise_gpi_sigma': 34.895300079572195, 'g_stn_gpe_mult': 2.3616652366269806, 'g_gpe_stn_mult': 0.36084682415269265, 'g_stn_gpi_mult': 2.8010174048714456, 'g_gpe_gpi_mult': 1.130360399943556}. Best is trial 119 with value: 0.2337670588460598.
[I 2026-05-28 00:51:39,076] Trial 201 finished with value: 12.950195947934432 and parameters: {'ISTN': 67.81777001217199, 'I_gpe': 1.4118661392136052, 'I_gpi': 1.3802086372306839, 'noise_stn_sigma': 7.6292170810697835, 'noise_gpe_sigma': 92.7513443556405, 'noise_gpi_sigma': 52.232552671991755, 'g_stn_gpe_mult': 2.0297819357277787, 'g_gpe_stn_mult': 0.3129452627510546, 'g_stn_gpi_mult': 2.851982799198645, 'g_gpe_gpi_mult': 1.1397874506883956}. Best is trial 119 with value: 0.2337670588460598.
[I 2026-05-28 00:51:40,086] Trial 202 finished with value: 10.165163450174333 and parameters: {'ISTN': 80.07147034800302, 'I_gpe': 0.9781121703263773, 'I_gpi': 1.795516505516264, 'noise_stn_sigma': 6.0409149852580954, 'noise_gpe_sigma': 72.68955815689702, 'noise_gpi_sigma': 57.804927783704215, 'g_stn_gpe_mult': 2.359543491022781, 'g_gpe_stn_mult': 0.2784599619835042, 'g_stn_gpi_mult': 2.7438843998737203, 'g_gpe_gpi_mult': 1.1167447056270066}. Best is trial 119 with value: 0.2337670588460598.
[I 2026-05-28 00:51:41,093] Trial 203 finished with value: 12.635943670453221 and parameters: {'ISTN': 73.16906293422561, 'I_gpe': 1.5455621918218292, 'I_gpi': 2.8140684325186784, 'noise_stn_sigma': 6.110682702801822, 'noise_gpe_sigma': 95.98825749550936, 'noise_gpi_sigma': 42.3723381879675, 'g_stn_gpe_mult': 2.8381698425830466, 'g_gpe_stn_mult': 0.31389221665868844, 'g_stn_gpi_mult': 2.47972858980908, 'g_gpe_gpi_mult': 1.127735275543986}. Best is trial 119 with value: 0.2337670588460598.
[I 2026-05-28 00:51:42,103] Trial 204 finished with value: 8.98731873633745 and parameters: {'ISTN': 60.675674384066845, 'I_gpe': 2.0629235064238367, 'I_gpi': 2.749083949002873, 'noise_stn_sigma': 5.767660243900311, 'noise_gpe_sigma': 78.2435919773745, 'noise_gpi_sigma': 63.9614152791281, 'g_stn_gpe_mult': 2.3923994428878723, 'g_gpe_stn_mult': 0.47115852930463076, 'g_stn_gpi_mult': 3.054381735711382, 'g_gpe_gpi_mult': 1.0228179358351088}. Best is trial 119 with value: 0.2337670588460598.
[I 2026-05-28 00:51:43,112] Trial 205 finished with value: 7.325357537848346 and parameters: {'ISTN': 68.8960100866653, 'I_gpe': 0.9088622590825292, 'I_gpi': 2.0728212034179347, 'noise_stn_sigma': 6.831415797858333, 'noise_gpe_sigma': 94.79080170948977, 'noise_gpi_sigma': 56.6731412665576, 'g_stn_gpe_mult': 3.127211712303155, 'g_gpe_stn_mult': 0.21487294710780352, 'g_stn_gpi_mult': 2.7772350812014293, 'g_gpe_gpi_mult': 1.1569686453515966}. Best is trial 119 with value: 0.2337670588460598.
[I 2026-05-28 00:51:44,121] Trial 206 finished with value: 1.1797408670579659 and parameters: {'ISTN': 68.62157694098522, 'I_gpe': 0.9433671434238091, 'I_gpi': 2.9017381958082873, 'noise_stn_sigma': 5.456490815763177, 'noise_gpe_sigma': 87.21072162451301, 'noise_gpi_sigma': 25.501060552055712, 'g_stn_gpe_mult': 1.8005325680432651, 'g_gpe_stn_mult': 0.35585136040300613, 'g_stn_gpi_mult': 2.068677491868392, 'g_gpe_gpi_mult': 0.9811597001227201}. Best is trial 119 with value: 0.2337670588460598.
[I 2026-05-28 00:51:45,130] Trial 207 finished with value: 1.0338840516265895 and parameters: {'ISTN': 76.85080472710864, 'I_gpe': 0.8488075738308334, 'I_gpi': 1.4328569778792675, 'noise_stn_sigma': 5.561534272134222, 'noise_gpe_sigma': 81.90574117513225, 'noise_gpi_sigma': 61.629639683300276, 'g_stn_gpe_mult': 1.9699529324350102, 'g_gpe_stn_mult': 0.20202245202963093, 'g_stn_gpi_mult': 2.660258106585571, 'g_gpe_gpi_mult': 1.0775235194553905}. Best is trial 119 with value: 0.2337670588460598.
[I 2026-05-28 00:51:46,141] Trial 208 finished with value: 2.592845270651763 and parameters: {'ISTN': 79.7175327143294, 'I_gpe': 0.8051347021726513, 'I_gpi': 2.880546331642672, 'noise_stn_sigma': 7.0067881063666935, 'noise_gpe_sigma': 81.29140225534489, 'noise_gpi_sigma': 63.194783784578014, 'g_stn_gpe_mult': 2.283806337715579, 'g_gpe_stn_mult': 0.1722241816729836, 'g_stn_gpi_mult': 2.748729376736933, 'g_gpe_gpi_mult': 1.0215875515712738}. Best is trial 119 with value: 0.2337670588460598.
[I 2026-05-28 00:51:47,151] Trial 209 finished with value: 7.6513619463655855 and parameters: {'ISTN': 72.6392718405013, 'I_gpe': 1.3459313294932007, 'I_gpi': 1.7934663151586905, 'noise_stn_sigma': 6.741490071086862, 'noise_gpe_sigma': 75.82094837194825, 'noise_gpi_sigma': 46.21321820166034, 'g_stn_gpe_mult': 2.362738130404372, 'g_gpe_stn_mult': 0.3408871359016663, 'g_stn_gpi_mult': 2.472872932719138, 'g_gpe_gpi_mult': 1.0702100408227229}. Best is trial 119 with value: 0.2337670588460598.
[I 2026-05-28 00:51:48,161] Trial 210 finished with value: 14.485945881791212 and parameters: {'ISTN': 83.73592646238679, 'I_gpe': 1.0320750479639011, 'I_gpi': 1.7407104681962193, 'noise_stn_sigma': 4.356419659656922, 'noise_gpe_sigma': 60.69918558397411, 'noise_gpi_sigma': 49.88000568001942, 'g_stn_gpe_mult': 1.986094700307619, 'g_gpe_stn_mult': 0.47549467495026054, 'g_stn_gpi_mult': 2.403865379152968, 'g_gpe_gpi_mult': 1.0945205502123585}. Best is trial 119 with value: 0.2337670588460598.
[I 2026-05-28 00:51:49,173] Trial 211 finished with value: 10.595990722143052 and parameters: {'ISTN': 76.34854447206294, 'I_gpe': 0.9028519109883488, 'I_gpi': 1.7912807342341057, 'noise_stn_sigma': 6.7518975472765455, 'noise_gpe_sigma': 89.51030268150441, 'noise_gpi_sigma': 61.412033095768976, 'g_stn_gpe_mult': 2.8089562016811773, 'g_gpe_stn_mult': 0.32040617893522194, 'g_stn_gpi_mult': 3.163283279974979, 'g_gpe_gpi_mult': 0.9842349062755822}. Best is trial 119 with value: 0.2337670588460598.
[I 2026-05-28 00:51:50,185] Trial 212 finished with value: 7.423766041394314 and parameters: {'ISTN': 73.17562248956601, 'I_gpe': 1.0553956215345068, 'I_gpi': 1.9124173299947866, 'noise_stn_sigma': 5.104914736433559, 'noise_gpe_sigma': 97.18876457708554, 'noise_gpi_sigma': 80.2843982558721, 'g_stn_gpe_mult': 2.832649766617325, 'g_gpe_stn_mult': 0.142836885821354, 'g_stn_gpi_mult': 2.651194023784798, 'g_gpe_gpi_mult': 1.0540938005866405}. Best is trial 119 with value: 0.2337670588460598.
[I 2026-05-28 00:51:51,196] Trial 213 finished with value: 10.373251334942019 and parameters: {'ISTN': 64.86527769153946, 'I_gpe': 1.3402507598734212, 'I_gpi': 2.546967319416911, 'noise_stn_sigma': 5.734527608243651, 'noise_gpe_sigma': 72.33975724333465, 'noise_gpi_sigma': 76.31214141994705, 'g_stn_gpe_mult': 1.9888061696893204, 'g_gpe_stn_mult': 0.321942620138826, 'g_stn_gpi_mult': 2.67747733526586, 'g_gpe_gpi_mult': 1.0703543445452712}. Best is trial 119 with value: 0.2337670588460598.
[I 2026-05-28 00:51:52,203] Trial 214 finished with value: 13.361671617890002 and parameters: {'ISTN': 77.21945570827282, 'I_gpe': 1.059061232204678, 'I_gpi': 1.5963279368172496, 'noise_stn_sigma': 4.154262727291888, 'noise_gpe_sigma': 72.08780343281445, 'noise_gpi_sigma': 75.50807574134492, 'g_stn_gpe_mult': 3.6983569341591527, 'g_gpe_stn_mult': 0.22995174650291447, 'g_stn_gpi_mult': 2.153953179945651, 'g_gpe_gpi_mult': 1.0125326879552103}. Best is trial 119 with value: 0.2337670588460598.
[I 2026-05-28 00:51:53,212] Trial 215 finished with value: 6.572611718386953 and parameters: {'ISTN': 88.31127537325321, 'I_gpe': 0.6186920862535414, 'I_gpi': 2.303072883500509, 'noise_stn_sigma': 7.243984453760499, 'noise_gpe_sigma': 97.91055906932233, 'noise_gpi_sigma': 52.01077511935608, 'g_stn_gpe_mult': 1.855472453549546, 'g_gpe_stn_mult': 0.17776895075092264, 'g_stn_gpi_mult': 2.5732121700116606, 'g_gpe_gpi_mult': 1.0866673294538185}. Best is trial 119 with value: 0.2337670588460598.
[I 2026-05-28 00:51:54,221] Trial 216 finished with value: 7.490993850051141 and parameters: {'ISTN': 77.98401716004415, 'I_gpe': 0.5787527148895987, 'I_gpi': 1.9891988830290672, 'noise_stn_sigma': 6.979741944696537, 'noise_gpe_sigma': 83.56124150806579, 'noise_gpi_sigma': 76.96188117307653, 'g_stn_gpe_mult': 2.540495193951672, 'g_gpe_stn_mult': 0.2995697580753235, 'g_stn_gpi_mult': 2.695872496615869, 'g_gpe_gpi_mult': 1.0228083547189009}. Best is trial 119 with value: 0.2337670588460598.
[I 2026-05-28 00:51:55,231] Trial 217 finished with value: 0.646753589614731 and parameters: {'ISTN': 61.5784946813704, 'I_gpe': 1.1522002563218918, 'I_gpi': 2.9175107686245845, 'noise_stn_sigma': 4.4194999941776825, 'noise_gpe_sigma': 76.06473091665401, 'noise_gpi_sigma': 66.68329885438823, 'g_stn_gpe_mult': 2.035285710498946, 'g_gpe_stn_mult': 0.13933762730846114, 'g_stn_gpi_mult': 2.670007698549334, 'g_gpe_gpi_mult': 1.1174957375778565}. Best is trial 119 with value: 0.2337670588460598.
[I 2026-05-28 00:51:56,241] Trial 218 finished with value: 10.287746243761891 and parameters: {'ISTN': 65.64093392006255, 'I_gpe': 1.3116899148209067, 'I_gpi': 1.8285327011797508, 'noise_stn_sigma': 5.683631502252027, 'noise_gpe_sigma': 88.29775870989288, 'noise_gpi_sigma': 46.847786412518985, 'g_stn_gpe_mult': 2.532087253978998, 'g_gpe_stn_mult': 0.20138737157272146, 'g_stn_gpi_mult': 2.8458665129802316, 'g_gpe_gpi_mult': 1.103938595314983}. Best is trial 119 with value: 0.2337670588460598.
[I 2026-05-28 00:51:57,253] Trial 219 finished with value: 9.930057923765272 and parameters: {'ISTN': 78.19488255033386, 'I_gpe': 1.1725419157400427, 'I_gpi': 2.1710617419827742, 'noise_stn_sigma': 6.030490547251215, 'noise_gpe_sigma': 84.40394083571326, 'noise_gpi_sigma': 49.22743028704875, 'g_stn_gpe_mult': 3.0398160815028987, 'g_gpe_stn_mult': 0.20555081901393876, 'g_stn_gpi_mult': 2.675862403970741, 'g_gpe_gpi_mult': 1.0760742024484407}. Best is trial 119 with value: 0.2337670588460598.
