[I 2026-05-28 01:08:14,048] Trial 176 finished with value: 10.60924063683628 and parameters: {'ISTN': 98.22704037324075, 'I_gpe': 0.9317531601555457, 'I_gpi': 2.549965105135439, 'noise_stn_sigma': 3.699660833686898, 'noise_gpe_sigma': 113.79551541052075, 'noise_gpi_sigma': 120.93355770373623, 'g_stn_gpe_mult': 4.246672609320569, 'g_gpe_stn_mult': 1.2179537523523354, 'g_stn_gpi_mult': 2.60639672850406, 'g_gpe_gpi_mult': 1.5463750426453948}. Best is trial 166 with value: 0.1435060865093464.
[I 2026-05-28 01:08:15,056] Trial 177 finished with value: 7.506190025740005 and parameters: {'ISTN': 88.92541547800684, 'I_gpe': 0.6339843749643692, 'I_gpi': 2.5968121363189134, 'noise_stn_sigma': 4.201916585895541, 'noise_gpe_sigma': 99.91396844352425, 'noise_gpi_sigma': 124.00699675727009, 'g_stn_gpe_mult': 3.5195765765754965, 'g_gpe_stn_mult': 1.1109195277965145, 'g_stn_gpi_mult': 2.8586207619138118, 'g_gpe_gpi_mult': 1.6681537595377993}. Best is trial 166 with value: 0.1435060865093464.
[I 2026-05-28 01:08:16,063] Trial 178 finished with value: 3.4518789371380456 and parameters: {'ISTN': 92.8186054374198, 'I_gpe': 1.0202923568723647, 'I_gpi': 2.8802814646931894, 'noise_stn_sigma': 2.869006102413177, 'noise_gpe_sigma': 105.58717319247341, 'noise_gpi_sigma': 119.61059942884232, 'g_stn_gpe_mult': 3.611090689345841, 'g_gpe_stn_mult': 1.4698844572567493, 'g_stn_gpi_mult': 2.291902355173296, 'g_gpe_gpi_mult': 1.6836470441886502}. Best is trial 166 with value: 0.1435060865093464.
[I 2026-05-28 01:08:17,072] Trial 179 finished with value: 10.047360265375817 and parameters: {'ISTN': 103.81421413931116, 'I_gpe': 1.0758676649357035, 'I_gpi': 2.3231107888343683, 'noise_stn_sigma': 4.261331049401802, 'noise_gpe_sigma': 94.34133403213629, 'noise_gpi_sigma': 111.16287611304122, 'g_stn_gpe_mult': 3.4878685864276133, 'g_gpe_stn_mult': 1.3509230192827943, 'g_stn_gpi_mult': 3.2156524326932985, 'g_gpe_gpi_mult': 1.9769669627313444}. Best is trial 166 with value: 0.1435060865093464.
[I 2026-05-28 01:08:18,078] Trial 180 finished with value: 10.006500368871112 and parameters: {'ISTN': 103.04818382678295, 'I_gpe': 1.3514488652138519, 'I_gpi': 2.65267620563664, 'noise_stn_sigma': 4.966267644124122, 'noise_gpe_sigma': 100.31223127662734, 'noise_gpi_sigma': 114.83307240257537, 'g_stn_gpe_mult': 4.53537977690783, 'g_gpe_stn_mult': 1.0727278823627062, 'g_stn_gpi_mult': 2.380516020316973, 'g_gpe_gpi_mult': 1.7570494689319658}. Best is trial 166 with value: 0.1435060865093464.
[I 2026-05-28 01:08:19,084] Trial 181 finished with value: 0.4020404168893229 and parameters: {'ISTN': 88.72880706932507, 'I_gpe': 0.6197553227111856, 'I_gpi': 2.4624181849206517, 'noise_stn_sigma': 3.557915490225843, 'noise_gpe_sigma': 97.17145747952657, 'noise_gpi_sigma': 105.05775874060824, 'g_stn_gpe_mult': 4.506914225504724, 'g_gpe_stn_mult': 1.4726797149148811, 'g_stn_gpi_mult': 2.5601871281911284, 'g_gpe_gpi_mult': 1.7458704086996109}. Best is trial 166 with value: 0.1435060865093464.
[I 2026-05-28 01:08:20,092] Trial 182 finished with value: 0.807456248468827 and parameters: {'ISTN': 87.5990594273, 'I_gpe': 0.7303392508453317, 'I_gpi': 3.167726448412216, 'noise_stn_sigma': 4.081214660483332, 'noise_gpe_sigma': 102.62855594644653, 'noise_gpi_sigma': 121.91189548608871, 'g_stn_gpe_mult': 4.005858078246929, 'g_gpe_stn_mult': 1.4330864999000898, 'g_stn_gpi_mult': 2.527660803807719, 'g_gpe_gpi_mult': 1.5660405056424946}. Best is trial 166 with value: 0.1435060865093464.
[I 2026-05-28 01:08:21,100] Trial 183 finished with value: 0.39389195466877086 and parameters: {'ISTN': 90.94845520866042, 'I_gpe': 0.6156944258210166, 'I_gpi': 2.848887476661731, 'noise_stn_sigma': 3.5737346062302953, 'noise_gpe_sigma': 107.51299297371023, 'noise_gpi_sigma': 128.60883185452354, 'g_stn_gpe_mult': 3.7862984956091363, 'g_gpe_stn_mult': 1.4748358268154753, 'g_stn_gpi_mult': 2.5540207334380827, 'g_gpe_gpi_mult': 1.6615362440780117}. Best is trial 166 with value: 0.1435060865093464.
[I 2026-05-28 01:08:22,103] Trial 184 finished with value: 110.28378244469114 and parameters: {'ISTN': 85.87671657845934, 'I_gpe': 1.0436333948107865, 'I_gpi': 2.823499161719286, 'noise_stn_sigma': 3.4006713852632506, 'noise_gpe_sigma': 111.9074636222431, 'noise_gpi_sigma': 141.58050776959203, 'g_stn_gpe_mult': 3.0906568664941307, 'g_gpe_stn_mult': 1.537926808842514, 'g_stn_gpi_mult': 2.242188888469731, 'g_gpe_gpi_mult': 1.478733852703951}. Best is trial 166 with value: 0.1435060865093464.
[I 2026-05-28 01:08:23,111] Trial 185 finished with value: 7.517084089183038 and parameters: {'ISTN': 95.14458424707158, 'I_gpe': 0.9164789354093268, 'I_gpi': 2.409475478871076, 'noise_stn_sigma': 3.9003621818244367, 'noise_gpe_sigma': 107.45745614296693, 'noise_gpi_sigma': 120.6069506051203, 'g_stn_gpe_mult': 4.168761394458922, 'g_gpe_stn_mult': 1.3096562012864135, 'g_stn_gpi_mult': 2.540112683444092, 'g_gpe_gpi_mult': 1.6651170852649944}. Best is trial 166 with value: 0.1435060865093464.
[I 2026-05-28 01:08:24,118] Trial 186 finished with value: 7.849408935188517 and parameters: {'ISTN': 92.99492652574023, 'I_gpe': 0.8573223551378134, 'I_gpi': 2.521745162414251, 'noise_stn_sigma': 4.163782706000441, 'noise_gpe_sigma': 101.52468871835737, 'noise_gpi_sigma': 105.49539433095812, 'g_stn_gpe_mult': 3.545765196453915, 'g_gpe_stn_mult': 1.249494210693289, 'g_stn_gpi_mult': 2.5896343240576023, 'g_gpe_gpi_mult': 1.6543626471668942}. Best is trial 166 with value: 0.1435060865093464.
[I 2026-05-28 01:08:25,125] Trial 187 finished with value: 6.722626357710708 and parameters: {'ISTN': 101.74310925154577, 'I_gpe': 0.931567208358193, 'I_gpi': 2.669746774434585, 'noise_stn_sigma': 3.6029219396930205, 'noise_gpe_sigma': 99.64807971217296, 'noise_gpi_sigma': 111.92562679468516, 'g_stn_gpe_mult': 4.550644694267738, 'g_gpe_stn_mult': 1.4285476189765116, 'g_stn_gpi_mult': 2.814796065387909, 'g_gpe_gpi_mult': 1.746223589816328}. Best is trial 166 with value: 0.1435060865093464.
[I 2026-05-28 01:08:26,128] Trial 188 finished with value: 1.071938794096683 and parameters: {'ISTN': 87.59156745854347, 'I_gpe': 1.0489680943708435, 'I_gpi': 3.2081988321155492, 'noise_stn_sigma': 4.120372973843894, 'noise_gpe_sigma': 101.31033069201861, 'noise_gpi_sigma': 124.25595735168953, 'g_stn_gpe_mult': 4.9385785797251005, 'g_gpe_stn_mult': 1.3034112494174561, 'g_stn_gpi_mult': 2.687471501477537, 'g_gpe_gpi_mult': 1.5078890030385796}. Best is trial 166 with value: 0.1435060865093464.
[I 2026-05-28 01:08:27,135] Trial 189 finished with value: 1.8587546699010569 and parameters: {'ISTN': 90.53577683494161, 'I_gpe': 0.5167808801852045, 'I_gpi': 2.5328966672447337, 'noise_stn_sigma': 4.510676730727111, 'noise_gpe_sigma': 90.53408802219207, 'noise_gpi_sigma': 112.39081593317978, 'g_stn_gpe_mult': 3.4442637638474403, 'g_gpe_stn_mult': 1.2418429707176337, 'g_stn_gpi_mult': 2.913881107215553, 'g_gpe_gpi_mult': 1.9101883194940246}. Best is trial 166 with value: 0.1435060865093464.
[I 2026-05-28 01:08:28,144] Trial 190 finished with value: 0.3020892387227516 and parameters: {'ISTN': 90.98335206560543, 'I_gpe': 0.5945743026584125, 'I_gpi': 2.7149284536833176, 'noise_stn_sigma': 3.7203063869621604, 'noise_gpe_sigma': 96.34631224018833, 'noise_gpi_sigma': 133.75188900560988, 'g_stn_gpe_mult': 4.1873080320995495, 'g_gpe_stn_mult': 1.4792626411232226, 'g_stn_gpi_mult': 2.4648354067604306, 'g_gpe_gpi_mult': 1.7069329229891856}. Best is trial 166 with value: 0.1435060865093464.
[I 2026-05-28 01:08:29,152] Trial 191 finished with value: 6.691253382037433 and parameters: {'ISTN': 99.0482005066592, 'I_gpe': 0.8048896388067769, 'I_gpi': 2.938398892320441, 'noise_stn_sigma': 3.1129118987194415, 'noise_gpe_sigma': 106.56502024956215, 'noise_gpi_sigma': 134.43249225555664, 'g_stn_gpe_mult': 4.033363451813878, 'g_gpe_stn_mult': 1.495065642876373, 'g_stn_gpi_mult': 2.6874419650830346, 'g_gpe_gpi_mult': 1.4483677105083423}. Best is trial 166 with value: 0.1435060865093464.
[I 2026-05-28 01:08:30,161] Trial 192 finished with value: 0.2590868921771641 and parameters: {'ISTN': 85.21494190172196, 'I_gpe': 0.6569055531731884, 'I_gpi': 1.8423135260122017, 'noise_stn_sigma': 4.120322648154632, 'noise_gpe_sigma': 97.55405510290078, 'noise_gpi_sigma': 118.90814923750068, 'g_stn_gpe_mult': 3.6855737684300713, 'g_gpe_stn_mult': 1.3721335355086923, 'g_stn_gpi_mult': 1.9844655299277494, 'g_gpe_gpi_mult': 1.6447851723913607}. Best is trial 166 with value: 0.1435060865093464.
[I 2026-05-28 01:08:31,169] Trial 193 finished with value: 0.3009560883439615 and parameters: {'ISTN': 86.39131516175657, 'I_gpe': 0.5990657866506853, 'I_gpi': 2.6699201628918026, 'noise_stn_sigma': 3.873869462608546, 'noise_gpe_sigma': 94.7073212801933, 'noise_gpi_sigma': 124.47141867964207, 'g_stn_gpe_mult': 3.957768406917255, 'g_gpe_stn_mult': 1.4303986463362348, 'g_stn_gpi_mult': 2.439865040828452, 'g_gpe_gpi_mult': 1.5672909790905865}. Best is trial 166 with value: 0.1435060865093464.
[I 2026-05-28 01:08:32,177] Trial 194 finished with value: 3.060975582353652 and parameters: {'ISTN': 95.72410819078709, 'I_gpe': 0.8428832753587744, 'I_gpi': 2.129085676120367, 'noise_stn_sigma': 3.3380780822836407, 'noise_gpe_sigma': 96.85609793031658, 'noise_gpi_sigma': 134.54976777411918, 'g_stn_gpe_mult': 4.441537132170302, 'g_gpe_stn_mult': 1.334955264882543, 'g_stn_gpi_mult': 1.815334377729077, 'g_gpe_gpi_mult': 1.8564459792178385}. Best is trial 166 with value: 0.1435060865093464.
[I 2026-05-28 01:08:33,182] Trial 195 finished with value: 1.8930310893288984 and parameters: {'ISTN': 86.43688170830025, 'I_gpe': 0.6860931366257375, 'I_gpi': 3.0228370806262572, 'noise_stn_sigma': 4.634029430798723, 'noise_gpe_sigma': 98.22283039034727, 'noise_gpi_sigma': 116.02524962691486, 'g_stn_gpe_mult': 4.344081468576954, 'g_gpe_stn_mult': 1.5118849847142244, 'g_stn_gpi_mult': 2.5798517067739932, 'g_gpe_gpi_mult': 1.5864858222541922}. Best is trial 166 with value: 0.1435060865093464.
[I 2026-05-28 01:08:34,188] Trial 196 finished with value: 0.31032808246952703 and parameters: {'ISTN': 99.29131395656886, 'I_gpe': 0.7225842132536223, 'I_gpi': 2.391572945740335, 'noise_stn_sigma': 3.891704196673335, 'noise_gpe_sigma': 97.67940565411854, 'noise_gpi_sigma': 141.54378907050577, 'g_stn_gpe_mult': 4.173963244508034, 'g_gpe_stn_mult': 1.5540824229313401, 'g_stn_gpi_mult': 2.407048725022332, 'g_gpe_gpi_mult': 1.7115199617994288}. Best is trial 166 with value: 0.1435060865093464.
[I 2026-05-28 01:08:35,195] Trial 197 finished with value: 5.5034606134460455 and parameters: {'ISTN': 88.28098079915823, 'I_gpe': 0.7829170326182735, 'I_gpi': 2.302446209416249, 'noise_stn_sigma': 2.6475586269578226, 'noise_gpe_sigma': 80.47874380701965, 'noise_gpi_sigma': 128.6275996129748, 'g_stn_gpe_mult': 3.518917557576028, 'g_gpe_stn_mult': 1.4149096476301264, 'g_stn_gpi_mult': 2.7060973614406625, 'g_gpe_gpi_mult': 1.787000267747967}. Best is trial 166 with value: 0.1435060865093464.
[I 2026-05-28 01:08:36,203] Trial 198 finished with value: 0.24058293977869918 and parameters: {'ISTN': 108.25327411070917, 'I_gpe': 0.8227671127254172, 'I_gpi': 2.418278130936015, 'noise_stn_sigma': 3.9493504148957603, 'noise_gpe_sigma': 87.25048012622447, 'noise_gpi_sigma': 116.41145727403475, 'g_stn_gpe_mult': 3.2337668245391082, 'g_gpe_stn_mult': 1.6416090600165434, 'g_stn_gpi_mult': 2.8636275281179357, 'g_gpe_gpi_mult': 1.6225879308835671}. Best is trial 166 with value: 0.1435060865093464.
[I 2026-05-28 01:08:37,210] Trial 199 finished with value: 3.991534350476607 and parameters: {'ISTN': 100.35006423704058, 'I_gpe': 0.9982789679795194, 'I_gpi': 3.037035415400559, 'noise_stn_sigma': 4.485151303018856, 'noise_gpe_sigma': 113.38950176497771, 'noise_gpi_sigma': 113.82543909712143, 'g_stn_gpe_mult': 3.8859213726095487, 'g_gpe_stn_mult': 1.4465108365813288, 'g_stn_gpi_mult': 2.700258554695306, 'g_gpe_gpi_mult': 1.777431418647793}. Best is trial 166 with value: 0.1435060865093464.
[I 2026-05-28 01:08:38,217] Trial 200 finished with value: 0.4807644253578963 and parameters: {'ISTN': 81.56465656350466, 'I_gpe': 0.6768887364142248, 'I_gpi': 2.9682362860653515, 'noise_stn_sigma': 3.3258368197446395, 'noise_gpe_sigma': 110.89998257029879, 'noise_gpi_sigma': 131.00377913036448, 'g_stn_gpe_mult': 4.165725282422588, 'g_gpe_stn_mult': 1.3219502462167576, 'g_stn_gpi_mult': 2.640984000228766, 'g_gpe_gpi_mult': 1.9286092458786175}. Best is trial 166 with value: 0.1435060865093464.
[I 2026-05-28 01:08:39,225] Trial 201 finished with value: 0.3562215944690801 and parameters: {'ISTN': 106.8701713894672, 'I_gpe': 0.7886394640818546, 'I_gpi': 2.5995438273112774, 'noise_stn_sigma': 4.150953711396684, 'noise_gpe_sigma': 85.9783896769671, 'noise_gpi_sigma': 127.33293138137068, 'g_stn_gpe_mult': 4.118873164922399, 'g_gpe_stn_mult': 1.6540778564477967, 'g_stn_gpi_mult': 2.782427347828522, 'g_gpe_gpi_mult': 1.511978773360922}. Best is trial 166 with value: 0.1435060865093464.
[I 2026-05-28 01:08:40,231] Trial 202 finished with value: 0.532688122799149 and parameters: {'ISTN': 99.94886955985301, 'I_gpe': 0.7119826081927845, 'I_gpi': 2.4139672239762007, 'noise_stn_sigma': 3.2007486945960517, 'noise_gpe_sigma': 88.70000318590796, 'noise_gpi_sigma': 124.42283879584028, 'g_stn_gpe_mult': 3.6354681666988187, 'g_gpe_stn_mult': 1.4424256160106856, 'g_stn_gpi_mult': 2.5498085171554017, 'g_gpe_gpi_mult': 1.581448895661677}. Best is trial 166 with value: 0.1435060865093464.
[I 2026-05-28 01:08:41,235] Trial 203 finished with value: 1.0808331827122217 and parameters: {'ISTN': 97.58103344927451, 'I_gpe': 0.6682102292872907, 'I_gpi': 2.5102696510000198, 'noise_stn_sigma': 4.0156373626829, 'noise_gpe_sigma': 91.5963620406589, 'noise_gpi_sigma': 123.67401783876443, 'g_stn_gpe_mult': 3.433908493179651, 'g_gpe_stn_mult': 1.3844129279658806, 'g_stn_gpi_mult': 2.294762251355686, 'g_gpe_gpi_mult': 1.8438661135452012}. Best is trial 166 with value: 0.1435060865093464.
[I 2026-05-28 01:08:42,240] Trial 204 finished with value: 9.465414364237098 and parameters: {'ISTN': 96.5267926749555, 'I_gpe': 0.7031980522137671, 'I_gpi': 2.628383399206742, 'noise_stn_sigma': 3.628918194191584, 'noise_gpe_sigma': 96.15632208542908, 'noise_gpi_sigma': 106.54141173917255, 'g_stn_gpe_mult': 3.1979296915547577, 'g_gpe_stn_mult': 1.7495613403983241, 'g_stn_gpi_mult': 2.5763687960191586, 'g_gpe_gpi_mult': 1.6419319271483364}. Best is trial 166 with value: 0.1435060865093464.
[I 2026-05-28 01:08:43,247] Trial 205 finished with value: 5.087998259749719 and parameters: {'ISTN': 98.11904066477308, 'I_gpe': 1.3849675825500016, 'I_gpi': 2.0468071106169754, 'noise_stn_sigma': 4.652304067692215, 'noise_gpe_sigma': 85.57838464858284, 'noise_gpi_sigma': 135.30762568410054, 'g_stn_gpe_mult': 4.044309846750118, 'g_gpe_stn_mult': 1.3396974742192045, 'g_stn_gpi_mult': 3.1806603394782806, 'g_gpe_gpi_mult': 1.8923435007694993}. Best is trial 166 with value: 0.1435060865093464.
[I 2026-05-28 01:08:44,253] Trial 206 finished with value: 8.3832297120848 and parameters: {'ISTN': 92.74988871235445, 'I_gpe': 0.6482699314372078, 'I_gpi': 1.86999966797767, 'noise_stn_sigma': 3.6441238756295435, 'noise_gpe_sigma': 94.48059008756283, 'noise_gpi_sigma': 117.5430424582904, 'g_stn_gpe_mult': 3.636397683670194, 'g_gpe_stn_mult': 1.7149471998718517, 'g_stn_gpi_mult': 2.5900085956082806, 'g_gpe_gpi_mult': 1.9965369431328508}. Best is trial 166 with value: 0.1435060865093464.
[I 2026-05-28 01:08:45,259] Trial 207 finished with value: 0.21829914103054185 and parameters: {'ISTN': 100.61457787195707, 'I_gpe': 0.7593217086806463, 'I_gpi': 2.6391594682889448, 'noise_stn_sigma': 3.249785630838244, 'noise_gpe_sigma': 93.901259754494, 'noise_gpi_sigma': 137.71812419517696, 'g_stn_gpe_mult': 3.488355358880432, 'g_gpe_stn_mult': 1.5181095020440578, 'g_stn_gpi_mult': 2.420225318741227, 'g_gpe_gpi_mult': 1.635819295399368}. Best is trial 166 with value: 0.1435060865093464.
[I 2026-05-28 01:08:46,267] Trial 208 finished with value: 1.9487514344270989 and parameters: {'ISTN': 93.34276389629906, 'I_gpe': 0.6964631144572286, 'I_gpi': 1.9576928600201535, 'noise_stn_sigma': 3.1684660756686602, 'noise_gpe_sigma': 81.48697902768353, 'noise_gpi_sigma': 134.57314909112802, 'g_stn_gpe_mult': 3.304259386660083, 'g_gpe_stn_mult': 1.5475769421778678, 'g_stn_gpi_mult': 3.0453632073115324, 'g_gpe_gpi_mult': 1.5500280481174082}. Best is trial 166 with value: 0.1435060865093464.
[I 2026-05-28 01:08:47,272] Trial 209 finished with value: 5.289655431455316 and parameters: {'ISTN': 84.04107932936934, 'I_gpe': 0.8739147486096004, 'I_gpi': 2.287084697417311, 'noise_stn_sigma': 4.30285906845497, 'noise_gpe_sigma': 103.12306111238671, 'noise_gpi_sigma': 117.9377574000682, 'g_stn_gpe_mult': 4.116293472912207, 'g_gpe_stn_mult': 1.270357330992281, 'g_stn_gpi_mult': 2.710068214269045, 'g_gpe_gpi_mult': 1.7306319363799245}. Best is trial 166 with value: 0.1435060865093464.
[I 2026-05-28 01:08:48,280] Trial 210 finished with value: 0.2202306749568912 and parameters: {'ISTN': 89.31602408980069, 'I_gpe': 0.551811808566393, 'I_gpi': 2.2909944860333313, 'noise_stn_sigma': 3.705094890575089, 'noise_gpe_sigma': 95.78854314929538, 'noise_gpi_sigma': 130.1872521121471, 'g_stn_gpe_mult': 3.728087334253358, 'g_gpe_stn_mult': 1.4740031103917925, 'g_stn_gpi_mult': 1.993432900589676, 'g_gpe_gpi_mult': 1.4045134785738476}. Best is trial 166 with value: 0.1435060865093464.
[I 2026-05-28 01:08:49,288] Trial 211 finished with value: 2.3685693146966766 and parameters: {'ISTN': 94.0796403549058, 'I_gpe': 0.5149646839136655, 'I_gpi': 2.874056029818786, 'noise_stn_sigma': 3.352999093469891, 'noise_gpe_sigma': 89.53052215087737, 'noise_gpi_sigma': 132.37576562796025, 'g_stn_gpe_mult': 3.4813412410456324, 'g_gpe_stn_mult': 1.2915114200220261, 'g_stn_gpi_mult': 2.2897020255629292, 'g_gpe_gpi_mult': 1.5513523813471244}. Best is trial 166 with value: 0.1435060865093464.
[I 2026-05-28 01:08:50,292] Trial 212 finished with value: 2.8953431934875526 and parameters: {'ISTN': 84.92704268042694, 'I_gpe': 0.8189836449983515, 'I_gpi': 3.018846805626464, 'noise_stn_sigma': 3.684238554424545, 'noise_gpe_sigma': 92.86817422913855, 'noise_gpi_sigma': 137.63212073976797, 'g_stn_gpe_mult': 4.000468895199053, 'g_gpe_stn_mult': 1.4624596656963837, 'g_stn_gpi_mult': 2.8353481218348238, 'g_gpe_gpi_mult': 1.667219586002257}. Best is trial 166 with value: 0.1435060865093464.
[I 2026-05-28 01:08:51,300] Trial 213 finished with value: 6.987148405166439 and parameters: {'ISTN': 98.58757783896439, 'I_gpe': 0.977800816849447, 'I_gpi': 2.826664617017048, 'noise_stn_sigma': 3.5976349478063354, 'noise_gpe_sigma': 108.3768026928391, 'noise_gpi_sigma': 125.74692040212169, 'g_stn_gpe_mult': 3.6165078984023467, 'g_gpe_stn_mult': 1.5075288452546245, 'g_stn_gpi_mult': 2.527975016046126, 'g_gpe_gpi_mult': 1.5041302531143224}. Best is trial 166 with value: 0.1435060865093464.
[I 2026-05-28 01:08:52,303] Trial 214 finished with value: 6.5417831764734675 and parameters: {'ISTN': 96.50779760792474, 'I_gpe': 1.0964597898771449, 'I_gpi': 2.6096306119648496, 'noise_stn_sigma': 3.3554007913750614, 'noise_gpe_sigma': 82.39617701425828, 'noise_gpi_sigma': 141.5202969773742, 'g_stn_gpe_mult': 3.7768686439803263, 'g_gpe_stn_mult': 1.6053543844478448, 'g_stn_gpi_mult': 2.6126483812071295, 'g_gpe_gpi_mult': 1.5315202233296605}. Best is trial 166 with value: 0.1435060865093464.
[I 2026-05-28 01:08:53,309] Trial 215 finished with value: 0.35802047622865996 and parameters: {'ISTN': 101.60736396252481, 'I_gpe': 0.91357175442133, 'I_gpi': 2.8482704799250937, 'noise_stn_sigma': 3.794552433313299, 'noise_gpe_sigma': 98.21661295051908, 'noise_gpi_sigma': 130.3119631771379, 'g_stn_gpe_mult': 3.025936664247334, 'g_gpe_stn_mult': 1.5120089953326263, 'g_stn_gpi_mult': 2.4424019718389602, 'g_gpe_gpi_mult': 1.6586529016918061}. Best is trial 166 with value: 0.1435060865093464.
[I 2026-05-28 01:08:54,316] Trial 216 finished with value: 3.3443123506286834 and parameters: {'ISTN': 91.15348593297766, 'I_gpe': 0.7924293738158894, 'I_gpi': 2.935789816593339, 'noise_stn_sigma': 3.619802544356542, 'noise_gpe_sigma': 87.0332288247929, 'noise_gpi_sigma': 125.42040298646792, 'g_stn_gpe_mult': 3.492415467184825, 'g_gpe_stn_mult': 1.5346702427084198, 'g_stn_gpi_mult': 2.536806928737657, 'g_gpe_gpi_mult': 1.5437633786583587}. Best is trial 166 with value: 0.1435060865093464.
[I 2026-05-28 01:08:55,323] Trial 217 finished with value: 0.31500321468218817 and parameters: {'ISTN': 83.98190535713441, 'I_gpe': 0.6008739146234853, 'I_gpi': 2.8467418380112828, 'noise_stn_sigma': 2.6796469283311692, 'noise_gpe_sigma': 101.76819587022908, 'noise_gpi_sigma': 131.4674798375899, 'g_stn_gpe_mult': 3.7075173814102493, 'g_gpe_stn_mult': 1.3312385548002965, 'g_stn_gpi_mult': 2.29472784886553, 'g_gpe_gpi_mult': 1.51371526672096}. Best is trial 166 with value: 0.1435060865093464.
[I 2026-05-28 01:08:56,330] Trial 218 finished with value: 0.3025542220528168 and parameters: {'ISTN': 92.27194368516558, 'I_gpe': 0.5534846574771954, 'I_gpi': 2.56016504998993, 'noise_stn_sigma': 3.5309720801462543, 'noise_gpe_sigma': 93.97581435290834, 'noise_gpi_sigma': 145.88376491495126, 'g_stn_gpe_mult': 3.931261377626533, 'g_gpe_stn_mult': 1.4578598744042868, 'g_stn_gpi_mult': 2.2134886012217994, 'g_gpe_gpi_mult': 1.633697565064748}. Best is trial 166 with value: 0.1435060865093464.
[I 2026-05-28 01:08:57,336] Trial 219 finished with value: 3.6986811311233208 and parameters: {'ISTN': 93.01241286901545, 'I_gpe': 0.6251024362607784, 'I_gpi': 2.404015645437993, 'noise_stn_sigma': 3.0100878186487185, 'noise_gpe_sigma': 92.37666621172838, 'noise_gpi_sigma': 125.2149751443041, 'g_stn_gpe_mult': 3.1752104723130086, 'g_gpe_stn_mult': 1.665285440842289, 'g_stn_gpi_mult': 2.4330334902618214, 'g_gpe_gpi_mult': 1.4655030711167265}. Best is trial 166 with value: 0.1435060865093464.
