[I 2026-05-28 00:57:08,997] Trial 528 finished with value: 1.2053631507190858 and parameters: {'ISTN': 78.96877299396542, 'I_gpe': 0.9509636261411089, 'I_gpi': 2.2523328807498517, 'noise_stn_sigma': 6.366346930739255, 'noise_gpe_sigma': 82.3351197901111, 'noise_gpi_sigma': 84.23589003769067, 'g_stn_gpe_mult': 1.7490319626268318, 'g_gpe_stn_mult': 0.18653657527312653, 'g_stn_gpi_mult': 2.383036387356875, 'g_gpe_gpi_mult': 0.9421438401282878}. Best is trial 119 with value: 0.2337670588460598.
[I 2026-05-28 00:57:10,007] Trial 529 finished with value: 5.919972410983928 and parameters: {'ISTN': 79.31664310675481, 'I_gpe': 0.8340189513054039, 'I_gpi': 2.0195312182683107, 'noise_stn_sigma': 6.171879144398136, 'noise_gpe_sigma': 82.70683978416336, 'noise_gpi_sigma': 88.31792507587737, 'g_stn_gpe_mult': 1.9488806904271314, 'g_gpe_stn_mult': 0.20948415286615113, 'g_stn_gpi_mult': 2.180743036680973, 'g_gpe_gpi_mult': 1.03045139431337}. Best is trial 119 with value: 0.2337670588460598.
[I 2026-05-28 00:57:11,015] Trial 530 finished with value: 5.486457327809061 and parameters: {'ISTN': 75.20176385565809, 'I_gpe': 0.9100896110698956, 'I_gpi': 2.1641411942697304, 'noise_stn_sigma': 6.265513259704801, 'noise_gpe_sigma': 81.15026703952398, 'noise_gpi_sigma': 80.27187404924815, 'g_stn_gpe_mult': 1.7047267048576844, 'g_gpe_stn_mult': 0.1918067734004203, 'g_stn_gpi_mult': 2.5722909970648455, 'g_gpe_gpi_mult': 0.951383479871023}. Best is trial 119 with value: 0.2337670588460598.
[I 2026-05-28 00:57:12,029] Trial 531 finished with value: 6.021319128097144 and parameters: {'ISTN': 78.11845811434529, 'I_gpe': 1.022096602568444, 'I_gpi': 2.1178382251037773, 'noise_stn_sigma': 6.305298447022198, 'noise_gpe_sigma': 85.01525748299774, 'noise_gpi_sigma': 80.07106628642109, 'g_stn_gpe_mult': 1.7957022260068967, 'g_gpe_stn_mult': 0.18020362937556167, 'g_stn_gpi_mult': 2.369390005383184, 'g_gpe_gpi_mult': 0.9187969349126914}. Best is trial 119 with value: 0.2337670588460598.
[I 2026-05-28 00:57:13,040] Trial 532 finished with value: 8.05463470921798 and parameters: {'ISTN': 80.40875375229882, 'I_gpe': 0.79560483607542, 'I_gpi': 1.9877344314842795, 'noise_stn_sigma': 5.994496784430108, 'noise_gpe_sigma': 89.09611988432607, 'noise_gpi_sigma': 89.37019037562818, 'g_stn_gpe_mult': 1.8124437724120344, 'g_gpe_stn_mult': 0.18761479708733075, 'g_stn_gpi_mult': 2.5533733548763964, 'g_gpe_gpi_mult': 0.9537110393575277}. Best is trial 119 with value: 0.2337670588460598.
[I 2026-05-28 00:57:14,050] Trial 533 finished with value: 2.6562869346508338 and parameters: {'ISTN': 77.93630902772053, 'I_gpe': 0.9504681550302476, 'I_gpi': 2.2818437814924293, 'noise_stn_sigma': 5.864808983603044, 'noise_gpe_sigma': 93.36968323441444, 'noise_gpi_sigma': 84.60635804518877, 'g_stn_gpe_mult': 1.7695902031050839, 'g_gpe_stn_mult': 0.21628731492630918, 'g_stn_gpi_mult': 2.4201253480198903, 'g_gpe_gpi_mult': 0.9086747424692434}. Best is trial 119 with value: 0.2337670588460598.
[I 2026-05-28 00:57:15,064] Trial 534 finished with value: 6.042404753883259 and parameters: {'ISTN': 83.55171354653967, 'I_gpe': 0.9009850473051243, 'I_gpi': 2.453394512262544, 'noise_stn_sigma': 6.3153507092087775, 'noise_gpe_sigma': 97.21154287111281, 'noise_gpi_sigma': 85.69965894842873, 'g_stn_gpe_mult': 1.765046784081922, 'g_gpe_stn_mult': 0.20866250254021879, 'g_stn_gpi_mult': 2.423076408053138, 'g_gpe_gpi_mult': 0.9230074039185505}. Best is trial 119 with value: 0.2337670588460598.
[I 2026-05-28 00:57:16,072] Trial 535 finished with value: 1.9661495505731779 and parameters: {'ISTN': 76.35052717348802, 'I_gpe': 0.8673303631409162, 'I_gpi': 2.2182798366953778, 'noise_stn_sigma': 5.957745631108352, 'noise_gpe_sigma': 95.927812101081, 'noise_gpi_sigma': 81.30190994144854, 'g_stn_gpe_mult': 1.9376073069271105, 'g_gpe_stn_mult': 0.2313119043441666, 'g_stn_gpi_mult': 2.328009285918335, 'g_gpe_gpi_mult': 0.9269932971514601}. Best is trial 119 with value: 0.2337670588460598.
[I 2026-05-28 00:57:17,081] Trial 536 finished with value: 5.201548453913108 and parameters: {'ISTN': 81.47296959569813, 'I_gpe': 0.9049498632492259, 'I_gpi': 2.57661152086685, 'noise_stn_sigma': 6.181888787687183, 'noise_gpe_sigma': 91.40787197231168, 'noise_gpi_sigma': 79.27885779263008, 'g_stn_gpe_mult': 1.6770399073542284, 'g_gpe_stn_mult': 0.20426226670738645, 'g_stn_gpi_mult': 2.5984508817814147, 'g_gpe_gpi_mult': 0.8981157855241182}. Best is trial 119 with value: 0.2337670588460598.
[I 2026-05-28 00:57:18,090] Trial 537 finished with value: 0.968024243255633 and parameters: {'ISTN': 75.61668322286884, 'I_gpe': 0.9295229387815922, 'I_gpi': 2.1750750883796064, 'noise_stn_sigma': 6.5871307251770626, 'noise_gpe_sigma': 76.2742414705452, 'noise_gpi_sigma': 88.11565771159448, 'g_stn_gpe_mult': 1.7952211641470308, 'g_gpe_stn_mult': 0.19554933603426783, 'g_stn_gpi_mult': 2.5856206752985935, 'g_gpe_gpi_mult': 0.9383102650179411}. Best is trial 119 with value: 0.2337670588460598.
[I 2026-05-28 00:57:19,103] Trial 538 finished with value: 4.166201516066458 and parameters: {'ISTN': 81.58068560605598, 'I_gpe': 0.9273060775028279, 'I_gpi': 2.3058624848170473, 'noise_stn_sigma': 6.33790201788229, 'noise_gpe_sigma': 86.94117719157306, 'noise_gpi_sigma': 78.88049194786888, 'g_stn_gpe_mult': 1.727248611617263, 'g_gpe_stn_mult': 0.23516417613624083, 'g_stn_gpi_mult': 2.485503180984376, 'g_gpe_gpi_mult': 0.94173634635766}. Best is trial 119 with value: 0.2337670588460598.
[I 2026-05-28 00:57:20,113] Trial 539 finished with value: 1.0532640259898074 and parameters: {'ISTN': 79.3690605072889, 'I_gpe': 0.8165699632015296, 'I_gpi': 2.0078434720068428, 'noise_stn_sigma': 6.195149329921169, 'noise_gpe_sigma': 93.87025058468755, 'noise_gpi_sigma': 79.4902666945107, 'g_stn_gpe_mult': 1.7741102324229892, 'g_gpe_stn_mult': 0.15961283783571456, 'g_stn_gpi_mult': 2.336266752584315, 'g_gpe_gpi_mult': 0.96942489749858}. Best is trial 119 with value: 0.2337670588460598.
[I 2026-05-28 00:57:21,123] Trial 540 finished with value: 12.736582252403409 and parameters: {'ISTN': 72.7741597691605, 'I_gpe': 1.0211279213940008, 'I_gpi': 2.247179221085861, 'noise_stn_sigma': 6.187958164579981, 'noise_gpe_sigma': 90.11764907644982, 'noise_gpi_sigma': 85.87533563141615, 'g_stn_gpe_mult': 2.114179748021831, 'g_gpe_stn_mult': 0.1970570700165843, 'g_stn_gpi_mult': 2.568637855120093, 'g_gpe_gpi_mult': 0.9394159477242923}. Best is trial 119 with value: 0.2337670588460598.
[I 2026-05-28 00:57:22,133] Trial 541 finished with value: 9.701269343185357 and parameters: {'ISTN': 74.80829557223174, 'I_gpe': 0.9155651828429308, 'I_gpi': 1.6587812795339838, 'noise_stn_sigma': 6.032693828720376, 'noise_gpe_sigma': 86.3732424243504, 'noise_gpi_sigma': 85.74720314698402, 'g_stn_gpe_mult': 2.122315346161682, 'g_gpe_stn_mult': 0.17119685010182253, 'g_stn_gpi_mult': 2.3998622858666874, 'g_gpe_gpi_mult': 0.9420473435990271}. Best is trial 119 with value: 0.2337670588460598.
[I 2026-05-28 00:57:23,143] Trial 542 finished with value: 3.6690476981949187 and parameters: {'ISTN': 77.63203179411713, 'I_gpe': 0.7864452297314053, 'I_gpi': 2.0330283776485327, 'noise_stn_sigma': 6.354539192415754, 'noise_gpe_sigma': 84.79567633737321, 'noise_gpi_sigma': 86.94110168763082, 'g_stn_gpe_mult': 1.840069685976955, 'g_gpe_stn_mult': 0.20561846816116564, 'g_stn_gpi_mult': 2.3401835529361006, 'g_gpe_gpi_mult': 0.9658270796248694}. Best is trial 119 with value: 0.2337670588460598.
[I 2026-05-28 00:57:24,154] Trial 543 finished with value: 1.1401824685189594 and parameters: {'ISTN': 78.23090918828768, 'I_gpe': 0.7850071478210607, 'I_gpi': 2.4426019046339906, 'noise_stn_sigma': 5.940798122541434, 'noise_gpe_sigma': 83.1587385451013, 'noise_gpi_sigma': 88.74754753402509, 'g_stn_gpe_mult': 1.935387033810076, 'g_gpe_stn_mult': 0.18014155716178953, 'g_stn_gpi_mult': 2.474241585886415, 'g_gpe_gpi_mult': 0.9495503507086043}. Best is trial 119 with value: 0.2337670588460598.
[I 2026-05-28 00:57:25,165] Trial 544 finished with value: 1.1701529111965958 and parameters: {'ISTN': 77.75093709879616, 'I_gpe': 0.874452402582184, 'I_gpi': 2.0714146285254778, 'noise_stn_sigma': 6.1053168547405745, 'noise_gpe_sigma': 90.94484185534375, 'noise_gpi_sigma': 83.57319949472432, 'g_stn_gpe_mult': 1.7398241911694035, 'g_gpe_stn_mult': 0.16975784140180222, 'g_stn_gpi_mult': 2.434099148084605, 'g_gpe_gpi_mult': 0.9191507402600689}. Best is trial 119 with value: 0.2337670588460598.
[I 2026-05-28 00:57:26,177] Trial 545 finished with value: 5.624399510228722 and parameters: {'ISTN': 77.57412583850592, 'I_gpe': 0.8136713403307697, 'I_gpi': 1.93139901245427, 'noise_stn_sigma': 5.998554494698364, 'noise_gpe_sigma': 83.84159107234328, 'noise_gpi_sigma': 87.18567002735216, 'g_stn_gpe_mult': 1.8779968315793114, 'g_gpe_stn_mult': 0.15996009479245446, 'g_stn_gpi_mult': 2.539085943587362, 'g_gpe_gpi_mult': 0.9804349756321695}. Best is trial 119 with value: 0.2337670588460598.
[I 2026-05-28 00:57:27,187] Trial 546 finished with value: 5.033155927474823 and parameters: {'ISTN': 79.46954685448718, 'I_gpe': 1.108245075264224, 'I_gpi': 2.3751117192658295, 'noise_stn_sigma': 6.462753153929031, 'noise_gpe_sigma': 81.20990078353036, 'noise_gpi_sigma': 89.28010158392256, 'g_stn_gpe_mult': 1.8958772899385457, 'g_gpe_stn_mult': 0.19339199194899656, 'g_stn_gpi_mult': 2.6819411979518994, 'g_gpe_gpi_mult': 0.9028613434592581}. Best is trial 119 with value: 0.2337670588460598.
[I 2026-05-28 00:57:28,195] Trial 547 finished with value: 5.229277549735812 and parameters: {'ISTN': 76.32274554930893, 'I_gpe': 0.8056631158554153, 'I_gpi': 2.0488278698151094, 'noise_stn_sigma': 6.3689643001256115, 'noise_gpe_sigma': 80.15945457849365, 'noise_gpi_sigma': 75.63454011700372, 'g_stn_gpe_mult': 1.7354190981951862, 'g_gpe_stn_mult': 0.16551582491666578, 'g_stn_gpi_mult': 2.6283985269634433, 'g_gpe_gpi_mult': 1.0289350760427207}. Best is trial 119 with value: 0.2337670588460598.
[I 2026-05-28 00:57:29,206] Trial 548 finished with value: 4.380936497890182 and parameters: {'ISTN': 74.27453817940435, 'I_gpe': 1.002143852955116, 'I_gpi': 2.2025010299407626, 'noise_stn_sigma': 5.945420878183472, 'noise_gpe_sigma': 90.88143305845905, 'noise_gpi_sigma': 82.05744002952181, 'g_stn_gpe_mult': 1.6344639513304897, 'g_gpe_stn_mult': 0.17500583167700715, 'g_stn_gpi_mult': 2.518158791722154, 'g_gpe_gpi_mult': 0.9233512033057822}. Best is trial 119 with value: 0.2337670588460598.
[I 2026-05-28 00:57:30,215] Trial 549 finished with value: 0.9739483929998191 and parameters: {'ISTN': 76.309257513928, 'I_gpe': 0.8768420087662361, 'I_gpi': 2.02382206256044, 'noise_stn_sigma': 6.608869163609224, 'noise_gpe_sigma': 85.07272521809662, 'noise_gpi_sigma': 85.77780503390852, 'g_stn_gpe_mult': 1.7849068447631145, 'g_gpe_stn_mult': 0.19868842032315048, 'g_stn_gpi_mult': 2.453936360463913, 'g_gpe_gpi_mult': 0.9459434868824022}. Best is trial 119 with value: 0.2337670588460598.
[I 2026-05-28 00:57:31,225] Trial 550 finished with value: 1.5388762959087203 and parameters: {'ISTN': 76.29306461710466, 'I_gpe': 0.8859804891240401, 'I_gpi': 2.1139670890129265, 'noise_stn_sigma': 6.228685203898975, 'noise_gpe_sigma': 79.70381223798456, 'noise_gpi_sigma': 85.61260781844506, 'g_stn_gpe_mult': 1.8957872122959658, 'g_gpe_stn_mult': 0.189198422221844, 'g_stn_gpi_mult': 2.4950684395830525, 'g_gpe_gpi_mult': 0.8645568554265939}. Best is trial 119 with value: 0.2337670588460598.
[I 2026-05-28 00:57:32,237] Trial 551 finished with value: 1.0843385260868497 and parameters: {'ISTN': 78.24140561639166, 'I_gpe': 0.9270800397962987, 'I_gpi': 1.8790212553862446, 'noise_stn_sigma': 6.257547841393143, 'noise_gpe_sigma': 84.46637387132883, 'noise_gpi_sigma': 81.09436264331262, 'g_stn_gpe_mult': 1.7389533381018965, 'g_gpe_stn_mult': 0.18911932237366386, 'g_stn_gpi_mult': 2.5995812602064063, 'g_gpe_gpi_mult': 0.9336491409421759}. Best is trial 119 with value: 0.2337670588460598.
[I 2026-05-28 00:57:33,247] Trial 552 finished with value: 6.380858255206461 and parameters: {'ISTN': 80.12726602201164, 'I_gpe': 0.7374961080240783, 'I_gpi': 2.0356016225213116, 'noise_stn_sigma': 6.168534829643211, 'noise_gpe_sigma': 88.53210489296687, 'noise_gpi_sigma': 75.34624872632958, 'g_stn_gpe_mult': 1.5627677840203265, 'g_gpe_stn_mult': 0.19718244068211171, 'g_stn_gpi_mult': 2.3134909578838903, 'g_gpe_gpi_mult': 0.9794524652160526}. Best is trial 119 with value: 0.2337670588460598.
[I 2026-05-28 00:57:34,258] Trial 553 finished with value: 6.2442281276210245 and parameters: {'ISTN': 79.77762165098078, 'I_gpe': 0.9457464170581178, 'I_gpi': 2.0989814407837972, 'noise_stn_sigma': 6.360537832928101, 'noise_gpe_sigma': 87.1195519333952, 'noise_gpi_sigma': 81.4223029717017, 'g_stn_gpe_mult': 1.8501610304786031, 'g_gpe_stn_mult': 0.22207818744103147, 'g_stn_gpi_mult': 2.5286372418437284, 'g_gpe_gpi_mult': 0.9919716553648783}. Best is trial 119 with value: 0.2337670588460598.
[I 2026-05-28 00:57:35,265] Trial 554 finished with value: 5.886189206697497 and parameters: {'ISTN': 82.27934146411104, 'I_gpe': 0.804174790347396, 'I_gpi': 2.063363430328495, 'noise_stn_sigma': 6.608859707532927, 'noise_gpe_sigma': 80.61885989218129, 'noise_gpi_sigma': 83.97007505471421, 'g_stn_gpe_mult': 1.6413785759167643, 'g_gpe_stn_mult': 0.2055059286157485, 'g_stn_gpi_mult': 2.3947330481855813, 'g_gpe_gpi_mult': 0.9298856939574072}. Best is trial 119 with value: 0.2337670588460598.
[I 2026-05-28 00:57:36,274] Trial 555 finished with value: 6.204696146791973 and parameters: {'ISTN': 78.50359140533695, 'I_gpe': 0.872118248052539, 'I_gpi': 2.2743950946425393, 'noise_stn_sigma': 6.524263923831826, 'noise_gpe_sigma': 87.93577842508564, 'noise_gpi_sigma': 79.42699966698738, 'g_stn_gpe_mult': 1.6963069640636592, 'g_gpe_stn_mult': 0.21802213189746494, 'g_stn_gpi_mult': 2.4365369183557597, 'g_gpe_gpi_mult': 0.9384494317536598}. Best is trial 119 with value: 0.2337670588460598.
[I 2026-05-28 00:57:37,281] Trial 556 finished with value: 5.634615433768563 and parameters: {'ISTN': 78.13702263979934, 'I_gpe': 0.7863691415347369, 'I_gpi': 2.1466034929105358, 'noise_stn_sigma': 6.241834366742982, 'noise_gpe_sigma': 81.1291988456191, 'noise_gpi_sigma': 86.01964414800584, 'g_stn_gpe_mult': 1.6568200697170385, 'g_gpe_stn_mult': 0.22104524635294662, 'g_stn_gpi_mult': 2.3669734738899044, 'g_gpe_gpi_mult': 0.9511939326770293}. Best is trial 119 with value: 0.2337670588460598.
[I 2026-05-28 00:57:38,290] Trial 557 finished with value: 1.5060710790303449 and parameters: {'ISTN': 75.55275540950761, 'I_gpe': 0.8824659898502717, 'I_gpi': 2.436668606108686, 'noise_stn_sigma': 6.172055909708307, 'noise_gpe_sigma': 84.42463365974837, 'noise_gpi_sigma': 87.91774444482019, 'g_stn_gpe_mult': 1.8438944296395219, 'g_gpe_stn_mult': 0.2234871585349555, 'g_stn_gpi_mult': 2.38124724989137, 'g_gpe_gpi_mult': 0.8487702328791045}. Best is trial 119 with value: 0.2337670588460598.
[I 2026-05-28 00:57:39,300] Trial 558 finished with value: 2.5087227519988984 and parameters: {'ISTN': 73.1799202079529, 'I_gpe': 0.9787695686139374, 'I_gpi': 2.1661559221938624, 'noise_stn_sigma': 6.465126965131807, 'noise_gpe_sigma': 82.54683972750311, 'noise_gpi_sigma': 86.3537263308912, 'g_stn_gpe_mult': 1.9062098247776016, 'g_gpe_stn_mult': 0.16027306908128802, 'g_stn_gpi_mult': 2.540651657481635, 'g_gpe_gpi_mult': 0.9160317731544194}. Best is trial 119 with value: 0.2337670588460598.
[I 2026-05-28 00:57:40,309] Trial 559 finished with value: 1.947424930723269 and parameters: {'ISTN': 80.67030491553624, 'I_gpe': 0.9778497836873716, 'I_gpi': 1.9490451197699519, 'noise_stn_sigma': 6.437842107935067, 'noise_gpe_sigma': 86.60983156918883, 'noise_gpi_sigma': 79.22509843809308, 'g_stn_gpe_mult': 1.8013328761235967, 'g_gpe_stn_mult': 0.1665646140333904, 'g_stn_gpi_mult': 2.557124877392173, 'g_gpe_gpi_mult': 1.0103005439352581}. Best is trial 119 with value: 0.2337670588460598.
[I 2026-05-28 00:57:41,319] Trial 560 finished with value: 4.318861037599799 and parameters: {'ISTN': 81.40504834034942, 'I_gpe': 0.8343194034801665, 'I_gpi': 2.14393595817183, 'noise_stn_sigma': 6.609341409683777, 'noise_gpe_sigma': 80.62150905014235, 'noise_gpi_sigma': 80.2965472989285, 'g_stn_gpe_mult': 1.7071922337228258, 'g_gpe_stn_mult': 0.19747594425332354, 'g_stn_gpi_mult': 2.5249952481752223, 'g_gpe_gpi_mult': 1.044514020678428}. Best is trial 119 with value: 0.2337670588460598.
[I 2026-05-28 00:57:42,329] Trial 561 finished with value: 7.800310880371087 and parameters: {'ISTN': 75.57512109882015, 'I_gpe': 0.9068261067051273, 'I_gpi': 2.07152993001349, 'noise_stn_sigma': 6.350529199032776, 'noise_gpe_sigma': 83.13910947034228, 'noise_gpi_sigma': 82.1316593541595, 'g_stn_gpe_mult': 1.8648656364020315, 'g_gpe_stn_mult': 0.18001720904967572, 'g_stn_gpi_mult': 2.568742080374568, 'g_gpe_gpi_mult': 0.8805656065408511}. Best is trial 119 with value: 0.2337670588460598.
[I 2026-05-28 00:57:43,340] Trial 562 finished with value: 9.124723521805631 and parameters: {'ISTN': 79.77064202389559, 'I_gpe': 0.8799702539448427, 'I_gpi': 1.845354924325802, 'noise_stn_sigma': 6.712177390952991, 'noise_gpe_sigma': 85.65762422045688, 'noise_gpi_sigma': 92.4492611921037, 'g_stn_gpe_mult': 1.8510432383219122, 'g_gpe_stn_mult': 0.2118538720550198, 'g_stn_gpi_mult': 2.5119069982681643, 'g_gpe_gpi_mult': 0.9371203894395974}. Best is trial 119 with value: 0.2337670588460598.
[I 2026-05-28 00:57:44,350] Trial 563 finished with value: 6.1132394733136985 and parameters: {'ISTN': 79.05995057106311, 'I_gpe': 0.9009318156722224, 'I_gpi': 2.03459081873493, 'noise_stn_sigma': 6.409021942728298, 'noise_gpe_sigma': 85.64493776931641, 'noise_gpi_sigma': 83.67213758767562, 'g_stn_gpe_mult': 1.8349976785077307, 'g_gpe_stn_mult': 0.2087168196586041, 'g_stn_gpi_mult': 2.554281427114744, 'g_gpe_gpi_mult': 0.8880300965156198}. Best is trial 119 with value: 0.2337670588460598.
[I 2026-05-28 00:57:45,358] Trial 564 finished with value: 4.921233011794169 and parameters: {'ISTN': 79.46413421085691, 'I_gpe': 0.9755354856981358, 'I_gpi': 2.1060698827795252, 'noise_stn_sigma': 6.180769393625845, 'noise_gpe_sigma': 79.25552993524018, 'noise_gpi_sigma': 80.33965021356732, 'g_stn_gpe_mult': 1.6643886824614045, 'g_gpe_stn_mult': 0.20619056589708162, 'g_stn_gpi_mult': 2.6248725802971102, 'g_gpe_gpi_mult': 0.9653856679741091}. Best is trial 119 with value: 0.2337670588460598.
[I 2026-05-28 00:57:46,368] Trial 565 finished with value: 1.5162403758422092 and parameters: {'ISTN': 78.80413663053758, 'I_gpe': 0.8844565748847137, 'I_gpi': 2.122411341250792, 'noise_stn_sigma': 6.379625332819107, 'noise_gpe_sigma': 80.12815231985094, 'noise_gpi_sigma': 82.69283839719674, 'g_stn_gpe_mult': 1.8042236673858314, 'g_gpe_stn_mult': 0.18651147865919143, 'g_stn_gpi_mult': 2.5632625801386557, 'g_gpe_gpi_mult': 0.9022644503790289}. Best is trial 119 with value: 0.2337670588460598.
[I 2026-05-28 00:57:47,378] Trial 566 finished with value: 4.183689878739961 and parameters: {'ISTN': 78.7427142997096, 'I_gpe': 0.9066285092409889, 'I_gpi': 2.2248012152689625, 'noise_stn_sigma': 6.195069668075231, 'noise_gpe_sigma': 89.9045563617441, 'noise_gpi_sigma': 83.50294826961503, 'g_stn_gpe_mult': 1.6203820501284136, 'g_gpe_stn_mult': 0.2181205730917, 'g_stn_gpi_mult': 2.4576070376211465, 'g_gpe_gpi_mult': 0.8639064314785805}. Best is trial 119 with value: 0.2337670588460598.
[I 2026-05-28 00:57:48,390] Trial 567 finished with value: 7.226715763816741 and parameters: {'ISTN': 73.97959917668062, 'I_gpe': 1.0187622410242025, 'I_gpi': 1.8819421273797245, 'noise_stn_sigma': 6.523009671267144, 'noise_gpe_sigma': 80.78555033787308, 'noise_gpi_sigma': 78.84987777757891, 'g_stn_gpe_mult': 1.7802837285087723, 'g_gpe_stn_mult': 0.20653312718628158, 'g_stn_gpi_mult': 2.590392737319615, 'g_gpe_gpi_mult': 0.9241146856375078}. Best is trial 119 with value: 0.2337670588460598.
[I 2026-05-28 00:57:49,401] Trial 568 finished with value: 4.38828679798425 and parameters: {'ISTN': 79.2150258250632, 'I_gpe': 0.980088292446599, 'I_gpi': 1.9817931899192707, 'noise_stn_sigma': 6.028338449896206, 'noise_gpe_sigma': 84.85110611548068, 'noise_gpi_sigma': 88.87774601497762, 'g_stn_gpe_mult': 1.9086549444341105, 'g_gpe_stn_mult': 0.15520526492819778, 'g_stn_gpi_mult': 2.495682924808569, 'g_gpe_gpi_mult': 0.884192369158479}. Best is trial 119 with value: 0.2337670588460598.
[I 2026-05-28 00:57:50,411] Trial 569 finished with value: 5.586980572729093 and parameters: {'ISTN': 79.0966664486701, 'I_gpe': 0.890816810242783, 'I_gpi': 2.1959333656676705, 'noise_stn_sigma': 6.489893702480953, 'noise_gpe_sigma': 81.92726042025885, 'noise_gpi_sigma': 83.284954366963, 'g_stn_gpe_mult': 1.6831140392261619, 'g_gpe_stn_mult': 0.20397375964214556, 'g_stn_gpi_mult': 2.652654343460199, 'g_gpe_gpi_mult': 0.8861563391219474}. Best is trial 119 with value: 0.2337670588460598.
[I 2026-05-28 00:57:51,422] Trial 570 finished with value: 4.468282823731883 and parameters: {'ISTN': 74.37203150073509, 'I_gpe': 0.9268366381959416, 'I_gpi': 2.009806461846505, 'noise_stn_sigma': 6.404192714482333, 'noise_gpe_sigma': 90.90272908189951, 'noise_gpi_sigma': 80.48857706878337, 'g_stn_gpe_mult': 1.82069937055778, 'g_gpe_stn_mult': 0.19241903971320995, 'g_stn_gpi_mult': 2.5876438641105444, 'g_gpe_gpi_mult': 0.928120872568087}. Best is trial 119 with value: 0.2337670588460598.
[I 2026-05-28 00:57:52,434] Trial 571 finished with value: 6.119010934444851 and parameters: {'ISTN': 79.57963840765905, 'I_gpe': 0.8458390860727313, 'I_gpi': 2.2177824891089424, 'noise_stn_sigma': 6.523330678344998, 'noise_gpe_sigma': 89.6055377938923, 'noise_gpi_sigma': 85.08046952872336, 'g_stn_gpe_mult': 1.809506190450521, 'g_gpe_stn_mult': 0.19621304586485774, 'g_stn_gpi_mult': 2.4871120515338276, 'g_gpe_gpi_mult': 0.8473354784327078}. Best is trial 119 with value: 0.2337670588460598.
