[I 2026-05-28 01:14:52,999] Trial 572 finished with value: 1.9763176910111135 and parameters: {'ISTN': 99.9046208938015, 'I_gpe': 0.640592987150354, 'I_gpi': 2.2665514735158463, 'noise_stn_sigma': 3.401901014158287, 'noise_gpe_sigma': 112.67946762130418, 'noise_gpi_sigma': 131.25012857725835, 'g_stn_gpe_mult': 3.9603182420519643, 'g_gpe_stn_mult': 1.5579444050977396, 'g_stn_gpi_mult': 2.6746040134789615, 'g_gpe_gpi_mult': 1.5334173698120939}. Best is trial 535 with value: 0.12670056825923287.
[I 2026-05-28 01:14:54,006] Trial 573 finished with value: 0.15002133554196737 and parameters: {'ISTN': 98.02746458320607, 'I_gpe': 0.6521411026340307, 'I_gpi': 2.32233424443678, 'noise_stn_sigma': 3.216871323255704, 'noise_gpe_sigma': 113.19797986201782, 'noise_gpi_sigma': 132.37763803387955, 'g_stn_gpe_mult': 3.84171806384795, 'g_gpe_stn_mult': 1.49232014660731, 'g_stn_gpi_mult': 2.87851294667859, 'g_gpe_gpi_mult': 1.6304541682079519}. Best is trial 535 with value: 0.12670056825923287.
[I 2026-05-28 01:14:55,013] Trial 574 finished with value: 0.16151961839176193 and parameters: {'ISTN': 99.51617629879469, 'I_gpe': 0.6468749808998567, 'I_gpi': 2.1100745790667137, 'noise_stn_sigma': 3.012491130233545, 'noise_gpe_sigma': 107.09622350149618, 'noise_gpi_sigma': 129.69984008976627, 'g_stn_gpe_mult': 4.00850740040447, 'g_gpe_stn_mult': 1.5404486405128222, 'g_stn_gpi_mult': 2.8087967494632813, 'g_gpe_gpi_mult': 1.7294962200859434}. Best is trial 535 with value: 0.12670056825923287.
[I 2026-05-28 01:14:56,019] Trial 575 finished with value: 0.4190161187767591 and parameters: {'ISTN': 102.15530754330007, 'I_gpe': 0.6875424313225522, 'I_gpi': 2.2287961213636356, 'noise_stn_sigma': 3.294438615796352, 'noise_gpe_sigma': 107.00978078975727, 'noise_gpi_sigma': 131.16375286953067, 'g_stn_gpe_mult': 3.9620758276337544, 'g_gpe_stn_mult': 1.6248100555209808, 'g_stn_gpi_mult': 2.98598353465943, 'g_gpe_gpi_mult': 1.6290242462795583}. Best is trial 535 with value: 0.12670056825923287.
[I 2026-05-28 01:14:57,026] Trial 576 finished with value: 0.18004248726279107 and parameters: {'ISTN': 95.53462824275874, 'I_gpe': 0.5747877721104426, 'I_gpi': 2.3230673824032686, 'noise_stn_sigma': 3.403173991048547, 'noise_gpe_sigma': 107.32961570161265, 'noise_gpi_sigma': 129.2404281926335, 'g_stn_gpe_mult': 3.896452120317186, 'g_gpe_stn_mult': 1.534108132582633, 'g_stn_gpi_mult': 2.8856442736450125, 'g_gpe_gpi_mult': 1.7009225051625945}. Best is trial 535 with value: 0.12670056825923287.
[I 2026-05-28 01:14:58,034] Trial 577 finished with value: 0.23577603324164095 and parameters: {'ISTN': 100.21025198093223, 'I_gpe': 0.7323059664848254, 'I_gpi': 2.1302393509603768, 'noise_stn_sigma': 3.419478226875582, 'noise_gpe_sigma': 110.01573136990152, 'noise_gpi_sigma': 126.70784338656371, 'g_stn_gpe_mult': 3.9504044556481053, 'g_gpe_stn_mult': 1.5509759628392914, 'g_stn_gpi_mult': 3.0235166823052078, 'g_gpe_gpi_mult': 1.6283183268140509}. Best is trial 535 with value: 0.12670056825923287.
[I 2026-05-28 01:14:59,041] Trial 578 finished with value: 0.1485268785463976 and parameters: {'ISTN': 97.2095701369959, 'I_gpe': 0.6615269866703082, 'I_gpi': 2.156946222955418, 'noise_stn_sigma': 3.2304762777714178, 'noise_gpe_sigma': 104.71070241618924, 'noise_gpi_sigma': 131.93486402570795, 'g_stn_gpe_mult': 3.958428169337886, 'g_gpe_stn_mult': 1.5082381330311831, 'g_stn_gpi_mult': 2.9321863016492187, 'g_gpe_gpi_mult': 1.6075479467394727}. Best is trial 535 with value: 0.12670056825923287.
[I 2026-05-28 01:15:00,047] Trial 579 finished with value: 0.16674869430954725 and parameters: {'ISTN': 99.3010185337391, 'I_gpe': 0.6629237288290188, 'I_gpi': 2.214538419822463, 'noise_stn_sigma': 3.201613473678404, 'noise_gpe_sigma': 104.88928027733792, 'noise_gpi_sigma': 130.78803496878982, 'g_stn_gpe_mult': 3.850596646330914, 'g_gpe_stn_mult': 1.5641772653938089, 'g_stn_gpi_mult': 2.9134407670054574, 'g_gpe_gpi_mult': 1.7105479170925417}. Best is trial 535 with value: 0.12670056825923287.
[I 2026-05-28 01:15:01,054] Trial 580 finished with value: 0.5212996667157859 and parameters: {'ISTN': 98.76094708122227, 'I_gpe': 0.7746923655719454, 'I_gpi': 2.3310182437811306, 'noise_stn_sigma': 3.521630495101568, 'noise_gpe_sigma': 106.3247254500855, 'noise_gpi_sigma': 130.13108902050405, 'g_stn_gpe_mult': 3.946855378815616, 'g_gpe_stn_mult': 1.5027667045580075, 'g_stn_gpi_mult': 2.878118056617652, 'g_gpe_gpi_mult': 1.5795906962171267}. Best is trial 535 with value: 0.12670056825923287.
[I 2026-05-28 01:15:02,063] Trial 581 finished with value: 0.1466789595865388 and parameters: {'ISTN': 99.25890466239866, 'I_gpe': 0.6591687712815666, 'I_gpi': 2.3610945233289526, 'noise_stn_sigma': 2.9978926436990703, 'noise_gpe_sigma': 110.18639450007761, 'noise_gpi_sigma': 125.98858595237134, 'g_stn_gpe_mult': 3.7838606926166065, 'g_gpe_stn_mult': 1.5326403039237058, 'g_stn_gpi_mult': 2.9266138344562433, 'g_gpe_gpi_mult': 1.662041922262759}. Best is trial 535 with value: 0.12670056825923287.
[I 2026-05-28 01:15:03,071] Trial 582 finished with value: 0.21385404605726155 and parameters: {'ISTN': 98.65152707865101, 'I_gpe': 0.6460056046286087, 'I_gpi': 2.1413740296457213, 'noise_stn_sigma': 3.3936452459269066, 'noise_gpe_sigma': 110.43819771489623, 'noise_gpi_sigma': 135.55085274871124, 'g_stn_gpe_mult': 3.975154337158056, 'g_gpe_stn_mult': 1.5493717738822863, 'g_stn_gpi_mult': 2.9363333904638105, 'g_gpe_gpi_mult': 1.5828098463118094}. Best is trial 535 with value: 0.12670056825923287.
[I 2026-05-28 01:15:04,079] Trial 583 finished with value: 0.13474352799616773 and parameters: {'ISTN': 98.01608095979297, 'I_gpe': 0.7336538571005391, 'I_gpi': 2.209215092249981, 'noise_stn_sigma': 3.2640552387207156, 'noise_gpe_sigma': 100.20994813795974, 'noise_gpi_sigma': 135.21472665851542, 'g_stn_gpe_mult': 3.8303687705699843, 'g_gpe_stn_mult': 1.4639218166345664, 'g_stn_gpi_mult': 2.684001344698902, 'g_gpe_gpi_mult': 1.7173555911419593}. Best is trial 535 with value: 0.12670056825923287.
[I 2026-05-28 01:15:05,084] Trial 584 finished with value: 0.13807765721354154 and parameters: {'ISTN': 100.93049644784398, 'I_gpe': 0.6716606622764703, 'I_gpi': 2.2553334815090107, 'noise_stn_sigma': 3.095775903900235, 'noise_gpe_sigma': 106.36091523256276, 'noise_gpi_sigma': 126.13708198734547, 'g_stn_gpe_mult': 3.980457363127008, 'g_gpe_stn_mult': 1.538965026522234, 'g_stn_gpi_mult': 3.006193760785515, 'g_gpe_gpi_mult': 1.6369422868828636}. Best is trial 535 with value: 0.12670056825923287.
[I 2026-05-28 01:15:06,091] Trial 585 finished with value: 0.1937283364933984 and parameters: {'ISTN': 98.66189449259417, 'I_gpe': 0.518445891645174, 'I_gpi': 2.3439754089806053, 'noise_stn_sigma': 3.2339910097933204, 'noise_gpe_sigma': 111.04945226280861, 'noise_gpi_sigma': 126.39083589905431, 'g_stn_gpe_mult': 3.995380948657292, 'g_gpe_stn_mult': 1.571336912429267, 'g_stn_gpi_mult': 3.0159194596242083, 'g_gpe_gpi_mult': 1.5678317357821494}. Best is trial 535 with value: 0.12670056825923287.
[I 2026-05-28 01:15:07,100] Trial 586 finished with value: 0.3841157446052786 and parameters: {'ISTN': 99.13278129311257, 'I_gpe': 0.8106719329741221, 'I_gpi': 2.0967023512705096, 'noise_stn_sigma': 3.566487078595756, 'noise_gpe_sigma': 101.7175066063655, 'noise_gpi_sigma': 132.32723026500565, 'g_stn_gpe_mult': 3.9514202484312393, 'g_gpe_stn_mult': 1.513374005629155, 'g_stn_gpi_mult': 2.8072344787023873, 'g_gpe_gpi_mult': 1.6588311347777058}. Best is trial 535 with value: 0.12670056825923287.
[I 2026-05-28 01:15:08,109] Trial 587 finished with value: 0.12956954726422817 and parameters: {'ISTN': 98.1478191309091, 'I_gpe': 0.6658886757319312, 'I_gpi': 2.1369276448386643, 'noise_stn_sigma': 3.309482300321087, 'noise_gpe_sigma': 105.8886933663354, 'noise_gpi_sigma': 129.71486038053678, 'g_stn_gpe_mult': 3.9991423636187804, 'g_gpe_stn_mult': 1.5147930987002471, 'g_stn_gpi_mult': 2.966921117216626, 'g_gpe_gpi_mult': 1.7036084459408567}. Best is trial 535 with value: 0.12670056825923287.
[I 2026-05-28 01:15:09,116] Trial 588 finished with value: 0.15397856820917954 and parameters: {'ISTN': 99.42787342218449, 'I_gpe': 0.6554618187800695, 'I_gpi': 2.0461185106573216, 'noise_stn_sigma': 3.1915431257468043, 'noise_gpe_sigma': 105.3316869041821, 'noise_gpi_sigma': 136.38563641956284, 'g_stn_gpe_mult': 3.8664266032392325, 'g_gpe_stn_mult': 1.5023153041492705, 'g_stn_gpi_mult': 2.89635238184412, 'g_gpe_gpi_mult': 1.6505059922792957}. Best is trial 535 with value: 0.12670056825923287.
[I 2026-05-28 01:15:10,124] Trial 589 finished with value: 0.12548916632816057 and parameters: {'ISTN': 99.2895087785482, 'I_gpe': 0.6752937306432407, 'I_gpi': 2.1022889010149894, 'noise_stn_sigma': 3.2484742326615303, 'noise_gpe_sigma': 107.63249734355762, 'noise_gpi_sigma': 128.82692375127735, 'g_stn_gpe_mult': 3.886953654065041, 'g_gpe_stn_mult': 1.5090817915704184, 'g_stn_gpi_mult': 2.9371375690052752, 'g_gpe_gpi_mult': 1.6562739613461326}. Best is trial 589 with value: 0.12548916632816057.
[I 2026-05-28 01:15:11,132] Trial 590 finished with value: 0.13203481504259987 and parameters: {'ISTN': 100.19073522070313, 'I_gpe': 0.6200837028798392, 'I_gpi': 2.0283590022475, 'noise_stn_sigma': 3.1903608813958626, 'noise_gpe_sigma': 108.15793805049096, 'noise_gpi_sigma': 128.37758632605488, 'g_stn_gpe_mult': 4.094919257761582, 'g_gpe_stn_mult': 1.5518911230109604, 'g_stn_gpi_mult': 2.9846487942651105, 'g_gpe_gpi_mult': 1.5984133834405287}. Best is trial 589 with value: 0.12548916632816057.
[I 2026-05-28 01:15:12,143] Trial 591 finished with value: 5.2953255936725885 and parameters: {'ISTN': 100.87868491138394, 'I_gpe': 0.5788283627178487, 'I_gpi': 2.243473621076121, 'noise_stn_sigma': 3.212197927640698, 'noise_gpe_sigma': 108.47264238864771, 'noise_gpi_sigma': 134.13999041975416, 'g_stn_gpe_mult': 3.9946515497619703, 'g_gpe_stn_mult': 1.543948288769475, 'g_stn_gpi_mult': 2.9277839870572824, 'g_gpe_gpi_mult': 1.584072672089755}. Best is trial 589 with value: 0.12548916632816057.
[I 2026-05-28 01:15:13,153] Trial 592 finished with value: 0.129348096490821 and parameters: {'ISTN': 97.23589233666527, 'I_gpe': 0.6811852194746315, 'I_gpi': 2.1497109189184016, 'noise_stn_sigma': 3.4739972408447977, 'noise_gpe_sigma': 103.5135552674796, 'noise_gpi_sigma': 128.2213517637905, 'g_stn_gpe_mult': 4.064518391770852, 'g_gpe_stn_mult': 1.4829887254171017, 'g_stn_gpi_mult': 2.8391946206883163, 'g_gpe_gpi_mult': 1.6881519166768841}. Best is trial 589 with value: 0.12548916632816057.
[I 2026-05-28 01:15:14,159] Trial 593 finished with value: 0.16919341516815223 and parameters: {'ISTN': 95.48733410970542, 'I_gpe': 0.6643007568849073, 'I_gpi': 2.2582298012822655, 'noise_stn_sigma': 2.883404686878945, 'noise_gpe_sigma': 109.52268955267604, 'noise_gpi_sigma': 137.52165293334218, 'g_stn_gpe_mult': 3.9413797839170823, 'g_gpe_stn_mult': 1.4730166422874431, 'g_stn_gpi_mult': 2.9441418484469177, 'g_gpe_gpi_mult': 1.641086022608366}. Best is trial 589 with value: 0.12548916632816057.
[I 2026-05-28 01:15:15,166] Trial 594 finished with value: 0.12922419687864883 and parameters: {'ISTN': 100.62986556697709, 'I_gpe': 0.6765368998397647, 'I_gpi': 2.197141011111511, 'noise_stn_sigma': 3.136322292091685, 'noise_gpe_sigma': 110.31863326494083, 'noise_gpi_sigma': 128.07493258338152, 'g_stn_gpe_mult': 3.940676854842607, 'g_gpe_stn_mult': 1.53043501728596, 'g_stn_gpi_mult': 2.8883662592180883, 'g_gpe_gpi_mult': 1.6124557916066762}. Best is trial 589 with value: 0.12548916632816057.
[I 2026-05-28 01:15:16,174] Trial 595 finished with value: 0.28323914145659895 and parameters: {'ISTN': 96.77592915432913, 'I_gpe': 0.761818935902618, 'I_gpi': 1.9918537955749258, 'noise_stn_sigma': 3.1577787591619964, 'noise_gpe_sigma': 102.38034276009482, 'noise_gpi_sigma': 127.33547158203356, 'g_stn_gpe_mult': 3.8662654131583736, 'g_gpe_stn_mult': 1.4736248883236165, 'g_stn_gpi_mult': 2.946970891112149, 'g_gpe_gpi_mult': 1.6196115910859907}. Best is trial 589 with value: 0.12548916632816057.
[I 2026-05-28 01:15:17,184] Trial 596 finished with value: 0.154106536509391 and parameters: {'ISTN': 100.83832540072783, 'I_gpe': 0.6447042534745011, 'I_gpi': 2.2385436489949475, 'noise_stn_sigma': 3.4255002340993688, 'noise_gpe_sigma': 101.52825615607865, 'noise_gpi_sigma': 128.16808153832602, 'g_stn_gpe_mult': 4.111669186883258, 'g_gpe_stn_mult': 1.5194999059251844, 'g_stn_gpi_mult': 2.9168557664494563, 'g_gpe_gpi_mult': 1.6542885954952977}. Best is trial 589 with value: 0.12548916632816057.
[I 2026-05-28 01:15:18,191] Trial 597 finished with value: 0.956215431179558 and parameters: {'ISTN': 99.9137533915027, 'I_gpe': 0.750450828012956, 'I_gpi': 2.0119390961689785, 'noise_stn_sigma': 3.7067669930265135, 'noise_gpe_sigma': 100.90338195809187, 'noise_gpi_sigma': 124.32949082658621, 'g_stn_gpe_mult': 3.829013847669215, 'g_gpe_stn_mult': 1.524833184944626, 'g_stn_gpi_mult': 3.0466791483773705, 'g_gpe_gpi_mult': 1.6622676077476863}. Best is trial 589 with value: 0.12548916632816057.
[I 2026-05-28 01:15:19,200] Trial 598 finished with value: 0.5366889719061181 and parameters: {'ISTN': 101.18991743349248, 'I_gpe': 0.6610316927306412, 'I_gpi': 1.9697901384156187, 'noise_stn_sigma': 3.3386260385232664, 'noise_gpe_sigma': 101.57740003084331, 'noise_gpi_sigma': 134.1002788279077, 'g_stn_gpe_mult': 3.9250057183286713, 'g_gpe_stn_mult': 1.5379992057485188, 'g_stn_gpi_mult': 2.844954217836161, 'g_gpe_gpi_mult': 1.6713213563974862}. Best is trial 589 with value: 0.12548916632816057.
[I 2026-05-28 01:15:20,208] Trial 599 finished with value: 0.14511532278588007 and parameters: {'ISTN': 93.9839592630614, 'I_gpe': 0.6310910563891372, 'I_gpi': 2.267500926034062, 'noise_stn_sigma': 3.234709896777878, 'noise_gpe_sigma': 108.79047751994973, 'noise_gpi_sigma': 133.0031780382722, 'g_stn_gpe_mult': 3.7562960029707897, 'g_gpe_stn_mult': 1.4561593195780502, 'g_stn_gpi_mult': 2.526125569866129, 'g_gpe_gpi_mult': 1.7509048244860348}. Best is trial 589 with value: 0.12548916632816057.
[I 2026-05-28 01:15:21,215] Trial 600 finished with value: 0.1502611805641474 and parameters: {'ISTN': 98.78476360310047, 'I_gpe': 0.6507318454360965, 'I_gpi': 2.0438269840791676, 'noise_stn_sigma': 2.87930036717629, 'noise_gpe_sigma': 102.21575199130814, 'noise_gpi_sigma': 132.43286730585356, 'g_stn_gpe_mult': 3.8261046425535685, 'g_gpe_stn_mult': 1.5029523531257558, 'g_stn_gpi_mult': 2.7156526538488475, 'g_gpe_gpi_mult': 1.7162343571162892}. Best is trial 589 with value: 0.12548916632816057.
[I 2026-05-28 01:15:22,225] Trial 601 finished with value: 0.12773192063872846 and parameters: {'ISTN': 97.79630388347452, 'I_gpe': 0.6681120804172509, 'I_gpi': 2.059051154420801, 'noise_stn_sigma': 3.2575936521004314, 'noise_gpe_sigma': 106.07502015932923, 'noise_gpi_sigma': 132.61289100260984, 'g_stn_gpe_mult': 4.025341875960498, 'g_gpe_stn_mult': 1.492810216330292, 'g_stn_gpi_mult': 2.7249097205164623, 'g_gpe_gpi_mult': 1.6572006702163098}. Best is trial 589 with value: 0.12548916632816057.
[I 2026-05-28 01:15:23,233] Trial 602 finished with value: 1.5267260322967917 and parameters: {'ISTN': 97.56915197184915, 'I_gpe': 0.7189108668342648, 'I_gpi': 2.1580351887904223, 'noise_stn_sigma': 3.236903147118405, 'noise_gpe_sigma': 104.1756461557699, 'noise_gpi_sigma': 128.41931144506697, 'g_stn_gpe_mult': 3.9078784836982146, 'g_gpe_stn_mult': 1.4803745616051551, 'g_stn_gpi_mult': 2.5514534513330998, 'g_gpe_gpi_mult': 1.6524104985699333}. Best is trial 589 with value: 0.12548916632816057.
[I 2026-05-28 01:15:24,243] Trial 603 finished with value: 0.1297250487574511 and parameters: {'ISTN': 99.54695592145015, 'I_gpe': 0.6852759940615387, 'I_gpi': 2.202029231782808, 'noise_stn_sigma': 3.285571064095635, 'noise_gpe_sigma': 107.35669565281667, 'noise_gpi_sigma': 132.16556515156697, 'g_stn_gpe_mult': 4.018279699255014, 'g_gpe_stn_mult': 1.4968358577013925, 'g_stn_gpi_mult': 2.807303312883799, 'g_gpe_gpi_mult': 1.6266746542393944}. Best is trial 589 with value: 0.12548916632816057.
[I 2026-05-28 01:15:25,252] Trial 604 finished with value: 0.11752073114951478 and parameters: {'ISTN': 100.07293577749809, 'I_gpe': 0.7400937788605686, 'I_gpi': 2.2029340596116143, 'noise_stn_sigma': 2.949052418470122, 'noise_gpe_sigma': 106.38608448640713, 'noise_gpi_sigma': 130.09844922908047, 'g_stn_gpe_mult': 3.829699692114001, 'g_gpe_stn_mult': 1.4921557189848902, 'g_stn_gpi_mult': 2.812330303743589, 'g_gpe_gpi_mult': 1.7280964916511732}. Best is trial 604 with value: 0.11752073114951478.
[I 2026-05-28 01:15:26,261] Trial 605 finished with value: 0.159824417689757 and parameters: {'ISTN': 99.07793186009233, 'I_gpe': 0.615707979814436, 'I_gpi': 2.261699065793783, 'noise_stn_sigma': 3.2718443654205247, 'noise_gpe_sigma': 105.68714667607064, 'noise_gpi_sigma': 130.22170593864482, 'g_stn_gpe_mult': 3.8193196197488986, 'g_gpe_stn_mult': 1.5297721734639873, 'g_stn_gpi_mult': 2.7140410035449825, 'g_gpe_gpi_mult': 1.712828257335498}. Best is trial 604 with value: 0.11752073114951478.
[I 2026-05-28 01:15:27,271] Trial 606 finished with value: 0.12639962326450457 and parameters: {'ISTN': 99.03064132743037, 'I_gpe': 0.7678383850025903, 'I_gpi': 2.2446936449677812, 'noise_stn_sigma': 3.293110207678828, 'noise_gpe_sigma': 106.9759967194338, 'noise_gpi_sigma': 125.61707019837615, 'g_stn_gpe_mult': 3.7430287741961052, 'g_gpe_stn_mult': 1.4742732839170338, 'g_stn_gpi_mult': 2.9154338119094305, 'g_gpe_gpi_mult': 1.6745816192325171}. Best is trial 604 with value: 0.11752073114951478.
[I 2026-05-28 01:15:28,281] Trial 607 finished with value: 0.12048967030740472 and parameters: {'ISTN': 100.33781005823431, 'I_gpe': 0.8148809753512365, 'I_gpi': 1.988073773551328, 'noise_stn_sigma': 3.243758131304549, 'noise_gpe_sigma': 106.29779889326912, 'noise_gpi_sigma': 135.60181767487467, 'g_stn_gpe_mult': 3.990226603477452, 'g_gpe_stn_mult': 1.4494352629232754, 'g_stn_gpi_mult': 2.895901660081262, 'g_gpe_gpi_mult': 1.649846160977809}. Best is trial 604 with value: 0.11752073114951478.
[I 2026-05-28 01:15:29,288] Trial 608 finished with value: 0.14243669804841042 and parameters: {'ISTN': 101.3221342852623, 'I_gpe': 0.629628299721751, 'I_gpi': 2.0949668299088695, 'noise_stn_sigma': 3.206770552016298, 'noise_gpe_sigma': 104.24950334806717, 'noise_gpi_sigma': 129.00979053693976, 'g_stn_gpe_mult': 4.023132481435606, 'g_gpe_stn_mult': 1.5354036670565863, 'g_stn_gpi_mult': 2.690289137931972, 'g_gpe_gpi_mult': 1.6626906350977082}. Best is trial 604 with value: 0.11752073114951478.
[I 2026-05-28 01:15:30,296] Trial 609 finished with value: 0.5915666318004293 and parameters: {'ISTN': 94.6353452693959, 'I_gpe': 0.7059528664776096, 'I_gpi': 2.216788598879827, 'noise_stn_sigma': 3.3211277459608, 'noise_gpe_sigma': 111.1203583159439, 'noise_gpi_sigma': 131.36885061038217, 'g_stn_gpe_mult': 3.823292019655603, 'g_gpe_stn_mult': 1.4586280156027212, 'g_stn_gpi_mult': 2.780493584688204, 'g_gpe_gpi_mult': 1.6678018225229796}. Best is trial 604 with value: 0.11752073114951478.
[I 2026-05-28 01:15:31,306] Trial 610 finished with value: 6.278277932065738 and parameters: {'ISTN': 102.08556892696069, 'I_gpe': 0.7233131851808946, 'I_gpi': 2.182414878777524, 'noise_stn_sigma': 3.4603343461700646, 'noise_gpe_sigma': 111.26676995118213, 'noise_gpi_sigma': 123.38199797678242, 'g_stn_gpe_mult': 4.065087833948536, 'g_gpe_stn_mult': 1.55098306823226, 'g_stn_gpi_mult': 2.9242406215252887, 'g_gpe_gpi_mult': 1.6226919106800182}. Best is trial 604 with value: 0.11752073114951478.
[I 2026-05-28 01:15:32,315] Trial 611 finished with value: 2.0752353327308266 and parameters: {'ISTN': 99.19750055608623, 'I_gpe': 0.7987874651548361, 'I_gpi': 2.049525217856945, 'noise_stn_sigma': 2.7688202032312024, 'noise_gpe_sigma': 104.1327257460832, 'noise_gpi_sigma': 137.67323431563213, 'g_stn_gpe_mult': 3.977014650066105, 'g_gpe_stn_mult': 1.4699820872499727, 'g_stn_gpi_mult': 2.8075137542837516, 'g_gpe_gpi_mult': 1.6695304948871739}. Best is trial 604 with value: 0.11752073114951478.
[I 2026-05-28 01:15:33,325] Trial 612 finished with value: 2.189827606751687 and parameters: {'ISTN': 100.58263727809144, 'I_gpe': 0.8270083053741819, 'I_gpi': 2.0395144074885785, 'noise_stn_sigma': 3.3821913171315563, 'noise_gpe_sigma': 104.91443831028312, 'noise_gpi_sigma': 130.56259918785878, 'g_stn_gpe_mult': 3.8836557290299254, 'g_gpe_stn_mult': 1.4861904825680636, 'g_stn_gpi_mult': 2.9401604666453545, 'g_gpe_gpi_mult': 1.6500162282393933}. Best is trial 604 with value: 0.11752073114951478.
[I 2026-05-28 01:15:34,332] Trial 613 finished with value: 4.016454857109587 and parameters: {'ISTN': 99.46437569049993, 'I_gpe': 0.782933213433991, 'I_gpi': 2.176089271755008, 'noise_stn_sigma': 3.3244521858502645, 'noise_gpe_sigma': 105.98855831188368, 'noise_gpi_sigma': 127.14278767299285, 'g_stn_gpe_mult': 3.890895676394934, 'g_gpe_stn_mult': 1.4640434161273905, 'g_stn_gpi_mult': 2.8392940058016367, 'g_gpe_gpi_mult': 1.7168826490007818}. Best is trial 604 with value: 0.11752073114951478.
[I 2026-05-28 01:15:35,341] Trial 614 finished with value: 1.608232357629484 and parameters: {'ISTN': 97.37243335087668, 'I_gpe': 0.7402426403191416, 'I_gpi': 2.2038359120326385, 'noise_stn_sigma': 3.0365726643800106, 'noise_gpe_sigma': 104.95535377729352, 'noise_gpi_sigma': 136.42013452504733, 'g_stn_gpe_mult': 3.9734470841754947, 'g_gpe_stn_mult': 1.4628465195294411, 'g_stn_gpi_mult': 2.7964532530169275, 'g_gpe_gpi_mult': 1.7251419225786164}. Best is trial 604 with value: 0.11752073114951478.
[I 2026-05-28 01:15:36,350] Trial 615 finished with value: 3.5305483907589066 and parameters: {'ISTN': 98.3467269322443, 'I_gpe': 0.7113573661977048, 'I_gpi': 2.116413370422102, 'noise_stn_sigma': 3.2810048105359377, 'noise_gpe_sigma': 109.08232709786107, 'noise_gpi_sigma': 129.5601220339781, 'g_stn_gpe_mult': 3.966341575393506, 'g_gpe_stn_mult': 1.4494024203846767, 'g_stn_gpi_mult': 2.8227128234082373, 'g_gpe_gpi_mult': 1.6676873721705776}. Best is trial 604 with value: 0.11752073114951478.
