[I 2026-05-28 01:10:26,905] Trial 308 finished with value: 0.2451392738758089 and parameters: {'ISTN': 94.40077954985351, 'I_gpe': 0.7586649670997501, 'I_gpi': 2.6942512483647314, 'noise_stn_sigma': 2.264960010816951, 'noise_gpe_sigma': 105.95124623816822, 'noise_gpi_sigma': 139.01983901743603, 'g_stn_gpe_mult': 3.5009988766623823, 'g_gpe_stn_mult': 1.4458159057850508, 'g_stn_gpi_mult': 2.3242811664200342, 'g_gpe_gpi_mult': 1.6694294395086553}. Best is trial 166 with value: 0.1435060865093464.
[I 2026-05-28 01:10:27,912] Trial 309 finished with value: 0.3107563070804628 and parameters: {'ISTN': 100.54377335631756, 'I_gpe': 0.6483262114279481, 'I_gpi': 2.4690883884810484, 'noise_stn_sigma': 2.9499305816201096, 'noise_gpe_sigma': 98.83170993495197, 'noise_gpi_sigma': 134.15093174015675, 'g_stn_gpe_mult': 3.715195255799693, 'g_gpe_stn_mult': 1.5147567413534007, 'g_stn_gpi_mult': 2.5266530951510573, 'g_gpe_gpi_mult': 1.6747370828264567}. Best is trial 166 with value: 0.1435060865093464.
[I 2026-05-28 01:10:28,918] Trial 310 finished with value: 0.3351267330698151 and parameters: {'ISTN': 98.74551874829805, 'I_gpe': 0.6302328862765181, 'I_gpi': 2.573987822793085, 'noise_stn_sigma': 3.1335334937684824, 'noise_gpe_sigma': 102.73607935859583, 'noise_gpi_sigma': 134.26573105839805, 'g_stn_gpe_mult': 3.010069526222914, 'g_gpe_stn_mult': 1.5516332455526043, 'g_stn_gpi_mult': 2.465728352009635, 'g_gpe_gpi_mult': 1.7059394843500466}. Best is trial 166 with value: 0.1435060865093464.
[I 2026-05-28 01:10:29,925] Trial 311 finished with value: 0.32593309818988714 and parameters: {'ISTN': 94.46860166738875, 'I_gpe': 0.7160045518046123, 'I_gpi': 2.6188691425869015, 'noise_stn_sigma': 2.2757088169098143, 'noise_gpe_sigma': 108.99496200800289, 'noise_gpi_sigma': 136.5240795439322, 'g_stn_gpe_mult': 3.5138194846548254, 'g_gpe_stn_mult': 1.491629128261073, 'g_stn_gpi_mult': 2.559419800288362, 'g_gpe_gpi_mult': 1.5877535616552085}. Best is trial 166 with value: 0.1435060865093464.
[I 2026-05-28 01:10:30,934] Trial 312 finished with value: 4.698974063758922 and parameters: {'ISTN': 94.91929715639105, 'I_gpe': 0.7686454844956503, 'I_gpi': 2.7208121105708303, 'noise_stn_sigma': 2.4965240504498922, 'noise_gpe_sigma': 111.55157120151179, 'noise_gpi_sigma': 132.5557952492144, 'g_stn_gpe_mult': 3.48966420713929, 'g_gpe_stn_mult': 1.4745929014516832, 'g_stn_gpi_mult': 2.156073955491172, 'g_gpe_gpi_mult': 1.5697801268979337}. Best is trial 166 with value: 0.1435060865093464.
[I 2026-05-28 01:10:31,941] Trial 313 finished with value: 0.17329138383431691 and parameters: {'ISTN': 96.07452898758055, 'I_gpe': 0.6651195785003505, 'I_gpi': 2.428527073855571, 'noise_stn_sigma': 2.646447959809885, 'noise_gpe_sigma': 110.10533521215862, 'noise_gpi_sigma': 139.0259651221389, 'g_stn_gpe_mult': 3.6337442423783792, 'g_gpe_stn_mult': 1.4977099839973116, 'g_stn_gpi_mult': 2.5724219348489945, 'g_gpe_gpi_mult': 1.7533186163833678}. Best is trial 166 with value: 0.1435060865093464.
[I 2026-05-28 01:10:32,947] Trial 314 finished with value: 2.8789698815362037 and parameters: {'ISTN': 94.7002670872043, 'I_gpe': 0.9290949455436803, 'I_gpi': 2.932177286113437, 'noise_stn_sigma': 2.411065608786852, 'noise_gpe_sigma': 100.89812030191524, 'noise_gpi_sigma': 144.71200838562635, 'g_stn_gpe_mult': 3.78331997409501, 'g_gpe_stn_mult': 1.3992123930574059, 'g_stn_gpi_mult': 2.6250775130944612, 'g_gpe_gpi_mult': 1.562901072448573}. Best is trial 166 with value: 0.1435060865093464.
[I 2026-05-28 01:10:33,956] Trial 315 finished with value: 0.25839398322550117 and parameters: {'ISTN': 97.08862748585244, 'I_gpe': 0.7574173734531564, 'I_gpi': 2.417380319631392, 'noise_stn_sigma': 2.8886417993713023, 'noise_gpe_sigma': 105.56724610754559, 'noise_gpi_sigma': 131.65068296675213, 'g_stn_gpe_mult': 3.7035603921326015, 'g_gpe_stn_mult': 1.5012750595196185, 'g_stn_gpi_mult': 2.4444856064132954, 'g_gpe_gpi_mult': 1.6128751005340483}. Best is trial 166 with value: 0.1435060865093464.
[I 2026-05-28 01:10:34,961] Trial 316 finished with value: 3.117185508735858 and parameters: {'ISTN': 90.73926181685559, 'I_gpe': 0.935077522541857, 'I_gpi': 2.999632735935151, 'noise_stn_sigma': 2.3914642876973584, 'noise_gpe_sigma': 108.05367626315626, 'noise_gpi_sigma': 125.95097926397577, 'g_stn_gpe_mult': 3.527230964661546, 'g_gpe_stn_mult': 1.444526967691625, 'g_stn_gpi_mult': 2.474866341602236, 'g_gpe_gpi_mult': 1.5928235373787831}. Best is trial 166 with value: 0.1435060865093464.
[I 2026-05-28 01:10:35,967] Trial 317 finished with value: 0.2760518682852183 and parameters: {'ISTN': 100.62347970465687, 'I_gpe': 0.6376391852151101, 'I_gpi': 2.723794688982166, 'noise_stn_sigma': 2.333630263032797, 'noise_gpe_sigma': 103.48994654605465, 'noise_gpi_sigma': 140.0037807293027, 'g_stn_gpe_mult': 3.88719030699983, 'g_gpe_stn_mult': 1.5604714053435687, 'g_stn_gpi_mult': 2.618631707042445, 'g_gpe_gpi_mult': 1.6501947369807084}. Best is trial 166 with value: 0.1435060865093464.
[I 2026-05-28 01:10:36,974] Trial 318 finished with value: 1.8120434552854352 and parameters: {'ISTN': 94.4155449443526, 'I_gpe': 0.7568209737734133, 'I_gpi': 2.3269577642077492, 'noise_stn_sigma': 2.563429323789789, 'noise_gpe_sigma': 110.10725608867918, 'noise_gpi_sigma': 141.24364090810096, 'g_stn_gpe_mult': 3.3936818385256866, 'g_gpe_stn_mult': 1.4548124127282596, 'g_stn_gpi_mult': 2.472229286395832, 'g_gpe_gpi_mult': 1.7884305233391053}. Best is trial 166 with value: 0.1435060865093464.
[I 2026-05-28 01:10:37,983] Trial 319 finished with value: 0.28864520975043306 and parameters: {'ISTN': 93.52618591542789, 'I_gpe': 0.7762954932843176, 'I_gpi': 2.41079228219071, 'noise_stn_sigma': 2.7733190065442654, 'noise_gpe_sigma': 105.69543966872682, 'noise_gpi_sigma': 129.54804056519265, 'g_stn_gpe_mult': 3.3321873284671755, 'g_gpe_stn_mult': 1.4005587406038225, 'g_stn_gpi_mult': 2.2814752450131968, 'g_gpe_gpi_mult': 1.6388755485377469}. Best is trial 166 with value: 0.1435060865093464.
[I 2026-05-28 01:10:38,988] Trial 320 finished with value: 2.9822611774068797 and parameters: {'ISTN': 97.30017081128422, 'I_gpe': 0.7618385272712186, 'I_gpi': 2.527422243794733, 'noise_stn_sigma': 2.8113038552128087, 'noise_gpe_sigma': 110.20904977184125, 'noise_gpi_sigma': 126.99735654748163, 'g_stn_gpe_mult': 3.670909999747206, 'g_gpe_stn_mult': 1.442065775325122, 'g_stn_gpi_mult': 2.8408158685099925, 'g_gpe_gpi_mult': 1.710740778553103}. Best is trial 166 with value: 0.1435060865093464.
[I 2026-05-28 01:10:39,994] Trial 321 finished with value: 0.4624364245364796 and parameters: {'ISTN': 98.6437629637337, 'I_gpe': 0.5109171910878604, 'I_gpi': 2.586582865584382, 'noise_stn_sigma': 3.181103341728017, 'noise_gpe_sigma': 113.63074851048736, 'noise_gpi_sigma': 133.39255092164424, 'g_stn_gpe_mult': 3.7045974997209483, 'g_gpe_stn_mult': 1.633367470804246, 'g_stn_gpi_mult': 2.604501336992662, 'g_gpe_gpi_mult': 1.7534827761178096}. Best is trial 166 with value: 0.1435060865093464.
[I 2026-05-28 01:10:41,002] Trial 322 finished with value: 5.224114598641263 and parameters: {'ISTN': 98.62188868341033, 'I_gpe': 0.8278090519000237, 'I_gpi': 2.56152593816545, 'noise_stn_sigma': 3.007094434796385, 'noise_gpe_sigma': 112.66248391385709, 'noise_gpi_sigma': 129.54903765128535, 'g_stn_gpe_mult': 3.515896915832296, 'g_gpe_stn_mult': 1.5627141992445412, 'g_stn_gpi_mult': 2.5994905963371977, 'g_gpe_gpi_mult': 1.718244476326598}. Best is trial 166 with value: 0.1435060865093464.
[I 2026-05-28 01:10:42,011] Trial 323 finished with value: 0.2485156586548565 and parameters: {'ISTN': 97.61921601263097, 'I_gpe': 0.6099220737102835, 'I_gpi': 2.6997313053561287, 'noise_stn_sigma': 2.9009116077283768, 'noise_gpe_sigma': 108.69091520751334, 'noise_gpi_sigma': 131.55479683989188, 'g_stn_gpe_mult': 3.869338543738378, 'g_gpe_stn_mult': 1.5509459492990574, 'g_stn_gpi_mult': 2.3404078956308227, 'g_gpe_gpi_mult': 1.730861187174209}. Best is trial 166 with value: 0.1435060865093464.
[I 2026-05-28 01:10:43,017] Trial 324 finished with value: 0.8649739545653292 and parameters: {'ISTN': 94.23197137137603, 'I_gpe': 0.7718133075019155, 'I_gpi': 2.7181227451111676, 'noise_stn_sigma': 2.7690810524300202, 'noise_gpe_sigma': 108.62464747805745, 'noise_gpi_sigma': 140.42667755755463, 'g_stn_gpe_mult': 3.7257353528563146, 'g_gpe_stn_mult': 1.4612262556963895, 'g_stn_gpi_mult': 2.559662092993774, 'g_gpe_gpi_mult': 1.6455169480768383}. Best is trial 166 with value: 0.1435060865093464.
[I 2026-05-28 01:10:44,023] Trial 325 finished with value: 0.21502395654863746 and parameters: {'ISTN': 95.52465095492909, 'I_gpe': 0.6394904836109465, 'I_gpi': 2.5196465387988782, 'noise_stn_sigma': 2.559547461764038, 'noise_gpe_sigma': 105.8179273441973, 'noise_gpi_sigma': 139.1418590198343, 'g_stn_gpe_mult': 3.711079701355894, 'g_gpe_stn_mult': 1.465573902001928, 'g_stn_gpi_mult': 2.4980346808025313, 'g_gpe_gpi_mult': 1.7476643374992213}. Best is trial 166 with value: 0.1435060865093464.
[I 2026-05-28 01:10:45,030] Trial 326 finished with value: 0.41405079490181473 and parameters: {'ISTN': 92.19963560537728, 'I_gpe': 0.5992164470281652, 'I_gpi': 2.262714821311291, 'noise_stn_sigma': 2.738181208222976, 'noise_gpe_sigma': 103.73115237692912, 'noise_gpi_sigma': 135.2299496176686, 'g_stn_gpe_mult': 3.766057238771147, 'g_gpe_stn_mult': 1.4820013249294917, 'g_stn_gpi_mult': 2.1960303134311463, 'g_gpe_gpi_mult': 1.7024430260999606}. Best is trial 166 with value: 0.1435060865093464.
[I 2026-05-28 01:10:46,038] Trial 327 finished with value: 0.2183414003742136 and parameters: {'ISTN': 102.97200885733064, 'I_gpe': 0.5935791686082201, 'I_gpi': 2.5364546266644155, 'noise_stn_sigma': 2.0984796650541577, 'noise_gpe_sigma': 111.36281967595713, 'noise_gpi_sigma': 135.39312146456956, 'g_stn_gpe_mult': 3.95010353163472, 'g_gpe_stn_mult': 1.5643526472361786, 'g_stn_gpi_mult': 2.611452166878281, 'g_gpe_gpi_mult': 1.7074596043495818}. Best is trial 166 with value: 0.1435060865093464.
[I 2026-05-28 01:10:47,044] Trial 328 finished with value: 0.5056806157256435 and parameters: {'ISTN': 95.34715597483768, 'I_gpe': 0.7427599703146333, 'I_gpi': 2.3911539936034947, 'noise_stn_sigma': 2.764358831313333, 'noise_gpe_sigma': 107.04975914525065, 'noise_gpi_sigma': 143.18370271911408, 'g_stn_gpe_mult': 3.595774170095396, 'g_gpe_stn_mult': 1.5096533220835013, 'g_stn_gpi_mult': 2.6358853405657445, 'g_gpe_gpi_mult': 1.7015274682617427}. Best is trial 166 with value: 0.1435060865093464.
[I 2026-05-28 01:10:48,051] Trial 329 finished with value: 0.2638176413269622 and parameters: {'ISTN': 97.75895713764464, 'I_gpe': 0.6261728452445727, 'I_gpi': 2.600156322759449, 'noise_stn_sigma': 2.358880965111527, 'noise_gpe_sigma': 111.12613776857489, 'noise_gpi_sigma': 139.86023021159804, 'g_stn_gpe_mult': 3.6587849701910122, 'g_gpe_stn_mult': 1.511971821758434, 'g_stn_gpi_mult': 2.4456868342371307, 'g_gpe_gpi_mult': 1.6879608583379366}. Best is trial 166 with value: 0.1435060865093464.
[I 2026-05-28 01:10:49,059] Trial 330 finished with value: 0.23699783064234542 and parameters: {'ISTN': 94.52054085091882, 'I_gpe': 0.5998765915457014, 'I_gpi': 2.6105693252791413, 'noise_stn_sigma': 3.0545749063563896, 'noise_gpe_sigma': 107.24138750026837, 'noise_gpi_sigma': 134.22618048109268, 'g_stn_gpe_mult': 3.59742917167839, 'g_gpe_stn_mult': 1.5153605455322914, 'g_stn_gpi_mult': 2.6527457525164375, 'g_gpe_gpi_mult': 1.6390843823942518}. Best is trial 166 with value: 0.1435060865093464.
[I 2026-05-28 01:10:50,067] Trial 331 finished with value: 1.8717210049184034 and parameters: {'ISTN': 102.80014375729655, 'I_gpe': 0.6280987343539511, 'I_gpi': 2.416850846497077, 'noise_stn_sigma': 2.3524638774141327, 'noise_gpe_sigma': 111.51124288391348, 'noise_gpi_sigma': 136.0588537079831, 'g_stn_gpe_mult': 3.4798336160859566, 'g_gpe_stn_mult': 1.5596562407284347, 'g_stn_gpi_mult': 2.5659593903564737, 'g_gpe_gpi_mult': 1.7304778426214102}. Best is trial 166 with value: 0.1435060865093464.
[I 2026-05-28 01:10:51,073] Trial 332 finished with value: 0.5021499930138755 and parameters: {'ISTN': 100.28003483056702, 'I_gpe': 0.6808985290766708, 'I_gpi': 2.4941927201794982, 'noise_stn_sigma': 2.2772335038277163, 'noise_gpe_sigma': 106.2718771830972, 'noise_gpi_sigma': 140.53511680311735, 'g_stn_gpe_mult': 3.252414659997978, 'g_gpe_stn_mult': 1.4467130283114802, 'g_stn_gpi_mult': 2.3416237285810984, 'g_gpe_gpi_mult': 1.6978475683496879}. Best is trial 166 with value: 0.1435060865093464.
[I 2026-05-28 01:10:52,081] Trial 333 finished with value: 0.29532063228726524 and parameters: {'ISTN': 95.59134857669292, 'I_gpe': 0.584217138452162, 'I_gpi': 2.521374089461014, 'noise_stn_sigma': 1.966934752754587, 'noise_gpe_sigma': 107.69281561828267, 'noise_gpi_sigma': 130.73130080960848, 'g_stn_gpe_mult': 3.8490473417569233, 'g_gpe_stn_mult': 1.5413701212868611, 'g_stn_gpi_mult': 2.6463552903836796, 'g_gpe_gpi_mult': 1.7096216461483438}. Best is trial 166 with value: 0.1435060865093464.
[I 2026-05-28 01:10:53,089] Trial 334 finished with value: 0.28496647729703084 and parameters: {'ISTN': 99.04271720988359, 'I_gpe': 0.5311269314930627, 'I_gpi': 2.654213354767621, 'noise_stn_sigma': 2.6536763179694978, 'noise_gpe_sigma': 106.00820038588543, 'noise_gpi_sigma': 133.35929004266615, 'g_stn_gpe_mult': 3.9510629838445457, 'g_gpe_stn_mult': 1.6180493146305561, 'g_stn_gpi_mult': 2.713069617733767, 'g_gpe_gpi_mult': 1.737714842046034}. Best is trial 166 with value: 0.1435060865093464.
[I 2026-05-28 01:10:54,095] Trial 335 finished with value: 0.21521219296597188 and parameters: {'ISTN': 98.23817770823761, 'I_gpe': 0.6857337442621987, 'I_gpi': 2.371114029036745, 'noise_stn_sigma': 2.489477848736561, 'noise_gpe_sigma': 107.51658008483786, 'noise_gpi_sigma': 142.43676538720507, 'g_stn_gpe_mult': 3.5971180095767488, 'g_gpe_stn_mult': 1.5393810800998657, 'g_stn_gpi_mult': 2.695829720248894, 'g_gpe_gpi_mult': 1.7877243009326418}. Best is trial 166 with value: 0.1435060865093464.
[I 2026-05-28 01:10:55,102] Trial 336 finished with value: 0.23148574055444784 and parameters: {'ISTN': 93.47126070200241, 'I_gpe': 0.5618153222179926, 'I_gpi': 2.618311745440958, 'noise_stn_sigma': 2.3030659949992236, 'noise_gpe_sigma': 110.86449536783469, 'noise_gpi_sigma': 140.59184721041345, 'g_stn_gpe_mult': 3.7351669925813504, 'g_gpe_stn_mult': 1.469421461545296, 'g_stn_gpi_mult': 2.463567588158168, 'g_gpe_gpi_mult': 1.8103393476306233}. Best is trial 166 with value: 0.1435060865093464.
[I 2026-05-28 01:10:56,111] Trial 337 finished with value: 4.8964723093863585 and parameters: {'ISTN': 96.45048986636182, 'I_gpe': 0.6146298151359568, 'I_gpi': 2.621674961734036, 'noise_stn_sigma': 2.086548006496945, 'noise_gpe_sigma': 108.41947727014046, 'noise_gpi_sigma': 137.55657307634814, 'g_stn_gpe_mult': 3.8699047064116607, 'g_gpe_stn_mult': 1.417952646077935, 'g_stn_gpi_mult': 2.660019880595335, 'g_gpe_gpi_mult': 1.7043009405429224}. Best is trial 166 with value: 0.1435060865093464.
[I 2026-05-28 01:10:57,119] Trial 338 finished with value: 0.31398279869411266 and parameters: {'ISTN': 99.32404477143483, 'I_gpe': 0.6802828340355251, 'I_gpi': 2.58434791094131, 'noise_stn_sigma': 2.4832353824655202, 'noise_gpe_sigma': 110.05078882264092, 'noise_gpi_sigma': 135.9002471921959, 'g_stn_gpe_mult': 3.882266560271937, 'g_gpe_stn_mult': 1.563305992129016, 'g_stn_gpi_mult': 2.557252503841956, 'g_gpe_gpi_mult': 1.8175272943590575}. Best is trial 166 with value: 0.1435060865093464.
[I 2026-05-28 01:10:58,125] Trial 339 finished with value: 0.18136268405548012 and parameters: {'ISTN': 98.58338429792907, 'I_gpe': 0.6606379134137512, 'I_gpi': 2.4202843474465427, 'noise_stn_sigma': 2.853217660492329, 'noise_gpe_sigma': 101.05468302669, 'noise_gpi_sigma': 138.43312987073483, 'g_stn_gpe_mult': 3.896780937637513, 'g_gpe_stn_mult': 1.5270563098201217, 'g_stn_gpi_mult': 2.4633173186950876, 'g_gpe_gpi_mult': 1.7637020157704282}. Best is trial 166 with value: 0.1435060865093464.
[I 2026-05-28 01:10:59,132] Trial 340 finished with value: 0.24653949494277688 and parameters: {'ISTN': 94.83039833445548, 'I_gpe': 0.6138360899937257, 'I_gpi': 2.6926816366893704, 'noise_stn_sigma': 2.8553502339006553, 'noise_gpe_sigma': 109.48144557406684, 'noise_gpi_sigma': 136.80553849665066, 'g_stn_gpe_mult': 3.9481958941944004, 'g_gpe_stn_mult': 1.4952705250051643, 'g_stn_gpi_mult': 2.494114410084264, 'g_gpe_gpi_mult': 1.724821618774765}. Best is trial 166 with value: 0.1435060865093464.
[I 2026-05-28 01:11:00,141] Trial 341 finished with value: 0.8832876579440555 and parameters: {'ISTN': 101.48844155740306, 'I_gpe': 0.7136674231220288, 'I_gpi': 2.2753308597651785, 'noise_stn_sigma': 2.378431110439828, 'noise_gpe_sigma': 105.23458856883335, 'noise_gpi_sigma': 139.16412065835272, 'g_stn_gpe_mult': 3.781295960959543, 'g_gpe_stn_mult': 1.5332396723145143, 'g_stn_gpi_mult': 2.4795590248582453, 'g_gpe_gpi_mult': 1.837306870758196}. Best is trial 166 with value: 0.1435060865093464.
[I 2026-05-28 01:11:01,148] Trial 342 finished with value: 0.3605338172803071 and parameters: {'ISTN': 92.31778543888935, 'I_gpe': 0.5627061630638247, 'I_gpi': 2.317839274476801, 'noise_stn_sigma': 2.751582979716698, 'noise_gpe_sigma': 101.93847028298659, 'noise_gpi_sigma': 142.75873185234968, 'g_stn_gpe_mult': 3.6898834585167926, 'g_gpe_stn_mult': 1.5138097658461518, 'g_stn_gpi_mult': 2.4951076153109435, 'g_gpe_gpi_mult': 1.8911206273784023}. Best is trial 166 with value: 0.1435060865093464.
[I 2026-05-28 01:11:02,156] Trial 343 finished with value: 0.23575904778888837 and parameters: {'ISTN': 100.47435503833916, 'I_gpe': 0.5604603817760894, 'I_gpi': 2.290026302988643, 'noise_stn_sigma': 2.6142947563977827, 'noise_gpe_sigma': 106.55276293170206, 'noise_gpi_sigma': 137.80920089548508, 'g_stn_gpe_mult': 3.8515567831725113, 'g_gpe_stn_mult': 1.5551182792527078, 'g_stn_gpi_mult': 2.641068919920632, 'g_gpe_gpi_mult': 1.6641208098843379}. Best is trial 166 with value: 0.1435060865093464.
[I 2026-05-28 01:11:03,164] Trial 344 finished with value: 0.15435939328579423 and parameters: {'ISTN': 99.02654281858514, 'I_gpe': 0.687753160504629, 'I_gpi': 2.244469763396879, 'noise_stn_sigma': 2.2911176052005082, 'noise_gpe_sigma': 100.70436538917866, 'noise_gpi_sigma': 139.02473551789458, 'g_stn_gpe_mult': 3.8743564285277245, 'g_gpe_stn_mult': 1.4924373295469104, 'g_stn_gpi_mult': 2.6087153617359897, 'g_gpe_gpi_mult': 1.727485960086835}. Best is trial 166 with value: 0.1435060865093464.
[I 2026-05-28 01:11:04,172] Trial 345 finished with value: 0.2447969199211819 and parameters: {'ISTN': 95.31571472226514, 'I_gpe': 0.6454344631106179, 'I_gpi': 2.459530879889995, 'noise_stn_sigma': 2.6162774647342846, 'noise_gpe_sigma': 103.73558555764086, 'noise_gpi_sigma': 139.16400122389092, 'g_stn_gpe_mult': 3.5318796923964406, 'g_gpe_stn_mult': 1.530496342539468, 'g_stn_gpi_mult': 2.5288845750624955, 'g_gpe_gpi_mult': 1.8632258006791818}. Best is trial 166 with value: 0.1435060865093464.
[I 2026-05-28 01:11:05,176] Trial 346 finished with value: 0.17554399717995606 and parameters: {'ISTN': 95.64467331527307, 'I_gpe': 0.6618841271256457, 'I_gpi': 2.3162700129004854, 'noise_stn_sigma': 2.593663383812922, 'noise_gpe_sigma': 104.30755968679436, 'noise_gpi_sigma': 139.9168073623311, 'g_stn_gpe_mult': 3.6914272194487587, 'g_gpe_stn_mult': 1.4899389554603168, 'g_stn_gpi_mult': 2.6453644956631597, 'g_gpe_gpi_mult': 1.7475123175254585}. Best is trial 166 with value: 0.1435060865093464.
[I 2026-05-28 01:11:06,185] Trial 347 finished with value: 0.17892025356368085 and parameters: {'ISTN': 97.1365338320858, 'I_gpe': 0.7306208210093076, 'I_gpi': 2.498060108648282, 'noise_stn_sigma': 2.731804833558236, 'noise_gpe_sigma': 105.33936642314049, 'noise_gpi_sigma': 146.9085652408357, 'g_stn_gpe_mult': 3.6966209662893137, 'g_gpe_stn_mult': 1.4474178995408618, 'g_stn_gpi_mult': 2.3814466894593496, 'g_gpe_gpi_mult': 1.8273461753018516}. Best is trial 166 with value: 0.1435060865093464.
[I 2026-05-28 01:11:07,192] Trial 348 finished with value: 2.7906222564176533 and parameters: {'ISTN': 96.95764907951252, 'I_gpe': 0.5165351096514694, 'I_gpi': 2.324850046433454, 'noise_stn_sigma': 2.7625353703676083, 'noise_gpe_sigma': 103.24330021328711, 'noise_gpi_sigma': 138.1812727962954, 'g_stn_gpe_mult': 3.6650225413771236, 'g_gpe_stn_mult': 1.5238503236204337, 'g_stn_gpi_mult': 2.5252238958395568, 'g_gpe_gpi_mult': 1.7679846704032092}. Best is trial 166 with value: 0.1435060865093464.
[I 2026-05-28 01:11:08,198] Trial 349 finished with value: 1.5801834426262122 and parameters: {'ISTN': 97.59548174528426, 'I_gpe': 0.7869287008560097, 'I_gpi': 2.641462303942747, 'noise_stn_sigma': 2.8736325011277635, 'noise_gpe_sigma': 102.09284706472508, 'noise_gpi_sigma': 141.81526467601265, 'g_stn_gpe_mult': 3.6934794364009664, 'g_gpe_stn_mult': 1.4721406269654629, 'g_stn_gpi_mult': 2.4061667009179852, 'g_gpe_gpi_mult': 1.7729078153669926}. Best is trial 166 with value: 0.1435060865093464.
[I 2026-05-28 01:11:09,204] Trial 350 finished with value: 1.7552741428590475 and parameters: {'ISTN': 105.96747137824718, 'I_gpe': 0.6811851364790836, 'I_gpi': 2.4905723359519985, 'noise_stn_sigma': 2.4160629528720627, 'noise_gpe_sigma': 103.33757435672031, 'noise_gpi_sigma': 140.7709344023964, 'g_stn_gpe_mult': 4.143665113527483, 'g_gpe_stn_mult': 1.6083892267808095, 'g_stn_gpi_mult': 2.763227408900096, 'g_gpe_gpi_mult': 1.793743553530357}. Best is trial 166 with value: 0.1435060865093464.
[I 2026-05-28 01:11:10,214] Trial 351 finished with value: 1.8098565829665383 and parameters: {'ISTN': 98.27290428545287, 'I_gpe': 0.6214517234726707, 'I_gpi': 2.308348149937475, 'noise_stn_sigma': 2.422120538959984, 'noise_gpe_sigma': 106.10873212852701, 'noise_gpi_sigma': 139.17301092295008, 'g_stn_gpe_mult': 3.6944013266571267, 'g_gpe_stn_mult': 1.4940948639452212, 'g_stn_gpi_mult': 2.6411615885430195, 'g_gpe_gpi_mult': 1.7812384970135704}. Best is trial 166 with value: 0.1435060865093464.
