[I 2026-05-28 01:20:47,774] Trial 924 finished with value: 0.11999777196862337 and parameters: {'ISTN': 101.94894828381564, 'I_gpe': 0.6154867293284109, 'I_gpi': 2.128224889872262, 'noise_stn_sigma': 3.373606288577028, 'noise_gpe_sigma': 117.08718436411021, 'noise_gpi_sigma': 121.66026485785149, 'g_stn_gpe_mult': 4.240055248168622, 'g_gpe_stn_mult': 1.5484082618759318, 'g_stn_gpi_mult': 2.7792370338895678, 'g_gpe_gpi_mult': 1.460522649016011}. Best is trial 886 with value: 0.09393993581367453.
[I 2026-05-28 01:20:48,783] Trial 925 finished with value: 0.6337825079037163 and parameters: {'ISTN': 104.10533709027158, 'I_gpe': 0.656953665629133, 'I_gpi': 2.062271403462833, 'noise_stn_sigma': 3.3831722794736088, 'noise_gpe_sigma': 114.4965392824217, 'noise_gpi_sigma': 119.9157407501325, 'g_stn_gpe_mult': 4.212415369629181, 'g_gpe_stn_mult': 1.5654621409291654, 'g_stn_gpi_mult': 2.9033018427632826, 'g_gpe_gpi_mult': 1.4428581580464}. Best is trial 886 with value: 0.09393993581367453.
[I 2026-05-28 01:20:49,790] Trial 926 finished with value: 0.1240931938943604 and parameters: {'ISTN': 100.35566529340024, 'I_gpe': 0.6577124938497547, 'I_gpi': 2.1212735508223544, 'noise_stn_sigma': 3.3928915025331845, 'noise_gpe_sigma': 115.15012780259669, 'noise_gpi_sigma': 123.47911726757232, 'g_stn_gpe_mult': 4.189537526029179, 'g_gpe_stn_mult': 1.522241837360285, 'g_stn_gpi_mult': 2.8820742245897684, 'g_gpe_gpi_mult': 1.4730213546894397}. Best is trial 886 with value: 0.09393993581367453.
[I 2026-05-28 01:20:50,798] Trial 927 finished with value: 0.10547341031152303 and parameters: {'ISTN': 103.71437889739082, 'I_gpe': 0.6714578318350675, 'I_gpi': 2.07338114800993, 'noise_stn_sigma': 3.425331594445125, 'noise_gpe_sigma': 109.85590045201715, 'noise_gpi_sigma': 122.47719118130736, 'g_stn_gpe_mult': 4.282967383841396, 'g_gpe_stn_mult': 1.557819408132948, 'g_stn_gpi_mult': 2.8828662155265636, 'g_gpe_gpi_mult': 1.460981688525306}. Best is trial 886 with value: 0.09393993581367453.
[I 2026-05-28 01:20:51,805] Trial 928 finished with value: 0.10877208223107515 and parameters: {'ISTN': 103.81069694158495, 'I_gpe': 0.6350222439704858, 'I_gpi': 2.0888614592285455, 'noise_stn_sigma': 3.4634277566467455, 'noise_gpe_sigma': 112.438799347286, 'noise_gpi_sigma': 119.00378591290396, 'g_stn_gpe_mult': 4.37365592019884, 'g_gpe_stn_mult': 1.5697549634732881, 'g_stn_gpi_mult': 2.995602755070667, 'g_gpe_gpi_mult': 1.443427646414437}. Best is trial 886 with value: 0.09393993581367453.
[I 2026-05-28 01:20:52,814] Trial 929 finished with value: 0.8238377499906328 and parameters: {'ISTN': 101.67574316695539, 'I_gpe': 0.682685976071326, 'I_gpi': 2.1938987992445282, 'noise_stn_sigma': 3.136947753526631, 'noise_gpe_sigma': 113.75439143063257, 'noise_gpi_sigma': 122.82531773691571, 'g_stn_gpe_mult': 4.158615905405952, 'g_gpe_stn_mult': 1.5417069242242016, 'g_stn_gpi_mult': 2.8941783769219094, 'g_gpe_gpi_mult': 1.5185565585259133}. Best is trial 886 with value: 0.09393993581367453.
[I 2026-05-28 01:20:53,823] Trial 930 finished with value: 0.10673153734509622 and parameters: {'ISTN': 103.57135069879891, 'I_gpe': 0.657619591172873, 'I_gpi': 1.9898426342700235, 'noise_stn_sigma': 3.2663140080127975, 'noise_gpe_sigma': 112.13480631145185, 'noise_gpi_sigma': 121.46806201217868, 'g_stn_gpe_mult': 4.179611785924234, 'g_gpe_stn_mult': 1.5629826271488378, 'g_stn_gpi_mult': 3.015446189874741, 'g_gpe_gpi_mult': 1.4061288340382152}. Best is trial 886 with value: 0.09393993581367453.
[I 2026-05-28 01:20:54,831] Trial 931 finished with value: 0.3846336950237822 and parameters: {'ISTN': 101.23119104113857, 'I_gpe': 0.6393208285600773, 'I_gpi': 2.0704152536991582, 'noise_stn_sigma': 3.135822561595015, 'noise_gpe_sigma': 113.9978290366468, 'noise_gpi_sigma': 123.85766774084597, 'g_stn_gpe_mult': 4.250515102592971, 'g_gpe_stn_mult': 1.5478240409858526, 'g_stn_gpi_mult': 2.8619663177609866, 'g_gpe_gpi_mult': 1.4638116613529037}. Best is trial 886 with value: 0.09393993581367453.
[I 2026-05-28 01:20:55,840] Trial 932 finished with value: 0.11601071773255446 and parameters: {'ISTN': 103.55322243509885, 'I_gpe': 0.638460174688775, 'I_gpi': 2.058293069123078, 'noise_stn_sigma': 3.4126474894207606, 'noise_gpe_sigma': 113.01088695454982, 'noise_gpi_sigma': 122.41811942800928, 'g_stn_gpe_mult': 4.17114237830533, 'g_gpe_stn_mult': 1.5700109609661344, 'g_stn_gpi_mult': 3.030512436692686, 'g_gpe_gpi_mult': 1.4732082919667595}. Best is trial 886 with value: 0.09393993581367453.
[I 2026-05-28 01:20:56,850] Trial 933 finished with value: 3.7554337105856215 and parameters: {'ISTN': 104.89429739630242, 'I_gpe': 0.6206231874503638, 'I_gpi': 1.9914989189308927, 'noise_stn_sigma': 3.4837870825995507, 'noise_gpe_sigma': 110.2161515907728, 'noise_gpi_sigma': 120.44874048411288, 'g_stn_gpe_mult': 4.356164159715024, 'g_gpe_stn_mult': 1.5871546121900004, 'g_stn_gpi_mult': 3.0059741023479334, 'g_gpe_gpi_mult': 1.3767447838400015}. Best is trial 886 with value: 0.09393993581367453.
[I 2026-05-28 01:20:57,859] Trial 934 finished with value: 2.1584306810303686 and parameters: {'ISTN': 104.30109616527889, 'I_gpe': 0.6498024064459036, 'I_gpi': 2.101241307659855, 'noise_stn_sigma': 3.593201175131179, 'noise_gpe_sigma': 112.18949623436481, 'noise_gpi_sigma': 119.16740243988133, 'g_stn_gpe_mult': 4.2864706597612106, 'g_gpe_stn_mult': 1.5582691546049077, 'g_stn_gpi_mult': 3.0363912653864986, 'g_gpe_gpi_mult': 1.4178664327480714}. Best is trial 886 with value: 0.09393993581367453.
[I 2026-05-28 01:20:58,870] Trial 935 finished with value: 0.09230771532757111 and parameters: {'ISTN': 104.7911046484401, 'I_gpe': 0.6644392099979466, 'I_gpi': 2.1090124799239653, 'noise_stn_sigma': 3.4004639906840293, 'noise_gpe_sigma': 113.01241729541864, 'noise_gpi_sigma': 124.1211287298424, 'g_stn_gpe_mult': 4.219983757210439, 'g_gpe_stn_mult': 1.5664741204460784, 'g_stn_gpi_mult': 2.9795838387799236, 'g_gpe_gpi_mult': 1.4776082983056738}. Best is trial 935 with value: 0.09230771532757111.
[I 2026-05-28 01:20:59,877] Trial 936 finished with value: 0.10667126517300983 and parameters: {'ISTN': 104.2778471140493, 'I_gpe': 0.6799308763121017, 'I_gpi': 2.1274730698723374, 'noise_stn_sigma': 3.38935853794434, 'noise_gpe_sigma': 108.41484274071713, 'noise_gpi_sigma': 120.55633164619303, 'g_stn_gpe_mult': 4.2262994331417705, 'g_gpe_stn_mult': 1.5694007583137815, 'g_stn_gpi_mult': 3.0281275985434264, 'g_gpe_gpi_mult': 1.4438162044998255}. Best is trial 935 with value: 0.09230771532757111.
[I 2026-05-28 01:21:00,887] Trial 937 finished with value: 0.09871595819250353 and parameters: {'ISTN': 105.63488778485751, 'I_gpe': 0.630843876379856, 'I_gpi': 2.043028006560922, 'noise_stn_sigma': 3.372602213491658, 'noise_gpe_sigma': 110.04863713895091, 'noise_gpi_sigma': 119.18076449408018, 'g_stn_gpe_mult': 4.407410613555902, 'g_gpe_stn_mult': 1.6062363075625594, 'g_stn_gpi_mult': 3.0972398332818787, 'g_gpe_gpi_mult': 1.3431125549544483}. Best is trial 935 with value: 0.09230771532757111.
[I 2026-05-28 01:21:01,896] Trial 938 finished with value: 0.09955028643944469 and parameters: {'ISTN': 103.69002848125331, 'I_gpe': 0.6800615305557693, 'I_gpi': 1.979006441580679, 'noise_stn_sigma': 3.332276185120426, 'noise_gpe_sigma': 107.01802525963846, 'noise_gpi_sigma': 121.00696220580512, 'g_stn_gpe_mult': 4.263298421552972, 'g_gpe_stn_mult': 1.5562536331914998, 'g_stn_gpi_mult': 2.9957038163849887, 'g_gpe_gpi_mult': 1.4250424756188567}. Best is trial 935 with value: 0.09230771532757111.
[I 2026-05-28 01:21:02,904] Trial 939 finished with value: 1.0695515699398317 and parameters: {'ISTN': 103.63309612985185, 'I_gpe': 0.6631508383821204, 'I_gpi': 2.044748359049898, 'noise_stn_sigma': 3.2019011239627364, 'noise_gpe_sigma': 111.753284577315, 'noise_gpi_sigma': 122.70735561640073, 'g_stn_gpe_mult': 4.284011525517674, 'g_gpe_stn_mult': 1.564642205208559, 'g_stn_gpi_mult': 2.971010487491819, 'g_gpe_gpi_mult': 1.4283988241187526}. Best is trial 935 with value: 0.09230771532757111.
[I 2026-05-28 01:21:03,916] Trial 940 finished with value: 1.0283386371341048 and parameters: {'ISTN': 103.7059461799611, 'I_gpe': 0.6720418548095864, 'I_gpi': 2.0628597597317415, 'noise_stn_sigma': 3.4734040801932626, 'noise_gpe_sigma': 110.18455803393516, 'noise_gpi_sigma': 122.65168906967257, 'g_stn_gpe_mult': 4.312718924322, 'g_gpe_stn_mult': 1.5532915437501131, 'g_stn_gpi_mult': 2.9338566404923867, 'g_gpe_gpi_mult': 1.451389846767312}. Best is trial 935 with value: 0.09230771532757111.
[I 2026-05-28 01:21:04,925] Trial 941 finished with value: 0.21233325558241256 and parameters: {'ISTN': 105.05036138876764, 'I_gpe': 0.6628575714146941, 'I_gpi': 2.00888142700083, 'noise_stn_sigma': 3.322366788842766, 'noise_gpe_sigma': 106.81027230201593, 'noise_gpi_sigma': 121.89051964410204, 'g_stn_gpe_mult': 4.230028765903651, 'g_gpe_stn_mult': 1.5727574359621717, 'g_stn_gpi_mult': 3.0680404987176213, 'g_gpe_gpi_mult': 1.4081436445505147}. Best is trial 935 with value: 0.09230771532757111.
[I 2026-05-28 01:21:05,933] Trial 942 finished with value: 0.15108178899592933 and parameters: {'ISTN': 104.25797744117463, 'I_gpe': 0.6582736919029818, 'I_gpi': 2.0987793107784753, 'noise_stn_sigma': 3.215924332289925, 'noise_gpe_sigma': 110.50950852903742, 'noise_gpi_sigma': 119.6566410350656, 'g_stn_gpe_mult': 4.292976240279481, 'g_gpe_stn_mult': 1.5679646371931482, 'g_stn_gpi_mult': 3.009770865354484, 'g_gpe_gpi_mult': 1.404729555369829}. Best is trial 935 with value: 0.09230771532757111.
[I 2026-05-28 01:21:06,942] Trial 943 finished with value: 0.10032839738708745 and parameters: {'ISTN': 104.78404104262586, 'I_gpe': 0.6451362643655403, 'I_gpi': 2.0389425278656974, 'noise_stn_sigma': 3.471782133337122, 'noise_gpe_sigma': 113.02585891549474, 'noise_gpi_sigma': 121.0664616693338, 'g_stn_gpe_mult': 4.277972490625795, 'g_gpe_stn_mult': 1.5715859499555058, 'g_stn_gpi_mult': 3.054166494184576, 'g_gpe_gpi_mult': 1.404624998440139}. Best is trial 935 with value: 0.09230771532757111.
[I 2026-05-28 01:21:07,951] Trial 944 finished with value: 2.236224663250883 and parameters: {'ISTN': 104.83227527644883, 'I_gpe': 0.6615470762346121, 'I_gpi': 2.0807635991607674, 'noise_stn_sigma': 3.3783970763318054, 'noise_gpe_sigma': 110.55891156767153, 'noise_gpi_sigma': 121.15854097789293, 'g_stn_gpe_mult': 4.2248902037444225, 'g_gpe_stn_mult': 1.5686972092008975, 'g_stn_gpi_mult': 3.219029584626346, 'g_gpe_gpi_mult': 1.388469444394767}. Best is trial 935 with value: 0.09230771532757111.
[I 2026-05-28 01:21:08,960] Trial 945 finished with value: 3.0405433199321554 and parameters: {'ISTN': 103.03338922395777, 'I_gpe': 0.6730071564356034, 'I_gpi': 2.0362863596496634, 'noise_stn_sigma': 3.3074645254942925, 'noise_gpe_sigma': 107.98916395973977, 'noise_gpi_sigma': 122.7027181638831, 'g_stn_gpe_mult': 4.173238461046012, 'g_gpe_stn_mult': 1.553768067402745, 'g_stn_gpi_mult': 3.1550229849694262, 'g_gpe_gpi_mult': 1.468631870584818}. Best is trial 935 with value: 0.09230771532757111.
[I 2026-05-28 01:21:09,967] Trial 946 finished with value: 0.10732810416333764 and parameters: {'ISTN': 103.22436422843938, 'I_gpe': 0.6878035415975193, 'I_gpi': 2.1661992549737885, 'noise_stn_sigma': 3.2537150993185215, 'noise_gpe_sigma': 108.70273416072656, 'noise_gpi_sigma': 125.54562586523336, 'g_stn_gpe_mult': 4.174554675196941, 'g_gpe_stn_mult': 1.5455362809497564, 'g_stn_gpi_mult': 2.9882630644079144, 'g_gpe_gpi_mult': 1.4687027306208729}. Best is trial 935 with value: 0.09230771532757111.
[I 2026-05-28 01:21:10,976] Trial 947 finished with value: 0.6117235271306927 and parameters: {'ISTN': 105.45193404636305, 'I_gpe': 0.6581966026732026, 'I_gpi': 2.0299983729520967, 'noise_stn_sigma': 3.485941523674782, 'noise_gpe_sigma': 111.32721638091054, 'noise_gpi_sigma': 117.3219211281672, 'g_stn_gpe_mult': 4.39320833260921, 'g_gpe_stn_mult': 1.5767250574400802, 'g_stn_gpi_mult': 3.1860282224058074, 'g_gpe_gpi_mult': 1.40693637995016}. Best is trial 935 with value: 0.09230771532757111.
[I 2026-05-28 01:21:11,983] Trial 948 finished with value: 0.11692201895839241 and parameters: {'ISTN': 102.70589482465329, 'I_gpe': 0.6403510285853055, 'I_gpi': 2.1046149816063298, 'noise_stn_sigma': 3.1756505981709267, 'noise_gpe_sigma': 114.18899991687083, 'noise_gpi_sigma': 122.77960332940388, 'g_stn_gpe_mult': 4.249212225880378, 'g_gpe_stn_mult': 1.5611486606119935, 'g_stn_gpi_mult': 2.9497175652075476, 'g_gpe_gpi_mult': 1.4197206395699915}. Best is trial 935 with value: 0.09230771532757111.
[I 2026-05-28 01:21:12,992] Trial 949 finished with value: 0.19065941870589176 and parameters: {'ISTN': 105.64177811232939, 'I_gpe': 0.6576490499409311, 'I_gpi': 2.097667868449916, 'noise_stn_sigma': 3.3508022527661074, 'noise_gpe_sigma': 111.91625597557724, 'noise_gpi_sigma': 123.04812363469814, 'g_stn_gpe_mult': 4.146610666601431, 'g_gpe_stn_mult': 1.5810442123038349, 'g_stn_gpi_mult': 3.0809416982486257, 'g_gpe_gpi_mult': 1.4032331695881044}. Best is trial 935 with value: 0.09230771532757111.
[I 2026-05-28 01:21:14,002] Trial 950 finished with value: 3.845476607110567 and parameters: {'ISTN': 103.59538551988673, 'I_gpe': 0.665434081082029, 'I_gpi': 2.035461988925069, 'noise_stn_sigma': 3.4777797229962184, 'noise_gpe_sigma': 111.85822181281173, 'noise_gpi_sigma': 122.92756717232439, 'g_stn_gpe_mult': 4.269423944672464, 'g_gpe_stn_mult': 1.5528517268388915, 'g_stn_gpi_mult': 3.043659917636205, 'g_gpe_gpi_mult': 1.4582197129109564}. Best is trial 935 with value: 0.09230771532757111.
[I 2026-05-28 01:21:15,011] Trial 951 finished with value: 1.5776437993455559 and parameters: {'ISTN': 104.9017587803336, 'I_gpe': 0.6382280989781133, 'I_gpi': 2.0165033499504625, 'noise_stn_sigma': 3.4755136156133073, 'noise_gpe_sigma': 111.40010211046292, 'noise_gpi_sigma': 120.93029142195829, 'g_stn_gpe_mult': 4.306041658335726, 'g_gpe_stn_mult': 1.5705539468589471, 'g_stn_gpi_mult': 3.1467757588436642, 'g_gpe_gpi_mult': 1.3119215810524156}. Best is trial 935 with value: 0.09230771532757111.
[I 2026-05-28 01:21:16,018] Trial 952 finished with value: 0.11012593376766162 and parameters: {'ISTN': 103.67075514124554, 'I_gpe': 0.6624293137552824, 'I_gpi': 2.075196442854268, 'noise_stn_sigma': 3.1740353479595997, 'noise_gpe_sigma': 107.04036093382936, 'noise_gpi_sigma': 125.31968742163846, 'g_stn_gpe_mult': 4.163690772426804, 'g_gpe_stn_mult': 1.5573064535482073, 'g_stn_gpi_mult': 2.950478809736463, 'g_gpe_gpi_mult': 1.5085494239816637}. Best is trial 935 with value: 0.09230771532757111.
[I 2026-05-28 01:21:17,025] Trial 953 finished with value: 1.777739347729407 and parameters: {'ISTN': 104.4193512293661, 'I_gpe': 0.7186160021732105, 'I_gpi': 2.1290173689767014, 'noise_stn_sigma': 3.3629092087198424, 'noise_gpe_sigma': 110.35871998529348, 'noise_gpi_sigma': 124.38492874937108, 'g_stn_gpe_mult': 4.235171265207075, 'g_gpe_stn_mult': 1.5462572435846558, 'g_stn_gpi_mult': 2.9373977970320264, 'g_gpe_gpi_mult': 1.4675717712669163}. Best is trial 935 with value: 0.09230771532757111.
[I 2026-05-28 01:21:18,032] Trial 954 finished with value: 0.671991868612271 and parameters: {'ISTN': 104.47559276136946, 'I_gpe': 0.6590381232448611, 'I_gpi': 2.0468833967489592, 'noise_stn_sigma': 3.444083643794077, 'noise_gpe_sigma': 110.58683423886723, 'noise_gpi_sigma': 121.77639672405631, 'g_stn_gpe_mult': 4.301521450143452, 'g_gpe_stn_mult': 1.5903134962227405, 'g_stn_gpi_mult': 3.078842700709448, 'g_gpe_gpi_mult': 1.4003549599462957}. Best is trial 935 with value: 0.09230771532757111.
[I 2026-05-28 01:21:19,040] Trial 955 finished with value: 1.580685790725082 and parameters: {'ISTN': 104.27649877588796, 'I_gpe': 0.6449518506904005, 'I_gpi': 2.0356081441653746, 'noise_stn_sigma': 3.4583477998075116, 'noise_gpe_sigma': 112.39041362910199, 'noise_gpi_sigma': 123.03924539081541, 'g_stn_gpe_mult': 4.32058649322901, 'g_gpe_stn_mult': 1.562796414682895, 'g_stn_gpi_mult': 3.0975218155194097, 'g_gpe_gpi_mult': 1.4428385175721312}. Best is trial 935 with value: 0.09230771532757111.
[I 2026-05-28 01:21:20,050] Trial 956 finished with value: 0.9019818098096078 and parameters: {'ISTN': 104.80433644504365, 'I_gpe': 0.6639078189738925, 'I_gpi': 2.1427703554721047, 'noise_stn_sigma': 3.3484192684708685, 'noise_gpe_sigma': 110.5111586414753, 'noise_gpi_sigma': 121.51900598527118, 'g_stn_gpe_mult': 4.215842320778265, 'g_gpe_stn_mult': 1.5657638146451618, 'g_stn_gpi_mult': 2.948680489638474, 'g_gpe_gpi_mult': 1.445036207696526}. Best is trial 935 with value: 0.09230771532757111.
[I 2026-05-28 01:21:21,060] Trial 957 finished with value: 0.11686261620712063 and parameters: {'ISTN': 103.45756792947415, 'I_gpe': 0.6397149710482246, 'I_gpi': 2.010821890340405, 'noise_stn_sigma': 3.2525236098362535, 'noise_gpe_sigma': 110.6290575283993, 'noise_gpi_sigma': 123.8270068510221, 'g_stn_gpe_mult': 4.243743797523118, 'g_gpe_stn_mult': 1.5540254170812655, 'g_stn_gpi_mult': 3.0217782811777947, 'g_gpe_gpi_mult': 1.4081246149406252}. Best is trial 935 with value: 0.09230771532757111.
[I 2026-05-28 01:21:22,067] Trial 958 finished with value: 0.10521889469491873 and parameters: {'ISTN': 104.77242066771646, 'I_gpe': 0.6446663289563265, 'I_gpi': 2.1214306364673705, 'noise_stn_sigma': 3.361860886233875, 'noise_gpe_sigma': 110.20775297738844, 'noise_gpi_sigma': 119.98156365242568, 'g_stn_gpe_mult': 4.209184016378243, 'g_gpe_stn_mult': 1.5797545174969019, 'g_stn_gpi_mult': 2.9939727883511376, 'g_gpe_gpi_mult': 1.3948569297425324}. Best is trial 935 with value: 0.09230771532757111.
[I 2026-05-28 01:21:23,073] Trial 959 finished with value: 0.11841672329854883 and parameters: {'ISTN': 103.44778423381459, 'I_gpe': 0.6586080405274232, 'I_gpi': 2.0849950716975494, 'noise_stn_sigma': 3.290087090135428, 'noise_gpe_sigma': 110.72360430684536, 'noise_gpi_sigma': 122.94658113089297, 'g_stn_gpe_mult': 4.26826131417778, 'g_gpe_stn_mult': 1.5558246836684333, 'g_stn_gpi_mult': 2.8704662877220417, 'g_gpe_gpi_mult': 1.446476028312312}. Best is trial 935 with value: 0.09230771532757111.
[I 2026-05-28 01:21:24,081] Trial 960 finished with value: 0.10771604748449831 and parameters: {'ISTN': 102.1409091805595, 'I_gpe': 0.648498249907951, 'I_gpi': 2.1251668882814423, 'noise_stn_sigma': 3.217087904220402, 'noise_gpe_sigma': 113.01497385716885, 'noise_gpi_sigma': 124.34518546490845, 'g_stn_gpe_mult': 4.186206807898557, 'g_gpe_stn_mult': 1.5220256787009807, 'g_stn_gpi_mult': 2.8289032224937767, 'g_gpe_gpi_mult': 1.5295888954328074}. Best is trial 935 with value: 0.09230771532757111.
[I 2026-05-28 01:21:25,088] Trial 961 finished with value: 0.6593370421194265 and parameters: {'ISTN': 104.98353000615711, 'I_gpe': 0.6560632290479882, 'I_gpi': 2.106860017546488, 'noise_stn_sigma': 3.3851080172409542, 'noise_gpe_sigma': 112.91103560410498, 'noise_gpi_sigma': 122.51541382256201, 'g_stn_gpe_mult': 4.08815777915677, 'g_gpe_stn_mult': 1.558302743987095, 'g_stn_gpi_mult': 3.0803063362882046, 'g_gpe_gpi_mult': 1.4535166774952542}. Best is trial 935 with value: 0.09230771532757111.
[I 2026-05-28 01:21:26,094] Trial 962 finished with value: 0.10709250360980746 and parameters: {'ISTN': 104.45848384976048, 'I_gpe': 0.6737994175341071, 'I_gpi': 2.144514153907165, 'noise_stn_sigma': 3.27999682930274, 'noise_gpe_sigma': 111.08673933627811, 'noise_gpi_sigma': 123.0056770778299, 'g_stn_gpe_mult': 4.124921248267166, 'g_gpe_stn_mult': 1.5552831372609406, 'g_stn_gpi_mult': 2.97574949038306, 'g_gpe_gpi_mult': 1.4599707414990624}. Best is trial 935 with value: 0.09230771532757111.
[I 2026-05-28 01:21:27,100] Trial 963 finished with value: 6.34099136681264 and parameters: {'ISTN': 104.19300334252262, 'I_gpe': 0.6562571182372936, 'I_gpi': 2.166302065747555, 'noise_stn_sigma': 3.330186323022925, 'noise_gpe_sigma': 107.81785422745557, 'noise_gpi_sigma': 121.02759741304953, 'g_stn_gpe_mult': 4.220970496863216, 'g_gpe_stn_mult': 1.572063297985367, 'g_stn_gpi_mult': 2.954610829725574, 'g_gpe_gpi_mult': 1.4422414785585174}. Best is trial 935 with value: 0.09230771532757111.
[I 2026-05-28 01:21:28,107] Trial 964 finished with value: 1.0994905103019925 and parameters: {'ISTN': 106.48790617976901, 'I_gpe': 0.6997596478170482, 'I_gpi': 2.1273334853822066, 'noise_stn_sigma': 3.451035226616772, 'noise_gpe_sigma': 111.26765199099688, 'noise_gpi_sigma': 118.83947646653651, 'g_stn_gpe_mult': 4.304209378571199, 'g_gpe_stn_mult': 1.5842713860276842, 'g_stn_gpi_mult': 3.176624819895067, 'g_gpe_gpi_mult': 1.3734003082889066}. Best is trial 935 with value: 0.09230771532757111.
[I 2026-05-28 01:21:29,114] Trial 965 finished with value: 0.10431836197647676 and parameters: {'ISTN': 104.52649356991397, 'I_gpe': 0.7153885525462713, 'I_gpi': 2.075885265285936, 'noise_stn_sigma': 3.1903695469401274, 'noise_gpe_sigma': 104.31120468839, 'noise_gpi_sigma': 123.24729578219524, 'g_stn_gpe_mult': 4.167451727447843, 'g_gpe_stn_mult': 1.5483543676329203, 'g_stn_gpi_mult': 2.9378628839568917, 'g_gpe_gpi_mult': 1.4779949897443745}. Best is trial 935 with value: 0.09230771532757111.
[I 2026-05-28 01:21:30,119] Trial 966 finished with value: 0.11568459317604673 and parameters: {'ISTN': 105.10840823074348, 'I_gpe': 0.660823411318912, 'I_gpi': 2.1639431011050037, 'noise_stn_sigma': 3.3005897798358337, 'noise_gpe_sigma': 107.68167001869558, 'noise_gpi_sigma': 121.94969981973253, 'g_stn_gpe_mult': 4.27005617349403, 'g_gpe_stn_mult': 1.5829416304816843, 'g_stn_gpi_mult': 3.0776952342842856, 'g_gpe_gpi_mult': 1.4495994705474928}. Best is trial 935 with value: 0.09230771532757111.
[I 2026-05-28 01:21:31,126] Trial 967 finished with value: 0.2604815745918273 and parameters: {'ISTN': 103.88564156113664, 'I_gpe': 0.6873033685668213, 'I_gpi': 2.076179794408083, 'noise_stn_sigma': 3.263882738352661, 'noise_gpe_sigma': 108.36795168056703, 'noise_gpi_sigma': 120.20172865828935, 'g_stn_gpe_mult': 4.208636070699565, 'g_gpe_stn_mult': 1.5404802779276432, 'g_stn_gpi_mult': 2.9437890624939502, 'g_gpe_gpi_mult': 1.390351890545402}. Best is trial 935 with value: 0.09230771532757111.
