[I 2026-05-28 00:58:37,907] Trial 616 finished with value: 5.6643142040833405 and parameters: {'ISTN': 77.74124271987998, 'I_gpe': 1.0073883153304597, 'I_gpi': 1.5949849389004607, 'noise_stn_sigma': 6.47793616277877, 'noise_gpe_sigma': 89.93462733346979, 'noise_gpi_sigma': 70.4166168526244, 'g_stn_gpe_mult': 1.8294757249288782, 'g_gpe_stn_mult': 0.17038135310240488, 'g_stn_gpi_mult': 2.604929789293315, 'g_gpe_gpi_mult': 0.9419858782059911}. Best is trial 119 with value: 0.2337670588460598.
[I 2026-05-28 00:58:38,919] Trial 617 finished with value: 7.677160601304232 and parameters: {'ISTN': 79.30507217364428, 'I_gpe': 1.0330976610884128, 'I_gpi': 1.9018137677714668, 'noise_stn_sigma': 6.717836234274723, 'noise_gpe_sigma': 88.42510896539757, 'noise_gpi_sigma': 75.93757945417795, 'g_stn_gpe_mult': 1.691685692634307, 'g_gpe_stn_mult': 0.19946532850185328, 'g_stn_gpi_mult': 2.429206271200479, 'g_gpe_gpi_mult': 0.9051360002412019}. Best is trial 119 with value: 0.2337670588460598.
[I 2026-05-28 00:58:39,933] Trial 618 finished with value: 2.3396075043693543 and parameters: {'ISTN': 80.02872527083707, 'I_gpe': 1.035644508565668, 'I_gpi': 1.9486842493983738, 'noise_stn_sigma': 6.6971699586075335, 'noise_gpe_sigma': 92.63077141596511, 'noise_gpi_sigma': 75.43142203531693, 'g_stn_gpe_mult': 1.6190820965629422, 'g_gpe_stn_mult': 0.16757825959689554, 'g_stn_gpi_mult': 2.541052742423491, 'g_gpe_gpi_mult': 0.9081426479621424}. Best is trial 119 with value: 0.2337670588460598.
[I 2026-05-28 00:58:40,945] Trial 619 finished with value: 9.86171045104061 and parameters: {'ISTN': 77.0581840157036, 'I_gpe': 0.9777345820116565, 'I_gpi': 1.631840795555302, 'noise_stn_sigma': 6.440413054437136, 'noise_gpe_sigma': 93.36759871849759, 'noise_gpi_sigma': 75.21752577588126, 'g_stn_gpe_mult': 1.8133731611972195, 'g_gpe_stn_mult': 0.14457830819116896, 'g_stn_gpi_mult': 2.5547739395541815, 'g_gpe_gpi_mult': 0.9137691496441609}. Best is trial 119 with value: 0.2337670588460598.
[I 2026-05-28 00:58:41,955] Trial 620 finished with value: 9.270956806115857 and parameters: {'ISTN': 78.03694342082886, 'I_gpe': 1.0767207709074866, 'I_gpi': 1.9940593191192206, 'noise_stn_sigma': 6.777581172373808, 'noise_gpe_sigma': 84.18315261641455, 'noise_gpi_sigma': 72.18251246918838, 'g_stn_gpe_mult': 1.693469436684558, 'g_gpe_stn_mult': 0.16540987480062896, 'g_stn_gpi_mult': 2.6798597673618842, 'g_gpe_gpi_mult': 0.9663114510885291}. Best is trial 119 with value: 0.2337670588460598.
[I 2026-05-28 00:58:42,966] Trial 621 finished with value: 6.6660536435431395 and parameters: {'ISTN': 82.45832648055321, 'I_gpe': 1.0120046636305928, 'I_gpi': 2.0597461649553153, 'noise_stn_sigma': 6.795608522408967, 'noise_gpe_sigma': 87.46701733065191, 'noise_gpi_sigma': 71.39542187831428, 'g_stn_gpe_mult': 1.5499037049242599, 'g_gpe_stn_mult': 0.18384982947309308, 'g_stn_gpi_mult': 2.5388350265314186, 'g_gpe_gpi_mult': 0.9520355955709905}. Best is trial 119 with value: 0.2337670588460598.
[I 2026-05-28 00:58:43,976] Trial 622 finished with value: 9.363776328202388 and parameters: {'ISTN': 76.46546141350949, 'I_gpe': 1.210822807351298, 'I_gpi': 1.715536877178398, 'noise_stn_sigma': 6.6222911174038845, 'noise_gpe_sigma': 84.29768184561976, 'noise_gpi_sigma': 71.17933672350465, 'g_stn_gpe_mult': 1.8220380951470108, 'g_gpe_stn_mult': 0.12309723400226344, 'g_stn_gpi_mult': 2.728145905797561, 'g_gpe_gpi_mult': 0.9919832686444376}. Best is trial 119 with value: 0.2337670588460598.
[I 2026-05-28 00:58:44,986] Trial 623 finished with value: 3.6003855544016528 and parameters: {'ISTN': 82.82214623175847, 'I_gpe': 0.9572891922780121, 'I_gpi': 2.176182372683578, 'noise_stn_sigma': 5.961704706286368, 'noise_gpe_sigma': 92.02698119524874, 'noise_gpi_sigma': 69.99250149319401, 'g_stn_gpe_mult': 1.8364907311175804, 'g_gpe_stn_mult': 0.1343630912852833, 'g_stn_gpi_mult': 2.385240496322738, 'g_gpe_gpi_mult': 0.9171365204003685}. Best is trial 119 with value: 0.2337670588460598.
[I 2026-05-28 00:58:45,997] Trial 624 finished with value: 5.176722506438765 and parameters: {'ISTN': 82.02860396793771, 'I_gpe': 0.9307533758313643, 'I_gpi': 2.152935995595488, 'noise_stn_sigma': 6.4079728960830575, 'noise_gpe_sigma': 83.85417866182729, 'noise_gpi_sigma': 76.95759478143567, 'g_stn_gpe_mult': 1.5327742038090983, 'g_gpe_stn_mult': 0.16118474507917502, 'g_stn_gpi_mult': 2.5573505087134047, 'g_gpe_gpi_mult': 0.9360419128495261}. Best is trial 119 with value: 0.2337670588460598.
[I 2026-05-28 00:58:47,006] Trial 625 finished with value: 1.118689595764827 and parameters: {'ISTN': 79.00136721903691, 'I_gpe': 0.9820077104716904, 'I_gpi': 2.101875817896056, 'noise_stn_sigma': 6.198284124025413, 'noise_gpe_sigma': 89.498655235933, 'noise_gpi_sigma': 75.85352495747478, 'g_stn_gpe_mult': 1.63242635549178, 'g_gpe_stn_mult': 0.172956216370307, 'g_stn_gpi_mult': 2.516398294915962, 'g_gpe_gpi_mult': 0.9085379143630954}. Best is trial 119 with value: 0.2337670588460598.
[I 2026-05-28 00:58:48,017] Trial 626 finished with value: 1.2713324344212247 and parameters: {'ISTN': 80.3732539323108, 'I_gpe': 0.9842125783143785, 'I_gpi': 1.7464582567716507, 'noise_stn_sigma': 6.452420082506694, 'noise_gpe_sigma': 88.1443234775153, 'noise_gpi_sigma': 76.1737100557375, 'g_stn_gpe_mult': 1.7618171725329548, 'g_gpe_stn_mult': 0.1487376345933099, 'g_stn_gpi_mult': 2.5466924957326174, 'g_gpe_gpi_mult': 0.9638737162677644}. Best is trial 119 with value: 0.2337670588460598.
[I 2026-05-28 00:58:49,027] Trial 627 finished with value: 3.1572427542570445 and parameters: {'ISTN': 80.72281733472946, 'I_gpe': 1.003102524945201, 'I_gpi': 1.890988834044399, 'noise_stn_sigma': 6.432093406339235, 'noise_gpe_sigma': 98.08061619614573, 'noise_gpi_sigma': 70.16116076085562, 'g_stn_gpe_mult': 1.6715034717703248, 'g_gpe_stn_mult': 0.16717372809449393, 'g_stn_gpi_mult': 2.3593163425572157, 'g_gpe_gpi_mult': 0.9565924920088185}. Best is trial 119 with value: 0.2337670588460598.
[I 2026-05-28 00:58:50,040] Trial 628 finished with value: 1.7947398651215187 and parameters: {'ISTN': 80.51849724810288, 'I_gpe': 1.0211810238352892, 'I_gpi': 1.9970320840974687, 'noise_stn_sigma': 6.415227010046132, 'noise_gpe_sigma': 92.02883280151612, 'noise_gpi_sigma': 77.41169876079746, 'g_stn_gpe_mult': 1.758897434088553, 'g_gpe_stn_mult': 0.1586081000042019, 'g_stn_gpi_mult': 2.501392628472996, 'g_gpe_gpi_mult': 0.8797517702399962}. Best is trial 119 with value: 0.2337670588460598.
[I 2026-05-28 00:58:51,048] Trial 629 finished with value: 4.843370708891941 and parameters: {'ISTN': 76.45664035054169, 'I_gpe': 1.0582606012048281, 'I_gpi': 2.1033725696751047, 'noise_stn_sigma': 6.495207670085009, 'noise_gpe_sigma': 84.72104415271866, 'noise_gpi_sigma': 77.94013506957492, 'g_stn_gpe_mult': 1.6281800727997306, 'g_gpe_stn_mult': 0.19056502146348675, 'g_stn_gpi_mult': 2.4746104610747355, 'g_gpe_gpi_mult': 0.8500537842605651}. Best is trial 119 with value: 0.2337670588460598.
[I 2026-05-28 00:58:52,057] Trial 630 finished with value: 1.1690007814375063 and parameters: {'ISTN': 77.81328985249425, 'I_gpe': 1.0007317395364785, 'I_gpi': 2.0513479757265918, 'noise_stn_sigma': 6.514467387426452, 'noise_gpe_sigma': 77.98862223324258, 'noise_gpi_sigma': 81.46461127503358, 'g_stn_gpe_mult': 1.7068145803824637, 'g_gpe_stn_mult': 0.20703327126153137, 'g_stn_gpi_mult': 2.521277954020375, 'g_gpe_gpi_mult': 0.860708087271622}. Best is trial 119 with value: 0.2337670588460598.
[I 2026-05-28 00:58:53,071] Trial 631 finished with value: 1.0465127447412579 and parameters: {'ISTN': 77.3856160508667, 'I_gpe': 1.0156668144527237, 'I_gpi': 2.029280416727472, 'noise_stn_sigma': 6.342853323195123, 'noise_gpe_sigma': 85.82009178919282, 'noise_gpi_sigma': 70.91275033620911, 'g_stn_gpe_mult': 1.513018562752769, 'g_gpe_stn_mult': 0.18386696461259838, 'g_stn_gpi_mult': 2.6095709289201316, 'g_gpe_gpi_mult': 0.9060990845915975}. Best is trial 119 with value: 0.2337670588460598.
[I 2026-05-28 00:58:54,082] Trial 632 finished with value: 2.947996468473022 and parameters: {'ISTN': 83.3034946695326, 'I_gpe': 0.974566587107134, 'I_gpi': 1.9049490731400436, 'noise_stn_sigma': 6.660736646475507, 'noise_gpe_sigma': 86.47247366974078, 'noise_gpi_sigma': 79.68566783270788, 'g_stn_gpe_mult': 1.6990557345468957, 'g_gpe_stn_mult': 0.1586433776326692, 'g_stn_gpi_mult': 2.5016039312795604, 'g_gpe_gpi_mult': 0.9591849040875864}. Best is trial 119 with value: 0.2337670588460598.
[I 2026-05-28 00:58:55,093] Trial 633 finished with value: 5.688848082043501 and parameters: {'ISTN': 83.66372297125115, 'I_gpe': 0.9139264559829203, 'I_gpi': 2.2186686824505415, 'noise_stn_sigma': 6.16316864862285, 'noise_gpe_sigma': 88.57960411437992, 'noise_gpi_sigma': 82.21188951705935, 'g_stn_gpe_mult': 1.857204384099058, 'g_gpe_stn_mult': 0.17437092589779313, 'g_stn_gpi_mult': 2.394523108975703, 'g_gpe_gpi_mult': 0.9072639658712238}. Best is trial 119 with value: 0.2337670588460598.
[I 2026-05-28 00:58:56,102] Trial 634 finished with value: 5.532076954070113 and parameters: {'ISTN': 77.6403645459448, 'I_gpe': 1.0387850153704177, 'I_gpi': 2.069816029926833, 'noise_stn_sigma': 6.355515362700027, 'noise_gpe_sigma': 93.46590209166217, 'noise_gpi_sigma': 73.75155769822729, 'g_stn_gpe_mult': 1.722620180691285, 'g_gpe_stn_mult': 0.16824515769454457, 'g_stn_gpi_mult': 2.4890662889831656, 'g_gpe_gpi_mult': 0.896815638432864}. Best is trial 119 with value: 0.2337670588460598.
[I 2026-05-28 00:58:57,111] Trial 635 finished with value: 2.089934780222304 and parameters: {'ISTN': 78.86924451885426, 'I_gpe': 1.013174012883371, 'I_gpi': 1.9637346912143938, 'noise_stn_sigma': 6.3769155731615195, 'noise_gpe_sigma': 87.3743876123022, 'noise_gpi_sigma': 76.53296800949536, 'g_stn_gpe_mult': 1.625968830519421, 'g_gpe_stn_mult': 0.17526259576622663, 'g_stn_gpi_mult': 2.488396678406875, 'g_gpe_gpi_mult': 0.958943841784494}. Best is trial 119 with value: 0.2337670588460598.
[I 2026-05-28 00:58:58,125] Trial 636 finished with value: 2.1775486186322777 and parameters: {'ISTN': 79.79575916999376, 'I_gpe': 1.006103373875932, 'I_gpi': 1.9994833214552492, 'noise_stn_sigma': 6.17004664140593, 'noise_gpe_sigma': 83.8426623973374, 'noise_gpi_sigma': 71.74281657946469, 'g_stn_gpe_mult': 1.6292628187008171, 'g_gpe_stn_mult': 0.17415401618900456, 'g_stn_gpi_mult': 2.5460540343314024, 'g_gpe_gpi_mult': 0.9188004038386286}. Best is trial 119 with value: 0.2337670588460598.
[I 2026-05-28 00:58:59,137] Trial 637 finished with value: 8.771749144524861 and parameters: {'ISTN': 77.01596795121928, 'I_gpe': 1.0103905865288616, 'I_gpi': 1.9683910775542643, 'noise_stn_sigma': 6.0808761241000235, 'noise_gpe_sigma': 92.80808127820688, 'noise_gpi_sigma': 79.81092332635296, 'g_stn_gpe_mult': 1.6134344450607931, 'g_gpe_stn_mult': 0.1485681658899155, 'g_stn_gpi_mult': 2.4808103518114986, 'g_gpe_gpi_mult': 0.873241419310212}. Best is trial 119 with value: 0.2337670588460598.
[I 2026-05-28 00:59:00,145] Trial 638 finished with value: 4.3668041849286405 and parameters: {'ISTN': 78.86878734574057, 'I_gpe': 0.9975107442082395, 'I_gpi': 2.0166243671493937, 'noise_stn_sigma': 6.065780699808864, 'noise_gpe_sigma': 93.04453882674078, 'noise_gpi_sigma': 74.11939808734991, 'g_stn_gpe_mult': 1.8455727706542968, 'g_gpe_stn_mult': 0.1665073765409305, 'g_stn_gpi_mult': 2.4975393844135905, 'g_gpe_gpi_mult': 0.8956902797956452}. Best is trial 119 with value: 0.2337670588460598.
[I 2026-05-28 00:59:01,154] Trial 639 finished with value: 2.322821256473011 and parameters: {'ISTN': 79.69905679686951, 'I_gpe': 1.0319479439398858, 'I_gpi': 2.0055074316073704, 'noise_stn_sigma': 6.297544447688632, 'noise_gpe_sigma': 87.23942328255725, 'noise_gpi_sigma': 74.1630380858985, 'g_stn_gpe_mult': 1.586827023292668, 'g_gpe_stn_mult': 0.18403722353889423, 'g_stn_gpi_mult': 2.466480235176007, 'g_gpe_gpi_mult': 0.9071375720343655}. Best is trial 119 with value: 0.2337670588460598.
[I 2026-05-28 00:59:02,164] Trial 640 finished with value: 8.11093024078011 and parameters: {'ISTN': 76.55218734801319, 'I_gpe': 1.0541696804148155, 'I_gpi': 1.680040546137477, 'noise_stn_sigma': 6.388468322027342, 'noise_gpe_sigma': 83.31994594902713, 'noise_gpi_sigma': 74.09332086633975, 'g_stn_gpe_mult': 1.7140578324363442, 'g_gpe_stn_mult': 0.17079041093775205, 'g_stn_gpi_mult': 2.5203572361274476, 'g_gpe_gpi_mult': 0.8865014621815073}. Best is trial 119 with value: 0.2337670588460598.
[I 2026-05-28 00:59:03,177] Trial 641 finished with value: 2.35658739392335 and parameters: {'ISTN': 80.40645494457732, 'I_gpe': 0.9798899220808862, 'I_gpi': 2.0372830338994445, 'noise_stn_sigma': 6.5490104804815665, 'noise_gpe_sigma': 81.27533033506552, 'noise_gpi_sigma': 76.2933828883792, 'g_stn_gpe_mult': 1.5908615859866515, 'g_gpe_stn_mult': 0.17838693654780555, 'g_stn_gpi_mult': 2.6037982501247465, 'g_gpe_gpi_mult': 0.9337610805410956}. Best is trial 119 with value: 0.2337670588460598.
[I 2026-05-28 00:59:04,187] Trial 642 finished with value: 7.51889773464941 and parameters: {'ISTN': 72.9593110365182, 'I_gpe': 1.0593929644818418, 'I_gpi': 1.8784740286203752, 'noise_stn_sigma': 6.165076384471581, 'noise_gpe_sigma': 84.4407516132071, 'noise_gpi_sigma': 71.66856735574413, 'g_stn_gpe_mult': 1.5663527624974711, 'g_gpe_stn_mult': 0.18389618789683018, 'g_stn_gpi_mult': 2.51538192835367, 'g_gpe_gpi_mult': 0.9315148870975762}. Best is trial 119 with value: 0.2337670588460598.
[I 2026-05-28 00:59:05,198] Trial 643 finished with value: 8.437774181752513 and parameters: {'ISTN': 82.809758461148, 'I_gpe': 1.024528958507909, 'I_gpi': 2.07616279617789, 'noise_stn_sigma': 6.360422699889901, 'noise_gpe_sigma': 81.18854925146982, 'noise_gpi_sigma': 68.86311038448389, 'g_stn_gpe_mult': 1.541069340636781, 'g_gpe_stn_mult': 0.1839349476771088, 'g_stn_gpi_mult': 2.500059938120393, 'g_gpe_gpi_mult': 0.9207420546552096}. Best is trial 119 with value: 0.2337670588460598.
[I 2026-05-28 00:59:06,209] Trial 644 finished with value: 1.0510332576211876 and parameters: {'ISTN': 76.96055745002421, 'I_gpe': 0.9836694085323078, 'I_gpi': 2.193175574134426, 'noise_stn_sigma': 6.587245927561645, 'noise_gpe_sigma': 75.17571205698222, 'noise_gpi_sigma': 77.02314349081718, 'g_stn_gpe_mult': 1.5489689474603718, 'g_gpe_stn_mult': 0.1965116921385825, 'g_stn_gpi_mult': 2.5911248345530717, 'g_gpe_gpi_mult': 0.9288823248829323}. Best is trial 119 with value: 0.2337670588460598.
[I 2026-05-28 00:59:07,219] Trial 645 finished with value: 1.9180186404276447 and parameters: {'ISTN': 79.17559391730148, 'I_gpe': 1.0225982001157092, 'I_gpi': 2.0098883524469007, 'noise_stn_sigma': 6.425678845569405, 'noise_gpe_sigma': 90.97457726149922, 'noise_gpi_sigma': 72.60073142388325, 'g_stn_gpe_mult': 1.6455138706426304, 'g_gpe_stn_mult': 0.18239418261574725, 'g_stn_gpi_mult': 2.603470375304324, 'g_gpe_gpi_mult': 0.9021498327391324}. Best is trial 119 with value: 0.2337670588460598.
[I 2026-05-28 00:59:08,230] Trial 646 finished with value: 11.178593349621373 and parameters: {'ISTN': 77.24038746469381, 'I_gpe': 1.046592375454841, 'I_gpi': 2.0506016058284926, 'noise_stn_sigma': 6.112222466445859, 'noise_gpe_sigma': 86.21934011369056, 'noise_gpi_sigma': 78.62079456563143, 'g_stn_gpe_mult': 1.7482592712951246, 'g_gpe_stn_mult': 0.15942128822352186, 'g_stn_gpi_mult': 2.5630084418163666, 'g_gpe_gpi_mult': 0.9264333647692267}. Best is trial 119 with value: 0.2337670588460598.
[I 2026-05-28 00:59:09,244] Trial 647 finished with value: 3.768032747245656 and parameters: {'ISTN': 74.33592525841529, 'I_gpe': 0.9781358570870438, 'I_gpi': 2.0394392973053073, 'noise_stn_sigma': 6.01153752004272, 'noise_gpe_sigma': 84.57393962529922, 'noise_gpi_sigma': 77.20085565236838, 'g_stn_gpe_mult': 1.7404923050554881, 'g_gpe_stn_mult': 0.15096830240422457, 'g_stn_gpi_mult': 2.526129383687951, 'g_gpe_gpi_mult': 0.9823800518598202}. Best is trial 119 with value: 0.2337670588460598.
[I 2026-05-28 00:59:10,195] Trial 648 finished with value: 1000000.0 and parameters: {'ISTN': 77.74319646820476, 'I_gpe': 0.9957272573638649, 'I_gpi': 1.8805203631393042, 'noise_stn_sigma': 6.322474064667262, 'noise_gpe_sigma': 82.48548935403392, 'noise_gpi_sigma': 74.82626290456167, 'g_stn_gpe_mult': 1.6912042158763407, 'g_gpe_stn_mult': 0.19364506437605444, 'g_stn_gpi_mult': 2.6205889242399385, 'g_gpe_gpi_mult': 0.9386582433079023}. Best is trial 119 with value: 0.2337670588460598.
[I 2026-05-28 00:59:11,207] Trial 649 finished with value: 5.668158283565596 and parameters: {'ISTN': 75.41659302526625, 'I_gpe': 0.9785636846632918, 'I_gpi': 2.0941523507477053, 'noise_stn_sigma': 6.122821113577181, 'noise_gpe_sigma': 89.60994975614224, 'noise_gpi_sigma': 76.78921817835949, 'g_stn_gpe_mult': 1.6041946689413864, 'g_gpe_stn_mult': 0.1964339405547103, 'g_stn_gpi_mult': 2.5084911330314705, 'g_gpe_gpi_mult': 0.9400687329372654}. Best is trial 119 with value: 0.2337670588460598.
[I 2026-05-28 00:59:12,219] Trial 650 finished with value: 6.526552340849903 and parameters: {'ISTN': 76.3247483601445, 'I_gpe': 1.0294093443026608, 'I_gpi': 2.0244906312318727, 'noise_stn_sigma': 6.243084289347444, 'noise_gpe_sigma': 85.64632611857203, 'noise_gpi_sigma': 75.07830678830996, 'g_stn_gpe_mult': 1.5485888683662319, 'g_gpe_stn_mult': 0.1666347271731724, 'g_stn_gpi_mult': 2.5640391055680767, 'g_gpe_gpi_mult': 0.962837094951551}. Best is trial 119 with value: 0.2337670588460598.
[I 2026-05-28 00:59:13,230] Trial 651 finished with value: 1.43518803366357 and parameters: {'ISTN': 78.53802691730881, 'I_gpe': 1.0440152915912089, 'I_gpi': 2.1275995310756195, 'noise_stn_sigma': 6.153613800580903, 'noise_gpe_sigma': 79.5335883636034, 'noise_gpi_sigma': 80.13276017056113, 'g_stn_gpe_mult': 1.5820402913483478, 'g_gpe_stn_mult': 0.18619118011915164, 'g_stn_gpi_mult': 2.4863144928523186, 'g_gpe_gpi_mult': 0.8717522281323327}. Best is trial 119 with value: 0.2337670588460598.
[I 2026-05-28 00:59:14,238] Trial 652 finished with value: 1.409947620830448 and parameters: {'ISTN': 77.16852010386557, 'I_gpe': 1.0465840955915722, 'I_gpi': 2.1501399351135086, 'noise_stn_sigma': 6.647631216622242, 'noise_gpe_sigma': 79.65926909344864, 'noise_gpi_sigma': 73.47089808937537, 'g_stn_gpe_mult': 1.5675537265588675, 'g_gpe_stn_mult': 0.19232332658317453, 'g_stn_gpi_mult': 2.5936835208786433, 'g_gpe_gpi_mult': 0.8879561018967392}. Best is trial 119 with value: 0.2337670588460598.
[I 2026-05-28 00:59:15,247] Trial 653 finished with value: 11.4152052739769 and parameters: {'ISTN': 78.1418495458139, 'I_gpe': 1.0696417255159008, 'I_gpi': 1.7467953882550291, 'noise_stn_sigma': 6.1793624372174065, 'noise_gpe_sigma': 82.45057003123478, 'noise_gpi_sigma': 73.1457162122401, 'g_stn_gpe_mult': 1.6037045664048017, 'g_gpe_stn_mult': 0.14160034525596735, 'g_stn_gpi_mult': 2.651093388554129, 'g_gpe_gpi_mult': 0.9308459392074588}. Best is trial 119 with value: 0.2337670588460598.
[I 2026-05-28 00:59:16,257] Trial 654 finished with value: 1.0658901944068442 and parameters: {'ISTN': 77.04825459567824, 'I_gpe': 0.9357148451030373, 'I_gpi': 2.0314289154452227, 'noise_stn_sigma': 6.315441113338284, 'noise_gpe_sigma': 83.02167743621797, 'noise_gpi_sigma': 70.89717620337652, 'g_stn_gpe_mult': 1.623375434780061, 'g_gpe_stn_mult': 0.20440285605611708, 'g_stn_gpi_mult': 2.522145964945814, 'g_gpe_gpi_mult': 0.9405114721439556}. Best is trial 119 with value: 0.2337670588460598.
[I 2026-05-28 00:59:17,268] Trial 655 finished with value: 1.163121077839739 and parameters: {'ISTN': 77.53320558384588, 'I_gpe': 0.9848289460644757, 'I_gpi': 2.064869757070786, 'noise_stn_sigma': 6.871918314069335, 'noise_gpe_sigma': 81.22560829964743, 'noise_gpi_sigma': 80.2931782834092, 'g_stn_gpe_mult': 1.6682231965428485, 'g_gpe_stn_mult': 0.2017004886118877, 'g_stn_gpi_mult': 2.5850542193071386, 'g_gpe_gpi_mult': 0.8506646872070696}. Best is trial 119 with value: 0.2337670588460598.
[I 2026-05-28 00:59:18,281] Trial 656 finished with value: 4.754607672515773 and parameters: {'ISTN': 75.3886034262815, 'I_gpe': 0.8992684383017256, 'I_gpi': 2.153654565080407, 'noise_stn_sigma': 6.259593512627307, 'noise_gpe_sigma': 78.55552694823982, 'noise_gpi_sigma': 77.10579894183698, 'g_stn_gpe_mult': 1.6266402190517062, 'g_gpe_stn_mult': 0.17602835396560734, 'g_stn_gpi_mult': 2.661808981621865, 'g_gpe_gpi_mult': 0.9315990949202433}. Best is trial 119 with value: 0.2337670588460598.
[I 2026-05-28 00:59:19,292] Trial 657 finished with value: 1.6853545377182098 and parameters: {'ISTN': 77.03660702620269, 'I_gpe': 1.0176630603840624, 'I_gpi': 1.936007463783211, 'noise_stn_sigma': 6.494169793141431, 'noise_gpe_sigma': 80.6714959580392, 'noise_gpi_sigma': 74.05731318489299, 'g_stn_gpe_mult': 1.7578706761827965, 'g_gpe_stn_mult': 0.18222459955167608, 'g_stn_gpi_mult': 2.6652511329342117, 'g_gpe_gpi_mult': 0.9271366131875172}. Best is trial 119 with value: 0.2337670588460598.
[I 2026-05-28 00:59:20,300] Trial 658 finished with value: 1.585303890324117 and parameters: {'ISTN': 78.75059038127995, 'I_gpe': 0.9875989209382019, 'I_gpi': 2.2422476492844963, 'noise_stn_sigma': 6.619654925561683, 'noise_gpe_sigma': 86.72363222946379, 'noise_gpi_sigma': 73.5831133222967, 'g_stn_gpe_mult': 1.5099670939371619, 'g_gpe_stn_mult': 0.1981004108694022, 'g_stn_gpi_mult': 2.5026484495016494, 'g_gpe_gpi_mult': 0.8593471202608707}. Best is trial 119 with value: 0.2337670588460598.
[I 2026-05-28 00:59:21,311] Trial 659 finished with value: 1.0276885801705602 and parameters: {'ISTN': 76.81249137648517, 'I_gpe': 0.9591620156257157, 'I_gpi': 2.2029245059356786, 'noise_stn_sigma': 6.465234636517188, 'noise_gpe_sigma': 80.72016591658472, 'noise_gpi_sigma': 75.80421745497503, 'g_stn_gpe_mult': 1.6531215063932811, 'g_gpe_stn_mult': 0.1927203845290999, 'g_stn_gpi_mult': 2.6519981857994983, 'g_gpe_gpi_mult': 0.9022878349757399}. Best is trial 119 with value: 0.2337670588460598.
