[I 2026-05-28 00:54:55,911] Trial 396 finished with value: 2.11674527669748 and parameters: {'ISTN': 74.34967567208697, 'I_gpe': 0.8522305800637079, 'I_gpi': 1.9601808563883039, 'noise_stn_sigma': 5.750516038370084, 'noise_gpe_sigma': 83.7251488979501, 'noise_gpi_sigma': 85.29145248620387, 'g_stn_gpe_mult': 1.9877542242538575, 'g_gpe_stn_mult': 0.14784142982564166, 'g_stn_gpi_mult': 2.718516459615679, 'g_gpe_gpi_mult': 1.1086409779868398}. Best is trial 119 with value: 0.2337670588460598.
[I 2026-05-28 00:54:56,921] Trial 397 finished with value: 8.79031486116883 and parameters: {'ISTN': 74.70671018035101, 'I_gpe': 0.8243599004432143, 'I_gpi': 2.3821568062718192, 'noise_stn_sigma': 5.877281256994525, 'noise_gpe_sigma': 91.22392095543064, 'noise_gpi_sigma': 86.35662484100934, 'g_stn_gpe_mult': 2.217768904118995, 'g_gpe_stn_mult': 0.16014155649062467, 'g_stn_gpi_mult': 2.5162677378016185, 'g_gpe_gpi_mult': 1.0932840567358653}. Best is trial 119 with value: 0.2337670588460598.
[I 2026-05-28 00:54:57,931] Trial 398 finished with value: 4.418316699506086 and parameters: {'ISTN': 74.83664278514625, 'I_gpe': 0.8139432108613764, 'I_gpi': 1.9523418344436985, 'noise_stn_sigma': 5.28133011006966, 'noise_gpe_sigma': 78.47486954783754, 'noise_gpi_sigma': 74.04725204241554, 'g_stn_gpe_mult': 2.0934998316246474, 'g_gpe_stn_mult': 0.16413790969030723, 'g_stn_gpi_mult': 2.5854742618683138, 'g_gpe_gpi_mult': 1.0529490074718255}. Best is trial 119 with value: 0.2337670588460598.
[I 2026-05-28 00:54:58,940] Trial 399 finished with value: 10.670548327612154 and parameters: {'ISTN': 74.46945448654384, 'I_gpe': 0.8420385271071047, 'I_gpi': 2.3352164207356316, 'noise_stn_sigma': 6.2776569663933035, 'noise_gpe_sigma': 91.32805635043054, 'noise_gpi_sigma': 85.20192320452598, 'g_stn_gpe_mult': 2.191683026656358, 'g_gpe_stn_mult': 0.17999153404468188, 'g_stn_gpi_mult': 2.787526432869126, 'g_gpe_gpi_mult': 1.0903698956111199}. Best is trial 119 with value: 0.2337670588460598.
[I 2026-05-28 00:54:59,950] Trial 400 finished with value: 9.380062926785675 and parameters: {'ISTN': 67.0609299965718, 'I_gpe': 1.0333063435254513, 'I_gpi': 2.2516043010087787, 'noise_stn_sigma': 4.9078291504788325, 'noise_gpe_sigma': 93.25419289624709, 'noise_gpi_sigma': 80.0945362369915, 'g_stn_gpe_mult': 2.132501243136762, 'g_gpe_stn_mult': 0.15418765423685532, 'g_stn_gpi_mult': 2.4131203885693586, 'g_gpe_gpi_mult': 0.9614227654065417}. Best is trial 119 with value: 0.2337670588460598.
[I 2026-05-28 00:55:00,960] Trial 401 finished with value: 8.34864411574211 and parameters: {'ISTN': 77.31428242982145, 'I_gpe': 0.8952437156726346, 'I_gpi': 1.4909471175417965, 'noise_stn_sigma': 5.536504001552912, 'noise_gpe_sigma': 77.12158490870738, 'noise_gpi_sigma': 74.78181872151865, 'g_stn_gpe_mult': 1.9085028233782246, 'g_gpe_stn_mult': 0.13517686490231773, 'g_stn_gpi_mult': 2.735375256433933, 'g_gpe_gpi_mult': 1.112536561928809}. Best is trial 119 with value: 0.2337670588460598.
[I 2026-05-28 00:55:01,972] Trial 402 finished with value: 11.170399017982648 and parameters: {'ISTN': 79.45136994950283, 'I_gpe': 0.7302424031309516, 'I_gpi': 1.9601636782842768, 'noise_stn_sigma': 5.77434633195466, 'noise_gpe_sigma': 84.6587453165594, 'noise_gpi_sigma': 78.58611929738177, 'g_stn_gpe_mult': 1.9425680720827678, 'g_gpe_stn_mult': 0.12267330902528742, 'g_stn_gpi_mult': 2.80821370530409, 'g_gpe_gpi_mult': 1.1393456615177304}. Best is trial 119 with value: 0.2337670588460598.
[I 2026-05-28 00:55:02,982] Trial 403 finished with value: 3.3009492320550837 and parameters: {'ISTN': 75.24110066791542, 'I_gpe': 0.9921343801486888, 'I_gpi': 2.2174044716936683, 'noise_stn_sigma': 5.6146802096602695, 'noise_gpe_sigma': 77.29645411078101, 'noise_gpi_sigma': 79.35755288776208, 'g_stn_gpe_mult': 1.7860703024101428, 'g_gpe_stn_mult': 0.10779129170802855, 'g_stn_gpi_mult': 2.5096797964657127, 'g_gpe_gpi_mult': 1.1002158866065765}. Best is trial 119 with value: 0.2337670588460598.
[I 2026-05-28 00:55:03,992] Trial 404 finished with value: 5.81185378200348 and parameters: {'ISTN': 77.26128494050599, 'I_gpe': 1.0044912149238319, 'I_gpi': 2.161213908051055, 'noise_stn_sigma': 6.1418718439024795, 'noise_gpe_sigma': 87.10920759525831, 'noise_gpi_sigma': 82.55043629737823, 'g_stn_gpe_mult': 2.1458580272357515, 'g_gpe_stn_mult': 0.17525041568659216, 'g_stn_gpi_mult': 2.625825947738553, 'g_gpe_gpi_mult': 1.0901230269118325}. Best is trial 119 with value: 0.2337670588460598.
[I 2026-05-28 00:55:05,002] Trial 405 finished with value: 6.087919145627765 and parameters: {'ISTN': 78.37780373113918, 'I_gpe': 0.7671472354841388, 'I_gpi': 2.4288600036941066, 'noise_stn_sigma': 5.6955355646158, 'noise_gpe_sigma': 92.44441282761728, 'noise_gpi_sigma': 85.29435954463264, 'g_stn_gpe_mult': 2.169529429769293, 'g_gpe_stn_mult': 0.14574294319960165, 'g_stn_gpi_mult': 2.488678781398786, 'g_gpe_gpi_mult': 1.0995411883611566}. Best is trial 119 with value: 0.2337670588460598.
[I 2026-05-28 00:55:06,014] Trial 406 finished with value: 6.186914013062626 and parameters: {'ISTN': 75.69857260103277, 'I_gpe': 0.8665023906884309, 'I_gpi': 2.0820754286515335, 'noise_stn_sigma': 5.920773431117846, 'noise_gpe_sigma': 82.20113184457358, 'noise_gpi_sigma': 84.05761609562802, 'g_stn_gpe_mult': 1.9764108590664917, 'g_gpe_stn_mult': 0.15842792030809025, 'g_stn_gpi_mult': 2.603004643137484, 'g_gpe_gpi_mult': 1.1642099803822434}. Best is trial 119 with value: 0.2337670588460598.
[I 2026-05-28 00:55:07,024] Trial 407 finished with value: 0.9232006931809424 and parameters: {'ISTN': 71.6859752412821, 'I_gpe': 0.9457469104393653, 'I_gpi': 1.8669898697808813, 'noise_stn_sigma': 5.999146419445234, 'noise_gpe_sigma': 84.86135768336138, 'noise_gpi_sigma': 78.08692736435933, 'g_stn_gpe_mult': 2.14199770823315, 'g_gpe_stn_mult': 0.14157949758330002, 'g_stn_gpi_mult': 2.845648349701124, 'g_gpe_gpi_mult': 1.1216929216006908}. Best is trial 119 with value: 0.2337670588460598.
[I 2026-05-28 00:55:08,034] Trial 408 finished with value: 7.569576894028047 and parameters: {'ISTN': 77.55992732548032, 'I_gpe': 0.8133496793261377, 'I_gpi': 2.0107079599081032, 'noise_stn_sigma': 5.610238068554095, 'noise_gpe_sigma': 79.94969849307188, 'noise_gpi_sigma': 85.27701709858164, 'g_stn_gpe_mult': 1.802977296479404, 'g_gpe_stn_mult': 0.1341061514720657, 'g_stn_gpi_mult': 2.674487829549421, 'g_gpe_gpi_mult': 1.113015058569215}. Best is trial 119 with value: 0.2337670588460598.
[I 2026-05-28 00:55:09,044] Trial 409 finished with value: 8.745613191154778 and parameters: {'ISTN': 69.33725478963451, 'I_gpe': 1.197306828115056, 'I_gpi': 1.8163585306773657, 'noise_stn_sigma': 5.180314155837411, 'noise_gpe_sigma': 81.96640476541785, 'noise_gpi_sigma': 78.03941850153015, 'g_stn_gpe_mult': 2.2048575765156624, 'g_gpe_stn_mult': 0.13901504863862604, 'g_stn_gpi_mult': 2.721458291450986, 'g_gpe_gpi_mult': 1.0841574814042176}. Best is trial 119 with value: 0.2337670588460598.
[I 2026-05-28 00:55:10,054] Trial 410 finished with value: 10.278604122259951 and parameters: {'ISTN': 74.29669098466569, 'I_gpe': 0.7134863658277999, 'I_gpi': 2.4519239223449, 'noise_stn_sigma': 5.663916754499027, 'noise_gpe_sigma': 91.960805716681, 'noise_gpi_sigma': 78.5253069498494, 'g_stn_gpe_mult': 1.8785267541901325, 'g_gpe_stn_mult': 0.1885840690874416, 'g_stn_gpi_mult': 2.5273688760514412, 'g_gpe_gpi_mult': 1.0916120120336787}. Best is trial 119 with value: 0.2337670588460598.
[I 2026-05-28 00:55:11,061] Trial 411 finished with value: 1.2049445371551233 and parameters: {'ISTN': 80.99289968314703, 'I_gpe': 0.8837369691530916, 'I_gpi': 2.002496969716969, 'noise_stn_sigma': 6.086649247196378, 'noise_gpe_sigma': 90.8499475648207, 'noise_gpi_sigma': 75.98698766532783, 'g_stn_gpe_mult': 1.8750521061324288, 'g_gpe_stn_mult': 0.14960243288982847, 'g_stn_gpi_mult': 2.776787520757409, 'g_gpe_gpi_mult': 1.1579287028095218}. Best is trial 119 with value: 0.2337670588460598.
[I 2026-05-28 00:55:12,071] Trial 412 finished with value: 8.61489740889213 and parameters: {'ISTN': 70.47295660737518, 'I_gpe': 0.9959056559024027, 'I_gpi': 2.0895844717091703, 'noise_stn_sigma': 5.745148699099905, 'noise_gpe_sigma': 86.29502374131016, 'noise_gpi_sigma': 72.51578420437656, 'g_stn_gpe_mult': 2.0286205372198456, 'g_gpe_stn_mult': 0.11641719735355256, 'g_stn_gpi_mult': 2.469745434977617, 'g_gpe_gpi_mult': 1.131480489257914}. Best is trial 119 with value: 0.2337670588460598.
[I 2026-05-28 00:55:13,082] Trial 413 finished with value: 0.6857417313323606 and parameters: {'ISTN': 74.41297166572436, 'I_gpe': 0.9186231388281677, 'I_gpi': 1.8448481336594877, 'noise_stn_sigma': 5.818207473748887, 'noise_gpe_sigma': 83.35263482364655, 'noise_gpi_sigma': 75.77962448508107, 'g_stn_gpe_mult': 1.9798923854886201, 'g_gpe_stn_mult': 0.11207876253462806, 'g_stn_gpi_mult': 2.556682110679027, 'g_gpe_gpi_mult': 1.1747674529952592}. Best is trial 119 with value: 0.2337670588460598.
[I 2026-05-28 00:55:14,091] Trial 414 finished with value: 4.49395844091719 and parameters: {'ISTN': 74.64065779478194, 'I_gpe': 0.8274637917610089, 'I_gpi': 1.6773976195643585, 'noise_stn_sigma': 5.539156436820006, 'noise_gpe_sigma': 84.65377843406337, 'noise_gpi_sigma': 79.05070048131215, 'g_stn_gpe_mult': 2.18898236465044, 'g_gpe_stn_mult': 0.1539929016628536, 'g_stn_gpi_mult': 2.928940975427865, 'g_gpe_gpi_mult': 1.107430398027054}. Best is trial 119 with value: 0.2337670588460598.
[I 2026-05-28 00:55:15,100] Trial 415 finished with value: 9.946294342010178 and parameters: {'ISTN': 75.55094686194724, 'I_gpe': 1.102946162625317, 'I_gpi': 2.3217712720942636, 'noise_stn_sigma': 5.763943491197047, 'noise_gpe_sigma': 85.12968462934347, 'noise_gpi_sigma': 72.87911403902986, 'g_stn_gpe_mult': 2.2732922835454987, 'g_gpe_stn_mult': 0.14946817432439952, 'g_stn_gpi_mult': 2.82760067296069, 'g_gpe_gpi_mult': 1.1065994021811245}. Best is trial 119 with value: 0.2337670588460598.
[I 2026-05-28 00:55:16,050] Trial 416 finished with value: 1000000.0 and parameters: {'ISTN': 77.04597920702572, 'I_gpe': 0.9089759989940089, 'I_gpi': 1.924341162702714, 'noise_stn_sigma': 6.615677440103523, 'noise_gpe_sigma': 87.07353049767916, 'noise_gpi_sigma': 84.04569056283191, 'g_stn_gpe_mult': 2.1060766811098643, 'g_gpe_stn_mult': 0.13907527091700242, 'g_stn_gpi_mult': 2.690859134804489, 'g_gpe_gpi_mult': 1.1460954267589651}. Best is trial 119 with value: 0.2337670588460598.
[I 2026-05-28 00:55:17,059] Trial 417 finished with value: 13.55783756755332 and parameters: {'ISTN': 77.65392648419635, 'I_gpe': 1.1540764235839056, 'I_gpi': 2.2390178881921727, 'noise_stn_sigma': 5.587013952691874, 'noise_gpe_sigma': 84.3077918084168, 'noise_gpi_sigma': 74.69537018011246, 'g_stn_gpe_mult': 2.17595322043135, 'g_gpe_stn_mult': 0.128033053498489, 'g_stn_gpi_mult': 2.6318449051043897, 'g_gpe_gpi_mult': 1.0551993431110964}. Best is trial 119 with value: 0.2337670588460598.
[I 2026-05-28 00:55:18,070] Trial 418 finished with value: 6.078607717897244 and parameters: {'ISTN': 73.09679192529883, 'I_gpe': 1.0455887076941917, 'I_gpi': 1.552036702822294, 'noise_stn_sigma': 6.001636459928258, 'noise_gpe_sigma': 81.77866788947642, 'noise_gpi_sigma': 80.50693619836164, 'g_stn_gpe_mult': 2.063543458661547, 'g_gpe_stn_mult': 0.1398732214325465, 'g_stn_gpi_mult': 2.734182227594064, 'g_gpe_gpi_mult': 1.1269213965238534}. Best is trial 119 with value: 0.2337670588460598.
[I 2026-05-28 00:55:19,080] Trial 419 finished with value: 1.921709026276201 and parameters: {'ISTN': 71.50419486249815, 'I_gpe': 0.9898217577601103, 'I_gpi': 1.8123052132776303, 'noise_stn_sigma': 6.186863638305155, 'noise_gpe_sigma': 81.79502628779011, 'noise_gpi_sigma': 85.67121780222641, 'g_stn_gpe_mult': 2.1232349666593953, 'g_gpe_stn_mult': 0.14036765800286982, 'g_stn_gpi_mult': 2.4161145375572204, 'g_gpe_gpi_mult': 1.0816703385018294}. Best is trial 119 with value: 0.2337670588460598.
[I 2026-05-28 00:55:20,088] Trial 420 finished with value: 7.938624912934047 and parameters: {'ISTN': 77.11176175003723, 'I_gpe': 0.8524415170919319, 'I_gpi': 2.1845552958432437, 'noise_stn_sigma': 5.803836127697917, 'noise_gpe_sigma': 84.85903852569281, 'noise_gpi_sigma': 78.61562754646913, 'g_stn_gpe_mult': 2.3081860523068585, 'g_gpe_stn_mult': 0.11393258780536943, 'g_stn_gpi_mult': 2.733812089742864, 'g_gpe_gpi_mult': 1.0960082225533885}. Best is trial 119 with value: 0.2337670588460598.
[I 2026-05-28 00:55:21,099] Trial 421 finished with value: 5.481944168056039 and parameters: {'ISTN': 81.64337078671457, 'I_gpe': 0.7622143389909701, 'I_gpi': 1.8095487363206806, 'noise_stn_sigma': 6.591944001280709, 'noise_gpe_sigma': 84.89972594511345, 'noise_gpi_sigma': 82.14088429709565, 'g_stn_gpe_mult': 1.8937267406543192, 'g_gpe_stn_mult': 0.14980031114466286, 'g_stn_gpi_mult': 2.819241004655271, 'g_gpe_gpi_mult': 1.164747621283282}. Best is trial 119 with value: 0.2337670588460598.
[I 2026-05-28 00:55:22,109] Trial 422 finished with value: 8.994523569172124 and parameters: {'ISTN': 76.05332173587061, 'I_gpe': 1.1315749947197318, 'I_gpi': 1.7213308476042708, 'noise_stn_sigma': 5.980396265506524, 'noise_gpe_sigma': 85.72187423514288, 'noise_gpi_sigma': 75.01908343199088, 'g_stn_gpe_mult': 1.7109091786415134, 'g_gpe_stn_mult': 0.1267358524370347, 'g_stn_gpi_mult': 2.7437559108472502, 'g_gpe_gpi_mult': 1.16997757155988}. Best is trial 119 with value: 0.2337670588460598.
[I 2026-05-28 00:55:23,117] Trial 423 finished with value: 1.0801697284529685 and parameters: {'ISTN': 71.751612256051, 'I_gpe': 1.020739567208405, 'I_gpi': 1.8530027311719992, 'noise_stn_sigma': 5.527976192171073, 'noise_gpe_sigma': 90.10209227307492, 'noise_gpi_sigma': 76.14120219794552, 'g_stn_gpe_mult': 1.910925232916356, 'g_gpe_stn_mult': 0.13512229159446282, 'g_stn_gpi_mult': 2.5912189658819047, 'g_gpe_gpi_mult': 1.1192811869345183}. Best is trial 119 with value: 0.2337670588460598.
[I 2026-05-28 00:55:24,124] Trial 424 finished with value: 2.419239248884659 and parameters: {'ISTN': 71.37713714985257, 'I_gpe': 0.9756563721672559, 'I_gpi': 1.6406449840965986, 'noise_stn_sigma': 5.910865990492725, 'noise_gpe_sigma': 89.22393935687444, 'noise_gpi_sigma': 69.39735993485061, 'g_stn_gpe_mult': 2.083869953304027, 'g_gpe_stn_mult': 0.12998540875353265, 'g_stn_gpi_mult': 2.687563419551463, 'g_gpe_gpi_mult': 1.13631424837237}. Best is trial 119 with value: 0.2337670588460598.
[I 2026-05-28 00:55:25,133] Trial 425 finished with value: 9.666760496116748 and parameters: {'ISTN': 78.10954969884583, 'I_gpe': 0.7927077290051392, 'I_gpi': 1.7202453667338595, 'noise_stn_sigma': 5.486630236434767, 'noise_gpe_sigma': 88.38650178517574, 'noise_gpi_sigma': 65.8443949798768, 'g_stn_gpe_mult': 1.950498765360745, 'g_gpe_stn_mult': 0.13940561874527355, 'g_stn_gpi_mult': 2.2980668489498517, 'g_gpe_gpi_mult': 1.1323489186806859}. Best is trial 119 with value: 0.2337670588460598.
[I 2026-05-28 00:55:26,143] Trial 426 finished with value: 8.187105977062613 and parameters: {'ISTN': 76.3255235563527, 'I_gpe': 1.0922342596576047, 'I_gpi': 2.1807423388777836, 'noise_stn_sigma': 6.5214536823695015, 'noise_gpe_sigma': 82.16356813543186, 'noise_gpi_sigma': 83.97420748862403, 'g_stn_gpe_mult': 1.948452399974827, 'g_gpe_stn_mult': 0.12233168426526998, 'g_stn_gpi_mult': 2.7431738680925113, 'g_gpe_gpi_mult': 1.1525905026681655}. Best is trial 119 with value: 0.2337670588460598.
[I 2026-05-28 00:55:27,155] Trial 427 finished with value: 2.702054952170293 and parameters: {'ISTN': 73.9195528208906, 'I_gpe': 1.0065354072086508, 'I_gpi': 1.847489181254279, 'noise_stn_sigma': 6.149639509480933, 'noise_gpe_sigma': 79.81010933022418, 'noise_gpi_sigma': 73.71547540172949, 'g_stn_gpe_mult': 2.152412226675309, 'g_gpe_stn_mult': 0.10466820188256235, 'g_stn_gpi_mult': 2.9108504244536033, 'g_gpe_gpi_mult': 1.1973052153124464}. Best is trial 119 with value: 0.2337670588460598.
[I 2026-05-28 00:55:28,167] Trial 428 finished with value: 5.473785039457079 and parameters: {'ISTN': 74.38613409236005, 'I_gpe': 1.0499568113358133, 'I_gpi': 2.012853961644268, 'noise_stn_sigma': 5.681104723593534, 'noise_gpe_sigma': 82.37999079687947, 'noise_gpi_sigma': 73.98907244346611, 'g_stn_gpe_mult': 2.174445140404991, 'g_gpe_stn_mult': 0.14120966740240734, 'g_stn_gpi_mult': 2.6689865577336227, 'g_gpe_gpi_mult': 1.193845402267528}. Best is trial 119 with value: 0.2337670588460598.
[I 2026-05-28 00:55:29,176] Trial 429 finished with value: 3.3637969601891333 and parameters: {'ISTN': 84.03637212568843, 'I_gpe': 0.8154878723597904, 'I_gpi': 1.7198766847669642, 'noise_stn_sigma': 6.53559400241324, 'noise_gpe_sigma': 83.69624421308146, 'noise_gpi_sigma': 79.76472960787282, 'g_stn_gpe_mult': 1.7835333730340537, 'g_gpe_stn_mult': 0.16039187697085144, 'g_stn_gpi_mult': 2.660002240250065, 'g_gpe_gpi_mult': 1.16305177858952}. Best is trial 119 with value: 0.2337670588460598.
[I 2026-05-28 00:55:30,186] Trial 430 finished with value: 0.7799781382711545 and parameters: {'ISTN': 72.34481360575283, 'I_gpe': 0.872849836254951, 'I_gpi': 1.7535427279559634, 'noise_stn_sigma': 5.723808531220072, 'noise_gpe_sigma': 90.64685924525284, 'noise_gpi_sigma': 76.94509655836464, 'g_stn_gpe_mult': 2.028975311140582, 'g_gpe_stn_mult': 0.1233649471924392, 'g_stn_gpi_mult': 2.654056094521855, 'g_gpe_gpi_mult': 1.1691824623118139}. Best is trial 119 with value: 0.2337670588460598.
[I 2026-05-28 00:55:31,197] Trial 431 finished with value: 11.190942756196952 and parameters: {'ISTN': 74.94513366720402, 'I_gpe': 0.9726593553180037, 'I_gpi': 2.4516555405067186, 'noise_stn_sigma': 5.904445711170578, 'noise_gpe_sigma': 90.95045463275197, 'noise_gpi_sigma': 79.12678794142288, 'g_stn_gpe_mult': 2.186707017720433, 'g_gpe_stn_mult': 0.1455279150818981, 'g_stn_gpi_mult': 2.4884442306055776, 'g_gpe_gpi_mult': 1.1462176696440391}. Best is trial 119 with value: 0.2337670588460598.
[I 2026-05-28 00:55:32,209] Trial 432 finished with value: 0.7471153374631372 and parameters: {'ISTN': 73.03621506746617, 'I_gpe': 0.9253162388514535, 'I_gpi': 1.4608287397517887, 'noise_stn_sigma': 5.655115788958735, 'noise_gpe_sigma': 95.68516429187984, 'noise_gpi_sigma': 75.49188876414863, 'g_stn_gpe_mult': 2.0199463537998392, 'g_gpe_stn_mult': 0.1333648023048521, 'g_stn_gpi_mult': 2.5340592045368764, 'g_gpe_gpi_mult': 1.1284522294985262}. Best is trial 119 with value: 0.2337670588460598.
[I 2026-05-28 00:55:33,219] Trial 433 finished with value: 4.6145391109043645 and parameters: {'ISTN': 73.32817387171204, 'I_gpe': 0.7506946820438263, 'I_gpi': 1.583048795061744, 'noise_stn_sigma': 5.121545876088801, 'noise_gpe_sigma': 89.48997603150434, 'noise_gpi_sigma': 70.09308848995353, 'g_stn_gpe_mult': 1.8176318442104873, 'g_gpe_stn_mult': 0.1460359938248004, 'g_stn_gpi_mult': 2.448478109461851, 'g_gpe_gpi_mult': 1.1320264798139668}. Best is trial 119 with value: 0.2337670588460598.
[I 2026-05-28 00:55:34,229] Trial 434 finished with value: 8.750436905733189 and parameters: {'ISTN': 70.8358411381934, 'I_gpe': 0.9600248094408756, 'I_gpi': 1.5694492824140727, 'noise_stn_sigma': 5.02727866617919, 'noise_gpe_sigma': 89.89345877144441, 'noise_gpi_sigma': 78.59049138388527, 'g_stn_gpe_mult': 2.0018502037732118, 'g_gpe_stn_mult': 0.12065358189235958, 'g_stn_gpi_mult': 2.6982432985166147, 'g_gpe_gpi_mult': 1.1844686855056483}. Best is trial 119 with value: 0.2337670588460598.
[I 2026-05-28 00:55:35,240] Trial 435 finished with value: 9.915528671191693 and parameters: {'ISTN': 75.37254386747055, 'I_gpe': 0.9699539941114377, 'I_gpi': 1.7649659522315782, 'noise_stn_sigma': 6.228076718603794, 'noise_gpe_sigma': 92.66772349215297, 'noise_gpi_sigma': 73.73623034508677, 'g_stn_gpe_mult': 1.8790342388840096, 'g_gpe_stn_mult': 0.14910862628926339, 'g_stn_gpi_mult': 2.5060825938167333, 'g_gpe_gpi_mult': 1.06605969488145}. Best is trial 119 with value: 0.2337670588460598.
[I 2026-05-28 00:55:36,250] Trial 436 finished with value: 4.580912636732162 and parameters: {'ISTN': 79.10148139341247, 'I_gpe': 1.0728106140419906, 'I_gpi': 2.0483677779033043, 'noise_stn_sigma': 6.0695407788625, 'noise_gpe_sigma': 95.31691414585377, 'noise_gpi_sigma': 73.77961283241191, 'g_stn_gpe_mult': 1.677988200722498, 'g_gpe_stn_mult': 0.1743606455229092, 'g_stn_gpi_mult': 2.6240808071063757, 'g_gpe_gpi_mult': 1.1071363375200614}. Best is trial 119 with value: 0.2337670588460598.
[I 2026-05-28 00:55:37,260] Trial 437 finished with value: 1.3277729609156679 and parameters: {'ISTN': 71.75941795234498, 'I_gpe': 0.8061463516996858, 'I_gpi': 1.660378406672911, 'noise_stn_sigma': 5.857148217985033, 'noise_gpe_sigma': 84.84876263512051, 'noise_gpi_sigma': 78.45253381028027, 'g_stn_gpe_mult': 1.9389791045285363, 'g_gpe_stn_mult': 0.11650493404581663, 'g_stn_gpi_mult': 2.7956724047537533, 'g_gpe_gpi_mult': 1.1120822029275725}. Best is trial 119 with value: 0.2337670588460598.
[I 2026-05-28 00:55:38,270] Trial 438 finished with value: 8.991306287740983 and parameters: {'ISTN': 69.72269435927326, 'I_gpe': 1.0698706070651305, 'I_gpi': 2.0991460598058307, 'noise_stn_sigma': 5.7836575038979445, 'noise_gpe_sigma': 84.16997345915922, 'noise_gpi_sigma': 75.66504822943998, 'g_stn_gpe_mult': 1.9416941787680848, 'g_gpe_stn_mult': 0.1328820228691472, 'g_stn_gpi_mult': 2.533942521602265, 'g_gpe_gpi_mult': 1.1342143354013885}. Best is trial 119 with value: 0.2337670588460598.
[I 2026-05-28 00:55:39,278] Trial 439 finished with value: 9.274406179052198 and parameters: {'ISTN': 77.6758139871334, 'I_gpe': 1.1039427675203002, 'I_gpi': 1.705094617506949, 'noise_stn_sigma': 5.975083250881529, 'noise_gpe_sigma': 82.43054274907415, 'noise_gpi_sigma': 72.76674973684275, 'g_stn_gpe_mult': 2.068266555929098, 'g_gpe_stn_mult': 0.1089311051725277, 'g_stn_gpi_mult': 2.7517850795293652, 'g_gpe_gpi_mult': 1.1463240543521147}. Best is trial 119 with value: 0.2337670588460598.
