[I 2026-05-28 00:52:42,695] Trial 264 finished with value: 9.088223194319527 and parameters: {'ISTN': 62.46571320103219, 'I_gpe': 2.109427946778542, 'I_gpi': 2.6789919097875536, 'noise_stn_sigma': 5.87516867267478, 'noise_gpe_sigma': 87.9202053973522, 'noise_gpi_sigma': 78.25367074764904, 'g_stn_gpe_mult': 2.2251135170257044, 'g_gpe_stn_mult': 0.1694207295575646, 'g_stn_gpi_mult': 2.3477913526938816, 'g_gpe_gpi_mult': 1.020666245839113}. Best is trial 119 with value: 0.2337670588460598.
[I 2026-05-28 00:52:43,705] Trial 265 finished with value: 8.600880264907865 and parameters: {'ISTN': 61.14435646997448, 'I_gpe': 1.2745345910569572, 'I_gpi': 2.7373386811336387, 'noise_stn_sigma': 6.079100854353039, 'noise_gpe_sigma': 79.75593333865066, 'noise_gpi_sigma': 58.84509428811829, 'g_stn_gpe_mult': 2.1418855890666038, 'g_gpe_stn_mult': 0.2736242179257868, 'g_stn_gpi_mult': 3.13909844007531, 'g_gpe_gpi_mult': 0.9696427666419587}. Best is trial 119 with value: 0.2337670588460598.
[I 2026-05-28 00:52:44,716] Trial 266 finished with value: 4.679770957514189 and parameters: {'ISTN': 75.19763904484464, 'I_gpe': 1.2057876059557464, 'I_gpi': 2.5441876956723983, 'noise_stn_sigma': 6.528139310878685, 'noise_gpe_sigma': 73.36175076505268, 'noise_gpi_sigma': 63.40452122907668, 'g_stn_gpe_mult': 1.8088191789467465, 'g_gpe_stn_mult': 0.2046494997959381, 'g_stn_gpi_mult': 2.874366235678125, 'g_gpe_gpi_mult': 1.0829758921632013}. Best is trial 119 with value: 0.2337670588460598.
[I 2026-05-28 00:52:45,727] Trial 267 finished with value: 11.1372941456778 and parameters: {'ISTN': 71.14508203864267, 'I_gpe': 1.098669564532944, 'I_gpi': 2.6719353595581294, 'noise_stn_sigma': 6.2886538759285155, 'noise_gpe_sigma': 81.58659804765333, 'noise_gpi_sigma': 57.539522523293805, 'g_stn_gpe_mult': 1.760589977110488, 'g_gpe_stn_mult': 0.22848514806212158, 'g_stn_gpi_mult': 2.605386786944558, 'g_gpe_gpi_mult': 0.9937173212708263}. Best is trial 119 with value: 0.2337670588460598.
[I 2026-05-28 00:52:46,738] Trial 268 finished with value: 9.008404178342863 and parameters: {'ISTN': 76.01396080928882, 'I_gpe': 1.1216904404159653, 'I_gpi': 1.8873594291130407, 'noise_stn_sigma': 6.525779715227594, 'noise_gpe_sigma': 81.16988600423218, 'noise_gpi_sigma': 53.18261381255383, 'g_stn_gpe_mult': 2.334939967208056, 'g_gpe_stn_mult': 0.20375897251766362, 'g_stn_gpi_mult': 2.872413303147162, 'g_gpe_gpi_mult': 0.9824545053299867}. Best is trial 119 with value: 0.2337670588460598.
[I 2026-05-28 00:52:47,748] Trial 269 finished with value: 11.542686240637865 and parameters: {'ISTN': 68.29975091912326, 'I_gpe': 1.313239712126776, 'I_gpi': 2.7883852170109598, 'noise_stn_sigma': 6.038388560296127, 'noise_gpe_sigma': 75.25083007648435, 'noise_gpi_sigma': 70.36209213656144, 'g_stn_gpe_mult': 2.4309105616323174, 'g_gpe_stn_mult': 0.3311784583667179, 'g_stn_gpi_mult': 2.300347797457676, 'g_gpe_gpi_mult': 1.032331619910662}. Best is trial 119 with value: 0.2337670588460598.
[I 2026-05-28 00:52:48,758] Trial 270 finished with value: 6.840850818547734 and parameters: {'ISTN': 67.06610593886982, 'I_gpe': 1.2634319464362642, 'I_gpi': 2.0257432055408033, 'noise_stn_sigma': 5.9870310230536745, 'noise_gpe_sigma': 77.69983014700853, 'noise_gpi_sigma': 76.6458870586314, 'g_stn_gpe_mult': 2.6432519954864935, 'g_gpe_stn_mult': 0.15599244504601473, 'g_stn_gpi_mult': 2.7720763504166177, 'g_gpe_gpi_mult': 1.1866480655806262}. Best is trial 119 with value: 0.2337670588460598.
[I 2026-05-28 00:52:49,769] Trial 271 finished with value: 5.566121293705849 and parameters: {'ISTN': 68.40164773718618, 'I_gpe': 1.1672817113188443, 'I_gpi': 2.0798133001207226, 'noise_stn_sigma': 5.324922175201784, 'noise_gpe_sigma': 74.48446450970496, 'noise_gpi_sigma': 62.36056596771542, 'g_stn_gpe_mult': 2.5322721277329285, 'g_gpe_stn_mult': 0.21679934278775426, 'g_stn_gpi_mult': 2.6630888143283338, 'g_gpe_gpi_mult': 1.1473616609137107}. Best is trial 119 with value: 0.2337670588460598.
[I 2026-05-28 00:52:50,778] Trial 272 finished with value: 9.384058125124149 and parameters: {'ISTN': 80.28333418199482, 'I_gpe': 1.0491817493985376, 'I_gpi': 2.472471354965768, 'noise_stn_sigma': 7.423017876669263, 'noise_gpe_sigma': 82.49323192527311, 'noise_gpi_sigma': 60.92724987646369, 'g_stn_gpe_mult': 1.6291428077437482, 'g_gpe_stn_mult': 0.1939720418486205, 'g_stn_gpi_mult': 3.086113570690525, 'g_gpe_gpi_mult': 1.0618752903842956}. Best is trial 119 with value: 0.2337670588460598.
[I 2026-05-28 00:52:51,788] Trial 273 finished with value: 7.308851869758965 and parameters: {'ISTN': 73.92346905753593, 'I_gpe': 1.2556791450939622, 'I_gpi': 1.61497059602622, 'noise_stn_sigma': 6.564220454696716, 'noise_gpe_sigma': 72.97487781314649, 'noise_gpi_sigma': 77.701596939483, 'g_stn_gpe_mult': 2.4018887172436134, 'g_gpe_stn_mult': 0.23002438705638611, 'g_stn_gpi_mult': 2.8592415989793114, 'g_gpe_gpi_mult': 1.091576203567831}. Best is trial 119 with value: 0.2337670588460598.
[I 2026-05-28 00:52:52,797] Trial 274 finished with value: 2.7985196725275703 and parameters: {'ISTN': 64.5910854880775, 'I_gpe': 1.319070946671193, 'I_gpi': 2.766081504916068, 'noise_stn_sigma': 6.428675141253743, 'noise_gpe_sigma': 76.93209599706529, 'noise_gpi_sigma': 96.72833976275938, 'g_stn_gpe_mult': 2.4654325017333845, 'g_gpe_stn_mult': 0.16311281817272213, 'g_stn_gpi_mult': 2.6956227642141837, 'g_gpe_gpi_mult': 0.9896550212278634}. Best is trial 119 with value: 0.2337670588460598.
[I 2026-05-28 00:52:53,807] Trial 275 finished with value: 7.870732413967655 and parameters: {'ISTN': 72.3982978876669, 'I_gpe': 1.1482662866738362, 'I_gpi': 3.141014634543036, 'noise_stn_sigma': 6.721449136234152, 'noise_gpe_sigma': 81.48731522737947, 'noise_gpi_sigma': 72.10538738806446, 'g_stn_gpe_mult': 2.307524378039852, 'g_gpe_stn_mult': 0.283901926285486, 'g_stn_gpi_mult': 2.554996725585477, 'g_gpe_gpi_mult': 1.0380851236680733}. Best is trial 119 with value: 0.2337670588460598.
[I 2026-05-28 00:52:54,816] Trial 276 finished with value: 1.1508297854461453 and parameters: {'ISTN': 80.1384975056185, 'I_gpe': 0.9520164844522532, 'I_gpi': 2.154797218174774, 'noise_stn_sigma': 5.878802540116606, 'noise_gpe_sigma': 75.98367999065465, 'noise_gpi_sigma': 83.03895785569895, 'g_stn_gpe_mult': 2.105718440519595, 'g_gpe_stn_mult': 0.14410372647544412, 'g_stn_gpi_mult': 2.85860668936474, 'g_gpe_gpi_mult': 1.0553285356784683}. Best is trial 119 with value: 0.2337670588460598.
[I 2026-05-28 00:52:55,766] Trial 277 finished with value: 1000000.0 and parameters: {'ISTN': 74.07185344383029, 'I_gpe': 1.2217000219882435, 'I_gpi': 1.9586849079803512, 'noise_stn_sigma': 6.662078742441299, 'noise_gpe_sigma': 71.51013821429797, 'noise_gpi_sigma': 73.84775139022008, 'g_stn_gpe_mult': 2.1199417110480114, 'g_gpe_stn_mult': 0.1642847116889258, 'g_stn_gpi_mult': 3.0232887403995505, 'g_gpe_gpi_mult': 1.0862954385188872}. Best is trial 119 with value: 0.2337670588460598.
[I 2026-05-28 00:52:56,776] Trial 278 finished with value: 9.40250391876975 and parameters: {'ISTN': 70.15891344989572, 'I_gpe': 1.8984290572200193, 'I_gpi': 2.7166499260655725, 'noise_stn_sigma': 6.2848098599946995, 'noise_gpe_sigma': 64.93797672291731, 'noise_gpi_sigma': 60.506055879322865, 'g_stn_gpe_mult': 1.6875626294777968, 'g_gpe_stn_mult': 0.17883845323562336, 'g_stn_gpi_mult': 3.080602563365586, 'g_gpe_gpi_mult': 1.046705331786428}. Best is trial 119 with value: 0.2337670588460598.
[I 2026-05-28 00:52:57,786] Trial 279 finished with value: 7.822182384571478 and parameters: {'ISTN': 74.81927193233933, 'I_gpe': 1.310506622242391, 'I_gpi': 2.345700125431003, 'noise_stn_sigma': 6.652629336856576, 'noise_gpe_sigma': 69.891560162335, 'noise_gpi_sigma': 74.3311751184161, 'g_stn_gpe_mult': 1.7181191570529308, 'g_gpe_stn_mult': 0.22931949032232032, 'g_stn_gpi_mult': 2.721162447064779, 'g_gpe_gpi_mult': 1.0467089711166502}. Best is trial 119 with value: 0.2337670588460598.
[I 2026-05-28 00:52:58,793] Trial 280 finished with value: 11.547663213363293 and parameters: {'ISTN': 85.62171224322438, 'I_gpe': 1.4967975307765757, 'I_gpi': 2.235705941885937, 'noise_stn_sigma': 6.628849136780546, 'noise_gpe_sigma': 71.106321931837, 'noise_gpi_sigma': 50.234527163733034, 'g_stn_gpe_mult': 1.6082953613386242, 'g_gpe_stn_mult': 0.21052553627914045, 'g_stn_gpi_mult': 3.39787881544178, 'g_gpe_gpi_mult': 1.0086480342820066}. Best is trial 119 with value: 0.2337670588460598.
[I 2026-05-28 00:52:59,803] Trial 281 finished with value: 6.8552383440892655 and parameters: {'ISTN': 69.75624753265396, 'I_gpe': 1.2921830235065683, 'I_gpi': 2.5700465536540174, 'noise_stn_sigma': 5.9189989883506025, 'noise_gpe_sigma': 72.15456884689237, 'noise_gpi_sigma': 75.834587772983, 'g_stn_gpe_mult': 2.2501762457470296, 'g_gpe_stn_mult': 0.17093169603746172, 'g_stn_gpi_mult': 2.8892231584328165, 'g_gpe_gpi_mult': 0.9992773615331643}. Best is trial 119 with value: 0.2337670588460598.
[I 2026-05-28 00:53:00,813] Trial 282 finished with value: 8.959261105575974 and parameters: {'ISTN': 67.205952963146, 'I_gpe': 1.3773058839405712, 'I_gpi': 2.2267058875328285, 'noise_stn_sigma': 5.587559329993027, 'noise_gpe_sigma': 77.09633563100256, 'noise_gpi_sigma': 73.52336847742171, 'g_stn_gpe_mult': 2.217940847639012, 'g_gpe_stn_mult': 0.1768857096790613, 'g_stn_gpi_mult': 2.6633303185501553, 'g_gpe_gpi_mult': 1.056740761712578}. Best is trial 119 with value: 0.2337670588460598.
[I 2026-05-28 00:53:01,823] Trial 283 finished with value: 2.7747353744039875 and parameters: {'ISTN': 77.5177404085891, 'I_gpe': 1.305491226305552, 'I_gpi': 1.6578776497155179, 'noise_stn_sigma': 6.453804561594718, 'noise_gpe_sigma': 71.38451024695627, 'noise_gpi_sigma': 86.7301656640693, 'g_stn_gpe_mult': 2.101462131951262, 'g_gpe_stn_mult': 0.20933664333491453, 'g_stn_gpi_mult': 2.8203659005352595, 'g_gpe_gpi_mult': 1.1402946669356204}. Best is trial 119 with value: 0.2337670588460598.
[I 2026-05-28 00:53:02,834] Trial 284 finished with value: 2.370761925125083 and parameters: {'ISTN': 87.06855120100572, 'I_gpe': 0.8608325796766396, 'I_gpi': 2.751390464667194, 'noise_stn_sigma': 7.278276781710534, 'noise_gpe_sigma': 66.30875659709102, 'noise_gpi_sigma': 75.45519027754403, 'g_stn_gpe_mult': 2.0042693417516153, 'g_gpe_stn_mult': 0.1640408303846003, 'g_stn_gpi_mult': 2.6110847553103396, 'g_gpe_gpi_mult': 1.0450949158173284}. Best is trial 119 with value: 0.2337670588460598.
[I 2026-05-28 00:53:03,845] Trial 285 finished with value: 13.149574122976546 and parameters: {'ISTN': 70.57552822592788, 'I_gpe': 1.7017277363027523, 'I_gpi': 2.434919977007525, 'noise_stn_sigma': 6.706766587774595, 'noise_gpe_sigma': 79.65045183416893, 'noise_gpi_sigma': 75.2590359135323, 'g_stn_gpe_mult': 1.9179466059616752, 'g_gpe_stn_mult': 0.13448645609112048, 'g_stn_gpi_mult': 2.958531026637665, 'g_gpe_gpi_mult': 1.0266976970879327}. Best is trial 119 with value: 0.2337670588460598.
[I 2026-05-28 00:53:04,855] Trial 286 finished with value: 8.331320034518281 and parameters: {'ISTN': 74.82325780618008, 'I_gpe': 1.1967183473328744, 'I_gpi': 2.372986192073158, 'noise_stn_sigma': 6.1630668689499295, 'noise_gpe_sigma': 76.9990361911398, 'noise_gpi_sigma': 99.81558307484758, 'g_stn_gpe_mult': 2.2650621761548155, 'g_gpe_stn_mult': 0.12481243696522243, 'g_stn_gpi_mult': 3.022246179375786, 'g_gpe_gpi_mult': 1.0723995596816382}. Best is trial 119 with value: 0.2337670588460598.
[I 2026-05-28 00:53:05,863] Trial 287 finished with value: 1.7051459090511618 and parameters: {'ISTN': 68.42137548232553, 'I_gpe': 1.2490225601688845, 'I_gpi': 1.8740189954488318, 'noise_stn_sigma': 6.33918862969966, 'noise_gpe_sigma': 70.51101755984863, 'noise_gpi_sigma': 80.47701023282917, 'g_stn_gpe_mult': 2.4019031142945173, 'g_gpe_stn_mult': 0.1632403734866571, 'g_stn_gpi_mult': 3.0648318737926523, 'g_gpe_gpi_mult': 1.1741967421139947}. Best is trial 119 with value: 0.2337670588460598.
[I 2026-05-28 00:53:06,873] Trial 288 finished with value: 3.1117886819932052 and parameters: {'ISTN': 76.71990626757831, 'I_gpe': 1.0416926008302612, 'I_gpi': 2.7604183259064516, 'noise_stn_sigma': 6.316395926087495, 'noise_gpe_sigma': 84.2566677097043, 'noise_gpi_sigma': 79.70707158598032, 'g_stn_gpe_mult': 2.2501872278014936, 'g_gpe_stn_mult': 0.1954392983312332, 'g_stn_gpi_mult': 2.4419154094851825, 'g_gpe_gpi_mult': 1.0616893400002934}. Best is trial 119 with value: 0.2337670588460598.
[I 2026-05-28 00:53:07,884] Trial 289 finished with value: 3.4512982528615135 and parameters: {'ISTN': 61.44686872051462, 'I_gpe': 1.3500303243549048, 'I_gpi': 2.6651632440916, 'noise_stn_sigma': 5.0302205782775244, 'noise_gpe_sigma': 85.41284054535727, 'noise_gpi_sigma': 98.57240718131149, 'g_stn_gpe_mult': 2.762280956899946, 'g_gpe_stn_mult': 0.15626837315211975, 'g_stn_gpi_mult': 2.9533938999291998, 'g_gpe_gpi_mult': 0.9740137716109629}. Best is trial 119 with value: 0.2337670588460598.
[I 2026-05-28 00:53:08,894] Trial 290 finished with value: 11.402455883413909 and parameters: {'ISTN': 66.11071857975415, 'I_gpe': 1.507713260266115, 'I_gpi': 2.462279548423618, 'noise_stn_sigma': 6.129492093897523, 'noise_gpe_sigma': 73.39127103922928, 'noise_gpi_sigma': 85.95941778333449, 'g_stn_gpe_mult': 2.102585487998344, 'g_gpe_stn_mult': 0.19399341428233546, 'g_stn_gpi_mult': 2.9724075413837747, 'g_gpe_gpi_mult': 0.9682540933519519}. Best is trial 119 with value: 0.2337670588460598.
[I 2026-05-28 00:53:09,904] Trial 291 finished with value: 12.9577529585853 and parameters: {'ISTN': 74.63903744187401, 'I_gpe': 1.016820928608742, 'I_gpi': 1.9848704309714853, 'noise_stn_sigma': 6.232315140686236, 'noise_gpe_sigma': 62.23380225505287, 'noise_gpi_sigma': 83.86237156136036, 'g_stn_gpe_mult': 2.560845070965073, 'g_gpe_stn_mult': 0.1704050134379635, 'g_stn_gpi_mult': 2.9113338609711894, 'g_gpe_gpi_mult': 1.1909590989156813}. Best is trial 119 with value: 0.2337670588460598.
[I 2026-05-28 00:53:10,913] Trial 292 finished with value: 8.40929243374947 and parameters: {'ISTN': 77.3796749976024, 'I_gpe': 0.9258030451096751, 'I_gpi': 2.8313521430034045, 'noise_stn_sigma': 6.402740238499776, 'noise_gpe_sigma': 78.11236864218704, 'noise_gpi_sigma': 102.58087219116062, 'g_stn_gpe_mult': 2.6325492600957707, 'g_gpe_stn_mult': 0.21898581786646137, 'g_stn_gpi_mult': 2.5897512649750167, 'g_gpe_gpi_mult': 1.1015361096464205}. Best is trial 119 with value: 0.2337670588460598.
[I 2026-05-28 00:53:11,920] Trial 293 finished with value: 9.8280815487102 and parameters: {'ISTN': 81.1386345470921, 'I_gpe': 1.0054078007640916, 'I_gpi': 2.6186464090365553, 'noise_stn_sigma': 6.927284281363535, 'noise_gpe_sigma': 72.21349116425421, 'noise_gpi_sigma': 82.01836657825592, 'g_stn_gpe_mult': 1.9092326499720174, 'g_gpe_stn_mult': 0.18303630583219438, 'g_stn_gpi_mult': 2.4744010755662273, 'g_gpe_gpi_mult': 1.1075092975633478}. Best is trial 119 with value: 0.2337670588460598.
[I 2026-05-28 00:53:12,933] Trial 294 finished with value: 14.091224984927829 and parameters: {'ISTN': 72.76572563028121, 'I_gpe': 0.9976671558068394, 'I_gpi': 2.189396626267616, 'noise_stn_sigma': 6.6901186518591995, 'noise_gpe_sigma': 78.60759494302249, 'noise_gpi_sigma': 82.41543684279137, 'g_stn_gpe_mult': 2.2992830535898303, 'g_gpe_stn_mult': 0.20238015798407322, 'g_stn_gpi_mult': 2.5307734389450074, 'g_gpe_gpi_mult': 1.075858522135653}. Best is trial 119 with value: 0.2337670588460598.
[I 2026-05-28 00:53:13,944] Trial 295 finished with value: 5.405948468811841 and parameters: {'ISTN': 80.00964882630808, 'I_gpe': 1.1462413859825369, 'I_gpi': 2.317126339551362, 'noise_stn_sigma': 6.56770301651911, 'noise_gpe_sigma': 74.83950904121711, 'noise_gpi_sigma': 74.7772144345127, 'g_stn_gpe_mult': 2.333781069650599, 'g_gpe_stn_mult': 0.2193681084513413, 'g_stn_gpi_mult': 2.49834205142745, 'g_gpe_gpi_mult': 1.1567571545286734}. Best is trial 119 with value: 0.2337670588460598.
[I 2026-05-28 00:53:14,952] Trial 296 finished with value: 10.464616905652388 and parameters: {'ISTN': 70.15646409411146, 'I_gpe': 1.3939997595765545, 'I_gpi': 2.3795931499722007, 'noise_stn_sigma': 7.08746974478321, 'noise_gpe_sigma': 71.60285084805938, 'noise_gpi_sigma': 77.23228536955568, 'g_stn_gpe_mult': 2.5563404410682926, 'g_gpe_stn_mult': 0.17312962310969748, 'g_stn_gpi_mult': 2.9555605003397973, 'g_gpe_gpi_mult': 1.1503844481035577}. Best is trial 119 with value: 0.2337670588460598.
[I 2026-05-28 00:53:15,962] Trial 297 finished with value: 9.83057145048617 and parameters: {'ISTN': 78.60933493281608, 'I_gpe': 0.7462550688964533, 'I_gpi': 2.0833122874627974, 'noise_stn_sigma': 6.079586113195106, 'noise_gpe_sigma': 71.68472666499852, 'noise_gpi_sigma': 84.77073636744072, 'g_stn_gpe_mult': 2.596795440406196, 'g_gpe_stn_mult': 0.2485593340323003, 'g_stn_gpi_mult': 2.4881493823244165, 'g_gpe_gpi_mult': 1.057925922113206}. Best is trial 119 with value: 0.2337670588460598.
[I 2026-05-28 00:53:16,972] Trial 298 finished with value: 10.896641235085886 and parameters: {'ISTN': 76.80403228004023, 'I_gpe': 1.1164515704754265, 'I_gpi': 1.8084031394269346, 'noise_stn_sigma': 6.633846331082049, 'noise_gpe_sigma': 76.53685621737606, 'noise_gpi_sigma': 76.75501996260215, 'g_stn_gpe_mult': 2.158897085160666, 'g_gpe_stn_mult': 0.12798265055584027, 'g_stn_gpi_mult': 2.8551134453859555, 'g_gpe_gpi_mult': 1.164192503148189}. Best is trial 119 with value: 0.2337670588460598.
[I 2026-05-28 00:53:17,983] Trial 299 finished with value: 6.960582961329318 and parameters: {'ISTN': 96.81724565994242, 'I_gpe': 1.142749159221376, 'I_gpi': 2.3573376515911058, 'noise_stn_sigma': 7.235636970919929, 'noise_gpe_sigma': 70.73781168103594, 'noise_gpi_sigma': 81.62016131286035, 'g_stn_gpe_mult': 1.995384335249478, 'g_gpe_stn_mult': 0.16906468779841627, 'g_stn_gpi_mult': 2.4697825588390803, 'g_gpe_gpi_mult': 1.0478314931003727}. Best is trial 119 with value: 0.2337670588460598.
[I 2026-05-28 00:53:18,995] Trial 300 finished with value: 12.568958658099616 and parameters: {'ISTN': 78.19356257202156, 'I_gpe': 1.6049902388101163, 'I_gpi': 2.288195744460964, 'noise_stn_sigma': 6.575940932342991, 'noise_gpe_sigma': 75.94647168728329, 'noise_gpi_sigma': 78.31182669104948, 'g_stn_gpe_mult': 2.189679704228539, 'g_gpe_stn_mult': 0.18756387471894626, 'g_stn_gpi_mult': 2.820069558361282, 'g_gpe_gpi_mult': 1.062708903617494}. Best is trial 119 with value: 0.2337670588460598.
[I 2026-05-28 00:53:20,007] Trial 301 finished with value: 7.383983668047319 and parameters: {'ISTN': 80.23497465148861, 'I_gpe': 1.024162058488403, 'I_gpi': 1.813398163520294, 'noise_stn_sigma': 6.247910578983931, 'noise_gpe_sigma': 84.93592618802307, 'noise_gpi_sigma': 95.09396725309136, 'g_stn_gpe_mult': 2.370688969699297, 'g_gpe_stn_mult': 0.14506184191446553, 'g_stn_gpi_mult': 2.212852610053143, 'g_gpe_gpi_mult': 1.068750639954983}. Best is trial 119 with value: 0.2337670588460598.
[I 2026-05-28 00:53:21,017] Trial 302 finished with value: 1.3637413571092214 and parameters: {'ISTN': 74.61418906582992, 'I_gpe': 0.9863560723648006, 'I_gpi': 2.735004343103083, 'noise_stn_sigma': 6.4628844226636195, 'noise_gpe_sigma': 80.69075927252953, 'noise_gpi_sigma': 88.03834821161612, 'g_stn_gpe_mult': 2.116611248783215, 'g_gpe_stn_mult': 0.26113995758319863, 'g_stn_gpi_mult': 2.0994879589569497, 'g_gpe_gpi_mult': 1.0084533913764404}. Best is trial 119 with value: 0.2337670588460598.
[I 2026-05-28 00:53:22,026] Trial 303 finished with value: 12.353891161768974 and parameters: {'ISTN': 93.6960342614371, 'I_gpe': 0.9528077380602487, 'I_gpi': 2.6992053133904976, 'noise_stn_sigma': 6.862612111771162, 'noise_gpe_sigma': 70.47843962230498, 'noise_gpi_sigma': 77.5015771000047, 'g_stn_gpe_mult': 2.2366914883367706, 'g_gpe_stn_mult': 0.11883623697979331, 'g_stn_gpi_mult': 2.6487893773719424, 'g_gpe_gpi_mult': 1.0643835643600146}. Best is trial 119 with value: 0.2337670588460598.
[I 2026-05-28 00:53:23,034] Trial 304 finished with value: 8.38284873484628 and parameters: {'ISTN': 85.21089260827121, 'I_gpe': 0.8940158078119534, 'I_gpi': 2.7291295832394074, 'noise_stn_sigma': 6.817215004461284, 'noise_gpe_sigma': 62.8782543210705, 'noise_gpi_sigma': 87.26294795641635, 'g_stn_gpe_mult': 1.5321791816985353, 'g_gpe_stn_mult': 0.2992181021800423, 'g_stn_gpi_mult': 2.257256038172622, 'g_gpe_gpi_mult': 1.0901102967214547}. Best is trial 119 with value: 0.2337670588460598.
[I 2026-05-28 00:53:24,041] Trial 305 finished with value: 12.767722442129376 and parameters: {'ISTN': 79.30153317435821, 'I_gpe': 1.0957818740871574, 'I_gpi': 2.553725211360698, 'noise_stn_sigma': 7.168242473269994, 'noise_gpe_sigma': 69.92411567801224, 'noise_gpi_sigma': 70.9936622907629, 'g_stn_gpe_mult': 2.346989745539806, 'g_gpe_stn_mult': 0.23146443874640688, 'g_stn_gpi_mult': 2.46507409659037, 'g_gpe_gpi_mult': 1.128267226167154}. Best is trial 119 with value: 0.2337670588460598.
[I 2026-05-28 00:53:25,050] Trial 306 finished with value: 8.745160873160781 and parameters: {'ISTN': 84.59797720376818, 'I_gpe': 1.1036265584855645, 'I_gpi': 1.955586497333487, 'noise_stn_sigma': 6.601044912708821, 'noise_gpe_sigma': 82.22039841397726, 'noise_gpi_sigma': 81.91402319966011, 'g_stn_gpe_mult': 1.9624732686086541, 'g_gpe_stn_mult': 0.20755555028963701, 'g_stn_gpi_mult': 2.035700766031246, 'g_gpe_gpi_mult': 1.1464821495078081}. Best is trial 119 with value: 0.2337670588460598.
[I 2026-05-28 00:53:26,060] Trial 307 finished with value: 11.338273809142983 and parameters: {'ISTN': 72.1569303065589, 'I_gpe': 1.215753498293016, 'I_gpi': 2.32830462161583, 'noise_stn_sigma': 6.369216531387409, 'noise_gpe_sigma': 74.02968228842107, 'noise_gpi_sigma': 102.41223940371385, 'g_stn_gpe_mult': 2.27725954293654, 'g_gpe_stn_mult': 0.19002873380570823, 'g_stn_gpi_mult': 2.42370583552743, 'g_gpe_gpi_mult': 1.036898180393064}. Best is trial 119 with value: 0.2337670588460598.
