[I 2026-05-28 01:02:20,061] Trial 836 finished with value: 0.9593435908494305 and parameters: {'ISTN': 75.71493465693428, 'I_gpe': 0.9232653871686188, 'I_gpi': 2.1838919565426442, 'noise_stn_sigma': 5.709794365564429, 'noise_gpe_sigma': 92.22824783819053, 'noise_gpi_sigma': 69.7440664376047, 'g_stn_gpe_mult': 1.5574642966183767, 'g_gpe_stn_mult': 0.21535493391142027, 'g_stn_gpi_mult': 2.4929618653196544, 'g_gpe_gpi_mult': 0.8794550186558525}. Best is trial 119 with value: 0.2337670588460598.
[I 2026-05-28 01:02:21,070] Trial 837 finished with value: 0.9146314263801619 and parameters: {'ISTN': 75.93217146954106, 'I_gpe': 0.9240907499072721, 'I_gpi': 1.838587549384256, 'noise_stn_sigma': 5.803396206816327, 'noise_gpe_sigma': 90.6720294261733, 'noise_gpi_sigma': 71.61708963783173, 'g_stn_gpe_mult': 1.7028427202679417, 'g_gpe_stn_mult': 0.21252624206166143, 'g_stn_gpi_mult': 2.4777127913139214, 'g_gpe_gpi_mult': 0.890611244339814}. Best is trial 119 with value: 0.2337670588460598.
[I 2026-05-28 01:02:22,084] Trial 838 finished with value: 0.9437421021382675 and parameters: {'ISTN': 76.02972746619699, 'I_gpe': 0.9053736974231202, 'I_gpi': 1.9739458765109348, 'noise_stn_sigma': 5.938468791869288, 'noise_gpe_sigma': 90.92346876525636, 'noise_gpi_sigma': 70.81341610856705, 'g_stn_gpe_mult': 1.725087540016773, 'g_gpe_stn_mult': 0.21576202303155997, 'g_stn_gpi_mult': 2.5401078602421694, 'g_gpe_gpi_mult': 0.8952147739135217}. Best is trial 119 with value: 0.2337670588460598.
[I 2026-05-28 01:02:23,095] Trial 839 finished with value: 0.9391046488309278 and parameters: {'ISTN': 75.63824868001426, 'I_gpe': 0.9660740636220475, 'I_gpi': 2.030909739732878, 'noise_stn_sigma': 5.942959665654927, 'noise_gpe_sigma': 90.86206419692924, 'noise_gpi_sigma': 71.15023940586829, 'g_stn_gpe_mult': 1.5529701865133616, 'g_gpe_stn_mult': 0.21761375119337428, 'g_stn_gpi_mult': 2.467098434929569, 'g_gpe_gpi_mult': 0.857460564494265}. Best is trial 119 with value: 0.2337670588460598.
[I 2026-05-28 01:02:24,104] Trial 840 finished with value: 0.9636854131983078 and parameters: {'ISTN': 76.94897715449645, 'I_gpe': 0.9379909874168011, 'I_gpi': 2.036208196190013, 'noise_stn_sigma': 5.7613375606967345, 'noise_gpe_sigma': 92.10669835404798, 'noise_gpi_sigma': 71.21318945495997, 'g_stn_gpe_mult': 1.6738146053113188, 'g_gpe_stn_mult': 0.19859164855912131, 'g_stn_gpi_mult': 2.4300056498205773, 'g_gpe_gpi_mult': 0.8834488665005289}. Best is trial 119 with value: 0.2337670588460598.
[I 2026-05-28 01:02:25,115] Trial 841 finished with value: 0.9034586080300614 and parameters: {'ISTN': 75.23832450810073, 'I_gpe': 0.8981610779899396, 'I_gpi': 2.068957362582739, 'noise_stn_sigma': 5.8069672472345895, 'noise_gpe_sigma': 91.86506704507576, 'noise_gpi_sigma': 73.19863045875368, 'g_stn_gpe_mult': 1.7560644393273326, 'g_gpe_stn_mult': 0.2242303724906143, 'g_stn_gpi_mult': 2.4127011689668465, 'g_gpe_gpi_mult': 0.8684624664726455}. Best is trial 119 with value: 0.2337670588460598.
[I 2026-05-28 01:02:26,125] Trial 842 finished with value: 0.950292554497803 and parameters: {'ISTN': 75.11967001733983, 'I_gpe': 0.8856325373568495, 'I_gpi': 1.9230546169014764, 'noise_stn_sigma': 5.776872341124686, 'noise_gpe_sigma': 89.68924870117675, 'noise_gpi_sigma': 71.76888233587783, 'g_stn_gpe_mult': 1.6722643256751533, 'g_gpe_stn_mult': 0.21249529007578324, 'g_stn_gpi_mult': 2.505585327101393, 'g_gpe_gpi_mult': 0.8856475958028551}. Best is trial 119 with value: 0.2337670588460598.
[I 2026-05-28 01:02:27,135] Trial 843 finished with value: 1.3587072493639394 and parameters: {'ISTN': 77.00035654690232, 'I_gpe': 0.8707692685788783, 'I_gpi': 2.0107157817920203, 'noise_stn_sigma': 5.97527391037578, 'noise_gpe_sigma': 91.24814510116617, 'noise_gpi_sigma': 75.64564139927049, 'g_stn_gpe_mult': 1.7318339381047925, 'g_gpe_stn_mult': 0.22009667722542664, 'g_stn_gpi_mult': 2.439721522493121, 'g_gpe_gpi_mult': 0.8535471033699487}. Best is trial 119 with value: 0.2337670588460598.
[I 2026-05-28 01:02:28,147] Trial 844 finished with value: 0.8840168908003921 and parameters: {'ISTN': 73.83155531535516, 'I_gpe': 0.9372992724686819, 'I_gpi': 2.047175572174865, 'noise_stn_sigma': 5.906644859372498, 'noise_gpe_sigma': 86.73242155300679, 'noise_gpi_sigma': 68.70769344409302, 'g_stn_gpe_mult': 1.5715352292225422, 'g_gpe_stn_mult': 0.2435483494916688, 'g_stn_gpi_mult': 2.5141723647657246, 'g_gpe_gpi_mult': 0.8563364021150202}. Best is trial 119 with value: 0.2337670588460598.
[I 2026-05-28 01:02:29,157] Trial 845 finished with value: 3.8022445829917384 and parameters: {'ISTN': 75.67644732975674, 'I_gpe': 0.8525722031161214, 'I_gpi': 1.966903812555546, 'noise_stn_sigma': 5.7007341611377, 'noise_gpe_sigma': 88.05937875988322, 'noise_gpi_sigma': 74.73448255730189, 'g_stn_gpe_mult': 1.68924113038992, 'g_gpe_stn_mult': 0.19411765576386808, 'g_stn_gpi_mult': 2.4982068819027914, 'g_gpe_gpi_mult': 0.8753920978355398}. Best is trial 119 with value: 0.2337670588460598.
[I 2026-05-28 01:02:30,169] Trial 846 finished with value: 0.9098380657965576 and parameters: {'ISTN': 75.50566226457195, 'I_gpe': 0.950085570432751, 'I_gpi': 1.9019459628782998, 'noise_stn_sigma': 5.782968017341273, 'noise_gpe_sigma': 91.63862864904955, 'noise_gpi_sigma': 72.40923521155767, 'g_stn_gpe_mult': 1.6430559558369628, 'g_gpe_stn_mult': 0.2093431691405363, 'g_stn_gpi_mult': 2.431658737639806, 'g_gpe_gpi_mult': 0.8861922451191979}. Best is trial 119 with value: 0.2337670588460598.
[I 2026-05-28 01:02:31,180] Trial 847 finished with value: 1.0828811091368138 and parameters: {'ISTN': 76.9732331140767, 'I_gpe': 0.9092741851650872, 'I_gpi': 1.8718797119123876, 'noise_stn_sigma': 6.160762640909927, 'noise_gpe_sigma': 90.36249452319123, 'noise_gpi_sigma': 74.26738163099876, 'g_stn_gpe_mult': 1.6304566575195616, 'g_gpe_stn_mult': 0.21599460901319079, 'g_stn_gpi_mult': 2.4708382335680366, 'g_gpe_gpi_mult': 0.8436617599127307}. Best is trial 119 with value: 0.2337670588460598.
[I 2026-05-28 01:02:32,191] Trial 848 finished with value: 1.377419009016142 and parameters: {'ISTN': 76.2248811788796, 'I_gpe': 0.9324521156089268, 'I_gpi': 1.9140029566034198, 'noise_stn_sigma': 5.825857216585666, 'noise_gpe_sigma': 95.64695244526455, 'noise_gpi_sigma': 68.64315781934314, 'g_stn_gpe_mult': 1.6906450196963694, 'g_gpe_stn_mult': 0.217010219327069, 'g_stn_gpi_mult': 2.515727589582566, 'g_gpe_gpi_mult': 0.8635081081971532}. Best is trial 119 with value: 0.2337670588460598.
[I 2026-05-28 01:02:33,203] Trial 849 finished with value: 1.7130521371606093 and parameters: {'ISTN': 77.56647040654235, 'I_gpe': 0.9397481159859131, 'I_gpi': 1.8952665858834674, 'noise_stn_sigma': 5.881456181204614, 'noise_gpe_sigma': 90.20726656743255, 'noise_gpi_sigma': 71.00031920834971, 'g_stn_gpe_mult': 1.6113673757039464, 'g_gpe_stn_mult': 0.20374344884420545, 'g_stn_gpi_mult': 2.404674993816011, 'g_gpe_gpi_mult': 0.9187113995669598}. Best is trial 119 with value: 0.2337670588460598.
[I 2026-05-28 01:02:34,213] Trial 850 finished with value: 0.9210004259497127 and parameters: {'ISTN': 74.09420267268456, 'I_gpe': 0.938329434238065, 'I_gpi': 2.16590257294369, 'noise_stn_sigma': 5.67374469364985, 'noise_gpe_sigma': 89.97073927215457, 'noise_gpi_sigma': 72.30083523571716, 'g_stn_gpe_mult': 1.654312735894329, 'g_gpe_stn_mult': 0.23916287532209332, 'g_stn_gpi_mult': 2.4159224354795015, 'g_gpe_gpi_mult': 0.8501693102015424}. Best is trial 119 with value: 0.2337670588460598.
[I 2026-05-28 01:02:35,226] Trial 851 finished with value: 2.5985010395777457 and parameters: {'ISTN': 76.40609032975208, 'I_gpe': 0.9711257013185804, 'I_gpi': 1.8036524495008317, 'noise_stn_sigma': 5.740864020096288, 'noise_gpe_sigma': 93.6941023027641, 'noise_gpi_sigma': 63.66047736968854, 'g_stn_gpe_mult': 1.6487374334246505, 'g_gpe_stn_mult': 0.20074658644210547, 'g_stn_gpi_mult': 2.508743167242525, 'g_gpe_gpi_mult': 0.934451927882151}. Best is trial 119 with value: 0.2337670588460598.
[I 2026-05-28 01:02:36,235] Trial 852 finished with value: 1.2392070818244822 and parameters: {'ISTN': 72.43090553490991, 'I_gpe': 0.9119954398601784, 'I_gpi': 2.2171742364345564, 'noise_stn_sigma': 5.645297410581785, 'noise_gpe_sigma': 89.26814712287864, 'noise_gpi_sigma': 70.34048938587082, 'g_stn_gpe_mult': 1.5955236342829597, 'g_gpe_stn_mult': 0.254214434991592, 'g_stn_gpi_mult': 2.3882665571917383, 'g_gpe_gpi_mult': 0.8394677818163978}. Best is trial 119 with value: 0.2337670588460598.
[I 2026-05-28 01:02:37,247] Trial 853 finished with value: 0.9278387078706947 and parameters: {'ISTN': 75.67338013245875, 'I_gpe': 0.9226786615564926, 'I_gpi': 1.8369512721321228, 'noise_stn_sigma': 5.774885347047937, 'noise_gpe_sigma': 91.97953252127706, 'noise_gpi_sigma': 67.90369592940903, 'g_stn_gpe_mult': 1.6634479057609433, 'g_gpe_stn_mult': 0.2224290444267192, 'g_stn_gpi_mult': 2.4045021976551073, 'g_gpe_gpi_mult': 0.9222316364846803}. Best is trial 119 with value: 0.2337670588460598.
[I 2026-05-28 01:02:38,259] Trial 854 finished with value: 1.015262980403525 and parameters: {'ISTN': 76.12681913683713, 'I_gpe': 0.919324086323271, 'I_gpi': 1.9193375193475763, 'noise_stn_sigma': 5.99811412575661, 'noise_gpe_sigma': 89.92279264726713, 'noise_gpi_sigma': 69.72277862935894, 'g_stn_gpe_mult': 1.6365349118793455, 'g_gpe_stn_mult': 0.22190943700110688, 'g_stn_gpi_mult': 2.417090767782417, 'g_gpe_gpi_mult': 0.8747113254770187}. Best is trial 119 with value: 0.2337670588460598.
[I 2026-05-28 01:02:39,268] Trial 855 finished with value: 0.9441125929771373 and parameters: {'ISTN': 75.14834685836557, 'I_gpe': 0.9028375890690237, 'I_gpi': 2.0739696099203204, 'noise_stn_sigma': 5.9572628744679985, 'noise_gpe_sigma': 87.6549624762332, 'noise_gpi_sigma': 73.42583703772831, 'g_stn_gpe_mult': 1.5820976566709544, 'g_gpe_stn_mult': 0.22890867627619876, 'g_stn_gpi_mult': 2.4515768801883793, 'g_gpe_gpi_mult': 0.8526923098800152}. Best is trial 119 with value: 0.2337670588460598.
[I 2026-05-28 01:02:40,277] Trial 856 finished with value: 7.293322322290933 and parameters: {'ISTN': 72.70117755444183, 'I_gpe': 1.038117819056103, 'I_gpi': 2.0040788674565686, 'noise_stn_sigma': 5.599327189077433, 'noise_gpe_sigma': 88.33946167505219, 'noise_gpi_sigma': 69.63392593511549, 'g_stn_gpe_mult': 1.6586347370490055, 'g_gpe_stn_mult': 0.24516801029826005, 'g_stn_gpi_mult': 2.5024118765892576, 'g_gpe_gpi_mult': 0.8422563895541237}. Best is trial 119 with value: 0.2337670588460598.
[I 2026-05-28 01:02:41,285] Trial 857 finished with value: 5.527597083467047 and parameters: {'ISTN': 74.37607907883911, 'I_gpe': 0.9197154869711694, 'I_gpi': 1.9330484364955272, 'noise_stn_sigma': 5.888885206618411, 'noise_gpe_sigma': 86.5298408348852, 'noise_gpi_sigma': 70.8095468197957, 'g_stn_gpe_mult': 1.6882906482715123, 'g_gpe_stn_mult': 0.21322917150225199, 'g_stn_gpi_mult': 2.480789072880646, 'g_gpe_gpi_mult': 0.8865960354742095}. Best is trial 119 with value: 0.2337670588460598.
[I 2026-05-28 01:02:42,296] Trial 858 finished with value: 3.3967350822567104 and parameters: {'ISTN': 75.1048345150683, 'I_gpe': 0.9598387264347449, 'I_gpi': 1.8418864054410364, 'noise_stn_sigma': 5.818548916730325, 'noise_gpe_sigma': 90.99627728975493, 'noise_gpi_sigma': 68.73936318137513, 'g_stn_gpe_mult': 1.6835476079951546, 'g_gpe_stn_mult': 0.21546184537787147, 'g_stn_gpi_mult': 2.435375295946143, 'g_gpe_gpi_mult': 0.8904903311412427}. Best is trial 119 with value: 0.2337670588460598.
[I 2026-05-28 01:02:43,306] Trial 859 finished with value: 0.9075325842360397 and parameters: {'ISTN': 75.26444814242988, 'I_gpe': 0.9297030808667112, 'I_gpi': 1.8943077297314301, 'noise_stn_sigma': 5.860982566907171, 'noise_gpe_sigma': 89.55167065576218, 'noise_gpi_sigma': 69.6362441533903, 'g_stn_gpe_mult': 1.5813698062401618, 'g_gpe_stn_mult': 0.22266744594743798, 'g_stn_gpi_mult': 2.4628894935082033, 'g_gpe_gpi_mult': 0.8891482078845667}. Best is trial 119 with value: 0.2337670588460598.
[I 2026-05-28 01:02:44,319] Trial 860 finished with value: 0.9264094846091534 and parameters: {'ISTN': 75.12261686386482, 'I_gpe': 0.8979233223271519, 'I_gpi': 2.0228202228645875, 'noise_stn_sigma': 5.898630517722959, 'noise_gpe_sigma': 92.4148208629648, 'noise_gpi_sigma': 68.17197277193779, 'g_stn_gpe_mult': 1.6820379096199636, 'g_gpe_stn_mult': 0.22333425827765863, 'g_stn_gpi_mult': 2.5073681682689557, 'g_gpe_gpi_mult': 0.8870916155934554}. Best is trial 119 with value: 0.2337670588460598.
[I 2026-05-28 01:02:45,332] Trial 861 finished with value: 0.9098570639040321 and parameters: {'ISTN': 74.50269664563808, 'I_gpe': 0.9422240072863646, 'I_gpi': 1.9598955686129598, 'noise_stn_sigma': 5.8224765463822274, 'noise_gpe_sigma': 90.86886793856408, 'noise_gpi_sigma': 68.14818069094966, 'g_stn_gpe_mult': 1.6131858363664693, 'g_gpe_stn_mult': 0.22855800763723746, 'g_stn_gpi_mult': 2.424965759369833, 'g_gpe_gpi_mult': 0.8785256266654882}. Best is trial 119 with value: 0.2337670588460598.
[I 2026-05-28 01:02:46,342] Trial 862 finished with value: 1.979682601253951 and parameters: {'ISTN': 75.45798902438554, 'I_gpe': 0.9317918859257295, 'I_gpi': 1.8621235518261368, 'noise_stn_sigma': 5.649579427920196, 'noise_gpe_sigma': 95.17987037030223, 'noise_gpi_sigma': 68.87492984202407, 'g_stn_gpe_mult': 1.708914630906216, 'g_gpe_stn_mult': 0.203243956460053, 'g_stn_gpi_mult': 2.506434365264824, 'g_gpe_gpi_mult': 0.8846237997936095}. Best is trial 119 with value: 0.2337670588460598.
[I 2026-05-28 01:02:47,356] Trial 863 finished with value: 1.639369579804434 and parameters: {'ISTN': 76.45211211061962, 'I_gpe': 0.9748405785221487, 'I_gpi': 1.9972676107016183, 'noise_stn_sigma': 5.986244354861057, 'noise_gpe_sigma': 91.15461195100696, 'noise_gpi_sigma': 68.35062720514742, 'g_stn_gpe_mult': 1.5183959704892689, 'g_gpe_stn_mult': 0.22358824493030582, 'g_stn_gpi_mult': 2.4178530993722642, 'g_gpe_gpi_mult': 0.8918879616187616}. Best is trial 119 with value: 0.2337670588460598.
[I 2026-05-28 01:02:48,368] Trial 864 finished with value: 5.201270942156885 and parameters: {'ISTN': 73.68609575414357, 'I_gpe': 0.9205030325874533, 'I_gpi': 2.1427217310056217, 'noise_stn_sigma': 5.764665468878812, 'noise_gpe_sigma': 89.61872199635704, 'noise_gpi_sigma': 72.99186293626795, 'g_stn_gpe_mult': 1.705996401776016, 'g_gpe_stn_mult': 0.22277542974241302, 'g_stn_gpi_mult': 2.448171276824562, 'g_gpe_gpi_mult': 0.8961139705751764}. Best is trial 119 with value: 0.2337670588460598.
[I 2026-05-28 01:02:49,383] Trial 865 finished with value: 3.153593156817025 and parameters: {'ISTN': 75.11026270820757, 'I_gpe': 0.905654699725057, 'I_gpi': 1.973276182293643, 'noise_stn_sigma': 5.880767681251648, 'noise_gpe_sigma': 88.3098914513148, 'noise_gpi_sigma': 74.73483987701229, 'g_stn_gpe_mult': 1.694552922739982, 'g_gpe_stn_mult': 0.20672718997954245, 'g_stn_gpi_mult': 2.466414145508499, 'g_gpe_gpi_mult': 0.9004175087002748}. Best is trial 119 with value: 0.2337670588460598.
[I 2026-05-28 01:02:50,394] Trial 866 finished with value: 0.9169576784575181 and parameters: {'ISTN': 75.40177356275011, 'I_gpe': 0.922228753449523, 'I_gpi': 1.8772388367595028, 'noise_stn_sigma': 5.767105693982939, 'noise_gpe_sigma': 90.05477223594468, 'noise_gpi_sigma': 67.9499976451103, 'g_stn_gpe_mult': 1.6575222838139874, 'g_gpe_stn_mult': 0.22201903303587994, 'g_stn_gpi_mult': 2.4692279323522985, 'g_gpe_gpi_mult': 0.8935830591633249}. Best is trial 119 with value: 0.2337670588460598.
[I 2026-05-28 01:02:51,408] Trial 867 finished with value: 0.929518407936059 and parameters: {'ISTN': 75.2472993261944, 'I_gpe': 0.9261212106936838, 'I_gpi': 2.056432428956849, 'noise_stn_sigma': 6.047433328904083, 'noise_gpe_sigma': 90.61199725662635, 'noise_gpi_sigma': 72.03524833441446, 'g_stn_gpe_mult': 1.6596845495516248, 'g_gpe_stn_mult': 0.22139723635636416, 'g_stn_gpi_mult': 2.406287363112302, 'g_gpe_gpi_mult': 0.8687397809673312}. Best is trial 119 with value: 0.2337670588460598.
[I 2026-05-28 01:02:52,420] Trial 868 finished with value: 0.9984397213965277 and parameters: {'ISTN': 75.37316750130616, 'I_gpe': 0.8923567541993834, 'I_gpi': 2.0745686549271083, 'noise_stn_sigma': 5.710415655948764, 'noise_gpe_sigma': 89.4570868643646, 'noise_gpi_sigma': 73.02397020741746, 'g_stn_gpe_mult': 1.7129905110904065, 'g_gpe_stn_mult': 0.2406093870734232, 'g_stn_gpi_mult': 2.492605569791493, 'g_gpe_gpi_mult': 0.8858764067701261}. Best is trial 119 with value: 0.2337670588460598.
[I 2026-05-28 01:02:53,430] Trial 869 finished with value: 0.9355795843290597 and parameters: {'ISTN': 74.95864086589492, 'I_gpe': 0.9050795190506783, 'I_gpi': 1.8636914858014062, 'noise_stn_sigma': 5.658208514749551, 'noise_gpe_sigma': 93.36890950458843, 'noise_gpi_sigma': 65.06838135460251, 'g_stn_gpe_mult': 1.602802968906651, 'g_gpe_stn_mult': 0.22165965976146704, 'g_stn_gpi_mult': 2.4352346360152115, 'g_gpe_gpi_mult': 0.9260871226299887}. Best is trial 119 with value: 0.2337670588460598.
[I 2026-05-28 01:02:54,439] Trial 870 finished with value: 1.0069332213819477 and parameters: {'ISTN': 76.22184422312269, 'I_gpe': 0.9327856229158529, 'I_gpi': 1.9957973300990213, 'noise_stn_sigma': 5.716269537044934, 'noise_gpe_sigma': 92.89460729230622, 'noise_gpi_sigma': 71.93085209946469, 'g_stn_gpe_mult': 1.5673161090598429, 'g_gpe_stn_mult': 0.22205058563397345, 'g_stn_gpi_mult': 2.406988249576828, 'g_gpe_gpi_mult': 0.8727866958880579}. Best is trial 119 with value: 0.2337670588460598.
[I 2026-05-28 01:02:55,450] Trial 871 finished with value: 1.0555818855226402 and parameters: {'ISTN': 75.23181683085834, 'I_gpe': 0.8985392139417839, 'I_gpi': 1.927712488134553, 'noise_stn_sigma': 5.773330075873148, 'noise_gpe_sigma': 93.48302704438021, 'noise_gpi_sigma': 64.67541525448055, 'g_stn_gpe_mult': 1.59570272242674, 'g_gpe_stn_mult': 0.21768231218821033, 'g_stn_gpi_mult': 2.451760937858494, 'g_gpe_gpi_mult': 0.8951365904680153}. Best is trial 119 with value: 0.2337670588460598.
[I 2026-05-28 01:02:56,460] Trial 872 finished with value: 2.7498039105061354 and parameters: {'ISTN': 74.33863751956429, 'I_gpe': 0.9208822571677066, 'I_gpi': 2.0604360704716527, 'noise_stn_sigma': 5.778653998820317, 'noise_gpe_sigma': 91.1135691471405, 'noise_gpi_sigma': 68.65056527270035, 'g_stn_gpe_mult': 1.6801623166343087, 'g_gpe_stn_mult': 0.22591419692900608, 'g_stn_gpi_mult': 2.472239621154994, 'g_gpe_gpi_mult': 0.8813952960044504}. Best is trial 119 with value: 0.2337670588460598.
[I 2026-05-28 01:02:57,473] Trial 873 finished with value: 0.9800766139483301 and parameters: {'ISTN': 76.13719154999103, 'I_gpe': 0.9162053751095192, 'I_gpi': 1.946687178225837, 'noise_stn_sigma': 6.085457814419303, 'noise_gpe_sigma': 87.58768488964064, 'noise_gpi_sigma': 72.5015764549734, 'g_stn_gpe_mult': 1.6183425748256668, 'g_gpe_stn_mult': 0.2200616681283486, 'g_stn_gpi_mult': 2.4209468086377797, 'g_gpe_gpi_mult': 0.8823632678643354}. Best is trial 119 with value: 0.2337670588460598.
[I 2026-05-28 01:02:58,483] Trial 874 finished with value: 1.1065774649495705 and parameters: {'ISTN': 76.4245349026009, 'I_gpe': 0.9541091345561312, 'I_gpi': 1.8961050428233042, 'noise_stn_sigma': 5.741515896658699, 'noise_gpe_sigma': 92.4838756787802, 'noise_gpi_sigma': 68.47826562401474, 'g_stn_gpe_mult': 1.557605359827337, 'g_gpe_stn_mult': 0.22458142078705334, 'g_stn_gpi_mult': 2.4955824461222544, 'g_gpe_gpi_mult': 0.896087222295064}. Best is trial 119 with value: 0.2337670588460598.
[I 2026-05-28 01:02:59,493] Trial 875 finished with value: 1.0135187009395263 and parameters: {'ISTN': 75.94719854238436, 'I_gpe': 0.9091201801098715, 'I_gpi': 1.8229461179483362, 'noise_stn_sigma': 5.915911070877189, 'noise_gpe_sigma': 91.84211767613311, 'noise_gpi_sigma': 67.56030788827984, 'g_stn_gpe_mult': 1.6694582736781538, 'g_gpe_stn_mult': 0.2264972720733772, 'g_stn_gpi_mult': 2.3601053674249055, 'g_gpe_gpi_mult': 0.9039808550649617}. Best is trial 119 with value: 0.2337670588460598.
[I 2026-05-28 01:03:00,505] Trial 876 finished with value: 0.9403303382029086 and parameters: {'ISTN': 75.818948680555, 'I_gpe': 0.9487743339947077, 'I_gpi': 1.935154611179464, 'noise_stn_sigma': 5.982730882850595, 'noise_gpe_sigma': 91.50974931709787, 'noise_gpi_sigma': 70.57457794314166, 'g_stn_gpe_mult': 1.675804262923264, 'g_gpe_stn_mult': 0.21432441172065603, 'g_stn_gpi_mult': 2.466041903972427, 'g_gpe_gpi_mult': 0.8777297744684098}. Best is trial 119 with value: 0.2337670588460598.
[I 2026-05-28 01:03:01,517] Trial 877 finished with value: 0.9067272789279726 and parameters: {'ISTN': 73.84546985707067, 'I_gpe': 0.92386252502673, 'I_gpi': 2.138881379890517, 'noise_stn_sigma': 5.894014464507941, 'noise_gpe_sigma': 87.90000709120329, 'noise_gpi_sigma': 68.83993307947065, 'g_stn_gpe_mult': 1.5302348601349254, 'g_gpe_stn_mult': 0.242415866936038, 'g_stn_gpi_mult': 2.4660996371955823, 'g_gpe_gpi_mult': 0.855849520290705}. Best is trial 119 with value: 0.2337670588460598.
[I 2026-05-28 01:03:02,527] Trial 878 finished with value: 0.8951254645344224 and parameters: {'ISTN': 74.80510450462208, 'I_gpe': 0.9038294705105931, 'I_gpi': 1.8405285071711455, 'noise_stn_sigma': 5.732915701206524, 'noise_gpe_sigma': 91.38738020169171, 'noise_gpi_sigma': 66.74236013451619, 'g_stn_gpe_mult': 1.6461666611639343, 'g_gpe_stn_mult': 0.22728074096813822, 'g_stn_gpi_mult': 2.388985931240155, 'g_gpe_gpi_mult': 0.8979166739896789}. Best is trial 119 with value: 0.2337670588460598.
[I 2026-05-28 01:03:03,536] Trial 879 finished with value: 2.2882979339541065 and parameters: {'ISTN': 74.25792585130316, 'I_gpe': 0.9496373242814669, 'I_gpi': 1.996008912840435, 'noise_stn_sigma': 5.9454351272966175, 'noise_gpe_sigma': 87.16751040637536, 'noise_gpi_sigma': 66.82830318182467, 'g_stn_gpe_mult': 1.549236918741886, 'g_gpe_stn_mult': 0.23295247177251296, 'g_stn_gpi_mult': 2.521815931738932, 'g_gpe_gpi_mult': 0.8995599820984441}. Best is trial 119 with value: 0.2337670588460598.
