[I 2026-05-28 01:00:06,655] Trial 704 finished with value: 1.3573073676582292 and parameters: {'ISTN': 76.01756467677353, 'I_gpe': 0.8748455817719049, 'I_gpi': 2.4295112386185904, 'noise_stn_sigma': 6.32528602683364, 'noise_gpe_sigma': 81.16393977992331, 'noise_gpi_sigma': 95.01129797899536, 'g_stn_gpe_mult': 1.7917859895168289, 'g_gpe_stn_mult': 0.2389561259786946, 'g_stn_gpi_mult': 2.4323177731235575, 'g_gpe_gpi_mult': 0.7928381699904621}. Best is trial 119 with value: 0.2337670588460598.
[I 2026-05-28 01:00:07,662] Trial 705 finished with value: 1.2075757843422998 and parameters: {'ISTN': 74.07141049126753, 'I_gpe': 0.8777096744644406, 'I_gpi': 2.536795897229528, 'noise_stn_sigma': 6.42721624403613, 'noise_gpe_sigma': 82.72129900832954, 'noise_gpi_sigma': 77.69187958756427, 'g_stn_gpe_mult': 1.6271107971944874, 'g_gpe_stn_mult': 0.25933748681145397, 'g_stn_gpi_mult': 2.617890881003059, 'g_gpe_gpi_mult': 0.8174885600580377}. Best is trial 119 with value: 0.2337670588460598.
[I 2026-05-28 01:00:08,674] Trial 706 finished with value: 1.339485196194861 and parameters: {'ISTN': 76.26407588208995, 'I_gpe': 0.9540096712402535, 'I_gpi': 2.6634354975760575, 'noise_stn_sigma': 6.336799128381452, 'noise_gpe_sigma': 81.97946407970403, 'noise_gpi_sigma': 80.47001651621693, 'g_stn_gpe_mult': 1.6337261659312816, 'g_gpe_stn_mult': 0.2318038345529673, 'g_stn_gpi_mult': 2.5243527048909025, 'g_gpe_gpi_mult': 0.856788096960885}. Best is trial 119 with value: 0.2337670588460598.
[I 2026-05-28 01:00:09,684] Trial 707 finished with value: 1.2346237422460493 and parameters: {'ISTN': 75.29557787003453, 'I_gpe': 0.9473153526307303, 'I_gpi': 2.592330208924671, 'noise_stn_sigma': 6.295785729894519, 'noise_gpe_sigma': 76.87636970109304, 'noise_gpi_sigma': 76.00111752827493, 'g_stn_gpe_mult': 1.5947763584815793, 'g_gpe_stn_mult': 0.23870675274286668, 'g_stn_gpi_mult': 2.656891198563703, 'g_gpe_gpi_mult': 0.8691068072401629}. Best is trial 119 with value: 0.2337670588460598.
[I 2026-05-28 01:00:10,698] Trial 708 finished with value: 6.70833765850016 and parameters: {'ISTN': 73.43400471539067, 'I_gpe': 1.0924789386674738, 'I_gpi': 2.545884403565359, 'noise_stn_sigma': 5.931791700822444, 'noise_gpe_sigma': 79.94849221594308, 'noise_gpi_sigma': 74.17173300263022, 'g_stn_gpe_mult': 1.535868179475984, 'g_gpe_stn_mult': 0.2641534166223306, 'g_stn_gpi_mult': 2.5837674002127695, 'g_gpe_gpi_mult': 0.8397645030658989}. Best is trial 119 with value: 0.2337670588460598.
[I 2026-05-28 01:00:11,708] Trial 709 finished with value: 3.2856432491689054 and parameters: {'ISTN': 73.60427268308518, 'I_gpe': 0.995170498955469, 'I_gpi': 2.4798956004904467, 'noise_stn_sigma': 6.0519488341017835, 'noise_gpe_sigma': 85.3986288743322, 'noise_gpi_sigma': 68.03181684486651, 'g_stn_gpe_mult': 1.585622662076261, 'g_gpe_stn_mult': 0.22802427639100928, 'g_stn_gpi_mult': 2.5408615633039, 'g_gpe_gpi_mult': 0.8963909900806597}. Best is trial 119 with value: 0.2337670588460598.
[I 2026-05-28 01:00:12,721] Trial 710 finished with value: 2.6937607311421585 and parameters: {'ISTN': 73.69299214962035, 'I_gpe': 0.9153625402060293, 'I_gpi': 2.784766127213244, 'noise_stn_sigma': 6.075172806645121, 'noise_gpe_sigma': 74.69522031750384, 'noise_gpi_sigma': 80.23687924615004, 'g_stn_gpe_mult': 1.5620924928215871, 'g_gpe_stn_mult': 0.27414501536494107, 'g_stn_gpi_mult': 2.60461956930994, 'g_gpe_gpi_mult': 0.8133441893453082}. Best is trial 119 with value: 0.2337670588460598.
[I 2026-05-28 01:00:13,733] Trial 711 finished with value: 2.836688950031485 and parameters: {'ISTN': 75.60140925702049, 'I_gpe': 0.9285509878416665, 'I_gpi': 2.445960664853244, 'noise_stn_sigma': 6.407541565535861, 'noise_gpe_sigma': 79.99925184539035, 'noise_gpi_sigma': 71.29364366749525, 'g_stn_gpe_mult': 1.547961040528351, 'g_gpe_stn_mult': 0.25839543891412403, 'g_stn_gpi_mult': 2.5780445074344476, 'g_gpe_gpi_mult': 0.8304458546248081}. Best is trial 119 with value: 0.2337670588460598.
[I 2026-05-28 01:00:14,740] Trial 712 finished with value: 2.383676741678541 and parameters: {'ISTN': 73.12985447950545, 'I_gpe': 0.9712688366461091, 'I_gpi': 2.5359282511349495, 'noise_stn_sigma': 5.947029019752774, 'noise_gpe_sigma': 81.98684964636479, 'noise_gpi_sigma': 77.8990140844574, 'g_stn_gpe_mult': 1.7976977309534936, 'g_gpe_stn_mult': 0.23379179843389156, 'g_stn_gpi_mult': 2.470307099358224, 'g_gpe_gpi_mult': 0.8394975254927488}. Best is trial 119 with value: 0.2337670588460598.
[I 2026-05-28 01:00:15,751] Trial 713 finished with value: 1.1540871262500214 and parameters: {'ISTN': 74.4466535090231, 'I_gpe': 0.9599389375104497, 'I_gpi': 2.6381742137041133, 'noise_stn_sigma': 6.231408123402259, 'noise_gpe_sigma': 78.71761606625175, 'noise_gpi_sigma': 80.29340414449747, 'g_stn_gpe_mult': 1.6091629179757128, 'g_gpe_stn_mult': 0.24489269993536303, 'g_stn_gpi_mult': 2.5726178049520434, 'g_gpe_gpi_mult': 0.8408270278632688}. Best is trial 119 with value: 0.2337670588460598.
[I 2026-05-28 01:00:16,761] Trial 714 finished with value: 10.148166211568014 and parameters: {'ISTN': 75.2837804856491, 'I_gpe': 1.0858513622009354, 'I_gpi': 2.6767487777194403, 'noise_stn_sigma': 6.553580108575836, 'noise_gpe_sigma': 86.33694435246629, 'noise_gpi_sigma': 80.05332017015527, 'g_stn_gpe_mult': 1.5449850641050087, 'g_gpe_stn_mult': 0.2778322059448562, 'g_stn_gpi_mult': 2.423556015170814, 'g_gpe_gpi_mult': 0.8165062889490278}. Best is trial 119 with value: 0.2337670588460598.
[I 2026-05-28 01:00:17,771] Trial 715 finished with value: 1.0636694344795385 and parameters: {'ISTN': 76.67567175436892, 'I_gpe': 0.9828321343856701, 'I_gpi': 2.2589854826485616, 'noise_stn_sigma': 6.444052484792819, 'noise_gpe_sigma': 82.84293757058472, 'noise_gpi_sigma': 77.65666232824205, 'g_stn_gpe_mult': 1.727464556934751, 'g_gpe_stn_mult': 0.20676593056706735, 'g_stn_gpi_mult': 2.53346573494786, 'g_gpe_gpi_mult': 0.8456299962478147}. Best is trial 119 with value: 0.2337670588460598.
[I 2026-05-28 01:00:18,781] Trial 716 finished with value: 1.1665798945059316 and parameters: {'ISTN': 74.56841626551679, 'I_gpe': 0.9892797035210997, 'I_gpi': 2.622155473252519, 'noise_stn_sigma': 6.249997173859493, 'noise_gpe_sigma': 86.73784639011743, 'noise_gpi_sigma': 76.5847302413593, 'g_stn_gpe_mult': 1.5579168035015616, 'g_gpe_stn_mult': 0.2386314456131721, 'g_stn_gpi_mult': 2.711343752934787, 'g_gpe_gpi_mult': 0.8164058620144947}. Best is trial 119 with value: 0.2337670588460598.
[I 2026-05-28 01:00:19,793] Trial 717 finished with value: 1.1543097109720837 and parameters: {'ISTN': 72.75321074326249, 'I_gpe': 1.0116907088705918, 'I_gpi': 2.5695956116228276, 'noise_stn_sigma': 6.418749762247106, 'noise_gpe_sigma': 80.28015487727853, 'noise_gpi_sigma': 76.63284981691496, 'g_stn_gpe_mult': 1.6148307452052382, 'g_gpe_stn_mult': 0.289057443307736, 'g_stn_gpi_mult': 2.5896928714103487, 'g_gpe_gpi_mult': 0.820817843770933}. Best is trial 119 with value: 0.2337670588460598.
[I 2026-05-28 01:00:20,804] Trial 718 finished with value: 3.832924910655669 and parameters: {'ISTN': 76.3741894461794, 'I_gpe': 0.9517253147869011, 'I_gpi': 2.7186203582068558, 'noise_stn_sigma': 6.587837817426364, 'noise_gpe_sigma': 79.68703129903895, 'noise_gpi_sigma': 78.61979670384707, 'g_stn_gpe_mult': 1.67685694404978, 'g_gpe_stn_mult': 0.24173179723230034, 'g_stn_gpi_mult': 2.5805461027832286, 'g_gpe_gpi_mult': 0.812963246106494}. Best is trial 119 with value: 0.2337670588460598.
[I 2026-05-28 01:00:21,814] Trial 719 finished with value: 7.3087592931604455 and parameters: {'ISTN': 72.1956777194061, 'I_gpe': 0.9639816725427013, 'I_gpi': 2.355058898617272, 'noise_stn_sigma': 6.144940435057112, 'noise_gpe_sigma': 79.73035391059928, 'noise_gpi_sigma': 73.35683743726418, 'g_stn_gpe_mult': 1.7013071220914875, 'g_gpe_stn_mult': 0.23474747279768976, 'g_stn_gpi_mult': 2.6395426274245977, 'g_gpe_gpi_mult': 0.8450870753593491}. Best is trial 119 with value: 0.2337670588460598.
[I 2026-05-28 01:00:22,824] Trial 720 finished with value: 1.1260172509389497 and parameters: {'ISTN': 76.28718159707972, 'I_gpe': 0.9982332156167788, 'I_gpi': 2.474658989480253, 'noise_stn_sigma': 6.316833253474172, 'noise_gpe_sigma': 85.51200328619252, 'noise_gpi_sigma': 78.05378100995006, 'g_stn_gpe_mult': 1.5389055397812563, 'g_gpe_stn_mult': 0.21042488735534357, 'g_stn_gpi_mult': 2.546162818971739, 'g_gpe_gpi_mult': 0.8266459325114988}. Best is trial 119 with value: 0.2337670588460598.
[I 2026-05-28 01:00:23,833] Trial 721 finished with value: 1.3525166743434687 and parameters: {'ISTN': 78.86227002569831, 'I_gpe': 1.0088077910519146, 'I_gpi': 2.29394072918451, 'noise_stn_sigma': 6.3725594319774945, 'noise_gpe_sigma': 84.7358446350888, 'noise_gpi_sigma': 78.4921217157003, 'g_stn_gpe_mult': 1.7090407953380984, 'g_gpe_stn_mult': 0.20007449660308718, 'g_stn_gpi_mult': 2.4887449029575768, 'g_gpe_gpi_mult': 0.8893660750200019}. Best is trial 119 with value: 0.2337670588460598.
[I 2026-05-28 01:00:24,843] Trial 722 finished with value: 5.077225195003228 and parameters: {'ISTN': 74.64800289515966, 'I_gpe': 0.9928787381158108, 'I_gpi': 2.175690635361061, 'noise_stn_sigma': 6.268218579959393, 'noise_gpe_sigma': 84.60852177801685, 'noise_gpi_sigma': 72.7355760157997, 'g_stn_gpe_mult': 1.720856347881643, 'g_gpe_stn_mult': 0.1915700293167763, 'g_stn_gpi_mult': 2.5765781840628863, 'g_gpe_gpi_mult': 0.8696042396243517}. Best is trial 119 with value: 0.2337670588460598.
[I 2026-05-28 01:00:25,852] Trial 723 finished with value: 1.6008110905809487 and parameters: {'ISTN': 77.05406107944815, 'I_gpe': 0.9368751131914143, 'I_gpi': 2.331958635866874, 'noise_stn_sigma': 6.73231858088068, 'noise_gpe_sigma': 84.42718076347835, 'noise_gpi_sigma': 76.58602170003635, 'g_stn_gpe_mult': 1.6596074268185115, 'g_gpe_stn_mult': 0.21502049341054455, 'g_stn_gpi_mult': 2.5472658936772072, 'g_gpe_gpi_mult': 0.8270609201270809}. Best is trial 119 with value: 0.2337670588460598.
[I 2026-05-28 01:00:26,862] Trial 724 finished with value: 5.080150221214708 and parameters: {'ISTN': 73.56338021424087, 'I_gpe': 0.9193339476122298, 'I_gpi': 2.064729460491175, 'noise_stn_sigma': 6.455547106841294, 'noise_gpe_sigma': 78.72944879036501, 'noise_gpi_sigma': 78.20373220623524, 'g_stn_gpe_mult': 1.751630575397452, 'g_gpe_stn_mult': 0.21573078791248868, 'g_stn_gpi_mult': 2.417577926623874, 'g_gpe_gpi_mult': 0.8318564274432032}. Best is trial 119 with value: 0.2337670588460598.
[I 2026-05-28 01:00:27,872] Trial 725 finished with value: 1.0657571532477381 and parameters: {'ISTN': 74.32565502927993, 'I_gpe': 0.8672438405955178, 'I_gpi': 2.482401030334496, 'noise_stn_sigma': 6.201670794040406, 'noise_gpe_sigma': 83.8368971266411, 'noise_gpi_sigma': 81.79490762274372, 'g_stn_gpe_mult': 1.6541916107057393, 'g_gpe_stn_mult': 0.2440175776470398, 'g_stn_gpi_mult': 2.5013744232621415, 'g_gpe_gpi_mult': 0.7861883094780255}. Best is trial 119 with value: 0.2337670588460598.
[I 2026-05-28 01:00:28,882] Trial 726 finished with value: 9.506281224083722 and parameters: {'ISTN': 76.08119207770987, 'I_gpe': 0.9974055057575002, 'I_gpi': 2.16081587065352, 'noise_stn_sigma': 6.139638525936833, 'noise_gpe_sigma': 82.91421330533908, 'noise_gpi_sigma': 81.85692356630565, 'g_stn_gpe_mult': 1.8730149416884434, 'g_gpe_stn_mult': 0.16222241143016364, 'g_stn_gpi_mult': 2.6391487344312337, 'g_gpe_gpi_mult': 0.8471419020990405}. Best is trial 119 with value: 0.2337670588460598.
[I 2026-05-28 01:00:29,892] Trial 727 finished with value: 1.218809423693739 and parameters: {'ISTN': 76.85628575627999, 'I_gpe': 0.9767881695978878, 'I_gpi': 2.5262077399213094, 'noise_stn_sigma': 6.111544269470891, 'noise_gpe_sigma': 88.17322180494816, 'noise_gpi_sigma': 78.39088716677512, 'g_stn_gpe_mult': 1.6563228109135022, 'g_gpe_stn_mult': 0.2129775647605684, 'g_stn_gpi_mult': 2.586645767774081, 'g_gpe_gpi_mult': 0.8489159489327565}. Best is trial 119 with value: 0.2337670588460598.
[I 2026-05-28 01:00:30,901] Trial 728 finished with value: 9.949585769882015 and parameters: {'ISTN': 71.88236245976961, 'I_gpe': 0.9428449113601391, 'I_gpi': 2.546811815822399, 'noise_stn_sigma': 6.230079745428608, 'noise_gpe_sigma': 82.0056690566415, 'noise_gpi_sigma': 76.87717364658397, 'g_stn_gpe_mult': 1.6729581549135222, 'g_gpe_stn_mult': 0.23035698930801157, 'g_stn_gpi_mult': 2.562437144081425, 'g_gpe_gpi_mult': 0.839975924516444}. Best is trial 119 with value: 0.2337670588460598.
[I 2026-05-28 01:00:31,911] Trial 729 finished with value: 1.1956275803722014 and parameters: {'ISTN': 76.8003609973621, 'I_gpe': 1.0064801527088432, 'I_gpi': 2.272506581837375, 'noise_stn_sigma': 6.635903557281446, 'noise_gpe_sigma': 84.81318014198283, 'noise_gpi_sigma': 76.7310616361965, 'g_stn_gpe_mult': 1.6504024183746526, 'g_gpe_stn_mult': 0.22284162840308508, 'g_stn_gpi_mult': 2.540141368446184, 'g_gpe_gpi_mult': 0.8323300616649607}. Best is trial 119 with value: 0.2337670588460598.
[I 2026-05-28 01:00:32,922] Trial 730 finished with value: 1.4199917583589186 and parameters: {'ISTN': 75.28355682550402, 'I_gpe': 0.9944324269783857, 'I_gpi': 2.728457017578843, 'noise_stn_sigma': 6.471869732868095, 'noise_gpe_sigma': 83.59100271213507, 'noise_gpi_sigma': 84.31238604805651, 'g_stn_gpe_mult': 1.6848793880350434, 'g_gpe_stn_mult': 0.22783100340782864, 'g_stn_gpi_mult': 2.539208764069694, 'g_gpe_gpi_mult': 0.8052068430037329}. Best is trial 119 with value: 0.2337670588460598.
[I 2026-05-28 01:00:33,932] Trial 731 finished with value: 2.0566095423643054 and parameters: {'ISTN': 75.34482646100362, 'I_gpe': 1.0352937279755698, 'I_gpi': 2.4686452743973755, 'noise_stn_sigma': 6.4738366838264305, 'noise_gpe_sigma': 80.06943300076377, 'noise_gpi_sigma': 81.96777836374041, 'g_stn_gpe_mult': 1.5894695636457117, 'g_gpe_stn_mult': 0.23521012943394962, 'g_stn_gpi_mult': 2.643222901043446, 'g_gpe_gpi_mult': 0.7716855921513024}. Best is trial 119 with value: 0.2337670588460598.
[I 2026-05-28 01:00:34,943] Trial 732 finished with value: 2.107819622185642 and parameters: {'ISTN': 76.04548241490312, 'I_gpe': 0.9463547085059796, 'I_gpi': 2.420835103942931, 'noise_stn_sigma': 6.234122353371167, 'noise_gpe_sigma': 85.27051976779349, 'noise_gpi_sigma': 74.57044498117833, 'g_stn_gpe_mult': 1.6346840197601515, 'g_gpe_stn_mult': 0.25226944177770816, 'g_stn_gpi_mult': 2.618111276158375, 'g_gpe_gpi_mult': 0.7876813018133699}. Best is trial 119 with value: 0.2337670588460598.
[I 2026-05-28 01:00:35,953] Trial 733 finished with value: 1.755200710829941 and parameters: {'ISTN': 75.62060407705074, 'I_gpe': 0.8663278020570752, 'I_gpi': 2.4929362979591927, 'noise_stn_sigma': 5.753975901828371, 'noise_gpe_sigma': 86.78828684751089, 'noise_gpi_sigma': 77.45500125000325, 'g_stn_gpe_mult': 1.5896968733470274, 'g_gpe_stn_mult': 0.2405217063803709, 'g_stn_gpi_mult': 2.446918148721985, 'g_gpe_gpi_mult': 0.8461880173719083}. Best is trial 119 with value: 0.2337670588460598.
[I 2026-05-28 01:00:36,963] Trial 734 finished with value: 1.0811576183869511 and parameters: {'ISTN': 74.91551852921346, 'I_gpe': 0.955112973816439, 'I_gpi': 2.4319088830639037, 'noise_stn_sigma': 6.207880773609818, 'noise_gpe_sigma': 86.19288852398998, 'noise_gpi_sigma': 79.57606591724794, 'g_stn_gpe_mult': 1.5624635917189982, 'g_gpe_stn_mult': 0.24230650968520853, 'g_stn_gpi_mult': 2.3796631521448504, 'g_gpe_gpi_mult': 0.8076214107607911}. Best is trial 119 with value: 0.2337670588460598.
[I 2026-05-28 01:00:37,974] Trial 735 finished with value: 1.0449825032765527 and parameters: {'ISTN': 75.23422991919807, 'I_gpe': 0.9366607512041125, 'I_gpi': 2.2387825667905146, 'noise_stn_sigma': 6.123588552316531, 'noise_gpe_sigma': 90.54954909252643, 'noise_gpi_sigma': 74.95707060500956, 'g_stn_gpe_mult': 1.6422729508836977, 'g_gpe_stn_mult': 0.23865257804503917, 'g_stn_gpi_mult': 2.5052018136685463, 'g_gpe_gpi_mult': 0.8335895551580033}. Best is trial 119 with value: 0.2337670588460598.
[I 2026-05-28 01:00:38,986] Trial 736 finished with value: 5.514234813247997 and parameters: {'ISTN': 75.59113997647646, 'I_gpe': 0.9735296501318307, 'I_gpi': 2.096300057286459, 'noise_stn_sigma': 6.340616132808464, 'noise_gpe_sigma': 91.37781747305506, 'noise_gpi_sigma': 77.14629291031403, 'g_stn_gpe_mult': 1.7369134736796097, 'g_gpe_stn_mult': 0.1939463581407779, 'g_stn_gpi_mult': 2.4439366703576715, 'g_gpe_gpi_mult': 0.8790423659841238}. Best is trial 119 with value: 0.2337670588460598.
[I 2026-05-28 01:00:39,996] Trial 737 finished with value: 1.7203299764385396 and parameters: {'ISTN': 74.44547527484518, 'I_gpe': 0.9548550884905807, 'I_gpi': 2.3106003778979236, 'noise_stn_sigma': 6.145460331733142, 'noise_gpe_sigma': 87.03575180321752, 'noise_gpi_sigma': 75.0165124887113, 'g_stn_gpe_mult': 1.61669972611208, 'g_gpe_stn_mult': 0.21773107391030316, 'g_stn_gpi_mult': 2.52617663442154, 'g_gpe_gpi_mult': 0.8310356152199521}. Best is trial 119 with value: 0.2337670588460598.
[I 2026-05-28 01:00:41,008] Trial 738 finished with value: 2.921330460273148 and parameters: {'ISTN': 77.45893321443984, 'I_gpe': 0.868827531237695, 'I_gpi': 2.5976461344072606, 'noise_stn_sigma': 6.403375755376141, 'noise_gpe_sigma': 82.7218938686699, 'noise_gpi_sigma': 77.41790554123486, 'g_stn_gpe_mult': 1.5569676881436585, 'g_gpe_stn_mult': 0.23358414426441573, 'g_stn_gpi_mult': 2.4456521977774424, 'g_gpe_gpi_mult': 0.8231349424572374}. Best is trial 119 with value: 0.2337670588460598.
[I 2026-05-28 01:00:42,019] Trial 739 finished with value: 2.12354627053475 and parameters: {'ISTN': 75.95069412644068, 'I_gpe': 0.8556723223282765, 'I_gpi': 2.318817552111943, 'noise_stn_sigma': 6.391102615126613, 'noise_gpe_sigma': 82.66167425785798, 'noise_gpi_sigma': 77.36033992552109, 'g_stn_gpe_mult': 1.651636730433049, 'g_gpe_stn_mult': 0.23422005374763535, 'g_stn_gpi_mult': 2.5524718325581643, 'g_gpe_gpi_mult': 0.8234472054979041}. Best is trial 119 with value: 0.2337670588460598.
[I 2026-05-28 01:00:43,029] Trial 740 finished with value: 4.0083302310179025 and parameters: {'ISTN': 76.90595864887732, 'I_gpe': 0.8828136121747163, 'I_gpi': 2.6783119696518796, 'noise_stn_sigma': 6.569957108905872, 'noise_gpe_sigma': 83.83764072849497, 'noise_gpi_sigma': 82.93714056507865, 'g_stn_gpe_mult': 1.5150987942767788, 'g_gpe_stn_mult': 0.24700578495003522, 'g_stn_gpi_mult': 2.53910597916356, 'g_gpe_gpi_mult': 0.7672408748694834}. Best is trial 119 with value: 0.2337670588460598.
[I 2026-05-28 01:00:44,041] Trial 741 finished with value: 1.0873280858745589 and parameters: {'ISTN': 76.48442409266531, 'I_gpe': 0.9177384847279128, 'I_gpi': 2.342119078591751, 'noise_stn_sigma': 6.231313043282661, 'noise_gpe_sigma': 91.91275952508627, 'noise_gpi_sigma': 78.21276042305844, 'g_stn_gpe_mult': 1.698169057814934, 'g_gpe_stn_mult': 0.21496807082969285, 'g_stn_gpi_mult': 2.453433670466527, 'g_gpe_gpi_mult': 0.8360014619704967}. Best is trial 119 with value: 0.2337670588460598.
[I 2026-05-28 01:00:45,051] Trial 742 finished with value: 1.0846886369995823 and parameters: {'ISTN': 76.33910906383875, 'I_gpe': 0.8854368711009803, 'I_gpi': 2.3919303768110307, 'noise_stn_sigma': 6.255029875342047, 'noise_gpe_sigma': 82.91041812937176, 'noise_gpi_sigma': 81.87775326442534, 'g_stn_gpe_mult': 1.6008901305267895, 'g_gpe_stn_mult': 0.21922418905137422, 'g_stn_gpi_mult': 2.433230392723293, 'g_gpe_gpi_mult': 0.8510671614848604}. Best is trial 119 with value: 0.2337670588460598.
[I 2026-05-28 01:00:46,062] Trial 743 finished with value: 5.1388290096216975 and parameters: {'ISTN': 72.47056981057594, 'I_gpe': 0.9906764685959168, 'I_gpi': 2.3415950904339056, 'noise_stn_sigma': 5.7443095918847815, 'noise_gpe_sigma': 93.30462325018341, 'noise_gpi_sigma': 72.71086700194621, 'g_stn_gpe_mult': 1.5878149621744766, 'g_gpe_stn_mult': 0.2330001961437294, 'g_stn_gpi_mult': 2.4506692751825856, 'g_gpe_gpi_mult': 0.876551134928133}. Best is trial 119 with value: 0.2337670588460598.
[I 2026-05-28 01:00:47,074] Trial 744 finished with value: 2.796969883277104 and parameters: {'ISTN': 72.08317903934781, 'I_gpe': 0.885553046861592, 'I_gpi': 2.384468725355542, 'noise_stn_sigma': 6.23081183348483, 'noise_gpe_sigma': 82.68129122337633, 'noise_gpi_sigma': 72.8338613176945, 'g_stn_gpe_mult': 1.5160231508524906, 'g_gpe_stn_mult': 0.244638232147, 'g_stn_gpi_mult': 2.5711615987795233, 'g_gpe_gpi_mult': 0.8138824487761729}. Best is trial 119 with value: 0.2337670588460598.
[I 2026-05-28 01:00:48,087] Trial 745 finished with value: 1.0028296990506282 and parameters: {'ISTN': 75.55888135908161, 'I_gpe': 0.8930534970702333, 'I_gpi': 2.2785022015558702, 'noise_stn_sigma': 6.106978711099844, 'noise_gpe_sigma': 89.43302607725776, 'noise_gpi_sigma': 74.78633212628262, 'g_stn_gpe_mult': 1.6298588099546452, 'g_gpe_stn_mult': 0.22726648781035214, 'g_stn_gpi_mult': 2.3648411108027085, 'g_gpe_gpi_mult': 0.8645682918743849}. Best is trial 119 with value: 0.2337670588460598.
[I 2026-05-28 01:00:49,098] Trial 746 finished with value: 5.849195292484886 and parameters: {'ISTN': 73.00162077158687, 'I_gpe': 0.8891137248507643, 'I_gpi': 2.3543376388231225, 'noise_stn_sigma': 5.792708737528275, 'noise_gpe_sigma': 89.52775500045814, 'noise_gpi_sigma': 76.75001533467469, 'g_stn_gpe_mult': 1.6850829983689195, 'g_gpe_stn_mult': 0.22980651773840555, 'g_stn_gpi_mult': 2.444364875738915, 'g_gpe_gpi_mult': 0.7945664727026871}. Best is trial 119 with value: 0.2337670588460598.
[I 2026-05-28 01:00:50,109] Trial 747 finished with value: 0.9878757983200012 and parameters: {'ISTN': 73.62009918009099, 'I_gpe': 0.9953950360038142, 'I_gpi': 2.352776362412591, 'noise_stn_sigma': 5.910005578564213, 'noise_gpe_sigma': 86.41817025229643, 'noise_gpi_sigma': 74.98683879408773, 'g_stn_gpe_mult': 1.6187296914643188, 'g_gpe_stn_mult': 0.23919004755124496, 'g_stn_gpi_mult': 2.5018419656714053, 'g_gpe_gpi_mult': 0.8280215431622688}. Best is trial 119 with value: 0.2337670588460598.
