[I 2026-05-28 01:01:35,625] Trial 792 finished with value: 1.4475242433186502 and parameters: {'ISTN': 75.00209234505394, 'I_gpe': 0.8442287156989309, 'I_gpi': 2.3907636193282427, 'noise_stn_sigma': 5.695943650357204, 'noise_gpe_sigma': 93.57343574096244, 'noise_gpi_sigma': 77.31459826833174, 'g_stn_gpe_mult': 1.789683254248032, 'g_gpe_stn_mult': 0.2214172906164618, 'g_stn_gpi_mult': 2.3447850817557376, 'g_gpe_gpi_mult': 0.8963764210332483}. Best is trial 119 with value: 0.2337670588460598.
[I 2026-05-28 01:01:36,636] Trial 793 finished with value: 1.2051917093954325 and parameters: {'ISTN': 74.30925690521121, 'I_gpe': 0.9649512628282798, 'I_gpi': 2.326744065531309, 'noise_stn_sigma': 5.734319914706639, 'noise_gpe_sigma': 92.86326719578356, 'noise_gpi_sigma': 74.16147347865575, 'g_stn_gpe_mult': 1.5670651744279296, 'g_gpe_stn_mult': 0.2495852259535463, 'g_stn_gpi_mult': 2.37487101365033, 'g_gpe_gpi_mult': 0.8625362063792534}. Best is trial 119 with value: 0.2337670588460598.
[I 2026-05-28 01:01:37,650] Trial 794 finished with value: 1.838321992237439 and parameters: {'ISTN': 74.63658807603451, 'I_gpe': 0.9522049503195263, 'I_gpi': 2.1957829996862968, 'noise_stn_sigma': 5.669341292491183, 'noise_gpe_sigma': 93.58021980222941, 'noise_gpi_sigma': 78.86361233558, 'g_stn_gpe_mult': 1.648010579632051, 'g_gpe_stn_mult': 0.22358480688774596, 'g_stn_gpi_mult': 2.3156240641538988, 'g_gpe_gpi_mult': 0.9109350382806152}. Best is trial 119 with value: 0.2337670588460598.
[I 2026-05-28 01:01:38,662] Trial 795 finished with value: 0.9777737279782293 and parameters: {'ISTN': 76.23500782305074, 'I_gpe': 0.8895247743220999, 'I_gpi': 2.2753606095153724, 'noise_stn_sigma': 5.658563367520792, 'noise_gpe_sigma': 93.58478298356047, 'noise_gpi_sigma': 75.45718141260573, 'g_stn_gpe_mult': 1.7690501206234022, 'g_gpe_stn_mult': 0.21529622036700446, 'g_stn_gpi_mult': 2.4198724618301584, 'g_gpe_gpi_mult': 0.8839121714531131}. Best is trial 119 with value: 0.2337670588460598.
[I 2026-05-28 01:01:39,673] Trial 796 finished with value: 1.0075018353062961 and parameters: {'ISTN': 74.53272266718828, 'I_gpe': 0.9455340303227048, 'I_gpi': 2.1596223921934845, 'noise_stn_sigma': 5.6062033891051275, 'noise_gpe_sigma': 92.06582213423879, 'noise_gpi_sigma': 70.66714584548157, 'g_stn_gpe_mult': 1.6679897005392457, 'g_gpe_stn_mult': 0.23545858112939208, 'g_stn_gpi_mult': 2.3645491540099424, 'g_gpe_gpi_mult': 0.8570323607059633}. Best is trial 119 with value: 0.2337670588460598.
[I 2026-05-28 01:01:40,685] Trial 797 finished with value: 1.3750362024828924 and parameters: {'ISTN': 77.95894061946245, 'I_gpe': 0.8818994396303375, 'I_gpi': 2.0418639205107483, 'noise_stn_sigma': 5.697922954297475, 'noise_gpe_sigma': 92.60385453791564, 'noise_gpi_sigma': 72.75340068185855, 'g_stn_gpe_mult': 1.7302862853392196, 'g_gpe_stn_mult': 0.20653004724981805, 'g_stn_gpi_mult': 2.414967041364812, 'g_gpe_gpi_mult': 0.9075760840416793}. Best is trial 119 with value: 0.2337670588460598.
[I 2026-05-28 01:01:41,696] Trial 798 finished with value: 0.9980144845495488 and parameters: {'ISTN': 75.08658702780849, 'I_gpe': 0.9010750580972777, 'I_gpi': 2.2127948922157223, 'noise_stn_sigma': 5.617177222753378, 'noise_gpe_sigma': 93.55772758441516, 'noise_gpi_sigma': 75.23808967884673, 'g_stn_gpe_mult': 1.7538235107771825, 'g_gpe_stn_mult': 0.216472632829722, 'g_stn_gpi_mult': 2.4384408141908036, 'g_gpe_gpi_mult': 0.8823286032477233}. Best is trial 119 with value: 0.2337670588460598.
[I 2026-05-28 01:01:42,708] Trial 799 finished with value: 8.019951223098714 and parameters: {'ISTN': 73.2708569083788, 'I_gpe': 0.9389570386963111, 'I_gpi': 2.141152631234193, 'noise_stn_sigma': 5.299554697718076, 'noise_gpe_sigma': 89.5613504288978, 'noise_gpi_sigma': 74.04282223439552, 'g_stn_gpe_mult': 1.7365820609986107, 'g_gpe_stn_mult': 0.21083824802862572, 'g_stn_gpi_mult': 2.394613739926092, 'g_gpe_gpi_mult': 0.871717374554476}. Best is trial 119 with value: 0.2337670588460598.
[I 2026-05-28 01:01:43,720] Trial 800 finished with value: 1.0274177447384232 and parameters: {'ISTN': 75.15232870583188, 'I_gpe': 0.8874567150899694, 'I_gpi': 2.3977440665569785, 'noise_stn_sigma': 5.920579183475489, 'noise_gpe_sigma': 84.0299743083173, 'noise_gpi_sigma': 79.27468448353193, 'g_stn_gpe_mult': 1.7157157211402876, 'g_gpe_stn_mult': 0.23599803329230343, 'g_stn_gpi_mult': 2.437582485351384, 'g_gpe_gpi_mult': 0.8646134844134252}. Best is trial 119 with value: 0.2337670588460598.
[I 2026-05-28 01:01:44,731] Trial 801 finished with value: 0.9036906450322181 and parameters: {'ISTN': 75.23988587558324, 'I_gpe': 0.9305826360612659, 'I_gpi': 2.0613735747772566, 'noise_stn_sigma': 5.726424091880033, 'noise_gpe_sigma': 89.87410023756013, 'noise_gpi_sigma': 69.7992004147126, 'g_stn_gpe_mult': 1.708731494287782, 'g_gpe_stn_mult': 0.213984586382486, 'g_stn_gpi_mult': 2.4913518515915287, 'g_gpe_gpi_mult': 0.9142950863123049}. Best is trial 119 with value: 0.2337670588460598.
[I 2026-05-28 01:01:45,740] Trial 802 finished with value: 0.9644206350969722 and parameters: {'ISTN': 75.33733784855127, 'I_gpe': 0.9470334951488693, 'I_gpi': 2.1436456704356095, 'noise_stn_sigma': 5.7024311014536275, 'noise_gpe_sigma': 92.06916520182763, 'noise_gpi_sigma': 76.15920355747707, 'g_stn_gpe_mult': 1.6396679360587925, 'g_gpe_stn_mult': 0.22991103624219134, 'g_stn_gpi_mult': 2.366979980668556, 'g_gpe_gpi_mult': 0.8544366353555584}. Best is trial 119 with value: 0.2337670588460598.
[I 2026-05-28 01:01:46,751] Trial 803 finished with value: 1.1786304294099228 and parameters: {'ISTN': 75.62990473409731, 'I_gpe': 0.9046315545695959, 'I_gpi': 2.199024887219494, 'noise_stn_sigma': 5.952633462689234, 'noise_gpe_sigma': 89.1193433089803, 'noise_gpi_sigma': 70.50875006541212, 'g_stn_gpe_mult': 1.6392087290346973, 'g_gpe_stn_mult': 0.2475445483970943, 'g_stn_gpi_mult': 2.477197544650033, 'g_gpe_gpi_mult': 0.8240079898701151}. Best is trial 119 with value: 0.2337670588460598.
[I 2026-05-28 01:01:47,761] Trial 804 finished with value: 5.201407127385164 and parameters: {'ISTN': 77.66280214978946, 'I_gpe': 0.8231735736840982, 'I_gpi': 2.2318995572707703, 'noise_stn_sigma': 5.7785483723747175, 'noise_gpe_sigma': 92.2594238661304, 'noise_gpi_sigma': 76.33350516323992, 'g_stn_gpe_mult': 1.7051944894376683, 'g_gpe_stn_mult': 0.22967055020212906, 'g_stn_gpi_mult': 2.33617627950868, 'g_gpe_gpi_mult': 0.94080100740719}. Best is trial 119 with value: 0.2337670588460598.
[I 2026-05-28 01:01:48,771] Trial 805 finished with value: 0.9826073932056874 and parameters: {'ISTN': 74.35658150436183, 'I_gpe': 0.8878050125475785, 'I_gpi': 2.3006608210224475, 'noise_stn_sigma': 5.541878574811077, 'noise_gpe_sigma': 94.10115720158424, 'noise_gpi_sigma': 71.60272780958891, 'g_stn_gpe_mult': 1.6560456087490583, 'g_gpe_stn_mult': 0.25287939169188967, 'g_stn_gpi_mult': 2.269878848614435, 'g_gpe_gpi_mult': 0.8600080097748413}. Best is trial 119 with value: 0.2337670588460598.
[I 2026-05-28 01:01:49,783] Trial 806 finished with value: 0.9682381300637095 and parameters: {'ISTN': 74.79717428274792, 'I_gpe': 0.8626292314125412, 'I_gpi': 2.2603095880811734, 'noise_stn_sigma': 5.535402694128369, 'noise_gpe_sigma': 91.75399149367226, 'noise_gpi_sigma': 75.16587973187767, 'g_stn_gpe_mult': 1.7339550890775464, 'g_gpe_stn_mult': 0.24575283016425173, 'g_stn_gpi_mult': 2.328775679048144, 'g_gpe_gpi_mult': 0.8730758892581771}. Best is trial 119 with value: 0.2337670588460598.
[I 2026-05-28 01:01:50,794] Trial 807 finished with value: 1.058881056738414 and parameters: {'ISTN': 77.05066968261451, 'I_gpe': 0.8778308991605039, 'I_gpi': 2.1424942485781093, 'noise_stn_sigma': 5.66313727523648, 'noise_gpe_sigma': 93.91563257601547, 'noise_gpi_sigma': 75.59248813851704, 'g_stn_gpe_mult': 1.7448095311785767, 'g_gpe_stn_mult': 0.212805320063599, 'g_stn_gpi_mult': 2.420671065711681, 'g_gpe_gpi_mult': 0.8862529630531029}. Best is trial 119 with value: 0.2337670588460598.
[I 2026-05-28 01:01:51,804] Trial 808 finished with value: 1.7977025927826216 and parameters: {'ISTN': 75.89710641308699, 'I_gpe': 0.9435910951252958, 'I_gpi': 2.2775281984790907, 'noise_stn_sigma': 5.70055402537053, 'noise_gpe_sigma': 92.7875361708557, 'noise_gpi_sigma': 74.87533099668548, 'g_stn_gpe_mult': 1.8126743785591999, 'g_gpe_stn_mult': 0.22748829129212794, 'g_stn_gpi_mult': 2.4906061327871027, 'g_gpe_gpi_mult': 0.8069246065650384}. Best is trial 119 with value: 0.2337670588460598.
[I 2026-05-28 01:01:52,814] Trial 809 finished with value: 0.8877756953538405 and parameters: {'ISTN': 74.66705434962721, 'I_gpe': 0.8291786704133035, 'I_gpi': 2.108963810905374, 'noise_stn_sigma': 5.590704064769689, 'noise_gpe_sigma': 95.38410891392984, 'noise_gpi_sigma': 71.93050368006257, 'g_stn_gpe_mult': 1.8019644465666431, 'g_gpe_stn_mult': 0.22667789655853088, 'g_stn_gpi_mult': 2.5139154192283675, 'g_gpe_gpi_mult': 0.8785972121154995}. Best is trial 119 with value: 0.2337670588460598.
[I 2026-05-28 01:01:53,825] Trial 810 finished with value: 1.0505924641418665 and parameters: {'ISTN': 75.20475581896483, 'I_gpe': 0.9348318295252844, 'I_gpi': 2.317772817199388, 'noise_stn_sigma': 5.689357689566927, 'noise_gpe_sigma': 88.26384217864685, 'noise_gpi_sigma': 74.66185393783388, 'g_stn_gpe_mult': 1.692548778267779, 'g_gpe_stn_mult': 0.24205007455061014, 'g_stn_gpi_mult': 2.396041315865465, 'g_gpe_gpi_mult': 0.9379168640701683}. Best is trial 119 with value: 0.2337670588460598.
[I 2026-05-28 01:01:54,835] Trial 811 finished with value: 0.9275748872549175 and parameters: {'ISTN': 76.25887978517761, 'I_gpe': 0.9068285316105138, 'I_gpi': 2.0450648109269616, 'noise_stn_sigma': 5.61390760471235, 'noise_gpe_sigma': 89.54131647152131, 'noise_gpi_sigma': 75.40943268699732, 'g_stn_gpe_mult': 1.7235110934349565, 'g_gpe_stn_mult': 0.20296342944143997, 'g_stn_gpi_mult': 2.522108035984992, 'g_gpe_gpi_mult': 0.9065449591926571}. Best is trial 119 with value: 0.2337670588460598.
[I 2026-05-28 01:01:55,785] Trial 812 finished with value: 1000000.0 and parameters: {'ISTN': 73.46465087742283, 'I_gpe': 0.8687722084276157, 'I_gpi': 2.155554927184884, 'noise_stn_sigma': 5.686922842934945, 'noise_gpe_sigma': 93.71635473189718, 'noise_gpi_sigma': 75.52024646554302, 'g_stn_gpe_mult': 1.7719220037407777, 'g_gpe_stn_mult': 0.24281462094618303, 'g_stn_gpi_mult': 2.372377661221929, 'g_gpe_gpi_mult': 0.8089813561936958}. Best is trial 119 with value: 0.2337670588460598.
[I 2026-05-28 01:01:56,796] Trial 813 finished with value: 0.948404176471225 and parameters: {'ISTN': 75.02746147774053, 'I_gpe': 0.9178953114370162, 'I_gpi': 2.238079782138369, 'noise_stn_sigma': 5.4550199465589095, 'noise_gpe_sigma': 94.30487761574162, 'noise_gpi_sigma': 67.01519762273256, 'g_stn_gpe_mult': 1.6098283631673207, 'g_gpe_stn_mult': 0.23115347040763234, 'g_stn_gpi_mult': 2.4439215858630603, 'g_gpe_gpi_mult': 0.901338114350543}. Best is trial 119 with value: 0.2337670588460598.
[I 2026-05-28 01:01:57,806] Trial 814 finished with value: 2.130965215425608 and parameters: {'ISTN': 75.27428177152576, 'I_gpe': 0.9363064549104776, 'I_gpi': 2.3105426236889532, 'noise_stn_sigma': 5.528325225547579, 'noise_gpe_sigma': 93.7163991907921, 'noise_gpi_sigma': 74.47656846083504, 'g_stn_gpe_mult': 1.6885053205505953, 'g_gpe_stn_mult': 0.2395376893222834, 'g_stn_gpi_mult': 2.3712287311227707, 'g_gpe_gpi_mult': 0.857796463011989}. Best is trial 119 with value: 0.2337670588460598.
[I 2026-05-28 01:01:58,818] Trial 815 finished with value: 0.9073617434560248 and parameters: {'ISTN': 74.74854679191485, 'I_gpe': 0.9249358180492613, 'I_gpi': 2.1002857083551643, 'noise_stn_sigma': 5.7581173791255456, 'noise_gpe_sigma': 93.42949836720162, 'noise_gpi_sigma': 72.11307589752536, 'g_stn_gpe_mult': 1.7800785792300755, 'g_gpe_stn_mult': 0.2222017395108602, 'g_stn_gpi_mult': 2.3989880782824367, 'g_gpe_gpi_mult': 0.8779505820639668}. Best is trial 119 with value: 0.2337670588460598.
[I 2026-05-28 01:01:59,830] Trial 816 finished with value: 0.9458794723133342 and parameters: {'ISTN': 75.79437664025454, 'I_gpe': 0.953074371354544, 'I_gpi': 2.009742384726125, 'noise_stn_sigma': 5.731996400856736, 'noise_gpe_sigma': 89.23675803765185, 'noise_gpi_sigma': 70.64912185777243, 'g_stn_gpe_mult': 1.7331175097689167, 'g_gpe_stn_mult': 0.21675528564006727, 'g_stn_gpi_mult': 2.5202770688466156, 'g_gpe_gpi_mult': 0.8861264701150582}. Best is trial 119 with value: 0.2337670588460598.
[I 2026-05-28 01:02:00,840] Trial 817 finished with value: 6.155757528435885 and parameters: {'ISTN': 73.08365079260246, 'I_gpe': 0.8620490102545582, 'I_gpi': 2.333369726293496, 'noise_stn_sigma': 5.62239266949106, 'noise_gpe_sigma': 91.58525042986373, 'noise_gpi_sigma': 77.88890102528828, 'g_stn_gpe_mult': 1.797443804266221, 'g_gpe_stn_mult': 0.22300596815581913, 'g_stn_gpi_mult': 2.398014908995936, 'g_gpe_gpi_mult': 0.8580990777213406}. Best is trial 119 with value: 0.2337670588460598.
[I 2026-05-28 01:02:01,852] Trial 818 finished with value: 8.797489467705354 and parameters: {'ISTN': 72.41227335525268, 'I_gpe': 0.8841827911671334, 'I_gpi': 1.9681735175836648, 'noise_stn_sigma': 5.683657400972553, 'noise_gpe_sigma': 91.89166654505081, 'noise_gpi_sigma': 71.37803952182551, 'g_stn_gpe_mult': 1.662580016623266, 'g_gpe_stn_mult': 0.2096881381243103, 'g_stn_gpi_mult': 2.5479546451416044, 'g_gpe_gpi_mult': 0.9263494612188521}. Best is trial 119 with value: 0.2337670588460598.
[I 2026-05-28 01:02:02,865] Trial 819 finished with value: 1.0195625082071313 and parameters: {'ISTN': 76.28289116821364, 'I_gpe': 0.8055830658848795, 'I_gpi': 2.1661666834509834, 'noise_stn_sigma': 5.698598675586862, 'noise_gpe_sigma': 96.44999237925444, 'noise_gpi_sigma': 75.65986422296939, 'g_stn_gpe_mult': 1.8722853354662705, 'g_gpe_stn_mult': 0.21710970617323236, 'g_stn_gpi_mult': 2.4391135756252464, 'g_gpe_gpi_mult': 0.8730284513845912}. Best is trial 119 with value: 0.2337670588460598.
[I 2026-05-28 01:02:03,877] Trial 820 finished with value: 0.9376636865352997 and parameters: {'ISTN': 75.11732034924954, 'I_gpe': 0.9422814448473579, 'I_gpi': 2.1276795966978224, 'noise_stn_sigma': 5.642481529520273, 'noise_gpe_sigma': 92.70044818294683, 'noise_gpi_sigma': 67.16460926615538, 'g_stn_gpe_mult': 1.5720146492809266, 'g_gpe_stn_mult': 0.22995224410146897, 'g_stn_gpi_mult': 2.5324123346517613, 'g_gpe_gpi_mult': 0.8689215817853311}. Best is trial 119 with value: 0.2337670588460598.
[I 2026-05-28 01:02:04,890] Trial 821 finished with value: 3.9040269025340164 and parameters: {'ISTN': 73.91494926338815, 'I_gpe': 0.9241139605966433, 'I_gpi': 2.1064594566753034, 'noise_stn_sigma': 5.456277877790647, 'noise_gpe_sigma': 92.84771196397767, 'noise_gpi_sigma': 73.76939660431967, 'g_stn_gpe_mult': 1.7645035641630666, 'g_gpe_stn_mult': 0.22324702024778165, 'g_stn_gpi_mult': 2.481679477398859, 'g_gpe_gpi_mult': 0.8982580745812183}. Best is trial 119 with value: 0.2337670588460598.
[I 2026-05-28 01:02:05,902] Trial 822 finished with value: 0.9440786801518952 and parameters: {'ISTN': 76.3156483093892, 'I_gpe': 0.9455986304208805, 'I_gpi': 1.963686113543674, 'noise_stn_sigma': 5.741064524847257, 'noise_gpe_sigma': 95.0549042896525, 'noise_gpi_sigma': 66.68650997084461, 'g_stn_gpe_mult': 1.650703473139849, 'g_gpe_stn_mult': 0.20050052027805046, 'g_stn_gpi_mult': 2.5324811755149272, 'g_gpe_gpi_mult': 0.9303886243094337}. Best is trial 119 with value: 0.2337670588460598.
[I 2026-05-28 01:02:06,914] Trial 823 finished with value: 8.25053789160643 and parameters: {'ISTN': 73.31767387232381, 'I_gpe': 0.9376907092615894, 'I_gpi': 1.9579496186902121, 'noise_stn_sigma': 5.458258885619344, 'noise_gpe_sigma': 94.03237204163445, 'noise_gpi_sigma': 68.63201518885435, 'g_stn_gpe_mult': 1.7573862031492216, 'g_gpe_stn_mult': 0.20514632108556413, 'g_stn_gpi_mult': 2.478865945306861, 'g_gpe_gpi_mult': 0.9166318923770789}. Best is trial 119 with value: 0.2337670588460598.
[I 2026-05-28 01:02:07,926] Trial 824 finished with value: 1.0739622072333894 and parameters: {'ISTN': 75.36246759217732, 'I_gpe': 0.8840272314722212, 'I_gpi': 2.1328905241334892, 'noise_stn_sigma': 5.608125114017964, 'noise_gpe_sigma': 90.10717322069789, 'noise_gpi_sigma': 73.98221963706615, 'g_stn_gpe_mult': 1.704597437320974, 'g_gpe_stn_mult': 0.24522393621340757, 'g_stn_gpi_mult': 2.3846995601139382, 'g_gpe_gpi_mult': 0.8748056451455335}. Best is trial 119 with value: 0.2337670588460598.
[I 2026-05-28 01:02:08,936] Trial 825 finished with value: 5.094504396819847 and parameters: {'ISTN': 74.05038717163791, 'I_gpe': 0.8819563976337836, 'I_gpi': 1.9665209332693454, 'noise_stn_sigma': 5.566668064231118, 'noise_gpe_sigma': 96.29475542802633, 'noise_gpi_sigma': 66.30173603478659, 'g_stn_gpe_mult': 1.7547529429993436, 'g_gpe_stn_mult': 0.2032849908778565, 'g_stn_gpi_mult': 2.336569407232907, 'g_gpe_gpi_mult': 0.9244680781446235}. Best is trial 119 with value: 0.2337670588460598.
[I 2026-05-28 01:02:09,947] Trial 826 finished with value: 2.2774522225790443 and parameters: {'ISTN': 75.54130836584716, 'I_gpe': 0.8901179702946237, 'I_gpi': 1.9793460857578005, 'noise_stn_sigma': 5.847006162970138, 'noise_gpe_sigma': 91.85869107747497, 'noise_gpi_sigma': 72.25165013713678, 'g_stn_gpe_mult': 1.8443112882898651, 'g_gpe_stn_mult': 0.20432251414724567, 'g_stn_gpi_mult': 2.4053319883735815, 'g_gpe_gpi_mult': 0.9145511702696152}. Best is trial 119 with value: 0.2337670588460598.
[I 2026-05-28 01:02:10,959] Trial 827 finished with value: 0.9261996285616848 and parameters: {'ISTN': 76.75820488987243, 'I_gpe': 0.9130681394670048, 'I_gpi': 1.8695892507999043, 'noise_stn_sigma': 5.838022301608714, 'noise_gpe_sigma': 92.1106139182093, 'noise_gpi_sigma': 74.02785512293607, 'g_stn_gpe_mult': 1.723887183726911, 'g_gpe_stn_mult': 0.19285622617884507, 'g_stn_gpi_mult': 2.428234965050061, 'g_gpe_gpi_mult': 0.8722693770577798}. Best is trial 119 with value: 0.2337670588460598.
[I 2026-05-28 01:02:11,971] Trial 828 finished with value: 1.005429373558888 and parameters: {'ISTN': 76.94241016943496, 'I_gpe': 0.9285158141627521, 'I_gpi': 1.9954549876696361, 'noise_stn_sigma': 5.6159346273338455, 'noise_gpe_sigma': 95.16531091264505, 'noise_gpi_sigma': 69.46588905276656, 'g_stn_gpe_mult': 1.7340855659006655, 'g_gpe_stn_mult': 0.2059563779358804, 'g_stn_gpi_mult': 2.4721892246766286, 'g_gpe_gpi_mult': 0.867502600583729}. Best is trial 119 with value: 0.2337670588460598.
[I 2026-05-28 01:02:12,984] Trial 829 finished with value: 1.2493420741415682 and parameters: {'ISTN': 77.6553795511849, 'I_gpe': 0.9049923706534895, 'I_gpi': 2.05724736650113, 'noise_stn_sigma': 5.864467193699377, 'noise_gpe_sigma': 95.64372601863816, 'noise_gpi_sigma': 70.90077304679984, 'g_stn_gpe_mult': 1.6703613039432066, 'g_gpe_stn_mult': 0.21461672950930527, 'g_stn_gpi_mult': 2.5201551039023475, 'g_gpe_gpi_mult': 0.8434694253892032}. Best is trial 119 with value: 0.2337670588460598.
[I 2026-05-28 01:02:13,992] Trial 830 finished with value: 0.9740524157273293 and parameters: {'ISTN': 74.56332460002086, 'I_gpe': 0.8895623518140487, 'I_gpi': 2.2766322951282603, 'noise_stn_sigma': 5.910511824907166, 'noise_gpe_sigma': 86.20515736986266, 'noise_gpi_sigma': 72.17444989472786, 'g_stn_gpe_mult': 1.6414817080158604, 'g_gpe_stn_mult': 0.243583766019508, 'g_stn_gpi_mult': 2.4642414628492735, 'g_gpe_gpi_mult': 0.8554342956908947}. Best is trial 119 with value: 0.2337670588460598.
[I 2026-05-28 01:02:15,004] Trial 831 finished with value: 0.9717291589383368 and parameters: {'ISTN': 76.7392707796848, 'I_gpe': 0.9179933920691365, 'I_gpi': 1.8465356948070633, 'noise_stn_sigma': 5.7115852646553416, 'noise_gpe_sigma': 95.43202363584092, 'noise_gpi_sigma': 66.59233256792098, 'g_stn_gpe_mult': 1.7093390121341536, 'g_gpe_stn_mult': 0.20524330709492272, 'g_stn_gpi_mult': 2.407586299775961, 'g_gpe_gpi_mult': 0.889946756424512}. Best is trial 119 with value: 0.2337670588460598.
[I 2026-05-28 01:02:16,014] Trial 832 finished with value: 1.1234707126982046 and parameters: {'ISTN': 77.23983991718134, 'I_gpe': 0.9404496623937536, 'I_gpi': 1.8940498070870317, 'noise_stn_sigma': 5.90745379879325, 'noise_gpe_sigma': 91.57644585382243, 'noise_gpi_sigma': 66.37601721649989, 'g_stn_gpe_mult': 1.6397216136309662, 'g_gpe_stn_mult': 0.21366020703750027, 'g_stn_gpi_mult': 2.565209261833094, 'g_gpe_gpi_mult': 0.8678862799255664}. Best is trial 119 with value: 0.2337670588460598.
[I 2026-05-28 01:02:17,027] Trial 833 finished with value: 6.45746357390321 and parameters: {'ISTN': 73.10411722699926, 'I_gpe': 0.9523124787562358, 'I_gpi': 1.8727120988534107, 'noise_stn_sigma': 5.831874447393921, 'noise_gpe_sigma': 89.95302997676302, 'noise_gpi_sigma': 67.83107709917824, 'g_stn_gpe_mult': 1.6682067764801403, 'g_gpe_stn_mult': 0.21520842152114622, 'g_stn_gpi_mult': 2.5388317098508355, 'g_gpe_gpi_mult': 0.8878808665686835}. Best is trial 119 with value: 0.2337670588460598.
[I 2026-05-28 01:02:18,038] Trial 834 finished with value: 0.9233778988347244 and parameters: {'ISTN': 75.75209958337712, 'I_gpe': 0.9073328725684351, 'I_gpi': 1.8651784701084573, 'noise_stn_sigma': 5.70075910511006, 'noise_gpe_sigma': 94.53279092446543, 'noise_gpi_sigma': 70.01668931368496, 'g_stn_gpe_mult': 1.727412078530658, 'g_gpe_stn_mult': 0.20815391435387853, 'g_stn_gpi_mult': 2.422522806008148, 'g_gpe_gpi_mult': 0.8295271752658584}. Best is trial 119 with value: 0.2337670588460598.
[I 2026-05-28 01:02:19,049] Trial 835 finished with value: 1.135479441901601 and parameters: {'ISTN': 76.0381643363545, 'I_gpe': 0.887550892302705, 'I_gpi': 1.8803321683346337, 'noise_stn_sigma': 5.803364897700952, 'noise_gpe_sigma': 93.44647075040085, 'noise_gpi_sigma': 70.36557076699455, 'g_stn_gpe_mult': 1.7420572389480722, 'g_gpe_stn_mult': 0.19685000850042647, 'g_stn_gpi_mult': 2.46312375439886, 'g_gpe_gpi_mult': 0.9051272618004795}. Best is trial 119 with value: 0.2337670588460598.
