[I 2026-05-28 01:06:45,548] Trial 88 finished with value: 117.73655192487327 and parameters: {'ISTN': 79.19226916085947, 'I_gpe': 1.4421344673056864, 'I_gpi': 1.5319193815114036, 'noise_stn_sigma': 4.914198118084624, 'noise_gpe_sigma': 97.98521519689474, 'noise_gpi_sigma': 131.9993727070397, 'g_stn_gpe_mult': 2.948626207441837, 'g_gpe_stn_mult': 1.3765840954059765, 'g_stn_gpi_mult': 1.8566551751605358, 'g_gpe_gpi_mult': 0.9682254721601895}. Best is trial 58 with value: 0.3148048255696673.
[I 2026-05-28 01:06:46,552] Trial 89 finished with value: 12.018595656351685 and parameters: {'ISTN': 89.88441019641432, 'I_gpe': 1.0694635663045227, 'I_gpi': 1.8848019710077932, 'noise_stn_sigma': 3.0386555281683845, 'noise_gpe_sigma': 83.51929064732258, 'noise_gpi_sigma': 125.6583183138203, 'g_stn_gpe_mult': 2.7251361772427134, 'g_gpe_stn_mult': 1.293871376173247, 'g_stn_gpi_mult': 2.02196877552201, 'g_gpe_gpi_mult': 1.0434800981695045}. Best is trial 58 with value: 0.3148048255696673.
[I 2026-05-28 01:06:47,560] Trial 90 finished with value: 5.100886377921444 and parameters: {'ISTN': 98.36509126922581, 'I_gpe': 1.5189425100681615, 'I_gpi': 1.9889396100443129, 'noise_stn_sigma': 3.754372497423788, 'noise_gpe_sigma': 99.8991293125256, 'noise_gpi_sigma': 112.52151249003025, 'g_stn_gpe_mult': 4.03018072169687, 'g_gpe_stn_mult': 1.1732343307714583, 'g_stn_gpi_mult': 2.3509749200175984, 'g_gpe_gpi_mult': 1.2572100711524994}. Best is trial 58 with value: 0.3148048255696673.
[I 2026-05-28 01:06:48,564] Trial 91 finished with value: 115.9524871380947 and parameters: {'ISTN': 105.23518729226925, 'I_gpe': 1.4637907421672933, 'I_gpi': 2.563676254584168, 'noise_stn_sigma': 4.374568927789312, 'noise_gpe_sigma': 61.92930649973772, 'noise_gpi_sigma': 139.18026850746907, 'g_stn_gpe_mult': 3.8389425783318956, 'g_gpe_stn_mult': 1.6822468568709856, 'g_stn_gpi_mult': 1.6821414596851125, 'g_gpe_gpi_mult': 1.230646707825929}. Best is trial 58 with value: 0.3148048255696673.
[I 2026-05-28 01:06:49,566] Trial 92 finished with value: 119.65639887834209 and parameters: {'ISTN': 84.81597212233446, 'I_gpe': 1.7583558453138362, 'I_gpi': 1.6048312170795, 'noise_stn_sigma': 4.412016570086907, 'noise_gpe_sigma': 72.66872450270031, 'noise_gpi_sigma': 109.56375287383526, 'g_stn_gpe_mult': 2.3072036868188617, 'g_gpe_stn_mult': 1.5020453872891983, 'g_stn_gpi_mult': 2.014191787648266, 'g_gpe_gpi_mult': 1.2533642362826736}. Best is trial 58 with value: 0.3148048255696673.
[I 2026-05-28 01:06:50,570] Trial 93 finished with value: 6.698695699111821 and parameters: {'ISTN': 80.16933974978916, 'I_gpe': 0.5849877796954386, 'I_gpi': 2.4254168595544607, 'noise_stn_sigma': 3.056842995372673, 'noise_gpe_sigma': 96.04364742102454, 'noise_gpi_sigma': 146.76218075264126, 'g_stn_gpe_mult': 2.947407877511976, 'g_gpe_stn_mult': 1.6149251882853943, 'g_stn_gpi_mult': 1.9885183473743995, 'g_gpe_gpi_mult': 1.3952584738702045}. Best is trial 58 with value: 0.3148048255696673.
[I 2026-05-28 01:06:51,574] Trial 94 finished with value: 12.865343688644069 and parameters: {'ISTN': 93.69992354892585, 'I_gpe': 1.2811442966999387, 'I_gpi': 2.735022508782016, 'noise_stn_sigma': 3.2259567303992718, 'noise_gpe_sigma': 100.82444547810039, 'noise_gpi_sigma': 129.2614242198256, 'g_stn_gpe_mult': 2.9828946426433847, 'g_gpe_stn_mult': 1.3732160641326292, 'g_stn_gpi_mult': 1.9071020819492694, 'g_gpe_gpi_mult': 1.191549770142122}. Best is trial 58 with value: 0.3148048255696673.
[I 2026-05-28 01:06:52,582] Trial 95 finished with value: 5.640818680687705 and parameters: {'ISTN': 90.8806235016834, 'I_gpe': 0.8876306610204118, 'I_gpi': 1.8959231832561039, 'noise_stn_sigma': 3.333478047850458, 'noise_gpe_sigma': 112.95276586275698, 'noise_gpi_sigma': 95.66391807932197, 'g_stn_gpe_mult': 3.0416292661961033, 'g_gpe_stn_mult': 1.316891293159147, 'g_stn_gpi_mult': 2.2997853342701875, 'g_gpe_gpi_mult': 0.7232914146218363}. Best is trial 58 with value: 0.3148048255696673.
[I 2026-05-28 01:06:53,590] Trial 96 finished with value: 2.7115525939739724 and parameters: {'ISTN': 108.3089148256198, 'I_gpe': 0.6605314471548793, 'I_gpi': 2.0570748306871334, 'noise_stn_sigma': 3.197443946750277, 'noise_gpe_sigma': 88.83659515425407, 'noise_gpi_sigma': 127.29557249382694, 'g_stn_gpe_mult': 4.258141232181545, 'g_gpe_stn_mult': 1.4959604900360388, 'g_stn_gpi_mult': 2.6470732337731326, 'g_gpe_gpi_mult': 1.1805306404700548}. Best is trial 58 with value: 0.3148048255696673.
[I 2026-05-28 01:06:54,598] Trial 97 finished with value: 7.207718161967018 and parameters: {'ISTN': 85.98478115269515, 'I_gpe': 0.6252041344982934, 'I_gpi': 2.2851350060276685, 'noise_stn_sigma': 3.1796986926054926, 'noise_gpe_sigma': 121.2743078750833, 'noise_gpi_sigma': 132.92360616803302, 'g_stn_gpe_mult': 2.7826657123595266, 'g_gpe_stn_mult': 1.1184360034497278, 'g_stn_gpi_mult': 2.586016908649958, 'g_gpe_gpi_mult': 0.8505143461928133}. Best is trial 58 with value: 0.3148048255696673.
[I 2026-05-28 01:06:55,602] Trial 98 finished with value: 4.688888818360956 and parameters: {'ISTN': 86.65569742807156, 'I_gpe': 0.9787082563862308, 'I_gpi': 2.5440348710086473, 'noise_stn_sigma': 4.010760471555201, 'noise_gpe_sigma': 96.80317469157367, 'noise_gpi_sigma': 117.60239208500613, 'g_stn_gpe_mult': 2.975676893765946, 'g_gpe_stn_mult': 1.3009012567486178, 'g_stn_gpi_mult': 1.5911388762797054, 'g_gpe_gpi_mult': 1.2051634536998796}. Best is trial 58 with value: 0.3148048255696673.
[I 2026-05-28 01:06:56,608] Trial 99 finished with value: 2.215629938824831 and parameters: {'ISTN': 98.41230996192671, 'I_gpe': 0.6749798725018044, 'I_gpi': 1.7978307267532225, 'noise_stn_sigma': 3.793701655846394, 'noise_gpe_sigma': 84.18718413863743, 'noise_gpi_sigma': 131.53775775626335, 'g_stn_gpe_mult': 3.1637911520698556, 'g_gpe_stn_mult': 1.342153564801007, 'g_stn_gpi_mult': 1.1616380647242825, 'g_gpe_gpi_mult': 1.6006603298533544}. Best is trial 58 with value: 0.3148048255696673.
[I 2026-05-28 01:06:57,613] Trial 100 finished with value: 15.050354849574083 and parameters: {'ISTN': 84.13529580635912, 'I_gpe': 1.6692548059790469, 'I_gpi': 2.3977070033010985, 'noise_stn_sigma': 3.667736289142258, 'noise_gpe_sigma': 72.51238157816884, 'noise_gpi_sigma': 115.38068648328859, 'g_stn_gpe_mult': 3.4419624016318453, 'g_gpe_stn_mult': 0.8185424488697555, 'g_stn_gpi_mult': 1.8206994925758355, 'g_gpe_gpi_mult': 1.6539521965797088}. Best is trial 58 with value: 0.3148048255696673.
[I 2026-05-28 01:06:58,621] Trial 101 finished with value: 11.415730779047953 and parameters: {'ISTN': 96.92161892078009, 'I_gpe': 0.9905274516204952, 'I_gpi': 1.9370572862113888, 'noise_stn_sigma': 2.5288064686603917, 'noise_gpe_sigma': 79.86950464044003, 'noise_gpi_sigma': 128.5959599862575, 'g_stn_gpe_mult': 3.6676079670908557, 'g_gpe_stn_mult': 1.0729988153154693, 'g_stn_gpi_mult': 1.3900975035391152, 'g_gpe_gpi_mult': 1.473631704812706}. Best is trial 58 with value: 0.3148048255696673.
[I 2026-05-28 01:06:59,629] Trial 102 finished with value: 0.5127791485030974 and parameters: {'ISTN': 100.0173863552019, 'I_gpe': 0.7236556766307594, 'I_gpi': 2.8734763572808153, 'noise_stn_sigma': 4.2042386867233255, 'noise_gpe_sigma': 89.9274211974608, 'noise_gpi_sigma': 142.63076874375378, 'g_stn_gpe_mult': 2.936256485101982, 'g_gpe_stn_mult': 1.6361756159131187, 'g_stn_gpi_mult': 1.8811230482852697, 'g_gpe_gpi_mult': 1.6792345586005457}. Best is trial 58 with value: 0.3148048255696673.
[I 2026-05-28 01:07:00,632] Trial 103 finished with value: 15.179808223468067 and parameters: {'ISTN': 81.40742168085768, 'I_gpe': 1.2888481841803525, 'I_gpi': 2.074155371501603, 'noise_stn_sigma': 3.7686948976283494, 'noise_gpe_sigma': 107.90862853634455, 'noise_gpi_sigma': 141.5412435127832, 'g_stn_gpe_mult': 3.1200877250243457, 'g_gpe_stn_mult': 1.319551776840068, 'g_stn_gpi_mult': 1.774388610849775, 'g_gpe_gpi_mult': 1.0948340413549162}. Best is trial 58 with value: 0.3148048255696673.
[I 2026-05-28 01:07:01,639] Trial 104 finished with value: 18.281201175577348 and parameters: {'ISTN': 108.90825415086816, 'I_gpe': 0.9589014708364364, 'I_gpi': 2.042360103388837, 'noise_stn_sigma': 4.183442462291033, 'noise_gpe_sigma': 88.47496820064943, 'noise_gpi_sigma': 145.3352149238832, 'g_stn_gpe_mult': 2.9529952916795383, 'g_gpe_stn_mult': 1.154143212873287, 'g_stn_gpi_mult': 1.6567612879057345, 'g_gpe_gpi_mult': 1.529667306826232}. Best is trial 58 with value: 0.3148048255696673.
[I 2026-05-28 01:07:02,644] Trial 105 finished with value: 13.237750122988167 and parameters: {'ISTN': 105.85934103537294, 'I_gpe': 0.6694365859390382, 'I_gpi': 1.9707583526418397, 'noise_stn_sigma': 3.847004808310437, 'noise_gpe_sigma': 90.70235476471751, 'noise_gpi_sigma': 136.28053990954038, 'g_stn_gpe_mult': 2.5298762162287454, 'g_gpe_stn_mult': 1.1829796825292254, 'g_stn_gpi_mult': 1.3383112242313804, 'g_gpe_gpi_mult': 1.5526277939137547}. Best is trial 58 with value: 0.3148048255696673.
[I 2026-05-28 01:07:03,653] Trial 106 finished with value: 9.640791191218304 and parameters: {'ISTN': 96.94466672751591, 'I_gpe': 1.530171104937148, 'I_gpi': 2.202087160103653, 'noise_stn_sigma': 4.301805499611842, 'noise_gpe_sigma': 87.18805437554148, 'noise_gpi_sigma': 136.69117272250008, 'g_stn_gpe_mult': 2.9188988773755926, 'g_gpe_stn_mult': 1.1642707983402867, 'g_stn_gpi_mult': 1.8083096697994199, 'g_gpe_gpi_mult': 1.392642252463811}. Best is trial 58 with value: 0.3148048255696673.
[I 2026-05-28 01:07:04,663] Trial 107 finished with value: 0.33554023301752517 and parameters: {'ISTN': 95.00618909951652, 'I_gpe': 0.6663611070695955, 'I_gpi': 2.276468232185741, 'noise_stn_sigma': 4.092445797140409, 'noise_gpe_sigma': 103.64175185475123, 'noise_gpi_sigma': 110.31441355603903, 'g_stn_gpe_mult': 3.738615413643153, 'g_gpe_stn_mult': 1.5413904372729041, 'g_stn_gpi_mult': 2.3922991354831478, 'g_gpe_gpi_mult': 1.4149270072679851}. Best is trial 58 with value: 0.3148048255696673.
[I 2026-05-28 01:07:05,672] Trial 108 finished with value: 3.2452785634121537 and parameters: {'ISTN': 92.2613496957712, 'I_gpe': 1.0524856671248857, 'I_gpi': 2.1309321319790318, 'noise_stn_sigma': 3.912216091308793, 'noise_gpe_sigma': 106.25268841657928, 'noise_gpi_sigma': 118.68156873028617, 'g_stn_gpe_mult': 3.291330392586926, 'g_gpe_stn_mult': 1.3633389257800603, 'g_stn_gpi_mult': 2.4879107599113923, 'g_gpe_gpi_mult': 1.121200135705888}. Best is trial 58 with value: 0.3148048255696673.
[I 2026-05-28 01:07:06,679] Trial 109 finished with value: 7.182448936976723 and parameters: {'ISTN': 99.04012161487508, 'I_gpe': 0.8825708168598774, 'I_gpi': 2.373318000266445, 'noise_stn_sigma': 3.2895091098440092, 'noise_gpe_sigma': 101.08245645724135, 'noise_gpi_sigma': 148.2803653587645, 'g_stn_gpe_mult': 2.9112259969143572, 'g_gpe_stn_mult': 1.328174964503335, 'g_stn_gpi_mult': 1.5184862885086619, 'g_gpe_gpi_mult': 1.164611596438892}. Best is trial 58 with value: 0.3148048255696673.
[I 2026-05-28 01:07:07,685] Trial 110 finished with value: 14.328230288583057 and parameters: {'ISTN': 95.48329400719481, 'I_gpe': 0.9792340556708492, 'I_gpi': 2.1821793226767277, 'noise_stn_sigma': 4.445928190756751, 'noise_gpe_sigma': 85.53065411406293, 'noise_gpi_sigma': 116.16743476968404, 'g_stn_gpe_mult': 3.28348407036067, 'g_gpe_stn_mult': 0.9990805416933832, 'g_stn_gpi_mult': 1.441859011554904, 'g_gpe_gpi_mult': 1.2097349478264197}. Best is trial 58 with value: 0.3148048255696673.
[I 2026-05-28 01:07:08,693] Trial 111 finished with value: 1.9001135926895805 and parameters: {'ISTN': 94.45928338486218, 'I_gpe': 0.9693797844362693, 'I_gpi': 2.4863077794082877, 'noise_stn_sigma': 3.326800803953976, 'noise_gpe_sigma': 101.89244589063122, 'noise_gpi_sigma': 142.9892262976628, 'g_stn_gpe_mult': 2.8638789108727565, 'g_gpe_stn_mult': 1.4461043290398594, 'g_stn_gpi_mult': 2.0409524409389777, 'g_gpe_gpi_mult': 1.677554489155496}. Best is trial 58 with value: 0.3148048255696673.
[I 2026-05-28 01:07:09,699] Trial 112 finished with value: 3.874874059155182 and parameters: {'ISTN': 83.44119529071145, 'I_gpe': 0.5273433433583268, 'I_gpi': 2.413987090347721, 'noise_stn_sigma': 4.202351874393247, 'noise_gpe_sigma': 87.86271179943466, 'noise_gpi_sigma': 125.58651599654675, 'g_stn_gpe_mult': 3.042296075693217, 'g_gpe_stn_mult': 1.3875278653463479, 'g_stn_gpi_mult': 2.5846899404110695, 'g_gpe_gpi_mult': 1.325518457538522}. Best is trial 58 with value: 0.3148048255696673.
[I 2026-05-28 01:07:10,707] Trial 113 finished with value: 2.8524793750902635 and parameters: {'ISTN': 102.69839966838092, 'I_gpe': 0.8024047035061792, 'I_gpi': 2.6186379550583077, 'noise_stn_sigma': 2.8933683691640266, 'noise_gpe_sigma': 92.13149308047275, 'noise_gpi_sigma': 129.6871066524135, 'g_stn_gpe_mult': 4.325095963829545, 'g_gpe_stn_mult': 1.692704388166361, 'g_stn_gpi_mult': 2.4196380461435396, 'g_gpe_gpi_mult': 1.4096679043527647}. Best is trial 58 with value: 0.3148048255696673.
[I 2026-05-28 01:07:11,716] Trial 114 finished with value: 8.629658698828685 and parameters: {'ISTN': 94.0744129589817, 'I_gpe': 0.7663685394704565, 'I_gpi': 2.5207412335835206, 'noise_stn_sigma': 4.805781659723886, 'noise_gpe_sigma': 79.10889233436674, 'noise_gpi_sigma': 132.1156519406969, 'g_stn_gpe_mult': 3.4021911953896318, 'g_gpe_stn_mult': 1.2117614469586862, 'g_stn_gpi_mult': 2.056481060095126, 'g_gpe_gpi_mult': 1.389653921711772}. Best is trial 58 with value: 0.3148048255696673.
[I 2026-05-28 01:07:12,725] Trial 115 finished with value: 7.299492885737393 and parameters: {'ISTN': 107.81636220695229, 'I_gpe': 0.9792286387817076, 'I_gpi': 2.1344357557998928, 'noise_stn_sigma': 3.9133522697301357, 'noise_gpe_sigma': 111.06236164208231, 'noise_gpi_sigma': 148.4450781879195, 'g_stn_gpe_mult': 3.8079861984901453, 'g_gpe_stn_mult': 1.2940333259495627, 'g_stn_gpi_mult': 2.0291623381091988, 'g_gpe_gpi_mult': 1.1441679280348198}. Best is trial 58 with value: 0.3148048255696673.
[I 2026-05-28 01:07:13,732] Trial 116 finished with value: 7.300476294477692 and parameters: {'ISTN': 98.2777558349487, 'I_gpe': 0.6524975577259222, 'I_gpi': 2.3143240422540905, 'noise_stn_sigma': 3.7960738457804393, 'noise_gpe_sigma': 100.15245188011913, 'noise_gpi_sigma': 125.5144074537175, 'g_stn_gpe_mult': 3.1178647857365616, 'g_gpe_stn_mult': 1.3042438883623702, 'g_stn_gpi_mult': 1.4473781096848517, 'g_gpe_gpi_mult': 1.8243434397782041}. Best is trial 58 with value: 0.3148048255696673.
[I 2026-05-28 01:07:14,741] Trial 117 finished with value: 8.852838907526102 and parameters: {'ISTN': 88.58687226656185, 'I_gpe': 1.0019301521821204, 'I_gpi': 2.530424018123142, 'noise_stn_sigma': 2.9697963150475397, 'noise_gpe_sigma': 96.2591034133918, 'noise_gpi_sigma': 128.4211344404619, 'g_stn_gpe_mult': 3.0895120361238266, 'g_gpe_stn_mult': 1.113299536271774, 'g_stn_gpi_mult': 1.955589081432073, 'g_gpe_gpi_mult': 1.2880907444491057}. Best is trial 58 with value: 0.3148048255696673.
[I 2026-05-28 01:07:15,747] Trial 118 finished with value: 0.5835856302660132 and parameters: {'ISTN': 101.29044974197333, 'I_gpe': 1.0165061437452547, 'I_gpi': 2.6577552027672793, 'noise_stn_sigma': 4.402885075299284, 'noise_gpe_sigma': 100.91147977803266, 'noise_gpi_sigma': 120.52468487366178, 'g_stn_gpe_mult': 4.119446370439663, 'g_gpe_stn_mult': 1.3486088451657954, 'g_stn_gpi_mult': 2.2239521186331164, 'g_gpe_gpi_mult': 1.5738025092665517}. Best is trial 58 with value: 0.3148048255696673.
[I 2026-05-28 01:07:16,755] Trial 119 finished with value: 7.695438531405137 and parameters: {'ISTN': 92.21004543975067, 'I_gpe': 0.7252660535481519, 'I_gpi': 1.6397890769023602, 'noise_stn_sigma': 2.9916643658156676, 'noise_gpe_sigma': 72.94924388690109, 'noise_gpi_sigma': 128.02686732040485, 'g_stn_gpe_mult': 3.870335017462649, 'g_gpe_stn_mult': 1.4601270872035126, 'g_stn_gpi_mult': 2.27782911557859, 'g_gpe_gpi_mult': 1.4242835822993032}. Best is trial 58 with value: 0.3148048255696673.
[I 2026-05-28 01:07:17,757] Trial 120 finished with value: 119.5188298860727 and parameters: {'ISTN': 93.99726167474822, 'I_gpe': 1.3761303913944904, 'I_gpi': 2.686354287418415, 'noise_stn_sigma': 3.678371565067636, 'noise_gpe_sigma': 111.39041952025771, 'noise_gpi_sigma': 126.30533671848488, 'g_stn_gpe_mult': 3.170943733467651, 'g_gpe_stn_mult': 1.4944997768980839, 'g_stn_gpi_mult': 2.1787600347554053, 'g_gpe_gpi_mult': 1.4471880652619313}. Best is trial 58 with value: 0.3148048255696673.
[I 2026-05-28 01:07:18,760] Trial 121 finished with value: 110.63842471958745 and parameters: {'ISTN': 106.88939248359281, 'I_gpe': 1.146419043629503, 'I_gpi': 2.5121246788236906, 'noise_stn_sigma': 2.184309646797581, 'noise_gpe_sigma': 103.44386132425423, 'noise_gpi_sigma': 110.70255809833442, 'g_stn_gpe_mult': 2.8696169698852385, 'g_gpe_stn_mult': 1.7510858560578675, 'g_stn_gpi_mult': 2.415554331592878, 'g_gpe_gpi_mult': 1.4518115347274856}. Best is trial 58 with value: 0.3148048255696673.
[I 2026-05-28 01:07:19,769] Trial 122 finished with value: 12.24527099532684 and parameters: {'ISTN': 92.90732517220124, 'I_gpe': 1.0228891183779347, 'I_gpi': 3.2105437492421194, 'noise_stn_sigma': 3.8994470671523076, 'noise_gpe_sigma': 81.39176443551938, 'noise_gpi_sigma': 125.11418449841706, 'g_stn_gpe_mult': 4.064427925782503, 'g_gpe_stn_mult': 1.21408725460064, 'g_stn_gpi_mult': 2.5523825379774845, 'g_gpe_gpi_mult': 1.513276183357751}. Best is trial 58 with value: 0.3148048255696673.
[I 2026-05-28 01:07:20,716] Trial 123 finished with value: 1000000.0 and parameters: {'ISTN': 96.3100843975097, 'I_gpe': 1.2757583973175277, 'I_gpi': 1.940393201560219, 'noise_stn_sigma': 3.6325812236695953, 'noise_gpe_sigma': 106.23088463868825, 'noise_gpi_sigma': 126.06844421724372, 'g_stn_gpe_mult': 3.4275800563600884, 'g_gpe_stn_mult': 1.1936106635042834, 'g_stn_gpi_mult': 2.6009705636379934, 'g_gpe_gpi_mult': 1.1741084255032637}. Best is trial 58 with value: 0.3148048255696673.
[I 2026-05-28 01:07:21,723] Trial 124 finished with value: 2.9839666618969063 and parameters: {'ISTN': 92.27852599970502, 'I_gpe': 0.7642262663739219, 'I_gpi': 2.466643628757412, 'noise_stn_sigma': 3.164145077075342, 'noise_gpe_sigma': 108.02737847918269, 'noise_gpi_sigma': 149.7984729188779, 'g_stn_gpe_mult': 3.8414007982192864, 'g_gpe_stn_mult': 1.5603752203608823, 'g_stn_gpi_mult': 2.409482514211687, 'g_gpe_gpi_mult': 1.5127759719199299}. Best is trial 58 with value: 0.3148048255696673.
[I 2026-05-28 01:07:22,730] Trial 125 finished with value: 0.5530844407913199 and parameters: {'ISTN': 85.31184884013723, 'I_gpe': 0.7279876282092779, 'I_gpi': 2.9893460920476667, 'noise_stn_sigma': 5.0270831608026, 'noise_gpe_sigma': 105.45779674928644, 'noise_gpi_sigma': 124.77016979972389, 'g_stn_gpe_mult': 3.528405430982938, 'g_gpe_stn_mult': 1.3990578156482179, 'g_stn_gpi_mult': 1.6707479625523405, 'g_gpe_gpi_mult': 1.590156278328606}. Best is trial 58 with value: 0.3148048255696673.
[I 2026-05-28 01:07:23,732] Trial 126 finished with value: 9.762913664588336 and parameters: {'ISTN': 82.04211598331153, 'I_gpe': 0.634633915517037, 'I_gpi': 2.508422612863896, 'noise_stn_sigma': 3.7829460379269144, 'noise_gpe_sigma': 111.607846800113, 'noise_gpi_sigma': 144.86830840996623, 'g_stn_gpe_mult': 3.134198610902871, 'g_gpe_stn_mult': 1.6917628065999692, 'g_stn_gpi_mult': 1.9640891822839768, 'g_gpe_gpi_mult': 1.5711673830574797}. Best is trial 58 with value: 0.3148048255696673.
[I 2026-05-28 01:07:24,741] Trial 127 finished with value: 12.150781560629905 and parameters: {'ISTN': 95.67063533208551, 'I_gpe': 0.5931430194936335, 'I_gpi': 2.4969250414566573, 'noise_stn_sigma': 2.8108701608957896, 'noise_gpe_sigma': 114.18705117061073, 'noise_gpi_sigma': 118.83329209586455, 'g_stn_gpe_mult': 4.001984551202969, 'g_gpe_stn_mult': 1.2112335280308875, 'g_stn_gpi_mult': 2.530957685452075, 'g_gpe_gpi_mult': 1.4675097443776601}. Best is trial 58 with value: 0.3148048255696673.
[I 2026-05-28 01:07:25,748] Trial 128 finished with value: 2.720739475837214 and parameters: {'ISTN': 97.7881153241216, 'I_gpe': 0.686016339287036, 'I_gpi': 3.2125066249943695, 'noise_stn_sigma': 4.034098548261395, 'noise_gpe_sigma': 116.28393450616807, 'noise_gpi_sigma': 96.81720642803285, 'g_stn_gpe_mult': 3.8087521337226327, 'g_gpe_stn_mult': 1.634733635688183, 'g_stn_gpi_mult': 2.754878136930283, 'g_gpe_gpi_mult': 1.734256341658134}. Best is trial 58 with value: 0.3148048255696673.
[I 2026-05-28 01:07:26,754] Trial 129 finished with value: 10.147874851178354 and parameters: {'ISTN': 95.4786160217145, 'I_gpe': 1.219197120646955, 'I_gpi': 2.52909733337906, 'noise_stn_sigma': 4.1514758032269725, 'noise_gpe_sigma': 94.90111516549072, 'noise_gpi_sigma': 142.0344667809701, 'g_stn_gpe_mult': 3.75465113745791, 'g_gpe_stn_mult': 1.4245987606810278, 'g_stn_gpi_mult': 2.491682171749148, 'g_gpe_gpi_mult': 1.4713221408446453}. Best is trial 58 with value: 0.3148048255696673.
[I 2026-05-28 01:07:27,757] Trial 130 finished with value: 1.0126659515327943 and parameters: {'ISTN': 94.59376588687638, 'I_gpe': 0.8750461899644567, 'I_gpi': 2.7128027603047693, 'noise_stn_sigma': 4.481508853961161, 'noise_gpe_sigma': 91.0449188262392, 'noise_gpi_sigma': 135.10288985772252, 'g_stn_gpe_mult': 3.4520928995645868, 'g_gpe_stn_mult': 1.52021228159903, 'g_stn_gpi_mult': 2.698037179140964, 'g_gpe_gpi_mult': 1.9356053766852124}. Best is trial 58 with value: 0.3148048255696673.
[I 2026-05-28 01:07:28,767] Trial 131 finished with value: 9.936707764573983 and parameters: {'ISTN': 106.36824886168937, 'I_gpe': 1.218574400674226, 'I_gpi': 2.8715042666381883, 'noise_stn_sigma': 4.92650457054181, 'noise_gpe_sigma': 109.80043112991966, 'noise_gpi_sigma': 91.84509031336373, 'g_stn_gpe_mult': 3.932707070373596, 'g_gpe_stn_mult': 1.2580993489726655, 'g_stn_gpi_mult': 2.044900695527253, 'g_gpe_gpi_mult': 1.6774154902543905}. Best is trial 58 with value: 0.3148048255696673.
