[I 2026-05-28 01:15:37,360] Trial 616 finished with value: 0.8851834076621028 and parameters: {'ISTN': 99.17998775333318, 'I_gpe': 0.7403814078710185, 'I_gpi': 2.206359531800416, 'noise_stn_sigma': 3.0176771912540623, 'noise_gpe_sigma': 103.7153134322827, 'noise_gpi_sigma': 133.68519871982136, 'g_stn_gpe_mult': 3.8412852883211785, 'g_gpe_stn_mult': 1.470623537597435, 'g_stn_gpi_mult': 2.707339117398987, 'g_gpe_gpi_mult': 1.6934016855427667}. Best is trial 604 with value: 0.11752073114951478.
[I 2026-05-28 01:15:38,368] Trial 617 finished with value: 0.12838882316708272 and parameters: {'ISTN': 99.53638727341942, 'I_gpe': 0.7920175007345311, 'I_gpi': 2.148554926734074, 'noise_stn_sigma': 3.1540101795851765, 'noise_gpe_sigma': 102.74597815326798, 'noise_gpi_sigma': 128.33406384693788, 'g_stn_gpe_mult': 3.8529224630549743, 'g_gpe_stn_mult': 1.4778828367346002, 'g_stn_gpi_mult': 2.9033599614689845, 'g_gpe_gpi_mult': 1.6554830861329095}. Best is trial 604 with value: 0.11752073114951478.
[I 2026-05-28 01:15:39,377] Trial 618 finished with value: 0.12097053611287915 and parameters: {'ISTN': 98.25491409687734, 'I_gpe': 0.7472926306018781, 'I_gpi': 2.041006642808947, 'noise_stn_sigma': 3.33141422972406, 'noise_gpe_sigma': 105.20369033492948, 'noise_gpi_sigma': 131.0299292942806, 'g_stn_gpe_mult': 3.848948183011852, 'g_gpe_stn_mult': 1.4644224162079784, 'g_stn_gpi_mult': 2.8705280772945874, 'g_gpe_gpi_mult': 1.6722838257738692}. Best is trial 604 with value: 0.11752073114951478.
[I 2026-05-28 01:15:40,381] Trial 619 finished with value: 0.14216848628209094 and parameters: {'ISTN': 97.70122961537203, 'I_gpe': 0.7218347499256054, 'I_gpi': 2.1693221872748762, 'noise_stn_sigma': 3.1010477706140893, 'noise_gpe_sigma': 106.08222925328356, 'noise_gpi_sigma': 132.74237401024783, 'g_stn_gpe_mult': 3.7186466511487994, 'g_gpe_stn_mult': 1.4466645896631898, 'g_stn_gpi_mult': 2.757445212130662, 'g_gpe_gpi_mult': 1.7055317318237748}. Best is trial 604 with value: 0.11752073114951478.
[I 2026-05-28 01:15:41,391] Trial 620 finished with value: 0.9238488099805844 and parameters: {'ISTN': 98.37365830752196, 'I_gpe': 0.7213455647217704, 'I_gpi': 2.060638572151219, 'noise_stn_sigma': 3.1475100529979803, 'noise_gpe_sigma': 103.28227892616746, 'noise_gpi_sigma': 131.38010835349598, 'g_stn_gpe_mult': 4.090786159779518, 'g_gpe_stn_mult': 1.465358392205346, 'g_stn_gpi_mult': 2.8404190094782917, 'g_gpe_gpi_mult': 1.720405202341655}. Best is trial 604 with value: 0.11752073114951478.
[I 2026-05-28 01:15:42,400] Trial 621 finished with value: 0.12717037071253548 and parameters: {'ISTN': 100.18227435174659, 'I_gpe': 0.7764031950234928, 'I_gpi': 1.971200695929947, 'noise_stn_sigma': 3.0406181692883125, 'noise_gpe_sigma': 104.6196652729852, 'noise_gpi_sigma': 131.9256906167784, 'g_stn_gpe_mult': 3.944272561072134, 'g_gpe_stn_mult': 1.4815561903960426, 'g_stn_gpi_mult': 2.9038818369544037, 'g_gpe_gpi_mult': 1.6456369737301668}. Best is trial 604 with value: 0.11752073114951478.
[I 2026-05-28 01:15:43,409] Trial 622 finished with value: 0.2253053445534593 and parameters: {'ISTN': 95.51625492054407, 'I_gpe': 0.7097340557561386, 'I_gpi': 2.062781748970023, 'noise_stn_sigma': 3.0165449112126232, 'noise_gpe_sigma': 102.47668064181431, 'noise_gpi_sigma': 131.7832967837396, 'g_stn_gpe_mult': 4.0415868817304785, 'g_gpe_stn_mult': 1.4515218301718285, 'g_stn_gpi_mult': 2.658670605465329, 'g_gpe_gpi_mult': 1.749198038812788}. Best is trial 604 with value: 0.11752073114951478.
[I 2026-05-28 01:15:44,418] Trial 623 finished with value: 3.1266082297323003 and parameters: {'ISTN': 98.91905975649996, 'I_gpe': 0.866785571560637, 'I_gpi': 2.277024481513697, 'noise_stn_sigma': 2.8976600787646714, 'noise_gpe_sigma': 110.38625228214569, 'noise_gpi_sigma': 126.9801122741691, 'g_stn_gpe_mult': 3.7692362914924455, 'g_gpe_stn_mult': 1.415292395497966, 'g_stn_gpi_mult': 2.884493249613434, 'g_gpe_gpi_mult': 1.6640115797061699}. Best is trial 604 with value: 0.11752073114951478.
[I 2026-05-28 01:15:45,424] Trial 624 finished with value: 0.7506178866752753 and parameters: {'ISTN': 99.56173426103786, 'I_gpe': 0.7324761698237798, 'I_gpi': 2.147272401955556, 'noise_stn_sigma': 2.978791688937143, 'noise_gpe_sigma': 103.7608753161046, 'noise_gpi_sigma': 132.01991069359906, 'g_stn_gpe_mult': 3.9348890422932175, 'g_gpe_stn_mult': 1.4779547105269701, 'g_stn_gpi_mult': 3.013895367178609, 'g_gpe_gpi_mult': 1.6714534751786814}. Best is trial 604 with value: 0.11752073114951478.
[I 2026-05-28 01:15:46,433] Trial 625 finished with value: 0.12453611518414956 and parameters: {'ISTN': 98.37257704475478, 'I_gpe': 0.707554251948391, 'I_gpi': 2.175982651464513, 'noise_stn_sigma': 3.123371059527778, 'noise_gpe_sigma': 105.98436745933283, 'noise_gpi_sigma': 130.73401044353915, 'g_stn_gpe_mult': 3.8082652702767543, 'g_gpe_stn_mult': 1.482241298073857, 'g_stn_gpi_mult': 2.93140357130785, 'g_gpe_gpi_mult': 1.6486678788041005}. Best is trial 604 with value: 0.11752073114951478.
[I 2026-05-28 01:15:47,442] Trial 626 finished with value: 0.13111183033469537 and parameters: {'ISTN': 98.5228263458681, 'I_gpe': 0.7784730568907274, 'I_gpi': 2.1101319271815537, 'noise_stn_sigma': 3.1135011261065637, 'noise_gpe_sigma': 103.11148559563125, 'noise_gpi_sigma': 133.55160885032865, 'g_stn_gpe_mult': 3.8258383330489245, 'g_gpe_stn_mult': 1.458749935039525, 'g_stn_gpi_mult': 2.807076089280017, 'g_gpe_gpi_mult': 1.7360017721949925}. Best is trial 604 with value: 0.11752073114951478.
[I 2026-05-28 01:15:48,450] Trial 627 finished with value: 4.409953398765951 and parameters: {'ISTN': 98.48174731026927, 'I_gpe': 0.8087318284713727, 'I_gpi': 1.985029414743738, 'noise_stn_sigma': 3.0204245761426027, 'noise_gpe_sigma': 106.58920788071248, 'noise_gpi_sigma': 130.39469552697045, 'g_stn_gpe_mult': 3.641861274871341, 'g_gpe_stn_mult': 1.4483667462097216, 'g_stn_gpi_mult': 2.8060638316907864, 'g_gpe_gpi_mult': 1.652239486491723}. Best is trial 604 with value: 0.11752073114951478.
[I 2026-05-28 01:15:49,460] Trial 628 finished with value: 0.4464474252072087 and parameters: {'ISTN': 99.01104435555533, 'I_gpe': 0.7696850911992499, 'I_gpi': 2.163266284463244, 'noise_stn_sigma': 3.2617274363694464, 'noise_gpe_sigma': 104.7475029983721, 'noise_gpi_sigma': 127.17825289528955, 'g_stn_gpe_mult': 3.7920898326856607, 'g_gpe_stn_mult': 1.4727272688340827, 'g_stn_gpi_mult': 2.8712774119416933, 'g_gpe_gpi_mult': 1.6801576760496364}. Best is trial 604 with value: 0.11752073114951478.
[I 2026-05-28 01:15:50,470] Trial 629 finished with value: 0.12361213673266037 and parameters: {'ISTN': 96.82093869213617, 'I_gpe': 0.70098436476402, 'I_gpi': 2.1327406392086674, 'noise_stn_sigma': 3.4740558095849448, 'noise_gpe_sigma': 104.32479895531245, 'noise_gpi_sigma': 129.63654080730947, 'g_stn_gpe_mult': 3.9100022255389346, 'g_gpe_stn_mult': 1.4649678690650891, 'g_stn_gpi_mult': 2.9645710806049426, 'g_gpe_gpi_mult': 1.6215617981431498}. Best is trial 604 with value: 0.11752073114951478.
[I 2026-05-28 01:15:51,478] Trial 630 finished with value: 0.1491852888787028 and parameters: {'ISTN': 97.8710400592706, 'I_gpe': 0.7351274818979003, 'I_gpi': 2.1937282487454755, 'noise_stn_sigma': 3.597924246763201, 'noise_gpe_sigma': 104.5398106667696, 'noise_gpi_sigma': 133.8427346858893, 'g_stn_gpe_mult': 4.009778296369863, 'g_gpe_stn_mult': 1.4761518433840117, 'g_stn_gpi_mult': 3.0045214707134082, 'g_gpe_gpi_mult': 1.6601094053621273}. Best is trial 604 with value: 0.11752073114951478.
[I 2026-05-28 01:15:52,488] Trial 631 finished with value: 0.12261527600468328 and parameters: {'ISTN': 96.85310026614883, 'I_gpe': 0.6851041832287419, 'I_gpi': 2.1750494811379157, 'noise_stn_sigma': 3.1797002147284656, 'noise_gpe_sigma': 109.09247289429115, 'noise_gpi_sigma': 130.62247521692134, 'g_stn_gpe_mult': 3.8950508555584165, 'g_gpe_stn_mult': 1.4884003508238195, 'g_stn_gpi_mult': 2.8587155040837686, 'g_gpe_gpi_mult': 1.6031311075876575}. Best is trial 604 with value: 0.11752073114951478.
[I 2026-05-28 01:15:53,498] Trial 632 finished with value: 2.1166623852294664 and parameters: {'ISTN': 97.76034188632694, 'I_gpe': 0.7305842005439718, 'I_gpi': 2.1839973970824103, 'noise_stn_sigma': 3.269446392248634, 'noise_gpe_sigma': 105.22902116457693, 'noise_gpi_sigma': 130.4286960071571, 'g_stn_gpe_mult': 3.787013777908985, 'g_gpe_stn_mult': 1.450080760809971, 'g_stn_gpi_mult': 2.9425621571988985, 'g_gpe_gpi_mult': 1.742608308720567}. Best is trial 604 with value: 0.11752073114951478.
[I 2026-05-28 01:15:54,505] Trial 633 finished with value: 0.1361743424397623 and parameters: {'ISTN': 101.02169371783543, 'I_gpe': 0.7610892020883246, 'I_gpi': 2.082740476897701, 'noise_stn_sigma': 3.184305558195278, 'noise_gpe_sigma': 100.80320247758819, 'noise_gpi_sigma': 131.8949506504614, 'g_stn_gpe_mult': 3.864585516279221, 'g_gpe_stn_mult': 1.4849211994339437, 'g_stn_gpi_mult': 3.126840013767484, 'g_gpe_gpi_mult': 1.6726053068743707}. Best is trial 604 with value: 0.11752073114951478.
[I 2026-05-28 01:15:55,512] Trial 634 finished with value: 0.135365226571121 and parameters: {'ISTN': 98.26444520133904, 'I_gpe': 0.71930199133491, 'I_gpi': 2.024708366519997, 'noise_stn_sigma': 3.118695529943444, 'noise_gpe_sigma': 103.90521419602194, 'noise_gpi_sigma': 128.10635144163302, 'g_stn_gpe_mult': 3.7646039866059544, 'g_gpe_stn_mult': 1.4741883755329857, 'g_stn_gpi_mult': 2.8991773376214507, 'g_gpe_gpi_mult': 1.6133231191216164}. Best is trial 604 with value: 0.11752073114951478.
[I 2026-05-28 01:15:56,520] Trial 635 finished with value: 0.129416104882505 and parameters: {'ISTN': 96.6483502631259, 'I_gpe': 0.7144682635071449, 'I_gpi': 2.0872510640034267, 'noise_stn_sigma': 3.162405350622291, 'noise_gpe_sigma': 107.37478222067344, 'noise_gpi_sigma': 131.59103673104232, 'g_stn_gpe_mult': 3.861976597304153, 'g_gpe_stn_mult': 1.4414792105503371, 'g_stn_gpi_mult': 2.91185917614352, 'g_gpe_gpi_mult': 1.6795720869754334}. Best is trial 604 with value: 0.11752073114951478.
[I 2026-05-28 01:15:57,528] Trial 636 finished with value: 0.15260505358530488 and parameters: {'ISTN': 98.26759538651433, 'I_gpe': 0.6779305600552841, 'I_gpi': 2.1765322247888785, 'noise_stn_sigma': 3.162204262967496, 'noise_gpe_sigma': 106.34633470694637, 'noise_gpi_sigma': 134.28704395066313, 'g_stn_gpe_mult': 3.8918517508647086, 'g_gpe_stn_mult': 1.4959532657174317, 'g_stn_gpi_mult': 2.8956329454711023, 'g_gpe_gpi_mult': 1.6344573701839273}. Best is trial 604 with value: 0.11752073114951478.
[I 2026-05-28 01:15:58,533] Trial 637 finished with value: 4.868495862600959 and parameters: {'ISTN': 100.36842170360337, 'I_gpe': 0.8426246387078603, 'I_gpi': 1.9949389144394107, 'noise_stn_sigma': 3.319664739065874, 'noise_gpe_sigma': 106.21710313790241, 'noise_gpi_sigma': 130.32863091564408, 'g_stn_gpe_mult': 3.838456357133047, 'g_gpe_stn_mult': 1.4596080686114665, 'g_stn_gpi_mult': 2.84719690793673, 'g_gpe_gpi_mult': 1.6128963794847055}. Best is trial 604 with value: 0.11752073114951478.
[I 2026-05-28 01:15:59,539] Trial 638 finished with value: 1.406980460773014 and parameters: {'ISTN': 99.73941419798334, 'I_gpe': 0.7488867348431182, 'I_gpi': 2.058849385764198, 'noise_stn_sigma': 3.0474257946596053, 'noise_gpe_sigma': 100.17778889978622, 'noise_gpi_sigma': 131.12064206638203, 'g_stn_gpe_mult': 3.820704662803723, 'g_gpe_stn_mult': 1.4754131438877938, 'g_stn_gpi_mult': 2.9072943413363626, 'g_gpe_gpi_mult': 1.615318938227153}. Best is trial 604 with value: 0.11752073114951478.
[I 2026-05-28 01:16:00,547] Trial 639 finished with value: 0.15526857440189054 and parameters: {'ISTN': 97.66845060507691, 'I_gpe': 0.705853145135187, 'I_gpi': 2.122570420941208, 'noise_stn_sigma': 3.2433226397281896, 'noise_gpe_sigma': 107.20319389824475, 'noise_gpi_sigma': 132.43736346499045, 'g_stn_gpe_mult': 3.823440495360759, 'g_gpe_stn_mult': 1.4644250853506382, 'g_stn_gpi_mult': 2.93048709730206, 'g_gpe_gpi_mult': 1.6199065320805002}. Best is trial 604 with value: 0.11752073114951478.
[I 2026-05-28 01:16:01,555] Trial 640 finished with value: 1.9706061066515768 and parameters: {'ISTN': 95.92495470092194, 'I_gpe': 0.689718897642442, 'I_gpi': 2.134822778568567, 'noise_stn_sigma': 3.470259237061386, 'noise_gpe_sigma': 102.69687214702031, 'noise_gpi_sigma': 133.9444761340492, 'g_stn_gpe_mult': 3.8547190750122677, 'g_gpe_stn_mult': 1.4565531782688372, 'g_stn_gpi_mult': 2.76536217193258, 'g_gpe_gpi_mult': 1.634393931438514}. Best is trial 604 with value: 0.11752073114951478.
[I 2026-05-28 01:16:02,565] Trial 641 finished with value: 0.1496344136543198 and parameters: {'ISTN': 96.42077445895552, 'I_gpe': 0.6993612380259713, 'I_gpi': 2.0744945075095136, 'noise_stn_sigma': 3.10324085560407, 'noise_gpe_sigma': 109.54575185881843, 'noise_gpi_sigma': 131.00876864597862, 'g_stn_gpe_mult': 3.7657197075328006, 'g_gpe_stn_mult': 1.4658708338132695, 'g_stn_gpi_mult': 2.9727801806059, 'g_gpe_gpi_mult': 1.6356159368893908}. Best is trial 604 with value: 0.11752073114951478.
[I 2026-05-28 01:16:03,572] Trial 642 finished with value: 0.12400879603352527 and parameters: {'ISTN': 99.4709142236089, 'I_gpe': 0.7478816679782792, 'I_gpi': 2.1709903791330127, 'noise_stn_sigma': 2.9981374736962287, 'noise_gpe_sigma': 102.59539935382797, 'noise_gpi_sigma': 129.05674561398575, 'g_stn_gpe_mult': 3.8353962019422827, 'g_gpe_stn_mult': 1.469696633193771, 'g_stn_gpi_mult': 2.8592271210128235, 'g_gpe_gpi_mult': 1.638566505207615}. Best is trial 604 with value: 0.11752073114951478.
[I 2026-05-28 01:16:04,577] Trial 643 finished with value: 0.14431074078837564 and parameters: {'ISTN': 95.73855986924602, 'I_gpe': 0.6127112714736864, 'I_gpi': 2.0763877323002116, 'noise_stn_sigma': 3.297582768529663, 'noise_gpe_sigma': 107.30150661705841, 'noise_gpi_sigma': 129.2775477480571, 'g_stn_gpe_mult': 3.757873515952343, 'g_gpe_stn_mult': 1.5121293139838925, 'g_stn_gpi_mult': 2.917695532074138, 'g_gpe_gpi_mult': 1.6467733293574447}. Best is trial 604 with value: 0.11752073114951478.
[I 2026-05-28 01:16:05,584] Trial 644 finished with value: 0.12531448917487276 and parameters: {'ISTN': 98.12123074084755, 'I_gpe': 0.7258665395954118, 'I_gpi': 2.0960313595731375, 'noise_stn_sigma': 3.1017225947852274, 'noise_gpe_sigma': 107.23282264072107, 'noise_gpi_sigma': 128.8088945362995, 'g_stn_gpe_mult': 3.655484831814738, 'g_gpe_stn_mult': 1.4708390685809771, 'g_stn_gpi_mult': 3.0803138940188135, 'g_gpe_gpi_mult': 1.6396256831727132}. Best is trial 604 with value: 0.11752073114951478.
[I 2026-05-28 01:16:06,592] Trial 645 finished with value: 2.363942331355555 and parameters: {'ISTN': 97.95155991453973, 'I_gpe': 0.7186530259550141, 'I_gpi': 2.143053194150437, 'noise_stn_sigma': 3.253909589198509, 'noise_gpe_sigma': 109.05212125931587, 'noise_gpi_sigma': 133.27151058894157, 'g_stn_gpe_mult': 3.9122498866531883, 'g_gpe_stn_mult': 1.477090648277054, 'g_stn_gpi_mult': 2.8762931677198114, 'g_gpe_gpi_mult': 1.5986376129468662}. Best is trial 604 with value: 0.11752073114951478.
[I 2026-05-28 01:16:07,601] Trial 646 finished with value: 0.19777979005545224 and parameters: {'ISTN': 98.33914560189234, 'I_gpe': 0.7491418825738988, 'I_gpi': 1.9957664706444191, 'noise_stn_sigma': 3.0696171340224563, 'noise_gpe_sigma': 105.66812128109244, 'noise_gpi_sigma': 133.6229585490878, 'g_stn_gpe_mult': 3.9311908630828856, 'g_gpe_stn_mult': 1.4774825661811004, 'g_stn_gpi_mult': 2.941047743466683, 'g_gpe_gpi_mult': 1.6307532807816072}. Best is trial 604 with value: 0.11752073114951478.
[I 2026-05-28 01:16:08,609] Trial 647 finished with value: 0.13961052829067566 and parameters: {'ISTN': 96.24132821809214, 'I_gpe': 0.696750605291967, 'I_gpi': 2.287799204080354, 'noise_stn_sigma': 3.50520788262791, 'noise_gpe_sigma': 104.5615334401774, 'noise_gpi_sigma': 131.10904980706113, 'g_stn_gpe_mult': 3.781257743883612, 'g_gpe_stn_mult': 1.4757170120375218, 'g_stn_gpi_mult': 2.897088531249794, 'g_gpe_gpi_mult': 1.6396575221763978}. Best is trial 604 with value: 0.11752073114951478.
[I 2026-05-28 01:16:09,617] Trial 648 finished with value: 0.15519725640828763 and parameters: {'ISTN': 97.14628451836913, 'I_gpe': 0.6642755544907335, 'I_gpi': 2.074173810212765, 'noise_stn_sigma': 3.346814427154473, 'noise_gpe_sigma': 109.614466913778, 'noise_gpi_sigma': 125.17044804208865, 'g_stn_gpe_mult': 3.8927112415571883, 'g_gpe_stn_mult': 1.5101912961178248, 'g_stn_gpi_mult': 3.068421213458194, 'g_gpe_gpi_mult': 1.5825808651477993}. Best is trial 604 with value: 0.11752073114951478.
[I 2026-05-28 01:16:10,624] Trial 649 finished with value: 7.72790532138075 and parameters: {'ISTN': 100.09153549429618, 'I_gpe': 0.7955958382459487, 'I_gpi': 2.118009908389329, 'noise_stn_sigma': 3.178844774269542, 'noise_gpe_sigma': 106.8300002482111, 'noise_gpi_sigma': 129.78955640754887, 'g_stn_gpe_mult': 3.964481892558209, 'g_gpe_stn_mult': 1.468415233539154, 'g_stn_gpi_mult': 2.93284948233761, 'g_gpe_gpi_mult': 1.6556806542010247}. Best is trial 604 with value: 0.11752073114951478.
[I 2026-05-28 01:16:11,630] Trial 650 finished with value: 0.12109423310940765 and parameters: {'ISTN': 97.28183460511426, 'I_gpe': 0.7546421829871965, 'I_gpi': 2.1276066038293724, 'noise_stn_sigma': 3.0821636899122815, 'noise_gpe_sigma': 105.13129891428565, 'noise_gpi_sigma': 131.34356989215252, 'g_stn_gpe_mult': 3.8864676423520224, 'g_gpe_stn_mult': 1.4473737664558692, 'g_stn_gpi_mult': 2.933030824442734, 'g_gpe_gpi_mult': 1.6690662362111603}. Best is trial 604 with value: 0.11752073114951478.
[I 2026-05-28 01:16:12,639] Trial 651 finished with value: 0.12210708967633621 and parameters: {'ISTN': 99.08864184816738, 'I_gpe': 0.737600756894552, 'I_gpi': 2.09730671288375, 'noise_stn_sigma': 2.980753424056944, 'noise_gpe_sigma': 101.85803290118227, 'noise_gpi_sigma': 126.46058480277459, 'g_stn_gpe_mult': 3.8894299951356306, 'g_gpe_stn_mult': 1.4950876261068604, 'g_stn_gpi_mult': 2.984624170129964, 'g_gpe_gpi_mult': 1.6138277573347939}. Best is trial 604 with value: 0.11752073114951478.
[I 2026-05-28 01:16:13,646] Trial 652 finished with value: 0.1296789535564988 and parameters: {'ISTN': 98.45671510483498, 'I_gpe': 0.725026044059021, 'I_gpi': 2.2174042502340345, 'noise_stn_sigma': 3.1415376411640317, 'noise_gpe_sigma': 103.91396368587382, 'noise_gpi_sigma': 130.52627415153512, 'g_stn_gpe_mult': 3.7500300618691598, 'g_gpe_stn_mult': 1.4765808682376629, 'g_stn_gpi_mult': 2.9778454350133625, 'g_gpe_gpi_mult': 1.6182909582416662}. Best is trial 604 with value: 0.11752073114951478.
[I 2026-05-28 01:16:14,654] Trial 653 finished with value: 0.13419898180822568 and parameters: {'ISTN': 96.32427148066131, 'I_gpe': 0.7427380489090664, 'I_gpi': 2.1390713489720077, 'noise_stn_sigma': 2.7770690748102287, 'noise_gpe_sigma': 100.23582251778556, 'noise_gpi_sigma': 130.50285031596115, 'g_stn_gpe_mult': 3.8146652398928267, 'g_gpe_stn_mult': 1.432314990783005, 'g_stn_gpi_mult': 2.794755924789324, 'g_gpe_gpi_mult': 1.6473529202494357}. Best is trial 604 with value: 0.11752073114951478.
[I 2026-05-28 01:16:15,662] Trial 654 finished with value: 0.13919851897307903 and parameters: {'ISTN': 99.40255744511848, 'I_gpe': 0.7242865733217309, 'I_gpi': 2.125513656174455, 'noise_stn_sigma': 3.204103854591264, 'noise_gpe_sigma': 104.89761360053849, 'noise_gpi_sigma': 129.43719719781456, 'g_stn_gpe_mult': 3.8021359803469967, 'g_gpe_stn_mult': 1.481976046601135, 'g_stn_gpi_mult': 2.8269346187321975, 'g_gpe_gpi_mult': 1.6689005830489216}. Best is trial 604 with value: 0.11752073114951478.
[I 2026-05-28 01:16:16,670] Trial 655 finished with value: 0.29211518126292585 and parameters: {'ISTN': 98.00927118263985, 'I_gpe': 0.7040457044451671, 'I_gpi': 2.188526794782354, 'noise_stn_sigma': 3.2371939434798795, 'noise_gpe_sigma': 98.13094655788841, 'noise_gpi_sigma': 126.77392400205764, 'g_stn_gpe_mult': 3.9071205412319983, 'g_gpe_stn_mult': 1.4658785344554397, 'g_stn_gpi_mult': 2.8839734532755283, 'g_gpe_gpi_mult': 1.6683817856807908}. Best is trial 604 with value: 0.11752073114951478.
[I 2026-05-28 01:16:17,681] Trial 656 finished with value: 3.052450782379412 and parameters: {'ISTN': 96.7650210755844, 'I_gpe': 0.7477982237032214, 'I_gpi': 2.2350132616260794, 'noise_stn_sigma': 3.2698871189316243, 'noise_gpe_sigma': 105.88458893715766, 'noise_gpi_sigma': 127.33887416517003, 'g_stn_gpe_mult': 3.7876261894974244, 'g_gpe_stn_mult': 1.4576950178334471, 'g_stn_gpi_mult': 3.0402970724545404, 'g_gpe_gpi_mult': 1.6177081651006133}. Best is trial 604 with value: 0.11752073114951478.
[I 2026-05-28 01:16:18,690] Trial 657 finished with value: 0.6428713456063601 and parameters: {'ISTN': 98.17910518303884, 'I_gpe': 0.7642858563441052, 'I_gpi': 2.0895827467381274, 'noise_stn_sigma': 3.0018424924683873, 'noise_gpe_sigma': 105.1527878739831, 'noise_gpi_sigma': 132.80522128523353, 'g_stn_gpe_mult': 3.714010832639582, 'g_gpe_stn_mult': 1.4603713640807736, 'g_stn_gpi_mult': 2.870065268890955, 'g_gpe_gpi_mult': 1.6460882499762743}. Best is trial 604 with value: 0.11752073114951478.
[I 2026-05-28 01:16:19,697] Trial 658 finished with value: 0.15547280165647687 and parameters: {'ISTN': 98.30299050977415, 'I_gpe': 0.6753063900832075, 'I_gpi': 2.219638304705666, 'noise_stn_sigma': 3.287209678646789, 'noise_gpe_sigma': 104.61535533537871, 'noise_gpi_sigma': 129.81381881681148, 'g_stn_gpe_mult': 3.8936860584354847, 'g_gpe_stn_mult': 1.480597194431308, 'g_stn_gpi_mult': 2.961906227069933, 'g_gpe_gpi_mult': 1.576987081297345}. Best is trial 604 with value: 0.11752073114951478.
[I 2026-05-28 01:16:20,705] Trial 659 finished with value: 0.14748721815901053 and parameters: {'ISTN': 98.38746306422149, 'I_gpe': 0.7476119008240545, 'I_gpi': 2.0841386868199123, 'noise_stn_sigma': 3.196962926749294, 'noise_gpe_sigma': 104.64466384662543, 'noise_gpi_sigma': 130.7302313400698, 'g_stn_gpe_mult': 3.768587153316907, 'g_gpe_stn_mult': 1.4544171047691876, 'g_stn_gpi_mult': 2.9758056354502957, 'g_gpe_gpi_mult': 1.634095644807931}. Best is trial 604 with value: 0.11752073114951478.
