[I 2026-05-28 00:57:53,443] Trial 572 finished with value: 3.7345248116932455 and parameters: {'ISTN': 78.73964111789367, 'I_gpe': 0.8526088536469548, 'I_gpi': 1.8050825748233708, 'noise_stn_sigma': 6.385413539016068, 'noise_gpe_sigma': 81.89503813586083, 'noise_gpi_sigma': 85.5930932800894, 'g_stn_gpe_mult': 1.7494761575499813, 'g_gpe_stn_mult': 0.2126090981148133, 'g_stn_gpi_mult': 2.4868889453606737, 'g_gpe_gpi_mult': 0.8123638780127804}. Best is trial 119 with value: 0.2337670588460598.
[I 2026-05-28 00:57:54,455] Trial 573 finished with value: 7.529874816440968 and parameters: {'ISTN': 76.55629971546048, 'I_gpe': 1.0019761728965433, 'I_gpi': 2.1061124372900304, 'noise_stn_sigma': 6.175462718307859, 'noise_gpe_sigma': 85.04863230552768, 'noise_gpi_sigma': 93.56440567614918, 'g_stn_gpe_mult': 1.8863839907215199, 'g_gpe_stn_mult': 0.18637696418405753, 'g_stn_gpi_mult': 2.563980690792263, 'g_gpe_gpi_mult': 0.847512303184565}. Best is trial 119 with value: 0.2337670588460598.
[I 2026-05-28 00:57:55,467] Trial 574 finished with value: 9.56822993277535 and parameters: {'ISTN': 73.54873655146801, 'I_gpe': 1.0160092118333943, 'I_gpi': 2.1243030351315673, 'noise_stn_sigma': 6.112313795664835, 'noise_gpe_sigma': 81.52920349550105, 'noise_gpi_sigma': 78.56239257685132, 'g_stn_gpe_mult': 1.8343488368492167, 'g_gpe_stn_mult': 0.19145874316927317, 'g_stn_gpi_mult': 2.6150873708170197, 'g_gpe_gpi_mult': 0.9327492471711762}. Best is trial 119 with value: 0.2337670588460598.
[I 2026-05-28 00:57:56,480] Trial 575 finished with value: 4.995001979375886 and parameters: {'ISTN': 80.44321705182553, 'I_gpe': 0.8047352787225639, 'I_gpi': 2.3569270444034474, 'noise_stn_sigma': 6.500765822372804, 'noise_gpe_sigma': 82.35329669080144, 'noise_gpi_sigma': 80.09634731818463, 'g_stn_gpe_mult': 1.753238285588598, 'g_gpe_stn_mult': 0.206387720235305, 'g_stn_gpi_mult': 2.624406296536043, 'g_gpe_gpi_mult': 0.853415446765255}. Best is trial 119 with value: 0.2337670588460598.
[I 2026-05-28 00:57:57,491] Trial 576 finished with value: 10.408450970000175 and parameters: {'ISTN': 76.13629147006932, 'I_gpe': 0.9844887913255913, 'I_gpi': 2.255409556792474, 'noise_stn_sigma': 5.893052976089486, 'noise_gpe_sigma': 86.79015412221149, 'noise_gpi_sigma': 85.07863977981052, 'g_stn_gpe_mult': 1.8415445881268369, 'g_gpe_stn_mult': 0.16567201017793792, 'g_stn_gpi_mult': 2.4437313726767567, 'g_gpe_gpi_mult': 0.8516994957024191}. Best is trial 119 with value: 0.2337670588460598.
[I 2026-05-28 00:57:58,501] Trial 577 finished with value: 5.4712207812183475 and parameters: {'ISTN': 78.99393532334662, 'I_gpe': 0.867748897688511, 'I_gpi': 2.4269308776905074, 'noise_stn_sigma': 6.549820214210746, 'noise_gpe_sigma': 80.85975905184094, 'noise_gpi_sigma': 87.07605311504244, 'g_stn_gpe_mult': 1.6635000375737297, 'g_gpe_stn_mult': 0.21383861561831835, 'g_stn_gpi_mult': 2.481250006659012, 'g_gpe_gpi_mult': 0.8759570997188766}. Best is trial 119 with value: 0.2337670588460598.
[I 2026-05-28 00:57:59,514] Trial 578 finished with value: 3.582987804885451 and parameters: {'ISTN': 78.72164260781632, 'I_gpe': 1.0236615319335889, 'I_gpi': 2.155751435601783, 'noise_stn_sigma': 6.5562256580685965, 'noise_gpe_sigma': 84.19597213058988, 'noise_gpi_sigma': 84.27366465128885, 'g_stn_gpe_mult': 1.7385113231494675, 'g_gpe_stn_mult': 0.16660639880089162, 'g_stn_gpi_mult': 2.5373732895062986, 'g_gpe_gpi_mult': 0.8868856643341863}. Best is trial 119 with value: 0.2337670588460598.
[I 2026-05-28 00:58:00,525] Trial 579 finished with value: 1.0108310791578086 and parameters: {'ISTN': 77.37425974685165, 'I_gpe': 0.9094091595201123, 'I_gpi': 2.2864047404411174, 'noise_stn_sigma': 6.1880561887449685, 'noise_gpe_sigma': 85.21767365621614, 'noise_gpi_sigma': 81.49494080774559, 'g_stn_gpe_mult': 1.9001762062568281, 'g_gpe_stn_mult': 0.17723853498012707, 'g_stn_gpi_mult': 2.5651235292257857, 'g_gpe_gpi_mult': 0.9068692155447415}. Best is trial 119 with value: 0.2337670588460598.
[I 2026-05-28 00:58:01,535] Trial 580 finished with value: 4.742163218897685 and parameters: {'ISTN': 80.54645746118973, 'I_gpe': 0.8392681549551064, 'I_gpi': 2.1192220480689468, 'noise_stn_sigma': 6.458019261613139, 'noise_gpe_sigma': 89.48138536961525, 'noise_gpi_sigma': 87.95632621266579, 'g_stn_gpe_mult': 1.6462674724325543, 'g_gpe_stn_mult': 0.1866269344761902, 'g_stn_gpi_mult': 2.46991892972125, 'g_gpe_gpi_mult': 0.8565222046407572}. Best is trial 119 with value: 0.2337670588460598.
[I 2026-05-28 00:58:02,547] Trial 581 finished with value: 9.725315556124313 and parameters: {'ISTN': 73.44569063653431, 'I_gpe': 0.9692717453917266, 'I_gpi': 2.201708209502238, 'noise_stn_sigma': 6.354218667125599, 'noise_gpe_sigma': 89.56877247184026, 'noise_gpi_sigma': 86.03588873915261, 'g_stn_gpe_mult': 2.0299206908048326, 'g_gpe_stn_mult': 0.17520508869129134, 'g_stn_gpi_mult': 2.4453257400223896, 'g_gpe_gpi_mult': 0.8865214365644829}. Best is trial 119 with value: 0.2337670588460598.
[I 2026-05-28 00:58:03,558] Trial 582 finished with value: 6.00011670447742 and parameters: {'ISTN': 77.60934988995531, 'I_gpe': 0.9348404423822401, 'I_gpi': 2.040170732372903, 'noise_stn_sigma': 6.324266884973175, 'noise_gpe_sigma': 82.91178182418614, 'noise_gpi_sigma': 81.27852308625606, 'g_stn_gpe_mult': 1.7049456092989324, 'g_gpe_stn_mult': 0.1462665497985859, 'g_stn_gpi_mult': 2.699674733877291, 'g_gpe_gpi_mult': 0.8848428182677766}. Best is trial 119 with value: 0.2337670588460598.
[I 2026-05-28 00:58:04,567] Trial 583 finished with value: 5.67186599851855 and parameters: {'ISTN': 81.68882710544284, 'I_gpe': 0.9136274593609229, 'I_gpi': 2.52955335945751, 'noise_stn_sigma': 6.300930075459606, 'noise_gpe_sigma': 83.45506767927239, 'noise_gpi_sigma': 81.8611238788211, 'g_stn_gpe_mult': 1.5262298564336554, 'g_gpe_stn_mult': 0.22747610031032245, 'g_stn_gpi_mult': 2.3832119473065494, 'g_gpe_gpi_mult': 0.8732860458850613}. Best is trial 119 with value: 0.2337670588460598.
[I 2026-05-28 00:58:05,577] Trial 584 finished with value: 4.8887248845190605 and parameters: {'ISTN': 76.35113119068689, 'I_gpe': 0.95222332746413, 'I_gpi': 1.9582162343996774, 'noise_stn_sigma': 6.523650529944153, 'noise_gpe_sigma': 85.47228791607247, 'noise_gpi_sigma': 83.39143198051451, 'g_stn_gpe_mult': 1.9562676930824376, 'g_gpe_stn_mult': 0.17569190032612692, 'g_stn_gpi_mult': 2.459731370852143, 'g_gpe_gpi_mult': 0.9335075068132452}. Best is trial 119 with value: 0.2337670588460598.
[I 2026-05-28 00:58:06,589] Trial 585 finished with value: 3.4439830756210768 and parameters: {'ISTN': 75.29384724312418, 'I_gpe': 0.9208427990445293, 'I_gpi': 1.9218601771968986, 'noise_stn_sigma': 6.255237999439714, 'noise_gpe_sigma': 85.73303384901277, 'noise_gpi_sigma': 90.40180974724908, 'g_stn_gpe_mult': 2.0614369491968665, 'g_gpe_stn_mult': 0.1336981560583991, 'g_stn_gpi_mult': 2.6114381655791243, 'g_gpe_gpi_mult': 0.9338335438795229}. Best is trial 119 with value: 0.2337670588460598.
[I 2026-05-28 00:58:07,599] Trial 586 finished with value: 5.734930243485715 and parameters: {'ISTN': 80.68580916009262, 'I_gpe': 0.8149719470354708, 'I_gpi': 2.2423453907328126, 'noise_stn_sigma': 6.299412257019528, 'noise_gpe_sigma': 82.99319467376398, 'noise_gpi_sigma': 73.15694967349269, 'g_stn_gpe_mult': 1.5540657809565848, 'g_gpe_stn_mult': 0.18601965986994395, 'g_stn_gpi_mult': 2.496666701222237, 'g_gpe_gpi_mult': 0.9276429038441212}. Best is trial 119 with value: 0.2337670588460598.
[I 2026-05-28 00:58:08,608] Trial 587 finished with value: 7.398375505116002 and parameters: {'ISTN': 80.10928852620165, 'I_gpe': 0.8746570591634364, 'I_gpi': 1.9746002508295533, 'noise_stn_sigma': 6.303529921861726, 'noise_gpe_sigma': 87.30900056328382, 'noise_gpi_sigma': 80.2696186045983, 'g_stn_gpe_mult': 1.7817042447404619, 'g_gpe_stn_mult': 0.19390527637956367, 'g_stn_gpi_mult': 2.4631454486803444, 'g_gpe_gpi_mult': 0.8887199662213283}. Best is trial 119 with value: 0.2337670588460598.
[I 2026-05-28 00:58:09,617] Trial 588 finished with value: 3.3827489728807607 and parameters: {'ISTN': 79.38318622307362, 'I_gpe': 1.0256465189809072, 'I_gpi': 2.152920004242456, 'noise_stn_sigma': 6.463113306886012, 'noise_gpe_sigma': 83.84212810499707, 'noise_gpi_sigma': 80.69978941789282, 'g_stn_gpe_mult': 1.6063114835616348, 'g_gpe_stn_mult': 0.21164750353119072, 'g_stn_gpi_mult': 2.614604026948052, 'g_gpe_gpi_mult': 0.8713457137636391}. Best is trial 119 with value: 0.2337670588460598.
[I 2026-05-28 00:58:10,628] Trial 589 finished with value: 1.4826821662422247 and parameters: {'ISTN': 78.61686931954117, 'I_gpe': 0.976903795359707, 'I_gpi': 2.073416919736452, 'noise_stn_sigma': 6.36714079114563, 'noise_gpe_sigma': 87.91376425760538, 'noise_gpi_sigma': 79.2792278710084, 'g_stn_gpe_mult': 1.830015021615246, 'g_gpe_stn_mult': 0.19252813493147364, 'g_stn_gpi_mult': 2.560960927212349, 'g_gpe_gpi_mult': 0.9020797654694497}. Best is trial 119 with value: 0.2337670588460598.
[I 2026-05-28 00:58:11,636] Trial 590 finished with value: 1.3816804364648199 and parameters: {'ISTN': 80.22755369245435, 'I_gpe': 0.9129746320181839, 'I_gpi': 1.8722339461742814, 'noise_stn_sigma': 6.68966765429286, 'noise_gpe_sigma': 85.00425414287223, 'noise_gpi_sigma': 81.08924810163833, 'g_stn_gpe_mult': 1.8697512211398963, 'g_gpe_stn_mult': 0.16888285433710648, 'g_stn_gpi_mult': 2.6498502811795985, 'g_gpe_gpi_mult': 0.9299257388568378}. Best is trial 119 with value: 0.2337670588460598.
[I 2026-05-28 00:58:12,644] Trial 591 finished with value: 6.177547560637075 and parameters: {'ISTN': 80.2508103571398, 'I_gpe': 0.8422709385055805, 'I_gpi': 1.9732145479692311, 'noise_stn_sigma': 6.2592339183885075, 'noise_gpe_sigma': 92.70831591613178, 'noise_gpi_sigma': 73.99271587928456, 'g_stn_gpe_mult': 1.7590464823055056, 'g_gpe_stn_mult': 0.2016696338059714, 'g_stn_gpi_mult': 2.5761758151648175, 'g_gpe_gpi_mult': 0.9022587791186698}. Best is trial 119 with value: 0.2337670588460598.
[I 2026-05-28 00:58:13,654] Trial 592 finished with value: 11.315087808188654 and parameters: {'ISTN': 76.39737486614246, 'I_gpe': 1.0870645214460628, 'I_gpi': 1.8538446541712856, 'noise_stn_sigma': 6.725849197850276, 'noise_gpe_sigma': 85.98636812686317, 'noise_gpi_sigma': 78.72774054525678, 'g_stn_gpe_mult': 1.8514449071439492, 'g_gpe_stn_mult': 0.16987092897423475, 'g_stn_gpi_mult': 2.6545817878265545, 'g_gpe_gpi_mult': 0.8793427285425635}. Best is trial 119 with value: 0.2337670588460598.
[I 2026-05-28 00:58:14,663] Trial 593 finished with value: 9.855302752462883 and parameters: {'ISTN': 78.43132064501958, 'I_gpe': 0.9833500424133926, 'I_gpi': 1.9750673854095302, 'noise_stn_sigma': 5.874796170473799, 'noise_gpe_sigma': 93.36364974984602, 'noise_gpi_sigma': 76.85444292676476, 'g_stn_gpe_mult': 1.9286611300840488, 'g_gpe_stn_mult': 0.13943035530880216, 'g_stn_gpi_mult': 2.541231946833744, 'g_gpe_gpi_mult': 0.9534293178491118}. Best is trial 119 with value: 0.2337670588460598.
[I 2026-05-28 00:58:15,675] Trial 594 finished with value: 7.243315799493697 and parameters: {'ISTN': 79.88810753740209, 'I_gpe': 0.8980882797856771, 'I_gpi': 1.9512114351037855, 'noise_stn_sigma': 6.300284583818136, 'noise_gpe_sigma': 85.2019106930136, 'noise_gpi_sigma': 78.8824070103515, 'g_stn_gpe_mult': 1.8387355893658086, 'g_gpe_stn_mult': 0.20452867643603367, 'g_stn_gpi_mult': 2.4930553955155066, 'g_gpe_gpi_mult': 0.9055823709148929}. Best is trial 119 with value: 0.2337670588460598.
[I 2026-05-28 00:58:16,688] Trial 595 finished with value: 1.5900939521852713 and parameters: {'ISTN': 81.96848288767204, 'I_gpe': 0.993694292978906, 'I_gpi': 1.8804246464661585, 'noise_stn_sigma': 6.722785039037294, 'noise_gpe_sigma': 83.37388575545047, 'noise_gpi_sigma': 85.53195383604755, 'g_stn_gpe_mult': 1.7462024102466156, 'g_gpe_stn_mult': 0.14801560346895606, 'g_stn_gpi_mult': 2.5057640816439273, 'g_gpe_gpi_mult': 0.9401485825185012}. Best is trial 119 with value: 0.2337670588460598.
[I 2026-05-28 00:58:17,699] Trial 596 finished with value: 2.115004227509983 and parameters: {'ISTN': 79.5468030170005, 'I_gpe': 0.9861121716215904, 'I_gpi': 1.9195376872874483, 'noise_stn_sigma': 6.65869560456643, 'noise_gpe_sigma': 85.23281009171079, 'noise_gpi_sigma': 74.3279050093266, 'g_stn_gpe_mult': 1.7175936489322066, 'g_gpe_stn_mult': 0.18650530122679781, 'g_stn_gpi_mult': 2.705323493163209, 'g_gpe_gpi_mult': 0.8514091880816661}. Best is trial 119 with value: 0.2337670588460598.
[I 2026-05-28 00:58:18,708] Trial 597 finished with value: 3.9847319437520454 and parameters: {'ISTN': 83.91614039676782, 'I_gpe': 0.9605005767138619, 'I_gpi': 2.057998253380874, 'noise_stn_sigma': 7.2102206850036135, 'noise_gpe_sigma': 82.93314691634112, 'noise_gpi_sigma': 90.44098058051347, 'g_stn_gpe_mult': 1.7548377871280625, 'g_gpe_stn_mult': 0.1832954886156224, 'g_stn_gpi_mult': 2.629835070456479, 'g_gpe_gpi_mult': 0.8603627242827643}. Best is trial 119 with value: 0.2337670588460598.
[I 2026-05-28 00:58:19,718] Trial 598 finished with value: 2.5939796521784544 and parameters: {'ISTN': 80.83550837306313, 'I_gpe': 0.9075915544613403, 'I_gpi': 1.7750311870292461, 'noise_stn_sigma': 6.870648702119713, 'noise_gpe_sigma': 87.60940739155075, 'noise_gpi_sigma': 79.80173674887078, 'g_stn_gpe_mult': 1.830080485733995, 'g_gpe_stn_mult': 0.1765782595572407, 'g_stn_gpi_mult': 2.7535048917062475, 'g_gpe_gpi_mult': 0.959208804182919}. Best is trial 119 with value: 0.2337670588460598.
[I 2026-05-28 00:58:20,730] Trial 599 finished with value: 10.906708264624893 and parameters: {'ISTN': 69.97935681552654, 'I_gpe': 1.0316943543048014, 'I_gpi': 1.4199452337835659, 'noise_stn_sigma': 6.0927005896462285, 'noise_gpe_sigma': 91.53085765265986, 'noise_gpi_sigma': 83.20877028293351, 'g_stn_gpe_mult': 2.2703719120800057, 'g_gpe_stn_mult': 0.141222743927516, 'g_stn_gpi_mult': 2.608338804767346, 'g_gpe_gpi_mult': 0.9204828245487058}. Best is trial 119 with value: 0.2337670588460598.
[I 2026-05-28 00:58:21,740] Trial 600 finished with value: 8.369509483450829 and parameters: {'ISTN': 77.08926274405445, 'I_gpe': 0.9143921959738083, 'I_gpi': 1.5477912281173356, 'noise_stn_sigma': 6.312955152146091, 'noise_gpe_sigma': 83.53745735647581, 'noise_gpi_sigma': 81.21826985881769, 'g_stn_gpe_mult': 1.945479424557804, 'g_gpe_stn_mult': 0.1409165635862477, 'g_stn_gpi_mult': 2.7223341162912083, 'g_gpe_gpi_mult': 0.9873725104092999}. Best is trial 119 with value: 0.2337670588460598.
[I 2026-05-28 00:58:22,752] Trial 601 finished with value: 5.355140612851857 and parameters: {'ISTN': 76.53549406010609, 'I_gpe': 0.9604903052562005, 'I_gpi': 1.788351514220984, 'noise_stn_sigma': 6.551747703944325, 'noise_gpe_sigma': 87.48720189299198, 'noise_gpi_sigma': 81.74769836360143, 'g_stn_gpe_mult': 1.8859481613128275, 'g_gpe_stn_mult': 0.17470963162008307, 'g_stn_gpi_mult': 2.6037963380061853, 'g_gpe_gpi_mult': 0.9103830483464976}. Best is trial 119 with value: 0.2337670588460598.
[I 2026-05-28 00:58:23,762] Trial 602 finished with value: 9.113082570171628 and parameters: {'ISTN': 75.80501174227238, 'I_gpe': 1.0466642888908448, 'I_gpi': 1.7595237799418761, 'noise_stn_sigma': 6.802739516933821, 'noise_gpe_sigma': 83.42282802916324, 'noise_gpi_sigma': 79.19682635218663, 'g_stn_gpe_mult': 1.9418284679333948, 'g_gpe_stn_mult': 0.13223644918076632, 'g_stn_gpi_mult': 2.799773026366264, 'g_gpe_gpi_mult': 0.9296263574572647}. Best is trial 119 with value: 0.2337670588460598.
[I 2026-05-28 00:58:24,771] Trial 603 finished with value: 4.210800972341492 and parameters: {'ISTN': 80.27203612771078, 'I_gpe': 0.9837681300978598, 'I_gpi': 1.9198539170756566, 'noise_stn_sigma': 6.521517138440544, 'noise_gpe_sigma': 82.392176671568, 'noise_gpi_sigma': 80.95153510215223, 'g_stn_gpe_mult': 1.801770788163208, 'g_gpe_stn_mult': 0.1886363760269693, 'g_stn_gpi_mult': 2.597723701116508, 'g_gpe_gpi_mult': 0.8956071501816405}. Best is trial 119 with value: 0.2337670588460598.
[I 2026-05-28 00:58:25,784] Trial 604 finished with value: 3.201143115377654 and parameters: {'ISTN': 84.68822065153154, 'I_gpe': 0.9827677760832798, 'I_gpi': 1.7756015218197563, 'noise_stn_sigma': 6.533622251796818, 'noise_gpe_sigma': 87.96274368545009, 'noise_gpi_sigma': 79.13034061335675, 'g_stn_gpe_mult': 1.7227839488959689, 'g_gpe_stn_mult': 0.12405691478124316, 'g_stn_gpi_mult': 2.5874228957157195, 'g_gpe_gpi_mult': 0.9209137674695567}. Best is trial 119 with value: 0.2337670588460598.
[I 2026-05-28 00:58:26,795] Trial 605 finished with value: 4.805286044367278 and parameters: {'ISTN': 83.0359471973352, 'I_gpe': 0.9632323055689518, 'I_gpi': 1.6779346614206003, 'noise_stn_sigma': 6.8254481276251155, 'noise_gpe_sigma': 84.68778172202884, 'noise_gpi_sigma': 81.03091639093154, 'g_stn_gpe_mult': 1.7099339250496266, 'g_gpe_stn_mult': 0.15624584578676146, 'g_stn_gpi_mult': 2.7658664512646376, 'g_gpe_gpi_mult': 0.9253198177766226}. Best is trial 119 with value: 0.2337670588460598.
[I 2026-05-28 00:58:27,803] Trial 606 finished with value: 13.51027552416137 and parameters: {'ISTN': 84.89780087560716, 'I_gpe': 1.0924789683695209, 'I_gpi': 1.9956943436755066, 'noise_stn_sigma': 6.947620290067588, 'noise_gpe_sigma': 85.47152820673514, 'noise_gpi_sigma': 76.60856584285122, 'g_stn_gpe_mult': 1.5534356632656752, 'g_gpe_stn_mult': 0.15499247356307233, 'g_stn_gpi_mult': 2.613470177273452, 'g_gpe_gpi_mult': 0.8730883281276651}. Best is trial 119 with value: 0.2337670588460598.
[I 2026-05-28 00:58:28,815] Trial 607 finished with value: 3.0946243523932564 and parameters: {'ISTN': 78.42612433301912, 'I_gpe': 1.0522235082935878, 'I_gpi': 1.8827051650547375, 'noise_stn_sigma': 6.122351435132961, 'noise_gpe_sigma': 92.02415494374877, 'noise_gpi_sigma': 76.53584227515063, 'g_stn_gpe_mult': 1.8108931201964178, 'g_gpe_stn_mult': 0.18660086340529006, 'g_stn_gpi_mult': 2.4513653116911014, 'g_gpe_gpi_mult': 0.8465330843613539}. Best is trial 119 with value: 0.2337670588460598.
[I 2026-05-28 00:58:29,824] Trial 608 finished with value: 4.081654917923869 and parameters: {'ISTN': 79.60719708879401, 'I_gpe': 0.9716289044430284, 'I_gpi': 1.862669291833818, 'noise_stn_sigma': 6.536744745576232, 'noise_gpe_sigma': 86.00555041613828, 'noise_gpi_sigma': 88.95146409739165, 'g_stn_gpe_mult': 1.9300428804569127, 'g_gpe_stn_mult': 0.15495599281093478, 'g_stn_gpi_mult': 2.715948270233208, 'g_gpe_gpi_mult': 0.8974227163833313}. Best is trial 119 with value: 0.2337670588460598.
[I 2026-05-28 00:58:30,834] Trial 609 finished with value: 1.3143115923057136 and parameters: {'ISTN': 79.88172473674042, 'I_gpe': 0.9818215848792845, 'I_gpi': 1.8150652156961544, 'noise_stn_sigma': 6.9960004011990335, 'noise_gpe_sigma': 85.67357541561374, 'noise_gpi_sigma': 70.91363037060411, 'g_stn_gpe_mult': 1.6806580825815445, 'g_gpe_stn_mult': 0.18232687575876103, 'g_stn_gpi_mult': 2.6008266430892055, 'g_gpe_gpi_mult': 0.9458867335703967}. Best is trial 119 with value: 0.2337670588460598.
[I 2026-05-28 00:58:31,847] Trial 610 finished with value: 4.855586403124436 and parameters: {'ISTN': 84.66504670418752, 'I_gpe': 0.8717785301134813, 'I_gpi': 2.3114541778140874, 'noise_stn_sigma': 7.023554514924274, 'noise_gpe_sigma': 83.01062079892934, 'noise_gpi_sigma': 86.2443987250287, 'g_stn_gpe_mult': 1.7973673539333226, 'g_gpe_stn_mult': 0.19160188806560052, 'g_stn_gpi_mult': 2.581064818882996, 'g_gpe_gpi_mult': 0.8344695621606562}. Best is trial 119 with value: 0.2337670588460598.
[I 2026-05-28 00:58:32,859] Trial 611 finished with value: 9.972280244265843 and parameters: {'ISTN': 81.37366500594223, 'I_gpe': 1.1335005037760706, 'I_gpi': 1.5596572060585356, 'noise_stn_sigma': 7.1912180268341, 'noise_gpe_sigma': 85.92451422219675, 'noise_gpi_sigma': 70.39934422269766, 'g_stn_gpe_mult': 1.8022554768398775, 'g_gpe_stn_mult': 0.1731029729313916, 'g_stn_gpi_mult': 2.7048928576918465, 'g_gpe_gpi_mult': 0.9532814916867578}. Best is trial 119 with value: 0.2337670588460598.
[I 2026-05-28 00:58:33,870] Trial 612 finished with value: 9.381568509091759 and parameters: {'ISTN': 84.08807850125558, 'I_gpe': 1.0193137131478855, 'I_gpi': 2.044395755796245, 'noise_stn_sigma': 6.851050193407253, 'noise_gpe_sigma': 91.5064555618485, 'noise_gpi_sigma': 75.93521426091274, 'g_stn_gpe_mult': 1.5915672593917254, 'g_gpe_stn_mult': 0.1945869590210336, 'g_stn_gpi_mult': 2.465783365768888, 'g_gpe_gpi_mult': 0.9016452031759683}. Best is trial 119 with value: 0.2337670588460598.
[I 2026-05-28 00:58:34,879] Trial 613 finished with value: 1.9096782412016733 and parameters: {'ISTN': 79.72087561948315, 'I_gpe': 0.9889552723012879, 'I_gpi': 2.009094025443115, 'noise_stn_sigma': 6.331042472041248, 'noise_gpe_sigma': 87.88190030685067, 'noise_gpi_sigma': 76.36599394117117, 'g_stn_gpe_mult': 1.7270378083981195, 'g_gpe_stn_mult': 0.16608390432207504, 'g_stn_gpi_mult': 2.4617181531475256, 'g_gpe_gpi_mult': 0.9184482093327326}. Best is trial 119 with value: 0.2337670588460598.
[I 2026-05-28 00:58:35,886] Trial 614 finished with value: 12.748939088823477 and parameters: {'ISTN': 77.9390152920619, 'I_gpe': 1.0992738662607955, 'I_gpi': 1.7675433143568158, 'noise_stn_sigma': 6.6646565591026246, 'noise_gpe_sigma': 89.06916426202199, 'noise_gpi_sigma': 72.32393944450078, 'g_stn_gpe_mult': 1.9372714935974253, 'g_gpe_stn_mult': 0.15915140452008775, 'g_stn_gpi_mult': 2.717680101472542, 'g_gpe_gpi_mult': 0.9555340263838279}. Best is trial 119 with value: 0.2337670588460598.
[I 2026-05-28 00:58:36,897] Trial 615 finished with value: 6.079168065624427 and parameters: {'ISTN': 78.78308193127926, 'I_gpe': 1.037901167323339, 'I_gpi': 1.998814692464476, 'noise_stn_sigma': 6.512930399153344, 'noise_gpe_sigma': 87.35312207680758, 'noise_gpi_sigma': 72.29971598628117, 'g_stn_gpe_mult': 1.671525971667017, 'g_gpe_stn_mult': 0.15363214406633707, 'g_stn_gpi_mult': 2.622075936955662, 'g_gpe_gpi_mult': 0.8770391639596586}. Best is trial 119 with value: 0.2337670588460598.
