[I 2026-05-28 00:56:24,677] Trial 484 finished with value: 2.6087109982742764 and parameters: {'ISTN': 71.30372625036685, 'I_gpe': 0.8743811477521763, 'I_gpi': 1.8685271039405114, 'noise_stn_sigma': 5.723814376491547, 'noise_gpe_sigma': 95.43502998345208, 'noise_gpi_sigma': 81.51495612967072, 'g_stn_gpe_mult': 1.8022897586112951, 'g_gpe_stn_mult': 0.1739771681249188, 'g_stn_gpi_mult': 2.315267097974272, 'g_gpe_gpi_mult': 1.0368037310470086}. Best is trial 119 with value: 0.2337670588460598.
[I 2026-05-28 00:56:25,690] Trial 485 finished with value: 4.602090622150424 and parameters: {'ISTN': 71.02543049880217, 'I_gpe': 0.8764926126712378, 'I_gpi': 1.8170877349807686, 'noise_stn_sigma': 5.390942649517646, 'noise_gpe_sigma': 88.28022331955923, 'noise_gpi_sigma': 88.34532957337723, 'g_stn_gpe_mult': 2.0674780435067026, 'g_gpe_stn_mult': 0.1275998231037315, 'g_stn_gpi_mult': 2.262099474868938, 'g_gpe_gpi_mult': 1.0520660787490856}. Best is trial 119 with value: 0.2337670588460598.
[I 2026-05-28 00:56:26,701] Trial 486 finished with value: 5.132857469365438 and parameters: {'ISTN': 71.46304000352492, 'I_gpe': 0.8835747170465873, 'I_gpi': 1.766018968309426, 'noise_stn_sigma': 5.510296495011798, 'noise_gpe_sigma': 91.04022222146759, 'noise_gpi_sigma': 73.06944630685311, 'g_stn_gpe_mult': 2.0656468404763944, 'g_gpe_stn_mult': 0.11565632370033635, 'g_stn_gpi_mult': 2.4727122329772993, 'g_gpe_gpi_mult': 1.0522577943475138}. Best is trial 119 with value: 0.2337670588460598.
[I 2026-05-28 00:56:27,711] Trial 487 finished with value: 1.6007944788948048 and parameters: {'ISTN': 79.57843677842035, 'I_gpe': 0.8958630273294627, 'I_gpi': 1.9375952491615673, 'noise_stn_sigma': 6.1079536270102945, 'noise_gpe_sigma': 86.63488562109563, 'noise_gpi_sigma': 79.08705099749659, 'g_stn_gpe_mult': 1.6537962434497775, 'g_gpe_stn_mult': 0.18558828804051153, 'g_stn_gpi_mult': 2.5004850814373465, 'g_gpe_gpi_mult': 1.0080426752849132}. Best is trial 119 with value: 0.2337670588460598.
[I 2026-05-28 00:56:28,723] Trial 488 finished with value: 8.020291088401738 and parameters: {'ISTN': 70.64375475413775, 'I_gpe': 1.0685983328623845, 'I_gpi': 1.605702289370499, 'noise_stn_sigma': 5.7717095229199336, 'noise_gpe_sigma': 76.39824420454494, 'noise_gpi_sigma': 90.39790893882682, 'g_stn_gpe_mult': 2.0982069551635134, 'g_gpe_stn_mult': 0.1166164227064148, 'g_stn_gpi_mult': 2.7202174518427182, 'g_gpe_gpi_mult': 1.0858617324443942}. Best is trial 119 with value: 0.2337670588460598.
[I 2026-05-28 00:56:29,734] Trial 489 finished with value: 2.085875223537656 and parameters: {'ISTN': 72.40544102998723, 'I_gpe': 0.9144352843678984, 'I_gpi': 1.7108827979261114, 'noise_stn_sigma': 5.352552221867928, 'noise_gpe_sigma': 87.62389020380911, 'noise_gpi_sigma': 83.71130976085917, 'g_stn_gpe_mult': 2.013716517660401, 'g_gpe_stn_mult': 0.12776874086857215, 'g_stn_gpi_mult': 2.475553461711207, 'g_gpe_gpi_mult': 1.0916196242307663}. Best is trial 119 with value: 0.2337670588460598.
[I 2026-05-28 00:56:30,745] Trial 490 finished with value: 7.948099342066127 and parameters: {'ISTN': 73.63734526492271, 'I_gpe': 1.0524404543671069, 'I_gpi': 1.873573874257902, 'noise_stn_sigma': 6.038819915887181, 'noise_gpe_sigma': 77.93979320828201, 'noise_gpi_sigma': 77.39083610017761, 'g_stn_gpe_mult': 1.8200567091567186, 'g_gpe_stn_mult': 0.14805399202599073, 'g_stn_gpi_mult': 2.619115738548824, 'g_gpe_gpi_mult': 1.0800627684762498}. Best is trial 119 with value: 0.2337670588460598.
[I 2026-05-28 00:56:31,756] Trial 491 finished with value: 12.321188071704965 and parameters: {'ISTN': 73.70558617690861, 'I_gpe': 1.0296960773970218, 'I_gpi': 1.9640120534377372, 'noise_stn_sigma': 5.653650847658018, 'noise_gpe_sigma': 87.94175955878069, 'noise_gpi_sigma': 83.4753025898817, 'g_stn_gpe_mult': 1.8254379498108737, 'g_gpe_stn_mult': 0.1652488668920266, 'g_stn_gpi_mult': 2.351423074675599, 'g_gpe_gpi_mult': 1.0131283874185297}. Best is trial 119 with value: 0.2337670588460598.
[I 2026-05-28 00:56:32,764] Trial 492 finished with value: 5.614080860690821 and parameters: {'ISTN': 76.83360424584112, 'I_gpe': 0.9453271259104697, 'I_gpi': 1.9897095490485075, 'noise_stn_sigma': 5.8531403169617215, 'noise_gpe_sigma': 90.31717720252304, 'noise_gpi_sigma': 72.15679795461728, 'g_stn_gpe_mult': 1.8913256112670918, 'g_gpe_stn_mult': 0.18097983973412402, 'g_stn_gpi_mult': 2.389812932846854, 'g_gpe_gpi_mult': 1.0682968809782112}. Best is trial 119 with value: 0.2337670588460598.
[I 2026-05-28 00:56:33,772] Trial 493 finished with value: 2.77735107620461 and parameters: {'ISTN': 70.63090333291339, 'I_gpe': 1.01090128405499, 'I_gpi': 1.7256978259815452, 'noise_stn_sigma': 5.794487553071909, 'noise_gpe_sigma': 89.81102329701268, 'noise_gpi_sigma': 81.68263033072678, 'g_stn_gpe_mult': 1.870198756966674, 'g_gpe_stn_mult': 0.14352913066642442, 'g_stn_gpi_mult': 2.4944396507068443, 'g_gpe_gpi_mult': 0.9778274986376094}. Best is trial 119 with value: 0.2337670588460598.
[I 2026-05-28 00:56:34,783] Trial 494 finished with value: 1.8308471433906517 and parameters: {'ISTN': 73.04001010114807, 'I_gpe': 0.9026876149172453, 'I_gpi': 1.3871551065085075, 'noise_stn_sigma': 5.972841810652711, 'noise_gpe_sigma': 86.89156698004531, 'noise_gpi_sigma': 76.88142137998545, 'g_stn_gpe_mult': 1.970051639872031, 'g_gpe_stn_mult': 0.13195254919133195, 'g_stn_gpi_mult': 2.6433352408840616, 'g_gpe_gpi_mult': 1.061351883228853}. Best is trial 119 with value: 0.2337670588460598.
[I 2026-05-28 00:56:35,791] Trial 495 finished with value: 8.984385585387326 and parameters: {'ISTN': 77.98003528981246, 'I_gpe': 1.0751660169039952, 'I_gpi': 2.2864725645911417, 'noise_stn_sigma': 5.894802454514063, 'noise_gpe_sigma': 83.48249488042606, 'noise_gpi_sigma': 81.62879883855993, 'g_stn_gpe_mult': 1.6990118349685444, 'g_gpe_stn_mult': 0.16372974226768222, 'g_stn_gpi_mult': 2.45701042976252, 'g_gpe_gpi_mult': 1.0259351603044915}. Best is trial 119 with value: 0.2337670588460598.
[I 2026-05-28 00:56:36,801] Trial 496 finished with value: 10.709117557172629 and parameters: {'ISTN': 75.45416107848656, 'I_gpe': 0.923235528630628, 'I_gpi': 1.840010422623831, 'noise_stn_sigma': 5.6951995766751615, 'noise_gpe_sigma': 90.80606123120975, 'noise_gpi_sigma': 84.560487699202, 'g_stn_gpe_mult': 1.9588592096949071, 'g_gpe_stn_mult': 0.1667056521236088, 'g_stn_gpi_mult': 2.6674769302975863, 'g_gpe_gpi_mult': 1.0446959117060246}. Best is trial 119 with value: 0.2337670588460598.
[I 2026-05-28 00:56:37,813] Trial 497 finished with value: 1.4345320461609403 and parameters: {'ISTN': 78.22002006744384, 'I_gpe': 0.9361285469600112, 'I_gpi': 2.001079690265349, 'noise_stn_sigma': 5.5872163094863, 'noise_gpe_sigma': 86.84551157954023, 'noise_gpi_sigma': 77.89280032079341, 'g_stn_gpe_mult': 1.696147930665406, 'g_gpe_stn_mult': 0.19925854821363836, 'g_stn_gpi_mult': 2.483846839499511, 'g_gpe_gpi_mult': 1.0647781878597846}. Best is trial 119 with value: 0.2337670588460598.
[I 2026-05-28 00:56:38,824] Trial 498 finished with value: 1.435937474820666 and parameters: {'ISTN': 80.28198872225552, 'I_gpe': 0.82994393077204, 'I_gpi': 2.0318046922095165, 'noise_stn_sigma': 5.862306467541419, 'noise_gpe_sigma': 89.14343178767926, 'noise_gpi_sigma': 84.41397385021028, 'g_stn_gpe_mult': 1.7450360402447707, 'g_gpe_stn_mult': 0.1666562817487375, 'g_stn_gpi_mult': 2.3468697724589553, 'g_gpe_gpi_mult': 1.0799042882606995}. Best is trial 119 with value: 0.2337670588460598.
[I 2026-05-28 00:56:39,833] Trial 499 finished with value: 3.098464730072089 and parameters: {'ISTN': 75.85226012968091, 'I_gpe': 0.8623002260317143, 'I_gpi': 2.0182752672086703, 'noise_stn_sigma': 5.384921945924519, 'noise_gpe_sigma': 92.00300002849954, 'noise_gpi_sigma': 80.09947693575273, 'g_stn_gpe_mult': 1.7545316229710473, 'g_gpe_stn_mult': 0.1920717576051036, 'g_stn_gpi_mult': 2.3302194294392997, 'g_gpe_gpi_mult': 1.04624451756989}. Best is trial 119 with value: 0.2337670588460598.
[I 2026-05-28 00:56:40,842] Trial 500 finished with value: 1.0088318642879683 and parameters: {'ISTN': 78.07591775460733, 'I_gpe': 0.8137775570294149, 'I_gpi': 2.148168169390273, 'noise_stn_sigma': 6.042307637783598, 'noise_gpe_sigma': 83.08925029085094, 'noise_gpi_sigma': 89.81240381503775, 'g_stn_gpe_mult': 1.8131959292900546, 'g_gpe_stn_mult': 0.16922703619120827, 'g_stn_gpi_mult': 2.371324959509272, 'g_gpe_gpi_mult': 0.998404274861981}. Best is trial 119 with value: 0.2337670588460598.
[I 2026-05-28 00:56:41,849] Trial 501 finished with value: 4.69577662174008 and parameters: {'ISTN': 77.7954949657745, 'I_gpe': 0.7478650710288102, 'I_gpi': 2.1458410880032237, 'noise_stn_sigma': 5.775511340993617, 'noise_gpe_sigma': 78.24621239021221, 'noise_gpi_sigma': 86.41329190242435, 'g_stn_gpe_mult': 1.6865084024446308, 'g_gpe_stn_mult': 0.16152219489182293, 'g_stn_gpi_mult': 2.478411171164073, 'g_gpe_gpi_mult': 1.0463351474223699}. Best is trial 119 with value: 0.2337670588460598.
[I 2026-05-28 00:56:42,859] Trial 502 finished with value: 2.7386659475454764 and parameters: {'ISTN': 84.41560288607234, 'I_gpe': 0.8527764603201634, 'I_gpi': 2.165606329121389, 'noise_stn_sigma': 6.515480018907326, 'noise_gpe_sigma': 81.92832980295431, 'noise_gpi_sigma': 80.48148911170173, 'g_stn_gpe_mult': 1.5610453566779445, 'g_gpe_stn_mult': 0.23501159643935693, 'g_stn_gpi_mult': 2.3331116264187073, 'g_gpe_gpi_mult': 1.020546652104896}. Best is trial 119 with value: 0.2337670588460598.
[I 2026-05-28 00:56:43,868] Trial 503 finished with value: 3.7123338192599125 and parameters: {'ISTN': 74.29005181465828, 'I_gpe': 0.9291730576711847, 'I_gpi': 1.7024603718854672, 'noise_stn_sigma': 5.788276897386633, 'noise_gpe_sigma': 92.25973691286934, 'noise_gpi_sigma': 87.47130540874299, 'g_stn_gpe_mult': 2.2479836764432157, 'g_gpe_stn_mult': 0.1414349666812975, 'g_stn_gpi_mult': 2.452127154835603, 'g_gpe_gpi_mult': 1.0233099991894807}. Best is trial 119 with value: 0.2337670588460598.
[I 2026-05-28 00:56:44,875] Trial 504 finished with value: 6.967675804200713 and parameters: {'ISTN': 75.2501164923441, 'I_gpe': 0.7986741067510517, 'I_gpi': 2.0922841760963165, 'noise_stn_sigma': 5.576607527193207, 'noise_gpe_sigma': 86.76802688383931, 'noise_gpi_sigma': 90.46220760300672, 'g_stn_gpe_mult': 1.7912401733515018, 'g_gpe_stn_mult': 0.19266761357392398, 'g_stn_gpi_mult': 2.3802044664299435, 'g_gpe_gpi_mult': 1.0656491714592984}. Best is trial 119 with value: 0.2337670588460598.
[I 2026-05-28 00:56:45,887] Trial 505 finished with value: 5.431820761119809 and parameters: {'ISTN': 75.37347073609405, 'I_gpe': 0.933432399998883, 'I_gpi': 1.8247469784196784, 'noise_stn_sigma': 6.128817635193005, 'noise_gpe_sigma': 85.4764663543039, 'noise_gpi_sigma': 79.54240950740589, 'g_stn_gpe_mult': 1.6947056384539616, 'g_gpe_stn_mult': 0.15311377817749813, 'g_stn_gpi_mult': 2.4678433215478064, 'g_gpe_gpi_mult': 1.0720548257631533}. Best is trial 119 with value: 0.2337670588460598.
[I 2026-05-28 00:56:46,897] Trial 506 finished with value: 4.976466241965024 and parameters: {'ISTN': 72.95152869930189, 'I_gpe': 0.9555773992723625, 'I_gpi': 1.891846370812939, 'noise_stn_sigma': 6.018722608758986, 'noise_gpe_sigma': 85.46952169780292, 'noise_gpi_sigma': 77.97171928000915, 'g_stn_gpe_mult': 1.7535382884393267, 'g_gpe_stn_mult': 0.15899914190775977, 'g_stn_gpi_mult': 2.563687657028733, 'g_gpe_gpi_mult': 1.006562395759745}. Best is trial 119 with value: 0.2337670588460598.
[I 2026-05-28 00:56:47,903] Trial 507 finished with value: 9.26389785779278 and parameters: {'ISTN': 79.07451661177387, 'I_gpe': 0.7909367617420315, 'I_gpi': 1.9998593646561882, 'noise_stn_sigma': 5.582977064666121, 'noise_gpe_sigma': 89.04429176382898, 'noise_gpi_sigma': 92.30650578200601, 'g_stn_gpe_mult': 2.073813192220399, 'g_gpe_stn_mult': 0.13103279615378496, 'g_stn_gpi_mult': 2.4667801443991255, 'g_gpe_gpi_mult': 1.0273199164795899}. Best is trial 119 with value: 0.2337670588460598.
[I 2026-05-28 00:56:48,912] Trial 508 finished with value: 5.011325481320366 and parameters: {'ISTN': 78.76946899449307, 'I_gpe': 0.755595636512469, 'I_gpi': 1.8768075141686813, 'noise_stn_sigma': 6.207317573554421, 'noise_gpe_sigma': 83.22570107171663, 'noise_gpi_sigma': 86.10841262209588, 'g_stn_gpe_mult': 1.7162145074243869, 'g_gpe_stn_mult': 0.19012076449604376, 'g_stn_gpi_mult': 2.4370380707994164, 'g_gpe_gpi_mult': 1.0320438512398171}. Best is trial 119 with value: 0.2337670588460598.
[I 2026-05-28 00:56:49,922] Trial 509 finished with value: 5.75530951469485 and parameters: {'ISTN': 74.06371799378367, 'I_gpe': 0.9515623890495986, 'I_gpi': 1.876551106071321, 'noise_stn_sigma': 5.965035001748457, 'noise_gpe_sigma': 82.49000130991172, 'noise_gpi_sigma': 77.46921035724208, 'g_stn_gpe_mult': 1.9591127231442704, 'g_gpe_stn_mult': 0.15063959744220032, 'g_stn_gpi_mult': 2.523806260245782, 'g_gpe_gpi_mult': 1.0771940707104581}. Best is trial 119 with value: 0.2337670588460598.
[I 2026-05-28 00:56:50,872] Trial 510 finished with value: 1000000.0 and parameters: {'ISTN': 78.82615362582962, 'I_gpe': 0.8840353074223652, 'I_gpi': 2.1808642359148083, 'noise_stn_sigma': 6.007571375171466, 'noise_gpe_sigma': 80.95534832509577, 'noise_gpi_sigma': 91.26182736425692, 'g_stn_gpe_mult': 1.7756748061671659, 'g_gpe_stn_mult': 0.1604459680950135, 'g_stn_gpi_mult': 2.348600828853094, 'g_gpe_gpi_mult': 0.995334858415085}. Best is trial 119 with value: 0.2337670588460598.
[I 2026-05-28 00:56:51,885] Trial 511 finished with value: 4.982981463110545 and parameters: {'ISTN': 82.1409847362797, 'I_gpe': 0.8376964808486335, 'I_gpi': 1.9657361385523788, 'noise_stn_sigma': 6.208427492368505, 'noise_gpe_sigma': 83.20291254687423, 'noise_gpi_sigma': 83.20690386396313, 'g_stn_gpe_mult': 1.735785554113217, 'g_gpe_stn_mult': 0.17483151715964004, 'g_stn_gpi_mult': 2.3659536805223524, 'g_gpe_gpi_mult': 0.9760657571618294}. Best is trial 119 with value: 0.2337670588460598.
[I 2026-05-28 00:56:52,835] Trial 512 finished with value: 1000000.0 and parameters: {'ISTN': 79.19847613024295, 'I_gpe': 0.8972940352593342, 'I_gpi': 1.6384109062603103, 'noise_stn_sigma': 6.306503369423147, 'noise_gpe_sigma': 86.73589931893333, 'noise_gpi_sigma': 79.37582193827636, 'g_stn_gpe_mult': 1.691828796865933, 'g_gpe_stn_mult': 0.1689105614034555, 'g_stn_gpi_mult': 2.3771955615362406, 'g_gpe_gpi_mult': 1.105435808544281}. Best is trial 119 with value: 0.2337670588460598.
[I 2026-05-28 00:56:53,844] Trial 513 finished with value: 1.0472707465397684 and parameters: {'ISTN': 77.56802766455533, 'I_gpe': 0.8365637302357782, 'I_gpi': 2.227246196492471, 'noise_stn_sigma': 6.22343958238495, 'noise_gpe_sigma': 86.2672211871399, 'noise_gpi_sigma': 77.43733535751974, 'g_stn_gpe_mult': 1.7881034539165575, 'g_gpe_stn_mult': 0.18739132752329193, 'g_stn_gpi_mult': 2.6237613282413963, 'g_gpe_gpi_mult': 1.063421167419189}. Best is trial 119 with value: 0.2337670588460598.
[I 2026-05-28 00:56:54,855] Trial 514 finished with value: 7.704456760856134 and parameters: {'ISTN': 82.07044214496807, 'I_gpe': 0.9503933333277593, 'I_gpi': 2.1850661366091875, 'noise_stn_sigma': 6.593048335326697, 'noise_gpe_sigma': 77.91746117649669, 'noise_gpi_sigma': 81.12187069668926, 'g_stn_gpe_mult': 1.5971723293238151, 'g_gpe_stn_mult': 0.16349855388924134, 'g_stn_gpi_mult': 2.520176843199896, 'g_gpe_gpi_mult': 1.02926930892284}. Best is trial 119 with value: 0.2337670588460598.
[I 2026-05-28 00:56:55,866] Trial 515 finished with value: 0.9459607463627876 and parameters: {'ISTN': 76.4574576522746, 'I_gpe': 0.9572991408025389, 'I_gpi': 2.106297366786202, 'noise_stn_sigma': 6.365192467260125, 'noise_gpe_sigma': 86.62190524491555, 'noise_gpi_sigma': 84.43103865437043, 'g_stn_gpe_mult': 1.809054807375069, 'g_gpe_stn_mult': 0.1908836059631024, 'g_stn_gpi_mult': 2.4045035302550986, 'g_gpe_gpi_mult': 0.9416691227096412}. Best is trial 119 with value: 0.2337670588460598.
[I 2026-05-28 00:56:56,877] Trial 516 finished with value: 7.729288697547853 and parameters: {'ISTN': 74.18838999438064, 'I_gpe': 0.948481085104327, 'I_gpi': 1.9042318855013134, 'noise_stn_sigma': 6.153102745256354, 'noise_gpe_sigma': 77.55064985331684, 'noise_gpi_sigma': 88.12023991136205, 'g_stn_gpe_mult': 1.898854231449636, 'g_gpe_stn_mult': 0.18270160345676253, 'g_stn_gpi_mult': 2.6403663050264834, 'g_gpe_gpi_mult': 1.018346043401412}. Best is trial 119 with value: 0.2337670588460598.
[I 2026-05-28 00:56:57,886] Trial 517 finished with value: 7.438270752964215 and parameters: {'ISTN': 79.87224637184893, 'I_gpe': 0.7266800604419401, 'I_gpi': 1.789605197408226, 'noise_stn_sigma': 5.965906804050805, 'noise_gpe_sigma': 84.70386310211452, 'noise_gpi_sigma': 80.06895873592457, 'g_stn_gpe_mult': 1.8984428171209622, 'g_gpe_stn_mult': 0.20240389803375297, 'g_stn_gpi_mult': 2.3169346900286536, 'g_gpe_gpi_mult': 1.0409729552813245}. Best is trial 119 with value: 0.2337670588460598.
[I 2026-05-28 00:56:58,894] Trial 518 finished with value: 1.0210274166316313 and parameters: {'ISTN': 75.931557240516, 'I_gpe': 0.8504489529111862, 'I_gpi': 1.6755476526855464, 'noise_stn_sigma': 6.454443505186317, 'noise_gpe_sigma': 82.37383074741348, 'noise_gpi_sigma': 82.23402994708832, 'g_stn_gpe_mult': 1.9062659268171498, 'g_gpe_stn_mult': 0.21966953232450853, 'g_stn_gpi_mult': 2.3825013079086816, 'g_gpe_gpi_mult': 1.0168555526133856}. Best is trial 119 with value: 0.2337670588460598.
[I 2026-05-28 00:56:59,904] Trial 519 finished with value: 2.0480142244650397 and parameters: {'ISTN': 79.69203694854392, 'I_gpe': 0.7473325878918491, 'I_gpi': 2.1067849579303815, 'noise_stn_sigma': 6.444358861787172, 'noise_gpe_sigma': 81.36015898196698, 'noise_gpi_sigma': 78.89876398508783, 'g_stn_gpe_mult': 1.6233682888954353, 'g_gpe_stn_mult': 0.16201210891656515, 'g_stn_gpi_mult': 2.469501082976276, 'g_gpe_gpi_mult': 1.0574116654062982}. Best is trial 119 with value: 0.2337670588460598.
[I 2026-05-28 00:57:00,913] Trial 520 finished with value: 8.191728800839424 and parameters: {'ISTN': 78.9659683133305, 'I_gpe': 0.8548718950850863, 'I_gpi': 2.058217466336192, 'noise_stn_sigma': 5.633007699956289, 'noise_gpe_sigma': 86.94999111959488, 'noise_gpi_sigma': 79.81397420536479, 'g_stn_gpe_mult': 1.9035951798855755, 'g_gpe_stn_mult': 0.22807828058905338, 'g_stn_gpi_mult': 2.326660485701301, 'g_gpe_gpi_mult': 1.0452641845462787}. Best is trial 119 with value: 0.2337670588460598.
[I 2026-05-28 00:57:01,923] Trial 521 finished with value: 1.3897263497555592 and parameters: {'ISTN': 77.2170922447807, 'I_gpe': 0.9897384573548776, 'I_gpi': 2.0122216987091095, 'noise_stn_sigma': 6.574206644791631, 'noise_gpe_sigma': 83.58718558251599, 'noise_gpi_sigma': 83.60500638039463, 'g_stn_gpe_mult': 1.7929120722964358, 'g_gpe_stn_mult': 0.19918283456461533, 'g_stn_gpi_mult': 2.5249174344555696, 'g_gpe_gpi_mult': 0.9879247759827914}. Best is trial 119 with value: 0.2337670588460598.
[I 2026-05-28 00:57:02,932] Trial 522 finished with value: 7.116420450208099 and parameters: {'ISTN': 80.55181533528926, 'I_gpe': 0.8675739434599815, 'I_gpi': 2.015202432675266, 'noise_stn_sigma': 6.4926769109665, 'noise_gpe_sigma': 82.45436956118505, 'noise_gpi_sigma': 84.03421049800716, 'g_stn_gpe_mult': 1.8639877091693253, 'g_gpe_stn_mult': 0.21732550139660278, 'g_stn_gpi_mult': 2.296344444917308, 'g_gpe_gpi_mult': 0.972964233778786}. Best is trial 119 with value: 0.2337670588460598.
[I 2026-05-28 00:57:03,945] Trial 523 finished with value: 5.29934425733624 and parameters: {'ISTN': 70.28113848974505, 'I_gpe': 1.0186845305582652, 'I_gpi': 2.1141345947003667, 'noise_stn_sigma': 5.931836281524178, 'noise_gpe_sigma': 76.28628525525457, 'noise_gpi_sigma': 85.18913479032253, 'g_stn_gpe_mult': 1.8399490346349707, 'g_gpe_stn_mult': 0.1692702208089169, 'g_stn_gpi_mult': 2.520079591792066, 'g_gpe_gpi_mult': 0.9532084043351341}. Best is trial 119 with value: 0.2337670588460598.
[I 2026-05-28 00:57:04,958] Trial 524 finished with value: 1.0590776520418292 and parameters: {'ISTN': 77.73784343930856, 'I_gpe': 0.9053307307236911, 'I_gpi': 2.0685887772722733, 'noise_stn_sigma': 6.171486754289163, 'noise_gpe_sigma': 84.21715327962329, 'noise_gpi_sigma': 84.15770511653882, 'g_stn_gpe_mult': 1.85433247862056, 'g_gpe_stn_mult': 0.18979098149225165, 'g_stn_gpi_mult': 2.545223529985125, 'g_gpe_gpi_mult': 0.9685414291912122}. Best is trial 119 with value: 0.2337670588460598.
[I 2026-05-28 00:57:05,968] Trial 525 finished with value: 5.847734587222755 and parameters: {'ISTN': 79.12485113606054, 'I_gpe': 0.7436274895324557, 'I_gpi': 2.0860025456796505, 'noise_stn_sigma': 6.29810641521124, 'noise_gpe_sigma': 86.27098247422241, 'noise_gpi_sigma': 81.70314148532283, 'g_stn_gpe_mult': 1.8519449345453758, 'g_gpe_stn_mult': 0.20369414500745148, 'g_stn_gpi_mult': 2.4469058465980895, 'g_gpe_gpi_mult': 0.9711359171303799}. Best is trial 119 with value: 0.2337670588460598.
[I 2026-05-28 00:57:06,979] Trial 526 finished with value: 1.3004614364876919 and parameters: {'ISTN': 78.54765201010039, 'I_gpe': 0.9126838121716466, 'I_gpi': 1.8650115645735639, 'noise_stn_sigma': 6.291561158282988, 'noise_gpe_sigma': 91.10980677674124, 'noise_gpi_sigma': 73.14103377924496, 'g_stn_gpe_mult': 1.70789987145206, 'g_gpe_stn_mult': 0.19736893810358314, 'g_stn_gpi_mult': 2.3279530784610722, 'g_gpe_gpi_mult': 0.9861974348635105}. Best is trial 119 with value: 0.2337670588460598.
[I 2026-05-28 00:57:07,987] Trial 527 finished with value: 1.0366723112786111 and parameters: {'ISTN': 78.34095725068099, 'I_gpe': 0.8134189645241544, 'I_gpi': 2.0681241751978345, 'noise_stn_sigma': 6.058184200817798, 'noise_gpe_sigma': 92.73317163452289, 'noise_gpi_sigma': 84.84009291610292, 'g_stn_gpe_mult': 1.921327665771265, 'g_gpe_stn_mult': 0.18506887400871616, 'g_stn_gpi_mult': 2.4737563371892684, 'g_gpe_gpi_mult': 0.9513151284933616}. Best is trial 119 with value: 0.2337670588460598.
