[I 2026-05-28 01:03:04,545] Trial 880 finished with value: 1.4592571650309434 and parameters: {'ISTN': 76.28122966924079, 'I_gpe': 0.8847341908471769, 'I_gpi': 1.9672448732102428, 'noise_stn_sigma': 5.7747480597923575, 'noise_gpe_sigma': 92.97750062752195, 'noise_gpi_sigma': 69.50229424054994, 'g_stn_gpe_mult': 1.5675572398486908, 'g_gpe_stn_mult': 0.22995536537053465, 'g_stn_gpi_mult': 2.479675316781122, 'g_gpe_gpi_mult': 0.8414629050530111}. Best is trial 119 with value: 0.2337670588460598.
[I 2026-05-28 01:03:05,556] Trial 881 finished with value: 4.58150505244339 and parameters: {'ISTN': 73.52046106724083, 'I_gpe': 0.9275751938798495, 'I_gpi': 1.847555509544425, 'noise_stn_sigma': 5.37127041449537, 'noise_gpe_sigma': 94.36069488999533, 'noise_gpi_sigma': 65.72420769586964, 'g_stn_gpe_mult': 1.6533717057121775, 'g_gpe_stn_mult': 0.23173194204620912, 'g_stn_gpi_mult': 2.3459449662164324, 'g_gpe_gpi_mult': 0.9138274374827433}. Best is trial 119 with value: 0.2337670588460598.
[I 2026-05-28 01:03:06,569] Trial 882 finished with value: 0.8982991671191248 and parameters: {'ISTN': 74.08991879289934, 'I_gpe': 0.9165941589458579, 'I_gpi': 2.070286944248836, 'noise_stn_sigma': 5.770251298260436, 'noise_gpe_sigma': 88.51400218037206, 'noise_gpi_sigma': 66.52750992361369, 'g_stn_gpe_mult': 1.5910856917746554, 'g_gpe_stn_mult': 0.23935258317578778, 'g_stn_gpi_mult': 2.4508474784240746, 'g_gpe_gpi_mult': 0.9000838329983811}. Best is trial 119 with value: 0.2337670588460598.
[I 2026-05-28 01:03:07,581] Trial 883 finished with value: 1.521947568510237 and parameters: {'ISTN': 74.81458010702988, 'I_gpe': 0.9843615393467097, 'I_gpi': 1.9497178333144194, 'noise_stn_sigma': 6.025821288480555, 'noise_gpe_sigma': 90.15181502601997, 'noise_gpi_sigma': 68.50521108979436, 'g_stn_gpe_mult': 1.6799297188855435, 'g_gpe_stn_mult': 0.22536925529906665, 'g_stn_gpi_mult': 2.4241419924824092, 'g_gpe_gpi_mult': 0.8827389756829565}. Best is trial 119 with value: 0.2337670588460598.
[I 2026-05-28 01:03:08,590] Trial 884 finished with value: 0.9299398931948033 and parameters: {'ISTN': 75.32755418204968, 'I_gpe': 0.9009064354138134, 'I_gpi': 2.0053080135684684, 'noise_stn_sigma': 5.912456014890697, 'noise_gpe_sigma': 89.36729100297063, 'noise_gpi_sigma': 68.3454467092746, 'g_stn_gpe_mult': 1.6633725263149546, 'g_gpe_stn_mult': 0.22223638161616466, 'g_stn_gpi_mult': 2.38179161111079, 'g_gpe_gpi_mult': 0.8914203451728491}. Best is trial 119 with value: 0.2337670588460598.
[I 2026-05-28 01:03:09,600] Trial 885 finished with value: 1.8317454624179303 and parameters: {'ISTN': 76.28845880311698, 'I_gpe': 0.9618125527031837, 'I_gpi': 1.9488709646665696, 'noise_stn_sigma': 5.907050353073751, 'noise_gpe_sigma': 91.32586732192925, 'noise_gpi_sigma': 68.26082774197863, 'g_stn_gpe_mult': 1.60937903052724, 'g_gpe_stn_mult': 0.21506012450390438, 'g_stn_gpi_mult': 2.4450662973769943, 'g_gpe_gpi_mult': 0.8948275191766961}. Best is trial 119 with value: 0.2337670588460598.
[I 2026-05-28 01:03:10,609] Trial 886 finished with value: 0.9580828134908556 and parameters: {'ISTN': 74.77166795963613, 'I_gpe': 0.870859883141303, 'I_gpi': 1.9331804923101892, 'noise_stn_sigma': 5.896833409662628, 'noise_gpe_sigma': 89.33658465509605, 'noise_gpi_sigma': 68.60589279996582, 'g_stn_gpe_mult': 1.6144824988506197, 'g_gpe_stn_mult': 0.2461692568731263, 'g_stn_gpi_mult': 2.417191239110714, 'g_gpe_gpi_mult': 0.8656223720672498}. Best is trial 119 with value: 0.2337670588460598.
[I 2026-05-28 01:03:11,620] Trial 887 finished with value: 0.9112460640356108 and parameters: {'ISTN': 74.5501778616906, 'I_gpe': 0.8999378605312405, 'I_gpi': 2.094003983461125, 'noise_stn_sigma': 5.738593842081309, 'noise_gpe_sigma': 89.95540443113045, 'noise_gpi_sigma': 72.11427284444966, 'g_stn_gpe_mult': 1.6446006960697601, 'g_gpe_stn_mult': 0.234161688951328, 'g_stn_gpi_mult': 2.3751299619904302, 'g_gpe_gpi_mult': 0.8659992456380041}. Best is trial 119 with value: 0.2337670588460598.
[I 2026-05-28 01:03:12,629] Trial 888 finished with value: 2.139195747939108 and parameters: {'ISTN': 73.99629600607577, 'I_gpe': 0.9331880631166094, 'I_gpi': 2.045420477644763, 'noise_stn_sigma': 5.87967366648312, 'noise_gpe_sigma': 86.56393803523063, 'noise_gpi_sigma': 70.69590113364909, 'g_stn_gpe_mult': 1.7809822924723795, 'g_gpe_stn_mult': 0.2388191274157406, 'g_stn_gpi_mult': 2.4416118426703655, 'g_gpe_gpi_mult': 0.8448690041091009}. Best is trial 119 with value: 0.2337670588460598.
[I 2026-05-28 01:03:13,641] Trial 889 finished with value: 0.901256952925229 and parameters: {'ISTN': 74.94895633945548, 'I_gpe': 0.9049706847499166, 'I_gpi': 1.9634103134674836, 'noise_stn_sigma': 5.850348133511155, 'noise_gpe_sigma': 89.54811722509329, 'noise_gpi_sigma': 70.75940439943119, 'g_stn_gpe_mult': 1.6113587378578254, 'g_gpe_stn_mult': 0.22457394844508163, 'g_stn_gpi_mult': 2.4161989120172676, 'g_gpe_gpi_mult': 0.886462317011127}. Best is trial 119 with value: 0.2337670588460598.
[I 2026-05-28 01:03:14,652] Trial 890 finished with value: 0.9248778254877623 and parameters: {'ISTN': 75.1137187659956, 'I_gpe': 0.9223368848856962, 'I_gpi': 1.887384923024871, 'noise_stn_sigma': 5.824423851138654, 'noise_gpe_sigma': 90.73110767735336, 'noise_gpi_sigma': 68.9865640480254, 'g_stn_gpe_mult': 1.6173623968593258, 'g_gpe_stn_mult': 0.23512407151048367, 'g_stn_gpi_mult': 2.3910100909698304, 'g_gpe_gpi_mult': 0.8858264237025497}. Best is trial 119 with value: 0.2337670588460598.
[I 2026-05-28 01:03:15,662] Trial 891 finished with value: 0.9027766230264331 and parameters: {'ISTN': 75.00676917216389, 'I_gpe': 0.8861136265578198, 'I_gpi': 1.9445982905371015, 'noise_stn_sigma': 5.642442596313636, 'noise_gpe_sigma': 92.13662598157936, 'noise_gpi_sigma': 70.99068890121805, 'g_stn_gpe_mult': 1.6093367011214728, 'g_gpe_stn_mult': 0.22799004990167313, 'g_stn_gpi_mult': 2.3716428142819144, 'g_gpe_gpi_mult': 0.8960408420150643}. Best is trial 119 with value: 0.2337670588460598.
[I 2026-05-28 01:03:16,671] Trial 892 finished with value: 1.0254462942642835 and parameters: {'ISTN': 75.19190046663039, 'I_gpe': 0.8926182760679698, 'I_gpi': 2.0890036912889656, 'noise_stn_sigma': 5.990809607260664, 'noise_gpe_sigma': 85.86685477776595, 'noise_gpi_sigma': 70.70377167227974, 'g_stn_gpe_mult': 1.659420549561169, 'g_gpe_stn_mult': 0.24500230789981117, 'g_stn_gpi_mult': 2.435747403988664, 'g_gpe_gpi_mult': 0.8794272562144951}. Best is trial 119 with value: 0.2337670588460598.
[I 2026-05-28 01:03:17,681] Trial 893 finished with value: 2.3751758241236964 and parameters: {'ISTN': 73.85315491090638, 'I_gpe': 0.9157477376348172, 'I_gpi': 1.9315332050719587, 'noise_stn_sigma': 5.745620474994723, 'noise_gpe_sigma': 90.41916300712931, 'noise_gpi_sigma': 69.78096274329928, 'g_stn_gpe_mult': 1.659723243327915, 'g_gpe_stn_mult': 0.22336455877115527, 'g_stn_gpi_mult': 2.4008466069661907, 'g_gpe_gpi_mult': 0.9121683793859627}. Best is trial 119 with value: 0.2337670588460598.
[I 2026-05-28 01:03:18,693] Trial 894 finished with value: 0.9749467616171055 and parameters: {'ISTN': 75.11695716133863, 'I_gpe': 0.8931776926151572, 'I_gpi': 1.9403965057447814, 'noise_stn_sigma': 5.7453930501341555, 'noise_gpe_sigma': 90.41011668190984, 'noise_gpi_sigma': 69.80152191800403, 'g_stn_gpe_mult': 1.6749678003163524, 'g_gpe_stn_mult': 0.24734986253179658, 'g_stn_gpi_mult': 2.3712125061923683, 'g_gpe_gpi_mult': 0.8900013920893299}. Best is trial 119 with value: 0.2337670588460598.
[I 2026-05-28 01:03:19,704] Trial 895 finished with value: 2.3863211065575785 and parameters: {'ISTN': 75.23885652749357, 'I_gpe': 0.8546978391256441, 'I_gpi': 2.183849709522887, 'noise_stn_sigma': 5.851939857763194, 'noise_gpe_sigma': 89.61890561725957, 'noise_gpi_sigma': 70.47329901279193, 'g_stn_gpe_mult': 1.5572092242036086, 'g_gpe_stn_mult': 0.2569354941513301, 'g_stn_gpi_mult': 2.4217201078989956, 'g_gpe_gpi_mult': 0.8808985870019443}. Best is trial 119 with value: 0.2337670588460598.
[I 2026-05-28 01:03:20,655] Trial 896 finished with value: 1000000.0 and parameters: {'ISTN': 74.29889901252005, 'I_gpe': 0.8870015247389662, 'I_gpi': 2.125811380867731, 'noise_stn_sigma': 5.954622760519107, 'noise_gpe_sigma': 87.82078558055744, 'noise_gpi_sigma': 68.8303432322024, 'g_stn_gpe_mult': 1.556220260813654, 'g_gpe_stn_mult': 0.24702322023101286, 'g_stn_gpi_mult': 2.3876829211913013, 'g_gpe_gpi_mult': 0.8710722476661545}. Best is trial 119 with value: 0.2337670588460598.
[I 2026-05-28 01:03:21,665] Trial 897 finished with value: 0.8672301778505651 and parameters: {'ISTN': 73.77793943224157, 'I_gpe': 0.9000502169186696, 'I_gpi': 1.9954949540455762, 'noise_stn_sigma': 5.572286229760296, 'noise_gpe_sigma': 89.6860726733744, 'noise_gpi_sigma': 69.34466234788866, 'g_stn_gpe_mult': 1.6236245995502285, 'g_gpe_stn_mult': 0.2475383536671861, 'g_stn_gpi_mult': 2.399560619553754, 'g_gpe_gpi_mult': 0.8651658281434704}. Best is trial 119 with value: 0.2337670588460598.
[I 2026-05-28 01:03:22,677] Trial 898 finished with value: 0.8822371087598984 and parameters: {'ISTN': 74.3764833776498, 'I_gpe': 0.9373339609127037, 'I_gpi': 2.058942854180799, 'noise_stn_sigma': 5.843430639001264, 'noise_gpe_sigma': 88.43205023909724, 'noise_gpi_sigma': 71.95927843614272, 'g_stn_gpe_mult': 1.5897739610638402, 'g_gpe_stn_mult': 0.23178796619213415, 'g_stn_gpi_mult': 2.3902419460000175, 'g_gpe_gpi_mult': 0.8832388205582038}. Best is trial 119 with value: 0.2337670588460598.
[I 2026-05-28 01:03:23,690] Trial 899 finished with value: 0.9873829248734975 and parameters: {'ISTN': 75.37786489931659, 'I_gpe': 0.8971223633751895, 'I_gpi': 2.2214506999382007, 'noise_stn_sigma': 5.722666707265897, 'noise_gpe_sigma': 91.74631599431328, 'noise_gpi_sigma': 70.95390837426152, 'g_stn_gpe_mult': 1.5674879259139554, 'g_gpe_stn_mult': 0.23526076355915426, 'g_stn_gpi_mult': 2.397794034713061, 'g_gpe_gpi_mult': 0.897397354007986}. Best is trial 119 with value: 0.2337670588460598.
[I 2026-05-28 01:03:24,703] Trial 900 finished with value: 0.9029277474785926 and parameters: {'ISTN': 73.40695787008703, 'I_gpe': 0.9415060729355537, 'I_gpi': 2.1357371438769572, 'noise_stn_sigma': 5.871444487073419, 'noise_gpe_sigma': 86.55037443961596, 'noise_gpi_sigma': 67.15047813331529, 'g_stn_gpe_mult': 1.5191535791308508, 'g_gpe_stn_mult': 0.25689591138476037, 'g_stn_gpi_mult': 2.4078578329551, 'g_gpe_gpi_mult': 0.8817129241347703}. Best is trial 119 with value: 0.2337670588460598.
[I 2026-05-28 01:03:25,715] Trial 901 finished with value: 1.212925638220771 and parameters: {'ISTN': 74.0429774408788, 'I_gpe': 0.9093629408411692, 'I_gpi': 1.9652765205389713, 'noise_stn_sigma': 5.633336892522283, 'noise_gpe_sigma': 89.25005292777554, 'noise_gpi_sigma': 69.18096441457794, 'g_stn_gpe_mult': 1.646471459914986, 'g_gpe_stn_mult': 0.23123298326257077, 'g_stn_gpi_mult': 2.418512041248908, 'g_gpe_gpi_mult': 0.8734271296014939}. Best is trial 119 with value: 0.2337670588460598.
[I 2026-05-28 01:03:26,723] Trial 902 finished with value: 0.9170492199689408 and parameters: {'ISTN': 73.30543151558324, 'I_gpe': 0.9054972322338041, 'I_gpi': 1.9891168379954571, 'noise_stn_sigma': 5.471930084334948, 'noise_gpe_sigma': 88.78865797164023, 'noise_gpi_sigma': 70.98990530393326, 'g_stn_gpe_mult': 1.6066357964371627, 'g_gpe_stn_mult': 0.24284735403977398, 'g_stn_gpi_mult': 2.372534741366552, 'g_gpe_gpi_mult': 0.8559898419427499}. Best is trial 119 with value: 0.2337670588460598.
[I 2026-05-28 01:03:27,734] Trial 903 finished with value: 1.065568261541139 and parameters: {'ISTN': 73.27079046607814, 'I_gpe': 0.9385073733939752, 'I_gpi': 2.045855867545257, 'noise_stn_sigma': 5.713145482748541, 'noise_gpe_sigma': 86.87539999013187, 'noise_gpi_sigma': 69.06689574837092, 'g_stn_gpe_mult': 1.5403774205491136, 'g_gpe_stn_mult': 0.24195014499295936, 'g_stn_gpi_mult': 2.426933776443783, 'g_gpe_gpi_mult': 0.8820838145053247}. Best is trial 119 with value: 0.2337670588460598.
[I 2026-05-28 01:03:28,745] Trial 904 finished with value: 3.2237793648183084 and parameters: {'ISTN': 72.50207573682162, 'I_gpe': 0.9215012210944544, 'I_gpi': 2.177741720602566, 'noise_stn_sigma': 5.783072667877191, 'noise_gpe_sigma': 87.35292488260913, 'noise_gpi_sigma': 71.51404582065679, 'g_stn_gpe_mult': 1.626111676309176, 'g_gpe_stn_mult': 0.25144728804847205, 'g_stn_gpi_mult': 2.3906235112718965, 'g_gpe_gpi_mult': 0.8486303110059119}. Best is trial 119 with value: 0.2337670588460598.
[I 2026-05-28 01:03:29,756] Trial 905 finished with value: 0.9211872895445289 and parameters: {'ISTN': 75.17117643688054, 'I_gpe': 0.9250416234065043, 'I_gpi': 1.896868944404029, 'noise_stn_sigma': 5.589722506714187, 'noise_gpe_sigma': 92.59687762291779, 'noise_gpi_sigma': 70.10033320724344, 'g_stn_gpe_mult': 1.6453369387176722, 'g_gpe_stn_mult': 0.23205443112189889, 'g_stn_gpi_mult': 2.3957667632192177, 'g_gpe_gpi_mult': 0.889717333684692}. Best is trial 119 with value: 0.2337670588460598.
[I 2026-05-28 01:03:30,766] Trial 906 finished with value: 0.8875249710075118 and parameters: {'ISTN': 74.17146820718955, 'I_gpe': 0.8905189644490934, 'I_gpi': 2.1043322312443, 'noise_stn_sigma': 5.794924900094808, 'noise_gpe_sigma': 90.35192191840713, 'noise_gpi_sigma': 70.27157041238968, 'g_stn_gpe_mult': 1.6579779628729088, 'g_gpe_stn_mult': 0.23919506792769019, 'g_stn_gpi_mult': 2.413481851570148, 'g_gpe_gpi_mult': 0.8770647573673946}. Best is trial 119 with value: 0.2337670588460598.
[I 2026-05-28 01:03:31,776] Trial 907 finished with value: 1.1965112964161873 and parameters: {'ISTN': 73.28058611789949, 'I_gpe': 0.943375115171371, 'I_gpi': 2.165028756513845, 'noise_stn_sigma': 5.759320737885884, 'noise_gpe_sigma': 87.81241192857225, 'noise_gpi_sigma': 68.89128219968956, 'g_stn_gpe_mult': 1.6415588264921044, 'g_gpe_stn_mult': 0.23999012735039751, 'g_stn_gpi_mult': 2.417013800389883, 'g_gpe_gpi_mult': 0.8625368079398437}. Best is trial 119 with value: 0.2337670588460598.
[I 2026-05-28 01:03:32,788] Trial 908 finished with value: 0.9224136667998292 and parameters: {'ISTN': 74.88324408259167, 'I_gpe': 0.9418541119068422, 'I_gpi': 1.943709473634709, 'noise_stn_sigma': 5.797245500843194, 'noise_gpe_sigma': 90.37512062552749, 'noise_gpi_sigma': 69.00955784496372, 'g_stn_gpe_mult': 1.6077150301168726, 'g_gpe_stn_mult': 0.235529773189297, 'g_stn_gpi_mult': 2.3705550323046825, 'g_gpe_gpi_mult': 0.8647692404872533}. Best is trial 119 with value: 0.2337670588460598.
[I 2026-05-28 01:03:33,800] Trial 909 finished with value: 0.8650408993994373 and parameters: {'ISTN': 73.98491088908085, 'I_gpe': 0.9216807405985987, 'I_gpi': 1.9660277861296938, 'noise_stn_sigma': 5.583155229694844, 'noise_gpe_sigma': 91.40105860590045, 'noise_gpi_sigma': 66.68005143345886, 'g_stn_gpe_mult': 1.553396762146247, 'g_gpe_stn_mult': 0.24607730616001594, 'g_stn_gpi_mult': 2.3786708404009014, 'g_gpe_gpi_mult': 0.8663940931064456}. Best is trial 119 with value: 0.2337670588460598.
[I 2026-05-28 01:03:34,811] Trial 910 finished with value: 0.8758472106263985 and parameters: {'ISTN': 74.22731911883892, 'I_gpe': 0.8904948689512553, 'I_gpi': 1.8951945483616803, 'noise_stn_sigma': 5.715392376936543, 'noise_gpe_sigma': 91.94241367283996, 'noise_gpi_sigma': 68.68592565959537, 'g_stn_gpe_mult': 1.695447125190492, 'g_gpe_stn_mult': 0.23618014253009653, 'g_stn_gpi_mult': 2.367246182138473, 'g_gpe_gpi_mult': 0.8979959926030365}. Best is trial 119 with value: 0.2337670588460598.
[I 2026-05-28 01:03:35,825] Trial 911 finished with value: 0.8834311650114144 and parameters: {'ISTN': 74.45396104396485, 'I_gpe': 0.9089442610413845, 'I_gpi': 2.109603745696507, 'noise_stn_sigma': 5.631167600008612, 'noise_gpe_sigma': 91.20182555637943, 'noise_gpi_sigma': 70.90049621464422, 'g_stn_gpe_mult': 1.6260085478466781, 'g_gpe_stn_mult': 0.22965391982121314, 'g_stn_gpi_mult': 2.385658638874655, 'g_gpe_gpi_mult': 0.8561923142176371}. Best is trial 119 with value: 0.2337670588460598.
[I 2026-05-28 01:03:36,838] Trial 912 finished with value: 0.8818638204440212 and parameters: {'ISTN': 73.48311469997677, 'I_gpe': 0.9043273926068547, 'I_gpi': 2.1040728774149313, 'noise_stn_sigma': 5.5857656189279545, 'noise_gpe_sigma': 88.96705952108547, 'noise_gpi_sigma': 69.87202246074952, 'g_stn_gpe_mult': 1.5391431476618218, 'g_gpe_stn_mult': 0.2571044160023699, 'g_stn_gpi_mult': 2.369016290327065, 'g_gpe_gpi_mult': 0.8575182070098253}. Best is trial 119 with value: 0.2337670588460598.
[I 2026-05-28 01:03:37,849] Trial 913 finished with value: 0.9165162674318815 and parameters: {'ISTN': 74.15730884267663, 'I_gpe': 0.9342854967650575, 'I_gpi': 1.9879017987814693, 'noise_stn_sigma': 5.662709740700112, 'noise_gpe_sigma': 90.8121163814353, 'noise_gpi_sigma': 66.53424413984771, 'g_stn_gpe_mult': 1.644938939139432, 'g_gpe_stn_mult': 0.2401384736588454, 'g_stn_gpi_mult': 2.4245816969823264, 'g_gpe_gpi_mult': 0.8981223359339627}. Best is trial 119 with value: 0.2337670588460598.
[I 2026-05-28 01:03:38,861] Trial 914 finished with value: 2.355285020689324 and parameters: {'ISTN': 73.65392751089836, 'I_gpe': 0.897763619568455, 'I_gpi': 1.9658738559116113, 'noise_stn_sigma': 5.359790728562807, 'noise_gpe_sigma': 92.12342478168452, 'noise_gpi_sigma': 68.38313264845169, 'g_stn_gpe_mult': 1.627292135748536, 'g_gpe_stn_mult': 0.24074714957842952, 'g_stn_gpi_mult': 2.3446250699978366, 'g_gpe_gpi_mult': 0.8832932701997322}. Best is trial 119 with value: 0.2337670588460598.
[I 2026-05-28 01:03:39,872] Trial 915 finished with value: 0.979707637498796 and parameters: {'ISTN': 74.65345983577585, 'I_gpe': 0.8999085956017426, 'I_gpi': 2.0180007550190067, 'noise_stn_sigma': 5.878080255316211, 'noise_gpe_sigma': 89.184922072084, 'noise_gpi_sigma': 72.56905170497937, 'g_stn_gpe_mult': 1.6641985311900755, 'g_gpe_stn_mult': 0.22147274057588043, 'g_stn_gpi_mult': 2.390653009196371, 'g_gpe_gpi_mult': 0.882793861672047}. Best is trial 119 with value: 0.2337670588460598.
[I 2026-05-28 01:03:40,880] Trial 916 finished with value: 1.0085078280456796 and parameters: {'ISTN': 73.3971972721029, 'I_gpe': 0.9047163572072063, 'I_gpi': 1.8301893200507395, 'noise_stn_sigma': 5.474578681534597, 'noise_gpe_sigma': 94.12096122443599, 'noise_gpi_sigma': 65.51583662032655, 'g_stn_gpe_mult': 1.625090363751421, 'g_gpe_stn_mult': 0.24799404144068776, 'g_stn_gpi_mult': 2.325851051266627, 'g_gpe_gpi_mult': 0.8736928947931315}. Best is trial 119 with value: 0.2337670588460598.
[I 2026-05-28 01:03:41,890] Trial 917 finished with value: 0.9147117117213424 and parameters: {'ISTN': 74.79991768498301, 'I_gpe': 0.9219754834274663, 'I_gpi': 1.91227912597603, 'noise_stn_sigma': 5.851545228222532, 'noise_gpe_sigma': 92.65319050579915, 'noise_gpi_sigma': 67.43922972150966, 'g_stn_gpe_mult': 1.5666914762717672, 'g_gpe_stn_mult': 0.23810199448671027, 'g_stn_gpi_mult': 2.40966187772281, 'g_gpe_gpi_mult': 0.8710873312768785}. Best is trial 119 with value: 0.2337670588460598.
[I 2026-05-28 01:03:42,903] Trial 918 finished with value: 0.9795371344171213 and parameters: {'ISTN': 74.76473114081844, 'I_gpe': 0.9328628441478752, 'I_gpi': 1.9121290242703972, 'noise_stn_sigma': 5.7423224443236585, 'noise_gpe_sigma': 91.01030286790117, 'noise_gpi_sigma': 68.02625024217326, 'g_stn_gpe_mult': 1.6561202460118096, 'g_gpe_stn_mult': 0.22807524256590303, 'g_stn_gpi_mult': 2.408819516937256, 'g_gpe_gpi_mult': 0.8837095011607199}. Best is trial 119 with value: 0.2337670588460598.
[I 2026-05-28 01:03:43,915] Trial 919 finished with value: 0.9813809778445415 and parameters: {'ISTN': 74.59027202888103, 'I_gpe': 0.8604096717964886, 'I_gpi': 1.9574548507338756, 'noise_stn_sigma': 5.6962349157378, 'noise_gpe_sigma': 90.42182014640181, 'noise_gpi_sigma': 68.22216517205857, 'g_stn_gpe_mult': 1.577947432628364, 'g_gpe_stn_mult': 0.25797062326876047, 'g_stn_gpi_mult': 2.397960262792552, 'g_gpe_gpi_mult': 0.8756152833705158}. Best is trial 119 with value: 0.2337670588460598.
[I 2026-05-28 01:03:44,924] Trial 920 finished with value: 0.89751641988736 and parameters: {'ISTN': 74.07693148454305, 'I_gpe': 0.9312578027298285, 'I_gpi': 2.0021279767515434, 'noise_stn_sigma': 5.5475960593702975, 'noise_gpe_sigma': 92.15253682721449, 'noise_gpi_sigma': 70.11078855863359, 'g_stn_gpe_mult': 1.589239767948564, 'g_gpe_stn_mult': 0.24483069854268025, 'g_stn_gpi_mult': 2.3364068237213744, 'g_gpe_gpi_mult': 0.8475938684575273}. Best is trial 119 with value: 0.2337670588460598.
[I 2026-05-28 01:03:45,933] Trial 921 finished with value: 1.0121376538528448 and parameters: {'ISTN': 74.19303954290245, 'I_gpe': 0.9034029163337801, 'I_gpi': 2.1475112449102403, 'noise_stn_sigma': 5.674341444822764, 'noise_gpe_sigma': 90.6956907201245, 'noise_gpi_sigma': 71.22377109574711, 'g_stn_gpe_mult': 1.6090321643308931, 'g_gpe_stn_mult': 0.22947671767571934, 'g_stn_gpi_mult': 2.3919812651488224, 'g_gpe_gpi_mult': 0.8477995724804872}. Best is trial 119 with value: 0.2337670588460598.
[I 2026-05-28 01:03:46,944] Trial 922 finished with value: 0.9491570068328452 and parameters: {'ISTN': 74.73664983396364, 'I_gpe': 0.924639822086998, 'I_gpi': 2.1540230702079755, 'noise_stn_sigma': 5.53968645406133, 'noise_gpe_sigma': 92.37436814860544, 'noise_gpi_sigma': 71.63325592933242, 'g_stn_gpe_mult': 1.554371563241251, 'g_gpe_stn_mult': 0.2382291456651347, 'g_stn_gpi_mult': 2.359859973816314, 'g_gpe_gpi_mult': 0.8488965833546227}. Best is trial 119 with value: 0.2337670588460598.
[I 2026-05-28 01:03:47,955] Trial 923 finished with value: 1.5864403682050359 and parameters: {'ISTN': 71.96267061721397, 'I_gpe': 0.888471052886936, 'I_gpi': 2.181427453066192, 'noise_stn_sigma': 5.5070875691970125, 'noise_gpe_sigma': 91.57020216477802, 'noise_gpi_sigma': 70.27375109858555, 'g_stn_gpe_mult': 1.5919596693116356, 'g_gpe_stn_mult': 0.25822645664697447, 'g_stn_gpi_mult': 2.3342201390286665, 'g_gpe_gpi_mult': 0.8534464596638944}. Best is trial 119 with value: 0.2337670588460598.
