[I 2026-05-28 01:03:48,965] Trial 924 finished with value: 0.8693807664772634 and parameters: {'ISTN': 73.28542242989612, 'I_gpe': 0.8789024996879761, 'I_gpi': 2.0761467361438983, 'noise_stn_sigma': 5.353109732850669, 'noise_gpe_sigma': 91.4316971505566, 'noise_gpi_sigma': 68.66216323553891, 'g_stn_gpe_mult': 1.5806885598699674, 'g_gpe_stn_mult': 0.263353409603172, 'g_stn_gpi_mult': 2.304615866756257, 'g_gpe_gpi_mult': 0.8518408529051287}. Best is trial 119 with value: 0.2337670588460598.
[I 2026-05-28 01:03:49,976] Trial 925 finished with value: 0.886390179631587 and parameters: {'ISTN': 73.97154464564285, 'I_gpe': 0.8700831633790245, 'I_gpi': 1.9508488667432793, 'noise_stn_sigma': 5.512644401816308, 'noise_gpe_sigma': 90.86833609059711, 'noise_gpi_sigma': 68.60566192076261, 'g_stn_gpe_mult': 1.645409925826503, 'g_gpe_stn_mult': 0.250140567182639, 'g_stn_gpi_mult': 2.3510264795723184, 'g_gpe_gpi_mult': 0.8793190089234952}. Best is trial 119 with value: 0.2337670588460598.
[I 2026-05-28 01:03:50,986] Trial 926 finished with value: 0.9010903642648002 and parameters: {'ISTN': 73.5981663720924, 'I_gpe': 0.8814495198437692, 'I_gpi': 2.1056951398677635, 'noise_stn_sigma': 5.606709921849935, 'noise_gpe_sigma': 91.34021310738984, 'noise_gpi_sigma': 66.67787224346881, 'g_stn_gpe_mult': 1.5211161978544356, 'g_gpe_stn_mult': 0.2578660011412739, 'g_stn_gpi_mult': 2.3451231551559606, 'g_gpe_gpi_mult': 0.8587848406987673}. Best is trial 119 with value: 0.2337670588460598.
[I 2026-05-28 01:03:51,996] Trial 927 finished with value: 0.9605922885886065 and parameters: {'ISTN': 75.46602941611792, 'I_gpe': 0.8767120127521625, 'I_gpi': 2.021910799374414, 'noise_stn_sigma': 5.647702914231036, 'noise_gpe_sigma': 91.79097923641078, 'noise_gpi_sigma': 71.8186970067315, 'g_stn_gpe_mult': 1.6116660677120547, 'g_gpe_stn_mult': 0.23482500901252246, 'g_stn_gpi_mult': 2.3282006302946465, 'g_gpe_gpi_mult': 0.8762304952496156}. Best is trial 119 with value: 0.2337670588460598.
[I 2026-05-28 01:03:53,006] Trial 928 finished with value: 0.8866441292154753 and parameters: {'ISTN': 75.12929139936159, 'I_gpe': 0.8992370429524328, 'I_gpi': 1.941411564207119, 'noise_stn_sigma': 5.500815650901739, 'noise_gpe_sigma': 92.8161379304692, 'noise_gpi_sigma': 67.64480826627502, 'g_stn_gpe_mult': 1.6336559438781595, 'g_gpe_stn_mult': 0.22179756566058761, 'g_stn_gpi_mult': 2.325559936468309, 'g_gpe_gpi_mult': 0.8949354316106475}. Best is trial 119 with value: 0.2337670588460598.
[I 2026-05-28 01:03:54,018] Trial 929 finished with value: 0.8902640946972421 and parameters: {'ISTN': 74.50041068446613, 'I_gpe': 0.8954313894462685, 'I_gpi': 2.0714646832643906, 'noise_stn_sigma': 5.625593106967837, 'noise_gpe_sigma': 92.94969402102929, 'noise_gpi_sigma': 67.69346895835321, 'g_stn_gpe_mult': 1.568500606355701, 'g_gpe_stn_mult': 0.23634921908654072, 'g_stn_gpi_mult': 2.369765909037645, 'g_gpe_gpi_mult': 0.8679597258486287}. Best is trial 119 with value: 0.2337670588460598.
[I 2026-05-28 01:03:55,026] Trial 930 finished with value: 1.6863788710340955 and parameters: {'ISTN': 75.47403062826952, 'I_gpe': 0.8615364612664098, 'I_gpi': 1.8523550631217098, 'noise_stn_sigma': 5.736991512070552, 'noise_gpe_sigma': 91.8403493210553, 'noise_gpi_sigma': 66.72341794540444, 'g_stn_gpe_mult': 1.6493941132885563, 'g_gpe_stn_mult': 0.2436201978156412, 'g_stn_gpi_mult': 2.40681260956731, 'g_gpe_gpi_mult': 0.8688779110911662}. Best is trial 119 with value: 0.2337670588460598.
[I 2026-05-28 01:03:56,039] Trial 931 finished with value: 0.8960121598406499 and parameters: {'ISTN': 74.91590436391236, 'I_gpe': 0.9013766219602928, 'I_gpi': 1.9844314206794427, 'noise_stn_sigma': 5.407366625789609, 'noise_gpe_sigma': 93.01575615906654, 'noise_gpi_sigma': 68.5853815309275, 'g_stn_gpe_mult': 1.679341585380827, 'g_gpe_stn_mult': 0.23065256824846656, 'g_stn_gpi_mult': 2.3653217247293323, 'g_gpe_gpi_mult': 0.9016565778969241}. Best is trial 119 with value: 0.2337670588460598.
[I 2026-05-28 01:03:57,048] Trial 932 finished with value: 0.8628576082548984 and parameters: {'ISTN': 73.87078900816356, 'I_gpe': 0.8791686337929325, 'I_gpi': 2.009462440790624, 'noise_stn_sigma': 5.3462868670568975, 'noise_gpe_sigma': 94.8146027771444, 'noise_gpi_sigma': 70.84773013414822, 'g_stn_gpe_mult': 1.6276038089569544, 'g_gpe_stn_mult': 0.24770987816347328, 'g_stn_gpi_mult': 2.286173141303279, 'g_gpe_gpi_mult': 0.8460633427880428}. Best is trial 119 with value: 0.2337670588460598.
[I 2026-05-28 01:03:58,059] Trial 933 finished with value: 0.9266453159251963 and parameters: {'ISTN': 72.57246984333733, 'I_gpe': 0.8893525848904356, 'I_gpi': 2.1800948524510413, 'noise_stn_sigma': 5.571079039846561, 'noise_gpe_sigma': 90.16212139589884, 'noise_gpi_sigma': 69.47821705907984, 'g_stn_gpe_mult': 1.554260554715953, 'g_gpe_stn_mult': 0.2633576353880598, 'g_stn_gpi_mult': 2.36154863248416, 'g_gpe_gpi_mult': 0.853421943880087}. Best is trial 119 with value: 0.2337670588460598.
[I 2026-05-28 01:03:59,068] Trial 934 finished with value: 0.8898910460450734 and parameters: {'ISTN': 73.39096319151689, 'I_gpe': 0.8510802961089281, 'I_gpi': 2.07847310832691, 'noise_stn_sigma': 5.549839098124499, 'noise_gpe_sigma': 90.25198934049233, 'noise_gpi_sigma': 71.32815728815686, 'g_stn_gpe_mult': 1.622619316453437, 'g_gpe_stn_mult': 0.2572801500679549, 'g_stn_gpi_mult': 2.298353485555279, 'g_gpe_gpi_mult': 0.8316164885948616}. Best is trial 119 with value: 0.2337670588460598.
[I 2026-05-28 01:04:00,079] Trial 935 finished with value: 0.894527402890759 and parameters: {'ISTN': 74.25168244918679, 'I_gpe': 0.8368733992054709, 'I_gpi': 1.9639306807751942, 'noise_stn_sigma': 5.3582240703032396, 'noise_gpe_sigma': 93.41961024920255, 'noise_gpi_sigma': 70.5294274892347, 'g_stn_gpe_mult': 1.598296346812979, 'g_gpe_stn_mult': 0.2465119819081773, 'g_stn_gpi_mult': 2.3279411001939607, 'g_gpe_gpi_mult': 0.8514670168936518}. Best is trial 119 with value: 0.2337670588460598.
[I 2026-05-28 01:04:01,090] Trial 936 finished with value: 0.8598800310126864 and parameters: {'ISTN': 73.09302339295085, 'I_gpe': 0.859987331333703, 'I_gpi': 2.0402555054268676, 'noise_stn_sigma': 5.270128778995984, 'noise_gpe_sigma': 90.41543967808433, 'noise_gpi_sigma': 69.99018351926799, 'g_stn_gpe_mult': 1.6070083694769572, 'g_gpe_stn_mult': 0.26388536200190127, 'g_stn_gpi_mult': 2.2724080730233664, 'g_gpe_gpi_mult': 0.8547978799920162}. Best is trial 119 with value: 0.2337670588460598.
[I 2026-05-28 01:04:02,100] Trial 937 finished with value: 1.5616923960492595 and parameters: {'ISTN': 72.47922171885399, 'I_gpe': 0.9013491737919146, 'I_gpi': 2.2817884757556923, 'noise_stn_sigma': 5.428865525030796, 'noise_gpe_sigma': 87.94160914924215, 'noise_gpi_sigma': 71.39889644550169, 'g_stn_gpe_mult': 1.5718020474404981, 'g_gpe_stn_mult': 0.2661969938543224, 'g_stn_gpi_mult': 2.381649345088711, 'g_gpe_gpi_mult': 0.8474077431985352}. Best is trial 119 with value: 0.2337670588460598.
[I 2026-05-28 01:04:03,110] Trial 938 finished with value: 0.84635764908249 and parameters: {'ISTN': 72.67918117861733, 'I_gpe': 0.876272327064488, 'I_gpi': 2.1120403398917134, 'noise_stn_sigma': 5.329566620393491, 'noise_gpe_sigma': 91.80664848091087, 'noise_gpi_sigma': 66.2437550549387, 'g_stn_gpe_mult': 1.579147308269899, 'g_gpe_stn_mult': 0.2669190069170765, 'g_stn_gpi_mult': 2.2928966756910336, 'g_gpe_gpi_mult': 0.8700351740401899}. Best is trial 119 with value: 0.2337670588460598.
[I 2026-05-28 01:04:04,122] Trial 939 finished with value: 0.8781777414985635 and parameters: {'ISTN': 74.02912086714502, 'I_gpe': 0.8797237587685649, 'I_gpi': 2.09605478781907, 'noise_stn_sigma': 5.33075170015259, 'noise_gpe_sigma': 91.8975548419343, 'noise_gpi_sigma': 68.8528681904022, 'g_stn_gpe_mult': 1.6167004040379616, 'g_gpe_stn_mult': 0.24617648080002721, 'g_stn_gpi_mult': 2.3560469832615185, 'g_gpe_gpi_mult': 0.877771897973505}. Best is trial 119 with value: 0.2337670588460598.
[I 2026-05-28 01:04:05,132] Trial 940 finished with value: 0.9177847840519165 and parameters: {'ISTN': 73.68839624056625, 'I_gpe': 0.8546895637018423, 'I_gpi': 1.9917983627266749, 'noise_stn_sigma': 5.4969941918232115, 'noise_gpe_sigma': 91.27293789933253, 'noise_gpi_sigma': 67.7908452495071, 'g_stn_gpe_mult': 1.6027423198376796, 'g_gpe_stn_mult': 0.25998254595014236, 'g_stn_gpi_mult': 2.3416305965215276, 'g_gpe_gpi_mult': 0.8610846183274283}. Best is trial 119 with value: 0.2337670588460598.
[I 2026-05-28 01:04:06,146] Trial 941 finished with value: 0.9149410169899768 and parameters: {'ISTN': 73.99248557109647, 'I_gpe': 0.8612929529553874, 'I_gpi': 2.0663402655993606, 'noise_stn_sigma': 5.136743993983416, 'noise_gpe_sigma': 93.8641492022454, 'noise_gpi_sigma': 69.78061638182366, 'g_stn_gpe_mult': 1.6133026098291021, 'g_gpe_stn_mult': 0.26168705098564304, 'g_stn_gpi_mult': 2.228813882890802, 'g_gpe_gpi_mult': 0.8384795822163422}. Best is trial 119 with value: 0.2337670588460598.
[I 2026-05-28 01:04:07,155] Trial 942 finished with value: 1.4521950799441792 and parameters: {'ISTN': 72.69393720254578, 'I_gpe': 0.9049755279613936, 'I_gpi': 2.032797883312936, 'noise_stn_sigma': 5.398603355088536, 'noise_gpe_sigma': 91.82486202132391, 'noise_gpi_sigma': 67.34934327304661, 'g_stn_gpe_mult': 1.6083245532162678, 'g_gpe_stn_mult': 0.259775727741253, 'g_stn_gpi_mult': 2.273199748703217, 'g_gpe_gpi_mult': 0.8362706278460121}. Best is trial 119 with value: 0.2337670588460598.
[I 2026-05-28 01:04:08,167] Trial 943 finished with value: 0.8576886888571217 and parameters: {'ISTN': 73.06107224251454, 'I_gpe': 0.9010971504562212, 'I_gpi': 2.120825353288574, 'noise_stn_sigma': 5.321588318628077, 'noise_gpe_sigma': 89.89974972699912, 'noise_gpi_sigma': 68.09767501615931, 'g_stn_gpe_mult': 1.527285031964472, 'g_gpe_stn_mult': 0.2631640293295291, 'g_stn_gpi_mult': 2.3017535547061323, 'g_gpe_gpi_mult': 0.8621014011720365}. Best is trial 119 with value: 0.2337670588460598.
[I 2026-05-28 01:04:09,177] Trial 944 finished with value: 0.8404253500041979 and parameters: {'ISTN': 71.84861559092548, 'I_gpe': 0.8853134654233507, 'I_gpi': 2.1044433968189784, 'noise_stn_sigma': 5.040373778505796, 'noise_gpe_sigma': 91.65385566668415, 'noise_gpi_sigma': 66.53765003853482, 'g_stn_gpe_mult': 1.5429323516425526, 'g_gpe_stn_mult': 0.2856315346068684, 'g_stn_gpi_mult': 2.2299483144052403, 'g_gpe_gpi_mult': 0.843079796575299}. Best is trial 119 with value: 0.2337670588460598.
[I 2026-05-28 01:04:10,189] Trial 945 finished with value: 0.8202151819520069 and parameters: {'ISTN': 72.36969523465129, 'I_gpe': 0.821712790555423, 'I_gpi': 1.9996819284548635, 'noise_stn_sigma': 4.906002421739514, 'noise_gpe_sigma': 93.14730594857116, 'noise_gpi_sigma': 66.7716762190993, 'g_stn_gpe_mult': 1.6300571538071424, 'g_gpe_stn_mult': 0.26785414420019277, 'g_stn_gpi_mult': 2.1944361489000066, 'g_gpe_gpi_mult': 0.8657417178387068}. Best is trial 119 with value: 0.2337670588460598.
[I 2026-05-28 01:04:11,201] Trial 946 finished with value: 0.8592413457662467 and parameters: {'ISTN': 72.99543648475571, 'I_gpe': 0.8567340717578523, 'I_gpi': 1.9029631360016879, 'noise_stn_sigma': 5.182303912882053, 'noise_gpe_sigma': 95.70071037984651, 'noise_gpi_sigma': 66.40979850911287, 'g_stn_gpe_mult': 1.654085113306982, 'g_gpe_stn_mult': 0.2648670423848712, 'g_stn_gpi_mult': 2.287188840545909, 'g_gpe_gpi_mult': 0.8695413671609094}. Best is trial 119 with value: 0.2337670588460598.
[I 2026-05-28 01:04:12,212] Trial 947 finished with value: 2.782482277984694 and parameters: {'ISTN': 71.33886094533341, 'I_gpe': 0.9088650878305088, 'I_gpi': 2.220700442556078, 'noise_stn_sigma': 5.185303311424015, 'noise_gpe_sigma': 87.94912224982326, 'noise_gpi_sigma': 69.16526260199964, 'g_stn_gpe_mult': 1.5992989760756045, 'g_gpe_stn_mult': 0.2712201597967815, 'g_stn_gpi_mult': 2.2600052822359924, 'g_gpe_gpi_mult': 0.8522070564014772}. Best is trial 119 with value: 0.2337670588460598.
[I 2026-05-28 01:04:13,224] Trial 948 finished with value: 0.9585210515557215 and parameters: {'ISTN': 72.86657944684413, 'I_gpe': 0.8843856981765297, 'I_gpi': 1.9307448520078143, 'noise_stn_sigma': 5.519165166868934, 'noise_gpe_sigma': 90.85393542638258, 'noise_gpi_sigma': 65.7440689059313, 'g_stn_gpe_mult': 1.5437206649625266, 'g_gpe_stn_mult': 0.25857505385760193, 'g_stn_gpi_mult': 2.2944790172447322, 'g_gpe_gpi_mult': 0.8555019603785377}. Best is trial 119 with value: 0.2337670588460598.
[I 2026-05-28 01:04:14,235] Trial 949 finished with value: 0.9214162865102594 and parameters: {'ISTN': 73.46405760915408, 'I_gpe': 0.874050684617359, 'I_gpi': 2.076491520419359, 'noise_stn_sigma': 5.239901567440901, 'noise_gpe_sigma': 94.11053568548236, 'noise_gpi_sigma': 65.71383581308251, 'g_stn_gpe_mult': 1.5185948283410537, 'g_gpe_stn_mult': 0.27542763393273406, 'g_stn_gpi_mult': 2.260137594977068, 'g_gpe_gpi_mult': 0.8567514401095864}. Best is trial 119 with value: 0.2337670588460598.
[I 2026-05-28 01:04:15,246] Trial 950 finished with value: 1.0435105935120352 and parameters: {'ISTN': 72.75386328690408, 'I_gpe': 0.8716426439031562, 'I_gpi': 2.0526635954723194, 'noise_stn_sigma': 5.196092456955985, 'noise_gpe_sigma': 90.43932885792086, 'noise_gpi_sigma': 68.48398902296947, 'g_stn_gpe_mult': 1.5838020506875075, 'g_gpe_stn_mult': 0.25835875872608083, 'g_stn_gpi_mult': 2.293086013692045, 'g_gpe_gpi_mult': 0.8837155055618824}. Best is trial 119 with value: 0.2337670588460598.
[I 2026-05-28 01:04:16,257] Trial 951 finished with value: 0.8913216236181905 and parameters: {'ISTN': 74.30359849376984, 'I_gpe': 0.8448623466995359, 'I_gpi': 1.8888928954343036, 'noise_stn_sigma': 5.116401809154558, 'noise_gpe_sigma': 93.37799771099785, 'noise_gpi_sigma': 64.30015137281808, 'g_stn_gpe_mult': 1.7447367953961008, 'g_gpe_stn_mult': 0.25153352944271085, 'g_stn_gpi_mult': 2.232640551018134, 'g_gpe_gpi_mult': 0.9089368722034123}. Best is trial 119 with value: 0.2337670588460598.
[I 2026-05-28 01:04:17,268] Trial 952 finished with value: 1.1054840847920935 and parameters: {'ISTN': 73.8306184470652, 'I_gpe': 0.8710273436870088, 'I_gpi': 2.185745183323254, 'noise_stn_sigma': 5.3027726484335584, 'noise_gpe_sigma': 90.2934242491666, 'noise_gpi_sigma': 73.10062719316804, 'g_stn_gpe_mult': 1.5273758382491383, 'g_gpe_stn_mult': 0.27812956278101253, 'g_stn_gpi_mult': 2.269762464273734, 'g_gpe_gpi_mult': 0.8001319200478418}. Best is trial 119 with value: 0.2337670588460598.
[I 2026-05-28 01:04:18,277] Trial 953 finished with value: 1.8589846545934599 and parameters: {'ISTN': 71.49719356480368, 'I_gpe': 0.8962648303486276, 'I_gpi': 2.1080506962956633, 'noise_stn_sigma': 5.126680581433171, 'noise_gpe_sigma': 94.69619634976806, 'noise_gpi_sigma': 68.09573621215992, 'g_stn_gpe_mult': 1.5631974810526998, 'g_gpe_stn_mult': 0.28029620579427317, 'g_stn_gpi_mult': 2.2244056511351884, 'g_gpe_gpi_mult': 0.8228196621817223}. Best is trial 119 with value: 0.2337670588460598.
[I 2026-05-28 01:04:19,289] Trial 954 finished with value: 0.9239066712855942 and parameters: {'ISTN': 72.77413506642934, 'I_gpe': 0.813022748124937, 'I_gpi': 1.9307252159015658, 'noise_stn_sigma': 5.153259455176618, 'noise_gpe_sigma': 93.21006731577214, 'noise_gpi_sigma': 65.68143763028506, 'g_stn_gpe_mult': 1.6027782688044276, 'g_gpe_stn_mult': 0.2573202846278223, 'g_stn_gpi_mult': 2.232143629716454, 'g_gpe_gpi_mult': 0.8605882574955022}. Best is trial 119 with value: 0.2337670588460598.
[I 2026-05-28 01:04:20,300] Trial 955 finished with value: 0.8793384400855047 and parameters: {'ISTN': 73.14392537690932, 'I_gpe': 0.8792834601091934, 'I_gpi': 1.9386989441437072, 'noise_stn_sigma': 5.1760833840227845, 'noise_gpe_sigma': 90.99707344912346, 'noise_gpi_sigma': 64.53080231342955, 'g_stn_gpe_mult': 1.5378994549071623, 'g_gpe_stn_mult': 0.27256644585822154, 'g_stn_gpi_mult': 2.183574522010352, 'g_gpe_gpi_mult': 0.855348666586105}. Best is trial 119 with value: 0.2337670588460598.
[I 2026-05-28 01:04:21,312] Trial 956 finished with value: 0.8392843667260445 and parameters: {'ISTN': 72.45034343002192, 'I_gpe': 0.8907201969938563, 'I_gpi': 2.0593809022546594, 'noise_stn_sigma': 4.959738925719644, 'noise_gpe_sigma': 94.45205520308969, 'noise_gpi_sigma': 67.84021687674014, 'g_stn_gpe_mult': 1.573250597713632, 'g_gpe_stn_mult': 0.27326766697846006, 'g_stn_gpi_mult': 2.272920255300807, 'g_gpe_gpi_mult': 0.83769147619954}. Best is trial 119 with value: 0.2337670588460598.
[I 2026-05-28 01:04:22,322] Trial 957 finished with value: 1.6694256532887555 and parameters: {'ISTN': 73.73625812367162, 'I_gpe': 0.829040574397239, 'I_gpi': 2.056186592791632, 'noise_stn_sigma': 5.118629831188062, 'noise_gpe_sigma': 90.8736494191216, 'noise_gpi_sigma': 69.42928181172107, 'g_stn_gpe_mult': 1.6638722634508603, 'g_gpe_stn_mult': 0.27145695269617237, 'g_stn_gpi_mult': 2.1999624872152888, 'g_gpe_gpi_mult': 0.8599343795478769}. Best is trial 119 with value: 0.2337670588460598.
[I 2026-05-28 01:04:23,333] Trial 958 finished with value: 0.8345816328523615 and parameters: {'ISTN': 72.99351134035221, 'I_gpe': 0.8553975896711842, 'I_gpi': 2.0168498679235167, 'noise_stn_sigma': 4.9384361607545815, 'noise_gpe_sigma': 94.32182653095329, 'noise_gpi_sigma': 67.29304820270197, 'g_stn_gpe_mult': 1.6374115952271073, 'g_gpe_stn_mult': 0.26114329606264974, 'g_stn_gpi_mult': 2.303113409237649, 'g_gpe_gpi_mult': 0.8606902942111345}. Best is trial 119 with value: 0.2337670588460598.
[I 2026-05-28 01:04:24,344] Trial 959 finished with value: 0.8335961848566497 and parameters: {'ISTN': 72.20845446072893, 'I_gpe': 0.8312784185146933, 'I_gpi': 2.0784550477742876, 'noise_stn_sigma': 4.83985919657541, 'noise_gpe_sigma': 95.0949404664309, 'noise_gpi_sigma': 69.29777818278161, 'g_stn_gpe_mult': 1.6249906880568128, 'g_gpe_stn_mult': 0.2775603793293572, 'g_stn_gpi_mult': 2.175684668380704, 'g_gpe_gpi_mult': 0.8249191628328869}. Best is trial 119 with value: 0.2337670588460598.
[I 2026-05-28 01:04:25,356] Trial 960 finished with value: 0.8380634331823471 and parameters: {'ISTN': 71.4254606130818, 'I_gpe': 0.8873207395642542, 'I_gpi': 2.2164069101592876, 'noise_stn_sigma': 4.79468802853928, 'noise_gpe_sigma': 91.38813856912633, 'noise_gpi_sigma': 69.10484920974153, 'g_stn_gpe_mult': 1.50967811256826, 'g_gpe_stn_mult': 0.30162339312022474, 'g_stn_gpi_mult': 2.1723785164440774, 'g_gpe_gpi_mult': 0.8056948133543704}. Best is trial 119 with value: 0.2337670588460598.
[I 2026-05-28 01:04:26,367] Trial 961 finished with value: 0.8646810130433638 and parameters: {'ISTN': 73.69605096381312, 'I_gpe': 0.8205672521263804, 'I_gpi': 2.082391054969219, 'noise_stn_sigma': 4.990236100651169, 'noise_gpe_sigma': 98.6807054919219, 'noise_gpi_sigma': 69.37273524609674, 'g_stn_gpe_mult': 1.6379608552952256, 'g_gpe_stn_mult': 0.26368816461387884, 'g_stn_gpi_mult': 2.1862983539298533, 'g_gpe_gpi_mult': 0.8321086894287217}. Best is trial 119 with value: 0.2337670588460598.
[I 2026-05-28 01:04:27,377] Trial 962 finished with value: 1.1191918979847648 and parameters: {'ISTN': 71.48894434671189, 'I_gpe': 0.8787508121345687, 'I_gpi': 2.036940017101377, 'noise_stn_sigma': 4.703217664834424, 'noise_gpe_sigma': 95.72271724689676, 'noise_gpi_sigma': 65.99191581871358, 'g_stn_gpe_mult': 1.5486067105679926, 'g_gpe_stn_mult': 0.2823263367415597, 'g_stn_gpi_mult': 2.2065502991416723, 'g_gpe_gpi_mult': 0.8506123230662181}. Best is trial 119 with value: 0.2337670588460598.
[I 2026-05-28 01:04:28,389] Trial 963 finished with value: 2.7039585581438628 and parameters: {'ISTN': 71.9961505280651, 'I_gpe': 0.8384488913801311, 'I_gpi': 2.018758203561992, 'noise_stn_sigma': 4.84106076792966, 'noise_gpe_sigma': 96.86481528103236, 'noise_gpi_sigma': 68.24541300184586, 'g_stn_gpe_mult': 1.6987176052360717, 'g_gpe_stn_mult': 0.27025518829566875, 'g_stn_gpi_mult': 2.294556761652717, 'g_gpe_gpi_mult': 0.8369963356323347}. Best is trial 119 with value: 0.2337670588460598.
[I 2026-05-28 01:04:29,402] Trial 964 finished with value: 8.08146237730604 and parameters: {'ISTN': 72.03714633043742, 'I_gpe': 0.9123614158604166, 'I_gpi': 1.8234540375219723, 'noise_stn_sigma': 5.261612533800386, 'noise_gpe_sigma': 95.3841744168643, 'noise_gpi_sigma': 63.136643228795144, 'g_stn_gpe_mult': 1.6217782789805502, 'g_gpe_stn_mult': 0.24436959836070513, 'g_stn_gpi_mult': 2.287590990736508, 'g_gpe_gpi_mult': 0.9107188961966906}. Best is trial 119 with value: 0.2337670588460598.
[I 2026-05-28 01:04:30,417] Trial 965 finished with value: 4.37083932529499 and parameters: {'ISTN': 72.23395625057894, 'I_gpe': 0.8073120274474116, 'I_gpi': 1.9804723285811243, 'noise_stn_sigma': 4.431414005373999, 'noise_gpe_sigma': 101.62704714969225, 'noise_gpi_sigma': 71.06568379150625, 'g_stn_gpe_mult': 1.758289319990696, 'g_gpe_stn_mult': 0.2639689844484425, 'g_stn_gpi_mult': 2.098790200993766, 'g_gpe_gpi_mult': 0.830906243169913}. Best is trial 119 with value: 0.2337670588460598.
[I 2026-05-28 01:04:31,426] Trial 966 finished with value: 3.191536920149155 and parameters: {'ISTN': 71.59510078801831, 'I_gpe': 0.8129883888054126, 'I_gpi': 1.8608289761137753, 'noise_stn_sigma': 4.796684544104926, 'noise_gpe_sigma': 96.36808163645622, 'noise_gpi_sigma': 67.54926778812185, 'g_stn_gpe_mult': 1.7386850723110099, 'g_gpe_stn_mult': 0.2741538949608761, 'g_stn_gpi_mult': 2.2347168112009648, 'g_gpe_gpi_mult': 0.880185495407523}. Best is trial 119 with value: 0.2337670588460598.
[I 2026-05-28 01:04:32,438] Trial 967 finished with value: 0.8580758087463838 and parameters: {'ISTN': 73.65203330925102, 'I_gpe': 0.9139864331566696, 'I_gpi': 1.9939847330633174, 'noise_stn_sigma': 5.033810199086072, 'noise_gpe_sigma': 98.12770617025336, 'noise_gpi_sigma': 67.61082501541844, 'g_stn_gpe_mult': 1.6315917438683722, 'g_gpe_stn_mult': 0.25192563496113385, 'g_stn_gpi_mult': 2.2136203212145937, 'g_gpe_gpi_mult': 0.8056012823076102}. Best is trial 119 with value: 0.2337670588460598.
