[I 2026-05-28 01:00:51,121] Trial 748 finished with value: 1.1440993264780719 and parameters: {'ISTN': 75.85416168385703, 'I_gpe': 0.9170124991807249, 'I_gpi': 2.3378698288654656, 'noise_stn_sigma': 6.0945621038774185, 'noise_gpe_sigma': 90.57813412049963, 'noise_gpi_sigma': 72.18069494659164, 'g_stn_gpe_mult': 1.5063204846167662, 'g_gpe_stn_mult': 0.239315876747618, 'g_stn_gpi_mult': 2.4084821450197063, 'g_gpe_gpi_mult': 0.8671434674215364}. Best is trial 119 with value: 0.2337670588460598.
[I 2026-05-28 01:00:52,133] Trial 749 finished with value: 1.0347407816340437 and parameters: {'ISTN': 75.33691499322182, 'I_gpe': 0.9287330072745668, 'I_gpi': 2.4663559875288574, 'noise_stn_sigma': 6.167898782547603, 'noise_gpe_sigma': 84.34380940852958, 'noise_gpi_sigma': 80.95468401433692, 'g_stn_gpe_mult': 1.6294771765004161, 'g_gpe_stn_mult': 0.21867991653204405, 'g_stn_gpi_mult': 2.450531698307408, 'g_gpe_gpi_mult': 0.8369435552115683}. Best is trial 119 with value: 0.2337670588460598.
[I 2026-05-28 01:00:53,146] Trial 750 finished with value: 2.637539063005984 and parameters: {'ISTN': 74.79402681319556, 'I_gpe': 0.9044597399850001, 'I_gpi': 2.320539715442389, 'noise_stn_sigma': 5.826973539493716, 'noise_gpe_sigma': 92.07100334385854, 'noise_gpi_sigma': 76.06004894589424, 'g_stn_gpe_mult': 1.6631123749822374, 'g_gpe_stn_mult': 0.20966907955154912, 'g_stn_gpi_mult': 2.412861866086904, 'g_gpe_gpi_mult': 0.8402376881558054}. Best is trial 119 with value: 0.2337670588460598.
[I 2026-05-28 01:00:54,163] Trial 751 finished with value: 1.0978899901105197 and parameters: {'ISTN': 75.13150956902544, 'I_gpe': 0.9354822918403933, 'I_gpi': 2.4958175566684426, 'noise_stn_sigma': 6.26192215644466, 'noise_gpe_sigma': 83.68206142525464, 'noise_gpi_sigma': 79.41221250483974, 'g_stn_gpe_mult': 1.6529981737945114, 'g_gpe_stn_mult': 0.2381999020727527, 'g_stn_gpi_mult': 2.5845212100525674, 'g_gpe_gpi_mult': 0.8491283174486159}. Best is trial 119 with value: 0.2337670588460598.
[I 2026-05-28 01:00:55,176] Trial 752 finished with value: 4.695269634666228 and parameters: {'ISTN': 74.32322550213519, 'I_gpe': 1.0018253940542046, 'I_gpi': 2.2485939199345757, 'noise_stn_sigma': 6.361724908149268, 'noise_gpe_sigma': 87.75648031919582, 'noise_gpi_sigma': 79.70167196008131, 'g_stn_gpe_mult': 1.734490380169796, 'g_gpe_stn_mult': 0.22095729515417026, 'g_stn_gpi_mult': 2.4711954436730843, 'g_gpe_gpi_mult': 0.8647685573339456}. Best is trial 119 with value: 0.2337670588460598.
[I 2026-05-28 01:00:56,188] Trial 753 finished with value: 0.9850510516211416 and parameters: {'ISTN': 76.43569995179193, 'I_gpe': 0.8836044079281491, 'I_gpi': 2.1261611909682916, 'noise_stn_sigma': 5.864220198650286, 'noise_gpe_sigma': 89.68968961797874, 'noise_gpi_sigma': 78.96714119907452, 'g_stn_gpe_mult': 1.7594878380936771, 'g_gpe_stn_mult': 0.21305200808199776, 'g_stn_gpi_mult': 2.3576709061725207, 'g_gpe_gpi_mult': 0.8649794880632051}. Best is trial 119 with value: 0.2337670588460598.
[I 2026-05-28 01:00:57,199] Trial 754 finished with value: 1.0224997978061778 and parameters: {'ISTN': 75.44543978780311, 'I_gpe': 0.8911838383094675, 'I_gpi': 2.332231947185413, 'noise_stn_sigma': 6.2264237253169945, 'noise_gpe_sigma': 88.73105704405826, 'noise_gpi_sigma': 75.16006287058545, 'g_stn_gpe_mult': 1.5682170966476587, 'g_gpe_stn_mult': 0.23121310260585434, 'g_stn_gpi_mult': 2.4271947881998885, 'g_gpe_gpi_mult': 0.8266528342662081}. Best is trial 119 with value: 0.2337670588460598.
[I 2026-05-28 01:00:58,212] Trial 755 finished with value: 1.218025359635974 and parameters: {'ISTN': 76.70421103250172, 'I_gpe': 0.9382671305907371, 'I_gpi': 2.319432156831331, 'noise_stn_sigma': 6.1007333931129315, 'noise_gpe_sigma': 85.85678233708472, 'noise_gpi_sigma': 83.20120325789628, 'g_stn_gpe_mult': 1.6232498486593263, 'g_gpe_stn_mult': 0.2180734489728577, 'g_stn_gpi_mult': 2.393581732880225, 'g_gpe_gpi_mult': 0.8381715320841499}. Best is trial 119 with value: 0.2337670588460598.
[I 2026-05-28 01:00:59,224] Trial 756 finished with value: 0.9938045820542999 and parameters: {'ISTN': 74.54563465584229, 'I_gpe': 0.9085476132875059, 'I_gpi': 2.366754572599819, 'noise_stn_sigma': 6.1334923002878545, 'noise_gpe_sigma': 83.65959187507582, 'noise_gpi_sigma': 76.38907801417503, 'g_stn_gpe_mult': 1.631666561428605, 'g_gpe_stn_mult': 0.2345846007287147, 'g_stn_gpi_mult': 2.5177663155792804, 'g_gpe_gpi_mult': 0.9039308630526472}. Best is trial 119 with value: 0.2337670588460598.
[I 2026-05-28 01:01:00,235] Trial 757 finished with value: 1.1259923400483143 and parameters: {'ISTN': 75.90985300589404, 'I_gpe': 0.9769529800360428, 'I_gpi': 2.415501472417267, 'noise_stn_sigma': 6.1349899542489545, 'noise_gpe_sigma': 90.15022450080761, 'noise_gpi_sigma': 74.52957533545765, 'g_stn_gpe_mult': 1.6554433550724614, 'g_gpe_stn_mult': 0.22514046692772965, 'g_stn_gpi_mult': 2.451368687704402, 'g_gpe_gpi_mult': 0.8202040576669034}. Best is trial 119 with value: 0.2337670588460598.
[I 2026-05-28 01:01:01,247] Trial 758 finished with value: 1.0150962007736557 and parameters: {'ISTN': 73.64843831113492, 'I_gpe': 0.9187443547927217, 'I_gpi': 2.530044260422228, 'noise_stn_sigma': 6.151299921001371, 'noise_gpe_sigma': 82.67092642538073, 'noise_gpi_sigma': 79.05216615370612, 'g_stn_gpe_mult': 1.6267940349122068, 'g_gpe_stn_mult': 0.24717180553496448, 'g_stn_gpi_mult': 2.371576079039646, 'g_gpe_gpi_mult': 0.8346774133651707}. Best is trial 119 with value: 0.2337670588460598.
[I 2026-05-28 01:01:02,261] Trial 759 finished with value: 3.215004360844979 and parameters: {'ISTN': 75.60993686099332, 'I_gpe': 1.0079617410651318, 'I_gpi': 2.255798841227224, 'noise_stn_sigma': 6.001844802437457, 'noise_gpe_sigma': 83.00581831745433, 'noise_gpi_sigma': 77.7196203201785, 'g_stn_gpe_mult': 1.6101327248759578, 'g_gpe_stn_mult': 0.19566213403398097, 'g_stn_gpi_mult': 2.4665600431858143, 'g_gpe_gpi_mult': 0.8436052478658951}. Best is trial 119 with value: 0.2337670588460598.
[I 2026-05-28 01:01:03,272] Trial 760 finished with value: 0.9609198664618127 and parameters: {'ISTN': 74.69656197159821, 'I_gpe': 0.9569805122179462, 'I_gpi': 2.2827167375894564, 'noise_stn_sigma': 5.860698114828409, 'noise_gpe_sigma': 88.55549881667831, 'noise_gpi_sigma': 72.29313464765973, 'g_stn_gpe_mult': 1.696083075715745, 'g_gpe_stn_mult': 0.23593083527235428, 'g_stn_gpi_mult': 2.5372378275548177, 'g_gpe_gpi_mult': 0.849124323567898}. Best is trial 119 with value: 0.2337670588460598.
[I 2026-05-28 01:01:04,286] Trial 761 finished with value: 1.1574036423715794 and parameters: {'ISTN': 78.67728714328217, 'I_gpe': 0.8976071575231592, 'I_gpi': 1.9315697249200046, 'noise_stn_sigma': 6.042567851980236, 'noise_gpe_sigma': 89.6869904435062, 'noise_gpi_sigma': 74.05969441729809, 'g_stn_gpe_mult': 1.687003924929853, 'g_gpe_stn_mult': 0.19427032185757726, 'g_stn_gpi_mult': 2.447644565812118, 'g_gpe_gpi_mult': 0.9098031643147191}. Best is trial 119 with value: 0.2337670588460598.
[I 2026-05-28 01:01:05,299] Trial 762 finished with value: 2.58782713522633 and parameters: {'ISTN': 75.79881329063247, 'I_gpe': 0.8145382132422245, 'I_gpi': 2.31944671804395, 'noise_stn_sigma': 5.967574134665363, 'noise_gpe_sigma': 83.97381896004592, 'noise_gpi_sigma': 77.82716358108834, 'g_stn_gpe_mult': 1.6575431856169058, 'g_gpe_stn_mult': 0.23590490441517095, 'g_stn_gpi_mult': 2.4371196147589957, 'g_gpe_gpi_mult': 0.9210626584438022}. Best is trial 119 with value: 0.2337670588460598.
[I 2026-05-28 01:01:06,311] Trial 763 finished with value: 1.0882898658811084 and parameters: {'ISTN': 74.86164381449942, 'I_gpe': 0.9094892785727454, 'I_gpi': 2.5875936040856073, 'noise_stn_sigma': 5.965332178695391, 'noise_gpe_sigma': 82.60303495097793, 'noise_gpi_sigma': 77.71687331858756, 'g_stn_gpe_mult': 1.618331435546506, 'g_gpe_stn_mult': 0.23205332884840468, 'g_stn_gpi_mult': 2.389684316516334, 'g_gpe_gpi_mult': 0.8379568842077285}. Best is trial 119 with value: 0.2337670588460598.
[I 2026-05-28 01:01:07,322] Trial 764 finished with value: 1.835823450291923 and parameters: {'ISTN': 75.92824645148585, 'I_gpe': 0.9980546595877821, 'I_gpi': 2.17073801010938, 'noise_stn_sigma': 5.754400202066245, 'noise_gpe_sigma': 91.72118917116521, 'noise_gpi_sigma': 71.5728640274605, 'g_stn_gpe_mult': 1.6680825074404664, 'g_gpe_stn_mult': 0.23008758184383937, 'g_stn_gpi_mult': 2.5127023072357586, 'g_gpe_gpi_mult': 0.8700143558842268}. Best is trial 119 with value: 0.2337670588460598.
[I 2026-05-28 01:01:08,333] Trial 765 finished with value: 0.9510055978281224 and parameters: {'ISTN': 76.6229172924501, 'I_gpe': 0.9057853907048761, 'I_gpi': 2.210239729462545, 'noise_stn_sigma': 5.909175092492658, 'noise_gpe_sigma': 92.7946875246189, 'noise_gpi_sigma': 78.67200500348392, 'g_stn_gpe_mult': 1.7827476670836049, 'g_gpe_stn_mult': 0.1967474365083302, 'g_stn_gpi_mult': 2.341819710063914, 'g_gpe_gpi_mult': 0.8755132186352563}. Best is trial 119 with value: 0.2337670588460598.
[I 2026-05-28 01:01:09,344] Trial 766 finished with value: 0.9716114934837294 and parameters: {'ISTN': 75.23934421820837, 'I_gpe': 0.8898222661736301, 'I_gpi': 2.1923611924068016, 'noise_stn_sigma': 5.8310468631048, 'noise_gpe_sigma': 89.29131040607753, 'noise_gpi_sigma': 74.43220981251824, 'g_stn_gpe_mult': 1.747178331728422, 'g_gpe_stn_mult': 0.23478229858202515, 'g_stn_gpi_mult': 2.4059914083408147, 'g_gpe_gpi_mult': 0.8624754556484526}. Best is trial 119 with value: 0.2337670588460598.
[I 2026-05-28 01:01:10,355] Trial 767 finished with value: 3.5381278103840237 and parameters: {'ISTN': 74.50309418951203, 'I_gpe': 0.9223990913217139, 'I_gpi': 2.239409434456716, 'noise_stn_sigma': 6.096027847248639, 'noise_gpe_sigma': 84.3361734811959, 'noise_gpi_sigma': 75.14895630605372, 'g_stn_gpe_mult': 1.8086212145626535, 'g_gpe_stn_mult': 0.21872153229547325, 'g_stn_gpi_mult': 2.558597453756911, 'g_gpe_gpi_mult': 0.9016725568916917}. Best is trial 119 with value: 0.2337670588460598.
[I 2026-05-28 01:01:11,365] Trial 768 finished with value: 0.8918847885044087 and parameters: {'ISTN': 74.97512010557885, 'I_gpe': 0.9186531579242903, 'I_gpi': 2.2008495122078213, 'noise_stn_sigma': 5.828113625577922, 'noise_gpe_sigma': 88.6612217950347, 'noise_gpi_sigma': 72.77157804377964, 'g_stn_gpe_mult': 1.769342203369889, 'g_gpe_stn_mult': 0.21493103668081842, 'g_stn_gpi_mult': 2.5056200081173188, 'g_gpe_gpi_mult': 0.9145372132858014}. Best is trial 119 with value: 0.2337670588460598.
[I 2026-05-28 01:01:12,376] Trial 769 finished with value: 1.0102679367026426 and parameters: {'ISTN': 74.23534380660392, 'I_gpe': 0.9227613911103856, 'I_gpi': 2.511034883270834, 'noise_stn_sigma': 5.792845158927783, 'noise_gpe_sigma': 85.57270442200597, 'noise_gpi_sigma': 77.75044229355908, 'g_stn_gpe_mult': 1.6949120250399141, 'g_gpe_stn_mult': 0.2391769939847202, 'g_stn_gpi_mult': 2.4009005796374465, 'g_gpe_gpi_mult': 0.8607899271709396}. Best is trial 119 with value: 0.2337670588460598.
[I 2026-05-28 01:01:13,384] Trial 770 finished with value: 1.0260499328700583 and parameters: {'ISTN': 75.0521228022323, 'I_gpe': 0.910113373261016, 'I_gpi': 2.4737265584494144, 'noise_stn_sigma': 6.035624453282221, 'noise_gpe_sigma': 83.39588093151286, 'noise_gpi_sigma': 77.62417025503086, 'g_stn_gpe_mult': 1.7477832397412263, 'g_gpe_stn_mult': 0.21848751740434652, 'g_stn_gpi_mult': 2.477804661972635, 'g_gpe_gpi_mult': 0.8572519497810063}. Best is trial 119 with value: 0.2337670588460598.
[I 2026-05-28 01:01:14,398] Trial 771 finished with value: 2.5858272957864856 and parameters: {'ISTN': 75.06951381947599, 'I_gpe': 0.9609972918236214, 'I_gpi': 2.3447085764365814, 'noise_stn_sigma': 5.766448354835678, 'noise_gpe_sigma': 87.51041979735278, 'noise_gpi_sigma': 73.34393334694497, 'g_stn_gpe_mult': 1.7610867977366775, 'g_gpe_stn_mult': 0.22068181000995138, 'g_stn_gpi_mult': 2.464699022288097, 'g_gpe_gpi_mult': 0.8992132579721663}. Best is trial 119 with value: 0.2337670588460598.
[I 2026-05-28 01:01:15,407] Trial 772 finished with value: 0.9421983594198685 and parameters: {'ISTN': 75.68322974966176, 'I_gpe': 0.9120566886258925, 'I_gpi': 2.1288708722419334, 'noise_stn_sigma': 5.896251717019477, 'noise_gpe_sigma': 93.09665969967988, 'noise_gpi_sigma': 72.19896377179012, 'g_stn_gpe_mult': 1.6955722736137973, 'g_gpe_stn_mult': 0.2194784818577468, 'g_stn_gpi_mult': 2.3987931112945713, 'g_gpe_gpi_mult': 0.8788286127426281}. Best is trial 119 with value: 0.2337670588460598.
[I 2026-05-28 01:01:16,418] Trial 773 finished with value: 0.9725560560899157 and parameters: {'ISTN': 75.22855269529288, 'I_gpe': 0.876532809728566, 'I_gpi': 2.3615760971391335, 'noise_stn_sigma': 5.6627602499371354, 'noise_gpe_sigma': 90.57514592361893, 'noise_gpi_sigma': 75.11545415895242, 'g_stn_gpe_mult': 1.5902375454229265, 'g_gpe_stn_mult': 0.22059954155139505, 'g_stn_gpi_mult': 2.3428385906743143, 'g_gpe_gpi_mult': 0.8820196338953499}. Best is trial 119 with value: 0.2337670588460598.
[I 2026-05-28 01:01:17,429] Trial 774 finished with value: 5.227407665378601 and parameters: {'ISTN': 73.84861721831409, 'I_gpe': 0.9325223423057314, 'I_gpi': 2.194911826833569, 'noise_stn_sigma': 5.956998413223711, 'noise_gpe_sigma': 89.60399680029043, 'noise_gpi_sigma': 77.59665608636945, 'g_stn_gpe_mult': 1.8249525690410078, 'g_gpe_stn_mult': 0.22270406999137737, 'g_stn_gpi_mult': 2.5594876591789455, 'g_gpe_gpi_mult': 0.8830051111892729}. Best is trial 119 with value: 0.2337670588460598.
[I 2026-05-28 01:01:18,439] Trial 775 finished with value: 0.929599727897517 and parameters: {'ISTN': 75.92891977903275, 'I_gpe': 0.8938763749719217, 'I_gpi': 2.05248492630248, 'noise_stn_sigma': 5.761985611853049, 'noise_gpe_sigma': 90.9233638531555, 'noise_gpi_sigma': 72.50757124433397, 'g_stn_gpe_mult': 1.7994757216081303, 'g_gpe_stn_mult': 0.20783669281693473, 'g_stn_gpi_mult': 2.410020859574833, 'g_gpe_gpi_mult': 0.8729382987440226}. Best is trial 119 with value: 0.2337670588460598.
[I 2026-05-28 01:01:19,448] Trial 776 finished with value: 1.1723495188652293 and parameters: {'ISTN': 76.10216607399741, 'I_gpe': 0.8960868958144448, 'I_gpi': 2.272135727576668, 'noise_stn_sigma': 6.054614447648159, 'noise_gpe_sigma': 88.26764543567458, 'noise_gpi_sigma': 78.29765790862658, 'g_stn_gpe_mult': 1.751829290498594, 'g_gpe_stn_mult': 0.2312136613075457, 'g_stn_gpi_mult': 2.455061116536405, 'g_gpe_gpi_mult': 0.8482222366486929}. Best is trial 119 with value: 0.2337670588460598.
[I 2026-05-28 01:01:20,458] Trial 777 finished with value: 1.083829700860244 and parameters: {'ISTN': 74.53645483173445, 'I_gpe': 0.9664036654068058, 'I_gpi': 2.519447076632023, 'noise_stn_sigma': 5.86653813716429, 'noise_gpe_sigma': 87.05027880366116, 'noise_gpi_sigma': 83.45650010514208, 'g_stn_gpe_mult': 1.7712983616843994, 'g_gpe_stn_mult': 0.24554819660777777, 'g_stn_gpi_mult': 2.5478952081631054, 'g_gpe_gpi_mult': 0.8109638032752322}. Best is trial 119 with value: 0.2337670588460598.
[I 2026-05-28 01:01:21,471] Trial 778 finished with value: 1.170060611063841 and parameters: {'ISTN': 77.86600783013613, 'I_gpe': 0.8951174030741123, 'I_gpi': 2.1971471709633317, 'noise_stn_sigma': 6.100411528843003, 'noise_gpe_sigma': 90.52533957956022, 'noise_gpi_sigma': 73.81595426582535, 'g_stn_gpe_mult': 1.7814313277869207, 'g_gpe_stn_mult': 0.20695924003713728, 'g_stn_gpi_mult': 2.487621205174359, 'g_gpe_gpi_mult': 0.9213384874197743}. Best is trial 119 with value: 0.2337670588460598.
[I 2026-05-28 01:01:22,485] Trial 779 finished with value: 3.7111151973702716 and parameters: {'ISTN': 74.38569984523588, 'I_gpe': 0.8719864852254839, 'I_gpi': 2.295862707166816, 'noise_stn_sigma': 5.5414513507125065, 'noise_gpe_sigma': 90.41513157986282, 'noise_gpi_sigma': 76.67376331158904, 'g_stn_gpe_mult': 1.7630211925582508, 'g_gpe_stn_mult': 0.21680891871884417, 'g_stn_gpi_mult': 2.4498191095015325, 'g_gpe_gpi_mult': 0.8854769284466459}. Best is trial 119 with value: 0.2337670588460598.
[I 2026-05-28 01:01:23,497] Trial 780 finished with value: 1.6203639769710083 and parameters: {'ISTN': 77.03339565435964, 'I_gpe': 0.9654964827301586, 'I_gpi': 2.1818376338487084, 'noise_stn_sigma': 6.217288940826153, 'noise_gpe_sigma': 91.24836210334212, 'noise_gpi_sigma': 75.67164239555032, 'g_stn_gpe_mult': 1.7814658889962598, 'g_gpe_stn_mult': 0.21595804811551766, 'g_stn_gpi_mult': 2.388792470489049, 'g_gpe_gpi_mult': 0.874963751585174}. Best is trial 119 with value: 0.2337670588460598.
[I 2026-05-28 01:01:24,507] Trial 781 finished with value: 1.213238046154229 and parameters: {'ISTN': 77.24203207383802, 'I_gpe': 0.9300865050633577, 'I_gpi': 2.441263256692939, 'noise_stn_sigma': 5.843573930084936, 'noise_gpe_sigma': 87.50257287713555, 'noise_gpi_sigma': 72.75068980377355, 'g_stn_gpe_mult': 1.6559212129674297, 'g_gpe_stn_mult': 0.20695340398316855, 'g_stn_gpi_mult': 2.4324181905900666, 'g_gpe_gpi_mult': 0.8907693679136828}. Best is trial 119 with value: 0.2337670588460598.
[I 2026-05-28 01:01:25,518] Trial 782 finished with value: 0.9218583318117611 and parameters: {'ISTN': 75.81047531790077, 'I_gpe': 0.9153102397698214, 'I_gpi': 2.166687950776537, 'noise_stn_sigma': 5.622763139445811, 'noise_gpe_sigma': 90.94633622259381, 'noise_gpi_sigma': 73.41013550453317, 'g_stn_gpe_mult': 1.6431724589564378, 'g_gpe_stn_mult': 0.2143996393906953, 'g_stn_gpi_mult': 2.3667271971531907, 'g_gpe_gpi_mult': 0.9137100584695161}. Best is trial 119 with value: 0.2337670588460598.
[I 2026-05-28 01:01:26,529] Trial 783 finished with value: 1.2689940461708398 and parameters: {'ISTN': 77.27940212141135, 'I_gpe': 0.9335887004619885, 'I_gpi': 2.1111734278753644, 'noise_stn_sigma': 6.129816943494573, 'noise_gpe_sigma': 87.71404121940814, 'noise_gpi_sigma': 69.46484780322892, 'g_stn_gpe_mult': 1.6140165652889122, 'g_gpe_stn_mult': 0.20658434562316236, 'g_stn_gpi_mult': 2.481869159564005, 'g_gpe_gpi_mult': 0.9138436032284292}. Best is trial 119 with value: 0.2337670588460598.
[I 2026-05-28 01:01:27,539] Trial 784 finished with value: 1.8063467309709118 and parameters: {'ISTN': 75.92304942972703, 'I_gpe': 0.9775053736561005, 'I_gpi': 2.2950430025235455, 'noise_stn_sigma': 5.755689274791246, 'noise_gpe_sigma': 96.693615515528, 'noise_gpi_sigma': 74.80960118918058, 'g_stn_gpe_mult': 1.7637996255768664, 'g_gpe_stn_mult': 0.22692120584603634, 'g_stn_gpi_mult': 2.5011304692000214, 'g_gpe_gpi_mult': 0.7766023658107521}. Best is trial 119 with value: 0.2337670588460598.
[I 2026-05-28 01:01:28,548] Trial 785 finished with value: 1.2071968956041375 and parameters: {'ISTN': 78.62306420019777, 'I_gpe': 0.890628039667925, 'I_gpi': 2.0875355999032776, 'noise_stn_sigma': 5.808785264983916, 'noise_gpe_sigma': 92.35693352224105, 'noise_gpi_sigma': 74.23158747015451, 'g_stn_gpe_mult': 1.7834612360186985, 'g_gpe_stn_mult': 0.1957085097413646, 'g_stn_gpi_mult': 2.3869082560722363, 'g_gpe_gpi_mult': 0.8284332581961253}. Best is trial 119 with value: 0.2337670588460598.
[I 2026-05-28 01:01:29,558] Trial 786 finished with value: 2.3870281975684806 and parameters: {'ISTN': 76.39231222727072, 'I_gpe': 0.9551183542997352, 'I_gpi': 2.14670383529823, 'noise_stn_sigma': 5.604703227487355, 'noise_gpe_sigma': 93.18506772206972, 'noise_gpi_sigma': 71.14533605006201, 'g_stn_gpe_mult': 1.8145898043561153, 'g_gpe_stn_mult': 0.21419815589083677, 'g_stn_gpi_mult': 2.375606993205989, 'g_gpe_gpi_mult': 0.9018831654236688}. Best is trial 119 with value: 0.2337670588460598.
[I 2026-05-28 01:01:30,568] Trial 787 finished with value: 1.222055508371667 and parameters: {'ISTN': 75.25425641906581, 'I_gpe': 0.9447690685872241, 'I_gpi': 2.0910372089519096, 'noise_stn_sigma': 5.933740486944411, 'noise_gpe_sigma': 89.55643536449081, 'noise_gpi_sigma': 74.10953719810333, 'g_stn_gpe_mult': 1.7415320767195512, 'g_gpe_stn_mult': 0.22659193250161191, 'g_stn_gpi_mult': 2.3489484147344246, 'g_gpe_gpi_mult': 0.8507717666733356}. Best is trial 119 with value: 0.2337670588460598.
[I 2026-05-28 01:01:31,579] Trial 788 finished with value: 0.9432830930943904 and parameters: {'ISTN': 76.32230243684586, 'I_gpe': 0.9035528721768398, 'I_gpi': 2.1413577923876943, 'noise_stn_sigma': 5.775183218437464, 'noise_gpe_sigma': 92.69120065320347, 'noise_gpi_sigma': 76.25716000397787, 'g_stn_gpe_mult': 1.75662321149056, 'g_gpe_stn_mult': 0.2014454887803858, 'g_stn_gpi_mult': 2.3710810343367865, 'g_gpe_gpi_mult': 0.9537641193013005}. Best is trial 119 with value: 0.2337670588460598.
[I 2026-05-28 01:01:32,589] Trial 789 finished with value: 0.9724718515828065 and parameters: {'ISTN': 74.37102493145886, 'I_gpe': 0.945654029190103, 'I_gpi': 2.3332858916655788, 'noise_stn_sigma': 5.8772412556703015, 'noise_gpe_sigma': 88.76276650721833, 'noise_gpi_sigma': 77.53293988393395, 'g_stn_gpe_mult': 1.7440321666492384, 'g_gpe_stn_mult': 0.24152723403043763, 'g_stn_gpi_mult': 2.3978802906588284, 'g_gpe_gpi_mult': 0.8187528086352189}. Best is trial 119 with value: 0.2337670588460598.
[I 2026-05-28 01:01:33,601] Trial 790 finished with value: 1.0230488683183843 and parameters: {'ISTN': 74.25249576766932, 'I_gpe': 0.9347467612846886, 'I_gpi': 2.398594064975478, 'noise_stn_sigma': 5.6017177609278574, 'noise_gpe_sigma': 91.95416404194499, 'noise_gpi_sigma': 73.1915251680455, 'g_stn_gpe_mult': 1.6018462072139381, 'g_gpe_stn_mult': 0.2539746850034357, 'g_stn_gpi_mult': 2.417512077539626, 'g_gpe_gpi_mult': 0.8751069793600785}. Best is trial 119 with value: 0.2337670588460598.
[I 2026-05-28 01:01:34,613] Trial 791 finished with value: 1.239711433476283 and parameters: {'ISTN': 78.3961686531965, 'I_gpe': 0.9525250965869816, 'I_gpi': 2.1750604826978517, 'noise_stn_sigma': 5.809234637121873, 'noise_gpe_sigma': 91.39341185353555, 'noise_gpi_sigma': 81.2842349627542, 'g_stn_gpe_mult': 1.6980036841812949, 'g_gpe_stn_mult': 0.2037948137685502, 'g_stn_gpi_mult': 2.4288349268438223, 'g_gpe_gpi_mult': 0.8613462127005498}. Best is trial 119 with value: 0.2337670588460598.
