[I 2026-05-28 01:18:34,773] Trial 792 finished with value: 4.23576315335778 and parameters: {'ISTN': 102.46492593471062, 'I_gpe': 0.7450487146222651, 'I_gpi': 2.0844432799179478, 'noise_stn_sigma': 3.172232640798573, 'noise_gpe_sigma': 105.26828273766353, 'noise_gpi_sigma': 126.77971145698079, 'g_stn_gpe_mult': 4.066045630023032, 'g_gpe_stn_mult': 1.5155900991601452, 'g_stn_gpi_mult': 2.9804755988216303, 'g_gpe_gpi_mult': 1.5216583151968224}. Best is trial 785 with value: 0.10346106912109251.
[I 2026-05-28 01:18:35,779] Trial 793 finished with value: 0.11776251983952449 and parameters: {'ISTN': 101.04424298495942, 'I_gpe': 0.7077168389230508, 'I_gpi': 2.1624278691758505, 'noise_stn_sigma': 3.2759917344075022, 'noise_gpe_sigma': 108.5156617480947, 'noise_gpi_sigma': 123.9247018752036, 'g_stn_gpe_mult': 4.075465199762611, 'g_gpe_stn_mult': 1.4896394136716256, 'g_stn_gpi_mult': 2.8728264971085133, 'g_gpe_gpi_mult': 1.5432446157293869}. Best is trial 785 with value: 0.10346106912109251.
[I 2026-05-28 01:18:36,790] Trial 794 finished with value: 1.533721108997231 and parameters: {'ISTN': 102.24789409994037, 'I_gpe': 0.7440629008746138, 'I_gpi': 2.147163983500773, 'noise_stn_sigma': 3.170302564178606, 'noise_gpe_sigma': 106.74765332997194, 'noise_gpi_sigma': 121.18831633912588, 'g_stn_gpe_mult': 4.095066729190316, 'g_gpe_stn_mult': 1.4902110205679895, 'g_stn_gpi_mult': 2.986195089736813, 'g_gpe_gpi_mult': 1.5240062185640721}. Best is trial 785 with value: 0.10346106912109251.
[I 2026-05-28 01:18:37,798] Trial 795 finished with value: 0.2467295747350074 and parameters: {'ISTN': 102.8015385554117, 'I_gpe': 0.703310343424635, 'I_gpi': 2.078240974502603, 'noise_stn_sigma': 3.2261405496846036, 'noise_gpe_sigma': 107.90520008889581, 'noise_gpi_sigma': 125.67917596993792, 'g_stn_gpe_mult': 4.059153287465124, 'g_gpe_stn_mult': 1.5304170783307032, 'g_stn_gpi_mult': 3.003764202436642, 'g_gpe_gpi_mult': 1.541330270149645}. Best is trial 785 with value: 0.10346106912109251.
[I 2026-05-28 01:18:38,806] Trial 796 finished with value: 0.11164914021039495 and parameters: {'ISTN': 100.89339509694379, 'I_gpe': 0.6547523198393674, 'I_gpi': 2.109736188630129, 'noise_stn_sigma': 3.395694409371103, 'noise_gpe_sigma': 108.75324556862539, 'noise_gpi_sigma': 123.85893167641181, 'g_stn_gpe_mult': 4.147556533824074, 'g_gpe_stn_mult': 1.516434489900934, 'g_stn_gpi_mult': 2.9456979432007047, 'g_gpe_gpi_mult': 1.5396338636907942}. Best is trial 785 with value: 0.10346106912109251.
[I 2026-05-28 01:18:39,816] Trial 797 finished with value: 0.19219649685043977 and parameters: {'ISTN': 102.58526129013819, 'I_gpe': 0.6527789473732626, 'I_gpi': 2.1275409463044257, 'noise_stn_sigma': 3.316979124268281, 'noise_gpe_sigma': 108.6399300228398, 'noise_gpi_sigma': 122.82085465641242, 'g_stn_gpe_mult': 4.049204096253407, 'g_gpe_stn_mult': 1.5512076784951017, 'g_stn_gpi_mult': 3.0721608011500336, 'g_gpe_gpi_mult': 1.526482540598224}. Best is trial 785 with value: 0.10346106912109251.
[I 2026-05-28 01:18:40,823] Trial 798 finished with value: 0.11272825350737732 and parameters: {'ISTN': 102.6418381927254, 'I_gpe': 0.7047937750756976, 'I_gpi': 2.0906548761697676, 'noise_stn_sigma': 3.225222139038785, 'noise_gpe_sigma': 108.91843972521396, 'noise_gpi_sigma': 124.83131650877897, 'g_stn_gpe_mult': 4.10335165278091, 'g_gpe_stn_mult': 1.53041800740506, 'g_stn_gpi_mult': 3.0089786993624776, 'g_gpe_gpi_mult': 1.5463108109744779}. Best is trial 785 with value: 0.10346106912109251.
[I 2026-05-28 01:18:41,831] Trial 799 finished with value: 1.138365943212331 and parameters: {'ISTN': 100.89536575839549, 'I_gpe': 0.6397319144330171, 'I_gpi': 2.013371308707216, 'noise_stn_sigma': 3.20148476360319, 'noise_gpe_sigma': 109.08829966948774, 'noise_gpi_sigma': 122.57209186390354, 'g_stn_gpe_mult': 4.206824955020862, 'g_gpe_stn_mult': 1.530410334342783, 'g_stn_gpi_mult': 3.01063494770414, 'g_gpe_gpi_mult': 1.5456346080229693}. Best is trial 785 with value: 0.10346106912109251.
[I 2026-05-28 01:18:42,837] Trial 800 finished with value: 0.12974107048857067 and parameters: {'ISTN': 99.47200601991365, 'I_gpe': 0.6651635694569134, 'I_gpi': 2.149389887083132, 'noise_stn_sigma': 3.088938657316378, 'noise_gpe_sigma': 105.66684711301987, 'noise_gpi_sigma': 126.79068668114765, 'g_stn_gpe_mult': 4.033971026708004, 'g_gpe_stn_mult': 1.5055145408179003, 'g_stn_gpi_mult': 2.992911845358148, 'g_gpe_gpi_mult': 1.5845885893957359}. Best is trial 785 with value: 0.10346106912109251.
[I 2026-05-28 01:18:43,843] Trial 801 finished with value: 2.3565873395029255 and parameters: {'ISTN': 99.71662061121793, 'I_gpe': 0.7002773059704868, 'I_gpi': 2.1599828989079572, 'noise_stn_sigma': 3.1909741643160365, 'noise_gpe_sigma': 107.26885098647327, 'noise_gpi_sigma': 126.64813485692017, 'g_stn_gpe_mult': 4.057241838354127, 'g_gpe_stn_mult': 1.4903496560302552, 'g_stn_gpi_mult': 3.0165009108618026, 'g_gpe_gpi_mult': 1.5944959898453355}. Best is trial 785 with value: 0.10346106912109251.
[I 2026-05-28 01:18:44,851] Trial 802 finished with value: 0.12097618954748592 and parameters: {'ISTN': 100.29104560183782, 'I_gpe': 0.6785325071108588, 'I_gpi': 2.068041440255625, 'noise_stn_sigma': 3.278191628871373, 'noise_gpe_sigma': 105.21541934923161, 'noise_gpi_sigma': 124.42058662704066, 'g_stn_gpe_mult': 4.111987093458055, 'g_gpe_stn_mult': 1.4974749344622678, 'g_stn_gpi_mult': 2.969048298041203, 'g_gpe_gpi_mult': 1.512063880395199}. Best is trial 785 with value: 0.10346106912109251.
[I 2026-05-28 01:18:45,859] Trial 803 finished with value: 0.10263825252656392 and parameters: {'ISTN': 102.27460672598488, 'I_gpe': 0.7378170106924988, 'I_gpi': 2.1358076522629643, 'noise_stn_sigma': 3.098625661811092, 'noise_gpe_sigma': 105.16521979885661, 'noise_gpi_sigma': 123.49617824964227, 'g_stn_gpe_mult': 4.098524907265703, 'g_gpe_stn_mult': 1.5197175401054563, 'g_stn_gpi_mult': 3.0820786926553683, 'g_gpe_gpi_mult': 1.5137162972196954}. Best is trial 803 with value: 0.10263825252656392.
[I 2026-05-28 01:18:46,869] Trial 804 finished with value: 0.12922882317715845 and parameters: {'ISTN': 100.58185223758, 'I_gpe': 0.6649392465594393, 'I_gpi': 2.263869660967732, 'noise_stn_sigma': 3.4016391075529944, 'noise_gpe_sigma': 107.31415912878734, 'noise_gpi_sigma': 125.37982789257599, 'g_stn_gpe_mult': 4.006690610591242, 'g_gpe_stn_mult': 1.5093900032484007, 'g_stn_gpi_mult': 2.867902166824995, 'g_gpe_gpi_mult': 1.539864100575827}. Best is trial 803 with value: 0.10263825252656392.
[I 2026-05-28 01:18:47,878] Trial 805 finished with value: 0.1174330784803273 and parameters: {'ISTN': 102.46547473511863, 'I_gpe': 0.6989398668463956, 'I_gpi': 2.1271691008495583, 'noise_stn_sigma': 3.3582257486528406, 'noise_gpe_sigma': 103.03867245056162, 'noise_gpi_sigma': 120.49634800826895, 'g_stn_gpe_mult': 4.13260139588891, 'g_gpe_stn_mult': 1.5251690937161744, 'g_stn_gpi_mult': 2.9199947889201368, 'g_gpe_gpi_mult': 1.5462958985976982}. Best is trial 803 with value: 0.10263825252656392.
[I 2026-05-28 01:18:48,886] Trial 806 finished with value: 0.12583048478912082 and parameters: {'ISTN': 101.69234862861393, 'I_gpe': 0.685126802080494, 'I_gpi': 2.1645994045290227, 'noise_stn_sigma': 3.383302358069296, 'noise_gpe_sigma': 105.44763050659375, 'noise_gpi_sigma': 123.46482269818623, 'g_stn_gpe_mult': 4.181469639059642, 'g_gpe_stn_mult': 1.5185752403181831, 'g_stn_gpi_mult': 2.93178908800756, 'g_gpe_gpi_mult': 1.5385400718526514}. Best is trial 803 with value: 0.10263825252656392.
[I 2026-05-28 01:18:49,892] Trial 807 finished with value: 0.11710663249465866 and parameters: {'ISTN': 100.90294683773098, 'I_gpe': 0.6947039513407958, 'I_gpi': 2.1090920992521296, 'noise_stn_sigma': 3.252778657952572, 'noise_gpe_sigma': 108.62991279591671, 'noise_gpi_sigma': 126.62284148464157, 'g_stn_gpe_mult': 4.0906708649499075, 'g_gpe_stn_mult': 1.5023672548014266, 'g_stn_gpi_mult': 2.9159781293593445, 'g_gpe_gpi_mult': 1.5424340835120705}. Best is trial 803 with value: 0.10263825252656392.
[I 2026-05-28 01:18:50,899] Trial 808 finished with value: 1.8221209217637486 and parameters: {'ISTN': 103.32739767136937, 'I_gpe': 0.6979832925561036, 'I_gpi': 2.0357657400525966, 'noise_stn_sigma': 3.137177356662124, 'noise_gpe_sigma': 109.76582007838206, 'noise_gpi_sigma': 124.27728521182073, 'g_stn_gpe_mult': 4.206934417414841, 'g_gpe_stn_mult': 1.5249202767625918, 'g_stn_gpi_mult': 3.0233260928331545, 'g_gpe_gpi_mult': 1.5213835638294033}. Best is trial 803 with value: 0.10263825252656392.
[I 2026-05-28 01:18:51,906] Trial 809 finished with value: 0.1363335266096946 and parameters: {'ISTN': 102.07455091919523, 'I_gpe': 0.7036254536405989, 'I_gpi': 2.103136769021872, 'noise_stn_sigma': 3.194957553437981, 'noise_gpe_sigma': 107.61976022086613, 'noise_gpi_sigma': 128.37258423357824, 'g_stn_gpe_mult': 4.143921617291688, 'g_gpe_stn_mult': 1.5418737802031226, 'g_stn_gpi_mult': 2.966758075327589, 'g_gpe_gpi_mult': 1.5798914730759597}. Best is trial 803 with value: 0.10263825252656392.
[I 2026-05-28 01:18:52,913] Trial 810 finished with value: 0.16746144805064198 and parameters: {'ISTN': 100.66315968407824, 'I_gpe': 0.6411954645431557, 'I_gpi': 2.2584465420749313, 'noise_stn_sigma': 3.487027262150389, 'noise_gpe_sigma': 106.95288573523881, 'noise_gpi_sigma': 124.05200998930704, 'g_stn_gpe_mult': 4.049398702946272, 'g_gpe_stn_mult': 1.5052396142344335, 'g_stn_gpi_mult': 2.9859456217903366, 'g_gpe_gpi_mult': 1.5658704878463754}. Best is trial 803 with value: 0.10263825252656392.
[I 2026-05-28 01:18:53,921] Trial 811 finished with value: 0.12399780314427905 and parameters: {'ISTN': 102.24834334462301, 'I_gpe': 0.6824811138647653, 'I_gpi': 2.143391721452324, 'noise_stn_sigma': 3.1231996582423407, 'noise_gpe_sigma': 106.5199975919867, 'noise_gpi_sigma': 121.92540124843197, 'g_stn_gpe_mult': 4.024642699763863, 'g_gpe_stn_mult': 1.5357277668172984, 'g_stn_gpi_mult': 3.0720602354933693, 'g_gpe_gpi_mult': 1.5558780299467676}. Best is trial 803 with value: 0.10263825252656392.
[I 2026-05-28 01:18:54,932] Trial 812 finished with value: 0.49447575911962666 and parameters: {'ISTN': 102.44367778405103, 'I_gpe': 0.7477401763105854, 'I_gpi': 2.0891471357961855, 'noise_stn_sigma': 3.130447610388342, 'noise_gpe_sigma': 102.33716865504137, 'noise_gpi_sigma': 125.61411548784926, 'g_stn_gpe_mult': 4.219012828328448, 'g_gpe_stn_mult': 1.5141799744139695, 'g_stn_gpi_mult': 2.89868970049303, 'g_gpe_gpi_mult': 1.5550701957921222}. Best is trial 803 with value: 0.10263825252656392.
[I 2026-05-28 01:18:55,938] Trial 813 finished with value: 0.1164178225788634 and parameters: {'ISTN': 101.60549964480373, 'I_gpe': 0.6769151611879852, 'I_gpi': 2.157778799359977, 'noise_stn_sigma': 3.327680627388573, 'noise_gpe_sigma': 108.87941756005307, 'noise_gpi_sigma': 124.39017354178462, 'g_stn_gpe_mult': 4.046352627252759, 'g_gpe_stn_mult': 1.520088873581831, 'g_stn_gpi_mult': 2.917202699384639, 'g_gpe_gpi_mult': 1.489481828224579}. Best is trial 803 with value: 0.10263825252656392.
[I 2026-05-28 01:18:56,944] Trial 814 finished with value: 0.15403469094146316 and parameters: {'ISTN': 102.39965673130996, 'I_gpe': 0.7063904401835652, 'I_gpi': 2.1392742175339405, 'noise_stn_sigma': 3.300104600526343, 'noise_gpe_sigma': 105.22844423970952, 'noise_gpi_sigma': 124.6514635793756, 'g_stn_gpe_mult': 4.086368094931675, 'g_gpe_stn_mult': 1.505328306429739, 'g_stn_gpi_mult': 2.8741483942962924, 'g_gpe_gpi_mult': 1.548482570748502}. Best is trial 803 with value: 0.10263825252656392.
[I 2026-05-28 01:18:57,950] Trial 815 finished with value: 1.1071119282504693 and parameters: {'ISTN': 102.85055539342359, 'I_gpe': 0.7420034719260611, 'I_gpi': 2.1379128596782753, 'noise_stn_sigma': 3.212877677435732, 'noise_gpe_sigma': 104.15195840692, 'noise_gpi_sigma': 125.62798350599903, 'g_stn_gpe_mult': 4.1157777572896155, 'g_gpe_stn_mult': 1.5094282634417948, 'g_stn_gpi_mult': 3.002764758232466, 'g_gpe_gpi_mult': 1.5180466149625367}. Best is trial 803 with value: 0.10263825252656392.
[I 2026-05-28 01:18:58,956] Trial 816 finished with value: 0.80420024040659 and parameters: {'ISTN': 102.0879780370602, 'I_gpe': 0.6677651077339994, 'I_gpi': 2.1330970172284234, 'noise_stn_sigma': 3.0540402688128765, 'noise_gpe_sigma': 105.99848123111185, 'noise_gpi_sigma': 124.85080211253032, 'g_stn_gpe_mult': 4.074833868803999, 'g_gpe_stn_mult': 1.5301909880569764, 'g_stn_gpi_mult': 3.0548234650845307, 'g_gpe_gpi_mult': 1.5199126640653844}. Best is trial 803 with value: 0.10263825252656392.
[I 2026-05-28 01:18:59,963] Trial 817 finished with value: 0.7406791393319496 and parameters: {'ISTN': 102.07555478418591, 'I_gpe': 0.7592303734610288, 'I_gpi': 2.1338599917641417, 'noise_stn_sigma': 3.311382212528363, 'noise_gpe_sigma': 104.73376401709876, 'noise_gpi_sigma': 126.04705966636905, 'g_stn_gpe_mult': 4.1041308965625305, 'g_gpe_stn_mult': 1.5087216416126015, 'g_stn_gpi_mult': 2.948618119283878, 'g_gpe_gpi_mult': 1.5898722215211396}. Best is trial 803 with value: 0.10263825252656392.
[I 2026-05-28 01:19:00,969] Trial 818 finished with value: 0.6872349631050493 and parameters: {'ISTN': 101.75482746459078, 'I_gpe': 0.7463133803778501, 'I_gpi': 2.207281799699315, 'noise_stn_sigma': 3.0915718714935374, 'noise_gpe_sigma': 109.02358885591154, 'noise_gpi_sigma': 122.23134196991013, 'g_stn_gpe_mult': 4.097504243010436, 'g_gpe_stn_mult': 1.5212222599234009, 'g_stn_gpi_mult': 3.081499338545132, 'g_gpe_gpi_mult': 1.5135898814644866}. Best is trial 803 with value: 0.10263825252656392.
[I 2026-05-28 01:19:01,976] Trial 819 finished with value: 1.6965861668058628 and parameters: {'ISTN': 102.02800797564666, 'I_gpe': 0.7652337434897366, 'I_gpi': 2.0243692448196375, 'noise_stn_sigma': 3.3054483304456737, 'noise_gpe_sigma': 103.44362116317227, 'noise_gpi_sigma': 123.54941081913134, 'g_stn_gpe_mult': 4.1031818549738315, 'g_gpe_stn_mult': 1.5001015520146979, 'g_stn_gpi_mult': 3.0206994293241873, 'g_gpe_gpi_mult': 1.547630854421026}. Best is trial 803 with value: 0.10263825252656392.
[I 2026-05-28 01:19:02,984] Trial 820 finished with value: 0.11119692248997028 and parameters: {'ISTN': 101.58298610851378, 'I_gpe': 0.6784346032971738, 'I_gpi': 2.1210562047943142, 'noise_stn_sigma': 3.069334085183719, 'noise_gpe_sigma': 108.51453357134756, 'noise_gpi_sigma': 124.48759077501437, 'g_stn_gpe_mult': 4.055547198142094, 'g_gpe_stn_mult': 1.5246755714134492, 'g_stn_gpi_mult': 2.928135367006033, 'g_gpe_gpi_mult': 1.4902795267344966}. Best is trial 803 with value: 0.10263825252656392.
[I 2026-05-28 01:19:03,994] Trial 821 finished with value: 0.11995106380501215 and parameters: {'ISTN': 101.6843913352572, 'I_gpe': 0.675898145285754, 'I_gpi': 2.124543495788507, 'noise_stn_sigma': 3.131513947350805, 'noise_gpe_sigma': 107.5686451930606, 'noise_gpi_sigma': 125.98020299549638, 'g_stn_gpe_mult': 3.9949393363988976, 'g_gpe_stn_mult': 1.5282211657432585, 'g_stn_gpi_mult': 3.0072052740794923, 'g_gpe_gpi_mult': 1.523839693038649}. Best is trial 803 with value: 0.10263825252656392.
[I 2026-05-28 01:19:05,001] Trial 822 finished with value: 0.11626779876250176 and parameters: {'ISTN': 101.20079119207175, 'I_gpe': 0.6677238113381683, 'I_gpi': 2.155937761134493, 'noise_stn_sigma': 3.1846878526008724, 'noise_gpe_sigma': 104.50524616848396, 'noise_gpi_sigma': 125.07138312465712, 'g_stn_gpe_mult': 4.132761605930156, 'g_gpe_stn_mult': 1.5247038212292163, 'g_stn_gpi_mult': 2.8590096741838575, 'g_gpe_gpi_mult': 1.558179811059171}. Best is trial 803 with value: 0.10263825252656392.
[I 2026-05-28 01:19:06,008] Trial 823 finished with value: 0.12224356187883151 and parameters: {'ISTN': 100.49354357311789, 'I_gpe': 0.6893213052011412, 'I_gpi': 2.0800190770052587, 'noise_stn_sigma': 3.079561256136316, 'noise_gpe_sigma': 106.44043948473693, 'noise_gpi_sigma': 125.73543879628892, 'g_stn_gpe_mult': 4.036900040575475, 'g_gpe_stn_mult': 1.5117970532862595, 'g_stn_gpi_mult': 2.933589894122552, 'g_gpe_gpi_mult': 1.5578830571435172}. Best is trial 803 with value: 0.10263825252656392.
[I 2026-05-28 01:19:07,018] Trial 824 finished with value: 1.2306753092089575 and parameters: {'ISTN': 103.3897636844386, 'I_gpe': 0.7210434514054457, 'I_gpi': 2.132721823178498, 'noise_stn_sigma': 3.168094604632544, 'noise_gpe_sigma': 108.0999199337465, 'noise_gpi_sigma': 123.76139935949823, 'g_stn_gpe_mult': 3.940302254198768, 'g_gpe_stn_mult': 1.5249162895487545, 'g_stn_gpi_mult': 2.9569641298380493, 'g_gpe_gpi_mult': 1.4764720253945947}. Best is trial 803 with value: 0.10263825252656392.
[I 2026-05-28 01:19:08,027] Trial 825 finished with value: 0.11802392793355601 and parameters: {'ISTN': 99.80121584610504, 'I_gpe': 0.6963234297848904, 'I_gpi': 2.1353345622163693, 'noise_stn_sigma': 3.0317809016644497, 'noise_gpe_sigma': 106.36330533245375, 'noise_gpi_sigma': 122.5929551723928, 'g_stn_gpe_mult': 3.956214914083562, 'g_gpe_stn_mult': 1.5052866945308638, 'g_stn_gpi_mult': 2.8510806178766077, 'g_gpe_gpi_mult': 1.553201192527652}. Best is trial 803 with value: 0.10263825252656392.
[I 2026-05-28 01:19:09,036] Trial 826 finished with value: 0.11399410597773629 and parameters: {'ISTN': 101.04998117026477, 'I_gpe': 0.6560082788080618, 'I_gpi': 2.134374970608042, 'noise_stn_sigma': 3.1865310884125098, 'noise_gpe_sigma': 111.24661310154676, 'noise_gpi_sigma': 123.4278186295657, 'g_stn_gpe_mult': 4.006789874669403, 'g_gpe_stn_mult': 1.5196909374782912, 'g_stn_gpi_mult': 2.8734473054543805, 'g_gpe_gpi_mult': 1.54069862267696}. Best is trial 803 with value: 0.10263825252656392.
[I 2026-05-28 01:19:10,044] Trial 827 finished with value: 2.736035507280473 and parameters: {'ISTN': 100.2646187685843, 'I_gpe': 0.6743734404798225, 'I_gpi': 2.1161854866859207, 'noise_stn_sigma': 3.2290925852634405, 'noise_gpe_sigma': 110.36035017166334, 'noise_gpi_sigma': 126.31102543889517, 'g_stn_gpe_mult': 4.092372501929971, 'g_gpe_stn_mult': 1.5077513578436081, 'g_stn_gpi_mult': 2.843165451867936, 'g_gpe_gpi_mult': 1.4843408475614799}. Best is trial 803 with value: 0.10263825252656392.
[I 2026-05-28 01:19:11,053] Trial 828 finished with value: 0.337363586496521 and parameters: {'ISTN': 100.89991094037474, 'I_gpe': 0.6898440005156382, 'I_gpi': 2.1603655611716555, 'noise_stn_sigma': 3.0393517387507614, 'noise_gpe_sigma': 107.50390277928062, 'noise_gpi_sigma': 125.27718528287868, 'g_stn_gpe_mult': 4.125291693581986, 'g_gpe_stn_mult': 1.5033849091089493, 'g_stn_gpi_mult': 2.9013333652212765, 'g_gpe_gpi_mult': 1.4990057906755372}. Best is trial 803 with value: 0.10263825252656392.
[I 2026-05-28 01:19:12,060] Trial 829 finished with value: 0.11554033402584614 and parameters: {'ISTN': 101.76698338629734, 'I_gpe': 0.6635525394979198, 'I_gpi': 2.190780197688772, 'noise_stn_sigma': 3.081509489923727, 'noise_gpe_sigma': 107.35706457000245, 'noise_gpi_sigma': 124.6701160506735, 'g_stn_gpe_mult': 4.187175225704983, 'g_gpe_stn_mult': 1.5365292158416497, 'g_stn_gpi_mult': 2.8922725789957884, 'g_gpe_gpi_mult': 1.4650082592220108}. Best is trial 803 with value: 0.10263825252656392.
[I 2026-05-28 01:19:13,066] Trial 830 finished with value: 4.238861674246687 and parameters: {'ISTN': 104.09866178860997, 'I_gpe': 0.7327134127791486, 'I_gpi': 2.1216930324017125, 'noise_stn_sigma': 3.2673161323921054, 'noise_gpe_sigma': 107.9865641174379, 'noise_gpi_sigma': 120.05949789543297, 'g_stn_gpe_mult': 4.0603125459877525, 'g_gpe_stn_mult': 1.5434267084068953, 'g_stn_gpi_mult': 2.9858850760640947, 'g_gpe_gpi_mult': 1.4693458098902534}. Best is trial 803 with value: 0.10263825252656392.
[I 2026-05-28 01:19:14,076] Trial 831 finished with value: 2.7854508587740376 and parameters: {'ISTN': 99.05425153294048, 'I_gpe': 0.6324791821271645, 'I_gpi': 2.169565398003125, 'noise_stn_sigma': 3.0800152219249357, 'noise_gpe_sigma': 109.41915204819442, 'noise_gpi_sigma': 124.49628135767335, 'g_stn_gpe_mult': 4.010006589776985, 'g_gpe_stn_mult': 1.5036820617173157, 'g_stn_gpi_mult': 2.819613737152534, 'g_gpe_gpi_mult': 1.5330109931249856}. Best is trial 803 with value: 0.10263825252656392.
[I 2026-05-28 01:19:15,085] Trial 832 finished with value: 0.14234791882079542 and parameters: {'ISTN': 100.72662613711663, 'I_gpe': 0.5996249457104637, 'I_gpi': 2.139562640396023, 'noise_stn_sigma': 3.2374102445477084, 'noise_gpe_sigma': 112.50875149055484, 'noise_gpi_sigma': 125.34194051070632, 'g_stn_gpe_mult': 4.084646359692008, 'g_gpe_stn_mult': 1.5339253567163373, 'g_stn_gpi_mult': 2.829444127392905, 'g_gpe_gpi_mult': 1.512512234280402}. Best is trial 803 with value: 0.10263825252656392.
[I 2026-05-28 01:19:16,095] Trial 833 finished with value: 0.12012551148029424 and parameters: {'ISTN': 100.1240536002174, 'I_gpe': 0.6547875994053246, 'I_gpi': 2.2050506334469873, 'noise_stn_sigma': 3.1778602143842973, 'noise_gpe_sigma': 112.54794669379318, 'noise_gpi_sigma': 124.53667941709622, 'g_stn_gpe_mult': 4.162729804560904, 'g_gpe_stn_mult': 1.5222543087344158, 'g_stn_gpi_mult': 2.881619884765768, 'g_gpe_gpi_mult': 1.5463946182931438}. Best is trial 803 with value: 0.10263825252656392.
[I 2026-05-28 01:19:17,101] Trial 834 finished with value: 1.658690334554839 and parameters: {'ISTN': 99.93080579660652, 'I_gpe': 0.6196187616225223, 'I_gpi': 2.154492945528463, 'noise_stn_sigma': 2.9080484897988033, 'noise_gpe_sigma': 110.55425281441585, 'noise_gpi_sigma': 124.6718219226079, 'g_stn_gpe_mult': 4.054854544036575, 'g_gpe_stn_mult': 1.5347860841367398, 'g_stn_gpi_mult': 2.856258286516383, 'g_gpe_gpi_mult': 1.4887105184661031}. Best is trial 803 with value: 0.10263825252656392.
[I 2026-05-28 01:19:18,111] Trial 835 finished with value: 0.11654365266146621 and parameters: {'ISTN': 100.30792505242107, 'I_gpe': 0.679183660917597, 'I_gpi': 2.1334397331741135, 'noise_stn_sigma': 3.120444849473846, 'noise_gpe_sigma': 108.05707886795929, 'noise_gpi_sigma': 125.16770366130493, 'g_stn_gpe_mult': 4.090911854913889, 'g_gpe_stn_mult': 1.5114302216528084, 'g_stn_gpi_mult': 2.8426430658489465, 'g_gpe_gpi_mult': 1.5444047770345353}. Best is trial 803 with value: 0.10263825252656392.
