[I 2026-05-28 00:51:58,263] Trial 220 finished with value: 3.59618273656578 and parameters: {'ISTN': 78.17066222699847, 'I_gpe': 0.7465997797352133, 'I_gpi': 2.0247028201280193, 'noise_stn_sigma': 5.810098433661882, 'noise_gpe_sigma': 93.63196233800203, 'noise_gpi_sigma': 70.72931379290404, 'g_stn_gpe_mult': 2.1454400440708445, 'g_gpe_stn_mult': 0.31128150453264614, 'g_stn_gpi_mult': 1.7690738187166462, 'g_gpe_gpi_mult': 0.9501250751238013}. Best is trial 119 with value: 0.2337670588460598.
[I 2026-05-28 00:51:59,276] Trial 221 finished with value: 14.090496444726007 and parameters: {'ISTN': 77.3589550783858, 'I_gpe': 0.8576914176678315, 'I_gpi': 2.8941025047700997, 'noise_stn_sigma': 4.173752938159071, 'noise_gpe_sigma': 75.54469899184701, 'noise_gpi_sigma': 64.7437580208624, 'g_stn_gpe_mult': 2.3490141116617616, 'g_gpe_stn_mult': 0.15743116595539886, 'g_stn_gpi_mult': 2.8507226734119673, 'g_gpe_gpi_mult': 1.091540134046136}. Best is trial 119 with value: 0.2337670588460598.
[I 2026-05-28 00:52:00,288] Trial 222 finished with value: 7.046194106041913 and parameters: {'ISTN': 73.14275718550499, 'I_gpe': 0.6825337910804807, 'I_gpi': 2.5480612701519094, 'noise_stn_sigma': 5.513822916039839, 'noise_gpe_sigma': 75.57361924716353, 'noise_gpi_sigma': 70.24254619003051, 'g_stn_gpe_mult': 2.8084394800743793, 'g_gpe_stn_mult': 0.12589653121083222, 'g_stn_gpi_mult': 2.393313610328179, 'g_gpe_gpi_mult': 1.1843209241179236}. Best is trial 119 with value: 0.2337670588460598.
[I 2026-05-28 00:52:01,297] Trial 223 finished with value: 6.66946159228973 and parameters: {'ISTN': 65.14336574681263, 'I_gpe': 1.0204887737321706, 'I_gpi': 2.4910075843563626, 'noise_stn_sigma': 4.701937050869614, 'noise_gpe_sigma': 101.70868749542558, 'noise_gpi_sigma': 98.92519717573836, 'g_stn_gpe_mult': 3.055439589705182, 'g_gpe_stn_mult': 0.21156740242983804, 'g_stn_gpi_mult': 2.348892275912474, 'g_gpe_gpi_mult': 0.8623732305348297}. Best is trial 119 with value: 0.2337670588460598.
[I 2026-05-28 00:52:02,307] Trial 224 finished with value: 9.988114832058463 and parameters: {'ISTN': 78.76823814414143, 'I_gpe': 1.071504418637362, 'I_gpi': 2.0846380048023487, 'noise_stn_sigma': 6.453195143490989, 'noise_gpe_sigma': 104.03465060172455, 'noise_gpi_sigma': 81.15429086971747, 'g_stn_gpe_mult': 2.387436060643994, 'g_gpe_stn_mult': 0.14530424837185446, 'g_stn_gpi_mult': 2.172420862943785, 'g_gpe_gpi_mult': 1.1721157966116025}. Best is trial 119 with value: 0.2337670588460598.
[I 2026-05-28 00:52:03,317] Trial 225 finished with value: 2.911457712135861 and parameters: {'ISTN': 69.80977630785003, 'I_gpe': 1.3016433889522139, 'I_gpi': 1.839837597127552, 'noise_stn_sigma': 6.216423817198718, 'noise_gpe_sigma': 85.873730903385, 'noise_gpi_sigma': 54.2150571193853, 'g_stn_gpe_mult': 2.3963998326205633, 'g_gpe_stn_mult': 0.2176303027543586, 'g_stn_gpi_mult': 2.990594061983757, 'g_gpe_gpi_mult': 1.114219121037708}. Best is trial 119 with value: 0.2337670588460598.
[I 2026-05-28 00:52:04,328] Trial 226 finished with value: 5.444362567905125 and parameters: {'ISTN': 76.65923542181635, 'I_gpe': 0.7942910388067435, 'I_gpi': 2.416164396832139, 'noise_stn_sigma': 5.069722173987283, 'noise_gpe_sigma': 68.81848535070674, 'noise_gpi_sigma': 83.13723374204054, 'g_stn_gpe_mult': 2.1349275228561897, 'g_gpe_stn_mult': 0.2011298769462127, 'g_stn_gpi_mult': 2.416538518025268, 'g_gpe_gpi_mult': 1.0535090504937488}. Best is trial 119 with value: 0.2337670588460598.
[I 2026-05-28 00:52:05,339] Trial 227 finished with value: 3.3226966270133014 and parameters: {'ISTN': 66.08738254211033, 'I_gpe': 0.6843269889811807, 'I_gpi': 3.227656800536971, 'noise_stn_sigma': 5.761849090574909, 'noise_gpe_sigma': 94.56460811398634, 'noise_gpi_sigma': 69.94040599022173, 'g_stn_gpe_mult': 2.6060444945744115, 'g_gpe_stn_mult': 0.2551238153953823, 'g_stn_gpi_mult': 2.0780039890916298, 'g_gpe_gpi_mult': 0.8613806981386611}. Best is trial 119 with value: 0.2337670588460598.
[I 2026-05-28 00:52:06,350] Trial 228 finished with value: 12.114267404597738 and parameters: {'ISTN': 89.57661844627586, 'I_gpe': 1.1435937764914663, 'I_gpi': 2.986811821315976, 'noise_stn_sigma': 4.821971709121579, 'noise_gpe_sigma': 108.1827164918425, 'noise_gpi_sigma': 50.95010667598993, 'g_stn_gpe_mult': 1.8333752722547991, 'g_gpe_stn_mult': 0.11102753957281655, 'g_stn_gpi_mult': 2.26891887088234, 'g_gpe_gpi_mult': 1.0951097418124265}. Best is trial 119 with value: 0.2337670588460598.
[I 2026-05-28 00:52:07,362] Trial 229 finished with value: 9.973296412050173 and parameters: {'ISTN': 72.78554969544996, 'I_gpe': 0.8784927869661193, 'I_gpi': 1.9194800504011997, 'noise_stn_sigma': 6.14144511547083, 'noise_gpe_sigma': 67.83254838201916, 'noise_gpi_sigma': 50.76479512936949, 'g_stn_gpe_mult': 1.7781938902016865, 'g_gpe_stn_mult': 0.32882052013351437, 'g_stn_gpi_mult': 2.4199774817589366, 'g_gpe_gpi_mult': 1.1178764042503755}. Best is trial 119 with value: 0.2337670588460598.
[I 2026-05-28 00:52:08,372] Trial 230 finished with value: 8.837027534558782 and parameters: {'ISTN': 66.49052545090218, 'I_gpe': 1.0550785808784382, 'I_gpi': 2.6915732056675385, 'noise_stn_sigma': 4.611336540007671, 'noise_gpe_sigma': 101.39648423409447, 'noise_gpi_sigma': 87.02637275156994, 'g_stn_gpe_mult': 2.1341582834323707, 'g_gpe_stn_mult': 0.16412798581039717, 'g_stn_gpi_mult': 1.5036839327589036, 'g_gpe_gpi_mult': 1.0032814731688966}. Best is trial 119 with value: 0.2337670588460598.
[I 2026-05-28 00:52:09,381] Trial 231 finished with value: 8.709280697914972 and parameters: {'ISTN': 68.13010042802138, 'I_gpe': 0.5747074487060889, 'I_gpi': 1.6578083753320971, 'noise_stn_sigma': 5.4373281550966075, 'noise_gpe_sigma': 92.25758571429687, 'noise_gpi_sigma': 88.03607270697546, 'g_stn_gpe_mult': 2.743511693372435, 'g_gpe_stn_mult': 0.17736134892342809, 'g_stn_gpi_mult': 2.114919432557338, 'g_gpe_gpi_mult': 1.0483524363385586}. Best is trial 119 with value: 0.2337670588460598.
[I 2026-05-28 00:52:10,390] Trial 232 finished with value: 13.112136536113153 and parameters: {'ISTN': 80.81599641791156, 'I_gpe': 1.1913668953879692, 'I_gpi': 1.5979112884979005, 'noise_stn_sigma': 5.538806496463346, 'noise_gpe_sigma': 77.04949210854906, 'noise_gpi_sigma': 50.586671047581426, 'g_stn_gpe_mult': 3.061555735330334, 'g_gpe_stn_mult': 0.280567637361968, 'g_stn_gpi_mult': 2.684072268432975, 'g_gpe_gpi_mult': 1.0990065236000628}. Best is trial 119 with value: 0.2337670588460598.
[I 2026-05-28 00:52:11,399] Trial 233 finished with value: 3.017057853793677 and parameters: {'ISTN': 84.82921958363761, 'I_gpe': 0.8927062288330664, 'I_gpi': 2.2785928729049747, 'noise_stn_sigma': 6.3186498464376655, 'noise_gpe_sigma': 86.561765315112, 'noise_gpi_sigma': 74.44096619235029, 'g_stn_gpe_mult': 2.0412292133949146, 'g_gpe_stn_mult': 0.24466378621185939, 'g_stn_gpi_mult': 2.3829109578817183, 'g_gpe_gpi_mult': 1.0223659017726436}. Best is trial 119 with value: 0.2337670588460598.
[I 2026-05-28 00:52:12,409] Trial 234 finished with value: 9.938513006523177 and parameters: {'ISTN': 64.63828920070475, 'I_gpe': 1.1575755933530354, 'I_gpi': 2.7667281099508116, 'noise_stn_sigma': 5.59434697742957, 'noise_gpe_sigma': 92.22634316934113, 'noise_gpi_sigma': 73.77447508401015, 'g_stn_gpe_mult': 2.332121145592887, 'g_gpe_stn_mult': 0.11665703016538562, 'g_stn_gpi_mult': 2.7508583730342435, 'g_gpe_gpi_mult': 0.9802868434160024}. Best is trial 119 with value: 0.2337670588460598.
[I 2026-05-28 00:52:13,420] Trial 235 finished with value: 4.6042991875137504 and parameters: {'ISTN': 65.85073021341984, 'I_gpe': 1.2018202423382358, 'I_gpi': 2.2280371033683295, 'noise_stn_sigma': 6.082510835636883, 'noise_gpe_sigma': 91.90974959676586, 'noise_gpi_sigma': 93.24742840339619, 'g_stn_gpe_mult': 2.8758587780032423, 'g_gpe_stn_mult': 0.2745454567899115, 'g_stn_gpi_mult': 2.3898778624990027, 'g_gpe_gpi_mult': 1.0169099899445373}. Best is trial 119 with value: 0.2337670588460598.
[I 2026-05-28 00:52:14,429] Trial 236 finished with value: 4.558714505636087 and parameters: {'ISTN': 61.76330716709794, 'I_gpe': 1.1067232864298093, 'I_gpi': 3.24767325178484, 'noise_stn_sigma': 5.440112453480562, 'noise_gpe_sigma': 91.28367147121952, 'noise_gpi_sigma': 73.85574347005058, 'g_stn_gpe_mult': 2.5316646011065758, 'g_gpe_stn_mult': 0.21406829253925158, 'g_stn_gpi_mult': 1.9542448195136402, 'g_gpe_gpi_mult': 0.9491051129292261}. Best is trial 119 with value: 0.2337670588460598.
[I 2026-05-28 00:52:15,438] Trial 237 finished with value: 8.392859030099277 and parameters: {'ISTN': 76.17844719447629, 'I_gpe': 1.253587120207943, 'I_gpi': 2.7549355417976433, 'noise_stn_sigma': 5.201837025783628, 'noise_gpe_sigma': 67.70221713308871, 'noise_gpi_sigma': 61.361996735938796, 'g_stn_gpe_mult': 2.332604961378581, 'g_gpe_stn_mult': 0.28776616594354165, 'g_stn_gpi_mult': 2.5175835047454345, 'g_gpe_gpi_mult': 1.0374067670676614}. Best is trial 119 with value: 0.2337670588460598.
[I 2026-05-28 00:52:16,449] Trial 238 finished with value: 10.091180697983804 and parameters: {'ISTN': 65.2144115622999, 'I_gpe': 0.9000317210686646, 'I_gpi': 2.5643584025061936, 'noise_stn_sigma': 5.700671397627039, 'noise_gpe_sigma': 101.5732929127676, 'noise_gpi_sigma': 58.36733345007124, 'g_stn_gpe_mult': 3.2631120465304058, 'g_gpe_stn_mult': 0.29438597538805644, 'g_stn_gpi_mult': 2.696873377288958, 'g_gpe_gpi_mult': 1.0115749901202506}. Best is trial 119 with value: 0.2337670588460598.
[I 2026-05-28 00:52:17,458] Trial 239 finished with value: 6.068155790940123 and parameters: {'ISTN': 66.26291862823925, 'I_gpe': 1.7005663646665359, 'I_gpi': 3.274353438221751, 'noise_stn_sigma': 6.759401254115295, 'noise_gpe_sigma': 104.2281665960295, 'noise_gpi_sigma': 49.14499551700598, 'g_stn_gpe_mult': 2.0694618913897638, 'g_gpe_stn_mult': 0.19864437193745363, 'g_stn_gpi_mult': 3.0650134090468826, 'g_gpe_gpi_mult': 1.017997749172994}. Best is trial 119 with value: 0.2337670588460598.
[I 2026-05-28 00:52:18,467] Trial 240 finished with value: 6.106750670424382 and parameters: {'ISTN': 62.302524785930544, 'I_gpe': 0.6935442822598988, 'I_gpi': 2.6250903778437404, 'noise_stn_sigma': 5.471057710811248, 'noise_gpe_sigma': 72.24617432220955, 'noise_gpi_sigma': 47.7809445919013, 'g_stn_gpe_mult': 2.614017451476311, 'g_gpe_stn_mult': 0.2698560446369349, 'g_stn_gpi_mult': 3.38345674022037, 'g_gpe_gpi_mult': 1.1337973634278182}. Best is trial 119 with value: 0.2337670588460598.
[I 2026-05-28 00:52:19,478] Trial 241 finished with value: 8.813642245561267 and parameters: {'ISTN': 74.19559710818733, 'I_gpe': 0.8217189225421606, 'I_gpi': 2.0775749560245704, 'noise_stn_sigma': 5.417845131541929, 'noise_gpe_sigma': 106.5654334880619, 'noise_gpi_sigma': 81.14211453944269, 'g_stn_gpe_mult': 2.4263763092674235, 'g_gpe_stn_mult': 0.37765006359944253, 'g_stn_gpi_mult': 1.6969652186563355, 'g_gpe_gpi_mult': 0.9018645219885748}. Best is trial 119 with value: 0.2337670588460598.
[I 2026-05-28 00:52:20,488] Trial 242 finished with value: 9.760837327738704 and parameters: {'ISTN': 75.41851277227161, 'I_gpe': 0.716669435717797, 'I_gpi': 2.8115453171711966, 'noise_stn_sigma': 5.984331986994334, 'noise_gpe_sigma': 86.4328704985644, 'noise_gpi_sigma': 84.85308545542793, 'g_stn_gpe_mult': 2.07873278336693, 'g_gpe_stn_mult': 0.2688259452649804, 'g_stn_gpi_mult': 2.5248774945585293, 'g_gpe_gpi_mult': 1.0205534909702314}. Best is trial 119 with value: 0.2337670588460598.
[I 2026-05-28 00:52:21,499] Trial 243 finished with value: 8.145101886045767 and parameters: {'ISTN': 76.23656055695992, 'I_gpe': 1.174606619075231, 'I_gpi': 3.1455375381663564, 'noise_stn_sigma': 6.271672076036823, 'noise_gpe_sigma': 85.16643434284713, 'noise_gpi_sigma': 93.33120333799364, 'g_stn_gpe_mult': 2.3025345149740817, 'g_gpe_stn_mult': 0.28455350114887296, 'g_stn_gpi_mult': 2.2423787136675855, 'g_gpe_gpi_mult': 1.032512394886329}. Best is trial 119 with value: 0.2337670588460598.
[I 2026-05-28 00:52:22,509] Trial 244 finished with value: 9.02213927261166 and parameters: {'ISTN': 66.43234144890506, 'I_gpe': 1.226048242524573, 'I_gpi': 2.859103087914107, 'noise_stn_sigma': 5.706820929763848, 'noise_gpe_sigma': 108.37685042243355, 'noise_gpi_sigma': 103.392820483478, 'g_stn_gpe_mult': 3.101444770681298, 'g_gpe_stn_mult': 0.22636801200654588, 'g_stn_gpi_mult': 2.055552753411647, 'g_gpe_gpi_mult': 1.0183621269407208}. Best is trial 119 with value: 0.2337670588460598.
[I 2026-05-28 00:52:23,520] Trial 245 finished with value: 6.135593547142388 and parameters: {'ISTN': 70.29110733893192, 'I_gpe': 1.2824015180793438, 'I_gpi': 2.873972576662081, 'noise_stn_sigma': 5.079821375288072, 'noise_gpe_sigma': 68.8356705613165, 'noise_gpi_sigma': 61.18841152220122, 'g_stn_gpe_mult': 2.1316312883086743, 'g_gpe_stn_mult': 0.17366340042953077, 'g_stn_gpi_mult': 2.683940093080047, 'g_gpe_gpi_mult': 1.0184398932058112}. Best is trial 119 with value: 0.2337670588460598.
[I 2026-05-28 00:52:24,528] Trial 246 finished with value: 11.139214749269165 and parameters: {'ISTN': 74.89043666002475, 'I_gpe': 1.0412500614972546, 'I_gpi': 2.354243980756506, 'noise_stn_sigma': 6.3329653695887895, 'noise_gpe_sigma': 84.0621932119803, 'noise_gpi_sigma': 81.64158382342677, 'g_stn_gpe_mult': 2.300311631738743, 'g_gpe_stn_mult': 0.3777095680048237, 'g_stn_gpi_mult': 2.5818899046858204, 'g_gpe_gpi_mult': 0.8239511083866189}. Best is trial 119 with value: 0.2337670588460598.
[I 2026-05-28 00:52:25,537] Trial 247 finished with value: 10.44688057859731 and parameters: {'ISTN': 79.64676490302806, 'I_gpe': 1.6040153380648412, 'I_gpi': 1.912112026274924, 'noise_stn_sigma': 6.520859574925139, 'noise_gpe_sigma': 87.22583983367495, 'noise_gpi_sigma': 75.88529922922608, 'g_stn_gpe_mult': 2.3217410714188627, 'g_gpe_stn_mult': 0.34746657547598636, 'g_stn_gpi_mult': 2.977761900343893, 'g_gpe_gpi_mult': 0.8542186113424741}. Best is trial 119 with value: 0.2337670588460598.
[I 2026-05-28 00:52:26,546] Trial 248 finished with value: 5.428652873415091 and parameters: {'ISTN': 63.739001459624454, 'I_gpe': 1.4560822374293196, 'I_gpi': 2.9876019093402135, 'noise_stn_sigma': 6.718947276475221, 'noise_gpe_sigma': 83.17966687408082, 'noise_gpi_sigma': 70.7854276837071, 'g_stn_gpe_mult': 2.1373111243042713, 'g_gpe_stn_mult': 0.27404477932318866, 'g_stn_gpi_mult': 2.203403419869141, 'g_gpe_gpi_mult': 0.9129088783698327}. Best is trial 119 with value: 0.2337670588460598.
[I 2026-05-28 00:52:27,554] Trial 249 finished with value: 9.09451835210634 and parameters: {'ISTN': 72.12624090139772, 'I_gpe': 1.2789128844012756, 'I_gpi': 2.406274155117675, 'noise_stn_sigma': 5.435723199192726, 'noise_gpe_sigma': 89.56993239100373, 'noise_gpi_sigma': 86.38102511122561, 'g_stn_gpe_mult': 2.525130789468322, 'g_gpe_stn_mult': 0.23819303927752705, 'g_stn_gpi_mult': 2.322281653552826, 'g_gpe_gpi_mult': 0.8811232123152044}. Best is trial 119 with value: 0.2337670588460598.
[I 2026-05-28 00:52:28,562] Trial 250 finished with value: 7.290584910589781 and parameters: {'ISTN': 66.21339337338567, 'I_gpe': 1.2549469260005965, 'I_gpi': 2.755000490754221, 'noise_stn_sigma': 5.080274593974067, 'noise_gpe_sigma': 90.0650398508203, 'noise_gpi_sigma': 69.79406103934816, 'g_stn_gpe_mult': 2.505510087787724, 'g_gpe_stn_mult': 0.24951938604500562, 'g_stn_gpi_mult': 2.7835448371451035, 'g_gpe_gpi_mult': 0.9290763866523932}. Best is trial 119 with value: 0.2337670588460598.
[I 2026-05-28 00:52:29,572] Trial 251 finished with value: 7.665651638805915 and parameters: {'ISTN': 72.15112539366265, 'I_gpe': 0.7287778469084027, 'I_gpi': 3.15913501928565, 'noise_stn_sigma': 5.676294641129615, 'noise_gpe_sigma': 89.50161651873715, 'noise_gpi_sigma': 76.38970107303751, 'g_stn_gpe_mult': 2.69406642297294, 'g_gpe_stn_mult': 0.31726942439586814, 'g_stn_gpi_mult': 2.061841667393076, 'g_gpe_gpi_mult': 0.8635994123991226}. Best is trial 119 with value: 0.2337670588460598.
[I 2026-05-28 00:52:30,580] Trial 252 finished with value: 13.576260927662105 and parameters: {'ISTN': 70.06143013980568, 'I_gpe': 1.5525776062672554, 'I_gpi': 2.8460093064438707, 'noise_stn_sigma': 5.9917287282801395, 'noise_gpe_sigma': 81.87619469168757, 'noise_gpi_sigma': 65.84655110310715, 'g_stn_gpe_mult': 1.716959619747466, 'g_gpe_stn_mult': 0.30368985887201294, 'g_stn_gpi_mult': 2.2408632128569543, 'g_gpe_gpi_mult': 1.0379217851953755}. Best is trial 119 with value: 0.2337670588460598.
[I 2026-05-28 00:52:31,591] Trial 253 finished with value: 12.642473173956265 and parameters: {'ISTN': 64.92373764142849, 'I_gpe': 1.4382241649440406, 'I_gpi': 2.8679974708045726, 'noise_stn_sigma': 5.323150547769591, 'noise_gpe_sigma': 69.56144101171142, 'noise_gpi_sigma': 83.56547278063259, 'g_stn_gpe_mult': 2.1420584352624776, 'g_gpe_stn_mult': 0.2503606846919625, 'g_stn_gpi_mult': 2.520070735431715, 'g_gpe_gpi_mult': 0.8925025777509974}. Best is trial 119 with value: 0.2337670588460598.
[I 2026-05-28 00:52:32,601] Trial 254 finished with value: 8.277650178383896 and parameters: {'ISTN': 69.72184019544466, 'I_gpe': 1.1894052967125925, 'I_gpi': 2.494426029132023, 'noise_stn_sigma': 6.287797343412726, 'noise_gpe_sigma': 91.45864924229865, 'noise_gpi_sigma': 76.82756128779188, 'g_stn_gpe_mult': 2.9424184440585397, 'g_gpe_stn_mult': 0.2501268490308888, 'g_stn_gpi_mult': 2.3011348664169047, 'g_gpe_gpi_mult': 1.08794936619328}. Best is trial 119 with value: 0.2337670588460598.
[I 2026-05-28 00:52:33,610] Trial 255 finished with value: 3.798055661214477 and parameters: {'ISTN': 66.23688118678596, 'I_gpe': 1.2700845581199052, 'I_gpi': 2.555743188890905, 'noise_stn_sigma': 6.167471228114513, 'noise_gpe_sigma': 81.14174411449994, 'noise_gpi_sigma': 79.28711977071312, 'g_stn_gpe_mult': 2.606786203438424, 'g_gpe_stn_mult': 0.12872917973162862, 'g_stn_gpi_mult': 2.7615005795166283, 'g_gpe_gpi_mult': 1.050088451254857}. Best is trial 119 with value: 0.2337670588460598.
[I 2026-05-28 00:52:34,622] Trial 256 finished with value: 8.267438214303052 and parameters: {'ISTN': 66.66131230279859, 'I_gpe': 1.095835507692981, 'I_gpi': 2.15998273976375, 'noise_stn_sigma': 6.470242169706741, 'noise_gpe_sigma': 93.502087079967, 'noise_gpi_sigma': 56.15080891688195, 'g_stn_gpe_mult': 2.4252022842743175, 'g_gpe_stn_mult': 0.24541893992335306, 'g_stn_gpi_mult': 2.3336914894853855, 'g_gpe_gpi_mult': 1.1552479849648905}. Best is trial 119 with value: 0.2337670588460598.
[I 2026-05-28 00:52:35,632] Trial 257 finished with value: 7.313629720197943 and parameters: {'ISTN': 65.51640129400057, 'I_gpe': 1.2536126952411917, 'I_gpi': 2.5775901336113645, 'noise_stn_sigma': 6.376260627037235, 'noise_gpe_sigma': 83.24694698107274, 'noise_gpi_sigma': 59.43532556334693, 'g_stn_gpe_mult': 2.265390293292498, 'g_gpe_stn_mult': 0.24723805901473617, 'g_stn_gpi_mult': 2.6049384782022678, 'g_gpe_gpi_mult': 1.1656070332984394}. Best is trial 119 with value: 0.2337670588460598.
[I 2026-05-28 00:52:36,641] Trial 258 finished with value: 7.45706045681559 and parameters: {'ISTN': 73.50126570717335, 'I_gpe': 1.4737633362547689, 'I_gpi': 2.98327231499233, 'noise_stn_sigma': 6.150466089698209, 'noise_gpe_sigma': 75.9578113236173, 'noise_gpi_sigma': 60.373529730589595, 'g_stn_gpe_mult': 1.6807814253686542, 'g_gpe_stn_mult': 0.2546060478751253, 'g_stn_gpi_mult': 2.787465842855541, 'g_gpe_gpi_mult': 0.9676142116437483}. Best is trial 119 with value: 0.2337670588460598.
[I 2026-05-28 00:52:37,650] Trial 259 finished with value: 13.027944155952634 and parameters: {'ISTN': 64.43654109774089, 'I_gpe': 1.6728766173160812, 'I_gpi': 3.1080607946345995, 'noise_stn_sigma': 6.234384463487018, 'noise_gpe_sigma': 74.10010781235897, 'noise_gpi_sigma': 77.67111398920144, 'g_stn_gpe_mult': 1.994142478841764, 'g_gpe_stn_mult': 0.22077888947287522, 'g_stn_gpi_mult': 2.5026990061471928, 'g_gpe_gpi_mult': 1.0781379565953415}. Best is trial 119 with value: 0.2337670588460598.
[I 2026-05-28 00:52:38,660] Trial 260 finished with value: 9.342749288201432 and parameters: {'ISTN': 68.71460396160718, 'I_gpe': 1.924543121713907, 'I_gpi': 3.6112182744305708, 'noise_stn_sigma': 5.423656630259618, 'noise_gpe_sigma': 81.10035160718459, 'noise_gpi_sigma': 73.50286886750365, 'g_stn_gpe_mult': 1.778752837401869, 'g_gpe_stn_mult': 0.21107974735349905, 'g_stn_gpi_mult': 1.8517961126525124, 'g_gpe_gpi_mult': 0.7582951420867039}. Best is trial 119 with value: 0.2337670588460598.
[I 2026-05-28 00:52:39,670] Trial 261 finished with value: 9.850850437280137 and parameters: {'ISTN': 75.0592017530469, 'I_gpe': 1.3809844464327627, 'I_gpi': 2.768566058220723, 'noise_stn_sigma': 6.740946440633518, 'noise_gpe_sigma': 78.77857285640519, 'noise_gpi_sigma': 84.572067187971, 'g_stn_gpe_mult': 2.1371641286238123, 'g_gpe_stn_mult': 0.22831295117169548, 'g_stn_gpi_mult': 2.6284831310250705, 'g_gpe_gpi_mult': 1.014081698421535}. Best is trial 119 with value: 0.2337670588460598.
[I 2026-05-28 00:52:40,680] Trial 262 finished with value: 8.536288791847365 and parameters: {'ISTN': 73.55888543771681, 'I_gpe': 1.3087806067252599, 'I_gpi': 2.269788719982754, 'noise_stn_sigma': 6.980186193898685, 'noise_gpe_sigma': 75.76122416381102, 'noise_gpi_sigma': 62.34440695571231, 'g_stn_gpe_mult': 2.179320237131397, 'g_gpe_stn_mult': 0.18624048428484358, 'g_stn_gpi_mult': 2.7823013182259486, 'g_gpe_gpi_mult': 1.1561067831687324}. Best is trial 119 with value: 0.2337670588460598.
[I 2026-05-28 00:52:41,686] Trial 263 finished with value: 6.315838899797221 and parameters: {'ISTN': 72.17036829631576, 'I_gpe': 1.4811035306393983, 'I_gpi': 2.59089040435634, 'noise_stn_sigma': 6.652627646696583, 'noise_gpe_sigma': 76.89323834154254, 'noise_gpi_sigma': 89.9080263673284, 'g_stn_gpe_mult': 2.5004340970850905, 'g_gpe_stn_mult': 0.195933874052366, 'g_stn_gpi_mult': 2.8899855173508344, 'g_gpe_gpi_mult': 0.9810313898296457}. Best is trial 119 with value: 0.2337670588460598.
