[I 2026-05-28 01:08:58,342] Trial 220 finished with value: 2.118581418526886 and parameters: {'ISTN': 106.60892619345208, 'I_gpe': 0.7783138001807213, 'I_gpi': 2.6871014286561516, 'noise_stn_sigma': 2.7560568630203153, 'noise_gpe_sigma': 109.38115786931128, 'noise_gpi_sigma': 137.23542144104147, 'g_stn_gpe_mult': 3.793142663948112, 'g_gpe_stn_mult': 1.6406973404888971, 'g_stn_gpi_mult': 1.9557247668760946, 'g_gpe_gpi_mult': 1.6911909929812075}. Best is trial 166 with value: 0.1435060865093464.
[I 2026-05-28 01:08:59,349] Trial 221 finished with value: 3.973192122967568 and parameters: {'ISTN': 92.24583753154015, 'I_gpe': 0.7333022895875606, 'I_gpi': 2.339958887233646, 'noise_stn_sigma': 3.4832215206061745, 'noise_gpe_sigma': 99.27306238926732, 'noise_gpi_sigma': 142.74047288236886, 'g_stn_gpe_mult': 3.555096564821144, 'g_gpe_stn_mult': 1.2993995650492274, 'g_stn_gpi_mult': 2.3774020040766097, 'g_gpe_gpi_mult': 1.8134082407676921}. Best is trial 166 with value: 0.1435060865093464.
[I 2026-05-28 01:09:00,356] Trial 222 finished with value: 0.8466988595323461 and parameters: {'ISTN': 96.64305747846376, 'I_gpe': 0.8070369307470948, 'I_gpi': 2.7442862420992595, 'noise_stn_sigma': 3.070754489634927, 'noise_gpe_sigma': 87.23420582408362, 'noise_gpi_sigma': 139.16569645846792, 'g_stn_gpe_mult': 3.3198482168095658, 'g_gpe_stn_mult': 1.3551053419871226, 'g_stn_gpi_mult': 2.5467927355803344, 'g_gpe_gpi_mult': 1.6584550707066594}. Best is trial 166 with value: 0.1435060865093464.
[I 2026-05-28 01:09:01,361] Trial 223 finished with value: 4.044639962220056 and parameters: {'ISTN': 102.38517151710468, 'I_gpe': 0.9325518147923076, 'I_gpi': 2.9645029745803813, 'noise_stn_sigma': 3.4631365112058194, 'noise_gpe_sigma': 101.64501385366107, 'noise_gpi_sigma': 122.0723513101648, 'g_stn_gpe_mult': 4.053297841079965, 'g_gpe_stn_mult': 1.5701246976608079, 'g_stn_gpi_mult': 2.486324454428478, 'g_gpe_gpi_mult': 1.818248458204591}. Best is trial 166 with value: 0.1435060865093464.
[I 2026-05-28 01:09:02,370] Trial 224 finished with value: 1.0289094799776393 and parameters: {'ISTN': 100.22857294067079, 'I_gpe': 0.640391897655382, 'I_gpi': 3.2244083623641746, 'noise_stn_sigma': 3.3333815972589096, 'noise_gpe_sigma': 99.86326519264702, 'noise_gpi_sigma': 137.2407301153857, 'g_stn_gpe_mult': 3.3851822330083503, 'g_gpe_stn_mult': 1.4669241404165005, 'g_stn_gpi_mult': 2.4264941803805953, 'g_gpe_gpi_mult': 1.4441002825809093}. Best is trial 166 with value: 0.1435060865093464.
[I 2026-05-28 01:09:03,379] Trial 225 finished with value: 5.090465371515287 and parameters: {'ISTN': 102.46927532440762, 'I_gpe': 0.5854726578688121, 'I_gpi': 2.385726856719933, 'noise_stn_sigma': 3.608119571333144, 'noise_gpe_sigma': 93.89849545083005, 'noise_gpi_sigma': 135.6220408747334, 'g_stn_gpe_mult': 3.3252609758541833, 'g_gpe_stn_mult': 1.5323677573856664, 'g_stn_gpi_mult': 2.0316016461626614, 'g_gpe_gpi_mult': 1.5055526795823975}. Best is trial 166 with value: 0.1435060865093464.
[I 2026-05-28 01:09:04,385] Trial 226 finished with value: 2.398143484313752 and parameters: {'ISTN': 89.99103825412698, 'I_gpe': 0.688851351299579, 'I_gpi': 2.6256413368350295, 'noise_stn_sigma': 3.302982205262679, 'noise_gpe_sigma': 97.09007439034622, 'noise_gpi_sigma': 128.6329665923979, 'g_stn_gpe_mult': 3.7770497075710727, 'g_gpe_stn_mult': 1.2944179389076325, 'g_stn_gpi_mult': 2.402761694633232, 'g_gpe_gpi_mult': 1.6088163948597118}. Best is trial 166 with value: 0.1435060865093464.
[I 2026-05-28 01:09:05,393] Trial 227 finished with value: 3.479998348352217 and parameters: {'ISTN': 93.39988105415148, 'I_gpe': 0.9261894053160358, 'I_gpi': 3.1161466699206075, 'noise_stn_sigma': 2.840300993358242, 'noise_gpe_sigma': 93.81336899970404, 'noise_gpi_sigma': 133.21710040670595, 'g_stn_gpe_mult': 3.942545295902577, 'g_gpe_stn_mult': 1.5279044904715284, 'g_stn_gpi_mult': 2.015160790912546, 'g_gpe_gpi_mult': 1.8256685397642876}. Best is trial 166 with value: 0.1435060865093464.
[I 2026-05-28 01:09:06,398] Trial 228 finished with value: 0.5688176886196779 and parameters: {'ISTN': 108.16448843573087, 'I_gpe': 0.7521609089398119, 'I_gpi': 2.066514055107096, 'noise_stn_sigma': 2.8051700404891524, 'noise_gpe_sigma': 110.16996872528503, 'noise_gpi_sigma': 130.02769657986, 'g_stn_gpe_mult': 3.7867355005448875, 'g_gpe_stn_mult': 1.5290017739463597, 'g_stn_gpi_mult': 2.5876727072898738, 'g_gpe_gpi_mult': 1.9297670028555272}. Best is trial 166 with value: 0.1435060865093464.
[I 2026-05-28 01:09:07,403] Trial 229 finished with value: 0.7519446188924317 and parameters: {'ISTN': 92.9325448730572, 'I_gpe': 0.5255645859308088, 'I_gpi': 2.3832863651310814, 'noise_stn_sigma': 2.8370890938122963, 'noise_gpe_sigma': 91.07890270607786, 'noise_gpi_sigma': 135.04458582472728, 'g_stn_gpe_mult': 3.804144820231018, 'g_gpe_stn_mult': 1.3782874264824267, 'g_stn_gpi_mult': 1.91097996030606, 'g_gpe_gpi_mult': 1.3875226100790041}. Best is trial 166 with value: 0.1435060865093464.
[I 2026-05-28 01:09:08,412] Trial 230 finished with value: 1.8950510741285176 and parameters: {'ISTN': 86.8496833598285, 'I_gpe': 0.8218529928158633, 'I_gpi': 2.90721431647594, 'noise_stn_sigma': 2.8866555919185046, 'noise_gpe_sigma': 110.50960539537147, 'noise_gpi_sigma': 137.7213460850674, 'g_stn_gpe_mult': 3.4783890362736565, 'g_gpe_stn_mult': 1.2991045786378612, 'g_stn_gpi_mult': 2.8261123580504326, 'g_gpe_gpi_mult': 1.698694820121539}. Best is trial 166 with value: 0.1435060865093464.
[I 2026-05-28 01:09:09,419] Trial 231 finished with value: 6.229230207939379 and parameters: {'ISTN': 103.23720105559488, 'I_gpe': 0.915097327784693, 'I_gpi': 2.7732864212201003, 'noise_stn_sigma': 2.7658466995869047, 'noise_gpe_sigma': 94.89758333307647, 'noise_gpi_sigma': 133.44497759475112, 'g_stn_gpe_mult': 3.3948860835005163, 'g_gpe_stn_mult': 1.3971866367694126, 'g_stn_gpi_mult': 2.0328994851676434, 'g_gpe_gpi_mult': 1.415431223580971}. Best is trial 166 with value: 0.1435060865093464.
[I 2026-05-28 01:09:10,427] Trial 232 finished with value: 13.607196975052084 and parameters: {'ISTN': 101.90167744178997, 'I_gpe': 0.7345799038767016, 'I_gpi': 2.5785677647637275, 'noise_stn_sigma': 3.899011194740755, 'noise_gpe_sigma': 96.50916954237462, 'noise_gpi_sigma': 120.63647771309634, 'g_stn_gpe_mult': 3.8802568861013724, 'g_gpe_stn_mult': 1.2331945910077249, 'g_stn_gpi_mult': 2.579989826353341, 'g_gpe_gpi_mult': 1.6266909976008592}. Best is trial 166 with value: 0.1435060865093464.
[I 2026-05-28 01:09:11,375] Trial 233 finished with value: 1000000.0 and parameters: {'ISTN': 111.73094077663285, 'I_gpe': 0.7874359678322324, 'I_gpi': 2.4922740671563757, 'noise_stn_sigma': 2.206759536502001, 'noise_gpe_sigma': 99.42708304763799, 'noise_gpi_sigma': 134.93094873346422, 'g_stn_gpe_mult': 3.8293851118293074, 'g_gpe_stn_mult': 1.389940706034861, 'g_stn_gpi_mult': 2.5059210030753833, 'g_gpe_gpi_mult': 1.650024874119514}. Best is trial 166 with value: 0.1435060865093464.
[I 2026-05-28 01:09:12,383] Trial 234 finished with value: 0.26578743945234223 and parameters: {'ISTN': 99.62246642928193, 'I_gpe': 0.5709360246883044, 'I_gpi': 2.43947635839396, 'noise_stn_sigma': 2.798868924459037, 'noise_gpe_sigma': 105.19527619512645, 'noise_gpi_sigma': 143.65776178034557, 'g_stn_gpe_mult': 3.506332867166776, 'g_gpe_stn_mult': 1.5555958958734997, 'g_stn_gpi_mult': 2.1668139080379047, 'g_gpe_gpi_mult': 1.8384806711351114}. Best is trial 166 with value: 0.1435060865093464.
[I 2026-05-28 01:09:13,392] Trial 235 finished with value: 0.4905247194195451 and parameters: {'ISTN': 95.21587428329447, 'I_gpe': 0.7927446889773171, 'I_gpi': 2.093117738747136, 'noise_stn_sigma': 2.798623518993481, 'noise_gpe_sigma': 99.60475869914251, 'noise_gpi_sigma': 142.72550676159273, 'g_stn_gpe_mult': 3.8076305896105973, 'g_gpe_stn_mult': 1.3932802475602755, 'g_stn_gpi_mult': 2.2202216423543235, 'g_gpe_gpi_mult': 1.4462828321386867}. Best is trial 166 with value: 0.1435060865093464.
[I 2026-05-28 01:09:14,400] Trial 236 finished with value: 2.6430133488767273 and parameters: {'ISTN': 101.11923362486752, 'I_gpe': 0.6900071126108928, 'I_gpi': 3.2903963459471974, 'noise_stn_sigma': 2.7462432378971364, 'noise_gpe_sigma': 112.18783485671237, 'noise_gpi_sigma': 134.09051122708007, 'g_stn_gpe_mult': 4.157563968461379, 'g_gpe_stn_mult': 1.4113513018854364, 'g_stn_gpi_mult': 2.2871242074512916, 'g_gpe_gpi_mult': 1.6861175053140645}. Best is trial 166 with value: 0.1435060865093464.
[I 2026-05-28 01:09:15,411] Trial 237 finished with value: 11.986450455446606 and parameters: {'ISTN': 101.3433168883405, 'I_gpe': 0.587936520568219, 'I_gpi': 1.988017279996454, 'noise_stn_sigma': 2.7593131519073824, 'noise_gpe_sigma': 100.10179477167051, 'noise_gpi_sigma': 126.41891824775064, 'g_stn_gpe_mult': 3.5824827041976888, 'g_gpe_stn_mult': 1.2779774779843232, 'g_stn_gpi_mult': 2.506457419748144, 'g_gpe_gpi_mult': 1.8004829567528269}. Best is trial 166 with value: 0.1435060865093464.
[I 2026-05-28 01:09:16,417] Trial 238 finished with value: 2.592339175732338 and parameters: {'ISTN': 91.89458158915376, 'I_gpe': 0.5528035276757612, 'I_gpi': 2.2089539292731564, 'noise_stn_sigma': 3.7406043560721876, 'noise_gpe_sigma': 98.75381739006781, 'noise_gpi_sigma': 140.79276561121733, 'g_stn_gpe_mult': 3.9027063627231366, 'g_gpe_stn_mult': 1.4557737847728611, 'g_stn_gpi_mult': 2.591699600206352, 'g_gpe_gpi_mult': 1.5246238429911663}. Best is trial 166 with value: 0.1435060865093464.
[I 2026-05-28 01:09:17,427] Trial 239 finished with value: 2.485753785919718 and parameters: {'ISTN': 95.64967885713834, 'I_gpe': 0.6052571694079247, 'I_gpi': 1.8253562170141113, 'noise_stn_sigma': 2.54867171903688, 'noise_gpe_sigma': 93.37500574316412, 'noise_gpi_sigma': 135.84775849719654, 'g_stn_gpe_mult': 3.2288088883045463, 'g_gpe_stn_mult': 1.4539637241342687, 'g_stn_gpi_mult': 1.9369660554379455, 'g_gpe_gpi_mult': 1.8186627432190383}. Best is trial 166 with value: 0.1435060865093464.
[I 2026-05-28 01:09:18,432] Trial 240 finished with value: 3.1264632634622918 and parameters: {'ISTN': 87.29905146117972, 'I_gpe': 0.889676787425218, 'I_gpi': 2.274466010600594, 'noise_stn_sigma': 3.395755565684741, 'noise_gpe_sigma': 115.00915830835523, 'noise_gpi_sigma': 130.67386086409465, 'g_stn_gpe_mult': 3.616570422619744, 'g_gpe_stn_mult': 1.3581548990817611, 'g_stn_gpi_mult': 2.8412106359196336, 'g_gpe_gpi_mult': 1.8465804600953413}. Best is trial 166 with value: 0.1435060865093464.
[I 2026-05-28 01:09:19,442] Trial 241 finished with value: 0.561562217920313 and parameters: {'ISTN': 106.62610994730464, 'I_gpe': 0.7016812824179891, 'I_gpi': 1.4592008231621363, 'noise_stn_sigma': 2.985935289972681, 'noise_gpe_sigma': 92.52650995636964, 'noise_gpi_sigma': 120.35587041079408, 'g_stn_gpe_mult': 3.659072099329773, 'g_gpe_stn_mult': 1.5521036520367921, 'g_stn_gpi_mult': 2.281575586149005, 'g_gpe_gpi_mult': 1.5831388805498952}. Best is trial 166 with value: 0.1435060865093464.
[I 2026-05-28 01:09:20,450] Trial 242 finished with value: 3.8903207800104824 and parameters: {'ISTN': 90.10461779433841, 'I_gpe': 0.6839738702666549, 'I_gpi': 2.113980104136642, 'noise_stn_sigma': 2.65670324847899, 'noise_gpe_sigma': 101.54422351116303, 'noise_gpi_sigma': 139.66761025434982, 'g_stn_gpe_mult': 3.2757344889883244, 'g_gpe_stn_mult': 1.402237606106947, 'g_stn_gpi_mult': 2.27135604698889, 'g_gpe_gpi_mult': 1.7604605329481204}. Best is trial 166 with value: 0.1435060865093464.
[I 2026-05-28 01:09:21,456] Trial 243 finished with value: 0.15016224788035298 and parameters: {'ISTN': 103.88618519622146, 'I_gpe': 0.7572387882439805, 'I_gpi': 2.1381703609637928, 'noise_stn_sigma': 2.818027775460289, 'noise_gpe_sigma': 98.71758626763452, 'noise_gpi_sigma': 134.9169851360641, 'g_stn_gpe_mult': 3.7090836077382674, 'g_gpe_stn_mult': 1.5680905317856313, 'g_stn_gpi_mult': 2.1712631924861396, 'g_gpe_gpi_mult': 1.6308704101599087}. Best is trial 166 with value: 0.1435060865093464.
[I 2026-05-28 01:09:22,462] Trial 244 finished with value: 0.1619598760128148 and parameters: {'ISTN': 111.31772071751706, 'I_gpe': 0.836839184212296, 'I_gpi': 2.5516308152042053, 'noise_stn_sigma': 2.458736381440457, 'noise_gpe_sigma': 99.28374551515437, 'noise_gpi_sigma': 127.05268196172437, 'g_stn_gpe_mult': 3.5126097810303234, 'g_gpe_stn_mult': 1.5990940085769398, 'g_stn_gpi_mult': 2.583846257142796, 'g_gpe_gpi_mult': 1.839902459264027}. Best is trial 166 with value: 0.1435060865093464.
[I 2026-05-28 01:09:23,469] Trial 245 finished with value: 0.3979305914500894 and parameters: {'ISTN': 105.11321862079853, 'I_gpe': 0.7221552246293952, 'I_gpi': 1.6711933129942547, 'noise_stn_sigma': 2.627469969547331, 'noise_gpe_sigma': 92.86199328853809, 'noise_gpi_sigma': 147.34270245919524, 'g_stn_gpe_mult': 3.5869827737515068, 'g_gpe_stn_mult': 1.5155742955905875, 'g_stn_gpi_mult': 2.8539092819499023, 'g_gpe_gpi_mult': 1.6358596302918387}. Best is trial 166 with value: 0.1435060865093464.
[I 2026-05-28 01:09:24,474] Trial 246 finished with value: 0.24725070204141272 and parameters: {'ISTN': 90.37190384733029, 'I_gpe': 0.5257544237985704, 'I_gpi': 1.8444056695970787, 'noise_stn_sigma': 3.157729890446499, 'noise_gpe_sigma': 110.5383377445535, 'noise_gpi_sigma': 120.36691261963423, 'g_stn_gpe_mult': 3.7690583043477273, 'g_gpe_stn_mult': 1.4714062758412603, 'g_stn_gpi_mult': 1.9717887275126496, 'g_gpe_gpi_mult': 1.7798255407203432}. Best is trial 166 with value: 0.1435060865093464.
[I 2026-05-28 01:09:25,482] Trial 247 finished with value: 1.5874420894175354 and parameters: {'ISTN': 94.51502748451851, 'I_gpe': 0.5905313344532571, 'I_gpi': 2.2834835949071213, 'noise_stn_sigma': 3.130737967850591, 'noise_gpe_sigma': 109.58855605011773, 'noise_gpi_sigma': 134.19187532542242, 'g_stn_gpe_mult': 3.70071128831331, 'g_gpe_stn_mult': 1.2859012602215527, 'g_stn_gpi_mult': 2.4762221557852704, 'g_gpe_gpi_mult': 1.6971538160277908}. Best is trial 166 with value: 0.1435060865093464.
[I 2026-05-28 01:09:26,491] Trial 248 finished with value: 0.393274551311637 and parameters: {'ISTN': 103.93902037765163, 'I_gpe': 0.6007937125899647, 'I_gpi': 2.3618255197665863, 'noise_stn_sigma': 3.0923841970771067, 'noise_gpe_sigma': 94.74607314544798, 'noise_gpi_sigma': 146.76893622698447, 'g_stn_gpe_mult': 4.120640941624633, 'g_gpe_stn_mult': 1.554557144748688, 'g_stn_gpi_mult': 2.599714823607192, 'g_gpe_gpi_mult': 1.60140682542346}. Best is trial 166 with value: 0.1435060865093464.
[I 2026-05-28 01:09:27,499] Trial 249 finished with value: 0.2412952467407491 and parameters: {'ISTN': 98.5463088179774, 'I_gpe': 0.5279371770762279, 'I_gpi': 2.1366453947941073, 'noise_stn_sigma': 3.250735450932238, 'noise_gpe_sigma': 102.66941711702994, 'noise_gpi_sigma': 133.29479416238587, 'g_stn_gpe_mult': 3.8919951368081627, 'g_gpe_stn_mult': 1.541663292884327, 'g_stn_gpi_mult': 2.4244484964109985, 'g_gpe_gpi_mult': 1.797783215793094}. Best is trial 166 with value: 0.1435060865093464.
[I 2026-05-28 01:09:28,507] Trial 250 finished with value: 0.20836165187715647 and parameters: {'ISTN': 91.90829261919755, 'I_gpe': 0.725773702266121, 'I_gpi': 2.3388360297679576, 'noise_stn_sigma': 2.7585757438679437, 'noise_gpe_sigma': 100.17696282602891, 'noise_gpi_sigma': 138.67259460579186, 'g_stn_gpe_mult': 4.280925865901182, 'g_gpe_stn_mult': 1.4125080851934333, 'g_stn_gpi_mult': 2.2705273463280635, 'g_gpe_gpi_mult': 1.822095624901111}. Best is trial 166 with value: 0.1435060865093464.
[I 2026-05-28 01:09:29,515] Trial 251 finished with value: 8.825546013255385 and parameters: {'ISTN': 104.74261968083506, 'I_gpe': 1.1180608192839452, 'I_gpi': 2.3412600556850887, 'noise_stn_sigma': 2.8914395486230315, 'noise_gpe_sigma': 97.8954824806263, 'noise_gpi_sigma': 133.2856769421833, 'g_stn_gpe_mult': 4.33126663029391, 'g_gpe_stn_mult': 1.47265535839152, 'g_stn_gpi_mult': 2.5382622439911375, 'g_gpe_gpi_mult': 1.7558814092827504}. Best is trial 166 with value: 0.1435060865093464.
[I 2026-05-28 01:09:30,520] Trial 252 finished with value: 0.3407721471712096 and parameters: {'ISTN': 94.61199499032017, 'I_gpe': 0.8118327553860587, 'I_gpi': 2.424733850621804, 'noise_stn_sigma': 2.6783143584612827, 'noise_gpe_sigma': 95.64688424989906, 'noise_gpi_sigma': 144.0222783715838, 'g_stn_gpe_mult': 3.782425134042695, 'g_gpe_stn_mult': 1.4547611167953942, 'g_stn_gpi_mult': 2.2703721063705418, 'g_gpe_gpi_mult': 1.6851087511542235}. Best is trial 166 with value: 0.1435060865093464.
[I 2026-05-28 01:09:31,525] Trial 253 finished with value: 4.242168884036955 and parameters: {'ISTN': 109.97104826651486, 'I_gpe': 0.747857631636071, 'I_gpi': 2.1038657448388363, 'noise_stn_sigma': 2.083693020191684, 'noise_gpe_sigma': 97.77579041275833, 'noise_gpi_sigma': 136.19936753635102, 'g_stn_gpe_mult': 3.189114643075569, 'g_gpe_stn_mult': 1.5038269115585452, 'g_stn_gpi_mult': 2.366669740903541, 'g_gpe_gpi_mult': 1.7564555240202733}. Best is trial 166 with value: 0.1435060865093464.
[I 2026-05-28 01:09:32,532] Trial 254 finished with value: 9.100625007709473 and parameters: {'ISTN': 103.54366038898044, 'I_gpe': 0.8841410144239097, 'I_gpi': 2.3296490741085423, 'noise_stn_sigma': 1.936766376009207, 'noise_gpe_sigma': 110.65684397484941, 'noise_gpi_sigma': 129.16754242898543, 'g_stn_gpe_mult': 3.71007252678837, 'g_gpe_stn_mult': 1.5802993228517328, 'g_stn_gpi_mult': 2.252000563759275, 'g_gpe_gpi_mult': 1.98915462107876}. Best is trial 166 with value: 0.1435060865093464.
[I 2026-05-28 01:09:33,540] Trial 255 finished with value: 0.3904413673922478 and parameters: {'ISTN': 105.56508172151436, 'I_gpe': 0.613012442192524, 'I_gpi': 1.802501821973677, 'noise_stn_sigma': 2.286205387708953, 'noise_gpe_sigma': 104.83551541768814, 'noise_gpi_sigma': 129.39101370656104, 'g_stn_gpe_mult': 3.413139766816309, 'g_gpe_stn_mult': 1.5910649768565914, 'g_stn_gpi_mult': 2.439206088255037, 'g_gpe_gpi_mult': 1.8701558986313889}. Best is trial 166 with value: 0.1435060865093464.
[I 2026-05-28 01:09:34,548] Trial 256 finished with value: 1.200303285100756 and parameters: {'ISTN': 98.13117326556889, 'I_gpe': 0.6316842561094649, 'I_gpi': 2.1704726145790065, 'noise_stn_sigma': 1.7087868542881752, 'noise_gpe_sigma': 108.61742144117147, 'noise_gpi_sigma': 138.23135790342667, 'g_stn_gpe_mult': 3.9532599606972894, 'g_gpe_stn_mult': 1.4494433980392856, 'g_stn_gpi_mult': 2.037029809260482, 'g_gpe_gpi_mult': 1.9196796790140407}. Best is trial 166 with value: 0.1435060865093464.
[I 2026-05-28 01:09:35,556] Trial 257 finished with value: 0.5320097000878234 and parameters: {'ISTN': 101.09498424639477, 'I_gpe': 0.6527619204492109, 'I_gpi': 2.167834130783131, 'noise_stn_sigma': 1.7948716362996615, 'noise_gpe_sigma': 102.48205610467006, 'noise_gpi_sigma': 140.81812213640515, 'g_stn_gpe_mult': 3.5925976823030306, 'g_gpe_stn_mult': 1.4682164237287783, 'g_stn_gpi_mult': 2.0910351589011285, 'g_gpe_gpi_mult': 1.7840358570397592}. Best is trial 166 with value: 0.1435060865093464.
[I 2026-05-28 01:09:36,563] Trial 258 finished with value: 1.4334024470079245 and parameters: {'ISTN': 98.66099213840265, 'I_gpe': 0.5750146662324388, 'I_gpi': 2.1332037733372085, 'noise_stn_sigma': 2.9515081866915267, 'noise_gpe_sigma': 89.55407419985033, 'noise_gpi_sigma': 138.2257687734137, 'g_stn_gpe_mult': 3.5389958110642414, 'g_gpe_stn_mult': 1.5417743314962464, 'g_stn_gpi_mult': 2.0866356325562716, 'g_gpe_gpi_mult': 1.6077336649024947}. Best is trial 166 with value: 0.1435060865093464.
[I 2026-05-28 01:09:37,570] Trial 259 finished with value: 1.3947701314195382 and parameters: {'ISTN': 100.4933985678407, 'I_gpe': 0.8601002979986259, 'I_gpi': 2.1746087979285766, 'noise_stn_sigma': 2.5446117043349052, 'noise_gpe_sigma': 100.13549701428772, 'noise_gpi_sigma': 140.6808411335585, 'g_stn_gpe_mult': 3.283445223454536, 'g_gpe_stn_mult': 1.468953015505137, 'g_stn_gpi_mult': 2.467901939190998, 'g_gpe_gpi_mult': 1.6580707420213265}. Best is trial 166 with value: 0.1435060865093464.
[I 2026-05-28 01:09:38,576] Trial 260 finished with value: 3.0021885338584218 and parameters: {'ISTN': 96.59086060657523, 'I_gpe': 1.032638208783831, 'I_gpi': 2.3226562323804236, 'noise_stn_sigma': 3.7921302451641337, 'noise_gpe_sigma': 99.50329627920317, 'noise_gpi_sigma': 124.02423029095725, 'g_stn_gpe_mult': 4.0535050216080055, 'g_gpe_stn_mult': 1.505269346962792, 'g_stn_gpi_mult': 2.6917750260368587, 'g_gpe_gpi_mult': 1.4898989068033632}. Best is trial 166 with value: 0.1435060865093464.
[I 2026-05-28 01:09:39,584] Trial 261 finished with value: 1.6582858693843074 and parameters: {'ISTN': 98.86967481719145, 'I_gpe': 0.9652285648055767, 'I_gpi': 2.254478641289075, 'noise_stn_sigma': 2.8687097581415713, 'noise_gpe_sigma': 88.41589731771425, 'noise_gpi_sigma': 133.77725490919596, 'g_stn_gpe_mult': 3.7660314141056377, 'g_gpe_stn_mult': 1.4388170461859047, 'g_stn_gpi_mult': 2.4763787798740156, 'g_gpe_gpi_mult': 1.8232586919726244}. Best is trial 166 with value: 0.1435060865093464.
[I 2026-05-28 01:09:40,590] Trial 262 finished with value: 0.21040287937823376 and parameters: {'ISTN': 105.49276929316792, 'I_gpe': 0.5435739361184578, 'I_gpi': 2.0249342016993133, 'noise_stn_sigma': 1.7491469487999098, 'noise_gpe_sigma': 104.88696938185123, 'noise_gpi_sigma': 144.84047107759244, 'g_stn_gpe_mult': 3.9752241692101453, 'g_gpe_stn_mult': 1.64086083640357, 'g_stn_gpi_mult': 2.4519653804896797, 'g_gpe_gpi_mult': 1.8135082641325135}. Best is trial 166 with value: 0.1435060865093464.
[I 2026-05-28 01:09:41,598] Trial 263 finished with value: 0.8209391734496267 and parameters: {'ISTN': 99.58055964471232, 'I_gpe': 0.5756980258099839, 'I_gpi': 1.979656208346094, 'noise_stn_sigma': 2.814396777632977, 'noise_gpe_sigma': 104.61271907880976, 'noise_gpi_sigma': 127.37632709076333, 'g_stn_gpe_mult': 3.2023545317473823, 'g_gpe_stn_mult': 1.4783003479173502, 'g_stn_gpi_mult': 2.381972930771755, 'g_gpe_gpi_mult': 1.788802698534143}. Best is trial 166 with value: 0.1435060865093464.
