[I 2026-05-28 01:07:29,777] Trial 132 finished with value: 1.3404440015475727 and parameters: {'ISTN': 101.73474496536551, 'I_gpe': 0.7339575749203237, 'I_gpi': 3.2105989261403067, 'noise_stn_sigma': 3.9377327816350616, 'noise_gpe_sigma': 91.15617532493336, 'noise_gpi_sigma': 132.99595190660435, 'g_stn_gpe_mult': 3.5052833305137034, 'g_gpe_stn_mult': 1.6661763986055342, 'g_stn_gpi_mult': 1.485564317474243, 'g_gpe_gpi_mult': 1.6311967786406087}. Best is trial 58 with value: 0.3148048255696673.
[I 2026-05-28 01:07:30,783] Trial 133 finished with value: 11.880179255898952 and parameters: {'ISTN': 115.71742721675244, 'I_gpe': 1.4224867525253606, 'I_gpi': 2.310729982197955, 'noise_stn_sigma': 3.0190759643997773, 'noise_gpe_sigma': 94.02240455903618, 'noise_gpi_sigma': 122.80182347780739, 'g_stn_gpe_mult': 4.3786707345456115, 'g_gpe_stn_mult': 1.5923236153873421, 'g_stn_gpi_mult': 1.9126884411763652, 'g_gpe_gpi_mult': 1.6384087809993295}. Best is trial 58 with value: 0.3148048255696673.
[I 2026-05-28 01:07:31,788] Trial 134 finished with value: 11.049203546758868 and parameters: {'ISTN': 83.29511433441897, 'I_gpe': 0.7636278116904864, 'I_gpi': 3.052278344664153, 'noise_stn_sigma': 5.773888816504652, 'noise_gpe_sigma': 102.58725774241866, 'noise_gpi_sigma': 123.42900182099451, 'g_stn_gpe_mult': 3.3076097368498543, 'g_gpe_stn_mult': 1.5527671665339362, 'g_stn_gpi_mult': 2.530618686594097, 'g_gpe_gpi_mult': 1.5459341515400122}. Best is trial 58 with value: 0.3148048255696673.
[I 2026-05-28 01:07:32,794] Trial 135 finished with value: 9.10378395473342 and parameters: {'ISTN': 92.67566923542613, 'I_gpe': 1.3220902631498217, 'I_gpi': 2.709262660708244, 'noise_stn_sigma': 5.20601725466789, 'noise_gpe_sigma': 89.56372355517999, 'noise_gpi_sigma': 114.23642249425761, 'g_stn_gpe_mult': 4.165950234924267, 'g_gpe_stn_mult': 1.3803201593460535, 'g_stn_gpi_mult': 3.292572234723272, 'g_gpe_gpi_mult': 1.844411408530139}. Best is trial 58 with value: 0.3148048255696673.
[I 2026-05-28 01:07:33,802] Trial 136 finished with value: 0.38001884187179646 and parameters: {'ISTN': 80.8481921364355, 'I_gpe': 0.5678094311518993, 'I_gpi': 2.7010155274806453, 'noise_stn_sigma': 5.57271137437555, 'noise_gpe_sigma': 119.07924822629603, 'noise_gpi_sigma': 116.87630223807388, 'g_stn_gpe_mult': 2.9188880956680143, 'g_gpe_stn_mult': 1.35724215424998, 'g_stn_gpi_mult': 2.4161232128118764, 'g_gpe_gpi_mult': 1.5645790338029941}. Best is trial 58 with value: 0.3148048255696673.
[I 2026-05-28 01:07:34,805] Trial 137 finished with value: 110.42889768125413 and parameters: {'ISTN': 79.30215118662728, 'I_gpe': 1.0999886800987522, 'I_gpi': 2.6997702265890102, 'noise_stn_sigma': 3.32058515738923, 'noise_gpe_sigma': 98.27068113504963, 'noise_gpi_sigma': 128.02890919522355, 'g_stn_gpe_mult': 3.753784334327938, 'g_gpe_stn_mult': 1.5266752040203377, 'g_stn_gpi_mult': 1.9856292878697424, 'g_gpe_gpi_mult': 1.5391452280063012}. Best is trial 58 with value: 0.3148048255696673.
[I 2026-05-28 01:07:35,813] Trial 138 finished with value: 5.931438384243483 and parameters: {'ISTN': 85.25494608557784, 'I_gpe': 1.0826417729287665, 'I_gpi': 2.315791525935383, 'noise_stn_sigma': 3.3033024598998906, 'noise_gpe_sigma': 76.24273902618359, 'noise_gpi_sigma': 102.64987612683944, 'g_stn_gpe_mult': 3.9334021944722797, 'g_gpe_stn_mult': 1.2586052532105998, 'g_stn_gpi_mult': 2.064540912364125, 'g_gpe_gpi_mult': 1.7549315751842138}. Best is trial 58 with value: 0.3148048255696673.
[I 2026-05-28 01:07:36,816] Trial 139 finished with value: 114.09820985691206 and parameters: {'ISTN': 70.52836142994278, 'I_gpe': 0.8392531872060405, 'I_gpi': 2.111426599664236, 'noise_stn_sigma': 5.124801347748301, 'noise_gpe_sigma': 113.99484361228788, 'noise_gpi_sigma': 129.60506220576463, 'g_stn_gpe_mult': 3.2482411029510616, 'g_gpe_stn_mult': 1.4588582741432652, 'g_stn_gpi_mult': 1.6517982188565656, 'g_gpe_gpi_mult': 1.5441905120267054}. Best is trial 58 with value: 0.3148048255696673.
[I 2026-05-28 01:07:37,824] Trial 140 finished with value: 1.856419070213282 and parameters: {'ISTN': 89.23067308842275, 'I_gpe': 0.654294083779533, 'I_gpi': 3.332399427259997, 'noise_stn_sigma': 5.701358064355878, 'noise_gpe_sigma': 88.37620094108198, 'noise_gpi_sigma': 124.86849029660506, 'g_stn_gpe_mult': 4.374617947583825, 'g_gpe_stn_mult': 1.4512043560209993, 'g_stn_gpi_mult': 2.590975299968618, 'g_gpe_gpi_mult': 1.637603756971489}. Best is trial 58 with value: 0.3148048255696673.
[I 2026-05-28 01:07:38,831] Trial 141 finished with value: 6.283188964455159 and parameters: {'ISTN': 100.01613995936707, 'I_gpe': 0.952004271235157, 'I_gpi': 2.7822479666431095, 'noise_stn_sigma': 4.0517078598770775, 'noise_gpe_sigma': 104.1587786572968, 'noise_gpi_sigma': 136.05916271143894, 'g_stn_gpe_mult': 2.964894541999905, 'g_gpe_stn_mult': 1.5844073197222868, 'g_stn_gpi_mult': 2.5150593090535978, 'g_gpe_gpi_mult': 1.6551542285850076}. Best is trial 58 with value: 0.3148048255696673.
[I 2026-05-28 01:07:39,835] Trial 142 finished with value: 11.581841356340867 and parameters: {'ISTN': 92.600866665878, 'I_gpe': 0.8949105504096377, 'I_gpi': 3.1633501041568373, 'noise_stn_sigma': 3.7329460455234287, 'noise_gpe_sigma': 118.84504694010914, 'noise_gpi_sigma': 131.5901792324209, 'g_stn_gpe_mult': 3.123229733288086, 'g_gpe_stn_mult': 1.6327868756406505, 'g_stn_gpi_mult': 2.4224363788213386, 'g_gpe_gpi_mult': 1.6087210850715166}. Best is trial 58 with value: 0.3148048255696673.
[I 2026-05-28 01:07:40,842] Trial 143 finished with value: 0.9172112031644277 and parameters: {'ISTN': 101.17861486790656, 'I_gpe': 0.8806212120651618, 'I_gpi': 2.3635126661153842, 'noise_stn_sigma': 4.628174899039902, 'noise_gpe_sigma': 94.94932393712585, 'noise_gpi_sigma': 116.74141981682219, 'g_stn_gpe_mult': 2.7087342009894706, 'g_gpe_stn_mult': 1.4708688011300568, 'g_stn_gpi_mult': 2.6300494931888303, 'g_gpe_gpi_mult': 1.9945302718309788}. Best is trial 58 with value: 0.3148048255696673.
[I 2026-05-28 01:07:41,849] Trial 144 finished with value: 1.722181402806398 and parameters: {'ISTN': 90.85113319229366, 'I_gpe': 0.8280957139602202, 'I_gpi': 3.0934912608645275, 'noise_stn_sigma': 3.10840086088821, 'noise_gpe_sigma': 99.88095917911612, 'noise_gpi_sigma': 130.51300900247224, 'g_stn_gpe_mult': 4.3013965196769135, 'g_gpe_stn_mult': 1.4911232826721488, 'g_stn_gpi_mult': 1.9784000823620922, 'g_gpe_gpi_mult': 1.482329342619573}. Best is trial 58 with value: 0.3148048255696673.
[I 2026-05-28 01:07:42,856] Trial 145 finished with value: 8.657098967935973 and parameters: {'ISTN': 91.65594940598531, 'I_gpe': 0.7839503021807313, 'I_gpi': 3.694194899993407, 'noise_stn_sigma': 4.862005450641126, 'noise_gpe_sigma': 118.79940365858006, 'noise_gpi_sigma': 132.71397114336654, 'g_stn_gpe_mult': 3.316635109273176, 'g_gpe_stn_mult': 1.1981376115961906, 'g_stn_gpi_mult': 1.9357210080964729, 'g_gpe_gpi_mult': 1.6198584580787665}. Best is trial 58 with value: 0.3148048255696673.
[I 2026-05-28 01:07:43,862] Trial 146 finished with value: 5.057999257703418 and parameters: {'ISTN': 87.06330461862787, 'I_gpe': 0.6727384768325424, 'I_gpi': 3.5451166577833932, 'noise_stn_sigma': 4.609038510287283, 'noise_gpe_sigma': 119.57339660245238, 'noise_gpi_sigma': 120.18164829172547, 'g_stn_gpe_mult': 2.479350810040298, 'g_gpe_stn_mult': 1.5634885034377857, 'g_stn_gpi_mult': 2.1582027137884046, 'g_gpe_gpi_mult': 1.7740844373438527}. Best is trial 58 with value: 0.3148048255696673.
[I 2026-05-28 01:07:44,868] Trial 147 finished with value: 6.0648035125305295 and parameters: {'ISTN': 103.26681654814607, 'I_gpe': 0.5858774768152587, 'I_gpi': 3.2773970351234745, 'noise_stn_sigma': 4.828631460442847, 'noise_gpe_sigma': 114.2194969216459, 'noise_gpi_sigma': 119.0007159684742, 'g_stn_gpe_mult': 3.5335375820318284, 'g_gpe_stn_mult': 1.4149189708591037, 'g_stn_gpi_mult': 2.0886466168871354, 'g_gpe_gpi_mult': 1.5823715477507512}. Best is trial 58 with value: 0.3148048255696673.
[I 2026-05-28 01:07:45,874] Trial 148 finished with value: 1.3348121145792324 and parameters: {'ISTN': 85.40592714840595, 'I_gpe': 0.7488285898476338, 'I_gpi': 2.4420565892141584, 'noise_stn_sigma': 5.346743936582325, 'noise_gpe_sigma': 118.2792079592507, 'noise_gpi_sigma': 97.89511790507659, 'g_stn_gpe_mult': 3.759889139044496, 'g_gpe_stn_mult': 1.2604463016285552, 'g_stn_gpi_mult': 2.347067315961632, 'g_gpe_gpi_mult': 1.6521791545465232}. Best is trial 58 with value: 0.3148048255696673.
[I 2026-05-28 01:07:46,875] Trial 149 finished with value: 115.17575024209094 and parameters: {'ISTN': 80.45900685831411, 'I_gpe': 1.0754769056124573, 'I_gpi': 3.267459134805589, 'noise_stn_sigma': 5.364654858077769, 'noise_gpe_sigma': 113.98039321354803, 'noise_gpi_sigma': 135.40912094639373, 'g_stn_gpe_mult': 3.2682533350511633, 'g_gpe_stn_mult': 1.5861137634653715, 'g_stn_gpi_mult': 2.3330114096764554, 'g_gpe_gpi_mult': 1.8915205717388122}. Best is trial 58 with value: 0.3148048255696673.
[I 2026-05-28 01:07:47,881] Trial 150 finished with value: 7.034294390663845 and parameters: {'ISTN': 85.04653257352152, 'I_gpe': 0.7450318239326761, 'I_gpi': 1.8840338996780037, 'noise_stn_sigma': 5.096243660926285, 'noise_gpe_sigma': 97.4912841394988, 'noise_gpi_sigma': 141.43350905764856, 'g_stn_gpe_mult': 3.667940362562902, 'g_gpe_stn_mult': 1.4505640701363867, 'g_stn_gpi_mult': 2.2162020266600124, 'g_gpe_gpi_mult': 1.4209521177329911}. Best is trial 58 with value: 0.3148048255696673.
[I 2026-05-28 01:07:48,889] Trial 151 finished with value: 5.696212255694038 and parameters: {'ISTN': 95.59686093891379, 'I_gpe': 0.8992312727091607, 'I_gpi': 2.886410659833497, 'noise_stn_sigma': 4.4960311805823165, 'noise_gpe_sigma': 118.2152297480885, 'noise_gpi_sigma': 88.91703422878832, 'g_stn_gpe_mult': 2.462085410252945, 'g_gpe_stn_mult': 1.4745366726160263, 'g_stn_gpi_mult': 2.165395609530706, 'g_gpe_gpi_mult': 1.7724712759151666}. Best is trial 58 with value: 0.3148048255696673.
[I 2026-05-28 01:07:49,893] Trial 152 finished with value: 2.680940854689779 and parameters: {'ISTN': 86.65710325283011, 'I_gpe': 0.9811486670987363, 'I_gpi': 2.519052209355037, 'noise_stn_sigma': 3.5542031945784625, 'noise_gpe_sigma': 100.48376623684237, 'noise_gpi_sigma': 131.90480530151103, 'g_stn_gpe_mult': 3.730675675121559, 'g_gpe_stn_mult': 1.4034672002501303, 'g_stn_gpi_mult': 3.029769574600163, 'g_gpe_gpi_mult': 1.847568909151603}. Best is trial 58 with value: 0.3148048255696673.
[I 2026-05-28 01:07:50,896] Trial 153 finished with value: 6.614177412950426 and parameters: {'ISTN': 97.74122742249475, 'I_gpe': 0.7671614089894011, 'I_gpi': 2.8516744976038364, 'noise_stn_sigma': 4.939716987511837, 'noise_gpe_sigma': 127.66382517188646, 'noise_gpi_sigma': 111.3023641531062, 'g_stn_gpe_mult': 2.753127430941243, 'g_gpe_stn_mult': 1.6157542069761412, 'g_stn_gpi_mult': 2.3071140773869274, 'g_gpe_gpi_mult': 1.87188096374874}. Best is trial 58 with value: 0.3148048255696673.
[I 2026-05-28 01:07:51,902] Trial 154 finished with value: 5.5632815007222955 and parameters: {'ISTN': 95.07616905936297, 'I_gpe': 0.8302097986801137, 'I_gpi': 2.343081407417427, 'noise_stn_sigma': 5.248222708749155, 'noise_gpe_sigma': 118.20857134010629, 'noise_gpi_sigma': 108.05248263527807, 'g_stn_gpe_mult': 2.5444192944214414, 'g_gpe_stn_mult': 1.4835968432617956, 'g_stn_gpi_mult': 2.561569875524234, 'g_gpe_gpi_mult': 1.6005143818897363}. Best is trial 58 with value: 0.3148048255696673.
[I 2026-05-28 01:07:52,909] Trial 155 finished with value: 3.4841017754680674 and parameters: {'ISTN': 96.12212925740133, 'I_gpe': 0.6375275630336078, 'I_gpi': 2.732135186589365, 'noise_stn_sigma': 3.6317609709365652, 'noise_gpe_sigma': 100.47336765434684, 'noise_gpi_sigma': 121.9142585424835, 'g_stn_gpe_mult': 3.645444474516035, 'g_gpe_stn_mult': 1.3079511395868548, 'g_stn_gpi_mult': 2.342587970128087, 'g_gpe_gpi_mult': 1.9425721519814927}. Best is trial 58 with value: 0.3148048255696673.
[I 2026-05-28 01:07:53,914] Trial 156 finished with value: 1.6853713814632612 and parameters: {'ISTN': 93.47092963399203, 'I_gpe': 1.0264260933291338, 'I_gpi': 2.692649822320732, 'noise_stn_sigma': 4.083608837702711, 'noise_gpe_sigma': 127.79228359847143, 'noise_gpi_sigma': 130.3035522159266, 'g_stn_gpe_mult': 3.9782651358832326, 'g_gpe_stn_mult': 1.3282852714035327, 'g_stn_gpi_mult': 2.3615909533881787, 'g_gpe_gpi_mult': 1.667946896182163}. Best is trial 58 with value: 0.3148048255696673.
[I 2026-05-28 01:07:54,916] Trial 157 finished with value: 5.443668818536091 and parameters: {'ISTN': 94.77406814408013, 'I_gpe': 1.1263883415911622, 'I_gpi': 2.8208627469329826, 'noise_stn_sigma': 4.0480191975560516, 'noise_gpe_sigma': 99.98799701179041, 'noise_gpi_sigma': 90.385432019021, 'g_stn_gpe_mult': 3.4167812639689505, 'g_gpe_stn_mult': 1.4623401119194275, 'g_stn_gpi_mult': 2.475220665325465, 'g_gpe_gpi_mult': 1.703476510669139}. Best is trial 58 with value: 0.3148048255696673.
[I 2026-05-28 01:07:55,923] Trial 158 finished with value: 9.555088749475471 and parameters: {'ISTN': 107.8388422422878, 'I_gpe': 1.123063498240741, 'I_gpi': 2.30780563650581, 'noise_stn_sigma': 4.4521768536330155, 'noise_gpe_sigma': 95.42279518680203, 'noise_gpi_sigma': 92.66340117483506, 'g_stn_gpe_mult': 4.063796922188719, 'g_gpe_stn_mult': 1.3642665206393874, 'g_stn_gpi_mult': 2.6792465190155057, 'g_gpe_gpi_mult': 1.4155427615598029}. Best is trial 58 with value: 0.3148048255696673.
[I 2026-05-28 01:07:56,925] Trial 159 finished with value: 110.40604344721021 and parameters: {'ISTN': 77.12851319779618, 'I_gpe': 1.1094222603022792, 'I_gpi': 2.715450125377897, 'noise_stn_sigma': 3.8420141533888326, 'noise_gpe_sigma': 104.27983346962746, 'noise_gpi_sigma': 96.23631901188848, 'g_stn_gpe_mult': 3.2884203206775093, 'g_gpe_stn_mult': 1.4187174816954569, 'g_stn_gpi_mult': 2.5421361949749497, 'g_gpe_gpi_mult': 1.560076794547174}. Best is trial 58 with value: 0.3148048255696673.
[I 2026-05-28 01:07:57,931] Trial 160 finished with value: 10.78575882039138 and parameters: {'ISTN': 91.95285973555411, 'I_gpe': 1.096056404034339, 'I_gpi': 2.56586093528236, 'noise_stn_sigma': 4.051191855511868, 'noise_gpe_sigma': 80.25803619800763, 'noise_gpi_sigma': 81.91909244627634, 'g_stn_gpe_mult': 3.085364199031189, 'g_gpe_stn_mult': 1.2148046049391334, 'g_stn_gpi_mult': 2.775035562999925, 'g_gpe_gpi_mult': 1.7551443872956212}. Best is trial 58 with value: 0.3148048255696673.
[I 2026-05-28 01:07:58,937] Trial 161 finished with value: 5.832178532924198 and parameters: {'ISTN': 102.89218825535549, 'I_gpe': 1.128262703946279, 'I_gpi': 2.9108283399278747, 'noise_stn_sigma': 3.026407115564788, 'noise_gpe_sigma': 124.79842907128514, 'noise_gpi_sigma': 122.82108646865764, 'g_stn_gpe_mult': 3.5971091603631296, 'g_gpe_stn_mult': 1.4313019584470144, 'g_stn_gpi_mult': 2.497560772010371, 'g_gpe_gpi_mult': 1.6662142781162737}. Best is trial 58 with value: 0.3148048255696673.
[I 2026-05-28 01:07:59,945] Trial 162 finished with value: 12.93727263070578 and parameters: {'ISTN': 94.66396617192693, 'I_gpe': 0.975322308028985, 'I_gpi': 2.5750737798580596, 'noise_stn_sigma': 3.213154160563282, 'noise_gpe_sigma': 89.52238996330318, 'noise_gpi_sigma': 123.29563276574603, 'g_stn_gpe_mult': 3.377483930821463, 'g_gpe_stn_mult': 1.2843411508616405, 'g_stn_gpi_mult': 1.828477416607484, 'g_gpe_gpi_mult': 1.4922791913280995}. Best is trial 58 with value: 0.3148048255696673.
[I 2026-05-28 01:08:00,953] Trial 163 finished with value: 6.6518637381112145 and parameters: {'ISTN': 90.63230674044482, 'I_gpe': 0.9699166461312173, 'I_gpi': 3.0336425954954724, 'noise_stn_sigma': 3.900463566391372, 'noise_gpe_sigma': 97.4330195364753, 'noise_gpi_sigma': 126.86687135988255, 'g_stn_gpe_mult': 3.3597910838817553, 'g_gpe_stn_mult': 1.3087302457458547, 'g_stn_gpi_mult': 2.8976280084300194, 'g_gpe_gpi_mult': 1.4885199947170034}. Best is trial 58 with value: 0.3148048255696673.
[I 2026-05-28 01:08:01,958] Trial 164 finished with value: 15.81830014032672 and parameters: {'ISTN': 93.97583776226585, 'I_gpe': 1.2795548688207794, 'I_gpi': 2.6225744519326897, 'noise_stn_sigma': 3.599736907548074, 'noise_gpe_sigma': 95.81207627187561, 'noise_gpi_sigma': 126.77045274105622, 'g_stn_gpe_mult': 3.648109131831544, 'g_gpe_stn_mult': 1.4643077266588838, 'g_stn_gpi_mult': 2.2667073030582627, 'g_gpe_gpi_mult': 1.8919867553521708}. Best is trial 58 with value: 0.3148048255696673.
[I 2026-05-28 01:08:02,963] Trial 165 finished with value: 10.711389569737788 and parameters: {'ISTN': 87.5119452460207, 'I_gpe': 0.6741045432650604, 'I_gpi': 3.433132739769171, 'noise_stn_sigma': 4.093070132207098, 'noise_gpe_sigma': 102.00375046531097, 'noise_gpi_sigma': 130.40961208916679, 'g_stn_gpe_mult': 4.0154139790548085, 'g_gpe_stn_mult': 1.6387490961101139, 'g_stn_gpi_mult': 2.0319441217746643, 'g_gpe_gpi_mult': 1.6246475622186114}. Best is trial 58 with value: 0.3148048255696673.
[I 2026-05-28 01:08:03,970] Trial 166 finished with value: 0.1435060865093464 and parameters: {'ISTN': 86.77260218287243, 'I_gpe': 0.6835116839151407, 'I_gpi': 2.239329290555779, 'noise_stn_sigma': 3.864593520077925, 'noise_gpe_sigma': 99.54142001861749, 'noise_gpi_sigma': 126.5638796135389, 'g_stn_gpe_mult': 4.145375814080931, 'g_gpe_stn_mult': 1.336548442069752, 'g_stn_gpi_mult': 2.7070414739343533, 'g_gpe_gpi_mult': 1.7578578686565578}. Best is trial 166 with value: 0.1435060865093464.
[I 2026-05-28 01:08:04,977] Trial 167 finished with value: 5.580816703547676 and parameters: {'ISTN': 97.35172211749095, 'I_gpe': 1.0845860718530262, 'I_gpi': 2.249691702911024, 'noise_stn_sigma': 3.4215919728196402, 'noise_gpe_sigma': 107.5004024419634, 'noise_gpi_sigma': 111.38035813039589, 'g_stn_gpe_mult': 3.8577735466181204, 'g_gpe_stn_mult': 1.245016346734519, 'g_stn_gpi_mult': 2.143024285099251, 'g_gpe_gpi_mult': 1.6147174932343944}. Best is trial 166 with value: 0.1435060865093464.
[I 2026-05-28 01:08:05,984] Trial 168 finished with value: 7.535727879999727 and parameters: {'ISTN': 95.35279507350768, 'I_gpe': 1.2792470602768056, 'I_gpi': 2.439682502426181, 'noise_stn_sigma': 3.6515659247218877, 'noise_gpe_sigma': 101.85664727268278, 'noise_gpi_sigma': 106.34048185244919, 'g_stn_gpe_mult': 3.501619107290766, 'g_gpe_stn_mult': 1.3352450781891494, 'g_stn_gpi_mult': 2.220583787827196, 'g_gpe_gpi_mult': 1.6884065221483706}. Best is trial 166 with value: 0.1435060865093464.
[I 2026-05-28 01:08:06,988] Trial 169 finished with value: 7.187320984845412 and parameters: {'ISTN': 97.67719031039042, 'I_gpe': 0.7830950808931789, 'I_gpi': 2.8316173365346464, 'noise_stn_sigma': 2.273955214590452, 'noise_gpe_sigma': 118.54405138312133, 'noise_gpi_sigma': 128.51827908404428, 'g_stn_gpe_mult': 3.2603553309346225, 'g_gpe_stn_mult': 1.4281629190354113, 'g_stn_gpi_mult': 3.513480828758383, 'g_gpe_gpi_mult': 1.7047223550881154}. Best is trial 166 with value: 0.1435060865093464.
[I 2026-05-28 01:08:07,997] Trial 170 finished with value: 7.747317440672071 and parameters: {'ISTN': 87.29221706740839, 'I_gpe': 1.472389355216476, 'I_gpi': 2.1828220570226335, 'noise_stn_sigma': 4.324738349019525, 'noise_gpe_sigma': 119.65559845632647, 'noise_gpi_sigma': 102.75529216937983, 'g_stn_gpe_mult': 3.49434032916912, 'g_gpe_stn_mult': 0.9592316914180559, 'g_stn_gpi_mult': 2.3337307328858516, 'g_gpe_gpi_mult': 1.548630701934219}. Best is trial 166 with value: 0.1435060865093464.
[I 2026-05-28 01:08:09,006] Trial 171 finished with value: 0.2859690566012494 and parameters: {'ISTN': 93.34723847172812, 'I_gpe': 0.6834841653217488, 'I_gpi': 2.7577209739969746, 'noise_stn_sigma': 4.3132177759612675, 'noise_gpe_sigma': 101.03235438027345, 'noise_gpi_sigma': 120.84366296830166, 'g_stn_gpe_mult': 4.117748583418814, 'g_gpe_stn_mult': 1.4486834232597496, 'g_stn_gpi_mult': 2.831048598877586, 'g_gpe_gpi_mult': 1.5135371970314062}. Best is trial 166 with value: 0.1435060865093464.
[I 2026-05-28 01:08:10,013] Trial 172 finished with value: 6.266917271983928 and parameters: {'ISTN': 81.7720804216732, 'I_gpe': 0.9393355664935514, 'I_gpi': 1.9323593570037403, 'noise_stn_sigma': 4.2222073904671635, 'noise_gpe_sigma': 103.30861201161959, 'noise_gpi_sigma': 122.38211174664073, 'g_stn_gpe_mult': 3.549383885128472, 'g_gpe_stn_mult': 1.0797346863948398, 'g_stn_gpi_mult': 2.627084595315848, 'g_gpe_gpi_mult': 1.507464850138094}. Best is trial 166 with value: 0.1435060865093464.
[I 2026-05-28 01:08:11,023] Trial 173 finished with value: 1.0406381318156117 and parameters: {'ISTN': 98.3280680723827, 'I_gpe': 0.7424726343312181, 'I_gpi': 3.357354133840081, 'noise_stn_sigma': 3.5568442476321476, 'noise_gpe_sigma': 99.412498339116, 'noise_gpi_sigma': 113.74198670145924, 'g_stn_gpe_mult': 4.252807531353817, 'g_gpe_stn_mult': 1.403715493795289, 'g_stn_gpi_mult': 2.2029497803863385, 'g_gpe_gpi_mult': 1.8562439013796759}. Best is trial 166 with value: 0.1435060865093464.
[I 2026-05-28 01:08:12,031] Trial 174 finished with value: 9.321070830412502 and parameters: {'ISTN': 89.74922130537541, 'I_gpe': 1.1086283576560707, 'I_gpi': 2.2308200982643847, 'noise_stn_sigma': 4.475968285899318, 'noise_gpe_sigma': 104.69691088561085, 'noise_gpi_sigma': 142.11695781900488, 'g_stn_gpe_mult': 4.452902191031901, 'g_gpe_stn_mult': 1.117213447049299, 'g_stn_gpi_mult': 2.44985508241794, 'g_gpe_gpi_mult': 1.6054560742047816}. Best is trial 166 with value: 0.1435060865093464.
[I 2026-05-28 01:08:13,040] Trial 175 finished with value: 14.74209400828251 and parameters: {'ISTN': 109.55023488754854, 'I_gpe': 0.8307356691173653, 'I_gpi': 2.3938182827012193, 'noise_stn_sigma': 3.7462715014226187, 'noise_gpe_sigma': 108.08986006713106, 'noise_gpi_sigma': 104.46009597527485, 'g_stn_gpe_mult': 3.375622579734399, 'g_gpe_stn_mult': 1.2643509588272164, 'g_stn_gpi_mult': 2.9780054442686397, 'g_gpe_gpi_mult': 1.6320690848996384}. Best is trial 166 with value: 0.1435060865093464.
