[I 2026-05-28 01:17:06,028] Trial 704 finished with value: 5.175507375893935 and parameters: {'ISTN': 99.8413441153798, 'I_gpe': 0.8033519002903565, 'I_gpi': 2.1493027855941724, 'noise_stn_sigma': 3.43863236639744, 'noise_gpe_sigma': 104.07012210194523, 'noise_gpi_sigma': 128.88452348423633, 'g_stn_gpe_mult': 3.897421267870685, 'g_gpe_stn_mult': 1.4695486254992516, 'g_stn_gpi_mult': 2.9076658208425417, 'g_gpe_gpi_mult': 1.6102186754263428}. Best is trial 604 with value: 0.11752073114951478.
[I 2026-05-28 01:17:07,037] Trial 705 finished with value: 0.14571416710304835 and parameters: {'ISTN': 98.30639913871158, 'I_gpe': 0.7160132298154855, 'I_gpi': 1.9939294029228414, 'noise_stn_sigma': 2.9879382270365977, 'noise_gpe_sigma': 103.85598663813542, 'noise_gpi_sigma': 128.89156405374263, 'g_stn_gpe_mult': 4.012230444388791, 'g_gpe_stn_mult': 1.4546675750802385, 'g_stn_gpi_mult': 2.8855916600458116, 'g_gpe_gpi_mult': 1.594358296035176}. Best is trial 604 with value: 0.11752073114951478.
[I 2026-05-28 01:17:08,048] Trial 706 finished with value: 0.12862633509445828 and parameters: {'ISTN': 98.60724773686492, 'I_gpe': 0.7268376822089304, 'I_gpi': 2.1365132215167537, 'noise_stn_sigma': 2.9260486178846126, 'noise_gpe_sigma': 102.84651639379634, 'noise_gpi_sigma': 127.19652957032754, 'g_stn_gpe_mult': 3.958855707521085, 'g_gpe_stn_mult': 1.4863226083028704, 'g_stn_gpi_mult': 2.8726755818104377, 'g_gpe_gpi_mult': 1.589195765409254}. Best is trial 604 with value: 0.11752073114951478.
[I 2026-05-28 01:17:09,056] Trial 707 finished with value: 0.13993543883211165 and parameters: {'ISTN': 98.84837966767394, 'I_gpe': 0.7109640046997013, 'I_gpi': 2.044690439323449, 'noise_stn_sigma': 2.8478514417253322, 'noise_gpe_sigma': 104.98810764433189, 'noise_gpi_sigma': 128.37079057107226, 'g_stn_gpe_mult': 3.972818721096284, 'g_gpe_stn_mult': 1.4916923868063903, 'g_stn_gpi_mult': 2.8008191848798534, 'g_gpe_gpi_mult': 1.5719183155123455}. Best is trial 604 with value: 0.11752073114951478.
[I 2026-05-28 01:17:10,065] Trial 708 finished with value: 3.167245538457856 and parameters: {'ISTN': 98.31439916791822, 'I_gpe': 0.7849442821691172, 'I_gpi': 2.0667475781208715, 'noise_stn_sigma': 2.7535717476848314, 'noise_gpe_sigma': 107.32845772523282, 'noise_gpi_sigma': 131.48171435562693, 'g_stn_gpe_mult': 3.9771081270072877, 'g_gpe_stn_mult': 1.465575134353462, 'g_stn_gpi_mult': 2.897814189958443, 'g_gpe_gpi_mult': 1.5796537558410697}. Best is trial 604 with value: 0.11752073114951478.
[I 2026-05-28 01:17:11,074] Trial 709 finished with value: 0.1297321519506237 and parameters: {'ISTN': 96.39207789783944, 'I_gpe': 0.6848563076930082, 'I_gpi': 2.1258784082273143, 'noise_stn_sigma': 2.6409962979408843, 'noise_gpe_sigma': 104.52269126533334, 'noise_gpi_sigma': 130.79571729893797, 'g_stn_gpe_mult': 3.9612958486870706, 'g_gpe_stn_mult': 1.4580030068161127, 'g_stn_gpi_mult': 2.8401140311841315, 'g_gpe_gpi_mult': 1.6087873064736486}. Best is trial 604 with value: 0.11752073114951478.
[I 2026-05-28 01:17:12,083] Trial 710 finished with value: 0.1282890645702183 and parameters: {'ISTN': 99.58102841776066, 'I_gpe': 0.7390365050935721, 'I_gpi': 2.0131530928523045, 'noise_stn_sigma': 2.93664192130941, 'noise_gpe_sigma': 106.64966743833524, 'noise_gpi_sigma': 128.95017249996923, 'g_stn_gpe_mult': 3.935896831405644, 'g_gpe_stn_mult': 1.4911689929100076, 'g_stn_gpi_mult': 2.9238148013498884, 'g_gpe_gpi_mult': 1.5319260335526566}. Best is trial 604 with value: 0.11752073114951478.
[I 2026-05-28 01:17:13,092] Trial 711 finished with value: 0.13774686480114912 and parameters: {'ISTN': 98.05854432000521, 'I_gpe': 0.6465036504272852, 'I_gpi': 2.026094048122623, 'noise_stn_sigma': 3.1344793836898193, 'noise_gpe_sigma': 108.59059613009994, 'noise_gpi_sigma': 130.45696685851055, 'g_stn_gpe_mult': 3.963048775198274, 'g_gpe_stn_mult': 1.4967219708184323, 'g_stn_gpi_mult': 2.863565008421191, 'g_gpe_gpi_mult': 1.6131871847858998}. Best is trial 604 with value: 0.11752073114951478.
[I 2026-05-28 01:17:14,102] Trial 712 finished with value: 0.1504080308015138 and parameters: {'ISTN': 99.81372339479444, 'I_gpe': 0.6897262768913486, 'I_gpi': 1.9931120672266425, 'noise_stn_sigma': 3.0069661384027166, 'noise_gpe_sigma': 102.0317596589646, 'noise_gpi_sigma': 130.3203432082417, 'g_stn_gpe_mult': 4.04982151457774, 'g_gpe_stn_mult': 1.4840403381828513, 'g_stn_gpi_mult': 2.8122867889145344, 'g_gpe_gpi_mult': 1.5803776262610538}. Best is trial 604 with value: 0.11752073114951478.
[I 2026-05-28 01:17:15,109] Trial 713 finished with value: 0.21495962803855478 and parameters: {'ISTN': 100.07312345340284, 'I_gpe': 0.7190385741039776, 'I_gpi': 2.034298120701681, 'noise_stn_sigma': 3.069134318719027, 'noise_gpe_sigma': 104.96931220443021, 'noise_gpi_sigma': 127.97169839146406, 'g_stn_gpe_mult': 3.9622487858796127, 'g_gpe_stn_mult': 1.487073162714826, 'g_stn_gpi_mult': 2.8977158318192826, 'g_gpe_gpi_mult': 1.5969701189498577}. Best is trial 604 with value: 0.11752073114951478.
[I 2026-05-28 01:17:16,119] Trial 714 finished with value: 0.12446707577292196 and parameters: {'ISTN': 99.35267944388801, 'I_gpe': 0.6867303429423399, 'I_gpi': 2.166279940836807, 'noise_stn_sigma': 3.1390782276834295, 'noise_gpe_sigma': 108.57388226366895, 'noise_gpi_sigma': 127.27408186858243, 'g_stn_gpe_mult': 4.107260565870991, 'g_gpe_stn_mult': 1.4791373001314214, 'g_stn_gpi_mult': 2.865730608896171, 'g_gpe_gpi_mult': 1.5429762309962514}. Best is trial 604 with value: 0.11752073114951478.
[I 2026-05-28 01:17:17,128] Trial 715 finished with value: 0.16108257160307252 and parameters: {'ISTN': 100.43646173891682, 'I_gpe': 0.7306029951376107, 'I_gpi': 2.1629675486337963, 'noise_stn_sigma': 3.1404481505572344, 'noise_gpe_sigma': 105.93437240056257, 'noise_gpi_sigma': 124.73425383736372, 'g_stn_gpe_mult': 4.01411498986281, 'g_gpe_stn_mult': 1.5324331687791077, 'g_stn_gpi_mult': 2.8456530994305025, 'g_gpe_gpi_mult': 1.601748939260636}. Best is trial 604 with value: 0.11752073114951478.
[I 2026-05-28 01:17:18,135] Trial 716 finished with value: 0.14055946428976987 and parameters: {'ISTN': 99.37161571202134, 'I_gpe': 0.7078812253785662, 'I_gpi': 1.9998464058004815, 'noise_stn_sigma': 2.955258787804609, 'noise_gpe_sigma': 108.28671287452325, 'noise_gpi_sigma': 125.64522484892247, 'g_stn_gpe_mult': 4.071643063124116, 'g_gpe_stn_mult': 1.498443814678728, 'g_stn_gpi_mult': 2.8693666354526517, 'g_gpe_gpi_mult': 1.6306958369581237}. Best is trial 604 with value: 0.11752073114951478.
[I 2026-05-28 01:17:19,145] Trial 717 finished with value: 0.3914345799084178 and parameters: {'ISTN': 97.97618019017405, 'I_gpe': 0.7006496842920489, 'I_gpi': 2.016754622071011, 'noise_stn_sigma': 3.160825712586277, 'noise_gpe_sigma': 107.91215862680043, 'noise_gpi_sigma': 129.6296062251559, 'g_stn_gpe_mult': 4.053730306632097, 'g_gpe_stn_mult': 1.4595877422470296, 'g_stn_gpi_mult': 2.931321263976469, 'g_gpe_gpi_mult': 1.5820351336600271}. Best is trial 604 with value: 0.11752073114951478.
[I 2026-05-28 01:17:20,154] Trial 718 finished with value: 0.132302628430643 and parameters: {'ISTN': 98.76704096740536, 'I_gpe': 0.6347445793127309, 'I_gpi': 2.080800047741347, 'noise_stn_sigma': 2.9715184532919885, 'noise_gpe_sigma': 105.45087358976212, 'noise_gpi_sigma': 127.14924564428993, 'g_stn_gpe_mult': 3.990720689849827, 'g_gpe_stn_mult': 1.5101475935218103, 'g_stn_gpi_mult': 2.9462439935985203, 'g_gpe_gpi_mult': 1.5867852689950197}. Best is trial 604 with value: 0.11752073114951478.
[I 2026-05-28 01:17:21,164] Trial 719 finished with value: 0.13841127766833494 and parameters: {'ISTN': 98.24499930845482, 'I_gpe': 0.7062784341534094, 'I_gpi': 1.9657743301941406, 'noise_stn_sigma': 2.9840194393222763, 'noise_gpe_sigma': 105.16599663128987, 'noise_gpi_sigma': 131.868639605451, 'g_stn_gpe_mult': 3.9982136885852104, 'g_gpe_stn_mult': 1.4730242775149465, 'g_stn_gpi_mult': 2.855459891363657, 'g_gpe_gpi_mult': 1.6331442870231718}. Best is trial 604 with value: 0.11752073114951478.
[I 2026-05-28 01:17:22,173] Trial 720 finished with value: 0.6345895379555053 and parameters: {'ISTN': 100.1642526278851, 'I_gpe': 0.7151818524210558, 'I_gpi': 2.108794047345973, 'noise_stn_sigma': 3.1466087438306216, 'noise_gpe_sigma': 108.84348273443787, 'noise_gpi_sigma': 127.38392771293421, 'g_stn_gpe_mult': 3.8868737749528894, 'g_gpe_stn_mult': 1.505864550966008, 'g_stn_gpi_mult': 2.855206175673418, 'g_gpe_gpi_mult': 1.5856664335392252}. Best is trial 604 with value: 0.11752073114951478.
[I 2026-05-28 01:17:23,183] Trial 721 finished with value: 0.16744152757075095 and parameters: {'ISTN': 100.49336689105158, 'I_gpe': 0.6460493223196107, 'I_gpi': 2.0452178050241967, 'noise_stn_sigma': 3.156825698195934, 'noise_gpe_sigma': 110.08572256266919, 'noise_gpi_sigma': 128.99778172379365, 'g_stn_gpe_mult': 4.100584530479314, 'g_gpe_stn_mult': 1.4958187960890814, 'g_stn_gpi_mult': 2.966964821273192, 'g_gpe_gpi_mult': 1.559841012641673}. Best is trial 604 with value: 0.11752073114951478.
[I 2026-05-28 01:17:24,192] Trial 722 finished with value: 0.12605522790701584 and parameters: {'ISTN': 99.89191186890501, 'I_gpe': 0.6841492795617767, 'I_gpi': 2.1675554754102313, 'noise_stn_sigma': 3.122943663693822, 'noise_gpe_sigma': 108.07508434990531, 'noise_gpi_sigma': 125.82431406746603, 'g_stn_gpe_mult': 4.058239487392466, 'g_gpe_stn_mult': 1.5127337502923375, 'g_stn_gpi_mult': 2.9846091416341616, 'g_gpe_gpi_mult': 1.5221702485012572}. Best is trial 604 with value: 0.11752073114951478.
[I 2026-05-28 01:17:25,202] Trial 723 finished with value: 0.12125083209101803 and parameters: {'ISTN': 101.0789402052078, 'I_gpe': 0.7526215541161833, 'I_gpi': 2.059508955905655, 'noise_stn_sigma': 3.067531306982192, 'noise_gpe_sigma': 105.94192564817833, 'noise_gpi_sigma': 128.46250961684103, 'g_stn_gpe_mult': 4.058971941831929, 'g_gpe_stn_mult': 1.501194312051856, 'g_stn_gpi_mult': 2.9049933228345384, 'g_gpe_gpi_mult': 1.5812918445914632}. Best is trial 604 with value: 0.11752073114951478.
[I 2026-05-28 01:17:26,210] Trial 724 finished with value: 0.1342295720812443 and parameters: {'ISTN': 99.65454809364634, 'I_gpe': 0.6632066264491516, 'I_gpi': 2.1557441088797096, 'noise_stn_sigma': 3.03373259557081, 'noise_gpe_sigma': 105.49118452466567, 'noise_gpi_sigma': 123.37984393030216, 'g_stn_gpe_mult': 4.205289999928158, 'g_gpe_stn_mult': 1.5267754878501605, 'g_stn_gpi_mult': 3.0064274860435365, 'g_gpe_gpi_mult': 1.616043832422551}. Best is trial 604 with value: 0.11752073114951478.
[I 2026-05-28 01:17:27,217] Trial 725 finished with value: 0.361257106185433 and parameters: {'ISTN': 96.71894191912257, 'I_gpe': 0.6869399954283448, 'I_gpi': 2.102381182238454, 'noise_stn_sigma': 2.989207494449365, 'noise_gpe_sigma': 108.15892359822173, 'noise_gpi_sigma': 127.06471281666656, 'g_stn_gpe_mult': 3.9871079045217552, 'g_gpe_stn_mult': 1.4796298076665333, 'g_stn_gpi_mult': 2.8918216875581857, 'g_gpe_gpi_mult': 1.6397346747116963}. Best is trial 604 with value: 0.11752073114951478.
[I 2026-05-28 01:17:28,225] Trial 726 finished with value: 0.12218496572519383 and parameters: {'ISTN': 98.45480756089373, 'I_gpe': 0.6777452253508641, 'I_gpi': 2.18880969069245, 'noise_stn_sigma': 3.530164103346675, 'noise_gpe_sigma': 107.8655004345791, 'noise_gpi_sigma': 125.89473579879201, 'g_stn_gpe_mult': 4.049574774859883, 'g_gpe_stn_mult': 1.491931199023375, 'g_stn_gpi_mult': 3.033451357381762, 'g_gpe_gpi_mult': 1.5602250803200863}. Best is trial 604 with value: 0.11752073114951478.
[I 2026-05-28 01:17:29,236] Trial 727 finished with value: 0.12125995924500749 and parameters: {'ISTN': 98.04595086503066, 'I_gpe': 0.6701045820273299, 'I_gpi': 2.0848720783547865, 'noise_stn_sigma': 3.1210758227776534, 'noise_gpe_sigma': 110.98243972033075, 'noise_gpi_sigma': 130.08637606191974, 'g_stn_gpe_mult': 3.9270149102945275, 'g_gpe_stn_mult': 1.475427384276283, 'g_stn_gpi_mult': 2.9013938201182436, 'g_gpe_gpi_mult': 1.5573475551353342}. Best is trial 604 with value: 0.11752073114951478.
[I 2026-05-28 01:17:30,244] Trial 728 finished with value: 0.12964014924709694 and parameters: {'ISTN': 98.33665635483698, 'I_gpe': 0.655067907955805, 'I_gpi': 2.1974722146637014, 'noise_stn_sigma': 3.022783619530389, 'noise_gpe_sigma': 109.18019148800077, 'noise_gpi_sigma': 127.50293784596546, 'g_stn_gpe_mult': 4.0173649589188525, 'g_gpe_stn_mult': 1.5092110190349555, 'g_stn_gpi_mult': 2.8260645656476604, 'g_gpe_gpi_mult': 1.5804365879006075}. Best is trial 604 with value: 0.11752073114951478.
[I 2026-05-28 01:17:31,252] Trial 729 finished with value: 0.11923415018886847 and parameters: {'ISTN': 100.79879083727872, 'I_gpe': 0.7000555168536002, 'I_gpi': 2.0496170877936164, 'noise_stn_sigma': 3.0376011309316313, 'noise_gpe_sigma': 105.448884371177, 'noise_gpi_sigma': 127.53659459443301, 'g_stn_gpe_mult': 4.03258573459572, 'g_gpe_stn_mult': 1.5050847235694922, 'g_stn_gpi_mult': 2.9243257682038424, 'g_gpe_gpi_mult': 1.5760516306677366}. Best is trial 604 with value: 0.11752073114951478.
[I 2026-05-28 01:17:32,262] Trial 730 finished with value: 0.13044026519436408 and parameters: {'ISTN': 98.92988060713184, 'I_gpe': 0.6679294541015939, 'I_gpi': 2.1255169838186316, 'noise_stn_sigma': 3.1603077767333545, 'noise_gpe_sigma': 107.9795483015219, 'noise_gpi_sigma': 132.45857831868406, 'g_stn_gpe_mult': 3.9734398414076133, 'g_gpe_stn_mult': 1.4916803172415574, 'g_stn_gpi_mult': 2.8045405363539513, 'g_gpe_gpi_mult': 1.6322705150478558}. Best is trial 604 with value: 0.11752073114951478.
[I 2026-05-28 01:17:33,272] Trial 731 finished with value: 0.13033981130468886 and parameters: {'ISTN': 99.43342568980503, 'I_gpe': 0.7169996847079824, 'I_gpi': 1.9816284501094685, 'noise_stn_sigma': 2.9047750367649403, 'noise_gpe_sigma': 104.07910920199572, 'noise_gpi_sigma': 131.44446078383578, 'g_stn_gpe_mult': 4.061520737997062, 'g_gpe_stn_mult': 1.490085739103702, 'g_stn_gpi_mult': 2.8970736353377573, 'g_gpe_gpi_mult': 1.5954169401899856}. Best is trial 604 with value: 0.11752073114951478.
[I 2026-05-28 01:17:34,281] Trial 732 finished with value: 4.599785555234574 and parameters: {'ISTN': 100.63407500468624, 'I_gpe': 0.7624065010251626, 'I_gpi': 2.1272291876837457, 'noise_stn_sigma': 2.8689786205051524, 'noise_gpe_sigma': 106.28396439927495, 'noise_gpi_sigma': 128.36287347801272, 'g_stn_gpe_mult': 3.980377868580297, 'g_gpe_stn_mult': 1.4825478173141298, 'g_stn_gpi_mult': 2.8964446216292634, 'g_gpe_gpi_mult': 1.5455089817754488}. Best is trial 604 with value: 0.11752073114951478.
[I 2026-05-28 01:17:35,287] Trial 733 finished with value: 0.13699469593309582 and parameters: {'ISTN': 98.49942907879884, 'I_gpe': 0.641501533037667, 'I_gpi': 2.2706066353764083, 'noise_stn_sigma': 3.1303832769124056, 'noise_gpe_sigma': 108.63955203608933, 'noise_gpi_sigma': 126.0771026925908, 'g_stn_gpe_mult': 4.056586450886146, 'g_gpe_stn_mult': 1.5054046020186789, 'g_stn_gpi_mult': 2.8911604652636145, 'g_gpe_gpi_mult': 1.5310450462223621}. Best is trial 604 with value: 0.11752073114951478.
[I 2026-05-28 01:17:36,294] Trial 734 finished with value: 0.33434837467282186 and parameters: {'ISTN': 98.477146518561, 'I_gpe': 0.6383319074420101, 'I_gpi': 2.130124024524939, 'noise_stn_sigma': 3.1347514346445218, 'noise_gpe_sigma': 104.48742235539487, 'noise_gpi_sigma': 124.60334397690649, 'g_stn_gpe_mult': 3.9765525664347363, 'g_gpe_stn_mult': 1.506795650286792, 'g_stn_gpi_mult': 2.917654889970243, 'g_gpe_gpi_mult': 1.573199532854597}. Best is trial 604 with value: 0.11752073114951478.
[I 2026-05-28 01:17:37,301] Trial 735 finished with value: 0.11510257936548378 and parameters: {'ISTN': 101.05436990671649, 'I_gpe': 0.6824752172085728, 'I_gpi': 2.1620930650774524, 'noise_stn_sigma': 3.0123843170569233, 'noise_gpe_sigma': 107.13220242676427, 'noise_gpi_sigma': 125.95542370343524, 'g_stn_gpe_mult': 3.9447303549330703, 'g_gpe_stn_mult': 1.521748922464349, 'g_stn_gpi_mult': 2.9858485635462024, 'g_gpe_gpi_mult': 1.5233749130160164}. Best is trial 735 with value: 0.11510257936548378.
[I 2026-05-28 01:17:38,308] Trial 736 finished with value: 0.13745316212343797 and parameters: {'ISTN': 101.46805359317946, 'I_gpe': 0.663869439844045, 'I_gpi': 2.0187588274804398, 'noise_stn_sigma': 3.2451963142039455, 'noise_gpe_sigma': 108.87696402151444, 'noise_gpi_sigma': 125.31135271239843, 'g_stn_gpe_mult': 3.9759655047633267, 'g_gpe_stn_mult': 1.5357629230396639, 'g_stn_gpi_mult': 3.0879172977017286, 'g_gpe_gpi_mult': 1.528084701897756}. Best is trial 735 with value: 0.11510257936548378.
[I 2026-05-28 01:17:39,316] Trial 737 finished with value: 0.12412758042397445 and parameters: {'ISTN': 99.78905639286813, 'I_gpe': 0.6690594204162843, 'I_gpi': 2.0803072777644753, 'noise_stn_sigma': 3.023363114774329, 'noise_gpe_sigma': 107.6590095127533, 'noise_gpi_sigma': 126.65091819656224, 'g_stn_gpe_mult': 4.011107712555344, 'g_gpe_stn_mult': 1.4954409858825795, 'g_stn_gpi_mult': 2.9702657822031977, 'g_gpe_gpi_mult': 1.5248787795291252}. Best is trial 735 with value: 0.11510257936548378.
[I 2026-05-28 01:17:40,325] Trial 738 finished with value: 0.1372530458422733 and parameters: {'ISTN': 99.3390516905283, 'I_gpe': 0.7306103774214071, 'I_gpi': 2.1010530441127093, 'noise_stn_sigma': 3.2538516411925844, 'noise_gpe_sigma': 104.82988563529524, 'noise_gpi_sigma': 125.39612805581575, 'g_stn_gpe_mult': 4.068910983644784, 'g_gpe_stn_mult': 1.4663188909980935, 'g_stn_gpi_mult': 2.834143384235883, 'g_gpe_gpi_mult': 1.5609342946406253}. Best is trial 735 with value: 0.11510257936548378.
[I 2026-05-28 01:17:41,333] Trial 739 finished with value: 1.3224869080995378 and parameters: {'ISTN': 101.72109116826041, 'I_gpe': 0.7367552231776093, 'I_gpi': 2.0931156839472305, 'noise_stn_sigma': 3.015549579878024, 'noise_gpe_sigma': 106.42052780062444, 'noise_gpi_sigma': 126.83297241307234, 'g_stn_gpe_mult': 4.095621271608518, 'g_gpe_stn_mult': 1.4905621108423175, 'g_stn_gpi_mult': 2.9390054099732534, 'g_gpe_gpi_mult': 1.5693003374390853}. Best is trial 735 with value: 0.11510257936548378.
[I 2026-05-28 01:17:42,341] Trial 740 finished with value: 0.350985274691626 and parameters: {'ISTN': 99.66511928253563, 'I_gpe': 0.7310621877870583, 'I_gpi': 2.0985783655121555, 'noise_stn_sigma': 3.1717402683858507, 'noise_gpe_sigma': 101.81648214635405, 'noise_gpi_sigma': 130.11486759186187, 'g_stn_gpe_mult': 4.002623092061604, 'g_gpe_stn_mult': 1.4647476038341165, 'g_stn_gpi_mult': 2.815628441597814, 'g_gpe_gpi_mult': 1.598490605146957}. Best is trial 735 with value: 0.11510257936548378.
[I 2026-05-28 01:17:43,350] Trial 741 finished with value: 1.4281920787730582 and parameters: {'ISTN': 100.00243983486571, 'I_gpe': 0.634510914544502, 'I_gpi': 2.167561623786998, 'noise_stn_sigma': 3.005926384898742, 'noise_gpe_sigma': 107.84126011001965, 'noise_gpi_sigma': 126.70457128062749, 'g_stn_gpe_mult': 4.071133485698356, 'g_gpe_stn_mult': 1.5281888688030463, 'g_stn_gpi_mult': 2.918438391310704, 'g_gpe_gpi_mult': 1.5672392818359613}. Best is trial 735 with value: 0.11510257936548378.
[I 2026-05-28 01:17:44,361] Trial 742 finished with value: 0.5269543924905896 and parameters: {'ISTN': 102.16717323922194, 'I_gpe': 0.7318700633667605, 'I_gpi': 2.0801083515305323, 'noise_stn_sigma': 3.2070547321102385, 'noise_gpe_sigma': 108.31668202157809, 'noise_gpi_sigma': 127.29739257656277, 'g_stn_gpe_mult': 4.051438107411638, 'g_gpe_stn_mult': 1.5143497788695726, 'g_stn_gpi_mult': 2.9151245197735096, 'g_gpe_gpi_mult': 1.5595377827446342}. Best is trial 735 with value: 0.11510257936548378.
[I 2026-05-28 01:17:45,368] Trial 743 finished with value: 0.13929640581307348 and parameters: {'ISTN': 98.8829679144096, 'I_gpe': 0.6461857661374251, 'I_gpi': 2.1793034977977026, 'noise_stn_sigma': 3.0089343083126887, 'noise_gpe_sigma': 105.07798043305827, 'noise_gpi_sigma': 128.06197654306465, 'g_stn_gpe_mult': 3.854201078796649, 'g_gpe_stn_mult': 1.5139918281738776, 'g_stn_gpi_mult': 3.0346778741801965, 'g_gpe_gpi_mult': 1.58951087874375}. Best is trial 735 with value: 0.11510257936548378.
[I 2026-05-28 01:17:46,374] Trial 744 finished with value: 3.3746626673113598 and parameters: {'ISTN': 100.64838046263253, 'I_gpe': 0.7836525583158134, 'I_gpi': 2.0353453760519575, 'noise_stn_sigma': 2.9274498337417088, 'noise_gpe_sigma': 104.94746968767762, 'noise_gpi_sigma': 127.83342418869269, 'g_stn_gpe_mult': 3.9993796430030346, 'g_gpe_stn_mult': 1.5040113968848483, 'g_stn_gpi_mult': 3.000609783728086, 'g_gpe_gpi_mult': 1.514143558383406}. Best is trial 735 with value: 0.11510257936548378.
[I 2026-05-28 01:17:47,382] Trial 745 finished with value: 0.1289941292429711 and parameters: {'ISTN': 99.89605243267434, 'I_gpe': 0.6952318060859218, 'I_gpi': 2.212783695974755, 'noise_stn_sigma': 3.1213166025847676, 'noise_gpe_sigma': 105.56219052142407, 'noise_gpi_sigma': 128.33515757547303, 'g_stn_gpe_mult': 3.9866568262000457, 'g_gpe_stn_mult': 1.504216926203076, 'g_stn_gpi_mult': 2.922177236502031, 'g_gpe_gpi_mult': 1.5658660255242782}. Best is trial 735 with value: 0.11510257936548378.
[I 2026-05-28 01:17:48,392] Trial 746 finished with value: 0.12427157766942343 and parameters: {'ISTN': 99.09219311208625, 'I_gpe': 0.6906240161970861, 'I_gpi': 2.177653105054344, 'noise_stn_sigma': 2.981115762320019, 'noise_gpe_sigma': 110.26332033595068, 'noise_gpi_sigma': 127.87884733332481, 'g_stn_gpe_mult': 3.969787688352461, 'g_gpe_stn_mult': 1.5042176076377538, 'g_stn_gpi_mult': 3.0270650301970763, 'g_gpe_gpi_mult': 1.5276435047061216}. Best is trial 735 with value: 0.11510257936548378.
[I 2026-05-28 01:17:49,401] Trial 747 finished with value: 0.1140695322796124 and parameters: {'ISTN': 100.29928922675933, 'I_gpe': 0.6957542919128389, 'I_gpi': 2.1012866206225835, 'noise_stn_sigma': 2.9647785321260756, 'noise_gpe_sigma': 107.24526175705245, 'noise_gpi_sigma': 128.42805656604105, 'g_stn_gpe_mult': 3.944293214062404, 'g_gpe_stn_mult': 1.4939590887705647, 'g_stn_gpi_mult': 3.0189334502035323, 'g_gpe_gpi_mult': 1.5410765674315112}. Best is trial 747 with value: 0.1140695322796124.
