[I 2026-05-28 01:06:01,326] Trial 44 finished with value: 12.755270051351937 and parameters: {'ISTN': 78.99230412789952, 'I_gpe': 2.1289051137027495, 'I_gpi': 2.204948052863093, 'noise_stn_sigma': 5.08782857941341, 'noise_gpe_sigma': 115.40307467217916, 'noise_gpi_sigma': 100.60847566340777, 'g_stn_gpe_mult': 3.093934450117206, 'g_gpe_stn_mult': 0.7014429083421062, 'g_stn_gpi_mult': 1.0689185315721508, 'g_gpe_gpi_mult': 1.0195897728201653}. Best is trial 32 with value: 0.40975975519311275.
[I 2026-05-28 01:06:02,335] Trial 45 finished with value: 13.966824315426049 and parameters: {'ISTN': 86.22983435232928, 'I_gpe': 0.6708771584764534, 'I_gpi': 2.373821388519923, 'noise_stn_sigma': 2.76309840238431, 'noise_gpe_sigma': 119.52972630848559, 'noise_gpi_sigma': 91.99897277944761, 'g_stn_gpe_mult': 3.0175655662963425, 'g_gpe_stn_mult': 0.9047612547377474, 'g_stn_gpi_mult': 1.8868714867007517, 'g_gpe_gpi_mult': 1.346462025328549}. Best is trial 32 with value: 0.40975975519311275.
[I 2026-05-28 01:06:03,342] Trial 46 finished with value: 15.222677451953905 and parameters: {'ISTN': 104.96047674664035, 'I_gpe': 1.047577241905591, 'I_gpi': 2.808404416695893, 'noise_stn_sigma': 5.01032550923701, 'noise_gpe_sigma': 98.36916010282654, 'noise_gpi_sigma': 120.96981220778319, 'g_stn_gpe_mult': 2.619625146361124, 'g_gpe_stn_mult': 0.8636043860854169, 'g_stn_gpi_mult': 1.5928187046597868, 'g_gpe_gpi_mult': 1.3571025944111224}. Best is trial 32 with value: 0.40975975519311275.
[I 2026-05-28 01:06:04,349] Trial 47 finished with value: 7.940039921408456 and parameters: {'ISTN': 78.98803304247194, 'I_gpe': 0.7105094426300373, 'I_gpi': 4.026403257196344, 'noise_stn_sigma': 5.48039647624207, 'noise_gpe_sigma': 99.78956609235702, 'noise_gpi_sigma': 100.02454289010151, 'g_stn_gpe_mult': 1.7467663424773745, 'g_gpe_stn_mult': 0.9397035777220134, 'g_stn_gpi_mult': 1.4608897401344236, 'g_gpe_gpi_mult': 0.9457014693905346}. Best is trial 32 with value: 0.40975975519311275.
[I 2026-05-28 01:06:05,357] Trial 48 finished with value: 9.73865165917507 and parameters: {'ISTN': 76.12507258685147, 'I_gpe': 1.177833107841032, 'I_gpi': 2.4414367781278745, 'noise_stn_sigma': 2.990948329905954, 'noise_gpe_sigma': 89.03287001865036, 'noise_gpi_sigma': 103.10252635175173, 'g_stn_gpe_mult': 3.280993109021081, 'g_gpe_stn_mult': 0.8624652184531617, 'g_stn_gpi_mult': 1.7795560074098882, 'g_gpe_gpi_mult': 1.0080819913364834}. Best is trial 32 with value: 0.40975975519311275.
[I 2026-05-28 01:06:06,366] Trial 49 finished with value: 7.63128980793503 and parameters: {'ISTN': 79.1746497896566, 'I_gpe': 0.8738630039747568, 'I_gpi': 1.4885088914440303, 'noise_stn_sigma': 4.0463653201800405, 'noise_gpe_sigma': 104.81180087722852, 'noise_gpi_sigma': 120.2813010393767, 'g_stn_gpe_mult': 3.0120974555642817, 'g_gpe_stn_mult': 0.8149959258287384, 'g_stn_gpi_mult': 1.7529116086517234, 'g_gpe_gpi_mult': 0.9036605898639374}. Best is trial 32 with value: 0.40975975519311275.
[I 2026-05-28 01:06:07,373] Trial 50 finished with value: 4.967896860396416 and parameters: {'ISTN': 76.43668869769022, 'I_gpe': 1.1589257670710298, 'I_gpi': 2.6335762690336892, 'noise_stn_sigma': 3.4829560916593554, 'noise_gpe_sigma': 107.5482756703091, 'noise_gpi_sigma': 132.42843284956328, 'g_stn_gpe_mult': 2.5963648894470603, 'g_gpe_stn_mult': 1.0791553206659108, 'g_stn_gpi_mult': 1.4702433070133534, 'g_gpe_gpi_mult': 1.2228137461749613}. Best is trial 32 with value: 0.40975975519311275.
[I 2026-05-28 01:06:08,380] Trial 51 finished with value: 16.4806964074676 and parameters: {'ISTN': 74.26502341991502, 'I_gpe': 1.4503561283852262, 'I_gpi': 3.5166291508731864, 'noise_stn_sigma': 3.5915646070822085, 'noise_gpe_sigma': 95.7331059807036, 'noise_gpi_sigma': 106.4101120977419, 'g_stn_gpe_mult': 1.0007159915343833, 'g_gpe_stn_mult': 1.1643507322347415, 'g_stn_gpi_mult': 1.0191672467014519, 'g_gpe_gpi_mult': 1.036725458763924}. Best is trial 32 with value: 0.40975975519311275.
[I 2026-05-28 01:06:09,388] Trial 52 finished with value: 19.350873212284416 and parameters: {'ISTN': 113.63580716640206, 'I_gpe': 0.7579793052795578, 'I_gpi': 3.2782360711032617, 'noise_stn_sigma': 5.112090591200297, 'noise_gpe_sigma': 95.586981011377, 'noise_gpi_sigma': 119.10048070999521, 'g_stn_gpe_mult': 3.4854886013555046, 'g_gpe_stn_mult': 1.1906658421064362, 'g_stn_gpi_mult': 1.2569258601157203, 'g_gpe_gpi_mult': 0.5991753593350194}. Best is trial 32 with value: 0.40975975519311275.
[I 2026-05-28 01:06:10,395] Trial 53 finished with value: 12.585457035333409 and parameters: {'ISTN': 89.05697002008712, 'I_gpe': 0.7619015243971405, 'I_gpi': 1.6660325762389305, 'noise_stn_sigma': 3.3958443224886325, 'noise_gpe_sigma': 108.79901695780882, 'noise_gpi_sigma': 113.60548061714361, 'g_stn_gpe_mult': 3.020620266963098, 'g_gpe_stn_mult': 1.0103689947162462, 'g_stn_gpi_mult': 2.0350452113945017, 'g_gpe_gpi_mult': 1.393170898325275}. Best is trial 32 with value: 0.40975975519311275.
[I 2026-05-28 01:06:11,405] Trial 54 finished with value: 14.391048216070685 and parameters: {'ISTN': 82.16633181003493, 'I_gpe': 0.9996136078388158, 'I_gpi': 1.6801311214090684, 'noise_stn_sigma': 3.9128648330470477, 'noise_gpe_sigma': 95.22992177348515, 'noise_gpi_sigma': 98.74007219869138, 'g_stn_gpe_mult': 2.044612369527706, 'g_gpe_stn_mult': 0.598901683934457, 'g_stn_gpi_mult': 1.0929977877980337, 'g_gpe_gpi_mult': 0.7918986933549683}. Best is trial 32 with value: 0.40975975519311275.
[I 2026-05-28 01:06:12,409] Trial 55 finished with value: 14.599522394852638 and parameters: {'ISTN': 65.98827620222511, 'I_gpe': 0.7316076799215796, 'I_gpi': 1.9953089274118376, 'noise_stn_sigma': 3.4027945450125157, 'noise_gpe_sigma': 108.35681662526729, 'noise_gpi_sigma': 119.84640269947272, 'g_stn_gpe_mult': 2.0130329385129606, 'g_gpe_stn_mult': 1.3710324066933919, 'g_stn_gpi_mult': 1.7359103745858189, 'g_gpe_gpi_mult': 1.0499454708021558}. Best is trial 32 with value: 0.40975975519311275.
[I 2026-05-28 01:06:13,416] Trial 56 finished with value: 6.406252857329758 and parameters: {'ISTN': 74.29816995335557, 'I_gpe': 1.1828457417520895, 'I_gpi': 2.266965841069276, 'noise_stn_sigma': 4.28341379954886, 'noise_gpe_sigma': 104.12638792427452, 'noise_gpi_sigma': 127.0673430675367, 'g_stn_gpe_mult': 3.3658786951466686, 'g_gpe_stn_mult': 1.0115641203709997, 'g_stn_gpi_mult': 1.270621897175336, 'g_gpe_gpi_mult': 1.1826754020138541}. Best is trial 32 with value: 0.40975975519311275.
[I 2026-05-28 01:06:14,426] Trial 57 finished with value: 13.462692290885759 and parameters: {'ISTN': 92.11068952117193, 'I_gpe': 0.9991213034474158, 'I_gpi': 2.4344038553926017, 'noise_stn_sigma': 5.044000154149774, 'noise_gpe_sigma': 97.5966230256888, 'noise_gpi_sigma': 145.53252878767205, 'g_stn_gpe_mult': 2.481088076139528, 'g_gpe_stn_mult': 1.0289217918463884, 'g_stn_gpi_mult': 1.1528202188387273, 'g_gpe_gpi_mult': 0.6446411125230784}. Best is trial 32 with value: 0.40975975519311275.
[I 2026-05-28 01:06:15,435] Trial 58 finished with value: 0.3148048255696673 and parameters: {'ISTN': 68.31839010951555, 'I_gpe': 0.626454157688691, 'I_gpi': 2.656029832853701, 'noise_stn_sigma': 3.242356997339671, 'noise_gpe_sigma': 82.1671865424187, 'noise_gpi_sigma': 117.67854358450835, 'g_stn_gpe_mult': 3.6560347823503063, 'g_gpe_stn_mult': 1.1904513596323136, 'g_stn_gpi_mult': 0.7069201689594927, 'g_gpe_gpi_mult': 1.1642687400611498}. Best is trial 58 with value: 0.3148048255696673.
[I 2026-05-28 01:06:16,442] Trial 59 finished with value: 3.5557208254502077 and parameters: {'ISTN': 78.44428778932713, 'I_gpe': 0.9011508962794696, 'I_gpi': 1.5731403699723838, 'noise_stn_sigma': 3.859786866720386, 'noise_gpe_sigma': 136.99417355670136, 'noise_gpi_sigma': 126.1255420249362, 'g_stn_gpe_mult': 2.154980410106835, 'g_gpe_stn_mult': 1.2843462382756405, 'g_stn_gpi_mult': 1.9507043656010763, 'g_gpe_gpi_mult': 1.3826107776783587}. Best is trial 58 with value: 0.3148048255696673.
[I 2026-05-28 01:06:17,446] Trial 60 finished with value: 114.54803637272103 and parameters: {'ISTN': 89.33006481377521, 'I_gpe': 1.5701989923724253, 'I_gpi': 2.3053738087744216, 'noise_stn_sigma': 4.804941892433193, 'noise_gpe_sigma': 120.11713477425224, 'noise_gpi_sigma': 130.3391081343343, 'g_stn_gpe_mult': 2.7570250393207667, 'g_gpe_stn_mult': 1.6011722035931077, 'g_stn_gpi_mult': 0.8228319365202612, 'g_gpe_gpi_mult': 1.1613806070854247}. Best is trial 58 with value: 0.3148048255696673.
[I 2026-05-28 01:06:18,395] Trial 61 finished with value: 1000000.0 and parameters: {'ISTN': 69.14801987659096, 'I_gpe': 1.3158814721147012, 'I_gpi': 2.706551272662183, 'noise_stn_sigma': 4.000713188118769, 'noise_gpe_sigma': 88.05866387175702, 'noise_gpi_sigma': 98.11750839079893, 'g_stn_gpe_mult': 2.7241281640392963, 'g_gpe_stn_mult': 1.077730314579033, 'g_stn_gpi_mult': 1.5112586954168112, 'g_gpe_gpi_mult': 1.303340346302623}. Best is trial 58 with value: 0.3148048255696673.
[I 2026-05-28 01:06:19,403] Trial 62 finished with value: 12.298355883357075 and parameters: {'ISTN': 84.53209804388798, 'I_gpe': 1.0873216679137956, 'I_gpi': 2.7403295615427647, 'noise_stn_sigma': 3.780913452901796, 'noise_gpe_sigma': 96.16401035459, 'noise_gpi_sigma': 119.2037950341779, 'g_stn_gpe_mult': 1.8739628180948786, 'g_gpe_stn_mult': 1.0426033238180754, 'g_stn_gpi_mult': 1.5291017405621914, 'g_gpe_gpi_mult': 1.045543279016909}. Best is trial 58 with value: 0.3148048255696673.
[I 2026-05-28 01:06:20,411] Trial 63 finished with value: 10.801920212245472 and parameters: {'ISTN': 72.95812252714721, 'I_gpe': 1.0162524824069463, 'I_gpi': 2.858372259544209, 'noise_stn_sigma': 3.509932914388491, 'noise_gpe_sigma': 100.69580344665111, 'noise_gpi_sigma': 141.08361261426262, 'g_stn_gpe_mult': 2.8714045267493664, 'g_gpe_stn_mult': 0.9773989613561845, 'g_stn_gpi_mult': 0.8517885718497313, 'g_gpe_gpi_mult': 1.230659210562653}. Best is trial 58 with value: 0.3148048255696673.
[I 2026-05-28 01:06:21,418] Trial 64 finished with value: 7.713103428042116 and parameters: {'ISTN': 72.25660621471013, 'I_gpe': 0.6863832726478639, 'I_gpi': 1.810268554801773, 'noise_stn_sigma': 3.699611436526778, 'noise_gpe_sigma': 118.40507650688816, 'noise_gpi_sigma': 112.9039403344876, 'g_stn_gpe_mult': 3.840635207383576, 'g_gpe_stn_mult': 1.425076056985205, 'g_stn_gpi_mult': 0.8373241820303466, 'g_gpe_gpi_mult': 1.0139340367601772}. Best is trial 58 with value: 0.3148048255696673.
[I 2026-05-28 01:06:22,424] Trial 65 finished with value: 5.714326111828603 and parameters: {'ISTN': 88.66512961908876, 'I_gpe': 0.8929949289761016, 'I_gpi': 1.8083742417796431, 'noise_stn_sigma': 2.4511010127076793, 'noise_gpe_sigma': 123.8805817862845, 'noise_gpi_sigma': 134.13289056012175, 'g_stn_gpe_mult': 2.973424453642077, 'g_gpe_stn_mult': 1.2317374218502057, 'g_stn_gpi_mult': 1.6628061280513913, 'g_gpe_gpi_mult': 1.0833571120570527}. Best is trial 58 with value: 0.3148048255696673.
[I 2026-05-28 01:06:23,426] Trial 66 finished with value: 113.12776868618408 and parameters: {'ISTN': 77.72408088065347, 'I_gpe': 0.8431222026969578, 'I_gpi': 2.573154670408633, 'noise_stn_sigma': 4.448854182378794, 'noise_gpe_sigma': 72.0700208087574, 'noise_gpi_sigma': 112.28787459547084, 'g_stn_gpe_mult': 2.6121807691535537, 'g_gpe_stn_mult': 1.7616649104192688, 'g_stn_gpi_mult': 1.2490523602434425, 'g_gpe_gpi_mult': 0.9459690257456257}. Best is trial 58 with value: 0.3148048255696673.
[I 2026-05-28 01:06:24,431] Trial 67 finished with value: 5.788309524170704 and parameters: {'ISTN': 67.31839977112807, 'I_gpe': 0.504339805210357, 'I_gpi': 2.0213529448612975, 'noise_stn_sigma': 4.705216653604383, 'noise_gpe_sigma': 91.27680239754628, 'noise_gpi_sigma': 139.65455479928488, 'g_stn_gpe_mult': 3.261746038459452, 'g_gpe_stn_mult': 1.058460546286837, 'g_stn_gpi_mult': 1.8630553445997862, 'g_gpe_gpi_mult': 1.0216068072586026}. Best is trial 58 with value: 0.3148048255696673.
[I 2026-05-28 01:06:25,436] Trial 68 finished with value: 3.879802815117073 and parameters: {'ISTN': 83.38341219581847, 'I_gpe': 0.8827373388271706, 'I_gpi': 2.3820348147940056, 'noise_stn_sigma': 3.747659474307539, 'noise_gpe_sigma': 94.47637905505702, 'noise_gpi_sigma': 142.4294790411045, 'g_stn_gpe_mult': 3.2705425622152866, 'g_gpe_stn_mult': 1.4479943282364995, 'g_stn_gpi_mult': 1.3641021742485273, 'g_gpe_gpi_mult': 1.1204408509113926}. Best is trial 58 with value: 0.3148048255696673.
[I 2026-05-28 01:06:26,444] Trial 69 finished with value: 4.2951193866345525 and parameters: {'ISTN': 84.45260294633329, 'I_gpe': 0.7871425093775182, 'I_gpi': 1.2751197357338928, 'noise_stn_sigma': 2.999914341656134, 'noise_gpe_sigma': 79.34460920649778, 'noise_gpi_sigma': 99.48100696975646, 'g_stn_gpe_mult': 3.1824144969619073, 'g_gpe_stn_mult': 1.2713717275024117, 'g_stn_gpi_mult': 1.8593528226566494, 'g_gpe_gpi_mult': 1.3273464187476665}. Best is trial 58 with value: 0.3148048255696673.
[I 2026-05-28 01:06:27,446] Trial 70 finished with value: 111.33522544716314 and parameters: {'ISTN': 93.96343386045176, 'I_gpe': 1.1002591524506282, 'I_gpi': 2.4205158800683275, 'noise_stn_sigma': 4.713038128253593, 'noise_gpe_sigma': 112.42346513081644, 'noise_gpi_sigma': 131.0283891893307, 'g_stn_gpe_mult': 3.520291088926654, 'g_gpe_stn_mult': 1.6151920613464663, 'g_stn_gpi_mult': 0.9382229425194132, 'g_gpe_gpi_mult': 1.191185386337221}. Best is trial 58 with value: 0.3148048255696673.
[I 2026-05-28 01:06:28,453] Trial 71 finished with value: 8.016121497716243 and parameters: {'ISTN': 84.41172592982463, 'I_gpe': 0.6505957273682978, 'I_gpi': 2.2641976860946684, 'noise_stn_sigma': 3.7941482972870526, 'noise_gpe_sigma': 91.61382900582811, 'noise_gpi_sigma': 78.71951517618965, 'g_stn_gpe_mult': 2.8880079993672254, 'g_gpe_stn_mult': 1.155164785889492, 'g_stn_gpi_mult': 1.5464161054029053, 'g_gpe_gpi_mult': 1.1277378335495503}. Best is trial 58 with value: 0.3148048255696673.
[I 2026-05-28 01:06:29,461] Trial 72 finished with value: 2.2318451244382844 and parameters: {'ISTN': 96.24367041514682, 'I_gpe': 1.43456756993547, 'I_gpi': 2.695334341846359, 'noise_stn_sigma': 3.5228146921599706, 'noise_gpe_sigma': 90.18955775180483, 'noise_gpi_sigma': 139.2170071492088, 'g_stn_gpe_mult': 3.8732410856338277, 'g_gpe_stn_mult': 1.2179903392150833, 'g_stn_gpi_mult': 1.7752026363936737, 'g_gpe_gpi_mult': 1.2947371550637283}. Best is trial 58 with value: 0.3148048255696673.
[I 2026-05-28 01:06:30,468] Trial 73 finished with value: 7.967079221943581 and parameters: {'ISTN': 71.67647192918028, 'I_gpe': 0.5330605894313952, 'I_gpi': 1.8852691858582356, 'noise_stn_sigma': 3.6793326790913583, 'noise_gpe_sigma': 111.93904829427521, 'noise_gpi_sigma': 101.47097432454589, 'g_stn_gpe_mult': 1.753332220826223, 'g_gpe_stn_mult': 1.0580137679665396, 'g_stn_gpi_mult': 0.9961914750437528, 'g_gpe_gpi_mult': 1.0005176011795869}. Best is trial 58 with value: 0.3148048255696673.
[I 2026-05-28 01:06:31,476] Trial 74 finished with value: 6.275827026218631 and parameters: {'ISTN': 85.93196173683621, 'I_gpe': 0.9384560072977683, 'I_gpi': 1.2989468033569016, 'noise_stn_sigma': 2.7751243630176594, 'noise_gpe_sigma': 98.92380443571734, 'noise_gpi_sigma': 142.05854528910976, 'g_stn_gpe_mult': 3.343302630264191, 'g_gpe_stn_mult': 1.440245443701885, 'g_stn_gpi_mult': 1.2595594715680969, 'g_gpe_gpi_mult': 1.2835367377099798}. Best is trial 58 with value: 0.3148048255696673.
[I 2026-05-28 01:06:32,476] Trial 75 finished with value: 115.94563879730026 and parameters: {'ISTN': 79.32883286949131, 'I_gpe': 1.5586530874198248, 'I_gpi': 1.5239487001903433, 'noise_stn_sigma': 3.0376690542294416, 'noise_gpe_sigma': 79.26389601043172, 'noise_gpi_sigma': 123.63428852993793, 'g_stn_gpe_mult': 3.210128127963564, 'g_gpe_stn_mult': 1.4478208674411326, 'g_stn_gpi_mult': 1.5121824608898284, 'g_gpe_gpi_mult': 1.055461980671414}. Best is trial 58 with value: 0.3148048255696673.
[I 2026-05-28 01:06:33,485] Trial 76 finished with value: 6.4114302142999176 and parameters: {'ISTN': 79.31531072945799, 'I_gpe': 0.5149760918467038, 'I_gpi': 1.7898540479789915, 'noise_stn_sigma': 4.006351946100546, 'noise_gpe_sigma': 81.60124382042498, 'noise_gpi_sigma': 99.89507313166132, 'g_stn_gpe_mult': 3.322769855142121, 'g_gpe_stn_mult': 1.157401762918227, 'g_stn_gpi_mult': 0.6904263882850918, 'g_gpe_gpi_mult': 0.9159236845449639}. Best is trial 58 with value: 0.3148048255696673.
[I 2026-05-28 01:06:34,492] Trial 77 finished with value: 0.31887261730747746 and parameters: {'ISTN': 85.62792940066453, 'I_gpe': 0.5611424583463208, 'I_gpi': 1.7790816746322402, 'noise_stn_sigma': 3.062404943748604, 'noise_gpe_sigma': 89.93361125064636, 'noise_gpi_sigma': 128.0371238802345, 'g_stn_gpe_mult': 3.15171611812986, 'g_gpe_stn_mult': 1.3997350840808886, 'g_stn_gpi_mult': 1.9529815139812796, 'g_gpe_gpi_mult': 1.2536709950680516}. Best is trial 58 with value: 0.3148048255696673.
[I 2026-05-28 01:06:35,496] Trial 78 finished with value: 12.661179155180774 and parameters: {'ISTN': 98.97333539220476, 'I_gpe': 0.9181174060515078, 'I_gpi': 2.474492503928019, 'noise_stn_sigma': 3.898179297428344, 'noise_gpe_sigma': 68.19532900813836, 'noise_gpi_sigma': 121.45152158190984, 'g_stn_gpe_mult': 3.200876313199061, 'g_gpe_stn_mult': 1.7123229335220538, 'g_stn_gpi_mult': 1.679689139552076, 'g_gpe_gpi_mult': 1.1923730093914542}. Best is trial 58 with value: 0.3148048255696673.
[I 2026-05-28 01:06:36,503] Trial 79 finished with value: 4.791578037028532 and parameters: {'ISTN': 90.85522276002075, 'I_gpe': 0.9130813594870513, 'I_gpi': 1.4729974254371188, 'noise_stn_sigma': 2.8297828460756684, 'noise_gpe_sigma': 100.1903120599301, 'noise_gpi_sigma': 129.3890388976396, 'g_stn_gpe_mult': 4.349494703215965, 'g_gpe_stn_mult': 1.4975752247639316, 'g_stn_gpi_mult': 1.5305391340202277, 'g_gpe_gpi_mult': 1.2102167475412648}. Best is trial 58 with value: 0.3148048255696673.
[I 2026-05-28 01:06:37,510] Trial 80 finished with value: 4.576237530029154 and parameters: {'ISTN': 90.88175455167094, 'I_gpe': 1.1287613980592242, 'I_gpi': 1.9166960502956676, 'noise_stn_sigma': 3.990824322921575, 'noise_gpe_sigma': 93.23280371403739, 'noise_gpi_sigma': 129.64535538204382, 'g_stn_gpe_mult': 3.2209961059783616, 'g_gpe_stn_mult': 1.3842404719334847, 'g_stn_gpi_mult': 1.9685660522396162, 'g_gpe_gpi_mult': 0.8131836144850519}. Best is trial 58 with value: 0.3148048255696673.
[I 2026-05-28 01:06:38,517] Trial 81 finished with value: 6.493019600852871 and parameters: {'ISTN': 89.14712187470002, 'I_gpe': 1.1608739792384974, 'I_gpi': 1.9080906036979526, 'noise_stn_sigma': 3.1629922981419227, 'noise_gpe_sigma': 79.9336296379236, 'noise_gpi_sigma': 120.22392511806872, 'g_stn_gpe_mult': 2.8964314574707855, 'g_gpe_stn_mult': 1.2881585921273704, 'g_stn_gpi_mult': 1.883110613635648, 'g_gpe_gpi_mult': 1.3052199875038928}. Best is trial 58 with value: 0.3148048255696673.
[I 2026-05-28 01:06:39,523] Trial 82 finished with value: 9.455984936437357 and parameters: {'ISTN': 103.79178950678511, 'I_gpe': 1.0886020307914333, 'I_gpi': 2.9916472059314523, 'noise_stn_sigma': 2.8012065644673383, 'noise_gpe_sigma': 121.02501595843285, 'noise_gpi_sigma': 105.80683172364334, 'g_stn_gpe_mult': 3.3928162348932576, 'g_gpe_stn_mult': 1.1532353725016529, 'g_stn_gpi_mult': 1.7904238905749188, 'g_gpe_gpi_mult': 0.8477230770896351}. Best is trial 58 with value: 0.3148048255696673.
[I 2026-05-28 01:06:40,526] Trial 83 finished with value: 115.41378874590808 and parameters: {'ISTN': 80.2465035219669, 'I_gpe': 1.7796306653518452, 'I_gpi': 1.7059609799455733, 'noise_stn_sigma': 1.6608992886984257, 'noise_gpe_sigma': 77.79846175468258, 'noise_gpi_sigma': 126.60905811433025, 'g_stn_gpe_mult': 3.473277136688866, 'g_gpe_stn_mult': 1.5386104892626036, 'g_stn_gpi_mult': 1.7346290414349372, 'g_gpe_gpi_mult': 1.0517958408323858}. Best is trial 58 with value: 0.3148048255696673.
[I 2026-05-28 01:06:41,530] Trial 84 finished with value: 110.09639314028504 and parameters: {'ISTN': 91.90960535117074, 'I_gpe': 1.136164302855108, 'I_gpi': 1.9528516153880506, 'noise_stn_sigma': 3.329692796146012, 'noise_gpe_sigma': 70.4385373119263, 'noise_gpi_sigma': 123.38970737745859, 'g_stn_gpe_mult': 3.620139546417461, 'g_gpe_stn_mult': 1.5882137013110635, 'g_stn_gpi_mult': 2.6432359812620603, 'g_gpe_gpi_mult': 1.3827424872992946}. Best is trial 58 with value: 0.3148048255696673.
[I 2026-05-28 01:06:42,533] Trial 85 finished with value: 109.8770214875958 and parameters: {'ISTN': 95.30563445267899, 'I_gpe': 1.2276747276433986, 'I_gpi': 1.4683252085143175, 'noise_stn_sigma': 1.810298087528598, 'noise_gpe_sigma': 97.0057685935662, 'noise_gpi_sigma': 116.77451999625855, 'g_stn_gpe_mult': 3.4748690127542172, 'g_gpe_stn_mult': 1.5662504891598006, 'g_stn_gpi_mult': 1.9708455999467758, 'g_gpe_gpi_mult': 0.9746346887635273}. Best is trial 58 with value: 0.3148048255696673.
[I 2026-05-28 01:06:43,539] Trial 86 finished with value: 12.774710144700123 and parameters: {'ISTN': 95.80110169980551, 'I_gpe': 1.4403561502598201, 'I_gpi': 2.6301284625980803, 'noise_stn_sigma': 4.445011928160507, 'noise_gpe_sigma': 116.80493757495316, 'noise_gpi_sigma': 114.0650409266755, 'g_stn_gpe_mult': 3.32117471261712, 'g_gpe_stn_mult': 0.803543130822705, 'g_stn_gpi_mult': 1.5129720557343693, 'g_gpe_gpi_mult': 1.1470869300368516}. Best is trial 58 with value: 0.3148048255696673.
[I 2026-05-28 01:06:44,546] Trial 87 finished with value: 0.5042833981693944 and parameters: {'ISTN': 89.95720340179851, 'I_gpe': 0.5914473349399021, 'I_gpi': 1.6580115576922134, 'noise_stn_sigma': 3.6771634350293376, 'noise_gpe_sigma': 96.31530884033822, 'noise_gpi_sigma': 141.45896534059904, 'g_stn_gpe_mult': 3.6009150306662874, 'g_gpe_stn_mult': 1.4382451400800162, 'g_stn_gpi_mult': 1.9312148009129444, 'g_gpe_gpi_mult': 1.2424643714182204}. Best is trial 58 with value: 0.3148048255696673.
