[I 2026-05-28 01:20:03,420] Trial 880 finished with value: 0.1081269556294284 and parameters: {'ISTN': 100.58174489943104, 'I_gpe': 0.717725220147912, 'I_gpi': 2.1610644973484487, 'noise_stn_sigma': 3.188341356149069, 'noise_gpe_sigma': 112.67821959404792, 'noise_gpi_sigma': 121.59447410276687, 'g_stn_gpe_mult': 3.9861390514912483, 'g_gpe_stn_mult': 1.4852945974915146, 'g_stn_gpi_mult': 2.7944387544890326, 'g_gpe_gpi_mult': 1.5779141786790196}. Best is trial 803 with value: 0.10263825252656392.
[I 2026-05-28 01:20:04,430] Trial 881 finished with value: 1.4844057624933658 and parameters: {'ISTN': 98.66267045129402, 'I_gpe': 0.6341337780407351, 'I_gpi': 2.135928452543709, 'noise_stn_sigma': 3.421359603703684, 'noise_gpe_sigma': 119.94796195614504, 'noise_gpi_sigma': 124.42446509660353, 'g_stn_gpe_mult': 4.076072795906253, 'g_gpe_stn_mult': 1.494926708239139, 'g_stn_gpi_mult': 2.602862454429691, 'g_gpe_gpi_mult': 1.5890640877854163}. Best is trial 803 with value: 0.10263825252656392.
[I 2026-05-28 01:20:05,440] Trial 882 finished with value: 0.45154246285468536 and parameters: {'ISTN': 100.30729956750501, 'I_gpe': 0.6927956588914144, 'I_gpi': 2.199285215235493, 'noise_stn_sigma': 3.2464828530794203, 'noise_gpe_sigma': 116.39354059187166, 'noise_gpi_sigma': 122.78473210223224, 'g_stn_gpe_mult': 3.9983202605931516, 'g_gpe_stn_mult': 1.4959652181660876, 'g_stn_gpi_mult': 2.8617277873467613, 'g_gpe_gpi_mult': 1.5632953647637142}. Best is trial 803 with value: 0.10263825252656392.
[I 2026-05-28 01:20:06,448] Trial 883 finished with value: 0.11178796017630259 and parameters: {'ISTN': 98.61747303469444, 'I_gpe': 0.6889855992070342, 'I_gpi': 2.082350713128082, 'noise_stn_sigma': 2.998547317092511, 'noise_gpe_sigma': 111.80276110881813, 'noise_gpi_sigma': 122.18974110216026, 'g_stn_gpe_mult': 4.060370263082364, 'g_gpe_stn_mult': 1.4905102419024008, 'g_stn_gpi_mult': 2.7897613825138126, 'g_gpe_gpi_mult': 1.5622795371679303}. Best is trial 803 with value: 0.10263825252656392.
[I 2026-05-28 01:20:07,458] Trial 884 finished with value: 0.5064208437421845 and parameters: {'ISTN': 99.26094592415447, 'I_gpe': 0.715017682102646, 'I_gpi': 2.186827702905042, 'noise_stn_sigma': 3.0558402799679696, 'noise_gpe_sigma': 113.66029956883254, 'noise_gpi_sigma': 122.35102224432607, 'g_stn_gpe_mult': 4.065133027215439, 'g_gpe_stn_mult': 1.4680516840866726, 'g_stn_gpi_mult': 2.7699494533541804, 'g_gpe_gpi_mult': 1.5388363149295177}. Best is trial 803 with value: 0.10263825252656392.
[I 2026-05-28 01:20:08,466] Trial 885 finished with value: 1.7266641033126013 and parameters: {'ISTN': 98.54940138271714, 'I_gpe': 0.6861331434196075, 'I_gpi': 2.164883877121348, 'noise_stn_sigma': 3.0243695108913355, 'noise_gpe_sigma': 113.38791289544346, 'noise_gpi_sigma': 126.27931459344649, 'g_stn_gpe_mult': 4.0799924031018895, 'g_gpe_stn_mult': 1.49216101287742, 'g_stn_gpi_mult': 2.7896529814601636, 'g_gpe_gpi_mult': 1.5717765119736467}. Best is trial 803 with value: 0.10263825252656392.
[I 2026-05-28 01:20:09,475] Trial 886 finished with value: 0.09393993581367453 and parameters: {'ISTN': 102.30142832851598, 'I_gpe': 0.7106453944375761, 'I_gpi': 2.157157268563654, 'noise_stn_sigma': 3.2008819327254323, 'noise_gpe_sigma': 111.32025872564486, 'noise_gpi_sigma': 122.77021318534378, 'g_stn_gpe_mult': 4.055063805886907, 'g_gpe_stn_mult': 1.5126468527432964, 'g_stn_gpi_mult': 2.7586273382599367, 'g_gpe_gpi_mult': 1.5611312237278125}. Best is trial 886 with value: 0.09393993581367453.
[I 2026-05-28 01:20:10,482] Trial 887 finished with value: 0.10841185339029523 and parameters: {'ISTN': 100.86298341538675, 'I_gpe': 0.6711888110473261, 'I_gpi': 2.1671826684081292, 'noise_stn_sigma': 3.213342283596089, 'noise_gpe_sigma': 114.12491299807944, 'noise_gpi_sigma': 122.90207969196557, 'g_stn_gpe_mult': 4.130823705408225, 'g_gpe_stn_mult': 1.5107973047082695, 'g_stn_gpi_mult': 2.7860290251674886, 'g_gpe_gpi_mult': 1.4828965517400263}. Best is trial 886 with value: 0.09393993581367453.
[I 2026-05-28 01:20:11,491] Trial 888 finished with value: 6.32895516245168 and parameters: {'ISTN': 102.38668637879502, 'I_gpe': 0.7551981081330331, 'I_gpi': 1.9994923114639813, 'noise_stn_sigma': 3.035113067002416, 'noise_gpe_sigma': 113.65578690632832, 'noise_gpi_sigma': 119.7755839179007, 'g_stn_gpe_mult': 4.105904655096589, 'g_gpe_stn_mult': 1.4983187122134014, 'g_stn_gpi_mult': 2.8147615454948722, 'g_gpe_gpi_mult': 1.498992084850556}. Best is trial 886 with value: 0.09393993581367453.
[I 2026-05-28 01:20:12,499] Trial 889 finished with value: 0.1122045356956993 and parameters: {'ISTN': 100.17670555620805, 'I_gpe': 0.6783467708581982, 'I_gpi': 2.1597559059312346, 'noise_stn_sigma': 3.126901734892427, 'noise_gpe_sigma': 112.83248017140933, 'noise_gpi_sigma': 125.47105809967992, 'g_stn_gpe_mult': 4.036348904907964, 'g_gpe_stn_mult': 1.4969071829220753, 'g_stn_gpi_mult': 2.764790061927185, 'g_gpe_gpi_mult': 1.5305863285853525}. Best is trial 886 with value: 0.09393993581367453.
[I 2026-05-28 01:20:13,507] Trial 890 finished with value: 0.11535573566820813 and parameters: {'ISTN': 100.08696583892382, 'I_gpe': 0.6872815117670902, 'I_gpi': 2.1497445965977686, 'noise_stn_sigma': 3.198054260045416, 'noise_gpe_sigma': 112.42925706600698, 'noise_gpi_sigma': 124.36375271172665, 'g_stn_gpe_mult': 4.043129463671785, 'g_gpe_stn_mult': 1.5072915167344572, 'g_stn_gpi_mult': 2.710063746186649, 'g_gpe_gpi_mult': 1.5626033408237758}. Best is trial 886 with value: 0.09393993581367453.
[I 2026-05-28 01:20:14,516] Trial 891 finished with value: 1.0417909724358536 and parameters: {'ISTN': 101.38919381400663, 'I_gpe': 0.6763892080160578, 'I_gpi': 2.1467013036038685, 'noise_stn_sigma': 3.1738701747438682, 'noise_gpe_sigma': 114.23195490855261, 'noise_gpi_sigma': 126.42175617455935, 'g_stn_gpe_mult': 4.1427778896001985, 'g_gpe_stn_mult': 1.5130965164780392, 'g_stn_gpi_mult': 2.662218745840731, 'g_gpe_gpi_mult': 1.5284091680615968}. Best is trial 886 with value: 0.09393993581367453.
[I 2026-05-28 01:20:15,525] Trial 892 finished with value: 0.21198045949834346 and parameters: {'ISTN': 101.94342460669299, 'I_gpe': 0.6866008523685729, 'I_gpi': 2.076354781054261, 'noise_stn_sigma': 2.9875644643915686, 'noise_gpe_sigma': 110.96474301330494, 'noise_gpi_sigma': 120.92413328951002, 'g_stn_gpe_mult': 4.0277211110834, 'g_gpe_stn_mult': 1.5334787770775071, 'g_stn_gpi_mult': 2.8555286406100078, 'g_gpe_gpi_mult': 1.5159863119645414}. Best is trial 886 with value: 0.09393993581367453.
[I 2026-05-28 01:20:16,534] Trial 893 finished with value: 6.175602613766773 and parameters: {'ISTN': 100.89020428165864, 'I_gpe': 0.7322811000443934, 'I_gpi': 2.144552319297036, 'noise_stn_sigma': 3.0832957051723575, 'noise_gpe_sigma': 114.69738343257275, 'noise_gpi_sigma': 124.33786635486457, 'g_stn_gpe_mult': 4.046080639237855, 'g_gpe_stn_mult': 1.4789627690602032, 'g_stn_gpi_mult': 2.6770382375060224, 'g_gpe_gpi_mult': 1.5394663473185513}. Best is trial 886 with value: 0.09393993581367453.
[I 2026-05-28 01:20:17,541] Trial 894 finished with value: 2.852612919444547 and parameters: {'ISTN': 102.32302892026962, 'I_gpe': 0.7008125954824113, 'I_gpi': 2.076351562243872, 'noise_stn_sigma': 3.0938406038996353, 'noise_gpe_sigma': 114.03564675491764, 'noise_gpi_sigma': 122.8095723190268, 'g_stn_gpe_mult': 4.121223202174676, 'g_gpe_stn_mult': 1.5353501211859615, 'g_stn_gpi_mult': 2.6880559678616147, 'g_gpe_gpi_mult': 1.5482927520048184}. Best is trial 886 with value: 0.09393993581367453.
[I 2026-05-28 01:20:18,548] Trial 895 finished with value: 0.10156490247777443 and parameters: {'ISTN': 102.94665973184476, 'I_gpe': 0.635580920023417, 'I_gpi': 2.1815108277842796, 'noise_stn_sigma': 3.1594276835699877, 'noise_gpe_sigma': 113.16789224815022, 'noise_gpi_sigma': 122.87776978479364, 'g_stn_gpe_mult': 4.159793180409524, 'g_gpe_stn_mult': 1.5619604654464174, 'g_stn_gpi_mult': 2.8967544172977404, 'g_gpe_gpi_mult': 1.5234776924072293}. Best is trial 886 with value: 0.09393993581367453.
[I 2026-05-28 01:20:19,554] Trial 896 finished with value: 0.1021730923870542 and parameters: {'ISTN': 101.8826418511148, 'I_gpe': 0.6773445066816894, 'I_gpi': 2.092445751710904, 'noise_stn_sigma': 3.1561078788682537, 'noise_gpe_sigma': 111.2274605546718, 'noise_gpi_sigma': 121.8454809868826, 'g_stn_gpe_mult': 4.157302879112124, 'g_gpe_stn_mult': 1.5151957126726447, 'g_stn_gpi_mult': 2.8997570094511356, 'g_gpe_gpi_mult': 1.5361780866330421}. Best is trial 886 with value: 0.09393993581367453.
[I 2026-05-28 01:20:20,560] Trial 897 finished with value: 0.10144305201222034 and parameters: {'ISTN': 102.97102620066522, 'I_gpe': 0.6846323765303151, 'I_gpi': 2.1029754491776567, 'noise_stn_sigma': 3.355688489560614, 'noise_gpe_sigma': 112.39731473012796, 'noise_gpi_sigma': 122.09030412270857, 'g_stn_gpe_mult': 4.119741438505043, 'g_gpe_stn_mult': 1.5363619878464683, 'g_stn_gpi_mult': 2.6932340798081125, 'g_gpe_gpi_mult': 1.5223743916297452}. Best is trial 886 with value: 0.09393993581367453.
[I 2026-05-28 01:20:21,569] Trial 898 finished with value: 0.09716576203087951 and parameters: {'ISTN': 101.39482753428629, 'I_gpe': 0.7240645907468732, 'I_gpi': 2.1147367830160677, 'noise_stn_sigma': 3.13041705705861, 'noise_gpe_sigma': 112.04583616996935, 'noise_gpi_sigma': 124.6530927453398, 'g_stn_gpe_mult': 4.111210252132324, 'g_gpe_stn_mult': 1.5023580082847094, 'g_stn_gpi_mult': 2.8052885220497967, 'g_gpe_gpi_mult': 1.4994218286359706}. Best is trial 886 with value: 0.09393993581367453.
[I 2026-05-28 01:20:22,579] Trial 899 finished with value: 0.11398538068917244 and parameters: {'ISTN': 100.4985651801127, 'I_gpe': 0.6395130992804889, 'I_gpi': 2.2540424665943677, 'noise_stn_sigma': 3.1961447746516987, 'noise_gpe_sigma': 115.21720850998068, 'noise_gpi_sigma': 124.00418016707131, 'g_stn_gpe_mult': 4.187593826415206, 'g_gpe_stn_mult': 1.5293686170790235, 'g_stn_gpi_mult': 2.8505130747671363, 'g_gpe_gpi_mult': 1.4936567406560493}. Best is trial 886 with value: 0.09393993581367453.
[I 2026-05-28 01:20:23,587] Trial 900 finished with value: 0.1250580734294192 and parameters: {'ISTN': 102.1647739206664, 'I_gpe': 0.7257268113537262, 'I_gpi': 2.1055805846648967, 'noise_stn_sigma': 3.313843175021835, 'noise_gpe_sigma': 112.44585310518617, 'noise_gpi_sigma': 121.47613159750888, 'g_stn_gpe_mult': 4.102114792850465, 'g_gpe_stn_mult': 1.5152420889771152, 'g_stn_gpi_mult': 2.9311509484790905, 'g_gpe_gpi_mult': 1.5535208978612312}. Best is trial 886 with value: 0.09393993581367453.
[I 2026-05-28 01:20:24,599] Trial 901 finished with value: 0.10046631494688824 and parameters: {'ISTN': 102.01254855282389, 'I_gpe': 0.6937084333323432, 'I_gpi': 2.1336021905869167, 'noise_stn_sigma': 3.126750293599376, 'noise_gpe_sigma': 113.13153296629052, 'noise_gpi_sigma': 125.33535043661956, 'g_stn_gpe_mult': 4.185155463306046, 'g_gpe_stn_mult': 1.5268370871784365, 'g_stn_gpi_mult': 2.7901647354597774, 'g_gpe_gpi_mult': 1.5335508358743644}. Best is trial 886 with value: 0.09393993581367453.
[I 2026-05-28 01:20:25,606] Trial 902 finished with value: 0.32009389039263547 and parameters: {'ISTN': 102.19061730808482, 'I_gpe': 0.6690139076730227, 'I_gpi': 2.1891942065170253, 'noise_stn_sigma': 3.099925786865348, 'noise_gpe_sigma': 114.60475272127951, 'noise_gpi_sigma': 122.1085809409556, 'g_stn_gpe_mult': 4.213651017225264, 'g_gpe_stn_mult': 1.5399447615179713, 'g_stn_gpi_mult': 2.780739131136808, 'g_gpe_gpi_mult': 1.4928855512505392}. Best is trial 886 with value: 0.09393993581367453.
[I 2026-05-28 01:20:26,614] Trial 903 finished with value: 0.12515624942152137 and parameters: {'ISTN': 102.43530922036086, 'I_gpe': 0.6934489795672605, 'I_gpi': 2.157611577708627, 'noise_stn_sigma': 3.168677866821081, 'noise_gpe_sigma': 112.51695511212313, 'noise_gpi_sigma': 122.71924689315794, 'g_stn_gpe_mult': 4.0644261167620765, 'g_gpe_stn_mult': 1.53538524328014, 'g_stn_gpi_mult': 2.8833759167235646, 'g_gpe_gpi_mult': 1.5292019337631713}. Best is trial 886 with value: 0.09393993581367453.
[I 2026-05-28 01:20:27,621] Trial 904 finished with value: 0.10846713975635468 and parameters: {'ISTN': 103.55584854301459, 'I_gpe': 0.679383707171125, 'I_gpi': 2.1311631285051194, 'noise_stn_sigma': 3.2867294851878457, 'noise_gpe_sigma': 110.4419310059282, 'noise_gpi_sigma': 123.75942993724955, 'g_stn_gpe_mult': 4.167886082513336, 'g_gpe_stn_mult': 1.563793435251613, 'g_stn_gpi_mult': 2.9021615619406127, 'g_gpe_gpi_mult': 1.4565480142898743}. Best is trial 886 with value: 0.09393993581367453.
[I 2026-05-28 01:20:28,627] Trial 905 finished with value: 0.11270257070710116 and parameters: {'ISTN': 100.95990516461094, 'I_gpe': 0.6621427521949501, 'I_gpi': 2.081184256787397, 'noise_stn_sigma': 3.141489610504957, 'noise_gpe_sigma': 113.59454101370068, 'noise_gpi_sigma': 123.99188018809623, 'g_stn_gpe_mult': 4.163810731318491, 'g_gpe_stn_mult': 1.4993603601397931, 'g_stn_gpi_mult': 2.7035235808299993, 'g_gpe_gpi_mult': 1.5446229454835256}. Best is trial 886 with value: 0.09393993581367453.
[I 2026-05-28 01:20:29,633] Trial 906 finished with value: 0.10917542473223919 and parameters: {'ISTN': 102.5831503549926, 'I_gpe': 0.7117562492898525, 'I_gpi': 2.05870371996875, 'noise_stn_sigma': 3.329001870750087, 'noise_gpe_sigma': 111.13636954998232, 'noise_gpi_sigma': 125.09893954219804, 'g_stn_gpe_mult': 4.1588062613973475, 'g_gpe_stn_mult': 1.5274063689965405, 'g_stn_gpi_mult': 2.828269535806474, 'g_gpe_gpi_mult': 1.5046467748745131}. Best is trial 886 with value: 0.09393993581367453.
[I 2026-05-28 01:20:30,640] Trial 907 finished with value: 1.1310721506093757 and parameters: {'ISTN': 104.17403647279635, 'I_gpe': 0.6912642212137255, 'I_gpi': 2.1080059531360584, 'noise_stn_sigma': 3.283391711673539, 'noise_gpe_sigma': 111.99786174022294, 'noise_gpi_sigma': 126.0504735090169, 'g_stn_gpe_mult': 4.148627081976868, 'g_gpe_stn_mult': 1.5561469352004138, 'g_stn_gpi_mult': 2.898425507506071, 'g_gpe_gpi_mult': 1.4945526928844939}. Best is trial 886 with value: 0.09393993581367453.
[I 2026-05-28 01:20:31,647] Trial 908 finished with value: 0.6782293273410578 and parameters: {'ISTN': 102.30550415116466, 'I_gpe': 0.6921344546977704, 'I_gpi': 2.1043926530774586, 'noise_stn_sigma': 3.0749287229251463, 'noise_gpe_sigma': 111.14200993448975, 'noise_gpi_sigma': 125.67519790826465, 'g_stn_gpe_mult': 4.084619733965646, 'g_gpe_stn_mult': 1.5194743276301483, 'g_stn_gpi_mult': 2.7588598390658308, 'g_gpe_gpi_mult': 1.5040762144771995}. Best is trial 886 with value: 0.09393993581367453.
[I 2026-05-28 01:20:32,653] Trial 909 finished with value: 4.479134959448878 and parameters: {'ISTN': 101.59411187969539, 'I_gpe': 0.6836308986004367, 'I_gpi': 2.122651797334008, 'noise_stn_sigma': 3.096199618984153, 'noise_gpe_sigma': 116.04791930435877, 'noise_gpi_sigma': 124.35862891755401, 'g_stn_gpe_mult': 4.06210754217054, 'g_gpe_stn_mult': 1.5160026495824719, 'g_stn_gpi_mult': 2.7821287649394906, 'g_gpe_gpi_mult': 1.4931862606846937}. Best is trial 886 with value: 0.09393993581367453.
[I 2026-05-28 01:20:33,661] Trial 910 finished with value: 1.0996282931772225 and parameters: {'ISTN': 104.45752484880326, 'I_gpe': 0.7093253636436201, 'I_gpi': 2.1742399522254123, 'noise_stn_sigma': 3.173989845869081, 'noise_gpe_sigma': 110.72952582985758, 'noise_gpi_sigma': 120.18059437920262, 'g_stn_gpe_mult': 4.0247042928633645, 'g_gpe_stn_mult': 1.5559573895958736, 'g_stn_gpi_mult': 2.8663067459455056, 'g_gpe_gpi_mult': 1.515556870441907}. Best is trial 886 with value: 0.09393993581367453.
[I 2026-05-28 01:20:34,669] Trial 911 finished with value: 0.12310253892927804 and parameters: {'ISTN': 102.46709127152721, 'I_gpe': 0.661098731512958, 'I_gpi': 2.1543567448157734, 'noise_stn_sigma': 3.200246410827382, 'noise_gpe_sigma': 108.7672484574064, 'noise_gpi_sigma': 124.32808264260751, 'g_stn_gpe_mult': 4.22094167772304, 'g_gpe_stn_mult': 1.5483816022268235, 'g_stn_gpi_mult': 2.838241508053661, 'g_gpe_gpi_mult': 1.4467164151974927}. Best is trial 886 with value: 0.09393993581367453.
[I 2026-05-28 01:20:35,677] Trial 912 finished with value: 0.10124879522956953 and parameters: {'ISTN': 102.79656887057737, 'I_gpe': 0.6649639673998411, 'I_gpi': 2.1037411757733544, 'noise_stn_sigma': 3.3271610676502683, 'noise_gpe_sigma': 112.74844950237296, 'noise_gpi_sigma': 122.73180890039004, 'g_stn_gpe_mult': 4.259129146128426, 'g_gpe_stn_mult': 1.5470146455013305, 'g_stn_gpi_mult': 2.942232197359356, 'g_gpe_gpi_mult': 1.4677000254422763}. Best is trial 886 with value: 0.09393993581367453.
[I 2026-05-28 01:20:36,685] Trial 913 finished with value: 0.5619145719487684 and parameters: {'ISTN': 102.08689902980522, 'I_gpe': 0.7071137804554816, 'I_gpi': 2.1631679366033465, 'noise_stn_sigma': 3.162421308789455, 'noise_gpe_sigma': 112.96650046269865, 'noise_gpi_sigma': 124.99782728486362, 'g_stn_gpe_mult': 4.0553714750588075, 'g_gpe_stn_mult': 1.5394617307477287, 'g_stn_gpi_mult': 2.8216953753872276, 'g_gpe_gpi_mult': 1.5093854787262873}. Best is trial 886 with value: 0.09393993581367453.
[I 2026-05-28 01:20:37,692] Trial 914 finished with value: 0.11397288524379907 and parameters: {'ISTN': 101.31700132525944, 'I_gpe': 0.662055989472879, 'I_gpi': 2.1118079116873423, 'noise_stn_sigma': 3.3059900533090287, 'noise_gpe_sigma': 114.99543857987818, 'noise_gpi_sigma': 124.78364693244262, 'g_stn_gpe_mult': 4.21136485611547, 'g_gpe_stn_mult': 1.5259443518957199, 'g_stn_gpi_mult': 2.744775234671792, 'g_gpe_gpi_mult': 1.4828718931467142}. Best is trial 886 with value: 0.09393993581367453.
[I 2026-05-28 01:20:38,699] Trial 915 finished with value: 1.7381142595276724 and parameters: {'ISTN': 102.47443623105923, 'I_gpe': 0.7032307567875982, 'I_gpi': 2.0898638426761043, 'noise_stn_sigma': 2.9424535130921288, 'noise_gpe_sigma': 108.28744559691762, 'noise_gpi_sigma': 127.23607061727249, 'g_stn_gpe_mult': 4.160962773077957, 'g_gpe_stn_mult': 1.526262036281665, 'g_stn_gpi_mult': 2.868086990883501, 'g_gpe_gpi_mult': 1.4756840511833815}. Best is trial 886 with value: 0.09393993581367453.
[I 2026-05-28 01:20:39,706] Trial 916 finished with value: 0.3833575498507799 and parameters: {'ISTN': 102.76450543507835, 'I_gpe': 0.6940094030325541, 'I_gpi': 2.10891555651688, 'noise_stn_sigma': 3.340584868961769, 'noise_gpe_sigma': 114.98118312648275, 'noise_gpi_sigma': 125.16103372100868, 'g_stn_gpe_mult': 4.214432225384522, 'g_gpe_stn_mult': 1.531812106792075, 'g_stn_gpi_mult': 2.701086300101187, 'g_gpe_gpi_mult': 1.553757073951576}. Best is trial 886 with value: 0.09393993581367453.
[I 2026-05-28 01:20:40,713] Trial 917 finished with value: 2.2600815061960526 and parameters: {'ISTN': 102.45424135335293, 'I_gpe': 0.7257197209841237, 'I_gpi': 2.1535649074347942, 'noise_stn_sigma': 3.156498710741256, 'noise_gpe_sigma': 109.36220274367851, 'noise_gpi_sigma': 124.04316098502528, 'g_stn_gpe_mult': 4.172614495628518, 'g_gpe_stn_mult': 1.523325997745368, 'g_stn_gpi_mult': 2.84477556464, 'g_gpe_gpi_mult': 1.5581516562344795}. Best is trial 886 with value: 0.09393993581367453.
[I 2026-05-28 01:20:41,720] Trial 918 finished with value: 0.15232385305475613 and parameters: {'ISTN': 102.01950141810892, 'I_gpe': 0.7147325442090278, 'I_gpi': 2.114740524043622, 'noise_stn_sigma': 3.1252446451664295, 'noise_gpe_sigma': 110.0196276393589, 'noise_gpi_sigma': 126.46052179889901, 'g_stn_gpe_mult': 4.095527156028921, 'g_gpe_stn_mult': 1.5300801877946493, 'g_stn_gpi_mult': 2.788556185225622, 'g_gpe_gpi_mult': 1.522529463696997}. Best is trial 886 with value: 0.09393993581367453.
[I 2026-05-28 01:20:42,727] Trial 919 finished with value: 0.10373185169002169 and parameters: {'ISTN': 102.398720659948, 'I_gpe': 0.6721439198357831, 'I_gpi': 2.06428942523305, 'noise_stn_sigma': 3.1794674532257874, 'noise_gpe_sigma': 113.04410089739402, 'noise_gpi_sigma': 121.77763099901817, 'g_stn_gpe_mult': 4.183461841443287, 'g_gpe_stn_mult': 1.5339030523937274, 'g_stn_gpi_mult': 2.880908264103071, 'g_gpe_gpi_mult': 1.532606351825971}. Best is trial 886 with value: 0.09393993581367453.
[I 2026-05-28 01:20:43,734] Trial 920 finished with value: 0.11535169475482251 and parameters: {'ISTN': 102.73578170385386, 'I_gpe': 0.6923239042237395, 'I_gpi': 2.1065264977807336, 'noise_stn_sigma': 3.324966467348534, 'noise_gpe_sigma': 111.07284941265645, 'noise_gpi_sigma': 124.15515365871741, 'g_stn_gpe_mult': 4.3051820970935495, 'g_gpe_stn_mult': 1.544729719580695, 'g_stn_gpi_mult': 2.8129747843461637, 'g_gpe_gpi_mult': 1.4847596897343427}. Best is trial 886 with value: 0.09393993581367453.
[I 2026-05-28 01:20:44,746] Trial 921 finished with value: 0.11376853033532561 and parameters: {'ISTN': 101.67356863003573, 'I_gpe': 0.6754594930920661, 'I_gpi': 2.0324911274936523, 'noise_stn_sigma': 3.2261132111233426, 'noise_gpe_sigma': 111.09000090351739, 'noise_gpi_sigma': 123.4843125354726, 'g_stn_gpe_mult': 4.319513415656652, 'g_gpe_stn_mult': 1.53853259574772, 'g_stn_gpi_mult': 2.8757760520358975, 'g_gpe_gpi_mult': 1.5209241733556584}. Best is trial 886 with value: 0.09393993581367453.
[I 2026-05-28 01:20:45,757] Trial 922 finished with value: 1.4268869554519026 and parameters: {'ISTN': 102.07593554002199, 'I_gpe': 0.6438058859080901, 'I_gpi': 2.107876047835296, 'noise_stn_sigma': 3.3057209026138095, 'noise_gpe_sigma': 112.53060660546019, 'noise_gpi_sigma': 125.41430961812256, 'g_stn_gpe_mult': 4.3402945634894365, 'g_gpe_stn_mult': 1.5395309048672678, 'g_stn_gpi_mult': 2.8340470101788267, 'g_gpe_gpi_mult': 1.505345090664741}. Best is trial 886 with value: 0.09393993581367453.
[I 2026-05-28 01:20:46,766] Trial 923 finished with value: 0.818233399374825 and parameters: {'ISTN': 101.5963763378524, 'I_gpe': 0.7064813255701153, 'I_gpi': 2.095717814630678, 'noise_stn_sigma': 3.354421404408759, 'noise_gpe_sigma': 116.19828793010319, 'noise_gpi_sigma': 122.77393367396353, 'g_stn_gpe_mult': 4.2629825182993315, 'g_gpe_stn_mult': 1.5194623580495328, 'g_stn_gpi_mult': 2.7737592073348383, 'g_gpe_gpi_mult': 1.5036074794326473}. Best is trial 886 with value: 0.09393993581367453.
