[I 2026-05-28 01:12:40,049] Trial 440 finished with value: 0.19665721473726128 and parameters: {'ISTN': 97.10868976306479, 'I_gpe': 0.7617926840979559, 'I_gpi': 2.1113332154461575, 'noise_stn_sigma': 2.945786546516281, 'noise_gpe_sigma': 94.03879328271115, 'noise_gpi_sigma': 147.2868681460185, 'g_stn_gpe_mult': 3.9626026032538526, 'g_gpe_stn_mult': 1.4714637578012695, 'g_stn_gpi_mult': 2.608375797538579, 'g_gpe_gpi_mult': 1.697617817164531}. Best is trial 415 with value: 0.13570236539494207.
[I 2026-05-28 01:12:41,055] Trial 441 finished with value: 0.19477925033411747 and parameters: {'ISTN': 95.94026171913337, 'I_gpe': 0.721369409557016, 'I_gpi': 2.2644828323611703, 'noise_stn_sigma': 2.5570916172802187, 'noise_gpe_sigma': 96.94072972849155, 'noise_gpi_sigma': 145.88534539782415, 'g_stn_gpe_mult': 4.130477228343096, 'g_gpe_stn_mult': 1.4480294262871707, 'g_stn_gpi_mult': 2.52663507569005, 'g_gpe_gpi_mult': 1.8181932195053776}. Best is trial 415 with value: 0.13570236539494207.
[I 2026-05-28 01:12:42,064] Trial 442 finished with value: 0.14926145616293823 and parameters: {'ISTN': 98.07559276834436, 'I_gpe': 0.7283463082268846, 'I_gpi': 2.1150706395281444, 'noise_stn_sigma': 2.9507986981125462, 'noise_gpe_sigma': 104.62630022794656, 'noise_gpi_sigma': 145.37773785772083, 'g_stn_gpe_mult': 3.8335066895302328, 'g_gpe_stn_mult': 1.4731391615349234, 'g_stn_gpi_mult': 2.6104960547945684, 'g_gpe_gpi_mult': 1.761048550822771}. Best is trial 415 with value: 0.13570236539494207.
[I 2026-05-28 01:12:43,070] Trial 443 finished with value: 1.8896483945722196 and parameters: {'ISTN': 97.14156583575063, 'I_gpe': 0.9103822689260599, 'I_gpi': 2.074067593800258, 'noise_stn_sigma': 3.2201749190470403, 'noise_gpe_sigma': 97.21888023910995, 'noise_gpi_sigma': 149.58247784642535, 'g_stn_gpe_mult': 3.757733587190925, 'g_gpe_stn_mult': 1.4639247343331945, 'g_stn_gpi_mult': 2.434616174108523, 'g_gpe_gpi_mult': 1.7165250417037647}. Best is trial 415 with value: 0.13570236539494207.
[I 2026-05-28 01:12:44,078] Trial 444 finished with value: 0.25183742865293474 and parameters: {'ISTN': 94.71335219818988, 'I_gpe': 0.7924549842144729, 'I_gpi': 2.0984439553517, 'noise_stn_sigma': 3.1080458111272593, 'noise_gpe_sigma': 99.00474670488757, 'noise_gpi_sigma': 144.06798170547438, 'g_stn_gpe_mult': 3.895692476198807, 'g_gpe_stn_mult': 1.4568130820887122, 'g_stn_gpi_mult': 2.7675614880186297, 'g_gpe_gpi_mult': 1.7749604884982721}. Best is trial 415 with value: 0.13570236539494207.
[I 2026-05-28 01:12:45,086] Trial 445 finished with value: 0.9016927163338475 and parameters: {'ISTN': 102.0904343343226, 'I_gpe': 0.9229548965119339, 'I_gpi': 1.9859789886313994, 'noise_stn_sigma': 3.1846412096367365, 'noise_gpe_sigma': 97.27361031103091, 'noise_gpi_sigma': 147.50137108164768, 'g_stn_gpe_mult': 4.022953575369847, 'g_gpe_stn_mult': 1.415020326074854, 'g_stn_gpi_mult': 2.557673006642037, 'g_gpe_gpi_mult': 1.791722990229534}. Best is trial 415 with value: 0.13570236539494207.
[I 2026-05-28 01:12:46,093] Trial 446 finished with value: 0.16477150990302497 and parameters: {'ISTN': 97.84205901719946, 'I_gpe': 0.7656104343244264, 'I_gpi': 2.3109842328567796, 'noise_stn_sigma': 3.2200396417931767, 'noise_gpe_sigma': 99.92276833185662, 'noise_gpi_sigma': 145.0412430249335, 'g_stn_gpe_mult': 3.850373807361308, 'g_gpe_stn_mult': 1.473878869094563, 'g_stn_gpi_mult': 2.708282852689001, 'g_gpe_gpi_mult': 1.7221706149130802}. Best is trial 415 with value: 0.13570236539494207.
[I 2026-05-28 01:12:47,099] Trial 447 finished with value: 0.2178634706348752 and parameters: {'ISTN': 100.63619230446415, 'I_gpe': 0.7249950217779512, 'I_gpi': 2.252510711653845, 'noise_stn_sigma': 2.865936944509695, 'noise_gpe_sigma': 98.15069509107985, 'noise_gpi_sigma': 146.39918486156137, 'g_stn_gpe_mult': 3.988230646852569, 'g_gpe_stn_mult': 1.4892706198649932, 'g_stn_gpi_mult': 2.681886698385231, 'g_gpe_gpi_mult': 1.7485545889137273}. Best is trial 415 with value: 0.13570236539494207.
[I 2026-05-28 01:12:48,105] Trial 448 finished with value: 1.1503188307978063 and parameters: {'ISTN': 99.45929992282166, 'I_gpe': 0.7982469135762088, 'I_gpi': 2.000018726823331, 'noise_stn_sigma': 3.2167247628092843, 'noise_gpe_sigma': 96.48593902861103, 'noise_gpi_sigma': 147.08801877356305, 'g_stn_gpe_mult': 4.0785920510677, 'g_gpe_stn_mult': 1.4692635946630708, 'g_stn_gpi_mult': 2.5780429501254996, 'g_gpe_gpi_mult': 1.8544856407296326}. Best is trial 415 with value: 0.13570236539494207.
[I 2026-05-28 01:12:49,111] Trial 449 finished with value: 0.14662356855337041 and parameters: {'ISTN': 99.91364830086172, 'I_gpe': 0.8399903686046558, 'I_gpi': 2.205674903347679, 'noise_stn_sigma': 3.354045026230804, 'noise_gpe_sigma': 92.64175512408242, 'noise_gpi_sigma': 140.9843175651664, 'g_stn_gpe_mult': 3.9153291409323354, 'g_gpe_stn_mult': 1.4812933699249693, 'g_stn_gpi_mult': 2.555196127382216, 'g_gpe_gpi_mult': 1.7325393455298819}. Best is trial 415 with value: 0.13570236539494207.
[I 2026-05-28 01:12:50,120] Trial 450 finished with value: 0.5111683005219163 and parameters: {'ISTN': 98.08654866032879, 'I_gpe': 0.6564840253301427, 'I_gpi': 2.131011891672296, 'noise_stn_sigma': 3.1202807929326344, 'noise_gpe_sigma': 97.1965189374787, 'noise_gpi_sigma': 141.28090873924333, 'g_stn_gpe_mult': 4.049180416418857, 'g_gpe_stn_mult': 1.541737046393271, 'g_stn_gpi_mult': 2.771619763504407, 'g_gpe_gpi_mult': 1.7741031522162538}. Best is trial 415 with value: 0.13570236539494207.
[I 2026-05-28 01:12:51,129] Trial 451 finished with value: 0.21120351472900964 and parameters: {'ISTN': 96.03200218522093, 'I_gpe': 0.7021293276742429, 'I_gpi': 2.2112664355064227, 'noise_stn_sigma': 3.3407320281692328, 'noise_gpe_sigma': 99.74430538100106, 'noise_gpi_sigma': 139.92790382892022, 'g_stn_gpe_mult': 3.9797736284782346, 'g_gpe_stn_mult': 1.4857493226099718, 'g_stn_gpi_mult': 2.724362934910771, 'g_gpe_gpi_mult': 1.7250951635291938}. Best is trial 415 with value: 0.13570236539494207.
[I 2026-05-28 01:12:52,134] Trial 452 finished with value: 0.2302720435653655 and parameters: {'ISTN': 99.0815010237511, 'I_gpe': 0.8215608056192822, 'I_gpi': 2.2605970210660074, 'noise_stn_sigma': 3.1860349430261343, 'noise_gpe_sigma': 94.03150066480133, 'noise_gpi_sigma': 144.85698227627773, 'g_stn_gpe_mult': 3.7842860351663012, 'g_gpe_stn_mult': 1.4964068775955728, 'g_stn_gpi_mult': 2.6686456221897834, 'g_gpe_gpi_mult': 1.767908379958648}. Best is trial 415 with value: 0.13570236539494207.
[I 2026-05-28 01:12:53,143] Trial 453 finished with value: 0.5215051552426917 and parameters: {'ISTN': 93.88782207460119, 'I_gpe': 0.7228826723392354, 'I_gpi': 2.259438337091975, 'noise_stn_sigma': 3.369780190493441, 'noise_gpe_sigma': 96.49820955383983, 'noise_gpi_sigma': 148.2755375039091, 'g_stn_gpe_mult': 3.974826530193807, 'g_gpe_stn_mult': 1.4785098055679964, 'g_stn_gpi_mult': 2.5595702825998563, 'g_gpe_gpi_mult': 1.7813386630662067}. Best is trial 415 with value: 0.13570236539494207.
[I 2026-05-28 01:12:54,150] Trial 454 finished with value: 0.22249314900977574 and parameters: {'ISTN': 100.00931076500385, 'I_gpe': 0.875040096415731, 'I_gpi': 2.1011555618921602, 'noise_stn_sigma': 3.1894351279059547, 'noise_gpe_sigma': 100.9194349914573, 'noise_gpi_sigma': 146.8857148601079, 'g_stn_gpe_mult': 3.870391058391987, 'g_gpe_stn_mult': 1.4926741543526652, 'g_stn_gpi_mult': 2.5734606491308964, 'g_gpe_gpi_mult': 1.6581305920745464}. Best is trial 415 with value: 0.13570236539494207.
[I 2026-05-28 01:12:55,158] Trial 455 finished with value: 0.25966992528814975 and parameters: {'ISTN': 96.78741151658426, 'I_gpe': 0.7699649369302745, 'I_gpi': 2.4053950637038772, 'noise_stn_sigma': 3.404630764391483, 'noise_gpe_sigma': 100.09301050854106, 'noise_gpi_sigma': 147.97026814901676, 'g_stn_gpe_mult': 3.977640124528993, 'g_gpe_stn_mult': 1.4788457625345872, 'g_stn_gpi_mult': 2.6368954608330935, 'g_gpe_gpi_mult': 1.7677622552871353}. Best is trial 415 with value: 0.13570236539494207.
[I 2026-05-28 01:12:56,167] Trial 456 finished with value: 0.15715385810630994 and parameters: {'ISTN': 100.79306935865063, 'I_gpe': 0.7682865904775775, 'I_gpi': 2.077146664778173, 'noise_stn_sigma': 3.2411322427935048, 'noise_gpe_sigma': 98.839281343284, 'noise_gpi_sigma': 142.30520633581682, 'g_stn_gpe_mult': 4.032606052305225, 'g_gpe_stn_mult': 1.5047574265983443, 'g_stn_gpi_mult': 2.569549411716958, 'g_gpe_gpi_mult': 1.6885536383203739}. Best is trial 415 with value: 0.13570236539494207.
[I 2026-05-28 01:12:57,175] Trial 457 finished with value: 0.1391255634798602 and parameters: {'ISTN': 101.02283386103477, 'I_gpe': 0.7949202496602625, 'I_gpi': 2.0936862528222737, 'noise_stn_sigma': 3.0164492990353424, 'noise_gpe_sigma': 94.44571442530514, 'noise_gpi_sigma': 138.16194458898065, 'g_stn_gpe_mult': 3.8388743905386993, 'g_gpe_stn_mult': 1.5099985913505434, 'g_stn_gpi_mult': 2.51298928880717, 'g_gpe_gpi_mult': 1.7256171211952835}. Best is trial 415 with value: 0.13570236539494207.
[I 2026-05-28 01:12:58,182] Trial 458 finished with value: 0.1644260092209029 and parameters: {'ISTN': 100.16373832316506, 'I_gpe': 0.6763441880100722, 'I_gpi': 2.3342501389762345, 'noise_stn_sigma': 3.2197706233572947, 'noise_gpe_sigma': 98.70028620231629, 'noise_gpi_sigma': 140.08227543842074, 'g_stn_gpe_mult': 3.8041373286842415, 'g_gpe_stn_mult': 1.5118313253082984, 'g_stn_gpi_mult': 2.5020693649359633, 'g_gpe_gpi_mult': 1.7779608776336053}. Best is trial 415 with value: 0.13570236539494207.
[I 2026-05-28 01:12:59,187] Trial 459 finished with value: 0.16912704422254107 and parameters: {'ISTN': 95.48692637714697, 'I_gpe': 0.7901647381528267, 'I_gpi': 2.1833593235187845, 'noise_stn_sigma': 3.341231539809248, 'noise_gpe_sigma': 100.22825899075181, 'noise_gpi_sigma': 145.04972202784063, 'g_stn_gpe_mult': 3.9375936970943335, 'g_gpe_stn_mult': 1.4240201203624514, 'g_stn_gpi_mult': 2.333800969522504, 'g_gpe_gpi_mult': 1.7303029393917786}. Best is trial 415 with value: 0.13570236539494207.
[I 2026-05-28 01:13:00,193] Trial 460 finished with value: 0.16548951168520265 and parameters: {'ISTN': 99.85784691210313, 'I_gpe': 0.8021463803791085, 'I_gpi': 2.272973273482166, 'noise_stn_sigma': 3.1282696493972573, 'noise_gpe_sigma': 96.6713215379058, 'noise_gpi_sigma': 142.2679997788162, 'g_stn_gpe_mult': 4.010250068737617, 'g_gpe_stn_mult': 1.488836816454836, 'g_stn_gpi_mult': 2.587726223967899, 'g_gpe_gpi_mult': 1.778320263103175}. Best is trial 415 with value: 0.13570236539494207.
[I 2026-05-28 01:13:01,201] Trial 461 finished with value: 0.24503306506789307 and parameters: {'ISTN': 98.90669332232684, 'I_gpe': 0.8637794596903132, 'I_gpi': 2.1644144342573406, 'noise_stn_sigma': 3.020744839726538, 'noise_gpe_sigma': 99.4768823645024, 'noise_gpi_sigma': 139.52539299264393, 'g_stn_gpe_mult': 3.878451377847685, 'g_gpe_stn_mult': 1.4791561556075061, 'g_stn_gpi_mult': 2.554905188487836, 'g_gpe_gpi_mult': 1.6742167460885864}. Best is trial 415 with value: 0.13570236539494207.
[I 2026-05-28 01:13:02,208] Trial 462 finished with value: 0.15287601641422022 and parameters: {'ISTN': 101.68315388546216, 'I_gpe': 0.7792440038836096, 'I_gpi': 2.0834909002127224, 'noise_stn_sigma': 3.0196198965836896, 'noise_gpe_sigma': 99.4734335598541, 'noise_gpi_sigma': 138.99748512393592, 'g_stn_gpe_mult': 3.990030554174101, 'g_gpe_stn_mult': 1.5151938659372823, 'g_stn_gpi_mult': 2.545728065557255, 'g_gpe_gpi_mult': 1.6641155934794878}. Best is trial 415 with value: 0.13570236539494207.
[I 2026-05-28 01:13:03,217] Trial 463 finished with value: 0.1602418466548865 and parameters: {'ISTN': 98.5753729052527, 'I_gpe': 0.7545753164537425, 'I_gpi': 2.0622952407361237, 'noise_stn_sigma': 3.287371149251092, 'noise_gpe_sigma': 98.51690992571793, 'noise_gpi_sigma': 140.7007030072327, 'g_stn_gpe_mult': 3.898502533719097, 'g_gpe_stn_mult': 1.4566886588944192, 'g_stn_gpi_mult': 2.487103440035821, 'g_gpe_gpi_mult': 1.6511404888176036}. Best is trial 415 with value: 0.13570236539494207.
[I 2026-05-28 01:13:04,227] Trial 464 finished with value: 0.2160508330047208 and parameters: {'ISTN': 99.07793853351502, 'I_gpe': 0.7496248395515729, 'I_gpi': 2.114408213306884, 'noise_stn_sigma': 2.9378655978792176, 'noise_gpe_sigma': 97.73141761343871, 'noise_gpi_sigma': 140.37632207336748, 'g_stn_gpe_mult': 3.900711639932934, 'g_gpe_stn_mult': 1.5115598481787382, 'g_stn_gpi_mult': 2.7207478825134515, 'g_gpe_gpi_mult': 1.6667219300760276}. Best is trial 415 with value: 0.13570236539494207.
[I 2026-05-28 01:13:05,231] Trial 465 finished with value: 5.542020053778964 and parameters: {'ISTN': 101.80837019907774, 'I_gpe': 0.7636788905189289, 'I_gpi': 2.2357667756375834, 'noise_stn_sigma': 3.0298690540384903, 'noise_gpe_sigma': 98.4407659484177, 'noise_gpi_sigma': 138.79974870732372, 'g_stn_gpe_mult': 3.9460664829624843, 'g_gpe_stn_mult': 1.5023115619660563, 'g_stn_gpi_mult': 2.6005626371617843, 'g_gpe_gpi_mult': 1.6680964461907652}. Best is trial 415 with value: 0.13570236539494207.
[I 2026-05-28 01:13:06,241] Trial 466 finished with value: 2.3704587080226744 and parameters: {'ISTN': 100.68751925954561, 'I_gpe': 0.8625558382575241, 'I_gpi': 2.121002079072524, 'noise_stn_sigma': 3.0874058142005376, 'noise_gpe_sigma': 96.52754477271746, 'noise_gpi_sigma': 139.56078046184913, 'g_stn_gpe_mult': 3.932481887958191, 'g_gpe_stn_mult': 1.4683403477237857, 'g_stn_gpi_mult': 2.3415309753681535, 'g_gpe_gpi_mult': 1.6271919446058396}. Best is trial 415 with value: 0.13570236539494207.
[I 2026-05-28 01:13:07,247] Trial 467 finished with value: 0.4493577919027926 and parameters: {'ISTN': 98.83985205573026, 'I_gpe': 0.8553232323669648, 'I_gpi': 2.292991611960974, 'noise_stn_sigma': 3.2115922667366945, 'noise_gpe_sigma': 93.12742186450741, 'noise_gpi_sigma': 142.9479593750004, 'g_stn_gpe_mult': 3.931260250033689, 'g_gpe_stn_mult': 1.5030223514002061, 'g_stn_gpi_mult': 2.6982508417879703, 'g_gpe_gpi_mult': 1.8023057198772465}. Best is trial 415 with value: 0.13570236539494207.
[I 2026-05-28 01:13:08,252] Trial 468 finished with value: 0.16016870921184762 and parameters: {'ISTN': 100.37478209985298, 'I_gpe': 0.7897612879344511, 'I_gpi': 2.0245363264990464, 'noise_stn_sigma': 3.17406034217474, 'noise_gpe_sigma': 96.5167454024237, 'noise_gpi_sigma': 140.94018450439873, 'g_stn_gpe_mult': 4.04918042924225, 'g_gpe_stn_mult': 1.4871919297273797, 'g_stn_gpi_mult': 2.61019466519274, 'g_gpe_gpi_mult': 1.7643712030440866}. Best is trial 415 with value: 0.13570236539494207.
[I 2026-05-28 01:13:09,259] Trial 469 finished with value: 0.7279666133461364 and parameters: {'ISTN': 99.53223484892033, 'I_gpe': 0.8685258244028531, 'I_gpi': 2.148638505993124, 'noise_stn_sigma': 3.2367075223806694, 'noise_gpe_sigma': 98.02124586421375, 'noise_gpi_sigma': 140.17740441851726, 'g_stn_gpe_mult': 3.9139431000058553, 'g_gpe_stn_mult': 1.4823807546925598, 'g_stn_gpi_mult': 2.5665952144575988, 'g_gpe_gpi_mult': 1.7338511438209918}. Best is trial 415 with value: 0.13570236539494207.
[I 2026-05-28 01:13:10,265] Trial 470 finished with value: 0.19762627125502208 and parameters: {'ISTN': 101.68973279410476, 'I_gpe': 0.8280717483835742, 'I_gpi': 2.0464884641472754, 'noise_stn_sigma': 3.174999862322188, 'noise_gpe_sigma': 94.46484918408804, 'noise_gpi_sigma': 144.66099001391999, 'g_stn_gpe_mult': 3.899100354875265, 'g_gpe_stn_mult': 1.486084610797658, 'g_stn_gpi_mult': 2.5717855556059352, 'g_gpe_gpi_mult': 1.7363662620319076}. Best is trial 415 with value: 0.13570236539494207.
[I 2026-05-28 01:13:11,274] Trial 471 finished with value: 0.20012989168507594 and parameters: {'ISTN': 102.96598784103995, 'I_gpe': 0.7946382367184578, 'I_gpi': 1.9448280643971354, 'noise_stn_sigma': 3.296059653973219, 'noise_gpe_sigma': 100.43040085468087, 'noise_gpi_sigma': 143.26479782776462, 'g_stn_gpe_mult': 3.9449473397755344, 'g_gpe_stn_mult': 1.5350324683751957, 'g_stn_gpi_mult': 2.546930700806259, 'g_gpe_gpi_mult': 1.6364762313444703}. Best is trial 415 with value: 0.13570236539494207.
[I 2026-05-28 01:13:12,280] Trial 472 finished with value: 0.14927024935557245 and parameters: {'ISTN': 101.69400207267478, 'I_gpe': 0.7941753144408572, 'I_gpi': 2.1606322310663937, 'noise_stn_sigma': 3.3437595484147073, 'noise_gpe_sigma': 96.98952866235504, 'noise_gpi_sigma': 139.31845088091205, 'g_stn_gpe_mult': 4.027593671363041, 'g_gpe_stn_mult': 1.5165215673659818, 'g_stn_gpi_mult': 2.655575244473623, 'g_gpe_gpi_mult': 1.6321187509842014}. Best is trial 415 with value: 0.13570236539494207.
[I 2026-05-28 01:13:13,287] Trial 473 finished with value: 0.1566492043242252 and parameters: {'ISTN': 98.82288349488752, 'I_gpe': 0.7102327763955305, 'I_gpi': 2.0430175062138742, 'noise_stn_sigma': 2.7935246355336507, 'noise_gpe_sigma': 99.99861079683815, 'noise_gpi_sigma': 144.6235268145895, 'g_stn_gpe_mult': 4.05027574596363, 'g_gpe_stn_mult': 1.4838460915077376, 'g_stn_gpi_mult': 2.5373315405472376, 'g_gpe_gpi_mult': 1.7511031572530469}. Best is trial 415 with value: 0.13570236539494207.
[I 2026-05-28 01:13:14,294] Trial 474 finished with value: 0.21629592466413722 and parameters: {'ISTN': 103.97500108736135, 'I_gpe': 0.7962631254815616, 'I_gpi': 1.9206266746192717, 'noise_stn_sigma': 3.2740983590953343, 'noise_gpe_sigma': 95.54095226156316, 'noise_gpi_sigma': 137.6891492938011, 'g_stn_gpe_mult': 3.715419046112616, 'g_gpe_stn_mult': 1.5547736836799293, 'g_stn_gpi_mult': 2.667328411805836, 'g_gpe_gpi_mult': 1.6684712507719572}. Best is trial 415 with value: 0.13570236539494207.
[I 2026-05-28 01:13:15,302] Trial 475 finished with value: 0.1750355880562634 and parameters: {'ISTN': 98.74516831061715, 'I_gpe': 0.7543554317488947, 'I_gpi': 1.9699166925159814, 'noise_stn_sigma': 3.150977493684372, 'noise_gpe_sigma': 99.02895785296539, 'noise_gpi_sigma': 142.53727689623582, 'g_stn_gpe_mult': 4.0691996232124215, 'g_gpe_stn_mult': 1.4800395588096757, 'g_stn_gpi_mult': 2.6842775808871893, 'g_gpe_gpi_mult': 1.8162425200367214}. Best is trial 415 with value: 0.13570236539494207.
[I 2026-05-28 01:13:16,307] Trial 476 finished with value: 4.45670313805268 and parameters: {'ISTN': 100.07661608138125, 'I_gpe': 0.8085424580968159, 'I_gpi': 2.00111738657382, 'noise_stn_sigma': 3.369373985487987, 'noise_gpe_sigma': 98.4597303925583, 'noise_gpi_sigma': 142.31749148272178, 'g_stn_gpe_mult': 3.7665203180493143, 'g_gpe_stn_mult': 1.4786479438503366, 'g_stn_gpi_mult': 2.585373189950671, 'g_gpe_gpi_mult': 1.7219859744048263}. Best is trial 415 with value: 0.13570236539494207.
[I 2026-05-28 01:13:17,317] Trial 477 finished with value: 0.16586073638818435 and parameters: {'ISTN': 102.14059826991067, 'I_gpe': 0.7760168710642783, 'I_gpi': 2.12875335757782, 'noise_stn_sigma': 3.031809600821378, 'noise_gpe_sigma': 97.7487173454181, 'noise_gpi_sigma': 142.09780266362188, 'g_stn_gpe_mult': 3.8862939663194305, 'g_gpe_stn_mult': 1.4989024282881516, 'g_stn_gpi_mult': 2.62472713229663, 'g_gpe_gpi_mult': 1.7166063746562936}. Best is trial 415 with value: 0.13570236539494207.
[I 2026-05-28 01:13:18,327] Trial 478 finished with value: 0.16044265308252867 and parameters: {'ISTN': 99.40419052183567, 'I_gpe': 0.6905510098967351, 'I_gpi': 1.9853165539511848, 'noise_stn_sigma': 3.250995396574787, 'noise_gpe_sigma': 97.42720194903417, 'noise_gpi_sigma': 141.02038688357231, 'g_stn_gpe_mult': 4.043490342064796, 'g_gpe_stn_mult': 1.502899792814648, 'g_stn_gpi_mult': 2.5378362344737053, 'g_gpe_gpi_mult': 1.712547231697501}. Best is trial 415 with value: 0.13570236539494207.
[I 2026-05-28 01:13:19,334] Trial 479 finished with value: 0.8854723068492368 and parameters: {'ISTN': 100.82639490730475, 'I_gpe': 0.7569993610805581, 'I_gpi': 2.2367406673935353, 'noise_stn_sigma': 3.067984756403589, 'noise_gpe_sigma': 98.11449624588249, 'noise_gpi_sigma': 135.74956178097284, 'g_stn_gpe_mult': 3.972554632082181, 'g_gpe_stn_mult': 1.5013949723274205, 'g_stn_gpi_mult': 2.5529227536562082, 'g_gpe_gpi_mult': 1.6770213195729728}. Best is trial 415 with value: 0.13570236539494207.
[I 2026-05-28 01:13:20,342] Trial 480 finished with value: 0.14434227882901546 and parameters: {'ISTN': 99.6017495730267, 'I_gpe': 0.81768879776217, 'I_gpi': 1.9923943317035775, 'noise_stn_sigma': 3.023584347220926, 'noise_gpe_sigma': 99.69843701329467, 'noise_gpi_sigma': 139.90746910344876, 'g_stn_gpe_mult': 3.9127327159705625, 'g_gpe_stn_mult': 1.452484117661036, 'g_stn_gpi_mult': 2.5340540728387837, 'g_gpe_gpi_mult': 1.7290264934731034}. Best is trial 415 with value: 0.13570236539494207.
[I 2026-05-28 01:13:21,351] Trial 481 finished with value: 0.16929434179381497 and parameters: {'ISTN': 98.73196175068311, 'I_gpe': 0.6336594855867987, 'I_gpi': 2.0278089702612725, 'noise_stn_sigma': 3.0108372357526383, 'noise_gpe_sigma': 102.88216256435373, 'noise_gpi_sigma': 137.79080581875297, 'g_stn_gpe_mult': 3.9056901007589384, 'g_gpe_stn_mult': 1.5150482288142233, 'g_stn_gpi_mult': 2.514474845452095, 'g_gpe_gpi_mult': 1.6523969512607966}. Best is trial 415 with value: 0.13570236539494207.
[I 2026-05-28 01:13:22,358] Trial 482 finished with value: 0.41096744833735405 and parameters: {'ISTN': 100.4914523246419, 'I_gpe': 0.7249005405553332, 'I_gpi': 2.073417615712212, 'noise_stn_sigma': 2.9169727764249895, 'noise_gpe_sigma': 99.42551054811476, 'noise_gpi_sigma': 144.06202855788746, 'g_stn_gpe_mult': 4.009410917311383, 'g_gpe_stn_mult': 1.4922044669591732, 'g_stn_gpi_mult': 2.5844568200256886, 'g_gpe_gpi_mult': 1.6808534348683701}. Best is trial 415 with value: 0.13570236539494207.
[I 2026-05-28 01:13:23,366] Trial 483 finished with value: 0.22849649180525414 and parameters: {'ISTN': 98.36045373885972, 'I_gpe': 0.7871727678798426, 'I_gpi': 2.1022595292058175, 'noise_stn_sigma': 3.4149689441850533, 'noise_gpe_sigma': 96.1926231339054, 'noise_gpi_sigma': 140.5834782184229, 'g_stn_gpe_mult': 3.9570559551161812, 'g_gpe_stn_mult': 1.4573660891934705, 'g_stn_gpi_mult': 2.5515635009220943, 'g_gpe_gpi_mult': 1.7486910158706828}. Best is trial 415 with value: 0.13570236539494207.
