[I 2026-05-28 01:04:33,447] Trial 968 finished with value: 0.8162805732441119 and parameters: {'ISTN': 72.38608180242149, 'I_gpe': 0.8562354965091719, 'I_gpi': 2.1782583550196444, 'noise_stn_sigma': 4.639237538788576, 'noise_gpe_sigma': 95.66589669165364, 'noise_gpi_sigma': 70.19315472965783, 'g_stn_gpe_mult': 1.596409150246378, 'g_gpe_stn_mult': 0.28024144543576596, 'g_stn_gpi_mult': 2.2175682662712886, 'g_gpe_gpi_mult': 0.837978045988538}. Best is trial 119 with value: 0.2337670588460598.
[I 2026-05-28 01:04:34,462] Trial 969 finished with value: 0.8808118733350717 and parameters: {'ISTN': 72.63772014593131, 'I_gpe': 0.8397491498278957, 'I_gpi': 2.1465867354150507, 'noise_stn_sigma': 5.066159241949949, 'noise_gpe_sigma': 91.95983334259296, 'noise_gpi_sigma': 70.00377312623904, 'g_stn_gpe_mult': 1.721883269551603, 'g_gpe_stn_mult': 0.2775930561798196, 'g_stn_gpi_mult': 2.3193918556802657, 'g_gpe_gpi_mult': 0.8320354996376444}. Best is trial 119 with value: 0.2337670588460598.
[I 2026-05-28 01:04:35,472] Trial 970 finished with value: 4.957976053194981 and parameters: {'ISTN': 71.66610908069995, 'I_gpe': 0.8095766986036931, 'I_gpi': 2.0782822201532527, 'noise_stn_sigma': 4.655637374026719, 'noise_gpe_sigma': 92.49250857375172, 'noise_gpi_sigma': 63.36950178390229, 'g_stn_gpe_mult': 1.6794570848275758, 'g_gpe_stn_mult': 0.26277735567032956, 'g_stn_gpi_mult': 2.2495205227713964, 'g_gpe_gpi_mult': 0.8823856397936138}. Best is trial 119 with value: 0.2337670588460598.
[I 2026-05-28 01:04:36,483] Trial 971 finished with value: 0.8263395393003926 and parameters: {'ISTN': 72.57763178948977, 'I_gpe': 0.8227528388274389, 'I_gpi': 2.0729359713181568, 'noise_stn_sigma': 4.433980457915085, 'noise_gpe_sigma': 97.60774342493795, 'noise_gpi_sigma': 65.64649185846181, 'g_stn_gpe_mult': 1.5960704830346628, 'g_gpe_stn_mult': 0.2736242947943291, 'g_stn_gpi_mult': 2.2337759366307877, 'g_gpe_gpi_mult': 0.8079906418293297}. Best is trial 119 with value: 0.2337670588460598.
[I 2026-05-28 01:04:37,494] Trial 972 finished with value: 0.8248237591920995 and parameters: {'ISTN': 72.66343501469656, 'I_gpe': 0.876569818787384, 'I_gpi': 2.1277064055430106, 'noise_stn_sigma': 4.842224031920599, 'noise_gpe_sigma': 94.94609333475273, 'noise_gpi_sigma': 69.73659752769109, 'g_stn_gpe_mult': 1.5067821392038303, 'g_gpe_stn_mult': 0.2661385919106742, 'g_stn_gpi_mult': 2.114153848592598, 'g_gpe_gpi_mult': 0.8332839195294888}. Best is trial 119 with value: 0.2337670588460598.
[I 2026-05-28 01:04:38,507] Trial 973 finished with value: 0.9108164525569244 and parameters: {'ISTN': 72.6228968676217, 'I_gpe': 0.8662574950866008, 'I_gpi': 2.155608287206034, 'noise_stn_sigma': 4.612792617097799, 'noise_gpe_sigma': 98.97035159242378, 'noise_gpi_sigma': 65.78354857567723, 'g_stn_gpe_mult': 1.5820637391392582, 'g_gpe_stn_mult': 0.2975057282459088, 'g_stn_gpi_mult': 2.214767309853256, 'g_gpe_gpi_mult': 0.8166982519899624}. Best is trial 119 with value: 0.2337670588460598.
[I 2026-05-28 01:04:39,516] Trial 974 finished with value: 5.252237797274517 and parameters: {'ISTN': 71.3360319182273, 'I_gpe': 0.8391476283471491, 'I_gpi': 2.4328250724904703, 'noise_stn_sigma': 4.400106017914612, 'noise_gpe_sigma': 95.63760177157917, 'noise_gpi_sigma': 68.6225903944824, 'g_stn_gpe_mult': 1.506724596050621, 'g_gpe_stn_mult': 0.33647077030839434, 'g_stn_gpi_mult': 2.0872820667027074, 'g_gpe_gpi_mult': 0.7650547517098079}. Best is trial 119 with value: 0.2337670588460598.
[I 2026-05-28 01:04:40,527] Trial 975 finished with value: 1.2144799932323975 and parameters: {'ISTN': 72.00843014066463, 'I_gpe': 0.8970962635175139, 'I_gpi': 2.216131304606475, 'noise_stn_sigma': 4.9342336393084025, 'noise_gpe_sigma': 94.81043945114256, 'noise_gpi_sigma': 68.7393893920665, 'g_stn_gpe_mult': 1.5377839464654905, 'g_gpe_stn_mult': 0.27062959779622603, 'g_stn_gpi_mult': 2.2091835807227884, 'g_gpe_gpi_mult': 0.8337382436807232}. Best is trial 119 with value: 0.2337670588460598.
[I 2026-05-28 01:04:41,536] Trial 976 finished with value: 1.5382950379727598 and parameters: {'ISTN': 73.08474329128057, 'I_gpe': 0.8802471445177587, 'I_gpi': 2.1294601011494363, 'noise_stn_sigma': 4.731671561285839, 'noise_gpe_sigma': 98.53758242389274, 'noise_gpi_sigma': 67.05563748377526, 'g_stn_gpe_mult': 1.5523326337851593, 'g_gpe_stn_mult': 0.2593446657905514, 'g_stn_gpi_mult': 2.3007363000136865, 'g_gpe_gpi_mult': 0.8639637357464631}. Best is trial 119 with value: 0.2337670588460598.
[I 2026-05-28 01:04:42,546] Trial 977 finished with value: 1.193647203405511 and parameters: {'ISTN': 71.79260219916495, 'I_gpe': 0.9287800373692803, 'I_gpi': 1.9671511553484873, 'noise_stn_sigma': 4.910096226444579, 'noise_gpe_sigma': 93.63366574036154, 'noise_gpi_sigma': 67.41057148856552, 'g_stn_gpe_mult': 1.5482191439720578, 'g_gpe_stn_mult': 0.2637112598244262, 'g_stn_gpi_mult': 2.24380922262893, 'g_gpe_gpi_mult': 0.811904265405549}. Best is trial 119 with value: 0.2337670588460598.
[I 2026-05-28 01:04:43,555] Trial 978 finished with value: 0.8737672043134181 and parameters: {'ISTN': 74.38140480148789, 'I_gpe': 0.8485924938046647, 'I_gpi': 1.970520665041131, 'noise_stn_sigma': 4.946911321218192, 'noise_gpe_sigma': 97.65817959450105, 'noise_gpi_sigma': 68.78313939752007, 'g_stn_gpe_mult': 1.6778502003086568, 'g_gpe_stn_mult': 0.24478471140394617, 'g_stn_gpi_mult': 2.2382445404137714, 'g_gpe_gpi_mult': 0.8535152084134638}. Best is trial 119 with value: 0.2337670588460598.
[I 2026-05-28 01:04:44,565] Trial 979 finished with value: 1.2614484539763149 and parameters: {'ISTN': 71.35358292095219, 'I_gpe': 0.850042140588463, 'I_gpi': 2.267415110568452, 'noise_stn_sigma': 4.743169763468844, 'noise_gpe_sigma': 100.05169900052601, 'noise_gpi_sigma': 69.15105175925683, 'g_stn_gpe_mult': 1.6465733904250803, 'g_gpe_stn_mult': 0.28904260709635377, 'g_stn_gpi_mult': 2.2150771327389194, 'g_gpe_gpi_mult': 0.8082188454036174}. Best is trial 119 with value: 0.2337670588460598.
[I 2026-05-28 01:04:45,576] Trial 980 finished with value: 0.8568530327453772 and parameters: {'ISTN': 71.51821402341733, 'I_gpe': 0.9292177050253323, 'I_gpi': 2.1134865739161883, 'noise_stn_sigma': 4.986165489727352, 'noise_gpe_sigma': 92.93019741087775, 'noise_gpi_sigma': 68.21992390977232, 'g_stn_gpe_mult': 1.630393422645939, 'g_gpe_stn_mult': 0.30053932895057855, 'g_stn_gpi_mult': 2.270667391438093, 'g_gpe_gpi_mult': 0.7996740197934915}. Best is trial 119 with value: 0.2337670588460598.
[I 2026-05-28 01:04:46,588] Trial 981 finished with value: 8.101392319574595 and parameters: {'ISTN': 70.44736343908566, 'I_gpe': 0.8094358371423257, 'I_gpi': 2.1022244994927437, 'noise_stn_sigma': 4.574334005332672, 'noise_gpe_sigma': 92.62719312293814, 'noise_gpi_sigma': 69.3643302098364, 'g_stn_gpe_mult': 1.5764589798325237, 'g_gpe_stn_mult': 0.28175579631128933, 'g_stn_gpi_mult': 2.105202470768373, 'g_gpe_gpi_mult': 0.8503838346543637}. Best is trial 119 with value: 0.2337670588460598.
[I 2026-05-28 01:04:47,600] Trial 982 finished with value: 1.7121858510031207 and parameters: {'ISTN': 73.27842521106477, 'I_gpe': 0.9104895320976398, 'I_gpi': 1.919317684524081, 'noise_stn_sigma': 4.506260904809221, 'noise_gpe_sigma': 99.92326892034583, 'noise_gpi_sigma': 64.02644052957427, 'g_stn_gpe_mult': 1.647587932380402, 'g_gpe_stn_mult': 0.2490118921373712, 'g_stn_gpi_mult': 2.160593954132098, 'g_gpe_gpi_mult': 0.8714195088687191}. Best is trial 119 with value: 0.2337670588460598.
[I 2026-05-28 01:04:48,611] Trial 983 finished with value: 1.0190501172268354 and parameters: {'ISTN': 72.81599685427945, 'I_gpe': 0.9781250724702188, 'I_gpi': 2.1044461557293643, 'noise_stn_sigma': 5.008480306979541, 'noise_gpe_sigma': 90.86855593537973, 'noise_gpi_sigma': 67.71576434498027, 'g_stn_gpe_mult': 1.604970168575178, 'g_gpe_stn_mult': 0.2750435568661208, 'g_stn_gpi_mult': 2.311922547294889, 'g_gpe_gpi_mult': 0.812787083703282}. Best is trial 119 with value: 0.2337670588460598.
[I 2026-05-28 01:04:49,622] Trial 984 finished with value: 1.3373522483318663 and parameters: {'ISTN': 72.24041257543558, 'I_gpe': 0.921653923307294, 'I_gpi': 2.1490497348986133, 'noise_stn_sigma': 4.946376272978944, 'noise_gpe_sigma': 92.10656523910002, 'noise_gpi_sigma': 66.8983058911092, 'g_stn_gpe_mult': 1.6226709139312159, 'g_gpe_stn_mult': 0.2644611676881714, 'g_stn_gpi_mult': 2.2779204497171532, 'g_gpe_gpi_mult': 0.855663892409743}. Best is trial 119 with value: 0.2337670588460598.
[I 2026-05-28 01:04:50,634] Trial 985 finished with value: 2.5782430238060905 and parameters: {'ISTN': 71.50207955536084, 'I_gpe': 0.8608594857727423, 'I_gpi': 2.0084987880889162, 'noise_stn_sigma': 4.467275071430841, 'noise_gpe_sigma': 93.50798872453413, 'noise_gpi_sigma': 71.37875004653907, 'g_stn_gpe_mult': 1.5184473210517415, 'g_gpe_stn_mult': 0.2767263734135096, 'g_stn_gpi_mult': 2.0495553402172946, 'g_gpe_gpi_mult': 0.8023599430729391}. Best is trial 119 with value: 0.2337670588460598.
[I 2026-05-28 01:04:51,644] Trial 986 finished with value: 0.8458874771986551 and parameters: {'ISTN': 72.87229060004091, 'I_gpe': 0.8700914661038611, 'I_gpi': 2.0102362173521255, 'noise_stn_sigma': 4.775157931101733, 'noise_gpe_sigma': 96.12872918273207, 'noise_gpi_sigma': 68.18357970766353, 'g_stn_gpe_mult': 1.580682122015406, 'g_gpe_stn_mult': 0.27382826441741936, 'g_stn_gpi_mult': 2.274938349025539, 'g_gpe_gpi_mult': 0.7994628416014293}. Best is trial 119 with value: 0.2337670588460598.
[I 2026-05-28 01:04:52,656] Trial 987 finished with value: 0.8618351992592793 and parameters: {'ISTN': 72.37831885393537, 'I_gpe': 0.8061310280062786, 'I_gpi': 2.2033554897897853, 'noise_stn_sigma': 4.63101648110414, 'noise_gpe_sigma': 95.99279251872606, 'noise_gpi_sigma': 70.5327040189535, 'g_stn_gpe_mult': 1.548754235402714, 'g_gpe_stn_mult': 0.28692177526534357, 'g_stn_gpi_mult': 2.078190109628305, 'g_gpe_gpi_mult': 0.7776112551639323}. Best is trial 119 with value: 0.2337670588460598.
[I 2026-05-28 01:04:53,670] Trial 988 finished with value: 0.8173543064912028 and parameters: {'ISTN': 72.73397483861157, 'I_gpe': 0.9399513268499357, 'I_gpi': 2.1401958756745048, 'noise_stn_sigma': 4.770596338380544, 'noise_gpe_sigma': 93.36658712419998, 'noise_gpi_sigma': 67.35286700789351, 'g_stn_gpe_mult': 1.5767277171585101, 'g_gpe_stn_mult': 0.2553176223674494, 'g_stn_gpi_mult': 2.322882175319761, 'g_gpe_gpi_mult': 0.8517396920496234}. Best is trial 119 with value: 0.2337670588460598.
[I 2026-05-28 01:04:54,681] Trial 989 finished with value: 0.804177434064407 and parameters: {'ISTN': 71.9449077157417, 'I_gpe': 0.9280629720485576, 'I_gpi': 1.9192704572048693, 'noise_stn_sigma': 4.697520895721763, 'noise_gpe_sigma': 91.77090130002681, 'noise_gpi_sigma': 70.90882019658521, 'g_stn_gpe_mult': 1.5531084883705832, 'g_gpe_stn_mult': 0.28668560939478416, 'g_stn_gpi_mult': 1.9603160332934397, 'g_gpe_gpi_mult': 0.7807283637568458}. Best is trial 119 with value: 0.2337670588460598.
[I 2026-05-28 01:04:55,690] Trial 990 finished with value: 1.0116307860619393 and parameters: {'ISTN': 72.36916788058633, 'I_gpe': 0.7893875791530358, 'I_gpi': 1.9602792188701836, 'noise_stn_sigma': 4.51171640815296, 'noise_gpe_sigma': 97.4538857116799, 'noise_gpi_sigma': 64.63196261996293, 'g_stn_gpe_mult': 1.5730122966491156, 'g_gpe_stn_mult': 0.2848600996270664, 'g_stn_gpi_mult': 2.116688671596214, 'g_gpe_gpi_mult': 0.8362832290400237}. Best is trial 119 with value: 0.2337670588460598.
[I 2026-05-28 01:04:56,699] Trial 991 finished with value: 0.8028331521217896 and parameters: {'ISTN': 71.64837165946673, 'I_gpe': 0.8919640154813058, 'I_gpi': 2.1349940516837487, 'noise_stn_sigma': 4.933307630494268, 'noise_gpe_sigma': 91.55709517347361, 'noise_gpi_sigma': 74.94333278068332, 'g_stn_gpe_mult': 1.66959391341908, 'g_gpe_stn_mult': 0.2876720270691304, 'g_stn_gpi_mult': 2.1171722402790625, 'g_gpe_gpi_mult': 0.7425385060646461}. Best is trial 119 with value: 0.2337670588460598.
[I 2026-05-28 01:04:57,710] Trial 992 finished with value: 6.022037499906881 and parameters: {'ISTN': 71.62778570173487, 'I_gpe': 1.042698087112396, 'I_gpi': 1.947959460363049, 'noise_stn_sigma': 5.173760075732649, 'noise_gpe_sigma': 89.42864386462253, 'noise_gpi_sigma': 68.0032658413891, 'g_stn_gpe_mult': 1.5000724781177253, 'g_gpe_stn_mult': 0.26479736124872943, 'g_stn_gpi_mult': 2.297575608484032, 'g_gpe_gpi_mult': 0.7968144007849889}. Best is trial 119 with value: 0.2337670588460598.
[I 2026-05-28 01:04:58,719] Trial 993 finished with value: 0.8544129078262919 and parameters: {'ISTN': 73.6087347182259, 'I_gpe': 0.8686989301438641, 'I_gpi': 1.895930502274997, 'noise_stn_sigma': 4.409900956430766, 'noise_gpe_sigma': 97.95131703578511, 'noise_gpi_sigma': 68.63809482401324, 'g_stn_gpe_mult': 1.6837775729764082, 'g_gpe_stn_mult': 0.26499562495288154, 'g_stn_gpi_mult': 2.1211345650637425, 'g_gpe_gpi_mult': 0.858375445547447}. Best is trial 119 with value: 0.2337670588460598.
[I 2026-05-28 01:04:59,729] Trial 994 finished with value: 1.3529328754108532 and parameters: {'ISTN': 75.20458807363978, 'I_gpe': 0.9615630765493723, 'I_gpi': 1.733845521350653, 'noise_stn_sigma': 5.11181566437205, 'noise_gpe_sigma': 96.12271133058502, 'noise_gpi_sigma': 69.91751215342721, 'g_stn_gpe_mult': 1.5806848234265478, 'g_gpe_stn_mult': 0.25286510233512755, 'g_stn_gpi_mult': 2.154024540437057, 'g_gpe_gpi_mult': 0.7950826752237921}. Best is trial 119 with value: 0.2337670588460598.
[I 2026-05-28 01:05:00,741] Trial 995 finished with value: 1.6509361932162674 and parameters: {'ISTN': 72.18268969414376, 'I_gpe': 0.9287734051359133, 'I_gpi': 2.000890256235188, 'noise_stn_sigma': 4.612904352690946, 'noise_gpe_sigma': 94.0140735149692, 'noise_gpi_sigma': 67.87667866056384, 'g_stn_gpe_mult': 1.5076996339999946, 'g_gpe_stn_mult': 0.2606939573473833, 'g_stn_gpi_mult': 2.1588125914158938, 'g_gpe_gpi_mult': 0.8209721440186357}. Best is trial 119 with value: 0.2337670588460598.
[I 2026-05-28 01:05:01,753] Trial 996 finished with value: 4.89747592077103 and parameters: {'ISTN': 71.38969329918189, 'I_gpe': 0.8839794294774376, 'I_gpi': 1.9755322693146251, 'noise_stn_sigma': 4.533364912651004, 'noise_gpe_sigma': 95.8676923948836, 'noise_gpi_sigma': 68.81107588506626, 'g_stn_gpe_mult': 1.6520558072892142, 'g_gpe_stn_mult': 0.26604074350199663, 'g_stn_gpi_mult': 2.0567299458747454, 'g_gpe_gpi_mult': 0.8291742080187783}. Best is trial 119 with value: 0.2337670588460598.
[I 2026-05-28 01:05:02,765] Trial 997 finished with value: 0.839994949120707 and parameters: {'ISTN': 73.20729026387129, 'I_gpe': 0.9312149303822668, 'I_gpi': 1.792738204897245, 'noise_stn_sigma': 4.618179805634727, 'noise_gpe_sigma': 95.11698845377401, 'noise_gpi_sigma': 71.20916159301257, 'g_stn_gpe_mult': 1.5006041924516378, 'g_gpe_stn_mult': 0.2715471574358772, 'g_stn_gpi_mult': 2.071741492592583, 'g_gpe_gpi_mult': 0.7750606344591628}. Best is trial 119 with value: 0.2337670588460598.
[I 2026-05-28 01:05:03,716] Trial 998 finished with value: 1000000.0 and parameters: {'ISTN': 71.4526679456498, 'I_gpe': 0.8600044903339472, 'I_gpi': 2.102299232667715, 'noise_stn_sigma': 4.553400831565671, 'noise_gpe_sigma': 96.20612026886285, 'noise_gpi_sigma': 68.30113787712672, 'g_stn_gpe_mult': 1.724984671407297, 'g_gpe_stn_mult': 0.278669212484852, 'g_stn_gpi_mult': 2.164371578923742, 'g_gpe_gpi_mult': 0.7597209486759195}. Best is trial 119 with value: 0.2337670588460598.
[I 2026-05-28 01:05:04,727] Trial 999 finished with value: 1.225659175768034 and parameters: {'ISTN': 71.56660810935946, 'I_gpe': 0.9362102684560448, 'I_gpi': 1.7750696297308532, 'noise_stn_sigma': 4.422429578991663, 'noise_gpe_sigma': 97.1686435716365, 'noise_gpi_sigma': 67.02326712108433, 'g_stn_gpe_mult': 1.5393592325704577, 'g_gpe_stn_mult': 0.288848207092367, 'g_stn_gpi_mult': 2.014508708364608, 'g_gpe_gpi_mult': 0.8113748860346113}. Best is trial 119 with value: 0.2337670588460598.
Condition: bounds_paper
Seed: 42, Trials: 1000
Bounds:
  ISTN: [60.0, 150.0]
  I_gpe: [0.5, 4.0]
  I_gpi: [1.0, 5.0]
  noise_stn_sigma: [1.0, 8.0]
  noise_gpe_sigma: [20.0, 150.0]
  noise_gpi_sigma: [20.0, 150.0]
  g_stn_gpe_mult: [1.5, 5.0]
  g_gpe_stn_mult: [0.1, 0.8]
  g_stn_gpi_mult: [1.0, 4.0]
  g_gpe_gpi_mult: [0.2, 1.2]
Weights: {'rate': 5.0, 'cv': 0.2, 'beta': 15.0}
JAX devices: [CudaDevice(id=0)]

Building simulator...
Warming up JIT...
JIT ready.


============================================================
DONE: bounds_paper (seed=42)
  Time: 16.9 min
  Best loss: 0.2338
  STN: 30.2 Hz (target 27.5)
  GPe: 46.0 Hz (target 42.5)
  GPi: 88.7 Hz (target 82.5)
  GPe beta: 38.9%
  STN beta: 50.0%
  Synaptic multipliers:
    g_stn_gpe_mult: 3.899
    g_gpe_stn_mult: 0.175
    g_stn_gpi_mult: 2.578
    g_gpe_gpi_mult: 0.897
  Saved: results/sensitivity/bounds/paper.pkl
