[I 2026-05-28 00:48:13,497] A new study created in memory with name: sensitivity_bounds_paper
[I 2026-05-28 00:48:15,976] Trial 0 finished with value: 130.5886632256371 and parameters: {'ISTN': 93.70861069626262, 'I_gpe': 3.827500072434707, 'I_gpi': 3.9279757672456204, 'noise_stn_sigma': 5.190609389379256, 'noise_gpe_sigma': 40.28242325751675, 'noise_gpi_sigma': 40.27928764370634, 'g_stn_gpe_mult': 1.703292642588698, 'g_gpe_stn_mult': 0.7063233020424546, 'g_stn_gpi_mult': 2.8033450352296265, 'g_gpe_gpi_mult': 0.9080725777960454}. Best is trial 0 with value: 130.5886632256371.
[I 2026-05-28 00:48:16,997] Trial 1 finished with value: 21.947690980699175 and parameters: {'ISTN': 102.18398227973381, 'I_gpe': 1.7822592367307524, 'I_gpi': 2.0402078942860182, 'noise_stn_sigma': 5.527278325084124, 'noise_gpe_sigma': 64.87605951987203, 'noise_gpi_sigma': 128.16311557229506, 'g_stn_gpe_mult': 3.8783201895114314, 'g_gpe_stn_mult': 0.4633636096255428, 'g_stn_gpi_mult': 1.9201572567197984, 'g_gpe_gpi_mult': 0.5716581854888545}. Best is trial 1 with value: 21.947690980699175.
[I 2026-05-28 00:48:18,009] Trial 2 finished with value: 22.78925688393803 and parameters: {'ISTN': 104.05697545714605, 'I_gpe': 1.6990806611446447, 'I_gpi': 2.1093322736015803, 'noise_stn_sigma': 4.391415413253829, 'noise_gpe_sigma': 95.78215145683166, 'noise_gpi_sigma': 112.26271914252017, 'g_stn_gpe_mult': 3.620508535432487, 'g_gpe_stn_mult': 0.48253375989294744, 'g_stn_gpi_mult': 2.4349864676102033, 'g_gpe_gpi_mult': 0.8838728082220315}. Best is trial 1 with value: 21.947690980699175.
[I 2026-05-28 00:48:19,020] Trial 3 finished with value: 28.230857343810843 and parameters: {'ISTN': 124.05768254138863, 'I_gpe': 2.4404639905642638, 'I_gpi': 2.929437307767527, 'noise_stn_sigma': 4.597526383157501, 'noise_gpe_sigma': 123.71799364703026, 'noise_gpi_sigma': 102.97034598752232, 'g_stn_gpe_mult': 3.0886712355338317, 'g_gpe_stn_mult': 0.27286655747132477, 'g_stn_gpi_mult': 3.5949342956186348, 'g_gpe_gpi_mult': 0.596177167198813}. Best is trial 1 with value: 21.947690980699175.
[I 2026-05-28 00:48:20,034] Trial 4 finished with value: 4.749263483297457 and parameters: {'ISTN': 61.327006512303655, 'I_gpe': 2.322282146919423, 'I_gpi': 2.6397695163821506, 'noise_stn_sigma': 3.62253468740132, 'noise_gpe_sigma': 78.9240566977039, 'noise_gpi_sigma': 101.63027934654737, 'g_stn_gpe_mult': 3.374074127741162, 'g_gpe_stn_mult': 0.2130397972288703, 'g_stn_gpi_mult': 2.0912746715201935, 'g_gpe_gpi_mult': 0.6568869944818863}. Best is trial 4 with value: 4.749263483297457.
[I 2026-05-28 00:48:21,044] Trial 5 finished with value: 28.683801074067617 and parameters: {'ISTN': 118.21835604782609, 'I_gpe': 1.5081892774313215, 'I_gpi': 3.899768098732145, 'noise_stn_sigma': 3.936086758513816, 'noise_gpe_sigma': 119.32152160252447, 'noise_gpi_sigma': 102.30543016488373, 'g_stn_gpe_mult': 2.9807792455418993, 'g_gpe_stn_mult': 0.5137698475759706, 'g_stn_gpi_mult': 2.9949380788413196, 'g_gpe_gpi_mult': 0.9635506695066518}. Best is trial 4 with value: 4.749263483297457.
[I 2026-05-28 00:48:22,062] Trial 6 finished with value: 28.54538730485494 and parameters: {'ISTN': 121.61855037844573, 'I_gpe': 1.6513293219198029, 'I_gpi': 2.8432761902587727, 'noise_stn_sigma': 3.8480047711083603, 'noise_gpe_sigma': 74.143091992362, 'noise_gpi_sigma': 62.05518437298985, 'g_stn_gpe_mult': 3.3767409216885813, 'g_gpe_stn_mult': 0.39119594338519237, 'g_stn_gpi_mult': 2.347357900801299, 'g_gpe_gpi_mult': 0.4142625832855039}. Best is trial 4 with value: 4.749263483297457.
[I 2026-05-28 00:48:23,074] Trial 7 finished with value: 25.087334391590467 and parameters: {'ISTN': 118.14807622329761, 'I_gpe': 1.5486294089623256, 'I_gpi': 2.4516321436833994, 'noise_stn_sigma': 2.679013017620471, 'noise_gpe_sigma': 56.04599877645517, 'noise_gpi_sigma': 116.28652710522236, 'g_stn_gpe_mult': 2.9922746566942053, 'g_gpe_stn_mult': 0.2955859336866355, 'g_stn_gpi_mult': 1.716124621409335, 'g_gpe_gpi_mult': 0.5179871881249729}. Best is trial 4 with value: 4.749263483297457.
[I 2026-05-28 00:48:24,087] Trial 8 finished with value: 33.36466978943305 and parameters: {'ISTN': 125.24171270223263, 'I_gpe': 2.8526086943177944, 'I_gpi': 2.0678354736293487, 'noise_stn_sigma': 3.402302701760284, 'noise_gpe_sigma': 94.41082187084776, 'noise_gpi_sigma': 98.9600504549821, 'g_stn_gpe_mult': 3.6329764552383, 'g_gpe_stn_mult': 0.2538139817870882, 'g_stn_gpi_mult': 2.8573669779553246, 'g_gpe_gpi_mult': 0.7596331107049075}. Best is trial 4 with value: 4.749263483297457.
[I 2026-05-28 00:48:25,100] Trial 9 finished with value: 25.91744626347396 and parameters: {'ISTN': 108.06144798180426, 'I_gpe': 2.088159593914187, 'I_gpi': 2.7321182722451014, 'noise_stn_sigma': 3.3524793808782456, 'noise_gpe_sigma': 48.88483497946666, 'noise_gpi_sigma': 129.93936748396976, 'g_stn_gpe_mult': 3.302290408301439, 'g_gpe_stn_mult': 0.5428025966104797, 'g_stn_gpi_mult': 2.2888222168539225, 'g_gpe_gpi_mult': 0.6716607335175118}. Best is trial 4 with value: 4.749263483297457.
[I 2026-05-28 00:48:26,116] Trial 10 finished with value: 25.354459448162874 and parameters: {'ISTN': 105.28930217987374, 'I_gpe': 2.764126309775512, 'I_gpi': 1.33834956817683, 'noise_stn_sigma': 2.965503538344267, 'noise_gpe_sigma': 129.52996397114705, 'noise_gpi_sigma': 96.48201510531312, 'g_stn_gpe_mult': 3.0608279134787137, 'g_gpe_stn_mult': 0.462684887025272, 'g_stn_gpi_mult': 2.045535048975993, 'g_gpe_gpi_mult': 0.7985205433522264}. Best is trial 4 with value: 4.749263483297457.
[I 2026-05-28 00:48:27,132] Trial 11 finished with value: 16.051144072811482 and parameters: {'ISTN': 92.5436430109771, 'I_gpe': 0.8147490859556292, 'I_gpi': 2.1668118479475797, 'noise_stn_sigma': 2.482689231530485, 'noise_gpe_sigma': 99.15104939715772, 'noise_gpi_sigma': 148.51275298182193, 'g_stn_gpe_mult': 3.110865127762365, 'g_gpe_stn_mult': 0.3415257458680633, 'g_stn_gpi_mult': 2.760747983762935, 'g_gpe_gpi_mult': 0.6250493886756603}. Best is trial 4 with value: 4.749263483297457.
[I 2026-05-28 00:48:28,143] Trial 12 finished with value: 16.675596286398843 and parameters: {'ISTN': 102.87753750049143, 'I_gpe': 0.9952473443027232, 'I_gpi': 2.4331377629583195, 'noise_stn_sigma': 4.726620113461987, 'noise_gpe_sigma': 104.94651240727754, 'noise_gpi_sigma': 114.18941139945464, 'g_stn_gpe_mult': 2.9889635440403173, 'g_gpe_stn_mult': 0.3212365861809804, 'g_stn_gpi_mult': 1.841374645505974, 'g_gpe_gpi_mult': 0.5470762129217261}. Best is trial 4 with value: 4.749263483297457.
[I 2026-05-28 00:48:29,156] Trial 13 finished with value: 20.842306381066138 and parameters: {'ISTN': 103.16974389455768, 'I_gpe': 0.7769717168675174, 'I_gpi': 3.1045556453151306, 'noise_stn_sigma': 3.9374955051466904, 'noise_gpe_sigma': 47.82038860407053, 'noise_gpi_sigma': 99.71272643540684, 'g_stn_gpe_mult': 4.442754059113207, 'g_gpe_stn_mult': 0.34547922335535586, 'g_stn_gpi_mult': 1.6892622659586847, 'g_gpe_gpi_mult': 0.6529373274553485}. Best is trial 4 with value: 4.749263483297457.
[I 2026-05-28 00:48:30,171] Trial 14 finished with value: 18.03308321470699 and parameters: {'ISTN': 84.78066634933317, 'I_gpe': 2.4381235500500216, 'I_gpi': 3.55991480674642, 'noise_stn_sigma': 4.219993622911437, 'noise_gpe_sigma': 124.84104592756007, 'noise_gpi_sigma': 83.65072778316487, 'g_stn_gpe_mult': 4.1358901993108415, 'g_gpe_stn_mult': 0.43006946012925107, 'g_stn_gpi_mult': 2.6883083204001643, 'g_gpe_gpi_mult': 0.9466453986730681}. Best is trial 4 with value: 4.749263483297457.
[I 2026-05-28 00:48:31,184] Trial 15 finished with value: 19.174214564130285 and parameters: {'ISTN': 89.765631948628, 'I_gpe': 1.829113655339393, 'I_gpi': 2.639109965035857, 'noise_stn_sigma': 2.4771449814604085, 'noise_gpe_sigma': 106.26506498940645, 'noise_gpi_sigma': 108.88095641309164, 'g_stn_gpe_mult': 3.147882032096558, 'g_gpe_stn_mult': 0.48723277514565666, 'g_stn_gpi_mult': 1.8381745729250962, 'g_gpe_gpi_mult': 0.5552005064184953}. Best is trial 4 with value: 4.749263483297457.
[I 2026-05-28 00:48:32,196] Trial 16 finished with value: 14.744659443494797 and parameters: {'ISTN': 75.91833220930295, 'I_gpe': 2.4653705455034514, 'I_gpi': 1.9919844556655089, 'noise_stn_sigma': 4.105064101189905, 'noise_gpe_sigma': 79.82178517512787, 'noise_gpi_sigma': 130.65583964568847, 'g_stn_gpe_mult': 3.1752591754011092, 'g_gpe_stn_mult': 0.25264311338477374, 'g_stn_gpi_mult': 1.7225282973207383, 'g_gpe_gpi_mult': 0.7005933657318717}. Best is trial 4 with value: 4.749263483297457.
[I 2026-05-28 00:48:33,208] Trial 17 finished with value: 19.29873051924705 and parameters: {'ISTN': 97.31863313031229, 'I_gpe': 1.5096840801437068, 'I_gpi': 3.3174988563466807, 'noise_stn_sigma': 2.051735956441118, 'noise_gpe_sigma': 77.07408610507483, 'noise_gpi_sigma': 103.7173869985951, 'g_stn_gpe_mult': 3.729402824300965, 'g_gpe_stn_mult': 0.22158606278623766, 'g_stn_gpi_mult': 2.5047097939192744, 'g_gpe_gpi_mult': 1.0265893976186273}. Best is trial 4 with value: 4.749263483297457.
[I 2026-05-28 00:48:34,225] Trial 18 finished with value: 17.070481977502375 and parameters: {'ISTN': 78.94869360638025, 'I_gpe': 1.7957754230513032, 'I_gpi': 2.1001892622949563, 'noise_stn_sigma': 2.0694093365785715, 'noise_gpe_sigma': 72.47478449916262, 'noise_gpi_sigma': 128.46461663430563, 'g_stn_gpe_mult': 4.96339916272536, 'g_gpe_stn_mult': 0.40268145362198593, 'g_stn_gpi_mult': 1.282309707001093, 'g_gpe_gpi_mult': 0.8929682572532267}. Best is trial 4 with value: 4.749263483297457.
[I 2026-05-28 00:48:35,235] Trial 19 finished with value: 17.23610732315876 and parameters: {'ISTN': 83.70075332203508, 'I_gpe': 1.6625184446920411, 'I_gpi': 2.5438329990578614, 'noise_stn_sigma': 5.745614455530858, 'noise_gpe_sigma': 65.28556629141434, 'noise_gpi_sigma': 90.43691664550818, 'g_stn_gpe_mult': 3.713040585494407, 'g_gpe_stn_mult': 0.33093221391855165, 'g_stn_gpi_mult': 2.6232026861236877, 'g_gpe_gpi_mult': 0.7096152749870281}. Best is trial 4 with value: 4.749263483297457.
[I 2026-05-28 00:48:36,248] Trial 20 finished with value: 19.0088540932051 and parameters: {'ISTN': 90.54484281366214, 'I_gpe': 1.4570068060050252, 'I_gpi': 2.811136038203041, 'noise_stn_sigma': 3.657528839884899, 'noise_gpe_sigma': 50.93909575398059, 'noise_gpi_sigma': 146.69649435082783, 'g_stn_gpe_mult': 3.760358198634723, 'g_gpe_stn_mult': 0.4073568631995549, 'g_stn_gpi_mult': 2.1829743520779714, 'g_gpe_gpi_mult': 0.8701264660230625}. Best is trial 4 with value: 4.749263483297457.
[I 2026-05-28 00:48:37,263] Trial 21 finished with value: 16.96397252207245 and parameters: {'ISTN': 74.45418525723034, 'I_gpe': 2.98186941024652, 'I_gpi': 1.3894083717085481, 'noise_stn_sigma': 2.1334167473788157, 'noise_gpe_sigma': 51.73334537237294, 'noise_gpi_sigma': 116.83191512234035, 'g_stn_gpe_mult': 2.642612760087631, 'g_gpe_stn_mult': 0.26524930756168724, 'g_stn_gpi_mult': 1.3601125204318543, 'g_gpe_gpi_mult': 0.9163093662652988}. Best is trial 4 with value: 4.749263483297457.
[I 2026-05-28 00:48:38,275] Trial 22 finished with value: 18.94030443585709 and parameters: {'ISTN': 100.76192581535449, 'I_gpe': 2.0953991431697947, 'I_gpi': 2.55814751142255, 'noise_stn_sigma': 5.293665203374889, 'noise_gpe_sigma': 68.91467293387248, 'noise_gpi_sigma': 105.8175435567639, 'g_stn_gpe_mult': 3.433566586329773, 'g_gpe_stn_mult': 0.18717895608577195, 'g_stn_gpi_mult': 1.7766142089880441, 'g_gpe_gpi_mult': 0.4901332923758745}. Best is trial 4 with value: 4.749263483297457.
[I 2026-05-28 00:48:39,287] Trial 23 finished with value: 15.162393129906699 and parameters: {'ISTN': 71.02881882064872, 'I_gpe': 1.2122872079943003, 'I_gpi': 2.8774937655364283, 'noise_stn_sigma': 4.215842763189734, 'noise_gpe_sigma': 71.11587979266724, 'noise_gpi_sigma': 147.71722282211385, 'g_stn_gpe_mult': 3.513751512891887, 'g_gpe_stn_mult': 0.44480771672662023, 'g_stn_gpi_mult': 2.4847907919843237, 'g_gpe_gpi_mult': 0.7443728042637052}. Best is trial 4 with value: 4.749263483297457.
[I 2026-05-28 00:48:40,299] Trial 24 finished with value: 20.649231920220352 and parameters: {'ISTN': 108.48157848702866, 'I_gpe': 0.8247897974881422, 'I_gpi': 1.637468106072102, 'noise_stn_sigma': 2.055826547394953, 'noise_gpe_sigma': 84.6917395563816, 'noise_gpi_sigma': 129.29270334008297, 'g_stn_gpe_mult': 2.8332898581167116, 'g_gpe_stn_mult': 0.31585917207184233, 'g_stn_gpi_mult': 2.1496873791339564, 'g_gpe_gpi_mult': 0.6105799928476597}. Best is trial 4 with value: 4.749263483297457.
[I 2026-05-28 00:48:41,312] Trial 25 finished with value: 19.68672718641787 and parameters: {'ISTN': 94.0990962945929, 'I_gpe': 1.709635796294729, 'I_gpi': 1.6517755257429232, 'noise_stn_sigma': 3.516423388401201, 'noise_gpe_sigma': 58.904621601293435, 'noise_gpi_sigma': 138.33307080119351, 'g_stn_gpe_mult': 3.3158638178677666, 'g_gpe_stn_mult': 0.403213100134704, 'g_stn_gpi_mult': 2.556493383790408, 'g_gpe_gpi_mult': 0.7450595148301435}. Best is trial 4 with value: 4.749263483297457.
[I 2026-05-28 00:48:42,326] Trial 26 finished with value: 14.457207512749143 and parameters: {'ISTN': 85.21650764325713, 'I_gpe': 1.3820538524609631, 'I_gpi': 2.695485541079669, 'noise_stn_sigma': 3.7757761675427375, 'noise_gpe_sigma': 93.812349629338, 'noise_gpi_sigma': 108.88509368695794, 'g_stn_gpe_mult': 3.772267988278483, 'g_gpe_stn_mult': 0.151692690639065, 'g_stn_gpi_mult': 2.423024749272389, 'g_gpe_gpi_mult': 0.6712221420159847}. Best is trial 4 with value: 4.749263483297457.
[I 2026-05-28 00:48:43,337] Trial 27 finished with value: 14.600324548684608 and parameters: {'ISTN': 82.21311236754022, 'I_gpe': 1.3037317433024533, 'I_gpi': 1.7682623495237686, 'noise_stn_sigma': 2.126766469670529, 'noise_gpe_sigma': 126.79863170098864, 'noise_gpi_sigma': 121.07442104954035, 'g_stn_gpe_mult': 4.112598713274346, 'g_gpe_stn_mult': 0.16164324782633227, 'g_stn_gpi_mult': 3.007454378232474, 'g_gpe_gpi_mult': 0.5411285981884064}. Best is trial 4 with value: 4.749263483297457.
[I 2026-05-28 00:48:44,347] Trial 28 finished with value: 14.647080178379476 and parameters: {'ISTN': 74.2403260019189, 'I_gpe': 1.728242152345273, 'I_gpi': 2.5727794295776105, 'noise_stn_sigma': 4.529951203450423, 'noise_gpe_sigma': 79.25689072049434, 'noise_gpi_sigma': 129.50606179575425, 'g_stn_gpe_mult': 1.7671241284570136, 'g_gpe_stn_mult': 0.3829500379687437, 'g_stn_gpi_mult': 1.6680750512814035, 'g_gpe_gpi_mult': 0.8145384448688731}. Best is trial 4 with value: 4.749263483297457.
[I 2026-05-28 00:48:45,362] Trial 29 finished with value: 23.307620144697747 and parameters: {'ISTN': 111.3616716361193, 'I_gpe': 1.2578139906527865, 'I_gpi': 1.4410769491436435, 'noise_stn_sigma': 2.443120259135256, 'noise_gpe_sigma': 138.56622910159066, 'noise_gpi_sigma': 119.32476284558237, 'g_stn_gpe_mult': 2.8012457534691553, 'g_gpe_stn_mult': 0.5274656571086257, 'g_stn_gpi_mult': 2.530725039813732, 'g_gpe_gpi_mult': 0.5989353392955439}. Best is trial 4 with value: 4.749263483297457.
[I 2026-05-28 00:48:46,374] Trial 30 finished with value: 17.88524921922738 and parameters: {'ISTN': 90.08386131919212, 'I_gpe': 1.4802030779713584, 'I_gpi': 1.4962496569954955, 'noise_stn_sigma': 3.183935811785271, 'noise_gpe_sigma': 86.23399299424257, 'noise_gpi_sigma': 136.34179251417697, 'g_stn_gpe_mult': 3.8032837794158754, 'g_gpe_stn_mult': 0.2763149425935607, 'g_stn_gpi_mult': 2.958683204136231, 'g_gpe_gpi_mult': 0.7677318808722677}. Best is trial 4 with value: 4.749263483297457.
[I 2026-05-28 00:48:47,386] Trial 31 finished with value: 21.59135056269417 and parameters: {'ISTN': 104.42809250414695, 'I_gpe': 1.7451939103420622, 'I_gpi': 1.545786819015896, 'noise_stn_sigma': 2.6796381476629305, 'noise_gpe_sigma': 83.9902247511819, 'noise_gpi_sigma': 138.68735924415802, 'g_stn_gpe_mult': 3.965673170611418, 'g_gpe_stn_mult': 0.3331042371445972, 'g_stn_gpi_mult': 2.409202121162635, 'g_gpe_gpi_mult': 0.8016246595262784}. Best is trial 4 with value: 4.749263483297457.
[I 2026-05-28 00:48:48,395] Trial 32 finished with value: 11.096636688784786 and parameters: {'ISTN': 71.35356749367367, 'I_gpe': 0.7680980037967841, 'I_gpi': 1.8659279447337536, 'noise_stn_sigma': 3.929511162675772, 'noise_gpe_sigma': 96.56325706533303, 'noise_gpi_sigma': 117.68162814802858, 'g_stn_gpe_mult': 4.548254613288288, 'g_gpe_stn_mult': 0.3444969946444083, 'g_stn_gpi_mult': 2.0100899441221345, 'g_gpe_gpi_mult': 0.9088601819311191}. Best is trial 4 with value: 4.749263483297457.
[I 2026-05-28 00:48:49,408] Trial 33 finished with value: 12.685530838259403 and parameters: {'ISTN': 82.89113591366669, 'I_gpe': 1.0617170597579046, 'I_gpi': 2.261016503968177, 'noise_stn_sigma': 5.0550745664306005, 'noise_gpe_sigma': 103.76182171300702, 'noise_gpi_sigma': 127.73057076137967, 'g_stn_gpe_mult': 4.042893865927239, 'g_gpe_stn_mult': 0.1697626170553298, 'g_stn_gpi_mult': 2.1958868702770706, 'g_gpe_gpi_mult': 0.6931169403995128}. Best is trial 4 with value: 4.749263483297457.
[I 2026-05-28 00:48:50,431] Trial 34 finished with value: 16.46868280823439 and parameters: {'ISTN': 86.07572059912322, 'I_gpe': 1.6850271118876763, 'I_gpi': 2.906033101830257, 'noise_stn_sigma': 2.5323462849487726, 'noise_gpe_sigma': 105.00063080992037, 'noise_gpi_sigma': 118.96040950898728, 'g_stn_gpe_mult': 3.1894041314111385, 'g_gpe_stn_mult': 0.19693637269578218, 'g_stn_gpi_mult': 2.8446025868624916, 'g_gpe_gpi_mult': 0.4617231138713279}. Best is trial 4 with value: 4.749263483297457.
[I 2026-05-28 00:48:51,443] Trial 35 finished with value: 14.619474068029215 and parameters: {'ISTN': 91.98533957606698, 'I_gpe': 1.2629389118974543, 'I_gpi': 1.5245214642539986, 'noise_stn_sigma': 5.504656801791037, 'noise_gpe_sigma': 111.46353104628346, 'noise_gpi_sigma': 108.07536399667175, 'g_stn_gpe_mult': 4.217501461341946, 'g_gpe_stn_mult': 0.2183024626010534, 'g_stn_gpi_mult': 3.0239687792402465, 'g_gpe_gpi_mult': 0.47790934552892467}. Best is trial 4 with value: 4.749263483297457.
[I 2026-05-28 00:48:52,455] Trial 36 finished with value: 15.384446050052485 and parameters: {'ISTN': 76.03467726938577, 'I_gpe': 1.3919656255807493, 'I_gpi': 2.9754269958919513, 'noise_stn_sigma': 2.3123283888240698, 'noise_gpe_sigma': 91.93531687717984, 'noise_gpi_sigma': 128.3931091406792, 'g_stn_gpe_mult': 3.8060566950157266, 'g_gpe_stn_mult': 0.32380162555762215, 'g_stn_gpi_mult': 2.3663275106042176, 'g_gpe_gpi_mult': 0.4070999724414625}. Best is trial 4 with value: 4.749263483297457.
[I 2026-05-28 00:48:53,467] Trial 37 finished with value: 15.399741940344876 and parameters: {'ISTN': 71.84065677137079, 'I_gpe': 2.621681436535189, 'I_gpi': 2.1452193781944553, 'noise_stn_sigma': 3.2671232053592023, 'noise_gpe_sigma': 129.14961634732015, 'noise_gpi_sigma': 129.44865236318293, 'g_stn_gpe_mult': 3.8578330425837724, 'g_gpe_stn_mult': 0.3142335180846769, 'g_stn_gpi_mult': 2.940376386541202, 'g_gpe_gpi_mult': 0.7086097521642793}. Best is trial 4 with value: 4.749263483297457.
[I 2026-05-28 00:48:54,479] Trial 38 finished with value: 21.10867443824755 and parameters: {'ISTN': 98.482624992837, 'I_gpe': 2.926233815753243, 'I_gpi': 2.1141295272498493, 'noise_stn_sigma': 2.1962647077184814, 'noise_gpe_sigma': 135.65008628085758, 'noise_gpi_sigma': 122.70009075685873, 'g_stn_gpe_mult': 3.1307143312139942, 'g_gpe_stn_mult': 0.14666168574755867, 'g_stn_gpi_mult': 2.0885175176274844, 'g_gpe_gpi_mult': 0.42414524209643123}. Best is trial 4 with value: 4.749263483297457.
[I 2026-05-28 00:48:55,489] Trial 39 finished with value: 15.327263061609212 and parameters: {'ISTN': 96.15782594553175, 'I_gpe': 1.5299898813764434, 'I_gpi': 2.5986610406388793, 'noise_stn_sigma': 2.8644117370638513, 'noise_gpe_sigma': 124.5093622779299, 'noise_gpi_sigma': 94.36710478380749, 'g_stn_gpe_mult': 2.5938808180154056, 'g_gpe_stn_mult': 0.1838132252796988, 'g_stn_gpi_mult': 2.793502923553061, 'g_gpe_gpi_mult': 0.7980242883675523}. Best is trial 4 with value: 4.749263483297457.
[I 2026-05-28 00:48:56,499] Trial 40 finished with value: 13.54474021439092 and parameters: {'ISTN': 69.2589660014377, 'I_gpe': 1.227776035123283, 'I_gpi': 3.0531202641003508, 'noise_stn_sigma': 2.0895779869249043, 'noise_gpe_sigma': 90.73223966121257, 'noise_gpi_sigma': 128.95184292313894, 'g_stn_gpe_mult': 3.8404903836575603, 'g_gpe_stn_mult': 0.28795804574580314, 'g_stn_gpi_mult': 2.1341599736634644, 'g_gpe_gpi_mult': 0.5088744140743089}. Best is trial 4 with value: 4.749263483297457.
[I 2026-05-28 00:48:57,511] Trial 41 finished with value: 16.181947277086902 and parameters: {'ISTN': 83.70575558221248, 'I_gpe': 1.0127532728045434, 'I_gpi': 1.2894089659939365, 'noise_stn_sigma': 4.208795563994293, 'noise_gpe_sigma': 93.97515526771987, 'noise_gpi_sigma': 113.07818945951766, 'g_stn_gpe_mult': 4.3437414247146, 'g_gpe_stn_mult': 0.47298602280830004, 'g_stn_gpi_mult': 2.4886398659446423, 'g_gpe_gpi_mult': 0.9286232561380598}. Best is trial 4 with value: 4.749263483297457.
[I 2026-05-28 00:48:58,521] Trial 42 finished with value: 16.68512233395686 and parameters: {'ISTN': 85.7293445321343, 'I_gpe': 1.77075305984068, 'I_gpi': 2.937291115338372, 'noise_stn_sigma': 4.411493496248352, 'noise_gpe_sigma': 90.13008373761197, 'noise_gpi_sigma': 112.42552237013044, 'g_stn_gpe_mult': 3.575116884346597, 'g_gpe_stn_mult': 0.3373828623106813, 'g_stn_gpi_mult': 1.6951847943081715, 'g_gpe_gpi_mult': 0.6706525957587965}. Best is trial 4 with value: 4.749263483297457.
[I 2026-05-28 00:48:59,533] Trial 43 finished with value: 11.006639783277391 and parameters: {'ISTN': 65.72504982871999, 'I_gpe': 1.7215296650090683, 'I_gpi': 1.8169032657615298, 'noise_stn_sigma': 1.9519211852620497, 'noise_gpe_sigma': 132.11514370829912, 'noise_gpi_sigma': 64.5183132046207, 'g_stn_gpe_mult': 3.395609462650879, 'g_gpe_stn_mult': 0.32774278564522996, 'g_stn_gpi_mult': 1.3937621206225197, 'g_gpe_gpi_mult': 0.5237623433340655}. Best is trial 4 with value: 4.749263483297457.
