[I 2026-05-28 01:17:50,410] Trial 748 finished with value: 0.12145791092192151 and parameters: {'ISTN': 100.25218623158317, 'I_gpe': 0.7065353202944162, 'I_gpi': 2.1989270879711, 'noise_stn_sigma': 3.072442957511156, 'noise_gpe_sigma': 103.18438815623726, 'noise_gpi_sigma': 125.98169306946063, 'g_stn_gpe_mult': 3.9286287712457386, 'g_gpe_stn_mult': 1.505187087917341, 'g_stn_gpi_mult': 2.9445954394279354, 'g_gpe_gpi_mult': 1.5649238666340421}. Best is trial 747 with value: 0.1140695322796124.
[I 2026-05-28 01:17:51,418] Trial 749 finished with value: 1.2627941402170746 and parameters: {'ISTN': 102.28196356890346, 'I_gpe': 0.7073165340151288, 'I_gpi': 2.0987250257739456, 'noise_stn_sigma': 3.1251373712530524, 'noise_gpe_sigma': 108.68341932960732, 'noise_gpi_sigma': 127.58677989622413, 'g_stn_gpe_mult': 4.048222949997582, 'g_gpe_stn_mult': 1.5267351210231213, 'g_stn_gpi_mult': 2.9662058833323584, 'g_gpe_gpi_mult': 1.5571783837948359}. Best is trial 747 with value: 0.1140695322796124.
[I 2026-05-28 01:17:52,425] Trial 750 finished with value: 3.466083520599488 and parameters: {'ISTN': 99.48461180188131, 'I_gpe': 0.6741451269831134, 'I_gpi': 2.217930321118348, 'noise_stn_sigma': 3.0100550010500973, 'noise_gpe_sigma': 109.2222910384508, 'noise_gpi_sigma': 127.55410119510208, 'g_stn_gpe_mult': 3.9513511804151573, 'g_gpe_stn_mult': 1.5127471638158732, 'g_stn_gpi_mult': 2.974914504493674, 'g_gpe_gpi_mult': 1.578883547089052}. Best is trial 747 with value: 0.1140695322796124.
[I 2026-05-28 01:17:53,433] Trial 751 finished with value: 0.10754722081452492 and parameters: {'ISTN': 102.0040244501852, 'I_gpe': 0.745004942682035, 'I_gpi': 2.066136567348351, 'noise_stn_sigma': 3.1140407437923456, 'noise_gpe_sigma': 105.02067287775394, 'noise_gpi_sigma': 125.24423631789773, 'g_stn_gpe_mult': 3.949279472439156, 'g_gpe_stn_mult': 1.502377466326935, 'g_stn_gpi_mult': 2.985458473660888, 'g_gpe_gpi_mult': 1.52629783480217}. Best is trial 751 with value: 0.10754722081452492.
[I 2026-05-28 01:17:54,441] Trial 752 finished with value: 7.744712427722739 and parameters: {'ISTN': 101.13357375867214, 'I_gpe': 0.7643837747075011, 'I_gpi': 2.2038391212101835, 'noise_stn_sigma': 3.010210728797223, 'noise_gpe_sigma': 104.81943619825265, 'noise_gpi_sigma': 127.48523451686455, 'g_stn_gpe_mult': 3.954493984635534, 'g_gpe_stn_mult': 1.4694445962781968, 'g_stn_gpi_mult': 2.892013376498604, 'g_gpe_gpi_mult': 1.5305962319158104}. Best is trial 751 with value: 0.10754722081452492.
[I 2026-05-28 01:17:55,451] Trial 753 finished with value: 0.3286224261903776 and parameters: {'ISTN': 97.72633489020353, 'I_gpe': 0.6710053102586827, 'I_gpi': 2.2193051449639194, 'noise_stn_sigma': 2.9438784499962902, 'noise_gpe_sigma': 104.6382616312591, 'noise_gpi_sigma': 128.29712451033112, 'g_stn_gpe_mult': 3.80477563534084, 'g_gpe_stn_mult': 1.47258075489773, 'g_stn_gpi_mult': 2.9317350785900738, 'g_gpe_gpi_mult': 1.5505832671872615}. Best is trial 751 with value: 0.10754722081452492.
[I 2026-05-28 01:17:56,459] Trial 754 finished with value: 0.12802992836411345 and parameters: {'ISTN': 99.93370601765395, 'I_gpe': 0.6958403712276484, 'I_gpi': 2.1240378906865502, 'noise_stn_sigma': 2.9142756837206623, 'noise_gpe_sigma': 108.3119749607746, 'noise_gpi_sigma': 127.89444682488595, 'g_stn_gpe_mult': 3.9641964550197226, 'g_gpe_stn_mult': 1.5125921810507534, 'g_stn_gpi_mult': 2.952715532343545, 'g_gpe_gpi_mult': 1.5402006269256439}. Best is trial 751 with value: 0.10754722081452492.
[I 2026-05-28 01:17:57,467] Trial 755 finished with value: 0.14312420643070733 and parameters: {'ISTN': 99.10484026031526, 'I_gpe': 0.6718689961120067, 'I_gpi': 2.166119640536941, 'noise_stn_sigma': 2.877549085290667, 'noise_gpe_sigma': 104.22048664636391, 'noise_gpi_sigma': 125.18385903613671, 'g_stn_gpe_mult': 3.9534673803411127, 'g_gpe_stn_mult': 1.4853342779716137, 'g_stn_gpi_mult': 2.977960161337213, 'g_gpe_gpi_mult': 1.524172218616362}. Best is trial 751 with value: 0.10754722081452492.
[I 2026-05-28 01:17:58,474] Trial 756 finished with value: 3.519859497216639 and parameters: {'ISTN': 100.8837583755647, 'I_gpe': 0.7661603218323403, 'I_gpi': 2.053997606462288, 'noise_stn_sigma': 3.0405429122225716, 'noise_gpe_sigma': 103.68879843888506, 'noise_gpi_sigma': 128.43770933485007, 'g_stn_gpe_mult': 3.916509810286665, 'g_gpe_stn_mult': 1.4801790762428095, 'g_stn_gpi_mult': 2.987259468351847, 'g_gpe_gpi_mult': 1.5677084308370777}. Best is trial 751 with value: 0.10754722081452492.
[I 2026-05-28 01:17:59,483] Trial 757 finished with value: 0.12937702278486307 and parameters: {'ISTN': 101.43532522503912, 'I_gpe': 0.6802700034848408, 'I_gpi': 2.190056554031342, 'noise_stn_sigma': 2.986794325295495, 'noise_gpe_sigma': 108.74949333110627, 'noise_gpi_sigma': 127.08941836138236, 'g_stn_gpe_mult': 3.926847661142791, 'g_gpe_stn_mult': 1.5210825609146712, 'g_stn_gpi_mult': 2.9600964246815895, 'g_gpe_gpi_mult': 1.5500030287291462}. Best is trial 751 with value: 0.10754722081452492.
[I 2026-05-28 01:18:00,492] Trial 758 finished with value: 0.12750172873589202 and parameters: {'ISTN': 101.3259533191148, 'I_gpe': 0.7092834001136452, 'I_gpi': 2.131789229707766, 'noise_stn_sigma': 2.912901487918501, 'noise_gpe_sigma': 105.12685448510511, 'noise_gpi_sigma': 128.92992919047254, 'g_stn_gpe_mult': 3.9757732630161544, 'g_gpe_stn_mult': 1.5162545285781315, 'g_stn_gpi_mult': 3.0699784091083386, 'g_gpe_gpi_mult': 1.5100320973729529}. Best is trial 751 with value: 0.10754722081452492.
[I 2026-05-28 01:18:01,500] Trial 759 finished with value: 0.15420655558957194 and parameters: {'ISTN': 99.20051883932652, 'I_gpe': 0.6450832895107788, 'I_gpi': 2.2014526148853113, 'noise_stn_sigma': 3.0421878177555595, 'noise_gpe_sigma': 102.93767038953328, 'noise_gpi_sigma': 126.0517331942561, 'g_stn_gpe_mult': 4.012072039668823, 'g_gpe_stn_mult': 1.511259200264206, 'g_stn_gpi_mult': 2.9540303925219558, 'g_gpe_gpi_mult': 1.573526246212941}. Best is trial 751 with value: 0.10754722081452492.
[I 2026-05-28 01:18:02,508] Trial 760 finished with value: 0.12247927368928488 and parameters: {'ISTN': 99.82890703134589, 'I_gpe': 0.6915719377353899, 'I_gpi': 2.1453160548012393, 'noise_stn_sigma': 3.2083104644554914, 'noise_gpe_sigma': 107.71925951165635, 'noise_gpi_sigma': 128.5243274803368, 'g_stn_gpe_mult': 3.8677661120702176, 'g_gpe_stn_mult': 1.4948669749957506, 'g_stn_gpi_mult': 2.9685489214193894, 'g_gpe_gpi_mult': 1.572546889880389}. Best is trial 751 with value: 0.10754722081452492.
[I 2026-05-28 01:18:03,520] Trial 761 finished with value: 0.1113374054486657 and parameters: {'ISTN': 103.09437454527702, 'I_gpe': 0.6769488607641967, 'I_gpi': 2.110599616755252, 'noise_stn_sigma': 3.170436612888055, 'noise_gpe_sigma': 108.13425379882577, 'noise_gpi_sigma': 124.02169106795394, 'g_stn_gpe_mult': 4.008644492295226, 'g_gpe_stn_mult': 1.5507767675339443, 'g_stn_gpi_mult': 3.069936395672509, 'g_gpe_gpi_mult': 1.4828497446374624}. Best is trial 751 with value: 0.10754722081452492.
[I 2026-05-28 01:18:04,528] Trial 762 finished with value: 0.12501173436503643 and parameters: {'ISTN': 102.63555616655822, 'I_gpe': 0.7460246037123976, 'I_gpi': 2.1524364754395595, 'noise_stn_sigma': 3.2438500215341546, 'noise_gpe_sigma': 101.9044949284811, 'noise_gpi_sigma': 126.38119872409382, 'g_stn_gpe_mult': 3.938795423237396, 'g_gpe_stn_mult': 1.526827335739545, 'g_stn_gpi_mult': 2.9981100406744554, 'g_gpe_gpi_mult': 1.5402238754490172}. Best is trial 751 with value: 0.10754722081452492.
[I 2026-05-28 01:18:05,538] Trial 763 finished with value: 0.12610963007237294 and parameters: {'ISTN': 99.48008532887934, 'I_gpe': 0.7081734106852934, 'I_gpi': 2.0820323955922815, 'noise_stn_sigma': 3.1352164962140296, 'noise_gpe_sigma': 102.97671981775076, 'noise_gpi_sigma': 124.69348706827228, 'g_stn_gpe_mult': 3.8871527762232008, 'g_gpe_stn_mult': 1.492180570191252, 'g_stn_gpi_mult': 2.9041770969314396, 'g_gpe_gpi_mult': 1.5923985557544236}. Best is trial 751 with value: 0.10754722081452492.
[I 2026-05-28 01:18:06,546] Trial 764 finished with value: 1.239754707320059 and parameters: {'ISTN': 102.14726437403478, 'I_gpe': 0.71167850643431, 'I_gpi': 2.120587978593277, 'noise_stn_sigma': 2.9440207216386587, 'noise_gpe_sigma': 107.64957934723294, 'noise_gpi_sigma': 126.82690077258482, 'g_stn_gpe_mult': 3.8863748682407455, 'g_gpe_stn_mult': 1.502914594416404, 'g_stn_gpi_mult': 3.0492626963906266, 'g_gpe_gpi_mult': 1.516932397970118}. Best is trial 751 with value: 0.10754722081452492.
[I 2026-05-28 01:18:07,552] Trial 765 finished with value: 0.10941934066669923 and parameters: {'ISTN': 100.86538034801563, 'I_gpe': 0.7080752021077398, 'I_gpi': 2.1452042125620703, 'noise_stn_sigma': 3.294423649487361, 'noise_gpe_sigma': 109.67094625939633, 'noise_gpi_sigma': 123.88616141817656, 'g_stn_gpe_mult': 3.910774680658332, 'g_gpe_stn_mult': 1.5024795166630078, 'g_stn_gpi_mult': 3.031438682483111, 'g_gpe_gpi_mult': 1.5346656300814938}. Best is trial 751 with value: 0.10754722081452492.
[I 2026-05-28 01:18:08,559] Trial 766 finished with value: 0.11985911808832611 and parameters: {'ISTN': 100.41341108850219, 'I_gpe': 0.6992065303228605, 'I_gpi': 2.145097796971462, 'noise_stn_sigma': 3.131639878939855, 'noise_gpe_sigma': 106.45834527620518, 'noise_gpi_sigma': 127.48539289935479, 'g_stn_gpe_mult': 3.899565897925354, 'g_gpe_stn_mult': 1.5057937289539016, 'g_stn_gpi_mult': 3.0230957818152415, 'g_gpe_gpi_mult': 1.515256226244693}. Best is trial 751 with value: 0.10754722081452492.
[I 2026-05-28 01:18:09,566] Trial 767 finished with value: 0.5954716146976884 and parameters: {'ISTN': 102.34574071780483, 'I_gpe': 0.7551684917347873, 'I_gpi': 2.0027462605931934, 'noise_stn_sigma': 3.1998797523059572, 'noise_gpe_sigma': 105.72095052291473, 'noise_gpi_sigma': 128.71119332337014, 'g_stn_gpe_mult': 3.9876973955724395, 'g_gpe_stn_mult': 1.507607374088739, 'g_stn_gpi_mult': 3.040991686813134, 'g_gpe_gpi_mult': 1.5340412226585076}. Best is trial 751 with value: 0.10754722081452492.
[I 2026-05-28 01:18:10,576] Trial 768 finished with value: 0.23674531595814519 and parameters: {'ISTN': 102.40145258388335, 'I_gpe': 0.7509277188901511, 'I_gpi': 2.0672735167764187, 'noise_stn_sigma': 3.1475696785307306, 'noise_gpe_sigma': 106.22018833769113, 'noise_gpi_sigma': 127.04500770324682, 'g_stn_gpe_mult': 3.9034967198171877, 'g_gpe_stn_mult': 1.510024737519366, 'g_stn_gpi_mult': 3.094896873467791, 'g_gpe_gpi_mult': 1.523084389393475}. Best is trial 751 with value: 0.10754722081452492.
[I 2026-05-28 01:18:11,584] Trial 769 finished with value: 0.13910636948947017 and parameters: {'ISTN': 100.14542992033435, 'I_gpe': 0.7271860104153127, 'I_gpi': 2.125413836408765, 'noise_stn_sigma': 3.154933449414226, 'noise_gpe_sigma': 103.79321736845415, 'noise_gpi_sigma': 126.41438116596484, 'g_stn_gpe_mult': 3.863573725312938, 'g_gpe_stn_mult': 1.4829124174228514, 'g_stn_gpi_mult': 2.971664355642274, 'g_gpe_gpi_mult': 1.580816159404809}. Best is trial 751 with value: 0.10754722081452492.
[I 2026-05-28 01:18:12,590] Trial 770 finished with value: 0.11862973517719268 and parameters: {'ISTN': 100.65891590927762, 'I_gpe': 0.7234463947834912, 'I_gpi': 2.0201026819038903, 'noise_stn_sigma': 3.2033116985626333, 'noise_gpe_sigma': 105.20862728308018, 'noise_gpi_sigma': 126.77100430315986, 'g_stn_gpe_mult': 3.9226256543863682, 'g_gpe_stn_mult': 1.5012267373218051, 'g_stn_gpi_mult': 2.957945248722365, 'g_gpe_gpi_mult': 1.5802236835892518}. Best is trial 751 with value: 0.10754722081452492.
[I 2026-05-28 01:18:13,598] Trial 771 finished with value: 0.4262907906828837 and parameters: {'ISTN': 101.00094026337518, 'I_gpe': 0.6993748827872237, 'I_gpi': 2.0986101197064686, 'noise_stn_sigma': 3.172602412485342, 'noise_gpe_sigma': 105.90128149292154, 'noise_gpi_sigma': 124.91602031024884, 'g_stn_gpe_mult': 3.9011683455150394, 'g_gpe_stn_mult': 1.5018696258993196, 'g_stn_gpi_mult': 3.053448087319899, 'g_gpe_gpi_mult': 1.5334689064204192}. Best is trial 751 with value: 0.10754722081452492.
[I 2026-05-28 01:18:14,609] Trial 772 finished with value: 0.15461017003100036 and parameters: {'ISTN': 101.16556128427318, 'I_gpe': 0.6940818498356189, 'I_gpi': 2.0966204612117894, 'noise_stn_sigma': 3.165331566225383, 'noise_gpe_sigma': 110.52563448180426, 'noise_gpi_sigma': 125.64924684221619, 'g_stn_gpe_mult': 4.001633265461691, 'g_gpe_stn_mult': 1.5176110229000148, 'g_stn_gpi_mult': 3.04762051317485, 'g_gpe_gpi_mult': 1.5019040156289905}. Best is trial 751 with value: 0.10754722081452492.
[I 2026-05-28 01:18:15,616] Trial 773 finished with value: 0.7018348019744541 and parameters: {'ISTN': 101.09898428709468, 'I_gpe': 0.7250361857433762, 'I_gpi': 2.084700899855857, 'noise_stn_sigma': 3.199419683347714, 'noise_gpe_sigma': 109.30674407909133, 'noise_gpi_sigma': 129.82863605503118, 'g_stn_gpe_mult': 3.9284295532530042, 'g_gpe_stn_mult': 1.5163898908916136, 'g_stn_gpi_mult': 3.086777395067188, 'g_gpe_gpi_mult': 1.550382244519103}. Best is trial 751 with value: 0.10754722081452492.
[I 2026-05-28 01:18:16,624] Trial 774 finished with value: 3.169752823312291 and parameters: {'ISTN': 102.20355561522423, 'I_gpe': 0.7251043623233147, 'I_gpi': 2.2029857165356965, 'noise_stn_sigma': 3.1559556080730666, 'noise_gpe_sigma': 107.28086577047785, 'noise_gpi_sigma': 122.31694218924832, 'g_stn_gpe_mult': 3.954757464618096, 'g_gpe_stn_mult': 1.5110485821272694, 'g_stn_gpi_mult': 2.9578765774530202, 'g_gpe_gpi_mult': 1.5244714195218914}. Best is trial 751 with value: 0.10754722081452492.
[I 2026-05-28 01:18:17,632] Trial 775 finished with value: 0.11812053156874633 and parameters: {'ISTN': 101.00105099000896, 'I_gpe': 0.6606231894390915, 'I_gpi': 2.1178825009492552, 'noise_stn_sigma': 3.232952077040542, 'noise_gpe_sigma': 110.22521714333806, 'noise_gpi_sigma': 123.97414915443098, 'g_stn_gpe_mult': 3.9102588665939595, 'g_gpe_stn_mult': 1.5345170666446493, 'g_stn_gpi_mult': 3.0277078898391316, 'g_gpe_gpi_mult': 1.486671638351975}. Best is trial 751 with value: 0.10754722081452492.
[I 2026-05-28 01:18:18,639] Trial 776 finished with value: 0.11156182625175157 and parameters: {'ISTN': 101.47632658451398, 'I_gpe': 0.6862647713728129, 'I_gpi': 2.1084318869418004, 'noise_stn_sigma': 3.198062032998825, 'noise_gpe_sigma': 108.58423739016227, 'noise_gpi_sigma': 125.364425698914, 'g_stn_gpe_mult': 3.9702483381512783, 'g_gpe_stn_mult': 1.5186826143299768, 'g_stn_gpi_mult': 2.9251149997900585, 'g_gpe_gpi_mult': 1.5498279396158914}. Best is trial 751 with value: 0.10754722081452492.
[I 2026-05-28 01:18:19,647] Trial 777 finished with value: 0.1628356322340105 and parameters: {'ISTN': 100.72928720318842, 'I_gpe': 0.695354356726828, 'I_gpi': 2.2192218794046097, 'noise_stn_sigma': 3.1277611416007502, 'noise_gpe_sigma': 106.14202239011678, 'noise_gpi_sigma': 127.25515185176513, 'g_stn_gpe_mult': 3.898138584219726, 'g_gpe_stn_mult': 1.4894666425708634, 'g_stn_gpi_mult': 2.8514194395480006, 'g_gpe_gpi_mult': 1.589912505533616}. Best is trial 751 with value: 0.10754722081452492.
[I 2026-05-28 01:18:20,654] Trial 778 finished with value: 0.10625494872066665 and parameters: {'ISTN': 102.21789034441358, 'I_gpe': 0.6828203330791272, 'I_gpi': 2.0989460682380043, 'noise_stn_sigma': 3.273735196092507, 'noise_gpe_sigma': 106.338950234443, 'noise_gpi_sigma': 123.05854492424444, 'g_stn_gpe_mult': 4.051870204016768, 'g_gpe_stn_mult': 1.5322899368045024, 'g_stn_gpi_mult': 3.046399053920567, 'g_gpe_gpi_mult': 1.5176751721349893}. Best is trial 778 with value: 0.10625494872066665.
[I 2026-05-28 01:18:21,662] Trial 779 finished with value: 0.12880758563150818 and parameters: {'ISTN': 101.19609242848108, 'I_gpe': 0.7026600053937946, 'I_gpi': 2.1966933493732457, 'noise_stn_sigma': 3.2013875529416493, 'noise_gpe_sigma': 108.12118669476372, 'noise_gpi_sigma': 125.99465124868804, 'g_stn_gpe_mult': 3.8704144861625966, 'g_gpe_stn_mult': 1.5249596518467017, 'g_stn_gpi_mult': 3.054780262906873, 'g_gpe_gpi_mult': 1.5422609743577878}. Best is trial 778 with value: 0.10625494872066665.
[I 2026-05-28 01:18:22,669] Trial 780 finished with value: 0.12706226547336041 and parameters: {'ISTN': 101.1985055532273, 'I_gpe': 0.6891243570175998, 'I_gpi': 2.0580343869146254, 'noise_stn_sigma': 3.305291403651905, 'noise_gpe_sigma': 109.28466771762461, 'noise_gpi_sigma': 124.05779768997107, 'g_stn_gpe_mult': 4.050258391277662, 'g_gpe_stn_mult': 1.496435309436378, 'g_stn_gpi_mult': 2.9770455103129434, 'g_gpe_gpi_mult': 1.5162916985795971}. Best is trial 778 with value: 0.10625494872066665.
[I 2026-05-28 01:18:23,679] Trial 781 finished with value: 0.11797112109504365 and parameters: {'ISTN': 100.86311623508601, 'I_gpe': 0.6628171969377514, 'I_gpi': 2.2075853064077613, 'noise_stn_sigma': 3.3375234718228803, 'noise_gpe_sigma': 109.21015097407668, 'noise_gpi_sigma': 125.08721878323878, 'g_stn_gpe_mult': 4.108631253403291, 'g_gpe_stn_mult': 1.5125396509294846, 'g_stn_gpi_mult': 2.972503049271997, 'g_gpe_gpi_mult': 1.5735339820676846}. Best is trial 778 with value: 0.10625494872066665.
[I 2026-05-28 01:18:24,687] Trial 782 finished with value: 0.11645959036647933 and parameters: {'ISTN': 101.5768712292674, 'I_gpe': 0.6578986295672906, 'I_gpi': 2.058199132371694, 'noise_stn_sigma': 3.3778416847685153, 'noise_gpe_sigma': 108.9040766373018, 'noise_gpi_sigma': 121.99417842001701, 'g_stn_gpe_mult': 4.068277491842128, 'g_gpe_stn_mult': 1.5241763123464092, 'g_stn_gpi_mult': 3.043226480862174, 'g_gpe_gpi_mult': 1.5410842063819967}. Best is trial 778 with value: 0.10625494872066665.
[I 2026-05-28 01:18:25,695] Trial 783 finished with value: 0.127570100496895 and parameters: {'ISTN': 100.61869417609111, 'I_gpe': 0.6547344989096807, 'I_gpi': 2.2154096923324405, 'noise_stn_sigma': 3.341454795604373, 'noise_gpe_sigma': 110.55742862019687, 'noise_gpi_sigma': 123.68446041482368, 'g_stn_gpe_mult': 3.9543897261135648, 'g_gpe_stn_mult': 1.5236518142547857, 'g_stn_gpi_mult': 3.1040786324143994, 'g_gpe_gpi_mult': 1.5378936946289825}. Best is trial 778 with value: 0.10625494872066665.
[I 2026-05-28 01:18:26,705] Trial 784 finished with value: 0.29306700702328436 and parameters: {'ISTN': 101.09548939029818, 'I_gpe': 0.7045048419936126, 'I_gpi': 2.122176623829241, 'noise_stn_sigma': 3.091934535904328, 'noise_gpe_sigma': 100.69264690923714, 'noise_gpi_sigma': 127.7307131058209, 'g_stn_gpe_mult': 3.992707732660065, 'g_gpe_stn_mult': 1.5082209643545816, 'g_stn_gpi_mult': 2.957478970580453, 'g_gpe_gpi_mult': 1.5160965581822787}. Best is trial 778 with value: 0.10625494872066665.
[I 2026-05-28 01:18:27,711] Trial 785 finished with value: 0.10346106912109251 and parameters: {'ISTN': 101.48662574380576, 'I_gpe': 0.7155242844062784, 'I_gpi': 2.156758720063938, 'noise_stn_sigma': 3.05457598859024, 'noise_gpe_sigma': 106.69510178139487, 'noise_gpi_sigma': 123.59003197481499, 'g_stn_gpe_mult': 4.059986144683165, 'g_gpe_stn_mult': 1.5081456597036482, 'g_stn_gpi_mult': 3.0135911389881485, 'g_gpe_gpi_mult': 1.4834220977778534}. Best is trial 785 with value: 0.10346106912109251.
[I 2026-05-28 01:18:28,723] Trial 786 finished with value: 0.12642970873129014 and parameters: {'ISTN': 103.85086819865757, 'I_gpe': 0.6736912123021912, 'I_gpi': 2.110823200092182, 'noise_stn_sigma': 3.343895964059764, 'noise_gpe_sigma': 107.73439639557527, 'noise_gpi_sigma': 123.51861354145531, 'g_stn_gpe_mult': 4.054058003731306, 'g_gpe_stn_mult': 1.5343235432943094, 'g_stn_gpi_mult': 3.016882516374982, 'g_gpe_gpi_mult': 1.5094308189423984}. Best is trial 785 with value: 0.10346106912109251.
[I 2026-05-28 01:18:29,731] Trial 787 finished with value: 0.9233586781515029 and parameters: {'ISTN': 102.31780040230188, 'I_gpe': 0.6737292089095428, 'I_gpi': 2.0939560937974138, 'noise_stn_sigma': 3.093091496104199, 'noise_gpe_sigma': 108.37911813070595, 'noise_gpi_sigma': 123.17541431618731, 'g_stn_gpe_mult': 3.9343458637659574, 'g_gpe_stn_mult': 1.525733199747926, 'g_stn_gpi_mult': 3.011315183128889, 'g_gpe_gpi_mult': 1.5314272107551794}. Best is trial 785 with value: 0.10346106912109251.
[I 2026-05-28 01:18:30,740] Trial 788 finished with value: 0.13777189491720154 and parameters: {'ISTN': 101.71143270120147, 'I_gpe': 0.5943275771098703, 'I_gpi': 2.0612764560879064, 'noise_stn_sigma': 3.4286008618419057, 'noise_gpe_sigma': 111.31187842851259, 'noise_gpi_sigma': 123.46159276293251, 'g_stn_gpe_mult': 4.072623918417154, 'g_gpe_stn_mult': 1.5449414906490093, 'g_stn_gpi_mult': 3.0252692527037772, 'g_gpe_gpi_mult': 1.4984218770237168}. Best is trial 785 with value: 0.10346106912109251.
[I 2026-05-28 01:18:31,749] Trial 789 finished with value: 0.12726226520028755 and parameters: {'ISTN': 101.37929663048217, 'I_gpe': 0.6824015706810028, 'I_gpi': 2.0772502311377945, 'noise_stn_sigma': 3.0996426928817336, 'noise_gpe_sigma': 106.66114158605359, 'noise_gpi_sigma': 125.71352263637259, 'g_stn_gpe_mult': 3.9478659754046856, 'g_gpe_stn_mult': 1.5079283497698308, 'g_stn_gpi_mult': 2.911937525280573, 'g_gpe_gpi_mult': 1.560653035272349}. Best is trial 785 with value: 0.10346106912109251.
[I 2026-05-28 01:18:32,756] Trial 790 finished with value: 0.12587531228364507 and parameters: {'ISTN': 101.62579722971685, 'I_gpe': 0.6844848784118847, 'I_gpi': 2.0156818568862285, 'noise_stn_sigma': 3.3959707717748637, 'noise_gpe_sigma': 106.00747373242068, 'noise_gpi_sigma': 125.89510173266761, 'g_stn_gpe_mult': 4.027815219282553, 'g_gpe_stn_mult': 1.5124507733107837, 'g_stn_gpi_mult': 2.9986504107710363, 'g_gpe_gpi_mult': 1.596879386370179}. Best is trial 785 with value: 0.10346106912109251.
[I 2026-05-28 01:18:33,765] Trial 791 finished with value: 0.1410281521211092 and parameters: {'ISTN': 102.63838096153592, 'I_gpe': 0.7022864649139944, 'I_gpi': 2.0883303793187897, 'noise_stn_sigma': 3.2013367153581305, 'noise_gpe_sigma': 107.62339529563911, 'noise_gpi_sigma': 121.89083419280331, 'g_stn_gpe_mult': 3.9847950954039675, 'g_gpe_stn_mult': 1.51664110663422, 'g_stn_gpi_mult': 3.0441678831906622, 'g_gpe_gpi_mult': 1.5976825385708067}. Best is trial 785 with value: 0.10346106912109251.
