[I 2026-05-28 01:16:21,712] Trial 660 finished with value: 0.144508646497777 and parameters: {'ISTN': 98.58565751807969, 'I_gpe': 0.7381804946091232, 'I_gpi': 2.0816207280967056, 'noise_stn_sigma': 3.286423003011634, 'noise_gpe_sigma': 103.4646410666191, 'noise_gpi_sigma': 132.07549424519738, 'g_stn_gpe_mult': 3.805306587771279, 'g_gpe_stn_mult': 1.4621838607791775, 'g_stn_gpi_mult': 2.906817976638603, 'g_gpe_gpi_mult': 1.6183787046492777}. Best is trial 604 with value: 0.11752073114951478.
[I 2026-05-28 01:16:22,721] Trial 661 finished with value: 0.3057892397789874 and parameters: {'ISTN': 98.12169573831048, 'I_gpe': 0.6772681211537478, 'I_gpi': 2.1693303221028932, 'noise_stn_sigma': 2.8805038945142787, 'noise_gpe_sigma': 100.78479010613887, 'noise_gpi_sigma': 127.93434855933938, 'g_stn_gpe_mult': 3.9620607100984335, 'g_gpe_stn_mult': 1.487889540524989, 'g_stn_gpi_mult': 2.8269985942776934, 'g_gpe_gpi_mult': 1.6265535352743141}. Best is trial 604 with value: 0.11752073114951478.
[I 2026-05-28 01:16:23,728] Trial 662 finished with value: 0.14507972826085222 and parameters: {'ISTN': 96.7696890615668, 'I_gpe': 0.7417671591746863, 'I_gpi': 2.2116707693646225, 'noise_stn_sigma': 3.030297866688042, 'noise_gpe_sigma': 98.00641022256569, 'noise_gpi_sigma': 128.4512512535432, 'g_stn_gpe_mult': 3.8247231913761883, 'g_gpe_stn_mult': 1.456905558196124, 'g_stn_gpi_mult': 3.000730218769703, 'g_gpe_gpi_mult': 1.6274338705680593}. Best is trial 604 with value: 0.11752073114951478.
[I 2026-05-28 01:16:24,734] Trial 663 finished with value: 0.34674348731846316 and parameters: {'ISTN': 97.51142962195934, 'I_gpe': 0.7259014019354766, 'I_gpi': 2.055721556507557, 'noise_stn_sigma': 3.2273221621703554, 'noise_gpe_sigma': 104.058670360127, 'noise_gpi_sigma': 125.40534087979765, 'g_stn_gpe_mult': 3.7655440768218753, 'g_gpe_stn_mult': 1.4834267881190837, 'g_stn_gpi_mult': 3.0452534602612227, 'g_gpe_gpi_mult': 1.6298866405869876}. Best is trial 604 with value: 0.11752073114951478.
[I 2026-05-28 01:16:25,740] Trial 664 finished with value: 0.15934422654281366 and parameters: {'ISTN': 98.39673170587442, 'I_gpe': 0.770671876752018, 'I_gpi': 2.098002321880861, 'noise_stn_sigma': 3.093733277563302, 'noise_gpe_sigma': 99.77110130398408, 'noise_gpi_sigma': 128.1203920136056, 'g_stn_gpe_mult': 3.887818308188324, 'g_gpe_stn_mult': 1.4772449232502214, 'g_stn_gpi_mult': 2.8652533339728805, 'g_gpe_gpi_mult': 1.6433851912609658}. Best is trial 604 with value: 0.11752073114951478.
[I 2026-05-28 01:16:26,749] Trial 665 finished with value: 0.3153962212236988 and parameters: {'ISTN': 97.68949933697357, 'I_gpe': 0.7157103074613498, 'I_gpi': 2.047247065912842, 'noise_stn_sigma': 2.9900975430068537, 'noise_gpe_sigma': 103.64406088896159, 'noise_gpi_sigma': 127.17156066383477, 'g_stn_gpe_mult': 3.8139812370730435, 'g_gpe_stn_mult': 1.5093556323107145, 'g_stn_gpi_mult': 2.9907797005040995, 'g_gpe_gpi_mult': 1.6143466714069514}. Best is trial 604 with value: 0.11752073114951478.
[I 2026-05-28 01:16:27,759] Trial 666 finished with value: 0.17410217046677456 and parameters: {'ISTN': 97.09423193152847, 'I_gpe': 0.727627516574289, 'I_gpi': 2.225270463616943, 'noise_stn_sigma': 2.8680192607509536, 'noise_gpe_sigma': 104.05405309669118, 'noise_gpi_sigma': 130.90893569908778, 'g_stn_gpe_mult': 3.823638179938517, 'g_gpe_stn_mult': 1.4759173033150337, 'g_stn_gpi_mult': 2.8724376186996885, 'g_gpe_gpi_mult': 1.6676225912426108}. Best is trial 604 with value: 0.11752073114951478.
[I 2026-05-28 01:16:28,767] Trial 667 finished with value: 0.1367203806814168 and parameters: {'ISTN': 98.95759274485886, 'I_gpe': 0.716875790212727, 'I_gpi': 2.1788332127086787, 'noise_stn_sigma': 2.9233177574908398, 'noise_gpe_sigma': 104.95052716342228, 'noise_gpi_sigma': 126.61008253894929, 'g_stn_gpe_mult': 3.7936323686988302, 'g_gpe_stn_mult': 1.4683665127637275, 'g_stn_gpi_mult': 2.9725036920734995, 'g_gpe_gpi_mult': 1.5859136436868688}. Best is trial 604 with value: 0.11752073114951478.
[I 2026-05-28 01:16:29,775] Trial 668 finished with value: 0.1227979378208822 and parameters: {'ISTN': 100.79354579603077, 'I_gpe': 0.7290606777874371, 'I_gpi': 2.0825595474625462, 'noise_stn_sigma': 3.05691789207647, 'noise_gpe_sigma': 103.87928240060573, 'noise_gpi_sigma': 127.69073783665242, 'g_stn_gpe_mult': 3.9041165739788743, 'g_gpe_stn_mult': 1.4990685796316918, 'g_stn_gpi_mult': 2.984000575573615, 'g_gpe_gpi_mult': 1.5910582432166647}. Best is trial 604 with value: 0.11752073114951478.
[I 2026-05-28 01:16:30,785] Trial 669 finished with value: 0.16799446639605714 and parameters: {'ISTN': 98.31433889282502, 'I_gpe': 0.748375938806366, 'I_gpi': 2.273557044473039, 'noise_stn_sigma': 2.9668698407291147, 'noise_gpe_sigma': 99.66168039012561, 'noise_gpi_sigma': 126.4651757430031, 'g_stn_gpe_mult': 3.9041056778608496, 'g_gpe_stn_mult': 1.474054206265496, 'g_stn_gpi_mult': 2.79962492657454, 'g_gpe_gpi_mult': 1.6785813832275522}. Best is trial 604 with value: 0.11752073114951478.
[I 2026-05-28 01:16:31,794] Trial 670 finished with value: 0.3322703140306901 and parameters: {'ISTN': 98.37459990700589, 'I_gpe': 0.7993310213960148, 'I_gpi': 2.0101448978434195, 'noise_stn_sigma': 2.9159339552462242, 'noise_gpe_sigma': 99.9920925967812, 'noise_gpi_sigma': 129.49982986343275, 'g_stn_gpe_mult': 3.858609679718047, 'g_gpe_stn_mult': 1.453464072705061, 'g_stn_gpi_mult': 2.8424221215934278, 'g_gpe_gpi_mult': 1.6610188463421167}. Best is trial 604 with value: 0.11752073114951478.
[I 2026-05-28 01:16:32,803] Trial 671 finished with value: 0.12177279396999688 and parameters: {'ISTN': 100.8770330538039, 'I_gpe': 0.7689844426931824, 'I_gpi': 2.134797101006619, 'noise_stn_sigma': 3.0305688390581413, 'noise_gpe_sigma': 99.72645416843892, 'noise_gpi_sigma': 129.2015945110698, 'g_stn_gpe_mult': 3.944115591935164, 'g_gpe_stn_mult': 1.4952244032929798, 'g_stn_gpi_mult': 2.8005531501744625, 'g_gpe_gpi_mult': 1.6207950529542645}. Best is trial 604 with value: 0.11752073114951478.
[I 2026-05-28 01:16:33,811] Trial 672 finished with value: 0.12174519994603247 and parameters: {'ISTN': 97.80842562902215, 'I_gpe': 0.744773497250605, 'I_gpi': 2.1336967331973025, 'noise_stn_sigma': 3.0282831032939215, 'noise_gpe_sigma': 104.1423405022646, 'noise_gpi_sigma': 126.58446351266804, 'g_stn_gpe_mult': 3.8401750181931438, 'g_gpe_stn_mult': 1.4532789684772869, 'g_stn_gpi_mult': 2.921061609735044, 'g_gpe_gpi_mult': 1.5759324307441256}. Best is trial 604 with value: 0.11752073114951478.
[I 2026-05-28 01:16:34,820] Trial 673 finished with value: 0.8977288209581515 and parameters: {'ISTN': 98.32102607502955, 'I_gpe': 0.7705395908502526, 'I_gpi': 2.088967717090828, 'noise_stn_sigma': 2.9442195527952553, 'noise_gpe_sigma': 104.731277347216, 'noise_gpi_sigma': 130.62811117929195, 'g_stn_gpe_mult': 4.1200073367792776, 'g_gpe_stn_mult': 1.4464246785051285, 'g_stn_gpi_mult': 2.8495809831406715, 'g_gpe_gpi_mult': 1.5832115810147824}. Best is trial 604 with value: 0.11752073114951478.
[I 2026-05-28 01:16:35,830] Trial 674 finished with value: 0.9786967542989276 and parameters: {'ISTN': 99.34979633793338, 'I_gpe': 0.8390223896744042, 'I_gpi': 2.1433139539825428, 'noise_stn_sigma': 3.0157671297183657, 'noise_gpe_sigma': 100.78877677344973, 'noise_gpi_sigma': 127.73928834301964, 'g_stn_gpe_mult': 3.841573466812194, 'g_gpe_stn_mult': 1.4276707983626644, 'g_stn_gpi_mult': 2.9560818177789523, 'g_gpe_gpi_mult': 1.599543289376596}. Best is trial 604 with value: 0.11752073114951478.
[I 2026-05-28 01:16:36,839] Trial 675 finished with value: 0.12304953819521863 and parameters: {'ISTN': 100.65801885449426, 'I_gpe': 0.8171189216518768, 'I_gpi': 2.1244698510654314, 'noise_stn_sigma': 3.0254744968448253, 'noise_gpe_sigma': 106.21605877971281, 'noise_gpi_sigma': 127.83406453470869, 'g_stn_gpe_mult': 3.9395596106501505, 'g_gpe_stn_mult': 1.478623441465887, 'g_stn_gpi_mult': 3.0214787409611894, 'g_gpe_gpi_mult': 1.6223968291273065}. Best is trial 604 with value: 0.11752073114951478.
[I 2026-05-28 01:16:37,847] Trial 676 finished with value: 0.191125413597398 and parameters: {'ISTN': 99.06007794077456, 'I_gpe': 0.8174416167046132, 'I_gpi': 2.085771955852831, 'noise_stn_sigma': 2.7406312424325114, 'noise_gpe_sigma': 99.77001955398815, 'noise_gpi_sigma': 127.49161886139392, 'g_stn_gpe_mult': 3.9847118227485683, 'g_gpe_stn_mult': 1.4727070903282997, 'g_stn_gpi_mult': 2.95368009096197, 'g_gpe_gpi_mult': 1.6238356425077511}. Best is trial 604 with value: 0.11752073114951478.
[I 2026-05-28 01:16:38,859] Trial 677 finished with value: 0.13820370066080634 and parameters: {'ISTN': 95.90988919034243, 'I_gpe': 0.7439483690256143, 'I_gpi': 2.2040743759762567, 'noise_stn_sigma': 2.9014091729228495, 'noise_gpe_sigma': 99.82214552675666, 'noise_gpi_sigma': 129.76871205237467, 'g_stn_gpe_mult': 3.71527918349652, 'g_gpe_stn_mult': 1.4226447694243238, 'g_stn_gpi_mult': 2.947189078148793, 'g_gpe_gpi_mult': 1.6451813512914195}. Best is trial 604 with value: 0.11752073114951478.
[I 2026-05-28 01:16:39,867] Trial 678 finished with value: 0.5125515469385855 and parameters: {'ISTN': 97.96018476163727, 'I_gpe': 0.7977021409649276, 'I_gpi': 2.068516569821334, 'noise_stn_sigma': 3.073854387346005, 'noise_gpe_sigma': 101.76182771342933, 'noise_gpi_sigma': 128.96102236962201, 'g_stn_gpe_mult': 4.019751728514051, 'g_gpe_stn_mult': 1.472236273241151, 'g_stn_gpi_mult': 2.989745273280861, 'g_gpe_gpi_mult': 1.6527556462156292}. Best is trial 604 with value: 0.11752073114951478.
[I 2026-05-28 01:16:40,876] Trial 679 finished with value: 0.164208670194284 and parameters: {'ISTN': 98.31649791303045, 'I_gpe': 0.6798922393248236, 'I_gpi': 2.0798105536206166, 'noise_stn_sigma': 3.029848313096164, 'noise_gpe_sigma': 103.04384806335969, 'noise_gpi_sigma': 127.78337041305075, 'g_stn_gpe_mult': 3.829766898832953, 'g_gpe_stn_mult': 1.476844972719841, 'g_stn_gpi_mult': 2.8584862792986723, 'g_gpe_gpi_mult': 1.660795159490303}. Best is trial 604 with value: 0.11752073114951478.
[I 2026-05-28 01:16:41,884] Trial 680 finished with value: 0.13549660814463868 and parameters: {'ISTN': 98.74362963427524, 'I_gpe': 0.7523670036701611, 'I_gpi': 2.2301364909106587, 'noise_stn_sigma': 3.0678648577547363, 'noise_gpe_sigma': 102.18461103291783, 'noise_gpi_sigma': 130.47324014676434, 'g_stn_gpe_mult': 3.888195534173765, 'g_gpe_stn_mult': 1.4492032753169704, 'g_stn_gpi_mult': 2.8778896149831104, 'g_gpe_gpi_mult': 1.6364959672732688}. Best is trial 604 with value: 0.11752073114951478.
[I 2026-05-28 01:16:42,893] Trial 681 finished with value: 0.39871023869196043 and parameters: {'ISTN': 101.14551377058326, 'I_gpe': 0.7795734306451325, 'I_gpi': 2.362454788878382, 'noise_stn_sigma': 3.1156513005885476, 'noise_gpe_sigma': 107.22081629027763, 'noise_gpi_sigma': 129.34438594519736, 'g_stn_gpe_mult': 3.7910631951724487, 'g_gpe_stn_mult': 1.4784355967093479, 'g_stn_gpi_mult': 2.9294674231877327, 'g_gpe_gpi_mult': 1.5906364492819873}. Best is trial 604 with value: 0.11752073114951478.
[I 2026-05-28 01:16:43,902] Trial 682 finished with value: 0.12013626155062979 and parameters: {'ISTN': 98.16685646085934, 'I_gpe': 0.7390584639812255, 'I_gpi': 2.092896872953547, 'noise_stn_sigma': 3.05238096060955, 'noise_gpe_sigma': 104.03618489427818, 'noise_gpi_sigma': 125.30399976362462, 'g_stn_gpe_mult': 3.9108913099258467, 'g_gpe_stn_mult': 1.4632707972396353, 'g_stn_gpi_mult': 2.8244764235093136, 'g_gpe_gpi_mult': 1.5532362792991443}. Best is trial 604 with value: 0.11752073114951478.
[I 2026-05-28 01:16:44,910] Trial 683 finished with value: 0.15825078948918553 and parameters: {'ISTN': 98.08097174420892, 'I_gpe': 0.7921213168273711, 'I_gpi': 2.08380203915782, 'noise_stn_sigma': 3.158801959208829, 'noise_gpe_sigma': 98.68328421212767, 'noise_gpi_sigma': 129.74929729214048, 'g_stn_gpe_mult': 3.959740627738043, 'g_gpe_stn_mult': 1.434105569114589, 'g_stn_gpi_mult': 2.806875862558758, 'g_gpe_gpi_mult': 1.6374280744023637}. Best is trial 604 with value: 0.11752073114951478.
[I 2026-05-28 01:16:45,920] Trial 684 finished with value: 0.1345185595592093 and parameters: {'ISTN': 99.83689879506962, 'I_gpe': 0.7542177793541611, 'I_gpi': 2.1174863372435437, 'noise_stn_sigma': 2.7583984810642566, 'noise_gpe_sigma': 104.50274580604182, 'noise_gpi_sigma': 129.84483600934766, 'g_stn_gpe_mult': 3.8845737730965544, 'g_gpe_stn_mult': 1.4542216442577038, 'g_stn_gpi_mult': 2.9034704982845625, 'g_gpe_gpi_mult': 1.622747275948772}. Best is trial 604 with value: 0.11752073114951478.
[I 2026-05-28 01:16:46,926] Trial 685 finished with value: 1.5905160993971592 and parameters: {'ISTN': 98.44851935345213, 'I_gpe': 0.7768069636794617, 'I_gpi': 2.167175077975738, 'noise_stn_sigma': 3.1884695777267362, 'noise_gpe_sigma': 103.26852104665615, 'noise_gpi_sigma': 125.37891712542772, 'g_stn_gpe_mult': 3.820637912249223, 'g_gpe_stn_mult': 1.4547291988342126, 'g_stn_gpi_mult': 2.9546100452053823, 'g_gpe_gpi_mult': 1.5842720646636816}. Best is trial 604 with value: 0.11752073114951478.
[I 2026-05-28 01:16:47,936] Trial 686 finished with value: 1.5416543102625067 and parameters: {'ISTN': 98.54347574571247, 'I_gpe': 0.741786847022861, 'I_gpi': 2.1141389741388528, 'noise_stn_sigma': 2.9240383211714267, 'noise_gpe_sigma': 104.65139139242955, 'noise_gpi_sigma': 129.1502416824727, 'g_stn_gpe_mult': 3.8734700112051668, 'g_gpe_stn_mult': 1.4720465542823848, 'g_stn_gpi_mult': 2.8799156187409665, 'g_gpe_gpi_mult': 1.6353378451199985}. Best is trial 604 with value: 0.11752073114951478.
[I 2026-05-28 01:16:48,942] Trial 687 finished with value: 0.1323759816868458 and parameters: {'ISTN': 97.13410239550421, 'I_gpe': 0.6966244844345792, 'I_gpi': 2.1026635249425634, 'noise_stn_sigma': 2.96699214352552, 'noise_gpe_sigma': 104.18970594211046, 'noise_gpi_sigma': 128.61365693313834, 'g_stn_gpe_mult': 3.9809814458790664, 'g_gpe_stn_mult': 1.4748926180725046, 'g_stn_gpi_mult': 2.7684264405363423, 'g_gpe_gpi_mult': 1.6693951170647785}. Best is trial 604 with value: 0.11752073114951478.
[I 2026-05-28 01:16:49,952] Trial 688 finished with value: 0.13123183457241017 and parameters: {'ISTN': 98.573929504274, 'I_gpe': 0.7496134829020986, 'I_gpi': 2.061697730251569, 'noise_stn_sigma': 2.9676032641912307, 'noise_gpe_sigma': 100.17565961449193, 'noise_gpi_sigma': 129.0716847988095, 'g_stn_gpe_mult': 3.971728439557559, 'g_gpe_stn_mult': 1.465935785945937, 'g_stn_gpi_mult': 2.909379520329756, 'g_gpe_gpi_mult': 1.6662736632491264}. Best is trial 604 with value: 0.11752073114951478.
[I 2026-05-28 01:16:50,961] Trial 689 finished with value: 4.4863892696851595 and parameters: {'ISTN': 99.7006699673386, 'I_gpe': 0.8348376623184918, 'I_gpi': 2.1855457284359012, 'noise_stn_sigma': 2.842905834153572, 'noise_gpe_sigma': 100.91936382291155, 'noise_gpi_sigma': 130.77572317079728, 'g_stn_gpe_mult': 3.664458591798305, 'g_gpe_stn_mult': 1.447448500021583, 'g_stn_gpi_mult': 2.857093606411336, 'g_gpe_gpi_mult': 1.595450340591086}. Best is trial 604 with value: 0.11752073114951478.
[I 2026-05-28 01:16:51,967] Trial 690 finished with value: 3.178454474992682 and parameters: {'ISTN': 98.98972696735649, 'I_gpe': 0.7397884474146531, 'I_gpi': 2.0942344040221412, 'noise_stn_sigma': 2.8525447048458954, 'noise_gpe_sigma': 105.69656319236768, 'noise_gpi_sigma': 130.71202450391428, 'g_stn_gpe_mult': 3.8239644611564616, 'g_gpe_stn_mult': 1.4572979158042514, 'g_stn_gpi_mult': 2.829719705964491, 'g_gpe_gpi_mult': 1.5545118279314032}. Best is trial 604 with value: 0.11752073114951478.
[I 2026-05-28 01:16:52,979] Trial 691 finished with value: 0.1279596548585002 and parameters: {'ISTN': 97.5810565411418, 'I_gpe': 0.6628760154942278, 'I_gpi': 2.054648982261952, 'noise_stn_sigma': 2.904058703810362, 'noise_gpe_sigma': 106.53282493092249, 'noise_gpi_sigma': 129.25654077472086, 'g_stn_gpe_mult': 3.8908588810623534, 'g_gpe_stn_mult': 1.4863637813216868, 'g_stn_gpi_mult': 2.859817428690568, 'g_gpe_gpi_mult': 1.6418388920071412}. Best is trial 604 with value: 0.11752073114951478.
[I 2026-05-28 01:16:53,927] Trial 692 finished with value: 1000000.0 and parameters: {'ISTN': 98.25916342926834, 'I_gpe': 0.7350759152366585, 'I_gpi': 2.096734478503845, 'noise_stn_sigma': 2.8326004739908894, 'noise_gpe_sigma': 104.21061489495922, 'noise_gpi_sigma': 127.8070517689411, 'g_stn_gpe_mult': 3.99623433325669, 'g_gpe_stn_mult': 1.4638986621013206, 'g_stn_gpi_mult': 2.729322838318359, 'g_gpe_gpi_mult': 1.693123295101663}. Best is trial 604 with value: 0.11752073114951478.
[I 2026-05-28 01:16:54,933] Trial 693 finished with value: 1.1984904277503632 and parameters: {'ISTN': 98.6128577154137, 'I_gpe': 0.7656066850929395, 'I_gpi': 2.1298396525533967, 'noise_stn_sigma': 3.0972728999028747, 'noise_gpe_sigma': 102.69014364541819, 'noise_gpi_sigma': 126.91881786773122, 'g_stn_gpe_mult': 3.940260196117531, 'g_gpe_stn_mult': 1.4470502701364154, 'g_stn_gpi_mult': 2.7646612361014573, 'g_gpe_gpi_mult': 1.6736386517179214}. Best is trial 604 with value: 0.11752073114951478.
[I 2026-05-28 01:16:55,940] Trial 694 finished with value: 0.11865880538519331 and parameters: {'ISTN': 100.27793535384973, 'I_gpe': 0.7686938204387417, 'I_gpi': 2.0739466184960307, 'noise_stn_sigma': 2.9279452339006564, 'noise_gpe_sigma': 105.52625829528664, 'noise_gpi_sigma': 126.646080795028, 'g_stn_gpe_mult': 4.050924342225194, 'g_gpe_stn_mult': 1.4878976037519376, 'g_stn_gpi_mult': 2.9025210516788644, 'g_gpe_gpi_mult': 1.5658870665942362}. Best is trial 604 with value: 0.11752073114951478.
[I 2026-05-28 01:16:56,947] Trial 695 finished with value: 0.223198627686984 and parameters: {'ISTN': 98.13563524343617, 'I_gpe': 0.7569368007727371, 'I_gpi': 2.032664112576972, 'noise_stn_sigma': 2.8922761578120797, 'noise_gpe_sigma': 103.75716940709468, 'noise_gpi_sigma': 133.0395946116719, 'g_stn_gpe_mult': 3.817776895263038, 'g_gpe_stn_mult': 1.4318817463735678, 'g_stn_gpi_mult': 2.861910655344439, 'g_gpe_gpi_mult': 1.630758918743736}. Best is trial 604 with value: 0.11752073114951478.
[I 2026-05-28 01:16:57,956] Trial 696 finished with value: 7.449898679428026 and parameters: {'ISTN': 99.76034971985604, 'I_gpe': 0.7353375063504124, 'I_gpi': 2.0535729348491905, 'noise_stn_sigma': 2.820256903527168, 'noise_gpe_sigma': 100.85318689027604, 'noise_gpi_sigma': 126.42336800046431, 'g_stn_gpe_mult': 3.9572854536719166, 'g_gpe_stn_mult': 1.475708392404511, 'g_stn_gpi_mult': 2.9137059084170787, 'g_gpe_gpi_mult': 1.6065254109154687}. Best is trial 604 with value: 0.11752073114951478.
[I 2026-05-28 01:16:58,966] Trial 697 finished with value: 4.12205443349909 and parameters: {'ISTN': 97.48099200361844, 'I_gpe': 0.7430483231105158, 'I_gpi': 2.1115591868573516, 'noise_stn_sigma': 3.0528032609566895, 'noise_gpe_sigma': 106.75584447609147, 'noise_gpi_sigma': 122.9196744266317, 'g_stn_gpe_mult': 4.006875164394882, 'g_gpe_stn_mult': 1.4688869444288528, 'g_stn_gpi_mult': 2.91886952045674, 'g_gpe_gpi_mult': 1.5821307444332144}. Best is trial 604 with value: 0.11752073114951478.
[I 2026-05-28 01:16:59,974] Trial 698 finished with value: 3.3898170045420137 and parameters: {'ISTN': 99.98948647908367, 'I_gpe': 0.7958776752080781, 'I_gpi': 2.0152028748058024, 'noise_stn_sigma': 2.958248431327613, 'noise_gpe_sigma': 104.46621376551394, 'noise_gpi_sigma': 130.0729160603486, 'g_stn_gpe_mult': 3.943474877067238, 'g_gpe_stn_mult': 1.4353693761445991, 'g_stn_gpi_mult': 2.888478166304272, 'g_gpe_gpi_mult': 1.660122953803571}. Best is trial 604 with value: 0.11752073114951478.
[I 2026-05-28 01:17:00,982] Trial 699 finished with value: 0.2876658717112585 and parameters: {'ISTN': 98.99176096254926, 'I_gpe': 0.7014635671586054, 'I_gpi': 2.199076246692859, 'noise_stn_sigma': 2.980509184745388, 'noise_gpe_sigma': 104.98775820124185, 'noise_gpi_sigma': 126.56148908079443, 'g_stn_gpe_mult': 3.8716965220797723, 'g_gpe_stn_mult': 1.4580985535774427, 'g_stn_gpi_mult': 2.7495977002664347, 'g_gpe_gpi_mult': 1.650452559505896}. Best is trial 604 with value: 0.11752073114951478.
[I 2026-05-28 01:17:01,991] Trial 700 finished with value: 1.2509694737174903 and parameters: {'ISTN': 96.27335545181552, 'I_gpe': 0.7295129778407634, 'I_gpi': 2.181424863160646, 'noise_stn_sigma': 3.0129900714463074, 'noise_gpe_sigma': 103.83657901279784, 'noise_gpi_sigma': 125.69091603574785, 'g_stn_gpe_mult': 3.8175786709602177, 'g_gpe_stn_mult': 1.453575326992675, 'g_stn_gpi_mult': 2.7911599153611184, 'g_gpe_gpi_mult': 1.6089938433265987}. Best is trial 604 with value: 0.11752073114951478.
[I 2026-05-28 01:17:03,003] Trial 701 finished with value: 0.12445087005974506 and parameters: {'ISTN': 99.96723743189705, 'I_gpe': 0.6974949304690511, 'I_gpi': 2.020521671522761, 'noise_stn_sigma': 3.1717687791869618, 'noise_gpe_sigma': 109.05721681299732, 'noise_gpi_sigma': 128.37733259332538, 'g_stn_gpe_mult': 4.020173034060424, 'g_gpe_stn_mult': 1.4934384148498607, 'g_stn_gpi_mult': 2.845296999666014, 'g_gpe_gpi_mult': 1.6144625546612967}. Best is trial 604 with value: 0.11752073114951478.
[I 2026-05-28 01:17:04,013] Trial 702 finished with value: 0.14025876975742083 and parameters: {'ISTN': 97.98289508663007, 'I_gpe': 0.6772281399628284, 'I_gpi': 1.9957340051235208, 'noise_stn_sigma': 3.0430978971344826, 'noise_gpe_sigma': 105.6843541886749, 'noise_gpi_sigma': 128.31866627792618, 'g_stn_gpe_mult': 3.978231434971719, 'g_gpe_stn_mult': 1.468535038848451, 'g_stn_gpi_mult': 2.80214563381256, 'g_gpe_gpi_mult': 1.6314395632116399}. Best is trial 604 with value: 0.11752073114951478.
[I 2026-05-28 01:17:05,020] Trial 703 finished with value: 2.8701030889217267 and parameters: {'ISTN': 100.1966837709627, 'I_gpe': 0.7846962226649223, 'I_gpi': 2.111498603711583, 'noise_stn_sigma': 2.946608741967575, 'noise_gpe_sigma': 103.77658702937332, 'noise_gpi_sigma': 131.09293568719346, 'g_stn_gpe_mult': 3.9986348256198943, 'g_gpe_stn_mult': 1.4642827982393003, 'g_stn_gpi_mult': 2.9210343691224305, 'g_gpe_gpi_mult': 1.610691876899413}. Best is trial 604 with value: 0.11752073114951478.
