[I 2026-05-28 01:05:14,785] A new study created in memory with name: sensitivity_bounds_symmetric
[I 2026-05-28 01:05:17,205] Trial 0 finished with value: 131.68953401282445 and parameters: {'ISTN': 93.70861069626262, 'I_gpe': 3.827500072434707, 'I_gpi': 3.9279757672456204, 'noise_stn_sigma': 5.190609389379256, 'noise_gpe_sigma': 40.28242325751675, 'noise_gpi_sigma': 40.27928764370634, 'g_stn_gpe_mult': 0.7613762547568976, 'g_gpe_stn_mult': 1.745734676972377, 'g_stn_gpi_mult': 2.6039025411012306, 'g_gpe_gpi_mult': 1.474530640032882}. Best is trial 0 with value: 131.68953401282445.
[I 2026-05-28 01:05:18,219] Trial 1 finished with value: 4.771752923287447 and parameters: {'ISTN': 102.18398227973381, 'I_gpe': 1.7822592367307524, 'I_gpi': 2.0402078942860182, 'noise_stn_sigma': 5.527278325084124, 'noise_gpe_sigma': 64.87605951987203, 'noise_gpi_sigma': 128.16311557229506, 'g_stn_gpe_mult': 3.5578402436575547, 'g_gpe_stn_mult': 1.0862726546979018, 'g_stn_gpi_mult': 1.5735167995064316, 'g_gpe_gpi_mult': 0.8689847338799379}. Best is trial 1 with value: 4.771752923287447.
[I 2026-05-28 01:05:19,229] Trial 2 finished with value: 8.305640530675955 and parameters: {'ISTN': 104.05697545714605, 'I_gpe': 1.6990806611446447, 'I_gpi': 2.1093322736015803, 'noise_stn_sigma': 4.391415413253829, 'noise_gpe_sigma': 95.78215145683166, 'noise_gpi_sigma': 112.26271914252017, 'g_stn_gpe_mult': 3.2263681169846254, 'g_gpe_stn_mult': 1.1383059197094287, 'g_stn_gpi_mult': 2.1741508788785704, 'g_gpe_gpi_mult': 1.4309710547996568}. Best is trial 1 with value: 4.771752923287447.
[I 2026-05-28 01:05:20,237] Trial 3 finished with value: 34.66028110600291 and parameters: {'ISTN': 124.05768254138863, 'I_gpe': 2.4404639905642638, 'I_gpi': 2.929437307767527, 'noise_stn_sigma': 4.597526383157501, 'noise_gpe_sigma': 123.71799364703026, 'noise_gpi_sigma': 102.97034598752232, 'g_stn_gpe_mult': 2.542577302829212, 'g_gpe_stn_mult': 0.5692092274221672, 'g_stn_gpi_mult': 3.5274233448884074, 'g_gpe_gpi_mult': 0.9131189009578635}. Best is trial 1 with value: 4.771752923287447.
[I 2026-05-28 01:05:21,242] Trial 4 finished with value: 6.0775871839360205 and parameters: {'ISTN': 61.327006512303655, 'I_gpe': 2.322282146919423, 'I_gpi': 2.6397695163821506, 'noise_stn_sigma': 3.62253468740132, 'noise_gpe_sigma': 78.9240566977039, 'noise_gpi_sigma': 101.63027934654737, 'g_stn_gpe_mult': 2.909523878524351, 'g_gpe_stn_mult': 0.4068223067640764, 'g_stn_gpi_mult': 1.7731537834402256, 'g_gpe_gpi_mult': 1.0223965900673953}. Best is trial 1 with value: 4.771752923287447.
[I 2026-05-28 01:05:22,248] Trial 5 finished with value: 11.05466813449323 and parameters: {'ISTN': 118.21835604782609, 'I_gpe': 1.5081892774313215, 'I_gpi': 3.899768098732145, 'noise_stn_sigma': 3.936086758513816, 'noise_gpe_sigma': 119.32152160252447, 'noise_gpi_sigma': 102.30543016488373, 'g_stn_gpe_mult': 2.403859029982442, 'g_gpe_stn_mult': 1.2230895862776343, 'g_stn_gpi_mult': 2.827427758648206, 'g_gpe_gpi_mult': 1.5743912051119733}. Best is trial 1 with value: 4.771752923287447.
[I 2026-05-28 01:05:23,256] Trial 6 finished with value: 24.301312366150846 and parameters: {'ISTN': 121.61855037844573, 'I_gpe': 1.6513293219198029, 'I_gpi': 2.8432761902587727, 'noise_stn_sigma': 3.8480047711083603, 'noise_gpe_sigma': 74.143091992362, 'noise_gpi_sigma': 62.05518437298985, 'g_stn_gpe_mult': 2.9129526135996047, 'g_gpe_stn_mult': 0.890388989188379, 'g_stn_gpi_mult': 2.071917550934849, 'g_gpe_gpi_mult': 0.5856726499139071}. Best is trial 1 with value: 4.771752923287447.
[I 2026-05-28 01:05:24,262] Trial 7 finished with value: 28.768049983246033 and parameters: {'ISTN': 118.14807622329761, 'I_gpe': 1.5486294089623256, 'I_gpi': 2.4516321436833994, 'noise_stn_sigma': 2.679013017620471, 'noise_gpe_sigma': 56.04599877645517, 'noise_gpi_sigma': 116.28652710522236, 'g_stn_gpe_mult': 2.418638844321121, 'g_gpe_stn_mult': 0.6308761057208676, 'g_stn_gpi_mult': 1.3354787249775577, 'g_gpe_gpi_mult': 0.772376938624951}. Best is trial 1 with value: 4.771752923287447.
[I 2026-05-28 01:05:25,271] Trial 8 finished with value: 39.0591886326571 and parameters: {'ISTN': 125.24171270223263, 'I_gpe': 2.8526086943177944, 'I_gpi': 2.0678354736293487, 'noise_stn_sigma': 3.402302701760284, 'noise_gpe_sigma': 94.41082187084776, 'noise_gpi_sigma': 98.9600504549821, 'g_stn_gpe_mult': 3.2423982995921006, 'g_gpe_stn_mult': 0.5174950934220964, 'g_stn_gpi_mult': 2.6669281409478787, 'g_gpe_gpi_mult': 1.2073395992688336}. Best is trial 1 with value: 4.771752923287447.
[I 2026-05-28 01:05:26,273] Trial 9 finished with value: 122.8595549182112 and parameters: {'ISTN': 108.06144798180426, 'I_gpe': 2.088159593914187, 'I_gpi': 2.7321182722451014, 'noise_stn_sigma': 3.3524793808782456, 'noise_gpe_sigma': 48.88483497946666, 'noise_gpi_sigma': 129.93936748396976, 'g_stn_gpe_mult': 2.817230524958993, 'g_gpe_stn_mult': 1.3018927622284446, 'g_stn_gpi_mult': 2.00362591966291, 'g_gpe_gpi_mult': 1.0489893203315213}. Best is trial 1 with value: 4.771752923287447.
[I 2026-05-28 01:05:27,221] Trial 10 finished with value: 1000000.0 and parameters: {'ISTN': 105.28930217987374, 'I_gpe': 2.764126309775512, 'I_gpi': 1.33834956817683, 'noise_stn_sigma': 2.965503538344267, 'noise_gpe_sigma': 129.52996397114705, 'noise_gpi_sigma': 96.48201510531312, 'g_stn_gpe_mult': 2.5067787459012036, 'g_gpe_stn_mult': 1.084430407640024, 'g_stn_gpi_mult': 1.719790890471992, 'g_gpe_gpi_mult': 1.2773369780340076}. Best is trial 1 with value: 4.771752923287447.
[I 2026-05-28 01:05:28,233] Trial 11 finished with value: 14.680275356395565 and parameters: {'ISTN': 83.28025590965913, 'I_gpe': 1.129606376130254, 'I_gpi': 3.294048303418546, 'noise_stn_sigma': 6.627083209686537, 'noise_gpe_sigma': 95.70547023031565, 'noise_gpi_sigma': 127.13900437677506, 'g_stn_gpe_mult': 1.2656341993444102, 'g_gpe_stn_mult': 0.5493260488782045, 'g_stn_gpi_mult': 1.5646882945181062, 'g_gpe_gpi_mult': 0.5288018682152681}. Best is trial 1 with value: 4.771752923287447.
[I 2026-05-28 01:05:29,241] Trial 12 finished with value: 16.987237811094595 and parameters: {'ISTN': 91.11280998583028, 'I_gpe': 1.8771855326421836, 'I_gpi': 2.7151085876541305, 'noise_stn_sigma': 3.657526313366329, 'noise_gpe_sigma': 65.17290124732864, 'noise_gpi_sigma': 123.28177005008162, 'g_stn_gpe_mult': 3.3577221378634934, 'g_gpe_stn_mult': 0.691383819890857, 'g_stn_gpi_mult': 3.142891938468917, 'g_gpe_gpi_mult': 0.8923141386083888}. Best is trial 1 with value: 4.771752923287447.
[I 2026-05-28 01:05:30,247] Trial 13 finished with value: 22.9769595921895 and parameters: {'ISTN': 100.47285957287109, 'I_gpe': 2.5602228117754233, 'I_gpi': 2.99784673139301, 'noise_stn_sigma': 4.519404964440497, 'noise_gpe_sigma': 80.65030525844492, 'noise_gpi_sigma': 115.83502907670702, 'g_stn_gpe_mult': 4.0637696265140715, 'g_gpe_stn_mult': 0.22215442497779908, 'g_stn_gpi_mult': 2.081846476909394, 'g_gpe_gpi_mult': 1.5837962058366946}. Best is trial 1 with value: 4.771752923287447.
[I 2026-05-28 01:05:31,250] Trial 14 finished with value: 120.18550045617991 and parameters: {'ISTN': 75.4128617933544, 'I_gpe': 2.0034317763315013, 'I_gpi': 1.5677813153032676, 'noise_stn_sigma': 2.9651705600807117, 'noise_gpe_sigma': 99.66565849853683, 'noise_gpi_sigma': 145.59166136008082, 'g_stn_gpe_mult': 4.502152967886312, 'g_gpe_stn_mult': 1.1850634620663858, 'g_stn_gpi_mult': 1.1002907846870618, 'g_gpe_gpi_mult': 0.8425786351771813}. Best is trial 1 with value: 4.771752923287447.
[I 2026-05-28 01:05:32,259] Trial 15 finished with value: 22.584536967357195 and parameters: {'ISTN': 109.06182648995188, 'I_gpe': 1.7262555787057299, 'I_gpi': 1.6675326339166077, 'noise_stn_sigma': 4.289137763673551, 'noise_gpe_sigma': 52.31547826406477, 'noise_gpi_sigma': 96.71902780170501, 'g_stn_gpe_mult': 2.743745803617403, 'g_gpe_stn_mult': 0.741405194434935, 'g_stn_gpi_mult': 2.4630088534249186, 'g_gpe_gpi_mult': 0.9760255240056586}. Best is trial 1 with value: 4.771752923287447.
[I 2026-05-28 01:05:33,267] Trial 16 finished with value: 9.44868330829111 and parameters: {'ISTN': 78.80812186045294, 'I_gpe': 1.3599989573393458, 'I_gpi': 1.8670102077890252, 'noise_stn_sigma': 4.657142298860766, 'noise_gpe_sigma': 75.9602305147124, 'noise_gpi_sigma': 122.3395711210782, 'g_stn_gpe_mult': 3.377876734942235, 'g_gpe_stn_mult': 1.1370324998117511, 'g_stn_gpi_mult': 1.6850477807560762, 'g_gpe_gpi_mult': 1.0257832268546703}. Best is trial 1 with value: 4.771752923287447.
[I 2026-05-28 01:05:34,275] Trial 17 finished with value: 15.605662111154249 and parameters: {'ISTN': 119.82215832306495, 'I_gpe': 1.9237698707779385, 'I_gpi': 3.141372508413922, 'noise_stn_sigma': 4.2719370801662855, 'noise_gpe_sigma': 39.369425003061, 'noise_gpi_sigma': 117.75092998344114, 'g_stn_gpe_mult': 4.457290095594843, 'g_gpe_stn_mult': 1.093429780223553, 'g_stn_gpi_mult': 1.5002145492471481, 'g_gpe_gpi_mult': 1.4388693775389159}. Best is trial 1 with value: 4.771752923287447.
[I 2026-05-28 01:05:35,282] Trial 18 finished with value: 18.85384349309773 and parameters: {'ISTN': 83.54991727425704, 'I_gpe': 2.57949147496714, 'I_gpi': 1.5170007770599372, 'noise_stn_sigma': 5.097009522305704, 'noise_gpe_sigma': 37.02790319984256, 'noise_gpi_sigma': 103.7741437249785, 'g_stn_gpe_mult': 3.875106073930342, 'g_gpe_stn_mult': 0.5544053034266611, 'g_stn_gpi_mult': 0.9172121514725062, 'g_gpe_gpi_mult': 1.4764253851128772}. Best is trial 1 with value: 4.771752923287447.
[I 2026-05-28 01:05:36,289] Trial 19 finished with value: 11.64014362743609 and parameters: {'ISTN': 101.26852120632839, 'I_gpe': 2.5546318219958972, 'I_gpi': 3.1848980128536324, 'noise_stn_sigma': 4.5839849631280725, 'noise_gpe_sigma': 102.29020528206287, 'noise_gpi_sigma': 126.81023188336019, 'g_stn_gpe_mult': 3.3210716722997784, 'g_gpe_stn_mult': 0.9646141085975118, 'g_stn_gpi_mult': 1.7586021989594067, 'g_gpe_gpi_mult': 0.9704417527697289}. Best is trial 1 with value: 4.771752923287447.
[I 2026-05-28 01:05:37,296] Trial 20 finished with value: 18.700484290040645 and parameters: {'ISTN': 94.83798399255025, 'I_gpe': 1.8807796638862908, 'I_gpi': 2.7068660003920257, 'noise_stn_sigma': 2.7180752059757403, 'noise_gpe_sigma': 64.26856589903846, 'noise_gpi_sigma': 123.42826975692265, 'g_stn_gpe_mult': 3.396013471228718, 'g_gpe_stn_mult': 0.6307674344634729, 'g_stn_gpi_mult': 1.0575498749810286, 'g_gpe_gpi_mult': 1.3933882707039835}. Best is trial 1 with value: 4.771752923287447.
[I 2026-05-28 01:05:38,301] Trial 21 finished with value: 121.48662107950656 and parameters: {'ISTN': 63.0308739640576, 'I_gpe': 2.3302304538935905, 'I_gpi': 2.8091251735370464, 'noise_stn_sigma': 4.704605039688959, 'noise_gpe_sigma': 75.26239689900598, 'noise_gpi_sigma': 138.2026046883596, 'g_stn_gpe_mult': 4.07668939556749, 'g_gpe_stn_mult': 1.180338868517968, 'g_stn_gpi_mult': 1.2937024098650163, 'g_gpe_gpi_mult': 1.2742141975095482}. Best is trial 1 with value: 4.771752923287447.
[I 2026-05-28 01:05:39,301] Trial 22 finished with value: 122.28989473024052 and parameters: {'ISTN': 69.92964301015058, 'I_gpe': 2.34244897015241, 'I_gpi': 2.0210724170687473, 'noise_stn_sigma': 5.446018964247612, 'noise_gpe_sigma': 74.99890117404982, 'noise_gpi_sigma': 127.37721761476253, 'g_stn_gpe_mult': 4.154455434714753, 'g_gpe_stn_mult': 1.188508137581336, 'g_stn_gpi_mult': 1.834253099140152, 'g_gpe_gpi_mult': 0.9375158054240196}. Best is trial 1 with value: 4.771752923287447.
[I 2026-05-28 01:05:40,308] Trial 23 finished with value: 17.901263821228774 and parameters: {'ISTN': 87.6512789263557, 'I_gpe': 2.0353682228139394, 'I_gpi': 2.2922159670916313, 'noise_stn_sigma': 4.4121974678146385, 'noise_gpe_sigma': 108.68027515389917, 'noise_gpi_sigma': 137.07043857499815, 'g_stn_gpe_mult': 2.128912040366695, 'g_gpe_stn_mult': 0.3764133727905872, 'g_stn_gpi_mult': 1.839724381376945, 'g_gpe_gpi_mult': 0.9512411250534172}. Best is trial 1 with value: 4.771752923287447.
[I 2026-05-28 01:05:41,315] Trial 24 finished with value: 17.198605700514268 and parameters: {'ISTN': 88.08883926684653, 'I_gpe': 3.1238440875085094, 'I_gpi': 3.239932996365651, 'noise_stn_sigma': 5.6471552129053, 'noise_gpe_sigma': 54.544637760454286, 'noise_gpi_sigma': 147.28390593494711, 'g_stn_gpe_mult': 3.079338862569533, 'g_gpe_stn_mult': 0.607887742756313, 'g_stn_gpi_mult': 1.771155585711254, 'g_gpe_gpi_mult': 1.1139255087690947}. Best is trial 1 with value: 4.771752923287447.
[I 2026-05-28 01:05:42,323] Trial 25 finished with value: 8.957266250380966 and parameters: {'ISTN': 85.13935170091808, 'I_gpe': 1.8503345023312288, 'I_gpi': 2.7038432400483248, 'noise_stn_sigma': 4.374578757491911, 'noise_gpe_sigma': 82.88262585256808, 'noise_gpi_sigma': 111.98909141674157, 'g_stn_gpe_mult': 2.259108379689875, 'g_gpe_stn_mult': 0.9356940872828515, 'g_stn_gpi_mult': 1.097978416954637, 'g_gpe_gpi_mult': 1.2562920782868734}. Best is trial 1 with value: 4.771752923287447.
[I 2026-05-28 01:05:43,329] Trial 26 finished with value: 8.906266464010287 and parameters: {'ISTN': 89.96995195389731, 'I_gpe': 1.5890704866696792, 'I_gpi': 2.956050410036302, 'noise_stn_sigma': 4.336647416816032, 'noise_gpe_sigma': 108.62124872735183, 'noise_gpi_sigma': 134.02592594915708, 'g_stn_gpe_mult': 3.923332511629871, 'g_gpe_stn_mult': 1.2422018490047186, 'g_stn_gpi_mult': 1.8722140722117218, 'g_gpe_gpi_mult': 1.0902390465130776}. Best is trial 1 with value: 4.771752923287447.
[I 2026-05-28 01:05:44,276] Trial 27 finished with value: 1000000.0 and parameters: {'ISTN': 75.38848043314101, 'I_gpe': 0.6157944185897124, 'I_gpi': 3.22390090140658, 'noise_stn_sigma': 5.112533929999996, 'noise_gpe_sigma': 125.07928200456384, 'noise_gpi_sigma': 138.1313400086591, 'g_stn_gpe_mult': 2.896182950342239, 'g_gpe_stn_mult': 1.37912549687396, 'g_stn_gpi_mult': 2.058066176040122, 'g_gpe_gpi_mult': 0.9411135441705039}. Best is trial 1 with value: 4.771752923287447.
[I 2026-05-28 01:05:45,286] Trial 28 finished with value: 20.243760484396656 and parameters: {'ISTN': 98.65150262244813, 'I_gpe': 1.7735287765547283, 'I_gpi': 1.889989694831399, 'noise_stn_sigma': 3.3652437059490126, 'noise_gpe_sigma': 40.873575345521715, 'noise_gpi_sigma': 106.942934839332, 'g_stn_gpe_mult': 3.48197460452194, 'g_gpe_stn_mult': 0.7496186884022601, 'g_stn_gpi_mult': 2.0125415868705083, 'g_gpe_gpi_mult': 0.9573117672751588}. Best is trial 1 with value: 4.771752923287447.
[I 2026-05-28 01:05:46,293] Trial 29 finished with value: 11.931828069407404 and parameters: {'ISTN': 80.4710372880313, 'I_gpe': 1.265762849302256, 'I_gpi': 3.0133764516563755, 'noise_stn_sigma': 4.228325812038812, 'noise_gpe_sigma': 104.93654379148491, 'noise_gpi_sigma': 85.97853784954805, 'g_stn_gpe_mult': 1.5563769702685317, 'g_gpe_stn_mult': 0.9014802837141731, 'g_stn_gpi_mult': 2.5266853635315485, 'g_gpe_gpi_mult': 0.5421881908325823}. Best is trial 1 with value: 4.771752923287447.
[I 2026-05-28 01:05:47,296] Trial 30 finished with value: 12.012704751680703 and parameters: {'ISTN': 78.50578968211855, 'I_gpe': 1.2986591421514595, 'I_gpi': 3.0857884300031944, 'noise_stn_sigma': 4.157816983390459, 'noise_gpe_sigma': 101.14573127843221, 'noise_gpi_sigma': 128.35817447068263, 'g_stn_gpe_mult': 2.425774780125931, 'g_gpe_stn_mult': 1.191196020665054, 'g_stn_gpi_mult': 1.1550131899412497, 'g_gpe_gpi_mult': 1.1003136433260134}. Best is trial 1 with value: 4.771752923287447.
[I 2026-05-28 01:05:48,303] Trial 31 finished with value: 10.609960855126662 and parameters: {'ISTN': 98.32869606227948, 'I_gpe': 0.9453284440685715, 'I_gpi': 2.830667897219926, 'noise_stn_sigma': 4.7204496451108096, 'noise_gpe_sigma': 119.40602495381725, 'noise_gpi_sigma': 144.39605816100274, 'g_stn_gpe_mult': 3.4431316658890854, 'g_gpe_stn_mult': 0.9962418327077431, 'g_stn_gpi_mult': 2.9424488728023164, 'g_gpe_gpi_mult': 1.2233098143222159}. Best is trial 1 with value: 4.771752923287447.
[I 2026-05-28 01:05:49,311] Trial 32 finished with value: 0.40975975519311275 and parameters: {'ISTN': 74.10541572103287, 'I_gpe': 0.6549678626166568, 'I_gpi': 2.4511339828185785, 'noise_stn_sigma': 3.8176987833307607, 'noise_gpe_sigma': 75.34101874036295, 'noise_gpi_sigma': 90.31358528428237, 'g_stn_gpe_mult': 3.1608636696504853, 'g_gpe_stn_mult': 1.1278389260793262, 'g_stn_gpi_mult': 1.64456107662547, 'g_gpe_gpi_mult': 1.0099020286720346}. Best is trial 32 with value: 0.40975975519311275.
[I 2026-05-28 01:05:50,316] Trial 33 finished with value: 5.567617455869757 and parameters: {'ISTN': 81.33118906569734, 'I_gpe': 1.2272755470375656, 'I_gpi': 2.428486056275232, 'noise_stn_sigma': 4.374154675019362, 'noise_gpe_sigma': 84.22138955072217, 'noise_gpi_sigma': 118.25065912796993, 'g_stn_gpe_mult': 2.635254745956823, 'g_gpe_stn_mult': 0.9661294244708428, 'g_stn_gpi_mult': 2.1421150896247143, 'g_gpe_gpi_mult': 1.2628763161428989}. Best is trial 32 with value: 0.40975975519311275.
[I 2026-05-28 01:05:51,319] Trial 34 finished with value: 111.37198125154012 and parameters: {'ISTN': 94.8359938784473, 'I_gpe': 1.93573916541057, 'I_gpi': 3.258543092447215, 'noise_stn_sigma': 4.23563291557385, 'noise_gpe_sigma': 117.18619349256296, 'noise_gpi_sigma': 142.7196099213461, 'g_stn_gpe_mult': 3.1016590267647164, 'g_gpe_stn_mult': 1.2510738867578672, 'g_stn_gpi_mult': 1.6955858653012899, 'g_gpe_gpi_mult': 1.1165497211255095}. Best is trial 32 with value: 0.40975975519311275.
[I 2026-05-28 01:05:52,325] Trial 35 finished with value: 3.953160180518018 and parameters: {'ISTN': 93.6146667402946, 'I_gpe': 1.2402352047019853, 'I_gpi': 2.10592027525112, 'noise_stn_sigma': 4.432055270334198, 'noise_gpe_sigma': 118.70183308191561, 'noise_gpi_sigma': 107.75795479448254, 'g_stn_gpe_mult': 3.0204766764239475, 'g_gpe_stn_mult': 1.010086968509072, 'g_stn_gpi_mult': 2.1050032391936067, 'g_gpe_gpi_mult': 1.6463471211736205}. Best is trial 32 with value: 0.40975975519311275.
[I 2026-05-28 01:05:53,333] Trial 36 finished with value: 7.222799990343707 and parameters: {'ISTN': 92.29201662767082, 'I_gpe': 1.0808971976481385, 'I_gpi': 3.4633016459016517, 'noise_stn_sigma': 3.154453719590656, 'noise_gpe_sigma': 111.50620997248737, 'noise_gpi_sigma': 140.26201450737142, 'g_stn_gpe_mult': 2.921595359509866, 'g_gpe_stn_mult': 1.2299494677913922, 'g_stn_gpi_mult': 1.5364471546834777, 'g_gpe_gpi_mult': 1.0146266451568677}. Best is trial 32 with value: 0.40975975519311275.
[I 2026-05-28 01:05:54,341] Trial 37 finished with value: 13.181339353800977 and parameters: {'ISTN': 102.2754019964636, 'I_gpe': 1.960622757722719, 'I_gpi': 3.377496785384585, 'noise_stn_sigma': 4.723288112637534, 'noise_gpe_sigma': 85.44513306669843, 'noise_gpi_sigma': 148.6713282072469, 'g_stn_gpe_mult': 2.885968821505407, 'g_gpe_stn_mult': 1.0337235864822805, 'g_stn_gpi_mult': 2.6968147589542166, 'g_gpe_gpi_mult': 1.188565774825221}. Best is trial 32 with value: 0.40975975519311275.
[I 2026-05-28 01:05:55,346] Trial 38 finished with value: 119.00305853817743 and parameters: {'ISTN': 79.29867301886374, 'I_gpe': 2.550128563939463, 'I_gpi': 2.7397418859147207, 'noise_stn_sigma': 3.1682059854207747, 'noise_gpe_sigma': 142.08157165772457, 'noise_gpi_sigma': 147.05466977754503, 'g_stn_gpe_mult': 3.5014827275384874, 'g_gpe_stn_mult': 0.9158482687515611, 'g_stn_gpi_mult': 2.413360097774164, 'g_gpe_gpi_mult': 0.883723453710676}. Best is trial 32 with value: 0.40975975519311275.
[I 2026-05-28 01:05:56,348] Trial 39 finished with value: 121.63884021131742 and parameters: {'ISTN': 86.1741067299006, 'I_gpe': 2.6468019793273636, 'I_gpi': 2.683452133414389, 'noise_stn_sigma': 5.166697255661343, 'noise_gpe_sigma': 107.32573292121299, 'noise_gpi_sigma': 115.31148205112501, 'g_stn_gpe_mult': 3.0804346450902034, 'g_gpe_stn_mult': 1.4761246476782197, 'g_stn_gpi_mult': 1.864473103625435, 'g_gpe_gpi_mult': 0.9507831168195946}. Best is trial 32 with value: 0.40975975519311275.
[I 2026-05-28 01:05:57,355] Trial 40 finished with value: 5.393812637427 and parameters: {'ISTN': 89.50542565928168, 'I_gpe': 0.99099687383438, 'I_gpi': 3.401516343428089, 'noise_stn_sigma': 3.4012480250627855, 'noise_gpe_sigma': 98.54450348191622, 'noise_gpi_sigma': 140.7168273430376, 'g_stn_gpe_mult': 2.977878645788362, 'g_gpe_stn_mult': 1.2220191952613133, 'g_stn_gpi_mult': 1.5180920937171378, 'g_gpe_gpi_mult': 0.859419784597758}. Best is trial 32 with value: 0.40975975519311275.
[I 2026-05-28 01:05:58,364] Trial 41 finished with value: 4.713363002550938 and parameters: {'ISTN': 81.66995943714784, 'I_gpe': 0.5186050261751365, 'I_gpi': 2.6846629108147924, 'noise_stn_sigma': 3.9454420233252336, 'noise_gpe_sigma': 110.07285779977876, 'noise_gpi_sigma': 122.34654447933913, 'g_stn_gpe_mult': 2.3557745174346416, 'g_gpe_stn_mult': 1.1915914688176434, 'g_stn_gpi_mult': 1.0065821105180581, 'g_gpe_gpi_mult': 1.0867859277735843}. Best is trial 32 with value: 0.40975975519311275.
[I 2026-05-28 01:05:59,372] Trial 42 finished with value: 10.179274804510058 and parameters: {'ISTN': 98.34446100973906, 'I_gpe': 0.8936024838695614, 'I_gpi': 2.293466001680497, 'noise_stn_sigma': 3.204905294243954, 'noise_gpe_sigma': 105.50223417319837, 'noise_gpi_sigma': 78.96605047959193, 'g_stn_gpe_mult': 3.2295123737883498, 'g_gpe_stn_mult': 1.1411373232735564, 'g_stn_gpi_mult': 2.1972412037051843, 'g_gpe_gpi_mult': 1.3109676572009228}. Best is trial 32 with value: 0.40975975519311275.
[I 2026-05-28 01:06:00,319] Trial 43 finished with value: 1000000.0 and parameters: {'ISTN': 97.80725183172521, 'I_gpe': 0.7417858514269254, 'I_gpi': 2.486193414690763, 'noise_stn_sigma': 4.654077519023419, 'noise_gpe_sigma': 126.62658092955745, 'noise_gpi_sigma': 100.37944028753823, 'g_stn_gpe_mult': 1.9569801583328328, 'g_gpe_stn_mult': 0.9355151562913786, 'g_stn_gpi_mult': 2.166138055145024, 'g_gpe_gpi_mult': 1.186409070275097}. Best is trial 32 with value: 0.40975975519311275.
