[I 2026-05-28 00:55:40,288] Trial 440 finished with value: 4.056863444327847 and parameters: {'ISTN': 76.41508742362943, 'I_gpe': 0.9560971741132814, 'I_gpi': 1.4961575666156404, 'noise_stn_sigma': 5.607668722529022, 'noise_gpe_sigma': 84.23013513182961, 'noise_gpi_sigma': 74.75247439962581, 'g_stn_gpe_mult': 1.9940825110895817, 'g_gpe_stn_mult': 0.11621123618089817, 'g_stn_gpi_mult': 2.4411602292483385, 'g_gpe_gpi_mult': 1.094295249779015}. Best is trial 119 with value: 0.2337670588460598.
[I 2026-05-28 00:55:41,301] Trial 441 finished with value: 2.3990662014553727 and parameters: {'ISTN': 79.9094361479957, 'I_gpe': 0.7172051852913468, 'I_gpi': 2.1163679211599797, 'noise_stn_sigma': 5.984921102595938, 'noise_gpe_sigma': 87.57825840764552, 'noise_gpi_sigma': 74.61866954188548, 'g_stn_gpe_mult': 1.7951733252577007, 'g_gpe_stn_mult': 0.16203669476381852, 'g_stn_gpi_mult': 2.3232178173163556, 'g_gpe_gpi_mult': 1.1141141119128173}. Best is trial 119 with value: 0.2337670588460598.
[I 2026-05-28 00:55:42,310] Trial 442 finished with value: 9.640296188669453 and parameters: {'ISTN': 73.03666246371891, 'I_gpe': 0.9547132434059453, 'I_gpi': 1.5371352067197348, 'noise_stn_sigma': 6.001074520199155, 'noise_gpe_sigma': 84.40260897118137, 'noise_gpi_sigma': 77.71329850291055, 'g_stn_gpe_mult': 2.0350204471605746, 'g_gpe_stn_mult': 0.18528734139597478, 'g_stn_gpi_mult': 2.605551735395453, 'g_gpe_gpi_mult': 1.1275641271953811}. Best is trial 119 with value: 0.2337670588460598.
[I 2026-05-28 00:55:43,322] Trial 443 finished with value: 10.063794305291825 and parameters: {'ISTN': 74.10326395592817, 'I_gpe': 0.6764995016845106, 'I_gpi': 1.6097220164298087, 'noise_stn_sigma': 5.676844165299839, 'noise_gpe_sigma': 101.27197893343816, 'noise_gpi_sigma': 62.62513462207236, 'g_stn_gpe_mult': 1.9318427435400543, 'g_gpe_stn_mult': 0.16085017365799256, 'g_stn_gpi_mult': 2.39720262910245, 'g_gpe_gpi_mult': 1.0968698793873255}. Best is trial 119 with value: 0.2337670588460598.
[I 2026-05-28 00:55:44,333] Trial 444 finished with value: 9.883819048787466 and parameters: {'ISTN': 68.28077297971242, 'I_gpe': 1.052375792657047, 'I_gpi': 1.2273263410513566, 'noise_stn_sigma': 6.230053298119828, 'noise_gpe_sigma': 92.18525919436514, 'noise_gpi_sigma': 72.5645310559143, 'g_stn_gpe_mult': 2.1242745301322863, 'g_gpe_stn_mult': 0.1215079532468491, 'g_stn_gpi_mult': 2.7282556211131626, 'g_gpe_gpi_mult': 1.1129961028414062}. Best is trial 119 with value: 0.2337670588460598.
[I 2026-05-28 00:55:45,284] Trial 445 finished with value: 1000000.0 and parameters: {'ISTN': 72.92590891908569, 'I_gpe': 0.8719657045016601, 'I_gpi': 1.1969072691989449, 'noise_stn_sigma': 4.950935493226404, 'noise_gpe_sigma': 101.32286201587108, 'noise_gpi_sigma': 81.92395577821117, 'g_stn_gpe_mult': 2.094297015718567, 'g_gpe_stn_mult': 0.13794744864277408, 'g_stn_gpi_mult': 2.443234885203908, 'g_gpe_gpi_mult': 1.1090526524766127}. Best is trial 119 with value: 0.2337670588460598.
[I 2026-05-28 00:55:46,296] Trial 446 finished with value: 11.396313010744947 and parameters: {'ISTN': 75.8287699417123, 'I_gpe': 0.9823145470499264, 'I_gpi': 1.283531556965931, 'noise_stn_sigma': 5.915213443674879, 'noise_gpe_sigma': 87.52701590296978, 'noise_gpi_sigma': 65.18057871490417, 'g_stn_gpe_mult': 1.9690079987627622, 'g_gpe_stn_mult': 0.14662905232891718, 'g_stn_gpi_mult': 2.8815239227182303, 'g_gpe_gpi_mult': 1.1556769883995268}. Best is trial 119 with value: 0.2337670588460598.
[I 2026-05-28 00:55:47,309] Trial 447 finished with value: 5.766819172554426 and parameters: {'ISTN': 80.10222512494873, 'I_gpe': 0.9253189494227838, 'I_gpi': 1.422338229809191, 'noise_stn_sigma': 5.74242606075652, 'noise_gpe_sigma': 85.57438610312134, 'noise_gpi_sigma': 79.90704311108146, 'g_stn_gpe_mult': 2.097716335643887, 'g_gpe_stn_mult': 0.12301505305797487, 'g_stn_gpi_mult': 2.801542095465588, 'g_gpe_gpi_mult': 1.111578003173579}. Best is trial 119 with value: 0.2337670588460598.
[I 2026-05-28 00:55:48,319] Trial 448 finished with value: 2.694320172998015 and parameters: {'ISTN': 67.40537903158103, 'I_gpe': 1.0004854031893116, 'I_gpi': 1.3865451172822192, 'noise_stn_sigma': 5.001901285386623, 'noise_gpe_sigma': 95.0850256214412, 'noise_gpi_sigma': 80.97879765625692, 'g_stn_gpe_mult': 2.2793850787225454, 'g_gpe_stn_mult': 0.1095224243172014, 'g_stn_gpi_mult': 2.554909162499443, 'g_gpe_gpi_mult': 1.0651845582786832}. Best is trial 119 with value: 0.2337670588460598.
[I 2026-05-28 00:55:49,332] Trial 449 finished with value: 9.644491616206095 and parameters: {'ISTN': 78.4248262683048, 'I_gpe': 0.715892111882064, 'I_gpi': 1.4854230554356906, 'noise_stn_sigma': 5.932509883851123, 'noise_gpe_sigma': 88.36691762339254, 'noise_gpi_sigma': 76.8462534750011, 'g_stn_gpe_mult': 2.0222211360651126, 'g_gpe_stn_mult': 0.1385574195311226, 'g_stn_gpi_mult': 2.710925282291413, 'g_gpe_gpi_mult': 1.1388432439895868}. Best is trial 119 with value: 0.2337670588460598.
[I 2026-05-28 00:55:50,342] Trial 450 finished with value: 3.34540691206371 and parameters: {'ISTN': 65.96975251484382, 'I_gpe': 0.9166187845491498, 'I_gpi': 1.5856926119642316, 'noise_stn_sigma': 5.5256676693925755, 'noise_gpe_sigma': 87.38617503460067, 'noise_gpi_sigma': 83.30481984016598, 'g_stn_gpe_mult': 2.199779047532612, 'g_gpe_stn_mult': 0.119594415490721, 'g_stn_gpi_mult': 2.578386451733529, 'g_gpe_gpi_mult': 1.0311314599285841}. Best is trial 119 with value: 0.2337670588460598.
[I 2026-05-28 00:55:51,354] Trial 451 finished with value: 1.1293630664745966 and parameters: {'ISTN': 78.7031485063537, 'I_gpe': 0.7842482734034542, 'I_gpi': 1.7856410676612662, 'noise_stn_sigma': 5.586794968053234, 'noise_gpe_sigma': 98.38809255041593, 'noise_gpi_sigma': 77.48841266034171, 'g_stn_gpe_mult': 1.7993626379492293, 'g_gpe_stn_mult': 0.16296297205832616, 'g_stn_gpi_mult': 2.3910164418271354, 'g_gpe_gpi_mult': 1.0289863007979099}. Best is trial 119 with value: 0.2337670588460598.
[I 2026-05-28 00:55:52,364] Trial 452 finished with value: 5.688496898600903 and parameters: {'ISTN': 73.81789294842069, 'I_gpe': 0.7435383249564191, 'I_gpi': 1.9347043014920726, 'noise_stn_sigma': 5.453428913450155, 'noise_gpe_sigma': 81.7220338287757, 'noise_gpi_sigma': 79.47344777011807, 'g_stn_gpe_mult': 2.0022621020522484, 'g_gpe_stn_mult': 0.14233808609034798, 'g_stn_gpi_mult': 2.3483395879550266, 'g_gpe_gpi_mult': 1.075945571629459}. Best is trial 119 with value: 0.2337670588460598.
[I 2026-05-28 00:55:53,375] Trial 453 finished with value: 5.664270614111374 and parameters: {'ISTN': 75.07008782613367, 'I_gpe': 0.7271802654365495, 'I_gpi': 1.3806741978021977, 'noise_stn_sigma': 5.717239796407069, 'noise_gpe_sigma': 85.27892024604168, 'noise_gpi_sigma': 82.46588986486319, 'g_stn_gpe_mult': 1.986158191034683, 'g_gpe_stn_mult': 0.12264133351055631, 'g_stn_gpi_mult': 2.3458359948876493, 'g_gpe_gpi_mult': 1.0060119068806355}. Best is trial 119 with value: 0.2337670588460598.
[I 2026-05-28 00:55:54,384] Trial 454 finished with value: 1.9952320411202242 and parameters: {'ISTN': 77.79856665942866, 'I_gpe': 0.9355947440963527, 'I_gpi': 1.9260955572612284, 'noise_stn_sigma': 6.3957874718509595, 'noise_gpe_sigma': 82.976937640454, 'noise_gpi_sigma': 78.62556752777988, 'g_stn_gpe_mult': 2.0408207778463168, 'g_gpe_stn_mult': 0.1613680031894699, 'g_stn_gpi_mult': 2.2482247062172003, 'g_gpe_gpi_mult': 1.1164318758777239}. Best is trial 119 with value: 0.2337670588460598.
[I 2026-05-28 00:55:55,394] Trial 455 finished with value: 8.528837873050957 and parameters: {'ISTN': 78.34126290597682, 'I_gpe': 0.8693916660384942, 'I_gpi': 1.588410796009116, 'noise_stn_sigma': 5.843540456649104, 'noise_gpe_sigma': 87.85695119514718, 'noise_gpi_sigma': 76.67608203737427, 'g_stn_gpe_mult': 1.996837239577519, 'g_gpe_stn_mult': 0.11565045334618398, 'g_stn_gpi_mult': 2.1472027461940524, 'g_gpe_gpi_mult': 1.028655894618326}. Best is trial 119 with value: 0.2337670588460598.
[I 2026-05-28 00:55:56,404] Trial 456 finished with value: 11.412749209580085 and parameters: {'ISTN': 76.36349739635276, 'I_gpe': 0.9586894974226222, 'I_gpi': 1.8780970378358357, 'noise_stn_sigma': 5.895863675162237, 'noise_gpe_sigma': 92.36984330612698, 'noise_gpi_sigma': 74.07746232068055, 'g_stn_gpe_mult': 2.0207539960528234, 'g_gpe_stn_mult': 0.14170011214353526, 'g_stn_gpi_mult': 2.7289328793107757, 'g_gpe_gpi_mult': 1.0622084896001922}. Best is trial 119 with value: 0.2337670588460598.
[I 2026-05-28 00:55:57,412] Trial 457 finished with value: 6.17979271072665 and parameters: {'ISTN': 73.27234852499538, 'I_gpe': 0.7019002253625773, 'I_gpi': 1.952986791011558, 'noise_stn_sigma': 5.651029370323059, 'noise_gpe_sigma': 88.92817422849895, 'noise_gpi_sigma': 78.55852987187464, 'g_stn_gpe_mult': 2.121647986040143, 'g_gpe_stn_mult': 0.16361322328483446, 'g_stn_gpi_mult': 2.74130803230485, 'g_gpe_gpi_mult': 1.1327220746572129}. Best is trial 119 with value: 0.2337670588460598.
[I 2026-05-28 00:55:58,422] Trial 458 finished with value: 5.624884634093932 and parameters: {'ISTN': 81.9909538039225, 'I_gpe': 0.6948354209840406, 'I_gpi': 1.7063356582766436, 'noise_stn_sigma': 5.564560095417158, 'noise_gpe_sigma': 91.35675702220433, 'noise_gpi_sigma': 79.94439643575515, 'g_stn_gpe_mult': 2.2079029787125015, 'g_gpe_stn_mult': 0.13982046531861914, 'g_stn_gpi_mult': 2.400371764598461, 'g_gpe_gpi_mult': 1.125680684531814}. Best is trial 119 with value: 0.2337670588460598.
[I 2026-05-28 00:55:59,432] Trial 459 finished with value: 1.103816193848194 and parameters: {'ISTN': 76.09732075268887, 'I_gpe': 0.8191559146660948, 'I_gpi': 1.2495188703147129, 'noise_stn_sigma': 6.28967159671729, 'noise_gpe_sigma': 88.4546160683449, 'noise_gpi_sigma': 81.78923681061895, 'g_stn_gpe_mult': 1.954852813052422, 'g_gpe_stn_mult': 0.10394666112906101, 'g_stn_gpi_mult': 2.606294606015692, 'g_gpe_gpi_mult': 1.1200186265474292}. Best is trial 119 with value: 0.2337670588460598.
[I 2026-05-28 00:56:00,442] Trial 460 finished with value: 5.9538542817931335 and parameters: {'ISTN': 73.45619820597972, 'I_gpe': 0.8543649623665428, 'I_gpi': 1.822657937292444, 'noise_stn_sigma': 5.760678465724501, 'noise_gpe_sigma': 90.61076046065405, 'noise_gpi_sigma': 80.1214804127034, 'g_stn_gpe_mult': 2.208247963371666, 'g_gpe_stn_mult': 0.1512165380021841, 'g_stn_gpi_mult': 2.391604275180541, 'g_gpe_gpi_mult': 1.0675155925401483}. Best is trial 119 with value: 0.2337670588460598.
[I 2026-05-28 00:56:01,452] Trial 461 finished with value: 5.772359792300868 and parameters: {'ISTN': 81.08918561777047, 'I_gpe': 0.9135940859477945, 'I_gpi': 1.6158760704520279, 'noise_stn_sigma': 5.985995465692351, 'noise_gpe_sigma': 92.7661675057527, 'noise_gpi_sigma': 86.94079200968051, 'g_stn_gpe_mult': 2.153537744238954, 'g_gpe_stn_mult': 0.11573061160779961, 'g_stn_gpi_mult': 2.5025722197162823, 'g_gpe_gpi_mult': 1.0517282617074213}. Best is trial 119 with value: 0.2337670588460598.
[I 2026-05-28 00:56:02,461] Trial 462 finished with value: 5.404184604842788 and parameters: {'ISTN': 80.32863752642098, 'I_gpe': 0.8143106652104226, 'I_gpi': 1.3121109766467223, 'noise_stn_sigma': 6.501869045775879, 'noise_gpe_sigma': 90.67465827128524, 'noise_gpi_sigma': 84.03825970519406, 'g_stn_gpe_mult': 1.6295466765141993, 'g_gpe_stn_mult': 0.10532119238727729, 'g_stn_gpi_mult': 2.5942598233792875, 'g_gpe_gpi_mult': 1.1370961187082391}. Best is trial 119 with value: 0.2337670588460598.
[I 2026-05-28 00:56:03,471] Trial 463 finished with value: 0.8950779866350911 and parameters: {'ISTN': 73.49466422491552, 'I_gpe': 0.888538963788178, 'I_gpi': 1.65893608261613, 'noise_stn_sigma': 5.956031603147973, 'noise_gpe_sigma': 88.28832312472616, 'noise_gpi_sigma': 80.53800221322504, 'g_stn_gpe_mult': 2.1529694522393457, 'g_gpe_stn_mult': 0.12884886089404907, 'g_stn_gpi_mult': 2.5262000927288066, 'g_gpe_gpi_mult': 0.9968686820891646}. Best is trial 119 with value: 0.2337670588460598.
[I 2026-05-28 00:56:04,484] Trial 464 finished with value: 2.105521862408106 and parameters: {'ISTN': 81.01747117580571, 'I_gpe': 0.800692784654925, 'I_gpi': 1.3625099404745942, 'noise_stn_sigma': 6.438038688228099, 'noise_gpe_sigma': 85.46712238519275, 'noise_gpi_sigma': 91.7279894168652, 'g_stn_gpe_mult': 2.0607002032973454, 'g_gpe_stn_mult': 0.11878305482576244, 'g_stn_gpi_mult': 2.466456583134515, 'g_gpe_gpi_mult': 1.0502643326657704}. Best is trial 119 with value: 0.2337670588460598.
[I 2026-05-28 00:56:05,492] Trial 465 finished with value: 0.7605725114287918 and parameters: {'ISTN': 73.9096856084051, 'I_gpe': 0.8885519471439456, 'I_gpi': 1.6983351506228113, 'noise_stn_sigma': 5.734224713844046, 'noise_gpe_sigma': 85.84288689027353, 'noise_gpi_sigma': 79.7719009379172, 'g_stn_gpe_mult': 1.8147235849376055, 'g_gpe_stn_mult': 0.13202430713572916, 'g_stn_gpi_mult': 2.4903237084055423, 'g_gpe_gpi_mult': 1.1157822525670245}. Best is trial 119 with value: 0.2337670588460598.
[I 2026-05-28 00:56:06,500] Trial 466 finished with value: 1.8341825725789977 and parameters: {'ISTN': 74.31002527936556, 'I_gpe': 0.9691362082745729, 'I_gpi': 1.9678963372564802, 'noise_stn_sigma': 5.556104176819623, 'noise_gpe_sigma': 90.10566944608847, 'noise_gpi_sigma': 85.10341091819889, 'g_stn_gpe_mult': 2.0992925012976467, 'g_gpe_stn_mult': 0.11397964868476035, 'g_stn_gpi_mult': 2.660365336632998, 'g_gpe_gpi_mult': 1.045542513511493}. Best is trial 119 with value: 0.2337670588460598.
[I 2026-05-28 00:56:07,510] Trial 467 finished with value: 9.118333687109207 and parameters: {'ISTN': 83.7641518012217, 'I_gpe': 0.6961880840457212, 'I_gpi': 1.071580912083641, 'noise_stn_sigma': 6.0316689603419595, 'noise_gpe_sigma': 99.23626440033638, 'noise_gpi_sigma': 79.21685973010466, 'g_stn_gpe_mult': 1.8318279786740619, 'g_gpe_stn_mult': 0.16341864372918175, 'g_stn_gpi_mult': 2.5252921427058155, 'g_gpe_gpi_mult': 1.1200266324011212}. Best is trial 119 with value: 0.2337670588460598.
[I 2026-05-28 00:56:08,520] Trial 468 finished with value: 2.2672402626746013 and parameters: {'ISTN': 80.2434988744489, 'I_gpe': 0.8276398321137869, 'I_gpi': 1.3799780722292734, 'noise_stn_sigma': 6.403528150312238, 'noise_gpe_sigma': 87.42278284828852, 'noise_gpi_sigma': 72.57739473363617, 'g_stn_gpe_mult': 1.8166978102163824, 'g_gpe_stn_mult': 0.12316970436826628, 'g_stn_gpi_mult': 2.581507628714361, 'g_gpe_gpi_mult': 1.08239399012723}. Best is trial 119 with value: 0.2337670588460598.
[I 2026-05-28 00:56:09,528] Trial 469 finished with value: 4.091349039770369 and parameters: {'ISTN': 79.7565234202287, 'I_gpe': 0.8978562925630892, 'I_gpi': 1.4263896681934378, 'noise_stn_sigma': 6.005361053637298, 'noise_gpe_sigma': 94.8603001119022, 'noise_gpi_sigma': 77.63776554838594, 'g_stn_gpe_mult': 2.0481453219840504, 'g_gpe_stn_mult': 0.1267447475363635, 'g_stn_gpi_mult': 2.5338207077496824, 'g_gpe_gpi_mult': 1.0796772566454875}. Best is trial 119 with value: 0.2337670588460598.
[I 2026-05-28 00:56:10,539] Trial 470 finished with value: 9.263417378842975 and parameters: {'ISTN': 76.69801117637505, 'I_gpe': 0.8168263660992803, 'I_gpi': 1.5084167838456106, 'noise_stn_sigma': 6.424355046420255, 'noise_gpe_sigma': 91.2767217229321, 'noise_gpi_sigma': 77.94640470374759, 'g_stn_gpe_mult': 1.9114309873593491, 'g_gpe_stn_mult': 0.15306486262970379, 'g_stn_gpi_mult': 2.6789786597068455, 'g_gpe_gpi_mult': 1.0993331658487733}. Best is trial 119 with value: 0.2337670588460598.
[I 2026-05-28 00:56:11,550] Trial 471 finished with value: 2.2536104415985263 and parameters: {'ISTN': 72.8778842928503, 'I_gpe': 0.8783913333066284, 'I_gpi': 1.7952234020781654, 'noise_stn_sigma': 6.146155757636764, 'noise_gpe_sigma': 82.93962631739956, 'noise_gpi_sigma': 79.07340846813676, 'g_stn_gpe_mult': 1.828932987629219, 'g_gpe_stn_mult': 0.17450141544391065, 'g_stn_gpi_mult': 2.632771499015336, 'g_gpe_gpi_mult': 1.1039136321670422}. Best is trial 119 with value: 0.2337670588460598.
[I 2026-05-28 00:56:12,561] Trial 472 finished with value: 5.66749634260504 and parameters: {'ISTN': 75.16725131323741, 'I_gpe': 0.9233694884769361, 'I_gpi': 1.9693724941098096, 'noise_stn_sigma': 6.039415269030529, 'noise_gpe_sigma': 88.01121609295602, 'noise_gpi_sigma': 88.29020719492526, 'g_stn_gpe_mult': 1.7980004661040876, 'g_gpe_stn_mult': 0.14453658165994457, 'g_stn_gpi_mult': 2.558936518391885, 'g_gpe_gpi_mult': 1.0180385016998599}. Best is trial 119 with value: 0.2337670588460598.
[I 2026-05-28 00:56:13,572] Trial 473 finished with value: 4.6958016763140416 and parameters: {'ISTN': 72.15761850239888, 'I_gpe': 0.8987035867632311, 'I_gpi': 1.2022502398589359, 'noise_stn_sigma': 5.750017476222868, 'noise_gpe_sigma': 88.13849754695046, 'noise_gpi_sigma': 79.8770542941474, 'g_stn_gpe_mult': 2.149742091399135, 'g_gpe_stn_mult': 0.1028222922719174, 'g_stn_gpi_mult': 2.585377255521516, 'g_gpe_gpi_mult': 1.0738119163620756}. Best is trial 119 with value: 0.2337670588460598.
[I 2026-05-28 00:56:14,584] Trial 474 finished with value: 7.090946521814232 and parameters: {'ISTN': 76.46574357195392, 'I_gpe': 0.8488612418702155, 'I_gpi': 2.0293618523101875, 'noise_stn_sigma': 6.355344062634147, 'noise_gpe_sigma': 81.7058773649209, 'noise_gpi_sigma': 87.04205822633338, 'g_stn_gpe_mult': 1.8759092588153412, 'g_gpe_stn_mult': 0.14889454942254127, 'g_stn_gpi_mult': 2.366938476636287, 'g_gpe_gpi_mult': 1.1432247712775885}. Best is trial 119 with value: 0.2337670588460598.
[I 2026-05-28 00:56:15,594] Trial 475 finished with value: 7.547945276291491 and parameters: {'ISTN': 78.27181967560695, 'I_gpe': 0.8212434275704208, 'I_gpi': 1.2994583082948998, 'noise_stn_sigma': 6.060775193602122, 'noise_gpe_sigma': 89.84331924996134, 'noise_gpi_sigma': 81.35496408685034, 'g_stn_gpe_mult': 2.1651571342263, 'g_gpe_stn_mult': 0.1453849737877046, 'g_stn_gpi_mult': 2.3257196659622226, 'g_gpe_gpi_mult': 1.032838989274719}. Best is trial 119 with value: 0.2337670588460598.
[I 2026-05-28 00:56:16,602] Trial 476 finished with value: 9.472636011931613 and parameters: {'ISTN': 74.24592855494332, 'I_gpe': 0.9190240707578272, 'I_gpi': 1.8718941861257026, 'noise_stn_sigma': 6.02058115693369, 'noise_gpe_sigma': 89.08050195870162, 'noise_gpi_sigma': 81.63623277695318, 'g_stn_gpe_mult': 2.1828025412188223, 'g_gpe_stn_mult': 0.16364558061637968, 'g_stn_gpi_mult': 2.4376782798999925, 'g_gpe_gpi_mult': 1.0882098135745655}. Best is trial 119 with value: 0.2337670588460598.
[I 2026-05-28 00:56:17,610] Trial 477 finished with value: 4.891207741864978 and parameters: {'ISTN': 74.87132649956973, 'I_gpe': 0.8705944228442491, 'I_gpi': 1.6500468545275866, 'noise_stn_sigma': 5.885384497213986, 'noise_gpe_sigma': 90.85059796252416, 'noise_gpi_sigma': 88.49159561964335, 'g_stn_gpe_mult': 2.042220929933632, 'g_gpe_stn_mult': 0.12430552233146121, 'g_stn_gpi_mult': 2.5333194422334673, 'g_gpe_gpi_mult': 1.0913029858103174}. Best is trial 119 with value: 0.2337670588460598.
[I 2026-05-28 00:56:18,617] Trial 478 finished with value: 2.004067734224135 and parameters: {'ISTN': 73.17158889450444, 'I_gpe': 1.0026178704423376, 'I_gpi': 1.5869892049065686, 'noise_stn_sigma': 5.877985781222751, 'noise_gpe_sigma': 86.36615159287433, 'noise_gpi_sigma': 78.0429471173463, 'g_stn_gpe_mult': 1.9466255413146873, 'g_gpe_stn_mult': 0.1434552133910313, 'g_stn_gpi_mult': 2.415028078699054, 'g_gpe_gpi_mult': 1.050550413115213}. Best is trial 119 with value: 0.2337670588460598.
[I 2026-05-28 00:56:19,627] Trial 479 finished with value: 2.2899301449233755 and parameters: {'ISTN': 73.87895853084164, 'I_gpe': 0.8971049132916438, 'I_gpi': 1.8605681161234624, 'noise_stn_sigma': 5.436150976828812, 'noise_gpe_sigma': 87.19379033394644, 'noise_gpi_sigma': 88.86471201234025, 'g_stn_gpe_mult': 1.9460928451982422, 'g_gpe_stn_mult': 0.104042959528966, 'g_stn_gpi_mult': 2.5253780968651856, 'g_gpe_gpi_mult': 1.0336084219436157}. Best is trial 119 with value: 0.2337670588460598.
[I 2026-05-28 00:56:20,639] Trial 480 finished with value: 6.483596308789974 and parameters: {'ISTN': 76.58474830649646, 'I_gpe': 0.8872365317644567, 'I_gpi': 1.6257650362220295, 'noise_stn_sigma': 5.742535051493605, 'noise_gpe_sigma': 85.7544407921001, 'noise_gpi_sigma': 78.16248250524728, 'g_stn_gpe_mult': 2.167251643069377, 'g_gpe_stn_mult': 0.12118841483728218, 'g_stn_gpi_mult': 2.5299088245762995, 'g_gpe_gpi_mult': 1.0847428253338118}. Best is trial 119 with value: 0.2337670588460598.
[I 2026-05-28 00:56:21,650] Trial 481 finished with value: 5.591002943759305 and parameters: {'ISTN': 68.51092513660289, 'I_gpe': 1.0414654238176415, 'I_gpi': 1.6068616316217503, 'noise_stn_sigma': 5.977809040766849, 'noise_gpe_sigma': 79.26010269192939, 'noise_gpi_sigma': 77.60098572717222, 'g_stn_gpe_mult': 1.9930247003867791, 'g_gpe_stn_mult': 0.1768862862658901, 'g_stn_gpi_mult': 2.563664230025342, 'g_gpe_gpi_mult': 1.132031069100423}. Best is trial 119 with value: 0.2337670588460598.
[I 2026-05-28 00:56:22,657] Trial 482 finished with value: 8.009202845278773 and parameters: {'ISTN': 68.95283141184026, 'I_gpe': 1.0264045280881051, 'I_gpi': 1.5714673201537763, 'noise_stn_sigma': 5.689243582461787, 'noise_gpe_sigma': 90.21269613288953, 'noise_gpi_sigma': 79.23233695807606, 'g_stn_gpe_mult': 1.9378608941173685, 'g_gpe_stn_mult': 0.14267778895260907, 'g_stn_gpi_mult': 2.589173614059046, 'g_gpe_gpi_mult': 1.0740523437631961}. Best is trial 119 with value: 0.2337670588460598.
[I 2026-05-28 00:56:23,667] Trial 483 finished with value: 9.771010861791947 and parameters: {'ISTN': 78.40759298885027, 'I_gpe': 0.9432787531580098, 'I_gpi': 1.5516289222473407, 'noise_stn_sigma': 6.249414628605167, 'noise_gpe_sigma': 82.08347936564532, 'noise_gpi_sigma': 80.63828770521744, 'g_stn_gpe_mult': 1.7872465466860838, 'g_gpe_stn_mult': 0.12114326000567827, 'g_stn_gpi_mult': 2.4100682938377984, 'g_gpe_gpi_mult': 1.045246136892623}. Best is trial 119 with value: 0.2337670588460598.
