[I 2026-05-28 00:49:45,102] Trial 88 finished with value: 9.30100761246804 and parameters: {'ISTN': 75.37163668669265, 'I_gpe': 1.439817084228961, 'I_gpi': 1.4504073580974686, 'noise_stn_sigma': 4.098763309096843, 'noise_gpe_sigma': 116.26811544530143, 'noise_gpi_sigma': 129.44301640778073, 'g_stn_gpe_mult': 3.310722307653516, 'g_gpe_stn_mult': 0.25858400449852115, 'g_stn_gpi_mult': 2.105235739526057, 'g_gpe_gpi_mult': 0.9078183200235193}. Best is trial 51 with value: 0.24040818459524502.
[I 2026-05-28 00:49:46,114] Trial 89 finished with value: 12.773917973080676 and parameters: {'ISTN': 77.98381650200514, 'I_gpe': 1.394458489109638, 'I_gpi': 2.6190643071581965, 'noise_stn_sigma': 4.0145459156369405, 'noise_gpe_sigma': 101.0030724567223, 'noise_gpi_sigma': 116.42425263565038, 'g_stn_gpe_mult': 3.560743190599702, 'g_gpe_stn_mult': 0.22096954982022537, 'g_stn_gpi_mult': 1.6241334395593605, 'g_gpe_gpi_mult': 0.8194049824293148}. Best is trial 51 with value: 0.24040818459524502.
[I 2026-05-28 00:49:47,128] Trial 90 finished with value: 12.432609503190559 and parameters: {'ISTN': 71.7413521097655, 'I_gpe': 1.7723291724715544, 'I_gpi': 2.554487875194852, 'noise_stn_sigma': 5.26078385471794, 'noise_gpe_sigma': 111.8520758627304, 'noise_gpi_sigma': 88.66156697952914, 'g_stn_gpe_mult': 2.910235922690525, 'g_gpe_stn_mult': 0.19733644603020584, 'g_stn_gpi_mult': 2.4199937098013145, 'g_gpe_gpi_mult': 0.775091507745187}. Best is trial 51 with value: 0.24040818459524502.
[I 2026-05-28 00:49:48,143] Trial 91 finished with value: 1.2087634543909216 and parameters: {'ISTN': 60.33762375372089, 'I_gpe': 0.8751625281025768, 'I_gpi': 1.9617050956878483, 'noise_stn_sigma': 5.903578828596454, 'noise_gpe_sigma': 109.05259559961466, 'noise_gpi_sigma': 71.06471594899884, 'g_stn_gpe_mult': 3.7842212946559504, 'g_gpe_stn_mult': 0.2287085339188003, 'g_stn_gpi_mult': 2.6265286444552056, 'g_gpe_gpi_mult': 0.9006040385893945}. Best is trial 51 with value: 0.24040818459524502.
[I 2026-05-28 00:49:49,153] Trial 92 finished with value: 9.559198654031837 and parameters: {'ISTN': 68.47907438961349, 'I_gpe': 1.041313957161581, 'I_gpi': 3.9628104340785004, 'noise_stn_sigma': 3.866654202425224, 'noise_gpe_sigma': 81.63362093308004, 'noise_gpi_sigma': 104.93744830326378, 'g_stn_gpe_mult': 3.2987714725876804, 'g_gpe_stn_mult': 0.3917818489417584, 'g_stn_gpi_mult': 1.6321147864857606, 'g_gpe_gpi_mult': 0.7944595295299208}. Best is trial 51 with value: 0.24040818459524502.
[I 2026-05-28 00:49:50,167] Trial 93 finished with value: 15.3942874650896 and parameters: {'ISTN': 74.41985609664167, 'I_gpe': 2.0281258814366954, 'I_gpi': 2.085204745068568, 'noise_stn_sigma': 4.521237892839727, 'noise_gpe_sigma': 111.93359912552668, 'noise_gpi_sigma': 111.44042803517162, 'g_stn_gpe_mult': 3.8438132684567146, 'g_gpe_stn_mult': 0.33936266128564097, 'g_stn_gpi_mult': 1.1991870116102525, 'g_gpe_gpi_mult': 1.0176789094816254}. Best is trial 51 with value: 0.24040818459524502.
[I 2026-05-28 00:49:51,178] Trial 94 finished with value: 12.087083225349996 and parameters: {'ISTN': 76.0226663702274, 'I_gpe': 0.9968411035279605, 'I_gpi': 2.12251651764603, 'noise_stn_sigma': 4.45167149695109, 'noise_gpe_sigma': 107.96451751921295, 'noise_gpi_sigma': 109.57836126068999, 'g_stn_gpe_mult': 2.9997321277693816, 'g_gpe_stn_mult': 0.2752537409891003, 'g_stn_gpi_mult': 2.1738723103385666, 'g_gpe_gpi_mult': 0.7927192514011008}. Best is trial 51 with value: 0.24040818459524502.
[I 2026-05-28 00:49:52,187] Trial 95 finished with value: 10.875930091193243 and parameters: {'ISTN': 68.66318298853948, 'I_gpe': 1.22588096579579, 'I_gpi': 3.7265055972240564, 'noise_stn_sigma': 3.8348751368223652, 'noise_gpe_sigma': 96.88910289314522, 'noise_gpi_sigma': 126.3481176900347, 'g_stn_gpe_mult': 3.33227596770955, 'g_gpe_stn_mult': 0.3788528868543707, 'g_stn_gpi_mult': 1.7794292135847503, 'g_gpe_gpi_mult': 0.7829589445645302}. Best is trial 51 with value: 0.24040818459524502.
[I 2026-05-28 00:49:53,197] Trial 96 finished with value: 11.099890197641718 and parameters: {'ISTN': 70.04771966651123, 'I_gpe': 1.2180946538973565, 'I_gpi': 2.844502454110131, 'noise_stn_sigma': 2.88648085355163, 'noise_gpe_sigma': 108.0986023972381, 'noise_gpi_sigma': 67.52159537599952, 'g_stn_gpe_mult': 3.890504986103587, 'g_gpe_stn_mult': 0.29290497304645824, 'g_stn_gpi_mult': 2.1896903603817837, 'g_gpe_gpi_mult': 0.8527632439855763}. Best is trial 51 with value: 0.24040818459524502.
[I 2026-05-28 00:49:54,206] Trial 97 finished with value: 13.496893739375702 and parameters: {'ISTN': 84.04351690154414, 'I_gpe': 0.7352156180603926, 'I_gpi': 2.781101584717092, 'noise_stn_sigma': 2.816576532313476, 'noise_gpe_sigma': 116.0855998427868, 'noise_gpi_sigma': 130.9825783090289, 'g_stn_gpe_mult': 3.4808490034830366, 'g_gpe_stn_mult': 0.39362050496114276, 'g_stn_gpi_mult': 1.6690686545424425, 'g_gpe_gpi_mult': 0.7361311961487678}. Best is trial 51 with value: 0.24040818459524502.
[I 2026-05-28 00:49:55,217] Trial 98 finished with value: 9.989519620116074 and parameters: {'ISTN': 66.33737080599337, 'I_gpe': 0.95717224669122, 'I_gpi': 2.518861344857676, 'noise_stn_sigma': 4.630299382831655, 'noise_gpe_sigma': 119.60571807373711, 'noise_gpi_sigma': 123.6565965275013, 'g_stn_gpe_mult': 3.0784027089843664, 'g_gpe_stn_mult': 0.21759297041557818, 'g_stn_gpi_mult': 2.226738688841191, 'g_gpe_gpi_mult': 0.8685770177429819}. Best is trial 51 with value: 0.24040818459524502.
[I 2026-05-28 00:49:56,228] Trial 99 finished with value: 12.174760679168386 and parameters: {'ISTN': 68.79823955321623, 'I_gpe': 0.8115427195942481, 'I_gpi': 2.8323270733216273, 'noise_stn_sigma': 3.804803341625946, 'noise_gpe_sigma': 114.81238000042998, 'noise_gpi_sigma': 77.64277179030515, 'g_stn_gpe_mult': 3.733163156407586, 'g_gpe_stn_mult': 0.28111667024933457, 'g_stn_gpi_mult': 1.7663685069371151, 'g_gpe_gpi_mult': 0.9265515000399376}. Best is trial 51 with value: 0.24040818459524502.
[I 2026-05-28 00:49:57,240] Trial 100 finished with value: 10.430135249898388 and parameters: {'ISTN': 76.21191001972622, 'I_gpe': 1.445643786552401, 'I_gpi': 2.7183738678808913, 'noise_stn_sigma': 4.363344690961156, 'noise_gpe_sigma': 115.73930900137864, 'noise_gpi_sigma': 105.49402137819928, 'g_stn_gpe_mult': 2.601110765218275, 'g_gpe_stn_mult': 0.2756212016558819, 'g_stn_gpi_mult': 1.970961146269029, 'g_gpe_gpi_mult': 1.0148708955544827}. Best is trial 51 with value: 0.24040818459524502.
[I 2026-05-28 00:49:58,252] Trial 101 finished with value: 6.786384335993295 and parameters: {'ISTN': 67.60940599093561, 'I_gpe': 1.4745887426742996, 'I_gpi': 3.088466265640554, 'noise_stn_sigma': 5.011148439591782, 'noise_gpe_sigma': 128.54967254801366, 'noise_gpi_sigma': 112.14120261242086, 'g_stn_gpe_mult': 3.7192022390593826, 'g_gpe_stn_mult': 0.10425794925729144, 'g_stn_gpi_mult': 2.477307141002006, 'g_gpe_gpi_mult': 1.1303841324338364}. Best is trial 51 with value: 0.24040818459524502.
[I 2026-05-28 00:49:59,264] Trial 102 finished with value: 12.629884530128333 and parameters: {'ISTN': 71.87565989250926, 'I_gpe': 1.2545524282949039, 'I_gpi': 2.9132500739269145, 'noise_stn_sigma': 6.0729590116056835, 'noise_gpe_sigma': 109.8133025454289, 'noise_gpi_sigma': 121.28602373481147, 'g_stn_gpe_mult': 3.840060976966172, 'g_gpe_stn_mult': 0.23554829235903033, 'g_stn_gpi_mult': 2.2222201272074926, 'g_gpe_gpi_mult': 1.0100370280318942}. Best is trial 51 with value: 0.24040818459524502.
[I 2026-05-28 00:50:00,275] Trial 103 finished with value: 14.868029282533756 and parameters: {'ISTN': 74.97352262850939, 'I_gpe': 1.8535992100732017, 'I_gpi': 1.640758158042189, 'noise_stn_sigma': 4.9596214550943785, 'noise_gpe_sigma': 92.58645896909704, 'noise_gpi_sigma': 74.43038262975952, 'g_stn_gpe_mult': 2.115095987932521, 'g_gpe_stn_mult': 0.30933276023076445, 'g_stn_gpi_mult': 2.706449561985983, 'g_gpe_gpi_mult': 0.7118402693607764}. Best is trial 51 with value: 0.24040818459524502.
[I 2026-05-28 00:50:01,286] Trial 104 finished with value: 10.23880820580087 and parameters: {'ISTN': 65.08719634470758, 'I_gpe': 1.220770297473471, 'I_gpi': 3.5145524492570983, 'noise_stn_sigma': 3.802519781247738, 'noise_gpe_sigma': 101.50310706965791, 'noise_gpi_sigma': 113.53543140794687, 'g_stn_gpe_mult': 3.5961358813841344, 'g_gpe_stn_mult': 0.34877662995246533, 'g_stn_gpi_mult': 2.243082109400815, 'g_gpe_gpi_mult': 0.7808405799197726}. Best is trial 51 with value: 0.24040818459524502.
[I 2026-05-28 00:50:02,296] Trial 105 finished with value: 15.932348944977779 and parameters: {'ISTN': 78.68313484201961, 'I_gpe': 1.797131827377009, 'I_gpi': 2.827804864890896, 'noise_stn_sigma': 4.361536873133105, 'noise_gpe_sigma': 94.42692870179006, 'noise_gpi_sigma': 102.89215492629172, 'g_stn_gpe_mult': 2.738147511506498, 'g_gpe_stn_mult': 0.27457569566332196, 'g_stn_gpi_mult': 2.459854660141855, 'g_gpe_gpi_mult': 0.847193617369207}. Best is trial 51 with value: 0.24040818459524502.
[I 2026-05-28 00:50:03,306] Trial 106 finished with value: 7.0977075012950985 and parameters: {'ISTN': 65.37890157218402, 'I_gpe': 1.1628015611461593, 'I_gpi': 3.64816659516272, 'noise_stn_sigma': 3.5449895130428053, 'noise_gpe_sigma': 93.91463191281869, 'noise_gpi_sigma': 77.78904774408703, 'g_stn_gpe_mult': 3.7981799222939783, 'g_gpe_stn_mult': 0.29406852528778404, 'g_stn_gpi_mult': 2.299754761057809, 'g_gpe_gpi_mult': 0.7478743887262937}. Best is trial 51 with value: 0.24040818459524502.
[I 2026-05-28 00:50:04,316] Trial 107 finished with value: 8.103855537479442 and parameters: {'ISTN': 83.93078030591387, 'I_gpe': 1.1750257448734103, 'I_gpi': 2.6497150094321995, 'noise_stn_sigma': 5.770737305317521, 'noise_gpe_sigma': 103.77682504835823, 'noise_gpi_sigma': 82.74151682046002, 'g_stn_gpe_mult': 3.287211387976588, 'g_gpe_stn_mult': 0.16350965882709434, 'g_stn_gpi_mult': 2.5551534809584457, 'g_gpe_gpi_mult': 0.889746272373144}. Best is trial 51 with value: 0.24040818459524502.
[I 2026-05-28 00:50:05,325] Trial 108 finished with value: 5.0626061199229015 and parameters: {'ISTN': 67.58602494903784, 'I_gpe': 1.7430376196918933, 'I_gpi': 2.7411064482984084, 'noise_stn_sigma': 5.4233640386105115, 'noise_gpe_sigma': 92.61545790811162, 'noise_gpi_sigma': 79.4250645225277, 'g_stn_gpe_mult': 2.911288238034609, 'g_gpe_stn_mult': 0.1964392333432189, 'g_stn_gpi_mult': 2.6011817815967033, 'g_gpe_gpi_mult': 0.9057811921332402}. Best is trial 51 with value: 0.24040818459524502.
[I 2026-05-28 00:50:06,334] Trial 109 finished with value: 9.411126908915696 and parameters: {'ISTN': 69.45034940977456, 'I_gpe': 1.1218164429771451, 'I_gpi': 2.6694154756611868, 'noise_stn_sigma': 5.6555557243424, 'noise_gpe_sigma': 135.810399141239, 'noise_gpi_sigma': 90.88045970089942, 'g_stn_gpe_mult': 4.628155449683015, 'g_gpe_stn_mult': 0.22624583837857018, 'g_stn_gpi_mult': 1.6351244256409183, 'g_gpe_gpi_mult': 0.9071719415878745}. Best is trial 51 with value: 0.24040818459524502.
[I 2026-05-28 00:50:07,347] Trial 110 finished with value: 13.008490119526812 and parameters: {'ISTN': 87.23766688276027, 'I_gpe': 1.1703712180913435, 'I_gpi': 3.3368021738605935, 'noise_stn_sigma': 5.623002471178425, 'noise_gpe_sigma': 108.7491931630579, 'noise_gpi_sigma': 52.61320074367553, 'g_stn_gpe_mult': 3.5369606902979536, 'g_gpe_stn_mult': 0.2028904663005548, 'g_stn_gpi_mult': 2.0838755071091235, 'g_gpe_gpi_mult': 0.8944264089401286}. Best is trial 51 with value: 0.24040818459524502.
[I 2026-05-28 00:50:08,357] Trial 111 finished with value: 15.56254233489679 and parameters: {'ISTN': 78.64256143026729, 'I_gpe': 1.6367456550828896, 'I_gpi': 2.8809726644873406, 'noise_stn_sigma': 3.3202379258839434, 'noise_gpe_sigma': 120.79555784310955, 'noise_gpi_sigma': 91.95275005280344, 'g_stn_gpe_mult': 3.591028702625136, 'g_gpe_stn_mult': 0.13869976237354115, 'g_stn_gpi_mult': 2.4064646635999614, 'g_gpe_gpi_mult': 1.0709094655743578}. Best is trial 51 with value: 0.24040818459524502.
[I 2026-05-28 00:50:09,365] Trial 112 finished with value: 12.222454833454682 and parameters: {'ISTN': 67.74095872167581, 'I_gpe': 1.9665101868358696, 'I_gpi': 4.000746617137783, 'noise_stn_sigma': 4.52769480197011, 'noise_gpe_sigma': 106.19045781693366, 'noise_gpi_sigma': 64.63931459447572, 'g_stn_gpe_mult': 2.8915786751387538, 'g_gpe_stn_mult': 0.33933164480140243, 'g_stn_gpi_mult': 2.2035930631824536, 'g_gpe_gpi_mult': 0.86425906595091}. Best is trial 51 with value: 0.24040818459524502.
[I 2026-05-28 00:50:10,377] Trial 113 finished with value: 16.294495296073322 and parameters: {'ISTN': 71.66353988348759, 'I_gpe': 1.8324247185439781, 'I_gpi': 3.3565202608013776, 'noise_stn_sigma': 5.565286153414203, 'noise_gpe_sigma': 84.58133667584103, 'noise_gpi_sigma': 100.4643672205915, 'g_stn_gpe_mult': 4.116938910411165, 'g_gpe_stn_mult': 0.20303929896290712, 'g_stn_gpi_mult': 2.484133689395517, 'g_gpe_gpi_mult': 0.8316687012471451}. Best is trial 51 with value: 0.24040818459524502.
[I 2026-05-28 00:50:11,384] Trial 114 finished with value: 4.03636607179768 and parameters: {'ISTN': 67.5042294904899, 'I_gpe': 1.3866111437874542, 'I_gpi': 2.8620114827267664, 'noise_stn_sigma': 5.397360151465163, 'noise_gpe_sigma': 99.65192174432613, 'noise_gpi_sigma': 97.89529624673987, 'g_stn_gpe_mult': 3.420619411480378, 'g_gpe_stn_mult': 0.22784721615582315, 'g_stn_gpi_mult': 3.304113948872218, 'g_gpe_gpi_mult': 1.0074780192153927}. Best is trial 51 with value: 0.24040818459524502.
[I 2026-05-28 00:50:12,397] Trial 115 finished with value: 14.309059012318142 and parameters: {'ISTN': 79.76342701237728, 'I_gpe': 2.1087603582736887, 'I_gpi': 1.796545238250844, 'noise_stn_sigma': 6.042949648259224, 'noise_gpe_sigma': 102.76037535561684, 'noise_gpi_sigma': 89.7799471637768, 'g_stn_gpe_mult': 3.556159452066245, 'g_gpe_stn_mult': 0.1632612670753686, 'g_stn_gpi_mult': 2.5223856179746673, 'g_gpe_gpi_mult': 0.9814318076859032}. Best is trial 51 with value: 0.24040818459524502.
[I 2026-05-28 00:50:13,406] Trial 116 finished with value: 12.600302747655615 and parameters: {'ISTN': 65.86066658154061, 'I_gpe': 1.914406131783557, 'I_gpi': 3.061076293313277, 'noise_stn_sigma': 4.723676732673333, 'noise_gpe_sigma': 97.90897156557743, 'noise_gpi_sigma': 88.57707752668776, 'g_stn_gpe_mult': 2.8354246024321803, 'g_gpe_stn_mult': 0.41269343218199894, 'g_stn_gpi_mult': 2.553596013516486, 'g_gpe_gpi_mult': 1.0267869022176985}. Best is trial 51 with value: 0.24040818459524502.
[I 2026-05-28 00:50:14,415] Trial 117 finished with value: 11.338525967871874 and parameters: {'ISTN': 70.28476556358869, 'I_gpe': 1.5957093526579116, 'I_gpi': 2.680726165219268, 'noise_stn_sigma': 6.055966726882182, 'noise_gpe_sigma': 129.67644675928395, 'noise_gpi_sigma': 91.99921649724571, 'g_stn_gpe_mult': 3.559882878118732, 'g_gpe_stn_mult': 0.3219015116719234, 'g_stn_gpi_mult': 2.761022393125167, 'g_gpe_gpi_mult': 0.8567024490524267}. Best is trial 51 with value: 0.24040818459524502.
[I 2026-05-28 00:50:15,425] Trial 118 finished with value: 6.424016319357767 and parameters: {'ISTN': 60.58270913904779, 'I_gpe': 1.517354366652533, 'I_gpi': 2.3675456581825878, 'noise_stn_sigma': 4.827117610727801, 'noise_gpe_sigma': 98.31603213102937, 'noise_gpi_sigma': 64.45497207411994, 'g_stn_gpe_mult': 2.8971467187949544, 'g_gpe_stn_mult': 0.27832881917580443, 'g_stn_gpi_mult': 2.3361190294002956, 'g_gpe_gpi_mult': 0.9466313009596035}. Best is trial 51 with value: 0.24040818459524502.
[I 2026-05-28 00:50:16,436] Trial 119 finished with value: 0.2337670588460598 and parameters: {'ISTN': 61.56818286242375, 'I_gpe': 1.4313670585650695, 'I_gpi': 2.3158531118547954, 'noise_stn_sigma': 3.0477813808947687, 'noise_gpe_sigma': 94.31977248667245, 'noise_gpi_sigma': 112.06399955812341, 'g_stn_gpe_mult': 3.898651139412298, 'g_gpe_stn_mult': 0.17461220275908973, 'g_stn_gpi_mult': 2.5782906896935236, 'g_gpe_gpi_mult': 0.8965012026902681}. Best is trial 119 with value: 0.2337670588460598.
[I 2026-05-28 00:50:17,448] Trial 120 finished with value: 4.293320989265419 and parameters: {'ISTN': 61.17216086827021, 'I_gpe': 1.533181857281381, 'I_gpi': 2.752979714577743, 'noise_stn_sigma': 5.33061240297571, 'noise_gpe_sigma': 103.14481474917073, 'noise_gpi_sigma': 94.90272218283243, 'g_stn_gpe_mult': 3.774014163290594, 'g_gpe_stn_mult': 0.244422420297882, 'g_stn_gpi_mult': 2.120209169829293, 'g_gpe_gpi_mult': 0.8308176241298411}. Best is trial 119 with value: 0.2337670588460598.
[I 2026-05-28 00:50:18,459] Trial 121 finished with value: 11.722344179414598 and parameters: {'ISTN': 73.97414128880925, 'I_gpe': 1.5935544918657918, 'I_gpi': 2.0015357792402377, 'noise_stn_sigma': 4.067926942897467, 'noise_gpe_sigma': 99.2506265541938, 'noise_gpi_sigma': 96.48464886438232, 'g_stn_gpe_mult': 3.853379800130966, 'g_gpe_stn_mult': 0.11765545541272723, 'g_stn_gpi_mult': 2.470271715125242, 'g_gpe_gpi_mult': 0.6550941151107215}. Best is trial 119 with value: 0.2337670588460598.
[I 2026-05-28 00:50:19,470] Trial 122 finished with value: 16.70474148965995 and parameters: {'ISTN': 83.62316913236333, 'I_gpe': 1.590611640543165, 'I_gpi': 2.5350736057070717, 'noise_stn_sigma': 5.996553646900393, 'noise_gpe_sigma': 100.73350605582269, 'noise_gpi_sigma': 92.6799573277558, 'g_stn_gpe_mult': 3.6694059958428804, 'g_gpe_stn_mult': 0.3352221101553965, 'g_stn_gpi_mult': 2.849326547712187, 'g_gpe_gpi_mult': 1.024756712559706}. Best is trial 119 with value: 0.2337670588460598.
[I 2026-05-28 00:50:20,480] Trial 123 finished with value: 11.377525252240963 and parameters: {'ISTN': 71.37807376172944, 'I_gpe': 2.1774233260372124, 'I_gpi': 2.854469870712797, 'noise_stn_sigma': 4.746355861004208, 'noise_gpe_sigma': 126.418918699787, 'noise_gpi_sigma': 106.94420477635214, 'g_stn_gpe_mult': 3.463846341181704, 'g_gpe_stn_mult': 0.199038768334716, 'g_stn_gpi_mult': 2.9012405222619666, 'g_gpe_gpi_mult': 0.8164326756103231}. Best is trial 119 with value: 0.2337670588460598.
[I 2026-05-28 00:50:21,490] Trial 124 finished with value: 13.775070359497477 and parameters: {'ISTN': 71.24056966150124, 'I_gpe': 1.8108661531021877, 'I_gpi': 2.9157749809809084, 'noise_stn_sigma': 5.221627559085178, 'noise_gpe_sigma': 99.87316640010403, 'noise_gpi_sigma': 100.55867023070786, 'g_stn_gpe_mult': 4.086587790303351, 'g_gpe_stn_mult': 0.2253300523108375, 'g_stn_gpi_mult': 2.428540916662204, 'g_gpe_gpi_mult': 0.990699653046667}. Best is trial 119 with value: 0.2337670588460598.
[I 2026-05-28 00:50:22,498] Trial 125 finished with value: 9.027768672297992 and parameters: {'ISTN': 70.94579271105677, 'I_gpe': 1.3818075958831066, 'I_gpi': 1.9282545979180956, 'noise_stn_sigma': 4.657930530713671, 'noise_gpe_sigma': 91.19080541952317, 'noise_gpi_sigma': 81.77770132526555, 'g_stn_gpe_mult': 3.196004284768317, 'g_gpe_stn_mult': 0.16918918030790553, 'g_stn_gpi_mult': 3.229091882934799, 'g_gpe_gpi_mult': 1.0350741921014943}. Best is trial 119 with value: 0.2337670588460598.
[I 2026-05-28 00:50:23,509] Trial 126 finished with value: 15.726200881731678 and parameters: {'ISTN': 81.839034764021, 'I_gpe': 1.993574840909397, 'I_gpi': 2.646371691362183, 'noise_stn_sigma': 5.235144829241527, 'noise_gpe_sigma': 94.84724041062807, 'noise_gpi_sigma': 86.1404800690942, 'g_stn_gpe_mult': 4.020593434671463, 'g_gpe_stn_mult': 0.22493026779251535, 'g_stn_gpi_mult': 3.1594547528304977, 'g_gpe_gpi_mult': 0.9853628753278314}. Best is trial 119 with value: 0.2337670588460598.
[I 2026-05-28 00:50:24,519] Trial 127 finished with value: 4.636062107660884 and parameters: {'ISTN': 65.49222384320466, 'I_gpe': 1.03661485502218, 'I_gpi': 3.125041292547038, 'noise_stn_sigma': 4.033262529798561, 'noise_gpe_sigma': 101.36274678925403, 'noise_gpi_sigma': 90.44093497793911, 'g_stn_gpe_mult': 3.908061436897818, 'g_gpe_stn_mult': 0.1828004800999496, 'g_stn_gpi_mult': 2.8283654977570336, 'g_gpe_gpi_mult': 0.9390695191238834}. Best is trial 119 with value: 0.2337670588460598.
[I 2026-05-28 00:50:25,529] Trial 128 finished with value: 0.29869482288787524 and parameters: {'ISTN': 61.574247797924585, 'I_gpe': 0.7713478687162239, 'I_gpi': 1.5596008250149, 'noise_stn_sigma': 4.009571474027049, 'noise_gpe_sigma': 80.04465105151391, 'noise_gpi_sigma': 120.77505420622862, 'g_stn_gpe_mult': 4.389711094920462, 'g_gpe_stn_mult': 0.2077484055793098, 'g_stn_gpi_mult': 2.986975390090384, 'g_gpe_gpi_mult': 1.0067884132723415}. Best is trial 119 with value: 0.2337670588460598.
[I 2026-05-28 00:50:26,539] Trial 129 finished with value: 7.396648742555301 and parameters: {'ISTN': 64.93171768930112, 'I_gpe': 1.6088624491493309, 'I_gpi': 2.583140379161368, 'noise_stn_sigma': 3.9333223145726963, 'noise_gpe_sigma': 113.07119464625039, 'noise_gpi_sigma': 90.49493693136291, 'g_stn_gpe_mult': 3.7932932207130468, 'g_gpe_stn_mult': 0.1934548529763495, 'g_stn_gpi_mult': 2.3862254806294017, 'g_gpe_gpi_mult': 0.9461351239477598}. Best is trial 119 with value: 0.2337670588460598.
[I 2026-05-28 00:50:27,548] Trial 130 finished with value: 15.360316877991714 and parameters: {'ISTN': 70.72233688283251, 'I_gpe': 1.0029105454943004, 'I_gpi': 3.051856695771016, 'noise_stn_sigma': 3.6223407834760186, 'noise_gpe_sigma': 71.85314293702794, 'noise_gpi_sigma': 103.13810378289132, 'g_stn_gpe_mult': 3.482522278151278, 'g_gpe_stn_mult': 0.24144517643010022, 'g_stn_gpi_mult': 2.584849374689624, 'g_gpe_gpi_mult': 1.0248083039919773}. Best is trial 119 with value: 0.2337670588460598.
[I 2026-05-28 00:50:28,556] Trial 131 finished with value: 14.991743696366896 and parameters: {'ISTN': 87.72992720880086, 'I_gpe': 0.9917174070080429, 'I_gpi': 2.274727720242681, 'noise_stn_sigma': 4.908333806616085, 'noise_gpe_sigma': 110.95354486595915, 'noise_gpi_sigma': 95.29206212689064, 'g_stn_gpe_mult': 3.704009887025257, 'g_gpe_stn_mult': 0.15875593946813638, 'g_stn_gpi_mult': 2.677534018601458, 'g_gpe_gpi_mult': 0.8589947467652923}. Best is trial 119 with value: 0.2337670588460598.
