[I 2026-05-28 01:09:42,606] Trial 264 finished with value: 3.3647496036429163 and parameters: {'ISTN': 107.4526800172392, 'I_gpe': 0.509920561804172, 'I_gpi': 2.107532885128463, 'noise_stn_sigma': 1.800400840124466, 'noise_gpe_sigma': 83.12268959159161, 'noise_gpi_sigma': 137.97194548141152, 'g_stn_gpe_mult': 3.3077248375436987, 'g_gpe_stn_mult': 1.4615260127058112, 'g_stn_gpi_mult': 2.562042988457434, 'g_gpe_gpi_mult': 1.720921609425601}. Best is trial 166 with value: 0.1435060865093464.
[I 2026-05-28 01:09:43,613] Trial 265 finished with value: 6.0165549263222715 and parameters: {'ISTN': 92.27412512820179, 'I_gpe': 0.995795820798744, 'I_gpi': 1.9305634409196848, 'noise_stn_sigma': 1.9019451133691894, 'noise_gpe_sigma': 107.0142712608714, 'noise_gpi_sigma': 137.05699284041788, 'g_stn_gpe_mult': 3.496423383078452, 'g_gpe_stn_mult': 1.386155804435224, 'g_stn_gpi_mult': 2.1739903483936764, 'g_gpe_gpi_mult': 1.6101265416358124}. Best is trial 166 with value: 0.1435060865093464.
[I 2026-05-28 01:09:44,620] Trial 266 finished with value: 0.3489605454834488 and parameters: {'ISTN': 99.90817009516945, 'I_gpe': 0.8441675497810346, 'I_gpi': 2.071480378483981, 'noise_stn_sigma': 2.1780069531579205, 'noise_gpe_sigma': 106.21902566420803, 'noise_gpi_sigma': 145.13786512097835, 'g_stn_gpe_mult': 3.8520531903235264, 'g_gpe_stn_mult': 1.4930478532569644, 'g_stn_gpi_mult': 2.151143355527703, 'g_gpe_gpi_mult': 1.8521832895199362}. Best is trial 166 with value: 0.1435060865093464.
[I 2026-05-28 01:09:45,628] Trial 267 finished with value: 1.1809668100118262 and parameters: {'ISTN': 100.53094863211068, 'I_gpe': 0.7214529892479774, 'I_gpi': 2.3303755141203792, 'noise_stn_sigma': 3.411186885954685, 'noise_gpe_sigma': 97.3857856778849, 'noise_gpi_sigma': 144.783889118976, 'g_stn_gpe_mult': 3.607977262471207, 'g_gpe_stn_mult': 1.4396397214191208, 'g_stn_gpi_mult': 2.179149326880151, 'g_gpe_gpi_mult': 1.7361235318468973}. Best is trial 166 with value: 0.1435060865093464.
[I 2026-05-28 01:09:46,634] Trial 268 finished with value: 0.2711672024392361 and parameters: {'ISTN': 88.97825516016916, 'I_gpe': 0.5785400178416313, 'I_gpi': 2.5733216479498213, 'noise_stn_sigma': 2.315607716702619, 'noise_gpe_sigma': 112.82558819610452, 'noise_gpi_sigma': 147.9049892738219, 'g_stn_gpe_mult': 3.3447514123100897, 'g_gpe_stn_mult': 1.3959590084677913, 'g_stn_gpi_mult': 2.290886012426163, 'g_gpe_gpi_mult': 1.7182549207979665}. Best is trial 166 with value: 0.1435060865093464.
[I 2026-05-28 01:09:47,642] Trial 269 finished with value: 1.538882682270716 and parameters: {'ISTN': 102.24999930314561, 'I_gpe': 0.5319114746546791, 'I_gpi': 2.0308528152305336, 'noise_stn_sigma': 1.5691148001242854, 'noise_gpe_sigma': 108.9364079533185, 'noise_gpi_sigma': 130.62412761631367, 'g_stn_gpe_mult': 4.011579800058479, 'g_gpe_stn_mult': 1.4785238288331002, 'g_stn_gpi_mult': 2.2315632514958725, 'g_gpe_gpi_mult': 1.790429367352074}. Best is trial 166 with value: 0.1435060865093464.
[I 2026-05-28 01:09:48,650] Trial 270 finished with value: 0.34577671800874904 and parameters: {'ISTN': 97.36161477204038, 'I_gpe': 0.6337634447214919, 'I_gpi': 2.6077738695551647, 'noise_stn_sigma': 2.9752477365401067, 'noise_gpe_sigma': 96.49319643584386, 'noise_gpi_sigma': 131.64313385063764, 'g_stn_gpe_mult': 3.823201389039623, 'g_gpe_stn_mult': 1.4591702525322137, 'g_stn_gpi_mult': 2.4673885718951283, 'g_gpe_gpi_mult': 1.7029805463769097}. Best is trial 166 with value: 0.1435060865093464.
[I 2026-05-28 01:09:49,656] Trial 271 finished with value: 1.0898507870785878 and parameters: {'ISTN': 103.79641080441377, 'I_gpe': 0.5250527092785003, 'I_gpi': 2.361171933200289, 'noise_stn_sigma': 2.7235874664415958, 'noise_gpe_sigma': 106.02625628554891, 'noise_gpi_sigma': 140.28306664529646, 'g_stn_gpe_mult': 3.488677895786191, 'g_gpe_stn_mult': 1.5631748122814622, 'g_stn_gpi_mult': 3.0725239210330053, 'g_gpe_gpi_mult': 1.8940339011168201}. Best is trial 166 with value: 0.1435060865093464.
[I 2026-05-28 01:09:50,604] Trial 272 finished with value: 1000000.0 and parameters: {'ISTN': 93.9923887261696, 'I_gpe': 0.6143073209824786, 'I_gpi': 2.42848486754078, 'noise_stn_sigma': 2.254606485988134, 'noise_gpe_sigma': 101.95999451279614, 'noise_gpi_sigma': 147.80179794201746, 'g_stn_gpe_mult': 4.089408217368334, 'g_gpe_stn_mult': 1.306163689927693, 'g_stn_gpi_mult': 2.233006613178821, 'g_gpe_gpi_mult': 1.5831096291222124}. Best is trial 166 with value: 0.1435060865093464.
[I 2026-05-28 01:09:51,613] Trial 273 finished with value: 3.3248178045057655 and parameters: {'ISTN': 110.63026390428342, 'I_gpe': 0.7286878772216497, 'I_gpi': 1.7917089150297363, 'noise_stn_sigma': 1.6523727142161881, 'noise_gpe_sigma': 112.40799540746171, 'noise_gpi_sigma': 131.2316641294647, 'g_stn_gpe_mult': 3.933283173105615, 'g_gpe_stn_mult': 1.4904390179751024, 'g_stn_gpi_mult': 2.3052297371203667, 'g_gpe_gpi_mult': 1.911942015466154}. Best is trial 166 with value: 0.1435060865093464.
[I 2026-05-28 01:09:52,622] Trial 274 finished with value: 0.6720641954222444 and parameters: {'ISTN': 112.27464140099681, 'I_gpe': 0.7095015582883432, 'I_gpi': 2.193081515286022, 'noise_stn_sigma': 2.1047545224432493, 'noise_gpe_sigma': 103.01240913083757, 'noise_gpi_sigma': 134.45767602724175, 'g_stn_gpe_mult': 3.5907951577495876, 'g_gpe_stn_mult': 1.6023182332993169, 'g_stn_gpi_mult': 2.6721672762906974, 'g_gpe_gpi_mult': 1.7967325438127433}. Best is trial 166 with value: 0.1435060865093464.
[I 2026-05-28 01:09:53,631] Trial 275 finished with value: 0.20173957171210513 and parameters: {'ISTN': 98.08941854583301, 'I_gpe': 0.6376274421936456, 'I_gpi': 2.4282796491837155, 'noise_stn_sigma': 2.9445052899139057, 'noise_gpe_sigma': 107.68741402376054, 'noise_gpi_sigma': 142.14633524315136, 'g_stn_gpe_mult': 3.6063100853173653, 'g_gpe_stn_mult': 1.543299878452543, 'g_stn_gpi_mult': 2.8996765622043412, 'g_gpe_gpi_mult': 1.6911749590091676}. Best is trial 166 with value: 0.1435060865093464.
[I 2026-05-28 01:09:54,644] Trial 276 finished with value: 4.671809233838486 and parameters: {'ISTN': 102.6722905656415, 'I_gpe': 0.8666220560111891, 'I_gpi': 2.4049094036393894, 'noise_stn_sigma': 1.6133295701559933, 'noise_gpe_sigma': 110.64174270906877, 'noise_gpi_sigma': 144.80147857326864, 'g_stn_gpe_mult': 4.04980546258841, 'g_gpe_stn_mult': 1.459868396086901, 'g_stn_gpi_mult': 2.3297651750319885, 'g_gpe_gpi_mult': 1.899738305790867}. Best is trial 166 with value: 0.1435060865093464.
[I 2026-05-28 01:09:55,654] Trial 277 finished with value: 0.38156039862235214 and parameters: {'ISTN': 99.56294163899847, 'I_gpe': 0.5283244345296894, 'I_gpi': 2.2222966916140416, 'noise_stn_sigma': 1.5599630791956405, 'noise_gpe_sigma': 107.11288320543547, 'noise_gpi_sigma': 146.17665735306446, 'g_stn_gpe_mult': 3.9283014012871313, 'g_gpe_stn_mult': 1.507213710716975, 'g_stn_gpi_mult': 2.1877181202946527, 'g_gpe_gpi_mult': 1.7684904826628927}. Best is trial 166 with value: 0.1435060865093464.
[I 2026-05-28 01:09:56,664] Trial 278 finished with value: 0.6254193775460206 and parameters: {'ISTN': 94.95326801818561, 'I_gpe': 0.6545164938384923, 'I_gpi': 2.2059131029753, 'noise_stn_sigma': 2.5393166203086155, 'noise_gpe_sigma': 104.12999996814703, 'noise_gpi_sigma': 132.58053304591883, 'g_stn_gpe_mult': 3.3397554133231098, 'g_gpe_stn_mult': 1.4824638430262358, 'g_stn_gpi_mult': 1.8669019974260834, 'g_gpe_gpi_mult': 1.7021799645041835}. Best is trial 166 with value: 0.1435060865093464.
[I 2026-05-28 01:09:57,671] Trial 279 finished with value: 0.22288338586352346 and parameters: {'ISTN': 96.61916934031544, 'I_gpe': 0.6321299815274318, 'I_gpi': 2.6162600323832423, 'noise_stn_sigma': 1.8482349042613708, 'noise_gpe_sigma': 107.88856736981265, 'noise_gpi_sigma': 138.08630725172299, 'g_stn_gpe_mult': 3.644550578892116, 'g_gpe_stn_mult': 1.471120424461104, 'g_stn_gpi_mult': 2.314556042486787, 'g_gpe_gpi_mult': 1.6924451657505863}. Best is trial 166 with value: 0.1435060865093464.
[I 2026-05-28 01:09:58,681] Trial 280 finished with value: 0.8796790518156589 and parameters: {'ISTN': 86.58967154580853, 'I_gpe': 0.7378893307841781, 'I_gpi': 2.0963652879321937, 'noise_stn_sigma': 2.1358267686729304, 'noise_gpe_sigma': 111.8679488015542, 'noise_gpi_sigma': 139.89943276209067, 'g_stn_gpe_mult': 4.001493145445238, 'g_gpe_stn_mult': 1.329848458613178, 'g_stn_gpi_mult': 1.8447989020857731, 'g_gpe_gpi_mult': 1.6032862597421254}. Best is trial 166 with value: 0.1435060865093464.
[I 2026-05-28 01:09:59,693] Trial 281 finished with value: 0.17793997095894368 and parameters: {'ISTN': 99.12710376113517, 'I_gpe': 0.7742061415954324, 'I_gpi': 2.319378075365278, 'noise_stn_sigma': 2.4089662454919534, 'noise_gpe_sigma': 107.22546690061668, 'noise_gpi_sigma': 140.1336746998936, 'g_stn_gpe_mult': 3.637759979067216, 'g_gpe_stn_mult': 1.4831873705680025, 'g_stn_gpi_mult': 2.4712776030226884, 'g_gpe_gpi_mult': 1.557619888977637}. Best is trial 166 with value: 0.1435060865093464.
[I 2026-05-28 01:10:00,700] Trial 282 finished with value: 0.33670802086492574 and parameters: {'ISTN': 97.51023664544473, 'I_gpe': 0.5822557096844756, 'I_gpi': 2.5164332310246866, 'noise_stn_sigma': 2.093124262835624, 'noise_gpe_sigma': 103.19568803205141, 'noise_gpi_sigma': 141.59665904440732, 'g_stn_gpe_mult': 3.754830330320665, 'g_gpe_stn_mult': 1.4887809317672087, 'g_stn_gpi_mult': 2.6563948443711602, 'g_gpe_gpi_mult': 1.5571321333857624}. Best is trial 166 with value: 0.1435060865093464.
[I 2026-05-28 01:10:01,708] Trial 283 finished with value: 3.091782897613214 and parameters: {'ISTN': 98.72231885286135, 'I_gpe': 0.6713888661271717, 'I_gpi': 2.0072767698614573, 'noise_stn_sigma': 1.6061628760695064, 'noise_gpe_sigma': 112.89963108343416, 'noise_gpi_sigma': 149.12111961995518, 'g_stn_gpe_mult': 3.4894880048601284, 'g_gpe_stn_mult': 1.59970788238948, 'g_stn_gpi_mult': 2.6720182184745322, 'g_gpe_gpi_mult': 1.7596484256550946}. Best is trial 166 with value: 0.1435060865093464.
[I 2026-05-28 01:10:02,716] Trial 284 finished with value: 1.3347756623711582 and parameters: {'ISTN': 97.47643140013201, 'I_gpe': 0.5408775258925165, 'I_gpi': 2.3842054100942467, 'noise_stn_sigma': 2.427604667487582, 'noise_gpe_sigma': 105.96311071355007, 'noise_gpi_sigma': 142.65145261560613, 'g_stn_gpe_mult': 3.578166514143363, 'g_gpe_stn_mult': 1.482746429888344, 'g_stn_gpi_mult': 2.272265526439921, 'g_gpe_gpi_mult': 1.6490187429621315}. Best is trial 166 with value: 0.1435060865093464.
[I 2026-05-28 01:10:03,722] Trial 285 finished with value: 0.8281614730096392 and parameters: {'ISTN': 96.67357977293632, 'I_gpe': 0.5082006790992011, 'I_gpi': 2.1712761185396086, 'noise_stn_sigma': 2.2020790131844548, 'noise_gpe_sigma': 96.21626512051151, 'noise_gpi_sigma': 132.23367591562103, 'g_stn_gpe_mult': 3.5206087487959397, 'g_gpe_stn_mult': 1.4630749267502952, 'g_stn_gpi_mult': 2.2243708314324397, 'g_gpe_gpi_mult': 1.525870976811967}. Best is trial 166 with value: 0.1435060865093464.
[I 2026-05-28 01:10:04,728] Trial 286 finished with value: 0.3660405144863439 and parameters: {'ISTN': 100.81892254451742, 'I_gpe': 0.6542577863408298, 'I_gpi': 2.1055003758848985, 'noise_stn_sigma': 2.633292625399548, 'noise_gpe_sigma': 100.32631762450305, 'noise_gpi_sigma': 137.175276759501, 'g_stn_gpe_mult': 3.4574042447603826, 'g_gpe_stn_mult': 1.534702662401205, 'g_stn_gpi_mult': 2.5469754895517265, 'g_gpe_gpi_mult': 1.8108325388971231}. Best is trial 166 with value: 0.1435060865093464.
[I 2026-05-28 01:10:05,735] Trial 287 finished with value: 0.34885227046012124 and parameters: {'ISTN': 109.03975979527434, 'I_gpe': 0.8912887977563064, 'I_gpi': 2.4654403029703813, 'noise_stn_sigma': 2.14052141379119, 'noise_gpe_sigma': 101.82248890869951, 'noise_gpi_sigma': 136.35660246348232, 'g_stn_gpe_mult': 4.0512759597271755, 'g_gpe_stn_mult': 1.590574084276296, 'g_stn_gpi_mult': 2.801105281665193, 'g_gpe_gpi_mult': 1.6603191945060176}. Best is trial 166 with value: 0.1435060865093464.
[I 2026-05-28 01:10:06,741] Trial 288 finished with value: 0.29509570899045495 and parameters: {'ISTN': 97.30279417086143, 'I_gpe': 0.7115250802018497, 'I_gpi': 2.8539842686848216, 'noise_stn_sigma': 2.8610870080952595, 'noise_gpe_sigma': 104.2275207790928, 'noise_gpi_sigma': 137.35915465795216, 'g_stn_gpe_mult': 3.693693532112758, 'g_gpe_stn_mult': 1.4988708914833047, 'g_stn_gpi_mult': 2.345045393543182, 'g_gpe_gpi_mult': 1.6943140795462612}. Best is trial 166 with value: 0.1435060865093464.
[I 2026-05-28 01:10:07,749] Trial 289 finished with value: 7.439516810167413 and parameters: {'ISTN': 108.22072779461912, 'I_gpe': 1.116619909649931, 'I_gpi': 2.3138864516884023, 'noise_stn_sigma': 2.2824718651988243, 'noise_gpe_sigma': 99.65663932540599, 'noise_gpi_sigma': 132.25756483372095, 'g_stn_gpe_mult': 3.649401778406678, 'g_gpe_stn_mult': 1.521374676447634, 'g_stn_gpi_mult': 2.92654633085663, 'g_gpe_gpi_mult': 1.6574642068930991}. Best is trial 166 with value: 0.1435060865093464.
[I 2026-05-28 01:10:08,760] Trial 290 finished with value: 0.16564243127772532 and parameters: {'ISTN': 99.27013693507247, 'I_gpe': 0.7496871113793248, 'I_gpi': 2.238849676357545, 'noise_stn_sigma': 2.2003731645406193, 'noise_gpe_sigma': 104.16242135539586, 'noise_gpi_sigma': 135.76683798559662, 'g_stn_gpe_mult': 3.2470388516612356, 'g_gpe_stn_mult': 1.4660034093875132, 'g_stn_gpi_mult': 2.534960303410189, 'g_gpe_gpi_mult': 1.5525036736089932}. Best is trial 166 with value: 0.1435060865093464.
[I 2026-05-28 01:10:09,770] Trial 291 finished with value: 1.5982054938253345 and parameters: {'ISTN': 102.23654259282986, 'I_gpe': 0.6219797079012532, 'I_gpi': 2.364810799062984, 'noise_stn_sigma': 2.2797935423405282, 'noise_gpe_sigma': 97.98156496515314, 'noise_gpi_sigma': 137.18639441782096, 'g_stn_gpe_mult': 3.76245411386256, 'g_gpe_stn_mult': 1.5376601318094563, 'g_stn_gpi_mult': 2.5911720410370354, 'g_gpe_gpi_mult': 1.6720972594983854}. Best is trial 166 with value: 0.1435060865093464.
[I 2026-05-28 01:10:10,776] Trial 292 finished with value: 3.527025090591572 and parameters: {'ISTN': 105.655652311328, 'I_gpe': 1.0825095782615055, 'I_gpi': 2.6375624155067805, 'noise_stn_sigma': 3.06970063958556, 'noise_gpe_sigma': 97.39004803617603, 'noise_gpi_sigma': 123.36433470351145, 'g_stn_gpe_mult': 3.6076795652598292, 'g_gpe_stn_mult': 1.4728653016516358, 'g_stn_gpi_mult': 2.4401322627797812, 'g_gpe_gpi_mult': 1.6010052672462833}. Best is trial 166 with value: 0.1435060865093464.
[I 2026-05-28 01:10:11,783] Trial 293 finished with value: 0.20407644479370676 and parameters: {'ISTN': 95.22570175763845, 'I_gpe': 0.7746433493871685, 'I_gpi': 2.5389865400825986, 'noise_stn_sigma': 3.08804821405969, 'noise_gpe_sigma': 103.33462071304777, 'noise_gpi_sigma': 136.39163054029672, 'g_stn_gpe_mult': 3.3863832769460203, 'g_gpe_stn_mult': 1.4563316118395209, 'g_stn_gpi_mult': 2.254608174467296, 'g_gpe_gpi_mult': 1.492376182371461}. Best is trial 166 with value: 0.1435060865093464.
[I 2026-05-28 01:10:12,791] Trial 294 finished with value: 4.622668936244531 and parameters: {'ISTN': 97.5190862941603, 'I_gpe': 0.7946071455738396, 'I_gpi': 2.714282133070985, 'noise_stn_sigma': 2.457151128175979, 'noise_gpe_sigma': 108.40630885592297, 'noise_gpi_sigma': 131.89261428164798, 'g_stn_gpe_mult': 3.473369514359239, 'g_gpe_stn_mult': 1.5200866397133521, 'g_stn_gpi_mult': 2.446353240028922, 'g_gpe_gpi_mult': 1.580636324932814}. Best is trial 166 with value: 0.1435060865093464.
[I 2026-05-28 01:10:13,798] Trial 295 finished with value: 0.6259734540044702 and parameters: {'ISTN': 99.48895904639387, 'I_gpe': 0.6990383002517365, 'I_gpi': 2.7807419341542694, 'noise_stn_sigma': 2.5615051483621247, 'noise_gpe_sigma': 103.89578213441912, 'noise_gpi_sigma': 138.46587602625777, 'g_stn_gpe_mult': 3.5988009544345276, 'g_gpe_stn_mult': 1.4270694265447923, 'g_stn_gpi_mult': 2.3710270048535182, 'g_gpe_gpi_mult': 1.5609939406740172}. Best is trial 166 with value: 0.1435060865093464.
[I 2026-05-28 01:10:14,805] Trial 296 finished with value: 0.8870969825174868 and parameters: {'ISTN': 108.02297999043651, 'I_gpe': 0.8489696235117878, 'I_gpi': 2.431307075004045, 'noise_stn_sigma': 2.0375520301649175, 'noise_gpe_sigma': 104.62144946307444, 'noise_gpi_sigma': 141.28049492221368, 'g_stn_gpe_mult': 3.4449246518616663, 'g_gpe_stn_mult': 1.528170576096942, 'g_stn_gpi_mult': 2.4309757220101735, 'g_gpe_gpi_mult': 1.5175681266253753}. Best is trial 166 with value: 0.1435060865093464.
[I 2026-05-28 01:10:15,813] Trial 297 finished with value: 0.32276707081542266 and parameters: {'ISTN': 96.36635390714038, 'I_gpe': 0.6866215328515584, 'I_gpi': 2.861859359671433, 'noise_stn_sigma': 2.404956048837745, 'noise_gpe_sigma': 98.03789709498459, 'noise_gpi_sigma': 124.17320701126599, 'g_stn_gpe_mult': 3.6067841618995047, 'g_gpe_stn_mult': 1.469591202439617, 'g_stn_gpi_mult': 2.5553290526365267, 'g_gpe_gpi_mult': 1.6748733502180106}. Best is trial 166 with value: 0.1435060865093464.
[I 2026-05-28 01:10:16,821] Trial 298 finished with value: 0.18903460900934865 and parameters: {'ISTN': 96.92757064854894, 'I_gpe': 0.6559882503763844, 'I_gpi': 2.3701756150478746, 'noise_stn_sigma': 2.3446533089773505, 'noise_gpe_sigma': 111.11575239638934, 'noise_gpi_sigma': 145.49768011411697, 'g_stn_gpe_mult': 3.4631638404054934, 'g_gpe_stn_mult': 1.5005285980579708, 'g_stn_gpi_mult': 2.5091234632369686, 'g_gpe_gpi_mult': 1.6822712259194845}. Best is trial 166 with value: 0.1435060865093464.
[I 2026-05-28 01:10:17,830] Trial 299 finished with value: 1.6910460269498204 and parameters: {'ISTN': 95.37251414356567, 'I_gpe': 0.5579763133864861, 'I_gpi': 2.5183944266467506, 'noise_stn_sigma': 3.1106692354536754, 'noise_gpe_sigma': 103.79203653148296, 'noise_gpi_sigma': 135.5156240562797, 'g_stn_gpe_mult': 2.923958934168521, 'g_gpe_stn_mult': 1.3383502303891988, 'g_stn_gpi_mult': 2.1870814628970265, 'g_gpe_gpi_mult': 1.601892319333548}. Best is trial 166 with value: 0.1435060865093464.
[I 2026-05-28 01:10:18,839] Trial 300 finished with value: 4.341902206325777 and parameters: {'ISTN': 101.48328357563872, 'I_gpe': 0.7483009605553458, 'I_gpi': 2.410086965129254, 'noise_stn_sigma': 2.278463189748912, 'noise_gpe_sigma': 111.98591943332775, 'noise_gpi_sigma': 137.51749227276446, 'g_stn_gpe_mult': 3.2822677262207116, 'g_gpe_stn_mult': 1.372345962321324, 'g_stn_gpi_mult': 2.5636156506608083, 'g_gpe_gpi_mult': 1.4789583257343881}. Best is trial 166 with value: 0.1435060865093464.
[I 2026-05-28 01:10:19,849] Trial 301 finished with value: 0.2735420162655519 and parameters: {'ISTN': 97.89580139073631, 'I_gpe': 0.6898457330306601, 'I_gpi': 2.628313918523265, 'noise_stn_sigma': 2.502286033732142, 'noise_gpe_sigma': 98.14453576199904, 'noise_gpi_sigma': 134.80607911843748, 'g_stn_gpe_mult': 3.5310464770578838, 'g_gpe_stn_mult': 1.535433206836817, 'g_stn_gpi_mult': 2.885057964882865, 'g_gpe_gpi_mult': 1.524745750671237}. Best is trial 166 with value: 0.1435060865093464.
[I 2026-05-28 01:10:20,857] Trial 302 finished with value: 1.0144964431717511 and parameters: {'ISTN': 101.20571452870684, 'I_gpe': 0.7526448956159338, 'I_gpi': 2.3664432807772915, 'noise_stn_sigma': 1.9792634583027455, 'noise_gpe_sigma': 104.6330422528868, 'noise_gpi_sigma': 130.29200656065188, 'g_stn_gpe_mult': 3.463774823796043, 'g_gpe_stn_mult': 1.5901296411639516, 'g_stn_gpi_mult': 2.4834041187420137, 'g_gpe_gpi_mult': 1.7045578107455455}. Best is trial 166 with value: 0.1435060865093464.
[I 2026-05-28 01:10:21,867] Trial 303 finished with value: 0.25985484766996847 and parameters: {'ISTN': 91.93610907475487, 'I_gpe': 0.6216421792737622, 'I_gpi': 2.3721204287925675, 'noise_stn_sigma': 2.9862611080954053, 'noise_gpe_sigma': 110.65938579662222, 'noise_gpi_sigma': 149.38888708938512, 'g_stn_gpe_mult': 3.5427190645482214, 'g_gpe_stn_mult': 1.4781032737261477, 'g_stn_gpi_mult': 2.5371006452088407, 'g_gpe_gpi_mult': 1.6757574007434004}. Best is trial 166 with value: 0.1435060865093464.
[I 2026-05-28 01:10:22,874] Trial 304 finished with value: 5.59517624232105 and parameters: {'ISTN': 89.83424733641428, 'I_gpe': 0.7607903049494362, 'I_gpi': 2.51005839004202, 'noise_stn_sigma': 2.9675500215345787, 'noise_gpe_sigma': 117.65249083501608, 'noise_gpi_sigma': 148.16785495139928, 'g_stn_gpe_mult': 3.535157275960731, 'g_gpe_stn_mult': 1.305238230534667, 'g_stn_gpi_mult': 2.175546453302836, 'g_gpe_gpi_mult': 1.5033173278217624}. Best is trial 166 with value: 0.1435060865093464.
[I 2026-05-28 01:10:23,884] Trial 305 finished with value: 0.6031490829372299 and parameters: {'ISTN': 98.72915416855557, 'I_gpe': 0.7055192470891902, 'I_gpi': 2.5490640446794783, 'noise_stn_sigma': 2.5143295865144895, 'noise_gpe_sigma': 107.71194737907136, 'noise_gpi_sigma': 140.78161712391437, 'g_stn_gpe_mult': 3.2748208766907245, 'g_gpe_stn_mult': 1.533015455237392, 'g_stn_gpi_mult': 2.2304630980533364, 'g_gpe_gpi_mult': 1.60556766539098}. Best is trial 166 with value: 0.1435060865093464.
[I 2026-05-28 01:10:24,889] Trial 306 finished with value: 1.1076894777817445 and parameters: {'ISTN': 100.24555256366838, 'I_gpe': 0.6245500123479948, 'I_gpi': 2.4914520818477914, 'noise_stn_sigma': 2.069375870940552, 'noise_gpe_sigma': 95.03275136613865, 'noise_gpi_sigma': 139.68728536465395, 'g_stn_gpe_mult': 3.6314259916943477, 'g_gpe_stn_mult': 1.5050747768252906, 'g_stn_gpi_mult': 2.5690469338314394, 'g_gpe_gpi_mult': 1.502101098350877}. Best is trial 166 with value: 0.1435060865093464.
[I 2026-05-28 01:10:25,896] Trial 307 finished with value: 0.26747037172088334 and parameters: {'ISTN': 96.54877615010649, 'I_gpe': 0.6526745204831418, 'I_gpi': 2.6021762574759206, 'noise_stn_sigma': 2.5637228038779405, 'noise_gpe_sigma': 103.23300016298722, 'noise_gpi_sigma': 122.82416411662797, 'g_stn_gpe_mult': 3.5238130372697216, 'g_gpe_stn_mult': 1.5526759789482423, 'g_stn_gpi_mult': 2.599602320679329, 'g_gpe_gpi_mult': 1.64295024271312}. Best is trial 166 with value: 0.1435060865093464.
