[I 2026-05-28 00:53:27,070] Trial 308 finished with value: 9.679507176093832 and parameters: {'ISTN': 84.98254342388805, 'I_gpe': 0.9897771605386962, 'I_gpi': 2.5041939426943536, 'noise_stn_sigma': 7.306664101000724, 'noise_gpe_sigma': 78.21554491569378, 'noise_gpi_sigma': 86.31155598593843, 'g_stn_gpe_mult': 2.1667397778345907, 'g_gpe_stn_mult': 0.24455737730084917, 'g_stn_gpi_mult': 2.619161024456806, 'g_gpe_gpi_mult': 1.124749665246769}. Best is trial 119 with value: 0.2337670588460598.
[I 2026-05-28 00:53:28,081] Trial 309 finished with value: 12.473364592664195 and parameters: {'ISTN': 82.21973877656765, 'I_gpe': 1.3230963539074514, 'I_gpi': 2.6496649007881743, 'noise_stn_sigma': 6.143500804255741, 'noise_gpe_sigma': 76.02332614811814, 'noise_gpi_sigma': 93.98491656465872, 'g_stn_gpe_mult': 2.256568865833768, 'g_gpe_stn_mult': 0.1442405576040711, 'g_stn_gpi_mult': 2.2918177807750477, 'g_gpe_gpi_mult': 1.1492535335154082}. Best is trial 119 with value: 0.2337670588460598.
[I 2026-05-28 00:53:29,090] Trial 310 finished with value: 6.566470348958268 and parameters: {'ISTN': 72.53286481360648, 'I_gpe': 1.5249596166392037, 'I_gpi': 2.670995969927241, 'noise_stn_sigma': 6.7806840010031895, 'noise_gpe_sigma': 77.89165337853521, 'noise_gpi_sigma': 80.50959383998702, 'g_stn_gpe_mult': 2.68171015415789, 'g_gpe_stn_mult': 0.15134890518164296, 'g_stn_gpi_mult': 2.5756132392843503, 'g_gpe_gpi_mult': 1.0611238270539176}. Best is trial 119 with value: 0.2337670588460598.
[I 2026-05-28 00:53:30,101] Trial 311 finished with value: 7.231969869595363 and parameters: {'ISTN': 77.80136936807556, 'I_gpe': 1.178730505712264, 'I_gpi': 2.174897403852212, 'noise_stn_sigma': 6.552150437327172, 'noise_gpe_sigma': 78.98975521724407, 'noise_gpi_sigma': 82.43688942572439, 'g_stn_gpe_mult': 2.304388004313042, 'g_gpe_stn_mult': 0.2375577134928189, 'g_stn_gpi_mult': 2.212464296317634, 'g_gpe_gpi_mult': 1.0174127748965407}. Best is trial 119 with value: 0.2337670588460598.
[I 2026-05-28 00:53:31,110] Trial 312 finished with value: 8.695782418900242 and parameters: {'ISTN': 72.40886872641946, 'I_gpe': 1.3533084595260894, 'I_gpi': 2.4734636611649896, 'noise_stn_sigma': 6.651025557176162, 'noise_gpe_sigma': 79.85266390966515, 'noise_gpi_sigma': 82.33323068895379, 'g_stn_gpe_mult': 2.950744545259809, 'g_gpe_stn_mult': 0.2110131963791175, 'g_stn_gpi_mult': 2.3657233191649176, 'g_gpe_gpi_mult': 1.01604273460955}. Best is trial 119 with value: 0.2337670588460598.
[I 2026-05-28 00:53:32,119] Trial 313 finished with value: 10.416076725925757 and parameters: {'ISTN': 80.67135367844601, 'I_gpe': 1.0214804105459836, 'I_gpi': 2.9000542589876943, 'noise_stn_sigma': 6.79788167640388, 'noise_gpe_sigma': 70.82058040903138, 'noise_gpi_sigma': 81.58862019633332, 'g_stn_gpe_mult': 1.9941089827278202, 'g_gpe_stn_mult': 0.22556581557823716, 'g_stn_gpi_mult': 2.1733157523069915, 'g_gpe_gpi_mult': 1.0165292644419321}. Best is trial 119 with value: 0.2337670588460598.
[I 2026-05-28 00:53:33,130] Trial 314 finished with value: 5.017085490297564 and parameters: {'ISTN': 84.02176345172249, 'I_gpe': 0.6598134712987451, 'I_gpi': 1.9243985696116375, 'noise_stn_sigma': 6.2995304989289345, 'noise_gpe_sigma': 91.01708406513436, 'noise_gpi_sigma': 87.76682889792606, 'g_stn_gpe_mult': 2.430650358003695, 'g_gpe_stn_mult': 0.18342304453955116, 'g_stn_gpi_mult': 2.284396775461798, 'g_gpe_gpi_mult': 1.1637089432730072}. Best is trial 119 with value: 0.2337670588460598.
[I 2026-05-28 00:53:34,139] Trial 315 finished with value: 11.218589068404743 and parameters: {'ISTN': 74.99840629144953, 'I_gpe': 1.2447802809492208, 'I_gpi': 2.680707113529018, 'noise_stn_sigma': 6.406714525609679, 'noise_gpe_sigma': 74.52269337238633, 'noise_gpi_sigma': 71.19741834915817, 'g_stn_gpe_mult': 2.240839126102394, 'g_gpe_stn_mult': 0.15411053321872437, 'g_stn_gpi_mult': 2.3691236727606966, 'g_gpe_gpi_mult': 1.0480106577331871}. Best is trial 119 with value: 0.2337670588460598.
[I 2026-05-28 00:53:35,151] Trial 316 finished with value: 8.231412752631442 and parameters: {'ISTN': 95.64738973765326, 'I_gpe': 0.7699984943928045, 'I_gpi': 2.412836781618093, 'noise_stn_sigma': 7.141390928674922, 'noise_gpe_sigma': 70.22873719141144, 'noise_gpi_sigma': 99.82614062646849, 'g_stn_gpe_mult': 1.5722987019538903, 'g_gpe_stn_mult': 0.2377498674882743, 'g_stn_gpi_mult': 1.8717546723521936, 'g_gpe_gpi_mult': 0.9377142349065175}. Best is trial 119 with value: 0.2337670588460598.
[I 2026-05-28 00:53:36,161] Trial 317 finished with value: 6.5137050057882995 and parameters: {'ISTN': 69.95643389525151, 'I_gpe': 0.9049664389511292, 'I_gpi': 2.162859870465197, 'noise_stn_sigma': 6.12155218019784, 'noise_gpe_sigma': 81.14528936732728, 'noise_gpi_sigma': 101.07339589467354, 'g_stn_gpe_mult': 2.3078489508071964, 'g_gpe_stn_mult': 0.22499251393646177, 'g_stn_gpi_mult': 2.135287602775475, 'g_gpe_gpi_mult': 1.1390819924701183}. Best is trial 119 with value: 0.2337670588460598.
[I 2026-05-28 00:53:37,170] Trial 318 finished with value: 13.031307895715877 and parameters: {'ISTN': 78.97137320644704, 'I_gpe': 1.068768427569627, 'I_gpi': 3.114554098444486, 'noise_stn_sigma': 6.337932346314936, 'noise_gpe_sigma': 74.181755647207, 'noise_gpi_sigma': 86.23489620640468, 'g_stn_gpe_mult': 2.083617759851183, 'g_gpe_stn_mult': 0.2805615600105482, 'g_stn_gpi_mult': 2.296160482813076, 'g_gpe_gpi_mult': 0.9956272130410517}. Best is trial 119 with value: 0.2337670588460598.
[I 2026-05-28 00:53:38,182] Trial 319 finished with value: 6.813707818652647 and parameters: {'ISTN': 67.9491192700502, 'I_gpe': 1.2855484577016638, 'I_gpi': 2.807567306573084, 'noise_stn_sigma': 6.271754151637273, 'noise_gpe_sigma': 80.65636011712255, 'noise_gpi_sigma': 79.60243871884632, 'g_stn_gpe_mult': 2.4518450478580336, 'g_gpe_stn_mult': 0.21184992598824098, 'g_stn_gpi_mult': 2.7046085622752987, 'g_gpe_gpi_mult': 0.9890145667004855}. Best is trial 119 with value: 0.2337670588460598.
[I 2026-05-28 00:53:39,193] Trial 320 finished with value: 5.533388989902075 and parameters: {'ISTN': 81.09140168447416, 'I_gpe': 0.9079089368965036, 'I_gpi': 2.457053986152555, 'noise_stn_sigma': 7.319234993679814, 'noise_gpe_sigma': 68.80165731600151, 'noise_gpi_sigma': 63.43399363622449, 'g_stn_gpe_mult': 1.7574829281560986, 'g_gpe_stn_mult': 0.20715325438683868, 'g_stn_gpi_mult': 2.596281540926555, 'g_gpe_gpi_mult': 1.0514670162190816}. Best is trial 119 with value: 0.2337670588460598.
[I 2026-05-28 00:53:40,204] Trial 321 finished with value: 4.225853437289342 and parameters: {'ISTN': 84.34280267796704, 'I_gpe': 0.7202808623494963, 'I_gpi': 2.3898743113811625, 'noise_stn_sigma': 6.066552942835727, 'noise_gpe_sigma': 83.30008844254263, 'noise_gpi_sigma': 61.32581516368275, 'g_stn_gpe_mult': 1.713347924112389, 'g_gpe_stn_mult': 0.2327209961140356, 'g_stn_gpi_mult': 2.708007528767659, 'g_gpe_gpi_mult': 1.1049440009885345}. Best is trial 119 with value: 0.2337670588460598.
[I 2026-05-28 00:53:41,212] Trial 322 finished with value: 12.470053918403273 and parameters: {'ISTN': 77.45352155701156, 'I_gpe': 1.1720870317095007, 'I_gpi': 2.313489592141113, 'noise_stn_sigma': 7.224513151676946, 'noise_gpe_sigma': 60.159578261215266, 'noise_gpi_sigma': 82.49971460741418, 'g_stn_gpe_mult': 2.01830304488609, 'g_gpe_stn_mult': 0.20647850482727337, 'g_stn_gpi_mult': 2.2666015501163517, 'g_gpe_gpi_mult': 1.1789472415831437}. Best is trial 119 with value: 0.2337670588460598.
[I 2026-05-28 00:53:42,221] Trial 323 finished with value: 1.29077352986343 and parameters: {'ISTN': 75.97355751064553, 'I_gpe': 0.7839507850594836, 'I_gpi': 2.5910107985231896, 'noise_stn_sigma': 5.81258658572848, 'noise_gpe_sigma': 81.41279491322939, 'noise_gpi_sigma': 76.68176514107827, 'g_stn_gpe_mult': 1.9801884749147896, 'g_gpe_stn_mult': 0.21622715642820747, 'g_stn_gpi_mult': 2.535705466303638, 'g_gpe_gpi_mult': 1.1952517586540856}. Best is trial 119 with value: 0.2337670588460598.
[I 2026-05-28 00:53:43,231] Trial 324 finished with value: 8.365538408715526 and parameters: {'ISTN': 76.99438132959106, 'I_gpe': 1.0392151670743914, 'I_gpi': 2.3816543031781587, 'noise_stn_sigma': 6.739370784880841, 'noise_gpe_sigma': 74.83172305451492, 'noise_gpi_sigma': 82.47919986141505, 'g_stn_gpe_mult': 2.4628406354194023, 'g_gpe_stn_mult': 0.16310487449446465, 'g_stn_gpi_mult': 2.681800591004726, 'g_gpe_gpi_mult': 1.118615074228653}. Best is trial 119 with value: 0.2337670588460598.
[I 2026-05-28 00:53:44,243] Trial 325 finished with value: 10.356429754376375 and parameters: {'ISTN': 73.81102478362021, 'I_gpe': 0.8912004316493672, 'I_gpi': 2.4655072706595, 'noise_stn_sigma': 6.596092569550745, 'noise_gpe_sigma': 85.28757028487617, 'noise_gpi_sigma': 81.3283950920377, 'g_stn_gpe_mult': 2.2722965630037395, 'g_gpe_stn_mult': 0.19397253309454962, 'g_stn_gpi_mult': 2.251539561627397, 'g_gpe_gpi_mult': 1.0743102278634444}. Best is trial 119 with value: 0.2337670588460598.
[I 2026-05-28 00:53:45,255] Trial 326 finished with value: 6.9960123682018995 and parameters: {'ISTN': 70.99138250376805, 'I_gpe': 0.8714571552547352, 'I_gpi': 2.095356012845442, 'noise_stn_sigma': 5.1695518340783835, 'noise_gpe_sigma': 86.88692698020118, 'noise_gpi_sigma': 87.1391202585581, 'g_stn_gpe_mult': 2.3687430903976225, 'g_gpe_stn_mult': 0.18474604121875063, 'g_stn_gpi_mult': 2.0162676195500775, 'g_gpe_gpi_mult': 1.107026583587045}. Best is trial 119 with value: 0.2337670588460598.
[I 2026-05-28 00:53:46,266] Trial 327 finished with value: 5.2895287348830395 and parameters: {'ISTN': 86.15151641963324, 'I_gpe': 0.6543337258485604, 'I_gpi': 2.790921299273092, 'noise_stn_sigma': 7.069311865392411, 'noise_gpe_sigma': 78.07507991842363, 'noise_gpi_sigma': 94.20068377219846, 'g_stn_gpe_mult': 1.7467713445142765, 'g_gpe_stn_mult': 0.25389618027285943, 'g_stn_gpi_mult': 2.2584156394310706, 'g_gpe_gpi_mult': 1.0623040585143606}. Best is trial 119 with value: 0.2337670588460598.
[I 2026-05-28 00:53:47,278] Trial 328 finished with value: 13.71083316310969 and parameters: {'ISTN': 83.59306315323443, 'I_gpe': 0.9879245547009552, 'I_gpi': 2.14081287832401, 'noise_stn_sigma': 6.7433542069182435, 'noise_gpe_sigma': 84.86924790455221, 'noise_gpi_sigma': 77.81470888470474, 'g_stn_gpe_mult': 2.361054865669501, 'g_gpe_stn_mult': 0.16239094244762992, 'g_stn_gpi_mult': 2.341578525756746, 'g_gpe_gpi_mult': 1.046962622902322}. Best is trial 119 with value: 0.2337670588460598.
[I 2026-05-28 00:53:48,290] Trial 329 finished with value: 4.958607370030437 and parameters: {'ISTN': 79.88212243993111, 'I_gpe': 0.8002844495680482, 'I_gpi': 2.576762849770187, 'noise_stn_sigma': 6.506916789993422, 'noise_gpe_sigma': 84.86605665596477, 'noise_gpi_sigma': 90.44498786244957, 'g_stn_gpe_mult': 2.3354240839981975, 'g_gpe_stn_mult': 0.24018276503266722, 'g_stn_gpi_mult': 2.438992614382073, 'g_gpe_gpi_mult': 1.0619951552394153}. Best is trial 119 with value: 0.2337670588460598.
[I 2026-05-28 00:53:49,298] Trial 330 finished with value: 8.494376369308387 and parameters: {'ISTN': 75.35142782480379, 'I_gpe': 0.8938066997589045, 'I_gpi': 1.9654955097670794, 'noise_stn_sigma': 6.5473800461861815, 'noise_gpe_sigma': 79.55079198778597, 'noise_gpi_sigma': 73.50716842719052, 'g_stn_gpe_mult': 2.0687120151450324, 'g_gpe_stn_mult': 0.18140043221422342, 'g_stn_gpi_mult': 2.8061413219295455, 'g_gpe_gpi_mult': 1.1121073060561857}. Best is trial 119 with value: 0.2337670588460598.
[I 2026-05-28 00:53:50,310] Trial 331 finished with value: 7.714648184361676 and parameters: {'ISTN': 81.94503913306735, 'I_gpe': 0.9195879426767571, 'I_gpi': 2.292183836289344, 'noise_stn_sigma': 6.3115427492694405, 'noise_gpe_sigma': 83.26268765922029, 'noise_gpi_sigma': 53.198421565817334, 'g_stn_gpe_mult': 1.7820980515766058, 'g_gpe_stn_mult': 0.2526930473219887, 'g_stn_gpi_mult': 2.6438531361751427, 'g_gpe_gpi_mult': 1.1327480941246937}. Best is trial 119 with value: 0.2337670588460598.
[I 2026-05-28 00:53:51,321] Trial 332 finished with value: 8.469767939521711 and parameters: {'ISTN': 78.96216096519828, 'I_gpe': 0.6813798319394667, 'I_gpi': 2.3538500685680104, 'noise_stn_sigma': 5.5826324918867245, 'noise_gpe_sigma': 90.23879961785318, 'noise_gpi_sigma': 83.79856303275409, 'g_stn_gpe_mult': 2.338666099921866, 'g_gpe_stn_mult': 0.25096763616705053, 'g_stn_gpi_mult': 2.5765035046332705, 'g_gpe_gpi_mult': 1.1412803894068968}. Best is trial 119 with value: 0.2337670588460598.
[I 2026-05-28 00:53:52,331] Trial 333 finished with value: 12.821473417655124 and parameters: {'ISTN': 78.19541866568336, 'I_gpe': 1.0892675965810223, 'I_gpi': 2.7163005534358526, 'noise_stn_sigma': 6.197019200387359, 'noise_gpe_sigma': 86.07598376587721, 'noise_gpi_sigma': 96.28256881703891, 'g_stn_gpe_mult': 2.0242411451812456, 'g_gpe_stn_mult': 0.2915263964241944, 'g_stn_gpi_mult': 2.3895004197369127, 'g_gpe_gpi_mult': 1.1761087983577463}. Best is trial 119 with value: 0.2337670588460598.
[I 2026-05-28 00:53:53,341] Trial 334 finished with value: 5.371962116291186 and parameters: {'ISTN': 83.59101164194198, 'I_gpe': 0.9312435665907588, 'I_gpi': 2.9534680401076616, 'noise_stn_sigma': 6.010533879642315, 'noise_gpe_sigma': 98.52852913939431, 'noise_gpi_sigma': 78.28059879387679, 'g_stn_gpe_mult': 1.8093051650763066, 'g_gpe_stn_mult': 0.27185390115720764, 'g_stn_gpi_mult': 2.3847126976366027, 'g_gpe_gpi_mult': 1.0278941272268343}. Best is trial 119 with value: 0.2337670588460598.
[I 2026-05-28 00:53:54,351] Trial 335 finished with value: 4.61073910472448 and parameters: {'ISTN': 67.11861074425089, 'I_gpe': 1.379299756071825, 'I_gpi': 2.9113002385680686, 'noise_stn_sigma': 5.435537068514286, 'noise_gpe_sigma': 86.70357699417329, 'noise_gpi_sigma': 80.95659396110172, 'g_stn_gpe_mult': 2.374746181609902, 'g_gpe_stn_mult': 0.2455537307468266, 'g_stn_gpi_mult': 2.974561367587145, 'g_gpe_gpi_mult': 1.0090850653522798}. Best is trial 119 with value: 0.2337670588460598.
[I 2026-05-28 00:53:55,361] Trial 336 finished with value: 11.997182296054515 and parameters: {'ISTN': 75.50195510297092, 'I_gpe': 1.071402732464571, 'I_gpi': 2.6735549768321025, 'noise_stn_sigma': 5.5538518633668765, 'noise_gpe_sigma': 87.39928764640453, 'noise_gpi_sigma': 59.30112954742639, 'g_stn_gpe_mult': 1.682274567453672, 'g_gpe_stn_mult': 0.3147613218827293, 'g_stn_gpi_mult': 2.5529257607783564, 'g_gpe_gpi_mult': 1.1123587509274782}. Best is trial 119 with value: 0.2337670588460598.
[I 2026-05-28 00:53:56,372] Trial 337 finished with value: 1.092207710978617 and parameters: {'ISTN': 71.01347347964501, 'I_gpe': 0.8431482813111688, 'I_gpi': 2.858848089510418, 'noise_stn_sigma': 6.717493163305548, 'noise_gpe_sigma': 73.9634857875467, 'noise_gpi_sigma': 90.22335704959562, 'g_stn_gpe_mult': 2.072970236956657, 'g_gpe_stn_mult': 0.2063876283653006, 'g_stn_gpi_mult': 2.4774323467771064, 'g_gpe_gpi_mult': 1.1419924142009945}. Best is trial 119 with value: 0.2337670588460598.
[I 2026-05-28 00:53:57,382] Trial 338 finished with value: 5.907547558896797 and parameters: {'ISTN': 83.25488884794827, 'I_gpe': 0.8016982430961948, 'I_gpi': 2.783009141734566, 'noise_stn_sigma': 5.309881454106274, 'noise_gpe_sigma': 85.99789074403017, 'noise_gpi_sigma': 82.93159944862721, 'g_stn_gpe_mult': 2.075448674458039, 'g_gpe_stn_mult': 0.22032560242430088, 'g_stn_gpi_mult': 2.279385134756702, 'g_gpe_gpi_mult': 1.0907535107748907}. Best is trial 119 with value: 0.2337670588460598.
[I 2026-05-28 00:53:58,391] Trial 339 finished with value: 5.570269670441528 and parameters: {'ISTN': 80.81278440665285, 'I_gpe': 0.735861455255752, 'I_gpi': 2.363331458813004, 'noise_stn_sigma': 5.884461879623817, 'noise_gpe_sigma': 97.48295370054427, 'noise_gpi_sigma': 66.84858035771228, 'g_stn_gpe_mult': 2.078953897139397, 'g_gpe_stn_mult': 0.16687471242855728, 'g_stn_gpi_mult': 2.386736288294075, 'g_gpe_gpi_mult': 1.15757309110107}. Best is trial 119 with value: 0.2337670588460598.
[I 2026-05-28 00:53:59,401] Trial 340 finished with value: 10.768889040464854 and parameters: {'ISTN': 78.24026109567751, 'I_gpe': 0.8495117368592788, 'I_gpi': 2.918590348739241, 'noise_stn_sigma': 5.875949168870465, 'noise_gpe_sigma': 81.8250934960351, 'noise_gpi_sigma': 61.98000074159936, 'g_stn_gpe_mult': 2.0352538172306898, 'g_gpe_stn_mult': 0.22162467275130618, 'g_stn_gpi_mult': 2.653812800952899, 'g_gpe_gpi_mult': 1.1332264618306858}. Best is trial 119 with value: 0.2337670588460598.
[I 2026-05-28 00:54:00,412] Trial 341 finished with value: 10.170048457461263 and parameters: {'ISTN': 78.87682068154992, 'I_gpe': 0.8013558822883231, 'I_gpi': 2.2625786678873903, 'noise_stn_sigma': 6.387350570452086, 'noise_gpe_sigma': 78.15553682371906, 'noise_gpi_sigma': 81.3461020490189, 'g_stn_gpe_mult': 1.953308433960441, 'g_gpe_stn_mult': 0.2170755309300082, 'g_stn_gpi_mult': 2.4361503950672736, 'g_gpe_gpi_mult': 1.1459076845289544}. Best is trial 119 with value: 0.2337670588460598.
[I 2026-05-28 00:54:01,421] Trial 342 finished with value: 6.88932799481373 and parameters: {'ISTN': 79.63695158888879, 'I_gpe': 0.9842127043276714, 'I_gpi': 3.070062009412771, 'noise_stn_sigma': 7.070624225064694, 'noise_gpe_sigma': 83.18798496087126, 'noise_gpi_sigma': 96.26100585560052, 'g_stn_gpe_mult': 1.6756185629219502, 'g_gpe_stn_mult': 0.22393822203696895, 'g_stn_gpi_mult': 2.6987207237060207, 'g_gpe_gpi_mult': 1.1266670536128962}. Best is trial 119 with value: 0.2337670588460598.
[I 2026-05-28 00:54:02,433] Trial 343 finished with value: 7.740460160079173 and parameters: {'ISTN': 71.91271328402244, 'I_gpe': 0.7351111315310883, 'I_gpi': 2.7535679522820695, 'noise_stn_sigma': 5.876653141858896, 'noise_gpe_sigma': 92.06007740038552, 'noise_gpi_sigma': 78.0550504599544, 'g_stn_gpe_mult': 2.5326682590209213, 'g_gpe_stn_mult': 0.20380987671675038, 'g_stn_gpi_mult': 2.3807006091400913, 'g_gpe_gpi_mult': 1.1712093743714032}. Best is trial 119 with value: 0.2337670588460598.
[I 2026-05-28 00:54:03,442] Trial 344 finished with value: 9.296962624217269 and parameters: {'ISTN': 68.92690144800773, 'I_gpe': 0.6954186658748996, 'I_gpi': 2.437929643280075, 'noise_stn_sigma': 6.121169775572502, 'noise_gpe_sigma': 92.52894329126794, 'noise_gpi_sigma': 83.1354187251616, 'g_stn_gpe_mult': 2.034822520250574, 'g_gpe_stn_mult': 0.2652449927970597, 'g_stn_gpi_mult': 2.325976572220627, 'g_gpe_gpi_mult': 1.1729599830008053}. Best is trial 119 with value: 0.2337670588460598.
[I 2026-05-28 00:54:04,452] Trial 345 finished with value: 11.43478441156741 and parameters: {'ISTN': 74.55712903922434, 'I_gpe': 1.1765784391120253, 'I_gpi': 2.8750330659901726, 'noise_stn_sigma': 6.419756518202936, 'noise_gpe_sigma': 76.15206463294501, 'noise_gpi_sigma': 95.61170451314536, 'g_stn_gpe_mult': 1.8107410896910778, 'g_gpe_stn_mult': 0.18414933368178113, 'g_stn_gpi_mult': 2.591716696663884, 'g_gpe_gpi_mult': 1.1123384360200834}. Best is trial 119 with value: 0.2337670588460598.
[I 2026-05-28 00:54:05,463] Trial 346 finished with value: 8.173090296099378 and parameters: {'ISTN': 70.07273684691225, 'I_gpe': 0.8242896265490326, 'I_gpi': 2.895086387234022, 'noise_stn_sigma': 6.048245696088371, 'noise_gpe_sigma': 84.85172726665532, 'noise_gpi_sigma': 93.56147871258257, 'g_stn_gpe_mult': 2.102778901145976, 'g_gpe_stn_mult': 0.2436427668008812, 'g_stn_gpi_mult': 2.477521034557152, 'g_gpe_gpi_mult': 1.1507865390472651}. Best is trial 119 with value: 0.2337670588460598.
[I 2026-05-28 00:54:06,475] Trial 347 finished with value: 7.3373667766822654 and parameters: {'ISTN': 78.46838281995296, 'I_gpe': 0.7488881097574693, 'I_gpi': 2.995788642873956, 'noise_stn_sigma': 6.073802398122978, 'noise_gpe_sigma': 76.13959836588043, 'noise_gpi_sigma': 86.1003965964607, 'g_stn_gpe_mult': 1.6838603313180598, 'g_gpe_stn_mult': 0.24636720845937357, 'g_stn_gpi_mult': 2.5712613950549335, 'g_gpe_gpi_mult': 0.9916647865933923}. Best is trial 119 with value: 0.2337670588460598.
[I 2026-05-28 00:54:07,483] Trial 348 finished with value: 7.66099220825277 and parameters: {'ISTN': 74.17777467328435, 'I_gpe': 0.8431250548516996, 'I_gpi': 2.9936260619444583, 'noise_stn_sigma': 6.580346527206387, 'noise_gpe_sigma': 87.74060923678014, 'noise_gpi_sigma': 90.15081735608919, 'g_stn_gpe_mult': 2.1576602787529002, 'g_gpe_stn_mult': 0.17390135205411394, 'g_stn_gpi_mult': 2.4425985192658053, 'g_gpe_gpi_mult': 1.1092199374151797}. Best is trial 119 with value: 0.2337670588460598.
[I 2026-05-28 00:54:08,494] Trial 349 finished with value: 12.65485916182762 and parameters: {'ISTN': 73.02889185977673, 'I_gpe': 1.0343105517086424, 'I_gpi': 2.9164891553507735, 'noise_stn_sigma': 5.709188754440454, 'noise_gpe_sigma': 83.63019844234827, 'noise_gpi_sigma': 90.8354264342461, 'g_stn_gpe_mult': 1.936151273516061, 'g_gpe_stn_mult': 0.22547375288078655, 'g_stn_gpi_mult': 2.5752803737352634, 'g_gpe_gpi_mult': 0.9356276892595301}. Best is trial 119 with value: 0.2337670588460598.
[I 2026-05-28 00:54:09,504] Trial 350 finished with value: 12.264680527014425 and parameters: {'ISTN': 77.64624310396842, 'I_gpe': 0.9647080967988463, 'I_gpi': 3.646033469395781, 'noise_stn_sigma': 5.306516914880808, 'noise_gpe_sigma': 80.75223062517097, 'noise_gpi_sigma': 80.43258327903479, 'g_stn_gpe_mult': 2.1342919465124357, 'g_gpe_stn_mult': 0.24355834115505004, 'g_stn_gpi_mult': 2.6122596406457355, 'g_gpe_gpi_mult': 1.1143631153557645}. Best is trial 119 with value: 0.2337670588460598.
[I 2026-05-28 00:54:10,519] Trial 351 finished with value: 5.162676069437886 and parameters: {'ISTN': 76.40158000170504, 'I_gpe': 0.8372969785177685, 'I_gpi': 3.0123803845755277, 'noise_stn_sigma': 6.3006777188923175, 'noise_gpe_sigma': 83.89819474599025, 'noise_gpi_sigma': 90.95063877506564, 'g_stn_gpe_mult': 1.9116488488877779, 'g_gpe_stn_mult': 0.1715637941243584, 'g_stn_gpi_mult': 2.7254649399154642, 'g_gpe_gpi_mult': 1.0686017076562346}. Best is trial 119 with value: 0.2337670588460598.
