[I 2026-05-28 01:19:19,120] Trial 836 finished with value: 0.11937442288338283 and parameters: {'ISTN': 101.82160336910714, 'I_gpe': 0.6725437891288459, 'I_gpi': 2.1810439764634806, 'noise_stn_sigma': 3.301254276476559, 'noise_gpe_sigma': 110.26888904746635, 'noise_gpi_sigma': 122.45877903775407, 'g_stn_gpe_mult': 3.9567072516798483, 'g_gpe_stn_mult': 1.5393503574030483, 'g_stn_gpi_mult': 2.940135402736564, 'g_gpe_gpi_mult': 1.5141982275965915}. Best is trial 803 with value: 0.10263825252656392.
[I 2026-05-28 01:19:20,128] Trial 837 finished with value: 0.20005268161840045 and parameters: {'ISTN': 101.07532223039998, 'I_gpe': 0.6504861758791844, 'I_gpi': 2.2034796946369877, 'noise_stn_sigma': 3.1094912354747866, 'noise_gpe_sigma': 108.98100258752547, 'noise_gpi_sigma': 125.832762946884, 'g_stn_gpe_mult': 4.144237281697994, 'g_gpe_stn_mult': 1.5238300603238268, 'g_stn_gpi_mult': 2.853122504673865, 'g_gpe_gpi_mult': 1.5331105144937376}. Best is trial 803 with value: 0.10263825252656392.
[I 2026-05-28 01:19:21,137] Trial 838 finished with value: 0.10818451905670137 and parameters: {'ISTN': 100.97983884984757, 'I_gpe': 0.6675525792282295, 'I_gpi': 2.133937302419016, 'noise_stn_sigma': 3.2505800160667992, 'noise_gpe_sigma': 109.31639024149457, 'noise_gpi_sigma': 125.29599044625037, 'g_stn_gpe_mult': 4.147617948266132, 'g_gpe_stn_mult': 1.513939377719531, 'g_stn_gpi_mult': 2.886705398867816, 'g_gpe_gpi_mult': 1.520987071143984}. Best is trial 803 with value: 0.10263825252656392.
[I 2026-05-28 01:19:22,146] Trial 839 finished with value: 0.11489195939553096 and parameters: {'ISTN': 101.97055006083049, 'I_gpe': 0.6555859348550541, 'I_gpi': 2.2199993988078726, 'noise_stn_sigma': 3.205605725425822, 'noise_gpe_sigma': 110.69695685721278, 'noise_gpi_sigma': 121.76122214606279, 'g_stn_gpe_mult': 4.069953581552792, 'g_gpe_stn_mult': 1.5408505224317457, 'g_stn_gpi_mult': 2.865283132102981, 'g_gpe_gpi_mult': 1.491454910856479}. Best is trial 803 with value: 0.10263825252656392.
[I 2026-05-28 01:19:23,156] Trial 840 finished with value: 0.12809389686272646 and parameters: {'ISTN': 101.37883124477881, 'I_gpe': 0.6520353316510908, 'I_gpi': 2.1404393115966496, 'noise_stn_sigma': 3.137505335495467, 'noise_gpe_sigma': 107.87822869559837, 'noise_gpi_sigma': 122.5095376118894, 'g_stn_gpe_mult': 4.023850577309677, 'g_gpe_stn_mult': 1.5286471051194324, 'g_stn_gpi_mult': 2.8818467644005175, 'g_gpe_gpi_mult': 1.5268774174468602}. Best is trial 803 with value: 0.10263825252656392.
[I 2026-05-28 01:19:24,163] Trial 841 finished with value: 0.3083281472177813 and parameters: {'ISTN': 101.04549143173037, 'I_gpe': 0.6933078121335193, 'I_gpi': 2.129354880217644, 'noise_stn_sigma': 3.105162070182409, 'noise_gpe_sigma': 108.7801307758124, 'noise_gpi_sigma': 127.09639973563631, 'g_stn_gpe_mult': 4.060883987029761, 'g_gpe_stn_mult': 1.510971725957388, 'g_stn_gpi_mult': 2.848175349415834, 'g_gpe_gpi_mult': 1.5142093713070328}. Best is trial 803 with value: 0.10263825252656392.
[I 2026-05-28 01:19:25,171] Trial 842 finished with value: 0.14749044060551245 and parameters: {'ISTN': 101.46253645315193, 'I_gpe': 0.6590941443613193, 'I_gpi': 2.1223277338545463, 'noise_stn_sigma': 3.194221698721455, 'noise_gpe_sigma': 108.48354953745782, 'noise_gpi_sigma': 122.68595767199459, 'g_stn_gpe_mult': 4.111080104660683, 'g_gpe_stn_mult': 1.5176278524849154, 'g_stn_gpi_mult': 2.8436562171605937, 'g_gpe_gpi_mult': 1.5130371206453004}. Best is trial 803 with value: 0.10263825252656392.
[I 2026-05-28 01:19:26,179] Trial 843 finished with value: 0.11742172682501646 and parameters: {'ISTN': 99.66974506791428, 'I_gpe': 0.6587260493727982, 'I_gpi': 2.13789383099496, 'noise_stn_sigma': 3.136890991946931, 'noise_gpe_sigma': 111.13613346612759, 'noise_gpi_sigma': 126.03665492736822, 'g_stn_gpe_mult': 4.065506726342014, 'g_gpe_stn_mult': 1.5038551599160974, 'g_stn_gpi_mult': 2.816634711600395, 'g_gpe_gpi_mult': 1.5064438624307994}. Best is trial 803 with value: 0.10263825252656392.
[I 2026-05-28 01:19:27,186] Trial 844 finished with value: 0.11805455116076356 and parameters: {'ISTN': 101.96591443822828, 'I_gpe': 0.6770474350682779, 'I_gpi': 2.0838663312906673, 'noise_stn_sigma': 3.2976079529430535, 'noise_gpe_sigma': 108.74718179680524, 'noise_gpi_sigma': 124.74167410914599, 'g_stn_gpe_mult': 4.1198367800002345, 'g_gpe_stn_mult': 1.5195980694192548, 'g_stn_gpi_mult': 2.80491266516692, 'g_gpe_gpi_mult': 1.5832029117781228}. Best is trial 803 with value: 0.10263825252656392.
[I 2026-05-28 01:19:28,193] Trial 845 finished with value: 0.13635975629480804 and parameters: {'ISTN': 100.58186177501776, 'I_gpe': 0.6058677264017815, 'I_gpi': 2.14896476404156, 'noise_stn_sigma': 3.0699339661776177, 'noise_gpe_sigma': 107.99738242093224, 'noise_gpi_sigma': 122.02943912048573, 'g_stn_gpe_mult': 4.089208625697448, 'g_gpe_stn_mult': 1.5267618105817196, 'g_stn_gpi_mult': 2.81833345291454, 'g_gpe_gpi_mult': 1.5048731128250943}. Best is trial 803 with value: 0.10263825252656392.
[I 2026-05-28 01:19:29,202] Trial 846 finished with value: 0.34966828760714175 and parameters: {'ISTN': 101.84495871509557, 'I_gpe': 0.6837903146698844, 'I_gpi': 2.1540306537263247, 'noise_stn_sigma': 3.1262477980044747, 'noise_gpe_sigma': 110.23671875087555, 'noise_gpi_sigma': 123.60981838146888, 'g_stn_gpe_mult': 4.144487545019647, 'g_gpe_stn_mult': 1.5226418642158146, 'g_stn_gpi_mult': 2.882333029233372, 'g_gpe_gpi_mult': 1.5165172083572933}. Best is trial 803 with value: 0.10263825252656392.
[I 2026-05-28 01:19:30,207] Trial 847 finished with value: 0.10779257566783573 and parameters: {'ISTN': 100.16780801788113, 'I_gpe': 0.6382404714131412, 'I_gpi': 2.168402307850572, 'noise_stn_sigma': 3.2608517835438113, 'noise_gpe_sigma': 113.76840121254534, 'noise_gpi_sigma': 124.40742302877827, 'g_stn_gpe_mult': 4.1159485224941665, 'g_gpe_stn_mult': 1.5089767108687435, 'g_stn_gpi_mult': 2.8134003815849438, 'g_gpe_gpi_mult': 1.52254688676352}. Best is trial 803 with value: 0.10263825252656392.
[I 2026-05-28 01:19:31,216] Trial 848 finished with value: 0.12081885023371766 and parameters: {'ISTN': 100.40334010284778, 'I_gpe': 0.6878348706688333, 'I_gpi': 2.187889447251564, 'noise_stn_sigma': 3.3296709201527817, 'noise_gpe_sigma': 108.63600528052892, 'noise_gpi_sigma': 125.00621792677045, 'g_stn_gpe_mult': 4.1255964113959305, 'g_gpe_stn_mult': 1.505749216562696, 'g_stn_gpi_mult': 2.9113030954771246, 'g_gpe_gpi_mult': 1.516512841621432}. Best is trial 803 with value: 0.10263825252656392.
[I 2026-05-28 01:19:32,222] Trial 849 finished with value: 0.11047648015906042 and parameters: {'ISTN': 102.05974867589543, 'I_gpe': 0.662514998548536, 'I_gpi': 2.086964444432068, 'noise_stn_sigma': 3.121618320934755, 'noise_gpe_sigma': 110.77113937924139, 'noise_gpi_sigma': 123.95243175332762, 'g_stn_gpe_mult': 4.2261016775535545, 'g_gpe_stn_mult': 1.544075537902935, 'g_stn_gpi_mult': 2.8797456089752087, 'g_gpe_gpi_mult': 1.4978741878842485}. Best is trial 803 with value: 0.10263825252656392.
[I 2026-05-28 01:19:33,233] Trial 850 finished with value: 0.10911652069161354 and parameters: {'ISTN': 101.15221757836194, 'I_gpe': 0.7018873827390321, 'I_gpi': 2.11407242441277, 'noise_stn_sigma': 3.0719299278458503, 'noise_gpe_sigma': 107.81875882527272, 'noise_gpi_sigma': 126.78332741840111, 'g_stn_gpe_mult': 4.067304729515734, 'g_gpe_stn_mult': 1.512738823053002, 'g_stn_gpi_mult': 2.8474461817961227, 'g_gpe_gpi_mult': 1.5718052456568603}. Best is trial 803 with value: 0.10263825252656392.
[I 2026-05-28 01:19:34,242] Trial 851 finished with value: 0.1053030730661899 and parameters: {'ISTN': 98.98574241204486, 'I_gpe': 0.6688446135295691, 'I_gpi': 2.0944269227445766, 'noise_stn_sigma': 3.2151443405183078, 'noise_gpe_sigma': 114.61335032562435, 'noise_gpi_sigma': 127.01476147782397, 'g_stn_gpe_mult': 4.021482025581207, 'g_gpe_stn_mult': 1.490691125687496, 'g_stn_gpi_mult': 2.7055893798733663, 'g_gpe_gpi_mult': 1.6119369657486387}. Best is trial 803 with value: 0.10263825252656392.
[I 2026-05-28 01:19:35,248] Trial 852 finished with value: 0.21344923074335737 and parameters: {'ISTN': 101.4852742271288, 'I_gpe': 0.6819287506177912, 'I_gpi': 2.1631401530133805, 'noise_stn_sigma': 3.220261925664387, 'noise_gpe_sigma': 108.41559493441436, 'noise_gpi_sigma': 122.58715603415204, 'g_stn_gpe_mult': 4.091124825938392, 'g_gpe_stn_mult': 1.5171130879781938, 'g_stn_gpi_mult': 2.95273782907529, 'g_gpe_gpi_mult': 1.5402403681518024}. Best is trial 803 with value: 0.10263825252656392.
[I 2026-05-28 01:19:36,256] Trial 853 finished with value: 0.1167669430290159 and parameters: {'ISTN': 98.58721474794555, 'I_gpe': 0.656693392550379, 'I_gpi': 2.180142407002398, 'noise_stn_sigma': 3.199522615402154, 'noise_gpe_sigma': 110.84064795642573, 'noise_gpi_sigma': 126.5930416981612, 'g_stn_gpe_mult': 4.057419500938904, 'g_gpe_stn_mult': 1.4971904202351318, 'g_stn_gpi_mult': 2.7348080050953834, 'g_gpe_gpi_mult': 1.5795938947658468}. Best is trial 803 with value: 0.10263825252656392.
[I 2026-05-28 01:19:37,265] Trial 854 finished with value: 0.1036383328489958 and parameters: {'ISTN': 100.29760888364146, 'I_gpe': 0.667670220872413, 'I_gpi': 2.1546250195622787, 'noise_stn_sigma': 3.1925225363268552, 'noise_gpe_sigma': 111.0063614530106, 'noise_gpi_sigma': 124.34758083232772, 'g_stn_gpe_mult': 4.129936182503085, 'g_gpe_stn_mult': 1.5073077097330814, 'g_stn_gpi_mult': 2.731571632705378, 'g_gpe_gpi_mult': 1.5343331624672587}. Best is trial 803 with value: 0.10263825252656392.
[I 2026-05-28 01:19:38,272] Trial 855 finished with value: 1.1116243332329647 and parameters: {'ISTN': 101.97110503822557, 'I_gpe': 0.6591187241578615, 'I_gpi': 2.1785454666843336, 'noise_stn_sigma': 3.1846436537570297, 'noise_gpe_sigma': 111.20370689074964, 'noise_gpi_sigma': 124.55527397493039, 'g_stn_gpe_mult': 4.121081155095932, 'g_gpe_stn_mult': 1.528315730962547, 'g_stn_gpi_mult': 2.81161788710214, 'g_gpe_gpi_mult': 1.5034758628852767}. Best is trial 803 with value: 0.10263825252656392.
[I 2026-05-28 01:19:39,281] Trial 856 finished with value: 0.6093280979768924 and parameters: {'ISTN': 100.69451513976823, 'I_gpe': 0.6453841062152874, 'I_gpi': 2.0794172203117354, 'noise_stn_sigma': 3.142505699106321, 'noise_gpe_sigma': 111.27760797978114, 'noise_gpi_sigma': 125.5416089674391, 'g_stn_gpe_mult': 4.197805946706899, 'g_gpe_stn_mult': 1.5429507464876426, 'g_stn_gpi_mult': 2.919933411673872, 'g_gpe_gpi_mult': 1.571396170567278}. Best is trial 803 with value: 0.10263825252656392.
[I 2026-05-28 01:19:40,289] Trial 857 finished with value: 0.1159559239312082 and parameters: {'ISTN': 99.9311306705941, 'I_gpe': 0.6385292318572051, 'I_gpi': 2.173409729997853, 'noise_stn_sigma': 3.0865730658931216, 'noise_gpe_sigma': 113.71429699114992, 'noise_gpi_sigma': 125.88627467146205, 'g_stn_gpe_mult': 4.152488498663461, 'g_gpe_stn_mult': 1.503110547025371, 'g_stn_gpi_mult': 2.7883716749996816, 'g_gpe_gpi_mult': 1.5390637208191154}. Best is trial 803 with value: 0.10263825252656392.
[I 2026-05-28 01:19:41,299] Trial 858 finished with value: 0.12163242780431614 and parameters: {'ISTN': 99.4232863179349, 'I_gpe': 0.6474676395716175, 'I_gpi': 2.1260626267778764, 'noise_stn_sigma': 3.1187020106490118, 'noise_gpe_sigma': 111.51386408307826, 'noise_gpi_sigma': 125.7852425924228, 'g_stn_gpe_mult': 4.122466953702293, 'g_gpe_stn_mult': 1.5074606623618663, 'g_stn_gpi_mult': 2.746042173785581, 'g_gpe_gpi_mult': 1.5704602811116755}. Best is trial 803 with value: 0.10263825252656392.
[I 2026-05-28 01:19:42,308] Trial 859 finished with value: 0.11755280942542054 and parameters: {'ISTN': 100.69832075642094, 'I_gpe': 0.6437810474405334, 'I_gpi': 2.1717307906915497, 'noise_stn_sigma': 3.2255744455161097, 'noise_gpe_sigma': 111.94149037375126, 'noise_gpi_sigma': 126.2115269346241, 'g_stn_gpe_mult': 4.109573906798894, 'g_gpe_stn_mult': 1.5207081257515505, 'g_stn_gpi_mult': 2.7564751329626525, 'g_gpe_gpi_mult': 1.5570923222867619}. Best is trial 803 with value: 0.10263825252656392.
[I 2026-05-28 01:19:43,316] Trial 860 finished with value: 0.11918000852801178 and parameters: {'ISTN': 99.8610749516081, 'I_gpe': 0.6724033273822823, 'I_gpi': 2.079132431916742, 'noise_stn_sigma': 3.2286977203003904, 'noise_gpe_sigma': 112.4944402746617, 'noise_gpi_sigma': 125.66900971166093, 'g_stn_gpe_mult': 4.0583374393136395, 'g_gpe_stn_mult': 1.4867449429575856, 'g_stn_gpi_mult': 2.798112683182468, 'g_gpe_gpi_mult': 1.5372044534391458}. Best is trial 803 with value: 0.10263825252656392.
[I 2026-05-28 01:19:44,324] Trial 861 finished with value: 0.11480360376123175 and parameters: {'ISTN': 100.56714177282497, 'I_gpe': 0.6797454690279403, 'I_gpi': 2.12890449103184, 'noise_stn_sigma': 3.245604931102954, 'noise_gpe_sigma': 111.47926655623776, 'noise_gpi_sigma': 126.81308172221821, 'g_stn_gpe_mult': 4.098352222589909, 'g_gpe_stn_mult': 1.5040827529049832, 'g_stn_gpi_mult': 2.7642085012655366, 'g_gpe_gpi_mult': 1.5667235323648472}. Best is trial 803 with value: 0.10263825252656392.
[I 2026-05-28 01:19:45,332] Trial 862 finished with value: 3.011869381567615 and parameters: {'ISTN': 99.45114519444317, 'I_gpe': 0.6991262206861225, 'I_gpi': 2.189088211179162, 'noise_stn_sigma': 3.1523998728521407, 'noise_gpe_sigma': 108.64840215638098, 'noise_gpi_sigma': 124.88808365983957, 'g_stn_gpe_mult': 4.002044271166842, 'g_gpe_stn_mult': 1.4884021657360258, 'g_stn_gpi_mult': 2.6306086790685534, 'g_gpe_gpi_mult': 1.5822299678706016}. Best is trial 803 with value: 0.10263825252656392.
[I 2026-05-28 01:19:46,341] Trial 863 finished with value: 0.12999726881894733 and parameters: {'ISTN': 101.75379036279996, 'I_gpe': 0.6650172177621466, 'I_gpi': 2.063624900236359, 'noise_stn_sigma': 3.2233562034075187, 'noise_gpe_sigma': 115.10487961870811, 'noise_gpi_sigma': 125.85056770846504, 'g_stn_gpe_mult': 4.072986059507416, 'g_gpe_stn_mult': 1.5060976785445872, 'g_stn_gpi_mult': 2.7494318243000118, 'g_gpe_gpi_mult': 1.5566324125357354}. Best is trial 803 with value: 0.10263825252656392.
[I 2026-05-28 01:19:47,350] Trial 864 finished with value: 2.039781588756158 and parameters: {'ISTN': 99.779780312137, 'I_gpe': 0.6952106122132055, 'I_gpi': 2.1939893928286294, 'noise_stn_sigma': 3.035465048308169, 'noise_gpe_sigma': 110.83280202274179, 'noise_gpi_sigma': 126.58745090004804, 'g_stn_gpe_mult': 4.013048162348245, 'g_gpe_stn_mult': 1.4980500214127443, 'g_stn_gpi_mult': 2.8381089185155353, 'g_gpe_gpi_mult': 1.5207037603429403}. Best is trial 803 with value: 0.10263825252656392.
[I 2026-05-28 01:19:48,358] Trial 865 finished with value: 0.1097382545398666 and parameters: {'ISTN': 98.29922761695016, 'I_gpe': 0.671134205940199, 'I_gpi': 2.1533681130104094, 'noise_stn_sigma': 3.0130801334579376, 'noise_gpe_sigma': 111.94285485330819, 'noise_gpi_sigma': 125.83689067120753, 'g_stn_gpe_mult': 4.0849784903839055, 'g_gpe_stn_mult': 1.484471117168873, 'g_stn_gpi_mult': 2.728910964468122, 'g_gpe_gpi_mult': 1.5068681045086239}. Best is trial 803 with value: 0.10263825252656392.
[I 2026-05-28 01:19:49,366] Trial 866 finished with value: 0.5359039735007016 and parameters: {'ISTN': 98.83156981298066, 'I_gpe': 0.6403467150477735, 'I_gpi': 2.164529628592643, 'noise_stn_sigma': 3.2248906704260625, 'noise_gpe_sigma': 111.43063843222163, 'noise_gpi_sigma': 126.33209707241878, 'g_stn_gpe_mult': 4.088655049940778, 'g_gpe_stn_mult': 1.4939574113116976, 'g_stn_gpi_mult': 2.713826539493287, 'g_gpe_gpi_mult': 1.573611783220697}. Best is trial 803 with value: 0.10263825252656392.
[I 2026-05-28 01:19:50,375] Trial 867 finished with value: 0.11166845579226874 and parameters: {'ISTN': 101.76293539820385, 'I_gpe': 0.6759017109288723, 'I_gpi': 2.1120166785511945, 'noise_stn_sigma': 3.0758564192739493, 'noise_gpe_sigma': 111.52640763588047, 'noise_gpi_sigma': 126.51980323162543, 'g_stn_gpe_mult': 4.127169034957044, 'g_gpe_stn_mult': 1.5262190281319536, 'g_stn_gpi_mult': 2.7663453099323054, 'g_gpe_gpi_mult': 1.517466493643607}. Best is trial 803 with value: 0.10263825252656392.
[I 2026-05-28 01:19:51,383] Trial 868 finished with value: 0.13515318849524943 and parameters: {'ISTN': 98.97414815171226, 'I_gpe': 0.6437130136525977, 'I_gpi': 2.1969438973431634, 'noise_stn_sigma': 3.0492733675581007, 'noise_gpe_sigma': 109.67220275547557, 'noise_gpi_sigma': 123.71045196899333, 'g_stn_gpe_mult': 4.077714721946273, 'g_gpe_stn_mult': 1.4911390266795188, 'g_stn_gpi_mult': 2.8418075706403148, 'g_gpe_gpi_mult': 1.5454311236702738}. Best is trial 803 with value: 0.10263825252656392.
[I 2026-05-28 01:19:52,389] Trial 869 finished with value: 0.11061475183715842 and parameters: {'ISTN': 98.98684264213747, 'I_gpe': 0.6750976035806234, 'I_gpi': 2.15704989335309, 'noise_stn_sigma': 3.209069008158775, 'noise_gpe_sigma': 113.69394885746127, 'noise_gpi_sigma': 127.54156044563125, 'g_stn_gpe_mult': 4.012180820111306, 'g_gpe_stn_mult': 1.4871462019428383, 'g_stn_gpi_mult': 2.7171905539052985, 'g_gpe_gpi_mult': 1.627502567346473}. Best is trial 803 with value: 0.10263825252656392.
[I 2026-05-28 01:19:53,399] Trial 870 finished with value: 0.2868853073234175 and parameters: {'ISTN': 100.58520185319595, 'I_gpe': 0.7024082150716584, 'I_gpi': 2.0334202521817297, 'noise_stn_sigma': 3.126140890564936, 'noise_gpe_sigma': 110.68432145682571, 'noise_gpi_sigma': 124.4062412917021, 'g_stn_gpe_mult': 4.052247524269723, 'g_gpe_stn_mult': 1.4844300077073966, 'g_stn_gpi_mult': 2.765583366282818, 'g_gpe_gpi_mult': 1.5636121603358806}. Best is trial 803 with value: 0.10263825252656392.
[I 2026-05-28 01:19:54,348] Trial 871 finished with value: 1000000.0 and parameters: {'ISTN': 101.0777556708951, 'I_gpe': 0.6817382875808764, 'I_gpi': 2.1333296769578203, 'noise_stn_sigma': 3.0975240183965207, 'noise_gpe_sigma': 111.90012645447491, 'noise_gpi_sigma': 126.3146659114497, 'g_stn_gpe_mult': 4.0617575750083885, 'g_gpe_stn_mult': 1.4994417162592941, 'g_stn_gpi_mult': 2.64140361923516, 'g_gpe_gpi_mult': 1.5773980383477622}. Best is trial 803 with value: 0.10263825252656392.
[I 2026-05-28 01:19:55,356] Trial 872 finished with value: 0.11503559097257264 and parameters: {'ISTN': 100.10667677647454, 'I_gpe': 0.6742171602373479, 'I_gpi': 2.1862094725393915, 'noise_stn_sigma': 3.0420267449541574, 'noise_gpe_sigma': 109.67418062205881, 'noise_gpi_sigma': 125.92344982600481, 'g_stn_gpe_mult': 4.053485546182664, 'g_gpe_stn_mult': 1.5065776044946286, 'g_stn_gpi_mult': 2.7530165990834434, 'g_gpe_gpi_mult': 1.5266314269957943}. Best is trial 803 with value: 0.10263825252656392.
[I 2026-05-28 01:19:56,364] Trial 873 finished with value: 0.6004766979948705 and parameters: {'ISTN': 98.55125604832875, 'I_gpe': 0.6589022114142671, 'I_gpi': 2.1472437542486253, 'noise_stn_sigma': 3.0607893218689144, 'noise_gpe_sigma': 117.33934301451532, 'noise_gpi_sigma': 126.130819317997, 'g_stn_gpe_mult': 4.068832746627915, 'g_gpe_stn_mult': 1.483934981474961, 'g_stn_gpi_mult': 2.795028610431345, 'g_gpe_gpi_mult': 1.5041977272434846}. Best is trial 803 with value: 0.10263825252656392.
[I 2026-05-28 01:19:57,372] Trial 874 finished with value: 2.1649734269593237 and parameters: {'ISTN': 98.77744920730169, 'I_gpe': 0.6921637512807439, 'I_gpi': 2.0926751016992546, 'noise_stn_sigma': 3.10467643274886, 'noise_gpe_sigma': 112.62109987752225, 'noise_gpi_sigma': 122.81625799547764, 'g_stn_gpe_mult': 4.061384165056652, 'g_gpe_stn_mult': 1.4922971758862784, 'g_stn_gpi_mult': 2.6597552472684542, 'g_gpe_gpi_mult': 1.5658160055035517}. Best is trial 803 with value: 0.10263825252656392.
[I 2026-05-28 01:19:58,381] Trial 875 finished with value: 0.10993126762200582 and parameters: {'ISTN': 98.62402254173433, 'I_gpe': 0.6582396565279175, 'I_gpi': 2.1429063635782994, 'noise_stn_sigma': 3.031856543161742, 'noise_gpe_sigma': 115.4737149173519, 'noise_gpi_sigma': 129.5867642323475, 'g_stn_gpe_mult': 4.105285184018541, 'g_gpe_stn_mult': 1.4954705624388689, 'g_stn_gpi_mult': 2.709463283067773, 'g_gpe_gpi_mult': 1.5878360441431512}. Best is trial 803 with value: 0.10263825252656392.
[I 2026-05-28 01:19:59,390] Trial 876 finished with value: 2.75228837856352 and parameters: {'ISTN': 98.54944439073199, 'I_gpe': 0.6446518554597864, 'I_gpi': 2.202321408589028, 'noise_stn_sigma': 3.086311112821104, 'noise_gpe_sigma': 114.35955752071027, 'noise_gpi_sigma': 125.94711263214975, 'g_stn_gpe_mult': 3.982265094952406, 'g_gpe_stn_mult': 1.5041953029258794, 'g_stn_gpi_mult': 2.7344572302145793, 'g_gpe_gpi_mult': 1.5295140465443309}. Best is trial 803 with value: 0.10263825252656392.
[I 2026-05-28 01:20:00,398] Trial 877 finished with value: 0.11054498862992905 and parameters: {'ISTN': 101.93544600270155, 'I_gpe': 0.6860318411529485, 'I_gpi': 2.0998554567354715, 'noise_stn_sigma': 3.2151280410107703, 'noise_gpe_sigma': 111.34169881719642, 'noise_gpi_sigma': 123.52277859403048, 'g_stn_gpe_mult': 4.131258644054594, 'g_gpe_stn_mult': 1.5123512477639762, 'g_stn_gpi_mult': 2.846910417760667, 'g_gpe_gpi_mult': 1.5037891576066178}. Best is trial 803 with value: 0.10263825252656392.
[I 2026-05-28 01:20:01,403] Trial 878 finished with value: 3.11486005947509 and parameters: {'ISTN': 98.8557049180231, 'I_gpe': 0.6843003022106118, 'I_gpi': 2.1295430052523647, 'noise_stn_sigma': 3.0948161304766657, 'noise_gpe_sigma': 112.50674511390405, 'noise_gpi_sigma': 128.51614692980039, 'g_stn_gpe_mult': 4.121208509414956, 'g_gpe_stn_mult': 1.4762078544602146, 'g_stn_gpi_mult': 2.6987044504341435, 'g_gpe_gpi_mult': 1.5899215142878966}. Best is trial 803 with value: 0.10263825252656392.
[I 2026-05-28 01:20:02,410] Trial 879 finished with value: 0.11078101531810866 and parameters: {'ISTN': 100.16659768244365, 'I_gpe': 0.650023574430417, 'I_gpi': 2.122662885252895, 'noise_stn_sigma': 3.1840466912983025, 'noise_gpe_sigma': 112.74247402592536, 'noise_gpi_sigma': 124.1287398015318, 'g_stn_gpe_mult': 4.20621567430406, 'g_gpe_stn_mult': 1.5083920619933595, 'g_stn_gpi_mult': 2.6925024333251164, 'g_gpe_gpi_mult': 1.5025882412203326}. Best is trial 803 with value: 0.10263825252656392.
