[I 2026-05-28 00:49:00,548] Trial 44 finished with value: 19.692037401158913 and parameters: {'ISTN': 93.75488403085564, 'I_gpe': 1.462947479065332, 'I_gpi': 2.5387696277569347, 'noise_stn_sigma': 4.016001398374497, 'noise_gpe_sigma': 72.64129429523953, 'noise_gpi_sigma': 100.56936382391355, 'g_stn_gpe_mult': 4.244486333353514, 'g_gpe_stn_mult': 0.42155816012267877, 'g_stn_gpi_mult': 2.841156302315206, 'g_gpe_gpi_mult': 0.6197766294849476}. Best is trial 4 with value: 4.749263483297457.
[I 2026-05-28 00:49:01,559] Trial 45 finished with value: 7.693063577660962 and parameters: {'ISTN': 71.28684646567945, 'I_gpe': 1.2712721561296427, 'I_gpi': 2.9377486168985003, 'noise_stn_sigma': 3.8978627469299623, 'noise_gpe_sigma': 103.22123972646233, 'noise_gpi_sigma': 103.11892079144987, 'g_stn_gpe_mult': 3.4491176162082446, 'g_gpe_stn_mult': 0.19438084596499766, 'g_stn_gpi_mult': 1.698436303057918, 'g_gpe_gpi_mult': 0.6936488621099288}. Best is trial 4 with value: 4.749263483297457.
[I 2026-05-28 00:49:02,570] Trial 46 finished with value: 9.739923865745771 and parameters: {'ISTN': 89.15718066287167, 'I_gpe': 0.7080272069343747, 'I_gpi': 2.251764057919398, 'noise_stn_sigma': 5.595910416551737, 'noise_gpe_sigma': 141.55603361796625, 'noise_gpi_sigma': 123.93300482033152, 'g_stn_gpe_mult': 4.1373467030205955, 'g_gpe_stn_mult': 0.28722857965509235, 'g_stn_gpi_mult': 2.289476699072954, 'g_gpe_gpi_mult': 0.6295841730395866}. Best is trial 4 with value: 4.749263483297457.
[I 2026-05-28 00:49:03,583] Trial 47 finished with value: 18.289143647764263 and parameters: {'ISTN': 103.20825360439802, 'I_gpe': 0.8149341518961556, 'I_gpi': 1.8540455345895046, 'noise_stn_sigma': 2.269217252310808, 'noise_gpe_sigma': 147.72507444617318, 'noise_gpi_sigma': 89.54261758840322, 'g_stn_gpe_mult': 4.68706499930035, 'g_gpe_stn_mult': 0.2194375523682167, 'g_stn_gpi_mult': 2.914672935593396, 'g_gpe_gpi_mult': 0.7479500351468213}. Best is trial 4 with value: 4.749263483297457.
[I 2026-05-28 00:49:04,596] Trial 48 finished with value: 12.688026469291426 and parameters: {'ISTN': 76.88638761288558, 'I_gpe': 0.7782019790934258, 'I_gpi': 1.79029807307103, 'noise_stn_sigma': 3.5175947053329075, 'noise_gpe_sigma': 129.84000841344528, 'noise_gpi_sigma': 92.92879564151767, 'g_stn_gpe_mult': 4.892973747729055, 'g_gpe_stn_mult': 0.31643340408183895, 'g_stn_gpi_mult': 2.025849381684231, 'g_gpe_gpi_mult': 0.8069295440213156}. Best is trial 4 with value: 4.749263483297457.
[I 2026-05-28 00:49:05,607] Trial 49 finished with value: 16.234256977966176 and parameters: {'ISTN': 84.90323373604694, 'I_gpe': 1.065509059838786, 'I_gpi': 2.3952826670310845, 'noise_stn_sigma': 4.456536042124039, 'noise_gpe_sigma': 70.29047781830988, 'noise_gpi_sigma': 119.43609342696952, 'g_stn_gpe_mult': 3.9919548712038506, 'g_gpe_stn_mult': 0.4190931702118551, 'g_stn_gpi_mult': 1.7600821094261403, 'g_gpe_gpi_mult': 0.754384741396005}. Best is trial 4 with value: 4.749263483297457.
[I 2026-05-28 00:49:06,616] Trial 50 finished with value: 11.686721259598952 and parameters: {'ISTN': 74.40158869564287, 'I_gpe': 1.4202566632214422, 'I_gpi': 2.5651278491157967, 'noise_stn_sigma': 4.787887002392192, 'noise_gpe_sigma': 94.01136798466364, 'noise_gpi_sigma': 120.47203223144741, 'g_stn_gpe_mult': 4.557019937245597, 'g_gpe_stn_mult': 0.22683157971889994, 'g_stn_gpi_mult': 1.8355775871189066, 'g_gpe_gpi_mult': 0.9622446083851361}. Best is trial 4 with value: 4.749263483297457.
[I 2026-05-28 00:49:07,626] Trial 51 finished with value: 0.24040818459524502 and parameters: {'ISTN': 60.09000679423632, 'I_gpe': 0.8653428538752277, 'I_gpi': 2.6871365138604384, 'noise_stn_sigma': 4.326196389531313, 'noise_gpe_sigma': 105.43657865187568, 'noise_gpi_sigma': 108.73544075654931, 'g_stn_gpe_mult': 4.535237215711811, 'g_gpe_stn_mult': 0.2118047512930748, 'g_stn_gpi_mult': 1.523143290822457, 'g_gpe_gpi_mult': 0.7335472024518834}. Best is trial 51 with value: 0.24040818459524502.
[I 2026-05-28 00:49:08,638] Trial 52 finished with value: 0.7054428687974339 and parameters: {'ISTN': 66.41219148668257, 'I_gpe': 0.9054833949650368, 'I_gpi': 1.7364755640956666, 'noise_stn_sigma': 3.601687878506354, 'noise_gpe_sigma': 135.45842561605917, 'noise_gpi_sigma': 87.20277559027615, 'g_stn_gpe_mult': 3.5761972244194906, 'g_gpe_stn_mult': 0.14053207005437204, 'g_stn_gpi_mult': 1.9764928427589281, 'g_gpe_gpi_mult': 0.9562445696685822}. Best is trial 51 with value: 0.24040818459524502.
[I 2026-05-28 00:49:09,649] Trial 53 finished with value: 15.268063128448912 and parameters: {'ISTN': 83.74908335501027, 'I_gpe': 1.5238864136024548, 'I_gpi': 2.527540993599532, 'noise_stn_sigma': 3.1604658633757654, 'noise_gpe_sigma': 80.54985933950668, 'noise_gpi_sigma': 95.90982240843812, 'g_stn_gpe_mult': 2.9700618634527327, 'g_gpe_stn_mult': 0.22807849798170982, 'g_stn_gpi_mult': 1.24305765573216, 'g_gpe_gpi_mult': 0.6649224192309395}. Best is trial 51 with value: 0.24040818459524502.
[I 2026-05-28 00:49:10,663] Trial 54 finished with value: 14.035681715945978 and parameters: {'ISTN': 70.73172451151333, 'I_gpe': 0.9226218480347819, 'I_gpi': 1.2719316129382796, 'noise_stn_sigma': 5.031016669188278, 'noise_gpe_sigma': 103.88156375614963, 'noise_gpi_sigma': 79.62538253074814, 'g_stn_gpe_mult': 3.879363958246324, 'g_gpe_stn_mult': 0.4092344796043982, 'g_stn_gpi_mult': 1.3635430748523385, 'g_gpe_gpi_mult': 0.5722999603111694}. Best is trial 51 with value: 0.24040818459524502.
[I 2026-05-28 00:49:11,675] Trial 55 finished with value: 13.588632434973558 and parameters: {'ISTN': 90.6771353379011, 'I_gpe': 1.300978408477619, 'I_gpi': 1.7524313987376159, 'noise_stn_sigma': 4.179967257071689, 'noise_gpe_sigma': 109.55910513387491, 'noise_gpi_sigma': 125.97063579527882, 'g_stn_gpe_mult': 3.596982891052472, 'g_gpe_stn_mult': 0.21375360244799796, 'g_stn_gpi_mult': 1.7829764017384118, 'g_gpe_gpi_mult': 0.8463520485748741}. Best is trial 51 with value: 0.24040818459524502.
[I 2026-05-28 00:49:12,686] Trial 56 finished with value: 13.73202395202728 and parameters: {'ISTN': 80.59721969995044, 'I_gpe': 1.3474539106602357, 'I_gpi': 2.48037100354761, 'noise_stn_sigma': 2.343988845416514, 'noise_gpe_sigma': 125.70867892989382, 'noise_gpi_sigma': 95.44413784306388, 'g_stn_gpe_mult': 3.784375904997987, 'g_gpe_stn_mult': 0.27196007357601876, 'g_stn_gpi_mult': 1.5554189169460708, 'g_gpe_gpi_mult': 0.6138182492936521}. Best is trial 51 with value: 0.24040818459524502.
[I 2026-05-28 00:49:13,698] Trial 57 finished with value: 10.24852374113672 and parameters: {'ISTN': 63.96125428153542, 'I_gpe': 1.027720583206041, 'I_gpi': 3.0695663070343864, 'noise_stn_sigma': 3.635017498463741, 'noise_gpe_sigma': 107.66079273844691, 'noise_gpi_sigma': 111.67873522557511, 'g_stn_gpe_mult': 3.598494522004361, 'g_gpe_stn_mult': 0.2779439884492726, 'g_stn_gpi_mult': 2.2859903768824896, 'g_gpe_gpi_mult': 0.7020728120846642}. Best is trial 51 with value: 0.24040818459524502.
[I 2026-05-28 00:49:14,711] Trial 58 finished with value: 11.642425005108478 and parameters: {'ISTN': 72.26068601270784, 'I_gpe': 1.5639438451825478, 'I_gpi': 2.5676717215237685, 'noise_stn_sigma': 3.7166000595299873, 'noise_gpe_sigma': 118.20291431397453, 'noise_gpi_sigma': 127.16064856649056, 'g_stn_gpe_mult': 4.155380617170735, 'g_gpe_stn_mult': 0.15438755192388365, 'g_stn_gpi_mult': 1.8716996718624759, 'g_gpe_gpi_mult': 0.8927484552400295}. Best is trial 51 with value: 0.24040818459524502.
[I 2026-05-28 00:49:15,722] Trial 59 finished with value: 14.556444944270625 and parameters: {'ISTN': 91.26291429203957, 'I_gpe': 0.9467486475274787, 'I_gpi': 2.5402515394438994, 'noise_stn_sigma': 2.8907986127144274, 'noise_gpe_sigma': 74.18991061550454, 'noise_gpi_sigma': 129.20735457659592, 'g_stn_gpe_mult': 3.397603489263047, 'g_gpe_stn_mult': 0.2753702986534818, 'g_stn_gpi_mult': 1.700457016252613, 'g_gpe_gpi_mult': 0.8392176953410073}. Best is trial 51 with value: 0.24040818459524502.
[I 2026-05-28 00:49:16,733] Trial 60 finished with value: 16.607219575372685 and parameters: {'ISTN': 81.97341269811531, 'I_gpe': 1.4788684170616921, 'I_gpi': 2.6418988938122174, 'noise_stn_sigma': 1.9548447744961726, 'noise_gpe_sigma': 108.91003061620516, 'noise_gpi_sigma': 101.31365437138291, 'g_stn_gpe_mult': 4.015007014906219, 'g_gpe_stn_mult': 0.3314289503627694, 'g_stn_gpi_mult': 2.8862849413352913, 'g_gpe_gpi_mult': 0.7433670769347067}. Best is trial 51 with value: 0.24040818459524502.
[I 2026-05-28 00:49:17,748] Trial 61 finished with value: 8.94959163676173 and parameters: {'ISTN': 78.60660907410649, 'I_gpe': 1.111012825445652, 'I_gpi': 1.813595032536408, 'noise_stn_sigma': 4.859135737776269, 'noise_gpe_sigma': 137.68373257492806, 'noise_gpi_sigma': 127.16359153339724, 'g_stn_gpe_mult': 3.8161804000328137, 'g_gpe_stn_mult': 0.2222163212529774, 'g_stn_gpi_mult': 2.042614002261119, 'g_gpe_gpi_mult': 0.5390859224587796}. Best is trial 51 with value: 0.24040818459524502.
[I 2026-05-28 00:49:18,759] Trial 62 finished with value: 15.57187450353821 and parameters: {'ISTN': 70.00161382404004, 'I_gpe': 1.5839680098787123, 'I_gpi': 2.47717554848065, 'noise_stn_sigma': 3.552961538063054, 'noise_gpe_sigma': 130.90660076143988, 'noise_gpi_sigma': 83.4460759034025, 'g_stn_gpe_mult': 4.563951725677786, 'g_gpe_stn_mult': 0.3725056912353941, 'g_stn_gpi_mult': 1.935643776320748, 'g_gpe_gpi_mult': 0.9275350931302282}. Best is trial 51 with value: 0.24040818459524502.
[I 2026-05-28 00:49:19,769] Trial 63 finished with value: 0.36895479139672194 and parameters: {'ISTN': 62.681971485399195, 'I_gpe': 1.0497106421527083, 'I_gpi': 2.9128724345699974, 'noise_stn_sigma': 3.6910709885293618, 'noise_gpe_sigma': 119.55112258676495, 'noise_gpi_sigma': 97.03229399462829, 'g_stn_gpe_mult': 4.996963549695049, 'g_gpe_stn_mult': 0.13525986794689582, 'g_stn_gpi_mult': 1.8923223280596508, 'g_gpe_gpi_mult': 0.8524709059977023}. Best is trial 51 with value: 0.24040818459524502.
[I 2026-05-28 00:49:20,778] Trial 64 finished with value: 2.141147509445018 and parameters: {'ISTN': 61.5688600222379, 'I_gpe': 1.4804599565338252, 'I_gpi': 2.9840715560707483, 'noise_stn_sigma': 4.415661236512955, 'noise_gpe_sigma': 125.11028112464267, 'noise_gpi_sigma': 137.53656302470904, 'g_stn_gpe_mult': 3.5755509954290132, 'g_gpe_stn_mult': 0.15537482051155785, 'g_stn_gpi_mult': 2.284765426180689, 'g_gpe_gpi_mult': 0.5681370264281611}. Best is trial 51 with value: 0.24040818459524502.
[I 2026-05-28 00:49:21,792] Trial 65 finished with value: 15.220490725892256 and parameters: {'ISTN': 78.08660775853409, 'I_gpe': 1.5931752207235448, 'I_gpi': 2.4856571763903954, 'noise_stn_sigma': 3.1441671068259125, 'noise_gpe_sigma': 115.46604355417875, 'noise_gpi_sigma': 124.23519912772909, 'g_stn_gpe_mult': 4.156281681544739, 'g_gpe_stn_mult': 0.2577956080567993, 'g_stn_gpi_mult': 1.9827425472483957, 'g_gpe_gpi_mult': 0.8768327988429161}. Best is trial 51 with value: 0.24040818459524502.
[I 2026-05-28 00:49:22,806] Trial 66 finished with value: 15.148974619699075 and parameters: {'ISTN': 80.58972501121704, 'I_gpe': 2.1456767882033305, 'I_gpi': 3.0688379145055897, 'noise_stn_sigma': 3.14568044223046, 'noise_gpe_sigma': 120.84188365125884, 'noise_gpi_sigma': 109.17546821935642, 'g_stn_gpe_mult': 3.176159900855365, 'g_gpe_stn_mult': 0.29440008840334236, 'g_stn_gpi_mult': 1.91181417826786, 'g_gpe_gpi_mult': 0.704527179150702}. Best is trial 51 with value: 0.24040818459524502.
[I 2026-05-28 00:49:23,820] Trial 67 finished with value: 12.422340447134546 and parameters: {'ISTN': 73.2731554213495, 'I_gpe': 1.4493856793435307, 'I_gpi': 1.8826957608140198, 'noise_stn_sigma': 4.602497184256455, 'noise_gpe_sigma': 142.84286240029192, 'noise_gpi_sigma': 120.84217731162715, 'g_stn_gpe_mult': 3.702460140401122, 'g_gpe_stn_mult': 0.17862305807048345, 'g_stn_gpi_mult': 1.9866275763338213, 'g_gpe_gpi_mult': 0.9921631264667361}. Best is trial 51 with value: 0.24040818459524502.
[I 2026-05-28 00:49:24,834] Trial 68 finished with value: 14.041311614639305 and parameters: {'ISTN': 79.63101170717151, 'I_gpe': 0.9706324708709124, 'I_gpi': 2.596010456000405, 'noise_stn_sigma': 5.155511838753483, 'noise_gpe_sigma': 115.61294542700381, 'noise_gpi_sigma': 84.27720197672174, 'g_stn_gpe_mult': 2.8146257326096036, 'g_gpe_stn_mult': 0.30370274223667965, 'g_stn_gpi_mult': 1.9306680105207854, 'g_gpe_gpi_mult': 1.0187608078469375}. Best is trial 51 with value: 0.24040818459524502.
[I 2026-05-28 00:49:25,858] Trial 69 finished with value: 2.9549288693336186 and parameters: {'ISTN': 63.6866525538048, 'I_gpe': 1.1362091695997667, 'I_gpi': 2.5821146681448, 'noise_stn_sigma': 3.9240888128477978, 'noise_gpe_sigma': 113.08131019001227, 'noise_gpi_sigma': 123.50461317685344, 'g_stn_gpe_mult': 2.7633229678733002, 'g_gpe_stn_mult': 0.33178349975017885, 'g_stn_gpi_mult': 2.2133838105683887, 'g_gpe_gpi_mult': 0.9073750494437038}. Best is trial 51 with value: 0.24040818459524502.
[I 2026-05-28 00:49:26,871] Trial 70 finished with value: 12.760464476976189 and parameters: {'ISTN': 80.20033785586295, 'I_gpe': 1.3511373291840836, 'I_gpi': 3.423056162476924, 'noise_stn_sigma': 3.3930098919620058, 'noise_gpe_sigma': 108.66191968357559, 'noise_gpi_sigma': 128.07372169190594, 'g_stn_gpe_mult': 2.9657582454903637, 'g_gpe_stn_mult': 0.19631006081610775, 'g_stn_gpi_mult': 1.2749635083368935, 'g_gpe_gpi_mult': 0.6224891364223322}. Best is trial 51 with value: 0.24040818459524502.
[I 2026-05-28 00:49:27,887] Trial 71 finished with value: 10.691252072240761 and parameters: {'ISTN': 69.62467467872638, 'I_gpe': 2.2546440781401067, 'I_gpi': 2.4802514501841246, 'noise_stn_sigma': 4.488854230728857, 'noise_gpe_sigma': 117.18034886676942, 'noise_gpi_sigma': 111.90491540665805, 'g_stn_gpe_mult': 4.611436902769253, 'g_gpe_stn_mult': 0.3897465602261093, 'g_stn_gpi_mult': 1.9171824189862943, 'g_gpe_gpi_mult': 0.6914002506952711}. Best is trial 51 with value: 0.24040818459524502.
[I 2026-05-28 00:49:28,900] Trial 72 finished with value: 11.521726529502162 and parameters: {'ISTN': 74.94523462428474, 'I_gpe': 0.895936163697069, 'I_gpi': 2.504220163806932, 'noise_stn_sigma': 4.523622144785056, 'noise_gpe_sigma': 128.6705241896944, 'noise_gpi_sigma': 83.96226285271212, 'g_stn_gpe_mult': 3.563813600071123, 'g_gpe_stn_mult': 0.21194214423330804, 'g_stn_gpi_mult': 2.613552554399473, 'g_gpe_gpi_mult': 0.8884260205724575}. Best is trial 51 with value: 0.24040818459524502.
[I 2026-05-28 00:49:29,914] Trial 73 finished with value: 2.2857140350962215 and parameters: {'ISTN': 64.69134253353184, 'I_gpe': 0.9585003704414412, 'I_gpi': 1.4835090717027424, 'noise_stn_sigma': 3.3277541858690203, 'noise_gpe_sigma': 122.70425955251937, 'noise_gpi_sigma': 98.17837552251017, 'g_stn_gpe_mult': 3.6283761719062753, 'g_gpe_stn_mult': 0.2113957984453418, 'g_stn_gpi_mult': 2.3368428856209427, 'g_gpe_gpi_mult': 0.8330483432806626}. Best is trial 51 with value: 0.24040818459524502.
[I 2026-05-28 00:49:30,925] Trial 74 finished with value: 11.846115974878895 and parameters: {'ISTN': 80.16438693131504, 'I_gpe': 2.1835935388599084, 'I_gpi': 2.445522066792704, 'noise_stn_sigma': 3.416540446563766, 'noise_gpe_sigma': 128.22698595823476, 'noise_gpi_sigma': 135.46906116814716, 'g_stn_gpe_mult': 4.1335678714958055, 'g_gpe_stn_mult': 0.10688107245453862, 'g_stn_gpi_mult': 1.3404843192372053, 'g_gpe_gpi_mult': 0.768022787987416}. Best is trial 51 with value: 0.24040818459524502.
[I 2026-05-28 00:49:31,936] Trial 75 finished with value: 16.149977566005813 and parameters: {'ISTN': 79.87085443208336, 'I_gpe': 1.8310087220243276, 'I_gpi': 3.0553578985017857, 'noise_stn_sigma': 4.2796966610353016, 'noise_gpe_sigma': 124.19244265391337, 'noise_gpi_sigma': 106.1701487778876, 'g_stn_gpe_mult': 3.9564726988743186, 'g_gpe_stn_mult': 0.3114029067448171, 'g_stn_gpi_mult': 2.432249090366534, 'g_gpe_gpi_mult': 0.9593721248410829}. Best is trial 51 with value: 0.24040818459524502.
[I 2026-05-28 00:49:32,948] Trial 76 finished with value: 14.452315504875706 and parameters: {'ISTN': 82.56001184799936, 'I_gpe': 0.8595553706192977, 'I_gpi': 3.809175588535734, 'noise_stn_sigma': 3.4011129400179985, 'noise_gpe_sigma': 124.48912780484551, 'noise_gpi_sigma': 134.67097411944172, 'g_stn_gpe_mult': 3.1781193238360554, 'g_gpe_stn_mult': 0.10491486920892089, 'g_stn_gpi_mult': 2.162127605683464, 'g_gpe_gpi_mult': 0.8595689656153418}. Best is trial 51 with value: 0.24040818459524502.
[I 2026-05-28 00:49:33,963] Trial 77 finished with value: 9.96877654348116 and parameters: {'ISTN': 67.02596149810651, 'I_gpe': 1.2795848080528254, 'I_gpi': 2.9354585366954815, 'noise_stn_sigma': 4.076218188519162, 'noise_gpe_sigma': 132.47551247718198, 'noise_gpi_sigma': 130.18539136077175, 'g_stn_gpe_mult': 3.8326820390249976, 'g_gpe_stn_mult': 0.1924963251605295, 'g_stn_gpi_mult': 2.186614328781335, 'g_gpe_gpi_mult': 0.7007612209801555}. Best is trial 51 with value: 0.24040818459524502.
[I 2026-05-28 00:49:34,978] Trial 78 finished with value: 8.082027645364853 and parameters: {'ISTN': 62.576727151485215, 'I_gpe': 1.7524036142088455, 'I_gpi': 2.6966627533396834, 'noise_stn_sigma': 6.425912230056165, 'noise_gpe_sigma': 133.55194017479036, 'noise_gpi_sigma': 109.6113517170496, 'g_stn_gpe_mult': 3.5423913990326836, 'g_gpe_stn_mult': 0.17542268299109942, 'g_stn_gpi_mult': 2.312008851438538, 'g_gpe_gpi_mult': 0.8035519611027127}. Best is trial 51 with value: 0.24040818459524502.
[I 2026-05-28 00:49:35,990] Trial 79 finished with value: 2.2627337577132343 and parameters: {'ISTN': 78.11891868740057, 'I_gpe': 0.6840837245724583, 'I_gpi': 2.4132699757726632, 'noise_stn_sigma': 4.329752557422736, 'noise_gpe_sigma': 105.47904934728462, 'noise_gpi_sigma': 129.91378308537344, 'g_stn_gpe_mult': 3.4361720019591875, 'g_gpe_stn_mult': 0.17709289468176598, 'g_stn_gpi_mult': 1.8961288215541727, 'g_gpe_gpi_mult': 0.8392705851068032}. Best is trial 51 with value: 0.24040818459524502.
[I 2026-05-28 00:49:37,004] Trial 80 finished with value: 0.8686829717363251 and parameters: {'ISTN': 61.16552319282408, 'I_gpe': 1.6276274605614909, 'I_gpi': 3.355151177251404, 'noise_stn_sigma': 4.010023208191857, 'noise_gpe_sigma': 116.42931952646165, 'noise_gpi_sigma': 103.03080263350118, 'g_stn_gpe_mult': 3.586446344348308, 'g_gpe_stn_mult': 0.17788532470370244, 'g_stn_gpi_mult': 1.917477609003684, 'g_gpe_gpi_mult': 0.8956471611428038}. Best is trial 51 with value: 0.24040818459524502.
[I 2026-05-28 00:49:38,017] Trial 81 finished with value: 13.442791474784844 and parameters: {'ISTN': 81.52257266776351, 'I_gpe': 1.3881395863579558, 'I_gpi': 2.659347678226774, 'noise_stn_sigma': 4.217358973932213, 'noise_gpe_sigma': 110.29655467973281, 'noise_gpi_sigma': 106.56608378584357, 'g_stn_gpe_mult': 3.4489389060598654, 'g_gpe_stn_mult': 0.13923326866662405, 'g_stn_gpi_mult': 1.657708924369396, 'g_gpe_gpi_mult': 0.8825666972796904}. Best is trial 51 with value: 0.24040818459524502.
[I 2026-05-28 00:49:39,031] Trial 82 finished with value: 12.215310790269575 and parameters: {'ISTN': 75.4310354453499, 'I_gpe': 1.2444030584426429, 'I_gpi': 3.0137036936783868, 'noise_stn_sigma': 6.244011705987197, 'noise_gpe_sigma': 91.84750240033937, 'noise_gpi_sigma': 99.38895144624539, 'g_stn_gpe_mult': 4.264827746606734, 'g_gpe_stn_mult': 0.2950468460122846, 'g_stn_gpi_mult': 2.5462148676439655, 'g_gpe_gpi_mult': 0.6802671677901402}. Best is trial 51 with value: 0.24040818459524502.
[I 2026-05-28 00:49:40,041] Trial 83 finished with value: 16.634928506005494 and parameters: {'ISTN': 82.49999549053975, 'I_gpe': 2.3902819364871544, 'I_gpi': 3.037647755274003, 'noise_stn_sigma': 3.3793795481155566, 'noise_gpe_sigma': 131.50290897580012, 'noise_gpi_sigma': 119.66968008519972, 'g_stn_gpe_mult': 3.8683850928715446, 'g_gpe_stn_mult': 0.18803814488776352, 'g_stn_gpi_mult': 1.8124333956551881, 'g_gpe_gpi_mult': 0.7737346604001585}. Best is trial 51 with value: 0.24040818459524502.
[I 2026-05-28 00:49:41,049] Trial 84 finished with value: 8.614012232664543 and parameters: {'ISTN': 76.56301533810415, 'I_gpe': 1.4642942440753453, 'I_gpi': 3.09475588888126, 'noise_stn_sigma': 3.009622677190912, 'noise_gpe_sigma': 117.19437749851069, 'noise_gpi_sigma': 88.47824674275752, 'g_stn_gpe_mult': 2.797619109066905, 'g_gpe_stn_mult': 0.21501630886340234, 'g_stn_gpi_mult': 1.9725926940243905, 'g_gpe_gpi_mult': 0.9025839461866227}. Best is trial 51 with value: 0.24040818459524502.
[I 2026-05-28 00:49:42,060] Trial 85 finished with value: 0.6483936625450485 and parameters: {'ISTN': 64.34230965751351, 'I_gpe': 0.5909264006298706, 'I_gpi': 2.8671166735206075, 'noise_stn_sigma': 3.226488963593457, 'noise_gpe_sigma': 105.9742250141541, 'noise_gpi_sigma': 95.73401641941024, 'g_stn_gpe_mult': 3.9440829518041327, 'g_gpe_stn_mult': 0.21926916567241028, 'g_stn_gpi_mult': 1.5096770279427896, 'g_gpe_gpi_mult': 0.9221162727151218}. Best is trial 51 with value: 0.24040818459524502.
[I 2026-05-28 00:49:43,071] Trial 86 finished with value: 9.232916480931076 and parameters: {'ISTN': 78.68997170976883, 'I_gpe': 1.0370844302737092, 'I_gpi': 2.0830221330239462, 'noise_stn_sigma': 7.109995151028315, 'noise_gpe_sigma': 107.4395690333712, 'noise_gpi_sigma': 110.78685517285757, 'g_stn_gpe_mult': 3.5542269111806695, 'g_gpe_stn_mult': 0.15498058321354666, 'g_stn_gpi_mult': 2.4445407722503916, 'g_gpe_gpi_mult': 0.7431651526364371}. Best is trial 51 with value: 0.24040818459524502.
[I 2026-05-28 00:49:44,091] Trial 87 finished with value: 12.041177303636239 and parameters: {'ISTN': 77.87130036292385, 'I_gpe': 1.1716641477869563, 'I_gpi': 2.9648559288164127, 'noise_stn_sigma': 5.476137234354053, 'noise_gpe_sigma': 133.92548839376013, 'noise_gpi_sigma': 104.56546722583175, 'g_stn_gpe_mult': 4.0972778345126635, 'g_gpe_stn_mult': 0.20041806376816917, 'g_stn_gpi_mult': 1.726121486641357, 'g_gpe_gpi_mult': 0.6814756615291009}. Best is trial 51 with value: 0.24040818459524502.
