[I 2026-05-28 01:21:32,135] Trial 968 finished with value: 1.2132101248274663 and parameters: {'ISTN': 104.53962384877943, 'I_gpe': 0.6548909601477435, 'I_gpi': 2.1114797715340536, 'noise_stn_sigma': 3.2982572455149493, 'noise_gpe_sigma': 109.83787663732907, 'noise_gpi_sigma': 123.21050046603139, 'g_stn_gpe_mult': 4.140125391718472, 'g_gpe_stn_mult': 1.5587056681455054, 'g_stn_gpi_mult': 2.8817617441211376, 'g_gpe_gpi_mult': 1.4877365410096914}. Best is trial 935 with value: 0.09230771532757111.
[I 2026-05-28 01:21:33,144] Trial 969 finished with value: 0.1133170422156233 and parameters: {'ISTN': 103.18132123867733, 'I_gpe': 0.6113628629272633, 'I_gpi': 2.1366399362630477, 'noise_stn_sigma': 3.380922515902558, 'noise_gpe_sigma': 109.66408137708214, 'noise_gpi_sigma': 120.9011815038466, 'g_stn_gpe_mult': 4.3066010636055765, 'g_gpe_stn_mult': 1.5651066031146375, 'g_stn_gpi_mult': 2.9183511139442384, 'g_gpe_gpi_mult': 1.4545193831372667}. Best is trial 935 with value: 0.09230771532757111.
[I 2026-05-28 01:21:34,154] Trial 970 finished with value: 0.12125603029949027 and parameters: {'ISTN': 103.21383302887095, 'I_gpe': 0.6504510553723544, 'I_gpi': 2.1036300485531445, 'noise_stn_sigma': 3.548363865647406, 'noise_gpe_sigma': 109.4343626984314, 'noise_gpi_sigma': 122.31521494527588, 'g_stn_gpe_mult': 4.178166375252143, 'g_gpe_stn_mult': 1.5630739641181457, 'g_stn_gpi_mult': 3.0427787775813737, 'g_gpe_gpi_mult': 1.4697016392554052}. Best is trial 935 with value: 0.09230771532757111.
[I 2026-05-28 01:21:35,163] Trial 971 finished with value: 0.13447418087526342 and parameters: {'ISTN': 103.12875892506676, 'I_gpe': 0.6590564043147951, 'I_gpi': 2.135480003561147, 'noise_stn_sigma': 3.2703535486343496, 'noise_gpe_sigma': 105.24781367861107, 'noise_gpi_sigma': 121.45485177791066, 'g_stn_gpe_mult': 4.094601251307579, 'g_gpe_stn_mult': 1.5562160858667338, 'g_stn_gpi_mult': 2.942485829655701, 'g_gpe_gpi_mult': 1.5118737320305515}. Best is trial 935 with value: 0.09230771532757111.
[I 2026-05-28 01:21:36,171] Trial 972 finished with value: 0.23055677386890713 and parameters: {'ISTN': 104.7526521663087, 'I_gpe': 0.6982439187113314, 'I_gpi': 2.0497452776592358, 'noise_stn_sigma': 3.1599961820187175, 'noise_gpe_sigma': 109.54421195109838, 'noise_gpi_sigma': 122.36863165044343, 'g_stn_gpe_mult': 4.154023362690282, 'g_gpe_stn_mult': 1.5529220642511907, 'g_stn_gpi_mult': 2.9665506862465447, 'g_gpe_gpi_mult': 1.480268089741129}. Best is trial 935 with value: 0.09230771532757111.
[I 2026-05-28 01:21:37,177] Trial 973 finished with value: 0.11246097459944215 and parameters: {'ISTN': 103.30143608833771, 'I_gpe': 0.695454985161686, 'I_gpi': 2.140285391466213, 'noise_stn_sigma': 3.3260988706581953, 'noise_gpe_sigma': 107.12988994222457, 'noise_gpi_sigma': 123.96176453854822, 'g_stn_gpe_mult': 4.092201129312936, 'g_gpe_stn_mult': 1.52815373569641, 'g_stn_gpi_mult': 2.9291730718856317, 'g_gpe_gpi_mult': 1.5050024205024546}. Best is trial 935 with value: 0.09230771532757111.
[I 2026-05-28 01:21:38,184] Trial 974 finished with value: 0.1251014912297574 and parameters: {'ISTN': 101.28922125170885, 'I_gpe': 0.6744349178664202, 'I_gpi': 2.114190156078859, 'noise_stn_sigma': 3.1767260641818864, 'noise_gpe_sigma': 110.33852220522066, 'noise_gpi_sigma': 126.77931135720596, 'g_stn_gpe_mult': 4.022076655894706, 'g_gpe_stn_mult': 1.4984438155428077, 'g_stn_gpi_mult': 2.762254508713422, 'g_gpe_gpi_mult': 1.5811300887223958}. Best is trial 935 with value: 0.09230771532757111.
[I 2026-05-28 01:21:39,191] Trial 975 finished with value: 0.11248940720991767 and parameters: {'ISTN': 104.44837188221308, 'I_gpe': 0.6954270981630779, 'I_gpi': 2.1183805669527467, 'noise_stn_sigma': 3.2392859263316867, 'noise_gpe_sigma': 110.17786932851489, 'noise_gpi_sigma': 122.50444480756512, 'g_stn_gpe_mult': 4.149430544816607, 'g_gpe_stn_mult': 1.5531515869321713, 'g_stn_gpi_mult': 2.9464980985467077, 'g_gpe_gpi_mult': 1.4652578072217648}. Best is trial 935 with value: 0.09230771532757111.
[I 2026-05-28 01:21:40,201] Trial 976 finished with value: 2.2422638861124904 and parameters: {'ISTN': 103.56230112125618, 'I_gpe': 0.7004842841715191, 'I_gpi': 2.1440009184434166, 'noise_stn_sigma': 3.30549755440605, 'noise_gpe_sigma': 107.23190253778081, 'noise_gpi_sigma': 120.59666509220904, 'g_stn_gpe_mult': 4.11573892414813, 'g_gpe_stn_mult': 1.5393594887548216, 'g_stn_gpi_mult': 3.0124200342348075, 'g_gpe_gpi_mult': 1.4390221589603653}. Best is trial 935 with value: 0.09230771532757111.
[I 2026-05-28 01:21:41,209] Trial 977 finished with value: 0.2804040539582213 and parameters: {'ISTN': 105.55677263996294, 'I_gpe': 0.6836274576008502, 'I_gpi': 2.1169137631469814, 'noise_stn_sigma': 3.316531164741881, 'noise_gpe_sigma': 108.4542393283922, 'noise_gpi_sigma': 120.43702967281851, 'g_stn_gpe_mult': 4.223908115630239, 'g_gpe_stn_mult': 1.574231019282474, 'g_stn_gpi_mult': 3.0057747958089824, 'g_gpe_gpi_mult': 1.4920704142957983}. Best is trial 935 with value: 0.09230771532757111.
[I 2026-05-28 01:21:42,217] Trial 978 finished with value: 7.118980392945376 and parameters: {'ISTN': 105.42175502632415, 'I_gpe': 0.6729123714760042, 'I_gpi': 2.092441509244494, 'noise_stn_sigma': 3.2826161812965093, 'noise_gpe_sigma': 105.5296979894832, 'noise_gpi_sigma': 121.65075141557146, 'g_stn_gpe_mult': 4.225836978834011, 'g_gpe_stn_mult': 1.5803302254064144, 'g_stn_gpi_mult': 3.0355921675904938, 'g_gpe_gpi_mult': 1.4252928010512695}. Best is trial 935 with value: 0.09230771532757111.
[I 2026-05-28 01:21:43,226] Trial 979 finished with value: 0.7171640519315304 and parameters: {'ISTN': 103.24383280121617, 'I_gpe': 0.7231366408487767, 'I_gpi': 2.1527452568449537, 'noise_stn_sigma': 3.2858786439517256, 'noise_gpe_sigma': 107.3576026386662, 'noise_gpi_sigma': 124.64482559848129, 'g_stn_gpe_mult': 4.134508862800288, 'g_gpe_stn_mult': 1.5320815147124356, 'g_stn_gpi_mult': 2.8622363614767723, 'g_gpe_gpi_mult': 1.4825318819351105}. Best is trial 935 with value: 0.09230771532757111.
[I 2026-05-28 01:21:44,236] Trial 980 finished with value: 2.1874216038832532 and parameters: {'ISTN': 104.53706704086267, 'I_gpe': 0.6682640954695515, 'I_gpi': 2.173515364288492, 'noise_stn_sigma': 3.3633729663348095, 'noise_gpe_sigma': 109.6104869552044, 'noise_gpi_sigma': 124.04722910870119, 'g_stn_gpe_mult': 4.237544167914955, 'g_gpe_stn_mult': 1.5537306449816235, 'g_stn_gpi_mult': 2.9384142801074282, 'g_gpe_gpi_mult': 1.503794125923469}. Best is trial 935 with value: 0.09230771532757111.
[I 2026-05-28 01:21:45,247] Trial 981 finished with value: 0.10177798940880003 and parameters: {'ISTN': 103.62281036773209, 'I_gpe': 0.7188408691563518, 'I_gpi': 2.0421807023755627, 'noise_stn_sigma': 3.256426924290976, 'noise_gpe_sigma': 108.47885665731387, 'noise_gpi_sigma': 125.56078171328241, 'g_stn_gpe_mult': 4.09091408627848, 'g_gpe_stn_mult': 1.5356881949428445, 'g_stn_gpi_mult': 2.8838500577794908, 'g_gpe_gpi_mult': 1.541786974214283}. Best is trial 935 with value: 0.09230771532757111.
[I 2026-05-28 01:21:46,255] Trial 982 finished with value: 0.11696246244317847 and parameters: {'ISTN': 104.06696429330367, 'I_gpe': 0.6139889069654423, 'I_gpi': 2.043467214135667, 'noise_stn_sigma': 3.2619331923523074, 'noise_gpe_sigma': 110.66823670800301, 'noise_gpi_sigma': 125.1160096380387, 'g_stn_gpe_mult': 4.195924905040778, 'g_gpe_stn_mult': 1.5763019374389386, 'g_stn_gpi_mult': 2.7941804842869025, 'g_gpe_gpi_mult': 1.4866753161680173}. Best is trial 935 with value: 0.09230771532757111.
[I 2026-05-28 01:21:47,265] Trial 983 finished with value: 0.4967173568033008 and parameters: {'ISTN': 104.95883972178953, 'I_gpe': 0.6745000712964054, 'I_gpi': 2.1331729835299056, 'noise_stn_sigma': 3.3066236313604147, 'noise_gpe_sigma': 109.74037069703459, 'noise_gpi_sigma': 123.27456642418213, 'g_stn_gpe_mult': 4.130959174355217, 'g_gpe_stn_mult': 1.544956853558064, 'g_stn_gpi_mult': 2.8763287138224714, 'g_gpe_gpi_mult': 1.4535179619975376}. Best is trial 935 with value: 0.09230771532757111.
[I 2026-05-28 01:21:48,274] Trial 984 finished with value: 0.10723386739964627 and parameters: {'ISTN': 105.53424858815873, 'I_gpe': 0.6925272640677365, 'I_gpi': 2.111197435005341, 'noise_stn_sigma': 3.3736976507332495, 'noise_gpe_sigma': 108.44796890491605, 'noise_gpi_sigma': 122.60121347835914, 'g_stn_gpe_mult': 4.15850356893777, 'g_gpe_stn_mult': 1.559266812846556, 'g_stn_gpi_mult': 2.892640553546766, 'g_gpe_gpi_mult': 1.4818567628893713}. Best is trial 935 with value: 0.09230771532757111.
[I 2026-05-28 01:21:49,282] Trial 985 finished with value: 1.6472603139051578 and parameters: {'ISTN': 102.80405741861017, 'I_gpe': 0.6564758537276152, 'I_gpi': 2.176389789354233, 'noise_stn_sigma': 3.227080616287322, 'noise_gpe_sigma': 108.3016296424055, 'noise_gpi_sigma': 125.67480452452675, 'g_stn_gpe_mult': 4.133532433339567, 'g_gpe_stn_mult': 1.5364615704167248, 'g_stn_gpi_mult': 2.7885101392029257, 'g_gpe_gpi_mult': 1.522072905327265}. Best is trial 935 with value: 0.09230771532757111.
[I 2026-05-28 01:21:50,290] Trial 986 finished with value: 0.11240850372205978 and parameters: {'ISTN': 102.69642300381231, 'I_gpe': 0.6849735366078464, 'I_gpi': 2.130303402691136, 'noise_stn_sigma': 3.282017426040943, 'noise_gpe_sigma': 108.2008879329993, 'noise_gpi_sigma': 123.15552509211189, 'g_stn_gpe_mult': 4.053300169722988, 'g_gpe_stn_mult': 1.5268393031198366, 'g_stn_gpi_mult': 2.9149674151583382, 'g_gpe_gpi_mult': 1.469051768252405}. Best is trial 935 with value: 0.09230771532757111.
[I 2026-05-28 01:21:51,297] Trial 987 finished with value: 0.12221634244465028 and parameters: {'ISTN': 101.44050417255475, 'I_gpe': 0.6580965785576401, 'I_gpi': 2.14719962551212, 'noise_stn_sigma': 3.160961217420823, 'noise_gpe_sigma': 110.25133280247216, 'noise_gpi_sigma': 125.27762677969919, 'g_stn_gpe_mult': 4.033788101580698, 'g_gpe_stn_mult': 1.5224514761139893, 'g_stn_gpi_mult': 2.865387752176777, 'g_gpe_gpi_mult': 1.551796602957274}. Best is trial 935 with value: 0.09230771532757111.
[I 2026-05-28 01:21:52,307] Trial 988 finished with value: 1.3152204539252739 and parameters: {'ISTN': 104.58024065947893, 'I_gpe': 0.6949031420399049, 'I_gpi': 2.127596925371374, 'noise_stn_sigma': 3.459184628253405, 'noise_gpe_sigma': 107.2337133782991, 'noise_gpi_sigma': 123.42403998627279, 'g_stn_gpe_mult': 4.14396363908733, 'g_gpe_stn_mult': 1.5444598196077823, 'g_stn_gpi_mult': 2.892467198032018, 'g_gpe_gpi_mult': 1.4744699515774695}. Best is trial 935 with value: 0.09230771532757111.
[I 2026-05-28 01:21:53,317] Trial 989 finished with value: 0.1338734827995488 and parameters: {'ISTN': 103.79162319556374, 'I_gpe': 0.6947664061563626, 'I_gpi': 2.1077849380064024, 'noise_stn_sigma': 3.006629865050498, 'noise_gpe_sigma': 111.16386104436305, 'noise_gpi_sigma': 128.9721828245036, 'g_stn_gpe_mult': 4.05955889458393, 'g_gpe_stn_mult': 1.5236770712862155, 'g_stn_gpi_mult': 2.9396514134380283, 'g_gpe_gpi_mult': 1.5223241915357049}. Best is trial 935 with value: 0.09230771532757111.
[I 2026-05-28 01:21:54,325] Trial 990 finished with value: 2.8546149109371153 and parameters: {'ISTN': 103.0071060807753, 'I_gpe': 0.7006199171120205, 'I_gpi': 2.075220657947674, 'noise_stn_sigma': 3.163593326067149, 'noise_gpe_sigma': 105.68932423379216, 'noise_gpi_sigma': 124.09466332571962, 'g_stn_gpe_mult': 4.045373580087447, 'g_gpe_stn_mult': 1.5284295231599665, 'g_stn_gpi_mult': 2.9164772950039803, 'g_gpe_gpi_mult': 1.523165673868109}. Best is trial 935 with value: 0.09230771532757111.
[I 2026-05-28 01:21:55,336] Trial 991 finished with value: 3.2790338515826813 and parameters: {'ISTN': 103.43480071233145, 'I_gpe': 0.6762609918225639, 'I_gpi': 2.056225914351423, 'noise_stn_sigma': 3.3064636687807782, 'noise_gpe_sigma': 108.39859204503709, 'noise_gpi_sigma': 124.00640282386425, 'g_stn_gpe_mult': 4.256154790018085, 'g_gpe_stn_mult': 1.5387149889011495, 'g_stn_gpi_mult': 2.8420276955947346, 'g_gpe_gpi_mult': 1.4720760009835316}. Best is trial 935 with value: 0.09230771532757111.
[I 2026-05-28 01:21:56,343] Trial 992 finished with value: 1.4329144969125802 and parameters: {'ISTN': 101.54132536422244, 'I_gpe': 0.6488938648327975, 'I_gpi': 2.0893837163962057, 'noise_stn_sigma': 3.141349717939591, 'noise_gpe_sigma': 111.61390917775329, 'noise_gpi_sigma': 125.30686478574054, 'g_stn_gpe_mult': 4.051315225505009, 'g_gpe_stn_mult': 1.5231370665268495, 'g_stn_gpi_mult': 2.806017532587417, 'g_gpe_gpi_mult': 1.5330666666415376}. Best is trial 935 with value: 0.09230771532757111.
[I 2026-05-28 01:21:57,350] Trial 993 finished with value: 0.16030472226181514 and parameters: {'ISTN': 104.63360557147813, 'I_gpe': 0.7190989052050305, 'I_gpi': 2.0639711328982058, 'noise_stn_sigma': 3.296956387208229, 'noise_gpe_sigma': 106.36942911847851, 'noise_gpi_sigma': 124.94474892586723, 'g_stn_gpe_mult': 4.095072768594333, 'g_gpe_stn_mult': 1.5550166806157095, 'g_stn_gpi_mult': 2.919151605904476, 'g_gpe_gpi_mult': 1.5625550128511823}. Best is trial 935 with value: 0.09230771532757111.
[I 2026-05-28 01:21:58,361] Trial 994 finished with value: 0.1208409131338722 and parameters: {'ISTN': 102.26800002372079, 'I_gpe': 0.7098924545767431, 'I_gpi': 2.0777677636443785, 'noise_stn_sigma': 3.1098067697208247, 'noise_gpe_sigma': 106.91057709668998, 'noise_gpi_sigma': 127.29139096787357, 'g_stn_gpe_mult': 4.0475158869258205, 'g_gpe_stn_mult': 1.525415739069122, 'g_stn_gpi_mult': 2.772275026164001, 'g_gpe_gpi_mult': 1.5321956260049978}. Best is trial 935 with value: 0.09230771532757111.
[I 2026-05-28 01:21:59,370] Trial 995 finished with value: 0.09675988097505075 and parameters: {'ISTN': 104.14033815125089, 'I_gpe': 0.7081964230326622, 'I_gpi': 2.0486483819936003, 'noise_stn_sigma': 3.4188039485555524, 'noise_gpe_sigma': 109.63625105476758, 'noise_gpi_sigma': 123.10615801239105, 'g_stn_gpe_mult': 4.0407521358294565, 'g_gpe_stn_mult': 1.548912211085458, 'g_stn_gpi_mult': 2.87190115397333, 'g_gpe_gpi_mult': 1.4690683311779826}. Best is trial 935 with value: 0.09230771532757111.
[I 2026-05-28 01:22:00,376] Trial 996 finished with value: 0.11730081429782221 and parameters: {'ISTN': 104.2321745361478, 'I_gpe': 0.6970528104620801, 'I_gpi': 2.044920603983268, 'noise_stn_sigma': 3.331233896324785, 'noise_gpe_sigma': 106.62608187769642, 'noise_gpi_sigma': 123.5680643913341, 'g_stn_gpe_mult': 4.104709204876837, 'g_gpe_stn_mult': 1.5388463729564181, 'g_stn_gpi_mult': 2.9160897434584085, 'g_gpe_gpi_mult': 1.5270527829113656}. Best is trial 935 with value: 0.09230771532757111.
[I 2026-05-28 01:22:01,385] Trial 997 finished with value: 1.6969590227639575 and parameters: {'ISTN': 104.53512061203186, 'I_gpe': 0.7019082372579821, 'I_gpi': 2.1047325699415245, 'noise_stn_sigma': 3.118073725577445, 'noise_gpe_sigma': 106.46237044063162, 'noise_gpi_sigma': 124.56724294677679, 'g_stn_gpe_mult': 4.087755085842319, 'g_gpe_stn_mult': 1.5559637853629662, 'g_stn_gpi_mult': 2.867913021279077, 'g_gpe_gpi_mult': 1.4922513334680538}. Best is trial 935 with value: 0.09230771532757111.
[I 2026-05-28 01:22:02,393] Trial 998 finished with value: 0.368430063649872 and parameters: {'ISTN': 104.12710242893777, 'I_gpe': 0.7099232966179785, 'I_gpi': 2.0043479647954223, 'noise_stn_sigma': 3.27893967585547, 'noise_gpe_sigma': 108.61788746653802, 'noise_gpi_sigma': 124.92661961547904, 'g_stn_gpe_mult': 4.240931409883378, 'g_gpe_stn_mult': 1.5312119505436228, 'g_stn_gpi_mult': 2.949313092256055, 'g_gpe_gpi_mult': 1.4967161082687999}. Best is trial 935 with value: 0.09230771532757111.
[I 2026-05-28 01:22:03,400] Trial 999 finished with value: 1.9220352852786478 and parameters: {'ISTN': 104.14247241875503, 'I_gpe': 0.682939547869566, 'I_gpi': 2.1036672157536085, 'noise_stn_sigma': 3.217663426259039, 'noise_gpe_sigma': 105.39795282799159, 'noise_gpi_sigma': 124.34698427121806, 'g_stn_gpe_mult': 4.051114276678206, 'g_gpe_stn_mult': 1.5616634340593756, 'g_stn_gpi_mult': 2.956018219874193, 'g_gpe_gpi_mult': 1.4989400491426657}. Best is trial 935 with value: 0.09230771532757111.
Condition: bounds_symmetric
Seed: 42, Trials: 1000
Bounds:
  ISTN: [60.0, 150.0]
  I_gpe: [0.5, 4.0]
  I_gpi: [1.0, 5.0]
  noise_stn_sigma: [1.0, 8.0]
  noise_gpe_sigma: [20.0, 150.0]
  noise_gpi_sigma: [20.0, 150.0]
  g_stn_gpe_mult: [0.5, 5.0]
  g_gpe_stn_mult: [0.1, 2.0]
  g_stn_gpi_mult: [0.5, 4.0]
  g_gpe_gpi_mult: [0.2, 2.0]
Weights: {'rate': 5.0, 'cv': 0.2, 'beta': 15.0}
JAX devices: [CudaDevice(id=0)]

Building simulator...
Warming up JIT...
JIT ready.


============================================================
DONE: bounds_symmetric (seed=42)
  Time: 16.8 min
  Best loss: 0.0923
  STN: 27.8 Hz (target 27.5)
  GPe: 38.4 Hz (target 42.5)
  GPi: 84.3 Hz (target 82.5)
  GPe beta: 27.9%
  STN beta: 50.0%
  Synaptic multipliers:
    g_stn_gpe_mult: 4.220
    g_gpe_stn_mult: 1.566
    g_stn_gpi_mult: 2.980
    g_gpe_gpi_mult: 1.478
  Saved: results/sensitivity/bounds/symmetric.pkl
