[I 2026-05-28 01:11:55,485] Trial 396 finished with value: 0.1741457113236838 and parameters: {'ISTN': 98.52528987910662, 'I_gpe': 0.787606866959319, 'I_gpi': 2.222959873456679, 'noise_stn_sigma': 2.7207168960722083, 'noise_gpe_sigma': 102.31245180374297, 'noise_gpi_sigma': 139.06928446951756, 'g_stn_gpe_mult': 3.96860715265611, 'g_gpe_stn_mult': 1.476930248676316, 'g_stn_gpi_mult': 2.537427064629711, 'g_gpe_gpi_mult': 1.8252072952859397}. Best is trial 166 with value: 0.1435060865093464.
[I 2026-05-28 01:11:56,493] Trial 397 finished with value: 0.20707185997858918 and parameters: {'ISTN': 99.09488279153666, 'I_gpe': 0.7771089283604867, 'I_gpi': 2.2179185623644297, 'noise_stn_sigma': 2.990034375029051, 'noise_gpe_sigma': 102.9531351444111, 'noise_gpi_sigma': 141.41935601140761, 'g_stn_gpe_mult': 3.7813148261256555, 'g_gpe_stn_mult': 1.4903400983503414, 'g_stn_gpi_mult': 2.5809654594540095, 'g_gpe_gpi_mult': 1.762010294077835}. Best is trial 166 with value: 0.1435060865093464.
[I 2026-05-28 01:11:57,500] Trial 398 finished with value: 0.9253046943291511 and parameters: {'ISTN': 98.35241485340237, 'I_gpe': 0.7689802150722576, 'I_gpi': 2.3471165020997025, 'noise_stn_sigma': 2.5781286405803616, 'noise_gpe_sigma': 108.05505744320102, 'noise_gpi_sigma': 140.62503398690112, 'g_stn_gpe_mult': 3.909197707079395, 'g_gpe_stn_mult': 1.4291998640380346, 'g_stn_gpi_mult': 2.5240803499410447, 'g_gpe_gpi_mult': 1.8071298938897338}. Best is trial 166 with value: 0.1435060865093464.
[I 2026-05-28 01:11:58,507] Trial 399 finished with value: 0.14217187720225757 and parameters: {'ISTN': 99.53477865389017, 'I_gpe': 0.7896619224193295, 'I_gpi': 2.0916469410029457, 'noise_stn_sigma': 2.8597253525714756, 'noise_gpe_sigma': 101.57000095037817, 'noise_gpi_sigma': 141.17348742453302, 'g_stn_gpe_mult': 3.7681226052715373, 'g_gpe_stn_mult': 1.483206761045888, 'g_stn_gpi_mult': 2.668899071330386, 'g_gpe_gpi_mult': 1.8036185895079984}. Best is trial 399 with value: 0.14217187720225757.
[I 2026-05-28 01:11:59,515] Trial 400 finished with value: 0.21343458396804726 and parameters: {'ISTN': 96.82069697178677, 'I_gpe': 0.769731968387831, 'I_gpi': 2.534297699753795, 'noise_stn_sigma': 2.6074616880616466, 'noise_gpe_sigma': 103.28732698020919, 'noise_gpi_sigma': 138.8076208379013, 'g_stn_gpe_mult': 3.735704352809486, 'g_gpe_stn_mult': 1.45667460506974, 'g_stn_gpi_mult': 2.6393204093646907, 'g_gpe_gpi_mult': 1.7125433213294996}. Best is trial 399 with value: 0.14217187720225757.
[I 2026-05-28 01:12:00,522] Trial 401 finished with value: 0.6463772675680557 and parameters: {'ISTN': 97.21468803601459, 'I_gpe': 0.7551298899943398, 'I_gpi': 1.9634595389069756, 'noise_stn_sigma': 2.866493788388963, 'noise_gpe_sigma': 104.04668645601468, 'noise_gpi_sigma': 141.56996971203867, 'g_stn_gpe_mult': 3.9316170989319055, 'g_gpe_stn_mult': 1.4601097966573588, 'g_stn_gpi_mult': 2.347192110651514, 'g_gpe_gpi_mult': 1.7771860515604594}. Best is trial 399 with value: 0.14217187720225757.
[I 2026-05-28 01:12:01,530] Trial 402 finished with value: 0.2534749717700632 and parameters: {'ISTN': 102.49837723129895, 'I_gpe': 0.7487475261331459, 'I_gpi': 2.1596687404030277, 'noise_stn_sigma': 2.898406899603742, 'noise_gpe_sigma': 100.9535634239482, 'noise_gpi_sigma': 145.96952834451466, 'g_stn_gpe_mult': 3.921148100794179, 'g_gpe_stn_mult': 1.4960166772858192, 'g_stn_gpi_mult': 2.613269481896774, 'g_gpe_gpi_mult': 1.8549461311520286}. Best is trial 399 with value: 0.14217187720225757.
[I 2026-05-28 01:12:02,537] Trial 403 finished with value: 0.16550155297966007 and parameters: {'ISTN': 100.17658760647727, 'I_gpe': 0.7867398731147741, 'I_gpi': 2.2742699866749283, 'noise_stn_sigma': 2.999067013207541, 'noise_gpe_sigma': 102.23352784132554, 'noise_gpi_sigma': 140.29442313033047, 'g_stn_gpe_mult': 4.054040594808104, 'g_gpe_stn_mult': 1.4926793502213853, 'g_stn_gpi_mult': 2.520265693996433, 'g_gpe_gpi_mult': 1.7766484992673024}. Best is trial 399 with value: 0.14217187720225757.
[I 2026-05-28 01:12:03,543] Trial 404 finished with value: 0.308975468697497 and parameters: {'ISTN': 96.12767026729752, 'I_gpe': 0.7569582532241589, 'I_gpi': 2.162594724439807, 'noise_stn_sigma': 3.0837071561288525, 'noise_gpe_sigma': 103.85697358041106, 'noise_gpi_sigma': 144.92591728379813, 'g_stn_gpe_mult': 3.7505711542503763, 'g_gpe_stn_mult': 1.500907251094311, 'g_stn_gpi_mult': 2.65321337006954, 'g_gpe_gpi_mult': 1.824867259176837}. Best is trial 399 with value: 0.14217187720225757.
[I 2026-05-28 01:12:04,550] Trial 405 finished with value: 0.3120079577243303 and parameters: {'ISTN': 101.50166832158132, 'I_gpe': 0.8124572876329265, 'I_gpi': 2.2119760283668537, 'noise_stn_sigma': 3.033367590528913, 'noise_gpe_sigma': 102.75186566132783, 'noise_gpi_sigma': 141.5086598407326, 'g_stn_gpe_mult': 3.66992889663891, 'g_gpe_stn_mult': 1.513870633192117, 'g_stn_gpi_mult': 2.7162528682085068, 'g_gpe_gpi_mult': 1.823651740715858}. Best is trial 399 with value: 0.14217187720225757.
[I 2026-05-28 01:12:05,556] Trial 406 finished with value: 3.8387226186469476 and parameters: {'ISTN': 98.08119919854369, 'I_gpe': 0.8489630503388408, 'I_gpi': 2.2299893773195, 'noise_stn_sigma': 2.875579412059298, 'noise_gpe_sigma': 101.73186893855684, 'noise_gpi_sigma': 143.68826822622145, 'g_stn_gpe_mult': 3.7796013279521, 'g_gpe_stn_mult': 1.4627391737743392, 'g_stn_gpi_mult': 2.5408861869014903, 'g_gpe_gpi_mult': 1.8192439575185744}. Best is trial 399 with value: 0.14217187720225757.
[I 2026-05-28 01:12:06,565] Trial 407 finished with value: 0.16653499544505496 and parameters: {'ISTN': 96.50957603143755, 'I_gpe': 0.6694351773875459, 'I_gpi': 2.078866123069868, 'noise_stn_sigma': 2.781681873061956, 'noise_gpe_sigma': 101.88257315684021, 'noise_gpi_sigma': 146.36976473042355, 'g_stn_gpe_mult': 3.808930128004395, 'g_gpe_stn_mult': 1.4827625877104538, 'g_stn_gpi_mult': 2.5392902352908395, 'g_gpe_gpi_mult': 1.8311784791569665}. Best is trial 399 with value: 0.14217187720225757.
[I 2026-05-28 01:12:07,572] Trial 408 finished with value: 2.7363433985372003 and parameters: {'ISTN': 98.79688820450062, 'I_gpe': 0.7978222326182007, 'I_gpi': 2.1888006566344664, 'noise_stn_sigma': 2.892093242530455, 'noise_gpe_sigma': 102.12941439157953, 'noise_gpi_sigma': 137.74713514916215, 'g_stn_gpe_mult': 3.8706127091129217, 'g_gpe_stn_mult': 1.471587939660868, 'g_stn_gpi_mult': 2.461292205999737, 'g_gpe_gpi_mult': 1.8198535867523107}. Best is trial 399 with value: 0.14217187720225757.
[I 2026-05-28 01:12:08,580] Trial 409 finished with value: 0.9799124077989976 and parameters: {'ISTN': 97.713508522053, 'I_gpe': 0.7450646342345576, 'I_gpi': 1.946521352486465, 'noise_stn_sigma': 2.7604718090354625, 'noise_gpe_sigma': 103.48122959693292, 'noise_gpi_sigma': 144.8028312075916, 'g_stn_gpe_mult': 4.078307485126988, 'g_gpe_stn_mult': 1.512395002684657, 'g_stn_gpi_mult': 2.600423427834013, 'g_gpe_gpi_mult': 1.819135785212597}. Best is trial 399 with value: 0.14217187720225757.
[I 2026-05-28 01:12:09,587] Trial 410 finished with value: 0.16258567943526278 and parameters: {'ISTN': 98.78266105931186, 'I_gpe': 0.7875325592155697, 'I_gpi': 2.232709523436342, 'noise_stn_sigma': 2.879724014101427, 'noise_gpe_sigma': 101.10649192476362, 'noise_gpi_sigma': 138.58293131433797, 'g_stn_gpe_mult': 3.7088873885758087, 'g_gpe_stn_mult': 1.472570926929434, 'g_stn_gpi_mult': 2.7531094569824996, 'g_gpe_gpi_mult': 1.7555103016085363}. Best is trial 399 with value: 0.14217187720225757.
[I 2026-05-28 01:12:10,596] Trial 411 finished with value: 0.18851443316148014 and parameters: {'ISTN': 98.58342904919039, 'I_gpe': 0.743083521802488, 'I_gpi': 2.0766209043346855, 'noise_stn_sigma': 2.864449670010866, 'noise_gpe_sigma': 100.53699670567629, 'noise_gpi_sigma': 137.67935797255893, 'g_stn_gpe_mult': 3.9809808735357333, 'g_gpe_stn_mult': 1.447982079964724, 'g_stn_gpi_mult': 2.718134800171898, 'g_gpe_gpi_mult': 1.8372215851796552}. Best is trial 399 with value: 0.14217187720225757.
[I 2026-05-28 01:12:11,603] Trial 412 finished with value: 0.5135547372592412 and parameters: {'ISTN': 98.41585755533823, 'I_gpe': 0.7971990194534029, 'I_gpi': 2.3014336176305283, 'noise_stn_sigma': 3.0107008527522137, 'noise_gpe_sigma': 104.80397539448421, 'noise_gpi_sigma': 145.70730883624736, 'g_stn_gpe_mult': 3.8732546367387095, 'g_gpe_stn_mult': 1.4704326822859803, 'g_stn_gpi_mult': 2.598999025649404, 'g_gpe_gpi_mult': 1.840100199556377}. Best is trial 399 with value: 0.14217187720225757.
[I 2026-05-28 01:12:12,610] Trial 413 finished with value: 0.15805651723359115 and parameters: {'ISTN': 98.24938922660523, 'I_gpe': 0.7201351169380954, 'I_gpi': 2.1971242054946574, 'noise_stn_sigma': 2.794403896130675, 'noise_gpe_sigma': 103.8041760555738, 'noise_gpi_sigma': 146.29962020744503, 'g_stn_gpe_mult': 3.9329935080258234, 'g_gpe_stn_mult': 1.4761412748055251, 'g_stn_gpi_mult': 2.685467585387558, 'g_gpe_gpi_mult': 1.8242316367841727}. Best is trial 399 with value: 0.14217187720225757.
[I 2026-05-28 01:12:13,619] Trial 414 finished with value: 0.1968768585693699 and parameters: {'ISTN': 97.58696173862356, 'I_gpe': 0.6400159899678184, 'I_gpi': 2.108397027291669, 'noise_stn_sigma': 2.5531439597622416, 'noise_gpe_sigma': 99.45911398365628, 'noise_gpi_sigma': 138.5078101034864, 'g_stn_gpe_mult': 3.8393556385663175, 'g_gpe_stn_mult': 1.4919920208466826, 'g_stn_gpi_mult': 2.517111993550205, 'g_gpe_gpi_mult': 1.77494802483979}. Best is trial 399 with value: 0.14217187720225757.
[I 2026-05-28 01:12:14,627] Trial 415 finished with value: 0.13570236539494207 and parameters: {'ISTN': 99.20448572553306, 'I_gpe': 0.8340334312264535, 'I_gpi': 2.214388947992823, 'noise_stn_sigma': 3.0788510953516837, 'noise_gpe_sigma': 96.01513133818617, 'noise_gpi_sigma': 140.4667014498846, 'g_stn_gpe_mult': 3.8886555017384525, 'g_gpe_stn_mult': 1.4407467224256088, 'g_stn_gpi_mult': 2.491563855076861, 'g_gpe_gpi_mult': 1.778977601216884}. Best is trial 415 with value: 0.13570236539494207.
[I 2026-05-28 01:12:15,633] Trial 416 finished with value: 0.8422177439411433 and parameters: {'ISTN': 101.23983535613431, 'I_gpe': 0.8048098670118592, 'I_gpi': 2.1848924677705392, 'noise_stn_sigma': 2.7444138124376076, 'noise_gpe_sigma': 103.39032013554423, 'noise_gpi_sigma': 138.83585923538504, 'g_stn_gpe_mult': 4.056608185267323, 'g_gpe_stn_mult': 1.4814314903494727, 'g_stn_gpi_mult': 2.726306486433589, 'g_gpe_gpi_mult': 1.7532362875205172}. Best is trial 415 with value: 0.13570236539494207.
[I 2026-05-28 01:12:16,639] Trial 417 finished with value: 1.7221802759996943 and parameters: {'ISTN': 98.7292358206538, 'I_gpe': 0.8299138702567442, 'I_gpi': 2.355809469836573, 'noise_stn_sigma': 2.9702906709170502, 'noise_gpe_sigma': 96.83857168975496, 'noise_gpi_sigma': 141.6472614292718, 'g_stn_gpe_mult': 3.7495696316787535, 'g_gpe_stn_mult': 1.425835426172126, 'g_stn_gpi_mult': 2.5780751567729343, 'g_gpe_gpi_mult': 1.8050973797302499}. Best is trial 415 with value: 0.13570236539494207.
[I 2026-05-28 01:12:17,648] Trial 418 finished with value: 0.2787978414870415 and parameters: {'ISTN': 101.64484240480942, 'I_gpe': 0.6860641037650608, 'I_gpi': 2.1766784733516715, 'noise_stn_sigma': 2.506978535978803, 'noise_gpe_sigma': 103.52794605320014, 'noise_gpi_sigma': 142.62354714219475, 'g_stn_gpe_mult': 3.844367360451593, 'g_gpe_stn_mult': 1.486331614659424, 'g_stn_gpi_mult': 2.610993489090368, 'g_gpe_gpi_mult': 1.7837836157610676}. Best is trial 415 with value: 0.13570236539494207.
[I 2026-05-28 01:12:18,655] Trial 419 finished with value: 1.282002297470702 and parameters: {'ISTN': 101.70112938513782, 'I_gpe': 0.7468589904162845, 'I_gpi': 2.402938157793549, 'noise_stn_sigma': 2.715352648919175, 'noise_gpe_sigma': 105.91515803357152, 'noise_gpi_sigma': 142.44610914518665, 'g_stn_gpe_mult': 3.846444281329563, 'g_gpe_stn_mult': 1.517439196669368, 'g_stn_gpi_mult': 2.6862265787853628, 'g_gpe_gpi_mult': 1.7646818368385147}. Best is trial 415 with value: 0.13570236539494207.
[I 2026-05-28 01:12:19,660] Trial 420 finished with value: 0.25927404799760567 and parameters: {'ISTN': 96.46205631894344, 'I_gpe': 0.82534257734965, 'I_gpi': 2.2611689890779445, 'noise_stn_sigma': 2.8674663331148538, 'noise_gpe_sigma': 97.85676482480525, 'noise_gpi_sigma': 140.66602897274063, 'g_stn_gpe_mult': 3.9224472500544043, 'g_gpe_stn_mult': 1.461579410096435, 'g_stn_gpi_mult': 2.6003316316471894, 'g_gpe_gpi_mult': 1.7540707375815947}. Best is trial 415 with value: 0.13570236539494207.
[I 2026-05-28 01:12:20,674] Trial 421 finished with value: 7.339502016861661 and parameters: {'ISTN': 103.39347018229725, 'I_gpe': 0.8726876854266898, 'I_gpi': 2.159529151164768, 'noise_stn_sigma': 2.6680890073088643, 'noise_gpe_sigma': 97.02835201432563, 'noise_gpi_sigma': 142.82164374869785, 'g_stn_gpe_mult': 3.9664392329622222, 'g_gpe_stn_mult': 1.461899148066673, 'g_stn_gpi_mult': 2.7205330833886014, 'g_gpe_gpi_mult': 1.7957837508773087}. Best is trial 415 with value: 0.13570236539494207.
[I 2026-05-28 01:12:21,684] Trial 422 finished with value: 0.32360719782736336 and parameters: {'ISTN': 97.74192558938262, 'I_gpe': 0.8108457396135966, 'I_gpi': 2.041320145711112, 'noise_stn_sigma': 2.94145717863929, 'noise_gpe_sigma': 95.5210998585948, 'noise_gpi_sigma': 146.18530942209125, 'g_stn_gpe_mult': 3.9470112254700083, 'g_gpe_stn_mult': 1.4837997725085286, 'g_stn_gpi_mult': 2.56487157710834, 'g_gpe_gpi_mult': 1.8133046738537018}. Best is trial 415 with value: 0.13570236539494207.
[I 2026-05-28 01:12:22,696] Trial 423 finished with value: 0.1713481708533045 and parameters: {'ISTN': 96.33301348149972, 'I_gpe': 0.744278582673317, 'I_gpi': 2.2372773679814317, 'noise_stn_sigma': 3.145616798024752, 'noise_gpe_sigma': 97.4848803152221, 'noise_gpi_sigma': 143.53027861374756, 'g_stn_gpe_mult': 3.9413105415048255, 'g_gpe_stn_mult': 1.462134939493389, 'g_stn_gpi_mult': 2.502318772835583, 'g_gpe_gpi_mult': 1.803014122636334}. Best is trial 415 with value: 0.13570236539494207.
[I 2026-05-28 01:12:23,912] Trial 424 finished with value: 1.2833426059364856 and parameters: {'ISTN': 97.7441664453478, 'I_gpe': 0.7177861940121066, 'I_gpi': 2.1651539954670973, 'noise_stn_sigma': 2.874531301771763, 'noise_gpe_sigma': 97.79843317430034, 'noise_gpi_sigma': 142.27436852565035, 'g_stn_gpe_mult': 4.074464180564589, 'g_gpe_stn_mult': 1.4344273250248245, 'g_stn_gpi_mult': 2.4405721285771746, 'g_gpe_gpi_mult': 1.788539621620603}. Best is trial 415 with value: 0.13570236539494207.
[I 2026-05-28 01:12:24,921] Trial 425 finished with value: 0.28902582317223274 and parameters: {'ISTN': 100.8062011618218, 'I_gpe': 0.8656715400153739, 'I_gpi': 2.0764923373121396, 'noise_stn_sigma': 2.354517471374794, 'noise_gpe_sigma': 95.59279634699686, 'noise_gpi_sigma': 141.9535565906424, 'g_stn_gpe_mult': 3.768952070852402, 'g_gpe_stn_mult': 1.4826750257765982, 'g_stn_gpi_mult': 2.6890512679839307, 'g_gpe_gpi_mult': 1.8143743001380885}. Best is trial 415 with value: 0.13570236539494207.
[I 2026-05-28 01:12:25,928] Trial 426 finished with value: 0.22199055600044043 and parameters: {'ISTN': 95.85211309999843, 'I_gpe': 0.6156431213421695, 'I_gpi': 2.358171949185608, 'noise_stn_sigma': 2.4189577750710525, 'noise_gpe_sigma': 102.85274967982674, 'noise_gpi_sigma': 143.72667693672983, 'g_stn_gpe_mult': 3.789643131521965, 'g_gpe_stn_mult': 1.4824775652261772, 'g_stn_gpi_mult': 2.5740577502426234, 'g_gpe_gpi_mult': 1.656141519931095}. Best is trial 415 with value: 0.13570236539494207.
[I 2026-05-28 01:12:26,936] Trial 427 finished with value: 3.7408941734309953 and parameters: {'ISTN': 100.44143419488316, 'I_gpe': 0.842094666041927, 'I_gpi': 2.0044736190577828, 'noise_stn_sigma': 2.7350272919207788, 'noise_gpe_sigma': 100.18981025648687, 'noise_gpi_sigma': 140.92410185532765, 'g_stn_gpe_mult': 3.8599934995631573, 'g_gpe_stn_mult': 1.4176114941470797, 'g_stn_gpi_mult': 2.4686213657198817, 'g_gpe_gpi_mult': 1.7622198559097086}. Best is trial 415 with value: 0.13570236539494207.
[I 2026-05-28 01:12:27,946] Trial 428 finished with value: 8.358621888931756 and parameters: {'ISTN': 102.7199229938884, 'I_gpe': 0.7835502592726711, 'I_gpi': 1.7748440600370823, 'noise_stn_sigma': 2.9645313304246406, 'noise_gpe_sigma': 99.3049644909246, 'noise_gpi_sigma': 148.19587020194146, 'g_stn_gpe_mult': 3.9559602908336275, 'g_gpe_stn_mult': 1.466454153822858, 'g_stn_gpi_mult': 2.7400487429523928, 'g_gpe_gpi_mult': 1.945737116043357}. Best is trial 415 with value: 0.13570236539494207.
[I 2026-05-28 01:12:28,955] Trial 429 finished with value: 0.9250552658516102 and parameters: {'ISTN': 101.80739807224131, 'I_gpe': 0.8205023100859021, 'I_gpi': 2.135326455504396, 'noise_stn_sigma': 2.691621557547194, 'noise_gpe_sigma': 97.79841397464585, 'noise_gpi_sigma': 143.19773267689686, 'g_stn_gpe_mult': 4.024457731106784, 'g_gpe_stn_mult': 1.4970686854334962, 'g_stn_gpi_mult': 2.768589577411386, 'g_gpe_gpi_mult': 1.832001361868096}. Best is trial 415 with value: 0.13570236539494207.
[I 2026-05-28 01:12:29,966] Trial 430 finished with value: 0.19439601683109048 and parameters: {'ISTN': 97.95816467093763, 'I_gpe': 0.7426659832752567, 'I_gpi': 2.254826276767365, 'noise_stn_sigma': 2.8446496602751155, 'noise_gpe_sigma': 97.35464056729339, 'noise_gpi_sigma': 142.9770300176305, 'g_stn_gpe_mult': 3.8847207881978196, 'g_gpe_stn_mult': 1.4423577855077998, 'g_stn_gpi_mult': 2.4931412089144835, 'g_gpe_gpi_mult': 1.8028417513717454}. Best is trial 415 with value: 0.13570236539494207.
[I 2026-05-28 01:12:30,977] Trial 431 finished with value: 0.49142944407318906 and parameters: {'ISTN': 101.0130897656571, 'I_gpe': 0.8153325958236767, 'I_gpi': 2.496365353963834, 'noise_stn_sigma': 3.1505650308847977, 'noise_gpe_sigma': 96.41698244575367, 'noise_gpi_sigma': 139.72754837736244, 'g_stn_gpe_mult': 3.7751779787379576, 'g_gpe_stn_mult': 1.4941659333420096, 'g_stn_gpi_mult': 2.5969539448486074, 'g_gpe_gpi_mult': 1.8127370144095358}. Best is trial 415 with value: 0.13570236539494207.
[I 2026-05-28 01:12:31,985] Trial 432 finished with value: 0.1947340960003487 and parameters: {'ISTN': 97.53153117025633, 'I_gpe': 0.7890210524358181, 'I_gpi': 2.1065216388110093, 'noise_stn_sigma': 2.883155392402592, 'noise_gpe_sigma': 98.86247381800794, 'noise_gpi_sigma': 142.70501386762425, 'g_stn_gpe_mult': 3.9680840274983242, 'g_gpe_stn_mult': 1.4628812558498034, 'g_stn_gpi_mult': 2.4769708859540818, 'g_gpe_gpi_mult': 1.7116840428240008}. Best is trial 415 with value: 0.13570236539494207.
[I 2026-05-28 01:12:32,992] Trial 433 finished with value: 0.5708533318911083 and parameters: {'ISTN': 96.4250587489054, 'I_gpe': 0.7891015834907211, 'I_gpi': 2.020254729149144, 'noise_stn_sigma': 3.117987400460751, 'noise_gpe_sigma': 93.47915340328393, 'noise_gpi_sigma': 145.0392455719967, 'g_stn_gpe_mult': 3.836147074126128, 'g_gpe_stn_mult': 1.419860614293729, 'g_stn_gpi_mult': 2.442484592356365, 'g_gpe_gpi_mult': 1.7457180910830399}. Best is trial 415 with value: 0.13570236539494207.
[I 2026-05-28 01:12:34,001] Trial 434 finished with value: 0.21419097210591845 and parameters: {'ISTN': 93.91375078891016, 'I_gpe': 0.7510285195982516, 'I_gpi': 2.177564056092486, 'noise_stn_sigma': 2.847619639772107, 'noise_gpe_sigma': 97.88659542225116, 'noise_gpi_sigma': 144.9092767683686, 'g_stn_gpe_mult': 3.7227399545902484, 'g_gpe_stn_mult': 1.4556736086768691, 'g_stn_gpi_mult': 2.425539036064391, 'g_gpe_gpi_mult': 1.7467972086193535}. Best is trial 415 with value: 0.13570236539494207.
[I 2026-05-28 01:12:35,010] Trial 435 finished with value: 0.18036180671865162 and parameters: {'ISTN': 98.5562126508474, 'I_gpe': 0.7706916152131267, 'I_gpi': 2.1573902261780784, 'noise_stn_sigma': 3.0765504617490755, 'noise_gpe_sigma': 97.77329161879679, 'noise_gpi_sigma': 141.19554789389773, 'g_stn_gpe_mult': 4.138278536909393, 'g_gpe_stn_mult': 1.4738196549950304, 'g_stn_gpi_mult': 2.6240165035436713, 'g_gpe_gpi_mult': 1.759211831364006}. Best is trial 415 with value: 0.13570236539494207.
[I 2026-05-28 01:12:36,018] Trial 436 finished with value: 0.21165426906910917 and parameters: {'ISTN': 99.56850112105752, 'I_gpe': 0.6333994057555851, 'I_gpi': 2.3324134066386404, 'noise_stn_sigma': 2.5654925994082096, 'noise_gpe_sigma': 101.21885557104387, 'noise_gpi_sigma': 143.3923331943359, 'g_stn_gpe_mult': 3.9108664718737236, 'g_gpe_stn_mult': 1.5079180197662612, 'g_stn_gpi_mult': 2.5693234085693804, 'g_gpe_gpi_mult': 1.7345774778768916}. Best is trial 415 with value: 0.13570236539494207.
[I 2026-05-28 01:12:37,025] Trial 437 finished with value: 0.9460446595112499 and parameters: {'ISTN': 96.84114232396867, 'I_gpe': 0.6714974350489997, 'I_gpi': 2.2708644309323214, 'noise_stn_sigma': 2.7418736164847086, 'noise_gpe_sigma': 98.59959020229391, 'noise_gpi_sigma': 147.65050618902842, 'g_stn_gpe_mult': 3.939380191696479, 'g_gpe_stn_mult': 1.4896297579554778, 'g_stn_gpi_mult': 2.4674733725679685, 'g_gpe_gpi_mult': 1.7470051304014977}. Best is trial 415 with value: 0.13570236539494207.
[I 2026-05-28 01:12:38,035] Trial 438 finished with value: 0.2304621630442556 and parameters: {'ISTN': 96.62738296030153, 'I_gpe': 0.8036008007111173, 'I_gpi': 2.3824605140132684, 'noise_stn_sigma': 3.1134847980742757, 'noise_gpe_sigma': 96.92750580837456, 'noise_gpi_sigma': 145.45882753111468, 'g_stn_gpe_mult': 3.909788995277477, 'g_gpe_stn_mult': 1.4426419462617368, 'g_stn_gpi_mult': 2.5915690912075595, 'g_gpe_gpi_mult': 1.810425789481355}. Best is trial 415 with value: 0.13570236539494207.
[I 2026-05-28 01:12:39,041] Trial 439 finished with value: 0.17112367498747105 and parameters: {'ISTN': 97.62052316642173, 'I_gpe': 0.8045940078293259, 'I_gpi': 2.1593478933672676, 'noise_stn_sigma': 3.0284988371339034, 'noise_gpe_sigma': 100.7732375027354, 'noise_gpi_sigma': 148.14505304511803, 'g_stn_gpe_mult': 3.828361639279787, 'g_gpe_stn_mult': 1.444543425129389, 'g_stn_gpi_mult': 2.5036693995746964, 'g_gpe_gpi_mult': 1.7848756007200632}. Best is trial 415 with value: 0.13570236539494207.
