[I 2026-05-28 00:59:22,322] Trial 660 finished with value: 1.0197601564273044 and parameters: {'ISTN': 76.67825590400622, 'I_gpe': 0.9789119372887366, 'I_gpi': 2.1875192121572287, 'noise_stn_sigma': 6.351378000656545, 'noise_gpe_sigma': 84.92206539800785, 'noise_gpi_sigma': 72.1079035398709, 'g_stn_gpe_mult': 1.6860005247340757, 'g_gpe_stn_mult': 0.19328599264102858, 'g_stn_gpi_mult': 2.6251704143693138, 'g_gpe_gpi_mult': 0.8969123399437546}. Best is trial 119 with value: 0.2337670588460598.
[I 2026-05-28 00:59:23,335] Trial 661 finished with value: 0.9416518485950791 and parameters: {'ISTN': 74.57747433334168, 'I_gpe': 0.9741987829431286, 'I_gpi': 2.2120925923728185, 'noise_stn_sigma': 6.347893788764592, 'noise_gpe_sigma': 79.05930634370006, 'noise_gpi_sigma': 76.13069414652969, 'g_stn_gpe_mult': 1.7605961899054612, 'g_gpe_stn_mult': 0.21946266169966544, 'g_stn_gpi_mult': 2.6805617201839187, 'g_gpe_gpi_mult': 0.8601854593013984}. Best is trial 119 with value: 0.2337670588460598.
[I 2026-05-28 00:59:24,345] Trial 662 finished with value: 5.535220478243799 and parameters: {'ISTN': 78.48023768623669, 'I_gpe': 0.8636101870715653, 'I_gpi': 2.1361969148247724, 'noise_stn_sigma': 6.422181147776816, 'noise_gpe_sigma': 86.39142003172559, 'noise_gpi_sigma': 70.66250057412407, 'g_stn_gpe_mult': 1.6928296598978771, 'g_gpe_stn_mult': 0.22291897220885448, 'g_stn_gpi_mult': 2.5418766947123888, 'g_gpe_gpi_mult': 0.9085639799036478}. Best is trial 119 with value: 0.2337670588460598.
[I 2026-05-28 00:59:25,356] Trial 663 finished with value: 5.80461087408413 and parameters: {'ISTN': 75.19751751354872, 'I_gpe': 0.9854277165735625, 'I_gpi': 2.0664983328580995, 'noise_stn_sigma': 6.560216581042927, 'noise_gpe_sigma': 84.2729985753659, 'noise_gpi_sigma': 67.97235218573829, 'g_stn_gpe_mult': 1.6207531583807548, 'g_gpe_stn_mult': 0.180741523546115, 'g_stn_gpi_mult': 2.5556205418086684, 'g_gpe_gpi_mult': 0.9623844756417141}. Best is trial 119 with value: 0.2337670588460598.
[I 2026-05-28 00:59:26,366] Trial 664 finished with value: 6.385144445563472 and parameters: {'ISTN': 73.78586848248696, 'I_gpe': 0.9447947350357566, 'I_gpi': 2.2831365352789454, 'noise_stn_sigma': 6.211557077704647, 'noise_gpe_sigma': 84.3861941653843, 'noise_gpi_sigma': 72.21521249017374, 'g_stn_gpe_mult': 1.6402673065892115, 'g_gpe_stn_mult': 0.20724636127810298, 'g_stn_gpi_mult': 2.610988149496322, 'g_gpe_gpi_mult': 0.8850379567185405}. Best is trial 119 with value: 0.2337670588460598.
[I 2026-05-28 00:59:27,376] Trial 665 finished with value: 4.396022914884588 and parameters: {'ISTN': 74.38560741422053, 'I_gpe': 0.9076128099584004, 'I_gpi': 2.074223348299914, 'noise_stn_sigma': 6.534620935483071, 'noise_gpe_sigma': 82.17149861224368, 'noise_gpi_sigma': 73.27846403586919, 'g_stn_gpe_mult': 1.7063712546095513, 'g_gpe_stn_mult': 0.17121998338033445, 'g_stn_gpi_mult': 2.5752827121032658, 'g_gpe_gpi_mult': 0.9192740966707607}. Best is trial 119 with value: 0.2337670588460598.
[I 2026-05-28 00:59:28,385] Trial 666 finished with value: 2.271064099414838 and parameters: {'ISTN': 78.40772827700934, 'I_gpe': 0.8930543325408906, 'I_gpi': 2.300122065828798, 'noise_stn_sigma': 6.664117916637213, 'noise_gpe_sigma': 79.13109627098, 'noise_gpi_sigma': 78.23473445157002, 'g_stn_gpe_mult': 1.5875311944253394, 'g_gpe_stn_mult': 0.20961837535303968, 'g_stn_gpi_mult': 2.6331499950654997, 'g_gpe_gpi_mult': 0.878301732416511}. Best is trial 119 with value: 0.2337670588460598.
[I 2026-05-28 00:59:29,393] Trial 667 finished with value: 5.276329941935909 and parameters: {'ISTN': 78.27228363117014, 'I_gpe': 1.0447971431787522, 'I_gpi': 1.9473246976377652, 'noise_stn_sigma': 6.599454165347748, 'noise_gpe_sigma': 83.03042876336872, 'noise_gpi_sigma': 75.62846393271559, 'g_stn_gpe_mult': 1.687113405281573, 'g_gpe_stn_mult': 0.19271705152108437, 'g_stn_gpi_mult': 2.6261285383206148, 'g_gpe_gpi_mult': 0.9042539470807065}. Best is trial 119 with value: 0.2337670588460598.
[I 2026-05-28 00:59:30,401] Trial 668 finished with value: 11.787055454860722 and parameters: {'ISTN': 75.58839777713585, 'I_gpe': 1.0411549905485467, 'I_gpi': 2.0126298499041275, 'noise_stn_sigma': 6.206710567527077, 'noise_gpe_sigma': 82.72666476690989, 'noise_gpi_sigma': 73.61356157094363, 'g_stn_gpe_mult': 1.730936153913134, 'g_gpe_stn_mult': 0.1714628300314738, 'g_stn_gpi_mult': 2.672918381734643, 'g_gpe_gpi_mult': 0.9236905717606074}. Best is trial 119 with value: 0.2337670588460598.
[I 2026-05-28 00:59:31,410] Trial 669 finished with value: 2.4196999778667014 and parameters: {'ISTN': 75.34870615885039, 'I_gpe': 0.9432298224450445, 'I_gpi': 2.275208097528254, 'noise_stn_sigma': 6.303214820278563, 'noise_gpe_sigma': 79.61990924822496, 'noise_gpi_sigma': 74.02299395238404, 'g_stn_gpe_mult': 1.5419082627870084, 'g_gpe_stn_mult': 0.2472127686832115, 'g_stn_gpi_mult': 2.6358704212386344, 'g_gpe_gpi_mult': 0.8588055218155148}. Best is trial 119 with value: 0.2337670588460598.
[I 2026-05-28 00:59:32,422] Trial 670 finished with value: 5.493460603721493 and parameters: {'ISTN': 73.95111133932906, 'I_gpe': 0.9490863591688776, 'I_gpi': 2.3869838471247977, 'noise_stn_sigma': 6.210267393472763, 'noise_gpe_sigma': 85.12629456311821, 'noise_gpi_sigma': 78.27197295283281, 'g_stn_gpe_mult': 1.6776124918265531, 'g_gpe_stn_mult': 0.20132761550995032, 'g_stn_gpi_mult': 2.520094331976547, 'g_gpe_gpi_mult': 0.8738791441329954}. Best is trial 119 with value: 0.2337670588460598.
[I 2026-05-28 00:59:33,431] Trial 671 finished with value: 7.576408313804432 and parameters: {'ISTN': 77.28624538371585, 'I_gpe': 0.9699799939802904, 'I_gpi': 2.375618897942065, 'noise_stn_sigma': 6.732363996926884, 'noise_gpe_sigma': 74.18389170995398, 'noise_gpi_sigma': 72.49936598909854, 'g_stn_gpe_mult': 1.5955981704218547, 'g_gpe_stn_mult': 0.24987577061096755, 'g_stn_gpi_mult': 2.8075891313618815, 'g_gpe_gpi_mult': 0.8474937934788422}. Best is trial 119 with value: 0.2337670588460598.
[I 2026-05-28 00:59:34,441] Trial 672 finished with value: 3.84859722786723 and parameters: {'ISTN': 74.20669949064624, 'I_gpe': 1.0006297438732634, 'I_gpi': 2.210995542811513, 'noise_stn_sigma': 6.462939224962957, 'noise_gpe_sigma': 76.78342204788414, 'noise_gpi_sigma': 77.14949819673117, 'g_stn_gpe_mult': 1.732437913790665, 'g_gpe_stn_mult': 0.20811283318060314, 'g_stn_gpi_mult': 2.6242585062776786, 'g_gpe_gpi_mult': 0.8405466810613198}. Best is trial 119 with value: 0.2337670588460598.
[I 2026-05-28 00:59:35,451] Trial 673 finished with value: 6.086879163238943 and parameters: {'ISTN': 76.76293528593948, 'I_gpe': 0.9137483150809786, 'I_gpi': 2.3456561199875026, 'noise_stn_sigma': 6.720415701589227, 'noise_gpe_sigma': 64.75351906780674, 'noise_gpi_sigma': 77.81367600873045, 'g_stn_gpe_mult': 1.6730211039314118, 'g_gpe_stn_mult': 0.2038565249333666, 'g_stn_gpi_mult': 2.727201281708249, 'g_gpe_gpi_mult': 0.8749318475173602}. Best is trial 119 with value: 0.2337670588460598.
[I 2026-05-28 00:59:36,464] Trial 674 finished with value: 5.1868196145875824 and parameters: {'ISTN': 77.15571060485746, 'I_gpe': 0.9162821708164826, 'I_gpi': 2.205486134044841, 'noise_stn_sigma': 6.59810557120306, 'noise_gpe_sigma': 77.61643064061293, 'noise_gpi_sigma': 71.78021588562207, 'g_stn_gpe_mult': 1.6364395225693842, 'g_gpe_stn_mult': 0.22595348734250292, 'g_stn_gpi_mult': 2.5335396349595567, 'g_gpe_gpi_mult': 0.8388418243643936}. Best is trial 119 with value: 0.2337670588460598.
[I 2026-05-28 00:59:37,475] Trial 675 finished with value: 2.8325249019473038 and parameters: {'ISTN': 77.1883422765707, 'I_gpe': 0.9046558526450452, 'I_gpi': 2.310265160156626, 'noise_stn_sigma': 6.431193560535031, 'noise_gpe_sigma': 77.32594284670941, 'noise_gpi_sigma': 73.260317083983, 'g_stn_gpe_mult': 1.7762225948829315, 'g_gpe_stn_mult': 0.20834224527045195, 'g_stn_gpi_mult': 2.5820735198910985, 'g_gpe_gpi_mult': 0.9194751944924371}. Best is trial 119 with value: 0.2337670588460598.
[I 2026-05-28 00:59:38,486] Trial 676 finished with value: 6.325471224567375 and parameters: {'ISTN': 83.10959199058851, 'I_gpe': 0.9866122945581908, 'I_gpi': 2.2923367433573776, 'noise_stn_sigma': 6.820577900842423, 'noise_gpe_sigma': 76.09265510187066, 'noise_gpi_sigma': 76.05052985248942, 'g_stn_gpe_mult': 1.5874136439038853, 'g_gpe_stn_mult': 0.21224320504105096, 'g_stn_gpi_mult': 2.613546833614829, 'g_gpe_gpi_mult': 0.8706543773287756}. Best is trial 119 with value: 0.2337670588460598.
[I 2026-05-28 00:59:39,498] Trial 677 finished with value: 6.2749443606403625 and parameters: {'ISTN': 77.40412411860362, 'I_gpe': 0.9143824722758971, 'I_gpi': 2.3450319141303506, 'noise_stn_sigma': 6.369065413096474, 'noise_gpe_sigma': 80.82936673377678, 'noise_gpi_sigma': 81.38110974705396, 'g_stn_gpe_mult': 1.5517599651860534, 'g_gpe_stn_mult': 0.24108699424427107, 'g_stn_gpi_mult': 2.4609835254045427, 'g_gpe_gpi_mult': 0.787130713595156}. Best is trial 119 with value: 0.2337670588460598.
[I 2026-05-28 00:59:40,509] Trial 678 finished with value: 5.595490082604415 and parameters: {'ISTN': 79.28669577529695, 'I_gpe': 1.009572938665448, 'I_gpi': 2.371624501042427, 'noise_stn_sigma': 6.3839281871445746, 'noise_gpe_sigma': 73.09144066907729, 'noise_gpi_sigma': 73.94611051978833, 'g_stn_gpe_mult': 1.5414547404109897, 'g_gpe_stn_mult': 0.22299940545773228, 'g_stn_gpi_mult': 2.5834562209787437, 'g_gpe_gpi_mult': 0.9096014933949756}. Best is trial 119 with value: 0.2337670588460598.
[I 2026-05-28 00:59:41,520] Trial 679 finished with value: 1.0467014957719587 and parameters: {'ISTN': 73.75453174278832, 'I_gpe': 1.0009317595023521, 'I_gpi': 2.4933909624566457, 'noise_stn_sigma': 6.51664346073444, 'noise_gpe_sigma': 78.51998210581047, 'noise_gpi_sigma': 79.16086640358813, 'g_stn_gpe_mult': 1.5709149951846777, 'g_gpe_stn_mult': 0.23293841037946753, 'g_stn_gpi_mult': 2.676036021069224, 'g_gpe_gpi_mult': 0.8521680272066805}. Best is trial 119 with value: 0.2337670588460598.
[I 2026-05-28 00:59:42,531] Trial 680 finished with value: 2.249047301400255 and parameters: {'ISTN': 75.40044350522764, 'I_gpe': 0.8519918060703675, 'I_gpi': 2.4192294701964148, 'noise_stn_sigma': 6.361585608898601, 'noise_gpe_sigma': 75.02303257346088, 'noise_gpi_sigma': 75.79491051805854, 'g_stn_gpe_mult': 1.6246586353520651, 'g_gpe_stn_mult': 0.23952752951118617, 'g_stn_gpi_mult': 2.649820517631758, 'g_gpe_gpi_mult': 0.8258218825013979}. Best is trial 119 with value: 0.2337670588460598.
[I 2026-05-28 00:59:43,544] Trial 681 finished with value: 6.450184589927437 and parameters: {'ISTN': 73.74863073372155, 'I_gpe': 1.0663372329618932, 'I_gpi': 2.371309649515221, 'noise_stn_sigma': 6.508280845612435, 'noise_gpe_sigma': 82.74023865830503, 'noise_gpi_sigma': 75.20330528861115, 'g_stn_gpe_mult': 1.5229385827489454, 'g_gpe_stn_mult': 0.22786883671142727, 'g_stn_gpi_mult': 2.6320907733774344, 'g_gpe_gpi_mult': 0.8319579803645525}. Best is trial 119 with value: 0.2337670588460598.
[I 2026-05-28 00:59:44,552] Trial 682 finished with value: 8.043615303319172 and parameters: {'ISTN': 70.60522584006368, 'I_gpe': 1.0189430306248737, 'I_gpi': 2.360060192573398, 'noise_stn_sigma': 6.630597280141311, 'noise_gpe_sigma': 76.34217851167548, 'noise_gpi_sigma': 76.97813120825714, 'g_stn_gpe_mult': 1.7727415709781649, 'g_gpe_stn_mult': 0.2285048680213276, 'g_stn_gpi_mult': 2.7230660390799057, 'g_gpe_gpi_mult': 0.8275018777472216}. Best is trial 119 with value: 0.2337670588460598.
[I 2026-05-28 00:59:45,561] Trial 683 finished with value: 7.303627889769585 and parameters: {'ISTN': 72.92495840555306, 'I_gpe': 0.9733624795691213, 'I_gpi': 2.423501448637431, 'noise_stn_sigma': 6.062480351923878, 'noise_gpe_sigma': 84.02787966738968, 'noise_gpi_sigma': 69.1072015766619, 'g_stn_gpe_mult': 1.7313502929839968, 'g_gpe_stn_mult': 0.212153040372366, 'g_stn_gpi_mult': 2.6444572932560657, 'g_gpe_gpi_mult': 0.9038322638394476}. Best is trial 119 with value: 0.2337670588460598.
[I 2026-05-28 00:59:46,571] Trial 684 finished with value: 4.627385901172766 and parameters: {'ISTN': 77.85764718018916, 'I_gpe': 0.9280468911611734, 'I_gpi': 2.3239243863617567, 'noise_stn_sigma': 6.43744366860832, 'noise_gpe_sigma': 75.51458620221246, 'noise_gpi_sigma': 83.58420282477132, 'g_stn_gpe_mult': 1.7293464226029611, 'g_gpe_stn_mult': 0.2081139940555611, 'g_stn_gpi_mult': 2.5568847386917692, 'g_gpe_gpi_mult': 0.8896063344833793}. Best is trial 119 with value: 0.2337670588460598.
[I 2026-05-28 00:59:47,582] Trial 685 finished with value: 1.2547029599195079 and parameters: {'ISTN': 75.11745261525135, 'I_gpe': 1.016525948903563, 'I_gpi': 2.4989355132326025, 'noise_stn_sigma': 6.686887739355959, 'noise_gpe_sigma': 77.80050515298427, 'noise_gpi_sigma': 73.48543379435884, 'g_stn_gpe_mult': 1.5314920595888304, 'g_gpe_stn_mult': 0.24622173627516225, 'g_stn_gpi_mult': 2.639247804909007, 'g_gpe_gpi_mult': 0.8152506491689484}. Best is trial 119 with value: 0.2337670588460598.
[I 2026-05-28 00:59:48,593] Trial 686 finished with value: 1.7182625113239731 and parameters: {'ISTN': 74.9620154428742, 'I_gpe': 0.9123992853958951, 'I_gpi': 2.318513149439418, 'noise_stn_sigma': 6.526445806844997, 'noise_gpe_sigma': 76.88822829279543, 'noise_gpi_sigma': 79.39042569279151, 'g_stn_gpe_mult': 1.632395207519296, 'g_gpe_stn_mult': 0.21706959083096594, 'g_stn_gpi_mult': 2.6197105427825402, 'g_gpe_gpi_mult': 0.9038150327283412}. Best is trial 119 with value: 0.2337670588460598.
[I 2026-05-28 00:59:49,601] Trial 687 finished with value: 2.7228525846489697 and parameters: {'ISTN': 71.4577348873495, 'I_gpe': 0.8861298337171647, 'I_gpi': 2.198078810186314, 'noise_stn_sigma': 6.43116394388401, 'noise_gpe_sigma': 76.6194571665115, 'noise_gpi_sigma': 73.83959118910808, 'g_stn_gpe_mult': 1.7445962466529812, 'g_gpe_stn_mult': 0.2179838830589656, 'g_stn_gpi_mult': 2.6632932834999488, 'g_gpe_gpi_mult': 0.9602001191335705}. Best is trial 119 with value: 0.2337670588460598.
[I 2026-05-28 00:59:50,611] Trial 688 finished with value: 1.046405150024355 and parameters: {'ISTN': 74.30007752964556, 'I_gpe': 0.8621719869978283, 'I_gpi': 2.4757017226792666, 'noise_stn_sigma': 6.169574880453638, 'noise_gpe_sigma': 80.79604703468127, 'noise_gpi_sigma': 76.62967724613537, 'g_stn_gpe_mult': 1.6879080576920626, 'g_gpe_stn_mult': 0.2340515244461998, 'g_stn_gpi_mult': 2.5389823783011534, 'g_gpe_gpi_mult': 0.9220769123869108}. Best is trial 119 with value: 0.2337670588460598.
[I 2026-05-28 00:59:51,622] Trial 689 finished with value: 1.2088311387391217 and parameters: {'ISTN': 78.98853591180453, 'I_gpe': 0.97490055965642, 'I_gpi': 2.1367153175781484, 'noise_stn_sigma': 6.357975394858046, 'noise_gpe_sigma': 85.26968723320455, 'noise_gpi_sigma': 79.97118262479461, 'g_stn_gpe_mult': 1.56441141162641, 'g_gpe_stn_mult': 0.18708927723608398, 'g_stn_gpi_mult': 2.573763931933783, 'g_gpe_gpi_mult': 0.8316969034231418}. Best is trial 119 with value: 0.2337670588460598.
[I 2026-05-28 00:59:52,572] Trial 690 finished with value: 1000000.0 and parameters: {'ISTN': 75.39838824290347, 'I_gpe': 1.0176965017557562, 'I_gpi': 2.2569808023669324, 'noise_stn_sigma': 6.629096605675601, 'noise_gpe_sigma': 77.26867354159592, 'noise_gpi_sigma': 84.60339989765097, 'g_stn_gpe_mult': 1.768652695819763, 'g_gpe_stn_mult': 0.19268816822176332, 'g_stn_gpi_mult': 2.7429117154475, 'g_gpe_gpi_mult': 0.8563451406443994}. Best is trial 119 with value: 0.2337670588460598.
[I 2026-05-28 00:59:53,585] Trial 691 finished with value: 2.3930363218191504 and parameters: {'ISTN': 75.6468285600553, 'I_gpe': 0.8314788286399668, 'I_gpi': 2.527153161990049, 'noise_stn_sigma': 6.151055068956994, 'noise_gpe_sigma': 76.87583677394409, 'noise_gpi_sigma': 81.00433677285123, 'g_stn_gpe_mult': 1.7498271498309208, 'g_gpe_stn_mult': 0.2006678243829708, 'g_stn_gpi_mult': 2.5881213944909858, 'g_gpe_gpi_mult': 0.8895097644677841}. Best is trial 119 with value: 0.2337670588460598.
[I 2026-05-28 00:59:54,594] Trial 692 finished with value: 1.8359127618232551 and parameters: {'ISTN': 74.83433948743964, 'I_gpe': 0.9560724345329095, 'I_gpi': 2.772181680800146, 'noise_stn_sigma': 6.485984821196519, 'noise_gpe_sigma': 77.67556522402045, 'noise_gpi_sigma': 82.42094520358764, 'g_stn_gpe_mult': 1.5552580359176307, 'g_gpe_stn_mult': 0.2280001968364387, 'g_stn_gpi_mult': 2.676514548081503, 'g_gpe_gpi_mult': 0.8597055514224252}. Best is trial 119 with value: 0.2337670588460598.
[I 2026-05-28 00:59:55,604] Trial 693 finished with value: 1.1664974223979572 and parameters: {'ISTN': 74.54040581222152, 'I_gpe': 1.0074796696104151, 'I_gpi': 2.6058866432060475, 'noise_stn_sigma': 6.196766195588983, 'noise_gpe_sigma': 80.19631958285521, 'noise_gpi_sigma': 76.30985001234967, 'g_stn_gpe_mult': 1.5080579143607826, 'g_gpe_stn_mult': 0.24881483127042342, 'g_stn_gpi_mult': 2.6514753121771077, 'g_gpe_gpi_mult': 0.8587272978743581}. Best is trial 119 with value: 0.2337670588460598.
[I 2026-05-28 00:59:56,618] Trial 694 finished with value: 6.487582827227546 and parameters: {'ISTN': 74.45426211673303, 'I_gpe': 0.9874259880133708, 'I_gpi': 2.1204986843296254, 'noise_stn_sigma': 6.496740319209841, 'noise_gpe_sigma': 81.34557713015548, 'noise_gpi_sigma': 78.67733828626875, 'g_stn_gpe_mult': 1.6390956199361344, 'g_gpe_stn_mult': 0.18195364682402468, 'g_stn_gpi_mult': 2.631563971165633, 'g_gpe_gpi_mult': 0.9256569470188578}. Best is trial 119 with value: 0.2337670588460598.
[I 2026-05-28 00:59:57,628] Trial 695 finished with value: 5.7528699914078345 and parameters: {'ISTN': 77.64949276103134, 'I_gpe': 0.8394601920684469, 'I_gpi': 2.4745065181987638, 'noise_stn_sigma': 6.190321243937425, 'noise_gpe_sigma': 73.84768180245891, 'noise_gpi_sigma': 83.3269468152973, 'g_stn_gpe_mult': 1.5922060085008358, 'g_gpe_stn_mult': 0.23759195042867162, 'g_stn_gpi_mult': 2.434219790964911, 'g_gpe_gpi_mult': 0.891959382313148}. Best is trial 119 with value: 0.2337670588460598.
[I 2026-05-28 00:59:58,637] Trial 696 finished with value: 7.537891725813049 and parameters: {'ISTN': 79.66924816418484, 'I_gpe': 0.9308409956255439, 'I_gpi': 2.324725406469583, 'noise_stn_sigma': 6.5540487278677215, 'noise_gpe_sigma': 82.89818585226261, 'noise_gpi_sigma': 76.53159628590532, 'g_stn_gpe_mult': 1.587381069815808, 'g_gpe_stn_mult': 0.19955109547976163, 'g_stn_gpi_mult': 2.516567846021837, 'g_gpe_gpi_mult': 0.9148042453314669}. Best is trial 119 with value: 0.2337670588460598.
[I 2026-05-28 00:59:59,648] Trial 697 finished with value: 7.824874358972553 and parameters: {'ISTN': 72.90548674988158, 'I_gpe': 0.9437146904988098, 'I_gpi': 2.177171366739745, 'noise_stn_sigma': 6.214659845452746, 'noise_gpe_sigma': 88.32418209065102, 'noise_gpi_sigma': 77.95243179929496, 'g_stn_gpe_mult': 1.7512830075940982, 'g_gpe_stn_mult': 0.19913874420093378, 'g_stn_gpi_mult': 2.672096297967774, 'g_gpe_gpi_mult': 0.9120039312464527}. Best is trial 119 with value: 0.2337670588460598.
[I 2026-05-28 01:00:00,657] Trial 698 finished with value: 4.543122499002266 and parameters: {'ISTN': 76.85342101776406, 'I_gpe': 0.9500588388382329, 'I_gpi': 2.4759907833429486, 'noise_stn_sigma': 6.2280523549566595, 'noise_gpe_sigma': 76.05657070153097, 'noise_gpi_sigma': 80.53339405635802, 'g_stn_gpe_mult': 1.5075990153653116, 'g_gpe_stn_mult': 0.23063555297191984, 'g_stn_gpi_mult': 2.5687729783276247, 'g_gpe_gpi_mult': 0.9417163104211661}. Best is trial 119 with value: 0.2337670588460598.
[I 2026-05-28 01:00:01,665] Trial 699 finished with value: 2.014440272102035 and parameters: {'ISTN': 76.37311076278164, 'I_gpe': 1.0636579055691358, 'I_gpi': 2.5789822135231635, 'noise_stn_sigma': 6.062075800907871, 'noise_gpe_sigma': 80.20640484017801, 'noise_gpi_sigma': 80.20991103918013, 'g_stn_gpe_mult': 1.6357638494122286, 'g_gpe_stn_mult': 0.22485739505222607, 'g_stn_gpi_mult': 2.633738101439448, 'g_gpe_gpi_mult': 0.8249002053028032}. Best is trial 119 with value: 0.2337670588460598.
[I 2026-05-28 01:00:02,675] Trial 700 finished with value: 1.0236979436142386 and parameters: {'ISTN': 74.77241605834574, 'I_gpe': 0.892135076310369, 'I_gpi': 2.4271955499869744, 'noise_stn_sigma': 6.102457598466831, 'noise_gpe_sigma': 85.43360006150735, 'noise_gpi_sigma': 79.84922103657044, 'g_stn_gpe_mult': 1.673534521474175, 'g_gpe_stn_mult': 0.23183403771566735, 'g_stn_gpi_mult': 2.5521221590936585, 'g_gpe_gpi_mult': 0.8141969424996234}. Best is trial 119 with value: 0.2337670588460598.
[I 2026-05-28 01:00:03,685] Trial 701 finished with value: 9.029013878964827 and parameters: {'ISTN': 72.15975435732258, 'I_gpe': 0.9124226978745034, 'I_gpi': 2.487439574272102, 'noise_stn_sigma': 6.2096559457686284, 'noise_gpe_sigma': 77.89814689554146, 'noise_gpi_sigma': 84.3176034052455, 'g_stn_gpe_mult': 1.77056281407853, 'g_gpe_stn_mult': 0.23017814899888173, 'g_stn_gpi_mult': 2.758592548899456, 'g_gpe_gpi_mult': 0.7927970583901554}. Best is trial 119 with value: 0.2337670588460598.
[I 2026-05-28 01:00:04,635] Trial 702 finished with value: 1000000.0 and parameters: {'ISTN': 74.763302530866, 'I_gpe': 0.8470899893933637, 'I_gpi': 2.376237043625969, 'noise_stn_sigma': 6.329136810337327, 'noise_gpe_sigma': 82.64294958316378, 'noise_gpi_sigma': 77.83402463236195, 'g_stn_gpe_mult': 1.734409211077517, 'g_gpe_stn_mult': 0.22783121873497972, 'g_stn_gpi_mult': 2.708184460857529, 'g_gpe_gpi_mult': 0.840174101655643}. Best is trial 119 with value: 0.2337670588460598.
[I 2026-05-28 01:00:05,644] Trial 703 finished with value: 1.0538536913632974 and parameters: {'ISTN': 73.98342630179431, 'I_gpe': 1.0197067378009663, 'I_gpi': 2.4958551144716163, 'noise_stn_sigma': 6.311890644054606, 'noise_gpe_sigma': 82.76155523720061, 'noise_gpi_sigma': 80.38442491883275, 'g_stn_gpe_mult': 1.5393302311328416, 'g_gpe_stn_mult': 0.24155036403649813, 'g_stn_gpi_mult': 2.498382632834305, 'g_gpe_gpi_mult': 0.79880742153561}. Best is trial 119 with value: 0.2337670588460598.
