[I 2026-05-28 01:14:08,709] Trial 528 finished with value: 0.16592623192127035 and parameters: {'ISTN': 99.12597939115886, 'I_gpe': 0.7188888503901839, 'I_gpi': 2.0749878805644304, 'noise_stn_sigma': 3.244087366215942, 'noise_gpe_sigma': 104.4256910507234, 'noise_gpi_sigma': 137.76938569258348, 'g_stn_gpe_mult': 3.9406483201824205, 'g_gpe_stn_mult': 1.5022016295515443, 'g_stn_gpi_mult': 2.879957423217431, 'g_gpe_gpi_mult': 1.5983123316516046}. Best is trial 527 with value: 0.12811111175533738.
[I 2026-05-28 01:14:09,719] Trial 529 finished with value: 0.9222948520750195 and parameters: {'ISTN': 100.39494653698041, 'I_gpe': 0.8501126530754706, 'I_gpi': 2.2457398125624968, 'noise_stn_sigma': 3.0047673990321377, 'noise_gpe_sigma': 99.7579655505556, 'noise_gpi_sigma': 138.2644183909553, 'g_stn_gpe_mult': 3.88837928230579, 'g_gpe_stn_mult': 1.4879156149348298, 'g_stn_gpi_mult': 2.9143797695235936, 'g_gpe_gpi_mult': 1.7031241677174664}. Best is trial 527 with value: 0.12811111175533738.
[I 2026-05-28 01:14:10,728] Trial 530 finished with value: 0.16417294957386236 and parameters: {'ISTN': 100.99661478568726, 'I_gpe': 0.6857055713095148, 'I_gpi': 2.0693071685040643, 'noise_stn_sigma': 3.1976377163671468, 'noise_gpe_sigma': 104.96996324213309, 'noise_gpi_sigma': 142.12368192432442, 'g_stn_gpe_mult': 4.025226408335218, 'g_gpe_stn_mult': 1.505322492593501, 'g_stn_gpi_mult': 2.784886687435537, 'g_gpe_gpi_mult': 1.5703520508677424}. Best is trial 527 with value: 0.12811111175533738.
[I 2026-05-28 01:14:11,738] Trial 531 finished with value: 0.16721276841820168 and parameters: {'ISTN': 100.57615466343174, 'I_gpe': 0.6044975434867922, 'I_gpi': 2.1044195785388213, 'noise_stn_sigma': 3.1319802661916203, 'noise_gpe_sigma': 103.10292361765231, 'noise_gpi_sigma': 135.72929088967018, 'g_stn_gpe_mult': 3.9400423486886202, 'g_gpe_stn_mult': 1.570901396239367, 'g_stn_gpi_mult': 2.871746902800638, 'g_gpe_gpi_mult': 1.6478092544445266}. Best is trial 527 with value: 0.12811111175533738.
[I 2026-05-28 01:14:12,748] Trial 532 finished with value: 2.658448595246724 and parameters: {'ISTN': 102.93868436739723, 'I_gpe': 0.8576606262225375, 'I_gpi': 2.213965045280811, 'noise_stn_sigma': 3.0853991215737375, 'noise_gpe_sigma': 107.72944750894196, 'noise_gpi_sigma': 137.53591713994513, 'g_stn_gpe_mult': 3.953785310717715, 'g_gpe_stn_mult': 1.4879957896668674, 'g_stn_gpi_mult': 2.809125899966745, 'g_gpe_gpi_mult': 1.6754734308621893}. Best is trial 527 with value: 0.12811111175533738.
[I 2026-05-28 01:14:13,756] Trial 533 finished with value: 2.4330284545618506 and parameters: {'ISTN': 102.13270451148854, 'I_gpe': 0.7862417549729941, 'I_gpi': 2.164417310361435, 'noise_stn_sigma': 3.259990426640795, 'noise_gpe_sigma': 104.05795863620288, 'noise_gpi_sigma': 135.72685275140145, 'g_stn_gpe_mult': 4.08111309768657, 'g_gpe_stn_mult': 1.526777641148542, 'g_stn_gpi_mult': 2.779518871828952, 'g_gpe_gpi_mult': 1.5759867724539152}. Best is trial 527 with value: 0.12811111175533738.
[I 2026-05-28 01:14:14,763] Trial 534 finished with value: 3.962789349641958 and parameters: {'ISTN': 101.07460752320469, 'I_gpe': 0.8412965255253612, 'I_gpi': 2.1967669355509334, 'noise_stn_sigma': 3.4230664357906915, 'noise_gpe_sigma': 101.89423224200776, 'noise_gpi_sigma': 138.98338706181795, 'g_stn_gpe_mult': 4.021222041485771, 'g_gpe_stn_mult': 1.5080028366248885, 'g_stn_gpi_mult': 2.9591715439477313, 'g_gpe_gpi_mult': 1.5750264588974734}. Best is trial 527 with value: 0.12811111175533738.
[I 2026-05-28 01:14:15,769] Trial 535 finished with value: 0.12670056825923287 and parameters: {'ISTN': 100.90003774169146, 'I_gpe': 0.7056461262450444, 'I_gpi': 2.193159546728262, 'noise_stn_sigma': 3.504536444707215, 'noise_gpe_sigma': 105.37640953329917, 'noise_gpi_sigma': 138.98201023601274, 'g_stn_gpe_mult': 4.120949024479856, 'g_gpe_stn_mult': 1.514501266243326, 'g_stn_gpi_mult': 2.726520612135394, 'g_gpe_gpi_mult': 1.5888995446101315}. Best is trial 535 with value: 0.12670056825923287.
[I 2026-05-28 01:14:16,778] Trial 536 finished with value: 1.0647516573068643 and parameters: {'ISTN': 104.2259742720241, 'I_gpe': 0.7742723979146524, 'I_gpi': 2.1760717946673007, 'noise_stn_sigma': 3.0821788000912473, 'noise_gpe_sigma': 101.80850094882547, 'noise_gpi_sigma': 138.92294301455223, 'g_stn_gpe_mult': 4.073650824898591, 'g_gpe_stn_mult': 1.530233181029382, 'g_stn_gpi_mult': 2.9905059515759556, 'g_gpe_gpi_mult': 1.5231754156243031}. Best is trial 535 with value: 0.12670056825923287.
[I 2026-05-28 01:14:17,787] Trial 537 finished with value: 0.12703876439862133 and parameters: {'ISTN': 103.51636150506403, 'I_gpe': 0.6802916120375007, 'I_gpi': 1.946646291957736, 'noise_stn_sigma': 2.9820046804293012, 'noise_gpe_sigma': 109.82420501638268, 'noise_gpi_sigma': 135.4962759883731, 'g_stn_gpe_mult': 4.042715669380427, 'g_gpe_stn_mult': 1.5470798305494522, 'g_stn_gpi_mult': 2.9675775859933755, 'g_gpe_gpi_mult': 1.6929552695852215}. Best is trial 535 with value: 0.12670056825923287.
[I 2026-05-28 01:14:18,793] Trial 538 finished with value: 0.14741062155066267 and parameters: {'ISTN': 102.46638243691146, 'I_gpe': 0.6990631584048264, 'I_gpi': 2.2105549441914114, 'noise_stn_sigma': 3.228835358259219, 'noise_gpe_sigma': 108.09861573577123, 'noise_gpi_sigma': 138.48433107691696, 'g_stn_gpe_mult': 4.056919658945052, 'g_gpe_stn_mult': 1.5648861109120826, 'g_stn_gpi_mult': 2.950965162852023, 'g_gpe_gpi_mult': 1.5851393090658854}. Best is trial 535 with value: 0.12670056825923287.
[I 2026-05-28 01:14:19,801] Trial 539 finished with value: 0.5670699650229838 and parameters: {'ISTN': 98.10866422089984, 'I_gpe': 0.6793109298979328, 'I_gpi': 2.2295066703084854, 'noise_stn_sigma': 3.215337591522837, 'noise_gpe_sigma': 103.49169864289016, 'noise_gpi_sigma': 137.80309279958365, 'g_stn_gpe_mult': 3.834511717729246, 'g_gpe_stn_mult': 1.47688500175573, 'g_stn_gpi_mult': 2.8223030930005195, 'g_gpe_gpi_mult': 1.636553329120184}. Best is trial 535 with value: 0.12670056825923287.
[I 2026-05-28 01:14:20,807] Trial 540 finished with value: 2.357916286945496 and parameters: {'ISTN': 101.62567692722195, 'I_gpe': 0.7210566641135309, 'I_gpi': 1.9667100294538051, 'noise_stn_sigma': 3.1864965295895837, 'noise_gpe_sigma': 104.58240985755205, 'noise_gpi_sigma': 142.92243121879767, 'g_stn_gpe_mult': 4.204730005045159, 'g_gpe_stn_mult': 1.5213538153747221, 'g_stn_gpi_mult': 2.794595509283456, 'g_gpe_gpi_mult': 1.6431986257764466}. Best is trial 535 with value: 0.12670056825923287.
[I 2026-05-28 01:14:21,814] Trial 541 finished with value: 0.20498081719437924 and parameters: {'ISTN': 101.98030524617754, 'I_gpe': 0.6907582083972099, 'I_gpi': 2.132817273332158, 'noise_stn_sigma': 3.292888473690022, 'noise_gpe_sigma': 109.00291429789466, 'noise_gpi_sigma': 134.00597841190913, 'g_stn_gpe_mult': 4.195898557495635, 'g_gpe_stn_mult': 1.540250829205189, 'g_stn_gpi_mult': 3.163757969454523, 'g_gpe_gpi_mult': 1.6143793523020258}. Best is trial 535 with value: 0.12670056825923287.
[I 2026-05-28 01:14:22,822] Trial 542 finished with value: 0.1433811995171429 and parameters: {'ISTN': 101.6222876662845, 'I_gpe': 0.7229086972679406, 'I_gpi': 2.1201052514498677, 'noise_stn_sigma': 3.2258028835525137, 'noise_gpe_sigma': 103.20620300866209, 'noise_gpi_sigma': 138.3580546337322, 'g_stn_gpe_mult': 4.053459113796151, 'g_gpe_stn_mult': 1.5374193774699707, 'g_stn_gpi_mult': 2.9558431408840535, 'g_gpe_gpi_mult': 1.667344801463206}. Best is trial 535 with value: 0.12670056825923287.
[I 2026-05-28 01:14:23,830] Trial 543 finished with value: 0.12937605666620536 and parameters: {'ISTN': 98.18613018319755, 'I_gpe': 0.7491273620159605, 'I_gpi': 2.167292818197936, 'noise_stn_sigma': 3.1408398845687255, 'noise_gpe_sigma': 107.87174825822039, 'noise_gpi_sigma': 135.83700648388188, 'g_stn_gpe_mult': 3.838383005846015, 'g_gpe_stn_mult': 1.4866788030010727, 'g_stn_gpi_mult': 2.8404957373466577, 'g_gpe_gpi_mult': 1.5889180047141682}. Best is trial 535 with value: 0.12670056825923287.
[I 2026-05-28 01:14:24,837] Trial 544 finished with value: 0.13215337399001847 and parameters: {'ISTN': 102.66830712648971, 'I_gpe': 0.6485791061480826, 'I_gpi': 2.181780127860784, 'noise_stn_sigma': 3.3622980716373156, 'noise_gpe_sigma': 110.7755548913503, 'noise_gpi_sigma': 134.83155866844749, 'g_stn_gpe_mult': 4.037131825673656, 'g_gpe_stn_mult': 1.5666900540165942, 'g_stn_gpi_mult': 2.836672883992934, 'g_gpe_gpi_mult': 1.6644593537675494}. Best is trial 535 with value: 0.12670056825923287.
[I 2026-05-28 01:14:25,844] Trial 545 finished with value: 0.9398614647453563 and parameters: {'ISTN': 102.59436684326363, 'I_gpe': 0.7031231725507557, 'I_gpi': 2.066932287923165, 'noise_stn_sigma': 3.2924768880228186, 'noise_gpe_sigma': 106.59535098508043, 'noise_gpi_sigma': 131.69803424871125, 'g_stn_gpe_mult': 3.943282609380955, 'g_gpe_stn_mult': 1.5589042568654083, 'g_stn_gpi_mult': 2.9669000777147216, 'g_gpe_gpi_mult': 1.601912727889832}. Best is trial 535 with value: 0.12670056825923287.
[I 2026-05-28 01:14:26,850] Trial 546 finished with value: 0.2816373408861733 and parameters: {'ISTN': 101.40007523127758, 'I_gpe': 0.6342323631896832, 'I_gpi': 1.970199600110726, 'noise_stn_sigma': 2.9753507927329825, 'noise_gpe_sigma': 110.67443346344389, 'noise_gpi_sigma': 137.88648513289087, 'g_stn_gpe_mult': 4.0515876508307125, 'g_gpe_stn_mult': 1.479688772898961, 'g_stn_gpi_mult': 2.7294574535229486, 'g_gpe_gpi_mult': 1.5267018074315553}. Best is trial 535 with value: 0.12670056825923287.
[I 2026-05-28 01:14:27,858] Trial 547 finished with value: 6.369071624940803 and parameters: {'ISTN': 104.00532067460819, 'I_gpe': 0.8294467176322495, 'I_gpi': 2.0301571968193164, 'noise_stn_sigma': 3.543881765765023, 'noise_gpe_sigma': 102.79896062366814, 'noise_gpi_sigma': 133.24171306498368, 'g_stn_gpe_mult': 4.043035356942039, 'g_gpe_stn_mult': 1.5584342546798715, 'g_stn_gpi_mult': 2.7937623124888016, 'g_gpe_gpi_mult': 1.5569275938068772}. Best is trial 535 with value: 0.12670056825923287.
[I 2026-05-28 01:14:28,865] Trial 548 finished with value: 0.18139310544600903 and parameters: {'ISTN': 103.23099586866404, 'I_gpe': 0.5707057209907137, 'I_gpi': 2.2727385954077852, 'noise_stn_sigma': 3.4460348608344886, 'noise_gpe_sigma': 109.79840231576392, 'noise_gpi_sigma': 135.5769460486635, 'g_stn_gpe_mult': 4.000820548455646, 'g_gpe_stn_mult': 1.5813927631537912, 'g_stn_gpi_mult': 2.7368318859611236, 'g_gpe_gpi_mult': 1.606246192743847}. Best is trial 535 with value: 0.12670056825923287.
[I 2026-05-28 01:14:29,871] Trial 549 finished with value: 0.24429175384554863 and parameters: {'ISTN': 103.57648957486808, 'I_gpe': 0.6892327185365181, 'I_gpi': 2.05815786096266, 'noise_stn_sigma': 3.2119313570685324, 'noise_gpe_sigma': 105.21246814588152, 'noise_gpi_sigma': 139.7164967076385, 'g_stn_gpe_mult': 4.127334460645254, 'g_gpe_stn_mult': 1.5668200252124784, 'g_stn_gpi_mult': 2.8806347182650605, 'g_gpe_gpi_mult': 1.6325433506081064}. Best is trial 535 with value: 0.12670056825923287.
[I 2026-05-28 01:14:30,877] Trial 550 finished with value: 0.1356537976730034 and parameters: {'ISTN': 100.2570073453839, 'I_gpe': 0.6782427257306132, 'I_gpi': 2.1435882104942983, 'noise_stn_sigma': 2.921353177128866, 'noise_gpe_sigma': 109.2063225520407, 'noise_gpi_sigma': 133.99021831465615, 'g_stn_gpe_mult': 4.200926780045359, 'g_gpe_stn_mult': 1.5346524193453281, 'g_stn_gpi_mult': 2.855601552667464, 'g_gpe_gpi_mult': 1.5885450987101981}. Best is trial 535 with value: 0.12670056825923287.
[I 2026-05-28 01:14:31,890] Trial 551 finished with value: 4.055036106693774 and parameters: {'ISTN': 104.17977750333472, 'I_gpe': 0.8163622877419121, 'I_gpi': 2.150845649628966, 'noise_stn_sigma': 3.1831386685875462, 'noise_gpe_sigma': 107.0554013808704, 'noise_gpi_sigma': 135.52178835314595, 'g_stn_gpe_mult': 3.8701661874118276, 'g_gpe_stn_mult': 1.5062083784607925, 'g_stn_gpi_mult': 2.7693165256994465, 'g_gpe_gpi_mult': 1.6741483295722144}. Best is trial 535 with value: 0.12670056825923287.
[I 2026-05-28 01:14:32,899] Trial 552 finished with value: 0.973794416132903 and parameters: {'ISTN': 103.90909278552613, 'I_gpe': 0.8119907414554222, 'I_gpi': 1.8612845715491497, 'noise_stn_sigma': 3.101682713170513, 'noise_gpe_sigma': 104.86422390201447, 'noise_gpi_sigma': 135.34827731238207, 'g_stn_gpe_mult': 4.120449929232445, 'g_gpe_stn_mult': 1.5442727915446923, 'g_stn_gpi_mult': 2.8696512650685864, 'g_gpe_gpi_mult': 1.593759385475706}. Best is trial 535 with value: 0.12670056825923287.
[I 2026-05-28 01:14:33,908] Trial 553 finished with value: 10.093391424809658 and parameters: {'ISTN': 102.56081213347716, 'I_gpe': 0.7506275163123262, 'I_gpi': 2.158781557620463, 'noise_stn_sigma': 3.4295570705694827, 'noise_gpe_sigma': 105.60345357951921, 'noise_gpi_sigma': 140.57555301757145, 'g_stn_gpe_mult': 4.061554681662294, 'g_gpe_stn_mult': 1.4818669955824415, 'g_stn_gpi_mult': 2.829531934671128, 'g_gpe_gpi_mult': 1.6121346408478605}. Best is trial 535 with value: 0.12670056825923287.
[I 2026-05-28 01:14:34,916] Trial 554 finished with value: 0.127314065416818 and parameters: {'ISTN': 103.52179905148762, 'I_gpe': 0.725732152176908, 'I_gpi': 2.1132585871166443, 'noise_stn_sigma': 3.3113132142697306, 'noise_gpe_sigma': 105.83370518027455, 'noise_gpi_sigma': 130.91325136420008, 'g_stn_gpe_mult': 4.011512760909287, 'g_gpe_stn_mult': 1.5582598306127993, 'g_stn_gpi_mult': 2.9593171997778214, 'g_gpe_gpi_mult': 1.6545259030754964}. Best is trial 535 with value: 0.12670056825923287.
[I 2026-05-28 01:14:35,922] Trial 555 finished with value: 0.182598212935961 and parameters: {'ISTN': 101.2564364491681, 'I_gpe': 0.7828438377310587, 'I_gpi': 2.0339755951981484, 'noise_stn_sigma': 3.453487277317611, 'noise_gpe_sigma': 108.69389853335366, 'noise_gpi_sigma': 136.54081798597036, 'g_stn_gpe_mult': 3.9780139632771703, 'g_gpe_stn_mult': 1.5127229522954133, 'g_stn_gpi_mult': 2.9231956222425195, 'g_gpe_gpi_mult': 1.5787031024797844}. Best is trial 535 with value: 0.12670056825923287.
[I 2026-05-28 01:14:36,927] Trial 556 finished with value: 0.18077022380288826 and parameters: {'ISTN': 101.68124031944797, 'I_gpe': 0.7704339208469138, 'I_gpi': 2.168333036707847, 'noise_stn_sigma': 3.0941383942847027, 'noise_gpe_sigma': 103.64523490929277, 'noise_gpi_sigma': 133.02086744503708, 'g_stn_gpe_mult': 4.056340389247282, 'g_gpe_stn_mult': 1.52221463233385, 'g_stn_gpi_mult': 2.96145867683805, 'g_gpe_gpi_mult': 1.5855475279450983}. Best is trial 535 with value: 0.12670056825923287.
[I 2026-05-28 01:14:37,937] Trial 557 finished with value: 2.2034502507968345 and parameters: {'ISTN': 98.82330356178608, 'I_gpe': 0.6802242572612804, 'I_gpi': 2.2074443579270637, 'noise_stn_sigma': 3.1149628730089742, 'noise_gpe_sigma': 110.63741195983445, 'noise_gpi_sigma': 136.5052279571745, 'g_stn_gpe_mult': 3.771023800752081, 'g_gpe_stn_mult': 1.5299346819757569, 'g_stn_gpi_mult': 3.049093883703178, 'g_gpe_gpi_mult': 1.545028439600378}. Best is trial 535 with value: 0.12670056825923287.
[I 2026-05-28 01:14:38,946] Trial 558 finished with value: 0.15665697235026693 and parameters: {'ISTN': 97.23422917522339, 'I_gpe': 0.6662744311564919, 'I_gpi': 2.1881986227027994, 'noise_stn_sigma': 3.284938402359341, 'noise_gpe_sigma': 109.79436619724393, 'noise_gpi_sigma': 132.98120830001648, 'g_stn_gpe_mult': 3.797011401297891, 'g_gpe_stn_mult': 1.5009122268127035, 'g_stn_gpi_mult': 2.7536890275555415, 'g_gpe_gpi_mult': 1.6371552441766282}. Best is trial 535 with value: 0.12670056825923287.
[I 2026-05-28 01:14:39,956] Trial 559 finished with value: 3.2052563112049337 and parameters: {'ISTN': 103.25758025540222, 'I_gpe': 0.7085993488101866, 'I_gpi': 2.045679426179893, 'noise_stn_sigma': 3.4180757451581716, 'noise_gpe_sigma': 106.85036959993975, 'noise_gpi_sigma': 136.21734703792401, 'g_stn_gpe_mult': 4.054338725205413, 'g_gpe_stn_mult': 1.4989628360974674, 'g_stn_gpi_mult': 2.6625862284034807, 'g_gpe_gpi_mult': 1.6629113509728461}. Best is trial 535 with value: 0.12670056825923287.
[I 2026-05-28 01:14:40,966] Trial 560 finished with value: 1.3346800229054565 and parameters: {'ISTN': 102.87528906028746, 'I_gpe': 0.7248210176746417, 'I_gpi': 2.1352150099615734, 'noise_stn_sigma': 3.582802093426217, 'noise_gpe_sigma': 102.10119627352175, 'noise_gpi_sigma': 134.14525726913593, 'g_stn_gpe_mult': 4.177619636069831, 'g_gpe_stn_mult': 1.5292612947631623, 'g_stn_gpi_mult': 2.7503410492235747, 'g_gpe_gpi_mult': 1.6027433619719405}. Best is trial 535 with value: 0.12670056825923287.
[I 2026-05-28 01:14:41,974] Trial 561 finished with value: 0.5147637586950816 and parameters: {'ISTN': 102.00301078674212, 'I_gpe': 0.8031569621382331, 'I_gpi': 2.197615914248731, 'noise_stn_sigma': 3.4122199384581693, 'noise_gpe_sigma': 106.48391813625341, 'noise_gpi_sigma': 130.2258965252299, 'g_stn_gpe_mult': 4.001358075410161, 'g_gpe_stn_mult': 1.542511837985947, 'g_stn_gpi_mult': 2.842487503127801, 'g_gpe_gpi_mult': 1.653222202344282}. Best is trial 535 with value: 0.12670056825923287.
[I 2026-05-28 01:14:42,982] Trial 562 finished with value: 0.4860311919465222 and parameters: {'ISTN': 98.36669613007065, 'I_gpe': 0.6469381290606422, 'I_gpi': 2.095250259469727, 'noise_stn_sigma': 3.368789585725186, 'noise_gpe_sigma': 105.92288346788487, 'noise_gpi_sigma': 132.67775806058302, 'g_stn_gpe_mult': 3.843573308465167, 'g_gpe_stn_mult': 1.515466872972963, 'g_stn_gpi_mult': 3.0490077232714867, 'g_gpe_gpi_mult': 1.7505868005807421}. Best is trial 535 with value: 0.12670056825923287.
[I 2026-05-28 01:14:43,992] Trial 563 finished with value: 0.2012278762187022 and parameters: {'ISTN': 99.86124972875677, 'I_gpe': 0.7135449306006816, 'I_gpi': 2.1285356123120502, 'noise_stn_sigma': 3.310839546960734, 'noise_gpe_sigma': 107.38833533098601, 'noise_gpi_sigma': 130.47715700908952, 'g_stn_gpe_mult': 4.025495915050694, 'g_gpe_stn_mult': 1.5152258414332305, 'g_stn_gpi_mult': 2.8619439780344464, 'g_gpe_gpi_mult': 1.6841682347863869}. Best is trial 535 with value: 0.12670056825923287.
[I 2026-05-28 01:14:44,940] Trial 564 finished with value: 1000000.0 and parameters: {'ISTN': 99.39329178404417, 'I_gpe': 0.6776565611450376, 'I_gpi': 2.197421247919957, 'noise_stn_sigma': 3.1202117725547946, 'noise_gpe_sigma': 106.63882437758521, 'noise_gpi_sigma': 130.9769998345725, 'g_stn_gpe_mult': 3.874269256083496, 'g_gpe_stn_mult': 1.4943972070399445, 'g_stn_gpi_mult': 2.8906914966632202, 'g_gpe_gpi_mult': 1.553743729161342}. Best is trial 535 with value: 0.12670056825923287.
[I 2026-05-28 01:14:45,950] Trial 565 finished with value: 0.5384268532267358 and parameters: {'ISTN': 100.838162676412, 'I_gpe': 0.8160153122981947, 'I_gpi': 2.2063109684228457, 'noise_stn_sigma': 3.2302037300395643, 'noise_gpe_sigma': 106.88753912517559, 'noise_gpi_sigma': 130.8386908509342, 'g_stn_gpe_mult': 3.9380267214665134, 'g_gpe_stn_mult': 1.5052590860875257, 'g_stn_gpi_mult': 2.848480812444438, 'g_gpe_gpi_mult': 1.6424702019559543}. Best is trial 535 with value: 0.12670056825923287.
[I 2026-05-28 01:14:46,958] Trial 566 finished with value: 2.270398148807063 and parameters: {'ISTN': 101.62354053553463, 'I_gpe': 0.622825495677904, 'I_gpi': 2.036514486862714, 'noise_stn_sigma': 3.046648211446716, 'noise_gpe_sigma': 104.8474697828052, 'noise_gpi_sigma': 132.8226803183927, 'g_stn_gpe_mult': 4.057882824130327, 'g_gpe_stn_mult': 1.5640518647286419, 'g_stn_gpi_mult': 2.7427647232849925, 'g_gpe_gpi_mult': 1.663570309720701}. Best is trial 535 with value: 0.12670056825923287.
[I 2026-05-28 01:14:47,966] Trial 567 finished with value: 0.16887132750999428 and parameters: {'ISTN': 100.27273753131581, 'I_gpe': 0.6511826045631769, 'I_gpi': 2.349524155904687, 'noise_stn_sigma': 3.479934861931713, 'noise_gpe_sigma': 106.82638280806344, 'noise_gpi_sigma': 131.67451928175666, 'g_stn_gpe_mult': 3.9728525950173794, 'g_gpe_stn_mult': 1.5532026138658381, 'g_stn_gpi_mult': 2.9375246814942293, 'g_gpe_gpi_mult': 1.6292349984394228}. Best is trial 535 with value: 0.12670056825923287.
[I 2026-05-28 01:14:48,972] Trial 568 finished with value: 3.335758905057963 and parameters: {'ISTN': 105.37098543345758, 'I_gpe': 0.8365657125992617, 'I_gpi': 2.0701483330759194, 'noise_stn_sigma': 3.254171061611311, 'noise_gpe_sigma': 104.90844548183178, 'noise_gpi_sigma': 127.55252347815421, 'g_stn_gpe_mult': 3.964625953897743, 'g_gpe_stn_mult': 1.5143563545632779, 'g_stn_gpi_mult': 2.9375286455006915, 'g_gpe_gpi_mult': 1.6770914889848516}. Best is trial 535 with value: 0.12670056825923287.
[I 2026-05-28 01:14:49,980] Trial 569 finished with value: 0.1583733404134016 and parameters: {'ISTN': 99.11096862201484, 'I_gpe': 0.7158366847337385, 'I_gpi': 2.18128136633737, 'noise_stn_sigma': 3.216053850645136, 'noise_gpe_sigma': 106.531937529488, 'noise_gpi_sigma': 129.55308259042442, 'g_stn_gpe_mult': 3.8746352261277077, 'g_gpe_stn_mult': 1.5201917628238373, 'g_stn_gpi_mult': 2.747217904740187, 'g_gpe_gpi_mult': 1.650590764152814}. Best is trial 535 with value: 0.12670056825923287.
[I 2026-05-28 01:14:50,987] Trial 570 finished with value: 0.23901229821325265 and parameters: {'ISTN': 100.971393204653, 'I_gpe': 0.6365150827337044, 'I_gpi': 2.076074028591276, 'noise_stn_sigma': 3.5204454057505927, 'noise_gpe_sigma': 109.37840854043219, 'noise_gpi_sigma': 132.44563834108519, 'g_stn_gpe_mult': 3.9886504130306597, 'g_gpe_stn_mult': 1.5888049587724025, 'g_stn_gpi_mult': 2.892489674105259, 'g_gpe_gpi_mult': 1.6321238915731084}. Best is trial 535 with value: 0.12670056825923287.
[I 2026-05-28 01:14:51,993] Trial 571 finished with value: 0.18026516762120504 and parameters: {'ISTN': 99.6562264536142, 'I_gpe': 0.7150636393279703, 'I_gpi': 2.33639229875424, 'noise_stn_sigma': 3.328942429343719, 'noise_gpe_sigma': 105.53813306233612, 'noise_gpi_sigma': 128.58749828304082, 'g_stn_gpe_mult': 3.8405240577533766, 'g_gpe_stn_mult': 1.5534290892046916, 'g_stn_gpi_mult': 2.9129724646062334, 'g_gpe_gpi_mult': 1.5920704368791314}. Best is trial 535 with value: 0.12670056825923287.
