[I 2026-05-28 01:13:24,371] Trial 484 finished with value: 0.20577904688204116 and parameters: {'ISTN': 102.75060865090853, 'I_gpe': 0.7835214733112463, 'I_gpi': 2.025769706035941, 'noise_stn_sigma': 3.1191745698407947, 'noise_gpe_sigma': 96.4400293076321, 'noise_gpi_sigma': 140.535886266148, 'g_stn_gpe_mult': 4.083800765024014, 'g_gpe_stn_mult': 1.5440171628296153, 'g_stn_gpi_mult': 2.7565951546649083, 'g_gpe_gpi_mult': 1.6956973679011047}. Best is trial 415 with value: 0.13570236539494207.
[I 2026-05-28 01:13:25,376] Trial 485 finished with value: 2.0103857752843908 and parameters: {'ISTN': 102.26369066053297, 'I_gpe': 0.7991995251693129, 'I_gpi': 1.8366838314370235, 'noise_stn_sigma': 2.9686831105058413, 'noise_gpe_sigma': 96.0350837068537, 'noise_gpi_sigma': 140.0088471578008, 'g_stn_gpe_mult': 3.9271670222099138, 'g_gpe_stn_mult': 1.5097114102366769, 'g_stn_gpi_mult': 2.6493200578022726, 'g_gpe_gpi_mult': 1.7575286395165175}. Best is trial 415 with value: 0.13570236539494207.
[I 2026-05-28 01:13:26,381] Trial 486 finished with value: 1.7237911480286552 and parameters: {'ISTN': 98.75010568298593, 'I_gpe': 0.8715422856386035, 'I_gpi': 2.016664136516133, 'noise_stn_sigma': 2.7892429449555527, 'noise_gpe_sigma': 96.66274337176405, 'noise_gpi_sigma': 141.17486983399007, 'g_stn_gpe_mult': 3.9880536366683406, 'g_gpe_stn_mult': 1.459888646411214, 'g_stn_gpi_mult': 2.6666525978461797, 'g_gpe_gpi_mult': 1.6994925355482755}. Best is trial 415 with value: 0.13570236539494207.
[I 2026-05-28 01:13:27,389] Trial 487 finished with value: 1.004216976067926 and parameters: {'ISTN': 101.40218720616792, 'I_gpe': 0.8831381406898037, 'I_gpi': 2.108924961994802, 'noise_stn_sigma': 3.504573298847984, 'noise_gpe_sigma': 98.67678714196018, 'noise_gpi_sigma': 138.5431943305359, 'g_stn_gpe_mult': 4.106894836988026, 'g_gpe_stn_mult': 1.4679072136501785, 'g_stn_gpi_mult': 2.6712271842133934, 'g_gpe_gpi_mult': 1.658930356454784}. Best is trial 415 with value: 0.13570236539494207.
[I 2026-05-28 01:13:28,396] Trial 488 finished with value: 4.624179166072679 and parameters: {'ISTN': 100.93311647160533, 'I_gpe': 0.7489200690283101, 'I_gpi': 1.926338670758707, 'noise_stn_sigma': 3.0476910133315567, 'noise_gpe_sigma': 101.16489622392402, 'noise_gpi_sigma': 142.5979093210671, 'g_stn_gpe_mult': 3.8535751888806966, 'g_gpe_stn_mult': 1.4540763702856576, 'g_stn_gpi_mult': 2.343099680424852, 'g_gpe_gpi_mult': 1.6921831770332971}. Best is trial 415 with value: 0.13570236539494207.
[I 2026-05-28 01:13:29,405] Trial 489 finished with value: 6.1538211326422525 and parameters: {'ISTN': 101.88448570004226, 'I_gpe': 0.8067229887568337, 'I_gpi': 1.9549032936481896, 'noise_stn_sigma': 2.898387025939083, 'noise_gpe_sigma': 99.30944845880421, 'noise_gpi_sigma': 141.4251644860515, 'g_stn_gpe_mult': 3.8688899601166953, 'g_gpe_stn_mult': 1.472027236323662, 'g_stn_gpi_mult': 2.618615361215488, 'g_gpe_gpi_mult': 1.7256146303354911}. Best is trial 415 with value: 0.13570236539494207.
[I 2026-05-28 01:13:30,411] Trial 490 finished with value: 4.6209428166714215 and parameters: {'ISTN': 98.87354905791139, 'I_gpe': 0.7893584272399252, 'I_gpi': 2.0266033364775202, 'noise_stn_sigma': 3.2685083214685835, 'noise_gpe_sigma': 99.59947073769192, 'noise_gpi_sigma': 139.48616443287165, 'g_stn_gpe_mult': 3.8901917949692337, 'g_gpe_stn_mult': 1.459724170729294, 'g_stn_gpi_mult': 2.531337325928862, 'g_gpe_gpi_mult': 1.6218200510530862}. Best is trial 415 with value: 0.13570236539494207.
[I 2026-05-28 01:13:31,420] Trial 491 finished with value: 0.14146602990295631 and parameters: {'ISTN': 100.50308691100494, 'I_gpe': 0.7108477233061751, 'I_gpi': 2.149761940218463, 'noise_stn_sigma': 3.1691423971032013, 'noise_gpe_sigma': 100.9964330531364, 'noise_gpi_sigma': 137.98064811391214, 'g_stn_gpe_mult': 4.0387847926722005, 'g_gpe_stn_mult': 1.5059887320233822, 'g_stn_gpi_mult': 2.656692833904491, 'g_gpe_gpi_mult': 1.6850761709818056}. Best is trial 415 with value: 0.13570236539494207.
[I 2026-05-28 01:13:32,427] Trial 492 finished with value: 0.14884620054978243 and parameters: {'ISTN': 103.80200277353933, 'I_gpe': 0.7452246326546219, 'I_gpi': 2.011228343363742, 'noise_stn_sigma': 2.9288819107167, 'noise_gpe_sigma': 99.38078851443687, 'noise_gpi_sigma': 139.40795489171688, 'g_stn_gpe_mult': 3.9391570625144254, 'g_gpe_stn_mult': 1.5477003400607692, 'g_stn_gpi_mult': 2.680408609673109, 'g_gpe_gpi_mult': 1.6800866898357052}. Best is trial 415 with value: 0.13570236539494207.
[I 2026-05-28 01:13:33,436] Trial 493 finished with value: 0.20682115478218357 and parameters: {'ISTN': 98.47074132959263, 'I_gpe': 0.6382125253976048, 'I_gpi': 2.1032240077772775, 'noise_stn_sigma': 3.0982458153357744, 'noise_gpe_sigma': 103.89375157972948, 'noise_gpi_sigma': 136.84628623792437, 'g_stn_gpe_mult': 4.032651454018762, 'g_gpe_stn_mult': 1.534808907736112, 'g_stn_gpi_mult': 2.5461019895430947, 'g_gpe_gpi_mult': 1.7216785265862615}. Best is trial 415 with value: 0.13570236539494207.
[I 2026-05-28 01:13:34,449] Trial 494 finished with value: 0.18235951194343974 and parameters: {'ISTN': 98.91277398888553, 'I_gpe': 0.6229967579971288, 'I_gpi': 1.9969496020174398, 'noise_stn_sigma': 2.8198619585083002, 'noise_gpe_sigma': 101.36193657215607, 'noise_gpi_sigma': 142.0333069211908, 'g_stn_gpe_mult': 3.9639908785217415, 'g_gpe_stn_mult': 1.5245209453886566, 'g_stn_gpi_mult': 2.399068195327758, 'g_gpe_gpi_mult': 1.7270873460052836}. Best is trial 415 with value: 0.13570236539494207.
[I 2026-05-28 01:13:35,457] Trial 495 finished with value: 1.8455565729782326 and parameters: {'ISTN': 103.55872570837028, 'I_gpe': 0.7636828105174274, 'I_gpi': 2.065501404841191, 'noise_stn_sigma': 3.4206053077431013, 'noise_gpe_sigma': 98.2287205396805, 'noise_gpi_sigma': 139.4608659375159, 'g_stn_gpe_mult': 4.089608722817847, 'g_gpe_stn_mult': 1.5196616515778218, 'g_stn_gpi_mult': 2.686088945854986, 'g_gpe_gpi_mult': 1.729693954314019}. Best is trial 415 with value: 0.13570236539494207.
[I 2026-05-28 01:13:36,464] Trial 496 finished with value: 0.19959174457025985 and parameters: {'ISTN': 99.36962818567005, 'I_gpe': 0.6567800672891169, 'I_gpi': 2.0048043374692104, 'noise_stn_sigma': 3.094751914450073, 'noise_gpe_sigma': 98.02393963996046, 'noise_gpi_sigma': 138.8871881440872, 'g_stn_gpe_mult': 3.8308388505649114, 'g_gpe_stn_mult': 1.4969649190524292, 'g_stn_gpi_mult': 2.568756477779689, 'g_gpe_gpi_mult': 1.7471971164075166}. Best is trial 415 with value: 0.13570236539494207.
[I 2026-05-28 01:13:37,471] Trial 497 finished with value: 0.14962517693015703 and parameters: {'ISTN': 100.77025251697728, 'I_gpe': 0.7578353987051238, 'I_gpi': 2.0321571813254726, 'noise_stn_sigma': 3.4615773313917106, 'noise_gpe_sigma': 94.46937537863222, 'noise_gpi_sigma': 138.05007809144195, 'g_stn_gpe_mult': 4.130076695097996, 'g_gpe_stn_mult': 1.4888281679603337, 'g_stn_gpi_mult': 2.630070065646043, 'g_gpe_gpi_mult': 1.5441357618876457}. Best is trial 415 with value: 0.13570236539494207.
[I 2026-05-28 01:13:38,478] Trial 498 finished with value: 0.2591794196998802 and parameters: {'ISTN': 101.67453232259224, 'I_gpe': 0.8141786123745183, 'I_gpi': 2.0099303355706324, 'noise_stn_sigma': 3.258028716258838, 'noise_gpe_sigma': 97.79960255023614, 'noise_gpi_sigma': 140.94466492998245, 'g_stn_gpe_mult': 3.921933280883617, 'g_gpe_stn_mult': 1.47859133210591, 'g_stn_gpi_mult': 2.628005852976824, 'g_gpe_gpi_mult': 1.6425530811337887}. Best is trial 415 with value: 0.13570236539494207.
[I 2026-05-28 01:13:39,485] Trial 499 finished with value: 0.14763924554396463 and parameters: {'ISTN': 99.76696500560007, 'I_gpe': 0.7202663352669739, 'I_gpi': 2.035216054246372, 'noise_stn_sigma': 3.092652494298849, 'noise_gpe_sigma': 98.28660921216738, 'noise_gpi_sigma': 138.35961241574316, 'g_stn_gpe_mult': 3.9560141509041435, 'g_gpe_stn_mult': 1.502567082945312, 'g_stn_gpi_mult': 2.7632630594804204, 'g_gpe_gpi_mult': 1.6410582814942516}. Best is trial 415 with value: 0.13570236539494207.
[I 2026-05-28 01:13:40,491] Trial 500 finished with value: 6.2563507281651765 and parameters: {'ISTN': 101.12585180342896, 'I_gpe': 0.8005444809813596, 'I_gpi': 2.154479136892383, 'noise_stn_sigma': 3.469131636113889, 'noise_gpe_sigma': 96.15555619813942, 'noise_gpi_sigma': 138.2668359835685, 'g_stn_gpe_mult': 3.9701061151915993, 'g_gpe_stn_mult': 1.521665570688457, 'g_stn_gpi_mult': 2.571044158724413, 'g_gpe_gpi_mult': 1.674395892253147}. Best is trial 415 with value: 0.13570236539494207.
[I 2026-05-28 01:13:41,502] Trial 501 finished with value: 4.9729992182254925 and parameters: {'ISTN': 99.78054486829686, 'I_gpe': 0.744405617264348, 'I_gpi': 2.108444026400803, 'noise_stn_sigma': 3.138030172555961, 'noise_gpe_sigma': 98.64145167120783, 'noise_gpi_sigma': 143.5838402685294, 'g_stn_gpe_mult': 3.997123206493363, 'g_gpe_stn_mult': 1.4561352124900948, 'g_stn_gpi_mult': 2.7021264669104257, 'g_gpe_gpi_mult': 1.6268645813744482}. Best is trial 415 with value: 0.13570236539494207.
[I 2026-05-28 01:13:42,508] Trial 502 finished with value: 0.15689183063081732 and parameters: {'ISTN': 98.41562223595699, 'I_gpe': 0.6673708867749452, 'I_gpi': 2.3046148221215184, 'noise_stn_sigma': 2.740682862267807, 'noise_gpe_sigma': 101.97473529065678, 'noise_gpi_sigma': 137.92246188086997, 'g_stn_gpe_mult': 3.945301263448574, 'g_gpe_stn_mult': 1.4996694179468333, 'g_stn_gpi_mult': 2.68339843276227, 'g_gpe_gpi_mult': 1.7195335272838181}. Best is trial 415 with value: 0.13570236539494207.
[I 2026-05-28 01:13:43,516] Trial 503 finished with value: 0.20473920023765205 and parameters: {'ISTN': 103.15338344424075, 'I_gpe': 0.7161707792626967, 'I_gpi': 1.8705622118592335, 'noise_stn_sigma': 3.224948734801737, 'noise_gpe_sigma': 97.8908877338107, 'noise_gpi_sigma': 131.43489473781887, 'g_stn_gpe_mult': 4.196856171426095, 'g_gpe_stn_mult': 1.5578794412226173, 'g_stn_gpi_mult': 2.748460076117615, 'g_gpe_gpi_mult': 1.6519941513427139}. Best is trial 415 with value: 0.13570236539494207.
[I 2026-05-28 01:13:44,526] Trial 504 finished with value: 0.1458220953110656 and parameters: {'ISTN': 101.87751900726525, 'I_gpe': 0.6915245142777804, 'I_gpi': 2.1237208015339752, 'noise_stn_sigma': 3.225240338144614, 'noise_gpe_sigma': 95.9593172348443, 'noise_gpi_sigma': 142.448294065992, 'g_stn_gpe_mult': 4.107999949587775, 'g_gpe_stn_mult': 1.5333423303137061, 'g_stn_gpi_mult': 2.6048120286839986, 'g_gpe_gpi_mult': 1.657951716235456}. Best is trial 415 with value: 0.13570236539494207.
[I 2026-05-28 01:13:45,531] Trial 505 finished with value: 0.13578727066506474 and parameters: {'ISTN': 101.9947815701226, 'I_gpe': 0.7149131480706281, 'I_gpi': 2.150543994237359, 'noise_stn_sigma': 3.2803036647110297, 'noise_gpe_sigma': 102.52572810767782, 'noise_gpi_sigma': 137.1291147093484, 'g_stn_gpe_mult': 3.9330866645233256, 'g_gpe_stn_mult': 1.537371960306141, 'g_stn_gpi_mult': 2.7718385551484332, 'g_gpe_gpi_mult': 1.6371517812215728}. Best is trial 415 with value: 0.13570236539494207.
[I 2026-05-28 01:13:46,541] Trial 506 finished with value: 0.1731373283299606 and parameters: {'ISTN': 103.07112721926481, 'I_gpe': 0.7298753693278643, 'I_gpi': 2.0734353741669462, 'noise_stn_sigma': 3.105998638131148, 'noise_gpe_sigma': 101.40080526041814, 'noise_gpi_sigma': 134.88606927742404, 'g_stn_gpe_mult': 3.851903693030962, 'g_gpe_stn_mult': 1.5166529303149565, 'g_stn_gpi_mult': 2.7102141788645624, 'g_gpe_gpi_mult': 1.6027300678588712}. Best is trial 415 with value: 0.13570236539494207.
[I 2026-05-28 01:13:47,548] Trial 507 finished with value: 0.38214661446364695 and parameters: {'ISTN': 99.81144577849952, 'I_gpe': 0.7112914023300784, 'I_gpi': 1.828813071011396, 'noise_stn_sigma': 3.23426663886773, 'noise_gpe_sigma': 96.91502001035678, 'noise_gpi_sigma': 138.7663847275088, 'g_stn_gpe_mult': 4.1472700692594735, 'g_gpe_stn_mult': 1.5068939902732372, 'g_stn_gpi_mult': 2.7137316169091092, 'g_gpe_gpi_mult': 1.6645002862544893}. Best is trial 415 with value: 0.13570236539494207.
[I 2026-05-28 01:13:48,558] Trial 508 finished with value: 0.17797124633993697 and parameters: {'ISTN': 101.50833851769667, 'I_gpe': 0.6842231090371788, 'I_gpi': 2.1629439528825523, 'noise_stn_sigma': 2.99621063782172, 'noise_gpe_sigma': 98.03881523914711, 'noise_gpi_sigma': 139.08499406090385, 'g_stn_gpe_mult': 3.989003787677164, 'g_gpe_stn_mult': 1.5133314989484294, 'g_stn_gpi_mult': 2.787563052891757, 'g_gpe_gpi_mult': 1.6831678373884145}. Best is trial 415 with value: 0.13570236539494207.
[I 2026-05-28 01:13:49,564] Trial 509 finished with value: 5.125954409875864 and parameters: {'ISTN': 100.93544687420885, 'I_gpe': 0.7343210610878117, 'I_gpi': 2.1081901270984744, 'noise_stn_sigma': 3.2691832775566545, 'noise_gpe_sigma': 101.43011950310411, 'noise_gpi_sigma': 133.81426562339408, 'g_stn_gpe_mult': 4.078347476924223, 'g_gpe_stn_mult': 1.5054292766989978, 'g_stn_gpi_mult': 2.73991639559761, 'g_gpe_gpi_mult': 1.5861369293807464}. Best is trial 415 with value: 0.13570236539494207.
[I 2026-05-28 01:13:50,573] Trial 510 finished with value: 0.19608464290803673 and parameters: {'ISTN': 101.001410141452, 'I_gpe': 0.7637456203987851, 'I_gpi': 2.022047193836329, 'noise_stn_sigma': 2.921077701405294, 'noise_gpe_sigma': 102.19562081790205, 'noise_gpi_sigma': 142.40922930350092, 'g_stn_gpe_mult': 4.0617328236032675, 'g_gpe_stn_mult': 1.4881769951611126, 'g_stn_gpi_mult': 2.691357411163872, 'g_gpe_gpi_mult': 1.669378168023149}. Best is trial 415 with value: 0.13570236539494207.
[I 2026-05-28 01:13:51,580] Trial 511 finished with value: 0.12980653081697766 and parameters: {'ISTN': 102.06098266788281, 'I_gpe': 0.7759026589673274, 'I_gpi': 2.082169290133632, 'noise_stn_sigma': 3.219872377733703, 'noise_gpe_sigma': 103.02573954586937, 'noise_gpi_sigma': 138.26384085220067, 'g_stn_gpe_mult': 3.9471160489247343, 'g_gpe_stn_mult': 1.502998148544677, 'g_stn_gpi_mult': 2.766401195423999, 'g_gpe_gpi_mult': 1.6822491564234927}. Best is trial 511 with value: 0.12980653081697766.
[I 2026-05-28 01:13:52,586] Trial 512 finished with value: 0.19549542826299487 and parameters: {'ISTN': 99.7690061598897, 'I_gpe': 0.6017947495097081, 'I_gpi': 2.3183785279664226, 'noise_stn_sigma': 3.1745057948516266, 'noise_gpe_sigma': 102.21890378878057, 'noise_gpi_sigma': 141.31027363684893, 'g_stn_gpe_mult': 3.8865585147332253, 'g_gpe_stn_mult': 1.5650645056497592, 'g_stn_gpi_mult': 2.726080156527017, 'g_gpe_gpi_mult': 1.7320915642604502}. Best is trial 511 with value: 0.12980653081697766.
[I 2026-05-28 01:13:53,594] Trial 513 finished with value: 0.2729913329466324 and parameters: {'ISTN': 99.41263907083582, 'I_gpe': 0.5550875561889766, 'I_gpi': 2.1739758577204893, 'noise_stn_sigma': 3.10165554583793, 'noise_gpe_sigma': 101.54643749784914, 'noise_gpi_sigma': 135.8052757430671, 'g_stn_gpe_mult': 3.9522398781261483, 'g_gpe_stn_mult': 1.5259791967510532, 'g_stn_gpi_mult': 2.6676166341038963, 'g_gpe_gpi_mult': 1.5707653343424763}. Best is trial 511 with value: 0.12980653081697766.
[I 2026-05-28 01:13:54,602] Trial 514 finished with value: 0.14817990697492522 and parameters: {'ISTN': 101.07109262349724, 'I_gpe': 0.6824106556616367, 'I_gpi': 2.145327943601541, 'noise_stn_sigma': 3.2015776686326123, 'noise_gpe_sigma': 106.91954929494916, 'noise_gpi_sigma': 139.84580054439823, 'g_stn_gpe_mult': 3.943531238467663, 'g_gpe_stn_mult': 1.5430818148386412, 'g_stn_gpi_mult': 2.862139621270427, 'g_gpe_gpi_mult': 1.5862037964480034}. Best is trial 511 with value: 0.12980653081697766.
[I 2026-05-28 01:13:55,607] Trial 515 finished with value: 2.399514973428856 and parameters: {'ISTN': 105.60151507291084, 'I_gpe': 0.7298167460925524, 'I_gpi': 2.038526491475641, 'noise_stn_sigma': 3.028910346374941, 'noise_gpe_sigma': 102.2797550277851, 'noise_gpi_sigma': 136.9691166558805, 'g_stn_gpe_mult': 3.9064340064079373, 'g_gpe_stn_mult': 1.5462815357145678, 'g_stn_gpi_mult': 2.7012274084313863, 'g_gpe_gpi_mult': 1.6414779901603096}. Best is trial 511 with value: 0.12980653081697766.
[I 2026-05-28 01:13:56,615] Trial 516 finished with value: 0.16412900875353043 and parameters: {'ISTN': 100.9782409260006, 'I_gpe': 0.6906420407441023, 'I_gpi': 2.1147576603230176, 'noise_stn_sigma': 2.7560076673439524, 'noise_gpe_sigma': 99.45858766628794, 'noise_gpi_sigma': 143.620982249279, 'g_stn_gpe_mult': 3.9594744626560736, 'g_gpe_stn_mult': 1.516167634879645, 'g_stn_gpi_mult': 2.733033258946756, 'g_gpe_gpi_mult': 1.6053367226760173}. Best is trial 511 with value: 0.12980653081697766.
[I 2026-05-28 01:13:57,623] Trial 517 finished with value: 0.18212435901011284 and parameters: {'ISTN': 100.70386990622862, 'I_gpe': 0.7312072213427597, 'I_gpi': 2.2660074552645515, 'noise_stn_sigma': 3.146609150162101, 'noise_gpe_sigma': 98.03869366538667, 'noise_gpi_sigma': 137.538194586147, 'g_stn_gpe_mult': 4.017513419636181, 'g_gpe_stn_mult': 1.4809581136044396, 'g_stn_gpi_mult': 2.664424022337533, 'g_gpe_gpi_mult': 1.7167648043395296}. Best is trial 511 with value: 0.12980653081697766.
[I 2026-05-28 01:13:58,633] Trial 518 finished with value: 3.5142099110259992 and parameters: {'ISTN': 103.78308080201234, 'I_gpe': 0.7106950938134132, 'I_gpi': 2.284580449210307, 'noise_stn_sigma': 2.8204271120644155, 'noise_gpe_sigma': 97.82196848440928, 'noise_gpi_sigma': 138.61124400644306, 'g_stn_gpe_mult': 3.9395577642414517, 'g_gpe_stn_mult': 1.5225832518101678, 'g_stn_gpi_mult': 2.753907568673055, 'g_gpe_gpi_mult': 1.7104082488711336}. Best is trial 511 with value: 0.12980653081697766.
[I 2026-05-28 01:13:59,640] Trial 519 finished with value: 0.2756590439539801 and parameters: {'ISTN': 100.63683177816426, 'I_gpe': 0.5982346891264345, 'I_gpi': 2.2014577973761256, 'noise_stn_sigma': 3.3016798941793457, 'noise_gpe_sigma': 103.98822544972015, 'noise_gpi_sigma': 139.92994228905613, 'g_stn_gpe_mult': 3.9405654845207874, 'g_gpe_stn_mult': 1.512944077861343, 'g_stn_gpi_mult': 2.7954882721876615, 'g_gpe_gpi_mult': 1.6207750520684556}. Best is trial 511 with value: 0.12980653081697766.
[I 2026-05-28 01:14:00,647] Trial 520 finished with value: 0.33753272295362513 and parameters: {'ISTN': 100.07915500661758, 'I_gpe': 0.8127641130186347, 'I_gpi': 2.1378073637546438, 'noise_stn_sigma': 3.305864358804256, 'noise_gpe_sigma': 102.11801015550081, 'noise_gpi_sigma': 136.78129226293044, 'g_stn_gpe_mult': 3.783844347982608, 'g_gpe_stn_mult': 1.5180107511384788, 'g_stn_gpi_mult': 2.837933936714736, 'g_gpe_gpi_mult': 1.634580348989998}. Best is trial 511 with value: 0.12980653081697766.
[I 2026-05-28 01:14:01,653] Trial 521 finished with value: 1.1092189205182754 and parameters: {'ISTN': 101.09580914198537, 'I_gpe': 0.7351088734631666, 'I_gpi': 2.1253514741933737, 'noise_stn_sigma': 3.2160702957434095, 'noise_gpe_sigma': 103.12794131969342, 'noise_gpi_sigma': 139.2019276411877, 'g_stn_gpe_mult': 3.920442788207829, 'g_gpe_stn_mult': 1.5309700858996724, 'g_stn_gpi_mult': 2.7097739195376205, 'g_gpe_gpi_mult': 1.613110606118142}. Best is trial 511 with value: 0.12980653081697766.
[I 2026-05-28 01:14:02,663] Trial 522 finished with value: 0.1559109420111389 and parameters: {'ISTN': 100.4977399597407, 'I_gpe': 0.7921134230844016, 'I_gpi': 2.2157740176428353, 'noise_stn_sigma': 3.2455159860783325, 'noise_gpe_sigma': 101.99098948556379, 'noise_gpi_sigma': 136.12004034194413, 'g_stn_gpe_mult': 3.9732710123810864, 'g_gpe_stn_mult': 1.492972517484476, 'g_stn_gpi_mult': 2.832847801257229, 'g_gpe_gpi_mult': 1.6650185929199781}. Best is trial 511 with value: 0.12980653081697766.
[I 2026-05-28 01:14:03,671] Trial 523 finished with value: 0.294698127006283 and parameters: {'ISTN': 97.18221152552893, 'I_gpe': 0.663757365023514, 'I_gpi': 2.1297398950041826, 'noise_stn_sigma': 2.998931146027069, 'noise_gpe_sigma': 102.996759930237, 'noise_gpi_sigma': 145.43155876500845, 'g_stn_gpe_mult': 3.9632147249917535, 'g_gpe_stn_mult': 1.4769019306004023, 'g_stn_gpi_mult': 2.80655209375623, 'g_gpe_gpi_mult': 1.5573643699933786}. Best is trial 511 with value: 0.12980653081697766.
[I 2026-05-28 01:14:04,679] Trial 524 finished with value: 0.619984716181754 and parameters: {'ISTN': 100.87609655154456, 'I_gpe': 0.7488650215620163, 'I_gpi': 2.1324094502186695, 'noise_stn_sigma': 3.1364886926475513, 'noise_gpe_sigma': 107.23486595482017, 'noise_gpi_sigma': 141.08206991427278, 'g_stn_gpe_mult': 3.9654512988097848, 'g_gpe_stn_mult': 1.5047756782011612, 'g_stn_gpi_mult': 2.7786262502535735, 'g_gpe_gpi_mult': 1.6193299775718961}. Best is trial 511 with value: 0.12980653081697766.
[I 2026-05-28 01:14:05,688] Trial 525 finished with value: 0.30014267537900174 and parameters: {'ISTN': 102.95057465979698, 'I_gpe': 0.7518650219843654, 'I_gpi': 2.1570772890214114, 'noise_stn_sigma': 3.1660357635560543, 'noise_gpe_sigma': 106.297211417163, 'noise_gpi_sigma': 138.70380625800777, 'g_stn_gpe_mult': 3.9893371857966407, 'g_gpe_stn_mult': 1.4959807267486154, 'g_stn_gpi_mult': 2.8254662702983895, 'g_gpe_gpi_mult': 1.6550073066227684}. Best is trial 511 with value: 0.12980653081697766.
[I 2026-05-28 01:14:06,694] Trial 526 finished with value: 0.18566234088534517 and parameters: {'ISTN': 101.54378408892802, 'I_gpe': 0.6706141200330307, 'I_gpi': 2.0276643816728463, 'noise_stn_sigma': 3.138136134697267, 'noise_gpe_sigma': 102.87060549235754, 'noise_gpi_sigma': 136.96706829657205, 'g_stn_gpe_mult': 4.119919238608709, 'g_gpe_stn_mult': 1.544228618939083, 'g_stn_gpi_mult': 2.7931740670898875, 'g_gpe_gpi_mult': 1.714486676251736}. Best is trial 511 with value: 0.12980653081697766.
[I 2026-05-28 01:14:07,702] Trial 527 finished with value: 0.12811111175533738 and parameters: {'ISTN': 101.98851163430047, 'I_gpe': 0.6945971566477226, 'I_gpi': 2.1532817097593755, 'noise_stn_sigma': 3.074952637675425, 'noise_gpe_sigma': 110.52671897898607, 'noise_gpi_sigma': 139.26340961496234, 'g_stn_gpe_mult': 3.9430386908063566, 'g_gpe_stn_mult': 1.5278128844424141, 'g_stn_gpi_mult': 2.8391764020018972, 'g_gpe_gpi_mult': 1.6744772932332508}. Best is trial 527 with value: 0.12811111175533738.
