[I 2026-05-28 00:54:11,531] Trial 352 finished with value: 8.784100095667894 and parameters: {'ISTN': 77.91092832665957, 'I_gpe': 0.8638311364983204, 'I_gpi': 2.9279234595827024, 'noise_stn_sigma': 6.497281537254839, 'noise_gpe_sigma': 76.49957704712125, 'noise_gpi_sigma': 93.2377062861923, 'g_stn_gpe_mult': 1.801429422259376, 'g_gpe_stn_mult': 0.2542198918853136, 'g_stn_gpi_mult': 2.653946735046875, 'g_gpe_gpi_mult': 1.1545948319511257}. Best is trial 119 with value: 0.2337670588460598.
[I 2026-05-28 00:54:12,542] Trial 353 finished with value: 4.453083214870324 and parameters: {'ISTN': 79.9427843900484, 'I_gpe': 0.7769691880556204, 'I_gpi': 2.8581149773012946, 'noise_stn_sigma': 6.186519501126073, 'noise_gpe_sigma': 90.01549967775134, 'noise_gpi_sigma': 76.36046606719606, 'g_stn_gpe_mult': 1.7814471215729422, 'g_gpe_stn_mult': 0.2412208482965205, 'g_stn_gpi_mult': 2.4495112511285746, 'g_gpe_gpi_mult': 1.0963694646001683}. Best is trial 119 with value: 0.2337670588460598.
[I 2026-05-28 00:54:13,552] Trial 354 finished with value: 5.852076396413927 and parameters: {'ISTN': 77.28296088275822, 'I_gpe': 0.9488370242884094, 'I_gpi': 3.3362138163627404, 'noise_stn_sigma': 6.960858579787705, 'noise_gpe_sigma': 71.97862341952397, 'noise_gpi_sigma': 85.44913534916276, 'g_stn_gpe_mult': 1.8894957516042443, 'g_gpe_stn_mult': 0.2543643179041308, 'g_stn_gpi_mult': 3.072860624738749, 'g_gpe_gpi_mult': 1.1904481161762888}. Best is trial 119 with value: 0.2337670588460598.
[I 2026-05-28 00:54:14,562] Trial 355 finished with value: 6.508862390216907 and parameters: {'ISTN': 79.43923771810786, 'I_gpe': 0.9547022883001987, 'I_gpi': 2.727729103244009, 'noise_stn_sigma': 6.767764650251262, 'noise_gpe_sigma': 85.18249874599067, 'noise_gpi_sigma': 72.88161059814169, 'g_stn_gpe_mult': 1.6743731415415297, 'g_gpe_stn_mult': 0.21726517067589046, 'g_stn_gpi_mult': 2.6979016872171115, 'g_gpe_gpi_mult': 1.058579960564529}. Best is trial 119 with value: 0.2337670588460598.
[I 2026-05-28 00:54:15,573] Trial 356 finished with value: 10.489436232098345 and parameters: {'ISTN': 73.67907614816379, 'I_gpe': 0.7449244632055144, 'I_gpi': 3.003516451785254, 'noise_stn_sigma': 6.430664153478395, 'noise_gpe_sigma': 81.79393527900892, 'noise_gpi_sigma': 91.39256267194263, 'g_stn_gpe_mult': 2.25839710092049, 'g_gpe_stn_mult': 0.18732607804690404, 'g_stn_gpi_mult': 2.66376641469728, 'g_gpe_gpi_mult': 1.0434393859419802}. Best is trial 119 with value: 0.2337670588460598.
[I 2026-05-28 00:54:16,582] Trial 357 finished with value: 7.436443670107517 and parameters: {'ISTN': 88.64975213481769, 'I_gpe': 0.6968363679722194, 'I_gpi': 2.7162143774417595, 'noise_stn_sigma': 6.528445823241015, 'noise_gpe_sigma': 99.56967885800194, 'noise_gpi_sigma': 75.45591942000307, 'g_stn_gpe_mult': 1.9210845532770833, 'g_gpe_stn_mult': 0.14229352071362084, 'g_stn_gpi_mult': 2.4117128678842508, 'g_gpe_gpi_mult': 1.0487375539394603}. Best is trial 119 with value: 0.2337670588460598.
[I 2026-05-28 00:54:17,593] Trial 358 finished with value: 1.9877807852475229 and parameters: {'ISTN': 76.5148944212269, 'I_gpe': 1.0154449390479177, 'I_gpi': 2.3179689854469947, 'noise_stn_sigma': 6.320254790564693, 'noise_gpe_sigma': 76.57534174788779, 'noise_gpi_sigma': 79.3208316915159, 'g_stn_gpe_mult': 1.963208958052976, 'g_gpe_stn_mult': 0.11520605423700345, 'g_stn_gpi_mult': 2.7239634402682533, 'g_gpe_gpi_mult': 1.1743542797453088}. Best is trial 119 with value: 0.2337670588460598.
[I 2026-05-28 00:54:18,602] Trial 359 finished with value: 9.984279625767877 and parameters: {'ISTN': 80.14369810148543, 'I_gpe': 1.215089062401305, 'I_gpi': 2.9472945335328147, 'noise_stn_sigma': 6.1963873098574105, 'noise_gpe_sigma': 79.85384693684352, 'noise_gpi_sigma': 103.32402464638662, 'g_stn_gpe_mult': 1.7649094502857825, 'g_gpe_stn_mult': 0.27448638840578093, 'g_stn_gpi_mult': 2.1085886824642337, 'g_gpe_gpi_mult': 0.9856274707223429}. Best is trial 119 with value: 0.2337670588460598.
[I 2026-05-28 00:54:19,614] Trial 360 finished with value: 7.340057691591456 and parameters: {'ISTN': 82.85152741655894, 'I_gpe': 0.9579052426044209, 'I_gpi': 3.4336337549419884, 'noise_stn_sigma': 6.902529757794412, 'noise_gpe_sigma': 82.76942158185031, 'noise_gpi_sigma': 102.44305213805033, 'g_stn_gpe_mult': 1.8747156948257275, 'g_gpe_stn_mult': 0.2465587807788069, 'g_stn_gpi_mult': 2.188268666597074, 'g_gpe_gpi_mult': 1.0104419151681132}. Best is trial 119 with value: 0.2337670588460598.
[I 2026-05-28 00:54:20,624] Trial 361 finished with value: 11.139999093541562 and parameters: {'ISTN': 76.01446791997077, 'I_gpe': 1.0383170040746785, 'I_gpi': 2.7554284172809975, 'noise_stn_sigma': 5.926672647165327, 'noise_gpe_sigma': 86.95298592130983, 'noise_gpi_sigma': 80.76061079530794, 'g_stn_gpe_mult': 2.0102532483435422, 'g_gpe_stn_mult': 0.2730207668077451, 'g_stn_gpi_mult': 2.4891046029559325, 'g_gpe_gpi_mult': 1.1110164035403458}. Best is trial 119 with value: 0.2337670588460598.
[I 2026-05-28 00:54:21,632] Trial 362 finished with value: 10.059735477807546 and parameters: {'ISTN': 84.77799246001257, 'I_gpe': 0.8032829384103998, 'I_gpi': 2.342854837085548, 'noise_stn_sigma': 5.632477011926949, 'noise_gpe_sigma': 84.30246838186746, 'noise_gpi_sigma': 91.85090699662246, 'g_stn_gpe_mult': 2.5056943255518647, 'g_gpe_stn_mult': 0.15484988546448716, 'g_stn_gpi_mult': 2.383649033494458, 'g_gpe_gpi_mult': 1.0799886908979621}. Best is trial 119 with value: 0.2337670588460598.
[I 2026-05-28 00:54:22,641] Trial 363 finished with value: 7.4332753546536185 and parameters: {'ISTN': 83.24453598272747, 'I_gpe': 0.8369353327872222, 'I_gpi': 2.666375733583682, 'noise_stn_sigma': 7.497757169750434, 'noise_gpe_sigma': 74.9768213291624, 'noise_gpi_sigma': 79.26158834090742, 'g_stn_gpe_mult': 1.6786695999488845, 'g_gpe_stn_mult': 0.22050644612157, 'g_stn_gpi_mult': 2.95957699316507, 'g_gpe_gpi_mult': 1.1975847969022002}. Best is trial 119 with value: 0.2337670588460598.
[I 2026-05-28 00:54:23,652] Trial 364 finished with value: 1.1115253161161596 and parameters: {'ISTN': 78.5985794222302, 'I_gpe': 0.9843471671822646, 'I_gpi': 2.351893621998511, 'noise_stn_sigma': 5.923953646444258, 'noise_gpe_sigma': 82.71089628150551, 'noise_gpi_sigma': 79.21615651049953, 'g_stn_gpe_mult': 1.763857122036852, 'g_gpe_stn_mult': 0.16542225794356713, 'g_stn_gpi_mult': 2.5991630786934605, 'g_gpe_gpi_mult': 1.0281437841344894}. Best is trial 119 with value: 0.2337670588460598.
[I 2026-05-28 00:54:24,661] Trial 365 finished with value: 7.315980333655477 and parameters: {'ISTN': 82.38316362861954, 'I_gpe': 0.8998428198618421, 'I_gpi': 2.867218281129904, 'noise_stn_sigma': 6.814261843962857, 'noise_gpe_sigma': 74.76776420776673, 'noise_gpi_sigma': 72.1879638058422, 'g_stn_gpe_mult': 1.8935202891783594, 'g_gpe_stn_mult': 0.14585956441700873, 'g_stn_gpi_mult': 2.809391057281811, 'g_gpe_gpi_mult': 1.17244925207615}. Best is trial 119 with value: 0.2337670588460598.
[I 2026-05-28 00:54:25,670] Trial 366 finished with value: 11.540210797289403 and parameters: {'ISTN': 74.21376756371941, 'I_gpe': 1.1476304079974415, 'I_gpi': 2.589814915845875, 'noise_stn_sigma': 6.5883348055127, 'noise_gpe_sigma': 85.60132489456797, 'noise_gpi_sigma': 80.3842559705484, 'g_stn_gpe_mult': 2.208342664529327, 'g_gpe_stn_mult': 0.19133652848128047, 'g_stn_gpi_mult': 2.9095500626753648, 'g_gpe_gpi_mult': 1.1960071865192106}. Best is trial 119 with value: 0.2337670588460598.
[I 2026-05-28 00:54:26,679] Trial 367 finished with value: 1.19978347675094 and parameters: {'ISTN': 78.49315605232414, 'I_gpe': 0.9477124494085423, 'I_gpi': 2.678002896796615, 'noise_stn_sigma': 5.839422283473432, 'noise_gpe_sigma': 71.7270850042687, 'noise_gpi_sigma': 85.46133988669946, 'g_stn_gpe_mult': 1.9184180434198845, 'g_gpe_stn_mult': 0.15661881783251475, 'g_stn_gpi_mult': 2.7208767723434657, 'g_gpe_gpi_mult': 1.114653062974374}. Best is trial 119 with value: 0.2337670588460598.
[I 2026-05-28 00:54:27,688] Trial 368 finished with value: 5.663821801157426 and parameters: {'ISTN': 76.34372126569393, 'I_gpe': 0.898916351014952, 'I_gpi': 3.19425574584919, 'noise_stn_sigma': 6.342455221421982, 'noise_gpe_sigma': 83.99943383150071, 'noise_gpi_sigma': 67.66345938037634, 'g_stn_gpe_mult': 1.5135932223239357, 'g_gpe_stn_mult': 0.16327706214807458, 'g_stn_gpi_mult': 2.7761542469115903, 'g_gpe_gpi_mult': 1.1281936955476888}. Best is trial 119 with value: 0.2337670588460598.
[I 2026-05-28 00:54:28,701] Trial 369 finished with value: 11.83676999474892 and parameters: {'ISTN': 72.13164619722431, 'I_gpe': 0.908032263070669, 'I_gpi': 2.684769710436977, 'noise_stn_sigma': 5.811888680066416, 'noise_gpe_sigma': 78.63953687788486, 'noise_gpi_sigma': 74.46034947744707, 'g_stn_gpe_mult': 2.049499966001881, 'g_gpe_stn_mult': 0.21162429742792088, 'g_stn_gpi_mult': 2.9332687020001673, 'g_gpe_gpi_mult': 1.1302375521359254}. Best is trial 119 with value: 0.2337670588460598.
[I 2026-05-28 00:54:29,712] Trial 370 finished with value: 4.102789639116257 and parameters: {'ISTN': 86.71959205004913, 'I_gpe': 0.5902086375423927, 'I_gpi': 2.7506412053170273, 'noise_stn_sigma': 7.186848076955285, 'noise_gpe_sigma': 81.1919831134899, 'noise_gpi_sigma': 87.69605541748484, 'g_stn_gpe_mult': 1.9559137861682996, 'g_gpe_stn_mult': 0.17360764562621345, 'g_stn_gpi_mult': 2.340770050925194, 'g_gpe_gpi_mult': 1.1059629642497755}. Best is trial 119 with value: 0.2337670588460598.
[I 2026-05-28 00:54:30,723] Trial 371 finished with value: 10.241205214626952 and parameters: {'ISTN': 84.50767800328056, 'I_gpe': 0.7037320738666403, 'I_gpi': 2.2476371296622113, 'noise_stn_sigma': 6.122459879163305, 'noise_gpe_sigma': 81.59023405084938, 'noise_gpi_sigma': 83.15556002130006, 'g_stn_gpe_mult': 1.9421203854526223, 'g_gpe_stn_mult': 0.15816566933543472, 'g_stn_gpi_mult': 2.7867657595225435, 'g_gpe_gpi_mult': 1.1246766449279577}. Best is trial 119 with value: 0.2337670588460598.
[I 2026-05-28 00:54:31,734] Trial 372 finished with value: 3.277205117273251 and parameters: {'ISTN': 79.89985365437673, 'I_gpe': 0.9108515567580135, 'I_gpi': 2.7459564992396794, 'noise_stn_sigma': 5.871237493426582, 'noise_gpe_sigma': 80.71759103897881, 'noise_gpi_sigma': 84.77619802136842, 'g_stn_gpe_mult': 1.6871528611418503, 'g_gpe_stn_mult': 0.17135737002805618, 'g_stn_gpi_mult': 2.4135633616683765, 'g_gpe_gpi_mult': 1.0961751904917294}. Best is trial 119 with value: 0.2337670588460598.
[I 2026-05-28 00:54:32,745] Trial 373 finished with value: 7.697919347181984 and parameters: {'ISTN': 82.90400339797603, 'I_gpe': 1.0139198810329901, 'I_gpi': 3.1390427009049438, 'noise_stn_sigma': 5.604025553822845, 'noise_gpe_sigma': 93.80130914359472, 'noise_gpi_sigma': 71.97116581718093, 'g_stn_gpe_mult': 1.7003841190849134, 'g_gpe_stn_mult': 0.17432167570730023, 'g_stn_gpi_mult': 2.414788138380268, 'g_gpe_gpi_mult': 1.0809872892094758}. Best is trial 119 with value: 0.2337670588460598.
[I 2026-05-28 00:54:33,756] Trial 374 finished with value: 1.3865698426105508 and parameters: {'ISTN': 83.22941820166506, 'I_gpe': 0.833801900560829, 'I_gpi': 2.42366816283117, 'noise_stn_sigma': 5.932699374922081, 'noise_gpe_sigma': 81.62824131774966, 'noise_gpi_sigma': 89.51490029228181, 'g_stn_gpe_mult': 2.0291675978059907, 'g_gpe_stn_mult': 0.11449421890305135, 'g_stn_gpi_mult': 2.4885057505457677, 'g_gpe_gpi_mult': 1.1174687674360264}. Best is trial 119 with value: 0.2337670588460598.
[I 2026-05-28 00:54:34,765] Trial 375 finished with value: 3.0187043526135255 and parameters: {'ISTN': 80.4450410684883, 'I_gpe': 0.8759535907282754, 'I_gpi': 2.190329494687911, 'noise_stn_sigma': 5.478946523684328, 'noise_gpe_sigma': 81.26788471610351, 'noise_gpi_sigma': 62.5478926223661, 'g_stn_gpe_mult': 1.7146933463187377, 'g_gpe_stn_mult': 0.16752101064493588, 'g_stn_gpi_mult': 2.4075882952712258, 'g_gpe_gpi_mult': 1.0391913774789698}. Best is trial 119 with value: 0.2337670588460598.
[I 2026-05-28 00:54:35,774] Trial 376 finished with value: 1.921115969795207 and parameters: {'ISTN': 74.72536839105942, 'I_gpe': 1.0390090272149664, 'I_gpi': 2.428565825386531, 'noise_stn_sigma': 6.324665230180068, 'noise_gpe_sigma': 74.9316081173443, 'noise_gpi_sigma': 76.5428760598812, 'g_stn_gpe_mult': 1.876051117126814, 'g_gpe_stn_mult': 0.21759249198521802, 'g_stn_gpi_mult': 2.619188721412019, 'g_gpe_gpi_mult': 1.0307004072989439}. Best is trial 119 with value: 0.2337670588460598.
[I 2026-05-28 00:54:36,784] Trial 377 finished with value: 0.7141395462055353 and parameters: {'ISTN': 73.05229748009556, 'I_gpe': 0.787266232263161, 'I_gpi': 2.2268769159011805, 'noise_stn_sigma': 5.724900640140995, 'noise_gpe_sigma': 87.95767940643618, 'noise_gpi_sigma': 71.22012363652675, 'g_stn_gpe_mult': 1.8591356782434993, 'g_gpe_stn_mult': 0.13357961191508014, 'g_stn_gpi_mult': 2.623785190847104, 'g_gpe_gpi_mult': 1.138986112664403}. Best is trial 119 with value: 0.2337670588460598.
[I 2026-05-28 00:54:37,792] Trial 378 finished with value: 8.858446640753296 and parameters: {'ISTN': 79.05930801383025, 'I_gpe': 0.642657251532827, 'I_gpi': 2.205509808107968, 'noise_stn_sigma': 5.415829657942934, 'noise_gpe_sigma': 77.34570825105146, 'noise_gpi_sigma': 78.94470199752172, 'g_stn_gpe_mult': 1.5976366620341567, 'g_gpe_stn_mult': 0.13028433231320777, 'g_stn_gpi_mult': 2.5673450035776906, 'g_gpe_gpi_mult': 1.073704606257702}. Best is trial 119 with value: 0.2337670588460598.
[I 2026-05-28 00:54:38,797] Trial 379 finished with value: 5.191732871395721 and parameters: {'ISTN': 81.34885052854422, 'I_gpe': 0.7647853667174833, 'I_gpi': 2.679570834793222, 'noise_stn_sigma': 6.419356453239121, 'noise_gpe_sigma': 72.94191291225317, 'noise_gpi_sigma': 90.76758040338328, 'g_stn_gpe_mult': 1.8919098629210507, 'g_gpe_stn_mult': 0.14535965935795686, 'g_stn_gpi_mult': 2.513347697261396, 'g_gpe_gpi_mult': 1.0727212862339537}. Best is trial 119 with value: 0.2337670588460598.
[I 2026-05-28 00:54:39,809] Trial 380 finished with value: 7.817737163375409 and parameters: {'ISTN': 81.90619204508145, 'I_gpe': 0.8283718534956303, 'I_gpi': 2.772005492852266, 'noise_stn_sigma': 6.448795588761071, 'noise_gpe_sigma': 76.76631439606119, 'noise_gpi_sigma': 72.71014141695335, 'g_stn_gpe_mult': 1.779735157748248, 'g_gpe_stn_mult': 0.15828256415381387, 'g_stn_gpi_mult': 2.452037621879261, 'g_gpe_gpi_mult': 1.065240923723644}. Best is trial 119 with value: 0.2337670588460598.
[I 2026-05-28 00:54:40,820] Trial 381 finished with value: 1.2482235890768902 and parameters: {'ISTN': 81.78718720400573, 'I_gpe': 0.923480914859715, 'I_gpi': 2.0752592112991497, 'noise_stn_sigma': 5.631820787789169, 'noise_gpe_sigma': 81.66163246873903, 'noise_gpi_sigma': 77.47155023237634, 'g_stn_gpe_mult': 1.7374959340509963, 'g_gpe_stn_mult': 0.1381420002395779, 'g_stn_gpi_mult': 2.2996570611469878, 'g_gpe_gpi_mult': 1.11544410640999}. Best is trial 119 with value: 0.2337670588460598.
[I 2026-05-28 00:54:41,828] Trial 382 finished with value: 7.1603602047071515 and parameters: {'ISTN': 75.7248565628911, 'I_gpe': 0.7035303677343065, 'I_gpi': 2.2249230707862373, 'noise_stn_sigma': 5.69834199023477, 'noise_gpe_sigma': 81.26459061424373, 'noise_gpi_sigma': 68.34705653532305, 'g_stn_gpe_mult': 1.691643942293579, 'g_gpe_stn_mult': 0.17229640902938856, 'g_stn_gpi_mult': 2.8633112582785802, 'g_gpe_gpi_mult': 1.170892500363966}. Best is trial 119 with value: 0.2337670588460598.
[I 2026-05-28 00:54:42,839] Trial 383 finished with value: 0.7317502241450663 and parameters: {'ISTN': 70.93803103772427, 'I_gpe': 0.7497025726423441, 'I_gpi': 2.4591149536400225, 'noise_stn_sigma': 5.408581331146251, 'noise_gpe_sigma': 90.70311107105344, 'noise_gpi_sigma': 75.49349410361839, 'g_stn_gpe_mult': 2.243145837494841, 'g_gpe_stn_mult': 0.16315448403617833, 'g_stn_gpi_mult': 2.761682272555776, 'g_gpe_gpi_mult': 1.0961595700770808}. Best is trial 119 with value: 0.2337670588460598.
[I 2026-05-28 00:54:43,849] Trial 384 finished with value: 7.264896149507933 and parameters: {'ISTN': 77.24462274142404, 'I_gpe': 0.7231376598595649, 'I_gpi': 2.378470613069852, 'noise_stn_sigma': 5.920850903577505, 'noise_gpe_sigma': 93.4066036574511, 'noise_gpi_sigma': 81.37805697045246, 'g_stn_gpe_mult': 2.066670804299102, 'g_gpe_stn_mult': 0.13232682935036644, 'g_stn_gpi_mult': 2.402849345893748, 'g_gpe_gpi_mult': 1.124824095021572}. Best is trial 119 with value: 0.2337670588460598.
[I 2026-05-28 00:54:44,859] Trial 385 finished with value: 6.811688777903706 and parameters: {'ISTN': 73.15533885519791, 'I_gpe': 0.7210999520473347, 'I_gpi': 2.303333469947509, 'noise_stn_sigma': 6.433901562842796, 'noise_gpe_sigma': 83.32184413768474, 'noise_gpi_sigma': 85.23025894136136, 'g_stn_gpe_mult': 1.8976082399340668, 'g_gpe_stn_mult': 0.18013050104804645, 'g_stn_gpi_mult': 2.478018298790453, 'g_gpe_gpi_mult': 1.1315670706661403}. Best is trial 119 with value: 0.2337670588460598.
[I 2026-05-28 00:54:45,869] Trial 386 finished with value: 11.374144480841249 and parameters: {'ISTN': 73.2119515740321, 'I_gpe': 0.9282455535640033, 'I_gpi': 2.8527711296369995, 'noise_stn_sigma': 6.136319280683411, 'noise_gpe_sigma': 75.46435342920098, 'noise_gpi_sigma': 70.2293247536702, 'g_stn_gpe_mult': 1.8041831902027585, 'g_gpe_stn_mult': 0.2138661460875424, 'g_stn_gpi_mult': 2.439463091017542, 'g_gpe_gpi_mult': 1.006984031380469}. Best is trial 119 with value: 0.2337670588460598.
[I 2026-05-28 00:54:46,878] Trial 387 finished with value: 7.1145758644086765 and parameters: {'ISTN': 82.49440075761221, 'I_gpe': 0.7804128608383498, 'I_gpi': 2.203071917144457, 'noise_stn_sigma': 5.886670340722571, 'noise_gpe_sigma': 76.50631676467724, 'noise_gpi_sigma': 73.28607352635854, 'g_stn_gpe_mult': 1.9191093377146708, 'g_gpe_stn_mult': 0.17320434300419907, 'g_stn_gpi_mult': 2.58486370727215, 'g_gpe_gpi_mult': 1.1343724376981938}. Best is trial 119 with value: 0.2337670588460598.
[I 2026-05-28 00:54:47,887] Trial 388 finished with value: 9.06729100518004 and parameters: {'ISTN': 75.42010655038825, 'I_gpe': 0.910217288178737, 'I_gpi': 2.387344624157823, 'noise_stn_sigma': 6.020345076255865, 'noise_gpe_sigma': 71.10659046440031, 'noise_gpi_sigma': 71.17931819192367, 'g_stn_gpe_mult': 1.920518304314506, 'g_gpe_stn_mult': 0.18185981792231765, 'g_stn_gpi_mult': 2.5469285435983795, 'g_gpe_gpi_mult': 1.0416638606255426}. Best is trial 119 with value: 0.2337670588460598.
[I 2026-05-28 00:54:48,898] Trial 389 finished with value: 2.3709731000323164 and parameters: {'ISTN': 81.68036928785816, 'I_gpe': 0.7728416021084996, 'I_gpi': 2.0331569467211077, 'noise_stn_sigma': 5.838857539046353, 'noise_gpe_sigma': 83.5753429177065, 'noise_gpi_sigma': 71.89132937854006, 'g_stn_gpe_mult': 1.596239843687168, 'g_gpe_stn_mult': 0.1230339196115017, 'g_stn_gpi_mult': 2.1875806488141505, 'g_gpe_gpi_mult': 1.079596313191127}. Best is trial 119 with value: 0.2337670588460598.
[I 2026-05-28 00:54:49,910] Trial 390 finished with value: 4.306390001471103 and parameters: {'ISTN': 79.39892039477598, 'I_gpe': 0.717564964622678, 'I_gpi': 2.3564314985227286, 'noise_stn_sigma': 6.637496841294954, 'noise_gpe_sigma': 78.61591958999972, 'noise_gpi_sigma': 81.72332663804269, 'g_stn_gpe_mult': 1.609077833564579, 'g_gpe_stn_mult': 0.22157868457181645, 'g_stn_gpi_mult': 2.6945530292157565, 'g_gpe_gpi_mult': 1.0332588579862778}. Best is trial 119 with value: 0.2337670588460598.
[I 2026-05-28 00:54:50,861] Trial 391 finished with value: 1000000.0 and parameters: {'ISTN': 71.50989518815811, 'I_gpe': 0.7072683068353788, 'I_gpi': 2.3122291677826823, 'noise_stn_sigma': 5.3849565074447625, 'noise_gpe_sigma': 85.03602939492845, 'noise_gpi_sigma': 80.02806016246475, 'g_stn_gpe_mult': 1.954896199929865, 'g_gpe_stn_mult': 0.18137782089979576, 'g_stn_gpi_mult': 2.455556258643534, 'g_gpe_gpi_mult': 1.1122732820104377}. Best is trial 119 with value: 0.2337670588460598.
[I 2026-05-28 00:54:51,871] Trial 392 finished with value: 7.934007306836501 and parameters: {'ISTN': 70.50951140597793, 'I_gpe': 0.6866344920978673, 'I_gpi': 3.1401760714739457, 'noise_stn_sigma': 6.204346068924097, 'noise_gpe_sigma': 99.03637448360058, 'noise_gpi_sigma': 90.07385308315922, 'g_stn_gpe_mult': 1.8016890957680483, 'g_gpe_stn_mult': 0.22736496002148912, 'g_stn_gpi_mult': 2.371923589439307, 'g_gpe_gpi_mult': 0.9864665983263261}. Best is trial 119 with value: 0.2337670588460598.
[I 2026-05-28 00:54:52,879] Trial 393 finished with value: 8.481653218256458 and parameters: {'ISTN': 76.96587711113659, 'I_gpe': 0.8416721986459035, 'I_gpi': 2.564556102530915, 'noise_stn_sigma': 6.183432301879925, 'noise_gpe_sigma': 86.616880421861, 'noise_gpi_sigma': 69.10200842626095, 'g_stn_gpe_mult': 1.9641709432020142, 'g_gpe_stn_mult': 0.13819886038161167, 'g_stn_gpi_mult': 2.4349070028445383, 'g_gpe_gpi_mult': 1.071765942354506}. Best is trial 119 with value: 0.2337670588460598.
[I 2026-05-28 00:54:53,890] Trial 394 finished with value: 7.468305438140504 and parameters: {'ISTN': 76.66327893636151, 'I_gpe': 0.6683680579710111, 'I_gpi': 2.1678988277272087, 'noise_stn_sigma': 6.0936800878813395, 'noise_gpe_sigma': 82.88731167486763, 'noise_gpi_sigma': 81.49076241645957, 'g_stn_gpe_mult': 2.088194286267348, 'g_gpe_stn_mult': 0.18836045372265026, 'g_stn_gpi_mult': 2.400161121100141, 'g_gpe_gpi_mult': 1.1604441668160184}. Best is trial 119 with value: 0.2337670588460598.
[I 2026-05-28 00:54:54,902] Trial 395 finished with value: 2.9409882573698884 and parameters: {'ISTN': 75.17121070784941, 'I_gpe': 0.9704369417341738, 'I_gpi': 2.1985052578534434, 'noise_stn_sigma': 5.692486979201617, 'noise_gpe_sigma': 80.9556297859113, 'noise_gpi_sigma': 67.95698582650809, 'g_stn_gpe_mult': 1.96242472281663, 'g_gpe_stn_mult': 0.13079687922343003, 'g_stn_gpi_mult': 2.529296387358114, 'g_gpe_gpi_mult': 1.1664363366150585}. Best is trial 119 with value: 0.2337670588460598.
