[I 2026-05-28 01:11:11,221] Trial 352 finished with value: 0.2721733763697683 and parameters: {'ISTN': 97.76825639895796, 'I_gpe': 0.7943332940687968, 'I_gpi': 2.346253903578784, 'noise_stn_sigma': 2.639224843975242, 'noise_gpe_sigma': 101.74953913200916, 'noise_gpi_sigma': 142.25062550665533, 'g_stn_gpe_mult': 3.778168909890658, 'g_gpe_stn_mult': 1.4856096539246049, 'g_stn_gpi_mult': 2.6160118307376528, 'g_gpe_gpi_mult': 1.7518802643229172}. Best is trial 166 with value: 0.1435060865093464.
[I 2026-05-28 01:11:12,229] Trial 353 finished with value: 0.15007663971347873 and parameters: {'ISTN': 99.2286134493873, 'I_gpe': 0.7004115476146353, 'I_gpi': 2.1741121880089644, 'noise_stn_sigma': 2.285850312713783, 'noise_gpe_sigma': 103.27166810190515, 'noise_gpi_sigma': 139.80098813818552, 'g_stn_gpe_mult': 3.793342010914301, 'g_gpe_stn_mult': 1.4906298237018984, 'g_stn_gpi_mult': 2.6633227765569973, 'g_gpe_gpi_mult': 1.663907484607262}. Best is trial 166 with value: 0.1435060865093464.
[I 2026-05-28 01:11:13,235] Trial 354 finished with value: 0.29133884739461247 and parameters: {'ISTN': 94.02897975587175, 'I_gpe': 0.7243000482195574, 'I_gpi': 2.5243692657625196, 'noise_stn_sigma': 2.91464677960691, 'noise_gpe_sigma': 106.95917115962399, 'noise_gpi_sigma': 143.20320343081505, 'g_stn_gpe_mult': 3.7955215863391967, 'g_gpe_stn_mult': 1.4660891276242385, 'g_stn_gpi_mult': 2.689955873961554, 'g_gpe_gpi_mult': 1.716377659306463}. Best is trial 166 with value: 0.1435060865093464.
[I 2026-05-28 01:11:14,242] Trial 355 finished with value: 0.684217759679564 and parameters: {'ISTN': 97.96512681380156, 'I_gpe': 0.6685660694363755, 'I_gpi': 2.3451432633136964, 'noise_stn_sigma': 2.305512438297764, 'noise_gpe_sigma': 103.5950522068108, 'noise_gpi_sigma': 133.6325336141256, 'g_stn_gpe_mult': 3.743964034942292, 'g_gpe_stn_mult': 1.4751126637964276, 'g_stn_gpi_mult': 2.6316164594483635, 'g_gpe_gpi_mult': 1.6555383740265972}. Best is trial 166 with value: 0.1435060865093464.
[I 2026-05-28 01:11:15,249] Trial 356 finished with value: 0.30512578740977814 and parameters: {'ISTN': 99.2803121468697, 'I_gpe': 0.6145988549434468, 'I_gpi': 2.29683283430436, 'noise_stn_sigma': 2.4718188367281586, 'noise_gpe_sigma': 107.24838760939615, 'noise_gpi_sigma': 139.06417338582713, 'g_stn_gpe_mult': 3.9067964530025443, 'g_gpe_stn_mult': 1.476042382950873, 'g_stn_gpi_mult': 2.640661645298684, 'g_gpe_gpi_mult': 1.8016066520779226}. Best is trial 166 with value: 0.1435060865093464.
[I 2026-05-28 01:11:16,256] Trial 357 finished with value: 0.29363303848830685 and parameters: {'ISTN': 99.68225943628457, 'I_gpe': 0.5512053854899474, 'I_gpi': 1.9989262230198799, 'noise_stn_sigma': 2.2805122699907288, 'noise_gpe_sigma': 107.58377795560764, 'noise_gpi_sigma': 132.57395393103255, 'g_stn_gpe_mult': 3.711299531075236, 'g_gpe_stn_mult': 1.5223366610463387, 'g_stn_gpi_mult': 2.575255156734537, 'g_gpe_gpi_mult': 1.6656487943273481}. Best is trial 166 with value: 0.1435060865093464.
[I 2026-05-28 01:11:17,264] Trial 358 finished with value: 1.4081731092846717 and parameters: {'ISTN': 103.84939243882842, 'I_gpe': 0.7346870117148352, 'I_gpi': 2.3706545057228197, 'noise_stn_sigma': 2.5784651617326144, 'noise_gpe_sigma': 105.74682342764083, 'noise_gpi_sigma': 131.71246240203607, 'g_stn_gpe_mult': 3.6531289254711665, 'g_gpe_stn_mult': 1.5655221533863957, 'g_stn_gpi_mult': 2.698550533335016, 'g_gpe_gpi_mult': 1.7401843559214814}. Best is trial 166 with value: 0.1435060865093464.
[I 2026-05-28 01:11:18,274] Trial 359 finished with value: 0.33271972825088214 and parameters: {'ISTN': 98.44921948311114, 'I_gpe': 0.8026019819145899, 'I_gpi': 2.304211640526629, 'noise_stn_sigma': 1.994434765887585, 'noise_gpe_sigma': 99.5333531149534, 'noise_gpi_sigma': 141.68360474033392, 'g_stn_gpe_mult': 3.9112372124166868, 'g_gpe_stn_mult': 1.511023702948312, 'g_stn_gpi_mult': 2.3762036247744347, 'g_gpe_gpi_mult': 1.793973040765482}. Best is trial 166 with value: 0.1435060865093464.
[I 2026-05-28 01:11:19,280] Trial 360 finished with value: 0.16292471304558792 and parameters: {'ISTN': 96.33193872547116, 'I_gpe': 0.6476377749489484, 'I_gpi': 2.2675024161734605, 'noise_stn_sigma': 2.3391404075491087, 'noise_gpe_sigma': 103.18717362964398, 'noise_gpi_sigma': 144.5622344849486, 'g_stn_gpe_mult': 3.925676842294873, 'g_gpe_stn_mult': 1.4895191542882358, 'g_stn_gpi_mult': 2.32087279541651, 'g_gpe_gpi_mult': 1.7694127057407445}. Best is trial 166 with value: 0.1435060865093464.
[I 2026-05-28 01:11:20,290] Trial 361 finished with value: 0.25950866761358055 and parameters: {'ISTN': 99.9578751786998, 'I_gpe': 0.7681225989790677, 'I_gpi': 2.1901516992041334, 'noise_stn_sigma': 2.0116049836908516, 'noise_gpe_sigma': 106.23353790636982, 'noise_gpi_sigma': 143.2962561289915, 'g_stn_gpe_mult': 3.6919247136666713, 'g_gpe_stn_mult': 1.5313986097983254, 'g_stn_gpi_mult': 2.60095442160953, 'g_gpe_gpi_mult': 1.7417107098147604}. Best is trial 166 with value: 0.1435060865093464.
[I 2026-05-28 01:11:21,298] Trial 362 finished with value: 0.9065859845144201 and parameters: {'ISTN': 99.51573027475813, 'I_gpe': 0.8312183028824272, 'I_gpi': 1.996991984227009, 'noise_stn_sigma': 2.519291890887028, 'noise_gpe_sigma': 106.49074373854035, 'noise_gpi_sigma': 140.28255243547738, 'g_stn_gpe_mult': 3.984674047454633, 'g_gpe_stn_mult': 1.4987892371449159, 'g_stn_gpi_mult': 2.6762984942502364, 'g_gpe_gpi_mult': 1.8480812066571422}. Best is trial 166 with value: 0.1435060865093464.
[I 2026-05-28 01:11:22,306] Trial 363 finished with value: 0.25398358325733544 and parameters: {'ISTN': 101.54309255513688, 'I_gpe': 0.7967129184791371, 'I_gpi': 2.3893065263271698, 'noise_stn_sigma': 2.8025762819103037, 'noise_gpe_sigma': 96.88639836407752, 'noise_gpi_sigma': 141.0281425600494, 'g_stn_gpe_mult': 3.8552577903060294, 'g_gpe_stn_mult': 1.5491327659595078, 'g_stn_gpi_mult': 2.5575665561040175, 'g_gpe_gpi_mult': 1.6337735991990059}. Best is trial 166 with value: 0.1435060865093464.
[I 2026-05-28 01:11:23,316] Trial 364 finished with value: 0.21673247528508524 and parameters: {'ISTN': 94.57706104273251, 'I_gpe': 0.6783844791255752, 'I_gpi': 2.09023591848303, 'noise_stn_sigma': 2.330464871624495, 'noise_gpe_sigma': 101.47055571071503, 'noise_gpi_sigma': 141.68911519169274, 'g_stn_gpe_mult': 3.796276681805072, 'g_gpe_stn_mult': 1.4772307982974424, 'g_stn_gpi_mult': 2.742934321734557, 'g_gpe_gpi_mult': 1.7221176713836555}. Best is trial 166 with value: 0.1435060865093464.
[I 2026-05-28 01:11:24,323] Trial 365 finished with value: 0.1643125630498288 and parameters: {'ISTN': 97.31457831535924, 'I_gpe': 0.7609160559187536, 'I_gpi': 2.33789865808446, 'noise_stn_sigma': 2.6534339407537146, 'noise_gpe_sigma': 104.7482358818879, 'noise_gpi_sigma': 143.94917062970683, 'g_stn_gpe_mult': 3.8247126053890392, 'g_gpe_stn_mult': 1.4381909045028012, 'g_stn_gpi_mult': 2.467913857446423, 'g_gpe_gpi_mult': 1.6708963652846924}. Best is trial 166 with value: 0.1435060865093464.
[I 2026-05-28 01:11:25,331] Trial 366 finished with value: 0.3098215975617949 and parameters: {'ISTN': 98.7884655159388, 'I_gpe': 0.7746213011512344, 'I_gpi': 2.472290864831421, 'noise_stn_sigma': 2.451439815512295, 'noise_gpe_sigma': 103.64461157964166, 'noise_gpi_sigma': 140.4835140174275, 'g_stn_gpe_mult': 3.7025341039983726, 'g_gpe_stn_mult': 1.5078627462389236, 'g_stn_gpi_mult': 2.533397381286563, 'g_gpe_gpi_mult': 1.7728686153124509}. Best is trial 166 with value: 0.1435060865093464.
[I 2026-05-28 01:11:26,338] Trial 367 finished with value: 0.1886552308050849 and parameters: {'ISTN': 95.57248272122081, 'I_gpe': 0.6691130583705878, 'I_gpi': 2.2253487192452095, 'noise_stn_sigma': 2.4539077266847826, 'noise_gpe_sigma': 107.69899919111704, 'noise_gpi_sigma': 141.71710830830716, 'g_stn_gpe_mult': 3.967225640190023, 'g_gpe_stn_mult': 1.4991258722927923, 'g_stn_gpi_mult': 2.6239391227371014, 'g_gpe_gpi_mult': 1.708568701412536}. Best is trial 166 with value: 0.1435060865093464.
[I 2026-05-28 01:11:27,345] Trial 368 finished with value: 0.3470683923792001 and parameters: {'ISTN': 97.36651325466634, 'I_gpe': 0.6869493524360258, 'I_gpi': 2.3704737576623107, 'noise_stn_sigma': 2.176927031586757, 'noise_gpe_sigma': 101.16801916863756, 'noise_gpi_sigma': 145.58570169587026, 'g_stn_gpe_mult': 3.8774368576871745, 'g_gpe_stn_mult': 1.427386162251883, 'g_stn_gpi_mult': 2.5113288809943906, 'g_gpe_gpi_mult': 1.6128883113231673}. Best is trial 166 with value: 0.1435060865093464.
[I 2026-05-28 01:11:28,351] Trial 369 finished with value: 0.7855658964160139 and parameters: {'ISTN': 98.10565644859366, 'I_gpe': 0.7154736345452338, 'I_gpi': 2.398214654925102, 'noise_stn_sigma': 2.2150263618244077, 'noise_gpe_sigma': 108.47948206414137, 'noise_gpi_sigma': 140.3423257870361, 'g_stn_gpe_mult': 3.7810116551091664, 'g_gpe_stn_mult': 1.4670227991104794, 'g_stn_gpi_mult': 2.6756443480898824, 'g_gpe_gpi_mult': 1.7157164736880424}. Best is trial 166 with value: 0.1435060865093464.
[I 2026-05-28 01:11:29,360] Trial 370 finished with value: 0.20952394096987242 and parameters: {'ISTN': 99.73211072498549, 'I_gpe': 0.7025872895710707, 'I_gpi': 1.9816045100082076, 'noise_stn_sigma': 2.611268836714083, 'noise_gpe_sigma': 102.92581641596328, 'noise_gpi_sigma': 142.33036534792154, 'g_stn_gpe_mult': 3.7877523812932616, 'g_gpe_stn_mult': 1.4641076125578434, 'g_stn_gpi_mult': 2.3729518762853425, 'g_gpe_gpi_mult': 1.7359188430336476}. Best is trial 166 with value: 0.1435060865093464.
[I 2026-05-28 01:11:30,369] Trial 371 finished with value: 0.1479545420935286 and parameters: {'ISTN': 98.49919335168363, 'I_gpe': 0.7373469140403631, 'I_gpi': 2.15852974809221, 'noise_stn_sigma': 2.5433998273484977, 'noise_gpe_sigma': 105.5514649187891, 'noise_gpi_sigma': 143.04741016165192, 'g_stn_gpe_mult': 3.975007218130058, 'g_gpe_stn_mult': 1.4570472254924536, 'g_stn_gpi_mult': 2.328334612924, 'g_gpe_gpi_mult': 1.7020654998141886}. Best is trial 166 with value: 0.1435060865093464.
[I 2026-05-28 01:11:31,377] Trial 372 finished with value: 0.24136477211222337 and parameters: {'ISTN': 94.65945767308955, 'I_gpe': 0.6957331517587891, 'I_gpi': 2.336735482889368, 'noise_stn_sigma': 2.5510461251735057, 'noise_gpe_sigma': 105.37914129952367, 'noise_gpi_sigma': 140.47961647048106, 'g_stn_gpe_mult': 3.8597735824062123, 'g_gpe_stn_mult': 1.4810348417775245, 'g_stn_gpi_mult': 2.5356358913288557, 'g_gpe_gpi_mult': 1.6662738472757714}. Best is trial 166 with value: 0.1435060865093464.
[I 2026-05-28 01:11:32,383] Trial 373 finished with value: 1.5172761291960926 and parameters: {'ISTN': 95.06763008520315, 'I_gpe': 0.8480144065190072, 'I_gpi': 2.5774226580798576, 'noise_stn_sigma': 2.4944182661697907, 'noise_gpe_sigma': 104.5436178374334, 'noise_gpi_sigma': 144.32177570152697, 'g_stn_gpe_mult': 3.9081017504440987, 'g_gpe_stn_mult': 1.434237374230151, 'g_stn_gpi_mult': 2.589774678299607, 'g_gpe_gpi_mult': 1.6824471210184984}. Best is trial 166 with value: 0.1435060865093464.
[I 2026-05-28 01:11:33,390] Trial 374 finished with value: 2.439173253228209 and parameters: {'ISTN': 94.41701968536151, 'I_gpe': 0.7689706262973971, 'I_gpi': 2.165535391572327, 'noise_stn_sigma': 2.5808816664922887, 'noise_gpe_sigma': 104.1304608830822, 'noise_gpi_sigma': 138.9637128361768, 'g_stn_gpe_mult': 3.882388966621894, 'g_gpe_stn_mult': 1.4232491577660455, 'g_stn_gpi_mult': 2.389369424731012, 'g_gpe_gpi_mult': 1.6671255850548492}. Best is trial 166 with value: 0.1435060865093464.
[I 2026-05-28 01:11:34,398] Trial 375 finished with value: 0.5761628400691771 and parameters: {'ISTN': 94.68933423855839, 'I_gpe': 0.7342890351988778, 'I_gpi': 2.314688221850111, 'noise_stn_sigma': 2.5524561668847423, 'noise_gpe_sigma': 104.50754460487028, 'noise_gpi_sigma': 142.70682548817683, 'g_stn_gpe_mult': 3.897130316830259, 'g_gpe_stn_mult': 1.4659705615473357, 'g_stn_gpi_mult': 2.576369322868853, 'g_gpe_gpi_mult': 1.699036211691669}. Best is trial 166 with value: 0.1435060865093464.
[I 2026-05-28 01:11:35,407] Trial 376 finished with value: 0.1604572242224493 and parameters: {'ISTN': 98.7725305057817, 'I_gpe': 0.686769147326534, 'I_gpi': 2.1825082659865327, 'noise_stn_sigma': 2.6291309078346714, 'noise_gpe_sigma': 105.6026744581858, 'noise_gpi_sigma': 146.8013554215898, 'g_stn_gpe_mult': 3.648509968942413, 'g_gpe_stn_mult': 1.5056039358168707, 'g_stn_gpi_mult': 2.555076539632714, 'g_gpe_gpi_mult': 1.7145723138693236}. Best is trial 166 with value: 0.1435060865093464.
[I 2026-05-28 01:11:36,413] Trial 377 finished with value: 1.5886162314929755 and parameters: {'ISTN': 96.48351727204616, 'I_gpe': 0.6617726473755664, 'I_gpi': 2.2738578791155444, 'noise_stn_sigma': 2.3048368870031766, 'noise_gpe_sigma': 100.61265128401241, 'noise_gpi_sigma': 147.59969966423802, 'g_stn_gpe_mult': 3.8275927034348105, 'g_gpe_stn_mult': 1.4236272627480062, 'g_stn_gpi_mult': 2.359140090396287, 'g_gpe_gpi_mult': 1.6538979779781329}. Best is trial 166 with value: 0.1435060865093464.
[I 2026-05-28 01:11:37,418] Trial 378 finished with value: 0.23488733138316767 and parameters: {'ISTN': 93.72897041000331, 'I_gpe': 0.5569363728093849, 'I_gpi': 2.2095553101247924, 'noise_stn_sigma': 2.6440635358553912, 'noise_gpe_sigma': 105.06869228131418, 'noise_gpi_sigma': 146.79110200831337, 'g_stn_gpe_mult': 3.997346215483602, 'g_gpe_stn_mult': 1.4525853804352262, 'g_stn_gpi_mult': 2.398969652858627, 'g_gpe_gpi_mult': 1.6356768491323097}. Best is trial 166 with value: 0.1435060865093464.
[I 2026-05-28 01:11:38,427] Trial 379 finished with value: 2.2704364883972405 and parameters: {'ISTN': 96.42565161207368, 'I_gpe': 0.6875521914165585, 'I_gpi': 2.152639759852979, 'noise_stn_sigma': 2.656595742199767, 'noise_gpe_sigma': 106.53304157228231, 'noise_gpi_sigma': 136.82257151861285, 'g_stn_gpe_mult': 3.854036040943028, 'g_gpe_stn_mult': 1.4508440493728407, 'g_stn_gpi_mult': 2.538909867800007, 'g_gpe_gpi_mult': 1.695468122655188}. Best is trial 166 with value: 0.1435060865093464.
[I 2026-05-28 01:11:39,433] Trial 380 finished with value: 0.1729653964995444 and parameters: {'ISTN': 95.83950326782765, 'I_gpe': 0.6931289742135834, 'I_gpi': 2.284092850706682, 'noise_stn_sigma': 2.5336820023986384, 'noise_gpe_sigma': 106.50134036018001, 'noise_gpi_sigma': 142.5595702673457, 'g_stn_gpe_mult': 3.8175994568192197, 'g_gpe_stn_mult': 1.4258341069000198, 'g_stn_gpi_mult': 2.5896256611948525, 'g_gpe_gpi_mult': 1.7509951297071624}. Best is trial 166 with value: 0.1435060865093464.
[I 2026-05-28 01:11:40,443] Trial 381 finished with value: 0.3324415891820905 and parameters: {'ISTN': 99.56632239093759, 'I_gpe': 0.7827803002256214, 'I_gpi': 2.2092817915980287, 'noise_stn_sigma': 2.317817655222872, 'noise_gpe_sigma': 105.64333962743925, 'noise_gpi_sigma': 142.050498248603, 'g_stn_gpe_mult': 3.8037867936313585, 'g_gpe_stn_mult': 1.5098879421669653, 'g_stn_gpi_mult': 2.5176556215449453, 'g_gpe_gpi_mult': 1.7271460948949304}. Best is trial 166 with value: 0.1435060865093464.
[I 2026-05-28 01:11:41,450] Trial 382 finished with value: 0.15495690129381962 and parameters: {'ISTN': 100.03071322275201, 'I_gpe': 0.7831990653490976, 'I_gpi': 2.3073385953278605, 'noise_stn_sigma': 2.6068038242654827, 'noise_gpe_sigma': 103.4048707767067, 'noise_gpi_sigma': 142.77275928375863, 'g_stn_gpe_mult': 3.9672491504623015, 'g_gpe_stn_mult': 1.4847685486510274, 'g_stn_gpi_mult': 2.638004867001334, 'g_gpe_gpi_mult': 1.814417863878792}. Best is trial 166 with value: 0.1435060865093464.
[I 2026-05-28 01:11:42,457] Trial 383 finished with value: 1.0851196816381679 and parameters: {'ISTN': 96.9227761838381, 'I_gpe': 0.6938808390425857, 'I_gpi': 2.1168979293722723, 'noise_stn_sigma': 2.9444580625083954, 'noise_gpe_sigma': 102.35860792548533, 'noise_gpi_sigma': 146.65365718656093, 'g_stn_gpe_mult': 3.930994019578142, 'g_gpe_stn_mult': 1.4291574930360134, 'g_stn_gpi_mult': 2.458682090044738, 'g_gpe_gpi_mult': 1.6372257527500897}. Best is trial 166 with value: 0.1435060865093464.
[I 2026-05-28 01:11:43,462] Trial 384 finished with value: 0.15161307780911512 and parameters: {'ISTN': 99.22304201032533, 'I_gpe': 0.7211896385311719, 'I_gpi': 2.14951568106314, 'noise_stn_sigma': 2.894921743512312, 'noise_gpe_sigma': 106.29556349344396, 'noise_gpi_sigma': 142.0021720829002, 'g_stn_gpe_mult': 3.8128278613524462, 'g_gpe_stn_mult': 1.4851135651747827, 'g_stn_gpi_mult': 2.4870603652250773, 'g_gpe_gpi_mult': 1.7190319506359615}. Best is trial 166 with value: 0.1435060865093464.
[I 2026-05-28 01:11:44,470] Trial 385 finished with value: 1.4157163548005156 and parameters: {'ISTN': 95.59667123401803, 'I_gpe': 0.7241088317569699, 'I_gpi': 2.1278785243647684, 'noise_stn_sigma': 2.6926080748829637, 'noise_gpe_sigma': 108.59895089949, 'noise_gpi_sigma': 139.27603318339635, 'g_stn_gpe_mult': 3.851517040650074, 'g_gpe_stn_mult': 1.4223325643179376, 'g_stn_gpi_mult': 2.4157466860241255, 'g_gpe_gpi_mult': 1.752244734986529}. Best is trial 166 with value: 0.1435060865093464.
[I 2026-05-28 01:11:45,477] Trial 386 finished with value: 0.24088920779929276 and parameters: {'ISTN': 93.63780626779406, 'I_gpe': 0.5536092530049942, 'I_gpi': 2.4039023435460516, 'noise_stn_sigma': 2.496763884080612, 'noise_gpe_sigma': 106.33594680210456, 'noise_gpi_sigma': 139.44563404429778, 'g_stn_gpe_mult': 4.017788366105041, 'g_gpe_stn_mult': 1.434854068617077, 'g_stn_gpi_mult': 2.4996775907732425, 'g_gpe_gpi_mult': 1.6727050292487222}. Best is trial 166 with value: 0.1435060865093464.
[I 2026-05-28 01:11:46,484] Trial 387 finished with value: 0.16990858487126828 and parameters: {'ISTN': 97.5597433248683, 'I_gpe': 0.6839922125854999, 'I_gpi': 2.1624247973300648, 'noise_stn_sigma': 2.4172347396591394, 'noise_gpe_sigma': 101.00314179690994, 'noise_gpi_sigma': 143.2823725859057, 'g_stn_gpe_mult': 3.8998197331316797, 'g_gpe_stn_mult': 1.4667640425837034, 'g_stn_gpi_mult': 2.423928797750498, 'g_gpe_gpi_mult': 1.7458180534452026}. Best is trial 166 with value: 0.1435060865093464.
[I 2026-05-28 01:11:47,491] Trial 388 finished with value: 1.517573021728288 and parameters: {'ISTN': 98.56976677334953, 'I_gpe': 0.7856247996999162, 'I_gpi': 2.1790469801310026, 'noise_stn_sigma': 2.6198520799057334, 'noise_gpe_sigma': 103.7159358568173, 'noise_gpi_sigma': 145.7961584869514, 'g_stn_gpe_mult': 3.504819154824722, 'g_gpe_stn_mult': 1.4582396517221987, 'g_stn_gpi_mult': 2.532519798006921, 'g_gpe_gpi_mult': 1.674353611051963}. Best is trial 166 with value: 0.1435060865093464.
[I 2026-05-28 01:11:48,498] Trial 389 finished with value: 1.9388086021231525 and parameters: {'ISTN': 102.00373537810975, 'I_gpe': 0.7627965131374537, 'I_gpi': 2.2537242166981573, 'noise_stn_sigma': 2.2539570436538696, 'noise_gpe_sigma': 108.38480210887624, 'noise_gpi_sigma': 141.44002006599706, 'g_stn_gpe_mult': 3.8600861246618607, 'g_gpe_stn_mult': 1.4991141305505473, 'g_stn_gpi_mult': 2.563540388150432, 'g_gpe_gpi_mult': 1.746262318593397}. Best is trial 166 with value: 0.1435060865093464.
[I 2026-05-28 01:11:49,505] Trial 390 finished with value: 0.18442163334582423 and parameters: {'ISTN': 95.00329067328798, 'I_gpe': 0.7393797151581272, 'I_gpi': 2.366251088113464, 'noise_stn_sigma': 2.4932627132894023, 'noise_gpe_sigma': 106.85448774562768, 'noise_gpi_sigma': 142.36363353697215, 'g_stn_gpe_mult': 4.011645117555611, 'g_gpe_stn_mult': 1.3865621047296708, 'g_stn_gpi_mult': 2.3554903746286433, 'g_gpe_gpi_mult': 1.7869784916476126}. Best is trial 166 with value: 0.1435060865093464.
[I 2026-05-28 01:11:50,513] Trial 391 finished with value: 0.1629438662522965 and parameters: {'ISTN': 96.2388191820466, 'I_gpe': 0.7435249333798245, 'I_gpi': 2.2562009941614045, 'noise_stn_sigma': 2.8602653489920358, 'noise_gpe_sigma': 104.42053471861469, 'noise_gpi_sigma': 142.96316106244387, 'g_stn_gpe_mult': 3.945663010998116, 'g_gpe_stn_mult': 1.4412660868106266, 'g_stn_gpi_mult': 2.530528845135065, 'g_gpe_gpi_mult': 1.7398350482081315}. Best is trial 166 with value: 0.1435060865093464.
[I 2026-05-28 01:11:51,518] Trial 392 finished with value: 4.758585444126172 and parameters: {'ISTN': 97.77544148830077, 'I_gpe': 0.8178824159144678, 'I_gpi': 2.0765479207090367, 'noise_stn_sigma': 2.9381682751750455, 'noise_gpe_sigma': 97.30420228214234, 'noise_gpi_sigma': 142.31520744838377, 'g_stn_gpe_mult': 3.6665364156295452, 'g_gpe_stn_mult': 1.419273082033217, 'g_stn_gpi_mult': 2.666367104154502, 'g_gpe_gpi_mult': 1.588115854305472}. Best is trial 166 with value: 0.1435060865093464.
[I 2026-05-28 01:11:52,525] Trial 393 finished with value: 0.23719504185448193 and parameters: {'ISTN': 101.97298194977853, 'I_gpe': 0.700729737666917, 'I_gpi': 2.2003052468936137, 'noise_stn_sigma': 2.6696436948684887, 'noise_gpe_sigma': 103.99991757778545, 'noise_gpi_sigma': 146.35923578376276, 'g_stn_gpe_mult': 3.8057580491722094, 'g_gpe_stn_mult': 1.484826117622711, 'g_stn_gpi_mult': 2.52638989963391, 'g_gpe_gpi_mult': 1.7121888941919714}. Best is trial 166 with value: 0.1435060865093464.
[I 2026-05-28 01:11:53,530] Trial 394 finished with value: 0.1602696174088317 and parameters: {'ISTN': 98.60669407359283, 'I_gpe': 0.8028003695713279, 'I_gpi': 2.1573145605862676, 'noise_stn_sigma': 3.0070519775226203, 'noise_gpe_sigma': 104.25246653748731, 'noise_gpi_sigma': 145.8943858699667, 'g_stn_gpe_mult': 3.8931350206584407, 'g_gpe_stn_mult': 1.4504027916651305, 'g_stn_gpi_mult': 2.4533488507059817, 'g_gpe_gpi_mult': 1.797054842572815}. Best is trial 166 with value: 0.1435060865093464.
[I 2026-05-28 01:11:54,478] Trial 395 finished with value: 1000000.0 and parameters: {'ISTN': 99.70801286804785, 'I_gpe': 0.6972145174509656, 'I_gpi': 2.269096083983427, 'noise_stn_sigma': 2.6586738622797883, 'noise_gpe_sigma': 106.33393580441336, 'noise_gpi_sigma': 146.9716989366566, 'g_stn_gpe_mult': 4.009437559946946, 'g_gpe_stn_mult': 1.514446560347041, 'g_stn_gpi_mult': 2.5056182386629184, 'g_gpe_gpi_mult': 1.779645434345723}. Best is trial 166 with value: 0.1435060865093464.
