[I 2026-05-28 03:05:35,395] Trial 88 finished with value: 10.629695950637707 and parameters: {'ISTN': 68.80668677525995, 'I_gpe': 1.1623218773719821, 'I_gpi': 2.553614360245914, 'noise_stn_sigma': 2.3773847876511427, 'noise_gpe_sigma': 138.39777994203075, 'noise_gpi_sigma': 67.7173702145146, 'g_stn_gpe_mult': 3.1111207377667895, 'g_gpe_stn_mult': 0.27549607509809204, 'g_stn_gpi_mult': 2.302057539423899, 'g_gpe_gpi_mult': 0.97420138349479}. Best is trial 72 with value: 1.085955108988597.
[I 2026-05-28 03:05:36,403] Trial 89 finished with value: 11.95847379777935 and parameters: {'ISTN': 76.0754247656165, 'I_gpe': 1.3218662108578878, 'I_gpi': 2.653690143680371, 'noise_stn_sigma': 2.91918845266098, 'noise_gpe_sigma': 102.38394354268561, 'noise_gpi_sigma': 81.96750036969941, 'g_stn_gpe_mult': 2.626300563908529, 'g_gpe_stn_mult': 0.2710735633450099, 'g_stn_gpi_mult': 2.003488933698952, 'g_gpe_gpi_mult': 0.7584985548729697}. Best is trial 72 with value: 1.085955108988597.
[I 2026-05-28 03:05:37,415] Trial 90 finished with value: 10.46240415856099 and parameters: {'ISTN': 65.612467777223, 'I_gpe': 0.8756871186487366, 'I_gpi': 2.577050882154465, 'noise_stn_sigma': 3.655136256368192, 'noise_gpe_sigma': 146.168822761287, 'noise_gpi_sigma': 82.42924283090898, 'g_stn_gpe_mult': 2.074338096461476, 'g_gpe_stn_mult': 0.3136466337454128, 'g_stn_gpi_mult': 2.4140091364764213, 'g_gpe_gpi_mult': 0.9133318752838895}. Best is trial 72 with value: 1.085955108988597.
[I 2026-05-28 03:05:38,426] Trial 91 finished with value: 13.59767327877447 and parameters: {'ISTN': 78.74484142261554, 'I_gpe': 1.8530353472556058, 'I_gpi': 3.0183977572735086, 'noise_stn_sigma': 4.955178675125676, 'noise_gpe_sigma': 96.76881658799964, 'noise_gpi_sigma': 91.93314330450868, 'g_stn_gpe_mult': 2.606722393395625, 'g_gpe_stn_mult': 0.38358078247819694, 'g_stn_gpi_mult': 2.5849045225601155, 'g_gpe_gpi_mult': 0.9332824330887772}. Best is trial 72 with value: 1.085955108988597.
[I 2026-05-28 03:05:39,440] Trial 92 finished with value: 10.715497923356832 and parameters: {'ISTN': 67.63686912391323, 'I_gpe': 1.9566874226088766, 'I_gpi': 2.4408280777894724, 'noise_stn_sigma': 3.2529005152451322, 'noise_gpe_sigma': 93.75364744991967, 'noise_gpi_sigma': 100.25712266586096, 'g_stn_gpe_mult': 2.5544978856423666, 'g_gpe_stn_mult': 0.41150700079991, 'g_stn_gpi_mult': 2.4784042967782076, 'g_gpe_gpi_mult': 0.8155115002059441}. Best is trial 72 with value: 1.085955108988597.
[I 2026-05-28 03:05:40,451] Trial 93 finished with value: 13.802452258849573 and parameters: {'ISTN': 71.10898232329649, 'I_gpe': 1.03446899613879, 'I_gpi': 2.0130790150274858, 'noise_stn_sigma': 4.816947400235433, 'noise_gpe_sigma': 57.5818008384469, 'noise_gpi_sigma': 79.17000262518417, 'g_stn_gpe_mult': 2.6345110187770127, 'g_gpe_stn_mult': 0.33093676566536623, 'g_stn_gpi_mult': 2.383565048628321, 'g_gpe_gpi_mult': 0.9802447224050339}. Best is trial 72 with value: 1.085955108988597.
[I 2026-05-28 03:05:41,465] Trial 94 finished with value: 12.428779354646188 and parameters: {'ISTN': 87.64376687770923, 'I_gpe': 1.612869730506186, 'I_gpi': 3.0141617960995415, 'noise_stn_sigma': 4.640293909840333, 'noise_gpe_sigma': 100.3759048141544, 'noise_gpi_sigma': 118.22599373817897, 'g_stn_gpe_mult': 2.106398770247101, 'g_gpe_stn_mult': 0.2152045144079047, 'g_stn_gpi_mult': 1.4044661094031303, 'g_gpe_gpi_mult': 0.7855959923466289}. Best is trial 72 with value: 1.085955108988597.
[I 2026-05-28 03:05:42,479] Trial 95 finished with value: 17.519575190706192 and parameters: {'ISTN': 86.35185788507991, 'I_gpe': 1.710644847407468, 'I_gpi': 1.9263042094273721, 'noise_stn_sigma': 2.740126864194675, 'noise_gpe_sigma': 84.17851900624295, 'noise_gpi_sigma': 121.79483443732926, 'g_stn_gpe_mult': 2.4236152197770324, 'g_gpe_stn_mult': 0.5341912318388072, 'g_stn_gpi_mult': 2.425161123529551, 'g_gpe_gpi_mult': 1.13243906638213}. Best is trial 72 with value: 1.085955108988597.
[I 2026-05-28 03:05:43,491] Trial 96 finished with value: 14.632827908647231 and parameters: {'ISTN': 68.09670841803296, 'I_gpe': 2.2256439621745785, 'I_gpi': 2.9876714442270065, 'noise_stn_sigma': 3.805968766020907, 'noise_gpe_sigma': 118.64054970021834, 'noise_gpi_sigma': 75.99382811428015, 'g_stn_gpe_mult': 2.1625463892959855, 'g_gpe_stn_mult': 0.4324218638641275, 'g_stn_gpi_mult': 2.2172224647748826, 'g_gpe_gpi_mult': 0.7685779620577853}. Best is trial 72 with value: 1.085955108988597.
[I 2026-05-28 03:05:44,502] Trial 97 finished with value: 1.798930128748032 and parameters: {'ISTN': 61.21358605216358, 'I_gpe': 1.3914076331825398, 'I_gpi': 2.615072028244491, 'noise_stn_sigma': 3.764307976397494, 'noise_gpe_sigma': 100.12510490732961, 'noise_gpi_sigma': 119.28222368703265, 'g_stn_gpe_mult': 2.237080077494129, 'g_gpe_stn_mult': 0.3898802452621488, 'g_stn_gpi_mult': 2.4216341417964102, 'g_gpe_gpi_mult': 0.7971010893964836}. Best is trial 72 with value: 1.085955108988597.
[I 2026-05-28 03:05:45,514] Trial 98 finished with value: 10.124621597962069 and parameters: {'ISTN': 67.05957635921736, 'I_gpe': 1.4674923204884123, 'I_gpi': 2.9399896335447373, 'noise_stn_sigma': 4.4774534444496155, 'noise_gpe_sigma': 104.32972659570724, 'noise_gpi_sigma': 127.16910320934306, 'g_stn_gpe_mult': 2.3695504904239657, 'g_gpe_stn_mult': 0.5176130472562637, 'g_stn_gpi_mult': 2.1850462407826, 'g_gpe_gpi_mult': 0.9107727496658085}. Best is trial 72 with value: 1.085955108988597.
[I 2026-05-28 03:05:46,524] Trial 99 finished with value: 8.363455025241077 and parameters: {'ISTN': 66.20541131857271, 'I_gpe': 2.2044199596035465, 'I_gpi': 2.405977844751894, 'noise_stn_sigma': 1.915378376618118, 'noise_gpe_sigma': 124.57996776389786, 'noise_gpi_sigma': 87.9767874316959, 'g_stn_gpe_mult': 2.4855545539594144, 'g_gpe_stn_mult': 0.20569855485601285, 'g_stn_gpi_mult': 3.3798498370459997, 'g_gpe_gpi_mult': 0.7754511997138966}. Best is trial 72 with value: 1.085955108988597.
[I 2026-05-28 03:05:47,535] Trial 100 finished with value: 9.65264950129471 and parameters: {'ISTN': 62.78063174826648, 'I_gpe': 1.862189541070507, 'I_gpi': 3.434617211120905, 'noise_stn_sigma': 1.6666562542976873, 'noise_gpe_sigma': 108.35799371659711, 'noise_gpi_sigma': 132.25066627171586, 'g_stn_gpe_mult': 1.7305018478295047, 'g_gpe_stn_mult': 0.5488494376756656, 'g_stn_gpi_mult': 2.4274841479820486, 'g_gpe_gpi_mult': 1.0934222042486323}. Best is trial 72 with value: 1.085955108988597.
[I 2026-05-28 03:05:48,547] Trial 101 finished with value: 15.846721374829048 and parameters: {'ISTN': 85.94936242077092, 'I_gpe': 1.3425418223202827, 'I_gpi': 2.608743505860416, 'noise_stn_sigma': 1.9683591860708805, 'noise_gpe_sigma': 85.4689551579041, 'noise_gpi_sigma': 114.99021028970981, 'g_stn_gpe_mult': 2.503000130845076, 'g_gpe_stn_mult': 0.4394915057620239, 'g_stn_gpi_mult': 2.4349113146708925, 'g_gpe_gpi_mult': 1.0101385433447743}. Best is trial 72 with value: 1.085955108988597.
[I 2026-05-28 03:05:49,557] Trial 102 finished with value: 14.149202071555559 and parameters: {'ISTN': 70.51727558540233, 'I_gpe': 1.7981653292105086, 'I_gpi': 2.0922712827860406, 'noise_stn_sigma': 1.9801931416739578, 'noise_gpe_sigma': 136.01898899229684, 'noise_gpi_sigma': 143.91727336590372, 'g_stn_gpe_mult': 2.252003222916062, 'g_gpe_stn_mult': 0.37094149872167614, 'g_stn_gpi_mult': 1.9344322114872503, 'g_gpe_gpi_mult': 0.7661685409882444}. Best is trial 72 with value: 1.085955108988597.
[I 2026-05-28 03:05:50,568] Trial 103 finished with value: 12.826465057828083 and parameters: {'ISTN': 64.67162893339338, 'I_gpe': 2.08726027959948, 'I_gpi': 2.5588978383515344, 'noise_stn_sigma': 2.576299887370938, 'noise_gpe_sigma': 118.81629602087058, 'noise_gpi_sigma': 102.18011317478741, 'g_stn_gpe_mult': 2.4051443946634605, 'g_gpe_stn_mult': 0.3380753865825593, 'g_stn_gpi_mult': 2.539837455184827, 'g_gpe_gpi_mult': 0.7563397391083206}. Best is trial 72 with value: 1.085955108988597.
[I 2026-05-28 03:05:51,578] Trial 104 finished with value: 12.041245930834208 and parameters: {'ISTN': 64.02042336844082, 'I_gpe': 1.915716683560026, 'I_gpi': 3.0200335990920113, 'noise_stn_sigma': 4.153978157249161, 'noise_gpe_sigma': 128.6007424284375, 'noise_gpi_sigma': 121.88851946935267, 'g_stn_gpe_mult': 2.478847176888493, 'g_gpe_stn_mult': 0.3317641442458149, 'g_stn_gpi_mult': 2.958246001462426, 'g_gpe_gpi_mult': 0.6134015632164973}. Best is trial 72 with value: 1.085955108988597.
[I 2026-05-28 03:05:52,593] Trial 105 finished with value: 16.61811810111556 and parameters: {'ISTN': 86.34113697604928, 'I_gpe': 1.4124721349534504, 'I_gpi': 1.6032882072700732, 'noise_stn_sigma': 2.6654698460108044, 'noise_gpe_sigma': 70.59610220924814, 'noise_gpi_sigma': 80.95726802106547, 'g_stn_gpe_mult': 2.4855394554759176, 'g_gpe_stn_mult': 0.26876780293358565, 'g_stn_gpi_mult': 2.248767382069417, 'g_gpe_gpi_mult': 0.7330898729366124}. Best is trial 72 with value: 1.085955108988597.
[I 2026-05-28 03:05:53,605] Trial 106 finished with value: 11.767955315392708 and parameters: {'ISTN': 68.3784341063983, 'I_gpe': 1.3707593062765464, 'I_gpi': 2.477856817875352, 'noise_stn_sigma': 4.588985103781138, 'noise_gpe_sigma': 95.74549755789394, 'noise_gpi_sigma': 121.087027249817, 'g_stn_gpe_mult': 2.554284128179461, 'g_gpe_stn_mult': 0.4011402987333522, 'g_stn_gpi_mult': 2.743418427067839, 'g_gpe_gpi_mult': 0.9110452006136736}. Best is trial 72 with value: 1.085955108988597.
[I 2026-05-28 03:05:54,617] Trial 107 finished with value: 11.554139902843332 and parameters: {'ISTN': 68.68794580216188, 'I_gpe': 1.825552134958113, 'I_gpi': 2.295201238376511, 'noise_stn_sigma': 3.7550718313429154, 'noise_gpe_sigma': 94.73437186536168, 'noise_gpi_sigma': 91.81254937566054, 'g_stn_gpe_mult': 2.4859229104054816, 'g_gpe_stn_mult': 0.38074378038900314, 'g_stn_gpi_mult': 1.796920293289848, 'g_gpe_gpi_mult': 0.9371475837242116}. Best is trial 72 with value: 1.085955108988597.
[I 2026-05-28 03:05:55,628] Trial 108 finished with value: 15.498601885398028 and parameters: {'ISTN': 80.33067993598837, 'I_gpe': 2.9859184196453996, 'I_gpi': 3.1163656678682017, 'noise_stn_sigma': 3.0925855548514014, 'noise_gpe_sigma': 117.80848416304623, 'noise_gpi_sigma': 105.35774198878799, 'g_stn_gpe_mult': 1.5742275126870802, 'g_gpe_stn_mult': 0.30019314865963187, 'g_stn_gpi_mult': 2.2762081945772223, 'g_gpe_gpi_mult': 1.0556811244027855}. Best is trial 72 with value: 1.085955108988597.
[I 2026-05-28 03:05:56,639] Trial 109 finished with value: 13.465910100296238 and parameters: {'ISTN': 77.83866243823499, 'I_gpe': 1.5421274435709615, 'I_gpi': 2.8084142042644573, 'noise_stn_sigma': 3.043244553070755, 'noise_gpe_sigma': 115.99209426584669, 'noise_gpi_sigma': 114.5857268334565, 'g_stn_gpe_mult': 2.3580073653135005, 'g_gpe_stn_mult': 0.40887261072762104, 'g_stn_gpi_mult': 2.7382390317678875, 'g_gpe_gpi_mult': 0.7633839745598734}. Best is trial 72 with value: 1.085955108988597.
[I 2026-05-28 03:05:57,652] Trial 110 finished with value: 11.530736022300971 and parameters: {'ISTN': 80.10379187393944, 'I_gpe': 1.663020587015533, 'I_gpi': 2.234281104628468, 'noise_stn_sigma': 2.050392957236509, 'noise_gpe_sigma': 118.33520815244434, 'noise_gpi_sigma': 137.00941601964186, 'g_stn_gpe_mult': 2.087927597895304, 'g_gpe_stn_mult': 0.44097999707012636, 'g_stn_gpi_mult': 2.9116414371310024, 'g_gpe_gpi_mult': 0.6841749616633082}. Best is trial 72 with value: 1.085955108988597.
[I 2026-05-28 03:05:58,664] Trial 111 finished with value: 14.104814701470554 and parameters: {'ISTN': 69.67362464009626, 'I_gpe': 1.9569636212310686, 'I_gpi': 2.4324160415056, 'noise_stn_sigma': 4.193940357671868, 'noise_gpe_sigma': 92.07225394469212, 'noise_gpi_sigma': 106.7359875725156, 'g_stn_gpe_mult': 2.9287540403992383, 'g_gpe_stn_mult': 0.4615822331581686, 'g_stn_gpi_mult': 2.272955738455371, 'g_gpe_gpi_mult': 0.643845396033238}. Best is trial 72 with value: 1.085955108988597.
[I 2026-05-28 03:05:59,673] Trial 112 finished with value: 16.400158655209264 and parameters: {'ISTN': 89.96394793738557, 'I_gpe': 2.2969866483724664, 'I_gpi': 2.8685650443853126, 'noise_stn_sigma': 3.7091928016122684, 'noise_gpe_sigma': 140.15976816630848, 'noise_gpi_sigma': 90.97890052084239, 'g_stn_gpe_mult': 2.0615437566082893, 'g_gpe_stn_mult': 0.36617554918355777, 'g_stn_gpi_mult': 2.7080664570331967, 'g_gpe_gpi_mult': 0.5872444939411416}. Best is trial 72 with value: 1.085955108988597.
[I 2026-05-28 03:06:00,685] Trial 113 finished with value: 1.474495231012013 and parameters: {'ISTN': 60.76993568866347, 'I_gpe': 2.4209225948478448, 'I_gpi': 2.85730693382908, 'noise_stn_sigma': 2.4816817472522628, 'noise_gpe_sigma': 120.5132488485974, 'noise_gpi_sigma': 131.7583800673798, 'g_stn_gpe_mult': 2.7348180663799857, 'g_gpe_stn_mult': 0.3252548069190835, 'g_stn_gpi_mult': 2.4312759565058286, 'g_gpe_gpi_mult': 0.8278144586771667}. Best is trial 72 with value: 1.085955108988597.
[I 2026-05-28 03:06:01,635] Trial 114 finished with value: 1000000.0 and parameters: {'ISTN': 80.0889668815835, 'I_gpe': 2.031817137132976, 'I_gpi': 2.6140183798266934, 'noise_stn_sigma': 3.6517482098042335, 'noise_gpe_sigma': 83.28959652488444, 'noise_gpi_sigma': 114.91333401206937, 'g_stn_gpe_mult': 2.333660830390868, 'g_gpe_stn_mult': 0.46420784640466606, 'g_stn_gpi_mult': 2.8737254030103827, 'g_gpe_gpi_mult': 0.7878022105824698}. Best is trial 72 with value: 1.085955108988597.
[I 2026-05-28 03:06:02,645] Trial 115 finished with value: 15.74144778309836 and parameters: {'ISTN': 77.22924299635912, 'I_gpe': 1.8590942832672432, 'I_gpi': 2.807715396956894, 'noise_stn_sigma': 1.2532628784790099, 'noise_gpe_sigma': 117.0379532317562, 'noise_gpi_sigma': 111.60147944093413, 'g_stn_gpe_mult': 2.2407392723193738, 'g_gpe_stn_mult': 0.44372545738946456, 'g_stn_gpi_mult': 1.84227616010619, 'g_gpe_gpi_mult': 0.8635529218872382}. Best is trial 72 with value: 1.085955108988597.
[I 2026-05-28 03:06:03,657] Trial 116 finished with value: 17.86310434091711 and parameters: {'ISTN': 87.75948760475701, 'I_gpe': 1.7532887515954374, 'I_gpi': 2.9433444729896467, 'noise_stn_sigma': 3.8516908736089124, 'noise_gpe_sigma': 108.44100148677684, 'noise_gpi_sigma': 118.7241643706708, 'g_stn_gpe_mult': 2.6596841976179117, 'g_gpe_stn_mult': 0.449882217145099, 'g_stn_gpi_mult': 2.080036793601178, 'g_gpe_gpi_mult': 0.7141945279188713}. Best is trial 72 with value: 1.085955108988597.
[I 2026-05-28 03:06:04,666] Trial 117 finished with value: 14.248497963482329 and parameters: {'ISTN': 70.93946123599562, 'I_gpe': 1.3795203753292078, 'I_gpi': 2.3420625456646014, 'noise_stn_sigma': 3.0767601197975503, 'noise_gpe_sigma': 103.1171626665259, 'noise_gpi_sigma': 124.35385140959572, 'g_stn_gpe_mult': 2.2806764627475444, 'g_gpe_stn_mult': 0.4131247793033349, 'g_stn_gpi_mult': 2.857721081597364, 'g_gpe_gpi_mult': 0.8515079021286136}. Best is trial 72 with value: 1.085955108988597.
[I 2026-05-28 03:06:05,678] Trial 118 finished with value: 16.4813829903705 and parameters: {'ISTN': 82.34527026590708, 'I_gpe': 2.133651963624748, 'I_gpi': 2.226366341983043, 'noise_stn_sigma': 3.5000979433200112, 'noise_gpe_sigma': 122.34831889578703, 'noise_gpi_sigma': 107.87811893342841, 'g_stn_gpe_mult': 2.3315970813181734, 'g_gpe_stn_mult': 0.3003245201410527, 'g_stn_gpi_mult': 1.7816617769284806, 'g_gpe_gpi_mult': 0.9171510787311397}. Best is trial 72 with value: 1.085955108988597.
[I 2026-05-28 03:06:06,689] Trial 119 finished with value: 12.805717561292322 and parameters: {'ISTN': 70.18376452553018, 'I_gpe': 1.9089215998830509, 'I_gpi': 2.4190044827339703, 'noise_stn_sigma': 4.3101891292931445, 'noise_gpe_sigma': 104.21519015132125, 'noise_gpi_sigma': 149.7170209080595, 'g_stn_gpe_mult': 2.0632837185464408, 'g_gpe_stn_mult': 0.5438233076514561, 'g_stn_gpi_mult': 2.531544643204299, 'g_gpe_gpi_mult': 0.8963866857498244}. Best is trial 72 with value: 1.085955108988597.
[I 2026-05-28 03:06:07,699] Trial 120 finished with value: 13.971196702424006 and parameters: {'ISTN': 80.03196794156078, 'I_gpe': 1.669086482840031, 'I_gpi': 2.1028778397676193, 'noise_stn_sigma': 3.8761849698374897, 'noise_gpe_sigma': 113.45996438788887, 'noise_gpi_sigma': 107.8049002838547, 'g_stn_gpe_mult': 2.5136896547989367, 'g_gpe_stn_mult': 0.3037449262299984, 'g_stn_gpi_mult': 2.178575135318629, 'g_gpe_gpi_mult': 0.7480040884613866}. Best is trial 72 with value: 1.085955108988597.
[I 2026-05-28 03:06:08,712] Trial 121 finished with value: 14.113919879895313 and parameters: {'ISTN': 72.07800957370154, 'I_gpe': 2.520424732716038, 'I_gpi': 2.519319959238814, 'noise_stn_sigma': 3.714848165241037, 'noise_gpe_sigma': 82.81695378485881, 'noise_gpi_sigma': 127.09511151202574, 'g_stn_gpe_mult': 2.250563961996569, 'g_gpe_stn_mult': 0.395009626699402, 'g_stn_gpi_mult': 2.4790006764311023, 'g_gpe_gpi_mult': 0.7745890201527108}. Best is trial 72 with value: 1.085955108988597.
[I 2026-05-28 03:06:09,724] Trial 122 finished with value: 12.885691313650693 and parameters: {'ISTN': 72.16737443687154, 'I_gpe': 2.1635485095405205, 'I_gpi': 1.7830135635429132, 'noise_stn_sigma': 4.900119431469758, 'noise_gpe_sigma': 120.47057885080609, 'noise_gpi_sigma': 129.4463797263432, 'g_stn_gpe_mult': 2.0813674595000666, 'g_gpe_stn_mult': 0.5077419499721945, 'g_stn_gpi_mult': 2.3648702358496516, 'g_gpe_gpi_mult': 0.8401141434511357}. Best is trial 72 with value: 1.085955108988597.
[I 2026-05-28 03:06:10,737] Trial 123 finished with value: 15.266307470738694 and parameters: {'ISTN': 71.4351074131288, 'I_gpe': 2.6475905486120213, 'I_gpi': 2.3265454827356624, 'noise_stn_sigma': 3.083503272815964, 'noise_gpe_sigma': 106.86182049763603, 'noise_gpi_sigma': 119.98146439501124, 'g_stn_gpe_mult': 2.76693223224952, 'g_gpe_stn_mult': 0.3252641110548627, 'g_stn_gpi_mult': 3.3410741594444757, 'g_gpe_gpi_mult': 0.7358287670591941}. Best is trial 72 with value: 1.085955108988597.
[I 2026-05-28 03:06:11,749] Trial 124 finished with value: 15.071623281629686 and parameters: {'ISTN': 75.5213600237227, 'I_gpe': 2.0146044040534443, 'I_gpi': 1.8810521945303975, 'noise_stn_sigma': 2.9710657095088258, 'noise_gpe_sigma': 120.37014292389654, 'noise_gpi_sigma': 97.94301781642449, 'g_stn_gpe_mult': 3.1334787817196648, 'g_gpe_stn_mult': 0.4171346697666325, 'g_stn_gpi_mult': 2.6512620989073534, 'g_gpe_gpi_mult': 0.5907367168193798}. Best is trial 72 with value: 1.085955108988597.
[I 2026-05-28 03:06:12,764] Trial 125 finished with value: 13.020756739135711 and parameters: {'ISTN': 70.74138608068233, 'I_gpe': 2.292675160834232, 'I_gpi': 2.117231319293927, 'noise_stn_sigma': 3.0024042501212453, 'noise_gpe_sigma': 136.18623363230046, 'noise_gpi_sigma': 136.73067538787762, 'g_stn_gpe_mult': 3.466429015251343, 'g_gpe_stn_mult': 0.3951724983208271, 'g_stn_gpi_mult': 2.444233869442491, 'g_gpe_gpi_mult': 0.8892264630490538}. Best is trial 72 with value: 1.085955108988597.
[I 2026-05-28 03:06:13,777] Trial 126 finished with value: 14.772232326604229 and parameters: {'ISTN': 84.46474462449925, 'I_gpe': 2.2607030302328255, 'I_gpi': 2.9399218881423628, 'noise_stn_sigma': 2.2717570093606385, 'noise_gpe_sigma': 119.79562588469412, 'noise_gpi_sigma': 99.33925079923185, 'g_stn_gpe_mult': 2.168275805273824, 'g_gpe_stn_mult': 0.3125865897346411, 'g_stn_gpi_mult': 2.601063187088032, 'g_gpe_gpi_mult': 0.6240405581233435}. Best is trial 72 with value: 1.085955108988597.
[I 2026-05-28 03:06:14,790] Trial 127 finished with value: 9.906704648925563 and parameters: {'ISTN': 61.93968732278951, 'I_gpe': 2.442511253698501, 'I_gpi': 2.855078076553683, 'noise_stn_sigma': 3.1154507346078124, 'noise_gpe_sigma': 97.55058096879122, 'noise_gpi_sigma': 137.9674814584921, 'g_stn_gpe_mult': 2.5121314034207924, 'g_gpe_stn_mult': 0.3388606941713257, 'g_stn_gpi_mult': 2.656773528150687, 'g_gpe_gpi_mult': 0.8044040935357506}. Best is trial 72 with value: 1.085955108988597.
[I 2026-05-28 03:06:15,801] Trial 128 finished with value: 9.135008292166896 and parameters: {'ISTN': 62.48195115970468, 'I_gpe': 1.8398476470192735, 'I_gpi': 2.287819067502019, 'noise_stn_sigma': 3.5824838822535088, 'noise_gpe_sigma': 98.20680128392848, 'noise_gpi_sigma': 129.9735465744451, 'g_stn_gpe_mult': 2.4872448997151553, 'g_gpe_stn_mult': 0.4378815345500515, 'g_stn_gpi_mult': 2.4907976237577407, 'g_gpe_gpi_mult': 0.621557020645309}. Best is trial 72 with value: 1.085955108988597.
[I 2026-05-28 03:06:16,816] Trial 129 finished with value: 8.533016273304685 and parameters: {'ISTN': 65.1547171674924, 'I_gpe': 2.263010209702469, 'I_gpi': 3.083223725290063, 'noise_stn_sigma': 3.161356605298251, 'noise_gpe_sigma': 90.02067204513949, 'noise_gpi_sigma': 139.5036398836325, 'g_stn_gpe_mult': 2.0463422699234526, 'g_gpe_stn_mult': 0.31026105291871947, 'g_stn_gpi_mult': 2.4051981735754566, 'g_gpe_gpi_mult': 0.67694949387682}. Best is trial 72 with value: 1.085955108988597.
[I 2026-05-28 03:06:17,826] Trial 130 finished with value: 14.761519339427883 and parameters: {'ISTN': 84.03371814067671, 'I_gpe': 2.272746490204947, 'I_gpi': 2.8283879859086487, 'noise_stn_sigma': 5.256338568580086, 'noise_gpe_sigma': 117.6829075133762, 'noise_gpi_sigma': 120.1537146825055, 'g_stn_gpe_mult': 2.5386863613366684, 'g_gpe_stn_mult': 0.39256483633332495, 'g_stn_gpi_mult': 2.400159493297965, 'g_gpe_gpi_mult': 0.932828056427663}. Best is trial 72 with value: 1.085955108988597.
[I 2026-05-28 03:06:18,839] Trial 131 finished with value: 9.444253806813098 and parameters: {'ISTN': 64.2146051306404, 'I_gpe': 1.7652143796849962, 'I_gpi': 2.6074751241140914, 'noise_stn_sigma': 3.132571964904512, 'noise_gpe_sigma': 76.64269736217774, 'noise_gpi_sigma': 123.91465056635359, 'g_stn_gpe_mult': 2.622235899032133, 'g_gpe_stn_mult': 0.3322933824080565, 'g_stn_gpi_mult': 3.170356781218759, 'g_gpe_gpi_mult': 0.6982898724913322}. Best is trial 72 with value: 1.085955108988597.
