[I 2026-05-28 04:02:28,176] Trial 440 finished with value: 0.14242198783205007 and parameters: {'ISTN': 61.404615821390856, 'I_gpe': 1.1221523577946853, 'I_gpi': 1.9983993672937272, 'noise_stn_sigma': 2.799186651832113, 'noise_gpe_sigma': 100.44708445682802, 'noise_gpi_sigma': 81.34727346150751, 'g_stn_gpe_mult': 3.337047782328237, 'g_gpe_stn_mult': 0.14883268779496445, 'g_stn_gpi_mult': 2.4582732903690907, 'g_gpe_gpi_mult': 0.4109852605942181}. Best is trial 396 with value: 0.1359141905235467.
[I 2026-05-28 04:02:29,183] Trial 441 finished with value: 0.15193827699606902 and parameters: {'ISTN': 60.707166179543634, 'I_gpe': 1.0393437750156855, 'I_gpi': 1.9188951535319503, 'noise_stn_sigma': 2.5687990503483493, 'noise_gpe_sigma': 102.16984488968211, 'noise_gpi_sigma': 78.30716258237821, 'g_stn_gpe_mult': 3.4757760629672054, 'g_gpe_stn_mult': 0.1662761552042921, 'g_stn_gpi_mult': 2.522569093328842, 'g_gpe_gpi_mult': 0.3732375697916051}. Best is trial 396 with value: 0.1359141905235467.
[I 2026-05-28 04:02:30,190] Trial 442 finished with value: 0.48180819799454255 and parameters: {'ISTN': 60.70675557566852, 'I_gpe': 1.1292723440989323, 'I_gpi': 1.9445762152411676, 'noise_stn_sigma': 2.5799862445225377, 'noise_gpe_sigma': 101.39488984858764, 'noise_gpi_sigma': 78.40555089517045, 'g_stn_gpe_mult': 3.367662951359004, 'g_gpe_stn_mult': 0.1568121628256703, 'g_stn_gpi_mult': 2.4518316832245626, 'g_gpe_gpi_mult': 0.3796392198300613}. Best is trial 396 with value: 0.1359141905235467.
[I 2026-05-28 04:02:31,195] Trial 443 finished with value: 0.15261185430177787 and parameters: {'ISTN': 60.57311079229767, 'I_gpe': 1.131139337254384, 'I_gpi': 2.1054144941972597, 'noise_stn_sigma': 3.053820412927418, 'noise_gpe_sigma': 101.43623037063398, 'noise_gpi_sigma': 73.76291992850943, 'g_stn_gpe_mult': 3.500691140439668, 'g_gpe_stn_mult': 0.17566383328033033, 'g_stn_gpi_mult': 2.5286410786418974, 'g_gpe_gpi_mult': 0.39762142229660996}. Best is trial 396 with value: 0.1359141905235467.
[I 2026-05-28 04:02:32,199] Trial 444 finished with value: 0.14541404815119607 and parameters: {'ISTN': 60.13057035906274, 'I_gpe': 1.1004264880922612, 'I_gpi': 2.0032988363468234, 'noise_stn_sigma': 2.8614648112436987, 'noise_gpe_sigma': 106.49784985134445, 'noise_gpi_sigma': 78.18481542647886, 'g_stn_gpe_mult': 3.350179671769493, 'g_gpe_stn_mult': 0.1570341562169604, 'g_stn_gpi_mult': 2.5338748337373582, 'g_gpe_gpi_mult': 0.34618822719596065}. Best is trial 396 with value: 0.1359141905235467.
[I 2026-05-28 04:02:33,205] Trial 445 finished with value: 0.47093653775117283 and parameters: {'ISTN': 60.519225909880284, 'I_gpe': 1.1133446469742965, 'I_gpi': 2.0221047283099, 'noise_stn_sigma': 2.615174793697256, 'noise_gpe_sigma': 104.25958822965183, 'noise_gpi_sigma': 80.40354307207859, 'g_stn_gpe_mult': 3.5125136830791464, 'g_gpe_stn_mult': 0.15411173151244334, 'g_stn_gpi_mult': 2.499261951866727, 'g_gpe_gpi_mult': 0.3629046491428721}. Best is trial 396 with value: 0.1359141905235467.
[I 2026-05-28 04:02:34,209] Trial 446 finished with value: 0.1702832438217254 and parameters: {'ISTN': 60.49549420381805, 'I_gpe': 1.1834850331776674, 'I_gpi': 2.0185324880089057, 'noise_stn_sigma': 2.9001367001631806, 'noise_gpe_sigma': 104.35253874320915, 'noise_gpi_sigma': 80.48974992860741, 'g_stn_gpe_mult': 3.4474896758057643, 'g_gpe_stn_mult': 0.1411342280654706, 'g_stn_gpi_mult': 2.5144246385715396, 'g_gpe_gpi_mult': 0.3712836079415817}. Best is trial 396 with value: 0.1359141905235467.
[I 2026-05-28 04:02:35,215] Trial 447 finished with value: 0.14307295333953987 and parameters: {'ISTN': 60.444675671933965, 'I_gpe': 0.9837109262402268, 'I_gpi': 1.9396008793937776, 'noise_stn_sigma': 2.572509679918028, 'noise_gpe_sigma': 104.13626684188593, 'noise_gpi_sigma': 77.93950754006494, 'g_stn_gpe_mult': 3.5358336368373418, 'g_gpe_stn_mult': 0.17626629574098918, 'g_stn_gpi_mult': 2.4673281308142054, 'g_gpe_gpi_mult': 0.3708227659150406}. Best is trial 396 with value: 0.1359141905235467.
[I 2026-05-28 04:02:36,218] Trial 448 finished with value: 0.3281180975041564 and parameters: {'ISTN': 60.42406638023848, 'I_gpe': 0.9774201200636499, 'I_gpi': 2.032993291257755, 'noise_stn_sigma': 2.6092797750849184, 'noise_gpe_sigma': 101.65192391511134, 'noise_gpi_sigma': 79.7910943645165, 'g_stn_gpe_mult': 3.4011575150441624, 'g_gpe_stn_mult': 0.1657387761254074, 'g_stn_gpi_mult': 2.5075696385603914, 'g_gpe_gpi_mult': 0.35410102538228394}. Best is trial 396 with value: 0.1359141905235467.
[I 2026-05-28 04:02:37,224] Trial 449 finished with value: 0.14333291399940504 and parameters: {'ISTN': 61.41646832366325, 'I_gpe': 1.1608703521488728, 'I_gpi': 2.0718243659288107, 'noise_stn_sigma': 2.881819806004143, 'noise_gpe_sigma': 101.01704483875291, 'noise_gpi_sigma': 81.68417919678504, 'g_stn_gpe_mult': 3.3980499374272926, 'g_gpe_stn_mult': 0.1570431605124344, 'g_stn_gpi_mult': 2.4414856458552423, 'g_gpe_gpi_mult': 0.3979909534847935}. Best is trial 396 with value: 0.1359141905235467.
[I 2026-05-28 04:02:38,230] Trial 450 finished with value: 0.17914500125993185 and parameters: {'ISTN': 60.70712705956925, 'I_gpe': 0.9990887070656169, 'I_gpi': 2.0168190337918643, 'noise_stn_sigma': 2.8161229111928336, 'noise_gpe_sigma': 102.57221640700965, 'noise_gpi_sigma': 77.7264123244415, 'g_stn_gpe_mult': 3.4668045396703073, 'g_gpe_stn_mult': 0.13840244019065068, 'g_stn_gpi_mult': 2.469446127698607, 'g_gpe_gpi_mult': 0.37744372278412325}. Best is trial 396 with value: 0.1359141905235467.
[I 2026-05-28 04:02:39,237] Trial 451 finished with value: 0.14954896586917427 and parameters: {'ISTN': 61.728239499442566, 'I_gpe': 1.092733820853102, 'I_gpi': 2.0367709643531287, 'noise_stn_sigma': 2.828945072249569, 'noise_gpe_sigma': 102.60117062961619, 'noise_gpi_sigma': 78.84052308011618, 'g_stn_gpe_mult': 3.496002408909575, 'g_gpe_stn_mult': 0.15848840605776793, 'g_stn_gpi_mult': 2.465217443132996, 'g_gpe_gpi_mult': 0.4055072491690045}. Best is trial 396 with value: 0.1359141905235467.
[I 2026-05-28 04:02:40,243] Trial 452 finished with value: 0.17653971355983308 and parameters: {'ISTN': 63.228733142025796, 'I_gpe': 0.9969434939905875, 'I_gpi': 1.9492582607834692, 'noise_stn_sigma': 2.5026689959003776, 'noise_gpe_sigma': 107.12615343229547, 'noise_gpi_sigma': 79.82621083241004, 'g_stn_gpe_mult': 3.4001340098769255, 'g_gpe_stn_mult': 0.15706167886675979, 'g_stn_gpi_mult': 2.475748799653851, 'g_gpe_gpi_mult': 0.3640709467710683}. Best is trial 396 with value: 0.1359141905235467.
[I 2026-05-28 04:02:41,250] Trial 453 finished with value: 0.15332589196067378 and parameters: {'ISTN': 60.4405111996581, 'I_gpe': 0.9506418681295469, 'I_gpi': 1.988779717334031, 'noise_stn_sigma': 2.657755249085022, 'noise_gpe_sigma': 102.73801521338676, 'noise_gpi_sigma': 78.81328108227817, 'g_stn_gpe_mult': 3.6264179641736765, 'g_gpe_stn_mult': 0.19519491253804938, 'g_stn_gpi_mult': 2.33870483049282, 'g_gpe_gpi_mult': 0.3697229091258376}. Best is trial 396 with value: 0.1359141905235467.
[I 2026-05-28 04:02:42,256] Trial 454 finished with value: 0.1680852136986957 and parameters: {'ISTN': 61.792460684589386, 'I_gpe': 1.07708966725956, 'I_gpi': 1.920900328032543, 'noise_stn_sigma': 2.6725844028656507, 'noise_gpe_sigma': 107.16999736469434, 'noise_gpi_sigma': 78.66307197479435, 'g_stn_gpe_mult': 3.5315927323946688, 'g_gpe_stn_mult': 0.17401588481370828, 'g_stn_gpi_mult': 2.4432488404606305, 'g_gpe_gpi_mult': 0.3788466861117125}. Best is trial 396 with value: 0.1359141905235467.
[I 2026-05-28 04:02:43,260] Trial 455 finished with value: 0.15128662907599963 and parameters: {'ISTN': 61.499054487326944, 'I_gpe': 1.0753899719166204, 'I_gpi': 2.105563522983533, 'noise_stn_sigma': 2.7504649619484223, 'noise_gpe_sigma': 104.42108208913542, 'noise_gpi_sigma': 79.5817150118134, 'g_stn_gpe_mult': 3.468914284494376, 'g_gpe_stn_mult': 0.16327963942113907, 'g_stn_gpi_mult': 2.5220213182172713, 'g_gpe_gpi_mult': 0.40601758058902127}. Best is trial 396 with value: 0.1359141905235467.
[I 2026-05-28 04:02:44,266] Trial 456 finished with value: 0.1433035351804754 and parameters: {'ISTN': 60.832123488882665, 'I_gpe': 1.0323624699343055, 'I_gpi': 2.0453492675183838, 'noise_stn_sigma': 2.7099122075104662, 'noise_gpe_sigma': 102.7181635155332, 'noise_gpi_sigma': 82.09521989609347, 'g_stn_gpe_mult': 3.5272790316166485, 'g_gpe_stn_mult': 0.16611344849558343, 'g_stn_gpi_mult': 2.4600149564827944, 'g_gpe_gpi_mult': 0.3694443056658767}. Best is trial 396 with value: 0.1359141905235467.
[I 2026-05-28 04:02:45,275] Trial 457 finished with value: 0.1501617024819441 and parameters: {'ISTN': 62.00908239286573, 'I_gpe': 1.1352005931895237, 'I_gpi': 2.0468125858236546, 'noise_stn_sigma': 2.539838512872013, 'noise_gpe_sigma': 104.3444018366545, 'noise_gpi_sigma': 79.33470345506075, 'g_stn_gpe_mult': 3.479661589699799, 'g_gpe_stn_mult': 0.15969901773350298, 'g_stn_gpi_mult': 2.5137892218658084, 'g_gpe_gpi_mult': 0.3312449065576585}. Best is trial 396 with value: 0.1359141905235467.
[I 2026-05-28 04:02:46,279] Trial 458 finished with value: 0.41281132061936243 and parameters: {'ISTN': 60.44081606290023, 'I_gpe': 1.0176218457425072, 'I_gpi': 1.9292768563347504, 'noise_stn_sigma': 2.5581743978341587, 'noise_gpe_sigma': 103.37432327988078, 'noise_gpi_sigma': 76.8494107457522, 'g_stn_gpe_mult': 3.409673663911868, 'g_gpe_stn_mult': 0.14723904774270383, 'g_stn_gpi_mult': 2.498104573645782, 'g_gpe_gpi_mult': 0.39929116978962453}. Best is trial 396 with value: 0.1359141905235467.
[I 2026-05-28 04:02:47,283] Trial 459 finished with value: 0.28796413378101915 and parameters: {'ISTN': 60.142141375117646, 'I_gpe': 1.0536350316221328, 'I_gpi': 1.9412957767732453, 'noise_stn_sigma': 2.6991568093109723, 'noise_gpe_sigma': 101.73923061185891, 'noise_gpi_sigma': 79.61239770397052, 'g_stn_gpe_mult': 3.460949782997556, 'g_gpe_stn_mult': 0.16960472220597367, 'g_stn_gpi_mult': 2.463811867639993, 'g_gpe_gpi_mult': 0.36840822575801757}. Best is trial 396 with value: 0.1359141905235467.
[I 2026-05-28 04:02:48,286] Trial 460 finished with value: 0.13882259333220118 and parameters: {'ISTN': 60.27381010656842, 'I_gpe': 1.1255275966311902, 'I_gpi': 1.990652716211637, 'noise_stn_sigma': 2.482366797993334, 'noise_gpe_sigma': 103.3429861678677, 'noise_gpi_sigma': 82.91434526183374, 'g_stn_gpe_mult': 3.479829343758257, 'g_gpe_stn_mult': 0.18275240637747903, 'g_stn_gpi_mult': 2.428605863278131, 'g_gpe_gpi_mult': 0.34016296155021475}. Best is trial 396 with value: 0.1359141905235467.
[I 2026-05-28 04:02:49,290] Trial 461 finished with value: 0.6304134782751208 and parameters: {'ISTN': 61.262248005842075, 'I_gpe': 1.1549992561860285, 'I_gpi': 2.011900742496132, 'noise_stn_sigma': 2.7113627584839666, 'noise_gpe_sigma': 103.42955672746479, 'noise_gpi_sigma': 78.7417036525002, 'g_stn_gpe_mult': 3.3450645056437445, 'g_gpe_stn_mult': 0.14606834125898438, 'g_stn_gpi_mult': 2.4634386749152, 'g_gpe_gpi_mult': 0.3543389100904461}. Best is trial 396 with value: 0.1359141905235467.
[I 2026-05-28 04:02:50,296] Trial 462 finished with value: 0.1470314138555698 and parameters: {'ISTN': 61.08631503171461, 'I_gpe': 1.057390773857108, 'I_gpi': 1.947039209268754, 'noise_stn_sigma': 2.6805763974946246, 'noise_gpe_sigma': 102.87408121803972, 'noise_gpi_sigma': 79.79236037700137, 'g_stn_gpe_mult': 3.601273542246302, 'g_gpe_stn_mult': 0.1716579951760333, 'g_stn_gpi_mult': 2.472289184306212, 'g_gpe_gpi_mult': 0.3564397401035734}. Best is trial 396 with value: 0.1359141905235467.
[I 2026-05-28 04:02:51,303] Trial 463 finished with value: 0.14360816499173104 and parameters: {'ISTN': 60.159722726311976, 'I_gpe': 1.111538068016111, 'I_gpi': 1.9122134966630457, 'noise_stn_sigma': 2.7002131247514, 'noise_gpe_sigma': 103.84021984264822, 'noise_gpi_sigma': 82.46962101064997, 'g_stn_gpe_mult': 3.405609964964908, 'g_gpe_stn_mult': 0.18598531477874142, 'g_stn_gpi_mult': 2.546474197415, 'g_gpe_gpi_mult': 0.3679616497033045}. Best is trial 396 with value: 0.1359141905235467.
[I 2026-05-28 04:02:52,307] Trial 464 finished with value: 0.14995653413095547 and parameters: {'ISTN': 60.84652719285911, 'I_gpe': 1.1359601160566224, 'I_gpi': 2.1549884647238393, 'noise_stn_sigma': 2.75265557955675, 'noise_gpe_sigma': 102.65731665895981, 'noise_gpi_sigma': 77.27424547708027, 'g_stn_gpe_mult': 3.352355489771121, 'g_gpe_stn_mult': 0.1667024004993273, 'g_stn_gpi_mult': 2.509611881034831, 'g_gpe_gpi_mult': 0.3992014371101276}. Best is trial 396 with value: 0.1359141905235467.
[I 2026-05-28 04:02:53,315] Trial 465 finished with value: 0.15287304148813935 and parameters: {'ISTN': 60.263732017844845, 'I_gpe': 1.1579624968820965, 'I_gpi': 2.0448400019196113, 'noise_stn_sigma': 2.6937421372384276, 'noise_gpe_sigma': 101.43892522163402, 'noise_gpi_sigma': 80.78342931187939, 'g_stn_gpe_mult': 3.6046806970183805, 'g_gpe_stn_mult': 0.19446230978430518, 'g_stn_gpi_mult': 2.5244600607740564, 'g_gpe_gpi_mult': 0.3091985502515374}. Best is trial 396 with value: 0.1359141905235467.
[I 2026-05-28 04:02:54,322] Trial 466 finished with value: 0.15537495241368995 and parameters: {'ISTN': 61.70644136752686, 'I_gpe': 1.032176900176337, 'I_gpi': 2.0303819849274394, 'noise_stn_sigma': 2.7038147977265217, 'noise_gpe_sigma': 104.80837951521144, 'noise_gpi_sigma': 78.67439143472387, 'g_stn_gpe_mult': 3.5431704815162406, 'g_gpe_stn_mult': 0.1644529339411604, 'g_stn_gpi_mult': 2.44208961239511, 'g_gpe_gpi_mult': 0.3525527873405988}. Best is trial 396 with value: 0.1359141905235467.
[I 2026-05-28 04:02:55,327] Trial 467 finished with value: 0.1463920259870659 and parameters: {'ISTN': 61.18549377510588, 'I_gpe': 1.0274774996788665, 'I_gpi': 2.073063024132863, 'noise_stn_sigma': 2.6410362959490206, 'noise_gpe_sigma': 104.6312375229987, 'noise_gpi_sigma': 85.45693263365398, 'g_stn_gpe_mult': 3.5174256745313435, 'g_gpe_stn_mult': 0.16763721499787737, 'g_stn_gpi_mult': 2.4267125543928, 'g_gpe_gpi_mult': 0.33226181839185764}. Best is trial 396 with value: 0.1359141905235467.
[I 2026-05-28 04:02:56,330] Trial 468 finished with value: 0.1575111265840836 and parameters: {'ISTN': 61.07972589589918, 'I_gpe': 1.084835881720167, 'I_gpi': 2.0376124412024734, 'noise_stn_sigma': 2.5703602570739474, 'noise_gpe_sigma': 103.34162917115394, 'noise_gpi_sigma': 78.77708917894448, 'g_stn_gpe_mult': 3.5617363492369187, 'g_gpe_stn_mult': 0.18496027373158913, 'g_stn_gpi_mult': 2.6241434247049877, 'g_gpe_gpi_mult': 0.3276800288001671}. Best is trial 396 with value: 0.1359141905235467.
[I 2026-05-28 04:02:57,337] Trial 469 finished with value: 0.13800855954007757 and parameters: {'ISTN': 60.31473852728819, 'I_gpe': 1.1754457407221213, 'I_gpi': 2.0020371143626, 'noise_stn_sigma': 2.3519095817516584, 'noise_gpe_sigma': 102.81980871488338, 'noise_gpi_sigma': 84.44132935496114, 'g_stn_gpe_mult': 3.473510381655853, 'g_gpe_stn_mult': 0.18231235878326366, 'g_stn_gpi_mult': 2.3470495014363526, 'g_gpe_gpi_mult': 0.31981675088602807}. Best is trial 396 with value: 0.1359141905235467.
[I 2026-05-28 04:02:58,340] Trial 470 finished with value: 0.1515474474513897 and parameters: {'ISTN': 61.278518931160534, 'I_gpe': 0.9988986552058808, 'I_gpi': 2.025588398138776, 'noise_stn_sigma': 2.7203720436384287, 'noise_gpe_sigma': 102.20935921053938, 'noise_gpi_sigma': 86.10407119014083, 'g_stn_gpe_mult': 3.489896054093581, 'g_gpe_stn_mult': 0.17494055514745616, 'g_stn_gpi_mult': 2.3817492956431874, 'g_gpe_gpi_mult': 0.40460885411067105}. Best is trial 396 with value: 0.1359141905235467.
[I 2026-05-28 04:02:59,346] Trial 471 finished with value: 0.14062614286541444 and parameters: {'ISTN': 60.75188925999015, 'I_gpe': 1.1289848423740654, 'I_gpi': 1.981449037559799, 'noise_stn_sigma': 2.3514159288623464, 'noise_gpe_sigma': 105.03556046426607, 'noise_gpi_sigma': 85.43260238906772, 'g_stn_gpe_mult': 3.5337054665658805, 'g_gpe_stn_mult': 0.18002049905601958, 'g_stn_gpi_mult': 2.423753516529157, 'g_gpe_gpi_mult': 0.33403547143692375}. Best is trial 396 with value: 0.1359141905235467.
[I 2026-05-28 04:03:00,351] Trial 472 finished with value: 0.16168658077353038 and parameters: {'ISTN': 61.59555393776061, 'I_gpe': 1.1240536410030122, 'I_gpi': 2.0400274020091307, 'noise_stn_sigma': 2.613112316594142, 'noise_gpe_sigma': 101.09381017308927, 'noise_gpi_sigma': 89.32317884744067, 'g_stn_gpe_mult': 3.4781972694706482, 'g_gpe_stn_mult': 0.1810415742868312, 'g_stn_gpi_mult': 2.3211149866257266, 'g_gpe_gpi_mult': 0.38877892905597566}. Best is trial 396 with value: 0.1359141905235467.
[I 2026-05-28 04:03:01,358] Trial 473 finished with value: 0.13603494088320514 and parameters: {'ISTN': 60.367827681782714, 'I_gpe': 1.1215394507769045, 'I_gpi': 1.9840827881824397, 'noise_stn_sigma': 2.612262318037428, 'noise_gpe_sigma': 104.18831449458187, 'noise_gpi_sigma': 82.54136555976103, 'g_stn_gpe_mult': 3.413523963681365, 'g_gpe_stn_mult': 0.170930414761562, 'g_stn_gpi_mult': 2.5273574595497723, 'g_gpe_gpi_mult': 0.3665792182385773}. Best is trial 396 with value: 0.1359141905235467.
[I 2026-05-28 04:03:02,365] Trial 474 finished with value: 0.15883343102559783 and parameters: {'ISTN': 60.89689241508255, 'I_gpe': 1.0509740765184423, 'I_gpi': 1.9126400217347004, 'noise_stn_sigma': 2.4127134081097186, 'noise_gpe_sigma': 101.59135532479671, 'noise_gpi_sigma': 81.43993951077962, 'g_stn_gpe_mult': 3.680249182919222, 'g_gpe_stn_mult': 0.19221699574807277, 'g_stn_gpi_mult': 2.514031028090367, 'g_gpe_gpi_mult': 0.35701089815206133}. Best is trial 396 with value: 0.1359141905235467.
[I 2026-05-28 04:03:03,370] Trial 475 finished with value: 0.1387497311521004 and parameters: {'ISTN': 60.00594307417847, 'I_gpe': 1.1108970245976009, 'I_gpi': 1.9316954269874729, 'noise_stn_sigma': 2.658596822108433, 'noise_gpe_sigma': 104.82857041812322, 'noise_gpi_sigma': 82.6033495441877, 'g_stn_gpe_mult': 3.5195835611683615, 'g_gpe_stn_mult': 0.188645308777956, 'g_stn_gpi_mult': 2.548763494827201, 'g_gpe_gpi_mult': 0.361459725835657}. Best is trial 396 with value: 0.1359141905235467.
[I 2026-05-28 04:03:04,377] Trial 476 finished with value: 0.15622978457477157 and parameters: {'ISTN': 61.36866628510257, 'I_gpe': 1.0610269690504457, 'I_gpi': 2.0376362788287423, 'noise_stn_sigma': 2.510505938299071, 'noise_gpe_sigma': 105.80667363340099, 'noise_gpi_sigma': 83.06663302516992, 'g_stn_gpe_mult': 3.490916582844532, 'g_gpe_stn_mult': 0.1758347199692413, 'g_stn_gpi_mult': 2.443474613869101, 'g_gpe_gpi_mult': 0.2835397010260933}. Best is trial 396 with value: 0.1359141905235467.
[I 2026-05-28 04:03:05,383] Trial 477 finished with value: 0.14291704974376504 and parameters: {'ISTN': 60.68678087175772, 'I_gpe': 1.0937862954503224, 'I_gpi': 1.975120878459673, 'noise_stn_sigma': 2.5923535785359944, 'noise_gpe_sigma': 101.33343987417415, 'noise_gpi_sigma': 81.24391215078413, 'g_stn_gpe_mult': 3.388468906117674, 'g_gpe_stn_mult': 0.17191898497780175, 'g_stn_gpi_mult': 2.396317740229, 'g_gpe_gpi_mult': 0.3391106459983926}. Best is trial 396 with value: 0.1359141905235467.
[I 2026-05-28 04:03:06,389] Trial 478 finished with value: 0.1709377007329576 and parameters: {'ISTN': 63.018022435288735, 'I_gpe': 1.1205407733204682, 'I_gpi': 1.976877014575682, 'noise_stn_sigma': 2.4835047463267914, 'noise_gpe_sigma': 105.46813742908138, 'noise_gpi_sigma': 82.12792323909315, 'g_stn_gpe_mult': 3.5621629586954375, 'g_gpe_stn_mult': 0.15534785200173845, 'g_stn_gpi_mult': 2.4615610210413887, 'g_gpe_gpi_mult': 0.34009819378052647}. Best is trial 396 with value: 0.1359141905235467.
[I 2026-05-28 04:03:07,393] Trial 479 finished with value: 0.16792310752845424 and parameters: {'ISTN': 61.60743264249375, 'I_gpe': 1.094868971734002, 'I_gpi': 2.0995042833419495, 'noise_stn_sigma': 2.596192625978479, 'noise_gpe_sigma': 103.72678112535556, 'noise_gpi_sigma': 85.47582508836638, 'g_stn_gpe_mult': 3.374345019502825, 'g_gpe_stn_mult': 0.1838918553719675, 'g_stn_gpi_mult': 2.3156385153273216, 'g_gpe_gpi_mult': 0.35296660250803635}. Best is trial 396 with value: 0.1359141905235467.
[I 2026-05-28 04:03:08,398] Trial 480 finished with value: 0.4391199415041459 and parameters: {'ISTN': 62.09116698116025, 'I_gpe': 1.1322355233998018, 'I_gpi': 2.0782102859450062, 'noise_stn_sigma': 2.4419437855741895, 'noise_gpe_sigma': 102.94380075345545, 'noise_gpi_sigma': 85.00909547763892, 'g_stn_gpe_mult': 3.470367821433885, 'g_gpe_stn_mult': 0.17357684902056725, 'g_stn_gpi_mult': 2.462156169414781, 'g_gpe_gpi_mult': 0.3291937414887466}. Best is trial 396 with value: 0.1359141905235467.
[I 2026-05-28 04:03:09,403] Trial 481 finished with value: 0.14863511681515787 and parameters: {'ISTN': 60.82171254779681, 'I_gpe': 1.1307927814395948, 'I_gpi': 1.9415484404583996, 'noise_stn_sigma': 2.4413114935898754, 'noise_gpe_sigma': 102.98761134238862, 'noise_gpi_sigma': 82.76929879293212, 'g_stn_gpe_mult': 3.487417925673246, 'g_gpe_stn_mult': 0.18137293221603087, 'g_stn_gpi_mult': 2.498462885683286, 'g_gpe_gpi_mult': 0.30659183484114694}. Best is trial 396 with value: 0.1359141905235467.
[I 2026-05-28 04:03:10,409] Trial 482 finished with value: 0.20782195387645927 and parameters: {'ISTN': 61.46706913858973, 'I_gpe': 1.1752567921269115, 'I_gpi': 1.9971692518301332, 'noise_stn_sigma': 2.572303551693656, 'noise_gpe_sigma': 103.02756864123299, 'noise_gpi_sigma': 83.72317229025363, 'g_stn_gpe_mult': 3.5322642920174263, 'g_gpe_stn_mult': 0.1773123369596497, 'g_stn_gpi_mult': 2.4362550809233254, 'g_gpe_gpi_mult': 0.3554568351861883}. Best is trial 396 with value: 0.1359141905235467.
[I 2026-05-28 04:03:11,413] Trial 483 finished with value: 0.14516133551921298 and parameters: {'ISTN': 60.88856021921622, 'I_gpe': 1.1143433132586291, 'I_gpi': 1.9179962700927151, 'noise_stn_sigma': 2.7301053148991166, 'noise_gpe_sigma': 103.94188549628679, 'noise_gpi_sigma': 84.75213241354241, 'g_stn_gpe_mult': 3.37509755220929, 'g_gpe_stn_mult': 0.17591253338518226, 'g_stn_gpi_mult': 2.5425896834321486, 'g_gpe_gpi_mult': 0.36540243710463977}. Best is trial 396 with value: 0.1359141905235467.
