[I 2026-05-28 03:52:53,791] Trial 880 finished with value: 0.1306798410043723 and parameters: {'ISTN': 60.349116719269254, 'I_gpe': 0.988827807775323, 'I_gpi': 2.2491530693805544, 'noise_stn_sigma': 1.85811437044191, 'noise_gpe_sigma': 100.81453967855005, 'noise_gpi_sigma': 88.7993428313831, 'g_stn_gpe_mult': 3.9568177864709866, 'g_gpe_stn_mult': 0.18265873207535016, 'g_stn_gpi_mult': 1.3742607358313546, 'g_gpe_gpi_mult': 0.8883783763212589}. Best is trial 877 with value: 0.12552761775743748.
[I 2026-05-28 03:52:54,799] Trial 881 finished with value: 0.13225389200559395 and parameters: {'ISTN': 60.73999507306691, 'I_gpe': 1.0003623436661733, 'I_gpi': 2.221611806933705, 'noise_stn_sigma': 1.9113515659654885, 'noise_gpe_sigma': 100.89436794695048, 'noise_gpi_sigma': 86.56946190174251, 'g_stn_gpe_mult': 4.013501118170459, 'g_gpe_stn_mult': 0.17752187303834094, 'g_stn_gpi_mult': 1.4641524657544989, 'g_gpe_gpi_mult': 0.8682561407846008}. Best is trial 877 with value: 0.12552761775743748.
[I 2026-05-28 03:52:55,807] Trial 882 finished with value: 0.12596162521074578 and parameters: {'ISTN': 60.10679169858758, 'I_gpe': 1.0169792822169874, 'I_gpi': 2.235145036701347, 'noise_stn_sigma': 1.9873982460359538, 'noise_gpe_sigma': 100.92003441638873, 'noise_gpi_sigma': 87.0147735906051, 'g_stn_gpe_mult': 3.9451994383375313, 'g_gpe_stn_mult': 0.17937806370403594, 'g_stn_gpi_mult': 1.409620397810609, 'g_gpe_gpi_mult': 0.8752313376438967}. Best is trial 877 with value: 0.12552761775743748.
[I 2026-05-28 03:52:56,816] Trial 883 finished with value: 0.1333196401180824 and parameters: {'ISTN': 60.435491671099584, 'I_gpe': 1.024747847604985, 'I_gpi': 2.2093873930305503, 'noise_stn_sigma': 1.9596139924971832, 'noise_gpe_sigma': 101.56707146457359, 'noise_gpi_sigma': 85.82336491886029, 'g_stn_gpe_mult': 3.9799821725472495, 'g_gpe_stn_mult': 0.17733439481887586, 'g_stn_gpi_mult': 1.399029480494908, 'g_gpe_gpi_mult': 0.8743894599916475}. Best is trial 877 with value: 0.12552761775743748.
[I 2026-05-28 03:52:57,826] Trial 884 finished with value: 0.13105628629779592 and parameters: {'ISTN': 60.303907264460825, 'I_gpe': 0.9965359349465412, 'I_gpi': 2.2449539825461096, 'noise_stn_sigma': 1.9236585400346646, 'noise_gpe_sigma': 101.30955392549234, 'noise_gpi_sigma': 85.745594297989, 'g_stn_gpe_mult': 3.9861230429443255, 'g_gpe_stn_mult': 0.1826692693569537, 'g_stn_gpi_mult': 1.4559119536850136, 'g_gpe_gpi_mult': 0.8735364035618485}. Best is trial 877 with value: 0.12552761775743748.
[I 2026-05-28 03:52:58,833] Trial 885 finished with value: 0.12961939675935366 and parameters: {'ISTN': 60.027738403366925, 'I_gpe': 1.0210278600139313, 'I_gpi': 2.2352915739074906, 'noise_stn_sigma': 1.991668325571748, 'noise_gpe_sigma': 101.37613778392614, 'noise_gpi_sigma': 86.63174045736073, 'g_stn_gpe_mult': 3.9759770998358195, 'g_gpe_stn_mult': 0.18269905200720254, 'g_stn_gpi_mult': 1.4022847543406383, 'g_gpe_gpi_mult': 0.8812962629952015}. Best is trial 877 with value: 0.12552761775743748.
[I 2026-05-28 03:52:59,842] Trial 886 finished with value: 0.1294122231050104 and parameters: {'ISTN': 60.12135570700611, 'I_gpe': 1.005799161078058, 'I_gpi': 2.2353723961466585, 'noise_stn_sigma': 1.9590524741287891, 'noise_gpe_sigma': 100.83105029186622, 'noise_gpi_sigma': 87.74113277632054, 'g_stn_gpe_mult': 3.9644057044073766, 'g_gpe_stn_mult': 0.1815577634474932, 'g_stn_gpi_mult': 1.4108875509615733, 'g_gpe_gpi_mult': 0.8810231170882019}. Best is trial 877 with value: 0.12552761775743748.
[I 2026-05-28 03:53:00,847] Trial 887 finished with value: 0.13546023021314302 and parameters: {'ISTN': 60.48408356900282, 'I_gpe': 0.9817920904983886, 'I_gpi': 2.2581506416617394, 'noise_stn_sigma': 1.811364519071582, 'noise_gpe_sigma': 99.07975977729869, 'noise_gpi_sigma': 87.83619239968266, 'g_stn_gpe_mult': 3.9990920441867233, 'g_gpe_stn_mult': 0.1816256954550124, 'g_stn_gpi_mult': 1.444530231020166, 'g_gpe_gpi_mult': 0.888499816876378}. Best is trial 877 with value: 0.12552761775743748.
[I 2026-05-28 03:53:01,854] Trial 888 finished with value: 0.13174774772728293 and parameters: {'ISTN': 60.33825861257663, 'I_gpe': 0.9882882149560469, 'I_gpi': 2.247383021974553, 'noise_stn_sigma': 1.8329889995137452, 'noise_gpe_sigma': 100.5094186888681, 'noise_gpi_sigma': 86.14170386067728, 'g_stn_gpe_mult': 3.9530921543550765, 'g_gpe_stn_mult': 0.1814590251714776, 'g_stn_gpi_mult': 1.3935870479254453, 'g_gpe_gpi_mult': 0.8873564246653931}. Best is trial 877 with value: 0.12552761775743748.
[I 2026-05-28 03:53:02,863] Trial 889 finished with value: 0.1305287087216144 and parameters: {'ISTN': 60.263191505863496, 'I_gpe': 0.9872013782091902, 'I_gpi': 2.2002803472783548, 'noise_stn_sigma': 1.8812542643835992, 'noise_gpe_sigma': 101.3678422834168, 'noise_gpi_sigma': 87.68793043013822, 'g_stn_gpe_mult': 3.996181112849229, 'g_gpe_stn_mult': 0.18355148710641922, 'g_stn_gpi_mult': 1.379857621385694, 'g_gpe_gpi_mult': 0.8911957393784802}. Best is trial 877 with value: 0.12552761775743748.
[I 2026-05-28 03:53:03,872] Trial 890 finished with value: 0.13298920791170737 and parameters: {'ISTN': 60.20125784281647, 'I_gpe': 1.0059612031214487, 'I_gpi': 2.2188659864366533, 'noise_stn_sigma': 1.9652949823753425, 'noise_gpe_sigma': 100.02747232115591, 'noise_gpi_sigma': 87.84786579924105, 'g_stn_gpe_mult': 3.9580436297489814, 'g_gpe_stn_mult': 0.178150021519153, 'g_stn_gpi_mult': 1.3968627559660503, 'g_gpe_gpi_mult': 0.890382816620886}. Best is trial 877 with value: 0.12552761775743748.
[I 2026-05-28 03:53:04,880] Trial 891 finished with value: 0.13084838289979242 and parameters: {'ISTN': 60.170462570735936, 'I_gpe': 0.9960388040133774, 'I_gpi': 2.2334819022334074, 'noise_stn_sigma': 1.9574169185590504, 'noise_gpe_sigma': 101.7477128864849, 'noise_gpi_sigma': 88.60735640965258, 'g_stn_gpe_mult': 3.949929353931671, 'g_gpe_stn_mult': 0.18321493074282114, 'g_stn_gpi_mult': 1.3849561913170105, 'g_gpe_gpi_mult': 0.8870049090995016}. Best is trial 877 with value: 0.12552761775743748.
[I 2026-05-28 03:53:05,889] Trial 892 finished with value: 0.2095472605240283 and parameters: {'ISTN': 60.215864755506274, 'I_gpe': 1.0250170860781587, 'I_gpi': 2.2819439722690285, 'noise_stn_sigma': 1.957485598724241, 'noise_gpe_sigma': 101.00740372591021, 'noise_gpi_sigma': 87.86370988565166, 'g_stn_gpe_mult': 3.983328799610059, 'g_gpe_stn_mult': 0.17861453881370537, 'g_stn_gpi_mult': 1.410099155483028, 'g_gpe_gpi_mult': 0.8768276983874841}. Best is trial 877 with value: 0.12552761775743748.
[I 2026-05-28 03:53:06,893] Trial 893 finished with value: 0.12679974723922746 and parameters: {'ISTN': 60.11243545054736, 'I_gpe': 0.999928782509508, 'I_gpi': 2.2634620277112965, 'noise_stn_sigma': 1.9707801802990332, 'noise_gpe_sigma': 103.52828026129194, 'noise_gpi_sigma': 87.17452384654325, 'g_stn_gpe_mult': 3.9889762293736837, 'g_gpe_stn_mult': 0.18213216667144633, 'g_stn_gpi_mult': 1.4111958121596526, 'g_gpe_gpi_mult': 0.8750647601362003}. Best is trial 877 with value: 0.12552761775743748.
[I 2026-05-28 03:53:07,903] Trial 894 finished with value: 0.12780002626358794 and parameters: {'ISTN': 60.26447624162247, 'I_gpe': 1.013213673251308, 'I_gpi': 2.2351482523933495, 'noise_stn_sigma': 1.8700418079155656, 'noise_gpe_sigma': 100.05443389987451, 'noise_gpi_sigma': 87.94684255698925, 'g_stn_gpe_mult': 3.9539854647465233, 'g_gpe_stn_mult': 0.17980328418189007, 'g_stn_gpi_mult': 1.4109471683376427, 'g_gpe_gpi_mult': 0.8971262391351824}. Best is trial 877 with value: 0.12552761775743748.
[I 2026-05-28 03:53:08,911] Trial 895 finished with value: 0.12948105888615746 and parameters: {'ISTN': 60.23017007692697, 'I_gpe': 0.9969594641389514, 'I_gpi': 2.2376565118774843, 'noise_stn_sigma': 2.0325575702894096, 'noise_gpe_sigma': 101.95720590134883, 'noise_gpi_sigma': 88.40561141736171, 'g_stn_gpe_mult': 3.9897903034330313, 'g_gpe_stn_mult': 0.18105825416267465, 'g_stn_gpi_mult': 1.4230421540171256, 'g_gpe_gpi_mult': 0.8693143218877171}. Best is trial 877 with value: 0.12552761775743748.
[I 2026-05-28 03:53:09,919] Trial 896 finished with value: 0.2822104508182772 and parameters: {'ISTN': 60.36049842377447, 'I_gpe': 0.9977853456414467, 'I_gpi': 2.226071252783984, 'noise_stn_sigma': 1.9085578621230441, 'noise_gpe_sigma': 99.74526129745334, 'noise_gpi_sigma': 87.79009079045328, 'g_stn_gpe_mult': 3.9520122543856346, 'g_gpe_stn_mult': 0.17819120396912363, 'g_stn_gpi_mult': 1.4122585152947595, 'g_gpe_gpi_mult': 0.8827965242047453}. Best is trial 877 with value: 0.12552761775743748.
[I 2026-05-28 03:53:10,866] Trial 897 finished with value: 1000000.0 and parameters: {'ISTN': 60.01231690261076, 'I_gpe': 1.0044275662352644, 'I_gpi': 2.236185871635171, 'noise_stn_sigma': 1.9715775786968013, 'noise_gpe_sigma': 99.89720400868906, 'noise_gpi_sigma': 88.65561366975032, 'g_stn_gpe_mult': 3.9378054518078756, 'g_gpe_stn_mult': 0.1821726848829342, 'g_stn_gpi_mult': 1.3745060501838837, 'g_gpe_gpi_mult': 0.885528966123178}. Best is trial 877 with value: 0.12552761775743748.
[I 2026-05-28 03:53:11,875] Trial 898 finished with value: 0.12993981949975658 and parameters: {'ISTN': 60.25361818083016, 'I_gpe': 0.9937374023842005, 'I_gpi': 2.2369492525676913, 'noise_stn_sigma': 1.9399548280050931, 'noise_gpe_sigma': 101.46345901023068, 'noise_gpi_sigma': 86.73600585584627, 'g_stn_gpe_mult': 3.9817931622681084, 'g_gpe_stn_mult': 0.1861624976468613, 'g_stn_gpi_mult': 1.4462176254410304, 'g_gpe_gpi_mult': 0.875355630169729}. Best is trial 877 with value: 0.12552761775743748.
[I 2026-05-28 03:53:12,881] Trial 899 finished with value: 0.13168441045746673 and parameters: {'ISTN': 60.11888730203599, 'I_gpe': 1.0085821409881432, 'I_gpi': 2.2268739043108936, 'noise_stn_sigma': 1.9783694299318904, 'noise_gpe_sigma': 101.58963884676808, 'noise_gpi_sigma': 86.43148638947213, 'g_stn_gpe_mult': 3.9838685466753208, 'g_gpe_stn_mult': 0.18184332057372166, 'g_stn_gpi_mult': 1.4257284532973982, 'g_gpe_gpi_mult': 0.8699363352377965}. Best is trial 877 with value: 0.12552761775743748.
[I 2026-05-28 03:53:13,890] Trial 900 finished with value: 0.1278535505643305 and parameters: {'ISTN': 60.327723625170854, 'I_gpe': 0.9966425934601543, 'I_gpi': 2.220494514278607, 'noise_stn_sigma': 2.0171834369505253, 'noise_gpe_sigma': 100.56574242709581, 'noise_gpi_sigma': 86.35244645411653, 'g_stn_gpe_mult': 3.9630590634369467, 'g_gpe_stn_mult': 0.1824903394384343, 'g_stn_gpi_mult': 1.455468611502924, 'g_gpe_gpi_mult': 0.8671896084011004}. Best is trial 877 with value: 0.12552761775743748.
[I 2026-05-28 03:53:14,900] Trial 901 finished with value: 0.18474011191057454 and parameters: {'ISTN': 60.27092606109369, 'I_gpe': 0.9884209514853504, 'I_gpi': 2.2303328158214524, 'noise_stn_sigma': 2.0621108014378753, 'noise_gpe_sigma': 102.4409576356711, 'noise_gpi_sigma': 87.64130074054431, 'g_stn_gpe_mult': 3.9888825849687075, 'g_gpe_stn_mult': 0.17934157627685132, 'g_stn_gpi_mult': 1.392917706939043, 'g_gpe_gpi_mult': 0.8764602619771391}. Best is trial 877 with value: 0.12552761775743748.
[I 2026-05-28 03:53:15,908] Trial 902 finished with value: 0.1290171123528549 and parameters: {'ISTN': 60.34243119930333, 'I_gpe': 1.0025473206009328, 'I_gpi': 2.2427494848740253, 'noise_stn_sigma': 1.943593473335084, 'noise_gpe_sigma': 101.52657823120961, 'noise_gpi_sigma': 87.17902552587236, 'g_stn_gpe_mult': 3.9726541859386124, 'g_gpe_stn_mult': 0.18011006514941452, 'g_stn_gpi_mult': 1.4298264987968932, 'g_gpe_gpi_mult': 0.8847141622924166}. Best is trial 877 with value: 0.12552761775743748.
[I 2026-05-28 03:53:16,917] Trial 903 finished with value: 0.12840302820938887 and parameters: {'ISTN': 60.38362887145451, 'I_gpe': 0.9975243197260363, 'I_gpi': 2.2324456691021908, 'noise_stn_sigma': 1.9285221058729114, 'noise_gpe_sigma': 102.60376404352682, 'noise_gpi_sigma': 86.41285737642917, 'g_stn_gpe_mult': 4.015810698157068, 'g_gpe_stn_mult': 0.18057619705916572, 'g_stn_gpi_mult': 1.4598912227079, 'g_gpe_gpi_mult': 0.873388493384367}. Best is trial 877 with value: 0.12552761775743748.
[I 2026-05-28 03:53:17,928] Trial 904 finished with value: 0.12834655362700056 and parameters: {'ISTN': 60.172437823962525, 'I_gpe': 1.0085394968504606, 'I_gpi': 2.2462218753073344, 'noise_stn_sigma': 1.9602813942186457, 'noise_gpe_sigma': 102.48552934878464, 'noise_gpi_sigma': 87.03878023940857, 'g_stn_gpe_mult': 3.9768941384127094, 'g_gpe_stn_mult': 0.18138480005206498, 'g_stn_gpi_mult': 1.4244202181507517, 'g_gpe_gpi_mult': 0.8791317530732929}. Best is trial 877 with value: 0.12552761775743748.
[I 2026-05-28 03:53:18,934] Trial 905 finished with value: 0.12924908935408008 and parameters: {'ISTN': 60.4561420261851, 'I_gpe': 1.0090330125709532, 'I_gpi': 2.237507772334599, 'noise_stn_sigma': 1.9134760468655987, 'noise_gpe_sigma': 102.1725120794109, 'noise_gpi_sigma': 86.8484473412126, 'g_stn_gpe_mult': 3.9584139696338907, 'g_gpe_stn_mult': 0.18094516228418522, 'g_stn_gpi_mult': 1.4160078185324563, 'g_gpe_gpi_mult': 0.8846460199398707}. Best is trial 877 with value: 0.12552761775743748.
[I 2026-05-28 03:53:19,944] Trial 906 finished with value: 0.13271660819200584 and parameters: {'ISTN': 60.17484498644595, 'I_gpe': 1.0187729927746596, 'I_gpi': 2.264702692874482, 'noise_stn_sigma': 2.0518652820917582, 'noise_gpe_sigma': 102.46496722591223, 'noise_gpi_sigma': 87.8388008929925, 'g_stn_gpe_mult': 3.9651960276591507, 'g_gpe_stn_mult': 0.18067650576320876, 'g_stn_gpi_mult': 1.396458894203246, 'g_gpe_gpi_mult': 0.87056061043956}. Best is trial 877 with value: 0.12552761775743748.
[I 2026-05-28 03:53:20,951] Trial 907 finished with value: 0.13217360562868147 and parameters: {'ISTN': 60.68199783661944, 'I_gpe': 0.9983604398469067, 'I_gpi': 2.2415990541955884, 'noise_stn_sigma': 1.8785529108207655, 'noise_gpe_sigma': 101.13169668225866, 'noise_gpi_sigma': 87.16550123413143, 'g_stn_gpe_mult': 3.971023184531721, 'g_gpe_stn_mult': 0.17589052726094084, 'g_stn_gpi_mult': 1.428342275879431, 'g_gpe_gpi_mult': 0.8827961303326204}. Best is trial 877 with value: 0.12552761775743748.
[I 2026-05-28 03:53:21,958] Trial 908 finished with value: 0.13088744953410344 and parameters: {'ISTN': 60.27646986076141, 'I_gpe': 0.9932691529760123, 'I_gpi': 2.2098225176791586, 'noise_stn_sigma': 1.9815285950720116, 'noise_gpe_sigma': 101.19954427579347, 'noise_gpi_sigma': 86.80470390033516, 'g_stn_gpe_mult': 3.9508839509185893, 'g_gpe_stn_mult': 0.17885876940209644, 'g_stn_gpi_mult': 1.4167977714059972, 'g_gpe_gpi_mult': 0.8810567450727673}. Best is trial 877 with value: 0.12552761775743748.
[I 2026-05-28 03:53:22,967] Trial 909 finished with value: 0.129199128243931 and parameters: {'ISTN': 60.21081709196872, 'I_gpe': 0.9821565201091962, 'I_gpi': 2.228225065827096, 'noise_stn_sigma': 1.9595030637034156, 'noise_gpe_sigma': 101.82945713047694, 'noise_gpi_sigma': 86.32636872878533, 'g_stn_gpe_mult': 3.9763153859900826, 'g_gpe_stn_mult': 0.18360200646616692, 'g_stn_gpi_mult': 1.4174393131743686, 'g_gpe_gpi_mult': 0.8832811950237729}. Best is trial 877 with value: 0.12552761775743748.
[I 2026-05-28 03:53:23,975] Trial 910 finished with value: 0.12641038823674347 and parameters: {'ISTN': 60.010054399506004, 'I_gpe': 0.9988825899333582, 'I_gpi': 2.253513152972987, 'noise_stn_sigma': 1.9046148370517961, 'noise_gpe_sigma': 101.25433425296593, 'noise_gpi_sigma': 85.60873377868381, 'g_stn_gpe_mult': 3.9866654584826695, 'g_gpe_stn_mult': 0.18260281606880685, 'g_stn_gpi_mult': 1.4469942634602009, 'g_gpe_gpi_mult': 0.8728437929979527}. Best is trial 877 with value: 0.12552761775743748.
[I 2026-05-28 03:53:24,984] Trial 911 finished with value: 0.13179888089322778 and parameters: {'ISTN': 60.076470883961925, 'I_gpe': 0.9937798356882743, 'I_gpi': 2.2410249468798376, 'noise_stn_sigma': 1.9078492402451208, 'noise_gpe_sigma': 101.87148259685966, 'noise_gpi_sigma': 85.32377522691338, 'g_stn_gpe_mult': 3.9970370496577967, 'g_gpe_stn_mult': 0.1836227700207788, 'g_stn_gpi_mult': 1.4528714150388513, 'g_gpe_gpi_mult': 0.8701502891992421}. Best is trial 877 with value: 0.12552761775743748.
[I 2026-05-28 03:53:25,991] Trial 912 finished with value: 0.13255485569512954 and parameters: {'ISTN': 60.74553416789393, 'I_gpe': 1.0145971927764603, 'I_gpi': 2.239538622181203, 'noise_stn_sigma': 1.8753753029082239, 'noise_gpe_sigma': 101.22393632181864, 'noise_gpi_sigma': 85.5664461967784, 'g_stn_gpe_mult': 3.9505744576346737, 'g_gpe_stn_mult': 0.1776141228601079, 'g_stn_gpi_mult': 1.4509242292573015, 'g_gpe_gpi_mult': 0.8840716063953198}. Best is trial 877 with value: 0.12552761775743748.
[I 2026-05-28 03:53:26,998] Trial 913 finished with value: 0.1342123807791242 and parameters: {'ISTN': 60.349199469184576, 'I_gpe': 1.0110754558791775, 'I_gpi': 2.2665562849573133, 'noise_stn_sigma': 1.9224641321937914, 'noise_gpe_sigma': 102.54162189742662, 'noise_gpi_sigma': 87.03572202892246, 'g_stn_gpe_mult': 3.947563505159091, 'g_gpe_stn_mult': 0.17952621009718767, 'g_stn_gpi_mult': 1.4078248666758866, 'g_gpe_gpi_mult': 0.8763474124225963}. Best is trial 877 with value: 0.12552761775743748.
[I 2026-05-28 03:53:28,006] Trial 914 finished with value: 0.13360325707675094 and parameters: {'ISTN': 60.29499572428812, 'I_gpe': 0.9783411676147589, 'I_gpi': 2.2481652189961125, 'noise_stn_sigma': 1.901952104964132, 'noise_gpe_sigma': 100.41585691081616, 'noise_gpi_sigma': 83.88820264983599, 'g_stn_gpe_mult': 3.998488218857439, 'g_gpe_stn_mult': 0.18685900472194056, 'g_stn_gpi_mult': 1.4480316918778957, 'g_gpe_gpi_mult': 0.8665083259212036}. Best is trial 877 with value: 0.12552761775743748.
[I 2026-05-28 03:53:29,014] Trial 915 finished with value: 0.1348522561735847 and parameters: {'ISTN': 60.60056401884227, 'I_gpe': 0.9883291384059218, 'I_gpi': 2.24058571431454, 'noise_stn_sigma': 1.9212652378668187, 'noise_gpe_sigma': 102.69348238454847, 'noise_gpi_sigma': 85.93156057083279, 'g_stn_gpe_mult': 4.023326903703715, 'g_gpe_stn_mult': 0.1779884696808877, 'g_stn_gpi_mult': 1.4476903879294367, 'g_gpe_gpi_mult': 0.8692223123840681}. Best is trial 877 with value: 0.12552761775743748.
[I 2026-05-28 03:53:30,022] Trial 916 finished with value: 0.13907425859862382 and parameters: {'ISTN': 60.85386735390131, 'I_gpe': 0.9922119598033721, 'I_gpi': 2.221880261742469, 'noise_stn_sigma': 1.915545475026308, 'noise_gpe_sigma': 100.77388427380009, 'noise_gpi_sigma': 84.06825749918025, 'g_stn_gpe_mult': 4.001588341139136, 'g_gpe_stn_mult': 0.17932623819265442, 'g_stn_gpi_mult': 1.4659845067639874, 'g_gpe_gpi_mult': 0.8694317084209451}. Best is trial 877 with value: 0.12552761775743748.
[I 2026-05-28 03:53:31,029] Trial 917 finished with value: 0.13323058973394927 and parameters: {'ISTN': 60.34570346586543, 'I_gpe': 0.9992522262370997, 'I_gpi': 2.254194281466156, 'noise_stn_sigma': 1.9553475266177665, 'noise_gpe_sigma': 101.37906195316013, 'noise_gpi_sigma': 86.91044990584864, 'g_stn_gpe_mult': 4.0251998421212996, 'g_gpe_stn_mult': 0.1801756320202936, 'g_stn_gpi_mult': 1.4630161174932814, 'g_gpe_gpi_mult': 0.8663931714222175}. Best is trial 877 with value: 0.12552761775743748.
[I 2026-05-28 03:53:32,037] Trial 918 finished with value: 0.13101745926027675 and parameters: {'ISTN': 60.43338728139065, 'I_gpe': 1.0132485810680039, 'I_gpi': 2.2065375215444663, 'noise_stn_sigma': 1.994080173630297, 'noise_gpe_sigma': 102.1650783623999, 'noise_gpi_sigma': 85.48205389848098, 'g_stn_gpe_mult': 3.9848844001266333, 'g_gpe_stn_mult': 0.174913968908823, 'g_stn_gpi_mult': 1.413495591890729, 'g_gpe_gpi_mult': 0.8841820759684371}. Best is trial 877 with value: 0.12552761775743748.
[I 2026-05-28 03:53:33,047] Trial 919 finished with value: 0.12732741037994635 and parameters: {'ISTN': 60.130408484711324, 'I_gpe': 1.0109295561718525, 'I_gpi': 2.2697790096662303, 'noise_stn_sigma': 1.8441593827661524, 'noise_gpe_sigma': 101.17691880782476, 'noise_gpi_sigma': 85.83877443589923, 'g_stn_gpe_mult': 3.962560830483647, 'g_gpe_stn_mult': 0.18208830536593534, 'g_stn_gpi_mult': 1.415242403081244, 'g_gpe_gpi_mult': 0.89202883388132}. Best is trial 877 with value: 0.12552761775743748.
[I 2026-05-28 03:53:34,056] Trial 920 finished with value: 0.1288381794244717 and parameters: {'ISTN': 60.12093621725342, 'I_gpe': 1.0124087299945415, 'I_gpi': 2.2571152495595914, 'noise_stn_sigma': 1.9449021586509236, 'noise_gpe_sigma': 100.96907647188428, 'noise_gpi_sigma': 86.2948846026884, 'g_stn_gpe_mult': 3.9838120746761083, 'g_gpe_stn_mult': 0.181166562610378, 'g_stn_gpi_mult': 1.455226639677765, 'g_gpe_gpi_mult': 0.8666979615953956}. Best is trial 877 with value: 0.12552761775743748.
[I 2026-05-28 03:53:35,066] Trial 921 finished with value: 0.12862610096862884 and parameters: {'ISTN': 60.23185089518491, 'I_gpe': 1.0104225822299422, 'I_gpi': 2.267655574610492, 'noise_stn_sigma': 1.877168332910406, 'noise_gpe_sigma': 99.99379939539325, 'noise_gpi_sigma': 86.93523725264788, 'g_stn_gpe_mult': 3.9754852173682513, 'g_gpe_stn_mult': 0.1829051087809602, 'g_stn_gpi_mult': 1.4129573131692488, 'g_gpe_gpi_mult': 0.8935255388166761}. Best is trial 877 with value: 0.12552761775743748.
[I 2026-05-28 03:53:36,073] Trial 922 finished with value: 0.13057094247616863 and parameters: {'ISTN': 60.321718120086, 'I_gpe': 0.994621127570755, 'I_gpi': 2.247849652539381, 'noise_stn_sigma': 1.9232806519222403, 'noise_gpe_sigma': 100.70356645836462, 'noise_gpi_sigma': 86.83338346569825, 'g_stn_gpe_mult': 3.974633352607083, 'g_gpe_stn_mult': 0.18036401596289098, 'g_stn_gpi_mult': 1.450779263641006, 'g_gpe_gpi_mult': 0.8805874939647813}. Best is trial 877 with value: 0.12552761775743748.
[I 2026-05-28 03:53:37,082] Trial 923 finished with value: 0.13107732249786322 and parameters: {'ISTN': 60.22805963322496, 'I_gpe': 1.0192456868314346, 'I_gpi': 2.252896255269172, 'noise_stn_sigma': 1.908465971337053, 'noise_gpe_sigma': 101.48611251285914, 'noise_gpi_sigma': 84.70975911070448, 'g_stn_gpe_mult': 3.9906936779706292, 'g_gpe_stn_mult': 0.178970885474043, 'g_stn_gpi_mult': 1.4391712253505782, 'g_gpe_gpi_mult': 0.8732313347767968}. Best is trial 877 with value: 0.12552761775743748.
