[I 2026-05-28 03:37:23,951] Trial 968 finished with value: 1000000.0 and parameters: {'ISTN': 61.28632991024355, 'I_gpe': 0.9443633514589742, 'I_gpi': 1.9692094432382996, 'noise_stn_sigma': 6.896846685374344, 'noise_gpe_sigma': 75.2621430023782, 'noise_gpi_sigma': 117.30795415664959, 'g_stn_gpe_mult': 2.0230175654644382, 'g_gpe_stn_mult': 0.6437661936365977, 'g_stn_gpi_mult': 3.5379547619979155, 'g_gpe_gpi_mult': 0.8358442246492985}. Best is trial 916 with value: 0.4471713211720221.
[I 2026-05-28 03:37:24,959] Trial 969 finished with value: 4.269352131675505 and parameters: {'ISTN': 66.46286414262859, 'I_gpe': 0.8383136708109672, 'I_gpi': 1.6964533690265606, 'noise_stn_sigma': 6.302104757142564, 'noise_gpe_sigma': 80.85502882661991, 'noise_gpi_sigma': 115.23384885032301, 'g_stn_gpe_mult': 1.9040683218660226, 'g_gpe_stn_mult': 0.7106413525561146, 'g_stn_gpi_mult': 3.6981870183708407, 'g_gpe_gpi_mult': 0.7934797355430749}. Best is trial 916 with value: 0.4471713211720221.
[I 2026-05-28 03:37:25,967] Trial 970 finished with value: 2.9895729043717596 and parameters: {'ISTN': 65.38788761645048, 'I_gpe': 0.9244892315103366, 'I_gpi': 1.7515618287145407, 'noise_stn_sigma': 6.727676197969571, 'noise_gpe_sigma': 79.08971526286683, 'noise_gpi_sigma': 113.8874279345275, 'g_stn_gpe_mult': 2.212879211742783, 'g_gpe_stn_mult': 0.674948998728171, 'g_stn_gpi_mult': 3.617013997187499, 'g_gpe_gpi_mult': 0.817898473826586}. Best is trial 916 with value: 0.4471713211720221.
[I 2026-05-28 03:37:26,975] Trial 971 finished with value: 0.673996365245899 and parameters: {'ISTN': 63.029474261267026, 'I_gpe': 0.8800970360133734, 'I_gpi': 1.770478085431265, 'noise_stn_sigma': 7.3761114582194605, 'noise_gpe_sigma': 75.70107618959437, 'noise_gpi_sigma': 122.33114845934405, 'g_stn_gpe_mult': 2.015935365447558, 'g_gpe_stn_mult': 0.6311730010899416, 'g_stn_gpi_mult': 3.562079434477867, 'g_gpe_gpi_mult': 0.858612039911937}. Best is trial 916 with value: 0.4471713211720221.
[I 2026-05-28 03:37:27,984] Trial 972 finished with value: 2.6684284554781645 and parameters: {'ISTN': 64.35779131223127, 'I_gpe': 0.8641726982792394, 'I_gpi': 2.015884279819325, 'noise_stn_sigma': 6.504012080041111, 'noise_gpe_sigma': 78.4876569514557, 'noise_gpi_sigma': 124.20494832207977, 'g_stn_gpe_mult': 2.1854132708139185, 'g_gpe_stn_mult': 0.740350001893297, 'g_stn_gpi_mult': 3.580899048739722, 'g_gpe_gpi_mult': 0.7631403549174292}. Best is trial 916 with value: 0.4471713211720221.
[I 2026-05-28 03:37:28,994] Trial 973 finished with value: 0.5417425439775672 and parameters: {'ISTN': 64.33514062428554, 'I_gpe': 0.9746794642801901, 'I_gpi': 1.7788223897905189, 'noise_stn_sigma': 6.326870498392433, 'noise_gpe_sigma': 70.86889319033108, 'noise_gpi_sigma': 115.38525255084932, 'g_stn_gpe_mult': 2.0820165097681627, 'g_gpe_stn_mult': 0.7168010244049516, 'g_stn_gpi_mult': 3.578362936040123, 'g_gpe_gpi_mult': 0.7782814302704886}. Best is trial 916 with value: 0.4471713211720221.
[I 2026-05-28 03:37:30,001] Trial 974 finished with value: 2.469617059008191 and parameters: {'ISTN': 60.15590898744091, 'I_gpe': 0.9613484637525225, 'I_gpi': 1.6432396156319784, 'noise_stn_sigma': 6.371193952264646, 'noise_gpe_sigma': 83.84797843748309, 'noise_gpi_sigma': 117.91664169277246, 'g_stn_gpe_mult': 2.0240979589133548, 'g_gpe_stn_mult': 0.7433740711215661, 'g_stn_gpi_mult': 3.6194803675113674, 'g_gpe_gpi_mult': 0.8371138922495283}. Best is trial 916 with value: 0.4471713211720221.
[I 2026-05-28 03:37:31,009] Trial 975 finished with value: 1.2595154394641077 and parameters: {'ISTN': 63.74113060187262, 'I_gpe': 0.922834765919729, 'I_gpi': 1.6716916635768373, 'noise_stn_sigma': 6.366434235699236, 'noise_gpe_sigma': 75.11343170603104, 'noise_gpi_sigma': 109.29418278731218, 'g_stn_gpe_mult': 2.0475808025138007, 'g_gpe_stn_mult': 0.7220939038602995, 'g_stn_gpi_mult': 3.7027206897711586, 'g_gpe_gpi_mult': 0.8248186473385914}. Best is trial 916 with value: 0.4471713211720221.
[I 2026-05-28 03:37:32,018] Trial 976 finished with value: 0.5674234714102673 and parameters: {'ISTN': 62.61896734719695, 'I_gpe': 0.9037981773668441, 'I_gpi': 2.092905420722772, 'noise_stn_sigma': 7.475859738635661, 'noise_gpe_sigma': 74.50824053311135, 'noise_gpi_sigma': 124.41132258946205, 'g_stn_gpe_mult': 2.1274501885001342, 'g_gpe_stn_mult': 0.6455290474906537, 'g_stn_gpi_mult': 3.5206467474006367, 'g_gpe_gpi_mult': 0.8487262714996773}. Best is trial 916 with value: 0.4471713211720221.
[I 2026-05-28 03:37:33,028] Trial 977 finished with value: 0.5376644499656558 and parameters: {'ISTN': 62.756241483482405, 'I_gpe': 0.9394852685683428, 'I_gpi': 1.7554089395640438, 'noise_stn_sigma': 6.802941160723365, 'noise_gpe_sigma': 75.44662736091894, 'noise_gpi_sigma': 120.87662333339533, 'g_stn_gpe_mult': 1.9196501759972293, 'g_gpe_stn_mult': 0.6648587494860357, 'g_stn_gpi_mult': 3.6834054052102116, 'g_gpe_gpi_mult': 0.8576503370917627}. Best is trial 916 with value: 0.4471713211720221.
[I 2026-05-28 03:37:34,038] Trial 978 finished with value: 0.8552081864046002 and parameters: {'ISTN': 64.16133647513341, 'I_gpe': 0.9383229963259857, 'I_gpi': 2.1040377161873938, 'noise_stn_sigma': 6.691751098918955, 'noise_gpe_sigma': 70.58656853610364, 'noise_gpi_sigma': 122.64174458265754, 'g_stn_gpe_mult': 2.1155949849882187, 'g_gpe_stn_mult': 0.7090965121122452, 'g_stn_gpi_mult': 3.582784917736579, 'g_gpe_gpi_mult': 0.7943376211949935}. Best is trial 916 with value: 0.4471713211720221.
[I 2026-05-28 03:37:35,048] Trial 979 finished with value: 1.1013844125213137 and parameters: {'ISTN': 64.1122090884878, 'I_gpe': 0.9377884791197094, 'I_gpi': 1.8946351417978646, 'noise_stn_sigma': 6.608334930760172, 'noise_gpe_sigma': 75.49808276073188, 'noise_gpi_sigma': 121.70275934326556, 'g_stn_gpe_mult': 2.079262095050076, 'g_gpe_stn_mult': 0.7502011218879197, 'g_stn_gpi_mult': 3.4978841322957264, 'g_gpe_gpi_mult': 0.8538481417511095}. Best is trial 916 with value: 0.4471713211720221.
[I 2026-05-28 03:37:36,056] Trial 980 finished with value: 3.1227838305349866 and parameters: {'ISTN': 62.00857114877654, 'I_gpe': 0.9465012989629973, 'I_gpi': 1.70372913495603, 'noise_stn_sigma': 6.2221513589001916, 'noise_gpe_sigma': 74.98098677960655, 'noise_gpi_sigma': 115.5746290526381, 'g_stn_gpe_mult': 1.887665183612187, 'g_gpe_stn_mult': 0.7484402444153457, 'g_stn_gpi_mult': 3.6675516112378856, 'g_gpe_gpi_mult': 0.7893364858390062}. Best is trial 916 with value: 0.4471713211720221.
[I 2026-05-28 03:37:37,066] Trial 981 finished with value: 0.5475686877569874 and parameters: {'ISTN': 63.19697309277005, 'I_gpe': 0.8991200719259973, 'I_gpi': 1.57097681224594, 'noise_stn_sigma': 7.329747499673976, 'noise_gpe_sigma': 73.90048373159448, 'noise_gpi_sigma': 121.92360668277817, 'g_stn_gpe_mult': 2.065467013160546, 'g_gpe_stn_mult': 0.6793420271894101, 'g_stn_gpi_mult': 3.669434719439539, 'g_gpe_gpi_mult': 0.8744181783584837}. Best is trial 916 with value: 0.4471713211720221.
[I 2026-05-28 03:37:38,073] Trial 982 finished with value: 3.15935612325774 and parameters: {'ISTN': 65.46775432490848, 'I_gpe': 0.8771264102278078, 'I_gpi': 1.792915516171653, 'noise_stn_sigma': 6.300901661626342, 'noise_gpe_sigma': 77.41639591516528, 'noise_gpi_sigma': 111.86305906007549, 'g_stn_gpe_mult': 2.04558659317652, 'g_gpe_stn_mult': 0.7173066759229841, 'g_stn_gpi_mult': 3.7068734252757527, 'g_gpe_gpi_mult': 0.8307488653140476}. Best is trial 916 with value: 0.4471713211720221.
[I 2026-05-28 03:37:39,079] Trial 983 finished with value: 0.5817758672592854 and parameters: {'ISTN': 61.81193376415852, 'I_gpe': 0.8734378002715111, 'I_gpi': 1.953981238345182, 'noise_stn_sigma': 6.920207979049545, 'noise_gpe_sigma': 80.18322680364787, 'noise_gpi_sigma': 123.8262021702976, 'g_stn_gpe_mult': 1.9795655727130104, 'g_gpe_stn_mult': 0.7044781746823271, 'g_stn_gpi_mult': 3.6781674417993537, 'g_gpe_gpi_mult': 0.8976694147034943}. Best is trial 916 with value: 0.4471713211720221.
[I 2026-05-28 03:37:40,087] Trial 984 finished with value: 0.5476071184024857 and parameters: {'ISTN': 63.1196874174738, 'I_gpe': 0.8971401549034661, 'I_gpi': 1.8300293596093495, 'noise_stn_sigma': 7.140551751885512, 'noise_gpe_sigma': 72.71789216084898, 'noise_gpi_sigma': 122.58468594411369, 'g_stn_gpe_mult': 2.0196778327806806, 'g_gpe_stn_mult': 0.6828123769527977, 'g_stn_gpi_mult': 3.5510379020114167, 'g_gpe_gpi_mult': 0.8317242544151662}. Best is trial 916 with value: 0.4471713211720221.
[I 2026-05-28 03:37:41,098] Trial 985 finished with value: 0.5918887245822788 and parameters: {'ISTN': 63.262500808064416, 'I_gpe': 0.9197086972170081, 'I_gpi': 1.802823969202347, 'noise_stn_sigma': 6.695630239596749, 'noise_gpe_sigma': 72.75084337512791, 'noise_gpi_sigma': 117.01200491684006, 'g_stn_gpe_mult': 2.0149996911752277, 'g_gpe_stn_mult': 0.6141409126816479, 'g_stn_gpi_mult': 3.6500479996198836, 'g_gpe_gpi_mult': 0.8098130980110287}. Best is trial 916 with value: 0.4471713211720221.
[I 2026-05-28 03:37:42,105] Trial 986 finished with value: 0.39295476011052344 and parameters: {'ISTN': 60.98939684643786, 'I_gpe': 0.9267674731511456, 'I_gpi': 1.8298150771097643, 'noise_stn_sigma': 6.386592420614604, 'noise_gpe_sigma': 72.31724436852626, 'noise_gpi_sigma': 120.62313611251727, 'g_stn_gpe_mult': 1.9726169133576286, 'g_gpe_stn_mult': 0.6912269702275207, 'g_stn_gpi_mult': 3.682428198147736, 'g_gpe_gpi_mult': 0.8255002962012052}. Best is trial 986 with value: 0.39295476011052344.
[I 2026-05-28 03:37:43,113] Trial 987 finished with value: 0.6512692870890797 and parameters: {'ISTN': 64.63273273362292, 'I_gpe': 0.9221747995787084, 'I_gpi': 1.9003855228719082, 'noise_stn_sigma': 6.85129451117428, 'noise_gpe_sigma': 72.73482097360666, 'noise_gpi_sigma': 124.42453908578841, 'g_stn_gpe_mult': 1.8715835936526022, 'g_gpe_stn_mult': 0.6812420892762528, 'g_stn_gpi_mult': 3.714358736843432, 'g_gpe_gpi_mult': 0.7975148771734197}. Best is trial 986 with value: 0.39295476011052344.
[I 2026-05-28 03:37:44,122] Trial 988 finished with value: 0.5479362204375138 and parameters: {'ISTN': 61.329962417921145, 'I_gpe': 0.997024157924808, 'I_gpi': 1.9528376132148626, 'noise_stn_sigma': 6.834830509993366, 'noise_gpe_sigma': 75.81751364006571, 'noise_gpi_sigma': 122.27192104369905, 'g_stn_gpe_mult': 1.8714326209614478, 'g_gpe_stn_mult': 0.6956285201491714, 'g_stn_gpi_mult': 3.386579951964212, 'g_gpe_gpi_mult': 0.8282907355939055}. Best is trial 986 with value: 0.39295476011052344.
[I 2026-05-28 03:37:45,132] Trial 989 finished with value: 5.5856892325568515 and parameters: {'ISTN': 64.48606585480799, 'I_gpe': 0.9741784810001792, 'I_gpi': 1.9287855298588341, 'noise_stn_sigma': 5.8472628685014385, 'noise_gpe_sigma': 79.0788629668083, 'noise_gpi_sigma': 113.42435870286107, 'g_stn_gpe_mult': 1.9056329222485655, 'g_gpe_stn_mult': 0.7039958129909639, 'g_stn_gpi_mult': 3.5322023347492966, 'g_gpe_gpi_mult': 0.8189003149250391}. Best is trial 986 with value: 0.39295476011052344.
[I 2026-05-28 03:37:46,141] Trial 990 finished with value: 3.1422800835517526 and parameters: {'ISTN': 63.02578090792354, 'I_gpe': 0.934684207832798, 'I_gpi': 1.6598134268984195, 'noise_stn_sigma': 6.430287695230725, 'noise_gpe_sigma': 71.86658010146591, 'noise_gpi_sigma': 119.62643400920066, 'g_stn_gpe_mult': 2.1400406779901378, 'g_gpe_stn_mult': 0.714258076393508, 'g_stn_gpi_mult': 3.7643263307011052, 'g_gpe_gpi_mult': 0.8141773115845592}. Best is trial 986 with value: 0.39295476011052344.
[I 2026-05-28 03:37:47,152] Trial 991 finished with value: 1.8398317615590494 and parameters: {'ISTN': 62.93622764485006, 'I_gpe': 0.9115588702339791, 'I_gpi': 1.802713040649142, 'noise_stn_sigma': 5.958524410427101, 'noise_gpe_sigma': 74.35918324168534, 'noise_gpi_sigma': 119.64459086314262, 'g_stn_gpe_mult': 2.002858367425805, 'g_gpe_stn_mult': 0.7261883309495316, 'g_stn_gpi_mult': 3.7286849759815723, 'g_gpe_gpi_mult': 0.826116365132505}. Best is trial 986 with value: 0.39295476011052344.
[I 2026-05-28 03:37:48,160] Trial 992 finished with value: 0.5735493064717725 and parameters: {'ISTN': 64.18567413532705, 'I_gpe': 0.9301329944658818, 'I_gpi': 1.632215130165055, 'noise_stn_sigma': 6.603092475476114, 'noise_gpe_sigma': 74.42725715528175, 'noise_gpi_sigma': 117.78918768758611, 'g_stn_gpe_mult': 1.9648479720055125, 'g_gpe_stn_mult': 0.6979964016778981, 'g_stn_gpi_mult': 3.6745392682857307, 'g_gpe_gpi_mult': 0.8339671319935023}. Best is trial 986 with value: 0.39295476011052344.
[I 2026-05-28 03:37:49,168] Trial 993 finished with value: 0.5662889367438814 and parameters: {'ISTN': 61.7122708086068, 'I_gpe': 0.9601612592466331, 'I_gpi': 1.8672404048672533, 'noise_stn_sigma': 6.607034196375199, 'noise_gpe_sigma': 70.19549975242103, 'noise_gpi_sigma': 121.22777038723406, 'g_stn_gpe_mult': 2.0465293206575543, 'g_gpe_stn_mult': 0.690138732797507, 'g_stn_gpi_mult': 3.585827338691565, 'g_gpe_gpi_mult': 0.817407364856255}. Best is trial 986 with value: 0.39295476011052344.
[I 2026-05-28 03:37:50,176] Trial 994 finished with value: 1.0070089025026443 and parameters: {'ISTN': 61.37369515026866, 'I_gpe': 0.837541207297966, 'I_gpi': 1.7352909230003406, 'noise_stn_sigma': 6.611584142502042, 'noise_gpe_sigma': 80.42132330374363, 'noise_gpi_sigma': 123.5357836325484, 'g_stn_gpe_mult': 1.9244704196831095, 'g_gpe_stn_mult': 0.7039452151971686, 'g_stn_gpi_mult': 3.7363340621991092, 'g_gpe_gpi_mult': 0.8658635214640953}. Best is trial 986 with value: 0.39295476011052344.
[I 2026-05-28 03:37:51,185] Trial 995 finished with value: 1.4265699256597393 and parameters: {'ISTN': 60.628786770135555, 'I_gpe': 0.9047341913040627, 'I_gpi': 1.848612153625655, 'noise_stn_sigma': 7.28659199615593, 'noise_gpe_sigma': 74.62488831377324, 'noise_gpi_sigma': 122.9114056569999, 'g_stn_gpe_mult': 1.8497037539596248, 'g_gpe_stn_mult': 0.6724109777561093, 'g_stn_gpi_mult': 3.609083261658537, 'g_gpe_gpi_mult': 0.8464686466764937}. Best is trial 986 with value: 0.39295476011052344.
[I 2026-05-28 03:37:52,193] Trial 996 finished with value: 0.441395336272594 and parameters: {'ISTN': 61.59536226600753, 'I_gpe': 0.9605323195681688, 'I_gpi': 1.8468353984859989, 'noise_stn_sigma': 6.413390872852947, 'noise_gpe_sigma': 71.0415468690623, 'noise_gpi_sigma': 118.42395402949779, 'g_stn_gpe_mult': 1.9669368326752625, 'g_gpe_stn_mult': 0.6612989655198791, 'g_stn_gpi_mult': 3.463306646203868, 'g_gpe_gpi_mult': 0.793403060143959}. Best is trial 986 with value: 0.39295476011052344.
[I 2026-05-28 03:37:53,201] Trial 997 finished with value: 0.8611942346329389 and parameters: {'ISTN': 62.15367248858091, 'I_gpe': 0.8545256392830849, 'I_gpi': 1.7706561457318308, 'noise_stn_sigma': 6.048998778823345, 'noise_gpe_sigma': 79.94007592316552, 'noise_gpi_sigma': 117.24892680432671, 'g_stn_gpe_mult': 1.8765786332723606, 'g_gpe_stn_mult': 0.712087653179239, 'g_stn_gpi_mult': 3.629044994172046, 'g_gpe_gpi_mult': 0.8155257806239924}. Best is trial 986 with value: 0.39295476011052344.
[I 2026-05-28 03:37:54,211] Trial 998 finished with value: 1.0141901234143282 and parameters: {'ISTN': 60.29835079399223, 'I_gpe': 0.9409053233134296, 'I_gpi': 1.6415718800692911, 'noise_stn_sigma': 7.439483975477766, 'noise_gpe_sigma': 73.65613111768239, 'noise_gpi_sigma': 114.37638950429036, 'g_stn_gpe_mult': 2.0209928859528863, 'g_gpe_stn_mult': 0.6634671456000745, 'g_stn_gpi_mult': 3.6525653433278427, 'g_gpe_gpi_mult': 0.8444800964964008}. Best is trial 986 with value: 0.39295476011052344.
[I 2026-05-28 03:37:55,220] Trial 999 finished with value: 0.932085257932596 and parameters: {'ISTN': 60.175896060097934, 'I_gpe': 0.8810700336358726, 'I_gpi': 1.9194265476969978, 'noise_stn_sigma': 6.286960003720321, 'noise_gpe_sigma': 79.82954233629212, 'noise_gpi_sigma': 115.30621102576269, 'g_stn_gpe_mult': 1.8570476334705392, 'g_gpe_stn_mult': 0.7014226809306964, 'g_stn_gpi_mult': 3.573510101878127, 'g_gpe_gpi_mult': 0.8417871086520705}. Best is trial 986 with value: 0.39295476011052344.
Condition: seeds_seed7
Seed: 7, Trials: 1000
Bounds:
  ISTN: [60.0, 150.0]
  I_gpe: [0.5, 4.0]
  I_gpi: [1.0, 5.0]
  noise_stn_sigma: [1.0, 8.0]
  noise_gpe_sigma: [20.0, 150.0]
  noise_gpi_sigma: [20.0, 150.0]
  g_stn_gpe_mult: [1.5, 5.0]
  g_gpe_stn_mult: [0.1, 0.8]
  g_stn_gpi_mult: [1.0, 4.0]
  g_gpe_gpi_mult: [0.2, 1.2]
Weights: {'rate': 5.0, 'cv': 0.2, 'beta': 15.0}
JAX devices: [CudaDevice(id=0)]

Building simulator...
Warming up JIT...
JIT ready.


============================================================
DONE: seeds_seed7 (seed=7)
  Time: 16.8 min
  Best loss: 0.3930
  STN: 33.3 Hz (target 27.5)
  GPe: 37.8 Hz (target 42.5)
  GPi: 83.8 Hz (target 82.5)
  GPe beta: 20.4%
  STN beta: 11.9%
  Synaptic multipliers:
    g_stn_gpe_mult: 1.973
    g_gpe_stn_mult: 0.691
    g_stn_gpi_mult: 3.682
    g_gpe_gpi_mult: 0.826
  Saved: results/sensitivity/seeds/seed7.pkl
