[I 2026-05-28 02:47:50,494] Trial 44 finished with value: 6.208615830253389 and parameters: {'ISTN': 63.69952521688115, 'I_gpe': 0.7740272981366394, 'I_gpi': 1.7067177103320805, 'noise_stn_sigma': 7.709608146063603, 'noise_gpe_sigma': 60.39555869023947, 'noise_gpi_sigma': 104.22553478563677, 'g_stn_gpe_mult': 2.970431438246477, 'g_gpe_stn_mult': 0.30146977663966057, 'g_stn_gpi_mult': 2.4464784997578684, 'g_gpe_gpi_mult': 0.9529196953651513}. Best is trial 41 with value: 0.48761120429463795.
[I 2026-05-28 02:47:51,504] Trial 45 finished with value: 13.197901008891938 and parameters: {'ISTN': 75.55871361518527, 'I_gpe': 2.0496042781149013, 'I_gpi': 1.8175181907519318, 'noise_stn_sigma': 4.097731857696939, 'noise_gpe_sigma': 85.06940150411268, 'noise_gpi_sigma': 126.19538022763209, 'g_stn_gpe_mult': 3.370619248701972, 'g_gpe_stn_mult': 0.24359926323423814, 'g_stn_gpi_mult': 2.1241090608776476, 'g_gpe_gpi_mult': 0.8203630014249756}. Best is trial 41 with value: 0.48761120429463795.
[I 2026-05-28 02:47:52,511] Trial 46 finished with value: 7.448057136151347 and parameters: {'ISTN': 73.07081707015082, 'I_gpe': 1.0612234911062794, 'I_gpi': 1.375726424865627, 'noise_stn_sigma': 4.632205156155929, 'noise_gpe_sigma': 82.32591815158764, 'noise_gpi_sigma': 78.83898195211374, 'g_stn_gpe_mult': 3.5455478711697173, 'g_gpe_stn_mult': 0.14037491475657643, 'g_stn_gpi_mult': 3.0121496428427212, 'g_gpe_gpi_mult': 0.7995194128206091}. Best is trial 41 with value: 0.48761120429463795.
[I 2026-05-28 02:47:53,519] Trial 47 finished with value: 1.6361997264936146 and parameters: {'ISTN': 69.34885670154993, 'I_gpe': 1.104249921050074, 'I_gpi': 1.1490627812904917, 'noise_stn_sigma': 5.746268999287176, 'noise_gpe_sigma': 99.91150917185252, 'noise_gpi_sigma': 99.06075819909782, 'g_stn_gpe_mult': 2.2836339599772173, 'g_gpe_stn_mult': 0.3483368478938911, 'g_stn_gpi_mult': 1.6081096076869283, 'g_gpe_gpi_mult': 0.5809072731922653}. Best is trial 41 with value: 0.48761120429463795.
[I 2026-05-28 02:47:54,526] Trial 48 finished with value: 7.280651215389208 and parameters: {'ISTN': 72.65988217114725, 'I_gpe': 1.129599065918987, 'I_gpi': 1.7468750171015952, 'noise_stn_sigma': 5.090048041967448, 'noise_gpe_sigma': 88.334496869087, 'noise_gpi_sigma': 117.93373236254708, 'g_stn_gpe_mult': 2.5174884491473986, 'g_gpe_stn_mult': 0.281638151377802, 'g_stn_gpi_mult': 1.9872801916385558, 'g_gpe_gpi_mult': 0.663543107889053}. Best is trial 41 with value: 0.48761120429463795.
[I 2026-05-28 02:47:55,539] Trial 49 finished with value: 0.9025815549092178 and parameters: {'ISTN': 63.27561991546437, 'I_gpe': 0.667967389479021, 'I_gpi': 2.1355425053307515, 'noise_stn_sigma': 2.662953936218638, 'noise_gpe_sigma': 66.82164221991644, 'noise_gpi_sigma': 97.67831061342996, 'g_stn_gpe_mult': 3.164980766400717, 'g_gpe_stn_mult': 0.2239797715767329, 'g_stn_gpi_mult': 2.9398603147695193, 'g_gpe_gpi_mult': 0.5625077893993297}. Best is trial 41 with value: 0.48761120429463795.
[I 2026-05-28 02:47:56,547] Trial 50 finished with value: 5.1104544352836045 and parameters: {'ISTN': 61.55961781747959, 'I_gpe': 0.840114089676375, 'I_gpi': 1.2494236171765138, 'noise_stn_sigma': 4.8888712083676396, 'noise_gpe_sigma': 113.33769436786683, 'noise_gpi_sigma': 104.10782074158922, 'g_stn_gpe_mult': 3.3378819810754905, 'g_gpe_stn_mult': 0.267657147567121, 'g_stn_gpi_mult': 2.1237143263438627, 'g_gpe_gpi_mult': 0.8562874291816427}. Best is trial 41 with value: 0.48761120429463795.
[I 2026-05-28 02:47:57,556] Trial 51 finished with value: 7.208007076704645 and parameters: {'ISTN': 95.83306570180831, 'I_gpe': 0.5677692613209766, 'I_gpi': 2.2474450983131566, 'noise_stn_sigma': 5.405926487380986, 'noise_gpe_sigma': 103.87748034626509, 'noise_gpi_sigma': 99.76409013989483, 'g_stn_gpe_mult': 2.2492982182727292, 'g_gpe_stn_mult': 0.21638174495738888, 'g_stn_gpi_mult': 2.116769890104877, 'g_gpe_gpi_mult': 0.8214801268182763}. Best is trial 41 with value: 0.48761120429463795.
[I 2026-05-28 02:47:58,565] Trial 52 finished with value: 13.563356243805174 and parameters: {'ISTN': 68.35255207353696, 'I_gpe': 1.9657989466547077, 'I_gpi': 1.0224283935428808, 'noise_stn_sigma': 1.7957011553020652, 'noise_gpe_sigma': 109.03794894333873, 'noise_gpi_sigma': 92.38272448684525, 'g_stn_gpe_mult': 2.7942153357584703, 'g_gpe_stn_mult': 0.279162445616873, 'g_stn_gpi_mult': 2.0345109498826397, 'g_gpe_gpi_mult': 0.8400923773100841}. Best is trial 41 with value: 0.48761120429463795.
[I 2026-05-28 02:47:59,574] Trial 53 finished with value: 13.895069264934476 and parameters: {'ISTN': 84.5593024603294, 'I_gpe': 1.4903047156502116, 'I_gpi': 2.2801962939556732, 'noise_stn_sigma': 4.810767737593631, 'noise_gpe_sigma': 81.91538124114848, 'noise_gpi_sigma': 90.2096038990226, 'g_stn_gpe_mult': 1.9131047250936986, 'g_gpe_stn_mult': 0.3733376895234881, 'g_stn_gpi_mult': 2.6649771891431913, 'g_gpe_gpi_mult': 0.7580911999907693}. Best is trial 41 with value: 0.48761120429463795.
[I 2026-05-28 02:48:00,585] Trial 54 finished with value: 7.640283695324235 and parameters: {'ISTN': 66.37982130155154, 'I_gpe': 1.1164473465698954, 'I_gpi': 1.378232448604024, 'noise_stn_sigma': 3.753611164349116, 'noise_gpe_sigma': 121.176904720927, 'noise_gpi_sigma': 125.76477093474328, 'g_stn_gpe_mult': 4.830427381982174, 'g_gpe_stn_mult': 0.2705829716083088, 'g_stn_gpi_mult': 2.0692489563298406, 'g_gpe_gpi_mult': 0.48054822281292087}. Best is trial 41 with value: 0.48761120429463795.
[I 2026-05-28 02:48:01,594] Trial 55 finished with value: 11.730508844702676 and parameters: {'ISTN': 77.19724162830175, 'I_gpe': 0.6821576835599195, 'I_gpi': 2.4264836971545556, 'noise_stn_sigma': 5.609945850237316, 'noise_gpe_sigma': 60.51679582296778, 'noise_gpi_sigma': 87.34344588649473, 'g_stn_gpe_mult': 3.0673394472614177, 'g_gpe_stn_mult': 0.18580893569511972, 'g_stn_gpi_mult': 1.9357541525376205, 'g_gpe_gpi_mult': 0.9217370925086856}. Best is trial 41 with value: 0.48761120429463795.
[I 2026-05-28 02:48:02,601] Trial 56 finished with value: 12.698666505683827 and parameters: {'ISTN': 75.6810308749184, 'I_gpe': 1.2098022506558657, 'I_gpi': 1.0087063622071692, 'noise_stn_sigma': 4.65634564863965, 'noise_gpe_sigma': 84.14953045055186, 'noise_gpi_sigma': 128.0082561098776, 'g_stn_gpe_mult': 3.0157617725259254, 'g_gpe_stn_mult': 0.2800973740022722, 'g_stn_gpi_mult': 2.310786591150881, 'g_gpe_gpi_mult': 0.7784109819987635}. Best is trial 41 with value: 0.48761120429463795.
[I 2026-05-28 02:48:03,608] Trial 57 finished with value: 2.8600252190460025 and parameters: {'ISTN': 64.17602989754543, 'I_gpe': 0.9326989885278554, 'I_gpi': 1.6315024497338677, 'noise_stn_sigma': 4.895039103492797, 'noise_gpe_sigma': 92.22403751100089, 'noise_gpi_sigma': 106.55561751623144, 'g_stn_gpe_mult': 3.171377747699056, 'g_gpe_stn_mult': 0.1497954279378964, 'g_stn_gpi_mult': 2.471713170984318, 'g_gpe_gpi_mult': 0.576350341463826}. Best is trial 41 with value: 0.48761120429463795.
[I 2026-05-28 02:48:04,617] Trial 58 finished with value: 16.060999777523733 and parameters: {'ISTN': 89.49553378649114, 'I_gpe': 1.526732029423538, 'I_gpi': 1.7592135079271771, 'noise_stn_sigma': 5.58016419259583, 'noise_gpe_sigma': 117.24032255691189, 'noise_gpi_sigma': 58.18910929762499, 'g_stn_gpe_mult': 4.492326749284322, 'g_gpe_stn_mult': 0.2740409624370651, 'g_stn_gpi_mult': 2.3233695717874077, 'g_gpe_gpi_mult': 0.7812793763624071}. Best is trial 41 with value: 0.48761120429463795.
[I 2026-05-28 02:48:05,625] Trial 59 finished with value: 14.541363279581835 and parameters: {'ISTN': 71.51705494514843, 'I_gpe': 1.859273118456024, 'I_gpi': 2.357318117658127, 'noise_stn_sigma': 4.546455496360132, 'noise_gpe_sigma': 108.0278726396646, 'noise_gpi_sigma': 137.67035002755165, 'g_stn_gpe_mult': 2.5245418024690287, 'g_gpe_stn_mult': 0.14342839281660344, 'g_stn_gpi_mult': 2.5764721144075815, 'g_gpe_gpi_mult': 0.5568739389560746}. Best is trial 41 with value: 0.48761120429463795.
[I 2026-05-28 02:48:06,634] Trial 60 finished with value: 12.729265384036959 and parameters: {'ISTN': 74.55447727432922, 'I_gpe': 0.7619562630990206, 'I_gpi': 2.906268059266321, 'noise_stn_sigma': 3.152135111769557, 'noise_gpe_sigma': 89.42603324601262, 'noise_gpi_sigma': 81.50824160895453, 'g_stn_gpe_mult': 3.156672207898411, 'g_gpe_stn_mult': 0.4462408391560029, 'g_stn_gpi_mult': 2.0138785403726542, 'g_gpe_gpi_mult': 0.6961829501513612}. Best is trial 41 with value: 0.48761120429463795.
[I 2026-05-28 02:48:07,643] Trial 61 finished with value: 0.24899146001917752 and parameters: {'ISTN': 66.46871799486058, 'I_gpe': 1.1133856089079077, 'I_gpi': 2.0246464475704995, 'noise_stn_sigma': 4.07669588595833, 'noise_gpe_sigma': 84.22509868558548, 'noise_gpi_sigma': 89.04479281708679, 'g_stn_gpe_mult': 4.003604681162007, 'g_gpe_stn_mult': 0.14282758468079407, 'g_stn_gpi_mult': 2.4030202126357736, 'g_gpe_gpi_mult': 0.4149628779403852}. Best is trial 61 with value: 0.24899146001917752.
[I 2026-05-28 02:48:08,591] Trial 62 finished with value: 1000000.0 and parameters: {'ISTN': 83.59402523380805, 'I_gpe': 0.5673016898027798, 'I_gpi': 2.110973904964261, 'noise_stn_sigma': 5.061917171637374, 'noise_gpe_sigma': 103.86377803960184, 'noise_gpi_sigma': 66.42960826078095, 'g_stn_gpe_mult': 2.944857712312154, 'g_gpe_stn_mult': 0.2638029778824277, 'g_stn_gpi_mult': 2.035790993367888, 'g_gpe_gpi_mult': 0.7685368111196496}. Best is trial 61 with value: 0.24899146001917752.
[I 2026-05-28 02:48:09,598] Trial 63 finished with value: 13.428145061263809 and parameters: {'ISTN': 79.21546899752849, 'I_gpe': 0.7261714819001537, 'I_gpi': 1.4151216342064203, 'noise_stn_sigma': 4.504757668460469, 'noise_gpe_sigma': 66.91041102254124, 'noise_gpi_sigma': 87.09520133459574, 'g_stn_gpe_mult': 2.6453274355469936, 'g_gpe_stn_mult': 0.13171801080034115, 'g_stn_gpi_mult': 2.1476885285367997, 'g_gpe_gpi_mult': 0.5400950810384952}. Best is trial 61 with value: 0.24899146001917752.
[I 2026-05-28 02:48:10,606] Trial 64 finished with value: 14.173050042629248 and parameters: {'ISTN': 83.62452482283294, 'I_gpe': 1.149072776196641, 'I_gpi': 2.090252625949258, 'noise_stn_sigma': 3.42334025135715, 'noise_gpe_sigma': 76.36029145702108, 'noise_gpi_sigma': 119.34945780014878, 'g_stn_gpe_mult': 4.029775465237284, 'g_gpe_stn_mult': 0.1369033403615479, 'g_stn_gpi_mult': 1.9731385602068585, 'g_gpe_gpi_mult': 0.5581546235585682}. Best is trial 61 with value: 0.24899146001917752.
[I 2026-05-28 02:48:11,615] Trial 65 finished with value: 1.0653375830799021 and parameters: {'ISTN': 62.3666166552668, 'I_gpe': 1.1810297186056051, 'I_gpi': 2.65327010660355, 'noise_stn_sigma': 5.631558266744118, 'noise_gpe_sigma': 118.01213383393328, 'noise_gpi_sigma': 105.96576591732193, 'g_stn_gpe_mult': 3.324367265236789, 'g_gpe_stn_mult': 0.17670758355520194, 'g_stn_gpi_mult': 2.092360895594031, 'g_gpe_gpi_mult': 0.7846108996233374}. Best is trial 61 with value: 0.24899146001917752.
[I 2026-05-28 02:48:12,622] Trial 66 finished with value: 11.312829018508408 and parameters: {'ISTN': 68.56167580700607, 'I_gpe': 0.7987722916117059, 'I_gpi': 2.202785131719402, 'noise_stn_sigma': 4.77896625375131, 'noise_gpe_sigma': 132.90839806473218, 'noise_gpi_sigma': 76.18374196646857, 'g_stn_gpe_mult': 4.13564098542937, 'g_gpe_stn_mult': 0.17199940588390517, 'g_stn_gpi_mult': 2.682322265215974, 'g_gpe_gpi_mult': 0.7509620881725481}. Best is trial 61 with value: 0.24899146001917752.
[I 2026-05-28 02:48:13,631] Trial 67 finished with value: 11.991439826081248 and parameters: {'ISTN': 73.12658809723483, 'I_gpe': 1.5009029727982155, 'I_gpi': 3.119706426616048, 'noise_stn_sigma': 2.6345689332126323, 'noise_gpe_sigma': 56.9739960080712, 'noise_gpi_sigma': 77.40755264496497, 'g_stn_gpe_mult': 2.0346503763756942, 'g_gpe_stn_mult': 0.1753728142250639, 'g_stn_gpi_mult': 3.088533460772807, 'g_gpe_gpi_mult': 0.9340470798716847}. Best is trial 61 with value: 0.24899146001917752.
[I 2026-05-28 02:48:14,642] Trial 68 finished with value: 15.898600423029816 and parameters: {'ISTN': 104.75310056712894, 'I_gpe': 1.0256102284369357, 'I_gpi': 1.3053143099771622, 'noise_stn_sigma': 5.156531153044673, 'noise_gpe_sigma': 65.49368204589126, 'noise_gpi_sigma': 124.69763504696338, 'g_stn_gpe_mult': 3.1879049744504275, 'g_gpe_stn_mult': 0.105012968589824, 'g_stn_gpi_mult': 1.6492339793083586, 'g_gpe_gpi_mult': 0.7563767257620153}. Best is trial 61 with value: 0.24899146001917752.
[I 2026-05-28 02:48:15,651] Trial 69 finished with value: 15.110880231865579 and parameters: {'ISTN': 83.83174249537556, 'I_gpe': 0.9027034263930301, 'I_gpi': 2.38626952263573, 'noise_stn_sigma': 3.68299010623336, 'noise_gpe_sigma': 123.715067093826, 'noise_gpi_sigma': 120.6726289070942, 'g_stn_gpe_mult': 3.9066183115238466, 'g_gpe_stn_mult': 0.32117822064900636, 'g_stn_gpi_mult': 2.318839214264999, 'g_gpe_gpi_mult': 0.6246735222964075}. Best is trial 61 with value: 0.24899146001917752.
[I 2026-05-28 02:48:16,658] Trial 70 finished with value: 14.64141537471469 and parameters: {'ISTN': 74.31388665608229, 'I_gpe': 1.818801307267523, 'I_gpi': 1.6636915231828817, 'noise_stn_sigma': 4.696607183705162, 'noise_gpe_sigma': 84.13509861631658, 'noise_gpi_sigma': 125.09002280359356, 'g_stn_gpe_mult': 4.33930971791793, 'g_gpe_stn_mult': 0.32265301940188496, 'g_stn_gpi_mult': 2.1053912120260736, 'g_gpe_gpi_mult': 0.7364565235235199}. Best is trial 61 with value: 0.24899146001917752.
[I 2026-05-28 02:48:17,667] Trial 71 finished with value: 14.633031045017834 and parameters: {'ISTN': 81.83816405626837, 'I_gpe': 0.9485418329718158, 'I_gpi': 3.150274982162821, 'noise_stn_sigma': 3.3219460184222616, 'noise_gpe_sigma': 72.99163047945984, 'noise_gpi_sigma': 84.16332872219836, 'g_stn_gpe_mult': 3.048666832388644, 'g_gpe_stn_mult': 0.16599527469115247, 'g_stn_gpi_mult': 2.0830578570131832, 'g_gpe_gpi_mult': 0.6909194580375608}. Best is trial 61 with value: 0.24899146001917752.
[I 2026-05-28 02:48:18,674] Trial 72 finished with value: 10.21435433730846 and parameters: {'ISTN': 65.31707759149936, 'I_gpe': 1.7539842574296918, 'I_gpi': 2.7713657726211625, 'noise_stn_sigma': 4.940313954241024, 'noise_gpe_sigma': 114.19384432658133, 'noise_gpi_sigma': 62.946370570330906, 'g_stn_gpe_mult': 4.134425905465578, 'g_gpe_stn_mult': 0.23564294616028106, 'g_stn_gpi_mult': 2.2743089327652646, 'g_gpe_gpi_mult': 0.6177355018356787}. Best is trial 61 with value: 0.24899146001917752.
[I 2026-05-28 02:48:19,681] Trial 73 finished with value: 2.11577819777024 and parameters: {'ISTN': 65.45557143628358, 'I_gpe': 0.5885355132929649, 'I_gpi': 1.3389869783968107, 'noise_stn_sigma': 6.128900069510993, 'noise_gpe_sigma': 104.85116195486023, 'noise_gpi_sigma': 103.957582207641, 'g_stn_gpe_mult': 3.9953379006563727, 'g_gpe_stn_mult': 0.24849266280802867, 'g_stn_gpi_mult': 2.3194224623267115, 'g_gpe_gpi_mult': 0.6232219244299794}. Best is trial 61 with value: 0.24899146001917752.
[I 2026-05-28 02:48:20,689] Trial 74 finished with value: 0.2879321209467434 and parameters: {'ISTN': 61.05907984302323, 'I_gpe': 1.0423312452881666, 'I_gpi': 2.0095215272971227, 'noise_stn_sigma': 5.2686230550719415, 'noise_gpe_sigma': 111.81478467473303, 'noise_gpi_sigma': 108.39036146878287, 'g_stn_gpe_mult': 3.767928555570308, 'g_gpe_stn_mult': 0.1845527076776563, 'g_stn_gpi_mult': 2.610420192990973, 'g_gpe_gpi_mult': 0.7333215173245393}. Best is trial 61 with value: 0.24899146001917752.
[I 2026-05-28 02:48:21,698] Trial 75 finished with value: 10.722230867476418 and parameters: {'ISTN': 74.28389336207869, 'I_gpe': 0.883865161175486, 'I_gpi': 2.0307337053574273, 'noise_stn_sigma': 4.583560152230618, 'noise_gpe_sigma': 76.44901906135844, 'noise_gpi_sigma': 33.70156070054082, 'g_stn_gpe_mult': 2.980383453523876, 'g_gpe_stn_mult': 0.159094171572101, 'g_stn_gpi_mult': 2.095830805604183, 'g_gpe_gpi_mult': 0.7079545333212012}. Best is trial 61 with value: 0.24899146001917752.
[I 2026-05-28 02:48:22,707] Trial 76 finished with value: 5.487465333988196 and parameters: {'ISTN': 61.13340217351201, 'I_gpe': 1.1042499306236842, 'I_gpi': 1.6920516651234183, 'noise_stn_sigma': 5.831861617828559, 'noise_gpe_sigma': 98.61277935122041, 'noise_gpi_sigma': 93.1865262155967, 'g_stn_gpe_mult': 3.78965325880957, 'g_gpe_stn_mult': 0.38900435285243784, 'g_stn_gpi_mult': 2.943646633487111, 'g_gpe_gpi_mult': 0.5221241527337619}. Best is trial 61 with value: 0.24899146001917752.
[I 2026-05-28 02:48:23,718] Trial 77 finished with value: 9.041073257260095 and parameters: {'ISTN': 74.61720638714236, 'I_gpe': 0.7890471675265512, 'I_gpi': 2.0641225507142074, 'noise_stn_sigma': 4.911371893753433, 'noise_gpe_sigma': 99.89333991885918, 'noise_gpi_sigma': 87.91270463814698, 'g_stn_gpe_mult': 3.5691119980010066, 'g_gpe_stn_mult': 0.21393076141399214, 'g_stn_gpi_mult': 2.4459294010158126, 'g_gpe_gpi_mult': 0.5868829575298705}. Best is trial 61 with value: 0.24899146001917752.
[I 2026-05-28 02:48:24,728] Trial 78 finished with value: 16.61321035883918 and parameters: {'ISTN': 92.12106725555074, 'I_gpe': 1.5105015303785896, 'I_gpi': 2.078762539605928, 'noise_stn_sigma': 4.684851530222698, 'noise_gpe_sigma': 88.3806346985459, 'noise_gpi_sigma': 71.45821863397919, 'g_stn_gpe_mult': 4.215655461127774, 'g_gpe_stn_mult': 0.17008478765875967, 'g_stn_gpi_mult': 2.360724074259801, 'g_gpe_gpi_mult': 0.6957042928689732}. Best is trial 61 with value: 0.24899146001917752.
[I 2026-05-28 02:48:25,736] Trial 79 finished with value: 8.667736937587062 and parameters: {'ISTN': 63.24414214416266, 'I_gpe': 1.5884344783371245, 'I_gpi': 1.809383154202275, 'noise_stn_sigma': 5.306606216129146, 'noise_gpe_sigma': 108.18096423976911, 'noise_gpi_sigma': 97.78876290560238, 'g_stn_gpe_mult': 3.4181377503783303, 'g_gpe_stn_mult': 0.2865485060528935, 'g_stn_gpi_mult': 2.2454563999332673, 'g_gpe_gpi_mult': 0.7402303200381348}. Best is trial 61 with value: 0.24899146001917752.
[I 2026-05-28 02:48:26,745] Trial 80 finished with value: 4.9828410242850305 and parameters: {'ISTN': 67.76140169574815, 'I_gpe': 1.5635572109501263, 'I_gpi': 2.2422499662638673, 'noise_stn_sigma': 4.113306607782399, 'noise_gpe_sigma': 80.12847640275115, 'noise_gpi_sigma': 92.29436230110275, 'g_stn_gpe_mult': 4.012225071760303, 'g_gpe_stn_mult': 0.23677392211887946, 'g_stn_gpi_mult': 2.523632509622861, 'g_gpe_gpi_mult': 0.4930362075513597}. Best is trial 61 with value: 0.24899146001917752.
[I 2026-05-28 02:48:27,753] Trial 81 finished with value: 9.572218803489571 and parameters: {'ISTN': 67.09701172196041, 'I_gpe': 1.0758223789086723, 'I_gpi': 2.128003802796918, 'noise_stn_sigma': 4.451413574067258, 'noise_gpe_sigma': 108.72265589634318, 'noise_gpi_sigma': 114.81392402388855, 'g_stn_gpe_mult': 3.595620814429391, 'g_gpe_stn_mult': 0.28360549794310186, 'g_stn_gpi_mult': 2.5683612025979876, 'g_gpe_gpi_mult': 0.7085843225010406}. Best is trial 61 with value: 0.24899146001917752.
[I 2026-05-28 02:48:28,757] Trial 82 finished with value: 12.96380721490958 and parameters: {'ISTN': 69.29464117680101, 'I_gpe': 1.9368198101699008, 'I_gpi': 1.8928973691379074, 'noise_stn_sigma': 5.069035378488274, 'noise_gpe_sigma': 71.71637748496308, 'noise_gpi_sigma': 108.24404592187877, 'g_stn_gpe_mult': 4.484120555736645, 'g_gpe_stn_mult': 0.29913650675561476, 'g_stn_gpi_mult': 2.9386617355056606, 'g_gpe_gpi_mult': 0.3896954988947771}. Best is trial 61 with value: 0.24899146001917752.
[I 2026-05-28 02:48:29,764] Trial 83 finished with value: 13.633379103894677 and parameters: {'ISTN': 78.17753905512237, 'I_gpe': 1.2892411834809123, 'I_gpi': 2.450948271629221, 'noise_stn_sigma': 4.1087499240760295, 'noise_gpe_sigma': 112.56624809734487, 'noise_gpi_sigma': 82.97583870506907, 'g_stn_gpe_mult': 4.496657327420525, 'g_gpe_stn_mult': 0.33743978626958837, 'g_stn_gpi_mult': 2.4571412367003593, 'g_gpe_gpi_mult': 0.7297563617323966}. Best is trial 61 with value: 0.24899146001917752.
[I 2026-05-28 02:48:30,773] Trial 84 finished with value: 8.61081786875981 and parameters: {'ISTN': 69.15499271373538, 'I_gpe': 0.998804361360825, 'I_gpi': 2.251435098040285, 'noise_stn_sigma': 5.921967915921978, 'noise_gpe_sigma': 121.0423528342067, 'noise_gpi_sigma': 88.96969656246674, 'g_stn_gpe_mult': 3.2507497165186376, 'g_gpe_stn_mult': 0.36549492502904846, 'g_stn_gpi_mult': 2.688416028779219, 'g_gpe_gpi_mult': 0.7258017210907253}. Best is trial 61 with value: 0.24899146001917752.
[I 2026-05-28 02:48:31,782] Trial 85 finished with value: 8.350266983399806 and parameters: {'ISTN': 74.81481818925715, 'I_gpe': 0.648498501361247, 'I_gpi': 1.5748532259004462, 'noise_stn_sigma': 5.26396626153718, 'noise_gpe_sigma': 92.08564010061585, 'noise_gpi_sigma': 102.89514242041389, 'g_stn_gpe_mult': 4.368689445448162, 'g_gpe_stn_mult': 0.3960388831493521, 'g_stn_gpi_mult': 2.8413676806742734, 'g_gpe_gpi_mult': 0.7229561390607244}. Best is trial 61 with value: 0.24899146001917752.
[I 2026-05-28 02:48:32,792] Trial 86 finished with value: 4.432825627739641 and parameters: {'ISTN': 63.09812268075775, 'I_gpe': 1.5228141221745666, 'I_gpi': 1.5493313329390417, 'noise_stn_sigma': 6.854445894785311, 'noise_gpe_sigma': 96.20679729550051, 'noise_gpi_sigma': 81.76928750982074, 'g_stn_gpe_mult': 3.772972552922859, 'g_gpe_stn_mult': 0.19383482165364296, 'g_stn_gpi_mult': 2.450870479265515, 'g_gpe_gpi_mult': 0.7983527534481436}. Best is trial 61 with value: 0.24899146001917752.
[I 2026-05-28 02:48:33,800] Trial 87 finished with value: 1.551822893061654 and parameters: {'ISTN': 60.8812445959569, 'I_gpe': 0.9110075395064277, 'I_gpi': 1.4252881634638312, 'noise_stn_sigma': 6.020020080765226, 'noise_gpe_sigma': 102.36409170945173, 'noise_gpi_sigma': 98.92346549277094, 'g_stn_gpe_mult': 3.6879603435539625, 'g_gpe_stn_mult': 0.18719019632976602, 'g_stn_gpi_mult': 2.4001949516941674, 'g_gpe_gpi_mult': 0.7164666995118021}. Best is trial 61 with value: 0.24899146001917752.
