[I 2026-05-28 03:26:18,770] Trial 308 finished with value: 8.663322328432304 and parameters: {'ISTN': 62.319182929447, 'I_gpe': 0.8985646226704254, 'I_gpi': 1.376314485900134, 'noise_stn_sigma': 3.6608073761372415, 'noise_gpe_sigma': 92.41944940303097, 'noise_gpi_sigma': 89.11895871831011, 'g_stn_gpe_mult': 2.315782096171489, 'g_gpe_stn_mult': 0.5266551020547463, 'g_stn_gpi_mult': 2.9966654825742127, 'g_gpe_gpi_mult': 1.0394945597406813}. Best is trial 215 with value: 0.6300162530717475.
[I 2026-05-28 03:26:19,777] Trial 309 finished with value: 8.176679631968716 and parameters: {'ISTN': 71.23735915302488, 'I_gpe': 0.6347570278321355, 'I_gpi': 1.1187847008976615, 'noise_stn_sigma': 3.316189511747832, 'noise_gpe_sigma': 101.78170961428347, 'noise_gpi_sigma': 111.33198246590192, 'g_stn_gpe_mult': 2.061914131869034, 'g_gpe_stn_mult': 0.5779357974527496, 'g_stn_gpi_mult': 3.0292606660421333, 'g_gpe_gpi_mult': 0.9253297589559726}. Best is trial 215 with value: 0.6300162530717475.
[I 2026-05-28 03:26:20,783] Trial 310 finished with value: 8.941667553155218 and parameters: {'ISTN': 73.03220388030005, 'I_gpe': 0.9189214651580658, 'I_gpi': 1.1955619614880777, 'noise_stn_sigma': 3.362433080403583, 'noise_gpe_sigma': 89.42634845108923, 'noise_gpi_sigma': 94.25106191152604, 'g_stn_gpe_mult': 2.04534863930653, 'g_gpe_stn_mult': 0.5887113652434907, 'g_stn_gpi_mult': 3.0287889859408317, 'g_gpe_gpi_mult': 1.0125261546005953}. Best is trial 215 with value: 0.6300162530717475.
[I 2026-05-28 03:26:21,791] Trial 311 finished with value: 10.019918009150711 and parameters: {'ISTN': 74.16216016052518, 'I_gpe': 0.6646532309190192, 'I_gpi': 1.318959750739607, 'noise_stn_sigma': 3.891929578674385, 'noise_gpe_sigma': 90.77243328139541, 'noise_gpi_sigma': 86.34743917644595, 'g_stn_gpe_mult': 2.2222383150428318, 'g_gpe_stn_mult': 0.5397164437770464, 'g_stn_gpi_mult': 3.104864907172203, 'g_gpe_gpi_mult': 0.8416758923013692}. Best is trial 215 with value: 0.6300162530717475.
[I 2026-05-28 03:26:22,801] Trial 312 finished with value: 8.657898072585239 and parameters: {'ISTN': 76.57366899728386, 'I_gpe': 0.7217948973543857, 'I_gpi': 1.2606198954846883, 'noise_stn_sigma': 3.8953461336958988, 'noise_gpe_sigma': 82.09713685679276, 'noise_gpi_sigma': 95.49938690531367, 'g_stn_gpe_mult': 2.131114752672943, 'g_gpe_stn_mult': 0.5421085807166383, 'g_stn_gpi_mult': 3.453956481300599, 'g_gpe_gpi_mult': 0.9119743030066993}. Best is trial 215 with value: 0.6300162530717475.
[I 2026-05-28 03:26:23,810] Trial 313 finished with value: 10.914058212229698 and parameters: {'ISTN': 79.20956374114199, 'I_gpe': 0.8820261047119888, 'I_gpi': 1.4210902342133112, 'noise_stn_sigma': 3.648803613911006, 'noise_gpe_sigma': 75.22792200569745, 'noise_gpi_sigma': 94.19734699427336, 'g_stn_gpe_mult': 2.306493301296279, 'g_gpe_stn_mult': 0.6524818563939982, 'g_stn_gpi_mult': 3.4541555509919, 'g_gpe_gpi_mult': 0.9758190743881756}. Best is trial 215 with value: 0.6300162530717475.
[I 2026-05-28 03:26:24,819] Trial 314 finished with value: 11.005399005910544 and parameters: {'ISTN': 79.51081585113806, 'I_gpe': 0.8439883427231034, 'I_gpi': 1.491714517930256, 'noise_stn_sigma': 3.4506633307672168, 'noise_gpe_sigma': 66.5337059934314, 'noise_gpi_sigma': 85.6359267107844, 'g_stn_gpe_mult': 2.166555117694635, 'g_gpe_stn_mult': 0.6434462419689609, 'g_stn_gpi_mult': 2.9122676647461194, 'g_gpe_gpi_mult': 0.8991336773830567}. Best is trial 215 with value: 0.6300162530717475.
[I 2026-05-28 03:26:25,827] Trial 315 finished with value: 9.89009760554493 and parameters: {'ISTN': 87.71504926856579, 'I_gpe': 0.5637406930897753, 'I_gpi': 1.2157030251258345, 'noise_stn_sigma': 3.263101079375138, 'noise_gpe_sigma': 78.2121240852644, 'noise_gpi_sigma': 91.68346957233095, 'g_stn_gpe_mult': 2.1785086179594053, 'g_gpe_stn_mult': 0.6346816259715505, 'g_stn_gpi_mult': 3.356865831786268, 'g_gpe_gpi_mult': 0.8226373954756159}. Best is trial 215 with value: 0.6300162530717475.
[I 2026-05-28 03:26:26,774] Trial 316 finished with value: 1000000.0 and parameters: {'ISTN': 69.39878231090083, 'I_gpe': 0.5668252875682447, 'I_gpi': 1.053682780998355, 'noise_stn_sigma': 3.7078118249952774, 'noise_gpe_sigma': 86.78332353898665, 'noise_gpi_sigma': 100.38848084098191, 'g_stn_gpe_mult': 2.3432578773968977, 'g_gpe_stn_mult': 0.5956978848764388, 'g_stn_gpi_mult': 3.376702747886561, 'g_gpe_gpi_mult': 0.9757844336529273}. Best is trial 215 with value: 0.6300162530717475.
[I 2026-05-28 03:26:27,782] Trial 317 finished with value: 15.086194810065361 and parameters: {'ISTN': 77.59319361334512, 'I_gpe': 0.91977454617775, 'I_gpi': 1.5056159958535018, 'noise_stn_sigma': 3.5914606120959087, 'noise_gpe_sigma': 89.67296761072497, 'noise_gpi_sigma': 99.54781486996231, 'g_stn_gpe_mult': 2.57212648765716, 'g_gpe_stn_mult': 0.647894268816328, 'g_stn_gpi_mult': 3.1541375062592194, 'g_gpe_gpi_mult': 0.7840916075837965}. Best is trial 215 with value: 0.6300162530717475.
[I 2026-05-28 03:26:28,788] Trial 318 finished with value: 14.946197097142557 and parameters: {'ISTN': 84.67212633810281, 'I_gpe': 0.8464047093560216, 'I_gpi': 1.3139055702258378, 'noise_stn_sigma': 3.8398663588828796, 'noise_gpe_sigma': 77.83913055326033, 'noise_gpi_sigma': 104.3270585395302, 'g_stn_gpe_mult': 2.4029533478271854, 'g_gpe_stn_mult': 0.5849822193192284, 'g_stn_gpi_mult': 2.7931983197378134, 'g_gpe_gpi_mult': 0.9356190796559154}. Best is trial 215 with value: 0.6300162530717475.
[I 2026-05-28 03:26:29,797] Trial 319 finished with value: 5.856307851415873 and parameters: {'ISTN': 71.9802176632655, 'I_gpe': 1.1422593605048625, 'I_gpi': 1.2212963209149252, 'noise_stn_sigma': 3.6809998361860132, 'noise_gpe_sigma': 81.92649519629705, 'noise_gpi_sigma': 79.22651680165697, 'g_stn_gpe_mult': 2.5306749515614078, 'g_gpe_stn_mult': 0.6295701873842876, 'g_stn_gpi_mult': 3.2504692144585823, 'g_gpe_gpi_mult': 0.9240962707004454}. Best is trial 215 with value: 0.6300162530717475.
[I 2026-05-28 03:26:30,805] Trial 320 finished with value: 11.978951418353105 and parameters: {'ISTN': 77.36914380886748, 'I_gpe': 0.8196833248990771, 'I_gpi': 1.317022018194264, 'noise_stn_sigma': 4.4760023623925305, 'noise_gpe_sigma': 77.9374113003854, 'noise_gpi_sigma': 84.74489522769653, 'g_stn_gpe_mult': 2.3202893615809295, 'g_gpe_stn_mult': 0.5423927695305918, 'g_stn_gpi_mult': 3.092904823948633, 'g_gpe_gpi_mult': 1.01702738294246}. Best is trial 215 with value: 0.6300162530717475.
[I 2026-05-28 03:26:31,814] Trial 321 finished with value: 12.542035922647775 and parameters: {'ISTN': 74.29652932018216, 'I_gpe': 1.078173937042424, 'I_gpi': 1.2949472982342534, 'noise_stn_sigma': 3.6709778434266918, 'noise_gpe_sigma': 67.02397129715789, 'noise_gpi_sigma': 101.25509528368326, 'g_stn_gpe_mult': 1.910924180070473, 'g_gpe_stn_mult': 0.6712490753181998, 'g_stn_gpi_mult': 3.0921788502976226, 'g_gpe_gpi_mult': 0.8208783543252396}. Best is trial 215 with value: 0.6300162530717475.
[I 2026-05-28 03:26:32,822] Trial 322 finished with value: 10.399183325234588 and parameters: {'ISTN': 76.81919004998792, 'I_gpe': 0.7124653896006686, 'I_gpi': 1.7791071202690882, 'noise_stn_sigma': 3.790893118063214, 'noise_gpe_sigma': 77.74326649201049, 'noise_gpi_sigma': 86.9652316330485, 'g_stn_gpe_mult': 2.339954611084611, 'g_gpe_stn_mult': 0.5799033623155905, 'g_stn_gpi_mult': 2.745620970970111, 'g_gpe_gpi_mult': 0.813371414462891}. Best is trial 215 with value: 0.6300162530717475.
[I 2026-05-28 03:26:33,830] Trial 323 finished with value: 13.34327576489238 and parameters: {'ISTN': 74.55524070712104, 'I_gpe': 0.8751478349273485, 'I_gpi': 1.1745938037595691, 'noise_stn_sigma': 3.703159129313154, 'noise_gpe_sigma': 84.14789266675437, 'noise_gpi_sigma': 84.77963344063055, 'g_stn_gpe_mult': 2.4816881564698194, 'g_gpe_stn_mult': 0.5262548244744222, 'g_stn_gpi_mult': 3.253928390463815, 'g_gpe_gpi_mult': 0.8762414984937437}. Best is trial 215 with value: 0.6300162530717475.
[I 2026-05-28 03:26:34,838] Trial 324 finished with value: 13.459271391547377 and parameters: {'ISTN': 74.73898584737599, 'I_gpe': 1.0515345920399373, 'I_gpi': 1.282564344703529, 'noise_stn_sigma': 4.011986558974632, 'noise_gpe_sigma': 98.14022053851726, 'noise_gpi_sigma': 72.32690402698945, 'g_stn_gpe_mult': 2.115712252043983, 'g_gpe_stn_mult': 0.4961815447108445, 'g_stn_gpi_mult': 3.4228983572465688, 'g_gpe_gpi_mult': 0.9251081984436067}. Best is trial 215 with value: 0.6300162530717475.
[I 2026-05-28 03:26:35,847] Trial 325 finished with value: 11.052094741472674 and parameters: {'ISTN': 79.33789298656234, 'I_gpe': 0.9022912253815045, 'I_gpi': 1.0001938815274751, 'noise_stn_sigma': 3.3978985829798676, 'noise_gpe_sigma': 86.69740370665828, 'noise_gpi_sigma': 104.25104027976415, 'g_stn_gpe_mult': 2.563516277546084, 'g_gpe_stn_mult': 0.6310555425385025, 'g_stn_gpi_mult': 3.4051844250561083, 'g_gpe_gpi_mult': 0.8973032758571076}. Best is trial 215 with value: 0.6300162530717475.
[I 2026-05-28 03:26:36,856] Trial 326 finished with value: 10.935916888665883 and parameters: {'ISTN': 75.3745256528184, 'I_gpe': 0.76338565626907, 'I_gpi': 1.5557157992484125, 'noise_stn_sigma': 4.173577939183556, 'noise_gpe_sigma': 83.2728088215712, 'noise_gpi_sigma': 95.15428378374732, 'g_stn_gpe_mult': 2.4063878107753616, 'g_gpe_stn_mult': 0.5280377067755839, 'g_stn_gpi_mult': 2.889049052405388, 'g_gpe_gpi_mult': 0.8224945828623063}. Best is trial 215 with value: 0.6300162530717475.
[I 2026-05-28 03:26:37,866] Trial 327 finished with value: 12.875610581741482 and parameters: {'ISTN': 76.57982951447352, 'I_gpe': 0.8802428915461329, 'I_gpi': 1.3509139052967412, 'noise_stn_sigma': 2.570879450530561, 'noise_gpe_sigma': 86.73593055339738, 'noise_gpi_sigma': 93.92309999533799, 'g_stn_gpe_mult': 1.9771912284142839, 'g_gpe_stn_mult': 0.6849316804023386, 'g_stn_gpi_mult': 3.2946821740819634, 'g_gpe_gpi_mult': 0.8856552450891066}. Best is trial 215 with value: 0.6300162530717475.
[I 2026-05-28 03:26:38,874] Trial 328 finished with value: 6.0942133866313295 and parameters: {'ISTN': 77.62457020381883, 'I_gpe': 0.8030450665326534, 'I_gpi': 1.1430261322077262, 'noise_stn_sigma': 3.716858623309331, 'noise_gpe_sigma': 82.68355885299614, 'noise_gpi_sigma': 94.54770641800195, 'g_stn_gpe_mult': 2.3215266133913275, 'g_gpe_stn_mult': 0.5994051695896853, 'g_stn_gpi_mult': 3.2046149378568467, 'g_gpe_gpi_mult': 0.8367426350821427}. Best is trial 215 with value: 0.6300162530717475.
[I 2026-05-28 03:26:39,885] Trial 329 finished with value: 12.331717974022325 and parameters: {'ISTN': 77.42301137155651, 'I_gpe': 0.8766825966082619, 'I_gpi': 1.920251593398454, 'noise_stn_sigma': 3.766448520999633, 'noise_gpe_sigma': 73.82938062107448, 'noise_gpi_sigma': 87.44842589100912, 'g_stn_gpe_mult': 2.325662225924566, 'g_gpe_stn_mult': 0.5688903341550459, 'g_stn_gpi_mult': 2.979426076171153, 'g_gpe_gpi_mult': 0.8142565438888867}. Best is trial 215 with value: 0.6300162530717475.
[I 2026-05-28 03:26:40,895] Trial 330 finished with value: 8.157941881940394 and parameters: {'ISTN': 69.08032924819432, 'I_gpe': 1.0736941600245333, 'I_gpi': 1.0547706200519145, 'noise_stn_sigma': 3.166827806958953, 'noise_gpe_sigma': 85.50430756349431, 'noise_gpi_sigma': 91.87469324668525, 'g_stn_gpe_mult': 1.9602935309887166, 'g_gpe_stn_mult': 0.6818799528747228, 'g_stn_gpi_mult': 3.4066103466609063, 'g_gpe_gpi_mult': 0.8040275330779798}. Best is trial 215 with value: 0.6300162530717475.
[I 2026-05-28 03:26:41,906] Trial 331 finished with value: 6.633464816498058 and parameters: {'ISTN': 81.06403037003561, 'I_gpe': 0.6953911363921955, 'I_gpi': 1.7074079561383986, 'noise_stn_sigma': 3.952241252751817, 'noise_gpe_sigma': 83.8150920496351, 'noise_gpi_sigma': 108.75922017453424, 'g_stn_gpe_mult': 2.2902781636673244, 'g_gpe_stn_mult': 0.5699919430960336, 'g_stn_gpi_mult': 3.0926555275682124, 'g_gpe_gpi_mult': 0.7613337662625548}. Best is trial 215 with value: 0.6300162530717475.
[I 2026-05-28 03:26:42,912] Trial 332 finished with value: 7.416392874653624 and parameters: {'ISTN': 73.67355825491607, 'I_gpe': 0.7547211697203738, 'I_gpi': 1.75176758541109, 'noise_stn_sigma': 4.527769714765537, 'noise_gpe_sigma': 88.50553118714772, 'noise_gpi_sigma': 101.33323820117525, 'g_stn_gpe_mult': 2.5822354193949417, 'g_gpe_stn_mult': 0.5659254612654848, 'g_stn_gpi_mult': 2.986332915214168, 'g_gpe_gpi_mult': 0.8143022994760749}. Best is trial 215 with value: 0.6300162530717475.
[I 2026-05-28 03:26:43,920] Trial 333 finished with value: 10.556374698965854 and parameters: {'ISTN': 72.20047606639307, 'I_gpe': 0.931698940393404, 'I_gpi': 1.1140857303528429, 'noise_stn_sigma': 3.948636124233785, 'noise_gpe_sigma': 86.23344984184868, 'noise_gpi_sigma': 103.32965814375183, 'g_stn_gpe_mult': 2.40653069681885, 'g_gpe_stn_mult': 0.6212924777091533, 'g_stn_gpi_mult': 3.204218406708633, 'g_gpe_gpi_mult': 0.8570763820284508}. Best is trial 215 with value: 0.6300162530717475.
[I 2026-05-28 03:26:44,930] Trial 334 finished with value: 10.23525902667378 and parameters: {'ISTN': 75.7593518607963, 'I_gpe': 0.7858672464691739, 'I_gpi': 1.2515497251777146, 'noise_stn_sigma': 3.7139857329699044, 'noise_gpe_sigma': 82.26760848790565, 'noise_gpi_sigma': 95.46689479826681, 'g_stn_gpe_mult': 2.65051251091406, 'g_gpe_stn_mult': 0.5289724984328833, 'g_stn_gpi_mult': 3.379338251912551, 'g_gpe_gpi_mult': 0.8049195690229058}. Best is trial 215 with value: 0.6300162530717475.
[I 2026-05-28 03:26:45,940] Trial 335 finished with value: 12.210412209622701 and parameters: {'ISTN': 71.95009508798846, 'I_gpe': 1.0387547875331082, 'I_gpi': 1.3467500171550755, 'noise_stn_sigma': 3.397046747571422, 'noise_gpe_sigma': 85.15301558328974, 'noise_gpi_sigma': 76.53203983134452, 'g_stn_gpe_mult': 2.259935464249591, 'g_gpe_stn_mult': 0.6002483767743552, 'g_stn_gpi_mult': 2.927300996852895, 'g_gpe_gpi_mult': 0.836597553939014}. Best is trial 215 with value: 0.6300162530717475.
[I 2026-05-28 03:26:46,951] Trial 336 finished with value: 10.352077597264154 and parameters: {'ISTN': 75.21770723734409, 'I_gpe': 1.1270442113470716, 'I_gpi': 1.175423736022514, 'noise_stn_sigma': 3.9461657512889716, 'noise_gpe_sigma': 72.70315459917319, 'noise_gpi_sigma': 99.70893202899852, 'g_stn_gpe_mult': 2.3927941251644356, 'g_gpe_stn_mult': 0.5845804766625998, 'g_stn_gpi_mult': 3.1410148798037376, 'g_gpe_gpi_mult': 0.9170113458377127}. Best is trial 215 with value: 0.6300162530717475.
[I 2026-05-28 03:26:47,959] Trial 337 finished with value: 10.217156921261548 and parameters: {'ISTN': 73.62420816820246, 'I_gpe': 0.9661218230836872, 'I_gpi': 1.2772736013091848, 'noise_stn_sigma': 3.7252534388990983, 'noise_gpe_sigma': 88.67155187283097, 'noise_gpi_sigma': 97.78510564420546, 'g_stn_gpe_mult': 2.1685791953610556, 'g_gpe_stn_mult': 0.5657306800359978, 'g_stn_gpi_mult': 3.317062021760491, 'g_gpe_gpi_mult': 0.7174937903066452}. Best is trial 215 with value: 0.6300162530717475.
[I 2026-05-28 03:26:48,966] Trial 338 finished with value: 2.330877059671101 and parameters: {'ISTN': 67.04034841940896, 'I_gpe': 1.0827212328726321, 'I_gpi': 1.1687840785042762, 'noise_stn_sigma': 4.392780371794094, 'noise_gpe_sigma': 78.52518394122096, 'noise_gpi_sigma': 78.7417504351202, 'g_stn_gpe_mult': 2.5956732507203117, 'g_gpe_stn_mult': 0.6218154286053758, 'g_stn_gpi_mult': 3.1947894471020355, 'g_gpe_gpi_mult': 0.9081384270193866}. Best is trial 215 with value: 0.6300162530717475.
[I 2026-05-28 03:26:49,976] Trial 339 finished with value: 10.047544132468094 and parameters: {'ISTN': 66.62291052703877, 'I_gpe': 0.659003240420838, 'I_gpi': 1.3430858285489016, 'noise_stn_sigma': 3.2867004407016305, 'noise_gpe_sigma': 80.46992213179493, 'noise_gpi_sigma': 76.33792749055073, 'g_stn_gpe_mult': 2.1909481858615827, 'g_gpe_stn_mult': 0.5686109206891973, 'g_stn_gpi_mult': 2.9869916518775037, 'g_gpe_gpi_mult': 0.8143153092207451}. Best is trial 215 with value: 0.6300162530717475.
[I 2026-05-28 03:26:50,984] Trial 340 finished with value: 8.607327749201309 and parameters: {'ISTN': 79.4297653777065, 'I_gpe': 0.902388562558257, 'I_gpi': 1.5793454378067948, 'noise_stn_sigma': 3.1234357939177704, 'noise_gpe_sigma': 83.8376409607271, 'noise_gpi_sigma': 95.10914519326226, 'g_stn_gpe_mult': 1.825011545145584, 'g_gpe_stn_mult': 0.6023562388913551, 'g_stn_gpi_mult': 2.7799518908911365, 'g_gpe_gpi_mult': 0.6864075129615304}. Best is trial 215 with value: 0.6300162530717475.
[I 2026-05-28 03:26:51,992] Trial 341 finished with value: 12.955137563879966 and parameters: {'ISTN': 68.88046897694177, 'I_gpe': 0.9377494879716705, 'I_gpi': 1.6775543454633925, 'noise_stn_sigma': 4.370223667913612, 'noise_gpe_sigma': 78.71912229958949, 'noise_gpi_sigma': 87.19635489756512, 'g_stn_gpe_mult': 2.388746021337299, 'g_gpe_stn_mult': 0.611261685408138, 'g_stn_gpi_mult': 2.898791215357262, 'g_gpe_gpi_mult': 0.7593923890306793}. Best is trial 215 with value: 0.6300162530717475.
[I 2026-05-28 03:26:52,997] Trial 342 finished with value: 9.103155817866675 and parameters: {'ISTN': 66.06038451967703, 'I_gpe': 0.847824719819549, 'I_gpi': 1.4349897221540653, 'noise_stn_sigma': 3.309698883205688, 'noise_gpe_sigma': 82.94369601429851, 'noise_gpi_sigma': 100.02385110258291, 'g_stn_gpe_mult': 2.2355989864264374, 'g_gpe_stn_mult': 0.585121508137828, 'g_stn_gpi_mult': 3.071652749469258, 'g_gpe_gpi_mult': 0.9244861214258799}. Best is trial 215 with value: 0.6300162530717475.
[I 2026-05-28 03:26:54,002] Trial 343 finished with value: 6.757164440637301 and parameters: {'ISTN': 70.10101652729172, 'I_gpe': 0.7939440774024294, 'I_gpi': 1.4965053511270656, 'noise_stn_sigma': 4.235912943451638, 'noise_gpe_sigma': 83.1463652258787, 'noise_gpi_sigma': 99.32279697451499, 'g_stn_gpe_mult': 2.7052497883123907, 'g_gpe_stn_mult': 0.6478814758489652, 'g_stn_gpi_mult': 3.0801581695155247, 'g_gpe_gpi_mult': 0.9137336759013548}. Best is trial 215 with value: 0.6300162530717475.
[I 2026-05-28 03:26:55,008] Trial 344 finished with value: 9.38905261489515 and parameters: {'ISTN': 74.32530922315172, 'I_gpe': 0.7247199208120643, 'I_gpi': 1.399636309101706, 'noise_stn_sigma': 3.958384692511434, 'noise_gpe_sigma': 94.74599550925099, 'noise_gpi_sigma': 95.64070754521686, 'g_stn_gpe_mult': 2.3104082071099303, 'g_gpe_stn_mult': 0.5337794689170137, 'g_stn_gpi_mult': 2.8386857183170005, 'g_gpe_gpi_mult': 0.759710053705855}. Best is trial 215 with value: 0.6300162530717475.
[I 2026-05-28 03:26:56,015] Trial 345 finished with value: 9.351067547111299 and parameters: {'ISTN': 74.58325284030917, 'I_gpe': 0.6493256459475625, 'I_gpi': 1.4105945133969402, 'noise_stn_sigma': 3.8515268240401155, 'noise_gpe_sigma': 79.31381067511288, 'noise_gpi_sigma': 88.63299602154466, 'g_stn_gpe_mult': 2.2923783140343805, 'g_gpe_stn_mult': 0.5276264553141137, 'g_stn_gpi_mult': 2.7832322411880037, 'g_gpe_gpi_mult': 0.8349517705955822}. Best is trial 215 with value: 0.6300162530717475.
[I 2026-05-28 03:26:57,021] Trial 346 finished with value: 6.647921081159008 and parameters: {'ISTN': 69.21051161514038, 'I_gpe': 0.7288202739700579, 'I_gpi': 1.5075136074587672, 'noise_stn_sigma': 4.492080548227418, 'noise_gpe_sigma': 86.04567286310765, 'noise_gpi_sigma': 79.68526547392892, 'g_stn_gpe_mult': 2.2882406499739973, 'g_gpe_stn_mult': 0.5677817952947426, 'g_stn_gpi_mult': 3.198451916541456, 'g_gpe_gpi_mult': 0.8605375182493271}. Best is trial 215 with value: 0.6300162530717475.
[I 2026-05-28 03:26:58,030] Trial 347 finished with value: 7.704699953781271 and parameters: {'ISTN': 78.26306592129967, 'I_gpe': 0.6873878108463262, 'I_gpi': 1.6679260088952308, 'noise_stn_sigma': 4.085800967339194, 'noise_gpe_sigma': 87.88874623030436, 'noise_gpi_sigma': 99.08084512481182, 'g_stn_gpe_mult': 2.4783266853922097, 'g_gpe_stn_mult': 0.6603510758808093, 'g_stn_gpi_mult': 2.915923833179339, 'g_gpe_gpi_mult': 0.8689145310520061}. Best is trial 215 with value: 0.6300162530717475.
[I 2026-05-28 03:26:59,040] Trial 348 finished with value: 11.1631337906244 and parameters: {'ISTN': 67.82802638574431, 'I_gpe': 1.0442083291041744, 'I_gpi': 1.8080074674527857, 'noise_stn_sigma': 4.406587088061876, 'noise_gpe_sigma': 83.27292252157069, 'noise_gpi_sigma': 71.21004510117393, 'g_stn_gpe_mult': 2.845329924181476, 'g_gpe_stn_mult': 0.5864163331060182, 'g_stn_gpi_mult': 3.071780895021014, 'g_gpe_gpi_mult': 0.8928720109504131}. Best is trial 215 with value: 0.6300162530717475.
[I 2026-05-28 03:27:00,047] Trial 349 finished with value: 8.832652106218417 and parameters: {'ISTN': 71.47568162573002, 'I_gpe': 1.2001353275435225, 'I_gpi': 1.214000514828569, 'noise_stn_sigma': 3.5641293293916454, 'noise_gpe_sigma': 80.60739079573527, 'noise_gpi_sigma': 100.40668073516134, 'g_stn_gpe_mult': 2.4396761100785893, 'g_gpe_stn_mult': 0.6175091836976319, 'g_stn_gpi_mult': 3.324396933684935, 'g_gpe_gpi_mult': 0.760168851755467}. Best is trial 215 with value: 0.6300162530717475.
[I 2026-05-28 03:27:01,056] Trial 350 finished with value: 8.256056795933052 and parameters: {'ISTN': 67.85590759034055, 'I_gpe': 0.887503176298629, 'I_gpi': 1.9152007170956078, 'noise_stn_sigma': 4.816929163885967, 'noise_gpe_sigma': 81.1288012743853, 'noise_gpi_sigma': 85.22048264278031, 'g_stn_gpe_mult': 2.3262697056946178, 'g_gpe_stn_mult': 0.660241397555269, 'g_stn_gpi_mult': 3.05826548671031, 'g_gpe_gpi_mult': 0.8301141918596904}. Best is trial 215 with value: 0.6300162530717475.
[I 2026-05-28 03:27:02,063] Trial 351 finished with value: 1.1947428772525712 and parameters: {'ISTN': 62.71519829460028, 'I_gpe': 1.26522315611462, 'I_gpi': 1.1601862665447222, 'noise_stn_sigma': 4.332171869395468, 'noise_gpe_sigma': 72.15582426752394, 'noise_gpi_sigma': 81.35655612404813, 'g_stn_gpe_mult': 2.457300765150671, 'g_gpe_stn_mult': 0.6292129257262974, 'g_stn_gpi_mult': 3.090537966325684, 'g_gpe_gpi_mult': 0.8871156813529073}. Best is trial 215 with value: 0.6300162530717475.
