[I 2026-05-28 03:12:15,430] Trial 484 finished with value: 0.1875346146928298 and parameters: {'ISTN': 63.12587783064566, 'I_gpe': 0.8723348377925751, 'I_gpi': 1.9855874898662598, 'noise_stn_sigma': 1.948220263556005, 'noise_gpe_sigma': 94.67864126885047, 'noise_gpi_sigma': 76.88279907297647, 'g_stn_gpe_mult': 3.345546753006259, 'g_gpe_stn_mult': 0.16098312591609534, 'g_stn_gpi_mult': 3.3983103352946475, 'g_gpe_gpi_mult': 1.046863020593188}. Best is trial 443 with value: 0.14304182072779936.
[I 2026-05-28 03:12:16,442] Trial 485 finished with value: 0.20258116106601218 and parameters: {'ISTN': 64.2319157245462, 'I_gpe': 0.9155011378129223, 'I_gpi': 1.696291582986132, 'noise_stn_sigma': 1.9967235082442178, 'noise_gpe_sigma': 101.30630685393719, 'noise_gpi_sigma': 90.23173921400378, 'g_stn_gpe_mult': 3.076668756708641, 'g_gpe_stn_mult': 0.12576395932396078, 'g_stn_gpi_mult': 3.2655965222951453, 'g_gpe_gpi_mult': 1.0393096251502283}. Best is trial 443 with value: 0.14304182072779936.
[I 2026-05-28 03:12:17,453] Trial 486 finished with value: 0.20632492726578935 and parameters: {'ISTN': 65.1027828298709, 'I_gpe': 0.8896616375693411, 'I_gpi': 1.9759535456823634, 'noise_stn_sigma': 2.0623653173083305, 'noise_gpe_sigma': 92.98921759865517, 'noise_gpi_sigma': 85.53911200704172, 'g_stn_gpe_mult': 3.1286714303286813, 'g_gpe_stn_mult': 0.14390965700621042, 'g_stn_gpi_mult': 3.3282873336606844, 'g_gpe_gpi_mult': 1.0658118213358763}. Best is trial 443 with value: 0.14304182072779936.
[I 2026-05-28 03:12:18,463] Trial 487 finished with value: 0.20016533028985575 and parameters: {'ISTN': 62.0466319131513, 'I_gpe': 1.1828691330274217, 'I_gpi': 2.19085412654629, 'noise_stn_sigma': 2.783846812167093, 'noise_gpe_sigma': 101.58217662822896, 'noise_gpi_sigma': 78.3048485809185, 'g_stn_gpe_mult': 3.535941623037234, 'g_gpe_stn_mult': 0.15427171095515044, 'g_stn_gpi_mult': 3.4745470290671694, 'g_gpe_gpi_mult': 1.0659538197994738}. Best is trial 443 with value: 0.14304182072779936.
[I 2026-05-28 03:12:19,475] Trial 488 finished with value: 0.295031936866242 and parameters: {'ISTN': 62.05595250645985, 'I_gpe': 1.136307932841925, 'I_gpi': 1.9123598291272832, 'noise_stn_sigma': 2.093084490982564, 'noise_gpe_sigma': 99.6993809418099, 'noise_gpi_sigma': 77.48611629671561, 'g_stn_gpe_mult': 3.277342078695458, 'g_gpe_stn_mult': 0.19121099064658986, 'g_stn_gpi_mult': 3.4600123604928283, 'g_gpe_gpi_mult': 1.0414053467153899}. Best is trial 443 with value: 0.14304182072779936.
[I 2026-05-28 03:12:20,487] Trial 489 finished with value: 0.1665106697259301 and parameters: {'ISTN': 62.61843095875034, 'I_gpe': 0.9896950280523089, 'I_gpi': 2.011665428059037, 'noise_stn_sigma': 1.9954588040896413, 'noise_gpe_sigma': 103.71969432487944, 'noise_gpi_sigma': 76.75089060905825, 'g_stn_gpe_mult': 2.7908739750951073, 'g_gpe_stn_mult': 0.1563447828659071, 'g_stn_gpi_mult': 3.2971046714249583, 'g_gpe_gpi_mult': 0.9460480129108273}. Best is trial 443 with value: 0.14304182072779936.
[I 2026-05-28 03:12:21,500] Trial 490 finished with value: 1.828030131271311 and parameters: {'ISTN': 60.14700921269459, 'I_gpe': 1.130727274941449, 'I_gpi': 1.9241718208850371, 'noise_stn_sigma': 2.170272648678708, 'noise_gpe_sigma': 98.03733478786255, 'noise_gpi_sigma': 81.70105285430927, 'g_stn_gpe_mult': 3.0547968704528445, 'g_gpe_stn_mult': 0.1202738756109035, 'g_stn_gpi_mult': 3.451870221800233, 'g_gpe_gpi_mult': 1.0624182353449503}. Best is trial 443 with value: 0.14304182072779936.
[I 2026-05-28 03:12:22,513] Trial 491 finished with value: 0.1564302161134711 and parameters: {'ISTN': 61.22066462527565, 'I_gpe': 1.028149461708474, 'I_gpi': 2.003618911727238, 'noise_stn_sigma': 2.6089828298547335, 'noise_gpe_sigma': 96.39269649588573, 'noise_gpi_sigma': 74.17510713390328, 'g_stn_gpe_mult': 3.07801526854597, 'g_gpe_stn_mult': 0.17005600405295912, 'g_stn_gpi_mult': 3.335298971706679, 'g_gpe_gpi_mult': 1.0155477885091444}. Best is trial 443 with value: 0.14304182072779936.
[I 2026-05-28 03:12:23,527] Trial 492 finished with value: 0.6352103977177727 and parameters: {'ISTN': 64.90986123489171, 'I_gpe': 0.9494864936680797, 'I_gpi': 1.8326893254132892, 'noise_stn_sigma': 1.8100714175269035, 'noise_gpe_sigma': 104.8704998458874, 'noise_gpi_sigma': 84.69694320430744, 'g_stn_gpe_mult': 3.057974946711207, 'g_gpe_stn_mult': 0.20301444720590245, 'g_stn_gpi_mult': 3.243496076603209, 'g_gpe_gpi_mult': 1.0279954614948688}. Best is trial 443 with value: 0.14304182072779936.
[I 2026-05-28 03:12:24,538] Trial 493 finished with value: 0.19057456012890414 and parameters: {'ISTN': 64.04901528941431, 'I_gpe': 0.9252296353953436, 'I_gpi': 1.9845946707965498, 'noise_stn_sigma': 2.5662915584644717, 'noise_gpe_sigma': 100.85334941601884, 'noise_gpi_sigma': 76.41659642102016, 'g_stn_gpe_mult': 3.3592058702360617, 'g_gpe_stn_mult': 0.17143504952048416, 'g_stn_gpi_mult': 3.1519765562323268, 'g_gpe_gpi_mult': 0.9961460065075636}. Best is trial 443 with value: 0.14304182072779936.
[I 2026-05-28 03:12:25,552] Trial 494 finished with value: 0.2864164227288783 and parameters: {'ISTN': 64.87421638759993, 'I_gpe': 0.772132066113188, 'I_gpi': 2.3169546563613777, 'noise_stn_sigma': 2.6156247192328514, 'noise_gpe_sigma': 96.577059836368, 'noise_gpi_sigma': 94.68571233718905, 'g_stn_gpe_mult': 3.005992708963865, 'g_gpe_stn_mult': 0.12668364471061103, 'g_stn_gpi_mult': 2.9834167934701137, 'g_gpe_gpi_mult': 1.0203252759778252}. Best is trial 443 with value: 0.14304182072779936.
[I 2026-05-28 03:12:26,563] Trial 495 finished with value: 0.27432208020581555 and parameters: {'ISTN': 66.63560039956248, 'I_gpe': 0.8012887859794195, 'I_gpi': 2.2363328528488498, 'noise_stn_sigma': 2.173233367158262, 'noise_gpe_sigma': 99.21176153309773, 'noise_gpi_sigma': 74.21342004860622, 'g_stn_gpe_mult': 3.226526297489228, 'g_gpe_stn_mult': 0.12876103369553657, 'g_stn_gpi_mult': 3.3315904335694566, 'g_gpe_gpi_mult': 0.9706615910430652}. Best is trial 443 with value: 0.14304182072779936.
[I 2026-05-28 03:12:27,573] Trial 496 finished with value: 0.2247659079247866 and parameters: {'ISTN': 64.52470140675251, 'I_gpe': 0.9334978071764785, 'I_gpi': 2.1716377894269185, 'noise_stn_sigma': 2.1630252883818555, 'noise_gpe_sigma': 95.80423023797432, 'noise_gpi_sigma': 88.02529233247192, 'g_stn_gpe_mult': 2.9833215060097418, 'g_gpe_stn_mult': 0.14369774010730382, 'g_stn_gpi_mult': 3.2490555681654176, 'g_gpe_gpi_mult': 1.1239118570207776}. Best is trial 443 with value: 0.14304182072779936.
[I 2026-05-28 03:12:28,585] Trial 497 finished with value: 0.20079848995737234 and parameters: {'ISTN': 66.13652517965956, 'I_gpe': 0.9299866537991327, 'I_gpi': 1.9562548529760435, 'noise_stn_sigma': 1.675987593854031, 'noise_gpe_sigma': 103.95398313721775, 'noise_gpi_sigma': 78.80379534480852, 'g_stn_gpe_mult': 2.9084307397276277, 'g_gpe_stn_mult': 0.12406414512287604, 'g_stn_gpi_mult': 3.6651295478337267, 'g_gpe_gpi_mult': 1.0790377241550535}. Best is trial 443 with value: 0.14304182072779936.
[I 2026-05-28 03:12:29,598] Trial 498 finished with value: 0.18636764471051936 and parameters: {'ISTN': 63.58783949157376, 'I_gpe': 0.8919711200336959, 'I_gpi': 1.8888279689469203, 'noise_stn_sigma': 2.0598596250363106, 'noise_gpe_sigma': 102.18654110150077, 'noise_gpi_sigma': 72.11887425203881, 'g_stn_gpe_mult': 3.1544798890863515, 'g_gpe_stn_mult': 0.1741425176618235, 'g_stn_gpi_mult': 3.4320653296746473, 'g_gpe_gpi_mult': 1.0193779714123543}. Best is trial 443 with value: 0.14304182072779936.
[I 2026-05-28 03:12:30,608] Trial 499 finished with value: 0.23585689000301843 and parameters: {'ISTN': 64.83646737539232, 'I_gpe': 0.8116864431223578, 'I_gpi': 2.157883733973983, 'noise_stn_sigma': 1.7578929656004922, 'noise_gpe_sigma': 103.20638914013549, 'noise_gpi_sigma': 79.34081459888671, 'g_stn_gpe_mult': 3.0599867693405516, 'g_gpe_stn_mult': 0.1375703964010467, 'g_stn_gpi_mult': 3.426875365791389, 'g_gpe_gpi_mult': 0.9735259835155534}. Best is trial 443 with value: 0.14304182072779936.
[I 2026-05-28 03:12:31,619] Trial 500 finished with value: 0.18703723565672983 and parameters: {'ISTN': 64.05684164703769, 'I_gpe': 1.094045524220678, 'I_gpi': 2.091851244438134, 'noise_stn_sigma': 1.4006821028362673, 'noise_gpe_sigma': 97.33139151252306, 'noise_gpi_sigma': 80.0728339834172, 'g_stn_gpe_mult': 2.8166173437029816, 'g_gpe_stn_mult': 0.14373823627623894, 'g_stn_gpi_mult': 3.4598025038058866, 'g_gpe_gpi_mult': 1.010997590319852}. Best is trial 443 with value: 0.14304182072779936.
[I 2026-05-28 03:12:32,630] Trial 501 finished with value: 0.1846894516564002 and parameters: {'ISTN': 61.626319082196495, 'I_gpe': 0.9101357962646043, 'I_gpi': 1.7286737415478908, 'noise_stn_sigma': 2.6875862888399924, 'noise_gpe_sigma': 97.2378833605157, 'noise_gpi_sigma': 69.43517166779073, 'g_stn_gpe_mult': 3.2318144649920386, 'g_gpe_stn_mult': 0.17990425504578117, 'g_stn_gpi_mult': 3.2897577279137753, 'g_gpe_gpi_mult': 1.0095305835853285}. Best is trial 443 with value: 0.14304182072779936.
[I 2026-05-28 03:12:33,641] Trial 502 finished with value: 0.17334712595714097 and parameters: {'ISTN': 62.69492846513954, 'I_gpe': 0.9471419262356573, 'I_gpi': 1.9061275479449327, 'noise_stn_sigma': 2.262521058586438, 'noise_gpe_sigma': 107.62744885665252, 'noise_gpi_sigma': 64.63220813665724, 'g_stn_gpe_mult': 3.072247984712761, 'g_gpe_stn_mult': 0.1482535676458331, 'g_stn_gpi_mult': 3.508162838801565, 'g_gpe_gpi_mult': 1.012543613763199}. Best is trial 443 with value: 0.14304182072779936.
[I 2026-05-28 03:12:34,653] Trial 503 finished with value: 0.2011435946462437 and parameters: {'ISTN': 62.300888560894755, 'I_gpe': 1.0416687580460477, 'I_gpi': 2.257178748634996, 'noise_stn_sigma': 2.1482758095183065, 'noise_gpe_sigma': 102.69605471959359, 'noise_gpi_sigma': 74.9105265962881, 'g_stn_gpe_mult': 3.224216692702125, 'g_gpe_stn_mult': 0.15675754082540758, 'g_stn_gpi_mult': 3.218225481737121, 'g_gpe_gpi_mult': 0.9989225317152326}. Best is trial 443 with value: 0.14304182072779936.
[I 2026-05-28 03:12:35,663] Trial 504 finished with value: 0.20408376978472528 and parameters: {'ISTN': 64.93419296226999, 'I_gpe': 1.0355517053101742, 'I_gpi': 2.053302837527064, 'noise_stn_sigma': 2.3416992365998475, 'noise_gpe_sigma': 89.2221881047231, 'noise_gpi_sigma': 86.19537977040932, 'g_stn_gpe_mult': 3.204446585282268, 'g_gpe_stn_mult': 0.13444299941589252, 'g_stn_gpi_mult': 3.362028549906044, 'g_gpe_gpi_mult': 1.0866006058304312}. Best is trial 443 with value: 0.14304182072779936.
[I 2026-05-28 03:12:36,674] Trial 505 finished with value: 0.30008798311982676 and parameters: {'ISTN': 60.83994421771863, 'I_gpe': 0.7885223296696797, 'I_gpi': 1.9676712244218404, 'noise_stn_sigma': 2.37645400331006, 'noise_gpe_sigma': 94.8011183819759, 'noise_gpi_sigma': 81.11936295905144, 'g_stn_gpe_mult': 3.0794714018385694, 'g_gpe_stn_mult': 0.14739703992422484, 'g_stn_gpi_mult': 3.398570725330059, 'g_gpe_gpi_mult': 1.0068831884419918}. Best is trial 443 with value: 0.14304182072779936.
[I 2026-05-28 03:12:37,686] Trial 506 finished with value: 0.1535557232339157 and parameters: {'ISTN': 62.93459372292236, 'I_gpe': 1.2425482460461366, 'I_gpi': 1.911618331816272, 'noise_stn_sigma': 2.2276840912836877, 'noise_gpe_sigma': 100.6563074267063, 'noise_gpi_sigma': 83.94922566063359, 'g_stn_gpe_mult': 3.140296328608544, 'g_gpe_stn_mult': 0.1389848701305496, 'g_stn_gpi_mult': 3.16193255273482, 'g_gpe_gpi_mult': 1.0598624768387717}. Best is trial 443 with value: 0.14304182072779936.
[I 2026-05-28 03:12:38,696] Trial 507 finished with value: 0.18792004831094702 and parameters: {'ISTN': 62.537844985993466, 'I_gpe': 1.0465882328470588, 'I_gpi': 1.6417080035309466, 'noise_stn_sigma': 2.1729355633815453, 'noise_gpe_sigma': 97.26498248622232, 'noise_gpi_sigma': 70.75335206140491, 'g_stn_gpe_mult': 2.9216361760303666, 'g_gpe_stn_mult': 0.1743435182943608, 'g_stn_gpi_mult': 3.586508101156413, 'g_gpe_gpi_mult': 1.020692646512655}. Best is trial 443 with value: 0.14304182072779936.
[I 2026-05-28 03:12:39,708] Trial 508 finished with value: 0.18393258615635913 and parameters: {'ISTN': 60.704844659599985, 'I_gpe': 1.1629386347528121, 'I_gpi': 2.065018910498618, 'noise_stn_sigma': 2.4068450400170693, 'noise_gpe_sigma': 101.9655027172777, 'noise_gpi_sigma': 71.79059780663968, 'g_stn_gpe_mult': 2.9790356935964724, 'g_gpe_stn_mult': 0.20568477928736778, 'g_stn_gpi_mult': 3.3785922775318813, 'g_gpe_gpi_mult': 1.002110692390244}. Best is trial 443 with value: 0.14304182072779936.
[I 2026-05-28 03:12:40,718] Trial 509 finished with value: 0.2188752161119578 and parameters: {'ISTN': 61.23479816515433, 'I_gpe': 0.9611816776105717, 'I_gpi': 2.0424377579649686, 'noise_stn_sigma': 2.3799055218327947, 'noise_gpe_sigma': 91.84555040100568, 'noise_gpi_sigma': 74.08524799929347, 'g_stn_gpe_mult': 3.310720466050779, 'g_gpe_stn_mult': 0.15749607563478596, 'g_stn_gpi_mult': 3.474078889375387, 'g_gpe_gpi_mult': 1.0886008160713996}. Best is trial 443 with value: 0.14304182072779936.
[I 2026-05-28 03:12:41,731] Trial 510 finished with value: 0.15895106212442894 and parameters: {'ISTN': 61.843572560913515, 'I_gpe': 1.149419548882258, 'I_gpi': 1.921211969790464, 'noise_stn_sigma': 2.846934986556599, 'noise_gpe_sigma': 91.72187138715884, 'noise_gpi_sigma': 86.68263092045304, 'g_stn_gpe_mult': 2.915988720388199, 'g_gpe_stn_mult': 0.15215120697195897, 'g_stn_gpi_mult': 3.612053353531758, 'g_gpe_gpi_mult': 0.9772628039380917}. Best is trial 443 with value: 0.14304182072779936.
[I 2026-05-28 03:12:42,743] Trial 511 finished with value: 0.5783118170369332 and parameters: {'ISTN': 63.41744423473206, 'I_gpe': 1.1363326425302844, 'I_gpi': 1.976513681458014, 'noise_stn_sigma': 2.2446397728073224, 'noise_gpe_sigma': 99.45392826054086, 'noise_gpi_sigma': 74.26947092644009, 'g_stn_gpe_mult': 3.0916017116819665, 'g_gpe_stn_mult': 0.12162703025885517, 'g_stn_gpi_mult': 3.440774116605497, 'g_gpe_gpi_mult': 0.9584567681322551}. Best is trial 443 with value: 0.14304182072779936.
[I 2026-05-28 03:12:43,755] Trial 512 finished with value: 0.48803564394031945 and parameters: {'ISTN': 63.65229914342166, 'I_gpe': 1.2101143837798767, 'I_gpi': 1.752508314012856, 'noise_stn_sigma': 2.46233939518806, 'noise_gpe_sigma': 98.06589472802689, 'noise_gpi_sigma': 81.30530141642663, 'g_stn_gpe_mult': 3.217575465591044, 'g_gpe_stn_mult': 0.15643766387295607, 'g_stn_gpi_mult': 3.4516366919091004, 'g_gpe_gpi_mult': 1.0149507467542431}. Best is trial 443 with value: 0.14304182072779936.
[I 2026-05-28 03:12:44,768] Trial 513 finished with value: 0.16873804591507108 and parameters: {'ISTN': 61.887379470953796, 'I_gpe': 1.129924330119667, 'I_gpi': 1.9413996901744892, 'noise_stn_sigma': 2.4538193975733478, 'noise_gpe_sigma': 98.84177271589789, 'noise_gpi_sigma': 73.19491276076168, 'g_stn_gpe_mult': 3.233284180447043, 'g_gpe_stn_mult': 0.17679329837781674, 'g_stn_gpi_mult': 3.2594735014992673, 'g_gpe_gpi_mult': 1.0131915106866016}. Best is trial 443 with value: 0.14304182072779936.
[I 2026-05-28 03:12:45,779] Trial 514 finished with value: 0.15377712248821315 and parameters: {'ISTN': 61.74536207352446, 'I_gpe': 1.0988880015892128, 'I_gpi': 1.875390935888863, 'noise_stn_sigma': 2.347751488151626, 'noise_gpe_sigma': 103.15754978691106, 'noise_gpi_sigma': 74.9304468611586, 'g_stn_gpe_mult': 2.813798088148375, 'g_gpe_stn_mult': 0.1648694734418001, 'g_stn_gpi_mult': 3.485744682444251, 'g_gpe_gpi_mult': 0.9836684964903384}. Best is trial 443 with value: 0.14304182072779936.
[I 2026-05-28 03:12:46,788] Trial 515 finished with value: 0.14692219657767133 and parameters: {'ISTN': 60.45453137947625, 'I_gpe': 1.1562373027931354, 'I_gpi': 1.7845215608144755, 'noise_stn_sigma': 2.80096032641255, 'noise_gpe_sigma': 95.14006546067793, 'noise_gpi_sigma': 75.66574049112924, 'g_stn_gpe_mult': 2.9168261449333173, 'g_gpe_stn_mult': 0.14985725671255726, 'g_stn_gpi_mult': 3.33728172813054, 'g_gpe_gpi_mult': 1.034702885577226}. Best is trial 443 with value: 0.14304182072779936.
[I 2026-05-28 03:12:47,799] Trial 516 finished with value: 0.36487515369205226 and parameters: {'ISTN': 61.92748283011725, 'I_gpe': 1.1806912570900308, 'I_gpi': 1.9364560232655652, 'noise_stn_sigma': 2.170537457201738, 'noise_gpe_sigma': 96.02402040813516, 'noise_gpi_sigma': 79.55828264418327, 'g_stn_gpe_mult': 3.1757358248445597, 'g_gpe_stn_mult': 0.14836786192645018, 'g_stn_gpi_mult': 3.323337596842014, 'g_gpe_gpi_mult': 1.0070249242321634}. Best is trial 443 with value: 0.14304182072779936.
[I 2026-05-28 03:12:48,809] Trial 517 finished with value: 0.14810693305028497 and parameters: {'ISTN': 61.20752896328414, 'I_gpe': 1.2345219863401424, 'I_gpi': 1.9754934196320053, 'noise_stn_sigma': 2.9614662534115737, 'noise_gpe_sigma': 97.44408745496708, 'noise_gpi_sigma': 78.14551920533614, 'g_stn_gpe_mult': 2.910486719118719, 'g_gpe_stn_mult': 0.14059769768490463, 'g_stn_gpi_mult': 3.4366018053331158, 'g_gpe_gpi_mult': 0.9810155978393262}. Best is trial 443 with value: 0.14304182072779936.
[I 2026-05-28 03:12:49,822] Trial 518 finished with value: 0.7944365200593876 and parameters: {'ISTN': 60.70620750292784, 'I_gpe': 1.3053841293650235, 'I_gpi': 2.0768668342912355, 'noise_stn_sigma': 2.1679065745385966, 'noise_gpe_sigma': 103.29841830870237, 'noise_gpi_sigma': 82.41382304359868, 'g_stn_gpe_mult': 3.104341673452163, 'g_gpe_stn_mult': 0.15468413559047667, 'g_stn_gpi_mult': 3.2849162252828275, 'g_gpe_gpi_mult': 1.028924430980157}. Best is trial 443 with value: 0.14304182072779936.
[I 2026-05-28 03:12:50,772] Trial 519 finished with value: 1000000.0 and parameters: {'ISTN': 60.81312403788434, 'I_gpe': 1.1612282994555672, 'I_gpi': 1.8285554380369051, 'noise_stn_sigma': 2.1748690249447273, 'noise_gpe_sigma': 100.1139238505889, 'noise_gpi_sigma': 88.07973850279112, 'g_stn_gpe_mult': 2.8544877558988597, 'g_gpe_stn_mult': 0.11154161607407917, 'g_stn_gpi_mult': 3.497795060077674, 'g_gpe_gpi_mult': 0.9415427234508493}. Best is trial 443 with value: 0.14304182072779936.
[I 2026-05-28 03:12:51,783] Trial 520 finished with value: 0.2877418758624521 and parameters: {'ISTN': 62.592129627536536, 'I_gpe': 1.2358607467652916, 'I_gpi': 1.8755829793245156, 'noise_stn_sigma': 2.4553043138526847, 'noise_gpe_sigma': 101.65580464630116, 'noise_gpi_sigma': 76.08439662934475, 'g_stn_gpe_mult': 3.0589788846174724, 'g_gpe_stn_mult': 0.18215251045047823, 'g_stn_gpi_mult': 3.2647688437833557, 'g_gpe_gpi_mult': 1.0465817582248615}. Best is trial 443 with value: 0.14304182072779936.
[I 2026-05-28 03:12:52,794] Trial 521 finished with value: 0.15185475867888246 and parameters: {'ISTN': 60.794605978752664, 'I_gpe': 1.2467896086750045, 'I_gpi': 1.9719900889479818, 'noise_stn_sigma': 3.142843167044994, 'noise_gpe_sigma': 95.9942762217399, 'noise_gpi_sigma': 76.52841166774772, 'g_stn_gpe_mult': 3.0482418896811403, 'g_gpe_stn_mult': 0.15677867235652324, 'g_stn_gpi_mult': 3.440827790943474, 'g_gpe_gpi_mult': 1.049447721166442}. Best is trial 443 with value: 0.14304182072779936.
[I 2026-05-28 03:12:53,805] Trial 522 finished with value: 0.1459278371132559 and parameters: {'ISTN': 62.31775467168926, 'I_gpe': 1.123475662395243, 'I_gpi': 1.8663705314596224, 'noise_stn_sigma': 2.916828401212125, 'noise_gpe_sigma': 96.09472650659384, 'noise_gpi_sigma': 77.91685032370769, 'g_stn_gpe_mult': 3.255439378708928, 'g_gpe_stn_mult': 0.13501753752543094, 'g_stn_gpi_mult': 3.4691663538996647, 'g_gpe_gpi_mult': 1.0075441164415047}. Best is trial 443 with value: 0.14304182072779936.
[I 2026-05-28 03:12:54,817] Trial 523 finished with value: 0.26975404353541094 and parameters: {'ISTN': 60.609446562199174, 'I_gpe': 1.245075245566314, 'I_gpi': 1.7129178583731168, 'noise_stn_sigma': 2.50879666424476, 'noise_gpe_sigma': 97.51781060671973, 'noise_gpi_sigma': 66.24448693243832, 'g_stn_gpe_mult': 2.8420760031272465, 'g_gpe_stn_mult': 0.1493238333014807, 'g_stn_gpi_mult': 3.3532194262154373, 'g_gpe_gpi_mult': 0.9556241169535014}. Best is trial 443 with value: 0.14304182072779936.
[I 2026-05-28 03:12:55,831] Trial 524 finished with value: 0.18317117421456575 and parameters: {'ISTN': 60.07752257294487, 'I_gpe': 1.2357765749185954, 'I_gpi': 1.8182718752308626, 'noise_stn_sigma': 2.634234517602067, 'noise_gpe_sigma': 95.86365406346981, 'noise_gpi_sigma': 70.30593131097814, 'g_stn_gpe_mult': 2.9624322246973236, 'g_gpe_stn_mult': 0.15719100382150042, 'g_stn_gpi_mult': 3.392704855904307, 'g_gpe_gpi_mult': 1.0052931833196392}. Best is trial 443 with value: 0.14304182072779936.
[I 2026-05-28 03:12:56,842] Trial 525 finished with value: 0.14951257572276652 and parameters: {'ISTN': 61.91030139106698, 'I_gpe': 1.2194505796910282, 'I_gpi': 2.0052230323981606, 'noise_stn_sigma': 2.5778218535830453, 'noise_gpe_sigma': 99.40128068177228, 'noise_gpi_sigma': 77.30642548734774, 'g_stn_gpe_mult': 2.941906045714692, 'g_gpe_stn_mult': 0.1529021141607458, 'g_stn_gpi_mult': 3.2277241688714975, 'g_gpe_gpi_mult': 1.0554309134056783}. Best is trial 443 with value: 0.14304182072779936.
[I 2026-05-28 03:12:57,854] Trial 526 finished with value: 0.19504599066138373 and parameters: {'ISTN': 60.79370688771351, 'I_gpe': 1.5331248233532266, 'I_gpi': 2.0285349245046964, 'noise_stn_sigma': 3.0650785488755474, 'noise_gpe_sigma': 91.76899683790332, 'noise_gpi_sigma': 82.49650493503762, 'g_stn_gpe_mult': 2.8781794557156277, 'g_gpe_stn_mult': 0.16618374368509792, 'g_stn_gpi_mult': 3.449649834510165, 'g_gpe_gpi_mult': 1.0248984941417665}. Best is trial 443 with value: 0.14304182072779936.
[I 2026-05-28 03:12:58,864] Trial 527 finished with value: 0.16273213046896814 and parameters: {'ISTN': 61.013259149527016, 'I_gpe': 1.2198508688982772, 'I_gpi': 1.9441663008666057, 'noise_stn_sigma': 2.632251968943274, 'noise_gpe_sigma': 97.0408860237904, 'noise_gpi_sigma': 75.19436856341065, 'g_stn_gpe_mult': 2.8628906695980527, 'g_gpe_stn_mult': 0.18268258736255383, 'g_stn_gpi_mult': 3.2783375721974837, 'g_gpe_gpi_mult': 1.0240751246259037}. Best is trial 443 with value: 0.14304182072779936.
