[I 2026-05-28 03:21:52,875] Trial 44 finished with value: 21.763757077710718 and parameters: {'ISTN': 112.78557042740961, 'I_gpe': 2.055470876912147, 'I_gpi': 1.2573954864111627, 'noise_stn_sigma': 6.741634975779317, 'noise_gpe_sigma': 102.79578376066938, 'noise_gpi_sigma': 64.04644788545896, 'g_stn_gpe_mult': 3.2671053838277313, 'g_gpe_stn_mult': 0.3655542080044373, 'g_stn_gpi_mult': 2.5867733832693434, 'g_gpe_gpi_mult': 0.6785366342355768}. Best is trial 42 with value: 9.006366504435125.
[I 2026-05-28 03:21:53,883] Trial 45 finished with value: 12.048432222278029 and parameters: {'ISTN': 65.24730515350196, 'I_gpe': 1.7189065571935964, 'I_gpi': 1.847221545229839, 'noise_stn_sigma': 4.962480902095373, 'noise_gpe_sigma': 74.87747839462264, 'noise_gpi_sigma': 63.579433760042754, 'g_stn_gpe_mult': 3.472315290831588, 'g_gpe_stn_mult': 0.454619326197092, 'g_stn_gpi_mult': 3.564785802793722, 'g_gpe_gpi_mult': 0.9940340721267547}. Best is trial 42 with value: 9.006366504435125.
[I 2026-05-28 03:21:54,888] Trial 46 finished with value: 17.871897574454074 and parameters: {'ISTN': 101.53583844336491, 'I_gpe': 0.7955492419523231, 'I_gpi': 1.6235512764246334, 'noise_stn_sigma': 5.639830109551648, 'noise_gpe_sigma': 110.02506716124034, 'noise_gpi_sigma': 60.4621166224755, 'g_stn_gpe_mult': 2.8369938318700827, 'g_gpe_stn_mult': 0.5290162388628489, 'g_stn_gpi_mult': 3.7983637075167085, 'g_gpe_gpi_mult': 0.72967444981338}. Best is trial 42 with value: 9.006366504435125.
[I 2026-05-28 03:21:55,893] Trial 47 finished with value: 17.097272926924955 and parameters: {'ISTN': 85.21764249093256, 'I_gpe': 2.784429452140807, 'I_gpi': 1.8403055100393029, 'noise_stn_sigma': 4.892869784697368, 'noise_gpe_sigma': 105.0238409597764, 'noise_gpi_sigma': 87.83027784888691, 'g_stn_gpe_mult': 3.960537853064365, 'g_gpe_stn_mult': 0.4095690204922139, 'g_stn_gpi_mult': 3.056383844252612, 'g_gpe_gpi_mult': 0.6619069667917838}. Best is trial 42 with value: 9.006366504435125.
[I 2026-05-28 03:21:56,901] Trial 48 finished with value: 21.34735287360184 and parameters: {'ISTN': 88.30891476082175, 'I_gpe': 3.024451180101934, 'I_gpi': 2.9712047199107836, 'noise_stn_sigma': 5.41798260481556, 'noise_gpe_sigma': 64.06167931439981, 'noise_gpi_sigma': 73.69578541933774, 'g_stn_gpe_mult': 3.385763021754899, 'g_gpe_stn_mult': 0.46652976026184256, 'g_stn_gpi_mult': 3.3818792338560266, 'g_gpe_gpi_mult': 1.032119553629484}. Best is trial 42 with value: 9.006366504435125.
[I 2026-05-28 03:21:57,909] Trial 49 finished with value: 10.557246811837679 and parameters: {'ISTN': 71.8238228828748, 'I_gpe': 2.178754342360461, 'I_gpi': 1.426235236541596, 'noise_stn_sigma': 5.695062878740089, 'noise_gpe_sigma': 103.83142095532055, 'noise_gpi_sigma': 81.75794407537576, 'g_stn_gpe_mult': 3.192024800461567, 'g_gpe_stn_mult': 0.47536929452586696, 'g_stn_gpi_mult': 2.892934677273063, 'g_gpe_gpi_mult': 0.9429114869266124}. Best is trial 42 with value: 9.006366504435125.
[I 2026-05-28 03:21:58,918] Trial 50 finished with value: 20.121379440499553 and parameters: {'ISTN': 100.08514855665965, 'I_gpe': 1.025852861795214, 'I_gpi': 2.8683732377694535, 'noise_stn_sigma': 5.509056947465847, 'noise_gpe_sigma': 66.19199501649194, 'noise_gpi_sigma': 78.80622486416485, 'g_stn_gpe_mult': 3.7700496237356407, 'g_gpe_stn_mult': 0.6117578459814961, 'g_stn_gpi_mult': 3.6579103295708517, 'g_gpe_gpi_mult': 0.8160836992743592}. Best is trial 42 with value: 9.006366504435125.
[I 2026-05-28 03:21:59,927] Trial 51 finished with value: 13.727765691821215 and parameters: {'ISTN': 82.93714622666863, 'I_gpe': 2.2911495153222052, 'I_gpi': 1.459079649304706, 'noise_stn_sigma': 6.510565276849166, 'noise_gpe_sigma': 93.60459621991893, 'noise_gpi_sigma': 52.29115127126967, 'g_stn_gpe_mult': 4.093469324764877, 'g_gpe_stn_mult': 0.4888114263423411, 'g_stn_gpi_mult': 3.857697478156945, 'g_gpe_gpi_mult': 1.0443305125214637}. Best is trial 42 with value: 9.006366504435125.
[I 2026-05-28 03:22:00,934] Trial 52 finished with value: 22.75677743678401 and parameters: {'ISTN': 97.28213522623042, 'I_gpe': 2.531859319787191, 'I_gpi': 2.3038441687003606, 'noise_stn_sigma': 7.53079354376423, 'noise_gpe_sigma': 84.49915541940524, 'noise_gpi_sigma': 62.660124893677235, 'g_stn_gpe_mult': 4.240468737183548, 'g_gpe_stn_mult': 0.38145777593190555, 'g_stn_gpi_mult': 2.9397031486522827, 'g_gpe_gpi_mult': 0.7158643643191074}. Best is trial 42 with value: 9.006366504435125.
[I 2026-05-28 03:22:01,941] Trial 53 finished with value: 14.902885603136571 and parameters: {'ISTN': 73.51985303181549, 'I_gpe': 2.8042952854023926, 'I_gpi': 2.359193078777623, 'noise_stn_sigma': 6.118174342846564, 'noise_gpe_sigma': 88.94148565407896, 'noise_gpi_sigma': 53.36635931253026, 'g_stn_gpe_mult': 3.1021668120911365, 'g_gpe_stn_mult': 0.23823437650017426, 'g_stn_gpi_mult': 3.5270068699380275, 'g_gpe_gpi_mult': 0.9171863990744722}. Best is trial 42 with value: 9.006366504435125.
[I 2026-05-28 03:22:02,950] Trial 54 finished with value: 12.351599729911655 and parameters: {'ISTN': 84.42047040347241, 'I_gpe': 2.313354652340779, 'I_gpi': 2.3715995166708432, 'noise_stn_sigma': 5.443257463728639, 'noise_gpe_sigma': 113.99905050592055, 'noise_gpi_sigma': 79.42348394209903, 'g_stn_gpe_mult': 2.5305146702881345, 'g_gpe_stn_mult': 0.6340702287712214, 'g_stn_gpi_mult': 3.6435447366450484, 'g_gpe_gpi_mult': 0.9589047442418288}. Best is trial 42 with value: 9.006366504435125.
[I 2026-05-28 03:22:03,959] Trial 55 finished with value: 14.585794933155084 and parameters: {'ISTN': 76.4935812113229, 'I_gpe': 1.5392628145602285, 'I_gpi': 1.2703229338432056, 'noise_stn_sigma': 7.438120062969824, 'noise_gpe_sigma': 106.71152240297538, 'noise_gpi_sigma': 35.34353406115543, 'g_stn_gpe_mult': 4.08499055249767, 'g_gpe_stn_mult': 0.4134263652907987, 'g_stn_gpi_mult': 3.8956838590734155, 'g_gpe_gpi_mult': 0.8746191647261838}. Best is trial 42 with value: 9.006366504435125.
[I 2026-05-28 03:22:04,967] Trial 56 finished with value: 14.296937948486034 and parameters: {'ISTN': 69.49057355858261, 'I_gpe': 2.4634476093202418, 'I_gpi': 2.013829270806759, 'noise_stn_sigma': 4.659765372523525, 'noise_gpe_sigma': 91.96273247416418, 'noise_gpi_sigma': 61.818437906187995, 'g_stn_gpe_mult': 3.607743281774978, 'g_gpe_stn_mult': 0.2647403584340139, 'g_stn_gpi_mult': 3.6107645587964514, 'g_gpe_gpi_mult': 0.8212004052983002}. Best is trial 42 with value: 9.006366504435125.
[I 2026-05-28 03:22:05,975] Trial 57 finished with value: 15.116801759640644 and parameters: {'ISTN': 71.35570362411252, 'I_gpe': 2.6882605337078265, 'I_gpi': 1.3205358528724795, 'noise_stn_sigma': 6.543848960826092, 'noise_gpe_sigma': 60.47078751305671, 'noise_gpi_sigma': 114.69649140343607, 'g_stn_gpe_mult': 2.911175644049248, 'g_gpe_stn_mult': 0.3711596748392386, 'g_stn_gpi_mult': 3.828569996427416, 'g_gpe_gpi_mult': 0.9855321945839532}. Best is trial 42 with value: 9.006366504435125.
[I 2026-05-28 03:22:06,981] Trial 58 finished with value: 9.590596597577425 and parameters: {'ISTN': 77.57855259194825, 'I_gpe': 2.2981964953884795, 'I_gpi': 1.7162255254686816, 'noise_stn_sigma': 5.229963328118424, 'noise_gpe_sigma': 87.62907153706264, 'noise_gpi_sigma': 102.16008488305846, 'g_stn_gpe_mult': 4.168367792286066, 'g_gpe_stn_mult': 0.7629902376995381, 'g_stn_gpi_mult': 3.3230578828792554, 'g_gpe_gpi_mult': 0.7670998715020609}. Best is trial 42 with value: 9.006366504435125.
[I 2026-05-28 03:22:07,987] Trial 59 finished with value: 16.37343383906827 and parameters: {'ISTN': 67.81598316379919, 'I_gpe': 2.7447063213740464, 'I_gpi': 2.3337695298754717, 'noise_stn_sigma': 6.119833020356388, 'noise_gpe_sigma': 86.49862884821195, 'noise_gpi_sigma': 85.20701414454177, 'g_stn_gpe_mult': 3.6874418284830393, 'g_gpe_stn_mult': 0.36872747084941826, 'g_stn_gpi_mult': 3.069991632351226, 'g_gpe_gpi_mult': 1.0985483007049939}. Best is trial 42 with value: 9.006366504435125.
[I 2026-05-28 03:22:08,994] Trial 60 finished with value: 8.1178509918004 and parameters: {'ISTN': 68.83174277048532, 'I_gpe': 2.147630007749512, 'I_gpi': 1.6093945851868527, 'noise_stn_sigma': 6.145990649052616, 'noise_gpe_sigma': 88.15009459197621, 'noise_gpi_sigma': 75.0309902689052, 'g_stn_gpe_mult': 2.85586795850424, 'g_gpe_stn_mult': 0.5427015914594128, 'g_stn_gpi_mult': 3.5749187137439757, 'g_gpe_gpi_mult': 0.9830454717980519}. Best is trial 60 with value: 8.1178509918004.
[I 2026-05-28 03:22:10,001] Trial 61 finished with value: 16.837166848111988 and parameters: {'ISTN': 79.47700491549318, 'I_gpe': 2.4830374114065306, 'I_gpi': 1.6327841069381595, 'noise_stn_sigma': 7.943494714274884, 'noise_gpe_sigma': 35.422048432887294, 'noise_gpi_sigma': 67.50815847642863, 'g_stn_gpe_mult': 3.8080175954571045, 'g_gpe_stn_mult': 0.6527280242281935, 'g_stn_gpi_mult': 3.3505117146896057, 'g_gpe_gpi_mult': 0.6443804937700612}. Best is trial 60 with value: 8.1178509918004.
[I 2026-05-28 03:22:10,948] Trial 62 finished with value: 1000000.0 and parameters: {'ISTN': 69.97816539689379, 'I_gpe': 2.5437130202130502, 'I_gpi': 1.5756642212531693, 'noise_stn_sigma': 5.934765463633147, 'noise_gpe_sigma': 102.08658984223139, 'noise_gpi_sigma': 82.91808050558872, 'g_stn_gpe_mult': 3.63252719651834, 'g_gpe_stn_mult': 0.31531050170280606, 'g_stn_gpi_mult': 3.402366669613529, 'g_gpe_gpi_mult': 0.9681786383804605}. Best is trial 60 with value: 8.1178509918004.
[I 2026-05-28 03:22:11,956] Trial 63 finished with value: 18.5999836357737 and parameters: {'ISTN': 73.06667763461253, 'I_gpe': 3.1451910174912125, 'I_gpi': 1.0076142528521252, 'noise_stn_sigma': 7.835906766595054, 'noise_gpe_sigma': 82.16671294464476, 'noise_gpi_sigma': 44.97970969925167, 'g_stn_gpe_mult': 3.3275503440976415, 'g_gpe_stn_mult': 0.3877797625182049, 'g_stn_gpi_mult': 3.0889837543489502, 'g_gpe_gpi_mult': 1.086478124112304}. Best is trial 60 with value: 8.1178509918004.
[I 2026-05-28 03:22:12,962] Trial 64 finished with value: 13.950345382686315 and parameters: {'ISTN': 65.66964633231876, 'I_gpe': 2.221332043968256, 'I_gpi': 2.259548998251721, 'noise_stn_sigma': 3.4937293088549617, 'noise_gpe_sigma': 61.55444564903009, 'noise_gpi_sigma': 62.83908058052088, 'g_stn_gpe_mult': 2.801387632657195, 'g_gpe_stn_mult': 0.4306869482053195, 'g_stn_gpi_mult': 3.297181526485036, 'g_gpe_gpi_mult': 0.7068192679758851}. Best is trial 60 with value: 8.1178509918004.
[I 2026-05-28 03:22:13,969] Trial 65 finished with value: 7.569069763915894 and parameters: {'ISTN': 62.833838805849695, 'I_gpe': 1.513029896885008, 'I_gpi': 1.5718277192138426, 'noise_stn_sigma': 7.1158843356818755, 'noise_gpe_sigma': 74.46051236380961, 'noise_gpi_sigma': 94.32810596788535, 'g_stn_gpe_mult': 3.3264993464360444, 'g_gpe_stn_mult': 0.6026545935001202, 'g_stn_gpi_mult': 3.9093326648016116, 'g_gpe_gpi_mult': 1.153912835125215}. Best is trial 65 with value: 7.569069763915894.
[I 2026-05-28 03:22:14,977] Trial 66 finished with value: 17.914446296033795 and parameters: {'ISTN': 94.52525332418688, 'I_gpe': 1.6311359849640374, 'I_gpi': 2.487402222433779, 'noise_stn_sigma': 5.658075408516719, 'noise_gpe_sigma': 118.09047637857908, 'noise_gpi_sigma': 119.98199074603147, 'g_stn_gpe_mult': 3.2310073083672295, 'g_gpe_stn_mult': 0.7659747647911996, 'g_stn_gpi_mult': 3.543063450991654, 'g_gpe_gpi_mult': 0.897267044708949}. Best is trial 65 with value: 7.569069763915894.
[I 2026-05-28 03:22:15,985] Trial 67 finished with value: 9.45328256043005 and parameters: {'ISTN': 61.48855847123259, 'I_gpe': 1.5359645352404596, 'I_gpi': 2.199395343585129, 'noise_stn_sigma': 5.125381292243444, 'noise_gpe_sigma': 75.69243794124952, 'noise_gpi_sigma': 106.34605619982916, 'g_stn_gpe_mult': 3.044969933391271, 'g_gpe_stn_mult': 0.5054307799682477, 'g_stn_gpi_mult': 3.4028616252941246, 'g_gpe_gpi_mult': 1.0826327409643162}. Best is trial 65 with value: 7.569069763915894.
[I 2026-05-28 03:22:16,995] Trial 68 finished with value: 22.91820885758368 and parameters: {'ISTN': 96.59299555640993, 'I_gpe': 2.5646818460109286, 'I_gpi': 1.9772568669731803, 'noise_stn_sigma': 5.686127869528907, 'noise_gpe_sigma': 78.61659194654274, 'noise_gpi_sigma': 88.13750890969195, 'g_stn_gpe_mult': 3.6531261946754636, 'g_gpe_stn_mult': 0.5061737516939734, 'g_stn_gpi_mult': 3.9342768919617392, 'g_gpe_gpi_mult': 1.1029000228276458}. Best is trial 65 with value: 7.569069763915894.
[I 2026-05-28 03:22:17,942] Trial 69 finished with value: 1000000.0 and parameters: {'ISTN': 88.9947277407456, 'I_gpe': 2.4727639555956804, 'I_gpi': 1.5939975375505502, 'noise_stn_sigma': 5.147956140439399, 'noise_gpe_sigma': 108.6664212935625, 'noise_gpi_sigma': 95.61027116397537, 'g_stn_gpe_mult': 3.8514356201958, 'g_gpe_stn_mult': 0.6804894767107221, 'g_stn_gpi_mult': 3.791607834790123, 'g_gpe_gpi_mult': 1.0644651251673543}. Best is trial 65 with value: 7.569069763915894.
[I 2026-05-28 03:22:18,948] Trial 70 finished with value: 12.537564052559654 and parameters: {'ISTN': 80.83786161893134, 'I_gpe': 2.471858724674896, 'I_gpi': 2.2765820323066364, 'noise_stn_sigma': 7.678882661865137, 'noise_gpe_sigma': 96.88996013398169, 'noise_gpi_sigma': 74.89343875913033, 'g_stn_gpe_mult': 3.0208896856763396, 'g_gpe_stn_mult': 0.6904383625263945, 'g_stn_gpi_mult': 2.594615464979175, 'g_gpe_gpi_mult': 1.005635667998956}. Best is trial 65 with value: 7.569069763915894.
[I 2026-05-28 03:22:19,959] Trial 71 finished with value: 17.470847401631858 and parameters: {'ISTN': 78.9272340237925, 'I_gpe': 2.840635224331706, 'I_gpi': 2.0450027758379417, 'noise_stn_sigma': 6.039687242603087, 'noise_gpe_sigma': 77.34655378810129, 'noise_gpi_sigma': 111.20347997547161, 'g_stn_gpe_mult': 3.3136320276655837, 'g_gpe_stn_mult': 0.3205196035736997, 'g_stn_gpi_mult': 3.1067618165598274, 'g_gpe_gpi_mult': 0.8169445931528525}. Best is trial 65 with value: 7.569069763915894.
[I 2026-05-28 03:22:20,967] Trial 72 finished with value: 19.18246667503545 and parameters: {'ISTN': 91.32700519273797, 'I_gpe': 1.563924686516258, 'I_gpi': 2.371825594789974, 'noise_stn_sigma': 6.17270165427123, 'noise_gpe_sigma': 80.31196138609047, 'noise_gpi_sigma': 123.26903475550341, 'g_stn_gpe_mult': 3.003186604490725, 'g_gpe_stn_mult': 0.5694455108144473, 'g_stn_gpi_mult': 3.0014184267342925, 'g_gpe_gpi_mult': 0.9174325712883273}. Best is trial 65 with value: 7.569069763915894.
[I 2026-05-28 03:22:21,974] Trial 73 finished with value: 18.412646931507687 and parameters: {'ISTN': 87.15880819253172, 'I_gpe': 1.3463756427417641, 'I_gpi': 1.6957218649889412, 'noise_stn_sigma': 5.808503082508008, 'noise_gpe_sigma': 36.99977168680401, 'noise_gpi_sigma': 97.19628251785568, 'g_stn_gpe_mult': 2.0803950829138333, 'g_gpe_stn_mult': 0.5236990170271838, 'g_stn_gpi_mult': 3.433699460232034, 'g_gpe_gpi_mult': 1.0878737778977856}. Best is trial 65 with value: 7.569069763915894.
[I 2026-05-28 03:22:22,982] Trial 74 finished with value: 9.29511545054792 and parameters: {'ISTN': 67.50242354450087, 'I_gpe': 1.8646827086625177, 'I_gpi': 1.56185224633638, 'noise_stn_sigma': 7.76453015425713, 'noise_gpe_sigma': 110.79281545961318, 'noise_gpi_sigma': 56.433910693228945, 'g_stn_gpe_mult': 3.0722537761044224, 'g_gpe_stn_mult': 0.4545434636598946, 'g_stn_gpi_mult': 3.499390287998765, 'g_gpe_gpi_mult': 1.0455294665425323}. Best is trial 65 with value: 7.569069763915894.
[I 2026-05-28 03:22:23,992] Trial 75 finished with value: 7.150382166446501 and parameters: {'ISTN': 74.05586804099134, 'I_gpe': 1.4913414842518762, 'I_gpi': 1.7922039449914104, 'noise_stn_sigma': 5.020355562930386, 'noise_gpe_sigma': 89.41166144506712, 'noise_gpi_sigma': 78.00617341855983, 'g_stn_gpe_mult': 2.6004373732407546, 'g_gpe_stn_mult': 0.7150558301330006, 'g_stn_gpi_mult': 2.8880941652472583, 'g_gpe_gpi_mult': 1.1533125137300455}. Best is trial 75 with value: 7.150382166446501.
[I 2026-05-28 03:22:24,998] Trial 76 finished with value: 9.856818539994178 and parameters: {'ISTN': 68.79875443456332, 'I_gpe': 2.2326122808411677, 'I_gpi': 2.3060224888575993, 'noise_stn_sigma': 5.55281952493551, 'noise_gpe_sigma': 59.47913581550403, 'noise_gpi_sigma': 48.437245154314326, 'g_stn_gpe_mult': 4.257520314022053, 'g_gpe_stn_mult': 0.6544107175972398, 'g_stn_gpi_mult': 3.1962448131898613, 'g_gpe_gpi_mult': 0.8975305061003362}. Best is trial 75 with value: 7.150382166446501.
[I 2026-05-28 03:22:26,006] Trial 77 finished with value: 12.084630816555952 and parameters: {'ISTN': 72.69474892101249, 'I_gpe': 2.4093115109743977, 'I_gpi': 2.408492344702682, 'noise_stn_sigma': 5.890723617068028, 'noise_gpe_sigma': 81.86306678149111, 'noise_gpi_sigma': 124.59242405924991, 'g_stn_gpe_mult': 3.4967006368412243, 'g_gpe_stn_mult': 0.6475223735919928, 'g_stn_gpi_mult': 3.791932829315943, 'g_gpe_gpi_mult': 1.1526993502726557}. Best is trial 75 with value: 7.150382166446501.
[I 2026-05-28 03:22:27,012] Trial 78 finished with value: 9.205250454947457 and parameters: {'ISTN': 69.74395317215928, 'I_gpe': 0.5210771562909815, 'I_gpi': 1.3396673509479216, 'noise_stn_sigma': 5.503061377399405, 'noise_gpe_sigma': 96.03608754244365, 'noise_gpi_sigma': 55.810914163266744, 'g_stn_gpe_mult': 3.5125964341922624, 'g_gpe_stn_mult': 0.5048360378963108, 'g_stn_gpi_mult': 3.5226330453882353, 'g_gpe_gpi_mult': 1.0513789159504918}. Best is trial 75 with value: 7.150382166446501.
[I 2026-05-28 03:22:28,018] Trial 79 finished with value: 8.896321772129804 and parameters: {'ISTN': 63.86294275983115, 'I_gpe': 1.1877577972285003, 'I_gpi': 2.2076434766258513, 'noise_stn_sigma': 5.698552082411824, 'noise_gpe_sigma': 75.31707198981898, 'noise_gpi_sigma': 73.1293434062388, 'g_stn_gpe_mult': 3.91658950026864, 'g_gpe_stn_mult': 0.36343356993983567, 'g_stn_gpi_mult': 2.894092725540787, 'g_gpe_gpi_mult': 1.0637918081756665}. Best is trial 75 with value: 7.150382166446501.
[I 2026-05-28 03:22:29,027] Trial 80 finished with value: 14.226182657243857 and parameters: {'ISTN': 80.19569858329888, 'I_gpe': 1.216057504003421, 'I_gpi': 3.03546487607941, 'noise_stn_sigma': 5.636521172800658, 'noise_gpe_sigma': 70.02119931473237, 'noise_gpi_sigma': 72.89406778861303, 'g_stn_gpe_mult': 2.6049891850325624, 'g_gpe_stn_mult': 0.6374156409210375, 'g_stn_gpi_mult': 3.078436559082723, 'g_gpe_gpi_mult': 0.9327635998888002}. Best is trial 75 with value: 7.150382166446501.
[I 2026-05-28 03:22:30,037] Trial 81 finished with value: 13.733411833325368 and parameters: {'ISTN': 88.34275008592779, 'I_gpe': 1.3122272254974687, 'I_gpi': 1.5960503092671035, 'noise_stn_sigma': 5.7904063820511835, 'noise_gpe_sigma': 86.85701370701082, 'noise_gpi_sigma': 88.30638213239646, 'g_stn_gpe_mult': 3.451164172422282, 'g_gpe_stn_mult': 0.4698043628952181, 'g_stn_gpi_mult': 3.441511951794502, 'g_gpe_gpi_mult': 0.94516063109555}. Best is trial 75 with value: 7.150382166446501.
[I 2026-05-28 03:22:31,045] Trial 82 finished with value: 18.176763783960702 and parameters: {'ISTN': 95.91119486906413, 'I_gpe': 1.4886239880364687, 'I_gpi': 1.4051215367027492, 'noise_stn_sigma': 7.16030777846091, 'noise_gpe_sigma': 70.35913134373553, 'noise_gpi_sigma': 84.80881508947903, 'g_stn_gpe_mult': 2.5488546872477444, 'g_gpe_stn_mult': 0.5379800327960066, 'g_stn_gpi_mult': 2.2153713679990723, 'g_gpe_gpi_mult': 0.8750641028356911}. Best is trial 75 with value: 7.150382166446501.
[I 2026-05-28 03:22:32,051] Trial 83 finished with value: 13.628321518215484 and parameters: {'ISTN': 76.55399051543014, 'I_gpe': 1.8003441278562533, 'I_gpi': 1.9620274219713698, 'noise_stn_sigma': 5.847982100194493, 'noise_gpe_sigma': 108.689972555032, 'noise_gpi_sigma': 20.824678248486666, 'g_stn_gpe_mult': 4.770105443051667, 'g_gpe_stn_mult': 0.5362476400550208, 'g_stn_gpi_mult': 3.1221513484532033, 'g_gpe_gpi_mult': 0.8283788965525645}. Best is trial 75 with value: 7.150382166446501.
[I 2026-05-28 03:22:33,057] Trial 84 finished with value: 14.748377463286182 and parameters: {'ISTN': 82.96063120206857, 'I_gpe': 1.9078829422653114, 'I_gpi': 2.402020053851868, 'noise_stn_sigma': 4.068223889150625, 'noise_gpe_sigma': 106.2123660894519, 'noise_gpi_sigma': 68.03028102797377, 'g_stn_gpe_mult': 3.7900256024572845, 'g_gpe_stn_mult': 0.3382216456037513, 'g_stn_gpi_mult': 3.217513207139624, 'g_gpe_gpi_mult': 0.7779731422291116}. Best is trial 75 with value: 7.150382166446501.
[I 2026-05-28 03:22:34,063] Trial 85 finished with value: 10.46335920205386 and parameters: {'ISTN': 78.54742725913658, 'I_gpe': 1.1962637664296945, 'I_gpi': 2.9246678267267283, 'noise_stn_sigma': 5.357587852086661, 'noise_gpe_sigma': 75.90766314116058, 'noise_gpi_sigma': 56.2781413970842, 'g_stn_gpe_mult': 2.8064065610740547, 'g_gpe_stn_mult': 0.5470027728612035, 'g_stn_gpi_mult': 3.212037469846389, 'g_gpe_gpi_mult': 1.1236869646483196}. Best is trial 75 with value: 7.150382166446501.
[I 2026-05-28 03:22:35,070] Trial 86 finished with value: 12.217601367054401 and parameters: {'ISTN': 83.24050445208057, 'I_gpe': 0.8349395467091557, 'I_gpi': 3.2647548529675747, 'noise_stn_sigma': 2.2597844561545903, 'noise_gpe_sigma': 78.35214846224193, 'noise_gpi_sigma': 36.743718122907744, 'g_stn_gpe_mult': 3.440293583632407, 'g_gpe_stn_mult': 0.7858949469969085, 'g_stn_gpi_mult': 3.1081643784506063, 'g_gpe_gpi_mult': 0.772835138799328}. Best is trial 75 with value: 7.150382166446501.
[I 2026-05-28 03:22:36,077] Trial 87 finished with value: 6.482479826933473 and parameters: {'ISTN': 62.95496675396133, 'I_gpe': 1.3654025053929133, 'I_gpi': 1.324419073541594, 'noise_stn_sigma': 4.940013228590725, 'noise_gpe_sigma': 76.37975376964988, 'noise_gpi_sigma': 46.63788084526627, 'g_stn_gpe_mult': 2.871089293101649, 'g_gpe_stn_mult': 0.599151245392421, 'g_stn_gpi_mult': 3.3263533985774836, 'g_gpe_gpi_mult': 1.0805064013102965}. Best is trial 87 with value: 6.482479826933473.
