[I 2026-05-28 03:55:03,835] A new study created in memory with name: sensitivity_seeds_seed2024
[I 2026-05-28 03:55:06,261] Trial 0 finished with value: 32.103229132106584 and parameters: {'ISTN': 112.9213067005858, 'I_gpe': 2.946880616885539, 'I_gpi': 1.752607840154024, 'noise_stn_sigma': 1.3066599462280537, 'noise_gpe_sigma': 46.65246381125755, 'noise_gpi_sigma': 33.78817368191454, 'g_stn_gpe_mult': 4.045340502895591, 'g_gpe_stn_mult': 0.5755803664675991, 'g_stn_gpi_mult': 2.4215371102246555, 'g_gpe_gpi_mult': 0.6482958244803045}. Best is trial 0 with value: 32.103229132106584.
[I 2026-05-28 03:55:07,272] Trial 1 finished with value: 15.425752021110036 and parameters: {'ISTN': 84.43426500378305, 'I_gpe': 1.6676533850579631, 'I_gpi': 3.1681522004693328, 'noise_stn_sigma': 3.750285340829411, 'noise_gpe_sigma': 122.22944012732032, 'noise_gpi_sigma': 51.900130647860514, 'g_stn_gpe_mult': 3.976335043305421, 'g_gpe_stn_mult': 0.26450313612760623, 'g_stn_gpi_mult': 1.9112355136845696, 'g_gpe_gpi_mult': 0.4685875857180123}. Best is trial 1 with value: 15.425752021110036.
[I 2026-05-28 03:55:08,278] Trial 2 finished with value: 24.648752691840087 and parameters: {'ISTN': 112.72126269832772, 'I_gpe': 1.5494666256006921, 'I_gpi': 2.5362777979737174, 'noise_stn_sigma': 5.034597329986185, 'noise_gpe_sigma': 112.98095564713539, 'noise_gpi_sigma': 89.71121373354666, 'g_stn_gpe_mult': 2.8878164327411624, 'g_gpe_stn_mult': 0.4662706765489856, 'g_stn_gpi_mult': 2.0485499578831723, 'g_gpe_gpi_mult': 0.6733615495545406}. Best is trial 1 with value: 15.425752021110036.
[I 2026-05-28 03:55:09,283] Trial 3 finished with value: 16.355698576686486 and parameters: {'ISTN': 84.64483095548208, 'I_gpe': 2.021198428898783, 'I_gpi': 3.1504197921637034, 'noise_stn_sigma': 2.587341898990779, 'noise_gpe_sigma': 61.38782634643454, 'noise_gpi_sigma': 88.792406443389, 'g_stn_gpe_mult': 2.4404596473791056, 'g_gpe_stn_mult': 0.6922008294663686, 'g_stn_gpi_mult': 2.070917730812331, 'g_gpe_gpi_mult': 0.8720369131940882}. Best is trial 1 with value: 15.425752021110036.
[I 2026-05-28 03:55:10,290] Trial 4 finished with value: 22.35923463510382 and parameters: {'ISTN': 97.35199482426404, 'I_gpe': 2.5931652366985323, 'I_gpi': 4.079374244163779, 'noise_stn_sigma': 2.8742872227651644, 'noise_gpe_sigma': 85.16641955475978, 'noise_gpi_sigma': 91.2643207455165, 'g_stn_gpe_mult': 2.184498827321388, 'g_gpe_stn_mult': 0.4155032469099056, 'g_stn_gpi_mult': 2.149138256483263, 'g_gpe_gpi_mult': 0.7456274643396266}. Best is trial 1 with value: 15.425752021110036.
[I 2026-05-28 03:55:11,296] Trial 5 finished with value: 22.25411654748836 and parameters: {'ISTN': 100.0773604408196, 'I_gpe': 2.2061712703237584, 'I_gpi': 2.4664109933684384, 'noise_stn_sigma': 4.192738376704717, 'noise_gpe_sigma': 92.54418203343367, 'noise_gpi_sigma': 75.15863133383158, 'g_stn_gpe_mult': 3.9704566311179703, 'g_gpe_stn_mult': 0.43215882098772707, 'g_stn_gpi_mult': 1.9021907145503816, 'g_gpe_gpi_mult': 0.8410365691754635}. Best is trial 1 with value: 15.425752021110036.
[I 2026-05-28 03:55:12,301] Trial 6 finished with value: 25.67581592320413 and parameters: {'ISTN': 105.92662039769142, 'I_gpe': 2.467260103694171, 'I_gpi': 2.8958607975978943, 'noise_stn_sigma': 4.810318602015652, 'noise_gpe_sigma': 72.45748647378473, 'noise_gpi_sigma': 72.40898845709053, 'g_stn_gpe_mult': 2.8257730894119417, 'g_gpe_stn_mult': 0.42318689680307453, 'g_stn_gpi_mult': 2.8269261955492855, 'g_gpe_gpi_mult': 0.7329257513162193}. Best is trial 1 with value: 15.425752021110036.
[I 2026-05-28 03:55:13,307] Trial 7 finished with value: 24.9960681870265 and parameters: {'ISTN': 112.99164403238481, 'I_gpe': 2.3737002559586413, 'I_gpi': 3.316048355518109, 'noise_stn_sigma': 4.475209438503523, 'noise_gpe_sigma': 87.08505575971537, 'noise_gpi_sigma': 80.45316451783714, 'g_stn_gpe_mult': 3.5141147247429556, 'g_gpe_stn_mult': 0.20958138520757816, 'g_stn_gpi_mult': 3.22243889353697, 'g_gpe_gpi_mult': 0.5193084232700119}. Best is trial 1 with value: 15.425752021110036.
[I 2026-05-28 03:55:14,312] Trial 8 finished with value: 20.095381416875508 and parameters: {'ISTN': 85.11223163026801, 'I_gpe': 2.7548176273868523, 'I_gpi': 2.995485433253829, 'noise_stn_sigma': 5.822406771812086, 'noise_gpe_sigma': 57.330023002889384, 'noise_gpi_sigma': 91.99757461435553, 'g_stn_gpe_mult': 3.256340847003882, 'g_gpe_stn_mult': 0.408497026563739, 'g_stn_gpi_mult': 2.74766655865127, 'g_gpe_gpi_mult': 0.617044133734194}. Best is trial 1 with value: 15.425752021110036.
[I 2026-05-28 03:55:15,318] Trial 9 finished with value: 36.50322171511675 and parameters: {'ISTN': 129.4803002783172, 'I_gpe': 1.468437432264397, 'I_gpi': 3.2021506790348715, 'noise_stn_sigma': 5.088975645056553, 'noise_gpe_sigma': 57.39766320529134, 'noise_gpi_sigma': 55.64544350019316, 'g_stn_gpe_mult': 2.46034570847784, 'g_gpe_stn_mult': 0.7003990342099062, 'g_stn_gpi_mult': 2.7963769193229986, 'g_gpe_gpi_mult': 0.7670209303419167}. Best is trial 1 with value: 15.425752021110036.
[I 2026-05-28 03:55:16,323] Trial 10 finished with value: 19.661218294094862 and parameters: {'ISTN': 92.26669001377971, 'I_gpe': 2.277528940263468, 'I_gpi': 1.9513898863072008, 'noise_stn_sigma': 5.3055337749326155, 'noise_gpe_sigma': 74.37492470675951, 'noise_gpi_sigma': 65.90950569862036, 'g_stn_gpe_mult': 2.9791409778824627, 'g_gpe_stn_mult': 0.3896626902657889, 'g_stn_gpi_mult': 1.928402341105138, 'g_gpe_gpi_mult': 0.6654050851898812}. Best is trial 1 with value: 15.425752021110036.
[I 2026-05-28 03:55:17,329] Trial 11 finished with value: 27.258482344451313 and parameters: {'ISTN': 109.40624191139457, 'I_gpe': 2.308653310915509, 'I_gpi': 2.2323928180448904, 'noise_stn_sigma': 2.5509034559893915, 'noise_gpe_sigma': 120.36109606755431, 'noise_gpi_sigma': 45.364039176236574, 'g_stn_gpe_mult': 3.5046686653624857, 'g_gpe_stn_mult': 0.4889026476736119, 'g_stn_gpi_mult': 2.411206538962731, 'g_gpe_gpi_mult': 0.5274780707041065}. Best is trial 1 with value: 15.425752021110036.
[I 2026-05-28 03:55:18,335] Trial 12 finished with value: 22.863984449473985 and parameters: {'ISTN': 102.03736697861096, 'I_gpe': 2.6642088587982418, 'I_gpi': 2.439738336486795, 'noise_stn_sigma': 4.196144774624466, 'noise_gpe_sigma': 105.18991670488847, 'noise_gpi_sigma': 73.32727422602022, 'g_stn_gpe_mult': 3.5034584571435103, 'g_gpe_stn_mult': 0.274451856607714, 'g_stn_gpi_mult': 2.483011803053497, 'g_gpe_gpi_mult': 0.699532957468662}. Best is trial 1 with value: 15.425752021110036.
[I 2026-05-28 03:55:19,340] Trial 13 finished with value: 17.870908428067395 and parameters: {'ISTN': 85.07294870368048, 'I_gpe': 1.9982540945288663, 'I_gpi': 2.4596719060278334, 'noise_stn_sigma': 3.9068471718428124, 'noise_gpe_sigma': 61.46330843321739, 'noise_gpi_sigma': 65.0318631664073, 'g_stn_gpe_mult': 3.548910021327182, 'g_gpe_stn_mult': 0.5282508071150629, 'g_stn_gpi_mult': 2.3220039856870764, 'g_gpe_gpi_mult': 0.381396661021584}. Best is trial 1 with value: 15.425752021110036.
[I 2026-05-28 03:55:20,345] Trial 14 finished with value: 16.191422203288976 and parameters: {'ISTN': 75.31743720608083, 'I_gpe': 1.5875198560757098, 'I_gpi': 2.2128322068771427, 'noise_stn_sigma': 4.873630461153468, 'noise_gpe_sigma': 44.434090775292276, 'noise_gpi_sigma': 52.52791597211722, 'g_stn_gpe_mult': 2.76539247909166, 'g_gpe_stn_mult': 0.3117462488726801, 'g_stn_gpi_mult': 2.1472223209211636, 'g_gpe_gpi_mult': 0.7569044163271283}. Best is trial 1 with value: 15.425752021110036.
[I 2026-05-28 03:55:21,349] Trial 15 finished with value: 13.551626426649017 and parameters: {'ISTN': 82.14601615648118, 'I_gpe': 2.0843897677053986, 'I_gpi': 3.608695527671389, 'noise_stn_sigma': 3.1772642093434764, 'noise_gpe_sigma': 97.48119826726972, 'noise_gpi_sigma': 71.7211629470969, 'g_stn_gpe_mult': 3.9689211543525134, 'g_gpe_stn_mult': 0.5561292033696984, 'g_stn_gpi_mult': 1.394301141777361, 'g_gpe_gpi_mult': 0.8174639188920574}. Best is trial 15 with value: 13.551626426649017.
[I 2026-05-28 03:55:22,355] Trial 16 finished with value: 13.012470130675922 and parameters: {'ISTN': 82.92143560961696, 'I_gpe': 2.357856264324058, 'I_gpi': 3.0884975347606347, 'noise_stn_sigma': 4.96589723944, 'noise_gpe_sigma': 103.72939673754972, 'noise_gpi_sigma': 39.31151529739054, 'g_stn_gpe_mult': 3.121695995173342, 'g_gpe_stn_mult': 0.2937940581426506, 'g_stn_gpi_mult': 2.1717261068202007, 'g_gpe_gpi_mult': 0.6919431344877605}. Best is trial 16 with value: 13.012470130675922.
[I 2026-05-28 03:55:23,299] Trial 17 finished with value: 1000000.0 and parameters: {'ISTN': 97.39849652378868, 'I_gpe': 3.1992342169253187, 'I_gpi': 2.856875872612319, 'noise_stn_sigma': 4.486510870601592, 'noise_gpe_sigma': 84.28442912343414, 'noise_gpi_sigma': 95.02367296211496, 'g_stn_gpe_mult': 2.3326716480394047, 'g_gpe_stn_mult': 0.3754589347108124, 'g_stn_gpi_mult': 2.0788892295011787, 'g_gpe_gpi_mult': 0.9287222726255036}. Best is trial 16 with value: 13.012470130675922.
[I 2026-05-28 03:55:24,301] Trial 18 finished with value: 20.956267905339693 and parameters: {'ISTN': 99.18158354346755, 'I_gpe': 1.8778145586763098, 'I_gpi': 2.4067946107566067, 'noise_stn_sigma': 2.1457780599588085, 'noise_gpe_sigma': 91.14748609549326, 'noise_gpi_sigma': 91.80265155612257, 'g_stn_gpe_mult': 3.123883134595173, 'g_gpe_stn_mult': 0.37587783257489027, 'g_stn_gpi_mult': 3.1403527850287025, 'g_gpe_gpi_mult': 0.6252417344339785}. Best is trial 16 with value: 13.012470130675922.
[I 2026-05-28 03:55:25,306] Trial 19 finished with value: 15.875717690969907 and parameters: {'ISTN': 85.40103217650037, 'I_gpe': 0.9309421699781811, 'I_gpi': 3.1513226264420164, 'noise_stn_sigma': 2.5813402131853205, 'noise_gpe_sigma': 80.53438648358488, 'noise_gpi_sigma': 51.57023365544463, 'g_stn_gpe_mult': 3.8684211455295836, 'g_gpe_stn_mult': 0.25058380061486585, 'g_stn_gpi_mult': 1.3466866882183053, 'g_gpe_gpi_mult': 0.39109840155487496}. Best is trial 16 with value: 13.012470130675922.
[I 2026-05-28 03:55:26,312] Trial 20 finished with value: 15.863445039491161 and parameters: {'ISTN': 85.61230745672586, 'I_gpe': 1.7974072818820845, 'I_gpi': 1.567368972173152, 'noise_stn_sigma': 5.846256290528129, 'noise_gpe_sigma': 75.26168150407659, 'noise_gpi_sigma': 83.07944166179891, 'g_stn_gpe_mult': 3.186768496090997, 'g_gpe_stn_mult': 0.5037965565605101, 'g_stn_gpi_mult': 2.0271852557441337, 'g_gpe_gpi_mult': 0.8212389688655057}. Best is trial 16 with value: 13.012470130675922.
[I 2026-05-28 03:55:27,319] Trial 21 finished with value: 6.178458418003425 and parameters: {'ISTN': 62.21468872573563, 'I_gpe': 1.3297056429896739, 'I_gpi': 3.0005310731618446, 'noise_stn_sigma': 4.647241818183503, 'noise_gpe_sigma': 110.09072805477714, 'noise_gpi_sigma': 70.09259610639225, 'g_stn_gpe_mult': 4.162557725375583, 'g_gpe_stn_mult': 0.4645389517026648, 'g_stn_gpi_mult': 2.336906987504239, 'g_gpe_gpi_mult': 0.8807190833268317}. Best is trial 21 with value: 6.178458418003425.
[I 2026-05-28 03:55:28,323] Trial 22 finished with value: 20.867189372117085 and parameters: {'ISTN': 95.16805449470397, 'I_gpe': 2.5850923616286656, 'I_gpi': 3.5409561323444216, 'noise_stn_sigma': 2.8480028383211757, 'noise_gpe_sigma': 107.99666021316087, 'noise_gpi_sigma': 53.98560361504398, 'g_stn_gpe_mult': 3.5362151659651664, 'g_gpe_stn_mult': 0.2423719651645805, 'g_stn_gpi_mult': 1.8434383204463827, 'g_gpe_gpi_mult': 0.8679878334631728}. Best is trial 21 with value: 6.178458418003425.
[I 2026-05-28 03:55:29,328] Trial 23 finished with value: 16.832572886536436 and parameters: {'ISTN': 79.82752800538074, 'I_gpe': 2.038003493449177, 'I_gpi': 3.2304906657816885, 'noise_stn_sigma': 4.824288736976259, 'noise_gpe_sigma': 73.19971649623966, 'noise_gpi_sigma': 40.329030499923206, 'g_stn_gpe_mult': 4.7355416648528195, 'g_gpe_stn_mult': 0.42800755605182206, 'g_stn_gpi_mult': 1.752961218734901, 'g_gpe_gpi_mult': 0.9603197502873202}. Best is trial 21 with value: 6.178458418003425.
[I 2026-05-28 03:55:30,334] Trial 24 finished with value: 11.758719063258173 and parameters: {'ISTN': 78.78691967423508, 'I_gpe': 1.3690137647530705, 'I_gpi': 2.2855021935089455, 'noise_stn_sigma': 5.115091190802257, 'noise_gpe_sigma': 127.50758206819032, 'noise_gpi_sigma': 62.65261780948379, 'g_stn_gpe_mult': 3.454345143745309, 'g_gpe_stn_mult': 0.21972639478714714, 'g_stn_gpi_mult': 2.211622907977766, 'g_gpe_gpi_mult': 0.7058496465244744}. Best is trial 21 with value: 6.178458418003425.
[I 2026-05-28 03:55:31,337] Trial 25 finished with value: 15.039304361284934 and parameters: {'ISTN': 76.73942214683682, 'I_gpe': 1.8565554446146146, 'I_gpi': 2.4112814718856046, 'noise_stn_sigma': 4.048638052754345, 'noise_gpe_sigma': 89.06936296492259, 'noise_gpi_sigma': 65.87174954367825, 'g_stn_gpe_mult': 3.7478369566843726, 'g_gpe_stn_mult': 0.3092944851859068, 'g_stn_gpi_mult': 1.9590733462271204, 'g_gpe_gpi_mult': 0.7774397225118903}. Best is trial 21 with value: 6.178458418003425.
[I 2026-05-28 03:55:32,341] Trial 26 finished with value: 17.11436471924752 and parameters: {'ISTN': 78.20054369195735, 'I_gpe': 2.2166806728477924, 'I_gpi': 3.153560843137353, 'noise_stn_sigma': 2.842025154187871, 'noise_gpe_sigma': 56.12677502457271, 'noise_gpi_sigma': 64.23112267234706, 'g_stn_gpe_mult': 3.837891246613782, 'g_gpe_stn_mult': 0.5389980761881217, 'g_stn_gpi_mult': 1.9363848705179882, 'g_gpe_gpi_mult': 0.6080613694470387}. Best is trial 21 with value: 6.178458418003425.
[I 2026-05-28 03:55:33,348] Trial 27 finished with value: 15.895142025427033 and parameters: {'ISTN': 75.941353435261, 'I_gpe': 1.5549536263959056, 'I_gpi': 3.6447701364189187, 'noise_stn_sigma': 4.326372557160238, 'noise_gpe_sigma': 89.00053398448051, 'noise_gpi_sigma': 49.522034724904316, 'g_stn_gpe_mult': 3.6825791181144063, 'g_gpe_stn_mult': 0.5496543336863075, 'g_stn_gpi_mult': 2.2243474374574643, 'g_gpe_gpi_mult': 0.6780437991211213}. Best is trial 21 with value: 6.178458418003425.
[I 2026-05-28 03:55:34,355] Trial 28 finished with value: 14.75410597043457 and parameters: {'ISTN': 81.97532905684429, 'I_gpe': 2.1546708945944006, 'I_gpi': 3.104925279357282, 'noise_stn_sigma': 6.487436807901786, 'noise_gpe_sigma': 83.87476980680415, 'noise_gpi_sigma': 26.905177295816415, 'g_stn_gpe_mult': 3.5013077745353893, 'g_gpe_stn_mult': 0.4956328194698765, 'g_stn_gpi_mult': 1.6084690514566213, 'g_gpe_gpi_mult': 0.7518016125247899}. Best is trial 21 with value: 6.178458418003425.
[I 2026-05-28 03:55:35,361] Trial 29 finished with value: 16.10710984665162 and parameters: {'ISTN': 80.96020681976704, 'I_gpe': 1.7836188679345042, 'I_gpi': 3.006487214978104, 'noise_stn_sigma': 2.9750029299332397, 'noise_gpe_sigma': 106.49864328301426, 'noise_gpi_sigma': 32.66824962428238, 'g_stn_gpe_mult': 2.868449761124741, 'g_gpe_stn_mult': 0.4269683431802185, 'g_stn_gpi_mult': 1.827937717026741, 'g_gpe_gpi_mult': 0.7314794454863596}. Best is trial 21 with value: 6.178458418003425.
[I 2026-05-28 03:55:36,366] Trial 30 finished with value: 12.198500621595775 and parameters: {'ISTN': 80.13030448716381, 'I_gpe': 1.1728843401563598, 'I_gpi': 2.1657911869283675, 'noise_stn_sigma': 4.715695650541061, 'noise_gpe_sigma': 99.66785026578741, 'noise_gpi_sigma': 53.03003963229059, 'g_stn_gpe_mult': 4.245719647853371, 'g_gpe_stn_mult': 0.3134256301024102, 'g_stn_gpi_mult': 1.6906493645800944, 'g_gpe_gpi_mult': 0.4213848453427757}. Best is trial 21 with value: 6.178458418003425.
[I 2026-05-28 03:55:37,373] Trial 31 finished with value: 12.566491500757238 and parameters: {'ISTN': 69.37037187413715, 'I_gpe': 0.8099983370888044, 'I_gpi': 3.302115433205425, 'noise_stn_sigma': 4.345995060265652, 'noise_gpe_sigma': 149.32232572833485, 'noise_gpi_sigma': 50.396802652304615, 'g_stn_gpe_mult': 4.281449163754893, 'g_gpe_stn_mult': 0.23301351153667513, 'g_stn_gpi_mult': 2.2227158941684335, 'g_gpe_gpi_mult': 0.9088084891156301}. Best is trial 21 with value: 6.178458418003425.
[I 2026-05-28 03:55:38,377] Trial 32 finished with value: 8.223493453645593 and parameters: {'ISTN': 69.71019919754862, 'I_gpe': 1.1865857063237213, 'I_gpi': 1.6554014787164613, 'noise_stn_sigma': 3.864254700902672, 'noise_gpe_sigma': 102.37606115562947, 'noise_gpi_sigma': 51.44815414871148, 'g_stn_gpe_mult': 4.1735266824254555, 'g_gpe_stn_mult': 0.7111947838921077, 'g_stn_gpi_mult': 1.7707904138077273, 'g_gpe_gpi_mult': 0.7947810988361454}. Best is trial 21 with value: 6.178458418003425.
[I 2026-05-28 03:55:39,383] Trial 33 finished with value: 14.290346808351789 and parameters: {'ISTN': 79.13609581381824, 'I_gpe': 1.516744661501344, 'I_gpi': 2.827120889570164, 'noise_stn_sigma': 5.035336374115073, 'noise_gpe_sigma': 96.74371710389397, 'noise_gpi_sigma': 42.03142748903146, 'g_stn_gpe_mult': 3.3985433179497293, 'g_gpe_stn_mult': 0.2312887542259356, 'g_stn_gpi_mult': 1.9653786545003253, 'g_gpe_gpi_mult': 0.9174643372771816}. Best is trial 21 with value: 6.178458418003425.
[I 2026-05-28 03:55:40,387] Trial 34 finished with value: 16.58027345868336 and parameters: {'ISTN': 83.03454701326021, 'I_gpe': 1.7387634454544685, 'I_gpi': 2.60580665336282, 'noise_stn_sigma': 4.32180074537565, 'noise_gpe_sigma': 106.94869789848411, 'noise_gpi_sigma': 60.20487041416361, 'g_stn_gpe_mult': 4.004472597676745, 'g_gpe_stn_mult': 0.30061573621870286, 'g_stn_gpi_mult': 2.1069634107460278, 'g_gpe_gpi_mult': 0.6751784159605003}. Best is trial 21 with value: 6.178458418003425.
[I 2026-05-28 03:55:41,394] Trial 35 finished with value: 17.40543809595445 and parameters: {'ISTN': 87.78615768876679, 'I_gpe': 1.2233895962853745, 'I_gpi': 1.7786670281311099, 'noise_stn_sigma': 5.147331854961801, 'noise_gpe_sigma': 72.93040080982414, 'noise_gpi_sigma': 31.598072667514863, 'g_stn_gpe_mult': 4.003651088093907, 'g_gpe_stn_mult': 0.3411142571490472, 'g_stn_gpi_mult': 1.7793923901226503, 'g_gpe_gpi_mult': 0.8631499909947198}. Best is trial 21 with value: 6.178458418003425.
[I 2026-05-28 03:55:42,399] Trial 36 finished with value: 13.201131437403411 and parameters: {'ISTN': 81.46304771667414, 'I_gpe': 1.6017091124386251, 'I_gpi': 2.8896654535945574, 'noise_stn_sigma': 5.1498753071133745, 'noise_gpe_sigma': 109.95619876347345, 'noise_gpi_sigma': 75.77424999008727, 'g_stn_gpe_mult': 3.8372565162814536, 'g_gpe_stn_mult': 0.6551109073152691, 'g_stn_gpi_mult': 1.7366508100642606, 'g_gpe_gpi_mult': 0.7061439209697713}. Best is trial 21 with value: 6.178458418003425.
[I 2026-05-28 03:55:43,405] Trial 37 finished with value: 4.858338733951035 and parameters: {'ISTN': 61.38096364663348, 'I_gpe': 1.0554782055884897, 'I_gpi': 2.650295262106332, 'noise_stn_sigma': 3.021352947480013, 'noise_gpe_sigma': 111.81660720948305, 'noise_gpi_sigma': 79.52241854491771, 'g_stn_gpe_mult': 4.030089561781751, 'g_gpe_stn_mult': 0.44672748487487257, 'g_stn_gpi_mult': 2.2688610940077707, 'g_gpe_gpi_mult': 0.5139947618188239}. Best is trial 37 with value: 4.858338733951035.
[I 2026-05-28 03:55:44,409] Trial 38 finished with value: 2.0468317641674787 and parameters: {'ISTN': 63.66019982243973, 'I_gpe': 1.198642827466196, 'I_gpi': 2.2554634695043125, 'noise_stn_sigma': 2.986206274968455, 'noise_gpe_sigma': 127.66630870603898, 'noise_gpi_sigma': 74.19397013675874, 'g_stn_gpe_mult': 3.068905574714689, 'g_gpe_stn_mult': 0.23916943585481557, 'g_stn_gpi_mult': 2.2327057143772313, 'g_gpe_gpi_mult': 0.8149074833597392}. Best is trial 38 with value: 2.0468317641674787.
[I 2026-05-28 03:55:45,414] Trial 39 finished with value: 11.816474324292313 and parameters: {'ISTN': 63.69586513562726, 'I_gpe': 0.853719868913849, 'I_gpi': 1.8317449189165231, 'noise_stn_sigma': 6.65890800782072, 'noise_gpe_sigma': 125.50454207581163, 'noise_gpi_sigma': 57.664674756334946, 'g_stn_gpe_mult': 4.748423592643051, 'g_gpe_stn_mult': 0.5456656730843977, 'g_stn_gpi_mult': 1.9732113172452979, 'g_gpe_gpi_mult': 0.9425579634005345}. Best is trial 38 with value: 2.0468317641674787.
[I 2026-05-28 03:55:46,417] Trial 40 finished with value: 13.331327319715234 and parameters: {'ISTN': 75.72345717623269, 'I_gpe': 1.0381155608979769, 'I_gpi': 2.0495107653814997, 'noise_stn_sigma': 3.689327727375078, 'noise_gpe_sigma': 96.56608393692603, 'noise_gpi_sigma': 69.25688005329756, 'g_stn_gpe_mult': 3.9047968468048104, 'g_gpe_stn_mult': 0.2868335672891024, 'g_stn_gpi_mult': 1.3314736013696788, 'g_gpe_gpi_mult': 0.8139150401844948}. Best is trial 38 with value: 2.0468317641674787.
[I 2026-05-28 03:55:47,423] Trial 41 finished with value: 11.347519050545587 and parameters: {'ISTN': 65.6316215466542, 'I_gpe': 0.8187463000532571, 'I_gpi': 2.2117396320768865, 'noise_stn_sigma': 3.657127402511695, 'noise_gpe_sigma': 103.56410285605848, 'noise_gpi_sigma': 74.99041008921682, 'g_stn_gpe_mult': 3.9146407539098496, 'g_gpe_stn_mult': 0.42300380465671994, 'g_stn_gpi_mult': 2.326590456471674, 'g_gpe_gpi_mult': 0.42792965496187096}. Best is trial 38 with value: 2.0468317641674787.
[I 2026-05-28 03:55:48,425] Trial 42 finished with value: 10.854264407233185 and parameters: {'ISTN': 69.37666026522707, 'I_gpe': 1.2550913505780843, 'I_gpi': 1.3144130615756047, 'noise_stn_sigma': 3.1756370318823617, 'noise_gpe_sigma': 125.33043013207767, 'noise_gpi_sigma': 43.33121781491974, 'g_stn_gpe_mult': 3.110358809980395, 'g_gpe_stn_mult': 0.396118489959859, 'g_stn_gpi_mult': 2.8855858953726843, 'g_gpe_gpi_mult': 0.7832261299626557}. Best is trial 38 with value: 2.0468317641674787.
[I 2026-05-28 03:55:49,428] Trial 43 finished with value: 11.68884872553988 and parameters: {'ISTN': 74.37260996443162, 'I_gpe': 1.4016918071736681, 'I_gpi': 2.1394204853540115, 'noise_stn_sigma': 2.590534586502897, 'noise_gpe_sigma': 127.43818017030905, 'noise_gpi_sigma': 65.55858736069436, 'g_stn_gpe_mult': 2.599789645875224, 'g_gpe_stn_mult': 0.29562420526761024, 'g_stn_gpi_mult': 2.222414929637505, 'g_gpe_gpi_mult': 0.6870948199222041}. Best is trial 38 with value: 2.0468317641674787.
