[I 2026-05-28 02:54:29,840] Trial 440 finished with value: 1.524427955692914 and parameters: {'ISTN': 60.29722091169079, 'I_gpe': 0.9496189184962793, 'I_gpi': 2.2089599863741967, 'noise_stn_sigma': 3.642925935101768, 'noise_gpe_sigma': 91.62443864608541, 'noise_gpi_sigma': 121.11137194938301, 'g_stn_gpe_mult': 4.744336468209394, 'g_gpe_stn_mult': 0.1439753056760019, 'g_stn_gpi_mult': 2.3373750934761595, 'g_gpe_gpi_mult': 1.0207396681475107}. Best is trial 394 with value: 0.15554121280607974.
[I 2026-05-28 02:54:30,850] Trial 441 finished with value: 0.19632679261648442 and parameters: {'ISTN': 62.87467927667351, 'I_gpe': 1.0946625555884184, 'I_gpi': 1.9698330554177448, 'noise_stn_sigma': 3.755126997133987, 'noise_gpe_sigma': 95.48879373252663, 'noise_gpi_sigma': 115.44572321215782, 'g_stn_gpe_mult': 4.638099590160882, 'g_gpe_stn_mult': 0.16486014818323763, 'g_stn_gpi_mult': 2.072447824532209, 'g_gpe_gpi_mult': 1.0907259786979742}. Best is trial 394 with value: 0.15554121280607974.
[I 2026-05-28 02:54:31,858] Trial 442 finished with value: 0.186156507300304 and parameters: {'ISTN': 62.718264463894016, 'I_gpe': 1.0867244587889509, 'I_gpi': 2.104360024872831, 'noise_stn_sigma': 3.9154265811993048, 'noise_gpe_sigma': 86.79726451023373, 'noise_gpi_sigma': 107.0533862113572, 'g_stn_gpe_mult': 4.426255128353284, 'g_gpe_stn_mult': 0.1432007120628389, 'g_stn_gpi_mult': 2.31550543974305, 'g_gpe_gpi_mult': 1.0402693522902648}. Best is trial 394 with value: 0.15554121280607974.
[I 2026-05-28 02:54:32,864] Trial 443 finished with value: 0.19264015993936315 and parameters: {'ISTN': 65.4560430067861, 'I_gpe': 1.007231177870013, 'I_gpi': 2.0897436479024534, 'noise_stn_sigma': 3.9931471970860786, 'noise_gpe_sigma': 87.2357875661152, 'noise_gpi_sigma': 105.13908012162987, 'g_stn_gpe_mult': 4.355506650004214, 'g_gpe_stn_mult': 0.13384944426031373, 'g_stn_gpi_mult': 2.5050487249212745, 'g_gpe_gpi_mult': 1.0516436004926168}. Best is trial 394 with value: 0.15554121280607974.
[I 2026-05-28 02:54:33,870] Trial 444 finished with value: 0.17270970426985388 and parameters: {'ISTN': 61.930185716871634, 'I_gpe': 1.227086510644678, 'I_gpi': 2.238211177214974, 'noise_stn_sigma': 3.5389689240237736, 'noise_gpe_sigma': 87.10481558508589, 'noise_gpi_sigma': 110.90689027697779, 'g_stn_gpe_mult': 4.718415712875129, 'g_gpe_stn_mult': 0.1336675466908288, 'g_stn_gpi_mult': 2.393871652179523, 'g_gpe_gpi_mult': 1.0127136729599935}. Best is trial 394 with value: 0.15554121280607974.
[I 2026-05-28 02:54:34,881] Trial 445 finished with value: 0.544260771241106 and parameters: {'ISTN': 63.375839264817735, 'I_gpe': 0.9469449618908414, 'I_gpi': 2.211339188756042, 'noise_stn_sigma': 3.8246426561324363, 'noise_gpe_sigma': 93.41490565497557, 'noise_gpi_sigma': 110.5764607952086, 'g_stn_gpe_mult': 4.594192053543944, 'g_gpe_stn_mult': 0.14641706369836893, 'g_stn_gpi_mult': 2.2066600081379275, 'g_gpe_gpi_mult': 1.0630896411343334}. Best is trial 394 with value: 0.15554121280607974.
[I 2026-05-28 02:54:35,889] Trial 446 finished with value: 0.8014944272900665 and parameters: {'ISTN': 60.15153169852882, 'I_gpe': 1.1122901787668944, 'I_gpi': 2.2107177218954486, 'noise_stn_sigma': 3.2210787260256604, 'noise_gpe_sigma': 88.11909374427407, 'noise_gpi_sigma': 107.45063587989763, 'g_stn_gpe_mult': 4.583460489357753, 'g_gpe_stn_mult': 0.1483720525739014, 'g_stn_gpi_mult': 2.424349286493583, 'g_gpe_gpi_mult': 1.0190676704146242}. Best is trial 394 with value: 0.15554121280607974.
[I 2026-05-28 02:54:36,896] Trial 447 finished with value: 0.42409788267149795 and parameters: {'ISTN': 60.48175743964283, 'I_gpe': 0.9719886831477415, 'I_gpi': 2.036358788589128, 'noise_stn_sigma': 3.699121881228586, 'noise_gpe_sigma': 85.84427111839784, 'noise_gpi_sigma': 110.49546126848003, 'g_stn_gpe_mult': 4.547813387896716, 'g_gpe_stn_mult': 0.1383417112538219, 'g_stn_gpi_mult': 2.523771874363322, 'g_gpe_gpi_mult': 1.0192167986539387}. Best is trial 394 with value: 0.15554121280607974.
[I 2026-05-28 02:54:37,905] Trial 448 finished with value: 0.4211249306417568 and parameters: {'ISTN': 60.97472002173404, 'I_gpe': 1.0135817285576736, 'I_gpi': 2.278253299497651, 'noise_stn_sigma': 3.4544524971026016, 'noise_gpe_sigma': 80.4823494364804, 'noise_gpi_sigma': 112.00777898331097, 'g_stn_gpe_mult': 4.585481308442429, 'g_gpe_stn_mult': 0.1428539652725744, 'g_stn_gpi_mult': 2.3031220124782568, 'g_gpe_gpi_mult': 1.1165551413021448}. Best is trial 394 with value: 0.15554121280607974.
[I 2026-05-28 02:54:38,914] Trial 449 finished with value: 0.2037263105266931 and parameters: {'ISTN': 62.822931045748085, 'I_gpe': 0.8773168577209862, 'I_gpi': 2.006935899931748, 'noise_stn_sigma': 3.421596756279099, 'noise_gpe_sigma': 80.97080536923082, 'noise_gpi_sigma': 109.10924959706814, 'g_stn_gpe_mult': 4.570909857036739, 'g_gpe_stn_mult': 0.16085720036124115, 'g_stn_gpi_mult': 2.453947440258085, 'g_gpe_gpi_mult': 1.0032853563202728}. Best is trial 394 with value: 0.15554121280607974.
[I 2026-05-28 02:54:39,862] Trial 450 finished with value: 1000000.0 and parameters: {'ISTN': 61.007165195261784, 'I_gpe': 1.0341294174137072, 'I_gpi': 2.266963380106935, 'noise_stn_sigma': 3.307599034690306, 'noise_gpe_sigma': 87.0667322599011, 'noise_gpi_sigma': 111.55614579228593, 'g_stn_gpe_mult': 4.911302966287568, 'g_gpe_stn_mult': 0.1670054420077936, 'g_stn_gpi_mult': 2.378174741011442, 'g_gpe_gpi_mult': 1.0318008588089145}. Best is trial 394 with value: 0.15554121280607974.
[I 2026-05-28 02:54:40,873] Trial 451 finished with value: 0.19174599947046367 and parameters: {'ISTN': 63.58370464663569, 'I_gpe': 1.1199280236391709, 'I_gpi': 2.1212975753712104, 'noise_stn_sigma': 3.7537411436443477, 'noise_gpe_sigma': 92.37088466113987, 'noise_gpi_sigma': 107.03867853856221, 'g_stn_gpe_mult': 4.550502435533713, 'g_gpe_stn_mult': 0.11479536173054067, 'g_stn_gpi_mult': 2.5324736594227786, 'g_gpe_gpi_mult': 1.0863706008971405}. Best is trial 394 with value: 0.15554121280607974.
[I 2026-05-28 02:54:41,881] Trial 452 finished with value: 0.1909928263835546 and parameters: {'ISTN': 62.60829860697697, 'I_gpe': 1.0315944690668513, 'I_gpi': 1.9526148739442413, 'noise_stn_sigma': 3.807511103056907, 'noise_gpe_sigma': 88.38932074490751, 'noise_gpi_sigma': 107.79848800237309, 'g_stn_gpe_mult': 4.498025626718866, 'g_gpe_stn_mult': 0.14905409082957327, 'g_stn_gpi_mult': 2.2991259195915057, 'g_gpe_gpi_mult': 1.0251748945586747}. Best is trial 394 with value: 0.15554121280607974.
[I 2026-05-28 02:54:42,890] Trial 453 finished with value: 0.17399800595009152 and parameters: {'ISTN': 60.66125188022208, 'I_gpe': 1.1485536474124918, 'I_gpi': 2.1160916120626925, 'noise_stn_sigma': 3.7287400027775317, 'noise_gpe_sigma': 80.50597330589835, 'noise_gpi_sigma': 110.10270790365644, 'g_stn_gpe_mult': 4.515535948633055, 'g_gpe_stn_mult': 0.14820980388066599, 'g_stn_gpi_mult': 2.3709695005747133, 'g_gpe_gpi_mult': 1.063209294918177}. Best is trial 394 with value: 0.15554121280607974.
[I 2026-05-28 02:54:43,898] Trial 454 finished with value: 0.18724836067484887 and parameters: {'ISTN': 61.954785090489686, 'I_gpe': 1.2622574280128191, 'I_gpi': 2.1053631538544297, 'noise_stn_sigma': 4.370200915974257, 'noise_gpe_sigma': 88.5312480190367, 'noise_gpi_sigma': 108.27357993328143, 'g_stn_gpe_mult': 4.50418655248961, 'g_gpe_stn_mult': 0.16446057783592127, 'g_stn_gpi_mult': 2.2350687638055344, 'g_gpe_gpi_mult': 1.0554120187377762}. Best is trial 394 with value: 0.15554121280607974.
[I 2026-05-28 02:54:44,907] Trial 455 finished with value: 0.19715238094752846 and parameters: {'ISTN': 63.92160614785529, 'I_gpe': 1.0320331636589237, 'I_gpi': 2.082423148724481, 'noise_stn_sigma': 3.3502577386179713, 'noise_gpe_sigma': 82.8512385035824, 'noise_gpi_sigma': 112.59294062604425, 'g_stn_gpe_mult': 4.50260717318559, 'g_gpe_stn_mult': 0.14543762611217595, 'g_stn_gpi_mult': 2.4190723780248358, 'g_gpe_gpi_mult': 0.9767439127104509}. Best is trial 394 with value: 0.15554121280607974.
[I 2026-05-28 02:54:45,917] Trial 456 finished with value: 0.21175816608123701 and parameters: {'ISTN': 63.08713212758481, 'I_gpe': 1.2031071383937904, 'I_gpi': 2.3484675620012783, 'noise_stn_sigma': 3.596234637563818, 'noise_gpe_sigma': 92.91671015828176, 'noise_gpi_sigma': 107.08216872222123, 'g_stn_gpe_mult': 4.6742112608817035, 'g_gpe_stn_mult': 0.12997819115982784, 'g_stn_gpi_mult': 2.3101348531143024, 'g_gpe_gpi_mult': 1.051000814501725}. Best is trial 394 with value: 0.15554121280607974.
[I 2026-05-28 02:54:46,927] Trial 457 finished with value: 0.19504216455885154 and parameters: {'ISTN': 64.23117574713869, 'I_gpe': 1.067905983509251, 'I_gpi': 2.2495277212034526, 'noise_stn_sigma': 3.7674712447623255, 'noise_gpe_sigma': 89.01110517200841, 'noise_gpi_sigma': 109.46611238805545, 'g_stn_gpe_mult': 4.698717360430875, 'g_gpe_stn_mult': 0.10272482732265842, 'g_stn_gpi_mult': 2.224799203760325, 'g_gpe_gpi_mult': 1.003221067672558}. Best is trial 394 with value: 0.15554121280607974.
[I 2026-05-28 02:54:47,936] Trial 458 finished with value: 0.19777673577385724 and parameters: {'ISTN': 63.38157895052338, 'I_gpe': 0.999701912766551, 'I_gpi': 2.1983062957981634, 'noise_stn_sigma': 4.125881037579992, 'noise_gpe_sigma': 85.06258158923886, 'noise_gpi_sigma': 108.1450767951206, 'g_stn_gpe_mult': 4.701046583674621, 'g_gpe_stn_mult': 0.14103537309467734, 'g_stn_gpi_mult': 2.4481991254805933, 'g_gpe_gpi_mult': 1.0279167857348177}. Best is trial 394 with value: 0.15554121280607974.
[I 2026-05-28 02:54:48,944] Trial 459 finished with value: 0.2016421167012565 and parameters: {'ISTN': 64.39476999344103, 'I_gpe': 1.200457294355438, 'I_gpi': 2.227939380488384, 'noise_stn_sigma': 4.001695906083439, 'noise_gpe_sigma': 87.11114724762633, 'noise_gpi_sigma': 110.5313437467737, 'g_stn_gpe_mult': 4.643522852927923, 'g_gpe_stn_mult': 0.13804015187574437, 'g_stn_gpi_mult': 2.3432170474776424, 'g_gpe_gpi_mult': 1.014671958268306}. Best is trial 394 with value: 0.15554121280607974.
[I 2026-05-28 02:54:49,954] Trial 460 finished with value: 0.18131952665824677 and parameters: {'ISTN': 62.24114621086965, 'I_gpe': 1.200718436888006, 'I_gpi': 2.1581014327371606, 'noise_stn_sigma': 3.930713594200918, 'noise_gpe_sigma': 88.17609174110827, 'noise_gpi_sigma': 105.73825107474481, 'g_stn_gpe_mult': 4.537697339603777, 'g_gpe_stn_mult': 0.13965209664819042, 'g_stn_gpi_mult': 2.3851474218821824, 'g_gpe_gpi_mult': 1.0051659305626794}. Best is trial 394 with value: 0.15554121280607974.
[I 2026-05-28 02:54:50,904] Trial 461 finished with value: 1000000.0 and parameters: {'ISTN': 60.56542266331554, 'I_gpe': 1.1680495462095777, 'I_gpi': 2.0218388986454383, 'noise_stn_sigma': 3.8408828708057055, 'noise_gpe_sigma': 90.54945111258691, 'noise_gpi_sigma': 106.26638509531467, 'g_stn_gpe_mult': 4.4234735580061555, 'g_gpe_stn_mult': 0.14415813601793617, 'g_stn_gpi_mult': 2.3503968927339036, 'g_gpe_gpi_mult': 1.0100624653580035}. Best is trial 394 with value: 0.15554121280607974.
[I 2026-05-28 02:54:51,912] Trial 462 finished with value: 0.18268975130110182 and parameters: {'ISTN': 61.322160721900914, 'I_gpe': 1.244551265234208, 'I_gpi': 2.0447919115688227, 'noise_stn_sigma': 4.00299922954397, 'noise_gpe_sigma': 87.20598961294505, 'noise_gpi_sigma': 105.93617620675504, 'g_stn_gpe_mult': 4.532891991951032, 'g_gpe_stn_mult': 0.1577815441551253, 'g_stn_gpi_mult': 2.3109732394643894, 'g_gpe_gpi_mult': 0.9997508571069194}. Best is trial 394 with value: 0.15554121280607974.
[I 2026-05-28 02:54:52,922] Trial 463 finished with value: 0.1832586819905806 and parameters: {'ISTN': 62.64985903473775, 'I_gpe': 1.2264461215711324, 'I_gpi': 2.020569808303353, 'noise_stn_sigma': 3.707285721256482, 'noise_gpe_sigma': 89.4320584637463, 'noise_gpi_sigma': 109.99228497742823, 'g_stn_gpe_mult': 4.408637201477525, 'g_gpe_stn_mult': 0.17241480147002003, 'g_stn_gpi_mult': 2.3705547068214523, 'g_gpe_gpi_mult': 1.0010106743800677}. Best is trial 394 with value: 0.15554121280607974.
[I 2026-05-28 02:54:53,933] Trial 464 finished with value: 0.17500005397762255 and parameters: {'ISTN': 61.13913413991064, 'I_gpe': 0.9585775829312766, 'I_gpi': 2.098855637677941, 'noise_stn_sigma': 4.3457008444936545, 'noise_gpe_sigma': 84.7536847694361, 'noise_gpi_sigma': 109.57660195457883, 'g_stn_gpe_mult': 4.611459319794073, 'g_gpe_stn_mult': 0.15568180716215307, 'g_stn_gpi_mult': 2.549277549669006, 'g_gpe_gpi_mult': 1.0710858770187301}. Best is trial 394 with value: 0.15554121280607974.
[I 2026-05-28 02:54:54,942] Trial 465 finished with value: 0.18881702946103354 and parameters: {'ISTN': 61.30593047160346, 'I_gpe': 1.2482635118837608, 'I_gpi': 2.1238552852663055, 'noise_stn_sigma': 4.173974689797045, 'noise_gpe_sigma': 87.1132494985446, 'noise_gpi_sigma': 107.05845770120278, 'g_stn_gpe_mult': 4.587881780518875, 'g_gpe_stn_mult': 0.1626992253241153, 'g_stn_gpi_mult': 2.4208639055218235, 'g_gpe_gpi_mult': 1.0163086525396223}. Best is trial 394 with value: 0.15554121280607974.
[I 2026-05-28 02:54:55,953] Trial 466 finished with value: 0.16790277318704022 and parameters: {'ISTN': 61.70895493927267, 'I_gpe': 1.2488348717075635, 'I_gpi': 2.1681902189347664, 'noise_stn_sigma': 3.772769567518023, 'noise_gpe_sigma': 90.03454473398054, 'noise_gpi_sigma': 108.71285107058576, 'g_stn_gpe_mult': 4.477407916058038, 'g_gpe_stn_mult': 0.1404929473418267, 'g_stn_gpi_mult': 2.2809372847089264, 'g_gpe_gpi_mult': 0.9489134073493402}. Best is trial 394 with value: 0.15554121280607974.
[I 2026-05-28 02:54:56,961] Trial 467 finished with value: 0.4719673593573558 and parameters: {'ISTN': 60.12076188310964, 'I_gpe': 1.1908811995121944, 'I_gpi': 2.133060460335888, 'noise_stn_sigma': 3.8518231323400007, 'noise_gpe_sigma': 89.25202697576847, 'noise_gpi_sigma': 105.11812388742615, 'g_stn_gpe_mult': 4.382500767551205, 'g_gpe_stn_mult': 0.14339401072690072, 'g_stn_gpi_mult': 2.5084916683980363, 'g_gpe_gpi_mult': 1.0228976592305183}. Best is trial 394 with value: 0.15554121280607974.
[I 2026-05-28 02:54:57,969] Trial 468 finished with value: 0.181262472715422 and parameters: {'ISTN': 61.07303913663042, 'I_gpe': 1.2155616139186507, 'I_gpi': 2.1087841711541717, 'noise_stn_sigma': 3.9680942069892526, 'noise_gpe_sigma': 82.94406126666013, 'noise_gpi_sigma': 112.31191107421454, 'g_stn_gpe_mult': 4.491130404067777, 'g_gpe_stn_mult': 0.16419704030672927, 'g_stn_gpi_mult': 2.2462920546275527, 'g_gpe_gpi_mult': 1.0869467622633877}. Best is trial 394 with value: 0.15554121280607974.
[I 2026-05-28 02:54:58,979] Trial 469 finished with value: 0.1795231903957236 and parameters: {'ISTN': 61.61089419069609, 'I_gpe': 1.1609697713136669, 'I_gpi': 2.1111410495130345, 'noise_stn_sigma': 4.083664582785335, 'noise_gpe_sigma': 89.46624178248285, 'noise_gpi_sigma': 111.53446426284945, 'g_stn_gpe_mult': 4.536095056822434, 'g_gpe_stn_mult': 0.15720250757765647, 'g_stn_gpi_mult': 2.250366220909254, 'g_gpe_gpi_mult': 1.0706306334375537}. Best is trial 394 with value: 0.15554121280607974.
[I 2026-05-28 02:54:59,988] Trial 470 finished with value: 0.19234229567498828 and parameters: {'ISTN': 62.097994924364464, 'I_gpe': 1.0564754153900022, 'I_gpi': 2.087339315622711, 'noise_stn_sigma': 3.8715203701119933, 'noise_gpe_sigma': 84.68124513063049, 'noise_gpi_sigma': 112.7434786281713, 'g_stn_gpe_mult': 4.563556952468618, 'g_gpe_stn_mult': 0.16199057003827322, 'g_stn_gpi_mult': 2.228718727743921, 'g_gpe_gpi_mult': 1.0510995359018558}. Best is trial 394 with value: 0.15554121280607974.
[I 2026-05-28 02:55:01,000] Trial 471 finished with value: 0.1919394901520517 and parameters: {'ISTN': 60.43482222995415, 'I_gpe': 1.369740405009681, 'I_gpi': 2.3731776656186705, 'noise_stn_sigma': 3.73166097833646, 'noise_gpe_sigma': 77.24448146033919, 'noise_gpi_sigma': 109.83624686602523, 'g_stn_gpe_mult': 4.54050420709257, 'g_gpe_stn_mult': 0.1563789585035517, 'g_stn_gpi_mult': 2.2287751338816437, 'g_gpe_gpi_mult': 0.9989040658616688}. Best is trial 394 with value: 0.15554121280607974.
[I 2026-05-28 02:55:02,011] Trial 472 finished with value: 0.9076153512298262 and parameters: {'ISTN': 61.25871158611231, 'I_gpe': 1.012448485850053, 'I_gpi': 2.0670814407794214, 'noise_stn_sigma': 4.2094164583157525, 'noise_gpe_sigma': 90.23190442110256, 'noise_gpi_sigma': 109.97718824572868, 'g_stn_gpe_mult': 4.503701116231412, 'g_gpe_stn_mult': 0.16360612544588596, 'g_stn_gpi_mult': 2.3285867003454945, 'g_gpe_gpi_mult': 1.0635162661353288}. Best is trial 394 with value: 0.15554121280607974.
[I 2026-05-28 02:55:03,019] Trial 473 finished with value: 0.17185708137325975 and parameters: {'ISTN': 60.80457157783529, 'I_gpe': 1.2176017438342321, 'I_gpi': 2.208031952995368, 'noise_stn_sigma': 3.623249945997214, 'noise_gpe_sigma': 82.90628746676433, 'noise_gpi_sigma': 111.3568546105199, 'g_stn_gpe_mult': 4.570001001094022, 'g_gpe_stn_mult': 0.164559279941308, 'g_stn_gpi_mult': 2.322824081221914, 'g_gpe_gpi_mult': 0.964547065034604}. Best is trial 394 with value: 0.15554121280607974.
[I 2026-05-28 02:55:04,027] Trial 474 finished with value: 0.18439349771608318 and parameters: {'ISTN': 61.86821108628849, 'I_gpe': 1.2426242178416989, 'I_gpi': 2.0281640636386857, 'noise_stn_sigma': 4.355060575918844, 'noise_gpe_sigma': 94.89558727809398, 'noise_gpi_sigma': 104.25437365745204, 'g_stn_gpe_mult': 4.722277535399614, 'g_gpe_stn_mult': 0.13548582542609983, 'g_stn_gpi_mult': 2.3755058246736387, 'g_gpe_gpi_mult': 1.0424097021448697}. Best is trial 394 with value: 0.15554121280607974.
[I 2026-05-28 02:55:05,036] Trial 475 finished with value: 0.2067207423923989 and parameters: {'ISTN': 61.24406719894461, 'I_gpe': 1.351367812200102, 'I_gpi': 2.167338382047612, 'noise_stn_sigma': 3.754925578788879, 'noise_gpe_sigma': 89.61697175649897, 'noise_gpi_sigma': 111.66439127328697, 'g_stn_gpe_mult': 4.5370606936142694, 'g_gpe_stn_mult': 0.1673018539919061, 'g_stn_gpi_mult': 2.1423592761098402, 'g_gpe_gpi_mult': 0.9965797712905153}. Best is trial 394 with value: 0.15554121280607974.
[I 2026-05-28 02:55:06,046] Trial 476 finished with value: 0.19290191480366822 and parameters: {'ISTN': 61.186545044090906, 'I_gpe': 1.3497831875578679, 'I_gpi': 2.123340030270895, 'noise_stn_sigma': 4.309698458462462, 'noise_gpe_sigma': 86.25210925705882, 'noise_gpi_sigma': 106.49179199117107, 'g_stn_gpe_mult': 4.548564408939014, 'g_gpe_stn_mult': 0.1478867936385861, 'g_stn_gpi_mult': 2.2997981662504015, 'g_gpe_gpi_mult': 1.033541351261878}. Best is trial 394 with value: 0.15554121280607974.
[I 2026-05-28 02:55:07,054] Trial 477 finished with value: 0.18091906999326968 and parameters: {'ISTN': 61.613853377293175, 'I_gpe': 1.1537430091741652, 'I_gpi': 2.226472923384677, 'noise_stn_sigma': 4.107599080863, 'noise_gpe_sigma': 86.44796997012627, 'noise_gpi_sigma': 110.31101308616668, 'g_stn_gpe_mult': 4.643704080834046, 'g_gpe_stn_mult': 0.1543457279016198, 'g_stn_gpi_mult': 2.3023345958880768, 'g_gpe_gpi_mult': 1.014156518433246}. Best is trial 394 with value: 0.15554121280607974.
[I 2026-05-28 02:55:08,064] Trial 478 finished with value: 0.1877419692835677 and parameters: {'ISTN': 62.929816356221096, 'I_gpe': 1.2164793706603398, 'I_gpi': 2.055743074050076, 'noise_stn_sigma': 3.8268943235115724, 'noise_gpe_sigma': 88.11723105791278, 'noise_gpi_sigma': 106.70034823625333, 'g_stn_gpe_mult': 4.463170302597135, 'g_gpe_stn_mult': 0.15826992122359643, 'g_stn_gpi_mult': 2.3111863622407327, 'g_gpe_gpi_mult': 1.0144762075217941}. Best is trial 394 with value: 0.15554121280607974.
[I 2026-05-28 02:55:09,072] Trial 479 finished with value: 0.1817461243499298 and parameters: {'ISTN': 62.374445235146275, 'I_gpe': 1.019650168437174, 'I_gpi': 2.2016807406262116, 'noise_stn_sigma': 3.9264281995822152, 'noise_gpe_sigma': 86.10429805990888, 'noise_gpi_sigma': 111.97740319396021, 'g_stn_gpe_mult': 4.539791076748843, 'g_gpe_stn_mult': 0.13347862532134083, 'g_stn_gpi_mult': 2.363541001480418, 'g_gpe_gpi_mult': 1.0597279573061944}. Best is trial 394 with value: 0.15554121280607974.
[I 2026-05-28 02:55:10,080] Trial 480 finished with value: 0.1722077231338477 and parameters: {'ISTN': 61.39031276980266, 'I_gpe': 1.289201057138742, 'I_gpi': 2.1612231579461287, 'noise_stn_sigma': 3.9848089533031104, 'noise_gpe_sigma': 86.39842834806436, 'noise_gpi_sigma': 111.51637090808163, 'g_stn_gpe_mult': 4.53228103469314, 'g_gpe_stn_mult': 0.1402845548983132, 'g_stn_gpi_mult': 2.36679165548035, 'g_gpe_gpi_mult': 0.9986812874097721}. Best is trial 394 with value: 0.15554121280607974.
[I 2026-05-28 02:55:11,092] Trial 481 finished with value: 0.1928290371608767 and parameters: {'ISTN': 61.24503153501124, 'I_gpe': 1.1027693321934813, 'I_gpi': 2.321657352416964, 'noise_stn_sigma': 3.92230256994257, 'noise_gpe_sigma': 80.2124676874221, 'noise_gpi_sigma': 114.6342391722649, 'g_stn_gpe_mult': 4.563759757236399, 'g_gpe_stn_mult': 0.16662194913601217, 'g_stn_gpi_mult': 2.162397834742838, 'g_gpe_gpi_mult': 0.9739570749168187}. Best is trial 394 with value: 0.15554121280607974.
[I 2026-05-28 02:55:12,101] Trial 482 finished with value: 0.2019750900933682 and parameters: {'ISTN': 62.33431130300372, 'I_gpe': 1.2549125080764205, 'I_gpi': 2.2665092045737203, 'noise_stn_sigma': 3.695112801375111, 'noise_gpe_sigma': 82.69726542554028, 'noise_gpi_sigma': 107.39514710003311, 'g_stn_gpe_mult': 4.5632436859241405, 'g_gpe_stn_mult': 0.15724033267227785, 'g_stn_gpi_mult': 2.304643827409992, 'g_gpe_gpi_mult': 0.9715105236850428}. Best is trial 394 with value: 0.15554121280607974.
[I 2026-05-28 02:55:13,111] Trial 483 finished with value: 0.19950190729912876 and parameters: {'ISTN': 61.00737469207161, 'I_gpe': 1.28187090119929, 'I_gpi': 2.2059468934643096, 'noise_stn_sigma': 4.032390212104476, 'noise_gpe_sigma': 85.66558043938583, 'noise_gpi_sigma': 112.8748954453069, 'g_stn_gpe_mult': 4.638945254903295, 'g_gpe_stn_mult': 0.16775963681714792, 'g_stn_gpi_mult': 2.3026120428939545, 'g_gpe_gpi_mult': 1.016014965893738}. Best is trial 394 with value: 0.15554121280607974.
