[I 2026-05-28 02:53:01,014] Trial 352 finished with value: 1.2932048601854103 and parameters: {'ISTN': 63.362871779903564, 'I_gpe': 1.0931295311266442, 'I_gpi': 1.8547613890611592, 'noise_stn_sigma': 4.647074201256277, 'noise_gpe_sigma': 89.47247122086898, 'noise_gpi_sigma': 99.24680751382145, 'g_stn_gpe_mult': 4.705624061660204, 'g_gpe_stn_mult': 0.1266560200983586, 'g_stn_gpi_mult': 2.2225380623944826, 'g_gpe_gpi_mult': 1.0748658668527606}. Best is trial 176 with value: 0.17629840528724414.
[I 2026-05-28 02:53:02,021] Trial 353 finished with value: 4.440945880562662 and parameters: {'ISTN': 64.58248840141451, 'I_gpe': 0.8976601541890165, 'I_gpi': 1.817952179583739, 'noise_stn_sigma': 4.61434351018559, 'noise_gpe_sigma': 80.73663601167296, 'noise_gpi_sigma': 104.24923808010762, 'g_stn_gpe_mult': 4.160086312285783, 'g_gpe_stn_mult': 0.17834929519082987, 'g_stn_gpi_mult': 2.2483170490136484, 'g_gpe_gpi_mult': 1.098724956024517}. Best is trial 176 with value: 0.17629840528724414.
[I 2026-05-28 02:53:03,029] Trial 354 finished with value: 3.1778373900561814 and parameters: {'ISTN': 67.97439425380986, 'I_gpe': 0.8917607436039461, 'I_gpi': 2.1400241756853813, 'noise_stn_sigma': 4.620322560098456, 'noise_gpe_sigma': 106.42395944102009, 'noise_gpi_sigma': 99.20958109175868, 'g_stn_gpe_mult': 4.819313169612992, 'g_gpe_stn_mult': 0.1255305551100731, 'g_stn_gpi_mult': 1.991870075765433, 'g_gpe_gpi_mult': 1.0035428530289732}. Best is trial 176 with value: 0.17629840528724414.
[I 2026-05-28 02:53:04,039] Trial 355 finished with value: 1.078756257031401 and parameters: {'ISTN': 64.64719128183036, 'I_gpe': 0.9898076638438058, 'I_gpi': 1.633078743344803, 'noise_stn_sigma': 4.408243357811619, 'noise_gpe_sigma': 94.41519927135101, 'noise_gpi_sigma': 108.48333392140506, 'g_stn_gpe_mult': 4.214637018043918, 'g_gpe_stn_mult': 0.21249727840395286, 'g_stn_gpi_mult': 2.0603362899557096, 'g_gpe_gpi_mult': 1.0904354505261638}. Best is trial 176 with value: 0.17629840528724414.
[I 2026-05-28 02:53:05,048] Trial 356 finished with value: 8.836939122373906 and parameters: {'ISTN': 68.3645762665911, 'I_gpe': 0.9777500181020342, 'I_gpi': 2.0798389065999006, 'noise_stn_sigma': 4.217972572120265, 'noise_gpe_sigma': 81.37451774714745, 'noise_gpi_sigma': 112.21796278885856, 'g_stn_gpe_mult': 4.822958131390367, 'g_gpe_stn_mult': 0.20479507187359963, 'g_stn_gpi_mult': 2.2161034374732784, 'g_gpe_gpi_mult': 1.1038679291888311}. Best is trial 176 with value: 0.17629840528724414.
[I 2026-05-28 02:53:06,057] Trial 357 finished with value: 3.126944274305329 and parameters: {'ISTN': 60.52384512716895, 'I_gpe': 0.7887409056284447, 'I_gpi': 1.7498366320057948, 'noise_stn_sigma': 4.945564187503603, 'noise_gpe_sigma': 80.19740689201643, 'noise_gpi_sigma': 117.15627315589616, 'g_stn_gpe_mult': 4.130205583496673, 'g_gpe_stn_mult': 0.2830164397977571, 'g_stn_gpi_mult': 2.380101965021473, 'g_gpe_gpi_mult': 1.0971541820001645}. Best is trial 176 with value: 0.17629840528724414.
[I 2026-05-28 02:53:07,067] Trial 358 finished with value: 0.4027572072239697 and parameters: {'ISTN': 61.89354481379254, 'I_gpe': 1.3845654526119298, 'I_gpi': 2.0764510206732805, 'noise_stn_sigma': 3.645173656578014, 'noise_gpe_sigma': 79.42626306333462, 'noise_gpi_sigma': 105.69941736458432, 'g_stn_gpe_mult': 4.367944208880703, 'g_gpe_stn_mult': 0.10053030908332149, 'g_stn_gpi_mult': 2.132576943192508, 'g_gpe_gpi_mult': 1.186018310277423}. Best is trial 176 with value: 0.17629840528724414.
[I 2026-05-28 02:53:08,077] Trial 359 finished with value: 0.48591728069713247 and parameters: {'ISTN': 68.02857356720183, 'I_gpe': 1.0783290643987513, 'I_gpi': 2.2036251876195543, 'noise_stn_sigma': 4.427332804238976, 'noise_gpe_sigma': 74.45122645546003, 'noise_gpi_sigma': 111.60554312643998, 'g_stn_gpe_mult': 4.436461746060677, 'g_gpe_stn_mult': 0.12350038209300224, 'g_stn_gpi_mult': 2.1201796702458893, 'g_gpe_gpi_mult': 1.0562334318322901}. Best is trial 176 with value: 0.17629840528724414.
[I 2026-05-28 02:53:09,085] Trial 360 finished with value: 0.17569692917562982 and parameters: {'ISTN': 60.583501072352306, 'I_gpe': 1.014060392750702, 'I_gpi': 1.8107133286427644, 'noise_stn_sigma': 3.6298837360090697, 'noise_gpe_sigma': 81.62971705745937, 'noise_gpi_sigma': 104.24153080169638, 'g_stn_gpe_mult': 4.707183133997667, 'g_gpe_stn_mult': 0.16898387987705799, 'g_stn_gpi_mult': 2.6852744577485983, 'g_gpe_gpi_mult': 0.9660008277860372}. Best is trial 360 with value: 0.17569692917562982.
[I 2026-05-28 02:53:10,095] Trial 361 finished with value: 0.2776984779074401 and parameters: {'ISTN': 63.215431679853026, 'I_gpe': 0.7425794368317071, 'I_gpi': 1.7099546879803262, 'noise_stn_sigma': 4.135207061582674, 'noise_gpe_sigma': 81.82551703338149, 'noise_gpi_sigma': 111.45891354201329, 'g_stn_gpe_mult': 4.379404035248216, 'g_gpe_stn_mult': 0.11026087419537511, 'g_stn_gpi_mult': 2.543049692264299, 'g_gpe_gpi_mult': 1.009991600672842}. Best is trial 360 with value: 0.17569692917562982.
[I 2026-05-28 02:53:11,106] Trial 362 finished with value: 0.16503775774091706 and parameters: {'ISTN': 62.50990420371914, 'I_gpe': 1.1255230249864994, 'I_gpi': 2.1184604790668464, 'noise_stn_sigma': 3.8753250964391097, 'noise_gpe_sigma': 85.3043144691489, 'noise_gpi_sigma': 105.59016498526042, 'g_stn_gpe_mult': 4.5469327933037444, 'g_gpe_stn_mult': 0.10889769999374932, 'g_stn_gpi_mult': 2.3024420355586255, 'g_gpe_gpi_mult': 1.1431810546378782}. Best is trial 362 with value: 0.16503775774091706.
[I 2026-05-28 02:53:12,118] Trial 363 finished with value: 0.4961744204665144 and parameters: {'ISTN': 61.96050075161358, 'I_gpe': 1.3504451107968982, 'I_gpi': 2.1630844190014837, 'noise_stn_sigma': 3.924665115991756, 'noise_gpe_sigma': 98.4806241933826, 'noise_gpi_sigma': 103.5978237851907, 'g_stn_gpe_mult': 4.558158683305717, 'g_gpe_stn_mult': 0.14497069487327505, 'g_stn_gpi_mult': 2.014748303038616, 'g_gpe_gpi_mult': 1.1425337545761511}. Best is trial 362 with value: 0.16503775774091706.
[I 2026-05-28 02:53:13,127] Trial 364 finished with value: 0.3269973886732689 and parameters: {'ISTN': 61.621003058010864, 'I_gpe': 0.9326181478552001, 'I_gpi': 1.791341843856208, 'noise_stn_sigma': 3.9119390217974317, 'noise_gpe_sigma': 88.94208735350989, 'noise_gpi_sigma': 117.99133024409635, 'g_stn_gpe_mult': 4.76861730664579, 'g_gpe_stn_mult': 0.11948518437090679, 'g_stn_gpi_mult': 2.5193288928318953, 'g_gpe_gpi_mult': 0.9859883182009506}. Best is trial 362 with value: 0.16503775774091706.
[I 2026-05-28 02:53:14,138] Trial 365 finished with value: 0.31005019449964527 and parameters: {'ISTN': 65.10195580384662, 'I_gpe': 1.2749932678757556, 'I_gpi': 1.8467675370426102, 'noise_stn_sigma': 4.023955393420801, 'noise_gpe_sigma': 86.44159639775549, 'noise_gpi_sigma': 112.93632224899345, 'g_stn_gpe_mult': 4.470129302053305, 'g_gpe_stn_mult': 0.1644565940116054, 'g_stn_gpi_mult': 2.078228077076696, 'g_gpe_gpi_mult': 1.0588206417418267}. Best is trial 362 with value: 0.16503775774091706.
[I 2026-05-28 02:53:15,147] Trial 366 finished with value: 0.20079138049653178 and parameters: {'ISTN': 63.090431908853866, 'I_gpe': 1.0514270456306551, 'I_gpi': 1.8583225024365453, 'noise_stn_sigma': 4.870806404467022, 'noise_gpe_sigma': 96.30838059161013, 'noise_gpi_sigma': 105.6111674031191, 'g_stn_gpe_mult': 4.582470018186502, 'g_gpe_stn_mult': 0.1487119892970524, 'g_stn_gpi_mult': 2.4476274148988377, 'g_gpe_gpi_mult': 1.0476549848509993}. Best is trial 362 with value: 0.16503775774091706.
[I 2026-05-28 02:53:16,156] Trial 367 finished with value: 0.8290811935084004 and parameters: {'ISTN': 62.102495963879974, 'I_gpe': 0.9978852976712843, 'I_gpi': 1.894761270386694, 'noise_stn_sigma': 3.6653198998128484, 'noise_gpe_sigma': 83.05013706399109, 'noise_gpi_sigma': 114.7062056326553, 'g_stn_gpe_mult': 4.391081535984931, 'g_gpe_stn_mult': 0.11138046226835081, 'g_stn_gpi_mult': 2.4786059468718245, 'g_gpe_gpi_mult': 1.019452160870036}. Best is trial 362 with value: 0.16503775774091706.
[I 2026-05-28 02:53:17,165] Trial 368 finished with value: 0.41366206131512695 and parameters: {'ISTN': 66.17239419338077, 'I_gpe': 1.0416413450199877, 'I_gpi': 1.7101492012436066, 'noise_stn_sigma': 3.8393031500781003, 'noise_gpe_sigma': 81.86266588708249, 'noise_gpi_sigma': 116.3584829226195, 'g_stn_gpe_mult': 4.973492110443177, 'g_gpe_stn_mult': 0.1743419641312674, 'g_stn_gpi_mult': 2.192408554754705, 'g_gpe_gpi_mult': 1.0960615533295968}. Best is trial 362 with value: 0.16503775774091706.
[I 2026-05-28 02:53:18,172] Trial 369 finished with value: 0.23445377258498926 and parameters: {'ISTN': 62.26450709628799, 'I_gpe': 1.2654047888559972, 'I_gpi': 1.7270810245323835, 'noise_stn_sigma': 3.9706993491351397, 'noise_gpe_sigma': 90.85246058739602, 'noise_gpi_sigma': 109.26142472420888, 'g_stn_gpe_mult': 4.677621277095192, 'g_gpe_stn_mult': 0.14450281627848763, 'g_stn_gpi_mult': 2.6593295136262856, 'g_gpe_gpi_mult': 1.0267848895888676}. Best is trial 362 with value: 0.16503775774091706.
[I 2026-05-28 02:53:19,181] Trial 370 finished with value: 0.2941741260567195 and parameters: {'ISTN': 65.8371384912911, 'I_gpe': 1.343526883924581, 'I_gpi': 2.3732849541443546, 'noise_stn_sigma': 3.679181245874726, 'noise_gpe_sigma': 68.18340042773971, 'noise_gpi_sigma': 104.91130788314949, 'g_stn_gpe_mult': 4.290513589225904, 'g_gpe_stn_mult': 0.14207541798900836, 'g_stn_gpi_mult': 2.1715663007403454, 'g_gpe_gpi_mult': 1.1296229171525385}. Best is trial 362 with value: 0.16503775774091706.
[I 2026-05-28 02:53:20,189] Trial 371 finished with value: 0.3127761559217439 and parameters: {'ISTN': 64.37118657838765, 'I_gpe': 0.9384500221251496, 'I_gpi': 1.8685530595595932, 'noise_stn_sigma': 4.347089948982186, 'noise_gpe_sigma': 90.91000057361109, 'noise_gpi_sigma': 100.13419443863722, 'g_stn_gpe_mult': 4.174574382392591, 'g_gpe_stn_mult': 0.13473701471892016, 'g_stn_gpi_mult': 2.36641744151359, 'g_gpe_gpi_mult': 1.0670580379742585}. Best is trial 362 with value: 0.16503775774091706.
[I 2026-05-28 02:53:21,199] Trial 372 finished with value: 1.0718343839807847 and parameters: {'ISTN': 65.5456263438044, 'I_gpe': 1.0031176493067204, 'I_gpi': 1.9914475411649224, 'noise_stn_sigma': 4.096085852658255, 'noise_gpe_sigma': 82.13005599124097, 'noise_gpi_sigma': 112.48669709946233, 'g_stn_gpe_mult': 4.64858769707873, 'g_gpe_stn_mult': 0.11197941509805959, 'g_stn_gpi_mult': 2.523752958582362, 'g_gpe_gpi_mult': 1.1203816338514712}. Best is trial 362 with value: 0.16503775774091706.
[I 2026-05-28 02:53:22,207] Trial 373 finished with value: 1.1971267971203599 and parameters: {'ISTN': 61.74198469286834, 'I_gpe': 0.9597116445837136, 'I_gpi': 2.3058759708440926, 'noise_stn_sigma': 4.717061413057259, 'noise_gpe_sigma': 75.69962549640064, 'noise_gpi_sigma': 119.40907263739119, 'g_stn_gpe_mult': 4.789031354425685, 'g_gpe_stn_mult': 0.1700325162158857, 'g_stn_gpi_mult': 2.499600118432586, 'g_gpe_gpi_mult': 1.1163877204046762}. Best is trial 362 with value: 0.16503775774091706.
[I 2026-05-28 02:53:23,217] Trial 374 finished with value: 0.2156682837079287 and parameters: {'ISTN': 64.49941233941236, 'I_gpe': 0.9741273450088308, 'I_gpi': 2.0856611252803874, 'noise_stn_sigma': 3.8727027144449755, 'noise_gpe_sigma': 87.66409011585279, 'noise_gpi_sigma': 103.56614086283606, 'g_stn_gpe_mult': 4.2674454373522845, 'g_gpe_stn_mult': 0.1183624718867508, 'g_stn_gpi_mult': 2.6570846212681425, 'g_gpe_gpi_mult': 1.0923112472155094}. Best is trial 362 with value: 0.16503775774091706.
[I 2026-05-28 02:53:24,230] Trial 375 finished with value: 0.19808285963196548 and parameters: {'ISTN': 63.64348580061071, 'I_gpe': 1.0627309176435347, 'I_gpi': 2.0418982094020235, 'noise_stn_sigma': 4.210902846113381, 'noise_gpe_sigma': 86.47975656678365, 'noise_gpi_sigma': 112.45314807291427, 'g_stn_gpe_mult': 4.662465337234278, 'g_gpe_stn_mult': 0.13842003433699035, 'g_stn_gpi_mult': 2.4710542915617366, 'g_gpe_gpi_mult': 1.1359772381795916}. Best is trial 362 with value: 0.16503775774091706.
[I 2026-05-28 02:53:25,241] Trial 376 finished with value: 0.41052894468744233 and parameters: {'ISTN': 62.96389506647453, 'I_gpe': 1.4033605354025385, 'I_gpi': 1.760113819045664, 'noise_stn_sigma': 4.342822320660208, 'noise_gpe_sigma': 87.84934904282346, 'noise_gpi_sigma': 100.27880388012294, 'g_stn_gpe_mult': 4.742094527841971, 'g_gpe_stn_mult': 0.12753887672828945, 'g_stn_gpi_mult': 2.3718933402800975, 'g_gpe_gpi_mult': 1.0602690952000275}. Best is trial 362 with value: 0.16503775774091706.
[I 2026-05-28 02:53:26,252] Trial 377 finished with value: 0.19638633920536006 and parameters: {'ISTN': 61.11258430390891, 'I_gpe': 1.1381553618788856, 'I_gpi': 1.8628757200045487, 'noise_stn_sigma': 4.277346325698815, 'noise_gpe_sigma': 99.74070766915693, 'noise_gpi_sigma': 113.58110001286323, 'g_stn_gpe_mult': 4.802557523566526, 'g_gpe_stn_mult': 0.15076045826186546, 'g_stn_gpi_mult': 2.342826418685286, 'g_gpe_gpi_mult': 1.0296593518408672}. Best is trial 362 with value: 0.16503775774091706.
[I 2026-05-28 02:53:27,263] Trial 378 finished with value: 0.21255214358180352 and parameters: {'ISTN': 63.25274965636024, 'I_gpe': 0.8575004732457053, 'I_gpi': 1.974091466048753, 'noise_stn_sigma': 4.268657988085456, 'noise_gpe_sigma': 94.39775032113937, 'noise_gpi_sigma': 103.86116213495937, 'g_stn_gpe_mult': 4.425024343935549, 'g_gpe_stn_mult': 0.14034284355006665, 'g_stn_gpi_mult': 2.6315880824706195, 'g_gpe_gpi_mult': 1.1064124516059202}. Best is trial 362 with value: 0.16503775774091706.
[I 2026-05-28 02:53:28,273] Trial 379 finished with value: 0.9518912026288534 and parameters: {'ISTN': 61.31499042298527, 'I_gpe': 1.0615183205741185, 'I_gpi': 1.979632385378526, 'noise_stn_sigma': 4.623726855830499, 'noise_gpe_sigma': 86.78591965702051, 'noise_gpi_sigma': 108.24478604833679, 'g_stn_gpe_mult': 4.603726894328423, 'g_gpe_stn_mult': 0.10333560538779858, 'g_stn_gpi_mult': 2.175878300586806, 'g_gpe_gpi_mult': 1.1574432272174757}. Best is trial 362 with value: 0.16503775774091706.
[I 2026-05-28 02:53:29,284] Trial 380 finished with value: 0.19279463986063206 and parameters: {'ISTN': 61.34762692975058, 'I_gpe': 1.2493050885229717, 'I_gpi': 2.0895053805551234, 'noise_stn_sigma': 3.7910505156219663, 'noise_gpe_sigma': 77.60731796170755, 'noise_gpi_sigma': 110.20587119188748, 'g_stn_gpe_mult': 4.746052341846567, 'g_gpe_stn_mult': 0.17811067157422683, 'g_stn_gpi_mult': 2.2841425833365405, 'g_gpe_gpi_mult': 1.114652449417761}. Best is trial 362 with value: 0.16503775774091706.
[I 2026-05-28 02:53:30,295] Trial 381 finished with value: 0.1785225557742733 and parameters: {'ISTN': 62.85392451761536, 'I_gpe': 1.080566925412088, 'I_gpi': 2.196178232861511, 'noise_stn_sigma': 4.078590630525312, 'noise_gpe_sigma': 88.22433639595926, 'noise_gpi_sigma': 115.20307661926148, 'g_stn_gpe_mult': 4.7318009267388295, 'g_gpe_stn_mult': 0.11570787594186764, 'g_stn_gpi_mult': 2.274066583378782, 'g_gpe_gpi_mult': 1.115364930039522}. Best is trial 362 with value: 0.16503775774091706.
[I 2026-05-28 02:53:31,302] Trial 382 finished with value: 0.2025894173652295 and parameters: {'ISTN': 63.63870895535035, 'I_gpe': 0.9548464854288823, 'I_gpi': 2.03755732263756, 'noise_stn_sigma': 4.449739598531907, 'noise_gpe_sigma': 97.32318574974829, 'noise_gpi_sigma': 114.23409311612805, 'g_stn_gpe_mult': 4.4141792081259545, 'g_gpe_stn_mult': 0.16527182427819992, 'g_stn_gpi_mult': 2.3054388657286013, 'g_gpe_gpi_mult': 1.1095083778707073}. Best is trial 362 with value: 0.16503775774091706.
[I 2026-05-28 02:53:32,311] Trial 383 finished with value: 0.31714541315455996 and parameters: {'ISTN': 65.72658954154298, 'I_gpe': 1.1395890382952, 'I_gpi': 2.2139934632647003, 'noise_stn_sigma': 4.150942088631981, 'noise_gpe_sigma': 79.44813436487537, 'noise_gpi_sigma': 113.03368599253825, 'g_stn_gpe_mult': 4.4239354578759755, 'g_gpe_stn_mult': 0.16643280238060426, 'g_stn_gpi_mult': 2.45171759135963, 'g_gpe_gpi_mult': 0.9961300652738752}. Best is trial 362 with value: 0.16503775774091706.
[I 2026-05-28 02:53:33,321] Trial 384 finished with value: 0.19507685902360106 and parameters: {'ISTN': 63.22196110870975, 'I_gpe': 1.0682328380275274, 'I_gpi': 2.0652762542160357, 'noise_stn_sigma': 4.058132538743003, 'noise_gpe_sigma': 80.08216829029934, 'noise_gpi_sigma': 113.73040597067205, 'g_stn_gpe_mult': 4.933738036806391, 'g_gpe_stn_mult': 0.16040258592353696, 'g_stn_gpi_mult': 2.3448910678849226, 'g_gpe_gpi_mult': 1.02659445107619}. Best is trial 362 with value: 0.16503775774091706.
[I 2026-05-28 02:53:34,330] Trial 385 finished with value: 0.18367609589374184 and parameters: {'ISTN': 61.380794242001826, 'I_gpe': 1.041811334835156, 'I_gpi': 2.2619995725686834, 'noise_stn_sigma': 4.36155600503518, 'noise_gpe_sigma': 84.88540888715386, 'noise_gpi_sigma': 109.6829943942458, 'g_stn_gpe_mult': 4.958196867111658, 'g_gpe_stn_mult': 0.1484809053424754, 'g_stn_gpi_mult': 2.517285204783241, 'g_gpe_gpi_mult': 1.1179953917522845}. Best is trial 362 with value: 0.16503775774091706.
[I 2026-05-28 02:53:35,339] Trial 386 finished with value: 0.27769778024824987 and parameters: {'ISTN': 65.12334900368238, 'I_gpe': 1.4628928696798524, 'I_gpi': 2.470060765172711, 'noise_stn_sigma': 3.7794082588041453, 'noise_gpe_sigma': 80.7188337050348, 'noise_gpi_sigma': 107.28626228156392, 'g_stn_gpe_mult': 4.631044635589982, 'g_gpe_stn_mult': 0.12606632482323427, 'g_stn_gpi_mult': 2.287527350682168, 'g_gpe_gpi_mult': 1.199223430533332}. Best is trial 362 with value: 0.16503775774091706.
[I 2026-05-28 02:53:36,349] Trial 387 finished with value: 0.2348586818780438 and parameters: {'ISTN': 60.356851436514575, 'I_gpe': 1.2685666930938302, 'I_gpi': 1.9643389785789764, 'noise_stn_sigma': 4.271121839114967, 'noise_gpe_sigma': 93.98927748091782, 'noise_gpi_sigma': 117.2506452557976, 'g_stn_gpe_mult': 4.716181688847665, 'g_gpe_stn_mult': 0.14584456691561043, 'g_stn_gpi_mult': 2.3817587364667974, 'g_gpe_gpi_mult': 1.1112520287353196}. Best is trial 362 with value: 0.16503775774091706.
[I 2026-05-28 02:53:37,359] Trial 388 finished with value: 0.19991524063376132 and parameters: {'ISTN': 61.39936808848897, 'I_gpe': 0.9313630747402362, 'I_gpi': 1.7906678535329816, 'noise_stn_sigma': 3.21617481525167, 'noise_gpe_sigma': 83.13813823202102, 'noise_gpi_sigma': 117.52821328751351, 'g_stn_gpe_mult': 4.754649912432539, 'g_gpe_stn_mult': 0.1610674122157414, 'g_stn_gpi_mult': 2.6061874631146744, 'g_gpe_gpi_mult': 1.0418107131839869}. Best is trial 362 with value: 0.16503775774091706.
[I 2026-05-28 02:53:38,367] Trial 389 finished with value: 0.28260694716932444 and parameters: {'ISTN': 65.06069539934802, 'I_gpe': 0.9651722278566806, 'I_gpi': 1.7966025662233336, 'noise_stn_sigma': 3.637930263487186, 'noise_gpe_sigma': 93.1121238460067, 'noise_gpi_sigma': 110.42476389284441, 'g_stn_gpe_mult': 4.696974875849665, 'g_gpe_stn_mult': 0.17502113341607728, 'g_stn_gpi_mult': 2.597726498218898, 'g_gpe_gpi_mult': 1.0802030161467833}. Best is trial 362 with value: 0.16503775774091706.
[I 2026-05-28 02:53:39,377] Trial 390 finished with value: 0.19883690246867824 and parameters: {'ISTN': 60.40660508351075, 'I_gpe': 1.21255884099974, 'I_gpi': 1.8059340575061769, 'noise_stn_sigma': 4.483493657551847, 'noise_gpe_sigma': 88.676515012864, 'noise_gpi_sigma': 105.42661468974129, 'g_stn_gpe_mult': 4.677354204387543, 'g_gpe_stn_mult': 0.21223494156665673, 'g_stn_gpi_mult': 2.6236415071971284, 'g_gpe_gpi_mult': 0.988427073063918}. Best is trial 362 with value: 0.16503775774091706.
[I 2026-05-28 02:53:40,388] Trial 391 finished with value: 0.1977835706344752 and parameters: {'ISTN': 61.59577900393755, 'I_gpe': 0.8888263324272678, 'I_gpi': 2.021167147261236, 'noise_stn_sigma': 3.8937498006264235, 'noise_gpe_sigma': 79.02425011131265, 'noise_gpi_sigma': 116.10443362207666, 'g_stn_gpe_mult': 4.600563078989853, 'g_gpe_stn_mult': 0.15427785125249918, 'g_stn_gpi_mult': 2.662862323080409, 'g_gpe_gpi_mult': 1.0155741182716507}. Best is trial 362 with value: 0.16503775774091706.
[I 2026-05-28 02:53:41,397] Trial 392 finished with value: 0.2891531779194955 and parameters: {'ISTN': 67.55854701440296, 'I_gpe': 0.9925929849590596, 'I_gpi': 2.216929007260764, 'noise_stn_sigma': 4.0539557479915445, 'noise_gpe_sigma': 88.47832710795673, 'noise_gpi_sigma': 108.91104312998009, 'g_stn_gpe_mult': 4.426788732566301, 'g_gpe_stn_mult': 0.1262269120413485, 'g_stn_gpi_mult': 2.7879537624078927, 'g_gpe_gpi_mult': 0.9797834023077436}. Best is trial 362 with value: 0.16503775774091706.
[I 2026-05-28 02:53:42,406] Trial 393 finished with value: 0.21802107853777064 and parameters: {'ISTN': 66.67391790952166, 'I_gpe': 1.043581008939353, 'I_gpi': 1.910609445922219, 'noise_stn_sigma': 4.200873511077058, 'noise_gpe_sigma': 87.76040505326576, 'noise_gpi_sigma': 113.83310705036382, 'g_stn_gpe_mult': 4.82665338135288, 'g_gpe_stn_mult': 0.10984448371727874, 'g_stn_gpi_mult': 2.581840359287126, 'g_gpe_gpi_mult': 1.0733807131781112}. Best is trial 362 with value: 0.16503775774091706.
[I 2026-05-28 02:53:43,416] Trial 394 finished with value: 0.15554121280607974 and parameters: {'ISTN': 61.60045439214696, 'I_gpe': 1.032049783083377, 'I_gpi': 2.125260081902139, 'noise_stn_sigma': 3.5560499775955674, 'noise_gpe_sigma': 93.04838426598437, 'noise_gpi_sigma': 110.05237173995225, 'g_stn_gpe_mult': 4.672258893396599, 'g_gpe_stn_mult': 0.15039244141489536, 'g_stn_gpi_mult': 2.43350387932778, 'g_gpe_gpi_mult': 1.141181384732427}. Best is trial 394 with value: 0.15554121280607974.
[I 2026-05-28 02:53:44,425] Trial 395 finished with value: 0.2379252295416083 and parameters: {'ISTN': 60.93039338595507, 'I_gpe': 0.9688655328116816, 'I_gpi': 1.6739472639778743, 'noise_stn_sigma': 5.234122270270005, 'noise_gpe_sigma': 79.23819407527748, 'noise_gpi_sigma': 113.25268890501135, 'g_stn_gpe_mult': 4.569905539925331, 'g_gpe_stn_mult': 0.14281706112552933, 'g_stn_gpi_mult': 2.607987458867723, 'g_gpe_gpi_mult': 1.1025739198104554}. Best is trial 394 with value: 0.15554121280607974.
