[I 2026-05-28 04:00:59,785] Trial 352 finished with value: 0.15966484885234078 and parameters: {'ISTN': 60.82491152073903, 'I_gpe': 0.9370541372875902, 'I_gpi': 2.1467786109850167, 'noise_stn_sigma': 2.6051052987097574, 'noise_gpe_sigma': 98.69404823150143, 'noise_gpi_sigma': 86.26303603067672, 'g_stn_gpe_mult': 3.2767500558530123, 'g_gpe_stn_mult': 0.17451450090807433, 'g_stn_gpi_mult': 2.192613864264216, 'g_gpe_gpi_mult': 0.4129319055311882}. Best is trial 342 with value: 0.1360392895945436.
[I 2026-05-28 04:01:00,791] Trial 353 finished with value: 0.16488505293957909 and parameters: {'ISTN': 61.7216256391603, 'I_gpe': 1.0211462662656898, 'I_gpi': 2.267514705519754, 'noise_stn_sigma': 2.2663419092911905, 'noise_gpe_sigma': 96.5829844586056, 'noise_gpi_sigma': 84.29808705537545, 'g_stn_gpe_mult': 3.3379765327618, 'g_gpe_stn_mult': 0.16531339998569194, 'g_stn_gpi_mult': 2.2151479755875156, 'g_gpe_gpi_mult': 0.38755538975000997}. Best is trial 342 with value: 0.1360392895945436.
[I 2026-05-28 04:01:01,797] Trial 354 finished with value: 0.1596536938421245 and parameters: {'ISTN': 61.84289470449187, 'I_gpe': 1.2154164565591108, 'I_gpi': 2.0483465962572343, 'noise_stn_sigma': 2.4692303900634567, 'noise_gpe_sigma': 100.57179725884191, 'noise_gpi_sigma': 83.22641788127481, 'g_stn_gpe_mult': 3.395994500143684, 'g_gpe_stn_mult': 0.16782378732854566, 'g_stn_gpi_mult': 2.154172746044937, 'g_gpe_gpi_mult': 0.41069872696285226}. Best is trial 342 with value: 0.1360392895945436.
[I 2026-05-28 04:01:02,801] Trial 355 finished with value: 0.13989022202833873 and parameters: {'ISTN': 60.91343132001215, 'I_gpe': 1.1141326653234334, 'I_gpi': 2.0605993774294338, 'noise_stn_sigma': 2.558811877935809, 'noise_gpe_sigma': 96.1530828532518, 'noise_gpi_sigma': 83.82677651055471, 'g_stn_gpe_mult': 3.2741403193351473, 'g_gpe_stn_mult': 0.15876292803903225, 'g_stn_gpi_mult': 2.2560234271195094, 'g_gpe_gpi_mult': 0.3764176639568174}. Best is trial 342 with value: 0.1360392895945436.
[I 2026-05-28 04:01:03,806] Trial 356 finished with value: 0.15770704139443822 and parameters: {'ISTN': 62.068912494526444, 'I_gpe': 1.0592386314971618, 'I_gpi': 2.015720874304202, 'noise_stn_sigma': 2.4850619831517804, 'noise_gpe_sigma': 100.35151962627276, 'noise_gpi_sigma': 80.07952145218268, 'g_stn_gpe_mult': 3.3432085421583455, 'g_gpe_stn_mult': 0.16059371339596362, 'g_stn_gpi_mult': 2.3962822585640287, 'g_gpe_gpi_mult': 0.4166775316760659}. Best is trial 342 with value: 0.1360392895945436.
[I 2026-05-28 04:01:04,810] Trial 357 finished with value: 0.15865909222539526 and parameters: {'ISTN': 61.7493544884963, 'I_gpe': 1.2235754564355688, 'I_gpi': 1.9776614063674645, 'noise_stn_sigma': 2.700985991636057, 'noise_gpe_sigma': 95.04158891287865, 'noise_gpi_sigma': 83.1630857182897, 'g_stn_gpe_mult': 3.5147253894944406, 'g_gpe_stn_mult': 0.16448458654177758, 'g_stn_gpi_mult': 2.399487875563525, 'g_gpe_gpi_mult': 0.3924426724386717}. Best is trial 342 with value: 0.1360392895945436.
[I 2026-05-28 04:01:05,815] Trial 358 finished with value: 0.1760840685707007 and parameters: {'ISTN': 61.947016937589225, 'I_gpe': 1.0364192844761, 'I_gpi': 1.9429930068780628, 'noise_stn_sigma': 2.6099771393768725, 'noise_gpe_sigma': 102.52371798635336, 'noise_gpi_sigma': 81.65551299630528, 'g_stn_gpe_mult': 3.376979814454833, 'g_gpe_stn_mult': 0.19132957150552796, 'g_stn_gpi_mult': 2.2258882447400556, 'g_gpe_gpi_mult': 0.4266494584782603}. Best is trial 342 with value: 0.1360392895945436.
[I 2026-05-28 04:01:06,821] Trial 359 finished with value: 0.15102562312952592 and parameters: {'ISTN': 60.36799330907139, 'I_gpe': 1.0926377212442637, 'I_gpi': 2.157436140402738, 'noise_stn_sigma': 2.7681665967941003, 'noise_gpe_sigma': 96.22555349878091, 'noise_gpi_sigma': 89.15119046821246, 'g_stn_gpe_mult': 3.471146812702923, 'g_gpe_stn_mult': 0.1877952175441021, 'g_stn_gpi_mult': 2.156756441515843, 'g_gpe_gpi_mult': 0.3861414866174621}. Best is trial 342 with value: 0.1360392895945436.
[I 2026-05-28 04:01:07,823] Trial 360 finished with value: 0.17582502217900728 and parameters: {'ISTN': 62.58902892607038, 'I_gpe': 1.0291886746212664, 'I_gpi': 1.9284586305280924, 'noise_stn_sigma': 2.968481323588704, 'noise_gpe_sigma': 98.32625482125736, 'noise_gpi_sigma': 88.71409270734118, 'g_stn_gpe_mult': 3.48684845118615, 'g_gpe_stn_mult': 0.14973368066667125, 'g_stn_gpi_mult': 2.219155761747774, 'g_gpe_gpi_mult': 0.41721787968270496}. Best is trial 342 with value: 0.1360392895945436.
[I 2026-05-28 04:01:08,830] Trial 361 finished with value: 0.1796092578776644 and parameters: {'ISTN': 64.07435039621878, 'I_gpe': 1.12688661667582, 'I_gpi': 2.047470435691534, 'noise_stn_sigma': 2.3603308825457625, 'noise_gpe_sigma': 95.80309461026799, 'noise_gpi_sigma': 83.51699552104326, 'g_stn_gpe_mult': 3.131074786136974, 'g_gpe_stn_mult': 0.14548378423900069, 'g_stn_gpi_mult': 2.298964147020081, 'g_gpe_gpi_mult': 0.4080013251158941}. Best is trial 342 with value: 0.1360392895945436.
[I 2026-05-28 04:01:09,834] Trial 362 finished with value: 0.7293807626441008 and parameters: {'ISTN': 60.44272338392249, 'I_gpe': 1.1172128777838608, 'I_gpi': 2.0271870508517305, 'noise_stn_sigma': 2.773819689202769, 'noise_gpe_sigma': 96.34728274972461, 'noise_gpi_sigma': 85.31997297380005, 'g_stn_gpe_mult': 3.426323502560045, 'g_gpe_stn_mult': 0.14844198170751288, 'g_stn_gpi_mult': 2.362291158531151, 'g_gpe_gpi_mult': 0.36349324464856037}. Best is trial 342 with value: 0.1360392895945436.
[I 2026-05-28 04:01:10,840] Trial 363 finished with value: 0.3611438310295755 and parameters: {'ISTN': 60.41415328571057, 'I_gpe': 1.0081028676585666, 'I_gpi': 1.9515704072195872, 'noise_stn_sigma': 2.6435531947931157, 'noise_gpe_sigma': 100.7327969907886, 'noise_gpi_sigma': 75.61527211119974, 'g_stn_gpe_mult': 3.5006262021682484, 'g_gpe_stn_mult': 0.16284792152267608, 'g_stn_gpi_mult': 2.2326065577038783, 'g_gpe_gpi_mult': 0.417595487978711}. Best is trial 342 with value: 0.1360392895945436.
[I 2026-05-28 04:01:11,845] Trial 364 finished with value: 0.14223108838245366 and parameters: {'ISTN': 60.41087952639578, 'I_gpe': 1.1532944437770491, 'I_gpi': 1.9476599149871041, 'noise_stn_sigma': 2.6682186384968998, 'noise_gpe_sigma': 100.82858436154534, 'noise_gpi_sigma': 80.21038062359526, 'g_stn_gpe_mult': 3.3256243628379565, 'g_gpe_stn_mult': 0.17486823768211313, 'g_stn_gpi_mult': 2.3146606025400756, 'g_gpe_gpi_mult': 0.38757048277034534}. Best is trial 342 with value: 0.1360392895945436.
[I 2026-05-28 04:01:12,849] Trial 365 finished with value: 0.16500473224991227 and parameters: {'ISTN': 62.6267457836932, 'I_gpe': 1.2751305097530712, 'I_gpi': 2.049261356863018, 'noise_stn_sigma': 2.502629388396402, 'noise_gpe_sigma': 102.14134876150794, 'noise_gpi_sigma': 84.87921995167147, 'g_stn_gpe_mult': 3.268808238864398, 'g_gpe_stn_mult': 0.14920229740273827, 'g_stn_gpi_mult': 2.3292132604707554, 'g_gpe_gpi_mult': 0.39730062226196516}. Best is trial 342 with value: 0.1360392895945436.
[I 2026-05-28 04:01:13,853] Trial 366 finished with value: 0.20738963804978064 and parameters: {'ISTN': 63.60302295773124, 'I_gpe': 1.0834841056847349, 'I_gpi': 2.2144566610610963, 'noise_stn_sigma': 2.7025773925569387, 'noise_gpe_sigma': 92.8707890173845, 'noise_gpi_sigma': 91.14703834173183, 'g_stn_gpe_mult': 3.310603964406407, 'g_gpe_stn_mult': 0.19492784167294136, 'g_stn_gpi_mult': 2.3052897035852116, 'g_gpe_gpi_mult': 0.356408641114927}. Best is trial 342 with value: 0.1360392895945436.
[I 2026-05-28 04:01:14,857] Trial 367 finished with value: 0.15829461221201127 and parameters: {'ISTN': 60.01786235446065, 'I_gpe': 1.135950259001746, 'I_gpi': 1.8651796557570055, 'noise_stn_sigma': 2.496935768878383, 'noise_gpe_sigma': 96.38398384711375, 'noise_gpi_sigma': 88.10731478131018, 'g_stn_gpe_mult': 3.488696639300004, 'g_gpe_stn_mult': 0.1827059177553142, 'g_stn_gpi_mult': 2.0674641787806696, 'g_gpe_gpi_mult': 0.38512226215539014}. Best is trial 342 with value: 0.1360392895945436.
[I 2026-05-28 04:01:15,863] Trial 368 finished with value: 0.13983116106928223 and parameters: {'ISTN': 60.28327757817943, 'I_gpe': 1.070465619306586, 'I_gpi': 2.1134490622785593, 'noise_stn_sigma': 2.6586095041708577, 'noise_gpe_sigma': 101.8512504823785, 'noise_gpi_sigma': 81.1796894525865, 'g_stn_gpe_mult': 3.3610678332977573, 'g_gpe_stn_mult': 0.18334196552841014, 'g_stn_gpi_mult': 2.2526801692686753, 'g_gpe_gpi_mult': 0.3883328315660824}. Best is trial 342 with value: 0.1360392895945436.
[I 2026-05-28 04:01:16,867] Trial 369 finished with value: 0.13712333137680963 and parameters: {'ISTN': 60.52312166460453, 'I_gpe': 1.1842297713952337, 'I_gpi': 2.1767539528972346, 'noise_stn_sigma': 2.547520787711785, 'noise_gpe_sigma': 95.22977348985823, 'noise_gpi_sigma': 86.26796095078156, 'g_stn_gpe_mult': 3.375521520639722, 'g_gpe_stn_mult': 0.16694541980591018, 'g_stn_gpi_mult': 2.2263928338033, 'g_gpe_gpi_mult': 0.3525088640314495}. Best is trial 342 with value: 0.1360392895945436.
[I 2026-05-28 04:01:17,874] Trial 370 finished with value: 0.1715923045963384 and parameters: {'ISTN': 62.61817883759594, 'I_gpe': 1.2632097757846759, 'I_gpi': 2.096737978526461, 'noise_stn_sigma': 2.3276896074142703, 'noise_gpe_sigma': 92.70706131228053, 'noise_gpi_sigma': 87.64712154261574, 'g_stn_gpe_mult': 3.4278699418027614, 'g_gpe_stn_mult': 0.17697869356220564, 'g_stn_gpi_mult': 2.2173854705281064, 'g_gpe_gpi_mult': 0.42955260257463795}. Best is trial 342 with value: 0.1360392895945436.
[I 2026-05-28 04:01:18,881] Trial 371 finished with value: 0.14203871054994002 and parameters: {'ISTN': 60.58680466135748, 'I_gpe': 1.0677303182755937, 'I_gpi': 2.132404060122333, 'noise_stn_sigma': 2.721802461321774, 'noise_gpe_sigma': 97.53667346288478, 'noise_gpi_sigma': 84.41496947792622, 'g_stn_gpe_mult': 3.4496860548564703, 'g_gpe_stn_mult': 0.17534585855885734, 'g_stn_gpi_mult': 2.2709595903160817, 'g_gpe_gpi_mult': 0.33697306635288204}. Best is trial 342 with value: 0.1360392895945436.
[I 2026-05-28 04:01:19,886] Trial 372 finished with value: 0.19029346436478906 and parameters: {'ISTN': 62.98535747897955, 'I_gpe': 1.0251695601977655, 'I_gpi': 2.2207165460848444, 'noise_stn_sigma': 2.6407197649281358, 'noise_gpe_sigma': 97.27272419955608, 'noise_gpi_sigma': 82.01762747198741, 'g_stn_gpe_mult': 3.3785753584656852, 'g_gpe_stn_mult': 0.16136808302310762, 'g_stn_gpi_mult': 2.277870293152692, 'g_gpe_gpi_mult': 0.3340499122099788}. Best is trial 342 with value: 0.1360392895945436.
[I 2026-05-28 04:01:20,890] Trial 373 finished with value: 0.13937859753009968 and parameters: {'ISTN': 60.117129228129244, 'I_gpe': 1.1071693348819067, 'I_gpi': 2.063727621095966, 'noise_stn_sigma': 2.6051252773984777, 'noise_gpe_sigma': 97.79600046527574, 'noise_gpi_sigma': 84.78878438363216, 'g_stn_gpe_mult': 3.4466888950959675, 'g_gpe_stn_mult': 0.18426908181238197, 'g_stn_gpi_mult': 2.1984609484514137, 'g_gpe_gpi_mult': 0.34963953576435197}. Best is trial 342 with value: 0.1360392895945436.
[I 2026-05-28 04:01:21,892] Trial 374 finished with value: 0.1565736446536004 and parameters: {'ISTN': 60.228439480950556, 'I_gpe': 1.253357461096324, 'I_gpi': 1.96293567773523, 'noise_stn_sigma': 2.3342271156712475, 'noise_gpe_sigma': 97.63093496409788, 'noise_gpi_sigma': 85.31954079241562, 'g_stn_gpe_mult': 3.3908501056631852, 'g_gpe_stn_mult': 0.1971223201065742, 'g_stn_gpi_mult': 2.084508253293643, 'g_gpe_gpi_mult': 0.38251552101535247}. Best is trial 342 with value: 0.1360392895945436.
[I 2026-05-28 04:01:22,898] Trial 375 finished with value: 0.1689557044137349 and parameters: {'ISTN': 61.5453821167253, 'I_gpe': 1.244204333749489, 'I_gpi': 1.982937991113174, 'noise_stn_sigma': 2.8153700308852816, 'noise_gpe_sigma': 100.7979224001021, 'noise_gpi_sigma': 82.9475266590886, 'g_stn_gpe_mult': 3.292996255664772, 'g_gpe_stn_mult': 0.17241779076002156, 'g_stn_gpi_mult': 2.2117070732924744, 'g_gpe_gpi_mult': 0.3711195930458886}. Best is trial 342 with value: 0.1360392895945436.
[I 2026-05-28 04:01:23,905] Trial 376 finished with value: 0.14826748962512296 and parameters: {'ISTN': 60.86172254575441, 'I_gpe': 1.0754132642007352, 'I_gpi': 2.0519464837713093, 'noise_stn_sigma': 3.0052947026405663, 'noise_gpe_sigma': 97.58432892094399, 'noise_gpi_sigma': 79.21094439357697, 'g_stn_gpe_mult': 3.3471906489067065, 'g_gpe_stn_mult': 0.16728987634864612, 'g_stn_gpi_mult': 2.2688734493345337, 'g_gpe_gpi_mult': 0.3426026483415293}. Best is trial 342 with value: 0.1360392895945436.
[I 2026-05-28 04:01:24,910] Trial 377 finished with value: 0.2972154289428468 and parameters: {'ISTN': 61.156084529815324, 'I_gpe': 1.0134689592280925, 'I_gpi': 2.029705415949239, 'noise_stn_sigma': 2.6020665347714047, 'noise_gpe_sigma': 97.71867681397481, 'noise_gpi_sigma': 80.2322574080909, 'g_stn_gpe_mult': 3.369163084205027, 'g_gpe_stn_mult': 0.14355859275483596, 'g_stn_gpi_mult': 2.139899342553173, 'g_gpe_gpi_mult': 0.4009615357230164}. Best is trial 342 with value: 0.1360392895945436.
[I 2026-05-28 04:01:25,916] Trial 378 finished with value: 0.3622449663222528 and parameters: {'ISTN': 61.78099079933533, 'I_gpe': 1.0925779340422697, 'I_gpi': 2.1310057174379637, 'noise_stn_sigma': 2.3147960703205688, 'noise_gpe_sigma': 103.02325130401103, 'noise_gpi_sigma': 84.96702765884436, 'g_stn_gpe_mult': 3.377256025715578, 'g_gpe_stn_mult': 0.14313578955979359, 'g_stn_gpi_mult': 2.230126945187223, 'g_gpe_gpi_mult': 0.3744849528595876}. Best is trial 342 with value: 0.1360392895945436.
[I 2026-05-28 04:01:26,921] Trial 379 finished with value: 0.18524450389398187 and parameters: {'ISTN': 63.8023281083014, 'I_gpe': 1.1534418171047118, 'I_gpi': 2.1870458116814087, 'noise_stn_sigma': 2.43773318808211, 'noise_gpe_sigma': 98.75357233613332, 'noise_gpi_sigma': 85.59678566091189, 'g_stn_gpe_mult': 3.2235196641034367, 'g_gpe_stn_mult': 0.14955054091927888, 'g_stn_gpi_mult': 2.412750382254387, 'g_gpe_gpi_mult': 0.3696166652988895}. Best is trial 342 with value: 0.1360392895945436.
[I 2026-05-28 04:01:27,926] Trial 380 finished with value: 0.16666852643085575 and parameters: {'ISTN': 60.75667685348573, 'I_gpe': 1.2737146322839437, 'I_gpi': 2.1883127596130785, 'noise_stn_sigma': 2.619982269402862, 'noise_gpe_sigma': 98.94539659871106, 'noise_gpi_sigma': 83.30642530155188, 'g_stn_gpe_mult': 3.3595758238064266, 'g_gpe_stn_mult': 0.1866397108937669, 'g_stn_gpi_mult': 2.1786419997931894, 'g_gpe_gpi_mult': 0.41805791836726136}. Best is trial 342 with value: 0.1360392895945436.
[I 2026-05-28 04:01:28,932] Trial 381 finished with value: 0.17394848811111951 and parameters: {'ISTN': 60.88463531315533, 'I_gpe': 1.1235382771477715, 'I_gpi': 1.889069425026331, 'noise_stn_sigma': 2.734502791501308, 'noise_gpe_sigma': 96.41557267311879, 'noise_gpi_sigma': 78.36817746307602, 'g_stn_gpe_mult': 3.479360942999162, 'g_gpe_stn_mult': 0.1913909283883943, 'g_stn_gpi_mult': 2.1753054055196337, 'g_gpe_gpi_mult': 0.388985855238828}. Best is trial 342 with value: 0.1360392895945436.
[I 2026-05-28 04:01:29,938] Trial 382 finished with value: 0.15656503785310574 and parameters: {'ISTN': 61.760072824207995, 'I_gpe': 1.1301959536516561, 'I_gpi': 1.957359241831076, 'noise_stn_sigma': 2.619414543936185, 'noise_gpe_sigma': 96.81028439552608, 'noise_gpi_sigma': 85.23665330818457, 'g_stn_gpe_mult': 3.395513200667188, 'g_gpe_stn_mult': 0.15589188703983758, 'g_stn_gpi_mult': 2.074217442799737, 'g_gpe_gpi_mult': 0.33473059306192177}. Best is trial 342 with value: 0.1360392895945436.
[I 2026-05-28 04:01:30,943] Trial 383 finished with value: 0.17348598985595387 and parameters: {'ISTN': 62.09347150708835, 'I_gpe': 1.0634560205448216, 'I_gpi': 2.0350046723572666, 'noise_stn_sigma': 2.743541512756, 'noise_gpe_sigma': 93.96172854412383, 'noise_gpi_sigma': 83.20704575565236, 'g_stn_gpe_mult': 3.4481670828841455, 'g_gpe_stn_mult': 0.1872612976312792, 'g_stn_gpi_mult': 2.265110301141755, 'g_gpe_gpi_mult': 0.33323761249468625}. Best is trial 342 with value: 0.1360392895945436.
[I 2026-05-28 04:01:31,949] Trial 384 finished with value: 0.8593583202042963 and parameters: {'ISTN': 61.57528307858956, 'I_gpe': 1.1837390690557281, 'I_gpi': 2.046636899991073, 'noise_stn_sigma': 2.6630315738397736, 'noise_gpe_sigma': 95.1475541047068, 'noise_gpi_sigma': 85.57266315171732, 'g_stn_gpe_mult': 3.469237910005846, 'g_gpe_stn_mult': 0.18604787055859723, 'g_stn_gpi_mult': 2.1726473244535685, 'g_gpe_gpi_mult': 0.32530505106718055}. Best is trial 342 with value: 0.1360392895945436.
[I 2026-05-28 04:01:32,955] Trial 385 finished with value: 0.14540179406931475 and parameters: {'ISTN': 60.64333553103546, 'I_gpe': 1.1633053081358122, 'I_gpi': 1.970168634725194, 'noise_stn_sigma': 2.6262087359210176, 'noise_gpe_sigma': 99.15789111273155, 'noise_gpi_sigma': 83.56764064993604, 'g_stn_gpe_mult': 3.4449652342625687, 'g_gpe_stn_mult': 0.17883189722526704, 'g_stn_gpi_mult': 2.148643118054382, 'g_gpe_gpi_mult': 0.29307251049489563}. Best is trial 342 with value: 0.1360392895945436.
[I 2026-05-28 04:01:33,962] Trial 386 finished with value: 0.1458857924421992 and parameters: {'ISTN': 61.61055173652698, 'I_gpe': 1.0858437605674751, 'I_gpi': 2.1875124486099593, 'noise_stn_sigma': 2.45732965942492, 'noise_gpe_sigma': 98.92005030621337, 'noise_gpi_sigma': 86.02890291683894, 'g_stn_gpe_mult': 3.357890540225051, 'g_gpe_stn_mult': 0.1525643725789888, 'g_stn_gpi_mult': 2.173360161627822, 'g_gpe_gpi_mult': 0.3277626091992449}. Best is trial 342 with value: 0.1360392895945436.
[I 2026-05-28 04:01:34,969] Trial 387 finished with value: 0.14335442179063593 and parameters: {'ISTN': 60.46086962411423, 'I_gpe': 1.1914307912583393, 'I_gpi': 2.1238983302846237, 'noise_stn_sigma': 2.5169035445237204, 'noise_gpe_sigma': 101.06845714943664, 'noise_gpi_sigma': 86.34095496774762, 'g_stn_gpe_mult': 3.417534685942504, 'g_gpe_stn_mult': 0.1823992061804085, 'g_stn_gpi_mult': 2.2214368963603057, 'g_gpe_gpi_mult': 0.354358994696672}. Best is trial 342 with value: 0.1360392895945436.
[I 2026-05-28 04:01:35,973] Trial 388 finished with value: 0.1670247238289644 and parameters: {'ISTN': 61.10679971475907, 'I_gpe': 1.0796796599495988, 'I_gpi': 2.0789660652401456, 'noise_stn_sigma': 2.7109834094938687, 'noise_gpe_sigma': 96.2786244662112, 'noise_gpi_sigma': 80.23456818788571, 'g_stn_gpe_mult': 3.4837878969942047, 'g_gpe_stn_mult': 0.19836519029236666, 'g_stn_gpi_mult': 2.2952509734602877, 'g_gpe_gpi_mult': 0.32698305251823334}. Best is trial 342 with value: 0.1360392895945436.
[I 2026-05-28 04:01:36,979] Trial 389 finished with value: 0.14775943626604587 and parameters: {'ISTN': 60.178019103099764, 'I_gpe': 1.032963798546424, 'I_gpi': 1.9977831225812461, 'noise_stn_sigma': 2.683112696835928, 'noise_gpe_sigma': 93.21976494020721, 'noise_gpi_sigma': 83.83796086302507, 'g_stn_gpe_mult': 3.3468904515906814, 'g_gpe_stn_mult': 0.1894378603684514, 'g_stn_gpi_mult': 2.2886772871772676, 'g_gpe_gpi_mult': 0.3249018140505242}. Best is trial 342 with value: 0.1360392895945436.
[I 2026-05-28 04:01:37,981] Trial 390 finished with value: 0.1362360852983844 and parameters: {'ISTN': 60.541784514010814, 'I_gpe': 1.1557607505779672, 'I_gpi': 2.0950347393468642, 'noise_stn_sigma': 2.5980691486369225, 'noise_gpe_sigma': 99.73329548977105, 'noise_gpi_sigma': 83.25151252961737, 'g_stn_gpe_mult': 3.361768840612203, 'g_gpe_stn_mult': 0.17285949262597927, 'g_stn_gpi_mult': 2.2504608935922787, 'g_gpe_gpi_mult': 0.33085606167440584}. Best is trial 342 with value: 0.1360392895945436.
[I 2026-05-28 04:01:38,987] Trial 391 finished with value: 0.1566859461710918 and parameters: {'ISTN': 60.62199302058479, 'I_gpe': 1.1009851425615023, 'I_gpi': 2.1743804004368856, 'noise_stn_sigma': 2.7737244656399564, 'noise_gpe_sigma': 97.3390438066684, 'noise_gpi_sigma': 79.84670655277097, 'g_stn_gpe_mult': 3.230000818765088, 'g_gpe_stn_mult': 0.18287426941205331, 'g_stn_gpi_mult': 2.3670755231010627, 'g_gpe_gpi_mult': 0.3932013519551299}. Best is trial 342 with value: 0.1360392895945436.
[I 2026-05-28 04:01:39,993] Trial 392 finished with value: 0.17044736392039037 and parameters: {'ISTN': 62.89207622011432, 'I_gpe': 1.2268372356536998, 'I_gpi': 2.109769418883111, 'noise_stn_sigma': 2.342064924199462, 'noise_gpe_sigma': 105.85237236048518, 'noise_gpi_sigma': 89.47486960993116, 'g_stn_gpe_mult': 3.3202962255400648, 'g_gpe_stn_mult': 0.16470185297977205, 'g_stn_gpi_mult': 2.1700488826488336, 'g_gpe_gpi_mult': 0.28203035709770485}. Best is trial 342 with value: 0.1360392895945436.
[I 2026-05-28 04:01:40,998] Trial 393 finished with value: 0.4137717181350339 and parameters: {'ISTN': 60.333357011753996, 'I_gpe': 1.0661663004658388, 'I_gpi': 1.8060978948686897, 'noise_stn_sigma': 2.375393224211095, 'noise_gpe_sigma': 102.95236215449569, 'noise_gpi_sigma': 86.26774411686927, 'g_stn_gpe_mult': 3.4877272470145115, 'g_gpe_stn_mult': 0.1610845972300646, 'g_stn_gpi_mult': 2.1261667962548665, 'g_gpe_gpi_mult': 0.2508785025270743}. Best is trial 342 with value: 0.1360392895945436.
[I 2026-05-28 04:01:42,002] Trial 394 finished with value: 0.18054335786055448 and parameters: {'ISTN': 62.687798447155856, 'I_gpe': 1.0435920507553047, 'I_gpi': 1.95875748733654, 'noise_stn_sigma': 2.3900001119421574, 'noise_gpe_sigma': 102.98721444729759, 'noise_gpi_sigma': 82.8528843758388, 'g_stn_gpe_mult': 3.569945984221109, 'g_gpe_stn_mult': 0.20066702942455483, 'g_stn_gpi_mult': 2.301046581532245, 'g_gpe_gpi_mult': 0.33390792453452567}. Best is trial 342 with value: 0.1360392895945436.
[I 2026-05-28 04:01:43,005] Trial 395 finished with value: 0.16870531750185097 and parameters: {'ISTN': 64.00603790316629, 'I_gpe': 1.104188778840883, 'I_gpi': 2.011471592077511, 'noise_stn_sigma': 2.8430516848536276, 'noise_gpe_sigma': 105.96223827913781, 'noise_gpi_sigma': 83.36888610323837, 'g_stn_gpe_mult': 3.397223793516221, 'g_gpe_stn_mult': 0.15848355355814808, 'g_stn_gpi_mult': 2.3552796346268714, 'g_gpe_gpi_mult': 0.3426784713725316}. Best is trial 342 with value: 0.1360392895945436.
