[I 2026-05-28 02:58:11,659] Trial 660 finished with value: 0.47706261940774264 and parameters: {'ISTN': 60.79861305763504, 'I_gpe': 1.1814802494391314, 'I_gpi': 2.226064074997618, 'noise_stn_sigma': 3.668587147348216, 'noise_gpe_sigma': 92.02098663463455, 'noise_gpi_sigma': 110.97153922797634, 'g_stn_gpe_mult': 4.426211220319991, 'g_gpe_stn_mult': 0.14938792160285475, 'g_stn_gpi_mult': 2.27952360188139, 'g_gpe_gpi_mult': 0.9931717173363606}. Best is trial 649 with value: 0.1437600508962356.
[I 2026-05-28 02:58:12,666] Trial 661 finished with value: 0.1468614373812597 and parameters: {'ISTN': 60.67621689567572, 'I_gpe': 1.1604789782995608, 'I_gpi': 2.105214227111921, 'noise_stn_sigma': 3.884099622316646, 'noise_gpe_sigma': 95.26964642185217, 'noise_gpi_sigma': 110.99369488266574, 'g_stn_gpe_mult': 4.5286948832641105, 'g_gpe_stn_mult': 0.15730350986061237, 'g_stn_gpi_mult': 2.291372351123167, 'g_gpe_gpi_mult': 1.0000522882921126}. Best is trial 649 with value: 0.1437600508962356.
[I 2026-05-28 02:58:13,676] Trial 662 finished with value: 0.17916779297277582 and parameters: {'ISTN': 61.561915961278146, 'I_gpe': 1.1881505055669144, 'I_gpi': 2.144600129374747, 'noise_stn_sigma': 3.6388500696580466, 'noise_gpe_sigma': 93.6723708034409, 'noise_gpi_sigma': 108.2540671746106, 'g_stn_gpe_mult': 4.370840508649097, 'g_gpe_stn_mult': 0.16151113150086802, 'g_stn_gpi_mult': 2.2996084867943645, 'g_gpe_gpi_mult': 1.0032491253472786}. Best is trial 649 with value: 0.1437600508962356.
[I 2026-05-28 02:58:14,685] Trial 663 finished with value: 0.16392753077406716 and parameters: {'ISTN': 61.25636891945649, 'I_gpe': 1.0732211980537265, 'I_gpi': 2.2683167489796547, 'noise_stn_sigma': 3.6932212418761656, 'noise_gpe_sigma': 88.99985618589166, 'noise_gpi_sigma': 112.81499978729558, 'g_stn_gpe_mult': 4.449287184172578, 'g_gpe_stn_mult': 0.15701213313686302, 'g_stn_gpi_mult': 2.33725351140439, 'g_gpe_gpi_mult': 1.031272245517697}. Best is trial 649 with value: 0.1437600508962356.
[I 2026-05-28 02:58:15,696] Trial 664 finished with value: 0.1478638623016798 and parameters: {'ISTN': 60.79609420442181, 'I_gpe': 1.1224900768314616, 'I_gpi': 2.1897482267342863, 'noise_stn_sigma': 3.9521381032900975, 'noise_gpe_sigma': 94.75575902950332, 'noise_gpi_sigma': 108.42453864649951, 'g_stn_gpe_mult': 4.3559579791465115, 'g_gpe_stn_mult': 0.15922834588506218, 'g_stn_gpi_mult': 2.325244982821077, 'g_gpe_gpi_mult': 1.021566944976071}. Best is trial 649 with value: 0.1437600508962356.
[I 2026-05-28 02:58:16,706] Trial 665 finished with value: 0.1868794305291437 and parameters: {'ISTN': 61.02586972044802, 'I_gpe': 1.179881497221327, 'I_gpi': 2.1966407027776507, 'noise_stn_sigma': 3.629827544688742, 'noise_gpe_sigma': 86.70479460393706, 'noise_gpi_sigma': 112.06389662137181, 'g_stn_gpe_mult': 4.358875591106087, 'g_gpe_stn_mult': 0.17929626311677394, 'g_stn_gpi_mult': 2.3027798980363006, 'g_gpe_gpi_mult': 1.043642489248573}. Best is trial 649 with value: 0.1437600508962356.
[I 2026-05-28 02:58:17,713] Trial 666 finished with value: 0.143208725269466 and parameters: {'ISTN': 60.00215273172885, 'I_gpe': 1.1120018774589053, 'I_gpi': 2.1601159910753625, 'noise_stn_sigma': 3.712416319655012, 'noise_gpe_sigma': 94.52277352164693, 'noise_gpi_sigma': 112.1308397775903, 'g_stn_gpe_mult': 4.47142970815054, 'g_gpe_stn_mult': 0.16816232667525705, 'g_stn_gpi_mult': 2.195654764406524, 'g_gpe_gpi_mult': 0.9810351400513393}. Best is trial 666 with value: 0.143208725269466.
[I 2026-05-28 02:58:18,720] Trial 667 finished with value: 0.17374367887602568 and parameters: {'ISTN': 61.12556590118365, 'I_gpe': 1.093060850322451, 'I_gpi': 2.2059632765787045, 'noise_stn_sigma': 3.716746666410467, 'noise_gpe_sigma': 90.30794005364973, 'noise_gpi_sigma': 111.35068901070827, 'g_stn_gpe_mult': 4.4480098011880465, 'g_gpe_stn_mult': 0.16746634149405137, 'g_stn_gpi_mult': 2.2922768744945805, 'g_gpe_gpi_mult': 1.0283625047208598}. Best is trial 666 with value: 0.143208725269466.
[I 2026-05-28 02:58:19,731] Trial 668 finished with value: 0.20984903479683398 and parameters: {'ISTN': 60.73048570354321, 'I_gpe': 1.1355227802366246, 'I_gpi': 2.146196006993927, 'noise_stn_sigma': 3.9703413509772174, 'noise_gpe_sigma': 88.6195013739922, 'noise_gpi_sigma': 109.96429167587246, 'g_stn_gpe_mult': 4.402695675844915, 'g_gpe_stn_mult': 0.1616680572589497, 'g_stn_gpi_mult': 2.314687777935858, 'g_gpe_gpi_mult': 1.024828025195089}. Best is trial 666 with value: 0.143208725269466.
[I 2026-05-28 02:58:20,743] Trial 669 finished with value: 0.1607333018116429 and parameters: {'ISTN': 61.07323416015844, 'I_gpe': 1.1020398867891719, 'I_gpi': 2.1252340125991167, 'noise_stn_sigma': 3.773508063312916, 'noise_gpe_sigma': 96.43677262286215, 'noise_gpi_sigma': 108.80026711841825, 'g_stn_gpe_mult': 4.510219347826477, 'g_gpe_stn_mult': 0.15603843116675345, 'g_stn_gpi_mult': 2.3098730188502214, 'g_gpe_gpi_mult': 0.9644147507933551}. Best is trial 666 with value: 0.143208725269466.
[I 2026-05-28 02:58:21,753] Trial 670 finished with value: 0.17797079214120265 and parameters: {'ISTN': 61.87980160733313, 'I_gpe': 1.0564110131061744, 'I_gpi': 2.1519843831551, 'noise_stn_sigma': 3.8398410945173485, 'noise_gpe_sigma': 92.30444126785402, 'noise_gpi_sigma': 109.1702912447793, 'g_stn_gpe_mult': 4.397856733394762, 'g_gpe_stn_mult': 0.1558128318379775, 'g_stn_gpi_mult': 2.3189595398838114, 'g_gpe_gpi_mult': 0.9978862488387388}. Best is trial 666 with value: 0.143208725269466.
[I 2026-05-28 02:58:22,764] Trial 671 finished with value: 0.1469188365532211 and parameters: {'ISTN': 60.30758555023243, 'I_gpe': 1.1030468866276015, 'I_gpi': 2.1964401988739586, 'noise_stn_sigma': 3.554448047113149, 'noise_gpe_sigma': 96.24454264384514, 'noise_gpi_sigma': 112.48192914497135, 'g_stn_gpe_mult': 4.507621253675188, 'g_gpe_stn_mult': 0.16599599430687761, 'g_stn_gpi_mult': 2.157269065676883, 'g_gpe_gpi_mult': 0.9781219684793434}. Best is trial 666 with value: 0.143208725269466.
[I 2026-05-28 02:58:23,773] Trial 672 finished with value: 0.15448686004924317 and parameters: {'ISTN': 60.72603777650154, 'I_gpe': 1.1627370515810456, 'I_gpi': 2.1029871807153286, 'noise_stn_sigma': 3.980798950166946, 'noise_gpe_sigma': 91.67823224605284, 'noise_gpi_sigma': 110.88730465574547, 'g_stn_gpe_mult': 4.429082550823638, 'g_gpe_stn_mult': 0.1586697216364643, 'g_stn_gpi_mult': 2.2635546325287166, 'g_gpe_gpi_mult': 1.0093737904436746}. Best is trial 666 with value: 0.143208725269466.
[I 2026-05-28 02:58:24,783] Trial 673 finished with value: 0.16451627924216541 and parameters: {'ISTN': 60.565419773453776, 'I_gpe': 0.9840925214625278, 'I_gpi': 2.1507866618129268, 'noise_stn_sigma': 3.56522365632043, 'noise_gpe_sigma': 96.5889367205608, 'noise_gpi_sigma': 109.68237113202888, 'g_stn_gpe_mult': 4.440339012366273, 'g_gpe_stn_mult': 0.1797605677827847, 'g_stn_gpi_mult': 2.253826167345696, 'g_gpe_gpi_mult': 0.9758493286414296}. Best is trial 666 with value: 0.143208725269466.
[I 2026-05-28 02:58:25,792] Trial 674 finished with value: 0.6399061246239692 and parameters: {'ISTN': 60.11343928885425, 'I_gpe': 1.1716613881166498, 'I_gpi': 2.2871582293743895, 'noise_stn_sigma': 3.6628903598518185, 'noise_gpe_sigma': 89.49973700710402, 'noise_gpi_sigma': 110.93965741262974, 'g_stn_gpe_mult': 4.495959909473605, 'g_gpe_stn_mult': 0.15941767662610942, 'g_stn_gpi_mult': 2.1606939193682573, 'g_gpe_gpi_mult': 1.0075456838237093}. Best is trial 666 with value: 0.143208725269466.
[I 2026-05-28 02:58:26,803] Trial 675 finished with value: 0.16256072617461112 and parameters: {'ISTN': 61.16481874309913, 'I_gpe': 1.1398607595333365, 'I_gpi': 2.083664270361486, 'noise_stn_sigma': 3.9118344200632515, 'noise_gpe_sigma': 95.07712978448598, 'noise_gpi_sigma': 108.69615754142826, 'g_stn_gpe_mult': 4.449135819552854, 'g_gpe_stn_mult': 0.1543658312335312, 'g_stn_gpi_mult': 2.296231432112149, 'g_gpe_gpi_mult': 0.9780230114202817}. Best is trial 666 with value: 0.143208725269466.
[I 2026-05-28 02:58:27,813] Trial 676 finished with value: 0.14831117992373308 and parameters: {'ISTN': 60.07575466798634, 'I_gpe': 1.1144229237037933, 'I_gpi': 2.1666997963944112, 'noise_stn_sigma': 3.7925618894096083, 'noise_gpe_sigma': 93.66481767271625, 'noise_gpi_sigma': 114.08841467870545, 'g_stn_gpe_mult': 4.484626580895679, 'g_gpe_stn_mult': 0.16389499890982984, 'g_stn_gpi_mult': 2.1964523707147943, 'g_gpe_gpi_mult': 0.9842191073647251}. Best is trial 666 with value: 0.143208725269466.
[I 2026-05-28 02:58:28,822] Trial 677 finished with value: 0.15327352623039914 and parameters: {'ISTN': 60.50416543776252, 'I_gpe': 1.0743728074547727, 'I_gpi': 2.110653061151408, 'noise_stn_sigma': 3.626492143177105, 'noise_gpe_sigma': 96.91712777752704, 'noise_gpi_sigma': 114.13903384453619, 'g_stn_gpe_mult': 4.504513396377559, 'g_gpe_stn_mult': 0.17440295932425315, 'g_stn_gpi_mult': 2.294347201270027, 'g_gpe_gpi_mult': 0.9714491493281989}. Best is trial 666 with value: 0.143208725269466.
[I 2026-05-28 02:58:29,829] Trial 678 finished with value: 0.14539799086417876 and parameters: {'ISTN': 60.1534433554961, 'I_gpe': 1.1117973053572208, 'I_gpi': 2.077607239409101, 'noise_stn_sigma': 3.9183415150156335, 'noise_gpe_sigma': 95.59564879318673, 'noise_gpi_sigma': 109.81771110356937, 'g_stn_gpe_mult': 4.417092417207204, 'g_gpe_stn_mult': 0.17432673829340395, 'g_stn_gpi_mult': 2.307903005976053, 'g_gpe_gpi_mult': 0.965207175606849}. Best is trial 666 with value: 0.143208725269466.
[I 2026-05-28 02:58:30,838] Trial 679 finished with value: 0.14631646632882778 and parameters: {'ISTN': 60.443672402670316, 'I_gpe': 1.0886504230830465, 'I_gpi': 2.175263319426552, 'noise_stn_sigma': 3.788203414888525, 'noise_gpe_sigma': 99.26237894472295, 'noise_gpi_sigma': 113.84826463400478, 'g_stn_gpe_mult': 4.499632087603226, 'g_gpe_stn_mult': 0.16117893645595993, 'g_stn_gpi_mult': 2.232406198930047, 'g_gpe_gpi_mult': 0.9887119344656148}. Best is trial 666 with value: 0.143208725269466.
[I 2026-05-28 02:58:31,849] Trial 680 finished with value: 0.15991986949098316 and parameters: {'ISTN': 60.70928717928091, 'I_gpe': 1.0942741758059407, 'I_gpi': 2.103916756561552, 'noise_stn_sigma': 3.7849476139283076, 'noise_gpe_sigma': 98.14993278463936, 'noise_gpi_sigma': 111.24345442615804, 'g_stn_gpe_mult': 4.525261834720165, 'g_gpe_stn_mult': 0.17257094848090018, 'g_stn_gpi_mult': 2.182667657934245, 'g_gpe_gpi_mult': 0.9900759061934294}. Best is trial 666 with value: 0.143208725269466.
[I 2026-05-28 02:58:32,862] Trial 681 finished with value: 0.2537061477687318 and parameters: {'ISTN': 61.43391920174757, 'I_gpe': 0.9782844803486319, 'I_gpi': 2.0982893237685802, 'noise_stn_sigma': 3.6145072832889946, 'noise_gpe_sigma': 93.27064032597174, 'noise_gpi_sigma': 113.06902865112502, 'g_stn_gpe_mult': 4.472498205045404, 'g_gpe_stn_mult': 0.17252423311457626, 'g_stn_gpi_mult': 2.2680285618223004, 'g_gpe_gpi_mult': 0.9588032146906702}. Best is trial 666 with value: 0.143208725269466.
[I 2026-05-28 02:58:33,873] Trial 682 finished with value: 0.14691505088669704 and parameters: {'ISTN': 60.28839876049302, 'I_gpe': 1.1012284159836803, 'I_gpi': 2.1657378477737215, 'noise_stn_sigma': 3.766589563689287, 'noise_gpe_sigma': 98.73664586608564, 'noise_gpi_sigma': 110.36083065074119, 'g_stn_gpe_mult': 4.412884702448289, 'g_gpe_stn_mult': 0.16919224914452094, 'g_stn_gpi_mult': 2.3200407509544734, 'g_gpe_gpi_mult': 0.9770480062984503}. Best is trial 666 with value: 0.143208725269466.
[I 2026-05-28 02:58:34,880] Trial 683 finished with value: 0.15230698991595026 and parameters: {'ISTN': 60.19438982942788, 'I_gpe': 1.1182059393429737, 'I_gpi': 2.1425483814072837, 'noise_stn_sigma': 3.872449805585306, 'noise_gpe_sigma': 101.34318482376469, 'noise_gpi_sigma': 112.0103342008221, 'g_stn_gpe_mult': 4.55334383920015, 'g_gpe_stn_mult': 0.16110933451699944, 'g_stn_gpi_mult': 2.2051828956665704, 'g_gpe_gpi_mult': 0.9939215371905106}. Best is trial 666 with value: 0.143208725269466.
[I 2026-05-28 02:58:35,887] Trial 684 finished with value: 0.1707573745605793 and parameters: {'ISTN': 60.7795099342678, 'I_gpe': 1.127229639976616, 'I_gpi': 2.1266690100521926, 'noise_stn_sigma': 3.9418935264167794, 'noise_gpe_sigma': 96.47639401765258, 'noise_gpi_sigma': 111.0697303357565, 'g_stn_gpe_mult': 4.433147649851948, 'g_gpe_stn_mult': 0.17482682734170996, 'g_stn_gpi_mult': 2.197841756757519, 'g_gpe_gpi_mult': 0.9498664724470283}. Best is trial 666 with value: 0.143208725269466.
[I 2026-05-28 02:58:36,897] Trial 685 finished with value: 0.15835298785986957 and parameters: {'ISTN': 60.587801060620585, 'I_gpe': 1.174465763459333, 'I_gpi': 2.1063684726845495, 'noise_stn_sigma': 3.935375134921545, 'noise_gpe_sigma': 99.86611574116577, 'noise_gpi_sigma': 106.76845029615278, 'g_stn_gpe_mult': 4.387504914740466, 'g_gpe_stn_mult': 0.1646432225479446, 'g_stn_gpi_mult': 2.2530921567590854, 'g_gpe_gpi_mult': 0.9986678780686946}. Best is trial 666 with value: 0.143208725269466.
[I 2026-05-28 02:58:37,906] Trial 686 finished with value: 0.16112424912729317 and parameters: {'ISTN': 60.843653703766634, 'I_gpe': 1.076136179094517, 'I_gpi': 2.0523895224083315, 'noise_stn_sigma': 3.9971198734902527, 'noise_gpe_sigma': 96.87025740508594, 'noise_gpi_sigma': 110.89662704331782, 'g_stn_gpe_mult': 4.448459687047247, 'g_gpe_stn_mult': 0.16474307632890414, 'g_stn_gpi_mult': 2.3012993733039213, 'g_gpe_gpi_mult': 0.9854883650795427}. Best is trial 666 with value: 0.143208725269466.
[I 2026-05-28 02:58:38,916] Trial 687 finished with value: 0.16638574420954827 and parameters: {'ISTN': 61.08474438079141, 'I_gpe': 1.069978054850286, 'I_gpi': 2.107158312229142, 'noise_stn_sigma': 3.796995874632106, 'noise_gpe_sigma': 94.03329657421645, 'noise_gpi_sigma': 111.34309181073932, 'g_stn_gpe_mult': 4.406600779667514, 'g_gpe_stn_mult': 0.17078746884902596, 'g_stn_gpi_mult': 2.2791648163453537, 'g_gpe_gpi_mult': 0.9699930968380011}. Best is trial 666 with value: 0.143208725269466.
[I 2026-05-28 02:58:39,924] Trial 688 finished with value: 0.1536762460314842 and parameters: {'ISTN': 60.57042565297129, 'I_gpe': 1.0743404964032846, 'I_gpi': 2.0381693046506504, 'noise_stn_sigma': 4.027438620021668, 'noise_gpe_sigma': 99.22446635846974, 'noise_gpi_sigma': 111.86473345645877, 'g_stn_gpe_mult': 4.450208509287176, 'g_gpe_stn_mult': 0.1603922316905501, 'g_stn_gpi_mult': 2.1977762577021527, 'g_gpe_gpi_mult': 0.9699306521343687}. Best is trial 666 with value: 0.143208725269466.
[I 2026-05-28 02:58:40,933] Trial 689 finished with value: 0.16757152493136956 and parameters: {'ISTN': 60.45663268339752, 'I_gpe': 1.113657873443247, 'I_gpi': 2.1619903930359925, 'noise_stn_sigma': 3.7433886280581823, 'noise_gpe_sigma': 99.06956101976691, 'noise_gpi_sigma': 114.11955607927858, 'g_stn_gpe_mult': 4.469608188288488, 'g_gpe_stn_mult': 0.17994928907207686, 'g_stn_gpi_mult': 2.1874675571387234, 'g_gpe_gpi_mult': 0.9726742150569239}. Best is trial 666 with value: 0.143208725269466.
[I 2026-05-28 02:58:41,945] Trial 690 finished with value: 0.1961057263527802 and parameters: {'ISTN': 61.21882493408403, 'I_gpe': 1.0924793656977303, 'I_gpi': 2.1576427847624204, 'noise_stn_sigma': 3.883246231865361, 'noise_gpe_sigma': 98.15597044766758, 'noise_gpi_sigma': 110.63329792676097, 'g_stn_gpe_mult': 4.404659446610159, 'g_gpe_stn_mult': 0.16190131500853577, 'g_stn_gpi_mult': 2.275760210149011, 'g_gpe_gpi_mult': 0.940080894728544}. Best is trial 666 with value: 0.143208725269466.
[I 2026-05-28 02:58:42,958] Trial 691 finished with value: 0.14760353675705276 and parameters: {'ISTN': 60.18742418694944, 'I_gpe': 1.077451674714069, 'I_gpi': 2.168859295975178, 'noise_stn_sigma': 3.631623702759253, 'noise_gpe_sigma': 100.09926293201833, 'noise_gpi_sigma': 114.14578794710589, 'g_stn_gpe_mult': 4.465030803899698, 'g_gpe_stn_mult': 0.1716121831736529, 'g_stn_gpi_mult': 2.211204326033118, 'g_gpe_gpi_mult': 0.9843220356825018}. Best is trial 666 with value: 0.143208725269466.
[I 2026-05-28 02:58:43,970] Trial 692 finished with value: 0.1747299680866587 and parameters: {'ISTN': 61.390906399838045, 'I_gpe': 1.085991774665711, 'I_gpi': 2.1359386310997572, 'noise_stn_sigma': 3.8558951670831814, 'noise_gpe_sigma': 95.56088104941864, 'noise_gpi_sigma': 109.67637292812609, 'g_stn_gpe_mult': 4.374057780356669, 'g_gpe_stn_mult': 0.16806883850266452, 'g_stn_gpi_mult': 2.2531502821404894, 'g_gpe_gpi_mult': 0.9953254694781539}. Best is trial 666 with value: 0.143208725269466.
[I 2026-05-28 02:58:44,976] Trial 693 finished with value: 0.1509401703972561 and parameters: {'ISTN': 60.6571051255497, 'I_gpe': 1.0677332808457365, 'I_gpi': 2.133383589471852, 'noise_stn_sigma': 3.7125285154694554, 'noise_gpe_sigma': 99.79977485799918, 'noise_gpi_sigma': 112.86507363011856, 'g_stn_gpe_mult': 4.431598999589724, 'g_gpe_stn_mult': 0.16657185254445697, 'g_stn_gpi_mult': 2.2246651534517325, 'g_gpe_gpi_mult': 0.9815241387676659}. Best is trial 666 with value: 0.143208725269466.
[I 2026-05-28 02:58:45,988] Trial 694 finished with value: 0.147706892083373 and parameters: {'ISTN': 60.20125018388966, 'I_gpe': 1.0892968372834972, 'I_gpi': 2.11049573896375, 'noise_stn_sigma': 3.965354727364352, 'noise_gpe_sigma': 95.68973607022136, 'noise_gpi_sigma': 109.43126549807566, 'g_stn_gpe_mult': 4.448069152182168, 'g_gpe_stn_mult': 0.16894856057309987, 'g_stn_gpi_mult': 2.3301060610288817, 'g_gpe_gpi_mult': 0.9954222251335048}. Best is trial 666 with value: 0.143208725269466.
[I 2026-05-28 02:58:46,994] Trial 695 finished with value: 0.1584006460737729 and parameters: {'ISTN': 60.716260032415384, 'I_gpe': 1.0310972540697803, 'I_gpi': 2.118642617129729, 'noise_stn_sigma': 3.758485416862545, 'noise_gpe_sigma': 102.25735027483063, 'noise_gpi_sigma': 112.29061581517507, 'g_stn_gpe_mult': 4.48140303842146, 'g_gpe_stn_mult': 0.14901203679232383, 'g_stn_gpi_mult': 2.311591359049418, 'g_gpe_gpi_mult': 0.9727884217870182}. Best is trial 666 with value: 0.143208725269466.
[I 2026-05-28 02:58:48,004] Trial 696 finished with value: 0.14694994617346308 and parameters: {'ISTN': 60.186930347069215, 'I_gpe': 1.0991214258065407, 'I_gpi': 2.109139006829004, 'noise_stn_sigma': 3.8822386115128342, 'noise_gpe_sigma': 99.81510155045812, 'noise_gpi_sigma': 109.71383393955564, 'g_stn_gpe_mult': 4.381091378827522, 'g_gpe_stn_mult': 0.16579076521386782, 'g_stn_gpi_mult': 2.3187572461927557, 'g_gpe_gpi_mult': 0.9997204224998926}. Best is trial 666 with value: 0.143208725269466.
[I 2026-05-28 02:58:49,015] Trial 697 finished with value: 0.15733285408490574 and parameters: {'ISTN': 60.374317678352526, 'I_gpe': 1.1444069469807314, 'I_gpi': 2.1240580420866833, 'noise_stn_sigma': 3.7845406251924216, 'noise_gpe_sigma': 94.61835231888682, 'noise_gpi_sigma': 109.30843450329326, 'g_stn_gpe_mult': 4.464810334329911, 'g_gpe_stn_mult': 0.1778111365237551, 'g_stn_gpi_mult': 2.283330381378428, 'g_gpe_gpi_mult': 0.9830459291278586}. Best is trial 666 with value: 0.143208725269466.
[I 2026-05-28 02:58:50,023] Trial 698 finished with value: 0.2561152290096684 and parameters: {'ISTN': 60.12665462831342, 'I_gpe': 1.015513038914849, 'I_gpi': 2.0809209878877453, 'noise_stn_sigma': 3.776241698308996, 'noise_gpe_sigma': 100.71258239251192, 'noise_gpi_sigma': 111.60115034603817, 'g_stn_gpe_mult': 4.494591860521632, 'g_gpe_stn_mult': 0.1580580753358943, 'g_stn_gpi_mult': 2.2860335276306576, 'g_gpe_gpi_mult': 1.0024706377534434}. Best is trial 666 with value: 0.143208725269466.
[I 2026-05-28 02:58:51,031] Trial 699 finished with value: 0.15318780135605356 and parameters: {'ISTN': 60.713778121608904, 'I_gpe': 1.113948482399181, 'I_gpi': 2.0463297540145984, 'noise_stn_sigma': 4.02668737374479, 'noise_gpe_sigma': 98.69161560805433, 'noise_gpi_sigma': 110.64972725999507, 'g_stn_gpe_mult': 4.432444179362835, 'g_gpe_stn_mult': 0.16247601861894176, 'g_stn_gpi_mult': 2.3206345134603192, 'g_gpe_gpi_mult': 1.0226851453073493}. Best is trial 666 with value: 0.143208725269466.
[I 2026-05-28 02:58:52,041] Trial 700 finished with value: 0.161690078987693 and parameters: {'ISTN': 60.717207714268405, 'I_gpe': 1.12211972064141, 'I_gpi': 2.1515148000040227, 'noise_stn_sigma': 3.7749181735054123, 'noise_gpe_sigma': 99.7916172158034, 'noise_gpi_sigma': 110.93553988422163, 'g_stn_gpe_mult': 4.44555438603544, 'g_gpe_stn_mult': 0.17161347705029328, 'g_stn_gpi_mult': 2.214009296768028, 'g_gpe_gpi_mult': 0.9491572801854704}. Best is trial 666 with value: 0.143208725269466.
[I 2026-05-28 02:58:53,050] Trial 701 finished with value: 0.14859076067153568 and parameters: {'ISTN': 60.458069203490396, 'I_gpe': 1.110964841686713, 'I_gpi': 2.1466320943595223, 'noise_stn_sigma': 3.936009517570332, 'noise_gpe_sigma': 96.55829729874387, 'noise_gpi_sigma': 110.54293536580703, 'g_stn_gpe_mult': 4.437508888011411, 'g_gpe_stn_mult': 0.15111560721192932, 'g_stn_gpi_mult': 2.2894426129112313, 'g_gpe_gpi_mult': 0.9996803463092554}. Best is trial 666 with value: 0.143208725269466.
[I 2026-05-28 02:58:54,058] Trial 702 finished with value: 0.14790554501768916 and parameters: {'ISTN': 60.068373621753494, 'I_gpe': 1.111045108565234, 'I_gpi': 2.1311231716133507, 'noise_stn_sigma': 3.7926063718049248, 'noise_gpe_sigma': 98.1063815302447, 'noise_gpi_sigma': 112.83634846357134, 'g_stn_gpe_mult': 4.379260803296457, 'g_gpe_stn_mult': 0.17222296696836203, 'g_stn_gpi_mult': 2.2172678583686856, 'g_gpe_gpi_mult': 1.0072392081318724}. Best is trial 666 with value: 0.143208725269466.
[I 2026-05-28 02:58:55,068] Trial 703 finished with value: 0.14918065040008807 and parameters: {'ISTN': 60.35086848923608, 'I_gpe': 1.0930830002969778, 'I_gpi': 2.073265205439922, 'noise_stn_sigma': 3.6935698979782714, 'noise_gpe_sigma': 99.03656803920332, 'noise_gpi_sigma': 110.02664881937424, 'g_stn_gpe_mult': 4.390110926121549, 'g_gpe_stn_mult': 0.1734595951876271, 'g_stn_gpi_mult': 2.307799897369368, 'g_gpe_gpi_mult': 0.9950390332846673}. Best is trial 666 with value: 0.143208725269466.
