[I 2026-05-28 03:29:16,104] Trial 484 finished with value: 2.932071511004061 and parameters: {'ISTN': 62.65443457810004, 'I_gpe': 0.9018498925913119, 'I_gpi': 1.5523353744757054, 'noise_stn_sigma': 5.6879000541749205, 'noise_gpe_sigma': 100.6297993586341, 'noise_gpi_sigma': 111.12234651600659, 'g_stn_gpe_mult': 2.0296989753197607, 'g_gpe_stn_mult': 0.5751896246222807, 'g_stn_gpi_mult': 3.44681306856665, 'g_gpe_gpi_mult': 1.0424087486522515}. Best is trial 410 with value: 0.4608635463245284.
[I 2026-05-28 03:29:17,114] Trial 485 finished with value: 3.603516136070656 and parameters: {'ISTN': 73.0734245406571, 'I_gpe': 0.898404615099311, 'I_gpi': 1.5367345715888825, 'noise_stn_sigma': 5.427831639474642, 'noise_gpe_sigma': 78.79300839531695, 'noise_gpi_sigma': 100.61647171643155, 'g_stn_gpe_mult': 1.850356350383061, 'g_gpe_stn_mult': 0.5766742018911533, 'g_stn_gpi_mult': 3.5145401298213983, 'g_gpe_gpi_mult': 0.8503610463478277}. Best is trial 410 with value: 0.4608635463245284.
[I 2026-05-28 03:29:18,122] Trial 486 finished with value: 10.122886277390318 and parameters: {'ISTN': 68.36860996628923, 'I_gpe': 1.1336540114059939, 'I_gpi': 1.4592393817945692, 'noise_stn_sigma': 4.771650787659669, 'noise_gpe_sigma': 80.7739224470534, 'noise_gpi_sigma': 103.1388688426287, 'g_stn_gpe_mult': 1.8170782079190757, 'g_gpe_stn_mult': 0.6111958693561093, 'g_stn_gpi_mult': 3.848020717169651, 'g_gpe_gpi_mult': 0.9310933090203888}. Best is trial 410 with value: 0.4608635463245284.
[I 2026-05-28 03:29:19,134] Trial 487 finished with value: 0.824562056034396 and parameters: {'ISTN': 61.29251646393654, 'I_gpe': 0.6848920489425016, 'I_gpi': 2.0929186321294853, 'noise_stn_sigma': 7.201886048601039, 'noise_gpe_sigma': 76.70303122537804, 'noise_gpi_sigma': 119.92147394374605, 'g_stn_gpe_mult': 1.8260471891501553, 'g_gpe_stn_mult': 0.518540946828908, 'g_stn_gpi_mult': 3.8404327230494304, 'g_gpe_gpi_mult': 1.0377367458836522}. Best is trial 410 with value: 0.4608635463245284.
[I 2026-05-28 03:29:20,144] Trial 488 finished with value: 6.016244209047025 and parameters: {'ISTN': 72.69702331130559, 'I_gpe': 0.7207029027804462, 'I_gpi': 1.7717573842119043, 'noise_stn_sigma': 5.38486130539243, 'noise_gpe_sigma': 82.05076459941462, 'noise_gpi_sigma': 90.29088673159436, 'g_stn_gpe_mult': 2.229716893909879, 'g_gpe_stn_mult': 0.6403435242927656, 'g_stn_gpi_mult': 3.639293291423366, 'g_gpe_gpi_mult': 1.003705250575257}. Best is trial 410 with value: 0.4608635463245284.
[I 2026-05-28 03:29:21,153] Trial 489 finished with value: 9.200057521458831 and parameters: {'ISTN': 67.53649804703781, 'I_gpe': 0.576061026629741, 'I_gpi': 1.1201028175724903, 'noise_stn_sigma': 6.219616109979704, 'noise_gpe_sigma': 74.1163085155419, 'noise_gpi_sigma': 113.26790104137966, 'g_stn_gpe_mult': 2.0636573247477883, 'g_gpe_stn_mult': 0.4549540966050577, 'g_stn_gpi_mult': 3.565151549465218, 'g_gpe_gpi_mult': 0.977383336998918}. Best is trial 410 with value: 0.4608635463245284.
[I 2026-05-28 03:29:22,162] Trial 490 finished with value: 6.905406980985395 and parameters: {'ISTN': 61.82968713383808, 'I_gpe': 0.7713958760781465, 'I_gpi': 1.8343730858354657, 'noise_stn_sigma': 7.1531873684923974, 'noise_gpe_sigma': 76.55781245582142, 'noise_gpi_sigma': 94.52378543219824, 'g_stn_gpe_mult': 1.8078487223007005, 'g_gpe_stn_mult': 0.5312402249703608, 'g_stn_gpi_mult': 3.7957843665540545, 'g_gpe_gpi_mult': 1.1389407193326788}. Best is trial 410 with value: 0.4608635463245284.
[I 2026-05-28 03:29:23,174] Trial 491 finished with value: 7.030170254736373 and parameters: {'ISTN': 68.08540737770554, 'I_gpe': 0.924116512248849, 'I_gpi': 2.0297875428325827, 'noise_stn_sigma': 6.341043630632994, 'noise_gpe_sigma': 88.86808645564858, 'noise_gpi_sigma': 107.4109199433248, 'g_stn_gpe_mult': 1.9230191665397207, 'g_gpe_stn_mult': 0.5159796528518529, 'g_stn_gpi_mult': 3.589607516368817, 'g_gpe_gpi_mult': 1.0081733890079771}. Best is trial 410 with value: 0.4608635463245284.
[I 2026-05-28 03:29:24,184] Trial 492 finished with value: 3.1230987171255085 and parameters: {'ISTN': 63.14301297538338, 'I_gpe': 0.7428940962996031, 'I_gpi': 1.733938976067973, 'noise_stn_sigma': 6.632511761904656, 'noise_gpe_sigma': 89.80819565402773, 'noise_gpi_sigma': 114.23725043473051, 'g_stn_gpe_mult': 1.547170475328855, 'g_gpe_stn_mult': 0.5122617347870806, 'g_stn_gpi_mult': 3.726536866931774, 'g_gpe_gpi_mult': 0.9674131045487806}. Best is trial 410 with value: 0.4608635463245284.
[I 2026-05-28 03:29:25,195] Trial 493 finished with value: 8.073225419860709 and parameters: {'ISTN': 67.25553795267948, 'I_gpe': 0.6271359979357938, 'I_gpi': 2.0208198561378214, 'noise_stn_sigma': 5.916275687387977, 'noise_gpe_sigma': 84.23002417082759, 'noise_gpi_sigma': 116.3560929263588, 'g_stn_gpe_mult': 1.921138450296602, 'g_gpe_stn_mult': 0.5585518128895804, 'g_stn_gpi_mult': 3.234224292530019, 'g_gpe_gpi_mult': 0.951402714173218}. Best is trial 410 with value: 0.4608635463245284.
[I 2026-05-28 03:29:26,205] Trial 494 finished with value: 2.8419100161181605 and parameters: {'ISTN': 70.3564246133082, 'I_gpe': 0.6606070631109773, 'I_gpi': 1.497253857127714, 'noise_stn_sigma': 6.987265198041634, 'noise_gpe_sigma': 77.71439246066019, 'noise_gpi_sigma': 135.09785854100284, 'g_stn_gpe_mult': 2.152331052573694, 'g_gpe_stn_mult': 0.65137232683566, 'g_stn_gpi_mult': 3.9650849223485807, 'g_gpe_gpi_mult': 1.0236271894119817}. Best is trial 410 with value: 0.4608635463245284.
[I 2026-05-28 03:29:27,216] Trial 495 finished with value: 6.576099151697191 and parameters: {'ISTN': 71.56323420813528, 'I_gpe': 0.6346567595816616, 'I_gpi': 1.7540574595190512, 'noise_stn_sigma': 6.252156030053352, 'noise_gpe_sigma': 97.84904053063363, 'noise_gpi_sigma': 97.43314533258223, 'g_stn_gpe_mult': 1.716651036166227, 'g_gpe_stn_mult': 0.6054489949447425, 'g_stn_gpi_mult': 3.799853077286847, 'g_gpe_gpi_mult': 1.013826203353298}. Best is trial 410 with value: 0.4608635463245284.
[I 2026-05-28 03:29:28,229] Trial 496 finished with value: 9.379020589311015 and parameters: {'ISTN': 69.9759413363436, 'I_gpe': 0.9986099468321641, 'I_gpi': 1.798274137403519, 'noise_stn_sigma': 4.725635069490598, 'noise_gpe_sigma': 94.78272124884091, 'noise_gpi_sigma': 118.0993317003467, 'g_stn_gpe_mult': 1.8932571856869131, 'g_gpe_stn_mult': 0.650418043989453, 'g_stn_gpi_mult': 3.833896721611323, 'g_gpe_gpi_mult': 0.9722730119268919}. Best is trial 410 with value: 0.4608635463245284.
[I 2026-05-28 03:29:29,240] Trial 497 finished with value: 9.298749394436763 and parameters: {'ISTN': 60.37444469079018, 'I_gpe': 0.6370158529448501, 'I_gpi': 1.8173130498779373, 'noise_stn_sigma': 5.364315769945573, 'noise_gpe_sigma': 96.62756075659152, 'noise_gpi_sigma': 100.6162649837036, 'g_stn_gpe_mult': 1.7897863962784113, 'g_gpe_stn_mult': 0.5835087300119669, 'g_stn_gpi_mult': 3.501214668128307, 'g_gpe_gpi_mult': 0.9864804840781436}. Best is trial 410 with value: 0.4608635463245284.
[I 2026-05-28 03:29:30,251] Trial 498 finished with value: 6.229315962118982 and parameters: {'ISTN': 60.16205326231237, 'I_gpe': 0.6561483515316218, 'I_gpi': 2.019376437179294, 'noise_stn_sigma': 6.370719669407644, 'noise_gpe_sigma': 83.35278518903544, 'noise_gpi_sigma': 129.9073783551651, 'g_stn_gpe_mult': 1.755110568948185, 'g_gpe_stn_mult': 0.49597878107454485, 'g_stn_gpi_mult': 3.4746789528145183, 'g_gpe_gpi_mult': 0.841020214855368}. Best is trial 410 with value: 0.4608635463245284.
[I 2026-05-28 03:29:31,260] Trial 499 finished with value: 1.247337628546656 and parameters: {'ISTN': 65.02646254138261, 'I_gpe': 0.861105977047353, 'I_gpi': 1.9167460954198214, 'noise_stn_sigma': 6.736165267947721, 'noise_gpe_sigma': 88.6275369652621, 'noise_gpi_sigma': 127.81056027695985, 'g_stn_gpe_mult': 1.7942699933927349, 'g_gpe_stn_mult': 0.5693601852069079, 'g_stn_gpi_mult': 3.7625140064387956, 'g_gpe_gpi_mult': 1.0133529592499237}. Best is trial 410 with value: 0.4608635463245284.
[I 2026-05-28 03:29:32,267] Trial 500 finished with value: 3.5714162934424287 and parameters: {'ISTN': 65.30188139961405, 'I_gpe': 0.7269553407791721, 'I_gpi': 1.9972948514038862, 'noise_stn_sigma': 6.246006317040995, 'noise_gpe_sigma': 94.06608245028164, 'noise_gpi_sigma': 100.23777384824942, 'g_stn_gpe_mult': 1.671985120323547, 'g_gpe_stn_mult': 0.6828084527150945, 'g_stn_gpi_mult': 3.73907689121681, 'g_gpe_gpi_mult': 1.080630798093543}. Best is trial 410 with value: 0.4608635463245284.
[I 2026-05-28 03:29:33,276] Trial 501 finished with value: 5.879823590351076 and parameters: {'ISTN': 67.74183766939916, 'I_gpe': 0.7738889109620637, 'I_gpi': 1.9752002418316157, 'noise_stn_sigma': 6.891310040941504, 'noise_gpe_sigma': 86.31771182514098, 'noise_gpi_sigma': 115.41576012954273, 'g_stn_gpe_mult': 1.6312937840598776, 'g_gpe_stn_mult': 0.5671615011917079, 'g_stn_gpi_mult': 3.872582801185665, 'g_gpe_gpi_mult': 1.0003108252721995}. Best is trial 410 with value: 0.4608635463245284.
[I 2026-05-28 03:29:34,286] Trial 502 finished with value: 4.130520139022206 and parameters: {'ISTN': 67.1043152309561, 'I_gpe': 0.624185336677175, 'I_gpi': 1.505904891863633, 'noise_stn_sigma': 6.002774581338933, 'noise_gpe_sigma': 76.491617419997, 'noise_gpi_sigma': 127.14840585282855, 'g_stn_gpe_mult': 1.9675833051039218, 'g_gpe_stn_mult': 0.6294517717875878, 'g_stn_gpi_mult': 3.6686028847878056, 'g_gpe_gpi_mult': 0.7885369574952359}. Best is trial 410 with value: 0.4608635463245284.
[I 2026-05-28 03:29:35,297] Trial 503 finished with value: 10.61800423178734 and parameters: {'ISTN': 63.49585309496806, 'I_gpe': 0.6215878997542442, 'I_gpi': 1.9379492880664224, 'noise_stn_sigma': 7.631110171702727, 'noise_gpe_sigma': 98.52065653540745, 'noise_gpi_sigma': 127.86617720728972, 'g_stn_gpe_mult': 1.5416728514401474, 'g_gpe_stn_mult': 0.5304549166840191, 'g_stn_gpi_mult': 3.9631415591456225, 'g_gpe_gpi_mult': 1.0080848303357046}. Best is trial 410 with value: 0.4608635463245284.
[I 2026-05-28 03:29:36,306] Trial 504 finished with value: 0.7798340816280676 and parameters: {'ISTN': 63.24107478868309, 'I_gpe': 0.86937737733587, 'I_gpi': 2.3150343126685726, 'noise_stn_sigma': 6.41130578742834, 'noise_gpe_sigma': 85.66366213906774, 'noise_gpi_sigma': 126.27709551157272, 'g_stn_gpe_mult': 1.6963589049671854, 'g_gpe_stn_mult': 0.6089688029722518, 'g_stn_gpi_mult': 3.3313143538876275, 'g_gpe_gpi_mult': 1.1026740905950092}. Best is trial 410 with value: 0.4608635463245284.
[I 2026-05-28 03:29:37,315] Trial 505 finished with value: 6.009331042678108 and parameters: {'ISTN': 67.44929501214774, 'I_gpe': 0.512948929925676, 'I_gpi': 2.379175265547687, 'noise_stn_sigma': 6.7740415261728355, 'noise_gpe_sigma': 84.46761707405707, 'noise_gpi_sigma': 121.20370446218055, 'g_stn_gpe_mult': 1.7741263780187881, 'g_gpe_stn_mult': 0.46282656962325763, 'g_stn_gpi_mult': 3.3627388712236312, 'g_gpe_gpi_mult': 0.7933240674166353}. Best is trial 410 with value: 0.4608635463245284.
[I 2026-05-28 03:29:38,325] Trial 506 finished with value: 1.3559502318923065 and parameters: {'ISTN': 70.36502202934557, 'I_gpe': 0.9089216865323657, 'I_gpi': 1.9509682119343557, 'noise_stn_sigma': 6.233478015422414, 'noise_gpe_sigma': 83.2681641259833, 'noise_gpi_sigma': 124.60306459850112, 'g_stn_gpe_mult': 1.9250938167429974, 'g_gpe_stn_mult': 0.6426074555202022, 'g_stn_gpi_mult': 3.5969708577471264, 'g_gpe_gpi_mult': 0.927237269369545}. Best is trial 410 with value: 0.4608635463245284.
[I 2026-05-28 03:29:39,335] Trial 507 finished with value: 13.40914532367234 and parameters: {'ISTN': 72.27161173669535, 'I_gpe': 0.56818085999245, 'I_gpi': 1.6874446238013507, 'noise_stn_sigma': 6.093281049528247, 'noise_gpe_sigma': 90.37826953970097, 'noise_gpi_sigma': 137.15033314897218, 'g_stn_gpe_mult': 1.6007962091455785, 'g_gpe_stn_mult': 0.5997243636145877, 'g_stn_gpi_mult': 3.7653062596516818, 'g_gpe_gpi_mult': 1.029932867151849}. Best is trial 410 with value: 0.4608635463245284.
[I 2026-05-28 03:29:40,343] Trial 508 finished with value: 2.059709955939499 and parameters: {'ISTN': 60.83381262577975, 'I_gpe': 0.8449517446138701, 'I_gpi': 1.6194598392976642, 'noise_stn_sigma': 7.336451124807018, 'noise_gpe_sigma': 81.4800632821725, 'noise_gpi_sigma': 114.20101054002068, 'g_stn_gpe_mult': 1.7133941636495058, 'g_gpe_stn_mult': 0.551290207236903, 'g_stn_gpi_mult': 3.992876963833137, 'g_gpe_gpi_mult': 1.0474472254673564}. Best is trial 410 with value: 0.4608635463245284.
[I 2026-05-28 03:29:41,350] Trial 509 finished with value: 0.6702820420248922 and parameters: {'ISTN': 63.202312071095285, 'I_gpe': 0.800980213092733, 'I_gpi': 1.604181287940384, 'noise_stn_sigma': 7.362028755989313, 'noise_gpe_sigma': 87.21167758775209, 'noise_gpi_sigma': 140.7415323276918, 'g_stn_gpe_mult': 2.148825346674082, 'g_gpe_stn_mult': 0.5718561146173722, 'g_stn_gpi_mult': 3.6204955924930493, 'g_gpe_gpi_mult': 1.0287798263980332}. Best is trial 410 with value: 0.4608635463245284.
[I 2026-05-28 03:29:42,357] Trial 510 finished with value: 5.720599966701982 and parameters: {'ISTN': 61.86774304296631, 'I_gpe': 0.5287423763993057, 'I_gpi': 2.2910689253675915, 'noise_stn_sigma': 6.92756250244262, 'noise_gpe_sigma': 89.18547264252656, 'noise_gpi_sigma': 118.69543269616052, 'g_stn_gpe_mult': 1.7555170235008162, 'g_gpe_stn_mult': 0.567570871547936, 'g_stn_gpi_mult': 3.24059099255416, 'g_gpe_gpi_mult': 1.080694746251783}. Best is trial 410 with value: 0.4608635463245284.
[I 2026-05-28 03:29:43,366] Trial 511 finished with value: 12.80058210490876 and parameters: {'ISTN': 69.33923625819807, 'I_gpe': 0.5153071796943999, 'I_gpi': 2.4890504567945015, 'noise_stn_sigma': 6.660388356180634, 'noise_gpe_sigma': 90.04425893031477, 'noise_gpi_sigma': 126.85877466664998, 'g_stn_gpe_mult': 2.102772388452033, 'g_gpe_stn_mult': 0.485743802956223, 'g_stn_gpi_mult': 3.3275469265234827, 'g_gpe_gpi_mult': 1.1005842987446324}. Best is trial 410 with value: 0.4608635463245284.
[I 2026-05-28 03:29:44,376] Trial 512 finished with value: 6.12755685444902 and parameters: {'ISTN': 70.9037067402358, 'I_gpe': 0.6929301274698009, 'I_gpi': 2.328866810714347, 'noise_stn_sigma': 6.348715788683344, 'noise_gpe_sigma': 81.66715307894435, 'noise_gpi_sigma': 127.60574902732769, 'g_stn_gpe_mult': 1.9249108311377698, 'g_gpe_stn_mult': 0.6005870082242937, 'g_stn_gpi_mult': 3.6297958300904902, 'g_gpe_gpi_mult': 1.1928920605481865}. Best is trial 410 with value: 0.4608635463245284.
[I 2026-05-28 03:29:45,383] Trial 513 finished with value: 4.346608195948178 and parameters: {'ISTN': 64.07202366179762, 'I_gpe': 0.8599173292358869, 'I_gpi': 1.4132901490717968, 'noise_stn_sigma': 6.6045985493349235, 'noise_gpe_sigma': 84.5897006349585, 'noise_gpi_sigma': 120.59501665528727, 'g_stn_gpe_mult': 2.0509367836538663, 'g_gpe_stn_mult': 0.7087883571134477, 'g_stn_gpi_mult': 3.7440135955319396, 'g_gpe_gpi_mult': 1.0217723154039198}. Best is trial 410 with value: 0.4608635463245284.
[I 2026-05-28 03:29:46,389] Trial 514 finished with value: 6.195667474248551 and parameters: {'ISTN': 72.41728237178098, 'I_gpe': 0.5723494403079319, 'I_gpi': 1.2897896270045484, 'noise_stn_sigma': 5.9331266435686425, 'noise_gpe_sigma': 79.58794131487312, 'noise_gpi_sigma': 121.72278730189682, 'g_stn_gpe_mult': 2.196817865710087, 'g_gpe_stn_mult': 0.5637974786892916, 'g_stn_gpi_mult': 3.599917770315861, 'g_gpe_gpi_mult': 0.9223968840423715}. Best is trial 410 with value: 0.4608635463245284.
[I 2026-05-28 03:29:47,395] Trial 515 finished with value: 2.7640944642962593 and parameters: {'ISTN': 65.89928923815664, 'I_gpe': 0.6077857071362116, 'I_gpi': 2.0132239140044508, 'noise_stn_sigma': 7.264111022673299, 'noise_gpe_sigma': 84.2115024694741, 'noise_gpi_sigma': 144.8764326450193, 'g_stn_gpe_mult': 2.237858779707901, 'g_gpe_stn_mult': 0.5186315066658609, 'g_stn_gpi_mult': 3.1776496993061256, 'g_gpe_gpi_mult': 0.9982928153246138}. Best is trial 410 with value: 0.4608635463245284.
[I 2026-05-28 03:29:48,405] Trial 516 finished with value: 3.9764112556695927 and parameters: {'ISTN': 66.82702328261793, 'I_gpe': 0.7525485480384014, 'I_gpi': 1.6507276768041292, 'noise_stn_sigma': 7.246539880098504, 'noise_gpe_sigma': 80.90333908998934, 'noise_gpi_sigma': 149.7989958319307, 'g_stn_gpe_mult': 2.06744193561926, 'g_gpe_stn_mult': 0.45118154902608, 'g_stn_gpi_mult': 3.417015077831859, 'g_gpe_gpi_mult': 0.8436630925600734}. Best is trial 410 with value: 0.4608635463245284.
[I 2026-05-28 03:29:49,417] Trial 517 finished with value: 7.7985513526922015 and parameters: {'ISTN': 61.62828539605418, 'I_gpe': 0.9986000020907866, 'I_gpi': 1.6514765156831002, 'noise_stn_sigma': 7.127050022166671, 'noise_gpe_sigma': 95.03978950976607, 'noise_gpi_sigma': 149.18590004717396, 'g_stn_gpe_mult': 1.988649542626919, 'g_gpe_stn_mult': 0.5440100949534038, 'g_stn_gpi_mult': 3.614015501844924, 'g_gpe_gpi_mult': 0.9856589731274987}. Best is trial 410 with value: 0.4608635463245284.
[I 2026-05-28 03:29:50,424] Trial 518 finished with value: 0.8169376978376285 and parameters: {'ISTN': 64.06384680509764, 'I_gpe': 0.8389172137061126, 'I_gpi': 1.6010241645946566, 'noise_stn_sigma': 6.178633027133607, 'noise_gpe_sigma': 83.87178705718117, 'noise_gpi_sigma': 127.89981642437262, 'g_stn_gpe_mult': 1.579724366229673, 'g_gpe_stn_mult': 0.557723325410883, 'g_stn_gpi_mult': 3.557892034440728, 'g_gpe_gpi_mult': 0.9468165468089176}. Best is trial 410 with value: 0.4608635463245284.
[I 2026-05-28 03:29:51,430] Trial 519 finished with value: 3.5534461158914534 and parameters: {'ISTN': 73.57304791979344, 'I_gpe': 0.8314752127761296, 'I_gpi': 1.0855726404896384, 'noise_stn_sigma': 6.6233534694299285, 'noise_gpe_sigma': 87.38726375051087, 'noise_gpi_sigma': 135.85102454938453, 'g_stn_gpe_mult': 1.9253902822179294, 'g_gpe_stn_mult': 0.5968295149825004, 'g_stn_gpi_mult': 3.553544890924382, 'g_gpe_gpi_mult': 0.8654573995656245}. Best is trial 410 with value: 0.4608635463245284.
[I 2026-05-28 03:29:52,438] Trial 520 finished with value: 2.7169158466686096 and parameters: {'ISTN': 70.5664268811346, 'I_gpe': 0.8881105387449832, 'I_gpi': 1.7467789038956951, 'noise_stn_sigma': 6.806711000811332, 'noise_gpe_sigma': 89.15886385958684, 'noise_gpi_sigma': 134.2862589707765, 'g_stn_gpe_mult': 1.784591313380933, 'g_gpe_stn_mult': 0.6479170638453093, 'g_stn_gpi_mult': 3.600657940631064, 'g_gpe_gpi_mult': 0.9745075136889745}. Best is trial 410 with value: 0.4608635463245284.
[I 2026-05-28 03:29:53,447] Trial 521 finished with value: 1.7879159255657413 and parameters: {'ISTN': 68.15640898160008, 'I_gpe': 0.8684667811515363, 'I_gpi': 1.4003618705438303, 'noise_stn_sigma': 6.987289880210907, 'noise_gpe_sigma': 80.98397468990649, 'noise_gpi_sigma': 140.8028485224125, 'g_stn_gpe_mult': 1.836400045645841, 'g_gpe_stn_mult': 0.6082677696480456, 'g_stn_gpi_mult': 3.803420198739955, 'g_gpe_gpi_mult': 0.931430894537377}. Best is trial 410 with value: 0.4608635463245284.
[I 2026-05-28 03:29:54,456] Trial 522 finished with value: 5.275846942588139 and parameters: {'ISTN': 72.89330981948595, 'I_gpe': 0.6816486955226619, 'I_gpi': 1.7372509097298365, 'noise_stn_sigma': 6.555258108995043, 'noise_gpe_sigma': 87.4372991072691, 'noise_gpi_sigma': 134.65077317308334, 'g_stn_gpe_mult': 1.5555108621606732, 'g_gpe_stn_mult': 0.5915641932703953, 'g_stn_gpi_mult': 3.52867949131985, 'g_gpe_gpi_mult': 0.8998891284804844}. Best is trial 410 with value: 0.4608635463245284.
[I 2026-05-28 03:29:55,465] Trial 523 finished with value: 6.4562088015050545 and parameters: {'ISTN': 76.44031850742634, 'I_gpe': 0.7696018970781262, 'I_gpi': 1.698098395404343, 'noise_stn_sigma': 6.859302273109896, 'noise_gpe_sigma': 91.05908941035655, 'noise_gpi_sigma': 140.9358451978129, 'g_stn_gpe_mult': 1.5454922843953687, 'g_gpe_stn_mult': 0.5083639550044823, 'g_stn_gpi_mult': 3.134470765064984, 'g_gpe_gpi_mult': 0.8760313677214071}. Best is trial 410 with value: 0.4608635463245284.
[I 2026-05-28 03:29:56,473] Trial 524 finished with value: 6.838830973782471 and parameters: {'ISTN': 73.24384656778786, 'I_gpe': 0.7592206798340726, 'I_gpi': 1.6804990994792903, 'noise_stn_sigma': 6.916539656215292, 'noise_gpe_sigma': 101.47406483017801, 'noise_gpi_sigma': 144.26903626689727, 'g_stn_gpe_mult': 1.524321405957241, 'g_gpe_stn_mult': 0.5553082996372738, 'g_stn_gpi_mult': 3.2299732746283945, 'g_gpe_gpi_mult': 0.9265219293081137}. Best is trial 410 with value: 0.4608635463245284.
[I 2026-05-28 03:29:57,481] Trial 525 finished with value: 6.065797382818798 and parameters: {'ISTN': 65.73302690882636, 'I_gpe': 0.9143246009473864, 'I_gpi': 1.7189991877578008, 'noise_stn_sigma': 6.804889295693824, 'noise_gpe_sigma': 76.72543089436425, 'noise_gpi_sigma': 124.11464897732722, 'g_stn_gpe_mult': 1.7141077374200577, 'g_gpe_stn_mult': 0.5918809010588785, 'g_stn_gpi_mult': 3.5729383402812447, 'g_gpe_gpi_mult': 1.030960589205433}. Best is trial 410 with value: 0.4608635463245284.
[I 2026-05-28 03:29:58,488] Trial 526 finished with value: 5.823924446313995 and parameters: {'ISTN': 68.67549445088977, 'I_gpe': 0.7882721948376374, 'I_gpi': 1.1743849961256965, 'noise_stn_sigma': 6.396678351265747, 'noise_gpe_sigma': 91.21546489263716, 'noise_gpi_sigma': 122.50769829450918, 'g_stn_gpe_mult': 1.7170015858284775, 'g_gpe_stn_mult': 0.5176912183235824, 'g_stn_gpi_mult': 3.3453314661551334, 'g_gpe_gpi_mult': 0.9068342022082334}. Best is trial 410 with value: 0.4608635463245284.
[I 2026-05-28 03:29:59,498] Trial 527 finished with value: 0.7637439405698301 and parameters: {'ISTN': 64.81161704470833, 'I_gpe': 0.7613763901976708, 'I_gpi': 2.135652464720393, 'noise_stn_sigma': 7.152798624017882, 'noise_gpe_sigma': 86.89324498616834, 'noise_gpi_sigma': 137.23320205632567, 'g_stn_gpe_mult': 1.9180317300041738, 'g_gpe_stn_mult': 0.4677988616412909, 'g_stn_gpi_mult': 3.0763252600702877, 'g_gpe_gpi_mult': 1.0362008232858964}. Best is trial 410 with value: 0.4608635463245284.
