[I 2026-05-28 03:27:47,437] Trial 396 finished with value: 6.179345233830281 and parameters: {'ISTN': 62.5773183651773, 'I_gpe': 1.3396909595248683, 'I_gpi': 1.3860120359581258, 'noise_stn_sigma': 4.5199869478678805, 'noise_gpe_sigma': 79.92177894293452, 'noise_gpi_sigma': 88.49825781688781, 'g_stn_gpe_mult': 2.3018077522719826, 'g_gpe_stn_mult': 0.6789861675816276, 'g_stn_gpi_mult': 3.6037723024666395, 'g_gpe_gpi_mult': 0.8786507241390544}. Best is trial 391 with value: 0.4655629607252374.
[I 2026-05-28 03:27:48,445] Trial 397 finished with value: 12.009194706530987 and parameters: {'ISTN': 65.66990836225456, 'I_gpe': 1.4875245359353717, 'I_gpi': 1.4570978313567253, 'noise_stn_sigma': 4.986089954561105, 'noise_gpe_sigma': 71.06759737677513, 'noise_gpi_sigma': 100.25034409567002, 'g_stn_gpe_mult': 2.7273144710278467, 'g_gpe_stn_mult': 0.6151904249604797, 'g_stn_gpi_mult': 3.4934278050164296, 'g_gpe_gpi_mult': 0.8773570852173471}. Best is trial 391 with value: 0.4655629607252374.
[I 2026-05-28 03:27:49,454] Trial 398 finished with value: 1.6787094155886875 and parameters: {'ISTN': 62.01481248297099, 'I_gpe': 1.114145953667725, 'I_gpi': 1.3676501868765099, 'noise_stn_sigma': 4.61262457038674, 'noise_gpe_sigma': 74.71807763115524, 'noise_gpi_sigma': 91.96107204878233, 'g_stn_gpe_mult': 2.538698911449072, 'g_gpe_stn_mult': 0.6834146135081768, 'g_stn_gpi_mult': 3.206595832153037, 'g_gpe_gpi_mult': 1.0113832384964552}. Best is trial 391 with value: 0.4655629607252374.
[I 2026-05-28 03:27:50,461] Trial 399 finished with value: 1.2501092605251216 and parameters: {'ISTN': 72.88132524089302, 'I_gpe': 1.162764360286729, 'I_gpi': 1.4948293330396727, 'noise_stn_sigma': 4.569854203904521, 'noise_gpe_sigma': 64.92028789508211, 'noise_gpi_sigma': 95.25899061062202, 'g_stn_gpe_mult': 2.5963050173522126, 'g_gpe_stn_mult': 0.6683278721791148, 'g_stn_gpi_mult': 3.3654220748177903, 'g_gpe_gpi_mult': 0.9342924900638157}. Best is trial 391 with value: 0.4655629607252374.
[I 2026-05-28 03:27:51,467] Trial 400 finished with value: 6.0663415656148985 and parameters: {'ISTN': 66.38935253135304, 'I_gpe': 0.8673712285779548, 'I_gpi': 1.4329398017497694, 'noise_stn_sigma': 5.27917703213167, 'noise_gpe_sigma': 65.71008378897382, 'noise_gpi_sigma': 79.75756228998776, 'g_stn_gpe_mult': 2.5863027012960123, 'g_gpe_stn_mult': 0.6923687808961073, 'g_stn_gpi_mult': 3.584873641025615, 'g_gpe_gpi_mult': 0.8865221462294279}. Best is trial 391 with value: 0.4655629607252374.
[I 2026-05-28 03:27:52,477] Trial 401 finished with value: 2.5831149001697304 and parameters: {'ISTN': 67.17841365417264, 'I_gpe': 1.2504153792915789, 'I_gpi': 1.1877556655581418, 'noise_stn_sigma': 3.856697346471851, 'noise_gpe_sigma': 69.25691898005681, 'noise_gpi_sigma': 94.21706652458641, 'g_stn_gpe_mult': 2.597392251593574, 'g_gpe_stn_mult': 0.7238571804033732, 'g_stn_gpi_mult': 3.57239607668864, 'g_gpe_gpi_mult': 0.9359775520268416}. Best is trial 391 with value: 0.4655629607252374.
[I 2026-05-28 03:27:53,484] Trial 402 finished with value: 5.108981446022632 and parameters: {'ISTN': 62.022422493224234, 'I_gpe': 0.8370155536259519, 'I_gpi': 1.4978491659958841, 'noise_stn_sigma': 5.015615245829605, 'noise_gpe_sigma': 65.0196470219816, 'noise_gpi_sigma': 81.05710994902887, 'g_stn_gpe_mult': 2.3290332029472918, 'g_gpe_stn_mult': 0.61893351067705, 'g_stn_gpi_mult': 3.7621979902299802, 'g_gpe_gpi_mult': 0.8715246847007296}. Best is trial 391 with value: 0.4655629607252374.
[I 2026-05-28 03:27:54,493] Trial 403 finished with value: 8.704434812278 and parameters: {'ISTN': 66.83455708823783, 'I_gpe': 1.1084947089779653, 'I_gpi': 1.8727119997920052, 'noise_stn_sigma': 4.7661754456942536, 'noise_gpe_sigma': 63.23531349209894, 'noise_gpi_sigma': 84.06808596529363, 'g_stn_gpe_mult': 2.32459951260009, 'g_gpe_stn_mult': 0.7082346936462859, 'g_stn_gpi_mult': 3.605627218897751, 'g_gpe_gpi_mult': 0.9933079139792385}. Best is trial 391 with value: 0.4655629607252374.
[I 2026-05-28 03:27:55,505] Trial 404 finished with value: 12.673599286620917 and parameters: {'ISTN': 62.85732440582399, 'I_gpe': 1.072031500548213, 'I_gpi': 1.1631247320635432, 'noise_stn_sigma': 4.00243746964144, 'noise_gpe_sigma': 64.85598278621093, 'noise_gpi_sigma': 79.6801439644714, 'g_stn_gpe_mult': 2.7703361545229352, 'g_gpe_stn_mult': 0.623629575503338, 'g_stn_gpi_mult': 3.4562791243263895, 'g_gpe_gpi_mult': 0.8723849764378964}. Best is trial 391 with value: 0.4655629607252374.
[I 2026-05-28 03:27:56,511] Trial 405 finished with value: 0.6685497344361964 and parameters: {'ISTN': 64.3680919607515, 'I_gpe': 1.263021942739975, 'I_gpi': 1.6004399477596083, 'noise_stn_sigma': 4.514415643760513, 'noise_gpe_sigma': 67.11290037319287, 'noise_gpi_sigma': 91.18115593970997, 'g_stn_gpe_mult': 2.133105169556113, 'g_gpe_stn_mult': 0.7306315683733393, 'g_stn_gpi_mult': 3.5271930263642517, 'g_gpe_gpi_mult': 0.9895341383207745}. Best is trial 391 with value: 0.4655629607252374.
[I 2026-05-28 03:27:57,517] Trial 406 finished with value: 8.3493821188063 and parameters: {'ISTN': 62.672057290219165, 'I_gpe': 1.6127122317526728, 'I_gpi': 1.0242573965752326, 'noise_stn_sigma': 4.249161181176341, 'noise_gpe_sigma': 65.78094052931746, 'noise_gpi_sigma': 96.23800537498427, 'g_stn_gpe_mult': 2.439519997792141, 'g_gpe_stn_mult': 0.7719779655305105, 'g_stn_gpi_mult': 3.490964526408252, 'g_gpe_gpi_mult': 0.864898709256666}. Best is trial 391 with value: 0.4655629607252374.
[I 2026-05-28 03:27:58,526] Trial 407 finished with value: 6.483168445572073 and parameters: {'ISTN': 65.42021686895158, 'I_gpe': 1.140625687264417, 'I_gpi': 1.932910787606918, 'noise_stn_sigma': 4.356569200640145, 'noise_gpe_sigma': 70.06451849135742, 'noise_gpi_sigma': 61.20766541335166, 'g_stn_gpe_mult': 2.6176400006021576, 'g_gpe_stn_mult': 0.6929904991074587, 'g_stn_gpi_mult': 3.6965323056558557, 'g_gpe_gpi_mult': 1.049929318182142}. Best is trial 391 with value: 0.4655629607252374.
[I 2026-05-28 03:27:59,534] Trial 408 finished with value: 2.3894943494945298 and parameters: {'ISTN': 71.67013730340274, 'I_gpe': 0.8436132666418321, 'I_gpi': 1.3303342230818511, 'noise_stn_sigma': 4.7540428236501775, 'noise_gpe_sigma': 63.896661072169174, 'noise_gpi_sigma': 93.5061676414827, 'g_stn_gpe_mult': 2.372851232025303, 'g_gpe_stn_mult': 0.6415347613000736, 'g_stn_gpi_mult': 3.382328833254648, 'g_gpe_gpi_mult': 0.9152474177806769}. Best is trial 391 with value: 0.4655629607252374.
[I 2026-05-28 03:28:00,540] Trial 409 finished with value: 8.0397789288809 and parameters: {'ISTN': 72.9170072836546, 'I_gpe': 1.123254063397333, 'I_gpi': 1.1040692671237577, 'noise_stn_sigma': 4.7025144229552165, 'noise_gpe_sigma': 63.969268965694, 'noise_gpi_sigma': 98.7602784564822, 'g_stn_gpe_mult': 2.6982806516640716, 'g_gpe_stn_mult': 0.7335166934602245, 'g_stn_gpi_mult': 3.6763751007522485, 'g_gpe_gpi_mult': 0.8423621784838384}. Best is trial 391 with value: 0.4655629607252374.
[I 2026-05-28 03:28:01,550] Trial 410 finished with value: 0.4608635463245284 and parameters: {'ISTN': 63.36868686143837, 'I_gpe': 1.2908078328954056, 'I_gpi': 1.242738224154392, 'noise_stn_sigma': 4.678343343240054, 'noise_gpe_sigma': 70.05767768841613, 'noise_gpi_sigma': 82.71349943802875, 'g_stn_gpe_mult': 2.3132042188415127, 'g_gpe_stn_mult': 0.7552995721001364, 'g_stn_gpi_mult': 3.5541789979084504, 'g_gpe_gpi_mult': 0.9362473238381976}. Best is trial 410 with value: 0.4608635463245284.
[I 2026-05-28 03:28:02,560] Trial 411 finished with value: 5.112592708132137 and parameters: {'ISTN': 66.4445727587887, 'I_gpe': 1.2285015391669334, 'I_gpi': 1.0285572400059515, 'noise_stn_sigma': 4.163688255849451, 'noise_gpe_sigma': 70.11835578406811, 'noise_gpi_sigma': 87.43955270253635, 'g_stn_gpe_mult': 2.2188063096787527, 'g_gpe_stn_mult': 0.6962654624643763, 'g_stn_gpi_mult': 3.1108090900717786, 'g_gpe_gpi_mult': 1.0321978125619355}. Best is trial 410 with value: 0.4608635463245284.
[I 2026-05-28 03:28:03,569] Trial 412 finished with value: 4.888139005759685 and parameters: {'ISTN': 60.71986722639261, 'I_gpe': 1.388633776123803, 'I_gpi': 1.1097723116838654, 'noise_stn_sigma': 4.380662691027101, 'noise_gpe_sigma': 65.5809292235, 'noise_gpi_sigma': 96.7063700678501, 'g_stn_gpe_mult': 2.407742310469431, 'g_gpe_stn_mult': 0.6976235253020325, 'g_stn_gpi_mult': 3.6817868014600252, 'g_gpe_gpi_mult': 0.9416584630516325}. Best is trial 410 with value: 0.4608635463245284.
[I 2026-05-28 03:28:04,576] Trial 413 finished with value: 10.807308181597088 and parameters: {'ISTN': 66.09726099414975, 'I_gpe': 1.2011271119223499, 'I_gpi': 1.3928219876808732, 'noise_stn_sigma': 5.1391989544545265, 'noise_gpe_sigma': 60.016885967193694, 'noise_gpi_sigma': 90.89284431764524, 'g_stn_gpe_mult': 2.2432601981095783, 'g_gpe_stn_mult': 0.7046757928918755, 'g_stn_gpi_mult': 3.913045753823389, 'g_gpe_gpi_mult': 0.9474752750968745}. Best is trial 410 with value: 0.4608635463245284.
[I 2026-05-28 03:28:05,584] Trial 414 finished with value: 1.2548067755901966 and parameters: {'ISTN': 70.1447194683323, 'I_gpe': 0.8048973025403969, 'I_gpi': 1.546337112218741, 'noise_stn_sigma': 5.045390245589726, 'noise_gpe_sigma': 75.77143295023515, 'noise_gpi_sigma': 92.94713782969274, 'g_stn_gpe_mult': 2.153485254096218, 'g_gpe_stn_mult': 0.6493261151012516, 'g_stn_gpi_mult': 3.4132819053312757, 'g_gpe_gpi_mult': 0.9286370497426066}. Best is trial 410 with value: 0.4608635463245284.
[I 2026-05-28 03:28:06,594] Trial 415 finished with value: 2.852993153519585 and parameters: {'ISTN': 69.53023784209323, 'I_gpe': 1.2183848744353343, 'I_gpi': 1.1484540224064765, 'noise_stn_sigma': 4.053630209206557, 'noise_gpe_sigma': 74.09241268483196, 'noise_gpi_sigma': 90.8528382499357, 'g_stn_gpe_mult': 2.2959703802486553, 'g_gpe_stn_mult': 0.7814524674734049, 'g_stn_gpi_mult': 3.650757286107489, 'g_gpe_gpi_mult': 0.992576725400234}. Best is trial 410 with value: 0.4608635463245284.
[I 2026-05-28 03:28:07,602] Trial 416 finished with value: 5.794747187506257 and parameters: {'ISTN': 63.15551949747641, 'I_gpe': 1.0379846283065015, 'I_gpi': 1.396844015182802, 'noise_stn_sigma': 5.2876936641917975, 'noise_gpe_sigma': 69.48806564727914, 'noise_gpi_sigma': 97.75086133078305, 'g_stn_gpe_mult': 2.517323716880294, 'g_gpe_stn_mult': 0.6652699512244465, 'g_stn_gpi_mult': 3.341897830254333, 'g_gpe_gpi_mult': 0.8371434420438764}. Best is trial 410 with value: 0.4608635463245284.
[I 2026-05-28 03:28:08,610] Trial 417 finished with value: 11.819105252773763 and parameters: {'ISTN': 61.09436052259203, 'I_gpe': 1.5334585661547941, 'I_gpi': 1.1643000049449752, 'noise_stn_sigma': 4.547918387609353, 'noise_gpe_sigma': 59.21720656303515, 'noise_gpi_sigma': 92.60677899298767, 'g_stn_gpe_mult': 2.289171658031544, 'g_gpe_stn_mult': 0.7944347170690562, 'g_stn_gpi_mult': 3.7033503639964938, 'g_gpe_gpi_mult': 1.0199610185030776}. Best is trial 410 with value: 0.4608635463245284.
[I 2026-05-28 03:28:09,617] Trial 418 finished with value: 1.538934616414871 and parameters: {'ISTN': 63.5716711991652, 'I_gpe': 1.2882694608210428, 'I_gpi': 1.2616170566616918, 'noise_stn_sigma': 4.676705798053838, 'noise_gpe_sigma': 83.06329979998628, 'noise_gpi_sigma': 83.40369680449825, 'g_stn_gpe_mult': 1.8379032750203008, 'g_gpe_stn_mult': 0.7016277646232811, 'g_stn_gpi_mult': 3.381892381935268, 'g_gpe_gpi_mult': 0.932881349930855}. Best is trial 410 with value: 0.4608635463245284.
[I 2026-05-28 03:28:10,626] Trial 419 finished with value: 1.4866497429249428 and parameters: {'ISTN': 69.66078134197288, 'I_gpe': 1.277631002089172, 'I_gpi': 1.3536447983038045, 'noise_stn_sigma': 5.080699438576705, 'noise_gpe_sigma': 66.5882993553625, 'noise_gpi_sigma': 98.52605410837825, 'g_stn_gpe_mult': 2.3821204140877934, 'g_gpe_stn_mult': 0.7575330977290468, 'g_stn_gpi_mult': 3.886751818868106, 'g_gpe_gpi_mult': 1.0034724541094513}. Best is trial 410 with value: 0.4608635463245284.
[I 2026-05-28 03:28:11,634] Trial 420 finished with value: 6.744620272833476 and parameters: {'ISTN': 66.31005777347539, 'I_gpe': 1.4567867926012408, 'I_gpi': 1.7818406471100072, 'noise_stn_sigma': 5.260840496524188, 'noise_gpe_sigma': 74.6011095891765, 'noise_gpi_sigma': 78.28203232528854, 'g_stn_gpe_mult': 2.5166032538046235, 'g_gpe_stn_mult': 0.7369912887678305, 'g_stn_gpi_mult': 3.9047634709718144, 'g_gpe_gpi_mult': 0.9734284506257069}. Best is trial 410 with value: 0.4608635463245284.
[I 2026-05-28 03:28:12,641] Trial 421 finished with value: 13.536711041619004 and parameters: {'ISTN': 73.28923926353326, 'I_gpe': 0.9548992679922438, 'I_gpi': 1.0819450383988833, 'noise_stn_sigma': 4.7332487106244185, 'noise_gpe_sigma': 84.894052399357, 'noise_gpi_sigma': 101.3759711238118, 'g_stn_gpe_mult': 2.2315409842072262, 'g_gpe_stn_mult': 0.6990878370409678, 'g_stn_gpi_mult': 3.4872839098906274, 'g_gpe_gpi_mult': 1.0337007347819893}. Best is trial 410 with value: 0.4608635463245284.
[I 2026-05-28 03:28:13,648] Trial 422 finished with value: 1.6033709348304654 and parameters: {'ISTN': 63.469738584641036, 'I_gpe': 1.3113587773952227, 'I_gpi': 1.6041492250059357, 'noise_stn_sigma': 5.079885322379972, 'noise_gpe_sigma': 73.61398798440783, 'noise_gpi_sigma': 100.4950796430306, 'g_stn_gpe_mult': 2.1797980966532817, 'g_gpe_stn_mult': 0.7219616538845082, 'g_stn_gpi_mult': 3.618474385921228, 'g_gpe_gpi_mult': 0.9922480861453973}. Best is trial 410 with value: 0.4608635463245284.
[I 2026-05-28 03:28:14,656] Trial 423 finished with value: 4.16433611512804 and parameters: {'ISTN': 68.03845389272787, 'I_gpe': 0.6633628162506018, 'I_gpi': 1.7579478622506266, 'noise_stn_sigma': 5.103152445300656, 'noise_gpe_sigma': 73.59891791715086, 'noise_gpi_sigma': 80.35276457166498, 'g_stn_gpe_mult': 2.254574917160891, 'g_gpe_stn_mult': 0.7621841774901936, 'g_stn_gpi_mult': 3.699855731332134, 'g_gpe_gpi_mult': 0.9816268738385392}. Best is trial 410 with value: 0.4608635463245284.
[I 2026-05-28 03:28:15,663] Trial 424 finished with value: 7.165324690528192 and parameters: {'ISTN': 60.508581561338, 'I_gpe': 0.7789161886948356, 'I_gpi': 1.404175516752442, 'noise_stn_sigma': 5.0783314565805435, 'noise_gpe_sigma': 72.09019467030564, 'noise_gpi_sigma': 89.8441269508264, 'g_stn_gpe_mult': 2.01510026357234, 'g_gpe_stn_mult': 0.645163703045959, 'g_stn_gpi_mult': 3.5251642145664865, 'g_gpe_gpi_mult': 1.0227798715912144}. Best is trial 410 with value: 0.4608635463245284.
[I 2026-05-28 03:28:16,671] Trial 425 finished with value: 1.033165299863978 and parameters: {'ISTN': 60.323080471789154, 'I_gpe': 1.2427116843690125, 'I_gpi': 1.2367965757918227, 'noise_stn_sigma': 6.197849262672873, 'noise_gpe_sigma': 71.72808554892522, 'noise_gpi_sigma': 89.57639384055403, 'g_stn_gpe_mult': 2.350109943809491, 'g_gpe_stn_mult': 0.5807184631164399, 'g_stn_gpi_mult': 3.503021167615728, 'g_gpe_gpi_mult': 1.047265354094651}. Best is trial 410 with value: 0.4608635463245284.
[I 2026-05-28 03:28:17,680] Trial 426 finished with value: 3.8931894270910368 and parameters: {'ISTN': 63.06232605573207, 'I_gpe': 1.1981335312991623, 'I_gpi': 1.7528957398419391, 'noise_stn_sigma': 5.431734664490754, 'noise_gpe_sigma': 74.10374088753417, 'noise_gpi_sigma': 86.98643119706291, 'g_stn_gpe_mult': 2.274322994438463, 'g_gpe_stn_mult': 0.6549034416368567, 'g_stn_gpi_mult': 3.3009952437381838, 'g_gpe_gpi_mult': 0.8930241174694411}. Best is trial 410 with value: 0.4608635463245284.
[I 2026-05-28 03:28:18,690] Trial 427 finished with value: 6.15679805223678 and parameters: {'ISTN': 76.36156904305044, 'I_gpe': 0.9069494003681589, 'I_gpi': 1.0732522050342452, 'noise_stn_sigma': 4.750874247714148, 'noise_gpe_sigma': 80.7245806508885, 'noise_gpi_sigma': 107.6036878796233, 'g_stn_gpe_mult': 1.9380680223322746, 'g_gpe_stn_mult': 0.7787846013693229, 'g_stn_gpi_mult': 3.6275120432551544, 'g_gpe_gpi_mult': 0.9146962308697515}. Best is trial 410 with value: 0.4608635463245284.
[I 2026-05-28 03:28:19,696] Trial 428 finished with value: 8.005747815645702 and parameters: {'ISTN': 74.31923933645275, 'I_gpe': 1.0549306924780395, 'I_gpi': 1.2412036064385927, 'noise_stn_sigma': 5.451877742642045, 'noise_gpe_sigma': 70.27651798361977, 'noise_gpi_sigma': 89.32366305727393, 'g_stn_gpe_mult': 2.232259492066562, 'g_gpe_stn_mult': 0.7299277260729173, 'g_stn_gpi_mult': 3.6010177460110886, 'g_gpe_gpi_mult': 1.089470791505121}. Best is trial 410 with value: 0.4608635463245284.
[I 2026-05-28 03:28:20,703] Trial 429 finished with value: 8.742806165751704 and parameters: {'ISTN': 72.70315088243126, 'I_gpe': 0.9821247538999807, 'I_gpi': 1.5142502072754993, 'noise_stn_sigma': 5.200533852435601, 'noise_gpe_sigma': 77.65694794400692, 'noise_gpi_sigma': 93.69324936025107, 'g_stn_gpe_mult': 2.392135538863289, 'g_gpe_stn_mult': 0.6568078638632044, 'g_stn_gpi_mult': 3.325539229833596, 'g_gpe_gpi_mult': 1.1012170000066568}. Best is trial 410 with value: 0.4608635463245284.
[I 2026-05-28 03:28:21,708] Trial 430 finished with value: 11.999720801465495 and parameters: {'ISTN': 67.63897391236954, 'I_gpe': 0.9710286953902627, 'I_gpi': 1.127746243258009, 'noise_stn_sigma': 5.5991734519393805, 'noise_gpe_sigma': 63.267444190679285, 'noise_gpi_sigma': 98.09600081530441, 'g_stn_gpe_mult': 2.4145447552173067, 'g_gpe_stn_mult': 0.722952604153822, 'g_stn_gpi_mult': 3.538888028226107, 'g_gpe_gpi_mult': 1.0254086833043448}. Best is trial 410 with value: 0.4608635463245284.
[I 2026-05-28 03:28:22,719] Trial 431 finished with value: 1.0410621873729862 and parameters: {'ISTN': 62.980168319370186, 'I_gpe': 1.2467979650651726, 'I_gpi': 1.4119693026574613, 'noise_stn_sigma': 5.359429295637094, 'noise_gpe_sigma': 65.46720702971568, 'noise_gpi_sigma': 91.87574778111346, 'g_stn_gpe_mult': 2.020390607484199, 'g_gpe_stn_mult': 0.6626509102665292, 'g_stn_gpi_mult': 3.8595697114296477, 'g_gpe_gpi_mult': 1.0745844510135583}. Best is trial 410 with value: 0.4608635463245284.
[I 2026-05-28 03:28:23,726] Trial 432 finished with value: 4.5043500499719045 and parameters: {'ISTN': 67.29233195407443, 'I_gpe': 0.7977557628944428, 'I_gpi': 2.174231735885289, 'noise_stn_sigma': 5.204364133121388, 'noise_gpe_sigma': 93.54374313900867, 'noise_gpi_sigma': 110.66004571195388, 'g_stn_gpe_mult': 2.058433080572225, 'g_gpe_stn_mult': 0.6509669163831944, 'g_stn_gpi_mult': 3.2906337541944346, 'g_gpe_gpi_mult': 1.062202540053186}. Best is trial 410 with value: 0.4608635463245284.
[I 2026-05-28 03:28:24,734] Trial 433 finished with value: 2.236040185490349 and parameters: {'ISTN': 72.9900883416905, 'I_gpe': 0.8934477868390001, 'I_gpi': 1.7026645877827091, 'noise_stn_sigma': 5.628027005046182, 'noise_gpe_sigma': 70.30189151635966, 'noise_gpi_sigma': 87.55770657013544, 'g_stn_gpe_mult': 2.147784852226324, 'g_gpe_stn_mult': 0.6467303683394776, 'g_stn_gpi_mult': 3.577594597929772, 'g_gpe_gpi_mult': 1.073451212855073}. Best is trial 410 with value: 0.4608635463245284.
[I 2026-05-28 03:28:25,742] Trial 434 finished with value: 9.529832439562277 and parameters: {'ISTN': 60.47232988103105, 'I_gpe': 1.0565736909790528, 'I_gpi': 1.6110048187460486, 'noise_stn_sigma': 5.330712367046912, 'noise_gpe_sigma': 78.69221512308694, 'noise_gpi_sigma': 96.69253798510881, 'g_stn_gpe_mult': 2.0100028863968697, 'g_gpe_stn_mult': 0.5729214903156522, 'g_stn_gpi_mult': 3.49621382079588, 'g_gpe_gpi_mult': 0.9521714042263396}. Best is trial 410 with value: 0.4608635463245284.
[I 2026-05-28 03:28:26,749] Trial 435 finished with value: 11.364536937984314 and parameters: {'ISTN': 60.79988531161496, 'I_gpe': 1.001028861251569, 'I_gpi': 1.5803502972209489, 'noise_stn_sigma': 5.684855328469302, 'noise_gpe_sigma': 86.43240392509276, 'noise_gpi_sigma': 95.24812775481509, 'g_stn_gpe_mult': 2.5935304049069057, 'g_gpe_stn_mult': 0.5475156135460374, 'g_stn_gpi_mult': 3.096564654232932, 'g_gpe_gpi_mult': 1.0155720856267874}. Best is trial 410 with value: 0.4608635463245284.
[I 2026-05-28 03:28:27,756] Trial 436 finished with value: 10.082231636545854 and parameters: {'ISTN': 61.55891301224549, 'I_gpe': 0.9292009144457836, 'I_gpi': 1.703226334562564, 'noise_stn_sigma': 5.378442268469523, 'noise_gpe_sigma': 67.04692912002486, 'noise_gpi_sigma': 91.58707007537512, 'g_stn_gpe_mult': 2.1232733517201896, 'g_gpe_stn_mult': 0.5882777728297719, 'g_stn_gpi_mult': 3.2544493268901444, 'g_gpe_gpi_mult': 0.9487495911596207}. Best is trial 410 with value: 0.4608635463245284.
[I 2026-05-28 03:28:28,765] Trial 437 finished with value: 6.333193019205196 and parameters: {'ISTN': 66.30703337335093, 'I_gpe': 1.221499882749992, 'I_gpi': 1.287996808509111, 'noise_stn_sigma': 6.514681212851151, 'noise_gpe_sigma': 73.8278955252611, 'noise_gpi_sigma': 104.73911194111463, 'g_stn_gpe_mult': 2.0652011684215177, 'g_gpe_stn_mult': 0.6819667467045022, 'g_stn_gpi_mult': 3.6435322337901748, 'g_gpe_gpi_mult': 0.8873293036442687}. Best is trial 410 with value: 0.4608635463245284.
[I 2026-05-28 03:28:29,775] Trial 438 finished with value: 9.348333496177736 and parameters: {'ISTN': 70.29753178208136, 'I_gpe': 1.2120650935002768, 'I_gpi': 1.4603010959551228, 'noise_stn_sigma': 7.107767959269645, 'noise_gpe_sigma': 62.39858565028592, 'noise_gpi_sigma': 105.04455707229562, 'g_stn_gpe_mult': 2.975777467815351, 'g_gpe_stn_mult': 0.5470104854513715, 'g_stn_gpi_mult': 3.180037863589377, 'g_gpe_gpi_mult': 1.050659704348631}. Best is trial 410 with value: 0.4608635463245284.
[I 2026-05-28 03:28:30,784] Trial 439 finished with value: 13.409550699797773 and parameters: {'ISTN': 69.61446089250839, 'I_gpe': 1.4361618573471489, 'I_gpi': 1.4348474773990154, 'noise_stn_sigma': 6.12010448163943, 'noise_gpe_sigma': 68.62489258428405, 'noise_gpi_sigma': 101.37588966155991, 'g_stn_gpe_mult': 2.644001986581248, 'g_gpe_stn_mult': 0.705425357579009, 'g_stn_gpi_mult': 3.5816190685500624, 'g_gpe_gpi_mult': 0.9662943992548243}. Best is trial 410 with value: 0.4608635463245284.
