[I 2026-05-28 03:38:05,217] A new study created in memory with name: sensitivity_seeds_seed123
[I 2026-05-28 03:38:07,642] Trial 0 finished with value: 30.625463167252853 and parameters: {'ISTN': 122.68222670380754, 'I_gpe': 1.5014876723263282, 'I_gpi': 1.9074058142568124, 'noise_stn_sigma': 4.859203383580239, 'noise_gpe_sigma': 113.5309660721232, 'noise_gpi_sigma': 75.00383981617992, 'g_stn_gpe_mult': 4.932674694346154, 'g_gpe_stn_mult': 0.5793808170094044, 'g_stn_gpi_mult': 2.442795704453083, 'g_gpe_gpi_mult': 0.5921175181941505}. Best is trial 0 with value: 30.625463167252853.
[I 2026-05-28 03:38:08,656] Trial 1 finished with value: 21.46060963254203 and parameters: {'ISTN': 95.86123910625858, 'I_gpe': 2.513917000394849, 'I_gpi': 3.9166326242465983, 'noise_stn_sigma': 4.04012779499256, 'noise_gpe_sigma': 131.80629544908112, 'noise_gpi_sigma': 68.8466126471539, 'g_stn_gpe_mult': 2.2794455299797978, 'g_gpe_stn_mult': 0.381441023590529, 'g_stn_gpi_mult': 2.851088112352179, 'g_gpe_gpi_mult': 0.687663590015452}. Best is trial 1 with value: 21.46060963254203.
[I 2026-05-28 03:38:09,665] Trial 2 finished with value: 24.6758697440024 and parameters: {'ISTN': 105.64399824940546, 'I_gpe': 2.0441543862208773, 'I_gpi': 3.9182558272762162, 'noise_stn_sigma': 6.438039071820478, 'noise_gpe_sigma': 76.18067802852775, 'noise_gpi_sigma': 50.33926853195332, 'g_stn_gpe_mult': 2.1483189782352223, 'g_gpe_stn_mult': 0.438824780275066, 'g_stn_gpi_mult': 3.027361909936033, 'g_gpe_gpi_mult': 0.9295584619645632}. Best is trial 1 with value: 21.46060963254203.
[I 2026-05-28 03:38:10,670] Trial 3 finished with value: 36.17946364829511 and parameters: {'ISTN': 131.0617863830551, 'I_gpe': 1.8449962002882503, 'I_gpi': 3.2321443340724234, 'noise_stn_sigma': 4.62865442690733, 'noise_gpe_sigma': 107.58927534603697, 'noise_gpi_sigma': 83.04728628860431, 'g_stn_gpe_mult': 2.643331838826516, 'g_gpe_stn_mult': 0.5790464945872594, 'g_stn_gpi_mult': 1.9415546803846686, 'g_gpe_gpi_mult': 0.689586768625281}. Best is trial 1 with value: 21.46060963254203.
[I 2026-05-28 03:38:11,675] Trial 4 finished with value: 27.460365345090896 and parameters: {'ISTN': 129.12478601671853, 'I_gpe': 2.1731470831276565, 'I_gpi': 3.8528987058185735, 'noise_stn_sigma': 5.613786060339405, 'noise_gpe_sigma': 98.03371455389139, 'noise_gpi_sigma': 90.82524597146197, 'g_stn_gpe_mult': 2.862500245028504, 'g_gpe_stn_mult': 0.3161314984418052, 'g_stn_gpi_mult': 2.3490020213938987, 'g_gpe_gpi_mult': 0.47557213134332843}. Best is trial 1 with value: 21.46060963254203.
[I 2026-05-28 03:38:12,685] Trial 5 finished with value: 15.972887327000862 and parameters: {'ISTN': 113.13544624438359, 'I_gpe': 0.9486458508394764, 'I_gpi': 2.8687260430093477, 'noise_stn_sigma': 5.852043382188616, 'noise_gpe_sigma': 77.8963139306598, 'noise_gpi_sigma': 85.35131115727107, 'g_stn_gpe_mult': 2.666836951338264, 'g_gpe_stn_mult': 0.30492162337826867, 'g_stn_gpi_mult': 2.198256724801676, 'g_gpe_gpi_mult': 0.757729440418125}. Best is trial 5 with value: 15.972887327000862.
[I 2026-05-28 03:38:13,694] Trial 6 finished with value: 39.68707888830435 and parameters: {'ISTN': 124.00349623891007, 'I_gpe': 2.9100374547344474, 'I_gpi': 3.608992914263773, 'noise_stn_sigma': 3.7913212836462034, 'noise_gpe_sigma': 114.60516722393697, 'noise_gpi_sigma': 81.65311288639785, 'g_stn_gpe_mult': 3.219758147530452, 'g_gpe_stn_mult': 0.44313593503124615, 'g_stn_gpi_mult': 3.5659595971294675, 'g_gpe_gpi_mult': 0.8724555235802423}. Best is trial 5 with value: 15.972887327000862.
[I 2026-05-28 03:38:14,702] Trial 7 finished with value: 19.1793017959342 and parameters: {'ISTN': 79.94778992863084, 'I_gpe': 2.977598616337491, 'I_gpi': 3.65473998718545, 'noise_stn_sigma': 5.101725415273403, 'noise_gpe_sigma': 93.07782565209887, 'noise_gpi_sigma': 101.99893405927371, 'g_stn_gpe_mult': 4.060960928110723, 'g_gpe_stn_mult': 0.37922377900982895, 'g_stn_gpi_mult': 2.619247846687351, 'g_gpe_gpi_mult': 0.608890567578521}. Best is trial 5 with value: 15.972887327000862.
[I 2026-05-28 03:38:15,707] Trial 8 finished with value: 26.582524938431746 and parameters: {'ISTN': 115.40164064300066, 'I_gpe': 1.8221949573930571, 'I_gpi': 1.0684455501934664, 'noise_stn_sigma': 3.239562131356572, 'noise_gpe_sigma': 85.19930638005061, 'noise_gpi_sigma': 78.56421091424366, 'g_stn_gpe_mult': 2.477252714882332, 'g_gpe_stn_mult': 0.48483618231994563, 'g_stn_gpi_mult': 2.546923637073016, 'g_gpe_gpi_mult': 0.4744036746722439}. Best is trial 5 with value: 15.972887327000862.
[I 2026-05-28 03:38:16,716] Trial 9 finished with value: 20.218480681022967 and parameters: {'ISTN': 93.91104362269154, 'I_gpe': 2.538325854243217, 'I_gpi': 3.0100392434631247, 'noise_stn_sigma': 4.1235073308675485, 'noise_gpe_sigma': 51.984200714245375, 'noise_gpi_sigma': 92.36415521665509, 'g_stn_gpe_mult': 2.971761898838164, 'g_gpe_stn_mult': 0.6557185296029072, 'g_stn_gpi_mult': 2.8219768360467876, 'g_gpe_gpi_mult': 0.8693601713745358}. Best is trial 5 with value: 15.972887327000862.
[I 2026-05-28 03:38:17,723] Trial 10 finished with value: 37.54830238913523 and parameters: {'ISTN': 108.76650435896224, 'I_gpe': 3.7589796912640154, 'I_gpi': 1.1726083395845528, 'noise_stn_sigma': 5.343192623142279, 'noise_gpe_sigma': 56.168635443640376, 'noise_gpi_sigma': 68.44684488624037, 'g_stn_gpe_mult': 2.986211813932574, 'g_gpe_stn_mult': 0.5045989217609348, 'g_stn_gpi_mult': 2.4630787789737076, 'g_gpe_gpi_mult': 0.7072839007028637}. Best is trial 5 with value: 15.972887327000862.
[I 2026-05-28 03:38:18,730] Trial 11 finished with value: 15.019457957098155 and parameters: {'ISTN': 89.02488552159889, 'I_gpe': 1.123664344929764, 'I_gpi': 2.638269427164383, 'noise_stn_sigma': 5.52953999262755, 'noise_gpe_sigma': 94.79260070812097, 'noise_gpi_sigma': 80.91159281291336, 'g_stn_gpe_mult': 2.974004366715086, 'g_gpe_stn_mult': 0.4765239848822985, 'g_stn_gpi_mult': 2.1203180444196907, 'g_gpe_gpi_mult': 0.8100548385994588}. Best is trial 11 with value: 15.019457957098155.
[I 2026-05-28 03:38:19,737] Trial 12 finished with value: 31.208068756297713 and parameters: {'ISTN': 110.71262554642999, 'I_gpe': 2.571197160666806, 'I_gpi': 4.271115509587049, 'noise_stn_sigma': 6.5228375712253435, 'noise_gpe_sigma': 35.00754354479895, 'noise_gpi_sigma': 92.00294978589322, 'g_stn_gpe_mult': 3.0561012717181537, 'g_gpe_stn_mult': 0.4761467696218139, 'g_stn_gpi_mult': 2.3810951819765673, 'g_gpe_gpi_mult': 0.5569138280569352}. Best is trial 11 with value: 15.019457957098155.
[I 2026-05-28 03:38:20,742] Trial 13 finished with value: 20.9569649848002 and parameters: {'ISTN': 90.9664436463276, 'I_gpe': 2.4621437990595405, 'I_gpi': 3.1639786161763714, 'noise_stn_sigma': 3.533252514903147, 'noise_gpe_sigma': 59.82521150578377, 'noise_gpi_sigma': 56.09312414644484, 'g_stn_gpe_mult': 2.2778208326988745, 'g_gpe_stn_mult': 0.3953536879231445, 'g_stn_gpi_mult': 1.6788747884081296, 'g_gpe_gpi_mult': 0.41780136593771583}. Best is trial 11 with value: 15.019457957098155.
[I 2026-05-28 03:38:21,748] Trial 14 finished with value: 21.838947626151715 and parameters: {'ISTN': 90.82471987158283, 'I_gpe': 2.6939860131395084, 'I_gpi': 2.89231752031038, 'noise_stn_sigma': 3.14857507526609, 'noise_gpe_sigma': 78.38060689520826, 'noise_gpi_sigma': 71.82875409779062, 'g_stn_gpe_mult': 2.7112710388854016, 'g_gpe_stn_mult': 0.4251885393341842, 'g_stn_gpi_mult': 2.5306207804407386, 'g_gpe_gpi_mult': 0.6041074669983746}. Best is trial 11 with value: 15.019457957098155.
[I 2026-05-28 03:38:22,756] Trial 15 finished with value: 19.530121309561366 and parameters: {'ISTN': 101.55564657028121, 'I_gpe': 2.0560950000910303, 'I_gpi': 3.2131955840072974, 'noise_stn_sigma': 6.8102053848784205, 'noise_gpe_sigma': 66.10292012645031, 'noise_gpi_sigma': 66.30065049861341, 'g_stn_gpe_mult': 2.764691710359576, 'g_gpe_stn_mult': 0.4345009064456944, 'g_stn_gpi_mult': 2.454531948697875, 'g_gpe_gpi_mult': 0.8293915949184294}. Best is trial 11 with value: 15.019457957098155.
[I 2026-05-28 03:38:23,762] Trial 16 finished with value: 20.54053694545486 and parameters: {'ISTN': 101.62363218877708, 'I_gpe': 1.161052916690063, 'I_gpi': 3.2313035254881575, 'noise_stn_sigma': 4.937154667003527, 'noise_gpe_sigma': 82.84884344824296, 'noise_gpi_sigma': 141.05448589653673, 'g_stn_gpe_mult': 3.391949051689553, 'g_gpe_stn_mult': 0.39922417995654047, 'g_stn_gpi_mult': 2.2444027945237712, 'g_gpe_gpi_mult': 0.5626695798335002}. Best is trial 11 with value: 15.019457957098155.
[I 2026-05-28 03:38:24,768] Trial 17 finished with value: 22.964828625221294 and parameters: {'ISTN': 97.24034548262307, 'I_gpe': 2.5563804797639773, 'I_gpi': 2.626640677155908, 'noise_stn_sigma': 4.765251998146277, 'noise_gpe_sigma': 105.93342121135927, 'noise_gpi_sigma': 80.56698438552034, 'g_stn_gpe_mult': 3.1277760225494267, 'g_gpe_stn_mult': 0.41938588902533724, 'g_stn_gpi_mult': 2.9904473713313173, 'g_gpe_gpi_mult': 0.664672791174338}. Best is trial 11 with value: 15.019457957098155.
[I 2026-05-28 03:38:25,776] Trial 18 finished with value: 33.85436317152036 and parameters: {'ISTN': 144.68323001394663, 'I_gpe': 1.287301359531638, 'I_gpi': 2.794268359248932, 'noise_stn_sigma': 4.298785739209068, 'noise_gpe_sigma': 88.01127506070725, 'noise_gpi_sigma': 91.95275137526697, 'g_stn_gpe_mult': 2.989012573368549, 'g_gpe_stn_mult': 0.27875393268505044, 'g_stn_gpi_mult': 2.9869375477285813, 'g_gpe_gpi_mult': 0.9552685141450061}. Best is trial 11 with value: 15.019457957098155.
[I 2026-05-28 03:38:26,784] Trial 19 finished with value: 12.556004952424287 and parameters: {'ISTN': 78.58852472470043, 'I_gpe': 1.3520104647421787, 'I_gpi': 1.9952974065037477, 'noise_stn_sigma': 5.001664975736537, 'noise_gpe_sigma': 94.2957888951527, 'noise_gpi_sigma': 65.55341782608865, 'g_stn_gpe_mult': 2.535490309309379, 'g_gpe_stn_mult': 0.2607875842407835, 'g_stn_gpi_mult': 1.6517702718529703, 'g_gpe_gpi_mult': 0.9853713938660449}. Best is trial 19 with value: 12.556004952424287.
[I 2026-05-28 03:38:27,792] Trial 20 finished with value: 22.8553188376412 and parameters: {'ISTN': 102.63980464030313, 'I_gpe': 1.4549576572102103, 'I_gpi': 2.835657567729509, 'noise_stn_sigma': 5.63837626975868, 'noise_gpe_sigma': 87.17703361214647, 'noise_gpi_sigma': 94.97476221353526, 'g_stn_gpe_mult': 3.227670529638634, 'g_gpe_stn_mult': 0.5468265067060673, 'g_stn_gpi_mult': 2.180999311645677, 'g_gpe_gpi_mult': 0.42460818900657515}. Best is trial 19 with value: 12.556004952424287.
[I 2026-05-28 03:38:28,800] Trial 21 finished with value: 12.529104915646634 and parameters: {'ISTN': 71.56693818928284, 'I_gpe': 1.655732039617788, 'I_gpi': 2.4735562889981795, 'noise_stn_sigma': 6.290546101774076, 'noise_gpe_sigma': 52.999998293336, 'noise_gpi_sigma': 76.3268279250038, 'g_stn_gpe_mult': 3.1872130872415294, 'g_gpe_stn_mult': 0.4358032065763069, 'g_stn_gpi_mult': 2.417716496798061, 'g_gpe_gpi_mult': 0.6134122563083546}. Best is trial 21 with value: 12.529104915646634.
[I 2026-05-28 03:38:29,805] Trial 22 finished with value: 18.44125910822106 and parameters: {'ISTN': 90.58619714815319, 'I_gpe': 2.271545065778338, 'I_gpi': 3.19219694008153, 'noise_stn_sigma': 6.190282197726557, 'noise_gpe_sigma': 82.76458122241597, 'noise_gpi_sigma': 95.60088143283382, 'g_stn_gpe_mult': 3.6438029077278427, 'g_gpe_stn_mult': 0.32749895555861896, 'g_stn_gpi_mult': 2.368993904934392, 'g_gpe_gpi_mult': 0.6898101433227366}. Best is trial 21 with value: 12.529104915646634.
[I 2026-05-28 03:38:30,812] Trial 23 finished with value: 15.724585752027778 and parameters: {'ISTN': 78.39907726091977, 'I_gpe': 2.4602688007626194, 'I_gpi': 3.255664899149381, 'noise_stn_sigma': 6.60823094586451, 'noise_gpe_sigma': 67.62729676287884, 'noise_gpi_sigma': 124.06957706496598, 'g_stn_gpe_mult': 2.830055238138744, 'g_gpe_stn_mult': 0.2827157408462647, 'g_stn_gpi_mult': 2.4522531913740453, 'g_gpe_gpi_mult': 1.0739609650002107}. Best is trial 21 with value: 12.529104915646634.
[I 2026-05-28 03:38:31,818] Trial 24 finished with value: 13.646449357740737 and parameters: {'ISTN': 80.45425573111928, 'I_gpe': 0.783329471344833, 'I_gpi': 2.7491934148113977, 'noise_stn_sigma': 5.951846829865899, 'noise_gpe_sigma': 82.35499793437678, 'noise_gpi_sigma': 80.66832026549021, 'g_stn_gpe_mult': 3.0863376465673444, 'g_gpe_stn_mult': 0.4306839266137855, 'g_stn_gpi_mult': 2.1535785138474015, 'g_gpe_gpi_mult': 0.7547873141968746}. Best is trial 21 with value: 12.529104915646634.
[I 2026-05-28 03:38:32,824] Trial 25 finished with value: 19.140045441090983 and parameters: {'ISTN': 107.27853718408872, 'I_gpe': 0.9428124744816628, 'I_gpi': 2.835012708612151, 'noise_stn_sigma': 5.363659118551688, 'noise_gpe_sigma': 102.83120002870446, 'noise_gpi_sigma': 63.893451952785, 'g_stn_gpe_mult': 2.1710731344102405, 'g_gpe_stn_mult': 0.3435767155407551, 'g_stn_gpi_mult': 2.3772173075806684, 'g_gpe_gpi_mult': 0.7947796874739734}. Best is trial 21 with value: 12.529104915646634.
[I 2026-05-28 03:38:33,830] Trial 26 finished with value: 12.962952691052902 and parameters: {'ISTN': 91.63361004594293, 'I_gpe': 1.152165488800116, 'I_gpi': 1.992227166805932, 'noise_stn_sigma': 5.423588738227876, 'noise_gpe_sigma': 106.18510139657565, 'noise_gpi_sigma': 79.48992923191364, 'g_stn_gpe_mult': 3.305583716777959, 'g_gpe_stn_mult': 0.3404647096847907, 'g_stn_gpi_mult': 2.2764033765779828, 'g_gpe_gpi_mult': 0.9792260792193084}. Best is trial 21 with value: 12.529104915646634.
[I 2026-05-28 03:38:34,836] Trial 27 finished with value: 19.028027220158002 and parameters: {'ISTN': 97.7895655454188, 'I_gpe': 1.398719778932174, 'I_gpi': 3.394274847706859, 'noise_stn_sigma': 7.227461221717633, 'noise_gpe_sigma': 78.66372232331707, 'noise_gpi_sigma': 43.67292685972194, 'g_stn_gpe_mult': 2.8344462669920056, 'g_gpe_stn_mult': 0.406840798444559, 'g_stn_gpi_mult': 2.2723619576897653, 'g_gpe_gpi_mult': 0.8976084009496039}. Best is trial 21 with value: 12.529104915646634.
[I 2026-05-28 03:38:35,843] Trial 28 finished with value: 18.045205875417633 and parameters: {'ISTN': 97.56074284762016, 'I_gpe': 1.2271476951440339, 'I_gpi': 2.5495691351700183, 'noise_stn_sigma': 5.360245692632159, 'noise_gpe_sigma': 92.43513067554089, 'noise_gpi_sigma': 69.6486002485633, 'g_stn_gpe_mult': 2.8546229449315943, 'g_gpe_stn_mult': 0.5114049932661412, 'g_stn_gpi_mult': 1.0101111932900093, 'g_gpe_gpi_mult': 0.8596140136997701}. Best is trial 21 with value: 12.529104915646634.
[I 2026-05-28 03:38:36,850] Trial 29 finished with value: 18.670758904426258 and parameters: {'ISTN': 94.98582204732708, 'I_gpe': 2.3377778844074797, 'I_gpi': 2.882193403813303, 'noise_stn_sigma': 7.2792590056133175, 'noise_gpe_sigma': 87.38683306576023, 'noise_gpi_sigma': 75.71809785384617, 'g_stn_gpe_mult': 3.158253673086975, 'g_gpe_stn_mult': 0.3856446143954133, 'g_stn_gpi_mult': 2.0735687246884513, 'g_gpe_gpi_mult': 0.81709971268104}. Best is trial 21 with value: 12.529104915646634.
[I 2026-05-28 03:38:37,856] Trial 30 finished with value: 18.48150278073595 and parameters: {'ISTN': 119.51659853087051, 'I_gpe': 1.2791724082820772, 'I_gpi': 2.790619963982173, 'noise_stn_sigma': 7.373811318079645, 'noise_gpe_sigma': 93.79573264393636, 'noise_gpi_sigma': 82.30532005740133, 'g_stn_gpe_mult': 3.5135515655993173, 'g_gpe_stn_mult': 0.3532855189657096, 'g_stn_gpi_mult': 2.2956433817318658, 'g_gpe_gpi_mult': 0.9319138616169755}. Best is trial 21 with value: 12.529104915646634.
[I 2026-05-28 03:38:38,862] Trial 31 finished with value: 17.335078654746187 and parameters: {'ISTN': 85.09568550890062, 'I_gpe': 2.372524179621462, 'I_gpi': 2.589977012905682, 'noise_stn_sigma': 5.453678828531079, 'noise_gpe_sigma': 77.70417195456463, 'noise_gpi_sigma': 65.19788992655828, 'g_stn_gpe_mult': 3.24823092196998, 'g_gpe_stn_mult': 0.47614945613110893, 'g_stn_gpi_mult': 2.3699360121097777, 'g_gpe_gpi_mult': 0.6920621703436154}. Best is trial 21 with value: 12.529104915646634.
[I 2026-05-28 03:38:39,866] Trial 32 finished with value: 16.775591623413646 and parameters: {'ISTN': 102.46639732838852, 'I_gpe': 1.4252358741867828, 'I_gpi': 2.027523153737068, 'noise_stn_sigma': 5.063693622685882, 'noise_gpe_sigma': 72.27386777066653, 'noise_gpi_sigma': 76.18043331341532, 'g_stn_gpe_mult': 3.1850679904820347, 'g_gpe_stn_mult': 0.32302789466402304, 'g_stn_gpi_mult': 2.397207578642592, 'g_gpe_gpi_mult': 0.7103011168943449}. Best is trial 21 with value: 12.529104915646634.
[I 2026-05-28 03:38:40,874] Trial 33 finished with value: 19.832657548191214 and parameters: {'ISTN': 93.31070650826828, 'I_gpe': 1.6282927173373745, 'I_gpi': 2.848036332704039, 'noise_stn_sigma': 5.425226548782779, 'noise_gpe_sigma': 59.36645253710298, 'noise_gpi_sigma': 91.54480369893464, 'g_stn_gpe_mult': 3.1467268170198697, 'g_gpe_stn_mult': 0.3651737205221781, 'g_stn_gpi_mult': 2.3912927866933225, 'g_gpe_gpi_mult': 0.9533987231483692}. Best is trial 21 with value: 12.529104915646634.
[I 2026-05-28 03:38:41,880] Trial 34 finished with value: 10.135922391766908 and parameters: {'ISTN': 61.57584336977855, 'I_gpe': 1.7377000736665544, 'I_gpi': 2.649335591747013, 'noise_stn_sigma': 6.990940545232715, 'noise_gpe_sigma': 74.13691226333262, 'noise_gpi_sigma': 100.44300580832709, 'g_stn_gpe_mult': 3.8871258119696135, 'g_gpe_stn_mult': 0.29562793509120655, 'g_stn_gpi_mult': 1.4143702716359123, 'g_gpe_gpi_mult': 0.6508521891380417}. Best is trial 34 with value: 10.135922391766908.
[I 2026-05-28 03:38:42,888] Trial 35 finished with value: 20.256585409459348 and parameters: {'ISTN': 96.19944907788798, 'I_gpe': 1.1638123236984539, 'I_gpi': 3.4103258563937033, 'noise_stn_sigma': 5.677021851287631, 'noise_gpe_sigma': 59.69161368602356, 'noise_gpi_sigma': 72.52991928627588, 'g_stn_gpe_mult': 3.764499638787376, 'g_gpe_stn_mult': 0.3542388465962846, 'g_stn_gpi_mult': 1.5545004238917972, 'g_gpe_gpi_mult': 0.9733585081538989}. Best is trial 34 with value: 10.135922391766908.
[I 2026-05-28 03:38:43,895] Trial 36 finished with value: 13.836532309866001 and parameters: {'ISTN': 65.086269782819, 'I_gpe': 1.7139496602453448, 'I_gpi': 2.3966056109658758, 'noise_stn_sigma': 7.376726172189989, 'noise_gpe_sigma': 67.55908992479453, 'noise_gpi_sigma': 98.23636364702728, 'g_stn_gpe_mult': 2.9897903450376124, 'g_gpe_stn_mult': 0.4813262482687709, 'g_stn_gpi_mult': 2.2436553301571345, 'g_gpe_gpi_mult': 0.9271891128330136}. Best is trial 34 with value: 10.135922391766908.
[I 2026-05-28 03:38:44,901] Trial 37 finished with value: 11.196161350456812 and parameters: {'ISTN': 71.7661841802561, 'I_gpe': 1.4154451211780077, 'I_gpi': 3.065376220216695, 'noise_stn_sigma': 5.526393017019171, 'noise_gpe_sigma': 84.3286466781406, 'noise_gpi_sigma': 77.13376476998046, 'g_stn_gpe_mult': 3.4093366593594006, 'g_gpe_stn_mult': 0.31450837638970947, 'g_stn_gpi_mult': 1.6574921437471948, 'g_gpe_gpi_mult': 0.8202267868486672}. Best is trial 34 with value: 10.135922391766908.
[I 2026-05-28 03:38:45,910] Trial 38 finished with value: 14.18622976550726 and parameters: {'ISTN': 78.4418662148895, 'I_gpe': 1.2423026187263182, 'I_gpi': 2.477489171623583, 'noise_stn_sigma': 6.274654495415453, 'noise_gpe_sigma': 47.858366290921985, 'noise_gpi_sigma': 62.77297791610239, 'g_stn_gpe_mult': 2.935417347524992, 'g_gpe_stn_mult': 0.5106324127574815, 'g_stn_gpi_mult': 2.8443703725796885, 'g_gpe_gpi_mult': 0.6845166450224552}. Best is trial 34 with value: 10.135922391766908.
[I 2026-05-28 03:38:46,918] Trial 39 finished with value: 13.001384848251991 and parameters: {'ISTN': 78.68871316916426, 'I_gpe': 1.9939876031353716, 'I_gpi': 3.4215597475336277, 'noise_stn_sigma': 5.365087174514243, 'noise_gpe_sigma': 73.0290304925283, 'noise_gpi_sigma': 110.05961981586417, 'g_stn_gpe_mult': 2.961695187644022, 'g_gpe_stn_mult': 0.30732875970470797, 'g_stn_gpi_mult': 2.234843067612915, 'g_gpe_gpi_mult': 0.7409057601432676}. Best is trial 34 with value: 10.135922391766908.
[I 2026-05-28 03:38:47,926] Trial 40 finished with value: 21.589532791756014 and parameters: {'ISTN': 103.76854366513416, 'I_gpe': 1.3717902186566309, 'I_gpi': 1.2742125749382902, 'noise_stn_sigma': 4.743475420781669, 'noise_gpe_sigma': 69.43520237857561, 'noise_gpi_sigma': 67.427815647709, 'g_stn_gpe_mult': 4.009434513994285, 'g_gpe_stn_mult': 0.41876608815811645, 'g_stn_gpi_mult': 2.111733346856826, 'g_gpe_gpi_mult': 0.6056134184281448}. Best is trial 34 with value: 10.135922391766908.
[I 2026-05-28 03:38:48,936] Trial 41 finished with value: 12.712563229752309 and parameters: {'ISTN': 78.74290071618742, 'I_gpe': 2.2848208267251913, 'I_gpi': 2.784454900701384, 'noise_stn_sigma': 6.499034675069581, 'noise_gpe_sigma': 103.16918162481169, 'noise_gpi_sigma': 119.05672319100526, 'g_stn_gpe_mult': 4.058823030901226, 'g_gpe_stn_mult': 0.35441018047575645, 'g_stn_gpi_mult': 2.1946142578107812, 'g_gpe_gpi_mult': 0.6932881431518776}. Best is trial 34 with value: 10.135922391766908.
[I 2026-05-28 03:38:49,945] Trial 42 finished with value: 14.260314660269113 and parameters: {'ISTN': 66.22454207364201, 'I_gpe': 1.863085898929299, 'I_gpi': 2.240454525907521, 'noise_stn_sigma': 6.206124661776926, 'noise_gpe_sigma': 115.29169944962274, 'noise_gpi_sigma': 131.16531480620552, 'g_stn_gpe_mult': 4.177370271344833, 'g_gpe_stn_mult': 0.38061853382979693, 'g_stn_gpi_mult': 1.0899471250661763, 'g_gpe_gpi_mult': 0.7948851342849554}. Best is trial 34 with value: 10.135922391766908.
[I 2026-05-28 03:38:50,953] Trial 43 finished with value: 23.1915357880255 and parameters: {'ISTN': 95.41934092674606, 'I_gpe': 2.4547516835956706, 'I_gpi': 3.991672824520573, 'noise_stn_sigma': 4.886631638851942, 'noise_gpe_sigma': 58.58926866191622, 'noise_gpi_sigma': 135.54430658106472, 'g_stn_gpe_mult': 4.091450276294378, 'g_gpe_stn_mult': 0.368097856977776, 'g_stn_gpi_mult': 1.3297982704235816, 'g_gpe_gpi_mult': 0.5684384972863725}. Best is trial 34 with value: 10.135922391766908.
