[I 2026-05-28 03:51:25,143] Trial 792 finished with value: 0.13127685196631012 and parameters: {'ISTN': 60.164069158057366, 'I_gpe': 1.0174722323423553, 'I_gpi': 2.160891519863691, 'noise_stn_sigma': 1.9806142363395163, 'noise_gpe_sigma': 101.15205605554644, 'noise_gpi_sigma': 87.48227601297525, 'g_stn_gpe_mult': 4.0117158349884505, 'g_gpe_stn_mult': 0.18697204183431726, 'g_stn_gpi_mult': 1.4621410079119208, 'g_gpe_gpi_mult': 0.8704446824734702}. Best is trial 770 with value: 0.12885239636093232.
[I 2026-05-28 03:51:26,152] Trial 793 finished with value: 0.14184333230644963 and parameters: {'ISTN': 60.82647937820496, 'I_gpe': 0.9855224320975189, 'I_gpi': 2.191019462707561, 'noise_stn_sigma': 1.913885911089592, 'noise_gpe_sigma': 102.49580922048828, 'noise_gpi_sigma': 85.07794765095957, 'g_stn_gpe_mult': 4.022497286301466, 'g_gpe_stn_mult': 0.1815530100719868, 'g_stn_gpi_mult': 1.4919447566477282, 'g_gpe_gpi_mult': 0.8786843249866851}. Best is trial 770 with value: 0.12885239636093232.
[I 2026-05-28 03:51:27,158] Trial 794 finished with value: 0.13295950398884998 and parameters: {'ISTN': 60.52799338420049, 'I_gpe': 0.9890927017030702, 'I_gpi': 2.218989629596639, 'noise_stn_sigma': 2.073511678081619, 'noise_gpe_sigma': 102.84252044763714, 'noise_gpi_sigma': 87.70184487894772, 'g_stn_gpe_mult': 3.9834305047437013, 'g_gpe_stn_mult': 0.18058498267255046, 'g_stn_gpi_mult': 1.3944630730986054, 'g_gpe_gpi_mult': 0.8644007310068089}. Best is trial 770 with value: 0.12885239636093232.
[I 2026-05-28 03:51:28,168] Trial 795 finished with value: 0.1320206371668209 and parameters: {'ISTN': 60.02348075966662, 'I_gpe': 1.0165868105335667, 'I_gpi': 2.2044047929460158, 'noise_stn_sigma': 2.063082770732021, 'noise_gpe_sigma': 101.64392254635757, 'noise_gpi_sigma': 84.26434873326225, 'g_stn_gpe_mult': 4.045785359808502, 'g_gpe_stn_mult': 0.18824597836214854, 'g_stn_gpi_mult': 1.4634158244970885, 'g_gpe_gpi_mult': 0.8535298342172872}. Best is trial 770 with value: 0.12885239636093232.
[I 2026-05-28 03:51:29,175] Trial 796 finished with value: 0.13791640818778864 and parameters: {'ISTN': 60.69789026385103, 'I_gpe': 1.0165727343263633, 'I_gpi': 2.1690942281331735, 'noise_stn_sigma': 1.9113471857647752, 'noise_gpe_sigma': 100.35179788096318, 'noise_gpi_sigma': 82.11688310829418, 'g_stn_gpe_mult': 3.9628408803619, 'g_gpe_stn_mult': 0.18053387984357827, 'g_stn_gpi_mult': 1.4991892203918118, 'g_gpe_gpi_mult': 0.8544067751701088}. Best is trial 770 with value: 0.12885239636093232.
[I 2026-05-28 03:51:30,183] Trial 797 finished with value: 0.13777653756491146 and parameters: {'ISTN': 60.924858094831414, 'I_gpe': 1.0059890235745117, 'I_gpi': 2.2275772120130983, 'noise_stn_sigma': 2.009687704139923, 'noise_gpe_sigma': 101.71695069129505, 'noise_gpi_sigma': 87.83767509599029, 'g_stn_gpe_mult': 4.001955960974755, 'g_gpe_stn_mult': 0.18023660651486023, 'g_stn_gpi_mult': 1.4822950179922065, 'g_gpe_gpi_mult': 0.8580935816691797}. Best is trial 770 with value: 0.12885239636093232.
[I 2026-05-28 03:51:31,191] Trial 798 finished with value: 0.13615707788310036 and parameters: {'ISTN': 60.89160345712033, 'I_gpe': 1.0245576657617206, 'I_gpi': 2.2462558371336243, 'noise_stn_sigma': 1.9658749075801183, 'noise_gpe_sigma': 102.06079232768565, 'noise_gpi_sigma': 83.56754949656323, 'g_stn_gpe_mult': 3.984465560079558, 'g_gpe_stn_mult': 0.18296689191117177, 'g_stn_gpi_mult': 1.4850082010546677, 'g_gpe_gpi_mult': 0.8457805756515944}. Best is trial 770 with value: 0.12885239636093232.
[I 2026-05-28 03:51:32,198] Trial 799 finished with value: 0.14088198810741906 and parameters: {'ISTN': 61.12058116625637, 'I_gpe': 1.0286874814668623, 'I_gpi': 2.2687525139612026, 'noise_stn_sigma': 2.0165745913643804, 'noise_gpe_sigma': 99.74215129135311, 'noise_gpi_sigma': 85.79193112338811, 'g_stn_gpe_mult': 3.93921432328013, 'g_gpe_stn_mult': 0.1773047838979323, 'g_stn_gpi_mult': 1.4582428302737518, 'g_gpe_gpi_mult': 0.8440734778739392}. Best is trial 770 with value: 0.12885239636093232.
[I 2026-05-28 03:51:33,206] Trial 800 finished with value: 0.13225954286009828 and parameters: {'ISTN': 60.45561273464187, 'I_gpe': 1.018303518189025, 'I_gpi': 2.17213208204063, 'noise_stn_sigma': 1.9606966079318888, 'noise_gpe_sigma': 102.0577891736036, 'noise_gpi_sigma': 85.49538366501702, 'g_stn_gpe_mult': 4.0449000031455515, 'g_gpe_stn_mult': 0.18494622803219757, 'g_stn_gpi_mult': 1.4816776812278114, 'g_gpe_gpi_mult': 0.8601813927051873}. Best is trial 770 with value: 0.12885239636093232.
[I 2026-05-28 03:51:34,217] Trial 801 finished with value: 0.13923536941359316 and parameters: {'ISTN': 60.96631758450584, 'I_gpe': 1.019143718752529, 'I_gpi': 2.1897633533214513, 'noise_stn_sigma': 1.959381151746282, 'noise_gpe_sigma': 100.86665744557442, 'noise_gpi_sigma': 84.74003315504453, 'g_stn_gpe_mult': 4.007376449359225, 'g_gpe_stn_mult': 0.18233499955172064, 'g_stn_gpi_mult': 1.483671592407434, 'g_gpe_gpi_mult': 0.8679144091901805}. Best is trial 770 with value: 0.12885239636093232.
[I 2026-05-28 03:51:35,225] Trial 802 finished with value: 0.13014129192159818 and parameters: {'ISTN': 60.16415649371104, 'I_gpe': 1.0068796016952002, 'I_gpi': 2.194623888201234, 'noise_stn_sigma': 1.969250543271289, 'noise_gpe_sigma': 99.75963038362819, 'noise_gpi_sigma': 85.4589394969501, 'g_stn_gpe_mult': 4.030278550993353, 'g_gpe_stn_mult': 0.18980102642305532, 'g_stn_gpi_mult': 1.5051352901058097, 'g_gpe_gpi_mult': 0.8453706162137531}. Best is trial 770 with value: 0.12885239636093232.
[I 2026-05-28 03:51:36,232] Trial 803 finished with value: 0.13659825071776452 and parameters: {'ISTN': 60.26652594976011, 'I_gpe': 0.9853060144133505, 'I_gpi': 2.1226551430181653, 'noise_stn_sigma': 1.9810018134302196, 'noise_gpe_sigma': 104.57888041277047, 'noise_gpi_sigma': 83.70643836664081, 'g_stn_gpe_mult': 4.092068856893839, 'g_gpe_stn_mult': 0.18647437211817092, 'g_stn_gpi_mult': 1.4691920075317246, 'g_gpe_gpi_mult': 0.8631244090356331}. Best is trial 770 with value: 0.12885239636093232.
[I 2026-05-28 03:51:37,242] Trial 804 finished with value: 0.1354164830069483 and parameters: {'ISTN': 60.70248381266303, 'I_gpe': 1.0172773204216627, 'I_gpi': 2.1913511965372154, 'noise_stn_sigma': 2.137349499750301, 'noise_gpe_sigma': 102.27928863838751, 'noise_gpi_sigma': 87.88658081096794, 'g_stn_gpe_mult': 4.004983226682188, 'g_gpe_stn_mult': 0.17816915594708543, 'g_stn_gpi_mult': 1.461976464612555, 'g_gpe_gpi_mult': 0.8514533428867155}. Best is trial 770 with value: 0.12885239636093232.
[I 2026-05-28 03:51:38,248] Trial 805 finished with value: 0.13269579378847404 and parameters: {'ISTN': 60.30884633436492, 'I_gpe': 1.0093264241756454, 'I_gpi': 2.1559459193116397, 'noise_stn_sigma': 1.966977707407779, 'noise_gpe_sigma': 101.42958794808322, 'noise_gpi_sigma': 86.97303688598545, 'g_stn_gpe_mult': 3.996764967052561, 'g_gpe_stn_mult': 0.18277283029114988, 'g_stn_gpi_mult': 1.4408401879230417, 'g_gpe_gpi_mult': 0.8810766403387589}. Best is trial 770 with value: 0.12885239636093232.
[I 2026-05-28 03:51:39,257] Trial 806 finished with value: 0.13807025103309614 and parameters: {'ISTN': 60.88466358514081, 'I_gpe': 0.980636185824436, 'I_gpi': 2.1948961648679823, 'noise_stn_sigma': 1.8567664306642078, 'noise_gpe_sigma': 101.70552534146103, 'noise_gpi_sigma': 85.02594441524974, 'g_stn_gpe_mult': 3.975647209251207, 'g_gpe_stn_mult': 0.18091601623984727, 'g_stn_gpi_mult': 1.4964999486822523, 'g_gpe_gpi_mult': 0.8706517675957979}. Best is trial 770 with value: 0.12885239636093232.
[I 2026-05-28 03:51:40,264] Trial 807 finished with value: 0.14362528175999842 and parameters: {'ISTN': 60.64072578504472, 'I_gpe': 1.014879868282089, 'I_gpi': 2.10648650571508, 'noise_stn_sigma': 1.9458848640586452, 'noise_gpe_sigma': 103.28442440742012, 'noise_gpi_sigma': 84.08897317769106, 'g_stn_gpe_mult': 4.019051075889977, 'g_gpe_stn_mult': 0.1856083162572678, 'g_stn_gpi_mult': 1.4578556442786288, 'g_gpe_gpi_mult': 0.8666089817647566}. Best is trial 770 with value: 0.12885239636093232.
[I 2026-05-28 03:51:41,272] Trial 808 finished with value: 0.12852333195121535 and parameters: {'ISTN': 60.29485186339753, 'I_gpe': 1.0332494338626814, 'I_gpi': 2.2150960499403354, 'noise_stn_sigma': 2.1172465174517994, 'noise_gpe_sigma': 104.46682907053639, 'noise_gpi_sigma': 87.24621949210152, 'g_stn_gpe_mult': 4.036809286792652, 'g_gpe_stn_mult': 0.18251119691873433, 'g_stn_gpi_mult': 1.4033036745528986, 'g_gpe_gpi_mult': 0.8646072075142142}. Best is trial 808 with value: 0.12852333195121535.
[I 2026-05-28 03:51:42,281] Trial 809 finished with value: 0.13447894544024494 and parameters: {'ISTN': 60.64012854169014, 'I_gpe': 1.0038393206092113, 'I_gpi': 2.2625510011197782, 'noise_stn_sigma': 2.0651195198119225, 'noise_gpe_sigma': 104.57937757643387, 'noise_gpi_sigma': 84.51387590678492, 'g_stn_gpe_mult': 4.053926814852057, 'g_gpe_stn_mult': 0.1807401420660345, 'g_stn_gpi_mult': 1.453683858809424, 'g_gpe_gpi_mult': 0.8620999741008013}. Best is trial 808 with value: 0.12852333195121535.
[I 2026-05-28 03:51:43,290] Trial 810 finished with value: 0.1405149295325301 and parameters: {'ISTN': 61.04479634869335, 'I_gpe': 0.9953461499406553, 'I_gpi': 2.191556253380398, 'noise_stn_sigma': 1.884136660626678, 'noise_gpe_sigma': 102.15484583226608, 'noise_gpi_sigma': 86.04188310325806, 'g_stn_gpe_mult': 3.9850077687449703, 'g_gpe_stn_mult': 0.1787052800928171, 'g_stn_gpi_mult': 1.4125719433186945, 'g_gpe_gpi_mult': 0.8716405222096162}. Best is trial 808 with value: 0.12852333195121535.
[I 2026-05-28 03:51:44,300] Trial 811 finished with value: 0.13225241427801962 and parameters: {'ISTN': 60.42514296564646, 'I_gpe': 1.0122505487171574, 'I_gpi': 2.2276484117311797, 'noise_stn_sigma': 2.020418677766532, 'noise_gpe_sigma': 102.41947314669298, 'noise_gpi_sigma': 86.13708881743476, 'g_stn_gpe_mult': 4.0471064857413985, 'g_gpe_stn_mult': 0.181373294712742, 'g_stn_gpi_mult': 1.441163632101584, 'g_gpe_gpi_mult': 0.854611946523927}. Best is trial 808 with value: 0.12852333195121535.
[I 2026-05-28 03:51:45,308] Trial 812 finished with value: 0.13599344959977025 and parameters: {'ISTN': 60.51198723097307, 'I_gpe': 0.994222932776206, 'I_gpi': 2.2583414487929137, 'noise_stn_sigma': 2.057955574452536, 'noise_gpe_sigma': 103.70927911394743, 'noise_gpi_sigma': 84.19932213135833, 'g_stn_gpe_mult': 4.068095075013048, 'g_gpe_stn_mult': 0.18380842749602275, 'g_stn_gpi_mult': 1.4876808356739342, 'g_gpe_gpi_mult': 0.8666065731840293}. Best is trial 808 with value: 0.12852333195121535.
[I 2026-05-28 03:51:46,316] Trial 813 finished with value: 0.13126386025593376 and parameters: {'ISTN': 60.0733831831408, 'I_gpe': 0.9932113624820937, 'I_gpi': 2.1849712792420517, 'noise_stn_sigma': 1.9712171589056782, 'noise_gpe_sigma': 99.99226967442723, 'noise_gpi_sigma': 84.83866774107793, 'g_stn_gpe_mult': 3.9758365881810347, 'g_gpe_stn_mult': 0.18686306749355425, 'g_stn_gpi_mult': 1.459822015454886, 'g_gpe_gpi_mult': 0.8652192437390303}. Best is trial 808 with value: 0.12852333195121535.
[I 2026-05-28 03:51:47,323] Trial 814 finished with value: 0.13861979030317553 and parameters: {'ISTN': 61.06308676193207, 'I_gpe': 1.0221333706507887, 'I_gpi': 2.2088109206036077, 'noise_stn_sigma': 2.130909265710253, 'noise_gpe_sigma': 100.6619747319371, 'noise_gpi_sigma': 87.15769847321259, 'g_stn_gpe_mult': 3.972286603780486, 'g_gpe_stn_mult': 0.1719146005029663, 'g_stn_gpi_mult': 1.425037513693347, 'g_gpe_gpi_mult': 0.8631141700804996}. Best is trial 808 with value: 0.12852333195121535.
[I 2026-05-28 03:51:48,329] Trial 815 finished with value: 0.13286969365625134 and parameters: {'ISTN': 60.62055847515195, 'I_gpe': 1.004637578843766, 'I_gpi': 2.2320394158333796, 'noise_stn_sigma': 2.0481018336972094, 'noise_gpe_sigma': 103.13381097229593, 'noise_gpi_sigma': 86.6766891367969, 'g_stn_gpe_mult': 4.047254101877367, 'g_gpe_stn_mult': 0.18278945754592624, 'g_stn_gpi_mult': 1.4847131342705806, 'g_gpe_gpi_mult': 0.8672081694427334}. Best is trial 808 with value: 0.12852333195121535.
[I 2026-05-28 03:51:49,335] Trial 816 finished with value: 0.1451478778699428 and parameters: {'ISTN': 60.021666168837605, 'I_gpe': 1.0237834439469897, 'I_gpi': 2.1897171508237605, 'noise_stn_sigma': 2.108671595587173, 'noise_gpe_sigma': 103.44927242311935, 'noise_gpi_sigma': 86.14630151830559, 'g_stn_gpe_mult': 3.9823478090916677, 'g_gpe_stn_mult': 0.1882529858894475, 'g_stn_gpi_mult': 1.3845360833741511, 'g_gpe_gpi_mult': 0.8430938969708617}. Best is trial 808 with value: 0.12852333195121535.
[I 2026-05-28 03:51:50,343] Trial 817 finished with value: 0.13780365768605513 and parameters: {'ISTN': 60.769080437198085, 'I_gpe': 1.0254926425155584, 'I_gpi': 2.2482725438173623, 'noise_stn_sigma': 2.0410372412141076, 'noise_gpe_sigma': 103.51832878568614, 'noise_gpi_sigma': 86.99452732006259, 'g_stn_gpe_mult': 3.958043646755649, 'g_gpe_stn_mult': 0.18117687492497303, 'g_stn_gpi_mult': 1.3992763517255251, 'g_gpe_gpi_mult': 0.8723098212737843}. Best is trial 808 with value: 0.12852333195121535.
[I 2026-05-28 03:51:51,353] Trial 818 finished with value: 0.1444980965149846 and parameters: {'ISTN': 61.08360754636914, 'I_gpe': 1.0022394841067774, 'I_gpi': 2.1429206850555813, 'noise_stn_sigma': 1.9650521033370336, 'noise_gpe_sigma': 101.25346720235818, 'noise_gpi_sigma': 85.29745119809675, 'g_stn_gpe_mult': 3.979169113368425, 'g_gpe_stn_mult': 0.18005838681320313, 'g_stn_gpi_mult': 1.4260074016278994, 'g_gpe_gpi_mult': 0.869857949816583}. Best is trial 808 with value: 0.12852333195121535.
[I 2026-05-28 03:51:52,359] Trial 819 finished with value: 0.13792237844730063 and parameters: {'ISTN': 60.72200090039045, 'I_gpe': 1.0171797849560673, 'I_gpi': 2.137615770688069, 'noise_stn_sigma': 1.9469991099912014, 'noise_gpe_sigma': 101.1871238957268, 'noise_gpi_sigma': 84.39256210561713, 'g_stn_gpe_mult': 4.092889756014722, 'g_gpe_stn_mult': 0.18380898578840837, 'g_stn_gpi_mult': 1.4989750306955616, 'g_gpe_gpi_mult': 0.8628247094015393}. Best is trial 808 with value: 0.12852333195121535.
[I 2026-05-28 03:51:53,367] Trial 820 finished with value: 0.1362409288417367 and parameters: {'ISTN': 61.149435575933104, 'I_gpe': 1.005883578510136, 'I_gpi': 2.1662291755813503, 'noise_stn_sigma': 2.0689966106345237, 'noise_gpe_sigma': 102.91673818807023, 'noise_gpi_sigma': 84.10908254252837, 'g_stn_gpe_mult': 4.102753029194113, 'g_gpe_stn_mult': 0.17448746891019007, 'g_stn_gpi_mult': 1.495029176714557, 'g_gpe_gpi_mult': 0.8431480348971534}. Best is trial 808 with value: 0.12852333195121535.
[I 2026-05-28 03:51:54,377] Trial 821 finished with value: 0.13451856561625067 and parameters: {'ISTN': 60.64377302101107, 'I_gpe': 0.9953248951442066, 'I_gpi': 2.2781926818442093, 'noise_stn_sigma': 1.9975463071078874, 'noise_gpe_sigma': 99.66574261199061, 'noise_gpi_sigma': 85.26704925458634, 'g_stn_gpe_mult': 3.974539252299068, 'g_gpe_stn_mult': 0.1824839446090672, 'g_stn_gpi_mult': 1.4891404630223763, 'g_gpe_gpi_mult': 0.8538109005681025}. Best is trial 808 with value: 0.12852333195121535.
[I 2026-05-28 03:51:55,386] Trial 822 finished with value: 0.15925161005537863 and parameters: {'ISTN': 60.76104525170881, 'I_gpe': 1.0002377990682039, 'I_gpi': 2.179659741521429, 'noise_stn_sigma': 2.040221340727535, 'noise_gpe_sigma': 102.66421035593696, 'noise_gpi_sigma': 83.58921040512288, 'g_stn_gpe_mult': 4.032387059134044, 'g_gpe_stn_mult': 0.17751260362803156, 'g_stn_gpi_mult': 1.4570393503667098, 'g_gpe_gpi_mult': 0.8678528095575744}. Best is trial 808 with value: 0.12852333195121535.
[I 2026-05-28 03:51:56,395] Trial 823 finished with value: 0.15207974961440224 and parameters: {'ISTN': 60.311107508355406, 'I_gpe': 1.01259296462118, 'I_gpi': 2.2044823851949866, 'noise_stn_sigma': 1.9365390540276202, 'noise_gpe_sigma': 102.68035491268128, 'noise_gpi_sigma': 83.60659918426194, 'g_stn_gpe_mult': 3.9783349075986223, 'g_gpe_stn_mult': 0.1851442334937453, 'g_stn_gpi_mult': 1.4896134547221695, 'g_gpe_gpi_mult': 0.8698314326224752}. Best is trial 808 with value: 0.12852333195121535.
[I 2026-05-28 03:51:57,402] Trial 824 finished with value: 0.16990270904808327 and parameters: {'ISTN': 60.128181558111685, 'I_gpe': 1.0396670785912816, 'I_gpi': 2.178582307758824, 'noise_stn_sigma': 2.0980611580202035, 'noise_gpe_sigma': 101.62492261373339, 'noise_gpi_sigma': 84.99898189756063, 'g_stn_gpe_mult': 4.041620273765716, 'g_gpe_stn_mult': 0.187111935582301, 'g_stn_gpi_mult': 1.480372052239146, 'g_gpe_gpi_mult': 0.8625060909486597}. Best is trial 808 with value: 0.12852333195121535.
[I 2026-05-28 03:51:58,410] Trial 825 finished with value: 0.14257276982192868 and parameters: {'ISTN': 60.13743231756511, 'I_gpe': 1.0505847010095344, 'I_gpi': 2.202463317773293, 'noise_stn_sigma': 2.041244548148369, 'noise_gpe_sigma': 100.20563240512163, 'noise_gpi_sigma': 84.2637359487706, 'g_stn_gpe_mult': 4.018515239344414, 'g_gpe_stn_mult': 0.1818155336556208, 'g_stn_gpi_mult': 1.4756855766346675, 'g_gpe_gpi_mult': 0.864245682391098}. Best is trial 808 with value: 0.12852333195121535.
[I 2026-05-28 03:51:59,418] Trial 826 finished with value: 0.1398055921935524 and parameters: {'ISTN': 60.686022927719996, 'I_gpe': 0.9896701936079246, 'I_gpi': 2.1825546501458124, 'noise_stn_sigma': 2.028873067973437, 'noise_gpe_sigma': 101.88947093655486, 'noise_gpi_sigma': 84.67553049604214, 'g_stn_gpe_mult': 4.013533461041302, 'g_gpe_stn_mult': 0.18333521370030142, 'g_stn_gpi_mult': 1.4029524784812564, 'g_gpe_gpi_mult': 0.8714241496516715}. Best is trial 808 with value: 0.12852333195121535.
[I 2026-05-28 03:52:00,427] Trial 827 finished with value: 0.13816858129544068 and parameters: {'ISTN': 60.41942503289721, 'I_gpe': 0.9983166405609618, 'I_gpi': 2.1730391843826937, 'noise_stn_sigma': 1.9500445539289566, 'noise_gpe_sigma': 101.77601804888761, 'noise_gpi_sigma': 85.68008057026383, 'g_stn_gpe_mult': 4.05212212298775, 'g_gpe_stn_mult': 0.18684963770548935, 'g_stn_gpi_mult': 1.4400613335345478, 'g_gpe_gpi_mult': 0.874007129768932}. Best is trial 808 with value: 0.12852333195121535.
[I 2026-05-28 03:52:01,433] Trial 828 finished with value: 0.1413387482798517 and parameters: {'ISTN': 60.71630398313663, 'I_gpe': 0.9559179429881121, 'I_gpi': 2.272759406282016, 'noise_stn_sigma': 1.988805848618987, 'noise_gpe_sigma': 102.05485358336799, 'noise_gpi_sigma': 86.63282191711858, 'g_stn_gpe_mult': 4.008434332224149, 'g_gpe_stn_mult': 0.1872256908107482, 'g_stn_gpi_mult': 1.446726241871958, 'g_gpe_gpi_mult': 0.8461914208843562}. Best is trial 808 with value: 0.12852333195121535.
[I 2026-05-28 03:52:02,442] Trial 829 finished with value: 0.13849490736029457 and parameters: {'ISTN': 60.390062828383265, 'I_gpe': 1.0043141432457545, 'I_gpi': 2.2141091239068746, 'noise_stn_sigma': 2.020551881461294, 'noise_gpe_sigma': 100.04036632391316, 'noise_gpi_sigma': 87.83212778342639, 'g_stn_gpe_mult': 4.013131725018237, 'g_gpe_stn_mult': 0.18291066539601766, 'g_stn_gpi_mult': 1.4357228309106922, 'g_gpe_gpi_mult': 0.862017866745266}. Best is trial 808 with value: 0.12852333195121535.
[I 2026-05-28 03:52:03,449] Trial 830 finished with value: 0.13387399125945962 and parameters: {'ISTN': 60.75908103252676, 'I_gpe': 0.972575699404784, 'I_gpi': 2.221179798021099, 'noise_stn_sigma': 2.0021189642569497, 'noise_gpe_sigma': 102.0705340658472, 'noise_gpi_sigma': 84.18023692915229, 'g_stn_gpe_mult': 3.9913224653163804, 'g_gpe_stn_mult': 0.17763080512394316, 'g_stn_gpi_mult': 1.4102129135030181, 'g_gpe_gpi_mult': 0.8618160124613168}. Best is trial 808 with value: 0.12852333195121535.
[I 2026-05-28 03:52:04,459] Trial 831 finished with value: 0.14587828953861318 and parameters: {'ISTN': 61.21801788637844, 'I_gpe': 0.989340367930279, 'I_gpi': 2.2923735979140645, 'noise_stn_sigma': 2.015551675903245, 'noise_gpe_sigma': 103.03423861316736, 'noise_gpi_sigma': 85.64585989931145, 'g_stn_gpe_mult': 4.035522528651591, 'g_gpe_stn_mult': 0.177683639283638, 'g_stn_gpi_mult': 1.4816999414058343, 'g_gpe_gpi_mult': 0.8478063074668016}. Best is trial 808 with value: 0.12852333195121535.
[I 2026-05-28 03:52:05,468] Trial 832 finished with value: 0.14026114701364797 and parameters: {'ISTN': 61.37454584053026, 'I_gpe': 0.990278061457126, 'I_gpi': 2.198672742705134, 'noise_stn_sigma': 1.988363518056779, 'noise_gpe_sigma': 102.11651858528258, 'noise_gpi_sigma': 85.1825674486808, 'g_stn_gpe_mult': 4.020167078505856, 'g_gpe_stn_mult': 0.1738398148615225, 'g_stn_gpi_mult': 1.423020810642008, 'g_gpe_gpi_mult': 0.8668465412148187}. Best is trial 808 with value: 0.12852333195121535.
[I 2026-05-28 03:52:06,475] Trial 833 finished with value: 0.13318941545330396 and parameters: {'ISTN': 60.3113441975077, 'I_gpe': 1.00984268779619, 'I_gpi': 2.241057395667152, 'noise_stn_sigma': 2.022247640964076, 'noise_gpe_sigma': 101.08990196555223, 'noise_gpi_sigma': 85.24084494791346, 'g_stn_gpe_mult': 3.9815516527515737, 'g_gpe_stn_mult': 0.1792370915381774, 'g_stn_gpi_mult': 1.4185801590956686, 'g_gpe_gpi_mult': 0.8513244250605008}. Best is trial 808 with value: 0.12852333195121535.
[I 2026-05-28 03:52:07,423] Trial 834 finished with value: 1000000.0 and parameters: {'ISTN': 60.61918782187116, 'I_gpe': 0.9771858864038143, 'I_gpi': 2.2664106837994824, 'noise_stn_sigma': 2.0175084994860772, 'noise_gpe_sigma': 104.09164443100691, 'noise_gpi_sigma': 84.42302492194867, 'g_stn_gpe_mult': 3.9829547441166384, 'g_gpe_stn_mult': 0.1778590342434191, 'g_stn_gpi_mult': 1.4452723318467293, 'g_gpe_gpi_mult': 0.8680800874003534}. Best is trial 808 with value: 0.12852333195121535.
[I 2026-05-28 03:52:08,428] Trial 835 finished with value: 0.1336568443708939 and parameters: {'ISTN': 60.542502254674226, 'I_gpe': 0.9778236961109997, 'I_gpi': 2.197959745978247, 'noise_stn_sigma': 1.9037167333415286, 'noise_gpe_sigma': 100.77173283972591, 'noise_gpi_sigma': 85.50402000505862, 'g_stn_gpe_mult': 3.948500539465318, 'g_gpe_stn_mult': 0.18121407770553366, 'g_stn_gpi_mult': 1.4313741956173136, 'g_gpe_gpi_mult': 0.8806275833958375}. Best is trial 808 with value: 0.12852333195121535.
