[I 2026-05-28 03:12:59,875] Trial 528 finished with value: 0.21794516043436774 and parameters: {'ISTN': 62.57252265184425, 'I_gpe': 1.1542213583482774, 'I_gpi': 1.8726342907765428, 'noise_stn_sigma': 2.685179106893102, 'noise_gpe_sigma': 101.90660418015202, 'noise_gpi_sigma': 76.29819649538226, 'g_stn_gpe_mult': 3.0740943910637517, 'g_gpe_stn_mult': 0.12281867168374441, 'g_stn_gpi_mult': 3.4012599930920353, 'g_gpe_gpi_mult': 1.0234457438892743}. Best is trial 443 with value: 0.14304182072779936.
[I 2026-05-28 03:13:00,887] Trial 529 finished with value: 0.1791899831216935 and parameters: {'ISTN': 63.40852787175682, 'I_gpe': 0.9985688184516255, 'I_gpi': 1.9233044190106448, 'noise_stn_sigma': 2.7620955028772043, 'noise_gpe_sigma': 96.3954272951685, 'noise_gpi_sigma': 78.58297478814154, 'g_stn_gpe_mult': 3.1412837927217105, 'g_gpe_stn_mult': 0.12750876188512877, 'g_stn_gpi_mult': 3.320991270457003, 'g_gpe_gpi_mult': 0.9901779258947505}. Best is trial 443 with value: 0.14304182072779936.
[I 2026-05-28 03:13:01,898] Trial 530 finished with value: 0.20258938666940463 and parameters: {'ISTN': 65.00843355711758, 'I_gpe': 1.113359147696924, 'I_gpi': 2.1246361718261686, 'noise_stn_sigma': 2.765896802253235, 'noise_gpe_sigma': 99.22568681863352, 'noise_gpi_sigma': 87.58031437374474, 'g_stn_gpe_mult': 2.8346911548483265, 'g_gpe_stn_mult': 0.1459670473294723, 'g_stn_gpi_mult': 3.4086437353714913, 'g_gpe_gpi_mult': 1.0149661448331129}. Best is trial 443 with value: 0.14304182072779936.
[I 2026-05-28 03:13:02,913] Trial 531 finished with value: 0.1729419483303798 and parameters: {'ISTN': 62.51766085044084, 'I_gpe': 1.1943835775452576, 'I_gpi': 1.9320918389134025, 'noise_stn_sigma': 2.8319917409508824, 'noise_gpe_sigma': 99.25660462595938, 'noise_gpi_sigma': 74.58094973703092, 'g_stn_gpe_mult': 2.9926582553638923, 'g_gpe_stn_mult': 0.14779936125034812, 'g_stn_gpi_mult': 3.5895614114422387, 'g_gpe_gpi_mult': 1.028206193047212}. Best is trial 443 with value: 0.14304182072779936.
[I 2026-05-28 03:13:03,923] Trial 532 finished with value: 0.17532682116674847 and parameters: {'ISTN': 60.92191935781977, 'I_gpe': 1.063292848329063, 'I_gpi': 1.896778890570787, 'noise_stn_sigma': 3.0968254482065856, 'noise_gpe_sigma': 99.07429707659072, 'noise_gpi_sigma': 71.45519874973398, 'g_stn_gpe_mult': 3.145739962820565, 'g_gpe_stn_mult': 0.1908656697717222, 'g_stn_gpi_mult': 3.449588693955699, 'g_gpe_gpi_mult': 1.0148145032334945}. Best is trial 443 with value: 0.14304182072779936.
[I 2026-05-28 03:13:04,936] Trial 533 finished with value: 0.23613465944201895 and parameters: {'ISTN': 61.75461108694022, 'I_gpe': 1.147923504726744, 'I_gpi': 1.9007981689339617, 'noise_stn_sigma': 2.814791937747701, 'noise_gpe_sigma': 101.82961242661507, 'noise_gpi_sigma': 70.01827981691615, 'g_stn_gpe_mult': 3.0239667515527646, 'g_gpe_stn_mult': 0.1654664861465318, 'g_stn_gpi_mult': 3.5338681532945357, 'g_gpe_gpi_mult': 1.0864068481828613}. Best is trial 443 with value: 0.14304182072779936.
[I 2026-05-28 03:13:05,949] Trial 534 finished with value: 0.16873348422073256 and parameters: {'ISTN': 61.908823523629096, 'I_gpe': 1.1446435194473006, 'I_gpi': 2.0428091013477507, 'noise_stn_sigma': 2.6841789352776333, 'noise_gpe_sigma': 97.06737570249604, 'noise_gpi_sigma': 83.28807791642933, 'g_stn_gpe_mult': 2.7247034155874874, 'g_gpe_stn_mult': 0.13998420985331883, 'g_stn_gpi_mult': 3.365924669093509, 'g_gpe_gpi_mult': 1.0186068732279425}. Best is trial 443 with value: 0.14304182072779936.
[I 2026-05-28 03:13:06,961] Trial 535 finished with value: 0.18880543987244977 and parameters: {'ISTN': 62.792110990447036, 'I_gpe': 1.2340558341720578, 'I_gpi': 2.110065187373684, 'noise_stn_sigma': 2.920916708722416, 'noise_gpe_sigma': 100.67938859200011, 'noise_gpi_sigma': 82.48911284419528, 'g_stn_gpe_mult': 3.124929312585702, 'g_gpe_stn_mult': 0.1797650569270562, 'g_stn_gpi_mult': 3.2136273314166885, 'g_gpe_gpi_mult': 1.0606052259250087}. Best is trial 443 with value: 0.14304182072779936.
[I 2026-05-28 03:13:07,974] Trial 536 finished with value: 0.15488686792096554 and parameters: {'ISTN': 61.89966051793008, 'I_gpe': 1.0790356706771587, 'I_gpi': 1.7608187450015493, 'noise_stn_sigma': 2.7707464961078365, 'noise_gpe_sigma': 99.6657027600999, 'noise_gpi_sigma': 79.17768598889728, 'g_stn_gpe_mult': 3.0801620459938066, 'g_gpe_stn_mult': 0.15258684146030843, 'g_stn_gpi_mult': 3.521745744015819, 'g_gpe_gpi_mult': 1.1500951679120905}. Best is trial 443 with value: 0.14304182072779936.
[I 2026-05-28 03:13:08,990] Trial 537 finished with value: 0.15860565078646965 and parameters: {'ISTN': 60.96484333053381, 'I_gpe': 1.22263895708897, 'I_gpi': 1.9419488217100953, 'noise_stn_sigma': 3.0723690271165034, 'noise_gpe_sigma': 96.66031199224642, 'noise_gpi_sigma': 79.49890521874671, 'g_stn_gpe_mult': 2.9510688404363083, 'g_gpe_stn_mult': 0.17085517053561164, 'g_stn_gpi_mult': 3.434815392656029, 'g_gpe_gpi_mult': 1.0241558644578495}. Best is trial 443 with value: 0.14304182072779936.
[I 2026-05-28 03:13:10,002] Trial 538 finished with value: 0.17723216131070169 and parameters: {'ISTN': 61.87036044433523, 'I_gpe': 1.2609679253764416, 'I_gpi': 1.8925213342655438, 'noise_stn_sigma': 3.412122566387462, 'noise_gpe_sigma': 97.23873708148868, 'noise_gpi_sigma': 68.1181864154176, 'g_stn_gpe_mult': 3.2420411406877943, 'g_gpe_stn_mult': 0.16339195045954602, 'g_stn_gpi_mult': 3.451229966224898, 'g_gpe_gpi_mult': 1.0176838578801428}. Best is trial 443 with value: 0.14304182072779936.
[I 2026-05-28 03:13:11,014] Trial 539 finished with value: 0.23426314005407706 and parameters: {'ISTN': 61.15852554284652, 'I_gpe': 1.2400462706938795, 'I_gpi': 1.8663811031888167, 'noise_stn_sigma': 2.894205088553722, 'noise_gpe_sigma': 93.59448938269847, 'noise_gpi_sigma': 73.493615240081, 'g_stn_gpe_mult': 3.220830229265986, 'g_gpe_stn_mult': 0.15581731966841927, 'g_stn_gpi_mult': 3.2974691132363656, 'g_gpe_gpi_mult': 1.0075800207985937}. Best is trial 443 with value: 0.14304182072779936.
[I 2026-05-28 03:13:12,026] Trial 540 finished with value: 0.2067492713718091 and parameters: {'ISTN': 63.87239835652557, 'I_gpe': 1.1769569808568, 'I_gpi': 1.929227838192285, 'noise_stn_sigma': 3.2496484328062727, 'noise_gpe_sigma': 93.13367884641241, 'noise_gpi_sigma': 80.10076961125797, 'g_stn_gpe_mult': 3.2116730408904717, 'g_gpe_stn_mult': 0.125814247345406, 'g_stn_gpi_mult': 3.4096197964037884, 'g_gpe_gpi_mult': 0.9751772375139651}. Best is trial 443 with value: 0.14304182072779936.
[I 2026-05-28 03:13:13,041] Trial 541 finished with value: 0.16552200718724464 and parameters: {'ISTN': 63.39804392948295, 'I_gpe': 1.1926747394453896, 'I_gpi': 1.9709047961340438, 'noise_stn_sigma': 2.5320044292331683, 'noise_gpe_sigma': 106.64041378136197, 'noise_gpi_sigma': 76.25076276830615, 'g_stn_gpe_mult': 2.937913459018535, 'g_gpe_stn_mult': 0.126564515949169, 'g_stn_gpi_mult': 3.4361623656973155, 'g_gpe_gpi_mult': 1.070433612049167}. Best is trial 443 with value: 0.14304182072779936.
[I 2026-05-28 03:13:14,053] Trial 542 finished with value: 0.1765169503287884 and parameters: {'ISTN': 62.89814818136646, 'I_gpe': 1.1368678124081102, 'I_gpi': 1.967704963589858, 'noise_stn_sigma': 2.6119464252546924, 'noise_gpe_sigma': 100.42483379796762, 'noise_gpi_sigma': 86.68526074044398, 'g_stn_gpe_mult': 2.92269320996506, 'g_gpe_stn_mult': 0.16346477847135166, 'g_stn_gpi_mult': 3.1753583290848355, 'g_gpe_gpi_mult': 1.031356261468408}. Best is trial 443 with value: 0.14304182072779936.
[I 2026-05-28 03:13:15,066] Trial 543 finished with value: 0.22505596704427952 and parameters: {'ISTN': 62.90978436401921, 'I_gpe': 0.7307435443364518, 'I_gpi': 1.813247340276149, 'noise_stn_sigma': 2.217793835862967, 'noise_gpe_sigma': 101.5608208293109, 'noise_gpi_sigma': 85.84088287964907, 'g_stn_gpe_mult': 2.8266028650173722, 'g_gpe_stn_mult': 0.16405563614621949, 'g_stn_gpi_mult': 3.5513661094158624, 'g_gpe_gpi_mult': 1.0545116663989407}. Best is trial 443 with value: 0.14304182072779936.
[I 2026-05-28 03:13:16,077] Trial 544 finished with value: 0.1818189140911902 and parameters: {'ISTN': 63.4038949562173, 'I_gpe': 1.3311064819431764, 'I_gpi': 1.7452663123241627, 'noise_stn_sigma': 2.788799087504139, 'noise_gpe_sigma': 96.74695292049297, 'noise_gpi_sigma': 85.94163966492624, 'g_stn_gpe_mult': 2.9746070763550714, 'g_gpe_stn_mult': 0.15306893346076006, 'g_stn_gpi_mult': 3.4938449865334595, 'g_gpe_gpi_mult': 1.1274243079923307}. Best is trial 443 with value: 0.14304182072779936.
[I 2026-05-28 03:13:17,090] Trial 545 finished with value: 0.15949702429964002 and parameters: {'ISTN': 62.271819136947386, 'I_gpe': 1.0745291796734908, 'I_gpi': 1.9194415785831296, 'noise_stn_sigma': 2.843084420695128, 'noise_gpe_sigma': 98.83001573194329, 'noise_gpi_sigma': 76.4685032758246, 'g_stn_gpe_mult': 3.061898911464464, 'g_gpe_stn_mult': 0.13090386381152508, 'g_stn_gpi_mult': 3.62568939540729, 'g_gpe_gpi_mult': 1.1364554032784173}. Best is trial 443 with value: 0.14304182072779936.
[I 2026-05-28 03:13:18,104] Trial 546 finished with value: 0.2220633132213074 and parameters: {'ISTN': 61.2429718363866, 'I_gpe': 1.1264486248907304, 'I_gpi': 1.8569491271999172, 'noise_stn_sigma': 2.560225028165512, 'noise_gpe_sigma': 100.24902365862175, 'noise_gpi_sigma': 68.9302721801275, 'g_stn_gpe_mult': 3.0336828224255488, 'g_gpe_stn_mult': 0.14469657362018473, 'g_stn_gpi_mult': 3.562906576412573, 'g_gpe_gpi_mult': 1.0882746106703776}. Best is trial 443 with value: 0.14304182072779936.
[I 2026-05-28 03:13:19,114] Trial 547 finished with value: 0.5941500002599776 and parameters: {'ISTN': 61.91086899340552, 'I_gpe': 0.8944746861555188, 'I_gpi': 1.927000246762556, 'noise_stn_sigma': 3.3154466043498685, 'noise_gpe_sigma': 101.0303891997275, 'noise_gpi_sigma': 71.37984644983096, 'g_stn_gpe_mult': 3.105943199575379, 'g_gpe_stn_mult': 0.1796253283790764, 'g_stn_gpi_mult': 3.4361075172918856, 'g_gpe_gpi_mult': 1.0993033938043162}. Best is trial 443 with value: 0.14304182072779936.
[I 2026-05-28 03:13:20,124] Trial 548 finished with value: 0.6229226336139386 and parameters: {'ISTN': 62.1506549676244, 'I_gpe': 1.1832775376981193, 'I_gpi': 1.9829857234256947, 'noise_stn_sigma': 2.433034110116873, 'noise_gpe_sigma': 97.27798237142378, 'noise_gpi_sigma': 79.52288100135686, 'g_stn_gpe_mult': 2.943192769988362, 'g_gpe_stn_mult': 0.186023981976559, 'g_stn_gpi_mult': 3.590628805598464, 'g_gpe_gpi_mult': 1.0717878366139189}. Best is trial 443 with value: 0.14304182072779936.
[I 2026-05-28 03:13:21,133] Trial 549 finished with value: 0.17784805308919732 and parameters: {'ISTN': 61.79598571379064, 'I_gpe': 0.8677921046108318, 'I_gpi': 1.7088972257680735, 'noise_stn_sigma': 2.728880629149298, 'noise_gpe_sigma': 107.77127064343486, 'noise_gpi_sigma': 76.00587583575245, 'g_stn_gpe_mult': 3.22472473715834, 'g_gpe_stn_mult': 0.15837471695226565, 'g_stn_gpi_mult': 3.533183056373529, 'g_gpe_gpi_mult': 1.1176325068664472}. Best is trial 443 with value: 0.14304182072779936.
[I 2026-05-28 03:13:22,147] Trial 550 finished with value: 0.17639473150547422 and parameters: {'ISTN': 65.35760229210713, 'I_gpe': 1.1361887496940049, 'I_gpi': 1.8881077786912237, 'noise_stn_sigma': 2.443901551252058, 'noise_gpe_sigma': 103.09256569641647, 'noise_gpi_sigma': 75.77401321587809, 'g_stn_gpe_mult': 2.9291807069704867, 'g_gpe_stn_mult': 0.14079032833726166, 'g_stn_gpi_mult': 3.4890880147215726, 'g_gpe_gpi_mult': 1.0357367456293538}. Best is trial 443 with value: 0.14304182072779936.
[I 2026-05-28 03:13:23,158] Trial 551 finished with value: 0.2789403129987924 and parameters: {'ISTN': 61.968285230126085, 'I_gpe': 0.9130800184973327, 'I_gpi': 1.6820703116660676, 'noise_stn_sigma': 2.5626400441807404, 'noise_gpe_sigma': 106.94587842069758, 'noise_gpi_sigma': 77.64789393736262, 'g_stn_gpe_mult': 2.9895280447063524, 'g_gpe_stn_mult': 0.12830039298972445, 'g_stn_gpi_mult': 3.4715298466022535, 'g_gpe_gpi_mult': 1.1917205236014012}. Best is trial 443 with value: 0.14304182072779936.
[I 2026-05-28 03:13:24,170] Trial 552 finished with value: 0.16184907401086063 and parameters: {'ISTN': 63.54607920770292, 'I_gpe': 1.1989626902478099, 'I_gpi': 1.7946794771552028, 'noise_stn_sigma': 2.330302145285703, 'noise_gpe_sigma': 103.38082992132311, 'noise_gpi_sigma': 75.42366887283934, 'g_stn_gpe_mult': 2.8187593671116344, 'g_gpe_stn_mult': 0.11807243369019893, 'g_stn_gpi_mult': 3.4780579728791436, 'g_gpe_gpi_mult': 1.0248553307198356}. Best is trial 443 with value: 0.14304182072779936.
[I 2026-05-28 03:13:25,180] Trial 553 finished with value: 0.18832678203503306 and parameters: {'ISTN': 65.42289169909411, 'I_gpe': 1.1985802270328665, 'I_gpi': 2.0651606273755947, 'noise_stn_sigma': 2.5264018602152563, 'noise_gpe_sigma': 105.85269750538072, 'noise_gpi_sigma': 81.16204585439559, 'g_stn_gpe_mult': 3.023180854296738, 'g_gpe_stn_mult': 0.13505085003323483, 'g_stn_gpi_mult': 3.3873285644419884, 'g_gpe_gpi_mult': 1.0709123891339363}. Best is trial 443 with value: 0.14304182072779936.
[I 2026-05-28 03:13:26,193] Trial 554 finished with value: 0.3444802758059514 and parameters: {'ISTN': 65.00589351682707, 'I_gpe': 1.1104571138838772, 'I_gpi': 1.8027187698950335, 'noise_stn_sigma': 2.509087863056991, 'noise_gpe_sigma': 99.94776127234009, 'noise_gpi_sigma': 79.28619852820397, 'g_stn_gpe_mult': 2.8291893567244437, 'g_gpe_stn_mult': 0.11949204348937101, 'g_stn_gpi_mult': 3.623372331143442, 'g_gpe_gpi_mult': 1.0474635251989735}. Best is trial 443 with value: 0.14304182072779936.
[I 2026-05-28 03:13:27,209] Trial 555 finished with value: 0.1472523504651977 and parameters: {'ISTN': 61.306476120909835, 'I_gpe': 1.1657279794385744, 'I_gpi': 1.9528107372900583, 'noise_stn_sigma': 2.5011615200340795, 'noise_gpe_sigma': 99.46800877326974, 'noise_gpi_sigma': 76.41005420221506, 'g_stn_gpe_mult': 2.793783852925773, 'g_gpe_stn_mult': 0.1434529362164315, 'g_stn_gpi_mult': 3.4294221036754378, 'g_gpe_gpi_mult': 1.08254268969103}. Best is trial 443 with value: 0.14304182072779936.
[I 2026-05-28 03:13:28,220] Trial 556 finished with value: 0.19283387158015822 and parameters: {'ISTN': 63.0453478691781, 'I_gpe': 1.0349214190170386, 'I_gpi': 1.8975721643430714, 'noise_stn_sigma': 3.1083730311415563, 'noise_gpe_sigma': 102.68163929636674, 'noise_gpi_sigma': 72.64340509415598, 'g_stn_gpe_mult': 2.8505449894937387, 'g_gpe_stn_mult': 0.1311967061638333, 'g_stn_gpi_mult': 3.5265397822774234, 'g_gpe_gpi_mult': 1.0870799697683124}. Best is trial 443 with value: 0.14304182072779936.
[I 2026-05-28 03:13:29,231] Trial 557 finished with value: 1.548815940056957 and parameters: {'ISTN': 65.12796554312622, 'I_gpe': 1.0269858427174956, 'I_gpi': 2.012593908056735, 'noise_stn_sigma': 2.9012165002188173, 'noise_gpe_sigma': 99.58700072367908, 'noise_gpi_sigma': 81.97652320952095, 'g_stn_gpe_mult': 2.888321896183578, 'g_gpe_stn_mult': 0.13323044580658946, 'g_stn_gpi_mult': 3.4566511570998184, 'g_gpe_gpi_mult': 1.0820256476009615}. Best is trial 443 with value: 0.14304182072779936.
[I 2026-05-28 03:13:30,242] Trial 558 finished with value: 0.28383746727091896 and parameters: {'ISTN': 62.271810438361804, 'I_gpe': 1.158656111024657, 'I_gpi': 1.9572588081805615, 'noise_stn_sigma': 2.385952303175235, 'noise_gpe_sigma': 103.01699610523444, 'noise_gpi_sigma': 74.19735745516874, 'g_stn_gpe_mult': 3.167523527168446, 'g_gpe_stn_mult': 0.12614763513762278, 'g_stn_gpi_mult': 3.4428578541287846, 'g_gpe_gpi_mult': 1.1036512761961554}. Best is trial 443 with value: 0.14304182072779936.
[I 2026-05-28 03:13:31,255] Trial 559 finished with value: 0.1589948623384163 and parameters: {'ISTN': 62.04106881724958, 'I_gpe': 1.068849827586547, 'I_gpi': 1.7844853853358158, 'noise_stn_sigma': 2.81456080282163, 'noise_gpe_sigma': 99.88004164752354, 'noise_gpi_sigma': 81.44885639954657, 'g_stn_gpe_mult': 3.061236680560919, 'g_gpe_stn_mult': 0.15325895621152874, 'g_stn_gpi_mult': 3.5092889607806823, 'g_gpe_gpi_mult': 1.1113676025662405}. Best is trial 443 with value: 0.14304182072779936.
[I 2026-05-28 03:13:32,268] Trial 560 finished with value: 0.19374205279378154 and parameters: {'ISTN': 63.28853724215801, 'I_gpe': 1.0266423754498395, 'I_gpi': 1.9397767445032124, 'noise_stn_sigma': 2.74114593450756, 'noise_gpe_sigma': 102.9699812160615, 'noise_gpi_sigma': 72.16501048040953, 'g_stn_gpe_mult': 3.032053750168912, 'g_gpe_stn_mult': 0.14809130137586116, 'g_stn_gpi_mult': 3.430704847292757, 'g_gpe_gpi_mult': 1.1405075715395432}. Best is trial 443 with value: 0.14304182072779936.
[I 2026-05-28 03:13:33,279] Trial 561 finished with value: 0.17587868728501382 and parameters: {'ISTN': 63.49564258446614, 'I_gpe': 1.1375861829812677, 'I_gpi': 2.0413420315676154, 'noise_stn_sigma': 2.476365002684644, 'noise_gpe_sigma': 94.69078246487344, 'noise_gpi_sigma': 84.0522138727796, 'g_stn_gpe_mult': 3.2729963606888215, 'g_gpe_stn_mult': 0.13549642216829325, 'g_stn_gpi_mult': 3.294035803930725, 'g_gpe_gpi_mult': 1.1082503027793658}. Best is trial 443 with value: 0.14304182072779936.
[I 2026-05-28 03:13:34,290] Trial 562 finished with value: 0.16739074361882478 and parameters: {'ISTN': 60.24606253602759, 'I_gpe': 1.129012412606273, 'I_gpi': 1.9375258210636601, 'noise_stn_sigma': 2.6532337386291616, 'noise_gpe_sigma': 104.14141813720659, 'noise_gpi_sigma': 67.43315299501046, 'g_stn_gpe_mult': 2.838418730893244, 'g_gpe_stn_mult': 0.15760227229676313, 'g_stn_gpi_mult': 3.667721930777655, 'g_gpe_gpi_mult': 1.082992228319159}. Best is trial 443 with value: 0.14304182072779936.
[I 2026-05-28 03:13:35,301] Trial 563 finished with value: 0.19145014507565977 and parameters: {'ISTN': 63.978693171515935, 'I_gpe': 1.081230899760171, 'I_gpi': 1.689524179376074, 'noise_stn_sigma': 2.4599842171534987, 'noise_gpe_sigma': 104.91875136069571, 'noise_gpi_sigma': 82.27695954425677, 'g_stn_gpe_mult': 2.9235151579507663, 'g_gpe_stn_mult': 0.13627795848120805, 'g_stn_gpi_mult': 3.5810781914281575, 'g_gpe_gpi_mult': 1.0437601748221608}. Best is trial 443 with value: 0.14304182072779936.
[I 2026-05-28 03:13:36,312] Trial 564 finished with value: 0.17629053733267339 and parameters: {'ISTN': 63.39519864362449, 'I_gpe': 1.263917542094854, 'I_gpi': 1.9702502798187636, 'noise_stn_sigma': 2.4830941299035088, 'noise_gpe_sigma': 101.90318116371083, 'noise_gpi_sigma': 83.10491473326213, 'g_stn_gpe_mult': 3.028551190946477, 'g_gpe_stn_mult': 0.1528356033001814, 'g_stn_gpi_mult': 3.426989272094148, 'g_gpe_gpi_mult': 1.0409524399232999}. Best is trial 443 with value: 0.14304182072779936.
[I 2026-05-28 03:13:37,323] Trial 565 finished with value: 0.1554204987881351 and parameters: {'ISTN': 61.86337189951696, 'I_gpe': 1.0636257651000545, 'I_gpi': 1.9761200031778787, 'noise_stn_sigma': 2.8862478396022433, 'noise_gpe_sigma': 104.6066711809575, 'noise_gpi_sigma': 77.62152332141002, 'g_stn_gpe_mult': 3.160694752879554, 'g_gpe_stn_mult': 0.11516770853262359, 'g_stn_gpi_mult': 3.2702646430353495, 'g_gpe_gpi_mult': 1.0491063397243825}. Best is trial 443 with value: 0.14304182072779936.
[I 2026-05-28 03:13:38,336] Trial 566 finished with value: 0.15767017273674233 and parameters: {'ISTN': 61.19953207685111, 'I_gpe': 1.1757874572738292, 'I_gpi': 1.9724598947017977, 'noise_stn_sigma': 2.9352371242826942, 'noise_gpe_sigma': 103.43230023996347, 'noise_gpi_sigma': 77.51202834222114, 'g_stn_gpe_mult': 2.7924961549125653, 'g_gpe_stn_mult': 0.15046330861816604, 'g_stn_gpi_mult': 3.5515900368739874, 'g_gpe_gpi_mult': 1.060024004878515}. Best is trial 443 with value: 0.14304182072779936.
[I 2026-05-28 03:13:39,348] Trial 567 finished with value: 0.19693373708454062 and parameters: {'ISTN': 64.78080274433222, 'I_gpe': 1.0686652511182158, 'I_gpi': 2.052763292839056, 'noise_stn_sigma': 2.3456460092245055, 'noise_gpe_sigma': 98.51725660706188, 'noise_gpi_sigma': 75.26373253163669, 'g_stn_gpe_mult': 2.927542059462492, 'g_gpe_stn_mult': 0.10211957919786771, 'g_stn_gpi_mult': 3.551906796845745, 'g_gpe_gpi_mult': 1.014691279244751}. Best is trial 443 with value: 0.14304182072779936.
[I 2026-05-28 03:13:40,361] Trial 568 finished with value: 0.14647194795437207 and parameters: {'ISTN': 62.04248665219698, 'I_gpe': 1.1235195878732653, 'I_gpi': 1.9658781691914493, 'noise_stn_sigma': 2.4703460959104158, 'noise_gpe_sigma': 101.57079403635807, 'noise_gpi_sigma': 83.95576405563173, 'g_stn_gpe_mult': 3.0804571724394068, 'g_gpe_stn_mult': 0.14664835887847819, 'g_stn_gpi_mult': 3.3996898605861428, 'g_gpe_gpi_mult': 1.0879236490652051}. Best is trial 443 with value: 0.14304182072779936.
[I 2026-05-28 03:13:41,371] Trial 569 finished with value: 0.157434728082363 and parameters: {'ISTN': 62.989230575861704, 'I_gpe': 1.1793208431172477, 'I_gpi': 1.9091000551301553, 'noise_stn_sigma': 2.0738551772574114, 'noise_gpe_sigma': 103.2504233009454, 'noise_gpi_sigma': 72.94698955436434, 'g_stn_gpe_mult': 2.812046900153166, 'g_gpe_stn_mult': 0.13170424401619218, 'g_stn_gpi_mult': 3.5250341366007634, 'g_gpe_gpi_mult': 1.050973842897646}. Best is trial 443 with value: 0.14304182072779936.
[I 2026-05-28 03:13:42,383] Trial 570 finished with value: 0.14086753762996745 and parameters: {'ISTN': 61.282545166054156, 'I_gpe': 1.21028074119021, 'I_gpi': 1.8176841951873972, 'noise_stn_sigma': 2.736687030846607, 'noise_gpe_sigma': 100.95013763358772, 'noise_gpi_sigma': 72.33372980048154, 'g_stn_gpe_mult': 2.8621634762275883, 'g_gpe_stn_mult': 0.14674873793346127, 'g_stn_gpi_mult': 3.5013356988870235, 'g_gpe_gpi_mult': 1.0637048132860871}. Best is trial 570 with value: 0.14086753762996745.
[I 2026-05-28 03:13:43,394] Trial 571 finished with value: 0.7571777926695937 and parameters: {'ISTN': 64.13513327236278, 'I_gpe': 1.059462983158549, 'I_gpi': 1.8666279660378902, 'noise_stn_sigma': 2.874641924502573, 'noise_gpe_sigma': 96.70239056240253, 'noise_gpi_sigma': 79.01294776551926, 'g_stn_gpe_mult': 3.2053814077286154, 'g_gpe_stn_mult': 0.12907440785312052, 'g_stn_gpi_mult': 3.3493389956360526, 'g_gpe_gpi_mult': 1.0493470938769334}. Best is trial 570 with value: 0.14086753762996745.
