[I 2026-05-28 04:04:40,773] Trial 572 finished with value: 0.1322022407727502 and parameters: {'ISTN': 60.284540707836896, 'I_gpe': 1.1415858158082441, 'I_gpi': 2.0224493406680093, 'noise_stn_sigma': 2.568339875632613, 'noise_gpe_sigma': 105.55401674308075, 'noise_gpi_sigma': 78.84691151806791, 'g_stn_gpe_mult': 3.3854656701279353, 'g_gpe_stn_mult': 0.17910344628949615, 'g_stn_gpi_mult': 2.5448686200902104, 'g_gpe_gpi_mult': 0.3552222704303324}. Best is trial 526 with value: 0.1290046176042603.
[I 2026-05-28 04:04:41,778] Trial 573 finished with value: 0.13747941336643887 and parameters: {'ISTN': 60.43258609640633, 'I_gpe': 1.1244898016889737, 'I_gpi': 1.9777930244092623, 'noise_stn_sigma': 2.511681469123851, 'noise_gpe_sigma': 107.19782003636035, 'noise_gpi_sigma': 77.52582381594183, 'g_stn_gpe_mult': 3.450970483465549, 'g_gpe_stn_mult': 0.1782726629405751, 'g_stn_gpi_mult': 2.5028906520366787, 'g_gpe_gpi_mult': 0.3477698046831843}. Best is trial 526 with value: 0.1290046176042603.
[I 2026-05-28 04:04:42,784] Trial 574 finished with value: 0.12977176980522942 and parameters: {'ISTN': 60.5661548684365, 'I_gpe': 1.164084164303729, 'I_gpi': 2.0346969483612667, 'noise_stn_sigma': 2.497588632901273, 'noise_gpe_sigma': 106.1332854043217, 'noise_gpi_sigma': 78.35912545887147, 'g_stn_gpe_mult': 3.3518089377533675, 'g_gpe_stn_mult': 0.17092515759503307, 'g_stn_gpi_mult': 2.552733187428597, 'g_gpe_gpi_mult': 0.3291124791096003}. Best is trial 526 with value: 0.1290046176042603.
[I 2026-05-28 04:04:43,788] Trial 575 finished with value: 0.1382857123173832 and parameters: {'ISTN': 60.91099872684434, 'I_gpe': 1.123001565556245, 'I_gpi': 1.972829159692607, 'noise_stn_sigma': 2.585322984794969, 'noise_gpe_sigma': 106.18022712370703, 'noise_gpi_sigma': 78.64565056993258, 'g_stn_gpe_mult': 3.4304057825640792, 'g_gpe_stn_mult': 0.16557929411536976, 'g_stn_gpi_mult': 2.5355237917693914, 'g_gpe_gpi_mult': 0.3532884333339}. Best is trial 526 with value: 0.1290046176042603.
[I 2026-05-28 04:04:44,793] Trial 576 finished with value: 0.13434423272411788 and parameters: {'ISTN': 60.444735237888196, 'I_gpe': 1.1481297730967763, 'I_gpi': 1.9683934875082707, 'noise_stn_sigma': 2.475366672975875, 'noise_gpe_sigma': 106.88536039255835, 'noise_gpi_sigma': 79.47941712973893, 'g_stn_gpe_mult': 3.454287915187691, 'g_gpe_stn_mult': 0.17713887292437902, 'g_stn_gpi_mult': 2.4901559941080604, 'g_gpe_gpi_mult': 0.34753940937905514}. Best is trial 526 with value: 0.1290046176042603.
[I 2026-05-28 04:04:45,799] Trial 577 finished with value: 0.14217165194679143 and parameters: {'ISTN': 60.950113639219644, 'I_gpe': 1.1325423779747867, 'I_gpi': 1.9548788645381916, 'noise_stn_sigma': 2.52489449335234, 'noise_gpe_sigma': 105.95246352616404, 'noise_gpi_sigma': 77.79184152264746, 'g_stn_gpe_mult': 3.351169924976475, 'g_gpe_stn_mult': 0.17226884052706537, 'g_stn_gpi_mult': 2.5090969054699093, 'g_gpe_gpi_mult': 0.35290723200258894}. Best is trial 526 with value: 0.1290046176042603.
[I 2026-05-28 04:04:46,804] Trial 578 finished with value: 0.14602695721687675 and parameters: {'ISTN': 60.85823283678353, 'I_gpe': 1.168992216642283, 'I_gpi': 1.9574621361237197, 'noise_stn_sigma': 2.567639117899489, 'noise_gpe_sigma': 105.01275389799538, 'noise_gpi_sigma': 80.99767635104888, 'g_stn_gpe_mult': 3.3830388549711063, 'g_gpe_stn_mult': 0.17656011755237366, 'g_stn_gpi_mult': 2.4672828063883894, 'g_gpe_gpi_mult': 0.35537544747227773}. Best is trial 526 with value: 0.1290046176042603.
[I 2026-05-28 04:04:47,810] Trial 579 finished with value: 0.17678543086552267 and parameters: {'ISTN': 60.310302245319214, 'I_gpe': 1.119867042171078, 'I_gpi': 1.9866712009075411, 'noise_stn_sigma': 2.6349059909446915, 'noise_gpe_sigma': 103.46504042356433, 'noise_gpi_sigma': 81.37032776523493, 'g_stn_gpe_mult': 3.4189399489683168, 'g_gpe_stn_mult': 0.17251868692364875, 'g_stn_gpi_mult': 2.53920873630684, 'g_gpe_gpi_mult': 0.3567985123297528}. Best is trial 526 with value: 0.1290046176042603.
[I 2026-05-28 04:04:48,815] Trial 580 finished with value: 0.1384960365683463 and parameters: {'ISTN': 60.925590088758625, 'I_gpe': 1.1033651307967665, 'I_gpi': 1.9668775606213602, 'noise_stn_sigma': 2.557388263889286, 'noise_gpe_sigma': 107.54403191496414, 'noise_gpi_sigma': 79.15221415648529, 'g_stn_gpe_mult': 3.4308901788476893, 'g_gpe_stn_mult': 0.17292420883941265, 'g_stn_gpi_mult': 2.580653521547074, 'g_gpe_gpi_mult': 0.35515435285141683}. Best is trial 526 with value: 0.1290046176042603.
[I 2026-05-28 04:04:49,822] Trial 581 finished with value: 0.13328128137011547 and parameters: {'ISTN': 60.12150117941958, 'I_gpe': 1.1727851412122199, 'I_gpi': 2.0016601839959316, 'noise_stn_sigma': 2.5857434428423827, 'noise_gpe_sigma': 104.05367002095049, 'noise_gpi_sigma': 76.96298066402187, 'g_stn_gpe_mult': 3.422312269762169, 'g_gpe_stn_mult': 0.17803720053430755, 'g_stn_gpi_mult': 2.575611837376023, 'g_gpe_gpi_mult': 0.3289341083128229}. Best is trial 526 with value: 0.1290046176042603.
[I 2026-05-28 04:04:50,828] Trial 582 finished with value: 0.1393757798632055 and parameters: {'ISTN': 60.91553413332771, 'I_gpe': 1.1846826890728335, 'I_gpi': 2.007329817304452, 'noise_stn_sigma': 2.4232620696458014, 'noise_gpe_sigma': 106.8843799326356, 'noise_gpi_sigma': 77.27266544119635, 'g_stn_gpe_mult': 3.365504775139669, 'g_gpe_stn_mult': 0.1730378240170775, 'g_stn_gpi_mult': 2.526638688498212, 'g_gpe_gpi_mult': 0.30030726821393927}. Best is trial 526 with value: 0.1290046176042603.
[I 2026-05-28 04:04:51,836] Trial 583 finished with value: 0.13750695861034162 and parameters: {'ISTN': 60.589626887159206, 'I_gpe': 1.0980753814760522, 'I_gpi': 2.023312747694288, 'noise_stn_sigma': 2.5611366079263655, 'noise_gpe_sigma': 107.23887661086799, 'noise_gpi_sigma': 78.87182366381072, 'g_stn_gpe_mult': 3.39241027750137, 'g_gpe_stn_mult': 0.17731711261065225, 'g_stn_gpi_mult': 2.5932785140528307, 'g_gpe_gpi_mult': 0.35794649631929754}. Best is trial 526 with value: 0.1290046176042603.
[I 2026-05-28 04:04:52,839] Trial 584 finished with value: 0.29433445932189484 and parameters: {'ISTN': 60.09608014801529, 'I_gpe': 1.081444921686567, 'I_gpi': 2.032033787554366, 'noise_stn_sigma': 2.6254372213042476, 'noise_gpe_sigma': 108.3301164355015, 'noise_gpi_sigma': 77.08112976823982, 'g_stn_gpe_mult': 3.402398578694157, 'g_gpe_stn_mult': 0.16944715260905877, 'g_stn_gpi_mult': 2.4950254422965505, 'g_gpe_gpi_mult': 0.3298792774156232}. Best is trial 526 with value: 0.1290046176042603.
[I 2026-05-28 04:04:53,845] Trial 585 finished with value: 0.13063931123117542 and parameters: {'ISTN': 60.6484889329252, 'I_gpe': 1.1722162685431536, 'I_gpi': 2.047552448037731, 'noise_stn_sigma': 2.5822335594327397, 'noise_gpe_sigma': 107.4493875524243, 'noise_gpi_sigma': 80.02590992649459, 'g_stn_gpe_mult': 3.3315457782937465, 'g_gpe_stn_mult': 0.16960418300308563, 'g_stn_gpi_mult': 2.5552780569484175, 'g_gpe_gpi_mult': 0.35814650016126093}. Best is trial 526 with value: 0.1290046176042603.
[I 2026-05-28 04:04:54,851] Trial 586 finished with value: 0.13436221800167494 and parameters: {'ISTN': 60.73715632978747, 'I_gpe': 1.1839147255761606, 'I_gpi': 2.0853453670080966, 'noise_stn_sigma': 2.564131249469911, 'noise_gpe_sigma': 103.93264722181323, 'noise_gpi_sigma': 78.36589209630516, 'g_stn_gpe_mult': 3.369531578233622, 'g_gpe_stn_mult': 0.16856336762689855, 'g_stn_gpi_mult': 2.4838338600410133, 'g_gpe_gpi_mult': 0.31841737092364164}. Best is trial 526 with value: 0.1290046176042603.
[I 2026-05-28 04:04:55,858] Trial 587 finished with value: 0.16780801232419865 and parameters: {'ISTN': 60.381596582213184, 'I_gpe': 1.188177751213753, 'I_gpi': 2.037659194467759, 'noise_stn_sigma': 2.6262780462474797, 'noise_gpe_sigma': 107.75865620471255, 'noise_gpi_sigma': 78.03264027540618, 'g_stn_gpe_mult': 3.3876286689591604, 'g_gpe_stn_mult': 0.17120582092439615, 'g_stn_gpi_mult': 2.5973155336459812, 'g_gpe_gpi_mult': 0.3440761694984289}. Best is trial 526 with value: 0.1290046176042603.
[I 2026-05-28 04:04:56,862] Trial 588 finished with value: 0.14620538298109736 and parameters: {'ISTN': 61.54459483259445, 'I_gpe': 1.1297992448602279, 'I_gpi': 1.989856984922767, 'noise_stn_sigma': 2.6089254908799417, 'noise_gpe_sigma': 107.46125920642724, 'noise_gpi_sigma': 79.72127411468206, 'g_stn_gpe_mult': 3.4245484304020004, 'g_gpe_stn_mult': 0.16784694801168945, 'g_stn_gpi_mult': 2.483776959246587, 'g_gpe_gpi_mult': 0.3207447911344037}. Best is trial 526 with value: 0.1290046176042603.
[I 2026-05-28 04:04:57,868] Trial 589 finished with value: 0.1287883906830688 and parameters: {'ISTN': 60.26252972170903, 'I_gpe': 1.1725123503658619, 'I_gpi': 2.022090312980775, 'noise_stn_sigma': 2.592983100576979, 'noise_gpe_sigma': 104.91590574575895, 'noise_gpi_sigma': 80.43386139823492, 'g_stn_gpe_mult': 3.356369236990394, 'g_gpe_stn_mult': 0.17139837520308038, 'g_stn_gpi_mult': 2.5156330209652067, 'g_gpe_gpi_mult': 0.32169047433342124}. Best is trial 589 with value: 0.1287883906830688.
[I 2026-05-28 04:04:58,873] Trial 590 finished with value: 0.8846388491706764 and parameters: {'ISTN': 60.0787824036119, 'I_gpe': 1.143814051168901, 'I_gpi': 2.023251665469289, 'noise_stn_sigma': 2.3872141761919075, 'noise_gpe_sigma': 103.38851841156762, 'noise_gpi_sigma': 80.32008013093855, 'g_stn_gpe_mult': 3.3720703450989102, 'g_gpe_stn_mult': 0.1702938692852544, 'g_stn_gpi_mult': 2.526243737052283, 'g_gpe_gpi_mult': 0.3345033950902068}. Best is trial 589 with value: 0.1287883906830688.
[I 2026-05-28 04:04:59,880] Trial 591 finished with value: 0.1391800855860624 and parameters: {'ISTN': 60.648168718050826, 'I_gpe': 1.1742195826112924, 'I_gpi': 1.9949720007459164, 'noise_stn_sigma': 2.576983627415435, 'noise_gpe_sigma': 105.91593755144079, 'noise_gpi_sigma': 80.77810199157317, 'g_stn_gpe_mult': 3.3595325825625846, 'g_gpe_stn_mult': 0.17180512139658838, 'g_stn_gpi_mult': 2.514277425985026, 'g_gpe_gpi_mult': 0.3258262057727774}. Best is trial 589 with value: 0.1287883906830688.
[I 2026-05-28 04:05:00,886] Trial 592 finished with value: 0.13839300149599104 and parameters: {'ISTN': 60.757121537657035, 'I_gpe': 1.1782540056721698, 'I_gpi': 2.0552653871727, 'noise_stn_sigma': 2.4811722476459446, 'noise_gpe_sigma': 108.12378366079241, 'noise_gpi_sigma': 82.11368542892353, 'g_stn_gpe_mult': 3.3730737386487695, 'g_gpe_stn_mult': 0.17038487344302308, 'g_stn_gpi_mult': 2.5340206909196885, 'g_gpe_gpi_mult': 0.32179010628976545}. Best is trial 589 with value: 0.1287883906830688.
[I 2026-05-28 04:05:01,894] Trial 593 finished with value: 0.16518608893718167 and parameters: {'ISTN': 60.65056901968294, 'I_gpe': 1.2050826497139597, 'I_gpi': 2.0409898611084247, 'noise_stn_sigma': 2.509388276277199, 'noise_gpe_sigma': 105.78873797330681, 'noise_gpi_sigma': 81.41082381721114, 'g_stn_gpe_mult': 3.350353200738624, 'g_gpe_stn_mult': 0.1746667513518692, 'g_stn_gpi_mult': 2.51261364751108, 'g_gpe_gpi_mult': 0.30565887686125137}. Best is trial 589 with value: 0.1287883906830688.
[I 2026-05-28 04:05:02,839] Trial 594 finished with value: 1000000.0 and parameters: {'ISTN': 60.5012874044897, 'I_gpe': 1.188487988702493, 'I_gpi': 2.1032081467309975, 'noise_stn_sigma': 2.5879253540057663, 'noise_gpe_sigma': 105.81243975442537, 'noise_gpi_sigma': 79.33943726094513, 'g_stn_gpe_mult': 3.3920671334395807, 'g_gpe_stn_mult': 0.16313455081907477, 'g_stn_gpi_mult': 2.468469153792676, 'g_gpe_gpi_mult': 0.34157312273473045}. Best is trial 589 with value: 0.1287883906830688.
[I 2026-05-28 04:05:03,847] Trial 595 finished with value: 0.1366161194339968 and parameters: {'ISTN': 60.1064259492657, 'I_gpe': 1.229436103511932, 'I_gpi': 1.9873324183345922, 'noise_stn_sigma': 2.527930378514957, 'noise_gpe_sigma': 105.80790886747913, 'noise_gpi_sigma': 80.38945693695172, 'g_stn_gpe_mult': 3.39625774177816, 'g_gpe_stn_mult': 0.18051741305662222, 'g_stn_gpi_mult': 2.5058104043841145, 'g_gpe_gpi_mult': 0.33208634224383465}. Best is trial 589 with value: 0.1287883906830688.
[I 2026-05-28 04:05:04,854] Trial 596 finished with value: 0.1501926003884014 and parameters: {'ISTN': 61.5275701479908, 'I_gpe': 1.1960697125040625, 'I_gpi': 2.052663384332064, 'noise_stn_sigma': 2.347571516692063, 'noise_gpe_sigma': 106.28536176891859, 'noise_gpi_sigma': 83.98086959058747, 'g_stn_gpe_mult': 3.3490327125999024, 'g_gpe_stn_mult': 0.17036607681099625, 'g_stn_gpi_mult': 2.437003259900978, 'g_gpe_gpi_mult': 0.3112579252707143}. Best is trial 589 with value: 0.1287883906830688.
[I 2026-05-28 04:05:05,861] Trial 597 finished with value: 0.12981990296750656 and parameters: {'ISTN': 60.449977260558164, 'I_gpe': 1.1540279588765756, 'I_gpi': 1.9673598439462516, 'noise_stn_sigma': 2.533201729496062, 'noise_gpe_sigma': 106.71354777856858, 'noise_gpi_sigma': 78.62396976458567, 'g_stn_gpe_mult': 3.356305034185354, 'g_gpe_stn_mult': 0.17136443708106475, 'g_stn_gpi_mult': 2.5978780320300103, 'g_gpe_gpi_mult': 0.3238130712549872}. Best is trial 589 with value: 0.1287883906830688.
[I 2026-05-28 04:05:06,867] Trial 598 finished with value: 0.13960480343250678 and parameters: {'ISTN': 60.84489640667122, 'I_gpe': 1.1713715724749554, 'I_gpi': 2.0149320714785333, 'noise_stn_sigma': 2.6338737760882496, 'noise_gpe_sigma': 106.5882266724124, 'noise_gpi_sigma': 76.58738753738928, 'g_stn_gpe_mult': 3.351090446888673, 'g_gpe_stn_mult': 0.17174191767767802, 'g_stn_gpi_mult': 2.6019710820094977, 'g_gpe_gpi_mult': 0.35792838613737055}. Best is trial 589 with value: 0.1287883906830688.
[I 2026-05-28 04:05:07,875] Trial 599 finished with value: 0.1497952484605657 and parameters: {'ISTN': 61.274554279846065, 'I_gpe': 1.1851322608277148, 'I_gpi': 2.045141648032619, 'noise_stn_sigma': 2.606728096580424, 'noise_gpe_sigma': 105.91584933360618, 'noise_gpi_sigma': 76.90051492641965, 'g_stn_gpe_mult': 3.3550615208588574, 'g_gpe_stn_mult': 0.16569283057130552, 'g_stn_gpi_mult': 2.5442977872496293, 'g_gpe_gpi_mult': 0.35199839998519755}. Best is trial 589 with value: 0.1287883906830688.
[I 2026-05-28 04:05:08,880] Trial 600 finished with value: 0.2075679409976498 and parameters: {'ISTN': 60.34490848686605, 'I_gpe': 1.173530086353034, 'I_gpi': 2.0617318756726952, 'noise_stn_sigma': 2.4889159314676887, 'noise_gpe_sigma': 107.51104676566376, 'noise_gpi_sigma': 81.872783363889, 'g_stn_gpe_mult': 3.3041806353898036, 'g_gpe_stn_mult': 0.16977136471146775, 'g_stn_gpi_mult': 2.5427892256436277, 'g_gpe_gpi_mult': 0.33647061835792225}. Best is trial 589 with value: 0.1287883906830688.
[I 2026-05-28 04:05:09,883] Trial 601 finished with value: 0.1379955355628984 and parameters: {'ISTN': 60.63256752714294, 'I_gpe': 1.2259235153260524, 'I_gpi': 2.0315699147873625, 'noise_stn_sigma': 2.4069540069119046, 'noise_gpe_sigma': 107.68078864205414, 'noise_gpi_sigma': 80.51374809923172, 'g_stn_gpe_mult': 3.3892251100852926, 'g_gpe_stn_mult': 0.16868135562408731, 'g_stn_gpi_mult': 2.5116785751263158, 'g_gpe_gpi_mult': 0.3287822134261529}. Best is trial 589 with value: 0.1287883906830688.
[I 2026-05-28 04:05:10,889] Trial 602 finished with value: 0.13645354117785297 and parameters: {'ISTN': 60.39669335894175, 'I_gpe': 1.2005848888533392, 'I_gpi': 1.9776355945660042, 'noise_stn_sigma': 2.4522811434732406, 'noise_gpe_sigma': 104.45551928379136, 'noise_gpi_sigma': 79.47341331142891, 'g_stn_gpe_mult': 3.3146002128636676, 'g_gpe_stn_mult': 0.1722823301137466, 'g_stn_gpi_mult': 2.524597236668828, 'g_gpe_gpi_mult': 0.3218810589454299}. Best is trial 589 with value: 0.1287883906830688.
[I 2026-05-28 04:05:11,893] Trial 603 finished with value: 0.13900568101845936 and parameters: {'ISTN': 60.64648783299256, 'I_gpe': 1.22337494867464, 'I_gpi': 1.9616330985615087, 'noise_stn_sigma': 2.5244817921828027, 'noise_gpe_sigma': 107.0269048214832, 'noise_gpi_sigma': 79.93429195031173, 'g_stn_gpe_mult': 3.335525529902999, 'g_gpe_stn_mult': 0.17361725743708067, 'g_stn_gpi_mult': 2.5553726516497193, 'g_gpe_gpi_mult': 0.3236674533297163}. Best is trial 589 with value: 0.1287883906830688.
[I 2026-05-28 04:05:12,898] Trial 604 finished with value: 0.14750801736601912 and parameters: {'ISTN': 60.74106900118024, 'I_gpe': 1.0989810085023892, 'I_gpi': 1.993981431564349, 'noise_stn_sigma': 2.6310373011237984, 'noise_gpe_sigma': 107.6364088339167, 'noise_gpi_sigma': 80.70999989724388, 'g_stn_gpe_mult': 3.352577075945585, 'g_gpe_stn_mult': 0.1643696644144954, 'g_stn_gpi_mult': 2.5376874872986828, 'g_gpe_gpi_mult': 0.32549262677817137}. Best is trial 589 with value: 0.1287883906830688.
[I 2026-05-28 04:05:13,906] Trial 605 finished with value: 0.165097743177436 and parameters: {'ISTN': 61.8551132322723, 'I_gpe': 1.1894183306142612, 'I_gpi': 2.0537539052096516, 'noise_stn_sigma': 2.449165117991977, 'noise_gpe_sigma': 105.34955948548398, 'noise_gpi_sigma': 81.44241252538629, 'g_stn_gpe_mult': 3.34252465462711, 'g_gpe_stn_mult': 0.17041762446158637, 'g_stn_gpi_mult': 2.489622282100287, 'g_gpe_gpi_mult': 0.31585633676809965}. Best is trial 589 with value: 0.1287883906830688.
[I 2026-05-28 04:05:14,914] Trial 606 finished with value: 0.14630636192384958 and parameters: {'ISTN': 61.45722073270736, 'I_gpe': 1.1406874776146156, 'I_gpi': 2.0340367493414035, 'noise_stn_sigma': 2.617200631761701, 'noise_gpe_sigma': 105.99391744401575, 'noise_gpi_sigma': 81.4504164137223, 'g_stn_gpe_mult': 3.38616900585649, 'g_gpe_stn_mult': 0.16416884891627742, 'g_stn_gpi_mult': 2.5157341074273227, 'g_gpe_gpi_mult': 0.36459461261687787}. Best is trial 589 with value: 0.1287883906830688.
[I 2026-05-28 04:05:15,920] Trial 607 finished with value: 0.14188646898343793 and parameters: {'ISTN': 60.61349262275738, 'I_gpe': 1.237649526608421, 'I_gpi': 2.036094951547926, 'noise_stn_sigma': 2.5199856647371925, 'noise_gpe_sigma': 106.71876949105759, 'noise_gpi_sigma': 79.35062815904206, 'g_stn_gpe_mult': 3.3749517608918187, 'g_gpe_stn_mult': 0.16858291105451756, 'g_stn_gpi_mult': 2.5610617604262935, 'g_gpe_gpi_mult': 0.3184241747637995}. Best is trial 589 with value: 0.1287883906830688.
[I 2026-05-28 04:05:16,924] Trial 608 finished with value: 0.1330817481854979 and parameters: {'ISTN': 60.25495127445119, 'I_gpe': 1.2009191306991345, 'I_gpi': 1.9469779889353596, 'noise_stn_sigma': 2.480540957522079, 'noise_gpe_sigma': 107.00982034658068, 'noise_gpi_sigma': 80.29654834432162, 'g_stn_gpe_mult': 3.3417073914462225, 'g_gpe_stn_mult': 0.1741065576639692, 'g_stn_gpi_mult': 2.569587181659565, 'g_gpe_gpi_mult': 0.325854978137866}. Best is trial 589 with value: 0.1287883906830688.
[I 2026-05-28 04:05:17,931] Trial 609 finished with value: 0.13231553527339956 and parameters: {'ISTN': 60.697916690797825, 'I_gpe': 1.2106807984493384, 'I_gpi': 1.9810092984918857, 'noise_stn_sigma': 2.598176979072398, 'noise_gpe_sigma': 107.52396732596685, 'noise_gpi_sigma': 79.94913432635377, 'g_stn_gpe_mult': 3.2877842596506146, 'g_gpe_stn_mult': 0.16427795202730358, 'g_stn_gpi_mult': 2.5890152701636966, 'g_gpe_gpi_mult': 0.31189449594508545}. Best is trial 589 with value: 0.1287883906830688.
[I 2026-05-28 04:05:18,934] Trial 610 finished with value: 0.13453756018783972 and parameters: {'ISTN': 60.8187610604448, 'I_gpe': 1.1649339472370681, 'I_gpi': 2.00993970801867, 'noise_stn_sigma': 2.475698742645041, 'noise_gpe_sigma': 106.50656436680248, 'noise_gpi_sigma': 79.10891792748421, 'g_stn_gpe_mult': 3.336897273277158, 'g_gpe_stn_mult': 0.1705211447891501, 'g_stn_gpi_mult': 2.5579615345650293, 'g_gpe_gpi_mult': 0.31652875849950735}. Best is trial 589 with value: 0.1287883906830688.
[I 2026-05-28 04:05:19,941] Trial 611 finished with value: 0.1364434849304559 and parameters: {'ISTN': 60.879130716658736, 'I_gpe': 1.166626300000625, 'I_gpi': 1.9433019012287795, 'noise_stn_sigma': 2.5431181355911914, 'noise_gpe_sigma': 106.2722999314318, 'noise_gpi_sigma': 80.13509207312833, 'g_stn_gpe_mult': 3.30566170133069, 'g_gpe_stn_mult': 0.16821464348555548, 'g_stn_gpi_mult': 2.568633288261516, 'g_gpe_gpi_mult': 0.31133171994183634}. Best is trial 589 with value: 0.1287883906830688.
[I 2026-05-28 04:05:20,946] Trial 612 finished with value: 0.22498567596861122 and parameters: {'ISTN': 60.39118833419487, 'I_gpe': 1.1701550312199833, 'I_gpi': 2.042437503877742, 'noise_stn_sigma': 2.7188024095597934, 'noise_gpe_sigma': 106.19849564205938, 'noise_gpi_sigma': 79.47541670345917, 'g_stn_gpe_mult': 3.2793069054859396, 'g_gpe_stn_mult': 0.1608126111696342, 'g_stn_gpi_mult': 2.5701052274435687, 'g_gpe_gpi_mult': 0.3541610161497002}. Best is trial 589 with value: 0.1287883906830688.
[I 2026-05-28 04:05:21,953] Trial 613 finished with value: 0.1432703641657042 and parameters: {'ISTN': 61.39944994895323, 'I_gpe': 1.219852731725358, 'I_gpi': 1.9969565188952547, 'noise_stn_sigma': 2.5129906814835956, 'noise_gpe_sigma': 106.39056600692498, 'noise_gpi_sigma': 80.61282855081387, 'g_stn_gpe_mult': 3.2730705896613146, 'g_gpe_stn_mult': 0.15965181312346732, 'g_stn_gpi_mult': 2.535507922617857, 'g_gpe_gpi_mult': 0.30226869659867034}. Best is trial 589 with value: 0.1287883906830688.
[I 2026-05-28 04:05:22,957] Trial 614 finished with value: 0.13200788796547994 and parameters: {'ISTN': 60.09475626546071, 'I_gpe': 1.1764118102984789, 'I_gpi': 1.9696759774039194, 'noise_stn_sigma': 2.5257502147648565, 'noise_gpe_sigma': 107.14173965791026, 'noise_gpi_sigma': 81.64909289265759, 'g_stn_gpe_mult': 3.3745455500363386, 'g_gpe_stn_mult': 0.18075085103242625, 'g_stn_gpi_mult': 2.5594070521963594, 'g_gpe_gpi_mult': 0.32759631665203137}. Best is trial 589 with value: 0.1287883906830688.
[I 2026-05-28 04:05:23,962] Trial 615 finished with value: 0.15320522162063335 and parameters: {'ISTN': 61.636991206296635, 'I_gpe': 1.2115885251718477, 'I_gpi': 1.9880317965418839, 'noise_stn_sigma': 2.6759540897246783, 'noise_gpe_sigma': 106.01654620860201, 'noise_gpi_sigma': 77.59422226518579, 'g_stn_gpe_mult': 3.3054326337536937, 'g_gpe_stn_mult': 0.1587460274032364, 'g_stn_gpi_mult': 2.5829945271972123, 'g_gpe_gpi_mult': 0.357528208727923}. Best is trial 589 with value: 0.1287883906830688.
