[I 2026-05-28 03:01:53,764] Trial 880 finished with value: 0.15143290595077422 and parameters: {'ISTN': 60.568163973709595, 'I_gpe': 1.0513287048158562, 'I_gpi': 2.067909716348743, 'noise_stn_sigma': 3.9871351459153375, 'noise_gpe_sigma': 103.38573254389696, 'noise_gpi_sigma': 106.55084861055765, 'g_stn_gpe_mult': 4.417245281887815, 'g_gpe_stn_mult': 0.16553405724932235, 'g_stn_gpi_mult': 2.134857427337323, 'g_gpe_gpi_mult': 1.0082994182757519}. Best is trial 867 with value: 0.13943512965108318.
[I 2026-05-28 03:01:54,771] Trial 881 finished with value: 0.15799974185487292 and parameters: {'ISTN': 60.0363914367968, 'I_gpe': 1.0438855248557304, 'I_gpi': 1.9833083196671506, 'noise_stn_sigma': 4.045771625497703, 'noise_gpe_sigma': 108.44451979668874, 'noise_gpi_sigma': 105.23618662359601, 'g_stn_gpe_mult': 4.443340843923362, 'g_gpe_stn_mult': 0.1782450483866837, 'g_stn_gpi_mult': 2.2179323830368514, 'g_gpe_gpi_mult': 1.0206948800837965}. Best is trial 867 with value: 0.13943512965108318.
[I 2026-05-28 03:01:55,779] Trial 882 finished with value: 0.14534745703954252 and parameters: {'ISTN': 60.32296991206879, 'I_gpe': 1.0132729083570409, 'I_gpi': 2.0621821032632086, 'noise_stn_sigma': 3.8405592761643956, 'noise_gpe_sigma': 103.015131827799, 'noise_gpi_sigma': 107.71858321546836, 'g_stn_gpe_mult': 4.4458610240794005, 'g_gpe_stn_mult': 0.16737389437323014, 'g_stn_gpi_mult': 2.283831220614077, 'g_gpe_gpi_mult': 1.0150983117311068}. Best is trial 867 with value: 0.13943512965108318.
[I 2026-05-28 03:01:56,789] Trial 883 finished with value: 0.14920424642488292 and parameters: {'ISTN': 60.13755342930435, 'I_gpe': 1.0277252150613714, 'I_gpi': 2.128192480311266, 'noise_stn_sigma': 3.8894639725115177, 'noise_gpe_sigma': 100.90481172614261, 'noise_gpi_sigma': 108.52615102774524, 'g_stn_gpe_mult': 4.500735693324048, 'g_gpe_stn_mult': 0.17318208564610305, 'g_stn_gpi_mult': 2.1800025019385814, 'g_gpe_gpi_mult': 1.0131046629473597}. Best is trial 867 with value: 0.13943512965108318.
[I 2026-05-28 03:01:57,798] Trial 884 finished with value: 0.14408669141499306 and parameters: {'ISTN': 60.16012711408473, 'I_gpe': 1.0171711550377225, 'I_gpi': 2.0679805182040196, 'noise_stn_sigma': 3.9078145472399, 'noise_gpe_sigma': 101.72656857851547, 'noise_gpi_sigma': 107.67971393705898, 'g_stn_gpe_mult': 4.510129165385504, 'g_gpe_stn_mult': 0.16159643097505028, 'g_stn_gpi_mult': 2.2048907095846895, 'g_gpe_gpi_mult': 1.0165889779027848}. Best is trial 867 with value: 0.13943512965108318.
[I 2026-05-28 03:01:58,807] Trial 885 finished with value: 0.1485005551417773 and parameters: {'ISTN': 60.70638951779104, 'I_gpe': 1.031648853500883, 'I_gpi': 2.1440018555694005, 'noise_stn_sigma': 3.853377844676242, 'noise_gpe_sigma': 103.25038520503489, 'noise_gpi_sigma': 108.20443814008853, 'g_stn_gpe_mult': 4.48622239716989, 'g_gpe_stn_mult': 0.1626930286065035, 'g_stn_gpi_mult': 2.1845028759850997, 'g_gpe_gpi_mult': 1.0118416209037262}. Best is trial 867 with value: 0.13943512965108318.
[I 2026-05-28 03:01:59,815] Trial 886 finished with value: 0.15250447937648728 and parameters: {'ISTN': 60.59113299637417, 'I_gpe': 1.0567636811553105, 'I_gpi': 2.035602946205814, 'noise_stn_sigma': 3.8655089807190675, 'noise_gpe_sigma': 100.53688859263374, 'noise_gpi_sigma': 107.51273522005496, 'g_stn_gpe_mult': 4.40015531096973, 'g_gpe_stn_mult': 0.1639073424709445, 'g_stn_gpi_mult': 2.324372349627559, 'g_gpe_gpi_mult': 1.029489182854768}. Best is trial 867 with value: 0.13943512965108318.
[I 2026-05-28 03:02:00,825] Trial 887 finished with value: 0.14504756982347342 and parameters: {'ISTN': 60.325552337343034, 'I_gpe': 1.0782306653116518, 'I_gpi': 2.053823711596702, 'noise_stn_sigma': 4.0095529846496945, 'noise_gpe_sigma': 101.21248207105207, 'noise_gpi_sigma': 106.35197912390053, 'g_stn_gpe_mult': 4.459906146564736, 'g_gpe_stn_mult': 0.1595270139902607, 'g_stn_gpi_mult': 2.236105655037366, 'g_gpe_gpi_mult': 1.0356056576936048}. Best is trial 867 with value: 0.13943512965108318.
[I 2026-05-28 03:02:01,834] Trial 888 finished with value: 0.1489680896744895 and parameters: {'ISTN': 60.56752921818204, 'I_gpe': 0.9884173849690054, 'I_gpi': 2.0703552873126974, 'noise_stn_sigma': 3.7959215524887977, 'noise_gpe_sigma': 102.73848542688057, 'noise_gpi_sigma': 108.17901796948368, 'g_stn_gpe_mult': 4.457956031921487, 'g_gpe_stn_mult': 0.16880479143107777, 'g_stn_gpi_mult': 2.230159910596223, 'g_gpe_gpi_mult': 1.0235829549407318}. Best is trial 867 with value: 0.13943512965108318.
[I 2026-05-28 03:02:02,843] Trial 889 finished with value: 0.14442806260879368 and parameters: {'ISTN': 60.10872414443608, 'I_gpe': 1.0750134163717535, 'I_gpi': 2.094514960328495, 'noise_stn_sigma': 3.9141783420048637, 'noise_gpe_sigma': 102.44422555851921, 'noise_gpi_sigma': 108.25975971682811, 'g_stn_gpe_mult': 4.496176828796885, 'g_gpe_stn_mult': 0.16206391901647743, 'g_stn_gpi_mult': 2.214206007436208, 'g_gpe_gpi_mult': 1.0183108351128212}. Best is trial 867 with value: 0.13943512965108318.
[I 2026-05-28 03:02:03,854] Trial 890 finished with value: 0.14696708662893407 and parameters: {'ISTN': 60.18717613871356, 'I_gpe': 1.075545730944215, 'I_gpi': 2.0724064902978823, 'noise_stn_sigma': 3.9761993253302172, 'noise_gpe_sigma': 103.00188312204864, 'noise_gpi_sigma': 108.09818741300718, 'g_stn_gpe_mult': 4.4859712615101115, 'g_gpe_stn_mult': 0.16873470630702453, 'g_stn_gpi_mult': 2.2066016176399335, 'g_gpe_gpi_mult': 1.0063437130067623}. Best is trial 867 with value: 0.13943512965108318.
[I 2026-05-28 03:02:04,863] Trial 891 finished with value: 0.14879514347386363 and parameters: {'ISTN': 60.17089014480006, 'I_gpe': 1.081851296565232, 'I_gpi': 2.0624073806662664, 'noise_stn_sigma': 4.058599031811921, 'noise_gpe_sigma': 105.08348425896791, 'noise_gpi_sigma': 106.74778352712106, 'g_stn_gpe_mult': 4.528674543480781, 'g_gpe_stn_mult': 0.15815722624499007, 'g_stn_gpi_mult': 2.1873908817152268, 'g_gpe_gpi_mult': 1.0254855153833073}. Best is trial 867 with value: 0.13943512965108318.
[I 2026-05-28 03:02:05,870] Trial 892 finished with value: 0.17556708376752675 and parameters: {'ISTN': 60.34982673236111, 'I_gpe': 1.0340647266675407, 'I_gpi': 2.0538087191343983, 'noise_stn_sigma': 3.9129260711968024, 'noise_gpe_sigma': 98.00082872245969, 'noise_gpi_sigma': 109.91689817102558, 'g_stn_gpe_mult': 4.5305086481229635, 'g_gpe_stn_mult': 0.15745800598965182, 'g_stn_gpi_mult': 2.250276751116779, 'g_gpe_gpi_mult': 1.0219579625017612}. Best is trial 867 with value: 0.13943512965108318.
[I 2026-05-28 03:02:06,819] Trial 893 finished with value: 1000000.0 and parameters: {'ISTN': 60.394107344775044, 'I_gpe': 0.9847983541326011, 'I_gpi': 2.0611398449679896, 'noise_stn_sigma': 3.9149953657946446, 'noise_gpe_sigma': 106.10753098173338, 'noise_gpi_sigma': 109.43403722156113, 'g_stn_gpe_mult': 4.589591857263176, 'g_gpe_stn_mult': 0.16079810432188305, 'g_stn_gpi_mult': 2.234853044490456, 'g_gpe_gpi_mult': 1.0235651144321387}. Best is trial 867 with value: 0.13943512965108318.
[I 2026-05-28 03:02:07,829] Trial 894 finished with value: 0.14975185212904263 and parameters: {'ISTN': 60.20807156226367, 'I_gpe': 1.0608173159399272, 'I_gpi': 2.010873909477743, 'noise_stn_sigma': 4.10360809554181, 'noise_gpe_sigma': 102.45333378342879, 'noise_gpi_sigma': 108.5339517753712, 'g_stn_gpe_mult': 4.526871551431119, 'g_gpe_stn_mult': 0.1659942629520245, 'g_stn_gpi_mult': 2.1972688694580644, 'g_gpe_gpi_mult': 1.0171529811002487}. Best is trial 867 with value: 0.13943512965108318.
[I 2026-05-28 03:02:08,842] Trial 895 finished with value: 0.1498291437627971 and parameters: {'ISTN': 60.59558584615858, 'I_gpe': 1.0500683431835436, 'I_gpi': 2.0869776593116014, 'noise_stn_sigma': 4.071471435244325, 'noise_gpe_sigma': 100.17578749365755, 'noise_gpi_sigma': 107.11885738824013, 'g_stn_gpe_mult': 4.4544537560146455, 'g_gpe_stn_mult': 0.14919193478063913, 'g_stn_gpi_mult': 2.2972128149024336, 'g_gpe_gpi_mult': 1.020475389798341}. Best is trial 867 with value: 0.13943512965108318.
[I 2026-05-28 03:02:09,850] Trial 896 finished with value: 0.3229978982535669 and parameters: {'ISTN': 60.129119631905965, 'I_gpe': 1.0495758205311212, 'I_gpi': 2.081031947091494, 'noise_stn_sigma': 3.969053492875362, 'noise_gpe_sigma': 98.36770369690252, 'noise_gpi_sigma': 106.40519691771364, 'g_stn_gpe_mult': 4.482428851024141, 'g_gpe_stn_mult': 0.15489691387578602, 'g_stn_gpi_mult': 2.2549245887665283, 'g_gpe_gpi_mult': 1.0074579733177533}. Best is trial 867 with value: 0.13943512965108318.
[I 2026-05-28 03:02:10,861] Trial 897 finished with value: 0.14431022885113828 and parameters: {'ISTN': 60.0049827748038, 'I_gpe': 1.1148485631373433, 'I_gpi': 1.9941910035487105, 'noise_stn_sigma': 4.061638317440314, 'noise_gpe_sigma': 102.48021864027874, 'noise_gpi_sigma': 106.96846581693616, 'g_stn_gpe_mult': 4.4390926492330145, 'g_gpe_stn_mult': 0.16822962801091068, 'g_stn_gpi_mult': 2.1995564162473817, 'g_gpe_gpi_mult': 1.029136783057032}. Best is trial 867 with value: 0.13943512965108318.
[I 2026-05-28 03:02:11,869] Trial 898 finished with value: 0.1381702962376291 and parameters: {'ISTN': 60.40462102561046, 'I_gpe': 1.0742394362291048, 'I_gpi': 2.0965768297567076, 'noise_stn_sigma': 3.940398962047301, 'noise_gpe_sigma': 100.73928250248227, 'noise_gpi_sigma': 106.61410835453808, 'g_stn_gpe_mult': 4.542995494993441, 'g_gpe_stn_mult': 0.15838775073876443, 'g_stn_gpi_mult': 2.2289772234341534, 'g_gpe_gpi_mult': 1.0269923398979817}. Best is trial 898 with value: 0.1381702962376291.
[I 2026-05-28 03:02:12,877] Trial 899 finished with value: 0.15228721926040956 and parameters: {'ISTN': 61.057156448705015, 'I_gpe': 1.0113755338378854, 'I_gpi': 2.107483322848915, 'noise_stn_sigma': 4.028852162355594, 'noise_gpe_sigma': 103.10592679979824, 'noise_gpi_sigma': 104.5990220014757, 'g_stn_gpe_mult': 4.4732957444198505, 'g_gpe_stn_mult': 0.1461236473428858, 'g_stn_gpi_mult': 2.2768283090342543, 'g_gpe_gpi_mult': 1.0384025240769827}. Best is trial 898 with value: 0.1381702962376291.
[I 2026-05-28 03:02:13,886] Trial 900 finished with value: 0.15001850576214015 and parameters: {'ISTN': 60.4187718674419, 'I_gpe': 1.0575205516053503, 'I_gpi': 2.0677116490536798, 'noise_stn_sigma': 3.9161387488569477, 'noise_gpe_sigma': 98.9749031408271, 'noise_gpi_sigma': 105.84364401232338, 'g_stn_gpe_mult': 4.44780494909088, 'g_gpe_stn_mult': 0.16642531728468365, 'g_stn_gpi_mult': 2.2982851271997475, 'g_gpe_gpi_mult': 1.0009026626463975}. Best is trial 898 with value: 0.1381702962376291.
[I 2026-05-28 03:02:14,898] Trial 901 finished with value: 0.14667996883876827 and parameters: {'ISTN': 60.3658296748021, 'I_gpe': 1.1125325309197818, 'I_gpi': 2.059237115175713, 'noise_stn_sigma': 4.007412242831635, 'noise_gpe_sigma': 102.86114738058467, 'noise_gpi_sigma': 106.30097696845176, 'g_stn_gpe_mult': 4.543367953796857, 'g_gpe_stn_mult': 0.15473871016972013, 'g_stn_gpi_mult': 2.2077191905019946, 'g_gpe_gpi_mult': 1.0126440591360788}. Best is trial 898 with value: 0.1381702962376291.
[I 2026-05-28 03:02:15,908] Trial 902 finished with value: 0.14103402223170156 and parameters: {'ISTN': 60.517872021645715, 'I_gpe': 1.1074696903267585, 'I_gpi': 2.091753700043531, 'noise_stn_sigma': 3.8161973321129183, 'noise_gpe_sigma': 100.46862644353143, 'noise_gpi_sigma': 106.51469455525933, 'g_stn_gpe_mult': 4.542958496180072, 'g_gpe_stn_mult': 0.15589026182504973, 'g_stn_gpi_mult': 2.2359712603954054, 'g_gpe_gpi_mult': 1.0238637739844307}. Best is trial 898 with value: 0.1381702962376291.
[I 2026-05-28 03:02:16,916] Trial 903 finished with value: 0.14479359110680992 and parameters: {'ISTN': 60.1763413893321, 'I_gpe': 1.0947112421332346, 'I_gpi': 2.0004824833894888, 'noise_stn_sigma': 4.030048178745439, 'noise_gpe_sigma': 103.79257393543891, 'noise_gpi_sigma': 104.99687924375735, 'g_stn_gpe_mult': 4.486737277872463, 'g_gpe_stn_mult': 0.1648112008128355, 'g_stn_gpi_mult': 2.2470259577082192, 'g_gpe_gpi_mult': 1.0362723875216902}. Best is trial 898 with value: 0.1381702962376291.
[I 2026-05-28 03:02:17,924] Trial 904 finished with value: 0.36422641578923226 and parameters: {'ISTN': 60.298174221091024, 'I_gpe': 1.127253424822655, 'I_gpi': 2.088448798071126, 'noise_stn_sigma': 4.103952808433042, 'noise_gpe_sigma': 99.63186126060533, 'noise_gpi_sigma': 106.09021731842263, 'g_stn_gpe_mult': 4.477128349706671, 'g_gpe_stn_mult': 0.15221777243353293, 'g_stn_gpi_mult': 2.2715641915118523, 'g_gpe_gpi_mult': 1.047828291849831}. Best is trial 898 with value: 0.1381702962376291.
[I 2026-05-28 03:02:18,933] Trial 905 finished with value: 0.14083197629199012 and parameters: {'ISTN': 60.38268256799512, 'I_gpe': 1.0690875934372743, 'I_gpi': 2.0836117211160916, 'noise_stn_sigma': 3.9667805935945304, 'noise_gpe_sigma': 102.4318555950316, 'noise_gpi_sigma': 107.64382578187833, 'g_stn_gpe_mult': 4.56549081749048, 'g_gpe_stn_mult': 0.16666941371545313, 'g_stn_gpi_mult': 2.1704858349120495, 'g_gpe_gpi_mult': 1.0026371661286064}. Best is trial 898 with value: 0.1381702962376291.
[I 2026-05-28 03:02:19,941] Trial 906 finished with value: 0.14391382778826156 and parameters: {'ISTN': 60.38125308248197, 'I_gpe': 1.0701775754591956, 'I_gpi': 2.092420469432323, 'noise_stn_sigma': 3.9761903700630143, 'noise_gpe_sigma': 103.25444218537054, 'noise_gpi_sigma': 106.91587398053564, 'g_stn_gpe_mult': 4.505895433342948, 'g_gpe_stn_mult': 0.1667841221082339, 'g_stn_gpi_mult': 2.2422446559474336, 'g_gpe_gpi_mult': 1.0211551579667943}. Best is trial 898 with value: 0.1381702962376291.
[I 2026-05-28 03:02:20,952] Trial 907 finished with value: 0.1497514700448262 and parameters: {'ISTN': 60.530923653961906, 'I_gpe': 1.1448332078177101, 'I_gpi': 2.0440790875644277, 'noise_stn_sigma': 4.160688373208451, 'noise_gpe_sigma': 101.39034950371332, 'noise_gpi_sigma': 106.46922764986627, 'g_stn_gpe_mult': 4.48740387509016, 'g_gpe_stn_mult': 0.15348493823805237, 'g_stn_gpi_mult': 2.281647132285862, 'g_gpe_gpi_mult': 1.029318592656401}. Best is trial 898 with value: 0.1381702962376291.
[I 2026-05-28 03:02:21,962] Trial 908 finished with value: 0.14590587912792183 and parameters: {'ISTN': 60.448908159443015, 'I_gpe': 1.0865785005107509, 'I_gpi': 2.0543314406500803, 'noise_stn_sigma': 4.061857925785901, 'noise_gpe_sigma': 103.4543688487894, 'noise_gpi_sigma': 108.3812440972063, 'g_stn_gpe_mult': 4.570245395179533, 'g_gpe_stn_mult': 0.15775159945218092, 'g_stn_gpi_mult': 2.190877102894035, 'g_gpe_gpi_mult': 1.0351815494870906}. Best is trial 898 with value: 0.1381702962376291.
[I 2026-05-28 03:02:22,974] Trial 909 finished with value: 0.15073760757859483 and parameters: {'ISTN': 60.2901493770117, 'I_gpe': 1.0407267650198009, 'I_gpi': 2.0401790913564453, 'noise_stn_sigma': 3.9071687919294584, 'noise_gpe_sigma': 103.09829341406164, 'noise_gpi_sigma': 108.35062055118237, 'g_stn_gpe_mult': 4.569744657086483, 'g_gpe_stn_mult': 0.16091528146198214, 'g_stn_gpi_mult': 2.2699106538608285, 'g_gpe_gpi_mult': 1.0231316330612246}. Best is trial 898 with value: 0.1381702962376291.
[I 2026-05-28 03:02:23,985] Trial 910 finished with value: 0.15800065230650048 and parameters: {'ISTN': 60.10461868350311, 'I_gpe': 1.1383531386432222, 'I_gpi': 1.971131236465342, 'noise_stn_sigma': 4.005048131408666, 'noise_gpe_sigma': 102.4797819017994, 'noise_gpi_sigma': 106.2871246416862, 'g_stn_gpe_mult': 4.455214325749065, 'g_gpe_stn_mult': 0.17162573223063657, 'g_stn_gpi_mult': 2.228698711992939, 'g_gpe_gpi_mult': 1.0575115848970822}. Best is trial 898 with value: 0.1381702962376291.
[I 2026-05-28 03:02:24,998] Trial 911 finished with value: 0.22522574312080526 and parameters: {'ISTN': 60.802720005157006, 'I_gpe': 1.079829059912874, 'I_gpi': 2.1057422687637564, 'noise_stn_sigma': 3.953317022507037, 'noise_gpe_sigma': 99.09715897561797, 'noise_gpi_sigma': 105.17173293379187, 'g_stn_gpe_mult': 4.5975681227285605, 'g_gpe_stn_mult': 0.1455508700363086, 'g_stn_gpi_mult': 2.226233096597825, 'g_gpe_gpi_mult': 1.0216875089192647}. Best is trial 898 with value: 0.1381702962376291.
[I 2026-05-28 03:02:26,008] Trial 912 finished with value: 0.1446840828616819 and parameters: {'ISTN': 60.86584589658834, 'I_gpe': 1.0956364466324002, 'I_gpi': 2.1092896389928315, 'noise_stn_sigma': 3.908606751253373, 'noise_gpe_sigma': 99.63606470909133, 'noise_gpi_sigma': 106.6193113464696, 'g_stn_gpe_mult': 4.452187305435125, 'g_gpe_stn_mult': 0.15626770316316962, 'g_stn_gpi_mult': 2.2690595327149885, 'g_gpe_gpi_mult': 1.03014697422731}. Best is trial 898 with value: 0.1381702962376291.
[I 2026-05-28 03:02:27,016] Trial 913 finished with value: 0.1554176106396083 and parameters: {'ISTN': 60.62858688830197, 'I_gpe': 1.0472747082255691, 'I_gpi': 2.02449834476013, 'noise_stn_sigma': 3.9389384218721277, 'noise_gpe_sigma': 104.04544135693833, 'noise_gpi_sigma': 106.05044435772346, 'g_stn_gpe_mult': 4.5790376692098285, 'g_gpe_stn_mult': 0.16892192352843113, 'g_stn_gpi_mult': 2.2423279354092536, 'g_gpe_gpi_mult': 1.011928526861106}. Best is trial 898 with value: 0.1381702962376291.
[I 2026-05-28 03:02:28,027] Trial 914 finished with value: 0.1477304634299904 and parameters: {'ISTN': 60.57443872869917, 'I_gpe': 1.0486126059841903, 'I_gpi': 2.1525811620540836, 'noise_stn_sigma': 3.7954567284749756, 'noise_gpe_sigma': 100.9311396016966, 'noise_gpi_sigma': 109.63757167852127, 'g_stn_gpe_mult': 4.542284802321131, 'g_gpe_stn_mult': 0.1611291616734213, 'g_stn_gpi_mult': 2.241209903726096, 'g_gpe_gpi_mult': 0.9946030635682606}. Best is trial 898 with value: 0.1381702962376291.
[I 2026-05-28 03:02:29,037] Trial 915 finished with value: 0.3695985727189444 and parameters: {'ISTN': 60.1917024518593, 'I_gpe': 1.0475285711737925, 'I_gpi': 2.0606378522147355, 'noise_stn_sigma': 4.044429786511275, 'noise_gpe_sigma': 102.9724617776434, 'noise_gpi_sigma': 105.74954952919163, 'g_stn_gpe_mult': 4.64089068494723, 'g_gpe_stn_mult': 0.1501113714432437, 'g_stn_gpi_mult': 2.161748422991162, 'g_gpe_gpi_mult': 1.0540371717363355}. Best is trial 898 with value: 0.1381702962376291.
[I 2026-05-28 03:02:30,048] Trial 916 finished with value: 0.14099592003748318 and parameters: {'ISTN': 60.61560597586495, 'I_gpe': 1.0736099332024454, 'I_gpi': 2.078550981604457, 'noise_stn_sigma': 3.9256733567054436, 'noise_gpe_sigma': 103.99785553511288, 'noise_gpi_sigma': 106.57743306624323, 'g_stn_gpe_mult': 4.5570399516339, 'g_gpe_stn_mult': 0.16437327739547403, 'g_stn_gpi_mult': 2.2201319924268534, 'g_gpe_gpi_mult': 1.0370928745495043}. Best is trial 898 with value: 0.1381702962376291.
[I 2026-05-28 03:02:31,056] Trial 917 finished with value: 0.1469122142878721 and parameters: {'ISTN': 60.40782949194733, 'I_gpe': 1.1388472747654201, 'I_gpi': 2.061804540516164, 'noise_stn_sigma': 4.07152785165879, 'noise_gpe_sigma': 104.33183015874353, 'noise_gpi_sigma': 104.54976908558602, 'g_stn_gpe_mult': 4.538703930807968, 'g_gpe_stn_mult': 0.16480669399864817, 'g_stn_gpi_mult': 2.159732926989025, 'g_gpe_gpi_mult': 1.0161321072678917}. Best is trial 898 with value: 0.1381702962376291.
[I 2026-05-28 03:02:32,064] Trial 918 finished with value: 0.1487299986718757 and parameters: {'ISTN': 60.3903630793186, 'I_gpe': 1.05810147694213, 'I_gpi': 2.0361800906271883, 'noise_stn_sigma': 4.036582862333234, 'noise_gpe_sigma': 103.73617351383207, 'noise_gpi_sigma': 106.37322137844725, 'g_stn_gpe_mult': 4.6033590101297746, 'g_gpe_stn_mult': 0.1629902201061593, 'g_stn_gpi_mult': 2.1667393124280943, 'g_gpe_gpi_mult': 1.0150590541740125}. Best is trial 898 with value: 0.1381702962376291.
[I 2026-05-28 03:02:33,075] Trial 919 finished with value: 0.15512804942361866 and parameters: {'ISTN': 60.51613594876224, 'I_gpe': 1.1423906994918869, 'I_gpi': 2.0433519617961724, 'noise_stn_sigma': 3.926608271123371, 'noise_gpe_sigma': 103.2343273298613, 'noise_gpi_sigma': 108.02218151059488, 'g_stn_gpe_mult': 4.485205735586927, 'g_gpe_stn_mult': 0.1643875400260334, 'g_stn_gpi_mult': 2.219506027241139, 'g_gpe_gpi_mult': 1.025140640486368}. Best is trial 898 with value: 0.1381702962376291.
[I 2026-05-28 03:02:34,084] Trial 920 finished with value: 0.1561108399025591 and parameters: {'ISTN': 60.87822746000677, 'I_gpe': 1.1080162625784968, 'I_gpi': 2.1613274634018795, 'noise_stn_sigma': 3.9307613320000776, 'noise_gpe_sigma': 98.61803390439952, 'noise_gpi_sigma': 107.312644790162, 'g_stn_gpe_mult': 4.514734567534944, 'g_gpe_stn_mult': 0.15799338601666155, 'g_stn_gpi_mult': 2.1968048170575307, 'g_gpe_gpi_mult': 1.0105614063180401}. Best is trial 898 with value: 0.1381702962376291.
[I 2026-05-28 03:02:35,095] Trial 921 finished with value: 0.13695978285194785 and parameters: {'ISTN': 60.166713139945635, 'I_gpe': 1.06726684210177, 'I_gpi': 2.057110368570614, 'noise_stn_sigma': 3.9530752394139337, 'noise_gpe_sigma': 102.31305640076924, 'noise_gpi_sigma': 106.49097816600352, 'g_stn_gpe_mult': 4.629320282300576, 'g_gpe_stn_mult': 0.156278045668698, 'g_stn_gpi_mult': 2.2125161684949086, 'g_gpe_gpi_mult': 1.0273313103327464}. Best is trial 921 with value: 0.13695978285194785.
[I 2026-05-28 03:02:36,103] Trial 922 finished with value: 0.14707566097212277 and parameters: {'ISTN': 60.57762370884094, 'I_gpe': 1.0913736006531556, 'I_gpi': 2.082947154831089, 'noise_stn_sigma': 3.8998482674313815, 'noise_gpe_sigma': 101.82164597449389, 'noise_gpi_sigma': 109.30493114443546, 'g_stn_gpe_mult': 4.600278088873074, 'g_gpe_stn_mult': 0.16394712451841384, 'g_stn_gpi_mult': 2.246572709368034, 'g_gpe_gpi_mult': 1.019824429283527}. Best is trial 921 with value: 0.13695978285194785.
[I 2026-05-28 03:02:37,112] Trial 923 finished with value: 0.15369515937721173 and parameters: {'ISTN': 60.85600389043705, 'I_gpe': 1.081027970353572, 'I_gpi': 2.127063724184578, 'noise_stn_sigma': 3.703091878437816, 'noise_gpe_sigma': 105.44095077147915, 'noise_gpi_sigma': 108.70300241531751, 'g_stn_gpe_mult': 4.555217167905807, 'g_gpe_stn_mult': 0.16726328970346332, 'g_stn_gpi_mult': 2.2492938340281086, 'g_gpe_gpi_mult': 1.0292028126521022}. Best is trial 921 with value: 0.13695978285194785.
