[I 2026-05-28 02:53:45,434] Trial 396 finished with value: 0.9009885351995514 and parameters: {'ISTN': 60.7363112033516, 'I_gpe': 1.1880159242701747, 'I_gpi': 2.2041378533944465, 'noise_stn_sigma': 4.072825717908753, 'noise_gpe_sigma': 82.11423726255443, 'noise_gpi_sigma': 105.68560818966118, 'g_stn_gpe_mult': 4.5830132334065485, 'g_gpe_stn_mult': 0.14083278881330513, 'g_stn_gpi_mult': 2.383988606041423, 'g_gpe_gpi_mult': 1.0630182199433396}. Best is trial 394 with value: 0.15554121280607974.
[I 2026-05-28 02:53:46,443] Trial 397 finished with value: 1.8719208093180733 and parameters: {'ISTN': 61.01141621931375, 'I_gpe': 1.0475520921951063, 'I_gpi': 2.0827234282162386, 'noise_stn_sigma': 3.5829896935983583, 'noise_gpe_sigma': 77.52138345296359, 'noise_gpi_sigma': 114.62965624888788, 'g_stn_gpe_mult': 4.718524872168372, 'g_gpe_stn_mult': 0.13835633232376363, 'g_stn_gpi_mult': 2.460805892962024, 'g_gpe_gpi_mult': 1.1078890188317803}. Best is trial 394 with value: 0.15554121280607974.
[I 2026-05-28 02:53:47,451] Trial 398 finished with value: 0.5298588042447414 and parameters: {'ISTN': 64.08142969021465, 'I_gpe': 0.9093290447447587, 'I_gpi': 2.4842227552722136, 'noise_stn_sigma': 4.217917616937855, 'noise_gpe_sigma': 84.51626878896488, 'noise_gpi_sigma': 112.84457383695813, 'g_stn_gpe_mult': 4.962975686089346, 'g_gpe_stn_mult': 0.14000262491806975, 'g_stn_gpi_mult': 2.2716491580906877, 'g_gpe_gpi_mult': 1.1153159719744081}. Best is trial 394 with value: 0.15554121280607974.
[I 2026-05-28 02:53:48,459] Trial 399 finished with value: 0.1983674384399918 and parameters: {'ISTN': 61.05386795230661, 'I_gpe': 0.8937814191307154, 'I_gpi': 1.9803752561476524, 'noise_stn_sigma': 3.9408725730266827, 'noise_gpe_sigma': 75.5580708430567, 'noise_gpi_sigma': 116.76197022815171, 'g_stn_gpe_mult': 4.538973697680351, 'g_gpe_stn_mult': 0.15176280654970237, 'g_stn_gpi_mult': 2.4460530679684136, 'g_gpe_gpi_mult': 1.1490964134470971}. Best is trial 394 with value: 0.15554121280607974.
[I 2026-05-28 02:53:49,468] Trial 400 finished with value: 0.18655582385878736 and parameters: {'ISTN': 61.09163522265476, 'I_gpe': 0.847923795695176, 'I_gpi': 2.065556656098744, 'noise_stn_sigma': 4.254974474984497, 'noise_gpe_sigma': 82.73822477676049, 'noise_gpi_sigma': 109.37746164842324, 'g_stn_gpe_mult': 4.527989198225566, 'g_gpe_stn_mult': 0.15130196011008953, 'g_stn_gpi_mult': 2.2939128847963737, 'g_gpe_gpi_mult': 1.1063018165930087}. Best is trial 394 with value: 0.15554121280607974.
[I 2026-05-28 02:53:50,478] Trial 401 finished with value: 0.17821289829668321 and parameters: {'ISTN': 61.64458004051492, 'I_gpe': 0.9449016519286817, 'I_gpi': 2.1257247174389446, 'noise_stn_sigma': 4.686265923072921, 'noise_gpe_sigma': 93.18501690722614, 'noise_gpi_sigma': 113.86568812407751, 'g_stn_gpe_mult': 4.590588449050367, 'g_gpe_stn_mult': 0.128582945770636, 'g_stn_gpi_mult': 2.216532565289948, 'g_gpe_gpi_mult': 1.1081208020068656}. Best is trial 394 with value: 0.15554121280607974.
[I 2026-05-28 02:53:51,484] Trial 402 finished with value: 0.19201505069083735 and parameters: {'ISTN': 64.59815057106553, 'I_gpe': 0.9771211121884114, 'I_gpi': 1.8469483790160854, 'noise_stn_sigma': 3.8575760902213676, 'noise_gpe_sigma': 89.32462318373805, 'noise_gpi_sigma': 103.02671345476772, 'g_stn_gpe_mult': 4.6238542431131995, 'g_gpe_stn_mult': 0.14027459214826532, 'g_stn_gpi_mult': 2.65656520637112, 'g_gpe_gpi_mult': 1.097121774475939}. Best is trial 394 with value: 0.15554121280607974.
[I 2026-05-28 02:53:52,490] Trial 403 finished with value: 0.18395973159704318 and parameters: {'ISTN': 61.12470378731713, 'I_gpe': 0.9073446145681947, 'I_gpi': 1.9046529202679485, 'noise_stn_sigma': 4.416378369673508, 'noise_gpe_sigma': 101.92933357501629, 'noise_gpi_sigma': 109.0791419822702, 'g_stn_gpe_mult': 4.527419741854323, 'g_gpe_stn_mult': 0.15531194661782122, 'g_stn_gpi_mult': 2.5382044620414614, 'g_gpe_gpi_mult': 1.1064901565152727}. Best is trial 394 with value: 0.15554121280607974.
[I 2026-05-28 02:53:53,500] Trial 404 finished with value: 1.7225945763955919 and parameters: {'ISTN': 60.874569554164346, 'I_gpe': 0.9366979437649104, 'I_gpi': 1.85783473578593, 'noise_stn_sigma': 3.9357289126286683, 'noise_gpe_sigma': 90.81024715449603, 'noise_gpi_sigma': 100.92642182687392, 'g_stn_gpe_mult': 4.373935498926002, 'g_gpe_stn_mult': 0.1766633382087625, 'g_stn_gpi_mult': 2.5303560145506743, 'g_gpe_gpi_mult': 1.1127781433399506}. Best is trial 394 with value: 0.15554121280607974.
[I 2026-05-28 02:53:54,509] Trial 405 finished with value: 0.19078083085497344 and parameters: {'ISTN': 61.1459144515403, 'I_gpe': 1.0480548122427236, 'I_gpi': 1.8551774439582025, 'noise_stn_sigma': 3.3153363428443643, 'noise_gpe_sigma': 79.73737056300251, 'noise_gpi_sigma': 110.25262928854113, 'g_stn_gpe_mult': 4.733363346760342, 'g_gpe_stn_mult': 0.17214069494545303, 'g_stn_gpi_mult': 2.5415403418204408, 'g_gpe_gpi_mult': 1.052341312325745}. Best is trial 394 with value: 0.15554121280607974.
[I 2026-05-28 02:53:55,517] Trial 406 finished with value: 0.23280924366923694 and parameters: {'ISTN': 63.373597398015086, 'I_gpe': 1.145163911061172, 'I_gpi': 2.3339772075324294, 'noise_stn_sigma': 4.2374903653290605, 'noise_gpe_sigma': 86.15443920379028, 'noise_gpi_sigma': 107.94370378249413, 'g_stn_gpe_mult': 4.630341699218789, 'g_gpe_stn_mult': 0.17494303456527954, 'g_stn_gpi_mult': 2.5223354737041594, 'g_gpe_gpi_mult': 1.0154220829460336}. Best is trial 394 with value: 0.15554121280607974.
[I 2026-05-28 02:53:56,527] Trial 407 finished with value: 0.24033769774955965 and parameters: {'ISTN': 61.726782690847536, 'I_gpe': 0.7400270363499559, 'I_gpi': 1.8399715390636078, 'noise_stn_sigma': 4.266621171264139, 'noise_gpe_sigma': 86.51772002386005, 'noise_gpi_sigma': 110.61737810886088, 'g_stn_gpe_mult': 4.551994897506722, 'g_gpe_stn_mult': 0.1621899115957004, 'g_stn_gpi_mult': 2.4220248115869767, 'g_gpe_gpi_mult': 1.1430875546436303}. Best is trial 394 with value: 0.15554121280607974.
[I 2026-05-28 02:53:57,538] Trial 408 finished with value: 0.23012057582035186 and parameters: {'ISTN': 61.524095544693004, 'I_gpe': 0.8687154488327735, 'I_gpi': 1.8785191387705242, 'noise_stn_sigma': 4.007422615623161, 'noise_gpe_sigma': 81.2587717267088, 'noise_gpi_sigma': 117.39454427049229, 'g_stn_gpe_mult': 4.54471152096646, 'g_gpe_stn_mult': 0.16576725278599538, 'g_stn_gpi_mult': 2.2799376603268566, 'g_gpe_gpi_mult': 1.088891358365412}. Best is trial 394 with value: 0.15554121280607974.
[I 2026-05-28 02:53:58,547] Trial 409 finished with value: 0.41983205689990644 and parameters: {'ISTN': 60.779627699387625, 'I_gpe': 0.7497630568573352, 'I_gpi': 1.9357253544834885, 'noise_stn_sigma': 4.227257692424132, 'noise_gpe_sigma': 93.61553567062316, 'noise_gpi_sigma': 108.16404241198212, 'g_stn_gpe_mult': 4.307975685861802, 'g_gpe_stn_mult': 0.11053987394669, 'g_stn_gpi_mult': 2.4739069148960025, 'g_gpe_gpi_mult': 1.0741300908269416}. Best is trial 394 with value: 0.15554121280607974.
[I 2026-05-28 02:53:59,558] Trial 410 finished with value: 0.20110643023220412 and parameters: {'ISTN': 61.736377717937806, 'I_gpe': 0.932975938532336, 'I_gpi': 2.1602038491866122, 'noise_stn_sigma': 3.1531097295654735, 'noise_gpe_sigma': 78.59140692601687, 'noise_gpi_sigma': 111.33080823622146, 'g_stn_gpe_mult': 4.5946456433007885, 'g_gpe_stn_mult': 0.18964128138813457, 'g_stn_gpi_mult': 2.395290735605408, 'g_gpe_gpi_mult': 1.077214085124966}. Best is trial 394 with value: 0.15554121280607974.
[I 2026-05-28 02:54:00,569] Trial 411 finished with value: 0.1977404241403811 and parameters: {'ISTN': 62.83989960386872, 'I_gpe': 0.8108119581687764, 'I_gpi': 2.2168780364608485, 'noise_stn_sigma': 4.347168872886855, 'noise_gpe_sigma': 91.09991991285409, 'noise_gpi_sigma': 116.59474238803423, 'g_stn_gpe_mult': 4.544008041472751, 'g_gpe_stn_mult': 0.1722350766009251, 'g_stn_gpi_mult': 2.22740735073561, 'g_gpe_gpi_mult': 1.1341694478086684}. Best is trial 394 with value: 0.15554121280607974.
[I 2026-05-28 02:54:01,579] Trial 412 finished with value: 0.2684656000423786 and parameters: {'ISTN': 60.66031986898618, 'I_gpe': 0.948818625661836, 'I_gpi': 2.0993320396747794, 'noise_stn_sigma': 4.165551127275524, 'noise_gpe_sigma': 97.48603474303367, 'noise_gpi_sigma': 109.58718362338946, 'g_stn_gpe_mult': 4.906540103866152, 'g_gpe_stn_mult': 0.13282966140661798, 'g_stn_gpi_mult': 2.4402835358350474, 'g_gpe_gpi_mult': 1.0860621202604563}. Best is trial 394 with value: 0.15554121280607974.
[I 2026-05-28 02:54:02,588] Trial 413 finished with value: 0.1930337944380031 and parameters: {'ISTN': 63.19373170978018, 'I_gpe': 0.944204577863459, 'I_gpi': 2.2642231197670544, 'noise_stn_sigma': 3.981301874232073, 'noise_gpe_sigma': 91.742215021279, 'noise_gpi_sigma': 110.46560932360762, 'g_stn_gpe_mult': 4.744197829082911, 'g_gpe_stn_mult': 0.12177901310293336, 'g_stn_gpi_mult': 2.345539725135187, 'g_gpe_gpi_mult': 1.0862333195188518}. Best is trial 394 with value: 0.15554121280607974.
[I 2026-05-28 02:54:03,599] Trial 414 finished with value: 0.1794590424344911 and parameters: {'ISTN': 60.52745520777007, 'I_gpe': 0.9959641630007272, 'I_gpi': 2.000705271301364, 'noise_stn_sigma': 3.872611014402292, 'noise_gpe_sigma': 81.50185941368566, 'noise_gpi_sigma': 116.27433240542034, 'g_stn_gpe_mult': 4.4582565910025815, 'g_gpe_stn_mult': 0.18174731944413444, 'g_stn_gpi_mult': 2.3570799180150193, 'g_gpe_gpi_mult': 1.0435908274992858}. Best is trial 394 with value: 0.15554121280607974.
[I 2026-05-28 02:54:04,609] Trial 415 finished with value: 0.247902644485972 and parameters: {'ISTN': 62.69607135541768, 'I_gpe': 0.868216837226185, 'I_gpi': 1.911093931776032, 'noise_stn_sigma': 4.2795407491105015, 'noise_gpe_sigma': 101.0066279344652, 'noise_gpi_sigma': 115.02394824546136, 'g_stn_gpe_mult': 4.878007490160993, 'g_gpe_stn_mult': 0.14090813919095718, 'g_stn_gpi_mult': 2.0138129994863103, 'g_gpe_gpi_mult': 1.1756421767282308}. Best is trial 394 with value: 0.15554121280607974.
[I 2026-05-28 02:54:05,619] Trial 416 finished with value: 0.23144621642191082 and parameters: {'ISTN': 63.49670110679091, 'I_gpe': 0.7176612234975297, 'I_gpi': 2.0523479471283137, 'noise_stn_sigma': 3.950631677701675, 'noise_gpe_sigma': 92.834615921228, 'noise_gpi_sigma': 109.07854032985357, 'g_stn_gpe_mult': 4.428401990098669, 'g_gpe_stn_mult': 0.1386475391726544, 'g_stn_gpi_mult': 2.3707153314106364, 'g_gpe_gpi_mult': 1.15297368319451}. Best is trial 394 with value: 0.15554121280607974.
[I 2026-05-28 02:54:06,628] Trial 417 finished with value: 4.375133862107538 and parameters: {'ISTN': 60.94101995035142, 'I_gpe': 0.8840340411014613, 'I_gpi': 2.043954586977542, 'noise_stn_sigma': 5.002888752747585, 'noise_gpe_sigma': 95.07400173252822, 'noise_gpi_sigma': 112.9827698826121, 'g_stn_gpe_mult': 4.7558074093439, 'g_gpe_stn_mult': 0.17193077230942105, 'g_stn_gpi_mult': 2.2234309587306202, 'g_gpe_gpi_mult': 1.073609139934751}. Best is trial 394 with value: 0.15554121280607974.
[I 2026-05-28 02:54:07,638] Trial 418 finished with value: 0.20819646145618995 and parameters: {'ISTN': 64.86488651780138, 'I_gpe': 1.0393520352861132, 'I_gpi': 2.0417809641914775, 'noise_stn_sigma': 3.636464201034254, 'noise_gpe_sigma': 84.67580204201532, 'noise_gpi_sigma': 108.00923685219604, 'g_stn_gpe_mult': 4.578635782980971, 'g_gpe_stn_mult': 0.15627385560251145, 'g_stn_gpi_mult': 2.379286139924802, 'g_gpe_gpi_mult': 1.1032980410638442}. Best is trial 394 with value: 0.15554121280607974.
[I 2026-05-28 02:54:08,646] Trial 419 finished with value: 0.20819611694763826 and parameters: {'ISTN': 64.53768523501654, 'I_gpe': 0.9918091555800932, 'I_gpi': 1.8710262698480473, 'noise_stn_sigma': 3.7285343328022478, 'noise_gpe_sigma': 98.51986559879103, 'noise_gpi_sigma': 102.597461098448, 'g_stn_gpe_mult': 4.592043859933333, 'g_gpe_stn_mult': 0.1269806550532889, 'g_stn_gpi_mult': 2.398567332452472, 'g_gpe_gpi_mult': 1.098888894889084}. Best is trial 394 with value: 0.15554121280607974.
[I 2026-05-28 02:54:09,653] Trial 420 finished with value: 0.25964428777609966 and parameters: {'ISTN': 64.11219169806637, 'I_gpe': 0.9311846944229245, 'I_gpi': 1.7492104381829154, 'noise_stn_sigma': 4.926653772078288, 'noise_gpe_sigma': 94.76024417565381, 'noise_gpi_sigma': 111.99061390002281, 'g_stn_gpe_mult': 4.380943223266762, 'g_gpe_stn_mult': 0.1600592945199803, 'g_stn_gpi_mult': 2.2304957329859145, 'g_gpe_gpi_mult': 1.1439954937489831}. Best is trial 394 with value: 0.15554121280607974.
[I 2026-05-28 02:54:10,664] Trial 421 finished with value: 0.19566524470472113 and parameters: {'ISTN': 62.505797977737274, 'I_gpe': 0.9229140299984022, 'I_gpi': 1.9739475377122195, 'noise_stn_sigma': 3.712300601211584, 'noise_gpe_sigma': 90.94512290115293, 'noise_gpi_sigma': 110.38719860013394, 'g_stn_gpe_mult': 4.246288186405743, 'g_gpe_stn_mult': 0.18276335340397323, 'g_stn_gpi_mult': 2.2533357417674535, 'g_gpe_gpi_mult': 1.0320213109383318}. Best is trial 394 with value: 0.15554121280607974.
[I 2026-05-28 02:54:11,675] Trial 422 finished with value: 0.24135111200959475 and parameters: {'ISTN': 65.33225465261677, 'I_gpe': 1.0135286018501186, 'I_gpi': 2.175278311015486, 'noise_stn_sigma': 3.999971209468849, 'noise_gpe_sigma': 87.29045095003569, 'noise_gpi_sigma': 117.3049858461868, 'g_stn_gpe_mult': 4.546447774395128, 'g_gpe_stn_mult': 0.15717960236164175, 'g_stn_gpi_mult': 2.4212468369373874, 'g_gpe_gpi_mult': 1.0030798173762911}. Best is trial 394 with value: 0.15554121280607974.
[I 2026-05-28 02:54:12,686] Trial 423 finished with value: 0.8716199786789152 and parameters: {'ISTN': 62.46713080274124, 'I_gpe': 0.9739711973299949, 'I_gpi': 2.121464404032501, 'noise_stn_sigma': 4.293430758895902, 'noise_gpe_sigma': 84.4055778970965, 'noise_gpi_sigma': 119.82492492158818, 'g_stn_gpe_mult': 4.685711485059695, 'g_gpe_stn_mult': 0.1525253430000057, 'g_stn_gpi_mult': 2.3471782414589795, 'g_gpe_gpi_mult': 1.0759187845735951}. Best is trial 394 with value: 0.15554121280607974.
[I 2026-05-28 02:54:13,698] Trial 424 finished with value: 0.5777281148832853 and parameters: {'ISTN': 64.47522477382545, 'I_gpe': 1.1427781941636226, 'I_gpi': 1.983166240497743, 'noise_stn_sigma': 4.653345651351215, 'noise_gpe_sigma': 87.91521004965226, 'noise_gpi_sigma': 107.36910033276055, 'g_stn_gpe_mult': 4.43395223957354, 'g_gpe_stn_mult': 0.11743576997871233, 'g_stn_gpi_mult': 2.48227454565723, 'g_gpe_gpi_mult': 1.0659128751116016}. Best is trial 394 with value: 0.15554121280607974.
[I 2026-05-28 02:54:14,707] Trial 425 finished with value: 0.268527142773897 and parameters: {'ISTN': 64.67494673185126, 'I_gpe': 1.1741681394711252, 'I_gpi': 2.144127673570425, 'noise_stn_sigma': 3.384600173320715, 'noise_gpe_sigma': 89.87130040573572, 'noise_gpi_sigma': 107.56117117498529, 'g_stn_gpe_mult': 4.240146422900912, 'g_gpe_stn_mult': 0.18443209674629213, 'g_stn_gpi_mult': 2.41395910112722, 'g_gpe_gpi_mult': 1.0494446661129069}. Best is trial 394 with value: 0.15554121280607974.
[I 2026-05-28 02:54:15,717] Trial 426 finished with value: 0.2154187224518564 and parameters: {'ISTN': 64.00520504350588, 'I_gpe': 0.9991947607380007, 'I_gpi': 2.3028324955760042, 'noise_stn_sigma': 3.401769067869982, 'noise_gpe_sigma': 69.02209410346278, 'noise_gpi_sigma': 112.158026589213, 'g_stn_gpe_mult': 4.424542792608857, 'g_gpe_stn_mult': 0.12493408341506824, 'g_stn_gpi_mult': 2.21792435916863, 'g_gpe_gpi_mult': 1.1656220751598159}. Best is trial 394 with value: 0.15554121280607974.
[I 2026-05-28 02:54:16,726] Trial 427 finished with value: 0.16397907782027463 and parameters: {'ISTN': 60.589006341422376, 'I_gpe': 0.9727914363800731, 'I_gpi': 2.2393870670511875, 'noise_stn_sigma': 3.3474633945276193, 'noise_gpe_sigma': 87.8777400782387, 'noise_gpi_sigma': 112.54755000271619, 'g_stn_gpe_mult': 4.674866485386247, 'g_gpe_stn_mult': 0.1787770923639717, 'g_stn_gpi_mult': 2.3121405180391292, 'g_gpe_gpi_mult': 1.0352502321939636}. Best is trial 394 with value: 0.15554121280607974.
[I 2026-05-28 02:54:17,732] Trial 428 finished with value: 0.17711510862762572 and parameters: {'ISTN': 62.39699246772298, 'I_gpe': 0.9814352964284718, 'I_gpi': 1.931860378821641, 'noise_stn_sigma': 4.088245761353461, 'noise_gpe_sigma': 95.50164967692884, 'noise_gpi_sigma': 101.67324674181758, 'g_stn_gpe_mult': 4.4922515567176236, 'g_gpe_stn_mult': 0.14543606960027325, 'g_stn_gpi_mult': 2.5514418346127403, 'g_gpe_gpi_mult': 0.8915736255576738}. Best is trial 394 with value: 0.15554121280607974.
[I 2026-05-28 02:54:18,742] Trial 429 finished with value: 0.23810132037026593 and parameters: {'ISTN': 64.79637733412127, 'I_gpe': 0.8840481676763279, 'I_gpi': 1.9334679009341484, 'noise_stn_sigma': 3.897048231173675, 'noise_gpe_sigma': 90.5426290074712, 'noise_gpi_sigma': 108.8529095044944, 'g_stn_gpe_mult': 4.234169712411075, 'g_gpe_stn_mult': 0.16735674963846484, 'g_stn_gpi_mult': 2.378916686619902, 'g_gpe_gpi_mult': 1.0314831138920826}. Best is trial 394 with value: 0.15554121280607974.
[I 2026-05-28 02:54:19,751] Trial 430 finished with value: 0.16234518370189338 and parameters: {'ISTN': 60.235016999610124, 'I_gpe': 1.0452828026671526, 'I_gpi': 2.104117474235593, 'noise_stn_sigma': 3.9433209091150596, 'noise_gpe_sigma': 82.09011072447454, 'noise_gpi_sigma': 116.96192557070795, 'g_stn_gpe_mult': 4.5858075366180255, 'g_gpe_stn_mult': 0.16871098253106248, 'g_stn_gpi_mult': 2.3547317840933677, 'g_gpe_gpi_mult': 1.08325424532051}. Best is trial 394 with value: 0.15554121280607974.
[I 2026-05-28 02:54:20,760] Trial 431 finished with value: 0.1880023270016649 and parameters: {'ISTN': 62.31608588158986, 'I_gpe': 1.182462049139479, 'I_gpi': 1.9361122699334192, 'noise_stn_sigma': 3.976546401982513, 'noise_gpe_sigma': 94.96030399737151, 'noise_gpi_sigma': 106.85888771209923, 'g_stn_gpe_mult': 4.3976403746001935, 'g_gpe_stn_mult': 0.14544999218322333, 'g_stn_gpi_mult': 2.2766629256400868, 'g_gpe_gpi_mult': 1.1218115747622277}. Best is trial 394 with value: 0.15554121280607974.
[I 2026-05-28 02:54:21,768] Trial 432 finished with value: 0.16858726470628757 and parameters: {'ISTN': 61.092711494108705, 'I_gpe': 0.9613235567513578, 'I_gpi': 2.271171856266574, 'noise_stn_sigma': 3.6827630836435703, 'noise_gpe_sigma': 86.11289024499935, 'noise_gpi_sigma': 113.77610111546872, 'g_stn_gpe_mult': 4.692942752576425, 'g_gpe_stn_mult': 0.1575357025556215, 'g_stn_gpi_mult': 2.2234079992080513, 'g_gpe_gpi_mult': 1.0032112653561889}. Best is trial 394 with value: 0.15554121280607974.
[I 2026-05-28 02:54:22,775] Trial 433 finished with value: 0.21006212190609483 and parameters: {'ISTN': 61.68800684545842, 'I_gpe': 0.8580008447738385, 'I_gpi': 2.303532592447259, 'noise_stn_sigma': 3.4696007288800352, 'noise_gpe_sigma': 92.000391922317, 'noise_gpi_sigma': 119.71953775512033, 'g_stn_gpe_mult': 4.470024399638747, 'g_gpe_stn_mult': 0.17219773428007001, 'g_stn_gpi_mult': 2.2400417305459137, 'g_gpe_gpi_mult': 0.9959977660615003}. Best is trial 394 with value: 0.15554121280607974.
[I 2026-05-28 02:54:23,784] Trial 434 finished with value: 0.1831415631913808 and parameters: {'ISTN': 60.970886951615554, 'I_gpe': 1.2773427066819676, 'I_gpi': 2.0123686291131926, 'noise_stn_sigma': 3.8526816618024378, 'noise_gpe_sigma': 88.5327716483234, 'noise_gpi_sigma': 111.80561686435678, 'g_stn_gpe_mult': 4.639639898020461, 'g_gpe_stn_mult': 0.15163913822018088, 'g_stn_gpi_mult': 2.3467671226844473, 'g_gpe_gpi_mult': 0.9802059741383249}. Best is trial 394 with value: 0.15554121280607974.
[I 2026-05-28 02:54:24,791] Trial 435 finished with value: 0.19949842197457712 and parameters: {'ISTN': 63.16953206880417, 'I_gpe': 0.9364535104184568, 'I_gpi': 2.1685651513730564, 'noise_stn_sigma': 4.152496152737129, 'noise_gpe_sigma': 93.71793072051715, 'noise_gpi_sigma': 111.54003021735407, 'g_stn_gpe_mult': 4.687617549652874, 'g_gpe_stn_mult': 0.1344078828195939, 'g_stn_gpi_mult': 2.330189362378545, 'g_gpe_gpi_mult': 1.0053800237455894}. Best is trial 394 with value: 0.15554121280607974.
[I 2026-05-28 02:54:25,800] Trial 436 finished with value: 0.1953329319712009 and parameters: {'ISTN': 62.06241260273346, 'I_gpe': 1.2201945441869761, 'I_gpi': 2.009026890560178, 'noise_stn_sigma': 3.835528849435675, 'noise_gpe_sigma': 78.63911187752632, 'noise_gpi_sigma': 112.24652896583909, 'g_stn_gpe_mult': 4.767914622020991, 'g_gpe_stn_mult': 0.16147078620567262, 'g_stn_gpi_mult': 2.383567415840968, 'g_gpe_gpi_mult': 1.0447895183185805}. Best is trial 394 with value: 0.15554121280607974.
[I 2026-05-28 02:54:26,812] Trial 437 finished with value: 0.3431202310497914 and parameters: {'ISTN': 60.556497665872165, 'I_gpe': 1.034194089274241, 'I_gpi': 2.1191118083808833, 'noise_stn_sigma': 3.512405999122685, 'noise_gpe_sigma': 79.79828078765044, 'noise_gpi_sigma': 114.40636720968111, 'g_stn_gpe_mult': 4.647550688474322, 'g_gpe_stn_mult': 0.14624811804108004, 'g_stn_gpi_mult': 2.433373379779151, 'g_gpe_gpi_mult': 1.026852742081399}. Best is trial 394 with value: 0.15554121280607974.
[I 2026-05-28 02:54:27,823] Trial 438 finished with value: 0.16478746104261485 and parameters: {'ISTN': 61.420802784252345, 'I_gpe': 0.9288379199369613, 'I_gpi': 2.073257480158773, 'noise_stn_sigma': 3.767017458489799, 'noise_gpe_sigma': 92.68746304917438, 'noise_gpi_sigma': 110.45660826825757, 'g_stn_gpe_mult': 4.48662099069465, 'g_gpe_stn_mult': 0.1475567276292654, 'g_stn_gpi_mult': 2.4538813472169876, 'g_gpe_gpi_mult': 1.092798744739507}. Best is trial 394 with value: 0.15554121280607974.
[I 2026-05-28 02:54:28,831] Trial 439 finished with value: 0.19364500678924929 and parameters: {'ISTN': 62.75902118729881, 'I_gpe': 0.8644440709061639, 'I_gpi': 2.0400780104890393, 'noise_stn_sigma': 3.3489760425012394, 'noise_gpe_sigma': 88.92227405640335, 'noise_gpi_sigma': 112.46100370717654, 'g_stn_gpe_mult': 4.58682177244358, 'g_gpe_stn_mult': 0.16858526860602735, 'g_stn_gpi_mult': 2.3300362675952524, 'g_gpe_gpi_mult': 1.0331870572801563}. Best is trial 394 with value: 0.15554121280607974.
