[I 2026-05-28 03:57:18,743] Trial 132 finished with value: 13.5833382699904 and parameters: {'ISTN': 68.38221978192611, 'I_gpe': 0.5738917964383001, 'I_gpi': 1.2905413814912476, 'noise_stn_sigma': 3.4662419393982997, 'noise_gpe_sigma': 104.44068612133343, 'noise_gpi_sigma': 52.17999902252979, 'g_stn_gpe_mult': 2.2514689146674165, 'g_gpe_stn_mult': 0.2753424192193834, 'g_stn_gpi_mult': 2.691212280632402, 'g_gpe_gpi_mult': 0.60498107818828}. Best is trial 79 with value: 0.30860784639305194.
[I 2026-05-28 03:57:19,748] Trial 133 finished with value: 0.49158005145447425 and parameters: {'ISTN': 63.96527594132789, 'I_gpe': 1.2761566204626018, 'I_gpi': 1.4867595930094142, 'noise_stn_sigma': 2.074206907392275, 'noise_gpe_sigma': 111.38905990795935, 'noise_gpi_sigma': 97.20393136100328, 'g_stn_gpe_mult': 2.624485965690196, 'g_gpe_stn_mult': 0.21245804847452074, 'g_stn_gpi_mult': 2.6438746301607616, 'g_gpe_gpi_mult': 0.4402597596682505}. Best is trial 79 with value: 0.30860784639305194.
[I 2026-05-28 03:57:20,752] Trial 134 finished with value: 10.714520197326937 and parameters: {'ISTN': 76.45812949640167, 'I_gpe': 0.709932634132035, 'I_gpi': 1.5544863516833693, 'noise_stn_sigma': 3.446941361508583, 'noise_gpe_sigma': 73.7577229279238, 'noise_gpi_sigma': 56.41472763097865, 'g_stn_gpe_mult': 2.599239588088657, 'g_gpe_stn_mult': 0.23026141085464316, 'g_stn_gpi_mult': 2.7459144115968406, 'g_gpe_gpi_mult': 0.4759271804034118}. Best is trial 79 with value: 0.30860784639305194.
[I 2026-05-28 03:57:21,756] Trial 135 finished with value: 6.183477838666539 and parameters: {'ISTN': 64.7335420955313, 'I_gpe': 0.7502112931018312, 'I_gpi': 1.7209609814384446, 'noise_stn_sigma': 2.213830590452443, 'noise_gpe_sigma': 105.93155101287806, 'noise_gpi_sigma': 48.7240156173721, 'g_stn_gpe_mult': 2.8116612570255173, 'g_gpe_stn_mult': 0.31272375754648046, 'g_stn_gpi_mult': 2.884133780856176, 'g_gpe_gpi_mult': 0.6949743456713124}. Best is trial 79 with value: 0.30860784639305194.
[I 2026-05-28 03:57:22,763] Trial 136 finished with value: 14.229250240228632 and parameters: {'ISTN': 85.14777852948083, 'I_gpe': 1.4779053100541044, 'I_gpi': 1.7947767825849326, 'noise_stn_sigma': 3.1401093552707082, 'noise_gpe_sigma': 98.69071713870277, 'noise_gpi_sigma': 51.28529054820295, 'g_stn_gpe_mult': 3.513752230464975, 'g_gpe_stn_mult': 0.1225733373994019, 'g_stn_gpi_mult': 2.1502989546295725, 'g_gpe_gpi_mult': 0.5739653020352589}. Best is trial 79 with value: 0.30860784639305194.
[I 2026-05-28 03:57:23,768] Trial 137 finished with value: 1.8699680856517356 and parameters: {'ISTN': 64.70424826777806, 'I_gpe': 1.6700009703697094, 'I_gpi': 1.5119862021275585, 'noise_stn_sigma': 3.6691142381789836, 'noise_gpe_sigma': 102.36365810342431, 'noise_gpi_sigma': 78.20800632991124, 'g_stn_gpe_mult': 1.7177764605726955, 'g_gpe_stn_mult': 0.16073784127025706, 'g_stn_gpi_mult': 2.2719019120285484, 'g_gpe_gpi_mult': 0.6550658039593713}. Best is trial 79 with value: 0.30860784639305194.
[I 2026-05-28 03:57:24,773] Trial 138 finished with value: 12.074587884527288 and parameters: {'ISTN': 78.19112244321971, 'I_gpe': 0.8619113480018524, 'I_gpi': 1.8072669328758781, 'noise_stn_sigma': 4.865663435230111, 'noise_gpe_sigma': 72.86710775049826, 'noise_gpi_sigma': 109.64897804054162, 'g_stn_gpe_mult': 2.604041733972518, 'g_gpe_stn_mult': 0.3066285958344157, 'g_stn_gpi_mult': 2.3497936906087293, 'g_gpe_gpi_mult': 0.7584412022804901}. Best is trial 79 with value: 0.30860784639305194.
[I 2026-05-28 03:57:25,775] Trial 139 finished with value: 2.420617067867441 and parameters: {'ISTN': 65.6313257685701, 'I_gpe': 0.6693228966923299, 'I_gpi': 1.4765055920909314, 'noise_stn_sigma': 4.946222275778041, 'noise_gpe_sigma': 99.45742670779188, 'noise_gpi_sigma': 52.18076614998511, 'g_stn_gpe_mult': 2.7397004652979406, 'g_gpe_stn_mult': 0.17621673579372454, 'g_stn_gpi_mult': 2.9333964451622627, 'g_gpe_gpi_mult': 0.5630362903507704}. Best is trial 79 with value: 0.30860784639305194.
[I 2026-05-28 03:57:26,781] Trial 140 finished with value: 9.020175694016958 and parameters: {'ISTN': 74.2793640946763, 'I_gpe': 1.5933273311405447, 'I_gpi': 2.1993688845699984, 'noise_stn_sigma': 6.404288966628575, 'noise_gpe_sigma': 113.75304829828931, 'noise_gpi_sigma': 54.071380763060816, 'g_stn_gpe_mult': 2.644068658308324, 'g_gpe_stn_mult': 0.228922111869771, 'g_stn_gpi_mult': 2.8864554251990775, 'g_gpe_gpi_mult': 0.6137949955623238}. Best is trial 79 with value: 0.30860784639305194.
[I 2026-05-28 03:57:27,786] Trial 141 finished with value: 6.393119317567951 and parameters: {'ISTN': 73.20197784931801, 'I_gpe': 1.5360802684103982, 'I_gpi': 2.3630180631719897, 'noise_stn_sigma': 2.9836186714274984, 'noise_gpe_sigma': 112.2700302548546, 'noise_gpi_sigma': 55.231763375299735, 'g_stn_gpe_mult': 2.193001213556234, 'g_gpe_stn_mult': 0.17007037783470563, 'g_stn_gpi_mult': 2.470305690824196, 'g_gpe_gpi_mult': 0.4815834214903319}. Best is trial 79 with value: 0.30860784639305194.
[I 2026-05-28 03:57:28,792] Trial 142 finished with value: 0.3102943165301754 and parameters: {'ISTN': 62.1141329217569, 'I_gpe': 1.396540576896727, 'I_gpi': 1.3980020104669382, 'noise_stn_sigma': 4.565859448169472, 'noise_gpe_sigma': 106.23065027479217, 'noise_gpi_sigma': 90.63876928828998, 'g_stn_gpe_mult': 2.379788774769652, 'g_gpe_stn_mult': 0.14079512458664792, 'g_stn_gpi_mult': 2.9099533387082355, 'g_gpe_gpi_mult': 0.5509351682173893}. Best is trial 79 with value: 0.30860784639305194.
[I 2026-05-28 03:57:29,799] Trial 143 finished with value: 2.6504126643780794 and parameters: {'ISTN': 60.732500356479285, 'I_gpe': 1.902940935817558, 'I_gpi': 1.4265598150244423, 'noise_stn_sigma': 2.231315150138353, 'noise_gpe_sigma': 84.54530144542407, 'noise_gpi_sigma': 105.5452040790777, 'g_stn_gpe_mult': 1.9712171159954017, 'g_gpe_stn_mult': 0.2531177863611621, 'g_stn_gpi_mult': 2.090805484541603, 'g_gpe_gpi_mult': 0.23585922040557478}. Best is trial 79 with value: 0.30860784639305194.
[I 2026-05-28 03:57:30,805] Trial 144 finished with value: 0.2325776088708049 and parameters: {'ISTN': 63.29804277665731, 'I_gpe': 1.6038133289589425, 'I_gpi': 2.328381503154622, 'noise_stn_sigma': 1.895226023474824, 'noise_gpe_sigma': 88.13811153115753, 'noise_gpi_sigma': 99.39738627910467, 'g_stn_gpe_mult': 2.6238269299711208, 'g_gpe_stn_mult': 0.19166096789115444, 'g_stn_gpi_mult': 1.8769283402890389, 'g_gpe_gpi_mult': 0.5449456229954736}. Best is trial 144 with value: 0.2325776088708049.
[I 2026-05-28 03:57:31,806] Trial 145 finished with value: 6.286396103484651 and parameters: {'ISTN': 69.8180851826851, 'I_gpe': 1.8023503698889036, 'I_gpi': 1.3558773900893937, 'noise_stn_sigma': 3.2926712432412972, 'noise_gpe_sigma': 85.41947499957926, 'noise_gpi_sigma': 96.51449932659133, 'g_stn_gpe_mult': 2.164567144963456, 'g_gpe_stn_mult': 0.195573776007293, 'g_stn_gpi_mult': 1.915911393514484, 'g_gpe_gpi_mult': 0.6186582013426026}. Best is trial 144 with value: 0.2325776088708049.
[I 2026-05-28 03:57:32,809] Trial 146 finished with value: 4.678309032157353 and parameters: {'ISTN': 67.99274858447262, 'I_gpe': 0.62115156239683, 'I_gpi': 1.135428194544241, 'noise_stn_sigma': 3.48537424066667, 'noise_gpe_sigma': 95.1441811654304, 'noise_gpi_sigma': 76.93192520172697, 'g_stn_gpe_mult': 2.660273470091428, 'g_gpe_stn_mult': 0.19061592857791035, 'g_stn_gpi_mult': 2.019904175797894, 'g_gpe_gpi_mult': 0.72775402328321}. Best is trial 144 with value: 0.2325776088708049.
[I 2026-05-28 03:57:33,816] Trial 147 finished with value: 13.002146264336533 and parameters: {'ISTN': 78.2035428204051, 'I_gpe': 1.4321858299271388, 'I_gpi': 1.9024319258095266, 'noise_stn_sigma': 3.5745862383763733, 'noise_gpe_sigma': 103.38011235936574, 'noise_gpi_sigma': 70.91810098450136, 'g_stn_gpe_mult': 1.9712408334439337, 'g_gpe_stn_mult': 0.16421850523757273, 'g_stn_gpi_mult': 3.2826166415543705, 'g_gpe_gpi_mult': 0.46781901862418396}. Best is trial 144 with value: 0.2325776088708049.
[I 2026-05-28 03:57:34,818] Trial 148 finished with value: 10.772118294632634 and parameters: {'ISTN': 74.47387578947477, 'I_gpe': 1.718964808976918, 'I_gpi': 1.8696174461016632, 'noise_stn_sigma': 3.2554344399636617, 'noise_gpe_sigma': 99.77603501034453, 'noise_gpi_sigma': 68.04870628179077, 'g_stn_gpe_mult': 3.6002865897720815, 'g_gpe_stn_mult': 0.22275889739135774, 'g_stn_gpi_mult': 2.2765120105467576, 'g_gpe_gpi_mult': 0.4306393850468925}. Best is trial 144 with value: 0.2325776088708049.
[I 2026-05-28 03:57:35,824] Trial 149 finished with value: 16.39966351489834 and parameters: {'ISTN': 85.27565381652175, 'I_gpe': 1.8749439848234317, 'I_gpi': 2.202271114834301, 'noise_stn_sigma': 4.432847212947387, 'noise_gpe_sigma': 93.17590677373212, 'noise_gpi_sigma': 82.92496541124527, 'g_stn_gpe_mult': 3.04518917443892, 'g_gpe_stn_mult': 0.17478062950842035, 'g_stn_gpi_mult': 2.641812415268669, 'g_gpe_gpi_mult': 0.5195209366093791}. Best is trial 144 with value: 0.2325776088708049.
[I 2026-05-28 03:57:36,828] Trial 150 finished with value: 14.071470128097005 and parameters: {'ISTN': 68.20850119065858, 'I_gpe': 1.3178188679568013, 'I_gpi': 1.2556344670565731, 'noise_stn_sigma': 1.110200149900877, 'noise_gpe_sigma': 111.50013871426695, 'noise_gpi_sigma': 71.80600985441598, 'g_stn_gpe_mult': 3.3360521772387575, 'g_gpe_stn_mult': 0.3226563445632865, 'g_stn_gpi_mult': 2.30776377327641, 'g_gpe_gpi_mult': 0.5220314633094558}. Best is trial 144 with value: 0.2325776088708049.
[I 2026-05-28 03:57:37,832] Trial 151 finished with value: 10.323649388988855 and parameters: {'ISTN': 72.54294318606108, 'I_gpe': 1.123372522155584, 'I_gpi': 2.593615987982715, 'noise_stn_sigma': 2.3304101032645876, 'noise_gpe_sigma': 98.0933927741956, 'noise_gpi_sigma': 71.51172731919132, 'g_stn_gpe_mult': 2.6058360419479074, 'g_gpe_stn_mult': 0.3034198922481803, 'g_stn_gpi_mult': 1.9858790987685384, 'g_gpe_gpi_mult': 0.6004723802194656}. Best is trial 144 with value: 0.2325776088708049.
[I 2026-05-28 03:57:38,837] Trial 152 finished with value: 14.808951098381858 and parameters: {'ISTN': 76.06651827259911, 'I_gpe': 1.8104181445147245, 'I_gpi': 2.671097486743361, 'noise_stn_sigma': 4.261493730669264, 'noise_gpe_sigma': 94.77866783308518, 'noise_gpi_sigma': 85.66554442089985, 'g_stn_gpe_mult': 2.312125584521638, 'g_gpe_stn_mult': 0.3003372628465506, 'g_stn_gpi_mult': 2.226725720766247, 'g_gpe_gpi_mult': 0.5087147287886861}. Best is trial 144 with value: 0.2325776088708049.
[I 2026-05-28 03:57:39,842] Trial 153 finished with value: 0.24310261615605294 and parameters: {'ISTN': 64.59072429623, 'I_gpe': 1.549423566296537, 'I_gpi': 2.0854601578427414, 'noise_stn_sigma': 3.8522419813190076, 'noise_gpe_sigma': 80.47927713776593, 'noise_gpi_sigma': 79.83645036302767, 'g_stn_gpe_mult': 2.9285508051285043, 'g_gpe_stn_mult': 0.150572589720744, 'g_stn_gpi_mult': 1.449180711469631, 'g_gpe_gpi_mult': 0.4383234067066483}. Best is trial 144 with value: 0.2325776088708049.
[I 2026-05-28 03:57:40,844] Trial 154 finished with value: 16.858945554797447 and parameters: {'ISTN': 81.28125083137039, 'I_gpe': 1.6490228381709338, 'I_gpi': 2.2131888961970336, 'noise_stn_sigma': 2.5731362889420732, 'noise_gpe_sigma': 76.96652071408187, 'noise_gpi_sigma': 50.97451298978306, 'g_stn_gpe_mult': 2.4700596381152793, 'g_gpe_stn_mult': 0.3645031100157087, 'g_stn_gpi_mult': 2.392065379880192, 'g_gpe_gpi_mult': 0.5752760741726113}. Best is trial 144 with value: 0.2325776088708049.
[I 2026-05-28 03:57:41,849] Trial 155 finished with value: 10.890311421295277 and parameters: {'ISTN': 73.15142840085569, 'I_gpe': 1.2285363746720823, 'I_gpi': 2.0066774047416462, 'noise_stn_sigma': 3.715547453651277, 'noise_gpe_sigma': 98.41593381799005, 'noise_gpi_sigma': 80.29913082889747, 'g_stn_gpe_mult': 1.8839173298922347, 'g_gpe_stn_mult': 0.2669440244390644, 'g_stn_gpi_mult': 1.9465357359180253, 'g_gpe_gpi_mult': 0.44533506056477534}. Best is trial 144 with value: 0.2325776088708049.
[I 2026-05-28 03:57:42,853] Trial 156 finished with value: 11.85881957487681 and parameters: {'ISTN': 73.05168180370464, 'I_gpe': 2.1009311051517634, 'I_gpi': 1.9680931582433003, 'noise_stn_sigma': 1.4329910608710075, 'noise_gpe_sigma': 94.82392205996639, 'noise_gpi_sigma': 92.78770328721215, 'g_stn_gpe_mult': 2.3247774318309387, 'g_gpe_stn_mult': 0.20077801722467095, 'g_stn_gpi_mult': 2.4230401552763325, 'g_gpe_gpi_mult': 0.33894217861713294}. Best is trial 144 with value: 0.2325776088708049.
[I 2026-05-28 03:57:43,859] Trial 157 finished with value: 4.0920092236682635 and parameters: {'ISTN': 65.84144876700836, 'I_gpe': 2.0946082886669517, 'I_gpi': 2.2761831609219465, 'noise_stn_sigma': 2.7215453058106425, 'noise_gpe_sigma': 110.87010037549342, 'noise_gpi_sigma': 74.65719228139963, 'g_stn_gpe_mult': 2.5956898438639042, 'g_gpe_stn_mult': 0.12769441825117733, 'g_stn_gpi_mult': 1.6592934443028744, 'g_gpe_gpi_mult': 0.7856468092739888}. Best is trial 144 with value: 0.2325776088708049.
[I 2026-05-28 03:57:44,865] Trial 158 finished with value: 7.486240876417041 and parameters: {'ISTN': 65.71421671533915, 'I_gpe': 0.9743131759183824, 'I_gpi': 1.6949745287376607, 'noise_stn_sigma': 2.5848256123668767, 'noise_gpe_sigma': 109.85536052105597, 'noise_gpi_sigma': 127.1313475430318, 'g_stn_gpe_mult': 2.3933502376379185, 'g_gpe_stn_mult': 0.25475934723630156, 'g_stn_gpi_mult': 2.1392768725716587, 'g_gpe_gpi_mult': 0.42243058926327504}. Best is trial 144 with value: 0.2325776088708049.
[I 2026-05-28 03:57:45,869] Trial 159 finished with value: 10.311605031558875 and parameters: {'ISTN': 61.667350865957616, 'I_gpe': 1.7675521193770682, 'I_gpi': 2.900270242646382, 'noise_stn_sigma': 3.2196974557808873, 'noise_gpe_sigma': 75.04665155491007, 'noise_gpi_sigma': 125.42147607046174, 'g_stn_gpe_mult': 3.1680321441781265, 'g_gpe_stn_mult': 0.2957247585940027, 'g_stn_gpi_mult': 1.6982228200944167, 'g_gpe_gpi_mult': 0.5375542042153305}. Best is trial 144 with value: 0.2325776088708049.
[I 2026-05-28 03:57:46,873] Trial 160 finished with value: 3.3600894664516407 and parameters: {'ISTN': 71.01612821674456, 'I_gpe': 1.4422758069255255, 'I_gpi': 1.191910370422422, 'noise_stn_sigma': 1.4394923576080803, 'noise_gpe_sigma': 104.36175580662108, 'noise_gpi_sigma': 111.77299530588081, 'g_stn_gpe_mult': 2.1791675481520714, 'g_gpe_stn_mult': 0.14026005256701196, 'g_stn_gpi_mult': 2.762602463425928, 'g_gpe_gpi_mult': 0.42446579118730265}. Best is trial 144 with value: 0.2325776088708049.
[I 2026-05-28 03:57:47,878] Trial 161 finished with value: 11.562631405493216 and parameters: {'ISTN': 74.12995464908356, 'I_gpe': 1.2228123109532358, 'I_gpi': 1.79199737933236, 'noise_stn_sigma': 2.8738890907415566, 'noise_gpe_sigma': 98.5317839965012, 'noise_gpi_sigma': 90.66120094308906, 'g_stn_gpe_mult': 2.4093100236987994, 'g_gpe_stn_mult': 0.1977123317505349, 'g_stn_gpi_mult': 1.5515176767843486, 'g_gpe_gpi_mult': 0.7289790196522254}. Best is trial 144 with value: 0.2325776088708049.
[I 2026-05-28 03:57:48,882] Trial 162 finished with value: 0.33549753986603276 and parameters: {'ISTN': 61.836383486299084, 'I_gpe': 1.284441939863925, 'I_gpi': 2.8421369281955835, 'noise_stn_sigma': 3.18625305891932, 'noise_gpe_sigma': 102.76628084047556, 'noise_gpi_sigma': 97.10126898609757, 'g_stn_gpe_mult': 2.2073567136184677, 'g_gpe_stn_mult': 0.19082562368091655, 'g_stn_gpi_mult': 1.8771435434182973, 'g_gpe_gpi_mult': 0.7437846307730289}. Best is trial 144 with value: 0.2325776088708049.
[I 2026-05-28 03:57:49,886] Trial 163 finished with value: 13.835653658935142 and parameters: {'ISTN': 71.70529923841612, 'I_gpe': 1.0770981079507245, 'I_gpi': 1.8762783112487798, 'noise_stn_sigma': 3.2771460517939377, 'noise_gpe_sigma': 100.54688430570206, 'noise_gpi_sigma': 86.97528445442695, 'g_stn_gpe_mult': 2.401581339217465, 'g_gpe_stn_mult': 0.2246495249050502, 'g_stn_gpi_mult': 1.8476199065638101, 'g_gpe_gpi_mult': 0.42251907897114105}. Best is trial 144 with value: 0.2325776088708049.
[I 2026-05-28 03:57:50,891] Trial 164 finished with value: 0.2903543827792127 and parameters: {'ISTN': 61.74310575801706, 'I_gpe': 1.5294489210940039, 'I_gpi': 2.5310090160584036, 'noise_stn_sigma': 2.219758085599013, 'noise_gpe_sigma': 73.26854388464157, 'noise_gpi_sigma': 88.55135974956328, 'g_stn_gpe_mult': 3.162091368727869, 'g_gpe_stn_mult': 0.22221697776384852, 'g_stn_gpi_mult': 2.188240114687144, 'g_gpe_gpi_mult': 0.49582301356355607}. Best is trial 144 with value: 0.2325776088708049.
[I 2026-05-28 03:57:51,893] Trial 165 finished with value: 9.898895044421963 and parameters: {'ISTN': 64.84104609998163, 'I_gpe': 1.7197818434696002, 'I_gpi': 1.058225042372261, 'noise_stn_sigma': 4.583167681265635, 'noise_gpe_sigma': 98.67549586755308, 'noise_gpi_sigma': 120.85680888679059, 'g_stn_gpe_mult': 1.8442524131273146, 'g_gpe_stn_mult': 0.329982810087161, 'g_stn_gpi_mult': 2.955853005882864, 'g_gpe_gpi_mult': 0.5965115579074592}. Best is trial 144 with value: 0.2325776088708049.
[I 2026-05-28 03:57:52,898] Trial 166 finished with value: 4.99314884888331 and parameters: {'ISTN': 72.38710129059513, 'I_gpe': 0.793275176110239, 'I_gpi': 1.7274213131140819, 'noise_stn_sigma': 2.761918126280919, 'noise_gpe_sigma': 97.26286291006834, 'noise_gpi_sigma': 61.32174885528581, 'g_stn_gpe_mult': 2.824889481897875, 'g_gpe_stn_mult': 0.14208854744139499, 'g_stn_gpi_mult': 1.9812166019310133, 'g_gpe_gpi_mult': 0.6534629092814981}. Best is trial 144 with value: 0.2325776088708049.
[I 2026-05-28 03:57:53,903] Trial 167 finished with value: 14.01215300781128 and parameters: {'ISTN': 73.2005630750005, 'I_gpe': 2.0636062565899644, 'I_gpi': 1.7993552580472643, 'noise_stn_sigma': 3.237776112675418, 'noise_gpe_sigma': 79.31069361508536, 'noise_gpi_sigma': 107.2170993814691, 'g_stn_gpe_mult': 3.385682143299343, 'g_gpe_stn_mult': 0.2217787072752212, 'g_stn_gpi_mult': 2.8366970462645953, 'g_gpe_gpi_mult': 0.4459905957608683}. Best is trial 144 with value: 0.2325776088708049.
[I 2026-05-28 03:57:54,907] Trial 168 finished with value: 9.022408483366682 and parameters: {'ISTN': 74.20438291969809, 'I_gpe': 1.5399316596638304, 'I_gpi': 1.8329909138959228, 'noise_stn_sigma': 3.859754831642336, 'noise_gpe_sigma': 109.83699502150844, 'noise_gpi_sigma': 86.74606082119311, 'g_stn_gpe_mult': 2.778897262272687, 'g_gpe_stn_mult': 0.1519223412412297, 'g_stn_gpi_mult': 1.5928640321947551, 'g_gpe_gpi_mult': 0.42690603355915174}. Best is trial 144 with value: 0.2325776088708049.
[I 2026-05-28 03:57:55,913] Trial 169 finished with value: 0.3609124529712845 and parameters: {'ISTN': 62.319255047205345, 'I_gpe': 1.4378396777796971, 'I_gpi': 2.808006692722447, 'noise_stn_sigma': 5.412315323172604, 'noise_gpe_sigma': 91.46200663203464, 'noise_gpi_sigma': 50.06046425944943, 'g_stn_gpe_mult': 3.164149233628782, 'g_gpe_stn_mult': 0.10525971793856652, 'g_stn_gpi_mult': 1.4496022249798641, 'g_gpe_gpi_mult': 0.6733634081392031}. Best is trial 144 with value: 0.2325776088708049.
[I 2026-05-28 03:57:56,918] Trial 170 finished with value: 7.653254350066991 and parameters: {'ISTN': 78.30488677352903, 'I_gpe': 0.708346128931177, 'I_gpi': 2.21042685405438, 'noise_stn_sigma': 1.5118640196091588, 'noise_gpe_sigma': 102.68324011416816, 'noise_gpi_sigma': 115.94670772811256, 'g_stn_gpe_mult': 2.161437529905714, 'g_gpe_stn_mult': 0.21146717661298842, 'g_stn_gpi_mult': 1.080717445793222, 'g_gpe_gpi_mult': 0.3928315113104244}. Best is trial 144 with value: 0.2325776088708049.
[I 2026-05-28 03:57:57,923] Trial 171 finished with value: 0.30107728165799685 and parameters: {'ISTN': 61.79708085403134, 'I_gpe': 1.6737639949697807, 'I_gpi': 2.2954884089803542, 'noise_stn_sigma': 3.8687218183835532, 'noise_gpe_sigma': 78.81210871802162, 'noise_gpi_sigma': 83.40959697340057, 'g_stn_gpe_mult': 3.335493103775895, 'g_gpe_stn_mult': 0.2076933681777195, 'g_stn_gpi_mult': 1.3922014857137472, 'g_gpe_gpi_mult': 0.45635880904707965}. Best is trial 144 with value: 0.2325776088708049.
[I 2026-05-28 03:57:58,867] Trial 172 finished with value: 1000000.0 and parameters: {'ISTN': 64.32217497691107, 'I_gpe': 1.4977483615875624, 'I_gpi': 2.1400557785328855, 'noise_stn_sigma': 2.4588001564161006, 'noise_gpe_sigma': 72.97416998193876, 'noise_gpi_sigma': 87.34813851091577, 'g_stn_gpe_mult': 3.0748448377455584, 'g_gpe_stn_mult': 0.17126603210821784, 'g_stn_gpi_mult': 2.125160569170901, 'g_gpe_gpi_mult': 0.6643514097600262}. Best is trial 144 with value: 0.2325776088708049.
[I 2026-05-28 03:57:59,872] Trial 173 finished with value: 0.7969495267126447 and parameters: {'ISTN': 61.83711770051049, 'I_gpe': 0.7418876766937086, 'I_gpi': 3.1802043268143385, 'noise_stn_sigma': 2.4851876206049353, 'noise_gpe_sigma': 83.26468416463477, 'noise_gpi_sigma': 63.989085081164994, 'g_stn_gpe_mult': 3.1913703390309953, 'g_gpe_stn_mult': 0.1265250999987519, 'g_stn_gpi_mult': 2.293035344438989, 'g_gpe_gpi_mult': 0.6364498999428831}. Best is trial 144 with value: 0.2325776088708049.
[I 2026-05-28 03:58:00,877] Trial 174 finished with value: 13.743734177631845 and parameters: {'ISTN': 71.0595484333471, 'I_gpe': 1.499249497309556, 'I_gpi': 1.8427592841046785, 'noise_stn_sigma': 2.5779937454033792, 'noise_gpe_sigma': 89.96738794136589, 'noise_gpi_sigma': 86.63891177903702, 'g_stn_gpe_mult': 2.7392918143288223, 'g_gpe_stn_mult': 0.2474999612693015, 'g_stn_gpi_mult': 2.4622886121202905, 'g_gpe_gpi_mult': 0.4903054130519575}. Best is trial 144 with value: 0.2325776088708049.
[I 2026-05-28 03:58:01,878] Trial 175 finished with value: 0.25555678924568415 and parameters: {'ISTN': 61.84802984049372, 'I_gpe': 0.8714752508091888, 'I_gpi': 2.5611109670076866, 'noise_stn_sigma': 3.381394311517346, 'noise_gpe_sigma': 109.99831052545844, 'noise_gpi_sigma': 94.46969305858403, 'g_stn_gpe_mult': 2.7707596041978673, 'g_gpe_stn_mult': 0.10972019617283706, 'g_stn_gpi_mult': 2.144918811965726, 'g_gpe_gpi_mult': 0.5267226289818309}. Best is trial 144 with value: 0.2325776088708049.
