[I 2026-05-28 03:27:03,071] Trial 352 finished with value: 9.355748153163404 and parameters: {'ISTN': 68.31043745384149, 'I_gpe': 0.8375590433811162, 'I_gpi': 1.965480062347323, 'noise_stn_sigma': 4.543587161048769, 'noise_gpe_sigma': 86.10532906316382, 'noise_gpi_sigma': 99.81200476897133, 'g_stn_gpe_mult': 2.5788830200924324, 'g_gpe_stn_mult': 0.6460363846303994, 'g_stn_gpi_mult': 3.038664289360993, 'g_gpe_gpi_mult': 0.9285724994587226}. Best is trial 215 with value: 0.6300162530717475.
[I 2026-05-28 03:27:04,080] Trial 353 finished with value: 10.443492194653691 and parameters: {'ISTN': 72.69161809810569, 'I_gpe': 0.87053734262054, 'I_gpi': 1.7898393422881416, 'noise_stn_sigma': 4.476162798983804, 'noise_gpe_sigma': 78.23682261467756, 'noise_gpi_sigma': 89.58929925891489, 'g_stn_gpe_mult': 2.7085591110267204, 'g_gpe_stn_mult': 0.6303576835325289, 'g_stn_gpi_mult': 3.028175460725393, 'g_gpe_gpi_mult': 0.792109343188405}. Best is trial 215 with value: 0.6300162530717475.
[I 2026-05-28 03:27:05,084] Trial 354 finished with value: 7.569847109831421 and parameters: {'ISTN': 68.05989019264703, 'I_gpe': 0.7522128477196224, 'I_gpi': 1.9620076200313377, 'noise_stn_sigma': 4.884022843740689, 'noise_gpe_sigma': 83.9583265269734, 'noise_gpi_sigma': 82.35704610300098, 'g_stn_gpe_mult': 2.436396398159418, 'g_gpe_stn_mult': 0.6079704636112848, 'g_stn_gpi_mult': 3.0998310131460354, 'g_gpe_gpi_mult': 0.9342796590491314}. Best is trial 215 with value: 0.6300162530717475.
[I 2026-05-28 03:27:06,093] Trial 355 finished with value: 9.482191891408029 and parameters: {'ISTN': 71.23141508950239, 'I_gpe': 0.5030347752012367, 'I_gpi': 1.5525268780674844, 'noise_stn_sigma': 3.7746001155438873, 'noise_gpe_sigma': 78.94675309509411, 'noise_gpi_sigma': 86.31045595696963, 'g_stn_gpe_mult': 2.3224622863756768, 'g_gpe_stn_mult': 0.5722106976707166, 'g_stn_gpi_mult': 2.9091342098552895, 'g_gpe_gpi_mult': 0.8733964382391257}. Best is trial 215 with value: 0.6300162530717475.
[I 2026-05-28 03:27:07,100] Trial 356 finished with value: 9.471028747108322 and parameters: {'ISTN': 68.2476251711432, 'I_gpe': 0.7306891330094353, 'I_gpi': 1.1404878291651785, 'noise_stn_sigma': 4.139489792109493, 'noise_gpe_sigma': 93.48816723835014, 'noise_gpi_sigma': 98.88737526514083, 'g_stn_gpe_mult': 2.3452780546222103, 'g_gpe_stn_mult': 0.579038345796963, 'g_stn_gpi_mult': 2.9100499568379816, 'g_gpe_gpi_mult': 0.8344627672031906}. Best is trial 215 with value: 0.6300162530717475.
[I 2026-05-28 03:27:08,109] Trial 357 finished with value: 9.615718637877743 and parameters: {'ISTN': 67.97894805459754, 'I_gpe': 0.8313439091719639, 'I_gpi': 1.3273966790080025, 'noise_stn_sigma': 3.8359446696613575, 'noise_gpe_sigma': 92.02042660339652, 'noise_gpi_sigma': 90.12425820916006, 'g_stn_gpe_mult': 2.0996932759028804, 'g_gpe_stn_mult': 0.645889200601075, 'g_stn_gpi_mult': 3.168630693540673, 'g_gpe_gpi_mult': 0.8709320873379205}. Best is trial 215 with value: 0.6300162530717475.
[I 2026-05-28 03:27:09,115] Trial 358 finished with value: 8.26376298111883 and parameters: {'ISTN': 67.49298643742051, 'I_gpe': 0.6738223193644223, 'I_gpi': 1.8184805337540615, 'noise_stn_sigma': 4.217129411426311, 'noise_gpe_sigma': 76.81908983043192, 'noise_gpi_sigma': 86.10547868143419, 'g_stn_gpe_mult': 2.5542525684679642, 'g_gpe_stn_mult': 0.6132080409535507, 'g_stn_gpi_mult': 2.930621753497688, 'g_gpe_gpi_mult': 0.8228215128935159}. Best is trial 215 with value: 0.6300162530717475.
[I 2026-05-28 03:27:10,122] Trial 359 finished with value: 6.872303079088689 and parameters: {'ISTN': 70.60810899606159, 'I_gpe': 1.0253832370688574, 'I_gpi': 1.5062288618934692, 'noise_stn_sigma': 4.422443196226457, 'noise_gpe_sigma': 92.18493846942988, 'noise_gpi_sigma': 87.00376211056641, 'g_stn_gpe_mult': 2.358271323304771, 'g_gpe_stn_mult': 0.6488181261152476, 'g_stn_gpi_mult': 3.1511091966288807, 'g_gpe_gpi_mult': 0.911311209387256}. Best is trial 215 with value: 0.6300162530717475.
[I 2026-05-28 03:27:11,129] Trial 360 finished with value: 5.654762693023868 and parameters: {'ISTN': 67.1447675000085, 'I_gpe': 0.7402246336286336, 'I_gpi': 1.516468426640375, 'noise_stn_sigma': 5.383440995989287, 'noise_gpe_sigma': 75.96054235364659, 'noise_gpi_sigma': 92.96710218187505, 'g_stn_gpe_mult': 2.810966984059794, 'g_gpe_stn_mult': 0.6460775572743791, 'g_stn_gpi_mult': 2.962217068192788, 'g_gpe_gpi_mult': 0.774811207875084}. Best is trial 215 with value: 0.6300162530717475.
[I 2026-05-28 03:27:12,140] Trial 361 finished with value: 2.9964665999086035 and parameters: {'ISTN': 63.06389216623325, 'I_gpe': 1.064442490582866, 'I_gpi': 1.455399141834123, 'noise_stn_sigma': 4.771334900625068, 'noise_gpe_sigma': 71.91976398269838, 'noise_gpi_sigma': 89.59511099188612, 'g_stn_gpe_mult': 2.461066404825997, 'g_gpe_stn_mult': 0.6656148626009953, 'g_stn_gpi_mult': 3.243273167383152, 'g_gpe_gpi_mult': 0.9404985830353514}. Best is trial 215 with value: 0.6300162530717475.
[I 2026-05-28 03:27:13,147] Trial 362 finished with value: 12.559096314958197 and parameters: {'ISTN': 67.6117639586543, 'I_gpe': 0.8980473052780309, 'I_gpi': 1.635859072641595, 'noise_stn_sigma': 4.568772158401751, 'noise_gpe_sigma': 78.81043372383749, 'noise_gpi_sigma': 85.59592918246517, 'g_stn_gpe_mult': 2.59425498025366, 'g_gpe_stn_mult': 0.6238464726959839, 'g_stn_gpi_mult': 2.9680432236828125, 'g_gpe_gpi_mult': 0.7807395248971951}. Best is trial 215 with value: 0.6300162530717475.
[I 2026-05-28 03:27:14,156] Trial 363 finished with value: 9.44143928199599 and parameters: {'ISTN': 64.83920864480609, 'I_gpe': 0.9810809603010696, 'I_gpi': 1.716330350257067, 'noise_stn_sigma': 4.617613429405254, 'noise_gpe_sigma': 79.98086791734201, 'noise_gpi_sigma': 88.26998852211727, 'g_stn_gpe_mult': 2.6948559944178525, 'g_gpe_stn_mult': 0.6554211608706427, 'g_stn_gpi_mult': 3.15375918980679, 'g_gpe_gpi_mult': 0.9764818533279633}. Best is trial 215 with value: 0.6300162530717475.
[I 2026-05-28 03:27:15,165] Trial 364 finished with value: 0.6889856691926902 and parameters: {'ISTN': 68.1496432689057, 'I_gpe': 1.2345013408283545, 'I_gpi': 1.2627164943290663, 'noise_stn_sigma': 4.27228340592593, 'noise_gpe_sigma': 79.9858241146944, 'noise_gpi_sigma': 78.73122538380562, 'g_stn_gpe_mult': 2.4816362429121885, 'g_gpe_stn_mult': 0.7342884354934465, 'g_stn_gpi_mult': 3.1591721925626826, 'g_gpe_gpi_mult': 0.8826971082843273}. Best is trial 215 with value: 0.6300162530717475.
[I 2026-05-28 03:27:16,174] Trial 365 finished with value: 13.546129728753222 and parameters: {'ISTN': 68.62439561343834, 'I_gpe': 1.003806532687183, 'I_gpi': 1.4032994146411584, 'noise_stn_sigma': 3.9175746318101057, 'noise_gpe_sigma': 72.00382857324358, 'noise_gpi_sigma': 93.90504218260911, 'g_stn_gpe_mult': 2.5415554254146793, 'g_gpe_stn_mult': 0.5754698218869698, 'g_stn_gpi_mult': 2.992613508559651, 'g_gpe_gpi_mult': 0.8427536739498067}. Best is trial 215 with value: 0.6300162530717475.
[I 2026-05-28 03:27:17,182] Trial 366 finished with value: 10.68464438533224 and parameters: {'ISTN': 62.269674195347335, 'I_gpe': 1.0764217294342937, 'I_gpi': 1.3773271846106687, 'noise_stn_sigma': 5.193552520298987, 'noise_gpe_sigma': 77.78754782078508, 'noise_gpi_sigma': 85.10192724600593, 'g_stn_gpe_mult': 2.302257270232702, 'g_gpe_stn_mult': 0.5671282307379082, 'g_stn_gpi_mult': 3.2452559703372286, 'g_gpe_gpi_mult': 0.8436951548830967}. Best is trial 215 with value: 0.6300162530717475.
[I 2026-05-28 03:27:18,191] Trial 367 finished with value: 8.393833663262438 and parameters: {'ISTN': 67.08847691834679, 'I_gpe': 1.2387106216108408, 'I_gpi': 1.5150989036028801, 'noise_stn_sigma': 5.5616229460643565, 'noise_gpe_sigma': 78.44098527600278, 'noise_gpi_sigma': 83.44363082946688, 'g_stn_gpe_mult': 2.545353979249132, 'g_gpe_stn_mult': 0.5707820502840845, 'g_stn_gpi_mult': 3.1162228654143265, 'g_gpe_gpi_mult': 0.969546236558267}. Best is trial 215 with value: 0.6300162530717475.
[I 2026-05-28 03:27:19,199] Trial 368 finished with value: 5.41541697106342 and parameters: {'ISTN': 64.50306585416782, 'I_gpe': 0.9505121517274144, 'I_gpi': 1.186920537586264, 'noise_stn_sigma': 5.4143176671131625, 'noise_gpe_sigma': 67.79562665776686, 'noise_gpi_sigma': 86.17411280966262, 'g_stn_gpe_mult': 2.93259590723951, 'g_gpe_stn_mult': 0.6218484805897937, 'g_stn_gpi_mult': 3.100919486938314, 'g_gpe_gpi_mult': 0.8965650206595785}. Best is trial 215 with value: 0.6300162530717475.
[I 2026-05-28 03:27:20,209] Trial 369 finished with value: 9.519789438497872 and parameters: {'ISTN': 70.53515547667465, 'I_gpe': 1.0141071083572981, 'I_gpi': 1.6616491197931014, 'noise_stn_sigma': 4.721424525831479, 'noise_gpe_sigma': 65.41402167299552, 'noise_gpi_sigma': 75.00755269083054, 'g_stn_gpe_mult': 2.4590474212369298, 'g_gpe_stn_mult': 0.6497072681849546, 'g_stn_gpi_mult': 3.240490111880653, 'g_gpe_gpi_mult': 0.8204868237613931}. Best is trial 215 with value: 0.6300162530717475.
[I 2026-05-28 03:27:21,218] Trial 370 finished with value: 7.928115593556407 and parameters: {'ISTN': 71.94004938089125, 'I_gpe': 1.0446421726318098, 'I_gpi': 1.1435401169824944, 'noise_stn_sigma': 4.274083882746279, 'noise_gpe_sigma': 76.39059558151669, 'noise_gpi_sigma': 93.02393731860538, 'g_stn_gpe_mult': 2.875721088789201, 'g_gpe_stn_mult': 0.6248171325372226, 'g_stn_gpi_mult': 3.0385254498696876, 'g_gpe_gpi_mult': 0.8317295844166017}. Best is trial 215 with value: 0.6300162530717475.
[I 2026-05-28 03:27:22,229] Trial 371 finished with value: 11.131616714459659 and parameters: {'ISTN': 64.93386946049897, 'I_gpe': 1.130406620830922, 'I_gpi': 1.3110083050736612, 'noise_stn_sigma': 4.188705531611775, 'noise_gpe_sigma': 69.51966464537257, 'noise_gpi_sigma': 82.48828373008766, 'g_stn_gpe_mult': 2.5927565920775275, 'g_gpe_stn_mult': 0.6171313472753926, 'g_stn_gpi_mult': 3.247977431778438, 'g_gpe_gpi_mult': 0.9024498643488608}. Best is trial 215 with value: 0.6300162530717475.
[I 2026-05-28 03:27:23,241] Trial 372 finished with value: 2.3874758576677237 and parameters: {'ISTN': 66.38818494240276, 'I_gpe': 0.959399173510602, 'I_gpi': 1.2587967419845103, 'noise_stn_sigma': 4.30078666438742, 'noise_gpe_sigma': 70.93574695741279, 'noise_gpi_sigma': 76.72424922668124, 'g_stn_gpe_mult': 2.0937151677881864, 'g_gpe_stn_mult': 0.6727676792036867, 'g_stn_gpi_mult': 3.244951875898101, 'g_gpe_gpi_mult': 0.8507388765196837}. Best is trial 215 with value: 0.6300162530717475.
[I 2026-05-28 03:27:24,251] Trial 373 finished with value: 11.727992386436725 and parameters: {'ISTN': 76.6838722956277, 'I_gpe': 1.3037288930163538, 'I_gpi': 1.2628445831688175, 'noise_stn_sigma': 4.802105301868092, 'noise_gpe_sigma': 74.28326979261777, 'noise_gpi_sigma': 95.5057974193881, 'g_stn_gpe_mult': 2.726814150341637, 'g_gpe_stn_mult': 0.7656315295156825, 'g_stn_gpi_mult': 3.511904848803856, 'g_gpe_gpi_mult': 0.9835361591041993}. Best is trial 215 with value: 0.6300162530717475.
[I 2026-05-28 03:27:25,260] Trial 374 finished with value: 13.20610142013301 and parameters: {'ISTN': 66.87997522878095, 'I_gpe': 1.4335236889364684, 'I_gpi': 1.3114392451152523, 'noise_stn_sigma': 4.87857865298069, 'noise_gpe_sigma': 65.62385075047025, 'noise_gpi_sigma': 65.80662484435796, 'g_stn_gpe_mult': 2.8001696946260184, 'g_gpe_stn_mult': 0.7136774925568937, 'g_stn_gpi_mult': 3.4791197691941167, 'g_gpe_gpi_mult': 0.8580673211377201}. Best is trial 215 with value: 0.6300162530717475.
[I 2026-05-28 03:27:26,270] Trial 375 finished with value: 2.84572526779417 and parameters: {'ISTN': 72.59625920823828, 'I_gpe': 1.0871807800939597, 'I_gpi': 1.094702335203571, 'noise_stn_sigma': 4.533383340372906, 'noise_gpe_sigma': 74.47103383496611, 'noise_gpi_sigma': 79.13124075238767, 'g_stn_gpe_mult': 2.690322796820348, 'g_gpe_stn_mult': 0.7214018479634354, 'g_stn_gpi_mult': 3.114598605623212, 'g_gpe_gpi_mult': 0.8448509986929427}. Best is trial 215 with value: 0.6300162530717475.
[I 2026-05-28 03:27:27,278] Trial 376 finished with value: 0.9454164952556919 and parameters: {'ISTN': 61.119772282990844, 'I_gpe': 1.1786363521384955, 'I_gpi': 1.3217778377394527, 'noise_stn_sigma': 4.886158169274004, 'noise_gpe_sigma': 69.56192954321378, 'noise_gpi_sigma': 89.02708596416232, 'g_stn_gpe_mult': 2.580524556698192, 'g_gpe_stn_mult': 0.666431322509435, 'g_stn_gpi_mult': 3.5137940780137096, 'g_gpe_gpi_mult': 0.8323074070233523}. Best is trial 215 with value: 0.6300162530717475.
[I 2026-05-28 03:27:28,288] Trial 377 finished with value: 3.401409791254628 and parameters: {'ISTN': 70.29054443555829, 'I_gpe': 1.0596470890719893, 'I_gpi': 1.3392308178836791, 'noise_stn_sigma': 4.624590717671742, 'noise_gpe_sigma': 78.87615426651512, 'noise_gpi_sigma': 94.31992824520928, 'g_stn_gpe_mult': 2.652470765038574, 'g_gpe_stn_mult': 0.7133302884168546, 'g_stn_gpi_mult': 3.2676037977767285, 'g_gpe_gpi_mult': 0.8212581927233613}. Best is trial 215 with value: 0.6300162530717475.
[I 2026-05-28 03:27:29,297] Trial 378 finished with value: 11.03318305499153 and parameters: {'ISTN': 76.98427073040541, 'I_gpe': 0.7892841231630896, 'I_gpi': 1.4660332646318375, 'noise_stn_sigma': 4.59269240583604, 'noise_gpe_sigma': 75.66826866669481, 'noise_gpi_sigma': 86.12706700944827, 'g_stn_gpe_mult': 2.6830029868131726, 'g_gpe_stn_mult': 0.6682415910881413, 'g_stn_gpi_mult': 2.8762914754773896, 'g_gpe_gpi_mult': 0.8440486509482934}. Best is trial 215 with value: 0.6300162530717475.
[I 2026-05-28 03:27:30,307] Trial 379 finished with value: 2.2929916802125 and parameters: {'ISTN': 61.826484322778505, 'I_gpe': 1.148857926109518, 'I_gpi': 1.4080947051318375, 'noise_stn_sigma': 4.210634739001539, 'noise_gpe_sigma': 77.30636809421543, 'noise_gpi_sigma': 67.22305872682738, 'g_stn_gpe_mult': 2.2646219197590307, 'g_gpe_stn_mult': 0.686031312950058, 'g_stn_gpi_mult': 3.289968932636014, 'g_gpe_gpi_mult': 1.006737921701092}. Best is trial 215 with value: 0.6300162530717475.
[I 2026-05-28 03:27:31,314] Trial 380 finished with value: 3.242439784651467 and parameters: {'ISTN': 72.92333073011886, 'I_gpe': 1.146198989987055, 'I_gpi': 1.3978476219921045, 'noise_stn_sigma': 4.773476477966317, 'noise_gpe_sigma': 86.16446908827658, 'noise_gpi_sigma': 90.78163583297427, 'g_stn_gpe_mult': 2.8536768579767657, 'g_gpe_stn_mult': 0.7341014157858392, 'g_stn_gpi_mult': 2.986759105826442, 'g_gpe_gpi_mult': 0.9508996743267444}. Best is trial 215 with value: 0.6300162530717475.
[I 2026-05-28 03:27:32,323] Trial 381 finished with value: 3.8647929920057047 and parameters: {'ISTN': 65.76732616813037, 'I_gpe': 1.300580872706409, 'I_gpi': 1.333068326362357, 'noise_stn_sigma': 4.676709014620186, 'noise_gpe_sigma': 72.28666693466356, 'noise_gpi_sigma': 76.2917974716701, 'g_stn_gpe_mult': 2.5817873326495304, 'g_gpe_stn_mult': 0.7119107932606863, 'g_stn_gpi_mult': 3.2514293989800667, 'g_gpe_gpi_mult': 0.9938875945306782}. Best is trial 215 with value: 0.6300162530717475.
[I 2026-05-28 03:27:33,330] Trial 382 finished with value: 11.972300161518765 and parameters: {'ISTN': 61.56391294431556, 'I_gpe': 1.5368129737603138, 'I_gpi': 1.0697124115603278, 'noise_stn_sigma': 4.859498113237109, 'noise_gpe_sigma': 61.06947092149251, 'noise_gpi_sigma': 69.1178340069826, 'g_stn_gpe_mult': 2.2706687859604537, 'g_gpe_stn_mult': 0.755662731722932, 'g_stn_gpi_mult': 3.5155656837292955, 'g_gpe_gpi_mult': 0.8250932299519573}. Best is trial 215 with value: 0.6300162530717475.
[I 2026-05-28 03:27:34,337] Trial 383 finished with value: 10.329790668912135 and parameters: {'ISTN': 68.48592815970125, 'I_gpe': 1.137205244308516, 'I_gpi': 1.3749423853276699, 'noise_stn_sigma': 3.9335752068032916, 'noise_gpe_sigma': 74.17472051894497, 'noise_gpi_sigma': 78.39574646767691, 'g_stn_gpe_mult': 2.0523522845234923, 'g_gpe_stn_mult': 0.6330915210586511, 'g_stn_gpi_mult': 3.7287923732377775, 'g_gpe_gpi_mult': 0.8892693071105064}. Best is trial 215 with value: 0.6300162530717475.
[I 2026-05-28 03:27:35,346] Trial 384 finished with value: 5.754427012795473 and parameters: {'ISTN': 69.15835113442768, 'I_gpe': 0.9818085795256022, 'I_gpi': 1.2514700601291682, 'noise_stn_sigma': 4.854844710991874, 'noise_gpe_sigma': 78.98846401873152, 'noise_gpi_sigma': 85.89501050663232, 'g_stn_gpe_mult': 2.3602415036375834, 'g_gpe_stn_mult': 0.7256357348302408, 'g_stn_gpi_mult': 3.42170338067572, 'g_gpe_gpi_mult': 0.9111503382666499}. Best is trial 215 with value: 0.6300162530717475.
[I 2026-05-28 03:27:36,356] Trial 385 finished with value: 3.668604780910907 and parameters: {'ISTN': 61.828392201273545, 'I_gpe': 1.2373755394179735, 'I_gpi': 1.594149084410942, 'noise_stn_sigma': 4.697570965924276, 'noise_gpe_sigma': 67.2685163582564, 'noise_gpi_sigma': 81.95652917398638, 'g_stn_gpe_mult': 2.4721830246415104, 'g_gpe_stn_mult': 0.6014715908703498, 'g_stn_gpi_mult': 3.3534350035752154, 'g_gpe_gpi_mult': 0.9089145363156284}. Best is trial 215 with value: 0.6300162530717475.
[I 2026-05-28 03:27:37,362] Trial 386 finished with value: 12.115457295590481 and parameters: {'ISTN': 62.451098709166786, 'I_gpe': 1.6490757882575222, 'I_gpi': 1.4789751387138144, 'noise_stn_sigma': 5.165604905899276, 'noise_gpe_sigma': 66.8685312983409, 'noise_gpi_sigma': 73.23881311753016, 'g_stn_gpe_mult': 2.7994351473746013, 'g_gpe_stn_mult': 0.7375161203780797, 'g_stn_gpi_mult': 3.122290059407473, 'g_gpe_gpi_mult': 0.7936182391151894}. Best is trial 215 with value: 0.6300162530717475.
[I 2026-05-28 03:27:38,371] Trial 387 finished with value: 6.962459450691979 and parameters: {'ISTN': 67.52725293990933, 'I_gpe': 1.2517230982249001, 'I_gpi': 1.5941427754369464, 'noise_stn_sigma': 4.579049514336052, 'noise_gpe_sigma': 73.528127255349, 'noise_gpi_sigma': 89.13493190520362, 'g_stn_gpe_mult': 2.5167746551497316, 'g_gpe_stn_mult': 0.6417994847783425, 'g_stn_gpi_mult': 3.3133334487863286, 'g_gpe_gpi_mult': 0.8036677514619792}. Best is trial 215 with value: 0.6300162530717475.
[I 2026-05-28 03:27:39,379] Trial 388 finished with value: 4.681164959018889 and parameters: {'ISTN': 62.46689828081184, 'I_gpe': 1.2256824607300145, 'I_gpi': 1.4874739681521316, 'noise_stn_sigma': 5.319731912741181, 'noise_gpe_sigma': 68.68077591052833, 'noise_gpi_sigma': 89.0731949870384, 'g_stn_gpe_mult': 2.402252545596722, 'g_gpe_stn_mult': 0.5903018966286173, 'g_stn_gpi_mult': 3.5446280000772963, 'g_gpe_gpi_mult': 0.9548803066685612}. Best is trial 215 with value: 0.6300162530717475.
[I 2026-05-28 03:27:40,387] Trial 389 finished with value: 0.5416938912216562 and parameters: {'ISTN': 63.046978416175314, 'I_gpe': 1.2900864717174698, 'I_gpi': 1.1659533540832072, 'noise_stn_sigma': 4.321960014720357, 'noise_gpe_sigma': 65.35457148723543, 'noise_gpi_sigma': 84.13219568401114, 'g_stn_gpe_mult': 2.5820678419323047, 'g_gpe_stn_mult': 0.6607652475406891, 'g_stn_gpi_mult': 3.289158462375245, 'g_gpe_gpi_mult': 0.8661081363151364}. Best is trial 389 with value: 0.5416938912216562.
[I 2026-05-28 03:27:41,393] Trial 390 finished with value: 6.0598404031209725 and parameters: {'ISTN': 61.05053824205336, 'I_gpe': 1.3333584369969158, 'I_gpi': 1.0727142229935254, 'noise_stn_sigma': 4.178039039751912, 'noise_gpe_sigma': 72.31418587212744, 'noise_gpi_sigma': 83.77442034328774, 'g_stn_gpe_mult': 2.694821827575536, 'g_gpe_stn_mult': 0.7292534559306212, 'g_stn_gpi_mult': 2.9810481782236815, 'g_gpe_gpi_mult': 0.8324130016226077}. Best is trial 389 with value: 0.5416938912216562.
[I 2026-05-28 03:27:42,401] Trial 391 finished with value: 0.4655629607252374 and parameters: {'ISTN': 61.505728390463766, 'I_gpe': 1.140847436840819, 'I_gpi': 1.1321335443391314, 'noise_stn_sigma': 4.5061346790707555, 'noise_gpe_sigma': 67.40529008074748, 'noise_gpi_sigma': 79.32884378191706, 'g_stn_gpe_mult': 2.2262421261256593, 'g_gpe_stn_mult': 0.718390204429518, 'g_stn_gpi_mult': 3.701497702972665, 'g_gpe_gpi_mult': 0.9180843963937668}. Best is trial 391 with value: 0.4655629607252374.
[I 2026-05-28 03:27:43,408] Trial 392 finished with value: 7.6026869167045 and parameters: {'ISTN': 64.39639721309929, 'I_gpe': 1.1181630280236594, 'I_gpi': 1.518767870914336, 'noise_stn_sigma': 4.369804180840225, 'noise_gpe_sigma': 70.20831642638908, 'noise_gpi_sigma': 76.88078481177061, 'g_stn_gpe_mult': 2.3224948759231374, 'g_gpe_stn_mult': 0.6073805272818594, 'g_stn_gpi_mult': 3.2043812473250237, 'g_gpe_gpi_mult': 0.8253476270164579}. Best is trial 391 with value: 0.4655629607252374.
[I 2026-05-28 03:27:44,416] Trial 393 finished with value: 4.722548657646268 and parameters: {'ISTN': 63.93088199197844, 'I_gpe': 0.9923413767842781, 'I_gpi': 1.245986495627109, 'noise_stn_sigma': 4.828550567540627, 'noise_gpe_sigma': 80.32156921694869, 'noise_gpi_sigma': 79.73831352609956, 'g_stn_gpe_mult': 2.547508212194853, 'g_gpe_stn_mult': 0.6124169002158136, 'g_stn_gpi_mult': 3.179003217862432, 'g_gpe_gpi_mult': 0.8583527934638726}. Best is trial 391 with value: 0.4655629607252374.
[I 2026-05-28 03:27:45,423] Trial 394 finished with value: 6.919281671666874 and parameters: {'ISTN': 63.690551829587875, 'I_gpe': 1.1320375775049625, 'I_gpi': 1.4309079385803378, 'noise_stn_sigma': 4.4043504394149116, 'noise_gpe_sigma': 71.3415293936374, 'noise_gpi_sigma': 91.28882832092475, 'g_stn_gpe_mult': 2.2903712270381202, 'g_gpe_stn_mult': 0.6625347094872094, 'g_stn_gpi_mult': 3.087154042649897, 'g_gpe_gpi_mult': 0.9471027282874449}. Best is trial 391 with value: 0.4655629607252374.
[I 2026-05-28 03:27:46,429] Trial 395 finished with value: 1.528088748558664 and parameters: {'ISTN': 62.78527297007236, 'I_gpe': 1.2749135052896199, 'I_gpi': 1.3065107280591213, 'noise_stn_sigma': 4.5648035785854315, 'noise_gpe_sigma': 68.83617956049066, 'noise_gpi_sigma': 82.44810996071803, 'g_stn_gpe_mult': 2.7224646402807435, 'g_gpe_stn_mult': 0.7269106938288372, 'g_stn_gpi_mult': 3.6459760282223277, 'g_gpe_gpi_mult': 1.005706170726439}. Best is trial 391 with value: 0.4655629607252374.
