[I 2026-05-28 03:59:31,349] Trial 264 finished with value: 0.22067515908617188 and parameters: {'ISTN': 64.8992806605036, 'I_gpe': 1.3896227264387437, 'I_gpi': 1.9794483413012878, 'noise_stn_sigma': 3.5051278539509685, 'noise_gpe_sigma': 96.83613463127337, 'noise_gpi_sigma': 87.08867780730954, 'g_stn_gpe_mult': 3.106821498952752, 'g_gpe_stn_mult': 0.10239642795200524, 'g_stn_gpi_mult': 2.740530217102419, 'g_gpe_gpi_mult': 0.3514106080858959}. Best is trial 255 with value: 0.15185591143488036.
[I 2026-05-28 03:59:32,353] Trial 265 finished with value: 0.2058939142765953 and parameters: {'ISTN': 65.80049523662349, 'I_gpe': 1.1247810125632065, 'I_gpi': 2.091482743235363, 'noise_stn_sigma': 2.776645909770502, 'noise_gpe_sigma': 92.20531831291979, 'noise_gpi_sigma': 93.85489001171398, 'g_stn_gpe_mult': 3.357255240297876, 'g_gpe_stn_mult': 0.10102252136979764, 'g_stn_gpi_mult': 2.4518340862786574, 'g_gpe_gpi_mult': 0.39750554225309065}. Best is trial 255 with value: 0.15185591143488036.
[I 2026-05-28 03:59:33,359] Trial 266 finished with value: 0.31180324430649703 and parameters: {'ISTN': 60.98595382091683, 'I_gpe': 1.1030213909528457, 'I_gpi': 2.183458780432221, 'noise_stn_sigma': 3.1365457958677934, 'noise_gpe_sigma': 86.04182596410206, 'noise_gpi_sigma': 82.69864266426728, 'g_stn_gpe_mult': 3.4930373333443154, 'g_gpe_stn_mult': 0.17248211861121587, 'g_stn_gpi_mult': 2.161612678591016, 'g_gpe_gpi_mult': 0.5063102006232687}. Best is trial 255 with value: 0.15185591143488036.
[I 2026-05-28 03:59:34,363] Trial 267 finished with value: 0.6278804869759456 and parameters: {'ISTN': 61.28725268545135, 'I_gpe': 1.1494411248158856, 'I_gpi': 1.9776392887923868, 'noise_stn_sigma': 3.280537156296978, 'noise_gpe_sigma': 98.08921097380663, 'noise_gpi_sigma': 75.9710409569621, 'g_stn_gpe_mult': 3.34053931356699, 'g_gpe_stn_mult': 0.10989406195778242, 'g_stn_gpi_mult': 2.3109851191546564, 'g_gpe_gpi_mult': 0.359650980749987}. Best is trial 255 with value: 0.15185591143488036.
[I 2026-05-28 03:59:35,368] Trial 268 finished with value: 0.18669869386383683 and parameters: {'ISTN': 62.71250692370709, 'I_gpe': 1.1547972189047466, 'I_gpi': 2.340809295358329, 'noise_stn_sigma': 3.452837161500891, 'noise_gpe_sigma': 101.20352186673186, 'noise_gpi_sigma': 83.83184439867652, 'g_stn_gpe_mult': 3.1935483678136567, 'g_gpe_stn_mult': 0.12221137872752472, 'g_stn_gpi_mult': 2.2763559926943415, 'g_gpe_gpi_mult': 0.4071590475262661}. Best is trial 255 with value: 0.15185591143488036.
[I 2026-05-28 03:59:36,375] Trial 269 finished with value: 0.21622487492244838 and parameters: {'ISTN': 61.73807393365682, 'I_gpe': 1.2158564762893889, 'I_gpi': 1.5865602287210265, 'noise_stn_sigma': 3.1429406049914177, 'noise_gpe_sigma': 96.76907383861992, 'noise_gpi_sigma': 76.50579534237087, 'g_stn_gpe_mult': 3.273543721108627, 'g_gpe_stn_mult': 0.12752279237977351, 'g_stn_gpi_mult': 2.5589219571907997, 'g_gpe_gpi_mult': 0.5317847559457547}. Best is trial 255 with value: 0.15185591143488036.
[I 2026-05-28 03:59:37,380] Trial 270 finished with value: 0.27421492322442115 and parameters: {'ISTN': 64.14000851308496, 'I_gpe': 1.31879101832944, 'I_gpi': 1.8578718919164754, 'noise_stn_sigma': 3.4762807905975643, 'noise_gpe_sigma': 87.4247560367596, 'noise_gpi_sigma': 77.182249171369, 'g_stn_gpe_mult': 3.044766574936678, 'g_gpe_stn_mult': 0.17156673441821896, 'g_stn_gpi_mult': 2.619879519188702, 'g_gpe_gpi_mult': 0.47988381492991616}. Best is trial 255 with value: 0.15185591143488036.
[I 2026-05-28 03:59:38,388] Trial 271 finished with value: 0.20632978382278835 and parameters: {'ISTN': 64.75771125919914, 'I_gpe': 1.2247030308541476, 'I_gpi': 2.347893770709409, 'noise_stn_sigma': 3.4927419699720565, 'noise_gpe_sigma': 94.41587431705949, 'noise_gpi_sigma': 85.29167891679985, 'g_stn_gpe_mult': 2.9835692690442337, 'g_gpe_stn_mult': 0.13012162391736293, 'g_stn_gpi_mult': 2.0304764980771193, 'g_gpe_gpi_mult': 0.37624834483116587}. Best is trial 255 with value: 0.15185591143488036.
[I 2026-05-28 03:59:39,393] Trial 272 finished with value: 0.18043418615301124 and parameters: {'ISTN': 63.13465521146284, 'I_gpe': 1.1734890689087147, 'I_gpi': 2.162366459809497, 'noise_stn_sigma': 3.4809426656307734, 'noise_gpe_sigma': 96.82964152027938, 'noise_gpi_sigma': 84.54679234702616, 'g_stn_gpe_mult': 3.6635181301672533, 'g_gpe_stn_mult': 0.1674825488321281, 'g_stn_gpi_mult': 2.4764323295263635, 'g_gpe_gpi_mult': 0.4400892722304467}. Best is trial 255 with value: 0.15185591143488036.
[I 2026-05-28 03:59:40,397] Trial 273 finished with value: 0.1993953180034858 and parameters: {'ISTN': 61.661879852153646, 'I_gpe': 1.4795707071410158, 'I_gpi': 2.238260212956285, 'noise_stn_sigma': 3.129891436345387, 'noise_gpe_sigma': 94.07931867149077, 'noise_gpi_sigma': 81.98063893831682, 'g_stn_gpe_mult': 3.401354726779213, 'g_gpe_stn_mult': 0.14903061868468845, 'g_stn_gpi_mult': 2.3132178927295204, 'g_gpe_gpi_mult': 0.4105766328201086}. Best is trial 255 with value: 0.15185591143488036.
[I 2026-05-28 03:59:41,403] Trial 274 finished with value: 0.1980300189974328 and parameters: {'ISTN': 64.34846602430912, 'I_gpe': 1.4732697870977016, 'I_gpi': 2.0927707668246, 'noise_stn_sigma': 3.2732650490958908, 'noise_gpe_sigma': 101.24014122757617, 'noise_gpi_sigma': 86.21314544015807, 'g_stn_gpe_mult': 2.9260979998354313, 'g_gpe_stn_mult': 0.14839440903706377, 'g_stn_gpi_mult': 2.557704556380399, 'g_gpe_gpi_mult': 0.41452478145143046}. Best is trial 255 with value: 0.15185591143488036.
[I 2026-05-28 03:59:42,410] Trial 275 finished with value: 0.1577878286458916 and parameters: {'ISTN': 61.367925407768546, 'I_gpe': 1.2525399786287919, 'I_gpi': 2.1235934184519367, 'noise_stn_sigma': 3.6288742460879595, 'noise_gpe_sigma': 93.94226082128716, 'noise_gpi_sigma': 82.3384547562209, 'g_stn_gpe_mult': 3.2600191840227497, 'g_gpe_stn_mult': 0.1491739931771798, 'g_stn_gpi_mult': 2.3907235717378135, 'g_gpe_gpi_mult': 0.5547876092279744}. Best is trial 255 with value: 0.15185591143488036.
[I 2026-05-28 03:59:43,413] Trial 276 finished with value: 0.21915255379769044 and parameters: {'ISTN': 67.7224744455801, 'I_gpe': 0.9686153736815213, 'I_gpi': 1.8379695301313088, 'noise_stn_sigma': 3.2766863782275824, 'noise_gpe_sigma': 97.15126339498718, 'noise_gpi_sigma': 87.29611956680259, 'g_stn_gpe_mult': 3.1341907343491533, 'g_gpe_stn_mult': 0.10746181062371615, 'g_stn_gpi_mult': 2.1482657646498353, 'g_gpe_gpi_mult': 0.44317902623471506}. Best is trial 255 with value: 0.15185591143488036.
[I 2026-05-28 03:59:44,417] Trial 277 finished with value: 0.17359864032260672 and parameters: {'ISTN': 63.993196089490574, 'I_gpe': 1.153674333327922, 'I_gpi': 1.9136447989350396, 'noise_stn_sigma': 2.815908328204232, 'noise_gpe_sigma': 107.46212949718628, 'noise_gpi_sigma': 91.46741174286467, 'g_stn_gpe_mult': 2.934854018239985, 'g_gpe_stn_mult': 0.10679613722351464, 'g_stn_gpi_mult': 2.2946493284735348, 'g_gpe_gpi_mult': 0.43895919401253186}. Best is trial 255 with value: 0.15185591143488036.
[I 2026-05-28 03:59:45,422] Trial 278 finished with value: 0.1901352320952857 and parameters: {'ISTN': 62.41290971689375, 'I_gpe': 1.195047230559792, 'I_gpi': 1.9560914607771773, 'noise_stn_sigma': 3.53500258296723, 'noise_gpe_sigma': 88.67087031496646, 'noise_gpi_sigma': 68.64732678252543, 'g_stn_gpe_mult': 3.32725319392091, 'g_gpe_stn_mult': 0.19370492802705735, 'g_stn_gpi_mult': 2.4512531393295176, 'g_gpe_gpi_mult': 0.5425794667200134}. Best is trial 255 with value: 0.15185591143488036.
[I 2026-05-28 03:59:46,429] Trial 279 finished with value: 0.18819586795141124 and parameters: {'ISTN': 61.55728862990736, 'I_gpe': 0.9482704706628182, 'I_gpi': 2.1253658987976243, 'noise_stn_sigma': 3.9936115560210705, 'noise_gpe_sigma': 101.24950773515233, 'noise_gpi_sigma': 72.06477902755735, 'g_stn_gpe_mult': 2.8137732593521627, 'g_gpe_stn_mult': 0.11016722227891987, 'g_stn_gpi_mult': 2.542399825022028, 'g_gpe_gpi_mult': 0.3666976537788847}. Best is trial 255 with value: 0.15185591143488036.
[I 2026-05-28 03:59:47,436] Trial 280 finished with value: 0.759872317199412 and parameters: {'ISTN': 60.346515206614704, 'I_gpe': 0.8727213218450094, 'I_gpi': 1.9948163718206238, 'noise_stn_sigma': 3.4832199468589766, 'noise_gpe_sigma': 106.45619676333047, 'noise_gpi_sigma': 76.73637068762125, 'g_stn_gpe_mult': 3.45749890565122, 'g_gpe_stn_mult': 0.10766731255824236, 'g_stn_gpi_mult': 2.394392515136009, 'g_gpe_gpi_mult': 0.3465833579648396}. Best is trial 255 with value: 0.15185591143488036.
[I 2026-05-28 03:59:48,442] Trial 281 finished with value: 0.1768948625355388 and parameters: {'ISTN': 64.80457812514368, 'I_gpe': 1.1747977645680192, 'I_gpi': 2.1410290489107338, 'noise_stn_sigma': 2.863977083339355, 'noise_gpe_sigma': 107.75776159541336, 'noise_gpi_sigma': 83.36941254843589, 'g_stn_gpe_mult': 3.285226124060783, 'g_gpe_stn_mult': 0.14268202384848092, 'g_stn_gpi_mult': 2.3003963087068136, 'g_gpe_gpi_mult': 0.4866030330088936}. Best is trial 255 with value: 0.15185591143488036.
[I 2026-05-28 03:59:49,446] Trial 282 finished with value: 0.19348430148215737 and parameters: {'ISTN': 62.128237401984535, 'I_gpe': 1.28793216442633, 'I_gpi': 2.3224971043108855, 'noise_stn_sigma': 3.4956214547119147, 'noise_gpe_sigma': 98.44389285455713, 'noise_gpi_sigma': 85.64757936931123, 'g_stn_gpe_mult': 2.949840227774022, 'g_gpe_stn_mult': 0.13432869454078206, 'g_stn_gpi_mult': 2.5136947130972236, 'g_gpe_gpi_mult': 0.4935429919053918}. Best is trial 255 with value: 0.15185591143488036.
[I 2026-05-28 03:59:50,451] Trial 283 finished with value: 0.17435475701853106 and parameters: {'ISTN': 63.38418186425923, 'I_gpe': 1.1258624403234054, 'I_gpi': 1.9838562316085735, 'noise_stn_sigma': 2.5577458350573448, 'noise_gpe_sigma': 96.65095317235928, 'noise_gpi_sigma': 84.38201671715122, 'g_stn_gpe_mult': 3.3832862737547016, 'g_gpe_stn_mult': 0.16193473265397415, 'g_stn_gpi_mult': 2.4418444281449476, 'g_gpe_gpi_mult': 0.3777852226957977}. Best is trial 255 with value: 0.15185591143488036.
[I 2026-05-28 03:59:51,455] Trial 284 finished with value: 0.3066950974576113 and parameters: {'ISTN': 67.51249518623816, 'I_gpe': 1.1947611254048647, 'I_gpi': 1.7486774317464344, 'noise_stn_sigma': 3.0879127578004755, 'noise_gpe_sigma': 94.17634536987363, 'noise_gpi_sigma': 93.79043909406346, 'g_stn_gpe_mult': 3.3349868633685924, 'g_gpe_stn_mult': 0.13733169776515947, 'g_stn_gpi_mult': 2.638506067419845, 'g_gpe_gpi_mult': 0.42992797580681025}. Best is trial 255 with value: 0.15185591143488036.
[I 2026-05-28 03:59:52,458] Trial 285 finished with value: 0.18055066732276007 and parameters: {'ISTN': 62.846251835532996, 'I_gpe': 1.274803051486805, 'I_gpi': 2.134429311828562, 'noise_stn_sigma': 3.0498557997758318, 'noise_gpe_sigma': 97.28311267929, 'noise_gpi_sigma': 81.33646545694614, 'g_stn_gpe_mult': 3.4654023976588553, 'g_gpe_stn_mult': 0.16733206536301098, 'g_stn_gpi_mult': 2.4444122237816637, 'g_gpe_gpi_mult': 0.49486016763711854}. Best is trial 255 with value: 0.15185591143488036.
[I 2026-05-28 03:59:53,465] Trial 286 finished with value: 0.1754816815874931 and parameters: {'ISTN': 63.22023205778375, 'I_gpe': 1.2089629653275085, 'I_gpi': 2.154355187160524, 'noise_stn_sigma': 3.3724466955738754, 'noise_gpe_sigma': 99.15224710005424, 'noise_gpi_sigma': 81.54069320393816, 'g_stn_gpe_mult': 3.0381224702255287, 'g_gpe_stn_mult': 0.12200217843072207, 'g_stn_gpi_mult': 2.0971322128056173, 'g_gpe_gpi_mult': 0.5640425927231862}. Best is trial 255 with value: 0.15185591143488036.
[I 2026-05-28 03:59:54,470] Trial 287 finished with value: 0.1844941445721267 and parameters: {'ISTN': 61.90252929372845, 'I_gpe': 1.2285066479212912, 'I_gpi': 1.87659163681785, 'noise_stn_sigma': 3.1223813525099215, 'noise_gpe_sigma': 89.09770078821477, 'noise_gpi_sigma': 79.9781895298502, 'g_stn_gpe_mult': 3.477973656462857, 'g_gpe_stn_mult': 0.1846628134040348, 'g_stn_gpi_mult': 2.248186677731783, 'g_gpe_gpi_mult': 0.5298028584930106}. Best is trial 255 with value: 0.15185591143488036.
[I 2026-05-28 03:59:55,474] Trial 288 finished with value: 0.18753282766916274 and parameters: {'ISTN': 63.51191109137533, 'I_gpe': 1.223396209632662, 'I_gpi': 2.16977120344159, 'noise_stn_sigma': 2.7849584422923606, 'noise_gpe_sigma': 95.70705786109042, 'noise_gpi_sigma': 87.65685747964869, 'g_stn_gpe_mult': 3.3967143582980026, 'g_gpe_stn_mult': 0.13980664717138935, 'g_stn_gpi_mult': 2.5133181029101688, 'g_gpe_gpi_mult': 0.4058816442036306}. Best is trial 255 with value: 0.15185591143488036.
[I 2026-05-28 03:59:56,477] Trial 289 finished with value: 0.17999359791247313 and parameters: {'ISTN': 61.32395069010752, 'I_gpe': 1.1174055055623864, 'I_gpi': 2.223753425089482, 'noise_stn_sigma': 3.520238550575054, 'noise_gpe_sigma': 104.33529744272026, 'noise_gpi_sigma': 77.95365195296341, 'g_stn_gpe_mult': 3.0693708337685246, 'g_gpe_stn_mult': 0.1576578943040573, 'g_stn_gpi_mult': 2.5611639691225787, 'g_gpe_gpi_mult': 0.38212038808052096}. Best is trial 255 with value: 0.15185591143488036.
[I 2026-05-28 03:59:57,483] Trial 290 finished with value: 0.22522526359168732 and parameters: {'ISTN': 63.04470299533955, 'I_gpe': 1.5056927317520707, 'I_gpi': 1.7994842311971768, 'noise_stn_sigma': 2.7224926427243004, 'noise_gpe_sigma': 101.61880620822568, 'noise_gpi_sigma': 83.75521199807169, 'g_stn_gpe_mult': 3.2508816290651468, 'g_gpe_stn_mult': 0.12841323952744235, 'g_stn_gpi_mult': 2.3376506798518957, 'g_gpe_gpi_mult': 0.4166197523489289}. Best is trial 255 with value: 0.15185591143488036.
[I 2026-05-28 03:59:58,488] Trial 291 finished with value: 0.24554211834789272 and parameters: {'ISTN': 64.47251975645543, 'I_gpe': 0.7912099881143007, 'I_gpi': 2.0367545909195806, 'noise_stn_sigma': 3.481076974729669, 'noise_gpe_sigma': 92.566323013564, 'noise_gpi_sigma': 77.7085332370797, 'g_stn_gpe_mult': 3.346739595203993, 'g_gpe_stn_mult': 0.11764026339536829, 'g_stn_gpi_mult': 2.4537655670978618, 'g_gpe_gpi_mult': 0.5025886003289859}. Best is trial 255 with value: 0.15185591143488036.
[I 2026-05-28 03:59:59,494] Trial 292 finished with value: 0.14887947773842136 and parameters: {'ISTN': 61.926323482407504, 'I_gpe': 1.1154095205370989, 'I_gpi': 2.06296421957683, 'noise_stn_sigma': 2.9572095232675064, 'noise_gpe_sigma': 100.78697229091058, 'noise_gpi_sigma': 80.40268911899244, 'g_stn_gpe_mult': 3.0522147469198764, 'g_gpe_stn_mult': 0.11534091297679716, 'g_stn_gpi_mult': 2.1531685492497945, 'g_gpe_gpi_mult': 0.39678417784910214}. Best is trial 292 with value: 0.14887947773842136.
[I 2026-05-28 04:00:00,496] Trial 293 finished with value: 0.1792532972483473 and parameters: {'ISTN': 63.016581212777524, 'I_gpe': 1.2614179590583068, 'I_gpi': 2.136423036983743, 'noise_stn_sigma': 2.854321657366808, 'noise_gpe_sigma': 103.97694991965975, 'noise_gpi_sigma': 84.83761210588861, 'g_stn_gpe_mult': 3.2595070655518503, 'g_gpe_stn_mult': 0.14621538215452148, 'g_stn_gpi_mult': 2.5357028414632112, 'g_gpe_gpi_mult': 0.4624454854474322}. Best is trial 292 with value: 0.14887947773842136.
[I 2026-05-28 04:00:01,503] Trial 294 finished with value: 0.2274127285503331 and parameters: {'ISTN': 60.41591800969499, 'I_gpe': 1.6430580660647838, 'I_gpi': 2.0148867712355436, 'noise_stn_sigma': 3.1042489891521057, 'noise_gpe_sigma': 98.8571248798302, 'noise_gpi_sigma': 79.79374480267175, 'g_stn_gpe_mult': 3.0961596883924485, 'g_gpe_stn_mult': 0.1740666838864014, 'g_stn_gpi_mult': 2.2129532460090466, 'g_gpe_gpi_mult': 0.4711336701950643}. Best is trial 292 with value: 0.14887947773842136.
[I 2026-05-28 04:00:02,508] Trial 295 finished with value: 0.1625733073097679 and parameters: {'ISTN': 61.69298738697387, 'I_gpe': 0.9870196598072032, 'I_gpi': 2.010541534182843, 'noise_stn_sigma': 2.406535200723669, 'noise_gpe_sigma': 101.74036028956243, 'noise_gpi_sigma': 79.56667554989971, 'g_stn_gpe_mult': 3.4608743834886324, 'g_gpe_stn_mult': 0.1786059682676756, 'g_stn_gpi_mult': 2.3079174069811565, 'g_gpe_gpi_mult': 0.4782134714995245}. Best is trial 292 with value: 0.14887947773842136.
[I 2026-05-28 04:00:03,512] Trial 296 finished with value: 0.23240542287230145 and parameters: {'ISTN': 64.5822792082665, 'I_gpe': 0.8765983181166273, 'I_gpi': 1.9477294740630722, 'noise_stn_sigma': 3.259855309574477, 'noise_gpe_sigma': 99.05725119269464, 'noise_gpi_sigma': 87.10613011568785, 'g_stn_gpe_mult': 2.9174546892687045, 'g_gpe_stn_mult': 0.1185592574619242, 'g_stn_gpi_mult': 2.204123701280077, 'g_gpe_gpi_mult': 0.38566702596187025}. Best is trial 292 with value: 0.14887947773842136.
[I 2026-05-28 04:00:04,515] Trial 297 finished with value: 0.22531409771258937 and parameters: {'ISTN': 66.86177132833309, 'I_gpe': 1.0870872386138597, 'I_gpi': 2.2387617271205094, 'noise_stn_sigma': 3.4844649436624553, 'noise_gpe_sigma': 103.89837842102548, 'noise_gpi_sigma': 78.1045577136486, 'g_stn_gpe_mult': 3.2440192306345907, 'g_gpe_stn_mult': 0.1246035362505312, 'g_stn_gpi_mult': 2.3285657013357692, 'g_gpe_gpi_mult': 0.4870222696316503}. Best is trial 292 with value: 0.14887947773842136.
[I 2026-05-28 04:00:05,518] Trial 298 finished with value: 0.17874021684270033 and parameters: {'ISTN': 62.498567321118244, 'I_gpe': 1.020950208203404, 'I_gpi': 1.9317756735406788, 'noise_stn_sigma': 2.8743816692181485, 'noise_gpe_sigma': 101.22344290429923, 'noise_gpi_sigma': 75.51639410506509, 'g_stn_gpe_mult': 3.4424332934880364, 'g_gpe_stn_mult': 0.17073251099103465, 'g_stn_gpi_mult': 2.549056759254634, 'g_gpe_gpi_mult': 0.4216660579742567}. Best is trial 292 with value: 0.14887947773842136.
[I 2026-05-28 04:00:06,522] Trial 299 finished with value: 0.19518278825612229 and parameters: {'ISTN': 65.75791739756382, 'I_gpe': 1.143584355416158, 'I_gpi': 1.9668741106715304, 'noise_stn_sigma': 2.940846207556752, 'noise_gpe_sigma': 101.87196793290337, 'noise_gpi_sigma': 76.98193088187162, 'g_stn_gpe_mult': 3.3840407176113145, 'g_gpe_stn_mult': 0.14270110031476146, 'g_stn_gpi_mult': 2.411624916130681, 'g_gpe_gpi_mult': 0.4848480524847784}. Best is trial 292 with value: 0.14887947773842136.
[I 2026-05-28 04:00:07,527] Trial 300 finished with value: 0.19585070656428055 and parameters: {'ISTN': 66.42458617496345, 'I_gpe': 1.0643522584251648, 'I_gpi': 2.0701821140775354, 'noise_stn_sigma': 2.8285081367130527, 'noise_gpe_sigma': 102.55831768190407, 'noise_gpi_sigma': 78.24805707166786, 'g_stn_gpe_mult': 3.1951942628398937, 'g_gpe_stn_mult': 0.13401787217647573, 'g_stn_gpi_mult': 2.4026547494142045, 'g_gpe_gpi_mult': 0.44329063591602047}. Best is trial 292 with value: 0.14887947773842136.
[I 2026-05-28 04:00:08,533] Trial 301 finished with value: 0.3005792570093665 and parameters: {'ISTN': 61.303901819653866, 'I_gpe': 0.8618070645398765, 'I_gpi': 1.9754721626330964, 'noise_stn_sigma': 3.009116859959009, 'noise_gpe_sigma': 103.8335281345125, 'noise_gpi_sigma': 83.52185574266278, 'g_stn_gpe_mult': 3.626071804357912, 'g_gpe_stn_mult': 0.14940428623680732, 'g_stn_gpi_mult': 2.3271902420808166, 'g_gpe_gpi_mult': 0.3626366222595661}. Best is trial 292 with value: 0.14887947773842136.
[I 2026-05-28 04:00:09,537] Trial 302 finished with value: 0.1804789057655931 and parameters: {'ISTN': 62.291302626100375, 'I_gpe': 0.8402843599987074, 'I_gpi': 1.9531776143167408, 'noise_stn_sigma': 3.0865056754886973, 'noise_gpe_sigma': 103.70314774175537, 'noise_gpi_sigma': 77.997400351876, 'g_stn_gpe_mult': 3.400505723954287, 'g_gpe_stn_mult': 0.11949960208543528, 'g_stn_gpi_mult': 2.41317979820567, 'g_gpe_gpi_mult': 0.395515085526699}. Best is trial 292 with value: 0.14887947773842136.
[I 2026-05-28 04:00:10,541] Trial 303 finished with value: 0.1650054229640673 and parameters: {'ISTN': 62.32586988034459, 'I_gpe': 1.0481261589418382, 'I_gpi': 2.030075698530821, 'noise_stn_sigma': 2.611940678337918, 'noise_gpe_sigma': 99.90459397899077, 'noise_gpi_sigma': 88.6281063636432, 'g_stn_gpe_mult': 2.975566082429981, 'g_gpe_stn_mult': 0.11065238532346175, 'g_stn_gpi_mult': 2.126066641414995, 'g_gpe_gpi_mult': 0.46215048103959805}. Best is trial 292 with value: 0.14887947773842136.
[I 2026-05-28 04:00:11,549] Trial 304 finished with value: 0.22624470757310072 and parameters: {'ISTN': 63.01970671777695, 'I_gpe': 1.182595435884007, 'I_gpi': 2.4105912320134273, 'noise_stn_sigma': 3.057236481051543, 'noise_gpe_sigma': 98.93120099454141, 'noise_gpi_sigma': 72.922864993883, 'g_stn_gpe_mult': 3.4219372147810105, 'g_gpe_stn_mult': 0.1500829011071357, 'g_stn_gpi_mult': 2.25068782972673, 'g_gpe_gpi_mult': 0.452331875355593}. Best is trial 292 with value: 0.14887947773842136.
[I 2026-05-28 04:00:12,555] Trial 305 finished with value: 0.19225500544301544 and parameters: {'ISTN': 62.13091151713579, 'I_gpe': 0.7866342341068643, 'I_gpi': 1.8983668542674688, 'noise_stn_sigma': 2.4465574829924623, 'noise_gpe_sigma': 103.89823202551065, 'noise_gpi_sigma': 78.5949974725701, 'g_stn_gpe_mult': 3.3080219071456094, 'g_gpe_stn_mult': 0.15459869480158356, 'g_stn_gpi_mult': 2.3928114875157322, 'g_gpe_gpi_mult': 0.459847745411995}. Best is trial 292 with value: 0.14887947773842136.
[I 2026-05-28 04:00:13,557] Trial 306 finished with value: 0.16580068944767087 and parameters: {'ISTN': 62.478863395962904, 'I_gpe': 1.1263596038759334, 'I_gpi': 2.0537809296261704, 'noise_stn_sigma': 3.413403812610803, 'noise_gpe_sigma': 97.91813213843027, 'noise_gpi_sigma': 77.07043282004273, 'g_stn_gpe_mult': 3.2870996623622855, 'g_gpe_stn_mult': 0.13892533752510097, 'g_stn_gpi_mult': 2.2317941112876567, 'g_gpe_gpi_mult': 0.47331340396881244}. Best is trial 292 with value: 0.14887947773842136.
[I 2026-05-28 04:00:14,561] Trial 307 finished with value: 0.16414306838634765 and parameters: {'ISTN': 60.150571352499696, 'I_gpe': 1.1142372648372956, 'I_gpi': 1.9590305453525008, 'noise_stn_sigma': 2.418915390161966, 'noise_gpe_sigma': 103.0503506860464, 'noise_gpi_sigma': 81.09416882414699, 'g_stn_gpe_mult': 3.2306583825991178, 'g_gpe_stn_mult': 0.13746016818690027, 'g_stn_gpi_mult': 2.382228871577917, 'g_gpe_gpi_mult': 0.41686440754390824}. Best is trial 292 with value: 0.14887947773842136.
