[I 2026-05-28 03:35:10,922] Trial 836 finished with value: 0.6980986772218342 and parameters: {'ISTN': 63.97622014723807, 'I_gpe': 0.8606503394996969, 'I_gpi': 2.299051865179896, 'noise_stn_sigma': 5.455431670026755, 'noise_gpe_sigma': 72.35400670055279, 'noise_gpi_sigma': 124.56766135271279, 'g_stn_gpe_mult': 2.3258306888567173, 'g_gpe_stn_mult': 0.6708794408110017, 'g_stn_gpi_mult': 3.57142373221781, 'g_gpe_gpi_mult': 0.7807514458942122}. Best is trial 410 with value: 0.4608635463245284.
[I 2026-05-28 03:35:11,930] Trial 837 finished with value: 0.5014864615678233 and parameters: {'ISTN': 62.09601277029904, 'I_gpe': 0.9026954478061024, 'I_gpi': 2.2714665950053665, 'noise_stn_sigma': 5.459257750633006, 'noise_gpe_sigma': 81.77673957100012, 'noise_gpi_sigma': 124.48425240352121, 'g_stn_gpe_mult': 2.151463042095112, 'g_gpe_stn_mult': 0.6906025139573402, 'g_stn_gpi_mult': 3.3747822644594603, 'g_gpe_gpi_mult': 0.8734166666188024}. Best is trial 410 with value: 0.4608635463245284.
[I 2026-05-28 03:35:12,938] Trial 838 finished with value: 2.7873679086766248 and parameters: {'ISTN': 63.370230012790635, 'I_gpe': 0.8366680944382319, 'I_gpi': 2.402864652628891, 'noise_stn_sigma': 5.471025269758592, 'noise_gpe_sigma': 80.25417225367427, 'noise_gpi_sigma': 117.96776232415709, 'g_stn_gpe_mult': 2.141861638348607, 'g_gpe_stn_mult': 0.7144514235134601, 'g_stn_gpi_mult': 3.587338686115486, 'g_gpe_gpi_mult': 0.9041943188459425}. Best is trial 410 with value: 0.4608635463245284.
[I 2026-05-28 03:35:13,948] Trial 839 finished with value: 5.676763382975752 and parameters: {'ISTN': 62.130929865683385, 'I_gpe': 0.6254661888938974, 'I_gpi': 2.6381240689430685, 'noise_stn_sigma': 6.125660302376297, 'noise_gpe_sigma': 81.27757266224556, 'noise_gpi_sigma': 134.67120162175826, 'g_stn_gpe_mult': 2.1739902878157866, 'g_gpe_stn_mult': 0.6436010702075036, 'g_stn_gpi_mult': 3.5825208936987707, 'g_gpe_gpi_mult': 0.9754773657525573}. Best is trial 410 with value: 0.4608635463245284.
[I 2026-05-28 03:35:14,955] Trial 840 finished with value: 2.5253360077586304 and parameters: {'ISTN': 65.54245150635965, 'I_gpe': 0.8478943763563667, 'I_gpi': 2.301874036719929, 'noise_stn_sigma': 5.1310653664203265, 'noise_gpe_sigma': 72.88783963274096, 'noise_gpi_sigma': 120.02869404163032, 'g_stn_gpe_mult': 2.256379583554373, 'g_gpe_stn_mult': 0.7417461196866879, 'g_stn_gpi_mult': 3.7199846830853964, 'g_gpe_gpi_mult': 0.8500508402768887}. Best is trial 410 with value: 0.4608635463245284.
[I 2026-05-28 03:35:15,964] Trial 841 finished with value: 5.937441289728546 and parameters: {'ISTN': 64.39202392428537, 'I_gpe': 0.9083287566131202, 'I_gpi': 2.213367321188268, 'noise_stn_sigma': 5.615093048673929, 'noise_gpe_sigma': 77.55256742777038, 'noise_gpi_sigma': 127.36850764815044, 'g_stn_gpe_mult': 2.242714793778809, 'g_gpe_stn_mult': 0.7065311181541806, 'g_stn_gpi_mult': 3.4021975176723744, 'g_gpe_gpi_mult': 0.8561867960259084}. Best is trial 410 with value: 0.4608635463245284.
[I 2026-05-28 03:35:16,974] Trial 842 finished with value: 2.7663023150237382 and parameters: {'ISTN': 65.09073979390564, 'I_gpe': 0.8651148117841017, 'I_gpi': 2.1716929370794826, 'noise_stn_sigma': 5.956941628539697, 'noise_gpe_sigma': 80.59416740555693, 'noise_gpi_sigma': 123.80604294425025, 'g_stn_gpe_mult': 2.216822524369838, 'g_gpe_stn_mult': 0.6688891496801813, 'g_stn_gpi_mult': 3.5518900254308257, 'g_gpe_gpi_mult': 0.9109253687433745}. Best is trial 410 with value: 0.4608635463245284.
[I 2026-05-28 03:35:17,981] Trial 843 finished with value: 1.7144155717557499 and parameters: {'ISTN': 63.68111264643555, 'I_gpe': 0.9537219274767714, 'I_gpi': 2.366528473273808, 'noise_stn_sigma': 5.212742839161077, 'noise_gpe_sigma': 75.35073307975239, 'noise_gpi_sigma': 118.83196144226737, 'g_stn_gpe_mult': 2.263857892618386, 'g_gpe_stn_mult': 0.7288536526594688, 'g_stn_gpi_mult': 3.508687326505238, 'g_gpe_gpi_mult': 0.8232709512463465}. Best is trial 410 with value: 0.4608635463245284.
[I 2026-05-28 03:35:18,990] Trial 844 finished with value: 2.2943495423593587 and parameters: {'ISTN': 61.89258714458339, 'I_gpe': 0.7246331222311351, 'I_gpi': 2.293501113924354, 'noise_stn_sigma': 5.121551865467497, 'noise_gpe_sigma': 87.22802784845369, 'noise_gpi_sigma': 123.98842597442786, 'g_stn_gpe_mult': 2.2587391616246983, 'g_gpe_stn_mult': 0.6792611405251657, 'g_stn_gpi_mult': 3.314377462267245, 'g_gpe_gpi_mult': 0.8742506929223615}. Best is trial 410 with value: 0.4608635463245284.
[I 2026-05-28 03:35:19,999] Trial 845 finished with value: 0.9972453080913541 and parameters: {'ISTN': 64.37494447133793, 'I_gpe': 0.8347701968528026, 'I_gpi': 2.123597493052526, 'noise_stn_sigma': 5.122983140735225, 'noise_gpe_sigma': 79.9459423230814, 'noise_gpi_sigma': 119.04818901181697, 'g_stn_gpe_mult': 2.115418757471181, 'g_gpe_stn_mult': 0.7000241600126382, 'g_stn_gpi_mult': 3.504429929046247, 'g_gpe_gpi_mult': 0.8118762639571029}. Best is trial 410 with value: 0.4608635463245284.
[I 2026-05-28 03:35:21,006] Trial 846 finished with value: 8.317236025654955 and parameters: {'ISTN': 61.54504410566728, 'I_gpe': 0.9617102548392039, 'I_gpi': 2.487377403849984, 'noise_stn_sigma': 5.646601800341286, 'noise_gpe_sigma': 77.39171892337927, 'noise_gpi_sigma': 114.60702433796646, 'g_stn_gpe_mult': 2.235582275312009, 'g_gpe_stn_mult': 0.6085711888190972, 'g_stn_gpi_mult': 3.4406289516638973, 'g_gpe_gpi_mult': 0.9328986520873033}. Best is trial 410 with value: 0.4608635463245284.
[I 2026-05-28 03:35:22,014] Trial 847 finished with value: 2.7596205607323228 and parameters: {'ISTN': 62.856948129479704, 'I_gpe': 0.8398585513080961, 'I_gpi': 2.301821827121025, 'noise_stn_sigma': 5.263139585988207, 'noise_gpe_sigma': 81.8631123075181, 'noise_gpi_sigma': 123.73424828963667, 'g_stn_gpe_mult': 2.132529830022258, 'g_gpe_stn_mult': 0.7732680367816354, 'g_stn_gpi_mult': 3.602372690410541, 'g_gpe_gpi_mult': 0.8527996542828717}. Best is trial 410 with value: 0.4608635463245284.
[I 2026-05-28 03:35:23,023] Trial 848 finished with value: 9.984218253605208 and parameters: {'ISTN': 65.04335598966858, 'I_gpe': 0.9466668352904251, 'I_gpi': 2.344552113085764, 'noise_stn_sigma': 4.926410110221303, 'noise_gpe_sigma': 80.8905085228725, 'noise_gpi_sigma': 120.73402396944252, 'g_stn_gpe_mult': 2.186424763336256, 'g_gpe_stn_mult': 0.7223768184558266, 'g_stn_gpi_mult': 3.256502503509111, 'g_gpe_gpi_mult': 0.816375285676129}. Best is trial 410 with value: 0.4608635463245284.
[I 2026-05-28 03:35:24,032] Trial 849 finished with value: 2.893246395287348 and parameters: {'ISTN': 62.38749628379934, 'I_gpe': 0.9012380594221023, 'I_gpi': 2.1639808470443898, 'noise_stn_sigma': 5.10813427290988, 'noise_gpe_sigma': 88.00640285206433, 'noise_gpi_sigma': 122.5489434420346, 'g_stn_gpe_mult': 2.095984627075915, 'g_gpe_stn_mult': 0.6461698888595884, 'g_stn_gpi_mult': 3.4795702114418914, 'g_gpe_gpi_mult': 0.8944711401165741}. Best is trial 410 with value: 0.4608635463245284.
[I 2026-05-28 03:35:25,040] Trial 850 finished with value: 0.7868510630152236 and parameters: {'ISTN': 66.2354799497499, 'I_gpe': 0.8495934632965688, 'I_gpi': 2.132019215860841, 'noise_stn_sigma': 6.033851337876325, 'noise_gpe_sigma': 70.91317963447779, 'noise_gpi_sigma': 119.08611728733635, 'g_stn_gpe_mult': 2.2452301060353146, 'g_gpe_stn_mult': 0.6939241539785556, 'g_stn_gpi_mult': 3.573058393688512, 'g_gpe_gpi_mult': 0.8050005535497473}. Best is trial 410 with value: 0.4608635463245284.
[I 2026-05-28 03:35:26,049] Trial 851 finished with value: 4.119848376909917 and parameters: {'ISTN': 68.89393245846765, 'I_gpe': 0.7505828787987276, 'I_gpi': 2.3515861256872377, 'noise_stn_sigma': 5.555909881749106, 'noise_gpe_sigma': 77.30692992929369, 'noise_gpi_sigma': 121.57880753630863, 'g_stn_gpe_mult': 1.9740162711101723, 'g_gpe_stn_mult': 0.7008964137837413, 'g_stn_gpi_mult': 3.722987189301281, 'g_gpe_gpi_mult': 0.8413416164382075}. Best is trial 410 with value: 0.4608635463245284.
[I 2026-05-28 03:35:27,057] Trial 852 finished with value: 1.882578562203741 and parameters: {'ISTN': 66.0002887190854, 'I_gpe': 0.9024600893908554, 'I_gpi': 1.9733116268018325, 'noise_stn_sigma': 5.889903830623062, 'noise_gpe_sigma': 71.66680354601698, 'noise_gpi_sigma': 127.53017139720885, 'g_stn_gpe_mult': 2.145561063773354, 'g_gpe_stn_mult': 0.7223987819988675, 'g_stn_gpi_mult': 3.523139752081214, 'g_gpe_gpi_mult': 0.7930284349847596}. Best is trial 410 with value: 0.4608635463245284.
[I 2026-05-28 03:35:28,068] Trial 853 finished with value: 1.6357303423669634 and parameters: {'ISTN': 68.82410856649395, 'I_gpe': 0.8263222214475916, 'I_gpi': 2.207037304937659, 'noise_stn_sigma': 5.790337294178882, 'noise_gpe_sigma': 69.4156905290534, 'noise_gpi_sigma': 130.212763291309, 'g_stn_gpe_mult': 2.2665433889897755, 'g_gpe_stn_mult': 0.7238889015518629, 'g_stn_gpi_mult': 3.4856992058397833, 'g_gpe_gpi_mult': 0.7665122096827697}. Best is trial 410 with value: 0.4608635463245284.
[I 2026-05-28 03:35:29,074] Trial 854 finished with value: 3.2534251545339825 and parameters: {'ISTN': 65.93493784777098, 'I_gpe': 0.8049984652923869, 'I_gpi': 2.232026909556791, 'noise_stn_sigma': 5.427472221452054, 'noise_gpe_sigma': 76.91089556305317, 'noise_gpi_sigma': 119.53550556580129, 'g_stn_gpe_mult': 2.283132717427147, 'g_gpe_stn_mult': 0.6807516910894936, 'g_stn_gpi_mult': 3.4620703989624895, 'g_gpe_gpi_mult': 0.845223487375456}. Best is trial 410 with value: 0.4608635463245284.
[I 2026-05-28 03:35:30,082] Trial 855 finished with value: 2.2880642122508963 and parameters: {'ISTN': 65.02943687877381, 'I_gpe': 0.8679798045000973, 'I_gpi': 2.1499399262885053, 'noise_stn_sigma': 5.8175542131198, 'noise_gpe_sigma': 75.82268446922006, 'noise_gpi_sigma': 119.58403605258682, 'g_stn_gpe_mult': 2.194208435949522, 'g_gpe_stn_mult': 0.6976810258762871, 'g_stn_gpi_mult': 3.541826195370209, 'g_gpe_gpi_mult': 0.8016690929472134}. Best is trial 410 with value: 0.4608635463245284.
[I 2026-05-28 03:35:31,089] Trial 856 finished with value: 1.5879586384050854 and parameters: {'ISTN': 67.66127815555092, 'I_gpe': 0.907916409984027, 'I_gpi': 2.083914945800334, 'noise_stn_sigma': 5.524891688956098, 'noise_gpe_sigma': 75.49262592521661, 'noise_gpi_sigma': 118.93530262601642, 'g_stn_gpe_mult': 2.025795119154544, 'g_gpe_stn_mult': 0.7396018399431955, 'g_stn_gpi_mult': 3.7517123093524276, 'g_gpe_gpi_mult': 0.8412140947332505}. Best is trial 410 with value: 0.4608635463245284.
[I 2026-05-28 03:35:32,099] Trial 857 finished with value: 2.6728316866804334 and parameters: {'ISTN': 64.61503525253964, 'I_gpe': 0.9567513634711975, 'I_gpi': 2.2098788677775802, 'noise_stn_sigma': 5.441287161187738, 'noise_gpe_sigma': 71.71193567958699, 'noise_gpi_sigma': 120.29216283559242, 'g_stn_gpe_mult': 2.0304935447871726, 'g_gpe_stn_mult': 0.7239603550297998, 'g_stn_gpi_mult': 3.582274560452901, 'g_gpe_gpi_mult': 0.8205801041891323}. Best is trial 410 with value: 0.4608635463245284.
[I 2026-05-28 03:35:33,110] Trial 858 finished with value: 9.925659868324944 and parameters: {'ISTN': 66.62437520052086, 'I_gpe': 0.7584187041519437, 'I_gpi': 2.2445907066576245, 'noise_stn_sigma': 6.193234245050423, 'noise_gpe_sigma': 71.69548861343773, 'noise_gpi_sigma': 117.0623846444168, 'g_stn_gpe_mult': 2.3946953378525846, 'g_gpe_stn_mult': 0.6489028740392926, 'g_stn_gpi_mult': 3.36042515978569, 'g_gpe_gpi_mult': 0.8480406540284318}. Best is trial 410 with value: 0.4608635463245284.
[I 2026-05-28 03:35:34,118] Trial 859 finished with value: 0.6362735126142745 and parameters: {'ISTN': 61.33770220510616, 'I_gpe': 0.8256434516773591, 'I_gpi': 2.308670609484711, 'noise_stn_sigma': 5.267457169854297, 'noise_gpe_sigma': 76.4321974596914, 'noise_gpi_sigma': 117.32407590948846, 'g_stn_gpe_mult': 2.2590217758267586, 'g_gpe_stn_mult': 0.7416654697225195, 'g_stn_gpi_mult': 3.517168222151608, 'g_gpe_gpi_mult': 0.841215950883236}. Best is trial 410 with value: 0.4608635463245284.
[I 2026-05-28 03:35:35,126] Trial 860 finished with value: 1.2294303780417022 and parameters: {'ISTN': 64.16824816158879, 'I_gpe': 0.8116746018910219, 'I_gpi': 2.322800900769838, 'noise_stn_sigma': 6.387528994367112, 'noise_gpe_sigma': 74.84176098181692, 'noise_gpi_sigma': 128.38357081798705, 'g_stn_gpe_mult': 2.1598444961720173, 'g_gpe_stn_mult': 0.6262454396646945, 'g_stn_gpi_mult': 3.462469140372221, 'g_gpe_gpi_mult': 0.854460638295647}. Best is trial 410 with value: 0.4608635463245284.
[I 2026-05-28 03:35:36,137] Trial 861 finished with value: 0.6267116406205033 and parameters: {'ISTN': 62.54348585541412, 'I_gpe': 0.8823041866570411, 'I_gpi': 2.27934956463868, 'noise_stn_sigma': 5.628411242366539, 'noise_gpe_sigma': 75.32788786882112, 'noise_gpi_sigma': 117.33648131736582, 'g_stn_gpe_mult': 2.1236077127598616, 'g_gpe_stn_mult': 0.6394383265204332, 'g_stn_gpi_mult': 3.647875832505788, 'g_gpe_gpi_mult': 0.8429998098900842}. Best is trial 410 with value: 0.4608635463245284.
[I 2026-05-28 03:35:37,147] Trial 862 finished with value: 3.6928097543743905 and parameters: {'ISTN': 64.1933119427013, 'I_gpe': 0.7256958377260785, 'I_gpi': 2.36551250266141, 'noise_stn_sigma': 5.8179332961654255, 'noise_gpe_sigma': 83.00205104679216, 'noise_gpi_sigma': 127.77678377062836, 'g_stn_gpe_mult': 2.058619022257482, 'g_gpe_stn_mult': 0.6984625787745737, 'g_stn_gpi_mult': 3.6896365948723724, 'g_gpe_gpi_mult': 0.880910983832254}. Best is trial 410 with value: 0.4608635463245284.
[I 2026-05-28 03:35:38,156] Trial 863 finished with value: 4.189310511888098 and parameters: {'ISTN': 67.05328434259052, 'I_gpe': 0.757829425419239, 'I_gpi': 2.16180821308676, 'noise_stn_sigma': 5.529562432163065, 'noise_gpe_sigma': 81.80073984521212, 'noise_gpi_sigma': 119.84782238007844, 'g_stn_gpe_mult': 2.1168768537715508, 'g_gpe_stn_mult': 0.7660722361635746, 'g_stn_gpi_mult': 3.6698292324263595, 'g_gpe_gpi_mult': 0.8463717102762072}. Best is trial 410 with value: 0.4608635463245284.
[I 2026-05-28 03:35:39,165] Trial 864 finished with value: 3.9773469994777955 and parameters: {'ISTN': 64.82703496836919, 'I_gpe': 0.8891659660786156, 'I_gpi': 2.085616059729678, 'noise_stn_sigma': 5.315147848594513, 'noise_gpe_sigma': 74.5382013005718, 'noise_gpi_sigma': 121.59872804975166, 'g_stn_gpe_mult': 2.224211047884623, 'g_gpe_stn_mult': 0.7068314803517084, 'g_stn_gpi_mult': 3.513006015610824, 'g_gpe_gpi_mult': 0.866435527420764}. Best is trial 410 with value: 0.4608635463245284.
[I 2026-05-28 03:35:40,174] Trial 865 finished with value: 3.624794553366276 and parameters: {'ISTN': 67.4310945395464, 'I_gpe': 0.8369730635024109, 'I_gpi': 2.1498550221159127, 'noise_stn_sigma': 5.078774133427819, 'noise_gpe_sigma': 79.08038717401047, 'noise_gpi_sigma': 125.03579258354486, 'g_stn_gpe_mult': 2.0646366041209854, 'g_gpe_stn_mult': 0.7880609753865179, 'g_stn_gpi_mult': 3.685080107176416, 'g_gpe_gpi_mult': 0.872007625924273}. Best is trial 410 with value: 0.4608635463245284.
[I 2026-05-28 03:35:41,183] Trial 866 finished with value: 4.422473685868016 and parameters: {'ISTN': 63.208690215141665, 'I_gpe': 0.7507499904242558, 'I_gpi': 2.1885463750073195, 'noise_stn_sigma': 5.273388168252436, 'noise_gpe_sigma': 76.98367084106182, 'noise_gpi_sigma': 123.1707062494626, 'g_stn_gpe_mult': 2.198474535916155, 'g_gpe_stn_mult': 0.7136811434568712, 'g_stn_gpi_mult': 3.526482358991976, 'g_gpe_gpi_mult': 0.8483697066804641}. Best is trial 410 with value: 0.4608635463245284.
[I 2026-05-28 03:35:42,190] Trial 867 finished with value: 4.727096633788911 and parameters: {'ISTN': 68.21908039491429, 'I_gpe': 0.7019055778188117, 'I_gpi': 2.2681192851156036, 'noise_stn_sigma': 5.15583221216225, 'noise_gpe_sigma': 81.40595870523153, 'noise_gpi_sigma': 129.13481271275407, 'g_stn_gpe_mult': 2.12531544361213, 'g_gpe_stn_mult': 0.787708199018172, 'g_stn_gpi_mult': 3.6828478842695214, 'g_gpe_gpi_mult': 0.8967092903514102}. Best is trial 410 with value: 0.4608635463245284.
[I 2026-05-28 03:35:43,199] Trial 868 finished with value: 0.5427745460022 and parameters: {'ISTN': 61.89235363618058, 'I_gpe': 0.9136789952297444, 'I_gpi': 2.295794196959343, 'noise_stn_sigma': 6.34834569589191, 'noise_gpe_sigma': 73.55522020465781, 'noise_gpi_sigma': 125.57114696124953, 'g_stn_gpe_mult': 2.292112976013645, 'g_gpe_stn_mult': 0.6266521702531107, 'g_stn_gpi_mult': 3.3562642290566815, 'g_gpe_gpi_mult': 0.8554883603794092}. Best is trial 410 with value: 0.4608635463245284.
[I 2026-05-28 03:35:44,205] Trial 869 finished with value: 0.5781342822632549 and parameters: {'ISTN': 62.95363712771469, 'I_gpe': 0.9040654073215688, 'I_gpi': 2.2413732865085985, 'noise_stn_sigma': 5.862494946476974, 'noise_gpe_sigma': 69.9954365302494, 'noise_gpi_sigma': 113.25348188603957, 'g_stn_gpe_mult': 2.188852586948464, 'g_gpe_stn_mult': 0.6753018242296491, 'g_stn_gpi_mult': 3.5092581036011516, 'g_gpe_gpi_mult': 0.8182023436902075}. Best is trial 410 with value: 0.4608635463245284.
[I 2026-05-28 03:35:45,214] Trial 870 finished with value: 1.3826308911682972 and parameters: {'ISTN': 62.07602233332402, 'I_gpe': 0.7936744101970385, 'I_gpi': 2.449990296935521, 'noise_stn_sigma': 6.602104946024679, 'noise_gpe_sigma': 75.91817826908215, 'noise_gpi_sigma': 119.76069895973994, 'g_stn_gpe_mult': 2.3307344427182115, 'g_gpe_stn_mult': 0.6508216211441229, 'g_stn_gpi_mult': 3.4587153731681206, 'g_gpe_gpi_mult': 0.8712351909857157}. Best is trial 410 with value: 0.4608635463245284.
[I 2026-05-28 03:35:46,224] Trial 871 finished with value: 0.7264114181024217 and parameters: {'ISTN': 63.821497682041176, 'I_gpe': 0.8380829987618648, 'I_gpi': 2.3946996219589325, 'noise_stn_sigma': 5.827744817212641, 'noise_gpe_sigma': 71.49893052524064, 'noise_gpi_sigma': 116.68770142998383, 'g_stn_gpe_mult': 2.2849205356212483, 'g_gpe_stn_mult': 0.5966348467679894, 'g_stn_gpi_mult': 3.363927458861195, 'g_gpe_gpi_mult': 0.7905996172113963}. Best is trial 410 with value: 0.4608635463245284.
[I 2026-05-28 03:35:47,234] Trial 872 finished with value: 6.975394610733185 and parameters: {'ISTN': 66.30110632721365, 'I_gpe': 0.9433530271282848, 'I_gpi': 2.2179366852252245, 'noise_stn_sigma': 6.012953734366468, 'noise_gpe_sigma': 69.30279378833615, 'noise_gpi_sigma': 114.5387860693978, 'g_stn_gpe_mult': 2.3431081459296488, 'g_gpe_stn_mult': 0.6155706036961572, 'g_stn_gpi_mult': 3.502120329748595, 'g_gpe_gpi_mult': 0.8552944346344855}. Best is trial 410 with value: 0.4608635463245284.
[I 2026-05-28 03:35:48,242] Trial 873 finished with value: 1.1694717518628854 and parameters: {'ISTN': 62.21144546492185, 'I_gpe': 0.8112842864138692, 'I_gpi': 2.5021505344116806, 'noise_stn_sigma': 5.644930986704447, 'noise_gpe_sigma': 70.81793264679476, 'noise_gpi_sigma': 120.33107098575168, 'g_stn_gpe_mult': 2.11555531593473, 'g_gpe_stn_mult': 0.6270019839644395, 'g_stn_gpi_mult': 3.389824909829189, 'g_gpe_gpi_mult': 0.8037970696259098}. Best is trial 410 with value: 0.4608635463245284.
[I 2026-05-28 03:35:49,248] Trial 874 finished with value: 1.5064076608702242 and parameters: {'ISTN': 64.45214627622856, 'I_gpe': 0.8538543764189642, 'I_gpi': 2.3809921713694173, 'noise_stn_sigma': 5.248189522628024, 'noise_gpe_sigma': 75.69226229880707, 'noise_gpi_sigma': 118.07914138947238, 'g_stn_gpe_mult': 2.1071306115017854, 'g_gpe_stn_mult': 0.6852182308402711, 'g_stn_gpi_mult': 3.604320999606453, 'g_gpe_gpi_mult': 0.9042316053104096}. Best is trial 410 with value: 0.4608635463245284.
[I 2026-05-28 03:35:50,258] Trial 875 finished with value: 0.630884767502164 and parameters: {'ISTN': 62.78764852186961, 'I_gpe': 0.8426562353451785, 'I_gpi': 2.2166587971675273, 'noise_stn_sigma': 6.332486661068338, 'noise_gpe_sigma': 71.87636407071531, 'noise_gpi_sigma': 129.78359668039, 'g_stn_gpe_mult': 2.224199878054535, 'g_gpe_stn_mult': 0.6327686420023375, 'g_stn_gpi_mult': 3.342221680983183, 'g_gpe_gpi_mult': 0.8379695657096611}. Best is trial 410 with value: 0.4608635463245284.
[I 2026-05-28 03:35:51,265] Trial 876 finished with value: 0.583665786799553 and parameters: {'ISTN': 62.11900156452552, 'I_gpe': 0.8232194952709057, 'I_gpi': 2.1172804779209216, 'noise_stn_sigma': 6.117775270054393, 'noise_gpe_sigma': 74.3845557676905, 'noise_gpi_sigma': 123.15688871323844, 'g_stn_gpe_mult': 2.17441043344002, 'g_gpe_stn_mult': 0.6729682412886892, 'g_stn_gpi_mult': 3.7001819519578456, 'g_gpe_gpi_mult': 0.852969503343431}. Best is trial 410 with value: 0.4608635463245284.
[I 2026-05-28 03:35:52,272] Trial 877 finished with value: 8.360346612934205 and parameters: {'ISTN': 61.3639269113921, 'I_gpe': 0.9273645207642133, 'I_gpi': 2.092749238493744, 'noise_stn_sigma': 5.9944307644888255, 'noise_gpe_sigma': 76.12466058915228, 'noise_gpi_sigma': 120.08837985442462, 'g_stn_gpe_mult': 2.3311304251852194, 'g_gpe_stn_mult': 0.6030986925285367, 'g_stn_gpi_mult': 3.5579137982399516, 'g_gpe_gpi_mult': 0.8863409008218914}. Best is trial 410 with value: 0.4608635463245284.
[I 2026-05-28 03:35:53,280] Trial 878 finished with value: 1.5437782951409176 and parameters: {'ISTN': 71.82360103060557, 'I_gpe': 0.8341417170066288, 'I_gpi': 1.945989358340948, 'noise_stn_sigma': 5.234199569500671, 'noise_gpe_sigma': 73.14677183092272, 'noise_gpi_sigma': 111.08295621767382, 'g_stn_gpe_mult': 2.182369877824149, 'g_gpe_stn_mult': 0.6918915868561664, 'g_stn_gpi_mult': 3.615346367749032, 'g_gpe_gpi_mult': 0.785952856924194}. Best is trial 410 with value: 0.4608635463245284.
[I 2026-05-28 03:35:54,287] Trial 879 finished with value: 2.151478047873613 and parameters: {'ISTN': 63.550069218086854, 'I_gpe': 0.9052701156206946, 'I_gpi': 2.2804139042563016, 'noise_stn_sigma': 5.45967133770925, 'noise_gpe_sigma': 73.05437462593616, 'noise_gpi_sigma': 123.58122795363673, 'g_stn_gpe_mult': 2.2338455524015908, 'g_gpe_stn_mult': 0.6932253062745906, 'g_stn_gpi_mult': 3.5690688869597436, 'g_gpe_gpi_mult': 0.7965832522529448}. Best is trial 410 with value: 0.4608635463245284.
