[I 2026-05-28 03:14:28,929] Trial 616 finished with value: 0.2070139852192926 and parameters: {'ISTN': 60.02074048467004, 'I_gpe': 1.2617357739512745, 'I_gpi': 1.9823943518380043, 'noise_stn_sigma': 2.796995415378332, 'noise_gpe_sigma': 98.4851590970208, 'noise_gpi_sigma': 79.21517603732946, 'g_stn_gpe_mult': 2.7832442548716543, 'g_gpe_stn_mult': 0.15165853824113795, 'g_stn_gpi_mult': 3.511733515416936, 'g_gpe_gpi_mult': 1.071233401993307}. Best is trial 609 with value: 0.13639971641942666.
[I 2026-05-28 03:14:29,940] Trial 617 finished with value: 0.19482445463507744 and parameters: {'ISTN': 60.54205920034885, 'I_gpe': 1.2578481247698843, 'I_gpi': 1.810974381024678, 'noise_stn_sigma': 2.69066998025829, 'noise_gpe_sigma': 101.16084788052439, 'noise_gpi_sigma': 76.20429318398155, 'g_stn_gpe_mult': 2.954380664513103, 'g_gpe_stn_mult': 0.1520122261005884, 'g_stn_gpi_mult': 3.5044843557501686, 'g_gpe_gpi_mult': 1.0889761798329156}. Best is trial 609 with value: 0.13639971641942666.
[I 2026-05-28 03:14:30,951] Trial 618 finished with value: 0.1543513015657494 and parameters: {'ISTN': 60.96271714965929, 'I_gpe': 1.3258074919342886, 'I_gpi': 1.851749204925624, 'noise_stn_sigma': 2.672360278574444, 'noise_gpe_sigma': 106.09608938752561, 'noise_gpi_sigma': 74.62373423431454, 'g_stn_gpe_mult': 2.7053194424471614, 'g_gpe_stn_mult': 0.16530078296601217, 'g_stn_gpi_mult': 3.6321772345902517, 'g_gpe_gpi_mult': 1.0910063370947365}. Best is trial 609 with value: 0.13639971641942666.
[I 2026-05-28 03:14:31,902] Trial 619 finished with value: 1000000.0 and parameters: {'ISTN': 61.313488457871244, 'I_gpe': 1.3225663649971686, 'I_gpi': 1.9279264328778962, 'noise_stn_sigma': 2.9606768402537886, 'noise_gpe_sigma': 101.79784953060171, 'noise_gpi_sigma': 83.51995903993807, 'g_stn_gpe_mult': 2.8801870035873427, 'g_gpe_stn_mult': 0.14188924065542152, 'g_stn_gpi_mult': 3.5669936635382458, 'g_gpe_gpi_mult': 1.059758785684787}. Best is trial 609 with value: 0.13639971641942666.
[I 2026-05-28 03:14:32,913] Trial 620 finished with value: 0.162799392865118 and parameters: {'ISTN': 61.18179284318347, 'I_gpe': 1.2689578213909414, 'I_gpi': 1.8086853391298265, 'noise_stn_sigma': 2.7567832809158372, 'noise_gpe_sigma': 103.16959343570346, 'noise_gpi_sigma': 75.38110881420647, 'g_stn_gpe_mult': 2.9504096959714947, 'g_gpe_stn_mult': 0.1415135905216484, 'g_stn_gpi_mult': 3.514882684209022, 'g_gpe_gpi_mult': 1.0903635806796383}. Best is trial 609 with value: 0.13639971641942666.
[I 2026-05-28 03:14:33,925] Trial 621 finished with value: 0.17287475053180593 and parameters: {'ISTN': 62.08348939261825, 'I_gpe': 1.1831709810428863, 'I_gpi': 1.9169497878817348, 'noise_stn_sigma': 2.6319018824633713, 'noise_gpe_sigma': 102.64287018681267, 'noise_gpi_sigma': 79.05938752686981, 'g_stn_gpe_mult': 2.953464332138368, 'g_gpe_stn_mult': 0.1680903638484474, 'g_stn_gpi_mult': 3.5405496753503796, 'g_gpe_gpi_mult': 1.1315527955789848}. Best is trial 609 with value: 0.13639971641942666.
[I 2026-05-28 03:14:34,937] Trial 622 finished with value: 0.16368742696563437 and parameters: {'ISTN': 62.260603161965676, 'I_gpe': 1.2517784773423886, 'I_gpi': 1.8436737120479765, 'noise_stn_sigma': 2.893670395004401, 'noise_gpe_sigma': 102.28875535707994, 'noise_gpi_sigma': 76.90482594874504, 'g_stn_gpe_mult': 2.856393486791122, 'g_gpe_stn_mult': 0.15342666875284885, 'g_stn_gpi_mult': 3.472896941111227, 'g_gpe_gpi_mult': 1.0977662600739624}. Best is trial 609 with value: 0.13639971641942666.
[I 2026-05-28 03:14:35,947] Trial 623 finished with value: 0.14982726996827475 and parameters: {'ISTN': 61.427886458884174, 'I_gpe': 1.1750987495957537, 'I_gpi': 1.930515803486621, 'noise_stn_sigma': 2.818055280296588, 'noise_gpe_sigma': 100.71295427561886, 'noise_gpi_sigma': 84.46938687799181, 'g_stn_gpe_mult': 2.8738491901381007, 'g_gpe_stn_mult': 0.1602336026661179, 'g_stn_gpi_mult': 3.3867228981476964, 'g_gpe_gpi_mult': 1.0683428277499072}. Best is trial 609 with value: 0.13639971641942666.
[I 2026-05-28 03:14:36,956] Trial 624 finished with value: 0.15685882391977898 and parameters: {'ISTN': 62.27928243451054, 'I_gpe': 1.2299065548203711, 'I_gpi': 1.8601100674692115, 'noise_stn_sigma': 2.706847025101048, 'noise_gpe_sigma': 102.73357411193696, 'noise_gpi_sigma': 73.01461534199524, 'g_stn_gpe_mult': 2.944426562679115, 'g_gpe_stn_mult': 0.14648908503159014, 'g_stn_gpi_mult': 3.549607167379091, 'g_gpe_gpi_mult': 1.0890374103457505}. Best is trial 609 with value: 0.13639971641942666.
[I 2026-05-28 03:14:37,968] Trial 625 finished with value: 0.1740296773738755 and parameters: {'ISTN': 62.22061450027319, 'I_gpe': 1.185020959058508, 'I_gpi': 1.9914658794259519, 'noise_stn_sigma': 2.593894655770118, 'noise_gpe_sigma': 101.55932023778792, 'noise_gpi_sigma': 79.44901556465231, 'g_stn_gpe_mult': 3.076399181067231, 'g_gpe_stn_mult': 0.16192834432105724, 'g_stn_gpi_mult': 3.4488732907624366, 'g_gpe_gpi_mult': 1.0825091874874462}. Best is trial 609 with value: 0.13639971641942666.
[I 2026-05-28 03:14:38,980] Trial 626 finished with value: 0.1431672971420774 and parameters: {'ISTN': 61.5287513093657, 'I_gpe': 1.2367476338338572, 'I_gpi': 1.8705137549742061, 'noise_stn_sigma': 2.681060541492271, 'noise_gpe_sigma': 101.23990592877628, 'noise_gpi_sigma': 79.55947244986046, 'g_stn_gpe_mult': 2.900033904947964, 'g_gpe_stn_mult': 0.14600983116470473, 'g_stn_gpi_mult': 3.5284290919660357, 'g_gpe_gpi_mult': 1.1055077955837893}. Best is trial 609 with value: 0.13639971641942666.
[I 2026-05-28 03:14:39,989] Trial 627 finished with value: 0.14325500482142337 and parameters: {'ISTN': 60.37216712609319, 'I_gpe': 1.1185186966547802, 'I_gpi': 1.9469776011078446, 'noise_stn_sigma': 2.6380740340298416, 'noise_gpe_sigma': 105.14325960635249, 'noise_gpi_sigma': 75.33482620407736, 'g_stn_gpe_mult': 2.8821300611749834, 'g_gpe_stn_mult': 0.15595848530755577, 'g_stn_gpi_mult': 3.4245384262153546, 'g_gpe_gpi_mult': 1.0550748965149763}. Best is trial 609 with value: 0.13639971641942666.
[I 2026-05-28 03:14:40,999] Trial 628 finished with value: 0.15045470081453152 and parameters: {'ISTN': 60.99778045527799, 'I_gpe': 1.1919008553444512, 'I_gpi': 1.8341048985283934, 'noise_stn_sigma': 2.791947747446261, 'noise_gpe_sigma': 104.72146612951875, 'noise_gpi_sigma': 71.68065912548481, 'g_stn_gpe_mult': 2.8946166741615404, 'g_gpe_stn_mult': 0.1740302298146057, 'g_stn_gpi_mult': 3.6236427490398717, 'g_gpe_gpi_mult': 1.125405323856149}. Best is trial 609 with value: 0.13639971641942666.
[I 2026-05-28 03:14:42,010] Trial 629 finished with value: 0.16343064548879213 and parameters: {'ISTN': 62.21656916036351, 'I_gpe': 1.1567960512423971, 'I_gpi': 1.8723536871427866, 'noise_stn_sigma': 2.450899585435579, 'noise_gpe_sigma': 104.72750391752865, 'noise_gpi_sigma': 73.38541267169279, 'g_stn_gpe_mult': 2.774882805271967, 'g_gpe_stn_mult': 0.1656127723474661, 'g_stn_gpi_mult': 3.5488373368069634, 'g_gpe_gpi_mult': 1.1037903932292223}. Best is trial 609 with value: 0.13639971641942666.
[I 2026-05-28 03:14:43,022] Trial 630 finished with value: 0.17882059612617288 and parameters: {'ISTN': 60.52194290042673, 'I_gpe': 1.3692423048853812, 'I_gpi': 1.9861213221357028, 'noise_stn_sigma': 2.9216563983906205, 'noise_gpe_sigma': 99.63970736106813, 'noise_gpi_sigma': 80.5692501467346, 'g_stn_gpe_mult': 2.830663508369863, 'g_gpe_stn_mult': 0.15707089144368855, 'g_stn_gpi_mult': 3.508957076853035, 'g_gpe_gpi_mult': 1.0865110328028806}. Best is trial 609 with value: 0.13639971641942666.
[I 2026-05-28 03:14:43,974] Trial 631 finished with value: 1000000.0 and parameters: {'ISTN': 62.52545895064267, 'I_gpe': 1.2165162071275728, 'I_gpi': 1.8864198858688048, 'noise_stn_sigma': 2.6436944331875436, 'noise_gpe_sigma': 105.62236798998808, 'noise_gpi_sigma': 76.45244409784951, 'g_stn_gpe_mult': 2.916008255362564, 'g_gpe_stn_mult': 0.15462235474393887, 'g_stn_gpi_mult': 3.5560119832345425, 'g_gpe_gpi_mult': 1.126874830357235}. Best is trial 609 with value: 0.13639971641942666.
[I 2026-05-28 03:14:44,985] Trial 632 finished with value: 0.1432050690064942 and parameters: {'ISTN': 60.75057747222286, 'I_gpe': 1.2216575269778862, 'I_gpi': 1.870121907726256, 'noise_stn_sigma': 2.88868954697699, 'noise_gpe_sigma': 102.08029340335973, 'noise_gpi_sigma': 78.9251864197541, 'g_stn_gpe_mult': 2.891508265807418, 'g_gpe_stn_mult': 0.1483562032899769, 'g_stn_gpi_mult': 3.5484786832132307, 'g_gpe_gpi_mult': 1.089286369465211}. Best is trial 609 with value: 0.13639971641942666.
[I 2026-05-28 03:14:45,996] Trial 633 finished with value: 0.18751536261473162 and parameters: {'ISTN': 61.24022937376724, 'I_gpe': 1.1500968171854915, 'I_gpi': 1.9002663136506845, 'noise_stn_sigma': 2.4839777245398293, 'noise_gpe_sigma': 101.222113125067, 'noise_gpi_sigma': 77.27739076207669, 'g_stn_gpe_mult': 2.947857503491546, 'g_gpe_stn_mult': 0.1502145757659017, 'g_stn_gpi_mult': 3.4888436122326256, 'g_gpe_gpi_mult': 1.0951442237627476}. Best is trial 609 with value: 0.13639971641942666.
[I 2026-05-28 03:14:47,007] Trial 634 finished with value: 0.38591486791602053 and parameters: {'ISTN': 60.37535325732174, 'I_gpe': 1.1809022430327794, 'I_gpi': 1.8573266359106193, 'noise_stn_sigma': 2.6319746731340317, 'noise_gpe_sigma': 98.65077605414606, 'noise_gpi_sigma': 82.43016004826677, 'g_stn_gpe_mult': 2.871868333455951, 'g_gpe_stn_mult': 0.14595879339770113, 'g_stn_gpi_mult': 3.46808670665574, 'g_gpe_gpi_mult': 1.0975336621739682}. Best is trial 609 with value: 0.13639971641942666.
[I 2026-05-28 03:14:48,021] Trial 635 finished with value: 0.14474334909582262 and parameters: {'ISTN': 61.76368309615225, 'I_gpe': 1.166049756106218, 'I_gpi': 1.8031625859087699, 'noise_stn_sigma': 2.5032786136556697, 'noise_gpe_sigma': 102.19809152852314, 'noise_gpi_sigma': 80.10365205308094, 'g_stn_gpe_mult': 2.944822422136542, 'g_gpe_stn_mult': 0.151498447279498, 'g_stn_gpi_mult': 3.4508314663645723, 'g_gpe_gpi_mult': 1.0694754079387405}. Best is trial 609 with value: 0.13639971641942666.
[I 2026-05-28 03:14:49,033] Trial 636 finished with value: 0.1499947682086704 and parameters: {'ISTN': 62.06961342315298, 'I_gpe': 1.1918484545924617, 'I_gpi': 1.9603793595828032, 'noise_stn_sigma': 2.677911717975869, 'noise_gpe_sigma': 101.21475630675302, 'noise_gpi_sigma': 83.76990270636279, 'g_stn_gpe_mult': 2.929288301650402, 'g_gpe_stn_mult': 0.14598437935901792, 'g_stn_gpi_mult': 3.3163262738105455, 'g_gpe_gpi_mult': 1.0648561640233114}. Best is trial 609 with value: 0.13639971641942666.
[I 2026-05-28 03:14:50,046] Trial 637 finished with value: 0.14038579952245975 and parameters: {'ISTN': 60.52068414393534, 'I_gpe': 1.130697791399597, 'I_gpi': 1.8888834071166798, 'noise_stn_sigma': 2.9560643560498434, 'noise_gpe_sigma': 105.4718882584535, 'noise_gpi_sigma': 77.0867356062755, 'g_stn_gpe_mult': 2.9576427223334565, 'g_gpe_stn_mult': 0.1525535474324067, 'g_stn_gpi_mult': 3.4720868143217887, 'g_gpe_gpi_mult': 1.0730589495803753}. Best is trial 609 with value: 0.13639971641942666.
[I 2026-05-28 03:14:51,055] Trial 638 finished with value: 0.18417616888559782 and parameters: {'ISTN': 62.64596088023901, 'I_gpe': 1.1700128943725965, 'I_gpi': 1.9537538055772532, 'noise_stn_sigma': 2.6866991804555327, 'noise_gpe_sigma': 101.25139059294936, 'noise_gpi_sigma': 81.19631389160908, 'g_stn_gpe_mult': 2.8315774401130356, 'g_gpe_stn_mult': 0.15716173385258453, 'g_stn_gpi_mult': 3.4676966487734133, 'g_gpe_gpi_mult': 1.1143668777950517}. Best is trial 609 with value: 0.13639971641942666.
[I 2026-05-28 03:14:52,066] Trial 639 finished with value: 0.1735663261615154 and parameters: {'ISTN': 61.89803704258545, 'I_gpe': 1.1028190414974015, 'I_gpi': 1.8657154792401174, 'noise_stn_sigma': 2.645392104647454, 'noise_gpe_sigma': 103.59315079340419, 'noise_gpi_sigma': 75.29006094195424, 'g_stn_gpe_mult': 2.868888059754309, 'g_gpe_stn_mult': 0.17267883922102273, 'g_stn_gpi_mult': 3.4958213140531464, 'g_gpe_gpi_mult': 1.107974026548449}. Best is trial 609 with value: 0.13639971641942666.
[I 2026-05-28 03:14:53,077] Trial 640 finished with value: 0.1541841429934356 and parameters: {'ISTN': 60.01333101897239, 'I_gpe': 1.259680087516328, 'I_gpi': 2.0264143693399124, 'noise_stn_sigma': 2.9185366224812967, 'noise_gpe_sigma': 102.70865018489917, 'noise_gpi_sigma': 79.45145983928816, 'g_stn_gpe_mult': 2.808270376506968, 'g_gpe_stn_mult': 0.1390862120562778, 'g_stn_gpi_mult': 3.4413278989140457, 'g_gpe_gpi_mult': 1.052343016746469}. Best is trial 609 with value: 0.13639971641942666.
[I 2026-05-28 03:14:54,093] Trial 641 finished with value: 0.15004942429630608 and parameters: {'ISTN': 61.88225375998355, 'I_gpe': 1.1685370278981513, 'I_gpi': 1.7759116696114927, 'noise_stn_sigma': 2.8754303747534573, 'noise_gpe_sigma': 101.85733281763969, 'noise_gpi_sigma': 79.47297272255875, 'g_stn_gpe_mult': 2.901570283964171, 'g_gpe_stn_mult': 0.15330054910944416, 'g_stn_gpi_mult': 3.528276948152011, 'g_gpe_gpi_mult': 1.0577276740095392}. Best is trial 609 with value: 0.13639971641942666.
[I 2026-05-28 03:14:55,105] Trial 642 finished with value: 0.2628441727112577 and parameters: {'ISTN': 60.72182512467116, 'I_gpe': 1.1452234977854334, 'I_gpi': 1.9618835755577129, 'noise_stn_sigma': 2.876249373654498, 'noise_gpe_sigma': 103.82420311442144, 'noise_gpi_sigma': 79.63168345524643, 'g_stn_gpe_mult': 3.0026383707434268, 'g_gpe_stn_mult': 0.14994725840107895, 'g_stn_gpi_mult': 3.3893395438056397, 'g_gpe_gpi_mult': 1.071428930026808}. Best is trial 609 with value: 0.13639971641942666.
[I 2026-05-28 03:14:56,116] Trial 643 finished with value: 0.17132337443128887 and parameters: {'ISTN': 60.4548804680031, 'I_gpe': 1.1429529669613938, 'I_gpi': 1.814450848502724, 'noise_stn_sigma': 2.925855804068155, 'noise_gpe_sigma': 104.0873173580045, 'noise_gpi_sigma': 74.20098946707184, 'g_stn_gpe_mult': 3.0292340864039886, 'g_gpe_stn_mult': 0.1561283921334108, 'g_stn_gpi_mult': 3.5215446033451494, 'g_gpe_gpi_mult': 1.1012349133723256}. Best is trial 609 with value: 0.13639971641942666.
[I 2026-05-28 03:14:57,126] Trial 644 finished with value: 0.14553297059546677 and parameters: {'ISTN': 60.56245396570272, 'I_gpe': 1.1534182237905093, 'I_gpi': 1.8750529733688177, 'noise_stn_sigma': 2.8390297306593837, 'noise_gpe_sigma': 102.89171324221229, 'noise_gpi_sigma': 81.64413524681564, 'g_stn_gpe_mult': 2.8739993562703776, 'g_gpe_stn_mult': 0.15260983915156567, 'g_stn_gpi_mult': 3.504567165171193, 'g_gpe_gpi_mult': 1.0636116162912361}. Best is trial 609 with value: 0.13639971641942666.
[I 2026-05-28 03:14:58,138] Trial 645 finished with value: 0.13952844472484463 and parameters: {'ISTN': 60.96493393575886, 'I_gpe': 1.1989782824239712, 'I_gpi': 1.8911455695987178, 'noise_stn_sigma': 2.8113927979015285, 'noise_gpe_sigma': 102.440184626204, 'noise_gpi_sigma': 79.94849119587224, 'g_stn_gpe_mult': 2.9297910050011486, 'g_gpe_stn_mult': 0.15437212065862277, 'g_stn_gpi_mult': 3.407086463459619, 'g_gpe_gpi_mult': 1.0686492956245612}. Best is trial 609 with value: 0.13639971641942666.
[I 2026-05-28 03:14:59,149] Trial 646 finished with value: 0.2052867573524427 and parameters: {'ISTN': 61.2981441020151, 'I_gpe': 1.2020057207754462, 'I_gpi': 1.8368441334634245, 'noise_stn_sigma': 2.782928763193095, 'noise_gpe_sigma': 102.8315222116739, 'noise_gpi_sigma': 79.14736768910001, 'g_stn_gpe_mult': 2.9198392471105743, 'g_gpe_stn_mult': 0.13217078942894778, 'g_stn_gpi_mult': 3.560628071872098, 'g_gpe_gpi_mult': 1.08178514997504}. Best is trial 609 with value: 0.13639971641942666.
[I 2026-05-28 03:15:00,163] Trial 647 finished with value: 0.1417615305081341 and parameters: {'ISTN': 61.177212502183465, 'I_gpe': 1.1839977644120896, 'I_gpi': 1.8514871328856954, 'noise_stn_sigma': 2.766227424568507, 'noise_gpe_sigma': 102.4246635489312, 'noise_gpi_sigma': 78.52321740475023, 'g_stn_gpe_mult': 2.935941075657376, 'g_gpe_stn_mult': 0.15239320738798282, 'g_stn_gpi_mult': 3.4850813717325777, 'g_gpe_gpi_mult': 1.0737499954809262}. Best is trial 609 with value: 0.13639971641942666.
[I 2026-05-28 03:15:01,174] Trial 648 finished with value: 0.15578162875939913 and parameters: {'ISTN': 61.05536793535883, 'I_gpe': 1.04082220931707, 'I_gpi': 1.8425810234957578, 'noise_stn_sigma': 2.8765421628101557, 'noise_gpe_sigma': 107.09201070275836, 'noise_gpi_sigma': 70.19972778818027, 'g_stn_gpe_mult': 2.9177693795582593, 'g_gpe_stn_mult': 0.14709589424542838, 'g_stn_gpi_mult': 3.5342540789676855, 'g_gpe_gpi_mult': 1.0722456003289988}. Best is trial 609 with value: 0.13639971641942666.
[I 2026-05-28 03:15:02,187] Trial 649 finished with value: 0.13678869093248391 and parameters: {'ISTN': 60.87701047611779, 'I_gpe': 1.212009832304197, 'I_gpi': 1.894151095473574, 'noise_stn_sigma': 2.6780942957681075, 'noise_gpe_sigma': 105.60572901369773, 'noise_gpi_sigma': 79.2475938243494, 'g_stn_gpe_mult': 2.7209710587330065, 'g_gpe_stn_mult': 0.15103151030061462, 'g_stn_gpi_mult': 3.487689172208104, 'g_gpe_gpi_mult': 1.0785162843523324}. Best is trial 609 with value: 0.13639971641942666.
[I 2026-05-28 03:15:03,203] Trial 650 finished with value: 0.14079955884002798 and parameters: {'ISTN': 60.52810569875962, 'I_gpe': 1.2211687644124858, 'I_gpi': 1.840741012699263, 'noise_stn_sigma': 2.7994622989104982, 'noise_gpe_sigma': 103.42680568975378, 'noise_gpi_sigma': 79.87196838754366, 'g_stn_gpe_mult': 2.869341922190765, 'g_gpe_stn_mult': 0.1516412860276432, 'g_stn_gpi_mult': 3.5295856807759494, 'g_gpe_gpi_mult': 1.0721440680001852}. Best is trial 609 with value: 0.13639971641942666.
[I 2026-05-28 03:15:04,215] Trial 651 finished with value: 0.2565933326215928 and parameters: {'ISTN': 60.73704812975025, 'I_gpe': 1.2841302198633109, 'I_gpi': 1.8975596389733833, 'noise_stn_sigma': 2.7320494063663032, 'noise_gpe_sigma': 104.2915835697541, 'noise_gpi_sigma': 77.26533049797027, 'g_stn_gpe_mult': 2.8348907308831297, 'g_gpe_stn_mult': 0.14703615769087058, 'g_stn_gpi_mult': 3.478349758065071, 'g_gpe_gpi_mult': 1.0736510079965542}. Best is trial 609 with value: 0.13639971641942666.
[I 2026-05-28 03:15:05,227] Trial 652 finished with value: 0.1435873393264616 and parameters: {'ISTN': 60.931471509418316, 'I_gpe': 1.1928064177967972, 'I_gpi': 1.901474130498383, 'noise_stn_sigma': 2.7882256098052554, 'noise_gpe_sigma': 105.40578045698999, 'noise_gpi_sigma': 74.43089205267557, 'g_stn_gpe_mult': 2.850228153085297, 'g_gpe_stn_mult': 0.148080034599356, 'g_stn_gpi_mult': 3.4984386924841377, 'g_gpe_gpi_mult': 1.0838511701490319}. Best is trial 609 with value: 0.13639971641942666.
[I 2026-05-28 03:15:06,238] Trial 653 finished with value: 0.43813208963874767 and parameters: {'ISTN': 61.243473337657086, 'I_gpe': 1.1624317774452502, 'I_gpi': 1.9354627246541627, 'noise_stn_sigma': 2.5675929768965915, 'noise_gpe_sigma': 104.07192237129158, 'noise_gpi_sigma': 83.88556699771306, 'g_stn_gpe_mult': 2.768609638004155, 'g_gpe_stn_mult': 0.13900494031295324, 'g_stn_gpi_mult': 3.469968466645236, 'g_gpe_gpi_mult': 1.0843709078911494}. Best is trial 609 with value: 0.13639971641942666.
[I 2026-05-28 03:15:07,250] Trial 654 finished with value: 0.1863443506189202 and parameters: {'ISTN': 60.61120176458557, 'I_gpe': 1.2176446671944476, 'I_gpi': 1.8557138103103652, 'noise_stn_sigma': 2.6180617970772775, 'noise_gpe_sigma': 103.2477218130561, 'noise_gpi_sigma': 78.42413681855369, 'g_stn_gpe_mult': 2.849079704348384, 'g_gpe_stn_mult': 0.1482354733113364, 'g_stn_gpi_mult': 3.4447770304782, 'g_gpe_gpi_mult': 1.1055469754314866}. Best is trial 609 with value: 0.13639971641942666.
[I 2026-05-28 03:15:08,261] Trial 655 finished with value: 0.13867207584570898 and parameters: {'ISTN': 60.42296919261784, 'I_gpe': 1.1833370508668886, 'I_gpi': 1.8556043436997467, 'noise_stn_sigma': 2.6890162945700427, 'noise_gpe_sigma': 104.82039137737277, 'noise_gpi_sigma': 77.99492415685307, 'g_stn_gpe_mult': 2.9159583121673283, 'g_gpe_stn_mult': 0.16745973608111775, 'g_stn_gpi_mult': 3.543731430743377, 'g_gpe_gpi_mult': 1.0898696080075543}. Best is trial 609 with value: 0.13639971641942666.
[I 2026-05-28 03:15:09,273] Trial 656 finished with value: 0.1612297757268729 and parameters: {'ISTN': 62.3232080955158, 'I_gpe': 1.1967358326521356, 'I_gpi': 1.8785971929099694, 'noise_stn_sigma': 2.63197120085043, 'noise_gpe_sigma': 104.17347174950415, 'noise_gpi_sigma': 85.03079235958695, 'g_stn_gpe_mult': 2.8715954866393725, 'g_gpe_stn_mult': 0.15613851438506465, 'g_stn_gpi_mult': 3.415790718591036, 'g_gpe_gpi_mult': 1.1258638470778328}. Best is trial 609 with value: 0.13639971641942666.
[I 2026-05-28 03:15:10,286] Trial 657 finished with value: 0.15441466648975663 and parameters: {'ISTN': 62.64749737973182, 'I_gpe': 1.2535171894968649, 'I_gpi': 1.9353079731012777, 'noise_stn_sigma': 2.613298580709447, 'noise_gpe_sigma': 101.82792737459383, 'noise_gpi_sigma': 82.00382585140213, 'g_stn_gpe_mult': 2.847153338988569, 'g_gpe_stn_mult': 0.13242562243295164, 'g_stn_gpi_mult': 3.435344067563639, 'g_gpe_gpi_mult': 1.0956748931250953}. Best is trial 609 with value: 0.13639971641942666.
[I 2026-05-28 03:15:11,299] Trial 658 finished with value: 0.14434693411560012 and parameters: {'ISTN': 62.0373859546834, 'I_gpe': 1.1833724320304448, 'I_gpi': 1.8872115417336506, 'noise_stn_sigma': 2.444084563001195, 'noise_gpe_sigma': 104.90203141784487, 'noise_gpi_sigma': 83.01065789971301, 'g_stn_gpe_mult': 2.799296779758411, 'g_gpe_stn_mult': 0.14822800317114607, 'g_stn_gpi_mult': 3.429531858941586, 'g_gpe_gpi_mult': 1.0696044149744182}. Best is trial 609 with value: 0.13639971641942666.
[I 2026-05-28 03:15:12,312] Trial 659 finished with value: 0.18598767752799328 and parameters: {'ISTN': 60.4812885776555, 'I_gpe': 1.2065237506130924, 'I_gpi': 1.8789180237002796, 'noise_stn_sigma': 2.602470652497461, 'noise_gpe_sigma': 104.53035719593639, 'noise_gpi_sigma': 82.45052774945495, 'g_stn_gpe_mult': 2.8207464003013656, 'g_gpe_stn_mult': 0.1600032879409206, 'g_stn_gpi_mult': 3.4031548078313296, 'g_gpe_gpi_mult': 1.1030699490196814}. Best is trial 609 with value: 0.13639971641942666.
