[I 2026-05-28 04:09:50,223] Trial 880 finished with value: 0.13020844827767591 and parameters: {'ISTN': 60.41762685700498, 'I_gpe': 1.1552619715412993, 'I_gpi': 2.0391976984713285, 'noise_stn_sigma': 2.6696813160001867, 'noise_gpe_sigma': 104.6420041074845, 'noise_gpi_sigma': 81.34343003171915, 'g_stn_gpe_mult': 3.375486428930013, 'g_gpe_stn_mult': 0.1722397950068968, 'g_stn_gpi_mult': 2.5626914096855686, 'g_gpe_gpi_mult': 0.3381402516989817}. Best is trial 754 with value: 0.12560915155228763.
[I 2026-05-28 04:09:51,232] Trial 881 finished with value: 0.19033407648196957 and parameters: {'ISTN': 60.277966196565956, 'I_gpe': 1.1447066921493434, 'I_gpi': 2.035242659352962, 'noise_stn_sigma': 2.5913051140782093, 'noise_gpe_sigma': 105.45018686276373, 'noise_gpi_sigma': 82.34423451789826, 'g_stn_gpe_mult': 3.3610232638328394, 'g_gpe_stn_mult': 0.17286850369390788, 'g_stn_gpi_mult': 2.5718559137890025, 'g_gpe_gpi_mult': 0.33712076460830676}. Best is trial 754 with value: 0.12560915155228763.
[I 2026-05-28 04:09:52,238] Trial 882 finished with value: 0.13462267310253348 and parameters: {'ISTN': 60.467341366097884, 'I_gpe': 1.1807387501687256, 'I_gpi': 2.0577194122881712, 'noise_stn_sigma': 2.606440741172782, 'noise_gpe_sigma': 105.31724100312987, 'noise_gpi_sigma': 80.92152006042382, 'g_stn_gpe_mult': 3.4025590174314067, 'g_gpe_stn_mult': 0.1723957595776699, 'g_stn_gpi_mult': 2.5924769610193503, 'g_gpe_gpi_mult': 0.33171550289589535}. Best is trial 754 with value: 0.12560915155228763.
[I 2026-05-28 04:09:53,243] Trial 883 finished with value: 0.13009988459839994 and parameters: {'ISTN': 60.46020170679525, 'I_gpe': 1.1452637828068486, 'I_gpi': 2.0413958560942547, 'noise_stn_sigma': 2.5596266794505693, 'noise_gpe_sigma': 105.12102980622247, 'noise_gpi_sigma': 82.29520999148488, 'g_stn_gpe_mult': 3.3891397863689, 'g_gpe_stn_mult': 0.17307747802729084, 'g_stn_gpi_mult': 2.5531222956048483, 'g_gpe_gpi_mult': 0.326644022305237}. Best is trial 754 with value: 0.12560915155228763.
[I 2026-05-28 04:09:54,247] Trial 884 finished with value: 0.13401616132641142 and parameters: {'ISTN': 60.6026474444226, 'I_gpe': 1.1752247486121314, 'I_gpi': 2.05899171913959, 'noise_stn_sigma': 2.711801686045346, 'noise_gpe_sigma': 104.83349769479865, 'noise_gpi_sigma': 83.07749619487751, 'g_stn_gpe_mult': 3.348492046463612, 'g_gpe_stn_mult': 0.166210793242194, 'g_stn_gpi_mult': 2.5570961339827813, 'g_gpe_gpi_mult': 0.3283928485827402}. Best is trial 754 with value: 0.12560915155228763.
[I 2026-05-28 04:09:55,251] Trial 885 finished with value: 0.13254243496302745 and parameters: {'ISTN': 60.304305442707715, 'I_gpe': 1.1429749880858533, 'I_gpi': 2.0594135996153886, 'noise_stn_sigma': 2.622775859410328, 'noise_gpe_sigma': 105.16859101095797, 'noise_gpi_sigma': 82.07809181485484, 'g_stn_gpe_mult': 3.4007738819917135, 'g_gpe_stn_mult': 0.17258321513500505, 'g_stn_gpi_mult': 2.5465519573347115, 'g_gpe_gpi_mult': 0.3338671122111653}. Best is trial 754 with value: 0.12560915155228763.
[I 2026-05-28 04:09:56,255] Trial 886 finished with value: 0.3074733517595597 and parameters: {'ISTN': 60.3090494405753, 'I_gpe': 1.1738365236586525, 'I_gpi': 2.040209547415958, 'noise_stn_sigma': 2.69011973247073, 'noise_gpe_sigma': 104.35923147131717, 'noise_gpi_sigma': 81.8511623497393, 'g_stn_gpe_mult': 3.3428628624348873, 'g_gpe_stn_mult': 0.16919826267340476, 'g_stn_gpi_mult': 2.53928019641783, 'g_gpe_gpi_mult': 0.3279859552318546}. Best is trial 754 with value: 0.12560915155228763.
[I 2026-05-28 04:09:57,261] Trial 887 finished with value: 0.13613803669901187 and parameters: {'ISTN': 60.69250072503732, 'I_gpe': 1.161202416060151, 'I_gpi': 2.0135635516977066, 'noise_stn_sigma': 2.622443720449624, 'noise_gpe_sigma': 106.10026090211787, 'noise_gpi_sigma': 81.64069324102967, 'g_stn_gpe_mult': 3.4040025344836105, 'g_gpe_stn_mult': 0.16824979183443467, 'g_stn_gpi_mult': 2.5795733861802246, 'g_gpe_gpi_mult': 0.32873141894889535}. Best is trial 754 with value: 0.12560915155228763.
[I 2026-05-28 04:09:58,266] Trial 888 finished with value: 0.1351596238749527 and parameters: {'ISTN': 60.73498486236315, 'I_gpe': 1.1364036397783595, 'I_gpi': 2.0136382106211315, 'noise_stn_sigma': 2.6004693420712894, 'noise_gpe_sigma': 104.49346310927174, 'noise_gpi_sigma': 81.23407183320448, 'g_stn_gpe_mult': 3.407212791437365, 'g_gpe_stn_mult': 0.16997226372526436, 'g_stn_gpi_mult': 2.5445082131135703, 'g_gpe_gpi_mult': 0.32361297087297836}. Best is trial 754 with value: 0.12560915155228763.
[I 2026-05-28 04:09:59,273] Trial 889 finished with value: 0.1286415187533141 and parameters: {'ISTN': 60.50606572814927, 'I_gpe': 1.1666848482009504, 'I_gpi': 2.0360988937667424, 'noise_stn_sigma': 2.613150499799519, 'noise_gpe_sigma': 104.93017834142144, 'noise_gpi_sigma': 82.4594200606096, 'g_stn_gpe_mult': 3.364396470399421, 'g_gpe_stn_mult': 0.17082033357037182, 'g_stn_gpi_mult': 2.5562065683459063, 'g_gpe_gpi_mult': 0.31445432061407974}. Best is trial 754 with value: 0.12560915155228763.
[I 2026-05-28 04:10:00,279] Trial 890 finished with value: 0.12842680901748554 and parameters: {'ISTN': 60.41226147038832, 'I_gpe': 1.158840055426601, 'I_gpi': 2.046713410531391, 'noise_stn_sigma': 2.5803884381929256, 'noise_gpe_sigma': 104.75004033375379, 'noise_gpi_sigma': 81.02757150230536, 'g_stn_gpe_mult': 3.363962649269861, 'g_gpe_stn_mult': 0.1709335021786983, 'g_stn_gpi_mult': 2.560359265189122, 'g_gpe_gpi_mult': 0.3292313742763617}. Best is trial 754 with value: 0.12560915155228763.
[I 2026-05-28 04:10:01,286] Trial 891 finished with value: 0.13444084123171082 and parameters: {'ISTN': 60.5026628999447, 'I_gpe': 1.1862813956120586, 'I_gpi': 2.033384903524392, 'noise_stn_sigma': 2.571208209554808, 'noise_gpe_sigma': 105.32890491838926, 'noise_gpi_sigma': 82.51976035861347, 'g_stn_gpe_mult': 3.3246781731843607, 'g_gpe_stn_mult': 0.17055094063843418, 'g_stn_gpi_mult': 2.5524582891610805, 'g_gpe_gpi_mult': 0.3158944440874052}. Best is trial 754 with value: 0.12560915155228763.
[I 2026-05-28 04:10:02,290] Trial 892 finished with value: 0.13096521093882296 and parameters: {'ISTN': 60.652697287136064, 'I_gpe': 1.1603595084604232, 'I_gpi': 2.049656534349806, 'noise_stn_sigma': 2.651235869618482, 'noise_gpe_sigma': 104.66678740015016, 'noise_gpi_sigma': 81.8080774054809, 'g_stn_gpe_mult': 3.390481383454308, 'g_gpe_stn_mult': 0.16712913714407165, 'g_stn_gpi_mult': 2.5860049823480358, 'g_gpe_gpi_mult': 0.328292878032473}. Best is trial 754 with value: 0.12560915155228763.
[I 2026-05-28 04:10:03,294] Trial 893 finished with value: 0.1280251176802354 and parameters: {'ISTN': 60.39685237975162, 'I_gpe': 1.1590229752576815, 'I_gpi': 2.0399899567582747, 'noise_stn_sigma': 2.603198174130975, 'noise_gpe_sigma': 106.07155834429618, 'noise_gpi_sigma': 82.68636862286758, 'g_stn_gpe_mult': 3.323938953702591, 'g_gpe_stn_mult': 0.17311845021929212, 'g_stn_gpi_mult': 2.5757608445814086, 'g_gpe_gpi_mult': 0.3171994787906621}. Best is trial 754 with value: 0.12560915155228763.
[I 2026-05-28 04:10:04,300] Trial 894 finished with value: 0.13497775813973684 and parameters: {'ISTN': 60.46166909266794, 'I_gpe': 1.155356559099391, 'I_gpi': 2.035954800401843, 'noise_stn_sigma': 2.6319482912319074, 'noise_gpe_sigma': 103.97943867289776, 'noise_gpi_sigma': 81.47697112375371, 'g_stn_gpe_mult': 3.3153049721494936, 'g_gpe_stn_mult': 0.1690923817193782, 'g_stn_gpi_mult': 2.5747898324339076, 'g_gpe_gpi_mult': 0.324705555808872}. Best is trial 754 with value: 0.12560915155228763.
[I 2026-05-28 04:10:05,307] Trial 895 finished with value: 0.20845187784039368 and parameters: {'ISTN': 60.14790166932187, 'I_gpe': 1.1896968378817252, 'I_gpi': 2.013397290754324, 'noise_stn_sigma': 2.5924056678736918, 'noise_gpe_sigma': 105.01517006075852, 'noise_gpi_sigma': 81.82630027396547, 'g_stn_gpe_mult': 3.306228016707684, 'g_gpe_stn_mult': 0.1738759099475975, 'g_stn_gpi_mult': 2.566377188626198, 'g_gpe_gpi_mult': 0.3134088685973604}. Best is trial 754 with value: 0.12560915155228763.
[I 2026-05-28 04:10:06,310] Trial 896 finished with value: 0.1389690706655146 and parameters: {'ISTN': 60.84056019296964, 'I_gpe': 1.1508979449573062, 'I_gpi': 2.009916894154059, 'noise_stn_sigma': 2.6323481354498597, 'noise_gpe_sigma': 105.18454626308692, 'noise_gpi_sigma': 81.36966064774876, 'g_stn_gpe_mult': 3.3448873183129506, 'g_gpe_stn_mult': 0.16779329825296857, 'g_stn_gpi_mult': 2.5681330976716503, 'g_gpe_gpi_mult': 0.31680731514731864}. Best is trial 754 with value: 0.12560915155228763.
[I 2026-05-28 04:10:07,315] Trial 897 finished with value: 0.13240278933393818 and parameters: {'ISTN': 60.794811520750535, 'I_gpe': 1.154040599982604, 'I_gpi': 2.0427838565749328, 'noise_stn_sigma': 2.525717021600421, 'noise_gpe_sigma': 104.61972275423862, 'noise_gpi_sigma': 80.8303683129948, 'g_stn_gpe_mult': 3.354559519649764, 'g_gpe_stn_mult': 0.16946513270113328, 'g_stn_gpi_mult': 2.5259619494439702, 'g_gpe_gpi_mult': 0.3238318265038244}. Best is trial 754 with value: 0.12560915155228763.
[I 2026-05-28 04:10:08,320] Trial 898 finished with value: 0.13209357243623798 and parameters: {'ISTN': 60.323441943666566, 'I_gpe': 1.1587831593484084, 'I_gpi': 2.0285255372403634, 'noise_stn_sigma': 2.543408016576341, 'noise_gpe_sigma': 105.1883450391395, 'noise_gpi_sigma': 81.73663015999554, 'g_stn_gpe_mult': 3.385355315647472, 'g_gpe_stn_mult': 0.17231609651423357, 'g_stn_gpi_mult': 2.547167450137184, 'g_gpe_gpi_mult': 0.3254832745434588}. Best is trial 754 with value: 0.12560915155228763.
[I 2026-05-28 04:10:09,326] Trial 899 finished with value: 0.13445654831835988 and parameters: {'ISTN': 60.19805898162234, 'I_gpe': 1.204669672069719, 'I_gpi': 2.053180042940287, 'noise_stn_sigma': 2.605373499788394, 'noise_gpe_sigma': 104.90646343550269, 'noise_gpi_sigma': 81.88575394765422, 'g_stn_gpe_mult': 3.3415510969486464, 'g_gpe_stn_mult': 0.17165182692291808, 'g_stn_gpi_mult': 2.5672432838861337, 'g_gpe_gpi_mult': 0.3224082087003607}. Best is trial 754 with value: 0.12560915155228763.
[I 2026-05-28 04:10:10,333] Trial 900 finished with value: 0.2250253704079181 and parameters: {'ISTN': 60.35766587265945, 'I_gpe': 1.1385026723420155, 'I_gpi': 2.0728850536061794, 'noise_stn_sigma': 2.6674592777191863, 'noise_gpe_sigma': 105.77393176084232, 'noise_gpi_sigma': 82.56967975430538, 'g_stn_gpe_mult': 3.3605550793612267, 'g_gpe_stn_mult': 0.17009617928395518, 'g_stn_gpi_mult': 2.564257886637994, 'g_gpe_gpi_mult': 0.3215817681190639}. Best is trial 754 with value: 0.12560915155228763.
[I 2026-05-28 04:10:11,279] Trial 901 finished with value: 1000000.0 and parameters: {'ISTN': 60.54821474770312, 'I_gpe': 1.1659471930867904, 'I_gpi': 2.0585151354837308, 'noise_stn_sigma': 2.6432331474052386, 'noise_gpe_sigma': 105.38273588761899, 'noise_gpi_sigma': 82.09023764567635, 'g_stn_gpe_mult': 3.353929049570496, 'g_gpe_stn_mult': 0.1689091153553278, 'g_stn_gpi_mult': 2.573731587003896, 'g_gpe_gpi_mult': 0.32501537158607974}. Best is trial 754 with value: 0.12560915155228763.
[I 2026-05-28 04:10:12,286] Trial 902 finished with value: 0.12797909197471757 and parameters: {'ISTN': 60.27983062186092, 'I_gpe': 1.1540758741574313, 'I_gpi': 2.034489644157226, 'noise_stn_sigma': 2.557961894471223, 'noise_gpe_sigma': 105.41549595369966, 'noise_gpi_sigma': 83.14874626185889, 'g_stn_gpe_mult': 3.3316046295271233, 'g_gpe_stn_mult': 0.17369621498474747, 'g_stn_gpi_mult': 2.5574509682490087, 'g_gpe_gpi_mult': 0.3218903457305849}. Best is trial 754 with value: 0.12560915155228763.
[I 2026-05-28 04:10:13,292] Trial 903 finished with value: 0.13437311567332 and parameters: {'ISTN': 60.74758345053257, 'I_gpe': 1.1718552378520255, 'I_gpi': 2.0506732924845217, 'noise_stn_sigma': 2.570998414535201, 'noise_gpe_sigma': 105.45644197842194, 'noise_gpi_sigma': 82.5603015406297, 'g_stn_gpe_mult': 3.3513590601894636, 'g_gpe_stn_mult': 0.16797902003131898, 'g_stn_gpi_mult': 2.568226502467454, 'g_gpe_gpi_mult': 0.31654665723921677}. Best is trial 754 with value: 0.12560915155228763.
[I 2026-05-28 04:10:14,296] Trial 904 finished with value: 0.12774679377504544 and parameters: {'ISTN': 60.319148953093055, 'I_gpe': 1.1518139689130389, 'I_gpi': 2.0346321241203142, 'noise_stn_sigma': 2.5673347271338764, 'noise_gpe_sigma': 106.0287815942217, 'noise_gpi_sigma': 81.86353101308733, 'g_stn_gpe_mult': 3.3628991789858556, 'g_gpe_stn_mult': 0.17680525036116923, 'g_stn_gpi_mult': 2.557252404842015, 'g_gpe_gpi_mult': 0.32153093553864515}. Best is trial 754 with value: 0.12560915155228763.
[I 2026-05-28 04:10:15,241] Trial 905 finished with value: 1000000.0 and parameters: {'ISTN': 60.43301745256076, 'I_gpe': 1.161205414616385, 'I_gpi': 2.087288449822137, 'noise_stn_sigma': 2.4922180079515983, 'noise_gpe_sigma': 105.20279393940548, 'noise_gpi_sigma': 81.02182927938347, 'g_stn_gpe_mult': 3.4122293142329996, 'g_gpe_stn_mult': 0.17174888577252023, 'g_stn_gpi_mult': 2.5548289537103823, 'g_gpe_gpi_mult': 0.3227359616639208}. Best is trial 754 with value: 0.12560915155228763.
[I 2026-05-28 04:10:16,245] Trial 906 finished with value: 0.13750537028894458 and parameters: {'ISTN': 60.820272776711356, 'I_gpe': 1.163006121826078, 'I_gpi': 2.0407870164614703, 'noise_stn_sigma': 2.50687484222469, 'noise_gpe_sigma': 105.27625217133841, 'noise_gpi_sigma': 81.7429351166206, 'g_stn_gpe_mult': 3.367292432665617, 'g_gpe_stn_mult': 0.17121179469440795, 'g_stn_gpi_mult': 2.5407641609550105, 'g_gpe_gpi_mult': 0.3191963407553742}. Best is trial 754 with value: 0.12560915155228763.
[I 2026-05-28 04:10:17,253] Trial 907 finished with value: 0.12951501448655683 and parameters: {'ISTN': 60.26238181624929, 'I_gpe': 1.156946657147794, 'I_gpi': 2.0356670627828204, 'noise_stn_sigma': 2.654630331224771, 'noise_gpe_sigma': 105.5717017589392, 'noise_gpi_sigma': 81.56968377636335, 'g_stn_gpe_mult': 3.347592608889773, 'g_gpe_stn_mult': 0.17345388416706678, 'g_stn_gpi_mult': 2.575308402955544, 'g_gpe_gpi_mult': 0.3304936220942129}. Best is trial 754 with value: 0.12560915155228763.
[I 2026-05-28 04:10:18,258] Trial 908 finished with value: 0.13038073313620954 and parameters: {'ISTN': 60.41983903024702, 'I_gpe': 1.1619415294089808, 'I_gpi': 2.0198726599985557, 'noise_stn_sigma': 2.6199267312092696, 'noise_gpe_sigma': 105.5834482842272, 'noise_gpi_sigma': 82.49594481128156, 'g_stn_gpe_mult': 3.3375983890573675, 'g_gpe_stn_mult': 0.17102232505044482, 'g_stn_gpi_mult': 2.55412590668047, 'g_gpe_gpi_mult': 0.3099683238889265}. Best is trial 754 with value: 0.12560915155228763.
[I 2026-05-28 04:10:19,263] Trial 909 finished with value: 0.13467794780976652 and parameters: {'ISTN': 60.68208171907824, 'I_gpe': 1.1406126313916456, 'I_gpi': 2.0269219552093634, 'noise_stn_sigma': 2.574410545869509, 'noise_gpe_sigma': 105.04901223137284, 'noise_gpi_sigma': 81.35476976791387, 'g_stn_gpe_mult': 3.39797836824499, 'g_gpe_stn_mult': 0.1707022609508805, 'g_stn_gpi_mult': 2.56911641088593, 'g_gpe_gpi_mult': 0.33475058068797364}. Best is trial 754 with value: 0.12560915155228763.
[I 2026-05-28 04:10:20,272] Trial 910 finished with value: 0.12904816176798423 and parameters: {'ISTN': 60.453492519072725, 'I_gpe': 1.166251408177192, 'I_gpi': 2.038841767976166, 'noise_stn_sigma': 2.5717177805659768, 'noise_gpe_sigma': 105.69764168870107, 'noise_gpi_sigma': 82.41549426158903, 'g_stn_gpe_mult': 3.339603816270494, 'g_gpe_stn_mult': 0.17100573197210894, 'g_stn_gpi_mult': 2.5688403866931324, 'g_gpe_gpi_mult': 0.31626290958528214}. Best is trial 754 with value: 0.12560915155228763.
[I 2026-05-28 04:10:21,279] Trial 911 finished with value: 0.12878320438523302 and parameters: {'ISTN': 60.022770530447104, 'I_gpe': 1.1396324151271335, 'I_gpi': 2.0402446545082986, 'noise_stn_sigma': 2.5530898571917326, 'noise_gpe_sigma': 105.4522256632149, 'noise_gpi_sigma': 81.88494903606613, 'g_stn_gpe_mult': 3.3900328679782, 'g_gpe_stn_mult': 0.1813553984120602, 'g_stn_gpi_mult': 2.533202358516213, 'g_gpe_gpi_mult': 0.3232006113332241}. Best is trial 754 with value: 0.12560915155228763.
[I 2026-05-28 04:10:22,286] Trial 912 finished with value: 0.13033540250587908 and parameters: {'ISTN': 60.648932474441686, 'I_gpe': 1.160467920015383, 'I_gpi': 2.0573804992882, 'noise_stn_sigma': 2.5408589168254254, 'noise_gpe_sigma': 105.54345391310949, 'noise_gpi_sigma': 82.6200680638637, 'g_stn_gpe_mult': 3.3354957375361396, 'g_gpe_stn_mult': 0.17037347811575723, 'g_stn_gpi_mult': 2.5467419870390584, 'g_gpe_gpi_mult': 0.328227769358996}. Best is trial 754 with value: 0.12560915155228763.
[I 2026-05-28 04:10:23,295] Trial 913 finished with value: 0.13099466665354673 and parameters: {'ISTN': 60.26591833870199, 'I_gpe': 1.1458316492273175, 'I_gpi': 2.038859276437864, 'noise_stn_sigma': 2.597575229580754, 'noise_gpe_sigma': 105.40721641090332, 'noise_gpi_sigma': 81.71920475567627, 'g_stn_gpe_mult': 3.3841879802739276, 'g_gpe_stn_mult': 0.17637598712386587, 'g_stn_gpi_mult': 2.541993815896496, 'g_gpe_gpi_mult': 0.3283250778871666}. Best is trial 754 with value: 0.12560915155228763.
[I 2026-05-28 04:10:24,300] Trial 914 finished with value: 0.13064233006874906 and parameters: {'ISTN': 60.39209616963789, 'I_gpe': 1.1523078217099598, 'I_gpi': 2.0035763767627577, 'noise_stn_sigma': 2.5598585287506044, 'noise_gpe_sigma': 105.55475213388095, 'noise_gpi_sigma': 82.25381244476894, 'g_stn_gpe_mult': 3.318927271257853, 'g_gpe_stn_mult': 0.17436671634101564, 'g_stn_gpi_mult': 2.548559746439576, 'g_gpe_gpi_mult': 0.31356790831840764}. Best is trial 754 with value: 0.12560915155228763.
[I 2026-05-28 04:10:25,308] Trial 915 finished with value: 0.13289266082964254 and parameters: {'ISTN': 60.36821422926743, 'I_gpe': 1.1531852284462238, 'I_gpi': 2.0326046438051026, 'noise_stn_sigma': 2.5921230968434035, 'noise_gpe_sigma': 105.41447585890036, 'noise_gpi_sigma': 82.54585402655053, 'g_stn_gpe_mult': 3.355375958932639, 'g_gpe_stn_mult': 0.17415228000330069, 'g_stn_gpi_mult': 2.568579463159217, 'g_gpe_gpi_mult': 0.3316561014267165}. Best is trial 754 with value: 0.12560915155228763.
[I 2026-05-28 04:10:26,314] Trial 916 finished with value: 0.13177689063844836 and parameters: {'ISTN': 60.45488965925627, 'I_gpe': 1.1690565501991559, 'I_gpi': 2.046548261841118, 'noise_stn_sigma': 2.5728819426785274, 'noise_gpe_sigma': 106.0383115070286, 'noise_gpi_sigma': 82.49167189562141, 'g_stn_gpe_mult': 3.3391456134112647, 'g_gpe_stn_mult': 0.17609936651256025, 'g_stn_gpi_mult': 2.5624798855135738, 'g_gpe_gpi_mult': 0.32538061362928933}. Best is trial 754 with value: 0.12560915155228763.
[I 2026-05-28 04:10:27,318] Trial 917 finished with value: 0.1305046230818595 and parameters: {'ISTN': 60.150232718932756, 'I_gpe': 1.1690972234400447, 'I_gpi': 2.042478504265848, 'noise_stn_sigma': 2.5756533113074083, 'noise_gpe_sigma': 104.27078542491387, 'noise_gpi_sigma': 81.90120183500403, 'g_stn_gpe_mult': 3.323668005287713, 'g_gpe_stn_mult': 0.17601103850884608, 'g_stn_gpi_mult': 2.5634167712214677, 'g_gpe_gpi_mult': 0.33010573074119787}. Best is trial 754 with value: 0.12560915155228763.
[I 2026-05-28 04:10:28,326] Trial 918 finished with value: 0.12941917640782988 and parameters: {'ISTN': 60.519856698290795, 'I_gpe': 1.155737662895036, 'I_gpi': 2.0151445346725607, 'noise_stn_sigma': 2.596056098735451, 'noise_gpe_sigma': 106.56675642999099, 'noise_gpi_sigma': 83.3230250595939, 'g_stn_gpe_mult': 3.3597130139593454, 'g_gpe_stn_mult': 0.17377961783926998, 'g_stn_gpi_mult': 2.563403473826154, 'g_gpe_gpi_mult': 0.3142988750232364}. Best is trial 754 with value: 0.12560915155228763.
[I 2026-05-28 04:10:29,332] Trial 919 finished with value: 0.12906777740575479 and parameters: {'ISTN': 60.20603755101173, 'I_gpe': 1.1623813207579805, 'I_gpi': 2.0225915308785347, 'noise_stn_sigma': 2.5759306030163294, 'noise_gpe_sigma': 105.4072789551715, 'noise_gpi_sigma': 82.62528399559706, 'g_stn_gpe_mult': 3.3557599308549397, 'g_gpe_stn_mult': 0.1744669831731967, 'g_stn_gpi_mult': 2.5539114945783483, 'g_gpe_gpi_mult': 0.31931968334722005}. Best is trial 754 with value: 0.12560915155228763.
[I 2026-05-28 04:10:30,339] Trial 920 finished with value: 0.13057045362201902 and parameters: {'ISTN': 60.37409660191469, 'I_gpe': 1.1523507331346265, 'I_gpi': 2.0440141404240597, 'noise_stn_sigma': 2.5979585103315346, 'noise_gpe_sigma': 106.2801698659587, 'noise_gpi_sigma': 82.14982543287563, 'g_stn_gpe_mult': 3.346993739737602, 'g_gpe_stn_mult': 0.17369429856120905, 'g_stn_gpi_mult': 2.5721944870051434, 'g_gpe_gpi_mult': 0.3215240598175114}. Best is trial 754 with value: 0.12560915155228763.
[I 2026-05-28 04:10:31,345] Trial 921 finished with value: 0.12833717055185928 and parameters: {'ISTN': 60.12386023204208, 'I_gpe': 1.1470026468948948, 'I_gpi': 2.0615766980669985, 'noise_stn_sigma': 2.5258411691611453, 'noise_gpe_sigma': 106.03690395226792, 'noise_gpi_sigma': 83.26224438717296, 'g_stn_gpe_mult': 3.3941677856238073, 'g_gpe_stn_mult': 0.18023167112064975, 'g_stn_gpi_mult': 2.5170904113217176, 'g_gpe_gpi_mult': 0.32459210200449257}. Best is trial 754 with value: 0.12560915155228763.
[I 2026-05-28 04:10:32,350] Trial 922 finished with value: 0.12643192535160916 and parameters: {'ISTN': 60.23604004772037, 'I_gpe': 1.1590220008025187, 'I_gpi': 2.0360608216850498, 'noise_stn_sigma': 2.5442195146308735, 'noise_gpe_sigma': 104.74699539300516, 'noise_gpi_sigma': 81.35317976623867, 'g_stn_gpe_mult': 3.3627780875151148, 'g_gpe_stn_mult': 0.17757816452572178, 'g_stn_gpi_mult': 2.5563995035456815, 'g_gpe_gpi_mult': 0.32864912132614277}. Best is trial 754 with value: 0.12560915155228763.
[I 2026-05-28 04:10:33,354] Trial 923 finished with value: 0.13027319136116916 and parameters: {'ISTN': 60.234366190253304, 'I_gpe': 1.1408689979491924, 'I_gpi': 2.0568732594238184, 'noise_stn_sigma': 2.5380829416909485, 'noise_gpe_sigma': 105.22383251680472, 'noise_gpi_sigma': 82.67537303042103, 'g_stn_gpe_mult': 3.3438998591633498, 'g_gpe_stn_mult': 0.17773940074289568, 'g_stn_gpi_mult': 2.540879760348683, 'g_gpe_gpi_mult': 0.3192950886589413}. Best is trial 754 with value: 0.12560915155228763.
