[I 2026-05-28 04:03:56,661] Trial 528 finished with value: 0.14243881690997554 and parameters: {'ISTN': 60.56659385014497, 'I_gpe': 1.097269788931913, 'I_gpi': 1.9299390660261464, 'noise_stn_sigma': 2.634626398278031, 'noise_gpe_sigma': 106.93061306812417, 'noise_gpi_sigma': 83.20377964454146, 'g_stn_gpe_mult': 3.384419338076137, 'g_gpe_stn_mult': 0.1766532013411062, 'g_stn_gpi_mult': 2.523636683113184, 'g_gpe_gpi_mult': 0.34667302531923916}. Best is trial 526 with value: 0.1290046176042603.
[I 2026-05-28 04:03:57,666] Trial 529 finished with value: 0.18659958170717073 and parameters: {'ISTN': 61.137498300811295, 'I_gpe': 1.1043564321733768, 'I_gpi': 2.0240648832473855, 'noise_stn_sigma': 2.647524244849575, 'noise_gpe_sigma': 107.98134935576223, 'noise_gpi_sigma': 82.7527676166933, 'g_stn_gpe_mult': 3.4017613456783597, 'g_gpe_stn_mult': 0.1549917840034132, 'g_stn_gpi_mult': 2.578697259530223, 'g_gpe_gpi_mult': 0.3775196791525175}. Best is trial 526 with value: 0.1290046176042603.
[I 2026-05-28 04:03:58,671] Trial 530 finished with value: 0.14201748145394527 and parameters: {'ISTN': 60.555244907153984, 'I_gpe': 1.0468280171308584, 'I_gpi': 1.9384716723321715, 'noise_stn_sigma': 2.557508271250399, 'noise_gpe_sigma': 105.52275858305184, 'noise_gpi_sigma': 81.00979109648031, 'g_stn_gpe_mult': 3.4246572118223306, 'g_gpe_stn_mult': 0.1688144644008325, 'g_stn_gpi_mult': 2.494926959208321, 'g_gpe_gpi_mult': 0.3615203727069143}. Best is trial 526 with value: 0.1290046176042603.
[I 2026-05-28 04:03:59,677] Trial 531 finished with value: 0.13193646962887165 and parameters: {'ISTN': 60.556671086911706, 'I_gpe': 1.1439590912905486, 'I_gpi': 2.0605839371428223, 'noise_stn_sigma': 2.5963157606610157, 'noise_gpe_sigma': 104.64922582042409, 'noise_gpi_sigma': 81.54716879490934, 'g_stn_gpe_mult': 3.3754846299430494, 'g_gpe_stn_mult': 0.17134067314826712, 'g_stn_gpi_mult': 2.463550113492465, 'g_gpe_gpi_mult': 0.3321036662533833}. Best is trial 526 with value: 0.1290046176042603.
[I 2026-05-28 04:04:00,682] Trial 532 finished with value: 0.13140690749039607 and parameters: {'ISTN': 60.35729591848877, 'I_gpe': 1.105746673391065, 'I_gpi': 1.99709388949264, 'noise_stn_sigma': 2.6827246378647036, 'noise_gpe_sigma': 106.5755403881088, 'noise_gpi_sigma': 80.6734522628401, 'g_stn_gpe_mult': 3.3922583384691443, 'g_gpe_stn_mult': 0.17277298922651635, 'g_stn_gpi_mult': 2.452729852587691, 'g_gpe_gpi_mult': 0.369247587476785}. Best is trial 526 with value: 0.1290046176042603.
[I 2026-05-28 04:04:01,685] Trial 533 finished with value: 0.13801559291017976 and parameters: {'ISTN': 60.55806368790822, 'I_gpe': 1.0766811447132147, 'I_gpi': 1.9781091325531817, 'noise_stn_sigma': 2.570193034891725, 'noise_gpe_sigma': 108.0979761279931, 'noise_gpi_sigma': 78.71495220672823, 'g_stn_gpe_mult': 3.4698620242686844, 'g_gpe_stn_mult': 0.1806236380190669, 'g_stn_gpi_mult': 2.549640193377454, 'g_gpe_gpi_mult': 0.35184640164229203}. Best is trial 526 with value: 0.1290046176042603.
[I 2026-05-28 04:04:02,689] Trial 534 finished with value: 0.13273840672668447 and parameters: {'ISTN': 60.03962710700328, 'I_gpe': 1.128171254541573, 'I_gpi': 2.0300399201334107, 'noise_stn_sigma': 2.6324975479283896, 'noise_gpe_sigma': 106.59577840709721, 'noise_gpi_sigma': 82.22253698082831, 'g_stn_gpe_mult': 3.483766577678197, 'g_gpe_stn_mult': 0.1786733590337074, 'g_stn_gpi_mult': 2.54975375297419, 'g_gpe_gpi_mult': 0.3864639603204554}. Best is trial 526 with value: 0.1290046176042603.
[I 2026-05-28 04:04:03,692] Trial 535 finished with value: 0.13334165135756074 and parameters: {'ISTN': 60.479883460174655, 'I_gpe': 1.1889549994897612, 'I_gpi': 2.0450639502381307, 'noise_stn_sigma': 2.753247453993053, 'noise_gpe_sigma': 104.65068808573099, 'noise_gpi_sigma': 81.70131990107376, 'g_stn_gpe_mult': 3.417258139332636, 'g_gpe_stn_mult': 0.16628534393025574, 'g_stn_gpi_mult': 2.477653706425403, 'g_gpe_gpi_mult': 0.37067083477119256}. Best is trial 526 with value: 0.1290046176042603.
[I 2026-05-28 04:04:04,698] Trial 536 finished with value: 0.2813228644463127 and parameters: {'ISTN': 60.52329178308278, 'I_gpe': 1.152281911518768, 'I_gpi': 2.0712475646877166, 'noise_stn_sigma': 2.7249339989642767, 'noise_gpe_sigma': 105.66282753072332, 'noise_gpi_sigma': 82.21327648424268, 'g_stn_gpe_mult': 3.345031051682411, 'g_gpe_stn_mult': 0.1668535645457144, 'g_stn_gpi_mult': 2.5032086315834605, 'g_gpe_gpi_mult': 0.36113765294609224}. Best is trial 526 with value: 0.1290046176042603.
[I 2026-05-28 04:04:05,703] Trial 537 finished with value: 0.13650451127847482 and parameters: {'ISTN': 60.2637271776661, 'I_gpe': 1.1583233581324293, 'I_gpi': 2.013184406114009, 'noise_stn_sigma': 2.458091139494317, 'noise_gpe_sigma': 107.8658210261782, 'noise_gpi_sigma': 84.36524531811108, 'g_stn_gpe_mult': 3.4136833248831167, 'g_gpe_stn_mult': 0.18648909479891104, 'g_stn_gpi_mult': 2.4908588889743277, 'g_gpe_gpi_mult': 0.363654565025896}. Best is trial 526 with value: 0.1290046176042603.
[I 2026-05-28 04:04:06,710] Trial 538 finished with value: 0.20958163552036294 and parameters: {'ISTN': 60.06211476190069, 'I_gpe': 1.0958165141011174, 'I_gpi': 2.0003016535913516, 'noise_stn_sigma': 2.678159029486346, 'noise_gpe_sigma': 107.00982699233364, 'noise_gpi_sigma': 80.89487108027589, 'g_stn_gpe_mult': 3.4110142093818823, 'g_gpe_stn_mult': 0.16910030104365364, 'g_stn_gpi_mult': 2.5939691587072247, 'g_gpe_gpi_mult': 0.3743953952859975}. Best is trial 526 with value: 0.1290046176042603.
[I 2026-05-28 04:04:07,716] Trial 539 finished with value: 0.14002402279390733 and parameters: {'ISTN': 60.781238819271195, 'I_gpe': 1.1208362916284278, 'I_gpi': 1.9459741796783474, 'noise_stn_sigma': 2.656728172866499, 'noise_gpe_sigma': 108.27458486612427, 'noise_gpi_sigma': 82.20833571874482, 'g_stn_gpe_mult': 3.41735691013356, 'g_gpe_stn_mult': 0.17695459310010803, 'g_stn_gpi_mult': 2.533313126475643, 'g_gpe_gpi_mult': 0.3584678936060747}. Best is trial 526 with value: 0.1290046176042603.
[I 2026-05-28 04:04:08,722] Trial 540 finished with value: 0.1576496757411555 and parameters: {'ISTN': 60.98012519850032, 'I_gpe': 1.1397158665265694, 'I_gpi': 2.049009978211045, 'noise_stn_sigma': 2.621243351473523, 'noise_gpe_sigma': 104.2172448973706, 'noise_gpi_sigma': 81.35397768510218, 'g_stn_gpe_mult': 3.3570121928047096, 'g_gpe_stn_mult': 0.18307643713222138, 'g_stn_gpi_mult': 2.5551961889346275, 'g_gpe_gpi_mult': 0.38611774751623473}. Best is trial 526 with value: 0.1290046176042603.
[I 2026-05-28 04:04:09,729] Trial 541 finished with value: 0.1346008175883575 and parameters: {'ISTN': 60.66446577540916, 'I_gpe': 1.1198898666228443, 'I_gpi': 2.0171304966058665, 'noise_stn_sigma': 2.5896429316631506, 'noise_gpe_sigma': 106.19512389093572, 'noise_gpi_sigma': 80.37403168737885, 'g_stn_gpe_mult': 3.3997049449236973, 'g_gpe_stn_mult': 0.1714483886955169, 'g_stn_gpi_mult': 2.4811813890019625, 'g_gpe_gpi_mult': 0.3576876196839575}. Best is trial 526 with value: 0.1290046176042603.
[I 2026-05-28 04:04:10,733] Trial 542 finished with value: 0.14503142093836252 and parameters: {'ISTN': 60.9516786803813, 'I_gpe': 1.1795498178402934, 'I_gpi': 2.115741181427002, 'noise_stn_sigma': 2.6847041037803514, 'noise_gpe_sigma': 104.8105318726793, 'noise_gpi_sigma': 82.23138810319129, 'g_stn_gpe_mult': 3.3482508474436106, 'g_gpe_stn_mult': 0.16833848670252202, 'g_stn_gpi_mult': 2.4869067254831974, 'g_gpe_gpi_mult': 0.3799369291550594}. Best is trial 526 with value: 0.1290046176042603.
[I 2026-05-28 04:04:11,739] Trial 543 finished with value: 0.136723662406575 and parameters: {'ISTN': 60.6728640559506, 'I_gpe': 1.0827700867766012, 'I_gpi': 2.0306501549760525, 'noise_stn_sigma': 2.6130892121262135, 'noise_gpe_sigma': 103.6398155008281, 'noise_gpi_sigma': 81.78972965401029, 'g_stn_gpe_mult': 3.497031540192742, 'g_gpe_stn_mult': 0.17845530295842926, 'g_stn_gpi_mult': 2.4880929244981482, 'g_gpe_gpi_mult': 0.3664714085926772}. Best is trial 526 with value: 0.1290046176042603.
[I 2026-05-28 04:04:12,744] Trial 544 finished with value: 0.1392194539755828 and parameters: {'ISTN': 60.994026879367304, 'I_gpe': 1.074058643175428, 'I_gpi': 2.038791732613354, 'noise_stn_sigma': 2.7352416710402965, 'noise_gpe_sigma': 104.50300152148303, 'noise_gpi_sigma': 82.60916308047742, 'g_stn_gpe_mult': 3.481744127137814, 'g_gpe_stn_mult': 0.17125389140461256, 'g_stn_gpi_mult': 2.513957837619259, 'g_gpe_gpi_mult': 0.3827621653205686}. Best is trial 526 with value: 0.1290046176042603.
[I 2026-05-28 04:04:13,749] Trial 545 finished with value: 0.134752172941507 and parameters: {'ISTN': 60.1358454959111, 'I_gpe': 1.1005526633011722, 'I_gpi': 2.0287217804122726, 'noise_stn_sigma': 2.6928025411809298, 'noise_gpe_sigma': 109.29314087965962, 'noise_gpi_sigma': 78.50751483285097, 'g_stn_gpe_mult': 3.4737075492005767, 'g_gpe_stn_mult': 0.17767697975774827, 'g_stn_gpi_mult': 2.493324870498628, 'g_gpe_gpi_mult': 0.3400748912590359}. Best is trial 526 with value: 0.1290046176042603.
[I 2026-05-28 04:04:14,754] Trial 546 finished with value: 0.13233064350184814 and parameters: {'ISTN': 60.43081489834234, 'I_gpe': 1.131047152565864, 'I_gpi': 1.9873692338837203, 'noise_stn_sigma': 2.618740412242495, 'noise_gpe_sigma': 106.01768185382882, 'noise_gpi_sigma': 79.39414111430477, 'g_stn_gpe_mult': 3.4345290844928638, 'g_gpe_stn_mult': 0.1716417244712194, 'g_stn_gpi_mult': 2.4939777792547346, 'g_gpe_gpi_mult': 0.3591291614548048}. Best is trial 526 with value: 0.1290046176042603.
[I 2026-05-28 04:04:15,760] Trial 547 finished with value: 0.15350427596045016 and parameters: {'ISTN': 61.717089745102285, 'I_gpe': 1.1294949053089862, 'I_gpi': 2.0791450183123255, 'noise_stn_sigma': 2.726899021935683, 'noise_gpe_sigma': 105.73564548613385, 'noise_gpi_sigma': 82.91327774201442, 'g_stn_gpe_mult': 3.3591368912909605, 'g_gpe_stn_mult': 0.16374536389736147, 'g_stn_gpi_mult': 2.4066767536467952, 'g_gpe_gpi_mult': 0.3531040051310963}. Best is trial 526 with value: 0.1290046176042603.
[I 2026-05-28 04:04:16,766] Trial 548 finished with value: 0.13974633867236036 and parameters: {'ISTN': 60.60886513542673, 'I_gpe': 1.1064333025136106, 'I_gpi': 2.0498240571214015, 'noise_stn_sigma': 2.5381077896019537, 'noise_gpe_sigma': 105.09348486571044, 'noise_gpi_sigma': 82.76872583909997, 'g_stn_gpe_mult': 3.408695811441728, 'g_gpe_stn_mult': 0.17605778410438283, 'g_stn_gpi_mult': 2.445969629921092, 'g_gpe_gpi_mult': 0.37406308792122445}. Best is trial 526 with value: 0.1290046176042603.
[I 2026-05-28 04:04:17,771] Trial 549 finished with value: 0.13201575559067755 and parameters: {'ISTN': 60.41847393856841, 'I_gpe': 1.1330259249200394, 'I_gpi': 2.0338592103228237, 'noise_stn_sigma': 2.707069330412047, 'noise_gpe_sigma': 103.96496026335048, 'noise_gpi_sigma': 81.64166111431383, 'g_stn_gpe_mult': 3.4020835827139795, 'g_gpe_stn_mult': 0.16850423631733297, 'g_stn_gpi_mult': 2.4569907772805992, 'g_gpe_gpi_mult': 0.34699294657996915}. Best is trial 526 with value: 0.1290046176042603.
[I 2026-05-28 04:04:18,776] Trial 550 finished with value: 0.14476637927321173 and parameters: {'ISTN': 60.91463738747299, 'I_gpe': 1.1623162651107872, 'I_gpi': 1.9906279911892146, 'noise_stn_sigma': 2.5905909010876353, 'noise_gpe_sigma': 104.41546262281676, 'noise_gpi_sigma': 84.5895919254706, 'g_stn_gpe_mult': 3.4208712736951883, 'g_gpe_stn_mult': 0.17282832483234106, 'g_stn_gpi_mult': 2.427055605590297, 'g_gpe_gpi_mult': 0.3741427162123353}. Best is trial 526 with value: 0.1290046176042603.
[I 2026-05-28 04:04:19,782] Trial 551 finished with value: 0.14056750716317523 and parameters: {'ISTN': 60.79995992901889, 'I_gpe': 1.0731880176019613, 'I_gpi': 2.0245196127708245, 'noise_stn_sigma': 2.6144481492040805, 'noise_gpe_sigma': 103.93755317347025, 'noise_gpi_sigma': 82.31231091017548, 'g_stn_gpe_mult': 3.4075407265903452, 'g_gpe_stn_mult': 0.173922013911589, 'g_stn_gpi_mult': 2.4486877304491728, 'g_gpe_gpi_mult': 0.34131279964807093}. Best is trial 526 with value: 0.1290046176042603.
[I 2026-05-28 04:04:20,727] Trial 552 finished with value: 1000000.0 and parameters: {'ISTN': 61.04584759625224, 'I_gpe': 1.1733720762154718, 'I_gpi': 2.0716409419992363, 'noise_stn_sigma': 2.836269416104903, 'noise_gpe_sigma': 103.79470998325911, 'noise_gpi_sigma': 79.15876841592886, 'g_stn_gpe_mult': 3.415003702767619, 'g_gpe_stn_mult': 0.166262271735169, 'g_stn_gpi_mult': 2.426957959660073, 'g_gpe_gpi_mult': 0.3751049541535247}. Best is trial 526 with value: 0.1290046176042603.
[I 2026-05-28 04:04:21,671] Trial 553 finished with value: 1000000.0 and parameters: {'ISTN': 60.80491408183993, 'I_gpe': 1.1362718098417335, 'I_gpi': 2.0152564739382623, 'noise_stn_sigma': 2.6777886932747528, 'noise_gpe_sigma': 106.80875780154348, 'noise_gpi_sigma': 82.504790944484, 'g_stn_gpe_mult': 3.438172872353227, 'g_gpe_stn_mult': 0.16300829458328175, 'g_stn_gpi_mult': 2.5136584539622615, 'g_gpe_gpi_mult': 0.3409032266787237}. Best is trial 526 with value: 0.1290046176042603.
[I 2026-05-28 04:04:22,676] Trial 554 finished with value: 0.14200485340205773 and parameters: {'ISTN': 60.110935835246266, 'I_gpe': 1.080362510307419, 'I_gpi': 2.0360361332669394, 'noise_stn_sigma': 2.6007041289587502, 'noise_gpe_sigma': 105.54842476554644, 'noise_gpi_sigma': 82.47093838085593, 'g_stn_gpe_mult': 3.441900530994693, 'g_gpe_stn_mult': 0.16872409973746488, 'g_stn_gpi_mult': 2.4812297783861794, 'g_gpe_gpi_mult': 0.3211389861749687}. Best is trial 526 with value: 0.1290046176042603.
[I 2026-05-28 04:04:23,683] Trial 555 finished with value: 0.14069902726019912 and parameters: {'ISTN': 60.96724618331067, 'I_gpe': 1.1357676704551984, 'I_gpi': 1.9516803518908472, 'noise_stn_sigma': 2.700623761431693, 'noise_gpe_sigma': 107.69481858346786, 'noise_gpi_sigma': 78.84192180236987, 'g_stn_gpe_mult': 3.408147449381416, 'g_gpe_stn_mult': 0.16636803768721553, 'g_stn_gpi_mult': 2.5187704869895793, 'g_gpe_gpi_mult': 0.3658160957824663}. Best is trial 526 with value: 0.1290046176042603.
[I 2026-05-28 04:04:24,688] Trial 556 finished with value: 0.13352407054826412 and parameters: {'ISTN': 60.58159093329127, 'I_gpe': 1.1366097728565967, 'I_gpi': 1.9637254073303483, 'noise_stn_sigma': 2.5854388940555255, 'noise_gpe_sigma': 106.62614630922114, 'noise_gpi_sigma': 78.58112310821306, 'g_stn_gpe_mult': 3.428059275328218, 'g_gpe_stn_mult': 0.1732792948853552, 'g_stn_gpi_mult': 2.566385414030373, 'g_gpe_gpi_mult': 0.3555007835181314}. Best is trial 526 with value: 0.1290046176042603.
[I 2026-05-28 04:04:25,695] Trial 557 finished with value: 0.1410978765599464 and parameters: {'ISTN': 61.12872375268836, 'I_gpe': 1.1229373486671372, 'I_gpi': 2.0147451841232833, 'noise_stn_sigma': 2.591093086079031, 'noise_gpe_sigma': 103.27963518495552, 'noise_gpi_sigma': 79.21708145738322, 'g_stn_gpe_mult': 3.441299018910767, 'g_gpe_stn_mult': 0.16841609457561152, 'g_stn_gpi_mult': 2.4725387859607806, 'g_gpe_gpi_mult': 0.3514724380965484}. Best is trial 526 with value: 0.1290046176042603.
[I 2026-05-28 04:04:26,701] Trial 558 finished with value: 0.13874749339145986 and parameters: {'ISTN': 60.444289365749626, 'I_gpe': 1.1083866358451844, 'I_gpi': 1.954978972338073, 'noise_stn_sigma': 2.569744333523102, 'noise_gpe_sigma': 105.72213554576199, 'noise_gpi_sigma': 80.92289046260908, 'g_stn_gpe_mult': 3.4467871372409222, 'g_gpe_stn_mult': 0.17335529086184548, 'g_stn_gpi_mult': 2.488190708107979, 'g_gpe_gpi_mult': 0.34395271014376494}. Best is trial 526 with value: 0.1290046176042603.
[I 2026-05-28 04:04:27,705] Trial 559 finished with value: 0.15703994123122494 and parameters: {'ISTN': 60.8129408972693, 'I_gpe': 1.1285173590480602, 'I_gpi': 2.0346026904269916, 'noise_stn_sigma': 2.6406726581066717, 'noise_gpe_sigma': 105.05489520162591, 'noise_gpi_sigma': 79.5485673057553, 'g_stn_gpe_mult': 3.430978950735744, 'g_gpe_stn_mult': 0.16456364636253906, 'g_stn_gpi_mult': 2.518578247858693, 'g_gpe_gpi_mult': 0.35864360531801553}. Best is trial 526 with value: 0.1290046176042603.
[I 2026-05-28 04:04:28,710] Trial 560 finished with value: 0.13422383059990817 and parameters: {'ISTN': 60.00580232936586, 'I_gpe': 1.0796649759398362, 'I_gpi': 2.0587493194954565, 'noise_stn_sigma': 2.6307500487500164, 'noise_gpe_sigma': 104.68963353933135, 'noise_gpi_sigma': 78.2736887946264, 'g_stn_gpe_mult': 3.459553027702553, 'g_gpe_stn_mult': 0.17244334982255446, 'g_stn_gpi_mult': 2.4384456339381213, 'g_gpe_gpi_mult': 0.358770682266094}. Best is trial 526 with value: 0.1290046176042603.
[I 2026-05-28 04:04:29,716] Trial 561 finished with value: 0.13926679614211748 and parameters: {'ISTN': 60.68989714726979, 'I_gpe': 1.124357073890009, 'I_gpi': 2.0512447095641253, 'noise_stn_sigma': 2.6025566742918675, 'noise_gpe_sigma': 108.35553772849103, 'noise_gpi_sigma': 79.6575510826527, 'g_stn_gpe_mult': 3.434867240222662, 'g_gpe_stn_mult': 0.17674761574489684, 'g_stn_gpi_mult': 2.5050453106907047, 'g_gpe_gpi_mult': 0.3444769163912488}. Best is trial 526 with value: 0.1290046176042603.
[I 2026-05-28 04:04:30,721] Trial 562 finished with value: 0.14039624719286975 and parameters: {'ISTN': 60.650722946598094, 'I_gpe': 1.115830648748422, 'I_gpi': 2.001673689921038, 'noise_stn_sigma': 2.6299678987536033, 'noise_gpe_sigma': 104.0244907627334, 'noise_gpi_sigma': 79.16675969401994, 'g_stn_gpe_mult': 3.479885202852883, 'g_gpe_stn_mult': 0.1746483967982786, 'g_stn_gpi_mult': 2.464903652344354, 'g_gpe_gpi_mult': 0.34754107441860854}. Best is trial 526 with value: 0.1290046176042603.
[I 2026-05-28 04:04:31,728] Trial 563 finished with value: 0.1361966493850336 and parameters: {'ISTN': 60.551231582877946, 'I_gpe': 1.1610341542476967, 'I_gpi': 1.9825518754970606, 'noise_stn_sigma': 2.5005525610139228, 'noise_gpe_sigma': 104.8125106196085, 'noise_gpi_sigma': 77.097216738871, 'g_stn_gpe_mult': 3.4125242748365427, 'g_gpe_stn_mult': 0.17538314227919924, 'g_stn_gpi_mult': 2.4986980681780815, 'g_gpe_gpi_mult': 0.3421671204972228}. Best is trial 526 with value: 0.1290046176042603.
[I 2026-05-28 04:04:32,732] Trial 564 finished with value: 0.1391802179017792 and parameters: {'ISTN': 60.527870607875826, 'I_gpe': 1.0900208077913027, 'I_gpi': 1.9546719113243594, 'noise_stn_sigma': 2.5114170325371887, 'noise_gpe_sigma': 106.09288754898952, 'noise_gpi_sigma': 79.99826745633062, 'g_stn_gpe_mult': 3.4717900556824324, 'g_gpe_stn_mult': 0.17987238251417814, 'g_stn_gpi_mult': 2.4676933868362525, 'g_gpe_gpi_mult': 0.33909107797651716}. Best is trial 526 with value: 0.1290046176042603.
[I 2026-05-28 04:04:33,737] Trial 565 finished with value: 0.13391694629927 and parameters: {'ISTN': 60.268475136775116, 'I_gpe': 1.1290025964563744, 'I_gpi': 1.9732437212008418, 'noise_stn_sigma': 2.580063598469475, 'noise_gpe_sigma': 105.05563813488698, 'noise_gpi_sigma': 80.36781256272906, 'g_stn_gpe_mult': 3.3897333878717744, 'g_gpe_stn_mult': 0.1777360520469112, 'g_stn_gpi_mult': 2.5251435141431067, 'g_gpe_gpi_mult': 0.3440740276901392}. Best is trial 526 with value: 0.1290046176042603.
[I 2026-05-28 04:04:34,743] Trial 566 finished with value: 0.14019094243295288 and parameters: {'ISTN': 60.20930501575699, 'I_gpe': 1.0847780406771492, 'I_gpi': 1.9550147253191377, 'noise_stn_sigma': 2.52999464078208, 'noise_gpe_sigma': 107.97218866270123, 'noise_gpi_sigma': 79.47560727703038, 'g_stn_gpe_mult': 3.4481447209881018, 'g_gpe_stn_mult': 0.18596592719022942, 'g_stn_gpi_mult': 2.586262101102802, 'g_gpe_gpi_mult': 0.3553793877664494}. Best is trial 526 with value: 0.1290046176042603.
[I 2026-05-28 04:04:35,748] Trial 567 finished with value: 0.14467757078050594 and parameters: {'ISTN': 60.043264005087096, 'I_gpe': 1.071546735402889, 'I_gpi': 1.9277390915824308, 'noise_stn_sigma': 2.666239051002276, 'noise_gpe_sigma': 105.96636674141949, 'noise_gpi_sigma': 79.73915586450441, 'g_stn_gpe_mult': 3.4691178916031093, 'g_gpe_stn_mult': 0.17337219123939818, 'g_stn_gpi_mult': 2.5071611519166845, 'g_gpe_gpi_mult': 0.3575238514161505}. Best is trial 526 with value: 0.1290046176042603.
[I 2026-05-28 04:04:36,750] Trial 568 finished with value: 0.13837990711717968 and parameters: {'ISTN': 60.27022646814246, 'I_gpe': 1.0672122710996068, 'I_gpi': 1.977302567050469, 'noise_stn_sigma': 2.571221631519152, 'noise_gpe_sigma': 106.43868436331319, 'noise_gpi_sigma': 80.04338220990346, 'g_stn_gpe_mult': 3.4598065656145724, 'g_gpe_stn_mult': 0.17777045399047317, 'g_stn_gpi_mult': 2.4933893843567287, 'g_gpe_gpi_mult': 0.35628567547239365}. Best is trial 526 with value: 0.1290046176042603.
[I 2026-05-28 04:04:37,754] Trial 569 finished with value: 0.38629689078273804 and parameters: {'ISTN': 60.209764959983595, 'I_gpe': 1.1435956277890644, 'I_gpi': 1.949475093289165, 'noise_stn_sigma': 2.6817781925441233, 'noise_gpe_sigma': 108.09454589221944, 'noise_gpi_sigma': 76.42794842720093, 'g_stn_gpe_mult': 3.477548043340913, 'g_gpe_stn_mult': 0.1645366510476314, 'g_stn_gpi_mult': 2.586133321627372, 'g_gpe_gpi_mult': 0.39413535009074474}. Best is trial 526 with value: 0.1290046176042603.
[I 2026-05-28 04:04:38,758] Trial 570 finished with value: 0.1388347780194222 and parameters: {'ISTN': 61.313366902407935, 'I_gpe': 1.1245756626332548, 'I_gpi': 1.9687979893582923, 'noise_stn_sigma': 2.4528350630500872, 'noise_gpe_sigma': 106.67905298250753, 'noise_gpi_sigma': 79.70865192464169, 'g_stn_gpe_mult': 3.3334186144135396, 'g_gpe_stn_mult': 0.16626416655381887, 'g_stn_gpi_mult': 2.528324918704477, 'g_gpe_gpi_mult': 0.3388668556802492}. Best is trial 526 with value: 0.1290046176042603.
[I 2026-05-28 04:04:39,766] Trial 571 finished with value: 0.13675840531713232 and parameters: {'ISTN': 60.34186862048097, 'I_gpe': 1.1386554271156468, 'I_gpi': 1.9137109346463612, 'noise_stn_sigma': 2.45271768605275, 'noise_gpe_sigma': 105.89088956442336, 'noise_gpi_sigma': 79.11509557800531, 'g_stn_gpe_mult': 3.451141421064079, 'g_gpe_stn_mult': 0.18069659659590181, 'g_stn_gpi_mult': 2.544786111777897, 'g_gpe_gpi_mult': 0.31979659227337076}. Best is trial 526 with value: 0.1290046176042603.
