[I 2026-05-28 02:50:03,479] Trial 176 finished with value: 0.17629840528724414 and parameters: {'ISTN': 62.704000971380765, 'I_gpe': 0.8552693983519274, 'I_gpi': 2.1638438187150033, 'noise_stn_sigma': 3.4651415033432347, 'noise_gpe_sigma': 108.5851152608087, 'noise_gpi_sigma': 97.45237821182033, 'g_stn_gpe_mult': 4.2192544532452825, 'g_gpe_stn_mult': 0.12900710085306924, 'g_stn_gpi_mult': 2.6300144514236092, 'g_gpe_gpi_mult': 0.6222312205789673}. Best is trial 176 with value: 0.17629840528724414.
[I 2026-05-28 02:50:04,488] Trial 177 finished with value: 7.910690548390363 and parameters: {'ISTN': 70.16544904136714, 'I_gpe': 0.962552702715861, 'I_gpi': 1.8606961237676516, 'noise_stn_sigma': 3.426688421345293, 'noise_gpe_sigma': 97.60762443536076, 'noise_gpi_sigma': 85.23149831996386, 'g_stn_gpe_mult': 4.334473524189199, 'g_gpe_stn_mult': 0.22014959402246848, 'g_stn_gpi_mult': 2.920077035445307, 'g_gpe_gpi_mult': 0.5788125691140112}. Best is trial 176 with value: 0.17629840528724414.
[I 2026-05-28 02:50:05,497] Trial 178 finished with value: 3.8548800984090303 and parameters: {'ISTN': 71.03498711293659, 'I_gpe': 1.2191618554445285, 'I_gpi': 2.180554970255406, 'noise_stn_sigma': 3.0673630689253604, 'noise_gpe_sigma': 111.12136248331008, 'noise_gpi_sigma': 102.40552385362065, 'g_stn_gpe_mult': 4.6954596046599395, 'g_gpe_stn_mult': 0.11448667641850574, 'g_stn_gpi_mult': 2.4304963069430734, 'g_gpe_gpi_mult': 0.5655056391496098}. Best is trial 176 with value: 0.17629840528724414.
[I 2026-05-28 02:50:06,506] Trial 179 finished with value: 11.556780233265723 and parameters: {'ISTN': 75.4444215962046, 'I_gpe': 1.0712824019746598, 'I_gpi': 1.6926865518505974, 'noise_stn_sigma': 5.087712700803737, 'noise_gpe_sigma': 105.34473056360618, 'noise_gpi_sigma': 89.45090237753676, 'g_stn_gpe_mult': 4.380639500618599, 'g_gpe_stn_mult': 0.24266983382790394, 'g_stn_gpi_mult': 2.5928509124974415, 'g_gpe_gpi_mult': 0.6834991578579748}. Best is trial 176 with value: 0.17629840528724414.
[I 2026-05-28 02:50:07,516] Trial 180 finished with value: 2.533430738234073 and parameters: {'ISTN': 69.47620456248116, 'I_gpe': 0.5494633526150882, 'I_gpi': 2.0453911816305888, 'noise_stn_sigma': 4.190801560452614, 'noise_gpe_sigma': 90.65662150429999, 'noise_gpi_sigma': 115.42604756675394, 'g_stn_gpe_mult': 4.529535074434628, 'g_gpe_stn_mult': 0.11637973274903221, 'g_stn_gpi_mult': 2.6354584641150574, 'g_gpe_gpi_mult': 0.6573932602066307}. Best is trial 176 with value: 0.17629840528724414.
[I 2026-05-28 02:50:08,526] Trial 181 finished with value: 0.2764067141936919 and parameters: {'ISTN': 61.362444774618304, 'I_gpe': 1.1009971427253082, 'I_gpi': 2.111593778950511, 'noise_stn_sigma': 2.5215047534431534, 'noise_gpe_sigma': 115.82751621101445, 'noise_gpi_sigma': 105.94160440768182, 'g_stn_gpe_mult': 4.2067723416570955, 'g_gpe_stn_mult': 0.1715470343445414, 'g_stn_gpi_mult': 2.4057319420140293, 'g_gpe_gpi_mult': 0.5663316655659769}. Best is trial 176 with value: 0.17629840528724414.
[I 2026-05-28 02:50:09,536] Trial 182 finished with value: 0.2012211352836826 and parameters: {'ISTN': 64.51164915976713, 'I_gpe': 0.9689431988273268, 'I_gpi': 1.9713428248373908, 'noise_stn_sigma': 3.5039974191392664, 'noise_gpe_sigma': 94.43244126790316, 'noise_gpi_sigma': 107.98718806651186, 'g_stn_gpe_mult': 4.110799200940832, 'g_gpe_stn_mult': 0.16448173811171024, 'g_stn_gpi_mult': 2.8877386904024123, 'g_gpe_gpi_mult': 0.584191724679101}. Best is trial 176 with value: 0.17629840528724414.
[I 2026-05-28 02:50:10,544] Trial 183 finished with value: 4.783235164920183 and parameters: {'ISTN': 70.13170566543063, 'I_gpe': 0.9171116208986914, 'I_gpi': 2.23269374692041, 'noise_stn_sigma': 3.773267390043996, 'noise_gpe_sigma': 95.78156256602573, 'noise_gpi_sigma': 109.28822415019185, 'g_stn_gpe_mult': 4.206925279203679, 'g_gpe_stn_mult': 0.14309505191517516, 'g_stn_gpi_mult': 2.5782236431815724, 'g_gpe_gpi_mult': 0.5568065315426836}. Best is trial 176 with value: 0.17629840528724414.
[I 2026-05-28 02:50:11,552] Trial 184 finished with value: 11.97330946840228 and parameters: {'ISTN': 68.95845568649479, 'I_gpe': 0.890415507597738, 'I_gpi': 1.4959099234095663, 'noise_stn_sigma': 3.20377328423987, 'noise_gpe_sigma': 111.75401983436902, 'noise_gpi_sigma': 83.11196075808013, 'g_stn_gpe_mult': 4.144886798088049, 'g_gpe_stn_mult': 0.26066335543034097, 'g_stn_gpi_mult': 2.4737916075098014, 'g_gpe_gpi_mult': 0.6448446395516618}. Best is trial 176 with value: 0.17629840528724414.
[I 2026-05-28 02:50:12,559] Trial 185 finished with value: 2.154838246511296 and parameters: {'ISTN': 68.81786763369539, 'I_gpe': 1.027513598457848, 'I_gpi': 2.21123833531763, 'noise_stn_sigma': 3.1520858353199417, 'noise_gpe_sigma': 104.24880370130067, 'noise_gpi_sigma': 102.01836211808755, 'g_stn_gpe_mult': 4.4489023980181575, 'g_gpe_stn_mult': 0.14778030828554847, 'g_stn_gpi_mult': 2.527253605240151, 'g_gpe_gpi_mult': 0.6979966212440815}. Best is trial 176 with value: 0.17629840528724414.
[I 2026-05-28 02:50:13,569] Trial 186 finished with value: 14.22513341328496 and parameters: {'ISTN': 68.04407345898855, 'I_gpe': 1.325787711134392, 'I_gpi': 2.5051305743601393, 'noise_stn_sigma': 3.989692847739153, 'noise_gpe_sigma': 87.69947200947945, 'noise_gpi_sigma': 101.33293554488054, 'g_stn_gpe_mult': 4.321461066507958, 'g_gpe_stn_mult': 0.2949182039521552, 'g_stn_gpi_mult': 3.068999346035714, 'g_gpe_gpi_mult': 0.6099317521783186}. Best is trial 176 with value: 0.17629840528724414.
[I 2026-05-28 02:50:14,577] Trial 187 finished with value: 0.2095380421804081 and parameters: {'ISTN': 60.933730566099264, 'I_gpe': 1.284576307667443, 'I_gpi': 2.391366169254897, 'noise_stn_sigma': 2.5898224344612295, 'noise_gpe_sigma': 100.74233189051293, 'noise_gpi_sigma': 96.53167075852757, 'g_stn_gpe_mult': 4.585746659497293, 'g_gpe_stn_mult': 0.17003119737574604, 'g_stn_gpi_mult': 2.5227134161043034, 'g_gpe_gpi_mult': 0.5989488116919174}. Best is trial 176 with value: 0.17629840528724414.
[I 2026-05-28 02:50:15,583] Trial 188 finished with value: 2.1042305652818656 and parameters: {'ISTN': 65.84046163580966, 'I_gpe': 1.3246894745133166, 'I_gpi': 2.008850613100979, 'noise_stn_sigma': 2.630168219992621, 'noise_gpe_sigma': 92.40267810499444, 'noise_gpi_sigma': 105.00519960400032, 'g_stn_gpe_mult': 4.216728375637857, 'g_gpe_stn_mult': 0.2601578356241819, 'g_stn_gpi_mult': 3.072601918659606, 'g_gpe_gpi_mult': 0.671998920035562}. Best is trial 176 with value: 0.17629840528724414.
[I 2026-05-28 02:50:16,592] Trial 189 finished with value: 0.7298389914865144 and parameters: {'ISTN': 63.153297624168864, 'I_gpe': 0.7090821936689347, 'I_gpi': 1.9553284280255394, 'noise_stn_sigma': 2.953991316667837, 'noise_gpe_sigma': 115.68233300631739, 'noise_gpi_sigma': 103.63097954744882, 'g_stn_gpe_mult': 4.004261618056517, 'g_gpe_stn_mult': 0.2228309123214267, 'g_stn_gpi_mult': 2.701339313243179, 'g_gpe_gpi_mult': 0.5516372093126003}. Best is trial 176 with value: 0.17629840528724414.
[I 2026-05-28 02:50:17,600] Trial 190 finished with value: 7.491324747414904 and parameters: {'ISTN': 66.67893285382621, 'I_gpe': 0.9960016316249752, 'I_gpi': 2.0939383536592024, 'noise_stn_sigma': 3.4908616525550547, 'noise_gpe_sigma': 93.54736193416551, 'noise_gpi_sigma': 113.59901816252231, 'g_stn_gpe_mult': 4.23100324555247, 'g_gpe_stn_mult': 0.20162908856996842, 'g_stn_gpi_mult': 2.3782539781353655, 'g_gpe_gpi_mult': 0.5921227079590404}. Best is trial 176 with value: 0.17629840528724414.
[I 2026-05-28 02:50:18,609] Trial 191 finished with value: 0.287194591023919 and parameters: {'ISTN': 63.48799883822918, 'I_gpe': 0.881897436374186, 'I_gpi': 2.513349572939903, 'noise_stn_sigma': 2.867746079766383, 'noise_gpe_sigma': 97.43392413455123, 'noise_gpi_sigma': 119.17211629680033, 'g_stn_gpe_mult': 4.649596210677842, 'g_gpe_stn_mult': 0.16390154279356509, 'g_stn_gpi_mult': 2.934657570611991, 'g_gpe_gpi_mult': 0.5297796363850837}. Best is trial 176 with value: 0.17629840528724414.
[I 2026-05-28 02:50:19,619] Trial 192 finished with value: 0.23002245032681895 and parameters: {'ISTN': 60.96843399643307, 'I_gpe': 1.191239654027693, 'I_gpi': 1.6495511565800567, 'noise_stn_sigma': 4.150485930762851, 'noise_gpe_sigma': 89.23422596485787, 'noise_gpi_sigma': 104.27359401202898, 'g_stn_gpe_mult': 4.3471309020670965, 'g_gpe_stn_mult': 0.12452241662093932, 'g_stn_gpi_mult': 2.5131754581456893, 'g_gpe_gpi_mult': 0.804979142466266}. Best is trial 176 with value: 0.17629840528724414.
[I 2026-05-28 02:50:20,625] Trial 193 finished with value: 0.5180323664964781 and parameters: {'ISTN': 67.57102192243248, 'I_gpe': 0.9821086363209892, 'I_gpi': 1.9338709426221574, 'noise_stn_sigma': 3.172356752788999, 'noise_gpe_sigma': 100.08347968802543, 'noise_gpi_sigma': 107.62436632581912, 'g_stn_gpe_mult': 4.116048634536588, 'g_gpe_stn_mult': 0.15197408796625209, 'g_stn_gpi_mult': 2.6125921206919953, 'g_gpe_gpi_mult': 0.6396972792604385}. Best is trial 176 with value: 0.17629840528724414.
[I 2026-05-28 02:50:21,634] Trial 194 finished with value: 7.6216608993771064 and parameters: {'ISTN': 67.32618834233841, 'I_gpe': 1.195624080405262, 'I_gpi': 2.6271800322850094, 'noise_stn_sigma': 2.511481622981684, 'noise_gpe_sigma': 110.77636940807149, 'noise_gpi_sigma': 89.6842151359335, 'g_stn_gpe_mult': 4.568178440174079, 'g_gpe_stn_mult': 0.24956387602148447, 'g_stn_gpi_mult': 3.0298171430170604, 'g_gpe_gpi_mult': 0.45493259339073694}. Best is trial 176 with value: 0.17629840528724414.
[I 2026-05-28 02:50:22,644] Trial 195 finished with value: 2.6203548156490224 and parameters: {'ISTN': 69.20094585801718, 'I_gpe': 1.0434595217288076, 'I_gpi': 2.1603356211572056, 'noise_stn_sigma': 2.2845971465257433, 'noise_gpe_sigma': 101.55890901890021, 'noise_gpi_sigma': 118.21341616252299, 'g_stn_gpe_mult': 4.266062440634986, 'g_gpe_stn_mult': 0.22154529457651587, 'g_stn_gpi_mult': 2.5512267727398696, 'g_gpe_gpi_mult': 0.6498236762081404}. Best is trial 176 with value: 0.17629840528724414.
[I 2026-05-28 02:50:23,655] Trial 196 finished with value: 0.23338122352127214 and parameters: {'ISTN': 62.43641151352703, 'I_gpe': 0.9611818281394668, 'I_gpi': 1.7675299289130129, 'noise_stn_sigma': 2.5621656900561485, 'noise_gpe_sigma': 89.31892102364141, 'noise_gpi_sigma': 97.20630002873565, 'g_stn_gpe_mult': 4.230449729108163, 'g_gpe_stn_mult': 0.22071245460097366, 'g_stn_gpi_mult': 2.7000474018047536, 'g_gpe_gpi_mult': 0.7395416292206081}. Best is trial 176 with value: 0.17629840528724414.
[I 2026-05-28 02:50:24,663] Trial 197 finished with value: 7.369954838874469 and parameters: {'ISTN': 71.3563430992298, 'I_gpe': 1.2911507608211377, 'I_gpi': 2.3170299603447204, 'noise_stn_sigma': 2.1403235632262727, 'noise_gpe_sigma': 88.9629306100414, 'noise_gpi_sigma': 117.81298992842586, 'g_stn_gpe_mult': 4.433440768685262, 'g_gpe_stn_mult': 0.14139329157097813, 'g_stn_gpi_mult': 2.6162959338579883, 'g_gpe_gpi_mult': 0.6080736356544254}. Best is trial 176 with value: 0.17629840528724414.
[I 2026-05-28 02:50:25,674] Trial 198 finished with value: 0.2828122622282666 and parameters: {'ISTN': 63.88987723394292, 'I_gpe': 1.2817387760948282, 'I_gpi': 2.471041095605406, 'noise_stn_sigma': 2.996321221612343, 'noise_gpe_sigma': 95.43098983788187, 'noise_gpi_sigma': 104.38798340521217, 'g_stn_gpe_mult': 4.387315102256919, 'g_gpe_stn_mult': 0.12276098762701997, 'g_stn_gpi_mult': 2.865225449637602, 'g_gpe_gpi_mult': 0.46802454845986036}. Best is trial 176 with value: 0.17629840528724414.
[I 2026-05-28 02:50:26,683] Trial 199 finished with value: 0.9311629234924474 and parameters: {'ISTN': 66.2417284419961, 'I_gpe': 1.0734939345405645, 'I_gpi': 2.077067774432652, 'noise_stn_sigma': 3.457087904112764, 'noise_gpe_sigma': 78.94913246756309, 'noise_gpi_sigma': 104.96979106022982, 'g_stn_gpe_mult': 3.93921862044872, 'g_gpe_stn_mult': 0.18282253612483296, 'g_stn_gpi_mult': 2.983511457322069, 'g_gpe_gpi_mult': 0.6946943046776897}. Best is trial 176 with value: 0.17629840528724414.
[I 2026-05-28 02:50:27,693] Trial 200 finished with value: 0.499753081262176 and parameters: {'ISTN': 64.7334084572049, 'I_gpe': 0.6689794578425006, 'I_gpi': 1.9624163061154747, 'noise_stn_sigma': 3.0734789200266426, 'noise_gpe_sigma': 105.93130212505557, 'noise_gpi_sigma': 101.68826158038334, 'g_stn_gpe_mult': 4.372456629711683, 'g_gpe_stn_mult': 0.19778387040501794, 'g_stn_gpi_mult': 2.6306970908304237, 'g_gpe_gpi_mult': 0.5517736670877071}. Best is trial 176 with value: 0.17629840528724414.
[I 2026-05-28 02:50:28,706] Trial 201 finished with value: 0.18223493564179533 and parameters: {'ISTN': 60.570030122762354, 'I_gpe': 1.1988677631170988, 'I_gpi': 2.2257236568581553, 'noise_stn_sigma': 4.292877361599682, 'noise_gpe_sigma': 95.38979135053182, 'noise_gpi_sigma': 103.38393565687842, 'g_stn_gpe_mult': 4.520669437589623, 'g_gpe_stn_mult': 0.1654213211129516, 'g_stn_gpi_mult': 2.7828074903769338, 'g_gpe_gpi_mult': 0.8500172075029224}. Best is trial 176 with value: 0.17629840528724414.
[I 2026-05-28 02:50:29,716] Trial 202 finished with value: 0.5484602637069003 and parameters: {'ISTN': 62.26307722172756, 'I_gpe': 1.0094773336368665, 'I_gpi': 2.0238130941013734, 'noise_stn_sigma': 3.6476187234264006, 'noise_gpe_sigma': 78.48162613925462, 'noise_gpi_sigma': 102.41752538757657, 'g_stn_gpe_mult': 4.517290616118211, 'g_gpe_stn_mult': 0.12224668492269239, 'g_stn_gpi_mult': 2.6282126853753005, 'g_gpe_gpi_mult': 0.7161634859908959}. Best is trial 176 with value: 0.17629840528724414.
[I 2026-05-28 02:50:30,725] Trial 203 finished with value: 3.844448940426253 and parameters: {'ISTN': 66.83793891653174, 'I_gpe': 1.0168848563428137, 'I_gpi': 1.844446178828784, 'noise_stn_sigma': 3.0731983121692363, 'noise_gpe_sigma': 97.35536850072056, 'noise_gpi_sigma': 103.95247901906343, 'g_stn_gpe_mult': 4.504935692748415, 'g_gpe_stn_mult': 0.24937562526202312, 'g_stn_gpi_mult': 2.3549921496123796, 'g_gpe_gpi_mult': 0.6946008661922567}. Best is trial 176 with value: 0.17629840528724414.
[I 2026-05-28 02:50:31,734] Trial 204 finished with value: 14.170627796903645 and parameters: {'ISTN': 66.61987440326209, 'I_gpe': 1.231855558347689, 'I_gpi': 1.9450677117563209, 'noise_stn_sigma': 3.620484371187809, 'noise_gpe_sigma': 79.68990404293493, 'noise_gpi_sigma': 115.73311844704605, 'g_stn_gpe_mult': 3.942464487687387, 'g_gpe_stn_mult': 0.21729504925381726, 'g_stn_gpi_mult': 2.7715760814013803, 'g_gpe_gpi_mult': 0.6951826365310381}. Best is trial 176 with value: 0.17629840528724414.
[I 2026-05-28 02:50:32,742] Trial 205 finished with value: 0.27337233002499245 and parameters: {'ISTN': 62.35737580835548, 'I_gpe': 1.5116203617784716, 'I_gpi': 2.0101733023438877, 'noise_stn_sigma': 3.3568594761070556, 'noise_gpe_sigma': 89.67540093536704, 'noise_gpi_sigma': 101.48323046550028, 'g_stn_gpe_mult': 4.759137568038142, 'g_gpe_stn_mult': 0.20192522923536788, 'g_stn_gpi_mult': 2.7006633022735373, 'g_gpe_gpi_mult': 0.6635435543052428}. Best is trial 176 with value: 0.17629840528724414.
[I 2026-05-28 02:50:33,753] Trial 206 finished with value: 0.47651263565491664 and parameters: {'ISTN': 67.02931859153281, 'I_gpe': 0.8010579502256199, 'I_gpi': 1.4838973697841233, 'noise_stn_sigma': 3.543373813444288, 'noise_gpe_sigma': 100.92473009260198, 'noise_gpi_sigma': 122.70053766974463, 'g_stn_gpe_mult': 4.028709074038282, 'g_gpe_stn_mult': 0.1445139768739949, 'g_stn_gpi_mult': 2.257584205772747, 'g_gpe_gpi_mult': 0.6830106169853682}. Best is trial 176 with value: 0.17629840528724414.
[I 2026-05-28 02:50:34,760] Trial 207 finished with value: 11.996150542010882 and parameters: {'ISTN': 70.78845973027366, 'I_gpe': 1.1149391477393842, 'I_gpi': 1.632962326810763, 'noise_stn_sigma': 2.8669931168484695, 'noise_gpe_sigma': 94.62660774834087, 'noise_gpi_sigma': 97.23582772603602, 'g_stn_gpe_mult': 4.202162428292786, 'g_gpe_stn_mult': 0.23362995676002585, 'g_stn_gpi_mult': 2.974016213091701, 'g_gpe_gpi_mult': 0.8140929225700215}. Best is trial 176 with value: 0.17629840528724414.
[I 2026-05-28 02:50:35,769] Trial 208 finished with value: 0.24916998158630965 and parameters: {'ISTN': 65.0443838914139, 'I_gpe': 1.3726549936033257, 'I_gpi': 2.055441263735288, 'noise_stn_sigma': 4.127064379787912, 'noise_gpe_sigma': 83.52840411513785, 'noise_gpi_sigma': 108.00993327316884, 'g_stn_gpe_mult': 4.679382059878334, 'g_gpe_stn_mult': 0.14291414300885108, 'g_stn_gpi_mult': 2.1388892060381632, 'g_gpe_gpi_mult': 0.6322688253588618}. Best is trial 176 with value: 0.17629840528724414.
[I 2026-05-28 02:50:36,776] Trial 209 finished with value: 2.0956240673849083 and parameters: {'ISTN': 68.1944099177282, 'I_gpe': 0.9686455423975203, 'I_gpi': 1.959372038120171, 'noise_stn_sigma': 3.6162863780699848, 'noise_gpe_sigma': 92.02697558991903, 'noise_gpi_sigma': 106.05380933086332, 'g_stn_gpe_mult': 4.50329981319792, 'g_gpe_stn_mult': 0.14199137206976825, 'g_stn_gpi_mult': 2.6584550544602843, 'g_gpe_gpi_mult': 0.7928225110961165}. Best is trial 176 with value: 0.17629840528724414.
[I 2026-05-28 02:50:37,785] Trial 210 finished with value: 1.2443197192423314 and parameters: {'ISTN': 65.99088355835109, 'I_gpe': 0.9508995053286354, 'I_gpi': 1.790457723485909, 'noise_stn_sigma': 3.4836907153969197, 'noise_gpe_sigma': 82.54026282716427, 'noise_gpi_sigma': 121.14555383952582, 'g_stn_gpe_mult': 4.003624043841606, 'g_gpe_stn_mult': 0.17834187393172823, 'g_stn_gpi_mult': 3.0461508663626056, 'g_gpe_gpi_mult': 0.7071379847000281}. Best is trial 176 with value: 0.17629840528724414.
[I 2026-05-28 02:50:38,796] Trial 211 finished with value: 0.6792377064726425 and parameters: {'ISTN': 68.12228796672237, 'I_gpe': 1.2373810900065259, 'I_gpi': 2.3167092326059158, 'noise_stn_sigma': 3.6552780462641214, 'noise_gpe_sigma': 90.585936693401, 'noise_gpi_sigma': 90.17327127882524, 'g_stn_gpe_mult': 4.734190016750098, 'g_gpe_stn_mult': 0.12045306294629846, 'g_stn_gpi_mult': 2.7510102480463097, 'g_gpe_gpi_mult': 0.7755017520787195}. Best is trial 176 with value: 0.17629840528724414.
[I 2026-05-28 02:50:39,806] Trial 212 finished with value: 0.2718173669902599 and parameters: {'ISTN': 61.15724838782024, 'I_gpe': 1.3524772963997285, 'I_gpi': 2.3471705984681117, 'noise_stn_sigma': 4.187967552512457, 'noise_gpe_sigma': 97.63195122564979, 'noise_gpi_sigma': 99.6657455893341, 'g_stn_gpe_mult': 4.612544049789843, 'g_gpe_stn_mult': 0.22835378919117305, 'g_stn_gpi_mult': 2.3409926255700926, 'g_gpe_gpi_mult': 0.7440073636026359}. Best is trial 176 with value: 0.17629840528724414.
[I 2026-05-28 02:50:40,815] Trial 213 finished with value: 0.3003554188294143 and parameters: {'ISTN': 60.46105260622418, 'I_gpe': 1.270237611227071, 'I_gpi': 1.8218341277516785, 'noise_stn_sigma': 3.430958517145914, 'noise_gpe_sigma': 97.33141689825658, 'noise_gpi_sigma': 104.7173299667717, 'g_stn_gpe_mult': 4.925017666214676, 'g_gpe_stn_mult': 0.15372045250299035, 'g_stn_gpi_mult': 2.146894721876098, 'g_gpe_gpi_mult': 0.7959167077850382}. Best is trial 176 with value: 0.17629840528724414.
[I 2026-05-28 02:50:41,824] Trial 214 finished with value: 0.20149521229896114 and parameters: {'ISTN': 61.282097304538844, 'I_gpe': 1.3748101634225751, 'I_gpi': 1.884684890205354, 'noise_stn_sigma': 3.641086635359983, 'noise_gpe_sigma': 76.01963692047104, 'noise_gpi_sigma': 106.47438502308188, 'g_stn_gpe_mult': 4.518065209942397, 'g_gpe_stn_mult': 0.1155394409459258, 'g_stn_gpi_mult': 2.7594520794369797, 'g_gpe_gpi_mult': 0.7633375725711109}. Best is trial 176 with value: 0.17629840528724414.
[I 2026-05-28 02:50:42,833] Trial 215 finished with value: 0.46318994505030664 and parameters: {'ISTN': 64.82777883742136, 'I_gpe': 1.2451363082488123, 'I_gpi': 2.488595383381737, 'noise_stn_sigma': 4.303112524634344, 'noise_gpe_sigma': 94.52809223269583, 'noise_gpi_sigma': 97.51696932949882, 'g_stn_gpe_mult': 4.071855738699989, 'g_gpe_stn_mult': 0.12727672181437533, 'g_stn_gpi_mult': 2.43468629832881, 'g_gpe_gpi_mult': 0.7435615874071917}. Best is trial 176 with value: 0.17629840528724414.
[I 2026-05-28 02:50:43,842] Trial 216 finished with value: 0.6994312372388543 and parameters: {'ISTN': 68.89982540100222, 'I_gpe': 1.4433885196350742, 'I_gpi': 2.1637257748684178, 'noise_stn_sigma': 3.9643595968596577, 'noise_gpe_sigma': 91.68528911815218, 'noise_gpi_sigma': 106.74825073673153, 'g_stn_gpe_mult': 4.303748807551792, 'g_gpe_stn_mult': 0.12532119165022762, 'g_stn_gpi_mult': 2.723558006088657, 'g_gpe_gpi_mult': 0.840828304597151}. Best is trial 176 with value: 0.17629840528724414.
[I 2026-05-28 02:50:44,849] Trial 217 finished with value: 6.798607150734192 and parameters: {'ISTN': 63.363997056241075, 'I_gpe': 1.8666479061614807, 'I_gpi': 2.445016373994168, 'noise_stn_sigma': 3.98263898558778, 'noise_gpe_sigma': 106.70068662044807, 'noise_gpi_sigma': 101.88538832531285, 'g_stn_gpe_mult': 4.251087089985258, 'g_gpe_stn_mult': 0.20013648083696023, 'g_stn_gpi_mult': 2.5632747406832848, 'g_gpe_gpi_mult': 0.8209380807135538}. Best is trial 176 with value: 0.17629840528724414.
[I 2026-05-28 02:50:45,857] Trial 218 finished with value: 14.23341352884587 and parameters: {'ISTN': 72.23147580378289, 'I_gpe': 1.0546789230588236, 'I_gpi': 2.189539027349233, 'noise_stn_sigma': 4.800290887422539, 'noise_gpe_sigma': 79.50968993812202, 'noise_gpi_sigma': 103.51041886809485, 'g_stn_gpe_mult': 4.424721287199466, 'g_gpe_stn_mult': 0.11461574264039345, 'g_stn_gpi_mult': 2.4078307561677574, 'g_gpe_gpi_mult': 0.6671867343523639}. Best is trial 176 with value: 0.17629840528724414.
[I 2026-05-28 02:50:46,869] Trial 219 finished with value: 0.24238357579571487 and parameters: {'ISTN': 62.35431865067752, 'I_gpe': 1.4515033890824727, 'I_gpi': 2.205166395084511, 'noise_stn_sigma': 3.53827781548594, 'noise_gpe_sigma': 110.7514306786473, 'noise_gpi_sigma': 115.83106805649412, 'g_stn_gpe_mult': 4.483736990522971, 'g_gpe_stn_mult': 0.13360051680256882, 'g_stn_gpi_mult': 2.482426182626431, 'g_gpe_gpi_mult': 0.7838916653911587}. Best is trial 176 with value: 0.17629840528724414.
