[I 2026-05-28 03:43:17,767] Trial 308 finished with value: 0.17542479663130098 and parameters: {'ISTN': 65.69407821117264, 'I_gpe': 1.048636994517854, 'I_gpi': 2.0646690760025748, 'noise_stn_sigma': 2.5981376759194115, 'noise_gpe_sigma': 104.45108300765894, 'noise_gpi_sigma': 72.29680200026178, 'g_stn_gpe_mult': 3.836876670487451, 'g_gpe_stn_mult': 0.13843904141870433, 'g_stn_gpi_mult': 2.0999961438633314, 'g_gpe_gpi_mult': 1.0233860451755756}. Best is trial 193 with value: 0.15561397906118069.
[I 2026-05-28 03:43:18,774] Trial 309 finished with value: 0.7184255775846936 and parameters: {'ISTN': 61.75596719763484, 'I_gpe': 1.2899940432361645, 'I_gpi': 1.8364750532386869, 'noise_stn_sigma': 4.025604414703741, 'noise_gpe_sigma': 76.62562414915267, 'noise_gpi_sigma': 76.95582929114914, 'g_stn_gpe_mult': 3.907118477554679, 'g_gpe_stn_mult': 0.16226952062241126, 'g_stn_gpi_mult': 1.9936722028738723, 'g_gpe_gpi_mult': 0.9639711945459155}. Best is trial 193 with value: 0.15561397906118069.
[I 2026-05-28 03:43:19,780] Trial 310 finished with value: 0.19478863113454206 and parameters: {'ISTN': 65.7581415913566, 'I_gpe': 1.210745063441504, 'I_gpi': 2.0127161835262015, 'noise_stn_sigma': 2.458286793743283, 'noise_gpe_sigma': 76.19024839928508, 'noise_gpi_sigma': 71.65733281473882, 'g_stn_gpe_mult': 4.322185630380121, 'g_gpe_stn_mult': 0.14189113252493005, 'g_stn_gpi_mult': 2.1006538038738727, 'g_gpe_gpi_mult': 0.9348882127350955}. Best is trial 193 with value: 0.15561397906118069.
[I 2026-05-28 03:43:20,790] Trial 311 finished with value: 0.3131462413318875 and parameters: {'ISTN': 64.58839580671993, 'I_gpe': 1.2492332392435148, 'I_gpi': 2.2780534036799898, 'noise_stn_sigma': 3.4243552352470874, 'noise_gpe_sigma': 87.18022997551537, 'noise_gpi_sigma': 71.52480381335226, 'g_stn_gpe_mult': 4.366478098914738, 'g_gpe_stn_mult': 0.1893897905527586, 'g_stn_gpi_mult': 2.0509676721090537, 'g_gpe_gpi_mult': 0.9746232767483609}. Best is trial 193 with value: 0.15561397906118069.
[I 2026-05-28 03:43:21,797] Trial 312 finished with value: 1.2488663664458532 and parameters: {'ISTN': 66.6787055382348, 'I_gpe': 0.8397921170664077, 'I_gpi': 1.9726812574531727, 'noise_stn_sigma': 2.9884311206901537, 'noise_gpe_sigma': 94.27136260090279, 'noise_gpi_sigma': 81.13818998935373, 'g_stn_gpe_mult': 3.4880916377669475, 'g_gpe_stn_mult': 0.16997288475578928, 'g_stn_gpi_mult': 1.7615294305397213, 'g_gpe_gpi_mult': 1.062808158955056}. Best is trial 193 with value: 0.15561397906118069.
[I 2026-05-28 03:43:22,803] Trial 313 finished with value: 0.36214000291986514 and parameters: {'ISTN': 61.61995979799719, 'I_gpe': 1.0800725567887348, 'I_gpi': 1.8312025359483073, 'noise_stn_sigma': 2.8700176518380234, 'noise_gpe_sigma': 111.25191101297605, 'noise_gpi_sigma': 79.5180249504441, 'g_stn_gpe_mult': 3.9760250316937773, 'g_gpe_stn_mult': 0.12569392493938802, 'g_stn_gpi_mult': 2.0982649958721455, 'g_gpe_gpi_mult': 0.9597162606491332}. Best is trial 193 with value: 0.15561397906118069.
[I 2026-05-28 03:43:23,810] Trial 314 finished with value: 0.20925467157777672 and parameters: {'ISTN': 67.63955494952998, 'I_gpe': 1.1213574736723924, 'I_gpi': 2.114419799731531, 'noise_stn_sigma': 3.162135038489495, 'noise_gpe_sigma': 95.28131965993617, 'noise_gpi_sigma': 60.39922667365361, 'g_stn_gpe_mult': 3.8970129332418115, 'g_gpe_stn_mult': 0.10786442024683421, 'g_stn_gpi_mult': 1.9511206752930739, 'g_gpe_gpi_mult': 1.0183472480258784}. Best is trial 193 with value: 0.15561397906118069.
[I 2026-05-28 03:43:24,818] Trial 315 finished with value: 2.446777302384193 and parameters: {'ISTN': 62.19672048841623, 'I_gpe': 0.9383014594070417, 'I_gpi': 1.746063478744547, 'noise_stn_sigma': 2.16922612179576, 'noise_gpe_sigma': 95.02423875206324, 'noise_gpi_sigma': 71.82906883822685, 'g_stn_gpe_mult': 3.8432078391971367, 'g_gpe_stn_mult': 0.13425410400333843, 'g_stn_gpi_mult': 2.1935304170037195, 'g_gpe_gpi_mult': 0.9831189486473768}. Best is trial 193 with value: 0.15561397906118069.
[I 2026-05-28 03:43:25,827] Trial 316 finished with value: 0.21364027183832354 and parameters: {'ISTN': 66.64759691433458, 'I_gpe': 1.4038052920064663, 'I_gpi': 2.006128786866062, 'noise_stn_sigma': 2.1026763454604507, 'noise_gpe_sigma': 88.61717635677265, 'noise_gpi_sigma': 61.932852211537956, 'g_stn_gpe_mult': 3.842865598164511, 'g_gpe_stn_mult': 0.1307046345593315, 'g_stn_gpi_mult': 2.1545926613193185, 'g_gpe_gpi_mult': 0.9321174091633404}. Best is trial 193 with value: 0.15561397906118069.
[I 2026-05-28 03:43:26,832] Trial 317 finished with value: 0.31820515478192957 and parameters: {'ISTN': 67.65192697079958, 'I_gpe': 0.9993683241117886, 'I_gpi': 2.052608910967531, 'noise_stn_sigma': 3.7405340810467043, 'noise_gpe_sigma': 107.8271859323561, 'noise_gpi_sigma': 69.10783477179876, 'g_stn_gpe_mult': 4.259607537318029, 'g_gpe_stn_mult': 0.13568770451762974, 'g_stn_gpi_mult': 2.46140176356748, 'g_gpe_gpi_mult': 0.9461987519025661}. Best is trial 193 with value: 0.15561397906118069.
[I 2026-05-28 03:43:27,780] Trial 318 finished with value: 1000000.0 and parameters: {'ISTN': 60.741324473330266, 'I_gpe': 0.8326452421199746, 'I_gpi': 2.3780235366534406, 'noise_stn_sigma': 2.2178574568659313, 'noise_gpe_sigma': 92.19591960824141, 'noise_gpi_sigma': 79.0171398007744, 'g_stn_gpe_mult': 3.536344241001021, 'g_gpe_stn_mult': 0.2477102950833512, 'g_stn_gpi_mult': 2.226187988806543, 'g_gpe_gpi_mult': 0.9990887970185451}. Best is trial 193 with value: 0.15561397906118069.
[I 2026-05-28 03:43:28,787] Trial 319 finished with value: 0.24555346243635603 and parameters: {'ISTN': 63.787785430291684, 'I_gpe': 0.9231254776075175, 'I_gpi': 1.86137951329723, 'noise_stn_sigma': 2.7948554418859572, 'noise_gpe_sigma': 78.60133515726804, 'noise_gpi_sigma': 67.75757784292938, 'g_stn_gpe_mult': 3.6409382729902764, 'g_gpe_stn_mult': 0.13925699738989525, 'g_stn_gpi_mult': 1.8953285935391384, 'g_gpe_gpi_mult': 0.9647847314611506}. Best is trial 193 with value: 0.15561397906118069.
[I 2026-05-28 03:43:29,794] Trial 320 finished with value: 11.222216590178036 and parameters: {'ISTN': 71.48145838760996, 'I_gpe': 0.7685320262937818, 'I_gpi': 1.8329784681243286, 'noise_stn_sigma': 2.674797332714251, 'noise_gpe_sigma': 111.44818332555488, 'noise_gpi_sigma': 68.4461473650064, 'g_stn_gpe_mult': 4.504923532582274, 'g_gpe_stn_mult': 0.2283177068933236, 'g_stn_gpi_mult': 2.1752846977632343, 'g_gpe_gpi_mult': 0.9043669702551596}. Best is trial 193 with value: 0.15561397906118069.
[I 2026-05-28 03:43:30,801] Trial 321 finished with value: 0.3623796973585794 and parameters: {'ISTN': 70.01803709399107, 'I_gpe': 1.1413253596415984, 'I_gpi': 2.2633430719660494, 'noise_stn_sigma': 2.0648887330407044, 'noise_gpe_sigma': 90.08533722755244, 'noise_gpi_sigma': 71.98786462481695, 'g_stn_gpe_mult': 3.5454903774212116, 'g_gpe_stn_mult': 0.12097898401272439, 'g_stn_gpi_mult': 2.1044948236795715, 'g_gpe_gpi_mult': 1.0024477669656273}. Best is trial 193 with value: 0.15561397906118069.
[I 2026-05-28 03:43:31,806] Trial 322 finished with value: 0.7182706558388458 and parameters: {'ISTN': 62.91019248099557, 'I_gpe': 0.8737231470876525, 'I_gpi': 2.126790650371782, 'noise_stn_sigma': 3.174294782772012, 'noise_gpe_sigma': 89.48855685094378, 'noise_gpi_sigma': 60.222229981841565, 'g_stn_gpe_mult': 3.5477417678456677, 'g_gpe_stn_mult': 0.22713229813482988, 'g_stn_gpi_mult': 2.073793381938503, 'g_gpe_gpi_mult': 0.9975589363911173}. Best is trial 193 with value: 0.15561397906118069.
[I 2026-05-28 03:43:32,815] Trial 323 finished with value: 0.5137784945746037 and parameters: {'ISTN': 60.423842848668954, 'I_gpe': 1.1447383202536006, 'I_gpi': 2.124975410317015, 'noise_stn_sigma': 2.1114263252740706, 'noise_gpe_sigma': 87.04669822947169, 'noise_gpi_sigma': 69.34611002812589, 'g_stn_gpe_mult': 3.860436351477499, 'g_gpe_stn_mult': 0.17175824274371426, 'g_stn_gpi_mult': 2.1593344914945636, 'g_gpe_gpi_mult': 0.9417858469439677}. Best is trial 193 with value: 0.15561397906118069.
[I 2026-05-28 03:43:33,823] Trial 324 finished with value: 0.20816934761116054 and parameters: {'ISTN': 64.66431552532448, 'I_gpe': 1.295112673825036, 'I_gpi': 2.0353960993008653, 'noise_stn_sigma': 2.887342215228199, 'noise_gpe_sigma': 95.69826846412018, 'noise_gpi_sigma': 53.81636522014129, 'g_stn_gpe_mult': 4.045065799679888, 'g_gpe_stn_mult': 0.13873133630425907, 'g_stn_gpi_mult': 2.151289874205767, 'g_gpe_gpi_mult': 0.9105434919382154}. Best is trial 193 with value: 0.15561397906118069.
[I 2026-05-28 03:43:34,828] Trial 325 finished with value: 0.19441714427469947 and parameters: {'ISTN': 62.68576875102279, 'I_gpe': 1.06985920991054, 'I_gpi': 2.1214173334016024, 'noise_stn_sigma': 3.0306707965305266, 'noise_gpe_sigma': 95.5206433862499, 'noise_gpi_sigma': 57.98337244665624, 'g_stn_gpe_mult': 3.816889846586917, 'g_gpe_stn_mult': 0.18559877276432335, 'g_stn_gpi_mult': 2.1943478145088293, 'g_gpe_gpi_mult': 0.9132887610820064}. Best is trial 193 with value: 0.15561397906118069.
[I 2026-05-28 03:43:35,836] Trial 326 finished with value: 0.17052466015779474 and parameters: {'ISTN': 62.279993405496555, 'I_gpe': 1.089604292775939, 'I_gpi': 2.072626861424214, 'noise_stn_sigma': 3.2645003316693213, 'noise_gpe_sigma': 84.18063026659982, 'noise_gpi_sigma': 67.9605213974117, 'g_stn_gpe_mult': 3.8638807350952957, 'g_gpe_stn_mult': 0.13746800613415316, 'g_stn_gpi_mult': 1.7932275308945809, 'g_gpe_gpi_mult': 0.9893551611243712}. Best is trial 193 with value: 0.15561397906118069.
[I 2026-05-28 03:43:36,844] Trial 327 finished with value: 0.20392338739738458 and parameters: {'ISTN': 66.02322040698385, 'I_gpe': 1.1852210640733687, 'I_gpi': 2.0710834097722817, 'noise_stn_sigma': 2.7884628266623346, 'noise_gpe_sigma': 92.10523945624618, 'noise_gpi_sigma': 60.40315642036576, 'g_stn_gpe_mult': 3.7988916872547587, 'g_gpe_stn_mult': 0.11454049461834966, 'g_stn_gpi_mult': 2.432391213496604, 'g_gpe_gpi_mult': 0.9995844255567838}. Best is trial 193 with value: 0.15561397906118069.
[I 2026-05-28 03:43:37,850] Trial 328 finished with value: 6.508267877907463 and parameters: {'ISTN': 69.73352228845258, 'I_gpe': 1.173398702485346, 'I_gpi': 1.9348854182554773, 'noise_stn_sigma': 3.1777106895835145, 'noise_gpe_sigma': 93.09586553657064, 'noise_gpi_sigma': 52.578231982122645, 'g_stn_gpe_mult': 4.026522275082118, 'g_gpe_stn_mult': 0.1473458353108604, 'g_stn_gpi_mult': 1.9565594758654763, 'g_gpe_gpi_mult': 0.9888993639130708}. Best is trial 193 with value: 0.15561397906118069.
[I 2026-05-28 03:43:38,857] Trial 329 finished with value: 0.21848255086542884 and parameters: {'ISTN': 66.543047246379, 'I_gpe': 1.0724985452086084, 'I_gpi': 2.0638462066682317, 'noise_stn_sigma': 3.787993223237698, 'noise_gpe_sigma': 75.1443957026695, 'noise_gpi_sigma': 68.79792864403561, 'g_stn_gpe_mult': 3.9784917043751684, 'g_gpe_stn_mult': 0.12473846962904296, 'g_stn_gpi_mult': 2.0177391319909224, 'g_gpe_gpi_mult': 0.9351278273086834}. Best is trial 193 with value: 0.15561397906118069.
[I 2026-05-28 03:43:39,864] Trial 330 finished with value: 0.7666326347415435 and parameters: {'ISTN': 63.009601117133485, 'I_gpe': 1.1484742699728505, 'I_gpi': 2.046025471273896, 'noise_stn_sigma': 2.1542690956779458, 'noise_gpe_sigma': 90.73252111698898, 'noise_gpi_sigma': 65.99220048401082, 'g_stn_gpe_mult': 4.177322962553198, 'g_gpe_stn_mult': 0.16673541508428968, 'g_stn_gpi_mult': 1.8929178712803902, 'g_gpe_gpi_mult': 0.8995140046318086}. Best is trial 193 with value: 0.15561397906118069.
[I 2026-05-28 03:43:40,872] Trial 331 finished with value: 0.20914990480256268 and parameters: {'ISTN': 67.01977716927564, 'I_gpe': 0.9869883730752316, 'I_gpi': 2.066188606896514, 'noise_stn_sigma': 3.2610604251336652, 'noise_gpe_sigma': 90.34135755887237, 'noise_gpi_sigma': 61.26233912211554, 'g_stn_gpe_mult': 3.802525479937571, 'g_gpe_stn_mult': 0.11009345752164748, 'g_stn_gpi_mult': 2.2893419203124648, 'g_gpe_gpi_mult': 0.9978584911034816}. Best is trial 193 with value: 0.15561397906118069.
[I 2026-05-28 03:43:41,878] Trial 332 finished with value: 0.24367474152214016 and parameters: {'ISTN': 64.70233067783641, 'I_gpe': 1.1925651017425676, 'I_gpi': 2.099982760145292, 'noise_stn_sigma': 2.9566043936176634, 'noise_gpe_sigma': 94.42534757086543, 'noise_gpi_sigma': 64.11378984419682, 'g_stn_gpe_mult': 3.8624080854198395, 'g_gpe_stn_mult': 0.1788982618738803, 'g_stn_gpi_mult': 2.1547008070771696, 'g_gpe_gpi_mult': 0.9453594104952574}. Best is trial 193 with value: 0.15561397906118069.
[I 2026-05-28 03:43:42,884] Trial 333 finished with value: 1.164673541306356 and parameters: {'ISTN': 67.69020723748108, 'I_gpe': 1.0856631985277991, 'I_gpi': 1.9494282360009407, 'noise_stn_sigma': 2.9627694458153377, 'noise_gpe_sigma': 82.74657281336536, 'noise_gpi_sigma': 55.79625647282455, 'g_stn_gpe_mult': 3.754404413317992, 'g_gpe_stn_mult': 0.16448125631677624, 'g_stn_gpi_mult': 2.2252770865243283, 'g_gpe_gpi_mult': 0.9452049605323845}. Best is trial 193 with value: 0.15561397906118069.
[I 2026-05-28 03:43:43,894] Trial 334 finished with value: 0.17417134455788033 and parameters: {'ISTN': 61.38828738967405, 'I_gpe': 1.1300298430974625, 'I_gpi': 1.9321277769881164, 'noise_stn_sigma': 2.6062545962021986, 'noise_gpe_sigma': 89.78135032199748, 'noise_gpi_sigma': 63.99892158259502, 'g_stn_gpe_mult': 3.919177937052939, 'g_gpe_stn_mult': 0.16586214130029425, 'g_stn_gpi_mult': 1.9193926639622896, 'g_gpe_gpi_mult': 1.030553990051448}. Best is trial 193 with value: 0.15561397906118069.
[I 2026-05-28 03:43:44,903] Trial 335 finished with value: 0.2095130753818072 and parameters: {'ISTN': 60.56870992999968, 'I_gpe': 1.1418506255409133, 'I_gpi': 1.784770389815244, 'noise_stn_sigma': 2.9194981297622453, 'noise_gpe_sigma': 96.1722682985395, 'noise_gpi_sigma': 52.917735524443856, 'g_stn_gpe_mult': 4.036098464514364, 'g_gpe_stn_mult': 0.17293125726241054, 'g_stn_gpi_mult': 1.8519756091657866, 'g_gpe_gpi_mult': 0.9617065730060546}. Best is trial 193 with value: 0.15561397906118069.
[I 2026-05-28 03:43:45,909] Trial 336 finished with value: 0.3541959159936857 and parameters: {'ISTN': 60.58270120110332, 'I_gpe': 1.0091388792166824, 'I_gpi': 1.9303266711894687, 'noise_stn_sigma': 3.4046083915129173, 'noise_gpe_sigma': 80.64343207579833, 'noise_gpi_sigma': 47.05295906700631, 'g_stn_gpe_mult': 3.8964559780329657, 'g_gpe_stn_mult': 0.18600963767633166, 'g_stn_gpi_mult': 1.8014968895161152, 'g_gpe_gpi_mult': 0.9605765629634122}. Best is trial 193 with value: 0.15561397906118069.
[I 2026-05-28 03:43:46,916] Trial 337 finished with value: 0.22916413818071135 and parameters: {'ISTN': 63.169046166805856, 'I_gpe': 1.0286991549053313, 'I_gpi': 2.102593018044216, 'noise_stn_sigma': 3.6398453848053673, 'noise_gpe_sigma': 99.34504524702935, 'noise_gpi_sigma': 56.261802269174346, 'g_stn_gpe_mult': 4.089872751649855, 'g_gpe_stn_mult': 0.19487415651755202, 'g_stn_gpi_mult': 2.150464164648428, 'g_gpe_gpi_mult': 0.8947684247257357}. Best is trial 193 with value: 0.15561397906118069.
[I 2026-05-28 03:43:47,923] Trial 338 finished with value: 0.15912731983195497 and parameters: {'ISTN': 61.58395749601388, 'I_gpe': 1.1747708003983202, 'I_gpi': 2.1513514621719025, 'noise_stn_sigma': 3.321951532093644, 'noise_gpe_sigma': 85.32981395925117, 'noise_gpi_sigma': 79.53128883669609, 'g_stn_gpe_mult': 4.161437130157678, 'g_gpe_stn_mult': 0.15718483453665666, 'g_stn_gpi_mult': 1.9510585299895116, 'g_gpe_gpi_mult': 0.8758037426341829}. Best is trial 193 with value: 0.15561397906118069.
[I 2026-05-28 03:43:48,930] Trial 339 finished with value: 0.3106992858014936 and parameters: {'ISTN': 62.15072459756507, 'I_gpe': 0.8599316268463915, 'I_gpi': 2.281429383970036, 'noise_stn_sigma': 3.629141126589531, 'noise_gpe_sigma': 99.7779674265673, 'noise_gpi_sigma': 74.24581357571483, 'g_stn_gpe_mult': 3.6018957271883845, 'g_gpe_stn_mult': 0.10490289526907579, 'g_stn_gpi_mult': 2.0022162133273627, 'g_gpe_gpi_mult': 0.9329119102063368}. Best is trial 193 with value: 0.15561397906118069.
[I 2026-05-28 03:43:49,940] Trial 340 finished with value: 0.2768482807989398 and parameters: {'ISTN': 64.71641293266852, 'I_gpe': 1.5537159743645494, 'I_gpi': 2.210199803272437, 'noise_stn_sigma': 3.451247350248027, 'noise_gpe_sigma': 77.30143363596623, 'noise_gpi_sigma': 65.73134997133401, 'g_stn_gpe_mult': 3.924085883998572, 'g_gpe_stn_mult': 0.10500612299054739, 'g_stn_gpi_mult': 2.0306222680463737, 'g_gpe_gpi_mult': 1.0185995069277831}. Best is trial 193 with value: 0.15561397906118069.
[I 2026-05-28 03:43:50,948] Trial 341 finished with value: 0.2665226640950597 and parameters: {'ISTN': 64.65164676765093, 'I_gpe': 1.0725602824672793, 'I_gpi': 1.6135008713520578, 'noise_stn_sigma': 3.2741573495171843, 'noise_gpe_sigma': 95.15116017445517, 'noise_gpi_sigma': 58.85552530919182, 'g_stn_gpe_mult': 4.0013203491714116, 'g_gpe_stn_mult': 0.1449611986721446, 'g_stn_gpi_mult': 2.1954603153409837, 'g_gpe_gpi_mult': 0.9930684792328786}. Best is trial 193 with value: 0.15561397906118069.
[I 2026-05-28 03:43:51,955] Trial 342 finished with value: 0.22318741010517518 and parameters: {'ISTN': 64.93812014366954, 'I_gpe': 0.9195422251298053, 'I_gpi': 2.211135209463599, 'noise_stn_sigma': 3.3505725143831544, 'noise_gpe_sigma': 88.11946800682666, 'noise_gpi_sigma': 63.52457997634371, 'g_stn_gpe_mult': 4.013510779052018, 'g_gpe_stn_mult': 0.13195260986319313, 'g_stn_gpi_mult': 2.0209461514308007, 'g_gpe_gpi_mult': 0.9254884795123552}. Best is trial 193 with value: 0.15561397906118069.
[I 2026-05-28 03:43:52,963] Trial 343 finished with value: 0.18404983929299337 and parameters: {'ISTN': 60.81640237374457, 'I_gpe': 1.3215037122565865, 'I_gpi': 2.10986872660638, 'noise_stn_sigma': 3.095556821816497, 'noise_gpe_sigma': 91.35473176325661, 'noise_gpi_sigma': 65.50511337189434, 'g_stn_gpe_mult': 3.974216221296573, 'g_gpe_stn_mult': 0.17744554856015599, 'g_stn_gpi_mult': 1.9512529591839822, 'g_gpe_gpi_mult': 0.9270438121373648}. Best is trial 193 with value: 0.15561397906118069.
[I 2026-05-28 03:43:53,973] Trial 344 finished with value: 0.1978334844086912 and parameters: {'ISTN': 60.148958661920986, 'I_gpe': 1.1312806000343525, 'I_gpi': 1.9601188861171044, 'noise_stn_sigma': 2.5610675161633094, 'noise_gpe_sigma': 89.93052700053168, 'noise_gpi_sigma': 62.70106434994974, 'g_stn_gpe_mult': 3.7901495322932437, 'g_gpe_stn_mult': 0.16863516592695066, 'g_stn_gpi_mult': 2.165810405131543, 'g_gpe_gpi_mult': 0.8667292924756695}. Best is trial 193 with value: 0.15561397906118069.
[I 2026-05-28 03:43:54,980] Trial 345 finished with value: 4.0695672156667975 and parameters: {'ISTN': 61.95589386584967, 'I_gpe': 1.0766752840192422, 'I_gpi': 1.9565566933602827, 'noise_stn_sigma': 2.18309023536322, 'noise_gpe_sigma': 90.96317669777345, 'noise_gpi_sigma': 71.05133283703493, 'g_stn_gpe_mult': 3.9835347742954483, 'g_gpe_stn_mult': 0.1282990719979803, 'g_stn_gpi_mult': 1.882977101446914, 'g_gpe_gpi_mult': 1.0236073928844125}. Best is trial 193 with value: 0.15561397906118069.
[I 2026-05-28 03:43:55,990] Trial 346 finished with value: 0.1769837138501314 and parameters: {'ISTN': 60.8565259422709, 'I_gpe': 1.1880866811048099, 'I_gpi': 2.082037928683749, 'noise_stn_sigma': 2.986482616392415, 'noise_gpe_sigma': 84.82218905005072, 'noise_gpi_sigma': 75.25947795735328, 'g_stn_gpe_mult': 3.8790046899842334, 'g_gpe_stn_mult': 0.20088437548143442, 'g_stn_gpi_mult': 1.9952418888561425, 'g_gpe_gpi_mult': 0.9303659626039413}. Best is trial 193 with value: 0.15561397906118069.
[I 2026-05-28 03:43:56,999] Trial 347 finished with value: 1.6372066714230662 and parameters: {'ISTN': 60.00330378347267, 'I_gpe': 1.1575548987240296, 'I_gpi': 1.800246611649181, 'noise_stn_sigma': 2.638959350914945, 'noise_gpe_sigma': 89.65691377702434, 'noise_gpi_sigma': 71.78264747734931, 'g_stn_gpe_mult': 3.8144551453694513, 'g_gpe_stn_mult': 0.13982815352189343, 'g_stn_gpi_mult': 1.8704757078029481, 'g_gpe_gpi_mult': 1.0213445970434911}. Best is trial 193 with value: 0.15561397906118069.
[I 2026-05-28 03:43:58,006] Trial 348 finished with value: 1.7347796390280248 and parameters: {'ISTN': 61.76833444765097, 'I_gpe': 0.9398869031379075, 'I_gpi': 2.1241332447345815, 'noise_stn_sigma': 3.5948117930370427, 'noise_gpe_sigma': 90.32652317301483, 'noise_gpi_sigma': 73.18719053209678, 'g_stn_gpe_mult': 4.020185510273453, 'g_gpe_stn_mult': 0.10212942283120302, 'g_stn_gpi_mult': 2.1945342110711605, 'g_gpe_gpi_mult': 1.0006523077152651}. Best is trial 193 with value: 0.15561397906118069.
[I 2026-05-28 03:43:59,015] Trial 349 finished with value: 0.2075496617206646 and parameters: {'ISTN': 61.800892252098265, 'I_gpe': 1.195046434753296, 'I_gpi': 2.394145323144195, 'noise_stn_sigma': 3.2958816682400505, 'noise_gpe_sigma': 85.17328656229816, 'noise_gpi_sigma': 77.84218529136854, 'g_stn_gpe_mult': 3.707584793516574, 'g_gpe_stn_mult': 0.17446371890623874, 'g_stn_gpi_mult': 2.083569365290126, 'g_gpe_gpi_mult': 0.9157289658946297}. Best is trial 193 with value: 0.15561397906118069.
[I 2026-05-28 03:44:00,022] Trial 350 finished with value: 0.20728828326378457 and parameters: {'ISTN': 62.254806838246175, 'I_gpe': 1.1501057566105843, 'I_gpi': 1.8278026236494243, 'noise_stn_sigma': 3.298693079818536, 'noise_gpe_sigma': 88.33899617782411, 'noise_gpi_sigma': 65.88800102990109, 'g_stn_gpe_mult': 3.777280621521552, 'g_gpe_stn_mult': 0.1573277672287129, 'g_stn_gpi_mult': 2.082407314047186, 'g_gpe_gpi_mult': 0.9833750320695949}. Best is trial 193 with value: 0.15561397906118069.
[I 2026-05-28 03:44:01,032] Trial 351 finished with value: 0.22929020144303908 and parameters: {'ISTN': 61.81656384026301, 'I_gpe': 1.255633493267406, 'I_gpi': 2.3135655805618502, 'noise_stn_sigma': 2.7505697409141394, 'noise_gpe_sigma': 77.39565446438893, 'noise_gpi_sigma': 77.89596038233017, 'g_stn_gpe_mult': 4.035873045994686, 'g_gpe_stn_mult': 0.23119582586365012, 'g_stn_gpi_mult': 2.131359919940441, 'g_gpe_gpi_mult': 0.9562519151827888}. Best is trial 193 with value: 0.15561397906118069.
