[I 2026-05-28 03:34:26,558] Trial 792 finished with value: 0.630427347323764 and parameters: {'ISTN': 63.04938983300561, 'I_gpe': 0.8441342510003786, 'I_gpi': 2.3099655579996536, 'noise_stn_sigma': 5.163612136138278, 'noise_gpe_sigma': 75.44475064568448, 'noise_gpi_sigma': 121.05574891440554, 'g_stn_gpe_mult': 2.156000942923355, 'g_gpe_stn_mult': 0.7748240005751161, 'g_stn_gpi_mult': 3.6289231602001477, 'g_gpe_gpi_mult': 0.7995497666768123}. Best is trial 410 with value: 0.4608635463245284.
[I 2026-05-28 03:34:27,566] Trial 793 finished with value: 7.519217015459672 and parameters: {'ISTN': 61.25790169214006, 'I_gpe': 0.9950814833389809, 'I_gpi': 2.2272611181876334, 'noise_stn_sigma': 5.446572569813231, 'noise_gpe_sigma': 74.14303128300136, 'noise_gpi_sigma': 125.86261251686284, 'g_stn_gpe_mult': 2.289408426559236, 'g_gpe_stn_mult': 0.6905309271916551, 'g_stn_gpi_mult': 3.450729795806862, 'g_gpe_gpi_mult': 0.905322228500941}. Best is trial 410 with value: 0.4608635463245284.
[I 2026-05-28 03:34:28,576] Trial 794 finished with value: 1.2658296160672564 and parameters: {'ISTN': 62.480156403035, 'I_gpe': 0.8255309963216411, 'I_gpi': 2.3025199084516412, 'noise_stn_sigma': 5.402688353401268, 'noise_gpe_sigma': 84.3882997827726, 'noise_gpi_sigma': 133.03181983053832, 'g_stn_gpe_mult': 2.0025288249719444, 'g_gpe_stn_mult': 0.7377977311187288, 'g_stn_gpi_mult': 3.647116303268482, 'g_gpe_gpi_mult': 0.9280766398707185}. Best is trial 410 with value: 0.4608635463245284.
[I 2026-05-28 03:34:29,585] Trial 795 finished with value: 2.4299932000675493 and parameters: {'ISTN': 63.55007988298258, 'I_gpe': 0.7323398244458169, 'I_gpi': 2.381463468858623, 'noise_stn_sigma': 6.171055998989589, 'noise_gpe_sigma': 80.33045848305659, 'noise_gpi_sigma': 137.20663610399038, 'g_stn_gpe_mult': 2.071791887906601, 'g_gpe_stn_mult': 0.7264262320366818, 'g_stn_gpi_mult': 3.7321421553122356, 'g_gpe_gpi_mult': 0.9424627672885153}. Best is trial 410 with value: 0.4608635463245284.
[I 2026-05-28 03:34:30,595] Trial 796 finished with value: 1.9796968186144372 and parameters: {'ISTN': 65.82823054211418, 'I_gpe': 0.8463835777547024, 'I_gpi': 2.0141996410061864, 'noise_stn_sigma': 6.595894819056218, 'noise_gpe_sigma': 76.71863452532553, 'noise_gpi_sigma': 135.279744484563, 'g_stn_gpe_mult': 2.1998348284907427, 'g_gpe_stn_mult': 0.6763017049776271, 'g_stn_gpi_mult': 3.6256268101611258, 'g_gpe_gpi_mult': 0.8374676342904628}. Best is trial 410 with value: 0.4608635463245284.
[I 2026-05-28 03:34:31,602] Trial 797 finished with value: 5.954266005826861 and parameters: {'ISTN': 65.79228214277283, 'I_gpe': 0.8255897753233721, 'I_gpi': 1.8733025180099294, 'noise_stn_sigma': 5.762207659642129, 'noise_gpe_sigma': 67.43984947862943, 'noise_gpi_sigma': 142.41916925936295, 'g_stn_gpe_mult': 2.14141877779163, 'g_gpe_stn_mult': 0.7046033481945763, 'g_stn_gpi_mult': 3.7860734428212925, 'g_gpe_gpi_mult': 0.8427755623767301}. Best is trial 410 with value: 0.4608635463245284.
[I 2026-05-28 03:34:32,610] Trial 798 finished with value: 2.9767308965746886 and parameters: {'ISTN': 65.19201512640826, 'I_gpe': 0.865819113427339, 'I_gpi': 2.1717733475142262, 'noise_stn_sigma': 5.826751425765646, 'noise_gpe_sigma': 79.32796265590761, 'noise_gpi_sigma': 132.99184365388163, 'g_stn_gpe_mult': 2.18821017028682, 'g_gpe_stn_mult': 0.6918710039535693, 'g_stn_gpi_mult': 3.6663947184644536, 'g_gpe_gpi_mult': 0.953347744349117}. Best is trial 410 with value: 0.4608635463245284.
[I 2026-05-28 03:34:33,617] Trial 799 finished with value: 4.9527784648609465 and parameters: {'ISTN': 64.94945714103866, 'I_gpe': 0.7513443589342912, 'I_gpi': 2.028340737888419, 'noise_stn_sigma': 5.2963874107945355, 'noise_gpe_sigma': 85.9642187808896, 'noise_gpi_sigma': 136.32434619116395, 'g_stn_gpe_mult': 1.941024418703735, 'g_gpe_stn_mult': 0.6958379173130199, 'g_stn_gpi_mult': 3.6293983525505045, 'g_gpe_gpi_mult': 0.9036495894361101}. Best is trial 410 with value: 0.4608635463245284.
[I 2026-05-28 03:34:34,623] Trial 800 finished with value: 4.324974723610388 and parameters: {'ISTN': 63.86561924500493, 'I_gpe': 0.8493474036206741, 'I_gpi': 2.2117779129534005, 'noise_stn_sigma': 5.952086777950632, 'noise_gpe_sigma': 77.60661542556608, 'noise_gpi_sigma': 130.82057265961748, 'g_stn_gpe_mult': 1.9955675086072264, 'g_gpe_stn_mult': 0.769575864507241, 'g_stn_gpi_mult': 3.9026889713547153, 'g_gpe_gpi_mult': 0.9293734414813066}. Best is trial 410 with value: 0.4608635463245284.
[I 2026-05-28 03:34:35,633] Trial 801 finished with value: 2.0268814822494807 and parameters: {'ISTN': 65.09818879480383, 'I_gpe': 0.7966186389850449, 'I_gpi': 2.1465114930876954, 'noise_stn_sigma': 6.024587319890635, 'noise_gpe_sigma': 81.57095357374595, 'noise_gpi_sigma': 131.87412276797573, 'g_stn_gpe_mult': 2.0084792854015374, 'g_gpe_stn_mult': 0.7109001041126966, 'g_stn_gpi_mult': 3.47373463749045, 'g_gpe_gpi_mult': 0.8545193532826691}. Best is trial 410 with value: 0.4608635463245284.
[I 2026-05-28 03:34:36,640] Trial 802 finished with value: 3.7843603912330703 and parameters: {'ISTN': 65.23202810067988, 'I_gpe': 0.6995505767691126, 'I_gpi': 2.5370627862661497, 'noise_stn_sigma': 5.70607850485144, 'noise_gpe_sigma': 84.89545836794606, 'noise_gpi_sigma': 132.45068694678952, 'g_stn_gpe_mult': 1.7946433362994203, 'g_gpe_stn_mult': 0.6980810612307825, 'g_stn_gpi_mult': 3.5321750720354594, 'g_gpe_gpi_mult': 0.8605462854022703}. Best is trial 410 with value: 0.4608635463245284.
[I 2026-05-28 03:34:37,647] Trial 803 finished with value: 0.5732321814693526 and parameters: {'ISTN': 64.99768401206805, 'I_gpe': 0.9052857990221322, 'I_gpi': 2.0839939857467082, 'noise_stn_sigma': 4.573608606555634, 'noise_gpe_sigma': 82.29314116083071, 'noise_gpi_sigma': 121.6280930951681, 'g_stn_gpe_mult': 2.117720032888599, 'g_gpe_stn_mult': 0.7723940928320735, 'g_stn_gpi_mult': 3.7074033372851956, 'g_gpe_gpi_mult': 0.8706220374044387}. Best is trial 410 with value: 0.4608635463245284.
[I 2026-05-28 03:34:38,654] Trial 804 finished with value: 4.507203289393945 and parameters: {'ISTN': 66.8482647742, 'I_gpe': 0.8528209560991389, 'I_gpi': 2.2011700579691897, 'noise_stn_sigma': 5.446092021732162, 'noise_gpe_sigma': 81.5050946666338, 'noise_gpi_sigma': 124.6258256406878, 'g_stn_gpe_mult': 2.1258107999692446, 'g_gpe_stn_mult': 0.6678502691691793, 'g_stn_gpi_mult': 3.5270251204818477, 'g_gpe_gpi_mult': 0.8335007125438743}. Best is trial 410 with value: 0.4608635463245284.
[I 2026-05-28 03:34:39,661] Trial 805 finished with value: 6.064041790096638 and parameters: {'ISTN': 66.79125670278223, 'I_gpe': 0.7345603486362358, 'I_gpi': 2.2656903951764686, 'noise_stn_sigma': 4.9057006513694015, 'noise_gpe_sigma': 80.53018217460485, 'noise_gpi_sigma': 127.1085447755637, 'g_stn_gpe_mult': 2.1180930322604037, 'g_gpe_stn_mult': 0.773977845198791, 'g_stn_gpi_mult': 3.8721432462323473, 'g_gpe_gpi_mult': 0.8625593305113182}. Best is trial 410 with value: 0.4608635463245284.
[I 2026-05-28 03:34:40,670] Trial 806 finished with value: 2.888237738783113 and parameters: {'ISTN': 62.687559109306854, 'I_gpe': 0.710704984656581, 'I_gpi': 2.4711705106044812, 'noise_stn_sigma': 5.848556090077908, 'noise_gpe_sigma': 78.58342171968778, 'noise_gpi_sigma': 140.5601096460649, 'g_stn_gpe_mult': 2.04722575532875, 'g_gpe_stn_mult': 0.7597403359762089, 'g_stn_gpi_mult': 3.611820947149212, 'g_gpe_gpi_mult': 0.8464176846137204}. Best is trial 410 with value: 0.4608635463245284.
[I 2026-05-28 03:34:41,678] Trial 807 finished with value: 1.1449320210724947 and parameters: {'ISTN': 62.354608331405075, 'I_gpe': 0.8787008306533806, 'I_gpi': 2.4150955256074202, 'noise_stn_sigma': 5.732847077999686, 'noise_gpe_sigma': 80.22940175101084, 'noise_gpi_sigma': 133.78211409886586, 'g_stn_gpe_mult': 2.0368425100686887, 'g_gpe_stn_mult': 0.7370182372747661, 'g_stn_gpi_mult': 3.8299557680634333, 'g_gpe_gpi_mult': 0.9274173080778081}. Best is trial 410 with value: 0.4608635463245284.
[I 2026-05-28 03:34:42,689] Trial 808 finished with value: 2.385367015287391 and parameters: {'ISTN': 61.411408838721755, 'I_gpe': 0.8199906238648892, 'I_gpi': 2.338188944111413, 'noise_stn_sigma': 5.603339406345338, 'noise_gpe_sigma': 77.57244093379596, 'noise_gpi_sigma': 133.19608450032, 'g_stn_gpe_mult': 2.0933660063773014, 'g_gpe_stn_mult': 0.7168410779434583, 'g_stn_gpi_mult': 3.409213475921733, 'g_gpe_gpi_mult': 0.8046868773140481}. Best is trial 410 with value: 0.4608635463245284.
[I 2026-05-28 03:34:43,698] Trial 809 finished with value: 1.901404649102078 and parameters: {'ISTN': 61.73854315733834, 'I_gpe': 0.8344903567696954, 'I_gpi': 2.6654474869244194, 'noise_stn_sigma': 6.148294160486336, 'noise_gpe_sigma': 81.67513700860562, 'noise_gpi_sigma': 132.11031956979932, 'g_stn_gpe_mult': 1.9522336176304957, 'g_gpe_stn_mult': 0.722917913777925, 'g_stn_gpi_mult': 3.7051432141484684, 'g_gpe_gpi_mult': 0.9567358953541978}. Best is trial 410 with value: 0.4608635463245284.
[I 2026-05-28 03:34:44,707] Trial 810 finished with value: 1.1290608686602797 and parameters: {'ISTN': 65.59774008702949, 'I_gpe': 0.8253206417974603, 'I_gpi': 2.2638227320540474, 'noise_stn_sigma': 5.139035062271314, 'noise_gpe_sigma': 80.60300056586249, 'noise_gpi_sigma': 125.1575330456804, 'g_stn_gpe_mult': 2.036606849959676, 'g_gpe_stn_mult': 0.7937275937500043, 'g_stn_gpi_mult': 3.6285549598352946, 'g_gpe_gpi_mult': 0.889805734609117}. Best is trial 410 with value: 0.4608635463245284.
[I 2026-05-28 03:34:45,717] Trial 811 finished with value: 0.5514328565198311 and parameters: {'ISTN': 63.87154018086344, 'I_gpe': 0.9670285756987587, 'I_gpi': 2.2852418030195167, 'noise_stn_sigma': 5.090662925835678, 'noise_gpe_sigma': 75.5046283819074, 'noise_gpi_sigma': 116.29194660737816, 'g_stn_gpe_mult': 2.1220348314046062, 'g_gpe_stn_mult': 0.7432961899291807, 'g_stn_gpi_mult': 3.537201896163224, 'g_gpe_gpi_mult': 0.8374305739133303}. Best is trial 410 with value: 0.4608635463245284.
[I 2026-05-28 03:34:46,724] Trial 812 finished with value: 2.5388332803736913 and parameters: {'ISTN': 69.08767836420168, 'I_gpe': 0.7398935995286604, 'I_gpi': 2.158739928872869, 'noise_stn_sigma': 5.117780198950014, 'noise_gpe_sigma': 79.6407939417511, 'noise_gpi_sigma': 115.93395543896283, 'g_stn_gpe_mult': 2.0257594286468916, 'g_gpe_stn_mult': 0.7678906189706528, 'g_stn_gpi_mult': 3.688850077813449, 'g_gpe_gpi_mult': 0.9073247895085546}. Best is trial 410 with value: 0.4608635463245284.
[I 2026-05-28 03:34:47,730] Trial 813 finished with value: 5.798603494465544 and parameters: {'ISTN': 65.83712192746916, 'I_gpe': 0.7309490344800714, 'I_gpi': 2.43260575013338, 'noise_stn_sigma': 4.938066980687039, 'noise_gpe_sigma': 89.22119764501122, 'noise_gpi_sigma': 126.6403186851296, 'g_stn_gpe_mult': 1.829385076641481, 'g_gpe_stn_mult': 0.7349791584276465, 'g_stn_gpi_mult': 3.5486351589105776, 'g_gpe_gpi_mult': 0.9154030945630882}. Best is trial 410 with value: 0.4608635463245284.
[I 2026-05-28 03:34:48,739] Trial 814 finished with value: 1.5660747821257557 and parameters: {'ISTN': 63.729028063963185, 'I_gpe': 0.8184214917495922, 'I_gpi': 2.2662689259343107, 'noise_stn_sigma': 5.040345349195984, 'noise_gpe_sigma': 79.73929285644479, 'noise_gpi_sigma': 133.20133886755792, 'g_stn_gpe_mult': 2.2078489043900626, 'g_gpe_stn_mult': 0.7489024903340551, 'g_stn_gpi_mult': 3.652543107204326, 'g_gpe_gpi_mult': 0.925788402185953}. Best is trial 410 with value: 0.4608635463245284.
[I 2026-05-28 03:34:49,748] Trial 815 finished with value: 3.1335725657280364 and parameters: {'ISTN': 63.07673973232253, 'I_gpe': 0.9560934157993435, 'I_gpi': 2.2559840254111383, 'noise_stn_sigma': 6.561736263636259, 'noise_gpe_sigma': 77.96440389120238, 'noise_gpi_sigma': 137.479730747592, 'g_stn_gpe_mult': 1.910205938722186, 'g_gpe_stn_mult': 0.6819234156076852, 'g_stn_gpi_mult': 3.7504441022198174, 'g_gpe_gpi_mult': 0.9514722346213185}. Best is trial 410 with value: 0.4608635463245284.
[I 2026-05-28 03:34:50,755] Trial 816 finished with value: 0.6192517615893498 and parameters: {'ISTN': 62.15480969935769, 'I_gpe': 0.7427392076898093, 'I_gpi': 2.26892460612277, 'noise_stn_sigma': 5.580305734147083, 'noise_gpe_sigma': 87.45536423402831, 'noise_gpi_sigma': 131.35739554817857, 'g_stn_gpe_mult': 2.2128815064762906, 'g_gpe_stn_mult': 0.7437920054172722, 'g_stn_gpi_mult': 3.657633595010517, 'g_gpe_gpi_mult': 0.9676334181422559}. Best is trial 410 with value: 0.4608635463245284.
[I 2026-05-28 03:34:51,763] Trial 817 finished with value: 5.143834780536795 and parameters: {'ISTN': 67.40659668093573, 'I_gpe': 0.8798689529191976, 'I_gpi': 2.124926833008938, 'noise_stn_sigma': 5.4319197221160485, 'noise_gpe_sigma': 76.90010617540963, 'noise_gpi_sigma': 126.58550451631565, 'g_stn_gpe_mult': 2.0515142083344418, 'g_gpe_stn_mult': 0.7108529574245311, 'g_stn_gpi_mult': 3.671857029988232, 'g_gpe_gpi_mult': 0.8363706768949601}. Best is trial 410 with value: 0.4608635463245284.
[I 2026-05-28 03:34:52,771] Trial 818 finished with value: 1.3534103907391468 and parameters: {'ISTN': 62.6414549853376, 'I_gpe': 0.8957128225403475, 'I_gpi': 2.1328279919080284, 'noise_stn_sigma': 5.82923918045023, 'noise_gpe_sigma': 81.07420988355446, 'noise_gpi_sigma': 123.38943947467743, 'g_stn_gpe_mult': 2.335969976536314, 'g_gpe_stn_mult': 0.6936397830800609, 'g_stn_gpi_mult': 3.8339721927100836, 'g_gpe_gpi_mult': 0.9473868240187191}. Best is trial 410 with value: 0.4608635463245284.
[I 2026-05-28 03:34:53,778] Trial 819 finished with value: 4.747620205200949 and parameters: {'ISTN': 64.51209112235502, 'I_gpe': 0.8675946283251398, 'I_gpi': 2.1250922322958505, 'noise_stn_sigma': 5.103235964760424, 'noise_gpe_sigma': 85.13836207391792, 'noise_gpi_sigma': 137.29502889082536, 'g_stn_gpe_mult': 1.9812915492163583, 'g_gpe_stn_mult': 0.7974454366691393, 'g_stn_gpi_mult': 3.663575776914985, 'g_gpe_gpi_mult': 0.8795261197951774}. Best is trial 410 with value: 0.4608635463245284.
[I 2026-05-28 03:34:54,786] Trial 820 finished with value: 1.2139985275966394 and parameters: {'ISTN': 62.25357674184652, 'I_gpe': 0.8196640845848049, 'I_gpi': 2.3241195991518513, 'noise_stn_sigma': 5.143659714741435, 'noise_gpe_sigma': 82.58231637423538, 'noise_gpi_sigma': 127.36723602402746, 'g_stn_gpe_mult': 2.03462239811343, 'g_gpe_stn_mult': 0.7014202920328603, 'g_stn_gpi_mult': 3.7858694923093466, 'g_gpe_gpi_mult': 0.9267416107129858}. Best is trial 410 with value: 0.4608635463245284.
[I 2026-05-28 03:34:55,798] Trial 821 finished with value: 2.3916859765199363 and parameters: {'ISTN': 63.37403674580716, 'I_gpe': 0.8500360641238797, 'I_gpi': 2.1582180075499506, 'noise_stn_sigma': 5.397837149972266, 'noise_gpe_sigma': 77.3394765948108, 'noise_gpi_sigma': 111.49268651691555, 'g_stn_gpe_mult': 2.130524841157161, 'g_gpe_stn_mult': 0.6995849048998547, 'g_stn_gpi_mult': 3.60771444854127, 'g_gpe_gpi_mult': 0.8001651206212614}. Best is trial 410 with value: 0.4608635463245284.
[I 2026-05-28 03:34:56,807] Trial 822 finished with value: 3.4926039302880163 and parameters: {'ISTN': 60.10750957481517, 'I_gpe': 0.8067975272073898, 'I_gpi': 2.7339957287492345, 'noise_stn_sigma': 5.534617215496903, 'noise_gpe_sigma': 80.24887397897393, 'noise_gpi_sigma': 126.53337771482067, 'g_stn_gpe_mult': 2.1667622767982033, 'g_gpe_stn_mult': 0.6584047670428893, 'g_stn_gpi_mult': 3.4336419861985874, 'g_gpe_gpi_mult': 0.9552711220542787}. Best is trial 410 with value: 0.4608635463245284.
[I 2026-05-28 03:34:57,817] Trial 823 finished with value: 1.2952085103822837 and parameters: {'ISTN': 61.97907582663472, 'I_gpe': 0.9206702493647991, 'I_gpi': 2.2756615199039523, 'noise_stn_sigma': 4.999114406307276, 'noise_gpe_sigma': 79.65132788419388, 'noise_gpi_sigma': 123.99401436596004, 'g_stn_gpe_mult': 2.2338626918406086, 'g_gpe_stn_mult': 0.7938583761558102, 'g_stn_gpi_mult': 3.545020750307897, 'g_gpe_gpi_mult': 0.8376932528575023}. Best is trial 410 with value: 0.4608635463245284.
[I 2026-05-28 03:34:58,824] Trial 824 finished with value: 1.6528714362108066 and parameters: {'ISTN': 63.20016679472635, 'I_gpe': 0.8880073451843906, 'I_gpi': 2.1773576310247478, 'noise_stn_sigma': 5.085989532199505, 'noise_gpe_sigma': 76.85069094680543, 'noise_gpi_sigma': 112.03630840667736, 'g_stn_gpe_mult': 2.3538673481574746, 'g_gpe_stn_mult': 0.7353069788036024, 'g_stn_gpi_mult': 3.6661555245622677, 'g_gpe_gpi_mult': 0.9053507765157758}. Best is trial 410 with value: 0.4608635463245284.
[I 2026-05-28 03:34:59,831] Trial 825 finished with value: 4.861690807405375 and parameters: {'ISTN': 66.8238630812586, 'I_gpe': 0.8748717410070284, 'I_gpi': 2.4305360286167694, 'noise_stn_sigma': 5.118355178240879, 'noise_gpe_sigma': 74.24442218975454, 'noise_gpi_sigma': 129.10949174017895, 'g_stn_gpe_mult': 2.115629417369811, 'g_gpe_stn_mult': 0.7848314418211517, 'g_stn_gpi_mult': 3.693560596861425, 'g_gpe_gpi_mult': 0.8379333475051249}. Best is trial 410 with value: 0.4608635463245284.
[I 2026-05-28 03:35:00,840] Trial 826 finished with value: 2.2708867313193934 and parameters: {'ISTN': 67.37129921776085, 'I_gpe': 0.9225976620443639, 'I_gpi': 1.9183136213652516, 'noise_stn_sigma': 5.7636533755774995, 'noise_gpe_sigma': 75.80694487810763, 'noise_gpi_sigma': 120.46218126798044, 'g_stn_gpe_mult': 1.9480737866242024, 'g_gpe_stn_mult': 0.6928718079443338, 'g_stn_gpi_mult': 3.7293316534588796, 'g_gpe_gpi_mult': 0.8380645103685933}. Best is trial 410 with value: 0.4608635463245284.
[I 2026-05-28 03:35:01,850] Trial 827 finished with value: 7.691516214305268 and parameters: {'ISTN': 65.62761342807772, 'I_gpe': 0.908976040756025, 'I_gpi': 2.144743925675665, 'noise_stn_sigma': 4.620310708119671, 'noise_gpe_sigma': 79.81107371151228, 'noise_gpi_sigma': 118.83962489241884, 'g_stn_gpe_mult': 2.1582306296227567, 'g_gpe_stn_mult': 0.724071070849553, 'g_stn_gpi_mult': 3.668484148717635, 'g_gpe_gpi_mult': 0.9703354744740902}. Best is trial 410 with value: 0.4608635463245284.
[I 2026-05-28 03:35:02,859] Trial 828 finished with value: 4.60488178786755 and parameters: {'ISTN': 62.873175029125186, 'I_gpe': 0.8245562190073169, 'I_gpi': 2.5693035147158914, 'noise_stn_sigma': 4.965878559916964, 'noise_gpe_sigma': 76.33459269355458, 'noise_gpi_sigma': 120.94980429618546, 'g_stn_gpe_mult': 2.419126031106347, 'g_gpe_stn_mult': 0.7925867525864395, 'g_stn_gpi_mult': 3.692235684820976, 'g_gpe_gpi_mult': 0.8944180837531139}. Best is trial 410 with value: 0.4608635463245284.
[I 2026-05-28 03:35:03,869] Trial 829 finished with value: 1.0955935901441132 and parameters: {'ISTN': 63.931727413706966, 'I_gpe': 0.8016822340548124, 'I_gpi': 2.605745857846549, 'noise_stn_sigma': 5.369784989198101, 'noise_gpe_sigma': 75.61496674432904, 'noise_gpi_sigma': 124.78521179547025, 'g_stn_gpe_mult': 2.204320069014355, 'g_gpe_stn_mult': 0.6742897230591595, 'g_stn_gpi_mult': 3.491613492665932, 'g_gpe_gpi_mult': 0.9072880029465402}. Best is trial 410 with value: 0.4608635463245284.
[I 2026-05-28 03:35:04,878] Trial 830 finished with value: 3.8706050895050637 and parameters: {'ISTN': 62.46748235620118, 'I_gpe': 0.9161624360294236, 'I_gpi': 2.3630856247413528, 'noise_stn_sigma': 5.246217364369631, 'noise_gpe_sigma': 85.86326961556107, 'noise_gpi_sigma': 139.54589041427244, 'g_stn_gpe_mult': 1.9937031980223974, 'g_gpe_stn_mult': 0.7457860296695384, 'g_stn_gpi_mult': 3.61985077039865, 'g_gpe_gpi_mult': 0.9923452657094252}. Best is trial 410 with value: 0.4608635463245284.
[I 2026-05-28 03:35:05,887] Trial 831 finished with value: 6.444752942254823 and parameters: {'ISTN': 67.42653446987063, 'I_gpe': 0.8088288965776904, 'I_gpi': 2.1509319761091845, 'noise_stn_sigma': 5.212991415522662, 'noise_gpe_sigma': 82.99587142403621, 'noise_gpi_sigma': 127.49851909056058, 'g_stn_gpe_mult': 2.0603399125782595, 'g_gpe_stn_mult': 0.7317429000855381, 'g_stn_gpi_mult': 3.5046708351661535, 'g_gpe_gpi_mult': 0.8550487474814614}. Best is trial 410 with value: 0.4608635463245284.
[I 2026-05-28 03:35:06,894] Trial 832 finished with value: 3.6150421945983315 and parameters: {'ISTN': 61.23234177614161, 'I_gpe': 0.8367139210711614, 'I_gpi': 2.452473144023174, 'noise_stn_sigma': 6.375379680597834, 'noise_gpe_sigma': 78.71239063706473, 'noise_gpi_sigma': 123.93920719499364, 'g_stn_gpe_mult': 2.2812882170234325, 'g_gpe_stn_mult': 0.6338596012305642, 'g_stn_gpi_mult': 3.729943944230471, 'g_gpe_gpi_mult': 0.9660580962578931}. Best is trial 410 with value: 0.4608635463245284.
[I 2026-05-28 03:35:07,902] Trial 833 finished with value: 3.7057141899890977 and parameters: {'ISTN': 64.43107829765638, 'I_gpe': 0.9113495171390178, 'I_gpi': 2.4049682682555895, 'noise_stn_sigma': 5.194740966027499, 'noise_gpe_sigma': 79.05009113166558, 'noise_gpi_sigma': 117.79869996472607, 'g_stn_gpe_mult': 2.1024587314714527, 'g_gpe_stn_mult': 0.7174818710627374, 'g_stn_gpi_mult': 3.402702454024835, 'g_gpe_gpi_mult': 0.8452048082165067}. Best is trial 410 with value: 0.4608635463245284.
[I 2026-05-28 03:35:08,910] Trial 834 finished with value: 4.676719987648605 and parameters: {'ISTN': 63.386143295157986, 'I_gpe': 0.8055525199202838, 'I_gpi': 2.4045255004032757, 'noise_stn_sigma': 5.574344334106937, 'noise_gpe_sigma': 80.4883465587323, 'noise_gpi_sigma': 121.67212823667522, 'g_stn_gpe_mult': 2.375126793362564, 'g_gpe_stn_mult': 0.7029636140141643, 'g_stn_gpi_mult': 3.485605801664541, 'g_gpe_gpi_mult': 0.9401735965599265}. Best is trial 410 with value: 0.4608635463245284.
[I 2026-05-28 03:35:09,916] Trial 835 finished with value: 1.6637572527301703 and parameters: {'ISTN': 61.72271281430743, 'I_gpe': 0.929302583205144, 'I_gpi': 2.6153749825879418, 'noise_stn_sigma': 5.335205144782362, 'noise_gpe_sigma': 77.46181765490891, 'noise_gpi_sigma': 125.43011011995239, 'g_stn_gpe_mult': 2.2257228776374047, 'g_gpe_stn_mult': 0.6811408838064885, 'g_stn_gpi_mult': 3.474078870867805, 'g_gpe_gpi_mult': 0.9253463756861986}. Best is trial 410 with value: 0.4608635463245284.
