[I 2026-05-28 03:47:43,610] Trial 572 finished with value: 0.1433915685163079 and parameters: {'ISTN': 61.99550507594101, 'I_gpe': 0.9991319426288723, 'I_gpi': 2.2759892278986706, 'noise_stn_sigma': 1.9049675251389435, 'noise_gpe_sigma': 97.32821933933505, 'noise_gpi_sigma': 86.73056221028219, 'g_stn_gpe_mult': 3.849089762797788, 'g_gpe_stn_mult': 0.15647046716005097, 'g_stn_gpi_mult': 1.5768509879075343, 'g_gpe_gpi_mult': 0.913769873941465}. Best is trial 546 with value: 0.1372387364111607.
[I 2026-05-28 03:47:44,617] Trial 573 finished with value: 0.3923877950256707 and parameters: {'ISTN': 62.70733222564712, 'I_gpe': 1.0904775159939717, 'I_gpi': 1.9826749820210372, 'noise_stn_sigma': 1.9975760586783669, 'noise_gpe_sigma': 101.40352647516752, 'noise_gpi_sigma': 80.13180168074925, 'g_stn_gpe_mult': 3.9523678584496347, 'g_gpe_stn_mult': 0.16280751318056952, 'g_stn_gpi_mult': 1.7156385094325604, 'g_gpe_gpi_mult': 0.8884246347080109}. Best is trial 546 with value: 0.1372387364111607.
[I 2026-05-28 03:47:45,627] Trial 574 finished with value: 0.20240134351001973 and parameters: {'ISTN': 64.20879516976065, 'I_gpe': 0.8394677442883463, 'I_gpi': 2.3422209691524243, 'noise_stn_sigma': 2.7052890009879347, 'noise_gpe_sigma': 98.08323054480579, 'noise_gpi_sigma': 80.4992471636287, 'g_stn_gpe_mult': 3.9781957299802904, 'g_gpe_stn_mult': 0.15415548874210142, 'g_stn_gpi_mult': 1.628698807791415, 'g_gpe_gpi_mult': 0.8473775919803717}. Best is trial 546 with value: 0.1372387364111607.
[I 2026-05-28 03:47:46,633] Trial 575 finished with value: 0.1783775696596091 and parameters: {'ISTN': 62.983894201585706, 'I_gpe': 1.1486402627045704, 'I_gpi': 2.2910046634653067, 'noise_stn_sigma': 2.083348890805143, 'noise_gpe_sigma': 95.13289079610159, 'noise_gpi_sigma': 83.15877090580845, 'g_stn_gpe_mult': 3.71914741977461, 'g_gpe_stn_mult': 0.17617548209257114, 'g_stn_gpi_mult': 1.5160949090530562, 'g_gpe_gpi_mult': 0.8941706602461459}. Best is trial 546 with value: 0.1372387364111607.
[I 2026-05-28 03:47:47,641] Trial 576 finished with value: 1.4272816368400356 and parameters: {'ISTN': 60.84545294029279, 'I_gpe': 0.873031016202342, 'I_gpi': 2.007223211886392, 'noise_stn_sigma': 2.02384326528293, 'noise_gpe_sigma': 98.28776538419602, 'noise_gpi_sigma': 84.69710591816887, 'g_stn_gpe_mult': 3.7862665169721943, 'g_gpe_stn_mult': 0.17419980995912557, 'g_stn_gpi_mult': 1.5656883239927128, 'g_gpe_gpi_mult': 0.9676505065350118}. Best is trial 546 with value: 0.1372387364111607.
[I 2026-05-28 03:47:48,647] Trial 577 finished with value: 0.4554352331537944 and parameters: {'ISTN': 61.58720800520462, 'I_gpe': 1.0479211960382535, 'I_gpi': 2.1312827720395795, 'noise_stn_sigma': 2.037818102654982, 'noise_gpe_sigma': 105.22376418674037, 'noise_gpi_sigma': 85.91808468115714, 'g_stn_gpe_mult': 3.7717347815750752, 'g_gpe_stn_mult': 0.15311242765936117, 'g_stn_gpi_mult': 1.2949922634683924, 'g_gpe_gpi_mult': 0.9320999874264315}. Best is trial 546 with value: 0.1372387364111607.
[I 2026-05-28 03:47:49,655] Trial 578 finished with value: 0.18299132690508854 and parameters: {'ISTN': 60.017002675201795, 'I_gpe': 0.831676382774956, 'I_gpi': 2.010727940031675, 'noise_stn_sigma': 2.033764672328096, 'noise_gpe_sigma': 94.64054136073595, 'noise_gpi_sigma': 97.31308127435767, 'g_stn_gpe_mult': 3.5810261847834313, 'g_gpe_stn_mult': 0.19743250840817847, 'g_stn_gpi_mult': 1.4974188318116624, 'g_gpe_gpi_mult': 0.9308466184171538}. Best is trial 546 with value: 0.1372387364111607.
[I 2026-05-28 03:47:50,660] Trial 579 finished with value: 0.4072439928546372 and parameters: {'ISTN': 63.01371654449049, 'I_gpe': 1.0380750207364882, 'I_gpi': 1.8720794422042193, 'noise_stn_sigma': 1.6391393816510402, 'noise_gpe_sigma': 103.81337547389556, 'noise_gpi_sigma': 75.50978179173475, 'g_stn_gpe_mult': 3.710620903793719, 'g_gpe_stn_mult': 0.16768895400294284, 'g_stn_gpi_mult': 1.5702360149121763, 'g_gpe_gpi_mult': 0.941619831528411}. Best is trial 546 with value: 0.1372387364111607.
[I 2026-05-28 03:47:51,668] Trial 580 finished with value: 0.1735801567518474 and parameters: {'ISTN': 62.86571600429726, 'I_gpe': 1.1749435498999174, 'I_gpi': 2.1661357140961837, 'noise_stn_sigma': 2.6024789374217834, 'noise_gpe_sigma': 97.71300708741954, 'noise_gpi_sigma': 82.5712940657404, 'g_stn_gpe_mult': 3.988861750818273, 'g_gpe_stn_mult': 0.1645376485865324, 'g_stn_gpi_mult': 1.4219884558001379, 'g_gpe_gpi_mult': 0.8530728427172203}. Best is trial 546 with value: 0.1372387364111607.
[I 2026-05-28 03:47:52,676] Trial 581 finished with value: 0.16822525729703824 and parameters: {'ISTN': 61.61705798653099, 'I_gpe': 0.9722833473277563, 'I_gpi': 2.202812258701641, 'noise_stn_sigma': 2.2016087725762605, 'noise_gpe_sigma': 98.65297479024329, 'noise_gpi_sigma': 79.38497086927737, 'g_stn_gpe_mult': 3.7289761885633474, 'g_gpe_stn_mult': 0.1822861241642153, 'g_stn_gpi_mult': 1.625073505479965, 'g_gpe_gpi_mult': 0.8930705064763844}. Best is trial 546 with value: 0.1372387364111607.
[I 2026-05-28 03:47:53,680] Trial 582 finished with value: 0.1728649157629364 and parameters: {'ISTN': 62.9854391564387, 'I_gpe': 0.8640201521931512, 'I_gpi': 2.300786356417535, 'noise_stn_sigma': 1.8433009545408026, 'noise_gpe_sigma': 96.4212348751972, 'noise_gpi_sigma': 87.47383235309198, 'g_stn_gpe_mult': 3.772507346605839, 'g_gpe_stn_mult': 0.15518824614709759, 'g_stn_gpi_mult': 1.6771221087388513, 'g_gpe_gpi_mult': 0.8417290724366193}. Best is trial 546 with value: 0.1372387364111607.
[I 2026-05-28 03:47:54,685] Trial 583 finished with value: 0.1527996969392197 and parameters: {'ISTN': 61.97514502580551, 'I_gpe': 1.0421348794462486, 'I_gpi': 2.0930253001457078, 'noise_stn_sigma': 2.079964400762548, 'noise_gpe_sigma': 95.24772446325233, 'noise_gpi_sigma': 82.02125114472997, 'g_stn_gpe_mult': 4.027497707549614, 'g_gpe_stn_mult': 0.16482350441473637, 'g_stn_gpi_mult': 1.6269342213074514, 'g_gpe_gpi_mult': 0.8996235600457125}. Best is trial 546 with value: 0.1372387364111607.
[I 2026-05-28 03:47:55,692] Trial 584 finished with value: 0.5678708613350394 and parameters: {'ISTN': 64.2503050115966, 'I_gpe': 1.0172372422639337, 'I_gpi': 2.121369225399439, 'noise_stn_sigma': 1.435801314627661, 'noise_gpe_sigma': 98.63698149899004, 'noise_gpi_sigma': 74.78492746507257, 'g_stn_gpe_mult': 4.101374576441725, 'g_gpe_stn_mult': 0.15360128310946924, 'g_stn_gpi_mult': 1.7207244554958363, 'g_gpe_gpi_mult': 0.8989601246503993}. Best is trial 546 with value: 0.1372387364111607.
[I 2026-05-28 03:47:56,699] Trial 585 finished with value: 0.17758453889260312 and parameters: {'ISTN': 65.3779692167277, 'I_gpe': 1.146410393550898, 'I_gpi': 2.1903034277853792, 'noise_stn_sigma': 2.143406633225972, 'noise_gpe_sigma': 101.83670931746687, 'noise_gpi_sigma': 77.58928551618075, 'g_stn_gpe_mult': 3.642668915027569, 'g_gpe_stn_mult': 0.13091270686128437, 'g_stn_gpi_mult': 1.3804215664445318, 'g_gpe_gpi_mult': 0.8940433832437571}. Best is trial 546 with value: 0.1372387364111607.
[I 2026-05-28 03:47:57,708] Trial 586 finished with value: 0.20748560804651056 and parameters: {'ISTN': 62.89436086141803, 'I_gpe': 1.0730385656780972, 'I_gpi': 2.171319941495126, 'noise_stn_sigma': 2.33591221883103, 'noise_gpe_sigma': 94.87660811994209, 'noise_gpi_sigma': 73.07795607603182, 'g_stn_gpe_mult': 4.075295869630825, 'g_gpe_stn_mult': 0.15896899853716512, 'g_stn_gpi_mult': 1.7534341715991766, 'g_gpe_gpi_mult': 0.8896963641101339}. Best is trial 546 with value: 0.1372387364111607.
[I 2026-05-28 03:47:58,715] Trial 587 finished with value: 0.1600120889257872 and parameters: {'ISTN': 62.415838130300614, 'I_gpe': 1.005352462530411, 'I_gpi': 2.3145235212074553, 'noise_stn_sigma': 2.2772962109131414, 'noise_gpe_sigma': 100.77086179447677, 'noise_gpi_sigma': 86.03921558438093, 'g_stn_gpe_mult': 3.959624348705979, 'g_gpe_stn_mult': 0.1600586058299946, 'g_stn_gpi_mult': 1.6353529605471921, 'g_gpe_gpi_mult': 0.8390880117517232}. Best is trial 546 with value: 0.1372387364111607.
[I 2026-05-28 03:47:59,725] Trial 588 finished with value: 0.2017055784825176 and parameters: {'ISTN': 64.28773079614916, 'I_gpe': 1.060483358376914, 'I_gpi': 2.1205175729709547, 'noise_stn_sigma': 2.3552674224950314, 'noise_gpe_sigma': 100.0396608042419, 'noise_gpi_sigma': 78.33861477999643, 'g_stn_gpe_mult': 4.0220382293751555, 'g_gpe_stn_mult': 0.1510925437660655, 'g_stn_gpi_mult': 1.690531707357571, 'g_gpe_gpi_mult': 0.8475761416472922}. Best is trial 546 with value: 0.1372387364111607.
[I 2026-05-28 03:48:00,734] Trial 589 finished with value: 0.17642160254540096 and parameters: {'ISTN': 62.98746971122465, 'I_gpe': 0.9470751016695217, 'I_gpi': 2.2069704517026314, 'noise_stn_sigma': 2.314746939509379, 'noise_gpe_sigma': 98.7198070035692, 'noise_gpi_sigma': 80.74845632091606, 'g_stn_gpe_mult': 3.9802092667410585, 'g_gpe_stn_mult': 0.18041761059605332, 'g_stn_gpi_mult': 1.6929914568276603, 'g_gpe_gpi_mult': 0.8596268484952643}. Best is trial 546 with value: 0.1372387364111607.
[I 2026-05-28 03:48:01,741] Trial 590 finished with value: 0.254045802588137 and parameters: {'ISTN': 64.0088070936263, 'I_gpe': 1.127255258277188, 'I_gpi': 2.169419176836194, 'noise_stn_sigma': 1.7542061440150847, 'noise_gpe_sigma': 86.9588875225822, 'noise_gpi_sigma': 75.53940541671786, 'g_stn_gpe_mult': 3.8948783680572707, 'g_gpe_stn_mult': 0.1343644423490072, 'g_stn_gpi_mult': 1.6785705769076458, 'g_gpe_gpi_mult': 0.8329315513788582}. Best is trial 546 with value: 0.1372387364111607.
[I 2026-05-28 03:48:02,749] Trial 591 finished with value: 1.5297829193824266 and parameters: {'ISTN': 60.212069993117154, 'I_gpe': 0.8965096184291809, 'I_gpi': 2.3203511486024935, 'noise_stn_sigma': 1.601233928295223, 'noise_gpe_sigma': 91.72587276047913, 'noise_gpi_sigma': 82.42625258131628, 'g_stn_gpe_mult': 3.7319875157229965, 'g_gpe_stn_mult': 0.18434776565160607, 'g_stn_gpi_mult': 1.6460939108664594, 'g_gpe_gpi_mult': 0.9402626937476131}. Best is trial 546 with value: 0.1372387364111607.
[I 2026-05-28 03:48:03,759] Trial 592 finished with value: 0.9864621538445498 and parameters: {'ISTN': 61.18718233144808, 'I_gpe': 1.03464530215101, 'I_gpi': 2.342964174942517, 'noise_stn_sigma': 2.2430054978072818, 'noise_gpe_sigma': 101.95741702352997, 'noise_gpi_sigma': 89.6355501947186, 'g_stn_gpe_mult': 3.89804283691785, 'g_gpe_stn_mult': 0.150771433972233, 'g_stn_gpi_mult': 1.3635674844199739, 'g_gpe_gpi_mult': 0.8607311661839747}. Best is trial 546 with value: 0.1372387364111607.
[I 2026-05-28 03:48:04,767] Trial 593 finished with value: 1.5876217669623418 and parameters: {'ISTN': 60.98377756910266, 'I_gpe': 0.9531709916371451, 'I_gpi': 2.2601481623692408, 'noise_stn_sigma': 1.8891891718624882, 'noise_gpe_sigma': 90.85919290816352, 'noise_gpi_sigma': 81.34656830449515, 'g_stn_gpe_mult': 3.8489339840982755, 'g_gpe_stn_mult': 0.16400377218932144, 'g_stn_gpi_mult': 1.6760657678525956, 'g_gpe_gpi_mult': 0.8678733457534602}. Best is trial 546 with value: 0.1372387364111607.
[I 2026-05-28 03:48:05,775] Trial 594 finished with value: 0.16811828423726488 and parameters: {'ISTN': 61.547528085729496, 'I_gpe': 0.9782084148063946, 'I_gpi': 2.1769729381213545, 'noise_stn_sigma': 2.26974340259752, 'noise_gpe_sigma': 94.13818474436681, 'noise_gpi_sigma': 77.57698495913071, 'g_stn_gpe_mult': 3.8423837388084396, 'g_gpe_stn_mult': 0.18860926174192055, 'g_stn_gpi_mult': 1.6101368943839842, 'g_gpe_gpi_mult': 0.8733958949670966}. Best is trial 546 with value: 0.1372387364111607.
[I 2026-05-28 03:48:06,784] Trial 595 finished with value: 1.1484930385118775 and parameters: {'ISTN': 61.0802652778649, 'I_gpe': 0.9094049375469302, 'I_gpi': 2.220993864529155, 'noise_stn_sigma': 2.1520392311449354, 'noise_gpe_sigma': 99.67379258594046, 'noise_gpi_sigma': 84.2273154618252, 'g_stn_gpe_mult': 3.8081583399819143, 'g_gpe_stn_mult': 0.15310382492136587, 'g_stn_gpi_mult': 1.6972070118895957, 'g_gpe_gpi_mult': 0.8515450475955253}. Best is trial 546 with value: 0.1372387364111607.
[I 2026-05-28 03:48:07,794] Trial 596 finished with value: 0.5019743049909227 and parameters: {'ISTN': 60.768580904320075, 'I_gpe': 0.8587337549288765, 'I_gpi': 2.2795795689085874, 'noise_stn_sigma': 1.8193241677241025, 'noise_gpe_sigma': 102.91186190973399, 'noise_gpi_sigma': 81.80358701857773, 'g_stn_gpe_mult': 4.144268240308223, 'g_gpe_stn_mult': 0.19248623243502336, 'g_stn_gpi_mult': 1.8704431668415116, 'g_gpe_gpi_mult': 0.9098376881711046}. Best is trial 546 with value: 0.1372387364111607.
[I 2026-05-28 03:48:08,804] Trial 597 finished with value: 0.15141962008513712 and parameters: {'ISTN': 61.37763825419239, 'I_gpe': 0.9729164829747323, 'I_gpi': 2.08452467975804, 'noise_stn_sigma': 2.2187481169692065, 'noise_gpe_sigma': 98.48827618064445, 'noise_gpi_sigma': 82.07815331480126, 'g_stn_gpe_mult': 4.075595207255308, 'g_gpe_stn_mult': 0.16672418060224886, 'g_stn_gpi_mult': 1.667474463341626, 'g_gpe_gpi_mult': 0.8585319716991504}. Best is trial 546 with value: 0.1372387364111607.
[I 2026-05-28 03:48:09,814] Trial 598 finished with value: 0.27627368640823785 and parameters: {'ISTN': 63.246840730005715, 'I_gpe': 1.1637789159223173, 'I_gpi': 2.2103577642442565, 'noise_stn_sigma': 2.2682433068396293, 'noise_gpe_sigma': 96.8825723280192, 'noise_gpi_sigma': 83.64544059508762, 'g_stn_gpe_mult': 3.870558351842588, 'g_gpe_stn_mult': 0.1445994474744071, 'g_stn_gpi_mult': 1.4736141058881345, 'g_gpe_gpi_mult': 0.8740568782049418}. Best is trial 546 with value: 0.1372387364111607.
[I 2026-05-28 03:48:10,822] Trial 599 finished with value: 0.18339834529345764 and parameters: {'ISTN': 64.82957835687826, 'I_gpe': 0.9918524108480827, 'I_gpi': 2.07026258056743, 'noise_stn_sigma': 1.974270005951341, 'noise_gpe_sigma': 96.7711039328562, 'noise_gpi_sigma': 78.76957359572623, 'g_stn_gpe_mult': 3.878743565137578, 'g_gpe_stn_mult': 0.13949783298453988, 'g_stn_gpi_mult': 1.5967734051076854, 'g_gpe_gpi_mult': 0.8742046920483473}. Best is trial 546 with value: 0.1372387364111607.
[I 2026-05-28 03:48:11,831] Trial 600 finished with value: 0.1761571587413362 and parameters: {'ISTN': 62.320587019082886, 'I_gpe': 0.8844171900581235, 'I_gpi': 2.171966859198122, 'noise_stn_sigma': 2.3371709039670896, 'noise_gpe_sigma': 98.45036046402785, 'noise_gpi_sigma': 84.48115176532104, 'g_stn_gpe_mult': 3.7867971126346838, 'g_gpe_stn_mult': 0.19112955729810685, 'g_stn_gpi_mult': 1.5033103858880243, 'g_gpe_gpi_mult': 0.9394433561820505}. Best is trial 546 with value: 0.1372387364111607.
[I 2026-05-28 03:48:12,839] Trial 601 finished with value: 0.37629515358462473 and parameters: {'ISTN': 61.40281907380074, 'I_gpe': 1.0877326878759752, 'I_gpi': 2.2250179293183403, 'noise_stn_sigma': 2.654418827092379, 'noise_gpe_sigma': 101.18152352917413, 'noise_gpi_sigma': 84.37074633604959, 'g_stn_gpe_mult': 3.9253063211643724, 'g_gpe_stn_mult': 0.20032664096161013, 'g_stn_gpi_mult': 1.5443306101908894, 'g_gpe_gpi_mult': 0.8402982727703716}. Best is trial 546 with value: 0.1372387364111607.
[I 2026-05-28 03:48:13,846] Trial 602 finished with value: 0.19349941576470936 and parameters: {'ISTN': 63.71215311474635, 'I_gpe': 0.8985609685980743, 'I_gpi': 2.147784837567634, 'noise_stn_sigma': 2.2168743627522636, 'noise_gpe_sigma': 90.01151187551537, 'noise_gpi_sigma': 70.55316470838171, 'g_stn_gpe_mult': 4.089008048757982, 'g_gpe_stn_mult': 0.17279716251832042, 'g_stn_gpi_mult': 1.9856834445503242, 'g_gpe_gpi_mult': 0.866319108214177}. Best is trial 546 with value: 0.1372387364111607.
[I 2026-05-28 03:48:14,854] Trial 603 finished with value: 0.14052177607066785 and parameters: {'ISTN': 60.4938939017615, 'I_gpe': 0.963589318635467, 'I_gpi': 2.2877661145513493, 'noise_stn_sigma': 2.115926041090883, 'noise_gpe_sigma': 95.98652860647401, 'noise_gpi_sigma': 78.96515602871793, 'g_stn_gpe_mult': 3.961683331154499, 'g_gpe_stn_mult': 0.17595573020939026, 'g_stn_gpi_mult': 1.506280809709077, 'g_gpe_gpi_mult': 0.8493001823879531}. Best is trial 546 with value: 0.1372387364111607.
[I 2026-05-28 03:48:15,802] Trial 604 finished with value: 1000000.0 and parameters: {'ISTN': 62.47321227955642, 'I_gpe': 0.9609594291922305, 'I_gpi': 2.0975018889712356, 'noise_stn_sigma': 1.9509444487392709, 'noise_gpe_sigma': 98.74208784679267, 'noise_gpi_sigma': 84.28659412931478, 'g_stn_gpe_mult': 4.040788577041839, 'g_gpe_stn_mult': 0.16261361067191887, 'g_stn_gpi_mult': 1.7795895182020174, 'g_gpe_gpi_mult': 0.7914108071246015}. Best is trial 546 with value: 0.1372387364111607.
[I 2026-05-28 03:48:16,813] Trial 605 finished with value: 0.17272768549520315 and parameters: {'ISTN': 61.83596767334852, 'I_gpe': 1.0461274879525393, 'I_gpi': 2.0580988150886768, 'noise_stn_sigma': 2.444158731798402, 'noise_gpe_sigma': 89.73549945049464, 'noise_gpi_sigma': 80.84773775981435, 'g_stn_gpe_mult': 3.970134576663935, 'g_gpe_stn_mult': 0.17700511903656724, 'g_stn_gpi_mult': 1.7491699771148395, 'g_gpe_gpi_mult': 0.8978136857409882}. Best is trial 546 with value: 0.1372387364111607.
[I 2026-05-28 03:48:17,821] Trial 606 finished with value: 0.17845429462328236 and parameters: {'ISTN': 62.786455937007844, 'I_gpe': 1.079605499173084, 'I_gpi': 2.2168113991850085, 'noise_stn_sigma': 2.3743915425720523, 'noise_gpe_sigma': 100.87465915732886, 'noise_gpi_sigma': 85.13629111220146, 'g_stn_gpe_mult': 4.0690093979992525, 'g_gpe_stn_mult': 0.16629377650834065, 'g_stn_gpi_mult': 1.5272104029624378, 'g_gpe_gpi_mult': 0.843506905047618}. Best is trial 546 with value: 0.1372387364111607.
[I 2026-05-28 03:48:18,829] Trial 607 finished with value: 0.1464496944101395 and parameters: {'ISTN': 60.538115263795994, 'I_gpe': 0.9300912399337362, 'I_gpi': 2.111098014117214, 'noise_stn_sigma': 2.1085667311046286, 'noise_gpe_sigma': 99.72730578700597, 'noise_gpi_sigma': 89.71935147204965, 'g_stn_gpe_mult': 3.9368460191433563, 'g_gpe_stn_mult': 0.19137546408811013, 'g_stn_gpi_mult': 1.4826358306885272, 'g_gpe_gpi_mult': 0.8918028058541698}. Best is trial 546 with value: 0.1372387364111607.
[I 2026-05-28 03:48:19,836] Trial 608 finished with value: 0.1613269008916274 and parameters: {'ISTN': 62.3407159817463, 'I_gpe': 0.9749872261073582, 'I_gpi': 2.04450668485383, 'noise_stn_sigma': 2.1119335797623817, 'noise_gpe_sigma': 94.70089772768218, 'noise_gpi_sigma': 84.56798206135734, 'g_stn_gpe_mult': 3.8716110450713566, 'g_gpe_stn_mult': 0.15719881934118693, 'g_stn_gpi_mult': 1.5778430302567368, 'g_gpe_gpi_mult': 0.8747155941734903}. Best is trial 546 with value: 0.1372387364111607.
[I 2026-05-28 03:48:20,846] Trial 609 finished with value: 0.19166851196375745 and parameters: {'ISTN': 62.725411776709116, 'I_gpe': 0.811158007901455, 'I_gpi': 2.196789557293706, 'noise_stn_sigma': 2.1557020477163986, 'noise_gpe_sigma': 98.54900780539022, 'noise_gpi_sigma': 85.76458943752911, 'g_stn_gpe_mult': 4.064095369320414, 'g_gpe_stn_mult': 0.16797950453013266, 'g_stn_gpi_mult': 1.7330994487318079, 'g_gpe_gpi_mult': 0.9125988346053047}. Best is trial 546 with value: 0.1372387364111607.
[I 2026-05-28 03:48:21,856] Trial 610 finished with value: 0.17799306576049587 and parameters: {'ISTN': 62.64714192848576, 'I_gpe': 0.9517431356770536, 'I_gpi': 2.2189688727294055, 'noise_stn_sigma': 2.5623099223450767, 'noise_gpe_sigma': 95.67404378486863, 'noise_gpi_sigma': 82.17865826384286, 'g_stn_gpe_mult': 4.022703065741897, 'g_gpe_stn_mult': 0.18700958069073065, 'g_stn_gpi_mult': 1.4888112392953854, 'g_gpe_gpi_mult': 0.781496607997828}. Best is trial 546 with value: 0.1372387364111607.
[I 2026-05-28 03:48:22,865] Trial 611 finished with value: 0.37184110218277944 and parameters: {'ISTN': 60.017211288690035, 'I_gpe': 1.0225115824955617, 'I_gpi': 2.237430935141333, 'noise_stn_sigma': 2.3014815606482033, 'noise_gpe_sigma': 96.3238802548047, 'noise_gpi_sigma': 91.37220477019375, 'g_stn_gpe_mult': 3.751904088681974, 'g_gpe_stn_mult': 0.17206257043358542, 'g_stn_gpi_mult': 1.3235762392783843, 'g_gpe_gpi_mult': 0.8790379011015359}. Best is trial 546 with value: 0.1372387364111607.
[I 2026-05-28 03:48:23,872] Trial 612 finished with value: 0.18100980430672334 and parameters: {'ISTN': 62.406627443995845, 'I_gpe': 1.0084769994475502, 'I_gpi': 2.024273780823475, 'noise_stn_sigma': 1.823676126127423, 'noise_gpe_sigma': 96.90522727346826, 'noise_gpi_sigma': 85.1049690356955, 'g_stn_gpe_mult': 3.829885919746612, 'g_gpe_stn_mult': 0.1765730316741514, 'g_stn_gpi_mult': 1.4196764848657695, 'g_gpe_gpi_mult': 0.863662565166472}. Best is trial 546 with value: 0.1372387364111607.
[I 2026-05-28 03:48:24,880] Trial 613 finished with value: 0.14441578831359256 and parameters: {'ISTN': 62.35934143112429, 'I_gpe': 1.0077459386746859, 'I_gpi': 2.2339036050490115, 'noise_stn_sigma': 1.7764728455871175, 'noise_gpe_sigma': 92.86212613376387, 'noise_gpi_sigma': 77.42562584125511, 'g_stn_gpe_mult': 3.832567627878054, 'g_gpe_stn_mult': 0.16002250518961972, 'g_stn_gpi_mult': 1.6653558931520867, 'g_gpe_gpi_mult': 0.8732542351420045}. Best is trial 546 with value: 0.1372387364111607.
[I 2026-05-28 03:48:25,886] Trial 614 finished with value: 0.1523076729762449 and parameters: {'ISTN': 61.22303939191005, 'I_gpe': 0.9884504844429811, 'I_gpi': 2.1843500393936175, 'noise_stn_sigma': 2.2251141153346894, 'noise_gpe_sigma': 88.95896202011997, 'noise_gpi_sigma': 84.75991471020755, 'g_stn_gpe_mult': 3.881140076379734, 'g_gpe_stn_mult': 0.17160534630651908, 'g_stn_gpi_mult': 1.633329162098573, 'g_gpe_gpi_mult': 0.8348777691498155}. Best is trial 546 with value: 0.1372387364111607.
[I 2026-05-28 03:48:26,894] Trial 615 finished with value: 0.1838842825721791 and parameters: {'ISTN': 62.60381872938999, 'I_gpe': 0.8605134488240482, 'I_gpi': 2.308837106825359, 'noise_stn_sigma': 2.20100765850821, 'noise_gpe_sigma': 97.01021375175053, 'noise_gpi_sigma': 77.94054969193343, 'g_stn_gpe_mult': 3.888344794911948, 'g_gpe_stn_mult': 0.17347997319984806, 'g_stn_gpi_mult': 1.4492540765613788, 'g_gpe_gpi_mult': 0.8219492731044598}. Best is trial 546 with value: 0.1372387364111607.
