[I 2026-05-28 02:51:32,289] Trial 264 finished with value: 0.22914087586754692 and parameters: {'ISTN': 62.61165211068656, 'I_gpe': 1.256329128387637, 'I_gpi': 2.4100237271082445, 'noise_stn_sigma': 3.5793081318179367, 'noise_gpe_sigma': 59.74781187198514, 'noise_gpi_sigma': 118.07875072668155, 'g_stn_gpe_mult': 4.680433891054124, 'g_gpe_stn_mult': 0.10932542354509074, 'g_stn_gpi_mult': 2.5221754767723628, 'g_gpe_gpi_mult': 0.7863913819343318}. Best is trial 176 with value: 0.17629840528724414.
[I 2026-05-28 02:51:33,296] Trial 265 finished with value: 10.021669806602937 and parameters: {'ISTN': 69.11156259070955, 'I_gpe': 1.4210939337717758, 'I_gpi': 2.5430596626938398, 'noise_stn_sigma': 3.675061973325152, 'noise_gpe_sigma': 52.72526005241743, 'noise_gpi_sigma': 110.13043979868229, 'g_stn_gpe_mult': 4.848216969445133, 'g_gpe_stn_mult': 0.20719637160650212, 'g_stn_gpi_mult': 2.612597921648132, 'g_gpe_gpi_mult': 0.9903162434933448}. Best is trial 176 with value: 0.17629840528724414.
[I 2026-05-28 02:51:34,306] Trial 266 finished with value: 0.44268578334186837 and parameters: {'ISTN': 65.41872705709244, 'I_gpe': 1.1229993528524482, 'I_gpi': 2.796352699446602, 'noise_stn_sigma': 3.211213253026122, 'noise_gpe_sigma': 87.07481907057132, 'noise_gpi_sigma': 109.71125994247473, 'g_stn_gpe_mult': 4.649247040202205, 'g_gpe_stn_mult': 0.14718358387172428, 'g_stn_gpi_mult': 2.6370449245734395, 'g_gpe_gpi_mult': 0.813615097978579}. Best is trial 176 with value: 0.17629840528724414.
[I 2026-05-28 02:51:35,314] Trial 267 finished with value: 10.255266986097787 and parameters: {'ISTN': 69.8865634248942, 'I_gpe': 1.1606899193172546, 'I_gpi': 2.1739500866789765, 'noise_stn_sigma': 3.4140544623121762, 'noise_gpe_sigma': 48.112210426964, 'noise_gpi_sigma': 106.30721941417667, 'g_stn_gpe_mult': 4.644030807227535, 'g_gpe_stn_mult': 0.15406297158332935, 'g_stn_gpi_mult': 2.6540993655922005, 'g_gpe_gpi_mult': 0.9024114670590699}. Best is trial 176 with value: 0.17629840528724414.
[I 2026-05-28 02:51:36,322] Trial 268 finished with value: 0.2282605674538175 and parameters: {'ISTN': 61.553129463015246, 'I_gpe': 0.9562145198544217, 'I_gpi': 2.1383716933089874, 'noise_stn_sigma': 3.679988681934513, 'noise_gpe_sigma': 52.419242879873366, 'noise_gpi_sigma': 112.0295440644043, 'g_stn_gpe_mult': 4.603098651443821, 'g_gpe_stn_mult': 0.18536457220672226, 'g_stn_gpi_mult': 2.9204488936916992, 'g_gpe_gpi_mult': 0.9307989811153952}. Best is trial 176 with value: 0.17629840528724414.
[I 2026-05-28 02:51:37,330] Trial 269 finished with value: 2.266092594840826 and parameters: {'ISTN': 61.26372576151902, 'I_gpe': 1.2894173767632926, 'I_gpi': 2.183202974320223, 'noise_stn_sigma': 1.9489634121986659, 'noise_gpe_sigma': 57.87295788494059, 'noise_gpi_sigma': 112.23865976300982, 'g_stn_gpe_mult': 4.808224421433611, 'g_gpe_stn_mult': 0.1444538198456386, 'g_stn_gpi_mult': 2.533231912755192, 'g_gpe_gpi_mult': 0.7460070588159384}. Best is trial 176 with value: 0.17629840528724414.
[I 2026-05-28 02:51:38,340] Trial 270 finished with value: 0.34983557256107944 and parameters: {'ISTN': 62.8076413862457, 'I_gpe': 1.1526657865642032, 'I_gpi': 2.6955110845655925, 'noise_stn_sigma': 2.431021161053682, 'noise_gpe_sigma': 70.21582106736517, 'noise_gpi_sigma': 111.32162273194484, 'g_stn_gpe_mult': 4.690983032370536, 'g_gpe_stn_mult': 0.20984355105584823, 'g_stn_gpi_mult': 2.3590219523316382, 'g_gpe_gpi_mult': 0.7812516723432488}. Best is trial 176 with value: 0.17629840528724414.
[I 2026-05-28 02:51:39,351] Trial 271 finished with value: 0.5100647181685923 and parameters: {'ISTN': 66.94565330927796, 'I_gpe': 1.5523893981846926, 'I_gpi': 2.737403368588378, 'noise_stn_sigma': 3.3608452258033377, 'noise_gpe_sigma': 68.04926613486768, 'noise_gpi_sigma': 105.34280551501743, 'g_stn_gpe_mult': 4.749109288260261, 'g_gpe_stn_mult': 0.1359652705516205, 'g_stn_gpi_mult': 2.3413417189095522, 'g_gpe_gpi_mult': 0.8338964267792246}. Best is trial 176 with value: 0.17629840528724414.
[I 2026-05-28 02:51:40,358] Trial 272 finished with value: 0.8200828042565214 and parameters: {'ISTN': 63.44786081332576, 'I_gpe': 1.4380489895978015, 'I_gpi': 2.41644409472413, 'noise_stn_sigma': 3.5595466801116045, 'noise_gpe_sigma': 38.03036276397397, 'noise_gpi_sigma': 105.36143153643214, 'g_stn_gpe_mult': 4.7132881337961985, 'g_gpe_stn_mult': 0.16377791781020487, 'g_stn_gpi_mult': 2.8257689612342167, 'g_gpe_gpi_mult': 1.0225564512144016}. Best is trial 176 with value: 0.17629840528724414.
[I 2026-05-28 02:51:41,368] Trial 273 finished with value: 9.828757367687714 and parameters: {'ISTN': 68.5705105100866, 'I_gpe': 1.0522660508184525, 'I_gpi': 2.363202328696835, 'noise_stn_sigma': 3.2106232880094945, 'noise_gpe_sigma': 67.06538803961111, 'noise_gpi_sigma': 118.774834003034, 'g_stn_gpe_mult': 4.744453118414788, 'g_gpe_stn_mult': 0.2559082927127293, 'g_stn_gpi_mult': 2.306518797379623, 'g_gpe_gpi_mult': 0.7794099401474062}. Best is trial 176 with value: 0.17629840528724414.
[I 2026-05-28 02:51:42,375] Trial 274 finished with value: 11.993999635224283 and parameters: {'ISTN': 71.75140962319496, 'I_gpe': 1.1724392887489747, 'I_gpi': 2.3521779809243775, 'noise_stn_sigma': 4.244835859610191, 'noise_gpe_sigma': 70.57826962857393, 'noise_gpi_sigma': 110.87579544399334, 'g_stn_gpe_mult': 4.25654342764515, 'g_gpe_stn_mult': 0.14917239006201255, 'g_stn_gpi_mult': 2.393495143281211, 'g_gpe_gpi_mult': 0.8032884026309988}. Best is trial 176 with value: 0.17629840528724414.
[I 2026-05-28 02:51:43,383] Trial 275 finished with value: 3.281277583051601 and parameters: {'ISTN': 69.04433350373458, 'I_gpe': 1.5368341543606592, 'I_gpi': 2.646424265390473, 'noise_stn_sigma': 3.699522470506557, 'noise_gpe_sigma': 61.43823447055626, 'noise_gpi_sigma': 117.14332998621941, 'g_stn_gpe_mult': 4.4744325579794415, 'g_gpe_stn_mult': 0.21423563915432023, 'g_stn_gpi_mult': 2.658677709535449, 'g_gpe_gpi_mult': 0.8358274230103013}. Best is trial 176 with value: 0.17629840528724414.
[I 2026-05-28 02:51:44,393] Trial 276 finished with value: 0.2853544380455527 and parameters: {'ISTN': 64.8399010034862, 'I_gpe': 0.8584842654008082, 'I_gpi': 2.3605929728046497, 'noise_stn_sigma': 3.0316806386203, 'noise_gpe_sigma': 51.65827232327885, 'noise_gpi_sigma': 124.13398015508673, 'g_stn_gpe_mult': 4.525694284889169, 'g_gpe_stn_mult': 0.11885997025225015, 'g_stn_gpi_mult': 2.2606543996240083, 'g_gpe_gpi_mult': 0.8553046770197053}. Best is trial 176 with value: 0.17629840528724414.
[I 2026-05-28 02:51:45,401] Trial 277 finished with value: 0.2574021329119052 and parameters: {'ISTN': 63.55048953622982, 'I_gpe': 0.8885136436953317, 'I_gpi': 2.197369809602699, 'noise_stn_sigma': 3.106524461499787, 'noise_gpe_sigma': 64.59303510315496, 'noise_gpi_sigma': 119.04912096839674, 'g_stn_gpe_mult': 4.461543805819205, 'g_gpe_stn_mult': 0.1927542902691874, 'g_stn_gpi_mult': 2.528396187361121, 'g_gpe_gpi_mult': 0.8011984510856258}. Best is trial 176 with value: 0.17629840528724414.
[I 2026-05-28 02:51:46,410] Trial 278 finished with value: 0.22922358446491115 and parameters: {'ISTN': 63.532789705857915, 'I_gpe': 1.1170182046411266, 'I_gpi': 1.949885404960521, 'noise_stn_sigma': 3.5242405898820732, 'noise_gpe_sigma': 48.61279750216606, 'noise_gpi_sigma': 96.56203327278541, 'g_stn_gpe_mult': 4.132656257037443, 'g_gpe_stn_mult': 0.17460561433959, 'g_stn_gpi_mult': 3.1059182730017665, 'g_gpe_gpi_mult': 0.8545452761361594}. Best is trial 176 with value: 0.17629840528724414.
[I 2026-05-28 02:51:47,416] Trial 279 finished with value: 3.131118063346512 and parameters: {'ISTN': 63.36246899066307, 'I_gpe': 0.9063868080642907, 'I_gpi': 2.1579941709902597, 'noise_stn_sigma': 4.151092865724381, 'noise_gpe_sigma': 52.07221999434928, 'noise_gpi_sigma': 114.42984071062082, 'g_stn_gpe_mult': 4.376631430844504, 'g_gpe_stn_mult': 0.20990598699621044, 'g_stn_gpi_mult': 2.5473226445103574, 'g_gpe_gpi_mult': 0.8845875082678221}. Best is trial 176 with value: 0.17629840528724414.
[I 2026-05-28 02:51:48,424] Trial 280 finished with value: 10.949568720583637 and parameters: {'ISTN': 68.72300073116809, 'I_gpe': 1.0257357013440278, 'I_gpi': 1.1957011062685952, 'noise_stn_sigma': 3.4597186081687488, 'noise_gpe_sigma': 59.38009994380444, 'noise_gpi_sigma': 105.14093333214119, 'g_stn_gpe_mult': 4.006489924123778, 'g_gpe_stn_mult': 0.1637458432389522, 'g_stn_gpi_mult': 2.61954806118127, 'g_gpe_gpi_mult': 0.7972899295238167}. Best is trial 176 with value: 0.17629840528724414.
[I 2026-05-28 02:51:49,434] Trial 281 finished with value: 0.23734991226911784 and parameters: {'ISTN': 65.73728046278015, 'I_gpe': 1.283083226104653, 'I_gpi': 2.2425130665866044, 'noise_stn_sigma': 3.564406143645126, 'noise_gpe_sigma': 67.07286879203537, 'noise_gpi_sigma': 104.63083651815104, 'g_stn_gpe_mult': 4.295857823453796, 'g_gpe_stn_mult': 0.13537232927504092, 'g_stn_gpi_mult': 2.5673654409025275, 'g_gpe_gpi_mult': 0.8328628646002625}. Best is trial 176 with value: 0.17629840528724414.
[I 2026-05-28 02:51:50,442] Trial 282 finished with value: 0.27074768330710525 and parameters: {'ISTN': 63.02930176773009, 'I_gpe': 1.22721794457417, 'I_gpi': 2.4323393652861256, 'noise_stn_sigma': 3.1469883197201827, 'noise_gpe_sigma': 60.88558554083461, 'noise_gpi_sigma': 94.6373614850048, 'g_stn_gpe_mult': 4.359671463667648, 'g_gpe_stn_mult': 0.13835162752506217, 'g_stn_gpi_mult': 2.8656754378912948, 'g_gpe_gpi_mult': 0.8198433616976484}. Best is trial 176 with value: 0.17629840528724414.
[I 2026-05-28 02:51:51,451] Trial 283 finished with value: 8.832459857902784 and parameters: {'ISTN': 71.27746330606666, 'I_gpe': 1.3061591538256752, 'I_gpi': 1.7266028671355376, 'noise_stn_sigma': 3.6929613169333724, 'noise_gpe_sigma': 46.65324993183965, 'noise_gpi_sigma': 103.35827231310743, 'g_stn_gpe_mult': 4.248999370204496, 'g_gpe_stn_mult': 0.12179758159382184, 'g_stn_gpi_mult': 2.9907454827500244, 'g_gpe_gpi_mult': 1.0139138547258464}. Best is trial 176 with value: 0.17629840528724414.
[I 2026-05-28 02:51:52,460] Trial 284 finished with value: 4.908512125466026 and parameters: {'ISTN': 64.7186337071678, 'I_gpe': 0.7371853757332798, 'I_gpi': 1.9389954755856211, 'noise_stn_sigma': 3.5223677006877203, 'noise_gpe_sigma': 71.86965707006189, 'noise_gpi_sigma': 132.39673637627996, 'g_stn_gpe_mult': 4.070009166202312, 'g_gpe_stn_mult': 0.2503614128643197, 'g_stn_gpi_mult': 2.683860327563698, 'g_gpe_gpi_mult': 0.7017080192998175}. Best is trial 176 with value: 0.17629840528724414.
[I 2026-05-28 02:51:53,472] Trial 285 finished with value: 0.29054844388162787 and parameters: {'ISTN': 67.20258358360189, 'I_gpe': 0.7094482559240276, 'I_gpi': 2.2458018935739426, 'noise_stn_sigma': 4.194557214314292, 'noise_gpe_sigma': 77.65135203783925, 'noise_gpi_sigma': 97.00617303245394, 'g_stn_gpe_mult': 4.292600281804307, 'g_gpe_stn_mult': 0.11627195215582345, 'g_stn_gpi_mult': 2.6345213961130476, 'g_gpe_gpi_mult': 0.8198457301320219}. Best is trial 176 with value: 0.17629840528724414.
[I 2026-05-28 02:51:54,480] Trial 286 finished with value: 11.215720581820603 and parameters: {'ISTN': 71.88247297372861, 'I_gpe': 1.307831727997199, 'I_gpi': 2.5275853042653766, 'noise_stn_sigma': 4.093556442416985, 'noise_gpe_sigma': 63.74972739675414, 'noise_gpi_sigma': 107.9872515614793, 'g_stn_gpe_mult': 4.554356609796071, 'g_gpe_stn_mult': 0.19334282654418392, 'g_stn_gpi_mult': 2.991244593109742, 'g_gpe_gpi_mult': 0.8878201151964673}. Best is trial 176 with value: 0.17629840528724414.
[I 2026-05-28 02:51:55,489] Trial 287 finished with value: 0.4345169121877331 and parameters: {'ISTN': 63.46632496608227, 'I_gpe': 0.9879342390493797, 'I_gpi': 1.943791867701729, 'noise_stn_sigma': 3.875585901783097, 'noise_gpe_sigma': 50.46740611084803, 'noise_gpi_sigma': 95.70604365826186, 'g_stn_gpe_mult': 4.064454016901031, 'g_gpe_stn_mult': 0.19047981948712803, 'g_stn_gpi_mult': 2.9640214649900667, 'g_gpe_gpi_mult': 0.9592199372033177}. Best is trial 176 with value: 0.17629840528724414.
[I 2026-05-28 02:51:56,500] Trial 288 finished with value: 2.1620014417342186 and parameters: {'ISTN': 64.45376751993668, 'I_gpe': 0.9198625614103464, 'I_gpi': 2.456833214877572, 'noise_stn_sigma': 2.7800995991518422, 'noise_gpe_sigma': 58.85136792237694, 'noise_gpi_sigma': 112.79234975104642, 'g_stn_gpe_mult': 4.251216952200057, 'g_gpe_stn_mult': 0.22700081894659102, 'g_stn_gpi_mult': 2.487027305596722, 'g_gpe_gpi_mult': 0.7220670180434692}. Best is trial 176 with value: 0.17629840528724414.
[I 2026-05-28 02:51:57,508] Trial 289 finished with value: 0.3693506975505853 and parameters: {'ISTN': 66.17558562741685, 'I_gpe': 1.4892353538004341, 'I_gpi': 2.6209985664691215, 'noise_stn_sigma': 3.445967784777202, 'noise_gpe_sigma': 46.57569142070473, 'noise_gpi_sigma': 98.13232416560952, 'g_stn_gpe_mult': 4.751894100272615, 'g_gpe_stn_mult': 0.12002665411150902, 'g_stn_gpi_mult': 2.111787278919369, 'g_gpe_gpi_mult': 0.9629148063200326}. Best is trial 176 with value: 0.17629840528724414.
[I 2026-05-28 02:51:58,519] Trial 290 finished with value: 0.21912779655139322 and parameters: {'ISTN': 67.99690598661103, 'I_gpe': 1.064245148009069, 'I_gpi': 2.142746592302699, 'noise_stn_sigma': 3.405313717047236, 'noise_gpe_sigma': 73.72997691578152, 'noise_gpi_sigma': 101.15379852265818, 'g_stn_gpe_mult': 4.462445073831915, 'g_gpe_stn_mult': 0.10321315754162003, 'g_stn_gpi_mult': 2.4978755576796257, 'g_gpe_gpi_mult': 0.9197398859455364}. Best is trial 176 with value: 0.17629840528724414.
[I 2026-05-28 02:51:59,527] Trial 291 finished with value: 4.53412174344947 and parameters: {'ISTN': 68.92660527747802, 'I_gpe': 1.2027191383493383, 'I_gpi': 2.111984533136945, 'noise_stn_sigma': 3.422296312735595, 'noise_gpe_sigma': 49.219262009608755, 'noise_gpi_sigma': 97.9211715978203, 'g_stn_gpe_mult': 4.107819102758773, 'g_gpe_stn_mult': 0.12207243857510647, 'g_stn_gpi_mult': 2.456737090106637, 'g_gpe_gpi_mult': 1.0424537536618586}. Best is trial 176 with value: 0.17629840528724414.
[I 2026-05-28 02:52:00,533] Trial 292 finished with value: 0.3112549991218444 and parameters: {'ISTN': 66.56684742677689, 'I_gpe': 0.9217976089265911, 'I_gpi': 2.5051763782989314, 'noise_stn_sigma': 2.0323856826312805, 'noise_gpe_sigma': 56.68877421026218, 'noise_gpi_sigma': 108.48285731870034, 'g_stn_gpe_mult': 4.783794552030708, 'g_gpe_stn_mult': 0.10880346202948533, 'g_stn_gpi_mult': 2.5654393641615023, 'g_gpe_gpi_mult': 1.0028536082813062}. Best is trial 176 with value: 0.17629840528724414.
[I 2026-05-28 02:52:01,541] Trial 293 finished with value: 0.2422712587064747 and parameters: {'ISTN': 65.58505830914315, 'I_gpe': 1.0519522526524923, 'I_gpi': 1.961892278918695, 'noise_stn_sigma': 3.3593400099451225, 'noise_gpe_sigma': 52.143237011073154, 'noise_gpi_sigma': 104.58500460528401, 'g_stn_gpe_mult': 4.490604769357369, 'g_gpe_stn_mult': 0.107477839606134, 'g_stn_gpi_mult': 2.949104471935202, 'g_gpe_gpi_mult': 0.9315485519176911}. Best is trial 176 with value: 0.17629840528724414.
[I 2026-05-28 02:52:02,549] Trial 294 finished with value: 1.6422152187932384 and parameters: {'ISTN': 69.89559069522566, 'I_gpe': 1.0790997617025153, 'I_gpi': 2.1985910124919363, 'noise_stn_sigma': 3.5206736588738634, 'noise_gpe_sigma': 56.443158824508956, 'noise_gpi_sigma': 107.45433057183308, 'g_stn_gpe_mult': 4.387410713003408, 'g_gpe_stn_mult': 0.117246782563355, 'g_stn_gpi_mult': 2.410948353057905, 'g_gpe_gpi_mult': 0.9430528906291467}. Best is trial 176 with value: 0.17629840528724414.
[I 2026-05-28 02:52:03,555] Trial 295 finished with value: 8.11808671315203 and parameters: {'ISTN': 68.43242029865202, 'I_gpe': 1.4022965623145383, 'I_gpi': 2.413941059385923, 'noise_stn_sigma': 3.758654670785131, 'noise_gpe_sigma': 65.22447045559429, 'noise_gpi_sigma': 83.93977626269455, 'g_stn_gpe_mult': 4.069401891726218, 'g_gpe_stn_mult': 0.1652298478249311, 'g_stn_gpi_mult': 2.7098210251778276, 'g_gpe_gpi_mult': 0.9895591722358064}. Best is trial 176 with value: 0.17629840528724414.
[I 2026-05-28 02:52:04,563] Trial 296 finished with value: 11.24693078202118 and parameters: {'ISTN': 69.44743218984621, 'I_gpe': 0.8756286344741395, 'I_gpi': 2.0889303363481533, 'noise_stn_sigma': 3.4071451213595734, 'noise_gpe_sigma': 72.22157099810005, 'noise_gpi_sigma': 110.43675185128394, 'g_stn_gpe_mult': 4.276585661079269, 'g_gpe_stn_mult': 0.1916585392210043, 'g_stn_gpi_mult': 2.6616862250431197, 'g_gpe_gpi_mult': 0.7843823710456013}. Best is trial 176 with value: 0.17629840528724414.
[I 2026-05-28 02:52:05,571] Trial 297 finished with value: 5.952632061142568 and parameters: {'ISTN': 68.48663447086673, 'I_gpe': 0.7612079204229056, 'I_gpi': 2.261723662234793, 'noise_stn_sigma': 3.5928751068788336, 'noise_gpe_sigma': 57.692499945361746, 'noise_gpi_sigma': 99.37817705999338, 'g_stn_gpe_mult': 4.691041302988897, 'g_gpe_stn_mult': 0.1517504957320352, 'g_stn_gpi_mult': 2.204348371678927, 'g_gpe_gpi_mult': 1.008715831250924}. Best is trial 176 with value: 0.17629840528724414.
[I 2026-05-28 02:52:06,582] Trial 298 finished with value: 10.111013952887443 and parameters: {'ISTN': 73.44695991925649, 'I_gpe': 1.5234677551033153, 'I_gpi': 2.6002383528134727, 'noise_stn_sigma': 2.060609561338632, 'noise_gpe_sigma': 61.41938003530763, 'noise_gpi_sigma': 96.50603352913446, 'g_stn_gpe_mult': 4.338574804374428, 'g_gpe_stn_mult': 0.12367667468444216, 'g_stn_gpi_mult': 2.4492274936979657, 'g_gpe_gpi_mult': 0.9035356321758319}. Best is trial 176 with value: 0.17629840528724414.
[I 2026-05-28 02:52:07,591] Trial 299 finished with value: 7.937893614246996 and parameters: {'ISTN': 68.88328338466889, 'I_gpe': 1.0925499330148494, 'I_gpi': 2.143004349194995, 'noise_stn_sigma': 3.6200679750411733, 'noise_gpe_sigma': 38.60385745192744, 'noise_gpi_sigma': 91.63817578711186, 'g_stn_gpe_mult': 4.569074745253141, 'g_gpe_stn_mult': 0.13408571543426878, 'g_stn_gpi_mult': 2.6067715567207257, 'g_gpe_gpi_mult': 0.9516377844239723}. Best is trial 176 with value: 0.17629840528724414.
[I 2026-05-28 02:52:08,600] Trial 300 finished with value: 13.324246621526505 and parameters: {'ISTN': 67.44686689972279, 'I_gpe': 1.2809026909593764, 'I_gpi': 2.3521726355821246, 'noise_stn_sigma': 4.263888781354429, 'noise_gpe_sigma': 76.80085280156521, 'noise_gpi_sigma': 105.54769826941568, 'g_stn_gpe_mult': 4.393661393012492, 'g_gpe_stn_mult': 0.19135034301612225, 'g_stn_gpi_mult': 2.618759698464594, 'g_gpe_gpi_mult': 0.853559437014463}. Best is trial 176 with value: 0.17629840528724414.
[I 2026-05-28 02:52:09,607] Trial 301 finished with value: 6.660488994305989 and parameters: {'ISTN': 66.70915664183008, 'I_gpe': 1.0326168934822755, 'I_gpi': 2.4246966256345117, 'noise_stn_sigma': 2.596128619641523, 'noise_gpe_sigma': 31.002299176514313, 'noise_gpi_sigma': 89.6776844969344, 'g_stn_gpe_mult': 4.425633989131595, 'g_gpe_stn_mult': 0.12217943790628287, 'g_stn_gpi_mult': 2.517459574241519, 'g_gpe_gpi_mult': 1.0528535173458926}. Best is trial 176 with value: 0.17629840528724414.
[I 2026-05-28 02:52:10,619] Trial 302 finished with value: 1.558471110788556 and parameters: {'ISTN': 60.300904298007836, 'I_gpe': 1.0179523740034586, 'I_gpi': 2.584868315499633, 'noise_stn_sigma': 2.691672020101592, 'noise_gpe_sigma': 44.74730701207646, 'noise_gpi_sigma': 109.59994394356126, 'g_stn_gpe_mult': 4.978288161647797, 'g_gpe_stn_mult': 0.11805800196118801, 'g_stn_gpi_mult': 2.3686535464477005, 'g_gpe_gpi_mult': 0.8709158784290776}. Best is trial 176 with value: 0.17629840528724414.
[I 2026-05-28 02:52:11,626] Trial 303 finished with value: 0.2277384667386911 and parameters: {'ISTN': 66.63631697064575, 'I_gpe': 0.9627094207860046, 'I_gpi': 1.935838483677971, 'noise_stn_sigma': 2.627385220846269, 'noise_gpe_sigma': 68.90572723603282, 'noise_gpi_sigma': 111.31263672166314, 'g_stn_gpe_mult': 4.420650354575146, 'g_gpe_stn_mult': 0.1201472053146639, 'g_stn_gpi_mult': 2.6266794227293717, 'g_gpe_gpi_mult': 1.1044018316226825}. Best is trial 176 with value: 0.17629840528724414.
[I 2026-05-28 02:52:12,633] Trial 304 finished with value: 0.3014150852926518 and parameters: {'ISTN': 67.68812923709837, 'I_gpe': 1.11340378156457, 'I_gpi': 1.8126256414345883, 'noise_stn_sigma': 3.6262162303986103, 'noise_gpe_sigma': 76.20718259591979, 'noise_gpi_sigma': 113.74319982214443, 'g_stn_gpe_mult': 3.817726419213886, 'g_gpe_stn_mult': 0.13326570834061968, 'g_stn_gpi_mult': 3.077816158219833, 'g_gpe_gpi_mult': 0.9876888600518847}. Best is trial 176 with value: 0.17629840528724414.
[I 2026-05-28 02:52:13,641] Trial 305 finished with value: 8.6459637169963 and parameters: {'ISTN': 71.97640946218323, 'I_gpe': 1.0813082248859174, 'I_gpi': 2.346077770305698, 'noise_stn_sigma': 2.587222163685807, 'noise_gpe_sigma': 50.296322558804945, 'noise_gpi_sigma': 113.89759694848199, 'g_stn_gpe_mult': 4.799634905089182, 'g_gpe_stn_mult': 0.11618235582747499, 'g_stn_gpi_mult': 2.754047898070528, 'g_gpe_gpi_mult': 1.0208691156391447}. Best is trial 176 with value: 0.17629840528724414.
[I 2026-05-28 02:52:14,648] Trial 306 finished with value: 0.4675183482288257 and parameters: {'ISTN': 66.99421376778243, 'I_gpe': 1.2127102475790443, 'I_gpi': 2.3441255006119337, 'noise_stn_sigma': 2.779778847391139, 'noise_gpe_sigma': 58.52478184185756, 'noise_gpi_sigma': 102.28873330310562, 'g_stn_gpe_mult': 4.665844248255214, 'g_gpe_stn_mult': 0.17742520650031837, 'g_stn_gpi_mult': 2.4596796020902874, 'g_gpe_gpi_mult': 0.9520020633543012}. Best is trial 176 with value: 0.17629840528724414.
[I 2026-05-28 02:52:15,656] Trial 307 finished with value: 2.826486083629207 and parameters: {'ISTN': 65.64033908606092, 'I_gpe': 0.6857109148630711, 'I_gpi': 2.287011925908189, 'noise_stn_sigma': 2.9998938401229935, 'noise_gpe_sigma': 28.524720671498535, 'noise_gpi_sigma': 109.84428211493062, 'g_stn_gpe_mult': 4.644776043928579, 'g_gpe_stn_mult': 0.12057781973604037, 'g_stn_gpi_mult': 2.512263776411191, 'g_gpe_gpi_mult': 0.9643830957479753}. Best is trial 176 with value: 0.17629840528724414.
