[I 2026-05-28 03:45:30,753] Trial 440 finished with value: 0.18499507944296617 and parameters: {'ISTN': 62.756088916898655, 'I_gpe': 0.8472145306116226, 'I_gpi': 2.1651957947606606, 'noise_stn_sigma': 2.1700213060137457, 'noise_gpe_sigma': 97.19475290042709, 'noise_gpi_sigma': 74.31148211090473, 'g_stn_gpe_mult': 4.028521612269255, 'g_gpe_stn_mult': 0.17579923652920712, 'g_stn_gpi_mult': 2.046798368252137, 'g_gpe_gpi_mult': 0.8688237525255631}. Best is trial 415 with value: 0.13860170072011044.
[I 2026-05-28 03:45:31,758] Trial 441 finished with value: 0.20615811099674755 and parameters: {'ISTN': 65.19876580282885, 'I_gpe': 1.1207866222189298, 'I_gpi': 2.1495523643277314, 'noise_stn_sigma': 1.9946281673463857, 'noise_gpe_sigma': 95.0483295549783, 'noise_gpi_sigma': 62.500870604916514, 'g_stn_gpe_mult': 3.744500850139497, 'g_gpe_stn_mult': 0.16191135244720128, 'g_stn_gpi_mult': 2.0107173346393172, 'g_gpe_gpi_mult': 0.8968961349534681}. Best is trial 415 with value: 0.13860170072011044.
[I 2026-05-28 03:45:32,765] Trial 442 finished with value: 0.378415512225295 and parameters: {'ISTN': 63.37707209567653, 'I_gpe': 1.0389914983919302, 'I_gpi': 2.1654617045875417, 'noise_stn_sigma': 2.2615382603914043, 'noise_gpe_sigma': 89.76838659105442, 'noise_gpi_sigma': 74.08060331731197, 'g_stn_gpe_mult': 3.9858240685717155, 'g_gpe_stn_mult': 0.17098908934203413, 'g_stn_gpi_mult': 1.9861710980568354, 'g_gpe_gpi_mult': 0.9227520796207258}. Best is trial 415 with value: 0.13860170072011044.
[I 2026-05-28 03:45:33,771] Trial 443 finished with value: 0.17810769526951548 and parameters: {'ISTN': 60.85297983546161, 'I_gpe': 1.186470150245038, 'I_gpi': 2.1267691204005787, 'noise_stn_sigma': 2.3060803001729573, 'noise_gpe_sigma': 97.67927029737855, 'noise_gpi_sigma': 71.54207967207924, 'g_stn_gpe_mult': 3.956762931446746, 'g_gpe_stn_mult': 0.21212989430578136, 'g_stn_gpi_mult': 1.9681153251805537, 'g_gpe_gpi_mult': 0.9327144384716022}. Best is trial 415 with value: 0.13860170072011044.
[I 2026-05-28 03:45:34,779] Trial 444 finished with value: 0.7506171834906774 and parameters: {'ISTN': 61.23602289951272, 'I_gpe': 0.914044411291822, 'I_gpi': 2.3744551503766824, 'noise_stn_sigma': 2.4997434340130775, 'noise_gpe_sigma': 78.87548873295796, 'noise_gpi_sigma': 71.83113531535028, 'g_stn_gpe_mult': 3.834940079924043, 'g_gpe_stn_mult': 0.15714823335924577, 'g_stn_gpi_mult': 2.0517502082978893, 'g_gpe_gpi_mult': 0.8860725670380518}. Best is trial 415 with value: 0.13860170072011044.
[I 2026-05-28 03:45:35,785] Trial 445 finished with value: 0.1955571997643012 and parameters: {'ISTN': 62.781055668908955, 'I_gpe': 1.0263668350924824, 'I_gpi': 2.2707669489922893, 'noise_stn_sigma': 2.3755270331009184, 'noise_gpe_sigma': 90.57160977127259, 'noise_gpi_sigma': 69.85559490176391, 'g_stn_gpe_mult': 3.5727487259336748, 'g_gpe_stn_mult': 0.169604439191717, 'g_stn_gpi_mult': 1.879680203267028, 'g_gpe_gpi_mult': 0.9200921067902392}. Best is trial 415 with value: 0.13860170072011044.
[I 2026-05-28 03:45:36,794] Trial 446 finished with value: 0.2077952077047324 and parameters: {'ISTN': 66.27265738979665, 'I_gpe': 0.9813370325683396, 'I_gpi': 2.21498069497681, 'noise_stn_sigma': 2.348536458469085, 'noise_gpe_sigma': 89.78270204660772, 'noise_gpi_sigma': 68.42456584346444, 'g_stn_gpe_mult': 4.034419251162052, 'g_gpe_stn_mult': 0.14137921668261996, 'g_stn_gpi_mult': 1.9854290687281935, 'g_gpe_gpi_mult': 0.9006538807093467}. Best is trial 415 with value: 0.13860170072011044.
[I 2026-05-28 03:45:37,800] Trial 447 finished with value: 0.1642500678729345 and parameters: {'ISTN': 61.688609640086646, 'I_gpe': 0.9598014762055438, 'I_gpi': 2.013748915362712, 'noise_stn_sigma': 1.9505463110567292, 'noise_gpe_sigma': 89.63017609493265, 'noise_gpi_sigma': 68.2366466408094, 'g_stn_gpe_mult': 3.9361125520711253, 'g_gpe_stn_mult': 0.17813549454446306, 'g_stn_gpi_mult': 1.9937574036623327, 'g_gpe_gpi_mult': 0.9452441050871412}. Best is trial 415 with value: 0.13860170072011044.
[I 2026-05-28 03:45:38,806] Trial 448 finished with value: 0.15033241594547603 and parameters: {'ISTN': 60.40667911070321, 'I_gpe': 1.0255962030271277, 'I_gpi': 2.243369295658545, 'noise_stn_sigma': 2.182455923737617, 'noise_gpe_sigma': 91.40475185874708, 'noise_gpi_sigma': 76.74918138824927, 'g_stn_gpe_mult': 3.79757613896193, 'g_gpe_stn_mult': 0.1807874198643026, 'g_stn_gpi_mult': 1.968179155843011, 'g_gpe_gpi_mult': 0.9520219830312109}. Best is trial 415 with value: 0.13860170072011044.
[I 2026-05-28 03:45:39,753] Trial 449 finished with value: 1000000.0 and parameters: {'ISTN': 60.01864445641157, 'I_gpe': 0.9905172118265908, 'I_gpi': 2.166952801679113, 'noise_stn_sigma': 2.0989825961374353, 'noise_gpe_sigma': 90.47655529609068, 'noise_gpi_sigma': 69.32410007740772, 'g_stn_gpe_mult': 3.8737572577953405, 'g_gpe_stn_mult': 0.19347916821550698, 'g_stn_gpi_mult': 2.1038467979999993, 'g_gpe_gpi_mult': 0.883786866622587}. Best is trial 415 with value: 0.13860170072011044.
[I 2026-05-28 03:45:40,701] Trial 450 finished with value: 1000000.0 and parameters: {'ISTN': 60.944641723931554, 'I_gpe': 1.0749745550838097, 'I_gpi': 2.222533535373173, 'noise_stn_sigma': 1.8516183498422207, 'noise_gpe_sigma': 91.7634973547907, 'noise_gpi_sigma': 72.09476130039155, 'g_stn_gpe_mult': 3.9055488117435417, 'g_gpe_stn_mult': 0.1842956178545693, 'g_stn_gpi_mult': 2.0484683848698877, 'g_gpe_gpi_mult': 0.9132909660864543}. Best is trial 415 with value: 0.13860170072011044.
[I 2026-05-28 03:45:41,711] Trial 451 finished with value: 0.1862648918798224 and parameters: {'ISTN': 60.92394178711961, 'I_gpe': 0.915259143844845, 'I_gpi': 2.357937037338255, 'noise_stn_sigma': 2.0429362187153286, 'noise_gpe_sigma': 90.31786812492112, 'noise_gpi_sigma': 72.15382643501097, 'g_stn_gpe_mult': 3.9414849110754258, 'g_gpe_stn_mult': 0.1996488059662665, 'g_stn_gpi_mult': 2.0811098704018622, 'g_gpe_gpi_mult': 0.8894872672062069}. Best is trial 415 with value: 0.13860170072011044.
[I 2026-05-28 03:45:42,720] Trial 452 finished with value: 0.16086932046442337 and parameters: {'ISTN': 61.0321873787647, 'I_gpe': 1.0579636245317328, 'I_gpi': 2.167268446270838, 'noise_stn_sigma': 1.8405300554786252, 'noise_gpe_sigma': 87.45433902457144, 'noise_gpi_sigma': 71.3922073203521, 'g_stn_gpe_mult': 3.898296705476202, 'g_gpe_stn_mult': 0.1926978443991661, 'g_stn_gpi_mult': 1.978072444768468, 'g_gpe_gpi_mult': 0.9493232299250893}. Best is trial 415 with value: 0.13860170072011044.
[I 2026-05-28 03:45:43,727] Trial 453 finished with value: 0.1856381065799064 and parameters: {'ISTN': 63.43358300225022, 'I_gpe': 1.15897908896437, 'I_gpi': 2.046901059798892, 'noise_stn_sigma': 2.195059289152847, 'noise_gpe_sigma': 93.23921549220167, 'noise_gpi_sigma': 68.9230148396917, 'g_stn_gpe_mult': 3.743174388193619, 'g_gpe_stn_mult': 0.16946322197116664, 'g_stn_gpi_mult': 1.779254979237989, 'g_gpe_gpi_mult': 0.9464417620652184}. Best is trial 415 with value: 0.13860170072011044.
[I 2026-05-28 03:45:44,734] Trial 454 finished with value: 0.19388361402856555 and parameters: {'ISTN': 62.248696992767634, 'I_gpe': 0.9324441645634636, 'I_gpi': 2.013614892806915, 'noise_stn_sigma': 2.3724162239074564, 'noise_gpe_sigma': 82.93103677734204, 'noise_gpi_sigma': 72.55840150251058, 'g_stn_gpe_mult': 3.9227521958372256, 'g_gpe_stn_mult': 0.18266093203477785, 'g_stn_gpi_mult': 2.001362366153548, 'g_gpe_gpi_mult': 0.897032431443455}. Best is trial 415 with value: 0.13860170072011044.
[I 2026-05-28 03:45:45,742] Trial 455 finished with value: 0.1522512894278934 and parameters: {'ISTN': 61.880785553026755, 'I_gpe': 1.1062996314603522, 'I_gpi': 2.2310745231269316, 'noise_stn_sigma': 2.0395055627174674, 'noise_gpe_sigma': 90.49675494746488, 'noise_gpi_sigma': 76.552940757263, 'g_stn_gpe_mult': 3.6158584955867896, 'g_gpe_stn_mult': 0.1671007471133008, 'g_stn_gpi_mult': 1.7971660079839733, 'g_gpe_gpi_mult': 1.0137432110511362}. Best is trial 415 with value: 0.13860170072011044.
[I 2026-05-28 03:45:46,750] Trial 456 finished with value: 0.9421520414788769 and parameters: {'ISTN': 61.0061997774456, 'I_gpe': 1.1373182400776447, 'I_gpi': 2.273985253716134, 'noise_stn_sigma': 1.7863700080595328, 'noise_gpe_sigma': 96.1075373828627, 'noise_gpi_sigma': 75.97819121319675, 'g_stn_gpe_mult': 3.8746686198065117, 'g_gpe_stn_mult': 0.19986705502577903, 'g_stn_gpi_mult': 1.936032549403458, 'g_gpe_gpi_mult': 0.903129792221548}. Best is trial 415 with value: 0.13860170072011044.
[I 2026-05-28 03:45:47,757] Trial 457 finished with value: 1.1562243469012257 and parameters: {'ISTN': 61.168053858300915, 'I_gpe': 1.106532832658078, 'I_gpi': 2.1025682027419834, 'noise_stn_sigma': 2.0968404343899496, 'noise_gpe_sigma': 95.00904516652525, 'noise_gpi_sigma': 78.03675260792204, 'g_stn_gpe_mult': 3.7785901208205837, 'g_gpe_stn_mult': 0.1981483299576946, 'g_stn_gpi_mult': 1.8638204118185677, 'g_gpe_gpi_mult': 0.9302511022325359}. Best is trial 415 with value: 0.13860170072011044.
[I 2026-05-28 03:45:48,764] Trial 458 finished with value: 0.529242640343297 and parameters: {'ISTN': 61.175065376965, 'I_gpe': 1.1462033090755754, 'I_gpi': 2.281336032677495, 'noise_stn_sigma': 2.233609649851643, 'noise_gpe_sigma': 92.33490868916272, 'noise_gpi_sigma': 79.81311462458217, 'g_stn_gpe_mult': 3.7933929446104084, 'g_gpe_stn_mult': 0.1945948307969819, 'g_stn_gpi_mult': 1.8923441983923506, 'g_gpe_gpi_mult': 0.9301188255891815}. Best is trial 415 with value: 0.13860170072011044.
[I 2026-05-28 03:45:49,773] Trial 459 finished with value: 0.19965373268593484 and parameters: {'ISTN': 60.466308704721015, 'I_gpe': 0.9120567354459062, 'I_gpi': 1.998304198849155, 'noise_stn_sigma': 1.835837182323117, 'noise_gpe_sigma': 90.91041544568384, 'noise_gpi_sigma': 70.02500579769814, 'g_stn_gpe_mult': 3.9262980716587137, 'g_gpe_stn_mult': 0.1798968375443514, 'g_stn_gpi_mult': 1.9566641537208145, 'g_gpe_gpi_mult': 0.9808727962991031}. Best is trial 415 with value: 0.13860170072011044.
[I 2026-05-28 03:45:50,780] Trial 460 finished with value: 0.1939315188162726 and parameters: {'ISTN': 63.15468022657311, 'I_gpe': 0.989650506944266, 'I_gpi': 2.1197492549981907, 'noise_stn_sigma': 1.9595855883606006, 'noise_gpe_sigma': 93.46275168367225, 'noise_gpi_sigma': 75.13893476562765, 'g_stn_gpe_mult': 3.772324938311357, 'g_gpe_stn_mult': 0.20214059338920265, 'g_stn_gpi_mult': 1.9181854158360672, 'g_gpe_gpi_mult': 0.9867246356960786}. Best is trial 415 with value: 0.13860170072011044.
[I 2026-05-28 03:45:51,791] Trial 461 finished with value: 0.15719336617005056 and parameters: {'ISTN': 61.66430005400675, 'I_gpe': 1.0260169320244195, 'I_gpi': 2.2768519208764646, 'noise_stn_sigma': 1.816547801365787, 'noise_gpe_sigma': 91.32567256892807, 'noise_gpi_sigma': 71.49513808460469, 'g_stn_gpe_mult': 3.669704780689516, 'g_gpe_stn_mult': 0.16558129062379873, 'g_stn_gpi_mult': 1.8051815566738547, 'g_gpe_gpi_mult': 0.9961742827879763}. Best is trial 415 with value: 0.13860170072011044.
[I 2026-05-28 03:45:52,799] Trial 462 finished with value: 0.18457648348152278 and parameters: {'ISTN': 62.150172270934895, 'I_gpe': 1.023547875887818, 'I_gpi': 2.2665389625435735, 'noise_stn_sigma': 2.164918823159007, 'noise_gpe_sigma': 88.32717164406475, 'noise_gpi_sigma': 77.66904394667529, 'g_stn_gpe_mult': 3.6998528055376885, 'g_gpe_stn_mult': 0.19231219942334432, 'g_stn_gpi_mult': 1.9132406928086225, 'g_gpe_gpi_mult': 0.9995497212211448}. Best is trial 415 with value: 0.13860170072011044.
[I 2026-05-28 03:45:53,806] Trial 463 finished with value: 0.1518308769475173 and parameters: {'ISTN': 61.09299392348957, 'I_gpe': 1.0043275931079902, 'I_gpi': 2.0839854427254814, 'noise_stn_sigma': 1.349988098888536, 'noise_gpe_sigma': 84.97749667038524, 'noise_gpi_sigma': 71.97019452112448, 'g_stn_gpe_mult': 3.5675584056606247, 'g_gpe_stn_mult': 0.1919662179895154, 'g_stn_gpi_mult': 1.9710926919642524, 'g_gpe_gpi_mult': 1.0321439821163372}. Best is trial 415 with value: 0.13860170072011044.
[I 2026-05-28 03:45:54,811] Trial 464 finished with value: 0.1768290213999754 and parameters: {'ISTN': 62.214025827169024, 'I_gpe': 1.1379858606501831, 'I_gpi': 1.9796609674272474, 'noise_stn_sigma': 2.222016853239568, 'noise_gpe_sigma': 94.33507287545824, 'noise_gpi_sigma': 73.14026292921156, 'g_stn_gpe_mult': 3.927092577757568, 'g_gpe_stn_mult': 0.15929107209858767, 'g_stn_gpi_mult': 1.8986107941830404, 'g_gpe_gpi_mult': 0.984050763699146}. Best is trial 415 with value: 0.13860170072011044.
[I 2026-05-28 03:45:55,820] Trial 465 finished with value: 0.16679301764721657 and parameters: {'ISTN': 60.836428521285946, 'I_gpe': 1.0343993989423348, 'I_gpi': 2.2456276269308684, 'noise_stn_sigma': 2.191916247702654, 'noise_gpe_sigma': 84.24420893322326, 'noise_gpi_sigma': 81.26144809956031, 'g_stn_gpe_mult': 3.801035435243545, 'g_gpe_stn_mult': 0.19210893905023413, 'g_stn_gpi_mult': 1.9739909083869658, 'g_gpe_gpi_mult': 0.9319573072677165}. Best is trial 415 with value: 0.13860170072011044.
[I 2026-05-28 03:45:56,827] Trial 466 finished with value: 0.14999622642689667 and parameters: {'ISTN': 63.0662072593871, 'I_gpe': 1.0492319159985743, 'I_gpi': 2.1547125365941624, 'noise_stn_sigma': 1.5421079456705904, 'noise_gpe_sigma': 88.68139680775425, 'noise_gpi_sigma': 75.92059543668847, 'g_stn_gpe_mult': 3.7180187153190203, 'g_gpe_stn_mult': 0.1366479551190255, 'g_stn_gpi_mult': 1.7365919496368267, 'g_gpe_gpi_mult': 1.0261966211565383}. Best is trial 415 with value: 0.13860170072011044.
[I 2026-05-28 03:45:57,834] Trial 467 finished with value: 0.8525827056772084 and parameters: {'ISTN': 60.547740633377686, 'I_gpe': 1.1988458029558693, 'I_gpi': 2.078849513234882, 'noise_stn_sigma': 2.5372222521604115, 'noise_gpe_sigma': 92.29274448658285, 'noise_gpi_sigma': 79.04592185744002, 'g_stn_gpe_mult': 3.921287517199875, 'g_gpe_stn_mult': 0.19927168771062553, 'g_stn_gpi_mult': 1.94626754368409, 'g_gpe_gpi_mult': 0.9837541141383455}. Best is trial 415 with value: 0.13860170072011044.
[I 2026-05-28 03:45:58,842] Trial 468 finished with value: 0.17680635596491748 and parameters: {'ISTN': 62.60924663656244, 'I_gpe': 1.0509806320659556, 'I_gpi': 2.2044701679107828, 'noise_stn_sigma': 1.9488336714869674, 'noise_gpe_sigma': 87.371337534083, 'noise_gpi_sigma': 78.1878768864681, 'g_stn_gpe_mult': 3.8281961866885004, 'g_gpe_stn_mult': 0.1743784372020305, 'g_stn_gpi_mult': 1.8349853660582727, 'g_gpe_gpi_mult': 0.9607247602064048}. Best is trial 415 with value: 0.13860170072011044.
[I 2026-05-28 03:45:59,850] Trial 469 finished with value: 0.18104125765013868 and parameters: {'ISTN': 62.727614821873686, 'I_gpe': 1.0466188714644524, 'I_gpi': 2.0373958460997525, 'noise_stn_sigma': 1.9099401742059121, 'noise_gpe_sigma': 89.05605160127958, 'noise_gpi_sigma': 76.54893461938906, 'g_stn_gpe_mult': 3.707762235676287, 'g_gpe_stn_mult': 0.18062439593653046, 'g_stn_gpi_mult': 1.9125859738597455, 'g_gpe_gpi_mult': 0.9615009974014266}. Best is trial 415 with value: 0.13860170072011044.
[I 2026-05-28 03:46:00,856] Trial 470 finished with value: 0.15340464375434668 and parameters: {'ISTN': 61.90358849935502, 'I_gpe': 1.0418452526912345, 'I_gpi': 2.2477884386615337, 'noise_stn_sigma': 1.8041140710172066, 'noise_gpe_sigma': 84.40247275445294, 'noise_gpi_sigma': 71.92006482908788, 'g_stn_gpe_mult': 3.7184141275355245, 'g_gpe_stn_mult': 0.16614533753440147, 'g_stn_gpi_mult': 1.8137490116240826, 'g_gpe_gpi_mult': 0.9311649252965661}. Best is trial 415 with value: 0.13860170072011044.
[I 2026-05-28 03:46:01,862] Trial 471 finished with value: 0.20512794193597597 and parameters: {'ISTN': 61.326832106285465, 'I_gpe': 0.8228326279708211, 'I_gpi': 1.9314459480118784, 'noise_stn_sigma': 1.5637627015119866, 'noise_gpe_sigma': 97.73303927450338, 'noise_gpi_sigma': 81.49405517987975, 'g_stn_gpe_mult': 3.545385135881286, 'g_gpe_stn_mult': 0.20691426558507242, 'g_stn_gpi_mult': 1.6957215760390174, 'g_gpe_gpi_mult': 1.033541365254746}. Best is trial 415 with value: 0.13860170072011044.
[I 2026-05-28 03:46:02,868] Trial 472 finished with value: 0.22028650382701023 and parameters: {'ISTN': 64.35341853259189, 'I_gpe': 1.0328324938624354, 'I_gpi': 1.8652626113793618, 'noise_stn_sigma': 2.0848231857055555, 'noise_gpe_sigma': 86.1950076525295, 'noise_gpi_sigma': 61.08022916996147, 'g_stn_gpe_mult': 3.5779006361240175, 'g_gpe_stn_mult': 0.15002382315972365, 'g_stn_gpi_mult': 1.921695075366874, 'g_gpe_gpi_mult': 1.0157366891076225}. Best is trial 415 with value: 0.13860170072011044.
[I 2026-05-28 03:46:03,875] Trial 473 finished with value: 0.164564662570941 and parameters: {'ISTN': 62.91301028235692, 'I_gpe': 1.034062812249588, 'I_gpi': 2.178364684998167, 'noise_stn_sigma': 1.691454180783598, 'noise_gpe_sigma': 92.85353034388724, 'noise_gpi_sigma': 70.7201499224629, 'g_stn_gpe_mult': 3.618717724394769, 'g_gpe_stn_mult': 0.1593748202369015, 'g_stn_gpi_mult': 1.8004890407046723, 'g_gpe_gpi_mult': 0.9825530234521589}. Best is trial 415 with value: 0.13860170072011044.
[I 2026-05-28 03:46:04,883] Trial 474 finished with value: 0.36436942987415233 and parameters: {'ISTN': 60.10265478192443, 'I_gpe': 1.1538237318699704, 'I_gpi': 2.0581387759946015, 'noise_stn_sigma': 1.3811873725614747, 'noise_gpe_sigma': 92.13801858902173, 'noise_gpi_sigma': 69.1817460466824, 'g_stn_gpe_mult': 3.664903296459248, 'g_gpe_stn_mult': 0.1858051576975916, 'g_stn_gpi_mult': 1.7249383235761366, 'g_gpe_gpi_mult': 1.0830988810210005}. Best is trial 415 with value: 0.13860170072011044.
[I 2026-05-28 03:46:05,887] Trial 475 finished with value: 0.15091501299769006 and parameters: {'ISTN': 61.335828106798914, 'I_gpe': 1.134249587566741, 'I_gpi': 2.2778301963076792, 'noise_stn_sigma': 1.6949069481832122, 'noise_gpe_sigma': 89.28577378817396, 'noise_gpi_sigma': 77.01434765086523, 'g_stn_gpe_mult': 3.5777552441655547, 'g_gpe_stn_mult': 0.17336963520487988, 'g_stn_gpi_mult': 1.7617047502020244, 'g_gpe_gpi_mult': 1.02284311826342}. Best is trial 415 with value: 0.13860170072011044.
[I 2026-05-28 03:46:06,896] Trial 476 finished with value: 4.939147033223542 and parameters: {'ISTN': 61.60830588979229, 'I_gpe': 0.9590359015962824, 'I_gpi': 2.1396001593917515, 'noise_stn_sigma': 1.5394687885675071, 'noise_gpe_sigma': 92.92237228062551, 'noise_gpi_sigma': 76.15447636815657, 'g_stn_gpe_mult': 3.8628454349239636, 'g_gpe_stn_mult': 0.12789130862400946, 'g_stn_gpi_mult': 1.5630729416622418, 'g_gpe_gpi_mult': 0.9789845852279033}. Best is trial 415 with value: 0.13860170072011044.
[I 2026-05-28 03:46:07,903] Trial 477 finished with value: 0.3854963251729676 and parameters: {'ISTN': 63.78472027968115, 'I_gpe': 1.1873887672601662, 'I_gpi': 2.127332446933891, 'noise_stn_sigma': 1.5697488053354016, 'noise_gpe_sigma': 91.56374108628142, 'noise_gpi_sigma': 74.51295700575758, 'g_stn_gpe_mult': 3.754015764459602, 'g_gpe_stn_mult': 0.16523910084810903, 'g_stn_gpi_mult': 1.6366747240056692, 'g_gpe_gpi_mult': 1.0350089897823254}. Best is trial 415 with value: 0.13860170072011044.
[I 2026-05-28 03:46:08,908] Trial 478 finished with value: 0.18158808169788845 and parameters: {'ISTN': 63.923626198236825, 'I_gpe': 0.955791352092095, 'I_gpi': 2.062622258829337, 'noise_stn_sigma': 1.6711973547748282, 'noise_gpe_sigma': 84.55659444870443, 'noise_gpi_sigma': 67.4636082450017, 'g_stn_gpe_mult': 3.6364982424320322, 'g_gpe_stn_mult': 0.13640308985833952, 'g_stn_gpi_mult': 1.6968655597007154, 'g_gpe_gpi_mult': 0.9807887106565887}. Best is trial 415 with value: 0.13860170072011044.
[I 2026-05-28 03:46:09,913] Trial 479 finished with value: 5.0438179059563 and parameters: {'ISTN': 63.93448017328138, 'I_gpe': 1.1461627349355281, 'I_gpi': 2.3361459828733433, 'noise_stn_sigma': 1.3622709737757495, 'noise_gpe_sigma': 86.92645693327171, 'noise_gpi_sigma': 69.1832077513986, 'g_stn_gpe_mult': 3.7591840649689594, 'g_gpe_stn_mult': 0.10353715046527197, 'g_stn_gpi_mult': 2.0195912615169185, 'g_gpe_gpi_mult': 0.9546902844090934}. Best is trial 415 with value: 0.13860170072011044.
[I 2026-05-28 03:46:10,921] Trial 480 finished with value: 0.15002984841993391 and parameters: {'ISTN': 62.4425532383301, 'I_gpe': 1.0534377274473938, 'I_gpi': 2.109421695899615, 'noise_stn_sigma': 1.5725824759964833, 'noise_gpe_sigma': 87.4578577780697, 'noise_gpi_sigma': 72.97705007248422, 'g_stn_gpe_mult': 3.6681791889132067, 'g_gpe_stn_mult': 0.15012461186516066, 'g_stn_gpi_mult': 1.7177616372877003, 'g_gpe_gpi_mult': 0.9796310158406432}. Best is trial 415 with value: 0.13860170072011044.
[I 2026-05-28 03:46:11,933] Trial 481 finished with value: 4.031871861463144 and parameters: {'ISTN': 60.55217364380692, 'I_gpe': 0.9204675912489495, 'I_gpi': 2.01646936851414, 'noise_stn_sigma': 1.1019926832596185, 'noise_gpe_sigma': 91.15362116277078, 'noise_gpi_sigma': 68.1258315694252, 'g_stn_gpe_mult': 3.635856041511822, 'g_gpe_stn_mult': 0.16670138123049086, 'g_stn_gpi_mult': 1.7660768332005883, 'g_gpe_gpi_mult': 1.0301959942007597}. Best is trial 415 with value: 0.13860170072011044.
[I 2026-05-28 03:46:12,942] Trial 482 finished with value: 0.1953180152509905 and parameters: {'ISTN': 63.26459929987638, 'I_gpe': 1.0149440696688057, 'I_gpi': 2.236520055163217, 'noise_stn_sigma': 1.792024699183542, 'noise_gpe_sigma': 80.55648452356084, 'noise_gpi_sigma': 75.60538232627178, 'g_stn_gpe_mult': 3.5224058575333235, 'g_gpe_stn_mult': 0.13986575168251905, 'g_stn_gpi_mult': 1.7947152177473358, 'g_gpe_gpi_mult': 0.9810411266756964}. Best is trial 415 with value: 0.13860170072011044.
[I 2026-05-28 03:46:13,950] Trial 483 finished with value: 0.19413580207253794 and parameters: {'ISTN': 65.10107208098883, 'I_gpe': 0.9505888471880937, 'I_gpi': 2.0438335491808255, 'noise_stn_sigma': 1.0341936442025141, 'noise_gpe_sigma': 88.450166930705, 'noise_gpi_sigma': 74.21320972955476, 'g_stn_gpe_mult': 3.6285784497015334, 'g_gpe_stn_mult': 0.13962818140437389, 'g_stn_gpi_mult': 1.6664221047232441, 'g_gpe_gpi_mult': 0.9639943120224459}. Best is trial 415 with value: 0.13860170072011044.
