[I 2026-05-28 04:08:21,758] Trial 792 finished with value: 0.1312023018227837 and parameters: {'ISTN': 60.569706746444794, 'I_gpe': 1.1575100495121928, 'I_gpi': 2.058887088364517, 'noise_stn_sigma': 2.52847551821003, 'noise_gpe_sigma': 106.388554955216, 'noise_gpi_sigma': 81.97982002077254, 'g_stn_gpe_mult': 3.3290494373030555, 'g_gpe_stn_mult': 0.17038147622669222, 'g_stn_gpi_mult': 2.5337434529734093, 'g_gpe_gpi_mult': 0.30791574557509843}. Best is trial 754 with value: 0.12560915155228763.
[I 2026-05-28 04:08:22,766] Trial 793 finished with value: 0.21336976924105536 and parameters: {'ISTN': 60.40276650001389, 'I_gpe': 1.1665463624483183, 'I_gpi': 2.0468796150386472, 'noise_stn_sigma': 2.571858288964175, 'noise_gpe_sigma': 106.1173172014301, 'noise_gpi_sigma': 81.78820489061054, 'g_stn_gpe_mult': 3.2774580349226614, 'g_gpe_stn_mult': 0.17082980532912317, 'g_stn_gpi_mult': 2.561919497713425, 'g_gpe_gpi_mult': 0.3072241780146957}. Best is trial 754 with value: 0.12560915155228763.
[I 2026-05-28 04:08:23,773] Trial 794 finished with value: 0.13089481774966755 and parameters: {'ISTN': 60.45765463869774, 'I_gpe': 1.1583256442737229, 'I_gpi': 2.0167041047330354, 'noise_stn_sigma': 2.631277368949611, 'noise_gpe_sigma': 105.65071304391732, 'noise_gpi_sigma': 81.55010073943606, 'g_stn_gpe_mult': 3.340453821948423, 'g_gpe_stn_mult': 0.1728412328317847, 'g_stn_gpi_mult': 2.578083269329263, 'g_gpe_gpi_mult': 0.32828255270081796}. Best is trial 754 with value: 0.12560915155228763.
[I 2026-05-28 04:08:24,778] Trial 795 finished with value: 0.13571578927811553 and parameters: {'ISTN': 60.20911095395333, 'I_gpe': 1.2270156276442932, 'I_gpi': 2.058121041888395, 'noise_stn_sigma': 2.5897025860329395, 'noise_gpe_sigma': 105.78402110572684, 'noise_gpi_sigma': 83.032831140714, 'g_stn_gpe_mult': 3.316674094193403, 'g_gpe_stn_mult': 0.1721261381355909, 'g_stn_gpi_mult': 2.5545521019499717, 'g_gpe_gpi_mult': 0.3253978106456267}. Best is trial 754 with value: 0.12560915155228763.
[I 2026-05-28 04:08:25,785] Trial 796 finished with value: 0.12953420815670316 and parameters: {'ISTN': 60.368760651509405, 'I_gpe': 1.1818505167510174, 'I_gpi': 2.0687809525804104, 'noise_stn_sigma': 2.5966666070201736, 'noise_gpe_sigma': 104.58871558490816, 'noise_gpi_sigma': 82.8911084568267, 'g_stn_gpe_mult': 3.2971161642543807, 'g_gpe_stn_mult': 0.17191056442722957, 'g_stn_gpi_mult': 2.5483402700198217, 'g_gpe_gpi_mult': 0.31363329966384546}. Best is trial 754 with value: 0.12560915155228763.
[I 2026-05-28 04:08:26,791] Trial 797 finished with value: 0.13341794288706776 and parameters: {'ISTN': 60.74890409678387, 'I_gpe': 1.1613455287601142, 'I_gpi': 2.0022355409885626, 'noise_stn_sigma': 2.546706917221588, 'noise_gpe_sigma': 105.26542410779386, 'noise_gpi_sigma': 83.23458021826917, 'g_stn_gpe_mult': 3.3008844589048207, 'g_gpe_stn_mult': 0.1702985269676809, 'g_stn_gpi_mult': 2.544929651862197, 'g_gpe_gpi_mult': 0.31409939133454157}. Best is trial 754 with value: 0.12560915155228763.
[I 2026-05-28 04:08:27,798] Trial 798 finished with value: 0.17691540994889549 and parameters: {'ISTN': 60.3476213196087, 'I_gpe': 1.161781762142315, 'I_gpi': 2.052354977104472, 'noise_stn_sigma': 2.6256558219614714, 'noise_gpe_sigma': 104.81262629060384, 'noise_gpi_sigma': 84.00047014579971, 'g_stn_gpe_mult': 3.3200012781572594, 'g_gpe_stn_mult': 0.17121142493729757, 'g_stn_gpi_mult': 2.503289424673366, 'g_gpe_gpi_mult': 0.3230820738923331}. Best is trial 754 with value: 0.12560915155228763.
[I 2026-05-28 04:08:28,803] Trial 799 finished with value: 0.13433833750860255 and parameters: {'ISTN': 60.58353330893392, 'I_gpe': 1.2127745779989296, 'I_gpi': 2.0364776343749824, 'noise_stn_sigma': 2.6474591740538305, 'noise_gpe_sigma': 105.94837453800235, 'noise_gpi_sigma': 81.88233787980366, 'g_stn_gpe_mult': 3.2483311092550595, 'g_gpe_stn_mult': 0.16858723138597664, 'g_stn_gpi_mult': 2.580850115133915, 'g_gpe_gpi_mult': 0.31248674945869237}. Best is trial 754 with value: 0.12560915155228763.
[I 2026-05-28 04:08:29,748] Trial 800 finished with value: 1000000.0 and parameters: {'ISTN': 60.64944011921741, 'I_gpe': 1.1760955903650576, 'I_gpi': 2.037651202312487, 'noise_stn_sigma': 2.593532378325838, 'noise_gpe_sigma': 105.2477546523518, 'noise_gpi_sigma': 81.50021404528853, 'g_stn_gpe_mult': 3.2663072214089786, 'g_gpe_stn_mult': 0.16679771667918547, 'g_stn_gpi_mult': 2.5877427416024394, 'g_gpe_gpi_mult': 0.30869103305791235}. Best is trial 754 with value: 0.12560915155228763.
[I 2026-05-28 04:08:30,756] Trial 801 finished with value: 0.13328117653442653 and parameters: {'ISTN': 60.54207140382915, 'I_gpe': 1.1506572959070218, 'I_gpi': 2.048455707812378, 'noise_stn_sigma': 2.619440095173113, 'noise_gpe_sigma': 105.56400787731705, 'noise_gpi_sigma': 82.50933078419854, 'g_stn_gpe_mult': 3.3203638795107917, 'g_gpe_stn_mult': 0.1718250327173654, 'g_stn_gpi_mult': 2.5530539520280398, 'g_gpe_gpi_mult': 0.31813345177960367}. Best is trial 754 with value: 0.12560915155228763.
[I 2026-05-28 04:08:31,761] Trial 802 finished with value: 0.13096026423123702 and parameters: {'ISTN': 60.380246359187176, 'I_gpe': 1.162756827876861, 'I_gpi': 2.033880684465167, 'noise_stn_sigma': 2.6077854634740287, 'noise_gpe_sigma': 105.0406667177128, 'noise_gpi_sigma': 82.39592240545375, 'g_stn_gpe_mult': 3.321429763280327, 'g_gpe_stn_mult': 0.17236274503949428, 'g_stn_gpi_mult': 2.564036043009953, 'g_gpe_gpi_mult': 0.31398292984948395}. Best is trial 754 with value: 0.12560915155228763.
[I 2026-05-28 04:08:32,767] Trial 803 finished with value: 0.14275332628822862 and parameters: {'ISTN': 60.79553481064249, 'I_gpe': 1.1702492701376046, 'I_gpi': 2.0377801120133996, 'noise_stn_sigma': 2.5809253595173773, 'noise_gpe_sigma': 105.30441003667299, 'noise_gpi_sigma': 82.42299936019553, 'g_stn_gpe_mult': 3.3262984063819787, 'g_gpe_stn_mult': 0.17392739240197985, 'g_stn_gpi_mult': 2.5739928923983424, 'g_gpe_gpi_mult': 0.3186258479796155}. Best is trial 754 with value: 0.12560915155228763.
[I 2026-05-28 04:08:33,773] Trial 804 finished with value: 0.12820365942524425 and parameters: {'ISTN': 60.387170387267446, 'I_gpe': 1.1661431258300206, 'I_gpi': 2.051265991214593, 'noise_stn_sigma': 2.6009852886530545, 'noise_gpe_sigma': 105.36509957737405, 'noise_gpi_sigma': 82.60884806203964, 'g_stn_gpe_mult': 3.323242777559694, 'g_gpe_stn_mult': 0.17222027860201605, 'g_stn_gpi_mult': 2.573042346771916, 'g_gpe_gpi_mult': 0.32242506504271184}. Best is trial 754 with value: 0.12560915155228763.
[I 2026-05-28 04:08:34,778] Trial 805 finished with value: 0.134956829093661 and parameters: {'ISTN': 60.3309070343654, 'I_gpe': 1.197776310040076, 'I_gpi': 2.0824746607125406, 'noise_stn_sigma': 2.5896673252436306, 'noise_gpe_sigma': 105.17244146967678, 'noise_gpi_sigma': 83.20954632210831, 'g_stn_gpe_mult': 3.2647064087440736, 'g_gpe_stn_mult': 0.17114358061368845, 'g_stn_gpi_mult': 2.54238272940347, 'g_gpe_gpi_mult': 0.3082662027032394}. Best is trial 754 with value: 0.12560915155228763.
[I 2026-05-28 04:08:35,781] Trial 806 finished with value: 0.1377674011188033 and parameters: {'ISTN': 60.64701894012988, 'I_gpe': 1.1549373806870982, 'I_gpi': 2.0284900299783715, 'noise_stn_sigma': 2.6364849622482898, 'noise_gpe_sigma': 105.37274801154904, 'noise_gpi_sigma': 82.15329908656591, 'g_stn_gpe_mult': 3.3325125191074854, 'g_gpe_stn_mult': 0.17047627327673442, 'g_stn_gpi_mult': 2.5594696410515976, 'g_gpe_gpi_mult': 0.32301336761790017}. Best is trial 754 with value: 0.12560915155228763.
[I 2026-05-28 04:08:36,787] Trial 807 finished with value: 0.1384342980498838 and parameters: {'ISTN': 60.80035592633313, 'I_gpe': 1.1962289579113068, 'I_gpi': 2.044159187685975, 'noise_stn_sigma': 2.641169955755208, 'noise_gpe_sigma': 105.37497997777054, 'noise_gpi_sigma': 82.33063839840892, 'g_stn_gpe_mult': 3.31499322031621, 'g_gpe_stn_mult': 0.16984846476820487, 'g_stn_gpi_mult': 2.5697534319392537, 'g_gpe_gpi_mult': 0.3269377840992292}. Best is trial 754 with value: 0.12560915155228763.
[I 2026-05-28 04:08:37,792] Trial 808 finished with value: 0.13082388900793418 and parameters: {'ISTN': 60.74916984348888, 'I_gpe': 1.1541166189921523, 'I_gpi': 2.0140656214912847, 'noise_stn_sigma': 2.6011201166088322, 'noise_gpe_sigma': 105.46975008551348, 'noise_gpi_sigma': 82.2038124175305, 'g_stn_gpe_mult': 3.302929046402281, 'g_gpe_stn_mult': 0.1689361849476973, 'g_stn_gpi_mult': 2.5610481327374335, 'g_gpe_gpi_mult': 0.3067641513796172}. Best is trial 754 with value: 0.12560915155228763.
[I 2026-05-28 04:08:38,798] Trial 809 finished with value: 0.18432796447350736 and parameters: {'ISTN': 60.43502801575275, 'I_gpe': 1.1843802579696803, 'I_gpi': 2.0362335347906426, 'noise_stn_sigma': 2.600664182798872, 'noise_gpe_sigma': 105.59640823516332, 'noise_gpi_sigma': 82.01124530077487, 'g_stn_gpe_mult': 3.312286731067466, 'g_gpe_stn_mult': 0.16767939693726117, 'g_stn_gpi_mult': 2.561399241692456, 'g_gpe_gpi_mult': 0.31431973263400276}. Best is trial 754 with value: 0.12560915155228763.
[I 2026-05-28 04:08:39,804] Trial 810 finished with value: 0.1308794836775344 and parameters: {'ISTN': 60.66216385474504, 'I_gpe': 1.1696617049704852, 'I_gpi': 2.0465009092499296, 'noise_stn_sigma': 2.610417263796593, 'noise_gpe_sigma': 105.40450688452621, 'noise_gpi_sigma': 81.9791000397853, 'g_stn_gpe_mult': 3.3223769322622285, 'g_gpe_stn_mult': 0.17176722826733493, 'g_stn_gpi_mult': 2.5775678662178447, 'g_gpe_gpi_mult': 0.316186672701284}. Best is trial 754 with value: 0.12560915155228763.
[I 2026-05-28 04:08:40,810] Trial 811 finished with value: 0.13075641846699215 and parameters: {'ISTN': 60.503193934224136, 'I_gpe': 1.1751818922451813, 'I_gpi': 2.0425551891693186, 'noise_stn_sigma': 2.6586487502839224, 'noise_gpe_sigma': 104.69547074973481, 'noise_gpi_sigma': 82.74315647223679, 'g_stn_gpe_mult': 3.2838576453635397, 'g_gpe_stn_mult': 0.17006971461631876, 'g_stn_gpi_mult': 2.5510977770968464, 'g_gpe_gpi_mult': 0.3175620018421847}. Best is trial 754 with value: 0.12560915155228763.
[I 2026-05-28 04:08:41,814] Trial 812 finished with value: 0.12866896820590487 and parameters: {'ISTN': 60.33055929241237, 'I_gpe': 1.1607366674347561, 'I_gpi': 2.044265652577751, 'noise_stn_sigma': 2.6172596408038116, 'noise_gpe_sigma': 106.16882188373506, 'noise_gpi_sigma': 82.95764373099604, 'g_stn_gpe_mult': 3.3163154256322134, 'g_gpe_stn_mult': 0.17285631761391457, 'g_stn_gpi_mult': 2.577319799285935, 'g_gpe_gpi_mult': 0.323718734070522}. Best is trial 754 with value: 0.12560915155228763.
[I 2026-05-28 04:08:42,819] Trial 813 finished with value: 0.1346502089881498 and parameters: {'ISTN': 60.355637062086444, 'I_gpe': 1.1589665957360595, 'I_gpi': 2.062712349247293, 'noise_stn_sigma': 2.6223189808965564, 'noise_gpe_sigma': 105.25544449530969, 'noise_gpi_sigma': 81.77557075808998, 'g_stn_gpe_mult': 3.3484175829928264, 'g_gpe_stn_mult': 0.17251650227427645, 'g_stn_gpi_mult': 2.554677995170871, 'g_gpe_gpi_mult': 0.3177675017358765}. Best is trial 754 with value: 0.12560915155228763.
[I 2026-05-28 04:08:43,826] Trial 814 finished with value: 0.1316731770860459 and parameters: {'ISTN': 60.58540100320131, 'I_gpe': 1.1423196994105258, 'I_gpi': 2.0301217041405355, 'noise_stn_sigma': 2.562418375076996, 'noise_gpe_sigma': 106.269858451289, 'noise_gpi_sigma': 81.45904652475379, 'g_stn_gpe_mult': 3.30707342663894, 'g_gpe_stn_mult': 0.17025585938587498, 'g_stn_gpi_mult': 2.5918568061040808, 'g_gpe_gpi_mult': 0.3102832551479915}. Best is trial 754 with value: 0.12560915155228763.
[I 2026-05-28 04:08:44,833] Trial 815 finished with value: 0.13268823125020926 and parameters: {'ISTN': 60.57369687393412, 'I_gpe': 1.179452925632039, 'I_gpi': 2.043526978942195, 'noise_stn_sigma': 2.649953267847555, 'noise_gpe_sigma': 104.79110923593989, 'noise_gpi_sigma': 82.22690678238983, 'g_stn_gpe_mult': 3.32599670903097, 'g_gpe_stn_mult': 0.1689487081052868, 'g_stn_gpi_mult': 2.531815616863898, 'g_gpe_gpi_mult': 0.3219670414314876}. Best is trial 754 with value: 0.12560915155228763.
[I 2026-05-28 04:08:45,840] Trial 816 finished with value: 0.13124097627841694 and parameters: {'ISTN': 60.67243512960329, 'I_gpe': 1.1594886308743906, 'I_gpi': 2.0338589899164594, 'noise_stn_sigma': 2.5679295272889595, 'noise_gpe_sigma': 105.38311074984793, 'noise_gpi_sigma': 81.70923431560591, 'g_stn_gpe_mult': 3.328951209831475, 'g_gpe_stn_mult': 0.17146524415316441, 'g_stn_gpi_mult': 2.5717650092814077, 'g_gpe_gpi_mult': 0.3201175038483639}. Best is trial 754 with value: 0.12560915155228763.
[I 2026-05-28 04:08:46,847] Trial 817 finished with value: 0.13012791406435395 and parameters: {'ISTN': 60.36687329094119, 'I_gpe': 1.1549117769565027, 'I_gpi': 2.010440933993812, 'noise_stn_sigma': 2.575108167536442, 'noise_gpe_sigma': 106.62937344874744, 'noise_gpi_sigma': 81.84512943375049, 'g_stn_gpe_mult': 3.3240568147882783, 'g_gpe_stn_mult': 0.17448912326150837, 'g_stn_gpi_mult': 2.609975386544929, 'g_gpe_gpi_mult': 0.31512448454855446}. Best is trial 754 with value: 0.12560915155228763.
[I 2026-05-28 04:08:47,849] Trial 818 finished with value: 0.1307895816426236 and parameters: {'ISTN': 60.37284823937074, 'I_gpe': 1.153486193893845, 'I_gpi': 2.0303981351286002, 'noise_stn_sigma': 2.6335838686281092, 'noise_gpe_sigma': 105.5974388731937, 'noise_gpi_sigma': 81.87583999297163, 'g_stn_gpe_mult': 3.332207418145484, 'g_gpe_stn_mult': 0.17364049503684598, 'g_stn_gpi_mult': 2.5703954592960683, 'g_gpe_gpi_mult': 0.32012591887068237}. Best is trial 754 with value: 0.12560915155228763.
[I 2026-05-28 04:08:48,856] Trial 819 finished with value: 0.13604984753914787 and parameters: {'ISTN': 60.303922741599784, 'I_gpe': 1.2007593804676038, 'I_gpi': 2.0499294718609957, 'noise_stn_sigma': 2.6070178950342475, 'noise_gpe_sigma': 105.26462168870174, 'noise_gpi_sigma': 82.91130845894642, 'g_stn_gpe_mult': 3.30890523331866, 'g_gpe_stn_mult': 0.17287116801926522, 'g_stn_gpi_mult': 2.577528120202089, 'g_gpe_gpi_mult': 0.3246827425251807}. Best is trial 754 with value: 0.12560915155228763.
[I 2026-05-28 04:08:49,860] Trial 820 finished with value: 0.13468864659704569 and parameters: {'ISTN': 60.5353620078347, 'I_gpe': 1.147535492103083, 'I_gpi': 2.017903782191792, 'noise_stn_sigma': 2.6900947672228788, 'noise_gpe_sigma': 104.88460808072797, 'noise_gpi_sigma': 81.82626905442699, 'g_stn_gpe_mult': 3.32286487356613, 'g_gpe_stn_mult': 0.17205655528160627, 'g_stn_gpi_mult': 2.5773936674073297, 'g_gpe_gpi_mult': 0.324962386756922}. Best is trial 754 with value: 0.12560915155228763.
[I 2026-05-28 04:08:50,870] Trial 821 finished with value: 0.13056171152124488 and parameters: {'ISTN': 60.284145955993544, 'I_gpe': 1.171961603994926, 'I_gpi': 2.046024770228404, 'noise_stn_sigma': 2.6296882633030148, 'noise_gpe_sigma': 106.16992239012674, 'noise_gpi_sigma': 81.56610521042347, 'g_stn_gpe_mult': 3.3178727789692073, 'g_gpe_stn_mult': 0.17393235039348504, 'g_stn_gpi_mult': 2.6086425988375956, 'g_gpe_gpi_mult': 0.3166878260900057}. Best is trial 754 with value: 0.12560915155228763.
[I 2026-05-28 04:08:51,875] Trial 822 finished with value: 0.13380761318415507 and parameters: {'ISTN': 60.543399420405024, 'I_gpe': 1.1658885284309708, 'I_gpi': 2.0636975419052606, 'noise_stn_sigma': 2.611762736563535, 'noise_gpe_sigma': 105.73384458991977, 'noise_gpi_sigma': 83.17210806593286, 'g_stn_gpe_mult': 3.2961273968201783, 'g_gpe_stn_mult': 0.16990373779905188, 'g_stn_gpi_mult': 2.5752079255070113, 'g_gpe_gpi_mult': 0.31993002047130803}. Best is trial 754 with value: 0.12560915155228763.
[I 2026-05-28 04:08:52,884] Trial 823 finished with value: 0.13082129152706454 and parameters: {'ISTN': 60.48740054910109, 'I_gpe': 1.1513327383554326, 'I_gpi': 2.0344873189520496, 'noise_stn_sigma': 2.6140469449928867, 'noise_gpe_sigma': 105.66812709658008, 'noise_gpi_sigma': 82.78000728466941, 'g_stn_gpe_mult': 3.292161268088413, 'g_gpe_stn_mult': 0.1707295321998603, 'g_stn_gpi_mult': 2.5681515853500483, 'g_gpe_gpi_mult': 0.3191648561237343}. Best is trial 754 with value: 0.12560915155228763.
[I 2026-05-28 04:08:53,889] Trial 824 finished with value: 0.13172676571213807 and parameters: {'ISTN': 60.50665181050333, 'I_gpe': 1.1805705391162813, 'I_gpi': 2.0598773033362274, 'noise_stn_sigma': 2.5905770119913147, 'noise_gpe_sigma': 106.15834957089992, 'noise_gpi_sigma': 83.03379545404266, 'g_stn_gpe_mult': 3.2891040616700593, 'g_gpe_stn_mult': 0.1702504451286898, 'g_stn_gpi_mult': 2.605317575498547, 'g_gpe_gpi_mult': 0.3110277736172692}. Best is trial 754 with value: 0.12560915155228763.
[I 2026-05-28 04:08:54,893] Trial 825 finished with value: 0.13213227003048578 and parameters: {'ISTN': 60.32565304789442, 'I_gpe': 1.1365955539029118, 'I_gpi': 2.0307067142262794, 'noise_stn_sigma': 2.6304807706459936, 'noise_gpe_sigma': 105.58168003899408, 'noise_gpi_sigma': 81.31165065904241, 'g_stn_gpe_mult': 3.3611135335465523, 'g_gpe_stn_mult': 0.1742359594658191, 'g_stn_gpi_mult': 2.5793894037576823, 'g_gpe_gpi_mult': 0.32807686061099617}. Best is trial 754 with value: 0.12560915155228763.
[I 2026-05-28 04:08:55,900] Trial 826 finished with value: 0.1311508902170275 and parameters: {'ISTN': 60.42234832938099, 'I_gpe': 1.159608137121432, 'I_gpi': 2.0476636125752865, 'noise_stn_sigma': 2.659523616699211, 'noise_gpe_sigma': 105.21843550647496, 'noise_gpi_sigma': 82.78313697353768, 'g_stn_gpe_mult': 3.3443607107515003, 'g_gpe_stn_mult': 0.17269772015304527, 'g_stn_gpi_mult': 2.5721162406139837, 'g_gpe_gpi_mult': 0.32230926221144834}. Best is trial 754 with value: 0.12560915155228763.
[I 2026-05-28 04:08:56,907] Trial 827 finished with value: 0.12988062279795354 and parameters: {'ISTN': 60.14064274163502, 'I_gpe': 1.1761600198572628, 'I_gpi': 2.0188231972175723, 'noise_stn_sigma': 2.649948089690622, 'noise_gpe_sigma': 104.54204167982374, 'noise_gpi_sigma': 81.68353778408098, 'g_stn_gpe_mult': 3.287737178077388, 'g_gpe_stn_mult': 0.17556105914643116, 'g_stn_gpi_mult': 2.595596684287666, 'g_gpe_gpi_mult': 0.319671605557045}. Best is trial 754 with value: 0.12560915155228763.
[I 2026-05-28 04:08:57,913] Trial 828 finished with value: 0.1292379691036183 and parameters: {'ISTN': 60.30208927671689, 'I_gpe': 1.1462195524185095, 'I_gpi': 2.0228120549800455, 'noise_stn_sigma': 2.58080940700009, 'noise_gpe_sigma': 106.12708974836565, 'noise_gpi_sigma': 82.97010307548179, 'g_stn_gpe_mult': 3.326098490849122, 'g_gpe_stn_mult': 0.17290275980888847, 'g_stn_gpi_mult': 2.57747822118357, 'g_gpe_gpi_mult': 0.31624787055399795}. Best is trial 754 with value: 0.12560915155228763.
[I 2026-05-28 04:08:58,916] Trial 829 finished with value: 0.12757773737176092 and parameters: {'ISTN': 60.21953019212857, 'I_gpe': 1.1721635663240624, 'I_gpi': 2.025718805760608, 'noise_stn_sigma': 2.674823540883551, 'noise_gpe_sigma': 105.76273367735381, 'noise_gpi_sigma': 82.67176537569375, 'g_stn_gpe_mult': 3.293370648352203, 'g_gpe_stn_mult': 0.17352869861412273, 'g_stn_gpi_mult': 2.5711494283262546, 'g_gpe_gpi_mult': 0.3156035083615789}. Best is trial 754 with value: 0.12560915155228763.
[I 2026-05-28 04:08:59,922] Trial 830 finished with value: 0.13512279420577075 and parameters: {'ISTN': 60.33790794582223, 'I_gpe': 1.1814300522106342, 'I_gpi': 2.0528546753739363, 'noise_stn_sigma': 2.6356257808440047, 'noise_gpe_sigma': 105.8447448293614, 'noise_gpi_sigma': 83.24623902692318, 'g_stn_gpe_mult': 3.3487988332253003, 'g_gpe_stn_mult': 0.1746569494429611, 'g_stn_gpi_mult': 2.53843398463465, 'g_gpe_gpi_mult': 0.32123770182481}. Best is trial 754 with value: 0.12560915155228763.
[I 2026-05-28 04:09:00,930] Trial 831 finished with value: 0.1325236600102921 and parameters: {'ISTN': 60.3586039108677, 'I_gpe': 1.1512782945094713, 'I_gpi': 2.031418669725068, 'noise_stn_sigma': 2.6568533822575704, 'noise_gpe_sigma': 105.49369237123277, 'noise_gpi_sigma': 82.6112037333886, 'g_stn_gpe_mult': 3.2911551469319784, 'g_gpe_stn_mult': 0.17313797821941515, 'g_stn_gpi_mult': 2.5855593939510406, 'g_gpe_gpi_mult': 0.31751966416022537}. Best is trial 754 with value: 0.12560915155228763.
[I 2026-05-28 04:09:01,937] Trial 832 finished with value: 0.13087299650389522 and parameters: {'ISTN': 60.395731235004575, 'I_gpe': 1.17173479027954, 'I_gpi': 2.0328095187874986, 'noise_stn_sigma': 2.6354439268296974, 'noise_gpe_sigma': 105.61261236729298, 'noise_gpi_sigma': 82.58653233810989, 'g_stn_gpe_mult': 3.3228689885336573, 'g_gpe_stn_mult': 0.17225085988558259, 'g_stn_gpi_mult': 2.5625380624521927, 'g_gpe_gpi_mult': 0.3257567588802357}. Best is trial 754 with value: 0.12560915155228763.
[I 2026-05-28 04:09:02,940] Trial 833 finished with value: 0.13052458566168673 and parameters: {'ISTN': 60.33442887130154, 'I_gpe': 1.1586849033941755, 'I_gpi': 2.047318554817204, 'noise_stn_sigma': 2.6974010675964415, 'noise_gpe_sigma': 104.83346295963247, 'noise_gpi_sigma': 82.27776610067494, 'g_stn_gpe_mult': 3.3422513221002195, 'g_gpe_stn_mult': 0.17295963739288012, 'g_stn_gpi_mult': 2.5644020411578268, 'g_gpe_gpi_mult': 0.32817366665154835}. Best is trial 754 with value: 0.12560915155228763.
[I 2026-05-28 04:09:03,947] Trial 834 finished with value: 0.13146060673925444 and parameters: {'ISTN': 60.21341246317229, 'I_gpe': 1.1897473513915637, 'I_gpi': 2.035466170786009, 'noise_stn_sigma': 2.5751246056630976, 'noise_gpe_sigma': 106.19978566284794, 'noise_gpi_sigma': 83.34819860778856, 'g_stn_gpe_mult': 3.299034590408394, 'g_gpe_stn_mult': 0.17364028096105677, 'g_stn_gpi_mult': 2.585929746031831, 'g_gpe_gpi_mult': 0.30567975853876345}. Best is trial 754 with value: 0.12560915155228763.
[I 2026-05-28 04:09:04,952] Trial 835 finished with value: 0.13145932425197152 and parameters: {'ISTN': 60.71541679394239, 'I_gpe': 1.1590215593351354, 'I_gpi': 2.030271239993466, 'noise_stn_sigma': 2.653511018348948, 'noise_gpe_sigma': 105.82006152241696, 'noise_gpi_sigma': 82.35018638760675, 'g_stn_gpe_mult': 3.2916194729751487, 'g_gpe_stn_mult': 0.16946256488879619, 'g_stn_gpi_mult': 2.5871429377643596, 'g_gpe_gpi_mult': 0.3039415247267398}. Best is trial 754 with value: 0.12560915155228763.
