[I 2026-05-28 03:08:33,209] Trial 264 finished with value: 1.4839473823416576 and parameters: {'ISTN': 61.48452398365099, 'I_gpe': 1.9450364450655506, 'I_gpi': 1.7670969130615766, 'noise_stn_sigma': 1.0447454940377867, 'noise_gpe_sigma': 81.31366484560914, 'noise_gpi_sigma': 119.10602834108217, 'g_stn_gpe_mult': 3.29299049553711, 'g_gpe_stn_mult': 0.15298819911312836, 'g_stn_gpi_mult': 3.6267022842717895, 'g_gpe_gpi_mult': 0.9022341395908591}. Best is trial 245 with value: 0.22852441168901955.
[I 2026-05-28 03:08:34,220] Trial 265 finished with value: 9.174163497829962 and parameters: {'ISTN': 67.2500190387585, 'I_gpe': 0.7765201958162712, 'I_gpi': 1.675009200673224, 'noise_stn_sigma': 2.4108339518445594, 'noise_gpe_sigma': 73.46999310428714, 'noise_gpi_sigma': 111.24297346127912, 'g_stn_gpe_mult': 3.3166014179166154, 'g_gpe_stn_mult': 0.2515330201992546, 'g_stn_gpi_mult': 3.1101787162043846, 'g_gpe_gpi_mult': 0.9671832075470259}. Best is trial 245 with value: 0.22852441168901955.
[I 2026-05-28 03:08:35,233] Trial 266 finished with value: 0.3551274264265757 and parameters: {'ISTN': 60.14501839947554, 'I_gpe': 0.819438266335648, 'I_gpi': 1.436296517837417, 'noise_stn_sigma': 3.0375181175886565, 'noise_gpe_sigma': 73.5551433641626, 'noise_gpi_sigma': 115.07013152667773, 'g_stn_gpe_mult': 2.8294219637502955, 'g_gpe_stn_mult': 0.16846179534498645, 'g_stn_gpi_mult': 3.2803023794453425, 'g_gpe_gpi_mult': 0.8153607012528019}. Best is trial 245 with value: 0.22852441168901955.
[I 2026-05-28 03:08:36,245] Trial 267 finished with value: 14.927641150675589 and parameters: {'ISTN': 71.20548271746509, 'I_gpe': 1.6725552622043096, 'I_gpi': 1.6424425371618083, 'noise_stn_sigma': 1.921566649097839, 'noise_gpe_sigma': 92.08908755328015, 'noise_gpi_sigma': 101.20997153012027, 'g_stn_gpe_mult': 2.9665933044184927, 'g_gpe_stn_mult': 0.24647570926958387, 'g_stn_gpi_mult': 3.4655876401838306, 'g_gpe_gpi_mult': 0.8740636141836244}. Best is trial 245 with value: 0.22852441168901955.
[I 2026-05-28 03:08:37,257] Trial 268 finished with value: 12.658387020867716 and parameters: {'ISTN': 69.51462078586314, 'I_gpe': 0.8676002719875858, 'I_gpi': 1.5531071241477128, 'noise_stn_sigma': 2.285046392048867, 'noise_gpe_sigma': 90.3739080635732, 'noise_gpi_sigma': 130.6870725589051, 'g_stn_gpe_mult': 2.906303238710734, 'g_gpe_stn_mult': 0.24925826795635553, 'g_stn_gpi_mult': 3.2289476734094436, 'g_gpe_gpi_mult': 1.0526561081348347}. Best is trial 245 with value: 0.22852441168901955.
[I 2026-05-28 03:08:38,267] Trial 269 finished with value: 0.2928757116562426 and parameters: {'ISTN': 61.78182419953155, 'I_gpe': 1.79901034068509, 'I_gpi': 1.9297506271127163, 'noise_stn_sigma': 1.7320208747127637, 'noise_gpe_sigma': 88.92470843924374, 'noise_gpi_sigma': 116.62067148711043, 'g_stn_gpe_mult': 3.254516492928623, 'g_gpe_stn_mult': 0.1969655443198296, 'g_stn_gpi_mult': 3.176385506948012, 'g_gpe_gpi_mult': 1.140024198786403}. Best is trial 245 with value: 0.22852441168901955.
[I 2026-05-28 03:08:39,280] Trial 270 finished with value: 3.1154603394733105 and parameters: {'ISTN': 60.984037175562484, 'I_gpe': 1.2391016852695778, 'I_gpi': 1.6566455360068528, 'noise_stn_sigma': 1.4786185777110827, 'noise_gpe_sigma': 88.22611834717806, 'noise_gpi_sigma': 112.29046182894744, 'g_stn_gpe_mult': 2.847241931993649, 'g_gpe_stn_mult': 0.14565048260858404, 'g_stn_gpi_mult': 2.634190682126763, 'g_gpe_gpi_mult': 0.9370683774027757}. Best is trial 245 with value: 0.22852441168901955.
[I 2026-05-28 03:08:40,291] Trial 271 finished with value: 0.2477349686936842 and parameters: {'ISTN': 61.48220609205435, 'I_gpe': 0.7228594870251643, 'I_gpi': 1.9383266296298594, 'noise_stn_sigma': 2.425722569186235, 'noise_gpe_sigma': 84.28731976796509, 'noise_gpi_sigma': 107.03883544805771, 'g_stn_gpe_mult': 3.0383031240485283, 'g_gpe_stn_mult': 0.21290290291561403, 'g_stn_gpi_mult': 3.125390692548745, 'g_gpe_gpi_mult': 1.1092962115306222}. Best is trial 245 with value: 0.22852441168901955.
[I 2026-05-28 03:08:41,301] Trial 272 finished with value: 1.8782346208792258 and parameters: {'ISTN': 64.68188846292625, 'I_gpe': 1.0713546550828834, 'I_gpi': 2.342556943099847, 'noise_stn_sigma': 2.014570146511889, 'noise_gpe_sigma': 92.62697035846502, 'noise_gpi_sigma': 115.90409343682897, 'g_stn_gpe_mult': 3.242195155471096, 'g_gpe_stn_mult': 0.2902376485696821, 'g_stn_gpi_mult': 2.944638949518855, 'g_gpe_gpi_mult': 1.041410817417476}. Best is trial 245 with value: 0.22852441168901955.
[I 2026-05-28 03:08:42,311] Trial 273 finished with value: 5.421752947575496 and parameters: {'ISTN': 64.88974672614522, 'I_gpe': 1.360292944478871, 'I_gpi': 1.9719273534345898, 'noise_stn_sigma': 3.016011288706105, 'noise_gpe_sigma': 77.62173623147027, 'noise_gpi_sigma': 117.705029588738, 'g_stn_gpe_mult': 3.393065900558077, 'g_gpe_stn_mult': 0.2169313089798005, 'g_stn_gpi_mult': 2.9241446920493255, 'g_gpe_gpi_mult': 1.0108733809326098}. Best is trial 245 with value: 0.22852441168901955.
[I 2026-05-28 03:08:43,321] Trial 274 finished with value: 8.428029339812628 and parameters: {'ISTN': 62.50177740447575, 'I_gpe': 1.1001019575399609, 'I_gpi': 1.999499096351658, 'noise_stn_sigma': 3.8863561315629442, 'noise_gpe_sigma': 76.97237266068936, 'noise_gpi_sigma': 111.47527614480566, 'g_stn_gpe_mult': 3.486143628516115, 'g_gpe_stn_mult': 0.2726776150249244, 'g_stn_gpi_mult': 3.030730004482789, 'g_gpe_gpi_mult': 0.9144598136229767}. Best is trial 245 with value: 0.22852441168901955.
[I 2026-05-28 03:08:44,332] Trial 275 finished with value: 8.602475112108127 and parameters: {'ISTN': 70.82330427400616, 'I_gpe': 0.5876641497872513, 'I_gpi': 1.1390278181119524, 'noise_stn_sigma': 2.4240153203039516, 'noise_gpe_sigma': 94.82111049321426, 'noise_gpi_sigma': 111.01682610106326, 'g_stn_gpe_mult': 2.9581305252553314, 'g_gpe_stn_mult': 0.21619299080507115, 'g_stn_gpi_mult': 3.4041608321706005, 'g_gpe_gpi_mult': 0.8696033868036503}. Best is trial 245 with value: 0.22852441168901955.
[I 2026-05-28 03:08:45,344] Trial 276 finished with value: 0.25103191557643445 and parameters: {'ISTN': 64.87086635913055, 'I_gpe': 1.2055220485879437, 'I_gpi': 2.2556503315419674, 'noise_stn_sigma': 2.536495110656214, 'noise_gpe_sigma': 71.70142085268196, 'noise_gpi_sigma': 113.43748819324973, 'g_stn_gpe_mult': 3.4101740916734657, 'g_gpe_stn_mult': 0.16337792942582346, 'g_stn_gpi_mult': 3.3589630622270725, 'g_gpe_gpi_mult': 1.0540562986526338}. Best is trial 245 with value: 0.22852441168901955.
[I 2026-05-28 03:08:46,352] Trial 277 finished with value: 0.247495380738793 and parameters: {'ISTN': 63.24802646901623, 'I_gpe': 0.9158598804838696, 'I_gpi': 1.6380459038792905, 'noise_stn_sigma': 2.2034923571485594, 'noise_gpe_sigma': 85.64582476532584, 'noise_gpi_sigma': 110.41741217803083, 'g_stn_gpe_mult': 3.2327520651000823, 'g_gpe_stn_mult': 0.15561161080309602, 'g_stn_gpi_mult': 3.014030375369386, 'g_gpe_gpi_mult': 1.0524456597058565}. Best is trial 245 with value: 0.22852441168901955.
[I 2026-05-28 03:08:47,365] Trial 278 finished with value: 0.325321936759894 and parameters: {'ISTN': 61.037983700962705, 'I_gpe': 1.8385129246759002, 'I_gpi': 1.6492792636730078, 'noise_stn_sigma': 2.2494018554404285, 'noise_gpe_sigma': 84.45214977844344, 'noise_gpi_sigma': 104.79067665425087, 'g_stn_gpe_mult': 2.854904337049721, 'g_gpe_stn_mult': 0.16496727055474364, 'g_stn_gpi_mult': 3.474210845565525, 'g_gpe_gpi_mult': 1.0718713971209717}. Best is trial 245 with value: 0.22852441168901955.
[I 2026-05-28 03:08:48,378] Trial 279 finished with value: 14.094844583027614 and parameters: {'ISTN': 71.22328495133019, 'I_gpe': 0.925017850721035, 'I_gpi': 1.8944660326477298, 'noise_stn_sigma': 2.61251661808443, 'noise_gpe_sigma': 75.94441506401634, 'noise_gpi_sigma': 121.7009980323073, 'g_stn_gpe_mult': 2.485729484034969, 'g_gpe_stn_mult': 0.253234413709546, 'g_stn_gpi_mult': 3.375260951765422, 'g_gpe_gpi_mult': 0.9493312818788846}. Best is trial 245 with value: 0.22852441168901955.
[I 2026-05-28 03:08:49,389] Trial 280 finished with value: 0.21388272374701048 and parameters: {'ISTN': 62.773062788202196, 'I_gpe': 0.9138651055955965, 'I_gpi': 1.8699558975206272, 'noise_stn_sigma': 2.404259859428056, 'noise_gpe_sigma': 85.77159386686667, 'noise_gpi_sigma': 108.846953908441, 'g_stn_gpe_mult': 2.660414991131432, 'g_gpe_stn_mult': 0.20126994112968977, 'g_stn_gpi_mult': 3.437394256678645, 'g_gpe_gpi_mult': 0.973084899222654}. Best is trial 280 with value: 0.21388272374701048.
[I 2026-05-28 03:08:50,399] Trial 281 finished with value: 0.17610561851875464 and parameters: {'ISTN': 62.40799948955669, 'I_gpe': 1.2225004896290141, 'I_gpi': 2.091614048741146, 'noise_stn_sigma': 1.9941970611207798, 'noise_gpe_sigma': 85.94137767219816, 'noise_gpi_sigma': 114.91301555592312, 'g_stn_gpe_mult': 2.7097594784044765, 'g_gpe_stn_mult': 0.15565962392374066, 'g_stn_gpi_mult': 3.122073695944965, 'g_gpe_gpi_mult': 1.0248672654039779}. Best is trial 281 with value: 0.17610561851875464.
[I 2026-05-28 03:08:51,408] Trial 282 finished with value: 2.545285202880229 and parameters: {'ISTN': 62.48468421855301, 'I_gpe': 0.6188071875739811, 'I_gpi': 1.32456154284767, 'noise_stn_sigma': 3.325712000406771, 'noise_gpe_sigma': 90.24479742243747, 'noise_gpi_sigma': 99.55310215770271, 'g_stn_gpe_mult': 2.687028318328215, 'g_gpe_stn_mult': 0.24746755474676746, 'g_stn_gpi_mult': 3.441559198587761, 'g_gpe_gpi_mult': 0.852034433523686}. Best is trial 281 with value: 0.17610561851875464.
[I 2026-05-28 03:08:52,419] Trial 283 finished with value: 0.23062299854063023 and parameters: {'ISTN': 62.996138876504716, 'I_gpe': 1.2350374500536052, 'I_gpi': 2.2239026280795686, 'noise_stn_sigma': 2.4383443884882268, 'noise_gpe_sigma': 71.43559711432165, 'noise_gpi_sigma': 107.26353184407719, 'g_stn_gpe_mult': 3.5520596580191874, 'g_gpe_stn_mult': 0.1954362816271682, 'g_stn_gpi_mult': 3.024652324512189, 'g_gpe_gpi_mult': 0.8448834235272205}. Best is trial 281 with value: 0.17610561851875464.
[I 2026-05-28 03:08:53,429] Trial 284 finished with value: 3.785332696332667 and parameters: {'ISTN': 66.25502605212469, 'I_gpe': 0.8268039938096032, 'I_gpi': 2.004946499100373, 'noise_stn_sigma': 3.4028364582797503, 'noise_gpe_sigma': 84.17337870167668, 'noise_gpi_sigma': 106.93456430535791, 'g_stn_gpe_mult': 3.0466524053554913, 'g_gpe_stn_mult': 0.17856273663162353, 'g_stn_gpi_mult': 3.0814479243865, 'g_gpe_gpi_mult': 1.1156361191995114}. Best is trial 281 with value: 0.17610561851875464.
[I 2026-05-28 03:08:54,439] Trial 285 finished with value: 0.41289156665713783 and parameters: {'ISTN': 66.12859485095449, 'I_gpe': 1.5871977873251526, 'I_gpi': 1.9874973972693852, 'noise_stn_sigma': 1.718205027241305, 'noise_gpe_sigma': 80.14495517973484, 'noise_gpi_sigma': 109.47571723905392, 'g_stn_gpe_mult': 2.4460597323283766, 'g_gpe_stn_mult': 0.1802119437288964, 'g_stn_gpi_mult': 3.172843670883861, 'g_gpe_gpi_mult': 0.7859085815334881}. Best is trial 281 with value: 0.17610561851875464.
[I 2026-05-28 03:08:55,451] Trial 286 finished with value: 0.39008873857395776 and parameters: {'ISTN': 67.12183969947434, 'I_gpe': 0.8801261303599102, 'I_gpi': 1.3278247820494848, 'noise_stn_sigma': 2.8160467509150076, 'noise_gpe_sigma': 82.57632736967906, 'noise_gpi_sigma': 115.11333217311977, 'g_stn_gpe_mult': 3.0083672173920246, 'g_gpe_stn_mult': 0.13436656461702423, 'g_stn_gpi_mult': 3.2096626521732734, 'g_gpe_gpi_mult': 0.8723225994602644}. Best is trial 281 with value: 0.17610561851875464.
[I 2026-05-28 03:08:56,462] Trial 287 finished with value: 1.6741903079880838 and parameters: {'ISTN': 64.80313389112875, 'I_gpe': 0.7542365771595818, 'I_gpi': 1.4133192786755606, 'noise_stn_sigma': 2.79647964736427, 'noise_gpe_sigma': 76.03132166687371, 'noise_gpi_sigma': 117.85069921538303, 'g_stn_gpe_mult': 3.344480971734708, 'g_gpe_stn_mult': 0.2237100724784189, 'g_stn_gpi_mult': 3.3128900588353436, 'g_gpe_gpi_mult': 0.9553465824906611}. Best is trial 281 with value: 0.17610561851875464.
[I 2026-05-28 03:08:57,476] Trial 288 finished with value: 3.456555705896893 and parameters: {'ISTN': 60.498067695211155, 'I_gpe': 0.978790954370708, 'I_gpi': 1.9205128086179992, 'noise_stn_sigma': 1.5000773374997316, 'noise_gpe_sigma': 80.88367633728575, 'noise_gpi_sigma': 114.76032613888287, 'g_stn_gpe_mult': 2.571084098167357, 'g_gpe_stn_mult': 0.13952936369241065, 'g_stn_gpi_mult': 2.8122298298328703, 'g_gpe_gpi_mult': 1.1217485009767543}. Best is trial 281 with value: 0.17610561851875464.
[I 2026-05-28 03:08:58,487] Trial 289 finished with value: 4.779991039875685 and parameters: {'ISTN': 61.91185256039485, 'I_gpe': 0.8821618179046625, 'I_gpi': 1.8181924270592789, 'noise_stn_sigma': 1.1005111181066707, 'noise_gpe_sigma': 91.39289280150706, 'noise_gpi_sigma': 108.95420420687324, 'g_stn_gpe_mult': 3.5137000495506463, 'g_gpe_stn_mult': 0.14053691410633273, 'g_stn_gpi_mult': 3.623321413874358, 'g_gpe_gpi_mult': 1.0793938076008662}. Best is trial 281 with value: 0.17610561851875464.
[I 2026-05-28 03:08:59,438] Trial 290 finished with value: 1000000.0 and parameters: {'ISTN': 65.2430542520378, 'I_gpe': 0.9133746267716857, 'I_gpi': 1.4749990161107276, 'noise_stn_sigma': 3.1008804906534957, 'noise_gpe_sigma': 63.60505260307257, 'noise_gpi_sigma': 109.6714642399404, 'g_stn_gpe_mult': 3.114410975936959, 'g_gpe_stn_mult': 0.24825010201620842, 'g_stn_gpi_mult': 3.320428946654936, 'g_gpe_gpi_mult': 0.9770695386886059}. Best is trial 281 with value: 0.17610561851875464.
[I 2026-05-28 03:09:00,450] Trial 291 finished with value: 0.19668546327979242 and parameters: {'ISTN': 63.81093086290464, 'I_gpe': 1.2219525100644182, 'I_gpi': 2.0460057693912557, 'noise_stn_sigma': 1.7843472972269552, 'noise_gpe_sigma': 75.06423308176343, 'noise_gpi_sigma': 115.4792134413508, 'g_stn_gpe_mult': 3.163740723747532, 'g_gpe_stn_mult': 0.13717881416044675, 'g_stn_gpi_mult': 3.2454518396567416, 'g_gpe_gpi_mult': 0.9820211363134792}. Best is trial 281 with value: 0.17610561851875464.
[I 2026-05-28 03:09:01,462] Trial 292 finished with value: 0.3101919867888888 and parameters: {'ISTN': 63.663629582560105, 'I_gpe': 0.7488416742292914, 'I_gpi': 1.6158745297623585, 'noise_stn_sigma': 2.4220152186706754, 'noise_gpe_sigma': 79.73069981559685, 'noise_gpi_sigma': 108.81945349947664, 'g_stn_gpe_mult': 3.3364094638257917, 'g_gpe_stn_mult': 0.21466838672185756, 'g_stn_gpi_mult': 3.363799500019178, 'g_gpe_gpi_mult': 0.9621432416118574}. Best is trial 281 with value: 0.17610561851875464.
[I 2026-05-28 03:09:02,471] Trial 293 finished with value: 0.25033750899308066 and parameters: {'ISTN': 66.22445242299297, 'I_gpe': 1.0349520967195662, 'I_gpi': 2.3022292584414155, 'noise_stn_sigma': 2.907034568299215, 'noise_gpe_sigma': 87.32300064218511, 'noise_gpi_sigma': 116.80397318772678, 'g_stn_gpe_mult': 3.246074608178402, 'g_gpe_stn_mult': 0.12771670911860866, 'g_stn_gpi_mult': 3.059547737436288, 'g_gpe_gpi_mult': 1.119210283189067}. Best is trial 281 with value: 0.17610561851875464.
[I 2026-05-28 03:09:03,422] Trial 294 finished with value: 1000000.0 and parameters: {'ISTN': 62.39176839791306, 'I_gpe': 1.097743797160669, 'I_gpi': 2.3485557386752984, 'noise_stn_sigma': 2.1602040415385004, 'noise_gpe_sigma': 97.72031732572123, 'noise_gpi_sigma': 118.97526855785883, 'g_stn_gpe_mult': 2.8523760682534176, 'g_gpe_stn_mult': 0.17709502165244875, 'g_stn_gpi_mult': 3.135821902981229, 'g_gpe_gpi_mult': 0.9895073203984721}. Best is trial 281 with value: 0.17610561851875464.
[I 2026-05-28 03:09:04,434] Trial 295 finished with value: 0.3804135048962337 and parameters: {'ISTN': 64.51886415170172, 'I_gpe': 0.5329735853375704, 'I_gpi': 1.527242261071502, 'noise_stn_sigma': 2.8469855215466957, 'noise_gpe_sigma': 82.96083307507513, 'noise_gpi_sigma': 102.90292234428506, 'g_stn_gpe_mult': 3.9118513897910256, 'g_gpe_stn_mult': 0.11388569842197535, 'g_stn_gpi_mult': 2.9531527237168826, 'g_gpe_gpi_mult': 0.9403269559383258}. Best is trial 281 with value: 0.17610561851875464.
[I 2026-05-28 03:09:05,445] Trial 296 finished with value: 0.27308312266802726 and parameters: {'ISTN': 67.8942547234079, 'I_gpe': 0.7381667372636085, 'I_gpi': 2.0019214059815162, 'noise_stn_sigma': 2.057876886686387, 'noise_gpe_sigma': 92.1552246662655, 'noise_gpi_sigma': 118.29351905107629, 'g_stn_gpe_mult': 2.8679021469999206, 'g_gpe_stn_mult': 0.1133579884108637, 'g_stn_gpi_mult': 3.33203823239194, 'g_gpe_gpi_mult': 0.9519195859831577}. Best is trial 281 with value: 0.17610561851875464.
[I 2026-05-28 03:09:06,456] Trial 297 finished with value: 0.3109889475401596 and parameters: {'ISTN': 66.06886148288326, 'I_gpe': 1.257810383187019, 'I_gpi': 2.2456366230485996, 'noise_stn_sigma': 1.4625076968726938, 'noise_gpe_sigma': 81.98000732689212, 'noise_gpi_sigma': 113.6443420056439, 'g_stn_gpe_mult': 3.2030088814462783, 'g_gpe_stn_mult': 0.17841757499213431, 'g_stn_gpi_mult': 2.964466639611282, 'g_gpe_gpi_mult': 0.9930465767906924}. Best is trial 281 with value: 0.17610561851875464.
[I 2026-05-28 03:09:07,467] Trial 298 finished with value: 0.7806628807870477 and parameters: {'ISTN': 62.79583924175792, 'I_gpe': 1.8740115533501205, 'I_gpi': 2.203578588670778, 'noise_stn_sigma': 2.2269788883543633, 'noise_gpe_sigma': 82.55762322646278, 'noise_gpi_sigma': 115.12952104026166, 'g_stn_gpe_mult': 3.3416900541881653, 'g_gpe_stn_mult': 0.20894267405893702, 'g_stn_gpi_mult': 3.2481261053784234, 'g_gpe_gpi_mult': 0.9974034999344572}. Best is trial 281 with value: 0.17610561851875464.
[I 2026-05-28 03:09:08,477] Trial 299 finished with value: 0.27374529842684475 and parameters: {'ISTN': 63.19234965404389, 'I_gpe': 1.0336646361546067, 'I_gpi': 1.5621989179083982, 'noise_stn_sigma': 2.2603917285720954, 'noise_gpe_sigma': 68.88387641570628, 'noise_gpi_sigma': 110.24613770694218, 'g_stn_gpe_mult': 3.5303671478792933, 'g_gpe_stn_mult': 0.19971148891278828, 'g_stn_gpi_mult': 3.326481373917079, 'g_gpe_gpi_mult': 0.9380803706730045}. Best is trial 281 with value: 0.17610561851875464.
[I 2026-05-28 03:09:09,488] Trial 300 finished with value: 8.427139827220763 and parameters: {'ISTN': 72.77094069590925, 'I_gpe': 0.9775876561413628, 'I_gpi': 1.8394092531679322, 'noise_stn_sigma': 1.5944844981543376, 'noise_gpe_sigma': 94.46265664410078, 'noise_gpi_sigma': 98.47885939213486, 'g_stn_gpe_mult': 2.889289317123506, 'g_gpe_stn_mult': 0.18261712927897494, 'g_stn_gpi_mult': 3.411751251726489, 'g_gpe_gpi_mult': 0.8826201111894676}. Best is trial 281 with value: 0.17610561851875464.
[I 2026-05-28 03:09:10,502] Trial 301 finished with value: 0.2157131131424056 and parameters: {'ISTN': 63.27814142160689, 'I_gpe': 1.1027525075927618, 'I_gpi': 2.191921979927349, 'noise_stn_sigma': 2.5970314361278555, 'noise_gpe_sigma': 73.82859850556576, 'noise_gpi_sigma': 120.35965781525957, 'g_stn_gpe_mult': 3.034227255637644, 'g_gpe_stn_mult': 0.12645386024900737, 'g_stn_gpi_mult': 3.144172274083886, 'g_gpe_gpi_mult': 0.9730546534524183}. Best is trial 281 with value: 0.17610561851875464.
[I 2026-05-28 03:09:11,513] Trial 302 finished with value: 10.154040171314344 and parameters: {'ISTN': 69.34863539038528, 'I_gpe': 1.3691866997520528, 'I_gpi': 1.947430696106776, 'noise_stn_sigma': 2.2286279480133033, 'noise_gpe_sigma': 62.037647397826134, 'noise_gpi_sigma': 124.05710002213964, 'g_stn_gpe_mult': 2.8620550255881496, 'g_gpe_stn_mult': 0.18151549065927086, 'g_stn_gpi_mult': 3.271194487744949, 'g_gpe_gpi_mult': 1.0433383337475386}. Best is trial 281 with value: 0.17610561851875464.
[I 2026-05-28 03:09:12,521] Trial 303 finished with value: 0.23960702994090188 and parameters: {'ISTN': 64.38935799994914, 'I_gpe': 1.013798725288553, 'I_gpi': 2.368861958794779, 'noise_stn_sigma': 1.4605971026046656, 'noise_gpe_sigma': 89.51732440294987, 'noise_gpi_sigma': 102.74585930420366, 'g_stn_gpe_mult': 3.2496313390899996, 'g_gpe_stn_mult': 0.17239454790147507, 'g_stn_gpi_mult': 2.802266741459261, 'g_gpe_gpi_mult': 1.0620681604278677}. Best is trial 281 with value: 0.17610561851875464.
[I 2026-05-28 03:09:13,532] Trial 304 finished with value: 9.230512242813482 and parameters: {'ISTN': 69.44450557844678, 'I_gpe': 0.5727963416761188, 'I_gpi': 1.9042492380623832, 'noise_stn_sigma': 2.4571951949175617, 'noise_gpe_sigma': 72.51662925640463, 'noise_gpi_sigma': 111.32697538633991, 'g_stn_gpe_mult': 3.13432770822003, 'g_gpe_stn_mult': 0.2358006712284194, 'g_stn_gpi_mult': 3.331164116729896, 'g_gpe_gpi_mult': 0.9740226504985219}. Best is trial 281 with value: 0.17610561851875464.
[I 2026-05-28 03:09:14,544] Trial 305 finished with value: 1.6936557336348095 and parameters: {'ISTN': 62.66165822717313, 'I_gpe': 1.0078987628484617, 'I_gpi': 2.0196866326131078, 'noise_stn_sigma': 2.439469351299502, 'noise_gpe_sigma': 78.32605724638353, 'noise_gpi_sigma': 123.29734206866185, 'g_stn_gpe_mult': 3.1458285638966244, 'g_gpe_stn_mult': 0.11523173160684146, 'g_stn_gpi_mult': 3.4031527265874235, 'g_gpe_gpi_mult': 0.9202450210096227}. Best is trial 281 with value: 0.17610561851875464.
[I 2026-05-28 03:09:15,557] Trial 306 finished with value: 3.093558456502258 and parameters: {'ISTN': 72.2520423525743, 'I_gpe': 0.860881820400866, 'I_gpi': 1.8654570836558955, 'noise_stn_sigma': 2.4649459541047856, 'noise_gpe_sigma': 88.05459491476557, 'noise_gpi_sigma': 126.03500355235072, 'g_stn_gpe_mult': 3.4630168888212984, 'g_gpe_stn_mult': 0.12383891572401974, 'g_stn_gpi_mult': 3.396142147607321, 'g_gpe_gpi_mult': 1.0450194600494467}. Best is trial 281 with value: 0.17610561851875464.
[I 2026-05-28 03:09:16,569] Trial 307 finished with value: 6.55996606633868 and parameters: {'ISTN': 63.45254744118527, 'I_gpe': 0.6748529626752554, 'I_gpi': 1.8452452105165518, 'noise_stn_sigma': 3.0230520325708032, 'noise_gpe_sigma': 84.33546303291942, 'noise_gpi_sigma': 124.23563758384476, 'g_stn_gpe_mult': 3.2404624269861606, 'g_gpe_stn_mult': 0.30336109333381067, 'g_stn_gpi_mult': 3.0577745401219096, 'g_gpe_gpi_mult': 0.9905863802484933}. Best is trial 281 with value: 0.17610561851875464.
