[I 2026-05-28 03:33:42,244] Trial 748 finished with value: 6.285769970535296 and parameters: {'ISTN': 67.2467778443197, 'I_gpe': 0.7470741174146787, 'I_gpi': 2.1579987476806837, 'noise_stn_sigma': 6.596473139638849, 'noise_gpe_sigma': 75.11587038672326, 'noise_gpi_sigma': 129.74989018042822, 'g_stn_gpe_mult': 2.2563034994317763, 'g_gpe_stn_mult': 0.6805017486475364, 'g_stn_gpi_mult': 3.5617357489388017, 'g_gpe_gpi_mult': 0.8071253801789724}. Best is trial 410 with value: 0.4608635463245284.
[I 2026-05-28 03:33:43,250] Trial 749 finished with value: 0.5401479943969478 and parameters: {'ISTN': 62.997181250544514, 'I_gpe': 0.878001480780239, 'I_gpi': 1.918333007268798, 'noise_stn_sigma': 6.683065399393208, 'noise_gpe_sigma': 73.05889121852665, 'noise_gpi_sigma': 130.38467283107457, 'g_stn_gpe_mult': 2.3195318301445855, 'g_gpe_stn_mult': 0.6753147468361707, 'g_stn_gpi_mult': 3.488881052324767, 'g_gpe_gpi_mult': 0.8497130111638771}. Best is trial 410 with value: 0.4608635463245284.
[I 2026-05-28 03:33:44,260] Trial 750 finished with value: 4.599421083802179 and parameters: {'ISTN': 68.24328787938893, 'I_gpe': 0.7304972090720288, 'I_gpi': 2.0745569912117876, 'noise_stn_sigma': 7.086233237721767, 'noise_gpe_sigma': 73.61922852829179, 'noise_gpi_sigma': 143.5544747105065, 'g_stn_gpe_mult': 2.2877878880827662, 'g_gpe_stn_mult': 0.6766808467810702, 'g_stn_gpi_mult': 3.625728238809387, 'g_gpe_gpi_mult': 0.8450646585991044}. Best is trial 410 with value: 0.4608635463245284.
[I 2026-05-28 03:33:45,267] Trial 751 finished with value: 0.588165228983435 and parameters: {'ISTN': 62.342075919734604, 'I_gpe': 0.9318531845921431, 'I_gpi': 2.078096576440074, 'noise_stn_sigma': 6.195031626052204, 'noise_gpe_sigma': 74.38599191718097, 'noise_gpi_sigma': 125.46447007463776, 'g_stn_gpe_mult': 2.3768165606889395, 'g_gpe_stn_mult': 0.7043414026726514, 'g_stn_gpi_mult': 3.6263457952283447, 'g_gpe_gpi_mult': 0.8764483352286494}. Best is trial 410 with value: 0.4608635463245284.
[I 2026-05-28 03:33:46,277] Trial 752 finished with value: 1.0344538974293243 and parameters: {'ISTN': 62.89230325941509, 'I_gpe': 0.8833275565396548, 'I_gpi': 1.8393617053406577, 'noise_stn_sigma': 6.765581907737673, 'noise_gpe_sigma': 73.00463686538978, 'noise_gpi_sigma': 130.81475315650582, 'g_stn_gpe_mult': 2.256385902770675, 'g_gpe_stn_mult': 0.637798570868872, 'g_stn_gpi_mult': 3.50992803670229, 'g_gpe_gpi_mult': 0.8947089551049665}. Best is trial 410 with value: 0.4608635463245284.
[I 2026-05-28 03:33:47,285] Trial 753 finished with value: 6.644321680705288 and parameters: {'ISTN': 65.3827688588172, 'I_gpe': 0.8155605863971083, 'I_gpi': 2.167376354429722, 'noise_stn_sigma': 6.639390258798833, 'noise_gpe_sigma': 71.7440011753199, 'noise_gpi_sigma': 118.52763892217656, 'g_stn_gpe_mult': 2.3439108299670273, 'g_gpe_stn_mult': 0.6457902065054757, 'g_stn_gpi_mult': 3.485363398175175, 'g_gpe_gpi_mult': 0.8711088729340737}. Best is trial 410 with value: 0.4608635463245284.
[I 2026-05-28 03:33:48,294] Trial 754 finished with value: 1.5723393895928477 and parameters: {'ISTN': 68.70148399080334, 'I_gpe': 0.7680248301126172, 'I_gpi': 2.0965230795005905, 'noise_stn_sigma': 6.868625569425323, 'noise_gpe_sigma': 75.50723671873803, 'noise_gpi_sigma': 143.80801035331467, 'g_stn_gpe_mult': 2.0564998620698463, 'g_gpe_stn_mult': 0.6904253301670014, 'g_stn_gpi_mult': 3.4957705931561858, 'g_gpe_gpi_mult': 0.9147159363750668}. Best is trial 410 with value: 0.4608635463245284.
[I 2026-05-28 03:33:49,302] Trial 755 finished with value: 0.5210312353485372 and parameters: {'ISTN': 62.36516092224123, 'I_gpe': 0.8856489815171096, 'I_gpi': 2.241312655692461, 'noise_stn_sigma': 6.423092526475304, 'noise_gpe_sigma': 74.5495772895187, 'noise_gpi_sigma': 138.99225354783732, 'g_stn_gpe_mult': 2.2342502313121817, 'g_gpe_stn_mult': 0.710688966838244, 'g_stn_gpi_mult': 3.5545556615309546, 'g_gpe_gpi_mult': 0.8624397367320062}. Best is trial 410 with value: 0.4608635463245284.
[I 2026-05-28 03:33:50,309] Trial 756 finished with value: 5.056026293967802 and parameters: {'ISTN': 65.86790552579664, 'I_gpe': 0.843220200890512, 'I_gpi': 2.311525133151349, 'noise_stn_sigma': 6.771569744611824, 'noise_gpe_sigma': 76.58325268024562, 'noise_gpi_sigma': 134.78486354419522, 'g_stn_gpe_mult': 2.254953362527634, 'g_gpe_stn_mult': 0.6245971400342486, 'g_stn_gpi_mult': 3.441889728105525, 'g_gpe_gpi_mult': 0.866527405144008}. Best is trial 410 with value: 0.4608635463245284.
[I 2026-05-28 03:33:51,315] Trial 757 finished with value: 0.6851592693977885 and parameters: {'ISTN': 64.65486014317017, 'I_gpe': 0.781342171679607, 'I_gpi': 2.0133564937846034, 'noise_stn_sigma': 6.706180217085127, 'noise_gpe_sigma': 72.64813127711423, 'noise_gpi_sigma': 132.66224605258594, 'g_stn_gpe_mult': 2.4482722801362504, 'g_gpe_stn_mult': 0.6911069438662433, 'g_stn_gpi_mult': 3.5979770011185526, 'g_gpe_gpi_mult': 0.8373282358003349}. Best is trial 410 with value: 0.4608635463245284.
[I 2026-05-28 03:33:52,322] Trial 758 finished with value: 3.418146779011835 and parameters: {'ISTN': 63.22947522408471, 'I_gpe': 0.7867559332430105, 'I_gpi': 2.4017793188148913, 'noise_stn_sigma': 6.785235349455055, 'noise_gpe_sigma': 72.50551809254623, 'noise_gpi_sigma': 138.58181367738138, 'g_stn_gpe_mult': 2.2443810961319204, 'g_gpe_stn_mult': 0.6617027853123453, 'g_stn_gpi_mult': 3.528999678716505, 'g_gpe_gpi_mult': 0.8325137628972363}. Best is trial 410 with value: 0.4608635463245284.
[I 2026-05-28 03:33:53,330] Trial 759 finished with value: 3.4515144708442262 and parameters: {'ISTN': 61.429346831497995, 'I_gpe': 0.9612889712025079, 'I_gpi': 2.0294998599142593, 'noise_stn_sigma': 6.902673851537434, 'noise_gpe_sigma': 71.60243500248967, 'noise_gpi_sigma': 131.2826948614043, 'g_stn_gpe_mult': 2.218828211245712, 'g_gpe_stn_mult': 0.6320026500424654, 'g_stn_gpi_mult': 3.436557268142687, 'g_gpe_gpi_mult': 0.873006694413829}. Best is trial 410 with value: 0.4608635463245284.
[I 2026-05-28 03:33:54,340] Trial 760 finished with value: 4.916540098696567 and parameters: {'ISTN': 61.59108809835436, 'I_gpe': 0.80137003253521, 'I_gpi': 2.280227824329653, 'noise_stn_sigma': 6.836096931146838, 'noise_gpe_sigma': 73.06617069278319, 'noise_gpi_sigma': 149.4019626136881, 'g_stn_gpe_mult': 2.349463214792298, 'g_gpe_stn_mult': 0.6759850118937236, 'g_stn_gpi_mult': 3.2769023413669136, 'g_gpe_gpi_mult': 0.8202356579187331}. Best is trial 410 with value: 0.4608635463245284.
[I 2026-05-28 03:33:55,348] Trial 761 finished with value: 1.9128651289119345 and parameters: {'ISTN': 60.263067649098645, 'I_gpe': 0.8270670262105498, 'I_gpi': 2.1437176966271667, 'noise_stn_sigma': 6.677396717254139, 'noise_gpe_sigma': 77.45416185239232, 'noise_gpi_sigma': 132.20422528712868, 'g_stn_gpe_mult': 2.3473694797254536, 'g_gpe_stn_mult': 0.6841033312534178, 'g_stn_gpi_mult': 3.5756970774111143, 'g_gpe_gpi_mult': 0.8478442112092883}. Best is trial 410 with value: 0.4608635463245284.
[I 2026-05-28 03:33:56,355] Trial 762 finished with value: 8.88097996373353 and parameters: {'ISTN': 60.608121335131, 'I_gpe': 0.7388986219388984, 'I_gpi': 2.1078666599916707, 'noise_stn_sigma': 6.896590770364953, 'noise_gpe_sigma': 70.89514741825431, 'noise_gpi_sigma': 132.3456484142583, 'g_stn_gpe_mult': 2.5021352063133553, 'g_gpe_stn_mult': 0.6634343586086237, 'g_stn_gpi_mult': 3.5883046631563693, 'g_gpe_gpi_mult': 0.8608558587314317}. Best is trial 410 with value: 0.4608635463245284.
[I 2026-05-28 03:33:57,361] Trial 763 finished with value: 5.870047837488434 and parameters: {'ISTN': 67.1470652833068, 'I_gpe': 0.7655638004275442, 'I_gpi': 2.062236770079506, 'noise_stn_sigma': 5.400532490074414, 'noise_gpe_sigma': 75.06655713067715, 'noise_gpi_sigma': 133.5420942749158, 'g_stn_gpe_mult': 2.572364338586951, 'g_gpe_stn_mult': 0.7568104041826085, 'g_stn_gpi_mult': 3.471947160310582, 'g_gpe_gpi_mult': 0.8775899687128441}. Best is trial 410 with value: 0.4608635463245284.
[I 2026-05-28 03:33:58,370] Trial 764 finished with value: 5.552642487316161 and parameters: {'ISTN': 65.43392716976251, 'I_gpe': 0.6694647252634846, 'I_gpi': 2.145563219568101, 'noise_stn_sigma': 7.520332363444429, 'noise_gpe_sigma': 79.74544206963307, 'noise_gpi_sigma': 145.89839703507832, 'g_stn_gpe_mult': 2.1967465791984444, 'g_gpe_stn_mult': 0.6843227728222501, 'g_stn_gpi_mult': 3.59682184545558, 'g_gpe_gpi_mult': 0.8924203200174348}. Best is trial 410 with value: 0.4608635463245284.
[I 2026-05-28 03:33:59,379] Trial 765 finished with value: 2.291419416267607 and parameters: {'ISTN': 63.2226558791685, 'I_gpe': 0.7126755530511899, 'I_gpi': 2.231311559578746, 'noise_stn_sigma': 6.3297646695455025, 'noise_gpe_sigma': 76.58333454449767, 'noise_gpi_sigma': 133.7669679142174, 'g_stn_gpe_mult': 2.3086959428362537, 'g_gpe_stn_mult': 0.6968765609258376, 'g_stn_gpi_mult': 3.7119075894288787, 'g_gpe_gpi_mult': 0.8169411423977107}. Best is trial 410 with value: 0.4608635463245284.
[I 2026-05-28 03:34:00,386] Trial 766 finished with value: 9.419804510676412 and parameters: {'ISTN': 67.28059099672737, 'I_gpe': 0.9765318478033893, 'I_gpi': 2.048131834625513, 'noise_stn_sigma': 6.386319429114829, 'noise_gpe_sigma': 70.42640630342129, 'noise_gpi_sigma': 137.21879173425333, 'g_stn_gpe_mult': 2.2873410584010783, 'g_gpe_stn_mult': 0.7533236117870574, 'g_stn_gpi_mult': 3.6684039703460307, 'g_gpe_gpi_mult': 0.8621391897258048}. Best is trial 410 with value: 0.4608635463245284.
[I 2026-05-28 03:34:01,396] Trial 767 finished with value: 2.418110236978448 and parameters: {'ISTN': 62.958772752563206, 'I_gpe': 0.8288297460205359, 'I_gpi': 2.3957156049054804, 'noise_stn_sigma': 5.815759384571578, 'noise_gpe_sigma': 68.69769300766308, 'noise_gpi_sigma': 119.34634474888333, 'g_stn_gpe_mult': 2.4183297224120563, 'g_gpe_stn_mult': 0.7268324470263442, 'g_stn_gpi_mult': 3.4288233703089537, 'g_gpe_gpi_mult': 0.8250865501183493}. Best is trial 410 with value: 0.4608635463245284.
[I 2026-05-28 03:34:02,405] Trial 768 finished with value: 1.4953979352691151 and parameters: {'ISTN': 62.24238335355803, 'I_gpe': 0.8445896248854052, 'I_gpi': 2.071629461206798, 'noise_stn_sigma': 6.1300354473014105, 'noise_gpe_sigma': 73.03348628462022, 'noise_gpi_sigma': 126.41087081841877, 'g_stn_gpe_mult': 2.289941065334178, 'g_gpe_stn_mult': 0.6991560256810394, 'g_stn_gpi_mult': 3.5797953903061206, 'g_gpe_gpi_mult': 0.8383896212792064}. Best is trial 410 with value: 0.4608635463245284.
[I 2026-05-28 03:34:03,413] Trial 769 finished with value: 2.6652555051855087 and parameters: {'ISTN': 65.25051200684594, 'I_gpe': 0.9360857464577474, 'I_gpi': 1.8378673435896316, 'noise_stn_sigma': 5.957572848823223, 'noise_gpe_sigma': 72.41734460995471, 'noise_gpi_sigma': 132.40692229891584, 'g_stn_gpe_mult': 2.170862642355407, 'g_gpe_stn_mult': 0.7792585261672377, 'g_stn_gpi_mult': 3.726821834243683, 'g_gpe_gpi_mult': 0.8096697429635151}. Best is trial 410 with value: 0.4608635463245284.
[I 2026-05-28 03:34:04,421] Trial 770 finished with value: 0.630015134236669 and parameters: {'ISTN': 64.23965845746505, 'I_gpe': 0.8204458765727299, 'I_gpi': 2.0566514095510753, 'noise_stn_sigma': 6.120511890353493, 'noise_gpe_sigma': 75.06063036807154, 'noise_gpi_sigma': 127.1120359928523, 'g_stn_gpe_mult': 2.23489662087675, 'g_gpe_stn_mult': 0.6867872350616957, 'g_stn_gpi_mult': 3.59572855442292, 'g_gpe_gpi_mult': 0.8470552363485997}. Best is trial 410 with value: 0.4608635463245284.
[I 2026-05-28 03:34:05,434] Trial 771 finished with value: 0.8999149137175377 and parameters: {'ISTN': 65.57154038475, 'I_gpe': 0.893973122531244, 'I_gpi': 2.097896754274378, 'noise_stn_sigma': 5.658529733926815, 'noise_gpe_sigma': 69.5247237471227, 'noise_gpi_sigma': 131.20904371535332, 'g_stn_gpe_mult': 2.0768753949450005, 'g_gpe_stn_mult': 0.6605446954066306, 'g_stn_gpi_mult': 3.5442929251294024, 'g_gpe_gpi_mult': 0.7959189768784876}. Best is trial 410 with value: 0.4608635463245284.
[I 2026-05-28 03:34:06,441] Trial 772 finished with value: 1.8921395120129345 and parameters: {'ISTN': 64.09304109512622, 'I_gpe': 0.8460615915606553, 'I_gpi': 1.9105890799471026, 'noise_stn_sigma': 6.183574853854785, 'noise_gpe_sigma': 77.5140434320366, 'noise_gpi_sigma': 121.99752319652212, 'g_stn_gpe_mult': 2.407877778831457, 'g_gpe_stn_mult': 0.6495756015330425, 'g_stn_gpi_mult': 3.6128964973380606, 'g_gpe_gpi_mult': 0.8786119445127978}. Best is trial 410 with value: 0.4608635463245284.
[I 2026-05-28 03:34:07,451] Trial 773 finished with value: 3.577757643838066 and parameters: {'ISTN': 63.399125216913994, 'I_gpe': 0.9058704309655061, 'I_gpi': 1.995577346451404, 'noise_stn_sigma': 5.921802665417352, 'noise_gpe_sigma': 74.01427292436459, 'noise_gpi_sigma': 123.40500533807887, 'g_stn_gpe_mult': 2.3946472500308045, 'g_gpe_stn_mult': 0.7271868455847691, 'g_stn_gpi_mult': 3.528662553240207, 'g_gpe_gpi_mult': 0.8124035111564871}. Best is trial 410 with value: 0.4608635463245284.
[I 2026-05-28 03:34:08,460] Trial 774 finished with value: 3.610261312702331 and parameters: {'ISTN': 60.52354969135889, 'I_gpe': 0.9323282837399649, 'I_gpi': 1.8778135778601364, 'noise_stn_sigma': 6.250344198679043, 'noise_gpe_sigma': 72.42201311982117, 'noise_gpi_sigma': 132.5293829543209, 'g_stn_gpe_mult': 2.164435334387194, 'g_gpe_stn_mult': 0.670438338708365, 'g_stn_gpi_mult': 3.3767936722426337, 'g_gpe_gpi_mult': 0.8161491792220159}. Best is trial 410 with value: 0.4608635463245284.
[I 2026-05-28 03:34:09,469] Trial 775 finished with value: 1.9869177652732297 and parameters: {'ISTN': 65.19579244516213, 'I_gpe': 0.8528857518206179, 'I_gpi': 1.9682842219535055, 'noise_stn_sigma': 5.995480568052681, 'noise_gpe_sigma': 72.85927867166562, 'noise_gpi_sigma': 120.1867061889249, 'g_stn_gpe_mult': 2.2504777799708964, 'g_gpe_stn_mult': 0.7148239880745583, 'g_stn_gpi_mult': 3.8772296681888205, 'g_gpe_gpi_mult': 0.8400325357250311}. Best is trial 410 with value: 0.4608635463245284.
[I 2026-05-28 03:34:10,477] Trial 776 finished with value: 3.2532891369485877 and parameters: {'ISTN': 66.10115145855426, 'I_gpe': 0.8260624283193065, 'I_gpi': 1.8555083100695997, 'noise_stn_sigma': 5.958604653536767, 'noise_gpe_sigma': 76.85573228599745, 'noise_gpi_sigma': 120.08539184179388, 'g_stn_gpe_mult': 2.3013128587266474, 'g_gpe_stn_mult': 0.6817720636815243, 'g_stn_gpi_mult': 3.5249119907247004, 'g_gpe_gpi_mult': 0.8074478340384188}. Best is trial 410 with value: 0.4608635463245284.
[I 2026-05-28 03:34:11,487] Trial 777 finished with value: 5.0776042083812545 and parameters: {'ISTN': 67.19120978471015, 'I_gpe': 0.7803160527136195, 'I_gpi': 2.11494802430012, 'noise_stn_sigma': 6.205874073371255, 'noise_gpe_sigma': 72.43569423173237, 'noise_gpi_sigma': 130.79282870352645, 'g_stn_gpe_mult': 2.1166139722580737, 'g_gpe_stn_mult': 0.7071492811409669, 'g_stn_gpi_mult': 3.6892820410969147, 'g_gpe_gpi_mult': 0.832952709920088}. Best is trial 410 with value: 0.4608635463245284.
[I 2026-05-28 03:34:12,496] Trial 778 finished with value: 3.751270034248802 and parameters: {'ISTN': 65.0716905465815, 'I_gpe': 0.8052345826855001, 'I_gpi': 2.3099961128121542, 'noise_stn_sigma': 6.917826894106598, 'noise_gpe_sigma': 73.27420538182878, 'noise_gpi_sigma': 137.91936168737905, 'g_stn_gpe_mult': 2.234490472628861, 'g_gpe_stn_mult': 0.635244878215194, 'g_stn_gpi_mult': 3.4854814434455057, 'g_gpe_gpi_mult': 0.9000855054356249}. Best is trial 410 with value: 0.4608635463245284.
[I 2026-05-28 03:34:13,444] Trial 779 finished with value: 1000000.0 and parameters: {'ISTN': 63.421079100725166, 'I_gpe': 0.914859315463433, 'I_gpi': 2.0701238332003835, 'noise_stn_sigma': 6.381490138902327, 'noise_gpe_sigma': 76.90513648392132, 'noise_gpi_sigma': 124.20679527840085, 'g_stn_gpe_mult': 2.164152111466942, 'g_gpe_stn_mult': 0.7285532405827293, 'g_stn_gpi_mult': 3.689850774868395, 'g_gpe_gpi_mult': 0.8923792517270814}. Best is trial 410 with value: 0.4608635463245284.
[I 2026-05-28 03:34:14,453] Trial 780 finished with value: 0.520073921758471 and parameters: {'ISTN': 60.742622195375475, 'I_gpe': 0.7018091060010341, 'I_gpi': 2.241258752577647, 'noise_stn_sigma': 5.949588055854287, 'noise_gpe_sigma': 81.81384690598534, 'noise_gpi_sigma': 132.85842692861956, 'g_stn_gpe_mult': 2.1950597250338277, 'g_gpe_stn_mult': 0.7360111002395462, 'g_stn_gpi_mult': 3.707855007291946, 'g_gpe_gpi_mult': 0.9108665611218938}. Best is trial 410 with value: 0.4608635463245284.
[I 2026-05-28 03:34:15,464] Trial 781 finished with value: 7.478285827083749 and parameters: {'ISTN': 66.0570450834895, 'I_gpe': 0.7405369878714962, 'I_gpi': 2.094534296834225, 'noise_stn_sigma': 5.786939890632889, 'noise_gpe_sigma': 74.2509604081313, 'noise_gpi_sigma': 126.93609294534366, 'g_stn_gpe_mult': 2.302532084565684, 'g_gpe_stn_mult': 0.7001964450393968, 'g_stn_gpi_mult': 3.7482280426504455, 'g_gpe_gpi_mult': 0.7913166262935079}. Best is trial 410 with value: 0.4608635463245284.
[I 2026-05-28 03:34:16,471] Trial 782 finished with value: 0.6192698891861093 and parameters: {'ISTN': 62.69635583224672, 'I_gpe': 0.8300596380553243, 'I_gpi': 2.2631710574044583, 'noise_stn_sigma': 5.553579422129416, 'noise_gpe_sigma': 75.83822553539815, 'noise_gpi_sigma': 136.85285274216952, 'g_stn_gpe_mult': 2.1107819966425003, 'g_gpe_stn_mult': 0.731084040523543, 'g_stn_gpi_mult': 3.639994270078676, 'g_gpe_gpi_mult': 0.8949247895970456}. Best is trial 410 with value: 0.4608635463245284.
[I 2026-05-28 03:34:17,482] Trial 783 finished with value: 3.557527036340538 and parameters: {'ISTN': 64.07489431334079, 'I_gpe': 0.893762033691394, 'I_gpi': 2.035287481439677, 'noise_stn_sigma': 5.523946036495205, 'noise_gpe_sigma': 75.58076741400356, 'noise_gpi_sigma': 125.05153860259632, 'g_stn_gpe_mult': 2.2964086047722625, 'g_gpe_stn_mult': 0.7272799477144201, 'g_stn_gpi_mult': 3.6858323541774896, 'g_gpe_gpi_mult': 0.9030992449449666}. Best is trial 410 with value: 0.4608635463245284.
[I 2026-05-28 03:34:18,491] Trial 784 finished with value: 0.7010487567365709 and parameters: {'ISTN': 64.90331600371861, 'I_gpe': 0.830149022717858, 'I_gpi': 2.153821320675749, 'noise_stn_sigma': 5.9768220247755455, 'noise_gpe_sigma': 75.06403575136844, 'noise_gpi_sigma': 128.12580273981172, 'g_stn_gpe_mult': 2.345688489045114, 'g_gpe_stn_mult': 0.6929823152016058, 'g_stn_gpi_mult': 3.499181243855319, 'g_gpe_gpi_mult': 0.8989065140501271}. Best is trial 410 with value: 0.4608635463245284.
[I 2026-05-28 03:34:19,502] Trial 785 finished with value: 1.6685014414972703 and parameters: {'ISTN': 63.664651792142486, 'I_gpe': 0.851536805406709, 'I_gpi': 2.0237677617466083, 'noise_stn_sigma': 5.564477562103674, 'noise_gpe_sigma': 81.82504219975058, 'noise_gpi_sigma': 130.24786937564204, 'g_stn_gpe_mult': 1.9282673210009673, 'g_gpe_stn_mult': 0.7130043163062347, 'g_stn_gpi_mult': 3.638270263257782, 'g_gpe_gpi_mult': 0.9105977831323007}. Best is trial 410 with value: 0.4608635463245284.
[I 2026-05-28 03:34:20,510] Trial 786 finished with value: 2.057539239536907 and parameters: {'ISTN': 60.34934626030052, 'I_gpe': 0.9050269567756325, 'I_gpi': 2.045731510780199, 'noise_stn_sigma': 6.1589346494664685, 'noise_gpe_sigma': 73.41407201504252, 'noise_gpi_sigma': 130.0624384156602, 'g_stn_gpe_mult': 2.239015204347204, 'g_gpe_stn_mult': 0.7249583386185579, 'g_stn_gpi_mult': 3.777155046201707, 'g_gpe_gpi_mult': 0.8504617710799989}. Best is trial 410 with value: 0.4608635463245284.
[I 2026-05-28 03:34:21,519] Trial 787 finished with value: 0.6629283727249352 and parameters: {'ISTN': 64.30492222598532, 'I_gpe': 0.8453648098950923, 'I_gpi': 1.9200445388750889, 'noise_stn_sigma': 6.216593224288639, 'noise_gpe_sigma': 76.44044063680107, 'noise_gpi_sigma': 125.58484102162465, 'g_stn_gpe_mult': 2.1605895748499835, 'g_gpe_stn_mult': 0.7351375587261364, 'g_stn_gpi_mult': 3.9265617844780474, 'g_gpe_gpi_mult': 0.9142836705295248}. Best is trial 410 with value: 0.4608635463245284.
[I 2026-05-28 03:34:22,525] Trial 788 finished with value: 0.9229050491862034 and parameters: {'ISTN': 62.10612951195481, 'I_gpe': 0.7850125849853339, 'I_gpi': 1.9497173281263924, 'noise_stn_sigma': 5.463331694973596, 'noise_gpe_sigma': 77.40558857156276, 'noise_gpi_sigma': 123.59517100926057, 'g_stn_gpe_mult': 2.1917043677940735, 'g_gpe_stn_mult': 0.6976636444158285, 'g_stn_gpi_mult': 3.7579325787319204, 'g_gpe_gpi_mult': 0.859386412678115}. Best is trial 410 with value: 0.4608635463245284.
[I 2026-05-28 03:34:23,530] Trial 789 finished with value: 0.6659999120285434 and parameters: {'ISTN': 62.012386488262074, 'I_gpe': 0.691579341641573, 'I_gpi': 2.270503928148738, 'noise_stn_sigma': 6.817502089436459, 'noise_gpe_sigma': 78.2165842738852, 'noise_gpi_sigma': 133.9897694904007, 'g_stn_gpe_mult': 2.364602851369515, 'g_gpe_stn_mult': 0.6532422957848185, 'g_stn_gpi_mult': 3.657387630106311, 'g_gpe_gpi_mult': 0.9226646535868637}. Best is trial 410 with value: 0.4608635463245284.
[I 2026-05-28 03:34:24,538] Trial 790 finished with value: 3.201643340765835 and parameters: {'ISTN': 64.70651353315267, 'I_gpe': 0.7627898865569782, 'I_gpi': 2.2864860189912335, 'noise_stn_sigma': 6.646627297082274, 'noise_gpe_sigma': 74.706596822194, 'noise_gpi_sigma': 132.296245931525, 'g_stn_gpe_mult': 2.2079147835539055, 'g_gpe_stn_mult': 0.6387596553101945, 'g_stn_gpi_mult': 3.713602378106728, 'g_gpe_gpi_mult': 0.864983710393042}. Best is trial 410 with value: 0.4608635463245284.
[I 2026-05-28 03:34:25,550] Trial 791 finished with value: 1.6758882227349023 and parameters: {'ISTN': 65.00361869607157, 'I_gpe': 0.6753570347958706, 'I_gpi': 2.281359281240962, 'noise_stn_sigma': 6.099471235399491, 'noise_gpe_sigma': 82.6189670026903, 'noise_gpi_sigma': 138.0777945372019, 'g_stn_gpe_mult': 2.07499313941623, 'g_gpe_stn_mult': 0.7217364973926027, 'g_stn_gpi_mult': 3.659677242219541, 'g_gpe_gpi_mult': 0.9709906037524283}. Best is trial 410 with value: 0.4608635463245284.
