[I 2026-05-28 03:53:38,088] Trial 924 finished with value: 0.132257497073197 and parameters: {'ISTN': 60.476821879362994, 'I_gpe': 1.0176840223172672, 'I_gpi': 2.2437809569602476, 'noise_stn_sigma': 1.8945157743045755, 'noise_gpe_sigma': 102.66885482962917, 'noise_gpi_sigma': 86.21297267167614, 'g_stn_gpe_mult': 3.9733323478150986, 'g_gpe_stn_mult': 0.1759711645848828, 'g_stn_gpi_mult': 1.4167300105687948, 'g_gpe_gpi_mult': 0.8902001089728371}. Best is trial 877 with value: 0.12552761775743748.
[I 2026-05-28 03:53:39,096] Trial 925 finished with value: 0.12747987338984257 and parameters: {'ISTN': 60.0442820382668, 'I_gpe': 1.001942282392851, 'I_gpi': 2.227320303524618, 'noise_stn_sigma': 1.9375062797484062, 'noise_gpe_sigma': 101.6858467741553, 'noise_gpi_sigma': 86.60287422907948, 'g_stn_gpe_mult': 3.977414542536792, 'g_gpe_stn_mult': 0.18080657940756245, 'g_stn_gpi_mult': 1.4161103046945025, 'g_gpe_gpi_mult': 0.8822726606012901}. Best is trial 877 with value: 0.12552761775743748.
[I 2026-05-28 03:53:40,105] Trial 926 finished with value: 0.1274147759598715 and parameters: {'ISTN': 60.09810725952737, 'I_gpe': 1.0122655288607743, 'I_gpi': 2.2583332068632718, 'noise_stn_sigma': 1.8530770712212874, 'noise_gpe_sigma': 99.62920616278166, 'noise_gpi_sigma': 84.94364172343087, 'g_stn_gpe_mult': 3.9639047952311417, 'g_gpe_stn_mult': 0.18322007298021, 'g_stn_gpi_mult': 1.4659439263466383, 'g_gpe_gpi_mult': 0.8747453326236099}. Best is trial 877 with value: 0.12552761775743748.
[I 2026-05-28 03:53:41,113] Trial 927 finished with value: 0.1278364571079915 and parameters: {'ISTN': 60.27260810705501, 'I_gpe': 1.0076400098259375, 'I_gpi': 2.2442657049078223, 'noise_stn_sigma': 1.90679879411807, 'noise_gpe_sigma': 101.33484246244814, 'noise_gpi_sigma': 85.29182135962661, 'g_stn_gpe_mult': 3.9891103493511877, 'g_gpe_stn_mult': 0.18062043497196417, 'g_stn_gpi_mult': 1.4427796691938637, 'g_gpe_gpi_mult': 0.8907577917712781}. Best is trial 877 with value: 0.12552761775743748.
[I 2026-05-28 03:53:42,122] Trial 928 finished with value: 0.17723712383741888 and parameters: {'ISTN': 60.07466358418169, 'I_gpe': 1.0295071866128622, 'I_gpi': 2.250168414712557, 'noise_stn_sigma': 1.8751082802562715, 'noise_gpe_sigma': 102.11587397754113, 'noise_gpi_sigma': 86.79999778641222, 'g_stn_gpe_mult': 3.947754991518715, 'g_gpe_stn_mult': 0.17865322972232944, 'g_stn_gpi_mult': 1.4137404911640739, 'g_gpe_gpi_mult': 0.8941442880318107}. Best is trial 877 with value: 0.12552761775743748.
[I 2026-05-28 03:53:43,128] Trial 929 finished with value: 0.131721077054911 and parameters: {'ISTN': 60.27418034764973, 'I_gpe': 1.0029891941658597, 'I_gpi': 2.2652098705092834, 'noise_stn_sigma': 1.9050670777996386, 'noise_gpe_sigma': 101.80927288527191, 'noise_gpi_sigma': 84.71173513784125, 'g_stn_gpe_mult': 3.9630106760516424, 'g_gpe_stn_mult': 0.1809183884721262, 'g_stn_gpi_mult': 1.4521828145010027, 'g_gpe_gpi_mult': 0.8700612309090585}. Best is trial 877 with value: 0.12552761775743748.
[I 2026-05-28 03:53:44,135] Trial 930 finished with value: 0.13215302815104285 and parameters: {'ISTN': 60.3374375493459, 'I_gpe': 1.013573986598523, 'I_gpi': 2.244866104953303, 'noise_stn_sigma': 1.8859327617001647, 'noise_gpe_sigma': 101.53602577584742, 'noise_gpi_sigma': 85.06733290502154, 'g_stn_gpe_mult': 3.949222885877756, 'g_gpe_stn_mult': 0.18305764972345956, 'g_stn_gpi_mult': 1.418194977488921, 'g_gpe_gpi_mult': 0.8856686091529835}. Best is trial 877 with value: 0.12552761775743748.
[I 2026-05-28 03:53:45,144] Trial 931 finished with value: 0.13193824655257516 and parameters: {'ISTN': 60.12432325150726, 'I_gpe': 1.0020643249752323, 'I_gpi': 2.2244936371176935, 'noise_stn_sigma': 1.908769461345222, 'noise_gpe_sigma': 99.71143256377641, 'noise_gpi_sigma': 85.37681046407972, 'g_stn_gpe_mult': 4.001283676741351, 'g_gpe_stn_mult': 0.1814282687599209, 'g_stn_gpi_mult': 1.4786699651540636, 'g_gpe_gpi_mult': 0.8711612216956939}. Best is trial 877 with value: 0.12552761775743748.
[I 2026-05-28 03:53:46,155] Trial 932 finished with value: 0.1266630403470316 and parameters: {'ISTN': 60.045121273596614, 'I_gpe': 1.0234361466677415, 'I_gpi': 2.2158040641245837, 'noise_stn_sigma': 1.8976055760333255, 'noise_gpe_sigma': 100.30324513176296, 'noise_gpi_sigma': 85.20983553951014, 'g_stn_gpe_mult': 3.976157507612041, 'g_gpe_stn_mult': 0.18321361628560545, 'g_stn_gpi_mult': 1.4382984325523682, 'g_gpe_gpi_mult': 0.8802604164658827}. Best is trial 877 with value: 0.12552761775743748.
[I 2026-05-28 03:53:47,162] Trial 933 finished with value: 0.1539678784978698 and parameters: {'ISTN': 60.17600204241145, 'I_gpe': 1.0024369584811472, 'I_gpi': 2.2523319056564266, 'noise_stn_sigma': 1.8970239624752692, 'noise_gpe_sigma': 101.04894507972517, 'noise_gpi_sigma': 85.27221576575562, 'g_stn_gpe_mult': 3.9804638088310083, 'g_gpe_stn_mult': 0.17740049174070927, 'g_stn_gpi_mult': 1.4458769985024644, 'g_gpe_gpi_mult': 0.8812397176667086}. Best is trial 877 with value: 0.12552761775743748.
[I 2026-05-28 03:53:48,169] Trial 934 finished with value: 0.12646913749727817 and parameters: {'ISTN': 60.10487593994704, 'I_gpe': 1.0079345810348437, 'I_gpi': 2.250084135875874, 'noise_stn_sigma': 1.9337280870868505, 'noise_gpe_sigma': 101.53600657014812, 'noise_gpi_sigma': 84.9565573835503, 'g_stn_gpe_mult': 3.999699817037385, 'g_gpe_stn_mult': 0.18304832202689542, 'g_stn_gpi_mult': 1.4555654773901363, 'g_gpe_gpi_mult': 0.8702345810282424}. Best is trial 877 with value: 0.12552761775743748.
[I 2026-05-28 03:53:49,179] Trial 935 finished with value: 0.1267676081273338 and parameters: {'ISTN': 60.0855817902951, 'I_gpe': 1.0078400140060984, 'I_gpi': 2.24852681027183, 'noise_stn_sigma': 1.8657592281858386, 'noise_gpe_sigma': 101.04062611887747, 'noise_gpi_sigma': 83.9980224020847, 'g_stn_gpe_mult': 3.983711155585011, 'g_gpe_stn_mult': 0.18297741084997465, 'g_stn_gpi_mult': 1.4522188737896307, 'g_gpe_gpi_mult': 0.8802662204995106}. Best is trial 877 with value: 0.12552761775743748.
[I 2026-05-28 03:53:50,188] Trial 936 finished with value: 0.1287511207808641 and parameters: {'ISTN': 60.13070628333268, 'I_gpe': 1.0045152050515753, 'I_gpi': 2.2545332810340453, 'noise_stn_sigma': 1.9498117146683722, 'noise_gpe_sigma': 100.00330732823645, 'noise_gpi_sigma': 86.7614090288886, 'g_stn_gpe_mult': 3.9725701610243314, 'g_gpe_stn_mult': 0.1823539557042232, 'g_stn_gpi_mult': 1.4414838486694825, 'g_gpe_gpi_mult': 0.8662543093884691}. Best is trial 877 with value: 0.12552761775743748.
[I 2026-05-28 03:53:51,198] Trial 937 finished with value: 0.13291387791746204 and parameters: {'ISTN': 60.62716517837418, 'I_gpe': 1.027494167802895, 'I_gpi': 2.24014611824344, 'noise_stn_sigma': 1.8587532072848307, 'noise_gpe_sigma': 100.10715813894072, 'noise_gpi_sigma': 84.30549776937335, 'g_stn_gpe_mult': 3.975186825522983, 'g_gpe_stn_mult': 0.180375890930124, 'g_stn_gpi_mult': 1.468016223697945, 'g_gpe_gpi_mult': 0.8738881229223221}. Best is trial 877 with value: 0.12552761775743748.
[I 2026-05-28 03:53:52,206] Trial 938 finished with value: 0.13116715522406028 and parameters: {'ISTN': 60.39946869974712, 'I_gpe': 1.0173149521403073, 'I_gpi': 2.259747274933802, 'noise_stn_sigma': 1.8895794763349314, 'noise_gpe_sigma': 100.20116511158533, 'noise_gpi_sigma': 85.77234627115755, 'g_stn_gpe_mult': 3.97413551887942, 'g_gpe_stn_mult': 0.17796664724579714, 'g_stn_gpi_mult': 1.4260506724832398, 'g_gpe_gpi_mult': 0.8777476681998024}. Best is trial 877 with value: 0.12552761775743748.
[I 2026-05-28 03:53:53,213] Trial 939 finished with value: 0.13418599386566366 and parameters: {'ISTN': 60.442706831769435, 'I_gpe': 1.008270663909205, 'I_gpi': 2.232669026698364, 'noise_stn_sigma': 1.9190707820914557, 'noise_gpe_sigma': 100.80702954188664, 'noise_gpi_sigma': 85.1372224204778, 'g_stn_gpe_mult': 3.9773081465201896, 'g_gpe_stn_mult': 0.1794030372633892, 'g_stn_gpi_mult': 1.447195652945259, 'g_gpe_gpi_mult': 0.875713916930918}. Best is trial 877 with value: 0.12552761775743748.
[I 2026-05-28 03:53:54,223] Trial 940 finished with value: 0.2078130369857182 and parameters: {'ISTN': 60.01171012058946, 'I_gpe': 0.9991977011699535, 'I_gpi': 2.2583227884871455, 'noise_stn_sigma': 1.8850274491029784, 'noise_gpe_sigma': 101.08269415926037, 'noise_gpi_sigma': 85.76774266808937, 'g_stn_gpe_mult': 3.987656990502572, 'g_gpe_stn_mult': 0.18091432060837415, 'g_stn_gpi_mult': 1.4436334247579468, 'g_gpe_gpi_mult': 0.8761481740292327}. Best is trial 877 with value: 0.12552761775743748.
[I 2026-05-28 03:53:55,235] Trial 941 finished with value: 0.12978530560827792 and parameters: {'ISTN': 60.01308308139939, 'I_gpe': 1.0107400434918503, 'I_gpi': 2.2492015107614907, 'noise_stn_sigma': 1.9740845738298034, 'noise_gpe_sigma': 101.39294380101717, 'noise_gpi_sigma': 85.63504653168928, 'g_stn_gpe_mult': 3.998496545215992, 'g_gpe_stn_mult': 0.18561223107519698, 'g_stn_gpi_mult': 1.44390934207716, 'g_gpe_gpi_mult': 0.8654887097597681}. Best is trial 877 with value: 0.12552761775743748.
[I 2026-05-28 03:53:56,243] Trial 942 finished with value: 0.13410454208933514 and parameters: {'ISTN': 60.05262848306827, 'I_gpe': 1.0146482232632104, 'I_gpi': 2.2465151425298258, 'noise_stn_sigma': 1.910797294173618, 'noise_gpe_sigma': 101.48149291246204, 'noise_gpi_sigma': 85.8757731558442, 'g_stn_gpe_mult': 3.9852312748562855, 'g_gpe_stn_mult': 0.1812266448847323, 'g_stn_gpi_mult': 1.429207041314884, 'g_gpe_gpi_mult': 0.8789306829357157}. Best is trial 877 with value: 0.12552761775743748.
[I 2026-05-28 03:53:57,252] Trial 943 finished with value: 0.18303393020720496 and parameters: {'ISTN': 60.12976133674705, 'I_gpe': 1.0172296025912897, 'I_gpi': 2.25076277817753, 'noise_stn_sigma': 1.9415175608548654, 'noise_gpe_sigma': 101.34799537630148, 'noise_gpi_sigma': 85.32194325698345, 'g_stn_gpe_mult': 3.996698557653948, 'g_gpe_stn_mult': 0.1824142049439878, 'g_stn_gpi_mult': 1.4779020609943858, 'g_gpe_gpi_mult': 0.8698558896228954}. Best is trial 877 with value: 0.12552761775743748.
[I 2026-05-28 03:53:58,261] Trial 944 finished with value: 0.1315165631362895 and parameters: {'ISTN': 60.3429647375967, 'I_gpe': 1.0186546491549213, 'I_gpi': 2.232127210949645, 'noise_stn_sigma': 1.875522099778288, 'noise_gpe_sigma': 99.68931792719627, 'noise_gpi_sigma': 86.06176250800075, 'g_stn_gpe_mult': 3.9778755296211155, 'g_gpe_stn_mult': 0.18022272902422687, 'g_stn_gpi_mult': 1.4457163165404083, 'g_gpe_gpi_mult': 0.8861368971427075}. Best is trial 877 with value: 0.12552761775743748.
[I 2026-05-28 03:53:59,272] Trial 945 finished with value: 0.2060099704228821 and parameters: {'ISTN': 60.187639505468944, 'I_gpe': 1.009206873254388, 'I_gpi': 2.25883975657006, 'noise_stn_sigma': 1.840940130923447, 'noise_gpe_sigma': 100.70038427841688, 'noise_gpi_sigma': 84.70541447787262, 'g_stn_gpe_mult': 3.981683748656837, 'g_gpe_stn_mult': 0.18299934699661738, 'g_stn_gpi_mult': 1.4391839461087186, 'g_gpe_gpi_mult': 0.8825998143390177}. Best is trial 877 with value: 0.12552761775743748.
[I 2026-05-28 03:54:00,278] Trial 946 finished with value: 0.1299010291702663 and parameters: {'ISTN': 60.224161554393625, 'I_gpe': 1.0122407104975484, 'I_gpi': 2.2470044808696463, 'noise_stn_sigma': 1.8773558552435612, 'noise_gpe_sigma': 100.25221186094554, 'noise_gpi_sigma': 84.00026896512742, 'g_stn_gpe_mult': 3.9863962153270505, 'g_gpe_stn_mult': 0.1823128711293716, 'g_stn_gpi_mult': 1.4726805460859103, 'g_gpe_gpi_mult': 0.8750475643383007}. Best is trial 877 with value: 0.12552761775743748.
[I 2026-05-28 03:54:01,287] Trial 947 finished with value: 0.13188739202185673 and parameters: {'ISTN': 60.384832357186056, 'I_gpe': 1.0322313746732852, 'I_gpi': 2.2476532532572095, 'noise_stn_sigma': 1.915345337838861, 'noise_gpe_sigma': 100.6016122130696, 'noise_gpi_sigma': 85.41758348011314, 'g_stn_gpe_mult': 3.983287639184197, 'g_gpe_stn_mult': 0.17988663475825717, 'g_stn_gpi_mult': 1.4408864965348045, 'g_gpe_gpi_mult': 0.8719807485907909}. Best is trial 877 with value: 0.12552761775743748.
[I 2026-05-28 03:54:02,295] Trial 948 finished with value: 0.1286549963213469 and parameters: {'ISTN': 60.248722293365994, 'I_gpe': 1.0032713050872824, 'I_gpi': 2.237491807635606, 'noise_stn_sigma': 1.8534917858857447, 'noise_gpe_sigma': 100.73436664115701, 'noise_gpi_sigma': 84.98536272884712, 'g_stn_gpe_mult': 3.9831274857571484, 'g_gpe_stn_mult': 0.18196908929702127, 'g_stn_gpi_mult': 1.4491826529748553, 'g_gpe_gpi_mult': 0.8791091228028738}. Best is trial 877 with value: 0.12552761775743748.
[I 2026-05-28 03:54:03,304] Trial 949 finished with value: 0.12922129825386602 and parameters: {'ISTN': 60.07261243026922, 'I_gpe': 1.0245230062130901, 'I_gpi': 2.2601566045455357, 'noise_stn_sigma': 1.923746752568118, 'noise_gpe_sigma': 100.5796168140677, 'noise_gpi_sigma': 85.75552859465205, 'g_stn_gpe_mult': 3.9842864762361203, 'g_gpe_stn_mult': 0.18198634640312958, 'g_stn_gpi_mult': 1.4633873355670166, 'g_gpe_gpi_mult': 0.8683040638006341}. Best is trial 877 with value: 0.12552761775743748.
[I 2026-05-28 03:54:04,315] Trial 950 finished with value: 0.12708866262830526 and parameters: {'ISTN': 60.10385381299149, 'I_gpe': 1.0317148875880566, 'I_gpi': 2.2367659921845164, 'noise_stn_sigma': 1.9223792601740182, 'noise_gpe_sigma': 100.2592164609568, 'noise_gpi_sigma': 86.51476142291608, 'g_stn_gpe_mult': 3.9551251059423054, 'g_gpe_stn_mult': 0.178151687528549, 'g_stn_gpi_mult': 1.4439249763258486, 'g_gpe_gpi_mult': 0.8890138906569707}. Best is trial 877 with value: 0.12552761775743748.
[I 2026-05-28 03:54:05,323] Trial 951 finished with value: 0.12779395551769435 and parameters: {'ISTN': 60.066493639116665, 'I_gpe': 1.0257793788352851, 'I_gpi': 2.2414943463967445, 'noise_stn_sigma': 1.9193145742145157, 'noise_gpe_sigma': 100.44077858305226, 'noise_gpi_sigma': 86.5213137903909, 'g_stn_gpe_mult': 3.95194815130253, 'g_gpe_stn_mult': 0.18003992164013194, 'g_stn_gpi_mult': 1.4573624269483854, 'g_gpe_gpi_mult': 0.8890754940594152}. Best is trial 877 with value: 0.12552761775743748.
[I 2026-05-28 03:54:06,329] Trial 952 finished with value: 0.12720999191684118 and parameters: {'ISTN': 60.11795398228309, 'I_gpe': 1.0148224217217412, 'I_gpi': 2.239674030327862, 'noise_stn_sigma': 1.9084472539809492, 'noise_gpe_sigma': 100.7454678741152, 'noise_gpi_sigma': 84.63753106851478, 'g_stn_gpe_mult': 3.9831719396984275, 'g_gpe_stn_mult': 0.18235649745635585, 'g_stn_gpi_mult': 1.4510752683526782, 'g_gpe_gpi_mult': 0.8752747029483896}. Best is trial 877 with value: 0.12552761775743748.
[I 2026-05-28 03:54:07,337] Trial 953 finished with value: 0.13064685371043083 and parameters: {'ISTN': 60.224100163837576, 'I_gpe': 1.013832709489051, 'I_gpi': 2.233126820809713, 'noise_stn_sigma': 1.8824331984378548, 'noise_gpe_sigma': 100.01370084961461, 'noise_gpi_sigma': 84.69480981213664, 'g_stn_gpe_mult': 4.000090556907949, 'g_gpe_stn_mult': 0.1794588036460963, 'g_stn_gpi_mult': 1.4613840604937751, 'g_gpe_gpi_mult': 0.8730007625919141}. Best is trial 877 with value: 0.12552761775743748.
[I 2026-05-28 03:54:08,344] Trial 954 finished with value: 0.13132564655376394 and parameters: {'ISTN': 60.20085426919946, 'I_gpe': 1.00503344347587, 'I_gpi': 2.2396770884532513, 'noise_stn_sigma': 1.8492999276502642, 'noise_gpe_sigma': 101.00886731979317, 'noise_gpi_sigma': 85.24709790045593, 'g_stn_gpe_mult': 3.9738863437516727, 'g_gpe_stn_mult': 0.181998257168433, 'g_stn_gpi_mult': 1.4487945554026496, 'g_gpe_gpi_mult': 0.8851946743547077}. Best is trial 877 with value: 0.12552761775743748.
[I 2026-05-28 03:54:09,352] Trial 955 finished with value: 0.13068309848510232 and parameters: {'ISTN': 60.1735126025192, 'I_gpe': 1.016185068018925, 'I_gpi': 2.2429721416507746, 'noise_stn_sigma': 1.898477322869963, 'noise_gpe_sigma': 101.13910153292866, 'noise_gpi_sigma': 85.05891711693567, 'g_stn_gpe_mult': 3.974566484599188, 'g_gpe_stn_mult': 0.17831234763387493, 'g_stn_gpi_mult': 1.452461128761673, 'g_gpe_gpi_mult': 0.8805412231360725}. Best is trial 877 with value: 0.12552761775743748.
[I 2026-05-28 03:54:10,361] Trial 956 finished with value: 0.14760913392728411 and parameters: {'ISTN': 60.240281923807544, 'I_gpe': 1.01308432633728, 'I_gpi': 2.249191885387968, 'noise_stn_sigma': 1.833532614597151, 'noise_gpe_sigma': 100.60536524007485, 'noise_gpi_sigma': 84.20822003546922, 'g_stn_gpe_mult': 3.983742257007987, 'g_gpe_stn_mult': 0.1800880160272484, 'g_stn_gpi_mult': 1.4619656231255318, 'g_gpe_gpi_mult': 0.8842120905958186}. Best is trial 877 with value: 0.12552761775743748.
[I 2026-05-28 03:54:11,369] Trial 957 finished with value: 0.12577241970261405 and parameters: {'ISTN': 60.00005837989396, 'I_gpe': 1.0216724898187683, 'I_gpi': 2.225936531362936, 'noise_stn_sigma': 1.8880434387438148, 'noise_gpe_sigma': 101.24813511250846, 'noise_gpi_sigma': 87.28453046903381, 'g_stn_gpe_mult': 3.9826985998467612, 'g_gpe_stn_mult': 0.18115019108604755, 'g_stn_gpi_mult': 1.427681903399455, 'g_gpe_gpi_mult': 0.8892514933373379}. Best is trial 877 with value: 0.12552761775743748.
[I 2026-05-28 03:54:12,377] Trial 958 finished with value: 0.1315863737493793 and parameters: {'ISTN': 60.43669070042657, 'I_gpe': 1.0219975065596758, 'I_gpi': 2.2230040600421352, 'noise_stn_sigma': 1.889044824148311, 'noise_gpe_sigma': 99.92909306232278, 'noise_gpi_sigma': 85.31965268389777, 'g_stn_gpe_mult': 3.9546389807612936, 'g_gpe_stn_mult': 0.17614255402524687, 'g_stn_gpi_mult': 1.4271757418516016, 'g_gpe_gpi_mult': 0.8784823736094156}. Best is trial 877 with value: 0.12552761775743748.
[I 2026-05-28 03:54:13,385] Trial 959 finished with value: 0.12784731429576418 and parameters: {'ISTN': 60.19982324223765, 'I_gpe': 1.0131698658938202, 'I_gpi': 2.2531511692097546, 'noise_stn_sigma': 1.8807776562162268, 'noise_gpe_sigma': 100.27652040624832, 'noise_gpi_sigma': 85.11147292574975, 'g_stn_gpe_mult': 3.9825271817911063, 'g_gpe_stn_mult': 0.1801454342009748, 'g_stn_gpi_mult': 1.4684422569521773, 'g_gpe_gpi_mult': 0.8778686578661581}. Best is trial 877 with value: 0.12552761775743748.
[I 2026-05-28 03:54:14,391] Trial 960 finished with value: 0.12802963207678428 and parameters: {'ISTN': 60.17000878719249, 'I_gpe': 1.002716265707519, 'I_gpi': 2.248505790176025, 'noise_stn_sigma': 1.9327149665464236, 'noise_gpe_sigma': 102.10968874158785, 'noise_gpi_sigma': 86.54468793694072, 'g_stn_gpe_mult': 3.9917942586721153, 'g_gpe_stn_mult': 0.18150731498131076, 'g_stn_gpi_mult': 1.4368986798600294, 'g_gpe_gpi_mult': 0.8774547486263888}. Best is trial 877 with value: 0.12552761775743748.
[I 2026-05-28 03:54:15,400] Trial 961 finished with value: 0.1311182703419681 and parameters: {'ISTN': 60.088309509589365, 'I_gpe': 1.029338858752899, 'I_gpi': 2.2559009603249454, 'noise_stn_sigma': 1.9478597754300087, 'noise_gpe_sigma': 101.30015193447687, 'noise_gpi_sigma': 86.5497935437305, 'g_stn_gpe_mult': 3.9620817227802303, 'g_gpe_stn_mult': 0.18134252874631235, 'g_stn_gpi_mult': 1.4242256008068768, 'g_gpe_gpi_mult': 0.8788531339930208}. Best is trial 877 with value: 0.12552761775743748.
[I 2026-05-28 03:54:16,413] Trial 962 finished with value: 0.1287113076136751 and parameters: {'ISTN': 60.09175842547381, 'I_gpe': 1.015105419281051, 'I_gpi': 2.243801658795415, 'noise_stn_sigma': 1.8840866497963846, 'noise_gpe_sigma': 101.50799093210672, 'noise_gpi_sigma': 85.80646739199733, 'g_stn_gpe_mult': 3.978398344844845, 'g_gpe_stn_mult': 0.18152219230139022, 'g_stn_gpi_mult': 1.4309500095165566, 'g_gpe_gpi_mult': 0.8830601263616509}. Best is trial 877 with value: 0.12552761775743748.
[I 2026-05-28 03:54:17,422] Trial 963 finished with value: 0.12908363783008697 and parameters: {'ISTN': 60.128432946254165, 'I_gpe': 1.0166475150260434, 'I_gpi': 2.2371633886820415, 'noise_stn_sigma': 1.962070735689716, 'noise_gpe_sigma': 101.64004657470115, 'noise_gpi_sigma': 85.55974057718736, 'g_stn_gpe_mult': 3.9944731743805764, 'g_gpe_stn_mult': 0.1830867835457882, 'g_stn_gpi_mult': 1.467500564439064, 'g_gpe_gpi_mult': 0.8776773708891243}. Best is trial 877 with value: 0.12552761775743748.
[I 2026-05-28 03:54:18,431] Trial 964 finished with value: 0.12549101136847124 and parameters: {'ISTN': 60.04453920837352, 'I_gpe': 1.0128817535147836, 'I_gpi': 2.2128070148400596, 'noise_stn_sigma': 1.9095458491876462, 'noise_gpe_sigma': 101.79525253293892, 'noise_gpi_sigma': 86.53408889249778, 'g_stn_gpe_mult': 3.9767395704908637, 'g_gpe_stn_mult': 0.1829922187973187, 'g_stn_gpi_mult': 1.410409033618103, 'g_gpe_gpi_mult': 0.889707544770177}. Best is trial 964 with value: 0.12549101136847124.
[I 2026-05-28 03:54:19,442] Trial 965 finished with value: 0.12683873598431863 and parameters: {'ISTN': 60.10341760411984, 'I_gpe': 1.0046160408587623, 'I_gpi': 2.2235451848319103, 'noise_stn_sigma': 1.8887943702321486, 'noise_gpe_sigma': 100.93960341669879, 'noise_gpi_sigma': 85.84660514265, 'g_stn_gpe_mult': 3.968521080833186, 'g_gpe_stn_mult': 0.1812988444453914, 'g_stn_gpi_mult': 1.4436955446997923, 'g_gpe_gpi_mult': 0.8801311606021818}. Best is trial 964 with value: 0.12549101136847124.
[I 2026-05-28 03:54:20,452] Trial 966 finished with value: 0.12918156493096758 and parameters: {'ISTN': 60.08645288332782, 'I_gpe': 1.0067601753748951, 'I_gpi': 2.23290535569567, 'noise_stn_sigma': 1.8998887311179624, 'noise_gpe_sigma': 100.1715576745482, 'noise_gpi_sigma': 86.80840292982519, 'g_stn_gpe_mult': 3.9666798898866813, 'g_gpe_stn_mult': 0.18280020239300007, 'g_stn_gpi_mult': 1.4544286604667804, 'g_gpe_gpi_mult': 0.8881810887019124}. Best is trial 964 with value: 0.12549101136847124.
[I 2026-05-28 03:54:21,460] Trial 967 finished with value: 0.22116130927890612 and parameters: {'ISTN': 60.19113406971168, 'I_gpe': 1.0198689899187814, 'I_gpi': 2.238956246297624, 'noise_stn_sigma': 1.9266833535323373, 'noise_gpe_sigma': 101.39163708780022, 'noise_gpi_sigma': 85.81489839847059, 'g_stn_gpe_mult': 3.996955753706134, 'g_gpe_stn_mult': 0.1805582313458124, 'g_stn_gpi_mult': 1.4313325050791588, 'g_gpe_gpi_mult': 0.876701376002855}. Best is trial 964 with value: 0.12549101136847124.
