[I 2026-05-28 02:58:56,081] Trial 704 finished with value: 0.15526106020096545 and parameters: {'ISTN': 61.02747656239254, 'I_gpe': 1.1150197906309351, 'I_gpi': 2.1179863371400005, 'noise_stn_sigma': 3.8041973495403036, 'noise_gpe_sigma': 98.29348516158214, 'noise_gpi_sigma': 110.13131727406456, 'g_stn_gpe_mult': 4.361394415105412, 'g_gpe_stn_mult': 0.16318878868618916, 'g_stn_gpi_mult': 2.3167678424699942, 'g_gpe_gpi_mult': 0.9998977909197044}. Best is trial 666 with value: 0.143208725269466.
[I 2026-05-28 02:58:57,092] Trial 705 finished with value: 0.15361573022911112 and parameters: {'ISTN': 60.57113968733086, 'I_gpe': 1.0459536889641077, 'I_gpi': 2.0967073397944427, 'noise_stn_sigma': 3.88244908572758, 'noise_gpe_sigma': 106.29564999559449, 'noise_gpi_sigma': 108.7744906887686, 'g_stn_gpe_mult': 4.3366864460118, 'g_gpe_stn_mult': 0.1676776988919624, 'g_stn_gpi_mult': 2.3034114111378603, 'g_gpe_gpi_mult': 0.9654253988242223}. Best is trial 666 with value: 0.143208725269466.
[I 2026-05-28 02:58:58,105] Trial 706 finished with value: 0.16457844803392724 and parameters: {'ISTN': 60.95509981615158, 'I_gpe': 1.0960486340672717, 'I_gpi': 2.131257568753946, 'noise_stn_sigma': 3.8165247055875753, 'noise_gpe_sigma': 98.11751359829613, 'noise_gpi_sigma': 110.81791921620123, 'g_stn_gpe_mult': 4.383800714062684, 'g_gpe_stn_mult': 0.16446819981894856, 'g_stn_gpi_mult': 2.252331450935404, 'g_gpe_gpi_mult': 0.9833397720296628}. Best is trial 666 with value: 0.143208725269466.
[I 2026-05-28 02:58:59,115] Trial 707 finished with value: 0.1507072796104724 and parameters: {'ISTN': 60.302707146405346, 'I_gpe': 1.0997664729536853, 'I_gpi': 2.1474643733778667, 'noise_stn_sigma': 3.7969219880390774, 'noise_gpe_sigma': 97.7466855013577, 'noise_gpi_sigma': 113.38123075968562, 'g_stn_gpe_mult': 4.44985002690524, 'g_gpe_stn_mult': 0.16912961236140128, 'g_stn_gpi_mult': 2.2386155896639934, 'g_gpe_gpi_mult': 0.9926128179574987}. Best is trial 666 with value: 0.143208725269466.
[I 2026-05-28 02:59:00,127] Trial 708 finished with value: 0.16176897807022708 and parameters: {'ISTN': 60.77622267937497, 'I_gpe': 1.078075813448626, 'I_gpi': 2.099182733064038, 'noise_stn_sigma': 3.759695732728803, 'noise_gpe_sigma': 99.33133422463132, 'noise_gpi_sigma': 111.69869270665005, 'g_stn_gpe_mult': 4.436520491137074, 'g_gpe_stn_mult': 0.1759707286626051, 'g_stn_gpi_mult': 2.2499626351695308, 'g_gpe_gpi_mult': 1.02362696088475}. Best is trial 666 with value: 0.143208725269466.
[I 2026-05-28 02:59:01,076] Trial 709 finished with value: 1000000.0 and parameters: {'ISTN': 60.6881235788362, 'I_gpe': 1.040514741900171, 'I_gpi': 2.098671651455012, 'noise_stn_sigma': 3.7756742681563775, 'noise_gpe_sigma': 102.28391974661379, 'noise_gpi_sigma': 113.2603557301167, 'g_stn_gpe_mult': 4.428773689151843, 'g_gpe_stn_mult': 0.16296008590857627, 'g_stn_gpi_mult': 2.189058401084475, 'g_gpe_gpi_mult': 1.0062858800318513}. Best is trial 666 with value: 0.143208725269466.
[I 2026-05-28 02:59:02,086] Trial 710 finished with value: 0.14414653425867469 and parameters: {'ISTN': 60.03166586414856, 'I_gpe': 1.1299122037422302, 'I_gpi': 2.1413245364159574, 'noise_stn_sigma': 3.8376385005539237, 'noise_gpe_sigma': 95.18700578877534, 'noise_gpi_sigma': 111.8471362204058, 'g_stn_gpe_mult': 4.386449400084842, 'g_gpe_stn_mult': 0.17382966620945334, 'g_stn_gpi_mult': 2.2800456131930145, 'g_gpe_gpi_mult': 1.0178491600902553}. Best is trial 666 with value: 0.143208725269466.
[I 2026-05-28 02:59:03,097] Trial 711 finished with value: 0.1555970496163311 and parameters: {'ISTN': 60.368073138693546, 'I_gpe': 1.1290538247309638, 'I_gpi': 2.1739086839527024, 'noise_stn_sigma': 3.764804872339983, 'noise_gpe_sigma': 94.14510335864821, 'noise_gpi_sigma': 110.16622602348767, 'g_stn_gpe_mult': 4.412663906173585, 'g_gpe_stn_mult': 0.17120449248522518, 'g_stn_gpi_mult': 2.282966902447379, 'g_gpe_gpi_mult': 0.9940406285975527}. Best is trial 666 with value: 0.143208725269466.
[I 2026-05-28 02:59:04,107] Trial 712 finished with value: 0.1603747697295698 and parameters: {'ISTN': 60.868291453507, 'I_gpe': 1.1415389342268614, 'I_gpi': 2.1442025544956715, 'noise_stn_sigma': 3.968116069691612, 'noise_gpe_sigma': 98.22318905524635, 'noise_gpi_sigma': 108.87960373925733, 'g_stn_gpe_mult': 4.369621735934376, 'g_gpe_stn_mult': 0.16695532284487333, 'g_stn_gpi_mult': 2.303581716598746, 'g_gpe_gpi_mult': 1.0265957049988546}. Best is trial 666 with value: 0.143208725269466.
[I 2026-05-28 02:59:05,115] Trial 713 finished with value: 0.15496191750282692 and parameters: {'ISTN': 60.50808595822578, 'I_gpe': 1.0934243987829504, 'I_gpi': 2.1132292441746556, 'noise_stn_sigma': 3.8137316360200835, 'noise_gpe_sigma': 97.86910125741707, 'noise_gpi_sigma': 111.38764714472447, 'g_stn_gpe_mult': 4.386556087241851, 'g_gpe_stn_mult': 0.17274232546910948, 'g_stn_gpi_mult': 2.2989954317681356, 'g_gpe_gpi_mult': 1.0095919819752037}. Best is trial 666 with value: 0.143208725269466.
[I 2026-05-28 02:59:06,125] Trial 714 finished with value: 0.1576551690238485 and parameters: {'ISTN': 60.632332562260956, 'I_gpe': 1.172820608443579, 'I_gpi': 2.1480233233181467, 'noise_stn_sigma': 3.8501912620378467, 'noise_gpe_sigma': 97.56215625907599, 'noise_gpi_sigma': 114.60917715216206, 'g_stn_gpe_mult': 4.474083163397172, 'g_gpe_stn_mult': 0.1640348749934269, 'g_stn_gpi_mult': 2.2718644936149426, 'g_gpe_gpi_mult': 1.001835477619212}. Best is trial 666 with value: 0.143208725269466.
[I 2026-05-28 02:59:07,136] Trial 715 finished with value: 0.15278695520934787 and parameters: {'ISTN': 60.21545210831969, 'I_gpe': 1.1374980092102476, 'I_gpi': 2.179233994077514, 'noise_stn_sigma': 3.8326801130237143, 'noise_gpe_sigma': 93.48577905663718, 'noise_gpi_sigma': 111.19145792251575, 'g_stn_gpe_mult': 4.35831018026293, 'g_gpe_stn_mult': 0.17330178887024492, 'g_stn_gpi_mult': 2.262724835572013, 'g_gpe_gpi_mult': 1.0388011740452354}. Best is trial 666 with value: 0.143208725269466.
[I 2026-05-28 02:59:08,146] Trial 716 finished with value: 0.14337018353426612 and parameters: {'ISTN': 60.43381161967235, 'I_gpe': 1.1228951244249312, 'I_gpi': 2.1399041927734856, 'noise_stn_sigma': 3.748018381986424, 'noise_gpe_sigma': 97.912783687134, 'noise_gpi_sigma': 109.92599551439949, 'g_stn_gpe_mult': 4.443190600972371, 'g_gpe_stn_mult': 0.1663277366097168, 'g_stn_gpi_mult': 2.321234637472885, 'g_gpe_gpi_mult': 1.001414525725258}. Best is trial 666 with value: 0.143208725269466.
[I 2026-05-28 02:59:09,155] Trial 717 finished with value: 0.16428785210199193 and parameters: {'ISTN': 61.11807767078671, 'I_gpe': 1.1615397330564219, 'I_gpi': 2.1578790908671266, 'noise_stn_sigma': 3.736689071311982, 'noise_gpe_sigma': 97.55665505511476, 'noise_gpi_sigma': 111.27206816418114, 'g_stn_gpe_mult': 4.399646953396775, 'g_gpe_stn_mult': 0.16493508720483832, 'g_stn_gpi_mult': 2.2704511410274444, 'g_gpe_gpi_mult': 0.9894611267152593}. Best is trial 666 with value: 0.143208725269466.
[I 2026-05-28 02:59:10,165] Trial 718 finished with value: 0.1744771030712467 and parameters: {'ISTN': 60.234688207273884, 'I_gpe': 1.1177250343001621, 'I_gpi': 2.1394871053774986, 'noise_stn_sigma': 3.939126486821187, 'noise_gpe_sigma': 98.81407983673121, 'noise_gpi_sigma': 109.09537962047631, 'g_stn_gpe_mult': 4.446489810258484, 'g_gpe_stn_mult': 0.15342248171706213, 'g_stn_gpi_mult': 2.2882742258854556, 'g_gpe_gpi_mult': 1.0164123342049982}. Best is trial 666 with value: 0.143208725269466.
[I 2026-05-28 02:59:11,174] Trial 719 finished with value: 0.1535581954796946 and parameters: {'ISTN': 60.5127957215958, 'I_gpe': 1.1444795896871873, 'I_gpi': 2.1596055290303418, 'noise_stn_sigma': 3.8275613346244777, 'noise_gpe_sigma': 95.20796194695791, 'noise_gpi_sigma': 108.61773356794035, 'g_stn_gpe_mult': 4.315060049865686, 'g_gpe_stn_mult': 0.17010153574081205, 'g_stn_gpi_mult': 2.293129227859195, 'g_gpe_gpi_mult': 1.0096926792093464}. Best is trial 666 with value: 0.143208725269466.
[I 2026-05-28 02:59:12,182] Trial 720 finished with value: 0.1531959105430719 and parameters: {'ISTN': 60.496640645825515, 'I_gpe': 1.1068142594672574, 'I_gpi': 2.1153294730890124, 'noise_stn_sigma': 3.9414466835814457, 'noise_gpe_sigma': 96.9320332747135, 'noise_gpi_sigma': 111.11731000292387, 'g_stn_gpe_mult': 4.397581408774091, 'g_gpe_stn_mult': 0.16948844386917708, 'g_stn_gpi_mult': 2.179218460956453, 'g_gpe_gpi_mult': 0.9999620176461559}. Best is trial 666 with value: 0.143208725269466.
[I 2026-05-28 02:59:13,191] Trial 721 finished with value: 0.17059950177315922 and parameters: {'ISTN': 60.69794432807743, 'I_gpe': 1.1757100907713134, 'I_gpi': 2.065409519260361, 'noise_stn_sigma': 3.9504649552668556, 'noise_gpe_sigma': 101.57697557654942, 'noise_gpi_sigma': 109.20177915814686, 'g_stn_gpe_mult': 4.411921351643283, 'g_gpe_stn_mult': 0.16989750017430078, 'g_stn_gpi_mult': 2.3192631171958276, 'g_gpe_gpi_mult': 1.0005839459190726}. Best is trial 666 with value: 0.143208725269466.
[I 2026-05-28 02:59:14,201] Trial 722 finished with value: 0.166908986472235 and parameters: {'ISTN': 60.912800307155095, 'I_gpe': 1.1123710430504155, 'I_gpi': 2.1589698538982454, 'noise_stn_sigma': 3.7173865360400837, 'noise_gpe_sigma': 93.15791389306554, 'noise_gpi_sigma': 109.54691007705853, 'g_stn_gpe_mult': 4.344192512424593, 'g_gpe_stn_mult': 0.17140901406940695, 'g_stn_gpi_mult': 2.3156149161607367, 'g_gpe_gpi_mult': 1.0302350419131785}. Best is trial 666 with value: 0.143208725269466.
[I 2026-05-28 02:59:15,210] Trial 723 finished with value: 0.1639280709161883 and parameters: {'ISTN': 60.982263876001724, 'I_gpe': 1.1074838254072996, 'I_gpi': 2.1424346792241815, 'noise_stn_sigma': 3.9177018242694426, 'noise_gpe_sigma': 95.73254604223551, 'noise_gpi_sigma': 109.9944892823815, 'g_stn_gpe_mult': 4.3949951297469365, 'g_gpe_stn_mult': 0.16457468150982318, 'g_stn_gpi_mult': 2.2422039801914733, 'g_gpe_gpi_mult': 1.028595724856225}. Best is trial 666 with value: 0.143208725269466.
[I 2026-05-28 02:59:16,222] Trial 724 finished with value: 0.15126776573543185 and parameters: {'ISTN': 60.4120316644677, 'I_gpe': 1.0733176263834294, 'I_gpi': 2.1834953964318125, 'noise_stn_sigma': 3.6715076276292766, 'noise_gpe_sigma': 96.61024913254863, 'noise_gpi_sigma': 112.16077068835415, 'g_stn_gpe_mult': 4.435507188393459, 'g_gpe_stn_mult': 0.16999860876753087, 'g_stn_gpi_mult': 2.3347523064634808, 'g_gpe_gpi_mult': 1.0030645894819126}. Best is trial 666 with value: 0.143208725269466.
[I 2026-05-28 02:59:17,234] Trial 725 finished with value: 0.15887122951567167 and parameters: {'ISTN': 60.184948605423976, 'I_gpe': 1.1161148265460412, 'I_gpi': 2.163082672104866, 'noise_stn_sigma': 3.7862880024693903, 'noise_gpe_sigma': 97.49663274792213, 'noise_gpi_sigma': 112.96599520524632, 'g_stn_gpe_mult': 4.461460642994344, 'g_gpe_stn_mult': 0.18125799337211285, 'g_stn_gpi_mult': 2.2476282505428697, 'g_gpe_gpi_mult': 1.0048158704136114}. Best is trial 666 with value: 0.143208725269466.
[I 2026-05-28 02:59:18,244] Trial 726 finished with value: 0.16761300744609306 and parameters: {'ISTN': 60.55754287736036, 'I_gpe': 1.1469479652962402, 'I_gpi': 2.279606493488979, 'noise_stn_sigma': 3.6286941120014387, 'noise_gpe_sigma': 92.49269685235198, 'noise_gpi_sigma': 109.1570034533857, 'g_stn_gpe_mult': 4.321872728144564, 'g_gpe_stn_mult': 0.17349016433786307, 'g_stn_gpi_mult': 2.2374023681379116, 'g_gpe_gpi_mult': 1.0182060515850213}. Best is trial 666 with value: 0.143208725269466.
[I 2026-05-28 02:59:19,254] Trial 727 finished with value: 0.15247296713850736 and parameters: {'ISTN': 60.71481324156753, 'I_gpe': 1.0937760304966186, 'I_gpi': 2.2092921206763276, 'noise_stn_sigma': 3.7321385576460036, 'noise_gpe_sigma': 95.75914568583651, 'noise_gpi_sigma': 111.11774423612675, 'g_stn_gpe_mult': 4.4261478323598356, 'g_gpe_stn_mult': 0.16115476010390856, 'g_stn_gpi_mult': 2.313614501892669, 'g_gpe_gpi_mult': 1.0002464969971858}. Best is trial 666 with value: 0.143208725269466.
[I 2026-05-28 02:59:20,264] Trial 728 finished with value: 0.1734361195078822 and parameters: {'ISTN': 60.799825210085615, 'I_gpe': 1.0950237778604075, 'I_gpi': 2.114847321903178, 'noise_stn_sigma': 3.7609419595236817, 'noise_gpe_sigma': 96.92161058429663, 'noise_gpi_sigma': 111.02249276023633, 'g_stn_gpe_mult': 4.389072020121883, 'g_gpe_stn_mult': 0.17716806011747288, 'g_stn_gpi_mult': 2.3007460813475813, 'g_gpe_gpi_mult': 0.995277019754274}. Best is trial 666 with value: 0.143208725269466.
[I 2026-05-28 02:59:21,273] Trial 729 finished with value: 0.1540152199699799 and parameters: {'ISTN': 60.488685596931646, 'I_gpe': 1.1240102853029683, 'I_gpi': 2.1329257880901618, 'noise_stn_sigma': 3.879640695887348, 'noise_gpe_sigma': 95.67459215904397, 'noise_gpi_sigma': 110.78203928508997, 'g_stn_gpe_mult': 4.385045710921977, 'g_gpe_stn_mult': 0.16438941043098793, 'g_stn_gpi_mult': 2.2573041476174756, 'g_gpe_gpi_mult': 1.0319535754602496}. Best is trial 666 with value: 0.143208725269466.
[I 2026-05-28 02:59:22,284] Trial 730 finished with value: 0.15671449883012795 and parameters: {'ISTN': 60.70233847757105, 'I_gpe': 1.1069123696049128, 'I_gpi': 2.1566364063000005, 'noise_stn_sigma': 3.817857666191541, 'noise_gpe_sigma': 98.30785433326912, 'noise_gpi_sigma': 111.31310382424962, 'g_stn_gpe_mult': 4.4323389005272125, 'g_gpe_stn_mult': 0.1625942434382547, 'g_stn_gpi_mult': 2.2147261628836494, 'g_gpe_gpi_mult': 0.9834670830955841}. Best is trial 666 with value: 0.143208725269466.
[I 2026-05-28 02:59:23,298] Trial 731 finished with value: 0.15189518241296388 and parameters: {'ISTN': 60.1637423158154, 'I_gpe': 1.0595080463442599, 'I_gpi': 2.1438127992317932, 'noise_stn_sigma': 3.9269426968207566, 'noise_gpe_sigma': 98.3070782803262, 'noise_gpi_sigma': 111.5647708690947, 'g_stn_gpe_mult': 4.46731371371024, 'g_gpe_stn_mult': 0.16248017705985773, 'g_stn_gpi_mult': 2.2997222916899123, 'g_gpe_gpi_mult': 0.9946424301513812}. Best is trial 666 with value: 0.143208725269466.
[I 2026-05-28 02:59:24,306] Trial 732 finished with value: 0.14449377014271497 and parameters: {'ISTN': 60.17403659109816, 'I_gpe': 1.1518064427196628, 'I_gpi': 2.200613763750881, 'noise_stn_sigma': 3.82426344189753, 'noise_gpe_sigma': 96.32752737819719, 'noise_gpi_sigma': 111.20745980022389, 'g_stn_gpe_mult': 4.429096648021478, 'g_gpe_stn_mult': 0.16443321072199635, 'g_stn_gpi_mult': 2.2761458757875217, 'g_gpe_gpi_mult': 0.9860503616171348}. Best is trial 666 with value: 0.143208725269466.
[I 2026-05-28 02:59:25,313] Trial 733 finished with value: 0.1538107596548919 and parameters: {'ISTN': 60.132422018826524, 'I_gpe': 1.0968140388058922, 'I_gpi': 2.2778067720728084, 'noise_stn_sigma': 3.601781726399159, 'noise_gpe_sigma': 94.67362559542552, 'noise_gpi_sigma': 113.88705512738201, 'g_stn_gpe_mult': 4.389357571668087, 'g_gpe_stn_mult': 0.1715831786493514, 'g_stn_gpi_mult': 2.2386333219018293, 'g_gpe_gpi_mult': 1.001192131079023}. Best is trial 666 with value: 0.143208725269466.
[I 2026-05-28 02:59:26,323] Trial 734 finished with value: 0.15845517171993878 and parameters: {'ISTN': 60.791320833860006, 'I_gpe': 1.0456219830289668, 'I_gpi': 2.208543338093711, 'noise_stn_sigma': 3.6613082482427277, 'noise_gpe_sigma': 96.39118523779096, 'noise_gpi_sigma': 110.96534947353376, 'g_stn_gpe_mult': 4.37513749980119, 'g_gpe_stn_mult': 0.1692085661199098, 'g_stn_gpi_mult': 2.2730701603828782, 'g_gpe_gpi_mult': 0.9931987381526091}. Best is trial 666 with value: 0.143208725269466.
[I 2026-05-28 02:59:27,334] Trial 735 finished with value: 0.16039154887181062 and parameters: {'ISTN': 60.56889610148767, 'I_gpe': 1.1281711649479012, 'I_gpi': 2.248022033186475, 'noise_stn_sigma': 3.6986258272518318, 'noise_gpe_sigma': 93.26917171609847, 'noise_gpi_sigma': 110.07117594697776, 'g_stn_gpe_mult': 4.393818607479598, 'g_gpe_stn_mult': 0.16922215787844752, 'g_stn_gpi_mult': 2.3029575160446276, 'g_gpe_gpi_mult': 0.9965312129986916}. Best is trial 666 with value: 0.143208725269466.
[I 2026-05-28 02:59:28,344] Trial 736 finished with value: 0.16170192992428134 and parameters: {'ISTN': 61.01876756556402, 'I_gpe': 1.0934547494881761, 'I_gpi': 2.1880826334075367, 'noise_stn_sigma': 3.640333370612252, 'noise_gpe_sigma': 91.09411567755207, 'noise_gpi_sigma': 109.51806015584174, 'g_stn_gpe_mult': 4.39130415212229, 'g_gpe_stn_mult': 0.16761194160845333, 'g_stn_gpi_mult': 2.367174539572223, 'g_gpe_gpi_mult': 1.0227392028123012}. Best is trial 666 with value: 0.143208725269466.
[I 2026-05-28 02:59:29,356] Trial 737 finished with value: 0.15531773694765116 and parameters: {'ISTN': 60.80562679201429, 'I_gpe': 1.1053586898176935, 'I_gpi': 2.201508904524144, 'noise_stn_sigma': 3.7479022246250713, 'noise_gpe_sigma': 93.2105842957004, 'noise_gpi_sigma': 111.4789247032074, 'g_stn_gpe_mult': 4.409354621363048, 'g_gpe_stn_mult': 0.1667660253565046, 'g_stn_gpi_mult': 2.2873708341442938, 'g_gpe_gpi_mult': 1.0014141827930374}. Best is trial 666 with value: 0.143208725269466.
[I 2026-05-28 02:59:30,367] Trial 738 finished with value: 0.1579238742230856 and parameters: {'ISTN': 60.64733564330457, 'I_gpe': 1.0984440510483218, 'I_gpi': 2.1450793576956304, 'noise_stn_sigma': 3.7242719116317926, 'noise_gpe_sigma': 98.26215222096032, 'noise_gpi_sigma': 112.53668557889837, 'g_stn_gpe_mult': 4.362662033945046, 'g_gpe_stn_mult': 0.16908382090834437, 'g_stn_gpi_mult': 2.2531440271496335, 'g_gpe_gpi_mult': 1.0099671710588878}. Best is trial 666 with value: 0.143208725269466.
[I 2026-05-28 02:59:31,376] Trial 739 finished with value: 0.16040056470499398 and parameters: {'ISTN': 61.108566330530365, 'I_gpe': 1.1214763628134063, 'I_gpi': 2.2051466559559856, 'noise_stn_sigma': 3.797154296728782, 'noise_gpe_sigma': 96.48136176590833, 'noise_gpi_sigma': 111.33464570448668, 'g_stn_gpe_mult': 4.399268749536434, 'g_gpe_stn_mult': 0.15885579727213006, 'g_stn_gpi_mult': 2.312158180930862, 'g_gpe_gpi_mult': 1.0086593518777969}. Best is trial 666 with value: 0.143208725269466.
[I 2026-05-28 02:59:32,388] Trial 740 finished with value: 0.15691720277191126 and parameters: {'ISTN': 60.376966329180824, 'I_gpe': 1.0761580111847984, 'I_gpi': 2.1316163707476927, 'noise_stn_sigma': 3.8189711237571595, 'noise_gpe_sigma': 101.10228799296455, 'noise_gpi_sigma': 112.15438695391889, 'g_stn_gpe_mult': 4.412369776088319, 'g_gpe_stn_mult': 0.1773261833295332, 'g_stn_gpi_mult': 2.279518354317412, 'g_gpe_gpi_mult': 0.9944985514475764}. Best is trial 666 with value: 0.143208725269466.
[I 2026-05-28 02:59:33,399] Trial 741 finished with value: 0.15079719479347756 and parameters: {'ISTN': 60.186008025706656, 'I_gpe': 1.1156219793099884, 'I_gpi': 2.150149727196718, 'noise_stn_sigma': 3.7444509235299748, 'noise_gpe_sigma': 96.25969061457629, 'noise_gpi_sigma': 112.04570519241096, 'g_stn_gpe_mult': 4.444946092503411, 'g_gpe_stn_mult': 0.1711570858608623, 'g_stn_gpi_mult': 2.311482290851825, 'g_gpe_gpi_mult': 1.0043396284709158}. Best is trial 666 with value: 0.143208725269466.
[I 2026-05-28 02:59:34,408] Trial 742 finished with value: 0.14967229620706757 and parameters: {'ISTN': 60.386317573224616, 'I_gpe': 1.0735378035674619, 'I_gpi': 2.176205473747009, 'noise_stn_sigma': 3.8365223345970927, 'noise_gpe_sigma': 98.50734912009328, 'noise_gpi_sigma': 112.74549301686493, 'g_stn_gpe_mult': 4.399764454479465, 'g_gpe_stn_mult': 0.16437049704724102, 'g_stn_gpi_mult': 2.2695232225905864, 'g_gpe_gpi_mult': 1.0138355075387064}. Best is trial 666 with value: 0.143208725269466.
[I 2026-05-28 02:59:35,419] Trial 743 finished with value: 0.14565061964619036 and parameters: {'ISTN': 60.248550256439636, 'I_gpe': 1.0902471370353157, 'I_gpi': 2.1957182789198617, 'noise_stn_sigma': 3.679143281778659, 'noise_gpe_sigma': 94.02562658027949, 'noise_gpi_sigma': 112.62407787870822, 'g_stn_gpe_mult': 4.369157754382442, 'g_gpe_stn_mult': 0.16615980103703143, 'g_stn_gpi_mult': 2.294710958441013, 'g_gpe_gpi_mult': 0.9900695845318752}. Best is trial 666 with value: 0.143208725269466.
[I 2026-05-28 02:59:36,427] Trial 744 finished with value: 0.1690122556730146 and parameters: {'ISTN': 61.18508595049349, 'I_gpe': 1.1355269317989891, 'I_gpi': 2.2044976069858664, 'noise_stn_sigma': 3.9590850807715667, 'noise_gpe_sigma': 97.21946138424005, 'noise_gpi_sigma': 111.55096785873039, 'g_stn_gpe_mult': 4.433426361163189, 'g_gpe_stn_mult': 0.15872675902342911, 'g_stn_gpi_mult': 2.231376824468118, 'g_gpe_gpi_mult': 0.9847859079091046}. Best is trial 666 with value: 0.143208725269466.
[I 2026-05-28 02:59:37,436] Trial 745 finished with value: 0.15479109197151927 and parameters: {'ISTN': 60.53136524974569, 'I_gpe': 1.1194563197015577, 'I_gpi': 2.1935215696468973, 'noise_stn_sigma': 3.720470818420277, 'noise_gpe_sigma': 95.13997421332938, 'noise_gpi_sigma': 111.74608623448061, 'g_stn_gpe_mult': 4.3850896920803635, 'g_gpe_stn_mult': 0.16636926169190847, 'g_stn_gpi_mult': 2.270889784088647, 'g_gpe_gpi_mult': 1.003973527147105}. Best is trial 666 with value: 0.143208725269466.
[I 2026-05-28 02:59:38,445] Trial 746 finished with value: 0.15554296916215535 and parameters: {'ISTN': 60.69635666188427, 'I_gpe': 1.099949178035807, 'I_gpi': 2.2259938664586665, 'noise_stn_sigma': 3.7003490366524163, 'noise_gpe_sigma': 95.8790529176905, 'noise_gpi_sigma': 113.77175077080746, 'g_stn_gpe_mult': 4.468969322142236, 'g_gpe_stn_mult': 0.16303904696767, 'g_stn_gpi_mult': 2.281819832274201, 'g_gpe_gpi_mult': 0.9814342199348094}. Best is trial 666 with value: 0.143208725269466.
[I 2026-05-28 02:59:39,456] Trial 747 finished with value: 0.1443255203656525 and parameters: {'ISTN': 60.088487520785456, 'I_gpe': 1.1079647330149196, 'I_gpi': 2.2216391835685743, 'noise_stn_sigma': 3.8131696897305893, 'noise_gpe_sigma': 95.59775885534663, 'noise_gpi_sigma': 112.34233096502797, 'g_stn_gpe_mult': 4.455142404347044, 'g_gpe_stn_mult': 0.1601669313431046, 'g_stn_gpi_mult': 2.246211505227322, 'g_gpe_gpi_mult': 0.9887150375066043}. Best is trial 666 with value: 0.143208725269466.
