[I 2026-05-28 02:55:14,119] Trial 484 finished with value: 0.18030161448326779 and parameters: {'ISTN': 61.99586511406543, 'I_gpe': 1.1628436603879506, 'I_gpi': 2.1340863881587726, 'noise_stn_sigma': 4.0748932609547825, 'noise_gpe_sigma': 88.03026176222242, 'noise_gpi_sigma': 102.60906122175888, 'g_stn_gpe_mult': 4.425192889488042, 'g_gpe_stn_mult': 0.14897642597055033, 'g_stn_gpi_mult': 2.358028772386639, 'g_gpe_gpi_mult': 0.9996162211678601}. Best is trial 394 with value: 0.15554121280607974.
[I 2026-05-28 02:55:15,128] Trial 485 finished with value: 0.16688975879706416 and parameters: {'ISTN': 61.1531021600875, 'I_gpe': 1.0485555427941855, 'I_gpi': 2.1599909415849456, 'noise_stn_sigma': 3.9017191604698986, 'noise_gpe_sigma': 90.23024050468595, 'noise_gpi_sigma': 109.46907576357519, 'g_stn_gpe_mult': 4.4631735511553075, 'g_gpe_stn_mult': 0.15309916334096996, 'g_stn_gpi_mult': 2.480839490829136, 'g_gpe_gpi_mult': 0.9420931371372563}. Best is trial 394 with value: 0.15554121280607974.
[I 2026-05-28 02:55:16,138] Trial 486 finished with value: 1.3615889743616258 and parameters: {'ISTN': 60.3391103511849, 'I_gpe': 1.2594361043869369, 'I_gpi': 2.2191701425947583, 'noise_stn_sigma': 3.5951516491865534, 'noise_gpe_sigma': 85.69004609568772, 'noise_gpi_sigma': 109.48046578812499, 'g_stn_gpe_mult': 4.388911740460534, 'g_gpe_stn_mult': 0.13766142884491106, 'g_stn_gpi_mult': 2.3913184431091863, 'g_gpe_gpi_mult': 0.97722697136935}. Best is trial 394 with value: 0.15554121280607974.
[I 2026-05-28 02:55:17,147] Trial 487 finished with value: 0.21133160577982188 and parameters: {'ISTN': 63.20521060037049, 'I_gpe': 1.2857416633583372, 'I_gpi': 2.0609927194958724, 'noise_stn_sigma': 4.204681085783815, 'noise_gpe_sigma': 89.86200284769231, 'noise_gpi_sigma': 108.81090701501756, 'g_stn_gpe_mult': 4.5640985302433, 'g_gpe_stn_mult': 0.13086004731169992, 'g_stn_gpi_mult': 2.265976519488791, 'g_gpe_gpi_mult': 1.055002463898884}. Best is trial 394 with value: 0.15554121280607974.
[I 2026-05-28 02:55:18,155] Trial 488 finished with value: 0.19414880374764334 and parameters: {'ISTN': 62.10606173213947, 'I_gpe': 1.1682263694323427, 'I_gpi': 2.2389740858412415, 'noise_stn_sigma': 3.626324493314529, 'noise_gpe_sigma': 87.30395605015313, 'noise_gpi_sigma': 117.17665742910616, 'g_stn_gpe_mult': 4.764929176422527, 'g_gpe_stn_mult': 0.16583010417297928, 'g_stn_gpi_mult': 2.279553413416915, 'g_gpe_gpi_mult': 0.9349103362459026}. Best is trial 394 with value: 0.15554121280607974.
[I 2026-05-28 02:55:19,165] Trial 489 finished with value: 0.1901604261699765 and parameters: {'ISTN': 63.1534168087089, 'I_gpe': 1.0950175719089525, 'I_gpi': 2.1807315530766185, 'noise_stn_sigma': 3.6304155583476803, 'noise_gpe_sigma': 86.45815798421741, 'noise_gpi_sigma': 111.13954422340096, 'g_stn_gpe_mult': 4.508551051727689, 'g_gpe_stn_mult': 0.14976255039703623, 'g_stn_gpi_mult': 2.4065177549012486, 'g_gpe_gpi_mult': 0.9618942997040949}. Best is trial 394 with value: 0.15554121280607974.
[I 2026-05-28 02:55:20,174] Trial 490 finished with value: 0.1919897588236395 and parameters: {'ISTN': 61.888246016628926, 'I_gpe': 1.1987246014226334, 'I_gpi': 2.298789060773352, 'noise_stn_sigma': 3.8768419710646005, 'noise_gpe_sigma': 88.1573276498411, 'noise_gpi_sigma': 115.00479328114396, 'g_stn_gpe_mult': 4.613574724878488, 'g_gpe_stn_mult': 0.14137034214946367, 'g_stn_gpi_mult': 2.187751724381309, 'g_gpe_gpi_mult': 1.014632753129817}. Best is trial 394 with value: 0.15554121280607974.
[I 2026-05-28 02:55:21,183] Trial 491 finished with value: 0.28254085408704804 and parameters: {'ISTN': 62.097110943892744, 'I_gpe': 1.0794713606347712, 'I_gpi': 2.233196642501291, 'noise_stn_sigma': 4.118032009667507, 'noise_gpe_sigma': 90.90309825372657, 'noise_gpi_sigma': 107.89190754876029, 'g_stn_gpe_mult': 4.418120554323829, 'g_gpe_stn_mult': 0.155617361612084, 'g_stn_gpi_mult': 2.4250114432292094, 'g_gpe_gpi_mult': 0.9424544910982147}. Best is trial 394 with value: 0.15554121280607974.
[I 2026-05-28 02:55:22,193] Trial 492 finished with value: 0.22810299124305028 and parameters: {'ISTN': 62.84036172406673, 'I_gpe': 1.0822878399189206, 'I_gpi': 2.2962601737713384, 'noise_stn_sigma': 3.9282784925202385, 'noise_gpe_sigma': 89.01558854453856, 'noise_gpi_sigma': 110.07094569007256, 'g_stn_gpe_mult': 4.449807213130809, 'g_gpe_stn_mult': 0.11735056236772223, 'g_stn_gpi_mult': 2.457678108621516, 'g_gpe_gpi_mult': 0.9999449600575412}. Best is trial 394 with value: 0.15554121280607974.
[I 2026-05-28 02:55:23,202] Trial 493 finished with value: 0.22127419497679943 and parameters: {'ISTN': 63.521418529, 'I_gpe': 1.1050282874127426, 'I_gpi': 2.197177862579161, 'noise_stn_sigma': 3.6226957892567593, 'noise_gpe_sigma': 83.34261255085869, 'noise_gpi_sigma': 109.38430094175139, 'g_stn_gpe_mult': 4.507982825515898, 'g_gpe_stn_mult': 0.14924173204821942, 'g_stn_gpi_mult': 2.2470300796628946, 'g_gpe_gpi_mult': 0.9592235831229616}. Best is trial 394 with value: 0.15554121280607974.
[I 2026-05-28 02:55:24,209] Trial 494 finished with value: 0.19254107104151977 and parameters: {'ISTN': 62.32498717808149, 'I_gpe': 1.0112526039753191, 'I_gpi': 2.1847900521855026, 'noise_stn_sigma': 3.710695067766656, 'noise_gpe_sigma': 82.6838313199608, 'noise_gpi_sigma': 110.09896152208853, 'g_stn_gpe_mult': 4.440342227481786, 'g_gpe_stn_mult': 0.16749624607349678, 'g_stn_gpi_mult': 2.4774199002672352, 'g_gpe_gpi_mult': 0.9638369071880408}. Best is trial 394 with value: 0.15554121280607974.
[I 2026-05-28 02:55:25,220] Trial 495 finished with value: 1.8137386496488799 and parameters: {'ISTN': 62.28366138267296, 'I_gpe': 1.0151567328506477, 'I_gpi': 2.0976533171842506, 'noise_stn_sigma': 4.262145983615888, 'noise_gpe_sigma': 92.18085821527512, 'noise_gpi_sigma': 109.22356238546544, 'g_stn_gpe_mult': 4.335464983979069, 'g_gpe_stn_mult': 0.15888804299284975, 'g_stn_gpi_mult': 2.5270697293518256, 'g_gpe_gpi_mult': 0.9985919449469154}. Best is trial 394 with value: 0.15554121280607974.
[I 2026-05-28 02:55:26,229] Trial 496 finished with value: 0.1982017956272368 and parameters: {'ISTN': 63.78460325508422, 'I_gpe': 1.1533025226567064, 'I_gpi': 2.0477293751971275, 'noise_stn_sigma': 3.749889991660026, 'noise_gpe_sigma': 86.96120066513053, 'noise_gpi_sigma': 106.14025350279833, 'g_stn_gpe_mult': 4.538457501152816, 'g_gpe_stn_mult': 0.14832148444960058, 'g_stn_gpi_mult': 2.518262771337869, 'g_gpe_gpi_mult': 0.9567307283401645}. Best is trial 394 with value: 0.15554121280607974.
[I 2026-05-28 02:55:27,241] Trial 497 finished with value: 0.1804356872493355 and parameters: {'ISTN': 63.39408488999688, 'I_gpe': 1.0031225665003978, 'I_gpi': 2.0812910600313668, 'noise_stn_sigma': 4.277460711150706, 'noise_gpe_sigma': 95.36240543072425, 'noise_gpi_sigma': 112.07426614761037, 'g_stn_gpe_mult': 4.447774952954395, 'g_gpe_stn_mult': 0.16013759788002377, 'g_stn_gpi_mult': 2.1323977408211903, 'g_gpe_gpi_mult': 1.0092837296626873}. Best is trial 394 with value: 0.15554121280607974.
[I 2026-05-28 02:55:28,249] Trial 498 finished with value: 0.20582985414439897 and parameters: {'ISTN': 63.008969487430356, 'I_gpe': 0.9796279827561438, 'I_gpi': 2.1359561928966873, 'noise_stn_sigma': 3.8320376508066483, 'noise_gpe_sigma': 93.82815077671066, 'noise_gpi_sigma': 111.18894724836994, 'g_stn_gpe_mult': 4.488677708105155, 'g_gpe_stn_mult': 0.15311475077087885, 'g_stn_gpi_mult': 2.3752836400343074, 'g_gpe_gpi_mult': 1.0014466857308242}. Best is trial 394 with value: 0.15554121280607974.
[I 2026-05-28 02:55:29,259] Trial 499 finished with value: 0.19669916204936985 and parameters: {'ISTN': 64.6801856327752, 'I_gpe': 1.0162304825459194, 'I_gpi': 2.204647817934843, 'noise_stn_sigma': 3.9162241915541918, 'noise_gpe_sigma': 91.60131059388556, 'noise_gpi_sigma': 106.78453486865965, 'g_stn_gpe_mult': 4.388285563129827, 'g_gpe_stn_mult': 0.1310520519081461, 'g_stn_gpi_mult': 2.330051281259522, 'g_gpe_gpi_mult': 0.9636335229170678}. Best is trial 394 with value: 0.15554121280607974.
[I 2026-05-28 02:55:30,268] Trial 500 finished with value: 0.15691319735007708 and parameters: {'ISTN': 60.23427781965339, 'I_gpe': 1.0364389207549638, 'I_gpi': 1.99498047020685, 'noise_stn_sigma': 4.173798388797367, 'noise_gpe_sigma': 95.9987569142125, 'noise_gpi_sigma': 110.93905530946158, 'g_stn_gpe_mult': 4.490352038336919, 'g_gpe_stn_mult': 0.15678951057959814, 'g_stn_gpi_mult': 2.420782284028998, 'g_gpe_gpi_mult': 0.9636138903206035}. Best is trial 394 with value: 0.15554121280607974.
[I 2026-05-28 02:55:31,279] Trial 501 finished with value: 0.17949594595906088 and parameters: {'ISTN': 63.49113503504266, 'I_gpe': 1.173584421146467, 'I_gpi': 2.0540609716872407, 'noise_stn_sigma': 4.038244740585419, 'noise_gpe_sigma': 92.12716273827175, 'noise_gpi_sigma': 106.08580980563879, 'g_stn_gpe_mult': 4.4709342957198155, 'g_gpe_stn_mult': 0.15584281542034045, 'g_stn_gpi_mult': 2.44419405422884, 'g_gpe_gpi_mult': 0.9899418056042641}. Best is trial 394 with value: 0.15554121280607974.
[I 2026-05-28 02:55:32,287] Trial 502 finished with value: 0.19174244795208775 and parameters: {'ISTN': 61.41823207029113, 'I_gpe': 1.00063030230712, 'I_gpi': 2.1130175321795495, 'noise_stn_sigma': 3.611982276417141, 'noise_gpe_sigma': 85.78036248484439, 'noise_gpi_sigma': 111.97295445522403, 'g_stn_gpe_mult': 4.360209369315907, 'g_gpe_stn_mult': 0.17417465414496214, 'g_stn_gpi_mult': 2.4206975577671646, 'g_gpe_gpi_mult': 0.9035008807148586}. Best is trial 394 with value: 0.15554121280607974.
[I 2026-05-28 02:55:33,235] Trial 503 finished with value: 1000000.0 and parameters: {'ISTN': 62.33310289289258, 'I_gpe': 0.8902857263880078, 'I_gpi': 2.052130494254461, 'noise_stn_sigma': 4.533733525850813, 'noise_gpe_sigma': 98.17546050444508, 'noise_gpi_sigma': 114.72513582162746, 'g_stn_gpe_mult': 4.349438677541222, 'g_gpe_stn_mult': 0.14191928823595032, 'g_stn_gpi_mult': 2.1387378243827113, 'g_gpe_gpi_mult': 1.0201293436555527}. Best is trial 394 with value: 0.15554121280607974.
[I 2026-05-28 02:55:34,246] Trial 504 finished with value: 0.17833876155695536 and parameters: {'ISTN': 61.348619172395054, 'I_gpe': 1.1083583697614903, 'I_gpi': 2.021732174019653, 'noise_stn_sigma': 4.13810005814392, 'noise_gpe_sigma': 90.96966762042852, 'noise_gpi_sigma': 106.87862629518908, 'g_stn_gpe_mult': 4.534694073541614, 'g_gpe_stn_mult': 0.1746937409608062, 'g_stn_gpi_mult': 2.252298339118198, 'g_gpe_gpi_mult': 1.0005426092865561}. Best is trial 394 with value: 0.15554121280607974.
[I 2026-05-28 02:55:35,255] Trial 505 finished with value: 1.3314004408861326 and parameters: {'ISTN': 61.75692325388289, 'I_gpe': 0.9311056841461165, 'I_gpi': 2.092054741050468, 'noise_stn_sigma': 4.20409827491717, 'noise_gpe_sigma': 98.42450408088044, 'noise_gpi_sigma': 108.41728979327728, 'g_stn_gpe_mult': 4.4386273395668905, 'g_gpe_stn_mult': 0.16220935812319914, 'g_stn_gpi_mult': 2.416795752469092, 'g_gpe_gpi_mult': 0.940573956288794}. Best is trial 394 with value: 0.15554121280607974.
[I 2026-05-28 02:55:36,264] Trial 506 finished with value: 0.20360377672313384 and parameters: {'ISTN': 62.96806476938124, 'I_gpe': 0.8394910553123401, 'I_gpi': 2.006317688358699, 'noise_stn_sigma': 4.154149950782685, 'noise_gpe_sigma': 97.39627118256094, 'noise_gpi_sigma': 112.44516482761958, 'g_stn_gpe_mult': 4.455800630398139, 'g_gpe_stn_mult': 0.16048841155871596, 'g_stn_gpi_mult': 2.473748229522685, 'g_gpe_gpi_mult': 0.9793597943412369}. Best is trial 394 with value: 0.15554121280607974.
[I 2026-05-28 02:55:37,274] Trial 507 finished with value: 0.1941169290112773 and parameters: {'ISTN': 63.09808632518166, 'I_gpe': 1.0996051836247682, 'I_gpi': 2.1040289872618683, 'noise_stn_sigma': 4.435222064732275, 'noise_gpe_sigma': 92.92234470244003, 'noise_gpi_sigma': 111.15903637031707, 'g_stn_gpe_mult': 4.464561507844207, 'g_gpe_stn_mult': 0.1210729704407163, 'g_stn_gpi_mult': 2.2089131170673664, 'g_gpe_gpi_mult': 1.0252769232964918}. Best is trial 394 with value: 0.15554121280607974.
[I 2026-05-28 02:55:38,283] Trial 508 finished with value: 0.20697266918321988 and parameters: {'ISTN': 64.42999998019846, 'I_gpe': 0.983094304637031, 'I_gpi': 2.0839386542440597, 'noise_stn_sigma': 3.8863828070812736, 'noise_gpe_sigma': 92.85035135099068, 'noise_gpi_sigma': 108.25222342765666, 'g_stn_gpe_mult': 4.386084576666546, 'g_gpe_stn_mult': 0.16028416165184897, 'g_stn_gpi_mult': 2.3248795770000092, 'g_gpe_gpi_mult': 0.9525020385832701}. Best is trial 394 with value: 0.15554121280607974.
[I 2026-05-28 02:55:39,293] Trial 509 finished with value: 1.4771474369341016 and parameters: {'ISTN': 61.51351267404324, 'I_gpe': 0.994077183017746, 'I_gpi': 1.969082886031433, 'noise_stn_sigma': 4.432804958398892, 'noise_gpe_sigma': 98.34810728240913, 'noise_gpi_sigma': 110.67649425665203, 'g_stn_gpe_mult': 4.334833715931445, 'g_gpe_stn_mult': 0.16681785047796277, 'g_stn_gpi_mult': 2.4045457548128826, 'g_gpe_gpi_mult': 0.9678876889407715}. Best is trial 394 with value: 0.15554121280607974.
[I 2026-05-28 02:55:40,303] Trial 510 finished with value: 0.17428367086143753 and parameters: {'ISTN': 61.57430818997931, 'I_gpe': 1.0634441406061121, 'I_gpi': 2.2168647191486053, 'noise_stn_sigma': 3.9636305602224238, 'noise_gpe_sigma': 89.65381845869325, 'noise_gpi_sigma': 109.42881805069985, 'g_stn_gpe_mult': 4.4049628446969304, 'g_gpe_stn_mult': 0.14929755393686833, 'g_stn_gpi_mult': 2.3858497438894046, 'g_gpe_gpi_mult': 1.0137465964783932}. Best is trial 394 with value: 0.15554121280607974.
[I 2026-05-28 02:55:41,314] Trial 511 finished with value: 0.8191768392289834 and parameters: {'ISTN': 62.255000617187505, 'I_gpe': 1.0453421522353192, 'I_gpi': 2.0967729275497113, 'noise_stn_sigma': 4.085267395991354, 'noise_gpe_sigma': 87.04108750371502, 'noise_gpi_sigma': 111.01299987275172, 'g_stn_gpe_mult': 4.355978536357373, 'g_gpe_stn_mult': 0.15969075684554804, 'g_stn_gpi_mult': 2.3739020799661135, 'g_gpe_gpi_mult': 0.990147331955928}. Best is trial 394 with value: 0.15554121280607974.
[I 2026-05-28 02:55:42,324] Trial 512 finished with value: 0.18892477741233768 and parameters: {'ISTN': 62.10604553360547, 'I_gpe': 1.0218145483006378, 'I_gpi': 2.0227769297258966, 'noise_stn_sigma': 4.3004709533927, 'noise_gpe_sigma': 91.31882459851677, 'noise_gpi_sigma': 105.36499709738797, 'g_stn_gpe_mult': 4.4798644066949525, 'g_gpe_stn_mult': 0.14277660154996638, 'g_stn_gpi_mult': 2.3028915337718487, 'g_gpe_gpi_mult': 1.0551836475975944}. Best is trial 394 with value: 0.15554121280607974.
[I 2026-05-28 02:55:43,332] Trial 513 finished with value: 0.20390248412194453 and parameters: {'ISTN': 61.98707262542054, 'I_gpe': 1.1502979635525878, 'I_gpi': 2.316902192525162, 'noise_stn_sigma': 4.018132768945671, 'noise_gpe_sigma': 93.2217132444447, 'noise_gpi_sigma': 111.10260285422211, 'g_stn_gpe_mult': 4.582774408296492, 'g_gpe_stn_mult': 0.15683997837627692, 'g_stn_gpi_mult': 2.2769352279625013, 'g_gpe_gpi_mult': 1.0077808256311722}. Best is trial 394 with value: 0.15554121280607974.
[I 2026-05-28 02:55:44,342] Trial 514 finished with value: 0.1945177443074146 and parameters: {'ISTN': 63.00785015898725, 'I_gpe': 1.1327161889418529, 'I_gpi': 2.221770952003676, 'noise_stn_sigma': 4.018920014059638, 'noise_gpe_sigma': 85.32035198296992, 'noise_gpi_sigma': 111.61663763478234, 'g_stn_gpe_mult': 4.421001029589724, 'g_gpe_stn_mult': 0.14364939586022737, 'g_stn_gpi_mult': 2.1796293571342678, 'g_gpe_gpi_mult': 1.010157443831999}. Best is trial 394 with value: 0.15554121280607974.
[I 2026-05-28 02:55:45,349] Trial 515 finished with value: 0.18942069620485635 and parameters: {'ISTN': 63.9336795965505, 'I_gpe': 0.9531807553552608, 'I_gpi': 2.1401640928069514, 'noise_stn_sigma': 3.8118145060111552, 'noise_gpe_sigma': 89.22978638782418, 'noise_gpi_sigma': 112.02312856429465, 'g_stn_gpe_mult': 4.443657464035972, 'g_gpe_stn_mult': 0.15169787888634279, 'g_stn_gpi_mult': 2.3669193175262935, 'g_gpe_gpi_mult': 0.9562915585407235}. Best is trial 394 with value: 0.15554121280607974.
[I 2026-05-28 02:55:46,359] Trial 516 finished with value: 0.173083522655686 and parameters: {'ISTN': 62.893528345768324, 'I_gpe': 1.0808832274918143, 'I_gpi': 2.17173567031238, 'noise_stn_sigma': 3.84832163886053, 'noise_gpe_sigma': 95.56903716635402, 'noise_gpi_sigma': 106.43073864434413, 'g_stn_gpe_mult': 4.3402824791470564, 'g_gpe_stn_mult': 0.1667620612809203, 'g_stn_gpi_mult': 2.213389467212391, 'g_gpe_gpi_mult': 0.974054158893213}. Best is trial 394 with value: 0.15554121280607974.
[I 2026-05-28 02:55:47,366] Trial 517 finished with value: 0.18099838228390677 and parameters: {'ISTN': 61.83770989519759, 'I_gpe': 1.1087773057198005, 'I_gpi': 2.0391567622979156, 'noise_stn_sigma': 4.060296712958438, 'noise_gpe_sigma': 92.91681597147999, 'noise_gpi_sigma': 106.8791584974796, 'g_stn_gpe_mult': 4.410908237744554, 'g_gpe_stn_mult': 0.1691763553730104, 'g_stn_gpi_mult': 2.4702445063658782, 'g_gpe_gpi_mult': 1.0265282034968843}. Best is trial 394 with value: 0.15554121280607974.
[I 2026-05-28 02:55:48,375] Trial 518 finished with value: 0.19184041751542932 and parameters: {'ISTN': 64.35852442613998, 'I_gpe': 0.9672812448546148, 'I_gpi': 2.063611176058502, 'noise_stn_sigma': 3.7834470805216576, 'noise_gpe_sigma': 93.94940659172214, 'noise_gpi_sigma': 105.56878055701989, 'g_stn_gpe_mult': 4.3549365150257495, 'g_gpe_stn_mult': 0.15701274869096368, 'g_stn_gpi_mult': 2.401631390585977, 'g_gpe_gpi_mult': 1.0290222630688084}. Best is trial 394 with value: 0.15554121280607974.
[I 2026-05-28 02:55:49,384] Trial 519 finished with value: 0.19834094772394628 and parameters: {'ISTN': 63.96621129398258, 'I_gpe': 1.1514528565922824, 'I_gpi': 2.204957303058397, 'noise_stn_sigma': 4.187284860511342, 'noise_gpe_sigma': 87.2557231162206, 'noise_gpi_sigma': 109.73225388002675, 'g_stn_gpe_mult': 4.489040606424965, 'g_gpe_stn_mult': 0.15833223649850942, 'g_stn_gpi_mult': 2.2522318371825834, 'g_gpe_gpi_mult': 1.0248681131929385}. Best is trial 394 with value: 0.15554121280607974.
[I 2026-05-28 02:55:50,397] Trial 520 finished with value: 1.102282235335764 and parameters: {'ISTN': 62.98794836069209, 'I_gpe': 1.0363694484945105, 'I_gpi': 2.145243608691194, 'noise_stn_sigma': 4.2372318537153495, 'noise_gpe_sigma': 90.00077356165414, 'noise_gpi_sigma': 110.14965426073705, 'g_stn_gpe_mult': 4.452836661962394, 'g_gpe_stn_mult': 0.1458316693672557, 'g_stn_gpi_mult': 2.3466472059333343, 'g_gpe_gpi_mult': 0.9854065928910398}. Best is trial 394 with value: 0.15554121280607974.
[I 2026-05-28 02:55:51,407] Trial 521 finished with value: 0.6372938572886733 and parameters: {'ISTN': 62.43470850572694, 'I_gpe': 1.0430820966100247, 'I_gpi': 2.09135403958334, 'noise_stn_sigma': 3.9349811922172413, 'noise_gpe_sigma': 93.54760536132586, 'noise_gpi_sigma': 104.36292297538803, 'g_stn_gpe_mult': 4.314704671487109, 'g_gpe_stn_mult': 0.15662375230961229, 'g_stn_gpi_mult': 2.3381984654428862, 'g_gpe_gpi_mult': 0.9997231596014158}. Best is trial 394 with value: 0.15554121280607974.
[I 2026-05-28 02:55:52,416] Trial 522 finished with value: 0.21820236601599893 and parameters: {'ISTN': 62.880550088648384, 'I_gpe': 1.0434952406010616, 'I_gpi': 2.1352181255889713, 'noise_stn_sigma': 4.021156452748872, 'noise_gpe_sigma': 95.90949654016738, 'noise_gpi_sigma': 109.19871382445383, 'g_stn_gpe_mult': 4.354825130918909, 'g_gpe_stn_mult': 0.14883322993784986, 'g_stn_gpi_mult': 2.2137205104857642, 'g_gpe_gpi_mult': 1.0001230956016858}. Best is trial 394 with value: 0.15554121280607974.
[I 2026-05-28 02:55:53,427] Trial 523 finished with value: 0.21119117238168264 and parameters: {'ISTN': 62.336276180384075, 'I_gpe': 0.986674895567195, 'I_gpi': 1.9656270656058172, 'noise_stn_sigma': 4.240783489063228, 'noise_gpe_sigma': 85.8032777543196, 'noise_gpi_sigma': 107.15364621869082, 'g_stn_gpe_mult': 4.332981341409354, 'g_gpe_stn_mult': 0.1713598118853336, 'g_stn_gpi_mult': 2.352902103671931, 'g_gpe_gpi_mult': 1.0356463198929007}. Best is trial 394 with value: 0.15554121280607974.
[I 2026-05-28 02:55:54,439] Trial 524 finished with value: 0.1781567282183665 and parameters: {'ISTN': 61.358396652446444, 'I_gpe': 1.094376877300165, 'I_gpi': 2.107596900596196, 'noise_stn_sigma': 4.051884075017595, 'noise_gpe_sigma': 92.83513590892713, 'noise_gpi_sigma': 107.01837918464796, 'g_stn_gpe_mult': 4.329661015543604, 'g_gpe_stn_mult': 0.16876779118983395, 'g_stn_gpi_mult': 2.3510319052553905, 'g_gpe_gpi_mult': 1.0235160003852735}. Best is trial 394 with value: 0.15554121280607974.
[I 2026-05-28 02:55:55,447] Trial 525 finished with value: 0.1817577922775431 and parameters: {'ISTN': 62.7087519234478, 'I_gpe': 1.1012395701236142, 'I_gpi': 2.164663689544719, 'noise_stn_sigma': 4.043624900881124, 'noise_gpe_sigma': 96.29969317265503, 'noise_gpi_sigma': 108.67818768501782, 'g_stn_gpe_mult': 4.381528640827742, 'g_gpe_stn_mult': 0.1686065737069437, 'g_stn_gpi_mult': 2.320619906825791, 'g_gpe_gpi_mult': 1.0137231295928073}. Best is trial 394 with value: 0.15554121280607974.
[I 2026-05-28 02:55:56,459] Trial 526 finished with value: 0.17569850278634466 and parameters: {'ISTN': 62.39888280840159, 'I_gpe': 1.0644896003707425, 'I_gpi': 2.0380016438794577, 'noise_stn_sigma': 3.6641119215082054, 'noise_gpe_sigma': 96.53398564247848, 'noise_gpi_sigma': 110.67216567765408, 'g_stn_gpe_mult': 4.469016278324528, 'g_gpe_stn_mult': 0.17183955475248208, 'g_stn_gpi_mult': 2.3234689740898986, 'g_gpe_gpi_mult': 0.981837699458554}. Best is trial 394 with value: 0.15554121280607974.
[I 2026-05-28 02:55:57,469] Trial 527 finished with value: 0.1819292231462283 and parameters: {'ISTN': 61.42388223734446, 'I_gpe': 1.153818768783181, 'I_gpi': 2.1607622415126997, 'noise_stn_sigma': 3.9105795279904525, 'noise_gpe_sigma': 95.18159940748265, 'noise_gpi_sigma': 108.4852004974398, 'g_stn_gpe_mult': 4.417978890562946, 'g_gpe_stn_mult': 0.17222430800656635, 'g_stn_gpi_mult': 2.3347326591658426, 'g_gpe_gpi_mult': 1.0528558268896562}. Best is trial 394 with value: 0.15554121280607974.
