[I 2026-05-28 03:30:44,808] Trial 572 finished with value: 7.817990712737737 and parameters: {'ISTN': 72.25253584589572, 'I_gpe': 0.7206217166561215, 'I_gpi': 2.2112026084661602, 'noise_stn_sigma': 6.246435367827028, 'noise_gpe_sigma': 93.82551294116907, 'noise_gpi_sigma': 147.60298965563155, 'g_stn_gpe_mult': 1.7246931514248363, 'g_gpe_stn_mult': 0.663242009263593, 'g_stn_gpi_mult': 3.3555628933450787, 'g_gpe_gpi_mult': 0.9271377050454765}. Best is trial 410 with value: 0.4608635463245284.
[I 2026-05-28 03:30:45,816] Trial 573 finished with value: 3.2258597003507186 and parameters: {'ISTN': 74.75023368422207, 'I_gpe': 0.9742450404436105, 'I_gpi': 2.023202167970852, 'noise_stn_sigma': 7.1291183089170485, 'noise_gpe_sigma': 82.26522572113547, 'noise_gpi_sigma': 146.02412111170173, 'g_stn_gpe_mult': 1.9624529317971213, 'g_gpe_stn_mult': 0.6986807697738407, 'g_stn_gpi_mult': 3.607984506341831, 'g_gpe_gpi_mult': 0.9594546999006199}. Best is trial 410 with value: 0.4608635463245284.
[I 2026-05-28 03:30:46,824] Trial 574 finished with value: 9.236079400922502 and parameters: {'ISTN': 68.04351773180962, 'I_gpe': 1.0664708781428627, 'I_gpi': 2.065320963348136, 'noise_stn_sigma': 6.2397129494372665, 'noise_gpe_sigma': 78.67129861729286, 'noise_gpi_sigma': 140.9081245204967, 'g_stn_gpe_mult': 1.8805237201417373, 'g_gpe_stn_mult': 0.6277962963565498, 'g_stn_gpi_mult': 3.8025939747813906, 'g_gpe_gpi_mult': 0.9871312550499731}. Best is trial 410 with value: 0.4608635463245284.
[I 2026-05-28 03:30:47,833] Trial 575 finished with value: 2.4595565729475246 and parameters: {'ISTN': 67.73830296668473, 'I_gpe': 0.8116495469031235, 'I_gpi': 1.910752093123619, 'noise_stn_sigma': 6.93002780075315, 'noise_gpe_sigma': 87.01257030672262, 'noise_gpi_sigma': 138.6512449253485, 'g_stn_gpe_mult': 1.5929857904116036, 'g_gpe_stn_mult': 0.6437608111654641, 'g_stn_gpi_mult': 3.677000280032446, 'g_gpe_gpi_mult': 1.017293812312198}. Best is trial 410 with value: 0.4608635463245284.
[I 2026-05-28 03:30:48,842] Trial 576 finished with value: 5.907437163292839 and parameters: {'ISTN': 76.05476783261625, 'I_gpe': 0.8007415152396107, 'I_gpi': 1.629315647977503, 'noise_stn_sigma': 6.181085774247556, 'noise_gpe_sigma': 75.69574712223, 'noise_gpi_sigma': 139.92509451496534, 'g_stn_gpe_mult': 1.9804103684778274, 'g_gpe_stn_mult': 0.6273163420666326, 'g_stn_gpi_mult': 3.8110471977888825, 'g_gpe_gpi_mult': 0.9017124422037586}. Best is trial 410 with value: 0.4608635463245284.
[I 2026-05-28 03:30:49,851] Trial 577 finished with value: 7.998872539984707 and parameters: {'ISTN': 65.96831843075022, 'I_gpe': 1.0611929793308956, 'I_gpi': 1.943951900886343, 'noise_stn_sigma': 5.907102381866439, 'noise_gpe_sigma': 76.03033342457309, 'noise_gpi_sigma': 124.47342182914899, 'g_stn_gpe_mult': 2.1902666759368654, 'g_gpe_stn_mult': 0.616729285517188, 'g_stn_gpi_mult': 3.3633165231429034, 'g_gpe_gpi_mult': 0.9845182981088414}. Best is trial 410 with value: 0.4608635463245284.
[I 2026-05-28 03:30:50,860] Trial 578 finished with value: 6.6695990761075015 and parameters: {'ISTN': 74.05611817505468, 'I_gpe': 0.6226766521436211, 'I_gpi': 2.0793921023084927, 'noise_stn_sigma': 6.238867236252057, 'noise_gpe_sigma': 83.85747384463232, 'noise_gpi_sigma': 146.72279181948775, 'g_stn_gpe_mult': 1.8721119365015129, 'g_gpe_stn_mult': 0.6508295776518049, 'g_stn_gpi_mult': 3.5883555524888164, 'g_gpe_gpi_mult': 1.0229758393276167}. Best is trial 410 with value: 0.4608635463245284.
[I 2026-05-28 03:30:51,866] Trial 579 finished with value: 1.2753158319155453 and parameters: {'ISTN': 71.29850734680556, 'I_gpe': 0.9296059326330028, 'I_gpi': 1.8344544096869706, 'noise_stn_sigma': 6.341544046000933, 'noise_gpe_sigma': 72.6581590601069, 'noise_gpi_sigma': 121.87925996484769, 'g_stn_gpe_mult': 2.024815961330881, 'g_gpe_stn_mult': 0.6784721197942881, 'g_stn_gpi_mult': 3.7634182591890846, 'g_gpe_gpi_mult': 0.9613097138124402}. Best is trial 410 with value: 0.4608635463245284.
[I 2026-05-28 03:30:52,874] Trial 580 finished with value: 6.92321087510912 and parameters: {'ISTN': 73.40907315192798, 'I_gpe': 1.0023563868712682, 'I_gpi': 1.9882066140395525, 'noise_stn_sigma': 6.447635162317392, 'noise_gpe_sigma': 73.90707738058157, 'noise_gpi_sigma': 124.60107237720185, 'g_stn_gpe_mult': 1.9418800364554034, 'g_gpe_stn_mult': 0.6575276057579361, 'g_stn_gpi_mult': 3.8982651697242323, 'g_gpe_gpi_mult': 0.9839459300107178}. Best is trial 410 with value: 0.4608635463245284.
[I 2026-05-28 03:30:53,884] Trial 581 finished with value: 1.2364669263810077 and parameters: {'ISTN': 69.98421786401904, 'I_gpe': 0.9374842999692519, 'I_gpi': 1.9055216396204568, 'noise_stn_sigma': 6.165003932871466, 'noise_gpe_sigma': 76.43422600606377, 'noise_gpi_sigma': 130.87777604805783, 'g_stn_gpe_mult': 1.5939996606821238, 'g_gpe_stn_mult': 0.6632815182746253, 'g_stn_gpi_mult': 3.53320037013152, 'g_gpe_gpi_mult': 0.9933301625818398}. Best is trial 410 with value: 0.4608635463245284.
[I 2026-05-28 03:30:54,891] Trial 582 finished with value: 9.876977145097351 and parameters: {'ISTN': 67.78684343566265, 'I_gpe': 1.0688114467800511, 'I_gpi': 2.0653988394781746, 'noise_stn_sigma': 6.9950559125899, 'noise_gpe_sigma': 79.23821775238153, 'noise_gpi_sigma': 119.9724087472207, 'g_stn_gpe_mult': 1.9897017504226273, 'g_gpe_stn_mult': 0.6423741183771365, 'g_stn_gpi_mult': 3.5996565414997987, 'g_gpe_gpi_mult': 1.0908736982711773}. Best is trial 410 with value: 0.4608635463245284.
[I 2026-05-28 03:30:55,899] Trial 583 finished with value: 1.2898258078785767 and parameters: {'ISTN': 70.70527718606802, 'I_gpe': 0.7673817915559731, 'I_gpi': 1.9482714826132452, 'noise_stn_sigma': 6.977287539369349, 'noise_gpe_sigma': 80.87542799042635, 'noise_gpi_sigma': 128.7837935358304, 'g_stn_gpe_mult': 2.158749695260485, 'g_gpe_stn_mult': 0.6765317954475659, 'g_stn_gpi_mult': 3.783205670596802, 'g_gpe_gpi_mult': 0.947521452546572}. Best is trial 410 with value: 0.4608635463245284.
[I 2026-05-28 03:30:56,908] Trial 584 finished with value: 3.3387165833501604 and parameters: {'ISTN': 67.05295372021682, 'I_gpe': 0.9470894101660736, 'I_gpi': 2.1353237244160197, 'noise_stn_sigma': 6.734718876134419, 'noise_gpe_sigma': 79.41028758619052, 'noise_gpi_sigma': 117.07960598055377, 'g_stn_gpe_mult': 1.901136426203668, 'g_gpe_stn_mult': 0.6395480654872346, 'g_stn_gpi_mult': 3.90624569804744, 'g_gpe_gpi_mult': 0.9586146392697292}. Best is trial 410 with value: 0.4608635463245284.
[I 2026-05-28 03:30:57,914] Trial 585 finished with value: 7.990072659320483 and parameters: {'ISTN': 75.96262294640212, 'I_gpe': 0.9823755633693301, 'I_gpi': 1.4061405137039575, 'noise_stn_sigma': 6.492375680372183, 'noise_gpe_sigma': 78.64060062826752, 'noise_gpi_sigma': 128.04379296923648, 'g_stn_gpe_mult': 1.954478281265843, 'g_gpe_stn_mult': 0.6639284421837486, 'g_stn_gpi_mult': 3.6684011423076606, 'g_gpe_gpi_mult': 0.9659079508278998}. Best is trial 410 with value: 0.4608635463245284.
[I 2026-05-28 03:30:58,922] Trial 586 finished with value: 3.2445435063910697 and parameters: {'ISTN': 75.48752671476217, 'I_gpe': 0.9072987052248198, 'I_gpi': 2.1524615135203695, 'noise_stn_sigma': 6.897664410157035, 'noise_gpe_sigma': 88.14895595865873, 'noise_gpi_sigma': 125.92965093902485, 'g_stn_gpe_mult': 1.7581038831301679, 'g_gpe_stn_mult': 0.7112727550799622, 'g_stn_gpi_mult': 3.5976748255299436, 'g_gpe_gpi_mult': 1.0655733196148287}. Best is trial 410 with value: 0.4608635463245284.
[I 2026-05-28 03:30:59,931] Trial 587 finished with value: 3.966788168697269 and parameters: {'ISTN': 75.0153837649605, 'I_gpe': 0.8493357670114342, 'I_gpi': 2.1297913379930113, 'noise_stn_sigma': 5.84966379516459, 'noise_gpe_sigma': 95.61753035203255, 'noise_gpi_sigma': 132.69328258949017, 'g_stn_gpe_mult': 1.6368725043204406, 'g_gpe_stn_mult': 0.743491259265375, 'g_stn_gpi_mult': 3.510998896954917, 'g_gpe_gpi_mult': 1.0099760283963297}. Best is trial 410 with value: 0.4608635463245284.
[I 2026-05-28 03:31:00,940] Trial 588 finished with value: 6.020076265858121 and parameters: {'ISTN': 74.87699277905628, 'I_gpe': 0.8090584832421379, 'I_gpi': 2.0572649107922665, 'noise_stn_sigma': 6.667446438152912, 'noise_gpe_sigma': 83.96277844352352, 'noise_gpi_sigma': 129.2713348257696, 'g_stn_gpe_mult': 1.6189823902270475, 'g_gpe_stn_mult': 0.6616315374440775, 'g_stn_gpi_mult': 3.4416903685798363, 'g_gpe_gpi_mult': 1.0023448814309501}. Best is trial 410 with value: 0.4608635463245284.
[I 2026-05-28 03:31:01,949] Trial 589 finished with value: 0.7443603713425625 and parameters: {'ISTN': 65.32726584827417, 'I_gpe': 0.980947418381446, 'I_gpi': 2.132331367251653, 'noise_stn_sigma': 6.127351279227188, 'noise_gpe_sigma': 71.93930982656677, 'noise_gpi_sigma': 127.49093961693326, 'g_stn_gpe_mult': 1.960995596690616, 'g_gpe_stn_mult': 0.6313811703172006, 'g_stn_gpi_mult': 3.7479404989033793, 'g_gpe_gpi_mult': 0.8860990927099417}. Best is trial 410 with value: 0.4608635463245284.
[I 2026-05-28 03:31:02,956] Trial 590 finished with value: 2.0512015899365434 and parameters: {'ISTN': 68.83762150414852, 'I_gpe': 0.7519604418738781, 'I_gpi': 2.3737707713666514, 'noise_stn_sigma': 6.4036946210543775, 'noise_gpe_sigma': 79.87947181657188, 'noise_gpi_sigma': 125.12932815038187, 'g_stn_gpe_mult': 1.873231721267127, 'g_gpe_stn_mult': 0.670085685481312, 'g_stn_gpi_mult': 3.7122890164489193, 'g_gpe_gpi_mult': 0.9786365333216043}. Best is trial 410 with value: 0.4608635463245284.
[I 2026-05-28 03:31:03,965] Trial 591 finished with value: 5.100269228677438 and parameters: {'ISTN': 68.2352557144116, 'I_gpe': 0.783306389632141, 'I_gpi': 2.155834921815698, 'noise_stn_sigma': 7.232132148276003, 'noise_gpe_sigma': 76.62799490443663, 'noise_gpi_sigma': 126.1085285759051, 'g_stn_gpe_mult': 1.686073588363633, 'g_gpe_stn_mult': 0.6065057379959644, 'g_stn_gpi_mult': 3.5926838980491174, 'g_gpe_gpi_mult': 0.9583135432368521}. Best is trial 410 with value: 0.4608635463245284.
[I 2026-05-28 03:31:04,973] Trial 592 finished with value: 0.745922937160338 and parameters: {'ISTN': 65.42525242131848, 'I_gpe': 0.9855958179593495, 'I_gpi': 1.7926679353828818, 'noise_stn_sigma': 7.048802642583355, 'noise_gpe_sigma': 76.11191609963727, 'noise_gpi_sigma': 134.8398421904207, 'g_stn_gpe_mult': 1.7600235893730427, 'g_gpe_stn_mult': 0.6448081880446894, 'g_stn_gpi_mult': 3.794303444993674, 'g_gpe_gpi_mult': 0.9603742490042364}. Best is trial 410 with value: 0.4608635463245284.
[I 2026-05-28 03:31:05,983] Trial 593 finished with value: 2.503745890818436 and parameters: {'ISTN': 66.22566846842321, 'I_gpe': 0.95037990267805, 'I_gpi': 1.4633595022665364, 'noise_stn_sigma': 6.390344252539779, 'noise_gpe_sigma': 79.86771474242738, 'noise_gpi_sigma': 136.26776032117903, 'g_stn_gpe_mult': 1.723250067335737, 'g_gpe_stn_mult': 0.6635516972446219, 'g_stn_gpi_mult': 3.962937197922228, 'g_gpe_gpi_mult': 0.9376992544255762}. Best is trial 410 with value: 0.4608635463245284.
[I 2026-05-28 03:31:06,993] Trial 594 finished with value: 0.9798021554068516 and parameters: {'ISTN': 68.7845397470823, 'I_gpe': 0.9838901350916249, 'I_gpi': 1.8970172206276628, 'noise_stn_sigma': 5.736939723489088, 'noise_gpe_sigma': 69.06287019226278, 'noise_gpi_sigma': 119.83813643058916, 'g_stn_gpe_mult': 1.9793807260461345, 'g_gpe_stn_mult': 0.6895085864622453, 'g_stn_gpi_mult': 3.6079942969794105, 'g_gpe_gpi_mult': 0.9165588620018326}. Best is trial 410 with value: 0.4608635463245284.
[I 2026-05-28 03:31:07,999] Trial 595 finished with value: 3.9043982864042417 and parameters: {'ISTN': 67.93333729329356, 'I_gpe': 1.0228563350443793, 'I_gpi': 1.8196714917255203, 'noise_stn_sigma': 6.627029038369613, 'noise_gpe_sigma': 70.4244653868564, 'noise_gpi_sigma': 120.9241234691823, 'g_stn_gpe_mult': 1.9604886012711165, 'g_gpe_stn_mult': 0.6870890698241744, 'g_stn_gpi_mult': 3.7626046829909825, 'g_gpe_gpi_mult': 0.9566029879538134}. Best is trial 410 with value: 0.4608635463245284.
[I 2026-05-28 03:31:09,007] Trial 596 finished with value: 4.253691617267461 and parameters: {'ISTN': 68.88361007553084, 'I_gpe': 0.9864077200929147, 'I_gpi': 1.9905814171456697, 'noise_stn_sigma': 6.262652583393323, 'noise_gpe_sigma': 79.33306441299223, 'noise_gpi_sigma': 126.60863590506793, 'g_stn_gpe_mult': 1.6949502806079944, 'g_gpe_stn_mult': 0.6880183654921022, 'g_stn_gpi_mult': 3.6957380478550603, 'g_gpe_gpi_mult': 0.8760581557774758}. Best is trial 410 with value: 0.4608635463245284.
[I 2026-05-28 03:31:10,015] Trial 597 finished with value: 6.331049193855056 and parameters: {'ISTN': 66.28895916565858, 'I_gpe': 1.0571815112835803, 'I_gpi': 1.9343795556858399, 'noise_stn_sigma': 6.3204527070661864, 'noise_gpe_sigma': 75.194452302402, 'noise_gpi_sigma': 112.14650108013778, 'g_stn_gpe_mult': 2.1613072663239676, 'g_gpe_stn_mult': 0.6819361702284232, 'g_stn_gpi_mult': 3.8279493690230506, 'g_gpe_gpi_mult': 0.8999320117031329}. Best is trial 410 with value: 0.4608635463245284.
[I 2026-05-28 03:31:11,022] Trial 598 finished with value: 9.02699722871942 and parameters: {'ISTN': 73.05516313341349, 'I_gpe': 0.5008431502407311, 'I_gpi': 2.1624775979761983, 'noise_stn_sigma': 6.817031462158154, 'noise_gpe_sigma': 81.2990030090296, 'noise_gpi_sigma': 138.2692828913994, 'g_stn_gpe_mult': 1.7938699233029578, 'g_gpe_stn_mult': 0.5765944380681709, 'g_stn_gpi_mult': 3.8181617466648876, 'g_gpe_gpi_mult': 0.9367527733853478}. Best is trial 410 with value: 0.4608635463245284.
[I 2026-05-28 03:31:12,030] Trial 599 finished with value: 0.863369663467072 and parameters: {'ISTN': 64.55281816548958, 'I_gpe': 0.8362230912764443, 'I_gpi': 2.0408973781802495, 'noise_stn_sigma': 7.045786768397476, 'noise_gpe_sigma': 80.25434764872033, 'noise_gpi_sigma': 128.44695778449812, 'g_stn_gpe_mult': 1.8696996367392433, 'g_gpe_stn_mult': 0.5819951741234526, 'g_stn_gpi_mult': 3.468220893891865, 'g_gpe_gpi_mult': 0.9735581566953289}. Best is trial 410 with value: 0.4608635463245284.
[I 2026-05-28 03:31:13,037] Trial 600 finished with value: 6.295502132480726 and parameters: {'ISTN': 70.5371545579917, 'I_gpe': 0.9840175872484326, 'I_gpi': 2.3090634293469376, 'noise_stn_sigma': 6.111740211747111, 'noise_gpe_sigma': 74.58537792211771, 'noise_gpi_sigma': 140.26630186822743, 'g_stn_gpe_mult': 2.120283040888462, 'g_gpe_stn_mult': 0.6298098122267419, 'g_stn_gpi_mult': 3.5132283777287574, 'g_gpe_gpi_mult': 0.9890376904971503}. Best is trial 410 with value: 0.4608635463245284.
[I 2026-05-28 03:31:14,044] Trial 601 finished with value: 1.7317502760954793 and parameters: {'ISTN': 65.54253609484242, 'I_gpe': 0.9601101907718558, 'I_gpi': 1.689400970657454, 'noise_stn_sigma': 6.224107101215576, 'noise_gpe_sigma': 74.06514373325956, 'noise_gpi_sigma': 145.74314045297922, 'g_stn_gpe_mult': 1.6928389962771844, 'g_gpe_stn_mult': 0.6327617237194114, 'g_stn_gpi_mult': 3.4021260737313987, 'g_gpe_gpi_mult': 0.8854158835964907}. Best is trial 410 with value: 0.4608635463245284.
[I 2026-05-28 03:31:15,052] Trial 602 finished with value: 2.4177958919668234 and parameters: {'ISTN': 65.70841902148757, 'I_gpe': 0.914811798257402, 'I_gpi': 1.8687663714338014, 'noise_stn_sigma': 6.661263994354915, 'noise_gpe_sigma': 73.36447660173567, 'noise_gpi_sigma': 132.13369039317493, 'g_stn_gpe_mult': 1.725531626973691, 'g_gpe_stn_mult': 0.6542061116201652, 'g_stn_gpi_mult': 3.5270991976649664, 'g_gpe_gpi_mult': 0.9367439840357561}. Best is trial 410 with value: 0.4608635463245284.
[I 2026-05-28 03:31:16,057] Trial 603 finished with value: 1.1822959771407162 and parameters: {'ISTN': 69.35294786869116, 'I_gpe': 0.9299393319491698, 'I_gpi': 1.6433687319275876, 'noise_stn_sigma': 6.7416787820734525, 'noise_gpe_sigma': 74.6093843732228, 'noise_gpi_sigma': 121.67272119480995, 'g_stn_gpe_mult': 1.7911647101865829, 'g_gpe_stn_mult': 0.6325264466566572, 'g_stn_gpi_mult': 3.640414237745567, 'g_gpe_gpi_mult': 0.9242739435507132}. Best is trial 410 with value: 0.4608635463245284.
[I 2026-05-28 03:31:17,065] Trial 604 finished with value: 5.607718914305163 and parameters: {'ISTN': 66.00905441188642, 'I_gpe': 1.1002083631567467, 'I_gpi': 1.8248426199056165, 'noise_stn_sigma': 6.572207331998559, 'noise_gpe_sigma': 74.08586586342338, 'noise_gpi_sigma': 127.2907161476696, 'g_stn_gpe_mult': 2.0239573394814316, 'g_gpe_stn_mult': 0.6811827556982731, 'g_stn_gpi_mult': 3.7109396764381968, 'g_gpe_gpi_mult': 0.9392955186754068}. Best is trial 410 with value: 0.4608635463245284.
[I 2026-05-28 03:31:18,074] Trial 605 finished with value: 6.034071877048248 and parameters: {'ISTN': 61.47847719963107, 'I_gpe': 0.9644593827310021, 'I_gpi': 1.9550109766030037, 'noise_stn_sigma': 6.153931755312011, 'noise_gpe_sigma': 82.89279086213554, 'noise_gpi_sigma': 123.49948140097311, 'g_stn_gpe_mult': 1.8133076003342878, 'g_gpe_stn_mult': 0.6277354206612209, 'g_stn_gpi_mult': 3.321892313320211, 'g_gpe_gpi_mult': 0.9628261412815486}. Best is trial 410 with value: 0.4608635463245284.
[I 2026-05-28 03:31:19,081] Trial 606 finished with value: 8.135524529217879 and parameters: {'ISTN': 68.02661843355162, 'I_gpe': 1.08133412623585, 'I_gpi': 1.873492938612154, 'noise_stn_sigma': 7.277046620847415, 'noise_gpe_sigma': 69.34538587556699, 'noise_gpi_sigma': 139.62204955565286, 'g_stn_gpe_mult': 2.1097079371394103, 'g_gpe_stn_mult': 0.6219427012233926, 'g_stn_gpi_mult': 3.7781611758624694, 'g_gpe_gpi_mult': 0.9272519202259748}. Best is trial 410 with value: 0.4608635463245284.
[I 2026-05-28 03:31:20,088] Trial 607 finished with value: 0.7589832010379548 and parameters: {'ISTN': 63.547930624620754, 'I_gpe': 0.8628652155606795, 'I_gpi': 2.3321484903812912, 'noise_stn_sigma': 7.369216472592186, 'noise_gpe_sigma': 81.85794542146333, 'noise_gpi_sigma': 132.83512350006697, 'g_stn_gpe_mult': 1.7540992521215575, 'g_gpe_stn_mult': 0.5545125758845099, 'g_stn_gpi_mult': 3.60933067061812, 'g_gpe_gpi_mult': 0.9917807220915005}. Best is trial 410 with value: 0.4608635463245284.
[I 2026-05-28 03:31:21,097] Trial 608 finished with value: 3.201355879069972 and parameters: {'ISTN': 72.96403261950046, 'I_gpe': 0.8090795596781281, 'I_gpi': 1.6063463820741475, 'noise_stn_sigma': 6.970299519725273, 'noise_gpe_sigma': 83.26745992266848, 'noise_gpi_sigma': 129.61673242989795, 'g_stn_gpe_mult': 1.706005114068751, 'g_gpe_stn_mult': 0.6904790248749718, 'g_stn_gpi_mult': 3.9254461699677554, 'g_gpe_gpi_mult': 0.9835756855686055}. Best is trial 410 with value: 0.4608635463245284.
[I 2026-05-28 03:31:22,107] Trial 609 finished with value: 3.497475670175267 and parameters: {'ISTN': 70.14675028961081, 'I_gpe': 0.9966766125676436, 'I_gpi': 1.6033001772009219, 'noise_stn_sigma': 6.242517144067598, 'noise_gpe_sigma': 79.77635783365703, 'noise_gpi_sigma': 116.87804817091464, 'g_stn_gpe_mult': 1.7980215122520873, 'g_gpe_stn_mult': 0.7078978578484113, 'g_stn_gpi_mult': 3.5625710388263645, 'g_gpe_gpi_mult': 0.9624713391023216}. Best is trial 410 with value: 0.4608635463245284.
[I 2026-05-28 03:31:23,114] Trial 610 finished with value: 0.642738477390336 and parameters: {'ISTN': 63.604129681600675, 'I_gpe': 0.8899106289022833, 'I_gpi': 2.0699831347836266, 'noise_stn_sigma': 7.10991472326098, 'noise_gpe_sigma': 74.55824442394896, 'noise_gpi_sigma': 131.15519344558697, 'g_stn_gpe_mult': 1.9576495649624475, 'g_gpe_stn_mult': 0.6323723375741928, 'g_stn_gpi_mult': 3.7726164148268744, 'g_gpe_gpi_mult': 0.9459765355584893}. Best is trial 410 with value: 0.4608635463245284.
[I 2026-05-28 03:31:24,126] Trial 611 finished with value: 1.5220713201483633 and parameters: {'ISTN': 70.25327867992429, 'I_gpe': 0.8075934600433781, 'I_gpi': 1.9409346632761753, 'noise_stn_sigma': 6.675634364593377, 'noise_gpe_sigma': 75.13447173364449, 'noise_gpi_sigma': 132.4179998152568, 'g_stn_gpe_mult': 1.7983008003382077, 'g_gpe_stn_mult': 0.6086271063262051, 'g_stn_gpi_mult': 3.830664258440067, 'g_gpe_gpi_mult': 0.939625581028497}. Best is trial 410 with value: 0.4608635463245284.
[I 2026-05-28 03:31:25,134] Trial 612 finished with value: 6.9057641098891285 and parameters: {'ISTN': 61.69522138268161, 'I_gpe': 0.9732142385729812, 'I_gpi': 2.1450108520942566, 'noise_stn_sigma': 7.669126742209532, 'noise_gpe_sigma': 77.97667116775422, 'noise_gpi_sigma': 128.06111573892562, 'g_stn_gpe_mult': 2.010424175090726, 'g_gpe_stn_mult': 0.5962046831067365, 'g_stn_gpi_mult': 3.4695427740862215, 'g_gpe_gpi_mult': 0.9690786381402035}. Best is trial 410 with value: 0.4608635463245284.
[I 2026-05-28 03:31:26,143] Trial 613 finished with value: 6.812376759088318 and parameters: {'ISTN': 67.10400181155283, 'I_gpe': 0.8706148783403769, 'I_gpi': 1.860173457301285, 'noise_stn_sigma': 6.664777790939029, 'noise_gpe_sigma': 74.24412471625692, 'noise_gpi_sigma': 126.8534422568493, 'g_stn_gpe_mult': 1.8709986943927386, 'g_gpe_stn_mult': 0.623776492987655, 'g_stn_gpi_mult': 3.5205078741324387, 'g_gpe_gpi_mult': 0.9240518870238288}. Best is trial 410 with value: 0.4608635463245284.
[I 2026-05-28 03:31:27,153] Trial 614 finished with value: 3.020285786826732 and parameters: {'ISTN': 67.21541669329305, 'I_gpe': 0.776264220014454, 'I_gpi': 2.1934755734498506, 'noise_stn_sigma': 6.80712955069583, 'noise_gpe_sigma': 80.22841627618067, 'noise_gpi_sigma': 123.25693240277407, 'g_stn_gpe_mult': 2.007661934471874, 'g_gpe_stn_mult': 0.6080885607178892, 'g_stn_gpi_mult': 3.626842834859986, 'g_gpe_gpi_mult': 1.0295387138951377}. Best is trial 410 with value: 0.4608635463245284.
[I 2026-05-28 03:31:28,162] Trial 615 finished with value: 8.95541986577375 and parameters: {'ISTN': 69.31114513752973, 'I_gpe': 0.9213759125896923, 'I_gpi': 1.554650399712909, 'noise_stn_sigma': 6.857792364792323, 'noise_gpe_sigma': 59.21791455331423, 'noise_gpi_sigma': 136.3829845209169, 'g_stn_gpe_mult': 1.7371314703281517, 'g_gpe_stn_mult': 0.622862177528327, 'g_stn_gpi_mult': 3.8091227661265066, 'g_gpe_gpi_mult': 0.9405021436752088}. Best is trial 410 with value: 0.4608635463245284.
