[I 2026-05-28 03:24:50,084] Trial 220 finished with value: 10.673289974830299 and parameters: {'ISTN': 65.41215461874131, 'I_gpe': 1.0649063473175826, 'I_gpi': 1.8117639953031346, 'noise_stn_sigma': 3.3552641577177607, 'noise_gpe_sigma': 69.59000701589682, 'noise_gpi_sigma': 65.4648533392176, 'g_stn_gpe_mult': 1.9637768735592134, 'g_gpe_stn_mult': 0.7375463353973972, 'g_stn_gpi_mult': 3.442783191107491, 'g_gpe_gpi_mult': 0.7760540772977909}. Best is trial 215 with value: 0.6300162530717475.
[I 2026-05-28 03:24:51,093] Trial 221 finished with value: 0.9390984678497345 and parameters: {'ISTN': 65.29550179600098, 'I_gpe': 0.9284659667146189, 'I_gpi': 2.1994892317236996, 'noise_stn_sigma': 3.7688493107738132, 'noise_gpe_sigma': 85.21826890155816, 'noise_gpi_sigma': 71.8015128948663, 'g_stn_gpe_mult': 2.1064581115394185, 'g_gpe_stn_mult': 0.6173572484013922, 'g_stn_gpi_mult': 2.7653098491286476, 'g_gpe_gpi_mult': 0.9064480390345797}. Best is trial 215 with value: 0.6300162530717475.
[I 2026-05-28 03:24:52,102] Trial 222 finished with value: 7.992361999823258 and parameters: {'ISTN': 67.1456949183795, 'I_gpe': 0.7023791252286833, 'I_gpi': 1.7064712413674936, 'noise_stn_sigma': 3.042058600518884, 'noise_gpe_sigma': 75.61054035112664, 'noise_gpi_sigma': 71.28253433715052, 'g_stn_gpe_mult': 1.8842702474206243, 'g_gpe_stn_mult': 0.5379876097459805, 'g_stn_gpi_mult': 3.0601803917831747, 'g_gpe_gpi_mult': 0.8098782630419241}. Best is trial 215 with value: 0.6300162530717475.
[I 2026-05-28 03:24:53,112] Trial 223 finished with value: 10.740040516526287 and parameters: {'ISTN': 66.1275026260803, 'I_gpe': 0.7318998678578574, 'I_gpi': 2.1740702308439728, 'noise_stn_sigma': 3.711587571828663, 'noise_gpe_sigma': 66.60526784810929, 'noise_gpi_sigma': 75.0861104574486, 'g_stn_gpe_mult': 1.8990357681271202, 'g_gpe_stn_mult': 0.5836701008351771, 'g_stn_gpi_mult': 2.8682253264862467, 'g_gpe_gpi_mult': 0.8193672869058968}. Best is trial 215 with value: 0.6300162530717475.
[I 2026-05-28 03:24:54,118] Trial 224 finished with value: 13.696307404818459 and parameters: {'ISTN': 78.71175249099646, 'I_gpe': 1.1746282417582585, 'I_gpi': 1.670583068398036, 'noise_stn_sigma': 3.3090507881079803, 'noise_gpe_sigma': 81.61571819663787, 'noise_gpi_sigma': 66.69324327078476, 'g_stn_gpe_mult': 2.006470373115827, 'g_gpe_stn_mult': 0.5930764378282337, 'g_stn_gpi_mult': 3.234428287848792, 'g_gpe_gpi_mult': 0.9462066415704673}. Best is trial 215 with value: 0.6300162530717475.
[I 2026-05-28 03:24:55,125] Trial 225 finished with value: 9.901384709403121 and parameters: {'ISTN': 64.87143015615999, 'I_gpe': 0.6451012775880802, 'I_gpi': 1.8342319761701127, 'noise_stn_sigma': 3.2455548698737773, 'noise_gpe_sigma': 73.94407019498134, 'noise_gpi_sigma': 81.4504556300123, 'g_stn_gpe_mult': 1.8763532864648795, 'g_gpe_stn_mult': 0.6040174544174378, 'g_stn_gpi_mult': 3.012406863870548, 'g_gpe_gpi_mult': 1.0045531078129817}. Best is trial 215 with value: 0.6300162530717475.
[I 2026-05-28 03:24:56,134] Trial 226 finished with value: 9.831483498362969 and parameters: {'ISTN': 69.78164160025244, 'I_gpe': 1.114356654380478, 'I_gpi': 2.1024790644989624, 'noise_stn_sigma': 4.451802009063785, 'noise_gpe_sigma': 88.21165014237422, 'noise_gpi_sigma': 68.79141484929326, 'g_stn_gpe_mult': 2.051091712463268, 'g_gpe_stn_mult': 0.6200156368137703, 'g_stn_gpi_mult': 3.052530983450914, 'g_gpe_gpi_mult': 0.8543882855881928}. Best is trial 215 with value: 0.6300162530717475.
[I 2026-05-28 03:24:57,142] Trial 227 finished with value: 12.95736987588695 and parameters: {'ISTN': 78.68193430992365, 'I_gpe': 1.2699822929735332, 'I_gpi': 2.2421175076784787, 'noise_stn_sigma': 4.117972994819085, 'noise_gpe_sigma': 82.14696417591315, 'noise_gpi_sigma': 73.04147974454139, 'g_stn_gpe_mult': 2.4534708633065714, 'g_gpe_stn_mult': 0.5965143945869824, 'g_stn_gpi_mult': 2.699017455260097, 'g_gpe_gpi_mult': 0.7614082064743499}. Best is trial 215 with value: 0.6300162530717475.
[I 2026-05-28 03:24:58,148] Trial 228 finished with value: 10.424525772830888 and parameters: {'ISTN': 67.96351038547155, 'I_gpe': 0.8263515002137415, 'I_gpi': 1.835819321021655, 'noise_stn_sigma': 3.2273792611535477, 'noise_gpe_sigma': 78.55883103693904, 'noise_gpi_sigma': 84.94373820981342, 'g_stn_gpe_mult': 2.0143407956757207, 'g_gpe_stn_mult': 0.5870203124821399, 'g_stn_gpi_mult': 3.2947814290404738, 'g_gpe_gpi_mult': 0.9212970849589841}. Best is trial 215 with value: 0.6300162530717475.
[I 2026-05-28 03:24:59,154] Trial 229 finished with value: 7.635107390122338 and parameters: {'ISTN': 68.07452562769605, 'I_gpe': 0.8982350665405505, 'I_gpi': 2.0794898376170723, 'noise_stn_sigma': 4.00210349308427, 'noise_gpe_sigma': 92.44269221131817, 'noise_gpi_sigma': 85.64957063651283, 'g_stn_gpe_mult': 1.6843385271571132, 'g_gpe_stn_mult': 0.6151185230761281, 'g_stn_gpi_mult': 3.1266391976720014, 'g_gpe_gpi_mult': 0.7458985480304854}. Best is trial 215 with value: 0.6300162530717475.
[I 2026-05-28 03:25:00,162] Trial 230 finished with value: 8.128283288308282 and parameters: {'ISTN': 70.74065305118866, 'I_gpe': 1.035277472018929, 'I_gpi': 1.8779381777911381, 'noise_stn_sigma': 4.070158141525937, 'noise_gpe_sigma': 73.81545731290804, 'noise_gpi_sigma': 84.06357019111935, 'g_stn_gpe_mult': 1.8749486992502509, 'g_gpe_stn_mult': 0.6582071584382834, 'g_stn_gpi_mult': 2.700931110934244, 'g_gpe_gpi_mult': 0.8808200064769052}. Best is trial 215 with value: 0.6300162530717475.
[I 2026-05-28 03:25:01,168] Trial 231 finished with value: 12.589546119490361 and parameters: {'ISTN': 69.74233944935065, 'I_gpe': 1.1682493612638805, 'I_gpi': 1.8325719119277002, 'noise_stn_sigma': 3.712162799909259, 'noise_gpe_sigma': 89.83907444930736, 'noise_gpi_sigma': 69.48476287940588, 'g_stn_gpe_mult': 1.9503341803898515, 'g_gpe_stn_mult': 0.49581106751237547, 'g_stn_gpi_mult': 2.91149921926196, 'g_gpe_gpi_mult': 0.9060612298350172}. Best is trial 215 with value: 0.6300162530717475.
[I 2026-05-28 03:25:02,173] Trial 232 finished with value: 10.22898940558692 and parameters: {'ISTN': 70.38390317814462, 'I_gpe': 0.8919896458601645, 'I_gpi': 1.9741008816927854, 'noise_stn_sigma': 3.9818926971567783, 'noise_gpe_sigma': 86.25995025562146, 'noise_gpi_sigma': 67.28691285329205, 'g_stn_gpe_mult': 2.0794142801264854, 'g_gpe_stn_mult': 0.519175992994689, 'g_stn_gpi_mult': 3.0176081263133687, 'g_gpe_gpi_mult': 1.0009784355586122}. Best is trial 215 with value: 0.6300162530717475.
[I 2026-05-28 03:25:03,181] Trial 233 finished with value: 6.951813408696296 and parameters: {'ISTN': 70.94472506131633, 'I_gpe': 0.7022251417117501, 'I_gpi': 2.1442021379196516, 'noise_stn_sigma': 3.816922661398089, 'noise_gpe_sigma': 74.59305270578508, 'noise_gpi_sigma': 74.09893672716343, 'g_stn_gpe_mult': 1.9236555819959373, 'g_gpe_stn_mult': 0.5983012101464862, 'g_stn_gpi_mult': 2.9131784997637267, 'g_gpe_gpi_mult': 0.8254439957240975}. Best is trial 215 with value: 0.6300162530717475.
[I 2026-05-28 03:25:04,188] Trial 234 finished with value: 13.896219943122821 and parameters: {'ISTN': 77.63978618457024, 'I_gpe': 1.0481018919927394, 'I_gpi': 2.493865736636351, 'noise_stn_sigma': 3.7913218073884014, 'noise_gpe_sigma': 97.21504663569358, 'noise_gpi_sigma': 81.23768938255216, 'g_stn_gpe_mult': 1.8151349497078844, 'g_gpe_stn_mult': 0.5559545352505774, 'g_stn_gpi_mult': 2.481807937515399, 'g_gpe_gpi_mult': 0.7734604696539691}. Best is trial 215 with value: 0.6300162530717475.
[I 2026-05-28 03:25:05,195] Trial 235 finished with value: 11.34690565228288 and parameters: {'ISTN': 67.86947869830568, 'I_gpe': 0.9649694658462717, 'I_gpi': 2.0262428208971004, 'noise_stn_sigma': 3.8733840445245264, 'noise_gpe_sigma': 69.06366639177267, 'noise_gpi_sigma': 80.434642202583, 'g_stn_gpe_mult': 1.916074049210632, 'g_gpe_stn_mult': 0.5284984615057758, 'g_stn_gpi_mult': 2.915287883771815, 'g_gpe_gpi_mult': 0.931168201289448}. Best is trial 215 with value: 0.6300162530717475.
[I 2026-05-28 03:25:06,204] Trial 236 finished with value: 1.4643175747379573 and parameters: {'ISTN': 63.856654495779615, 'I_gpe': 0.827360726745882, 'I_gpi': 2.597862117224761, 'noise_stn_sigma': 3.6807053263412617, 'noise_gpe_sigma': 83.92286455853215, 'noise_gpi_sigma': 78.81647436542778, 'g_stn_gpe_mult': 2.103322635378313, 'g_gpe_stn_mult': 0.5370484772933501, 'g_stn_gpi_mult': 2.7258675994328456, 'g_gpe_gpi_mult': 0.9114084953364279}. Best is trial 215 with value: 0.6300162530717475.
[I 2026-05-28 03:25:07,208] Trial 237 finished with value: 4.865805577060513 and parameters: {'ISTN': 65.15828144090266, 'I_gpe': 0.9561154710423633, 'I_gpi': 2.0575211693741946, 'noise_stn_sigma': 3.9455493092227276, 'noise_gpe_sigma': 79.60511163499203, 'noise_gpi_sigma': 67.11824885783875, 'g_stn_gpe_mult': 2.246619863780777, 'g_gpe_stn_mult': 0.5677596992090818, 'g_stn_gpi_mult': 3.124703270470416, 'g_gpe_gpi_mult': 0.9642314726207453}. Best is trial 215 with value: 0.6300162530717475.
[I 2026-05-28 03:25:08,217] Trial 238 finished with value: 9.290548971736499 and parameters: {'ISTN': 83.05697482150796, 'I_gpe': 0.8805811016426408, 'I_gpi': 2.1114710008713233, 'noise_stn_sigma': 5.029644237994984, 'noise_gpe_sigma': 79.10302363887246, 'noise_gpi_sigma': 65.00483047877162, 'g_stn_gpe_mult': 1.6211885071994365, 'g_gpe_stn_mult': 0.6319064637713423, 'g_stn_gpi_mult': 2.9180982767650967, 'g_gpe_gpi_mult': 0.8777046634806487}. Best is trial 215 with value: 0.6300162530717475.
[I 2026-05-28 03:25:09,223] Trial 239 finished with value: 3.949979247252509 and parameters: {'ISTN': 72.32157608732207, 'I_gpe': 0.799554015817523, 'I_gpi': 2.079928878896703, 'noise_stn_sigma': 3.5023419225532884, 'noise_gpe_sigma': 84.4381416980098, 'noise_gpi_sigma': 77.88003526490601, 'g_stn_gpe_mult': 2.0300176508773644, 'g_gpe_stn_mult': 0.594406059462072, 'g_stn_gpi_mult': 2.7244052246502948, 'g_gpe_gpi_mult': 0.7754805646204004}. Best is trial 215 with value: 0.6300162530717475.
[I 2026-05-28 03:25:10,231] Trial 240 finished with value: 11.183558621836264 and parameters: {'ISTN': 67.49029138448442, 'I_gpe': 0.7880179664743132, 'I_gpi': 1.5928429097420154, 'noise_stn_sigma': 4.095667603198282, 'noise_gpe_sigma': 78.81167950705094, 'noise_gpi_sigma': 71.79522442200536, 'g_stn_gpe_mult': 2.1857453874625667, 'g_gpe_stn_mult': 0.5660741583436557, 'g_stn_gpi_mult': 3.063192870234844, 'g_gpe_gpi_mult': 0.8984189316837785}. Best is trial 215 with value: 0.6300162530717475.
[I 2026-05-28 03:25:11,238] Trial 241 finished with value: 4.928747973139819 and parameters: {'ISTN': 66.38656176441245, 'I_gpe': 1.2600688907021809, 'I_gpi': 2.38358273071598, 'noise_stn_sigma': 3.816509818551533, 'noise_gpe_sigma': 90.1077816162572, 'noise_gpi_sigma': 69.06798543618115, 'g_stn_gpe_mult': 2.474558024245543, 'g_gpe_stn_mult': 0.5814933876341108, 'g_stn_gpi_mult': 3.0411332569489646, 'g_gpe_gpi_mult': 0.942035191896786}. Best is trial 215 with value: 0.6300162530717475.
[I 2026-05-28 03:25:12,248] Trial 242 finished with value: 13.63779168521069 and parameters: {'ISTN': 67.53881741777545, 'I_gpe': 0.7975734702158761, 'I_gpi': 1.8067161289257279, 'noise_stn_sigma': 4.1874741158714865, 'noise_gpe_sigma': 70.5183664496521, 'noise_gpi_sigma': 81.3665958053463, 'g_stn_gpe_mult': 2.159646998461592, 'g_gpe_stn_mult': 0.5201650577949164, 'g_stn_gpi_mult': 3.0634089513586327, 'g_gpe_gpi_mult': 0.8146341676609754}. Best is trial 215 with value: 0.6300162530717475.
[I 2026-05-28 03:25:13,257] Trial 243 finished with value: 10.636322214267091 and parameters: {'ISTN': 70.52598786947472, 'I_gpe': 1.0244244099389581, 'I_gpi': 1.8926218486206203, 'noise_stn_sigma': 3.469453573560104, 'noise_gpe_sigma': 70.19860115775904, 'noise_gpi_sigma': 95.3792755723642, 'g_stn_gpe_mult': 2.0761023707148385, 'g_gpe_stn_mult': 0.490220676716981, 'g_stn_gpi_mult': 2.731278587001887, 'g_gpe_gpi_mult': 0.7986044600489139}. Best is trial 215 with value: 0.6300162530717475.
[I 2026-05-28 03:25:14,266] Trial 244 finished with value: 8.267624976689596 and parameters: {'ISTN': 69.77979042002322, 'I_gpe': 0.844706498691684, 'I_gpi': 2.408758857454554, 'noise_stn_sigma': 4.000365079553458, 'noise_gpe_sigma': 75.74579934426004, 'noise_gpi_sigma': 91.69566667917353, 'g_stn_gpe_mult': 2.1410660553095466, 'g_gpe_stn_mult': 0.5544775081670849, 'g_stn_gpi_mult': 2.9637930684260985, 'g_gpe_gpi_mult': 0.9102354864142952}. Best is trial 215 with value: 0.6300162530717475.
[I 2026-05-28 03:25:15,274] Trial 245 finished with value: 4.117686371121065 and parameters: {'ISTN': 65.82273393640689, 'I_gpe': 0.8852422073782354, 'I_gpi': 1.932656286941933, 'noise_stn_sigma': 3.647810417844329, 'noise_gpe_sigma': 79.81701730519275, 'noise_gpi_sigma': 84.08988344089292, 'g_stn_gpe_mult': 2.000346989142246, 'g_gpe_stn_mult': 0.5109462832296702, 'g_stn_gpi_mult': 2.972810572432168, 'g_gpe_gpi_mult': 0.9639619047363985}. Best is trial 215 with value: 0.6300162530717475.
[I 2026-05-28 03:25:16,282] Trial 246 finished with value: 7.777953888693588 and parameters: {'ISTN': 63.9270462107264, 'I_gpe': 0.744508849327381, 'I_gpi': 1.8173903181120774, 'noise_stn_sigma': 4.0460626388583165, 'noise_gpe_sigma': 65.72442305085531, 'noise_gpi_sigma': 70.11866530362606, 'g_stn_gpe_mult': 2.425145126251013, 'g_gpe_stn_mult': 0.5018196260834961, 'g_stn_gpi_mult': 3.1029049052236912, 'g_gpe_gpi_mult': 0.7867303429716044}. Best is trial 215 with value: 0.6300162530717475.
[I 2026-05-28 03:25:17,290] Trial 247 finished with value: 12.532313573164394 and parameters: {'ISTN': 79.21830061268554, 'I_gpe': 0.5160351745043872, 'I_gpi': 2.3323782938515265, 'noise_stn_sigma': 3.456579940412759, 'noise_gpe_sigma': 80.04288918105365, 'noise_gpi_sigma': 75.8593570004498, 'g_stn_gpe_mult': 1.8721096316008183, 'g_gpe_stn_mult': 0.6584218336013405, 'g_stn_gpi_mult': 2.3999350403473168, 'g_gpe_gpi_mult': 0.8889372644476325}. Best is trial 215 with value: 0.6300162530717475.
[I 2026-05-28 03:25:18,295] Trial 248 finished with value: 2.176365254028801 and parameters: {'ISTN': 71.4642779292543, 'I_gpe': 0.9288026933342969, 'I_gpi': 1.7423742310975983, 'noise_stn_sigma': 3.5479298245731865, 'noise_gpe_sigma': 81.02225319486901, 'noise_gpi_sigma': 77.38969396184332, 'g_stn_gpe_mult': 2.172474369284297, 'g_gpe_stn_mult': 0.6124104640293933, 'g_stn_gpi_mult': 3.228770822692206, 'g_gpe_gpi_mult': 0.8655118603772676}. Best is trial 215 with value: 0.6300162530717475.
[I 2026-05-28 03:25:19,304] Trial 249 finished with value: 9.854437560299099 and parameters: {'ISTN': 68.65056561721724, 'I_gpe': 0.8037747394699932, 'I_gpi': 2.538934461146577, 'noise_stn_sigma': 3.524155200614607, 'noise_gpe_sigma': 82.90659163885692, 'noise_gpi_sigma': 76.0105153558311, 'g_stn_gpe_mult': 1.848912600570559, 'g_gpe_stn_mult': 0.5254552573069707, 'g_stn_gpi_mult': 2.8257947192901964, 'g_gpe_gpi_mult': 1.1193075885854962}. Best is trial 215 with value: 0.6300162530717475.
[I 2026-05-28 03:25:20,314] Trial 250 finished with value: 13.15133919783455 and parameters: {'ISTN': 75.027133440526, 'I_gpe': 0.8133072671559827, 'I_gpi': 2.326672153554246, 'noise_stn_sigma': 2.497786034080184, 'noise_gpe_sigma': 91.08612804343448, 'noise_gpi_sigma': 63.88849549455369, 'g_stn_gpe_mult': 2.272476582616475, 'g_gpe_stn_mult': 0.5803124163101799, 'g_stn_gpi_mult': 2.6942195156561084, 'g_gpe_gpi_mult': 0.816583892447134}. Best is trial 215 with value: 0.6300162530717475.
[I 2026-05-28 03:25:21,323] Trial 251 finished with value: 6.6916774408619295 and parameters: {'ISTN': 71.56672257532763, 'I_gpe': 1.2232797613584592, 'I_gpi': 1.3538661338932672, 'noise_stn_sigma': 3.8171827273784396, 'noise_gpe_sigma': 68.03102410307324, 'noise_gpi_sigma': 73.88366198285817, 'g_stn_gpe_mult': 2.167473430682184, 'g_gpe_stn_mult': 0.687332237919979, 'g_stn_gpi_mult': 3.4645512577957307, 'g_gpe_gpi_mult': 0.8087042713956578}. Best is trial 215 with value: 0.6300162530717475.
[I 2026-05-28 03:25:22,331] Trial 252 finished with value: 10.271389763141524 and parameters: {'ISTN': 73.79923445837886, 'I_gpe': 0.7897982454389814, 'I_gpi': 1.9014725117600262, 'noise_stn_sigma': 3.1355985258288728, 'noise_gpe_sigma': 88.54961614845217, 'noise_gpi_sigma': 77.90410161207426, 'g_stn_gpe_mult': 2.2105425472593265, 'g_gpe_stn_mult': 0.6356874123044032, 'g_stn_gpi_mult': 3.4674302425787364, 'g_gpe_gpi_mult': 0.9780799943741552}. Best is trial 215 with value: 0.6300162530717475.
[I 2026-05-28 03:25:23,343] Trial 253 finished with value: 10.050471323073925 and parameters: {'ISTN': 68.81969057984833, 'I_gpe': 0.8179720224065012, 'I_gpi': 2.3113087312918132, 'noise_stn_sigma': 3.83574014974133, 'noise_gpe_sigma': 85.78432498608325, 'noise_gpi_sigma': 92.5110913448883, 'g_stn_gpe_mult': 2.232877101575378, 'g_gpe_stn_mult': 0.5407077773330426, 'g_stn_gpi_mult': 3.0286699958918, 'g_gpe_gpi_mult': 0.9239128633677727}. Best is trial 215 with value: 0.6300162530717475.
[I 2026-05-28 03:25:24,350] Trial 254 finished with value: 4.0836427130366175 and parameters: {'ISTN': 65.70424162879132, 'I_gpe': 0.9066752077172449, 'I_gpi': 2.0059189376804163, 'noise_stn_sigma': 4.199006879132098, 'noise_gpe_sigma': 80.47853557306891, 'noise_gpi_sigma': 72.57289820579285, 'g_stn_gpe_mult': 1.9254455845981122, 'g_gpe_stn_mult': 0.5356364416716072, 'g_stn_gpi_mult': 2.944719391586425, 'g_gpe_gpi_mult': 0.8976396497120418}. Best is trial 215 with value: 0.6300162530717475.
[I 2026-05-28 03:25:25,356] Trial 255 finished with value: 3.6993211948996914 and parameters: {'ISTN': 70.76022203469277, 'I_gpe': 0.8022536970893643, 'I_gpi': 1.7527558869243172, 'noise_stn_sigma': 3.979927614780898, 'noise_gpe_sigma': 77.98190722246994, 'noise_gpi_sigma': 86.40294017100491, 'g_stn_gpe_mult': 2.1363087119803774, 'g_gpe_stn_mult': 0.5204194585837761, 'g_stn_gpi_mult': 3.377895460909718, 'g_gpe_gpi_mult': 0.8170349879166143}. Best is trial 215 with value: 0.6300162530717475.
[I 2026-05-28 03:25:26,365] Trial 256 finished with value: 8.506315032920721 and parameters: {'ISTN': 66.09407662806082, 'I_gpe': 1.1399730300133601, 'I_gpi': 1.6522267680802027, 'noise_stn_sigma': 3.1976985331835523, 'noise_gpe_sigma': 89.78104474882606, 'noise_gpi_sigma': 90.08816058341503, 'g_stn_gpe_mult': 2.4249100608704195, 'g_gpe_stn_mult': 0.5954569580225223, 'g_stn_gpi_mult': 3.2676075744471698, 'g_gpe_gpi_mult': 0.9183084276240374}. Best is trial 215 with value: 0.6300162530717475.
[I 2026-05-28 03:25:27,376] Trial 257 finished with value: 1.9796124974998932 and parameters: {'ISTN': 63.40052333771237, 'I_gpe': 0.8374073375370559, 'I_gpi': 2.1788380398611933, 'noise_stn_sigma': 3.995649844682548, 'noise_gpe_sigma': 80.19865218138952, 'noise_gpi_sigma': 77.63395203432682, 'g_stn_gpe_mult': 2.1427989973486206, 'g_gpe_stn_mult': 0.48934696168794556, 'g_stn_gpi_mult': 2.7993798738758446, 'g_gpe_gpi_mult': 0.9396075291353032}. Best is trial 215 with value: 0.6300162530717475.
[I 2026-05-28 03:25:28,385] Trial 258 finished with value: 11.483835509079364 and parameters: {'ISTN': 60.67676608353696, 'I_gpe': 0.9934327879805727, 'I_gpi': 1.4565495781668847, 'noise_stn_sigma': 2.8381076933777205, 'noise_gpe_sigma': 80.35239117578641, 'noise_gpi_sigma': 78.97028249538533, 'g_stn_gpe_mult': 2.1784704292409165, 'g_gpe_stn_mult': 0.5628795847897757, 'g_stn_gpi_mult': 3.4476162316391306, 'g_gpe_gpi_mult': 0.897710563790298}. Best is trial 215 with value: 0.6300162530717475.
[I 2026-05-28 03:25:29,394] Trial 259 finished with value: 10.554249215281613 and parameters: {'ISTN': 72.07471066069469, 'I_gpe': 0.6354591616981023, 'I_gpi': 2.072051584052625, 'noise_stn_sigma': 3.5230797656871404, 'noise_gpe_sigma': 86.71626787211241, 'noise_gpi_sigma': 96.9520856535505, 'g_stn_gpe_mult': 1.8806239684515824, 'g_gpe_stn_mult': 0.5565708867612826, 'g_stn_gpi_mult': 3.1495890946590412, 'g_gpe_gpi_mult': 0.8804383330440839}. Best is trial 215 with value: 0.6300162530717475.
[I 2026-05-28 03:25:30,402] Trial 260 finished with value: 12.680181052327445 and parameters: {'ISTN': 68.72032856331113, 'I_gpe': 1.2242156384094798, 'I_gpi': 1.9659769089079304, 'noise_stn_sigma': 3.429990077639279, 'noise_gpe_sigma': 98.18941070120252, 'noise_gpi_sigma': 61.610837581244866, 'g_stn_gpe_mult': 2.310432296468641, 'g_gpe_stn_mult': 0.5286031263856615, 'g_stn_gpi_mult': 3.397517987423399, 'g_gpe_gpi_mult': 0.8837246766944151}. Best is trial 215 with value: 0.6300162530717475.
[I 2026-05-28 03:25:31,412] Trial 261 finished with value: 2.9166984259876427 and parameters: {'ISTN': 70.47944188931265, 'I_gpe': 0.7650913367760546, 'I_gpi': 1.8041902618403522, 'noise_stn_sigma': 3.701856893992282, 'noise_gpe_sigma': 90.4900693102056, 'noise_gpi_sigma': 97.58665876104199, 'g_stn_gpe_mult': 1.9665073594806357, 'g_gpe_stn_mult': 0.6278061792063264, 'g_stn_gpi_mult': 3.0631801492390114, 'g_gpe_gpi_mult': 0.8909710501582881}. Best is trial 215 with value: 0.6300162530717475.
[I 2026-05-28 03:25:32,418] Trial 262 finished with value: 1.7473410114033872 and parameters: {'ISTN': 72.53571174080956, 'I_gpe': 0.7381799567037111, 'I_gpi': 1.7747356575492768, 'noise_stn_sigma': 4.11960211437137, 'noise_gpe_sigma': 84.61375377651682, 'noise_gpi_sigma': 84.47749040223147, 'g_stn_gpe_mult': 2.1191032485740298, 'g_gpe_stn_mult': 0.5082780584784262, 'g_stn_gpi_mult': 2.937245656258466, 'g_gpe_gpi_mult': 0.845992727550438}. Best is trial 215 with value: 0.6300162530717475.
[I 2026-05-28 03:25:33,427] Trial 263 finished with value: 10.940528380681199 and parameters: {'ISTN': 64.04290761325144, 'I_gpe': 1.1804111544685278, 'I_gpi': 1.8969428881846213, 'noise_stn_sigma': 4.018336646393791, 'noise_gpe_sigma': 87.59499756851855, 'noise_gpi_sigma': 73.44105616910323, 'g_stn_gpe_mult': 2.221761593577072, 'g_gpe_stn_mult': 0.47692223374365283, 'g_stn_gpi_mult': 2.833153117707049, 'g_gpe_gpi_mult': 0.9463303304183563}. Best is trial 215 with value: 0.6300162530717475.
