[I 2026-05-28 03:32:13,548] Trial 660 finished with value: 1.7956076600763562 and parameters: {'ISTN': 69.5418328001166, 'I_gpe': 0.8058823484047573, 'I_gpi': 2.1784678335519727, 'noise_stn_sigma': 7.659054430767345, 'noise_gpe_sigma': 77.39096163711713, 'noise_gpi_sigma': 141.79157355112744, 'g_stn_gpe_mult': 2.104026267149271, 'g_gpe_stn_mult': 0.5781547550280829, 'g_stn_gpi_mult': 3.6037681521174774, 'g_gpe_gpi_mult': 0.932823022883835}. Best is trial 410 with value: 0.4608635463245284.
[I 2026-05-28 03:32:14,555] Trial 661 finished with value: 1.342584920490584 and parameters: {'ISTN': 69.77547766762079, 'I_gpe': 0.8106036971054531, 'I_gpi': 2.2630565927141504, 'noise_stn_sigma': 7.258985544541261, 'noise_gpe_sigma': 74.489856436689, 'noise_gpi_sigma': 148.66690486596843, 'g_stn_gpe_mult': 2.0344752866117775, 'g_gpe_stn_mult': 0.6239648664505528, 'g_stn_gpi_mult': 3.473726986635916, 'g_gpe_gpi_mult': 0.879404768222324}. Best is trial 410 with value: 0.4608635463245284.
[I 2026-05-28 03:32:15,563] Trial 662 finished with value: 3.943088308604191 and parameters: {'ISTN': 71.41514652053495, 'I_gpe': 0.7600154870821803, 'I_gpi': 2.18620800077373, 'noise_stn_sigma': 6.815074810104354, 'noise_gpe_sigma': 72.20554434703402, 'noise_gpi_sigma': 139.1715922378715, 'g_stn_gpe_mult': 2.0746718721759674, 'g_gpe_stn_mult': 0.6390695871615538, 'g_stn_gpi_mult': 3.8332442891377725, 'g_gpe_gpi_mult': 0.9314350296239993}. Best is trial 410 with value: 0.4608635463245284.
[I 2026-05-28 03:32:16,570] Trial 663 finished with value: 1.9686995594932128 and parameters: {'ISTN': 64.45458933039218, 'I_gpe': 0.8087313105933702, 'I_gpi': 2.2576186978842006, 'noise_stn_sigma': 7.938467122337623, 'noise_gpe_sigma': 74.225896916859, 'noise_gpi_sigma': 138.70250087100817, 'g_stn_gpe_mult': 2.122129113569333, 'g_gpe_stn_mult': 0.6125972131443035, 'g_stn_gpi_mult': 3.603173665336219, 'g_gpe_gpi_mult': 0.9307311666545974}. Best is trial 410 with value: 0.4608635463245284.
[I 2026-05-28 03:32:17,580] Trial 664 finished with value: 5.8499785799489175 and parameters: {'ISTN': 69.10310792967896, 'I_gpe': 0.7213589463846044, 'I_gpi': 2.364213225966488, 'noise_stn_sigma': 7.968419297094874, 'noise_gpe_sigma': 78.65408867179923, 'noise_gpi_sigma': 143.7531253444551, 'g_stn_gpe_mult': 1.9074324247813363, 'g_gpe_stn_mult': 0.574720747942299, 'g_stn_gpi_mult': 3.830119410043256, 'g_gpe_gpi_mult': 1.0050454354889573}. Best is trial 410 with value: 0.4608635463245284.
[I 2026-05-28 03:32:18,589] Trial 665 finished with value: 3.7329455647714473 and parameters: {'ISTN': 65.44090375351217, 'I_gpe': 0.9563236925396891, 'I_gpi': 2.030991304744335, 'noise_stn_sigma': 7.286835602282166, 'noise_gpe_sigma': 75.64926906714645, 'noise_gpi_sigma': 135.4335397670571, 'g_stn_gpe_mult': 1.9762179323850892, 'g_gpe_stn_mult': 0.6171424474643247, 'g_stn_gpi_mult': 3.7558364406711715, 'g_gpe_gpi_mult': 0.9315956150429194}. Best is trial 410 with value: 0.4608635463245284.
[I 2026-05-28 03:32:19,598] Trial 666 finished with value: 4.215970910090794 and parameters: {'ISTN': 68.79548644441098, 'I_gpe': 0.8079554117661645, 'I_gpi': 2.3007896961744763, 'noise_stn_sigma': 7.347996306919074, 'noise_gpe_sigma': 72.02102471275897, 'noise_gpi_sigma': 139.2865290396275, 'g_stn_gpe_mult': 2.034964219181994, 'g_gpe_stn_mult': 0.6010525360206178, 'g_stn_gpi_mult': 3.566151858736808, 'g_gpe_gpi_mult': 1.0049078074706128}. Best is trial 410 with value: 0.4608635463245284.
[I 2026-05-28 03:32:20,606] Trial 667 finished with value: 3.225845682381289 and parameters: {'ISTN': 70.81820746027981, 'I_gpe': 0.7514022967972089, 'I_gpi': 2.0818686032696943, 'noise_stn_sigma': 6.927864755681582, 'noise_gpe_sigma': 74.70712523751808, 'noise_gpi_sigma': 143.15142719078312, 'g_stn_gpe_mult': 1.9654682984437888, 'g_gpe_stn_mult': 0.6338037283562227, 'g_stn_gpi_mult': 3.7144900467551993, 'g_gpe_gpi_mult': 0.9402069835902931}. Best is trial 410 with value: 0.4608635463245284.
[I 2026-05-28 03:32:21,613] Trial 668 finished with value: 4.67659361845079 and parameters: {'ISTN': 68.14985881967868, 'I_gpe': 0.7806774495128883, 'I_gpi': 2.242714557061552, 'noise_stn_sigma': 6.816980672688476, 'noise_gpe_sigma': 78.82775463511699, 'noise_gpi_sigma': 141.46743906371313, 'g_stn_gpe_mult': 2.17187174790631, 'g_gpe_stn_mult': 0.6444801894115932, 'g_stn_gpi_mult': 3.6406237709674762, 'g_gpe_gpi_mult': 0.9344925948615395}. Best is trial 410 with value: 0.4608635463245284.
[I 2026-05-28 03:32:22,621] Trial 669 finished with value: 5.092973170191309 and parameters: {'ISTN': 67.37954286481472, 'I_gpe': 0.839534565731809, 'I_gpi': 2.299788580916154, 'noise_stn_sigma': 7.513293249055798, 'noise_gpe_sigma': 75.84175394453172, 'noise_gpi_sigma': 134.63105880841812, 'g_stn_gpe_mult': 2.1324496078935735, 'g_gpe_stn_mult': 0.6132713004099325, 'g_stn_gpi_mult': 3.5783964426889, 'g_gpe_gpi_mult': 0.9639317689241262}. Best is trial 410 with value: 0.4608635463245284.
[I 2026-05-28 03:32:23,630] Trial 670 finished with value: 5.73665850163131 and parameters: {'ISTN': 61.21470059012539, 'I_gpe': 0.9129404251502353, 'I_gpi': 2.013599680115586, 'noise_stn_sigma': 7.18233362488768, 'noise_gpe_sigma': 77.0011609340787, 'noise_gpi_sigma': 135.8210987154859, 'g_stn_gpe_mult': 2.0799107511590917, 'g_gpe_stn_mult': 0.5595191443218144, 'g_stn_gpi_mult': 3.6929967096640244, 'g_gpe_gpi_mult': 0.9386749273463033}. Best is trial 410 with value: 0.4608635463245284.
[I 2026-05-28 03:32:24,638] Trial 671 finished with value: 6.280368025874369 and parameters: {'ISTN': 65.87342446920452, 'I_gpe': 0.7720206785918111, 'I_gpi': 2.254314742954978, 'noise_stn_sigma': 7.657123389795066, 'noise_gpe_sigma': 72.20692360253844, 'noise_gpi_sigma': 143.10810311734713, 'g_stn_gpe_mult': 2.0621604556473665, 'g_gpe_stn_mult': 0.5944527758963303, 'g_stn_gpi_mult': 3.672033589050434, 'g_gpe_gpi_mult': 0.9608767071618445}. Best is trial 410 with value: 0.4608635463245284.
[I 2026-05-28 03:32:25,645] Trial 672 finished with value: 4.412929988517426 and parameters: {'ISTN': 73.68503769878131, 'I_gpe': 0.6474144554862225, 'I_gpi': 2.3270799390096024, 'noise_stn_sigma': 7.036053813413758, 'noise_gpe_sigma': 75.55425750831648, 'noise_gpi_sigma': 143.5997165167988, 'g_stn_gpe_mult': 2.088428991598386, 'g_gpe_stn_mult': 0.642335065866224, 'g_stn_gpi_mult': 3.579286034347504, 'g_gpe_gpi_mult': 0.9389313148515233}. Best is trial 410 with value: 0.4608635463245284.
[I 2026-05-28 03:32:26,655] Trial 673 finished with value: 6.784917999400978 and parameters: {'ISTN': 67.04009802965908, 'I_gpe': 0.855615296011391, 'I_gpi': 2.187010273087257, 'noise_stn_sigma': 7.916151424057424, 'noise_gpe_sigma': 68.78814097678227, 'noise_gpi_sigma': 144.43848907758712, 'g_stn_gpe_mult': 1.9707232059369797, 'g_gpe_stn_mult': 0.6281430828492023, 'g_stn_gpi_mult': 3.6918779126079295, 'g_gpe_gpi_mult': 0.9321451803183658}. Best is trial 410 with value: 0.4608635463245284.
[I 2026-05-28 03:32:27,666] Trial 674 finished with value: 1.4342628594828744 and parameters: {'ISTN': 71.00134253958983, 'I_gpe': 0.8013904940075629, 'I_gpi': 2.193930641458681, 'noise_stn_sigma': 7.053218820149913, 'noise_gpe_sigma': 73.31944293512808, 'noise_gpi_sigma': 146.37137036815682, 'g_stn_gpe_mult': 2.1565327173996067, 'g_gpe_stn_mult': 0.6382409855436172, 'g_stn_gpi_mult': 3.6952912659137898, 'g_gpe_gpi_mult': 0.92250244913502}. Best is trial 410 with value: 0.4608635463245284.
[I 2026-05-28 03:32:28,676] Trial 675 finished with value: 3.0895066809543508 and parameters: {'ISTN': 63.97578768605257, 'I_gpe': 0.8188545638400507, 'I_gpi': 1.9964944757255392, 'noise_stn_sigma': 7.439107824143946, 'noise_gpe_sigma': 69.9693353292518, 'noise_gpi_sigma': 146.11891508926954, 'g_stn_gpe_mult': 2.212301396442858, 'g_gpe_stn_mult': 0.6117542876646798, 'g_stn_gpi_mult': 3.4019405063168624, 'g_gpe_gpi_mult': 0.9090204787756841}. Best is trial 410 with value: 0.4608635463245284.
[I 2026-05-28 03:32:29,684] Trial 676 finished with value: 3.7132525320071776 and parameters: {'ISTN': 73.7950027386837, 'I_gpe': 0.7494760949625341, 'I_gpi': 2.1541824382577515, 'noise_stn_sigma': 7.428028690792169, 'noise_gpe_sigma': 78.31746747492554, 'noise_gpi_sigma': 138.50483751349174, 'g_stn_gpe_mult': 2.120306414394266, 'g_gpe_stn_mult': 0.6375362987883307, 'g_stn_gpi_mult': 3.5498777547572504, 'g_gpe_gpi_mult': 0.9220087024956245}. Best is trial 410 with value: 0.4608635463245284.
[I 2026-05-28 03:32:30,692] Trial 677 finished with value: 8.502553918300862 and parameters: {'ISTN': 66.97334456165001, 'I_gpe': 0.8230906239166804, 'I_gpi': 2.229666148623979, 'noise_stn_sigma': 7.210211923130225, 'noise_gpe_sigma': 69.80123654461005, 'noise_gpi_sigma': 144.95272051783283, 'g_stn_gpe_mult': 1.902428134208599, 'g_gpe_stn_mult': 0.6217922175768339, 'g_stn_gpi_mult': 3.664604975505229, 'g_gpe_gpi_mult': 0.9275833312750574}. Best is trial 410 with value: 0.4608635463245284.
[I 2026-05-28 03:32:31,699] Trial 678 finished with value: 4.071104163705506 and parameters: {'ISTN': 72.2670819936772, 'I_gpe': 0.803423887938648, 'I_gpi': 1.9818704733635195, 'noise_stn_sigma': 6.657759083931152, 'noise_gpe_sigma': 77.01534410972339, 'noise_gpi_sigma': 138.69163867260718, 'g_stn_gpe_mult': 1.8765270420548628, 'g_gpe_stn_mult': 0.6384710458578388, 'g_stn_gpi_mult': 3.6206353292241187, 'g_gpe_gpi_mult': 0.8897462871086688}. Best is trial 410 with value: 0.4608635463245284.
[I 2026-05-28 03:32:32,708] Trial 679 finished with value: 1.3686033831374922 and parameters: {'ISTN': 68.67726682925391, 'I_gpe': 0.8720737827264298, 'I_gpi': 1.9699729924292666, 'noise_stn_sigma': 7.3078991821742125, 'noise_gpe_sigma': 72.29567979281705, 'noise_gpi_sigma': 142.09433383048724, 'g_stn_gpe_mult': 2.1428015824131905, 'g_gpe_stn_mult': 0.6728991392940813, 'g_stn_gpi_mult': 3.576114306382538, 'g_gpe_gpi_mult': 0.893291141470598}. Best is trial 410 with value: 0.4608635463245284.
[I 2026-05-28 03:32:33,718] Trial 680 finished with value: 0.9146369030111301 and parameters: {'ISTN': 64.37827573206678, 'I_gpe': 0.8316645310179379, 'I_gpi': 2.2472090754196863, 'noise_stn_sigma': 7.084160195013196, 'noise_gpe_sigma': 69.83023991804723, 'noise_gpi_sigma': 137.62526928246575, 'g_stn_gpe_mult': 2.1958914171531125, 'g_gpe_stn_mult': 0.6687078076751606, 'g_stn_gpi_mult': 3.705603199406129, 'g_gpe_gpi_mult': 0.9044038996483246}. Best is trial 410 with value: 0.4608635463245284.
[I 2026-05-28 03:32:34,727] Trial 681 finished with value: 1.81221608339108 and parameters: {'ISTN': 66.05099225607086, 'I_gpe': 0.9255362308091728, 'I_gpi': 1.8450197028460051, 'noise_stn_sigma': 7.051863241601655, 'noise_gpe_sigma': 70.23886624788705, 'noise_gpi_sigma': 133.09898693663104, 'g_stn_gpe_mult': 2.1629783950267756, 'g_gpe_stn_mult': 0.6649511184933222, 'g_stn_gpi_mult': 3.6111958329683516, 'g_gpe_gpi_mult': 0.9214427224188526}. Best is trial 410 with value: 0.4608635463245284.
[I 2026-05-28 03:32:35,737] Trial 682 finished with value: 2.5373644752543134 and parameters: {'ISTN': 70.45623441161538, 'I_gpe': 0.874217120218596, 'I_gpi': 1.9156375959588776, 'noise_stn_sigma': 6.971998932117197, 'noise_gpe_sigma': 70.0751145098971, 'noise_gpi_sigma': 131.39539567738632, 'g_stn_gpe_mult': 2.2396523180150276, 'g_gpe_stn_mult': 0.642061957653341, 'g_stn_gpi_mult': 3.5079008381945256, 'g_gpe_gpi_mult': 0.8908417528613053}. Best is trial 410 with value: 0.4608635463245284.
[I 2026-05-28 03:32:36,747] Trial 683 finished with value: 4.0054048156632645 and parameters: {'ISTN': 69.2555048557188, 'I_gpe': 0.7504854312313062, 'I_gpi': 2.0814558827209573, 'noise_stn_sigma': 6.842973141353646, 'noise_gpe_sigma': 71.07321057370112, 'noise_gpi_sigma': 139.34877930531684, 'g_stn_gpe_mult': 2.1658536437964995, 'g_gpe_stn_mult': 0.6769379998152255, 'g_stn_gpi_mult': 3.5138025120192706, 'g_gpe_gpi_mult': 0.8455412407126199}. Best is trial 410 with value: 0.4608635463245284.
[I 2026-05-28 03:32:37,756] Trial 684 finished with value: 3.7713341539361553 and parameters: {'ISTN': 67.2459652376934, 'I_gpe': 0.6976379776626216, 'I_gpi': 2.2506361977863345, 'noise_stn_sigma': 7.222370633626826, 'noise_gpe_sigma': 74.92332064561884, 'noise_gpi_sigma': 139.00953193682165, 'g_stn_gpe_mult': 2.4281850747867404, 'g_gpe_stn_mult': 0.6923762126386452, 'g_stn_gpi_mult': 3.490943905770985, 'g_gpe_gpi_mult': 0.8452440311660805}. Best is trial 410 with value: 0.4608635463245284.
[I 2026-05-28 03:32:38,765] Trial 685 finished with value: 3.1064046416689894 and parameters: {'ISTN': 64.76522249875694, 'I_gpe': 0.8530967848867625, 'I_gpi': 2.151621825605609, 'noise_stn_sigma': 7.129852565413076, 'noise_gpe_sigma': 68.05250360967028, 'noise_gpi_sigma': 141.97862417403465, 'g_stn_gpe_mult': 2.4458625067288953, 'g_gpe_stn_mult': 0.6386478275307843, 'g_stn_gpi_mult': 3.594622380219316, 'g_gpe_gpi_mult': 0.8577109493486028}. Best is trial 410 with value: 0.4608635463245284.
[I 2026-05-28 03:32:39,774] Trial 686 finished with value: 7.9459174890157 and parameters: {'ISTN': 60.909036214580645, 'I_gpe': 0.9922159724947976, 'I_gpi': 2.098413739387042, 'noise_stn_sigma': 7.471877557329569, 'noise_gpe_sigma': 64.694594084031, 'noise_gpi_sigma': 141.65594351894896, 'g_stn_gpe_mult': 2.1694574379251046, 'g_gpe_stn_mult': 0.6686037202366685, 'g_stn_gpi_mult': 3.4897909703042522, 'g_gpe_gpi_mult': 0.8827841921011657}. Best is trial 410 with value: 0.4608635463245284.
[I 2026-05-28 03:32:40,782] Trial 687 finished with value: 3.4991670413292075 and parameters: {'ISTN': 68.07600882130056, 'I_gpe': 0.8112787786304608, 'I_gpi': 2.3154536684775033, 'noise_stn_sigma': 7.342244567657631, 'noise_gpe_sigma': 72.53725603093037, 'noise_gpi_sigma': 138.51493103830904, 'g_stn_gpe_mult': 2.2443876447079614, 'g_gpe_stn_mult': 0.643792074688081, 'g_stn_gpi_mult': 3.439247739654058, 'g_gpe_gpi_mult': 0.9128136364217911}. Best is trial 410 with value: 0.4608635463245284.
[I 2026-05-28 03:32:41,788] Trial 688 finished with value: 2.3552945608710685 and parameters: {'ISTN': 65.8310219570106, 'I_gpe': 0.9468100852346224, 'I_gpi': 2.262593196145925, 'noise_stn_sigma': 7.344115941984475, 'noise_gpe_sigma': 67.52194892954832, 'noise_gpi_sigma': 145.1492895633417, 'g_stn_gpe_mult': 2.1417506839683966, 'g_gpe_stn_mult': 0.6190168668167451, 'g_stn_gpi_mult': 3.7375203913079593, 'g_gpe_gpi_mult': 0.9150826350717634}. Best is trial 410 with value: 0.4608635463245284.
[I 2026-05-28 03:32:42,797] Trial 689 finished with value: 1.2586526500652473 and parameters: {'ISTN': 68.88340445198416, 'I_gpe': 0.8652811898743642, 'I_gpi': 2.003545384798091, 'noise_stn_sigma': 7.0629651866562115, 'noise_gpe_sigma': 74.29194396669726, 'noise_gpi_sigma': 135.80214885939898, 'g_stn_gpe_mult': 2.073062586594432, 'g_gpe_stn_mult': 0.6678402658495212, 'g_stn_gpi_mult': 3.533349210286459, 'g_gpe_gpi_mult': 0.8490324669468661}. Best is trial 410 with value: 0.4608635463245284.
[I 2026-05-28 03:32:43,805] Trial 690 finished with value: 3.0894807521861614 and parameters: {'ISTN': 70.73017998995243, 'I_gpe': 0.7123321178250653, 'I_gpi': 2.201902896681104, 'noise_stn_sigma': 7.172081858233865, 'noise_gpe_sigma': 77.85846665079129, 'noise_gpi_sigma': 132.72354539324442, 'g_stn_gpe_mult': 2.2619712809394823, 'g_gpe_stn_mult': 0.6759602408598308, 'g_stn_gpi_mult': 3.667232090268053, 'g_gpe_gpi_mult': 0.9223294882839079}. Best is trial 410 with value: 0.4608635463245284.
[I 2026-05-28 03:32:44,813] Trial 691 finished with value: 5.435061184694156 and parameters: {'ISTN': 65.16091426082058, 'I_gpe': 1.0204322555003211, 'I_gpi': 1.950207943814898, 'noise_stn_sigma': 7.427992365815732, 'noise_gpe_sigma': 71.21107870289309, 'noise_gpi_sigma': 142.57414088171043, 'g_stn_gpe_mult': 2.210670181491882, 'g_gpe_stn_mult': 0.6251884255926318, 'g_stn_gpi_mult': 3.538977583110059, 'g_gpe_gpi_mult': 0.9445189533824643}. Best is trial 410 with value: 0.4608635463245284.
[I 2026-05-28 03:32:45,821] Trial 692 finished with value: 2.8823189512094927 and parameters: {'ISTN': 67.16366045413194, 'I_gpe': 0.9174114926783484, 'I_gpi': 2.061875863711159, 'noise_stn_sigma': 7.0760233185958015, 'noise_gpe_sigma': 74.4046244666912, 'noise_gpi_sigma': 131.30974314621375, 'g_stn_gpe_mult': 2.123930542012011, 'g_gpe_stn_mult': 0.6809683149576703, 'g_stn_gpi_mult': 3.620080351105602, 'g_gpe_gpi_mult': 0.937039763636017}. Best is trial 410 with value: 0.4608635463245284.
[I 2026-05-28 03:32:46,827] Trial 693 finished with value: 5.124968584826569 and parameters: {'ISTN': 62.80138943758503, 'I_gpe': 1.0000417221756455, 'I_gpi': 2.0008212451270557, 'noise_stn_sigma': 7.2572773368983485, 'noise_gpe_sigma': 72.07785081048657, 'noise_gpi_sigma': 131.86965973725057, 'g_stn_gpe_mult': 2.0876747704872174, 'g_gpe_stn_mult': 0.5885300682473708, 'g_stn_gpi_mult': 3.427423607016168, 'g_gpe_gpi_mult': 0.8892424373230576}. Best is trial 410 with value: 0.4608635463245284.
[I 2026-05-28 03:32:47,834] Trial 694 finished with value: 8.033734983009753 and parameters: {'ISTN': 67.15366830598161, 'I_gpe': 0.7702928815954257, 'I_gpi': 1.795070645936297, 'noise_stn_sigma': 7.309507211609165, 'noise_gpe_sigma': 74.191548437423, 'noise_gpi_sigma': 132.3321863134003, 'g_stn_gpe_mult': 2.1067265381596156, 'g_gpe_stn_mult': 0.5950031936750717, 'g_stn_gpi_mult': 3.602524137284751, 'g_gpe_gpi_mult': 0.8627015294860503}. Best is trial 410 with value: 0.4608635463245284.
[I 2026-05-28 03:32:48,840] Trial 695 finished with value: 1.486539477156558 and parameters: {'ISTN': 70.24390624895601, 'I_gpe': 0.803283721440506, 'I_gpi': 1.8445751338593213, 'noise_stn_sigma': 6.7003702196745545, 'noise_gpe_sigma': 70.7120952332111, 'noise_gpi_sigma': 139.652545177991, 'g_stn_gpe_mult': 2.11645175558245, 'g_gpe_stn_mult': 0.7224912319455016, 'g_stn_gpi_mult': 3.7709260356027134, 'g_gpe_gpi_mult': 0.8101054769294984}. Best is trial 410 with value: 0.4608635463245284.
[I 2026-05-28 03:32:49,848] Trial 696 finished with value: 2.182103325795997 and parameters: {'ISTN': 66.0433677755446, 'I_gpe': 0.8826468022979623, 'I_gpi': 2.014707150132789, 'noise_stn_sigma': 6.580058807417158, 'noise_gpe_sigma': 67.35441373238484, 'noise_gpi_sigma': 130.0148011701735, 'g_stn_gpe_mult': 2.3820821944865394, 'g_gpe_stn_mult': 0.6359897958488772, 'g_stn_gpi_mult': 3.603538680217902, 'g_gpe_gpi_mult': 0.8916717049744618}. Best is trial 410 with value: 0.4608635463245284.
[I 2026-05-28 03:32:50,856] Trial 697 finished with value: 1.6380070297881995 and parameters: {'ISTN': 68.11915962608586, 'I_gpe': 0.9285633102076724, 'I_gpi': 1.9457070713633662, 'noise_stn_sigma': 6.649299830154116, 'noise_gpe_sigma': 68.30889111501182, 'noise_gpi_sigma': 126.68279285864527, 'g_stn_gpe_mult': 2.137542011427227, 'g_gpe_stn_mult': 0.6482352814717746, 'g_stn_gpi_mult': 3.806527604417565, 'g_gpe_gpi_mult': 0.8593125352796191}. Best is trial 410 with value: 0.4608635463245284.
[I 2026-05-28 03:32:51,866] Trial 698 finished with value: 2.9419927168705104 and parameters: {'ISTN': 72.04591671543687, 'I_gpe': 0.7992359123236956, 'I_gpi': 2.0625378907697964, 'noise_stn_sigma': 7.271345206549732, 'noise_gpe_sigma': 67.84147763877965, 'noise_gpi_sigma': 145.298385378042, 'g_stn_gpe_mult': 2.1321385623697213, 'g_gpe_stn_mult': 0.6528160069968797, 'g_stn_gpi_mult': 3.6712555848433928, 'g_gpe_gpi_mult': 0.8994996627341587}. Best is trial 410 with value: 0.4608635463245284.
[I 2026-05-28 03:32:52,814] Trial 699 finished with value: 1000000.0 and parameters: {'ISTN': 66.68075938568575, 'I_gpe': 0.8747306143742728, 'I_gpi': 2.160600070578838, 'noise_stn_sigma': 7.487218489335789, 'noise_gpe_sigma': 71.40763118719248, 'noise_gpi_sigma': 141.38656376348297, 'g_stn_gpe_mult': 2.224287807998522, 'g_gpe_stn_mult': 0.6129843480394962, 'g_stn_gpi_mult': 3.484786335053137, 'g_gpe_gpi_mult': 0.865462918823453}. Best is trial 410 with value: 0.4608635463245284.
[I 2026-05-28 03:32:53,825] Trial 700 finished with value: 2.7538727631633457 and parameters: {'ISTN': 67.8028448735713, 'I_gpe': 0.8073782031313818, 'I_gpi': 1.8717478227883746, 'noise_stn_sigma': 7.470369437129077, 'noise_gpe_sigma': 67.00131733379938, 'noise_gpi_sigma': 141.51588465059024, 'g_stn_gpe_mult': 2.2708409796766063, 'g_gpe_stn_mult': 0.6613741605423964, 'g_stn_gpi_mult': 3.6895583456406276, 'g_gpe_gpi_mult': 0.8462930887802662}. Best is trial 410 with value: 0.4608635463245284.
[I 2026-05-28 03:32:54,836] Trial 701 finished with value: 3.6899038651777762 and parameters: {'ISTN': 73.09993383258713, 'I_gpe': 0.6844369247743898, 'I_gpi': 2.0680508808473475, 'noise_stn_sigma': 6.799156999186668, 'noise_gpe_sigma': 78.22575601374831, 'noise_gpi_sigma': 146.25644757479512, 'g_stn_gpe_mult': 2.1179577558399068, 'g_gpe_stn_mult': 0.6790656821748562, 'g_stn_gpi_mult': 3.7006229919047273, 'g_gpe_gpi_mult': 0.8459455143667887}. Best is trial 410 with value: 0.4608635463245284.
[I 2026-05-28 03:32:55,846] Trial 702 finished with value: 1.4904833908936947 and parameters: {'ISTN': 72.20507437906004, 'I_gpe': 0.9064563661174098, 'I_gpi': 1.9981368540141642, 'noise_stn_sigma': 6.666273166285101, 'noise_gpe_sigma': 68.21533580798604, 'noise_gpi_sigma': 133.59822116511316, 'g_stn_gpe_mult': 2.1899823935087457, 'g_gpe_stn_mult': 0.6657180998524433, 'g_stn_gpi_mult': 3.78878157359061, 'g_gpe_gpi_mult': 0.905906484359069}. Best is trial 410 with value: 0.4608635463245284.
[I 2026-05-28 03:32:56,853] Trial 703 finished with value: 1.5955664365339897 and parameters: {'ISTN': 70.68152860782268, 'I_gpe': 0.8464788980935165, 'I_gpi': 1.9531414210161753, 'noise_stn_sigma': 6.161764224282379, 'noise_gpe_sigma': 67.69827744007188, 'noise_gpi_sigma': 119.04404388710451, 'g_stn_gpe_mult': 2.2908114549000422, 'g_gpe_stn_mult': 0.6999067235880069, 'g_stn_gpi_mult': 3.6869311137960117, 'g_gpe_gpi_mult': 0.777399274038848}. Best is trial 410 with value: 0.4608635463245284.
