[I 2026-05-28 03:20:24,775] Trial 968 finished with value: 0.12789556889842024 and parameters: {'ISTN': 60.176605330041056, 'I_gpe': 1.1625488084878373, 'I_gpi': 1.8591752554469811, 'noise_stn_sigma': 2.3137805711434396, 'noise_gpe_sigma': 105.900055738054, 'noise_gpi_sigma': 82.18556418335102, 'g_stn_gpe_mult': 2.6449182892789582, 'g_gpe_stn_mult': 0.17257831986159422, 'g_stn_gpi_mult': 3.5759617306969598, 'g_gpe_gpi_mult': 1.0420283720865877}. Best is trial 840 with value: 0.12482692379131191.
[I 2026-05-28 03:20:25,787] Trial 969 finished with value: 0.13589757864193738 and parameters: {'ISTN': 60.42754835125339, 'I_gpe': 1.171748021136617, 'I_gpi': 1.7983605278206944, 'noise_stn_sigma': 2.3058171539298304, 'noise_gpe_sigma': 105.73028511204699, 'noise_gpi_sigma': 82.31534769815752, 'g_stn_gpe_mult': 2.622135818905841, 'g_gpe_stn_mult': 0.1723395638445676, 'g_stn_gpi_mult': 3.623688345087456, 'g_gpe_gpi_mult': 1.0262558815943086}. Best is trial 840 with value: 0.12482692379131191.
[I 2026-05-28 03:20:26,797] Trial 970 finished with value: 0.1299462275324662 and parameters: {'ISTN': 60.23325579894408, 'I_gpe': 1.1679430995800844, 'I_gpi': 1.8239327351169818, 'noise_stn_sigma': 2.3088473679979944, 'noise_gpe_sigma': 105.61721952333616, 'noise_gpi_sigma': 80.97534307904326, 'g_stn_gpe_mult': 2.61528676174484, 'g_gpe_stn_mult': 0.17238383697514154, 'g_stn_gpi_mult': 3.5985936293487852, 'g_gpe_gpi_mult': 1.029948397312019}. Best is trial 840 with value: 0.12482692379131191.
[I 2026-05-28 03:20:27,809] Trial 971 finished with value: 0.13429234885092797 and parameters: {'ISTN': 60.62679764180618, 'I_gpe': 1.189203663424117, 'I_gpi': 1.8451163521896077, 'noise_stn_sigma': 2.327466792746633, 'noise_gpe_sigma': 105.97935267432405, 'noise_gpi_sigma': 81.37923725969725, 'g_stn_gpe_mult': 2.7024646956842036, 'g_gpe_stn_mult': 0.16714381215722865, 'g_stn_gpi_mult': 3.55277936051675, 'g_gpe_gpi_mult': 1.044745187296837}. Best is trial 840 with value: 0.12482692379131191.
[I 2026-05-28 03:20:28,822] Trial 972 finished with value: 0.1286577949340782 and parameters: {'ISTN': 60.20127163734504, 'I_gpe': 1.1677250329287463, 'I_gpi': 1.8557783267828691, 'noise_stn_sigma': 2.3368572831502377, 'noise_gpe_sigma': 104.96048482483818, 'noise_gpi_sigma': 81.17605579607594, 'g_stn_gpe_mult': 2.6295949171926276, 'g_gpe_stn_mult': 0.17181541618708537, 'g_stn_gpi_mult': 3.5893609773456143, 'g_gpe_gpi_mult': 1.0402840960565476}. Best is trial 840 with value: 0.12482692379131191.
[I 2026-05-28 03:20:29,835] Trial 973 finished with value: 0.13505547047209107 and parameters: {'ISTN': 60.472239219043345, 'I_gpe': 1.1991493720815463, 'I_gpi': 1.823855069939194, 'noise_stn_sigma': 2.370025530528629, 'noise_gpe_sigma': 105.14518285036914, 'noise_gpi_sigma': 82.03424946532581, 'g_stn_gpe_mult': 2.6220958688785827, 'g_gpe_stn_mult': 0.17045043843356272, 'g_stn_gpi_mult': 3.5951056653743745, 'g_gpe_gpi_mult': 1.0228690951049764}. Best is trial 840 with value: 0.12482692379131191.
[I 2026-05-28 03:20:30,845] Trial 974 finished with value: 0.13568451115679425 and parameters: {'ISTN': 60.567505029753356, 'I_gpe': 1.1523549384531218, 'I_gpi': 1.852491299910995, 'noise_stn_sigma': 2.328963807333609, 'noise_gpe_sigma': 105.89466899522635, 'noise_gpi_sigma': 82.44422120113154, 'g_stn_gpe_mult': 2.69252180589221, 'g_gpe_stn_mult': 0.16866459201371087, 'g_stn_gpi_mult': 3.559093287749029, 'g_gpe_gpi_mult': 1.0412530421806478}. Best is trial 840 with value: 0.12482692379131191.
[I 2026-05-28 03:20:31,855] Trial 975 finished with value: 0.13133027065117087 and parameters: {'ISTN': 60.308107862199904, 'I_gpe': 1.1571951867809254, 'I_gpi': 1.8447954629143883, 'noise_stn_sigma': 2.29513286577488, 'noise_gpe_sigma': 105.80320658550988, 'noise_gpi_sigma': 80.88337817706694, 'g_stn_gpe_mult': 2.6382720912075817, 'g_gpe_stn_mult': 0.17150129909996448, 'g_stn_gpi_mult': 3.5879067364918096, 'g_gpe_gpi_mult': 1.0243110651746825}. Best is trial 840 with value: 0.12482692379131191.
[I 2026-05-28 03:20:32,866] Trial 976 finished with value: 0.13079137080483888 and parameters: {'ISTN': 60.038791850098264, 'I_gpe': 1.1623644725061395, 'I_gpi': 1.8483389765093945, 'noise_stn_sigma': 2.362549155364969, 'noise_gpe_sigma': 105.67005434704635, 'noise_gpi_sigma': 82.01222294464719, 'g_stn_gpe_mult': 2.629744003661388, 'g_gpe_stn_mult': 0.17069751562638905, 'g_stn_gpi_mult': 3.5822270125951303, 'g_gpe_gpi_mult': 1.0383663073901073}. Best is trial 840 with value: 0.12482692379131191.
[I 2026-05-28 03:20:33,878] Trial 977 finished with value: 0.14367043414960853 and parameters: {'ISTN': 60.68364964969532, 'I_gpe': 1.1382492040801893, 'I_gpi': 1.8247111168568018, 'noise_stn_sigma': 2.3118691884302893, 'noise_gpe_sigma': 105.72682347175451, 'noise_gpi_sigma': 81.21300111425782, 'g_stn_gpe_mult': 2.671414250760918, 'g_gpe_stn_mult': 0.1682768145850721, 'g_stn_gpi_mult': 3.586104793271737, 'g_gpe_gpi_mult': 1.0397317721699348}. Best is trial 840 with value: 0.12482692379131191.
[I 2026-05-28 03:20:34,889] Trial 978 finished with value: 0.13118136895742208 and parameters: {'ISTN': 60.13991631553919, 'I_gpe': 1.1660978112244074, 'I_gpi': 1.84263125986139, 'noise_stn_sigma': 2.4161781111060616, 'noise_gpe_sigma': 105.40844094255651, 'noise_gpi_sigma': 81.70123687726311, 'g_stn_gpe_mult': 2.695291564063931, 'g_gpe_stn_mult': 0.1694469059735397, 'g_stn_gpi_mult': 3.5695046917231403, 'g_gpe_gpi_mult': 1.0334074755104243}. Best is trial 840 with value: 0.12482692379131191.
[I 2026-05-28 03:20:35,901] Trial 979 finished with value: 0.12931941417950937 and parameters: {'ISTN': 60.4408100938042, 'I_gpe': 1.1799551234489003, 'I_gpi': 1.8566566704264171, 'noise_stn_sigma': 2.3307714314341874, 'noise_gpe_sigma': 105.45363398350955, 'noise_gpi_sigma': 82.26371068397496, 'g_stn_gpe_mult': 2.6679700127055597, 'g_gpe_stn_mult': 0.1690916500358075, 'g_stn_gpi_mult': 3.5694575661382744, 'g_gpe_gpi_mult': 1.035662911120489}. Best is trial 840 with value: 0.12482692379131191.
[I 2026-05-28 03:20:36,915] Trial 980 finished with value: 0.13582263160943542 and parameters: {'ISTN': 60.462362311768764, 'I_gpe': 1.1974367351490844, 'I_gpi': 1.8345190529137647, 'noise_stn_sigma': 2.3324136296723594, 'noise_gpe_sigma': 105.54749166413303, 'noise_gpi_sigma': 81.63140621271425, 'g_stn_gpe_mult': 2.615339598984737, 'g_gpe_stn_mult': 0.17092265009364976, 'g_stn_gpi_mult': 3.6027406334438026, 'g_gpe_gpi_mult': 1.038251714665929}. Best is trial 840 with value: 0.12482692379131191.
[I 2026-05-28 03:20:37,931] Trial 981 finished with value: 0.1297978498607396 and parameters: {'ISTN': 60.48165934962296, 'I_gpe': 1.1854082188527375, 'I_gpi': 1.8526086752792306, 'noise_stn_sigma': 2.390516202798643, 'noise_gpe_sigma': 105.41413813666651, 'noise_gpi_sigma': 81.10318819526452, 'g_stn_gpe_mult': 2.684763334487072, 'g_gpe_stn_mult': 0.16745920176504936, 'g_stn_gpi_mult': 3.573944041357272, 'g_gpe_gpi_mult': 1.0328891264106743}. Best is trial 840 with value: 0.12482692379131191.
[I 2026-05-28 03:20:38,942] Trial 982 finished with value: 0.12984541814380357 and parameters: {'ISTN': 60.138377128299304, 'I_gpe': 1.1633829992305458, 'I_gpi': 1.857770664203573, 'noise_stn_sigma': 2.3304032455362216, 'noise_gpe_sigma': 105.51808770689394, 'noise_gpi_sigma': 81.98654609734211, 'g_stn_gpe_mult': 2.6292786453738985, 'g_gpe_stn_mult': 0.17395431767047498, 'g_stn_gpi_mult': 3.584498804183311, 'g_gpe_gpi_mult': 1.0436800598900184}. Best is trial 840 with value: 0.12482692379131191.
[I 2026-05-28 03:20:39,953] Trial 983 finished with value: 0.1308556431128271 and parameters: {'ISTN': 60.314956765663574, 'I_gpe': 1.1926309330569578, 'I_gpi': 1.8525189763095988, 'noise_stn_sigma': 2.3194209784871624, 'noise_gpe_sigma': 105.15321325918933, 'noise_gpi_sigma': 81.46672435090015, 'g_stn_gpe_mult': 2.6247756759156147, 'g_gpe_stn_mult': 0.1718603265586778, 'g_stn_gpi_mult': 3.5941792016285588, 'g_gpe_gpi_mult': 1.033545985394674}. Best is trial 840 with value: 0.12482692379131191.
[I 2026-05-28 03:20:40,966] Trial 984 finished with value: 0.12888996038368195 and parameters: {'ISTN': 60.222546474857175, 'I_gpe': 1.1736512224591156, 'I_gpi': 1.8602351533901689, 'noise_stn_sigma': 2.329872063052292, 'noise_gpe_sigma': 105.5586030704509, 'noise_gpi_sigma': 80.85607938300116, 'g_stn_gpe_mult': 2.6241420257730157, 'g_gpe_stn_mult': 0.17291865361369724, 'g_stn_gpi_mult': 3.5951918904335534, 'g_gpe_gpi_mult': 1.0424343772693017}. Best is trial 840 with value: 0.12482692379131191.
[I 2026-05-28 03:20:41,976] Trial 985 finished with value: 0.12813099575739226 and parameters: {'ISTN': 60.0491502614308, 'I_gpe': 1.1780440505295817, 'I_gpi': 1.833883125158989, 'noise_stn_sigma': 2.424798591171877, 'noise_gpe_sigma': 105.3062107998136, 'noise_gpi_sigma': 80.80911353037182, 'g_stn_gpe_mult': 2.6273100136431835, 'g_gpe_stn_mult': 0.16958436300363788, 'g_stn_gpi_mult': 3.5813302134682976, 'g_gpe_gpi_mult': 1.0318325182850856}. Best is trial 840 with value: 0.12482692379131191.
[I 2026-05-28 03:20:42,988] Trial 986 finished with value: 0.13155128912630704 and parameters: {'ISTN': 60.04782489371085, 'I_gpe': 1.1661567416122312, 'I_gpi': 1.8444847578831154, 'noise_stn_sigma': 2.310082636143863, 'noise_gpe_sigma': 105.32320839922563, 'noise_gpi_sigma': 80.92618025171944, 'g_stn_gpe_mult': 2.6339532179280405, 'g_gpe_stn_mult': 0.17198062926977148, 'g_stn_gpi_mult': 3.6037808752552234, 'g_gpe_gpi_mult': 1.0417111570107715}. Best is trial 840 with value: 0.12482692379131191.
[I 2026-05-28 03:20:44,000] Trial 987 finished with value: 0.13517875592225279 and parameters: {'ISTN': 60.290179754537554, 'I_gpe': 1.1656310755967865, 'I_gpi': 1.8666056608211834, 'noise_stn_sigma': 2.2967257623717425, 'noise_gpe_sigma': 106.00258587824158, 'noise_gpi_sigma': 81.17864798709624, 'g_stn_gpe_mult': 2.640194075349875, 'g_gpe_stn_mult': 0.17324446921679737, 'g_stn_gpi_mult': 3.6071608010291087, 'g_gpe_gpi_mult': 1.0293382728042781}. Best is trial 840 with value: 0.12482692379131191.
[I 2026-05-28 03:20:45,013] Trial 988 finished with value: 0.13141653194162084 and parameters: {'ISTN': 60.208847390306566, 'I_gpe': 1.1900139519621618, 'I_gpi': 1.8477310253555035, 'noise_stn_sigma': 2.351297461097727, 'noise_gpe_sigma': 104.94727931295118, 'noise_gpi_sigma': 81.71412810257809, 'g_stn_gpe_mult': 2.612372253231921, 'g_gpe_stn_mult': 0.17123609672033074, 'g_stn_gpi_mult': 3.591046955609336, 'g_gpe_gpi_mult': 1.0189953666485467}. Best is trial 840 with value: 0.12482692379131191.
[I 2026-05-28 03:20:46,028] Trial 989 finished with value: 0.13119766570408808 and parameters: {'ISTN': 60.359719008246, 'I_gpe': 1.1786949639073878, 'I_gpi': 1.8517241224802445, 'noise_stn_sigma': 2.3770428233039205, 'noise_gpe_sigma': 105.44792862462623, 'noise_gpi_sigma': 79.59257855792535, 'g_stn_gpe_mult': 2.6769132497213928, 'g_gpe_stn_mult': 0.17052873535790586, 'g_stn_gpi_mult': 3.571658734397659, 'g_gpe_gpi_mult': 1.0427683195514577}. Best is trial 840 with value: 0.12482692379131191.
[I 2026-05-28 03:20:47,040] Trial 990 finished with value: 0.13177800925038183 and parameters: {'ISTN': 60.20693438857499, 'I_gpe': 1.1567273136152816, 'I_gpi': 1.8626336571450957, 'noise_stn_sigma': 2.3825073469914724, 'noise_gpe_sigma': 104.72159166667336, 'noise_gpi_sigma': 80.37648772860484, 'g_stn_gpe_mult': 2.671605348572615, 'g_gpe_stn_mult': 0.1692515955172471, 'g_stn_gpi_mult': 3.5846163841431515, 'g_gpe_gpi_mult': 1.0373186113581858}. Best is trial 840 with value: 0.12482692379131191.
[I 2026-05-28 03:20:48,054] Trial 991 finished with value: 0.13073155712407258 and parameters: {'ISTN': 60.080738929420804, 'I_gpe': 1.200339836529996, 'I_gpi': 1.8442540540020593, 'noise_stn_sigma': 2.4097654799255372, 'noise_gpe_sigma': 105.40837604287636, 'noise_gpi_sigma': 81.0426838067916, 'g_stn_gpe_mult': 2.639320620066021, 'g_gpe_stn_mult': 0.17407773433277607, 'g_stn_gpi_mult': 3.5720259928502274, 'g_gpe_gpi_mult': 1.0364869001860586}. Best is trial 840 with value: 0.12482692379131191.
[I 2026-05-28 03:20:49,065] Trial 992 finished with value: 0.2301524662969853 and parameters: {'ISTN': 60.116987190170725, 'I_gpe': 1.1829634151946493, 'I_gpi': 1.8000338639458022, 'noise_stn_sigma': 2.3749208180844184, 'noise_gpe_sigma': 105.50338070941626, 'noise_gpi_sigma': 80.83443433968868, 'g_stn_gpe_mult': 2.6360376221113078, 'g_gpe_stn_mult': 0.17125783811394507, 'g_stn_gpi_mult': 3.6051717153745293, 'g_gpe_gpi_mult': 1.03451079853631}. Best is trial 840 with value: 0.12482692379131191.
[I 2026-05-28 03:20:50,076] Trial 993 finished with value: 0.12851384284323314 and parameters: {'ISTN': 60.26663649627966, 'I_gpe': 1.1768328136844044, 'I_gpi': 1.8229680342154477, 'noise_stn_sigma': 2.3513956144738115, 'noise_gpe_sigma': 105.36933925891607, 'noise_gpi_sigma': 81.00520265882307, 'g_stn_gpe_mult': 2.641184112705723, 'g_gpe_stn_mult': 0.17106200087956433, 'g_stn_gpi_mult': 3.6012679504025655, 'g_gpe_gpi_mult': 1.0412342786109425}. Best is trial 840 with value: 0.12482692379131191.
[I 2026-05-28 03:20:51,086] Trial 994 finished with value: 0.12960601426067078 and parameters: {'ISTN': 60.1548053799105, 'I_gpe': 1.1571786054948665, 'I_gpi': 1.8564403128686802, 'noise_stn_sigma': 2.4233907262957994, 'noise_gpe_sigma': 105.36931344504744, 'noise_gpi_sigma': 80.60818182576611, 'g_stn_gpe_mult': 2.633637124904376, 'g_gpe_stn_mult': 0.17000226116647776, 'g_stn_gpi_mult': 3.60692097662508, 'g_gpe_gpi_mult': 1.0358954412193686}. Best is trial 840 with value: 0.12482692379131191.
[I 2026-05-28 03:20:52,101] Trial 995 finished with value: 0.128181567170083 and parameters: {'ISTN': 60.184990757882, 'I_gpe': 1.1748993056112633, 'I_gpi': 1.849416957130234, 'noise_stn_sigma': 2.3953791985345743, 'noise_gpe_sigma': 105.67721282928213, 'noise_gpi_sigma': 81.06612749064743, 'g_stn_gpe_mult': 2.6504896697835134, 'g_gpe_stn_mult': 0.17119003774421243, 'g_stn_gpi_mult': 3.583518437826209, 'g_gpe_gpi_mult': 1.042241446920831}. Best is trial 840 with value: 0.12482692379131191.
[I 2026-05-28 03:20:53,112] Trial 996 finished with value: 0.13387072043017062 and parameters: {'ISTN': 60.63150793309247, 'I_gpe': 1.1734446284386586, 'I_gpi': 1.8388456603847572, 'noise_stn_sigma': 2.344234785243681, 'noise_gpe_sigma': 105.48078039170791, 'noise_gpi_sigma': 81.42623353765103, 'g_stn_gpe_mult': 2.634045518067211, 'g_gpe_stn_mult': 0.16612693989192845, 'g_stn_gpi_mult': 3.5888476364719364, 'g_gpe_gpi_mult': 1.033662945637459}. Best is trial 840 with value: 0.12482692379131191.
[I 2026-05-28 03:20:54,124] Trial 997 finished with value: 0.12938758550670612 and parameters: {'ISTN': 60.01815432727411, 'I_gpe': 1.1914425678975014, 'I_gpi': 1.842409803066816, 'noise_stn_sigma': 2.340208386268774, 'noise_gpe_sigma': 105.80117273944697, 'noise_gpi_sigma': 81.29076776788656, 'g_stn_gpe_mult': 2.597430047847193, 'g_gpe_stn_mult': 0.1747411694588294, 'g_stn_gpi_mult': 3.5933608774523305, 'g_gpe_gpi_mult': 1.0302951414530963}. Best is trial 840 with value: 0.12482692379131191.
[I 2026-05-28 03:20:55,135] Trial 998 finished with value: 0.13054258487672557 and parameters: {'ISTN': 60.280810101935, 'I_gpe': 1.1893633576313456, 'I_gpi': 1.8545439756633613, 'noise_stn_sigma': 2.415597091138196, 'noise_gpe_sigma': 105.49431371206667, 'noise_gpi_sigma': 79.96778086241243, 'g_stn_gpe_mult': 2.6211449661164563, 'g_gpe_stn_mult': 0.1685840398788648, 'g_stn_gpi_mult': 3.5911572305484225, 'g_gpe_gpi_mult': 1.0409052297531374}. Best is trial 840 with value: 0.12482692379131191.
[I 2026-05-28 03:20:56,147] Trial 999 finished with value: 0.1295806452410147 and parameters: {'ISTN': 60.18028785677222, 'I_gpe': 1.1684428828958664, 'I_gpi': 1.8439714155723066, 'noise_stn_sigma': 2.385057703670239, 'noise_gpe_sigma': 105.38743447875916, 'noise_gpi_sigma': 80.84608164901417, 'g_stn_gpe_mult': 2.6318438066377503, 'g_gpe_stn_mult': 0.17178068278610747, 'g_stn_gpi_mult': 3.571093783422886, 'g_gpe_gpi_mult': 1.0368147846013889}. Best is trial 840 with value: 0.12482692379131191.
Condition: seeds_seed1
Seed: 1, Trials: 1000
Bounds:
  ISTN: [60.0, 150.0]
  I_gpe: [0.5, 4.0]
  I_gpi: [1.0, 5.0]
  noise_stn_sigma: [1.0, 8.0]
  noise_gpe_sigma: [20.0, 150.0]
  noise_gpi_sigma: [20.0, 150.0]
  g_stn_gpe_mult: [1.5, 5.0]
  g_gpe_stn_mult: [0.1, 0.8]
  g_stn_gpi_mult: [1.0, 4.0]
  g_gpe_gpi_mult: [0.2, 1.2]
Weights: {'rate': 5.0, 'cv': 0.2, 'beta': 15.0}
JAX devices: [CudaDevice(id=0)]

Building simulator...
Warming up JIT...
JIT ready.


============================================================
DONE: seeds_seed1 (seed=1)
  Time: 16.9 min
  Best loss: 0.1248
  STN: 29.0 Hz (target 27.5)
  GPe: 42.3 Hz (target 42.5)
  GPi: 82.6 Hz (target 82.5)
  GPe beta: 39.7%
  STN beta: 64.1%
  Synaptic multipliers:
    g_stn_gpe_mult: 2.722
    g_gpe_stn_mult: 0.166
    g_stn_gpi_mult: 3.536
    g_gpe_gpi_mult: 1.041
  Saved: results/sensitivity/seeds/seed1.pkl
