[I 2026-05-28 03:09:17,580] Trial 308 finished with value: 0.36409494154155037 and parameters: {'ISTN': 64.7427686530044, 'I_gpe': 0.8288562515277256, 'I_gpi': 1.9606236974705906, 'noise_stn_sigma': 2.462035903565222, 'noise_gpe_sigma': 84.76775442226352, 'noise_gpi_sigma': 106.66525935536586, 'g_stn_gpe_mult': 3.34794882764654, 'g_gpe_stn_mult': 0.2144672158717752, 'g_stn_gpi_mult': 3.3664603623242018, 'g_gpe_gpi_mult': 1.0616951324394437}. Best is trial 281 with value: 0.17610561851875464.
[I 2026-05-28 03:09:18,592] Trial 309 finished with value: 1.8553526673906353 and parameters: {'ISTN': 64.14484632209009, 'I_gpe': 1.3159398110350176, 'I_gpi': 2.2307793282350223, 'noise_stn_sigma': 2.004839578444554, 'noise_gpe_sigma': 82.72493241633981, 'noise_gpi_sigma': 124.3850371380695, 'g_stn_gpe_mult': 3.706826331355839, 'g_gpe_stn_mult': 0.10223443188463936, 'g_stn_gpi_mult': 3.080030821893179, 'g_gpe_gpi_mult': 1.0922969527972515}. Best is trial 281 with value: 0.17610561851875464.
[I 2026-05-28 03:09:19,604] Trial 310 finished with value: 0.2541147151925302 and parameters: {'ISTN': 66.87541460957019, 'I_gpe': 1.0394222436882163, 'I_gpi': 1.9830068876505365, 'noise_stn_sigma': 2.062049461825083, 'noise_gpe_sigma': 83.79522711507626, 'noise_gpi_sigma': 105.23837721950521, 'g_stn_gpe_mult': 3.2178673660067005, 'g_gpe_stn_mult': 0.16089337500150214, 'g_stn_gpi_mult': 3.024637380537921, 'g_gpe_gpi_mult': 1.0607877111933823}. Best is trial 281 with value: 0.17610561851875464.
[I 2026-05-28 03:09:20,619] Trial 311 finished with value: 0.3255470532304581 and parameters: {'ISTN': 65.30825203294518, 'I_gpe': 1.309153956237902, 'I_gpi': 2.4751186319457816, 'noise_stn_sigma': 2.5006386694851503, 'noise_gpe_sigma': 79.84865328499438, 'noise_gpi_sigma': 119.02341365223485, 'g_stn_gpe_mult': 3.369080320980453, 'g_gpe_stn_mult': 0.13032757024930688, 'g_stn_gpi_mult': 3.401745839267072, 'g_gpe_gpi_mult': 1.1032477073524785}. Best is trial 281 with value: 0.17610561851875464.
[I 2026-05-28 03:09:21,631] Trial 312 finished with value: 0.20908417034783305 and parameters: {'ISTN': 60.36687030223182, 'I_gpe': 1.2485467190738455, 'I_gpi': 2.210692369979858, 'noise_stn_sigma': 2.5638241759227545, 'noise_gpe_sigma': 68.90133555528996, 'noise_gpi_sigma': 117.43502243662037, 'g_stn_gpe_mult': 3.2598675400290302, 'g_gpe_stn_mult': 0.1991011185047763, 'g_stn_gpi_mult': 2.953124615071169, 'g_gpe_gpi_mult': 1.0135562342868882}. Best is trial 281 with value: 0.17610561851875464.
[I 2026-05-28 03:09:22,643] Trial 313 finished with value: 0.3814270490751994 and parameters: {'ISTN': 64.39072858843605, 'I_gpe': 1.2299898810116807, 'I_gpi': 2.3546849533218137, 'noise_stn_sigma': 1.6525557573772087, 'noise_gpe_sigma': 83.5466313232494, 'noise_gpi_sigma': 101.93001808412906, 'g_stn_gpe_mult': 3.0492835821689157, 'g_gpe_stn_mult': 0.2156097133008192, 'g_stn_gpi_mult': 3.0434791594203783, 'g_gpe_gpi_mult': 1.007907913135091}. Best is trial 281 with value: 0.17610561851875464.
[I 2026-05-28 03:09:23,655] Trial 314 finished with value: 0.184231109446421 and parameters: {'ISTN': 62.05921615634336, 'I_gpe': 1.0080230155349212, 'I_gpi': 1.8930648023129293, 'noise_stn_sigma': 1.9705062904482682, 'noise_gpe_sigma': 90.39771164139285, 'noise_gpi_sigma': 116.07933390603422, 'g_stn_gpe_mult': 3.046450498772304, 'g_gpe_stn_mult': 0.16456725701869596, 'g_stn_gpi_mult': 2.9118436974626816, 'g_gpe_gpi_mult': 1.10332444298953}. Best is trial 281 with value: 0.17610561851875464.
[I 2026-05-28 03:09:24,667] Trial 315 finished with value: 4.877608464417205 and parameters: {'ISTN': 62.55816780518053, 'I_gpe': 0.5417854200870915, 'I_gpi': 2.173369794311692, 'noise_stn_sigma': 2.1507845537338044, 'noise_gpe_sigma': 75.714114432433, 'noise_gpi_sigma': 116.78168529651923, 'g_stn_gpe_mult': 3.328654233527822, 'g_gpe_stn_mult': 0.10468537696446276, 'g_stn_gpi_mult': 3.359875409824544, 'g_gpe_gpi_mult': 1.0666990781629768}. Best is trial 281 with value: 0.17610561851875464.
[I 2026-05-28 03:09:25,679] Trial 316 finished with value: 0.32533602256336003 and parameters: {'ISTN': 64.49785260766491, 'I_gpe': 1.033999066082679, 'I_gpi': 2.5140954716100783, 'noise_stn_sigma': 1.8434039510671885, 'noise_gpe_sigma': 81.23411229894452, 'noise_gpi_sigma': 102.44773505735071, 'g_stn_gpe_mult': 3.3644028837997313, 'g_gpe_stn_mult': 0.13569571945745784, 'g_stn_gpi_mult': 3.3579642832900394, 'g_gpe_gpi_mult': 1.0392387556853016}. Best is trial 281 with value: 0.17610561851875464.
[I 2026-05-28 03:09:26,690] Trial 317 finished with value: 0.2091658748839921 and parameters: {'ISTN': 63.4544305813141, 'I_gpe': 0.98282377622566, 'I_gpi': 2.0034181754083153, 'noise_stn_sigma': 2.5224282747768636, 'noise_gpe_sigma': 77.7745205373887, 'noise_gpi_sigma': 119.68955471285058, 'g_stn_gpe_mult': 3.111342237462919, 'g_gpe_stn_mult': 0.13361870013361618, 'g_stn_gpi_mult': 3.250000054748532, 'g_gpe_gpi_mult': 0.9762361424084267}. Best is trial 281 with value: 0.17610561851875464.
[I 2026-05-28 03:09:27,699] Trial 318 finished with value: 0.3800708004885098 and parameters: {'ISTN': 65.06175980623419, 'I_gpe': 0.6833861914606383, 'I_gpi': 2.3413495805766296, 'noise_stn_sigma': 2.2610041663330938, 'noise_gpe_sigma': 75.64966069987761, 'noise_gpi_sigma': 113.42891249415602, 'g_stn_gpe_mult': 2.717918777885749, 'g_gpe_stn_mult': 0.13212775607180488, 'g_stn_gpi_mult': 3.3200437767723674, 'g_gpe_gpi_mult': 1.111788487271034}. Best is trial 281 with value: 0.17610561851875464.
[I 2026-05-28 03:09:28,710] Trial 319 finished with value: 0.2354503697534848 and parameters: {'ISTN': 62.68618064922045, 'I_gpe': 0.863355094219777, 'I_gpi': 2.0211081286098933, 'noise_stn_sigma': 2.0862936984909037, 'noise_gpe_sigma': 70.42916783632137, 'noise_gpi_sigma': 119.06516678405723, 'g_stn_gpe_mult': 3.0951256204674986, 'g_gpe_stn_mult': 0.1673154322610148, 'g_stn_gpi_mult': 3.1646379443653445, 'g_gpe_gpi_mult': 0.9376983779448493}. Best is trial 281 with value: 0.17610561851875464.
[I 2026-05-28 03:09:29,721] Trial 320 finished with value: 0.5702304894028605 and parameters: {'ISTN': 70.1541284660077, 'I_gpe': 1.131458176940348, 'I_gpi': 1.955582887428534, 'noise_stn_sigma': 2.21256046906571, 'noise_gpe_sigma': 68.9319332007392, 'noise_gpi_sigma': 107.56545731018949, 'g_stn_gpe_mult': 3.319153967861593, 'g_gpe_stn_mult': 0.10040748279393767, 'g_stn_gpi_mult': 3.1065288979653745, 'g_gpe_gpi_mult': 1.0882773049336079}. Best is trial 281 with value: 0.17610561851875464.
[I 2026-05-28 03:09:30,732] Trial 321 finished with value: 0.3218941115077746 and parameters: {'ISTN': 61.31043059857061, 'I_gpe': 0.8047935585245161, 'I_gpi': 1.5209378531388307, 'noise_stn_sigma': 1.6390194672501162, 'noise_gpe_sigma': 80.13839658549944, 'noise_gpi_sigma': 114.02335449813577, 'g_stn_gpe_mult': 3.218848248634133, 'g_gpe_stn_mult': 0.2325377745113234, 'g_stn_gpi_mult': 2.965997829220463, 'g_gpe_gpi_mult': 1.1123789860394777}. Best is trial 281 with value: 0.17610561851875464.
[I 2026-05-28 03:09:31,744] Trial 322 finished with value: 0.20075416119634049 and parameters: {'ISTN': 64.11384282978848, 'I_gpe': 1.2352163246559666, 'I_gpi': 2.136750332875276, 'noise_stn_sigma': 1.8864432281886738, 'noise_gpe_sigma': 89.20167956035463, 'noise_gpi_sigma': 106.39190521058606, 'g_stn_gpe_mult': 2.824985382292024, 'g_gpe_stn_mult': 0.13956659961152848, 'g_stn_gpi_mult': 3.264681040729834, 'g_gpe_gpi_mult': 0.9682832340164196}. Best is trial 281 with value: 0.17610561851875464.
[I 2026-05-28 03:09:32,695] Trial 323 finished with value: 1000000.0 and parameters: {'ISTN': 63.177340352827244, 'I_gpe': 1.0466142879524165, 'I_gpi': 2.2485863853627386, 'noise_stn_sigma': 2.449891634513558, 'noise_gpe_sigma': 82.02934565399644, 'noise_gpi_sigma': 106.98085316090767, 'g_stn_gpe_mult': 3.034853488194252, 'g_gpe_stn_mult': 0.16896232333915573, 'g_stn_gpi_mult': 2.635766468867023, 'g_gpe_gpi_mult': 1.0338075618549667}. Best is trial 281 with value: 0.17610561851875464.
[I 2026-05-28 03:09:33,709] Trial 324 finished with value: 0.20105356830688342 and parameters: {'ISTN': 61.06838094380347, 'I_gpe': 1.346067383157902, 'I_gpi': 2.005224642422657, 'noise_stn_sigma': 1.6296816717271632, 'noise_gpe_sigma': 85.40061724610811, 'noise_gpi_sigma': 122.66304654174479, 'g_stn_gpe_mult': 2.9007865032562625, 'g_gpe_stn_mult': 0.19094505085017338, 'g_stn_gpi_mult': 3.268078102286289, 'g_gpe_gpi_mult': 0.9277042348814928}. Best is trial 281 with value: 0.17610561851875464.
[I 2026-05-28 03:09:34,720] Trial 325 finished with value: 0.2828768782470747 and parameters: {'ISTN': 61.65828149599086, 'I_gpe': 1.1339102889859196, 'I_gpi': 1.5790016268436649, 'noise_stn_sigma': 2.2036399651266247, 'noise_gpe_sigma': 89.2762120955968, 'noise_gpi_sigma': 115.4142624541562, 'g_stn_gpe_mult': 3.4579110434764617, 'g_gpe_stn_mult': 0.23569309235494743, 'g_stn_gpi_mult': 3.006549237034374, 'g_gpe_gpi_mult': 1.125315682551443}. Best is trial 281 with value: 0.17610561851875464.
[I 2026-05-28 03:09:35,732] Trial 326 finished with value: 0.4121909098529388 and parameters: {'ISTN': 63.617819358586985, 'I_gpe': 1.3647234731899713, 'I_gpi': 1.7150007443706372, 'noise_stn_sigma': 2.322284164966028, 'noise_gpe_sigma': 82.59349075130069, 'noise_gpi_sigma': 118.22047658287251, 'g_stn_gpe_mult': 3.2057585073091253, 'g_gpe_stn_mult': 0.22119752482782917, 'g_stn_gpi_mult': 2.922608860781507, 'g_gpe_gpi_mult': 1.0698297596240836}. Best is trial 281 with value: 0.17610561851875464.
[I 2026-05-28 03:09:36,742] Trial 327 finished with value: 1.790959412233154 and parameters: {'ISTN': 61.366762910328326, 'I_gpe': 0.6913518429416926, 'I_gpi': 1.7022661895981162, 'noise_stn_sigma': 2.0479328018020366, 'noise_gpe_sigma': 82.12811426090441, 'noise_gpi_sigma': 114.035401102634, 'g_stn_gpe_mult': 3.4413794656473398, 'g_gpe_stn_mult': 0.1558202102968612, 'g_stn_gpi_mult': 3.1405669350855194, 'g_gpe_gpi_mult': 1.1531612945088718}. Best is trial 281 with value: 0.17610561851875464.
[I 2026-05-28 03:09:37,753] Trial 328 finished with value: 0.4328301967581736 and parameters: {'ISTN': 68.18770937563117, 'I_gpe': 0.8501864089352871, 'I_gpi': 2.1215083704170192, 'noise_stn_sigma': 2.0194449207854066, 'noise_gpe_sigma': 79.71501168475231, 'noise_gpi_sigma': 114.44994076251717, 'g_stn_gpe_mult': 3.3951328678902524, 'g_gpe_stn_mult': 0.15389836895117928, 'g_stn_gpi_mult': 3.1784627756184256, 'g_gpe_gpi_mult': 0.9602747266326148}. Best is trial 281 with value: 0.17610561851875464.
[I 2026-05-28 03:09:38,763] Trial 329 finished with value: 0.2235146392985102 and parameters: {'ISTN': 64.38960208174561, 'I_gpe': 1.0667513884758444, 'I_gpi': 2.1368815533436893, 'noise_stn_sigma': 2.2672463831954746, 'noise_gpe_sigma': 73.91169159733417, 'noise_gpi_sigma': 121.26173882597027, 'g_stn_gpe_mult': 3.358295066034293, 'g_gpe_stn_mult': 0.14820478762303435, 'g_stn_gpi_mult': 2.8606505013976937, 'g_gpe_gpi_mult': 1.1196639846385517}. Best is trial 281 with value: 0.17610561851875464.
[I 2026-05-28 03:09:39,775] Trial 330 finished with value: 0.37867983190682925 and parameters: {'ISTN': 60.935214605533545, 'I_gpe': 1.395154573959922, 'I_gpi': 1.941082609618441, 'noise_stn_sigma': 2.3338189198573134, 'noise_gpe_sigma': 73.71669737127431, 'noise_gpi_sigma': 110.99138442756824, 'g_stn_gpe_mult': 3.1750180464230002, 'g_gpe_stn_mult': 0.15536539417332573, 'g_stn_gpi_mult': 3.0427997273252627, 'g_gpe_gpi_mult': 1.0396613505874301}. Best is trial 281 with value: 0.17610561851875464.
[I 2026-05-28 03:09:40,787] Trial 331 finished with value: 0.15330915705377474 and parameters: {'ISTN': 60.78489247303629, 'I_gpe': 0.9597433379950558, 'I_gpi': 1.9526037283182855, 'noise_stn_sigma': 1.7857113303861556, 'noise_gpe_sigma': 92.892173309742, 'noise_gpi_sigma': 95.87483203861505, 'g_stn_gpe_mult': 3.211897946811679, 'g_gpe_stn_mult': 0.18040696703544318, 'g_stn_gpi_mult': 3.25907862312033, 'g_gpe_gpi_mult': 1.036945123268572}. Best is trial 331 with value: 0.15330915705377474.
[I 2026-05-28 03:09:41,799] Trial 332 finished with value: 0.3051318803704705 and parameters: {'ISTN': 66.33176750477578, 'I_gpe': 1.2049322077132192, 'I_gpi': 2.0284948772228866, 'noise_stn_sigma': 1.6531880348834658, 'noise_gpe_sigma': 85.25368984238561, 'noise_gpi_sigma': 118.76331138972336, 'g_stn_gpe_mult': 2.5226900210352263, 'g_gpe_stn_mult': 0.17496428413894338, 'g_stn_gpi_mult': 3.0704616590743434, 'g_gpe_gpi_mult': 1.0227351126305033}. Best is trial 331 with value: 0.15330915705377474.
[I 2026-05-28 03:09:42,812] Trial 333 finished with value: 1.5899771422725153 and parameters: {'ISTN': 66.56365361418614, 'I_gpe': 2.0260780209253335, 'I_gpi': 2.2323604543088766, 'noise_stn_sigma': 1.6136782102747769, 'noise_gpe_sigma': 91.066020623717, 'noise_gpi_sigma': 125.85376079782989, 'g_stn_gpe_mult': 3.0024108403282286, 'g_gpe_stn_mult': 0.11620077148614, 'g_stn_gpi_mult': 3.1857313994603356, 'g_gpe_gpi_mult': 1.1089541508032967}. Best is trial 331 with value: 0.15330915705377474.
[I 2026-05-28 03:09:43,823] Trial 334 finished with value: 0.20944136291083076 and parameters: {'ISTN': 64.00927450378352, 'I_gpe': 1.1702109824388631, 'I_gpi': 2.147937861024162, 'noise_stn_sigma': 2.2761663909785987, 'noise_gpe_sigma': 89.79515133559877, 'noise_gpi_sigma': 118.58172395330381, 'g_stn_gpe_mult': 3.3611684327616653, 'g_gpe_stn_mult': 0.1689358019954275, 'g_stn_gpi_mult': 3.2709130308263594, 'g_gpe_gpi_mult': 1.0041580069439247}. Best is trial 331 with value: 0.15330915705377474.
[I 2026-05-28 03:09:44,836] Trial 335 finished with value: 0.23794829670407772 and parameters: {'ISTN': 66.15989496938201, 'I_gpe': 1.20690042640611, 'I_gpi': 2.289933576937348, 'noise_stn_sigma': 1.9547902469763359, 'noise_gpe_sigma': 82.24433896404196, 'noise_gpi_sigma': 104.55150870147492, 'g_stn_gpe_mult': 3.1372770403985903, 'g_gpe_stn_mult': 0.1492387872585777, 'g_stn_gpi_mult': 3.026786137239296, 'g_gpe_gpi_mult': 0.9940863355568061}. Best is trial 331 with value: 0.15330915705377474.
[I 2026-05-28 03:09:45,844] Trial 336 finished with value: 1.4091795067982968 and parameters: {'ISTN': 62.54183896371596, 'I_gpe': 1.23740316167827, 'I_gpi': 1.901619475280309, 'noise_stn_sigma': 2.4229349287968422, 'noise_gpe_sigma': 81.78870505097997, 'noise_gpi_sigma': 108.26455826016128, 'g_stn_gpe_mult': 3.229706657101974, 'g_gpe_stn_mult': 0.12962340904906886, 'g_stn_gpi_mult': 3.104380115222313, 'g_gpe_gpi_mult': 1.089804938246782}. Best is trial 331 with value: 0.15330915705377474.
[I 2026-05-28 03:09:46,857] Trial 337 finished with value: 0.1936993723943388 and parameters: {'ISTN': 62.1612952937302, 'I_gpe': 1.4163661950356308, 'I_gpi': 1.8269600897377203, 'noise_stn_sigma': 1.932093726637905, 'noise_gpe_sigma': 85.69566012843788, 'noise_gpi_sigma': 109.94588924681747, 'g_stn_gpe_mult': 2.8169579321717024, 'g_gpe_stn_mult': 0.164920499855983, 'g_stn_gpi_mult': 3.3936950285928056, 'g_gpe_gpi_mult': 0.9967049504609393}. Best is trial 331 with value: 0.15330915705377474.
[I 2026-05-28 03:09:47,868] Trial 338 finished with value: 0.18099482605595904 and parameters: {'ISTN': 63.06803208777579, 'I_gpe': 1.2530690470988717, 'I_gpi': 1.8741918224768703, 'noise_stn_sigma': 2.0394950805447936, 'noise_gpe_sigma': 86.81045581475304, 'noise_gpi_sigma': 106.63867781857236, 'g_stn_gpe_mult': 2.8978957666462053, 'g_gpe_stn_mult': 0.14403066228798925, 'g_stn_gpi_mult': 3.2352746794905127, 'g_gpe_gpi_mult': 1.0562132730714162}. Best is trial 331 with value: 0.15330915705377474.
[I 2026-05-28 03:09:48,879] Trial 339 finished with value: 0.16265266882408713 and parameters: {'ISTN': 60.855623140853154, 'I_gpe': 1.2223858765656699, 'I_gpi': 1.8556041383092543, 'noise_stn_sigma': 1.163371666543926, 'noise_gpe_sigma': 84.36624697985594, 'noise_gpi_sigma': 106.65941615796808, 'g_stn_gpe_mult': 2.946186707369777, 'g_gpe_stn_mult': 0.1899197571530805, 'g_stn_gpi_mult': 3.3073486890287187, 'g_gpe_gpi_mult': 1.038092313941026}. Best is trial 331 with value: 0.15330915705377474.
[I 2026-05-28 03:09:49,890] Trial 340 finished with value: 0.2045977961898171 and parameters: {'ISTN': 62.68530782393001, 'I_gpe': 1.2435960945619002, 'I_gpi': 1.8639750589355355, 'noise_stn_sigma': 2.5515965030751433, 'noise_gpe_sigma': 83.36111135165663, 'noise_gpi_sigma': 113.68744839349323, 'g_stn_gpe_mult': 2.738346391503798, 'g_gpe_stn_mult': 0.20118585140507567, 'g_stn_gpi_mult': 3.1867508271909113, 'g_gpe_gpi_mult': 0.9646271913665954}. Best is trial 331 with value: 0.15330915705377474.
[I 2026-05-28 03:09:50,902] Trial 341 finished with value: 0.5189447772811766 and parameters: {'ISTN': 62.111231705363124, 'I_gpe': 0.8096509673404931, 'I_gpi': 1.645185638631698, 'noise_stn_sigma': 1.5862773379506856, 'noise_gpe_sigma': 84.67335470545218, 'noise_gpi_sigma': 103.29766637928167, 'g_stn_gpe_mult': 3.6151774708524598, 'g_gpe_stn_mult': 0.19068176966439637, 'g_stn_gpi_mult': 3.228227796019036, 'g_gpe_gpi_mult': 1.051713735641451}. Best is trial 331 with value: 0.15330915705377474.
[I 2026-05-28 03:09:51,915] Trial 342 finished with value: 0.21408008691826677 and parameters: {'ISTN': 64.20435661804956, 'I_gpe': 1.0176317164097286, 'I_gpi': 1.8363309278739055, 'noise_stn_sigma': 1.4644332415270584, 'noise_gpe_sigma': 81.50462237782344, 'noise_gpi_sigma': 114.03862543051343, 'g_stn_gpe_mult': 3.1897615382792663, 'g_gpe_stn_mult': 0.15020402807575384, 'g_stn_gpi_mult': 3.160832269463228, 'g_gpe_gpi_mult': 0.9274869343952472}. Best is trial 331 with value: 0.15330915705377474.
[I 2026-05-28 03:09:52,926] Trial 343 finished with value: 0.14551095611338594 and parameters: {'ISTN': 60.04987039049135, 'I_gpe': 1.1072821651779194, 'I_gpi': 1.9319513985178012, 'noise_stn_sigma': 2.4331725654864598, 'noise_gpe_sigma': 86.4076361209217, 'noise_gpi_sigma': 99.64619539703428, 'g_stn_gpe_mult': 3.053927554776284, 'g_gpe_stn_mult': 0.183832863305804, 'g_stn_gpi_mult': 3.5583336410302864, 'g_gpe_gpi_mult': 0.9113774202592808}. Best is trial 343 with value: 0.14551095611338594.
[I 2026-05-28 03:09:53,936] Trial 344 finished with value: 0.7970127790835407 and parameters: {'ISTN': 62.43372937109512, 'I_gpe': 1.1392511857907717, 'I_gpi': 1.7220069018791495, 'noise_stn_sigma': 1.73146935370935, 'noise_gpe_sigma': 92.03135572599102, 'noise_gpi_sigma': 98.96354284803505, 'g_stn_gpe_mult': 3.1293602347120943, 'g_gpe_stn_mult': 0.13893616939510975, 'g_stn_gpi_mult': 3.2397349317513817, 'g_gpe_gpi_mult': 0.9645789441941863}. Best is trial 343 with value: 0.14551095611338594.
[I 2026-05-28 03:09:54,946] Trial 345 finished with value: 0.19495985219750023 and parameters: {'ISTN': 64.31733823177325, 'I_gpe': 1.21772744835162, 'I_gpi': 1.9411242724282713, 'noise_stn_sigma': 1.9961079758460158, 'noise_gpe_sigma': 85.60323024810194, 'noise_gpi_sigma': 109.48848626369087, 'g_stn_gpe_mult': 2.944485740385412, 'g_gpe_stn_mult': 0.13275946374842817, 'g_stn_gpi_mult': 3.378901240727069, 'g_gpe_gpi_mult': 1.096480176753021}. Best is trial 343 with value: 0.14551095611338594.
[I 2026-05-28 03:09:55,957] Trial 346 finished with value: 0.17999472642228584 and parameters: {'ISTN': 61.97212270202499, 'I_gpe': 1.1983674741188197, 'I_gpi': 1.8204945068418286, 'noise_stn_sigma': 1.9210741634851813, 'noise_gpe_sigma': 90.84425455389452, 'noise_gpi_sigma': 116.15520048914752, 'g_stn_gpe_mult': 2.9238744925180074, 'g_gpe_stn_mult': 0.16306106306902785, 'g_stn_gpi_mult': 3.0584791640976827, 'g_gpe_gpi_mult': 1.1072369476947361}. Best is trial 343 with value: 0.14551095611338594.
[I 2026-05-28 03:09:56,968] Trial 347 finished with value: 0.1864257049076 and parameters: {'ISTN': 60.9091853714866, 'I_gpe': 0.9575173348333401, 'I_gpi': 1.7815422103847893, 'noise_stn_sigma': 1.9793237173128988, 'noise_gpe_sigma': 90.78376073000959, 'noise_gpi_sigma': 111.41352155538648, 'g_stn_gpe_mult': 3.067047328779492, 'g_gpe_stn_mult': 0.19185298412028481, 'g_stn_gpi_mult': 3.279522117488357, 'g_gpe_gpi_mult': 1.0021070547298527}. Best is trial 343 with value: 0.14551095611338594.
[I 2026-05-28 03:09:57,979] Trial 348 finished with value: 0.6286780405870923 and parameters: {'ISTN': 66.03344116153973, 'I_gpe': 0.9600870331009284, 'I_gpi': 2.044554877322388, 'noise_stn_sigma': 1.7307286494286984, 'noise_gpe_sigma': 79.6786570611163, 'noise_gpi_sigma': 95.64878180525176, 'g_stn_gpe_mult': 2.8646235654633996, 'g_gpe_stn_mult': 0.19905086661496296, 'g_stn_gpi_mult': 3.2308531528635562, 'g_gpe_gpi_mult': 0.962799737801457}. Best is trial 343 with value: 0.14551095611338594.
[I 2026-05-28 03:09:58,988] Trial 349 finished with value: 0.23972918762898898 and parameters: {'ISTN': 62.509976686333786, 'I_gpe': 1.4801832799857984, 'I_gpi': 2.210185810497654, 'noise_stn_sigma': 1.720094077120288, 'noise_gpe_sigma': 83.36090898756257, 'noise_gpi_sigma': 111.2281892056771, 'g_stn_gpe_mult': 2.853417539261465, 'g_gpe_stn_mult': 0.18247043726182505, 'g_stn_gpi_mult': 2.9496461869584825, 'g_gpe_gpi_mult': 0.9437858664322605}. Best is trial 343 with value: 0.14551095611338594.
[I 2026-05-28 03:09:59,997] Trial 350 finished with value: 0.2224995867351066 and parameters: {'ISTN': 65.40715961656157, 'I_gpe': 1.1507833917798935, 'I_gpi': 1.995250963956845, 'noise_stn_sigma': 1.9638120600624123, 'noise_gpe_sigma': 81.32754027116113, 'noise_gpi_sigma': 111.65813452974577, 'g_stn_gpe_mult': 3.31242187315873, 'g_gpe_stn_mult': 0.1735551449242129, 'g_stn_gpi_mult': 3.186992815732717, 'g_gpe_gpi_mult': 0.9902715602286647}. Best is trial 343 with value: 0.14551095611338594.
[I 2026-05-28 03:10:01,007] Trial 351 finished with value: 0.5026654521731009 and parameters: {'ISTN': 61.899277373422244, 'I_gpe': 1.113378884657963, 'I_gpi': 1.825733051816921, 'noise_stn_sigma': 1.531236799744693, 'noise_gpe_sigma': 104.33785770830464, 'noise_gpi_sigma': 93.08741504300606, 'g_stn_gpe_mult': 2.8497598910286253, 'g_gpe_stn_mult': 0.1471144153565779, 'g_stn_gpi_mult': 3.667826631267374, 'g_gpe_gpi_mult': 1.0046284321152452}. Best is trial 343 with value: 0.14551095611338594.
