[I 2026-05-28 03:40:20,569] Trial 132 finished with value: 11.399301497679815 and parameters: {'ISTN': 73.57153457228424, 'I_gpe': 1.1767897445529127, 'I_gpi': 2.9016251264329602, 'noise_stn_sigma': 5.622228436770698, 'noise_gpe_sigma': 86.3593528109858, 'noise_gpi_sigma': 120.0809347814304, 'g_stn_gpe_mult': 3.3048896331441187, 'g_gpe_stn_mult': 0.19873381570383006, 'g_stn_gpi_mult': 2.0340550100722083, 'g_gpe_gpi_mult': 0.9527277376471182}. Best is trial 127 with value: 0.7783970418497101.
[I 2026-05-28 03:40:21,575] Trial 133 finished with value: 4.75452652820875 and parameters: {'ISTN': 63.010651815919374, 'I_gpe': 1.0778137828599128, 'I_gpi': 3.1331857786111375, 'noise_stn_sigma': 5.6228222391665055, 'noise_gpe_sigma': 65.25942988595789, 'noise_gpi_sigma': 78.98034651796515, 'g_stn_gpe_mult': 3.4650146831172615, 'g_gpe_stn_mult': 0.18543392935124192, 'g_stn_gpi_mult': 1.8238842051571362, 'g_gpe_gpi_mult': 0.9810587311494314}. Best is trial 127 with value: 0.7783970418497101.
[I 2026-05-28 03:40:22,582] Trial 134 finished with value: 5.666779660785002 and parameters: {'ISTN': 73.6967410651869, 'I_gpe': 0.6789280975096461, 'I_gpi': 2.7996851489479897, 'noise_stn_sigma': 5.561056075225309, 'noise_gpe_sigma': 85.08489682116172, 'noise_gpi_sigma': 116.00433689192377, 'g_stn_gpe_mult': 2.465439757811943, 'g_gpe_stn_mult': 0.33141572730824054, 'g_stn_gpi_mult': 1.8983166996019982, 'g_gpe_gpi_mult': 0.9453716696231154}. Best is trial 127 with value: 0.7783970418497101.
[I 2026-05-28 03:40:23,592] Trial 135 finished with value: 12.43893477479933 and parameters: {'ISTN': 66.84253880185565, 'I_gpe': 1.560071075460713, 'I_gpi': 3.4971491780109365, 'noise_stn_sigma': 5.655692096742446, 'noise_gpe_sigma': 77.74554192830328, 'noise_gpi_sigma': 119.67041098141424, 'g_stn_gpe_mult': 2.598225844013081, 'g_gpe_stn_mult': 0.13383560622290933, 'g_stn_gpi_mult': 1.7025097685502306, 'g_gpe_gpi_mult': 0.6873757080683456}. Best is trial 127 with value: 0.7783970418497101.
[I 2026-05-28 03:40:24,598] Trial 136 finished with value: 0.2752397828552516 and parameters: {'ISTN': 60.53532768940943, 'I_gpe': 1.3024818870305386, 'I_gpi': 2.672773930808426, 'noise_stn_sigma': 4.554142166083157, 'noise_gpe_sigma': 80.44725173814655, 'noise_gpi_sigma': 85.14449395960146, 'g_stn_gpe_mult': 3.1942092539454654, 'g_gpe_stn_mult': 0.16590777588911737, 'g_stn_gpi_mult': 1.7377668957132497, 'g_gpe_gpi_mult': 0.7786906363205095}. Best is trial 136 with value: 0.2752397828552516.
[I 2026-05-28 03:40:25,608] Trial 137 finished with value: 7.45026730597159 and parameters: {'ISTN': 70.93124374587549, 'I_gpe': 1.0200510817687194, 'I_gpi': 3.2620180526675058, 'noise_stn_sigma': 5.206729377452491, 'noise_gpe_sigma': 66.76880455809071, 'noise_gpi_sigma': 102.44342215924176, 'g_stn_gpe_mult': 2.900363966933331, 'g_gpe_stn_mult': 0.10867440557937995, 'g_stn_gpi_mult': 1.6785356831737825, 'g_gpe_gpi_mult': 0.8681572479169775}. Best is trial 136 with value: 0.2752397828552516.
[I 2026-05-28 03:40:26,618] Trial 138 finished with value: 3.722595677012124 and parameters: {'ISTN': 75.62706478180502, 'I_gpe': 0.7850845442497463, 'I_gpi': 2.9548844786727564, 'noise_stn_sigma': 4.894010675347628, 'noise_gpe_sigma': 69.7818421656838, 'noise_gpi_sigma': 113.86176514903569, 'g_stn_gpe_mult': 2.7005952654678804, 'g_gpe_stn_mult': 0.2322225764216516, 'g_stn_gpi_mult': 1.7656371951503884, 'g_gpe_gpi_mult': 0.9541693653126324}. Best is trial 136 with value: 0.2752397828552516.
[I 2026-05-28 03:40:27,625] Trial 139 finished with value: 1.3444967605310425 and parameters: {'ISTN': 66.93274311466445, 'I_gpe': 1.2473357690508886, 'I_gpi': 3.1256944087576586, 'noise_stn_sigma': 5.1329202490201755, 'noise_gpe_sigma': 63.74542931969004, 'noise_gpi_sigma': 91.14957829456092, 'g_stn_gpe_mult': 2.9973043512771103, 'g_gpe_stn_mult': 0.1123572270110954, 'g_stn_gpi_mult': 1.2944552246753394, 'g_gpe_gpi_mult': 0.7959690266622343}. Best is trial 136 with value: 0.2752397828552516.
[I 2026-05-28 03:40:28,633] Trial 140 finished with value: 7.55071214586067 and parameters: {'ISTN': 76.55836832444109, 'I_gpe': 1.0831632688908908, 'I_gpi': 3.4089476875397087, 'noise_stn_sigma': 6.223698192249087, 'noise_gpe_sigma': 74.25594913828189, 'noise_gpi_sigma': 93.7815778817976, 'g_stn_gpe_mult': 2.7597421180692194, 'g_gpe_stn_mult': 0.18559599689950612, 'g_stn_gpi_mult': 1.1802992681237772, 'g_gpe_gpi_mult': 0.9326768135083221}. Best is trial 136 with value: 0.2752397828552516.
[I 2026-05-28 03:40:29,642] Trial 141 finished with value: 0.16155052106034545 and parameters: {'ISTN': 60.17844778245779, 'I_gpe': 1.4881071560256312, 'I_gpi': 2.365731139808999, 'noise_stn_sigma': 3.0150798122169595, 'noise_gpe_sigma': 86.92227888816878, 'noise_gpi_sigma': 90.8125637875872, 'g_stn_gpe_mult': 3.5215025398804563, 'g_gpe_stn_mult': 0.16229614638407666, 'g_stn_gpi_mult': 1.3169685036802974, 'g_gpe_gpi_mult': 0.8937461608264474}. Best is trial 141 with value: 0.16155052106034545.
[I 2026-05-28 03:40:30,652] Trial 142 finished with value: 16.541304746673035 and parameters: {'ISTN': 85.87649017897719, 'I_gpe': 1.6423278093733749, 'I_gpi': 2.8374406463174804, 'noise_stn_sigma': 3.417340189461835, 'noise_gpe_sigma': 73.09961038093165, 'noise_gpi_sigma': 76.30748035441508, 'g_stn_gpe_mult': 3.1113211663176132, 'g_gpe_stn_mult': 0.17678470774812854, 'g_stn_gpi_mult': 2.262140176150255, 'g_gpe_gpi_mult': 0.8796314040713609}. Best is trial 141 with value: 0.16155052106034545.
[I 2026-05-28 03:40:31,659] Trial 143 finished with value: 12.311273313910316 and parameters: {'ISTN': 73.03515960185422, 'I_gpe': 1.4852360903794277, 'I_gpi': 2.7817272278248097, 'noise_stn_sigma': 4.0417009628056615, 'noise_gpe_sigma': 71.03019353185651, 'noise_gpi_sigma': 74.58285640482725, 'g_stn_gpe_mult': 3.3384338484668308, 'g_gpe_stn_mult': 0.24010533721496102, 'g_stn_gpi_mult': 1.5908226261828724, 'g_gpe_gpi_mult': 1.021608533988755}. Best is trial 141 with value: 0.16155052106034545.
[I 2026-05-28 03:40:32,663] Trial 144 finished with value: 7.8115112315884225 and parameters: {'ISTN': 72.235040054138, 'I_gpe': 0.8145714185924924, 'I_gpi': 2.5876505985132803, 'noise_stn_sigma': 4.710965764299008, 'noise_gpe_sigma': 105.88758834689023, 'noise_gpi_sigma': 73.73938764634428, 'g_stn_gpe_mult': 3.023319049301257, 'g_gpe_stn_mult': 0.2488752324337461, 'g_stn_gpi_mult': 1.356384830045369, 'g_gpe_gpi_mult': 0.8829382411689954}. Best is trial 141 with value: 0.16155052106034545.
[I 2026-05-28 03:40:33,671] Trial 145 finished with value: 9.853282746544682 and parameters: {'ISTN': 84.99681690520102, 'I_gpe': 0.8391195624657537, 'I_gpi': 2.7463860632610055, 'noise_stn_sigma': 4.6883780087210845, 'noise_gpe_sigma': 72.49099537863941, 'noise_gpi_sigma': 101.09563866066253, 'g_stn_gpe_mult': 2.2861332344841876, 'g_gpe_stn_mult': 0.17207888852256265, 'g_stn_gpi_mult': 1.8709762983487424, 'g_gpe_gpi_mult': 0.9672403057480385}. Best is trial 141 with value: 0.16155052106034545.
[I 2026-05-28 03:40:34,679] Trial 146 finished with value: 0.4821770575528124 and parameters: {'ISTN': 60.88019293813594, 'I_gpe': 0.8206440536350781, 'I_gpi': 3.01719598061267, 'noise_stn_sigma': 5.001127346697161, 'noise_gpe_sigma': 94.81192126543439, 'noise_gpi_sigma': 87.32877231742327, 'g_stn_gpe_mult': 3.160601342760824, 'g_gpe_stn_mult': 0.17800114184944044, 'g_stn_gpi_mult': 1.6780097356448191, 'g_gpe_gpi_mult': 0.8909569814621456}. Best is trial 141 with value: 0.16155052106034545.
[I 2026-05-28 03:40:35,687] Trial 147 finished with value: 5.878651039709768 and parameters: {'ISTN': 66.30698945573093, 'I_gpe': 1.0341677679410752, 'I_gpi': 2.440556859332114, 'noise_stn_sigma': 3.6745980302996313, 'noise_gpe_sigma': 75.86328430783391, 'noise_gpi_sigma': 92.71288898642841, 'g_stn_gpe_mult': 2.6709244362865134, 'g_gpe_stn_mult': 0.23565433931049107, 'g_stn_gpi_mult': 1.980681813809503, 'g_gpe_gpi_mult': 0.9980723482442739}. Best is trial 141 with value: 0.16155052106034545.
[I 2026-05-28 03:40:36,695] Trial 148 finished with value: 8.071716720135214 and parameters: {'ISTN': 65.71870444329046, 'I_gpe': 0.9724504957629497, 'I_gpi': 3.017657768651877, 'noise_stn_sigma': 5.749648186391232, 'noise_gpe_sigma': 69.9929756030636, 'noise_gpi_sigma': 102.51566200679109, 'g_stn_gpe_mult': 2.81676026436956, 'g_gpe_stn_mult': 0.21932259769448592, 'g_stn_gpi_mult': 1.3330181740131617, 'g_gpe_gpi_mult': 0.9596720155760665}. Best is trial 141 with value: 0.16155052106034545.
[I 2026-05-28 03:40:37,701] Trial 149 finished with value: 7.864304580340029 and parameters: {'ISTN': 64.43725093077404, 'I_gpe': 1.1137708942457563, 'I_gpi': 1.6323686825028436, 'noise_stn_sigma': 4.5113760711038955, 'noise_gpe_sigma': 77.19898742412967, 'noise_gpi_sigma': 47.471390378243534, 'g_stn_gpe_mult': 2.698291444614791, 'g_gpe_stn_mult': 0.4659763815761101, 'g_stn_gpi_mult': 1.5328858148580227, 'g_gpe_gpi_mult': 0.934160166096905}. Best is trial 141 with value: 0.16155052106034545.
[I 2026-05-28 03:40:38,706] Trial 150 finished with value: 8.624529637604239 and parameters: {'ISTN': 68.6627046792203, 'I_gpe': 1.0719027250889301, 'I_gpi': 2.4536245939721777, 'noise_stn_sigma': 4.036713120352295, 'noise_gpe_sigma': 72.72506434213989, 'noise_gpi_sigma': 66.07698968230335, 'g_stn_gpe_mult': 3.0727252216078513, 'g_gpe_stn_mult': 0.22338200085140375, 'g_stn_gpi_mult': 1.9181562666933223, 'g_gpe_gpi_mult': 0.8934307851512306}. Best is trial 141 with value: 0.16155052106034545.
[I 2026-05-28 03:40:39,716] Trial 151 finished with value: 11.026313925232035 and parameters: {'ISTN': 64.68700809662803, 'I_gpe': 1.265483189908435, 'I_gpi': 2.8311729484385375, 'noise_stn_sigma': 5.337207132233166, 'noise_gpe_sigma': 109.80399026458649, 'noise_gpi_sigma': 89.36364149766298, 'g_stn_gpe_mult': 2.3121714424045927, 'g_gpe_stn_mult': 0.38398546230666564, 'g_stn_gpi_mult': 2.165485116031315, 'g_gpe_gpi_mult': 0.9828413223885404}. Best is trial 141 with value: 0.16155052106034545.
[I 2026-05-28 03:40:40,725] Trial 152 finished with value: 0.24309257939805845 and parameters: {'ISTN': 63.200348816288866, 'I_gpe': 1.031946580957861, 'I_gpi': 2.6005105621410074, 'noise_stn_sigma': 3.0357603909214887, 'noise_gpe_sigma': 65.40228115741385, 'noise_gpi_sigma': 95.58617604896459, 'g_stn_gpe_mult': 3.6094407207055896, 'g_gpe_stn_mult': 0.16529299731140468, 'g_stn_gpi_mult': 1.1474107579578199, 'g_gpe_gpi_mult': 1.032856101171529}. Best is trial 141 with value: 0.16155052106034545.
[I 2026-05-28 03:40:41,733] Trial 153 finished with value: 0.18010814290728502 and parameters: {'ISTN': 60.20813956521396, 'I_gpe': 1.426284074309247, 'I_gpi': 2.2376300697454514, 'noise_stn_sigma': 2.8686488498813776, 'noise_gpe_sigma': 86.75227258502801, 'noise_gpi_sigma': 92.75624942599694, 'g_stn_gpe_mult': 2.758949730738799, 'g_gpe_stn_mult': 0.2056023004606802, 'g_stn_gpi_mult': 1.4581962884374733, 'g_gpe_gpi_mult': 1.1839307940130286}. Best is trial 141 with value: 0.16155052106034545.
[I 2026-05-28 03:40:42,742] Trial 154 finished with value: 13.347909697267921 and parameters: {'ISTN': 74.8974853618578, 'I_gpe': 0.9856831658256369, 'I_gpi': 2.411755806182165, 'noise_stn_sigma': 2.598153154374634, 'noise_gpe_sigma': 95.4505255532173, 'noise_gpi_sigma': 98.41363761620194, 'g_stn_gpe_mult': 3.7678802584623305, 'g_gpe_stn_mult': 0.19283925552418746, 'g_stn_gpi_mult': 1.5521571643035217, 'g_gpe_gpi_mult': 0.7292644662653793}. Best is trial 141 with value: 0.16155052106034545.
[I 2026-05-28 03:40:43,753] Trial 155 finished with value: 0.25684572582314336 and parameters: {'ISTN': 62.2263456414472, 'I_gpe': 1.2039107970888272, 'I_gpi': 1.8200512885748954, 'noise_stn_sigma': 3.4579478229090532, 'noise_gpe_sigma': 82.92532858399153, 'noise_gpi_sigma': 82.35313491289739, 'g_stn_gpe_mult': 3.42754042330803, 'g_gpe_stn_mult': 0.1607076104906681, 'g_stn_gpi_mult': 1.1371638965407915, 'g_gpe_gpi_mult': 1.1393596073583854}. Best is trial 141 with value: 0.16155052106034545.
[I 2026-05-28 03:40:44,765] Trial 156 finished with value: 8.652236237633428 and parameters: {'ISTN': 69.3918429365026, 'I_gpe': 1.0246792649305048, 'I_gpi': 2.9345414409222315, 'noise_stn_sigma': 5.434176653070008, 'noise_gpe_sigma': 95.21841345149234, 'noise_gpi_sigma': 87.85452479450504, 'g_stn_gpe_mult': 3.420802696105504, 'g_gpe_stn_mult': 0.12086555383700238, 'g_stn_gpi_mult': 1.0100358410475558, 'g_gpe_gpi_mult': 1.1253140208227366}. Best is trial 141 with value: 0.16155052106034545.
[I 2026-05-28 03:40:45,775] Trial 157 finished with value: 4.179330137188756 and parameters: {'ISTN': 66.86362013688652, 'I_gpe': 1.3826885479662685, 'I_gpi': 3.064741915739518, 'noise_stn_sigma': 3.8737257892662806, 'noise_gpe_sigma': 96.84209922419785, 'noise_gpi_sigma': 77.66939504740989, 'g_stn_gpe_mult': 3.7965415966092606, 'g_gpe_stn_mult': 0.2524577976330735, 'g_stn_gpi_mult': 1.0697277113281898, 'g_gpe_gpi_mult': 0.7802480485834005}. Best is trial 141 with value: 0.16155052106034545.
[I 2026-05-28 03:40:46,783] Trial 158 finished with value: 3.2426668486908987 and parameters: {'ISTN': 62.63178773721916, 'I_gpe': 1.2138674585498652, 'I_gpi': 2.5244205068823904, 'noise_stn_sigma': 2.1646700617769485, 'noise_gpe_sigma': 80.93850745473844, 'noise_gpi_sigma': 91.10968699422462, 'g_stn_gpe_mult': 3.407765811788217, 'g_gpe_stn_mult': 0.38668543744305717, 'g_stn_gpi_mult': 2.306190101127225, 'g_gpe_gpi_mult': 0.9463732293719134}. Best is trial 141 with value: 0.16155052106034545.
[I 2026-05-28 03:40:47,792] Trial 159 finished with value: 0.1668686259737284 and parameters: {'ISTN': 60.2938364644144, 'I_gpe': 1.4204360093188466, 'I_gpi': 2.0697288104968505, 'noise_stn_sigma': 3.096716167962909, 'noise_gpe_sigma': 83.12869363275908, 'noise_gpi_sigma': 92.9453093398265, 'g_stn_gpe_mult': 3.339841567665884, 'g_gpe_stn_mult': 0.1351854548000194, 'g_stn_gpi_mult': 1.3540486625730699, 'g_gpe_gpi_mult': 1.0871543744153287}. Best is trial 141 with value: 0.16155052106034545.
[I 2026-05-28 03:40:48,801] Trial 160 finished with value: 1.3776833366370764 and parameters: {'ISTN': 60.10295327239081, 'I_gpe': 1.0476279989544874, 'I_gpi': 2.1963454189903615, 'noise_stn_sigma': 3.452831304594318, 'noise_gpe_sigma': 70.82086450237102, 'noise_gpi_sigma': 95.43076399693282, 'g_stn_gpe_mult': 3.1573718251509932, 'g_gpe_stn_mult': 0.14537904533486912, 'g_stn_gpi_mult': 1.7902549810619184, 'g_gpe_gpi_mult': 0.7970452559429912}. Best is trial 141 with value: 0.16155052106034545.
[I 2026-05-28 03:40:49,811] Trial 161 finished with value: 3.1925386830153735 and parameters: {'ISTN': 71.76000087884726, 'I_gpe': 1.4330733340679431, 'I_gpi': 2.0648824661256184, 'noise_stn_sigma': 2.034138491638485, 'noise_gpe_sigma': 81.44944265903135, 'noise_gpi_sigma': 88.8988001540286, 'g_stn_gpe_mult': 3.479083232786965, 'g_gpe_stn_mult': 0.12527973975333595, 'g_stn_gpi_mult': 1.3601590425904326, 'g_gpe_gpi_mult': 1.182938106065956}. Best is trial 141 with value: 0.16155052106034545.
[I 2026-05-28 03:40:50,820] Trial 162 finished with value: 13.0944066424553 and parameters: {'ISTN': 69.29318496307994, 'I_gpe': 2.129205295540638, 'I_gpi': 1.865042683352934, 'noise_stn_sigma': 3.702634383420471, 'noise_gpe_sigma': 61.20493683925941, 'noise_gpi_sigma': 102.94437267799378, 'g_stn_gpe_mult': 2.765031281482453, 'g_gpe_stn_mult': 0.2584261579526682, 'g_stn_gpi_mult': 1.132394284743438, 'g_gpe_gpi_mult': 1.1204182964526574}. Best is trial 141 with value: 0.16155052106034545.
[I 2026-05-28 03:40:51,828] Trial 163 finished with value: 15.18285197608134 and parameters: {'ISTN': 78.46499236321289, 'I_gpe': 1.0459212187374538, 'I_gpi': 2.2074791885921954, 'noise_stn_sigma': 2.1647774434944753, 'noise_gpe_sigma': 80.70180547027857, 'noise_gpi_sigma': 115.04431593584106, 'g_stn_gpe_mult': 2.6231251722429834, 'g_gpe_stn_mult': 0.3588543201071416, 'g_stn_gpi_mult': 1.772551767463781, 'g_gpe_gpi_mult': 1.1170071285992376}. Best is trial 141 with value: 0.16155052106034545.
[I 2026-05-28 03:40:52,836] Trial 164 finished with value: 9.841584740030683 and parameters: {'ISTN': 67.2230986846325, 'I_gpe': 1.4884835054850163, 'I_gpi': 2.382293543826819, 'noise_stn_sigma': 2.137998879742665, 'noise_gpe_sigma': 81.2005995325611, 'noise_gpi_sigma': 131.77554956506424, 'g_stn_gpe_mult': 3.074400206067197, 'g_gpe_stn_mult': 0.3459181885090248, 'g_stn_gpi_mult': 1.2364203269469214, 'g_gpe_gpi_mult': 1.0028099902458412}. Best is trial 141 with value: 0.16155052106034545.
[I 2026-05-28 03:40:53,847] Trial 165 finished with value: 14.31442601621748 and parameters: {'ISTN': 74.71325100388549, 'I_gpe': 1.8285081688866434, 'I_gpi': 2.3986195706136915, 'noise_stn_sigma': 4.01708351250074, 'noise_gpe_sigma': 86.9077112368126, 'noise_gpi_sigma': 98.34164703954947, 'g_stn_gpe_mult': 3.062699368801024, 'g_gpe_stn_mult': 0.35328697487646665, 'g_stn_gpi_mult': 1.0341553468880962, 'g_gpe_gpi_mult': 0.875107979643083}. Best is trial 141 with value: 0.16155052106034545.
[I 2026-05-28 03:40:54,852] Trial 166 finished with value: 10.202681490449173 and parameters: {'ISTN': 69.0019419858152, 'I_gpe': 0.7870145036763059, 'I_gpi': 1.9321143600757078, 'noise_stn_sigma': 1.4933023000493948, 'noise_gpe_sigma': 74.91764735759192, 'noise_gpi_sigma': 109.64645192666414, 'g_stn_gpe_mult': 2.803528840729679, 'g_gpe_stn_mult': 0.3299535965174881, 'g_stn_gpi_mult': 1.7058358129948377, 'g_gpe_gpi_mult': 1.115781417425311}. Best is trial 141 with value: 0.16155052106034545.
[I 2026-05-28 03:40:55,858] Trial 167 finished with value: 0.4798383029888251 and parameters: {'ISTN': 62.18588938021252, 'I_gpe': 1.057273736210763, 'I_gpi': 2.9588583794142647, 'noise_stn_sigma': 3.2361210684786315, 'noise_gpe_sigma': 62.15480098569755, 'noise_gpi_sigma': 89.02854349065034, 'g_stn_gpe_mult': 3.46129399563073, 'g_gpe_stn_mult': 0.17563201020161684, 'g_stn_gpi_mult': 1.6659591471233792, 'g_gpe_gpi_mult': 1.0496298867385285}. Best is trial 141 with value: 0.16155052106034545.
[I 2026-05-28 03:40:56,867] Trial 168 finished with value: 5.348725234717898 and parameters: {'ISTN': 60.98400946667489, 'I_gpe': 1.2818110685603603, 'I_gpi': 1.7480008052106126, 'noise_stn_sigma': 4.158393694693652, 'noise_gpe_sigma': 78.47319540515852, 'noise_gpi_sigma': 96.32574211272487, 'g_stn_gpe_mult': 3.666868823131294, 'g_gpe_stn_mult': 0.2941804032097346, 'g_stn_gpi_mult': 1.5736508476147377, 'g_gpe_gpi_mult': 0.994767392693519}. Best is trial 141 with value: 0.16155052106034545.
[I 2026-05-28 03:40:57,876] Trial 169 finished with value: 3.5021513802498268 and parameters: {'ISTN': 64.04241116771912, 'I_gpe': 0.6990317099272054, 'I_gpi': 1.8971878374452245, 'noise_stn_sigma': 4.073708434120168, 'noise_gpe_sigma': 78.73897232454075, 'noise_gpi_sigma': 50.951694614794704, 'g_stn_gpe_mult': 3.506968107506093, 'g_gpe_stn_mult': 0.2161018552170202, 'g_stn_gpi_mult': 1.2563506432047316, 'g_gpe_gpi_mult': 0.9436495721796445}. Best is trial 141 with value: 0.16155052106034545.
[I 2026-05-28 03:40:58,884] Trial 170 finished with value: 11.73108854553549 and parameters: {'ISTN': 69.62381288191405, 'I_gpe': 1.5772515019416438, 'I_gpi': 1.9537779201302725, 'noise_stn_sigma': 2.28705759252504, 'noise_gpe_sigma': 85.91774631219496, 'noise_gpi_sigma': 85.19203652694408, 'g_stn_gpe_mult': 2.7256815093189237, 'g_gpe_stn_mult': 0.33816130450552084, 'g_stn_gpi_mult': 1.3934219344587948, 'g_gpe_gpi_mult': 1.0226364125951084}. Best is trial 141 with value: 0.16155052106034545.
[I 2026-05-28 03:40:59,894] Trial 171 finished with value: 0.2657761941907942 and parameters: {'ISTN': 66.95459341502598, 'I_gpe': 1.42156853585808, 'I_gpi': 2.3568856130612725, 'noise_stn_sigma': 2.953765018292957, 'noise_gpe_sigma': 62.660994799284644, 'noise_gpi_sigma': 82.75844372715451, 'g_stn_gpe_mult': 3.8522324072737906, 'g_gpe_stn_mult': 0.13251598343073615, 'g_stn_gpi_mult': 1.0442402558475643, 'g_gpe_gpi_mult': 1.131096281880792}. Best is trial 141 with value: 0.16155052106034545.
[I 2026-05-28 03:41:00,905] Trial 172 finished with value: 0.5991577218348242 and parameters: {'ISTN': 60.50116168378654, 'I_gpe': 1.8580517992177517, 'I_gpi': 2.822630789009206, 'noise_stn_sigma': 3.75324516188798, 'noise_gpe_sigma': 121.29407608733868, 'noise_gpi_sigma': 102.28377634474386, 'g_stn_gpe_mult': 4.405645520108822, 'g_gpe_stn_mult': 0.17542771561269677, 'g_stn_gpi_mult': 1.7697503820641731, 'g_gpe_gpi_mult': 1.0436951717439156}. Best is trial 141 with value: 0.16155052106034545.
[I 2026-05-28 03:41:01,916] Trial 173 finished with value: 2.057472230788791 and parameters: {'ISTN': 70.24783443017647, 'I_gpe': 0.9812372691654382, 'I_gpi': 2.4046486052435867, 'noise_stn_sigma': 1.197052688761269, 'noise_gpe_sigma': 72.87539863836065, 'noise_gpi_sigma': 63.63649755785267, 'g_stn_gpe_mult': 3.439981874114161, 'g_gpe_stn_mult': 0.13840504559908168, 'g_stn_gpi_mult': 1.7605541386316468, 'g_gpe_gpi_mult': 0.9794034048416564}. Best is trial 141 with value: 0.16155052106034545.
[I 2026-05-28 03:41:02,926] Trial 174 finished with value: 15.249691837461592 and parameters: {'ISTN': 76.98717359002292, 'I_gpe': 1.219544990756243, 'I_gpi': 2.5086874756768722, 'noise_stn_sigma': 3.2972243726560055, 'noise_gpe_sigma': 71.29236904938352, 'noise_gpi_sigma': 92.64337684966029, 'g_stn_gpe_mult': 3.435468921929575, 'g_gpe_stn_mult': 0.1720375532902219, 'g_stn_gpi_mult': 1.6940801166716746, 'g_gpe_gpi_mult': 1.0701564294386008}. Best is trial 141 with value: 0.16155052106034545.
[I 2026-05-28 03:41:03,935] Trial 175 finished with value: 2.905900097947793 and parameters: {'ISTN': 67.57321497255354, 'I_gpe': 0.7157928034227912, 'I_gpi': 1.726980738197561, 'noise_stn_sigma': 1.6085118954672648, 'noise_gpe_sigma': 89.75503122856055, 'noise_gpi_sigma': 79.08211418270731, 'g_stn_gpe_mult': 3.9583787083520416, 'g_gpe_stn_mult': 0.24204965594157393, 'g_stn_gpi_mult': 1.4602598855555127, 'g_gpe_gpi_mult': 1.1916242030044104}. Best is trial 141 with value: 0.16155052106034545.
