[I 2026-05-28 03:54:22,465] Trial 968 finished with value: 0.12685082252978122 and parameters: {'ISTN': 60.0667028363599, 'I_gpe': 1.011058637985374, 'I_gpi': 2.225762581890236, 'noise_stn_sigma': 1.873178661770233, 'noise_gpe_sigma': 100.79010279365598, 'noise_gpi_sigma': 86.86170315871254, 'g_stn_gpe_mult': 3.9679337255159193, 'g_gpe_stn_mult': 0.18027955403879162, 'g_stn_gpi_mult': 1.4445774033713925, 'g_gpe_gpi_mult': 0.8892707513242804}. Best is trial 964 with value: 0.12549101136847124.
[I 2026-05-28 03:54:23,477] Trial 969 finished with value: 0.12988931946949528 and parameters: {'ISTN': 60.19777231835139, 'I_gpe': 1.0192462206319974, 'I_gpi': 2.232065514215492, 'noise_stn_sigma': 1.8808307245334097, 'noise_gpe_sigma': 100.21780276866464, 'noise_gpi_sigma': 87.2363156937342, 'g_stn_gpe_mult': 3.964930458966521, 'g_gpe_stn_mult': 0.17984561130114332, 'g_stn_gpi_mult': 1.4550637052905975, 'g_gpe_gpi_mult': 0.8959738757367506}. Best is trial 964 with value: 0.12549101136847124.
[I 2026-05-28 03:54:24,487] Trial 970 finished with value: 0.1288121685109246 and parameters: {'ISTN': 60.10839992578533, 'I_gpe': 1.0184393690320046, 'I_gpi': 2.2283920889131803, 'noise_stn_sigma': 1.8855407136386637, 'noise_gpe_sigma': 100.15688956284633, 'noise_gpi_sigma': 85.72353630880633, 'g_stn_gpe_mult': 3.9669388188887025, 'g_gpe_stn_mult': 0.1820538054025933, 'g_stn_gpi_mult': 1.4384176418332055, 'g_gpe_gpi_mult': 0.88522000329433}. Best is trial 964 with value: 0.12549101136847124.
[I 2026-05-28 03:54:25,499] Trial 971 finished with value: 0.12929236150581777 and parameters: {'ISTN': 60.08470818055054, 'I_gpe': 1.0161520967613975, 'I_gpi': 2.2273786631837345, 'noise_stn_sigma': 1.9423529201224503, 'noise_gpe_sigma': 101.87888025860683, 'noise_gpi_sigma': 86.82595181229591, 'g_stn_gpe_mult': 3.970059543308477, 'g_gpe_stn_mult': 0.18211984233979617, 'g_stn_gpi_mult': 1.4082664849178723, 'g_gpe_gpi_mult': 0.8843743040440817}. Best is trial 964 with value: 0.12549101136847124.
[I 2026-05-28 03:54:26,506] Trial 972 finished with value: 0.1309888804671247 and parameters: {'ISTN': 60.34919387095413, 'I_gpe': 1.0119819747889154, 'I_gpi': 2.202187566459396, 'noise_stn_sigma': 1.903328209937281, 'noise_gpe_sigma': 99.96339507295103, 'noise_gpi_sigma': 86.45768954152214, 'g_stn_gpe_mult': 3.9683510254954535, 'g_gpe_stn_mult': 0.18070839050977305, 'g_stn_gpi_mult': 1.414005302595787, 'g_gpe_gpi_mult': 0.8832757931441888}. Best is trial 964 with value: 0.12549101136847124.
[I 2026-05-28 03:54:27,514] Trial 973 finished with value: 0.40594228867208454 and parameters: {'ISTN': 60.102426448987096, 'I_gpe': 1.0136744377219213, 'I_gpi': 2.2157627609724493, 'noise_stn_sigma': 1.8527813496547894, 'noise_gpe_sigma': 100.51931083023882, 'noise_gpi_sigma': 85.92818374325726, 'g_stn_gpe_mult': 3.969075043779471, 'g_gpe_stn_mult': 0.1802553330954184, 'g_stn_gpi_mult': 1.4156541470044433, 'g_gpe_gpi_mult': 0.8883747158563093}. Best is trial 964 with value: 0.12549101136847124.
[I 2026-05-28 03:54:28,523] Trial 974 finished with value: 0.13638621160306616 and parameters: {'ISTN': 60.14459251805886, 'I_gpe': 1.018826486872198, 'I_gpi': 2.240077988006413, 'noise_stn_sigma': 1.9194126439692383, 'noise_gpe_sigma': 101.75883596889058, 'noise_gpi_sigma': 86.03578065839604, 'g_stn_gpe_mult': 3.9774025161818436, 'g_gpe_stn_mult': 0.18320003169462207, 'g_stn_gpi_mult': 1.418089485985563, 'g_gpe_gpi_mult': 0.8761392499220171}. Best is trial 964 with value: 0.12549101136847124.
[I 2026-05-28 03:54:29,529] Trial 975 finished with value: 0.13278743777330795 and parameters: {'ISTN': 60.28710593376405, 'I_gpe': 1.0064853669621305, 'I_gpi': 2.21138086925738, 'noise_stn_sigma': 1.9109069130639305, 'noise_gpe_sigma': 101.40429321512838, 'noise_gpi_sigma': 86.27482200936946, 'g_stn_gpe_mult': 3.9633129453697835, 'g_gpe_stn_mult': 0.17964561506937582, 'g_stn_gpi_mult': 1.4223249091189256, 'g_gpe_gpi_mult': 0.8791422262567863}. Best is trial 964 with value: 0.12549101136847124.
[I 2026-05-28 03:54:30,536] Trial 976 finished with value: 0.12885383695448813 and parameters: {'ISTN': 60.31656423900143, 'I_gpe': 1.00453241702989, 'I_gpi': 2.221415289334602, 'noise_stn_sigma': 1.8789690161641532, 'noise_gpe_sigma': 99.78791208200875, 'noise_gpi_sigma': 86.61426056391655, 'g_stn_gpe_mult': 3.952904698488417, 'g_gpe_stn_mult': 0.18025603168172927, 'g_stn_gpi_mult': 1.4576317437001325, 'g_gpe_gpi_mult': 0.8853373824581345}. Best is trial 964 with value: 0.12549101136847124.
[I 2026-05-28 03:54:31,545] Trial 977 finished with value: 0.14032599056450035 and parameters: {'ISTN': 60.25353457238045, 'I_gpe': 1.0142996311637313, 'I_gpi': 2.2219508324485524, 'noise_stn_sigma': 1.8480828148970116, 'noise_gpe_sigma': 102.34599448758824, 'noise_gpi_sigma': 85.00509925356094, 'g_stn_gpe_mult': 3.9878727592758385, 'g_gpe_stn_mult': 0.18056640268672106, 'g_stn_gpi_mult': 1.4346445653393674, 'g_gpe_gpi_mult': 0.8838222020932167}. Best is trial 964 with value: 0.12549101136847124.
[I 2026-05-28 03:54:32,553] Trial 978 finished with value: 0.12626265483252178 and parameters: {'ISTN': 60.04069307321729, 'I_gpe': 1.0096812818123104, 'I_gpi': 2.220163806135414, 'noise_stn_sigma': 1.897232456601608, 'noise_gpe_sigma': 102.46648000480576, 'noise_gpi_sigma': 86.16316781949608, 'g_stn_gpe_mult': 3.9845019328166664, 'g_gpe_stn_mult': 0.18390114774084151, 'g_stn_gpi_mult': 1.4225798953566051, 'g_gpe_gpi_mult': 0.8788350217074969}. Best is trial 964 with value: 0.12549101136847124.
[I 2026-05-28 03:54:33,562] Trial 979 finished with value: 0.12803738909962709 and parameters: {'ISTN': 60.274174321735735, 'I_gpe': 1.005739888572735, 'I_gpi': 2.230439094271482, 'noise_stn_sigma': 1.8683789382512124, 'noise_gpe_sigma': 101.47248606766289, 'noise_gpi_sigma': 86.28944851468016, 'g_stn_gpe_mult': 3.9782505609846583, 'g_gpe_stn_mult': 0.18044041179664033, 'g_stn_gpi_mult': 1.4110956140462028, 'g_gpe_gpi_mult': 0.889312124767788}. Best is trial 964 with value: 0.12549101136847124.
[I 2026-05-28 03:54:34,568] Trial 980 finished with value: 0.12996635071028906 and parameters: {'ISTN': 60.07959821393097, 'I_gpe': 1.0146027091641456, 'I_gpi': 2.2249778200543657, 'noise_stn_sigma': 1.887679092103609, 'noise_gpe_sigma': 101.80236616228133, 'noise_gpi_sigma': 86.10509526178859, 'g_stn_gpe_mult': 3.960010522353997, 'g_gpe_stn_mult': 0.18230846702635722, 'g_stn_gpi_mult': 1.4099508702960857, 'g_gpe_gpi_mult': 0.8933006947678221}. Best is trial 964 with value: 0.12549101136847124.
[I 2026-05-28 03:54:35,578] Trial 981 finished with value: 0.1281822358569862 and parameters: {'ISTN': 60.18993767533242, 'I_gpe': 1.0116271751520234, 'I_gpi': 2.2327512687705635, 'noise_stn_sigma': 1.8544293488891035, 'noise_gpe_sigma': 101.38948135549418, 'noise_gpi_sigma': 87.44732992896193, 'g_stn_gpe_mult': 3.9689797887030336, 'g_gpe_stn_mult': 0.18248135477576444, 'g_stn_gpi_mult': 1.4091813591347468, 'g_gpe_gpi_mult': 0.8892789376734322}. Best is trial 964 with value: 0.12549101136847124.
[I 2026-05-28 03:54:36,586] Trial 982 finished with value: 0.15788442161626703 and parameters: {'ISTN': 60.02251040858239, 'I_gpe': 1.0142938024077321, 'I_gpi': 2.235640062110834, 'noise_stn_sigma': 1.8755306586965217, 'noise_gpe_sigma': 101.40582781731706, 'noise_gpi_sigma': 85.5644603278527, 'g_stn_gpe_mult': 3.9834688829864264, 'g_gpe_stn_mult': 0.18267689950215288, 'g_stn_gpi_mult': 1.4446264631777255, 'g_gpe_gpi_mult': 0.8805169750879858}. Best is trial 964 with value: 0.12549101136847124.
[I 2026-05-28 03:54:37,595] Trial 983 finished with value: 0.12803411167830203 and parameters: {'ISTN': 60.193231588257596, 'I_gpe': 1.0073139574839907, 'I_gpi': 2.2270221464640167, 'noise_stn_sigma': 1.8517240846678371, 'noise_gpe_sigma': 101.98762216421484, 'noise_gpi_sigma': 85.9974454183971, 'g_stn_gpe_mult': 3.9800194333353227, 'g_gpe_stn_mult': 0.1812163943229292, 'g_stn_gpi_mult': 1.422907020568414, 'g_gpe_gpi_mult': 0.891231475897035}. Best is trial 964 with value: 0.12549101136847124.
[I 2026-05-28 03:54:38,600] Trial 984 finished with value: 0.1281064901888896 and parameters: {'ISTN': 60.248255572274324, 'I_gpe': 1.0092881954180297, 'I_gpi': 2.226334478197094, 'noise_stn_sigma': 1.8813406823600145, 'noise_gpe_sigma': 101.02195547745684, 'noise_gpi_sigma': 86.46069213134945, 'g_stn_gpe_mult': 3.9530034420440203, 'g_gpe_stn_mult': 0.17855870735202084, 'g_stn_gpi_mult': 1.4157266382744202, 'g_gpe_gpi_mult': 0.8868945981191356}. Best is trial 964 with value: 0.12549101136847124.
[I 2026-05-28 03:54:39,609] Trial 985 finished with value: 0.12992155222287502 and parameters: {'ISTN': 60.291042655045516, 'I_gpe': 0.9998435447540024, 'I_gpi': 2.2309842506248403, 'noise_stn_sigma': 1.913058234337345, 'noise_gpe_sigma': 102.66906254893041, 'noise_gpi_sigma': 86.78927668009348, 'g_stn_gpe_mult': 3.982554736560705, 'g_gpe_stn_mult': 0.1804608486003022, 'g_stn_gpi_mult': 1.4113225342240348, 'g_gpe_gpi_mult': 0.8804407884931391}. Best is trial 964 with value: 0.12549101136847124.
[I 2026-05-28 03:54:40,617] Trial 986 finished with value: 0.1296539520231787 and parameters: {'ISTN': 60.23315274041383, 'I_gpe': 0.9916785448985236, 'I_gpi': 2.2377885432149767, 'noise_stn_sigma': 1.9153509228500747, 'noise_gpe_sigma': 101.41604948666603, 'noise_gpi_sigma': 86.01337547897226, 'g_stn_gpe_mult': 3.9568132682708907, 'g_gpe_stn_mult': 0.1833168795275455, 'g_stn_gpi_mult': 1.431269222538757, 'g_gpe_gpi_mult': 0.8854032574726032}. Best is trial 964 with value: 0.12549101136847124.
[I 2026-05-28 03:54:41,625] Trial 987 finished with value: 0.12871595989052284 and parameters: {'ISTN': 60.1819051452479, 'I_gpe': 1.0022029970454194, 'I_gpi': 2.2223798717696104, 'noise_stn_sigma': 1.898752393987981, 'noise_gpe_sigma': 100.7057335587975, 'noise_gpi_sigma': 85.88684431080398, 'g_stn_gpe_mult': 3.9748853706327423, 'g_gpe_stn_mult': 0.18240655303954162, 'g_stn_gpi_mult': 1.4628549061493792, 'g_gpe_gpi_mult': 0.8820172805559663}. Best is trial 964 with value: 0.12549101136847124.
[I 2026-05-28 03:54:42,634] Trial 988 finished with value: 0.14977254035365017 and parameters: {'ISTN': 60.17257449842287, 'I_gpe': 1.0087586014331322, 'I_gpi': 2.2283085780716583, 'noise_stn_sigma': 1.9078974452724669, 'noise_gpe_sigma': 102.55982197509873, 'noise_gpi_sigma': 86.41782008557303, 'g_stn_gpe_mult': 3.980888208640232, 'g_gpe_stn_mult': 0.18349325172173614, 'g_stn_gpi_mult': 1.40429325795512, 'g_gpe_gpi_mult': 0.8830410947071781}. Best is trial 964 with value: 0.12549101136847124.
[I 2026-05-28 03:54:43,643] Trial 989 finished with value: 0.13087152010398334 and parameters: {'ISTN': 60.61948287468353, 'I_gpe': 1.0079323898580836, 'I_gpi': 2.214619996107197, 'noise_stn_sigma': 1.8806931735114456, 'noise_gpe_sigma': 101.38303107485629, 'noise_gpi_sigma': 86.006955962069, 'g_stn_gpe_mult': 3.9710145175110996, 'g_gpe_stn_mult': 0.17941249533861825, 'g_stn_gpi_mult': 1.4484896376413983, 'g_gpe_gpi_mult': 0.8885526002949407}. Best is trial 964 with value: 0.12549101136847124.
[I 2026-05-28 03:54:44,649] Trial 990 finished with value: 0.1276243707241156 and parameters: {'ISTN': 60.24306968244043, 'I_gpe': 1.0053162986655615, 'I_gpi': 2.244549109668217, 'noise_stn_sigma': 1.9013012703743186, 'noise_gpe_sigma': 101.80722739704409, 'noise_gpi_sigma': 86.82847467474099, 'g_stn_gpe_mult': 3.9763286205790536, 'g_gpe_stn_mult': 0.1812585372689275, 'g_stn_gpi_mult': 1.4175142067906967, 'g_gpe_gpi_mult': 0.8838151617029446}. Best is trial 964 with value: 0.12549101136847124.
[I 2026-05-28 03:54:45,660] Trial 991 finished with value: 0.13068959414723752 and parameters: {'ISTN': 60.35107779375726, 'I_gpe': 1.0015854856925746, 'I_gpi': 2.236779925321904, 'noise_stn_sigma': 1.863822286741611, 'noise_gpe_sigma': 101.40417903474244, 'noise_gpi_sigma': 86.39536822898917, 'g_stn_gpe_mult': 3.9934852104963867, 'g_gpe_stn_mult': 0.18206393077616492, 'g_stn_gpi_mult': 1.4352856705428048, 'g_gpe_gpi_mult': 0.8823368020425952}. Best is trial 964 with value: 0.12549101136847124.
[I 2026-05-28 03:54:46,667] Trial 992 finished with value: 0.13160457851672028 and parameters: {'ISTN': 60.44981579877337, 'I_gpe': 1.0041118195460417, 'I_gpi': 2.248124853334854, 'noise_stn_sigma': 1.8822340578533308, 'noise_gpe_sigma': 102.36419607833503, 'noise_gpi_sigma': 87.45111872023128, 'g_stn_gpe_mult': 3.992126813585829, 'g_gpe_stn_mult': 0.1799433688963547, 'g_stn_gpi_mult': 1.4150490553457487, 'g_gpe_gpi_mult': 0.8870801352436377}. Best is trial 964 with value: 0.12549101136847124.
[I 2026-05-28 03:54:47,675] Trial 993 finished with value: 0.12961455290884294 and parameters: {'ISTN': 60.07889259002678, 'I_gpe': 1.0098028323827268, 'I_gpi': 2.2325370787296506, 'noise_stn_sigma': 1.9018328478731301, 'noise_gpe_sigma': 102.83751321315417, 'noise_gpi_sigma': 86.28777751673887, 'g_stn_gpe_mult': 3.971109319266041, 'g_gpe_stn_mult': 0.18241385297914253, 'g_stn_gpi_mult': 1.4135867970175489, 'g_gpe_gpi_mult': 0.8890390681301654}. Best is trial 964 with value: 0.12549101136847124.
[I 2026-05-28 03:54:48,686] Trial 994 finished with value: 0.14684553444375295 and parameters: {'ISTN': 60.30360581569557, 'I_gpe': 1.0058703843918533, 'I_gpi': 2.227073891357649, 'noise_stn_sigma': 1.874606269771344, 'noise_gpe_sigma': 102.35622778301654, 'noise_gpi_sigma': 86.275532599322, 'g_stn_gpe_mult': 3.9924059114618595, 'g_gpe_stn_mult': 0.18262613713482917, 'g_stn_gpi_mult': 1.4237892534089578, 'g_gpe_gpi_mult': 0.8815699111265054}. Best is trial 964 with value: 0.12549101136847124.
[I 2026-05-28 03:54:49,695] Trial 995 finished with value: 0.12826123015205065 and parameters: {'ISTN': 60.36683196347233, 'I_gpe': 1.0032060871057258, 'I_gpi': 2.2297006386373153, 'noise_stn_sigma': 1.8618314541272447, 'noise_gpe_sigma': 101.12629940070845, 'noise_gpi_sigma': 87.26561884413148, 'g_stn_gpe_mult': 3.9699744342250276, 'g_gpe_stn_mult': 0.1798396807283089, 'g_stn_gpi_mult': 1.4212735721564862, 'g_gpe_gpi_mult': 0.8843089628124201}. Best is trial 964 with value: 0.12549101136847124.
[I 2026-05-28 03:54:50,704] Trial 996 finished with value: 0.13426832504957725 and parameters: {'ISTN': 60.41143790856114, 'I_gpe': 1.0026004717240902, 'I_gpi': 2.233939459284989, 'noise_stn_sigma': 1.8731294537985983, 'noise_gpe_sigma': 102.03276255463497, 'noise_gpi_sigma': 85.20277518640367, 'g_stn_gpe_mult': 3.964862041354509, 'g_gpe_stn_mult': 0.17955595617595344, 'g_stn_gpi_mult': 1.415544032710287, 'g_gpe_gpi_mult': 0.8903396542662945}. Best is trial 964 with value: 0.12549101136847124.
[I 2026-05-28 03:54:51,712] Trial 997 finished with value: 0.12879319044849608 and parameters: {'ISTN': 60.167419068182134, 'I_gpe': 1.0016334924082402, 'I_gpi': 2.2324401059978243, 'noise_stn_sigma': 1.8694439888349632, 'noise_gpe_sigma': 101.45899193356794, 'noise_gpi_sigma': 86.55389860133673, 'g_stn_gpe_mult': 3.983424436688518, 'g_gpe_stn_mult': 0.1826308831401183, 'g_stn_gpi_mult': 1.4407913352425468, 'g_gpe_gpi_mult': 0.8819963493273473}. Best is trial 964 with value: 0.12549101136847124.
[I 2026-05-28 03:54:52,722] Trial 998 finished with value: 0.13099039172064497 and parameters: {'ISTN': 60.30041897332777, 'I_gpe': 1.0149560308816665, 'I_gpi': 2.2109365943059336, 'noise_stn_sigma': 1.872656217430885, 'noise_gpe_sigma': 101.77051690635682, 'noise_gpi_sigma': 87.53150567992776, 'g_stn_gpe_mult': 3.944819644527545, 'g_gpe_stn_mult': 0.18165843228140172, 'g_stn_gpi_mult': 1.412342604864341, 'g_gpe_gpi_mult': 0.8930122654196853}. Best is trial 964 with value: 0.12549101136847124.
[I 2026-05-28 03:54:53,731] Trial 999 finished with value: 0.12652059426438897 and parameters: {'ISTN': 60.04219131817343, 'I_gpe': 1.0191038714706289, 'I_gpi': 2.2312286343318757, 'noise_stn_sigma': 1.8749093675107618, 'noise_gpe_sigma': 101.63519449574633, 'noise_gpi_sigma': 85.54554473421408, 'g_stn_gpe_mult': 3.985683248102343, 'g_gpe_stn_mult': 0.18198257346762972, 'g_stn_gpi_mult': 1.4221064038168074, 'g_gpe_gpi_mult': 0.8813571893031062}. Best is trial 964 with value: 0.12549101136847124.
Condition: seeds_seed123
Seed: 123, Trials: 1000
Bounds:
  ISTN: [60.0, 150.0]
  I_gpe: [0.5, 4.0]
  I_gpi: [1.0, 5.0]
  noise_stn_sigma: [1.0, 8.0]
  noise_gpe_sigma: [20.0, 150.0]
  noise_gpi_sigma: [20.0, 150.0]
  g_stn_gpe_mult: [1.5, 5.0]
  g_gpe_stn_mult: [0.1, 0.8]
  g_stn_gpi_mult: [1.0, 4.0]
  g_gpe_gpi_mult: [0.2, 1.2]
Weights: {'rate': 5.0, 'cv': 0.2, 'beta': 15.0}
JAX devices: [CudaDevice(id=0)]

Building simulator...
Warming up JIT...
JIT ready.


============================================================
DONE: seeds_seed123 (seed=123)
  Time: 16.8 min
  Best loss: 0.1255
  STN: 28.4 Hz (target 27.5)
  GPe: 41.3 Hz (target 42.5)
  GPi: 81.6 Hz (target 82.5)
  GPe beta: 38.9%
  STN beta: 65.1%
  Synaptic multipliers:
    g_stn_gpe_mult: 3.977
    g_gpe_stn_mult: 0.183
    g_stn_gpi_mult: 1.410
    g_gpe_gpi_mult: 0.890
  Saved: results/sensitivity/seeds/seed123.pkl
