[I 2026-05-28 03:28:31,789] Trial 440 finished with value: 8.502709997157174 and parameters: {'ISTN': 61.50815732343638, 'I_gpe': 1.1795003523353658, 'I_gpi': 1.3121690116806084, 'noise_stn_sigma': 6.314683918075765, 'noise_gpe_sigma': 84.54799544978492, 'noise_gpi_sigma': 77.93439288439464, 'g_stn_gpe_mult': 2.0503815779742838, 'g_gpe_stn_mult': 0.7515679782144741, 'g_stn_gpi_mult': 3.924480315868211, 'g_gpe_gpi_mult': 1.0313286341255654}. Best is trial 410 with value: 0.4608635463245284.
[I 2026-05-28 03:28:32,798] Trial 441 finished with value: 8.862554714806652 and parameters: {'ISTN': 64.77972964627214, 'I_gpe': 1.0527875546982146, 'I_gpi': 1.5040910600401731, 'noise_stn_sigma': 5.521790822611367, 'noise_gpe_sigma': 63.430583509711, 'noise_gpi_sigma': 85.61670443307294, 'g_stn_gpe_mult': 2.0093029029306977, 'g_gpe_stn_mult': 0.670113086484231, 'g_stn_gpi_mult': 3.7585771646990276, 'g_gpe_gpi_mult': 1.1114813496828464}. Best is trial 410 with value: 0.4608635463245284.
[I 2026-05-28 03:28:33,806] Trial 442 finished with value: 12.170841199889859 and parameters: {'ISTN': 81.34537704690837, 'I_gpe': 0.9828737263653264, 'I_gpi': 1.2596087520132733, 'noise_stn_sigma': 5.428514505697457, 'noise_gpe_sigma': 71.53013168773404, 'noise_gpi_sigma': 90.83811991786071, 'g_stn_gpe_mult': 1.9869595026180622, 'g_gpe_stn_mult': 0.6927397387471712, 'g_stn_gpi_mult': 3.6253876800420985, 'g_gpe_gpi_mult': 0.9793888109380029}. Best is trial 410 with value: 0.4608635463245284.
[I 2026-05-28 03:28:34,812] Trial 443 finished with value: 3.967178967554376 and parameters: {'ISTN': 62.99431521980103, 'I_gpe': 0.7793061517802653, 'I_gpi': 1.808081864891596, 'noise_stn_sigma': 6.0690343372962285, 'noise_gpe_sigma': 67.9364974629573, 'noise_gpi_sigma': 90.86812284049208, 'g_stn_gpe_mult': 2.5320230925804728, 'g_gpe_stn_mult': 0.5997129733465912, 'g_stn_gpi_mult': 3.6149679477080405, 'g_gpe_gpi_mult': 1.0164765288617132}. Best is trial 410 with value: 0.4608635463245284.
[I 2026-05-28 03:28:35,818] Trial 444 finished with value: 1.6970373745750968 and parameters: {'ISTN': 64.52607991615817, 'I_gpe': 0.7945619314949985, 'I_gpi': 1.4312093846158047, 'noise_stn_sigma': 5.853600810680287, 'noise_gpe_sigma': 76.36023179517696, 'noise_gpi_sigma': 117.51666112963393, 'g_stn_gpe_mult': 2.172352938813373, 'g_gpe_stn_mult': 0.6126288991043236, 'g_stn_gpi_mult': 3.746166369150245, 'g_gpe_gpi_mult': 1.037772784618014}. Best is trial 410 with value: 0.4608635463245284.
[I 2026-05-28 03:28:36,826] Trial 445 finished with value: 9.838742319000247 and parameters: {'ISTN': 68.69901858990572, 'I_gpe': 0.9634362780361708, 'I_gpi': 1.7174574539262113, 'noise_stn_sigma': 5.486669905983657, 'noise_gpe_sigma': 60.01503775949498, 'noise_gpi_sigma': 87.64590003327656, 'g_stn_gpe_mult': 2.2537528304695504, 'g_gpe_stn_mult': 0.6531132119311085, 'g_stn_gpi_mult': 3.8986857497023495, 'g_gpe_gpi_mult': 0.9680828551104095}. Best is trial 410 with value: 0.4608635463245284.
[I 2026-05-28 03:28:37,836] Trial 446 finished with value: 7.511451267178982 and parameters: {'ISTN': 76.33605759747863, 'I_gpe': 0.981779769662122, 'I_gpi': 1.5675265847976911, 'noise_stn_sigma': 5.160150718620595, 'noise_gpe_sigma': 72.13737187380657, 'noise_gpi_sigma': 98.69455899344025, 'g_stn_gpe_mult': 1.9341342939423258, 'g_gpe_stn_mult': 0.6984302171095331, 'g_stn_gpi_mult': 3.811585820978626, 'g_gpe_gpi_mult': 1.0704535021348924}. Best is trial 410 with value: 0.4608635463245284.
[I 2026-05-28 03:28:38,845] Trial 447 finished with value: 8.841977215294449 and parameters: {'ISTN': 64.73050101428088, 'I_gpe': 1.4746672647144718, 'I_gpi': 1.5014757245505292, 'noise_stn_sigma': 5.527744826892143, 'noise_gpe_sigma': 76.74488160418485, 'noise_gpi_sigma': 102.09814263661062, 'g_stn_gpe_mult': 1.926199370103112, 'g_gpe_stn_mult': 0.587990436280639, 'g_stn_gpi_mult': 3.555012672840938, 'g_gpe_gpi_mult': 1.0329313732607688}. Best is trial 410 with value: 0.4608635463245284.
[I 2026-05-28 03:28:39,854] Trial 448 finished with value: 7.380573936675145 and parameters: {'ISTN': 69.85110841302509, 'I_gpe': 1.2200031458610632, 'I_gpi': 1.6617989897804746, 'noise_stn_sigma': 6.010658514758019, 'noise_gpe_sigma': 71.21244523492055, 'noise_gpi_sigma': 79.23737431923065, 'g_stn_gpe_mult': 2.174540008584607, 'g_gpe_stn_mult': 0.561069511684335, 'g_stn_gpi_mult': 3.772135091798545, 'g_gpe_gpi_mult': 1.0633617562996434}. Best is trial 410 with value: 0.4608635463245284.
[I 2026-05-28 03:28:40,863] Trial 449 finished with value: 2.839281204773221 and parameters: {'ISTN': 69.32288593331708, 'I_gpe': 0.8345520727432264, 'I_gpi': 1.9120438754714284, 'noise_stn_sigma': 5.879074172457826, 'noise_gpe_sigma': 80.13621429659037, 'noise_gpi_sigma': 90.5498902926057, 'g_stn_gpe_mult': 2.06674578940481, 'g_gpe_stn_mult': 0.5824256441689118, 'g_stn_gpi_mult': 3.381593191653829, 'g_gpe_gpi_mult': 1.1082745837907342}. Best is trial 410 with value: 0.4608635463245284.
[I 2026-05-28 03:28:41,871] Trial 450 finished with value: 4.794173884988441 and parameters: {'ISTN': 60.45304059116876, 'I_gpe': 1.194846515413534, 'I_gpi': 1.5091562927720066, 'noise_stn_sigma': 5.948268711301201, 'noise_gpe_sigma': 71.18937297598194, 'noise_gpi_sigma': 84.28727647135955, 'g_stn_gpe_mult': 2.0201322883531274, 'g_gpe_stn_mult': 0.7084361262498732, 'g_stn_gpi_mult': 3.828255887186709, 'g_gpe_gpi_mult': 0.9777741960181106}. Best is trial 410 with value: 0.4608635463245284.
[I 2026-05-28 03:28:42,880] Trial 451 finished with value: 6.523257582759871 and parameters: {'ISTN': 66.75282273576639, 'I_gpe': 1.1383624979146538, 'I_gpi': 1.8072930313833981, 'noise_stn_sigma': 7.18880225391916, 'noise_gpe_sigma': 74.14482271520554, 'noise_gpi_sigma': 93.1086646986888, 'g_stn_gpe_mult': 2.0033313492177895, 'g_gpe_stn_mult': 0.4751401247207565, 'g_stn_gpi_mult': 3.4849831631111376, 'g_gpe_gpi_mult': 1.181395554186107}. Best is trial 410 with value: 0.4608635463245284.
[I 2026-05-28 03:28:43,888] Trial 452 finished with value: 2.7579695551365404 and parameters: {'ISTN': 68.38536607326847, 'I_gpe': 0.8269899128700318, 'I_gpi': 1.6020289729640864, 'noise_stn_sigma': 5.73372248714501, 'noise_gpe_sigma': 72.84280878708277, 'noise_gpi_sigma': 96.86022713887176, 'g_stn_gpe_mult': 2.195546609440851, 'g_gpe_stn_mult': 0.6503149255274062, 'g_stn_gpi_mult': 3.629876565165388, 'g_gpe_gpi_mult': 1.1607416243527091}. Best is trial 410 with value: 0.4608635463245284.
[I 2026-05-28 03:28:44,896] Trial 453 finished with value: 9.494252681109113 and parameters: {'ISTN': 71.07513876257646, 'I_gpe': 1.1422133982431393, 'I_gpi': 1.21329849173929, 'noise_stn_sigma': 5.797629247903324, 'noise_gpe_sigma': 70.63078273722654, 'noise_gpi_sigma': 113.62825670932727, 'g_stn_gpe_mult': 2.2740288691571138, 'g_gpe_stn_mult': 0.5780341181182977, 'g_stn_gpi_mult': 3.7965506972718925, 'g_gpe_gpi_mult': 0.9441047264287035}. Best is trial 410 with value: 0.4608635463245284.
[I 2026-05-28 03:28:45,905] Trial 454 finished with value: 9.972245451523401 and parameters: {'ISTN': 64.16000404896214, 'I_gpe': 0.5748687659144067, 'I_gpi': 1.2585833285268353, 'noise_stn_sigma': 6.068847493456529, 'noise_gpe_sigma': 61.762453546444604, 'noise_gpi_sigma': 105.97140529520178, 'g_stn_gpe_mult': 2.2234153555016443, 'g_gpe_stn_mult': 0.5138812033095889, 'g_stn_gpi_mult': 3.419725539701696, 'g_gpe_gpi_mult': 1.0364142108028565}. Best is trial 410 with value: 0.4608635463245284.
[I 2026-05-28 03:28:46,912] Trial 455 finished with value: 3.4845039998830476 and parameters: {'ISTN': 73.16322799394986, 'I_gpe': 1.1521802447518081, 'I_gpi': 1.6330686002597763, 'noise_stn_sigma': 4.628579731130123, 'noise_gpe_sigma': 68.82194567808092, 'noise_gpi_sigma': 99.00489324809641, 'g_stn_gpe_mult': 2.607414906965454, 'g_gpe_stn_mult': 0.7385595158760272, 'g_stn_gpi_mult': 3.673373716962803, 'g_gpe_gpi_mult': 1.005010634869761}. Best is trial 410 with value: 0.4608635463245284.
[I 2026-05-28 03:28:47,919] Trial 456 finished with value: 8.065596320192135 and parameters: {'ISTN': 63.73869545464287, 'I_gpe': 0.5671812749116959, 'I_gpi': 2.058298498356435, 'noise_stn_sigma': 5.99590462378829, 'noise_gpe_sigma': 75.19619440005181, 'noise_gpi_sigma': 97.21880516275043, 'g_stn_gpe_mult': 2.2068350865816884, 'g_gpe_stn_mult': 0.5227915256233132, 'g_stn_gpi_mult': 3.705896622218965, 'g_gpe_gpi_mult': 1.093335843846083}. Best is trial 410 with value: 0.4608635463245284.
[I 2026-05-28 03:28:48,927] Trial 457 finished with value: 5.919537407249751 and parameters: {'ISTN': 69.15063114955464, 'I_gpe': 0.8278775165744114, 'I_gpi': 1.5722252982054425, 'noise_stn_sigma': 4.967806711147355, 'noise_gpe_sigma': 79.88445594124566, 'noise_gpi_sigma': 88.59123106337105, 'g_stn_gpe_mult': 2.130767811750285, 'g_gpe_stn_mult': 0.5687955008650791, 'g_stn_gpi_mult': 3.7455639420437365, 'g_gpe_gpi_mult': 0.98210792324669}. Best is trial 410 with value: 0.4608635463245284.
[I 2026-05-28 03:28:49,937] Trial 458 finished with value: 1.2028388108608223 and parameters: {'ISTN': 62.66363059775351, 'I_gpe': 0.9740300447806256, 'I_gpi': 2.011596501443371, 'noise_stn_sigma': 6.908490111834847, 'noise_gpe_sigma': 75.82275850991593, 'noise_gpi_sigma': 118.63876515334678, 'g_stn_gpe_mult': 2.040751340914304, 'g_gpe_stn_mult': 0.5765549188934681, 'g_stn_gpi_mult': 3.61202138048306, 'g_gpe_gpi_mult': 1.001986568683509}. Best is trial 410 with value: 0.4608635463245284.
[I 2026-05-28 03:28:50,947] Trial 459 finished with value: 7.8392968140236015 and parameters: {'ISTN': 64.84411463882091, 'I_gpe': 0.6458575453606513, 'I_gpi': 1.298584442480053, 'noise_stn_sigma': 5.698030888095093, 'noise_gpe_sigma': 61.99518438872404, 'noise_gpi_sigma': 108.6993197145136, 'g_stn_gpe_mult': 2.466971936264275, 'g_gpe_stn_mult': 0.6500856331234668, 'g_stn_gpi_mult': 3.5620958924701105, 'g_gpe_gpi_mult': 0.9855646751508449}. Best is trial 410 with value: 0.4608635463245284.
[I 2026-05-28 03:28:51,954] Trial 460 finished with value: 6.407414116658771 and parameters: {'ISTN': 67.34857712266404, 'I_gpe': 1.0653766450307631, 'I_gpi': 1.5424787403664362, 'noise_stn_sigma': 5.048419513158721, 'noise_gpe_sigma': 77.72162446430775, 'noise_gpi_sigma': 77.46314612373172, 'g_stn_gpe_mult': 2.264523743988219, 'g_gpe_stn_mult': 0.7319374445643262, 'g_stn_gpi_mult': 3.713607529644344, 'g_gpe_gpi_mult': 1.0106069474805115}. Best is trial 410 with value: 0.4608635463245284.
[I 2026-05-28 03:28:52,964] Trial 461 finished with value: 8.889399898403424 and parameters: {'ISTN': 63.0262360353797, 'I_gpe': 1.0220574882769304, 'I_gpi': 2.4290288015445523, 'noise_stn_sigma': 6.273177349260415, 'noise_gpe_sigma': 80.2607353711619, 'noise_gpi_sigma': 115.09283331560322, 'g_stn_gpe_mult': 2.472083485094747, 'g_gpe_stn_mult': 0.6098318203029125, 'g_stn_gpi_mult': 3.5265104554989826, 'g_gpe_gpi_mult': 1.045353482514406}. Best is trial 410 with value: 0.4608635463245284.
[I 2026-05-28 03:28:53,973] Trial 462 finished with value: 5.0793865366198165 and parameters: {'ISTN': 67.1692982842598, 'I_gpe': 0.7103872176362114, 'I_gpi': 2.229285292694372, 'noise_stn_sigma': 6.445225692056762, 'noise_gpe_sigma': 77.07629263862687, 'noise_gpi_sigma': 101.51673465307326, 'g_stn_gpe_mult': 2.0210578844763094, 'g_gpe_stn_mult': 0.5378885403685256, 'g_stn_gpi_mult': 3.5662826585167693, 'g_gpe_gpi_mult': 1.0569822545457845}. Best is trial 410 with value: 0.4608635463245284.
[I 2026-05-28 03:28:54,980] Trial 463 finished with value: 6.369837829411956 and parameters: {'ISTN': 64.38402033135877, 'I_gpe': 0.7514015773550695, 'I_gpi': 2.2288231824789104, 'noise_stn_sigma': 6.020385333254342, 'noise_gpe_sigma': 68.1870670774162, 'noise_gpi_sigma': 97.7133317253805, 'g_stn_gpe_mult': 2.129778190428631, 'g_gpe_stn_mult': 0.49332344489641944, 'g_stn_gpi_mult': 3.3627884676475457, 'g_gpe_gpi_mult': 1.0982335453993464}. Best is trial 410 with value: 0.4608635463245284.
[I 2026-05-28 03:28:55,988] Trial 464 finished with value: 11.255483981430514 and parameters: {'ISTN': 61.66117289012762, 'I_gpe': 1.1756986318867293, 'I_gpi': 1.1692343013340423, 'noise_stn_sigma': 6.700914138335476, 'noise_gpe_sigma': 69.59468407705864, 'noise_gpi_sigma': 84.35449929048958, 'g_stn_gpe_mult': 2.161139147451893, 'g_gpe_stn_mult': 0.5862484264078741, 'g_stn_gpi_mult': 3.9512568105746757, 'g_gpe_gpi_mult': 1.0698785357789455}. Best is trial 410 with value: 0.4608635463245284.
[I 2026-05-28 03:28:56,994] Trial 465 finished with value: 1.5166221077409627 and parameters: {'ISTN': 61.46827803975865, 'I_gpe': 0.8040580211737791, 'I_gpi': 1.5062466833906156, 'noise_stn_sigma': 6.4831700493501705, 'noise_gpe_sigma': 83.7930073260064, 'noise_gpi_sigma': 116.17167032953377, 'g_stn_gpe_mult': 1.9391441878868525, 'g_gpe_stn_mult': 0.5934167148555847, 'g_stn_gpi_mult': 3.8553848731869835, 'g_gpe_gpi_mult': 0.9514765326196712}. Best is trial 410 with value: 0.4608635463245284.
[I 2026-05-28 03:28:58,001] Trial 466 finished with value: 13.062922420172342 and parameters: {'ISTN': 80.66200272325061, 'I_gpe': 1.0057045661319188, 'I_gpi': 1.6412382888352843, 'noise_stn_sigma': 5.559343317324701, 'noise_gpe_sigma': 86.11775331136928, 'noise_gpi_sigma': 112.09274991807116, 'g_stn_gpe_mult': 1.808614878258705, 'g_gpe_stn_mult': 0.6465994932609743, 'g_stn_gpi_mult': 3.3543103636565506, 'g_gpe_gpi_mult': 1.0569276899494862}. Best is trial 410 with value: 0.4608635463245284.
[I 2026-05-28 03:28:59,010] Trial 467 finished with value: 11.09716927677001 and parameters: {'ISTN': 73.97068457354418, 'I_gpe': 0.9099688362548293, 'I_gpi': 1.9162378708287076, 'noise_stn_sigma': 5.9516054811581816, 'noise_gpe_sigma': 77.29211252241407, 'noise_gpi_sigma': 112.76281304935385, 'g_stn_gpe_mult': 2.5129666280456564, 'g_gpe_stn_mult': 0.7221079251204876, 'g_stn_gpi_mult': 3.745808634639916, 'g_gpe_gpi_mult': 1.016225498384151}. Best is trial 410 with value: 0.4608635463245284.
[I 2026-05-28 03:29:00,019] Trial 468 finished with value: 8.945207673815373 and parameters: {'ISTN': 64.02176339743292, 'I_gpe': 1.3146143715201357, 'I_gpi': 1.4362472038156022, 'noise_stn_sigma': 4.4276216417142145, 'noise_gpe_sigma': 89.24835793945489, 'noise_gpi_sigma': 98.78533417905717, 'g_stn_gpe_mult': 1.9481726575199136, 'g_gpe_stn_mult': 0.6008572671281647, 'g_stn_gpi_mult': 3.516629714890181, 'g_gpe_gpi_mult': 0.9069450855028849}. Best is trial 410 with value: 0.4608635463245284.
[I 2026-05-28 03:29:01,029] Trial 469 finished with value: 6.586260799932563 and parameters: {'ISTN': 62.239968660435146, 'I_gpe': 1.3412169542055623, 'I_gpi': 2.087120273180682, 'noise_stn_sigma': 6.6707318542417084, 'noise_gpe_sigma': 74.39904653734757, 'noise_gpi_sigma': 93.12148144855264, 'g_stn_gpe_mult': 2.3469602515957066, 'g_gpe_stn_mult': 0.5440597921642519, 'g_stn_gpi_mult': 3.232495146728256, 'g_gpe_gpi_mult': 0.9627072230833202}. Best is trial 410 with value: 0.4608635463245284.
[I 2026-05-28 03:29:02,038] Trial 470 finished with value: 6.099839581214692 and parameters: {'ISTN': 62.12903348061637, 'I_gpe': 1.049865478890887, 'I_gpi': 1.3488814165990974, 'noise_stn_sigma': 5.595460707984514, 'noise_gpe_sigma': 71.62778971476493, 'noise_gpi_sigma': 103.62243004184818, 'g_stn_gpe_mult': 2.4814938857396287, 'g_gpe_stn_mult': 0.6068491337094886, 'g_stn_gpi_mult': 3.4950499143091265, 'g_gpe_gpi_mult': 0.9667746637470362}. Best is trial 410 with value: 0.4608635463245284.
[I 2026-05-28 03:29:03,049] Trial 471 finished with value: 8.575178274490028 and parameters: {'ISTN': 63.565763413476496, 'I_gpe': 0.6495133330057266, 'I_gpi': 1.1523579086931193, 'noise_stn_sigma': 6.270445369816549, 'noise_gpe_sigma': 72.60112346489002, 'noise_gpi_sigma': 119.43313734364666, 'g_stn_gpe_mult': 1.7022460613310404, 'g_gpe_stn_mult': 0.5514559605642247, 'g_stn_gpi_mult': 3.601246807940601, 'g_gpe_gpi_mult': 0.9624333949287591}. Best is trial 410 with value: 0.4608635463245284.
[I 2026-05-28 03:29:04,058] Trial 472 finished with value: 1.5413095962787495 and parameters: {'ISTN': 71.84794660329001, 'I_gpe': 0.9222137026442963, 'I_gpi': 1.2029852320012995, 'noise_stn_sigma': 5.181880233919914, 'noise_gpe_sigma': 73.90477880249321, 'noise_gpi_sigma': 111.09044812872547, 'g_stn_gpe_mult': 1.8094817143750064, 'g_gpe_stn_mult': 0.5944875677250726, 'g_stn_gpi_mult': 3.8250449106232662, 'g_gpe_gpi_mult': 0.8653568120229438}. Best is trial 410 with value: 0.4608635463245284.
[I 2026-05-28 03:29:05,067] Trial 473 finished with value: 8.298007816148427 and parameters: {'ISTN': 64.77151169501523, 'I_gpe': 0.9110023821753006, 'I_gpi': 1.5507220311710657, 'noise_stn_sigma': 6.243573945976329, 'noise_gpe_sigma': 79.63267512181935, 'noise_gpi_sigma': 111.84020121267028, 'g_stn_gpe_mult': 2.651465943304435, 'g_gpe_stn_mult': 0.6702988287016982, 'g_stn_gpi_mult': 3.184780888510889, 'g_gpe_gpi_mult': 0.8532096616346596}. Best is trial 410 with value: 0.4608635463245284.
[I 2026-05-28 03:29:06,074] Trial 474 finished with value: 0.5709494888973499 and parameters: {'ISTN': 62.40945186136151, 'I_gpe': 0.7601575260271713, 'I_gpi': 1.6356540067550012, 'noise_stn_sigma': 6.309481248492984, 'noise_gpe_sigma': 82.50192518570898, 'noise_gpi_sigma': 106.65463401854826, 'g_stn_gpe_mult': 2.083813618687176, 'g_gpe_stn_mult': 0.5933751464820701, 'g_stn_gpi_mult': 3.848437555896693, 'g_gpe_gpi_mult': 1.0231954251132178}. Best is trial 410 with value: 0.4608635463245284.
[I 2026-05-28 03:29:07,080] Trial 475 finished with value: 0.9377268088863299 and parameters: {'ISTN': 65.09581181467642, 'I_gpe': 0.9625221294473019, 'I_gpi': 1.8342533151492795, 'noise_stn_sigma': 6.1092936013015455, 'noise_gpe_sigma': 72.98682118384299, 'noise_gpi_sigma': 98.36355878397465, 'g_stn_gpe_mult': 2.188969209865142, 'g_gpe_stn_mult': 0.5317084512821534, 'g_stn_gpi_mult': 3.623694077544923, 'g_gpe_gpi_mult': 1.0451510790929481}. Best is trial 410 with value: 0.4608635463245284.
[I 2026-05-28 03:29:08,028] Trial 476 finished with value: 1000000.0 and parameters: {'ISTN': 61.32976136319303, 'I_gpe': 0.5815852958460518, 'I_gpi': 1.7426104646391232, 'noise_stn_sigma': 6.111740506870872, 'noise_gpe_sigma': 75.68588650722896, 'noise_gpi_sigma': 109.55085383869024, 'g_stn_gpe_mult': 2.299129653903085, 'g_gpe_stn_mult': 0.5745259437960526, 'g_stn_gpi_mult': 3.827014130014237, 'g_gpe_gpi_mult': 0.9483475014983851}. Best is trial 410 with value: 0.4608635463245284.
[I 2026-05-28 03:29:09,037] Trial 477 finished with value: 0.8851454216497864 and parameters: {'ISTN': 65.09402881937359, 'I_gpe': 0.7822405011705136, 'I_gpi': 1.9979349452899708, 'noise_stn_sigma': 7.312821935947094, 'noise_gpe_sigma': 79.74494801848374, 'noise_gpi_sigma': 115.09161116584195, 'g_stn_gpe_mult': 2.1548343404439008, 'g_gpe_stn_mult': 0.5146420978804057, 'g_stn_gpi_mult': 3.990608707365806, 'g_gpe_gpi_mult': 1.1080498466090218}. Best is trial 410 with value: 0.4608635463245284.
[I 2026-05-28 03:29:10,047] Trial 478 finished with value: 2.2605212632114915 and parameters: {'ISTN': 65.05372099302313, 'I_gpe': 0.7803481027165893, 'I_gpi': 1.715631962107218, 'noise_stn_sigma': 6.644247542068032, 'noise_gpe_sigma': 77.71432204958836, 'noise_gpi_sigma': 108.72080772031559, 'g_stn_gpe_mult': 2.2008193805372485, 'g_gpe_stn_mult': 0.5885829215538795, 'g_stn_gpi_mult': 3.90398171303763, 'g_gpe_gpi_mult': 0.8997934424983527}. Best is trial 410 with value: 0.4608635463245284.
[I 2026-05-28 03:29:11,055] Trial 479 finished with value: 6.188716627142797 and parameters: {'ISTN': 65.46984904346402, 'I_gpe': 1.0034053244399948, 'I_gpi': 2.016077749078707, 'noise_stn_sigma': 6.279432186925218, 'noise_gpe_sigma': 82.75486780573057, 'noise_gpi_sigma': 98.92532085683216, 'g_stn_gpe_mult': 2.092464304690591, 'g_gpe_stn_mult': 0.6204169218914166, 'g_stn_gpi_mult': 3.7850551710227496, 'g_gpe_gpi_mult': 1.1112087266016277}. Best is trial 410 with value: 0.4608635463245284.
[I 2026-05-28 03:29:12,065] Trial 480 finished with value: 3.7924333629467695 and parameters: {'ISTN': 62.51812120586236, 'I_gpe': 0.830242585299581, 'I_gpi': 1.9248422867958113, 'noise_stn_sigma': 6.6888100664752175, 'noise_gpe_sigma': 83.75579908938597, 'noise_gpi_sigma': 114.85921433698569, 'g_stn_gpe_mult': 2.3166411380634306, 'g_gpe_stn_mult': 0.5200766704526469, 'g_stn_gpi_mult': 3.6418858503467786, 'g_gpe_gpi_mult': 1.0582716370911778}. Best is trial 410 with value: 0.4608635463245284.
[I 2026-05-28 03:29:13,073] Trial 481 finished with value: 8.40837065690449 and parameters: {'ISTN': 70.57757086653251, 'I_gpe': 1.2916422034668205, 'I_gpi': 1.8029724580759081, 'noise_stn_sigma': 6.738818050655655, 'noise_gpe_sigma': 77.68737013109634, 'noise_gpi_sigma': 121.77678439762427, 'g_stn_gpe_mult': 2.4502702993105574, 'g_gpe_stn_mult': 0.5720497268369932, 'g_stn_gpi_mult': 3.614257877991803, 'g_gpe_gpi_mult': 1.0720770848474823}. Best is trial 410 with value: 0.4608635463245284.
[I 2026-05-28 03:29:14,082] Trial 482 finished with value: 4.971389494275234 and parameters: {'ISTN': 72.76409430300276, 'I_gpe': 0.8780416154078319, 'I_gpi': 1.807030404426739, 'noise_stn_sigma': 5.143249845217316, 'noise_gpe_sigma': 89.71258363822103, 'noise_gpi_sigma': 92.9374246088941, 'g_stn_gpe_mult': 2.2794289914878556, 'g_gpe_stn_mult': 0.5688735915003955, 'g_stn_gpi_mult': 3.6978888334379323, 'g_gpe_gpi_mult': 1.0036983531487946}. Best is trial 410 with value: 0.4608635463245284.
[I 2026-05-28 03:29:15,093] Trial 483 finished with value: 4.4387802745862075 and parameters: {'ISTN': 68.5153131621588, 'I_gpe': 0.6283674718992918, 'I_gpi': 2.068875086130293, 'noise_stn_sigma': 6.596237048957023, 'noise_gpe_sigma': 70.39880121101612, 'noise_gpi_sigma': 110.33902724136021, 'g_stn_gpe_mult': 2.1122752375916103, 'g_gpe_stn_mult': 0.4840233813041154, 'g_stn_gpi_mult': 3.4488130842457703, 'g_gpe_gpi_mult': 1.1521104171400365}. Best is trial 410 with value: 0.4608635463245284.
