[I 2026-05-28 03:42:33,453] Trial 264 finished with value: 1.7474520465187715 and parameters: {'ISTN': 69.00691179539695, 'I_gpe': 0.6428117304196567, 'I_gpi': 2.6440909831372386, 'noise_stn_sigma': 4.495011906390259, 'noise_gpe_sigma': 78.68778635936619, 'noise_gpi_sigma': 109.58749485401707, 'g_stn_gpe_mult': 2.9359226384502897, 'g_gpe_stn_mult': 0.11137904911497931, 'g_stn_gpi_mult': 1.8199757243178805, 'g_gpe_gpi_mult': 0.998040272233595}. Best is trial 193 with value: 0.15561397906118069.
[I 2026-05-28 03:42:34,463] Trial 265 finished with value: 0.23475315317055706 and parameters: {'ISTN': 63.78242271175054, 'I_gpe': 1.1326380530277336, 'I_gpi': 1.9929749148590081, 'noise_stn_sigma': 3.675988889376905, 'noise_gpe_sigma': 86.01460419956999, 'noise_gpi_sigma': 93.14962951703664, 'g_stn_gpe_mult': 3.860226763874423, 'g_gpe_stn_mult': 0.19400121857318403, 'g_stn_gpi_mult': 1.9202623355234287, 'g_gpe_gpi_mult': 1.0174856842528317}. Best is trial 193 with value: 0.15561397906118069.
[I 2026-05-28 03:42:35,471] Trial 266 finished with value: 1.7600748221988423 and parameters: {'ISTN': 66.87863147388276, 'I_gpe': 0.7557377368713856, 'I_gpi': 1.7988935512376054, 'noise_stn_sigma': 3.349474297139525, 'noise_gpe_sigma': 99.36837037333765, 'noise_gpi_sigma': 83.0605885318834, 'g_stn_gpe_mult': 4.106831447867583, 'g_gpe_stn_mult': 0.1927690052869821, 'g_stn_gpi_mult': 2.002500147798422, 'g_gpe_gpi_mult': 0.963397668328936}. Best is trial 193 with value: 0.15561397906118069.
[I 2026-05-28 03:42:36,480] Trial 267 finished with value: 0.16608925785408107 and parameters: {'ISTN': 60.1473267808664, 'I_gpe': 0.9147212388450965, 'I_gpi': 2.1517950777461303, 'noise_stn_sigma': 3.0585651895916213, 'noise_gpe_sigma': 93.69467329523599, 'noise_gpi_sigma': 83.58823076512289, 'g_stn_gpe_mult': 3.82071870401372, 'g_gpe_stn_mult': 0.1576574204943515, 'g_stn_gpi_mult': 1.8539024606603964, 'g_gpe_gpi_mult': 1.0133259134108468}. Best is trial 193 with value: 0.15561397906118069.
[I 2026-05-28 03:42:37,489] Trial 268 finished with value: 0.17219667666057747 and parameters: {'ISTN': 61.61625583604343, 'I_gpe': 0.9426432928497722, 'I_gpi': 2.1239349171459545, 'noise_stn_sigma': 3.86104593707445, 'noise_gpe_sigma': 93.87289870356045, 'noise_gpi_sigma': 85.03383753069336, 'g_stn_gpe_mult': 3.477175507009424, 'g_gpe_stn_mult': 0.1411075371166767, 'g_stn_gpi_mult': 2.033434600950554, 'g_gpe_gpi_mult': 0.9638358519508659}. Best is trial 193 with value: 0.15561397906118069.
[I 2026-05-28 03:42:38,497] Trial 269 finished with value: 4.270469513866001 and parameters: {'ISTN': 63.72461954361819, 'I_gpe': 0.9238873867384989, 'I_gpi': 2.6157795977690665, 'noise_stn_sigma': 4.388434824172762, 'noise_gpe_sigma': 83.45444982453262, 'noise_gpi_sigma': 105.83597798368972, 'g_stn_gpe_mult': 3.6279316335338354, 'g_gpe_stn_mult': 0.2044396048194047, 'g_stn_gpi_mult': 1.8673610394423155, 'g_gpe_gpi_mult': 0.7455960266939361}. Best is trial 193 with value: 0.15561397906118069.
[I 2026-05-28 03:42:39,506] Trial 270 finished with value: 0.24889572272546856 and parameters: {'ISTN': 61.02451663703773, 'I_gpe': 0.7846612187546482, 'I_gpi': 2.250820023514079, 'noise_stn_sigma': 4.659439032876972, 'noise_gpe_sigma': 88.77968436233013, 'noise_gpi_sigma': 79.26881583934602, 'g_stn_gpe_mult': 3.7764901558732222, 'g_gpe_stn_mult': 0.2029213623367928, 'g_stn_gpi_mult': 2.0281906117665294, 'g_gpe_gpi_mult': 0.9606497065087896}. Best is trial 193 with value: 0.15561397906118069.
[I 2026-05-28 03:42:40,515] Trial 271 finished with value: 0.24761658201901554 and parameters: {'ISTN': 61.35960770189872, 'I_gpe': 1.315003851122972, 'I_gpi': 2.5337879244552948, 'noise_stn_sigma': 3.791789532216434, 'noise_gpe_sigma': 88.61517883375245, 'noise_gpi_sigma': 89.48953236564577, 'g_stn_gpe_mult': 4.2303582894529494, 'g_gpe_stn_mult': 0.17044061952538136, 'g_stn_gpi_mult': 2.122112553077388, 'g_gpe_gpi_mult': 0.9351350330588084}. Best is trial 193 with value: 0.15561397906118069.
[I 2026-05-28 03:42:41,522] Trial 272 finished with value: 2.0347204232813954 and parameters: {'ISTN': 69.05077744727681, 'I_gpe': 0.8530358425274249, 'I_gpi': 2.403723839192655, 'noise_stn_sigma': 2.763118870720395, 'noise_gpe_sigma': 104.9547710397853, 'noise_gpi_sigma': 75.62863665941204, 'g_stn_gpe_mult': 3.8270996495192895, 'g_gpe_stn_mult': 0.1301034687716841, 'g_stn_gpi_mult': 2.160554609658149, 'g_gpe_gpi_mult': 1.099057893286957}. Best is trial 193 with value: 0.15561397906118069.
[I 2026-05-28 03:42:42,469] Trial 273 finished with value: 1000000.0 and parameters: {'ISTN': 60.26836052587598, 'I_gpe': 0.8448584958824519, 'I_gpi': 2.609386547308868, 'noise_stn_sigma': 4.5803479398097515, 'noise_gpe_sigma': 96.02228753668571, 'noise_gpi_sigma': 86.19035926543918, 'g_stn_gpe_mult': 3.4442689424586446, 'g_gpe_stn_mult': 0.19983708304907238, 'g_stn_gpi_mult': 2.0126662147705052, 'g_gpe_gpi_mult': 0.9742348830855561}. Best is trial 193 with value: 0.15561397906118069.
[I 2026-05-28 03:42:43,478] Trial 274 finished with value: 1.9123805076861426 and parameters: {'ISTN': 64.4746420025082, 'I_gpe': 0.7596555740158883, 'I_gpi': 1.9758150141804744, 'noise_stn_sigma': 3.3323003704141194, 'noise_gpe_sigma': 106.23724294285294, 'noise_gpi_sigma': 107.0795759178737, 'g_stn_gpe_mult': 4.0526141165735385, 'g_gpe_stn_mult': 0.21494596187474924, 'g_stn_gpi_mult': 1.5706797143956468, 'g_gpe_gpi_mult': 1.1158120573739827}. Best is trial 193 with value: 0.15561397906118069.
[I 2026-05-28 03:42:44,486] Trial 275 finished with value: 0.273134854116611 and parameters: {'ISTN': 61.95107672604719, 'I_gpe': 1.054796918285454, 'I_gpi': 1.6138527005578722, 'noise_stn_sigma': 3.865765034179991, 'noise_gpe_sigma': 92.75873236740958, 'noise_gpi_sigma': 63.77559448793276, 'g_stn_gpe_mult': 4.145319720376067, 'g_gpe_stn_mult': 0.15046445945806786, 'g_stn_gpi_mult': 1.9796400743011366, 'g_gpe_gpi_mult': 0.8779908776453909}. Best is trial 193 with value: 0.15561397906118069.
[I 2026-05-28 03:42:45,495] Trial 276 finished with value: 7.355617211761282 and parameters: {'ISTN': 69.10400789836497, 'I_gpe': 1.2003139193035537, 'I_gpi': 2.376565792864672, 'noise_stn_sigma': 3.3639923503294216, 'noise_gpe_sigma': 79.79367744481685, 'noise_gpi_sigma': 91.37986651600853, 'g_stn_gpe_mult': 4.405888252187466, 'g_gpe_stn_mult': 0.2413455672258824, 'g_stn_gpi_mult': 2.118863299870959, 'g_gpe_gpi_mult': 1.042314871563422}. Best is trial 193 with value: 0.15561397906118069.
[I 2026-05-28 03:42:46,504] Trial 277 finished with value: 0.2759383598080734 and parameters: {'ISTN': 67.79832443519074, 'I_gpe': 1.2943594526645368, 'I_gpi': 1.791128765191309, 'noise_stn_sigma': 3.1546291325983216, 'noise_gpe_sigma': 99.62590044938555, 'noise_gpi_sigma': 78.04392616476157, 'g_stn_gpe_mult': 3.6330529924708235, 'g_gpe_stn_mult': 0.11252184854230714, 'g_stn_gpi_mult': 1.6578687720169119, 'g_gpe_gpi_mult': 1.1411596936753265}. Best is trial 193 with value: 0.15561397906118069.
[I 2026-05-28 03:42:47,513] Trial 278 finished with value: 0.2197465757571839 and parameters: {'ISTN': 64.05924305413109, 'I_gpe': 0.7929494084341997, 'I_gpi': 2.154435870483767, 'noise_stn_sigma': 3.7748340212685996, 'noise_gpe_sigma': 79.23541721090626, 'noise_gpi_sigma': 82.77819042778319, 'g_stn_gpe_mult': 4.210639710880781, 'g_gpe_stn_mult': 0.15043876355825314, 'g_stn_gpi_mult': 2.1448847133910114, 'g_gpe_gpi_mult': 0.9734703464869146}. Best is trial 193 with value: 0.15561397906118069.
[I 2026-05-28 03:42:48,520] Trial 279 finished with value: 0.5065444805396461 and parameters: {'ISTN': 63.24403853020649, 'I_gpe': 1.0047266962683603, 'I_gpi': 1.6053861723927296, 'noise_stn_sigma': 4.4504481154589275, 'noise_gpe_sigma': 99.36098731024836, 'noise_gpi_sigma': 73.81533295199128, 'g_stn_gpe_mult': 4.203962325929194, 'g_gpe_stn_mult': 0.1913864468298257, 'g_stn_gpi_mult': 2.0253393286576293, 'g_gpe_gpi_mult': 0.8239158166603353}. Best is trial 193 with value: 0.15561397906118069.
[I 2026-05-28 03:42:49,528] Trial 280 finished with value: 11.314291870137483 and parameters: {'ISTN': 70.92525214243477, 'I_gpe': 0.6415018993839201, 'I_gpi': 2.0239064175966677, 'noise_stn_sigma': 4.029817714047083, 'noise_gpe_sigma': 94.4450000092862, 'noise_gpi_sigma': 85.52226208355962, 'g_stn_gpe_mult': 3.9248502634285383, 'g_gpe_stn_mult': 0.17372819060657035, 'g_stn_gpi_mult': 2.5066975285430515, 'g_gpe_gpi_mult': 0.9825050610726078}. Best is trial 193 with value: 0.15561397906118069.
[I 2026-05-28 03:42:50,536] Trial 281 finished with value: 0.2035847714310718 and parameters: {'ISTN': 63.531181053395464, 'I_gpe': 0.9433607627615151, 'I_gpi': 2.1999053764162078, 'noise_stn_sigma': 3.336086722244908, 'noise_gpe_sigma': 84.74741272075656, 'noise_gpi_sigma': 65.00972458756202, 'g_stn_gpe_mult': 4.22190037560843, 'g_gpe_stn_mult': 0.11682405949892562, 'g_stn_gpi_mult': 2.2451056800734595, 'g_gpe_gpi_mult': 0.8844442320047139}. Best is trial 193 with value: 0.15561397906118069.
[I 2026-05-28 03:42:51,545] Trial 282 finished with value: 0.21873114111510317 and parameters: {'ISTN': 60.065560567154954, 'I_gpe': 0.9948080611898852, 'I_gpi': 1.7447635548541736, 'noise_stn_sigma': 3.43730177365814, 'noise_gpe_sigma': 81.53572528612932, 'noise_gpi_sigma': 79.22719989067471, 'g_stn_gpe_mult': 4.10411580738989, 'g_gpe_stn_mult': 0.15392891306274054, 'g_stn_gpi_mult': 2.143232958885685, 'g_gpe_gpi_mult': 0.9074781172618778}. Best is trial 193 with value: 0.15561397906118069.
[I 2026-05-28 03:42:52,554] Trial 283 finished with value: 5.274095658338949 and parameters: {'ISTN': 66.7665493466433, 'I_gpe': 0.6283802347087071, 'I_gpi': 1.81609351942318, 'noise_stn_sigma': 2.881741483267564, 'noise_gpe_sigma': 97.94714584131404, 'noise_gpi_sigma': 70.24799239704345, 'g_stn_gpe_mult': 4.286323008597334, 'g_gpe_stn_mult': 0.26044285198698713, 'g_stn_gpi_mult': 1.8980296154345035, 'g_gpe_gpi_mult': 0.9613349737557064}. Best is trial 193 with value: 0.15561397906118069.
[I 2026-05-28 03:42:53,561] Trial 284 finished with value: 7.690638022006415 and parameters: {'ISTN': 69.91856943175331, 'I_gpe': 0.8637362382065867, 'I_gpi': 2.174894531757676, 'noise_stn_sigma': 4.10021190635805, 'noise_gpe_sigma': 88.21391000092407, 'noise_gpi_sigma': 60.854747569479066, 'g_stn_gpe_mult': 4.407963394709233, 'g_gpe_stn_mult': 0.19119001601306804, 'g_stn_gpi_mult': 2.095118281956622, 'g_gpe_gpi_mult': 0.9943642292682005}. Best is trial 193 with value: 0.15561397906118069.
[I 2026-05-28 03:42:54,572] Trial 285 finished with value: 0.3104884017869473 and parameters: {'ISTN': 65.1669680581869, 'I_gpe': 0.8367144866729251, 'I_gpi': 2.0926938374255144, 'noise_stn_sigma': 3.0658687196808874, 'noise_gpe_sigma': 101.07044017376255, 'noise_gpi_sigma': 84.98433428850898, 'g_stn_gpe_mult': 4.541211406108591, 'g_gpe_stn_mult': 0.20485442981426466, 'g_stn_gpi_mult': 1.7035829795397215, 'g_gpe_gpi_mult': 1.0900574166427925}. Best is trial 193 with value: 0.15561397906118069.
[I 2026-05-28 03:42:55,583] Trial 286 finished with value: 0.4994378003955056 and parameters: {'ISTN': 61.710263885259295, 'I_gpe': 0.5958175093526861, 'I_gpi': 2.206152281016365, 'noise_stn_sigma': 4.2804848497212795, 'noise_gpe_sigma': 86.35984955086057, 'noise_gpi_sigma': 91.05578541109021, 'g_stn_gpe_mult': 4.046194683114956, 'g_gpe_stn_mult': 0.10059465105735003, 'g_stn_gpi_mult': 1.9660469918585828, 'g_gpe_gpi_mult': 0.8855730674586983}. Best is trial 193 with value: 0.15561397906118069.
[I 2026-05-28 03:42:56,593] Trial 287 finished with value: 0.247640210346265 and parameters: {'ISTN': 64.94876888456514, 'I_gpe': 1.1580712273287037, 'I_gpi': 2.5229099912070265, 'noise_stn_sigma': 3.1047818605486697, 'noise_gpe_sigma': 80.2490872727248, 'noise_gpi_sigma': 95.76397523370622, 'g_stn_gpe_mult': 3.8791879311570696, 'g_gpe_stn_mult': 0.14289775132492752, 'g_stn_gpi_mult': 2.1079915126296322, 'g_gpe_gpi_mult': 0.9589418981025313}. Best is trial 193 with value: 0.15561397906118069.
[I 2026-05-28 03:42:57,603] Trial 288 finished with value: 0.26163581070095393 and parameters: {'ISTN': 60.526960058899334, 'I_gpe': 1.3900757131123591, 'I_gpi': 2.297869811364131, 'noise_stn_sigma': 2.984908630639222, 'noise_gpe_sigma': 85.50015282559235, 'noise_gpi_sigma': 110.74388578480652, 'g_stn_gpe_mult': 4.447507328709724, 'g_gpe_stn_mult': 0.15056718289596033, 'g_stn_gpi_mult': 2.055031915812472, 'g_gpe_gpi_mult': 0.9130064170912191}. Best is trial 193 with value: 0.15561397906118069.
[I 2026-05-28 03:42:58,612] Trial 289 finished with value: 8.20433759300173 and parameters: {'ISTN': 69.78016778907062, 'I_gpe': 1.4848105055629819, 'I_gpi': 2.281332677998744, 'noise_stn_sigma': 5.385524982787292, 'noise_gpe_sigma': 65.95686166205783, 'noise_gpi_sigma': 91.25315085273914, 'g_stn_gpe_mult': 4.325850221591958, 'g_gpe_stn_mult': 0.1620252564883633, 'g_stn_gpi_mult': 2.364878624243993, 'g_gpe_gpi_mult': 1.0012088904083665}. Best is trial 193 with value: 0.15561397906118069.
[I 2026-05-28 03:42:59,622] Trial 290 finished with value: 0.2873364730974845 and parameters: {'ISTN': 67.361965606262, 'I_gpe': 1.141040548268602, 'I_gpi': 2.3049595152840987, 'noise_stn_sigma': 3.576685497799625, 'noise_gpe_sigma': 83.83387401290155, 'noise_gpi_sigma': 87.45008915900664, 'g_stn_gpe_mult': 4.536424622192875, 'g_gpe_stn_mult': 0.13589215172006067, 'g_stn_gpi_mult': 2.169118614662012, 'g_gpe_gpi_mult': 0.9030021976311153}. Best is trial 193 with value: 0.15561397906118069.
[I 2026-05-28 03:43:00,630] Trial 291 finished with value: 0.17426606366221367 and parameters: {'ISTN': 60.67659069250228, 'I_gpe': 1.1771050436327735, 'I_gpi': 2.2040769521065764, 'noise_stn_sigma': 3.5546600831459116, 'noise_gpe_sigma': 68.02160042770248, 'noise_gpi_sigma': 67.70107270123532, 'g_stn_gpe_mult': 3.749129889394146, 'g_gpe_stn_mult': 0.16305418893399237, 'g_stn_gpi_mult': 2.1977345005304745, 'g_gpe_gpi_mult': 1.012835738586722}. Best is trial 193 with value: 0.15561397906118069.
[I 2026-05-28 03:43:01,637] Trial 292 finished with value: 13.534254786909523 and parameters: {'ISTN': 73.57574919276392, 'I_gpe': 0.7139215351060159, 'I_gpi': 2.150162236613039, 'noise_stn_sigma': 3.6290420101409357, 'noise_gpe_sigma': 78.58728581579442, 'noise_gpi_sigma': 60.733251369307645, 'g_stn_gpe_mult': 3.866944706656528, 'g_gpe_stn_mult': 0.18151707421486463, 'g_stn_gpi_mult': 2.6345789108728637, 'g_gpe_gpi_mult': 0.91589777494462}. Best is trial 193 with value: 0.15561397906118069.
[I 2026-05-28 03:43:02,646] Trial 293 finished with value: 0.2784718190455665 and parameters: {'ISTN': 65.46566872221248, 'I_gpe': 0.8162111891288004, 'I_gpi': 2.240325306478719, 'noise_stn_sigma': 2.505782448750809, 'noise_gpe_sigma': 79.38396983536884, 'noise_gpi_sigma': 86.34394174068328, 'g_stn_gpe_mult': 3.969103474101946, 'g_gpe_stn_mult': 0.18801297068947845, 'g_stn_gpi_mult': 1.957141283746805, 'g_gpe_gpi_mult': 0.9742633728321528}. Best is trial 193 with value: 0.15561397906118069.
[I 2026-05-28 03:43:03,654] Trial 294 finished with value: 0.21409326571161058 and parameters: {'ISTN': 62.85876328411124, 'I_gpe': 1.3479118715555614, 'I_gpi': 1.923590334991045, 'noise_stn_sigma': 3.7018080608369544, 'noise_gpe_sigma': 101.99502735586825, 'noise_gpi_sigma': 75.90634633731335, 'g_stn_gpe_mult': 4.426641444566628, 'g_gpe_stn_mult': 0.11002609306888513, 'g_stn_gpi_mult': 1.9099532617021193, 'g_gpe_gpi_mult': 0.8868084820752797}. Best is trial 193 with value: 0.15561397906118069.
[I 2026-05-28 03:43:04,662] Trial 295 finished with value: 0.21434728776748718 and parameters: {'ISTN': 62.80307744085384, 'I_gpe': 0.733349533660201, 'I_gpi': 2.021936662718847, 'noise_stn_sigma': 3.9262374454666804, 'noise_gpe_sigma': 91.69579315265905, 'noise_gpi_sigma': 74.91690019782686, 'g_stn_gpe_mult': 4.161746046746883, 'g_gpe_stn_mult': 0.18228851194030127, 'g_stn_gpi_mult': 2.6601894777795967, 'g_gpe_gpi_mult': 0.907915870710031}. Best is trial 193 with value: 0.15561397906118069.
[I 2026-05-28 03:43:05,673] Trial 296 finished with value: 0.2450363546763094 and parameters: {'ISTN': 62.80811254316997, 'I_gpe': 1.3297463153414482, 'I_gpi': 2.5934425432166677, 'noise_stn_sigma': 3.910565707672287, 'noise_gpe_sigma': 79.55368522401773, 'noise_gpi_sigma': 92.71566706057564, 'g_stn_gpe_mult': 3.935806274333014, 'g_gpe_stn_mult': 0.10688328770571388, 'g_stn_gpi_mult': 2.0394473572854963, 'g_gpe_gpi_mult': 0.8796019682342144}. Best is trial 193 with value: 0.15561397906118069.
[I 2026-05-28 03:43:06,682] Trial 297 finished with value: 0.2537851948217556 and parameters: {'ISTN': 62.70054820228582, 'I_gpe': 0.62780938983069, 'I_gpi': 2.012840826398601, 'noise_stn_sigma': 4.398043085603181, 'noise_gpe_sigma': 81.07802856087396, 'noise_gpi_sigma': 75.53297182337766, 'g_stn_gpe_mult': 4.277431644835598, 'g_gpe_stn_mult': 0.18775862383800968, 'g_stn_gpi_mult': 2.3563517692549194, 'g_gpe_gpi_mult': 0.9677023567135064}. Best is trial 193 with value: 0.15561397906118069.
[I 2026-05-28 03:43:07,690] Trial 298 finished with value: 0.20556252580312437 and parameters: {'ISTN': 65.62374101618299, 'I_gpe': 0.8759107511046285, 'I_gpi': 2.2447709706468952, 'noise_stn_sigma': 2.936141267440577, 'noise_gpe_sigma': 86.31396145634942, 'noise_gpi_sigma': 79.55947051157217, 'g_stn_gpe_mult': 4.363298525688469, 'g_gpe_stn_mult': 0.14513337697420786, 'g_stn_gpi_mult': 1.9850349587980638, 'g_gpe_gpi_mult': 0.8246082636215024}. Best is trial 193 with value: 0.15561397906118069.
[I 2026-05-28 03:43:08,698] Trial 299 finished with value: 0.3033172906088738 and parameters: {'ISTN': 62.816249138570186, 'I_gpe': 1.1437243922063043, 'I_gpi': 2.436510759155147, 'noise_stn_sigma': 2.9427492228333727, 'noise_gpe_sigma': 89.04373199983415, 'noise_gpi_sigma': 81.45873141196914, 'g_stn_gpe_mult': 3.62452202685287, 'g_gpe_stn_mult': 0.12686233460755517, 'g_stn_gpi_mult': 1.9175682140060735, 'g_gpe_gpi_mult': 0.9119450361545156}. Best is trial 193 with value: 0.15561397906118069.
[I 2026-05-28 03:43:09,707] Trial 300 finished with value: 0.1713617160597713 and parameters: {'ISTN': 61.74160509064339, 'I_gpe': 1.0024493262255352, 'I_gpi': 2.113391644265574, 'noise_stn_sigma': 2.928317708903357, 'noise_gpe_sigma': 85.51325512366057, 'noise_gpi_sigma': 72.57505891862672, 'g_stn_gpe_mult': 3.92119037003196, 'g_gpe_stn_mult': 0.16729187170335774, 'g_stn_gpi_mult': 1.9469142416673373, 'g_gpe_gpi_mult': 0.9552238342085608}. Best is trial 193 with value: 0.15561397906118069.
[I 2026-05-28 03:43:10,715] Trial 301 finished with value: 0.24173503676225103 and parameters: {'ISTN': 64.34418472122123, 'I_gpe': 0.9811591583631993, 'I_gpi': 2.3037090831355256, 'noise_stn_sigma': 3.7118973479389474, 'noise_gpe_sigma': 78.66233627753046, 'noise_gpi_sigma': 80.53719664024368, 'g_stn_gpe_mult': 3.823897512315712, 'g_gpe_stn_mult': 0.18356313389614498, 'g_stn_gpi_mult': 1.776991299159239, 'g_gpe_gpi_mult': 0.9167054466571674}. Best is trial 193 with value: 0.15561397906118069.
[I 2026-05-28 03:43:11,723] Trial 302 finished with value: 1.8644184672967787 and parameters: {'ISTN': 65.5529619513965, 'I_gpe': 1.2142146159609677, 'I_gpi': 2.2751143938275984, 'noise_stn_sigma': 3.824800968630412, 'noise_gpe_sigma': 78.26817706271235, 'noise_gpi_sigma': 80.51455403731273, 'g_stn_gpe_mult': 3.516587258785749, 'g_gpe_stn_mult': 0.16332537087223994, 'g_stn_gpi_mult': 1.8758546064344328, 'g_gpe_gpi_mult': 1.0435401552675714}. Best is trial 193 with value: 0.15561397906118069.
[I 2026-05-28 03:43:12,730] Trial 303 finished with value: 7.218266723999461 and parameters: {'ISTN': 69.2773192363799, 'I_gpe': 1.0553779386878959, 'I_gpi': 1.942761012427019, 'noise_stn_sigma': 2.329713636090319, 'noise_gpe_sigma': 102.98929895437468, 'noise_gpi_sigma': 80.85748196991118, 'g_stn_gpe_mult': 4.259437743384413, 'g_gpe_stn_mult': 0.2010401258460262, 'g_stn_gpi_mult': 2.0013094455471396, 'g_gpe_gpi_mult': 0.9974896904105239}. Best is trial 193 with value: 0.15561397906118069.
[I 2026-05-28 03:43:13,736] Trial 304 finished with value: 0.1939545714032004 and parameters: {'ISTN': 61.69928634205605, 'I_gpe': 0.934203674326054, 'I_gpi': 1.9596169484418025, 'noise_stn_sigma': 3.1251422264950253, 'noise_gpe_sigma': 86.41135185478034, 'noise_gpi_sigma': 69.3025814294734, 'g_stn_gpe_mult': 3.7716587590202466, 'g_gpe_stn_mult': 0.17140401332819083, 'g_stn_gpi_mult': 2.184872857915157, 'g_gpe_gpi_mult': 0.9721976839439519}. Best is trial 193 with value: 0.15561397906118069.
[I 2026-05-28 03:43:14,743] Trial 305 finished with value: 0.2693664878333312 and parameters: {'ISTN': 64.55434197406011, 'I_gpe': 0.6689848121604699, 'I_gpi': 2.009248159784135, 'noise_stn_sigma': 3.364049829885738, 'noise_gpe_sigma': 86.74216940275853, 'noise_gpi_sigma': 69.09112740527097, 'g_stn_gpe_mult': 3.5452588773062335, 'g_gpe_stn_mult': 0.1730068378727771, 'g_stn_gpi_mult': 1.8526311713552621, 'g_gpe_gpi_mult': 0.9267391669734433}. Best is trial 193 with value: 0.15561397906118069.
[I 2026-05-28 03:43:15,751] Trial 306 finished with value: 0.22560851794502348 and parameters: {'ISTN': 60.486530969247134, 'I_gpe': 0.9142618417053059, 'I_gpi': 2.1981931569204614, 'noise_stn_sigma': 3.018474303670681, 'noise_gpe_sigma': 74.98099498201681, 'noise_gpi_sigma': 85.01047804787352, 'g_stn_gpe_mult': 3.674339107835303, 'g_gpe_stn_mult': 0.2564163786019481, 'g_stn_gpi_mult': 1.9891614486973104, 'g_gpe_gpi_mult': 0.9887728685026176}. Best is trial 193 with value: 0.15561397906118069.
[I 2026-05-28 03:43:16,760] Trial 307 finished with value: 0.21195453332136177 and parameters: {'ISTN': 61.369404849260796, 'I_gpe': 1.1223702023742297, 'I_gpi': 2.4591388060195793, 'noise_stn_sigma': 2.687676804462299, 'noise_gpe_sigma': 96.25843936504474, 'noise_gpi_sigma': 77.57589174586653, 'g_stn_gpe_mult': 4.1811792790464875, 'g_gpe_stn_mult': 0.16722130103988325, 'g_stn_gpi_mult': 2.266413966071615, 'g_gpe_gpi_mult': 0.8746509757865129}. Best is trial 193 with value: 0.15561397906118069.
