[I 2026-05-28 03:31:29,171] Trial 616 finished with value: 4.487837437845759 and parameters: {'ISTN': 67.23349815062966, 'I_gpe': 0.9842055436485334, 'I_gpi': 1.6332671091524742, 'noise_stn_sigma': 6.457480095505353, 'noise_gpe_sigma': 74.30058574355685, 'noise_gpi_sigma': 134.53671526992503, 'g_stn_gpe_mult': 1.648064563344816, 'g_gpe_stn_mult': 0.6188816093211184, 'g_stn_gpi_mult': 3.8532473110299588, 'g_gpe_gpi_mult': 0.9216215880003329}. Best is trial 410 with value: 0.4608635463245284.
[I 2026-05-28 03:31:30,180] Trial 617 finished with value: 9.182879975045584 and parameters: {'ISTN': 71.96930833659854, 'I_gpe': 0.5744397281556408, 'I_gpi': 2.2134963780830654, 'noise_stn_sigma': 7.392484813726256, 'noise_gpe_sigma': 85.26540180884318, 'noise_gpi_sigma': 145.29801982602032, 'g_stn_gpe_mult': 1.6826844361219377, 'g_gpe_stn_mult': 0.5897738376762505, 'g_stn_gpi_mult': 3.7414230520084217, 'g_gpe_gpi_mult': 0.9451787905476552}. Best is trial 410 with value: 0.4608635463245284.
[I 2026-05-28 03:31:31,190] Trial 618 finished with value: 3.3866614911551136 and parameters: {'ISTN': 64.51858556497882, 'I_gpe': 0.7765424107401078, 'I_gpi': 2.183998470056589, 'noise_stn_sigma': 7.4013094916629445, 'noise_gpe_sigma': 76.06257409883091, 'noise_gpi_sigma': 132.04475099190273, 'g_stn_gpe_mult': 1.9091889850021888, 'g_gpe_stn_mult': 0.5652858426001532, 'g_stn_gpi_mult': 3.7721053198897256, 'g_gpe_gpi_mult': 0.9117955573826346}. Best is trial 410 with value: 0.4608635463245284.
[I 2026-05-28 03:31:32,199] Trial 619 finished with value: 4.420493575397609 and parameters: {'ISTN': 69.02554948103138, 'I_gpe': 0.7927979899806383, 'I_gpi': 2.021637736151146, 'noise_stn_sigma': 6.621782434085325, 'noise_gpe_sigma': 80.65173952257132, 'noise_gpi_sigma': 125.12688252792697, 'g_stn_gpe_mult': 1.7536587083851791, 'g_gpe_stn_mult': 0.6161527531941682, 'g_stn_gpi_mult': 3.5843146924189164, 'g_gpe_gpi_mult': 0.9985750689870039}. Best is trial 410 with value: 0.4608635463245284.
[I 2026-05-28 03:31:33,206] Trial 620 finished with value: 1.1166238258286325 and parameters: {'ISTN': 65.85500287643066, 'I_gpe': 0.9349310323661189, 'I_gpi': 2.2382268732173083, 'noise_stn_sigma': 7.743946253145389, 'noise_gpe_sigma': 73.1982696809275, 'noise_gpi_sigma': 142.9006853770468, 'g_stn_gpe_mult': 1.9585783333575078, 'g_gpe_stn_mult': 0.5801017018233597, 'g_stn_gpi_mult': 3.7454537936707517, 'g_gpe_gpi_mult': 1.0246303158953678}. Best is trial 410 with value: 0.4608635463245284.
[I 2026-05-28 03:31:34,216] Trial 621 finished with value: 7.737973910816361 and parameters: {'ISTN': 64.73956839267727, 'I_gpe': 1.0477715727352477, 'I_gpi': 2.208751024168451, 'noise_stn_sigma': 7.466336137753289, 'noise_gpe_sigma': 73.10227438682253, 'noise_gpi_sigma': 132.76901567104784, 'g_stn_gpe_mult': 2.080117384346695, 'g_gpe_stn_mult': 0.635669899339393, 'g_stn_gpi_mult': 3.8975849013439188, 'g_gpe_gpi_mult': 1.0583887205419356}. Best is trial 410 with value: 0.4608635463245284.
[I 2026-05-28 03:31:35,227] Trial 622 finished with value: 3.502380240765372 and parameters: {'ISTN': 67.82736818999867, 'I_gpe': 0.893795032862337, 'I_gpi': 2.07425914520571, 'noise_stn_sigma': 7.369108749430327, 'noise_gpe_sigma': 80.73076060193432, 'noise_gpi_sigma': 131.8816532648738, 'g_stn_gpe_mult': 1.7892594723908073, 'g_gpe_stn_mult': 0.5994157945572041, 'g_stn_gpi_mult': 3.6866454127591846, 'g_gpe_gpi_mult': 1.0009175362257852}. Best is trial 410 with value: 0.4608635463245284.
[I 2026-05-28 03:31:36,236] Trial 623 finished with value: 1.4059748859957213 and parameters: {'ISTN': 70.55646405140008, 'I_gpe': 0.8484568781362181, 'I_gpi': 2.0995310604512722, 'noise_stn_sigma': 7.294853156117445, 'noise_gpe_sigma': 76.42758961481852, 'noise_gpi_sigma': 136.88104920776217, 'g_stn_gpe_mult': 1.7945743780874939, 'g_gpe_stn_mult': 0.6228182344311635, 'g_stn_gpi_mult': 3.6957109755334274, 'g_gpe_gpi_mult': 0.9687955270214967}. Best is trial 410 with value: 0.4608635463245284.
[I 2026-05-28 03:31:37,245] Trial 624 finished with value: 2.145217514041612 and parameters: {'ISTN': 64.84466836222327, 'I_gpe': 0.9535499815421273, 'I_gpi': 2.209927487499816, 'noise_stn_sigma': 7.376184112943353, 'noise_gpe_sigma': 70.61807354144179, 'noise_gpi_sigma': 132.79023427634633, 'g_stn_gpe_mult': 2.05394417184643, 'g_gpe_stn_mult': 0.6475683895391354, 'g_stn_gpi_mult': 3.6633377862058967, 'g_gpe_gpi_mult': 1.0278520130114084}. Best is trial 410 with value: 0.4608635463245284.
[I 2026-05-28 03:31:38,256] Trial 625 finished with value: 5.620664709938421 and parameters: {'ISTN': 66.70965887162428, 'I_gpe': 0.792668387724115, 'I_gpi': 2.2537027186047647, 'noise_stn_sigma': 7.804389208470054, 'noise_gpe_sigma': 67.09770054299243, 'noise_gpi_sigma': 135.78818748858697, 'g_stn_gpe_mult': 2.1359015107054047, 'g_gpe_stn_mult': 0.5071416073613245, 'g_stn_gpi_mult': 3.718606432465386, 'g_gpe_gpi_mult': 0.9867588272139833}. Best is trial 410 with value: 0.4608635463245284.
[I 2026-05-28 03:31:39,264] Trial 626 finished with value: 6.477440598057358 and parameters: {'ISTN': 67.22340079539475, 'I_gpe': 0.7875955025590933, 'I_gpi': 2.2943256868764568, 'noise_stn_sigma': 7.384320494763102, 'noise_gpe_sigma': 74.50335926549451, 'noise_gpi_sigma': 137.8713592713255, 'g_stn_gpe_mult': 1.9788228033767274, 'g_gpe_stn_mult': 0.5875946512854232, 'g_stn_gpi_mult': 3.903523229619737, 'g_gpe_gpi_mult': 0.989735982467163}. Best is trial 410 with value: 0.4608635463245284.
[I 2026-05-28 03:31:40,272] Trial 627 finished with value: 1.4158448563580888 and parameters: {'ISTN': 69.81691501898017, 'I_gpe': 0.7891236608933578, 'I_gpi': 2.0969946824609056, 'noise_stn_sigma': 6.845283746233321, 'noise_gpe_sigma': 74.52231842849079, 'noise_gpi_sigma': 135.06528916125558, 'g_stn_gpe_mult': 2.2491189214266325, 'g_gpe_stn_mult': 0.6387357838448299, 'g_stn_gpi_mult': 3.814304547222801, 'g_gpe_gpi_mult': 0.9724509784506365}. Best is trial 410 with value: 0.4608635463245284.
[I 2026-05-28 03:31:41,280] Trial 628 finished with value: 1.7206374613572326 and parameters: {'ISTN': 63.358701411964596, 'I_gpe': 0.9763026221315203, 'I_gpi': 2.276969010866166, 'noise_stn_sigma': 7.3064634439636515, 'noise_gpe_sigma': 73.25508783626032, 'noise_gpi_sigma': 126.33813716427564, 'g_stn_gpe_mult': 2.0786370888116883, 'g_gpe_stn_mult': 0.6081611964838307, 'g_stn_gpi_mult': 3.665171919551799, 'g_gpe_gpi_mult': 1.0380091900863546}. Best is trial 410 with value: 0.4608635463245284.
[I 2026-05-28 03:31:42,290] Trial 629 finished with value: 5.13639966621945 and parameters: {'ISTN': 67.74983469584228, 'I_gpe': 0.8355079288096681, 'I_gpi': 2.035429195239924, 'noise_stn_sigma': 7.573767641118903, 'noise_gpe_sigma': 82.15964521556992, 'noise_gpi_sigma': 138.34111869249404, 'g_stn_gpe_mult': 1.7814609608317067, 'g_gpe_stn_mult': 0.5868362417150427, 'g_stn_gpi_mult': 3.776801846144043, 'g_gpe_gpi_mult': 1.0037790079390814}. Best is trial 410 with value: 0.4608635463245284.
[I 2026-05-28 03:31:43,300] Trial 630 finished with value: 1.807881404078476 and parameters: {'ISTN': 69.11564725790231, 'I_gpe': 0.8378159233697342, 'I_gpi': 2.2042477223386876, 'noise_stn_sigma': 7.349007106721189, 'noise_gpe_sigma': 73.00590837190421, 'noise_gpi_sigma': 131.46196476272905, 'g_stn_gpe_mult': 1.8934976447095364, 'g_gpe_stn_mult': 0.6119633111495977, 'g_stn_gpi_mult': 3.856957988490086, 'g_gpe_gpi_mult': 0.9851670972526168}. Best is trial 410 with value: 0.4608635463245284.
[I 2026-05-28 03:31:44,306] Trial 631 finished with value: 2.735357021845367 and parameters: {'ISTN': 71.61063027946314, 'I_gpe': 0.8557325207333293, 'I_gpi': 2.0121409914313455, 'noise_stn_sigma': 7.039889594954628, 'noise_gpe_sigma': 78.59678221313104, 'noise_gpi_sigma': 131.8451717662111, 'g_stn_gpe_mult': 2.0401164515217456, 'g_gpe_stn_mult': 0.634544524820369, 'g_stn_gpi_mult': 3.712704956835539, 'g_gpe_gpi_mult': 1.0133044671793856}. Best is trial 410 with value: 0.4608635463245284.
[I 2026-05-28 03:31:45,315] Trial 632 finished with value: 1.4509006168754661 and parameters: {'ISTN': 67.75066049117962, 'I_gpe': 0.7638245514396884, 'I_gpi': 2.2219047910918928, 'noise_stn_sigma': 7.036599858552151, 'noise_gpe_sigma': 80.81597586424505, 'noise_gpi_sigma': 133.0076071346355, 'g_stn_gpe_mult': 1.9890865585301571, 'g_gpe_stn_mult': 0.6562096942440063, 'g_stn_gpi_mult': 3.702612938387893, 'g_gpe_gpi_mult': 0.9989163133953767}. Best is trial 410 with value: 0.4608635463245284.
[I 2026-05-28 03:31:46,324] Trial 633 finished with value: 1.6227327957390336 and parameters: {'ISTN': 69.57374804193499, 'I_gpe': 0.8228374605466526, 'I_gpi': 2.10187456993724, 'noise_stn_sigma': 7.301399595245424, 'noise_gpe_sigma': 80.31961528362721, 'noise_gpi_sigma': 144.4346281005145, 'g_stn_gpe_mult': 1.8847964940197988, 'g_gpe_stn_mult': 0.6053158102728374, 'g_stn_gpi_mult': 3.681925785922835, 'g_gpe_gpi_mult': 0.9356427348453689}. Best is trial 410 with value: 0.4608635463245284.
[I 2026-05-28 03:31:47,332] Trial 634 finished with value: 2.8556438675534404 and parameters: {'ISTN': 63.27583803970744, 'I_gpe': 1.014542428078216, 'I_gpi': 1.9424134077533588, 'noise_stn_sigma': 7.737067205423161, 'noise_gpe_sigma': 66.05492547722409, 'noise_gpi_sigma': 128.6562596731109, 'g_stn_gpe_mult': 2.0690041179668412, 'g_gpe_stn_mult': 0.6284168308193566, 'g_stn_gpi_mult': 3.8802305725341295, 'g_gpe_gpi_mult': 1.049672574896509}. Best is trial 410 with value: 0.4608635463245284.
[I 2026-05-28 03:31:48,342] Trial 635 finished with value: 5.089649064167563 and parameters: {'ISTN': 61.79285249560721, 'I_gpe': 0.9810468014111572, 'I_gpi': 2.166044577002319, 'noise_stn_sigma': 7.341851455119178, 'noise_gpe_sigma': 73.73131606254543, 'noise_gpi_sigma': 127.54549990504724, 'g_stn_gpe_mult': 2.0603438556750007, 'g_gpe_stn_mult': 0.6434260451642836, 'g_stn_gpi_mult': 3.5862072717898874, 'g_gpe_gpi_mult': 0.9890284900202055}. Best is trial 410 with value: 0.4608635463245284.
[I 2026-05-28 03:31:49,347] Trial 636 finished with value: 1.9551464436058201 and parameters: {'ISTN': 72.20853811485144, 'I_gpe': 0.8686894596801376, 'I_gpi': 1.7977049506353424, 'noise_stn_sigma': 7.121275826172783, 'noise_gpe_sigma': 80.0206240270304, 'noise_gpi_sigma': 139.6467228673518, 'g_stn_gpe_mult': 1.9133104802839471, 'g_gpe_stn_mult': 0.6729059397760749, 'g_stn_gpi_mult': 3.6794524189745044, 'g_gpe_gpi_mult': 0.9218675665132969}. Best is trial 410 with value: 0.4608635463245284.
[I 2026-05-28 03:31:50,357] Trial 637 finished with value: 5.557206053443916 and parameters: {'ISTN': 66.50823444281517, 'I_gpe': 1.0026687557424432, 'I_gpi': 2.3307711086513745, 'noise_stn_sigma': 7.5096833306046635, 'noise_gpe_sigma': 73.44371034598083, 'noise_gpi_sigma': 128.10557055437476, 'g_stn_gpe_mult': 2.12514580443948, 'g_gpe_stn_mult': 0.6339989460859726, 'g_stn_gpi_mult': 3.7698672559119806, 'g_gpe_gpi_mult': 0.9958250729718072}. Best is trial 410 with value: 0.4608635463245284.
[I 2026-05-28 03:31:51,366] Trial 638 finished with value: 3.8482037483597624 and parameters: {'ISTN': 65.81624568759142, 'I_gpe': 0.7352070651319274, 'I_gpi': 2.3609405253958133, 'noise_stn_sigma': 7.758450968081411, 'noise_gpe_sigma': 77.16360583808994, 'noise_gpi_sigma': 140.35205975620744, 'g_stn_gpe_mult': 2.1318391197911537, 'g_gpe_stn_mult': 0.5842835268385358, 'g_stn_gpi_mult': 3.7336796728874244, 'g_gpe_gpi_mult': 1.0470243719862566}. Best is trial 410 with value: 0.4608635463245284.
[I 2026-05-28 03:31:52,374] Trial 639 finished with value: 1.4979468137395773 and parameters: {'ISTN': 62.86022105634139, 'I_gpe': 0.9794723760190949, 'I_gpi': 2.165548406029689, 'noise_stn_sigma': 7.7869759707310955, 'noise_gpe_sigma': 64.8413727595819, 'noise_gpi_sigma': 141.51758021225166, 'g_stn_gpe_mult': 1.9162954656162525, 'g_gpe_stn_mult': 0.6169472818140478, 'g_stn_gpi_mult': 3.6877238201665006, 'g_gpe_gpi_mult': 0.9840061862631502}. Best is trial 410 with value: 0.4608635463245284.
[I 2026-05-28 03:31:53,386] Trial 640 finished with value: 7.901600238910056 and parameters: {'ISTN': 67.16231942435033, 'I_gpe': 0.6143697437230868, 'I_gpi': 1.999984931081475, 'noise_stn_sigma': 7.061825495289659, 'noise_gpe_sigma': 83.46331598910385, 'noise_gpi_sigma': 132.63751551046505, 'g_stn_gpe_mult': 1.7971277632239282, 'g_gpe_stn_mult': 0.5763189879434625, 'g_stn_gpi_mult': 3.777002192187912, 'g_gpe_gpi_mult': 0.9920011242251325}. Best is trial 410 with value: 0.4608635463245284.
[I 2026-05-28 03:31:54,396] Trial 641 finished with value: 2.5679143161959397 and parameters: {'ISTN': 68.72045136752104, 'I_gpe': 0.682251393427497, 'I_gpi': 1.7358397765708953, 'noise_stn_sigma': 7.424670322467425, 'noise_gpe_sigma': 84.22498032501379, 'noise_gpi_sigma': 139.86661025395154, 'g_stn_gpe_mult': 2.096432881002901, 'g_gpe_stn_mult': 0.663728147573497, 'g_stn_gpi_mult': 3.629660660895098, 'g_gpe_gpi_mult': 0.9905738462629066}. Best is trial 410 with value: 0.4608635463245284.
[I 2026-05-28 03:31:55,404] Trial 642 finished with value: 2.7250356542312724 and parameters: {'ISTN': 69.31859204284838, 'I_gpe': 0.7456671985647354, 'I_gpi': 1.9952121625067423, 'noise_stn_sigma': 7.708198079975869, 'noise_gpe_sigma': 74.81650710996605, 'noise_gpi_sigma': 143.08141138830862, 'g_stn_gpe_mult': 1.8975181824182328, 'g_gpe_stn_mult': 0.6779199397062592, 'g_stn_gpi_mult': 3.679887810965825, 'g_gpe_gpi_mult': 0.9741233338681816}. Best is trial 410 with value: 0.4608635463245284.
[I 2026-05-28 03:31:56,414] Trial 643 finished with value: 1.8784767587022018 and parameters: {'ISTN': 68.05428839622436, 'I_gpe': 0.8443615963101627, 'I_gpi': 2.0953517001826087, 'noise_stn_sigma': 7.61953841796313, 'noise_gpe_sigma': 74.91924723309552, 'noise_gpi_sigma': 143.01246849339532, 'g_stn_gpe_mult': 2.0014457624529056, 'g_gpe_stn_mult': 0.6678447690872643, 'g_stn_gpi_mult': 3.68902144800487, 'g_gpe_gpi_mult': 0.9401427821745496}. Best is trial 410 with value: 0.4608635463245284.
[I 2026-05-28 03:31:57,420] Trial 644 finished with value: 0.8424633741615971 and parameters: {'ISTN': 65.29314670088057, 'I_gpe': 0.9346878634571909, 'I_gpi': 2.296127161268257, 'noise_stn_sigma': 7.49878588526829, 'noise_gpe_sigma': 67.69654194758425, 'noise_gpi_sigma': 143.35125438137547, 'g_stn_gpe_mult': 2.1104480196447835, 'g_gpe_stn_mult': 0.6216986339465231, 'g_stn_gpi_mult': 3.593751452965943, 'g_gpe_gpi_mult': 0.9799961470566889}. Best is trial 410 with value: 0.4608635463245284.
[I 2026-05-28 03:31:58,430] Trial 645 finished with value: 1.6808212736507686 and parameters: {'ISTN': 71.58078240239736, 'I_gpe': 0.8002532563003287, 'I_gpi': 2.311813604049822, 'noise_stn_sigma': 7.063901845366602, 'noise_gpe_sigma': 75.62167500974454, 'noise_gpi_sigma': 133.1937909820146, 'g_stn_gpe_mult': 1.902694934276401, 'g_gpe_stn_mult': 0.6627884141038476, 'g_stn_gpi_mult': 3.7178818574412658, 'g_gpe_gpi_mult': 1.0166042816908503}. Best is trial 410 with value: 0.4608635463245284.
[I 2026-05-28 03:31:59,439] Trial 646 finished with value: 1.3005207439039066 and parameters: {'ISTN': 69.97555749086737, 'I_gpe': 0.8648347168355879, 'I_gpi': 2.0248288062299746, 'noise_stn_sigma': 7.481849801860035, 'noise_gpe_sigma': 70.68729851650139, 'noise_gpi_sigma': 148.52388958661732, 'g_stn_gpe_mult': 1.7704212165202433, 'g_gpe_stn_mult': 0.6520345826925069, 'g_stn_gpi_mult': 3.7089749686019475, 'g_gpe_gpi_mult': 0.9750007874864561}. Best is trial 410 with value: 0.4608635463245284.
[I 2026-05-28 03:32:00,447] Trial 647 finished with value: 2.142660019014479 and parameters: {'ISTN': 64.92524004383833, 'I_gpe': 0.688272730464234, 'I_gpi': 2.4697039016669287, 'noise_stn_sigma': 7.776217540707732, 'noise_gpe_sigma': 79.25777127253315, 'noise_gpi_sigma': 141.35281558203002, 'g_stn_gpe_mult': 1.8882592737405894, 'g_gpe_stn_mult': 0.617207552416644, 'g_stn_gpi_mult': 3.5726955101736446, 'g_gpe_gpi_mult': 0.9571513854356937}. Best is trial 410 with value: 0.4608635463245284.
[I 2026-05-28 03:32:01,455] Trial 648 finished with value: 1.8682623640467004 and parameters: {'ISTN': 62.61197560708323, 'I_gpe': 0.9604391923955353, 'I_gpi': 2.3008999173019724, 'noise_stn_sigma': 7.208443783427546, 'noise_gpe_sigma': 74.80870672379936, 'noise_gpi_sigma': 129.1614938349971, 'g_stn_gpe_mult': 2.1075794261917897, 'g_gpe_stn_mult': 0.6334492037699222, 'g_stn_gpi_mult': 3.740123322788035, 'g_gpe_gpi_mult': 1.0147646735993237}. Best is trial 410 with value: 0.4608635463245284.
[I 2026-05-28 03:32:02,464] Trial 649 finished with value: 7.837546490193388 and parameters: {'ISTN': 66.74496690455214, 'I_gpe': 1.1193522848797266, 'I_gpi': 1.9266400501989343, 'noise_stn_sigma': 7.253573320040516, 'noise_gpe_sigma': 73.36853247200622, 'noise_gpi_sigma': 135.56665136729646, 'g_stn_gpe_mult': 1.941609309168471, 'g_gpe_stn_mult': 0.6566921816107459, 'g_stn_gpi_mult': 3.838201398663018, 'g_gpe_gpi_mult': 0.990275250189899}. Best is trial 410 with value: 0.4608635463245284.
[I 2026-05-28 03:32:03,470] Trial 650 finished with value: 0.9623779686241082 and parameters: {'ISTN': 63.071357651809, 'I_gpe': 0.8528276079220592, 'I_gpi': 2.2024433193286814, 'noise_stn_sigma': 7.837193720155947, 'noise_gpe_sigma': 81.3625344836517, 'noise_gpi_sigma': 142.03866373330078, 'g_stn_gpe_mult': 1.8668014361918166, 'g_gpe_stn_mult': 0.5803613729661186, 'g_stn_gpi_mult': 3.605894509662342, 'g_gpe_gpi_mult': 1.007212640605873}. Best is trial 410 with value: 0.4608635463245284.
[I 2026-05-28 03:32:04,479] Trial 651 finished with value: 7.1909212084564595 and parameters: {'ISTN': 68.88814497933946, 'I_gpe': 1.065778034609554, 'I_gpi': 2.2381237620292938, 'noise_stn_sigma': 6.951924080450348, 'noise_gpe_sigma': 68.76063270080056, 'noise_gpi_sigma': 140.60088381109279, 'g_stn_gpe_mult': 2.054990380710139, 'g_gpe_stn_mult': 0.6493138352470827, 'g_stn_gpi_mult': 3.5817060294580383, 'g_gpe_gpi_mult': 0.9803295089494246}. Best is trial 410 with value: 0.4608635463245284.
[I 2026-05-28 03:32:05,488] Trial 652 finished with value: 2.2906940632958 and parameters: {'ISTN': 66.71124669501634, 'I_gpe': 0.941921791759474, 'I_gpi': 2.238932812059082, 'noise_stn_sigma': 7.828909718477996, 'noise_gpe_sigma': 73.13617890912076, 'noise_gpi_sigma': 146.6976705283193, 'g_stn_gpe_mult': 2.031119435581602, 'g_gpe_stn_mult': 0.5899182807024724, 'g_stn_gpi_mult': 3.6717489470172078, 'g_gpe_gpi_mult': 1.011806570327585}. Best is trial 410 with value: 0.4608635463245284.
[I 2026-05-28 03:32:06,497] Trial 653 finished with value: 3.4014813848976986 and parameters: {'ISTN': 67.38935852214011, 'I_gpe': 0.8271265143147919, 'I_gpi': 2.34734573748211, 'noise_stn_sigma': 7.659077089116251, 'noise_gpe_sigma': 73.98922344344783, 'noise_gpi_sigma': 141.67976275173135, 'g_stn_gpe_mult': 1.8796654864461975, 'g_gpe_stn_mult': 0.6491088015798817, 'g_stn_gpi_mult': 3.6437867655316323, 'g_gpe_gpi_mult': 0.9774516036463592}. Best is trial 410 with value: 0.4608635463245284.
[I 2026-05-28 03:32:07,505] Trial 654 finished with value: 3.0736604260835367 and parameters: {'ISTN': 68.75892575651794, 'I_gpe': 0.9345570344019222, 'I_gpi': 1.9539066907984974, 'noise_stn_sigma': 7.810785065017351, 'noise_gpe_sigma': 78.14142183064124, 'noise_gpi_sigma': 141.69781308102492, 'g_stn_gpe_mult': 2.0313637518360688, 'g_gpe_stn_mult': 0.640401238427748, 'g_stn_gpi_mult': 3.774233485567228, 'g_gpe_gpi_mult': 1.0284083584376351}. Best is trial 410 with value: 0.4608635463245284.
[I 2026-05-28 03:32:08,513] Trial 655 finished with value: 1.2770477713826787 and parameters: {'ISTN': 67.77395462119404, 'I_gpe': 0.946783829780731, 'I_gpi': 2.245104371915408, 'noise_stn_sigma': 7.370669870877393, 'noise_gpe_sigma': 71.56514766185211, 'noise_gpi_sigma': 139.26067063319448, 'g_stn_gpe_mult': 1.8803433834688268, 'g_gpe_stn_mult': 0.6503477397457611, 'g_stn_gpi_mult': 3.612311993746893, 'g_gpe_gpi_mult': 0.9109229133315933}. Best is trial 410 with value: 0.4608635463245284.
[I 2026-05-28 03:32:09,521] Trial 656 finished with value: 4.464852676548464 and parameters: {'ISTN': 61.22766629435257, 'I_gpe': 0.9112641528265228, 'I_gpi': 2.2140621185364613, 'noise_stn_sigma': 7.881225570606639, 'noise_gpe_sigma': 76.26427550969944, 'noise_gpi_sigma': 147.78012827741105, 'g_stn_gpe_mult': 2.060019000555447, 'g_gpe_stn_mult': 0.5776331275998572, 'g_stn_gpi_mult': 3.7785942499727128, 'g_gpe_gpi_mult': 1.0125571267930715}. Best is trial 410 with value: 0.4608635463245284.
[I 2026-05-28 03:32:10,530] Trial 657 finished with value: 0.6577077386685101 and parameters: {'ISTN': 63.543123820960155, 'I_gpe': 0.8295997116402216, 'I_gpi': 2.067913361847756, 'noise_stn_sigma': 6.8949145767071816, 'noise_gpe_sigma': 74.66873606651603, 'noise_gpi_sigma': 133.31972086466197, 'g_stn_gpe_mult': 2.118215697926706, 'g_gpe_stn_mult': 0.6163812705173776, 'g_stn_gpi_mult': 3.721828591793303, 'g_gpe_gpi_mult': 0.9507241058218017}. Best is trial 410 with value: 0.4608635463245284.
[I 2026-05-28 03:32:11,536] Trial 658 finished with value: 9.432792415103142 and parameters: {'ISTN': 68.43673643286894, 'I_gpe': 0.8114416572374761, 'I_gpi': 2.2892987733338908, 'noise_stn_sigma': 7.400459057186961, 'noise_gpe_sigma': 70.62943456696588, 'noise_gpi_sigma': 145.41292770459796, 'g_stn_gpe_mult': 1.8690845808947802, 'g_gpe_stn_mult': 0.5853266280683366, 'g_stn_gpi_mult': 3.5105802993570006, 'g_gpe_gpi_mult': 0.8790971172711248}. Best is trial 410 with value: 0.4608635463245284.
[I 2026-05-28 03:32:12,542] Trial 659 finished with value: 2.624509866486558 and parameters: {'ISTN': 62.958919318045915, 'I_gpe': 0.9588254826308478, 'I_gpi': 2.250347865084073, 'noise_stn_sigma': 7.871026780760365, 'noise_gpe_sigma': 71.19400998030979, 'noise_gpi_sigma': 139.74774390497697, 'g_stn_gpe_mult': 1.9151097493188916, 'g_gpe_stn_mult': 0.5983737632361372, 'g_stn_gpi_mult': 3.5173122441226385, 'g_gpe_gpi_mult': 1.0042983014051325}. Best is trial 410 with value: 0.4608635463245284.
