[I 2026-05-28 03:56:34,537] Trial 88 finished with value: 11.47326390076322 and parameters: {'ISTN': 67.55920766029422, 'I_gpe': 0.7658184766359726, 'I_gpi': 2.3315953460266643, 'noise_stn_sigma': 2.062061823519121, 'noise_gpe_sigma': 114.76224953380098, 'noise_gpi_sigma': 67.64450004810567, 'g_stn_gpe_mult': 3.4323866433950796, 'g_gpe_stn_mult': 0.3122841931069588, 'g_stn_gpi_mult': 2.1923540050127595, 'g_gpe_gpi_mult': 0.25383308798671633}. Best is trial 79 with value: 0.30860784639305194.
[I 2026-05-28 03:56:35,540] Trial 89 finished with value: 16.80546200040234 and parameters: {'ISTN': 81.45372121406137, 'I_gpe': 0.8334729392022582, 'I_gpi': 1.6137434792179537, 'noise_stn_sigma': 1.3404720228296465, 'noise_gpe_sigma': 85.38680199442697, 'noise_gpi_sigma': 63.48264642103452, 'g_stn_gpe_mult': 4.51198820522362, 'g_gpe_stn_mult': 0.6245463453523813, 'g_stn_gpi_mult': 1.0524953693087866, 'g_gpe_gpi_mult': 0.23217629036406875}. Best is trial 79 with value: 0.30860784639305194.
[I 2026-05-28 03:56:36,545] Trial 90 finished with value: 17.832729975549544 and parameters: {'ISTN': 90.01772665136198, 'I_gpe': 1.3728033704686595, 'I_gpi': 1.0895377542962628, 'noise_stn_sigma': 3.333604968036965, 'noise_gpe_sigma': 85.01237478224954, 'noise_gpi_sigma': 79.47879443147968, 'g_stn_gpe_mult': 4.427891847631392, 'g_gpe_stn_mult': 0.3539572237171834, 'g_stn_gpi_mult': 3.0940692396243548, 'g_gpe_gpi_mult': 0.4100811506090346}. Best is trial 79 with value: 0.30860784639305194.
[I 2026-05-28 03:56:37,550] Trial 91 finished with value: 13.590812822176778 and parameters: {'ISTN': 86.28288835492398, 'I_gpe': 0.6569486663206229, 'I_gpi': 1.0936890112797126, 'noise_stn_sigma': 3.2259141868611865, 'noise_gpe_sigma': 109.11458741294882, 'noise_gpi_sigma': 60.64400997169395, 'g_stn_gpe_mult': 4.36593985079652, 'g_gpe_stn_mult': 0.2553960096858914, 'g_stn_gpi_mult': 2.777443827057109, 'g_gpe_gpi_mult': 0.37007813843146586}. Best is trial 79 with value: 0.30860784639305194.
[I 2026-05-28 03:56:38,556] Trial 92 finished with value: 7.730674470552875 and parameters: {'ISTN': 69.1289055088457, 'I_gpe': 1.2836303803765388, 'I_gpi': 2.207948363237584, 'noise_stn_sigma': 2.4873623673244096, 'noise_gpe_sigma': 105.59048635536068, 'noise_gpi_sigma': 46.55004298831302, 'g_stn_gpe_mult': 3.995401492758507, 'g_gpe_stn_mult': 0.22996730355567957, 'g_stn_gpi_mult': 2.666507672681629, 'g_gpe_gpi_mult': 0.41068731503956757}. Best is trial 79 with value: 0.30860784639305194.
[I 2026-05-28 03:56:39,560] Trial 93 finished with value: 13.987207443976732 and parameters: {'ISTN': 75.4763736881153, 'I_gpe': 1.2990958768691643, 'I_gpi': 1.4451608606608803, 'noise_stn_sigma': 2.808290389971467, 'noise_gpe_sigma': 80.61399334431019, 'noise_gpi_sigma': 75.78290375488508, 'g_stn_gpe_mult': 4.366907824598681, 'g_gpe_stn_mult': 0.2548055366372831, 'g_stn_gpi_mult': 2.681069688875961, 'g_gpe_gpi_mult': 0.43795807513272317}. Best is trial 79 with value: 0.30860784639305194.
[I 2026-05-28 03:56:40,562] Trial 94 finished with value: 14.255001798383855 and parameters: {'ISTN': 75.2632616507098, 'I_gpe': 0.7843347447649187, 'I_gpi': 1.5015074144635756, 'noise_stn_sigma': 2.0783147422430637, 'noise_gpe_sigma': 88.33601074611792, 'noise_gpi_sigma': 55.72062190449452, 'g_stn_gpe_mult': 3.8911420441642797, 'g_gpe_stn_mult': 0.34653429554486637, 'g_stn_gpi_mult': 2.0639739291097516, 'g_gpe_gpi_mult': 0.5142972087565243}. Best is trial 79 with value: 0.30860784639305194.
[I 2026-05-28 03:56:41,567] Trial 95 finished with value: 15.659484602641465 and parameters: {'ISTN': 78.1960919816498, 'I_gpe': 0.9140407814058125, 'I_gpi': 2.0580999360506924, 'noise_stn_sigma': 1.6460094180035314, 'noise_gpe_sigma': 106.6783207979323, 'noise_gpi_sigma': 70.93350703437818, 'g_stn_gpe_mult': 3.93295859074413, 'g_gpe_stn_mult': 0.3245775869932135, 'g_stn_gpi_mult': 2.7003702437497137, 'g_gpe_gpi_mult': 0.39504666105430164}. Best is trial 79 with value: 0.30860784639305194.
[I 2026-05-28 03:56:42,570] Trial 96 finished with value: 14.454843829965151 and parameters: {'ISTN': 84.52093728437272, 'I_gpe': 0.8564977218270582, 'I_gpi': 1.1483298036184062, 'noise_stn_sigma': 2.552759452477061, 'noise_gpe_sigma': 90.27191188973184, 'noise_gpi_sigma': 39.994302116861775, 'g_stn_gpe_mult': 2.997660524508127, 'g_gpe_stn_mult': 0.27583369045722056, 'g_stn_gpi_mult': 2.7245783450455465, 'g_gpe_gpi_mult': 0.2772926841931568}. Best is trial 79 with value: 0.30860784639305194.
[I 2026-05-28 03:56:43,574] Trial 97 finished with value: 11.60402590874152 and parameters: {'ISTN': 71.28245017057998, 'I_gpe': 1.2396748985670087, 'I_gpi': 1.3058159916003966, 'noise_stn_sigma': 4.078352333077287, 'noise_gpe_sigma': 80.70103482100532, 'noise_gpi_sigma': 92.69121579909687, 'g_stn_gpe_mult': 3.9006556462304243, 'g_gpe_stn_mult': 0.12876751471412146, 'g_stn_gpi_mult': 2.74941441329227, 'g_gpe_gpi_mult': 0.4869754827509298}. Best is trial 79 with value: 0.30860784639305194.
[I 2026-05-28 03:56:44,578] Trial 98 finished with value: 3.1044157572600377 and parameters: {'ISTN': 66.34748420207511, 'I_gpe': 0.8160961967209666, 'I_gpi': 1.168908858908219, 'noise_stn_sigma': 3.4081489894171266, 'noise_gpe_sigma': 103.9687100653756, 'noise_gpi_sigma': 98.3547514720877, 'g_stn_gpe_mult': 2.7426849109549463, 'g_gpe_stn_mult': 0.24806020509878338, 'g_stn_gpi_mult': 2.4397968241872654, 'g_gpe_gpi_mult': 0.29420772905727577}. Best is trial 79 with value: 0.30860784639305194.
[I 2026-05-28 03:56:45,582] Trial 99 finished with value: 12.302117745465104 and parameters: {'ISTN': 84.70207163883023, 'I_gpe': 0.5986331245606596, 'I_gpi': 2.210262953582493, 'noise_stn_sigma': 3.0916522176738375, 'noise_gpe_sigma': 70.65393176141617, 'noise_gpi_sigma': 77.15145617184541, 'g_stn_gpe_mult': 2.5960251539106687, 'g_gpe_stn_mult': 0.3767515367751404, 'g_stn_gpi_mult': 2.797936616963009, 'g_gpe_gpi_mult': 0.5619972607040875}. Best is trial 79 with value: 0.30860784639305194.
[I 2026-05-28 03:56:46,586] Trial 100 finished with value: 9.217833988630598 and parameters: {'ISTN': 67.11898210398408, 'I_gpe': 1.4342467649366228, 'I_gpi': 1.0989357791626821, 'noise_stn_sigma': 3.6401244372908668, 'noise_gpe_sigma': 77.62032069766676, 'noise_gpi_sigma': 69.23748184457298, 'g_stn_gpe_mult': 3.070391217072748, 'g_gpe_stn_mult': 0.18422540735675247, 'g_stn_gpi_mult': 2.875857721414076, 'g_gpe_gpi_mult': 0.4474242734632621}. Best is trial 79 with value: 0.30860784639305194.
[I 2026-05-28 03:56:47,589] Trial 101 finished with value: 11.752675181517962 and parameters: {'ISTN': 69.59971174102903, 'I_gpe': 0.5843134994163174, 'I_gpi': 1.407557964693129, 'noise_stn_sigma': 1.567277597965417, 'noise_gpe_sigma': 76.96310298579738, 'noise_gpi_sigma': 88.79808980053039, 'g_stn_gpe_mult': 3.4337207062539017, 'g_gpe_stn_mult': 0.23947614568626188, 'g_stn_gpi_mult': 2.467415234844757, 'g_gpe_gpi_mult': 0.3450773402539687}. Best is trial 79 with value: 0.30860784639305194.
[I 2026-05-28 03:56:48,592] Trial 102 finished with value: 13.12417505097354 and parameters: {'ISTN': 69.13630303802321, 'I_gpe': 0.8703033300768781, 'I_gpi': 1.29868579163441, 'noise_stn_sigma': 3.080231261987845, 'noise_gpe_sigma': 102.83255224884836, 'noise_gpi_sigma': 103.84231234726448, 'g_stn_gpe_mult': 3.365091862178555, 'g_gpe_stn_mult': 0.27032795373685403, 'g_stn_gpi_mult': 2.225293678885945, 'g_gpe_gpi_mult': 0.48408918346763663}. Best is trial 79 with value: 0.30860784639305194.
[I 2026-05-28 03:56:49,598] Trial 103 finished with value: 10.434526067804002 and parameters: {'ISTN': 69.5460390858362, 'I_gpe': 1.4496636140399413, 'I_gpi': 2.292197275890674, 'noise_stn_sigma': 2.7198196461886726, 'noise_gpe_sigma': 101.8939200242443, 'noise_gpi_sigma': 113.1305406511403, 'g_stn_gpe_mult': 2.48947380255478, 'g_gpe_stn_mult': 0.36076109469303963, 'g_stn_gpi_mult': 2.3143604835851885, 'g_gpe_gpi_mult': 0.41832924383125863}. Best is trial 79 with value: 0.30860784639305194.
[I 2026-05-28 03:56:50,603] Trial 104 finished with value: 3.9910450084998645 and parameters: {'ISTN': 69.50000189595121, 'I_gpe': 1.5233810225253108, 'I_gpi': 1.5081418812368368, 'noise_stn_sigma': 3.1736462640693213, 'noise_gpe_sigma': 112.0761040676797, 'noise_gpi_sigma': 66.38275203950356, 'g_stn_gpe_mult': 2.712204045252039, 'g_gpe_stn_mult': 0.15490537680320135, 'g_stn_gpi_mult': 2.589469620520454, 'g_gpe_gpi_mult': 0.42821051980271596}. Best is trial 79 with value: 0.30860784639305194.
[I 2026-05-28 03:56:51,607] Trial 105 finished with value: 0.7751338624622359 and parameters: {'ISTN': 64.13113502323257, 'I_gpe': 0.6639636027223373, 'I_gpi': 1.091812082118602, 'noise_stn_sigma': 2.694399619582542, 'noise_gpe_sigma': 98.07785853502352, 'noise_gpi_sigma': 52.421004335962145, 'g_stn_gpe_mult': 3.5082382165925403, 'g_gpe_stn_mult': 0.25710728853970855, 'g_stn_gpi_mult': 3.494361453457819, 'g_gpe_gpi_mult': 0.501004903747925}. Best is trial 79 with value: 0.30860784639305194.
[I 2026-05-28 03:56:52,609] Trial 106 finished with value: 13.825475969100477 and parameters: {'ISTN': 83.36181175402109, 'I_gpe': 1.1111614379351602, 'I_gpi': 1.0708046983014385, 'noise_stn_sigma': 3.8356635173554734, 'noise_gpe_sigma': 106.12458997106648, 'noise_gpi_sigma': 94.13194141008023, 'g_stn_gpe_mult': 2.671719846625058, 'g_gpe_stn_mult': 0.25138471674339424, 'g_stn_gpi_mult': 2.991744951284453, 'g_gpe_gpi_mult': 0.39821720293392865}. Best is trial 79 with value: 0.30860784639305194.
[I 2026-05-28 03:56:53,614] Trial 107 finished with value: 13.120086856989179 and parameters: {'ISTN': 78.8493897236089, 'I_gpe': 1.0670105534056913, 'I_gpi': 2.0726510179399797, 'noise_stn_sigma': 4.550383116250321, 'noise_gpe_sigma': 91.08633739651964, 'noise_gpi_sigma': 111.66349687159156, 'g_stn_gpe_mult': 3.9006895019052332, 'g_gpe_stn_mult': 0.2558997430186435, 'g_stn_gpi_mult': 2.4721989164650537, 'g_gpe_gpi_mult': 0.23403850278319083}. Best is trial 79 with value: 0.30860784639305194.
[I 2026-05-28 03:56:54,620] Trial 108 finished with value: 11.42373295697327 and parameters: {'ISTN': 75.64992064336813, 'I_gpe': 1.1656312036722427, 'I_gpi': 1.6280524610027602, 'noise_stn_sigma': 1.6659360308757134, 'noise_gpe_sigma': 105.30287061932324, 'noise_gpi_sigma': 100.83741955406823, 'g_stn_gpe_mult': 2.705738012926199, 'g_gpe_stn_mult': 0.25523631364101407, 'g_stn_gpi_mult': 2.7802062897334316, 'g_gpe_gpi_mult': 0.44075504893686235}. Best is trial 79 with value: 0.30860784639305194.
[I 2026-05-28 03:56:55,623] Trial 109 finished with value: 6.855441748411878 and parameters: {'ISTN': 72.1381445021267, 'I_gpe': 0.8293520493092288, 'I_gpi': 1.6512159890761777, 'noise_stn_sigma': 2.9026601678951205, 'noise_gpe_sigma': 134.58733978719687, 'noise_gpi_sigma': 65.5891086823558, 'g_stn_gpe_mult': 3.4518932218822362, 'g_gpe_stn_mult': 0.15685965737837315, 'g_stn_gpi_mult': 2.5855035926273047, 'g_gpe_gpi_mult': 0.39356795353556384}. Best is trial 79 with value: 0.30860784639305194.
[I 2026-05-28 03:56:56,628] Trial 110 finished with value: 10.093545764574454 and parameters: {'ISTN': 76.34251645805064, 'I_gpe': 0.8814666298510261, 'I_gpi': 1.9992720470244363, 'noise_stn_sigma': 4.277243689170445, 'noise_gpe_sigma': 92.49216849370328, 'noise_gpi_sigma': 60.610368195762604, 'g_stn_gpe_mult': 2.355701837413328, 'g_gpe_stn_mult': 0.13036990969581752, 'g_stn_gpi_mult': 2.517522000786557, 'g_gpe_gpi_mult': 0.544996738633837}. Best is trial 79 with value: 0.30860784639305194.
[I 2026-05-28 03:56:57,634] Trial 111 finished with value: 11.448632877262492 and parameters: {'ISTN': 80.54726331661986, 'I_gpe': 0.941840662883886, 'I_gpi': 1.3840436000089196, 'noise_stn_sigma': 3.5191726855979883, 'noise_gpe_sigma': 81.7107513407017, 'noise_gpi_sigma': 49.954548184356305, 'g_stn_gpe_mult': 2.934642670531845, 'g_gpe_stn_mult': 0.22494435399577947, 'g_stn_gpi_mult': 3.4490188967586706, 'g_gpe_gpi_mult': 0.3545993420711613}. Best is trial 79 with value: 0.30860784639305194.
[I 2026-05-28 03:56:58,640] Trial 112 finished with value: 9.677146260545586 and parameters: {'ISTN': 86.13443818731876, 'I_gpe': 1.503972326851205, 'I_gpi': 1.8735766982437252, 'noise_stn_sigma': 5.088194679945769, 'noise_gpe_sigma': 106.03067032875524, 'noise_gpi_sigma': 78.3884386570976, 'g_stn_gpe_mult': 2.8510662313353015, 'g_gpe_stn_mult': 0.1317111866013517, 'g_stn_gpi_mult': 2.7540901389959282, 'g_gpe_gpi_mult': 0.7966393069071487}. Best is trial 79 with value: 0.30860784639305194.
[I 2026-05-28 03:56:59,647] Trial 113 finished with value: 0.32262695952334286 and parameters: {'ISTN': 60.776841713852065, 'I_gpe': 0.7122259353655945, 'I_gpi': 1.4887706027022853, 'noise_stn_sigma': 3.0550598794932484, 'noise_gpe_sigma': 107.11067178869685, 'noise_gpi_sigma': 34.03858873997752, 'g_stn_gpe_mult': 3.127906613939376, 'g_gpe_stn_mult': 0.21821052017709264, 'g_stn_gpi_mult': 2.8652605958024484, 'g_gpe_gpi_mult': 0.6045290349819119}. Best is trial 79 with value: 0.30860784639305194.
[I 2026-05-28 03:57:00,652] Trial 114 finished with value: 13.1002859917043 and parameters: {'ISTN': 78.19333991740696, 'I_gpe': 1.2241728873319109, 'I_gpi': 1.4403870791117197, 'noise_stn_sigma': 5.593506718634411, 'noise_gpe_sigma': 111.48823068398522, 'noise_gpi_sigma': 31.21487207443826, 'g_stn_gpe_mult': 3.1371643963340246, 'g_gpe_stn_mult': 0.20859974744842447, 'g_stn_gpi_mult': 2.518159805318213, 'g_gpe_gpi_mult': 0.6213137895017171}. Best is trial 79 with value: 0.30860784639305194.
[I 2026-05-28 03:57:01,659] Trial 115 finished with value: 12.358249919309817 and parameters: {'ISTN': 94.60067927861836, 'I_gpe': 0.9971224403324919, 'I_gpi': 1.099507017813402, 'noise_stn_sigma': 2.679929948329389, 'noise_gpe_sigma': 128.15443589899627, 'noise_gpi_sigma': 35.771025334704575, 'g_stn_gpe_mult': 3.0425972138051494, 'g_gpe_stn_mult': 0.22541958062055892, 'g_stn_gpi_mult': 2.889177266003696, 'g_gpe_gpi_mult': 0.6014294951461956}. Best is trial 79 with value: 0.30860784639305194.
[I 2026-05-28 03:57:02,664] Trial 116 finished with value: 13.419994880212304 and parameters: {'ISTN': 85.28906361010215, 'I_gpe': 0.5902337325521374, 'I_gpi': 1.542243055713871, 'noise_stn_sigma': 2.9088639940912704, 'noise_gpe_sigma': 114.62734532064765, 'noise_gpi_sigma': 102.61919512242379, 'g_stn_gpe_mult': 3.9034175153172788, 'g_gpe_stn_mult': 0.19160188231462105, 'g_stn_gpi_mult': 3.773733718513488, 'g_gpe_gpi_mult': 0.7600565558876589}. Best is trial 79 with value: 0.30860784639305194.
[I 2026-05-28 03:57:03,670] Trial 117 finished with value: 11.764821402292 and parameters: {'ISTN': 80.09418325235262, 'I_gpe': 1.0585056056910735, 'I_gpi': 2.1180223547313775, 'noise_stn_sigma': 3.3827890882801617, 'noise_gpe_sigma': 140.44128137386625, 'noise_gpi_sigma': 84.60115730440367, 'g_stn_gpe_mult': 3.1465577552557296, 'g_gpe_stn_mult': 0.2008932149880627, 'g_stn_gpi_mult': 3.1928268711002024, 'g_gpe_gpi_mult': 0.5993355769461479}. Best is trial 79 with value: 0.30860784639305194.
[I 2026-05-28 03:57:04,672] Trial 118 finished with value: 14.619623565259456 and parameters: {'ISTN': 78.13099218880035, 'I_gpe': 1.3815083924938392, 'I_gpi': 1.9010164609081628, 'noise_stn_sigma': 3.300283954589891, 'noise_gpe_sigma': 80.32331932177757, 'noise_gpi_sigma': 64.28008433717868, 'g_stn_gpe_mult': 3.2552512846352117, 'g_gpe_stn_mult': 0.1534529590212344, 'g_stn_gpi_mult': 3.052810138024208, 'g_gpe_gpi_mult': 0.5884236984421931}. Best is trial 79 with value: 0.30860784639305194.
[I 2026-05-28 03:57:05,679] Trial 119 finished with value: 1.0510357485956976 and parameters: {'ISTN': 66.44841696468448, 'I_gpe': 0.7881373496818544, 'I_gpi': 1.6446426151422706, 'noise_stn_sigma': 2.8908118728271197, 'noise_gpe_sigma': 108.47047598264042, 'noise_gpi_sigma': 78.49976958536772, 'g_stn_gpe_mult': 3.0224504996016552, 'g_gpe_stn_mult': 0.19234061133456398, 'g_stn_gpi_mult': 3.102700206178951, 'g_gpe_gpi_mult': 0.7414442455055914}. Best is trial 79 with value: 0.30860784639305194.
[I 2026-05-28 03:57:06,685] Trial 120 finished with value: 0.41910655912342465 and parameters: {'ISTN': 66.02651941218045, 'I_gpe': 1.4568707156830052, 'I_gpi': 1.1165784160857284, 'noise_stn_sigma': 3.5474398954643633, 'noise_gpe_sigma': 103.92015798392066, 'noise_gpi_sigma': 56.81170511793222, 'g_stn_gpe_mult': 2.784170220936642, 'g_gpe_stn_mult': 0.1047805259474273, 'g_stn_gpi_mult': 3.316964009631896, 'g_gpe_gpi_mult': 0.6077233873209322}. Best is trial 79 with value: 0.30860784639305194.
[I 2026-05-28 03:57:07,691] Trial 121 finished with value: 8.601925010039954 and parameters: {'ISTN': 83.72551108390115, 'I_gpe': 1.4887728803757674, 'I_gpi': 1.5538115098739147, 'noise_stn_sigma': 5.327198017876096, 'noise_gpe_sigma': 83.32176315999638, 'noise_gpi_sigma': 37.61487977118345, 'g_stn_gpe_mult': 2.0680155490350955, 'g_gpe_stn_mult': 0.1382400583684558, 'g_stn_gpi_mult': 3.4379941489410095, 'g_gpe_gpi_mult': 0.6873664630091711}. Best is trial 79 with value: 0.30860784639305194.
[I 2026-05-28 03:57:08,697] Trial 122 finished with value: 4.626195035021749 and parameters: {'ISTN': 67.9531682549295, 'I_gpe': 0.6603558585315131, 'I_gpi': 1.4173393000062964, 'noise_stn_sigma': 4.7861993534165315, 'noise_gpe_sigma': 109.12883381686778, 'noise_gpi_sigma': 48.006593786473225, 'g_stn_gpe_mult': 3.1254629413703023, 'g_gpe_stn_mult': 0.19996797173165637, 'g_stn_gpi_mult': 2.7569612282366105, 'g_gpe_gpi_mult': 0.5210984181638281}. Best is trial 79 with value: 0.30860784639305194.
[I 2026-05-28 03:57:09,701] Trial 123 finished with value: 1.1367864961108034 and parameters: {'ISTN': 61.21361143522313, 'I_gpe': 1.1465344094671728, 'I_gpi': 1.6513774411148423, 'noise_stn_sigma': 5.144514619501184, 'noise_gpe_sigma': 113.29603028457863, 'noise_gpi_sigma': 66.1639427935757, 'g_stn_gpe_mult': 3.1674705243122974, 'g_gpe_stn_mult': 0.2573319100431682, 'g_stn_gpi_mult': 3.2158927048972186, 'g_gpe_gpi_mult': 0.9486535522528039}. Best is trial 79 with value: 0.30860784639305194.
[I 2026-05-28 03:57:10,704] Trial 124 finished with value: 13.723909924828508 and parameters: {'ISTN': 82.27273494763844, 'I_gpe': 1.1986088316753567, 'I_gpi': 1.5768678210607319, 'noise_stn_sigma': 2.887386693776506, 'noise_gpe_sigma': 90.45834817402941, 'noise_gpi_sigma': 37.98058817154182, 'g_stn_gpe_mult': 2.536449339248853, 'g_gpe_stn_mult': 0.29687765902518426, 'g_stn_gpi_mult': 3.191054641107192, 'g_gpe_gpi_mult': 0.4938827884552183}. Best is trial 79 with value: 0.30860784639305194.
[I 2026-05-28 03:57:11,708] Trial 125 finished with value: 4.94181762228734 and parameters: {'ISTN': 63.174839380016046, 'I_gpe': 1.5572699382003325, 'I_gpi': 1.2083779029227695, 'noise_stn_sigma': 3.661475786401552, 'noise_gpe_sigma': 113.13439571718898, 'noise_gpi_sigma': 41.42080659204844, 'g_stn_gpe_mult': 2.3773245129096834, 'g_gpe_stn_mult': 0.16534308107144707, 'g_stn_gpi_mult': 3.530348821692516, 'g_gpe_gpi_mult': 0.7261910709050305}. Best is trial 79 with value: 0.30860784639305194.
[I 2026-05-28 03:57:12,714] Trial 126 finished with value: 2.464934607572511 and parameters: {'ISTN': 60.30007734863251, 'I_gpe': 1.0857932124680616, 'I_gpi': 1.715565198407079, 'noise_stn_sigma': 2.175243185398509, 'noise_gpe_sigma': 124.85090263930294, 'noise_gpi_sigma': 43.58986272548181, 'g_stn_gpe_mult': 2.461235647535223, 'g_gpe_stn_mult': 0.3139216998961126, 'g_stn_gpi_mult': 2.4890981497444815, 'g_gpe_gpi_mult': 0.6293086648678494}. Best is trial 79 with value: 0.30860784639305194.
[I 2026-05-28 03:57:13,716] Trial 127 finished with value: 9.33102679617472 and parameters: {'ISTN': 76.87132866257409, 'I_gpe': 1.1857302235838838, 'I_gpi': 1.4641775096421732, 'noise_stn_sigma': 2.199357439299387, 'noise_gpe_sigma': 103.560634237664, 'noise_gpi_sigma': 55.519296934043304, 'g_stn_gpe_mult': 2.5453828796567537, 'g_gpe_stn_mult': 0.2279572215233629, 'g_stn_gpi_mult': 3.0419372182066575, 'g_gpe_gpi_mult': 0.6973498450559404}. Best is trial 79 with value: 0.30860784639305194.
[I 2026-05-28 03:57:14,721] Trial 128 finished with value: 12.599952628314522 and parameters: {'ISTN': 79.96863144674043, 'I_gpe': 0.9971971680812945, 'I_gpi': 1.2003487199257563, 'noise_stn_sigma': 3.146727699836621, 'noise_gpe_sigma': 90.3737811452685, 'noise_gpi_sigma': 49.11711495493727, 'g_stn_gpe_mult': 2.774310541580087, 'g_gpe_stn_mult': 0.13578994919696977, 'g_stn_gpi_mult': 2.3281490565775815, 'g_gpe_gpi_mult': 0.44171269565789073}. Best is trial 79 with value: 0.30860784639305194.
[I 2026-05-28 03:57:15,726] Trial 129 finished with value: 10.063957007831974 and parameters: {'ISTN': 65.60330082176635, 'I_gpe': 0.9998398366457917, 'I_gpi': 1.6898580785088857, 'noise_stn_sigma': 3.4394816344604275, 'noise_gpe_sigma': 122.0676429157079, 'noise_gpi_sigma': 85.51884954065966, 'g_stn_gpe_mult': 3.5068165314772615, 'g_gpe_stn_mult': 0.3844842270926325, 'g_stn_gpi_mult': 3.251182811119457, 'g_gpe_gpi_mult': 0.800262657532977}. Best is trial 79 with value: 0.30860784639305194.
[I 2026-05-28 03:57:16,731] Trial 130 finished with value: 0.5628282642455086 and parameters: {'ISTN': 66.90995924959319, 'I_gpe': 0.8730682231769242, 'I_gpi': 1.53164804560635, 'noise_stn_sigma': 4.175817180081113, 'noise_gpe_sigma': 85.48001324977253, 'noise_gpi_sigma': 70.33212716541888, 'g_stn_gpe_mult': 1.842688461399886, 'g_gpe_stn_mult': 0.2227693673408407, 'g_stn_gpi_mult': 2.327470233743155, 'g_gpe_gpi_mult': 0.45775698268324366}. Best is trial 79 with value: 0.30860784639305194.
[I 2026-05-28 03:57:17,738] Trial 131 finished with value: 3.996778574797087 and parameters: {'ISTN': 62.41938958027942, 'I_gpe': 0.8864678260794692, 'I_gpi': 2.3139833836893042, 'noise_stn_sigma': 4.4137081308553, 'noise_gpe_sigma': 90.28492215115112, 'noise_gpi_sigma': 81.83497037896295, 'g_stn_gpe_mult': 2.393015435490484, 'g_gpe_stn_mult': 0.307938240608585, 'g_stn_gpi_mult': 2.8456362185294504, 'g_gpe_gpi_mult': 0.5154398245099121}. Best is trial 79 with value: 0.30860784639305194.
