[I 2026-05-28 03:02:38,124] Trial 924 finished with value: 0.15726650329390024 and parameters: {'ISTN': 60.8445334390173, 'I_gpe': 1.0857999683122408, 'I_gpi': 2.158403404497599, 'noise_stn_sigma': 3.7140634496559017, 'noise_gpe_sigma': 100.54062343015025, 'noise_gpi_sigma': 108.47645311584259, 'g_stn_gpe_mult': 4.445108261038641, 'g_gpe_stn_mult': 0.16591877920205544, 'g_stn_gpi_mult': 2.247960018806574, 'g_gpe_gpi_mult': 1.0035036111188016}. Best is trial 921 with value: 0.13695978285194785.
[I 2026-05-28 03:02:39,136] Trial 925 finished with value: 0.14944227528353557 and parameters: {'ISTN': 61.29170650624916, 'I_gpe': 1.089558370997667, 'I_gpi': 2.144180808425757, 'noise_stn_sigma': 3.834721468429855, 'noise_gpe_sigma': 100.72778229771882, 'noise_gpi_sigma': 104.924861183864, 'g_stn_gpe_mult': 4.448070278075977, 'g_gpe_stn_mult': 0.15423192205540642, 'g_stn_gpi_mult': 2.2636987947902973, 'g_gpe_gpi_mult': 1.0353581409731152}. Best is trial 921 with value: 0.13695978285194785.
[I 2026-05-28 03:02:40,148] Trial 926 finished with value: 0.14366492438499961 and parameters: {'ISTN': 60.13040215520242, 'I_gpe': 1.0442339271174177, 'I_gpi': 2.0737229390264638, 'noise_stn_sigma': 3.952890888087459, 'noise_gpe_sigma': 102.79558036472253, 'noise_gpi_sigma': 107.88038653997471, 'g_stn_gpe_mult': 4.445962895079219, 'g_gpe_stn_mult': 0.16584135992209054, 'g_stn_gpi_mult': 2.2416524966834217, 'g_gpe_gpi_mult': 1.0116593628323265}. Best is trial 921 with value: 0.13695978285194785.
[I 2026-05-28 03:02:41,158] Trial 927 finished with value: 0.14545327560132218 and parameters: {'ISTN': 60.996306846502804, 'I_gpe': 1.074470900119831, 'I_gpi': 2.11241285852649, 'noise_stn_sigma': 3.9081273678220527, 'noise_gpe_sigma': 101.03037087697003, 'noise_gpi_sigma': 108.02112637185212, 'g_stn_gpe_mult': 4.539637548993541, 'g_gpe_stn_mult': 0.15246262326116616, 'g_stn_gpi_mult': 2.2438418240850484, 'g_gpe_gpi_mult': 1.0540667883574482}. Best is trial 921 with value: 0.13695978285194785.
[I 2026-05-28 03:02:42,168] Trial 928 finished with value: 0.14796639125699737 and parameters: {'ISTN': 60.970181137536194, 'I_gpe': 1.0633929893659353, 'I_gpi': 2.059226342407533, 'noise_stn_sigma': 3.8467445743657525, 'noise_gpe_sigma': 98.43967133328054, 'noise_gpi_sigma': 105.52106985906234, 'g_stn_gpe_mult': 4.50624293176396, 'g_gpe_stn_mult': 0.15862351107272138, 'g_stn_gpi_mult': 2.32355261774672, 'g_gpe_gpi_mult': 1.0518020211533394}. Best is trial 921 with value: 0.13695978285194785.
[I 2026-05-28 03:02:43,180] Trial 929 finished with value: 0.14700882428620476 and parameters: {'ISTN': 60.259408082200245, 'I_gpe': 1.0801113339907977, 'I_gpi': 2.046224846805683, 'noise_stn_sigma': 3.944081748022259, 'noise_gpe_sigma': 107.18891296511175, 'noise_gpi_sigma': 109.55666330112389, 'g_stn_gpe_mult': 4.593701887368564, 'g_gpe_stn_mult': 0.17071754272148448, 'g_stn_gpi_mult': 2.161093997548086, 'g_gpe_gpi_mult': 1.0069295270856191}. Best is trial 921 with value: 0.13695978285194785.
[I 2026-05-28 03:02:44,188] Trial 930 finished with value: 0.15401257189017145 and parameters: {'ISTN': 61.34998574271313, 'I_gpe': 1.1175566795577625, 'I_gpi': 2.077215763375447, 'noise_stn_sigma': 4.102279869536554, 'noise_gpe_sigma': 99.70332335918789, 'noise_gpi_sigma': 103.21236156785592, 'g_stn_gpe_mult': 4.443606350427452, 'g_gpe_stn_mult': 0.14358813650635555, 'g_stn_gpi_mult': 2.238312084787663, 'g_gpe_gpi_mult': 1.0410162285659719}. Best is trial 921 with value: 0.13695978285194785.
[I 2026-05-28 03:02:45,199] Trial 931 finished with value: 0.14658496774752758 and parameters: {'ISTN': 60.73503628282296, 'I_gpe': 1.0142103434855536, 'I_gpi': 2.0716972191830414, 'noise_stn_sigma': 3.888296416247513, 'noise_gpe_sigma': 104.84414822552542, 'noise_gpi_sigma': 108.16289517491926, 'g_stn_gpe_mult': 4.644759299546601, 'g_gpe_stn_mult': 0.15703298218609188, 'g_stn_gpi_mult': 2.240134669702952, 'g_gpe_gpi_mult': 1.0060294850482439}. Best is trial 921 with value: 0.13695978285194785.
[I 2026-05-28 03:02:46,210] Trial 932 finished with value: 0.2324843842929168 and parameters: {'ISTN': 60.61108379880002, 'I_gpe': 1.0901206288261984, 'I_gpi': 2.0455776540945694, 'noise_stn_sigma': 4.057396071046561, 'noise_gpe_sigma': 103.12320849898255, 'noise_gpi_sigma': 106.35868804823032, 'g_stn_gpe_mult': 4.61436708952848, 'g_gpe_stn_mult': 0.1472922846865603, 'g_stn_gpi_mult': 2.191415970840155, 'g_gpe_gpi_mult': 1.0395665804007788}. Best is trial 921 with value: 0.13695978285194785.
[I 2026-05-28 03:02:47,221] Trial 933 finished with value: 0.14221573930004497 and parameters: {'ISTN': 60.368590842549324, 'I_gpe': 1.0944785031704298, 'I_gpi': 2.0608248650211554, 'noise_stn_sigma': 3.867238982691797, 'noise_gpe_sigma': 99.83940463361223, 'noise_gpi_sigma': 106.66123634432817, 'g_stn_gpe_mult': 4.51498529874943, 'g_gpe_stn_mult': 0.15594789776421153, 'g_stn_gpi_mult': 2.288558664759017, 'g_gpe_gpi_mult': 1.032817554161639}. Best is trial 921 with value: 0.13695978285194785.
[I 2026-05-28 03:02:48,230] Trial 934 finished with value: 0.14616506622561576 and parameters: {'ISTN': 60.20108278735566, 'I_gpe': 1.0332590954484004, 'I_gpi': 2.0942993223417865, 'noise_stn_sigma': 3.8853072637099295, 'noise_gpe_sigma': 101.30725519438478, 'noise_gpi_sigma': 109.24068724630055, 'g_stn_gpe_mult': 4.6387628983397455, 'g_gpe_stn_mult': 0.15982602388172185, 'g_stn_gpi_mult': 2.209423679157225, 'g_gpe_gpi_mult': 1.0196730874074105}. Best is trial 921 with value: 0.13695978285194785.
[I 2026-05-28 03:02:49,239] Trial 935 finished with value: 0.25594813882880524 and parameters: {'ISTN': 60.02121459198197, 'I_gpe': 1.102431469471116, 'I_gpi': 2.0940393403866566, 'noise_stn_sigma': 4.073244468613851, 'noise_gpe_sigma': 103.46074265496203, 'noise_gpi_sigma': 107.8566578633552, 'g_stn_gpe_mult': 4.603254554316276, 'g_gpe_stn_mult': 0.15235481733841272, 'g_stn_gpi_mult': 2.2068864467813905, 'g_gpe_gpi_mult': 1.0333618337677413}. Best is trial 921 with value: 0.13695978285194785.
[I 2026-05-28 03:02:50,249] Trial 936 finished with value: 0.1524569113809766 and parameters: {'ISTN': 60.222047435125496, 'I_gpe': 1.0430066390896247, 'I_gpi': 2.043421932438442, 'noise_stn_sigma': 4.06115182428217, 'noise_gpe_sigma': 103.49958957418112, 'noise_gpi_sigma': 107.319711259489, 'g_stn_gpe_mult': 4.52046150890437, 'g_gpe_stn_mult': 0.15823097905077102, 'g_stn_gpi_mult': 2.2203645619274126, 'g_gpe_gpi_mult': 1.0516312077738539}. Best is trial 921 with value: 0.13695978285194785.
[I 2026-05-28 03:02:51,258] Trial 937 finished with value: 0.18968477716264553 and parameters: {'ISTN': 60.6257907605952, 'I_gpe': 1.048292583888284, 'I_gpi': 2.058864686913785, 'noise_stn_sigma': 3.9379074175086175, 'noise_gpe_sigma': 99.42672255786042, 'noise_gpi_sigma': 106.27241228878565, 'g_stn_gpe_mult': 4.5154839455135125, 'g_gpe_stn_mult': 0.15364848170230272, 'g_stn_gpi_mult': 2.352294372951425, 'g_gpe_gpi_mult': 1.0435449001405148}. Best is trial 921 with value: 0.13695978285194785.
[I 2026-05-28 03:02:52,267] Trial 938 finished with value: 0.14458256982677714 and parameters: {'ISTN': 60.31645499501461, 'I_gpe': 1.0619835141771854, 'I_gpi': 2.003255338435819, 'noise_stn_sigma': 3.969183165551097, 'noise_gpe_sigma': 103.63172432605626, 'noise_gpi_sigma': 105.17586950387198, 'g_stn_gpe_mult': 4.489393592022824, 'g_gpe_stn_mult': 0.16419575590761154, 'g_stn_gpi_mult': 2.2461830761032204, 'g_gpe_gpi_mult': 1.0319675763214415}. Best is trial 921 with value: 0.13695978285194785.
[I 2026-05-28 03:02:53,279] Trial 939 finished with value: 0.14313123248372323 and parameters: {'ISTN': 60.53220751781264, 'I_gpe': 1.0403361739324475, 'I_gpi': 2.0635335032058357, 'noise_stn_sigma': 3.9699844345929947, 'noise_gpe_sigma': 103.72976077360322, 'noise_gpi_sigma': 106.43459686386134, 'g_stn_gpe_mult': 4.582488922727663, 'g_gpe_stn_mult': 0.1569172719124312, 'g_stn_gpi_mult': 2.278282725287713, 'g_gpe_gpi_mult': 1.0216205234088593}. Best is trial 921 with value: 0.13695978285194785.
[I 2026-05-28 03:02:54,288] Trial 940 finished with value: 0.1526021625772482 and parameters: {'ISTN': 60.07000403051851, 'I_gpe': 1.067849689553395, 'I_gpi': 2.014412302527211, 'noise_stn_sigma': 4.042944899000952, 'noise_gpe_sigma': 104.97264127856118, 'noise_gpi_sigma': 108.08236878223909, 'g_stn_gpe_mult': 4.512618461992581, 'g_gpe_stn_mult': 0.16145369847638552, 'g_stn_gpi_mult': 2.1777036992627146, 'g_gpe_gpi_mult': 1.044302590014714}. Best is trial 921 with value: 0.13695978285194785.
[I 2026-05-28 03:02:55,297] Trial 941 finished with value: 0.14164196323837594 and parameters: {'ISTN': 60.69719620202108, 'I_gpe': 1.0688256742119941, 'I_gpi': 2.1270654448282507, 'noise_stn_sigma': 3.8851802814959857, 'noise_gpe_sigma': 100.4409592047345, 'noise_gpi_sigma': 107.6908555158871, 'g_stn_gpe_mult': 4.6054734252548695, 'g_gpe_stn_mult': 0.15486800056764188, 'g_stn_gpi_mult': 2.243405083494755, 'g_gpe_gpi_mult': 1.0246596755286121}. Best is trial 921 with value: 0.13695978285194785.
[I 2026-05-28 03:02:56,306] Trial 942 finished with value: 0.30514505316931273 and parameters: {'ISTN': 60.154441690218334, 'I_gpe': 1.0694726185873824, 'I_gpi': 2.0315673085510557, 'noise_stn_sigma': 3.954532274898109, 'noise_gpe_sigma': 100.34282690406795, 'noise_gpi_sigma': 106.22470940992419, 'g_stn_gpe_mult': 4.5510302252955475, 'g_gpe_stn_mult': 0.1588465540784966, 'g_stn_gpi_mult': 2.2147246250314985, 'g_gpe_gpi_mult': 1.030830541923543}. Best is trial 921 with value: 0.13695978285194785.
[I 2026-05-28 03:02:57,317] Trial 943 finished with value: 0.14579882365245683 and parameters: {'ISTN': 60.604622546866366, 'I_gpe': 1.0534550119070438, 'I_gpi': 2.070235352887453, 'noise_stn_sigma': 3.952053988878023, 'noise_gpe_sigma': 103.05579906094091, 'noise_gpi_sigma': 106.13220174501522, 'g_stn_gpe_mult': 4.502436058769014, 'g_gpe_stn_mult': 0.15894343354429488, 'g_stn_gpi_mult': 2.257360153733179, 'g_gpe_gpi_mult': 1.020171392836972}. Best is trial 921 with value: 0.13695978285194785.
[I 2026-05-28 03:02:58,328] Trial 944 finished with value: 0.14303606951217052 and parameters: {'ISTN': 60.399979321593825, 'I_gpe': 1.0705248601582762, 'I_gpi': 2.112105404267939, 'noise_stn_sigma': 3.8509079219262787, 'noise_gpe_sigma': 100.82798242515659, 'noise_gpi_sigma': 109.30511389452893, 'g_stn_gpe_mult': 4.516483979557038, 'g_gpe_stn_mult': 0.1634255474636147, 'g_stn_gpi_mult': 2.219823091390195, 'g_gpe_gpi_mult': 1.0023283377062007}. Best is trial 921 with value: 0.13695978285194785.
[I 2026-05-28 03:02:59,277] Trial 945 finished with value: 1000000.0 and parameters: {'ISTN': 60.08713597498597, 'I_gpe': 1.043176647422324, 'I_gpi': 2.1513107378252556, 'noise_stn_sigma': 3.7803113454808788, 'noise_gpe_sigma': 98.331690740957, 'noise_gpi_sigma': 109.78247742430388, 'g_stn_gpe_mult': 4.544220249632772, 'g_gpe_stn_mult': 0.16012705200905644, 'g_stn_gpi_mult': 2.284819607221287, 'g_gpe_gpi_mult': 1.0169194285300633}. Best is trial 921 with value: 0.13695978285194785.
[I 2026-05-28 03:03:00,289] Trial 946 finished with value: 0.14485380236929948 and parameters: {'ISTN': 60.437692087918876, 'I_gpe': 1.1194061769902097, 'I_gpi': 2.053502398543869, 'noise_stn_sigma': 3.889320919834237, 'noise_gpe_sigma': 97.72039322963242, 'noise_gpi_sigma': 108.6003276732262, 'g_stn_gpe_mult': 4.5472104920387935, 'g_gpe_stn_mult': 0.15655667191043313, 'g_stn_gpi_mult': 2.3026327892605956, 'g_gpe_gpi_mult': 1.0304147819126244}. Best is trial 921 with value: 0.13695978285194785.
[I 2026-05-28 03:03:01,300] Trial 947 finished with value: 0.14744925176938617 and parameters: {'ISTN': 60.212498388769376, 'I_gpe': 0.9800232038356748, 'I_gpi': 2.053339959746971, 'noise_stn_sigma': 3.860336291386444, 'noise_gpe_sigma': 103.72153014414911, 'noise_gpi_sigma': 107.83668397892204, 'g_stn_gpe_mult': 4.535411481245411, 'g_gpe_stn_mult': 0.16173490995055223, 'g_stn_gpi_mult': 2.234955094615735, 'g_gpe_gpi_mult': 1.010033940549067}. Best is trial 921 with value: 0.13695978285194785.
[I 2026-05-28 03:03:02,311] Trial 948 finished with value: 0.14497443595665016 and parameters: {'ISTN': 60.16754001937595, 'I_gpe': 1.106255279916835, 'I_gpi': 1.997563767954381, 'noise_stn_sigma': 4.037812045917661, 'noise_gpe_sigma': 102.25875221052807, 'noise_gpi_sigma': 105.34157129292534, 'g_stn_gpe_mult': 4.5309120000638305, 'g_gpe_stn_mult': 0.16013593217999733, 'g_stn_gpi_mult': 2.313722212666786, 'g_gpe_gpi_mult': 1.0340009619362007}. Best is trial 921 with value: 0.13695978285194785.
[I 2026-05-28 03:03:03,321] Trial 949 finished with value: 0.15117482807501506 and parameters: {'ISTN': 60.766710596366515, 'I_gpe': 1.1296048940619028, 'I_gpi': 2.098652025173127, 'noise_stn_sigma': 3.8745077615395522, 'noise_gpe_sigma': 100.88382213224143, 'noise_gpi_sigma': 106.67518700219546, 'g_stn_gpe_mult': 4.513740622869261, 'g_gpe_stn_mult': 0.16114411270233459, 'g_stn_gpi_mult': 2.247756366047054, 'g_gpe_gpi_mult': 1.0123131367647071}. Best is trial 921 with value: 0.13695978285194785.
[I 2026-05-28 03:03:04,334] Trial 950 finished with value: 0.1413171647732324 and parameters: {'ISTN': 60.49891966373203, 'I_gpe': 1.032705940206967, 'I_gpi': 2.0803705751097783, 'noise_stn_sigma': 3.8996610214791145, 'noise_gpe_sigma': 101.75760059635923, 'noise_gpi_sigma': 107.4944468574641, 'g_stn_gpe_mult': 4.502854592093338, 'g_gpe_stn_mult': 0.15649742101513658, 'g_stn_gpi_mult': 2.3085642070813988, 'g_gpe_gpi_mult': 1.0260062826112815}. Best is trial 921 with value: 0.13695978285194785.
[I 2026-05-28 03:03:05,343] Trial 951 finished with value: 0.14684365569600324 and parameters: {'ISTN': 60.56714522228458, 'I_gpe': 1.0853217491986211, 'I_gpi': 2.1160719836497583, 'noise_stn_sigma': 3.9290745787913566, 'noise_gpe_sigma': 100.95611877937802, 'noise_gpi_sigma': 107.48657959001804, 'g_stn_gpe_mult': 4.546757737553132, 'g_gpe_stn_mult': 0.15070627934140987, 'g_stn_gpi_mult': 2.2250594592005455, 'g_gpe_gpi_mult': 1.045292535640345}. Best is trial 921 with value: 0.13695978285194785.
[I 2026-05-28 03:03:06,352] Trial 952 finished with value: 0.14308500454665307 and parameters: {'ISTN': 60.54730706744706, 'I_gpe': 1.0297381310785592, 'I_gpi': 2.0693732555932676, 'noise_stn_sigma': 3.9844864482105287, 'noise_gpe_sigma': 101.35635460252006, 'noise_gpi_sigma': 104.55330563236916, 'g_stn_gpe_mult': 4.555311806335128, 'g_gpe_stn_mult': 0.15306198750217617, 'g_stn_gpi_mult': 2.30560115544755, 'g_gpe_gpi_mult': 1.0542030650846284}. Best is trial 921 with value: 0.13695978285194785.
[I 2026-05-28 03:03:07,362] Trial 953 finished with value: 0.15145432774930118 and parameters: {'ISTN': 60.96963448130157, 'I_gpe': 1.0310308338801741, 'I_gpi': 2.067830333287052, 'noise_stn_sigma': 3.9051242644960307, 'noise_gpe_sigma': 100.36608427892888, 'noise_gpi_sigma': 106.48207425488265, 'g_stn_gpe_mult': 4.548363335256673, 'g_gpe_stn_mult': 0.14655015181202194, 'g_stn_gpi_mult': 2.3121506537649132, 'g_gpe_gpi_mult': 1.027029369589563}. Best is trial 921 with value: 0.13695978285194785.
[I 2026-05-28 03:03:08,373] Trial 954 finished with value: 0.15357015829237178 and parameters: {'ISTN': 60.96366289017093, 'I_gpe': 1.0412932656730276, 'I_gpi': 2.114109467784507, 'noise_stn_sigma': 3.8909272881460932, 'noise_gpe_sigma': 102.63250132048042, 'noise_gpi_sigma': 108.42977620838461, 'g_stn_gpe_mult': 4.567778658548082, 'g_gpe_stn_mult': 0.15829097340739823, 'g_stn_gpi_mult': 2.264843823234891, 'g_gpe_gpi_mult': 1.017418694358269}. Best is trial 921 with value: 0.13695978285194785.
[I 2026-05-28 03:03:09,383] Trial 955 finished with value: 0.16410107211438293 and parameters: {'ISTN': 60.60500027361664, 'I_gpe': 1.0341685694672091, 'I_gpi': 2.125692533697274, 'noise_stn_sigma': 3.8246129745378763, 'noise_gpe_sigma': 103.46201953474888, 'noise_gpi_sigma': 108.17614482338642, 'g_stn_gpe_mult': 4.515591025728865, 'g_gpe_stn_mult': 0.15553824397063717, 'g_stn_gpi_mult': 2.2906568704937467, 'g_gpe_gpi_mult': 1.0230647429975572}. Best is trial 921 with value: 0.13695978285194785.
[I 2026-05-28 03:03:10,394] Trial 956 finished with value: 0.2058277642218973 and parameters: {'ISTN': 60.35234327470818, 'I_gpe': 1.0515368214747118, 'I_gpi': 2.0657061894330813, 'noise_stn_sigma': 3.887610480126788, 'noise_gpe_sigma': 100.03576345554235, 'noise_gpi_sigma': 106.55605106088642, 'g_stn_gpe_mult': 4.5733304854594685, 'g_gpe_stn_mult': 0.15553737586464828, 'g_stn_gpi_mult': 2.300441260703436, 'g_gpe_gpi_mult': 1.0190405871934556}. Best is trial 921 with value: 0.13695978285194785.
[I 2026-05-28 03:03:11,404] Trial 957 finished with value: 0.14521125944209853 and parameters: {'ISTN': 60.219127073625195, 'I_gpe': 1.0616410530248142, 'I_gpi': 2.1148824386969305, 'noise_stn_sigma': 3.9400710147884324, 'noise_gpe_sigma': 101.10451797299372, 'noise_gpi_sigma': 108.83685784041762, 'g_stn_gpe_mult': 4.543553084463246, 'g_gpe_stn_mult': 0.1565884241546966, 'g_stn_gpi_mult': 2.2526078797861837, 'g_gpe_gpi_mult': 1.0374715411737259}. Best is trial 921 with value: 0.13695978285194785.
[I 2026-05-28 03:03:12,412] Trial 958 finished with value: 0.14317581408826735 and parameters: {'ISTN': 60.159456028805955, 'I_gpe': 1.0706464552486386, 'I_gpi': 2.070099628076119, 'noise_stn_sigma': 3.9269539456377784, 'noise_gpe_sigma': 100.2651284844857, 'noise_gpi_sigma': 107.65734938457925, 'g_stn_gpe_mult': 4.5919546567913105, 'g_gpe_stn_mult': 0.16094092547901293, 'g_stn_gpi_mult': 2.2692791572807613, 'g_gpe_gpi_mult': 1.0123471012567689}. Best is trial 921 with value: 0.13695978285194785.
[I 2026-05-28 03:03:13,421] Trial 959 finished with value: 0.17907138046571325 and parameters: {'ISTN': 60.733936706494966, 'I_gpe': 1.0583282029268943, 'I_gpi': 2.1112851165193303, 'noise_stn_sigma': 3.859905189887205, 'noise_gpe_sigma': 98.65136037269174, 'noise_gpi_sigma': 107.70521947694564, 'g_stn_gpe_mult': 4.587292490979021, 'g_gpe_stn_mult': 0.15151271121898227, 'g_stn_gpi_mult': 2.3035137761497526, 'g_gpe_gpi_mult': 1.0310837121146215}. Best is trial 921 with value: 0.13695978285194785.
[I 2026-05-28 03:03:14,432] Trial 960 finished with value: 0.1446114068471725 and parameters: {'ISTN': 60.537017421784746, 'I_gpe': 1.066602343730557, 'I_gpi': 2.0917622210750464, 'noise_stn_sigma': 3.8257493492080052, 'noise_gpe_sigma': 98.09118555929821, 'noise_gpi_sigma': 106.074075047703, 'g_stn_gpe_mult': 4.51099151541403, 'g_gpe_stn_mult': 0.15282209188753054, 'g_stn_gpi_mult': 2.356276319554566, 'g_gpe_gpi_mult': 1.041701029621898}. Best is trial 921 with value: 0.13695978285194785.
[I 2026-05-28 03:03:15,444] Trial 961 finished with value: 0.3629784024641 and parameters: {'ISTN': 60.27105216109841, 'I_gpe': 1.056688039429944, 'I_gpi': 2.09405657229554, 'noise_stn_sigma': 3.96793959289715, 'noise_gpe_sigma': 102.0132362740095, 'noise_gpi_sigma': 104.90541652368574, 'g_stn_gpe_mult': 4.65676885550089, 'g_gpe_stn_mult': 0.14706219990134828, 'g_stn_gpi_mult': 2.2431686141589404, 'g_gpe_gpi_mult': 1.049197692584561}. Best is trial 921 with value: 0.13695978285194785.
[I 2026-05-28 03:03:16,454] Trial 962 finished with value: 0.13952351201970548 and parameters: {'ISTN': 60.44167659384537, 'I_gpe': 1.0591157346143718, 'I_gpi': 2.087952127043371, 'noise_stn_sigma': 3.9615887725892676, 'noise_gpe_sigma': 101.85186650190022, 'noise_gpi_sigma': 105.54334269911611, 'g_stn_gpe_mult': 4.588714892960363, 'g_gpe_stn_mult': 0.15318124380399253, 'g_stn_gpi_mult': 2.2904918403232593, 'g_gpe_gpi_mult': 1.05066701126716}. Best is trial 921 with value: 0.13695978285194785.
[I 2026-05-28 03:03:17,465] Trial 963 finished with value: 0.1557326914892537 and parameters: {'ISTN': 60.376923429272686, 'I_gpe': 1.0393810969691253, 'I_gpi': 2.073370396288725, 'noise_stn_sigma': 3.9395892195264204, 'noise_gpe_sigma': 101.81188875209799, 'noise_gpi_sigma': 107.78270386018379, 'g_stn_gpe_mult': 4.523430927797001, 'g_gpe_stn_mult': 0.15995343551592023, 'g_stn_gpi_mult': 2.274574282931625, 'g_gpe_gpi_mult': 1.0439404164548374}. Best is trial 921 with value: 0.13695978285194785.
[I 2026-05-28 03:03:18,475] Trial 964 finished with value: 0.14754576569908462 and parameters: {'ISTN': 60.16536826356664, 'I_gpe': 1.0297045138519785, 'I_gpi': 2.1429731005995, 'noise_stn_sigma': 3.955261999861295, 'noise_gpe_sigma': 103.23276575552813, 'noise_gpi_sigma': 108.21434967123929, 'g_stn_gpe_mult': 4.652513812699533, 'g_gpe_stn_mult': 0.16168167394325111, 'g_stn_gpi_mult': 2.215646412924765, 'g_gpe_gpi_mult': 1.0199628838095256}. Best is trial 921 with value: 0.13695978285194785.
[I 2026-05-28 03:03:19,484] Trial 965 finished with value: 0.14198193791403244 and parameters: {'ISTN': 60.18051094041247, 'I_gpe': 1.0662483506915317, 'I_gpi': 2.019873619200171, 'noise_stn_sigma': 4.085859459674099, 'noise_gpe_sigma': 103.24267412284533, 'noise_gpi_sigma': 104.41025834464934, 'g_stn_gpe_mult': 4.4723451711138775, 'g_gpe_stn_mult': 0.16483589098552603, 'g_stn_gpi_mult': 2.2778556592127086, 'g_gpe_gpi_mult': 1.046034167287751}. Best is trial 921 with value: 0.13695978285194785.
[I 2026-05-28 03:03:20,495] Trial 966 finished with value: 0.14253196876924776 and parameters: {'ISTN': 60.049349237912395, 'I_gpe': 1.051032352312631, 'I_gpi': 2.033375776175097, 'noise_stn_sigma': 4.050865367752904, 'noise_gpe_sigma': 102.92379384810799, 'noise_gpi_sigma': 108.08187463507473, 'g_stn_gpe_mult': 4.581721175815312, 'g_gpe_stn_mult': 0.16127548098428215, 'g_stn_gpi_mult': 2.2576153854162087, 'g_gpe_gpi_mult': 1.0376564518677904}. Best is trial 921 with value: 0.13695978285194785.
[I 2026-05-28 03:03:21,506] Trial 967 finished with value: 0.144777868689352 and parameters: {'ISTN': 60.26889953958089, 'I_gpe': 1.0082938077262993, 'I_gpi': 2.118841849005205, 'noise_stn_sigma': 3.876180738649312, 'noise_gpe_sigma': 102.41804279950018, 'noise_gpi_sigma': 105.39129484779355, 'g_stn_gpe_mult': 4.51118601382257, 'g_gpe_stn_mult': 0.16150347886423397, 'g_stn_gpi_mult': 2.2943783968240017, 'g_gpe_gpi_mult': 1.0274423066456406}. Best is trial 921 with value: 0.13695978285194785.
