[I 2026-05-28 04:06:09,115] Trial 660 finished with value: 0.13698128223677933 and parameters: {'ISTN': 60.706003045148144, 'I_gpe': 1.1343065752358203, 'I_gpi': 1.9665011896836133, 'noise_stn_sigma': 2.6379734581746703, 'noise_gpe_sigma': 106.71679921345869, 'noise_gpi_sigma': 79.95153563935266, 'g_stn_gpe_mult': 3.3163957048378943, 'g_gpe_stn_mult': 0.17109818098828383, 'g_stn_gpi_mult': 2.584875465090782, 'g_gpe_gpi_mult': 0.3273404198058155}. Best is trial 658 with value: 0.12781233580747.
[I 2026-05-28 04:06:10,124] Trial 661 finished with value: 0.13504711859710333 and parameters: {'ISTN': 60.18489206611869, 'I_gpe': 1.183915200323384, 'I_gpi': 2.027469550926863, 'noise_stn_sigma': 2.459295215850879, 'noise_gpe_sigma': 106.13573712693548, 'noise_gpi_sigma': 81.64030905430624, 'g_stn_gpe_mult': 3.358422974388801, 'g_gpe_stn_mult': 0.1796142734279612, 'g_stn_gpi_mult': 2.569724867920569, 'g_gpe_gpi_mult': 0.30344718797469666}. Best is trial 658 with value: 0.12781233580747.
[I 2026-05-28 04:06:11,131] Trial 662 finished with value: 0.1372307810300273 and parameters: {'ISTN': 60.891033093594174, 'I_gpe': 1.1455161651075962, 'I_gpi': 1.945180762644001, 'noise_stn_sigma': 2.54203827220002, 'noise_gpe_sigma': 106.82540560764716, 'noise_gpi_sigma': 81.30975600816065, 'g_stn_gpe_mult': 3.3208010251462636, 'g_gpe_stn_mult': 0.168137200322066, 'g_stn_gpi_mult': 2.559243339886683, 'g_gpe_gpi_mult': 0.3068879106194282}. Best is trial 658 with value: 0.12781233580747.
[I 2026-05-28 04:06:12,138] Trial 663 finished with value: 0.13186071297023166 and parameters: {'ISTN': 60.30888033657098, 'I_gpe': 1.1869026172019792, 'I_gpi': 2.0066133069372754, 'noise_stn_sigma': 2.5375409818452717, 'noise_gpe_sigma': 106.63138109652411, 'noise_gpi_sigma': 81.65811770347227, 'g_stn_gpe_mult': 3.2781275535567604, 'g_gpe_stn_mult': 0.1727679910868158, 'g_stn_gpi_mult': 2.603741415995101, 'g_gpe_gpi_mult': 0.2955531041677366}. Best is trial 658 with value: 0.12781233580747.
[I 2026-05-28 04:06:13,142] Trial 664 finished with value: 0.12789938843435544 and parameters: {'ISTN': 60.07198725358502, 'I_gpe': 1.1577047326378276, 'I_gpi': 1.9637518288127378, 'noise_stn_sigma': 2.6391207012216125, 'noise_gpe_sigma': 106.56157183108698, 'noise_gpi_sigma': 80.9857933727497, 'g_stn_gpe_mult': 3.358417764151711, 'g_gpe_stn_mult': 0.1773371278282812, 'g_stn_gpi_mult': 2.6066295447076686, 'g_gpe_gpi_mult': 0.33505530833834396}. Best is trial 658 with value: 0.12781233580747.
[I 2026-05-28 04:06:14,147] Trial 665 finished with value: 0.360923674930543 and parameters: {'ISTN': 60.19944267739857, 'I_gpe': 1.173336568499748, 'I_gpi': 1.9488548317677767, 'noise_stn_sigma': 2.6146482009568732, 'noise_gpe_sigma': 106.91794392578366, 'noise_gpi_sigma': 80.73051732248254, 'g_stn_gpe_mult': 3.329004273601957, 'g_gpe_stn_mult': 0.171705486862204, 'g_stn_gpi_mult': 2.567129553198299, 'g_gpe_gpi_mult': 0.32225456317696355}. Best is trial 658 with value: 0.12781233580747.
[I 2026-05-28 04:06:15,153] Trial 666 finished with value: 0.15065556411920378 and parameters: {'ISTN': 61.34358679105315, 'I_gpe': 1.1704744788827186, 'I_gpi': 1.9600877493463584, 'noise_stn_sigma': 2.509201089208015, 'noise_gpe_sigma': 106.8963561820613, 'noise_gpi_sigma': 81.84264326480846, 'g_stn_gpe_mult': 3.3228941347433434, 'g_gpe_stn_mult': 0.16960186544299316, 'g_stn_gpi_mult': 2.596196844569028, 'g_gpe_gpi_mult': 0.29343078630691144}. Best is trial 658 with value: 0.12781233580747.
[I 2026-05-28 04:06:16,158] Trial 667 finished with value: 0.1436184105870274 and parameters: {'ISTN': 61.06229846370093, 'I_gpe': 1.1253779895479499, 'I_gpi': 1.915230929630833, 'noise_stn_sigma': 2.437008423572742, 'noise_gpe_sigma': 106.81994096206378, 'noise_gpi_sigma': 81.30125567741726, 'g_stn_gpe_mult': 3.3107116970548294, 'g_gpe_stn_mult': 0.17065619964267165, 'g_stn_gpi_mult': 2.5418690023843533, 'g_gpe_gpi_mult': 0.2946580294952036}. Best is trial 658 with value: 0.12781233580747.
[I 2026-05-28 04:06:17,165] Trial 668 finished with value: 0.13774318947038033 and parameters: {'ISTN': 60.67342730474653, 'I_gpe': 1.1652189888333782, 'I_gpi': 1.9666260980271308, 'noise_stn_sigma': 2.430327329766005, 'noise_gpe_sigma': 108.55274377117517, 'noise_gpi_sigma': 81.84550126626708, 'g_stn_gpe_mult': 3.3511097008123976, 'g_gpe_stn_mult': 0.17626660638321806, 'g_stn_gpi_mult': 2.550134970123175, 'g_gpe_gpi_mult': 0.2943982151531329}. Best is trial 658 with value: 0.12781233580747.
[I 2026-05-28 04:06:18,168] Trial 669 finished with value: 0.13208493322402273 and parameters: {'ISTN': 60.27880061095671, 'I_gpe': 1.2264778656784052, 'I_gpi': 2.018138579690759, 'noise_stn_sigma': 2.6816867369783832, 'noise_gpe_sigma': 104.99387247390116, 'noise_gpi_sigma': 81.45778451717838, 'g_stn_gpe_mult': 3.255892770421447, 'g_gpe_stn_mult': 0.17193592552918163, 'g_stn_gpi_mult': 2.5864176842245237, 'g_gpe_gpi_mult': 0.3054051178451996}. Best is trial 658 with value: 0.12781233580747.
[I 2026-05-28 04:06:19,112] Trial 670 finished with value: 1000000.0 and parameters: {'ISTN': 60.75339252879473, 'I_gpe': 1.1956360561205506, 'I_gpi': 1.9364257878356117, 'noise_stn_sigma': 2.608295357157121, 'noise_gpe_sigma': 106.65463292592636, 'noise_gpi_sigma': 81.30305009274187, 'g_stn_gpe_mult': 3.3036431519654923, 'g_gpe_stn_mult': 0.16888005367622771, 'g_stn_gpi_mult': 2.567821762233549, 'g_gpe_gpi_mult': 0.3043594299452909}. Best is trial 658 with value: 0.12781233580747.
[I 2026-05-28 04:06:20,119] Trial 671 finished with value: 0.13615957161921688 and parameters: {'ISTN': 60.53668618295702, 'I_gpe': 1.1560376523528602, 'I_gpi': 2.0523306250767384, 'noise_stn_sigma': 2.668920402173689, 'noise_gpe_sigma': 104.75696862344346, 'noise_gpi_sigma': 81.11883673542192, 'g_stn_gpe_mult': 3.3353385826641886, 'g_gpe_stn_mult': 0.17143718653111206, 'g_stn_gpi_mult': 2.5536072497261078, 'g_gpe_gpi_mult': 0.33789005279432305}. Best is trial 658 with value: 0.12781233580747.
[I 2026-05-28 04:06:21,124] Trial 672 finished with value: 0.13667104882021508 and parameters: {'ISTN': 60.528515862958464, 'I_gpe': 1.1808839813554242, 'I_gpi': 1.9974552396830374, 'noise_stn_sigma': 2.681633428677484, 'noise_gpe_sigma': 106.10651415098705, 'noise_gpi_sigma': 80.20896068949628, 'g_stn_gpe_mult': 3.3087888862115347, 'g_gpe_stn_mult': 0.1751337083350692, 'g_stn_gpi_mult': 2.6078416371494844, 'g_gpe_gpi_mult': 0.32203837525751966}. Best is trial 658 with value: 0.12781233580747.
[I 2026-05-28 04:06:22,129] Trial 673 finished with value: 0.22693094133496555 and parameters: {'ISTN': 60.25893545141461, 'I_gpe': 1.1619753579088226, 'I_gpi': 1.970606901761704, 'noise_stn_sigma': 2.6572047940207586, 'noise_gpe_sigma': 107.9730900050141, 'noise_gpi_sigma': 80.71777108815577, 'g_stn_gpe_mult': 3.3267648416913262, 'g_gpe_stn_mult': 0.17084994554933403, 'g_stn_gpi_mult': 2.6436261344818153, 'g_gpe_gpi_mult': 0.3263126764789424}. Best is trial 658 with value: 0.12781233580747.
[I 2026-05-28 04:06:23,135] Trial 674 finished with value: 0.14174729227323957 and parameters: {'ISTN': 60.14310250454401, 'I_gpe': 1.1884560897029237, 'I_gpi': 1.9607072742443816, 'noise_stn_sigma': 2.437658785790113, 'noise_gpe_sigma': 107.97230610578245, 'noise_gpi_sigma': 81.13665857670263, 'g_stn_gpe_mult': 3.3493687253213373, 'g_gpe_stn_mult': 0.175353581930761, 'g_stn_gpi_mult': 2.6177069676937634, 'g_gpe_gpi_mult': 0.3049375299382244}. Best is trial 658 with value: 0.12781233580747.
[I 2026-05-28 04:06:24,140] Trial 675 finished with value: 0.13290822967862134 and parameters: {'ISTN': 60.396147494401006, 'I_gpe': 1.1987910720548616, 'I_gpi': 1.9656427032406192, 'noise_stn_sigma': 2.636721497657618, 'noise_gpe_sigma': 107.1637800685712, 'noise_gpi_sigma': 81.86285650610856, 'g_stn_gpe_mult': 3.322487362191338, 'g_gpe_stn_mult': 0.17020046929583932, 'g_stn_gpi_mult': 2.5810469233277313, 'g_gpe_gpi_mult': 0.31719085926077384}. Best is trial 658 with value: 0.12781233580747.
[I 2026-05-28 04:06:25,146] Trial 676 finished with value: 0.14729435214224162 and parameters: {'ISTN': 60.940409722078115, 'I_gpe': 1.1739990366632485, 'I_gpi': 1.9717738036341128, 'noise_stn_sigma': 2.604769812193921, 'noise_gpe_sigma': 106.81110365877916, 'noise_gpi_sigma': 81.96278965788662, 'g_stn_gpe_mult': 3.315348944781503, 'g_gpe_stn_mult': 0.17284061333252732, 'g_stn_gpi_mult': 2.6031201234382184, 'g_gpe_gpi_mult': 0.32170962167750794}. Best is trial 658 with value: 0.12781233580747.
[I 2026-05-28 04:06:26,154] Trial 677 finished with value: 0.1366854910135647 and parameters: {'ISTN': 60.834778899462734, 'I_gpe': 1.2231705979216312, 'I_gpi': 2.0046818924750607, 'noise_stn_sigma': 2.5142285391368295, 'noise_gpe_sigma': 106.01231188269054, 'noise_gpi_sigma': 81.84435010021497, 'g_stn_gpe_mult': 3.2653290627610776, 'g_gpe_stn_mult': 0.16517315796108176, 'g_stn_gpi_mult': 2.585178934698192, 'g_gpe_gpi_mult': 0.293517503784}. Best is trial 658 with value: 0.12781233580747.
[I 2026-05-28 04:06:27,159] Trial 678 finished with value: 0.2215447111952536 and parameters: {'ISTN': 60.17614599244643, 'I_gpe': 1.1713367462883366, 'I_gpi': 1.982153983141877, 'noise_stn_sigma': 2.5809429672197277, 'noise_gpe_sigma': 105.23047104894019, 'noise_gpi_sigma': 82.39042195827147, 'g_stn_gpe_mult': 3.3258136294543412, 'g_gpe_stn_mult': 0.1701063695516034, 'g_stn_gpi_mult': 2.5979046274703466, 'g_gpe_gpi_mult': 0.2992096079408866}. Best is trial 658 with value: 0.12781233580747.
[I 2026-05-28 04:06:28,160] Trial 679 finished with value: 0.135596974024794 and parameters: {'ISTN': 60.31938559305343, 'I_gpe': 1.2249537968202022, 'I_gpi': 2.0029061002676443, 'noise_stn_sigma': 2.5297716856851116, 'noise_gpe_sigma': 106.7434259632897, 'noise_gpi_sigma': 83.11515388451113, 'g_stn_gpe_mult': 3.305875605100401, 'g_gpe_stn_mult': 0.17744447826077767, 'g_stn_gpi_mult': 2.593878481828624, 'g_gpe_gpi_mult': 0.30557463365511517}. Best is trial 658 with value: 0.12781233580747.
[I 2026-05-28 04:06:29,165] Trial 680 finished with value: 0.13067454722335442 and parameters: {'ISTN': 60.24482974462994, 'I_gpe': 1.1824351332663285, 'I_gpi': 2.0280538802279766, 'noise_stn_sigma': 2.5619026511596754, 'noise_gpe_sigma': 104.9144790555004, 'noise_gpi_sigma': 82.0213523879548, 'g_stn_gpe_mult': 3.261183123603572, 'g_gpe_stn_mult': 0.16941401579157994, 'g_stn_gpi_mult': 2.5364240325874947, 'g_gpe_gpi_mult': 0.3020275175915001}. Best is trial 658 with value: 0.12781233580747.
[I 2026-05-28 04:06:30,175] Trial 681 finished with value: 0.15873864818564684 and parameters: {'ISTN': 60.50566511104805, 'I_gpe': 1.1874791887749108, 'I_gpi': 2.0200340521862823, 'noise_stn_sigma': 2.513815676375295, 'noise_gpe_sigma': 104.05539732823877, 'noise_gpi_sigma': 81.67124119280953, 'g_stn_gpe_mult': 3.301498532769518, 'g_gpe_stn_mult': 0.1735126686759927, 'g_stn_gpi_mult': 2.5050521371529735, 'g_gpe_gpi_mult': 0.31841287727967515}. Best is trial 658 with value: 0.12781233580747.
[I 2026-05-28 04:06:31,178] Trial 682 finished with value: 0.17348936333328913 and parameters: {'ISTN': 60.174976971269814, 'I_gpe': 1.2111900476380282, 'I_gpi': 2.0612882260499963, 'noise_stn_sigma': 2.54382970046657, 'noise_gpe_sigma': 103.3948197794291, 'noise_gpi_sigma': 81.61557247542945, 'g_stn_gpe_mult': 3.2530488131384523, 'g_gpe_stn_mult': 0.17113535665859703, 'g_stn_gpi_mult': 2.480361715649426, 'g_gpe_gpi_mult': 0.3162695814012786}. Best is trial 658 with value: 0.12781233580747.
[I 2026-05-28 04:06:32,183] Trial 683 finished with value: 0.1329410355491735 and parameters: {'ISTN': 60.430901558045306, 'I_gpe': 1.1405739031446602, 'I_gpi': 2.0009661523205153, 'noise_stn_sigma': 2.626298716711882, 'noise_gpe_sigma': 104.17862847398005, 'noise_gpi_sigma': 81.38635730829027, 'g_stn_gpe_mult': 3.29035677011108, 'g_gpe_stn_mult': 0.1705629298995041, 'g_stn_gpi_mult': 2.528679050489809, 'g_gpe_gpi_mult': 0.3059055649266964}. Best is trial 658 with value: 0.12781233580747.
[I 2026-05-28 04:06:33,189] Trial 684 finished with value: 0.14801190764986127 and parameters: {'ISTN': 60.80497874406492, 'I_gpe': 1.2127141182029977, 'I_gpi': 2.00133074649838, 'noise_stn_sigma': 2.6006085681232456, 'noise_gpe_sigma': 105.36302758154227, 'noise_gpi_sigma': 82.65645574073883, 'g_stn_gpe_mult': 3.2719042268263503, 'g_gpe_stn_mult': 0.16890156673102166, 'g_stn_gpi_mult': 2.599904252602686, 'g_gpe_gpi_mult': 0.3018127761221585}. Best is trial 658 with value: 0.12781233580747.
[I 2026-05-28 04:06:34,193] Trial 685 finished with value: 0.13149865545191505 and parameters: {'ISTN': 60.391929908006205, 'I_gpe': 1.201300829421624, 'I_gpi': 2.0231360235697036, 'noise_stn_sigma': 2.6672614314014855, 'noise_gpe_sigma': 105.05232654047471, 'noise_gpi_sigma': 82.0318916430703, 'g_stn_gpe_mult': 3.3432096900633756, 'g_gpe_stn_mult': 0.17407791232446662, 'g_stn_gpi_mult': 2.5166251655219534, 'g_gpe_gpi_mult': 0.3337527842600121}. Best is trial 658 with value: 0.12781233580747.
[I 2026-05-28 04:06:35,198] Trial 686 finished with value: 0.13396137675363595 and parameters: {'ISTN': 60.65793787659509, 'I_gpe': 1.1819739161567855, 'I_gpi': 2.06568904259984, 'noise_stn_sigma': 2.470766084522042, 'noise_gpe_sigma': 105.00555448486276, 'noise_gpi_sigma': 82.85545159852882, 'g_stn_gpe_mult': 3.3256754328200273, 'g_gpe_stn_mult': 0.1686318735699882, 'g_stn_gpi_mult': 2.4930292709159145, 'g_gpe_gpi_mult': 0.3089466940945703}. Best is trial 658 with value: 0.12781233580747.
[I 2026-05-28 04:06:36,201] Trial 687 finished with value: 0.13305139800896415 and parameters: {'ISTN': 60.16012869697294, 'I_gpe': 1.2092556645795303, 'I_gpi': 1.9895468161484748, 'noise_stn_sigma': 2.5707123161260443, 'noise_gpe_sigma': 106.02161381636205, 'noise_gpi_sigma': 82.44115591217599, 'g_stn_gpe_mult': 3.2882704683891606, 'g_gpe_stn_mult': 0.17191923376251383, 'g_stn_gpi_mult': 2.575309137043716, 'g_gpe_gpi_mult': 0.3111860995362925}. Best is trial 658 with value: 0.12781233580747.
[I 2026-05-28 04:06:37,208] Trial 688 finished with value: 0.1378627814499624 and parameters: {'ISTN': 60.41615751894094, 'I_gpe': 1.2342661760141702, 'I_gpi': 2.0073101133041096, 'noise_stn_sigma': 2.628081569361041, 'noise_gpe_sigma': 106.39492107496743, 'noise_gpi_sigma': 81.67058035224309, 'g_stn_gpe_mult': 3.2672662418782594, 'g_gpe_stn_mult': 0.16734853667688404, 'g_stn_gpi_mult': 2.584542996790227, 'g_gpe_gpi_mult': 0.3118538114543527}. Best is trial 658 with value: 0.12781233580747.
[I 2026-05-28 04:06:38,212] Trial 689 finished with value: 0.1383199269539974 and parameters: {'ISTN': 60.73846482961987, 'I_gpe': 1.2166981240831047, 'I_gpi': 1.987235928200918, 'noise_stn_sigma': 2.6098000887999757, 'noise_gpe_sigma': 107.26750818015964, 'noise_gpi_sigma': 82.06716583109122, 'g_stn_gpe_mult': 3.2867262096174645, 'g_gpe_stn_mult': 0.16764507924958996, 'g_stn_gpi_mult': 2.5819049539060863, 'g_gpe_gpi_mult': 0.29916636740450747}. Best is trial 658 with value: 0.12781233580747.
[I 2026-05-28 04:06:39,218] Trial 690 finished with value: 0.13051964470948493 and parameters: {'ISTN': 60.41264298544782, 'I_gpe': 1.193270254622682, 'I_gpi': 2.0373497478592144, 'noise_stn_sigma': 2.623676999052295, 'noise_gpe_sigma': 105.75120625348777, 'noise_gpi_sigma': 81.88889822586461, 'g_stn_gpe_mult': 3.3179326534080404, 'g_gpe_stn_mult': 0.17291345577863862, 'g_stn_gpi_mult': 2.564300103210204, 'g_gpe_gpi_mult': 0.3174078611460831}. Best is trial 658 with value: 0.12781233580747.
[I 2026-05-28 04:06:40,225] Trial 691 finished with value: 0.1311264546766117 and parameters: {'ISTN': 60.16706158696771, 'I_gpe': 1.1859647055095015, 'I_gpi': 2.009823466222824, 'noise_stn_sigma': 2.554209871402762, 'noise_gpe_sigma': 105.87294636822247, 'noise_gpi_sigma': 80.68944789498329, 'g_stn_gpe_mult': 3.2984377023106686, 'g_gpe_stn_mult': 0.17564227576341276, 'g_stn_gpi_mult': 2.6035212027228067, 'g_gpe_gpi_mult': 0.31842537740660365}. Best is trial 658 with value: 0.12781233580747.
[I 2026-05-28 04:06:41,231] Trial 692 finished with value: 0.1313229396566234 and parameters: {'ISTN': 60.6441255982216, 'I_gpe': 1.179790926908608, 'I_gpi': 1.9701483362767385, 'noise_stn_sigma': 2.5476221351475976, 'noise_gpe_sigma': 105.61090008502313, 'noise_gpi_sigma': 81.53362556965637, 'g_stn_gpe_mult': 3.2674710488333574, 'g_gpe_stn_mult': 0.16912810391365063, 'g_stn_gpi_mult': 2.5741521783501193, 'g_gpe_gpi_mult': 0.3120369093145752}. Best is trial 658 with value: 0.12781233580747.
[I 2026-05-28 04:06:42,238] Trial 693 finished with value: 0.1406063673904789 and parameters: {'ISTN': 60.64680698563487, 'I_gpe': 1.2214665308239676, 'I_gpi': 2.027640272658191, 'noise_stn_sigma': 2.6459292976367865, 'noise_gpe_sigma': 105.3711013643731, 'noise_gpi_sigma': 81.96024864914895, 'g_stn_gpe_mult': 3.350714684954637, 'g_gpe_stn_mult': 0.16827728948151222, 'g_stn_gpi_mult': 2.5116797495315497, 'g_gpe_gpi_mult': 0.3110365681129226}. Best is trial 658 with value: 0.12781233580747.
[I 2026-05-28 04:06:43,245] Trial 694 finished with value: 0.13239194542599342 and parameters: {'ISTN': 60.31999276772078, 'I_gpe': 1.132819493992293, 'I_gpi': 2.017612988750665, 'noise_stn_sigma': 2.5757062823433383, 'noise_gpe_sigma': 105.68066012390629, 'noise_gpi_sigma': 81.74915366127073, 'g_stn_gpe_mult': 3.316987751191446, 'g_gpe_stn_mult': 0.1784163332987394, 'g_stn_gpi_mult': 2.54104166973267, 'g_gpe_gpi_mult': 0.3156117553366694}. Best is trial 658 with value: 0.12781233580747.
[I 2026-05-28 04:06:44,251] Trial 695 finished with value: 0.13513966959894044 and parameters: {'ISTN': 60.654461279720564, 'I_gpe': 1.1543851366927944, 'I_gpi': 2.0304737332938867, 'noise_stn_sigma': 2.673938637731342, 'noise_gpe_sigma': 105.7261001592267, 'noise_gpi_sigma': 81.93385227276308, 'g_stn_gpe_mult': 3.36296401276951, 'g_gpe_stn_mult': 0.1714767450276421, 'g_stn_gpi_mult': 2.5776117617837455, 'g_gpe_gpi_mult': 0.32714263101977237}. Best is trial 658 with value: 0.12781233580747.
[I 2026-05-28 04:06:45,255] Trial 696 finished with value: 0.14731398357523406 and parameters: {'ISTN': 61.11491561091019, 'I_gpe': 1.2009708908235885, 'I_gpi': 2.0533551484369172, 'noise_stn_sigma': 2.6844973428817545, 'noise_gpe_sigma': 104.99716936893479, 'noise_gpi_sigma': 82.0388206177395, 'g_stn_gpe_mult': 3.277251376684694, 'g_gpe_stn_mult': 0.16938119492215145, 'g_stn_gpi_mult': 2.560197220148737, 'g_gpe_gpi_mult': 0.32723298712125964}. Best is trial 658 with value: 0.12781233580747.
[I 2026-05-28 04:06:46,262] Trial 697 finished with value: 0.14032806432788417 and parameters: {'ISTN': 60.66788200945184, 'I_gpe': 1.192177455715385, 'I_gpi': 2.0463221562895315, 'noise_stn_sigma': 2.5706859518805656, 'noise_gpe_sigma': 105.92002687122657, 'noise_gpi_sigma': 81.2190498595408, 'g_stn_gpe_mult': 3.310808029981044, 'g_gpe_stn_mult': 0.17005324614553563, 'g_stn_gpi_mult': 2.5152653752025484, 'g_gpe_gpi_mult': 0.3133627864176372}. Best is trial 658 with value: 0.12781233580747.
[I 2026-05-28 04:06:47,268] Trial 698 finished with value: 0.13359177033894304 and parameters: {'ISTN': 60.06404598719617, 'I_gpe': 1.1422192314390296, 'I_gpi': 2.047996826388749, 'noise_stn_sigma': 2.720289297844632, 'noise_gpe_sigma': 104.5474585650582, 'noise_gpi_sigma': 82.18942638422357, 'g_stn_gpe_mult': 3.37189616630334, 'g_gpe_stn_mult': 0.17530792193229583, 'g_stn_gpi_mult': 2.5406322213523307, 'g_gpe_gpi_mult': 0.3215061555632694}. Best is trial 658 with value: 0.12781233580747.
[I 2026-05-28 04:06:48,271] Trial 699 finished with value: 0.13631682724790004 and parameters: {'ISTN': 60.127135094785245, 'I_gpe': 1.1949356142948027, 'I_gpi': 1.972101501372646, 'noise_stn_sigma': 2.5663693050074823, 'noise_gpe_sigma': 107.01608874081117, 'noise_gpi_sigma': 79.74563178324838, 'g_stn_gpe_mult': 3.3122199160286376, 'g_gpe_stn_mult': 0.1775874408507816, 'g_stn_gpi_mult': 2.5881659983366494, 'g_gpe_gpi_mult': 0.32135718794907453}. Best is trial 658 with value: 0.12781233580747.
[I 2026-05-28 04:06:49,275] Trial 700 finished with value: 0.13292196343265292 and parameters: {'ISTN': 60.24460736041319, 'I_gpe': 1.2143770997378032, 'I_gpi': 2.012017915460711, 'noise_stn_sigma': 2.615203322449841, 'noise_gpe_sigma': 105.50428676028777, 'noise_gpi_sigma': 79.59126673832202, 'g_stn_gpe_mult': 3.245912888599016, 'g_gpe_stn_mult': 0.17203858860698273, 'g_stn_gpi_mult': 2.59796609484266, 'g_gpe_gpi_mult': 0.3053107144519434}. Best is trial 658 with value: 0.12781233580747.
[I 2026-05-28 04:06:50,280] Trial 701 finished with value: 0.13120374512355382 and parameters: {'ISTN': 60.29642600426897, 'I_gpe': 1.1557561570330295, 'I_gpi': 1.96109609541364, 'noise_stn_sigma': 2.5043982271831555, 'noise_gpe_sigma': 105.70863084812501, 'noise_gpi_sigma': 80.8376629301152, 'g_stn_gpe_mult': 3.3046911154784575, 'g_gpe_stn_mult': 0.17637968720364144, 'g_stn_gpi_mult': 2.5826621305064044, 'g_gpe_gpi_mult': 0.3065183151629811}. Best is trial 658 with value: 0.12781233580747.
[I 2026-05-28 04:06:51,283] Trial 702 finished with value: 0.13243286863160214 and parameters: {'ISTN': 60.32839581553467, 'I_gpe': 1.207484838195299, 'I_gpi': 1.9961606430749939, 'noise_stn_sigma': 2.5904858192728897, 'noise_gpe_sigma': 105.77312801040074, 'noise_gpi_sigma': 81.33954821202647, 'g_stn_gpe_mult': 3.2842940228763577, 'g_gpe_stn_mult': 0.1739499642487655, 'g_stn_gpi_mult': 2.5965043835823343, 'g_gpe_gpi_mult': 0.30712922402809384}. Best is trial 658 with value: 0.12781233580747.
[I 2026-05-28 04:06:52,286] Trial 703 finished with value: 0.14549265021119043 and parameters: {'ISTN': 60.77269231962595, 'I_gpe': 1.176752876537249, 'I_gpi': 2.0167120324530106, 'noise_stn_sigma': 2.623833908528689, 'noise_gpe_sigma': 104.64726909677921, 'noise_gpi_sigma': 81.46710552648358, 'g_stn_gpe_mult': 3.3263725083337925, 'g_gpe_stn_mult': 0.17410990887077335, 'g_stn_gpi_mult': 2.5834025662635947, 'g_gpe_gpi_mult': 0.3234633225928059}. Best is trial 658 with value: 0.12781233580747.
