[I 2026-05-28 03:49:12,176] Trial 660 finished with value: 0.14583400542093208 and parameters: {'ISTN': 62.08470150579731, 'I_gpe': 1.0574583955775692, 'I_gpi': 2.3427771453290074, 'noise_stn_sigma': 2.045394455696, 'noise_gpe_sigma': 100.19731718754517, 'noise_gpi_sigma': 86.27245210743791, 'g_stn_gpe_mult': 3.9681252779461627, 'g_gpe_stn_mult': 0.1606182511521102, 'g_stn_gpi_mult': 1.5073527751524274, 'g_gpe_gpi_mult': 0.829310296958992}. Best is trial 634 with value: 0.13171389422826366.
[I 2026-05-28 03:49:13,185] Trial 661 finished with value: 0.18329802505490356 and parameters: {'ISTN': 63.35672121151033, 'I_gpe': 0.9275814445325512, 'I_gpi': 2.2069762320164914, 'noise_stn_sigma': 1.9276640478754714, 'noise_gpe_sigma': 96.90572934736234, 'noise_gpi_sigma': 86.82365523361194, 'g_stn_gpe_mult': 3.870365226624501, 'g_gpe_stn_mult': 0.16161471701775568, 'g_stn_gpi_mult': 1.5057732297597246, 'g_gpe_gpi_mult': 0.8619981925196905}. Best is trial 634 with value: 0.13171389422826366.
[I 2026-05-28 03:49:14,191] Trial 662 finished with value: 0.17694540594958627 and parameters: {'ISTN': 62.830333414773335, 'I_gpe': 1.1776042091449392, 'I_gpi': 2.3608624525338806, 'noise_stn_sigma': 1.8876660362277555, 'noise_gpe_sigma': 93.23894027968855, 'noise_gpi_sigma': 83.48639061912124, 'g_stn_gpe_mult': 3.8538472969022797, 'g_gpe_stn_mult': 0.15471936785211293, 'g_stn_gpi_mult': 1.5522723258087736, 'g_gpe_gpi_mult': 0.8490545107105427}. Best is trial 634 with value: 0.13171389422826366.
[I 2026-05-28 03:49:15,199] Trial 663 finished with value: 0.1587065417847391 and parameters: {'ISTN': 61.415461350852844, 'I_gpe': 1.0382583764642987, 'I_gpi': 2.383243589106265, 'noise_stn_sigma': 2.3501160398051395, 'noise_gpe_sigma': 97.07135561058067, 'noise_gpi_sigma': 88.92344238975582, 'g_stn_gpe_mult': 3.9433520634388937, 'g_gpe_stn_mult': 0.17175677724792454, 'g_stn_gpi_mult': 1.50668129896843, 'g_gpe_gpi_mult': 0.8108597379117386}. Best is trial 634 with value: 0.13171389422826366.
[I 2026-05-28 03:49:16,207] Trial 664 finished with value: 0.1621551357233278 and parameters: {'ISTN': 61.9857114932453, 'I_gpe': 1.0676400140180253, 'I_gpi': 2.352409676198124, 'noise_stn_sigma': 2.2765591500114857, 'noise_gpe_sigma': 93.78038500985015, 'noise_gpi_sigma': 86.14551851031553, 'g_stn_gpe_mult': 3.889603263259421, 'g_gpe_stn_mult': 0.16555586668776623, 'g_stn_gpi_mult': 1.5170720938215978, 'g_gpe_gpi_mult': 0.811301137763206}. Best is trial 634 with value: 0.13171389422826366.
[I 2026-05-28 03:49:17,219] Trial 665 finished with value: 0.14910459021612008 and parameters: {'ISTN': 61.1473481307588, 'I_gpe': 1.0225903539686785, 'I_gpi': 2.384024641231257, 'noise_stn_sigma': 1.8454315867428486, 'noise_gpe_sigma': 99.83430537022296, 'noise_gpi_sigma': 82.89284913832807, 'g_stn_gpe_mult': 3.7779064174089787, 'g_gpe_stn_mult': 0.17491024966127408, 'g_stn_gpi_mult': 1.4832829852639964, 'g_gpe_gpi_mult': 0.878341667088931}. Best is trial 634 with value: 0.13171389422826366.
[I 2026-05-28 03:49:18,229] Trial 666 finished with value: 0.14796356997569757 and parameters: {'ISTN': 61.80773515717403, 'I_gpe': 0.954427697678661, 'I_gpi': 2.3396534541916916, 'noise_stn_sigma': 2.1518628717683725, 'noise_gpe_sigma': 99.38093566825196, 'noise_gpi_sigma': 95.61311368258336, 'g_stn_gpe_mult': 3.831655103798169, 'g_gpe_stn_mult': 0.1654510448132014, 'g_stn_gpi_mult': 1.2886916774090202, 'g_gpe_gpi_mult': 0.8811415982922481}. Best is trial 634 with value: 0.13171389422826366.
[I 2026-05-28 03:49:19,238] Trial 667 finished with value: 0.19611960620862937 and parameters: {'ISTN': 62.56525670933832, 'I_gpe': 1.0911484408809504, 'I_gpi': 2.3604245875454346, 'noise_stn_sigma': 2.1061911326750264, 'noise_gpe_sigma': 99.22601087872245, 'noise_gpi_sigma': 89.6606477075426, 'g_stn_gpe_mult': 3.9527959717384142, 'g_gpe_stn_mult': 0.16018556960579583, 'g_stn_gpi_mult': 1.4307677075620968, 'g_gpe_gpi_mult': 0.8345694966381656}. Best is trial 634 with value: 0.13171389422826366.
[I 2026-05-28 03:49:20,248] Trial 668 finished with value: 0.9023171624817713 and parameters: {'ISTN': 60.37667380443221, 'I_gpe': 0.9048927420278998, 'I_gpi': 2.2928631642196153, 'noise_stn_sigma': 2.0066341976066244, 'noise_gpe_sigma': 97.35312673231543, 'noise_gpi_sigma': 87.1079704264795, 'g_stn_gpe_mult': 3.747084348772211, 'g_gpe_stn_mult': 0.1778452625962899, 'g_stn_gpi_mult': 1.4055587136303096, 'g_gpe_gpi_mult': 0.8533030837837863}. Best is trial 634 with value: 0.13171389422826366.
[I 2026-05-28 03:49:21,258] Trial 669 finished with value: 0.1548764328784361 and parameters: {'ISTN': 61.168809321193486, 'I_gpe': 0.972424505052744, 'I_gpi': 2.3938792424404793, 'noise_stn_sigma': 2.0972220207026453, 'noise_gpe_sigma': 104.64002273982827, 'noise_gpi_sigma': 89.77843645128624, 'g_stn_gpe_mult': 3.771348069788692, 'g_gpe_stn_mult': 0.16953589189848284, 'g_stn_gpi_mult': 1.421442762317198, 'g_gpe_gpi_mult': 0.8621928267103949}. Best is trial 634 with value: 0.13171389422826366.
[I 2026-05-28 03:49:22,266] Trial 670 finished with value: 0.14793890191772274 and parameters: {'ISTN': 61.36620667824474, 'I_gpe': 1.0565057760836163, 'I_gpi': 2.2735168008114153, 'noise_stn_sigma': 2.0962883612480567, 'noise_gpe_sigma': 95.54432373676204, 'noise_gpi_sigma': 85.2965036696035, 'g_stn_gpe_mult': 3.9384634984624984, 'g_gpe_stn_mult': 0.17790376815090664, 'g_stn_gpi_mult': 1.5306349573768254, 'g_gpe_gpi_mult': 0.8133235815305857}. Best is trial 634 with value: 0.13171389422826366.
[I 2026-05-28 03:49:23,276] Trial 671 finished with value: 0.1622961324153359 and parameters: {'ISTN': 60.427305549784606, 'I_gpe': 0.9719267694536327, 'I_gpi': 2.4836870445113606, 'noise_stn_sigma': 2.2016905204062853, 'noise_gpe_sigma': 97.46456835287704, 'noise_gpi_sigma': 93.74029946438483, 'g_stn_gpe_mult': 3.879933670488099, 'g_gpe_stn_mult': 0.17974312569750528, 'g_stn_gpi_mult': 1.4495994204204887, 'g_gpe_gpi_mult': 0.8534691319669656}. Best is trial 634 with value: 0.13171389422826366.
[I 2026-05-28 03:49:24,283] Trial 672 finished with value: 1.8087496851215084 and parameters: {'ISTN': 60.70545233545349, 'I_gpe': 1.0105301833153637, 'I_gpi': 2.339664310790533, 'noise_stn_sigma': 1.8525079940004765, 'noise_gpe_sigma': 97.0376764991109, 'noise_gpi_sigma': 82.71751553831703, 'g_stn_gpe_mult': 3.7918070413157174, 'g_gpe_stn_mult': 0.1586353874178354, 'g_stn_gpi_mult': 1.5107477485001914, 'g_gpe_gpi_mult': 0.8390700023703861}. Best is trial 634 with value: 0.13171389422826366.
[I 2026-05-28 03:49:25,293] Trial 673 finished with value: 0.16558250998944332 and parameters: {'ISTN': 63.104228854501244, 'I_gpe': 0.9941905834965601, 'I_gpi': 2.269497852426303, 'noise_stn_sigma': 2.0772346908900756, 'noise_gpe_sigma': 100.95435793941283, 'noise_gpi_sigma': 84.87762257643543, 'g_stn_gpe_mult': 3.8946516408084064, 'g_gpe_stn_mult': 0.15991951049466036, 'g_stn_gpi_mult': 1.4514261725430173, 'g_gpe_gpi_mult': 0.8115199970726386}. Best is trial 634 with value: 0.13171389422826366.
[I 2026-05-28 03:49:26,300] Trial 674 finished with value: 0.1456165018015851 and parameters: {'ISTN': 61.15830303974044, 'I_gpe': 1.0445006828988805, 'I_gpi': 2.272744480634271, 'noise_stn_sigma': 2.2278064339707147, 'noise_gpe_sigma': 93.06192966456854, 'noise_gpi_sigma': 89.29991905028733, 'g_stn_gpe_mult': 3.779487599604135, 'g_gpe_stn_mult': 0.1744687772604688, 'g_stn_gpi_mult': 1.4322845239097695, 'g_gpe_gpi_mult': 0.844254196724455}. Best is trial 634 with value: 0.13171389422826366.
[I 2026-05-28 03:49:27,308] Trial 675 finished with value: 0.348419503948432 and parameters: {'ISTN': 60.822350565923685, 'I_gpe': 1.0538415345285796, 'I_gpi': 2.3199508787841765, 'noise_stn_sigma': 2.126572488898038, 'noise_gpe_sigma': 98.17067122884593, 'noise_gpi_sigma': 92.12083362559306, 'g_stn_gpe_mult': 3.9349441391582825, 'g_gpe_stn_mult': 0.16533109263540186, 'g_stn_gpi_mult': 1.449254447601415, 'g_gpe_gpi_mult': 0.8089264418481439}. Best is trial 634 with value: 0.13171389422826366.
[I 2026-05-28 03:49:28,314] Trial 676 finished with value: 0.13890699285292524 and parameters: {'ISTN': 60.57226463017819, 'I_gpe': 0.968350527127045, 'I_gpi': 2.275648751312593, 'noise_stn_sigma': 2.0948781255113142, 'noise_gpe_sigma': 96.16502773346197, 'noise_gpi_sigma': 88.74352752674892, 'g_stn_gpe_mult': 3.9744322398796745, 'g_gpe_stn_mult': 0.18032996007872204, 'g_stn_gpi_mult': 1.4943795521266332, 'g_gpe_gpi_mult': 0.8467337870094409}. Best is trial 634 with value: 0.13171389422826366.
[I 2026-05-28 03:49:29,325] Trial 677 finished with value: 0.21768043929228534 and parameters: {'ISTN': 61.679347979870684, 'I_gpe': 0.995233136396773, 'I_gpi': 2.2934045658564832, 'noise_stn_sigma': 1.8792901155531452, 'noise_gpe_sigma': 100.46424667036254, 'noise_gpi_sigma': 85.01070942013781, 'g_stn_gpe_mult': 3.899450389671925, 'g_gpe_stn_mult': 0.18276209146122474, 'g_stn_gpi_mult': 1.4811574195283668, 'g_gpe_gpi_mult': 0.8339380716674907}. Best is trial 634 with value: 0.13171389422826366.
[I 2026-05-28 03:49:30,332] Trial 678 finished with value: 0.2701218602033543 and parameters: {'ISTN': 61.40521605627911, 'I_gpe': 1.1343104514083162, 'I_gpi': 2.3529327674923266, 'noise_stn_sigma': 2.1592558899908036, 'noise_gpe_sigma': 99.06561546634185, 'noise_gpi_sigma': 80.08860092239007, 'g_stn_gpe_mult': 4.004843698340524, 'g_gpe_stn_mult': 0.17012493708007237, 'g_stn_gpi_mult': 1.5168011293342973, 'g_gpe_gpi_mult': 0.8201549678391604}. Best is trial 634 with value: 0.13171389422826366.
[I 2026-05-28 03:49:31,341] Trial 679 finished with value: 0.17116639003484274 and parameters: {'ISTN': 62.51460894083317, 'I_gpe': 0.9829972965084139, 'I_gpi': 2.3516124214505654, 'noise_stn_sigma': 1.959723482546155, 'noise_gpe_sigma': 96.5296334990359, 'noise_gpi_sigma': 84.67618154914472, 'g_stn_gpe_mult': 3.859697241213178, 'g_gpe_stn_mult': 0.16712039902666154, 'g_stn_gpi_mult': 1.550546906298164, 'g_gpe_gpi_mult': 0.8578435062272911}. Best is trial 634 with value: 0.13171389422826366.
[I 2026-05-28 03:49:32,350] Trial 680 finished with value: 0.22847681659228009 and parameters: {'ISTN': 62.82732401486965, 'I_gpe': 1.0252332587396475, 'I_gpi': 2.3217006988392255, 'noise_stn_sigma': 1.9863898889430573, 'noise_gpe_sigma': 100.69569215795751, 'noise_gpi_sigma': 84.86137851970744, 'g_stn_gpe_mult': 3.8532917823106176, 'g_gpe_stn_mult': 0.15999413850878846, 'g_stn_gpi_mult': 1.2537124110318383, 'g_gpe_gpi_mult': 0.8379174363077477}. Best is trial 634 with value: 0.13171389422826366.
[I 2026-05-28 03:49:33,362] Trial 681 finished with value: 0.1623860833762888 and parameters: {'ISTN': 62.15603574419572, 'I_gpe': 0.9963658511550691, 'I_gpi': 2.341775243510522, 'noise_stn_sigma': 2.1864285219596358, 'noise_gpe_sigma': 100.05259279543083, 'noise_gpi_sigma': 92.96913380788664, 'g_stn_gpe_mult': 3.8163153228210382, 'g_gpe_stn_mult': 0.17315940670564312, 'g_stn_gpi_mult': 1.3571644060269505, 'g_gpe_gpi_mult': 0.8425434931247}. Best is trial 634 with value: 0.13171389422826366.
[I 2026-05-28 03:49:34,371] Trial 682 finished with value: 0.15135814011759266 and parameters: {'ISTN': 61.270006092094604, 'I_gpe': 0.9379154547977344, 'I_gpi': 2.2883532863812843, 'noise_stn_sigma': 2.20019204948723, 'noise_gpe_sigma': 96.97634607526648, 'noise_gpi_sigma': 93.25547185385744, 'g_stn_gpe_mult': 3.8360619518076353, 'g_gpe_stn_mult': 0.1828459642822985, 'g_stn_gpi_mult': 1.416635964068329, 'g_gpe_gpi_mult': 0.8717192423547533}. Best is trial 634 with value: 0.13171389422826366.
[I 2026-05-28 03:49:35,379] Trial 683 finished with value: 0.14213535889163645 and parameters: {'ISTN': 61.42575229413229, 'I_gpe': 1.0047735827407938, 'I_gpi': 2.3057720284448173, 'noise_stn_sigma': 1.9264486474305542, 'noise_gpe_sigma': 101.13227433515372, 'noise_gpi_sigma': 84.73965531581966, 'g_stn_gpe_mult': 3.8182240771159437, 'g_gpe_stn_mult': 0.17015555551488665, 'g_stn_gpi_mult': 1.4186129274316648, 'g_gpe_gpi_mult': 0.8926396670104306}. Best is trial 634 with value: 0.13171389422826366.
[I 2026-05-28 03:49:36,385] Trial 684 finished with value: 0.1626440582920662 and parameters: {'ISTN': 62.31270136643682, 'I_gpe': 0.9851790841746038, 'I_gpi': 2.3180812900668153, 'noise_stn_sigma': 2.113878610301795, 'noise_gpe_sigma': 92.78625527440722, 'noise_gpi_sigma': 91.57225762492808, 'g_stn_gpe_mult': 3.821580780698123, 'g_gpe_stn_mult': 0.16825274694042788, 'g_stn_gpi_mult': 1.5691346156662371, 'g_gpe_gpi_mult': 0.8623399117184276}. Best is trial 634 with value: 0.13171389422826366.
[I 2026-05-28 03:49:37,391] Trial 685 finished with value: 0.1528051080812523 and parameters: {'ISTN': 61.06393054973642, 'I_gpe': 0.9718049395581716, 'I_gpi': 2.293822246800689, 'noise_stn_sigma': 2.1686807567397115, 'noise_gpe_sigma': 89.78329280787797, 'noise_gpi_sigma': 89.40505458202577, 'g_stn_gpe_mult': 3.876848533629948, 'g_gpe_stn_mult': 0.17558378162390637, 'g_stn_gpi_mult': 1.4335539307323468, 'g_gpe_gpi_mult': 0.8418424207444961}. Best is trial 634 with value: 0.13171389422826366.
[I 2026-05-28 03:49:38,397] Trial 686 finished with value: 0.13692440345362858 and parameters: {'ISTN': 60.06073469038752, 'I_gpe': 1.0124650680931737, 'I_gpi': 2.3549435258286997, 'noise_stn_sigma': 2.2085370493590384, 'noise_gpe_sigma': 100.9541968131937, 'noise_gpi_sigma': 87.32955405423871, 'g_stn_gpe_mult': 3.9137158349677628, 'g_gpe_stn_mult': 0.18883647445318294, 'g_stn_gpi_mult': 1.3832346672208296, 'g_gpe_gpi_mult': 0.8297022953691167}. Best is trial 634 with value: 0.13171389422826366.
[I 2026-05-28 03:49:39,406] Trial 687 finished with value: 1.0436650186229965 and parameters: {'ISTN': 61.061299861271415, 'I_gpe': 1.0648777402957446, 'I_gpi': 2.324842259554913, 'noise_stn_sigma': 2.133324480096447, 'noise_gpe_sigma': 98.55262548773341, 'noise_gpi_sigma': 88.52172622268472, 'g_stn_gpe_mult': 3.8883137921905555, 'g_gpe_stn_mult': 0.15314875537311928, 'g_stn_gpi_mult': 1.3180927467845933, 'g_gpe_gpi_mult': 0.8582150779781228}. Best is trial 634 with value: 0.13171389422826366.
[I 2026-05-28 03:49:40,412] Trial 688 finished with value: 0.1462418939326477 and parameters: {'ISTN': 61.05533568700351, 'I_gpe': 1.0042185902294083, 'I_gpi': 2.2027435588461968, 'noise_stn_sigma': 2.1696277255636267, 'noise_gpe_sigma': 93.50946833860604, 'noise_gpi_sigma': 84.73393709582383, 'g_stn_gpe_mult': 3.982279454621861, 'g_gpe_stn_mult': 0.1818423269406711, 'g_stn_gpi_mult': 1.4725561655956358, 'g_gpe_gpi_mult': 0.8379225277938447}. Best is trial 634 with value: 0.13171389422826366.
[I 2026-05-28 03:49:41,421] Trial 689 finished with value: 0.19543291357290202 and parameters: {'ISTN': 60.780726920247524, 'I_gpe': 1.0795058297035367, 'I_gpi': 2.4281041300638506, 'noise_stn_sigma': 2.0455344181047437, 'noise_gpe_sigma': 95.37253854668477, 'noise_gpi_sigma': 88.53624586691448, 'g_stn_gpe_mult': 3.943829188815876, 'g_gpe_stn_mult': 0.17468488350111655, 'g_stn_gpi_mult': 1.439228521067934, 'g_gpe_gpi_mult': 0.8399674596139739}. Best is trial 634 with value: 0.13171389422826366.
[I 2026-05-28 03:49:42,428] Trial 690 finished with value: 0.16383724743267272 and parameters: {'ISTN': 62.973192948109, 'I_gpe': 0.9648150333330556, 'I_gpi': 2.274709980957385, 'noise_stn_sigma': 2.032058217773698, 'noise_gpe_sigma': 100.78624974447814, 'noise_gpi_sigma': 91.09388335848841, 'g_stn_gpe_mult': 3.9217661825332932, 'g_gpe_stn_mult': 0.16104325073530318, 'g_stn_gpi_mult': 1.4921669985905552, 'g_gpe_gpi_mult': 0.861750811075412}. Best is trial 634 with value: 0.13171389422826366.
[I 2026-05-28 03:49:43,439] Trial 691 finished with value: 0.14728583523702565 and parameters: {'ISTN': 60.669161425805086, 'I_gpe': 1.0008916805552837, 'I_gpi': 2.2941966829141345, 'noise_stn_sigma': 2.245077904198491, 'noise_gpe_sigma': 97.62929277282478, 'noise_gpi_sigma': 86.93303151173329, 'g_stn_gpe_mult': 3.863838443493128, 'g_gpe_stn_mult': 0.19074396424062767, 'g_stn_gpi_mult': 1.3783147452213274, 'g_gpe_gpi_mult': 0.8679701108483528}. Best is trial 634 with value: 0.13171389422826366.
[I 2026-05-28 03:49:44,447] Trial 692 finished with value: 0.14333120331177068 and parameters: {'ISTN': 61.152284565662825, 'I_gpe': 1.0051115207224484, 'I_gpi': 2.2240878557260872, 'noise_stn_sigma': 2.087354169154497, 'noise_gpe_sigma': 96.55572863727872, 'noise_gpi_sigma': 87.31785351732638, 'g_stn_gpe_mult': 3.925315767002577, 'g_gpe_stn_mult': 0.17650013230540412, 'g_stn_gpi_mult': 1.4020196927487758, 'g_gpe_gpi_mult': 0.8750797577708649}. Best is trial 634 with value: 0.13171389422826366.
[I 2026-05-28 03:49:45,456] Trial 693 finished with value: 0.13125903303211436 and parameters: {'ISTN': 60.258885689740076, 'I_gpe': 1.049778110279683, 'I_gpi': 2.253052452491436, 'noise_stn_sigma': 2.122244205665934, 'noise_gpe_sigma': 100.00871147294619, 'noise_gpi_sigma': 85.82477640842686, 'g_stn_gpe_mult': 3.899467349200573, 'g_gpe_stn_mult': 0.17816759210584293, 'g_stn_gpi_mult': 1.4079266560061665, 'g_gpe_gpi_mult': 0.8453401915134993}. Best is trial 693 with value: 0.13125903303211436.
[I 2026-05-28 03:49:46,465] Trial 694 finished with value: 0.17153603515659963 and parameters: {'ISTN': 62.14905847758537, 'I_gpe': 0.987966405122185, 'I_gpi': 2.3574273467230684, 'noise_stn_sigma': 2.4715602923087587, 'noise_gpe_sigma': 101.82142764077567, 'noise_gpi_sigma': 90.3486589457969, 'g_stn_gpe_mult': 3.854491966187442, 'g_gpe_stn_mult': 0.18099199306943156, 'g_stn_gpi_mult': 1.3599858052925455, 'g_gpe_gpi_mult': 0.8361000971725046}. Best is trial 693 with value: 0.13125903303211436.
[I 2026-05-28 03:49:47,474] Trial 695 finished with value: 1.4288649654588559 and parameters: {'ISTN': 60.11893860124896, 'I_gpe': 1.0197486687982666, 'I_gpi': 2.3056094395547726, 'noise_stn_sigma': 1.9770952473129566, 'noise_gpe_sigma': 99.32292600294967, 'noise_gpi_sigma': 87.19192193331783, 'g_stn_gpe_mult': 3.935817234987377, 'g_gpe_stn_mult': 0.1733580452798782, 'g_stn_gpi_mult': 1.4246800198918343, 'g_gpe_gpi_mult': 0.8342170414449317}. Best is trial 693 with value: 0.13125903303211436.
[I 2026-05-28 03:49:48,482] Trial 696 finished with value: 0.14592852302636417 and parameters: {'ISTN': 61.067236877921886, 'I_gpe': 0.9582761607728448, 'I_gpi': 2.3382922649017104, 'noise_stn_sigma': 2.2236220394802437, 'noise_gpe_sigma': 98.57066741035973, 'noise_gpi_sigma': 88.37377729741442, 'g_stn_gpe_mult': 3.902119129752561, 'g_gpe_stn_mult': 0.18070561204739805, 'g_stn_gpi_mult': 1.397111807004324, 'g_gpe_gpi_mult': 0.8729060924118384}. Best is trial 693 with value: 0.13125903303211436.
[I 2026-05-28 03:49:49,491] Trial 697 finished with value: 0.1414366275189771 and parameters: {'ISTN': 61.03431652700381, 'I_gpe': 0.9909115947993548, 'I_gpi': 2.2546035474544377, 'noise_stn_sigma': 1.961947348955628, 'noise_gpe_sigma': 96.34342492501851, 'noise_gpi_sigma': 85.69271723429557, 'g_stn_gpe_mult': 3.871376165103557, 'g_gpe_stn_mult': 0.17917148417914533, 'g_stn_gpi_mult': 1.397778576604285, 'g_gpe_gpi_mult': 0.870529409699557}. Best is trial 693 with value: 0.13125903303211436.
[I 2026-05-28 03:49:50,498] Trial 698 finished with value: 0.13777674861580266 and parameters: {'ISTN': 60.491186632736735, 'I_gpe': 1.0205784525929797, 'I_gpi': 2.3116249857780318, 'noise_stn_sigma': 2.0375343886907347, 'noise_gpe_sigma': 95.73562081181157, 'noise_gpi_sigma': 90.87700144763681, 'g_stn_gpe_mult': 3.8502617948084383, 'g_gpe_stn_mult': 0.18473069514597829, 'g_stn_gpi_mult': 1.4687186644616763, 'g_gpe_gpi_mult': 0.8777566902114622}. Best is trial 693 with value: 0.13125903303211436.
[I 2026-05-28 03:49:51,507] Trial 699 finished with value: 0.14838131086920686 and parameters: {'ISTN': 61.389796045546674, 'I_gpe': 0.9125902075080621, 'I_gpi': 2.2479728524215816, 'noise_stn_sigma': 2.0451950929428198, 'noise_gpe_sigma': 96.61957915139105, 'noise_gpi_sigma': 81.9618493983013, 'g_stn_gpe_mult': 3.988210898752513, 'g_gpe_stn_mult': 0.16650021487089806, 'g_stn_gpi_mult': 1.5070946034748731, 'g_gpe_gpi_mult': 0.8349847607823127}. Best is trial 693 with value: 0.13125903303211436.
[I 2026-05-28 03:49:52,514] Trial 700 finished with value: 0.16684892584698113 and parameters: {'ISTN': 60.95604381330516, 'I_gpe': 0.892298610809144, 'I_gpi': 2.4400497013847144, 'noise_stn_sigma': 2.2348367504559645, 'noise_gpe_sigma': 96.71770466414789, 'noise_gpi_sigma': 91.26351161882705, 'g_stn_gpe_mult': 3.942900354647946, 'g_gpe_stn_mult': 0.1854680989511195, 'g_stn_gpi_mult': 1.4046189170264303, 'g_gpe_gpi_mult': 0.8005640161551026}. Best is trial 693 with value: 0.13125903303211436.
[I 2026-05-28 03:49:53,525] Trial 701 finished with value: 0.1403494296051959 and parameters: {'ISTN': 60.16751994234461, 'I_gpe': 0.9990145170725547, 'I_gpi': 2.1990157403837456, 'noise_stn_sigma': 2.1506050581533964, 'noise_gpe_sigma': 92.57322019737093, 'noise_gpi_sigma': 78.47771286158299, 'g_stn_gpe_mult': 3.9395842005906307, 'g_gpe_stn_mult': 0.18388257248644302, 'g_stn_gpi_mult': 1.606084897241868, 'g_gpe_gpi_mult': 0.8572615762239029}. Best is trial 693 with value: 0.13125903303211436.
[I 2026-05-28 03:49:54,533] Trial 702 finished with value: 0.1442951122718218 and parameters: {'ISTN': 61.00986050169181, 'I_gpe': 1.05033400321491, 'I_gpi': 2.2461476825268205, 'noise_stn_sigma': 2.2051887341989813, 'noise_gpe_sigma': 95.51600899979087, 'noise_gpi_sigma': 87.89774072217165, 'g_stn_gpe_mult': 3.800707658427111, 'g_gpe_stn_mult': 0.17761062672364972, 'g_stn_gpi_mult': 1.3559466249103262, 'g_gpe_gpi_mult': 0.876743010398529}. Best is trial 693 with value: 0.13125903303211436.
[I 2026-05-28 03:49:55,542] Trial 703 finished with value: 0.14506946263723627 and parameters: {'ISTN': 61.23936627104346, 'I_gpe': 1.012356366031776, 'I_gpi': 2.3030051284823507, 'noise_stn_sigma': 2.0277568688405996, 'noise_gpe_sigma': 100.22484663381076, 'noise_gpi_sigma': 87.30927691789346, 'g_stn_gpe_mult': 3.904989332688978, 'g_gpe_stn_mult': 0.17712540765140414, 'g_stn_gpi_mult': 1.418078474009786, 'g_gpe_gpi_mult': 0.8527956385850488}. Best is trial 693 with value: 0.13125903303211436.
