[I 2026-05-28 03:11:30,981] Trial 440 finished with value: 0.8610084107877725 and parameters: {'ISTN': 63.200986300152856, 'I_gpe': 1.4193280698632285, 'I_gpi': 1.6900499623391156, 'noise_stn_sigma': 1.9615825936099636, 'noise_gpe_sigma': 100.02076487309157, 'noise_gpi_sigma': 92.01736364993047, 'g_stn_gpe_mult': 3.0357603187487845, 'g_gpe_stn_mult': 0.12468698128439035, 'g_stn_gpi_mult': 3.1943587993844362, 'g_gpe_gpi_mult': 0.9746986648836122}. Best is trial 343 with value: 0.14551095611338594.
[I 2026-05-28 03:11:31,993] Trial 441 finished with value: 0.1863207801725731 and parameters: {'ISTN': 63.8374901099138, 'I_gpe': 1.4315692766885129, 'I_gpi': 1.849962572049992, 'noise_stn_sigma': 1.8047990352793568, 'noise_gpe_sigma': 96.73828659552088, 'noise_gpi_sigma': 95.32551776902781, 'g_stn_gpe_mult': 3.017217903754646, 'g_gpe_stn_mult': 0.16140893880460117, 'g_stn_gpi_mult': 3.2824097993553965, 'g_gpe_gpi_mult': 1.011748937600944}. Best is trial 343 with value: 0.14551095611338594.
[I 2026-05-28 03:11:33,004] Trial 442 finished with value: 0.19956453667131602 and parameters: {'ISTN': 66.14361126609685, 'I_gpe': 1.2663988055805149, 'I_gpi': 1.7936833141156037, 'noise_stn_sigma': 1.8595762688606086, 'noise_gpe_sigma': 94.55725667970742, 'noise_gpi_sigma': 96.51812546312581, 'g_stn_gpe_mult': 3.1069854000970336, 'g_gpe_stn_mult': 0.10556596724426237, 'g_stn_gpi_mult': 3.3895595746654905, 'g_gpe_gpi_mult': 0.9851900098835795}. Best is trial 343 with value: 0.14551095611338594.
[I 2026-05-28 03:11:34,016] Trial 443 finished with value: 0.14304182072779936 and parameters: {'ISTN': 61.34366694032749, 'I_gpe': 1.3261293070468856, 'I_gpi': 1.7392146552848877, 'noise_stn_sigma': 1.8889117659160493, 'noise_gpe_sigma': 101.0792545617485, 'noise_gpi_sigma': 76.94927804233079, 'g_stn_gpe_mult': 2.879365548831488, 'g_gpe_stn_mult': 0.15671393694066432, 'g_stn_gpi_mult': 3.4683105010547135, 'g_gpe_gpi_mult': 0.9629640109297244}. Best is trial 443 with value: 0.14304182072779936.
[I 2026-05-28 03:11:35,028] Trial 444 finished with value: 0.2238044841255664 and parameters: {'ISTN': 60.823383147952484, 'I_gpe': 1.1928025231462636, 'I_gpi': 1.5013113619300353, 'noise_stn_sigma': 1.7304035111929659, 'noise_gpe_sigma': 93.23605160829499, 'noise_gpi_sigma': 92.05573101756826, 'g_stn_gpe_mult': 3.0933545615107727, 'g_gpe_stn_mult': 0.1704284566892235, 'g_stn_gpi_mult': 3.37639307884281, 'g_gpe_gpi_mult': 1.027941884017635}. Best is trial 443 with value: 0.14304182072779936.
[I 2026-05-28 03:11:36,038] Trial 445 finished with value: 0.17786865344387215 and parameters: {'ISTN': 65.31415787076662, 'I_gpe': 1.383366202909925, 'I_gpi': 1.8115525224612496, 'noise_stn_sigma': 1.4972192407577767, 'noise_gpe_sigma': 101.72947588787292, 'noise_gpi_sigma': 77.08290866856363, 'g_stn_gpe_mult': 2.8916630114927724, 'g_gpe_stn_mult': 0.14429223830759846, 'g_stn_gpi_mult': 3.2988382513619, 'g_gpe_gpi_mult': 1.1016931899514772}. Best is trial 443 with value: 0.14304182072779936.
[I 2026-05-28 03:11:37,049] Trial 446 finished with value: 0.1726189596954637 and parameters: {'ISTN': 63.07092690758723, 'I_gpe': 1.2506295732166963, 'I_gpi': 1.760988362494642, 'noise_stn_sigma': 2.1754652733521933, 'noise_gpe_sigma': 93.15446723899505, 'noise_gpi_sigma': 92.66145875706296, 'g_stn_gpe_mult': 3.209259020918833, 'g_gpe_stn_mult': 0.1460733507250854, 'g_stn_gpi_mult': 3.35065338932213, 'g_gpe_gpi_mult': 1.0392288627115627}. Best is trial 443 with value: 0.14304182072779936.
[I 2026-05-28 03:11:38,061] Trial 447 finished with value: 0.18260438668314463 and parameters: {'ISTN': 60.95146368927865, 'I_gpe': 1.5539689361459175, 'I_gpi': 1.8433438344095854, 'noise_stn_sigma': 2.1914874179990083, 'noise_gpe_sigma': 94.3616552756965, 'noise_gpi_sigma': 86.44612650175262, 'g_stn_gpe_mult': 3.1358453580606582, 'g_gpe_stn_mult': 0.13641820857600698, 'g_stn_gpi_mult': 3.4293191610971143, 'g_gpe_gpi_mult': 0.9535853391560736}. Best is trial 443 with value: 0.14304182072779936.
[I 2026-05-28 03:11:39,072] Trial 448 finished with value: 0.18436824666673607 and parameters: {'ISTN': 62.04324056752241, 'I_gpe': 1.178924349999071, 'I_gpi': 1.6804499860350852, 'noise_stn_sigma': 2.2712426651749786, 'noise_gpe_sigma': 92.13292012108651, 'noise_gpi_sigma': 78.9394539597455, 'g_stn_gpe_mult': 2.78225644790009, 'g_gpe_stn_mult': 0.1868982030088563, 'g_stn_gpi_mult': 3.3814542840801236, 'g_gpe_gpi_mult': 1.02919667399898}. Best is trial 443 with value: 0.14304182072779936.
[I 2026-05-28 03:11:40,083] Trial 449 finished with value: 1.674057690732689 and parameters: {'ISTN': 62.195675083026416, 'I_gpe': 1.1911922190030113, 'I_gpi': 1.6520213234693766, 'noise_stn_sigma': 1.9265512212858535, 'noise_gpe_sigma': 98.55895827588415, 'noise_gpi_sigma': 84.41140200536785, 'g_stn_gpe_mult': 3.11508432133963, 'g_gpe_stn_mult': 0.10673065129126269, 'g_stn_gpi_mult': 3.387188197402361, 'g_gpe_gpi_mult': 1.0383937826433778}. Best is trial 443 with value: 0.14304182072779936.
[I 2026-05-28 03:11:41,094] Trial 450 finished with value: 0.16124587632908635 and parameters: {'ISTN': 61.05751514505865, 'I_gpe': 1.1825236783674122, 'I_gpi': 1.7047184288001076, 'noise_stn_sigma': 1.911972390658867, 'noise_gpe_sigma': 98.78823815305698, 'noise_gpi_sigma': 83.91161567837585, 'g_stn_gpe_mult': 3.005104059241864, 'g_gpe_stn_mult': 0.18203024317562064, 'g_stn_gpi_mult': 3.275493885047833, 'g_gpe_gpi_mult': 1.003803229778192}. Best is trial 443 with value: 0.14304182072779936.
[I 2026-05-28 03:11:42,106] Trial 451 finished with value: 0.1822712931745132 and parameters: {'ISTN': 61.5342836292099, 'I_gpe': 1.446879730170835, 'I_gpi': 1.959459416622371, 'noise_stn_sigma': 2.647227711157943, 'noise_gpe_sigma': 91.7479184993182, 'noise_gpi_sigma': 86.5493539682205, 'g_stn_gpe_mult': 2.8724107222096986, 'g_gpe_stn_mult': 0.2082751746712912, 'g_stn_gpi_mult': 3.440765448760689, 'g_gpe_gpi_mult': 0.9923981078240658}. Best is trial 443 with value: 0.14304182072779936.
[I 2026-05-28 03:11:43,116] Trial 452 finished with value: 0.1512580606143926 and parameters: {'ISTN': 60.85317009929842, 'I_gpe': 1.2831729654696555, 'I_gpi': 1.752217392676142, 'noise_stn_sigma': 2.2569636145048477, 'noise_gpe_sigma': 98.26899821557728, 'noise_gpi_sigma': 85.98182704220658, 'g_stn_gpe_mult': 3.2113446084944623, 'g_gpe_stn_mult': 0.16720171533469627, 'g_stn_gpi_mult': 3.1445188202472116, 'g_gpe_gpi_mult': 1.1053065833525426}. Best is trial 443 with value: 0.14304182072779936.
[I 2026-05-28 03:11:44,128] Trial 453 finished with value: 0.1943256903460309 and parameters: {'ISTN': 62.51858212568354, 'I_gpe': 1.4610379790451704, 'I_gpi': 1.7115361882458653, 'noise_stn_sigma': 2.1437131947722117, 'noise_gpe_sigma': 92.11340176154698, 'noise_gpi_sigma': 80.44197017752225, 'g_stn_gpe_mult': 2.967139998119815, 'g_gpe_stn_mult': 0.15711101280390521, 'g_stn_gpi_mult': 3.3046697243886047, 'g_gpe_gpi_mult': 0.9572100789140447}. Best is trial 443 with value: 0.14304182072779936.
[I 2026-05-28 03:11:45,139] Trial 454 finished with value: 0.45468693167601026 and parameters: {'ISTN': 60.11476090541976, 'I_gpe': 1.058053376958334, 'I_gpi': 1.7352846172042873, 'noise_stn_sigma': 2.4224325925673758, 'noise_gpe_sigma': 94.79091369651688, 'noise_gpi_sigma': 75.70751001947471, 'g_stn_gpe_mult': 3.0647030599815723, 'g_gpe_stn_mult': 0.136071654010437, 'g_stn_gpi_mult': 3.5580056529168904, 'g_gpe_gpi_mult': 1.002747962257393}. Best is trial 443 with value: 0.14304182072779936.
[I 2026-05-28 03:11:46,151] Trial 455 finished with value: 0.4860453845000445 and parameters: {'ISTN': 60.26326190693225, 'I_gpe': 1.2466210307275825, 'I_gpi': 1.4901031325012468, 'noise_stn_sigma': 2.0101009853213077, 'noise_gpe_sigma': 103.08980773144332, 'noise_gpi_sigma': 88.76219085187236, 'g_stn_gpe_mult': 3.213265302326514, 'g_gpe_stn_mult': 0.16236552463128232, 'g_stn_gpi_mult': 3.456927400594458, 'g_gpe_gpi_mult': 0.9484965460652361}. Best is trial 443 with value: 0.14304182072779936.
[I 2026-05-28 03:11:47,163] Trial 456 finished with value: 0.15339427267146513 and parameters: {'ISTN': 60.93414371009124, 'I_gpe': 1.1589421162899218, 'I_gpi': 1.7457432258914687, 'noise_stn_sigma': 1.8998145227656227, 'noise_gpe_sigma': 102.67206759435508, 'noise_gpi_sigma': 74.30359180910963, 'g_stn_gpe_mult': 3.15598832349703, 'g_gpe_stn_mult': 0.18672558141157686, 'g_stn_gpi_mult': 3.418396427886541, 'g_gpe_gpi_mult': 0.9952352609343742}. Best is trial 443 with value: 0.14304182072779936.
[I 2026-05-28 03:11:48,173] Trial 457 finished with value: 0.2315181632391894 and parameters: {'ISTN': 64.87068583248994, 'I_gpe': 1.373537944281035, 'I_gpi': 1.5750148711497494, 'noise_stn_sigma': 1.2379332947451986, 'noise_gpe_sigma': 92.9643298965708, 'noise_gpi_sigma': 91.3337443059661, 'g_stn_gpe_mult': 2.971279982914709, 'g_gpe_stn_mult': 0.15904278022231022, 'g_stn_gpi_mult': 3.144170855119409, 'g_gpe_gpi_mult': 0.9472645770409565}. Best is trial 443 with value: 0.14304182072779936.
[I 2026-05-28 03:11:49,186] Trial 458 finished with value: 0.31930937031909157 and parameters: {'ISTN': 63.73359036358063, 'I_gpe': 1.1824418523146951, 'I_gpi': 1.9000358222055391, 'noise_stn_sigma': 1.9071702727140465, 'noise_gpe_sigma': 97.75166433904093, 'noise_gpi_sigma': 78.5973954781349, 'g_stn_gpe_mult': 2.9189025255841994, 'g_gpe_stn_mult': 0.16177527662499197, 'g_stn_gpi_mult': 3.3044523870748765, 'g_gpe_gpi_mult': 0.9618696454183528}. Best is trial 443 with value: 0.14304182072779936.
[I 2026-05-28 03:11:50,198] Trial 459 finished with value: 0.9566507025554933 and parameters: {'ISTN': 61.8305269194111, 'I_gpe': 1.1514141201382833, 'I_gpi': 1.9167034982281415, 'noise_stn_sigma': 1.8808525632511244, 'noise_gpe_sigma': 96.70599215678271, 'noise_gpi_sigma': 90.57588959110592, 'g_stn_gpe_mult': 2.893871567935736, 'g_gpe_stn_mult': 0.13850117595075856, 'g_stn_gpi_mult': 3.322592532089809, 'g_gpe_gpi_mult': 0.9455217028145246}. Best is trial 443 with value: 0.14304182072779936.
[I 2026-05-28 03:11:51,211] Trial 460 finished with value: 0.19779844525777115 and parameters: {'ISTN': 60.45013743403196, 'I_gpe': 1.3805053634459996, 'I_gpi': 1.8193082970802714, 'noise_stn_sigma': 1.8997015999732296, 'noise_gpe_sigma': 97.91041727707257, 'noise_gpi_sigma': 91.95726413837764, 'g_stn_gpe_mult': 2.8005588419168195, 'g_gpe_stn_mult': 0.1769755614327986, 'g_stn_gpi_mult': 3.460893112527948, 'g_gpe_gpi_mult': 0.9928693085886771}. Best is trial 443 with value: 0.14304182072779936.
[I 2026-05-28 03:11:52,226] Trial 461 finished with value: 0.2940724389670818 and parameters: {'ISTN': 60.27782023517984, 'I_gpe': 1.3324970445450568, 'I_gpi': 1.8187806374205078, 'noise_stn_sigma': 2.0856880514151763, 'noise_gpe_sigma': 96.27832178352826, 'noise_gpi_sigma': 81.62831560424848, 'g_stn_gpe_mult': 3.0410375883849547, 'g_gpe_stn_mult': 0.19054132641979665, 'g_stn_gpi_mult': 3.32658119758499, 'g_gpe_gpi_mult': 1.0885817757870144}. Best is trial 443 with value: 0.14304182072779936.
[I 2026-05-28 03:11:53,238] Trial 462 finished with value: 0.1692361102792165 and parameters: {'ISTN': 61.9746679705693, 'I_gpe': 1.2493565094188268, 'I_gpi': 1.8409906562249523, 'noise_stn_sigma': 2.3566868253190307, 'noise_gpe_sigma': 96.60353561558092, 'noise_gpi_sigma': 89.01153084369078, 'g_stn_gpe_mult': 3.14464683737828, 'g_gpe_stn_mult': 0.19137153538714702, 'g_stn_gpi_mult': 3.282685826322618, 'g_gpe_gpi_mult': 0.9775691763173229}. Best is trial 443 with value: 0.14304182072779936.
[I 2026-05-28 03:11:54,252] Trial 463 finished with value: 0.16205797861445578 and parameters: {'ISTN': 63.214420595504826, 'I_gpe': 1.2225294540870482, 'I_gpi': 1.7706217966203177, 'noise_stn_sigma': 2.1112253458312873, 'noise_gpe_sigma': 90.3795237065756, 'noise_gpi_sigma': 84.82175363615995, 'g_stn_gpe_mult': 3.3244426302057097, 'g_gpe_stn_mult': 0.14275933251416337, 'g_stn_gpi_mult': 3.3753576797418563, 'g_gpe_gpi_mult': 1.112202625448843}. Best is trial 443 with value: 0.14304182072779936.
[I 2026-05-28 03:11:55,262] Trial 464 finished with value: 0.17151266668496054 and parameters: {'ISTN': 62.09297479540453, 'I_gpe': 1.2293186866849208, 'I_gpi': 1.677776954975581, 'noise_stn_sigma': 2.0602973552366866, 'noise_gpe_sigma': 97.453052625405, 'noise_gpi_sigma': 83.85549536143571, 'g_stn_gpe_mult': 2.9441433665296133, 'g_gpe_stn_mult': 0.16937801039278524, 'g_stn_gpi_mult': 3.3828193981965446, 'g_gpe_gpi_mult': 1.0126407340468704}. Best is trial 443 with value: 0.14304182072779936.
[I 2026-05-28 03:11:56,277] Trial 465 finished with value: 0.1887209170235731 and parameters: {'ISTN': 62.10780568396931, 'I_gpe': 1.4129842029705098, 'I_gpi': 2.0230974743914105, 'noise_stn_sigma': 2.326851888233326, 'noise_gpe_sigma': 94.41821318485565, 'noise_gpi_sigma': 84.79190219389707, 'g_stn_gpe_mult': 3.1767488210444634, 'g_gpe_stn_mult': 0.20337329585420275, 'g_stn_gpi_mult': 3.2975871604031797, 'g_gpe_gpi_mult': 1.0367295658077111}. Best is trial 443 with value: 0.14304182072779936.
[I 2026-05-28 03:11:57,292] Trial 466 finished with value: 0.7927248279442786 and parameters: {'ISTN': 62.55984316309673, 'I_gpe': 1.3755658774128734, 'I_gpi': 1.924594736314344, 'noise_stn_sigma': 1.8892032851075498, 'noise_gpe_sigma': 97.43566317768718, 'noise_gpi_sigma': 84.49122637601766, 'g_stn_gpe_mult': 2.9561301975015977, 'g_gpe_stn_mult': 0.11123260860944828, 'g_stn_gpi_mult': 3.263611574919496, 'g_gpe_gpi_mult': 0.9948837358978955}. Best is trial 443 with value: 0.14304182072779936.
[I 2026-05-28 03:11:58,302] Trial 467 finished with value: 0.15529243948799462 and parameters: {'ISTN': 60.31829119826765, 'I_gpe': 1.1883106068138176, 'I_gpi': 1.977852916843824, 'noise_stn_sigma': 2.2666005636202096, 'noise_gpe_sigma': 108.2017519224531, 'noise_gpi_sigma': 68.68042114409047, 'g_stn_gpe_mult': 3.00166743185821, 'g_gpe_stn_mult': 0.19392426975625426, 'g_stn_gpi_mult': 3.344138173998165, 'g_gpe_gpi_mult': 1.0056860421226406}. Best is trial 443 with value: 0.14304182072779936.
[I 2026-05-28 03:11:59,312] Trial 468 finished with value: 0.2042518676659571 and parameters: {'ISTN': 63.11072684262595, 'I_gpe': 1.0978533771109535, 'I_gpi': 1.5422993539722185, 'noise_stn_sigma': 2.375063644972488, 'noise_gpe_sigma': 95.72655320322052, 'noise_gpi_sigma': 69.92958381314068, 'g_stn_gpe_mult': 3.1636007617688566, 'g_gpe_stn_mult': 0.17722281958996616, 'g_stn_gpi_mult': 3.5338572128083072, 'g_gpe_gpi_mult': 1.0965003672146327}. Best is trial 443 with value: 0.14304182072779936.
[I 2026-05-28 03:12:00,322] Trial 469 finished with value: 0.33660009334909413 and parameters: {'ISTN': 62.03935595009508, 'I_gpe': 1.229955133614081, 'I_gpi': 1.6172043511007077, 'noise_stn_sigma': 1.9475315408373355, 'noise_gpe_sigma': 100.92178260192973, 'noise_gpi_sigma': 82.1412105645712, 'g_stn_gpe_mult': 3.290700912298819, 'g_gpe_stn_mult': 0.14307908775420614, 'g_stn_gpi_mult': 3.2048541371987285, 'g_gpe_gpi_mult': 1.0394753183609804}. Best is trial 443 with value: 0.14304182072779936.
[I 2026-05-28 03:12:01,335] Trial 470 finished with value: 0.3802217123932091 and parameters: {'ISTN': 62.62056067813415, 'I_gpe': 1.1827098368182685, 'I_gpi': 1.775527650435085, 'noise_stn_sigma': 2.514815521865467, 'noise_gpe_sigma': 93.28929905753905, 'noise_gpi_sigma': 81.2578668463076, 'g_stn_gpe_mult': 3.3745498455604546, 'g_gpe_stn_mult': 0.16901916546732956, 'g_stn_gpi_mult': 3.155276991037156, 'g_gpe_gpi_mult': 1.0851007880156929}. Best is trial 443 with value: 0.14304182072779936.
[I 2026-05-28 03:12:02,287] Trial 471 finished with value: 1000000.0 and parameters: {'ISTN': 64.02478035239704, 'I_gpe': 1.434536608540424, 'I_gpi': 1.9661764707620368, 'noise_stn_sigma': 1.8104338501784034, 'noise_gpe_sigma': 103.73278470505682, 'noise_gpi_sigma': 79.77765095020123, 'g_stn_gpe_mult': 3.046556830341866, 'g_gpe_stn_mult': 0.14020752828853641, 'g_stn_gpi_mult': 3.412636595687321, 'g_gpe_gpi_mult': 1.0845654024809792}. Best is trial 443 with value: 0.14304182072779936.
[I 2026-05-28 03:12:03,297] Trial 472 finished with value: 0.1704817029873376 and parameters: {'ISTN': 62.08013731725587, 'I_gpe': 1.0664296637210606, 'I_gpi': 2.045658063725745, 'noise_stn_sigma': 2.1963760070785074, 'noise_gpe_sigma': 104.63031955880965, 'noise_gpi_sigma': 81.70755667161404, 'g_stn_gpe_mult': 3.158305755103503, 'g_gpe_stn_mult': 0.16752729536791705, 'g_stn_gpi_mult': 3.4959480858060905, 'g_gpe_gpi_mult': 1.0320629002838666}. Best is trial 443 with value: 0.14304182072779936.
[I 2026-05-28 03:12:04,309] Trial 473 finished with value: 0.5088421926937324 and parameters: {'ISTN': 62.63853200366605, 'I_gpe': 1.242496143723991, 'I_gpi': 1.9701157299285252, 'noise_stn_sigma': 2.200744436612265, 'noise_gpe_sigma': 99.75979830468526, 'noise_gpi_sigma': 81.52466043417333, 'g_stn_gpe_mult': 2.8922638502940536, 'g_gpe_stn_mult': 0.16987518578633215, 'g_stn_gpi_mult': 3.2841346623509686, 'g_gpe_gpi_mult': 1.0237441442400288}. Best is trial 443 with value: 0.14304182072779936.
[I 2026-05-28 03:12:05,320] Trial 474 finished with value: 0.16603495823206232 and parameters: {'ISTN': 61.454881922624054, 'I_gpe': 1.16291339640456, 'I_gpi': 1.9431232100859162, 'noise_stn_sigma': 2.297427320555205, 'noise_gpe_sigma': 99.04479998409803, 'noise_gpi_sigma': 69.85929980211395, 'g_stn_gpe_mult': 3.229277436319915, 'g_gpe_stn_mult': 0.1831386797667401, 'g_stn_gpi_mult': 3.3665343909888015, 'g_gpe_gpi_mult': 1.0306000445506018}. Best is trial 443 with value: 0.14304182072779936.
[I 2026-05-28 03:12:06,331] Trial 475 finished with value: 0.16501998365287132 and parameters: {'ISTN': 62.22827526533129, 'I_gpe': 0.9959320138765557, 'I_gpi': 1.8440382828589574, 'noise_stn_sigma': 2.355070971744391, 'noise_gpe_sigma': 95.81093603243126, 'noise_gpi_sigma': 87.11160250653049, 'g_stn_gpe_mult': 3.050283126000056, 'g_gpe_stn_mult': 0.14300493192522962, 'g_stn_gpi_mult': 3.4391142437592555, 'g_gpe_gpi_mult': 0.9946624451415456}. Best is trial 443 with value: 0.14304182072779936.
[I 2026-05-28 03:12:07,345] Trial 476 finished with value: 0.2065594626994343 and parameters: {'ISTN': 62.58634540914764, 'I_gpe': 1.1425975808548914, 'I_gpi': 2.0178507574095534, 'noise_stn_sigma': 2.407042773768427, 'noise_gpe_sigma': 103.99184496237424, 'noise_gpi_sigma': 70.7713401550925, 'g_stn_gpe_mult': 3.0566943494759755, 'g_gpe_stn_mult': 0.21771227119197148, 'g_stn_gpi_mult': 3.2634024286750254, 'g_gpe_gpi_mult': 0.9492864025150078}. Best is trial 443 with value: 0.14304182072779936.
[I 2026-05-28 03:12:08,359] Trial 477 finished with value: 0.17121635756923462 and parameters: {'ISTN': 61.75171558675653, 'I_gpe': 1.1175827747342189, 'I_gpi': 2.0982135070579573, 'noise_stn_sigma': 1.777513938251027, 'noise_gpe_sigma': 97.72602478276374, 'noise_gpi_sigma': 71.65692954000671, 'g_stn_gpe_mult': 2.9997339796886298, 'g_gpe_stn_mult': 0.171492217657678, 'g_stn_gpi_mult': 3.312465474365693, 'g_gpe_gpi_mult': 1.1201097877548607}. Best is trial 443 with value: 0.14304182072779936.
[I 2026-05-28 03:12:09,369] Trial 478 finished with value: 0.18704232808236884 and parameters: {'ISTN': 63.06985787198156, 'I_gpe': 1.2752639949282896, 'I_gpi': 2.0456016915281774, 'noise_stn_sigma': 2.6580522485189984, 'noise_gpe_sigma': 103.68439751293627, 'noise_gpi_sigma': 77.61533115828365, 'g_stn_gpe_mult': 3.3354929249274505, 'g_gpe_stn_mult': 0.1886397547485003, 'g_stn_gpi_mult': 3.2768326435759567, 'g_gpe_gpi_mult': 1.056385881476932}. Best is trial 443 with value: 0.14304182072779936.
[I 2026-05-28 03:12:10,377] Trial 479 finished with value: 0.2546756224117298 and parameters: {'ISTN': 63.80363481092689, 'I_gpe': 1.287113419821793, 'I_gpi': 1.9651028380109206, 'noise_stn_sigma': 1.5881388223097797, 'noise_gpe_sigma': 101.64026699649727, 'noise_gpi_sigma': 81.20262632112873, 'g_stn_gpe_mult': 3.384093903321678, 'g_gpe_stn_mult': 0.2113459843392606, 'g_stn_gpi_mult': 3.084825191345061, 'g_gpe_gpi_mult': 1.0384098889559952}. Best is trial 443 with value: 0.14304182072779936.
[I 2026-05-28 03:12:11,388] Trial 480 finished with value: 0.17432546101398208 and parameters: {'ISTN': 62.06405818473438, 'I_gpe': 1.2547590726293398, 'I_gpi': 2.0566265576937894, 'noise_stn_sigma': 1.7239999689323775, 'noise_gpe_sigma': 102.33330295052545, 'noise_gpi_sigma': 78.26162723337436, 'g_stn_gpe_mult': 3.2105335031317823, 'g_gpe_stn_mult': 0.17373390226510388, 'g_stn_gpi_mult': 3.3136209207054375, 'g_gpe_gpi_mult': 1.0417796724381971}. Best is trial 443 with value: 0.14304182072779936.
[I 2026-05-28 03:12:12,401] Trial 481 finished with value: 0.4675386984357711 and parameters: {'ISTN': 60.01375566679227, 'I_gpe': 0.9281524603642, 'I_gpi': 1.6300204452516636, 'noise_stn_sigma': 2.1646617940906703, 'noise_gpe_sigma': 100.88978809586318, 'noise_gpi_sigma': 71.82888011856711, 'g_stn_gpe_mult': 2.967488289687509, 'g_gpe_stn_mult': 0.1206105170963586, 'g_stn_gpi_mult': 3.5328931209063765, 'g_gpe_gpi_mult': 0.9890408071768677}. Best is trial 443 with value: 0.14304182072779936.
[I 2026-05-28 03:12:13,412] Trial 482 finished with value: 0.19207342152300644 and parameters: {'ISTN': 64.04351452926859, 'I_gpe': 0.9140198716351615, 'I_gpi': 1.9241488819806247, 'noise_stn_sigma': 1.950937659555862, 'noise_gpe_sigma': 96.91230413250393, 'noise_gpi_sigma': 87.14558395320095, 'g_stn_gpe_mult': 3.187499016205933, 'g_gpe_stn_mult': 0.14603768559353192, 'g_stn_gpi_mult': 3.303729008898568, 'g_gpe_gpi_mult': 1.1277623088119864}. Best is trial 443 with value: 0.14304182072779936.
[I 2026-05-28 03:12:14,422] Trial 483 finished with value: 0.19529529593201894 and parameters: {'ISTN': 62.53534544337644, 'I_gpe': 0.7815640938272189, 'I_gpi': 1.8453336191570369, 'noise_stn_sigma': 2.0031850005079845, 'noise_gpe_sigma': 107.61755702838065, 'noise_gpi_sigma': 66.85881005856857, 'g_stn_gpe_mult': 3.151202065145964, 'g_gpe_stn_mult': 0.1755215723349716, 'g_stn_gpi_mult': 3.3593884944594867, 'g_gpe_gpi_mult': 1.049113137686756}. Best is trial 443 with value: 0.14304182072779936.
