[I 2026-05-28 03:46:59,248] Trial 528 finished with value: 0.17553792546850472 and parameters: {'ISTN': 64.08289666577525, 'I_gpe': 1.0277552377606987, 'I_gpi': 2.065818783199516, 'noise_stn_sigma': 1.9196947064125287, 'noise_gpe_sigma': 101.64302051653925, 'noise_gpi_sigma': 88.85023805916148, 'g_stn_gpe_mult': 3.5031635689374507, 'g_gpe_stn_mult': 0.1519715115815583, 'g_stn_gpi_mult': 1.5863946873596564, 'g_gpe_gpi_mult': 0.9798293903226043}. Best is trial 415 with value: 0.13860170072011044.
[I 2026-05-28 03:47:00,254] Trial 529 finished with value: 0.16752368443955695 and parameters: {'ISTN': 62.48605739650352, 'I_gpe': 1.067880370437173, 'I_gpi': 2.159224488663771, 'noise_stn_sigma': 2.06302256782904, 'noise_gpe_sigma': 96.03527074780567, 'noise_gpi_sigma': 88.80590197570535, 'g_stn_gpe_mult': 3.597779783255958, 'g_gpe_stn_mult': 0.18988964923108825, 'g_stn_gpi_mult': 1.7799994461070914, 'g_gpe_gpi_mult': 0.9199522120740193}. Best is trial 415 with value: 0.13860170072011044.
[I 2026-05-28 03:47:01,261] Trial 530 finished with value: 0.1537554797417652 and parameters: {'ISTN': 61.09093006186043, 'I_gpe': 1.0999100946335778, 'I_gpi': 2.1276619324936714, 'noise_stn_sigma': 2.07914731274285, 'noise_gpe_sigma': 95.58570871936902, 'noise_gpi_sigma': 84.97392967035239, 'g_stn_gpe_mult': 3.395609917802644, 'g_gpe_stn_mult': 0.18599661993792121, 'g_stn_gpi_mult': 1.4633191397528547, 'g_gpe_gpi_mult': 0.954201283335703}. Best is trial 415 with value: 0.13860170072011044.
[I 2026-05-28 03:47:02,271] Trial 531 finished with value: 1.5130458273353888 and parameters: {'ISTN': 60.905406298718304, 'I_gpe': 0.9978209858434425, 'I_gpi': 2.2700763535373905, 'noise_stn_sigma': 2.0157758161317396, 'noise_gpe_sigma': 92.0613057366001, 'noise_gpi_sigma': 84.40617363898374, 'g_stn_gpe_mult': 3.8042124439525873, 'g_gpe_stn_mult': 0.1401786308138917, 'g_stn_gpi_mult': 1.7659724047137897, 'g_gpe_gpi_mult': 0.8994408850944522}. Best is trial 415 with value: 0.13860170072011044.
[I 2026-05-28 03:47:03,282] Trial 532 finished with value: 0.22495893443481813 and parameters: {'ISTN': 61.86435146603245, 'I_gpe': 1.1898167124877082, 'I_gpi': 2.121719329994429, 'noise_stn_sigma': 1.7298467628499616, 'noise_gpe_sigma': 95.10897123100342, 'noise_gpi_sigma': 75.06402340408309, 'g_stn_gpe_mult': 3.652260895068622, 'g_gpe_stn_mult': 0.16424749195938776, 'g_stn_gpi_mult': 1.4394714705857203, 'g_gpe_gpi_mult': 0.945378183923195}. Best is trial 415 with value: 0.13860170072011044.
[I 2026-05-28 03:47:04,288] Trial 533 finished with value: 0.15894197982862004 and parameters: {'ISTN': 63.198128182004325, 'I_gpe': 1.0099000054406675, 'I_gpi': 2.175341863227483, 'noise_stn_sigma': 2.1010269291523906, 'noise_gpe_sigma': 101.59663506770312, 'noise_gpi_sigma': 83.06426209718518, 'g_stn_gpe_mult': 3.6459596666540555, 'g_gpe_stn_mult': 0.1425197981573068, 'g_stn_gpi_mult': 1.5015926856000898, 'g_gpe_gpi_mult': 0.879104424214616}. Best is trial 415 with value: 0.13860170072011044.
[I 2026-05-28 03:47:05,295] Trial 534 finished with value: 0.1502522600592468 and parameters: {'ISTN': 61.86599860428689, 'I_gpe': 1.0321544363111306, 'I_gpi': 2.2939468694304606, 'noise_stn_sigma': 2.198251404269428, 'noise_gpe_sigma': 94.56035006862825, 'noise_gpi_sigma': 90.83835288540683, 'g_stn_gpe_mult': 3.496038018439157, 'g_gpe_stn_mult': 0.16101337856649256, 'g_stn_gpi_mult': 1.4660261651591195, 'g_gpe_gpi_mult': 0.9616873912179089}. Best is trial 415 with value: 0.13860170072011044.
[I 2026-05-28 03:47:06,304] Trial 535 finished with value: 0.17225317792135664 and parameters: {'ISTN': 62.00496286086321, 'I_gpe': 0.9641128422204331, 'I_gpi': 2.1682153854494546, 'noise_stn_sigma': 1.9507072640189083, 'noise_gpe_sigma': 98.79690247782757, 'noise_gpi_sigma': 80.72351042260004, 'g_stn_gpe_mult': 3.405164148115296, 'g_gpe_stn_mult': 0.19025978144128472, 'g_stn_gpi_mult': 1.474461496842952, 'g_gpe_gpi_mult': 0.9769024785967626}. Best is trial 415 with value: 0.13860170072011044.
[I 2026-05-28 03:47:07,315] Trial 536 finished with value: 0.33752542767797605 and parameters: {'ISTN': 61.3664128670354, 'I_gpe': 1.3067123587063718, 'I_gpi': 2.1446305427749266, 'noise_stn_sigma': 1.9285322681651458, 'noise_gpe_sigma': 89.52297842671547, 'noise_gpi_sigma': 81.1116305833124, 'g_stn_gpe_mult': 3.5363638654774454, 'g_gpe_stn_mult': 0.14677944553596994, 'g_stn_gpi_mult': 1.5105643174168701, 'g_gpe_gpi_mult': 0.9333702540547146}. Best is trial 415 with value: 0.13860170072011044.
[I 2026-05-28 03:47:08,324] Trial 537 finished with value: 0.17575688833982397 and parameters: {'ISTN': 64.64073455832042, 'I_gpe': 1.1398212681349498, 'I_gpi': 2.1691592437724316, 'noise_stn_sigma': 2.11537120567664, 'noise_gpe_sigma': 91.26944518980591, 'noise_gpi_sigma': 87.44450112868316, 'g_stn_gpe_mult': 3.410504737759384, 'g_gpe_stn_mult': 0.12393267500610324, 'g_stn_gpi_mult': 1.3485106186916533, 'g_gpe_gpi_mult': 0.9379253918560579}. Best is trial 415 with value: 0.13860170072011044.
[I 2026-05-28 03:47:09,330] Trial 538 finished with value: 0.184928850915307 and parameters: {'ISTN': 63.49187876152135, 'I_gpe': 0.9510422934997984, 'I_gpi': 2.1426999720904853, 'noise_stn_sigma': 2.3998538804634055, 'noise_gpe_sigma': 112.51897540126203, 'noise_gpi_sigma': 80.85583349674977, 'g_stn_gpe_mult': 3.323948762043928, 'g_gpe_stn_mult': 0.18001902434008835, 'g_stn_gpi_mult': 1.4144762901683925, 'g_gpe_gpi_mult': 0.9831071820211785}. Best is trial 415 with value: 0.13860170072011044.
[I 2026-05-28 03:47:10,338] Trial 539 finished with value: 0.18154488766147767 and parameters: {'ISTN': 63.51452664611285, 'I_gpe': 1.047836437737146, 'I_gpi': 2.1096962489836484, 'noise_stn_sigma': 2.329175485341047, 'noise_gpe_sigma': 91.9257173723395, 'noise_gpi_sigma': 80.85804567358377, 'g_stn_gpe_mult': 3.552355016908441, 'g_gpe_stn_mult': 0.16694286920325063, 'g_stn_gpi_mult': 1.504447004174443, 'g_gpe_gpi_mult': 0.9100092243996567}. Best is trial 415 with value: 0.13860170072011044.
[I 2026-05-28 03:47:11,344] Trial 540 finished with value: 0.20224495523535738 and parameters: {'ISTN': 62.325358907958275, 'I_gpe': 1.1001192118579393, 'I_gpi': 2.1238764000386086, 'noise_stn_sigma': 2.227886778317762, 'noise_gpe_sigma': 101.76253886976718, 'noise_gpi_sigma': 76.79694168851398, 'g_stn_gpe_mult': 3.81830610919824, 'g_gpe_stn_mult': 0.15862321196564333, 'g_stn_gpi_mult': 1.6684540035071063, 'g_gpe_gpi_mult': 0.9480630103761658}. Best is trial 415 with value: 0.13860170072011044.
[I 2026-05-28 03:47:12,354] Trial 541 finished with value: 0.14411363090929477 and parameters: {'ISTN': 62.34173282778502, 'I_gpe': 1.1027462993074473, 'I_gpi': 2.098943616157352, 'noise_stn_sigma': 1.664062530400829, 'noise_gpe_sigma': 97.46060981548817, 'noise_gpi_sigma': 91.88877147987256, 'g_stn_gpe_mult': 3.4574346512992573, 'g_gpe_stn_mult': 0.15198073776898047, 'g_stn_gpi_mult': 1.6060744827020756, 'g_gpe_gpi_mult': 1.0402253108373647}. Best is trial 415 with value: 0.13860170072011044.
[I 2026-05-28 03:47:13,362] Trial 542 finished with value: 0.17466660602952574 and parameters: {'ISTN': 62.91090933879924, 'I_gpe': 1.012117122024779, 'I_gpi': 2.1158611048884106, 'noise_stn_sigma': 2.3355914903837913, 'noise_gpe_sigma': 104.74591165940865, 'noise_gpi_sigma': 96.7466076972733, 'g_stn_gpe_mult': 3.5346900797601775, 'g_gpe_stn_mult': 0.15970523390603264, 'g_stn_gpi_mult': 1.3360750679696345, 'g_gpe_gpi_mult': 0.9091351464972048}. Best is trial 415 with value: 0.13860170072011044.
[I 2026-05-28 03:47:14,372] Trial 543 finished with value: 0.1802461534109814 and parameters: {'ISTN': 64.39805469409752, 'I_gpe': 1.1068246990544572, 'I_gpi': 2.1102763793655024, 'noise_stn_sigma': 2.557840467750215, 'noise_gpe_sigma': 93.21474568076762, 'noise_gpi_sigma': 87.2958298328679, 'g_stn_gpe_mult': 3.4483373399083073, 'g_gpe_stn_mult': 0.14966165028440664, 'g_stn_gpi_mult': 1.4518599374298071, 'g_gpe_gpi_mult': 0.8766696670045051}. Best is trial 415 with value: 0.13860170072011044.
[I 2026-05-28 03:47:15,379] Trial 544 finished with value: 0.13826595154143564 and parameters: {'ISTN': 60.37584508334813, 'I_gpe': 1.0139029319397226, 'I_gpi': 2.1482612671685346, 'noise_stn_sigma': 2.3695643107786104, 'noise_gpe_sigma': 103.03758078399959, 'noise_gpi_sigma': 86.28948081216555, 'g_stn_gpe_mult': 3.4497599575766387, 'g_gpe_stn_mult': 0.17499379735492612, 'g_stn_gpi_mult': 1.3997541127285595, 'g_gpe_gpi_mult': 0.9693058958653429}. Best is trial 544 with value: 0.13826595154143564.
[I 2026-05-28 03:47:16,388] Trial 545 finished with value: 0.2976173536670436 and parameters: {'ISTN': 66.34765480975301, 'I_gpe': 0.9298603871917488, 'I_gpi': 2.0637843750267493, 'noise_stn_sigma': 2.143371291155348, 'noise_gpe_sigma': 105.72217734597963, 'noise_gpi_sigma': 91.09971909977433, 'g_stn_gpe_mult': 3.4733784156408425, 'g_gpe_stn_mult': 0.16423892136661838, 'g_stn_gpi_mult': 1.2250391961366491, 'g_gpe_gpi_mult': 0.9264231156700378}. Best is trial 544 with value: 0.13826595154143564.
[I 2026-05-28 03:47:17,397] Trial 546 finished with value: 0.1372387364111607 and parameters: {'ISTN': 60.883053793017616, 'I_gpe': 1.0355814781069217, 'I_gpi': 2.3081567791722692, 'noise_stn_sigma': 2.4232797083800235, 'noise_gpe_sigma': 104.59084203300432, 'noise_gpi_sigma': 89.5026411288513, 'g_stn_gpe_mult': 3.654651785140205, 'g_gpe_stn_mult': 0.16601057173301148, 'g_stn_gpi_mult': 1.3139911953275194, 'g_gpe_gpi_mult': 0.8676616826539068}. Best is trial 546 with value: 0.1372387364111607.
[I 2026-05-28 03:47:18,406] Trial 547 finished with value: 0.14484541140124416 and parameters: {'ISTN': 62.47120918963609, 'I_gpe': 1.0597259496479785, 'I_gpi': 2.207310886011924, 'noise_stn_sigma': 2.144939127712633, 'noise_gpe_sigma': 100.94855282061152, 'noise_gpi_sigma': 86.19938674641845, 'g_stn_gpe_mult': 3.343196333032801, 'g_gpe_stn_mult': 0.14520703637026613, 'g_stn_gpi_mult': 1.3890002301718987, 'g_gpe_gpi_mult': 1.0006419554363133}. Best is trial 546 with value: 0.1372387364111607.
[I 2026-05-28 03:47:19,416] Trial 548 finished with value: 0.17951354398113603 and parameters: {'ISTN': 62.749674751155716, 'I_gpe': 1.0305450279717023, 'I_gpi': 2.4622257002409063, 'noise_stn_sigma': 2.2778439904132965, 'noise_gpe_sigma': 104.26658564285121, 'noise_gpi_sigma': 93.73426243612053, 'g_stn_gpe_mult': 3.538526019190673, 'g_gpe_stn_mult': 0.15715646104480763, 'g_stn_gpi_mult': 1.4546661159556482, 'g_gpe_gpi_mult': 0.909214216599445}. Best is trial 546 with value: 0.1372387364111607.
[I 2026-05-28 03:47:20,425] Trial 549 finished with value: 0.1901707878475015 and parameters: {'ISTN': 63.5346661503717, 'I_gpe': 0.9416577918450277, 'I_gpi': 2.186368743817451, 'noise_stn_sigma': 2.6359309478471675, 'noise_gpe_sigma': 101.19938432596004, 'noise_gpi_sigma': 93.61131200732379, 'g_stn_gpe_mult': 3.462676421383729, 'g_gpe_stn_mult': 0.14291083919487405, 'g_stn_gpi_mult': 1.1433684791828014, 'g_gpe_gpi_mult': 0.9113912667556943}. Best is trial 546 with value: 0.1372387364111607.
[I 2026-05-28 03:47:21,434] Trial 550 finished with value: 2.2978599390439616 and parameters: {'ISTN': 62.35142364971175, 'I_gpe': 0.9355961565402302, 'I_gpi': 2.3160153091157936, 'noise_stn_sigma': 1.5633465912094122, 'noise_gpe_sigma': 91.60016591602236, 'noise_gpi_sigma': 86.62353713606569, 'g_stn_gpe_mult': 3.6700771440025384, 'g_gpe_stn_mult': 0.1234335193038443, 'g_stn_gpi_mult': 1.7087013671779463, 'g_gpe_gpi_mult': 0.9601884534837737}. Best is trial 546 with value: 0.1372387364111607.
[I 2026-05-28 03:47:22,443] Trial 551 finished with value: 0.17704942424835662 and parameters: {'ISTN': 62.07473381007371, 'I_gpe': 0.9959216617048936, 'I_gpi': 2.012228030875864, 'noise_stn_sigma': 2.7598205355190686, 'noise_gpe_sigma': 104.1893402001757, 'noise_gpi_sigma': 78.09682868774182, 'g_stn_gpe_mult': 3.675698924693083, 'g_gpe_stn_mult': 0.1565747219392459, 'g_stn_gpi_mult': 1.4410598808303514, 'g_gpe_gpi_mult': 0.9116590519868235}. Best is trial 546 with value: 0.1372387364111607.
[I 2026-05-28 03:47:23,450] Trial 552 finished with value: 0.17156230725841687 and parameters: {'ISTN': 64.19622526812236, 'I_gpe': 1.1805246146968031, 'I_gpi': 2.295669678986355, 'noise_stn_sigma': 2.353813794627884, 'noise_gpe_sigma': 94.11627040264433, 'noise_gpi_sigma': 93.5271828903334, 'g_stn_gpe_mult': 3.499852452672309, 'g_gpe_stn_mult': 0.12557056989622084, 'g_stn_gpi_mult': 1.1863783320376864, 'g_gpe_gpi_mult': 0.9565604432633377}. Best is trial 546 with value: 0.1372387364111607.
[I 2026-05-28 03:47:24,459] Trial 553 finished with value: 0.23205672678095499 and parameters: {'ISTN': 62.616708610432866, 'I_gpe': 0.9734338808469127, 'I_gpi': 2.229094053144568, 'noise_stn_sigma': 2.14103336831448, 'noise_gpe_sigma': 101.18639627230333, 'noise_gpi_sigma': 93.25778111208398, 'g_stn_gpe_mult': 3.601866428958105, 'g_gpe_stn_mult': 0.16649082732843634, 'g_stn_gpi_mult': 1.3139842986038865, 'g_gpe_gpi_mult': 0.9083637953298243}. Best is trial 546 with value: 0.1372387364111607.
[I 2026-05-28 03:47:25,466] Trial 554 finished with value: 0.1679577500538394 and parameters: {'ISTN': 63.2536084469446, 'I_gpe': 1.0679241515322726, 'I_gpi': 2.4023189793142787, 'noise_stn_sigma': 2.6980862554357365, 'noise_gpe_sigma': 107.75020151313039, 'noise_gpi_sigma': 98.19251887439499, 'g_stn_gpe_mult': 3.4576044886344786, 'g_gpe_stn_mult': 0.13029156857493504, 'g_stn_gpi_mult': 1.2393746450984084, 'g_gpe_gpi_mult': 0.9357616509896021}. Best is trial 546 with value: 0.1372387364111607.
[I 2026-05-28 03:47:26,476] Trial 555 finished with value: 0.14753953435329173 and parameters: {'ISTN': 61.20750640633641, 'I_gpe': 1.0174291784379497, 'I_gpi': 2.135956029199611, 'noise_stn_sigma': 2.315786066223879, 'noise_gpe_sigma': 103.82492300115278, 'noise_gpi_sigma': 78.47925290106642, 'g_stn_gpe_mult': 3.652325769287893, 'g_gpe_stn_mult': 0.16953503142983184, 'g_stn_gpi_mult': 1.3320404012869587, 'g_gpe_gpi_mult': 0.8928694283158154}. Best is trial 546 with value: 0.1372387364111607.
[I 2026-05-28 03:47:27,484] Trial 556 finished with value: 0.4373538916635006 and parameters: {'ISTN': 63.15421212097381, 'I_gpe': 1.1313955432180518, 'I_gpi': 2.5592277770724667, 'noise_stn_sigma': 1.6916348911636143, 'noise_gpe_sigma': 91.37560579033929, 'noise_gpi_sigma': 98.44847229174874, 'g_stn_gpe_mult': 3.6502477883245175, 'g_gpe_stn_mult': 0.15345293565625057, 'g_stn_gpi_mult': 1.3110186235761603, 'g_gpe_gpi_mult': 0.9510812514516491}. Best is trial 546 with value: 0.1372387364111607.
[I 2026-05-28 03:47:28,491] Trial 557 finished with value: 0.16685795344310916 and parameters: {'ISTN': 63.37686898856549, 'I_gpe': 1.2467600903251352, 'I_gpi': 2.211505754354805, 'noise_stn_sigma': 2.4364839364885764, 'noise_gpe_sigma': 97.52222706444113, 'noise_gpi_sigma': 84.03959494041959, 'g_stn_gpe_mult': 3.5557355727368014, 'g_gpe_stn_mult': 0.14128184393839732, 'g_stn_gpi_mult': 1.3121257364603398, 'g_gpe_gpi_mult': 0.9075020170700843}. Best is trial 546 with value: 0.1372387364111607.
[I 2026-05-28 03:47:29,498] Trial 558 finished with value: 0.1548474956052946 and parameters: {'ISTN': 61.28287629285619, 'I_gpe': 0.9928938460755725, 'I_gpi': 2.2075828457518183, 'noise_stn_sigma': 2.34662266388825, 'noise_gpe_sigma': 99.38388043437092, 'noise_gpi_sigma': 87.41820711598233, 'g_stn_gpe_mult': 3.5774454303432397, 'g_gpe_stn_mult': 0.16064059623408167, 'g_stn_gpi_mult': 1.3074004582848686, 'g_gpe_gpi_mult': 0.8155979861630109}. Best is trial 546 with value: 0.1372387364111607.
[I 2026-05-28 03:47:30,506] Trial 559 finished with value: 0.16900218494863936 and parameters: {'ISTN': 62.154141382996855, 'I_gpe': 0.8749112632275481, 'I_gpi': 2.0623891558141585, 'noise_stn_sigma': 1.9233411857127105, 'noise_gpe_sigma': 106.10623326816594, 'noise_gpi_sigma': 89.8329692305164, 'g_stn_gpe_mult': 3.5004246969766935, 'g_gpe_stn_mult': 0.1685581831229553, 'g_stn_gpi_mult': 1.486557606948518, 'g_gpe_gpi_mult': 0.9618797039517128}. Best is trial 546 with value: 0.1372387364111607.
[I 2026-05-28 03:47:31,516] Trial 560 finished with value: 0.16518878571582019 and parameters: {'ISTN': 62.040178712917395, 'I_gpe': 1.083861516578859, 'I_gpi': 2.0027768062677227, 'noise_stn_sigma': 1.7258111970478303, 'noise_gpe_sigma': 99.95323108335165, 'noise_gpi_sigma': 89.35928131160942, 'g_stn_gpe_mult': 3.5983812320713597, 'g_gpe_stn_mult': 0.1636484478813728, 'g_stn_gpi_mult': 1.4437159117408291, 'g_gpe_gpi_mult': 0.9469673936578766}. Best is trial 546 with value: 0.1372387364111607.
[I 2026-05-28 03:47:32,525] Trial 561 finished with value: 1.033979196118023 and parameters: {'ISTN': 61.0041857576229, 'I_gpe': 1.015045009583034, 'I_gpi': 2.307198108719659, 'noise_stn_sigma': 2.3094494234795233, 'noise_gpe_sigma': 94.51714455910283, 'noise_gpi_sigma': 81.51064642967329, 'g_stn_gpe_mult': 3.747114755347561, 'g_gpe_stn_mult': 0.12795972804071284, 'g_stn_gpi_mult': 1.283536992303394, 'g_gpe_gpi_mult': 0.8412768263476895}. Best is trial 546 with value: 0.1372387364111607.
[I 2026-05-28 03:47:33,533] Trial 562 finished with value: 0.165793597489748 and parameters: {'ISTN': 61.40757355542689, 'I_gpe': 0.9158672751782039, 'I_gpi': 2.2723038379216636, 'noise_stn_sigma': 2.538801952352042, 'noise_gpe_sigma': 93.4550452517943, 'noise_gpi_sigma': 74.67536279184557, 'g_stn_gpe_mult': 3.7187883819684426, 'g_gpe_stn_mult': 0.16587536956195376, 'g_stn_gpi_mult': 1.4336631121631833, 'g_gpe_gpi_mult': 0.8731896634284808}. Best is trial 546 with value: 0.1372387364111607.
[I 2026-05-28 03:47:34,543] Trial 563 finished with value: 0.47188218320091013 and parameters: {'ISTN': 62.52979989703752, 'I_gpe': 1.0499320305265596, 'I_gpi': 2.275406292179869, 'noise_stn_sigma': 2.4984715437400222, 'noise_gpe_sigma': 99.83411458471053, 'noise_gpi_sigma': 80.65825804036648, 'g_stn_gpe_mult': 3.834595889993578, 'g_gpe_stn_mult': 0.1312034002166823, 'g_stn_gpi_mult': 1.4693569437257916, 'g_gpe_gpi_mult': 0.8075854905497934}. Best is trial 546 with value: 0.1372387364111607.
[I 2026-05-28 03:47:35,551] Trial 564 finished with value: 0.18652448595915014 and parameters: {'ISTN': 61.11345785385808, 'I_gpe': 0.9029303821770757, 'I_gpi': 2.0586043853466496, 'noise_stn_sigma': 2.33265358908716, 'noise_gpe_sigma': 102.92251936527076, 'noise_gpi_sigma': 85.35664203527669, 'g_stn_gpe_mult': 3.551814504300796, 'g_gpe_stn_mult': 0.19226092827727723, 'g_stn_gpi_mult': 1.0955238996150964, 'g_gpe_gpi_mult': 0.8844246806649709}. Best is trial 546 with value: 0.1372387364111607.
[I 2026-05-28 03:47:36,557] Trial 565 finished with value: 0.13766107531164154 and parameters: {'ISTN': 60.06414249137744, 'I_gpe': 1.0617984498550972, 'I_gpi': 2.1476608839836606, 'noise_stn_sigma': 2.250760820106702, 'noise_gpe_sigma': 102.03662206561437, 'noise_gpi_sigma': 85.04156102728278, 'g_stn_gpe_mult': 3.7907857309754966, 'g_gpe_stn_mult': 0.1850065110451134, 'g_stn_gpi_mult': 1.528360004550478, 'g_gpe_gpi_mult': 0.9115768535946447}. Best is trial 546 with value: 0.1372387364111607.
[I 2026-05-28 03:47:37,564] Trial 566 finished with value: 1.7849613383743652 and parameters: {'ISTN': 60.990576372820996, 'I_gpe': 0.8829112164029418, 'I_gpi': 2.2700315899411336, 'noise_stn_sigma': 2.7582608209202144, 'noise_gpe_sigma': 97.69656977533221, 'noise_gpi_sigma': 89.41042804564466, 'g_stn_gpe_mult': 3.6293470374914896, 'g_gpe_stn_mult': 0.13513632064023426, 'g_stn_gpi_mult': 1.3533126858755713, 'g_gpe_gpi_mult': 0.9013663160532481}. Best is trial 546 with value: 0.1372387364111607.
[I 2026-05-28 03:47:38,570] Trial 567 finished with value: 0.1534178247013014 and parameters: {'ISTN': 61.026762258163515, 'I_gpe': 0.9840484328662158, 'I_gpi': 2.204340321332274, 'noise_stn_sigma': 2.2539387443986567, 'noise_gpe_sigma': 97.82380390308045, 'noise_gpi_sigma': 91.4840867221639, 'g_stn_gpe_mult': 3.5932317868634063, 'g_gpe_stn_mult': 0.18317871331290886, 'g_stn_gpi_mult': 1.2014421734056213, 'g_gpe_gpi_mult': 0.9234168357788104}. Best is trial 546 with value: 0.1372387364111607.
[I 2026-05-28 03:47:39,576] Trial 568 finished with value: 0.19242141991944522 and parameters: {'ISTN': 60.654084709369165, 'I_gpe': 1.1342022757772736, 'I_gpi': 2.109422429715995, 'noise_stn_sigma': 2.17951637285087, 'noise_gpe_sigma': 112.73514505103496, 'noise_gpi_sigma': 73.64830860184205, 'g_stn_gpe_mult': 3.717575140856247, 'g_gpe_stn_mult': 0.18445535692606407, 'g_stn_gpi_mult': 1.4240066782731102, 'g_gpe_gpi_mult': 0.8010983995554208}. Best is trial 546 with value: 0.1372387364111607.
[I 2026-05-28 03:47:40,584] Trial 569 finished with value: 1.3622308318481078 and parameters: {'ISTN': 62.44637462227141, 'I_gpe': 1.052849628402745, 'I_gpi': 2.0942647984747884, 'noise_stn_sigma': 2.5156680594135334, 'noise_gpe_sigma': 95.26779886087448, 'noise_gpi_sigma': 86.55771788763843, 'g_stn_gpe_mult': 3.7684292195219022, 'g_gpe_stn_mult': 0.11980151707827877, 'g_stn_gpi_mult': 1.2004077470558678, 'g_gpe_gpi_mult': 0.8380463994878489}. Best is trial 546 with value: 0.1372387364111607.
[I 2026-05-28 03:47:41,592] Trial 570 finished with value: 0.17823709679685548 and parameters: {'ISTN': 60.73062592904836, 'I_gpe': 1.100568657828042, 'I_gpi': 1.9782714106408241, 'noise_stn_sigma': 1.9693875449713718, 'noise_gpe_sigma': 104.34595115147792, 'noise_gpi_sigma': 77.48919483013621, 'g_stn_gpe_mult': 3.5979489785090033, 'g_gpe_stn_mult': 0.17648199475352977, 'g_stn_gpi_mult': 1.349361427480126, 'g_gpe_gpi_mult': 0.9447552717894021}. Best is trial 546 with value: 0.1372387364111607.
[I 2026-05-28 03:47:42,601] Trial 571 finished with value: 0.14401985882764784 and parameters: {'ISTN': 60.64806810407929, 'I_gpe': 0.912729447712703, 'I_gpi': 2.140365596401073, 'noise_stn_sigma': 2.386777278020559, 'noise_gpe_sigma': 101.07584512801323, 'noise_gpi_sigma': 77.33866374935629, 'g_stn_gpe_mult': 3.9379151307867613, 'g_gpe_stn_mult': 0.18561096180238684, 'g_stn_gpi_mult': 1.689802175701961, 'g_gpe_gpi_mult': 0.8831143568443445}. Best is trial 546 with value: 0.1372387364111607.
