[I 2026-05-28 03:15:13,326] Trial 660 finished with value: 0.35442272183284074 and parameters: {'ISTN': 60.86928156406363, 'I_gpe': 1.2187310770338766, 'I_gpi': 1.8737254410881201, 'noise_stn_sigma': 2.7838177762860874, 'noise_gpe_sigma': 102.86033068426966, 'noise_gpi_sigma': 85.71439727466576, 'g_stn_gpe_mult': 2.7910134264896893, 'g_gpe_stn_mult': 0.135321881630526, 'g_stn_gpi_mult': 3.4657687068553917, 'g_gpe_gpi_mult': 1.0898045657184499}. Best is trial 609 with value: 0.13639971641942666.
[I 2026-05-28 03:15:14,339] Trial 661 finished with value: 0.13866828336628317 and parameters: {'ISTN': 60.709613593068966, 'I_gpe': 1.251582245927617, 'I_gpi': 1.8498422908097902, 'noise_stn_sigma': 2.9006097399621122, 'noise_gpe_sigma': 103.0432513623644, 'noise_gpi_sigma': 84.13428683756112, 'g_stn_gpe_mult': 2.9440083348092614, 'g_gpe_stn_mult': 0.1594639418783501, 'g_stn_gpi_mult': 3.496216858889707, 'g_gpe_gpi_mult': 1.0460960274416569}. Best is trial 609 with value: 0.13639971641942666.
[I 2026-05-28 03:15:15,351] Trial 662 finished with value: 0.1634904117056359 and parameters: {'ISTN': 60.41206005872073, 'I_gpe': 1.2902980155237018, 'I_gpi': 1.9297762435059234, 'noise_stn_sigma': 2.711181060573008, 'noise_gpe_sigma': 104.12376443957315, 'noise_gpi_sigma': 79.38945805565308, 'g_stn_gpe_mult': 2.8545560219152497, 'g_gpe_stn_mult': 0.1561547243864627, 'g_stn_gpi_mult': 3.4190551109911036, 'g_gpe_gpi_mult': 1.0648019820423718}. Best is trial 609 with value: 0.13639971641942666.
[I 2026-05-28 03:15:16,362] Trial 663 finished with value: 0.14870060376697797 and parameters: {'ISTN': 61.39480378126801, 'I_gpe': 1.1635258798197745, 'I_gpi': 1.9019643250860359, 'noise_stn_sigma': 2.7118070667842895, 'noise_gpe_sigma': 104.60791213877083, 'noise_gpi_sigma': 77.39493505213467, 'g_stn_gpe_mult': 2.8567340580314298, 'g_gpe_stn_mult': 0.15868086734581394, 'g_stn_gpi_mult': 3.5584307611888804, 'g_gpe_gpi_mult': 1.087997301099828}. Best is trial 609 with value: 0.13639971641942666.
[I 2026-05-28 03:15:17,375] Trial 664 finished with value: 0.14160553668925158 and parameters: {'ISTN': 61.58370966170352, 'I_gpe': 1.2047543333314343, 'I_gpi': 1.7617996025978757, 'noise_stn_sigma': 2.419916718828935, 'noise_gpe_sigma': 103.62777292633213, 'noise_gpi_sigma': 79.27651371347895, 'g_stn_gpe_mult': 2.8136456036361226, 'g_gpe_stn_mult': 0.15608379065232056, 'g_stn_gpi_mult': 3.5140155420105224, 'g_gpe_gpi_mult': 1.0942101143419043}. Best is trial 609 with value: 0.13639971641942666.
[I 2026-05-28 03:15:18,387] Trial 665 finished with value: 0.13798769553217616 and parameters: {'ISTN': 60.76739347912387, 'I_gpe': 1.1403526747071528, 'I_gpi': 1.8770796460640105, 'noise_stn_sigma': 2.5065064026421444, 'noise_gpe_sigma': 105.66157995741179, 'noise_gpi_sigma': 78.94646749941543, 'g_stn_gpe_mult': 2.7872547368271245, 'g_gpe_stn_mult': 0.1613343847524715, 'g_stn_gpi_mult': 3.5263207487168353, 'g_gpe_gpi_mult': 1.0361284330027976}. Best is trial 609 with value: 0.13639971641942666.
[I 2026-05-28 03:15:19,399] Trial 666 finished with value: 0.13791547237302837 and parameters: {'ISTN': 60.48422421423329, 'I_gpe': 1.1919517211204758, 'I_gpi': 1.9159677307630258, 'noise_stn_sigma': 2.6963711112622772, 'noise_gpe_sigma': 104.1415319789236, 'noise_gpi_sigma': 77.87518408360037, 'g_stn_gpe_mult': 2.839094629438601, 'g_gpe_stn_mult': 0.153661922777066, 'g_stn_gpi_mult': 3.5503076735051193, 'g_gpe_gpi_mult': 1.1181690182454473}. Best is trial 609 with value: 0.13639971641942666.
[I 2026-05-28 03:15:20,410] Trial 667 finished with value: 0.165158814220388 and parameters: {'ISTN': 61.108109872705334, 'I_gpe': 1.2432145127507475, 'I_gpi': 1.8374471284432317, 'noise_stn_sigma': 2.6750274666195386, 'noise_gpe_sigma': 101.63491061871896, 'noise_gpi_sigma': 79.06057066212827, 'g_stn_gpe_mult': 3.0051599033354335, 'g_gpe_stn_mult': 0.15932559735577256, 'g_stn_gpi_mult': 3.436571458309663, 'g_gpe_gpi_mult': 1.0868028682907522}. Best is trial 609 with value: 0.13639971641942666.
[I 2026-05-28 03:15:21,421] Trial 668 finished with value: 0.14501560633160157 and parameters: {'ISTN': 61.566648719184016, 'I_gpe': 1.2492943042674298, 'I_gpi': 1.8525521937386085, 'noise_stn_sigma': 2.6534225548270216, 'noise_gpe_sigma': 102.72278003191057, 'noise_gpi_sigma': 81.71072977012821, 'g_stn_gpe_mult': 2.83097572042222, 'g_gpe_stn_mult': 0.15627159567627397, 'g_stn_gpi_mult': 3.456264162126892, 'g_gpe_gpi_mult': 1.0841608660578375}. Best is trial 609 with value: 0.13639971641942666.
[I 2026-05-28 03:15:22,433] Trial 669 finished with value: 0.27706990183563507 and parameters: {'ISTN': 60.24093547406117, 'I_gpe': 1.2544063503112053, 'I_gpi': 1.919948147476676, 'noise_stn_sigma': 2.683041549782038, 'noise_gpe_sigma': 105.21112592787979, 'noise_gpi_sigma': 79.79178209418372, 'g_stn_gpe_mult': 2.8405492159792263, 'g_gpe_stn_mult': 0.15670711882223384, 'g_stn_gpi_mult': 3.4775958054642064, 'g_gpe_gpi_mult': 1.0852717708876591}. Best is trial 609 with value: 0.13639971641942666.
[I 2026-05-28 03:15:23,444] Trial 670 finished with value: 0.1480467464569822 and parameters: {'ISTN': 61.72234889858465, 'I_gpe': 1.0880432623282548, 'I_gpi': 1.90904237929839, 'noise_stn_sigma': 2.630820752989662, 'noise_gpe_sigma': 105.61113063547909, 'noise_gpi_sigma': 78.36199784046401, 'g_stn_gpe_mult': 2.981410331927604, 'g_gpe_stn_mult': 0.14746378989546177, 'g_stn_gpi_mult': 3.472583478605092, 'g_gpe_gpi_mult': 1.087282763763004}. Best is trial 609 with value: 0.13639971641942666.
[I 2026-05-28 03:15:24,456] Trial 671 finished with value: 0.15384816415896244 and parameters: {'ISTN': 61.96591766399587, 'I_gpe': 1.1041584889759242, 'I_gpi': 1.8666892478050672, 'noise_stn_sigma': 2.6115153153512933, 'noise_gpe_sigma': 105.61658396645441, 'noise_gpi_sigma': 80.79034568929153, 'g_stn_gpe_mult': 2.9409806881300375, 'g_gpe_stn_mult': 0.15630174524178722, 'g_stn_gpi_mult': 3.530104230173658, 'g_gpe_gpi_mult': 1.109185440818949}. Best is trial 609 with value: 0.13639971641942666.
[I 2026-05-28 03:15:25,469] Trial 672 finished with value: 0.1426098183390881 and parameters: {'ISTN': 61.05319270560963, 'I_gpe': 1.1820648646891343, 'I_gpi': 1.947689609138502, 'noise_stn_sigma': 2.489237093819776, 'noise_gpe_sigma': 103.8221427234365, 'noise_gpi_sigma': 79.69524182407238, 'g_stn_gpe_mult': 2.7875216053955554, 'g_gpe_stn_mult': 0.1618015558382194, 'g_stn_gpi_mult': 3.5980518045228287, 'g_gpe_gpi_mult': 1.0832106286374936}. Best is trial 609 with value: 0.13639971641942666.
[I 2026-05-28 03:15:26,481] Trial 673 finished with value: 0.15770871037112152 and parameters: {'ISTN': 61.84368607649196, 'I_gpe': 1.2024483736382239, 'I_gpi': 1.8541644301799267, 'noise_stn_sigma': 2.636716941328025, 'noise_gpe_sigma': 106.51829598462271, 'noise_gpi_sigma': 76.76336260627492, 'g_stn_gpe_mult': 2.8605126791238966, 'g_gpe_stn_mult': 0.1604082445287139, 'g_stn_gpi_mult': 3.6142839845907724, 'g_gpe_gpi_mult': 1.0804896887920632}. Best is trial 609 with value: 0.13639971641942666.
[I 2026-05-28 03:15:27,493] Trial 674 finished with value: 0.15013409085247523 and parameters: {'ISTN': 62.29109780766394, 'I_gpe': 1.1487598032394999, 'I_gpi': 1.8728795219809282, 'noise_stn_sigma': 2.543309020572422, 'noise_gpe_sigma': 105.02793836055172, 'noise_gpi_sigma': 87.19274393490547, 'g_stn_gpe_mult': 2.7897480209501273, 'g_gpe_stn_mult': 0.1413703350436582, 'g_stn_gpi_mult': 3.509234725329372, 'g_gpe_gpi_mult': 1.0596299193589143}. Best is trial 609 with value: 0.13639971641942666.
[I 2026-05-28 03:15:28,505] Trial 675 finished with value: 0.14724411474779536 and parameters: {'ISTN': 60.76182666065777, 'I_gpe': 1.2235164917789465, 'I_gpi': 1.9712005158803323, 'noise_stn_sigma': 2.7903453030738254, 'noise_gpe_sigma': 103.44112241599751, 'noise_gpi_sigma': 79.26971800013247, 'g_stn_gpe_mult': 2.813512450190869, 'g_gpe_stn_mult': 0.15090249827605834, 'g_stn_gpi_mult': 3.4879503726796415, 'g_gpe_gpi_mult': 1.1099795224022049}. Best is trial 609 with value: 0.13639971641942666.
[I 2026-05-28 03:15:29,517] Trial 676 finished with value: 0.1542121519911346 and parameters: {'ISTN': 61.689979927656, 'I_gpe': 1.2104636975847824, 'I_gpi': 1.833472544197807, 'noise_stn_sigma': 2.4056983834579393, 'noise_gpe_sigma': 102.85045828821703, 'noise_gpi_sigma': 82.92539940789221, 'g_stn_gpe_mult': 3.0268814689507066, 'g_gpe_stn_mult': 0.165855867877897, 'g_stn_gpi_mult': 3.4258832104603263, 'g_gpe_gpi_mult': 1.1069458702430537}. Best is trial 609 with value: 0.13639971641942666.
[I 2026-05-28 03:15:30,530] Trial 677 finished with value: 0.13870396241651103 and parameters: {'ISTN': 60.348358304118655, 'I_gpe': 1.2167925124550591, 'I_gpi': 1.8916152631722383, 'noise_stn_sigma': 2.7314840741980073, 'noise_gpe_sigma': 104.61155502171161, 'noise_gpi_sigma': 77.21613721964819, 'g_stn_gpe_mult': 2.808286821590154, 'g_gpe_stn_mult': 0.1532004442225112, 'g_stn_gpi_mult': 3.54365076233748, 'g_gpe_gpi_mult': 1.0816120860284832}. Best is trial 609 with value: 0.13639971641942666.
[I 2026-05-28 03:15:31,542] Trial 678 finished with value: 0.14903848858556853 and parameters: {'ISTN': 61.54088154631049, 'I_gpe': 1.1884245565721387, 'I_gpi': 1.9253095854488422, 'noise_stn_sigma': 2.706404388989062, 'noise_gpe_sigma': 105.02326962791903, 'noise_gpi_sigma': 77.83457735592019, 'g_stn_gpe_mult': 2.8500913274989688, 'g_gpe_stn_mult': 0.12778246643338156, 'g_stn_gpi_mult': 3.5534547793699716, 'g_gpe_gpi_mult': 1.0537139323702438}. Best is trial 609 with value: 0.13639971641942666.
[I 2026-05-28 03:15:32,554] Trial 679 finished with value: 0.13948042095979624 and parameters: {'ISTN': 60.75219595760047, 'I_gpe': 1.1993893835555274, 'I_gpi': 1.893685316374797, 'noise_stn_sigma': 2.7143239192759774, 'noise_gpe_sigma': 103.96730983607493, 'noise_gpi_sigma': 78.77843875495068, 'g_stn_gpe_mult': 2.87689113875128, 'g_gpe_stn_mult': 0.16034155841960315, 'g_stn_gpi_mult': 3.483575324924512, 'g_gpe_gpi_mult': 1.109153404596986}. Best is trial 609 with value: 0.13639971641942666.
[I 2026-05-28 03:15:33,565] Trial 680 finished with value: 0.14269086701425554 and parameters: {'ISTN': 60.755460627448336, 'I_gpe': 1.1319107015407992, 'I_gpi': 1.9353868565432875, 'noise_stn_sigma': 2.590610080526514, 'noise_gpe_sigma': 104.45175673817694, 'noise_gpi_sigma': 80.72201821903064, 'g_stn_gpe_mult': 2.815580527713094, 'g_gpe_stn_mult': 0.15297671996190848, 'g_stn_gpi_mult': 3.514322924150312, 'g_gpe_gpi_mult': 1.067947322919386}. Best is trial 609 with value: 0.13639971641942666.
[I 2026-05-28 03:15:34,576] Trial 681 finished with value: 0.24724272679130355 and parameters: {'ISTN': 60.21068958073796, 'I_gpe': 1.3111693229962078, 'I_gpi': 1.866319456059507, 'noise_stn_sigma': 2.903328485471336, 'noise_gpe_sigma': 101.21235413170069, 'noise_gpi_sigma': 80.86869365015966, 'g_stn_gpe_mult': 2.767879852999542, 'g_gpe_stn_mult': 0.15194062229367078, 'g_stn_gpi_mult': 3.551303597814772, 'g_gpe_gpi_mult': 1.0804929917544357}. Best is trial 609 with value: 0.13639971641942666.
[I 2026-05-28 03:15:35,588] Trial 682 finished with value: 0.14234076430687836 and parameters: {'ISTN': 61.60193862932797, 'I_gpe': 1.2237618330302018, 'I_gpi': 1.9113435254043816, 'noise_stn_sigma': 2.4843854902641165, 'noise_gpe_sigma': 103.96683368631331, 'noise_gpi_sigma': 76.1514729230571, 'g_stn_gpe_mult': 2.8782941929491046, 'g_gpe_stn_mult': 0.15942291488409743, 'g_stn_gpi_mult': 3.5808319176581245, 'g_gpe_gpi_mult': 1.092744587376634}. Best is trial 609 with value: 0.13639971641942666.
[I 2026-05-28 03:15:36,599] Trial 683 finished with value: 0.13815890146141147 and parameters: {'ISTN': 61.061048372960904, 'I_gpe': 1.1760937409993109, 'I_gpi': 1.8384026700331093, 'noise_stn_sigma': 2.616182928927423, 'noise_gpe_sigma': 104.08412529716664, 'noise_gpi_sigma': 76.723763553423, 'g_stn_gpe_mult': 2.9373715390377058, 'g_gpe_stn_mult': 0.15797630773858137, 'g_stn_gpi_mult': 3.588265382639859, 'g_gpe_gpi_mult': 1.0963542944163691}. Best is trial 609 with value: 0.13639971641942666.
[I 2026-05-28 03:15:37,612] Trial 684 finished with value: 0.14189046156945706 and parameters: {'ISTN': 60.69788279796739, 'I_gpe': 1.1988660793789188, 'I_gpi': 1.9065287097917767, 'noise_stn_sigma': 2.6754162366127163, 'noise_gpe_sigma': 106.04385483916329, 'noise_gpi_sigma': 78.25533877543043, 'g_stn_gpe_mult': 2.8927027054779657, 'g_gpe_stn_mult': 0.15850259461089594, 'g_stn_gpi_mult': 3.59342495073326, 'g_gpe_gpi_mult': 1.0985882817573431}. Best is trial 609 with value: 0.13639971641942666.
[I 2026-05-28 03:15:38,625] Trial 685 finished with value: 0.13842333290107 and parameters: {'ISTN': 61.064724683395134, 'I_gpe': 1.2278884400923744, 'I_gpi': 1.9076025146796711, 'noise_stn_sigma': 2.605640395396507, 'noise_gpe_sigma': 104.79946009602598, 'noise_gpi_sigma': 77.56463040107656, 'g_stn_gpe_mult': 2.7835828065211263, 'g_gpe_stn_mult': 0.15213970488992973, 'g_stn_gpi_mult': 3.478614125621175, 'g_gpe_gpi_mult': 1.0911657705801774}. Best is trial 609 with value: 0.13639971641942666.
[I 2026-05-28 03:15:39,639] Trial 686 finished with value: 0.14130104420860232 and parameters: {'ISTN': 60.89428069342716, 'I_gpe': 1.2177642772890005, 'I_gpi': 1.9298407052855275, 'noise_stn_sigma': 2.7741093991069548, 'noise_gpe_sigma': 104.62680866270401, 'noise_gpi_sigma': 79.4494927887852, 'g_stn_gpe_mult': 2.8299505949687687, 'g_gpe_stn_mult': 0.15807008651963944, 'g_stn_gpi_mult': 3.5726803571119707, 'g_gpe_gpi_mult': 1.0869958389525933}. Best is trial 609 with value: 0.13639971641942666.
[I 2026-05-28 03:15:40,651] Trial 687 finished with value: 0.14200260651708935 and parameters: {'ISTN': 60.34992415148781, 'I_gpe': 1.1678200497280966, 'I_gpi': 1.9120908444387368, 'noise_stn_sigma': 2.688735155237488, 'noise_gpe_sigma': 104.32141799746424, 'noise_gpi_sigma': 78.91614784043426, 'g_stn_gpe_mult': 2.785832775883163, 'g_gpe_stn_mult': 0.16757596413845066, 'g_stn_gpi_mult': 3.5146039620467033, 'g_gpe_gpi_mult': 1.0928860785005916}. Best is trial 609 with value: 0.13639971641942666.
[I 2026-05-28 03:15:41,662] Trial 688 finished with value: 0.14167314049812482 and parameters: {'ISTN': 60.902413893891975, 'I_gpe': 1.165481672008767, 'I_gpi': 1.9194572526917573, 'noise_stn_sigma': 2.5490526888671, 'noise_gpe_sigma': 104.0310827614206, 'noise_gpi_sigma': 78.32200640864247, 'g_stn_gpe_mult': 2.7431825594275603, 'g_gpe_stn_mult': 0.16208566049898177, 'g_stn_gpi_mult': 3.51662118132551, 'g_gpe_gpi_mult': 1.0744911333039773}. Best is trial 609 with value: 0.13639971641942666.
[I 2026-05-28 03:15:42,675] Trial 689 finished with value: 0.14160534649260006 and parameters: {'ISTN': 61.49514424494516, 'I_gpe': 1.2082983365837119, 'I_gpi': 1.872614376578929, 'noise_stn_sigma': 2.5386067975645217, 'noise_gpe_sigma': 104.76270132367303, 'noise_gpi_sigma': 77.20344032420184, 'g_stn_gpe_mult': 2.8221933589692245, 'g_gpe_stn_mult': 0.16108403845827185, 'g_stn_gpi_mult': 3.5443107413451163, 'g_gpe_gpi_mult': 1.0894204073439537}. Best is trial 609 with value: 0.13639971641942666.
[I 2026-05-28 03:15:43,689] Trial 690 finished with value: 0.14139981888368322 and parameters: {'ISTN': 61.35136255414463, 'I_gpe': 1.2094389249109134, 'I_gpi': 1.947179431860032, 'noise_stn_sigma': 2.6668444515866967, 'noise_gpe_sigma': 104.42903406950784, 'noise_gpi_sigma': 80.22877494754695, 'g_stn_gpe_mult': 2.7983898738800406, 'g_gpe_stn_mult': 0.15994319593285303, 'g_stn_gpi_mult': 3.5036430180034284, 'g_gpe_gpi_mult': 1.1074696560511732}. Best is trial 609 with value: 0.13639971641942666.
[I 2026-05-28 03:15:44,700] Trial 691 finished with value: 0.15042133379799852 and parameters: {'ISTN': 61.9080741957695, 'I_gpe': 1.1882718548230722, 'I_gpi': 1.8832740382479796, 'noise_stn_sigma': 2.736885298235365, 'noise_gpe_sigma': 103.95765197785254, 'noise_gpi_sigma': 77.3333112293819, 'g_stn_gpe_mult': 2.8595067330914796, 'g_gpe_stn_mult': 0.15105637395296148, 'g_stn_gpi_mult': 3.5427728769952274, 'g_gpe_gpi_mult': 1.0803804220311155}. Best is trial 609 with value: 0.13639971641942666.
[I 2026-05-28 03:15:45,712] Trial 692 finished with value: 0.14335684923344558 and parameters: {'ISTN': 61.54444571681074, 'I_gpe': 1.1869857109704196, 'I_gpi': 1.8968845224245312, 'noise_stn_sigma': 2.499553729713785, 'noise_gpe_sigma': 104.73363555871902, 'noise_gpi_sigma': 76.80907226324362, 'g_stn_gpe_mult': 2.906518403592473, 'g_gpe_stn_mult': 0.16166829068936606, 'g_stn_gpi_mult': 3.509542568812224, 'g_gpe_gpi_mult': 1.1409791555949647}. Best is trial 609 with value: 0.13639971641942666.
[I 2026-05-28 03:15:46,721] Trial 693 finished with value: 0.15954663774940028 and parameters: {'ISTN': 62.71701389598331, 'I_gpe': 1.1694294007611314, 'I_gpi': 1.8715285315174037, 'noise_stn_sigma': 2.3174267565907414, 'noise_gpe_sigma': 105.98719440454296, 'noise_gpi_sigma': 73.70557613422545, 'g_stn_gpe_mult': 2.9020375487432504, 'g_gpe_stn_mult': 0.14963456998932778, 'g_stn_gpi_mult': 3.5612241606468267, 'g_gpe_gpi_mult': 1.1065858532970863}. Best is trial 609 with value: 0.13639971641942666.
[I 2026-05-28 03:15:47,733] Trial 694 finished with value: 0.14043625184927727 and parameters: {'ISTN': 61.15563698724019, 'I_gpe': 1.1565082463862018, 'I_gpi': 1.875103577220966, 'noise_stn_sigma': 2.6692352541727318, 'noise_gpe_sigma': 104.11909677048361, 'noise_gpi_sigma': 81.02502700637228, 'g_stn_gpe_mult': 2.8551489584833316, 'g_gpe_stn_mult': 0.14573993012196096, 'g_stn_gpi_mult': 3.511121632577794, 'g_gpe_gpi_mult': 1.1007909915372127}. Best is trial 609 with value: 0.13639971641942666.
[I 2026-05-28 03:15:48,746] Trial 695 finished with value: 0.13291599920400346 and parameters: {'ISTN': 60.167732285943444, 'I_gpe': 1.2245864277442093, 'I_gpi': 1.879894825042551, 'noise_stn_sigma': 2.647038498458457, 'noise_gpe_sigma': 105.32965200994587, 'noise_gpi_sigma': 77.44090433464493, 'g_stn_gpe_mult': 2.799858083315476, 'g_gpe_stn_mult': 0.16683535532895893, 'g_stn_gpi_mult': 3.5308398652979136, 'g_gpe_gpi_mult': 1.0748802921631795}. Best is trial 695 with value: 0.13291599920400346.
[I 2026-05-28 03:15:49,755] Trial 696 finished with value: 0.13742986941412266 and parameters: {'ISTN': 61.26463119918742, 'I_gpe': 1.2104057456444726, 'I_gpi': 1.874429296821773, 'noise_stn_sigma': 2.5708290735719403, 'noise_gpe_sigma': 103.15260204417845, 'noise_gpi_sigma': 79.86748409501038, 'g_stn_gpe_mult': 2.8150298121880395, 'g_gpe_stn_mult': 0.16020412360263855, 'g_stn_gpi_mult': 3.5334260723301245, 'g_gpe_gpi_mult': 1.0928487216902532}. Best is trial 695 with value: 0.13291599920400346.
[I 2026-05-28 03:15:50,771] Trial 697 finished with value: 0.1508849135797791 and parameters: {'ISTN': 61.84457322144018, 'I_gpe': 1.1616539590877624, 'I_gpi': 1.9101766191456777, 'noise_stn_sigma': 2.712129375254956, 'noise_gpe_sigma': 103.46072014357979, 'noise_gpi_sigma': 76.38853974679802, 'g_stn_gpe_mult': 2.8376848539274975, 'g_gpe_stn_mult': 0.14698825941497284, 'g_stn_gpi_mult': 3.5887602139352284, 'g_gpe_gpi_mult': 1.112586159329746}. Best is trial 695 with value: 0.13291599920400346.
[I 2026-05-28 03:15:51,784] Trial 698 finished with value: 0.13990330512817745 and parameters: {'ISTN': 60.84827972308814, 'I_gpe': 1.1877434260423403, 'I_gpi': 1.874082459311928, 'noise_stn_sigma': 2.785628203964168, 'noise_gpe_sigma': 103.914389171993, 'noise_gpi_sigma': 75.32111665093103, 'g_stn_gpe_mult': 2.9566392419466387, 'g_gpe_stn_mult': 0.1564269325022179, 'g_stn_gpi_mult': 3.577850932978494, 'g_gpe_gpi_mult': 1.0896047958520545}. Best is trial 695 with value: 0.13291599920400346.
[I 2026-05-28 03:15:52,797] Trial 699 finished with value: 0.22887776037657617 and parameters: {'ISTN': 61.307547537697936, 'I_gpe': 1.1560331828687105, 'I_gpi': 1.8558422103795773, 'noise_stn_sigma': 2.4540505589779222, 'noise_gpe_sigma': 106.21176472548554, 'noise_gpi_sigma': 78.34482107159116, 'g_stn_gpe_mult': 2.9169934972847935, 'g_gpe_stn_mult': 0.15250043097168123, 'g_stn_gpi_mult': 3.493883810291907, 'g_gpe_gpi_mult': 1.0856417195026593}. Best is trial 695 with value: 0.13291599920400346.
[I 2026-05-28 03:15:53,809] Trial 700 finished with value: 0.1407648965583872 and parameters: {'ISTN': 60.18981263460461, 'I_gpe': 1.1881407129583175, 'I_gpi': 1.882080233022824, 'noise_stn_sigma': 2.797398521785051, 'noise_gpe_sigma': 103.2699260300587, 'noise_gpi_sigma': 76.12409967160818, 'g_stn_gpe_mult': 2.8533062819102897, 'g_gpe_stn_mult': 0.15885124389243477, 'g_stn_gpi_mult': 3.6269566086351777, 'g_gpe_gpi_mult': 1.1017485048070286}. Best is trial 695 with value: 0.13291599920400346.
[I 2026-05-28 03:15:54,823] Trial 701 finished with value: 0.1366052900142605 and parameters: {'ISTN': 60.56982687646338, 'I_gpe': 1.2583833431303972, 'I_gpi': 1.8563947004492887, 'noise_stn_sigma': 2.57973648687976, 'noise_gpe_sigma': 102.71872610966078, 'noise_gpi_sigma': 80.33757330191347, 'g_stn_gpe_mult': 2.750394734573901, 'g_gpe_stn_mult': 0.16656592746363025, 'g_stn_gpi_mult': 3.5232458147747794, 'g_gpe_gpi_mult': 1.0900619904875664}. Best is trial 695 with value: 0.13291599920400346.
[I 2026-05-28 03:15:55,774] Trial 702 finished with value: 1000000.0 and parameters: {'ISTN': 60.11336373718751, 'I_gpe': 1.1952297804631773, 'I_gpi': 1.867504759439349, 'noise_stn_sigma': 2.7534442726426214, 'noise_gpe_sigma': 103.67077801626795, 'noise_gpi_sigma': 77.70802410278785, 'g_stn_gpe_mult': 2.824377623736333, 'g_gpe_stn_mult': 0.1689127275391592, 'g_stn_gpi_mult': 3.542195421399193, 'g_gpe_gpi_mult': 1.0898459403267304}. Best is trial 695 with value: 0.13291599920400346.
[I 2026-05-28 03:15:56,786] Trial 703 finished with value: 0.14053164656159742 and parameters: {'ISTN': 60.83400803379413, 'I_gpe': 1.1972750077230818, 'I_gpi': 1.9020428098770523, 'noise_stn_sigma': 2.6468837190376195, 'noise_gpe_sigma': 102.53925779073023, 'noise_gpi_sigma': 78.55117004408567, 'g_stn_gpe_mult': 2.8999920782876067, 'g_gpe_stn_mult': 0.1612242070951613, 'g_stn_gpi_mult': 3.4677261904940693, 'g_gpe_gpi_mult': 1.080292667158002}. Best is trial 695 with value: 0.13291599920400346.
