[I 2026-05-28 03:21:06,169] A new study created in memory with name: sensitivity_seeds_seed7
[I 2026-05-28 03:21:08,591] Trial 0 finished with value: 13.603347717936437 and parameters: {'ISTN': 66.86774604365614, 'I_gpe': 3.229715772840401, 'I_gpi': 2.753636925763574, 'noise_stn_sigma': 6.064256244816589, 'noise_gpe_sigma': 147.13863655955834, 'noise_gpi_sigma': 90.00446315335638, 'g_stn_gpe_mult': 3.2539216228097825, 'g_gpe_stn_mult': 0.1504357933518331, 'g_stn_gpi_mult': 1.8053169403056135, 'g_gpe_gpi_mult': 0.69988250082556}. Best is trial 0 with value: 13.603347717936437.
[I 2026-05-28 03:21:09,603] Trial 1 finished with value: 16.911702105238724 and parameters: {'ISTN': 81.84923813426593, 'I_gpe': 1.8401808870899643, 'I_gpi': 4.416709729214123, 'noise_stn_sigma': 5.671155667215116, 'noise_gpe_sigma': 95.10192078639201, 'noise_gpi_sigma': 43.09470371965956, 'g_stn_gpe_mult': 3.916900103983872, 'g_gpe_stn_mult': 0.5106034098783339, 'g_stn_gpi_mult': 3.107010890160868, 'g_gpe_gpi_mult': 0.7918262025435621}. Best is trial 0 with value: 13.603347717936437.
[I 2026-05-28 03:21:10,608] Trial 2 finished with value: 30.407812970393447 and parameters: {'ISTN': 120.77558971993872, 'I_gpe': 2.139686204778675, 'I_gpi': 1.8095181783046719, 'noise_stn_sigma': 4.971186615183559, 'noise_gpe_sigma': 79.60187792054613, 'noise_gpi_sigma': 92.62643851092027, 'g_stn_gpe_mult': 3.346975220085328, 'g_gpe_stn_mult': 0.5485888876987817, 'g_stn_gpi_mult': 3.2243515744955573, 'g_gpe_gpi_mult': 0.6385030322592349}. Best is trial 0 with value: 13.603347717936437.
[I 2026-05-28 03:21:11,617] Trial 3 finished with value: 43.84421638116564 and parameters: {'ISTN': 130.34570265419634, 'I_gpe': 2.8721985834527275, 'I_gpi': 1.4954707203235134, 'noise_stn_sigma': 3.4288191260094325, 'noise_gpe_sigma': 74.67661030465987, 'noise_gpi_sigma': 62.64781645684425, 'g_stn_gpe_mult': 3.5611726300776203, 'g_gpe_stn_mult': 0.5176041198232597, 'g_stn_gpi_mult': 2.104840083910787, 'g_gpe_gpi_mult': 1.1443369202073006}. Best is trial 0 with value: 13.603347717936437.
[I 2026-05-28 03:21:12,625] Trial 4 finished with value: 35.80086837075262 and parameters: {'ISTN': 131.08018507123245, 'I_gpe': 1.8101842312304777, 'I_gpi': 3.9701326053495483, 'noise_stn_sigma': 4.521608519132368, 'noise_gpe_sigma': 67.43477478238358, 'noise_gpi_sigma': 58.66598443998098, 'g_stn_gpe_mult': 3.555157572750906, 'g_gpe_stn_mult': 0.3843616443234755, 'g_stn_gpi_mult': 2.6906642060483716, 'g_gpe_gpi_mult': 0.6082411769396068}. Best is trial 0 with value: 13.603347717936437.
[I 2026-05-28 03:21:13,631] Trial 5 finished with value: 25.43119551058192 and parameters: {'ISTN': 105.7110412213012, 'I_gpe': 2.6743610448974904, 'I_gpi': 2.96553366953162, 'noise_stn_sigma': 5.267576263058033, 'noise_gpe_sigma': 131.19964182676767, 'noise_gpi_sigma': 92.74801858244483, 'g_stn_gpe_mult': 3.4946925306675856, 'g_gpe_stn_mult': 0.30652096977033794, 'g_stn_gpi_mult': 2.692969614136622, 'g_gpe_gpi_mult': 0.8470816145221678}. Best is trial 0 with value: 13.603347717936437.
[I 2026-05-28 03:21:14,639] Trial 6 finished with value: 28.10713930964775 and parameters: {'ISTN': 106.72418356959597, 'I_gpe': 3.0116773748832215, 'I_gpi': 4.432486350336476, 'noise_stn_sigma': 5.186111931802177, 'noise_gpe_sigma': 93.14722781480728, 'noise_gpi_sigma': 118.07724823614657, 'g_stn_gpe_mult': 2.7054803342170235, 'g_gpe_stn_mult': 0.5771999114611707, 'g_stn_gpi_mult': 2.5206184432314407, 'g_gpe_gpi_mult': 0.8596819843393892}. Best is trial 0 with value: 13.603347717936437.
[I 2026-05-28 03:21:15,645] Trial 7 finished with value: 25.047305574493446 and parameters: {'ISTN': 119.19047800324168, 'I_gpe': 2.6215916207756202, 'I_gpi': 1.611603469806546, 'noise_stn_sigma': 5.715373568766341, 'noise_gpe_sigma': 74.08552703606676, 'noise_gpi_sigma': 80.56556986514249, 'g_stn_gpe_mult': 2.7485135028414343, 'g_gpe_stn_mult': 0.1652013225443949, 'g_stn_gpi_mult': 2.7312789485942535, 'g_gpe_gpi_mult': 0.8728088197411663}. Best is trial 0 with value: 13.603347717936437.
[I 2026-05-28 03:21:16,592] Trial 8 finished with value: 1000000.0 and parameters: {'ISTN': 103.95079825574429, 'I_gpe': 2.5482184730336845, 'I_gpi': 3.8920552805482407, 'noise_stn_sigma': 4.398092789221055, 'noise_gpe_sigma': 82.24463168312552, 'noise_gpi_sigma': 88.4273935525437, 'g_stn_gpe_mult': 2.2802940245907446, 'g_gpe_stn_mult': 0.40636588722448197, 'g_stn_gpi_mult': 2.659965924258131, 'g_gpe_gpi_mult': 0.5995526010291856}. Best is trial 0 with value: 13.603347717936437.
[I 2026-05-28 03:21:17,602] Trial 9 finished with value: 27.906171232137062 and parameters: {'ISTN': 113.36804327664811, 'I_gpe': 2.4618166155840293, 'I_gpi': 3.234694310187156, 'noise_stn_sigma': 3.3410149421254456, 'noise_gpe_sigma': 111.10197577282092, 'noise_gpi_sigma': 109.47069256836257, 'g_stn_gpe_mult': 3.852069218196757, 'g_gpe_stn_mult': 0.35207710886966526, 'g_stn_gpi_mult': 2.0270053868277214, 'g_gpe_gpi_mult': 0.329304356057349}. Best is trial 0 with value: 13.603347717936437.
[I 2026-05-28 03:21:18,609] Trial 10 finished with value: 20.371990018654593 and parameters: {'ISTN': 94.95290724729622, 'I_gpe': 2.788899374705853, 'I_gpi': 2.681198690721474, 'noise_stn_sigma': 5.667981406994804, 'noise_gpe_sigma': 62.128548868016324, 'noise_gpi_sigma': 103.85583458559692, 'g_stn_gpe_mult': 4.052521103362881, 'g_gpe_stn_mult': 0.6255799834447496, 'g_stn_gpi_mult': 1.766974094849306, 'g_gpe_gpi_mult': 0.7549205217945685}. Best is trial 0 with value: 13.603347717936437.
[I 2026-05-28 03:21:19,619] Trial 11 finished with value: 20.422590300996887 and parameters: {'ISTN': 94.38984983476482, 'I_gpe': 1.8243764637396287, 'I_gpi': 2.353205163728215, 'noise_stn_sigma': 4.864187247672813, 'noise_gpe_sigma': 74.85105676833449, 'noise_gpi_sigma': 57.01896445265659, 'g_stn_gpe_mult': 3.062889364202438, 'g_gpe_stn_mult': 0.4432810707694781, 'g_stn_gpi_mult': 2.9823203586485043, 'g_gpe_gpi_mult': 0.7440262727775038}. Best is trial 0 with value: 13.603347717936437.
[I 2026-05-28 03:21:20,627] Trial 12 finished with value: 32.26866778072556 and parameters: {'ISTN': 101.03890156879318, 'I_gpe': 3.3855047554937565, 'I_gpi': 3.8930594563349534, 'noise_stn_sigma': 6.230054998424299, 'noise_gpe_sigma': 66.47550726895616, 'noise_gpi_sigma': 50.08888394058974, 'g_stn_gpe_mult': 3.2363856499251256, 'g_gpe_stn_mult': 0.4583734247515173, 'g_stn_gpi_mult': 3.0899969186235565, 'g_gpe_gpi_mult': 0.8561298040209917}. Best is trial 0 with value: 13.603347717936437.
[I 2026-05-28 03:21:21,635] Trial 13 finished with value: 17.4052625427419 and parameters: {'ISTN': 81.45291693703794, 'I_gpe': 2.537095037982635, 'I_gpi': 3.2708601026885504, 'noise_stn_sigma': 5.572947192007586, 'noise_gpe_sigma': 109.08439794561436, 'noise_gpi_sigma': 76.1108938412689, 'g_stn_gpe_mult': 3.8077799685416673, 'g_gpe_stn_mult': 0.5351831919363589, 'g_stn_gpi_mult': 2.940431137503074, 'g_gpe_gpi_mult': 0.869252976661905}. Best is trial 0 with value: 13.603347717936437.
[I 2026-05-28 03:21:22,643] Trial 14 finished with value: 15.750621479877033 and parameters: {'ISTN': 74.06948463344943, 'I_gpe': 1.3988553842222604, 'I_gpi': 2.673597948387333, 'noise_stn_sigma': 4.8363677588494705, 'noise_gpe_sigma': 76.43316981041303, 'noise_gpi_sigma': 58.94669591032644, 'g_stn_gpe_mult': 3.8099998857215938, 'g_gpe_stn_mult': 0.3365888318907925, 'g_stn_gpi_mult': 2.8257062742761603, 'g_gpe_gpi_mult': 0.8737716474608157}. Best is trial 0 with value: 13.603347717936437.
[I 2026-05-28 03:21:23,650] Trial 15 finished with value: 16.77180741826756 and parameters: {'ISTN': 82.29097793123961, 'I_gpe': 2.131685763114162, 'I_gpi': 2.2214414901318635, 'noise_stn_sigma': 5.918366242682297, 'noise_gpe_sigma': 59.311323590475546, 'noise_gpi_sigma': 42.90364343990066, 'g_stn_gpe_mult': 3.0642093494006386, 'g_gpe_stn_mult': 0.5377838323530342, 'g_stn_gpi_mult': 1.9739388809041212, 'g_gpe_gpi_mult': 0.8304189547892828}. Best is trial 0 with value: 13.603347717936437.
[I 2026-05-28 03:21:24,659] Trial 16 finished with value: 10.336664117517664 and parameters: {'ISTN': 66.58390937242586, 'I_gpe': 2.9874606035530977, 'I_gpi': 2.5751891911821003, 'noise_stn_sigma': 5.297372379422695, 'noise_gpe_sigma': 100.15005878553042, 'noise_gpi_sigma': 54.52078761907479, 'g_stn_gpe_mult': 3.6266993985373612, 'g_gpe_stn_mult': 0.5702348889303833, 'g_stn_gpi_mult': 3.218897578994049, 'g_gpe_gpi_mult': 0.9679933834053107}. Best is trial 16 with value: 10.336664117517664.
[I 2026-05-28 03:21:25,665] Trial 17 finished with value: 28.32453546643902 and parameters: {'ISTN': 103.04677478036558, 'I_gpe': 2.7021000820129664, 'I_gpi': 3.6043204148446044, 'noise_stn_sigma': 2.898878730699974, 'noise_gpe_sigma': 101.54569328628625, 'noise_gpi_sigma': 59.09871242972131, 'g_stn_gpe_mult': 4.265805500776342, 'g_gpe_stn_mult': 0.3899881301138932, 'g_stn_gpi_mult': 2.8963401451389164, 'g_gpe_gpi_mult': 1.025454107425978}. Best is trial 16 with value: 10.336664117517664.
[I 2026-05-28 03:21:26,672] Trial 18 finished with value: 20.33174128237893 and parameters: {'ISTN': 101.31061370004687, 'I_gpe': 2.355829573999192, 'I_gpi': 4.246948291922088, 'noise_stn_sigma': 6.1465044034163, 'noise_gpe_sigma': 63.67779754631657, 'noise_gpi_sigma': 63.90950416305695, 'g_stn_gpe_mult': 2.9590674243594535, 'g_gpe_stn_mult': 0.7929207405339085, 'g_stn_gpi_mult': 2.3259095071709255, 'g_gpe_gpi_mult': 0.7641152154594641}. Best is trial 16 with value: 10.336664117517664.
[I 2026-05-28 03:21:27,678] Trial 19 finished with value: 32.34583956189415 and parameters: {'ISTN': 111.70600889613303, 'I_gpe': 2.576117848541633, 'I_gpi': 3.656794678124405, 'noise_stn_sigma': 3.45402504863791, 'noise_gpe_sigma': 80.99671309132557, 'noise_gpi_sigma': 83.01508468401195, 'g_stn_gpe_mult': 4.63177408031751, 'g_gpe_stn_mult': 0.3974888387686568, 'g_stn_gpi_mult': 3.0263482494340104, 'g_gpe_gpi_mult': 0.7334519469367571}. Best is trial 16 with value: 10.336664117517664.
[I 2026-05-28 03:21:28,685] Trial 20 finished with value: 16.352742913406193 and parameters: {'ISTN': 78.1864730391142, 'I_gpe': 1.629224911176613, 'I_gpi': 3.0200753650861105, 'noise_stn_sigma': 6.049557571697413, 'noise_gpe_sigma': 94.0716643489715, 'noise_gpi_sigma': 68.93011704309282, 'g_stn_gpe_mult': 3.9803589499693217, 'g_gpe_stn_mult': 0.4720688016667268, 'g_stn_gpi_mult': 2.7945526134087726, 'g_gpe_gpi_mult': 0.838235260658929}. Best is trial 16 with value: 10.336664117517664.
[I 2026-05-28 03:21:29,694] Trial 21 finished with value: 18.165130513761962 and parameters: {'ISTN': 84.23084671752734, 'I_gpe': 2.6371212832873514, 'I_gpi': 3.5714621014108814, 'noise_stn_sigma': 5.547227584586844, 'noise_gpe_sigma': 117.77947790789145, 'noise_gpi_sigma': 39.697167272939325, 'g_stn_gpe_mult': 3.5275721393126074, 'g_gpe_stn_mult': 0.3942976821709113, 'g_stn_gpi_mult': 1.6318639666044243, 'g_gpe_gpi_mult': 0.6640332094997221}. Best is trial 16 with value: 10.336664117517664.
[I 2026-05-28 03:21:30,703] Trial 22 finished with value: 18.0399123920719 and parameters: {'ISTN': 91.25621126731089, 'I_gpe': 1.8091927772317027, 'I_gpi': 2.3182878276650603, 'noise_stn_sigma': 6.910388706292416, 'noise_gpe_sigma': 124.02219593812747, 'noise_gpi_sigma': 60.04829925484787, 'g_stn_gpe_mult': 3.113144120005196, 'g_gpe_stn_mult': 0.4484297347372421, 'g_stn_gpi_mult': 2.480677098676129, 'g_gpe_gpi_mult': 0.8489443110289072}. Best is trial 16 with value: 10.336664117517664.
[I 2026-05-28 03:21:31,709] Trial 23 finished with value: 24.635774898805682 and parameters: {'ISTN': 107.85516614308712, 'I_gpe': 2.3428936029859924, 'I_gpi': 2.1119960706693424, 'noise_stn_sigma': 5.448122224231341, 'noise_gpe_sigma': 108.61958457779787, 'noise_gpi_sigma': 55.58336638276528, 'g_stn_gpe_mult': 3.5560477197197584, 'g_gpe_stn_mult': 0.587184621985994, 'g_stn_gpi_mult': 2.0680546245776674, 'g_gpe_gpi_mult': 0.8284012027198466}. Best is trial 16 with value: 10.336664117517664.
[I 2026-05-28 03:21:32,715] Trial 24 finished with value: 14.42420081858042 and parameters: {'ISTN': 81.88936174613846, 'I_gpe': 2.45117411041573, 'I_gpi': 2.1278160215817272, 'noise_stn_sigma': 3.7480731614607654, 'noise_gpe_sigma': 85.29433176978014, 'noise_gpi_sigma': 36.05823538285337, 'g_stn_gpe_mult': 2.815964327378165, 'g_gpe_stn_mult': 0.4665375008554701, 'g_stn_gpi_mult': 2.2879009385919584, 'g_gpe_gpi_mult': 0.7419595800478174}. Best is trial 16 with value: 10.336664117517664.
[I 2026-05-28 03:21:33,723] Trial 25 finished with value: 9.262337247730793 and parameters: {'ISTN': 70.18113522263613, 'I_gpe': 2.146725504612428, 'I_gpi': 1.8272360957121, 'noise_stn_sigma': 6.970597700279091, 'noise_gpe_sigma': 76.38750619947132, 'noise_gpi_sigma': 57.36046826354651, 'g_stn_gpe_mult': 3.6878810911986015, 'g_gpe_stn_mult': 0.4556938554236841, 'g_stn_gpi_mult': 3.2018884288092275, 'g_gpe_gpi_mult': 0.7474870279204637}. Best is trial 25 with value: 9.262337247730793.
[I 2026-05-28 03:21:34,725] Trial 26 finished with value: 122.9112832634666 and parameters: {'ISTN': 64.70602532300391, 'I_gpe': 3.243080808805296, 'I_gpi': 2.6602138669437028, 'noise_stn_sigma': 6.316160964890129, 'noise_gpe_sigma': 134.74450244084977, 'noise_gpi_sigma': 61.00605770068729, 'g_stn_gpe_mult': 3.7776192739548997, 'g_gpe_stn_mult': 0.7190609155957859, 'g_stn_gpi_mult': 3.1008419390642192, 'g_gpe_gpi_mult': 0.789758864476384}. Best is trial 25 with value: 9.262337247730793.
[I 2026-05-28 03:21:35,734] Trial 27 finished with value: 14.944131417361206 and parameters: {'ISTN': 99.4747800234063, 'I_gpe': 1.8487556128377696, 'I_gpi': 1.8706779974234737, 'noise_stn_sigma': 6.8312663956674875, 'noise_gpe_sigma': 64.79144190885563, 'noise_gpi_sigma': 79.51264235475267, 'g_stn_gpe_mult': 3.905218582274459, 'g_gpe_stn_mult': 0.34572205354872465, 'g_stn_gpi_mult': 3.2653484154707044, 'g_gpe_gpi_mult': 0.698077705831156}. Best is trial 25 with value: 9.262337247730793.
[I 2026-05-28 03:21:36,743] Trial 28 finished with value: 21.64331274881041 and parameters: {'ISTN': 92.83264321583921, 'I_gpe': 2.617795679950722, 'I_gpi': 2.7951718051683123, 'noise_stn_sigma': 6.0299817939387195, 'noise_gpe_sigma': 64.18854157835936, 'noise_gpi_sigma': 39.24293902398047, 'g_stn_gpe_mult': 3.7092536206637017, 'g_gpe_stn_mult': 0.5289876464352686, 'g_stn_gpi_mult': 3.965843654739567, 'g_gpe_gpi_mult': 0.8498113942604599}. Best is trial 25 with value: 9.262337247730793.
[I 2026-05-28 03:21:37,750] Trial 29 finished with value: 21.981218031968343 and parameters: {'ISTN': 83.68026808794338, 'I_gpe': 3.175201417528744, 'I_gpi': 1.571464850268008, 'noise_stn_sigma': 5.6205899950281015, 'noise_gpe_sigma': 85.24010865119263, 'noise_gpi_sigma': 48.76639185837656, 'g_stn_gpe_mult': 3.202174042618897, 'g_gpe_stn_mult': 0.43661437070583053, 'g_stn_gpi_mult': 3.540519349009836, 'g_gpe_gpi_mult': 1.0051958650445336}. Best is trial 25 with value: 9.262337247730793.
[I 2026-05-28 03:21:38,760] Trial 30 finished with value: 18.885316764456643 and parameters: {'ISTN': 90.2268838668122, 'I_gpe': 1.1820846621032786, 'I_gpi': 2.8144873883828057, 'noise_stn_sigma': 4.010841678923118, 'noise_gpe_sigma': 73.69665487795595, 'noise_gpi_sigma': 33.31059653487184, 'g_stn_gpe_mult': 3.5511869111238363, 'g_gpe_stn_mult': 0.5824426613355742, 'g_stn_gpi_mult': 1.7039430556652426, 'g_gpe_gpi_mult': 0.4224695640942651}. Best is trial 25 with value: 9.262337247730793.
[I 2026-05-28 03:21:39,770] Trial 31 finished with value: 10.613642447138629 and parameters: {'ISTN': 77.78597114036336, 'I_gpe': 2.0179962480715026, 'I_gpi': 1.107340579333452, 'noise_stn_sigma': 6.749837497682143, 'noise_gpe_sigma': 82.78724615216305, 'noise_gpi_sigma': 44.231431387065925, 'g_stn_gpe_mult': 3.4810056265598575, 'g_gpe_stn_mult': 0.46056241126730135, 'g_stn_gpi_mult': 3.38435425879291, 'g_gpe_gpi_mult': 0.7712562631757727}. Best is trial 25 with value: 9.262337247730793.
[I 2026-05-28 03:21:40,777] Trial 32 finished with value: 28.10613250628725 and parameters: {'ISTN': 108.88263004028744, 'I_gpe': 2.4871712841451976, 'I_gpi': 2.5455900562440883, 'noise_stn_sigma': 4.698250794588207, 'noise_gpe_sigma': 85.81989339175637, 'noise_gpi_sigma': 39.24635524437099, 'g_stn_gpe_mult': 4.038223787101357, 'g_gpe_stn_mult': 0.4598515267634782, 'g_stn_gpi_mult': 2.347987772777329, 'g_gpe_gpi_mult': 0.73358417411919}. Best is trial 25 with value: 9.262337247730793.
[I 2026-05-28 03:21:41,786] Trial 33 finished with value: 20.567933690735156 and parameters: {'ISTN': 97.6981751421316, 'I_gpe': 2.172228772347325, 'I_gpi': 1.9705451227664077, 'noise_stn_sigma': 6.732935716122726, 'noise_gpe_sigma': 68.74842867898855, 'noise_gpi_sigma': 80.1166295513038, 'g_stn_gpe_mult': 3.674744473688576, 'g_gpe_stn_mult': 0.33001237311767473, 'g_stn_gpi_mult': 2.1189973697938007, 'g_gpe_gpi_mult': 0.7365700832244901}. Best is trial 25 with value: 9.262337247730793.
[I 2026-05-28 03:21:42,795] Trial 34 finished with value: 13.558921440317025 and parameters: {'ISTN': 76.53318403372484, 'I_gpe': 2.9917626669744575, 'I_gpi': 2.441288141717961, 'noise_stn_sigma': 5.792940219598752, 'noise_gpe_sigma': 67.89886784373866, 'noise_gpi_sigma': 76.97784421828217, 'g_stn_gpe_mult': 3.845810800686839, 'g_gpe_stn_mult': 0.5396438609193221, 'g_stn_gpi_mult': 3.2381632852412996, 'g_gpe_gpi_mult': 1.0251420256752803}. Best is trial 25 with value: 9.262337247730793.
[I 2026-05-28 03:21:43,801] Trial 35 finished with value: 13.9843892583829 and parameters: {'ISTN': 91.81179376338652, 'I_gpe': 2.2249258183668656, 'I_gpi': 1.8044014545277403, 'noise_stn_sigma': 6.022233433770898, 'noise_gpe_sigma': 93.29420864485469, 'noise_gpi_sigma': 67.23741007876964, 'g_stn_gpe_mult': 2.892030212648476, 'g_gpe_stn_mult': 0.5680006577477337, 'g_stn_gpi_mult': 3.001886868723988, 'g_gpe_gpi_mult': 0.6461078600242185}. Best is trial 25 with value: 9.262337247730793.
[I 2026-05-28 03:21:44,809] Trial 36 finished with value: 11.781443576476825 and parameters: {'ISTN': 92.21727044426919, 'I_gpe': 1.4354611711919505, 'I_gpi': 1.405508120914782, 'noise_stn_sigma': 6.351277909193049, 'noise_gpe_sigma': 77.1471864307101, 'noise_gpi_sigma': 79.73294395613323, 'g_stn_gpe_mult': 3.14884093415046, 'g_gpe_stn_mult': 0.33645828915738274, 'g_stn_gpi_mult': 2.808696634378882, 'g_gpe_gpi_mult': 0.8592122220435858}. Best is trial 25 with value: 9.262337247730793.
[I 2026-05-28 03:21:45,819] Trial 37 finished with value: 13.626814236193082 and parameters: {'ISTN': 80.47619926522856, 'I_gpe': 1.8753066106486291, 'I_gpi': 2.4147648960290655, 'noise_stn_sigma': 7.005843743053958, 'noise_gpe_sigma': 75.98164556659356, 'noise_gpi_sigma': 39.45839925234881, 'g_stn_gpe_mult': 3.404431143737097, 'g_gpe_stn_mult': 0.30738233475044485, 'g_stn_gpi_mult': 2.72254479053243, 'g_gpe_gpi_mult': 0.7477484318743517}. Best is trial 25 with value: 9.262337247730793.
[I 2026-05-28 03:21:46,827] Trial 38 finished with value: 15.075830640635054 and parameters: {'ISTN': 79.09060644965747, 'I_gpe': 2.049127072208327, 'I_gpi': 2.3415646590205426, 'noise_stn_sigma': 5.897808473477429, 'noise_gpe_sigma': 105.7267785244209, 'noise_gpi_sigma': 103.02112737101456, 'g_stn_gpe_mult': 3.031604826713502, 'g_gpe_stn_mult': 0.47736455507509057, 'g_stn_gpi_mult': 3.04764258162045, 'g_gpe_gpi_mult': 0.7377899105924264}. Best is trial 25 with value: 9.262337247730793.
[I 2026-05-28 03:21:47,835] Trial 39 finished with value: 15.69868054420882 and parameters: {'ISTN': 97.12832590217026, 'I_gpe': 0.8999995809976182, 'I_gpi': 1.9812866273942524, 'noise_stn_sigma': 6.431264948159433, 'noise_gpe_sigma': 108.84166641246703, 'noise_gpi_sigma': 66.17212512605086, 'g_stn_gpe_mult': 2.4593681907747498, 'g_gpe_stn_mult': 0.49092069795091375, 'g_stn_gpi_mult': 2.7219951644611924, 'g_gpe_gpi_mult': 0.8842692306768687}. Best is trial 25 with value: 9.262337247730793.
[I 2026-05-28 03:21:48,843] Trial 40 finished with value: 11.949949966313863 and parameters: {'ISTN': 77.4194326504689, 'I_gpe': 2.1888539683666863, 'I_gpi': 1.7099603337778073, 'noise_stn_sigma': 4.2411844582663925, 'noise_gpe_sigma': 102.90883803486615, 'noise_gpi_sigma': 50.23681064427532, 'g_stn_gpe_mult': 3.532016241532137, 'g_gpe_stn_mult': 0.4554287591837505, 'g_stn_gpi_mult': 3.8405868336635294, 'g_gpe_gpi_mult': 0.8450132084434259}. Best is trial 25 with value: 9.262337247730793.
[I 2026-05-28 03:21:49,853] Trial 41 finished with value: 21.15029419802296 and parameters: {'ISTN': 91.8779608425412, 'I_gpe': 2.869258457764084, 'I_gpi': 1.2836893018247673, 'noise_stn_sigma': 4.733996586815258, 'noise_gpe_sigma': 70.59008843263328, 'noise_gpi_sigma': 53.574583250776165, 'g_stn_gpe_mult': 2.9486886553312606, 'g_gpe_stn_mult': 0.4842101355081577, 'g_stn_gpi_mult': 3.091426641663648, 'g_gpe_gpi_mult': 0.5434334771619499}. Best is trial 25 with value: 9.262337247730793.
[I 2026-05-28 03:21:50,859] Trial 42 finished with value: 9.006366504435125 and parameters: {'ISTN': 60.51415168563331, 'I_gpe': 2.5586688079992355, 'I_gpi': 1.4479482102225658, 'noise_stn_sigma': 7.417939476695008, 'noise_gpe_sigma': 68.66231811129511, 'noise_gpi_sigma': 71.16322489611903, 'g_stn_gpe_mult': 3.8634005782897365, 'g_gpe_stn_mult': 0.30494645832631273, 'g_stn_gpi_mult': 3.7996546528407915, 'g_gpe_gpi_mult': 1.0168133069236474}. Best is trial 42 with value: 9.006366504435125.
[I 2026-05-28 03:21:51,866] Trial 43 finished with value: 26.007309343452345 and parameters: {'ISTN': 105.84453278308266, 'I_gpe': 2.959215873968736, 'I_gpi': 1.3790356821191974, 'noise_stn_sigma': 7.180041994349135, 'noise_gpe_sigma': 72.00962612130058, 'noise_gpi_sigma': 28.281841578306626, 'g_stn_gpe_mult': 3.006609841207787, 'g_gpe_stn_mult': 0.5973516510808444, 'g_stn_gpi_mult': 2.997918209834819, 'g_gpe_gpi_mult': 0.6872520734160859}. Best is trial 42 with value: 9.006366504435125.
