[I 2026-05-28 03:10:46,477] Trial 396 finished with value: 0.16206420202058988 and parameters: {'ISTN': 62.92562265741988, 'I_gpe': 1.155457577790914, 'I_gpi': 2.023999019230037, 'noise_stn_sigma': 2.0086500398469447, 'noise_gpe_sigma': 97.05313851240604, 'noise_gpi_sigma': 97.59709668177979, 'g_stn_gpe_mult': 2.7148635521357245, 'g_gpe_stn_mult': 0.13795455991968178, 'g_stn_gpi_mult': 3.254411792699495, 'g_gpe_gpi_mult': 0.9922147915210247}. Best is trial 343 with value: 0.14551095611338594.
[I 2026-05-28 03:10:47,487] Trial 397 finished with value: 0.21729766643044163 and parameters: {'ISTN': 62.5471788402001, 'I_gpe': 1.5203017350849624, 'I_gpi': 2.1767832241527048, 'noise_stn_sigma': 2.0672388909177517, 'noise_gpe_sigma': 96.72555254102981, 'noise_gpi_sigma': 92.03079640266061, 'g_stn_gpe_mult': 2.632319904304045, 'g_gpe_stn_mult': 0.1677289405371642, 'g_stn_gpi_mult': 3.1931760656002117, 'g_gpe_gpi_mult': 0.9626065643741857}. Best is trial 343 with value: 0.14551095611338594.
[I 2026-05-28 03:10:48,501] Trial 398 finished with value: 0.18848574964081136 and parameters: {'ISTN': 64.73311486493377, 'I_gpe': 1.2108478648924241, 'I_gpi': 2.061441710459897, 'noise_stn_sigma': 2.6081391381519046, 'noise_gpe_sigma': 100.67631991211636, 'noise_gpi_sigma': 92.0788173915603, 'g_stn_gpe_mult': 2.644957987398155, 'g_gpe_stn_mult': 0.13789445818934373, 'g_stn_gpi_mult': 3.243852244857372, 'g_gpe_gpi_mult': 0.9822102654575895}. Best is trial 343 with value: 0.14551095611338594.
[I 2026-05-28 03:10:49,513] Trial 399 finished with value: 0.16592476713035664 and parameters: {'ISTN': 61.8513630348235, 'I_gpe': 1.4214775505871682, 'I_gpi': 2.0333821397395737, 'noise_stn_sigma': 2.404806993686262, 'noise_gpe_sigma': 90.99366633960437, 'noise_gpi_sigma': 102.84990976772686, 'g_stn_gpe_mult': 2.993435553612782, 'g_gpe_stn_mult': 0.13810579723078215, 'g_stn_gpi_mult': 3.377260013735271, 'g_gpe_gpi_mult': 1.0927109762741651}. Best is trial 343 with value: 0.14551095611338594.
[I 2026-05-28 03:10:50,525] Trial 400 finished with value: 0.7078471434149044 and parameters: {'ISTN': 62.17523398344543, 'I_gpe': 1.1066943337983175, 'I_gpi': 2.0932994219504786, 'noise_stn_sigma': 1.9694534825171175, 'noise_gpe_sigma': 93.41903099590614, 'noise_gpi_sigma': 98.62985762942587, 'g_stn_gpe_mult': 2.9085712683109044, 'g_gpe_stn_mult': 0.10527162743576822, 'g_stn_gpi_mult': 3.424788500924909, 'g_gpe_gpi_mult': 1.0827559200295864}. Best is trial 343 with value: 0.14551095611338594.
[I 2026-05-28 03:10:51,541] Trial 401 finished with value: 0.26620744689135367 and parameters: {'ISTN': 63.46053979644955, 'I_gpe': 1.1505278959955496, 'I_gpi': 2.065151041373766, 'noise_stn_sigma': 2.829382557805375, 'noise_gpe_sigma': 86.18223606240295, 'noise_gpi_sigma': 104.77925819715351, 'g_stn_gpe_mult': 2.710191155369393, 'g_gpe_stn_mult': 0.21106219330973314, 'g_stn_gpi_mult': 3.5147449051565594, 'g_gpe_gpi_mult': 0.926218188923158}. Best is trial 343 with value: 0.14551095611338594.
[I 2026-05-28 03:10:52,554] Trial 402 finished with value: 0.21539605785994032 and parameters: {'ISTN': 63.06324809125085, 'I_gpe': 0.9777109666479198, 'I_gpi': 2.132335408253892, 'noise_stn_sigma': 2.470377957219437, 'noise_gpe_sigma': 84.79790337976688, 'noise_gpi_sigma': 96.65582772862896, 'g_stn_gpe_mult': 2.769181996829404, 'g_gpe_stn_mult': 0.1882096251517321, 'g_stn_gpi_mult': 3.212972155163671, 'g_gpe_gpi_mult': 0.9550709037354519}. Best is trial 343 with value: 0.14551095611338594.
[I 2026-05-28 03:10:53,565] Trial 403 finished with value: 0.24147789987001522 and parameters: {'ISTN': 64.9171100312161, 'I_gpe': 0.9937407360890143, 'I_gpi': 2.3201395150120225, 'noise_stn_sigma': 1.9672490738243322, 'noise_gpe_sigma': 97.20595691733615, 'noise_gpi_sigma': 102.74500197186576, 'g_stn_gpe_mult': 3.0577685456838357, 'g_gpe_stn_mult': 0.16978000652480713, 'g_stn_gpi_mult': 3.058607669627141, 'g_gpe_gpi_mult': 1.077708998639902}. Best is trial 343 with value: 0.14551095611338594.
[I 2026-05-28 03:10:54,576] Trial 404 finished with value: 0.25328298069708216 and parameters: {'ISTN': 60.75215435048885, 'I_gpe': 1.334845342641994, 'I_gpi': 2.3904183523307863, 'noise_stn_sigma': 2.688895770301516, 'noise_gpe_sigma': 89.26582207050866, 'noise_gpi_sigma': 100.14725350109451, 'g_stn_gpe_mult': 2.752772066083117, 'g_gpe_stn_mult': 0.1933607800057734, 'g_stn_gpi_mult': 3.3349629708805355, 'g_gpe_gpi_mult': 0.961152402808553}. Best is trial 343 with value: 0.14551095611338594.
[I 2026-05-28 03:10:55,588] Trial 405 finished with value: 0.15274974918290213 and parameters: {'ISTN': 61.203900999881014, 'I_gpe': 1.275066435669097, 'I_gpi': 1.9354760084855225, 'noise_stn_sigma': 2.345539754745347, 'noise_gpe_sigma': 89.95771294559397, 'noise_gpi_sigma': 96.71125718613715, 'g_stn_gpe_mult': 2.895121051056548, 'g_gpe_stn_mult': 0.1740802157635029, 'g_stn_gpi_mult': 3.2906891850015088, 'g_gpe_gpi_mult': 1.0631137373640123}. Best is trial 343 with value: 0.14551095611338594.
[I 2026-05-28 03:10:56,599] Trial 406 finished with value: 0.21933060196641788 and parameters: {'ISTN': 62.43738730840271, 'I_gpe': 1.261605485808928, 'I_gpi': 2.320643270785538, 'noise_stn_sigma': 2.643821327645873, 'noise_gpe_sigma': 89.07980367573852, 'noise_gpi_sigma': 92.3727149249796, 'g_stn_gpe_mult': 2.6776356169559534, 'g_gpe_stn_mult': 0.1430832080615474, 'g_stn_gpi_mult': 3.191284629205636, 'g_gpe_gpi_mult': 0.9721054551198751}. Best is trial 343 with value: 0.14551095611338594.
[I 2026-05-28 03:10:57,612] Trial 407 finished with value: 0.8308192206390724 and parameters: {'ISTN': 62.12607968999797, 'I_gpe': 1.23313311519941, 'I_gpi': 2.1004361265568754, 'noise_stn_sigma': 2.3675483800268484, 'noise_gpe_sigma': 89.18101784754599, 'noise_gpi_sigma': 102.2402609639511, 'g_stn_gpe_mult': 2.923857835279184, 'g_gpe_stn_mult': 0.11332482296891631, 'g_stn_gpi_mult': 3.3179973473184443, 'g_gpe_gpi_mult': 0.9663880702412575}. Best is trial 343 with value: 0.14551095611338594.
[I 2026-05-28 03:10:58,624] Trial 408 finished with value: 0.2085932126840293 and parameters: {'ISTN': 63.29253494311326, 'I_gpe': 1.3566311962788657, 'I_gpi': 2.1880277190009356, 'noise_stn_sigma': 2.212748043277654, 'noise_gpe_sigma': 94.48261481748801, 'noise_gpi_sigma': 98.60233087010725, 'g_stn_gpe_mult': 2.6316154370606974, 'g_gpe_stn_mult': 0.1819071617090685, 'g_stn_gpi_mult': 3.34393236507556, 'g_gpe_gpi_mult': 1.0014655670435069}. Best is trial 343 with value: 0.14551095611338594.
[I 2026-05-28 03:10:59,635] Trial 409 finished with value: 0.1869990308559038 and parameters: {'ISTN': 62.52048638525781, 'I_gpe': 1.3984463213106961, 'I_gpi': 1.9067076964230278, 'noise_stn_sigma': 1.9563926980645125, 'noise_gpe_sigma': 95.41889715350152, 'noise_gpi_sigma': 104.88741783919413, 'g_stn_gpe_mult': 3.0141943999665886, 'g_gpe_stn_mult': 0.16311686902297373, 'g_stn_gpi_mult': 3.146774490940535, 'g_gpe_gpi_mult': 1.1043167577862107}. Best is trial 343 with value: 0.14551095611338594.
[I 2026-05-28 03:11:00,644] Trial 410 finished with value: 0.23466815748030975 and parameters: {'ISTN': 61.52112214140793, 'I_gpe': 1.1873381131638263, 'I_gpi': 2.3238785039821948, 'noise_stn_sigma': 2.828965984096728, 'noise_gpe_sigma': 94.81812990713831, 'noise_gpi_sigma': 100.061538154185, 'g_stn_gpe_mult': 2.8637914772721556, 'g_gpe_stn_mult': 0.19538918344906175, 'g_stn_gpi_mult': 3.359958530331156, 'g_gpe_gpi_mult': 1.0031618674845493}. Best is trial 343 with value: 0.14551095611338594.
[I 2026-05-28 03:11:01,656] Trial 411 finished with value: 0.8684453055057288 and parameters: {'ISTN': 61.78055094798283, 'I_gpe': 1.160353905244153, 'I_gpi': 2.1291932967211507, 'noise_stn_sigma': 1.877736140408552, 'noise_gpe_sigma': 91.37746238972147, 'noise_gpi_sigma': 103.73756606281758, 'g_stn_gpe_mult': 2.9037001355609826, 'g_gpe_stn_mult': 0.1297925873052112, 'g_stn_gpi_mult': 3.227318735497716, 'g_gpe_gpi_mult': 1.0603446892474402}. Best is trial 343 with value: 0.14551095611338594.
[I 2026-05-28 03:11:02,666] Trial 412 finished with value: 1.5220062922973567 and parameters: {'ISTN': 60.50189637876121, 'I_gpe': 1.1727951410167132, 'I_gpi': 2.020789271503933, 'noise_stn_sigma': 2.1003076813589456, 'noise_gpe_sigma': 94.51350510338847, 'noise_gpi_sigma': 91.07358849132243, 'g_stn_gpe_mult': 2.847794264449209, 'g_gpe_stn_mult': 0.1132165319771249, 'g_stn_gpi_mult': 3.243557319210187, 'g_gpe_gpi_mult': 1.0954531633127684}. Best is trial 343 with value: 0.14551095611338594.
[I 2026-05-28 03:11:03,677] Trial 413 finished with value: 0.18232555459388994 and parameters: {'ISTN': 62.6950261893422, 'I_gpe': 1.4325517717245948, 'I_gpi': 1.9085333597166936, 'noise_stn_sigma': 2.6606090457037217, 'noise_gpe_sigma': 89.71327655824616, 'noise_gpi_sigma': 96.85710754960753, 'g_stn_gpe_mult': 2.765338271979176, 'g_gpe_stn_mult': 0.18059715236405188, 'g_stn_gpi_mult': 3.439135537926158, 'g_gpe_gpi_mult': 1.0827163987950439}. Best is trial 343 with value: 0.14551095611338594.
[I 2026-05-28 03:11:04,690] Trial 414 finished with value: 0.18977407370522117 and parameters: {'ISTN': 63.46877176293271, 'I_gpe': 1.2326579216923794, 'I_gpi': 2.0645391036277285, 'noise_stn_sigma': 2.2464832951643494, 'noise_gpe_sigma': 92.9500027902229, 'noise_gpi_sigma': 95.85193348658555, 'g_stn_gpe_mult': 2.9036379349864507, 'g_gpe_stn_mult': 0.189623264256637, 'g_stn_gpi_mult': 3.1261929631857326, 'g_gpe_gpi_mult': 0.9671673958462168}. Best is trial 343 with value: 0.14551095611338594.
[I 2026-05-28 03:11:05,701] Trial 415 finished with value: 0.20767266527448075 and parameters: {'ISTN': 66.48032376307587, 'I_gpe': 1.2362710615206014, 'I_gpi': 2.19655678924097, 'noise_stn_sigma': 2.1490399319477165, 'noise_gpe_sigma': 95.33646302071786, 'noise_gpi_sigma': 99.90259912904764, 'g_stn_gpe_mult': 2.919893374878573, 'g_gpe_stn_mult': 0.13356026899612755, 'g_stn_gpi_mult': 3.2088459852076645, 'g_gpe_gpi_mult': 1.057500842968584}. Best is trial 343 with value: 0.14551095611338594.
[I 2026-05-28 03:11:06,713] Trial 416 finished with value: 0.19727782381378411 and parameters: {'ISTN': 62.81795125192674, 'I_gpe': 1.3808733174574415, 'I_gpi': 2.078120673148943, 'noise_stn_sigma': 1.6381901677629427, 'noise_gpe_sigma': 90.04566031591276, 'noise_gpi_sigma': 108.26606232788748, 'g_stn_gpe_mult': 2.8232120605799444, 'g_gpe_stn_mult': 0.15631451799076104, 'g_stn_gpi_mult': 3.429319597468572, 'g_gpe_gpi_mult': 1.0008633367561934}. Best is trial 343 with value: 0.14551095611338594.
[I 2026-05-28 03:11:07,724] Trial 417 finished with value: 0.18007886110624605 and parameters: {'ISTN': 63.537814477616045, 'I_gpe': 1.3457101993927085, 'I_gpi': 1.784013991308338, 'noise_stn_sigma': 1.6745537479770796, 'noise_gpe_sigma': 94.87288703646685, 'noise_gpi_sigma': 99.08792869225324, 'g_stn_gpe_mult': 2.9170119842456472, 'g_gpe_stn_mult': 0.14410938502669163, 'g_stn_gpi_mult': 3.2293022845789188, 'g_gpe_gpi_mult': 1.0586354801145297}. Best is trial 343 with value: 0.14551095611338594.
[I 2026-05-28 03:11:08,735] Trial 418 finished with value: 0.5447117841111226 and parameters: {'ISTN': 61.263586335096115, 'I_gpe': 1.2436954072923765, 'I_gpi': 1.9671775990815044, 'noise_stn_sigma': 3.021532681780248, 'noise_gpe_sigma': 88.12817390374096, 'noise_gpi_sigma': 97.0870956735268, 'g_stn_gpe_mult': 3.0298990226070734, 'g_gpe_stn_mult': 0.12084823520272174, 'g_stn_gpi_mult': 3.2408423240312816, 'g_gpe_gpi_mult': 1.1006074094500058}. Best is trial 343 with value: 0.14551095611338594.
[I 2026-05-28 03:11:09,746] Trial 419 finished with value: 0.19035694530685526 and parameters: {'ISTN': 60.7516073541674, 'I_gpe': 1.4713414582384123, 'I_gpi': 2.092294684915308, 'noise_stn_sigma': 2.4625292295169565, 'noise_gpe_sigma': 88.08058024366544, 'noise_gpi_sigma': 101.20223365325074, 'g_stn_gpe_mult': 2.9467407506339205, 'g_gpe_stn_mult': 0.20462426356754135, 'g_stn_gpi_mult': 2.979241537016873, 'g_gpe_gpi_mult': 1.008549838727769}. Best is trial 343 with value: 0.14551095611338594.
[I 2026-05-28 03:11:10,758] Trial 420 finished with value: 0.15642753060767078 and parameters: {'ISTN': 62.15721693936451, 'I_gpe': 1.2344854166875452, 'I_gpi': 1.8844486933533133, 'noise_stn_sigma': 2.362547911023595, 'noise_gpe_sigma': 95.0774173668423, 'noise_gpi_sigma': 88.91643716055829, 'g_stn_gpe_mult': 2.824742964233672, 'g_gpe_stn_mult': 0.1618015670315662, 'g_stn_gpi_mult': 3.2887721538814296, 'g_gpe_gpi_mult': 1.0204033098465306}. Best is trial 343 with value: 0.14551095611338594.
[I 2026-05-28 03:11:11,770] Trial 421 finished with value: 0.1899963470689628 and parameters: {'ISTN': 62.401782527248464, 'I_gpe': 1.4616305423405573, 'I_gpi': 1.9976079216678757, 'noise_stn_sigma': 2.4190089439315843, 'noise_gpe_sigma': 93.7972618142834, 'noise_gpi_sigma': 93.03957033024952, 'g_stn_gpe_mult': 2.8689836687921035, 'g_gpe_stn_mult': 0.16753064515139368, 'g_stn_gpi_mult': 3.321808332100003, 'g_gpe_gpi_mult': 1.113696140822533}. Best is trial 343 with value: 0.14551095611338594.
[I 2026-05-28 03:11:12,783] Trial 422 finished with value: 0.16049478227658479 and parameters: {'ISTN': 60.17073660460202, 'I_gpe': 1.3702370732370983, 'I_gpi': 1.8374736231945306, 'noise_stn_sigma': 2.156700018952262, 'noise_gpe_sigma': 92.8382619253178, 'noise_gpi_sigma': 94.9022786808256, 'g_stn_gpe_mult': 3.025907050604934, 'g_gpe_stn_mult': 0.1694442996114045, 'g_stn_gpi_mult': 3.1942677371401436, 'g_gpe_gpi_mult': 1.039825210148214}. Best is trial 343 with value: 0.14551095611338594.
[I 2026-05-28 03:11:13,793] Trial 423 finished with value: 0.174719569318761 and parameters: {'ISTN': 61.05129654443366, 'I_gpe': 1.117455050130232, 'I_gpi': 2.095763573944607, 'noise_stn_sigma': 2.5270888722848692, 'noise_gpe_sigma': 97.34488469801089, 'noise_gpi_sigma': 97.9011884198098, 'g_stn_gpe_mult': 2.843781960581018, 'g_gpe_stn_mult': 0.16858258548617994, 'g_stn_gpi_mult': 3.2890433794907357, 'g_gpe_gpi_mult': 1.0581985621230572}. Best is trial 343 with value: 0.14551095611338594.
[I 2026-05-28 03:11:14,803] Trial 424 finished with value: 0.16769208848177314 and parameters: {'ISTN': 63.12484823380555, 'I_gpe': 1.351948413183481, 'I_gpi': 2.0547395797090164, 'noise_stn_sigma': 2.3306082242740613, 'noise_gpe_sigma': 93.37334355359988, 'noise_gpi_sigma': 81.87419874215135, 'g_stn_gpe_mult': 2.7074285853893607, 'g_gpe_stn_mult': 0.13179645112077598, 'g_stn_gpi_mult': 3.394729563914688, 'g_gpe_gpi_mult': 1.003292162364254}. Best is trial 343 with value: 0.14551095611338594.
[I 2026-05-28 03:11:15,813] Trial 425 finished with value: 0.16092812504627327 and parameters: {'ISTN': 62.332575037016966, 'I_gpe': 1.347545777404363, 'I_gpi': 1.8721462902421975, 'noise_stn_sigma': 2.6368862787551137, 'noise_gpe_sigma': 93.63845794362632, 'noise_gpi_sigma': 95.05797625076292, 'g_stn_gpe_mult': 2.990288336195341, 'g_gpe_stn_mult': 0.14455466670929565, 'g_stn_gpi_mult': 3.3694255325568148, 'g_gpe_gpi_mult': 1.0186176047673736}. Best is trial 343 with value: 0.14551095611338594.
[I 2026-05-28 03:11:16,826] Trial 426 finished with value: 0.1655466560154593 and parameters: {'ISTN': 62.51234902415835, 'I_gpe': 1.1847219066101238, 'I_gpi': 1.8088236903329755, 'noise_stn_sigma': 2.3423219419369543, 'noise_gpe_sigma': 96.47043621505657, 'noise_gpi_sigma': 100.18080759148725, 'g_stn_gpe_mult': 2.8812669879620416, 'g_gpe_stn_mult': 0.13977001556286886, 'g_stn_gpi_mult': 3.20251057768501, 'g_gpe_gpi_mult': 0.9887762024508056}. Best is trial 343 with value: 0.14551095611338594.
[I 2026-05-28 03:11:17,838] Trial 427 finished with value: 0.17435523525849025 and parameters: {'ISTN': 62.204875061887286, 'I_gpe': 1.1456436526933693, 'I_gpi': 1.8103500835421493, 'noise_stn_sigma': 2.3810057231113877, 'noise_gpe_sigma': 95.1438971481807, 'noise_gpi_sigma': 91.07007101032538, 'g_stn_gpe_mult': 2.9098048787660815, 'g_gpe_stn_mult': 0.19872128260322391, 'g_stn_gpi_mult': 3.3829755050553127, 'g_gpe_gpi_mult': 1.0489610910267826}. Best is trial 343 with value: 0.14551095611338594.
[I 2026-05-28 03:11:18,849] Trial 428 finished with value: 0.19831125170661365 and parameters: {'ISTN': 64.818530510615, 'I_gpe': 1.4529462849970503, 'I_gpi': 1.7297760198996361, 'noise_stn_sigma': 2.3119733856237183, 'noise_gpe_sigma': 92.24274709154956, 'noise_gpi_sigma': 93.21265848332497, 'g_stn_gpe_mult': 2.783818746682768, 'g_gpe_stn_mult': 0.14889120563534164, 'g_stn_gpi_mult': 3.1008422899679, 'g_gpe_gpi_mult': 1.122366759116832}. Best is trial 343 with value: 0.14551095611338594.
[I 2026-05-28 03:11:19,859] Trial 429 finished with value: 0.1555707028073296 and parameters: {'ISTN': 61.214873964176036, 'I_gpe': 1.2680258792032402, 'I_gpi': 1.7037151367452728, 'noise_stn_sigma': 2.0993872305747603, 'noise_gpe_sigma': 91.1850846471537, 'noise_gpi_sigma': 88.69407427504107, 'g_stn_gpe_mult': 2.763362499776351, 'g_gpe_stn_mult': 0.17016389486721623, 'g_stn_gpi_mult': 3.3867938041834416, 'g_gpe_gpi_mult': 1.0040083024112711}. Best is trial 343 with value: 0.14551095611338594.
[I 2026-05-28 03:11:20,868] Trial 430 finished with value: 0.26005188513353833 and parameters: {'ISTN': 65.33677512657806, 'I_gpe': 1.3726927006646665, 'I_gpi': 1.9000100785448555, 'noise_stn_sigma': 2.0694789236457134, 'noise_gpe_sigma': 97.98442557854197, 'noise_gpi_sigma': 93.29621473241517, 'g_stn_gpe_mult': 2.902638315969264, 'g_gpe_stn_mult': 0.18071745130529138, 'g_stn_gpi_mult': 3.327634781917795, 'g_gpe_gpi_mult': 1.120321578865731}. Best is trial 343 with value: 0.14551095611338594.
[I 2026-05-28 03:11:21,879] Trial 431 finished with value: 0.9676342496880579 and parameters: {'ISTN': 60.07063592397641, 'I_gpe': 1.368339579854577, 'I_gpi': 1.7307320649053541, 'noise_stn_sigma': 2.2406298262990214, 'noise_gpe_sigma': 98.00397095169548, 'noise_gpi_sigma': 83.86365530610315, 'g_stn_gpe_mult': 2.9114172487318832, 'g_gpe_stn_mult': 0.11711473367155661, 'g_stn_gpi_mult': 3.425467310950724, 'g_gpe_gpi_mult': 1.0081959005437928}. Best is trial 343 with value: 0.14551095611338594.
[I 2026-05-28 03:11:22,892] Trial 432 finished with value: 0.19509706862605855 and parameters: {'ISTN': 61.302793889164285, 'I_gpe': 1.340910018222746, 'I_gpi': 1.5851119757168068, 'noise_stn_sigma': 2.2934477726600235, 'noise_gpe_sigma': 90.21496446997895, 'noise_gpi_sigma': 87.43868115919072, 'g_stn_gpe_mult': 2.939349212232177, 'g_gpe_stn_mult': 0.19936029681374318, 'g_stn_gpi_mult': 3.490361060864688, 'g_gpe_gpi_mult': 1.01100439651029}. Best is trial 343 with value: 0.14551095611338594.
[I 2026-05-28 03:11:23,903] Trial 433 finished with value: 0.1681995486741133 and parameters: {'ISTN': 60.86658774551518, 'I_gpe': 1.0152658398245633, 'I_gpi': 1.630032261570788, 'noise_stn_sigma': 2.2268104643889317, 'noise_gpe_sigma': 100.64910510537018, 'noise_gpi_sigma': 79.30114842956507, 'g_stn_gpe_mult': 2.862269344679378, 'g_gpe_stn_mult': 0.18443977952598928, 'g_stn_gpi_mult': 3.5053895592946662, 'g_gpe_gpi_mult': 1.0053504125883428}. Best is trial 343 with value: 0.14551095611338594.
[I 2026-05-28 03:11:24,914] Trial 434 finished with value: 0.18954893849853158 and parameters: {'ISTN': 60.464647487646786, 'I_gpe': 1.4905401456993461, 'I_gpi': 1.7151359355014741, 'noise_stn_sigma': 2.736305672103568, 'noise_gpe_sigma': 95.8567985546668, 'noise_gpi_sigma': 100.8621363457934, 'g_stn_gpe_mult': 2.828282731095868, 'g_gpe_stn_mult': 0.15036969196853897, 'g_stn_gpi_mult': 3.3595831541884644, 'g_gpe_gpi_mult': 0.979892812289916}. Best is trial 343 with value: 0.14551095611338594.
[I 2026-05-28 03:11:25,926] Trial 435 finished with value: 0.16210137758672458 and parameters: {'ISTN': 62.300350247633126, 'I_gpe': 1.3204323527733142, 'I_gpi': 1.7539806589055797, 'noise_stn_sigma': 2.170734349795006, 'noise_gpe_sigma': 92.82265493063709, 'noise_gpi_sigma': 86.53307404372295, 'g_stn_gpe_mult': 3.098148045716583, 'g_gpe_stn_mult': 0.14794227643663818, 'g_stn_gpi_mult': 3.2725453169248535, 'g_gpe_gpi_mult': 1.0068303998119439}. Best is trial 343 with value: 0.14551095611338594.
[I 2026-05-28 03:11:26,937] Trial 436 finished with value: 0.17999651771236552 and parameters: {'ISTN': 62.32420513341947, 'I_gpe': 1.4374718333981034, 'I_gpi': 1.8204781271826191, 'noise_stn_sigma': 1.7307045482114911, 'noise_gpe_sigma': 93.21506917198603, 'noise_gpi_sigma': 85.15637220110662, 'g_stn_gpe_mult': 2.8489042034574625, 'g_gpe_stn_mult': 0.17021737481858618, 'g_stn_gpi_mult': 3.31910320568261, 'g_gpe_gpi_mult': 1.0010366119640446}. Best is trial 343 with value: 0.14551095611338594.
[I 2026-05-28 03:11:27,947] Trial 437 finished with value: 0.18745865229025516 and parameters: {'ISTN': 62.36195228379513, 'I_gpe': 1.202220359251708, 'I_gpi': 1.758038991477167, 'noise_stn_sigma': 1.8901008010476588, 'noise_gpe_sigma': 93.5067990305701, 'noise_gpi_sigma': 86.80314001050917, 'g_stn_gpe_mult': 2.898554856078916, 'g_gpe_stn_mult': 0.2133367053616233, 'g_stn_gpi_mult': 3.436929628699291, 'g_gpe_gpi_mult': 1.031807777309886}. Best is trial 343 with value: 0.14551095611338594.
[I 2026-05-28 03:11:28,958] Trial 438 finished with value: 0.17460197217507903 and parameters: {'ISTN': 62.615884434107045, 'I_gpe': 1.3937032887135095, 'I_gpi': 1.8880595548418517, 'noise_stn_sigma': 1.7208432075641553, 'noise_gpe_sigma': 96.09359397199064, 'noise_gpi_sigma': 92.8884360365479, 'g_stn_gpe_mult': 2.6598742767308226, 'g_gpe_stn_mult': 0.18075677528797945, 'g_stn_gpi_mult': 3.3262179312468225, 'g_gpe_gpi_mult': 0.9912732096747761}. Best is trial 343 with value: 0.14551095611338594.
[I 2026-05-28 03:11:29,968] Trial 439 finished with value: 0.31554547104437847 and parameters: {'ISTN': 61.608507769175986, 'I_gpe': 1.4134520020616577, 'I_gpi': 1.7519675619859219, 'noise_stn_sigma': 2.414881663508325, 'noise_gpe_sigma': 96.12453083794426, 'noise_gpi_sigma': 92.18110299833079, 'g_stn_gpe_mult': 2.7939795180269913, 'g_gpe_stn_mult': 0.12763577558392797, 'g_stn_gpi_mult': 3.347401149991157, 'g_gpe_gpi_mult': 0.9711411694973058}. Best is trial 343 with value: 0.14551095611338594.
