[I 2026-05-28 03:01:09,333] Trial 836 finished with value: 0.14857506880302448 and parameters: {'ISTN': 60.50465041635361, 'I_gpe': 1.0954080050134438, 'I_gpi': 2.1175601153761696, 'noise_stn_sigma': 3.948046604950304, 'noise_gpe_sigma': 103.03580281792092, 'noise_gpi_sigma': 109.81475093315005, 'g_stn_gpe_mult': 4.448098840813975, 'g_gpe_stn_mult': 0.16700280989396243, 'g_stn_gpi_mult': 2.169051525550663, 'g_gpe_gpi_mult': 0.9906381189193707}. Best is trial 767 with value: 0.1394459479767348.
[I 2026-05-28 03:01:10,340] Trial 837 finished with value: 0.1543028578215137 and parameters: {'ISTN': 60.46814670343849, 'I_gpe': 1.088125971239717, 'I_gpi': 2.097752657860643, 'noise_stn_sigma': 3.804561227308213, 'noise_gpe_sigma': 102.83329465379222, 'noise_gpi_sigma': 112.3485216288565, 'g_stn_gpe_mult': 4.44611896246936, 'g_gpe_stn_mult': 0.17118838360207836, 'g_stn_gpi_mult': 2.204015372536797, 'g_gpe_gpi_mult': 0.9941046669179434}. Best is trial 767 with value: 0.1394459479767348.
[I 2026-05-28 03:01:11,351] Trial 838 finished with value: 0.14294048312628316 and parameters: {'ISTN': 60.04640595059816, 'I_gpe': 1.0812773511604772, 'I_gpi': 2.0903070243292463, 'noise_stn_sigma': 3.8780027110147133, 'noise_gpe_sigma': 103.5853474191436, 'noise_gpi_sigma': 109.54706940908122, 'g_stn_gpe_mult': 4.438306834566657, 'g_gpe_stn_mult': 0.17067790095968838, 'g_stn_gpi_mult': 2.2385876270366847, 'g_gpe_gpi_mult': 1.005796298627794}. Best is trial 767 with value: 0.1394459479767348.
[I 2026-05-28 03:01:12,360] Trial 839 finished with value: 0.1472985410169381 and parameters: {'ISTN': 60.3483922149944, 'I_gpe': 1.097757914596421, 'I_gpi': 2.1241172643326673, 'noise_stn_sigma': 3.829495417215754, 'noise_gpe_sigma': 102.8966855922389, 'noise_gpi_sigma': 111.88778871351062, 'g_stn_gpe_mult': 4.490213556050893, 'g_gpe_stn_mult': 0.16801346025153746, 'g_stn_gpi_mult': 2.193076667340363, 'g_gpe_gpi_mult': 0.9976588193372586}. Best is trial 767 with value: 0.1394459479767348.
[I 2026-05-28 03:01:13,372] Trial 840 finished with value: 0.14105478427019102 and parameters: {'ISTN': 60.21239373520571, 'I_gpe': 1.083192013513774, 'I_gpi': 2.1162082150773647, 'noise_stn_sigma': 3.861281582680521, 'noise_gpe_sigma': 102.52592022159435, 'noise_gpi_sigma': 109.67656139508689, 'g_stn_gpe_mult': 4.437073463400306, 'g_gpe_stn_mult': 0.17201994067083318, 'g_stn_gpi_mult': 2.235819611625282, 'g_gpe_gpi_mult': 0.9985209525973193}. Best is trial 767 with value: 0.1394459479767348.
[I 2026-05-28 03:01:14,387] Trial 841 finished with value: 0.14346634451720325 and parameters: {'ISTN': 60.051686710343894, 'I_gpe': 1.0677274778099215, 'I_gpi': 2.0790986522382684, 'noise_stn_sigma': 3.933407903090189, 'noise_gpe_sigma': 104.00337104355434, 'noise_gpi_sigma': 109.94560505125239, 'g_stn_gpe_mult': 4.421056301656256, 'g_gpe_stn_mult': 0.17406747264937789, 'g_stn_gpi_mult': 2.1839258547550986, 'g_gpe_gpi_mult': 0.9970827317732556}. Best is trial 767 with value: 0.1394459479767348.
[I 2026-05-28 03:01:15,396] Trial 842 finished with value: 0.15444175519123648 and parameters: {'ISTN': 60.092973306565796, 'I_gpe': 1.0601014357721923, 'I_gpi': 2.1299645283013717, 'noise_stn_sigma': 3.860802205749162, 'noise_gpe_sigma': 102.98566065990575, 'noise_gpi_sigma': 111.27993853958928, 'g_stn_gpe_mult': 4.462803387197029, 'g_gpe_stn_mult': 0.1779410731490935, 'g_stn_gpi_mult': 2.2352865766794903, 'g_gpe_gpi_mult': 0.990872080839714}. Best is trial 767 with value: 0.1394459479767348.
[I 2026-05-28 03:01:16,408] Trial 843 finished with value: 0.14769842973460084 and parameters: {'ISTN': 60.266493593893145, 'I_gpe': 1.0915353097736191, 'I_gpi': 2.0699994257814076, 'noise_stn_sigma': 3.9778118945117624, 'noise_gpe_sigma': 104.45498928496353, 'noise_gpi_sigma': 109.08526055348122, 'g_stn_gpe_mult': 4.424029843037498, 'g_gpe_stn_mult': 0.16713098424633194, 'g_stn_gpi_mult': 2.2470627170317377, 'g_gpe_gpi_mult': 0.9867967085172811}. Best is trial 767 with value: 0.1394459479767348.
[I 2026-05-28 03:01:17,419] Trial 844 finished with value: 0.14758859344098543 and parameters: {'ISTN': 60.305014607498364, 'I_gpe': 1.0922696703232235, 'I_gpi': 2.091200865082267, 'noise_stn_sigma': 3.864494159599749, 'noise_gpe_sigma': 103.51184069073727, 'noise_gpi_sigma': 109.82819526528718, 'g_stn_gpe_mult': 4.384396903453762, 'g_gpe_stn_mult': 0.16970937434082156, 'g_stn_gpi_mult': 2.261987411376719, 'g_gpe_gpi_mult': 1.0040353666902182}. Best is trial 767 with value: 0.1394459479767348.
[I 2026-05-28 03:01:18,425] Trial 845 finished with value: 0.1484985164813572 and parameters: {'ISTN': 60.21136867289634, 'I_gpe': 1.0646049595652092, 'I_gpi': 2.128241651116819, 'noise_stn_sigma': 3.9183751403935045, 'noise_gpe_sigma': 104.62559980060293, 'noise_gpi_sigma': 110.09943544815727, 'g_stn_gpe_mult': 4.421909807483157, 'g_gpe_stn_mult': 0.1721792481650264, 'g_stn_gpi_mult': 2.160496976202144, 'g_gpe_gpi_mult': 1.007830826349662}. Best is trial 767 with value: 0.1394459479767348.
[I 2026-05-28 03:01:19,435] Trial 846 finished with value: 0.14366313106405948 and parameters: {'ISTN': 60.162644601680334, 'I_gpe': 1.0949169338039668, 'I_gpi': 2.118002101796642, 'noise_stn_sigma': 3.837388103342577, 'noise_gpe_sigma': 102.30686031133014, 'noise_gpi_sigma': 109.53504809193208, 'g_stn_gpe_mult': 4.438030283539396, 'g_gpe_stn_mult': 0.17425554418257294, 'g_stn_gpi_mult': 2.19853165472745, 'g_gpe_gpi_mult': 1.0053489581666712}. Best is trial 767 with value: 0.1394459479767348.
[I 2026-05-28 03:01:20,442] Trial 847 finished with value: 0.14625301311053543 and parameters: {'ISTN': 60.45458163327546, 'I_gpe': 1.1021043416636, 'I_gpi': 2.1167763895898446, 'noise_stn_sigma': 3.809461530604655, 'noise_gpe_sigma': 101.83970423808026, 'noise_gpi_sigma': 109.09086521279835, 'g_stn_gpe_mult': 4.431551642428218, 'g_gpe_stn_mult': 0.16735418705705515, 'g_stn_gpi_mult': 2.2259519883225765, 'g_gpe_gpi_mult': 1.0090830191687552}. Best is trial 767 with value: 0.1394459479767348.
[I 2026-05-28 03:01:21,450] Trial 848 finished with value: 0.14536144433678588 and parameters: {'ISTN': 60.45771544465599, 'I_gpe': 1.0470001126350907, 'I_gpi': 2.1382053739706897, 'noise_stn_sigma': 3.884464001517059, 'noise_gpe_sigma': 103.00474034972558, 'noise_gpi_sigma': 109.886889157141, 'g_stn_gpe_mult': 4.452247413291463, 'g_gpe_stn_mult': 0.16515025144788575, 'g_stn_gpi_mult': 2.239444413653785, 'g_gpe_gpi_mult': 1.0044738106705313}. Best is trial 767 with value: 0.1394459479767348.
[I 2026-05-28 03:01:22,459] Trial 849 finished with value: 0.14812246108617505 and parameters: {'ISTN': 60.392315608789595, 'I_gpe': 1.1076240420484762, 'I_gpi': 2.149865766561481, 'noise_stn_sigma': 3.801010640742666, 'noise_gpe_sigma': 101.01777760914646, 'noise_gpi_sigma': 110.70104532913903, 'g_stn_gpe_mult': 4.4088643273714165, 'g_gpe_stn_mult': 0.17416182255375595, 'g_stn_gpi_mult': 2.16745662746339, 'g_gpe_gpi_mult': 1.0084656176740663}. Best is trial 767 with value: 0.1394459479767348.
[I 2026-05-28 03:01:23,468] Trial 850 finished with value: 0.14531567643297946 and parameters: {'ISTN': 60.1396456361638, 'I_gpe': 1.0722080023389067, 'I_gpi': 2.066726434586486, 'noise_stn_sigma': 3.908494873752218, 'noise_gpe_sigma': 106.11785338103442, 'noise_gpi_sigma': 110.13686938981171, 'g_stn_gpe_mult': 4.456677357817105, 'g_gpe_stn_mult': 0.17439242750359113, 'g_stn_gpi_mult': 2.167253827626072, 'g_gpe_gpi_mult': 1.006714861902001}. Best is trial 767 with value: 0.1394459479767348.
[I 2026-05-28 03:01:24,479] Trial 851 finished with value: 0.14729521232415654 and parameters: {'ISTN': 60.31188430310827, 'I_gpe': 1.100398760383793, 'I_gpi': 2.1045155633402794, 'noise_stn_sigma': 3.9057227498971514, 'noise_gpe_sigma': 97.86153014774949, 'noise_gpi_sigma': 111.1540682443612, 'g_stn_gpe_mult': 4.44302095495952, 'g_gpe_stn_mult': 0.16834351445833118, 'g_stn_gpi_mult': 2.212226298321001, 'g_gpe_gpi_mult': 1.018521231483337}. Best is trial 767 with value: 0.1394459479767348.
[I 2026-05-28 03:01:25,487] Trial 852 finished with value: 0.14661805317138366 and parameters: {'ISTN': 60.10735645658972, 'I_gpe': 1.0561790813078398, 'I_gpi': 2.049871144112428, 'noise_stn_sigma': 3.928939892319041, 'noise_gpe_sigma': 106.91178425742142, 'noise_gpi_sigma': 108.96689793613497, 'g_stn_gpe_mult': 4.436046398628703, 'g_gpe_stn_mult': 0.17295553446922027, 'g_stn_gpi_mult': 2.162250434394479, 'g_gpe_gpi_mult': 1.0176100603075928}. Best is trial 767 with value: 0.1394459479767348.
[I 2026-05-28 03:01:26,498] Trial 853 finished with value: 0.1528688016973273 and parameters: {'ISTN': 60.55393899496244, 'I_gpe': 1.0896536766451486, 'I_gpi': 2.126100333177156, 'noise_stn_sigma': 3.878177369331908, 'noise_gpe_sigma': 100.43258807680986, 'noise_gpi_sigma': 109.97292346727667, 'g_stn_gpe_mult': 4.383794245844074, 'g_gpe_stn_mult': 0.16838187886669564, 'g_stn_gpi_mult': 2.1975806723938307, 'g_gpe_gpi_mult': 1.0177228947014871}. Best is trial 767 with value: 0.1394459479767348.
[I 2026-05-28 03:01:27,509] Trial 854 finished with value: 0.15303055657391307 and parameters: {'ISTN': 60.25792848392506, 'I_gpe': 1.0604057454713058, 'I_gpi': 2.1161243581427294, 'noise_stn_sigma': 3.8037232933923004, 'noise_gpe_sigma': 102.1408379895628, 'noise_gpi_sigma': 110.20043453402072, 'g_stn_gpe_mult': 4.406459930381519, 'g_gpe_stn_mult': 0.17595148786028675, 'g_stn_gpi_mult': 2.2005021392576554, 'g_gpe_gpi_mult': 1.0014897918444672}. Best is trial 767 with value: 0.1394459479767348.
[I 2026-05-28 03:01:28,520] Trial 855 finished with value: 0.14676240020636983 and parameters: {'ISTN': 60.34640622027777, 'I_gpe': 1.0996459533437104, 'I_gpi': 2.102423048427919, 'noise_stn_sigma': 3.905311304379618, 'noise_gpe_sigma': 103.79931195856126, 'noise_gpi_sigma': 109.33967712580356, 'g_stn_gpe_mult': 4.439245039428798, 'g_gpe_stn_mult': 0.16544499454450529, 'g_stn_gpi_mult': 2.2056039619906436, 'g_gpe_gpi_mult': 0.9995231860508555}. Best is trial 767 with value: 0.1394459479767348.
[I 2026-05-28 03:01:29,532] Trial 856 finished with value: 0.1583529212651993 and parameters: {'ISTN': 60.96637350990973, 'I_gpe': 1.0905710664549213, 'I_gpi': 2.0705618755020527, 'noise_stn_sigma': 3.927461691002794, 'noise_gpe_sigma': 105.08418411774615, 'noise_gpi_sigma': 109.32694832107595, 'g_stn_gpe_mult': 4.487210655483677, 'g_gpe_stn_mult': 0.16367021675767923, 'g_stn_gpi_mult': 2.22210925424114, 'g_gpe_gpi_mult': 1.0062842214735888}. Best is trial 767 with value: 0.1394459479767348.
[I 2026-05-28 03:01:30,542] Trial 857 finished with value: 0.14256531347557305 and parameters: {'ISTN': 60.19331779969343, 'I_gpe': 1.094494988572364, 'I_gpi': 2.124801784166707, 'noise_stn_sigma': 3.871303467490027, 'noise_gpe_sigma': 101.70685452338503, 'noise_gpi_sigma': 108.9823253918992, 'g_stn_gpe_mult': 4.438894408933889, 'g_gpe_stn_mult': 0.16970431481383402, 'g_stn_gpi_mult': 2.1892553469122484, 'g_gpe_gpi_mult': 0.9930840470759885}. Best is trial 767 with value: 0.1394459479767348.
[I 2026-05-28 03:01:31,553] Trial 858 finished with value: 0.1553562208085529 and parameters: {'ISTN': 60.566449905985046, 'I_gpe': 1.0873825307249851, 'I_gpi': 2.102227763381257, 'noise_stn_sigma': 3.8535390099693734, 'noise_gpe_sigma': 101.08077045122783, 'noise_gpi_sigma': 109.68965639323044, 'g_stn_gpe_mult': 4.413858535160768, 'g_gpe_stn_mult': 0.16867822322066706, 'g_stn_gpi_mult': 2.221039235919217, 'g_gpe_gpi_mult': 1.006459830446654}. Best is trial 767 with value: 0.1394459479767348.
[I 2026-05-28 03:01:32,564] Trial 859 finished with value: 0.14934760735880764 and parameters: {'ISTN': 60.12058524756541, 'I_gpe': 1.0948033990940282, 'I_gpi': 2.1306490016730653, 'noise_stn_sigma': 3.8320615874775514, 'noise_gpe_sigma': 101.989073441778, 'noise_gpi_sigma': 110.49514031853552, 'g_stn_gpe_mult': 4.428095113941671, 'g_gpe_stn_mult': 0.17264856281382918, 'g_stn_gpi_mult': 2.198408312120092, 'g_gpe_gpi_mult': 1.0077382272575197}. Best is trial 767 with value: 0.1394459479767348.
[I 2026-05-28 03:01:33,572] Trial 860 finished with value: 0.14023018573763485 and parameters: {'ISTN': 60.17330421432278, 'I_gpe': 1.0676114399118224, 'I_gpi': 2.1028196328708098, 'noise_stn_sigma': 3.922868592463685, 'noise_gpe_sigma': 103.11237355944935, 'noise_gpi_sigma': 108.52561085691987, 'g_stn_gpe_mult': 4.442687074214447, 'g_gpe_stn_mult': 0.16552851441440453, 'g_stn_gpi_mult': 2.241247431410201, 'g_gpe_gpi_mult': 1.0154963103007846}. Best is trial 767 with value: 0.1394459479767348.
[I 2026-05-28 03:01:34,586] Trial 861 finished with value: 0.14807547256715417 and parameters: {'ISTN': 60.218820767408765, 'I_gpe': 1.0767525863312777, 'I_gpi': 2.0775451320091665, 'noise_stn_sigma': 3.9173508798941867, 'noise_gpe_sigma': 103.36235564124338, 'noise_gpi_sigma': 107.96063422815723, 'g_stn_gpe_mult': 4.426698063262192, 'g_gpe_stn_mult': 0.17107401750440832, 'g_stn_gpi_mult': 2.1967648503673285, 'g_gpe_gpi_mult': 1.0052313850486208}. Best is trial 767 with value: 0.1394459479767348.
[I 2026-05-28 03:01:35,596] Trial 862 finished with value: 0.14141650448060003 and parameters: {'ISTN': 60.15877188040334, 'I_gpe': 1.0984671483407595, 'I_gpi': 2.062912684448186, 'noise_stn_sigma': 4.047798468050539, 'noise_gpe_sigma': 101.90227109559225, 'noise_gpi_sigma': 107.64421276844024, 'g_stn_gpe_mult': 4.466619179330313, 'g_gpe_stn_mult': 0.16265107976606274, 'g_stn_gpi_mult': 2.2541853566381382, 'g_gpe_gpi_mult': 1.0151756764980513}. Best is trial 767 with value: 0.1394459479767348.
[I 2026-05-28 03:01:36,604] Trial 863 finished with value: 0.15162780927698952 and parameters: {'ISTN': 60.10003996133359, 'I_gpe': 1.0719727950042246, 'I_gpi': 2.074824521454982, 'noise_stn_sigma': 3.849538984400844, 'noise_gpe_sigma': 102.83087671595503, 'noise_gpi_sigma': 110.20295466893111, 'g_stn_gpe_mult': 4.438860037941895, 'g_gpe_stn_mult': 0.17988645324842784, 'g_stn_gpi_mult': 2.192701710267542, 'g_gpe_gpi_mult': 1.0065514025902766}. Best is trial 767 with value: 0.1394459479767348.
[I 2026-05-28 03:01:37,612] Trial 864 finished with value: 0.14329117295338917 and parameters: {'ISTN': 60.25136810983882, 'I_gpe': 1.0375626180836022, 'I_gpi': 2.0676016171229135, 'noise_stn_sigma': 3.937571280255741, 'noise_gpe_sigma': 106.50472558731543, 'noise_gpi_sigma': 107.73859927514242, 'g_stn_gpe_mult': 4.461406263453195, 'g_gpe_stn_mult': 0.16762230962110006, 'g_stn_gpi_mult': 2.2165299098103715, 'g_gpe_gpi_mult': 1.0211028383902823}. Best is trial 767 with value: 0.1394459479767348.
[I 2026-05-28 03:01:38,621] Trial 865 finished with value: 0.14605803505521517 and parameters: {'ISTN': 60.25824032279965, 'I_gpe': 1.0743765395512075, 'I_gpi': 2.1160320354906066, 'noise_stn_sigma': 3.889371732022819, 'noise_gpe_sigma': 104.69071860727561, 'noise_gpi_sigma': 108.86812493642914, 'g_stn_gpe_mult': 4.484947880647658, 'g_gpe_stn_mult': 0.161635072153036, 'g_stn_gpi_mult': 2.208913046445873, 'g_gpe_gpi_mult': 1.0271254348270755}. Best is trial 767 with value: 0.1394459479767348.
[I 2026-05-28 03:01:39,632] Trial 866 finished with value: 0.14744639936280463 and parameters: {'ISTN': 60.564246530218206, 'I_gpe': 1.0862739692642676, 'I_gpi': 2.0986272015170586, 'noise_stn_sigma': 3.90997883205951, 'noise_gpe_sigma': 102.82870151181012, 'noise_gpi_sigma': 108.16477616958835, 'g_stn_gpe_mult': 4.43069196417847, 'g_gpe_stn_mult': 0.16319852211827612, 'g_stn_gpi_mult': 2.226587714363725, 'g_gpe_gpi_mult': 1.0070630648534848}. Best is trial 767 with value: 0.1394459479767348.
[I 2026-05-28 03:01:40,642] Trial 867 finished with value: 0.13943512965108318 and parameters: {'ISTN': 60.01000175144014, 'I_gpe': 1.0504486978604177, 'I_gpi': 2.080851023340227, 'noise_stn_sigma': 3.933593852415431, 'noise_gpe_sigma': 104.13048449931347, 'noise_gpi_sigma': 109.27304187607864, 'g_stn_gpe_mult': 4.465029579016677, 'g_gpe_stn_mult': 0.17004483969576095, 'g_stn_gpi_mult': 2.1538212418527163, 'g_gpe_gpi_mult': 1.0166976829762198}. Best is trial 867 with value: 0.13943512965108318.
[I 2026-05-28 03:01:41,652] Trial 868 finished with value: 0.1507465897393358 and parameters: {'ISTN': 60.65202133606585, 'I_gpe': 1.0648065994708573, 'I_gpi': 2.098656930087017, 'noise_stn_sigma': 3.993140990745716, 'noise_gpe_sigma': 106.5799670846839, 'noise_gpi_sigma': 108.2732015662909, 'g_stn_gpe_mult': 4.435453699332923, 'g_gpe_stn_mult': 0.1633380044840874, 'g_stn_gpi_mult': 2.215148499854711, 'g_gpe_gpi_mult': 1.0133494730186934}. Best is trial 867 with value: 0.13943512965108318.
[I 2026-05-28 03:01:42,663] Trial 869 finished with value: 0.14273328761939885 and parameters: {'ISTN': 60.192945138911924, 'I_gpe': 1.0714173843194041, 'I_gpi': 2.07853632375987, 'noise_stn_sigma': 3.8877078766688546, 'noise_gpe_sigma': 102.0271239416708, 'noise_gpi_sigma': 107.91300806378425, 'g_stn_gpe_mult': 4.384492766850352, 'g_gpe_stn_mult': 0.17150134888151858, 'g_stn_gpi_mult': 2.2719185412376466, 'g_gpe_gpi_mult': 1.0101763828628447}. Best is trial 867 with value: 0.13943512965108318.
[I 2026-05-28 03:01:43,673] Trial 870 finished with value: 0.1569426119608777 and parameters: {'ISTN': 60.35185101775236, 'I_gpe': 1.0750207547188397, 'I_gpi': 2.11299237809382, 'noise_stn_sigma': 3.9215939021768915, 'noise_gpe_sigma': 101.25044505380309, 'noise_gpi_sigma': 108.81044602760396, 'g_stn_gpe_mult': 4.494788197602882, 'g_gpe_stn_mult': 0.161682398455473, 'g_stn_gpi_mult': 2.191264627291053, 'g_gpe_gpi_mult': 1.001517292896346}. Best is trial 867 with value: 0.13943512965108318.
[I 2026-05-28 03:01:44,683] Trial 871 finished with value: 0.1488813112614885 and parameters: {'ISTN': 60.75693022798896, 'I_gpe': 1.0516518794716454, 'I_gpi': 2.097255037690628, 'noise_stn_sigma': 3.9430041784051135, 'noise_gpe_sigma': 102.79816972956301, 'noise_gpi_sigma': 107.76572643308953, 'g_stn_gpe_mult': 4.3978139858200525, 'g_gpe_stn_mult': 0.16389483237294453, 'g_stn_gpi_mult': 2.2363849888403644, 'g_gpe_gpi_mult': 1.0117734927934248}. Best is trial 867 with value: 0.13943512965108318.
[I 2026-05-28 03:01:45,691] Trial 872 finished with value: 0.14799741727808619 and parameters: {'ISTN': 60.19943001134044, 'I_gpe': 1.0394534812354883, 'I_gpi': 2.0697651531345733, 'noise_stn_sigma': 3.954693710625028, 'noise_gpe_sigma': 105.30269654100039, 'noise_gpi_sigma': 108.74265629429759, 'g_stn_gpe_mult': 4.429496488186011, 'g_gpe_stn_mult': 0.16964462461860724, 'g_stn_gpi_mult': 2.198281996520767, 'g_gpe_gpi_mult': 1.023617412593032}. Best is trial 867 with value: 0.13943512965108318.
[I 2026-05-28 03:01:46,702] Trial 873 finished with value: 0.1433766574027234 and parameters: {'ISTN': 60.10767319890433, 'I_gpe': 1.0701457866686916, 'I_gpi': 2.0951084522919023, 'noise_stn_sigma': 3.927945506270595, 'noise_gpe_sigma': 102.67319332708178, 'noise_gpi_sigma': 109.98802199849828, 'g_stn_gpe_mult': 4.545119973919479, 'g_gpe_stn_mult': 0.16219411819181895, 'g_stn_gpi_mult': 2.170667106019277, 'g_gpe_gpi_mult': 1.0120624113194676}. Best is trial 867 with value: 0.13943512965108318.
[I 2026-05-28 03:01:47,713] Trial 874 finished with value: 0.14243578006548704 and parameters: {'ISTN': 60.03451168391968, 'I_gpe': 1.0404432949481577, 'I_gpi': 2.0971853220468955, 'noise_stn_sigma': 3.880571890859984, 'noise_gpe_sigma': 102.31066476516808, 'noise_gpi_sigma': 106.72428076062691, 'g_stn_gpe_mult': 4.43484806148888, 'g_gpe_stn_mult': 0.16744930055711632, 'g_stn_gpi_mult': 2.21318125456068, 'g_gpe_gpi_mult': 1.0124928795189032}. Best is trial 867 with value: 0.13943512965108318.
[I 2026-05-28 03:01:48,720] Trial 875 finished with value: 0.14992072672757908 and parameters: {'ISTN': 60.172788770984155, 'I_gpe': 1.0924953440181953, 'I_gpi': 2.0235061185668584, 'noise_stn_sigma': 4.070320796655701, 'noise_gpe_sigma': 102.61774002727898, 'noise_gpi_sigma': 107.8804353749987, 'g_stn_gpe_mult': 4.45765809906281, 'g_gpe_stn_mult': 0.1613858034238368, 'g_stn_gpi_mult': 2.211251412042104, 'g_gpe_gpi_mult': 1.0184638502275611}. Best is trial 867 with value: 0.13943512965108318.
[I 2026-05-28 03:01:49,730] Trial 876 finished with value: 0.1449147211380731 and parameters: {'ISTN': 60.40340327427927, 'I_gpe': 1.0906012127057825, 'I_gpi': 2.1202008595936768, 'noise_stn_sigma': 3.948750578210112, 'noise_gpe_sigma': 102.62708363001506, 'noise_gpi_sigma': 107.3306273026392, 'g_stn_gpe_mult': 4.45501375235766, 'g_gpe_stn_mult': 0.16690359486653156, 'g_stn_gpi_mult': 2.195922899419414, 'g_gpe_gpi_mult': 0.9980179888680691}. Best is trial 867 with value: 0.13943512965108318.
[I 2026-05-28 03:01:50,740] Trial 877 finished with value: 0.15180520596616218 and parameters: {'ISTN': 60.413188514457524, 'I_gpe': 1.0489735172578856, 'I_gpi': 2.0656435759692893, 'noise_stn_sigma': 3.9403269456210386, 'noise_gpe_sigma': 106.6804113398471, 'noise_gpi_sigma': 108.20735754613334, 'g_stn_gpe_mult': 4.471587744302045, 'g_gpe_stn_mult': 0.17018141559395877, 'g_stn_gpi_mult': 2.172676495336185, 'g_gpe_gpi_mult': 0.9932143529693893}. Best is trial 867 with value: 0.13943512965108318.
[I 2026-05-28 03:01:51,747] Trial 878 finished with value: 0.1436510917716692 and parameters: {'ISTN': 60.129827794962495, 'I_gpe': 1.0866682789298459, 'I_gpi': 2.04208147494936, 'noise_stn_sigma': 3.9933985752200063, 'noise_gpe_sigma': 101.84699120536573, 'noise_gpi_sigma': 108.22074130222984, 'g_stn_gpe_mult': 4.4371564698088966, 'g_gpe_stn_mult': 0.1680772195541006, 'g_stn_gpi_mult': 2.244081935919281, 'g_gpe_gpi_mult': 1.015948159865438}. Best is trial 867 with value: 0.13943512965108318.
[I 2026-05-28 03:01:52,755] Trial 879 finished with value: 0.14400331497072727 and parameters: {'ISTN': 60.14867209590485, 'I_gpe': 1.0392326202908584, 'I_gpi': 2.099475190833423, 'noise_stn_sigma': 3.810026217749284, 'noise_gpe_sigma': 104.13616717861557, 'noise_gpi_sigma': 109.6173063584896, 'g_stn_gpe_mult': 4.468958533065789, 'g_gpe_stn_mult': 0.17327577712762282, 'g_stn_gpi_mult': 2.2236197884815243, 'g_gpe_gpi_mult': 0.9959268252187652}. Best is trial 867 with value: 0.13943512965108318.
