[I 2026-05-28 04:01:44,012] Trial 396 finished with value: 0.1359141905235467 and parameters: {'ISTN': 60.74801318337803, 'I_gpe': 1.2519789893370779, 'I_gpi': 2.1327306330307376, 'noise_stn_sigma': 2.715953979422526, 'noise_gpe_sigma': 100.14195713598716, 'noise_gpi_sigma': 81.38968092833771, 'g_stn_gpe_mult': 3.315598605232297, 'g_gpe_stn_mult': 0.15896704090885627, 'g_stn_gpi_mult': 2.2989627787111044, 'g_gpe_gpi_mult': 0.41662980993188603}. Best is trial 396 with value: 0.1359141905235467.
[I 2026-05-28 04:01:45,015] Trial 397 finished with value: 0.1560966639408979 and parameters: {'ISTN': 61.778273155027065, 'I_gpe': 1.1625093921374596, 'I_gpi': 2.116015191584675, 'noise_stn_sigma': 2.875783611434427, 'noise_gpe_sigma': 99.70002233416382, 'noise_gpi_sigma': 80.09322478192007, 'g_stn_gpe_mult': 3.4961351305865427, 'g_gpe_stn_mult': 0.15505312094438367, 'g_stn_gpi_mult': 2.4012865838140187, 'g_gpe_gpi_mult': 0.34567146764647877}. Best is trial 396 with value: 0.1359141905235467.
[I 2026-05-28 04:01:46,019] Trial 398 finished with value: 0.18646744926132808 and parameters: {'ISTN': 62.64058831005538, 'I_gpe': 1.130984837040367, 'I_gpi': 1.8809822953929887, 'noise_stn_sigma': 2.784018498195633, 'noise_gpe_sigma': 97.32430447534081, 'noise_gpi_sigma': 81.0427163076682, 'g_stn_gpe_mult': 3.413583900791295, 'g_gpe_stn_mult': 0.17182698727894202, 'g_stn_gpi_mult': 2.1557851308154974, 'g_gpe_gpi_mult': 0.30070286280869596}. Best is trial 396 with value: 0.1359141905235467.
[I 2026-05-28 04:01:47,024] Trial 399 finished with value: 0.1601371699641143 and parameters: {'ISTN': 62.447230559703144, 'I_gpe': 1.1786988655349362, 'I_gpi': 2.005786765112134, 'noise_stn_sigma': 2.5280085655879017, 'noise_gpe_sigma': 96.33819711113023, 'noise_gpi_sigma': 80.09011766332648, 'g_stn_gpe_mult': 3.1950260416049616, 'g_gpe_stn_mult': 0.1525802285839572, 'g_stn_gpi_mult': 2.326292283429846, 'g_gpe_gpi_mult': 0.3563417773693819}. Best is trial 396 with value: 0.1359141905235467.
[I 2026-05-28 04:01:48,027] Trial 400 finished with value: 0.4988260479501285 and parameters: {'ISTN': 60.762508653802605, 'I_gpe': 1.1511639845666872, 'I_gpi': 1.906189069376754, 'noise_stn_sigma': 2.4763888677220476, 'noise_gpe_sigma': 98.39460416432092, 'noise_gpi_sigma': 88.99403680352464, 'g_stn_gpe_mult': 3.3328406584033017, 'g_gpe_stn_mult': 0.15698201174081816, 'g_stn_gpi_mult': 2.2356717780591073, 'g_gpe_gpi_mult': 0.31498330722646556}. Best is trial 396 with value: 0.1359141905235467.
[I 2026-05-28 04:01:49,032] Trial 401 finished with value: 0.17858343148112013 and parameters: {'ISTN': 63.16417256024576, 'I_gpe': 1.2126640699052258, 'I_gpi': 2.0917693654124143, 'noise_stn_sigma': 2.7939934385251637, 'noise_gpe_sigma': 102.39398959263563, 'noise_gpi_sigma': 81.04692974997498, 'g_stn_gpe_mult': 3.2400183489323755, 'g_gpe_stn_mult': 0.15106115707938816, 'g_stn_gpi_mult': 2.340604764195607, 'g_gpe_gpi_mult': 0.39302509632704197}. Best is trial 396 with value: 0.1359141905235467.
[I 2026-05-28 04:01:50,037] Trial 402 finished with value: 0.17344111209987734 and parameters: {'ISTN': 63.37157379611826, 'I_gpe': 1.229288018688702, 'I_gpi': 2.089552779822348, 'noise_stn_sigma': 2.941994484903627, 'noise_gpe_sigma': 103.74278987099356, 'noise_gpi_sigma': 85.5139667115435, 'g_stn_gpe_mult': 3.2380117398498793, 'g_gpe_stn_mult': 0.13483099665703968, 'g_stn_gpi_mult': 2.2556822652757464, 'g_gpe_gpi_mult': 0.4024525259580356}. Best is trial 396 with value: 0.1359141905235467.
[I 2026-05-28 04:01:51,041] Trial 403 finished with value: 0.1527322710849433 and parameters: {'ISTN': 61.329227339677686, 'I_gpe': 1.0471024373208402, 'I_gpi': 2.1163757378413077, 'noise_stn_sigma': 2.6646605407808055, 'noise_gpe_sigma': 102.8082036358264, 'noise_gpi_sigma': 81.00702880121295, 'g_stn_gpe_mult': 3.4851136850439888, 'g_gpe_stn_mult': 0.1658660184787401, 'g_stn_gpi_mult': 2.4230695794362433, 'g_gpe_gpi_mult': 0.37698747540608657}. Best is trial 396 with value: 0.1359141905235467.
[I 2026-05-28 04:01:52,048] Trial 404 finished with value: 0.15503933913142584 and parameters: {'ISTN': 61.226340963654195, 'I_gpe': 1.2469639210201122, 'I_gpi': 2.2282433579736125, 'noise_stn_sigma': 2.685757552086006, 'noise_gpe_sigma': 102.9417754454222, 'noise_gpi_sigma': 78.26295517176867, 'g_stn_gpe_mult': 3.357067236292064, 'g_gpe_stn_mult': 0.1598373981760086, 'g_stn_gpi_mult': 2.351817119313805, 'g_gpe_gpi_mult': 0.38523795509547587}. Best is trial 396 with value: 0.1359141905235467.
[I 2026-05-28 04:01:53,053] Trial 405 finished with value: 0.15483236608350626 and parameters: {'ISTN': 61.61444156042448, 'I_gpe': 1.2835861545987526, 'I_gpi': 2.1718303261540237, 'noise_stn_sigma': 2.622916545505684, 'noise_gpe_sigma': 104.45411126856146, 'noise_gpi_sigma': 79.43304463599881, 'g_stn_gpe_mult': 3.3791950118469147, 'g_gpe_stn_mult': 0.15480346989415228, 'g_stn_gpi_mult': 2.3728773263958454, 'g_gpe_gpi_mult': 0.37333072414412094}. Best is trial 396 with value: 0.1359141905235467.
[I 2026-05-28 04:01:54,056] Trial 406 finished with value: 0.14626120342870785 and parameters: {'ISTN': 60.668149832493334, 'I_gpe': 1.1290388954300923, 'I_gpi': 1.937549038747938, 'noise_stn_sigma': 2.7340618181529646, 'noise_gpe_sigma': 98.00398082960672, 'noise_gpi_sigma': 77.5078131075001, 'g_stn_gpe_mult': 3.4132008336405306, 'g_gpe_stn_mult': 0.17218303278911473, 'g_stn_gpi_mult': 2.4296255505778106, 'g_gpe_gpi_mult': 0.3820383338903116}. Best is trial 396 with value: 0.1359141905235467.
[I 2026-05-28 04:01:55,063] Trial 407 finished with value: 0.17398927548116822 and parameters: {'ISTN': 62.90447931150563, 'I_gpe': 1.1281608320611465, 'I_gpi': 2.167783646934202, 'noise_stn_sigma': 2.368622977253684, 'noise_gpe_sigma': 96.67895387911699, 'noise_gpi_sigma': 86.67517224235448, 'g_stn_gpe_mult': 3.3962483148774734, 'g_gpe_stn_mult': 0.16164576233854824, 'g_stn_gpi_mult': 2.3045883173822084, 'g_gpe_gpi_mult': 0.3271807713910609}. Best is trial 396 with value: 0.1359141905235467.
[I 2026-05-28 04:01:56,067] Trial 408 finished with value: 0.19525120318436495 and parameters: {'ISTN': 63.65522455084026, 'I_gpe': 1.1591791231627249, 'I_gpi': 2.2407723553916914, 'noise_stn_sigma': 3.0039020168491457, 'noise_gpe_sigma': 103.97411264706139, 'noise_gpi_sigma': 82.84942642306686, 'g_stn_gpe_mult': 3.2636976424433666, 'g_gpe_stn_mult': 0.13418402886395692, 'g_stn_gpi_mult': 2.457655642653045, 'g_gpe_gpi_mult': 0.3781445827277737}. Best is trial 396 with value: 0.1359141905235467.
[I 2026-05-28 04:01:57,072] Trial 409 finished with value: 0.24123305484610894 and parameters: {'ISTN': 60.64616524336016, 'I_gpe': 1.1455662221614853, 'I_gpi': 2.192816237933399, 'noise_stn_sigma': 2.5157909523951085, 'noise_gpe_sigma': 101.87554294888217, 'noise_gpi_sigma': 85.91307545714515, 'g_stn_gpe_mult': 3.178195305745809, 'g_gpe_stn_mult': 0.14955657365789912, 'g_stn_gpi_mult': 2.1616824229181275, 'g_gpe_gpi_mult': 0.3914668169265419}. Best is trial 396 with value: 0.1359141905235467.
[I 2026-05-28 04:01:58,076] Trial 410 finished with value: 0.1746338890742474 and parameters: {'ISTN': 62.00782697341064, 'I_gpe': 1.084224074302536, 'I_gpi': 2.1601293270766284, 'noise_stn_sigma': 2.6601794510621746, 'noise_gpe_sigma': 101.77822966440947, 'noise_gpi_sigma': 86.3707722530034, 'g_stn_gpe_mult': 3.203995272212026, 'g_gpe_stn_mult': 0.18527789883179124, 'g_stn_gpi_mult': 2.3480198094468, 'g_gpe_gpi_mult': 0.4038873182849343}. Best is trial 396 with value: 0.1359141905235467.
[I 2026-05-28 04:01:59,084] Trial 411 finished with value: 0.14892035666889353 and parameters: {'ISTN': 61.20518588023391, 'I_gpe': 1.0917992191907309, 'I_gpi': 2.1424404839284596, 'noise_stn_sigma': 2.6938533642020546, 'noise_gpe_sigma': 99.18469196209564, 'noise_gpi_sigma': 78.71835025645501, 'g_stn_gpe_mult': 3.4785375437360875, 'g_gpe_stn_mult': 0.1582816510432182, 'g_stn_gpi_mult': 2.351171878784338, 'g_gpe_gpi_mult': 0.3818729442802295}. Best is trial 396 with value: 0.1359141905235467.
[I 2026-05-28 04:02:00,092] Trial 412 finished with value: 0.16873874442736056 and parameters: {'ISTN': 62.37055678107221, 'I_gpe': 1.3163688363782775, 'I_gpi': 1.9925505146670015, 'noise_stn_sigma': 2.5447452555480448, 'noise_gpe_sigma': 104.30433492750241, 'noise_gpi_sigma': 81.43908198115432, 'g_stn_gpe_mult': 3.3788399494076207, 'g_gpe_stn_mult': 0.15958564135518025, 'g_stn_gpi_mult': 2.4566662271758863, 'g_gpe_gpi_mult': 0.34263087311760465}. Best is trial 396 with value: 0.1359141905235467.
[I 2026-05-28 04:02:01,094] Trial 413 finished with value: 0.17380110257289647 and parameters: {'ISTN': 62.26940001475301, 'I_gpe': 1.2553110616045267, 'I_gpi': 1.9942962154949022, 'noise_stn_sigma': 2.763634693730368, 'noise_gpe_sigma': 96.94984613018894, 'noise_gpi_sigma': 79.36804213309081, 'g_stn_gpe_mult': 3.452408318441604, 'g_gpe_stn_mult': 0.172383442871822, 'g_stn_gpi_mult': 2.3187205683563157, 'g_gpe_gpi_mult': 0.34267653311450286}. Best is trial 396 with value: 0.1359141905235467.
[I 2026-05-28 04:02:02,102] Trial 414 finished with value: 0.2697577729786736 and parameters: {'ISTN': 60.628767056776994, 'I_gpe': 1.0492989927128609, 'I_gpi': 2.0019548295402494, 'noise_stn_sigma': 2.8478105288026656, 'noise_gpe_sigma': 96.54585480234478, 'noise_gpi_sigma': 78.0873941632834, 'g_stn_gpe_mult': 3.498597347983739, 'g_gpe_stn_mult': 0.1811692373527205, 'g_stn_gpi_mult': 2.4147114454873533, 'g_gpe_gpi_mult': 0.3515769325070791}. Best is trial 396 with value: 0.1359141905235467.
[I 2026-05-28 04:02:03,108] Trial 415 finished with value: 0.15257180598577935 and parameters: {'ISTN': 60.689721104249564, 'I_gpe': 1.0038269949849465, 'I_gpi': 1.8549620054299016, 'noise_stn_sigma': 2.61762877276845, 'noise_gpe_sigma': 101.61234102149926, 'noise_gpi_sigma': 81.5325500101263, 'g_stn_gpe_mult': 3.574193607877399, 'g_gpe_stn_mult': 0.16744993408716569, 'g_stn_gpi_mult': 2.376361149894135, 'g_gpe_gpi_mult': 0.4034900004348446}. Best is trial 396 with value: 0.1359141905235467.
[I 2026-05-28 04:02:04,116] Trial 416 finished with value: 0.17092129398813172 and parameters: {'ISTN': 62.42111430743439, 'I_gpe': 1.2022498078696322, 'I_gpi': 2.022885860441077, 'noise_stn_sigma': 2.718942304751584, 'noise_gpe_sigma': 97.80872507519378, 'noise_gpi_sigma': 79.4721148641942, 'g_stn_gpe_mult': 3.217334467572921, 'g_gpe_stn_mult': 0.15521439512816732, 'g_stn_gpi_mult': 2.3516423119801964, 'g_gpe_gpi_mult': 0.34484745830911245}. Best is trial 396 with value: 0.1359141905235467.
[I 2026-05-28 04:02:05,061] Trial 417 finished with value: 1000000.0 and parameters: {'ISTN': 61.313091851136484, 'I_gpe': 1.1802900557166307, 'I_gpi': 2.0160242528561847, 'noise_stn_sigma': 2.811575892790779, 'noise_gpe_sigma': 100.81033726565076, 'noise_gpi_sigma': 76.86805325529542, 'g_stn_gpe_mult': 3.43443982177869, 'g_gpe_stn_mult': 0.15963581393762918, 'g_stn_gpi_mult': 2.501598502362541, 'g_gpe_gpi_mult': 0.37013698730047917}. Best is trial 396 with value: 0.1359141905235467.
[I 2026-05-28 04:02:06,066] Trial 418 finished with value: 0.1656234406738202 and parameters: {'ISTN': 61.62199865983157, 'I_gpe': 1.0454406945455927, 'I_gpi': 2.1228995127833805, 'noise_stn_sigma': 2.680459332818601, 'noise_gpe_sigma': 100.2864288554327, 'noise_gpi_sigma': 76.63763623061271, 'g_stn_gpe_mult': 3.4235024964416887, 'g_gpe_stn_mult': 0.17345273425420893, 'g_stn_gpi_mult': 2.3280546708376644, 'g_gpe_gpi_mult': 0.38548510190036755}. Best is trial 396 with value: 0.1359141905235467.
[I 2026-05-28 04:02:07,070] Trial 419 finished with value: 0.18391623141739283 and parameters: {'ISTN': 63.4224866469713, 'I_gpe': 1.0719799030848087, 'I_gpi': 1.9630924239854524, 'noise_stn_sigma': 3.057849234240228, 'noise_gpe_sigma': 99.19935152083461, 'noise_gpi_sigma': 79.13226783160823, 'g_stn_gpe_mult': 3.5019934033933175, 'g_gpe_stn_mult': 0.14312687745429153, 'g_stn_gpi_mult': 2.4328491198499425, 'g_gpe_gpi_mult': 0.4087034612001922}. Best is trial 396 with value: 0.1359141905235467.
[I 2026-05-28 04:02:08,076] Trial 420 finished with value: 0.16187563059474094 and parameters: {'ISTN': 62.49071987858727, 'I_gpe': 1.183495706373721, 'I_gpi': 2.067592887634263, 'noise_stn_sigma': 2.601359374700812, 'noise_gpe_sigma': 102.0678200788215, 'noise_gpi_sigma': 80.26910253317806, 'g_stn_gpe_mult': 3.379039466435746, 'g_gpe_stn_mult': 0.1521369274627828, 'g_stn_gpi_mult': 2.3825395845694777, 'g_gpe_gpi_mult': 0.33392858452342306}. Best is trial 396 with value: 0.1359141905235467.
[I 2026-05-28 04:02:09,082] Trial 421 finished with value: 0.21784304405092597 and parameters: {'ISTN': 62.31391279882454, 'I_gpe': 1.147564774042447, 'I_gpi': 2.0531959948373846, 'noise_stn_sigma': 2.8705694427772177, 'noise_gpe_sigma': 98.62891811848708, 'noise_gpi_sigma': 83.11769439655424, 'g_stn_gpe_mult': 3.403715765757468, 'g_gpe_stn_mult': 0.12863937348816018, 'g_stn_gpi_mult': 2.321318933032589, 'g_gpe_gpi_mult': 0.35116535618036915}. Best is trial 396 with value: 0.1359141905235467.
[I 2026-05-28 04:02:10,088] Trial 422 finished with value: 0.1780033831395308 and parameters: {'ISTN': 64.16330748088127, 'I_gpe': 1.1146410004385752, 'I_gpi': 2.0863335250958333, 'noise_stn_sigma': 2.739015970700728, 'noise_gpe_sigma': 101.91789262579614, 'noise_gpi_sigma': 78.06979540742486, 'g_stn_gpe_mult': 3.546035160210989, 'g_gpe_stn_mult': 0.14959747152759656, 'g_stn_gpi_mult': 2.357497062750368, 'g_gpe_gpi_mult': 0.3978766110703317}. Best is trial 396 with value: 0.1359141905235467.
[I 2026-05-28 04:02:11,093] Trial 423 finished with value: 0.1429615652274667 and parameters: {'ISTN': 62.318271211722504, 'I_gpe': 1.1749423463155346, 'I_gpi': 1.9920457652263943, 'noise_stn_sigma': 2.6830894821746285, 'noise_gpe_sigma': 102.59442832726036, 'noise_gpi_sigma': 79.92735200402615, 'g_stn_gpe_mult': 3.3181485786968565, 'g_gpe_stn_mult': 0.14374601804094445, 'g_stn_gpi_mult': 2.532295017380877, 'g_gpe_gpi_mult': 0.33167549720973066}. Best is trial 396 with value: 0.1359141905235467.
[I 2026-05-28 04:02:12,098] Trial 424 finished with value: 0.1438738689869054 and parameters: {'ISTN': 60.23929955935606, 'I_gpe': 1.0829222373284024, 'I_gpi': 2.101838081834536, 'noise_stn_sigma': 2.834513176275072, 'noise_gpe_sigma': 98.70995988824765, 'noise_gpi_sigma': 80.17757288168156, 'g_stn_gpe_mult': 3.402767133926587, 'g_gpe_stn_mult': 0.17464073245037326, 'g_stn_gpi_mult': 2.424636563177055, 'g_gpe_gpi_mult': 0.43463613269193807}. Best is trial 396 with value: 0.1359141905235467.
[I 2026-05-28 04:02:13,104] Trial 425 finished with value: 0.1468394486615224 and parameters: {'ISTN': 60.87843187334883, 'I_gpe': 1.0515770804271583, 'I_gpi': 2.0366910938727933, 'noise_stn_sigma': 2.6318200939835075, 'noise_gpe_sigma': 106.6734850313755, 'noise_gpi_sigma': 73.76184607285907, 'g_stn_gpe_mult': 3.4910781430102924, 'g_gpe_stn_mult': 0.16905279244557875, 'g_stn_gpi_mult': 2.466510540572738, 'g_gpe_gpi_mult': 0.3331179328842178}. Best is trial 396 with value: 0.1359141905235467.
[I 2026-05-28 04:02:14,107] Trial 426 finished with value: 0.16118069753044356 and parameters: {'ISTN': 61.56661727583827, 'I_gpe': 0.9612950135418125, 'I_gpi': 2.012889278293368, 'noise_stn_sigma': 2.786186068467503, 'noise_gpe_sigma': 101.47336785704803, 'noise_gpi_sigma': 77.6346136046957, 'g_stn_gpe_mult': 3.364949603257009, 'g_gpe_stn_mult': 0.16836292468145544, 'g_stn_gpi_mult': 2.445680410377798, 'g_gpe_gpi_mult': 0.36519277972430314}. Best is trial 396 with value: 0.1359141905235467.
[I 2026-05-28 04:02:15,112] Trial 427 finished with value: 0.15511463721386393 and parameters: {'ISTN': 62.42387887281355, 'I_gpe': 1.1069044113535833, 'I_gpi': 1.9317284717145067, 'noise_stn_sigma': 2.8672982035453574, 'noise_gpe_sigma': 99.40305213955209, 'noise_gpi_sigma': 81.47260384246835, 'g_stn_gpe_mult': 3.4022044158226326, 'g_gpe_stn_mult': 0.13551561835720544, 'g_stn_gpi_mult': 2.4009490228618975, 'g_gpe_gpi_mult': 0.39743403129307864}. Best is trial 396 with value: 0.1359141905235467.
[I 2026-05-28 04:02:16,116] Trial 428 finished with value: 0.18372164017475798 and parameters: {'ISTN': 65.2732290178156, 'I_gpe': 1.1277141883661588, 'I_gpi': 1.8979895724460416, 'noise_stn_sigma': 2.6102487577448765, 'noise_gpe_sigma': 106.27432548724788, 'noise_gpi_sigma': 79.60129065435909, 'g_stn_gpe_mult': 3.3742933721549657, 'g_gpe_stn_mult': 0.11962078950538221, 'g_stn_gpi_mult': 2.457728132455685, 'g_gpe_gpi_mult': 0.310052796613198}. Best is trial 396 with value: 0.1359141905235467.
[I 2026-05-28 04:02:17,121] Trial 429 finished with value: 0.36669179993389656 and parameters: {'ISTN': 61.29409119590306, 'I_gpe': 1.1953911712138416, 'I_gpi': 2.100835872537427, 'noise_stn_sigma': 2.3856917185474917, 'noise_gpe_sigma': 101.75692236660225, 'noise_gpi_sigma': 82.81169660522204, 'g_stn_gpe_mult': 3.507481999968902, 'g_gpe_stn_mult': 0.14240414274215815, 'g_stn_gpi_mult': 2.3492058298216802, 'g_gpe_gpi_mult': 0.36802945024868605}. Best is trial 396 with value: 0.1359141905235467.
[I 2026-05-28 04:02:18,126] Trial 430 finished with value: 0.16546043076036415 and parameters: {'ISTN': 61.995216050470226, 'I_gpe': 1.165118412643718, 'I_gpi': 2.097300896989828, 'noise_stn_sigma': 2.5255329979704095, 'noise_gpe_sigma': 99.4527196879719, 'noise_gpi_sigma': 77.39187805233053, 'g_stn_gpe_mult': 3.377883088433977, 'g_gpe_stn_mult': 0.16587306862044227, 'g_stn_gpi_mult': 2.325048349447779, 'g_gpe_gpi_mult': 0.35015868185243754}. Best is trial 396 with value: 0.1359141905235467.
[I 2026-05-28 04:02:19,133] Trial 431 finished with value: 0.16691914434850358 and parameters: {'ISTN': 62.5972238429128, 'I_gpe': 1.1328284864033469, 'I_gpi': 1.9808291695501725, 'noise_stn_sigma': 2.9027443551600323, 'noise_gpe_sigma': 105.75766730810254, 'noise_gpi_sigma': 79.72099926615861, 'g_stn_gpe_mult': 3.505685454889903, 'g_gpe_stn_mult': 0.15179467239940433, 'g_stn_gpi_mult': 2.5232601751665733, 'g_gpe_gpi_mult': 0.33955381297357123}. Best is trial 396 with value: 0.1359141905235467.
[I 2026-05-28 04:02:20,137] Trial 432 finished with value: 0.14793155768639302 and parameters: {'ISTN': 61.887414705022444, 'I_gpe': 1.1565547020776776, 'I_gpi': 2.0715681457206117, 'noise_stn_sigma': 2.563371812638584, 'noise_gpe_sigma': 103.41668117333082, 'noise_gpi_sigma': 79.22280938369897, 'g_stn_gpe_mult': 3.2828064366608, 'g_gpe_stn_mult': 0.15821903209413415, 'g_stn_gpi_mult': 2.468579253028483, 'g_gpe_gpi_mult': 0.35675964338256577}. Best is trial 396 with value: 0.1359141905235467.
[I 2026-05-28 04:02:21,142] Trial 433 finished with value: 0.15170744104583672 and parameters: {'ISTN': 61.66157299044634, 'I_gpe': 1.0641060883989455, 'I_gpi': 1.9759506826212552, 'noise_stn_sigma': 2.714993106548829, 'noise_gpe_sigma': 102.51426527068946, 'noise_gpi_sigma': 77.53112053294728, 'g_stn_gpe_mult': 3.3544829255766597, 'g_gpe_stn_mult': 0.15262652650002145, 'g_stn_gpi_mult': 2.591307316069412, 'g_gpe_gpi_mult': 0.3871077576342131}. Best is trial 396 with value: 0.1359141905235467.
[I 2026-05-28 04:02:22,148] Trial 434 finished with value: 0.1619278525156565 and parameters: {'ISTN': 62.31752634624916, 'I_gpe': 1.0102916261629789, 'I_gpi': 1.9133682686544269, 'noise_stn_sigma': 2.6872654277412904, 'noise_gpe_sigma': 93.95005295745547, 'noise_gpi_sigma': 78.20355357747704, 'g_stn_gpe_mult': 3.350261085471386, 'g_gpe_stn_mult': 0.14967730357626066, 'g_stn_gpi_mult': 2.4931647695347485, 'g_gpe_gpi_mult': 0.3757462862547659}. Best is trial 396 with value: 0.1359141905235467.
[I 2026-05-28 04:02:23,154] Trial 435 finished with value: 0.1772026719134305 and parameters: {'ISTN': 63.50228887491355, 'I_gpe': 1.1598557402648706, 'I_gpi': 2.047106358501436, 'noise_stn_sigma': 2.994672777090693, 'noise_gpe_sigma': 105.03141531707665, 'noise_gpi_sigma': 75.166407980364, 'g_stn_gpe_mult': 3.211767284733086, 'g_gpe_stn_mult': 0.13295921913036582, 'g_stn_gpi_mult': 2.5124206878491036, 'g_gpe_gpi_mult': 0.43072944419644454}. Best is trial 396 with value: 0.1359141905235467.
[I 2026-05-28 04:02:24,157] Trial 436 finished with value: 0.16662922851115095 and parameters: {'ISTN': 61.85283735395295, 'I_gpe': 1.1743743747743889, 'I_gpi': 1.8324712470555626, 'noise_stn_sigma': 2.539243409120179, 'noise_gpe_sigma': 106.43615246294098, 'noise_gpi_sigma': 82.44072664298074, 'g_stn_gpe_mult': 3.3725604657831134, 'g_gpe_stn_mult': 0.16422361842584327, 'g_stn_gpi_mult': 2.6302910513871307, 'g_gpe_gpi_mult': 0.33825024127766}. Best is trial 396 with value: 0.1359141905235467.
[I 2026-05-28 04:02:25,161] Trial 437 finished with value: 0.14116816622385375 and parameters: {'ISTN': 60.36564748637014, 'I_gpe': 1.0559287598643792, 'I_gpi': 2.0058278308853033, 'noise_stn_sigma': 2.698608466290681, 'noise_gpe_sigma': 104.6681769016249, 'noise_gpi_sigma': 79.2963385695665, 'g_stn_gpe_mult': 3.505814482782347, 'g_gpe_stn_mult': 0.16730065469973832, 'g_stn_gpi_mult': 2.4500413044118017, 'g_gpe_gpi_mult': 0.36177370437174494}. Best is trial 396 with value: 0.1359141905235467.
[I 2026-05-28 04:02:26,167] Trial 438 finished with value: 0.18546013252279914 and parameters: {'ISTN': 63.57078764105807, 'I_gpe': 1.087043379940487, 'I_gpi': 2.048701034979203, 'noise_stn_sigma': 2.8000639277080754, 'noise_gpe_sigma': 103.27765580213111, 'noise_gpi_sigma': 80.70321638671491, 'g_stn_gpe_mult': 3.2518199890390167, 'g_gpe_stn_mult': 0.14307166891192794, 'g_stn_gpi_mult': 2.556676790620651, 'g_gpe_gpi_mult': 0.36230638832569706}. Best is trial 396 with value: 0.1359141905235467.
[I 2026-05-28 04:02:27,171] Trial 439 finished with value: 0.27862192524782275 and parameters: {'ISTN': 61.30739726256302, 'I_gpe': 1.1600796219944787, 'I_gpi': 2.0805895930143654, 'noise_stn_sigma': 2.763135854736975, 'noise_gpe_sigma': 106.75325713647693, 'noise_gpi_sigma': 81.43526503549447, 'g_stn_gpe_mult': 3.396958656203635, 'g_gpe_stn_mult': 0.14919223941645135, 'g_stn_gpi_mult': 2.5704512558037256, 'g_gpe_gpi_mult': 0.3552308249191706}. Best is trial 396 with value: 0.1359141905235467.
