[I 2026-05-28 03:52:09,436] Trial 836 finished with value: 0.1364029295048874 and parameters: {'ISTN': 60.53351111057287, 'I_gpe': 0.9891258576666936, 'I_gpi': 2.258443055163151, 'noise_stn_sigma': 2.003125081974989, 'noise_gpe_sigma': 101.72694669821111, 'noise_gpi_sigma': 84.14939809236286, 'g_stn_gpe_mult': 4.033430689200828, 'g_gpe_stn_mult': 0.18144830454650984, 'g_stn_gpi_mult': 1.430892961970667, 'g_gpe_gpi_mult': 0.8494244178701473}. Best is trial 808 with value: 0.12852333195121535.
[I 2026-05-28 03:52:10,441] Trial 837 finished with value: 0.13501108297985498 and parameters: {'ISTN': 60.37779460950617, 'I_gpe': 0.9878085769258027, 'I_gpi': 2.21821426706072, 'noise_stn_sigma': 1.9415388833122955, 'noise_gpe_sigma': 102.8060612722601, 'noise_gpi_sigma': 84.88101996233203, 'g_stn_gpe_mult': 4.027011371916976, 'g_gpe_stn_mult': 0.1847430637560909, 'g_stn_gpi_mult': 1.4556161682952566, 'g_gpe_gpi_mult': 0.8652702156347714}. Best is trial 808 with value: 0.12852333195121535.
[I 2026-05-28 03:52:11,450] Trial 838 finished with value: 0.13731823009824207 and parameters: {'ISTN': 60.21115611894946, 'I_gpe': 0.976325071386174, 'I_gpi': 2.2259682725047627, 'noise_stn_sigma': 1.9817576540820165, 'noise_gpe_sigma': 100.38966211653015, 'noise_gpi_sigma': 82.94409490996868, 'g_stn_gpe_mult': 4.023422863473902, 'g_gpe_stn_mult': 0.18479828845416024, 'g_stn_gpi_mult': 1.4331333573054907, 'g_gpe_gpi_mult': 0.8482810495168447}. Best is trial 808 with value: 0.12852333195121535.
[I 2026-05-28 03:52:12,458] Trial 839 finished with value: 0.13400419355018922 and parameters: {'ISTN': 60.695884183083855, 'I_gpe': 0.9894421809011018, 'I_gpi': 2.2591894277372093, 'noise_stn_sigma': 2.037796926603213, 'noise_gpe_sigma': 102.41927324105446, 'noise_gpi_sigma': 84.27974596155268, 'g_stn_gpe_mult': 4.020062152716751, 'g_gpe_stn_mult': 0.17619169638142954, 'g_stn_gpi_mult': 1.4001316110591948, 'g_gpe_gpi_mult': 0.8671742301126857}. Best is trial 808 with value: 0.12852333195121535.
[I 2026-05-28 03:52:13,466] Trial 840 finished with value: 0.13598616156507712 and parameters: {'ISTN': 60.306357306249176, 'I_gpe': 0.9936074218130901, 'I_gpi': 2.2326409243870255, 'noise_stn_sigma': 2.0236667948853393, 'noise_gpe_sigma': 101.26417116183949, 'noise_gpi_sigma': 83.82925741190947, 'g_stn_gpe_mult': 4.010214065496548, 'g_gpe_stn_mult': 0.18435139046481613, 'g_stn_gpi_mult': 1.3937042485025795, 'g_gpe_gpi_mult': 0.853996509540198}. Best is trial 808 with value: 0.12852333195121535.
[I 2026-05-28 03:52:14,478] Trial 841 finished with value: 0.13649375168934066 and parameters: {'ISTN': 60.703276522104005, 'I_gpe': 0.9965248700252336, 'I_gpi': 2.1878198878388675, 'noise_stn_sigma': 1.9005815641388155, 'noise_gpe_sigma': 102.01718696274679, 'noise_gpi_sigma': 85.34524715909234, 'g_stn_gpe_mult': 3.9646641008895167, 'g_gpe_stn_mult': 0.18120591379721174, 'g_stn_gpi_mult': 1.3810575600771169, 'g_gpe_gpi_mult': 0.8741333756331973}. Best is trial 808 with value: 0.12852333195121535.
[I 2026-05-28 03:52:15,485] Trial 842 finished with value: 0.15019503369409135 and parameters: {'ISTN': 61.1497540364483, 'I_gpe': 1.0330956242055764, 'I_gpi': 2.2339422818317534, 'noise_stn_sigma': 1.9926393898332462, 'noise_gpe_sigma': 100.63877831505657, 'noise_gpi_sigma': 85.22376147644434, 'g_stn_gpe_mult': 3.9216192472829237, 'g_gpe_stn_mult': 0.17149779975649154, 'g_stn_gpi_mult': 1.4057113452216903, 'g_gpe_gpi_mult': 0.859439095812073}. Best is trial 808 with value: 0.12852333195121535.
[I 2026-05-28 03:52:16,494] Trial 843 finished with value: 0.13239265487857696 and parameters: {'ISTN': 60.48867431497392, 'I_gpe': 0.9940416535965442, 'I_gpi': 2.2089241858037445, 'noise_stn_sigma': 1.9692088174802467, 'noise_gpe_sigma': 101.39701685764331, 'noise_gpi_sigma': 85.68820431998981, 'g_stn_gpe_mult': 3.990158815908017, 'g_gpe_stn_mult': 0.17680019204204342, 'g_stn_gpi_mult': 1.4192760385626526, 'g_gpe_gpi_mult': 0.8601310126137391}. Best is trial 808 with value: 0.12852333195121535.
[I 2026-05-28 03:52:17,502] Trial 844 finished with value: 0.17497349996429357 and parameters: {'ISTN': 60.29575368688971, 'I_gpe': 1.001795312037288, 'I_gpi': 2.218168767141715, 'noise_stn_sigma': 2.061679083303487, 'noise_gpe_sigma': 101.71719077988472, 'noise_gpi_sigma': 86.23517823526718, 'g_stn_gpe_mult': 3.952928975748613, 'g_gpe_stn_mult': 0.1740872003028567, 'g_stn_gpi_mult': 1.3450666491035987, 'g_gpe_gpi_mult': 0.8550307914080957}. Best is trial 808 with value: 0.12852333195121535.
[I 2026-05-28 03:52:18,512] Trial 845 finished with value: 0.13859895381874754 and parameters: {'ISTN': 60.8849034482901, 'I_gpe': 0.9800514223670616, 'I_gpi': 2.215374890802371, 'noise_stn_sigma': 1.9897720586179763, 'noise_gpe_sigma': 102.9611135109032, 'noise_gpi_sigma': 87.48528692242328, 'g_stn_gpe_mult': 3.9872787659629103, 'g_gpe_stn_mult': 0.17965724203387506, 'g_stn_gpi_mult': 1.3701640615975506, 'g_gpe_gpi_mult': 0.86353575956883}. Best is trial 808 with value: 0.12852333195121535.
[I 2026-05-28 03:52:19,521] Trial 846 finished with value: 0.13934669006506448 and parameters: {'ISTN': 61.03998531909924, 'I_gpe': 0.9662325313347444, 'I_gpi': 2.181023789604285, 'noise_stn_sigma': 1.8854994560590346, 'noise_gpe_sigma': 99.7489503630473, 'noise_gpi_sigma': 85.71205126377113, 'g_stn_gpe_mult': 3.9522925279982264, 'g_gpe_stn_mult': 0.17789658846676387, 'g_stn_gpi_mult': 1.4594945659859075, 'g_gpe_gpi_mult': 0.8816698072400726}. Best is trial 808 with value: 0.12852333195121535.
[I 2026-05-28 03:52:20,527] Trial 847 finished with value: 0.13516742363127743 and parameters: {'ISTN': 60.56628376468275, 'I_gpe': 0.9812103766571086, 'I_gpi': 2.2524355367407676, 'noise_stn_sigma': 1.9656055580477967, 'noise_gpe_sigma': 101.15815232977975, 'noise_gpi_sigma': 87.23212193228152, 'g_stn_gpe_mult': 3.95783084793709, 'g_gpe_stn_mult': 0.178369513512054, 'g_stn_gpi_mult': 1.4245954338873537, 'g_gpe_gpi_mult': 0.8746323260758044}. Best is trial 808 with value: 0.12852333195121535.
[I 2026-05-28 03:52:21,538] Trial 848 finished with value: 0.13830322072475176 and parameters: {'ISTN': 61.00285257838903, 'I_gpe': 1.0120804780234813, 'I_gpi': 2.251292716277165, 'noise_stn_sigma': 1.963972441506084, 'noise_gpe_sigma': 101.74274599798068, 'noise_gpi_sigma': 86.23180304962688, 'g_stn_gpe_mult': 3.957370534343326, 'g_gpe_stn_mult': 0.1787571695567921, 'g_stn_gpi_mult': 1.37387535768231, 'g_gpe_gpi_mult': 0.8708492298927837}. Best is trial 808 with value: 0.12852333195121535.
[I 2026-05-28 03:52:22,547] Trial 849 finished with value: 0.13744176244063003 and parameters: {'ISTN': 60.74352542985931, 'I_gpe': 1.022086105803764, 'I_gpi': 2.259149592176299, 'noise_stn_sigma': 2.0121264280964573, 'noise_gpe_sigma': 100.93172924927941, 'noise_gpi_sigma': 88.14382479117678, 'g_stn_gpe_mult': 3.953601887897795, 'g_gpe_stn_mult': 0.174182606381384, 'g_stn_gpi_mult': 1.3532082512656844, 'g_gpe_gpi_mult': 0.8772540812814078}. Best is trial 808 with value: 0.12852333195121535.
[I 2026-05-28 03:52:23,556] Trial 850 finished with value: 0.13230998309166725 and parameters: {'ISTN': 60.40524293198613, 'I_gpe': 1.0092601084244912, 'I_gpi': 2.239105280566159, 'noise_stn_sigma': 1.9164597323781059, 'noise_gpe_sigma': 99.72067935274721, 'noise_gpi_sigma': 85.5990686807171, 'g_stn_gpe_mult': 3.985524462701972, 'g_gpe_stn_mult': 0.18409050827224105, 'g_stn_gpi_mult': 1.4608633998789724, 'g_gpe_gpi_mult': 0.8739271851391317}. Best is trial 808 with value: 0.12852333195121535.
[I 2026-05-28 03:52:24,565] Trial 851 finished with value: 0.12877730889543018 and parameters: {'ISTN': 60.105956056045386, 'I_gpe': 0.9879963079111314, 'I_gpi': 2.2388071994175602, 'noise_stn_sigma': 1.9633476792717643, 'noise_gpe_sigma': 101.46031439570169, 'noise_gpi_sigma': 85.88925130816992, 'g_stn_gpe_mult': 4.004583609438802, 'g_gpe_stn_mult': 0.18619107970179238, 'g_stn_gpi_mult': 1.4525524540721861, 'g_gpe_gpi_mult': 0.8708909123816839}. Best is trial 808 with value: 0.12852333195121535.
[I 2026-05-28 03:52:25,574] Trial 852 finished with value: 0.13552491956900778 and parameters: {'ISTN': 61.03639013752937, 'I_gpe': 1.0046356868688562, 'I_gpi': 2.273604050886728, 'noise_stn_sigma': 1.8990000787623222, 'noise_gpe_sigma': 101.53379114497217, 'noise_gpi_sigma': 86.2887721013283, 'g_stn_gpe_mult': 3.9728964625967604, 'g_gpe_stn_mult': 0.1694290601465389, 'g_stn_gpi_mult': 1.4095290913777592, 'g_gpe_gpi_mult': 0.8663444782908745}. Best is trial 808 with value: 0.12852333195121535.
[I 2026-05-28 03:52:26,581] Trial 853 finished with value: 0.132484991085614 and parameters: {'ISTN': 60.6614193074813, 'I_gpe': 1.0076571865437303, 'I_gpi': 2.2434262304079216, 'noise_stn_sigma': 1.9340628459409714, 'noise_gpe_sigma': 101.1213894169018, 'noise_gpi_sigma': 85.7482432969071, 'g_stn_gpe_mult': 3.9792792460164312, 'g_gpe_stn_mult': 0.17392054284425595, 'g_stn_gpi_mult': 1.386579634727429, 'g_gpe_gpi_mult': 0.8701875793986587}. Best is trial 808 with value: 0.12852333195121535.
[I 2026-05-28 03:52:27,588] Trial 854 finished with value: 0.13223876766923542 and parameters: {'ISTN': 60.53388396485058, 'I_gpe': 1.0146646589767427, 'I_gpi': 2.292925630227675, 'noise_stn_sigma': 1.90706828322693, 'noise_gpe_sigma': 100.98384747548367, 'noise_gpi_sigma': 86.3511452107137, 'g_stn_gpe_mult': 3.9598884659288, 'g_gpe_stn_mult': 0.17939332604158725, 'g_stn_gpi_mult': 1.4443994984731667, 'g_gpe_gpi_mult': 0.869890264869434}. Best is trial 808 with value: 0.12852333195121535.
[I 2026-05-28 03:52:28,596] Trial 855 finished with value: 0.1299923863509045 and parameters: {'ISTN': 60.113884638155014, 'I_gpe': 1.0133073485430384, 'I_gpi': 2.213521365990479, 'noise_stn_sigma': 1.9515374008135473, 'noise_gpe_sigma': 101.29507712894454, 'noise_gpi_sigma': 83.9764918696608, 'g_stn_gpe_mult': 4.01156162653006, 'g_gpe_stn_mult': 0.18390493394663548, 'g_stn_gpi_mult': 1.4521935793210736, 'g_gpe_gpi_mult': 0.8607698563248818}. Best is trial 808 with value: 0.12852333195121535.
[I 2026-05-28 03:52:29,603] Trial 856 finished with value: 0.13654076271365537 and parameters: {'ISTN': 60.78319618850523, 'I_gpe': 0.9926838036792932, 'I_gpi': 2.2559350178106383, 'noise_stn_sigma': 1.9220442620592355, 'noise_gpe_sigma': 100.69019353118895, 'noise_gpi_sigma': 87.50441870474796, 'g_stn_gpe_mult': 3.935892207153875, 'g_gpe_stn_mult': 0.18103688733622306, 'g_stn_gpi_mult': 1.3757609469540324, 'g_gpe_gpi_mult': 0.8598274886267065}. Best is trial 808 with value: 0.12852333195121535.
[I 2026-05-28 03:52:30,609] Trial 857 finished with value: 0.13092401063902373 and parameters: {'ISTN': 60.19922811852458, 'I_gpe': 1.003713187131439, 'I_gpi': 2.1963907605719286, 'noise_stn_sigma': 1.9419098587669779, 'noise_gpe_sigma': 102.64406835451162, 'noise_gpi_sigma': 85.43522004021197, 'g_stn_gpe_mult': 4.000221803949945, 'g_gpe_stn_mult': 0.18466827363794358, 'g_stn_gpi_mult': 1.4493646227506047, 'g_gpe_gpi_mult': 0.8768341534209865}. Best is trial 808 with value: 0.12852333195121535.
[I 2026-05-28 03:52:31,618] Trial 858 finished with value: 0.13529456570871715 and parameters: {'ISTN': 60.757289703520016, 'I_gpe': 0.9685614870262127, 'I_gpi': 2.248178645780987, 'noise_stn_sigma': 1.9003275990547723, 'noise_gpe_sigma': 101.0810934471429, 'noise_gpi_sigma': 88.08474356562176, 'g_stn_gpe_mult': 3.991023898853341, 'g_gpe_stn_mult': 0.1791075883580014, 'g_stn_gpi_mult': 1.4010564991808245, 'g_gpe_gpi_mult': 0.8693289966500901}. Best is trial 808 with value: 0.12852333195121535.
[I 2026-05-28 03:52:32,628] Trial 859 finished with value: 0.12878108816760403 and parameters: {'ISTN': 60.35589705409327, 'I_gpe': 1.0246824712862543, 'I_gpi': 2.2400492490499144, 'noise_stn_sigma': 1.9760314555511609, 'noise_gpe_sigma': 101.81352761905855, 'noise_gpi_sigma': 88.17733347496954, 'g_stn_gpe_mult': 3.950306071198361, 'g_gpe_stn_mult': 0.1788690193388821, 'g_stn_gpi_mult': 1.3864981551906004, 'g_gpe_gpi_mult': 0.8775445875444934}. Best is trial 808 with value: 0.12852333195121535.
[I 2026-05-28 03:52:33,632] Trial 860 finished with value: 0.13641657094403356 and parameters: {'ISTN': 60.72054755012522, 'I_gpe': 1.0030257662699675, 'I_gpi': 2.22608268153715, 'noise_stn_sigma': 1.8810574813173764, 'noise_gpe_sigma': 99.34380147012894, 'noise_gpi_sigma': 84.93106975191981, 'g_stn_gpe_mult': 3.9569841458030797, 'g_gpe_stn_mult': 0.17881214207390195, 'g_stn_gpi_mult': 1.4384296741714728, 'g_gpe_gpi_mult': 0.866765619104489}. Best is trial 808 with value: 0.12852333195121535.
[I 2026-05-28 03:52:34,642] Trial 861 finished with value: 0.12903004304639104 and parameters: {'ISTN': 60.138205434757495, 'I_gpe': 1.0004200791982076, 'I_gpi': 2.2186835557379365, 'noise_stn_sigma': 1.9167265308894823, 'noise_gpe_sigma': 99.8678446221547, 'noise_gpi_sigma': 86.67326026924016, 'g_stn_gpe_mult': 4.005027495992895, 'g_gpe_stn_mult': 0.18448177942536276, 'g_stn_gpi_mult': 1.4533548298438803, 'g_gpe_gpi_mult': 0.8639368831881113}. Best is trial 808 with value: 0.12852333195121535.
[I 2026-05-28 03:52:35,648] Trial 862 finished with value: 0.15508424264182782 and parameters: {'ISTN': 60.36278363585175, 'I_gpe': 1.0192414358742545, 'I_gpi': 2.223822737936975, 'noise_stn_sigma': 2.0105013428477543, 'noise_gpe_sigma': 101.1031591109709, 'noise_gpi_sigma': 85.17065877411545, 'g_stn_gpe_mult': 4.004729655957972, 'g_gpe_stn_mult': 0.1819172056529837, 'g_stn_gpi_mult': 1.4639481406559947, 'g_gpe_gpi_mult': 0.8597701094017376}. Best is trial 808 with value: 0.12852333195121535.
[I 2026-05-28 03:52:36,656] Trial 863 finished with value: 0.15607689285386264 and parameters: {'ISTN': 60.34847232845692, 'I_gpe': 1.0087754752753608, 'I_gpi': 2.247914869383324, 'noise_stn_sigma': 1.8641031243587016, 'noise_gpe_sigma': 100.7574192704977, 'noise_gpi_sigma': 86.64259861148845, 'g_stn_gpe_mult': 3.9464882938253854, 'g_gpe_stn_mult': 0.18132515380537523, 'g_stn_gpi_mult': 1.4463333918605068, 'g_gpe_gpi_mult': 0.8744730391312654}. Best is trial 808 with value: 0.12852333195121535.
[I 2026-05-28 03:52:37,664] Trial 864 finished with value: 0.1297120682790677 and parameters: {'ISTN': 60.28322041050265, 'I_gpe': 0.9998623183884776, 'I_gpi': 2.2423787542731155, 'noise_stn_sigma': 1.9316550222792448, 'noise_gpe_sigma': 99.66165680211554, 'noise_gpi_sigma': 87.61694816144264, 'g_stn_gpe_mult': 3.9569136854031486, 'g_gpe_stn_mult': 0.18460171630482558, 'g_stn_gpi_mult': 1.391513304519191, 'g_gpe_gpi_mult': 0.8845235475415771}. Best is trial 808 with value: 0.12852333195121535.
[I 2026-05-28 03:52:38,673] Trial 865 finished with value: 0.13632396238299202 and parameters: {'ISTN': 60.27207363552272, 'I_gpe': 0.9961814058988965, 'I_gpi': 2.2298208107379325, 'noise_stn_sigma': 1.9808961969667007, 'noise_gpe_sigma': 101.45835182517357, 'noise_gpi_sigma': 87.30154364568735, 'g_stn_gpe_mult': 4.0407267543855845, 'g_gpe_stn_mult': 0.18579800399470459, 'g_stn_gpi_mult': 1.4583175191336795, 'g_gpe_gpi_mult': 0.8697925587545383}. Best is trial 808 with value: 0.12852333195121535.
[I 2026-05-28 03:52:39,681] Trial 866 finished with value: 0.1322539010471632 and parameters: {'ISTN': 60.26504679719646, 'I_gpe': 1.0047814800491597, 'I_gpi': 2.2478074833918584, 'noise_stn_sigma': 1.948208556978666, 'noise_gpe_sigma': 100.82361623115321, 'noise_gpi_sigma': 86.70465586315451, 'g_stn_gpe_mult': 3.9585574826132497, 'g_gpe_stn_mult': 0.18173286501991653, 'g_stn_gpi_mult': 1.4480160701893614, 'g_gpe_gpi_mult': 0.8724859910205642}. Best is trial 808 with value: 0.12852333195121535.
[I 2026-05-28 03:52:40,689] Trial 867 finished with value: 0.13194390205725667 and parameters: {'ISTN': 60.36981064143624, 'I_gpe': 0.9928781131011366, 'I_gpi': 2.24098032730035, 'noise_stn_sigma': 1.9656721780475013, 'noise_gpe_sigma': 101.53628209322717, 'noise_gpi_sigma': 87.19733277800879, 'g_stn_gpe_mult': 3.9977250511452036, 'g_gpe_stn_mult': 0.18555712204983194, 'g_stn_gpi_mult': 1.4488344969217737, 'g_gpe_gpi_mult': 0.8740860299235385}. Best is trial 808 with value: 0.12852333195121535.
[I 2026-05-28 03:52:41,697] Trial 868 finished with value: 0.1321294621714038 and parameters: {'ISTN': 60.438829533090555, 'I_gpe': 0.9977431947776707, 'I_gpi': 2.2450597356959165, 'noise_stn_sigma': 1.9582635292119814, 'noise_gpe_sigma': 101.08129695556157, 'noise_gpi_sigma': 87.78183648829128, 'g_stn_gpe_mult': 3.963921727732258, 'g_gpe_stn_mult': 0.18218430606361283, 'g_stn_gpi_mult': 1.4367987358932939, 'g_gpe_gpi_mult': 0.8629360283750975}. Best is trial 808 with value: 0.12852333195121535.
[I 2026-05-28 03:52:42,705] Trial 869 finished with value: 0.12759996714312508 and parameters: {'ISTN': 60.13539340564918, 'I_gpe': 1.0094166864524827, 'I_gpi': 2.2394666195235873, 'noise_stn_sigma': 1.9347940857809383, 'noise_gpe_sigma': 101.09117465101758, 'noise_gpi_sigma': 86.04434783789785, 'g_stn_gpe_mult': 3.988845796517757, 'g_gpe_stn_mult': 0.18273097735615063, 'g_stn_gpi_mult': 1.4197349994529367, 'g_gpe_gpi_mult': 0.8730746344105513}. Best is trial 869 with value: 0.12759996714312508.
[I 2026-05-28 03:52:43,712] Trial 870 finished with value: 0.13058372344137154 and parameters: {'ISTN': 60.101565211040025, 'I_gpe': 1.0099185108085131, 'I_gpi': 2.233171305434727, 'noise_stn_sigma': 1.9248410590983303, 'noise_gpe_sigma': 100.56069901197037, 'noise_gpi_sigma': 85.53018598219488, 'g_stn_gpe_mult': 3.9686235274912876, 'g_gpe_stn_mult': 0.18375195276124318, 'g_stn_gpi_mult': 1.4525943017821683, 'g_gpe_gpi_mult': 0.8857467902356595}. Best is trial 869 with value: 0.12759996714312508.
[I 2026-05-28 03:52:44,719] Trial 871 finished with value: 0.1321037352596588 and parameters: {'ISTN': 60.682724505673264, 'I_gpe': 1.001737113709439, 'I_gpi': 2.2478416525240767, 'noise_stn_sigma': 1.8984057017036782, 'noise_gpe_sigma': 100.82874165235484, 'noise_gpi_sigma': 86.11907323427583, 'g_stn_gpe_mult': 3.9713046886907932, 'g_gpe_stn_mult': 0.17810168700850376, 'g_stn_gpi_mult': 1.4276501537035606, 'g_gpe_gpi_mult': 0.8721700950873168}. Best is trial 869 with value: 0.12759996714312508.
[I 2026-05-28 03:52:45,727] Trial 872 finished with value: 0.14535397178588266 and parameters: {'ISTN': 60.30120171610383, 'I_gpe': 1.0177947845795583, 'I_gpi': 2.1727592640605438, 'noise_stn_sigma': 1.9596337067575174, 'noise_gpe_sigma': 99.98520864205055, 'noise_gpi_sigma': 86.99338584388863, 'g_stn_gpe_mult': 3.981209508286455, 'g_gpe_stn_mult': 0.18211871250470824, 'g_stn_gpi_mult': 1.4212426935644689, 'g_gpe_gpi_mult': 0.8711656048304157}. Best is trial 869 with value: 0.12759996714312508.
[I 2026-05-28 03:52:46,735] Trial 873 finished with value: 0.12948622780240363 and parameters: {'ISTN': 60.249259688559235, 'I_gpe': 0.9946496478210712, 'I_gpi': 2.2222472972668577, 'noise_stn_sigma': 1.879704585766858, 'noise_gpe_sigma': 99.94860109695945, 'noise_gpi_sigma': 85.67843326395747, 'g_stn_gpe_mult': 4.0147411507766115, 'g_gpe_stn_mult': 0.18544165122967565, 'g_stn_gpi_mult': 1.4522227247005486, 'g_gpe_gpi_mult': 0.869453658096724}. Best is trial 869 with value: 0.12759996714312508.
[I 2026-05-28 03:52:47,744] Trial 874 finished with value: 0.12775128857023488 and parameters: {'ISTN': 60.07734572388183, 'I_gpe': 1.002564753309077, 'I_gpi': 2.2292782303633927, 'noise_stn_sigma': 1.8930825652315395, 'noise_gpe_sigma': 100.0905727851685, 'noise_gpi_sigma': 87.09232583982713, 'g_stn_gpe_mult': 3.9524065420975694, 'g_gpe_stn_mult': 0.184830665350538, 'g_stn_gpi_mult': 1.4018910560054503, 'g_gpe_gpi_mult': 0.8814512368153982}. Best is trial 869 with value: 0.12759996714312508.
[I 2026-05-28 03:52:48,752] Trial 875 finished with value: 0.1318243909563301 and parameters: {'ISTN': 60.73642936505613, 'I_gpe': 0.9992888883995792, 'I_gpi': 2.21590879820019, 'noise_stn_sigma': 1.9647382984005128, 'noise_gpe_sigma': 99.75730158883502, 'noise_gpi_sigma': 86.2228531957043, 'g_stn_gpe_mult': 3.956998905907322, 'g_gpe_stn_mult': 0.1765367887786693, 'g_stn_gpi_mult': 1.3945251029413517, 'g_gpe_gpi_mult': 0.8681777278590179}. Best is trial 869 with value: 0.12759996714312508.
[I 2026-05-28 03:52:49,761] Trial 876 finished with value: 0.1377325053282529 and parameters: {'ISTN': 60.11469924505117, 'I_gpe': 1.0059666476898648, 'I_gpi': 2.280956162739341, 'noise_stn_sigma': 1.902231389369933, 'noise_gpe_sigma': 101.72980411987989, 'noise_gpi_sigma': 87.72423432084611, 'g_stn_gpe_mult': 3.989026878573209, 'g_gpe_stn_mult': 0.1801347386043769, 'g_stn_gpi_mult': 1.4237491358597076, 'g_gpe_gpi_mult': 0.8700484029625106}. Best is trial 869 with value: 0.12759996714312508.
[I 2026-05-28 03:52:50,769] Trial 877 finished with value: 0.12552761775743748 and parameters: {'ISTN': 60.08406561477818, 'I_gpe': 1.0231026997976493, 'I_gpi': 2.232111243709804, 'noise_stn_sigma': 1.921797236247743, 'noise_gpe_sigma': 101.17221525746208, 'noise_gpi_sigma': 87.40425920042075, 'g_stn_gpe_mult': 3.9954060648640564, 'g_gpe_stn_mult': 0.17883258833730195, 'g_stn_gpi_mult': 1.4429443410628549, 'g_gpe_gpi_mult': 0.8789639388621007}. Best is trial 877 with value: 0.12552761775743748.
[I 2026-05-28 03:52:51,776] Trial 878 finished with value: 0.1325048319572782 and parameters: {'ISTN': 60.40688362873596, 'I_gpe': 0.9941594596655796, 'I_gpi': 2.2212832072251905, 'noise_stn_sigma': 1.906879969836334, 'noise_gpe_sigma': 99.61370396108204, 'noise_gpi_sigma': 85.66605725872064, 'g_stn_gpe_mult': 3.9907114920661457, 'g_gpe_stn_mult': 0.18227981319730696, 'g_stn_gpi_mult': 1.428050451272315, 'g_gpe_gpi_mult': 0.8737506687662164}. Best is trial 877 with value: 0.12552761775743748.
[I 2026-05-28 03:52:52,785] Trial 879 finished with value: 0.13075083911701255 and parameters: {'ISTN': 60.2627011459458, 'I_gpe': 0.985667047720191, 'I_gpi': 2.2371084931076903, 'noise_stn_sigma': 1.920810797795709, 'noise_gpe_sigma': 101.30128664292756, 'noise_gpi_sigma': 86.44051364058646, 'g_stn_gpe_mult': 3.998254668566668, 'g_gpe_stn_mult': 0.18477038075428293, 'g_stn_gpi_mult': 1.4275839133900956, 'g_gpe_gpi_mult': 0.8776937251858992}. Best is trial 877 with value: 0.12552761775743748.
