[I 2026-05-28 04:10:34,359] Trial 924 finished with value: 0.13242671403747694 and parameters: {'ISTN': 60.12856977182847, 'I_gpe': 1.1348460707031829, 'I_gpi': 2.0184731145358867, 'noise_stn_sigma': 2.639066690088335, 'noise_gpe_sigma': 105.94858441453097, 'noise_gpi_sigma': 82.91102257416378, 'g_stn_gpe_mult': 3.365085528717829, 'g_gpe_stn_mult': 0.1768917710392129, 'g_stn_gpi_mult': 2.5388411880406334, 'g_gpe_gpi_mult': 0.31462731180447673}. Best is trial 754 with value: 0.12560915155228763.
[I 2026-05-28 04:10:35,365] Trial 925 finished with value: 0.12594617279082607 and parameters: {'ISTN': 60.29844731814182, 'I_gpe': 1.163962569780551, 'I_gpi': 2.046977118805491, 'noise_stn_sigma': 2.5031479026789514, 'noise_gpe_sigma': 105.36952173048678, 'noise_gpi_sigma': 81.9963471321447, 'g_stn_gpe_mult': 3.352209056243504, 'g_gpe_stn_mult': 0.17667543915647127, 'g_stn_gpi_mult': 2.526076894385988, 'g_gpe_gpi_mult': 0.3218987844295994}. Best is trial 754 with value: 0.12560915155228763.
[I 2026-05-28 04:10:36,372] Trial 926 finished with value: 0.1343139794795211 and parameters: {'ISTN': 60.11648062739981, 'I_gpe': 1.1504628556954717, 'I_gpi': 2.027282267368725, 'noise_stn_sigma': 2.5873378052152702, 'noise_gpe_sigma': 105.82210689367932, 'noise_gpi_sigma': 81.68770318370642, 'g_stn_gpe_mult': 3.3683572590298043, 'g_gpe_stn_mult': 0.18062592415517653, 'g_stn_gpi_mult': 2.5386617701529994, 'g_gpe_gpi_mult': 0.32621158957571006}. Best is trial 754 with value: 0.12560915155228763.
[I 2026-05-28 04:10:37,378] Trial 927 finished with value: 0.1313218478169005 and parameters: {'ISTN': 60.2951463866198, 'I_gpe': 1.1606675717452464, 'I_gpi': 2.0288163499708665, 'noise_stn_sigma': 2.6417880009884316, 'noise_gpe_sigma': 104.65077951238241, 'noise_gpi_sigma': 82.25922884801625, 'g_stn_gpe_mult': 3.3596857476093476, 'g_gpe_stn_mult': 0.17524143041160192, 'g_stn_gpi_mult': 2.552969892293794, 'g_gpe_gpi_mult': 0.33469752130700337}. Best is trial 754 with value: 0.12560915155228763.
[I 2026-05-28 04:10:38,383] Trial 928 finished with value: 0.12991972568408 and parameters: {'ISTN': 60.49331147078782, 'I_gpe': 1.1550944663526892, 'I_gpi': 2.05336232978379, 'noise_stn_sigma': 2.5433338468032636, 'noise_gpe_sigma': 105.3528727425477, 'noise_gpi_sigma': 82.55780043995776, 'g_stn_gpe_mult': 3.3694995381697845, 'g_gpe_stn_mult': 0.17296361814199557, 'g_stn_gpi_mult': 2.523849840983373, 'g_gpe_gpi_mult': 0.31953849441651827}. Best is trial 754 with value: 0.12560915155228763.
[I 2026-05-28 04:10:39,389] Trial 929 finished with value: 0.1280294550782075 and parameters: {'ISTN': 60.209622619249124, 'I_gpe': 1.157491140554713, 'I_gpi': 2.0545811763727104, 'noise_stn_sigma': 2.4960384539684304, 'noise_gpe_sigma': 105.04695772044332, 'noise_gpi_sigma': 82.61134499757195, 'g_stn_gpe_mult': 3.396449751337498, 'g_gpe_stn_mult': 0.17786540995395428, 'g_stn_gpi_mult': 2.529184511580696, 'g_gpe_gpi_mult': 0.3106947054067162}. Best is trial 754 with value: 0.12560915155228763.
[I 2026-05-28 04:10:40,395] Trial 930 finished with value: 0.1310229958747112 and parameters: {'ISTN': 60.05432883788079, 'I_gpe': 1.1439547148383733, 'I_gpi': 2.024514941179545, 'noise_stn_sigma': 2.6058541710122682, 'noise_gpe_sigma': 105.18354726362716, 'noise_gpi_sigma': 81.29532087659453, 'g_stn_gpe_mult': 3.3833824491124473, 'g_gpe_stn_mult': 0.1807676330773052, 'g_stn_gpi_mult': 2.552585662309204, 'g_gpe_gpi_mult': 0.3260335684387674}. Best is trial 754 with value: 0.12560915155228763.
[I 2026-05-28 04:10:41,401] Trial 931 finished with value: 0.12906392259333582 and parameters: {'ISTN': 60.339978445632354, 'I_gpe': 1.1552750481076708, 'I_gpi': 2.038016798796713, 'noise_stn_sigma': 2.54700467183297, 'noise_gpe_sigma': 105.77357312825073, 'noise_gpi_sigma': 82.04757461688175, 'g_stn_gpe_mult': 3.3720847585290183, 'g_gpe_stn_mult': 0.1759525100741971, 'g_stn_gpi_mult': 2.5344926260463754, 'g_gpe_gpi_mult': 0.3235036973625377}. Best is trial 754 with value: 0.12560915155228763.
[I 2026-05-28 04:10:42,409] Trial 932 finished with value: 0.1341611997997086 and parameters: {'ISTN': 60.25899419597571, 'I_gpe': 1.1358316652238205, 'I_gpi': 2.004008288959752, 'noise_stn_sigma': 2.526875271410966, 'noise_gpe_sigma': 104.69994209880836, 'noise_gpi_sigma': 82.00825540429112, 'g_stn_gpe_mult': 3.3601840013705715, 'g_gpe_stn_mult': 0.1785339907968777, 'g_stn_gpi_mult': 2.5485687616156114, 'g_gpe_gpi_mult': 0.3165287960305705}. Best is trial 754 with value: 0.12560915155228763.
[I 2026-05-28 04:10:43,416] Trial 933 finished with value: 0.1303911677804491 and parameters: {'ISTN': 60.23499414811508, 'I_gpe': 1.166513393887847, 'I_gpi': 2.0563906017081757, 'noise_stn_sigma': 2.590358827686571, 'noise_gpe_sigma': 105.49652741172558, 'noise_gpi_sigma': 82.34596006840434, 'g_stn_gpe_mult': 3.3587878455828366, 'g_gpe_stn_mult': 0.17436656326013386, 'g_stn_gpi_mult': 2.5134638932855946, 'g_gpe_gpi_mult': 0.3231019212436358}. Best is trial 754 with value: 0.12560915155228763.
[I 2026-05-28 04:10:44,425] Trial 934 finished with value: 0.13026899208055995 and parameters: {'ISTN': 60.34514730864691, 'I_gpe': 1.1853334906784614, 'I_gpi': 2.0619627776106957, 'noise_stn_sigma': 2.4818978251223447, 'noise_gpe_sigma': 104.60979662392054, 'noise_gpi_sigma': 82.70876604332112, 'g_stn_gpe_mult': 3.3144574918174925, 'g_gpe_stn_mult': 0.17567815584572635, 'g_stn_gpi_mult': 2.527954282963508, 'g_gpe_gpi_mult': 0.3152653084621413}. Best is trial 754 with value: 0.12560915155228763.
[I 2026-05-28 04:10:45,435] Trial 935 finished with value: 0.13670981549621958 and parameters: {'ISTN': 60.65274142911024, 'I_gpe': 1.14057386480156, 'I_gpi': 2.064861900654332, 'noise_stn_sigma': 2.4738598951787294, 'noise_gpe_sigma': 105.91488345168072, 'noise_gpi_sigma': 82.54840839893332, 'g_stn_gpe_mult': 3.3644861826075356, 'g_gpe_stn_mult': 0.17591675507725482, 'g_stn_gpi_mult': 2.5411266531295995, 'g_gpe_gpi_mult': 0.3199551152742921}. Best is trial 754 with value: 0.12560915155228763.
[I 2026-05-28 04:10:46,443] Trial 936 finished with value: 0.13241133168120028 and parameters: {'ISTN': 60.4062753052398, 'I_gpe': 1.1691748659302839, 'I_gpi': 2.064600348938181, 'noise_stn_sigma': 2.5448021469575375, 'noise_gpe_sigma': 105.09053066095373, 'noise_gpi_sigma': 82.29591416636111, 'g_stn_gpe_mult': 3.3776316327092637, 'g_gpe_stn_mult': 0.17613535551281873, 'g_stn_gpi_mult': 2.5168246792974562, 'g_gpe_gpi_mult': 0.3285552309620612}. Best is trial 754 with value: 0.12560915155228763.
[I 2026-05-28 04:10:47,450] Trial 937 finished with value: 0.12872357415730548 and parameters: {'ISTN': 60.07004825680223, 'I_gpe': 1.1681304866941824, 'I_gpi': 2.073537477647757, 'noise_stn_sigma': 2.433065169408755, 'noise_gpe_sigma': 104.28773768262974, 'noise_gpi_sigma': 81.57396131180023, 'g_stn_gpe_mult': 3.347587401371555, 'g_gpe_stn_mult': 0.18017582871262253, 'g_stn_gpi_mult': 2.5187796701283833, 'g_gpe_gpi_mult': 0.32922587520342994}. Best is trial 754 with value: 0.12560915155228763.
[I 2026-05-28 04:10:48,461] Trial 938 finished with value: 0.13231124574239034 and parameters: {'ISTN': 60.26752826457751, 'I_gpe': 1.175192840353695, 'I_gpi': 2.0755105300922487, 'noise_stn_sigma': 2.559829408439932, 'noise_gpe_sigma': 105.258639211508, 'noise_gpi_sigma': 82.24705352542946, 'g_stn_gpe_mult': 3.3814760107258817, 'g_gpe_stn_mult': 0.17766886376581217, 'g_stn_gpi_mult': 2.5153895395565424, 'g_gpe_gpi_mult': 0.31000292096112114}. Best is trial 754 with value: 0.12560915155228763.
[I 2026-05-28 04:10:49,467] Trial 939 finished with value: 0.1306537121132116 and parameters: {'ISTN': 60.21815524718268, 'I_gpe': 1.1533106210837054, 'I_gpi': 2.0520034860956837, 'noise_stn_sigma': 2.479634359028923, 'noise_gpe_sigma': 104.35794047491657, 'noise_gpi_sigma': 82.36151516811535, 'g_stn_gpe_mult': 3.360663393811285, 'g_gpe_stn_mult': 0.18002039942156864, 'g_stn_gpi_mult': 2.51016649889711, 'g_gpe_gpi_mult': 0.31651789383923745}. Best is trial 754 with value: 0.12560915155228763.
[I 2026-05-28 04:10:50,476] Trial 940 finished with value: 0.13075816616759375 and parameters: {'ISTN': 60.29237581023434, 'I_gpe': 1.1762876566100826, 'I_gpi': 2.0677600172502397, 'noise_stn_sigma': 2.4916606103040815, 'noise_gpe_sigma': 105.00070342727157, 'noise_gpi_sigma': 82.60376289197893, 'g_stn_gpe_mult': 3.348088126254572, 'g_gpe_stn_mult': 0.1771620220787097, 'g_stn_gpi_mult': 2.519524587235775, 'g_gpe_gpi_mult': 0.31455599759467556}. Best is trial 754 with value: 0.12560915155228763.
[I 2026-05-28 04:10:51,485] Trial 941 finished with value: 0.13249434509306188 and parameters: {'ISTN': 60.100097606376515, 'I_gpe': 1.1780825037210103, 'I_gpi': 2.0709896021710543, 'noise_stn_sigma': 2.5292781503154993, 'noise_gpe_sigma': 104.56212142231902, 'noise_gpi_sigma': 82.05249409145573, 'g_stn_gpe_mult': 3.3681890098890968, 'g_gpe_stn_mult': 0.17696131504353035, 'g_stn_gpi_mult': 2.5166516457774915, 'g_gpe_gpi_mult': 0.3185884651886634}. Best is trial 754 with value: 0.12560915155228763.
[I 2026-05-28 04:10:52,494] Trial 942 finished with value: 0.13002077950307286 and parameters: {'ISTN': 60.28523422982145, 'I_gpe': 1.1655531499821261, 'I_gpi': 2.050687469314841, 'noise_stn_sigma': 2.605967868656063, 'noise_gpe_sigma': 104.93278705783929, 'noise_gpi_sigma': 81.76255195607683, 'g_stn_gpe_mult': 3.367565644312934, 'g_gpe_stn_mult': 0.17472092069653722, 'g_stn_gpi_mult': 2.537890901575329, 'g_gpe_gpi_mult': 0.3247403910350459}. Best is trial 754 with value: 0.12560915155228763.
[I 2026-05-28 04:10:53,503] Trial 943 finished with value: 0.12937085019743533 and parameters: {'ISTN': 60.10553046981117, 'I_gpe': 1.197606678379925, 'I_gpi': 2.0799710854938214, 'noise_stn_sigma': 2.5375327658397553, 'noise_gpe_sigma': 105.01197560446724, 'noise_gpi_sigma': 82.45414173350756, 'g_stn_gpe_mult': 3.3465437596503778, 'g_gpe_stn_mult': 0.1770025175463258, 'g_stn_gpi_mult': 2.523670809390186, 'g_gpe_gpi_mult': 0.32615977794720497}. Best is trial 754 with value: 0.12560915155228763.
[I 2026-05-28 04:10:54,512] Trial 944 finished with value: 0.12794209106482812 and parameters: {'ISTN': 60.141461437181306, 'I_gpe': 1.1510535988092543, 'I_gpi': 2.0338970444984024, 'noise_stn_sigma': 2.473395300252193, 'noise_gpe_sigma': 105.72016330902369, 'noise_gpi_sigma': 82.27694639596092, 'g_stn_gpe_mult': 3.3666208780019797, 'g_gpe_stn_mult': 0.17984460839057304, 'g_stn_gpi_mult': 2.532869733263097, 'g_gpe_gpi_mult': 0.3233654727165739}. Best is trial 754 with value: 0.12560915155228763.
[I 2026-05-28 04:10:55,520] Trial 945 finished with value: 0.12802617475831096 and parameters: {'ISTN': 60.262660434538674, 'I_gpe': 1.145191255530301, 'I_gpi': 2.0391302583703528, 'noise_stn_sigma': 2.5142232822352617, 'noise_gpe_sigma': 105.17117422609832, 'noise_gpi_sigma': 81.18374192549295, 'g_stn_gpe_mult': 3.37556617905246, 'g_gpe_stn_mult': 0.1793683632379514, 'g_stn_gpi_mult': 2.507543152712582, 'g_gpe_gpi_mult': 0.3280716683018985}. Best is trial 754 with value: 0.12560915155228763.
[I 2026-05-28 04:10:56,526] Trial 946 finished with value: 0.12886190747612258 and parameters: {'ISTN': 60.18586568460152, 'I_gpe': 1.181719257441336, 'I_gpi': 2.0523054304438277, 'noise_stn_sigma': 2.4832453207818728, 'noise_gpe_sigma': 105.3392561147607, 'noise_gpi_sigma': 82.34328695394146, 'g_stn_gpe_mult': 3.3534036461393146, 'g_gpe_stn_mult': 0.17676965501988787, 'g_stn_gpi_mult': 2.540352417378895, 'g_gpe_gpi_mult': 0.31845965394520537}. Best is trial 754 with value: 0.12560915155228763.
[I 2026-05-28 04:10:57,537] Trial 947 finished with value: 0.13058233438255995 and parameters: {'ISTN': 60.545173597916964, 'I_gpe': 1.1638775538198929, 'I_gpi': 2.0667729385414106, 'noise_stn_sigma': 2.551464388096692, 'noise_gpe_sigma': 104.11285474857816, 'noise_gpi_sigma': 81.38131874081392, 'g_stn_gpe_mult': 3.3404850085754862, 'g_gpe_stn_mult': 0.1722495741230991, 'g_stn_gpi_mult': 2.512000787638436, 'g_gpe_gpi_mult': 0.3278327238146671}. Best is trial 754 with value: 0.12560915155228763.
[I 2026-05-28 04:10:58,544] Trial 948 finished with value: 0.12903333813365997 and parameters: {'ISTN': 60.06381518376021, 'I_gpe': 1.171608975101638, 'I_gpi': 2.0388392970500417, 'noise_stn_sigma': 2.500300616728589, 'noise_gpe_sigma': 106.33837936591628, 'noise_gpi_sigma': 82.9440081424859, 'g_stn_gpe_mult': 3.364172056303167, 'g_gpe_stn_mult': 0.17795110349039045, 'g_stn_gpi_mult': 2.538733724576992, 'g_gpe_gpi_mult': 0.3140874678694856}. Best is trial 754 with value: 0.12560915155228763.
[I 2026-05-28 04:10:59,550] Trial 949 finished with value: 0.1288006261024607 and parameters: {'ISTN': 60.273115615434875, 'I_gpe': 1.1638526361570651, 'I_gpi': 2.0512390536995415, 'noise_stn_sigma': 2.507966262159689, 'noise_gpe_sigma': 104.5713365947605, 'noise_gpi_sigma': 81.55815051966562, 'g_stn_gpe_mult': 3.3501033189267875, 'g_gpe_stn_mult': 0.17861615430563774, 'g_stn_gpi_mult': 2.5313128759970214, 'g_gpe_gpi_mult': 0.3281927291373283}. Best is trial 754 with value: 0.12560915155228763.
[I 2026-05-28 04:11:00,558] Trial 950 finished with value: 0.1287383106608419 and parameters: {'ISTN': 60.20365944576355, 'I_gpe': 1.1507242243381235, 'I_gpi': 2.064614078753034, 'noise_stn_sigma': 2.473028186804907, 'noise_gpe_sigma': 104.73534175393469, 'noise_gpi_sigma': 81.5129413595283, 'g_stn_gpe_mult': 3.3174446251006193, 'g_gpe_stn_mult': 0.17891398012831233, 'g_stn_gpi_mult': 2.5245580161261483, 'g_gpe_gpi_mult': 0.3245146150625851}. Best is trial 754 with value: 0.12560915155228763.
[I 2026-05-28 04:11:01,565] Trial 951 finished with value: 0.13328558531689122 and parameters: {'ISTN': 60.283605672109154, 'I_gpe': 1.150208344863378, 'I_gpi': 2.0274957161714275, 'noise_stn_sigma': 2.463189415505018, 'noise_gpe_sigma': 105.81490070669284, 'noise_gpi_sigma': 81.47611221903615, 'g_stn_gpe_mult': 3.3727194504987033, 'g_gpe_stn_mult': 0.1785172643847892, 'g_stn_gpi_mult': 2.523900511384655, 'g_gpe_gpi_mult': 0.31606831021248283}. Best is trial 754 with value: 0.12560915155228763.
[I 2026-05-28 04:11:02,570] Trial 952 finished with value: 0.1904248062096378 and parameters: {'ISTN': 60.24824507166753, 'I_gpe': 1.168568738714964, 'I_gpi': 2.0517340866657063, 'noise_stn_sigma': 2.4429961242199965, 'noise_gpe_sigma': 106.27765775035991, 'noise_gpi_sigma': 82.15511556196518, 'g_stn_gpe_mult': 3.346578006577783, 'g_gpe_stn_mult': 0.1764758368410282, 'g_stn_gpi_mult': 2.508778666824329, 'g_gpe_gpi_mult': 0.31583064011139755}. Best is trial 754 with value: 0.12560915155228763.
[I 2026-05-28 04:11:03,578] Trial 953 finished with value: 0.13408246311083236 and parameters: {'ISTN': 60.21639080842858, 'I_gpe': 1.145956141553973, 'I_gpi': 2.0496052555578883, 'noise_stn_sigma': 2.5050531188829135, 'noise_gpe_sigma': 105.86044450252726, 'noise_gpi_sigma': 82.99220397786462, 'g_stn_gpe_mult': 3.3497783660186125, 'g_gpe_stn_mult': 0.18122575969376561, 'g_stn_gpi_mult': 2.524354461014817, 'g_gpe_gpi_mult': 0.32256688841230685}. Best is trial 754 with value: 0.12560915155228763.
[I 2026-05-28 04:11:04,584] Trial 954 finished with value: 0.1353502239336928 and parameters: {'ISTN': 60.541178996478834, 'I_gpe': 1.1462143707798782, 'I_gpi': 2.0312778582238162, 'noise_stn_sigma': 2.6145594190242667, 'noise_gpe_sigma': 105.38272828402603, 'noise_gpi_sigma': 81.33581164746843, 'g_stn_gpe_mult': 3.3702103085984128, 'g_gpe_stn_mult': 0.1756110763982942, 'g_stn_gpi_mult': 2.5664586423764297, 'g_gpe_gpi_mult': 0.32130631340924015}. Best is trial 754 with value: 0.12560915155228763.
[I 2026-05-28 04:11:05,588] Trial 955 finished with value: 0.12999316987027798 and parameters: {'ISTN': 60.13344878433523, 'I_gpe': 1.1512175805156035, 'I_gpi': 2.039165367217506, 'noise_stn_sigma': 2.543660590932153, 'noise_gpe_sigma': 105.70728794671129, 'noise_gpi_sigma': 82.07033507104553, 'g_stn_gpe_mult': 3.3847805555674855, 'g_gpe_stn_mult': 0.17717339634129003, 'g_stn_gpi_mult': 2.5130808890147684, 'g_gpe_gpi_mult': 0.32857389270675563}. Best is trial 754 with value: 0.12560915155228763.
[I 2026-05-28 04:11:06,596] Trial 956 finished with value: 0.13328243706877796 and parameters: {'ISTN': 60.19806967364975, 'I_gpe': 1.1362827871042893, 'I_gpi': 1.9956558842303505, 'noise_stn_sigma': 2.5737132341758278, 'noise_gpe_sigma': 104.64861632127045, 'noise_gpi_sigma': 80.86185349357874, 'g_stn_gpe_mult': 3.340134922005812, 'g_gpe_stn_mult': 0.17658195916112523, 'g_stn_gpi_mult': 2.551098902570024, 'g_gpe_gpi_mult': 0.3405808317734733}. Best is trial 754 with value: 0.12560915155228763.
[I 2026-05-28 04:11:07,603] Trial 957 finished with value: 0.13440386209454883 and parameters: {'ISTN': 60.66984174309091, 'I_gpe': 1.1302639562192085, 'I_gpi': 2.0149436845000266, 'noise_stn_sigma': 2.454308660036748, 'noise_gpe_sigma': 105.351031548033, 'noise_gpi_sigma': 81.8280286237617, 'g_stn_gpe_mult': 3.3402574131988993, 'g_gpe_stn_mult': 0.17369358550617414, 'g_stn_gpi_mult': 2.5204009829661524, 'g_gpe_gpi_mult': 0.3099265356548324}. Best is trial 754 with value: 0.12560915155228763.
[I 2026-05-28 04:11:08,612] Trial 958 finished with value: 0.12366944518180358 and parameters: {'ISTN': 60.06160866524403, 'I_gpe': 1.1726562850614761, 'I_gpi': 2.049261422289259, 'noise_stn_sigma': 2.473804184027739, 'noise_gpe_sigma': 104.70833046556842, 'noise_gpi_sigma': 82.92335043481404, 'g_stn_gpe_mult': 3.3490531817592535, 'g_gpe_stn_mult': 0.17998276383588047, 'g_stn_gpi_mult': 2.5014221027459334, 'g_gpe_gpi_mult': 0.3250744061363316}. Best is trial 958 with value: 0.12366944518180358.
[I 2026-05-28 04:11:09,618] Trial 959 finished with value: 0.13108205662223005 and parameters: {'ISTN': 60.21217363253108, 'I_gpe': 1.1347047437383415, 'I_gpi': 2.01136414771207, 'noise_stn_sigma': 2.513883757125874, 'noise_gpe_sigma': 104.41471914249577, 'noise_gpi_sigma': 81.57950284871077, 'g_stn_gpe_mult': 3.373509858117295, 'g_gpe_stn_mult': 0.1780689570408342, 'g_stn_gpi_mult': 2.523592242706355, 'g_gpe_gpi_mult': 0.3283958217764545}. Best is trial 958 with value: 0.12366944518180358.
[I 2026-05-28 04:11:10,622] Trial 960 finished with value: 0.12837110742819183 and parameters: {'ISTN': 60.02638006626763, 'I_gpe': 1.1666311350965188, 'I_gpi': 2.0527965671538793, 'noise_stn_sigma': 2.5540824146505443, 'noise_gpe_sigma': 106.31622460342797, 'noise_gpi_sigma': 81.95346086125875, 'g_stn_gpe_mult': 3.3444980116944283, 'g_gpe_stn_mult': 0.18081127080747122, 'g_stn_gpi_mult': 2.5236848209807503, 'g_gpe_gpi_mult': 0.3211428633666255}. Best is trial 958 with value: 0.12366944518180358.
[I 2026-05-28 04:11:11,628] Trial 961 finished with value: 0.21940775910178242 and parameters: {'ISTN': 60.085266013798325, 'I_gpe': 1.1507667808587652, 'I_gpi': 2.038080777979623, 'noise_stn_sigma': 2.4364512872488575, 'noise_gpe_sigma': 105.49925728339596, 'noise_gpi_sigma': 81.3413321759074, 'g_stn_gpe_mult': 3.345315736221072, 'g_gpe_stn_mult': 0.17671870738437956, 'g_stn_gpi_mult': 2.534026274828303, 'g_gpe_gpi_mult': 0.32267995721388304}. Best is trial 958 with value: 0.12366944518180358.
[I 2026-05-28 04:11:12,636] Trial 962 finished with value: 0.1282240127956983 and parameters: {'ISTN': 60.11911363310949, 'I_gpe': 1.1594528413941996, 'I_gpi': 2.0430929029393545, 'noise_stn_sigma': 2.466206460875767, 'noise_gpe_sigma': 105.59467152803235, 'noise_gpi_sigma': 81.44801909261761, 'g_stn_gpe_mult': 3.363375371426309, 'g_gpe_stn_mult': 0.18106088238743007, 'g_stn_gpi_mult': 2.4774592475168076, 'g_gpe_gpi_mult': 0.3169486119318105}. Best is trial 958 with value: 0.12366944518180358.
[I 2026-05-28 04:11:13,646] Trial 963 finished with value: 0.13024735546477031 and parameters: {'ISTN': 60.291582875629246, 'I_gpe': 1.1717259328302785, 'I_gpi': 2.0479006382583504, 'noise_stn_sigma': 2.566556888253229, 'noise_gpe_sigma': 105.52326121567017, 'noise_gpi_sigma': 82.76885309768541, 'g_stn_gpe_mult': 3.3330607269977652, 'g_gpe_stn_mult': 0.17855269419420974, 'g_stn_gpi_mult': 2.495256391975897, 'g_gpe_gpi_mult': 0.32455389930921463}. Best is trial 958 with value: 0.12366944518180358.
[I 2026-05-28 04:11:14,654] Trial 964 finished with value: 0.12752640704971785 and parameters: {'ISTN': 60.11121214673801, 'I_gpe': 1.175444533024059, 'I_gpi': 2.0554190540507546, 'noise_stn_sigma': 2.5885140420629176, 'noise_gpe_sigma': 104.8408078715996, 'noise_gpi_sigma': 81.40523815580032, 'g_stn_gpe_mult': 3.344147941780795, 'g_gpe_stn_mult': 0.1754339164939228, 'g_stn_gpi_mult': 2.540771870224023, 'g_gpe_gpi_mult': 0.32726136895347524}. Best is trial 958 with value: 0.12366944518180358.
[I 2026-05-28 04:11:15,659] Trial 965 finished with value: 0.1309220442825532 and parameters: {'ISTN': 60.06856240238384, 'I_gpe': 1.1376652368589073, 'I_gpi': 2.0476718729777783, 'noise_stn_sigma': 2.443647034997872, 'noise_gpe_sigma': 104.60053012281068, 'noise_gpi_sigma': 82.59302844888379, 'g_stn_gpe_mult': 3.4024729804769587, 'g_gpe_stn_mult': 0.18256858197121467, 'g_stn_gpi_mult': 2.448784104267139, 'g_gpe_gpi_mult': 0.3268486521041613}. Best is trial 958 with value: 0.12366944518180358.
[I 2026-05-28 04:11:16,666] Trial 966 finished with value: 0.13006295956867836 and parameters: {'ISTN': 60.241512011953255, 'I_gpe': 1.1633956164083536, 'I_gpi': 2.0676971265585, 'noise_stn_sigma': 2.5533474544015617, 'noise_gpe_sigma': 105.11726433876942, 'noise_gpi_sigma': 82.67703794630569, 'g_stn_gpe_mult': 3.3716785210127354, 'g_gpe_stn_mult': 0.17591335202605657, 'g_stn_gpi_mult': 2.474908446302062, 'g_gpe_gpi_mult': 0.32309542089250803}. Best is trial 958 with value: 0.12366944518180358.
[I 2026-05-28 04:11:17,672] Trial 967 finished with value: 0.12589152614732077 and parameters: {'ISTN': 60.21704287120596, 'I_gpe': 1.1707319376678007, 'I_gpi': 2.066951983280326, 'noise_stn_sigma': 2.5300138253095437, 'noise_gpe_sigma': 105.51383397970261, 'noise_gpi_sigma': 81.97404132102841, 'g_stn_gpe_mult': 3.3248778027989827, 'g_gpe_stn_mult': 0.175376628156377, 'g_stn_gpi_mult': 2.508405617380159, 'g_gpe_gpi_mult': 0.3305068412956773}. Best is trial 958 with value: 0.12366944518180358.
