[I 2026-05-28 04:06:53,291] Trial 704 finished with value: 0.1271057673099251 and parameters: {'ISTN': 60.18329288692318, 'I_gpe': 1.130863592850631, 'I_gpi': 1.989649046536908, 'noise_stn_sigma': 2.5365525942720204, 'noise_gpe_sigma': 105.32976152359703, 'noise_gpi_sigma': 80.83472407938416, 'g_stn_gpe_mult': 3.2807048417005458, 'g_gpe_stn_mult': 0.17658520269845385, 'g_stn_gpi_mult': 2.6043786799839297, 'g_gpe_gpi_mult': 0.31611130863932085}. Best is trial 704 with value: 0.1271057673099251.
[I 2026-05-28 04:06:54,295] Trial 705 finished with value: 0.12983855618369286 and parameters: {'ISTN': 60.315991670151526, 'I_gpe': 1.1716020588829843, 'I_gpi': 2.056461319513059, 'noise_stn_sigma': 2.69601618318634, 'noise_gpe_sigma': 103.53862958641697, 'noise_gpi_sigma': 79.0814283973186, 'g_stn_gpe_mult': 3.3134954225942836, 'g_gpe_stn_mult': 0.17283385103933105, 'g_stn_gpi_mult': 2.5696295599779475, 'g_gpe_gpi_mult': 0.3308207706016807}. Best is trial 704 with value: 0.1271057673099251.
[I 2026-05-28 04:06:55,298] Trial 706 finished with value: 0.13582883738880777 and parameters: {'ISTN': 60.816216616796694, 'I_gpe': 1.1698725137670065, 'I_gpi': 2.0117613091434547, 'noise_stn_sigma': 2.663275458860514, 'noise_gpe_sigma': 104.78193722085227, 'noise_gpi_sigma': 80.15560286782645, 'g_stn_gpe_mult': 3.3077345392598945, 'g_gpe_stn_mult': 0.1707992957694155, 'g_stn_gpi_mult': 2.5529552837041667, 'g_gpe_gpi_mult': 0.3184728239152853}. Best is trial 704 with value: 0.1271057673099251.
[I 2026-05-28 04:06:56,303] Trial 707 finished with value: 0.1310580870832016 and parameters: {'ISTN': 60.19025374324649, 'I_gpe': 1.1456161227252732, 'I_gpi': 1.996656828086118, 'noise_stn_sigma': 2.5223985863958016, 'noise_gpe_sigma': 105.9983087613856, 'noise_gpi_sigma': 81.3733715233675, 'g_stn_gpe_mult': 3.3092000222203803, 'g_gpe_stn_mult': 0.1775096358435711, 'g_stn_gpi_mult': 2.567072975906733, 'g_gpe_gpi_mult': 0.3026001836220447}. Best is trial 704 with value: 0.1271057673099251.
[I 2026-05-28 04:06:57,308] Trial 708 finished with value: 0.1366481483504737 and parameters: {'ISTN': 60.517875091120146, 'I_gpe': 1.2306415220591944, 'I_gpi': 1.987874532931077, 'noise_stn_sigma': 2.5082786667123003, 'noise_gpe_sigma': 106.51122697996507, 'noise_gpi_sigma': 83.29291675512602, 'g_stn_gpe_mult': 3.297360070984022, 'g_gpe_stn_mult': 0.17402355734184483, 'g_stn_gpi_mult': 2.566250594202394, 'g_gpe_gpi_mult': 0.31950722434023854}. Best is trial 704 with value: 0.1271057673099251.
[I 2026-05-28 04:06:58,313] Trial 709 finished with value: 0.1294302030158785 and parameters: {'ISTN': 60.077559947614446, 'I_gpe': 1.1556635875070123, 'I_gpi': 1.9927084630574232, 'noise_stn_sigma': 2.4849996726203436, 'noise_gpe_sigma': 105.03620470107556, 'noise_gpi_sigma': 81.46320771804685, 'g_stn_gpe_mult': 3.251026081836541, 'g_gpe_stn_mult': 0.17733410111652195, 'g_stn_gpi_mult': 2.62152875470674, 'g_gpe_gpi_mult': 0.30837644180483414}. Best is trial 704 with value: 0.1271057673099251.
[I 2026-05-28 04:06:59,318] Trial 710 finished with value: 0.13142296911968782 and parameters: {'ISTN': 60.31750961889388, 'I_gpe': 1.1592332821042446, 'I_gpi': 1.9789813804195666, 'noise_stn_sigma': 2.536175587948877, 'noise_gpe_sigma': 105.92608410408062, 'noise_gpi_sigma': 81.1608977631033, 'g_stn_gpe_mult': 3.25789991535247, 'g_gpe_stn_mult': 0.1786346289303099, 'g_stn_gpi_mult': 2.5810987777675933, 'g_gpe_gpi_mult': 0.3268333032542572}. Best is trial 704 with value: 0.1271057673099251.
[I 2026-05-28 04:07:00,323] Trial 711 finished with value: 0.13137321500580015 and parameters: {'ISTN': 60.429745939404626, 'I_gpe': 1.1654905719772453, 'I_gpi': 2.0112628407467414, 'noise_stn_sigma': 2.586479030043674, 'noise_gpe_sigma': 104.70099185131973, 'noise_gpi_sigma': 81.2688700167099, 'g_stn_gpe_mult': 3.2719162463011964, 'g_gpe_stn_mult': 0.1734489508411927, 'g_stn_gpi_mult': 2.620691271963656, 'g_gpe_gpi_mult': 0.3055621257074823}. Best is trial 704 with value: 0.1271057673099251.
[I 2026-05-28 04:07:01,328] Trial 712 finished with value: 0.13669609428788573 and parameters: {'ISTN': 60.4122538250009, 'I_gpe': 1.1624699608214306, 'I_gpi': 2.030494735720806, 'noise_stn_sigma': 2.5508057233845056, 'noise_gpe_sigma': 103.97545910705166, 'noise_gpi_sigma': 81.59982821568327, 'g_stn_gpe_mult': 3.3001936507199665, 'g_gpe_stn_mult': 0.1789204435554358, 'g_stn_gpi_mult': 2.622800056779797, 'g_gpe_gpi_mult': 0.317169674672733}. Best is trial 704 with value: 0.1271057673099251.
[I 2026-05-28 04:07:02,333] Trial 713 finished with value: 0.1370347954638749 and parameters: {'ISTN': 60.194072885442175, 'I_gpe': 1.1394630897033624, 'I_gpi': 1.9869411682241593, 'noise_stn_sigma': 2.4998616583728213, 'noise_gpe_sigma': 106.35806022096112, 'noise_gpi_sigma': 82.18099736226586, 'g_stn_gpe_mult': 3.3043243354850667, 'g_gpe_stn_mult': 0.18503653997042105, 'g_stn_gpi_mult': 2.5827902857533656, 'g_gpe_gpi_mult': 0.3040081125878444}. Best is trial 704 with value: 0.1271057673099251.
[I 2026-05-28 04:07:03,338] Trial 714 finished with value: 0.35555153396036265 and parameters: {'ISTN': 60.00967824009709, 'I_gpe': 1.1642295892490329, 'I_gpi': 1.9808287966731124, 'noise_stn_sigma': 2.5092836517441865, 'noise_gpe_sigma': 105.62341366897584, 'noise_gpi_sigma': 80.82693211940116, 'g_stn_gpe_mult': 3.2483102696690436, 'g_gpe_stn_mult': 0.174982644672927, 'g_stn_gpi_mult': 2.6152252012401243, 'g_gpe_gpi_mult': 0.30886126941925685}. Best is trial 704 with value: 0.1271057673099251.
[I 2026-05-28 04:07:04,343] Trial 715 finished with value: 0.13008952855592262 and parameters: {'ISTN': 60.071939273342934, 'I_gpe': 1.1422067169345511, 'I_gpi': 1.9866689820290753, 'noise_stn_sigma': 2.401261890122309, 'noise_gpe_sigma': 104.33390012123331, 'noise_gpi_sigma': 82.15184208021817, 'g_stn_gpe_mult': 3.2418115827253726, 'g_gpe_stn_mult': 0.17880489002972857, 'g_stn_gpi_mult': 2.5340330357637333, 'g_gpe_gpi_mult': 0.30491688122818034}. Best is trial 704 with value: 0.1271057673099251.
[I 2026-05-28 04:07:05,346] Trial 716 finished with value: 0.1668442142866309 and parameters: {'ISTN': 60.409555598720104, 'I_gpe': 1.1678484625501258, 'I_gpi': 2.0303640299762016, 'noise_stn_sigma': 2.5945323580527133, 'noise_gpe_sigma': 104.75378426956651, 'noise_gpi_sigma': 81.20973359092116, 'g_stn_gpe_mult': 3.2508450462535654, 'g_gpe_stn_mult': 0.17154593607137253, 'g_stn_gpi_mult': 2.5709283222255506, 'g_gpe_gpi_mult': 0.3211643510376426}. Best is trial 704 with value: 0.1271057673099251.
[I 2026-05-28 04:07:06,349] Trial 717 finished with value: 0.1307134571431018 and parameters: {'ISTN': 60.235318056403855, 'I_gpe': 1.1775199907887517, 'I_gpi': 2.0588880107221392, 'noise_stn_sigma': 2.609663311236213, 'noise_gpe_sigma': 103.61393898530874, 'noise_gpi_sigma': 80.82728158765454, 'g_stn_gpe_mult': 3.302029889509221, 'g_gpe_stn_mult': 0.17400083298712898, 'g_stn_gpi_mult': 2.577294450298343, 'g_gpe_gpi_mult': 0.32088755704563143}. Best is trial 704 with value: 0.1271057673099251.
[I 2026-05-28 04:07:07,356] Trial 718 finished with value: 0.13153890538392202 and parameters: {'ISTN': 60.21774423801687, 'I_gpe': 1.151186279820845, 'I_gpi': 1.9783848923992133, 'noise_stn_sigma': 2.6134831270722465, 'noise_gpe_sigma': 104.08721968990203, 'noise_gpi_sigma': 80.98441426998392, 'g_stn_gpe_mult': 3.2597042142393144, 'g_gpe_stn_mult': 0.17592748554121818, 'g_stn_gpi_mult': 2.5936072627370796, 'g_gpe_gpi_mult': 0.3217573917614257}. Best is trial 704 with value: 0.1271057673099251.
[I 2026-05-28 04:07:08,362] Trial 719 finished with value: 0.13759646338229797 and parameters: {'ISTN': 60.67838049978683, 'I_gpe': 1.1443597514008266, 'I_gpi': 1.9804898731125617, 'noise_stn_sigma': 2.5287695743858265, 'noise_gpe_sigma': 104.63494477110068, 'noise_gpi_sigma': 78.342493232113, 'g_stn_gpe_mult': 3.282410993080602, 'g_gpe_stn_mult': 0.17091566835187294, 'g_stn_gpi_mult': 2.6317276877472047, 'g_gpe_gpi_mult': 0.309886578423817}. Best is trial 704 with value: 0.1271057673099251.
[I 2026-05-28 04:07:09,366] Trial 720 finished with value: 0.13155160733799764 and parameters: {'ISTN': 60.011021613020674, 'I_gpe': 1.1515174827114862, 'I_gpi': 2.0315651141925564, 'noise_stn_sigma': 2.536605856937361, 'noise_gpe_sigma': 104.55240683232569, 'noise_gpi_sigma': 80.93848742325015, 'g_stn_gpe_mult': 3.3065581039818897, 'g_gpe_stn_mult': 0.17818265583413712, 'g_stn_gpi_mult': 2.585181138987509, 'g_gpe_gpi_mult': 0.29849342159896985}. Best is trial 704 with value: 0.1271057673099251.
[I 2026-05-28 04:07:10,373] Trial 721 finished with value: 0.13348930841778361 and parameters: {'ISTN': 60.214037076952195, 'I_gpe': 1.155025082955331, 'I_gpi': 1.9678536388119805, 'noise_stn_sigma': 2.4871091802682836, 'noise_gpe_sigma': 104.64861088553174, 'noise_gpi_sigma': 82.03026376290384, 'g_stn_gpe_mult': 3.3070235181544483, 'g_gpe_stn_mult': 0.17584380284446016, 'g_stn_gpi_mult': 2.606062516658234, 'g_gpe_gpi_mult': 0.3222391387256602}. Best is trial 704 with value: 0.1271057673099251.
[I 2026-05-28 04:07:11,381] Trial 722 finished with value: 0.13280928107004525 and parameters: {'ISTN': 60.54315881875456, 'I_gpe': 1.1644092867559408, 'I_gpi': 1.9989105086576657, 'noise_stn_sigma': 2.6126461604996574, 'noise_gpe_sigma': 104.7037329999303, 'noise_gpi_sigma': 80.67938574227364, 'g_stn_gpe_mult': 3.306873452283755, 'g_gpe_stn_mult': 0.17216147043123303, 'g_stn_gpi_mult': 2.6137853201911874, 'g_gpe_gpi_mult': 0.3234404029315644}. Best is trial 704 with value: 0.1271057673099251.
[I 2026-05-28 04:07:12,385] Trial 723 finished with value: 0.13476845652238997 and parameters: {'ISTN': 60.15655615702195, 'I_gpe': 1.2049900423449447, 'I_gpi': 2.0264338595296496, 'noise_stn_sigma': 2.5477613533369645, 'noise_gpe_sigma': 104.75022974694397, 'noise_gpi_sigma': 82.028987263544, 'g_stn_gpe_mult': 3.2462410098107135, 'g_gpe_stn_mult': 0.17306374968932742, 'g_stn_gpi_mult': 2.5995104077196736, 'g_gpe_gpi_mult': 0.3175710918441417}. Best is trial 704 with value: 0.1271057673099251.
[I 2026-05-28 04:07:13,388] Trial 724 finished with value: 0.139551534670109 and parameters: {'ISTN': 60.265505499863224, 'I_gpe': 1.130236337386785, 'I_gpi': 1.9613210441002837, 'noise_stn_sigma': 2.4576418181194013, 'noise_gpe_sigma': 103.80033379870923, 'noise_gpi_sigma': 79.10935476481512, 'g_stn_gpe_mult': 3.2920173165488817, 'g_gpe_stn_mult': 0.1798632239682317, 'g_stn_gpi_mult': 2.566415219727041, 'g_gpe_gpi_mult': 0.3108291297711729}. Best is trial 704 with value: 0.1271057673099251.
[I 2026-05-28 04:07:14,394] Trial 725 finished with value: 0.13829493093488568 and parameters: {'ISTN': 60.11728398439042, 'I_gpe': 1.0969599378075778, 'I_gpi': 2.063797900350746, 'noise_stn_sigma': 2.553917316775939, 'noise_gpe_sigma': 103.96686557909923, 'noise_gpi_sigma': 79.72982128131855, 'g_stn_gpe_mult': 3.3045016262814304, 'g_gpe_stn_mult': 0.17789163701062471, 'g_stn_gpi_mult': 2.574695994635696, 'g_gpe_gpi_mult': 0.32212998527546055}. Best is trial 704 with value: 0.1271057673099251.
[I 2026-05-28 04:07:15,400] Trial 726 finished with value: 0.13956522924592327 and parameters: {'ISTN': 60.67256409918797, 'I_gpe': 1.1521716883068809, 'I_gpi': 2.0020231264418054, 'noise_stn_sigma': 2.5056365966092757, 'noise_gpe_sigma': 103.97612919593894, 'noise_gpi_sigma': 81.99113213391284, 'g_stn_gpe_mult': 3.275989859226873, 'g_gpe_stn_mult': 0.17672056679435366, 'g_stn_gpi_mult': 2.527321773459536, 'g_gpe_gpi_mult': 0.2940491464811883}. Best is trial 704 with value: 0.1271057673099251.
[I 2026-05-28 04:07:16,406] Trial 727 finished with value: 0.12870270798311062 and parameters: {'ISTN': 60.2412223053098, 'I_gpe': 1.1722285822750806, 'I_gpi': 2.0157643093813187, 'noise_stn_sigma': 2.488576859398196, 'noise_gpe_sigma': 105.53776585608817, 'noise_gpi_sigma': 82.43956790726392, 'g_stn_gpe_mult': 3.308014477195269, 'g_gpe_stn_mult': 0.17220603294060355, 'g_stn_gpi_mult': 2.581710183128666, 'g_gpe_gpi_mult': 0.30458122992997805}. Best is trial 704 with value: 0.1271057673099251.
[I 2026-05-28 04:07:17,411] Trial 728 finished with value: 0.23280944132543407 and parameters: {'ISTN': 60.1390264525215, 'I_gpe': 1.1615476332673353, 'I_gpi': 2.05358491910557, 'noise_stn_sigma': 2.6145365058144483, 'noise_gpe_sigma': 104.21387157323421, 'noise_gpi_sigma': 81.19159551165625, 'g_stn_gpe_mult': 3.270949398190369, 'g_gpe_stn_mult': 0.17421726520296943, 'g_stn_gpi_mult': 2.546622041706681, 'g_gpe_gpi_mult': 0.3151777718170877}. Best is trial 704 with value: 0.1271057673099251.
[I 2026-05-28 04:07:18,417] Trial 729 finished with value: 0.1312458718935375 and parameters: {'ISTN': 60.56836744723865, 'I_gpe': 1.171423218753875, 'I_gpi': 2.003343817899389, 'noise_stn_sigma': 2.5693223128562126, 'noise_gpe_sigma': 103.78212738526759, 'noise_gpi_sigma': 82.27895777317322, 'g_stn_gpe_mult': 3.2381893046961547, 'g_gpe_stn_mult': 0.17102422538496354, 'g_stn_gpi_mult': 2.5814728661686823, 'g_gpe_gpi_mult': 0.32688284713099003}. Best is trial 704 with value: 0.1271057673099251.
[I 2026-05-28 04:07:19,422] Trial 730 finished with value: 0.15533891170475717 and parameters: {'ISTN': 60.23683319536421, 'I_gpe': 1.1720741733893942, 'I_gpi': 2.0276725451780697, 'noise_stn_sigma': 2.548921869758656, 'noise_gpe_sigma': 103.35175328325903, 'noise_gpi_sigma': 81.27784830204142, 'g_stn_gpe_mult': 3.2210339763758222, 'g_gpe_stn_mult': 0.17214215862921084, 'g_stn_gpi_mult': 2.5687810070706445, 'g_gpe_gpi_mult': 0.32598319741198256}. Best is trial 704 with value: 0.1271057673099251.
[I 2026-05-28 04:07:20,426] Trial 731 finished with value: 0.13209585566286086 and parameters: {'ISTN': 60.19624031209455, 'I_gpe': 1.2092009710673235, 'I_gpi': 2.058204797348341, 'noise_stn_sigma': 2.5683609729640433, 'noise_gpe_sigma': 104.99403421071898, 'noise_gpi_sigma': 82.65015545352378, 'g_stn_gpe_mult': 3.2526591996487504, 'g_gpe_stn_mult': 0.17249152231454168, 'g_stn_gpi_mult': 2.6062747117341467, 'g_gpe_gpi_mult': 0.31739056995843623}. Best is trial 704 with value: 0.1271057673099251.
[I 2026-05-28 04:07:21,429] Trial 732 finished with value: 0.13112890675639594 and parameters: {'ISTN': 60.56690900638673, 'I_gpe': 1.1617865284093858, 'I_gpi': 2.0232581676087027, 'noise_stn_sigma': 2.5352516916337677, 'noise_gpe_sigma': 105.8634402782621, 'noise_gpi_sigma': 84.09856771837879, 'g_stn_gpe_mult': 3.382328505517004, 'g_gpe_stn_mult': 0.17328452454342752, 'g_stn_gpi_mult': 2.5553600671730323, 'g_gpe_gpi_mult': 0.32818214944083407}. Best is trial 704 with value: 0.1271057673099251.
[I 2026-05-28 04:07:22,433] Trial 733 finished with value: 0.13673997900015436 and parameters: {'ISTN': 60.5842926214413, 'I_gpe': 1.2057122920701109, 'I_gpi': 2.0413930991030385, 'noise_stn_sigma': 2.524920146701027, 'noise_gpe_sigma': 104.12708956179765, 'noise_gpi_sigma': 81.14539844888083, 'g_stn_gpe_mult': 3.3084109215595694, 'g_gpe_stn_mult': 0.17264376624742941, 'g_stn_gpi_mult': 2.6237373311653496, 'g_gpe_gpi_mult': 0.31366174445436457}. Best is trial 704 with value: 0.1271057673099251.
[I 2026-05-28 04:07:23,437] Trial 734 finished with value: 0.12881814925001658 and parameters: {'ISTN': 60.34874400761425, 'I_gpe': 1.1724771170212254, 'I_gpi': 2.012596393456437, 'noise_stn_sigma': 2.5884771825300623, 'noise_gpe_sigma': 105.03886435069738, 'noise_gpi_sigma': 83.2503684789029, 'g_stn_gpe_mult': 3.319848200788106, 'g_gpe_stn_mult': 0.17558236425011892, 'g_stn_gpi_mult': 2.5696041400750227, 'g_gpe_gpi_mult': 0.33960502333049847}. Best is trial 704 with value: 0.1271057673099251.
[I 2026-05-28 04:07:24,441] Trial 735 finished with value: 0.2262486447881182 and parameters: {'ISTN': 60.465457424151886, 'I_gpe': 1.1512561457559845, 'I_gpi': 1.9942258989823447, 'noise_stn_sigma': 2.5897154590301827, 'noise_gpe_sigma': 104.88012322162051, 'noise_gpi_sigma': 82.39371648003355, 'g_stn_gpe_mult': 3.284235171246842, 'g_gpe_stn_mult': 0.16917577263764944, 'g_stn_gpi_mult': 2.586726952160902, 'g_gpe_gpi_mult': 0.33217978858488184}. Best is trial 704 with value: 0.1271057673099251.
[I 2026-05-28 04:07:25,446] Trial 736 finished with value: 0.1309769819757124 and parameters: {'ISTN': 60.59662961909814, 'I_gpe': 1.1468975001946036, 'I_gpi': 1.9856587945362105, 'noise_stn_sigma': 2.468042285050238, 'noise_gpe_sigma': 105.37183075180484, 'noise_gpi_sigma': 81.61905268789741, 'g_stn_gpe_mult': 3.283625043292494, 'g_gpe_stn_mult': 0.17038187984436953, 'g_stn_gpi_mult': 2.579091301554681, 'g_gpe_gpi_mult': 0.3176207201899256}. Best is trial 704 with value: 0.1271057673099251.
[I 2026-05-28 04:07:26,451] Trial 737 finished with value: 0.30953076375087146 and parameters: {'ISTN': 60.02847766748254, 'I_gpe': 1.1813662249704076, 'I_gpi': 2.0077991909549757, 'noise_stn_sigma': 2.485852896853019, 'noise_gpe_sigma': 104.29826100336435, 'noise_gpi_sigma': 82.59059159854718, 'g_stn_gpe_mult': 3.2350449684111684, 'g_gpe_stn_mult': 0.17159067278790735, 'g_stn_gpi_mult': 2.6388573540864284, 'g_gpe_gpi_mult': 0.3094704357505519}. Best is trial 704 with value: 0.1271057673099251.
[I 2026-05-28 04:07:27,457] Trial 738 finished with value: 0.1479798569989228 and parameters: {'ISTN': 60.45146694372337, 'I_gpe': 1.1670873559801185, 'I_gpi': 2.011347575494458, 'noise_stn_sigma': 2.533308536642143, 'noise_gpe_sigma': 105.03564657777659, 'noise_gpi_sigma': 82.11709383935724, 'g_stn_gpe_mult': 3.2644457689710684, 'g_gpe_stn_mult': 0.1704962044534376, 'g_stn_gpi_mult': 2.6048321381723656, 'g_gpe_gpi_mult': 0.3063203668041806}. Best is trial 704 with value: 0.1271057673099251.
[I 2026-05-28 04:07:28,464] Trial 739 finished with value: 0.13079070073538476 and parameters: {'ISTN': 60.428381913273405, 'I_gpe': 1.128333216358438, 'I_gpi': 2.0103473216151775, 'noise_stn_sigma': 2.5477918298368545, 'noise_gpe_sigma': 104.32357918253204, 'noise_gpi_sigma': 80.8600546885085, 'g_stn_gpe_mult': 3.3528185308587375, 'g_gpe_stn_mult': 0.17165954721994858, 'g_stn_gpi_mult': 2.586200451507706, 'g_gpe_gpi_mult': 0.32887509922647284}. Best is trial 704 with value: 0.1271057673099251.
[I 2026-05-28 04:07:29,471] Trial 740 finished with value: 0.13311565306566459 and parameters: {'ISTN': 60.459079792238576, 'I_gpe': 1.1360009972426788, 'I_gpi': 1.9700688510058764, 'noise_stn_sigma': 2.5775197673870585, 'noise_gpe_sigma': 105.19917722198942, 'noise_gpi_sigma': 80.72508310198396, 'g_stn_gpe_mult': 3.3025714884104542, 'g_gpe_stn_mult': 0.1749628899244084, 'g_stn_gpi_mult': 2.5928812878049, 'g_gpe_gpi_mult': 0.3175950382619183}. Best is trial 704 with value: 0.1271057673099251.
[I 2026-05-28 04:07:30,476] Trial 741 finished with value: 0.13401897385120887 and parameters: {'ISTN': 60.655898147953536, 'I_gpe': 1.1832814355459158, 'I_gpi': 2.0296983468477157, 'noise_stn_sigma': 2.5784928040243473, 'noise_gpe_sigma': 104.87911404374668, 'noise_gpi_sigma': 83.033894281457, 'g_stn_gpe_mult': 3.350812078212567, 'g_gpe_stn_mult': 0.17134448403522173, 'g_stn_gpi_mult': 2.5754383430604744, 'g_gpe_gpi_mult': 0.3408589600640748}. Best is trial 704 with value: 0.1271057673099251.
[I 2026-05-28 04:07:31,484] Trial 742 finished with value: 0.13279103364629127 and parameters: {'ISTN': 60.56011620664424, 'I_gpe': 1.152899339357288, 'I_gpi': 2.0017376302394574, 'noise_stn_sigma': 2.58909864613998, 'noise_gpe_sigma': 106.33012821141396, 'noise_gpi_sigma': 82.94408987109496, 'g_stn_gpe_mult': 3.350588253242558, 'g_gpe_stn_mult': 0.17166507001127862, 'g_stn_gpi_mult': 2.5683637545929074, 'g_gpe_gpi_mult': 0.3229562161599109}. Best is trial 704 with value: 0.1271057673099251.
[I 2026-05-28 04:07:32,491] Trial 743 finished with value: 0.1361028856056143 and parameters: {'ISTN': 60.14102381066382, 'I_gpe': 1.1592079626231357, 'I_gpi': 1.992739931210493, 'noise_stn_sigma': 2.5396031908293955, 'noise_gpe_sigma': 104.83371155182688, 'noise_gpi_sigma': 80.6688488107758, 'g_stn_gpe_mult': 3.326425635549982, 'g_gpe_stn_mult': 0.1855002888815856, 'g_stn_gpi_mult': 2.59020050335333, 'g_gpe_gpi_mult': 0.3302454414303539}. Best is trial 704 with value: 0.1271057673099251.
[I 2026-05-28 04:07:33,499] Trial 744 finished with value: 0.1413580375401294 and parameters: {'ISTN': 61.16218552697943, 'I_gpe': 1.1631622176296528, 'I_gpi': 2.01668047895366, 'noise_stn_sigma': 2.4780681268350757, 'noise_gpe_sigma': 106.63665327719977, 'noise_gpi_sigma': 84.91645243986189, 'g_stn_gpe_mult': 3.336277318518472, 'g_gpe_stn_mult': 0.16888394474127982, 'g_stn_gpi_mult': 2.5646612026456794, 'g_gpe_gpi_mult': 0.32861862605738607}. Best is trial 704 with value: 0.1271057673099251.
[I 2026-05-28 04:07:34,506] Trial 745 finished with value: 0.1371251230064538 and parameters: {'ISTN': 60.646159093398005, 'I_gpe': 1.1881505111397104, 'I_gpi': 2.0438547525276154, 'noise_stn_sigma': 2.5589343236250177, 'noise_gpe_sigma': 105.51458922149126, 'noise_gpi_sigma': 82.51341669308536, 'g_stn_gpe_mult': 3.28567434413469, 'g_gpe_stn_mult': 0.1716668147929785, 'g_stn_gpi_mult': 2.5907484356380306, 'g_gpe_gpi_mult': 0.33184164833971685}. Best is trial 704 with value: 0.1271057673099251.
[I 2026-05-28 04:07:35,511] Trial 746 finished with value: 0.13573118116172928 and parameters: {'ISTN': 60.44269712729917, 'I_gpe': 1.2098755097620668, 'I_gpi': 1.999150176614357, 'noise_stn_sigma': 2.596368669033413, 'noise_gpe_sigma': 106.19060032485964, 'noise_gpi_sigma': 82.64071733679799, 'g_stn_gpe_mult': 3.300730151633102, 'g_gpe_stn_mult': 0.16686291935753575, 'g_stn_gpi_mult': 2.607193925869958, 'g_gpe_gpi_mult': 0.32935251396784027}. Best is trial 704 with value: 0.1271057673099251.
[I 2026-05-28 04:07:36,516] Trial 747 finished with value: 0.13362968490836202 and parameters: {'ISTN': 60.64795621018065, 'I_gpe': 1.1431692809042389, 'I_gpi': 1.990459501398084, 'noise_stn_sigma': 2.529497999724574, 'noise_gpe_sigma': 105.55220499611231, 'noise_gpi_sigma': 82.69752495412877, 'g_stn_gpe_mult': 3.316895687304533, 'g_gpe_stn_mult': 0.172502046048856, 'g_stn_gpi_mult': 2.5653166342909257, 'g_gpe_gpi_mult': 0.32656120655976906}. Best is trial 704 with value: 0.1271057673099251.
