[I 2026-05-28 03:58:47,120] Trial 220 finished with value: 10.29348162218888 and parameters: {'ISTN': 69.51129221543694, 'I_gpe': 1.3048715830447288, 'I_gpi': 2.613733530647383, 'noise_stn_sigma': 2.1737818502562294, 'noise_gpe_sigma': 90.83648878330543, 'noise_gpi_sigma': 88.77033971943213, 'g_stn_gpe_mult': 3.4823719972163723, 'g_gpe_stn_mult': 0.2509957983016674, 'g_stn_gpi_mult': 2.28253218475529, 'g_gpe_gpi_mult': 0.364263754013588}. Best is trial 202 with value: 0.18244467749573848.
[I 2026-05-28 03:58:48,126] Trial 221 finished with value: 0.17447540274561643 and parameters: {'ISTN': 60.50746071619061, 'I_gpe': 1.2349876742160568, 'I_gpi': 2.179890365178197, 'noise_stn_sigma': 2.742252125879962, 'noise_gpe_sigma': 83.8052980539691, 'noise_gpi_sigma': 77.4634780146742, 'g_stn_gpe_mult': 3.2096434237713285, 'g_gpe_stn_mult': 0.21469754400299312, 'g_stn_gpi_mult': 2.181587553859731, 'g_gpe_gpi_mult': 0.49470162534167056}. Best is trial 221 with value: 0.17447540274561643.
[I 2026-05-28 03:58:49,132] Trial 222 finished with value: 9.535052649203507 and parameters: {'ISTN': 71.90107849875815, 'I_gpe': 0.6392970555660108, 'I_gpi': 1.6981369167770577, 'noise_stn_sigma': 2.9365118363904625, 'noise_gpe_sigma': 71.04922145381775, 'noise_gpi_sigma': 106.18828995898383, 'g_stn_gpe_mult': 3.3009666657573553, 'g_gpe_stn_mult': 0.2594640846828086, 'g_stn_gpi_mult': 2.145901841520662, 'g_gpe_gpi_mult': 0.4251835960075684}. Best is trial 221 with value: 0.17447540274561643.
[I 2026-05-28 03:58:50,138] Trial 223 finished with value: 0.2051318958783927 and parameters: {'ISTN': 61.41834050941854, 'I_gpe': 1.5582392434473886, 'I_gpi': 1.8885096891562867, 'noise_stn_sigma': 2.483249282202112, 'noise_gpe_sigma': 92.37594149565692, 'noise_gpi_sigma': 90.05944050108175, 'g_stn_gpe_mult': 3.181540240750248, 'g_gpe_stn_mult': 0.1921000152863082, 'g_stn_gpi_mult': 2.5376638618958136, 'g_gpe_gpi_mult': 0.3650585803654452}. Best is trial 221 with value: 0.17447540274561643.
[I 2026-05-28 03:58:51,143] Trial 224 finished with value: 2.1219658433967505 and parameters: {'ISTN': 66.76203765315563, 'I_gpe': 1.3839701690817203, 'I_gpi': 2.5572041058032706, 'noise_stn_sigma': 2.424472850163937, 'noise_gpe_sigma': 86.8359367073371, 'noise_gpi_sigma': 88.93595409625333, 'g_stn_gpe_mult': 3.2068044659857904, 'g_gpe_stn_mult': 0.19283640255509227, 'g_stn_gpi_mult': 1.5940790872077477, 'g_gpe_gpi_mult': 0.3622382353516736}. Best is trial 221 with value: 0.17447540274561643.
[I 2026-05-28 03:58:52,146] Trial 225 finished with value: 2.682855524655376 and parameters: {'ISTN': 63.272318349632954, 'I_gpe': 1.1994923456264563, 'I_gpi': 2.1032607534163827, 'noise_stn_sigma': 3.7171140330194916, 'noise_gpe_sigma': 85.06787984933798, 'noise_gpi_sigma': 75.08186792219688, 'g_stn_gpe_mult': 3.4514561233695713, 'g_gpe_stn_mult': 0.2439830200326315, 'g_stn_gpi_mult': 2.0671047558753797, 'g_gpe_gpi_mult': 0.5065515785214902}. Best is trial 221 with value: 0.17447540274561643.
[I 2026-05-28 03:58:53,153] Trial 226 finished with value: 0.3286234658873818 and parameters: {'ISTN': 63.452633654960756, 'I_gpe': 0.7374384307344998, 'I_gpi': 2.033413042900153, 'noise_stn_sigma': 3.169251934889644, 'noise_gpe_sigma': 91.68764630182227, 'noise_gpi_sigma': 82.364410772123, 'g_stn_gpe_mult': 3.354672732216077, 'g_gpe_stn_mult': 0.12025080229830826, 'g_stn_gpi_mult': 2.231785630994764, 'g_gpe_gpi_mult': 0.4565995619562384}. Best is trial 221 with value: 0.17447540274561643.
[I 2026-05-28 03:58:54,158] Trial 227 finished with value: 0.48654780485193266 and parameters: {'ISTN': 61.704478701073036, 'I_gpe': 1.2044308675108628, 'I_gpi': 2.3032491593883995, 'noise_stn_sigma': 2.7002209765351326, 'noise_gpe_sigma': 76.48472273124167, 'noise_gpi_sigma': 71.4357071404085, 'g_stn_gpe_mult': 3.8398136771022857, 'g_gpe_stn_mult': 0.18718645918583127, 'g_stn_gpi_mult': 2.1926424092475, 'g_gpe_gpi_mult': 0.40384077632223664}. Best is trial 221 with value: 0.17447540274561643.
[I 2026-05-28 03:58:55,163] Trial 228 finished with value: 0.252895444140074 and parameters: {'ISTN': 63.323582701245186, 'I_gpe': 0.8555951341136896, 'I_gpi': 1.6747891808093889, 'noise_stn_sigma': 3.065684007687021, 'noise_gpe_sigma': 99.14858336353745, 'noise_gpi_sigma': 84.58920617527112, 'g_stn_gpe_mult': 3.812346549782648, 'g_gpe_stn_mult': 0.15630003035457135, 'g_stn_gpi_mult': 2.171380697535014, 'g_gpe_gpi_mult': 0.47331585975899937}. Best is trial 221 with value: 0.17447540274561643.
[I 2026-05-28 03:58:56,168] Trial 229 finished with value: 0.17071391275313025 and parameters: {'ISTN': 62.781632853200435, 'I_gpe': 1.1625489159381703, 'I_gpi': 2.194519481744478, 'noise_stn_sigma': 2.436631254082241, 'noise_gpe_sigma': 94.89924836491161, 'noise_gpi_sigma': 91.13621948774987, 'g_stn_gpe_mult': 3.1862104665220183, 'g_gpe_stn_mult': 0.15691094620140666, 'g_stn_gpi_mult': 2.005546981751778, 'g_gpe_gpi_mult': 0.2940968885605867}. Best is trial 229 with value: 0.17071391275313025.
[I 2026-05-28 03:58:57,175] Trial 230 finished with value: 1.489908225711177 and parameters: {'ISTN': 65.51390325661757, 'I_gpe': 1.2753058078905428, 'I_gpi': 1.7223524649218818, 'noise_stn_sigma': 3.093371556709566, 'noise_gpe_sigma': 96.73847525016716, 'noise_gpi_sigma': 91.90605292412818, 'g_stn_gpe_mult': 3.6072447308125493, 'g_gpe_stn_mult': 0.1884442602140155, 'g_stn_gpi_mult': 2.633853373555424, 'g_gpe_gpi_mult': 0.593126045045888}. Best is trial 229 with value: 0.17071391275313025.
[I 2026-05-28 03:58:58,183] Trial 231 finished with value: 0.21525846483437863 and parameters: {'ISTN': 64.25241297387527, 'I_gpe': 1.2531157222384675, 'I_gpi': 1.7310009528787922, 'noise_stn_sigma': 2.683283718544538, 'noise_gpe_sigma': 100.92431631709691, 'noise_gpi_sigma': 91.90824698054341, 'g_stn_gpe_mult': 3.005778297438776, 'g_gpe_stn_mult': 0.13432151217292151, 'g_stn_gpi_mult': 2.3397626094416353, 'g_gpe_gpi_mult': 0.29128028209522405}. Best is trial 229 with value: 0.17071391275313025.
[I 2026-05-28 03:58:59,185] Trial 232 finished with value: 0.22554385158304416 and parameters: {'ISTN': 63.34715066335813, 'I_gpe': 1.3499966768316756, 'I_gpi': 1.7024141421617143, 'noise_stn_sigma': 2.4808512158339013, 'noise_gpe_sigma': 84.25373750144665, 'noise_gpi_sigma': 86.99752919662988, 'g_stn_gpe_mult': 3.521714967536087, 'g_gpe_stn_mult': 0.12955642710896997, 'g_stn_gpi_mult': 2.4549705358922527, 'g_gpe_gpi_mult': 0.3865795610721937}. Best is trial 229 with value: 0.17071391275313025.
[I 2026-05-28 03:59:00,188] Trial 233 finished with value: 5.536030136450928 and parameters: {'ISTN': 67.2966637283745, 'I_gpe': 1.348454611070399, 'I_gpi': 2.2535844461500383, 'noise_stn_sigma': 3.5026187930419885, 'noise_gpe_sigma': 89.46986735712883, 'noise_gpi_sigma': 92.79110789601435, 'g_stn_gpe_mult': 3.056804072920692, 'g_gpe_stn_mult': 0.23650539113383678, 'g_stn_gpi_mult': 2.1947552353023205, 'g_gpe_gpi_mult': 0.3569477971491699}. Best is trial 229 with value: 0.17071391275313025.
[I 2026-05-28 03:59:01,191] Trial 234 finished with value: 0.24836128594085516 and parameters: {'ISTN': 62.13614748940611, 'I_gpe': 1.351806471174253, 'I_gpi': 1.6550343758281452, 'noise_stn_sigma': 3.2849157247393284, 'noise_gpe_sigma': 89.91478976548557, 'noise_gpi_sigma': 80.99873506647235, 'g_stn_gpe_mult': 3.5717803260156726, 'g_gpe_stn_mult': 0.1906715162870895, 'g_stn_gpi_mult': 2.2007474578959716, 'g_gpe_gpi_mult': 0.23576077677404045}. Best is trial 229 with value: 0.17071391275313025.
[I 2026-05-28 03:59:02,197] Trial 235 finished with value: 0.2892616981589217 and parameters: {'ISTN': 62.564078131732224, 'I_gpe': 0.9180664131544107, 'I_gpi': 2.5510439845367405, 'noise_stn_sigma': 3.5549339560780053, 'noise_gpe_sigma': 94.94400894741976, 'noise_gpi_sigma': 73.96011284424226, 'g_stn_gpe_mult': 3.7758268238124866, 'g_gpe_stn_mult': 0.21092886444838665, 'g_stn_gpi_mult': 1.983648821925748, 'g_gpe_gpi_mult': 0.4283846662650123}. Best is trial 229 with value: 0.17071391275313025.
[I 2026-05-28 03:59:03,205] Trial 236 finished with value: 0.2202405670845954 and parameters: {'ISTN': 65.7418664593553, 'I_gpe': 1.3256744736360024, 'I_gpi': 2.0571099247361904, 'noise_stn_sigma': 2.299298780371184, 'noise_gpe_sigma': 94.04432451736989, 'noise_gpi_sigma': 81.54686476674324, 'g_stn_gpe_mult': 3.207441674360173, 'g_gpe_stn_mult': 0.1629883395097767, 'g_stn_gpi_mult': 2.480478358718695, 'g_gpe_gpi_mult': 0.34922192075783187}. Best is trial 229 with value: 0.17071391275313025.
[I 2026-05-28 03:59:04,210] Trial 237 finished with value: 15.03009982632285 and parameters: {'ISTN': 71.7294865402719, 'I_gpe': 1.130923868804521, 'I_gpi': 2.7373296264016473, 'noise_stn_sigma': 2.585131786400582, 'noise_gpe_sigma': 86.8618581869722, 'noise_gpi_sigma': 100.8010918484023, 'g_stn_gpe_mult': 3.3026663901088353, 'g_gpe_stn_mult': 0.26329093513573587, 'g_stn_gpi_mult': 2.0967236616442806, 'g_gpe_gpi_mult': 0.3628995854699201}. Best is trial 229 with value: 0.17071391275313025.
[I 2026-05-28 03:59:05,215] Trial 238 finished with value: 9.367217215807191 and parameters: {'ISTN': 72.80408708355351, 'I_gpe': 1.2907686587262959, 'I_gpi': 2.254891737707251, 'noise_stn_sigma': 3.2520891469939146, 'noise_gpe_sigma': 88.24728898401314, 'noise_gpi_sigma': 84.77696197278433, 'g_stn_gpe_mult': 3.5673707549801796, 'g_gpe_stn_mult': 0.1193646236788822, 'g_stn_gpi_mult': 1.821122773457997, 'g_gpe_gpi_mult': 0.3332650896255156}. Best is trial 229 with value: 0.17071391275313025.
[I 2026-05-28 03:59:06,221] Trial 239 finished with value: 0.6609982471092258 and parameters: {'ISTN': 63.489527211918016, 'I_gpe': 0.8323350794206404, 'I_gpi': 2.269477655163943, 'noise_stn_sigma': 2.5095039237655588, 'noise_gpe_sigma': 96.68992599907007, 'noise_gpi_sigma': 68.3572675673123, 'g_stn_gpe_mult': 3.3029758983563218, 'g_gpe_stn_mult': 0.10371697978996681, 'g_stn_gpi_mult': 2.3799223284838398, 'g_gpe_gpi_mult': 0.3798094633832988}. Best is trial 229 with value: 0.17071391275313025.
[I 2026-05-28 03:59:07,227] Trial 240 finished with value: 0.17824010704994458 and parameters: {'ISTN': 61.71788816381415, 'I_gpe': 1.2308297706066307, 'I_gpi': 1.7966758022160954, 'noise_stn_sigma': 2.9576693873887496, 'noise_gpe_sigma': 101.44011321890976, 'noise_gpi_sigma': 70.84103687396913, 'g_stn_gpe_mult': 3.34352049098843, 'g_gpe_stn_mult': 0.15305249441778263, 'g_stn_gpi_mult': 2.443429023147436, 'g_gpe_gpi_mult': 0.43200174822963544}. Best is trial 229 with value: 0.17071391275313025.
[I 2026-05-28 03:59:08,233] Trial 241 finished with value: 12.631514123105116 and parameters: {'ISTN': 70.73633634946636, 'I_gpe': 1.5192328171778433, 'I_gpi': 2.3278986329413183, 'noise_stn_sigma': 3.3327679569103896, 'noise_gpe_sigma': 96.88574417123233, 'noise_gpi_sigma': 94.13914647681781, 'g_stn_gpe_mult': 3.19288894308783, 'g_gpe_stn_mult': 0.22752894001911045, 'g_stn_gpi_mult': 2.2318926173237847, 'g_gpe_gpi_mult': 0.26865889442261887}. Best is trial 229 with value: 0.17071391275313025.
[I 2026-05-28 03:59:09,240] Trial 242 finished with value: 2.4573954391819255 and parameters: {'ISTN': 66.9098167707944, 'I_gpe': 1.3873327314472281, 'I_gpi': 1.8919580548674975, 'noise_stn_sigma': 2.7265270039790623, 'noise_gpe_sigma': 96.05127304746402, 'noise_gpi_sigma': 69.25879406171448, 'g_stn_gpe_mult': 3.285400536731489, 'g_gpe_stn_mult': 0.19381455048363472, 'g_stn_gpi_mult': 2.289400437242021, 'g_gpe_gpi_mult': 0.2516612290945577}. Best is trial 229 with value: 0.17071391275313025.
[I 2026-05-28 03:59:10,245] Trial 243 finished with value: 5.6211962338216654 and parameters: {'ISTN': 72.33465011258981, 'I_gpe': 1.7766549428391132, 'I_gpi': 1.5902635422607858, 'noise_stn_sigma': 2.3348074836698016, 'noise_gpe_sigma': 106.74173643372042, 'noise_gpi_sigma': 79.69139483909348, 'g_stn_gpe_mult': 3.284669353703249, 'g_gpe_stn_mult': 0.10126763321601503, 'g_stn_gpi_mult': 2.4403019965813457, 'g_gpe_gpi_mult': 0.21880514224135977}. Best is trial 229 with value: 0.17071391275313025.
[I 2026-05-28 03:59:11,249] Trial 244 finished with value: 4.240083072474876 and parameters: {'ISTN': 61.09150119527376, 'I_gpe': 0.7542742082761937, 'I_gpi': 1.5156651601502045, 'noise_stn_sigma': 2.4372845952879807, 'noise_gpe_sigma': 81.83262965913903, 'noise_gpi_sigma': 64.01865181323922, 'g_stn_gpe_mult': 3.5671737877934184, 'g_gpe_stn_mult': 0.10859429071094423, 'g_stn_gpi_mult': 2.3613170960009624, 'g_gpe_gpi_mult': 0.41605796571925374}. Best is trial 229 with value: 0.17071391275313025.
[I 2026-05-28 03:59:12,256] Trial 245 finished with value: 0.15448278790719583 and parameters: {'ISTN': 61.79997386115487, 'I_gpe': 1.05547056906115, 'I_gpi': 2.0016581855839073, 'noise_stn_sigma': 3.967211011618827, 'noise_gpe_sigma': 101.62377687255878, 'noise_gpi_sigma': 85.30170353808583, 'g_stn_gpe_mult': 3.073738140500678, 'g_gpe_stn_mult': 0.1256056590138485, 'g_stn_gpi_mult': 2.410567577319665, 'g_gpe_gpi_mult': 0.4966483987041625}. Best is trial 245 with value: 0.15448278790719583.
[I 2026-05-28 03:59:13,259] Trial 246 finished with value: 12.195757298829859 and parameters: {'ISTN': 71.16460766626003, 'I_gpe': 1.1999863736344414, 'I_gpi': 1.8028960948038941, 'noise_stn_sigma': 3.196985493257982, 'noise_gpe_sigma': 82.50560010222902, 'noise_gpi_sigma': 76.21547690074821, 'g_stn_gpe_mult': 3.2461472488988106, 'g_gpe_stn_mult': 0.16220270204321308, 'g_stn_gpi_mult': 2.3732807175019652, 'g_gpe_gpi_mult': 0.2917996232975068}. Best is trial 245 with value: 0.15448278790719583.
[I 2026-05-28 03:59:14,263] Trial 247 finished with value: 12.98082022910623 and parameters: {'ISTN': 70.697545836861, 'I_gpe': 1.3356383865251413, 'I_gpi': 2.2731770555118676, 'noise_stn_sigma': 3.019605577559709, 'noise_gpe_sigma': 95.80932659667258, 'noise_gpi_sigma': 84.67540025682734, 'g_stn_gpe_mult': 3.0943691845285652, 'g_gpe_stn_mult': 0.2537526764528788, 'g_stn_gpi_mult': 2.1631088070087428, 'g_gpe_gpi_mult': 0.42921357010326333}. Best is trial 245 with value: 0.15448278790719583.
[I 2026-05-28 03:59:15,266] Trial 248 finished with value: 1.384929052592726 and parameters: {'ISTN': 68.63264863783036, 'I_gpe': 1.3695871758277167, 'I_gpi': 1.9654319444251622, 'noise_stn_sigma': 2.739163204056735, 'noise_gpe_sigma': 99.98064145962447, 'noise_gpi_sigma': 74.97846080667267, 'g_stn_gpe_mult': 3.1535157054197507, 'g_gpe_stn_mult': 0.1318181601964056, 'g_stn_gpi_mult': 2.131365530763956, 'g_gpe_gpi_mult': 0.3714517828991993}. Best is trial 245 with value: 0.15448278790719583.
[I 2026-05-28 03:59:16,268] Trial 249 finished with value: 0.26991825846451145 and parameters: {'ISTN': 62.64804480917775, 'I_gpe': 1.3761578564830135, 'I_gpi': 2.3314080215480577, 'noise_stn_sigma': 2.067110865430684, 'noise_gpe_sigma': 96.90378824067935, 'noise_gpi_sigma': 99.9201985780641, 'g_stn_gpe_mult': 3.009656486297685, 'g_gpe_stn_mult': 0.1258846629815872, 'g_stn_gpi_mult': 2.2876576703842724, 'g_gpe_gpi_mult': 0.41791133248316964}. Best is trial 245 with value: 0.15448278790719583.
[I 2026-05-28 03:59:17,271] Trial 250 finished with value: 7.519839462915123 and parameters: {'ISTN': 69.07865183242308, 'I_gpe': 1.398486493401753, 'I_gpi': 1.8593120086770232, 'noise_stn_sigma': 2.876622005412573, 'noise_gpe_sigma': 101.27541487095073, 'noise_gpi_sigma': 76.3067688891276, 'g_stn_gpe_mult': 3.2604807859079883, 'g_gpe_stn_mult': 0.23384483598134576, 'g_stn_gpi_mult': 2.4614095979832324, 'g_gpe_gpi_mult': 0.4193845575655655}. Best is trial 245 with value: 0.15448278790719583.
[I 2026-05-28 03:59:18,279] Trial 251 finished with value: 0.2115649875587981 and parameters: {'ISTN': 61.28772039107949, 'I_gpe': 1.6212800359367623, 'I_gpi': 2.062413974453288, 'noise_stn_sigma': 3.1510987933628183, 'noise_gpe_sigma': 104.56633748717394, 'noise_gpi_sigma': 78.3617728117739, 'g_stn_gpe_mult': 3.2144609800123507, 'g_gpe_stn_mult': 0.11793261566109124, 'g_stn_gpi_mult': 2.670268174596822, 'g_gpe_gpi_mult': 0.4535962135707274}. Best is trial 245 with value: 0.15448278790719583.
[I 2026-05-28 03:59:19,286] Trial 252 finished with value: 0.2539306417334542 and parameters: {'ISTN': 63.502302948665985, 'I_gpe': 1.5795043193595324, 'I_gpi': 2.3124709717011562, 'noise_stn_sigma': 2.9983361662715504, 'noise_gpe_sigma': 95.69716041858305, 'noise_gpi_sigma': 84.72069009895837, 'g_stn_gpe_mult': 2.846098563048661, 'g_gpe_stn_mult': 0.11874075725089406, 'g_stn_gpi_mult': 2.7271084653803785, 'g_gpe_gpi_mult': 0.36477399079385925}. Best is trial 245 with value: 0.15448278790719583.
[I 2026-05-28 03:59:20,292] Trial 253 finished with value: 2.125229066451642 and parameters: {'ISTN': 61.95705517892399, 'I_gpe': 1.2438539244425018, 'I_gpi': 2.2394375783955063, 'noise_stn_sigma': 2.0273082486354537, 'noise_gpe_sigma': 75.8295254640326, 'noise_gpi_sigma': 87.05188867524443, 'g_stn_gpe_mult': 3.240084234944842, 'g_gpe_stn_mult': 0.1221920761408848, 'g_stn_gpi_mult': 2.275817491987381, 'g_gpe_gpi_mult': 0.3587350243445848}. Best is trial 245 with value: 0.15448278790719583.
[I 2026-05-28 03:59:21,297] Trial 254 finished with value: 0.17749181464607033 and parameters: {'ISTN': 60.75854274466786, 'I_gpe': 1.151025260687459, 'I_gpi': 1.7444613231796477, 'noise_stn_sigma': 2.73943310036862, 'noise_gpe_sigma': 94.4968336418249, 'noise_gpi_sigma': 89.53744510751135, 'g_stn_gpe_mult': 3.2571475494002513, 'g_gpe_stn_mult': 0.1642284487295514, 'g_stn_gpi_mult': 2.4641847392572074, 'g_gpe_gpi_mult': 0.4800649869132651}. Best is trial 245 with value: 0.15448278790719583.
[I 2026-05-28 03:59:22,301] Trial 255 finished with value: 0.15185591143488036 and parameters: {'ISTN': 61.66542646653779, 'I_gpe': 1.1999033899184157, 'I_gpi': 2.1005009663435574, 'noise_stn_sigma': 3.2421693565414955, 'noise_gpe_sigma': 87.77379192238249, 'noise_gpi_sigma': 82.49601305358749, 'g_stn_gpe_mult': 3.3621063271838905, 'g_gpe_stn_mult': 0.15222023769170437, 'g_stn_gpi_mult': 2.3623467620739023, 'g_gpe_gpi_mult': 0.461120795063584}. Best is trial 255 with value: 0.15185591143488036.
[I 2026-05-28 03:59:23,306] Trial 256 finished with value: 0.8681440445581012 and parameters: {'ISTN': 65.62475282382754, 'I_gpe': 1.7363451142804758, 'I_gpi': 1.896987801378061, 'noise_stn_sigma': 3.6916893781117155, 'noise_gpe_sigma': 96.71363314001455, 'noise_gpi_sigma': 81.34891517954475, 'g_stn_gpe_mult': 2.856018088668452, 'g_gpe_stn_mult': 0.15229505826567352, 'g_stn_gpi_mult': 2.2273663161475703, 'g_gpe_gpi_mult': 0.44462989466118563}. Best is trial 255 with value: 0.15185591143488036.
[I 2026-05-28 03:59:24,312] Trial 257 finished with value: 14.83530390744471 and parameters: {'ISTN': 71.1996283084252, 'I_gpe': 1.306437542359991, 'I_gpi': 2.239962413090244, 'noise_stn_sigma': 3.1891611599789904, 'noise_gpe_sigma': 99.15234513112742, 'noise_gpi_sigma': 88.07218969687793, 'g_stn_gpe_mult': 2.8062990308307576, 'g_gpe_stn_mult': 0.16568771424001522, 'g_stn_gpi_mult': 2.3113774967887974, 'g_gpe_gpi_mult': 0.3324815226927307}. Best is trial 255 with value: 0.15185591143488036.
[I 2026-05-28 03:59:25,317] Trial 258 finished with value: 0.3970940363240065 and parameters: {'ISTN': 62.66566275212408, 'I_gpe': 0.7362996804565445, 'I_gpi': 2.5155187559905934, 'noise_stn_sigma': 3.311291559391647, 'noise_gpe_sigma': 102.60306016285472, 'noise_gpi_sigma': 74.66630520885556, 'g_stn_gpe_mult': 3.3667187456422627, 'g_gpe_stn_mult': 0.10964844086136971, 'g_stn_gpi_mult': 2.2822545549338855, 'g_gpe_gpi_mult': 0.4469282845690542}. Best is trial 255 with value: 0.15185591143488036.
[I 2026-05-28 03:59:26,324] Trial 259 finished with value: 0.19731519220690913 and parameters: {'ISTN': 66.54988399880571, 'I_gpe': 1.1939655389278594, 'I_gpi': 2.0055469563631494, 'noise_stn_sigma': 3.727948189347145, 'noise_gpe_sigma': 98.81357481331912, 'noise_gpi_sigma': 85.25340029537901, 'g_stn_gpe_mult': 3.0074580022286597, 'g_gpe_stn_mult': 0.10691471058208708, 'g_stn_gpi_mult': 2.430089269608558, 'g_gpe_gpi_mult': 0.4948413321154845}. Best is trial 255 with value: 0.15185591143488036.
[I 2026-05-28 03:59:27,329] Trial 260 finished with value: 0.5859396760814907 and parameters: {'ISTN': 65.96713076899297, 'I_gpe': 1.3208475329102998, 'I_gpi': 2.0853862424996397, 'noise_stn_sigma': 3.1501470143841614, 'noise_gpe_sigma': 100.41982529299206, 'noise_gpi_sigma': 102.64737232636179, 'g_stn_gpe_mult': 2.8928315001568867, 'g_gpe_stn_mult': 0.16046053388257991, 'g_stn_gpi_mult': 2.092105565077442, 'g_gpe_gpi_mult': 0.38089749607420875}. Best is trial 255 with value: 0.15185591143488036.
[I 2026-05-28 03:59:28,336] Trial 261 finished with value: 2.033888670252251 and parameters: {'ISTN': 60.76418049784302, 'I_gpe': 1.2865445736054009, 'I_gpi': 2.199329877851797, 'noise_stn_sigma': 2.7618127768624197, 'noise_gpe_sigma': 83.27676495177721, 'noise_gpi_sigma': 88.29035636227023, 'g_stn_gpe_mult': 3.285705049469279, 'g_gpe_stn_mult': 0.11451331084519142, 'g_stn_gpi_mult': 2.3719192707080374, 'g_gpe_gpi_mult': 0.4223866648607727}. Best is trial 255 with value: 0.15185591143488036.
[I 2026-05-28 03:59:29,340] Trial 262 finished with value: 0.3232325687915295 and parameters: {'ISTN': 65.22650034111963, 'I_gpe': 0.7314738106114418, 'I_gpi': 2.482746643120805, 'noise_stn_sigma': 3.035051333420865, 'noise_gpe_sigma': 97.98047676099681, 'noise_gpi_sigma': 77.78974171447936, 'g_stn_gpe_mult': 3.372884901064014, 'g_gpe_stn_mult': 0.15217170274424505, 'g_stn_gpi_mult': 2.4574135493043636, 'g_gpe_gpi_mult': 0.5038131314663267}. Best is trial 255 with value: 0.15185591143488036.
[I 2026-05-28 03:59:30,344] Trial 263 finished with value: 0.21305869638767141 and parameters: {'ISTN': 62.355085843031645, 'I_gpe': 1.1732184929188758, 'I_gpi': 1.8070194648743827, 'noise_stn_sigma': 3.360438827448721, 'noise_gpe_sigma': 96.28450844415855, 'noise_gpi_sigma': 85.04878041438523, 'g_stn_gpe_mult': 2.9729937189180786, 'g_gpe_stn_mult': 0.12116989482989973, 'g_stn_gpi_mult': 2.2009429127469677, 'g_gpe_gpi_mult': 0.47694640477996986}. Best is trial 255 with value: 0.15185591143488036.
