[I 2026-05-28 03:24:05,762] Trial 176 finished with value: 4.9144743833848175 and parameters: {'ISTN': 70.38404365618266, 'I_gpe': 1.0198430660360276, 'I_gpi': 2.401292759374382, 'noise_stn_sigma': 4.008521163679905, 'noise_gpe_sigma': 89.94853439519153, 'noise_gpi_sigma': 62.322438884146365, 'g_stn_gpe_mult': 2.401200161334674, 'g_gpe_stn_mult': 0.6996821696605926, 'g_stn_gpi_mult': 2.5043882375901063, 'g_gpe_gpi_mult': 0.7466805163113375}. Best is trial 110 with value: 2.5540782268284152.
[I 2026-05-28 03:24:06,770] Trial 177 finished with value: 2.437972751283132 and parameters: {'ISTN': 75.63433116505146, 'I_gpe': 1.1387222464799982, 'I_gpi': 1.7794128611516702, 'noise_stn_sigma': 3.0272677449720153, 'noise_gpe_sigma': 82.57996468982708, 'noise_gpi_sigma': 75.90916629226635, 'g_stn_gpe_mult': 2.4982597387955088, 'g_gpe_stn_mult': 0.7179919882507265, 'g_stn_gpi_mult': 3.4486853340529455, 'g_gpe_gpi_mult': 0.7750647161023068}. Best is trial 177 with value: 2.437972751283132.
[I 2026-05-28 03:24:07,778] Trial 178 finished with value: 9.29082467370599 and parameters: {'ISTN': 65.31136750101746, 'I_gpe': 1.348012270627813, 'I_gpi': 1.9480410292779402, 'noise_stn_sigma': 3.3806209683976562, 'noise_gpe_sigma': 108.68058285187425, 'noise_gpi_sigma': 71.10943295303414, 'g_stn_gpe_mult': 2.276568832628512, 'g_gpe_stn_mult': 0.6794470434758698, 'g_stn_gpi_mult': 2.5725962933715296, 'g_gpe_gpi_mult': 0.7525771720166976}. Best is trial 177 with value: 2.437972751283132.
[I 2026-05-28 03:24:08,785] Trial 179 finished with value: 6.211163028430186 and parameters: {'ISTN': 77.68532699949057, 'I_gpe': 0.8621936212096416, 'I_gpi': 1.389621334462451, 'noise_stn_sigma': 3.225955427891444, 'noise_gpe_sigma': 74.47212328912704, 'noise_gpi_sigma': 75.55077876717046, 'g_stn_gpe_mult': 2.1389333419218954, 'g_gpe_stn_mult': 0.7469642428898213, 'g_stn_gpi_mult': 2.911492546595861, 'g_gpe_gpi_mult': 0.5042497742295192}. Best is trial 177 with value: 2.437972751283132.
[I 2026-05-28 03:24:09,794] Trial 180 finished with value: 7.620304958808671 and parameters: {'ISTN': 78.96761575381569, 'I_gpe': 1.4109891309509894, 'I_gpi': 2.137981117940136, 'noise_stn_sigma': 3.3281446892402435, 'noise_gpe_sigma': 83.10961422519013, 'noise_gpi_sigma': 80.89210339388467, 'g_stn_gpe_mult': 2.6691944074820837, 'g_gpe_stn_mult': 0.7171251738119994, 'g_stn_gpi_mult': 2.8649866355356495, 'g_gpe_gpi_mult': 0.9107774598376863}. Best is trial 177 with value: 2.437972751283132.
[I 2026-05-28 03:24:10,802] Trial 181 finished with value: 0.8178663482219386 and parameters: {'ISTN': 65.54124613989843, 'I_gpe': 0.897906931226804, 'I_gpi': 2.058995283710245, 'noise_stn_sigma': 3.334564918817716, 'noise_gpe_sigma': 87.28749474927555, 'noise_gpi_sigma': 78.374403338812, 'g_stn_gpe_mult': 2.1845141647380486, 'g_gpe_stn_mult': 0.6567568599824741, 'g_stn_gpi_mult': 3.0146751711189728, 'g_gpe_gpi_mult': 0.6040868330574303}. Best is trial 181 with value: 0.8178663482219386.
[I 2026-05-28 03:24:11,809] Trial 182 finished with value: 12.497027876716995 and parameters: {'ISTN': 77.15351638212275, 'I_gpe': 1.6773337961339998, 'I_gpi': 1.9409914995085045, 'noise_stn_sigma': 4.765806601404869, 'noise_gpe_sigma': 103.41954170154249, 'noise_gpi_sigma': 66.83310517012364, 'g_stn_gpe_mult': 2.571188317508394, 'g_gpe_stn_mult': 0.6680246514921057, 'g_stn_gpi_mult': 2.7690302297431, 'g_gpe_gpi_mult': 0.9993283528351689}. Best is trial 181 with value: 0.8178663482219386.
[I 2026-05-28 03:24:12,816] Trial 183 finished with value: 9.50110056570475 and parameters: {'ISTN': 76.48526925039101, 'I_gpe': 1.0339009571429125, 'I_gpi': 1.9405570938601209, 'noise_stn_sigma': 3.8769655765700617, 'noise_gpe_sigma': 92.12473420691965, 'noise_gpi_sigma': 91.98416485270748, 'g_stn_gpe_mult': 2.558467070583395, 'g_gpe_stn_mult': 0.7161716887663547, 'g_stn_gpi_mult': 2.89798482422277, 'g_gpe_gpi_mult': 0.7438693897201742}. Best is trial 181 with value: 0.8178663482219386.
[I 2026-05-28 03:24:13,824] Trial 184 finished with value: 14.6286475658876 and parameters: {'ISTN': 80.26910010521573, 'I_gpe': 1.4386941772942134, 'I_gpi': 2.7318423827038645, 'noise_stn_sigma': 3.3020850319525312, 'noise_gpe_sigma': 68.87744172094261, 'noise_gpi_sigma': 87.28210538751807, 'g_stn_gpe_mult': 2.263107670992576, 'g_gpe_stn_mult': 0.6691325802743773, 'g_stn_gpi_mult': 3.357603038201755, 'g_gpe_gpi_mult': 0.6338841116309935}. Best is trial 181 with value: 0.8178663482219386.
[I 2026-05-28 03:24:14,831] Trial 185 finished with value: 12.336282041281816 and parameters: {'ISTN': 72.26162677634053, 'I_gpe': 1.0661015342500524, 'I_gpi': 2.0479921529332805, 'noise_stn_sigma': 3.636752553194646, 'noise_gpe_sigma': 92.85849638922153, 'noise_gpi_sigma': 59.05128580657667, 'g_stn_gpe_mult': 2.3788481122938254, 'g_gpe_stn_mult': 0.693478968390438, 'g_stn_gpi_mult': 3.0694256317233277, 'g_gpe_gpi_mult': 0.8144314392142127}. Best is trial 181 with value: 0.8178663482219386.
[I 2026-05-28 03:24:15,837] Trial 186 finished with value: 8.70492125361179 and parameters: {'ISTN': 86.29762579217557, 'I_gpe': 0.5165819449452224, 'I_gpi': 2.080225305159247, 'noise_stn_sigma': 2.0694343323867717, 'noise_gpe_sigma': 78.71864849526683, 'noise_gpi_sigma': 62.05625235694453, 'g_stn_gpe_mult': 1.5709577730123572, 'g_gpe_stn_mult': 0.707304706119617, 'g_stn_gpi_mult': 2.5312784574369966, 'g_gpe_gpi_mult': 0.6400299164635876}. Best is trial 181 with value: 0.8178663482219386.
[I 2026-05-28 03:24:16,845] Trial 187 finished with value: 8.756153719195394 and parameters: {'ISTN': 86.32253154453014, 'I_gpe': 0.7797751342787109, 'I_gpi': 2.2204059931886455, 'noise_stn_sigma': 2.9113003956640098, 'noise_gpe_sigma': 88.41544431241017, 'noise_gpi_sigma': 71.77883090600082, 'g_stn_gpe_mult': 2.4252918569394115, 'g_gpe_stn_mult': 0.6895781641301424, 'g_stn_gpi_mult': 3.11738990454828, 'g_gpe_gpi_mult': 0.7055181442984426}. Best is trial 181 with value: 0.8178663482219386.
[I 2026-05-28 03:24:17,853] Trial 188 finished with value: 7.6908206588949914 and parameters: {'ISTN': 74.4730762391351, 'I_gpe': 1.2274775272524825, 'I_gpi': 1.5811754500913537, 'noise_stn_sigma': 3.389811494309006, 'noise_gpe_sigma': 80.28208740511434, 'noise_gpi_sigma': 71.07477150721047, 'g_stn_gpe_mult': 2.4940231616827253, 'g_gpe_stn_mult': 0.7287500446964623, 'g_stn_gpi_mult': 3.2482846747151077, 'g_gpe_gpi_mult': 0.886330297449039}. Best is trial 181 with value: 0.8178663482219386.
[I 2026-05-28 03:24:18,858] Trial 189 finished with value: 13.02815993116311 and parameters: {'ISTN': 75.623305843682, 'I_gpe': 1.3691672704046183, 'I_gpi': 2.1465035316535213, 'noise_stn_sigma': 3.1256010732324553, 'noise_gpe_sigma': 72.59136945152974, 'noise_gpi_sigma': 76.72798034366923, 'g_stn_gpe_mult': 2.482142350197538, 'g_gpe_stn_mult': 0.7441263803082483, 'g_stn_gpi_mult': 3.2032508028880087, 'g_gpe_gpi_mult': 0.8158935082410392}. Best is trial 181 with value: 0.8178663482219386.
[I 2026-05-28 03:24:19,864] Trial 190 finished with value: 11.17281197361908 and parameters: {'ISTN': 73.22508317852524, 'I_gpe': 1.0138649793794483, 'I_gpi': 1.831689473671606, 'noise_stn_sigma': 3.3732059379300345, 'noise_gpe_sigma': 70.39333886513421, 'noise_gpi_sigma': 53.44012647042908, 'g_stn_gpe_mult': 2.441610476383831, 'g_gpe_stn_mult': 0.7436075409647546, 'g_stn_gpi_mult': 3.211521226523829, 'g_gpe_gpi_mult': 0.6989218054549804}. Best is trial 181 with value: 0.8178663482219386.
[I 2026-05-28 03:24:20,872] Trial 191 finished with value: 12.23275043696249 and parameters: {'ISTN': 68.75505071501448, 'I_gpe': 0.857479108850265, 'I_gpi': 1.9251485987745847, 'noise_stn_sigma': 3.3899508386975272, 'noise_gpe_sigma': 92.61069151560572, 'noise_gpi_sigma': 83.13665518495952, 'g_stn_gpe_mult': 2.1708790064204795, 'g_gpe_stn_mult': 0.6019097853542095, 'g_stn_gpi_mult': 3.113124550018047, 'g_gpe_gpi_mult': 0.8319719849550864}. Best is trial 181 with value: 0.8178663482219386.
[I 2026-05-28 03:24:21,880] Trial 192 finished with value: 9.650147114390952 and parameters: {'ISTN': 66.78786331094788, 'I_gpe': 0.7111542062350178, 'I_gpi': 2.3444349901764907, 'noise_stn_sigma': 4.252492607597336, 'noise_gpe_sigma': 89.80920973302892, 'noise_gpi_sigma': 77.05862179555976, 'g_stn_gpe_mult': 2.5458859726949576, 'g_gpe_stn_mult': 0.7676116917884033, 'g_stn_gpi_mult': 2.8420113542743763, 'g_gpe_gpi_mult': 0.8335148033627069}. Best is trial 181 with value: 0.8178663482219386.
[I 2026-05-28 03:24:22,887] Trial 193 finished with value: 14.732117113855363 and parameters: {'ISTN': 77.39682141716352, 'I_gpe': 0.9103603075808724, 'I_gpi': 1.9906868310062666, 'noise_stn_sigma': 3.9449194954024907, 'noise_gpe_sigma': 85.55441699447059, 'noise_gpi_sigma': 60.765938190834405, 'g_stn_gpe_mult': 2.543927107664337, 'g_gpe_stn_mult': 0.6319097912853285, 'g_stn_gpi_mult': 3.223581980581794, 'g_gpe_gpi_mult': 0.7920941224024505}. Best is trial 181 with value: 0.8178663482219386.
[I 2026-05-28 03:24:23,897] Trial 194 finished with value: 8.415403618980244 and parameters: {'ISTN': 70.27579650811022, 'I_gpe': 1.174339359942245, 'I_gpi': 1.4125876227698058, 'noise_stn_sigma': 3.018526786014225, 'noise_gpe_sigma': 67.06315096218111, 'noise_gpi_sigma': 78.57193471064352, 'g_stn_gpe_mult': 2.2513163191236902, 'g_gpe_stn_mult': 0.6344254617158669, 'g_stn_gpi_mult': 2.982470367213922, 'g_gpe_gpi_mult': 0.7153862142399512}. Best is trial 181 with value: 0.8178663482219386.
[I 2026-05-28 03:24:24,902] Trial 195 finished with value: 6.365998539330403 and parameters: {'ISTN': 69.0489675598122, 'I_gpe': 1.1554483316510145, 'I_gpi': 2.0558566487281533, 'noise_stn_sigma': 2.9808281500840117, 'noise_gpe_sigma': 85.31110489592844, 'noise_gpi_sigma': 55.79596021816812, 'g_stn_gpe_mult': 2.1948516143011663, 'g_gpe_stn_mult': 0.6635458562526876, 'g_stn_gpi_mult': 2.9982219682954874, 'g_gpe_gpi_mult': 0.7893766430433065}. Best is trial 181 with value: 0.8178663482219386.
[I 2026-05-28 03:24:25,908] Trial 196 finished with value: 13.014078423591389 and parameters: {'ISTN': 79.28749663977818, 'I_gpe': 1.049615151620931, 'I_gpi': 1.8848157840637272, 'noise_stn_sigma': 3.884906687927042, 'noise_gpe_sigma': 89.33452936097072, 'noise_gpi_sigma': 77.09853561106839, 'g_stn_gpe_mult': 2.174427984242855, 'g_gpe_stn_mult': 0.7186632828054785, 'g_stn_gpi_mult': 2.790031539567168, 'g_gpe_gpi_mult': 0.6498417758307042}. Best is trial 181 with value: 0.8178663482219386.
[I 2026-05-28 03:24:26,916] Trial 197 finished with value: 14.303289450638907 and parameters: {'ISTN': 81.66075481277288, 'I_gpe': 1.198474950201487, 'I_gpi': 1.30431387332992, 'noise_stn_sigma': 1.770930195755526, 'noise_gpe_sigma': 83.86783688172352, 'noise_gpi_sigma': 84.61620110892403, 'g_stn_gpe_mult': 2.380230552061823, 'g_gpe_stn_mult': 0.683259630838696, 'g_stn_gpi_mult': 3.2378815169962767, 'g_gpe_gpi_mult': 0.5746998555358169}. Best is trial 181 with value: 0.8178663482219386.
[I 2026-05-28 03:24:27,921] Trial 198 finished with value: 7.311291198253659 and parameters: {'ISTN': 61.784063004792955, 'I_gpe': 1.4387741082562089, 'I_gpi': 2.1637963657550574, 'noise_stn_sigma': 3.9039196166183716, 'noise_gpe_sigma': 96.03961075772571, 'noise_gpi_sigma': 79.73166749761873, 'g_stn_gpe_mult': 2.5410776396811654, 'g_gpe_stn_mult': 0.6837692820221478, 'g_stn_gpi_mult': 2.7965664309883227, 'g_gpe_gpi_mult': 0.8495106037229387}. Best is trial 181 with value: 0.8178663482219386.
[I 2026-05-28 03:24:28,928] Trial 199 finished with value: 6.051019925723786 and parameters: {'ISTN': 68.46461155141535, 'I_gpe': 1.3173493557606413, 'I_gpi': 1.6372036821328952, 'noise_stn_sigma': 4.081210237443322, 'noise_gpe_sigma': 68.25188812500915, 'noise_gpi_sigma': 76.04284747955899, 'g_stn_gpe_mult': 2.3171522626703105, 'g_gpe_stn_mult': 0.7234330100836607, 'g_stn_gpi_mult': 3.7092108909923196, 'g_gpe_gpi_mult': 0.8456031207558901}. Best is trial 181 with value: 0.8178663482219386.
[I 2026-05-28 03:24:29,936] Trial 200 finished with value: 10.55330529015389 and parameters: {'ISTN': 73.2105713009171, 'I_gpe': 1.0956106997395723, 'I_gpi': 2.019779325965339, 'noise_stn_sigma': 2.604955897851114, 'noise_gpe_sigma': 92.05638659855833, 'noise_gpi_sigma': 57.6939441541977, 'g_stn_gpe_mult': 2.2337127222351243, 'g_gpe_stn_mult': 0.7100839513193787, 'g_stn_gpi_mult': 2.823020316892203, 'g_gpe_gpi_mult': 0.6459547450467169}. Best is trial 181 with value: 0.8178663482219386.
[I 2026-05-28 03:24:30,944] Trial 201 finished with value: 11.338902112592839 and parameters: {'ISTN': 62.883661524765, 'I_gpe': 1.5158480723259298, 'I_gpi': 1.4277753900501695, 'noise_stn_sigma': 4.9291551312420925, 'noise_gpe_sigma': 67.36876200864353, 'noise_gpi_sigma': 61.63953786612952, 'g_stn_gpe_mult': 2.2727490866664155, 'g_gpe_stn_mult': 0.6760478343517875, 'g_stn_gpi_mult': 3.5958286835707898, 'g_gpe_gpi_mult': 0.8913598990128311}. Best is trial 181 with value: 0.8178663482219386.
[I 2026-05-28 03:24:31,955] Trial 202 finished with value: 1.7592506458359862 and parameters: {'ISTN': 70.0932930373608, 'I_gpe': 0.8921898669054011, 'I_gpi': 2.1175932275103824, 'noise_stn_sigma': 3.4218766378786385, 'noise_gpe_sigma': 81.18289187515708, 'noise_gpi_sigma': 94.17033856007406, 'g_stn_gpe_mult': 1.8410855147241065, 'g_gpe_stn_mult': 0.734628046744318, 'g_stn_gpi_mult': 3.2132159328682004, 'g_gpe_gpi_mult': 0.9010081513289767}. Best is trial 181 with value: 0.8178663482219386.
[I 2026-05-28 03:24:32,964] Trial 203 finished with value: 13.365049375647919 and parameters: {'ISTN': 65.93106900018223, 'I_gpe': 1.5003450086894123, 'I_gpi': 2.2528463125156524, 'noise_stn_sigma': 4.201064584780669, 'noise_gpe_sigma': 65.55974226442237, 'noise_gpi_sigma': 79.26643543097916, 'g_stn_gpe_mult': 2.442363410416159, 'g_gpe_stn_mult': 0.6216315076557282, 'g_stn_gpi_mult': 3.6565543590941694, 'g_gpe_gpi_mult': 0.8214361051186507}. Best is trial 181 with value: 0.8178663482219386.
[I 2026-05-28 03:24:33,971] Trial 204 finished with value: 7.4348476596052615 and parameters: {'ISTN': 69.5281544035245, 'I_gpe': 0.9970008652988629, 'I_gpi': 2.171906472979641, 'noise_stn_sigma': 4.077750262106035, 'noise_gpe_sigma': 84.23133111643713, 'noise_gpi_sigma': 70.80062090381615, 'g_stn_gpe_mult': 2.6923853123360137, 'g_gpe_stn_mult': 0.6127367727527402, 'g_stn_gpi_mult': 3.1103198895208517, 'g_gpe_gpi_mult': 0.8290326220215645}. Best is trial 181 with value: 0.8178663482219386.
[I 2026-05-28 03:24:34,977] Trial 205 finished with value: 7.638550100319818 and parameters: {'ISTN': 67.36541439450609, 'I_gpe': 1.5134784640820982, 'I_gpi': 2.1434200896490574, 'noise_stn_sigma': 3.688006526105712, 'noise_gpe_sigma': 79.61065935324817, 'noise_gpi_sigma': 87.21521727328525, 'g_stn_gpe_mult': 2.399751274283043, 'g_gpe_stn_mult': 0.6711835802681517, 'g_stn_gpi_mult': 3.0958377203142238, 'g_gpe_gpi_mult': 0.8124682018742795}. Best is trial 181 with value: 0.8178663482219386.
[I 2026-05-28 03:24:35,982] Trial 206 finished with value: 12.47324570539084 and parameters: {'ISTN': 77.75680826659561, 'I_gpe': 1.4183588323253185, 'I_gpi': 2.105112066895134, 'noise_stn_sigma': 2.749005437606069, 'noise_gpe_sigma': 74.44651180522504, 'noise_gpi_sigma': 72.27508604836711, 'g_stn_gpe_mult': 2.23826849434345, 'g_gpe_stn_mult': 0.7370740767600843, 'g_stn_gpi_mult': 3.155673194880961, 'g_gpe_gpi_mult': 0.6170140513919087}. Best is trial 181 with value: 0.8178663482219386.
[I 2026-05-28 03:24:36,989] Trial 207 finished with value: 13.121699325909201 and parameters: {'ISTN': 71.36679808729005, 'I_gpe': 1.7387818806319746, 'I_gpi': 1.6762813751342156, 'noise_stn_sigma': 3.312498598331703, 'noise_gpe_sigma': 81.12801048466308, 'noise_gpi_sigma': 68.52746698990094, 'g_stn_gpe_mult': 2.023753111316761, 'g_gpe_stn_mult': 0.7544980959596659, 'g_stn_gpi_mult': 3.040711293364619, 'g_gpe_gpi_mult': 0.8685771470059811}. Best is trial 181 with value: 0.8178663482219386.
[I 2026-05-28 03:24:37,993] Trial 208 finished with value: 7.131497640265052 and parameters: {'ISTN': 77.35958872347915, 'I_gpe': 1.386068739102853, 'I_gpi': 1.5912525696708548, 'noise_stn_sigma': 3.478948202070328, 'noise_gpe_sigma': 80.9918462684575, 'noise_gpi_sigma': 71.50262701644412, 'g_stn_gpe_mult': 1.8447351455462502, 'g_gpe_stn_mult': 0.6759433953216555, 'g_stn_gpi_mult': 3.17751897795959, 'g_gpe_gpi_mult': 0.7989746385427123}. Best is trial 181 with value: 0.8178663482219386.
[I 2026-05-28 03:24:39,001] Trial 209 finished with value: 9.836521257783174 and parameters: {'ISTN': 73.54728973419593, 'I_gpe': 1.0930195590253287, 'I_gpi': 2.0959795361506055, 'noise_stn_sigma': 3.429018171017365, 'noise_gpe_sigma': 90.31971583046912, 'noise_gpi_sigma': 61.34106312742864, 'g_stn_gpe_mult': 1.9247434147050868, 'g_gpe_stn_mult': 0.6723586487283884, 'g_stn_gpi_mult': 3.00160030474952, 'g_gpe_gpi_mult': 0.7647001169367051}. Best is trial 181 with value: 0.8178663482219386.
[I 2026-05-28 03:24:40,007] Trial 210 finished with value: 8.721090070838445 and parameters: {'ISTN': 64.17854038423981, 'I_gpe': 1.7991904463095163, 'I_gpi': 1.9985873506854581, 'noise_stn_sigma': 3.8809653577168834, 'noise_gpe_sigma': 68.45993867636287, 'noise_gpi_sigma': 52.333712281173334, 'g_stn_gpe_mult': 2.317297929423268, 'g_gpe_stn_mult': 0.7081226639365747, 'g_stn_gpi_mult': 3.7247998720535946, 'g_gpe_gpi_mult': 0.8622900650419636}. Best is trial 181 with value: 0.8178663482219386.
[I 2026-05-28 03:24:41,014] Trial 211 finished with value: 6.3433243158503565 and parameters: {'ISTN': 66.78996050027021, 'I_gpe': 1.5266467059379778, 'I_gpi': 1.5747207557686393, 'noise_stn_sigma': 3.782333554303213, 'noise_gpe_sigma': 77.28297242840551, 'noise_gpi_sigma': 86.74181935165292, 'g_stn_gpe_mult': 1.8580539687840165, 'g_gpe_stn_mult': 0.7285779240533382, 'g_stn_gpi_mult': 3.3429713486523216, 'g_gpe_gpi_mult': 1.0440165693533392}. Best is trial 181 with value: 0.8178663482219386.
[I 2026-05-28 03:24:42,021] Trial 212 finished with value: 4.722827478517862 and parameters: {'ISTN': 73.96746511327348, 'I_gpe': 1.096232471939708, 'I_gpi': 2.3936494301375437, 'noise_stn_sigma': 3.6221788507785972, 'noise_gpe_sigma': 74.7945711495118, 'noise_gpi_sigma': 68.23139399728157, 'g_stn_gpe_mult': 2.244293704766503, 'g_gpe_stn_mult': 0.6374181309195077, 'g_stn_gpi_mult': 2.80369780190544, 'g_gpe_gpi_mult': 0.8798662426978934}. Best is trial 181 with value: 0.8178663482219386.
[I 2026-05-28 03:24:43,030] Trial 213 finished with value: 4.830273303669341 and parameters: {'ISTN': 72.75437899893308, 'I_gpe': 0.7560182267354054, 'I_gpi': 1.9605206348591464, 'noise_stn_sigma': 4.250244711141511, 'noise_gpe_sigma': 83.14015470936508, 'noise_gpi_sigma': 97.42024137481161, 'g_stn_gpe_mult': 2.234318369999402, 'g_gpe_stn_mult': 0.6452623964203343, 'g_stn_gpi_mult': 3.2268076281562177, 'g_gpe_gpi_mult': 0.709897965285514}. Best is trial 181 with value: 0.8178663482219386.
[I 2026-05-28 03:24:44,039] Trial 214 finished with value: 7.776047534347903 and parameters: {'ISTN': 70.87922583600107, 'I_gpe': 1.2837937996070785, 'I_gpi': 2.2800374101201815, 'noise_stn_sigma': 3.5473745194065103, 'noise_gpe_sigma': 91.00894425502725, 'noise_gpi_sigma': 73.49145406319201, 'g_stn_gpe_mult': 2.002730956354651, 'g_gpe_stn_mult': 0.7577583883707795, 'g_stn_gpi_mult': 2.983252758273889, 'g_gpe_gpi_mult': 0.8633897243193949}. Best is trial 181 with value: 0.8178663482219386.
[I 2026-05-28 03:24:45,047] Trial 215 finished with value: 0.6300162530717475 and parameters: {'ISTN': 64.68799963645637, 'I_gpe': 0.9220957450599458, 'I_gpi': 1.9437977710883816, 'noise_stn_sigma': 3.8078402311940094, 'noise_gpe_sigma': 78.4744810230626, 'noise_gpi_sigma': 77.89678866107215, 'g_stn_gpe_mult': 2.086519239945656, 'g_gpe_stn_mult': 0.5643847599639705, 'g_stn_gpi_mult': 2.9239325015353956, 'g_gpe_gpi_mult': 0.8426851073608248}. Best is trial 215 with value: 0.6300162530717475.
[I 2026-05-28 03:24:46,054] Trial 216 finished with value: 9.951350583190097 and parameters: {'ISTN': 69.49484662570148, 'I_gpe': 1.5932588201841997, 'I_gpi': 2.144334148266866, 'noise_stn_sigma': 4.082913574729361, 'noise_gpe_sigma': 85.75930658369332, 'noise_gpi_sigma': 79.47090096726654, 'g_stn_gpe_mult': 2.287493866521624, 'g_gpe_stn_mult': 0.6892166273892374, 'g_stn_gpi_mult': 3.6796932407372154, 'g_gpe_gpi_mult': 1.0324484540765873}. Best is trial 215 with value: 0.6300162530717475.
[I 2026-05-28 03:24:47,062] Trial 217 finished with value: 8.782757948086154 and parameters: {'ISTN': 70.15115203037999, 'I_gpe': 0.8640498225348336, 'I_gpi': 2.2849072638018963, 'noise_stn_sigma': 3.0799917502055054, 'noise_gpe_sigma': 96.34182887443616, 'noise_gpi_sigma': 74.36778635473749, 'g_stn_gpe_mult': 2.215270442197041, 'g_gpe_stn_mult': 0.668178619297159, 'g_stn_gpi_mult': 3.416585313360799, 'g_gpe_gpi_mult': 0.8438623635517184}. Best is trial 215 with value: 0.6300162530717475.
[I 2026-05-28 03:24:48,070] Trial 218 finished with value: 7.938757177078741 and parameters: {'ISTN': 71.18443987989117, 'I_gpe': 0.6952183710302775, 'I_gpi': 2.3322806045362174, 'noise_stn_sigma': 2.948575395988642, 'noise_gpe_sigma': 72.76142324015382, 'noise_gpi_sigma': 79.36186597977184, 'g_stn_gpe_mult': 1.777623853443288, 'g_gpe_stn_mult': 0.6610754593189655, 'g_stn_gpi_mult': 3.2686195756556753, 'g_gpe_gpi_mult': 0.832407607774651}. Best is trial 215 with value: 0.6300162530717475.
[I 2026-05-28 03:24:49,077] Trial 219 finished with value: 5.859471297318895 and parameters: {'ISTN': 73.15872479389141, 'I_gpe': 0.9344964081146002, 'I_gpi': 2.5035686703671938, 'noise_stn_sigma': 3.5920156423782754, 'noise_gpe_sigma': 90.46225263148436, 'noise_gpi_sigma': 78.58917459730398, 'g_stn_gpe_mult': 2.060532273253143, 'g_gpe_stn_mult': 0.6872360159106186, 'g_stn_gpi_mult': 3.2345824709967768, 'g_gpe_gpi_mult': 0.802990608740378}. Best is trial 215 with value: 0.6300162530717475.
