[I 2026-05-28 03:38:51,960] Trial 44 finished with value: 5.27933047216121 and parameters: {'ISTN': 62.32003745761997, 'I_gpe': 0.7477323623914444, 'I_gpi': 2.6085849080801937, 'noise_stn_sigma': 5.964544033259427, 'noise_gpe_sigma': 65.49268971423339, 'noise_gpi_sigma': 83.16516313978447, 'g_stn_gpe_mult': 3.4826369362599126, 'g_gpe_stn_mult': 0.17438286273099274, 'g_stn_gpi_mult': 1.9229400390289184, 'g_gpe_gpi_mult': 0.6143626290633728}. Best is trial 44 with value: 5.27933047216121.
[I 2026-05-28 03:38:52,968] Trial 45 finished with value: 14.851274489310644 and parameters: {'ISTN': 69.76003691471907, 'I_gpe': 1.3899357099007323, 'I_gpi': 3.4182432584709628, 'noise_stn_sigma': 6.424941592359096, 'noise_gpe_sigma': 69.35989787962154, 'noise_gpi_sigma': 121.61603903854774, 'g_stn_gpe_mult': 4.456239882541699, 'g_gpe_stn_mult': 0.3928326624535152, 'g_stn_gpi_mult': 1.580697330049642, 'g_gpe_gpi_mult': 0.6251714724514006}. Best is trial 44 with value: 5.27933047216121.
[I 2026-05-28 03:38:53,976] Trial 46 finished with value: 10.40243684684186 and parameters: {'ISTN': 64.76000380144518, 'I_gpe': 2.341507985120585, 'I_gpi': 2.5219634391744825, 'noise_stn_sigma': 7.39424748057846, 'noise_gpe_sigma': 99.97125169316197, 'noise_gpi_sigma': 71.42590404672258, 'g_stn_gpe_mult': 3.074009180940881, 'g_gpe_stn_mult': 0.3490095015240843, 'g_stn_gpi_mult': 2.0822967027255928, 'g_gpe_gpi_mult': 0.8589065036195851}. Best is trial 44 with value: 5.27933047216121.
[I 2026-05-28 03:38:54,984] Trial 47 finished with value: 2.8648025501901366 and parameters: {'ISTN': 60.42899253260855, 'I_gpe': 1.6654317729134778, 'I_gpi': 1.9201481008418124, 'noise_stn_sigma': 5.710590595598761, 'noise_gpe_sigma': 84.01836818268642, 'noise_gpi_sigma': 93.45516556044673, 'g_stn_gpe_mult': 2.5917238196009365, 'g_gpe_stn_mult': 0.40522544432403873, 'g_stn_gpi_mult': 1.751542414600905, 'g_gpe_gpi_mult': 0.8010776557111754}. Best is trial 47 with value: 2.8648025501901366.
[I 2026-05-28 03:38:55,991] Trial 48 finished with value: 14.747411037757963 and parameters: {'ISTN': 72.56375322898222, 'I_gpe': 1.347754985756661, 'I_gpi': 3.0913038210138155, 'noise_stn_sigma': 4.957389459690981, 'noise_gpe_sigma': 70.21234069868872, 'noise_gpi_sigma': 89.47882330144681, 'g_stn_gpe_mult': 2.636799882418855, 'g_gpe_stn_mult': 0.3733200085755146, 'g_stn_gpi_mult': 1.881186352193824, 'g_gpe_gpi_mult': 0.5936194864654263}. Best is trial 47 with value: 2.8648025501901366.
[I 2026-05-28 03:38:56,998] Trial 49 finished with value: 4.670271889120574 and parameters: {'ISTN': 62.52168737085475, 'I_gpe': 1.7967866170550117, 'I_gpi': 4.024833385270551, 'noise_stn_sigma': 5.670101911147627, 'noise_gpe_sigma': 110.46513321813819, 'noise_gpi_sigma': 111.37105540986796, 'g_stn_gpe_mult': 3.849054109638129, 'g_gpe_stn_mult': 0.1555131046610811, 'g_stn_gpi_mult': 1.111598349090818, 'g_gpe_gpi_mult': 0.9894015370624829}. Best is trial 47 with value: 2.8648025501901366.
[I 2026-05-28 03:38:58,008] Trial 50 finished with value: 19.278164246380737 and parameters: {'ISTN': 83.63863811873412, 'I_gpe': 1.6231693886111278, 'I_gpi': 4.49926811859282, 'noise_stn_sigma': 5.134997123940538, 'noise_gpe_sigma': 81.50221107421135, 'noise_gpi_sigma': 99.32625826539628, 'g_stn_gpe_mult': 3.525900890809362, 'g_gpe_stn_mult': 0.3937761558997628, 'g_stn_gpi_mult': 1.9169353287136932, 'g_gpe_gpi_mult': 0.5264362474492079}. Best is trial 47 with value: 2.8648025501901366.
[I 2026-05-28 03:38:59,018] Trial 51 finished with value: 12.796630068451599 and parameters: {'ISTN': 61.0119878020064, 'I_gpe': 0.9499257042308531, 'I_gpi': 2.3326421026929083, 'noise_stn_sigma': 7.531516958693447, 'noise_gpe_sigma': 56.9178718038422, 'noise_gpi_sigma': 126.9100686030403, 'g_stn_gpe_mult': 4.013365690508998, 'g_gpe_stn_mult': 0.24679157518959263, 'g_stn_gpi_mult': 2.8344653828081006, 'g_gpe_gpi_mult': 0.7713708438818356}. Best is trial 47 with value: 2.8648025501901366.
[I 2026-05-28 03:39:00,028] Trial 52 finished with value: 15.025070094297304 and parameters: {'ISTN': 73.72184148136418, 'I_gpe': 1.0780520497781616, 'I_gpi': 1.881032796417581, 'noise_stn_sigma': 4.723948224405548, 'noise_gpe_sigma': 59.87250415014844, 'noise_gpi_sigma': 93.56360110521823, 'g_stn_gpe_mult': 2.4188104712595084, 'g_gpe_stn_mult': 0.33261068799073684, 'g_stn_gpi_mult': 1.3984435464813392, 'g_gpe_gpi_mult': 0.8920964156314186}. Best is trial 47 with value: 2.8648025501901366.
[I 2026-05-28 03:39:01,038] Trial 53 finished with value: 12.499263043472961 and parameters: {'ISTN': 65.22712662818039, 'I_gpe': 2.2919718504920157, 'I_gpi': 2.9964752346251604, 'noise_stn_sigma': 5.388060641882418, 'noise_gpe_sigma': 87.06833703172724, 'noise_gpi_sigma': 107.91347074580011, 'g_stn_gpe_mult': 3.1183374237822252, 'g_gpe_stn_mult': 0.3618497886882285, 'g_stn_gpi_mult': 1.5583078291301722, 'g_gpe_gpi_mult': 0.7729413417594704}. Best is trial 47 with value: 2.8648025501901366.
[I 2026-05-28 03:39:02,044] Trial 54 finished with value: 7.630448595290192 and parameters: {'ISTN': 75.88137042708169, 'I_gpe': 1.5966580387693439, 'I_gpi': 2.9495651228854936, 'noise_stn_sigma': 6.278098096937618, 'noise_gpe_sigma': 88.48810724344476, 'noise_gpi_sigma': 93.67895014777238, 'g_stn_gpe_mult': 3.366868338834529, 'g_gpe_stn_mult': 0.14416289207032573, 'g_stn_gpi_mult': 2.209063614165661, 'g_gpe_gpi_mult': 0.6760193083755222}. Best is trial 47 with value: 2.8648025501901366.
[I 2026-05-28 03:39:03,052] Trial 55 finished with value: 8.744436831519243 and parameters: {'ISTN': 73.40108133751492, 'I_gpe': 1.1210003330510987, 'I_gpi': 2.227683896791775, 'noise_stn_sigma': 6.387778561086476, 'noise_gpe_sigma': 123.0642511079943, 'noise_gpi_sigma': 64.51111095695762, 'g_stn_gpe_mult': 3.027524089104448, 'g_gpe_stn_mult': 0.25555488199775367, 'g_stn_gpi_mult': 1.156870274478699, 'g_gpe_gpi_mult': 0.8387824564675537}. Best is trial 47 with value: 2.8648025501901366.
[I 2026-05-28 03:39:03,999] Trial 56 finished with value: 1000000.0 and parameters: {'ISTN': 65.0463560992239, 'I_gpe': 2.1407994199064464, 'I_gpi': 3.420822484704495, 'noise_stn_sigma': 5.248615718040594, 'noise_gpe_sigma': 70.91361638207391, 'noise_gpi_sigma': 126.44546254724908, 'g_stn_gpe_mult': 4.018913595679986, 'g_gpe_stn_mult': 0.3546013515027594, 'g_stn_gpi_mult': 2.3222378443678484, 'g_gpe_gpi_mult': 0.7729446524286283}. Best is trial 47 with value: 2.8648025501901366.
[I 2026-05-28 03:39:05,007] Trial 57 finished with value: 14.466243532156758 and parameters: {'ISTN': 60.83596228063898, 'I_gpe': 2.4332887647024615, 'I_gpi': 2.636803480320704, 'noise_stn_sigma': 5.849842500474519, 'noise_gpe_sigma': 70.75058548493585, 'noise_gpi_sigma': 136.33352181853644, 'g_stn_gpe_mult': 3.5166222923101444, 'g_gpe_stn_mult': 0.29153380071308277, 'g_stn_gpi_mult': 2.100588040283337, 'g_gpe_gpi_mult': 0.7914944880671464}. Best is trial 47 with value: 2.8648025501901366.
[I 2026-05-28 03:39:06,015] Trial 58 finished with value: 13.361073619417844 and parameters: {'ISTN': 71.83237391631147, 'I_gpe': 1.2053169377160913, 'I_gpi': 3.004955060472907, 'noise_stn_sigma': 6.236698236083565, 'noise_gpe_sigma': 109.56935790972156, 'noise_gpi_sigma': 117.30202599142996, 'g_stn_gpe_mult': 2.876405107856733, 'g_gpe_stn_mult': 0.44834515778096173, 'g_stn_gpi_mult': 1.6577548773521726, 'g_gpe_gpi_mult': 0.4753981653873797}. Best is trial 47 with value: 2.8648025501901366.
[I 2026-05-28 03:39:07,024] Trial 59 finished with value: 12.52205302766362 and parameters: {'ISTN': 78.12903625124812, 'I_gpe': 1.2509208120663797, 'I_gpi': 2.099661923581888, 'noise_stn_sigma': 6.626846616458376, 'noise_gpe_sigma': 100.95349524731154, 'noise_gpi_sigma': 77.74172399831201, 'g_stn_gpe_mult': 2.7718187909469796, 'g_gpe_stn_mult': 0.3354955411347821, 'g_stn_gpi_mult': 1.210510431632245, 'g_gpe_gpi_mult': 0.9709721296666309}. Best is trial 47 with value: 2.8648025501901366.
[I 2026-05-28 03:39:08,032] Trial 60 finished with value: 14.876477780438012 and parameters: {'ISTN': 69.02608795806938, 'I_gpe': 2.1613526140975186, 'I_gpi': 2.8919568855871973, 'noise_stn_sigma': 6.783048911050804, 'noise_gpe_sigma': 95.14790527499711, 'noise_gpi_sigma': 87.49760196068094, 'g_stn_gpe_mult': 3.2951289403729733, 'g_gpe_stn_mult': 0.33312195331407524, 'g_stn_gpi_mult': 1.8553624539464075, 'g_gpe_gpi_mult': 0.5515060231467919}. Best is trial 47 with value: 2.8648025501901366.
[I 2026-05-28 03:39:09,042] Trial 61 finished with value: 5.808861958918353 and parameters: {'ISTN': 67.2294767534868, 'I_gpe': 0.9709229417832748, 'I_gpi': 3.191666501229677, 'noise_stn_sigma': 6.788740154578921, 'noise_gpe_sigma': 83.98678970639116, 'noise_gpi_sigma': 122.14488673783391, 'g_stn_gpe_mult': 4.046916520242402, 'g_gpe_stn_mult': 0.10503361051037695, 'g_stn_gpi_mult': 1.9158390427943077, 'g_gpe_gpi_mult': 0.6582331554448309}. Best is trial 47 with value: 2.8648025501901366.
[I 2026-05-28 03:39:10,050] Trial 62 finished with value: 7.481055702497791 and parameters: {'ISTN': 64.18320874187566, 'I_gpe': 2.1596345663189935, 'I_gpi': 3.6703118664565717, 'noise_stn_sigma': 5.452723001310336, 'noise_gpe_sigma': 112.53143837275489, 'noise_gpi_sigma': 95.5122754651558, 'g_stn_gpe_mult': 3.2680793951546687, 'g_gpe_stn_mult': 0.1345292129142211, 'g_stn_gpi_mult': 1.756327262279861, 'g_gpe_gpi_mult': 0.7192154291315278}. Best is trial 47 with value: 2.8648025501901366.
[I 2026-05-28 03:39:11,055] Trial 63 finished with value: 15.548211191170182 and parameters: {'ISTN': 85.58715605158379, 'I_gpe': 1.5038980056658477, 'I_gpi': 3.3609212369479424, 'noise_stn_sigma': 7.317054394665473, 'noise_gpe_sigma': 109.66644981091099, 'noise_gpi_sigma': 86.85517588063716, 'g_stn_gpe_mult': 3.3702512428691076, 'g_gpe_stn_mult': 0.3680658443961232, 'g_stn_gpi_mult': 2.0367732491756048, 'g_gpe_gpi_mult': 0.9131342920518908}. Best is trial 47 with value: 2.8648025501901366.
[I 2026-05-28 03:39:12,064] Trial 64 finished with value: 14.321044319465612 and parameters: {'ISTN': 85.14731665077767, 'I_gpe': 1.2393435427276258, 'I_gpi': 3.3199457623922854, 'noise_stn_sigma': 6.70604899060057, 'noise_gpe_sigma': 91.65862368259667, 'noise_gpi_sigma': 69.04543095534598, 'g_stn_gpe_mult': 3.1744893179631, 'g_gpe_stn_mult': 0.2206632615364313, 'g_stn_gpi_mult': 1.5688952751081702, 'g_gpe_gpi_mult': 0.6863891515886278}. Best is trial 47 with value: 2.8648025501901366.
[I 2026-05-28 03:39:13,073] Trial 65 finished with value: 3.975644648809181 and parameters: {'ISTN': 67.69364466260147, 'I_gpe': 0.9931878004870739, 'I_gpi': 2.225184550718666, 'noise_stn_sigma': 7.729580277572119, 'noise_gpe_sigma': 83.16772170766231, 'noise_gpi_sigma': 56.131417044195416, 'g_stn_gpe_mult': 2.829212475216842, 'g_gpe_stn_mult': 0.18823337716457128, 'g_stn_gpi_mult': 1.459150845516179, 'g_gpe_gpi_mult': 0.7865477973598185}. Best is trial 47 with value: 2.8648025501901366.
[I 2026-05-28 03:39:14,080] Trial 66 finished with value: 10.375221137095064 and parameters: {'ISTN': 76.08320043329158, 'I_gpe': 1.2945337886941921, 'I_gpi': 2.6373784031114456, 'noise_stn_sigma': 5.990324548843552, 'noise_gpe_sigma': 124.96125426680356, 'noise_gpi_sigma': 88.73095912900942, 'g_stn_gpe_mult': 3.144409982091359, 'g_gpe_stn_mult': 0.5007191254937335, 'g_stn_gpi_mult': 2.0599402019938693, 'g_gpe_gpi_mult': 0.664920029349762}. Best is trial 47 with value: 2.8648025501901366.
[I 2026-05-28 03:39:15,089] Trial 67 finished with value: 14.09065523799579 and parameters: {'ISTN': 86.47290789719979, 'I_gpe': 2.2232774289589967, 'I_gpi': 3.186132586965422, 'noise_stn_sigma': 4.969639994081369, 'noise_gpe_sigma': 101.95817542906548, 'noise_gpi_sigma': 78.63048837126672, 'g_stn_gpe_mult': 2.5627422304971077, 'g_gpe_stn_mult': 0.3102420647741269, 'g_stn_gpi_mult': 3.028311091807729, 'g_gpe_gpi_mult': 0.7818919010004048}. Best is trial 47 with value: 2.8648025501901366.
[I 2026-05-28 03:39:16,094] Trial 68 finished with value: 7.322769610718801 and parameters: {'ISTN': 74.96183403722145, 'I_gpe': 1.1974235417458978, 'I_gpi': 3.017213998305723, 'noise_stn_sigma': 6.99419241181027, 'noise_gpe_sigma': 128.01502731957038, 'noise_gpi_sigma': 85.80931146112495, 'g_stn_gpe_mult': 3.2314584924303453, 'g_gpe_stn_mult': 0.25888645566647495, 'g_stn_gpi_mult': 1.931063347544038, 'g_gpe_gpi_mult': 0.6418585867172502}. Best is trial 47 with value: 2.8648025501901366.
[I 2026-05-28 03:39:17,100] Trial 69 finished with value: 8.932727274017681 and parameters: {'ISTN': 84.46924241004412, 'I_gpe': 1.408285756212555, 'I_gpi': 2.3109744037390105, 'noise_stn_sigma': 5.496809928484064, 'noise_gpe_sigma': 125.47271213588951, 'noise_gpi_sigma': 82.3497188397625, 'g_stn_gpe_mult': 2.0516116591480937, 'g_gpe_stn_mult': 0.12304746336230435, 'g_stn_gpi_mult': 1.528538937338018, 'g_gpe_gpi_mult': 0.6522921538614757}. Best is trial 47 with value: 2.8648025501901366.
[I 2026-05-28 03:39:18,108] Trial 70 finished with value: 15.897745856071763 and parameters: {'ISTN': 80.97888424031258, 'I_gpe': 1.8022137223780306, 'I_gpi': 2.984332014843745, 'noise_stn_sigma': 5.491794523426573, 'noise_gpe_sigma': 83.99619022932973, 'noise_gpi_sigma': 60.345491140643034, 'g_stn_gpe_mult': 3.355194289575083, 'g_gpe_stn_mult': 0.26066829229917665, 'g_stn_gpi_mult': 2.419594498263971, 'g_gpe_gpi_mult': 0.8531027039012302}. Best is trial 47 with value: 2.8648025501901366.
[I 2026-05-28 03:39:19,117] Trial 71 finished with value: 11.662380001138272 and parameters: {'ISTN': 80.6506531337043, 'I_gpe': 1.1983134440107723, 'I_gpi': 2.34184042262575, 'noise_stn_sigma': 6.7783603690835195, 'noise_gpe_sigma': 72.36378508761413, 'noise_gpi_sigma': 90.9725404500978, 'g_stn_gpe_mult': 3.4162729733773185, 'g_gpe_stn_mult': 0.29011322811658036, 'g_stn_gpi_mult': 1.5777188112585487, 'g_gpe_gpi_mult': 0.6516411863951439}. Best is trial 47 with value: 2.8648025501901366.
[I 2026-05-28 03:39:20,122] Trial 72 finished with value: 4.884233370091187 and parameters: {'ISTN': 68.76729298818952, 'I_gpe': 1.0282190718532371, 'I_gpi': 2.9643280248724233, 'noise_stn_sigma': 6.663571898589105, 'noise_gpe_sigma': 82.22234445185308, 'noise_gpi_sigma': 70.36822383413174, 'g_stn_gpe_mult': 3.400293409961887, 'g_gpe_stn_mult': 0.15660677377066426, 'g_stn_gpi_mult': 1.8576845310770946, 'g_gpe_gpi_mult': 0.7825720385951624}. Best is trial 47 with value: 2.8648025501901366.
[I 2026-05-28 03:39:21,128] Trial 73 finished with value: 6.9470261807971445 and parameters: {'ISTN': 67.21755838759792, 'I_gpe': 1.3789311626658796, 'I_gpi': 3.3751254508173627, 'noise_stn_sigma': 6.005734260040883, 'noise_gpe_sigma': 115.67123544610077, 'noise_gpi_sigma': 106.20555736549541, 'g_stn_gpe_mult': 3.5066200442708038, 'g_gpe_stn_mult': 0.10712475583452222, 'g_stn_gpi_mult': 1.9521286687954686, 'g_gpe_gpi_mult': 0.7094779510206393}. Best is trial 47 with value: 2.8648025501901366.
[I 2026-05-28 03:39:22,134] Trial 74 finished with value: 12.665732276259329 and parameters: {'ISTN': 77.64655582274736, 'I_gpe': 1.83810211243375, 'I_gpi': 2.369320035524308, 'noise_stn_sigma': 7.83550576589129, 'noise_gpe_sigma': 88.09563027101852, 'noise_gpi_sigma': 82.51426623709813, 'g_stn_gpe_mult': 3.451855386496013, 'g_gpe_stn_mult': 0.17085364974245634, 'g_stn_gpi_mult': 2.0171874653307382, 'g_gpe_gpi_mult': 0.8807645383130351}. Best is trial 47 with value: 2.8648025501901366.
[I 2026-05-28 03:39:23,140] Trial 75 finished with value: 8.257518672380321 and parameters: {'ISTN': 74.15299821884665, 'I_gpe': 1.3771931929469874, 'I_gpi': 2.04466995818937, 'noise_stn_sigma': 5.938869696078807, 'noise_gpe_sigma': 109.10229261825911, 'noise_gpi_sigma': 75.11695668971821, 'g_stn_gpe_mult': 2.9210361058292262, 'g_gpe_stn_mult': 0.38044459674981734, 'g_stn_gpi_mult': 2.0156098296130094, 'g_gpe_gpi_mult': 0.6880264453694043}. Best is trial 47 with value: 2.8648025501901366.
[I 2026-05-28 03:39:24,147] Trial 76 finished with value: 10.49370290694004 and parameters: {'ISTN': 82.20355992281478, 'I_gpe': 0.7915606551138836, 'I_gpi': 3.3939091404972777, 'noise_stn_sigma': 5.250307368616357, 'noise_gpe_sigma': 112.31051457354609, 'noise_gpi_sigma': 84.64785623965054, 'g_stn_gpe_mult': 3.8310514518179186, 'g_gpe_stn_mult': 0.17946874551748807, 'g_stn_gpi_mult': 1.7640041465185032, 'g_gpe_gpi_mult': 0.8276613328366176}. Best is trial 47 with value: 2.8648025501901366.
[I 2026-05-28 03:39:25,154] Trial 77 finished with value: 10.335203188758134 and parameters: {'ISTN': 63.16532185639912, 'I_gpe': 1.9071805170885363, 'I_gpi': 2.7679557951276155, 'noise_stn_sigma': 7.796087521121998, 'noise_gpe_sigma': 87.68551515675944, 'noise_gpi_sigma': 54.3502854068462, 'g_stn_gpe_mult': 3.9647366461940323, 'g_gpe_stn_mult': 0.2751075554963276, 'g_stn_gpi_mult': 1.714769320167843, 'g_gpe_gpi_mult': 0.7304600131913876}. Best is trial 47 with value: 2.8648025501901366.
[I 2026-05-28 03:39:26,162] Trial 78 finished with value: 4.964067174036612 and parameters: {'ISTN': 60.33970040702596, 'I_gpe': 1.5494809786253756, 'I_gpi': 3.2730445912627437, 'noise_stn_sigma': 7.202872684167908, 'noise_gpe_sigma': 89.20452303383352, 'noise_gpi_sigma': 92.89571238015169, 'g_stn_gpe_mult': 3.4420800895781882, 'g_gpe_stn_mult': 0.22627279445598433, 'g_stn_gpi_mult': 1.535737716362794, 'g_gpe_gpi_mult': 0.5657868487352704}. Best is trial 47 with value: 2.8648025501901366.
[I 2026-05-28 03:39:27,169] Trial 79 finished with value: 13.910409929562237 and parameters: {'ISTN': 74.93478973694712, 'I_gpe': 2.0493718404016796, 'I_gpi': 2.713360176283682, 'noise_stn_sigma': 5.089365912871618, 'noise_gpe_sigma': 96.4616889705944, 'noise_gpi_sigma': 70.24592135070236, 'g_stn_gpe_mult': 3.3595841980883803, 'g_gpe_stn_mult': 0.23469289083216366, 'g_stn_gpi_mult': 1.5814393137119422, 'g_gpe_gpi_mult': 0.7949505112734248}. Best is trial 47 with value: 2.8648025501901366.
[I 2026-05-28 03:39:28,177] Trial 80 finished with value: 14.674600717392362 and parameters: {'ISTN': 66.88977452205206, 'I_gpe': 1.8345846233014371, 'I_gpi': 2.0849458612103837, 'noise_stn_sigma': 7.981106631356126, 'noise_gpe_sigma': 84.46482731717566, 'noise_gpi_sigma': 76.31764013658214, 'g_stn_gpe_mult': 3.9590418558557183, 'g_gpe_stn_mult': 0.3171456333299364, 'g_stn_gpi_mult': 1.1703955892368838, 'g_gpe_gpi_mult': 0.8440256208165502}. Best is trial 47 with value: 2.8648025501901366.
[I 2026-05-28 03:39:29,184] Trial 81 finished with value: 3.1944480563607907 and parameters: {'ISTN': 64.5213948462565, 'I_gpe': 1.664866523479593, 'I_gpi': 3.6229031733414696, 'noise_stn_sigma': 5.224141077347675, 'noise_gpe_sigma': 89.70324048276075, 'noise_gpi_sigma': 102.52078541542053, 'g_stn_gpe_mult': 3.0782857726109025, 'g_gpe_stn_mult': 0.1163052004854371, 'g_stn_gpi_mult': 1.8463364950042522, 'g_gpe_gpi_mult': 0.8677601165605029}. Best is trial 47 with value: 2.8648025501901366.
[I 2026-05-28 03:39:30,192] Trial 82 finished with value: 11.841017396142373 and parameters: {'ISTN': 72.82013656026174, 'I_gpe': 0.9087036815842492, 'I_gpi': 2.2603802503032946, 'noise_stn_sigma': 7.208491325836105, 'noise_gpe_sigma': 85.89659747830544, 'noise_gpi_sigma': 97.01111783620357, 'g_stn_gpe_mult': 4.438042686036724, 'g_gpe_stn_mult': 0.1937152592293486, 'g_stn_gpi_mult': 1.9540600615462211, 'g_gpe_gpi_mult': 0.8040594986379501}. Best is trial 47 with value: 2.8648025501901366.
[I 2026-05-28 03:39:31,200] Trial 83 finished with value: 8.118753872536125 and parameters: {'ISTN': 62.02008837246029, 'I_gpe': 1.2410614315453532, 'I_gpi': 3.9688564020132207, 'noise_stn_sigma': 7.100758651333923, 'noise_gpe_sigma': 74.1589602534923, 'noise_gpi_sigma': 73.82373178667845, 'g_stn_gpe_mult': 2.9999090200219065, 'g_gpe_stn_mult': 0.2084583774292452, 'g_stn_gpi_mult': 2.1622725890228405, 'g_gpe_gpi_mult': 0.7071349863078404}. Best is trial 47 with value: 2.8648025501901366.
[I 2026-05-28 03:39:32,207] Trial 84 finished with value: 12.632330017354633 and parameters: {'ISTN': 93.82062637685625, 'I_gpe': 0.9796162986731534, 'I_gpi': 3.0777267023669523, 'noise_stn_sigma': 6.212271444900025, 'noise_gpe_sigma': 105.42425987669635, 'noise_gpi_sigma': 96.43800756501216, 'g_stn_gpe_mult': 2.5057326274208043, 'g_gpe_stn_mult': 0.14065564399500918, 'g_stn_gpi_mult': 1.9205361664999814, 'g_gpe_gpi_mult': 0.6141620587852441}. Best is trial 47 with value: 2.8648025501901366.
[I 2026-05-28 03:39:33,217] Trial 85 finished with value: 12.669493897856567 and parameters: {'ISTN': 87.39355947701105, 'I_gpe': 1.1537223141344128, 'I_gpi': 3.1194799107308575, 'noise_stn_sigma': 7.393099406326544, 'noise_gpe_sigma': 77.10602370110429, 'noise_gpi_sigma': 119.01381532991184, 'g_stn_gpe_mult': 2.575831502230823, 'g_gpe_stn_mult': 0.2323121384572161, 'g_stn_gpi_mult': 1.8122986602960944, 'g_gpe_gpi_mult': 0.5719701496953354}. Best is trial 47 with value: 2.8648025501901366.
[I 2026-05-28 03:39:34,225] Trial 86 finished with value: 13.762069455877093 and parameters: {'ISTN': 85.10107909772671, 'I_gpe': 1.6916945051642704, 'I_gpi': 2.1230731795271653, 'noise_stn_sigma': 6.52282476327118, 'noise_gpe_sigma': 78.32980495887854, 'noise_gpi_sigma': 74.28960995529658, 'g_stn_gpe_mult': 3.0663203039472235, 'g_gpe_stn_mult': 0.14392872215066033, 'g_stn_gpi_mult': 1.077295707809159, 'g_gpe_gpi_mult': 0.8125273792049121}. Best is trial 47 with value: 2.8648025501901366.
[I 2026-05-28 03:39:35,232] Trial 87 finished with value: 15.44615383023714 and parameters: {'ISTN': 84.33560400277221, 'I_gpe': 1.9860055744225975, 'I_gpi': 2.9273164379803287, 'noise_stn_sigma': 6.334138628107589, 'noise_gpe_sigma': 78.36096384137785, 'noise_gpi_sigma': 103.10721329333093, 'g_stn_gpe_mult': 3.445962112053481, 'g_gpe_stn_mult': 0.29473698962644923, 'g_stn_gpi_mult': 1.8951715425255258, 'g_gpe_gpi_mult': 0.6547677868192747}. Best is trial 47 with value: 2.8648025501901366.
