[I 2026-05-28 03:49:56,548] Trial 704 finished with value: 0.1435741070644473 and parameters: {'ISTN': 61.3012396890731, 'I_gpe': 1.0583761331282728, 'I_gpi': 2.31161015912112, 'noise_stn_sigma': 1.9288071244353913, 'noise_gpe_sigma': 97.48780089710453, 'noise_gpi_sigma': 86.76986623140347, 'g_stn_gpe_mult': 3.89616100267217, 'g_gpe_stn_mult': 0.17535841744099506, 'g_stn_gpi_mult': 1.396187181995431, 'g_gpe_gpi_mult': 0.8624320304231765}. Best is trial 693 with value: 0.13125903303211436.
[I 2026-05-28 03:49:57,496] Trial 705 finished with value: 1000000.0 and parameters: {'ISTN': 60.304787947874395, 'I_gpe': 1.0810128670700228, 'I_gpi': 2.20734844399459, 'noise_stn_sigma': 1.9013149721796365, 'noise_gpe_sigma': 98.32337218671728, 'noise_gpi_sigma': 86.43553655620269, 'g_stn_gpe_mult': 3.7704261633205114, 'g_gpe_stn_mult': 0.18502327169554633, 'g_stn_gpi_mult': 1.439054111308506, 'g_gpe_gpi_mult': 0.8876367361882846}. Best is trial 693 with value: 0.13125903303211436.
[I 2026-05-28 03:49:58,504] Trial 706 finished with value: 0.13143713994674244 and parameters: {'ISTN': 60.12756489239123, 'I_gpe': 1.026460062030381, 'I_gpi': 2.305080442491139, 'noise_stn_sigma': 1.9483172364191246, 'noise_gpe_sigma': 95.6143477605318, 'noise_gpi_sigma': 86.31229782162974, 'g_stn_gpe_mult': 3.9432648333973104, 'g_gpe_stn_mult': 0.18146716073280716, 'g_stn_gpi_mult': 1.4484692495483285, 'g_gpe_gpi_mult': 0.8305361948988215}. Best is trial 693 with value: 0.13125903303211436.
[I 2026-05-28 03:49:59,509] Trial 707 finished with value: 0.14615343988267096 and parameters: {'ISTN': 61.64071461498857, 'I_gpe': 1.0458386270317377, 'I_gpi': 2.3120504173593908, 'noise_stn_sigma': 2.1107218857659626, 'noise_gpe_sigma': 99.93477095432321, 'noise_gpi_sigma': 91.68794616075682, 'g_stn_gpe_mult': 3.95300375826311, 'g_gpe_stn_mult': 0.16989875794822373, 'g_stn_gpi_mult': 1.3773694479038296, 'g_gpe_gpi_mult': 0.8539100874897896}. Best is trial 693 with value: 0.13125903303211436.
[I 2026-05-28 03:50:00,517] Trial 708 finished with value: 0.1417131795991846 and parameters: {'ISTN': 61.766926323881826, 'I_gpe': 1.0580568147145668, 'I_gpi': 2.2813620071968335, 'noise_stn_sigma': 2.0131149779005337, 'noise_gpe_sigma': 101.8896155607533, 'noise_gpi_sigma': 89.19466413950492, 'g_stn_gpe_mult': 3.77230233915219, 'g_gpe_stn_mult': 0.16597408275850584, 'g_stn_gpi_mult': 1.3143796010145108, 'g_gpe_gpi_mult': 0.8942593000180361}. Best is trial 693 with value: 0.13125903303211436.
[I 2026-05-28 03:50:01,524] Trial 709 finished with value: 0.1366489782713001 and parameters: {'ISTN': 61.119981591931015, 'I_gpe': 1.0237851328256042, 'I_gpi': 2.2061697583165563, 'noise_stn_sigma': 1.8896247294924806, 'noise_gpe_sigma': 98.28982562981612, 'noise_gpi_sigma': 87.92578910141503, 'g_stn_gpe_mult': 3.864771401401362, 'g_gpe_stn_mult': 0.17340750143166794, 'g_stn_gpi_mult': 1.4163856658263811, 'g_gpe_gpi_mult': 0.8876098543317437}. Best is trial 693 with value: 0.13125903303211436.
[I 2026-05-28 03:50:02,530] Trial 710 finished with value: 0.13577258052612942 and parameters: {'ISTN': 61.23467290320654, 'I_gpe': 1.046618533285306, 'I_gpi': 2.270975200782434, 'noise_stn_sigma': 1.9584254591144787, 'noise_gpe_sigma': 101.63082940240949, 'noise_gpi_sigma': 86.82803365360354, 'g_stn_gpe_mult': 3.9697317128818232, 'g_gpe_stn_mult': 0.17397545211984927, 'g_stn_gpi_mult': 1.474895282289122, 'g_gpe_gpi_mult': 0.8709997837547767}. Best is trial 693 with value: 0.13125903303211436.
[I 2026-05-28 03:50:03,540] Trial 711 finished with value: 0.36750366904862386 and parameters: {'ISTN': 60.823312758779124, 'I_gpe': 1.123553553467715, 'I_gpi': 2.280117057726089, 'noise_stn_sigma': 2.075760420739293, 'noise_gpe_sigma': 99.36194821012099, 'noise_gpi_sigma': 84.0971452412253, 'g_stn_gpe_mult': 4.016354230876162, 'g_gpe_stn_mult': 0.16274527837523456, 'g_stn_gpi_mult': 1.4122729232645763, 'g_gpe_gpi_mult': 0.8570445018189821}. Best is trial 693 with value: 0.13125903303211436.
[I 2026-05-28 03:50:04,549] Trial 712 finished with value: 0.3376321038930351 and parameters: {'ISTN': 60.40639079034874, 'I_gpe': 1.002044357461045, 'I_gpi': 2.1748548164405364, 'noise_stn_sigma': 2.040398077772827, 'noise_gpe_sigma': 95.82295465511426, 'noise_gpi_sigma': 82.03803621632102, 'g_stn_gpe_mult': 3.90857840150086, 'g_gpe_stn_mult': 0.1760295272209238, 'g_stn_gpi_mult': 1.4788746879144443, 'g_gpe_gpi_mult': 0.8585666807371726}. Best is trial 693 with value: 0.13125903303211436.
[I 2026-05-28 03:50:05,557] Trial 713 finished with value: 0.20819042388429107 and parameters: {'ISTN': 60.02355150214118, 'I_gpe': 1.121027981199676, 'I_gpi': 2.2852109729864103, 'noise_stn_sigma': 1.9066858159113724, 'noise_gpe_sigma': 97.18376583742017, 'noise_gpi_sigma': 86.41688727094517, 'g_stn_gpe_mult': 3.901304897048201, 'g_gpe_stn_mult': 0.18529027033854156, 'g_stn_gpi_mult': 1.4673818483811234, 'g_gpe_gpi_mult': 0.8645614970161692}. Best is trial 693 with value: 0.13125903303211436.
[I 2026-05-28 03:50:06,567] Trial 714 finished with value: 0.13476195000359203 and parameters: {'ISTN': 60.49330083478882, 'I_gpe': 1.0443004004064882, 'I_gpi': 2.275340497201851, 'noise_stn_sigma': 2.044093779897004, 'noise_gpe_sigma': 99.47673895597087, 'noise_gpi_sigma': 85.57039687819763, 'g_stn_gpe_mult': 3.978839104931088, 'g_gpe_stn_mult': 0.18295885249163973, 'g_stn_gpi_mult': 1.4438844395233708, 'g_gpe_gpi_mult': 0.8447090110869553}. Best is trial 693 with value: 0.13125903303211436.
[I 2026-05-28 03:50:07,575] Trial 715 finished with value: 0.14177613907731948 and parameters: {'ISTN': 61.50215765328521, 'I_gpe': 0.9688050633356017, 'I_gpi': 2.3005546839818507, 'noise_stn_sigma': 1.93103165158673, 'noise_gpe_sigma': 101.71444375104143, 'noise_gpi_sigma': 83.98616529083071, 'g_stn_gpe_mult': 3.9637317365904723, 'g_gpe_stn_mult': 0.17268490487437219, 'g_stn_gpi_mult': 1.5054454839816844, 'g_gpe_gpi_mult': 0.8866998910865658}. Best is trial 693 with value: 0.13125903303211436.
[I 2026-05-28 03:50:08,582] Trial 716 finished with value: 0.8009598842884585 and parameters: {'ISTN': 60.2348126185559, 'I_gpe': 1.141188205372682, 'I_gpi': 2.2298405464215723, 'noise_stn_sigma': 1.977714401997485, 'noise_gpe_sigma': 98.69104936698903, 'noise_gpi_sigma': 88.81195859691837, 'g_stn_gpe_mult': 3.8772784018108393, 'g_gpe_stn_mult': 0.1832766464121204, 'g_stn_gpi_mult': 1.3715212794730043, 'g_gpe_gpi_mult': 0.8928288281764964}. Best is trial 693 with value: 0.13125903303211436.
[I 2026-05-28 03:50:09,591] Trial 717 finished with value: 1.3121265515492186 and parameters: {'ISTN': 61.03570199686565, 'I_gpe': 1.0680466897772594, 'I_gpi': 2.2958724916878737, 'noise_stn_sigma': 1.7125409314659261, 'noise_gpe_sigma': 93.02125311645699, 'noise_gpi_sigma': 85.50358487560818, 'g_stn_gpe_mult': 3.98212822580608, 'g_gpe_stn_mult': 0.1621231267289273, 'g_stn_gpi_mult': 1.451785453397782, 'g_gpe_gpi_mult': 0.8541442158030108}. Best is trial 693 with value: 0.13125903303211436.
[I 2026-05-28 03:50:10,600] Trial 718 finished with value: 0.1372984202624794 and parameters: {'ISTN': 60.659776979183846, 'I_gpe': 1.005182277059299, 'I_gpi': 2.2547225322713214, 'noise_stn_sigma': 1.953949423198708, 'noise_gpe_sigma': 96.50280771399736, 'noise_gpi_sigma': 84.37585322750871, 'g_stn_gpe_mult': 3.904133959540748, 'g_gpe_stn_mult': 0.1818091545610696, 'g_stn_gpi_mult': 1.529807805192569, 'g_gpe_gpi_mult': 0.8572260733894561}. Best is trial 693 with value: 0.13125903303211436.
[I 2026-05-28 03:50:11,611] Trial 719 finished with value: 0.13844613370890851 and parameters: {'ISTN': 61.077940482532824, 'I_gpe': 1.0408784066321672, 'I_gpi': 2.2577890825989853, 'noise_stn_sigma': 1.7235567129359817, 'noise_gpe_sigma': 97.83748328318772, 'noise_gpi_sigma': 83.70460088622849, 'g_stn_gpe_mult': 3.957391636713568, 'g_gpe_stn_mult': 0.17540798548412095, 'g_stn_gpi_mult': 1.5072539891025762, 'g_gpe_gpi_mult': 0.8755273306028701}. Best is trial 693 with value: 0.13125903303211436.
[I 2026-05-28 03:50:12,619] Trial 720 finished with value: 0.2739983873031504 and parameters: {'ISTN': 60.813909408208566, 'I_gpe': 1.1002754349515191, 'I_gpi': 2.2136179948040793, 'noise_stn_sigma': 1.8499596871324004, 'noise_gpe_sigma': 93.93837919287878, 'noise_gpi_sigma': 83.817010659921, 'g_stn_gpe_mult': 3.8400955957307854, 'g_gpe_stn_mult': 0.1708142095329418, 'g_stn_gpi_mult': 1.5739159087417693, 'g_gpe_gpi_mult': 0.8545050891064561}. Best is trial 693 with value: 0.13125903303211436.
[I 2026-05-28 03:50:13,628] Trial 721 finished with value: 0.1440955659337332 and parameters: {'ISTN': 60.8743859343043, 'I_gpe': 1.0018077313507787, 'I_gpi': 2.2664845217344194, 'noise_stn_sigma': 2.1005075906417447, 'noise_gpe_sigma': 97.87397472647174, 'noise_gpi_sigma': 84.27945799327071, 'g_stn_gpe_mult': 3.9374536766078143, 'g_gpe_stn_mult': 0.18188462496433996, 'g_stn_gpi_mult': 1.3970705027491976, 'g_gpe_gpi_mult': 0.842752118848134}. Best is trial 693 with value: 0.13125903303211436.
[I 2026-05-28 03:50:14,636] Trial 722 finished with value: 0.14266749521961572 and parameters: {'ISTN': 61.30372727958028, 'I_gpe': 0.9998783082533333, 'I_gpi': 2.2770825984292333, 'noise_stn_sigma': 1.9262665478494116, 'noise_gpe_sigma': 98.89730308232485, 'noise_gpi_sigma': 83.48920530775887, 'g_stn_gpe_mult': 3.8765380866959234, 'g_gpe_stn_mult': 0.17446211217356328, 'g_stn_gpi_mult': 1.4579423564110152, 'g_gpe_gpi_mult': 0.8689359078394712}. Best is trial 693 with value: 0.13125903303211436.
[I 2026-05-28 03:50:15,643] Trial 723 finished with value: 0.25573982483542795 and parameters: {'ISTN': 62.09260670261378, 'I_gpe': 1.0307097362430262, 'I_gpi': 2.263959523527829, 'noise_stn_sigma': 1.9570241975086096, 'noise_gpe_sigma': 96.11848152567251, 'noise_gpi_sigma': 79.94227621474269, 'g_stn_gpe_mult': 3.9734579702331025, 'g_gpe_stn_mult': 0.17380925472033523, 'g_stn_gpi_mult': 1.5864907023300754, 'g_gpe_gpi_mult': 0.866580807535128}. Best is trial 693 with value: 0.13125903303211436.
[I 2026-05-28 03:50:16,649] Trial 724 finished with value: 0.13849278807012227 and parameters: {'ISTN': 60.70989766068065, 'I_gpe': 1.0066893629973999, 'I_gpi': 2.2469578102973555, 'noise_stn_sigma': 1.93911630252309, 'noise_gpe_sigma': 101.5813507560893, 'noise_gpi_sigma': 80.5947602053619, 'g_stn_gpe_mult': 3.9481698832465293, 'g_gpe_stn_mult': 0.1806946676303208, 'g_stn_gpi_mult': 1.440062910953785, 'g_gpe_gpi_mult': 0.8583498755938421}. Best is trial 693 with value: 0.13125903303211436.
[I 2026-05-28 03:50:17,655] Trial 725 finished with value: 0.3335714100826172 and parameters: {'ISTN': 60.19688662231684, 'I_gpe': 1.0494968875952677, 'I_gpi': 2.3935729432636803, 'noise_stn_sigma': 1.916865060104298, 'noise_gpe_sigma': 98.9838640657008, 'noise_gpi_sigma': 87.02325436807257, 'g_stn_gpe_mult': 3.9351457933468774, 'g_gpe_stn_mult': 0.18361806316064144, 'g_stn_gpi_mult': 1.4165773246520916, 'g_gpe_gpi_mult': 0.8713200872692575}. Best is trial 693 with value: 0.13125903303211436.
[I 2026-05-28 03:50:18,660] Trial 726 finished with value: 0.13950927538499333 and parameters: {'ISTN': 61.15914066771785, 'I_gpe': 1.0311445764873903, 'I_gpi': 2.3173125646640065, 'noise_stn_sigma': 1.8940088395726233, 'noise_gpe_sigma': 95.36578327747708, 'noise_gpi_sigma': 82.3285343926616, 'g_stn_gpe_mult': 3.997764144684537, 'g_gpe_stn_mult': 0.16833778219144893, 'g_stn_gpi_mult': 1.5750079984326062, 'g_gpe_gpi_mult': 0.8302079801350901}. Best is trial 693 with value: 0.13125903303211436.
[I 2026-05-28 03:50:19,672] Trial 727 finished with value: 0.13945978619753674 and parameters: {'ISTN': 61.00685875831813, 'I_gpe': 1.0004665739075154, 'I_gpi': 2.205141753506785, 'noise_stn_sigma': 1.9453372872706547, 'noise_gpe_sigma': 101.2203097321709, 'noise_gpi_sigma': 82.61770653125528, 'g_stn_gpe_mult': 4.024143295297366, 'g_gpe_stn_mult': 0.17777677211171863, 'g_stn_gpi_mult': 1.5811331939878688, 'g_gpe_gpi_mult': 0.8761197869035218}. Best is trial 693 with value: 0.13125903303211436.
[I 2026-05-28 03:50:20,680] Trial 728 finished with value: 0.1416339826853732 and parameters: {'ISTN': 60.29200350560616, 'I_gpe': 1.0425385485049565, 'I_gpi': 2.4006956903490346, 'noise_stn_sigma': 2.035706936313757, 'noise_gpe_sigma': 102.64637102882504, 'noise_gpi_sigma': 87.5011373150266, 'g_stn_gpe_mult': 3.8854185696579475, 'g_gpe_stn_mult': 0.18643384923032466, 'g_stn_gpi_mult': 1.3286651942888221, 'g_gpe_gpi_mult': 0.8647762159348475}. Best is trial 693 with value: 0.13125903303211436.
[I 2026-05-28 03:50:21,688] Trial 729 finished with value: 0.14108846786834398 and parameters: {'ISTN': 61.12516813201836, 'I_gpe': 0.986705103228904, 'I_gpi': 2.317999885155924, 'noise_stn_sigma': 2.000416694858644, 'noise_gpe_sigma': 100.9672430187565, 'noise_gpi_sigma': 84.57077246702121, 'g_stn_gpe_mult': 3.962875943519885, 'g_gpe_stn_mult': 0.17581727048773232, 'g_stn_gpi_mult': 1.397385929227287, 'g_gpe_gpi_mult': 0.8507718919828955}. Best is trial 693 with value: 0.13125903303211436.
[I 2026-05-28 03:50:22,695] Trial 730 finished with value: 0.13506188673014666 and parameters: {'ISTN': 61.0256947750987, 'I_gpe': 1.0152247838126927, 'I_gpi': 2.2156250093969145, 'noise_stn_sigma': 2.0714685233456187, 'noise_gpe_sigma': 97.99184568502527, 'noise_gpi_sigma': 88.38125252897004, 'g_stn_gpe_mult': 3.9653024092581193, 'g_gpe_stn_mult': 0.17836357246998896, 'g_stn_gpi_mult': 1.44680832966452, 'g_gpe_gpi_mult': 0.8590897016779124}. Best is trial 693 with value: 0.13125903303211436.
[I 2026-05-28 03:50:23,703] Trial 731 finished with value: 0.16318569680637685 and parameters: {'ISTN': 61.93658778794272, 'I_gpe': 1.0454908571505825, 'I_gpi': 2.248586239493301, 'noise_stn_sigma': 1.8567029005105866, 'noise_gpe_sigma': 99.18366712754178, 'noise_gpi_sigma': 86.69976430650566, 'g_stn_gpe_mult': 3.916623728055442, 'g_gpe_stn_mult': 0.17314223819662555, 'g_stn_gpi_mult': 1.4829336752377489, 'g_gpe_gpi_mult': 0.8622185180106094}. Best is trial 693 with value: 0.13125903303211436.
[I 2026-05-28 03:50:24,711] Trial 732 finished with value: 0.14125885966094306 and parameters: {'ISTN': 61.4790186409745, 'I_gpe': 0.990301013221149, 'I_gpi': 2.2123151856056014, 'noise_stn_sigma': 2.0213529838657314, 'noise_gpe_sigma': 99.09681254322298, 'noise_gpi_sigma': 84.58380574262286, 'g_stn_gpe_mult': 3.9540480215472265, 'g_gpe_stn_mult': 0.17286477715321175, 'g_stn_gpi_mult': 1.5005283637530362, 'g_gpe_gpi_mult': 0.8647581358926242}. Best is trial 693 with value: 0.13125903303211436.
[I 2026-05-28 03:50:25,718] Trial 733 finished with value: 0.14415647314367733 and parameters: {'ISTN': 61.35700329981985, 'I_gpe': 0.9826501708344306, 'I_gpi': 2.255380457942345, 'noise_stn_sigma': 1.8603928044323106, 'noise_gpe_sigma': 98.45537519543282, 'noise_gpi_sigma': 83.13841390590059, 'g_stn_gpe_mult': 3.934064490022165, 'g_gpe_stn_mult': 0.1748200038021676, 'g_stn_gpi_mult': 1.414413842343592, 'g_gpe_gpi_mult': 0.8573026495740705}. Best is trial 693 with value: 0.13125903303211436.
[I 2026-05-28 03:50:26,723] Trial 734 finished with value: 0.14224102405325778 and parameters: {'ISTN': 60.98307549135953, 'I_gpe': 0.9784528806761474, 'I_gpi': 2.20744707882964, 'noise_stn_sigma': 2.017764068655385, 'noise_gpe_sigma': 98.67549735682555, 'noise_gpi_sigma': 85.91244927321782, 'g_stn_gpe_mult': 3.9722861501262816, 'g_gpe_stn_mult': 0.18048909666763252, 'g_stn_gpi_mult': 1.4690766759486478, 'g_gpe_gpi_mult': 0.8750497670202169}. Best is trial 693 with value: 0.13125903303211436.
[I 2026-05-28 03:50:27,733] Trial 735 finished with value: 0.1424380967160892 and parameters: {'ISTN': 61.50247630496775, 'I_gpe': 1.0355122864780117, 'I_gpi': 2.205840672042637, 'noise_stn_sigma': 2.020377952842724, 'noise_gpe_sigma': 103.29329254237511, 'noise_gpi_sigma': 84.2389095102216, 'g_stn_gpe_mult': 3.9642985813059526, 'g_gpe_stn_mult': 0.17358968392591478, 'g_stn_gpi_mult': 1.4069612138059386, 'g_gpe_gpi_mult': 0.8343919784292175}. Best is trial 693 with value: 0.13125903303211436.
[I 2026-05-28 03:50:28,739] Trial 736 finished with value: 0.14232606868074146 and parameters: {'ISTN': 61.50594928127253, 'I_gpe': 1.0761072225489525, 'I_gpi': 2.224621169532437, 'noise_stn_sigma': 1.8934372337114154, 'noise_gpe_sigma': 99.98879681563339, 'noise_gpi_sigma': 83.59485799964247, 'g_stn_gpe_mult': 3.9061992868163133, 'g_gpe_stn_mult': 0.17255651949490014, 'g_stn_gpi_mult': 1.4793938494706764, 'g_gpe_gpi_mult': 0.8664703223200829}. Best is trial 693 with value: 0.13125903303211436.
[I 2026-05-28 03:50:29,745] Trial 737 finished with value: 0.1396539739681414 and parameters: {'ISTN': 61.804208314689454, 'I_gpe': 1.0459264394439463, 'I_gpi': 2.232093842159908, 'noise_stn_sigma': 1.9796941938783186, 'noise_gpe_sigma': 99.40629842647314, 'noise_gpi_sigma': 85.29525368812489, 'g_stn_gpe_mult': 3.888681293116607, 'g_gpe_stn_mult': 0.16498082818684123, 'g_stn_gpi_mult': 1.4826852745131553, 'g_gpe_gpi_mult': 0.8726710802178312}. Best is trial 693 with value: 0.13125903303211436.
[I 2026-05-28 03:50:30,754] Trial 738 finished with value: 0.13859808994365044 and parameters: {'ISTN': 60.708764977301534, 'I_gpe': 1.029283659536547, 'I_gpi': 2.158356193697271, 'noise_stn_sigma': 2.004246733688503, 'noise_gpe_sigma': 97.58196724811405, 'noise_gpi_sigma': 85.68711277150989, 'g_stn_gpe_mult': 3.95573762361388, 'g_gpe_stn_mult': 0.17301506536448974, 'g_stn_gpi_mult': 1.4776601255529578, 'g_gpe_gpi_mult': 0.8487086023530639}. Best is trial 693 with value: 0.13125903303211436.
[I 2026-05-28 03:50:31,763] Trial 739 finished with value: 0.15319495968106056 and parameters: {'ISTN': 61.227123233867175, 'I_gpe': 1.0395507377784154, 'I_gpi': 2.1901883245365505, 'noise_stn_sigma': 2.0959930357112695, 'noise_gpe_sigma': 95.99117311009567, 'noise_gpi_sigma': 82.91908688212098, 'g_stn_gpe_mult': 4.150404213293317, 'g_gpe_stn_mult': 0.1778301807819708, 'g_stn_gpi_mult': 1.6096895401135174, 'g_gpe_gpi_mult': 0.8204359521228228}. Best is trial 693 with value: 0.13125903303211436.
[I 2026-05-28 03:50:32,769] Trial 740 finished with value: 0.13523009466037567 and parameters: {'ISTN': 60.51459099040927, 'I_gpe': 1.0251773874512968, 'I_gpi': 2.214835303679356, 'noise_stn_sigma': 2.1143089934433568, 'noise_gpe_sigma': 102.20609372595351, 'noise_gpi_sigma': 83.74164954332241, 'g_stn_gpe_mult': 4.025378580732012, 'g_gpe_stn_mult': 0.1865203234283684, 'g_stn_gpi_mult': 1.492115837663534, 'g_gpe_gpi_mult': 0.8576336463102474}. Best is trial 693 with value: 0.13125903303211436.
[I 2026-05-28 03:50:33,781] Trial 741 finished with value: 0.16553292821881146 and parameters: {'ISTN': 60.697090184562015, 'I_gpe': 1.0755584035550156, 'I_gpi': 2.1268676616710733, 'noise_stn_sigma': 1.9149313296564858, 'noise_gpe_sigma': 97.36629177371478, 'noise_gpi_sigma': 80.75426698385957, 'g_stn_gpe_mult': 3.9573730308957877, 'g_gpe_stn_mult': 0.17296335288542355, 'g_stn_gpi_mult': 1.5345982812508767, 'g_gpe_gpi_mult': 0.8620691464932595}. Best is trial 693 with value: 0.13125903303211436.
[I 2026-05-28 03:50:34,790] Trial 742 finished with value: 0.1458828334749451 and parameters: {'ISTN': 61.01000383044265, 'I_gpe': 1.0199503124616052, 'I_gpi': 2.2014178062209333, 'noise_stn_sigma': 2.0686485189919006, 'noise_gpe_sigma': 100.88115005216592, 'noise_gpi_sigma': 83.96711640193939, 'g_stn_gpe_mult': 3.9593366015539915, 'g_gpe_stn_mult': 0.1832599963385424, 'g_stn_gpi_mult': 1.474523517346849, 'g_gpe_gpi_mult': 0.8636965717480334}. Best is trial 693 with value: 0.13125903303211436.
[I 2026-05-28 03:50:35,798] Trial 743 finished with value: 0.15634630807351832 and parameters: {'ISTN': 62.12930019679966, 'I_gpe': 0.9825593146210818, 'I_gpi': 2.212605930347857, 'noise_stn_sigma': 2.033955674340489, 'noise_gpe_sigma': 101.078461552925, 'noise_gpi_sigma': 85.23253831068153, 'g_stn_gpe_mult': 3.9407876841282605, 'g_gpe_stn_mult': 0.17102495025604983, 'g_stn_gpi_mult': 1.4869765242687563, 'g_gpe_gpi_mult': 0.8636298301994212}. Best is trial 693 with value: 0.13125903303211436.
[I 2026-05-28 03:50:36,806] Trial 744 finished with value: 0.14422740244476664 and parameters: {'ISTN': 61.157169862324785, 'I_gpe': 1.0305520988012513, 'I_gpi': 2.243759214892322, 'noise_stn_sigma': 2.1536934542541624, 'noise_gpe_sigma': 101.23019485425435, 'noise_gpi_sigma': 87.65824681876886, 'g_stn_gpe_mult': 3.91910007719074, 'g_gpe_stn_mult': 0.1819245152771385, 'g_stn_gpi_mult': 1.4916602457168027, 'g_gpe_gpi_mult': 0.8821661375501813}. Best is trial 693 with value: 0.13125903303211436.
[I 2026-05-28 03:50:37,815] Trial 745 finished with value: 0.14350849173287927 and parameters: {'ISTN': 60.97917291682639, 'I_gpe': 0.999854670100045, 'I_gpi': 2.1695629259816585, 'noise_stn_sigma': 2.0849437624647598, 'noise_gpe_sigma': 99.7809179428491, 'noise_gpi_sigma': 82.51459633387654, 'g_stn_gpe_mult': 4.073184467566997, 'g_gpe_stn_mult': 0.18366104817086254, 'g_stn_gpi_mult': 1.5391448790050908, 'g_gpe_gpi_mult': 0.8402094928271371}. Best is trial 693 with value: 0.13125903303211436.
[I 2026-05-28 03:50:38,824] Trial 746 finished with value: 0.29006069315928107 and parameters: {'ISTN': 60.50085409911472, 'I_gpe': 1.0449504345377472, 'I_gpi': 2.2141855981828282, 'noise_stn_sigma': 2.0879010690281463, 'noise_gpe_sigma': 96.83618873899393, 'noise_gpi_sigma': 82.72918117428111, 'g_stn_gpe_mult': 4.097471491908417, 'g_gpe_stn_mult': 0.1826645151976269, 'g_stn_gpi_mult': 1.5678592356958057, 'g_gpe_gpi_mult': 0.8231405605472295}. Best is trial 693 with value: 0.13125903303211436.
[I 2026-05-28 03:50:39,832] Trial 747 finished with value: 0.13864739840514873 and parameters: {'ISTN': 60.99306036951485, 'I_gpe': 1.0083623874924408, 'I_gpi': 2.24676812474745, 'noise_stn_sigma': 2.0726178629874674, 'noise_gpe_sigma': 102.80466099090148, 'noise_gpi_sigma': 84.624581541727, 'g_stn_gpe_mult': 3.922053993416163, 'g_gpe_stn_mult': 0.17925272309761436, 'g_stn_gpi_mult': 1.50111014837793, 'g_gpe_gpi_mult': 0.8732831861926733}. Best is trial 693 with value: 0.13125903303211436.
