[I 2026-05-28 03:22:37,084] Trial 88 finished with value: 15.627530178045633 and parameters: {'ISTN': 78.14050947826937, 'I_gpe': 2.6092362421338677, 'I_gpi': 3.653234786805352, 'noise_stn_sigma': 4.360642661719869, 'noise_gpe_sigma': 71.96138467724904, 'noise_gpi_sigma': 79.33509648262807, 'g_stn_gpe_mult': 2.7741719487021754, 'g_gpe_stn_mult': 0.6630347962123722, 'g_stn_gpi_mult': 3.2765387556267944, 'g_gpe_gpi_mult': 0.6798571074108496}. Best is trial 87 with value: 6.482479826933473.
[I 2026-05-28 03:22:38,089] Trial 89 finished with value: 13.507316477197145 and parameters: {'ISTN': 68.44372897820523, 'I_gpe': 1.1573046465701988, 'I_gpi': 1.901479684942378, 'noise_stn_sigma': 2.9295046788735783, 'noise_gpe_sigma': 95.00676457915972, 'noise_gpi_sigma': 91.67279995600538, 'g_stn_gpe_mult': 2.578128875189621, 'g_gpe_stn_mult': 0.5529777100829556, 'g_stn_gpi_mult': 2.6279783319354015, 'g_gpe_gpi_mult': 1.0099547728837857}. Best is trial 87 with value: 6.482479826933473.
[I 2026-05-28 03:22:39,097] Trial 90 finished with value: 10.093391230400204 and parameters: {'ISTN': 68.45900362976498, 'I_gpe': 1.6976558899169527, 'I_gpi': 2.1029340227544244, 'noise_stn_sigma': 4.404623171667475, 'noise_gpe_sigma': 81.90995724563557, 'noise_gpi_sigma': 56.46415681473482, 'g_stn_gpe_mult': 3.0526676897514253, 'g_gpe_stn_mult': 0.6944737006742648, 'g_stn_gpi_mult': 2.8385428487535336, 'g_gpe_gpi_mult': 0.7800425755835054}. Best is trial 87 with value: 6.482479826933473.
[I 2026-05-28 03:22:40,109] Trial 91 finished with value: 9.739286184705946 and parameters: {'ISTN': 64.85723791085263, 'I_gpe': 1.1141139629780852, 'I_gpi': 1.3524350440287676, 'noise_stn_sigma': 3.26369048062426, 'noise_gpe_sigma': 80.68925795914075, 'noise_gpi_sigma': 73.87006373619016, 'g_stn_gpe_mult': 3.786740011770278, 'g_gpe_stn_mult': 0.48419151040004216, 'g_stn_gpi_mult': 3.7184344464409116, 'g_gpe_gpi_mult': 0.7615543527946471}. Best is trial 87 with value: 6.482479826933473.
[I 2026-05-28 03:22:41,117] Trial 92 finished with value: 10.098066409349197 and parameters: {'ISTN': 62.73419649773198, 'I_gpe': 1.3809717878721526, 'I_gpi': 2.128185765464794, 'noise_stn_sigma': 5.546229765106918, 'noise_gpe_sigma': 70.50294652729524, 'noise_gpi_sigma': 83.70905475792807, 'g_stn_gpe_mult': 3.721980675403665, 'g_gpe_stn_mult': 0.6898730630637954, 'g_stn_gpi_mult': 3.425266773493535, 'g_gpe_gpi_mult': 0.7730789339061528}. Best is trial 87 with value: 6.482479826933473.
[I 2026-05-28 03:22:42,125] Trial 93 finished with value: 15.012010318919447 and parameters: {'ISTN': 80.602203632225, 'I_gpe': 1.660313816620197, 'I_gpi': 1.9210422300554735, 'noise_stn_sigma': 4.545125002099521, 'noise_gpe_sigma': 76.80665305132801, 'noise_gpi_sigma': 30.130165989814714, 'g_stn_gpe_mult': 3.13761289739561, 'g_gpe_stn_mult': 0.5623108830800729, 'g_stn_gpi_mult': 2.4039414232398837, 'g_gpe_gpi_mult': 1.0361546748431647}. Best is trial 87 with value: 6.482479826933473.
[I 2026-05-28 03:22:43,132] Trial 94 finished with value: 12.70870422562869 and parameters: {'ISTN': 81.88698072871901, 'I_gpe': 0.6821795469066723, 'I_gpi': 2.644408120873155, 'noise_stn_sigma': 5.087864712458274, 'noise_gpe_sigma': 65.72595810315886, 'noise_gpi_sigma': 64.30649349485691, 'g_stn_gpe_mult': 3.977866223149906, 'g_gpe_stn_mult': 0.6345965372477032, 'g_stn_gpi_mult': 2.218611608333301, 'g_gpe_gpi_mult': 0.8098867078951286}. Best is trial 87 with value: 6.482479826933473.
[I 2026-05-28 03:22:44,140] Trial 95 finished with value: 17.308184397132806 and parameters: {'ISTN': 90.87767426927462, 'I_gpe': 1.2641483726196494, 'I_gpi': 3.524776324769891, 'noise_stn_sigma': 2.778180272583311, 'noise_gpe_sigma': 58.775422263197015, 'noise_gpi_sigma': 32.20575382030371, 'g_stn_gpe_mult': 1.929264960407838, 'g_gpe_stn_mult': 0.7429452436498918, 'g_stn_gpi_mult': 2.6912006500713748, 'g_gpe_gpi_mult': 1.0950152472734656}. Best is trial 87 with value: 6.482479826933473.
[I 2026-05-28 03:22:45,148] Trial 96 finished with value: 12.124793139318895 and parameters: {'ISTN': 82.37545633713506, 'I_gpe': 1.5706088257201414, 'I_gpi': 1.4161745210832282, 'noise_stn_sigma': 5.148061443563499, 'noise_gpe_sigma': 107.27369681655964, 'noise_gpi_sigma': 65.74228272203773, 'g_stn_gpe_mult': 2.8626123600663567, 'g_gpe_stn_mult': 0.557888570319825, 'g_stn_gpi_mult': 2.846058540196015, 'g_gpe_gpi_mult': 1.0252395327824162}. Best is trial 87 with value: 6.482479826933473.
[I 2026-05-28 03:22:46,156] Trial 97 finished with value: 9.845283328050009 and parameters: {'ISTN': 76.84828510569844, 'I_gpe': 1.732027733633103, 'I_gpi': 1.5328840604726457, 'noise_stn_sigma': 4.836054224051567, 'noise_gpe_sigma': 103.20806062337955, 'noise_gpi_sigma': 36.04706209516968, 'g_stn_gpe_mult': 2.467595631021299, 'g_gpe_stn_mult': 0.4652557280173225, 'g_stn_gpi_mult': 2.645165140244176, 'g_gpe_gpi_mult': 1.1234131892991714}. Best is trial 87 with value: 6.482479826933473.
[I 2026-05-28 03:22:47,163] Trial 98 finished with value: 14.336702520781813 and parameters: {'ISTN': 83.05534466737923, 'I_gpe': 1.586218806465281, 'I_gpi': 1.1296652302140398, 'noise_stn_sigma': 4.962554940903786, 'noise_gpe_sigma': 106.09120589541718, 'noise_gpi_sigma': 56.9278928096367, 'g_stn_gpe_mult': 3.1412425285958117, 'g_gpe_stn_mult': 0.5005611260592673, 'g_stn_gpi_mult': 3.9435630124354595, 'g_gpe_gpi_mult': 0.6509187984160758}. Best is trial 87 with value: 6.482479826933473.
[I 2026-05-28 03:22:48,172] Trial 99 finished with value: 7.856588079826677 and parameters: {'ISTN': 61.31317452310438, 'I_gpe': 1.4691973632167379, 'I_gpi': 1.77038027077375, 'noise_stn_sigma': 5.291171388830677, 'noise_gpe_sigma': 57.058801361045994, 'noise_gpi_sigma': 60.06680717671591, 'g_stn_gpe_mult': 2.5755616733053333, 'g_gpe_stn_mult': 0.5674134479418875, 'g_stn_gpi_mult': 3.358461463806072, 'g_gpe_gpi_mult': 0.9102347187223132}. Best is trial 87 with value: 6.482479826933473.
[I 2026-05-28 03:22:49,179] Trial 100 finished with value: 13.111602695973875 and parameters: {'ISTN': 77.73219950843546, 'I_gpe': 2.109396406333322, 'I_gpi': 2.573990219415657, 'noise_stn_sigma': 1.6965940725437907, 'noise_gpe_sigma': 71.72625298138527, 'noise_gpi_sigma': 77.2449200260125, 'g_stn_gpe_mult': 2.0863527433892886, 'g_gpe_stn_mult': 0.6154729392239622, 'g_stn_gpi_mult': 3.114612014274476, 'g_gpe_gpi_mult': 0.9370800120559355}. Best is trial 87 with value: 6.482479826933473.
[I 2026-05-28 03:22:50,187] Trial 101 finished with value: 10.053906249861853 and parameters: {'ISTN': 65.25627545110385, 'I_gpe': 1.5045171958081036, 'I_gpi': 2.4642247763191896, 'noise_stn_sigma': 3.387765024937634, 'noise_gpe_sigma': 98.09876817702732, 'noise_gpi_sigma': 46.26228660289787, 'g_stn_gpe_mult': 1.6983407059959161, 'g_gpe_stn_mult': 0.7121582728141972, 'g_stn_gpi_mult': 3.037458127016813, 'g_gpe_gpi_mult': 0.9200924414069402}. Best is trial 87 with value: 6.482479826933473.
[I 2026-05-28 03:22:51,195] Trial 102 finished with value: 11.19988106810423 and parameters: {'ISTN': 66.3503719716956, 'I_gpe': 0.9908468356997403, 'I_gpi': 1.560316291359499, 'noise_stn_sigma': 5.026885635503309, 'noise_gpe_sigma': 74.21596997996988, 'noise_gpi_sigma': 38.5082137842886, 'g_stn_gpe_mult': 3.1424295773734117, 'g_gpe_stn_mult': 0.4348062089105623, 'g_stn_gpi_mult': 3.2324583936198876, 'g_gpe_gpi_mult': 0.7730546030858865}. Best is trial 87 with value: 6.482479826933473.
[I 2026-05-28 03:22:52,203] Trial 103 finished with value: 16.234376363413098 and parameters: {'ISTN': 102.1253832033108, 'I_gpe': 1.0200565050083243, 'I_gpi': 2.3155784795193584, 'noise_stn_sigma': 4.058046942859491, 'noise_gpe_sigma': 97.5111026990817, 'noise_gpi_sigma': 59.57323527127021, 'g_stn_gpe_mult': 2.8603373552813363, 'g_gpe_stn_mult': 0.48156115113909526, 'g_stn_gpi_mult': 3.012256905584246, 'g_gpe_gpi_mult': 0.8791098472089462}. Best is trial 87 with value: 6.482479826933473.
[I 2026-05-28 03:22:53,213] Trial 104 finished with value: 8.354236615914928 and parameters: {'ISTN': 61.49995658430049, 'I_gpe': 0.9690806730326927, 'I_gpi': 1.3674106809272055, 'noise_stn_sigma': 4.483597525977778, 'noise_gpe_sigma': 88.55301741889019, 'noise_gpi_sigma': 59.55776488170887, 'g_stn_gpe_mult': 2.6825949724219047, 'g_gpe_stn_mult': 0.5735515042630595, 'g_stn_gpi_mult': 3.2304190073246937, 'g_gpe_gpi_mult': 1.143954193651511}. Best is trial 87 with value: 6.482479826933473.
[I 2026-05-28 03:22:54,221] Trial 105 finished with value: 13.189798804051856 and parameters: {'ISTN': 72.47889769325738, 'I_gpe': 1.5636059867485077, 'I_gpi': 2.787743388069142, 'noise_stn_sigma': 3.7023278489883618, 'noise_gpe_sigma': 81.88142486513745, 'noise_gpi_sigma': 50.94508693279723, 'g_stn_gpe_mult': 2.766482550327642, 'g_gpe_stn_mult': 0.531807172195729, 'g_stn_gpi_mult': 2.7648924987980763, 'g_gpe_gpi_mult': 0.8383138868128355}. Best is trial 87 with value: 6.482479826933473.
[I 2026-05-28 03:22:55,228] Trial 106 finished with value: 6.698116066512521 and parameters: {'ISTN': 66.83482567126757, 'I_gpe': 1.236826393516505, 'I_gpi': 2.1287038814357544, 'noise_stn_sigma': 3.6735627968870594, 'noise_gpe_sigma': 98.79074080406005, 'noise_gpi_sigma': 50.39446463002096, 'g_stn_gpe_mult': 2.9265261165407113, 'g_gpe_stn_mult': 0.7710031059787792, 'g_stn_gpi_mult': 3.21324532977576, 'g_gpe_gpi_mult': 1.1162869147439285}. Best is trial 87 with value: 6.482479826933473.
[I 2026-05-28 03:22:56,234] Trial 107 finished with value: 16.14903222933297 and parameters: {'ISTN': 70.88112678381043, 'I_gpe': 1.8232839066669437, 'I_gpi': 2.588212510021477, 'noise_stn_sigma': 3.8434407717637464, 'noise_gpe_sigma': 52.07544314699741, 'noise_gpi_sigma': 37.826025671708095, 'g_stn_gpe_mult': 3.127217595233089, 'g_gpe_stn_mult': 0.5641846242720471, 'g_stn_gpi_mult': 3.193832711828261, 'g_gpe_gpi_mult': 0.6967749033636845}. Best is trial 87 with value: 6.482479826933473.
[I 2026-05-28 03:22:57,240] Trial 108 finished with value: 8.928122658346712 and parameters: {'ISTN': 78.26893390887784, 'I_gpe': 2.463322223111604, 'I_gpi': 1.488599264814356, 'noise_stn_sigma': 5.135593063817652, 'noise_gpe_sigma': 111.54732117876333, 'noise_gpi_sigma': 83.92705770896018, 'g_stn_gpe_mult': 2.723277139278528, 'g_gpe_stn_mult': 0.6285115927814882, 'g_stn_gpi_mult': 3.320202818993866, 'g_gpe_gpi_mult': 0.9784526645891289}. Best is trial 87 with value: 6.482479826933473.
[I 2026-05-28 03:22:58,249] Trial 109 finished with value: 15.167373965223291 and parameters: {'ISTN': 73.29614082572053, 'I_gpe': 1.3118504692074477, 'I_gpi': 1.5598401746545028, 'noise_stn_sigma': 5.262255053759412, 'noise_gpe_sigma': 55.05611742606636, 'noise_gpi_sigma': 74.78553785113354, 'g_stn_gpe_mult': 2.7941017880193026, 'g_gpe_stn_mult': 0.5617327767532487, 'g_stn_gpi_mult': 3.2218863652299015, 'g_gpe_gpi_mult': 1.1482568597970528}. Best is trial 87 with value: 6.482479826933473.
[I 2026-05-28 03:22:59,255] Trial 110 finished with value: 2.5540782268284152 and parameters: {'ISTN': 60.739460505190834, 'I_gpe': 1.623399161467375, 'I_gpi': 1.945430714045983, 'noise_stn_sigma': 5.316342168898405, 'noise_gpe_sigma': 75.9866803011399, 'noise_gpi_sigma': 23.607235456267276, 'g_stn_gpe_mult': 3.382141446563262, 'g_gpe_stn_mult': 0.49307209431877075, 'g_stn_gpi_mult': 3.4646262004159274, 'g_gpe_gpi_mult': 1.122037167166476}. Best is trial 110 with value: 2.5540782268284152.
[I 2026-05-28 03:23:00,262] Trial 111 finished with value: 6.194290980267914 and parameters: {'ISTN': 69.37831662991225, 'I_gpe': 1.1065525371540694, 'I_gpi': 2.4864756766130767, 'noise_stn_sigma': 4.449772794509845, 'noise_gpe_sigma': 70.89746552677336, 'noise_gpi_sigma': 76.68166365900198, 'g_stn_gpe_mult': 2.891898549047693, 'g_gpe_stn_mult': 0.6173373501845775, 'g_stn_gpi_mult': 3.7788986197633334, 'g_gpe_gpi_mult': 0.8783246447172417}. Best is trial 110 with value: 2.5540782268284152.
[I 2026-05-28 03:23:01,272] Trial 112 finished with value: 16.07246117666031 and parameters: {'ISTN': 77.49561350141063, 'I_gpe': 2.205534987154618, 'I_gpi': 2.105313745167697, 'noise_stn_sigma': 5.842051241648649, 'noise_gpe_sigma': 97.22058769820313, 'noise_gpi_sigma': 25.14523116731411, 'g_stn_gpe_mult': 2.8373508143956467, 'g_gpe_stn_mult': 0.3707493474527006, 'g_stn_gpi_mult': 3.2977145166288118, 'g_gpe_gpi_mult': 0.9912675939375548}. Best is trial 110 with value: 2.5540782268284152.
[I 2026-05-28 03:23:02,279] Trial 113 finished with value: 11.666038108705546 and parameters: {'ISTN': 84.77819835930704, 'I_gpe': 1.6590825079102354, 'I_gpi': 1.2277978187628622, 'noise_stn_sigma': 3.3752024524716204, 'noise_gpe_sigma': 128.33570128619556, 'noise_gpi_sigma': 53.535188832934075, 'g_stn_gpe_mult': 2.6331345523300156, 'g_gpe_stn_mult': 0.7366206678229095, 'g_stn_gpi_mult': 3.321279658337558, 'g_gpe_gpi_mult': 1.195420433478739}. Best is trial 110 with value: 2.5540782268284152.
[I 2026-05-28 03:23:03,287] Trial 114 finished with value: 14.033207217721007 and parameters: {'ISTN': 74.39619908427426, 'I_gpe': 1.4886690109032596, 'I_gpi': 1.7639589591348075, 'noise_stn_sigma': 3.524945088503611, 'noise_gpe_sigma': 87.83474789599727, 'noise_gpi_sigma': 34.56538964497721, 'g_stn_gpe_mult': 2.3471882720564246, 'g_gpe_stn_mult': 0.4611375640458232, 'g_stn_gpi_mult': 3.1192965354014124, 'g_gpe_gpi_mult': 1.0175840023019271}. Best is trial 110 with value: 2.5540782268284152.
[I 2026-05-28 03:23:04,296] Trial 115 finished with value: 16.54251565359227 and parameters: {'ISTN': 80.20924777727852, 'I_gpe': 1.1040596070643387, 'I_gpi': 1.1109920579685721, 'noise_stn_sigma': 3.020613942177383, 'noise_gpe_sigma': 73.90110480562512, 'noise_gpi_sigma': 41.722529679259495, 'g_stn_gpe_mult': 3.848036673083257, 'g_gpe_stn_mult': 0.5617092803419659, 'g_stn_gpi_mult': 2.924906548389899, 'g_gpe_gpi_mult': 1.1368123833254304}. Best is trial 110 with value: 2.5540782268284152.
[I 2026-05-28 03:23:05,303] Trial 116 finished with value: 7.1461919543181605 and parameters: {'ISTN': 62.984110378269826, 'I_gpe': 1.359437993423688, 'I_gpi': 2.255738337484213, 'noise_stn_sigma': 3.939686271105069, 'noise_gpe_sigma': 76.15780838959138, 'noise_gpi_sigma': 48.204563742647764, 'g_stn_gpe_mult': 3.1176349024858356, 'g_gpe_stn_mult': 0.5803966790560532, 'g_stn_gpi_mult': 3.055584968746351, 'g_gpe_gpi_mult': 0.9617404508164824}. Best is trial 110 with value: 2.5540782268284152.
[I 2026-05-28 03:23:06,311] Trial 117 finished with value: 11.685843313351947 and parameters: {'ISTN': 64.4866878489073, 'I_gpe': 1.5354522396281027, 'I_gpi': 1.7121007118977078, 'noise_stn_sigma': 3.8441230094584147, 'noise_gpe_sigma': 106.13322646022145, 'noise_gpi_sigma': 42.844234956727405, 'g_stn_gpe_mult': 2.4190107190026504, 'g_gpe_stn_mult': 0.4734658118379369, 'g_stn_gpi_mult': 3.7214009285172365, 'g_gpe_gpi_mult': 1.1871361803476537}. Best is trial 110 with value: 2.5540782268284152.
[I 2026-05-28 03:23:07,315] Trial 118 finished with value: 11.15728681239397 and parameters: {'ISTN': 66.46416203142537, 'I_gpe': 1.1967835050459175, 'I_gpi': 2.1484230720902646, 'noise_stn_sigma': 5.431743109182258, 'noise_gpe_sigma': 117.80082312620176, 'noise_gpi_sigma': 21.482622368999127, 'g_stn_gpe_mult': 2.665574315578618, 'g_gpe_stn_mult': 0.3626866092285608, 'g_stn_gpi_mult': 2.8303276329749325, 'g_gpe_gpi_mult': 1.1580508155695144}. Best is trial 110 with value: 2.5540782268284152.
[I 2026-05-28 03:23:08,323] Trial 119 finished with value: 14.826156763489548 and parameters: {'ISTN': 85.18642848192015, 'I_gpe': 1.6728385788771702, 'I_gpi': 1.3835319053413526, 'noise_stn_sigma': 3.6674167676463045, 'noise_gpe_sigma': 118.42541555264833, 'noise_gpi_sigma': 48.10259794521103, 'g_stn_gpe_mult': 2.3902738188589323, 'g_gpe_stn_mult': 0.4680113315131478, 'g_stn_gpi_mult': 3.2616864617439045, 'g_gpe_gpi_mult': 1.1557915681177724}. Best is trial 110 with value: 2.5540782268284152.
[I 2026-05-28 03:23:09,330] Trial 120 finished with value: 11.95905877686751 and parameters: {'ISTN': 76.78203379610237, 'I_gpe': 1.1330388282861443, 'I_gpi': 2.5837950098313236, 'noise_stn_sigma': 2.855991214619141, 'noise_gpe_sigma': 97.42964746737819, 'noise_gpi_sigma': 35.67828803408875, 'g_stn_gpe_mult': 2.6564151347354907, 'g_gpe_stn_mult': 0.499048394003872, 'g_stn_gpi_mult': 2.9097651580296304, 'g_gpe_gpi_mult': 1.0120191102177492}. Best is trial 110 with value: 2.5540782268284152.
[I 2026-05-28 03:23:10,340] Trial 121 finished with value: 8.009249883558276 and parameters: {'ISTN': 64.91844885902893, 'I_gpe': 1.065484094664559, 'I_gpi': 1.4846765331539094, 'noise_stn_sigma': 3.3389353595440494, 'noise_gpe_sigma': 74.62415982638065, 'noise_gpi_sigma': 84.9292584456745, 'g_stn_gpe_mult': 2.6116405704194, 'g_gpe_stn_mult': 0.6040289282201561, 'g_stn_gpi_mult': 3.3431084169912806, 'g_gpe_gpi_mult': 1.0304968320831316}. Best is trial 110 with value: 2.5540782268284152.
[I 2026-05-28 03:23:11,347] Trial 122 finished with value: 12.829273210128726 and parameters: {'ISTN': 77.70566557046664, 'I_gpe': 1.5295082159347775, 'I_gpi': 2.5352632933873673, 'noise_stn_sigma': 4.161841672487783, 'noise_gpe_sigma': 83.10718050508574, 'noise_gpi_sigma': 58.09459436658518, 'g_stn_gpe_mult': 2.379688640337128, 'g_gpe_stn_mult': 0.5666621528128164, 'g_stn_gpi_mult': 3.1948444888988585, 'g_gpe_gpi_mult': 0.8539533661607472}. Best is trial 110 with value: 2.5540782268284152.
[I 2026-05-28 03:23:12,355] Trial 123 finished with value: 9.43549364181915 and parameters: {'ISTN': 64.76327704239321, 'I_gpe': 1.6699257237014082, 'I_gpi': 2.272409385598709, 'noise_stn_sigma': 3.5546644089679615, 'noise_gpe_sigma': 60.08716249014052, 'noise_gpi_sigma': 47.317920328541845, 'g_stn_gpe_mult': 2.9273854999166726, 'g_gpe_stn_mult': 0.5245231313441159, 'g_stn_gpi_mult': 3.195752540335749, 'g_gpe_gpi_mult': 0.9690706381428469}. Best is trial 110 with value: 2.5540782268284152.
[I 2026-05-28 03:23:13,362] Trial 124 finished with value: 11.192495641534812 and parameters: {'ISTN': 70.40334820203401, 'I_gpe': 0.5868586159357992, 'I_gpi': 2.392098615948129, 'noise_stn_sigma': 2.7773141328113833, 'noise_gpe_sigma': 98.17395751942526, 'noise_gpi_sigma': 24.88796362586306, 'g_stn_gpe_mult': 3.336721351409216, 'g_gpe_stn_mult': 0.5645265559963372, 'g_stn_gpi_mult': 3.285719807599593, 'g_gpe_gpi_mult': 0.9645035477074477}. Best is trial 110 with value: 2.5540782268284152.
[I 2026-05-28 03:23:14,370] Trial 125 finished with value: 13.88801711243148 and parameters: {'ISTN': 61.74528343929747, 'I_gpe': 1.040259344627484, 'I_gpi': 2.270106195514847, 'noise_stn_sigma': 2.9720348248760926, 'noise_gpe_sigma': 46.5719762632919, 'noise_gpi_sigma': 52.59716509422857, 'g_stn_gpe_mult': 3.169224968260802, 'g_gpe_stn_mult': 0.6939316721640856, 'g_stn_gpi_mult': 2.8955447330216577, 'g_gpe_gpi_mult': 0.9125852139057287}. Best is trial 110 with value: 2.5540782268284152.
[I 2026-05-28 03:23:15,377] Trial 126 finished with value: 8.867765817586417 and parameters: {'ISTN': 64.46621600074262, 'I_gpe': 0.9623035162827397, 'I_gpi': 2.725472635053998, 'noise_stn_sigma': 4.92923572560802, 'noise_gpe_sigma': 83.47093363071238, 'noise_gpi_sigma': 83.05555906047326, 'g_stn_gpe_mult': 2.6506358137639254, 'g_gpe_stn_mult': 0.48966842871454197, 'g_stn_gpi_mult': 3.3514235296744372, 'g_gpe_gpi_mult': 0.8078491073534879}. Best is trial 110 with value: 2.5540782268284152.
[I 2026-05-28 03:23:16,385] Trial 127 finished with value: 11.971462036324017 and parameters: {'ISTN': 78.35762527017394, 'I_gpe': 1.0788568820969608, 'I_gpi': 1.8307985576558619, 'noise_stn_sigma': 3.7962020476451244, 'noise_gpe_sigma': 74.16780517296792, 'noise_gpi_sigma': 65.81203758869887, 'g_stn_gpe_mult': 2.2010953393579777, 'g_gpe_stn_mult': 0.55668890298267, 'g_stn_gpi_mult': 3.2154521853895917, 'g_gpe_gpi_mult': 1.0438502659753677}. Best is trial 110 with value: 2.5540782268284152.
[I 2026-05-28 03:23:17,392] Trial 128 finished with value: 10.162604538699464 and parameters: {'ISTN': 79.23877789441411, 'I_gpe': 0.6628698936603971, 'I_gpi': 2.5730589120037695, 'noise_stn_sigma': 4.34425123944977, 'noise_gpe_sigma': 97.97225093164224, 'noise_gpi_sigma': 44.92806459505318, 'g_stn_gpe_mult': 2.9134700223725307, 'g_gpe_stn_mult': 0.6379466379227354, 'g_stn_gpi_mult': 3.9842215255665847, 'g_gpe_gpi_mult': 0.9873888598319216}. Best is trial 110 with value: 2.5540782268284152.
[I 2026-05-28 03:23:18,397] Trial 129 finished with value: 11.082766244727003 and parameters: {'ISTN': 63.03915053273344, 'I_gpe': 1.5974063069657567, 'I_gpi': 2.13572431038109, 'noise_stn_sigma': 3.402888211077465, 'noise_gpe_sigma': 93.52001765511785, 'noise_gpi_sigma': 40.30654989536487, 'g_stn_gpe_mult': 2.9847028905728683, 'g_gpe_stn_mult': 0.5603908893771333, 'g_stn_gpi_mult': 3.7546120564679177, 'g_gpe_gpi_mult': 1.108753692763388}. Best is trial 110 with value: 2.5540782268284152.
[I 2026-05-28 03:23:19,404] Trial 130 finished with value: 10.171040296360077 and parameters: {'ISTN': 64.79053478896147, 'I_gpe': 1.443218258272777, 'I_gpi': 1.7778514002195982, 'noise_stn_sigma': 4.376147582726948, 'noise_gpe_sigma': 87.28153428980843, 'noise_gpi_sigma': 46.20586354612607, 'g_stn_gpe_mult': 2.7276594737027926, 'g_gpe_stn_mult': 0.5096735551344895, 'g_stn_gpi_mult': 3.819467089207726, 'g_gpe_gpi_mult': 1.1697495595199192}. Best is trial 110 with value: 2.5540782268284152.
[I 2026-05-28 03:23:20,412] Trial 131 finished with value: 12.908192683649343 and parameters: {'ISTN': 73.78954140438114, 'I_gpe': 1.2074332911363164, 'I_gpi': 2.262715251662663, 'noise_stn_sigma': 4.1563199367389005, 'noise_gpe_sigma': 72.00153890424389, 'noise_gpi_sigma': 81.29917388812264, 'g_stn_gpe_mult': 2.984546966293431, 'g_gpe_stn_mult': 0.35209548269851176, 'g_stn_gpi_mult': 2.941891566097106, 'g_gpe_gpi_mult': 0.8426551083444336}. Best is trial 110 with value: 2.5540782268284152.
