[I 2026-05-28 03:41:49,279] Trial 220 finished with value: 0.5890647786531129 and parameters: {'ISTN': 61.464635629157755, 'I_gpe': 0.7925800923221182, 'I_gpi': 2.9984948116212786, 'noise_stn_sigma': 3.3741402863253613, 'noise_gpe_sigma': 96.1183551566655, 'noise_gpi_sigma': 99.8413158331013, 'g_stn_gpe_mult': 3.9025302450082546, 'g_gpe_stn_mult': 0.13322951354827817, 'g_stn_gpi_mult': 1.7741847076755997, 'g_gpe_gpi_mult': 0.9253860834401353}. Best is trial 193 with value: 0.15561397906118069.
[I 2026-05-28 03:41:50,290] Trial 221 finished with value: 9.021427964267271 and parameters: {'ISTN': 70.28037754349887, 'I_gpe': 0.6869954570995889, 'I_gpi': 1.1220340745318262, 'noise_stn_sigma': 2.950601374991688, 'noise_gpe_sigma': 96.37070448586383, 'noise_gpi_sigma': 88.22012513816145, 'g_stn_gpe_mult': 3.9340794556376113, 'g_gpe_stn_mult': 0.33863399775161135, 'g_stn_gpi_mult': 1.925292537121914, 'g_gpe_gpi_mult': 1.043002594009904}. Best is trial 193 with value: 0.15561397906118069.
[I 2026-05-28 03:41:51,298] Trial 222 finished with value: 0.26257557233901474 and parameters: {'ISTN': 61.79774385573068, 'I_gpe': 0.9862655689963926, 'I_gpi': 2.38687815625995, 'noise_stn_sigma': 3.6510565133081228, 'noise_gpe_sigma': 64.15559666442411, 'noise_gpi_sigma': 65.37837951095332, 'g_stn_gpe_mult': 4.076982821814564, 'g_gpe_stn_mult': 0.16199402307042754, 'g_stn_gpi_mult': 2.5899574329140127, 'g_gpe_gpi_mult': 1.01053096603564}. Best is trial 193 with value: 0.15561397906118069.
[I 2026-05-28 03:41:52,303] Trial 223 finished with value: 5.5935845921345555 and parameters: {'ISTN': 69.6850808664903, 'I_gpe': 0.6083987883608909, 'I_gpi': 2.2297857615404615, 'noise_stn_sigma': 4.8724780126273215, 'noise_gpe_sigma': 87.12287075932248, 'noise_gpi_sigma': 51.387092139118664, 'g_stn_gpe_mult': 3.5629716830500135, 'g_gpe_stn_mult': 0.16549321910922543, 'g_stn_gpi_mult': 2.20276194316371, 'g_gpe_gpi_mult': 0.9662276984168392}. Best is trial 193 with value: 0.15561397906118069.
[I 2026-05-28 03:41:53,311] Trial 224 finished with value: 1.7256917889540537 and parameters: {'ISTN': 70.86718008819474, 'I_gpe': 0.7526936712025871, 'I_gpi': 2.6694101886950246, 'noise_stn_sigma': 2.7777457349139336, 'noise_gpe_sigma': 89.11349737170181, 'noise_gpi_sigma': 115.39347138387632, 'g_stn_gpe_mult': 4.120516774020433, 'g_gpe_stn_mult': 0.1081105336517493, 'g_stn_gpi_mult': 1.4716921756252523, 'g_gpe_gpi_mult': 0.9576858138123772}. Best is trial 193 with value: 0.15561397906118069.
[I 2026-05-28 03:41:54,319] Trial 225 finished with value: 13.876076679666477 and parameters: {'ISTN': 80.41237004222482, 'I_gpe': 0.5039938619872151, 'I_gpi': 2.352345763994129, 'noise_stn_sigma': 2.4573984496176857, 'noise_gpe_sigma': 81.30381393426477, 'noise_gpi_sigma': 63.52956853694058, 'g_stn_gpe_mult': 3.9227378383889935, 'g_gpe_stn_mult': 0.20126489673270181, 'g_stn_gpi_mult': 1.75868303109654, 'g_gpe_gpi_mult': 1.0619750376568131}. Best is trial 193 with value: 0.15561397906118069.
[I 2026-05-28 03:41:55,328] Trial 226 finished with value: 9.732771823813025 and parameters: {'ISTN': 74.42228117700232, 'I_gpe': 0.7205498536975011, 'I_gpi': 3.291978071633197, 'noise_stn_sigma': 2.4714736588243404, 'noise_gpe_sigma': 95.78729596545779, 'noise_gpi_sigma': 74.23310641773118, 'g_stn_gpe_mult': 4.055899605671716, 'g_gpe_stn_mult': 0.1277457718611812, 'g_stn_gpi_mult': 1.9295717446678158, 'g_gpe_gpi_mult': 0.950403204011955}. Best is trial 193 with value: 0.15561397906118069.
[I 2026-05-28 03:41:56,333] Trial 227 finished with value: 0.8200944902001696 and parameters: {'ISTN': 63.79605092206199, 'I_gpe': 0.813222607749573, 'I_gpi': 3.150777793274979, 'noise_stn_sigma': 4.126170006172393, 'noise_gpe_sigma': 74.36719005070437, 'noise_gpi_sigma': 72.97038107211674, 'g_stn_gpe_mult': 3.935299383785178, 'g_gpe_stn_mult': 0.18988430005821416, 'g_stn_gpi_mult': 3.0483684049486595, 'g_gpe_gpi_mult': 1.0929977193153178}. Best is trial 193 with value: 0.15561397906118069.
[I 2026-05-28 03:41:57,340] Trial 228 finished with value: 0.29407558610559614 and parameters: {'ISTN': 60.630323142017176, 'I_gpe': 1.3683779097742859, 'I_gpi': 1.6246497967654518, 'noise_stn_sigma': 4.14036907391046, 'noise_gpe_sigma': 86.85866059158556, 'noise_gpi_sigma': 84.7523418092055, 'g_stn_gpe_mult': 3.6274782089908246, 'g_gpe_stn_mult': 0.20057705197280035, 'g_stn_gpi_mult': 1.6981239233539323, 'g_gpe_gpi_mult': 1.0025110453836699}. Best is trial 193 with value: 0.15561397906118069.
[I 2026-05-28 03:41:58,348] Trial 229 finished with value: 9.259425431082143 and parameters: {'ISTN': 69.10200234417289, 'I_gpe': 0.6652575787763175, 'I_gpi': 1.532608885831921, 'noise_stn_sigma': 1.576395980950422, 'noise_gpe_sigma': 69.11820297556812, 'noise_gpi_sigma': 65.35598176213895, 'g_stn_gpe_mult': 3.817786483827027, 'g_gpe_stn_mult': 0.21884041125560583, 'g_stn_gpi_mult': 1.8557528588986596, 'g_gpe_gpi_mult': 1.1539851900154643}. Best is trial 193 with value: 0.15561397906118069.
[I 2026-05-28 03:41:59,296] Trial 230 finished with value: 1000000.0 and parameters: {'ISTN': 64.81135058884993, 'I_gpe': 0.7373315472582112, 'I_gpi': 2.6830222963215316, 'noise_stn_sigma': 4.994509856432116, 'noise_gpe_sigma': 76.9965318879615, 'noise_gpi_sigma': 75.29880227902139, 'g_stn_gpe_mult': 3.7440247390210293, 'g_gpe_stn_mult': 0.14169259267239642, 'g_stn_gpi_mult': 1.952135977003231, 'g_gpe_gpi_mult': 0.9463882855454255}. Best is trial 193 with value: 0.15561397906118069.
[I 2026-05-28 03:42:00,308] Trial 231 finished with value: 0.4046909767126429 and parameters: {'ISTN': 60.40777397022392, 'I_gpe': 0.7004695236824275, 'I_gpi': 2.7829892690117113, 'noise_stn_sigma': 3.3098157902819727, 'noise_gpe_sigma': 86.34409177709007, 'noise_gpi_sigma': 108.69831581830681, 'g_stn_gpe_mult': 3.4857735035269197, 'g_gpe_stn_mult': 0.214271728167649, 'g_stn_gpi_mult': 2.40080065121611, 'g_gpe_gpi_mult': 0.946209809226275}. Best is trial 193 with value: 0.15561397906118069.
[I 2026-05-28 03:42:01,317] Trial 232 finished with value: 0.7893570899764011 and parameters: {'ISTN': 63.027399898875515, 'I_gpe': 1.1942919381377868, 'I_gpi': 2.6793905385341876, 'noise_stn_sigma': 3.0898615421213305, 'noise_gpe_sigma': 72.77026144340383, 'noise_gpi_sigma': 94.48531642428786, 'g_stn_gpe_mult': 4.485159496502606, 'g_gpe_stn_mult': 0.11531745050316385, 'g_stn_gpi_mult': 1.9539249379256343, 'g_gpe_gpi_mult': 1.035272786348619}. Best is trial 193 with value: 0.15561397906118069.
[I 2026-05-28 03:42:02,325] Trial 233 finished with value: 11.40755340320357 and parameters: {'ISTN': 67.67298262061682, 'I_gpe': 0.8714149438766892, 'I_gpi': 1.5020400008322712, 'noise_stn_sigma': 3.8421206011295594, 'noise_gpe_sigma': 91.35490022170944, 'noise_gpi_sigma': 68.83295335926317, 'g_stn_gpe_mult': 4.348944561621638, 'g_gpe_stn_mult': 0.3002956213848957, 'g_stn_gpi_mult': 2.6427482826389572, 'g_gpe_gpi_mult': 1.066692343931181}. Best is trial 193 with value: 0.15561397906118069.
[I 2026-05-28 03:42:03,333] Trial 234 finished with value: 14.632759810202517 and parameters: {'ISTN': 77.96825575198618, 'I_gpe': 0.9196164332243053, 'I_gpi': 2.487859989204105, 'noise_stn_sigma': 4.583857792911297, 'noise_gpe_sigma': 85.05144954237326, 'noise_gpi_sigma': 74.89833520763484, 'g_stn_gpe_mult': 3.9531620844462143, 'g_gpe_stn_mult': 0.24135421769061496, 'g_stn_gpi_mult': 2.013646541277804, 'g_gpe_gpi_mult': 0.9041541550779251}. Best is trial 193 with value: 0.15561397906118069.
[I 2026-05-28 03:42:04,341] Trial 235 finished with value: 10.751056072672947 and parameters: {'ISTN': 69.7652730881709, 'I_gpe': 0.7214972190682114, 'I_gpi': 2.179112664321117, 'noise_stn_sigma': 3.967224157659058, 'noise_gpe_sigma': 98.40269075997203, 'noise_gpi_sigma': 75.02206559743271, 'g_stn_gpe_mult': 3.828231055919031, 'g_gpe_stn_mult': 0.25606857566865393, 'g_stn_gpi_mult': 1.9199834886399596, 'g_gpe_gpi_mult': 1.1024615414579533}. Best is trial 193 with value: 0.15561397906118069.
[I 2026-05-28 03:42:05,348] Trial 236 finished with value: 0.6218567892607192 and parameters: {'ISTN': 63.04605916736113, 'I_gpe': 0.776905319574446, 'I_gpi': 2.7151491004009194, 'noise_stn_sigma': 5.33485085697646, 'noise_gpe_sigma': 81.725212083298, 'noise_gpi_sigma': 95.89495339100395, 'g_stn_gpe_mult': 3.5399192444970473, 'g_gpe_stn_mult': 0.13120405003751087, 'g_stn_gpi_mult': 2.0005070960743403, 'g_gpe_gpi_mult': 0.9319576150628073}. Best is trial 193 with value: 0.15561397906118069.
[I 2026-05-28 03:42:06,355] Trial 237 finished with value: 7.073393437038582 and parameters: {'ISTN': 61.85595987425518, 'I_gpe': 0.7181066657746269, 'I_gpi': 2.270364635403287, 'noise_stn_sigma': 4.613237759650947, 'noise_gpe_sigma': 50.38270910965291, 'noise_gpi_sigma': 64.0106559068836, 'g_stn_gpe_mult': 3.687471939609673, 'g_gpe_stn_mult': 0.27660175917230323, 'g_stn_gpi_mult': 2.033656586700282, 'g_gpe_gpi_mult': 1.1838195743586724}. Best is trial 193 with value: 0.15561397906118069.
[I 2026-05-28 03:42:07,362] Trial 238 finished with value: 0.5670677401352601 and parameters: {'ISTN': 64.3973939826153, 'I_gpe': 1.7240716987223341, 'I_gpi': 2.4149432396642867, 'noise_stn_sigma': 4.277201583150703, 'noise_gpe_sigma': 76.23666534157579, 'noise_gpi_sigma': 68.80170454101179, 'g_stn_gpe_mult': 3.421481844303674, 'g_gpe_stn_mult': 0.15496126946330996, 'g_stn_gpi_mult': 2.493365570987593, 'g_gpe_gpi_mult': 1.0168876651085668}. Best is trial 193 with value: 0.15561397906118069.
[I 2026-05-28 03:42:08,370] Trial 239 finished with value: 1.648816157647544 and parameters: {'ISTN': 65.20375674900609, 'I_gpe': 1.5649461283592232, 'I_gpi': 2.04463766113284, 'noise_stn_sigma': 4.313048570821088, 'noise_gpe_sigma': 96.9281648955378, 'noise_gpi_sigma': 96.38568357724792, 'g_stn_gpe_mult': 3.7375375400351523, 'g_gpe_stn_mult': 0.1350718997235183, 'g_stn_gpi_mult': 2.0106808864469095, 'g_gpe_gpi_mult': 0.9167452239650162}. Best is trial 193 with value: 0.15561397906118069.
[I 2026-05-28 03:42:09,378] Trial 240 finished with value: 1.7671456133779129 and parameters: {'ISTN': 65.89097987390556, 'I_gpe': 1.0629477204317768, 'I_gpi': 2.155951408298847, 'noise_stn_sigma': 5.1872943334372765, 'noise_gpe_sigma': 70.98337313295798, 'noise_gpi_sigma': 93.88604671941032, 'g_stn_gpe_mult': 3.835402125462402, 'g_gpe_stn_mult': 0.17090920885345276, 'g_stn_gpi_mult': 2.043933906569224, 'g_gpe_gpi_mult': 1.0457300367218156}. Best is trial 193 with value: 0.15561397906118069.
[I 2026-05-28 03:42:10,387] Trial 241 finished with value: 0.7167998763222354 and parameters: {'ISTN': 60.98405036246765, 'I_gpe': 0.959304329453076, 'I_gpi': 3.4181835026385397, 'noise_stn_sigma': 3.5413986238731185, 'noise_gpe_sigma': 64.75280409874682, 'noise_gpi_sigma': 113.70720728278313, 'g_stn_gpe_mult': 3.5835738985354033, 'g_gpe_stn_mult': 0.1564679948088539, 'g_stn_gpi_mult': 1.8600458101996997, 'g_gpe_gpi_mult': 0.942092317916116}. Best is trial 193 with value: 0.15561397906118069.
[I 2026-05-28 03:42:11,397] Trial 242 finished with value: 0.46569495734540217 and parameters: {'ISTN': 61.699049962405034, 'I_gpe': 1.0862231623617746, 'I_gpi': 2.9973931923921837, 'noise_stn_sigma': 5.40330700595121, 'noise_gpe_sigma': 63.90189348498349, 'noise_gpi_sigma': 82.92024378451289, 'g_stn_gpe_mult': 3.6266551905193207, 'g_gpe_stn_mult': 0.10356953990399169, 'g_stn_gpi_mult': 2.1343440422286117, 'g_gpe_gpi_mult': 0.783411292634095}. Best is trial 193 with value: 0.15561397906118069.
[I 2026-05-28 03:42:12,404] Trial 243 finished with value: 2.6521143886774223 and parameters: {'ISTN': 64.69646447838184, 'I_gpe': 1.0753262255437983, 'I_gpi': 2.4587609114938562, 'noise_stn_sigma': 2.9493616141614556, 'noise_gpe_sigma': 70.19927436390535, 'noise_gpi_sigma': 109.1343461246975, 'g_stn_gpe_mult': 2.965250505681167, 'g_gpe_stn_mult': 0.234254819743844, 'g_stn_gpi_mult': 1.7188182075520737, 'g_gpe_gpi_mult': 0.9711654966419634}. Best is trial 193 with value: 0.15561397906118069.
[I 2026-05-28 03:42:13,413] Trial 244 finished with value: 11.029935904559801 and parameters: {'ISTN': 72.12858117412972, 'I_gpe': 1.2439003562067432, 'I_gpi': 1.9511878847847428, 'noise_stn_sigma': 2.944628975697065, 'noise_gpe_sigma': 95.13003855686028, 'noise_gpi_sigma': 82.05348125848158, 'g_stn_gpe_mult': 3.3115588616842775, 'g_gpe_stn_mult': 0.1562191992567647, 'g_stn_gpi_mult': 2.3468340053545367, 'g_gpe_gpi_mult': 1.0445894290591093}. Best is trial 193 with value: 0.15561397906118069.
[I 2026-05-28 03:42:14,421] Trial 245 finished with value: 13.21873539373487 and parameters: {'ISTN': 72.69404561173013, 'I_gpe': 1.5776521720989907, 'I_gpi': 2.4606881976081287, 'noise_stn_sigma': 4.394322219704411, 'noise_gpe_sigma': 119.59329073024504, 'noise_gpi_sigma': 83.21623309367317, 'g_stn_gpe_mult': 4.105399686884087, 'g_gpe_stn_mult': 0.14021111108996026, 'g_stn_gpi_mult': 1.9481458869222885, 'g_gpe_gpi_mult': 0.9699251682481704}. Best is trial 193 with value: 0.15561397906118069.
[I 2026-05-28 03:42:15,368] Trial 246 finished with value: 1000000.0 and parameters: {'ISTN': 66.2559454088261, 'I_gpe': 1.3633368834733623, 'I_gpi': 2.7857081000443427, 'noise_stn_sigma': 4.288505553795759, 'noise_gpe_sigma': 82.62399929540854, 'noise_gpi_sigma': 97.1326058578778, 'g_stn_gpe_mult': 3.43458428112051, 'g_gpe_stn_mult': 0.11807254366260159, 'g_stn_gpi_mult': 2.138692284212118, 'g_gpe_gpi_mult': 1.0279460239184328}. Best is trial 193 with value: 0.15561397906118069.
[I 2026-05-28 03:42:16,377] Trial 247 finished with value: 4.525235649157575 and parameters: {'ISTN': 64.94769554516145, 'I_gpe': 0.9695347787533162, 'I_gpi': 2.507773003473703, 'noise_stn_sigma': 3.309573225091638, 'noise_gpe_sigma': 101.26152132876926, 'noise_gpi_sigma': 103.20665313153621, 'g_stn_gpe_mult': 3.707445946725964, 'g_gpe_stn_mult': 0.2918470008091756, 'g_stn_gpi_mult': 1.800664580416678, 'g_gpe_gpi_mult': 0.7331271006291913}. Best is trial 193 with value: 0.15561397906118069.
[I 2026-05-28 03:42:17,383] Trial 248 finished with value: 11.862091743841486 and parameters: {'ISTN': 68.63656831831604, 'I_gpe': 0.9988336481408044, 'I_gpi': 2.533254993247684, 'noise_stn_sigma': 4.639762582085564, 'noise_gpe_sigma': 94.62199777486494, 'noise_gpi_sigma': 124.57333050868532, 'g_stn_gpe_mult': 3.6151686506193417, 'g_gpe_stn_mult': 0.17162796393422172, 'g_stn_gpi_mult': 2.328245089330002, 'g_gpe_gpi_mult': 0.9224949260339974}. Best is trial 193 with value: 0.15561397906118069.
[I 2026-05-28 03:42:18,393] Trial 249 finished with value: 0.2899230524550018 and parameters: {'ISTN': 63.67618392103834, 'I_gpe': 1.142464481790063, 'I_gpi': 2.483343641027466, 'noise_stn_sigma': 2.765150759311465, 'noise_gpe_sigma': 91.64480018011724, 'noise_gpi_sigma': 79.98671286622312, 'g_stn_gpe_mult': 3.5467043725103946, 'g_gpe_stn_mult': 0.20357271591229686, 'g_stn_gpi_mult': 2.29069355233242, 'g_gpe_gpi_mult': 1.007944156815119}. Best is trial 193 with value: 0.15561397906118069.
[I 2026-05-28 03:42:19,399] Trial 250 finished with value: 8.387341152861229 and parameters: {'ISTN': 67.60867955130911, 'I_gpe': 1.5450600419903049, 'I_gpi': 1.9922758208593006, 'noise_stn_sigma': 4.216916310153335, 'noise_gpe_sigma': 109.51138011242354, 'noise_gpi_sigma': 85.31382896207991, 'g_stn_gpe_mult': 4.03223334258842, 'g_gpe_stn_mult': 0.18414707164327282, 'g_stn_gpi_mult': 2.0992541653249024, 'g_gpe_gpi_mult': 1.1107739525975604}. Best is trial 193 with value: 0.15561397906118069.
[I 2026-05-28 03:42:20,410] Trial 251 finished with value: 8.90212903318281 and parameters: {'ISTN': 65.47068238954736, 'I_gpe': 1.0407948339785924, 'I_gpi': 2.2625940281313297, 'noise_stn_sigma': 3.4796633351574755, 'noise_gpe_sigma': 87.03406670239858, 'noise_gpi_sigma': 102.04181598883883, 'g_stn_gpe_mult': 3.379633181082145, 'g_gpe_stn_mult': 0.21817128863820867, 'g_stn_gpi_mult': 2.1861862374584415, 'g_gpe_gpi_mult': 0.8989851891152347}. Best is trial 193 with value: 0.15561397906118069.
[I 2026-05-28 03:42:21,418] Trial 252 finished with value: 3.05979093189138 and parameters: {'ISTN': 66.89829675016394, 'I_gpe': 1.0494356457052954, 'I_gpi': 3.1218694699415166, 'noise_stn_sigma': 4.4130618462388504, 'noise_gpe_sigma': 69.67704469643195, 'noise_gpi_sigma': 77.36135492822186, 'g_stn_gpe_mult': 3.65180312832826, 'g_gpe_stn_mult': 0.12994627898259678, 'g_stn_gpi_mult': 1.769394144274386, 'g_gpe_gpi_mult': 0.844556339810252}. Best is trial 193 with value: 0.15561397906118069.
[I 2026-05-28 03:42:22,426] Trial 253 finished with value: 0.35022765272761186 and parameters: {'ISTN': 61.015528617671436, 'I_gpe': 0.8168187802394182, 'I_gpi': 2.285704854903541, 'noise_stn_sigma': 2.4140622846210222, 'noise_gpe_sigma': 108.25233731243115, 'noise_gpi_sigma': 102.29600943948812, 'g_stn_gpe_mult': 3.615418338756442, 'g_gpe_stn_mult': 0.1588344453804332, 'g_stn_gpi_mult': 2.215898729878384, 'g_gpe_gpi_mult': 0.9886850117257826}. Best is trial 193 with value: 0.15561397906118069.
[I 2026-05-28 03:42:23,434] Trial 254 finished with value: 9.525925082650968 and parameters: {'ISTN': 68.14015401050982, 'I_gpe': 1.3395282264146773, 'I_gpi': 3.2166138249876135, 'noise_stn_sigma': 3.1685150174585344, 'noise_gpe_sigma': 79.77803881314094, 'noise_gpi_sigma': 95.89628190618062, 'g_stn_gpe_mult': 3.967431669678649, 'g_gpe_stn_mult': 0.18109491641846548, 'g_stn_gpi_mult': 2.6997630559699113, 'g_gpe_gpi_mult': 1.0259354024350618}. Best is trial 193 with value: 0.15561397906118069.
[I 2026-05-28 03:42:24,444] Trial 255 finished with value: 0.36056465159136886 and parameters: {'ISTN': 64.56007711811525, 'I_gpe': 1.5867923913270332, 'I_gpi': 2.614311831951267, 'noise_stn_sigma': 3.7881398198199587, 'noise_gpe_sigma': 90.20440435257761, 'noise_gpi_sigma': 104.94890701628654, 'g_stn_gpe_mult': 3.7687874946595334, 'g_gpe_stn_mult': 0.16774191256012255, 'g_stn_gpi_mult': 1.3980510647708597, 'g_gpe_gpi_mult': 0.96304721044015}. Best is trial 193 with value: 0.15561397906118069.
[I 2026-05-28 03:42:25,451] Trial 256 finished with value: 9.625185307280915 and parameters: {'ISTN': 66.19620866083415, 'I_gpe': 1.4137176882919815, 'I_gpi': 2.464534964055628, 'noise_stn_sigma': 2.813070195413119, 'noise_gpe_sigma': 92.24958339100793, 'noise_gpi_sigma': 89.00148917410675, 'g_stn_gpe_mult': 3.580153911556257, 'g_gpe_stn_mult': 0.22220097168906056, 'g_stn_gpi_mult': 2.3279207091712886, 'g_gpe_gpi_mult': 0.8906309585785712}. Best is trial 193 with value: 0.15561397906118069.
[I 2026-05-28 03:42:26,460] Trial 257 finished with value: 1.2849108339493553 and parameters: {'ISTN': 66.21097948880526, 'I_gpe': 1.1329479103423297, 'I_gpi': 2.4694943160847007, 'noise_stn_sigma': 3.6576489173106035, 'noise_gpe_sigma': 61.39812143082724, 'noise_gpi_sigma': 71.47006056016767, 'g_stn_gpe_mult': 3.4754001115658117, 'g_gpe_stn_mult': 0.1605508471239695, 'g_stn_gpi_mult': 2.2482892147682083, 'g_gpe_gpi_mult': 0.8568678407849972}. Best is trial 193 with value: 0.15561397906118069.
[I 2026-05-28 03:42:27,468] Trial 258 finished with value: 0.3112861697581804 and parameters: {'ISTN': 64.02047690333858, 'I_gpe': 0.6305565902310424, 'I_gpi': 2.487120919772479, 'noise_stn_sigma': 3.642224248888604, 'noise_gpe_sigma': 100.19012237389964, 'noise_gpi_sigma': 89.02608819420594, 'g_stn_gpe_mult': 3.867175174485685, 'g_gpe_stn_mult': 0.11924639337689123, 'g_stn_gpi_mult': 2.1811635027667657, 'g_gpe_gpi_mult': 0.9458278535817526}. Best is trial 193 with value: 0.15561397906118069.
[I 2026-05-28 03:42:28,476] Trial 259 finished with value: 0.246113865409966 and parameters: {'ISTN': 61.351006788941106, 'I_gpe': 0.985626023909046, 'I_gpi': 2.1479598181201185, 'noise_stn_sigma': 4.470126407074366, 'noise_gpe_sigma': 70.86526315035621, 'noise_gpi_sigma': 73.08458512954323, 'g_stn_gpe_mult': 3.887167310663013, 'g_gpe_stn_mult': 0.17807093969598428, 'g_stn_gpi_mult': 2.048823095061785, 'g_gpe_gpi_mult': 0.9428521283886357}. Best is trial 193 with value: 0.15561397906118069.
[I 2026-05-28 03:42:29,483] Trial 260 finished with value: 0.49966807549719755 and parameters: {'ISTN': 63.14392128585147, 'I_gpe': 1.030518885676106, 'I_gpi': 3.07488170396216, 'noise_stn_sigma': 3.9544136762197835, 'noise_gpe_sigma': 86.19570111120908, 'noise_gpi_sigma': 121.09363371704325, 'g_stn_gpe_mult': 3.68683012085051, 'g_gpe_stn_mult': 0.126946751393046, 'g_stn_gpi_mult': 2.083182614285595, 'g_gpe_gpi_mult': 0.9318786021272047}. Best is trial 193 with value: 0.15561397906118069.
[I 2026-05-28 03:42:30,491] Trial 261 finished with value: 11.583038504952759 and parameters: {'ISTN': 73.26712874402348, 'I_gpe': 0.8738182863037655, 'I_gpi': 2.5329223105898278, 'noise_stn_sigma': 4.403313347743616, 'noise_gpe_sigma': 98.5593432125532, 'noise_gpi_sigma': 59.33266197953182, 'g_stn_gpe_mult': 4.151515853068705, 'g_gpe_stn_mult': 0.16738047797361716, 'g_stn_gpi_mult': 2.0625493378067787, 'g_gpe_gpi_mult': 0.9226179354550175}. Best is trial 193 with value: 0.15561397906118069.
[I 2026-05-28 03:42:31,500] Trial 262 finished with value: 0.19616050333994203 and parameters: {'ISTN': 60.09828665179853, 'I_gpe': 1.0446305951190504, 'I_gpi': 2.2735537528589944, 'noise_stn_sigma': 3.5357804027356936, 'noise_gpe_sigma': 94.28349974585154, 'noise_gpi_sigma': 78.43168540584826, 'g_stn_gpe_mult': 4.392643657262081, 'g_gpe_stn_mult': 0.2522996672339432, 'g_stn_gpi_mult': 2.1930927191117546, 'g_gpe_gpi_mult': 0.9621213025064204}. Best is trial 193 with value: 0.15561397906118069.
[I 2026-05-28 03:42:32,447] Trial 263 finished with value: 1000000.0 and parameters: {'ISTN': 71.37894227017637, 'I_gpe': 1.2664940732798524, 'I_gpi': 2.222855481325927, 'noise_stn_sigma': 3.7194898209201246, 'noise_gpe_sigma': 102.09344842421976, 'noise_gpi_sigma': 94.4830460542343, 'g_stn_gpe_mult': 3.8281466159596302, 'g_gpe_stn_mult': 0.11407471703379934, 'g_stn_gpi_mult': 2.0246054151130486, 'g_gpe_gpi_mult': 0.8579452477228631}. Best is trial 193 with value: 0.15561397906118069.
