[I 2026-05-28 02:56:42,857] Trial 572 finished with value: 0.17794291651529248 and parameters: {'ISTN': 60.99908004500629, 'I_gpe': 1.1187644232811866, 'I_gpi': 2.19193941572874, 'noise_stn_sigma': 4.141551313847991, 'noise_gpe_sigma': 98.47179747718006, 'noise_gpi_sigma': 111.03378094615421, 'g_stn_gpe_mult': 4.581378755786282, 'g_gpe_stn_mult': 0.17856250107945354, 'g_stn_gpi_mult': 2.238348970350189, 'g_gpe_gpi_mult': 0.9383815733448893}. Best is trial 571 with value: 0.1480255868944281.
[I 2026-05-28 02:56:43,864] Trial 573 finished with value: 0.17966108991063412 and parameters: {'ISTN': 62.48830403361179, 'I_gpe': 1.0752856133982083, 'I_gpi': 2.1573998808083896, 'noise_stn_sigma': 3.9808340651781484, 'noise_gpe_sigma': 99.73065583500588, 'noise_gpi_sigma': 110.91966021623249, 'g_stn_gpe_mult': 4.4606212304281945, 'g_gpe_stn_mult': 0.1640821240619292, 'g_stn_gpi_mult': 2.2837483783297796, 'g_gpe_gpi_mult': 0.931505955703718}. Best is trial 571 with value: 0.1480255868944281.
[I 2026-05-28 02:56:44,873] Trial 574 finished with value: 0.16768321862202432 and parameters: {'ISTN': 60.223234913207364, 'I_gpe': 0.9742609631669654, 'I_gpi': 2.0404732148845985, 'noise_stn_sigma': 3.974611223798464, 'noise_gpe_sigma': 102.86664435275522, 'noise_gpi_sigma': 113.78314907122753, 'g_stn_gpe_mult': 4.52191977382012, 'g_gpe_stn_mult': 0.18666381977573737, 'g_stn_gpi_mult': 2.1812247917565544, 'g_gpe_gpi_mult': 0.9823206071847097}. Best is trial 571 with value: 0.1480255868944281.
[I 2026-05-28 02:56:45,884] Trial 575 finished with value: 0.17622078650074688 and parameters: {'ISTN': 61.89703180877538, 'I_gpe': 1.0651673529266832, 'I_gpi': 2.0599496196492644, 'noise_stn_sigma': 3.869309074970937, 'noise_gpe_sigma': 100.98487655261641, 'noise_gpi_sigma': 110.10148131044383, 'g_stn_gpe_mult': 4.517692596598297, 'g_gpe_stn_mult': 0.18937291136690898, 'g_stn_gpi_mult': 2.299158711222578, 'g_gpe_gpi_mult': 0.906662156591864}. Best is trial 571 with value: 0.1480255868944281.
[I 2026-05-28 02:56:46,894] Trial 576 finished with value: 0.17741139037986517 and parameters: {'ISTN': 61.12386630584718, 'I_gpe': 1.0521906015776756, 'I_gpi': 2.1614903055131864, 'noise_stn_sigma': 3.7052330640755566, 'noise_gpe_sigma': 99.32653511352143, 'noise_gpi_sigma': 111.64733575771123, 'g_stn_gpe_mult': 4.5762641344040516, 'g_gpe_stn_mult': 0.17746125796215864, 'g_stn_gpi_mult': 2.1980198722153856, 'g_gpe_gpi_mult': 0.9326531062525598}. Best is trial 571 with value: 0.1480255868944281.
[I 2026-05-28 02:56:47,904] Trial 577 finished with value: 0.16640761307596513 and parameters: {'ISTN': 60.96755537364484, 'I_gpe': 1.0152159816827573, 'I_gpi': 2.1413563550388766, 'noise_stn_sigma': 3.8434282296031053, 'noise_gpe_sigma': 93.83919503965312, 'noise_gpi_sigma': 111.69615593591764, 'g_stn_gpe_mult': 4.455165510437734, 'g_gpe_stn_mult': 0.16626595404607414, 'g_stn_gpi_mult': 2.2471203970815745, 'g_gpe_gpi_mult': 0.9948301300958431}. Best is trial 571 with value: 0.1480255868944281.
[I 2026-05-28 02:56:48,910] Trial 578 finished with value: 0.18091784392809493 and parameters: {'ISTN': 62.392345561978956, 'I_gpe': 1.1041845792704224, 'I_gpi': 2.0950957745817282, 'noise_stn_sigma': 3.9020705249988326, 'noise_gpe_sigma': 99.62228462504197, 'noise_gpi_sigma': 108.66112991815828, 'g_stn_gpe_mult': 4.525256597188157, 'g_gpe_stn_mult': 0.16345553810262578, 'g_stn_gpi_mult': 2.1991323105463065, 'g_gpe_gpi_mult': 0.9870237031699107}. Best is trial 571 with value: 0.1480255868944281.
[I 2026-05-28 02:56:49,920] Trial 579 finished with value: 0.1646068581113725 and parameters: {'ISTN': 60.2419697638784, 'I_gpe': 1.0391396268446738, 'I_gpi': 2.1397341704469155, 'noise_stn_sigma': 3.7631401950187247, 'noise_gpe_sigma': 101.19713560258133, 'noise_gpi_sigma': 110.72144197121821, 'g_stn_gpe_mult': 4.471752644779528, 'g_gpe_stn_mult': 0.18766525045826982, 'g_stn_gpi_mult': 2.1982646829580155, 'g_gpe_gpi_mult': 0.9755873160164337}. Best is trial 571 with value: 0.1480255868944281.
[I 2026-05-28 02:56:50,932] Trial 580 finished with value: 0.1615212986799495 and parameters: {'ISTN': 61.20038080488331, 'I_gpe': 1.1923446490858849, 'I_gpi': 2.2230387295642418, 'noise_stn_sigma': 3.871666409801013, 'noise_gpe_sigma': 96.69226097278028, 'noise_gpi_sigma': 111.40607576285481, 'g_stn_gpe_mult': 4.498805271288758, 'g_gpe_stn_mult': 0.1538228500496825, 'g_stn_gpi_mult': 2.1827007090223134, 'g_gpe_gpi_mult': 0.9723334296139208}. Best is trial 571 with value: 0.1480255868944281.
[I 2026-05-28 02:56:51,944] Trial 581 finished with value: 0.16030708497566148 and parameters: {'ISTN': 61.12189932437457, 'I_gpe': 0.9988796516879092, 'I_gpi': 2.293983549582961, 'noise_stn_sigma': 3.57805435940311, 'noise_gpe_sigma': 102.54174492531118, 'noise_gpi_sigma': 113.51773256408752, 'g_stn_gpe_mult': 4.595974754885559, 'g_gpe_stn_mult': 0.16033092363581736, 'g_stn_gpi_mult': 2.19555668915131, 'g_gpe_gpi_mult': 0.9323734206796255}. Best is trial 571 with value: 0.1480255868944281.
[I 2026-05-28 02:56:52,953] Trial 582 finished with value: 0.17593616596167627 and parameters: {'ISTN': 61.266630709256475, 'I_gpe': 0.9806763266486075, 'I_gpi': 2.1781630377458026, 'noise_stn_sigma': 3.688182103773288, 'noise_gpe_sigma': 94.38006298811848, 'noise_gpi_sigma': 113.58233721366247, 'g_stn_gpe_mult': 4.460272258995515, 'g_gpe_stn_mult': 0.17340072505721127, 'g_stn_gpi_mult': 2.1867109241984664, 'g_gpe_gpi_mult': 0.9387315214567968}. Best is trial 571 with value: 0.1480255868944281.
[I 2026-05-28 02:56:53,964] Trial 583 finished with value: 0.16927465505162603 and parameters: {'ISTN': 61.064591934515924, 'I_gpe': 0.9794583868728457, 'I_gpi': 2.1802740536018814, 'noise_stn_sigma': 3.5413490754269112, 'noise_gpe_sigma': 105.42825979147601, 'noise_gpi_sigma': 114.02745353153489, 'g_stn_gpe_mult': 4.686168901309312, 'g_gpe_stn_mult': 0.17301136884407622, 'g_stn_gpi_mult': 2.2476322763728858, 'g_gpe_gpi_mult': 0.9843065488143417}. Best is trial 571 with value: 0.1480255868944281.
[I 2026-05-28 02:56:54,974] Trial 584 finished with value: 0.16108102038817074 and parameters: {'ISTN': 61.11017571118991, 'I_gpe': 1.0004039782755532, 'I_gpi': 2.1817945412342485, 'noise_stn_sigma': 3.67272013603104, 'noise_gpe_sigma': 106.24603032276298, 'noise_gpi_sigma': 112.12769188981066, 'g_stn_gpe_mult': 4.558982285780336, 'g_gpe_stn_mult': 0.16301483634819455, 'g_stn_gpi_mult': 2.1726756955127478, 'g_gpe_gpi_mult': 0.9746810491265749}. Best is trial 571 with value: 0.1480255868944281.
[I 2026-05-28 02:56:55,983] Trial 585 finished with value: 0.17623513140219602 and parameters: {'ISTN': 61.43184238702481, 'I_gpe': 1.007357403738854, 'I_gpi': 2.138572835346804, 'noise_stn_sigma': 3.6887007049568505, 'noise_gpe_sigma': 106.73562895119888, 'noise_gpi_sigma': 112.90302333634814, 'g_stn_gpe_mult': 4.421283223222646, 'g_gpe_stn_mult': 0.17495679725434893, 'g_stn_gpi_mult': 2.107805048599548, 'g_gpe_gpi_mult': 0.9249731912910322}. Best is trial 571 with value: 0.1480255868944281.
[I 2026-05-28 02:56:56,991] Trial 586 finished with value: 0.17261482861714808 and parameters: {'ISTN': 60.56468078707031, 'I_gpe': 1.1140542905500486, 'I_gpi': 2.203814945745324, 'noise_stn_sigma': 3.9906234392757245, 'noise_gpe_sigma': 97.93023604631395, 'noise_gpi_sigma': 114.13897327263669, 'g_stn_gpe_mult': 4.650875761009017, 'g_gpe_stn_mult': 0.1765176300906201, 'g_stn_gpi_mult': 2.071155190862136, 'g_gpe_gpi_mult': 1.02763434269138}. Best is trial 571 with value: 0.1480255868944281.
[I 2026-05-28 02:56:58,000] Trial 587 finished with value: 0.1487537041407083 and parameters: {'ISTN': 60.14213500320571, 'I_gpe': 1.0329141613700785, 'I_gpi': 2.0844318171283156, 'noise_stn_sigma': 3.721584369346764, 'noise_gpe_sigma': 101.50572381871265, 'noise_gpi_sigma': 115.44254111405425, 'g_stn_gpe_mult': 4.644270643626381, 'g_gpe_stn_mult': 0.1747189968382961, 'g_stn_gpi_mult': 2.1665976456607483, 'g_gpe_gpi_mult': 0.9909703008806223}. Best is trial 571 with value: 0.1480255868944281.
[I 2026-05-28 02:56:59,008] Trial 588 finished with value: 0.3265426997990852 and parameters: {'ISTN': 61.35497676792247, 'I_gpe': 0.9763110423088591, 'I_gpi': 2.017401166212265, 'noise_stn_sigma': 3.852097821396514, 'noise_gpe_sigma': 103.31832714055338, 'noise_gpi_sigma': 109.5540761309276, 'g_stn_gpe_mult': 4.434503568568054, 'g_gpe_stn_mult': 0.16712911573407488, 'g_stn_gpi_mult': 2.0905281638245587, 'g_gpe_gpi_mult': 0.9897031357835375}. Best is trial 571 with value: 0.1480255868944281.
[I 2026-05-28 02:57:00,020] Trial 589 finished with value: 0.17679242624282426 and parameters: {'ISTN': 60.97075638910697, 'I_gpe': 1.0681292748447868, 'I_gpi': 2.1632278352337186, 'noise_stn_sigma': 4.043985658259755, 'noise_gpe_sigma': 101.7997825211893, 'noise_gpi_sigma': 113.76931675323682, 'g_stn_gpe_mult': 4.586727728866007, 'g_gpe_stn_mult': 0.17869625092875613, 'g_stn_gpi_mult': 2.0824388501187805, 'g_gpe_gpi_mult': 0.9673352917587383}. Best is trial 571 with value: 0.1480255868944281.
[I 2026-05-28 02:57:01,031] Trial 590 finished with value: 0.1742813789935694 and parameters: {'ISTN': 61.408587443001444, 'I_gpe': 0.9792894804210641, 'I_gpi': 2.028705601824432, 'noise_stn_sigma': 3.962357867600277, 'noise_gpe_sigma': 105.03044310631176, 'noise_gpi_sigma': 112.70208622390913, 'g_stn_gpe_mult': 4.503993501207507, 'g_gpe_stn_mult': 0.15854933186362005, 'g_stn_gpi_mult': 2.162575343092644, 'g_gpe_gpi_mult': 0.9837045130765414}. Best is trial 571 with value: 0.1480255868944281.
[I 2026-05-28 02:57:02,040] Trial 591 finished with value: 0.1852983620309072 and parameters: {'ISTN': 63.751270243259526, 'I_gpe': 0.9478777618575315, 'I_gpi': 2.1533412976233257, 'noise_stn_sigma': 3.3147495338659967, 'noise_gpe_sigma': 104.746187462975, 'noise_gpi_sigma': 116.50139207763276, 'g_stn_gpe_mult': 4.619285305568857, 'g_gpe_stn_mult': 0.15394949808911107, 'g_stn_gpi_mult': 2.1989160259365557, 'g_gpe_gpi_mult': 1.003680148203718}. Best is trial 571 with value: 0.1480255868944281.
[I 2026-05-28 02:57:03,050] Trial 592 finished with value: 0.15678667535467805 and parameters: {'ISTN': 61.024629948786455, 'I_gpe': 0.9827820666065874, 'I_gpi': 2.2167678795253085, 'noise_stn_sigma': 3.775276895920321, 'noise_gpe_sigma': 103.75231083256854, 'noise_gpi_sigma': 109.64744848736065, 'g_stn_gpe_mult': 4.542274783622011, 'g_gpe_stn_mult': 0.16411293874222715, 'g_stn_gpi_mult': 2.2788800036913566, 'g_gpe_gpi_mult': 0.9548868950914366}. Best is trial 571 with value: 0.1480255868944281.
[I 2026-05-28 02:57:04,061] Trial 593 finished with value: 0.16911744137945728 and parameters: {'ISTN': 61.07103999948079, 'I_gpe': 0.9160886467115259, 'I_gpi': 2.3370593275265685, 'noise_stn_sigma': 3.2681417815478433, 'noise_gpe_sigma': 95.37444977949939, 'noise_gpi_sigma': 116.1917339649058, 'g_stn_gpe_mult': 4.70663362905732, 'g_gpe_stn_mult': 0.1557446281612096, 'g_stn_gpi_mult': 2.1739672177831952, 'g_gpe_gpi_mult': 0.9972749480145768}. Best is trial 571 with value: 0.1480255868944281.
[I 2026-05-28 02:57:05,071] Trial 594 finished with value: 0.17854781076989165 and parameters: {'ISTN': 61.40715841902296, 'I_gpe': 0.9901751737060687, 'I_gpi': 2.0703423189016865, 'noise_stn_sigma': 3.3990769737630506, 'noise_gpe_sigma': 103.39712897575556, 'noise_gpi_sigma': 114.26058830139506, 'g_stn_gpe_mult': 4.624498594662736, 'g_gpe_stn_mult': 0.1825438736543052, 'g_stn_gpi_mult': 2.1707397277046097, 'g_gpe_gpi_mult': 0.989222510725279}. Best is trial 571 with value: 0.1480255868944281.
[I 2026-05-28 02:57:06,080] Trial 595 finished with value: 0.7048252293241574 and parameters: {'ISTN': 60.281959079033975, 'I_gpe': 0.9837294870940543, 'I_gpi': 2.2358227989722788, 'noise_stn_sigma': 3.927657060951784, 'noise_gpe_sigma': 103.34843775550716, 'noise_gpi_sigma': 111.18977585118597, 'g_stn_gpe_mult': 4.561818933012274, 'g_gpe_stn_mult': 0.14764917237932906, 'g_stn_gpi_mult': 2.233610832062836, 'g_gpe_gpi_mult': 0.9797798187172346}. Best is trial 571 with value: 0.1480255868944281.
[I 2026-05-28 02:57:07,088] Trial 596 finished with value: 0.18024982329426995 and parameters: {'ISTN': 63.609646011637544, 'I_gpe': 0.9087011721714129, 'I_gpi': 2.136166318353211, 'noise_stn_sigma': 3.7498076846394697, 'noise_gpe_sigma': 106.52601010081965, 'noise_gpi_sigma': 111.22650084186093, 'g_stn_gpe_mult': 4.503794431666488, 'g_gpe_stn_mult': 0.1536369416621527, 'g_stn_gpi_mult': 2.206639223980271, 'g_gpe_gpi_mult': 0.9611501229244335}. Best is trial 571 with value: 0.1480255868944281.
[I 2026-05-28 02:57:08,100] Trial 597 finished with value: 0.18612718742662557 and parameters: {'ISTN': 62.365748355373235, 'I_gpe': 0.9380807727955677, 'I_gpi': 2.141525355018204, 'noise_stn_sigma': 3.5114899110835496, 'noise_gpe_sigma': 105.42257329538197, 'noise_gpi_sigma': 117.26483775424266, 'g_stn_gpe_mult': 4.628622032017628, 'g_gpe_stn_mult': 0.1709006399936353, 'g_stn_gpi_mult': 2.1002259044500144, 'g_gpe_gpi_mult': 0.994476042453698}. Best is trial 571 with value: 0.1480255868944281.
[I 2026-05-28 02:57:09,109] Trial 598 finished with value: 0.15541877234020726 and parameters: {'ISTN': 61.03867358504897, 'I_gpe': 1.0804170321227418, 'I_gpi': 2.1206304174842243, 'noise_stn_sigma': 3.959629889449908, 'noise_gpe_sigma': 102.24913583829128, 'noise_gpi_sigma': 114.24181727374608, 'g_stn_gpe_mult': 4.604700871190068, 'g_gpe_stn_mult': 0.1437872373396364, 'g_stn_gpi_mult': 2.252355222983179, 'g_gpe_gpi_mult': 1.0047880847486554}. Best is trial 571 with value: 0.1480255868944281.
[I 2026-05-28 02:57:10,118] Trial 599 finished with value: 0.1633702267304984 and parameters: {'ISTN': 60.42908758971423, 'I_gpe': 1.098489593554277, 'I_gpi': 2.199786892432565, 'noise_stn_sigma': 3.4039563433710267, 'noise_gpe_sigma': 90.11747600579353, 'noise_gpi_sigma': 110.1327660975937, 'g_stn_gpe_mult': 4.580055648877429, 'g_gpe_stn_mult': 0.17793113243810962, 'g_stn_gpi_mult': 2.494266199008005, 'g_gpe_gpi_mult': 0.9466210359754148}. Best is trial 571 with value: 0.1480255868944281.
[I 2026-05-28 02:57:11,128] Trial 600 finished with value: 0.1563193647765396 and parameters: {'ISTN': 60.3455071645953, 'I_gpe': 1.0478187316917609, 'I_gpi': 2.122075963113219, 'noise_stn_sigma': 3.854510314064753, 'noise_gpe_sigma': 91.98505861995727, 'noise_gpi_sigma': 114.31406834593587, 'g_stn_gpe_mult': 4.545484042886146, 'g_gpe_stn_mult': 0.16939890518128006, 'g_stn_gpi_mult': 2.2635158039905945, 'g_gpe_gpi_mult': 1.002631705971795}. Best is trial 571 with value: 0.1480255868944281.
[I 2026-05-28 02:57:12,141] Trial 601 finished with value: 0.15399452785918355 and parameters: {'ISTN': 61.09259438424416, 'I_gpe': 1.1121588153644453, 'I_gpi': 2.162427011739036, 'noise_stn_sigma': 3.8847952274115665, 'noise_gpe_sigma': 98.7095684857613, 'noise_gpi_sigma': 109.94129369071845, 'g_stn_gpe_mult': 4.551577682384569, 'g_gpe_stn_mult': 0.15160240289238053, 'g_stn_gpi_mult': 2.3202704983897813, 'g_gpe_gpi_mult': 1.0279460927317476}. Best is trial 571 with value: 0.1480255868944281.
[I 2026-05-28 02:57:13,151] Trial 602 finished with value: 0.30928008590084344 and parameters: {'ISTN': 61.33631134441412, 'I_gpe': 0.9769811840567906, 'I_gpi': 2.1069482894111213, 'noise_stn_sigma': 3.986709720606656, 'noise_gpe_sigma': 101.94092697393381, 'noise_gpi_sigma': 112.97563250648696, 'g_stn_gpe_mult': 4.524807447433028, 'g_gpe_stn_mult': 0.13843455879518038, 'g_stn_gpi_mult': 2.239590556237981, 'g_gpe_gpi_mult': 1.0111784517583666}. Best is trial 571 with value: 0.1480255868944281.
[I 2026-05-28 02:57:14,161] Trial 603 finished with value: 0.1679117720018627 and parameters: {'ISTN': 62.225840136381, 'I_gpe': 1.0603991104942432, 'I_gpi': 2.1193593499545984, 'noise_stn_sigma': 3.785447640391668, 'noise_gpe_sigma': 100.84394320906044, 'noise_gpi_sigma': 113.1224706590996, 'g_stn_gpe_mult': 4.593823316537593, 'g_gpe_stn_mult': 0.14397750677522642, 'g_stn_gpi_mult': 2.2845082184317933, 'g_gpe_gpi_mult': 1.0098302225392992}. Best is trial 571 with value: 0.1480255868944281.
[I 2026-05-28 02:57:15,171] Trial 604 finished with value: 0.16634616992135315 and parameters: {'ISTN': 60.81409595883375, 'I_gpe': 0.9903238673724897, 'I_gpi': 2.1426452203831743, 'noise_stn_sigma': 3.9338759131008616, 'noise_gpe_sigma': 93.04730907361669, 'noise_gpi_sigma': 115.37069418064414, 'g_stn_gpe_mult': 4.468662695389224, 'g_gpe_stn_mult': 0.16033165355534157, 'g_stn_gpi_mult': 2.2085549363002235, 'g_gpe_gpi_mult': 0.9937697025166581}. Best is trial 571 with value: 0.1480255868944281.
[I 2026-05-28 02:57:16,180] Trial 605 finished with value: 0.17744682729722583 and parameters: {'ISTN': 61.46457517873121, 'I_gpe': 0.9884918060967401, 'I_gpi': 2.1068804093141305, 'noise_stn_sigma': 3.822782151219848, 'noise_gpe_sigma': 93.90608879929738, 'noise_gpi_sigma': 110.7952110875831, 'g_stn_gpe_mult': 4.5682176191933745, 'g_gpe_stn_mult': 0.15983863329391512, 'g_stn_gpi_mult': 2.3203448592577516, 'g_gpe_gpi_mult': 0.9701426570111615}. Best is trial 571 with value: 0.1480255868944281.
[I 2026-05-28 02:57:17,190] Trial 606 finished with value: 0.16403453653536493 and parameters: {'ISTN': 60.47582092890999, 'I_gpe': 0.9294176412318111, 'I_gpi': 2.128728894298583, 'noise_stn_sigma': 3.76859600837577, 'noise_gpe_sigma': 100.21139146331679, 'noise_gpi_sigma': 117.2101528956413, 'g_stn_gpe_mult': 4.478530400896178, 'g_gpe_stn_mult': 0.17381300610895367, 'g_stn_gpi_mult': 2.2675279860130497, 'g_gpe_gpi_mult': 0.9596258367012733}. Best is trial 571 with value: 0.1480255868944281.
[I 2026-05-28 02:57:18,199] Trial 607 finished with value: 0.18304288570473717 and parameters: {'ISTN': 62.88658802115931, 'I_gpe': 1.0479385630054963, 'I_gpi': 2.1594135613278826, 'noise_stn_sigma': 3.8466029190377684, 'noise_gpe_sigma': 102.91213260821351, 'noise_gpi_sigma': 112.45969589891342, 'g_stn_gpe_mult': 4.384500846977655, 'g_gpe_stn_mult': 0.15294748900573035, 'g_stn_gpi_mult': 2.2142232858635706, 'g_gpe_gpi_mult': 1.0532108232903565}. Best is trial 571 with value: 0.1480255868944281.
[I 2026-05-28 02:57:19,208] Trial 608 finished with value: 0.16628297682129983 and parameters: {'ISTN': 61.09920841948559, 'I_gpe': 1.0720739331754428, 'I_gpi': 2.0438227656029584, 'noise_stn_sigma': 4.144366312256015, 'noise_gpe_sigma': 97.97127553581379, 'noise_gpi_sigma': 110.24541212634765, 'g_stn_gpe_mult': 4.620112372461779, 'g_gpe_stn_mult': 0.15505304650228796, 'g_stn_gpi_mult': 2.299923120712353, 'g_gpe_gpi_mult': 1.0104433191731692}. Best is trial 571 with value: 0.1480255868944281.
[I 2026-05-28 02:57:20,219] Trial 609 finished with value: 0.1451815767527864 and parameters: {'ISTN': 60.384789373660126, 'I_gpe': 1.073748615557633, 'I_gpi': 2.2228911058263465, 'noise_stn_sigma': 3.449121115955569, 'noise_gpe_sigma': 97.05911408065847, 'noise_gpi_sigma': 114.0023061471903, 'g_stn_gpe_mult': 4.521700804154584, 'g_gpe_stn_mult': 0.16664345181954646, 'g_stn_gpi_mult': 2.3430684208446797, 'g_gpe_gpi_mult': 0.9903879067770387}. Best is trial 609 with value: 0.1451815767527864.
[I 2026-05-28 02:57:21,230] Trial 610 finished with value: 0.16339921414350195 and parameters: {'ISTN': 61.18765769472575, 'I_gpe': 1.107406436320463, 'I_gpi': 2.1194285219404634, 'noise_stn_sigma': 3.9235713774920438, 'noise_gpe_sigma': 99.0094257914873, 'noise_gpi_sigma': 114.34514486776719, 'g_stn_gpe_mult': 4.475675045411439, 'g_gpe_stn_mult': 0.15049298714090475, 'g_stn_gpi_mult': 2.296593303031394, 'g_gpe_gpi_mult': 1.0157905900580901}. Best is trial 609 with value: 0.1451815767527864.
[I 2026-05-28 02:57:22,242] Trial 611 finished with value: 0.1736362642979714 and parameters: {'ISTN': 61.72853356184282, 'I_gpe': 1.0196871978256112, 'I_gpi': 2.2848665228371896, 'noise_stn_sigma': 3.4027184767654406, 'noise_gpe_sigma': 90.61381844247335, 'noise_gpi_sigma': 115.79624303691827, 'g_stn_gpe_mult': 4.586137480097861, 'g_gpe_stn_mult': 0.15520821125254933, 'g_stn_gpi_mult': 2.3801309713036685, 'g_gpe_gpi_mult': 1.0012600684063853}. Best is trial 609 with value: 0.1451815767527864.
[I 2026-05-28 02:57:23,253] Trial 612 finished with value: 0.18497429187125536 and parameters: {'ISTN': 62.440137984527446, 'I_gpe': 1.1053755485230456, 'I_gpi': 2.1939906125527804, 'noise_stn_sigma': 3.548722358251686, 'noise_gpe_sigma': 103.06830124378848, 'noise_gpi_sigma': 112.29073693331443, 'g_stn_gpe_mult': 4.515244347253099, 'g_gpe_stn_mult': 0.15702047928736787, 'g_stn_gpi_mult': 2.292414337227581, 'g_gpe_gpi_mult': 0.9605499328009488}. Best is trial 609 with value: 0.1451815767527864.
[I 2026-05-28 02:57:24,262] Trial 613 finished with value: 0.1544715964215037 and parameters: {'ISTN': 61.04616896459736, 'I_gpe': 1.0891655022519788, 'I_gpi': 2.0915225244908044, 'noise_stn_sigma': 3.8602904414883636, 'noise_gpe_sigma': 100.96244160156617, 'noise_gpi_sigma': 109.857334163562, 'g_stn_gpe_mult': 4.497119406309849, 'g_gpe_stn_mult': 0.1634710406953142, 'g_stn_gpi_mult': 2.3348573000561963, 'g_gpe_gpi_mult': 0.9929994291575002}. Best is trial 609 with value: 0.1451815767527864.
[I 2026-05-28 02:57:25,272] Trial 614 finished with value: 0.19374317906670255 and parameters: {'ISTN': 61.259139420214, 'I_gpe': 1.0530497835876553, 'I_gpi': 2.208714962366299, 'noise_stn_sigma': 3.764536213096767, 'noise_gpe_sigma': 93.77193345540599, 'noise_gpi_sigma': 113.4447075549871, 'g_stn_gpe_mult': 4.613342718525607, 'g_gpe_stn_mult': 0.14014864910933303, 'g_stn_gpi_mult': 2.4208573167134446, 'g_gpe_gpi_mult': 1.0187232721180528}. Best is trial 609 with value: 0.1451815767527864.
[I 2026-05-28 02:57:26,280] Trial 615 finished with value: 0.16846724789580766 and parameters: {'ISTN': 61.29129993155897, 'I_gpe': 1.0790388049216928, 'I_gpi': 2.0353306548595342, 'noise_stn_sigma': 3.870459636925602, 'noise_gpe_sigma': 102.02388126784632, 'noise_gpi_sigma': 113.79565766377827, 'g_stn_gpe_mult': 4.54912449649583, 'g_gpe_stn_mult': 0.15552523866058693, 'g_stn_gpi_mult': 2.1773239258886687, 'g_gpe_gpi_mult': 0.9997070107735864}. Best is trial 609 with value: 0.1451815767527864.
