[I 2026-05-28 03:46:14,958] Trial 484 finished with value: 3.3752694691435425 and parameters: {'ISTN': 62.657098192379635, 'I_gpe': 0.9403482144757472, 'I_gpi': 2.160955305434774, 'noise_stn_sigma': 1.2065202933999042, 'noise_gpe_sigma': 89.42220545628358, 'noise_gpi_sigma': 71.08087057206535, 'g_stn_gpe_mult': 3.651022845116169, 'g_gpe_stn_mult': 0.13476731554884508, 'g_stn_gpi_mult': 1.6470496408843949, 'g_gpe_gpi_mult': 0.9924106947439573}. Best is trial 415 with value: 0.13860170072011044.
[I 2026-05-28 03:46:15,966] Trial 485 finished with value: 0.20732639373588108 and parameters: {'ISTN': 62.88836673097912, 'I_gpe': 1.200441494961829, 'I_gpi': 2.405168000636422, 'noise_stn_sigma': 1.8177110160106733, 'noise_gpe_sigma': 79.59578499903229, 'noise_gpi_sigma': 77.26956841581374, 'g_stn_gpe_mult': 3.765975358731334, 'g_gpe_stn_mult': 0.15068589381238534, 'g_stn_gpi_mult': 1.6258243336840466, 'g_gpe_gpi_mult': 0.980059880897157}. Best is trial 415 with value: 0.13860170072011044.
[I 2026-05-28 03:46:16,973] Trial 486 finished with value: 0.22717597546853324 and parameters: {'ISTN': 64.97171459714836, 'I_gpe': 1.0397963846009386, 'I_gpi': 1.893404656466653, 'noise_stn_sigma': 1.7391684251192783, 'noise_gpe_sigma': 89.29001546988329, 'noise_gpi_sigma': 59.76350030823805, 'g_stn_gpe_mult': 3.738211410461209, 'g_gpe_stn_mult': 0.16502581830941165, 'g_stn_gpi_mult': 1.8192231195257613, 'g_gpe_gpi_mult': 0.9661802221185949}. Best is trial 415 with value: 0.13860170072011044.
[I 2026-05-28 03:46:17,979] Trial 487 finished with value: 4.529615569687587 and parameters: {'ISTN': 60.73716174701301, 'I_gpe': 0.8540525485757463, 'I_gpi': 2.020588784736014, 'noise_stn_sigma': 1.4884551129223726, 'noise_gpe_sigma': 88.68366992554715, 'noise_gpi_sigma': 75.24938839073582, 'g_stn_gpe_mult': 3.7800983612809937, 'g_gpe_stn_mult': 0.15796228037411814, 'g_stn_gpi_mult': 1.6826785394057189, 'g_gpe_gpi_mult': 1.025617427403148}. Best is trial 415 with value: 0.13860170072011044.
[I 2026-05-28 03:46:18,986] Trial 488 finished with value: 0.34280683950117913 and parameters: {'ISTN': 62.140600933765924, 'I_gpe': 1.0902070481973143, 'I_gpi': 2.3383004615037715, 'noise_stn_sigma': 1.424877399430499, 'noise_gpe_sigma': 88.94324871987335, 'noise_gpi_sigma': 82.08601170623317, 'g_stn_gpe_mult': 3.605367446222448, 'g_gpe_stn_mult': 0.19124948809746217, 'g_stn_gpi_mult': 1.8210755442523137, 'g_gpe_gpi_mult': 1.0149252460057816}. Best is trial 415 with value: 0.13860170072011044.
[I 2026-05-28 03:46:19,993] Trial 489 finished with value: 0.2220518417066458 and parameters: {'ISTN': 62.277473222628906, 'I_gpe': 0.9052047970800351, 'I_gpi': 1.9571258039208226, 'noise_stn_sigma': 1.4313614384136448, 'noise_gpe_sigma': 89.63855246307459, 'noise_gpi_sigma': 73.5845904483096, 'g_stn_gpe_mult': 3.5609585026153843, 'g_gpe_stn_mult': 0.15802778017314642, 'g_stn_gpi_mult': 1.784231585189814, 'g_gpe_gpi_mult': 0.9940970231918711}. Best is trial 415 with value: 0.13860170072011044.
[I 2026-05-28 03:46:20,999] Trial 490 finished with value: 0.19311763407712335 and parameters: {'ISTN': 64.31315900605557, 'I_gpe': 0.9598389743965408, 'I_gpi': 2.0180091885096645, 'noise_stn_sigma': 1.862084215860139, 'noise_gpe_sigma': 88.70799605290946, 'noise_gpi_sigma': 75.68895536974432, 'g_stn_gpe_mult': 3.6945439331951446, 'g_gpe_stn_mult': 0.16785023224014856, 'g_stn_gpi_mult': 1.8529783317304482, 'g_gpe_gpi_mult': 0.9401699831985824}. Best is trial 415 with value: 0.13860170072011044.
[I 2026-05-28 03:46:22,006] Trial 491 finished with value: 0.24016335858436044 and parameters: {'ISTN': 65.51148468722728, 'I_gpe': 0.8316669052179865, 'I_gpi': 1.9102289460822837, 'noise_stn_sigma': 1.8778437052773105, 'noise_gpe_sigma': 80.61476797633765, 'noise_gpi_sigma': 71.7808408693349, 'g_stn_gpe_mult': 3.76305357700657, 'g_gpe_stn_mult': 0.138005665439086, 'g_stn_gpi_mult': 1.9201902966992228, 'g_gpe_gpi_mult': 0.9098811928749575}. Best is trial 415 with value: 0.13860170072011044.
[I 2026-05-28 03:46:23,013] Trial 492 finished with value: 0.22531443656223243 and parameters: {'ISTN': 64.63559838367055, 'I_gpe': 0.9214691337058539, 'I_gpi': 1.9226342282478905, 'noise_stn_sigma': 1.81642823803769, 'noise_gpe_sigma': 91.75183311992559, 'noise_gpi_sigma': 77.03737035326242, 'g_stn_gpe_mult': 3.730165102517396, 'g_gpe_stn_mult': 0.1790746998304201, 'g_stn_gpi_mult': 1.6870070208526373, 'g_gpe_gpi_mult': 0.9909495450774743}. Best is trial 415 with value: 0.13860170072011044.
[I 2026-05-28 03:46:24,022] Trial 493 finished with value: 0.22455694589315747 and parameters: {'ISTN': 63.427357575748935, 'I_gpe': 0.8251712007105668, 'I_gpi': 1.995768821647178, 'noise_stn_sigma': 1.4453688402087246, 'noise_gpe_sigma': 94.27903993381683, 'noise_gpi_sigma': 81.23694240739876, 'g_stn_gpe_mult': 3.4661531714987177, 'g_gpe_stn_mult': 0.17328288428794286, 'g_stn_gpi_mult': 1.4883538856888034, 'g_gpe_gpi_mult': 1.0500275740097416}. Best is trial 415 with value: 0.13860170072011044.
[I 2026-05-28 03:46:25,029] Trial 494 finished with value: 0.21351368967828996 and parameters: {'ISTN': 66.11151637035888, 'I_gpe': 0.9967246204102367, 'I_gpi': 2.1291706532683476, 'noise_stn_sigma': 1.5882715860368761, 'noise_gpe_sigma': 94.17169086199746, 'noise_gpi_sigma': 60.44439579067596, 'g_stn_gpe_mult': 3.5045595096884763, 'g_gpe_stn_mult': 0.15392188918582284, 'g_stn_gpi_mult': 1.7909010573742474, 'g_gpe_gpi_mult': 0.95533774021451}. Best is trial 415 with value: 0.13860170072011044.
[I 2026-05-28 03:46:25,977] Trial 495 finished with value: 1000000.0 and parameters: {'ISTN': 66.8018865029864, 'I_gpe': 1.0160202552022282, 'I_gpi': 1.8826015824145235, 'noise_stn_sigma': 1.6298824049504548, 'noise_gpe_sigma': 81.38087344828605, 'noise_gpi_sigma': 62.30750884691819, 'g_stn_gpe_mult': 3.497653308961043, 'g_gpe_stn_mult': 0.13256531558135326, 'g_stn_gpi_mult': 1.6723346282513754, 'g_gpe_gpi_mult': 0.9427635407642454}. Best is trial 415 with value: 0.13860170072011044.
[I 2026-05-28 03:46:26,983] Trial 496 finished with value: 0.7960131509367218 and parameters: {'ISTN': 60.41101282705421, 'I_gpe': 1.1336829484088495, 'I_gpi': 1.9289789369034231, 'noise_stn_sigma': 1.897722864085956, 'noise_gpe_sigma': 82.48267612003576, 'noise_gpi_sigma': 68.47269293788636, 'g_stn_gpe_mult': 3.504400148431916, 'g_gpe_stn_mult': 0.17515665945972786, 'g_stn_gpi_mult': 1.821613472692352, 'g_gpe_gpi_mult': 0.9540550017964506}. Best is trial 415 with value: 0.13860170072011044.
[I 2026-05-28 03:46:27,989] Trial 497 finished with value: 0.18607390833597062 and parameters: {'ISTN': 61.4391047810863, 'I_gpe': 0.8424147954527069, 'I_gpi': 2.280606379186805, 'noise_stn_sigma': 1.4391451881988682, 'noise_gpe_sigma': 86.3881530884159, 'noise_gpi_sigma': 76.80878249144735, 'g_stn_gpe_mult': 3.7061662668304134, 'g_gpe_stn_mult': 0.19073174384611663, 'g_stn_gpi_mult': 1.8062793526613912, 'g_gpe_gpi_mult': 1.0136798022471007}. Best is trial 415 with value: 0.13860170072011044.
[I 2026-05-28 03:46:28,997] Trial 498 finished with value: 0.15889165509133155 and parameters: {'ISTN': 62.20077345932454, 'I_gpe': 1.0466504587241137, 'I_gpi': 2.028214784617434, 'noise_stn_sigma': 1.5966321669451138, 'noise_gpe_sigma': 88.90646146942802, 'noise_gpi_sigma': 76.54337998729261, 'g_stn_gpe_mult': 3.6816913401741598, 'g_gpe_stn_mult': 0.16882704051903424, 'g_stn_gpi_mult': 1.8384793887960607, 'g_gpe_gpi_mult': 0.9352891940274792}. Best is trial 415 with value: 0.13860170072011044.
[I 2026-05-28 03:46:30,006] Trial 499 finished with value: 5.045666403574834 and parameters: {'ISTN': 62.05948897819733, 'I_gpe': 1.2459193090406284, 'I_gpi': 2.1415391260543393, 'noise_stn_sigma': 1.4543450460335905, 'noise_gpe_sigma': 78.61785771115447, 'noise_gpi_sigma': 69.7971187094067, 'g_stn_gpe_mult': 3.5908760528674915, 'g_gpe_stn_mult': 0.1275531670859524, 'g_stn_gpi_mult': 1.6680476508407625, 'g_gpe_gpi_mult': 0.9928555413627975}. Best is trial 415 with value: 0.13860170072011044.
[I 2026-05-28 03:46:31,013] Trial 500 finished with value: 0.1962372604330952 and parameters: {'ISTN': 65.57292424091708, 'I_gpe': 1.0627134418479236, 'I_gpi': 2.105230630788382, 'noise_stn_sigma': 1.8475293638300267, 'noise_gpe_sigma': 86.67077778013322, 'noise_gpi_sigma': 74.19419182097491, 'g_stn_gpe_mult': 3.8248639629981467, 'g_gpe_stn_mult': 0.15543489547709102, 'g_stn_gpi_mult': 2.162617761794972, 'g_gpe_gpi_mult': 0.9388416424645392}. Best is trial 415 with value: 0.13860170072011044.
[I 2026-05-28 03:46:32,023] Trial 501 finished with value: 0.19685507843688532 and parameters: {'ISTN': 64.42596149874628, 'I_gpe': 0.9156190521269776, 'I_gpi': 2.2835399737301056, 'noise_stn_sigma': 1.91305469860023, 'noise_gpe_sigma': 92.13983958193242, 'noise_gpi_sigma': 77.76734668540843, 'g_stn_gpe_mult': 3.6185273400379403, 'g_gpe_stn_mult': 0.16147842323791206, 'g_stn_gpi_mult': 2.0092427965124604, 'g_gpe_gpi_mult': 0.9054975333462589}. Best is trial 415 with value: 0.13860170072011044.
[I 2026-05-28 03:46:33,029] Trial 502 finished with value: 0.368737872864464 and parameters: {'ISTN': 64.61567383259671, 'I_gpe': 1.0653844908754257, 'I_gpi': 1.9236681801727664, 'noise_stn_sigma': 1.343534404361357, 'noise_gpe_sigma': 80.79642269056563, 'noise_gpi_sigma': 72.93017681044657, 'g_stn_gpe_mult': 3.7954420763132, 'g_gpe_stn_mult': 0.12580957513254862, 'g_stn_gpi_mult': 1.7533309297645525, 'g_gpe_gpi_mult': 0.968727336814849}. Best is trial 415 with value: 0.13860170072011044.
[I 2026-05-28 03:46:34,037] Trial 503 finished with value: 0.17338383554946582 and parameters: {'ISTN': 61.60734419003276, 'I_gpe': 0.8861684045573925, 'I_gpi': 2.311238750438326, 'noise_stn_sigma': 1.8831833610019943, 'noise_gpe_sigma': 90.24015050619529, 'noise_gpi_sigma': 85.57863680255558, 'g_stn_gpe_mult': 3.6533860993336877, 'g_gpe_stn_mult': 0.17870413354689632, 'g_stn_gpi_mult': 1.9354495148520319, 'g_gpe_gpi_mult': 0.9602121009135458}. Best is trial 415 with value: 0.13860170072011044.
[I 2026-05-28 03:46:35,044] Trial 504 finished with value: 0.19581906880077724 and parameters: {'ISTN': 62.93111309207394, 'I_gpe': 0.9003460009062212, 'I_gpi': 2.0232182033722186, 'noise_stn_sigma': 1.6097014316692744, 'noise_gpe_sigma': 77.58519499468255, 'noise_gpi_sigma': 76.26100301921458, 'g_stn_gpe_mult': 3.8038207609355346, 'g_gpe_stn_mult': 0.1791286186100925, 'g_stn_gpi_mult': 2.1714640995219012, 'g_gpe_gpi_mult': 0.9642198818752823}. Best is trial 415 with value: 0.13860170072011044.
[I 2026-05-28 03:46:36,052] Trial 505 finished with value: 0.2080671280644843 and parameters: {'ISTN': 64.14618023893358, 'I_gpe': 0.9199549944495287, 'I_gpi': 2.151364891331535, 'noise_stn_sigma': 1.6522936919450855, 'noise_gpe_sigma': 95.81350348302733, 'noise_gpi_sigma': 70.01599129392909, 'g_stn_gpe_mult': 3.6548262582210214, 'g_gpe_stn_mult': 0.1943107118327551, 'g_stn_gpi_mult': 1.7183929649544556, 'g_gpe_gpi_mult': 0.9012524201815948}. Best is trial 415 with value: 0.13860170072011044.
[I 2026-05-28 03:46:37,058] Trial 506 finished with value: 0.3545408378758211 and parameters: {'ISTN': 63.31964765755251, 'I_gpe': 0.7985807740952833, 'I_gpi': 2.355121790270654, 'noise_stn_sigma': 1.3334769909889226, 'noise_gpe_sigma': 90.9056735877271, 'noise_gpi_sigma': 78.78260575798905, 'g_stn_gpe_mult': 3.5092575803626502, 'g_gpe_stn_mult': 0.17602413595243077, 'g_stn_gpi_mult': 1.8730628830508906, 'g_gpe_gpi_mult': 0.9662494625339335}. Best is trial 415 with value: 0.13860170072011044.
[I 2026-05-28 03:46:38,067] Trial 507 finished with value: 0.18689672395958634 and parameters: {'ISTN': 64.1719590002145, 'I_gpe': 1.0644271641194223, 'I_gpi': 2.148588904895079, 'noise_stn_sigma': 1.7421736575732523, 'noise_gpe_sigma': 84.45715854029991, 'noise_gpi_sigma': 73.54733515435056, 'g_stn_gpe_mult': 3.708831175558862, 'g_gpe_stn_mult': 0.152055873824788, 'g_stn_gpi_mult': 1.9519421197419409, 'g_gpe_gpi_mult': 0.8822271590095787}. Best is trial 415 with value: 0.13860170072011044.
[I 2026-05-28 03:46:39,076] Trial 508 finished with value: 0.2049628347914411 and parameters: {'ISTN': 62.68355064352654, 'I_gpe': 0.8429262782430681, 'I_gpi': 2.116099860949941, 'noise_stn_sigma': 1.848141307703733, 'noise_gpe_sigma': 81.26852315185099, 'noise_gpi_sigma': 79.53960757318109, 'g_stn_gpe_mult': 3.6542139554913424, 'g_gpe_stn_mult': 0.18201151149002398, 'g_stn_gpi_mult': 1.7724833401261046, 'g_gpe_gpi_mult': 1.0154438549799312}. Best is trial 415 with value: 0.13860170072011044.
[I 2026-05-28 03:46:40,083] Trial 509 finished with value: 0.15222928212576045 and parameters: {'ISTN': 63.075852452132665, 'I_gpe': 1.0340228026712506, 'I_gpi': 2.196794760647794, 'noise_stn_sigma': 2.0097426718025826, 'noise_gpe_sigma': 91.21784996613694, 'noise_gpi_sigma': 84.27498184809357, 'g_stn_gpe_mult': 3.6612043201288547, 'g_gpe_stn_mult': 0.1460821126974005, 'g_stn_gpi_mult': 1.549407905004848, 'g_gpe_gpi_mult': 0.9507480383080791}. Best is trial 415 with value: 0.13860170072011044.
[I 2026-05-28 03:46:41,091] Trial 510 finished with value: 0.1831509247308876 and parameters: {'ISTN': 62.90727213016362, 'I_gpe': 0.9243653948495659, 'I_gpi': 2.0345126866066305, 'noise_stn_sigma': 1.5889079357762692, 'noise_gpe_sigma': 91.43317976925401, 'noise_gpi_sigma': 79.13928247980377, 'g_stn_gpe_mult': 3.603843430128573, 'g_gpe_stn_mult': 0.17772491167013119, 'g_stn_gpi_mult': 1.8335199062970773, 'g_gpe_gpi_mult': 0.9202107945838698}. Best is trial 415 with value: 0.13860170072011044.
[I 2026-05-28 03:46:42,102] Trial 511 finished with value: 0.1831048360756366 and parameters: {'ISTN': 64.18790136749854, 'I_gpe': 0.951357031688935, 'I_gpi': 2.1133693498505988, 'noise_stn_sigma': 1.707249773307367, 'noise_gpe_sigma': 96.4122267086929, 'noise_gpi_sigma': 87.07481573631814, 'g_stn_gpe_mult': 3.5892891954111192, 'g_gpe_stn_mult': 0.14608135820454124, 'g_stn_gpi_mult': 1.4385075114133894, 'g_gpe_gpi_mult': 0.937950003082413}. Best is trial 415 with value: 0.13860170072011044.
[I 2026-05-28 03:46:43,109] Trial 512 finished with value: 0.15081029262592371 and parameters: {'ISTN': 61.68569726071959, 'I_gpe': 0.9779490611203308, 'I_gpi': 2.024844819013288, 'noise_stn_sigma': 2.057138271784054, 'noise_gpe_sigma': 96.86346804042962, 'noise_gpi_sigma': 79.7430425501216, 'g_stn_gpe_mult': 3.7254680566056617, 'g_gpe_stn_mult': 0.17149693065965513, 'g_stn_gpi_mult': 1.7951209424574948, 'g_gpe_gpi_mult': 0.9612045332499624}. Best is trial 415 with value: 0.13860170072011044.
[I 2026-05-28 03:46:44,119] Trial 513 finished with value: 0.5019773916634157 and parameters: {'ISTN': 64.2463095041891, 'I_gpe': 1.1478829073942598, 'I_gpi': 2.3604014603732324, 'noise_stn_sigma': 1.7308478200198234, 'noise_gpe_sigma': 90.04221631874995, 'noise_gpi_sigma': 87.306077009675, 'g_stn_gpe_mult': 3.7471486991162255, 'g_gpe_stn_mult': 0.15570243079715335, 'g_stn_gpi_mult': 1.6815177358594178, 'g_gpe_gpi_mult': 0.923408246765034}. Best is trial 415 with value: 0.13860170072011044.
[I 2026-05-28 03:46:45,125] Trial 514 finished with value: 0.1653793649636725 and parameters: {'ISTN': 62.904647673991576, 'I_gpe': 1.0127287025586476, 'I_gpi': 2.187188717571029, 'noise_stn_sigma': 1.9764114055699955, 'noise_gpe_sigma': 94.97102362826111, 'noise_gpi_sigma': 81.05704972012963, 'g_stn_gpe_mult': 3.521057529534458, 'g_gpe_stn_mult': 0.15734837465057502, 'g_stn_gpi_mult': 1.4546860127606982, 'g_gpe_gpi_mult': 0.9005011520421038}. Best is trial 415 with value: 0.13860170072011044.
[I 2026-05-28 03:46:46,132] Trial 515 finished with value: 0.21977175101663027 and parameters: {'ISTN': 64.07681813783975, 'I_gpe': 0.9872522937466943, 'I_gpi': 1.9632028882403685, 'noise_stn_sigma': 1.6650734827423943, 'noise_gpe_sigma': 80.99116723927722, 'noise_gpi_sigma': 79.21388482805808, 'g_stn_gpe_mult': 3.6363037986473112, 'g_gpe_stn_mult': 0.18552332208499037, 'g_stn_gpi_mult': 1.5155067947942427, 'g_gpe_gpi_mult': 0.9627987427071443}. Best is trial 415 with value: 0.13860170072011044.
[I 2026-05-28 03:46:47,142] Trial 516 finished with value: 3.8919415578878835 and parameters: {'ISTN': 60.068700746033166, 'I_gpe': 0.8929464671148819, 'I_gpi': 2.0426187201433894, 'noise_stn_sigma': 1.4371576594088025, 'noise_gpe_sigma': 95.30569107726161, 'noise_gpi_sigma': 79.63037626209956, 'g_stn_gpe_mult': 3.5299472204047433, 'g_gpe_stn_mult': 0.17929314273868543, 'g_stn_gpi_mult': 1.5658995367609316, 'g_gpe_gpi_mult': 0.9885584960456697}. Best is trial 415 with value: 0.13860170072011044.
[I 2026-05-28 03:46:48,146] Trial 517 finished with value: 0.3205303444682548 and parameters: {'ISTN': 62.18465280199482, 'I_gpe': 1.078345381530525, 'I_gpi': 2.0449453680213177, 'noise_stn_sigma': 1.6207597532818525, 'noise_gpe_sigma': 88.72551498691391, 'noise_gpi_sigma': 80.66439497377954, 'g_stn_gpe_mult': 3.821640756830805, 'g_gpe_stn_mult': 0.15439548722885377, 'g_stn_gpi_mult': 1.725466786081899, 'g_gpe_gpi_mult': 0.9623025069506899}. Best is trial 415 with value: 0.13860170072011044.
[I 2026-05-28 03:46:49,153] Trial 518 finished with value: 2.6870284419290793 and parameters: {'ISTN': 62.24447375836295, 'I_gpe': 0.9290730253316917, 'I_gpi': 2.1740625051674636, 'noise_stn_sigma': 1.8388516731657127, 'noise_gpe_sigma': 87.24244537877894, 'noise_gpi_sigma': 81.27782669674946, 'g_stn_gpe_mult': 3.7292329839436067, 'g_gpe_stn_mult': 0.1389866668279639, 'g_stn_gpi_mult': 1.6876395249116134, 'g_gpe_gpi_mult': 0.9947542908597273}. Best is trial 415 with value: 0.13860170072011044.
[I 2026-05-28 03:46:50,161] Trial 519 finished with value: 0.18182568664797663 and parameters: {'ISTN': 62.728756699533626, 'I_gpe': 0.9510206503556106, 'I_gpi': 2.4036706832514008, 'noise_stn_sigma': 2.0114621976587657, 'noise_gpe_sigma': 89.9915197495696, 'noise_gpi_sigma': 87.85268990549706, 'g_stn_gpe_mult': 3.4037881569783894, 'g_gpe_stn_mult': 0.15469678523556568, 'g_stn_gpi_mult': 1.711706055374046, 'g_gpe_gpi_mult': 0.9784725067580005}. Best is trial 415 with value: 0.13860170072011044.
[I 2026-05-28 03:46:51,169] Trial 520 finished with value: 0.817831255804805 and parameters: {'ISTN': 60.22473671313551, 'I_gpe': 0.8831929082644034, 'I_gpi': 2.0383363176593265, 'noise_stn_sigma': 1.8994602982056157, 'noise_gpe_sigma': 86.49502539596682, 'noise_gpi_sigma': 81.31275052756513, 'g_stn_gpe_mult': 3.7355234246316393, 'g_gpe_stn_mult': 0.17439985475575775, 'g_stn_gpi_mult': 1.6694786145386618, 'g_gpe_gpi_mult': 0.9068836584066859}. Best is trial 415 with value: 0.13860170072011044.
[I 2026-05-28 03:46:52,180] Trial 521 finished with value: 0.17632974864531026 and parameters: {'ISTN': 63.21371715847969, 'I_gpe': 0.9687238394290013, 'I_gpi': 2.1399842855765625, 'noise_stn_sigma': 2.2439751297716044, 'noise_gpe_sigma': 101.08670151107917, 'noise_gpi_sigma': 88.57418488988547, 'g_stn_gpe_mult': 3.4663762447091795, 'g_gpe_stn_mult': 0.16471210314710477, 'g_stn_gpi_mult': 1.509363449692829, 'g_gpe_gpi_mult': 0.9295254938952002}. Best is trial 415 with value: 0.13860170072011044.
[I 2026-05-28 03:46:53,190] Trial 522 finished with value: 0.16526884206692824 and parameters: {'ISTN': 63.25254949570841, 'I_gpe': 0.9295634244590305, 'I_gpi': 2.1466372300841057, 'noise_stn_sigma': 2.3950129041171593, 'noise_gpe_sigma': 95.07724417525992, 'noise_gpi_sigma': 82.88333234314646, 'g_stn_gpe_mult': 3.6555078332107676, 'g_gpe_stn_mult': 0.14274866554633647, 'g_stn_gpi_mult': 1.617573407552436, 'g_gpe_gpi_mult': 0.880146713782576}. Best is trial 415 with value: 0.13860170072011044.
[I 2026-05-28 03:46:54,198] Trial 523 finished with value: 0.7340917161515155 and parameters: {'ISTN': 63.662758376643154, 'I_gpe': 1.0714938856510274, 'I_gpi': 2.2778422954063826, 'noise_stn_sigma': 2.1483860300642235, 'noise_gpe_sigma': 85.10989547666968, 'noise_gpi_sigma': 79.02604631974773, 'g_stn_gpe_mult': 3.7563130351624032, 'g_gpe_stn_mult': 0.12357682529251074, 'g_stn_gpi_mult': 1.6500694787971062, 'g_gpe_gpi_mult': 0.9468551152404556}. Best is trial 415 with value: 0.13860170072011044.
[I 2026-05-28 03:46:55,209] Trial 524 finished with value: 0.18357131850742914 and parameters: {'ISTN': 64.12709686677941, 'I_gpe': 1.0744725561770678, 'I_gpi': 2.0068572156344553, 'noise_stn_sigma': 1.873605334426303, 'noise_gpe_sigma': 93.7501830352343, 'noise_gpi_sigma': 74.6473356640443, 'g_stn_gpe_mult': 3.4621792641748432, 'g_gpe_stn_mult': 0.1412938768572762, 'g_stn_gpi_mult': 1.6218714601941047, 'g_gpe_gpi_mult': 0.9906206498447097}. Best is trial 415 with value: 0.13860170072011044.
[I 2026-05-28 03:46:56,218] Trial 525 finished with value: 0.5021561304036462 and parameters: {'ISTN': 61.0893291392439, 'I_gpe': 1.0241108257650855, 'I_gpi': 2.252854798798683, 'noise_stn_sigma': 2.440866703519564, 'noise_gpe_sigma': 95.73098488036106, 'noise_gpi_sigma': 91.81200112513334, 'g_stn_gpe_mult': 3.5094735209769476, 'g_gpe_stn_mult': 0.14477992287983485, 'g_stn_gpi_mult': 1.4838018181235602, 'g_gpe_gpi_mult': 0.9361385845717596}. Best is trial 415 with value: 0.13860170072011044.
[I 2026-05-28 03:46:57,226] Trial 526 finished with value: 0.7178257448585912 and parameters: {'ISTN': 63.43523436125498, 'I_gpe': 0.8236016288670432, 'I_gpi': 2.262203556154586, 'noise_stn_sigma': 2.1164460704385366, 'noise_gpe_sigma': 94.03497007654127, 'noise_gpi_sigma': 81.99467595902193, 'g_stn_gpe_mult': 3.7086137532867713, 'g_gpe_stn_mult': 0.1293646546353016, 'g_stn_gpi_mult': 1.6587919474984836, 'g_gpe_gpi_mult': 1.0355821562429086}. Best is trial 415 with value: 0.13860170072011044.
[I 2026-05-28 03:46:58,237] Trial 527 finished with value: 0.16143615033413108 and parameters: {'ISTN': 63.64775394965557, 'I_gpe': 1.016457134790723, 'I_gpi': 2.1504492873111776, 'noise_stn_sigma': 1.8670050184968658, 'noise_gpe_sigma': 95.07933926589253, 'noise_gpi_sigma': 70.88401686396631, 'g_stn_gpe_mult': 3.814566803003287, 'g_gpe_stn_mult': 0.13520361462380326, 'g_stn_gpi_mult': 1.579203098332771, 'g_gpe_gpi_mult': 0.9496911963043755}. Best is trial 415 with value: 0.13860170072011044.
