[I 2026-05-28 03:07:48,724] Trial 220 finished with value: 12.964311721744577 and parameters: {'ISTN': 71.26112381708705, 'I_gpe': 1.6820901908148438, 'I_gpi': 2.5632356506083194, 'noise_stn_sigma': 1.9885505764032718, 'noise_gpe_sigma': 98.17037484235519, 'noise_gpi_sigma': 126.95432455280158, 'g_stn_gpe_mult': 2.47369567423417, 'g_gpe_stn_mult': 0.2307752352431062, 'g_stn_gpi_mult': 2.7462642986608237, 'g_gpe_gpi_mult': 1.0206989143192948}. Best is trial 214 with value: 0.3043140607046834.
[I 2026-05-28 03:07:49,736] Trial 221 finished with value: 12.315419131869692 and parameters: {'ISTN': 73.03003193718983, 'I_gpe': 1.8048820084717483, 'I_gpi': 2.3537737864602204, 'noise_stn_sigma': 1.820556816939996, 'noise_gpe_sigma': 104.28680007352693, 'noise_gpi_sigma': 133.67256929910735, 'g_stn_gpe_mult': 2.9639644605431217, 'g_gpe_stn_mult': 0.2366233201970641, 'g_stn_gpi_mult': 2.6877825034841267, 'g_gpe_gpi_mult': 0.9495602583360441}. Best is trial 214 with value: 0.3043140607046834.
[I 2026-05-28 03:07:50,749] Trial 222 finished with value: 8.15268413134036 and parameters: {'ISTN': 66.63830396310065, 'I_gpe': 2.090805606017483, 'I_gpi': 2.440597742241953, 'noise_stn_sigma': 1.728457316553326, 'noise_gpe_sigma': 97.99753283181248, 'noise_gpi_sigma': 127.75101706639184, 'g_stn_gpe_mult': 3.0745101066127147, 'g_gpe_stn_mult': 0.21997736677168467, 'g_stn_gpi_mult': 2.1960244653036227, 'g_gpe_gpi_mult': 1.116172505165491}. Best is trial 214 with value: 0.3043140607046834.
[I 2026-05-28 03:07:51,760] Trial 223 finished with value: 0.3199872067764563 and parameters: {'ISTN': 66.89051158807831, 'I_gpe': 1.802109596057457, 'I_gpi': 1.9944424729077603, 'noise_stn_sigma': 1.2611074246088947, 'noise_gpe_sigma': 72.50923162640021, 'noise_gpi_sigma': 132.74861394844524, 'g_stn_gpe_mult': 3.3073327943950117, 'g_gpe_stn_mult': 0.12192855796664037, 'g_stn_gpi_mult': 3.2170085216458006, 'g_gpe_gpi_mult': 1.107693546016874}. Best is trial 214 with value: 0.3043140607046834.
[I 2026-05-28 03:07:52,772] Trial 224 finished with value: 10.722656750444509 and parameters: {'ISTN': 64.61225231754904, 'I_gpe': 1.757431428357628, 'I_gpi': 2.2490901522439364, 'noise_stn_sigma': 1.719149172065555, 'noise_gpe_sigma': 82.09434894139486, 'noise_gpi_sigma': 113.956190124042, 'g_stn_gpe_mult': 2.903507114376369, 'g_gpe_stn_mult': 0.24511575862553767, 'g_stn_gpi_mult': 2.3185281398753363, 'g_gpe_gpi_mult': 1.0191408515371951}. Best is trial 214 with value: 0.3043140607046834.
[I 2026-05-28 03:07:53,782] Trial 225 finished with value: 10.151554460830317 and parameters: {'ISTN': 69.25442627059556, 'I_gpe': 1.8786943758805896, 'I_gpi': 2.6815418874385717, 'noise_stn_sigma': 1.6892881509573359, 'noise_gpe_sigma': 92.44660717943688, 'noise_gpi_sigma': 98.52609638901941, 'g_stn_gpe_mult': 2.716711181653989, 'g_gpe_stn_mult': 0.1860337343696876, 'g_stn_gpi_mult': 2.4653239570403414, 'g_gpe_gpi_mult': 1.0145319607050571}. Best is trial 214 with value: 0.3043140607046834.
[I 2026-05-28 03:07:54,792] Trial 226 finished with value: 4.525443487816633 and parameters: {'ISTN': 69.94667915651077, 'I_gpe': 1.1740977374822275, 'I_gpi': 2.585750131354099, 'noise_stn_sigma': 1.3981476370457306, 'noise_gpe_sigma': 90.18205196818056, 'noise_gpi_sigma': 119.60308897993983, 'g_stn_gpe_mult': 3.0772721204005666, 'g_gpe_stn_mult': 0.18913777484524846, 'g_stn_gpi_mult': 2.627071839559916, 'g_gpe_gpi_mult': 1.0350237053278233}. Best is trial 214 with value: 0.3043140607046834.
[I 2026-05-28 03:07:55,802] Trial 227 finished with value: 0.6330943962480414 and parameters: {'ISTN': 60.87056357825902, 'I_gpe': 1.7271786760904748, 'I_gpi': 2.1899151391414877, 'noise_stn_sigma': 2.947099741373965, 'noise_gpe_sigma': 74.224883875035, 'noise_gpi_sigma': 129.17676099759245, 'g_stn_gpe_mult': 3.2810410181742786, 'g_gpe_stn_mult': 0.2401846065328642, 'g_stn_gpi_mult': 2.708391043757782, 'g_gpe_gpi_mult': 1.023656605945275}. Best is trial 214 with value: 0.3043140607046834.
[I 2026-05-28 03:07:56,814] Trial 228 finished with value: 12.56775980814425 and parameters: {'ISTN': 64.91564024172396, 'I_gpe': 1.9629852114414876, 'I_gpi': 2.267178805008613, 'noise_stn_sigma': 2.717245982602905, 'noise_gpe_sigma': 89.68068517451849, 'noise_gpi_sigma': 141.02818299082304, 'g_stn_gpe_mult': 2.304146719093744, 'g_gpe_stn_mult': 0.34542455979136, 'g_stn_gpi_mult': 2.6177856047171284, 'g_gpe_gpi_mult': 1.0840876973871456}. Best is trial 214 with value: 0.3043140607046834.
[I 2026-05-28 03:07:57,822] Trial 229 finished with value: 0.25240480039610996 and parameters: {'ISTN': 61.045498215062956, 'I_gpe': 1.5431803930304504, 'I_gpi': 2.3508610623729957, 'noise_stn_sigma': 1.7268385729357538, 'noise_gpe_sigma': 87.52743538851902, 'noise_gpi_sigma': 119.85623164010205, 'g_stn_gpe_mult': 2.3924469610459744, 'g_gpe_stn_mult': 0.2393793984564333, 'g_stn_gpi_mult': 2.8042368986909065, 'g_gpe_gpi_mult': 1.167135835142489}. Best is trial 229 with value: 0.25240480039610996.
[I 2026-05-28 03:07:58,831] Trial 230 finished with value: 14.560976514320991 and parameters: {'ISTN': 74.20617400999198, 'I_gpe': 1.8419463218404215, 'I_gpi': 1.9076430405638987, 'noise_stn_sigma': 1.5876782146864548, 'noise_gpe_sigma': 102.94201100695771, 'noise_gpi_sigma': 137.67211459440819, 'g_stn_gpe_mult': 2.853629788519261, 'g_gpe_stn_mult': 0.2655473694907201, 'g_stn_gpi_mult': 3.333555068866005, 'g_gpe_gpi_mult': 1.0819980217829905}. Best is trial 229 with value: 0.25240480039610996.
[I 2026-05-28 03:07:59,844] Trial 231 finished with value: 0.39922974345532686 and parameters: {'ISTN': 62.148231971764716, 'I_gpe': 1.5633950519523552, 'I_gpi': 2.7571708687270666, 'noise_stn_sigma': 1.9057682071505146, 'noise_gpe_sigma': 80.04827618669347, 'noise_gpi_sigma': 133.23991917330602, 'g_stn_gpe_mult': 2.8294069267218194, 'g_gpe_stn_mult': 0.1357602671326331, 'g_stn_gpi_mult': 2.9445859060710795, 'g_gpe_gpi_mult': 1.179177262086357}. Best is trial 229 with value: 0.25240480039610996.
[I 2026-05-28 03:08:00,853] Trial 232 finished with value: 11.948154229038295 and parameters: {'ISTN': 70.36768430214379, 'I_gpe': 1.8568426362841712, 'I_gpi': 2.3032529851005785, 'noise_stn_sigma': 1.8723441064522295, 'noise_gpe_sigma': 103.66350742064084, 'noise_gpi_sigma': 140.01696749805546, 'g_stn_gpe_mult': 3.086495021810407, 'g_gpe_stn_mult': 0.2522335231980473, 'g_stn_gpi_mult': 2.5617923593888525, 'g_gpe_gpi_mult': 1.0617727235505743}. Best is trial 229 with value: 0.25240480039610996.
[I 2026-05-28 03:08:01,866] Trial 233 finished with value: 14.479725135072718 and parameters: {'ISTN': 76.6291151660043, 'I_gpe': 1.4046396002281603, 'I_gpi': 2.370697911161625, 'noise_stn_sigma': 1.791639398802145, 'noise_gpe_sigma': 101.04300408131206, 'noise_gpi_sigma': 114.15846074036816, 'g_stn_gpe_mult': 2.48191552305658, 'g_gpe_stn_mult': 0.28182739787574773, 'g_stn_gpi_mult': 2.5258125261313684, 'g_gpe_gpi_mult': 1.10173131821568}. Best is trial 229 with value: 0.25240480039610996.
[I 2026-05-28 03:08:02,877] Trial 234 finished with value: 10.748090154389004 and parameters: {'ISTN': 68.14420826988149, 'I_gpe': 1.5205382990336715, 'I_gpi': 2.0147838726024707, 'noise_stn_sigma': 2.6533318143753144, 'noise_gpe_sigma': 79.41509338910222, 'noise_gpi_sigma': 131.87785795054702, 'g_stn_gpe_mult': 2.068225217185099, 'g_gpe_stn_mult': 0.28147452068888823, 'g_stn_gpi_mult': 3.031023103864921, 'g_gpe_gpi_mult': 1.1804051702256795}. Best is trial 229 with value: 0.25240480039610996.
[I 2026-05-28 03:08:03,888] Trial 235 finished with value: 1.7477057633862032 and parameters: {'ISTN': 66.50087067187594, 'I_gpe': 1.2178048466596358, 'I_gpi': 1.9543988139993747, 'noise_stn_sigma': 1.229918716936744, 'noise_gpe_sigma': 76.74860016879106, 'noise_gpi_sigma': 129.11014873469009, 'g_stn_gpe_mult': 2.8145394989746215, 'g_gpe_stn_mult': 0.23888955461985914, 'g_stn_gpi_mult': 2.632835645448319, 'g_gpe_gpi_mult': 1.1517441707753422}. Best is trial 229 with value: 0.25240480039610996.
[I 2026-05-28 03:08:04,900] Trial 236 finished with value: 6.253587937015997 and parameters: {'ISTN': 63.24671167467259, 'I_gpe': 1.555384573594992, 'I_gpi': 1.9729682414571694, 'noise_stn_sigma': 1.2170099949348012, 'noise_gpe_sigma': 88.02303030363319, 'noise_gpi_sigma': 136.9226282264594, 'g_stn_gpe_mult': 3.3615358672120053, 'g_gpe_stn_mult': 0.26272071451646395, 'g_stn_gpi_mult': 2.9963727285300763, 'g_gpe_gpi_mult': 1.1127362085877728}. Best is trial 229 with value: 0.25240480039610996.
[I 2026-05-28 03:08:05,911] Trial 237 finished with value: 6.794145192735414 and parameters: {'ISTN': 67.93959107611857, 'I_gpe': 1.5780842077954484, 'I_gpi': 2.3723643093332343, 'noise_stn_sigma': 1.8879170051302543, 'noise_gpe_sigma': 84.7679376408048, 'noise_gpi_sigma': 116.73490713790399, 'g_stn_gpe_mult': 2.7757249476997305, 'g_gpe_stn_mult': 0.1830320826799913, 'g_stn_gpi_mult': 2.924625354771395, 'g_gpe_gpi_mult': 1.1559768466695588}. Best is trial 229 with value: 0.25240480039610996.
[I 2026-05-28 03:08:06,920] Trial 238 finished with value: 0.3087020105221267 and parameters: {'ISTN': 66.75311503806915, 'I_gpe': 1.688673698588642, 'I_gpi': 2.1160149864402635, 'noise_stn_sigma': 2.797654959061519, 'noise_gpe_sigma': 83.78629049121349, 'noise_gpi_sigma': 135.6168189638937, 'g_stn_gpe_mult': 3.255383826384555, 'g_gpe_stn_mult': 0.12091782086253933, 'g_stn_gpi_mult': 2.8693598839257906, 'g_gpe_gpi_mult': 1.1467400264573067}. Best is trial 229 with value: 0.25240480039610996.
[I 2026-05-28 03:08:07,931] Trial 239 finished with value: 0.5563990242696463 and parameters: {'ISTN': 64.88156562056786, 'I_gpe': 1.7908221507106337, 'I_gpi': 2.8488858604681355, 'noise_stn_sigma': 2.523731278525693, 'noise_gpe_sigma': 82.88864610536501, 'noise_gpi_sigma': 112.01701173373053, 'g_stn_gpe_mult': 3.085691876566617, 'g_gpe_stn_mult': 0.15551402700256528, 'g_stn_gpi_mult': 2.77794600738698, 'g_gpe_gpi_mult': 1.131379311492589}. Best is trial 229 with value: 0.25240480039610996.
[I 2026-05-28 03:08:08,941] Trial 240 finished with value: 5.197689706051862 and parameters: {'ISTN': 67.44251589686448, 'I_gpe': 2.3042512955018153, 'I_gpi': 1.8154935401356465, 'noise_stn_sigma': 1.487818762452147, 'noise_gpe_sigma': 70.59589580995774, 'noise_gpi_sigma': 127.54775621825205, 'g_stn_gpe_mult': 2.760644029106846, 'g_gpe_stn_mult': 0.15017154629486656, 'g_stn_gpi_mult': 2.7607946462044244, 'g_gpe_gpi_mult': 1.1438090776072034}. Best is trial 229 with value: 0.25240480039610996.
[I 2026-05-28 03:08:09,954] Trial 241 finished with value: 10.5714217909857 and parameters: {'ISTN': 73.7886617347873, 'I_gpe': 1.8659610158296298, 'I_gpi': 2.374892835392949, 'noise_stn_sigma': 2.7275499135064125, 'noise_gpe_sigma': 89.19590439361427, 'noise_gpi_sigma': 119.38998981453851, 'g_stn_gpe_mult': 3.075333235550697, 'g_gpe_stn_mult': 0.16008168409856036, 'g_stn_gpi_mult': 2.7958303798892308, 'g_gpe_gpi_mult': 1.0972210575100299}. Best is trial 229 with value: 0.25240480039610996.
[I 2026-05-28 03:08:10,963] Trial 242 finished with value: 12.333025088870459 and parameters: {'ISTN': 73.95498058762553, 'I_gpe': 1.6237044586561564, 'I_gpi': 2.6514033006764977, 'noise_stn_sigma': 1.525469983272964, 'noise_gpe_sigma': 90.25680155357081, 'noise_gpi_sigma': 114.26973539240551, 'g_stn_gpe_mult': 3.7725165021840628, 'g_gpe_stn_mult': 0.1718684634936205, 'g_stn_gpi_mult': 3.2730438732895255, 'g_gpe_gpi_mult': 1.1875869132030137}. Best is trial 229 with value: 0.25240480039610996.
[I 2026-05-28 03:08:11,975] Trial 243 finished with value: 6.017924133159122 and parameters: {'ISTN': 70.62659174660327, 'I_gpe': 1.7351496235678574, 'I_gpi': 2.4199180142265115, 'noise_stn_sigma': 2.2173889082132154, 'noise_gpe_sigma': 79.09653446717482, 'noise_gpi_sigma': 131.07542909240095, 'g_stn_gpe_mult': 2.5064071398994527, 'g_gpe_stn_mult': 0.12831177105807753, 'g_stn_gpi_mult': 2.638480254203296, 'g_gpe_gpi_mult': 1.1794180664570904}. Best is trial 229 with value: 0.25240480039610996.
[I 2026-05-28 03:08:12,985] Trial 244 finished with value: 5.957433403863651 and parameters: {'ISTN': 75.01135365122997, 'I_gpe': 0.8786042886760597, 'I_gpi': 1.973147459097617, 'noise_stn_sigma': 1.302542828636789, 'noise_gpe_sigma': 85.45984516069804, 'noise_gpi_sigma': 117.54567834400466, 'g_stn_gpe_mult': 2.650449430183296, 'g_gpe_stn_mult': 0.10596820445622442, 'g_stn_gpi_mult': 3.088526335237211, 'g_gpe_gpi_mult': 1.1475332717057334}. Best is trial 229 with value: 0.25240480039610996.
[I 2026-05-28 03:08:13,996] Trial 245 finished with value: 0.22852441168901955 and parameters: {'ISTN': 63.655505665895916, 'I_gpe': 1.5029517596546773, 'I_gpi': 2.077552833700937, 'noise_stn_sigma': 2.94618553462377, 'noise_gpe_sigma': 69.8107685058248, 'noise_gpi_sigma': 115.97513793179124, 'g_stn_gpe_mult': 2.3798828101725387, 'g_gpe_stn_mult': 0.1595546692475326, 'g_stn_gpi_mult': 3.0721927691002917, 'g_gpe_gpi_mult': 0.9216634509263284}. Best is trial 245 with value: 0.22852441168901955.
[I 2026-05-28 03:08:15,009] Trial 246 finished with value: 6.361207010434612 and parameters: {'ISTN': 68.31273291683233, 'I_gpe': 1.8011673000463886, 'I_gpi': 2.761469530365396, 'noise_stn_sigma': 2.183632065975431, 'noise_gpe_sigma': 84.18521325913065, 'noise_gpi_sigma': 125.62825075839564, 'g_stn_gpe_mult': 2.945442391983506, 'g_gpe_stn_mult': 0.1644254175527503, 'g_stn_gpi_mult': 3.0423316970647836, 'g_gpe_gpi_mult': 1.0489640304305057}. Best is trial 245 with value: 0.22852441168901955.
[I 2026-05-28 03:08:16,021] Trial 247 finished with value: 0.4904093286703548 and parameters: {'ISTN': 65.18150784400723, 'I_gpe': 1.3673958938599937, 'I_gpi': 2.7866171860728395, 'noise_stn_sigma': 2.312270457852133, 'noise_gpe_sigma': 87.51559212680817, 'noise_gpi_sigma': 129.07996970379992, 'g_stn_gpe_mult': 2.946021161899699, 'g_gpe_stn_mult': 0.17914825741725138, 'g_stn_gpi_mult': 2.8169299107621932, 'g_gpe_gpi_mult': 1.1197355707273164}. Best is trial 245 with value: 0.22852441168901955.
[I 2026-05-28 03:08:17,029] Trial 248 finished with value: 0.43587407130979133 and parameters: {'ISTN': 62.01565402268348, 'I_gpe': 1.3868770204203504, 'I_gpi': 2.143372358041135, 'noise_stn_sigma': 1.7665474055660542, 'noise_gpe_sigma': 87.55214819797197, 'noise_gpi_sigma': 118.98720988193185, 'g_stn_gpe_mult': 3.3005166181582446, 'g_gpe_stn_mult': 0.1351603754649237, 'g_stn_gpi_mult': 2.7744441917216527, 'g_gpe_gpi_mult': 0.9980882058185716}. Best is trial 245 with value: 0.22852441168901955.
[I 2026-05-28 03:08:18,039] Trial 249 finished with value: 7.003736550090211 and parameters: {'ISTN': 70.33954861438558, 'I_gpe': 1.8657690325727003, 'I_gpi': 1.9750137143478363, 'noise_stn_sigma': 1.6248793509863206, 'noise_gpe_sigma': 75.69473078654175, 'noise_gpi_sigma': 146.19363679059802, 'g_stn_gpe_mult': 3.1471865736906124, 'g_gpe_stn_mult': 0.20581178545180845, 'g_stn_gpi_mult': 2.608005685020815, 'g_gpe_gpi_mult': 1.0085824906131038}. Best is trial 245 with value: 0.22852441168901955.
[I 2026-05-28 03:08:19,052] Trial 250 finished with value: 13.035199562264701 and parameters: {'ISTN': 78.97619086415008, 'I_gpe': 1.5922252180717784, 'I_gpi': 1.7223555238113966, 'noise_stn_sigma': 3.1643996175967546, 'noise_gpe_sigma': 97.3418537005618, 'noise_gpi_sigma': 127.60546045831022, 'g_stn_gpe_mult': 2.6782887720539437, 'g_gpe_stn_mult': 0.1743261208824036, 'g_stn_gpi_mult': 2.54306631107462, 'g_gpe_gpi_mult': 1.1306968812753377}. Best is trial 245 with value: 0.22852441168901955.
[I 2026-05-28 03:08:20,066] Trial 251 finished with value: 0.5560405438765382 and parameters: {'ISTN': 67.94902239719977, 'I_gpe': 1.7270639163180097, 'I_gpi': 2.5443850712047498, 'noise_stn_sigma': 1.5650344676249837, 'noise_gpe_sigma': 65.67774534801217, 'noise_gpi_sigma': 133.05703926007976, 'g_stn_gpe_mult': 2.913893358493617, 'g_gpe_stn_mult': 0.14050119506728084, 'g_stn_gpi_mult': 3.117991417863037, 'g_gpe_gpi_mult': 1.0208893759983086}. Best is trial 245 with value: 0.22852441168901955.
[I 2026-05-28 03:08:21,080] Trial 252 finished with value: 0.2877750625733866 and parameters: {'ISTN': 63.14628351487861, 'I_gpe': 1.2270583980923961, 'I_gpi': 2.452338099672958, 'noise_stn_sigma': 2.369262433854762, 'noise_gpe_sigma': 80.26337338160252, 'noise_gpi_sigma': 126.15856006561862, 'g_stn_gpe_mult': 2.8597040648691427, 'g_gpe_stn_mult': 0.16053541837462534, 'g_stn_gpi_mult': 3.1112300303724214, 'g_gpe_gpi_mult': 1.0163699607092316}. Best is trial 245 with value: 0.22852441168901955.
[I 2026-05-28 03:08:22,090] Trial 253 finished with value: 12.49753935570325 and parameters: {'ISTN': 71.44127003549362, 'I_gpe': 1.4016869032946202, 'I_gpi': 1.971941789737839, 'noise_stn_sigma': 2.7292311107292297, 'noise_gpe_sigma': 73.50717475205415, 'noise_gpi_sigma': 111.01087613539457, 'g_stn_gpe_mult': 2.4652677720665856, 'g_gpe_stn_mult': 0.1456293830098594, 'g_stn_gpi_mult': 3.025781582688026, 'g_gpe_gpi_mult': 0.9083693422682111}. Best is trial 245 with value: 0.22852441168901955.
[I 2026-05-28 03:08:23,101] Trial 254 finished with value: 0.32716609247627504 and parameters: {'ISTN': 69.65204802156548, 'I_gpe': 0.8197243343501022, 'I_gpi': 2.0803352158553357, 'noise_stn_sigma': 2.4118766745036657, 'noise_gpe_sigma': 84.61156229145914, 'noise_gpi_sigma': 121.41842147745437, 'g_stn_gpe_mult': 3.4012996927864076, 'g_gpe_stn_mult': 0.11395484935620585, 'g_stn_gpi_mult': 3.0059736424145713, 'g_gpe_gpi_mult': 1.084975494664376}. Best is trial 245 with value: 0.22852441168901955.
[I 2026-05-28 03:08:24,112] Trial 255 finished with value: 0.28727918955552806 and parameters: {'ISTN': 67.0524256356064, 'I_gpe': 1.5159154438103644, 'I_gpi': 1.6270160425914193, 'noise_stn_sigma': 1.6126126449825915, 'noise_gpe_sigma': 76.21579832418902, 'noise_gpi_sigma': 106.19460600780964, 'g_stn_gpe_mult': 3.3498034345964944, 'g_gpe_stn_mult': 0.10955209203775433, 'g_stn_gpi_mult': 2.7887033606340754, 'g_gpe_gpi_mult': 0.8647094942041644}. Best is trial 245 with value: 0.22852441168901955.
[I 2026-05-28 03:08:25,124] Trial 256 finished with value: 5.866358233709299 and parameters: {'ISTN': 66.29703804629902, 'I_gpe': 0.9589045905380986, 'I_gpi': 2.200304940525917, 'noise_stn_sigma': 4.64565226096968, 'noise_gpe_sigma': 62.84441571693283, 'noise_gpi_sigma': 124.46477755530854, 'g_stn_gpe_mult': 2.7929688086647104, 'g_gpe_stn_mult': 0.17721358848173194, 'g_stn_gpi_mult': 3.041076013271205, 'g_gpe_gpi_mult': 1.0070482923585924}. Best is trial 245 with value: 0.22852441168901955.
[I 2026-05-28 03:08:26,135] Trial 257 finished with value: 0.268696173845512 and parameters: {'ISTN': 62.607051359380236, 'I_gpe': 1.3453263407964338, 'I_gpi': 1.8110614753975256, 'noise_stn_sigma': 2.7608304157065264, 'noise_gpe_sigma': 80.85293521677639, 'noise_gpi_sigma': 113.25980951815899, 'g_stn_gpe_mult': 3.0508429540628574, 'g_gpe_stn_mult': 0.22072295466562705, 'g_stn_gpi_mult': 3.0230327794614977, 'g_gpe_gpi_mult': 0.9740450068024931}. Best is trial 245 with value: 0.22852441168901955.
[I 2026-05-28 03:08:27,145] Trial 258 finished with value: 8.725369678678193 and parameters: {'ISTN': 71.1489659172405, 'I_gpe': 1.4690344094023047, 'I_gpi': 1.8609768400440647, 'noise_stn_sigma': 1.8576841593014606, 'noise_gpe_sigma': 76.0656306049824, 'noise_gpi_sigma': 123.91000290526704, 'g_stn_gpe_mult': 2.2714604510643928, 'g_gpe_stn_mult': 0.15003153098873995, 'g_stn_gpi_mult': 2.874209135873134, 'g_gpe_gpi_mult': 0.9639622071626301}. Best is trial 245 with value: 0.22852441168901955.
[I 2026-05-28 03:08:28,154] Trial 259 finished with value: 7.859493779257531 and parameters: {'ISTN': 65.01469868525896, 'I_gpe': 1.5248370992825304, 'I_gpi': 2.4004185096936665, 'noise_stn_sigma': 2.827394616017367, 'noise_gpe_sigma': 78.48599274605832, 'noise_gpi_sigma': 143.49204282400842, 'g_stn_gpe_mult': 1.6492775818344252, 'g_gpe_stn_mult': 0.22243949207936498, 'g_stn_gpi_mult': 2.7749960105614635, 'g_gpe_gpi_mult': 0.7864240023919316}. Best is trial 245 with value: 0.22852441168901955.
[I 2026-05-28 03:08:29,165] Trial 260 finished with value: 0.7735522850727803 and parameters: {'ISTN': 69.03266013709367, 'I_gpe': 1.4283346108547392, 'I_gpi': 2.2561686286713423, 'noise_stn_sigma': 2.4711522783488213, 'noise_gpe_sigma': 87.54175503972183, 'noise_gpi_sigma': 133.8908923445495, 'g_stn_gpe_mult': 2.822801156616066, 'g_gpe_stn_mult': 0.12908130599852696, 'g_stn_gpi_mult': 2.9190621456297774, 'g_gpe_gpi_mult': 1.053411382512759}. Best is trial 245 with value: 0.22852441168901955.
[I 2026-05-28 03:08:30,176] Trial 261 finished with value: 0.252758860036203 and parameters: {'ISTN': 62.080808686526005, 'I_gpe': 1.2788768109688737, 'I_gpi': 1.9232440041687902, 'noise_stn_sigma': 2.6353764362139014, 'noise_gpe_sigma': 84.63936282259095, 'noise_gpi_sigma': 119.6678273921761, 'g_stn_gpe_mult': 2.939360668160914, 'g_gpe_stn_mult': 0.2349150198206142, 'g_stn_gpi_mult': 3.1070723254377373, 'g_gpe_gpi_mult': 0.9836971469063551}. Best is trial 245 with value: 0.22852441168901955.
[I 2026-05-28 03:08:31,186] Trial 262 finished with value: 0.3278605535673775 and parameters: {'ISTN': 64.77084215369801, 'I_gpe': 0.6187064172212087, 'I_gpi': 1.8384651018657163, 'noise_stn_sigma': 2.882985609666696, 'noise_gpe_sigma': 82.38351867153925, 'noise_gpi_sigma': 119.03907835651556, 'g_stn_gpe_mult': 2.9722764983830663, 'g_gpe_stn_mult': 0.18774447153904406, 'g_stn_gpi_mult': 3.3046581639541426, 'g_gpe_gpi_mult': 1.0062453462719216}. Best is trial 245 with value: 0.22852441168901955.
[I 2026-05-28 03:08:32,198] Trial 263 finished with value: 10.266632381157734 and parameters: {'ISTN': 70.40420961749383, 'I_gpe': 1.4627623267073089, 'I_gpi': 1.845073264119337, 'noise_stn_sigma': 1.8069269802364745, 'noise_gpe_sigma': 67.60860540891623, 'noise_gpi_sigma': 139.08651918117636, 'g_stn_gpe_mult': 3.4071596296222593, 'g_gpe_stn_mult': 0.1636580186731208, 'g_stn_gpi_mult': 3.0430129565462485, 'g_gpe_gpi_mult': 0.9734513333653283}. Best is trial 245 with value: 0.22852441168901955.
