[I 2026-05-28 02:59:40,469] Trial 748 finished with value: 0.14364901956588794 and parameters: {'ISTN': 60.04256217392463, 'I_gpe': 1.1417469527122095, 'I_gpi': 2.195984645703647, 'noise_stn_sigma': 3.794245868088031, 'noise_gpe_sigma': 94.60915692446608, 'noise_gpi_sigma': 111.54340274812935, 'g_stn_gpe_mult': 4.376755868659615, 'g_gpe_stn_mult': 0.17274869395628673, 'g_stn_gpi_mult': 2.241405676636935, 'g_gpe_gpi_mult': 0.9959890480938802}. Best is trial 666 with value: 0.143208725269466.
[I 2026-05-28 02:59:41,479] Trial 749 finished with value: 0.14417763522280463 and parameters: {'ISTN': 60.27728613589534, 'I_gpe': 1.0739335374856314, 'I_gpi': 2.1643191605895042, 'noise_stn_sigma': 3.8119719554907086, 'noise_gpe_sigma': 98.14823097174872, 'noise_gpi_sigma': 113.06750103055276, 'g_stn_gpe_mult': 4.436466176249401, 'g_gpe_stn_mult': 0.16535698647338276, 'g_stn_gpi_mult': 2.257350597707249, 'g_gpe_gpi_mult': 1.0068357591101318}. Best is trial 666 with value: 0.143208725269466.
[I 2026-05-28 02:59:42,491] Trial 750 finished with value: 0.15128449241327466 and parameters: {'ISTN': 60.32463195460584, 'I_gpe': 1.1030685488808152, 'I_gpi': 2.2006196950569503, 'noise_stn_sigma': 3.687909297634392, 'noise_gpe_sigma': 94.17960715950967, 'noise_gpi_sigma': 113.76668906488509, 'g_stn_gpe_mult': 4.444518012497495, 'g_gpe_stn_mult': 0.16917217663309508, 'g_stn_gpi_mult': 2.284505870710573, 'g_gpe_gpi_mult': 0.9984732774465739}. Best is trial 666 with value: 0.143208725269466.
[I 2026-05-28 02:59:43,502] Trial 751 finished with value: 0.14789772245938945 and parameters: {'ISTN': 60.04237150197281, 'I_gpe': 1.1433402367008263, 'I_gpi': 2.1624868823018266, 'noise_stn_sigma': 3.922006928181466, 'noise_gpe_sigma': 98.08659404066532, 'noise_gpi_sigma': 111.16401412487654, 'g_stn_gpe_mult': 4.431502815423041, 'g_gpe_stn_mult': 0.16813261606837576, 'g_stn_gpi_mult': 2.2567873252074997, 'g_gpe_gpi_mult': 0.9952727334361802}. Best is trial 666 with value: 0.143208725269466.
[I 2026-05-28 02:59:44,511] Trial 752 finished with value: 0.14762711159566463 and parameters: {'ISTN': 60.555579186104005, 'I_gpe': 1.1805840173406046, 'I_gpi': 2.17765938555873, 'noise_stn_sigma': 3.8786821016859134, 'noise_gpe_sigma': 94.57633191098802, 'noise_gpi_sigma': 111.62162548468199, 'g_stn_gpe_mult': 4.395336285279747, 'g_gpe_stn_mult': 0.15933493399465684, 'g_stn_gpi_mult': 2.234717822228215, 'g_gpe_gpi_mult': 0.997435805925647}. Best is trial 666 with value: 0.143208725269466.
[I 2026-05-28 02:59:45,522] Trial 753 finished with value: 0.15573828363859002 and parameters: {'ISTN': 60.20234900417251, 'I_gpe': 1.1376916232627448, 'I_gpi': 2.254629241443376, 'noise_stn_sigma': 3.766171861427069, 'noise_gpe_sigma': 91.78780240482992, 'noise_gpi_sigma': 111.4703288555803, 'g_stn_gpe_mult': 4.385869772337097, 'g_gpe_stn_mult': 0.16878825525567207, 'g_stn_gpi_mult': 2.260830821503236, 'g_gpe_gpi_mult': 0.9894861991321615}. Best is trial 666 with value: 0.143208725269466.
[I 2026-05-28 02:59:46,532] Trial 754 finished with value: 0.14515817537430575 and parameters: {'ISTN': 60.32951931269329, 'I_gpe': 1.1636880146022897, 'I_gpi': 2.1602740853221913, 'noise_stn_sigma': 3.830865504664159, 'noise_gpe_sigma': 94.99008201782631, 'noise_gpi_sigma': 111.08115873158519, 'g_stn_gpe_mult': 4.433895243591843, 'g_gpe_stn_mult': 0.16542006981673954, 'g_stn_gpi_mult': 2.256994914160747, 'g_gpe_gpi_mult': 0.9877385077648548}. Best is trial 666 with value: 0.143208725269466.
[I 2026-05-28 02:59:47,540] Trial 755 finished with value: 0.1504786079648823 and parameters: {'ISTN': 60.460418239519676, 'I_gpe': 1.1268139738514433, 'I_gpi': 2.1955867060390077, 'noise_stn_sigma': 3.760008184168634, 'noise_gpe_sigma': 96.05720865422528, 'noise_gpi_sigma': 112.5450978907195, 'g_stn_gpe_mult': 4.427513345625111, 'g_gpe_stn_mult': 0.16742834935189077, 'g_stn_gpi_mult': 2.2495007765829698, 'g_gpe_gpi_mult': 1.004887536484621}. Best is trial 666 with value: 0.143208725269466.
[I 2026-05-28 02:59:48,550] Trial 756 finished with value: 0.15458788248576166 and parameters: {'ISTN': 60.38446686980222, 'I_gpe': 1.1390663865506343, 'I_gpi': 2.1767762977044587, 'noise_stn_sigma': 3.861728734915598, 'noise_gpe_sigma': 96.73047077612549, 'noise_gpi_sigma': 110.1619459490365, 'g_stn_gpe_mult': 4.374613957323304, 'g_gpe_stn_mult': 0.16574124898897352, 'g_stn_gpi_mult': 2.3046331607506247, 'g_gpe_gpi_mult': 1.001903056270973}. Best is trial 666 with value: 0.143208725269466.
[I 2026-05-28 02:59:49,560] Trial 757 finished with value: 0.1447392676163587 and parameters: {'ISTN': 60.00002850157432, 'I_gpe': 1.125955142426451, 'I_gpi': 2.1532979946984665, 'noise_stn_sigma': 3.763783423414726, 'noise_gpe_sigma': 95.32993577020449, 'noise_gpi_sigma': 112.8313725720031, 'g_stn_gpe_mult': 4.4375315383821246, 'g_gpe_stn_mult': 0.17294015382964076, 'g_stn_gpi_mult': 2.2259783917196856, 'g_gpe_gpi_mult': 1.0013489561249296}. Best is trial 666 with value: 0.143208725269466.
[I 2026-05-28 02:59:50,570] Trial 758 finished with value: 0.14372763877265554 and parameters: {'ISTN': 60.42526893751539, 'I_gpe': 1.1004426458775836, 'I_gpi': 2.1716424682881748, 'noise_stn_sigma': 3.788920883970393, 'noise_gpe_sigma': 98.0754281282694, 'noise_gpi_sigma': 111.20933556063497, 'g_stn_gpe_mult': 4.379627952431553, 'g_gpe_stn_mult': 0.16815107728835194, 'g_stn_gpi_mult': 2.2282672682474556, 'g_gpe_gpi_mult': 0.9825978672877056}. Best is trial 666 with value: 0.143208725269466.
[I 2026-05-28 02:59:51,581] Trial 759 finished with value: 0.15297723806824773 and parameters: {'ISTN': 60.283716276463, 'I_gpe': 1.0696628581740546, 'I_gpi': 2.1812685682724435, 'noise_stn_sigma': 3.908638263228191, 'noise_gpe_sigma': 93.88701328187538, 'noise_gpi_sigma': 112.22831023265951, 'g_stn_gpe_mult': 4.406588063697987, 'g_gpe_stn_mult': 0.16312099404013075, 'g_stn_gpi_mult': 2.2590957066772015, 'g_gpe_gpi_mult': 0.9978114923170671}. Best is trial 666 with value: 0.143208725269466.
[I 2026-05-28 02:59:52,592] Trial 760 finished with value: 0.15560574415121292 and parameters: {'ISTN': 60.37864728693863, 'I_gpe': 1.1199113353104222, 'I_gpi': 2.215433438315853, 'noise_stn_sigma': 3.7339880920421686, 'noise_gpe_sigma': 95.22554742851077, 'noise_gpi_sigma': 111.86348284713927, 'g_stn_gpe_mult': 4.452775807623173, 'g_gpe_stn_mult': 0.16714563528580767, 'g_stn_gpi_mult': 2.285483480097276, 'g_gpe_gpi_mult': 1.0088046426761574}. Best is trial 666 with value: 0.143208725269466.
[I 2026-05-28 02:59:53,602] Trial 761 finished with value: 0.14872037977069663 and parameters: {'ISTN': 60.49687753682818, 'I_gpe': 1.0654227252005644, 'I_gpi': 2.1474823110362564, 'noise_stn_sigma': 3.7863065723524176, 'noise_gpe_sigma': 100.92197798938226, 'noise_gpi_sigma': 111.94899638425734, 'g_stn_gpe_mult': 4.435138473471344, 'g_gpe_stn_mult': 0.16932608408238292, 'g_stn_gpi_mult': 2.212062725956519, 'g_gpe_gpi_mult': 0.9739884787669844}. Best is trial 666 with value: 0.143208725269466.
[I 2026-05-28 02:59:54,609] Trial 762 finished with value: 0.1450436831262291 and parameters: {'ISTN': 60.11207795109808, 'I_gpe': 1.1218393652692018, 'I_gpi': 2.143982924793512, 'noise_stn_sigma': 3.7851531488764842, 'noise_gpe_sigma': 97.41811502493654, 'noise_gpi_sigma': 111.98318348013616, 'g_stn_gpe_mult': 4.386856349046143, 'g_gpe_stn_mult': 0.1741380041999384, 'g_stn_gpi_mult': 2.16270704211301, 'g_gpe_gpi_mult': 1.0036384699745349}. Best is trial 666 with value: 0.143208725269466.
[I 2026-05-28 02:59:55,617] Trial 763 finished with value: 0.14529591720430557 and parameters: {'ISTN': 60.00969679120126, 'I_gpe': 1.1195153223104661, 'I_gpi': 2.2221696441499463, 'noise_stn_sigma': 3.848971711332377, 'noise_gpe_sigma': 94.65750731261078, 'noise_gpi_sigma': 111.12817352542244, 'g_stn_gpe_mult': 4.349930623628002, 'g_gpe_stn_mult': 0.16967073959518464, 'g_stn_gpi_mult': 2.2286452475251375, 'g_gpe_gpi_mult': 1.0120861032521569}. Best is trial 666 with value: 0.143208725269466.
[I 2026-05-28 02:59:56,627] Trial 764 finished with value: 0.15433622415443315 and parameters: {'ISTN': 60.80218723591346, 'I_gpe': 1.1317437964829327, 'I_gpi': 2.174214060261791, 'noise_stn_sigma': 3.773131952348208, 'noise_gpe_sigma': 96.53646913596441, 'noise_gpi_sigma': 111.59752906605105, 'g_stn_gpe_mult': 4.420770512898849, 'g_gpe_stn_mult': 0.16648266775140752, 'g_stn_gpi_mult': 2.2260431454807432, 'g_gpe_gpi_mult': 0.9681102222649243}. Best is trial 666 with value: 0.143208725269466.
[I 2026-05-28 02:59:57,636] Trial 765 finished with value: 0.1482945594593741 and parameters: {'ISTN': 60.49380158379067, 'I_gpe': 1.0848790420327212, 'I_gpi': 2.2178724113690893, 'noise_stn_sigma': 3.6770474031119766, 'noise_gpe_sigma': 98.90690149115933, 'noise_gpi_sigma': 113.13607024187687, 'g_stn_gpe_mult': 4.41879368933915, 'g_gpe_stn_mult': 0.1662642813404609, 'g_stn_gpi_mult': 2.248184568298982, 'g_gpe_gpi_mult': 0.9926656451710902}. Best is trial 666 with value: 0.143208725269466.
[I 2026-05-28 02:59:58,644] Trial 766 finished with value: 0.14903475438091354 and parameters: {'ISTN': 60.086073096684736, 'I_gpe': 1.1217758465743595, 'I_gpi': 2.162838128297022, 'noise_stn_sigma': 3.731127931684875, 'noise_gpe_sigma': 96.80117487830073, 'noise_gpi_sigma': 112.07011907202057, 'g_stn_gpe_mult': 4.4196642946106435, 'g_gpe_stn_mult': 0.17448181709645397, 'g_stn_gpi_mult': 2.2426264199464168, 'g_gpe_gpi_mult': 0.9847794332401492}. Best is trial 666 with value: 0.143208725269466.
[I 2026-05-28 02:59:59,655] Trial 767 finished with value: 0.1394459479767348 and parameters: {'ISTN': 60.16115540681191, 'I_gpe': 1.1469278046192248, 'I_gpi': 2.145711383711092, 'noise_stn_sigma': 3.8659331153446512, 'noise_gpe_sigma': 97.98032168690207, 'noise_gpi_sigma': 111.87838441634366, 'g_stn_gpe_mult': 4.464250142465374, 'g_gpe_stn_mult': 0.16680368303365362, 'g_stn_gpi_mult': 2.199280754609909, 'g_gpe_gpi_mult': 0.9980276744592158}. Best is trial 767 with value: 0.1394459479767348.
[I 2026-05-28 03:00:00,663] Trial 768 finished with value: 0.14340925847002012 and parameters: {'ISTN': 60.218634551513006, 'I_gpe': 1.1390153497083673, 'I_gpi': 2.1797706647596455, 'noise_stn_sigma': 3.7777876878233845, 'noise_gpe_sigma': 97.80655159039699, 'noise_gpi_sigma': 112.36642199820388, 'g_stn_gpe_mult': 4.4550297247379325, 'g_gpe_stn_mult': 0.16844844702213024, 'g_stn_gpi_mult': 2.1844995503956826, 'g_gpe_gpi_mult': 0.982763696824507}. Best is trial 767 with value: 0.1394459479767348.
[I 2026-05-28 03:00:01,671] Trial 769 finished with value: 0.15103534270870594 and parameters: {'ISTN': 60.238896653287455, 'I_gpe': 1.1359804895332895, 'I_gpi': 2.209604848446666, 'noise_stn_sigma': 3.775408256190329, 'noise_gpe_sigma': 94.65363516450577, 'noise_gpi_sigma': 112.18577716900529, 'g_stn_gpe_mult': 4.381287147761791, 'g_gpe_stn_mult': 0.17104199730365782, 'g_stn_gpi_mult': 2.2161279020051916, 'g_gpe_gpi_mult': 1.0052746611468537}. Best is trial 767 with value: 0.1394459479767348.
[I 2026-05-28 03:00:02,682] Trial 770 finished with value: 0.14808600249426151 and parameters: {'ISTN': 60.15659271939313, 'I_gpe': 1.1258232029041886, 'I_gpi': 2.202059497325049, 'noise_stn_sigma': 3.849310301532687, 'noise_gpe_sigma': 96.10586224171126, 'noise_gpi_sigma': 111.25613187255253, 'g_stn_gpe_mult': 4.414701289746779, 'g_gpe_stn_mult': 0.1656869590295959, 'g_stn_gpi_mult': 2.223516842082568, 'g_gpe_gpi_mult': 1.011083097306119}. Best is trial 767 with value: 0.1394459479767348.
[I 2026-05-28 03:00:03,691] Trial 771 finished with value: 0.15335441274841835 and parameters: {'ISTN': 60.35155966439902, 'I_gpe': 1.1348302742813707, 'I_gpi': 2.1687356655799324, 'noise_stn_sigma': 3.790455268786484, 'noise_gpe_sigma': 97.1956750487516, 'noise_gpi_sigma': 112.48607051744503, 'g_stn_gpe_mult': 4.454046614465996, 'g_gpe_stn_mult': 0.17106742993762586, 'g_stn_gpi_mult': 2.156065053191502, 'g_gpe_gpi_mult': 0.9996113947993153}. Best is trial 767 with value: 0.1394459479767348.
[I 2026-05-28 03:00:04,702] Trial 772 finished with value: 0.14212295166474434 and parameters: {'ISTN': 60.205598344749774, 'I_gpe': 1.1248115491009656, 'I_gpi': 2.1370089990954586, 'noise_stn_sigma': 3.8422070364543965, 'noise_gpe_sigma': 98.01530305778354, 'noise_gpi_sigma': 112.12360212028715, 'g_stn_gpe_mult': 4.447914330710919, 'g_gpe_stn_mult': 0.16499468371957687, 'g_stn_gpi_mult': 2.230901671611729, 'g_gpe_gpi_mult': 1.006500155845529}. Best is trial 767 with value: 0.1394459479767348.
[I 2026-05-28 03:00:05,713] Trial 773 finished with value: 0.14557799928252393 and parameters: {'ISTN': 60.35114337485174, 'I_gpe': 1.0918981920999387, 'I_gpi': 2.1886280202678536, 'noise_stn_sigma': 3.7967596612327354, 'noise_gpe_sigma': 99.34092726353724, 'noise_gpi_sigma': 112.49565349530948, 'g_stn_gpe_mult': 4.453226799004645, 'g_gpe_stn_mult': 0.16546717785964762, 'g_stn_gpi_mult': 2.1870593270155143, 'g_gpe_gpi_mult': 0.9864437633529988}. Best is trial 767 with value: 0.1394459479767348.
[I 2026-05-28 03:00:06,722] Trial 774 finished with value: 0.14966914720153335 and parameters: {'ISTN': 60.24671703252946, 'I_gpe': 1.1782171019174692, 'I_gpi': 2.1768497346132416, 'noise_stn_sigma': 3.8054207971056666, 'noise_gpe_sigma': 98.94238865060915, 'noise_gpi_sigma': 111.74819500619239, 'g_stn_gpe_mult': 4.393899605920684, 'g_gpe_stn_mult': 0.1687282119315761, 'g_stn_gpi_mult': 2.181844002566438, 'g_gpe_gpi_mult': 0.9964916118511582}. Best is trial 767 with value: 0.1394459479767348.
[I 2026-05-28 03:00:07,732] Trial 775 finished with value: 0.14898446323503514 and parameters: {'ISTN': 60.27100771575132, 'I_gpe': 1.1072034887823383, 'I_gpi': 2.165515274381603, 'noise_stn_sigma': 3.8018128838831804, 'noise_gpe_sigma': 97.61271287774481, 'noise_gpi_sigma': 110.90070561022414, 'g_stn_gpe_mult': 4.415762321141165, 'g_gpe_stn_mult': 0.16787100440480907, 'g_stn_gpi_mult': 2.2344324861546268, 'g_gpe_gpi_mult': 1.0036891987740109}. Best is trial 767 with value: 0.1394459479767348.
[I 2026-05-28 03:00:08,742] Trial 776 finished with value: 0.15035114702503463 and parameters: {'ISTN': 60.16354278518877, 'I_gpe': 1.1424169915152866, 'I_gpi': 2.155902829071981, 'noise_stn_sigma': 3.8798005473740007, 'noise_gpe_sigma': 99.87985653308732, 'noise_gpi_sigma': 111.26202547741464, 'g_stn_gpe_mult': 4.445114127030932, 'g_gpe_stn_mult': 0.16891072191226303, 'g_stn_gpi_mult': 2.1900440369662078, 'g_gpe_gpi_mult': 0.9883848187379847}. Best is trial 767 with value: 0.1394459479767348.
[I 2026-05-28 03:00:09,750] Trial 777 finished with value: 0.15484848022606515 and parameters: {'ISTN': 60.059927188011, 'I_gpe': 1.1451226379233352, 'I_gpi': 2.1782976065215456, 'noise_stn_sigma': 3.809569425952052, 'noise_gpe_sigma': 101.9037513545468, 'noise_gpi_sigma': 113.05815271571365, 'g_stn_gpe_mult': 4.447381090204749, 'g_gpe_stn_mult': 0.1780773862534548, 'g_stn_gpi_mult': 2.148695341698328, 'g_gpe_gpi_mult': 0.9740734641097668}. Best is trial 767 with value: 0.1394459479767348.
[I 2026-05-28 03:00:10,760] Trial 778 finished with value: 0.15266771033575346 and parameters: {'ISTN': 60.13068283241177, 'I_gpe': 1.1849195924632947, 'I_gpi': 2.132184027012597, 'noise_stn_sigma': 3.885373211402351, 'noise_gpe_sigma': 96.58741023421423, 'noise_gpi_sigma': 110.86180062092703, 'g_stn_gpe_mult': 4.432933129988415, 'g_gpe_stn_mult': 0.17101176382302785, 'g_stn_gpi_mult': 2.1916794245279902, 'g_gpe_gpi_mult': 1.003599370431742}. Best is trial 767 with value: 0.1394459479767348.
[I 2026-05-28 03:00:11,770] Trial 779 finished with value: 0.14511069150604727 and parameters: {'ISTN': 60.34960921339703, 'I_gpe': 1.1578451916510228, 'I_gpi': 2.0822391957694357, 'noise_stn_sigma': 3.959250216352205, 'noise_gpe_sigma': 96.96307350910602, 'noise_gpi_sigma': 111.07857410973249, 'g_stn_gpe_mult': 4.497850507030895, 'g_gpe_stn_mult': 0.1639950812203641, 'g_stn_gpi_mult': 2.207824241778557, 'g_gpe_gpi_mult': 1.010013117937476}. Best is trial 767 with value: 0.1394459479767348.
[I 2026-05-28 03:00:12,780] Trial 780 finished with value: 0.1547872054970739 and parameters: {'ISTN': 60.74581962250543, 'I_gpe': 1.14873634751515, 'I_gpi': 2.10225208703564, 'noise_stn_sigma': 3.904228788573388, 'noise_gpe_sigma': 98.36146775415227, 'noise_gpi_sigma': 110.89913331850988, 'g_stn_gpe_mult': 4.43094226026002, 'g_gpe_stn_mult': 0.16567655387618754, 'g_stn_gpi_mult': 2.212363662896613, 'g_gpe_gpi_mult': 0.9937382330818871}. Best is trial 767 with value: 0.1394459479767348.
[I 2026-05-28 03:00:13,790] Trial 781 finished with value: 0.15153850928245358 and parameters: {'ISTN': 60.66573083461198, 'I_gpe': 1.138541175775297, 'I_gpi': 2.090569428888256, 'noise_stn_sigma': 3.8322476009232056, 'noise_gpe_sigma': 100.5292051963576, 'noise_gpi_sigma': 111.8744270433961, 'g_stn_gpe_mult': 4.5256415768735145, 'g_gpe_stn_mult': 0.16187758345264042, 'g_stn_gpi_mult': 2.205873549535758, 'g_gpe_gpi_mult': 1.0019614913035457}. Best is trial 767 with value: 0.1394459479767348.
[I 2026-05-28 03:00:14,800] Trial 782 finished with value: 0.1486463824877174 and parameters: {'ISTN': 60.3250104589902, 'I_gpe': 1.1304705557300925, 'I_gpi': 2.1268828868289753, 'noise_stn_sigma': 3.864446647320727, 'noise_gpe_sigma': 95.97243978554576, 'noise_gpi_sigma': 110.92998660913982, 'g_stn_gpe_mult': 4.41945025155193, 'g_gpe_stn_mult': 0.15971538840281757, 'g_stn_gpi_mult': 2.2408836540347643, 'g_gpe_gpi_mult': 1.0259855295047091}. Best is trial 767 with value: 0.1394459479767348.
[I 2026-05-28 03:00:15,809] Trial 783 finished with value: 0.15030763740589986 and parameters: {'ISTN': 60.07951628137058, 'I_gpe': 1.099517369842935, 'I_gpi': 2.1452586193871337, 'noise_stn_sigma': 3.722533283322215, 'noise_gpe_sigma': 97.77057090050229, 'noise_gpi_sigma': 113.56046596098645, 'g_stn_gpe_mult': 4.4854213673482075, 'g_gpe_stn_mult': 0.16879845674572033, 'g_stn_gpi_mult': 2.2391839422924424, 'g_gpe_gpi_mult': 0.9861101962941274}. Best is trial 767 with value: 0.1394459479767348.
[I 2026-05-28 03:00:16,819] Trial 784 finished with value: 0.14349396252215993 and parameters: {'ISTN': 60.12500093325145, 'I_gpe': 1.1346274493279274, 'I_gpi': 2.072925035188561, 'noise_stn_sigma': 3.8897258582508214, 'noise_gpe_sigma': 98.5756971331099, 'noise_gpi_sigma': 110.14497958643223, 'g_stn_gpe_mult': 4.395520000665586, 'g_gpe_stn_mult': 0.17279359272614903, 'g_stn_gpi_mult': 2.269702067008977, 'g_gpe_gpi_mult': 1.0289311802430035}. Best is trial 767 with value: 0.1394459479767348.
[I 2026-05-28 03:00:17,828] Trial 785 finished with value: 0.14827701885752398 and parameters: {'ISTN': 60.26822826272814, 'I_gpe': 1.136794803185206, 'I_gpi': 2.0824688423976996, 'noise_stn_sigma': 3.9327249563391122, 'noise_gpe_sigma': 99.41059197027104, 'noise_gpi_sigma': 111.85841154829849, 'g_stn_gpe_mult': 4.409538937338511, 'g_gpe_stn_mult': 0.16552758195923895, 'g_stn_gpi_mult': 2.239668034149619, 'g_gpe_gpi_mult': 0.9987397085406107}. Best is trial 767 with value: 0.1394459479767348.
[I 2026-05-28 03:00:18,839] Trial 786 finished with value: 0.1531482534841766 and parameters: {'ISTN': 60.49117839131024, 'I_gpe': 1.1014820592272239, 'I_gpi': 2.133121383481905, 'noise_stn_sigma': 3.8783604738292867, 'noise_gpe_sigma': 97.53531950588646, 'noise_gpi_sigma': 111.9152308773708, 'g_stn_gpe_mult': 4.4504343824139685, 'g_gpe_stn_mult': 0.16255858075297566, 'g_stn_gpi_mult': 2.2321539051374977, 'g_gpe_gpi_mult': 0.9950051495288432}. Best is trial 767 with value: 0.1394459479767348.
[I 2026-05-28 03:00:19,848] Trial 787 finished with value: 0.14358551915609521 and parameters: {'ISTN': 60.525321855632335, 'I_gpe': 1.1019623029687993, 'I_gpi': 2.1337128987677847, 'noise_stn_sigma': 3.8749134938778864, 'noise_gpe_sigma': 98.26400003671954, 'noise_gpi_sigma': 110.79823922202094, 'g_stn_gpe_mult': 4.454326731545718, 'g_gpe_stn_mult': 0.15772027078962292, 'g_stn_gpi_mult': 2.2394510546148734, 'g_gpe_gpi_mult': 1.0001849068578055}. Best is trial 767 with value: 0.1394459479767348.
[I 2026-05-28 03:00:20,859] Trial 788 finished with value: 0.15860707045995823 and parameters: {'ISTN': 60.89137618203279, 'I_gpe': 1.1244242455168059, 'I_gpi': 2.0894268784738483, 'noise_stn_sigma': 3.8875944365455393, 'noise_gpe_sigma': 97.6746172906495, 'noise_gpi_sigma': 112.67978053207385, 'g_stn_gpe_mult': 4.463468806529537, 'g_gpe_stn_mult': 0.1622718816043475, 'g_stn_gpi_mult': 2.1838684908722046, 'g_gpe_gpi_mult': 1.003447465542745}. Best is trial 767 with value: 0.1394459479767348.
[I 2026-05-28 03:00:21,870] Trial 789 finished with value: 0.15004784732345597 and parameters: {'ISTN': 60.4484017072948, 'I_gpe': 1.1279066627917158, 'I_gpi': 2.138909654036036, 'noise_stn_sigma': 3.879548015091557, 'noise_gpe_sigma': 96.13837518427685, 'noise_gpi_sigma': 110.30065061580683, 'g_stn_gpe_mult': 4.424205156527167, 'g_gpe_stn_mult': 0.15945600772886062, 'g_stn_gpi_mult': 2.2528825535159602, 'g_gpe_gpi_mult': 1.015105125224736}. Best is trial 767 with value: 0.1394459479767348.
[I 2026-05-28 03:00:22,879] Trial 790 finished with value: 0.14739284065367464 and parameters: {'ISTN': 60.092024000044994, 'I_gpe': 1.1841810659567138, 'I_gpi': 2.1356912959415033, 'noise_stn_sigma': 3.8987308484405325, 'noise_gpe_sigma': 97.08144744851735, 'noise_gpi_sigma': 111.44171022115145, 'g_stn_gpe_mult': 4.427634617573469, 'g_gpe_stn_mult': 0.1658260200592475, 'g_stn_gpi_mult': 2.208230424327609, 'g_gpe_gpi_mult': 0.9862187398923954}. Best is trial 767 with value: 0.1394459479767348.
[I 2026-05-28 03:00:23,889] Trial 791 finished with value: 0.1545120006247139 and parameters: {'ISTN': 60.36266893932887, 'I_gpe': 1.0679419623684128, 'I_gpi': 2.063220945827079, 'noise_stn_sigma': 3.8084433609683264, 'noise_gpe_sigma': 99.55906570855292, 'noise_gpi_sigma': 111.99568838641935, 'g_stn_gpe_mult': 4.421198985098933, 'g_gpe_stn_mult': 0.1741420794435825, 'g_stn_gpi_mult': 2.2524375290525045, 'g_gpe_gpi_mult': 1.0155648887791757}. Best is trial 767 with value: 0.1394459479767348.
