[I 2026-05-28 02:52:16,666] Trial 308 finished with value: 0.22798197927806457 and parameters: {'ISTN': 64.01862993929673, 'I_gpe': 0.9885472878424838, 'I_gpi': 2.1645545093800633, 'noise_stn_sigma': 3.8446006836030624, 'noise_gpe_sigma': 58.91062905195384, 'noise_gpi_sigma': 103.50809278199115, 'g_stn_gpe_mult': 4.645156730309344, 'g_gpe_stn_mult': 0.12273029456160392, 'g_stn_gpi_mult': 2.654144465917313, 'g_gpe_gpi_mult': 0.9534793396589769}. Best is trial 176 with value: 0.17629840528724414.
[I 2026-05-28 02:52:17,676] Trial 309 finished with value: 0.190027579967813 and parameters: {'ISTN': 63.26577441331122, 'I_gpe': 1.073699444579142, 'I_gpi': 1.8457940597962272, 'noise_stn_sigma': 3.544115065658685, 'noise_gpe_sigma': 76.2731052392484, 'noise_gpi_sigma': 100.45366207081248, 'g_stn_gpe_mult': 4.798381745254485, 'g_gpe_stn_mult': 0.12829899021961352, 'g_stn_gpi_mult': 2.802591583064652, 'g_gpe_gpi_mult': 0.9116538418493554}. Best is trial 176 with value: 0.17629840528724414.
[I 2026-05-28 02:52:18,684] Trial 310 finished with value: 6.854027554333059 and parameters: {'ISTN': 65.27753529955321, 'I_gpe': 1.026949031020087, 'I_gpi': 1.9399532898562915, 'noise_stn_sigma': 3.13422538448792, 'noise_gpe_sigma': 26.82161906336312, 'noise_gpi_sigma': 93.24659883817456, 'g_stn_gpe_mult': 4.6755325780237085, 'g_gpe_stn_mult': 0.16909668973972347, 'g_stn_gpi_mult': 3.241718963744325, 'g_gpe_gpi_mult': 1.037801158496106}. Best is trial 176 with value: 0.17629840528724414.
[I 2026-05-28 02:52:19,696] Trial 311 finished with value: 0.2581741476588147 and parameters: {'ISTN': 62.60773200720477, 'I_gpe': 1.1846270095179081, 'I_gpi': 1.6029997709920165, 'noise_stn_sigma': 3.792102227355739, 'noise_gpe_sigma': 87.87085361933914, 'noise_gpi_sigma': 109.32441654978894, 'g_stn_gpe_mult': 4.816430464653118, 'g_gpe_stn_mult': 0.1293591203406052, 'g_stn_gpi_mult': 2.7029819424587984, 'g_gpe_gpi_mult': 0.8690597373881568}. Best is trial 176 with value: 0.17629840528724414.
[I 2026-05-28 02:52:20,705] Trial 312 finished with value: 0.303427020434497 and parameters: {'ISTN': 62.74313103757826, 'I_gpe': 0.8359358964514886, 'I_gpi': 1.6030481249398858, 'noise_stn_sigma': 4.0051546050250835, 'noise_gpe_sigma': 52.41921003930332, 'noise_gpi_sigma': 107.60429705781061, 'g_stn_gpe_mult': 4.338047253592091, 'g_gpe_stn_mult': 0.17402144069962144, 'g_stn_gpi_mult': 2.8972141018440123, 'g_gpe_gpi_mult': 1.042396891637284}. Best is trial 176 with value: 0.17629840528724414.
[I 2026-05-28 02:52:21,712] Trial 313 finished with value: 0.2743931198150346 and parameters: {'ISTN': 63.41612135901778, 'I_gpe': 0.7784917766691994, 'I_gpi': 1.7000104952292434, 'noise_stn_sigma': 3.404868620083128, 'noise_gpe_sigma': 60.31178617122022, 'noise_gpi_sigma': 103.46680774034905, 'g_stn_gpe_mult': 4.544105913678498, 'g_gpe_stn_mult': 0.14902239610712645, 'g_stn_gpi_mult': 2.9418457987109274, 'g_gpe_gpi_mult': 1.007409880712671}. Best is trial 176 with value: 0.17629840528724414.
[I 2026-05-28 02:52:22,722] Trial 314 finished with value: 0.3335400845047871 and parameters: {'ISTN': 62.437032763992704, 'I_gpe': 1.2281532425293855, 'I_gpi': 2.4851085117283587, 'noise_stn_sigma': 2.7212133808427756, 'noise_gpe_sigma': 79.10192682029373, 'noise_gpi_sigma': 96.84409803579773, 'g_stn_gpe_mult': 4.059192088839858, 'g_gpe_stn_mult': 0.18549606690014764, 'g_stn_gpi_mult': 2.6190266740170745, 'g_gpe_gpi_mult': 0.8945342306931217}. Best is trial 176 with value: 0.17629840528724414.
[I 2026-05-28 02:52:23,732] Trial 315 finished with value: 0.3260935722061068 and parameters: {'ISTN': 64.97475271465001, 'I_gpe': 1.0007191246725546, 'I_gpi': 1.4661831913131038, 'noise_stn_sigma': 3.368312235052946, 'noise_gpe_sigma': 79.19943034836672, 'noise_gpi_sigma': 99.3699680865675, 'g_stn_gpe_mult': 4.538206275357954, 'g_gpe_stn_mult': 0.16400415282993447, 'g_stn_gpi_mult': 2.6617206282095176, 'g_gpe_gpi_mult': 1.0651513225905236}. Best is trial 176 with value: 0.17629840528724414.
[I 2026-05-28 02:52:24,746] Trial 316 finished with value: 0.41617963402745695 and parameters: {'ISTN': 66.08851238495926, 'I_gpe': 0.5046975538906739, 'I_gpi': 2.188555497081426, 'noise_stn_sigma': 1.9959480024329876, 'noise_gpe_sigma': 49.12346608712039, 'noise_gpi_sigma': 112.34242178737094, 'g_stn_gpe_mult': 4.251715177320097, 'g_gpe_stn_mult': 0.10995976501756168, 'g_stn_gpi_mult': 3.3936524151832277, 'g_gpe_gpi_mult': 0.9402012757211557}. Best is trial 176 with value: 0.17629840528724414.
[I 2026-05-28 02:52:25,757] Trial 317 finished with value: 0.2667062616189508 and parameters: {'ISTN': 64.02083132561974, 'I_gpe': 0.9859409459225592, 'I_gpi': 2.3222022426599698, 'noise_stn_sigma': 3.2889882978978524, 'noise_gpe_sigma': 70.71867730499731, 'noise_gpi_sigma': 114.29246139839151, 'g_stn_gpe_mult': 4.364587140507106, 'g_gpe_stn_mult': 0.11126351843703193, 'g_stn_gpi_mult': 2.387946238791039, 'g_gpe_gpi_mult': 0.8690523491476208}. Best is trial 176 with value: 0.17629840528724414.
[I 2026-05-28 02:52:26,767] Trial 318 finished with value: 0.25416268597488473 and parameters: {'ISTN': 64.54033188088542, 'I_gpe': 0.7555371446698691, 'I_gpi': 1.970783946222665, 'noise_stn_sigma': 4.0344418021117825, 'noise_gpe_sigma': 59.670496981755306, 'noise_gpi_sigma': 107.2043419413117, 'g_stn_gpe_mult': 4.79239122938403, 'g_gpe_stn_mult': 0.1545488889912474, 'g_stn_gpi_mult': 2.91723707634765, 'g_gpe_gpi_mult': 1.0256251851238813}. Best is trial 176 with value: 0.17629840528724414.
[I 2026-05-28 02:52:27,778] Trial 319 finished with value: 0.3450359938215979 and parameters: {'ISTN': 67.42922959254479, 'I_gpe': 1.312779225218292, 'I_gpi': 1.572807079457852, 'noise_stn_sigma': 2.641209716007991, 'noise_gpe_sigma': 61.52006997630645, 'noise_gpi_sigma': 95.46637899976112, 'g_stn_gpe_mult': 4.702677133926217, 'g_gpe_stn_mult': 0.1324310672478771, 'g_stn_gpi_mult': 2.6905652193689717, 'g_gpe_gpi_mult': 0.8736997426616882}. Best is trial 176 with value: 0.17629840528724414.
[I 2026-05-28 02:52:28,787] Trial 320 finished with value: 1.2354932946284871 and parameters: {'ISTN': 62.67084411869224, 'I_gpe': 1.2706263292312772, 'I_gpi': 2.5923075917530194, 'noise_stn_sigma': 2.8976518080251363, 'noise_gpe_sigma': 69.64563050340311, 'noise_gpi_sigma': 106.10258107173115, 'g_stn_gpe_mult': 4.060622842664108, 'g_gpe_stn_mult': 0.12220792828604793, 'g_stn_gpi_mult': 2.44156987489402, 'g_gpe_gpi_mult': 0.92702966664803}. Best is trial 176 with value: 0.17629840528724414.
[I 2026-05-28 02:52:29,796] Trial 321 finished with value: 0.2470748721524928 and parameters: {'ISTN': 62.32156767187768, 'I_gpe': 1.1291848988528848, 'I_gpi': 1.707684347694057, 'noise_stn_sigma': 4.487081485845785, 'noise_gpe_sigma': 75.23967883645815, 'noise_gpi_sigma': 110.71349775202762, 'g_stn_gpe_mult': 4.476450861736843, 'g_gpe_stn_mult': 0.15782200678437924, 'g_stn_gpi_mult': 2.5295334553462085, 'g_gpe_gpi_mult': 1.0391482713476454}. Best is trial 176 with value: 0.17629840528724414.
[I 2026-05-28 02:52:30,744] Trial 322 finished with value: 1000000.0 and parameters: {'ISTN': 62.1289455285675, 'I_gpe': 0.8520611950778364, 'I_gpi': 1.8282105511233002, 'noise_stn_sigma': 4.051638985430985, 'noise_gpe_sigma': 73.9281105976192, 'noise_gpi_sigma': 114.09885333586375, 'g_stn_gpe_mult': 4.67873332631701, 'g_gpe_stn_mult': 0.17689696680498013, 'g_stn_gpi_mult': 2.5583030195284717, 'g_gpe_gpi_mult': 0.968947878770229}. Best is trial 176 with value: 0.17629840528724414.
[I 2026-05-28 02:52:31,754] Trial 323 finished with value: 0.8854746363969966 and parameters: {'ISTN': 61.914164816116596, 'I_gpe': 0.9550260469609049, 'I_gpi': 2.1250602914070855, 'noise_stn_sigma': 3.5943220301432204, 'noise_gpe_sigma': 81.61961927915101, 'noise_gpi_sigma': 99.70260670621839, 'g_stn_gpe_mult': 4.923000902480692, 'g_gpe_stn_mult': 0.11787576777516776, 'g_stn_gpi_mult': 2.8287601643240556, 'g_gpe_gpi_mult': 0.9734109091260348}. Best is trial 176 with value: 0.17629840528724414.
[I 2026-05-28 02:52:32,765] Trial 324 finished with value: 0.23451857693450498 and parameters: {'ISTN': 63.608707425751476, 'I_gpe': 0.8189843353240651, 'I_gpi': 1.90342920146273, 'noise_stn_sigma': 4.184829642940784, 'noise_gpe_sigma': 84.93831240992321, 'noise_gpi_sigma': 114.7822487018989, 'g_stn_gpe_mult': 4.874926052256063, 'g_gpe_stn_mult': 0.13099243854135462, 'g_stn_gpi_mult': 2.6423481980402754, 'g_gpe_gpi_mult': 0.9771134311352787}. Best is trial 176 with value: 0.17629840528724414.
[I 2026-05-28 02:52:33,775] Trial 325 finished with value: 1.3093457841274152 and parameters: {'ISTN': 66.65763152808532, 'I_gpe': 0.90970778181494, 'I_gpi': 2.0224202405726177, 'noise_stn_sigma': 4.0795018881524125, 'noise_gpe_sigma': 65.62180978157657, 'noise_gpi_sigma': 106.75451940288941, 'g_stn_gpe_mult': 4.839779963486938, 'g_gpe_stn_mult': 0.14620405339376824, 'g_stn_gpi_mult': 2.715950311290849, 'g_gpe_gpi_mult': 1.0273283821772223}. Best is trial 176 with value: 0.17629840528724414.
[I 2026-05-28 02:52:34,785] Trial 326 finished with value: 0.3978593778095069 and parameters: {'ISTN': 63.55626798573426, 'I_gpe': 0.966067162396987, 'I_gpi': 2.618919191098504, 'noise_stn_sigma': 3.1572131549907048, 'noise_gpe_sigma': 58.21033296623124, 'noise_gpi_sigma': 104.30948849433078, 'g_stn_gpe_mult': 4.701777070530239, 'g_gpe_stn_mult': 0.11240259869448248, 'g_stn_gpi_mult': 2.514989557094463, 'g_gpe_gpi_mult': 0.9750723079555592}. Best is trial 176 with value: 0.17629840528724414.
[I 2026-05-28 02:52:35,795] Trial 327 finished with value: 3.2128965513181162 and parameters: {'ISTN': 67.05510261436508, 'I_gpe': 0.6741107992341268, 'I_gpi': 1.4368043272260842, 'noise_stn_sigma': 4.36642004387094, 'noise_gpe_sigma': 48.69348120419477, 'noise_gpi_sigma': 122.52396815839225, 'g_stn_gpe_mult': 4.523937914770625, 'g_gpe_stn_mult': 0.1402798385064884, 'g_stn_gpi_mult': 2.8029065619156173, 'g_gpe_gpi_mult': 0.9927576319787732}. Best is trial 176 with value: 0.17629840528724414.
[I 2026-05-28 02:52:36,802] Trial 328 finished with value: 1.563605152318978 and parameters: {'ISTN': 60.09406495847964, 'I_gpe': 0.9065492809088298, 'I_gpi': 1.8170098171337823, 'noise_stn_sigma': 3.490003868679163, 'noise_gpe_sigma': 74.66455556736722, 'noise_gpi_sigma': 106.36002903461211, 'g_stn_gpe_mult': 4.854822336926253, 'g_gpe_stn_mult': 0.1463736985502299, 'g_stn_gpi_mult': 2.9256872520719326, 'g_gpe_gpi_mult': 1.035762095521825}. Best is trial 176 with value: 0.17629840528724414.
[I 2026-05-28 02:52:37,811] Trial 329 finished with value: 0.8649942214264046 and parameters: {'ISTN': 63.399905313073035, 'I_gpe': 1.038176271256681, 'I_gpi': 1.7729486740662217, 'noise_stn_sigma': 4.147761224499525, 'noise_gpe_sigma': 61.67458044953261, 'noise_gpi_sigma': 117.09357612040036, 'g_stn_gpe_mult': 4.903024493876186, 'g_gpe_stn_mult': 0.13170258143374855, 'g_stn_gpi_mult': 2.632672270980553, 'g_gpe_gpi_mult': 0.9835982059361381}. Best is trial 176 with value: 0.17629840528724414.
[I 2026-05-28 02:52:38,818] Trial 330 finished with value: 0.305390862609337 and parameters: {'ISTN': 67.73304755332916, 'I_gpe': 0.9391862572223169, 'I_gpi': 1.6413109182532042, 'noise_stn_sigma': 3.6590725199186367, 'noise_gpe_sigma': 85.72981587905694, 'noise_gpi_sigma': 102.15957579729674, 'g_stn_gpe_mult': 4.559092096529229, 'g_gpe_stn_mult': 0.12604531727829857, 'g_stn_gpi_mult': 2.612814444841213, 'g_gpe_gpi_mult': 0.9460991682411177}. Best is trial 176 with value: 0.17629840528724414.
[I 2026-05-28 02:52:39,828] Trial 331 finished with value: 0.27116077754130585 and parameters: {'ISTN': 63.82058741207034, 'I_gpe': 0.8438635983403975, 'I_gpi': 1.802446529458507, 'noise_stn_sigma': 3.394677781177855, 'noise_gpe_sigma': 68.06475900356823, 'noise_gpi_sigma': 120.28044628381453, 'g_stn_gpe_mult': 4.520238653392717, 'g_gpe_stn_mult': 0.14007543158657748, 'g_stn_gpi_mult': 2.6231350364428083, 'g_gpe_gpi_mult': 0.8617630620203454}. Best is trial 176 with value: 0.17629840528724414.
[I 2026-05-28 02:52:40,836] Trial 332 finished with value: 4.570467361419061 and parameters: {'ISTN': 69.93779635995256, 'I_gpe': 0.5595474698035412, 'I_gpi': 1.675090327071547, 'noise_stn_sigma': 3.177878822124847, 'noise_gpe_sigma': 94.65339792178854, 'noise_gpi_sigma': 120.58727159580151, 'g_stn_gpe_mult': 4.558206316995044, 'g_gpe_stn_mult': 0.16892525520093904, 'g_stn_gpi_mult': 2.5429545630807517, 'g_gpe_gpi_mult': 0.8295647643426107}. Best is trial 176 with value: 0.17629840528724414.
[I 2026-05-28 02:52:41,844] Trial 333 finished with value: 0.24063620022360493 and parameters: {'ISTN': 60.27445110431842, 'I_gpe': 0.8795956857355772, 'I_gpi': 1.9043373814026108, 'noise_stn_sigma': 3.6933603792462577, 'noise_gpe_sigma': 67.38480082655661, 'noise_gpi_sigma': 122.174723473623, 'g_stn_gpe_mult': 4.501884891047169, 'g_gpe_stn_mult': 0.17639088298496208, 'g_stn_gpi_mult': 2.789589703338474, 'g_gpe_gpi_mult': 1.0113666983693517}. Best is trial 176 with value: 0.17629840528724414.
[I 2026-05-28 02:52:42,853] Trial 334 finished with value: 0.29411883600983757 and parameters: {'ISTN': 65.40033373023208, 'I_gpe': 1.0417164911903551, 'I_gpi': 1.8640809657847854, 'noise_stn_sigma': 4.353889101262682, 'noise_gpe_sigma': 89.62857063604507, 'noise_gpi_sigma': 107.82464008233752, 'g_stn_gpe_mult': 4.724807754426196, 'g_gpe_stn_mult': 0.16652233652734166, 'g_stn_gpi_mult': 2.8360052341417954, 'g_gpe_gpi_mult': 1.0770057952348466}. Best is trial 176 with value: 0.17629840528724414.
[I 2026-05-28 02:52:43,861] Trial 335 finished with value: 1.1390562837817773 and parameters: {'ISTN': 61.52433051735559, 'I_gpe': 0.5791995227444451, 'I_gpi': 2.301345192475954, 'noise_stn_sigma': 3.940128261073618, 'noise_gpe_sigma': 71.21885057891146, 'noise_gpi_sigma': 117.90539530166602, 'g_stn_gpe_mult': 4.658864418780621, 'g_gpe_stn_mult': 0.12730663704419476, 'g_stn_gpi_mult': 2.6720374051547697, 'g_gpe_gpi_mult': 0.9202893401069583}. Best is trial 176 with value: 0.17629840528724414.
[I 2026-05-28 02:52:44,872] Trial 336 finished with value: 0.21908523018647716 and parameters: {'ISTN': 64.62950330640759, 'I_gpe': 0.7881537013023516, 'I_gpi': 2.0865209531279003, 'noise_stn_sigma': 4.040143507588972, 'noise_gpe_sigma': 84.90102418435004, 'noise_gpi_sigma': 120.79107799500875, 'g_stn_gpe_mult': 4.827932082998752, 'g_gpe_stn_mult': 0.15354774876323196, 'g_stn_gpi_mult': 2.2154971537571964, 'g_gpe_gpi_mult': 1.0553797814077024}. Best is trial 176 with value: 0.17629840528724414.
[I 2026-05-28 02:52:45,879] Trial 337 finished with value: 0.26157983250900424 and parameters: {'ISTN': 61.361039022942656, 'I_gpe': 1.0098193515263718, 'I_gpi': 1.6639121321457155, 'noise_stn_sigma': 4.774849367029054, 'noise_gpe_sigma': 67.21507365614711, 'noise_gpi_sigma': 118.86105673920738, 'g_stn_gpe_mult': 4.512688779313723, 'g_gpe_stn_mult': 0.1573099858886216, 'g_stn_gpi_mult': 2.755288714985762, 'g_gpe_gpi_mult': 1.177356964861165}. Best is trial 176 with value: 0.17629840528724414.
[I 2026-05-28 02:52:46,888] Trial 338 finished with value: 0.18565354040867424 and parameters: {'ISTN': 60.70285511233223, 'I_gpe': 1.1568498164263765, 'I_gpi': 1.8973255906523032, 'noise_stn_sigma': 4.342290967489248, 'noise_gpe_sigma': 86.4588076274808, 'noise_gpi_sigma': 108.99654284758627, 'g_stn_gpe_mult': 4.732656853750543, 'g_gpe_stn_mult': 0.19519593093402166, 'g_stn_gpi_mult': 2.443056777891216, 'g_gpe_gpi_mult': 0.9955811140071731}. Best is trial 176 with value: 0.17629840528724414.
[I 2026-05-28 02:52:47,895] Trial 339 finished with value: 6.980413326755647 and parameters: {'ISTN': 67.87468988271385, 'I_gpe': 0.766551725552623, 'I_gpi': 1.814473364031004, 'noise_stn_sigma': 4.016602242775413, 'noise_gpe_sigma': 79.06258518681385, 'noise_gpi_sigma': 118.81633480629363, 'g_stn_gpe_mult': 4.424476040959615, 'g_gpe_stn_mult': 0.18642367205368943, 'g_stn_gpi_mult': 2.986542318700532, 'g_gpe_gpi_mult': 0.9633715063411756}. Best is trial 176 with value: 0.17629840528724414.
[I 2026-05-28 02:52:48,904] Trial 340 finished with value: 0.3031308377186377 and parameters: {'ISTN': 63.42155591287196, 'I_gpe': 0.8834029371362149, 'I_gpi': 1.6202277839495538, 'noise_stn_sigma': 4.68444941251679, 'noise_gpe_sigma': 73.91541435948255, 'noise_gpi_sigma': 116.61199675883688, 'g_stn_gpe_mult': 4.4979786099119625, 'g_gpe_stn_mult': 0.14641171931454688, 'g_stn_gpi_mult': 2.767644032429802, 'g_gpe_gpi_mult': 1.0332192611865025}. Best is trial 176 with value: 0.17629840528724414.
[I 2026-05-28 02:52:49,913] Trial 341 finished with value: 0.2510310115756874 and parameters: {'ISTN': 62.17253677727941, 'I_gpe': 0.919431509134002, 'I_gpi': 1.7330394028976042, 'noise_stn_sigma': 5.184331891117595, 'noise_gpe_sigma': 81.3293460437435, 'noise_gpi_sigma': 108.9812006551597, 'g_stn_gpe_mult': 4.346270951050032, 'g_gpe_stn_mult': 0.16809800588331741, 'g_stn_gpi_mult': 2.4412428450288903, 'g_gpe_gpi_mult': 1.072781738872046}. Best is trial 176 with value: 0.17629840528724414.
[I 2026-05-28 02:52:50,919] Trial 342 finished with value: 0.21371430992066956 and parameters: {'ISTN': 64.16656067291031, 'I_gpe': 1.0885264506529533, 'I_gpi': 2.013646095083054, 'noise_stn_sigma': 3.8318555284844167, 'noise_gpe_sigma': 93.24441558322069, 'noise_gpi_sigma': 100.08750287320049, 'g_stn_gpe_mult': 4.579974300550379, 'g_gpe_stn_mult': 0.17796169520908622, 'g_stn_gpi_mult': 2.0438935240252514, 'g_gpe_gpi_mult': 1.0416416864936744}. Best is trial 176 with value: 0.17629840528724414.
[I 2026-05-28 02:52:51,929] Trial 343 finished with value: 0.6777522748140663 and parameters: {'ISTN': 61.40797032624165, 'I_gpe': 0.7917378463840774, 'I_gpi': 1.6446989770778466, 'noise_stn_sigma': 4.140631518523268, 'noise_gpe_sigma': 73.86644045581237, 'noise_gpi_sigma': 124.53009515394834, 'g_stn_gpe_mult': 4.536747757751405, 'g_gpe_stn_mult': 0.24297743452305207, 'g_stn_gpi_mult': 2.6941782588238157, 'g_gpe_gpi_mult': 1.118422070279414}. Best is trial 176 with value: 0.17629840528724414.
[I 2026-05-28 02:52:52,939] Trial 344 finished with value: 9.13384934744528 and parameters: {'ISTN': 66.0520299014416, 'I_gpe': 0.7000444045195613, 'I_gpi': 1.4194124019889145, 'noise_stn_sigma': 4.709102625521959, 'noise_gpe_sigma': 72.81672301543362, 'noise_gpi_sigma': 111.83176279715047, 'g_stn_gpe_mult': 4.6825917755838855, 'g_gpe_stn_mult': 0.20781023162192394, 'g_stn_gpi_mult': 2.4543612002431976, 'g_gpe_gpi_mult': 1.094161822775312}. Best is trial 176 with value: 0.17629840528724414.
[I 2026-05-28 02:52:53,946] Trial 345 finished with value: 0.3187838914578984 and parameters: {'ISTN': 63.519659945532226, 'I_gpe': 1.1057174522278959, 'I_gpi': 1.5409048334847832, 'noise_stn_sigma': 4.670834673668372, 'noise_gpe_sigma': 76.4247394046233, 'noise_gpi_sigma': 114.02114154675232, 'g_stn_gpe_mult': 4.887192836346333, 'g_gpe_stn_mult': 0.18555623883736505, 'g_stn_gpi_mult': 2.9686932649732887, 'g_gpe_gpi_mult': 1.096675098507402}. Best is trial 176 with value: 0.17629840528724414.
[I 2026-05-28 02:52:54,955] Trial 346 finished with value: 9.348292486630655 and parameters: {'ISTN': 64.47523245666765, 'I_gpe': 0.8033652939015927, 'I_gpi': 2.20591234330628, 'noise_stn_sigma': 4.672794873342578, 'noise_gpe_sigma': 105.99711040955201, 'noise_gpi_sigma': 111.53476078963043, 'g_stn_gpe_mult': 4.878532249424017, 'g_gpe_stn_mult': 0.24515585116037603, 'g_stn_gpi_mult': 2.0179239038656744, 'g_gpe_gpi_mult': 0.990008335775644}. Best is trial 176 with value: 0.17629840528724414.
[I 2026-05-28 02:52:55,962] Trial 347 finished with value: 0.2514966899251521 and parameters: {'ISTN': 65.63944312818228, 'I_gpe': 1.3770196336451603, 'I_gpi': 2.04939996376149, 'noise_stn_sigma': 4.564661698606424, 'noise_gpe_sigma': 86.7208015213701, 'noise_gpi_sigma': 113.43141161966177, 'g_stn_gpe_mult': 4.886160477417529, 'g_gpe_stn_mult': 0.11548860903371144, 'g_stn_gpi_mult': 2.2455794592572245, 'g_gpe_gpi_mult': 1.0657571446950347}. Best is trial 176 with value: 0.17629840528724414.
[I 2026-05-28 02:52:56,973] Trial 348 finished with value: 6.68966260489038 and parameters: {'ISTN': 64.81823832694411, 'I_gpe': 0.9544772423257751, 'I_gpi': 2.0982187746302405, 'noise_stn_sigma': 3.9720217791692867, 'noise_gpe_sigma': 80.14807034468566, 'noise_gpi_sigma': 112.99499445195488, 'g_stn_gpe_mult': 4.5557840019064875, 'g_gpe_stn_mult': 0.22691171867169713, 'g_stn_gpi_mult': 2.360846231607735, 'g_gpe_gpi_mult': 1.0942858183043553}. Best is trial 176 with value: 0.17629840528724414.
[I 2026-05-28 02:52:57,985] Trial 349 finished with value: 0.3326123489089945 and parameters: {'ISTN': 60.466018204677404, 'I_gpe': 0.8580493515427237, 'I_gpi': 1.6438554602415894, 'noise_stn_sigma': 4.321390249827661, 'noise_gpe_sigma': 79.54585034836265, 'noise_gpi_sigma': 124.32086998382016, 'g_stn_gpe_mult': 4.792599058072194, 'g_gpe_stn_mult': 0.2560591959590056, 'g_stn_gpi_mult': 2.287891286860612, 'g_gpe_gpi_mult': 1.0138622857711816}. Best is trial 176 with value: 0.17629840528724414.
[I 2026-05-28 02:52:58,995] Trial 350 finished with value: 3.044174101143558 and parameters: {'ISTN': 61.31865197131519, 'I_gpe': 0.7241150356808421, 'I_gpi': 1.32010603958694, 'noise_stn_sigma': 4.776924570446422, 'noise_gpe_sigma': 86.87999379361702, 'noise_gpi_sigma': 109.14144686399138, 'g_stn_gpe_mult': 4.483324108842318, 'g_gpe_stn_mult': 0.16686264264032413, 'g_stn_gpi_mult': 3.2224828016748464, 'g_gpe_gpi_mult': 1.012683659509862}. Best is trial 176 with value: 0.17629840528724414.
[I 2026-05-28 02:53:00,005] Trial 351 finished with value: 2.422514043646898 and parameters: {'ISTN': 63.818208974709236, 'I_gpe': 1.1720301662103805, 'I_gpi': 2.081551405325026, 'noise_stn_sigma': 4.516712085251408, 'noise_gpe_sigma': 84.48863959857046, 'noise_gpi_sigma': 109.210186911096, 'g_stn_gpe_mult': 4.651449284349052, 'g_gpe_stn_mult': 0.21063351175829215, 'g_stn_gpi_mult': 2.1485595325882385, 'g_gpe_gpi_mult': 1.0647540898123147}. Best is trial 176 with value: 0.17629840528724414.
