[I 2026-05-28 03:07:04,237] Trial 176 finished with value: 14.659132588343105 and parameters: {'ISTN': 76.48473269848525, 'I_gpe': 1.9119129965199606, 'I_gpi': 1.5767470452864947, 'noise_stn_sigma': 2.5893185832046024, 'noise_gpe_sigma': 78.62903509962874, 'noise_gpi_sigma': 133.17161816367224, 'g_stn_gpe_mult': 2.396772063311512, 'g_gpe_stn_mult': 0.16397551745840694, 'g_stn_gpi_mult': 3.696132669209371, 'g_gpe_gpi_mult': 1.0619322725566267}. Best is trial 72 with value: 1.085955108988597.
[I 2026-05-28 03:07:05,249] Trial 177 finished with value: 10.911855474469442 and parameters: {'ISTN': 66.16245185585029, 'I_gpe': 2.2528746083170867, 'I_gpi': 1.96298109071382, 'noise_stn_sigma': 3.789374329113093, 'noise_gpe_sigma': 107.95459409984169, 'noise_gpi_sigma': 141.47998291988245, 'g_stn_gpe_mult': 1.9585648439209475, 'g_gpe_stn_mult': 0.3129035803008051, 'g_stn_gpi_mult': 3.141241469648545, 'g_gpe_gpi_mult': 1.0758175471518925}. Best is trial 72 with value: 1.085955108988597.
[I 2026-05-28 03:07:06,260] Trial 178 finished with value: 0.3322283369013649 and parameters: {'ISTN': 60.650073847336, 'I_gpe': 1.9885165430048524, 'I_gpi': 2.029021049344939, 'noise_stn_sigma': 1.1595759453793442, 'noise_gpe_sigma': 98.46449145062077, 'noise_gpi_sigma': 117.34361234721754, 'g_stn_gpe_mult': 1.8006890490444876, 'g_gpe_stn_mult': 0.13196176839373866, 'g_stn_gpi_mult': 3.122332218054928, 'g_gpe_gpi_mult': 1.0556436425134128}. Best is trial 178 with value: 0.3322283369013649.
[I 2026-05-28 03:07:07,272] Trial 179 finished with value: 6.812342565390249 and parameters: {'ISTN': 60.96272497072249, 'I_gpe': 2.8119319209651024, 'I_gpi': 2.0135211855020714, 'noise_stn_sigma': 2.441814139512089, 'noise_gpe_sigma': 85.31252739474317, 'noise_gpi_sigma': 126.44329274389248, 'g_stn_gpe_mult': 1.9424797735592096, 'g_gpe_stn_mult': 0.35659652332265923, 'g_stn_gpi_mult': 3.1530823461564115, 'g_gpe_gpi_mult': 1.1586458833267859}. Best is trial 178 with value: 0.3322283369013649.
[I 2026-05-28 03:07:08,283] Trial 180 finished with value: 8.412561539330492 and parameters: {'ISTN': 65.94639170233619, 'I_gpe': 2.0425096966898497, 'I_gpi': 2.15077819466595, 'noise_stn_sigma': 3.0784701238002965, 'noise_gpe_sigma': 89.103284573194, 'noise_gpi_sigma': 123.54980166259567, 'g_stn_gpe_mult': 1.7815065903723322, 'g_gpe_stn_mult': 0.2508339206267517, 'g_stn_gpi_mult': 3.0649407364064842, 'g_gpe_gpi_mult': 0.9059882502787464}. Best is trial 178 with value: 0.3322283369013649.
[I 2026-05-28 03:07:09,295] Trial 181 finished with value: 9.951509569515318 and parameters: {'ISTN': 72.09701851488632, 'I_gpe': 2.3380298227838328, 'I_gpi': 2.3397985866100024, 'noise_stn_sigma': 1.9886183202353296, 'noise_gpe_sigma': 77.34184012616586, 'noise_gpi_sigma': 128.28067980244418, 'g_stn_gpe_mult': 1.8497507804582474, 'g_gpe_stn_mult': 0.20493425608214985, 'g_stn_gpi_mult': 2.853767984851838, 'g_gpe_gpi_mult': 0.8810558741324224}. Best is trial 178 with value: 0.3322283369013649.
[I 2026-05-28 03:07:10,304] Trial 182 finished with value: 10.596361246511076 and parameters: {'ISTN': 69.03098471799798, 'I_gpe': 2.2318564875113402, 'I_gpi': 2.7540775923313965, 'noise_stn_sigma': 3.1523857799049857, 'noise_gpe_sigma': 91.37595545501487, 'noise_gpi_sigma': 131.4328135921331, 'g_stn_gpe_mult': 2.0163859390524954, 'g_gpe_stn_mult': 0.2926632192784946, 'g_stn_gpi_mult': 2.904190571032802, 'g_gpe_gpi_mult': 0.915997871353095}. Best is trial 178 with value: 0.3322283369013649.
[I 2026-05-28 03:07:11,314] Trial 183 finished with value: 11.157760583200904 and parameters: {'ISTN': 72.2694151612577, 'I_gpe': 2.0802682741506064, 'I_gpi': 2.205523286407833, 'noise_stn_sigma': 4.1811333558505615, 'noise_gpe_sigma': 102.46365417066242, 'noise_gpi_sigma': 132.9009779815126, 'g_stn_gpe_mult': 1.6424535510087064, 'g_gpe_stn_mult': 0.297764043208158, 'g_stn_gpi_mult': 2.996162718011255, 'g_gpe_gpi_mult': 0.953262572658808}. Best is trial 178 with value: 0.3322283369013649.
[I 2026-05-28 03:07:12,325] Trial 184 finished with value: 14.386150281927385 and parameters: {'ISTN': 69.81690249687232, 'I_gpe': 2.10332597977912, 'I_gpi': 2.749884376339391, 'noise_stn_sigma': 2.169094644613682, 'noise_gpe_sigma': 93.66477580799658, 'noise_gpi_sigma': 122.3551959392345, 'g_stn_gpe_mult': 2.177706957728882, 'g_gpe_stn_mult': 0.28492667316519893, 'g_stn_gpi_mult': 2.9619778633509135, 'g_gpe_gpi_mult': 0.8140205916437129}. Best is trial 178 with value: 0.3322283369013649.
[I 2026-05-28 03:07:13,334] Trial 185 finished with value: 0.49913677876903867 and parameters: {'ISTN': 65.09695600845656, 'I_gpe': 1.7712217906812782, 'I_gpi': 2.3090744192036707, 'noise_stn_sigma': 1.3988424507018749, 'noise_gpe_sigma': 97.17635798375662, 'noise_gpi_sigma': 127.3707448124223, 'g_stn_gpe_mult': 2.170326838921957, 'g_gpe_stn_mult': 0.19696112433573054, 'g_stn_gpi_mult': 3.1190854408503443, 'g_gpe_gpi_mult': 0.9934359272300755}. Best is trial 178 with value: 0.3322283369013649.
[I 2026-05-28 03:07:14,344] Trial 186 finished with value: 15.02886683374014 and parameters: {'ISTN': 73.19023872990961, 'I_gpe': 1.809080620312609, 'I_gpi': 1.9238929393738289, 'noise_stn_sigma': 2.933378766293705, 'noise_gpe_sigma': 91.19628733798328, 'noise_gpi_sigma': 105.27595959946113, 'g_stn_gpe_mult': 2.243675701750955, 'g_gpe_stn_mult': 0.41804445199364304, 'g_stn_gpi_mult': 3.2385143539566803, 'g_gpe_gpi_mult': 1.0786708426950478}. Best is trial 178 with value: 0.3322283369013649.
[I 2026-05-28 03:07:15,354] Trial 187 finished with value: 10.376947092450953 and parameters: {'ISTN': 66.0054591504336, 'I_gpe': 2.0901571957270404, 'I_gpi': 2.4402684579760647, 'noise_stn_sigma': 2.1216746278595444, 'noise_gpe_sigma': 115.88522273140691, 'noise_gpi_sigma': 118.77744796081903, 'g_stn_gpe_mult': 2.1237740503726084, 'g_gpe_stn_mult': 0.17502362585445574, 'g_stn_gpi_mult': 2.790004672732553, 'g_gpe_gpi_mult': 0.8908438809177364}. Best is trial 178 with value: 0.3322283369013649.
[I 2026-05-28 03:07:16,366] Trial 188 finished with value: 3.6520341587480285 and parameters: {'ISTN': 63.898449828113876, 'I_gpe': 2.1755879741755706, 'I_gpi': 2.1721721308793605, 'noise_stn_sigma': 1.281363292674133, 'noise_gpe_sigma': 97.79384321497568, 'noise_gpi_sigma': 121.33344561899281, 'g_stn_gpe_mult': 1.8726647989073282, 'g_gpe_stn_mult': 0.22918045028222664, 'g_stn_gpi_mult': 2.909512794586079, 'g_gpe_gpi_mult': 1.0131380752153434}. Best is trial 178 with value: 0.3322283369013649.
[I 2026-05-28 03:07:17,376] Trial 189 finished with value: 13.126968474475554 and parameters: {'ISTN': 68.45144269679297, 'I_gpe': 1.9938240565387768, 'I_gpi': 2.095810337714778, 'noise_stn_sigma': 2.7324637524431017, 'noise_gpe_sigma': 74.86598554226174, 'noise_gpi_sigma': 114.17795808497247, 'g_stn_gpe_mult': 2.468632851728561, 'g_gpe_stn_mult': 0.37182590620150036, 'g_stn_gpi_mult': 2.815086463226843, 'g_gpe_gpi_mult': 0.7092302981296568}. Best is trial 178 with value: 0.3322283369013649.
[I 2026-05-28 03:07:18,389] Trial 190 finished with value: 13.464434637176128 and parameters: {'ISTN': 64.51001369559098, 'I_gpe': 2.0829332234527724, 'I_gpi': 2.6463959403951067, 'noise_stn_sigma': 3.5212817788497137, 'noise_gpe_sigma': 116.19738589054776, 'noise_gpi_sigma': 108.9622269026858, 'g_stn_gpe_mult': 2.145792646775813, 'g_gpe_stn_mult': 0.31861037214448773, 'g_stn_gpi_mult': 3.1518018170108233, 'g_gpe_gpi_mult': 0.9368527036151739}. Best is trial 178 with value: 0.3322283369013649.
[I 2026-05-28 03:07:19,400] Trial 191 finished with value: 13.30547980615864 and parameters: {'ISTN': 69.63216996720573, 'I_gpe': 2.026938413015579, 'I_gpi': 1.8243834439475637, 'noise_stn_sigma': 2.779736517993586, 'noise_gpe_sigma': 95.06334742825766, 'noise_gpi_sigma': 146.21069952173872, 'g_stn_gpe_mult': 2.2014394015284853, 'g_gpe_stn_mult': 0.17704045244706934, 'g_stn_gpi_mult': 2.893582523306448, 'g_gpe_gpi_mult': 0.9772817895671644}. Best is trial 178 with value: 0.3322283369013649.
[I 2026-05-28 03:07:20,410] Trial 192 finished with value: 9.887458304475611 and parameters: {'ISTN': 60.80950749332833, 'I_gpe': 2.317123739696827, 'I_gpi': 2.9455577922007836, 'noise_stn_sigma': 2.538302067925736, 'noise_gpe_sigma': 89.09416764694369, 'noise_gpi_sigma': 101.944936054319, 'g_stn_gpe_mult': 2.1037548557175936, 'g_gpe_stn_mult': 0.28754765361915596, 'g_stn_gpi_mult': 2.8725165653366638, 'g_gpe_gpi_mult': 0.9180591214296276}. Best is trial 178 with value: 0.3322283369013649.
[I 2026-05-28 03:07:21,420] Trial 193 finished with value: 11.922251367026124 and parameters: {'ISTN': 72.8528461762519, 'I_gpe': 2.0286679184571335, 'I_gpi': 2.8050833898465704, 'noise_stn_sigma': 2.0199497632104677, 'noise_gpe_sigma': 100.81117530766225, 'noise_gpi_sigma': 120.15714982084391, 'g_stn_gpe_mult': 1.992100932706225, 'g_gpe_stn_mult': 0.1659338797808198, 'g_stn_gpi_mult': 3.1647354619857, 'g_gpe_gpi_mult': 1.0684709202926983}. Best is trial 178 with value: 0.3322283369013649.
[I 2026-05-28 03:07:22,431] Trial 194 finished with value: 6.485580376795062 and parameters: {'ISTN': 68.45896216771825, 'I_gpe': 2.255290525786409, 'I_gpi': 2.1590391390875316, 'noise_stn_sigma': 1.0668037948463895, 'noise_gpe_sigma': 90.94409215831753, 'noise_gpi_sigma': 136.05961026217324, 'g_stn_gpe_mult': 2.5854245227708477, 'g_gpe_stn_mult': 0.14035083589849692, 'g_stn_gpi_mult': 2.238288600232196, 'g_gpe_gpi_mult': 0.8843627818314166}. Best is trial 178 with value: 0.3322283369013649.
[I 2026-05-28 03:07:23,441] Trial 195 finished with value: 9.692039824609136 and parameters: {'ISTN': 66.1449489157231, 'I_gpe': 1.7131473846365355, 'I_gpi': 2.7940789145902594, 'noise_stn_sigma': 1.537221882327872, 'noise_gpe_sigma': 98.51315449270594, 'noise_gpi_sigma': 124.42023319276501, 'g_stn_gpe_mult': 1.8499491885968649, 'g_gpe_stn_mult': 0.3240121946054728, 'g_stn_gpi_mult': 3.0838003765530235, 'g_gpe_gpi_mult': 1.0281773319841834}. Best is trial 178 with value: 0.3322283369013649.
[I 2026-05-28 03:07:24,455] Trial 196 finished with value: 4.355225665054891 and parameters: {'ISTN': 64.2934382166775, 'I_gpe': 1.555876023626739, 'I_gpi': 1.8021965233576855, 'noise_stn_sigma': 1.6401357064869746, 'noise_gpe_sigma': 102.20051974011743, 'noise_gpi_sigma': 119.43998225044362, 'g_stn_gpe_mult': 2.1548158352198667, 'g_gpe_stn_mult': 0.24762458611460508, 'g_stn_gpi_mult': 2.945439412664382, 'g_gpe_gpi_mult': 1.0162461138891856}. Best is trial 178 with value: 0.3322283369013649.
[I 2026-05-28 03:07:25,467] Trial 197 finished with value: 8.818158054762806 and parameters: {'ISTN': 64.48980854641127, 'I_gpe': 2.3005503286032214, 'I_gpi': 1.6927859315614429, 'noise_stn_sigma': 1.2588702359340653, 'noise_gpe_sigma': 89.48161201249361, 'noise_gpi_sigma': 116.08136660014237, 'g_stn_gpe_mult': 2.060758514284762, 'g_gpe_stn_mult': 0.22339251380176808, 'g_stn_gpi_mult': 3.0982376255410866, 'g_gpe_gpi_mult': 0.8780320649508344}. Best is trial 178 with value: 0.3322283369013649.
[I 2026-05-28 03:07:26,478] Trial 198 finished with value: 15.054416889501521 and parameters: {'ISTN': 75.96104333856096, 'I_gpe': 1.5155232396820513, 'I_gpi': 3.0692784030291547, 'noise_stn_sigma': 3.1545661474945423, 'noise_gpe_sigma': 102.6698367980447, 'noise_gpi_sigma': 132.2288612685166, 'g_stn_gpe_mult': 2.177646295822491, 'g_gpe_stn_mult': 0.20501794578149152, 'g_stn_gpi_mult': 3.038290990049407, 'g_gpe_gpi_mult': 0.8991705645537158}. Best is trial 178 with value: 0.3322283369013649.
[I 2026-05-28 03:07:27,489] Trial 199 finished with value: 10.65268646761005 and parameters: {'ISTN': 69.89357551295205, 'I_gpe': 1.9761249762063204, 'I_gpi': 2.835713917267921, 'noise_stn_sigma': 1.8480338508323162, 'noise_gpe_sigma': 103.39303788634076, 'noise_gpi_sigma': 129.84457181171535, 'g_stn_gpe_mult': 1.9350743811488635, 'g_gpe_stn_mult': 0.1918682663039799, 'g_stn_gpi_mult': 2.657047985809946, 'g_gpe_gpi_mult': 0.8737107021481425}. Best is trial 178 with value: 0.3322283369013649.
[I 2026-05-28 03:07:28,502] Trial 200 finished with value: 0.6669237525092884 and parameters: {'ISTN': 62.0751112375519, 'I_gpe': 2.06028425170173, 'I_gpi': 2.8966501435724394, 'noise_stn_sigma': 1.0451069374807909, 'noise_gpe_sigma': 92.14081434681746, 'noise_gpi_sigma': 127.96368578202276, 'g_stn_gpe_mult': 2.5941833271312573, 'g_gpe_stn_mult': 0.1403981872665277, 'g_stn_gpi_mult': 2.426387767244603, 'g_gpe_gpi_mult': 1.0001194524049375}. Best is trial 178 with value: 0.3322283369013649.
[I 2026-05-28 03:07:29,516] Trial 201 finished with value: 12.842784224147167 and parameters: {'ISTN': 78.28490467640974, 'I_gpe': 1.3101900882866988, 'I_gpi': 2.289081853490165, 'noise_stn_sigma': 1.1236095985612164, 'noise_gpe_sigma': 104.14194047951727, 'noise_gpi_sigma': 111.42055040803017, 'g_stn_gpe_mult': 2.471134266373858, 'g_gpe_stn_mult': 0.1357349347640581, 'g_stn_gpi_mult': 2.5504596478751393, 'g_gpe_gpi_mult': 0.9532176512040635}. Best is trial 178 with value: 0.3322283369013649.
[I 2026-05-28 03:07:30,530] Trial 202 finished with value: 0.8749240016406172 and parameters: {'ISTN': 61.0039210571159, 'I_gpe': 1.418155185004619, 'I_gpi': 2.4280221605261634, 'noise_stn_sigma': 1.5538463310608612, 'noise_gpe_sigma': 90.1323297945921, 'noise_gpi_sigma': 130.7702784291804, 'g_stn_gpe_mult': 2.7930650853787604, 'g_gpe_stn_mult': 0.297178249992676, 'g_stn_gpi_mult': 2.6411209164842444, 'g_gpe_gpi_mult': 0.9694142074370606}. Best is trial 178 with value: 0.3322283369013649.
[I 2026-05-28 03:07:31,541] Trial 203 finished with value: 0.3275477846257409 and parameters: {'ISTN': 63.218521576398324, 'I_gpe': 1.8900182901769604, 'I_gpi': 2.2637024767853533, 'noise_stn_sigma': 1.0381099165321703, 'noise_gpe_sigma': 89.49854357584228, 'noise_gpi_sigma': 121.24493266930305, 'g_stn_gpe_mult': 2.2617881026481, 'g_gpe_stn_mult': 0.15761875556650093, 'g_stn_gpi_mult': 2.575482484068779, 'g_gpe_gpi_mult': 0.948425789622253}. Best is trial 203 with value: 0.3275477846257409.
[I 2026-05-28 03:07:32,551] Trial 204 finished with value: 7.270889814711936 and parameters: {'ISTN': 68.04099335707977, 'I_gpe': 2.1892511512744224, 'I_gpi': 2.875767883082271, 'noise_stn_sigma': 1.507146948503245, 'noise_gpe_sigma': 92.78058696184786, 'noise_gpi_sigma': 139.7293973546101, 'g_stn_gpe_mult': 2.457423953056568, 'g_gpe_stn_mult': 0.16824043021721458, 'g_stn_gpi_mult': 2.9476155433465827, 'g_gpe_gpi_mult': 1.0657638759314247}. Best is trial 203 with value: 0.3275477846257409.
[I 2026-05-28 03:07:33,562] Trial 205 finished with value: 3.7730422358445503 and parameters: {'ISTN': 64.75794931351325, 'I_gpe': 1.9677970510334744, 'I_gpi': 2.3664625175255116, 'noise_stn_sigma': 1.1270932115173264, 'noise_gpe_sigma': 101.27370940381965, 'noise_gpi_sigma': 125.67257631109926, 'g_stn_gpe_mult': 2.9827315188808146, 'g_gpe_stn_mult': 0.2256442833621029, 'g_stn_gpi_mult': 2.5019267719358402, 'g_gpe_gpi_mult': 1.0186375890230202}. Best is trial 203 with value: 0.3275477846257409.
[I 2026-05-28 03:07:34,574] Trial 206 finished with value: 15.109460945629083 and parameters: {'ISTN': 77.35592018790963, 'I_gpe': 1.9928402422481133, 'I_gpi': 2.01396972452933, 'noise_stn_sigma': 1.694036768849833, 'noise_gpe_sigma': 97.4746163387859, 'noise_gpi_sigma': 139.72004603170558, 'g_stn_gpe_mult': 2.773048289171186, 'g_gpe_stn_mult': 0.23815796820776713, 'g_stn_gpi_mult': 2.8018067718881294, 'g_gpe_gpi_mult': 0.9743349271733255}. Best is trial 203 with value: 0.3275477846257409.
[I 2026-05-28 03:07:35,583] Trial 207 finished with value: 8.787766445549373 and parameters: {'ISTN': 64.52797009367498, 'I_gpe': 2.2011111382383097, 'I_gpi': 2.994530561973255, 'noise_stn_sigma': 1.4711341783978589, 'noise_gpe_sigma': 104.9851393789602, 'noise_gpi_sigma': 148.61491073175506, 'g_stn_gpe_mult': 2.427109680351197, 'g_gpe_stn_mult': 0.22989220148627626, 'g_stn_gpi_mult': 2.478739817642255, 'g_gpe_gpi_mult': 1.0174464122270501}. Best is trial 203 with value: 0.3275477846257409.
[I 2026-05-28 03:07:36,593] Trial 208 finished with value: 11.017567892662074 and parameters: {'ISTN': 72.6677416683053, 'I_gpe': 2.3023951875266238, 'I_gpi': 1.9840937322457106, 'noise_stn_sigma': 2.2493740273581375, 'noise_gpe_sigma': 103.8651868692197, 'noise_gpi_sigma': 135.6771749699306, 'g_stn_gpe_mult': 2.4878259360698873, 'g_gpe_stn_mult': 0.3311218541932145, 'g_stn_gpi_mult': 2.8346372707683174, 'g_gpe_gpi_mult': 1.0138332018407084}. Best is trial 203 with value: 0.3275477846257409.
[I 2026-05-28 03:07:37,602] Trial 209 finished with value: 15.643719954650118 and parameters: {'ISTN': 81.61005771715779, 'I_gpe': 1.6860053780134339, 'I_gpi': 2.1771652659562, 'noise_stn_sigma': 2.0136642454532847, 'noise_gpe_sigma': 102.10929774516856, 'noise_gpi_sigma': 114.29269428796925, 'g_stn_gpe_mult': 2.90089919760361, 'g_gpe_stn_mult': 0.22472727151129018, 'g_stn_gpi_mult': 2.408191099137434, 'g_gpe_gpi_mult': 0.8690541589670815}. Best is trial 203 with value: 0.3275477846257409.
[I 2026-05-28 03:07:38,615] Trial 210 finished with value: 14.301662874617044 and parameters: {'ISTN': 70.54234166704136, 'I_gpe': 1.916542943635517, 'I_gpi': 1.6473526340044906, 'noise_stn_sigma': 1.68161966256996, 'noise_gpe_sigma': 108.78792334781969, 'noise_gpi_sigma': 113.136534043068, 'g_stn_gpe_mult': 2.0811858315580802, 'g_gpe_stn_mult': 0.23912700961672076, 'g_stn_gpi_mult': 2.952135269488844, 'g_gpe_gpi_mult': 1.1816955293463522}. Best is trial 203 with value: 0.3275477846257409.
[I 2026-05-28 03:07:39,627] Trial 211 finished with value: 10.025964590274903 and parameters: {'ISTN': 68.20541926081171, 'I_gpe': 1.6375187391700388, 'I_gpi': 2.218503585312493, 'noise_stn_sigma': 1.7239602023592944, 'noise_gpe_sigma': 80.48925783291301, 'noise_gpi_sigma': 123.91782081319323, 'g_stn_gpe_mult': 2.0340148091288714, 'g_gpe_stn_mult': 0.19532852685317198, 'g_stn_gpi_mult': 3.0383105324124924, 'g_gpe_gpi_mult': 1.0387859923272245}. Best is trial 203 with value: 0.3275477846257409.
[I 2026-05-28 03:07:40,638] Trial 212 finished with value: 1.8762369420440994 and parameters: {'ISTN': 67.64808878683391, 'I_gpe': 1.4340512180500131, 'I_gpi': 2.2359048476350063, 'noise_stn_sigma': 1.7798473019956491, 'noise_gpe_sigma': 89.9635122749915, 'noise_gpi_sigma': 109.65831469822368, 'g_stn_gpe_mult': 2.5392203983681316, 'g_gpe_stn_mult': 0.1686307420248208, 'g_stn_gpi_mult': 2.8074547070261033, 'g_gpe_gpi_mult': 1.1300551888172563}. Best is trial 203 with value: 0.3275477846257409.
[I 2026-05-28 03:07:41,648] Trial 213 finished with value: 11.957683689595166 and parameters: {'ISTN': 67.67888454579122, 'I_gpe': 2.017476909183686, 'I_gpi': 2.1996844562725455, 'noise_stn_sigma': 2.3671007529970067, 'noise_gpe_sigma': 112.15944873525966, 'noise_gpi_sigma': 118.43102508592577, 'g_stn_gpe_mult': 2.207146127032364, 'g_gpe_stn_mult': 0.33567652948270343, 'g_stn_gpi_mult': 2.8459685631801186, 'g_gpe_gpi_mult': 0.9189087682018329}. Best is trial 203 with value: 0.3275477846257409.
[I 2026-05-28 03:07:42,661] Trial 214 finished with value: 0.3043140607046834 and parameters: {'ISTN': 62.86999552664583, 'I_gpe': 1.727835464778189, 'I_gpi': 2.2929795905538866, 'noise_stn_sigma': 1.123563975365549, 'noise_gpe_sigma': 77.56380358750474, 'noise_gpi_sigma': 131.79152142952648, 'g_stn_gpe_mult': 3.50799004019427, 'g_gpe_stn_mult': 0.18568320984872566, 'g_stn_gpi_mult': 2.8337758586877313, 'g_gpe_gpi_mult': 1.0440341472847987}. Best is trial 214 with value: 0.3043140607046834.
[I 2026-05-28 03:07:43,671] Trial 215 finished with value: 7.735246770997242 and parameters: {'ISTN': 66.26994100480535, 'I_gpe': 2.1514785270223107, 'I_gpi': 2.8240416953824354, 'noise_stn_sigma': 2.4116749446591306, 'noise_gpe_sigma': 96.76767008465593, 'noise_gpi_sigma': 113.46418849901383, 'g_stn_gpe_mult': 2.624111388237469, 'g_gpe_stn_mult': 0.19498729223264494, 'g_stn_gpi_mult': 2.016402057806747, 'g_gpe_gpi_mult': 0.910183574067424}. Best is trial 214 with value: 0.3043140607046834.
[I 2026-05-28 03:07:44,683] Trial 216 finished with value: 9.1053527833995 and parameters: {'ISTN': 66.25579837722498, 'I_gpe': 1.4120445594466338, 'I_gpi': 2.5975036840329997, 'noise_stn_sigma': 2.063397421830977, 'noise_gpe_sigma': 107.89685324115858, 'noise_gpi_sigma': 135.40384213630807, 'g_stn_gpe_mult': 1.9670240239735612, 'g_gpe_stn_mult': 0.22383501331826508, 'g_stn_gpi_mult': 2.2090344291698556, 'g_gpe_gpi_mult': 0.8062714538664495}. Best is trial 214 with value: 0.3043140607046834.
[I 2026-05-28 03:07:45,693] Trial 217 finished with value: 8.199428601718163 and parameters: {'ISTN': 67.13697185329224, 'I_gpe': 1.8690214031474095, 'I_gpi': 2.2117069585652818, 'noise_stn_sigma': 2.393191654868387, 'noise_gpe_sigma': 86.98736898428429, 'noise_gpi_sigma': 141.18783469799996, 'g_stn_gpe_mult': 2.44660456209892, 'g_gpe_stn_mult': 0.18818192650680488, 'g_stn_gpi_mult': 2.5371167869511346, 'g_gpe_gpi_mult': 0.7842144733190965}. Best is trial 214 with value: 0.3043140607046834.
[I 2026-05-28 03:07:46,703] Trial 218 finished with value: 2.7203635356070537 and parameters: {'ISTN': 62.11457753172796, 'I_gpe': 2.216252093332839, 'I_gpi': 2.0992400168379888, 'noise_stn_sigma': 1.3282165880933718, 'noise_gpe_sigma': 90.81679296114315, 'noise_gpi_sigma': 135.1580955046399, 'g_stn_gpe_mult': 2.149379482993331, 'g_gpe_stn_mult': 0.3443911404588387, 'g_stn_gpi_mult': 2.815681068400269, 'g_gpe_gpi_mult': 1.1516988707994973}. Best is trial 214 with value: 0.3043140607046834.
[I 2026-05-28 03:07:47,714] Trial 219 finished with value: 9.388582531134016 and parameters: {'ISTN': 67.52238528668784, 'I_gpe': 1.6460365847933625, 'I_gpi': 1.9718558492557625, 'noise_stn_sigma': 2.2623347389482573, 'noise_gpe_sigma': 113.02237847000175, 'noise_gpi_sigma': 122.73309187512618, 'g_stn_gpe_mult': 2.0657857851730888, 'g_gpe_stn_mult': 0.2643744579846089, 'g_stn_gpi_mult': 2.8572209718724912, 'g_gpe_gpi_mult': 1.068478667597704}. Best is trial 214 with value: 0.3043140607046834.
