[I 2026-05-28 03:44:02,042] Trial 352 finished with value: 0.23742860422529669 and parameters: {'ISTN': 61.57775506615024, 'I_gpe': 1.527986627093343, 'I_gpi': 1.976012954418813, 'noise_stn_sigma': 2.8755006596399184, 'noise_gpe_sigma': 83.10539889843989, 'noise_gpi_sigma': 66.84276269117453, 'g_stn_gpe_mult': 4.039783385827178, 'g_gpe_stn_mult': 0.163147258492776, 'g_stn_gpi_mult': 1.807065827820407, 'g_gpe_gpi_mult': 0.9374240014664112}. Best is trial 193 with value: 0.15561397906118069.
[I 2026-05-28 03:44:03,050] Trial 353 finished with value: 0.479804938732621 and parameters: {'ISTN': 61.463778602436754, 'I_gpe': 1.1709683532339747, 'I_gpi': 2.165535794417019, 'noise_stn_sigma': 2.279865339943565, 'noise_gpe_sigma': 88.76664435349761, 'noise_gpi_sigma': 79.01392469377097, 'g_stn_gpe_mult': 3.764082341323181, 'g_gpe_stn_mult': 0.2792018410723281, 'g_stn_gpi_mult': 2.240213868730198, 'g_gpe_gpi_mult': 0.9191861930631855}. Best is trial 193 with value: 0.15561397906118069.
[I 2026-05-28 03:44:04,060] Trial 354 finished with value: 0.8614142225127 and parameters: {'ISTN': 63.38126342161151, 'I_gpe': 0.9064403567996462, 'I_gpi': 2.0794857110001104, 'noise_stn_sigma': 3.178591576696399, 'noise_gpe_sigma': 84.0557163352631, 'noise_gpi_sigma': 81.160695218928, 'g_stn_gpe_mult': 4.051162622589377, 'g_gpe_stn_mult': 0.11729179009371067, 'g_stn_gpi_mult': 2.1370130643612955, 'g_gpe_gpi_mult': 0.8802034870906328}. Best is trial 193 with value: 0.15561397906118069.
[I 2026-05-28 03:44:05,068] Trial 355 finished with value: 0.19497074129788178 and parameters: {'ISTN': 60.44336416258685, 'I_gpe': 1.244744231173279, 'I_gpi': 1.8604406024872595, 'noise_stn_sigma': 2.9451887454941303, 'noise_gpe_sigma': 93.95014053933808, 'noise_gpi_sigma': 52.51795214413952, 'g_stn_gpe_mult': 4.065126559186506, 'g_gpe_stn_mult': 0.17357446699298656, 'g_stn_gpi_mult': 2.192919619228829, 'g_gpe_gpi_mult': 0.8841876270925151}. Best is trial 193 with value: 0.15561397906118069.
[I 2026-05-28 03:44:06,075] Trial 356 finished with value: 0.19782520523135566 and parameters: {'ISTN': 62.84769707946001, 'I_gpe': 1.0736100105378275, 'I_gpi': 2.332271657200387, 'noise_stn_sigma': 3.05622011646938, 'noise_gpe_sigma': 92.27902756307752, 'noise_gpi_sigma': 74.2660514513735, 'g_stn_gpe_mult': 3.9013579596275716, 'g_gpe_stn_mult': 0.17387036690892196, 'g_stn_gpi_mult': 1.9436052886316046, 'g_gpe_gpi_mult': 0.9020890414192175}. Best is trial 193 with value: 0.15561397906118069.
[I 2026-05-28 03:44:07,083] Trial 357 finished with value: 0.22536733997410702 and parameters: {'ISTN': 63.16350488591784, 'I_gpe': 1.1304238987629316, 'I_gpi': 1.946059248299809, 'noise_stn_sigma': 3.1541789309893407, 'noise_gpe_sigma': 89.99040713603772, 'noise_gpi_sigma': 60.23779867962571, 'g_stn_gpe_mult': 3.6473367327054484, 'g_gpe_stn_mult': 0.19406866961682473, 'g_stn_gpi_mult': 2.0011625392094743, 'g_gpe_gpi_mult': 0.8890325348070598}. Best is trial 193 with value: 0.15561397906118069.
[I 2026-05-28 03:44:08,092] Trial 358 finished with value: 0.157448133054447 and parameters: {'ISTN': 60.975939371888984, 'I_gpe': 1.1924998678840584, 'I_gpi': 2.0395929497396343, 'noise_stn_sigma': 2.7121136602176907, 'noise_gpe_sigma': 79.96791765330858, 'noise_gpi_sigma': 64.3215846870183, 'g_stn_gpe_mult': 3.8712522176407855, 'g_gpe_stn_mult': 0.16258890551339947, 'g_stn_gpi_mult': 2.047071938124656, 'g_gpe_gpi_mult': 0.878116813228462}. Best is trial 193 with value: 0.15561397906118069.
[I 2026-05-28 03:44:09,101] Trial 359 finished with value: 0.18262941530864624 and parameters: {'ISTN': 62.86010895028773, 'I_gpe': 1.1494254222754665, 'I_gpi': 2.1671064391571875, 'noise_stn_sigma': 2.4286306909085553, 'noise_gpe_sigma': 90.7003087745113, 'noise_gpi_sigma': 69.25986248323485, 'g_stn_gpe_mult': 3.780435042619622, 'g_gpe_stn_mult': 0.18290107099610597, 'g_stn_gpi_mult': 2.168571795080494, 'g_gpe_gpi_mult': 0.971687637029518}. Best is trial 193 with value: 0.15561397906118069.
[I 2026-05-28 03:44:10,112] Trial 360 finished with value: 0.21315429648076295 and parameters: {'ISTN': 64.356258573947, 'I_gpe': 1.0696845285655852, 'I_gpi': 2.214914715397047, 'noise_stn_sigma': 2.435400082562812, 'noise_gpe_sigma': 88.8538740181547, 'noise_gpi_sigma': 73.47778164247438, 'g_stn_gpe_mult': 3.779627528259974, 'g_gpe_stn_mult': 0.18319188119247493, 'g_stn_gpi_mult': 2.062374947948655, 'g_gpe_gpi_mult': 0.8972637601180424}. Best is trial 193 with value: 0.15561397906118069.
[I 2026-05-28 03:44:11,122] Trial 361 finished with value: 0.9227034244287622 and parameters: {'ISTN': 61.84055046970778, 'I_gpe': 1.1844060157600056, 'I_gpi': 2.4019414401672448, 'noise_stn_sigma': 2.2205584983422146, 'noise_gpe_sigma': 89.16535391989449, 'noise_gpi_sigma': 65.04587166568919, 'g_stn_gpe_mult': 3.649290885484153, 'g_gpe_stn_mult': 0.13873821308455597, 'g_stn_gpi_mult': 2.208371084789353, 'g_gpe_gpi_mult': 0.9228280816553232}. Best is trial 193 with value: 0.15561397906118069.
[I 2026-05-28 03:44:12,131] Trial 362 finished with value: 0.2185806396655988 and parameters: {'ISTN': 63.01423013376571, 'I_gpe': 0.9391852520038085, 'I_gpi': 2.2291720416854908, 'noise_stn_sigma': 2.8619564812840226, 'noise_gpe_sigma': 87.22258248291091, 'noise_gpi_sigma': 60.90993440791369, 'g_stn_gpe_mult': 3.91442337233563, 'g_gpe_stn_mult': 0.15769978868866896, 'g_stn_gpi_mult': 2.2356134981421376, 'g_gpe_gpi_mult': 0.8782989682289881}. Best is trial 193 with value: 0.15561397906118069.
[I 2026-05-28 03:44:13,140] Trial 363 finished with value: 0.19034657489083992 and parameters: {'ISTN': 62.908632412708045, 'I_gpe': 1.0324614844342859, 'I_gpi': 1.9712991657925523, 'noise_stn_sigma': 2.1587301795406884, 'noise_gpe_sigma': 88.4615142992298, 'noise_gpi_sigma': 55.89594593915497, 'g_stn_gpe_mult': 3.766552220744425, 'g_gpe_stn_mult': 0.14921254482768515, 'g_stn_gpi_mult': 1.7812208709253685, 'g_gpe_gpi_mult': 0.9663665175662852}. Best is trial 193 with value: 0.15561397906118069.
[I 2026-05-28 03:44:14,148] Trial 364 finished with value: 4.666757870955405 and parameters: {'ISTN': 67.00856252006324, 'I_gpe': 1.1592184050563237, 'I_gpi': 2.0618252373817745, 'noise_stn_sigma': 2.378020539841029, 'noise_gpe_sigma': 81.37435069640125, 'noise_gpi_sigma': 71.75042080851134, 'g_stn_gpe_mult': 4.030223824334113, 'g_gpe_stn_mult': 0.19369289523120248, 'g_stn_gpi_mult': 2.2003645027762055, 'g_gpe_gpi_mult': 0.863864276542111}. Best is trial 193 with value: 0.15561397906118069.
[I 2026-05-28 03:44:15,157] Trial 365 finished with value: 0.5325288832752523 and parameters: {'ISTN': 60.8011734021503, 'I_gpe': 1.2961027231580764, 'I_gpi': 1.6822221321526434, 'noise_stn_sigma': 2.903160563806578, 'noise_gpe_sigma': 86.03139422405664, 'noise_gpi_sigma': 49.93948849424105, 'g_stn_gpe_mult': 3.8296420152925945, 'g_gpe_stn_mult': 0.14825010294196558, 'g_stn_gpi_mult': 2.2475082421739248, 'g_gpe_gpi_mult': 0.8936172151415871}. Best is trial 193 with value: 0.15561397906118069.
[I 2026-05-28 03:44:16,165] Trial 366 finished with value: 0.3030652034814269 and parameters: {'ISTN': 61.531859859174894, 'I_gpe': 1.036634980853377, 'I_gpi': 1.715736420943271, 'noise_stn_sigma': 2.9511316991006566, 'noise_gpe_sigma': 76.39696585207818, 'noise_gpi_sigma': 52.43072436904874, 'g_stn_gpe_mult': 3.6546350776596177, 'g_gpe_stn_mult': 0.18098634640694333, 'g_stn_gpi_mult': 2.0567428873315565, 'g_gpe_gpi_mult': 0.93626227732577}. Best is trial 193 with value: 0.15561397906118069.
[I 2026-05-28 03:44:17,173] Trial 367 finished with value: 0.18987853988313466 and parameters: {'ISTN': 62.56555514693406, 'I_gpe': 1.3440172078271146, 'I_gpi': 2.0321102029738842, 'noise_stn_sigma': 2.5897363015711834, 'noise_gpe_sigma': 80.13565129978795, 'noise_gpi_sigma': 66.84972658341724, 'g_stn_gpe_mult': 3.8332623598954827, 'g_gpe_stn_mult': 0.1512107642009014, 'g_stn_gpi_mult': 1.9184679982578743, 'g_gpe_gpi_mult': 0.9442114720038257}. Best is trial 193 with value: 0.15561397906118069.
[I 2026-05-28 03:44:18,179] Trial 368 finished with value: 0.20075074979998925 and parameters: {'ISTN': 65.78950356573554, 'I_gpe': 1.1538971462254095, 'I_gpi': 2.193565831977593, 'noise_stn_sigma': 2.669098932266002, 'noise_gpe_sigma': 95.5616487945237, 'noise_gpi_sigma': 64.20361772775924, 'g_stn_gpe_mult': 4.1720741656332985, 'g_gpe_stn_mult': 0.11631959194521387, 'g_stn_gpi_mult': 1.914990726351562, 'g_gpe_gpi_mult': 0.8510437613265507}. Best is trial 193 with value: 0.15561397906118069.
[I 2026-05-28 03:44:19,187] Trial 369 finished with value: 0.20661068505385444 and parameters: {'ISTN': 61.513788599241074, 'I_gpe': 1.2845983199101332, 'I_gpi': 2.368329659034075, 'noise_stn_sigma': 2.4478164103166558, 'noise_gpe_sigma': 87.03830278514855, 'noise_gpi_sigma': 74.71596277212569, 'g_stn_gpe_mult': 4.00141848491985, 'g_gpe_stn_mult': 0.16525429842098205, 'g_stn_gpi_mult': 2.3615933459000633, 'g_gpe_gpi_mult': 0.8104390214931969}. Best is trial 193 with value: 0.15561397906118069.
[I 2026-05-28 03:44:20,194] Trial 370 finished with value: 0.40717784050954065 and parameters: {'ISTN': 60.90004691027899, 'I_gpe': 1.1860994309553128, 'I_gpi': 2.1496432793598146, 'noise_stn_sigma': 2.889649829535088, 'noise_gpe_sigma': 79.37418102754398, 'noise_gpi_sigma': 62.325869790837196, 'g_stn_gpe_mult': 4.076104798040452, 'g_gpe_stn_mult': 0.1925639317248526, 'g_stn_gpi_mult': 2.062016067648308, 'g_gpe_gpi_mult': 0.8374950744119001}. Best is trial 193 with value: 0.15561397906118069.
[I 2026-05-28 03:44:21,204] Trial 371 finished with value: 2.320676587764184 and parameters: {'ISTN': 62.27943879527098, 'I_gpe': 1.2190944242933888, 'I_gpi': 2.0754992375481116, 'noise_stn_sigma': 1.918105812125804, 'noise_gpe_sigma': 82.86518409609602, 'noise_gpi_sigma': 61.70747151576697, 'g_stn_gpe_mult': 3.855583942729014, 'g_gpe_stn_mult': 0.13214941624440793, 'g_stn_gpi_mult': 1.6412506125727746, 'g_gpe_gpi_mult': 0.9052687228362664}. Best is trial 193 with value: 0.15561397906118069.
[I 2026-05-28 03:44:22,211] Trial 372 finished with value: 0.9826276048301499 and parameters: {'ISTN': 61.60445344231719, 'I_gpe': 1.2020100111012924, 'I_gpi': 2.0746910492851836, 'noise_stn_sigma': 2.4345320810303495, 'noise_gpe_sigma': 86.37294745513451, 'noise_gpi_sigma': 60.23498768724449, 'g_stn_gpe_mult': 3.857572399962823, 'g_gpe_stn_mult': 0.14526557707620802, 'g_stn_gpi_mult': 1.543261647503438, 'g_gpe_gpi_mult': 0.8967727272952326}. Best is trial 193 with value: 0.15561397906118069.
[I 2026-05-28 03:44:23,220] Trial 373 finished with value: 0.24637423018839455 and parameters: {'ISTN': 66.6757706857657, 'I_gpe': 1.2540775121886574, 'I_gpi': 2.1821477719375926, 'noise_stn_sigma': 2.363072098597637, 'noise_gpe_sigma': 91.06101623473039, 'noise_gpi_sigma': 79.84418880979104, 'g_stn_gpe_mult': 4.000492586143522, 'g_gpe_stn_mult': 0.14971109074601158, 'g_stn_gpi_mult': 1.987853031942272, 'g_gpe_gpi_mult': 0.9152776774864275}. Best is trial 193 with value: 0.15561397906118069.
[I 2026-05-28 03:44:24,227] Trial 374 finished with value: 0.2247966658463422 and parameters: {'ISTN': 63.77987826471313, 'I_gpe': 1.4016622857851, 'I_gpi': 2.011282838482968, 'noise_stn_sigma': 2.430080281965308, 'noise_gpe_sigma': 81.12509811559684, 'noise_gpi_sigma': 60.71108547260629, 'g_stn_gpe_mult': 3.617699473239527, 'g_gpe_stn_mult': 0.18174956094462794, 'g_stn_gpi_mult': 2.0553408186375965, 'g_gpe_gpi_mult': 0.9052516985082126}. Best is trial 193 with value: 0.15561397906118069.
[I 2026-05-28 03:44:25,234] Trial 375 finished with value: 0.38151241273145114 and parameters: {'ISTN': 63.365066860805335, 'I_gpe': 1.183924574906916, 'I_gpi': 2.083440901976615, 'noise_stn_sigma': 2.2033691464011804, 'noise_gpe_sigma': 88.25310208169178, 'noise_gpi_sigma': 62.0887505255398, 'g_stn_gpe_mult': 3.6549860305442783, 'g_gpe_stn_mult': 0.16291605502475526, 'g_stn_gpi_mult': 1.8564681395991602, 'g_gpe_gpi_mult': 0.971261681482307}. Best is trial 193 with value: 0.15561397906118069.
[I 2026-05-28 03:44:26,241] Trial 376 finished with value: 0.19687251536825942 and parameters: {'ISTN': 63.27323550747513, 'I_gpe': 1.1342030996286603, 'I_gpi': 2.2230604456890344, 'noise_stn_sigma': 2.5204231087072975, 'noise_gpe_sigma': 82.73553130259059, 'noise_gpi_sigma': 62.36653680208272, 'g_stn_gpe_mult': 3.81593182756924, 'g_gpe_stn_mult': 0.1506747295929217, 'g_stn_gpi_mult': 1.7327436727382588, 'g_gpe_gpi_mult': 0.9266704597109292}. Best is trial 193 with value: 0.15561397906118069.
[I 2026-05-28 03:44:27,249] Trial 377 finished with value: 0.7347389591393962 and parameters: {'ISTN': 61.25491264728647, 'I_gpe': 1.2479387080543742, 'I_gpi': 2.145863532093983, 'noise_stn_sigma': 2.5663599173241174, 'noise_gpe_sigma': 86.26570773150829, 'noise_gpi_sigma': 67.37720377361036, 'g_stn_gpe_mult': 3.9407392001306984, 'g_gpe_stn_mult': 0.1448800915020324, 'g_stn_gpi_mult': 1.8251821983303846, 'g_gpe_gpi_mult': 0.9229702484411597}. Best is trial 193 with value: 0.15561397906118069.
[I 2026-05-28 03:44:28,258] Trial 378 finished with value: 0.19909820124135713 and parameters: {'ISTN': 60.57854806458595, 'I_gpe': 1.3608164990760716, 'I_gpi': 2.343601304059897, 'noise_stn_sigma': 2.6720872964169793, 'noise_gpe_sigma': 92.33283382293183, 'noise_gpi_sigma': 74.82509700177297, 'g_stn_gpe_mult': 4.02732686477585, 'g_gpe_stn_mult': 0.20188408154034876, 'g_stn_gpi_mult': 1.924823634990706, 'g_gpe_gpi_mult': 0.9177867148936016}. Best is trial 193 with value: 0.15561397906118069.
[I 2026-05-28 03:44:29,264] Trial 379 finished with value: 0.19381808430971378 and parameters: {'ISTN': 62.763569459952684, 'I_gpe': 1.2644524182417993, 'I_gpi': 2.1213496181409086, 'noise_stn_sigma': 2.8087769250856907, 'noise_gpe_sigma': 83.81697240621659, 'noise_gpi_sigma': 67.84025946425362, 'g_stn_gpe_mult': 3.9010486789105694, 'g_gpe_stn_mult': 0.13232128959022463, 'g_stn_gpi_mult': 1.904455131942431, 'g_gpe_gpi_mult': 0.9211518288413947}. Best is trial 193 with value: 0.15561397906118069.
[I 2026-05-28 03:44:30,272] Trial 380 finished with value: 0.6481445069816864 and parameters: {'ISTN': 62.66872251675671, 'I_gpe': 1.032942110710213, 'I_gpi': 1.9401036348185638, 'noise_stn_sigma': 2.0350769434272418, 'noise_gpe_sigma': 74.78337046188082, 'noise_gpi_sigma': 59.03261328745628, 'g_stn_gpe_mult': 3.848063456315604, 'g_gpe_stn_mult': 0.14285240963446633, 'g_stn_gpi_mult': 1.7296442816520454, 'g_gpe_gpi_mult': 0.9135133241852258}. Best is trial 193 with value: 0.15561397906118069.
[I 2026-05-28 03:44:31,284] Trial 381 finished with value: 0.19441969986746838 and parameters: {'ISTN': 63.00127775232523, 'I_gpe': 1.1917301178578041, 'I_gpi': 2.203907513058783, 'noise_stn_sigma': 2.3084453468511525, 'noise_gpe_sigma': 82.68768059796534, 'noise_gpi_sigma': 61.0938558173211, 'g_stn_gpe_mult': 3.6878141179436357, 'g_gpe_stn_mult': 0.15235489812904962, 'g_stn_gpi_mult': 1.9552436734322818, 'g_gpe_gpi_mult': 0.8858141130094457}. Best is trial 193 with value: 0.15561397906118069.
[I 2026-05-28 03:44:32,292] Trial 382 finished with value: 0.23468998710984454 and parameters: {'ISTN': 64.61756742093456, 'I_gpe': 1.3341876615033808, 'I_gpi': 2.4170586212180685, 'noise_stn_sigma': 2.681914650164868, 'noise_gpe_sigma': 79.87994632956693, 'noise_gpi_sigma': 67.19322076672196, 'g_stn_gpe_mult': 3.961432074433173, 'g_gpe_stn_mult': 0.14600117774879573, 'g_stn_gpi_mult': 2.0048645318360077, 'g_gpe_gpi_mult': 0.9005407015617628}. Best is trial 193 with value: 0.15561397906118069.
[I 2026-05-28 03:44:33,300] Trial 383 finished with value: 1.9099827175275434 and parameters: {'ISTN': 63.24380641880402, 'I_gpe': 1.2432621309445364, 'I_gpi': 2.076182706386265, 'noise_stn_sigma': 2.646186239803097, 'noise_gpe_sigma': 79.04130269468408, 'noise_gpi_sigma': 49.50313096397795, 'g_stn_gpe_mult': 3.90797920965741, 'g_gpe_stn_mult': 0.10254680862780609, 'g_stn_gpi_mult': 2.005764026155048, 'g_gpe_gpi_mult': 0.8620007993404544}. Best is trial 193 with value: 0.15561397906118069.
[I 2026-05-28 03:44:34,310] Trial 384 finished with value: 0.19245273354786066 and parameters: {'ISTN': 64.02128117517042, 'I_gpe': 1.0817064118421982, 'I_gpi': 2.2144675468475077, 'noise_stn_sigma': 2.8029538191561834, 'noise_gpe_sigma': 87.03562330160744, 'noise_gpi_sigma': 69.7457693940665, 'g_stn_gpe_mult': 3.8213219611937057, 'g_gpe_stn_mult': 0.16248413395702596, 'g_stn_gpi_mult': 1.8598399417614144, 'g_gpe_gpi_mult': 0.8632549782791619}. Best is trial 193 with value: 0.15561397906118069.
[I 2026-05-28 03:44:35,316] Trial 385 finished with value: 0.6569835883092525 and parameters: {'ISTN': 63.687496802348434, 'I_gpe': 1.1553691818528162, 'I_gpi': 2.1197805436062174, 'noise_stn_sigma': 2.9426468364328318, 'noise_gpe_sigma': 88.37351494436211, 'noise_gpi_sigma': 66.07119059768672, 'g_stn_gpe_mult': 3.9845222626184738, 'g_gpe_stn_mult': 0.10335970826667198, 'g_stn_gpi_mult': 1.836390243409366, 'g_gpe_gpi_mult': 0.9205516428543792}. Best is trial 193 with value: 0.15561397906118069.
[I 2026-05-28 03:44:36,324] Trial 386 finished with value: 0.5397067792027223 and parameters: {'ISTN': 62.15314974386986, 'I_gpe': 1.2277735312269948, 'I_gpi': 2.070216019914882, 'noise_stn_sigma': 2.5892279354702463, 'noise_gpe_sigma': 85.88868440751496, 'noise_gpi_sigma': 62.71823748127921, 'g_stn_gpe_mult': 3.7999479396392055, 'g_gpe_stn_mult': 0.13581100503007404, 'g_stn_gpi_mult': 1.8872289249120164, 'g_gpe_gpi_mult': 0.9126497277040675}. Best is trial 193 with value: 0.15561397906118069.
[I 2026-05-28 03:44:37,333] Trial 387 finished with value: 0.2677065046233713 and parameters: {'ISTN': 64.4704146513946, 'I_gpe': 1.125889378786328, 'I_gpi': 2.49424181067835, 'noise_stn_sigma': 3.044178911770172, 'noise_gpe_sigma': 83.17089049818543, 'noise_gpi_sigma': 63.08151926302745, 'g_stn_gpe_mult': 3.73903699570822, 'g_gpe_stn_mult': 0.13302254851751882, 'g_stn_gpi_mult': 2.0231714800430587, 'g_gpe_gpi_mult': 0.9010896841853424}. Best is trial 193 with value: 0.15561397906118069.
[I 2026-05-28 03:44:38,337] Trial 388 finished with value: 0.25126732483829123 and parameters: {'ISTN': 65.85155751762902, 'I_gpe': 1.355918978721101, 'I_gpi': 2.461887427580941, 'noise_stn_sigma': 2.699393095482028, 'noise_gpe_sigma': 85.62714220182984, 'noise_gpi_sigma': 66.14551648685514, 'g_stn_gpe_mult': 3.917000651666263, 'g_gpe_stn_mult': 0.12553356904752447, 'g_stn_gpi_mult': 1.9335984333672633, 'g_gpe_gpi_mult': 0.8831081583362952}. Best is trial 193 with value: 0.15561397906118069.
[I 2026-05-28 03:44:39,344] Trial 389 finished with value: 1.3606284747586428 and parameters: {'ISTN': 60.96060709394862, 'I_gpe': 1.0436109442819337, 'I_gpi': 2.0244361932038837, 'noise_stn_sigma': 2.860179579538861, 'noise_gpe_sigma': 77.6663595015591, 'noise_gpi_sigma': 63.971262255663476, 'g_stn_gpe_mult': 3.8938627256250875, 'g_gpe_stn_mult': 0.13547159370902448, 'g_stn_gpi_mult': 1.8105671612493692, 'g_gpe_gpi_mult': 0.8917439042200144}. Best is trial 193 with value: 0.15561397906118069.
[I 2026-05-28 03:44:40,350] Trial 390 finished with value: 0.20398406962656424 and parameters: {'ISTN': 65.43367472208223, 'I_gpe': 1.1655657859648474, 'I_gpi': 2.17723241724599, 'noise_stn_sigma': 2.459875303042014, 'noise_gpe_sigma': 81.46462379897206, 'noise_gpi_sigma': 62.59580596774405, 'g_stn_gpe_mult': 3.7573883681012106, 'g_gpe_stn_mult': 0.12518878114285542, 'g_stn_gpi_mult': 2.0272183451991714, 'g_gpe_gpi_mult': 0.9404182755637722}. Best is trial 193 with value: 0.15561397906118069.
[I 2026-05-28 03:44:41,359] Trial 391 finished with value: 0.392375549185402 and parameters: {'ISTN': 62.7713191835047, 'I_gpe': 1.1925696115176647, 'I_gpi': 2.4257680751629245, 'noise_stn_sigma': 3.1387371660975303, 'noise_gpe_sigma': 87.14628028538343, 'noise_gpi_sigma': 61.65649508602292, 'g_stn_gpe_mult': 3.761167609211625, 'g_gpe_stn_mult': 0.11603837577767204, 'g_stn_gpi_mult': 2.011156989785591, 'g_gpe_gpi_mult': 0.7965458051477765}. Best is trial 193 with value: 0.15561397906118069.
[I 2026-05-28 03:44:42,367] Trial 392 finished with value: 0.21041264262848877 and parameters: {'ISTN': 62.516944708959585, 'I_gpe': 1.1836721376091799, 'I_gpi': 2.243012180972123, 'noise_stn_sigma': 2.53272260480045, 'noise_gpe_sigma': 89.54248744664415, 'noise_gpi_sigma': 64.41730265063586, 'g_stn_gpe_mult': 3.782691827993181, 'g_gpe_stn_mult': 0.20429089478679344, 'g_stn_gpi_mult': 1.9520800467159252, 'g_gpe_gpi_mult': 0.8901498102420906}. Best is trial 193 with value: 0.15561397906118069.
[I 2026-05-28 03:44:43,374] Trial 393 finished with value: 0.28311090019072704 and parameters: {'ISTN': 60.93605598924173, 'I_gpe': 1.2633105177506736, 'I_gpi': 2.1932988210909086, 'noise_stn_sigma': 2.6229681362835664, 'noise_gpe_sigma': 77.69626745972053, 'noise_gpi_sigma': 63.71978716294274, 'g_stn_gpe_mult': 3.6460413230817204, 'g_gpe_stn_mult': 0.2125567836599399, 'g_stn_gpi_mult': 1.8839329436295733, 'g_gpe_gpi_mult': 0.8560360589181717}. Best is trial 193 with value: 0.15561397906118069.
[I 2026-05-28 03:44:44,383] Trial 394 finished with value: 0.36070144658336284 and parameters: {'ISTN': 63.147306734740475, 'I_gpe': 1.0837020677860036, 'I_gpi': 2.25839522140387, 'noise_stn_sigma': 1.8937002239006313, 'noise_gpe_sigma': 87.12930638798044, 'noise_gpi_sigma': 64.0720595428067, 'g_stn_gpe_mult': 3.9830973286267737, 'g_gpe_stn_mult': 0.15719417537999858, 'g_stn_gpi_mult': 1.7446831234536384, 'g_gpe_gpi_mult': 0.8544913805942476}. Best is trial 193 with value: 0.15561397906118069.
[I 2026-05-28 03:44:45,389] Trial 395 finished with value: 0.2331829893839701 and parameters: {'ISTN': 66.47717872536398, 'I_gpe': 0.9860228636233441, 'I_gpi': 2.3122484461627684, 'noise_stn_sigma': 2.682885473260896, 'noise_gpe_sigma': 78.49027936907615, 'noise_gpi_sigma': 65.31579160558844, 'g_stn_gpe_mult': 4.044129688266015, 'g_gpe_stn_mult': 0.11309466599213669, 'g_stn_gpi_mult': 2.008340037723621, 'g_gpe_gpi_mult': 0.8837943194142692}. Best is trial 193 with value: 0.15561397906118069.
