[I 2026-05-28 03:10:02,018] Trial 352 finished with value: 0.2089354073793686 and parameters: {'ISTN': 61.00268560037249, 'I_gpe': 1.3459013051302189, 'I_gpi': 2.0935099011763265, 'noise_stn_sigma': 1.551028635645474, 'noise_gpe_sigma': 87.82422149313155, 'noise_gpi_sigma': 107.33751005100767, 'g_stn_gpe_mult': 3.0733993312320322, 'g_gpe_stn_mult': 0.15343723947798935, 'g_stn_gpi_mult': 3.3717460212272474, 'g_gpe_gpi_mult': 0.9756519445681637}. Best is trial 343 with value: 0.14551095611338594.
[I 2026-05-28 03:10:03,029] Trial 353 finished with value: 0.3334478498082689 and parameters: {'ISTN': 63.897304888791005, 'I_gpe': 1.192655377567418, 'I_gpi': 2.2385177660498945, 'noise_stn_sigma': 1.6238010290075415, 'noise_gpe_sigma': 89.33882868136463, 'noise_gpi_sigma': 107.3401736824151, 'g_stn_gpe_mult': 3.2439367515507063, 'g_gpe_stn_mult': 0.1543221094342323, 'g_stn_gpi_mult': 3.245202874806357, 'g_gpe_gpi_mult': 1.1034732541330323}. Best is trial 343 with value: 0.14551095611338594.
[I 2026-05-28 03:10:04,040] Trial 354 finished with value: 0.1812215567610286 and parameters: {'ISTN': 62.4305002949363, 'I_gpe': 1.1538369103609152, 'I_gpi': 1.93225038200418, 'noise_stn_sigma': 2.8594854116577646, 'noise_gpe_sigma': 92.59728932458202, 'noise_gpi_sigma': 97.93822476201373, 'g_stn_gpe_mult': 3.0518556914869013, 'g_gpe_stn_mult': 0.19782974276352386, 'g_stn_gpi_mult': 3.2464910051973175, 'g_gpe_gpi_mult': 1.0247768673605668}. Best is trial 343 with value: 0.14551095611338594.
[I 2026-05-28 03:10:05,050] Trial 355 finished with value: 0.1774664909061546 and parameters: {'ISTN': 60.63542152754989, 'I_gpe': 1.2032957039597947, 'I_gpi': 1.948845543442642, 'noise_stn_sigma': 2.5110947988891352, 'noise_gpe_sigma': 89.78563524410818, 'noise_gpi_sigma': 101.19211932978742, 'g_stn_gpe_mult': 2.6558359723062988, 'g_gpe_stn_mult': 0.20916758495109425, 'g_stn_gpi_mult': 3.408252672374938, 'g_gpe_gpi_mult': 0.9245850692723632}. Best is trial 343 with value: 0.14551095611338594.
[I 2026-05-28 03:10:06,062] Trial 356 finished with value: 0.19764355548916626 and parameters: {'ISTN': 62.97391167260565, 'I_gpe': 1.3242189360786074, 'I_gpi': 2.076906368497137, 'noise_stn_sigma': 2.2627617778327824, 'noise_gpe_sigma': 87.81846671460147, 'noise_gpi_sigma': 103.06986785803213, 'g_stn_gpe_mult': 3.0000986894848882, 'g_gpe_stn_mult': 0.18506513877535435, 'g_stn_gpi_mult': 3.3448590148041633, 'g_gpe_gpi_mult': 1.0308888513380903}. Best is trial 343 with value: 0.14551095611338594.
[I 2026-05-28 03:10:07,073] Trial 357 finished with value: 0.24187457428208173 and parameters: {'ISTN': 61.44705882153998, 'I_gpe': 1.352312889411305, 'I_gpi': 1.7658300666580211, 'noise_stn_sigma': 1.4864855140690454, 'noise_gpe_sigma': 87.21695683334706, 'noise_gpi_sigma': 130.7699054172221, 'g_stn_gpe_mult': 2.6528215478125903, 'g_gpe_stn_mult': 0.19202587503880736, 'g_stn_gpi_mult': 3.329306743250261, 'g_gpe_gpi_mult': 1.000888845400307}. Best is trial 343 with value: 0.14551095611338594.
[I 2026-05-28 03:10:08,083] Trial 358 finished with value: 0.41612082945733525 and parameters: {'ISTN': 60.33200198506712, 'I_gpe': 1.4320665804219679, 'I_gpi': 1.8152207942509895, 'noise_stn_sigma': 1.8745889100797224, 'noise_gpe_sigma': 87.28779590107636, 'noise_gpi_sigma': 113.99319055132241, 'g_stn_gpe_mult': 3.0951080342105275, 'g_gpe_stn_mult': 0.1875688983693205, 'g_stn_gpi_mult': 3.3590745187634568, 'g_gpe_gpi_mult': 1.0773212092947115}. Best is trial 343 with value: 0.14551095611338594.
[I 2026-05-28 03:10:09,093] Trial 359 finished with value: 0.20973161584618716 and parameters: {'ISTN': 64.25497131729247, 'I_gpe': 0.8932654549756665, 'I_gpi': 1.9014377972756147, 'noise_stn_sigma': 1.97772356835267, 'noise_gpe_sigma': 85.46615982435962, 'noise_gpi_sigma': 102.84976342692558, 'g_stn_gpe_mult': 3.0867898109000516, 'g_gpe_stn_mult': 0.13585865936058314, 'g_stn_gpi_mult': 3.390583957122227, 'g_gpe_gpi_mult': 0.9805454188401201}. Best is trial 343 with value: 0.14551095611338594.
[I 2026-05-28 03:10:10,104] Trial 360 finished with value: 0.2193650067836355 and parameters: {'ISTN': 64.67998125750493, 'I_gpe': 1.1095790528436706, 'I_gpi': 2.082963962980636, 'noise_stn_sigma': 2.2634660927803205, 'noise_gpe_sigma': 91.4317403327124, 'noise_gpi_sigma': 102.27342710655952, 'g_stn_gpe_mult': 2.8700316788955798, 'g_gpe_stn_mult': 0.181126363038969, 'g_stn_gpi_mult': 3.3423997707813182, 'g_gpe_gpi_mult': 0.9854668319984026}. Best is trial 343 with value: 0.14551095611338594.
[I 2026-05-28 03:10:11,117] Trial 361 finished with value: 0.27199805024335477 and parameters: {'ISTN': 63.38324684537035, 'I_gpe': 1.2872307403457806, 'I_gpi': 1.7092533815669801, 'noise_stn_sigma': 2.3217570936189844, 'noise_gpe_sigma': 87.26792409303675, 'noise_gpi_sigma': 107.07778459952314, 'g_stn_gpe_mult': 2.976781593773911, 'g_gpe_stn_mult': 0.21542082462324266, 'g_stn_gpi_mult': 3.1348194754951586, 'g_gpe_gpi_mult': 1.0006784804255295}. Best is trial 343 with value: 0.14551095611338594.
[I 2026-05-28 03:10:12,129] Trial 362 finished with value: 0.22082663047453205 and parameters: {'ISTN': 64.55428454918705, 'I_gpe': 1.1010624004599374, 'I_gpi': 1.6712541264942626, 'noise_stn_sigma': 2.586022800966006, 'noise_gpe_sigma': 87.88847088989625, 'noise_gpi_sigma': 112.97289023401666, 'g_stn_gpe_mult': 3.2255863346444165, 'g_gpe_stn_mult': 0.16330527310347978, 'g_stn_gpi_mult': 3.4794504389674348, 'g_gpe_gpi_mult': 0.935589805482991}. Best is trial 343 with value: 0.14551095611338594.
[I 2026-05-28 03:10:13,140] Trial 363 finished with value: 0.17336475539999868 and parameters: {'ISTN': 62.17592944784866, 'I_gpe': 1.234566147250172, 'I_gpi': 2.126326289930951, 'noise_stn_sigma': 2.3607051860954753, 'noise_gpe_sigma': 89.97437158241492, 'noise_gpi_sigma': 109.96640370599637, 'g_stn_gpe_mult': 2.5116319833453615, 'g_gpe_stn_mult': 0.12226649570001936, 'g_stn_gpi_mult': 3.140703725707928, 'g_gpe_gpi_mult': 0.8921462580844282}. Best is trial 343 with value: 0.14551095611338594.
[I 2026-05-28 03:10:14,152] Trial 364 finished with value: 0.18192299398268955 and parameters: {'ISTN': 62.17970181024657, 'I_gpe': 1.1497934275160193, 'I_gpi': 2.1729745475163638, 'noise_stn_sigma': 2.994536043335239, 'noise_gpe_sigma': 87.87502699746885, 'noise_gpi_sigma': 96.57745098794375, 'g_stn_gpe_mult': 3.0381824765408734, 'g_gpe_stn_mult': 0.14010992508200987, 'g_stn_gpi_mult': 3.251675543297919, 'g_gpe_gpi_mult': 0.9657426824104307}. Best is trial 343 with value: 0.14551095611338594.
[I 2026-05-28 03:10:15,166] Trial 365 finished with value: 0.18538953896479066 and parameters: {'ISTN': 61.480997219978974, 'I_gpe': 1.4270093623303537, 'I_gpi': 1.9295021266308263, 'noise_stn_sigma': 2.303446319944226, 'noise_gpe_sigma': 88.36481876154141, 'noise_gpi_sigma': 102.20586375439754, 'g_stn_gpe_mult': 2.681972092514758, 'g_gpe_stn_mult': 0.18095180566756752, 'g_stn_gpi_mult': 3.4144382729371063, 'g_gpe_gpi_mult': 0.9735839282961696}. Best is trial 343 with value: 0.14551095611338594.
[I 2026-05-28 03:10:16,179] Trial 366 finished with value: 0.18106751509868202 and parameters: {'ISTN': 63.42212767773156, 'I_gpe': 1.3408214220411419, 'I_gpi': 1.8093967840030103, 'noise_stn_sigma': 1.919375994774443, 'noise_gpe_sigma': 92.28042939176586, 'noise_gpi_sigma': 100.04034287110787, 'g_stn_gpe_mult': 3.0044398502292875, 'g_gpe_stn_mult': 0.16804366614805255, 'g_stn_gpi_mult': 3.43082228628327, 'g_gpe_gpi_mult': 1.0364038292888513}. Best is trial 343 with value: 0.14551095611338594.
[I 2026-05-28 03:10:17,193] Trial 367 finished with value: 0.1914926449491396 and parameters: {'ISTN': 60.96549362483411, 'I_gpe': 1.109591089488137, 'I_gpi': 2.1536001093044628, 'noise_stn_sigma': 2.3095514565767377, 'noise_gpe_sigma': 92.6072272514276, 'noise_gpi_sigma': 104.91303501923055, 'g_stn_gpe_mult': 2.7728145528960892, 'g_gpe_stn_mult': 0.22495717128762938, 'g_stn_gpi_mult': 3.038606895676061, 'g_gpe_gpi_mult': 1.0506808019636082}. Best is trial 343 with value: 0.14551095611338594.
[I 2026-05-28 03:10:18,203] Trial 368 finished with value: 1.8185696952998027 and parameters: {'ISTN': 62.17998141628003, 'I_gpe': 1.51051697739558, 'I_gpi': 1.9310786811395473, 'noise_stn_sigma': 3.2595260126571457, 'noise_gpe_sigma': 89.74628249322097, 'noise_gpi_sigma': 109.79107175500647, 'g_stn_gpe_mult': 2.954534347740832, 'g_gpe_stn_mult': 0.25958632055452846, 'g_stn_gpi_mult': 3.4237269398767083, 'g_gpe_gpi_mult': 0.9802605870513772}. Best is trial 343 with value: 0.14551095611338594.
[I 2026-05-28 03:10:19,215] Trial 369 finished with value: 0.2741788342359626 and parameters: {'ISTN': 62.521608602019164, 'I_gpe': 1.2686987332611783, 'I_gpi': 2.4153649509078963, 'noise_stn_sigma': 2.884957141685155, 'noise_gpe_sigma': 85.7695525725073, 'noise_gpi_sigma': 98.54168213847933, 'g_stn_gpe_mult': 2.7576803464219433, 'g_gpe_stn_mult': 0.16846939289219617, 'g_stn_gpi_mult': 3.239587685128062, 'g_gpe_gpi_mult': 0.966818114990849}. Best is trial 343 with value: 0.14551095611338594.
[I 2026-05-28 03:10:20,228] Trial 370 finished with value: 1.0534265434690888 and parameters: {'ISTN': 63.77533241185779, 'I_gpe': 1.3244798307280208, 'I_gpi': 1.7008205698193382, 'noise_stn_sigma': 3.501849231477689, 'noise_gpe_sigma': 90.91330529002333, 'noise_gpi_sigma': 99.06581269525925, 'g_stn_gpe_mult': 2.7440222583215985, 'g_gpe_stn_mult': 0.22730355627005885, 'g_stn_gpi_mult': 3.236674662648616, 'g_gpe_gpi_mult': 0.9066231105995328}. Best is trial 343 with value: 0.14551095611338594.
[I 2026-05-28 03:10:21,240] Trial 371 finished with value: 0.9799167535967331 and parameters: {'ISTN': 63.43387153494523, 'I_gpe': 1.3691532967115756, 'I_gpi': 2.0674834463697263, 'noise_stn_sigma': 2.0996613751132065, 'noise_gpe_sigma': 84.2645332418825, 'noise_gpi_sigma': 109.17978599756611, 'g_stn_gpe_mult': 2.7746273828919072, 'g_gpe_stn_mult': 0.10497842989047856, 'g_stn_gpi_mult': 3.302596095257356, 'g_gpe_gpi_mult': 1.0273896905420212}. Best is trial 343 with value: 0.14551095611338594.
[I 2026-05-28 03:10:22,253] Trial 372 finished with value: 0.20472606709887106 and parameters: {'ISTN': 61.16940737006156, 'I_gpe': 1.5021804469970514, 'I_gpi': 2.3011889761124475, 'noise_stn_sigma': 2.376847376151897, 'noise_gpe_sigma': 92.62763445307797, 'noise_gpi_sigma': 102.94674841326324, 'g_stn_gpe_mult': 2.5299573380929363, 'g_gpe_stn_mult': 0.134819938366035, 'g_stn_gpi_mult': 3.2169035856351886, 'g_gpe_gpi_mult': 0.8149552612964319}. Best is trial 343 with value: 0.14551095611338594.
[I 2026-05-28 03:10:23,204] Trial 373 finished with value: 1000000.0 and parameters: {'ISTN': 60.64708411402034, 'I_gpe': 1.1084863915267515, 'I_gpi': 2.0881808955037107, 'noise_stn_sigma': 3.0654768170099373, 'noise_gpe_sigma': 96.68237307030594, 'noise_gpi_sigma': 106.93076942081463, 'g_stn_gpe_mult': 2.6466908035180245, 'g_gpe_stn_mult': 0.22620456673365724, 'g_stn_gpi_mult': 3.358259325503138, 'g_gpe_gpi_mult': 0.9402658428956605}. Best is trial 343 with value: 0.14551095611338594.
[I 2026-05-28 03:10:24,217] Trial 374 finished with value: 0.23340408121024425 and parameters: {'ISTN': 60.598965542739904, 'I_gpe': 1.2048198752499508, 'I_gpi': 2.173573163078234, 'noise_stn_sigma': 2.4654880397754906, 'noise_gpe_sigma': 94.9912807516324, 'noise_gpi_sigma': 107.10593175777421, 'g_stn_gpe_mult': 2.6850878143472383, 'g_gpe_stn_mult': 0.15158863793967417, 'g_stn_gpi_mult': 3.1135964752015686, 'g_gpe_gpi_mult': 0.9086669826083777}. Best is trial 343 with value: 0.14551095611338594.
[I 2026-05-28 03:10:25,229] Trial 375 finished with value: 0.1805265261870792 and parameters: {'ISTN': 64.3481769266136, 'I_gpe': 1.267171869686687, 'I_gpi': 2.0722467715790662, 'noise_stn_sigma': 2.065186317405627, 'noise_gpe_sigma': 91.31892812645609, 'noise_gpi_sigma': 102.54303417537216, 'g_stn_gpe_mult': 2.6828580306143537, 'g_gpe_stn_mult': 0.12228066433103062, 'g_stn_gpi_mult': 3.1898601502629025, 'g_gpe_gpi_mult': 0.9433469781421917}. Best is trial 343 with value: 0.14551095611338594.
[I 2026-05-28 03:10:26,243] Trial 376 finished with value: 0.18882325322314594 and parameters: {'ISTN': 60.682200145210274, 'I_gpe': 1.1832606353011395, 'I_gpi': 2.144985485663682, 'noise_stn_sigma': 2.1662971006186895, 'noise_gpe_sigma': 93.29528054887967, 'noise_gpi_sigma': 108.07306892809423, 'g_stn_gpe_mult': 2.4716685790013067, 'g_gpe_stn_mult': 0.13242848964820594, 'g_stn_gpi_mult': 3.422776205373658, 'g_gpe_gpi_mult': 0.8734448763131701}. Best is trial 343 with value: 0.14551095611338594.
[I 2026-05-28 03:10:27,256] Trial 377 finished with value: 0.22528688249682446 and parameters: {'ISTN': 61.57257548661719, 'I_gpe': 1.0172108446846564, 'I_gpi': 2.2510496005442855, 'noise_stn_sigma': 1.9980047446359661, 'noise_gpe_sigma': 101.0581143171399, 'noise_gpi_sigma': 113.72326170729202, 'g_stn_gpe_mult': 2.746273329992204, 'g_gpe_stn_mult': 0.11522215251537596, 'g_stn_gpi_mult': 2.9089728810428053, 'g_gpe_gpi_mult': 0.9605477687160182}. Best is trial 343 with value: 0.14551095611338594.
[I 2026-05-28 03:10:28,270] Trial 378 finished with value: 0.1913283296307781 and parameters: {'ISTN': 63.96956760443685, 'I_gpe': 1.3989248147287208, 'I_gpi': 2.060737930126961, 'noise_stn_sigma': 2.525462655181753, 'noise_gpe_sigma': 90.69733323469765, 'noise_gpi_sigma': 103.73879581395218, 'g_stn_gpe_mult': 2.9012413527284107, 'g_gpe_stn_mult': 0.16567891472758597, 'g_stn_gpi_mult': 3.2977360266625686, 'g_gpe_gpi_mult': 0.9230870280814372}. Best is trial 343 with value: 0.14551095611338594.
[I 2026-05-28 03:10:29,283] Trial 379 finished with value: 0.2042687758107017 and parameters: {'ISTN': 64.13217816828632, 'I_gpe': 1.0710217270290279, 'I_gpi': 2.0660912686885835, 'noise_stn_sigma': 3.230571778315348, 'noise_gpe_sigma': 89.34161778952569, 'noise_gpi_sigma': 101.90164651693107, 'g_stn_gpe_mult': 2.86407332712601, 'g_gpe_stn_mult': 0.15430145426380965, 'g_stn_gpi_mult': 3.358180319172306, 'g_gpe_gpi_mult': 1.063199063870856}. Best is trial 343 with value: 0.14551095611338594.
[I 2026-05-28 03:10:30,294] Trial 380 finished with value: 0.21471282047405033 and parameters: {'ISTN': 62.021576376312915, 'I_gpe': 1.3690860940205023, 'I_gpi': 2.23081610380323, 'noise_stn_sigma': 2.6887215194014336, 'noise_gpe_sigma': 95.7801406329472, 'noise_gpi_sigma': 98.40734550164721, 'g_stn_gpe_mult': 2.6757738871765326, 'g_gpe_stn_mult': 0.17180161096672614, 'g_stn_gpi_mult': 3.21240094466726, 'g_gpe_gpi_mult': 0.9956177357374898}. Best is trial 343 with value: 0.14551095611338594.
[I 2026-05-28 03:10:31,304] Trial 381 finished with value: 0.2977373235354556 and parameters: {'ISTN': 67.81070380627146, 'I_gpe': 1.1406134743904068, 'I_gpi': 2.1943670995738964, 'noise_stn_sigma': 2.2758769345087333, 'noise_gpe_sigma': 88.98712007472025, 'noise_gpi_sigma': 110.4201616928541, 'g_stn_gpe_mult': 2.8380725382083507, 'g_gpe_stn_mult': 0.14206040978009268, 'g_stn_gpi_mult': 3.1313573448875824, 'g_gpe_gpi_mult': 1.0139333935116883}. Best is trial 343 with value: 0.14551095611338594.
[I 2026-05-28 03:10:32,318] Trial 382 finished with value: 1.153297026375337 and parameters: {'ISTN': 61.4525705846652, 'I_gpe': 1.0756159167773625, 'I_gpi': 1.9254294826014648, 'noise_stn_sigma': 2.4128135901360004, 'noise_gpe_sigma': 90.24110133986605, 'noise_gpi_sigma': 93.25935419380289, 'g_stn_gpe_mult': 2.7653095509483876, 'g_gpe_stn_mult': 0.10694929027964492, 'g_stn_gpi_mult': 3.6790982001337857, 'g_gpe_gpi_mult': 0.8415445521098488}. Best is trial 343 with value: 0.14551095611338594.
[I 2026-05-28 03:10:33,328] Trial 383 finished with value: 0.16586746528310112 and parameters: {'ISTN': 61.12590385578004, 'I_gpe': 1.313328418070892, 'I_gpi': 2.1271431153397327, 'noise_stn_sigma': 2.3100754556078944, 'noise_gpe_sigma': 95.14517780363143, 'noise_gpi_sigma': 106.01984953002007, 'g_stn_gpe_mult': 2.7539905617227456, 'g_gpe_stn_mult': 0.1655270839114213, 'g_stn_gpi_mult': 3.2866119205928577, 'g_gpe_gpi_mult': 1.055333932046895}. Best is trial 343 with value: 0.14551095611338594.
[I 2026-05-28 03:10:34,339] Trial 384 finished with value: 0.26196252880985804 and parameters: {'ISTN': 64.68916958387646, 'I_gpe': 1.002577752048285, 'I_gpi': 2.3840311102997234, 'noise_stn_sigma': 2.059201020222549, 'noise_gpe_sigma': 100.93485820841767, 'noise_gpi_sigma': 107.82039186915884, 'g_stn_gpe_mult': 2.5684927699466016, 'g_gpe_stn_mult': 0.14811586975586435, 'g_stn_gpi_mult': 3.1617423962997218, 'g_gpe_gpi_mult': 0.8900728452492068}. Best is trial 343 with value: 0.14551095611338594.
[I 2026-05-28 03:10:35,351] Trial 385 finished with value: 0.26348264986825504 and parameters: {'ISTN': 67.30242910186125, 'I_gpe': 1.1549035052739494, 'I_gpi': 1.9310083794340016, 'noise_stn_sigma': 2.4162452620719916, 'noise_gpe_sigma': 83.52527689084238, 'noise_gpi_sigma': 115.25488745717944, 'g_stn_gpe_mult': 2.996045932825992, 'g_gpe_stn_mult': 0.14416356067562755, 'g_stn_gpi_mult': 3.3492830052144127, 'g_gpe_gpi_mult': 0.9440971494871819}. Best is trial 343 with value: 0.14551095611338594.
[I 2026-05-28 03:10:36,363] Trial 386 finished with value: 0.17835416661464842 and parameters: {'ISTN': 63.30260280690737, 'I_gpe': 1.2843127884458645, 'I_gpi': 2.0083666488819336, 'noise_stn_sigma': 2.3795612888942053, 'noise_gpe_sigma': 92.07415104763876, 'noise_gpi_sigma': 106.92369882020739, 'g_stn_gpe_mult': 2.5373535101576876, 'g_gpe_stn_mult': 0.12602509691676234, 'g_stn_gpi_mult': 3.296826930365049, 'g_gpe_gpi_mult': 0.8901142150508712}. Best is trial 343 with value: 0.14551095611338594.
[I 2026-05-28 03:10:37,375] Trial 387 finished with value: 0.20755725003636638 and parameters: {'ISTN': 65.10315623432221, 'I_gpe': 1.1839645169390671, 'I_gpi': 2.023196301300084, 'noise_stn_sigma': 2.396580199951641, 'noise_gpe_sigma': 85.12209870440144, 'noise_gpi_sigma': 110.08823335409949, 'g_stn_gpe_mult': 2.6221363859896316, 'g_gpe_stn_mult': 0.13345399169790437, 'g_stn_gpi_mult': 3.42756273022042, 'g_gpe_gpi_mult': 0.9116723512274523}. Best is trial 343 with value: 0.14551095611338594.
[I 2026-05-28 03:10:38,387] Trial 388 finished with value: 1.6533417176520409 and parameters: {'ISTN': 60.579196786327685, 'I_gpe': 1.3482353436377592, 'I_gpi': 2.06149773819621, 'noise_stn_sigma': 2.2660579073899005, 'noise_gpe_sigma': 83.12667338508174, 'noise_gpi_sigma': 99.70317719530371, 'g_stn_gpe_mult': 2.827537877600249, 'g_gpe_stn_mult': 0.13769268321184763, 'g_stn_gpi_mult': 3.2811129216426522, 'g_gpe_gpi_mult': 0.9742773146667429}. Best is trial 343 with value: 0.14551095611338594.
[I 2026-05-28 03:10:39,398] Trial 389 finished with value: 0.20058096154489052 and parameters: {'ISTN': 65.65745656038729, 'I_gpe': 1.3322920962061695, 'I_gpi': 2.125919062342877, 'noise_stn_sigma': 1.9688444816820132, 'noise_gpe_sigma': 97.59710572059, 'noise_gpi_sigma': 96.43456596778078, 'g_stn_gpe_mult': 2.58464204882912, 'g_gpe_stn_mult': 0.12065581428656837, 'g_stn_gpi_mult': 3.231031911788085, 'g_gpe_gpi_mult': 0.9043134171157827}. Best is trial 343 with value: 0.14551095611338594.
[I 2026-05-28 03:10:40,408] Trial 390 finished with value: 0.21280658213974302 and parameters: {'ISTN': 64.26239626267068, 'I_gpe': 1.2864523565503023, 'I_gpi': 2.1457283191540024, 'noise_stn_sigma': 2.6122807116756874, 'noise_gpe_sigma': 88.61033048765702, 'noise_gpi_sigma': 101.31969651175868, 'g_stn_gpe_mult': 2.9271917657871214, 'g_gpe_stn_mult': 0.14309847590276836, 'g_stn_gpi_mult': 3.417113047068912, 'g_gpe_gpi_mult': 0.8900404031479454}. Best is trial 343 with value: 0.14551095611338594.
[I 2026-05-28 03:10:41,421] Trial 391 finished with value: 0.19137378397051102 and parameters: {'ISTN': 65.18808133863443, 'I_gpe': 1.0462494597888505, 'I_gpi': 1.9810995661537998, 'noise_stn_sigma': 2.013803291129361, 'noise_gpe_sigma': 95.12347098722088, 'noise_gpi_sigma': 101.71846819054, 'g_stn_gpe_mult': 2.8798478489301544, 'g_gpe_stn_mult': 0.14558648761700327, 'g_stn_gpi_mult': 3.2749514107898934, 'g_gpe_gpi_mult': 1.0806020760100037}. Best is trial 343 with value: 0.14551095611338594.
[I 2026-05-28 03:10:42,432] Trial 392 finished with value: 0.2482184769717864 and parameters: {'ISTN': 63.61600583388967, 'I_gpe': 1.3700299804637008, 'I_gpi': 2.097436373971178, 'noise_stn_sigma': 2.829087317402678, 'noise_gpe_sigma': 90.93438317311002, 'noise_gpi_sigma': 102.62048370509524, 'g_stn_gpe_mult': 2.7903964186350545, 'g_gpe_stn_mult': 0.10041613590784869, 'g_stn_gpi_mult': 3.279014210632151, 'g_gpe_gpi_mult': 1.0150510784248208}. Best is trial 343 with value: 0.14551095611338594.
[I 2026-05-28 03:10:43,444] Trial 393 finished with value: 0.5092327168491319 and parameters: {'ISTN': 65.48959408898088, 'I_gpe': 1.4681607723750052, 'I_gpi': 2.2355485626188902, 'noise_stn_sigma': 2.619511061647349, 'noise_gpe_sigma': 99.78742141622449, 'noise_gpi_sigma': 111.11528816745582, 'g_stn_gpe_mult': 2.5199062550538915, 'g_gpe_stn_mult': 0.13261895289384334, 'g_stn_gpi_mult': 3.407203745276949, 'g_gpe_gpi_mult': 0.9622955065686571}. Best is trial 343 with value: 0.14551095611338594.
[I 2026-05-28 03:10:44,455] Trial 394 finished with value: 0.3526893458975935 and parameters: {'ISTN': 63.30422202737528, 'I_gpe': 1.2875541775638895, 'I_gpi': 2.2011288726670375, 'noise_stn_sigma': 2.2970446300591054, 'noise_gpe_sigma': 88.2727415948348, 'noise_gpi_sigma': 103.06135522357536, 'g_stn_gpe_mult': 2.606020696354786, 'g_gpe_stn_mult': 0.11676458846360727, 'g_stn_gpi_mult': 3.4339036699231404, 'g_gpe_gpi_mult': 0.9619796307982402}. Best is trial 343 with value: 0.14551095611338594.
[I 2026-05-28 03:10:45,467] Trial 395 finished with value: 0.18510491056472028 and parameters: {'ISTN': 62.854347382551836, 'I_gpe': 1.3349965785673468, 'I_gpi': 2.050019430486042, 'noise_stn_sigma': 2.3785792118106626, 'noise_gpe_sigma': 95.95769570583192, 'noise_gpi_sigma': 99.087862486686, 'g_stn_gpe_mult': 2.533860407508662, 'g_gpe_stn_mult': 0.16865821739678738, 'g_stn_gpi_mult': 3.3408254004407762, 'g_gpe_gpi_mult': 0.8803998342374637}. Best is trial 343 with value: 0.14551095611338594.
