[I 2026-05-28 02:55:58,480] Trial 528 finished with value: 0.18439655082835327 and parameters: {'ISTN': 63.097273334248364, 'I_gpe': 1.0848030557025825, 'I_gpi': 1.9603592329307489, 'noise_stn_sigma': 4.0991106728595454, 'noise_gpe_sigma': 95.144923375824, 'noise_gpi_sigma': 107.0454367753259, 'g_stn_gpe_mult': 4.323431788273763, 'g_gpe_stn_mult': 0.1607388830863431, 'g_stn_gpi_mult': 2.2828675622727923, 'g_gpe_gpi_mult': 1.0279310807713782}. Best is trial 394 with value: 0.15554121280607974.
[I 2026-05-28 02:55:59,490] Trial 529 finished with value: 0.17205409807857575 and parameters: {'ISTN': 61.729861488434246, 'I_gpe': 1.0872950080002655, 'I_gpi': 2.1780112379879197, 'noise_stn_sigma': 4.199425536788938, 'noise_gpe_sigma': 93.18053863995317, 'noise_gpi_sigma': 109.53261862022079, 'g_stn_gpe_mult': 4.495358685620286, 'g_gpe_stn_mult': 0.13945697456805023, 'g_stn_gpi_mult': 2.157227429087466, 'g_gpe_gpi_mult': 0.9998454869250883}. Best is trial 394 with value: 0.15554121280607974.
[I 2026-05-28 02:56:00,499] Trial 530 finished with value: 0.18500413456266326 and parameters: {'ISTN': 62.72301734699513, 'I_gpe': 1.0232915513146428, 'I_gpi': 1.9999367701703599, 'noise_stn_sigma': 4.101093357149848, 'noise_gpe_sigma': 93.1597878323285, 'noise_gpi_sigma': 106.34937247313601, 'g_stn_gpe_mult': 4.304447972453263, 'g_gpe_stn_mult': 0.1791958286713205, 'g_stn_gpi_mult': 2.3955492335230257, 'g_gpe_gpi_mult': 1.0142414402467776}. Best is trial 394 with value: 0.15554121280607974.
[I 2026-05-28 02:56:01,510] Trial 531 finished with value: 0.1845508702186949 and parameters: {'ISTN': 63.48930080941643, 'I_gpe': 1.1223063596627858, 'I_gpi': 2.042969308449875, 'noise_stn_sigma': 4.103279790548706, 'noise_gpe_sigma': 93.37345034331274, 'noise_gpi_sigma': 106.03937898875255, 'g_stn_gpe_mult': 4.4739317886913845, 'g_gpe_stn_mult': 0.15857114509585835, 'g_stn_gpi_mult': 2.1878200406511796, 'g_gpe_gpi_mult': 0.9966438581378061}. Best is trial 394 with value: 0.15554121280607974.
[I 2026-05-28 02:56:02,521] Trial 532 finished with value: 0.16502125913996074 and parameters: {'ISTN': 60.80389953972584, 'I_gpe': 1.0578001245599498, 'I_gpi': 2.1382037697527876, 'noise_stn_sigma': 4.002251318022763, 'noise_gpe_sigma': 94.61050064176183, 'noise_gpi_sigma': 111.04546871959506, 'g_stn_gpe_mult': 4.369427426541627, 'g_gpe_stn_mult': 0.1734417989434063, 'g_stn_gpi_mult': 2.312221473545102, 'g_gpe_gpi_mult': 1.000763356525414}. Best is trial 394 with value: 0.15554121280607974.
[I 2026-05-28 02:56:03,530] Trial 533 finished with value: 0.1836995998019693 and parameters: {'ISTN': 61.78086466253941, 'I_gpe': 1.1531971250562254, 'I_gpi': 2.1180946455679592, 'noise_stn_sigma': 4.158014971159231, 'noise_gpe_sigma': 98.15249277852665, 'noise_gpi_sigma': 110.95273535543657, 'g_stn_gpe_mult': 4.483808287863923, 'g_gpe_stn_mult': 0.166732297960141, 'g_stn_gpi_mult': 2.216424329581093, 'g_gpe_gpi_mult': 0.966989912563831}. Best is trial 394 with value: 0.15554121280607974.
[I 2026-05-28 02:56:04,539] Trial 534 finished with value: 0.27729460130011585 and parameters: {'ISTN': 62.51006647191529, 'I_gpe': 0.9754527009035143, 'I_gpi': 2.1102983043455485, 'noise_stn_sigma': 4.294934975025488, 'noise_gpe_sigma': 100.0999493273402, 'noise_gpi_sigma': 111.579623685495, 'g_stn_gpe_mult': 4.456170971829632, 'g_gpe_stn_mult': 0.15209773410895458, 'g_stn_gpi_mult': 2.2116303483735056, 'g_gpe_gpi_mult': 0.9751972598973175}. Best is trial 394 with value: 0.15554121280607974.
[I 2026-05-28 02:56:05,550] Trial 535 finished with value: 0.16206941357281618 and parameters: {'ISTN': 61.26231034040175, 'I_gpe': 1.1686005382220204, 'I_gpi': 2.152406407124513, 'noise_stn_sigma': 4.14949630162713, 'noise_gpe_sigma': 98.29608884564499, 'noise_gpi_sigma': 110.12569949493019, 'g_stn_gpe_mult': 4.583677744045205, 'g_gpe_stn_mult': 0.1458209029122382, 'g_stn_gpi_mult': 2.280794508339189, 'g_gpe_gpi_mult': 0.9699491653903092}. Best is trial 394 with value: 0.15554121280607974.
[I 2026-05-28 02:56:06,558] Trial 536 finished with value: 0.16424923169169967 and parameters: {'ISTN': 60.91717110111592, 'I_gpe': 1.027213564032407, 'I_gpi': 2.17579162337963, 'noise_stn_sigma': 4.25057869635693, 'noise_gpe_sigma': 99.69986895765041, 'noise_gpi_sigma': 109.94771978224503, 'g_stn_gpe_mult': 4.415211395002648, 'g_gpe_stn_mult': 0.1644074134212717, 'g_stn_gpi_mult': 2.0644374335923383, 'g_gpe_gpi_mult': 0.9765459444495717}. Best is trial 394 with value: 0.15554121280607974.
[I 2026-05-28 02:56:07,566] Trial 537 finished with value: 0.17701452924242694 and parameters: {'ISTN': 63.4908197914545, 'I_gpe': 1.1443779704876458, 'I_gpi': 2.120976897502583, 'noise_stn_sigma': 3.8325677414123906, 'noise_gpe_sigma': 95.51032096552115, 'noise_gpi_sigma': 104.48747461039596, 'g_stn_gpe_mult': 4.272986580372832, 'g_gpe_stn_mult': 0.15289587447519282, 'g_stn_gpi_mult': 2.192712823778071, 'g_gpe_gpi_mult': 1.0095641906576298}. Best is trial 394 with value: 0.15554121280607974.
[I 2026-05-28 02:56:08,576] Trial 538 finished with value: 0.18124482486513152 and parameters: {'ISTN': 62.30526793915809, 'I_gpe': 1.1131640405602414, 'I_gpi': 2.179196471772849, 'noise_stn_sigma': 4.203182703294871, 'noise_gpe_sigma': 99.13603259814215, 'noise_gpi_sigma': 107.8254688805529, 'g_stn_gpe_mult': 4.453115406819045, 'g_gpe_stn_mult': 0.15556204194688028, 'g_stn_gpi_mult': 2.1718602964521265, 'g_gpe_gpi_mult': 1.0169369561009916}. Best is trial 394 with value: 0.15554121280607974.
[I 2026-05-28 02:56:09,586] Trial 539 finished with value: 0.1718028683527489 and parameters: {'ISTN': 61.30694087364203, 'I_gpe': 1.0264321344724323, 'I_gpi': 2.0159820999193157, 'noise_stn_sigma': 4.131651435853895, 'noise_gpe_sigma': 91.9963823642402, 'noise_gpi_sigma': 111.49748367179565, 'g_stn_gpe_mult': 4.531690452938851, 'g_gpe_stn_mult': 0.1515942506349971, 'g_stn_gpi_mult': 2.2517875891747154, 'g_gpe_gpi_mult': 1.0091921700787823}. Best is trial 394 with value: 0.15554121280607974.
[I 2026-05-28 02:56:10,596] Trial 540 finished with value: 0.19401886423133696 and parameters: {'ISTN': 63.225824524831914, 'I_gpe': 1.1258986686955756, 'I_gpi': 2.2669442198641265, 'noise_stn_sigma': 3.902601462141793, 'noise_gpe_sigma': 94.88308333907999, 'noise_gpi_sigma': 108.22919467102257, 'g_stn_gpe_mult': 4.44473995708832, 'g_gpe_stn_mult': 0.13862246842928522, 'g_stn_gpi_mult': 2.226715937001766, 'g_gpe_gpi_mult': 0.9510993890734099}. Best is trial 394 with value: 0.15554121280607974.
[I 2026-05-28 02:56:11,610] Trial 541 finished with value: 0.18009905972753448 and parameters: {'ISTN': 62.93553835086636, 'I_gpe': 0.9753536677444552, 'I_gpi': 2.09450265481002, 'noise_stn_sigma': 4.215815696832197, 'noise_gpe_sigma': 104.37099528799506, 'noise_gpi_sigma': 107.63345556672469, 'g_stn_gpe_mult': 4.374531533471664, 'g_gpe_stn_mult': 0.1598718710480836, 'g_stn_gpi_mult': 2.1536555381553457, 'g_gpe_gpi_mult': 0.9551123865848454}. Best is trial 394 with value: 0.15554121280607974.
[I 2026-05-28 02:56:12,622] Trial 542 finished with value: 0.16468403311309604 and parameters: {'ISTN': 61.307624157805414, 'I_gpe': 1.028058122119476, 'I_gpi': 2.1800928301689253, 'noise_stn_sigma': 4.2592147879321836, 'noise_gpe_sigma': 96.21516001027516, 'noise_gpi_sigma': 109.23119120093948, 'g_stn_gpe_mult': 4.396250860063808, 'g_gpe_stn_mult': 0.14662935225297216, 'g_stn_gpi_mult': 2.2119250044007237, 'g_gpe_gpi_mult': 0.9772020437110043}. Best is trial 394 with value: 0.15554121280607974.
[I 2026-05-28 02:56:13,633] Trial 543 finished with value: 0.15521017892309247 and parameters: {'ISTN': 60.515342530205324, 'I_gpe': 1.1676978931025976, 'I_gpi': 2.1143522389112066, 'noise_stn_sigma': 4.329485846583349, 'noise_gpe_sigma': 94.90375773507917, 'noise_gpi_sigma': 106.81759336727372, 'g_stn_gpe_mult': 4.571234877229697, 'g_gpe_stn_mult': 0.14999775987936692, 'g_stn_gpi_mult': 2.23148480839395, 'g_gpe_gpi_mult': 0.9398437198291807}. Best is trial 543 with value: 0.15521017892309247.
[I 2026-05-28 02:56:14,640] Trial 544 finished with value: 0.1748123077052849 and parameters: {'ISTN': 61.2807432141047, 'I_gpe': 1.1534069947704828, 'I_gpi': 2.069923796931672, 'noise_stn_sigma': 4.0820954527088515, 'noise_gpe_sigma': 99.49390338056341, 'noise_gpi_sigma': 108.32165741362022, 'g_stn_gpe_mult': 4.436570317470119, 'g_gpe_stn_mult': 0.16469446264110052, 'g_stn_gpi_mult': 2.2918001849657466, 'g_gpe_gpi_mult': 0.9857528165543725}. Best is trial 543 with value: 0.15521017892309247.
[I 2026-05-28 02:56:15,647] Trial 545 finished with value: 0.18107443461772943 and parameters: {'ISTN': 61.46899338729289, 'I_gpe': 1.159105495399963, 'I_gpi': 2.0690787469764103, 'noise_stn_sigma': 4.353837675943014, 'noise_gpe_sigma': 99.69561278322641, 'noise_gpi_sigma': 107.46735857824618, 'g_stn_gpe_mult': 4.419524662662418, 'g_gpe_stn_mult': 0.15708203009712254, 'g_stn_gpi_mult': 2.141413981021442, 'g_gpe_gpi_mult': 0.9751120864908462}. Best is trial 543 with value: 0.15521017892309247.
[I 2026-05-28 02:56:16,658] Trial 546 finished with value: 0.1854983252687144 and parameters: {'ISTN': 62.639674072513905, 'I_gpe': 1.2188481983980348, 'I_gpi': 2.1923904666253993, 'noise_stn_sigma': 3.9688371351295686, 'noise_gpe_sigma': 95.74488392486543, 'noise_gpi_sigma': 111.75116727803974, 'g_stn_gpe_mult': 4.631711201128009, 'g_gpe_stn_mult': 0.1711551768082168, 'g_stn_gpi_mult': 2.121214125852432, 'g_gpe_gpi_mult': 0.9527511154353348}. Best is trial 543 with value: 0.15521017892309247.
[I 2026-05-28 02:56:17,668] Trial 547 finished with value: 0.1750175550336084 and parameters: {'ISTN': 61.334280990374026, 'I_gpe': 1.0921158910409012, 'I_gpi': 2.1648012345923435, 'noise_stn_sigma': 4.146351727179591, 'noise_gpe_sigma': 100.50765283602988, 'noise_gpi_sigma': 109.41010022324063, 'g_stn_gpe_mult': 4.383061273307616, 'g_gpe_stn_mult': 0.16530622917493099, 'g_stn_gpi_mult': 2.2297005143276802, 'g_gpe_gpi_mult': 0.9833639674703201}. Best is trial 543 with value: 0.15521017892309247.
[I 2026-05-28 02:56:18,676] Trial 548 finished with value: 0.17249005220812308 and parameters: {'ISTN': 60.30721176557917, 'I_gpe': 1.1928204576313144, 'I_gpi': 2.038044754458885, 'noise_stn_sigma': 4.141692936859913, 'noise_gpe_sigma': 100.13651268115137, 'noise_gpi_sigma': 112.19043305177595, 'g_stn_gpe_mult': 4.519492257998251, 'g_gpe_stn_mult': 0.1734577815679098, 'g_stn_gpi_mult': 2.3221603636126598, 'g_gpe_gpi_mult': 0.9880774474549887}. Best is trial 543 with value: 0.15521017892309247.
[I 2026-05-28 02:56:19,684] Trial 549 finished with value: 0.15413017127927592 and parameters: {'ISTN': 60.94973999363098, 'I_gpe': 1.0791345840655855, 'I_gpi': 2.207771643556545, 'noise_stn_sigma': 4.0827907932717915, 'noise_gpe_sigma': 97.70296489209707, 'noise_gpi_sigma': 111.52301309379561, 'g_stn_gpe_mult': 4.425066308456508, 'g_gpe_stn_mult': 0.15404142309860136, 'g_stn_gpi_mult': 2.1763426508376407, 'g_gpe_gpi_mult': 0.988146368386907}. Best is trial 549 with value: 0.15413017127927592.
[I 2026-05-28 02:56:20,694] Trial 550 finished with value: 0.1604992417725596 and parameters: {'ISTN': 60.24583862739498, 'I_gpe': 1.0596071624455292, 'I_gpi': 2.0934143201090496, 'noise_stn_sigma': 3.9928828002991135, 'noise_gpe_sigma': 96.99827404657799, 'noise_gpi_sigma': 109.44827317389029, 'g_stn_gpe_mult': 4.498608237393443, 'g_gpe_stn_mult': 0.18111058801202762, 'g_stn_gpi_mult': 2.1590922327857656, 'g_gpe_gpi_mult': 0.9510846015995131}. Best is trial 549 with value: 0.15413017127927592.
[I 2026-05-28 02:56:21,707] Trial 551 finished with value: 0.1789004498271282 and parameters: {'ISTN': 61.20602710366023, 'I_gpe': 1.0017024214270394, 'I_gpi': 2.067314027534659, 'noise_stn_sigma': 4.243562209676355, 'noise_gpe_sigma': 97.56862463450013, 'noise_gpi_sigma': 112.04910532086748, 'g_stn_gpe_mult': 4.508080539354154, 'g_gpe_stn_mult': 0.16769126224387454, 'g_stn_gpi_mult': 2.092995354396288, 'g_gpe_gpi_mult': 0.9911476671073745}. Best is trial 549 with value: 0.15413017127927592.
[I 2026-05-28 02:56:22,717] Trial 552 finished with value: 0.16972665648441407 and parameters: {'ISTN': 60.67402772645323, 'I_gpe': 1.1511213396643996, 'I_gpi': 2.0962193397029996, 'noise_stn_sigma': 4.2982233958763185, 'noise_gpe_sigma': 97.29147814361518, 'noise_gpi_sigma': 109.5312526015344, 'g_stn_gpe_mult': 4.513660036343467, 'g_gpe_stn_mult': 0.15570519666290839, 'g_stn_gpi_mult': 2.212786178104599, 'g_gpe_gpi_mult': 0.9712602876223191}. Best is trial 549 with value: 0.15413017127927592.
[I 2026-05-28 02:56:23,728] Trial 553 finished with value: 0.18536361954530373 and parameters: {'ISTN': 63.87741827523624, 'I_gpe': 1.0900310326345959, 'I_gpi': 2.1394822840305183, 'noise_stn_sigma': 4.093696626181754, 'noise_gpe_sigma': 97.8180078950247, 'noise_gpi_sigma': 109.2518093336733, 'g_stn_gpe_mult': 4.538162795830412, 'g_gpe_stn_mult': 0.144421903585518, 'g_stn_gpi_mult': 2.1667391984498074, 'g_gpe_gpi_mult': 1.0070398588295455}. Best is trial 549 with value: 0.15413017127927592.
[I 2026-05-28 02:56:24,738] Trial 554 finished with value: 0.4648692271623652 and parameters: {'ISTN': 60.20842958964246, 'I_gpe': 1.2051423269561017, 'I_gpi': 2.1591496392846015, 'noise_stn_sigma': 4.006802165207684, 'noise_gpe_sigma': 90.91538305597452, 'noise_gpi_sigma': 111.92713043715125, 'g_stn_gpe_mult': 4.5574280577250255, 'g_gpe_stn_mult': 0.149678452356376, 'g_stn_gpi_mult': 2.2652061232654184, 'g_gpe_gpi_mult': 0.9346096520582763}. Best is trial 549 with value: 0.15413017127927592.
[I 2026-05-28 02:56:25,748] Trial 555 finished with value: 0.15949122814094413 and parameters: {'ISTN': 61.06226493746383, 'I_gpe': 1.0364632096371038, 'I_gpi': 2.167434804598143, 'noise_stn_sigma': 4.034360383512613, 'noise_gpe_sigma': 95.00201713263942, 'noise_gpi_sigma': 111.35596787768445, 'g_stn_gpe_mult': 4.529135904849744, 'g_gpe_stn_mult': 0.1488493526351396, 'g_stn_gpi_mult': 2.2556451506888817, 'g_gpe_gpi_mult': 1.0068569656636823}. Best is trial 549 with value: 0.15413017127927592.
[I 2026-05-28 02:56:26,758] Trial 556 finished with value: 0.16226113039338674 and parameters: {'ISTN': 60.362509624584455, 'I_gpe': 1.1620220000087351, 'I_gpi': 2.103470549972954, 'noise_stn_sigma': 4.12391841256288, 'noise_gpe_sigma': 94.25814692968747, 'noise_gpi_sigma': 107.58883861251253, 'g_stn_gpe_mult': 4.467073228411624, 'g_gpe_stn_mult': 0.17357515553637592, 'g_stn_gpi_mult': 2.2207270317454144, 'g_gpe_gpi_mult': 1.0016633111000732}. Best is trial 549 with value: 0.15413017127927592.
[I 2026-05-28 02:56:27,767] Trial 557 finished with value: 0.16107808402626966 and parameters: {'ISTN': 60.678624943197775, 'I_gpe': 1.1118556531105073, 'I_gpi': 2.1012920614446386, 'noise_stn_sigma': 3.844355038963442, 'noise_gpe_sigma': 93.85951132560803, 'noise_gpi_sigma': 111.95399715143942, 'g_stn_gpe_mult': 4.4883455823802505, 'g_gpe_stn_mult': 0.17080211007220047, 'g_stn_gpi_mult': 2.3147515968105234, 'g_gpe_gpi_mult': 0.9370885471736023}. Best is trial 549 with value: 0.15413017127927592.
[I 2026-05-28 02:56:28,776] Trial 558 finished with value: 0.15434395141977558 and parameters: {'ISTN': 60.16586915402505, 'I_gpe': 1.0464802439065808, 'I_gpi': 2.2504997537510794, 'noise_stn_sigma': 4.053722492648828, 'noise_gpe_sigma': 99.37503022531408, 'noise_gpi_sigma': 112.56900488368419, 'g_stn_gpe_mult': 4.420167932846258, 'g_gpe_stn_mult': 0.1621594576502399, 'g_stn_gpi_mult': 2.146710898620501, 'g_gpe_gpi_mult': 0.9470517955464324}. Best is trial 549 with value: 0.15413017127927592.
[I 2026-05-28 02:56:29,784] Trial 559 finished with value: 0.19820995674696118 and parameters: {'ISTN': 62.752978397242394, 'I_gpe': 1.0191035698281374, 'I_gpi': 2.1990594290267858, 'noise_stn_sigma': 4.39023230496372, 'noise_gpe_sigma': 99.20949738683568, 'noise_gpi_sigma': 110.78238237016706, 'g_stn_gpe_mult': 4.4737509584986785, 'g_gpe_stn_mult': 0.14172529895695415, 'g_stn_gpi_mult': 2.1099352015091988, 'g_gpe_gpi_mult': 1.0117975698091275}. Best is trial 549 with value: 0.15413017127927592.
[I 2026-05-28 02:56:30,793] Trial 560 finished with value: 0.18368356021955942 and parameters: {'ISTN': 62.55128493482366, 'I_gpe': 1.1131112835305323, 'I_gpi': 2.227795626520495, 'noise_stn_sigma': 4.213954713325003, 'noise_gpe_sigma': 95.61921541677854, 'noise_gpi_sigma': 107.52207510155553, 'g_stn_gpe_mult': 4.412645682259392, 'g_gpe_stn_mult': 0.13840914255787665, 'g_stn_gpi_mult': 2.1130700840454875, 'g_gpe_gpi_mult': 1.0403589823757746}. Best is trial 549 with value: 0.15413017127927592.
[I 2026-05-28 02:56:31,801] Trial 561 finished with value: 0.18080268888671178 and parameters: {'ISTN': 61.30018969001057, 'I_gpe': 1.0998361260205902, 'I_gpi': 2.130404805210121, 'noise_stn_sigma': 4.126342330367354, 'noise_gpe_sigma': 97.42673445217783, 'noise_gpi_sigma': 112.65472078491308, 'g_stn_gpe_mult': 4.474674875092113, 'g_gpe_stn_mult': 0.1629312175371873, 'g_stn_gpi_mult': 2.2626053616941597, 'g_gpe_gpi_mult': 0.986438776728906}. Best is trial 549 with value: 0.15413017127927592.
[I 2026-05-28 02:56:32,811] Trial 562 finished with value: 0.17303095214265463 and parameters: {'ISTN': 61.85351141476681, 'I_gpe': 0.9463255717624568, 'I_gpi': 2.1452284115041813, 'noise_stn_sigma': 4.005385735770339, 'noise_gpe_sigma': 97.25096942678593, 'noise_gpi_sigma': 105.54394634710481, 'g_stn_gpe_mult': 4.362699145305532, 'g_gpe_stn_mult': 0.14851951070361946, 'g_stn_gpi_mult': 2.2815948802455477, 'g_gpe_gpi_mult': 0.9619023705387149}. Best is trial 549 with value: 0.15413017127927592.
[I 2026-05-28 02:56:33,821] Trial 563 finished with value: 0.17437361055002465 and parameters: {'ISTN': 61.543491384358944, 'I_gpe': 1.0466574966129423, 'I_gpi': 2.0838951949278792, 'noise_stn_sigma': 3.990895405685176, 'noise_gpe_sigma': 98.52735611343886, 'noise_gpi_sigma': 111.05796916523974, 'g_stn_gpe_mult': 4.467749416737031, 'g_gpe_stn_mult': 0.15727087131162548, 'g_stn_gpi_mult': 2.23327262318095, 'g_gpe_gpi_mult': 0.9719392494105883}. Best is trial 549 with value: 0.15413017127927592.
[I 2026-05-28 02:56:34,769] Trial 564 finished with value: 1000000.0 and parameters: {'ISTN': 60.47753202481868, 'I_gpe': 1.0071170572661532, 'I_gpi': 2.241080676508546, 'noise_stn_sigma': 3.9989277512589063, 'noise_gpe_sigma': 100.05954753310786, 'noise_gpi_sigma': 111.40994903684661, 'g_stn_gpe_mult': 4.3533871899856065, 'g_gpe_stn_mult': 0.16454300593158222, 'g_stn_gpi_mult': 2.19388699620336, 'g_gpe_gpi_mult': 0.9668197913207088}. Best is trial 549 with value: 0.15413017127927592.
[I 2026-05-28 02:56:35,779] Trial 565 finished with value: 0.1728634880796071 and parameters: {'ISTN': 61.12590328861797, 'I_gpe': 1.1070389264178373, 'I_gpi': 2.1216259839620517, 'noise_stn_sigma': 4.144974816943331, 'noise_gpe_sigma': 97.03297186175686, 'noise_gpi_sigma': 112.13723402664246, 'g_stn_gpe_mult': 4.435571082298066, 'g_gpe_stn_mult': 0.16218353673615138, 'g_stn_gpi_mult': 2.224573248015152, 'g_gpe_gpi_mult': 0.9590668910171123}. Best is trial 549 with value: 0.15413017127927592.
[I 2026-05-28 02:56:36,789] Trial 566 finished with value: 0.1579039162107179 and parameters: {'ISTN': 60.239441900214864, 'I_gpe': 1.0349695370191243, 'I_gpi': 2.1397330082995047, 'noise_stn_sigma': 3.938933027078618, 'noise_gpe_sigma': 102.48401328113516, 'noise_gpi_sigma': 112.75551510465617, 'g_stn_gpe_mult': 4.510932712235178, 'g_gpe_stn_mult': 0.1766703744116487, 'g_stn_gpi_mult': 2.131002372833405, 'g_gpe_gpi_mult': 0.9751426467604178}. Best is trial 549 with value: 0.15413017127927592.
[I 2026-05-28 02:56:37,798] Trial 567 finished with value: 0.17164855190099623 and parameters: {'ISTN': 60.615594583172154, 'I_gpe': 1.1411763275985063, 'I_gpi': 2.2357081986491947, 'noise_stn_sigma': 3.8922180235618065, 'noise_gpe_sigma': 97.33079368100344, 'noise_gpi_sigma': 113.05071702778636, 'g_stn_gpe_mult': 4.448924989090617, 'g_gpe_stn_mult': 0.175753279842507, 'g_stn_gpi_mult': 2.1467721862966984, 'g_gpe_gpi_mult': 0.989339627061522}. Best is trial 549 with value: 0.15413017127927592.
[I 2026-05-28 02:56:38,809] Trial 568 finished with value: 0.17984340868613954 and parameters: {'ISTN': 61.041836069403416, 'I_gpe': 1.0209954091613613, 'I_gpi': 2.2164030752172392, 'noise_stn_sigma': 4.032831824596929, 'noise_gpe_sigma': 91.20194975212075, 'noise_gpi_sigma': 112.59433005037636, 'g_stn_gpe_mult': 4.466636189376967, 'g_gpe_stn_mult': 0.16889777115572102, 'g_stn_gpi_mult': 2.2017499621577943, 'g_gpe_gpi_mult': 1.0003859072071692}. Best is trial 549 with value: 0.15413017127927592.
[I 2026-05-28 02:56:39,820] Trial 569 finished with value: 0.17538761384762283 and parameters: {'ISTN': 61.13255689629717, 'I_gpe': 1.1150968218113828, 'I_gpi': 2.072874985209495, 'noise_stn_sigma': 4.139182345712475, 'noise_gpe_sigma': 99.21170858267956, 'noise_gpi_sigma': 110.32594956674143, 'g_stn_gpe_mult': 4.5035605392255995, 'g_gpe_stn_mult': 0.17133432988017694, 'g_stn_gpi_mult': 2.2230516005305954, 'g_gpe_gpi_mult': 0.948850496904222}. Best is trial 549 with value: 0.15413017127927592.
[I 2026-05-28 02:56:40,832] Trial 570 finished with value: 0.17083602842300696 and parameters: {'ISTN': 61.3931509601509, 'I_gpe': 1.0737878434275683, 'I_gpi': 2.2265265266383762, 'noise_stn_sigma': 3.8810388776467444, 'noise_gpe_sigma': 97.29100375235538, 'noise_gpi_sigma': 110.73232204001287, 'g_stn_gpe_mult': 4.5572006778540315, 'g_gpe_stn_mult': 0.16000986380506638, 'g_stn_gpi_mult': 2.2704348316939695, 'g_gpe_gpi_mult': 0.9819303397038066}. Best is trial 549 with value: 0.15413017127927592.
[I 2026-05-28 02:56:41,846] Trial 571 finished with value: 0.1480255868944281 and parameters: {'ISTN': 60.004223389653994, 'I_gpe': 1.0043797225215054, 'I_gpi': 2.13230790708214, 'noise_stn_sigma': 3.7376113086377423, 'noise_gpe_sigma': 101.66851254540026, 'noise_gpi_sigma': 115.08415901930586, 'g_stn_gpe_mult': 4.67158311211704, 'g_gpe_stn_mult': 0.1772827959636654, 'g_stn_gpi_mult': 2.1532464758686563, 'g_gpe_gpi_mult': 0.9530313277966755}. Best is trial 571 with value: 0.1480255868944281.
