[I 2026-05-28 03:03:22,517] Trial 968 finished with value: 0.14840966564021915 and parameters: {'ISTN': 60.37303833495346, 'I_gpe': 1.0899322856788785, 'I_gpi': 2.077484696373827, 'noise_stn_sigma': 3.963939382761689, 'noise_gpe_sigma': 100.22160622038538, 'noise_gpi_sigma': 105.56301398361198, 'g_stn_gpe_mult': 4.525550002881982, 'g_gpe_stn_mult': 0.15340758582003294, 'g_stn_gpi_mult': 2.288200450696937, 'g_gpe_gpi_mult': 1.0521561247199616}. Best is trial 921 with value: 0.13695978285194785.
[I 2026-05-28 03:03:23,527] Trial 969 finished with value: 0.14491260922114121 and parameters: {'ISTN': 60.07588627056454, 'I_gpe': 1.0384405468086726, 'I_gpi': 2.0746042809815206, 'noise_stn_sigma': 3.9130382726329733, 'noise_gpe_sigma': 98.76825110936646, 'noise_gpi_sigma': 108.65974294564137, 'g_stn_gpe_mult': 4.52883698791576, 'g_gpe_stn_mult': 0.1588527688920636, 'g_stn_gpi_mult': 2.2848392835033358, 'g_gpe_gpi_mult': 1.0364378719769594}. Best is trial 921 with value: 0.13695978285194785.
[I 2026-05-28 03:03:24,537] Trial 970 finished with value: 0.15995654427781839 and parameters: {'ISTN': 60.29498268357724, 'I_gpe': 1.0431539181173481, 'I_gpi': 2.0427230779340237, 'noise_stn_sigma': 3.9615999503989903, 'noise_gpe_sigma': 100.2773278658985, 'noise_gpi_sigma': 106.47025604407597, 'g_stn_gpe_mult': 4.597343186370377, 'g_gpe_stn_mult': 0.1581614103926952, 'g_stn_gpi_mult': 2.2101307206524043, 'g_gpe_gpi_mult': 1.0532340218840692}. Best is trial 921 with value: 0.13695978285194785.
[I 2026-05-28 03:03:25,548] Trial 971 finished with value: 0.1509792312894055 and parameters: {'ISTN': 60.77147511720624, 'I_gpe': 1.0092390047783935, 'I_gpi': 2.081154491483261, 'noise_stn_sigma': 3.9110283142366193, 'noise_gpe_sigma': 100.97731371135306, 'noise_gpi_sigma': 105.91145831691492, 'g_stn_gpe_mult': 4.517252448258516, 'g_gpe_stn_mult': 0.15042287741520402, 'g_stn_gpi_mult': 2.3021225645767966, 'g_gpe_gpi_mult': 1.054167766901098}. Best is trial 921 with value: 0.13695978285194785.
[I 2026-05-28 03:03:26,557] Trial 972 finished with value: 0.1463226347430757 and parameters: {'ISTN': 60.04879151487946, 'I_gpe': 1.0432636291592599, 'I_gpi': 2.0277637834236026, 'noise_stn_sigma': 4.072079073455573, 'noise_gpe_sigma': 101.66738433758167, 'noise_gpi_sigma': 106.73185518237854, 'g_stn_gpe_mult': 4.581573516168738, 'g_gpe_stn_mult': 0.16024810222533792, 'g_stn_gpi_mult': 2.313107836939699, 'g_gpe_gpi_mult': 1.0440067621928502}. Best is trial 921 with value: 0.13695978285194785.
[I 2026-05-28 03:03:27,566] Trial 973 finished with value: 0.1460531641536559 and parameters: {'ISTN': 60.35838428227675, 'I_gpe': 1.0557895787527225, 'I_gpi': 2.0750319983393686, 'noise_stn_sigma': 3.922086551002559, 'noise_gpe_sigma': 101.99057342237309, 'noise_gpi_sigma': 105.44063857799883, 'g_stn_gpe_mult': 4.54722371739906, 'g_gpe_stn_mult': 0.1536533910644927, 'g_stn_gpi_mult': 2.3169460985592414, 'g_gpe_gpi_mult': 1.0624923959696118}. Best is trial 921 with value: 0.13695978285194785.
[I 2026-05-28 03:03:28,575] Trial 974 finished with value: 0.1864874330795102 and parameters: {'ISTN': 60.27729436607549, 'I_gpe': 1.054428456246706, 'I_gpi': 1.9947233684261532, 'noise_stn_sigma': 4.040086957020144, 'noise_gpe_sigma': 100.67363987311926, 'noise_gpi_sigma': 102.98997005944636, 'g_stn_gpe_mult': 4.532180451101592, 'g_gpe_stn_mult': 0.15106920162056686, 'g_stn_gpi_mult': 2.383163806558793, 'g_gpe_gpi_mult': 1.0848307764920717}. Best is trial 921 with value: 0.13695978285194785.
[I 2026-05-28 03:03:29,586] Trial 975 finished with value: 0.14338756073024125 and parameters: {'ISTN': 60.165461323316116, 'I_gpe': 1.0458370476674472, 'I_gpi': 2.044400013314627, 'noise_stn_sigma': 4.06547736758149, 'noise_gpe_sigma': 102.92323880409249, 'noise_gpi_sigma': 106.02264296719686, 'g_stn_gpe_mult': 4.580358969115819, 'g_gpe_stn_mult': 0.1606988199635737, 'g_stn_gpi_mult': 2.2839162323172997, 'g_gpe_gpi_mult': 1.0541864336269353}. Best is trial 921 with value: 0.13695978285194785.
[I 2026-05-28 03:03:30,595] Trial 976 finished with value: 0.33494758073423203 and parameters: {'ISTN': 60.43344542514649, 'I_gpe': 1.0526798410833684, 'I_gpi': 2.0975800448309245, 'noise_stn_sigma': 3.9811433280410506, 'noise_gpe_sigma': 102.54266308527771, 'noise_gpi_sigma': 107.86453236282105, 'g_stn_gpe_mult': 4.562883827993941, 'g_gpe_stn_mult': 0.1532787001219575, 'g_stn_gpi_mult': 2.2518830729823724, 'g_gpe_gpi_mult': 1.055191999048953}. Best is trial 921 with value: 0.13695978285194785.
[I 2026-05-28 03:03:31,604] Trial 977 finished with value: 0.14887134273460859 and parameters: {'ISTN': 60.35831081807187, 'I_gpe': 0.9973574899683831, 'I_gpi': 2.080076536754571, 'noise_stn_sigma': 3.995863489478028, 'noise_gpe_sigma': 103.78534842299247, 'noise_gpi_sigma': 105.83523427074384, 'g_stn_gpe_mult': 4.565995539641007, 'g_gpe_stn_mult': 0.15863628441531483, 'g_stn_gpi_mult': 2.308228685357123, 'g_gpe_gpi_mult': 1.0359583961434655}. Best is trial 921 with value: 0.13695978285194785.
[I 2026-05-28 03:03:32,614] Trial 978 finished with value: 0.1424775333490755 and parameters: {'ISTN': 60.21426102359404, 'I_gpe': 1.058758426736045, 'I_gpi': 2.078647008382883, 'noise_stn_sigma': 3.954883741772775, 'noise_gpe_sigma': 102.22155892972444, 'noise_gpi_sigma': 106.90646451066583, 'g_stn_gpe_mult': 4.551569437497628, 'g_gpe_stn_mult': 0.160738329306447, 'g_stn_gpi_mult': 2.2455748355004244, 'g_gpe_gpi_mult': 1.0289826061249852}. Best is trial 921 with value: 0.13695978285194785.
[I 2026-05-28 03:03:33,622] Trial 979 finished with value: 0.14348995718160518 and parameters: {'ISTN': 60.539118209994136, 'I_gpe': 1.0843680575583703, 'I_gpi': 2.0689738727905387, 'noise_stn_sigma': 3.9906306380601584, 'noise_gpe_sigma': 102.15524271096785, 'noise_gpi_sigma': 104.86337636867562, 'g_stn_gpe_mult': 4.519429338765605, 'g_gpe_stn_mult': 0.16152801863429353, 'g_stn_gpi_mult': 2.2974633178211503, 'g_gpe_gpi_mult': 1.0651557730114976}. Best is trial 921 with value: 0.13695978285194785.
[I 2026-05-28 03:03:34,632] Trial 980 finished with value: 0.13811469241827706 and parameters: {'ISTN': 60.231521280363495, 'I_gpe': 1.0392563600736742, 'I_gpi': 2.071286088683061, 'noise_stn_sigma': 4.001188143459302, 'noise_gpe_sigma': 104.46243445959925, 'noise_gpi_sigma': 103.11450099283351, 'g_stn_gpe_mult': 4.5665703840235015, 'g_gpe_stn_mult': 0.1575564294614301, 'g_stn_gpi_mult': 2.3095434049612353, 'g_gpe_gpi_mult': 1.0486093801160326}. Best is trial 921 with value: 0.13695978285194785.
[I 2026-05-28 03:03:35,642] Trial 981 finished with value: 0.14728083982261259 and parameters: {'ISTN': 60.75794659468978, 'I_gpe': 1.046391900263263, 'I_gpi': 2.068348765718236, 'noise_stn_sigma': 4.035148810116463, 'noise_gpe_sigma': 102.68371501107417, 'noise_gpi_sigma': 103.43693367014438, 'g_stn_gpe_mult': 4.540017872189913, 'g_gpe_stn_mult': 0.15671959559054344, 'g_stn_gpi_mult': 2.3394138358710124, 'g_gpe_gpi_mult': 1.0355331283263316}. Best is trial 921 with value: 0.13695978285194785.
[I 2026-05-28 03:03:36,650] Trial 982 finished with value: 0.1500106845229372 and parameters: {'ISTN': 60.38226498252377, 'I_gpe': 1.0861262310184974, 'I_gpi': 2.0410538945636434, 'noise_stn_sigma': 4.193165400691679, 'noise_gpe_sigma': 107.19337283913788, 'noise_gpi_sigma': 103.86075563963485, 'g_stn_gpe_mult': 4.51465025568244, 'g_gpe_stn_mult': 0.15873018776738806, 'g_stn_gpi_mult': 2.2731751297957854, 'g_gpe_gpi_mult': 1.03146445790902}. Best is trial 921 with value: 0.13695978285194785.
[I 2026-05-28 03:03:37,658] Trial 983 finished with value: 0.3336003772114122 and parameters: {'ISTN': 60.02110134461136, 'I_gpe': 1.0527382846568532, 'I_gpi': 2.0692975158734694, 'noise_stn_sigma': 4.019743226844841, 'noise_gpe_sigma': 105.34982471175232, 'noise_gpi_sigma': 104.48962470551271, 'g_stn_gpe_mult': 4.541811584153342, 'g_gpe_stn_mult': 0.15452363124279897, 'g_stn_gpi_mult': 2.223190888363715, 'g_gpe_gpi_mult': 1.0386165083936088}. Best is trial 921 with value: 0.13695978285194785.
[I 2026-05-28 03:03:38,667] Trial 984 finished with value: 0.1372593675088047 and parameters: {'ISTN': 60.375255475712116, 'I_gpe': 1.0433585132628291, 'I_gpi': 2.0639677785236885, 'noise_stn_sigma': 3.949071741815646, 'noise_gpe_sigma': 105.37658735944157, 'noise_gpi_sigma': 104.86058087033786, 'g_stn_gpe_mult': 4.52023585534056, 'g_gpe_stn_mult': 0.15830354743187275, 'g_stn_gpi_mult': 2.266597723867691, 'g_gpe_gpi_mult': 1.0305188035902662}. Best is trial 921 with value: 0.13695978285194785.
[I 2026-05-28 03:03:39,675] Trial 985 finished with value: 0.14315956809005945 and parameters: {'ISTN': 60.14226524731932, 'I_gpe': 1.058003028495866, 'I_gpi': 2.0147998900349426, 'noise_stn_sigma': 4.099436050854557, 'noise_gpe_sigma': 104.4865080021244, 'noise_gpi_sigma': 105.04968112760643, 'g_stn_gpe_mult': 4.506647449233023, 'g_gpe_stn_mult': 0.15803494807671872, 'g_stn_gpi_mult': 2.286319336382112, 'g_gpe_gpi_mult': 1.0580566631390254}. Best is trial 921 with value: 0.13695978285194785.
[I 2026-05-28 03:03:40,687] Trial 986 finished with value: 0.15596153947535657 and parameters: {'ISTN': 60.16194232653192, 'I_gpe': 1.0492902270930333, 'I_gpi': 2.1140734369389325, 'noise_stn_sigma': 4.006526597195867, 'noise_gpe_sigma': 103.21751790190895, 'noise_gpi_sigma': 104.83806310563003, 'g_stn_gpe_mult': 4.567063030014621, 'g_gpe_stn_mult': 0.1594816275583929, 'g_stn_gpi_mult': 2.2453453049215053, 'g_gpe_gpi_mult': 1.051431310489132}. Best is trial 921 with value: 0.13695978285194785.
[I 2026-05-28 03:03:41,698] Trial 987 finished with value: 0.14357313927026294 and parameters: {'ISTN': 60.38305829783455, 'I_gpe': 1.0657169526623236, 'I_gpi': 2.0484715992769695, 'noise_stn_sigma': 4.078435042478528, 'noise_gpe_sigma': 103.3090282678393, 'noise_gpi_sigma': 103.9003597140986, 'g_stn_gpe_mult': 4.5956054745132215, 'g_gpe_stn_mult': 0.1568556188808572, 'g_stn_gpi_mult': 2.322932902800974, 'g_gpe_gpi_mult': 1.0639690362203582}. Best is trial 921 with value: 0.13695978285194785.
[I 2026-05-28 03:03:42,711] Trial 988 finished with value: 0.1393958267415883 and parameters: {'ISTN': 60.08459419302829, 'I_gpe': 1.0089418700603257, 'I_gpi': 2.08653600120853, 'noise_stn_sigma': 3.9584675491164165, 'noise_gpe_sigma': 104.94878233310429, 'noise_gpi_sigma': 105.65640014662857, 'g_stn_gpe_mult': 4.506569960588432, 'g_gpe_stn_mult': 0.15973218852143872, 'g_stn_gpi_mult': 2.264963596554372, 'g_gpe_gpi_mult': 1.0369472919835703}. Best is trial 921 with value: 0.13695978285194785.
[I 2026-05-28 03:03:43,722] Trial 989 finished with value: 0.6377843551638863 and parameters: {'ISTN': 60.32922492023145, 'I_gpe': 1.0851481924582136, 'I_gpi': 2.0348073712099195, 'noise_stn_sigma': 4.145214890693207, 'noise_gpe_sigma': 100.67687532649602, 'noise_gpi_sigma': 103.95159504834845, 'g_stn_gpe_mult': 4.629942264638407, 'g_gpe_stn_mult': 0.1417082899801218, 'g_stn_gpi_mult': 2.301534796903545, 'g_gpe_gpi_mult': 1.0419667431512774}. Best is trial 921 with value: 0.13695978285194785.
[I 2026-05-28 03:03:44,731] Trial 990 finished with value: 0.14140934665984825 and parameters: {'ISTN': 60.354971526553335, 'I_gpe': 1.087021733668617, 'I_gpi': 2.105579097676792, 'noise_stn_sigma': 3.9847794897255056, 'noise_gpe_sigma': 100.75082312409717, 'noise_gpi_sigma': 104.6609786662638, 'g_stn_gpe_mult': 4.539628318284978, 'g_gpe_stn_mult': 0.16032580168475907, 'g_stn_gpi_mult': 2.3155027840845435, 'g_gpe_gpi_mult': 1.0455720487053057}. Best is trial 921 with value: 0.13695978285194785.
[I 2026-05-28 03:03:45,739] Trial 991 finished with value: 0.14310469819051694 and parameters: {'ISTN': 60.13207234890226, 'I_gpe': 1.060370362791716, 'I_gpi': 2.0672649421210463, 'noise_stn_sigma': 4.074642067845216, 'noise_gpe_sigma': 106.13053498982701, 'noise_gpi_sigma': 104.43552984026799, 'g_stn_gpe_mult': 4.473954965400943, 'g_gpe_stn_mult': 0.15973635674457162, 'g_stn_gpi_mult': 2.2227070920835468, 'g_gpe_gpi_mult': 1.0251451730696948}. Best is trial 921 with value: 0.13695978285194785.
[I 2026-05-28 03:03:46,747] Trial 992 finished with value: 0.1728516218264388 and parameters: {'ISTN': 60.41360004028113, 'I_gpe': 1.0424881815458502, 'I_gpi': 2.0175372342873295, 'noise_stn_sigma': 4.04283793016408, 'noise_gpe_sigma': 105.38931950269709, 'noise_gpi_sigma': 103.35971350361392, 'g_stn_gpe_mult': 4.537363476925055, 'g_gpe_stn_mult': 0.15408848893639832, 'g_stn_gpi_mult': 2.2483603839156787, 'g_gpe_gpi_mult': 1.0634608032095758}. Best is trial 921 with value: 0.13695978285194785.
[I 2026-05-28 03:03:47,759] Trial 993 finished with value: 0.14056368859378435 and parameters: {'ISTN': 60.69585275587481, 'I_gpe': 1.0349790859395311, 'I_gpi': 2.1122505967105605, 'noise_stn_sigma': 3.8477364926582807, 'noise_gpe_sigma': 102.41988781475384, 'noise_gpi_sigma': 104.53172646443505, 'g_stn_gpe_mult': 4.485379930802095, 'g_gpe_stn_mult': 0.1599174255120262, 'g_stn_gpi_mult': 2.327031398688605, 'g_gpe_gpi_mult': 1.0384194573672223}. Best is trial 921 with value: 0.13695978285194785.
[I 2026-05-28 03:03:48,767] Trial 994 finished with value: 0.14674913869806103 and parameters: {'ISTN': 60.41613983328239, 'I_gpe': 1.0582722200786452, 'I_gpi': 2.0451686257493003, 'noise_stn_sigma': 4.10042731142342, 'noise_gpe_sigma': 101.84161418968263, 'noise_gpi_sigma': 104.0848052294061, 'g_stn_gpe_mult': 4.478472549660607, 'g_gpe_stn_mult': 0.15929441982008152, 'g_stn_gpi_mult': 2.2747051624290062, 'g_gpe_gpi_mult': 1.0566975206120501}. Best is trial 921 with value: 0.13695978285194785.
[I 2026-05-28 03:03:49,778] Trial 995 finished with value: 0.14839805074881843 and parameters: {'ISTN': 60.30512945370835, 'I_gpe': 1.021458366681112, 'I_gpi': 2.0185842061182333, 'noise_stn_sigma': 4.027659847179046, 'noise_gpe_sigma': 105.19128454651032, 'noise_gpi_sigma': 106.89447584201756, 'g_stn_gpe_mult': 4.558623846300946, 'g_gpe_stn_mult': 0.15855447327711708, 'g_stn_gpi_mult': 2.2915296360516564, 'g_gpe_gpi_mult': 1.0294843804015976}. Best is trial 921 with value: 0.13695978285194785.
[I 2026-05-28 03:03:50,787] Trial 996 finished with value: 0.1751165686510886 and parameters: {'ISTN': 60.32766901674098, 'I_gpe': 1.0507160994349536, 'I_gpi': 2.079805542789657, 'noise_stn_sigma': 3.8948186640567855, 'noise_gpe_sigma': 103.23176672948951, 'noise_gpi_sigma': 105.13296834447267, 'g_stn_gpe_mult': 4.496712014888098, 'g_gpe_stn_mult': 0.15572147590626234, 'g_stn_gpi_mult': 2.3048697386828305, 'g_gpe_gpi_mult': 1.031556292234663}. Best is trial 921 with value: 0.13695978285194785.
[I 2026-05-28 03:03:51,796] Trial 997 finished with value: 0.13918914165636506 and parameters: {'ISTN': 60.00716441157254, 'I_gpe': 1.0801203322966404, 'I_gpi': 2.0659187392291036, 'noise_stn_sigma': 4.000726893580511, 'noise_gpe_sigma': 101.7977252529557, 'noise_gpi_sigma': 105.36107118463863, 'g_stn_gpe_mult': 4.520481662985599, 'g_gpe_stn_mult': 0.16597915849860856, 'g_stn_gpi_mult': 2.2515479883852425, 'g_gpe_gpi_mult': 1.040677096853064}. Best is trial 921 with value: 0.13695978285194785.
[I 2026-05-28 03:03:52,806] Trial 998 finished with value: 0.1455951570106728 and parameters: {'ISTN': 60.344520612404466, 'I_gpe': 1.0515343718240004, 'I_gpi': 2.1243988744379854, 'noise_stn_sigma': 3.9292547831729436, 'noise_gpe_sigma': 105.353127174561, 'noise_gpi_sigma': 106.08780280853952, 'g_stn_gpe_mult': 4.458879819402574, 'g_gpe_stn_mult': 0.15618921911911093, 'g_stn_gpi_mult': 2.24086365169908, 'g_gpe_gpi_mult': 1.0350542204363726}. Best is trial 921 with value: 0.13695978285194785.
[I 2026-05-28 03:03:53,816] Trial 999 finished with value: 0.16770721339438235 and parameters: {'ISTN': 60.4184665154712, 'I_gpe': 1.0583052780028213, 'I_gpi': 2.0883619857700704, 'noise_stn_sigma': 3.904885175080134, 'noise_gpe_sigma': 100.66805749351373, 'noise_gpi_sigma': 105.60502017070581, 'g_stn_gpe_mult': 4.5451246793430045, 'g_gpe_stn_mult': 0.15734863947067323, 'g_stn_gpi_mult': 2.267233504657245, 'g_gpe_gpi_mult': 1.0344362848633588}. Best is trial 921 with value: 0.13695978285194785.
Condition: seeds_seed42
Seed: 42, Trials: 1000
Bounds:
  ISTN: [60.0, 150.0]
  I_gpe: [0.5, 4.0]
  I_gpi: [1.0, 5.0]
  noise_stn_sigma: [1.0, 8.0]
  noise_gpe_sigma: [20.0, 150.0]
  noise_gpi_sigma: [20.0, 150.0]
  g_stn_gpe_mult: [1.5, 5.0]
  g_gpe_stn_mult: [0.1, 0.8]
  g_stn_gpi_mult: [1.0, 4.0]
  g_gpe_gpi_mult: [0.2, 1.2]
Weights: {'rate': 5.0, 'cv': 0.2, 'beta': 15.0}
JAX devices: [CudaDevice(id=0)]

Building simulator...
Warming up JIT...
JIT ready.


============================================================
DONE: seeds_seed42 (seed=42)
  Time: 16.8 min
  Best loss: 0.1370
  STN: 29.5 Hz (target 27.5)
  GPe: 42.6 Hz (target 42.5)
  GPi: 81.4 Hz (target 82.5)
  GPe beta: 40.1%
  STN beta: 61.9%
  Synaptic multipliers:
    g_stn_gpe_mult: 4.629
    g_gpe_stn_mult: 0.156
    g_stn_gpi_mult: 2.213
    g_gpe_gpi_mult: 1.027
  Saved: results/sensitivity/seeds/seed42.pkl
