[I 2026-05-28 03:18:11,348] Trial 836 finished with value: 0.1387548203644626 and parameters: {'ISTN': 60.47545153807732, 'I_gpe': 1.228833362651249, 'I_gpi': 1.8846430597410617, 'noise_stn_sigma': 2.450704521536049, 'noise_gpe_sigma': 105.47377022447387, 'noise_gpi_sigma': 80.64263272846485, 'g_stn_gpe_mult': 2.71440094510257, 'g_gpe_stn_mult': 0.1773284296982658, 'g_stn_gpi_mult': 3.567699515407741, 'g_gpe_gpi_mult': 1.058460457811866}. Best is trial 835 with value: 0.1277396169812215.
[I 2026-05-28 03:18:12,357] Trial 837 finished with value: 0.7063877606114934 and parameters: {'ISTN': 60.15517456667125, 'I_gpe': 1.211495492196966, 'I_gpi': 1.8873009943135577, 'noise_stn_sigma': 2.3678889268893606, 'noise_gpe_sigma': 104.67888950274077, 'noise_gpi_sigma': 83.62854818085785, 'g_stn_gpe_mult': 2.724382831623966, 'g_gpe_stn_mult': 0.17080491508528461, 'g_stn_gpi_mult': 3.5245178143165155, 'g_gpe_gpi_mult': 1.0455341401426088}. Best is trial 835 with value: 0.1277396169812215.
[I 2026-05-28 03:18:13,369] Trial 838 finished with value: 0.17150929991036423 and parameters: {'ISTN': 60.05103708409628, 'I_gpe': 1.2173620094043842, 'I_gpi': 1.8592182153514993, 'noise_stn_sigma': 2.4753602783289015, 'noise_gpe_sigma': 105.96981294548343, 'noise_gpi_sigma': 80.12069100367484, 'g_stn_gpe_mult': 2.6720418244197384, 'g_gpe_stn_mult': 0.1678587078311625, 'g_stn_gpi_mult': 3.528491118442498, 'g_gpe_gpi_mult': 1.0552331268371917}. Best is trial 835 with value: 0.1277396169812215.
[I 2026-05-28 03:18:14,381] Trial 839 finished with value: 0.13230443182928164 and parameters: {'ISTN': 60.22723349697277, 'I_gpe': 1.1560769075622983, 'I_gpi': 1.8655369968608972, 'noise_stn_sigma': 2.3686131686451803, 'noise_gpe_sigma': 106.38606755191016, 'noise_gpi_sigma': 82.05712024681449, 'g_stn_gpe_mult': 2.712581000286007, 'g_gpe_stn_mult': 0.1751522651156296, 'g_stn_gpi_mult': 3.517775726871471, 'g_gpe_gpi_mult': 1.0430134153781703}. Best is trial 835 with value: 0.1277396169812215.
[I 2026-05-28 03:18:15,393] Trial 840 finished with value: 0.12482692379131191 and parameters: {'ISTN': 60.48381775488804, 'I_gpe': 1.194194002870066, 'I_gpi': 1.8739028820899122, 'noise_stn_sigma': 2.381456976164645, 'noise_gpe_sigma': 104.24545286530122, 'noise_gpi_sigma': 85.14560272233767, 'g_stn_gpe_mult': 2.721520423744762, 'g_gpe_stn_mult': 0.1661660434859556, 'g_stn_gpi_mult': 3.5361059608858465, 'g_gpe_gpi_mult': 1.0412169264937956}. Best is trial 840 with value: 0.12482692379131191.
[I 2026-05-28 03:18:16,405] Trial 841 finished with value: 0.1337756798854541 and parameters: {'ISTN': 60.19306551835554, 'I_gpe': 1.2267318186844094, 'I_gpi': 1.8099835062101501, 'noise_stn_sigma': 2.2913547297638495, 'noise_gpe_sigma': 104.46086721141386, 'noise_gpi_sigma': 84.32915367400679, 'g_stn_gpe_mult': 2.6776237585250673, 'g_gpe_stn_mult': 0.17857431169661575, 'g_stn_gpi_mult': 3.569296361545899, 'g_gpe_gpi_mult': 1.0233230256044108}. Best is trial 840 with value: 0.12482692379131191.
[I 2026-05-28 03:18:17,415] Trial 842 finished with value: 0.16006287479810016 and parameters: {'ISTN': 60.05759075299325, 'I_gpe': 1.2115865153796987, 'I_gpi': 1.8772754897376336, 'noise_stn_sigma': 2.4340362236319963, 'noise_gpe_sigma': 105.28523478145279, 'noise_gpi_sigma': 81.65031399288358, 'g_stn_gpe_mult': 2.679964202783863, 'g_gpe_stn_mult': 0.167487492639181, 'g_stn_gpi_mult': 3.543259340692151, 'g_gpe_gpi_mult': 1.0371323012368718}. Best is trial 840 with value: 0.12482692379131191.
[I 2026-05-28 03:18:18,427] Trial 843 finished with value: 0.37665863061934224 and parameters: {'ISTN': 60.141266275793605, 'I_gpe': 1.1640929743531903, 'I_gpi': 1.827924946053356, 'noise_stn_sigma': 2.4804847122721627, 'noise_gpe_sigma': 104.84171272922246, 'noise_gpi_sigma': 83.34397462834238, 'g_stn_gpe_mult': 2.7871243449140404, 'g_gpe_stn_mult': 0.1668743706571698, 'g_stn_gpi_mult': 3.6182770008101777, 'g_gpe_gpi_mult': 1.0293191586761739}. Best is trial 840 with value: 0.12482692379131191.
[I 2026-05-28 03:18:19,378] Trial 844 finished with value: 1000000.0 and parameters: {'ISTN': 60.04738975067811, 'I_gpe': 1.207477604053358, 'I_gpi': 1.891990366425407, 'noise_stn_sigma': 2.341649868520256, 'noise_gpe_sigma': 104.1995741429987, 'noise_gpi_sigma': 82.46751045833437, 'g_stn_gpe_mult': 2.6372258929734897, 'g_gpe_stn_mult': 0.17345973055597608, 'g_stn_gpi_mult': 3.5449480840496004, 'g_gpe_gpi_mult': 1.031132018861515}. Best is trial 840 with value: 0.12482692379131191.
[I 2026-05-28 03:18:20,391] Trial 845 finished with value: 0.152440390041456 and parameters: {'ISTN': 60.48162541584953, 'I_gpe': 1.2210087996813908, 'I_gpi': 1.8665755288174442, 'noise_stn_sigma': 2.3938881234831415, 'noise_gpe_sigma': 104.46727397030492, 'noise_gpi_sigma': 85.0499646746914, 'g_stn_gpe_mult': 2.5994849599346725, 'g_gpe_stn_mult': 0.16621949656942298, 'g_stn_gpi_mult': 3.5583907292082597, 'g_gpe_gpi_mult': 1.0079726161942686}. Best is trial 840 with value: 0.12482692379131191.
[I 2026-05-28 03:18:21,403] Trial 846 finished with value: 0.14008151584557027 and parameters: {'ISTN': 60.4540019380238, 'I_gpe': 1.1522307770145002, 'I_gpi': 1.7996117185858964, 'noise_stn_sigma': 2.4165126965374863, 'noise_gpe_sigma': 104.48462180928458, 'noise_gpi_sigma': 82.96760117175697, 'g_stn_gpe_mult': 2.6133372406673145, 'g_gpe_stn_mult': 0.16068452762274693, 'g_stn_gpi_mult': 3.6100386740455406, 'g_gpe_gpi_mult': 1.014070611869393}. Best is trial 840 with value: 0.12482692379131191.
[I 2026-05-28 03:18:22,415] Trial 847 finished with value: 0.20026962942042603 and parameters: {'ISTN': 60.45573530463095, 'I_gpe': 1.2036761969630556, 'I_gpi': 1.909829594964719, 'noise_stn_sigma': 2.558833013266855, 'noise_gpe_sigma': 103.55279740668661, 'noise_gpi_sigma': 84.56247556832074, 'g_stn_gpe_mult': 2.7697025074811927, 'g_gpe_stn_mult': 0.163089614466763, 'g_stn_gpi_mult': 3.5580086701719402, 'g_gpe_gpi_mult': 1.0351046064492087}. Best is trial 840 with value: 0.12482692379131191.
[I 2026-05-28 03:18:23,427] Trial 848 finished with value: 0.13569222241819512 and parameters: {'ISTN': 60.59631333309242, 'I_gpe': 1.2080732866680775, 'I_gpi': 1.8691297609381248, 'noise_stn_sigma': 2.51448244734952, 'noise_gpe_sigma': 104.14445824440799, 'noise_gpi_sigma': 84.66779111274249, 'g_stn_gpe_mult': 2.7120901337322785, 'g_gpe_stn_mult': 0.16698400446489897, 'g_stn_gpi_mult': 3.519145308105699, 'g_gpe_gpi_mult': 1.0411728817873596}. Best is trial 840 with value: 0.12482692379131191.
[I 2026-05-28 03:18:24,440] Trial 849 finished with value: 0.19383761203363187 and parameters: {'ISTN': 60.2057593178046, 'I_gpe': 1.2190782800939104, 'I_gpi': 1.8530065742757729, 'noise_stn_sigma': 2.331331466013868, 'noise_gpe_sigma': 104.09950752691563, 'noise_gpi_sigma': 85.66264209119853, 'g_stn_gpe_mult': 2.633702162797604, 'g_gpe_stn_mult': 0.1701451272295535, 'g_stn_gpi_mult': 3.500228998858092, 'g_gpe_gpi_mult': 0.998522785893941}. Best is trial 840 with value: 0.12482692379131191.
[I 2026-05-28 03:18:25,455] Trial 850 finished with value: 0.13503522342058463 and parameters: {'ISTN': 60.811037914791385, 'I_gpe': 1.1679323644637882, 'I_gpi': 1.8690329701955215, 'noise_stn_sigma': 2.440174977427712, 'noise_gpe_sigma': 104.16266600409041, 'noise_gpi_sigma': 82.78520581567793, 'g_stn_gpe_mult': 2.6969503364168874, 'g_gpe_stn_mult': 0.1637147841380334, 'g_stn_gpi_mult': 3.559885449187245, 'g_gpe_gpi_mult': 1.0334128447126416}. Best is trial 840 with value: 0.12482692379131191.
[I 2026-05-28 03:18:26,465] Trial 851 finished with value: 0.1318986110317762 and parameters: {'ISTN': 60.61526832413245, 'I_gpe': 1.1697486597734996, 'I_gpi': 1.862183643443357, 'noise_stn_sigma': 2.3037400572855242, 'noise_gpe_sigma': 105.42049328487695, 'noise_gpi_sigma': 82.32485492011594, 'g_stn_gpe_mult': 2.6273767632306684, 'g_gpe_stn_mult': 0.16550221821134248, 'g_stn_gpi_mult': 3.537748563784957, 'g_gpe_gpi_mult': 1.037696787579309}. Best is trial 840 with value: 0.12482692379131191.
[I 2026-05-28 03:18:27,476] Trial 852 finished with value: 0.1314900507575336 and parameters: {'ISTN': 60.3442581060478, 'I_gpe': 1.2366827105737062, 'I_gpi': 1.8408386536522179, 'noise_stn_sigma': 2.4297331270147646, 'noise_gpe_sigma': 104.15107621344143, 'noise_gpi_sigma': 84.99155597552912, 'g_stn_gpe_mult': 2.5863699885264797, 'g_gpe_stn_mult': 0.17417414808331338, 'g_stn_gpi_mult': 3.5983708877850367, 'g_gpe_gpi_mult': 1.0423906482484402}. Best is trial 840 with value: 0.12482692379131191.
[I 2026-05-28 03:18:28,489] Trial 853 finished with value: 0.14368044313677603 and parameters: {'ISTN': 60.78748425209599, 'I_gpe': 1.1990239430815142, 'I_gpi': 1.8268356220382382, 'noise_stn_sigma': 2.3730135497329803, 'noise_gpe_sigma': 104.31841410921469, 'noise_gpi_sigma': 85.86615027007655, 'g_stn_gpe_mult': 2.635148770433796, 'g_gpe_stn_mult': 0.17546734956662446, 'g_stn_gpi_mult': 3.5577548910292793, 'g_gpe_gpi_mult': 1.0165816477621958}. Best is trial 840 with value: 0.12482692379131191.
[I 2026-05-28 03:18:29,505] Trial 854 finished with value: 0.19230198224485998 and parameters: {'ISTN': 60.27357270958742, 'I_gpe': 1.2063004487087992, 'I_gpi': 1.827222209828566, 'noise_stn_sigma': 2.394538997419028, 'noise_gpe_sigma': 104.40529789574592, 'noise_gpi_sigma': 84.97177780530347, 'g_stn_gpe_mult': 2.7146068082175607, 'g_gpe_stn_mult': 0.17574890395672055, 'g_stn_gpi_mult': 3.566685837839081, 'g_gpe_gpi_mult': 1.0338405900045282}. Best is trial 840 with value: 0.12482692379131191.
[I 2026-05-28 03:18:30,521] Trial 855 finished with value: 0.1387578748126835 and parameters: {'ISTN': 61.249410121119226, 'I_gpe': 1.1670596661467152, 'I_gpi': 1.8824213205784364, 'noise_stn_sigma': 2.3607600160082014, 'noise_gpe_sigma': 105.50411803550088, 'noise_gpi_sigma': 83.38200421558396, 'g_stn_gpe_mult': 2.725163375427945, 'g_gpe_stn_mult': 0.16605044810154362, 'g_stn_gpi_mult': 3.527218900501004, 'g_gpe_gpi_mult': 1.031572429443472}. Best is trial 840 with value: 0.12482692379131191.
[I 2026-05-28 03:18:31,532] Trial 856 finished with value: 0.1596463651331087 and parameters: {'ISTN': 60.1145557421465, 'I_gpe': 1.2250399442017628, 'I_gpi': 1.8598456537060066, 'noise_stn_sigma': 2.403062325151379, 'noise_gpe_sigma': 104.95376728389536, 'noise_gpi_sigma': 82.56075209302116, 'g_stn_gpe_mult': 2.6363020890261977, 'g_gpe_stn_mult': 0.16445371485556615, 'g_stn_gpi_mult': 3.5364699148441376, 'g_gpe_gpi_mult': 1.0291663467282104}. Best is trial 840 with value: 0.12482692379131191.
[I 2026-05-28 03:18:32,545] Trial 857 finished with value: 0.13088688666734366 and parameters: {'ISTN': 60.2188669480894, 'I_gpe': 1.2305977567375446, 'I_gpi': 1.8383595163390436, 'noise_stn_sigma': 2.372780423272783, 'noise_gpe_sigma': 104.7704830764094, 'noise_gpi_sigma': 83.15633404470384, 'g_stn_gpe_mult': 2.6831575589341012, 'g_gpe_stn_mult': 0.17402348457526942, 'g_stn_gpi_mult': 3.5728547328967677, 'g_gpe_gpi_mult': 1.0174714170321417}. Best is trial 840 with value: 0.12482692379131191.
[I 2026-05-28 03:18:33,562] Trial 858 finished with value: 0.13720944682803957 and parameters: {'ISTN': 60.66054132581775, 'I_gpe': 1.1575604068696217, 'I_gpi': 1.8408809965515327, 'noise_stn_sigma': 2.347895436299349, 'noise_gpe_sigma': 105.3445869787901, 'noise_gpi_sigma': 83.02233620939114, 'g_stn_gpe_mult': 2.6427488246993267, 'g_gpe_stn_mult': 0.1655700476434935, 'g_stn_gpi_mult': 3.611901756242948, 'g_gpe_gpi_mult': 1.0152421387256885}. Best is trial 840 with value: 0.12482692379131191.
[I 2026-05-28 03:18:34,571] Trial 859 finished with value: 0.13466601732760022 and parameters: {'ISTN': 60.776655325521865, 'I_gpe': 1.1634981967389986, 'I_gpi': 1.871924653600452, 'noise_stn_sigma': 2.464825112197483, 'noise_gpe_sigma': 104.2500871067592, 'noise_gpi_sigma': 81.86970095697885, 'g_stn_gpe_mult': 2.7532550980840176, 'g_gpe_stn_mult': 0.16250419526277882, 'g_stn_gpi_mult': 3.5530593789263945, 'g_gpe_gpi_mult': 1.0484332513505945}. Best is trial 840 with value: 0.12482692379131191.
[I 2026-05-28 03:18:35,584] Trial 860 finished with value: 0.13786708994571523 and parameters: {'ISTN': 61.14521264516506, 'I_gpe': 1.2121471845822325, 'I_gpi': 1.8333060634464147, 'noise_stn_sigma': 2.329838082062981, 'noise_gpe_sigma': 102.86236256143779, 'noise_gpi_sigma': 85.76454154295885, 'g_stn_gpe_mult': 2.7029407198586317, 'g_gpe_stn_mult': 0.16835126833535274, 'g_stn_gpi_mult': 3.5359812131841126, 'g_gpe_gpi_mult': 1.0477236433184025}. Best is trial 840 with value: 0.12482692379131191.
[I 2026-05-28 03:18:36,595] Trial 861 finished with value: 0.13320245335764 and parameters: {'ISTN': 60.041911577889, 'I_gpe': 1.229569970080108, 'I_gpi': 1.8217186783802157, 'noise_stn_sigma': 2.4494623347031252, 'noise_gpe_sigma': 104.40511412185293, 'noise_gpi_sigma': 82.84879341570436, 'g_stn_gpe_mult': 2.6829872789204785, 'g_gpe_stn_mult': 0.17198124489740937, 'g_stn_gpi_mult': 3.5545343676178573, 'g_gpe_gpi_mult': 1.0424261501320362}. Best is trial 840 with value: 0.12482692379131191.
[I 2026-05-28 03:18:37,609] Trial 862 finished with value: 0.13692296525258468 and parameters: {'ISTN': 60.533070865746545, 'I_gpe': 1.2157138289144065, 'I_gpi': 1.8189781130443472, 'noise_stn_sigma': 2.369209917611717, 'noise_gpe_sigma': 103.91792959358635, 'noise_gpi_sigma': 84.9043425135539, 'g_stn_gpe_mult': 2.60265439015609, 'g_gpe_stn_mult': 0.16904569352137988, 'g_stn_gpi_mult': 3.6231829816667784, 'g_gpe_gpi_mult': 1.006797147650887}. Best is trial 840 with value: 0.12482692379131191.
[I 2026-05-28 03:18:38,622] Trial 863 finished with value: 0.1340465665316332 and parameters: {'ISTN': 60.19711856137123, 'I_gpe': 1.1845217476223915, 'I_gpi': 1.8410480720315316, 'noise_stn_sigma': 2.355746606047127, 'noise_gpe_sigma': 105.91315101183925, 'noise_gpi_sigma': 85.00051487525276, 'g_stn_gpe_mult': 2.585360058577993, 'g_gpe_stn_mult': 0.17455676860163433, 'g_stn_gpi_mult': 3.5879048887332994, 'g_gpe_gpi_mult': 0.9990047946445555}. Best is trial 840 with value: 0.12482692379131191.
[I 2026-05-28 03:18:39,633] Trial 864 finished with value: 0.1378915203018073 and parameters: {'ISTN': 60.85341948224533, 'I_gpe': 1.1931565125936385, 'I_gpi': 1.8575381811527867, 'noise_stn_sigma': 2.512723990124875, 'noise_gpe_sigma': 103.61807847893581, 'noise_gpi_sigma': 80.31101480374858, 'g_stn_gpe_mult': 2.761417216356678, 'g_gpe_stn_mult': 0.16333527505902498, 'g_stn_gpi_mult': 3.6045943153261444, 'g_gpe_gpi_mult': 1.065366939222903}. Best is trial 840 with value: 0.12482692379131191.
[I 2026-05-28 03:18:40,646] Trial 865 finished with value: 0.13490309367355394 and parameters: {'ISTN': 60.38554465140354, 'I_gpe': 1.2131923733189456, 'I_gpi': 1.8462982970183592, 'noise_stn_sigma': 2.3706382627199654, 'noise_gpe_sigma': 104.78314006258917, 'noise_gpi_sigma': 84.25150871370566, 'g_stn_gpe_mult': 2.6693989949797405, 'g_gpe_stn_mult': 0.17130249349942905, 'g_stn_gpi_mult': 3.5690373668014796, 'g_gpe_gpi_mult': 1.032623230270786}. Best is trial 840 with value: 0.12482692379131191.
[I 2026-05-28 03:18:41,659] Trial 866 finished with value: 0.1427144215349665 and parameters: {'ISTN': 60.26707211645703, 'I_gpe': 1.2015386739970935, 'I_gpi': 1.8375850730434231, 'noise_stn_sigma': 2.421083729266801, 'noise_gpe_sigma': 105.21992988651772, 'noise_gpi_sigma': 81.38016170061024, 'g_stn_gpe_mult': 2.6307827297261674, 'g_gpe_stn_mult': 0.1679517311012994, 'g_stn_gpi_mult': 3.5599140737761665, 'g_gpe_gpi_mult': 1.0333183710779588}. Best is trial 840 with value: 0.12482692379131191.
[I 2026-05-28 03:18:42,671] Trial 867 finished with value: 0.14161855017834288 and parameters: {'ISTN': 61.104393362014015, 'I_gpe': 1.202553676200321, 'I_gpi': 1.8841110489923087, 'noise_stn_sigma': 2.3145775193505562, 'noise_gpe_sigma': 105.25537330730575, 'noise_gpi_sigma': 83.68676874917801, 'g_stn_gpe_mult': 2.63742166649629, 'g_gpe_stn_mult': 0.16586987667823266, 'g_stn_gpi_mult': 3.565471316670536, 'g_gpe_gpi_mult': 1.0309346032712376}. Best is trial 840 with value: 0.12482692379131191.
[I 2026-05-28 03:18:43,685] Trial 868 finished with value: 0.13230118378895625 and parameters: {'ISTN': 60.04156456431149, 'I_gpe': 1.2125874904448375, 'I_gpi': 1.8540557546501564, 'noise_stn_sigma': 2.4285735638004677, 'noise_gpe_sigma': 104.90872100833519, 'noise_gpi_sigma': 81.88637984545937, 'g_stn_gpe_mult': 2.656173983044852, 'g_gpe_stn_mult': 0.1719030884001111, 'g_stn_gpi_mult': 3.5959399336975704, 'g_gpe_gpi_mult': 1.0238323594043657}. Best is trial 840 with value: 0.12482692379131191.
[I 2026-05-28 03:18:44,698] Trial 869 finished with value: 0.13175447708635468 and parameters: {'ISTN': 60.25141971556911, 'I_gpe': 1.1826408701617819, 'I_gpi': 1.8474189155408833, 'noise_stn_sigma': 2.4871608488020858, 'noise_gpe_sigma': 104.47907159517003, 'noise_gpi_sigma': 82.67650040597314, 'g_stn_gpe_mult': 2.6752943181793625, 'g_gpe_stn_mult': 0.1718199200068283, 'g_stn_gpi_mult': 3.572132260856334, 'g_gpe_gpi_mult': 1.0334872034189377}. Best is trial 840 with value: 0.12482692379131191.
[I 2026-05-28 03:18:45,711] Trial 870 finished with value: 0.13588074076787623 and parameters: {'ISTN': 60.77526967817465, 'I_gpe': 1.19772579607098, 'I_gpi': 1.8473638884320196, 'noise_stn_sigma': 2.368694631642687, 'noise_gpe_sigma': 104.93652437788062, 'noise_gpi_sigma': 85.73462161985957, 'g_stn_gpe_mult': 2.642964309807592, 'g_gpe_stn_mult': 0.1681787097148737, 'g_stn_gpi_mult': 3.535448396358683, 'g_gpe_gpi_mult': 1.0242788111367545}. Best is trial 840 with value: 0.12482692379131191.
[I 2026-05-28 03:18:46,725] Trial 871 finished with value: 0.13219992225689142 and parameters: {'ISTN': 60.22554532559937, 'I_gpe': 1.2125344406811664, 'I_gpi': 1.882256303455239, 'noise_stn_sigma': 2.382703916754586, 'noise_gpe_sigma': 105.26996671203305, 'noise_gpi_sigma': 83.07606052581674, 'g_stn_gpe_mult': 2.636781185635096, 'g_gpe_stn_mult': 0.17470824067796353, 'g_stn_gpi_mult': 3.5724532281262524, 'g_gpe_gpi_mult': 1.0264127020686915}. Best is trial 840 with value: 0.12482692379131191.
[I 2026-05-28 03:18:47,739] Trial 872 finished with value: 0.12994460600520744 and parameters: {'ISTN': 60.1122009514199, 'I_gpe': 1.2080795060602454, 'I_gpi': 1.8598071942523953, 'noise_stn_sigma': 2.4593602967695065, 'noise_gpe_sigma': 105.11810416070881, 'noise_gpi_sigma': 83.43536592872951, 'g_stn_gpe_mult': 2.7049588140048364, 'g_gpe_stn_mult': 0.17651961004542124, 'g_stn_gpi_mult': 3.539196145248355, 'g_gpe_gpi_mult': 1.0350686149318444}. Best is trial 840 with value: 0.12482692379131191.
[I 2026-05-28 03:18:48,752] Trial 873 finished with value: 0.1301305811911674 and parameters: {'ISTN': 60.10964982099443, 'I_gpe': 1.2127704280345726, 'I_gpi': 1.833451923658354, 'noise_stn_sigma': 2.496618838534153, 'noise_gpe_sigma': 103.6131592852933, 'noise_gpi_sigma': 84.93252602090813, 'g_stn_gpe_mult': 2.642133766578389, 'g_gpe_stn_mult': 0.16889916542521574, 'g_stn_gpi_mult': 3.59689520438912, 'g_gpe_gpi_mult': 1.031957629463482}. Best is trial 840 with value: 0.12482692379131191.
[I 2026-05-28 03:18:49,704] Trial 874 finished with value: 1000000.0 and parameters: {'ISTN': 60.07210173437545, 'I_gpe': 1.1677086752145778, 'I_gpi': 1.8067755311138374, 'noise_stn_sigma': 2.4667095069649836, 'noise_gpe_sigma': 104.93829967591147, 'noise_gpi_sigma': 80.88825133522587, 'g_stn_gpe_mult': 2.66933585968651, 'g_gpe_stn_mult': 0.1720010969634022, 'g_stn_gpi_mult': 3.6343019558167353, 'g_gpe_gpi_mult': 1.0448299771783423}. Best is trial 840 with value: 0.12482692379131191.
[I 2026-05-28 03:18:50,715] Trial 875 finished with value: 0.12893368676843783 and parameters: {'ISTN': 60.56326106653348, 'I_gpe': 1.2146337135093896, 'I_gpi': 1.832662390861634, 'noise_stn_sigma': 2.387615934848731, 'noise_gpe_sigma': 104.58658446001016, 'noise_gpi_sigma': 82.90001778311301, 'g_stn_gpe_mult': 2.670046153873777, 'g_gpe_stn_mult': 0.17015926208232154, 'g_stn_gpi_mult': 3.5793985034342173, 'g_gpe_gpi_mult': 1.0220987544446702}. Best is trial 840 with value: 0.12482692379131191.
[I 2026-05-28 03:18:51,727] Trial 876 finished with value: 0.13344424811521693 and parameters: {'ISTN': 60.19788197780398, 'I_gpe': 1.2218984782432485, 'I_gpi': 1.8629602290474792, 'noise_stn_sigma': 2.477181922588653, 'noise_gpe_sigma': 103.19782683103216, 'noise_gpi_sigma': 83.42825615197458, 'g_stn_gpe_mult': 2.7074757996652217, 'g_gpe_stn_mult': 0.17295913534004065, 'g_stn_gpi_mult': 3.5405619624638547, 'g_gpe_gpi_mult': 1.0391480733161893}. Best is trial 840 with value: 0.12482692379131191.
[I 2026-05-28 03:18:52,738] Trial 877 finished with value: 0.12864866389509125 and parameters: {'ISTN': 60.112386629959325, 'I_gpe': 1.2176415552915212, 'I_gpi': 1.811221446484017, 'noise_stn_sigma': 2.4692090697614066, 'noise_gpe_sigma': 105.5954652088616, 'noise_gpi_sigma': 83.77708058961773, 'g_stn_gpe_mult': 2.6205113994388154, 'g_gpe_stn_mult': 0.17746900551304423, 'g_stn_gpi_mult': 3.610590475147168, 'g_gpe_gpi_mult': 1.0288042998643006}. Best is trial 840 with value: 0.12482692379131191.
[I 2026-05-28 03:18:53,749] Trial 878 finished with value: 0.13237985496388424 and parameters: {'ISTN': 60.020189643883676, 'I_gpe': 1.1897427429813663, 'I_gpi': 1.8514022223492295, 'noise_stn_sigma': 2.5132601853991705, 'noise_gpe_sigma': 104.92214956214684, 'noise_gpi_sigma': 83.55793794023403, 'g_stn_gpe_mult': 2.6886003595066525, 'g_gpe_stn_mult': 0.17039779843825636, 'g_stn_gpi_mult': 3.5636962835365207, 'g_gpe_gpi_mult': 1.026218289448973}. Best is trial 840 with value: 0.12482692379131191.
[I 2026-05-28 03:18:54,760] Trial 879 finished with value: 0.13546642369189463 and parameters: {'ISTN': 60.51974480979576, 'I_gpe': 1.1973658708547523, 'I_gpi': 1.8565310973884768, 'noise_stn_sigma': 2.4676978712746784, 'noise_gpe_sigma': 104.51690918800753, 'noise_gpi_sigma': 80.79194900517649, 'g_stn_gpe_mult': 2.683187074717881, 'g_gpe_stn_mult': 0.1708812748129408, 'g_stn_gpi_mult': 3.5697740049820434, 'g_gpe_gpi_mult': 1.0446167698007869}. Best is trial 840 with value: 0.12482692379131191.
