[I 2026-05-28 02:49:19,136] Trial 132 finished with value: 1000000.0 and parameters: {'ISTN': 67.75688239930248, 'I_gpe': 0.5793742801969686, 'I_gpi': 2.215332308390826, 'noise_stn_sigma': 4.244977458772714, 'noise_gpe_sigma': 93.29513141128285, 'noise_gpi_sigma': 82.10279184634814, 'g_stn_gpe_mult': 3.935677705529277, 'g_gpe_stn_mult': 0.14843279141930626, 'g_stn_gpi_mult': 2.8046547030009163, 'g_gpe_gpi_mult': 0.7423034058543811}. Best is trial 123 with value: 0.24606020856869756.
[I 2026-05-28 02:49:20,147] Trial 133 finished with value: 9.288624418789716 and parameters: {'ISTN': 75.19031013279621, 'I_gpe': 0.6264651153853715, 'I_gpi': 1.6615987959511502, 'noise_stn_sigma': 5.344966861816943, 'noise_gpe_sigma': 112.3497427989848, 'noise_gpi_sigma': 113.70192832311182, 'g_stn_gpe_mult': 3.776061937552605, 'g_gpe_stn_mult': 0.18278384221339633, 'g_stn_gpi_mult': 2.8771607901558998, 'g_gpe_gpi_mult': 0.695648874467764}. Best is trial 123 with value: 0.24606020856869756.
[I 2026-05-28 02:49:21,157] Trial 134 finished with value: 2.987941472939222 and parameters: {'ISTN': 66.25201096878617, 'I_gpe': 0.8309059667121657, 'I_gpi': 2.0526262481227207, 'noise_stn_sigma': 4.309868432323139, 'noise_gpe_sigma': 98.47867400905132, 'noise_gpi_sigma': 111.7195633070117, 'g_stn_gpe_mult': 3.419005498282604, 'g_gpe_stn_mult': 0.20537611333018307, 'g_stn_gpi_mult': 2.6301437893972754, 'g_gpe_gpi_mult': 0.7554489427611402}. Best is trial 123 with value: 0.24606020856869756.
[I 2026-05-28 02:49:22,164] Trial 135 finished with value: 6.446384634094557 and parameters: {'ISTN': 69.97812669722099, 'I_gpe': 0.7650879682822159, 'I_gpi': 2.2718668708613556, 'noise_stn_sigma': 4.482290663715943, 'noise_gpe_sigma': 82.66868818550319, 'noise_gpi_sigma': 88.06172924558645, 'g_stn_gpe_mult': 3.88272495636715, 'g_gpe_stn_mult': 0.11368772930506381, 'g_stn_gpi_mult': 2.92372861581559, 'g_gpe_gpi_mult': 0.5943816107612565}. Best is trial 123 with value: 0.24606020856869756.
[I 2026-05-28 02:49:23,173] Trial 136 finished with value: 10.337146625660923 and parameters: {'ISTN': 73.3397757063403, 'I_gpe': 0.5637292094909507, 'I_gpi': 2.331691347793271, 'noise_stn_sigma': 4.3766668577795595, 'noise_gpe_sigma': 88.4537566207834, 'noise_gpi_sigma': 102.28003693622088, 'g_stn_gpe_mult': 3.5103056402699484, 'g_gpe_stn_mult': 0.17391432738079604, 'g_stn_gpi_mult': 2.8632262691555486, 'g_gpe_gpi_mult': 0.7768694165018157}. Best is trial 123 with value: 0.24606020856869756.
[I 2026-05-28 02:49:24,179] Trial 137 finished with value: 0.6421962697520542 and parameters: {'ISTN': 62.037518091345845, 'I_gpe': 0.9190423426227949, 'I_gpi': 2.2406680425250127, 'noise_stn_sigma': 4.165734790578991, 'noise_gpe_sigma': 100.09575719942858, 'noise_gpi_sigma': 85.63284554609425, 'g_stn_gpe_mult': 3.534843778198767, 'g_gpe_stn_mult': 0.21733926683548457, 'g_stn_gpi_mult': 2.975671031843481, 'g_gpe_gpi_mult': 0.7037667547278912}. Best is trial 123 with value: 0.24606020856869756.
[I 2026-05-28 02:49:25,191] Trial 138 finished with value: 0.42058141004975996 and parameters: {'ISTN': 66.5079034678072, 'I_gpe': 1.045008419839016, 'I_gpi': 1.214107349082097, 'noise_stn_sigma': 4.725415480359496, 'noise_gpe_sigma': 96.77728242899222, 'noise_gpi_sigma': 97.32765572423699, 'g_stn_gpe_mult': 3.8424373782135968, 'g_gpe_stn_mult': 0.12003970368151268, 'g_stn_gpi_mult': 2.9318774000584535, 'g_gpe_gpi_mult': 0.7166597745776317}. Best is trial 123 with value: 0.24606020856869756.
[I 2026-05-28 02:49:26,199] Trial 139 finished with value: 0.31625801236013756 and parameters: {'ISTN': 68.22235354319857, 'I_gpe': 1.2826987124651852, 'I_gpi': 2.070023004266841, 'noise_stn_sigma': 3.8382759994635687, 'noise_gpe_sigma': 79.79650433010703, 'noise_gpi_sigma': 98.90149740672362, 'g_stn_gpe_mult': 3.6308849393387335, 'g_gpe_stn_mult': 0.12190431970256858, 'g_stn_gpi_mult': 3.2043465472684454, 'g_gpe_gpi_mult': 0.7704915086217872}. Best is trial 123 with value: 0.24606020856869756.
[I 2026-05-28 02:49:27,208] Trial 140 finished with value: 3.565527218914189 and parameters: {'ISTN': 67.03726913359691, 'I_gpe': 1.2554203622779756, 'I_gpi': 1.3049891841242307, 'noise_stn_sigma': 4.906491987813776, 'noise_gpe_sigma': 87.26853237378715, 'noise_gpi_sigma': 68.58203393534353, 'g_stn_gpe_mult': 3.4366018273511822, 'g_gpe_stn_mult': 0.14880271712690285, 'g_stn_gpi_mult': 2.7772604123897557, 'g_gpe_gpi_mult': 0.6485672348571234}. Best is trial 123 with value: 0.24606020856869756.
[I 2026-05-28 02:49:28,217] Trial 141 finished with value: 0.24449534806600154 and parameters: {'ISTN': 62.62185519281436, 'I_gpe': 1.5200644922343414, 'I_gpi': 2.0106731529838062, 'noise_stn_sigma': 4.387453152408651, 'noise_gpe_sigma': 98.17681181717151, 'noise_gpi_sigma': 88.73125625954319, 'g_stn_gpe_mult': 4.225327625831078, 'g_gpe_stn_mult': 0.11384674983285027, 'g_stn_gpi_mult': 2.991931039363073, 'g_gpe_gpi_mult': 0.6882981770584509}. Best is trial 141 with value: 0.24449534806600154.
[I 2026-05-28 02:49:29,226] Trial 142 finished with value: 0.17783613678300328 and parameters: {'ISTN': 60.08645645090033, 'I_gpe': 1.4525848964704937, 'I_gpi': 2.1378047817442125, 'noise_stn_sigma': 4.022293394834317, 'noise_gpe_sigma': 84.79976844313884, 'noise_gpi_sigma': 90.77257305019339, 'g_stn_gpe_mult': 4.000739035144113, 'g_gpe_stn_mult': 0.14481810567666148, 'g_stn_gpi_mult': 2.7436927488959326, 'g_gpe_gpi_mult': 0.7564905265894091}. Best is trial 142 with value: 0.17783613678300328.
[I 2026-05-28 02:49:30,236] Trial 143 finished with value: 6.81743083877163 and parameters: {'ISTN': 71.39186662798454, 'I_gpe': 1.017222961399196, 'I_gpi': 1.5810303047972085, 'noise_stn_sigma': 4.879337509995917, 'noise_gpe_sigma': 84.00660584960755, 'noise_gpi_sigma': 111.70294642641892, 'g_stn_gpe_mult': 3.761823141927896, 'g_gpe_stn_mult': 0.11836114232426573, 'g_stn_gpi_mult': 2.681334135812176, 'g_gpe_gpi_mult': 0.7099437306918701}. Best is trial 142 with value: 0.17783613678300328.
[I 2026-05-28 02:49:31,244] Trial 144 finished with value: 14.18241187172073 and parameters: {'ISTN': 75.3449114398322, 'I_gpe': 1.7615337180642592, 'I_gpi': 1.448451120837506, 'noise_stn_sigma': 4.435510137279981, 'noise_gpe_sigma': 73.16108070446512, 'noise_gpi_sigma': 87.54643147657045, 'g_stn_gpe_mult': 3.8206463655612444, 'g_gpe_stn_mult': 0.1422151778161787, 'g_stn_gpi_mult': 2.8201427410007023, 'g_gpe_gpi_mult': 0.7551635612661998}. Best is trial 142 with value: 0.17783613678300328.
[I 2026-05-28 02:49:32,253] Trial 145 finished with value: 0.37993610339208883 and parameters: {'ISTN': 60.787280887385506, 'I_gpe': 1.0567132265038226, 'I_gpi': 1.197583037123127, 'noise_stn_sigma': 5.172827138673018, 'noise_gpe_sigma': 89.7477195572226, 'noise_gpi_sigma': 91.20670507825932, 'g_stn_gpe_mult': 3.672497277506193, 'g_gpe_stn_mult': 0.20398832664305308, 'g_stn_gpi_mult': 2.953656613850976, 'g_gpe_gpi_mult': 0.6506403193960126}. Best is trial 142 with value: 0.17783613678300328.
[I 2026-05-28 02:49:33,262] Trial 146 finished with value: 13.64180612963492 and parameters: {'ISTN': 74.27461150935142, 'I_gpe': 0.8033960373362823, 'I_gpi': 2.345677149042693, 'noise_stn_sigma': 4.1532424725984205, 'noise_gpe_sigma': 75.26199708893569, 'noise_gpi_sigma': 98.53506093200144, 'g_stn_gpe_mult': 3.71802678850978, 'g_gpe_stn_mult': 0.18256497804997207, 'g_stn_gpi_mult': 3.356161852677825, 'g_gpe_gpi_mult': 0.6315206281918259}. Best is trial 142 with value: 0.17783613678300328.
[I 2026-05-28 02:49:34,271] Trial 147 finished with value: 5.498161110342525 and parameters: {'ISTN': 71.555011266149, 'I_gpe': 1.065764560826989, 'I_gpi': 2.1843881084049435, 'noise_stn_sigma': 3.8576873678595813, 'noise_gpe_sigma': 93.86615180019223, 'noise_gpi_sigma': 85.28772292812215, 'g_stn_gpe_mult': 3.789229481042807, 'g_gpe_stn_mult': 0.12009885182129311, 'g_stn_gpi_mult': 2.9780791769513666, 'g_gpe_gpi_mult': 0.8508576872128848}. Best is trial 142 with value: 0.17783613678300328.
[I 2026-05-28 02:49:35,279] Trial 148 finished with value: 12.337681880609175 and parameters: {'ISTN': 79.02106059897484, 'I_gpe': 1.220138229334295, 'I_gpi': 1.6647536022041192, 'noise_stn_sigma': 3.13709682888418, 'noise_gpe_sigma': 76.38747064857225, 'noise_gpi_sigma': 104.09200897111326, 'g_stn_gpe_mult': 3.537059486677311, 'g_gpe_stn_mult': 0.1772876260167229, 'g_stn_gpi_mult': 3.145503456262914, 'g_gpe_gpi_mult': 0.7429345001273089}. Best is trial 142 with value: 0.17783613678300328.
[I 2026-05-28 02:49:36,287] Trial 149 finished with value: 4.418633268683128 and parameters: {'ISTN': 76.83246048422343, 'I_gpe': 1.1708280769415813, 'I_gpi': 1.7653706819834123, 'noise_stn_sigma': 4.218702717024916, 'noise_gpe_sigma': 95.66209171638847, 'noise_gpi_sigma': 73.92209452865973, 'g_stn_gpe_mult': 3.381228868300882, 'g_gpe_stn_mult': 0.10724681395596404, 'g_stn_gpi_mult': 3.4348349533601485, 'g_gpe_gpi_mult': 0.5146089986283282}. Best is trial 142 with value: 0.17783613678300328.
[I 2026-05-28 02:49:37,297] Trial 150 finished with value: 13.324945170093299 and parameters: {'ISTN': 75.43492053258169, 'I_gpe': 1.2770062203107364, 'I_gpi': 1.9081738878794234, 'noise_stn_sigma': 5.120748274903833, 'noise_gpe_sigma': 93.6508501275326, 'noise_gpi_sigma': 117.15169167227505, 'g_stn_gpe_mult': 3.838801879382526, 'g_gpe_stn_mult': 0.20888257657676834, 'g_stn_gpi_mult': 2.9984619154786363, 'g_gpe_gpi_mult': 0.6334289518293792}. Best is trial 142 with value: 0.17783613678300328.
[I 2026-05-28 02:49:38,307] Trial 151 finished with value: 0.23822020745327951 and parameters: {'ISTN': 61.586210631623544, 'I_gpe': 1.3638148968120305, 'I_gpi': 1.6521833755819155, 'noise_stn_sigma': 4.850309601804888, 'noise_gpe_sigma': 92.1549060109464, 'noise_gpi_sigma': 78.38201006083395, 'g_stn_gpe_mult': 3.927916310366275, 'g_gpe_stn_mult': 0.15720285805546494, 'g_stn_gpi_mult': 3.5492660157615648, 'g_gpe_gpi_mult': 0.6419665363525535}. Best is trial 142 with value: 0.17783613678300328.
[I 2026-05-28 02:49:39,316] Trial 152 finished with value: 0.2574641556248948 and parameters: {'ISTN': 62.462431413539754, 'I_gpe': 1.0444467061812055, 'I_gpi': 1.4553365491783632, 'noise_stn_sigma': 4.152939911240598, 'noise_gpe_sigma': 113.52824771405392, 'noise_gpi_sigma': 95.34602054003588, 'g_stn_gpe_mult': 4.468260049017365, 'g_gpe_stn_mult': 0.16195993536322048, 'g_stn_gpi_mult': 3.0716235945309105, 'g_gpe_gpi_mult': 0.6497656333836768}. Best is trial 142 with value: 0.17783613678300328.
[I 2026-05-28 02:49:40,329] Trial 153 finished with value: 10.46777206506308 and parameters: {'ISTN': 70.80029224876108, 'I_gpe': 1.3224861161573007, 'I_gpi': 2.19755965514521, 'noise_stn_sigma': 4.485057255965448, 'noise_gpe_sigma': 86.17630208523809, 'noise_gpi_sigma': 88.2565628104702, 'g_stn_gpe_mult': 4.224039482067987, 'g_gpe_stn_mult': 0.21346344506373155, 'g_stn_gpi_mult': 2.743125683538294, 'g_gpe_gpi_mult': 0.7832612003760953}. Best is trial 142 with value: 0.17783613678300328.
[I 2026-05-28 02:49:41,337] Trial 154 finished with value: 0.32813386087694435 and parameters: {'ISTN': 64.37133606560158, 'I_gpe': 1.217294066969112, 'I_gpi': 1.5769039420050737, 'noise_stn_sigma': 2.9271745997938114, 'noise_gpe_sigma': 77.40610632679284, 'noise_gpi_sigma': 109.71804947428856, 'g_stn_gpe_mult': 3.705656747993694, 'g_gpe_stn_mult': 0.18809121475496202, 'g_stn_gpi_mult': 2.6255595567323007, 'g_gpe_gpi_mult': 0.6706635213436583}. Best is trial 142 with value: 0.17783613678300328.
[I 2026-05-28 02:49:42,348] Trial 155 finished with value: 0.20641021604621831 and parameters: {'ISTN': 61.293701944835774, 'I_gpe': 1.4587649609556295, 'I_gpi': 1.9624191939897593, 'noise_stn_sigma': 3.61699043769655, 'noise_gpe_sigma': 103.17315224973592, 'noise_gpi_sigma': 98.98030391581159, 'g_stn_gpe_mult': 3.825258893143751, 'g_gpe_stn_mult': 0.1789761150483893, 'g_stn_gpi_mult': 2.748407530227958, 'g_gpe_gpi_mult': 0.6763339709468967}. Best is trial 142 with value: 0.17783613678300328.
[I 2026-05-28 02:49:43,360] Trial 156 finished with value: 0.26354743350550247 and parameters: {'ISTN': 63.15275915065892, 'I_gpe': 1.4383582103088364, 'I_gpi': 1.614040354381254, 'noise_stn_sigma': 3.565549943309711, 'noise_gpe_sigma': 99.05023027456993, 'noise_gpi_sigma': 95.32570119389575, 'g_stn_gpe_mult': 4.177487903350739, 'g_gpe_stn_mult': 0.11600196311991232, 'g_stn_gpi_mult': 2.7870972458409424, 'g_gpe_gpi_mult': 0.6079293651014466}. Best is trial 142 with value: 0.17783613678300328.
[I 2026-05-28 02:49:44,367] Trial 157 finished with value: 8.597883337468545 and parameters: {'ISTN': 72.09916307788649, 'I_gpe': 1.519532962663953, 'I_gpi': 2.239652509118162, 'noise_stn_sigma': 4.129168614327989, 'noise_gpe_sigma': 92.82118985507374, 'noise_gpi_sigma': 78.89124354611195, 'g_stn_gpe_mult': 3.9059957508081964, 'g_gpe_stn_mult': 0.17336000861072542, 'g_stn_gpi_mult': 3.2371062269384923, 'g_gpe_gpi_mult': 0.6823810152010765}. Best is trial 142 with value: 0.17783613678300328.
[I 2026-05-28 02:49:45,376] Trial 158 finished with value: 14.27624661248133 and parameters: {'ISTN': 73.78442756997103, 'I_gpe': 1.8960170184036302, 'I_gpi': 2.7746951933160515, 'noise_stn_sigma': 4.7755150310526995, 'noise_gpe_sigma': 81.61534019331418, 'noise_gpi_sigma': 79.93915748981532, 'g_stn_gpe_mult': 3.7863628415093586, 'g_gpe_stn_mult': 0.18453119673934146, 'g_stn_gpi_mult': 2.8268972475533505, 'g_gpe_gpi_mult': 0.64510457119421}. Best is trial 142 with value: 0.17783613678300328.
[I 2026-05-28 02:49:46,384] Trial 159 finished with value: 10.537069868574685 and parameters: {'ISTN': 72.88655318647737, 'I_gpe': 1.1323928915842016, 'I_gpi': 2.3296752075576856, 'noise_stn_sigma': 4.467438042335431, 'noise_gpe_sigma': 103.41067028808853, 'noise_gpi_sigma': 73.34957995168932, 'g_stn_gpe_mult': 3.801569636588387, 'g_gpe_stn_mult': 0.14181435721053426, 'g_stn_gpi_mult': 3.1713059202924887, 'g_gpe_gpi_mult': 0.7882588246383233}. Best is trial 142 with value: 0.17783613678300328.
[I 2026-05-28 02:49:47,390] Trial 160 finished with value: 12.228516800783572 and parameters: {'ISTN': 75.91629889131868, 'I_gpe': 1.796692697667546, 'I_gpi': 2.4909071596725467, 'noise_stn_sigma': 4.420074400409541, 'noise_gpe_sigma': 105.18672367814061, 'noise_gpi_sigma': 88.85713959157643, 'g_stn_gpe_mult': 4.259652797659877, 'g_gpe_stn_mult': 0.11675234096491906, 'g_stn_gpi_mult': 3.3543575450749117, 'g_gpe_gpi_mult': 0.7173426180239275}. Best is trial 142 with value: 0.17783613678300328.
[I 2026-05-28 02:49:48,399] Trial 161 finished with value: 0.25413374406483363 and parameters: {'ISTN': 61.8379009490471, 'I_gpe': 1.4123987586916975, 'I_gpi': 1.9405088715004306, 'noise_stn_sigma': 3.080565388264241, 'noise_gpe_sigma': 113.7556209874088, 'noise_gpi_sigma': 99.13474232333236, 'g_stn_gpe_mult': 4.0901682285426, 'g_gpe_stn_mult': 0.21310236445130845, 'g_stn_gpi_mult': 2.6330160096066306, 'g_gpe_gpi_mult': 0.6922470795574689}. Best is trial 142 with value: 0.17783613678300328.
[I 2026-05-28 02:49:49,408] Trial 162 finished with value: 11.843552184935428 and parameters: {'ISTN': 71.12616736518437, 'I_gpe': 1.3479691104520342, 'I_gpi': 1.5469383450817284, 'noise_stn_sigma': 5.044426459839248, 'noise_gpe_sigma': 115.48754699743112, 'noise_gpi_sigma': 95.87480998028131, 'g_stn_gpe_mult': 4.238937552058744, 'g_gpe_stn_mult': 0.12502953099398734, 'g_stn_gpi_mult': 2.5561235983443416, 'g_gpe_gpi_mult': 0.6382793737903537}. Best is trial 142 with value: 0.17783613678300328.
[I 2026-05-28 02:49:50,418] Trial 163 finished with value: 7.848094694192021 and parameters: {'ISTN': 69.70952122082713, 'I_gpe': 1.4980685296363276, 'I_gpi': 1.2863238524309435, 'noise_stn_sigma': 3.4319271080093547, 'noise_gpe_sigma': 112.02226948066772, 'noise_gpi_sigma': 94.59558904930311, 'g_stn_gpe_mult': 4.09429313185251, 'g_gpe_stn_mult': 0.16807831573402843, 'g_stn_gpi_mult': 2.944851093236487, 'g_gpe_gpi_mult': 0.5826859693028132}. Best is trial 142 with value: 0.17783613678300328.
[I 2026-05-28 02:49:51,425] Trial 164 finished with value: 0.23598730415456706 and parameters: {'ISTN': 65.54212523675484, 'I_gpe': 1.3950172134072423, 'I_gpi': 1.77968333329894, 'noise_stn_sigma': 4.207155568361379, 'noise_gpe_sigma': 98.4547173636728, 'noise_gpi_sigma': 87.18488301819265, 'g_stn_gpe_mult': 4.374784009425775, 'g_gpe_stn_mult': 0.1247587629775494, 'g_stn_gpi_mult': 2.8185134038054724, 'g_gpe_gpi_mult': 0.7399810725528719}. Best is trial 142 with value: 0.17783613678300328.
[I 2026-05-28 02:49:52,433] Trial 165 finished with value: 0.18999314792932795 and parameters: {'ISTN': 65.44105948499971, 'I_gpe': 0.9740106692728471, 'I_gpi': 2.089579209056465, 'noise_stn_sigma': 3.303685224169062, 'noise_gpe_sigma': 106.9233227269101, 'noise_gpi_sigma': 94.08861370154347, 'g_stn_gpe_mult': 4.195295110029406, 'g_gpe_stn_mult': 0.12252432319979747, 'g_stn_gpi_mult': 2.7606458315867664, 'g_gpe_gpi_mult': 0.6087564925655362}. Best is trial 142 with value: 0.17783613678300328.
[I 2026-05-28 02:49:53,446] Trial 166 finished with value: 3.394283668972271 and parameters: {'ISTN': 71.82897934453266, 'I_gpe': 1.454610829887911, 'I_gpi': 1.9461057251006006, 'noise_stn_sigma': 3.8940322313289517, 'noise_gpe_sigma': 94.16368957430532, 'noise_gpi_sigma': 99.23305366112798, 'g_stn_gpe_mult': 3.735328459558798, 'g_gpe_stn_mult': 0.16718012516118322, 'g_stn_gpi_mult': 2.9061243753721095, 'g_gpe_gpi_mult': 0.6728261998272131}. Best is trial 142 with value: 0.17783613678300328.
[I 2026-05-28 02:49:54,456] Trial 167 finished with value: 2.103465257957429 and parameters: {'ISTN': 65.03296969746704, 'I_gpe': 1.3191632009195797, 'I_gpi': 2.1331944193418733, 'noise_stn_sigma': 4.788513656810741, 'noise_gpe_sigma': 107.51822218117003, 'noise_gpi_sigma': 98.5072317364799, 'g_stn_gpe_mult': 4.156131417871414, 'g_gpe_stn_mult': 0.13516264914089804, 'g_stn_gpi_mult': 2.8095027674985813, 'g_gpe_gpi_mult': 0.5914200980936651}. Best is trial 142 with value: 0.17783613678300328.
[I 2026-05-28 02:49:55,465] Trial 168 finished with value: 1.916599923118638 and parameters: {'ISTN': 67.305164373733, 'I_gpe': 1.4115614097321971, 'I_gpi': 1.9993770107752842, 'noise_stn_sigma': 4.675751924851711, 'noise_gpe_sigma': 106.61318282213057, 'noise_gpi_sigma': 90.54783132622093, 'g_stn_gpe_mult': 4.442710231880268, 'g_gpe_stn_mult': 0.1424389438163311, 'g_stn_gpi_mult': 2.923282593453046, 'g_gpe_gpi_mult': 0.6027347208240824}. Best is trial 142 with value: 0.17783613678300328.
[I 2026-05-28 02:49:56,473] Trial 169 finished with value: 11.916603418711135 and parameters: {'ISTN': 69.66822123631951, 'I_gpe': 1.5334928257192932, 'I_gpi': 1.4805915168982235, 'noise_stn_sigma': 5.078543938102403, 'noise_gpe_sigma': 112.0992149503182, 'noise_gpi_sigma': 97.82136855190022, 'g_stn_gpe_mult': 3.847403406762579, 'g_gpe_stn_mult': 0.23187696022440982, 'g_stn_gpi_mult': 3.2665520870404516, 'g_gpe_gpi_mult': 0.7768110946200024}. Best is trial 142 with value: 0.17783613678300328.
[I 2026-05-28 02:49:57,482] Trial 170 finished with value: 4.9947624640023545 and parameters: {'ISTN': 66.23857703743263, 'I_gpe': 1.18787955176035, 'I_gpi': 2.213773501202794, 'noise_stn_sigma': 4.666663645642997, 'noise_gpe_sigma': 114.87286979689334, 'noise_gpi_sigma': 109.23667673943903, 'g_stn_gpe_mult': 4.467494160168803, 'g_gpe_stn_mult': 0.23993740830952787, 'g_stn_gpi_mult': 3.2129566178247067, 'g_gpe_gpi_mult': 0.5500749305378556}. Best is trial 142 with value: 0.17783613678300328.
[I 2026-05-28 02:49:58,491] Trial 171 finished with value: 12.247763943892588 and parameters: {'ISTN': 75.13942431669419, 'I_gpe': 0.9943111515357046, 'I_gpi': 2.160915606346445, 'noise_stn_sigma': 3.391501893699885, 'noise_gpe_sigma': 116.40672387606487, 'noise_gpi_sigma': 99.73028751524733, 'g_stn_gpe_mult': 4.155916085906689, 'g_gpe_stn_mult': 0.1705373897852084, 'g_stn_gpi_mult': 2.928565265202628, 'g_gpe_gpi_mult': 0.6312565076731522}. Best is trial 142 with value: 0.17783613678300328.
[I 2026-05-28 02:49:59,502] Trial 172 finished with value: 0.332340201532746 and parameters: {'ISTN': 63.956963847152096, 'I_gpe': 1.4123770569893015, 'I_gpi': 2.09001046585485, 'noise_stn_sigma': 3.517960323928071, 'noise_gpe_sigma': 91.58781565815026, 'noise_gpi_sigma': 94.69776994508747, 'g_stn_gpe_mult': 4.356655239612477, 'g_gpe_stn_mult': 0.1922079079497999, 'g_stn_gpi_mult': 2.832820750837454, 'g_gpe_gpi_mult': 0.4727150991356644}. Best is trial 142 with value: 0.17783613678300328.
[I 2026-05-28 02:50:00,510] Trial 173 finished with value: 3.243707849432283 and parameters: {'ISTN': 63.53240296980775, 'I_gpe': 0.9928708107676609, 'I_gpi': 1.733990272842192, 'noise_stn_sigma': 3.926478684223017, 'noise_gpe_sigma': 98.6515498475493, 'noise_gpi_sigma': 108.9511333867295, 'g_stn_gpe_mult': 3.8521617893574565, 'g_gpe_stn_mult': 0.1372505704018692, 'g_stn_gpi_mult': 2.6874579146804325, 'g_gpe_gpi_mult': 0.6152321485968721}. Best is trial 142 with value: 0.17783613678300328.
[I 2026-05-28 02:50:01,521] Trial 174 finished with value: 0.20288507832170186 and parameters: {'ISTN': 62.996127664215614, 'I_gpe': 1.0955565905850584, 'I_gpi': 2.2391554815131363, 'noise_stn_sigma': 2.976015035513373, 'noise_gpe_sigma': 88.87742106869284, 'noise_gpi_sigma': 113.35991240729447, 'g_stn_gpe_mult': 4.335682147201724, 'g_gpe_stn_mult': 0.1834424417201752, 'g_stn_gpi_mult': 2.672260798624505, 'g_gpe_gpi_mult': 0.6468023206518762}. Best is trial 142 with value: 0.17783613678300328.
[I 2026-05-28 02:50:02,469] Trial 175 finished with value: 1000000.0 and parameters: {'ISTN': 67.10330055136627, 'I_gpe': 0.8458537166096606, 'I_gpi': 2.0446542730487622, 'noise_stn_sigma': 4.659102928741139, 'noise_gpe_sigma': 118.20704777349395, 'noise_gpi_sigma': 79.48717046338933, 'g_stn_gpe_mult': 4.5050795400815025, 'g_gpe_stn_mult': 0.18523423269413242, 'g_stn_gpi_mult': 2.606647592951438, 'g_gpe_gpi_mult': 0.5829665519196001}. Best is trial 142 with value: 0.17783613678300328.
