[I 2026-05-28 04:07:37,520] Trial 748 finished with value: 0.13718636166117912 and parameters: {'ISTN': 60.642674140784926, 'I_gpe': 1.1415014023155519, 'I_gpi': 2.0557912540659844, 'noise_stn_sigma': 2.6500742218853617, 'noise_gpe_sigma': 104.65463559872015, 'noise_gpi_sigma': 84.4813452353323, 'g_stn_gpe_mult': 3.3233966687543326, 'g_gpe_stn_mult': 0.16442731599535731, 'g_stn_gpi_mult': 2.5565859386802954, 'g_gpe_gpi_mult': 0.34401136046513536}. Best is trial 704 with value: 0.1271057673099251.
[I 2026-05-28 04:07:38,525] Trial 749 finished with value: 0.1275075053561001 and parameters: {'ISTN': 60.12935009885796, 'I_gpe': 1.1466535455968945, 'I_gpi': 2.0271722863206847, 'noise_stn_sigma': 2.5183648251722763, 'noise_gpe_sigma': 104.30227194755795, 'noise_gpi_sigma': 82.92057265099832, 'g_stn_gpe_mult': 3.378423181908219, 'g_gpe_stn_mult': 0.17996239457397395, 'g_stn_gpi_mult': 2.558934860329299, 'g_gpe_gpi_mult': 0.32676107753328487}. Best is trial 704 with value: 0.1271057673099251.
[I 2026-05-28 04:07:39,530] Trial 750 finished with value: 0.2229840871002823 and parameters: {'ISTN': 60.16022789072844, 'I_gpe': 1.1668628951244504, 'I_gpi': 1.9949645661604798, 'noise_stn_sigma': 2.649784124178365, 'noise_gpe_sigma': 104.52742856411362, 'noise_gpi_sigma': 82.94437265168428, 'g_stn_gpe_mult': 3.300481685557788, 'g_gpe_stn_mult': 0.1705029330180716, 'g_stn_gpi_mult': 2.578168813331744, 'g_gpe_gpi_mult': 0.33920224747991895}. Best is trial 704 with value: 0.1271057673099251.
[I 2026-05-28 04:07:40,537] Trial 751 finished with value: 0.13127832541064224 and parameters: {'ISTN': 60.38149458612518, 'I_gpe': 1.177419356896456, 'I_gpi': 2.0349657128254455, 'noise_stn_sigma': 2.570590116212889, 'noise_gpe_sigma': 105.33274021249407, 'noise_gpi_sigma': 82.61543635361328, 'g_stn_gpe_mult': 3.3640441470232774, 'g_gpe_stn_mult': 0.17418958823763933, 'g_stn_gpi_mult': 2.561677639458708, 'g_gpe_gpi_mult': 0.3210937943511284}. Best is trial 704 with value: 0.1271057673099251.
[I 2026-05-28 04:07:41,541] Trial 752 finished with value: 0.13409927994349188 and parameters: {'ISTN': 60.40378692946596, 'I_gpe': 1.1549585943135374, 'I_gpi': 1.9988204489860573, 'noise_stn_sigma': 2.542105005225106, 'noise_gpe_sigma': 104.49470501511229, 'noise_gpi_sigma': 83.07848257424907, 'g_stn_gpe_mult': 3.303134807334282, 'g_gpe_stn_mult': 0.1734640372659355, 'g_stn_gpi_mult': 2.6390505149323316, 'g_gpe_gpi_mult': 0.3084110872995423}. Best is trial 704 with value: 0.1271057673099251.
[I 2026-05-28 04:07:42,549] Trial 753 finished with value: 0.13098027398986897 and parameters: {'ISTN': 60.08587188035262, 'I_gpe': 1.1844898424888541, 'I_gpi': 2.0413849219432247, 'noise_stn_sigma': 2.5097261986078214, 'noise_gpe_sigma': 105.15560012514824, 'noise_gpi_sigma': 81.31204834615235, 'g_stn_gpe_mult': 3.3369039373404594, 'g_gpe_stn_mult': 0.17777721167751237, 'g_stn_gpi_mult': 2.5619973983099316, 'g_gpe_gpi_mult': 0.31528304763616655}. Best is trial 704 with value: 0.1271057673099251.
[I 2026-05-28 04:07:43,554] Trial 754 finished with value: 0.12560915155228763 and parameters: {'ISTN': 60.165640446031965, 'I_gpe': 1.167973556238402, 'I_gpi': 2.0480453759220505, 'noise_stn_sigma': 2.555062697806185, 'noise_gpe_sigma': 105.21834656344092, 'noise_gpi_sigma': 82.24201631404009, 'g_stn_gpe_mult': 3.339645089174308, 'g_gpe_stn_mult': 0.17632203637652982, 'g_stn_gpi_mult': 2.570269700902328, 'g_gpe_gpi_mult': 0.32938984268948424}. Best is trial 754 with value: 0.12560915155228763.
[I 2026-05-28 04:07:44,560] Trial 755 finished with value: 0.13019564933998723 and parameters: {'ISTN': 60.13459266639968, 'I_gpe': 1.1461720529314614, 'I_gpi': 1.9730151543248589, 'noise_stn_sigma': 2.5566074387958775, 'noise_gpe_sigma': 105.30359655465818, 'noise_gpi_sigma': 81.75040022410307, 'g_stn_gpe_mult': 3.3060389787853124, 'g_gpe_stn_mult': 0.17675135885771054, 'g_stn_gpi_mult': 2.584647283358034, 'g_gpe_gpi_mult': 0.3124926450551586}. Best is trial 754 with value: 0.12560915155228763.
[I 2026-05-28 04:07:45,565] Trial 756 finished with value: 0.13360834575753722 and parameters: {'ISTN': 60.683337138834084, 'I_gpe': 1.1790058169769004, 'I_gpi': 1.9998650208912159, 'noise_stn_sigma': 2.5734102520571094, 'noise_gpe_sigma': 104.58425330650222, 'noise_gpi_sigma': 83.89103167516453, 'g_stn_gpe_mult': 3.3220702052281155, 'g_gpe_stn_mult': 0.17069814459949134, 'g_stn_gpi_mult': 2.5664240908572076, 'g_gpe_gpi_mult': 0.3139853780698139}. Best is trial 754 with value: 0.12560915155228763.
[I 2026-05-28 04:07:46,570] Trial 757 finished with value: 0.13478796995837436 and parameters: {'ISTN': 60.38227217329504, 'I_gpe': 1.1113596700911799, 'I_gpi': 1.9921605582841182, 'noise_stn_sigma': 2.482244709796031, 'noise_gpe_sigma': 105.40635339056948, 'noise_gpi_sigma': 83.61128172478197, 'g_stn_gpe_mult': 3.386702723914949, 'g_gpe_stn_mult': 0.1775138714816673, 'g_stn_gpi_mult': 2.58265418022608, 'g_gpe_gpi_mult': 0.3314676582241703}. Best is trial 754 with value: 0.12560915155228763.
[I 2026-05-28 04:07:47,572] Trial 758 finished with value: 0.13851554700787028 and parameters: {'ISTN': 60.31333646373051, 'I_gpe': 1.1928028624267317, 'I_gpi': 1.9935460901784694, 'noise_stn_sigma': 2.5721453576503257, 'noise_gpe_sigma': 106.31891609790065, 'noise_gpi_sigma': 81.8338629701081, 'g_stn_gpe_mult': 3.3574204642276575, 'g_gpe_stn_mult': 0.17762076927218962, 'g_stn_gpi_mult': 2.5832110599867177, 'g_gpe_gpi_mult': 0.3344142969767565}. Best is trial 754 with value: 0.12560915155228763.
[I 2026-05-28 04:07:48,576] Trial 759 finished with value: 0.13130860781835543 and parameters: {'ISTN': 60.36594093389368, 'I_gpe': 1.1963917385633323, 'I_gpi': 2.0363291561109724, 'noise_stn_sigma': 2.5444605026883544, 'noise_gpe_sigma': 105.85853391508155, 'noise_gpi_sigma': 82.7318801340805, 'g_stn_gpe_mult': 3.3794026745836545, 'g_gpe_stn_mult': 0.17380512800168513, 'g_stn_gpi_mult': 2.5535853963540607, 'g_gpe_gpi_mult': 0.33535502126503447}. Best is trial 754 with value: 0.12560915155228763.
[I 2026-05-28 04:07:49,580] Trial 760 finished with value: 0.1303468877972517 and parameters: {'ISTN': 60.37947550561171, 'I_gpe': 1.1425637996446314, 'I_gpi': 2.036862578990374, 'noise_stn_sigma': 2.565717350353285, 'noise_gpe_sigma': 104.67510381974719, 'noise_gpi_sigma': 82.84647025609954, 'g_stn_gpe_mult': 3.377170411197782, 'g_gpe_stn_mult': 0.17326433063807295, 'g_stn_gpi_mult': 2.564811683730858, 'g_gpe_gpi_mult': 0.3357769341380241}. Best is trial 754 with value: 0.12560915155228763.
[I 2026-05-28 04:07:50,588] Trial 761 finished with value: 0.13685226157743757 and parameters: {'ISTN': 60.523976501019455, 'I_gpe': 1.1834098263407091, 'I_gpi': 2.0401194646382987, 'noise_stn_sigma': 2.4972946174080897, 'noise_gpe_sigma': 105.01010110439891, 'noise_gpi_sigma': 82.87437383102483, 'g_stn_gpe_mult': 3.3262044028166216, 'g_gpe_stn_mult': 0.17498729934950377, 'g_stn_gpi_mult': 2.5639438908149708, 'g_gpe_gpi_mult': 0.3174430361130919}. Best is trial 754 with value: 0.12560915155228763.
[I 2026-05-28 04:07:51,594] Trial 762 finished with value: 0.13078650271623493 and parameters: {'ISTN': 60.57362012413121, 'I_gpe': 1.1415500780547605, 'I_gpi': 2.008842296379764, 'noise_stn_sigma': 2.5854469731377683, 'noise_gpe_sigma': 105.35144274511379, 'noise_gpi_sigma': 82.95450602587935, 'g_stn_gpe_mult': 3.3317330639713356, 'g_gpe_stn_mult': 0.17043937555554653, 'g_stn_gpi_mult': 2.560132867277149, 'g_gpe_gpi_mult': 0.32162673029323735}. Best is trial 754 with value: 0.12560915155228763.
[I 2026-05-28 04:07:52,598] Trial 763 finished with value: 0.13042136415152664 and parameters: {'ISTN': 60.34568698627814, 'I_gpe': 1.1721021997748005, 'I_gpi': 1.9955652657853862, 'noise_stn_sigma': 2.549272701763847, 'noise_gpe_sigma': 104.35475043205058, 'noise_gpi_sigma': 83.38471689456526, 'g_stn_gpe_mult': 3.2986838129856855, 'g_gpe_stn_mult': 0.1718830902174431, 'g_stn_gpi_mult': 2.5679781411279725, 'g_gpe_gpi_mult': 0.30992840914704217}. Best is trial 754 with value: 0.12560915155228763.
[I 2026-05-28 04:07:53,603] Trial 764 finished with value: 0.13165763961620966 and parameters: {'ISTN': 60.24901487438817, 'I_gpe': 1.1454183825313262, 'I_gpi': 2.0472052477995915, 'noise_stn_sigma': 2.560905531754927, 'noise_gpe_sigma': 103.56418054216603, 'noise_gpi_sigma': 83.15023718192204, 'g_stn_gpe_mult': 3.348323228178189, 'g_gpe_stn_mult': 0.176009191666062, 'g_stn_gpi_mult': 2.510605293175974, 'g_gpe_gpi_mult': 0.313208687373267}. Best is trial 754 with value: 0.12560915155228763.
[I 2026-05-28 04:07:54,606] Trial 765 finished with value: 0.12793611369568864 and parameters: {'ISTN': 60.35050623561296, 'I_gpe': 1.165626179819794, 'I_gpi': 2.0465340941027996, 'noise_stn_sigma': 2.5484896767457395, 'noise_gpe_sigma': 105.25880028367266, 'noise_gpi_sigma': 82.70767518440196, 'g_stn_gpe_mult': 3.32918897411784, 'g_gpe_stn_mult': 0.17578008581282428, 'g_stn_gpi_mult': 2.557351559294813, 'g_gpe_gpi_mult': 0.3268320539148528}. Best is trial 754 with value: 0.12560915155228763.
[I 2026-05-28 04:07:55,612] Trial 766 finished with value: 0.15686753658882052 and parameters: {'ISTN': 60.25702698334836, 'I_gpe': 1.1545277177782631, 'I_gpi': 2.043443705852758, 'noise_stn_sigma': 2.567544201730458, 'noise_gpe_sigma': 104.61113217576414, 'noise_gpi_sigma': 83.40850817503781, 'g_stn_gpe_mult': 3.2793717635016315, 'g_gpe_stn_mult': 0.17192747643377287, 'g_stn_gpi_mult': 2.539542675622811, 'g_gpe_gpi_mult': 0.32782751716637515}. Best is trial 754 with value: 0.12560915155228763.
[I 2026-05-28 04:07:56,617] Trial 767 finished with value: 0.12982608595064127 and parameters: {'ISTN': 60.425525845768064, 'I_gpe': 1.1777849983384931, 'I_gpi': 2.0709596953854277, 'noise_stn_sigma': 2.603390890325797, 'noise_gpe_sigma': 104.54409627180951, 'noise_gpi_sigma': 82.97923571468621, 'g_stn_gpe_mult': 3.3215229946630913, 'g_gpe_stn_mult': 0.17000473472923067, 'g_stn_gpi_mult': 2.5284319219326252, 'g_gpe_gpi_mult': 0.325996849759133}. Best is trial 754 with value: 0.12560915155228763.
[I 2026-05-28 04:07:57,623] Trial 768 finished with value: 0.12953284378917249 and parameters: {'ISTN': 60.2794105334767, 'I_gpe': 1.170792291125113, 'I_gpi': 2.058432406127089, 'noise_stn_sigma': 2.5065746495465415, 'noise_gpe_sigma': 105.7060380973426, 'noise_gpi_sigma': 82.01463371119193, 'g_stn_gpe_mult': 3.348708417373241, 'g_gpe_stn_mult': 0.17237939487241766, 'g_stn_gpi_mult': 2.5786042894021834, 'g_gpe_gpi_mult': 0.3146836059646416}. Best is trial 754 with value: 0.12560915155228763.
[I 2026-05-28 04:07:58,627] Trial 769 finished with value: 0.13184600088503062 and parameters: {'ISTN': 60.45740040190038, 'I_gpe': 1.2031480360997748, 'I_gpi': 2.0502006146034035, 'noise_stn_sigma': 2.58262876201346, 'noise_gpe_sigma': 104.32449498920883, 'noise_gpi_sigma': 82.45540738171803, 'g_stn_gpe_mult': 3.3030397657228843, 'g_gpe_stn_mult': 0.16954339492571502, 'g_stn_gpi_mult': 2.539132661789232, 'g_gpe_gpi_mult': 0.3301390739629869}. Best is trial 754 with value: 0.12560915155228763.
[I 2026-05-28 04:07:59,632] Trial 770 finished with value: 0.1343873928955751 and parameters: {'ISTN': 60.494356934573375, 'I_gpe': 1.1361471007037727, 'I_gpi': 1.9767051996605065, 'noise_stn_sigma': 2.5403366612339795, 'noise_gpe_sigma': 104.86336246889806, 'noise_gpi_sigma': 82.78292914007727, 'g_stn_gpe_mult': 3.3642713031743057, 'g_gpe_stn_mult': 0.16900848232866478, 'g_stn_gpi_mult': 2.564197162183962, 'g_gpe_gpi_mult': 0.33159697277925954}. Best is trial 754 with value: 0.12560915155228763.
[I 2026-05-28 04:08:00,639] Trial 771 finished with value: 0.17874977254859548 and parameters: {'ISTN': 60.12959771139022, 'I_gpe': 1.1806118160917065, 'I_gpi': 2.0549183385662824, 'noise_stn_sigma': 2.5597896594435787, 'noise_gpe_sigma': 105.53125112227538, 'noise_gpi_sigma': 83.015175218174, 'g_stn_gpe_mult': 3.356774027028276, 'g_gpe_stn_mult': 0.1753509192495427, 'g_stn_gpi_mult': 2.5535718637978984, 'g_gpe_gpi_mult': 0.31824364447481873}. Best is trial 754 with value: 0.12560915155228763.
[I 2026-05-28 04:08:01,647] Trial 772 finished with value: 0.1318764322747855 and parameters: {'ISTN': 60.233489470554055, 'I_gpe': 1.1930395695890719, 'I_gpi': 2.0355221177394416, 'noise_stn_sigma': 2.586914442343529, 'noise_gpe_sigma': 105.66481585883623, 'noise_gpi_sigma': 82.89801113497856, 'g_stn_gpe_mult': 3.3309899417096105, 'g_gpe_stn_mult': 0.1723279118829643, 'g_stn_gpi_mult': 2.5684716855135346, 'g_gpe_gpi_mult': 0.31454996068362456}. Best is trial 754 with value: 0.12560915155228763.
[I 2026-05-28 04:08:02,652] Trial 773 finished with value: 0.13436297238945483 and parameters: {'ISTN': 60.39582383930263, 'I_gpe': 1.1577970493109215, 'I_gpi': 2.016599615357932, 'noise_stn_sigma': 2.467396328659935, 'noise_gpe_sigma': 106.10336478258994, 'noise_gpi_sigma': 82.62882925160704, 'g_stn_gpe_mult': 3.3737444350788026, 'g_gpe_stn_mult': 0.17084290571291305, 'g_stn_gpi_mult': 2.554347495959952, 'g_gpe_gpi_mult': 0.3210054502794345}. Best is trial 754 with value: 0.12560915155228763.
[I 2026-05-28 04:08:03,658] Trial 774 finished with value: 0.31336914246728254 and parameters: {'ISTN': 60.03021110646563, 'I_gpe': 1.1473605585202191, 'I_gpi': 2.0513618986565914, 'noise_stn_sigma': 2.558647075855503, 'noise_gpe_sigma': 105.04906064150585, 'noise_gpi_sigma': 82.88210932549677, 'g_stn_gpe_mult': 3.357602950393252, 'g_gpe_stn_mult': 0.17336064361462958, 'g_stn_gpi_mult': 2.5293331747614918, 'g_gpe_gpi_mult': 0.3116731458955551}. Best is trial 754 with value: 0.12560915155228763.
[I 2026-05-28 04:08:04,663] Trial 775 finished with value: 0.13166829839987565 and parameters: {'ISTN': 60.2501228105721, 'I_gpe': 1.182310851680342, 'I_gpi': 2.06592574298012, 'noise_stn_sigma': 2.5367941751493364, 'noise_gpe_sigma': 105.98792511815857, 'noise_gpi_sigma': 82.74960144767778, 'g_stn_gpe_mult': 3.321041585415211, 'g_gpe_stn_mult': 0.17285379100531179, 'g_stn_gpi_mult': 2.5823788911719925, 'g_gpe_gpi_mult': 0.3189005053304188}. Best is trial 754 with value: 0.12560915155228763.
[I 2026-05-28 04:08:05,669] Trial 776 finished with value: 0.16294574184859914 and parameters: {'ISTN': 60.14989772431163, 'I_gpe': 1.1495886442917307, 'I_gpi': 2.095323854643129, 'noise_stn_sigma': 2.576227395268003, 'noise_gpe_sigma': 104.77140784256065, 'noise_gpi_sigma': 82.47051630321715, 'g_stn_gpe_mult': 3.3489559275480087, 'g_gpe_stn_mult': 0.17310497236496541, 'g_stn_gpi_mult': 2.544017469591841, 'g_gpe_gpi_mult': 0.31502152908329384}. Best is trial 754 with value: 0.12560915155228763.
[I 2026-05-28 04:08:06,676] Trial 777 finished with value: 0.13008427609203763 and parameters: {'ISTN': 60.40310758233853, 'I_gpe': 1.167748030117679, 'I_gpi': 2.068864458707691, 'noise_stn_sigma': 2.5625453823819155, 'noise_gpe_sigma': 104.85048514883984, 'noise_gpi_sigma': 83.47099161061038, 'g_stn_gpe_mult': 3.3349634998542945, 'g_gpe_stn_mult': 0.17186978177598938, 'g_stn_gpi_mult': 2.535694215002876, 'g_gpe_gpi_mult': 0.31368413989133753}. Best is trial 754 with value: 0.12560915155228763.
[I 2026-05-28 04:08:07,680] Trial 778 finished with value: 0.12945667084506537 and parameters: {'ISTN': 60.48042145909537, 'I_gpe': 1.1667908979632244, 'I_gpi': 2.0259118186093863, 'noise_stn_sigma': 2.598360944866423, 'noise_gpe_sigma': 105.54802600012856, 'noise_gpi_sigma': 82.11228388821667, 'g_stn_gpe_mult': 3.2651877123308055, 'g_gpe_stn_mult': 0.16876482703726048, 'g_stn_gpi_mult': 2.5852208000985053, 'g_gpe_gpi_mult': 0.32021951894080997}. Best is trial 754 with value: 0.12560915155228763.
[I 2026-05-28 04:08:08,685] Trial 779 finished with value: 0.130704068890709 and parameters: {'ISTN': 60.265370947836665, 'I_gpe': 1.1827061444676406, 'I_gpi': 2.0597984798493063, 'noise_stn_sigma': 2.593845965206185, 'noise_gpe_sigma': 105.41820239598435, 'noise_gpi_sigma': 82.00597633298071, 'g_stn_gpe_mult': 3.3168503111280643, 'g_gpe_stn_mult': 0.17474205409233154, 'g_stn_gpi_mult': 2.560769092953958, 'g_gpe_gpi_mult': 0.32411623934937006}. Best is trial 754 with value: 0.12560915155228763.
[I 2026-05-28 04:08:09,687] Trial 780 finished with value: 0.13390057829324106 and parameters: {'ISTN': 60.090656223017504, 'I_gpe': 1.1641120688556512, 'I_gpi': 2.028805984114758, 'noise_stn_sigma': 2.504327317417641, 'noise_gpe_sigma': 106.03349368210755, 'noise_gpi_sigma': 83.73863497367952, 'g_stn_gpe_mult': 3.3549989845963153, 'g_gpe_stn_mult': 0.1770661009159099, 'g_stn_gpi_mult': 2.582881373751409, 'g_gpe_gpi_mult': 0.32339029504778305}. Best is trial 754 with value: 0.12560915155228763.
[I 2026-05-28 04:08:10,693] Trial 781 finished with value: 0.1361143708509283 and parameters: {'ISTN': 60.40523499357393, 'I_gpe': 1.2065195717204222, 'I_gpi': 2.0244766245827153, 'noise_stn_sigma': 2.6267003590466436, 'noise_gpe_sigma': 106.06378433220156, 'noise_gpi_sigma': 83.24890613991235, 'g_stn_gpe_mult': 3.274264514192371, 'g_gpe_stn_mult': 0.1703838452968879, 'g_stn_gpi_mult': 2.5709165277851147, 'g_gpe_gpi_mult': 0.3049494331722086}. Best is trial 754 with value: 0.12560915155228763.
[I 2026-05-28 04:08:11,698] Trial 782 finished with value: 0.1402609534570716 and parameters: {'ISTN': 60.24723825009485, 'I_gpe': 1.1555941733254644, 'I_gpi': 2.0512236099709336, 'noise_stn_sigma': 2.599563959394553, 'noise_gpe_sigma': 106.39860175153838, 'noise_gpi_sigma': 81.38359780045886, 'g_stn_gpe_mult': 3.310758323711649, 'g_gpe_stn_mult': 0.17164483853469842, 'g_stn_gpi_mult': 2.5878060459037133, 'g_gpe_gpi_mult': 0.3258957346373432}. Best is trial 754 with value: 0.12560915155228763.
[I 2026-05-28 04:08:12,704] Trial 783 finished with value: 0.27547940561360873 and parameters: {'ISTN': 60.302976198707974, 'I_gpe': 1.1695797545470483, 'I_gpi': 2.0233508951286976, 'noise_stn_sigma': 2.5426600252019345, 'noise_gpe_sigma': 106.18734993894854, 'noise_gpi_sigma': 81.78247076777834, 'g_stn_gpe_mult': 3.306941864157484, 'g_gpe_stn_mult': 0.17253694625062166, 'g_stn_gpi_mult': 2.5765495931526488, 'g_gpe_gpi_mult': 0.31510516900200936}. Best is trial 754 with value: 0.12560915155228763.
[I 2026-05-28 04:08:13,710] Trial 784 finished with value: 0.14833735936727446 and parameters: {'ISTN': 60.353378742979416, 'I_gpe': 1.1716032172572513, 'I_gpi': 2.0399165576022904, 'noise_stn_sigma': 2.60610367513536, 'noise_gpe_sigma': 105.34036655505174, 'noise_gpi_sigma': 81.88731635594071, 'g_stn_gpe_mult': 3.2604561883998597, 'g_gpe_stn_mult': 0.16792636425381446, 'g_stn_gpi_mult': 2.572155615478303, 'g_gpe_gpi_mult': 0.31248811309926866}. Best is trial 754 with value: 0.12560915155228763.
[I 2026-05-28 04:08:14,717] Trial 785 finished with value: 0.13304976417879777 and parameters: {'ISTN': 60.601035341658594, 'I_gpe': 1.1596864152851345, 'I_gpi': 1.9862014571553828, 'noise_stn_sigma': 2.5932909250206286, 'noise_gpe_sigma': 106.06213483933946, 'noise_gpi_sigma': 81.70997700528125, 'g_stn_gpe_mult': 3.325260687669452, 'g_gpe_stn_mult': 0.17204143952649043, 'g_stn_gpi_mult': 2.58766926378856, 'g_gpe_gpi_mult': 0.3239906759515063}. Best is trial 754 with value: 0.12560915155228763.
[I 2026-05-28 04:08:15,725] Trial 786 finished with value: 0.16778899814906434 and parameters: {'ISTN': 60.81500562928374, 'I_gpe': 1.1772458067952942, 'I_gpi': 2.0437583994157578, 'noise_stn_sigma': 2.5682978148209745, 'noise_gpe_sigma': 106.53617787749462, 'noise_gpi_sigma': 84.25136060918548, 'g_stn_gpe_mult': 3.32960434213732, 'g_gpe_stn_mult': 0.16404297160408388, 'g_stn_gpi_mult': 2.5325763293602677, 'g_gpe_gpi_mult': 0.3136841848815074}. Best is trial 754 with value: 0.12560915155228763.
[I 2026-05-28 04:08:16,730] Trial 787 finished with value: 0.13085208865261752 and parameters: {'ISTN': 60.49347237965183, 'I_gpe': 1.1556529393765511, 'I_gpi': 2.032079373247998, 'noise_stn_sigma': 2.5778124650567262, 'noise_gpe_sigma': 105.27421998573558, 'noise_gpi_sigma': 81.94474447160991, 'g_stn_gpe_mult': 3.279760020695239, 'g_gpe_stn_mult': 0.17072056189914336, 'g_stn_gpi_mult': 2.583386377013024, 'g_gpe_gpi_mult': 0.31282958085443013}. Best is trial 754 with value: 0.12560915155228763.
[I 2026-05-28 04:08:17,736] Trial 788 finished with value: 0.12830884199841552 and parameters: {'ISTN': 60.40880428728425, 'I_gpe': 1.17977320275606, 'I_gpi': 2.0688837320466362, 'noise_stn_sigma': 2.5989301549368418, 'noise_gpe_sigma': 105.1632743491198, 'noise_gpi_sigma': 83.15582430666824, 'g_stn_gpe_mult': 3.30086139233719, 'g_gpe_stn_mult': 0.17121502386289894, 'g_stn_gpi_mult': 2.5296902930468064, 'g_gpe_gpi_mult': 0.31431602376388945}. Best is trial 754 with value: 0.12560915155228763.
[I 2026-05-28 04:08:18,743] Trial 789 finished with value: 0.1356491033118831 and parameters: {'ISTN': 61.00730121273253, 'I_gpe': 1.179719596357986, 'I_gpi': 2.0354358365593, 'noise_stn_sigma': 2.6291729353700086, 'noise_gpe_sigma': 106.48327166433913, 'noise_gpi_sigma': 82.71458105087827, 'g_stn_gpe_mult': 3.2983539758187845, 'g_gpe_stn_mult': 0.16605225792843747, 'g_stn_gpi_mult': 2.5665292726854565, 'g_gpe_gpi_mult': 0.31442661770963015}. Best is trial 754 with value: 0.12560915155228763.
[I 2026-05-28 04:08:19,747] Trial 790 finished with value: 0.4056770901935238 and parameters: {'ISTN': 60.48549902058169, 'I_gpe': 1.1834849349206602, 'I_gpi': 2.0397022839788113, 'noise_stn_sigma': 2.564665129963682, 'noise_gpe_sigma': 105.26418839320569, 'noise_gpi_sigma': 80.4786280781027, 'g_stn_gpe_mult': 3.303626255399572, 'g_gpe_stn_mult': 0.16578932403336535, 'g_stn_gpi_mult': 2.580449917036465, 'g_gpe_gpi_mult': 0.32955526899163823}. Best is trial 754 with value: 0.12560915155228763.
[I 2026-05-28 04:08:20,753] Trial 791 finished with value: 0.13107199258493105 and parameters: {'ISTN': 60.751059068190976, 'I_gpe': 1.1762561866051913, 'I_gpi': 2.0356424777770528, 'noise_stn_sigma': 2.536093243695701, 'noise_gpe_sigma': 106.02294661280918, 'noise_gpi_sigma': 82.45201820585928, 'g_stn_gpe_mult': 3.2962412000733075, 'g_gpe_stn_mult': 0.17088223745423595, 'g_stn_gpi_mult': 2.5621243217033296, 'g_gpe_gpi_mult': 0.2987666574853114}. Best is trial 754 with value: 0.12560915155228763.
