[I 2026-05-28 04:03:12,421] Trial 484 finished with value: 0.15953857677677225 and parameters: {'ISTN': 61.41848228198833, 'I_gpe': 1.2330949446574375, 'I_gpi': 2.003850638330557, 'noise_stn_sigma': 2.392278300135747, 'noise_gpe_sigma': 102.14284333381532, 'noise_gpi_sigma': 86.04984954353019, 'g_stn_gpe_mult': 3.427611311903706, 'g_gpe_stn_mult': 0.17573859997544647, 'g_stn_gpi_mult': 2.455391879805978, 'g_gpe_gpi_mult': 0.3293004508861519}. Best is trial 396 with value: 0.1359141905235467.
[I 2026-05-28 04:03:13,423] Trial 485 finished with value: 0.291695347007045 and parameters: {'ISTN': 60.04321141876589, 'I_gpe': 1.154855798241883, 'I_gpi': 1.9007626983871684, 'noise_stn_sigma': 2.758506245135126, 'noise_gpe_sigma': 105.84328010891099, 'noise_gpi_sigma': 84.58345223727873, 'g_stn_gpe_mult': 3.327809652100288, 'g_gpe_stn_mult': 0.16398981097523302, 'g_stn_gpi_mult': 2.5352363645922256, 'g_gpe_gpi_mult': 0.35352085326362204}. Best is trial 396 with value: 0.1359141905235467.
[I 2026-05-28 04:03:14,424] Trial 486 finished with value: 0.15003784792166786 and parameters: {'ISTN': 61.80281589736275, 'I_gpe': 1.1439549804740503, 'I_gpi': 1.9336250207413328, 'noise_stn_sigma': 2.685358906891441, 'noise_gpe_sigma': 104.24468007087151, 'noise_gpi_sigma': 85.18686256036064, 'g_stn_gpe_mult': 3.4977001168741575, 'g_gpe_stn_mult': 0.15646361293101957, 'g_stn_gpi_mult': 2.4979597657288477, 'g_gpe_gpi_mult': 0.35986083671153546}. Best is trial 396 with value: 0.1359141905235467.
[I 2026-05-28 04:03:15,428] Trial 487 finished with value: 0.43690345213966936 and parameters: {'ISTN': 60.02485822260631, 'I_gpe': 1.057442229770262, 'I_gpi': 1.9327199407358635, 'noise_stn_sigma': 2.827143507886411, 'noise_gpe_sigma': 107.77591425335034, 'noise_gpi_sigma': 80.57787092354012, 'g_stn_gpe_mult': 3.3686111867523527, 'g_gpe_stn_mult': 0.16528807581391253, 'g_stn_gpi_mult': 2.578157345820039, 'g_gpe_gpi_mult': 0.36086336973036065}. Best is trial 396 with value: 0.1359141905235467.
[I 2026-05-28 04:03:16,436] Trial 488 finished with value: 0.3131655606446278 and parameters: {'ISTN': 60.32911685859686, 'I_gpe': 1.056345942023028, 'I_gpi': 1.9235982074328701, 'noise_stn_sigma': 2.5074281773510743, 'noise_gpe_sigma': 103.14665075805448, 'noise_gpi_sigma': 81.49264312431401, 'g_stn_gpe_mult': 3.4202658963611605, 'g_gpe_stn_mult': 0.16505410516743832, 'g_stn_gpi_mult': 2.480952483247407, 'g_gpe_gpi_mult': 0.389539175843868}. Best is trial 396 with value: 0.1359141905235467.
[I 2026-05-28 04:03:17,443] Trial 489 finished with value: 0.13757848263641412 and parameters: {'ISTN': 60.58057660910536, 'I_gpe': 1.1090587422995397, 'I_gpi': 2.0156917341743625, 'noise_stn_sigma': 2.428651536787889, 'noise_gpe_sigma': 105.59345684912616, 'noise_gpi_sigma': 82.54613166643293, 'g_stn_gpe_mult': 3.4985082626150024, 'g_gpe_stn_mult': 0.17524392319114623, 'g_stn_gpi_mult': 2.492044492606566, 'g_gpe_gpi_mult': 0.3440372578416742}. Best is trial 396 with value: 0.1359141905235467.
[I 2026-05-28 04:03:18,449] Trial 490 finished with value: 0.14452525099129154 and parameters: {'ISTN': 61.00216638163392, 'I_gpe': 1.1275057683452316, 'I_gpi': 2.0585887979918285, 'noise_stn_sigma': 2.696677063669209, 'noise_gpe_sigma': 103.64547008802484, 'noise_gpi_sigma': 81.62613218817386, 'g_stn_gpe_mult': 3.418219168544223, 'g_gpe_stn_mult': 0.1678025730754617, 'g_stn_gpi_mult': 2.4870851603402455, 'g_gpe_gpi_mult': 0.4050232582350227}. Best is trial 396 with value: 0.1359141905235467.
[I 2026-05-28 04:03:19,453] Trial 491 finished with value: 0.1885920137195331 and parameters: {'ISTN': 60.27510412230515, 'I_gpe': 1.1212438793157904, 'I_gpi': 1.9650209198424504, 'noise_stn_sigma': 2.5307461274455503, 'noise_gpe_sigma': 102.21118608791294, 'noise_gpi_sigma': 83.49048304604213, 'g_stn_gpe_mult': 3.5254527828869895, 'g_gpe_stn_mult': 0.16915202650449246, 'g_stn_gpi_mult': 2.516482664558845, 'g_gpe_gpi_mult': 0.35975314934719116}. Best is trial 396 with value: 0.1359141905235467.
[I 2026-05-28 04:03:20,458] Trial 492 finished with value: 0.16865520567381678 and parameters: {'ISTN': 62.013774474997874, 'I_gpe': 1.0032121459047907, 'I_gpi': 2.0123625650764554, 'noise_stn_sigma': 2.6438411164870708, 'noise_gpe_sigma': 106.29593422577868, 'noise_gpi_sigma': 84.17338193609204, 'g_stn_gpe_mult': 3.4807606307866004, 'g_gpe_stn_mult': 0.17626120308954063, 'g_stn_gpi_mult': 2.4660450433461554, 'g_gpe_gpi_mult': 0.3726971486806837}. Best is trial 396 with value: 0.1359141905235467.
[I 2026-05-28 04:03:21,466] Trial 493 finished with value: 0.16257395857954438 and parameters: {'ISTN': 62.07402404517406, 'I_gpe': 1.1242181490282062, 'I_gpi': 2.0280149546943376, 'noise_stn_sigma': 2.6525249592920166, 'noise_gpe_sigma': 105.0963892809668, 'noise_gpi_sigma': 83.65200846420366, 'g_stn_gpe_mult': 3.5311038530564085, 'g_gpe_stn_mult': 0.1636036354659256, 'g_stn_gpi_mult': 2.441680577504131, 'g_gpe_gpi_mult': 0.37573432353896763}. Best is trial 396 with value: 0.1359141905235467.
[I 2026-05-28 04:03:22,472] Trial 494 finished with value: 0.1339268633877771 and parameters: {'ISTN': 60.09145690054388, 'I_gpe': 1.0853914036431744, 'I_gpi': 2.000041901155847, 'noise_stn_sigma': 2.7329115609105408, 'noise_gpe_sigma': 104.63104161397828, 'noise_gpi_sigma': 82.89731115504875, 'g_stn_gpe_mult': 3.44380080247506, 'g_gpe_stn_mult': 0.17342218328920794, 'g_stn_gpi_mult': 2.498543565308668, 'g_gpe_gpi_mult': 0.3760473580405814}. Best is trial 494 with value: 0.1339268633877771.
[I 2026-05-28 04:03:23,478] Trial 495 finished with value: 0.1377180688012646 and parameters: {'ISTN': 60.53082184006302, 'I_gpe': 1.1099265315396656, 'I_gpi': 2.013638298519016, 'noise_stn_sigma': 2.3862615365497026, 'noise_gpe_sigma': 106.16891100646909, 'noise_gpi_sigma': 82.44340102831961, 'g_stn_gpe_mult': 3.5251417080893317, 'g_gpe_stn_mult': 0.1837376095522706, 'g_stn_gpi_mult': 2.45645781723337, 'g_gpe_gpi_mult': 0.3376543353803736}. Best is trial 494 with value: 0.1339268633877771.
[I 2026-05-28 04:03:24,483] Trial 496 finished with value: 0.15399978838256287 and parameters: {'ISTN': 61.185583258727796, 'I_gpe': 1.099111990438454, 'I_gpi': 1.9669932669650743, 'noise_stn_sigma': 2.482822779770115, 'noise_gpe_sigma': 107.50591172252788, 'noise_gpi_sigma': 85.08592386550646, 'g_stn_gpe_mult': 3.5004328167370757, 'g_gpe_stn_mult': 0.18189120238824774, 'g_stn_gpi_mult': 2.4271368327016463, 'g_gpe_gpi_mult': 0.32992506120610054}. Best is trial 494 with value: 0.1339268633877771.
[I 2026-05-28 04:03:25,491] Trial 497 finished with value: 0.14265375819739826 and parameters: {'ISTN': 61.02843054094198, 'I_gpe': 1.160879705841375, 'I_gpi': 1.9744398871647522, 'noise_stn_sigma': 2.5217995560365316, 'noise_gpe_sigma': 103.59136991219438, 'noise_gpi_sigma': 82.74405428892794, 'g_stn_gpe_mult': 3.522176731401413, 'g_gpe_stn_mult': 0.17443757496425186, 'g_stn_gpi_mult': 2.5303314420701146, 'g_gpe_gpi_mult': 0.3618822541097881}. Best is trial 494 with value: 0.1339268633877771.
[I 2026-05-28 04:03:26,496] Trial 498 finished with value: 0.7548441353191925 and parameters: {'ISTN': 62.07671393779391, 'I_gpe': 1.1674725581837877, 'I_gpi': 1.8970955180756826, 'noise_stn_sigma': 2.466920945277962, 'noise_gpe_sigma': 105.77887428362621, 'noise_gpi_sigma': 84.79818502803808, 'g_stn_gpe_mult': 3.541742914690623, 'g_gpe_stn_mult': 0.17587535708142082, 'g_stn_gpi_mult': 2.43966543300571, 'g_gpe_gpi_mult': 0.32284947919203144}. Best is trial 494 with value: 0.1339268633877771.
[I 2026-05-28 04:03:27,498] Trial 499 finished with value: 0.1438297974828132 and parameters: {'ISTN': 61.05723564095491, 'I_gpe': 1.1356634639898102, 'I_gpi': 1.9172903926733613, 'noise_stn_sigma': 2.6014567827479134, 'noise_gpe_sigma': 104.94354766780822, 'noise_gpi_sigma': 81.8893001671587, 'g_stn_gpe_mult': 3.4716112436681903, 'g_gpe_stn_mult': 0.16601172290177396, 'g_stn_gpi_mult': 2.5243525748149738, 'g_gpe_gpi_mult': 0.38554139098909546}. Best is trial 494 with value: 0.1339268633877771.
[I 2026-05-28 04:03:28,503] Trial 500 finished with value: 0.14144837228683182 and parameters: {'ISTN': 60.544126679995465, 'I_gpe': 1.160361251557216, 'I_gpi': 2.001185870995815, 'noise_stn_sigma': 2.3916165058091954, 'noise_gpe_sigma': 107.2110878855434, 'noise_gpi_sigma': 81.66002105121558, 'g_stn_gpe_mult': 3.558878367090213, 'g_gpe_stn_mult': 0.18458588106773394, 'g_stn_gpi_mult': 2.4956124486499798, 'g_gpe_gpi_mult': 0.3516872409366655}. Best is trial 494 with value: 0.1339268633877771.
[I 2026-05-28 04:03:29,510] Trial 501 finished with value: 0.13222276225619264 and parameters: {'ISTN': 60.00176850581432, 'I_gpe': 1.1245390015461076, 'I_gpi': 1.9950125824560625, 'noise_stn_sigma': 2.4619456227746754, 'noise_gpe_sigma': 106.8270866325384, 'noise_gpi_sigma': 83.3287017900692, 'g_stn_gpe_mult': 3.5000335386628167, 'g_gpe_stn_mult': 0.18123094964735909, 'g_stn_gpi_mult': 2.479217746003571, 'g_gpe_gpi_mult': 0.3326813775767547}. Best is trial 501 with value: 0.13222276225619264.
[I 2026-05-28 04:03:30,514] Trial 502 finished with value: 0.1361881527903159 and parameters: {'ISTN': 60.733521204522255, 'I_gpe': 1.084421035208135, 'I_gpi': 1.9270230810970919, 'noise_stn_sigma': 2.7255870576969765, 'noise_gpe_sigma': 108.381150766101, 'noise_gpi_sigma': 81.2915942213068, 'g_stn_gpe_mult': 3.5122922489160446, 'g_gpe_stn_mult': 0.17043138432198565, 'g_stn_gpi_mult': 2.6644814666612504, 'g_gpe_gpi_mult': 0.3549829922256001}. Best is trial 501 with value: 0.13222276225619264.
[I 2026-05-28 04:03:31,520] Trial 503 finished with value: 0.16870833445405709 and parameters: {'ISTN': 61.95457791648027, 'I_gpe': 1.1379064470935676, 'I_gpi': 1.9785239475741068, 'noise_stn_sigma': 2.6595897767603214, 'noise_gpe_sigma': 102.70478053464906, 'noise_gpi_sigma': 78.80035184634129, 'g_stn_gpe_mult': 3.4716399572651375, 'g_gpe_stn_mult': 0.16768877185416525, 'g_stn_gpi_mult': 2.5651939650957125, 'g_gpe_gpi_mult': 0.39628799377702323}. Best is trial 501 with value: 0.13222276225619264.
[I 2026-05-28 04:03:32,524] Trial 504 finished with value: 0.13357068158610869 and parameters: {'ISTN': 60.372470298397, 'I_gpe': 1.1432886636286048, 'I_gpi': 1.9428842714181096, 'noise_stn_sigma': 2.6164699664350337, 'noise_gpe_sigma': 104.76738635989032, 'noise_gpi_sigma': 81.52660171180386, 'g_stn_gpe_mult': 3.434323205878273, 'g_gpe_stn_mult': 0.17585788661714324, 'g_stn_gpi_mult': 2.5167541624062184, 'g_gpe_gpi_mult': 0.36922210687440415}. Best is trial 501 with value: 0.13222276225619264.
[I 2026-05-28 04:03:33,528] Trial 505 finished with value: 0.13418117558908088 and parameters: {'ISTN': 60.573986278514994, 'I_gpe': 1.1152115837231764, 'I_gpi': 1.9948619299802226, 'noise_stn_sigma': 2.669254904133881, 'noise_gpe_sigma': 104.81374566406589, 'noise_gpi_sigma': 82.63407244459506, 'g_stn_gpe_mult': 3.356013532779974, 'g_gpe_stn_mult': 0.1678557419699015, 'g_stn_gpi_mult': 2.552968142807477, 'g_gpe_gpi_mult': 0.3703650874483392}. Best is trial 501 with value: 0.13222276225619264.
[I 2026-05-28 04:03:34,537] Trial 506 finished with value: 0.1508805341700546 and parameters: {'ISTN': 60.49097003352962, 'I_gpe': 1.1482642058443466, 'I_gpi': 2.0663447880299737, 'noise_stn_sigma': 2.49118896013659, 'noise_gpe_sigma': 106.34270781668424, 'noise_gpi_sigma': 82.92117067998885, 'g_stn_gpe_mult': 3.5714264212417475, 'g_gpe_stn_mult': 0.1733877394729037, 'g_stn_gpi_mult': 2.422283370149965, 'g_gpe_gpi_mult': 0.3335803719002902}. Best is trial 501 with value: 0.13222276225619264.
[I 2026-05-28 04:03:35,543] Trial 507 finished with value: 0.15189776662335197 and parameters: {'ISTN': 61.2581550971343, 'I_gpe': 1.1303344955325023, 'I_gpi': 2.0639583130480177, 'noise_stn_sigma': 2.6618247233224146, 'noise_gpe_sigma': 104.52220236589521, 'noise_gpi_sigma': 82.00931875197313, 'g_stn_gpe_mult': 3.3730298648722274, 'g_gpe_stn_mult': 0.1739566756616847, 'g_stn_gpi_mult': 2.5264571379183542, 'g_gpe_gpi_mult': 0.37466731487856836}. Best is trial 501 with value: 0.13222276225619264.
[I 2026-05-28 04:03:36,549] Trial 508 finished with value: 0.13947278430687968 and parameters: {'ISTN': 60.80500903320755, 'I_gpe': 1.1132958020584036, 'I_gpi': 2.0744442573538047, 'noise_stn_sigma': 2.773975454477803, 'noise_gpe_sigma': 105.3283945481498, 'noise_gpi_sigma': 83.07582033471297, 'g_stn_gpe_mult': 3.4059656995799763, 'g_gpe_stn_mult': 0.1677254639993429, 'g_stn_gpi_mult': 2.5439970526083906, 'g_gpe_gpi_mult': 0.4012573935377777}. Best is trial 501 with value: 0.13222276225619264.
[I 2026-05-28 04:03:37,557] Trial 509 finished with value: 0.30244106208066546 and parameters: {'ISTN': 60.8668868127541, 'I_gpe': 1.1791086764855745, 'I_gpi': 2.017856761666346, 'noise_stn_sigma': 2.5459549736215763, 'noise_gpe_sigma': 106.34328578252548, 'noise_gpi_sigma': 79.60812798974509, 'g_stn_gpe_mult': 3.515943419780777, 'g_gpe_stn_mult': 0.1568560109153639, 'g_stn_gpi_mult': 2.507018794382772, 'g_gpe_gpi_mult': 0.34549829703837026}. Best is trial 501 with value: 0.13222276225619264.
[I 2026-05-28 04:03:38,562] Trial 510 finished with value: 0.26483062790590206 and parameters: {'ISTN': 60.46964015372615, 'I_gpe': 1.1624102733854516, 'I_gpi': 1.974235177932985, 'noise_stn_sigma': 2.650767951854709, 'noise_gpe_sigma': 106.71387076364515, 'noise_gpi_sigma': 78.56638341070547, 'g_stn_gpe_mult': 3.3956633358492034, 'g_gpe_stn_mult': 0.1639639495353148, 'g_stn_gpi_mult': 2.5651868266469484, 'g_gpe_gpi_mult': 0.3997973885841296}. Best is trial 501 with value: 0.13222276225619264.
[I 2026-05-28 04:03:39,569] Trial 511 finished with value: 0.14198531276554663 and parameters: {'ISTN': 61.15317345339353, 'I_gpe': 1.1109709585261296, 'I_gpi': 2.0169439663569166, 'noise_stn_sigma': 2.503004740784429, 'noise_gpe_sigma': 104.65046547336219, 'noise_gpi_sigma': 84.88416340335186, 'g_stn_gpe_mult': 3.4527055836576572, 'g_gpe_stn_mult': 0.1733067457601733, 'g_stn_gpi_mult': 2.499631816206046, 'g_gpe_gpi_mult': 0.3385338605437945}. Best is trial 501 with value: 0.13222276225619264.
[I 2026-05-28 04:03:40,575] Trial 512 finished with value: 0.13429913320261253 and parameters: {'ISTN': 60.453390188256776, 'I_gpe': 1.2062814931709624, 'I_gpi': 1.9738160897731039, 'noise_stn_sigma': 2.6110142924722046, 'noise_gpe_sigma': 106.820089639231, 'noise_gpi_sigma': 82.4714124433888, 'g_stn_gpe_mult': 3.4349216788810235, 'g_gpe_stn_mult': 0.17222021713010105, 'g_stn_gpi_mult': 2.5619534096464625, 'g_gpe_gpi_mult': 0.36953304259880615}. Best is trial 501 with value: 0.13222276225619264.
[I 2026-05-28 04:03:41,580] Trial 513 finished with value: 0.13486566715469173 and parameters: {'ISTN': 60.20731390321363, 'I_gpe': 1.0986317424802867, 'I_gpi': 1.9082418728950683, 'noise_stn_sigma': 2.5559518885866144, 'noise_gpe_sigma': 105.7710004466351, 'noise_gpi_sigma': 82.55323504424032, 'g_stn_gpe_mult': 3.4915195480380476, 'g_gpe_stn_mult': 0.1750745994222604, 'g_stn_gpi_mult': 2.5693529026439363, 'g_gpe_gpi_mult': 0.33954054682436785}. Best is trial 501 with value: 0.13222276225619264.
[I 2026-05-28 04:03:42,585] Trial 514 finished with value: 0.13861664329241563 and parameters: {'ISTN': 60.14336000027865, 'I_gpe': 1.1000442936399502, 'I_gpi': 2.0037744004536586, 'noise_stn_sigma': 2.55921897672462, 'noise_gpe_sigma': 103.87845126944636, 'noise_gpi_sigma': 80.92284635727299, 'g_stn_gpe_mult': 3.4273975018704244, 'g_gpe_stn_mult': 0.18285963581339693, 'g_stn_gpi_mult': 2.547284138645294, 'g_gpe_gpi_mult': 0.33614678870645937}. Best is trial 501 with value: 0.13222276225619264.
[I 2026-05-28 04:03:43,591] Trial 515 finished with value: 0.13403077618965129 and parameters: {'ISTN': 60.58499138589446, 'I_gpe': 1.099501095116564, 'I_gpi': 1.9871548091112263, 'noise_stn_sigma': 2.4328380167156984, 'noise_gpe_sigma': 109.49012821103362, 'noise_gpi_sigma': 83.37731249868615, 'g_stn_gpe_mult': 3.4454306951111056, 'g_gpe_stn_mult': 0.16958642443135125, 'g_stn_gpi_mult': 2.512252002426471, 'g_gpe_gpi_mult': 0.3411724962813243}. Best is trial 501 with value: 0.13222276225619264.
[I 2026-05-28 04:03:44,597] Trial 516 finished with value: 0.15644659619946538 and parameters: {'ISTN': 61.16810146967013, 'I_gpe': 1.1477533458957776, 'I_gpi': 1.9526287674444347, 'noise_stn_sigma': 2.423617347296172, 'noise_gpe_sigma': 106.09664869849158, 'noise_gpi_sigma': 82.98724552194568, 'g_stn_gpe_mult': 3.461590654596142, 'g_gpe_stn_mult': 0.182455992804218, 'g_stn_gpi_mult': 2.572403371879716, 'g_gpe_gpi_mult': 0.32987343919626844}. Best is trial 501 with value: 0.13222276225619264.
[I 2026-05-28 04:03:45,601] Trial 517 finished with value: 0.1791306316269417 and parameters: {'ISTN': 61.28229077822918, 'I_gpe': 1.164134125805491, 'I_gpi': 2.0095231087012237, 'noise_stn_sigma': 2.394580016640589, 'noise_gpe_sigma': 102.95007845886941, 'noise_gpi_sigma': 82.24232962493593, 'g_stn_gpe_mult': 3.495905873397714, 'g_gpe_stn_mult': 0.18191179023083717, 'g_stn_gpi_mult': 2.4826580537190823, 'g_gpe_gpi_mult': 0.32978401502631427}. Best is trial 501 with value: 0.13222276225619264.
[I 2026-05-28 04:03:46,607] Trial 518 finished with value: 0.1437416250927947 and parameters: {'ISTN': 60.827329541300976, 'I_gpe': 1.135820770499945, 'I_gpi': 2.0462342987472644, 'noise_stn_sigma': 2.623840523947003, 'noise_gpe_sigma': 105.40199808924653, 'noise_gpi_sigma': 80.90647252182097, 'g_stn_gpe_mult': 3.451687202357948, 'g_gpe_stn_mult': 0.17762656378368055, 'g_stn_gpi_mult': 2.453383745672876, 'g_gpe_gpi_mult': 0.34467279934003103}. Best is trial 501 with value: 0.13222276225619264.
[I 2026-05-28 04:03:47,612] Trial 519 finished with value: 0.1353545539871149 and parameters: {'ISTN': 60.279723970023525, 'I_gpe': 1.0921761943028105, 'I_gpi': 1.9497608403241034, 'noise_stn_sigma': 2.702141247248208, 'noise_gpe_sigma': 106.18863375392455, 'noise_gpi_sigma': 80.47543212045504, 'g_stn_gpe_mult': 3.470891603241353, 'g_gpe_stn_mult': 0.17810511226045025, 'g_stn_gpi_mult': 2.557473028801576, 'g_gpe_gpi_mult': 0.35972943494596976}. Best is trial 501 with value: 0.13222276225619264.
[I 2026-05-28 04:03:48,617] Trial 520 finished with value: 0.14045579918636913 and parameters: {'ISTN': 60.51629138956544, 'I_gpe': 1.0799622161812554, 'I_gpi': 1.9409294025078085, 'noise_stn_sigma': 2.571296244472075, 'noise_gpe_sigma': 105.79166145985147, 'noise_gpi_sigma': 78.81886543456659, 'g_stn_gpe_mult': 3.4765305674239713, 'g_gpe_stn_mult': 0.1751831719718302, 'g_stn_gpi_mult': 2.5684418298849243, 'g_gpe_gpi_mult': 0.3275362512777903}. Best is trial 501 with value: 0.13222276225619264.
[I 2026-05-28 04:03:49,623] Trial 521 finished with value: 0.14110763937082094 and parameters: {'ISTN': 60.86555457270639, 'I_gpe': 1.0972904276428306, 'I_gpi': 1.992574490094532, 'noise_stn_sigma': 2.520298177508349, 'noise_gpe_sigma': 109.11771444217484, 'noise_gpi_sigma': 82.36379327086702, 'g_stn_gpe_mult': 3.3950177183876757, 'g_gpe_stn_mult': 0.16897133646450685, 'g_stn_gpi_mult': 2.5134439207505292, 'g_gpe_gpi_mult': 0.31599650560896625}. Best is trial 501 with value: 0.13222276225619264.
[I 2026-05-28 04:03:50,630] Trial 522 finished with value: 0.13460549257468304 and parameters: {'ISTN': 60.28195835808034, 'I_gpe': 1.0844570102384, 'I_gpi': 1.9883769466248582, 'noise_stn_sigma': 2.5453278706557096, 'noise_gpe_sigma': 107.58512356192091, 'noise_gpi_sigma': 81.42229719217923, 'g_stn_gpe_mult': 3.431051352306845, 'g_gpe_stn_mult': 0.18296297500909636, 'g_stn_gpi_mult': 2.525388597107343, 'g_gpe_gpi_mult': 0.3257221578266907}. Best is trial 501 with value: 0.13222276225619264.
[I 2026-05-28 04:03:51,636] Trial 523 finished with value: 0.13882950068242056 and parameters: {'ISTN': 60.830795876961645, 'I_gpe': 1.1882070230308504, 'I_gpi': 1.9346250884677545, 'noise_stn_sigma': 2.7254105283697356, 'noise_gpe_sigma': 110.44617908955632, 'noise_gpi_sigma': 84.66614417545979, 'g_stn_gpe_mult': 3.454846722862143, 'g_gpe_stn_mult': 0.1584919112741195, 'g_stn_gpi_mult': 2.623531316347526, 'g_gpe_gpi_mult': 0.3494523196892272}. Best is trial 501 with value: 0.13222276225619264.
[I 2026-05-28 04:03:52,644] Trial 524 finished with value: 0.1365129877043228 and parameters: {'ISTN': 60.21311335093486, 'I_gpe': 1.1552341044514658, 'I_gpi': 2.0315452404386853, 'noise_stn_sigma': 2.5889014299841913, 'noise_gpe_sigma': 107.63349224453214, 'noise_gpi_sigma': 85.18525145932733, 'g_stn_gpe_mult': 3.5063215405857404, 'g_gpe_stn_mult': 0.17816471285653812, 'g_stn_gpi_mult': 2.4512543623881387, 'g_gpe_gpi_mult': 0.3618729262275464}. Best is trial 501 with value: 0.13222276225619264.
[I 2026-05-28 04:03:53,648] Trial 525 finished with value: 0.13983206659130232 and parameters: {'ISTN': 60.77162396777457, 'I_gpe': 1.145592304645587, 'I_gpi': 1.9666568305966639, 'noise_stn_sigma': 2.444418151059165, 'noise_gpe_sigma': 108.0997963367718, 'noise_gpi_sigma': 82.50719868083677, 'g_stn_gpe_mult': 3.4320935776033057, 'g_gpe_stn_mult': 0.17615592436687624, 'g_stn_gpi_mult': 2.512989336643277, 'g_gpe_gpi_mult': 0.3038290166586461}. Best is trial 501 with value: 0.13222276225619264.
[I 2026-05-28 04:03:54,653] Trial 526 finished with value: 0.1290046176042603 and parameters: {'ISTN': 60.02731298497764, 'I_gpe': 1.1583360363735138, 'I_gpi': 2.0137569349507665, 'noise_stn_sigma': 2.644061235052164, 'noise_gpe_sigma': 104.00530535881165, 'noise_gpi_sigma': 80.54092446011708, 'g_stn_gpe_mult': 3.3814563847638386, 'g_gpe_stn_mult': 0.17713300153221684, 'g_stn_gpi_mult': 2.5184930828564984, 'g_gpe_gpi_mult': 0.3847375355124687}. Best is trial 526 with value: 0.1290046176042603.
[I 2026-05-28 04:03:55,656] Trial 527 finished with value: 0.14836399824058155 and parameters: {'ISTN': 61.29963628495295, 'I_gpe': 1.1656549592007694, 'I_gpi': 1.9266692858521217, 'noise_stn_sigma': 2.561747428664944, 'noise_gpe_sigma': 108.89700725040146, 'noise_gpi_sigma': 84.40167921391664, 'g_stn_gpe_mult': 3.380048460301621, 'g_gpe_stn_mult': 0.16947802808454865, 'g_stn_gpi_mult': 2.569764364066594, 'g_gpe_gpi_mult': 0.34846740411974597}. Best is trial 526 with value: 0.1290046176042603.
