[I 2026-05-28 03:06:19,850] Trial 132 finished with value: 15.164397531070884 and parameters: {'ISTN': 70.30610530935591, 'I_gpe': 1.405417182689841, 'I_gpi': 2.5152222044937895, 'noise_stn_sigma': 2.9722222560866562, 'noise_gpe_sigma': 99.85322937291627, 'noise_gpi_sigma': 109.44056595261507, 'g_stn_gpe_mult': 3.091340865335421, 'g_gpe_stn_mult': 0.3042736714247346, 'g_stn_gpi_mult': 2.5886349184678705, 'g_gpe_gpi_mult': 0.8186911356370594}. Best is trial 72 with value: 1.085955108988597.
[I 2026-05-28 03:06:20,861] Trial 133 finished with value: 4.075830122900493 and parameters: {'ISTN': 60.2572216639622, 'I_gpe': 1.7855371414585903, 'I_gpi': 2.4122045109880137, 'noise_stn_sigma': 4.545841808446179, 'noise_gpe_sigma': 102.68339419726927, 'noise_gpi_sigma': 115.19323996016759, 'g_stn_gpe_mult': 2.1603324046029595, 'g_gpe_stn_mult': 0.33593376339100856, 'g_stn_gpi_mult': 2.667094958291434, 'g_gpe_gpi_mult': 0.7062387139012141}. Best is trial 72 with value: 1.085955108988597.
[I 2026-05-28 03:06:21,872] Trial 134 finished with value: 3.944453975241138 and parameters: {'ISTN': 62.71657136562673, 'I_gpe': 2.5224567830464104, 'I_gpi': 3.1089925507572835, 'noise_stn_sigma': 1.5874916965307984, 'noise_gpe_sigma': 95.6299820463082, 'noise_gpi_sigma': 140.4986706730145, 'g_stn_gpe_mult': 2.1883857969627933, 'g_gpe_stn_mult': 0.1918805885407509, 'g_stn_gpi_mult': 2.4605424956001554, 'g_gpe_gpi_mult': 1.0079572412983573}. Best is trial 72 with value: 1.085955108988597.
[I 2026-05-28 03:06:22,885] Trial 135 finished with value: 14.410921206407071 and parameters: {'ISTN': 75.44861389359669, 'I_gpe': 1.790314280703106, 'I_gpi': 2.6565189763543815, 'noise_stn_sigma': 4.103006674730337, 'noise_gpe_sigma': 97.03364787936393, 'noise_gpi_sigma': 133.36289896732944, 'g_stn_gpe_mult': 2.722666471813291, 'g_gpe_stn_mult': 0.364801299718555, 'g_stn_gpi_mult': 2.9799806368044823, 'g_gpe_gpi_mult': 0.5628383743551262}. Best is trial 72 with value: 1.085955108988597.
[I 2026-05-28 03:06:23,896] Trial 136 finished with value: 13.244012430948837 and parameters: {'ISTN': 72.88377357103582, 'I_gpe': 1.3819980567667254, 'I_gpi': 2.358626987525973, 'noise_stn_sigma': 3.147169191997246, 'noise_gpe_sigma': 108.34879551276725, 'noise_gpi_sigma': 133.61288833039754, 'g_stn_gpe_mult': 3.0543277953570236, 'g_gpe_stn_mult': 0.35863851725676266, 'g_stn_gpi_mult': 1.9933874454401734, 'g_gpe_gpi_mult': 0.6793261363292151}. Best is trial 72 with value: 1.085955108988597.
[I 2026-05-28 03:06:24,906] Trial 137 finished with value: 11.970468707836684 and parameters: {'ISTN': 71.47515220053575, 'I_gpe': 2.1010019046797037, 'I_gpi': 2.672564014569348, 'noise_stn_sigma': 2.816199570205697, 'noise_gpe_sigma': 93.1984703186704, 'noise_gpi_sigma': 130.16983545442199, 'g_stn_gpe_mult': 1.6703653263496774, 'g_gpe_stn_mult': 0.5548075555764037, 'g_stn_gpi_mult': 3.026318476878026, 'g_gpe_gpi_mult': 0.8103588395230865}. Best is trial 72 with value: 1.085955108988597.
[I 2026-05-28 03:06:25,917] Trial 138 finished with value: 6.705163633432576 and parameters: {'ISTN': 63.08997630759336, 'I_gpe': 2.2354988454762355, 'I_gpi': 2.280802980289005, 'noise_stn_sigma': 2.8852918232104607, 'noise_gpe_sigma': 83.59852884898075, 'noise_gpi_sigma': 123.09609957795978, 'g_stn_gpe_mult': 2.012048559296881, 'g_gpe_stn_mult': 0.45131464426893364, 'g_stn_gpi_mult': 2.0250004608781, 'g_gpe_gpi_mult': 0.8779357434302741}. Best is trial 72 with value: 1.085955108988597.
[I 2026-05-28 03:06:26,868] Trial 139 finished with value: 1000000.0 and parameters: {'ISTN': 60.741680124776245, 'I_gpe': 2.381388997910939, 'I_gpi': 1.735099724130785, 'noise_stn_sigma': 2.0719423639706047, 'noise_gpe_sigma': 101.26536960444004, 'noise_gpi_sigma': 125.06824870199914, 'g_stn_gpe_mult': 2.4582457229695613, 'g_gpe_stn_mult': 0.3681784066637157, 'g_stn_gpi_mult': 2.6422106469231803, 'g_gpe_gpi_mult': 0.5591424128090152}. Best is trial 72 with value: 1.085955108988597.
[I 2026-05-28 03:06:27,880] Trial 140 finished with value: 13.74670165326245 and parameters: {'ISTN': 76.25676479402632, 'I_gpe': 1.710682472782982, 'I_gpi': 2.597150473916842, 'noise_stn_sigma': 3.671521928824412, 'noise_gpe_sigma': 104.73997753389592, 'noise_gpi_sigma': 134.0748823729707, 'g_stn_gpe_mult': 2.016562686376393, 'g_gpe_stn_mult': 0.38713040650375397, 'g_stn_gpi_mult': 2.8215528165961032, 'g_gpe_gpi_mult': 0.7379611472038368}. Best is trial 72 with value: 1.085955108988597.
[I 2026-05-28 03:06:28,893] Trial 141 finished with value: 14.144761482430162 and parameters: {'ISTN': 66.82042094334008, 'I_gpe': 2.2132208359750445, 'I_gpi': 4.013542066748903, 'noise_stn_sigma': 2.408900872423107, 'noise_gpe_sigma': 105.8904981937101, 'noise_gpi_sigma': 138.3856637084906, 'g_stn_gpe_mult': 1.5982370995434172, 'g_gpe_stn_mult': 0.2862010093680556, 'g_stn_gpi_mult': 3.1157679084002448, 'g_gpe_gpi_mult': 0.9459130662983137}. Best is trial 72 with value: 1.085955108988597.
[I 2026-05-28 03:06:29,904] Trial 142 finished with value: 12.06805935834022 and parameters: {'ISTN': 67.31581583345901, 'I_gpe': 1.6359583265183097, 'I_gpi': 1.6908823114781197, 'noise_stn_sigma': 2.610889487015817, 'noise_gpe_sigma': 81.62644090034463, 'noise_gpi_sigma': 102.30013586393949, 'g_stn_gpe_mult': 1.6609245913162574, 'g_gpe_stn_mult': 0.29744380061577563, 'g_stn_gpi_mult': 2.289797609057896, 'g_gpe_gpi_mult': 0.7921815839903217}. Best is trial 72 with value: 1.085955108988597.
[I 2026-05-28 03:06:30,917] Trial 143 finished with value: 9.905344735775731 and parameters: {'ISTN': 82.26204241576939, 'I_gpe': 1.460804694077197, 'I_gpi': 2.69799962261659, 'noise_stn_sigma': 3.097079164382576, 'noise_gpe_sigma': 119.96591933229924, 'noise_gpi_sigma': 133.1033236586441, 'g_stn_gpe_mult': 2.632202125947352, 'g_gpe_stn_mult': 0.25451658330077476, 'g_stn_gpi_mult': 2.465683064810505, 'g_gpe_gpi_mult': 0.723514918532471}. Best is trial 72 with value: 1.085955108988597.
[I 2026-05-28 03:06:31,929] Trial 144 finished with value: 11.128372972812018 and parameters: {'ISTN': 62.30643280134383, 'I_gpe': 2.116788613466504, 'I_gpi': 2.8065526561588072, 'noise_stn_sigma': 2.4353441984308737, 'noise_gpe_sigma': 102.39061600608194, 'noise_gpi_sigma': 116.1751541674813, 'g_stn_gpe_mult': 2.3180037713924007, 'g_gpe_stn_mult': 0.5151205652437265, 'g_stn_gpi_mult': 2.941942734116159, 'g_gpe_gpi_mult': 0.8270597189106479}. Best is trial 72 with value: 1.085955108988597.
[I 2026-05-28 03:06:32,941] Trial 145 finished with value: 11.276088450511104 and parameters: {'ISTN': 65.92387682454743, 'I_gpe': 2.106069850830771, 'I_gpi': 2.545352958986476, 'noise_stn_sigma': 2.3557910909148725, 'noise_gpe_sigma': 107.28295581433352, 'noise_gpi_sigma': 131.5552124999326, 'g_stn_gpe_mult': 1.8405405494122478, 'g_gpe_stn_mult': 0.2237773591308951, 'g_stn_gpi_mult': 2.3992505094914023, 'g_gpe_gpi_mult': 0.9535889226214227}. Best is trial 72 with value: 1.085955108988597.
[I 2026-05-28 03:06:33,949] Trial 146 finished with value: 6.873222647815251 and parameters: {'ISTN': 65.20313916700911, 'I_gpe': 2.225155935401263, 'I_gpi': 2.4215239150179015, 'noise_stn_sigma': 1.6189077492256612, 'noise_gpe_sigma': 89.44427506045325, 'noise_gpi_sigma': 123.7075158509503, 'g_stn_gpe_mult': 2.6719323420772003, 'g_gpe_stn_mult': 0.2684334217027976, 'g_stn_gpi_mult': 2.5073598360643388, 'g_gpe_gpi_mult': 0.9521870864434008}. Best is trial 72 with value: 1.085955108988597.
[I 2026-05-28 03:06:34,959] Trial 147 finished with value: 14.664760570530705 and parameters: {'ISTN': 60.80344257711071, 'I_gpe': 2.628951047638143, 'I_gpi': 3.550952886063884, 'noise_stn_sigma': 2.940579448194579, 'noise_gpe_sigma': 79.13107288753706, 'noise_gpi_sigma': 129.3657041975783, 'g_stn_gpe_mult': 1.7326248005502423, 'g_gpe_stn_mult': 0.44982918261095906, 'g_stn_gpi_mult': 3.1465945521061847, 'g_gpe_gpi_mult': 0.867716771381779}. Best is trial 72 with value: 1.085955108988597.
[I 2026-05-28 03:06:35,971] Trial 148 finished with value: 9.336028786279844 and parameters: {'ISTN': 62.65892527226871, 'I_gpe': 1.9436430283242332, 'I_gpi': 2.4122544446609226, 'noise_stn_sigma': 2.7636686224888556, 'noise_gpe_sigma': 109.67593396669362, 'noise_gpi_sigma': 148.52542609311493, 'g_stn_gpe_mult': 1.7593725270413159, 'g_gpe_stn_mult': 0.41411527165303486, 'g_stn_gpi_mult': 2.8672109415749265, 'g_gpe_gpi_mult': 0.9399126633068486}. Best is trial 72 with value: 1.085955108988597.
[I 2026-05-28 03:06:36,982] Trial 149 finished with value: 14.475996357085421 and parameters: {'ISTN': 69.27754511676083, 'I_gpe': 1.9753239699075402, 'I_gpi': 2.9145943983742386, 'noise_stn_sigma': 3.2913235182187597, 'noise_gpe_sigma': 90.73827119599899, 'noise_gpi_sigma': 133.4074570219072, 'g_stn_gpe_mult': 2.135488968798837, 'g_gpe_stn_mult': 0.39439229841686596, 'g_stn_gpi_mult': 3.201721266959671, 'g_gpe_gpi_mult': 0.7221125873077836}. Best is trial 72 with value: 1.085955108988597.
[I 2026-05-28 03:06:37,995] Trial 150 finished with value: 8.895598550125161 and parameters: {'ISTN': 61.97460172308986, 'I_gpe': 2.339456965108905, 'I_gpi': 3.0431135172666997, 'noise_stn_sigma': 3.4588716002844593, 'noise_gpe_sigma': 77.14113750714488, 'noise_gpi_sigma': 133.55486416094698, 'g_stn_gpe_mult': 2.1257490959993426, 'g_gpe_stn_mult': 0.37704810618886764, 'g_stn_gpi_mult': 2.5443843204626457, 'g_gpe_gpi_mult': 0.8154131881358107}. Best is trial 72 with value: 1.085955108988597.
[I 2026-05-28 03:06:39,008] Trial 151 finished with value: 10.70182570797419 and parameters: {'ISTN': 69.93607983842435, 'I_gpe': 1.8370789919927912, 'I_gpi': 2.4486122715442296, 'noise_stn_sigma': 2.276500558607501, 'noise_gpe_sigma': 107.88528222349304, 'noise_gpi_sigma': 131.39779885923713, 'g_stn_gpe_mult': 1.8653794759964712, 'g_gpe_stn_mult': 0.34145807356040725, 'g_stn_gpi_mult': 2.7723925715790476, 'g_gpe_gpi_mult': 0.9636804487409656}. Best is trial 72 with value: 1.085955108988597.
[I 2026-05-28 03:06:40,020] Trial 152 finished with value: 14.926239182066938 and parameters: {'ISTN': 73.58593135498668, 'I_gpe': 2.070619402812657, 'I_gpi': 2.4501626153002296, 'noise_stn_sigma': 2.1118462165199827, 'noise_gpe_sigma': 92.60692205856958, 'noise_gpi_sigma': 136.72240340673642, 'g_stn_gpe_mult': 2.3648666894339847, 'g_gpe_stn_mult': 0.3159814333220775, 'g_stn_gpi_mult': 2.288748663414288, 'g_gpe_gpi_mult': 0.8602364248108185}. Best is trial 72 with value: 1.085955108988597.
[I 2026-05-28 03:06:41,032] Trial 153 finished with value: 17.912691305032606 and parameters: {'ISTN': 80.09714978128844, 'I_gpe': 2.5061173257706635, 'I_gpi': 2.9197334713548755, 'noise_stn_sigma': 1.3100849366857779, 'noise_gpe_sigma': 76.64579077020983, 'noise_gpi_sigma': 135.82460949744313, 'g_stn_gpe_mult': 2.204674904534739, 'g_gpe_stn_mult': 0.353137607675834, 'g_stn_gpi_mult': 3.1034106021987373, 'g_gpe_gpi_mult': 1.0625462568736328}. Best is trial 72 with value: 1.085955108988597.
[I 2026-05-28 03:06:42,044] Trial 154 finished with value: 13.076536376416772 and parameters: {'ISTN': 72.8572845804348, 'I_gpe': 2.231173984726735, 'I_gpi': 3.1100425690858877, 'noise_stn_sigma': 3.056261474253594, 'noise_gpe_sigma': 88.91771519805692, 'noise_gpi_sigma': 142.27001095364454, 'g_stn_gpe_mult': 2.9194074718132175, 'g_gpe_stn_mult': 0.33886333875663854, 'g_stn_gpi_mult': 2.527793465031186, 'g_gpe_gpi_mult': 0.9579638960112213}. Best is trial 72 with value: 1.085955108988597.
[I 2026-05-28 03:06:43,058] Trial 155 finished with value: 13.856910212298416 and parameters: {'ISTN': 68.3139698824877, 'I_gpe': 2.1109039123595252, 'I_gpi': 2.63427026275939, 'noise_stn_sigma': 2.8511096176444837, 'noise_gpe_sigma': 112.43143779906687, 'noise_gpi_sigma': 140.08902609672862, 'g_stn_gpe_mult': 2.471499671128907, 'g_gpe_stn_mult': 0.3813280279373882, 'g_stn_gpi_mult': 2.4390171235840845, 'g_gpe_gpi_mult': 0.7927892633373823}. Best is trial 72 with value: 1.085955108988597.
[I 2026-05-28 03:06:44,068] Trial 156 finished with value: 11.028951455537372 and parameters: {'ISTN': 71.78032960442303, 'I_gpe': 2.257817594453622, 'I_gpi': 2.393394694767704, 'noise_stn_sigma': 2.7405350473174095, 'noise_gpe_sigma': 78.4102343796672, 'noise_gpi_sigma': 138.60875190588695, 'g_stn_gpe_mult': 2.66762810981746, 'g_gpe_stn_mult': 0.23552111654956406, 'g_stn_gpi_mult': 3.0920353732851575, 'g_gpe_gpi_mult': 1.0361441688712625}. Best is trial 72 with value: 1.085955108988597.
[I 2026-05-28 03:06:45,080] Trial 157 finished with value: 12.827271759502803 and parameters: {'ISTN': 71.04460457543048, 'I_gpe': 1.7685260896784276, 'I_gpi': 2.423233928091281, 'noise_stn_sigma': 3.2959630131868005, 'noise_gpe_sigma': 101.31909906545857, 'noise_gpi_sigma': 113.57683623073618, 'g_stn_gpe_mult': 2.8454448281615328, 'g_gpe_stn_mult': 0.3241999802312911, 'g_stn_gpi_mult': 2.175565157721235, 'g_gpe_gpi_mult': 0.8002842103090035}. Best is trial 72 with value: 1.085955108988597.
[I 2026-05-28 03:06:46,091] Trial 158 finished with value: 12.146494953814459 and parameters: {'ISTN': 67.16467901423832, 'I_gpe': 2.617762480744017, 'I_gpi': 2.752442979027374, 'noise_stn_sigma': 2.599099320718577, 'noise_gpe_sigma': 108.83022983371384, 'noise_gpi_sigma': 130.48542155278258, 'g_stn_gpe_mult': 2.754604316667176, 'g_gpe_stn_mult': 0.32164013178982853, 'g_stn_gpi_mult': 2.4500918114770593, 'g_gpe_gpi_mult': 0.9882073804467704}. Best is trial 72 with value: 1.085955108988597.
[I 2026-05-28 03:06:47,103] Trial 159 finished with value: 4.336419821221895 and parameters: {'ISTN': 61.35868667696841, 'I_gpe': 2.389939888946886, 'I_gpi': 2.6320223506564107, 'noise_stn_sigma': 2.018682811865505, 'noise_gpe_sigma': 96.10135969215519, 'noise_gpi_sigma': 124.55296124169696, 'g_stn_gpe_mult': 1.7625531202155464, 'g_gpe_stn_mult': 0.204577717475404, 'g_stn_gpi_mult': 2.9238067435400055, 'g_gpe_gpi_mult': 0.924211691481226}. Best is trial 72 with value: 1.085955108988597.
[I 2026-05-28 03:06:48,113] Trial 160 finished with value: 13.20160132025533 and parameters: {'ISTN': 72.815407160079, 'I_gpe': 2.332055089273546, 'I_gpi': 2.431244785849399, 'noise_stn_sigma': 2.3235625351848523, 'noise_gpe_sigma': 79.83524914502215, 'noise_gpi_sigma': 125.31263955034933, 'g_stn_gpe_mult': 2.621373724131465, 'g_gpe_stn_mult': 0.36270081006681987, 'g_stn_gpi_mult': 2.7482769933342337, 'g_gpe_gpi_mult': 0.9822830141588326}. Best is trial 72 with value: 1.085955108988597.
[I 2026-05-28 03:06:49,126] Trial 161 finished with value: 13.650144772939651 and parameters: {'ISTN': 71.8006528503425, 'I_gpe': 1.8336020120225631, 'I_gpi': 2.359357894090116, 'noise_stn_sigma': 2.7281504786626662, 'noise_gpe_sigma': 99.09250367569896, 'noise_gpi_sigma': 102.17734408179626, 'g_stn_gpe_mult': 1.9470441088902832, 'g_gpe_stn_mult': 0.24932560193820727, 'g_stn_gpi_mult': 2.822771728203136, 'g_gpe_gpi_mult': 0.9099840000836603}. Best is trial 72 with value: 1.085955108988597.
[I 2026-05-28 03:06:50,136] Trial 162 finished with value: 14.054529501917408 and parameters: {'ISTN': 60.88755352288259, 'I_gpe': 2.8887443185920434, 'I_gpi': 2.237651167072788, 'noise_stn_sigma': 2.4069571910849783, 'noise_gpe_sigma': 90.0353272022583, 'noise_gpi_sigma': 123.04245077389338, 'g_stn_gpe_mult': 1.5649631011452403, 'g_gpe_stn_mult': 0.2186392381793138, 'g_stn_gpi_mult': 2.852636586682649, 'g_gpe_gpi_mult': 0.922231759976998}. Best is trial 72 with value: 1.085955108988597.
[I 2026-05-28 03:06:51,086] Trial 163 finished with value: 1000000.0 and parameters: {'ISTN': 73.41909592013506, 'I_gpe': 2.333846863172634, 'I_gpi': 3.006813514263226, 'noise_stn_sigma': 2.6406009579055842, 'noise_gpe_sigma': 70.9456025289239, 'noise_gpi_sigma': 124.85383546676125, 'g_stn_gpe_mult': 2.199926226689721, 'g_gpe_stn_mult': 0.2269204813313231, 'g_stn_gpi_mult': 2.795677258698107, 'g_gpe_gpi_mult': 0.8552002452138241}. Best is trial 72 with value: 1.085955108988597.
[I 2026-05-28 03:06:52,098] Trial 164 finished with value: 12.970636213071018 and parameters: {'ISTN': 76.80102779715676, 'I_gpe': 2.2183229869796266, 'I_gpi': 2.488615165255781, 'noise_stn_sigma': 3.265171124661626, 'noise_gpe_sigma': 96.65138590597546, 'noise_gpi_sigma': 126.53994266080265, 'g_stn_gpe_mult': 2.0936347280500662, 'g_gpe_stn_mult': 0.3388154044744356, 'g_stn_gpi_mult': 2.7566781572936554, 'g_gpe_gpi_mult': 0.9788661013787818}. Best is trial 72 with value: 1.085955108988597.
[I 2026-05-28 03:06:53,109] Trial 165 finished with value: 13.693703032091719 and parameters: {'ISTN': 72.5661620311889, 'I_gpe': 2.334209386172572, 'I_gpi': 2.796082225206552, 'noise_stn_sigma': 2.9465175280385703, 'noise_gpe_sigma': 103.45654902506169, 'noise_gpi_sigma': 135.31735045657192, 'g_stn_gpe_mult': 2.100905208052933, 'g_gpe_stn_mult': 0.1498556515538554, 'g_stn_gpi_mult': 2.8959724171957038, 'g_gpe_gpi_mult': 1.0209635489880728}. Best is trial 72 with value: 1.085955108988597.
[I 2026-05-28 03:06:54,120] Trial 166 finished with value: 12.34050011909554 and parameters: {'ISTN': 79.58396576348783, 'I_gpe': 1.8411299207400433, 'I_gpi': 2.0788195307671042, 'noise_stn_sigma': 1.3642701423940562, 'noise_gpe_sigma': 112.330362681469, 'noise_gpi_sigma': 134.5752485337564, 'g_stn_gpe_mult': 2.5658220275684114, 'g_gpe_stn_mult': 0.30260937740514565, 'g_stn_gpi_mult': 3.1615328919933603, 'g_gpe_gpi_mult': 1.061916291603463}. Best is trial 72 with value: 1.085955108988597.
[I 2026-05-28 03:06:55,133] Trial 167 finished with value: 4.752558822982338 and parameters: {'ISTN': 60.546841363186935, 'I_gpe': 2.2858505676294385, 'I_gpi': 2.490824268532521, 'noise_stn_sigma': 1.810927804182355, 'noise_gpe_sigma': 92.3100019756914, 'noise_gpi_sigma': 122.98674404889692, 'g_stn_gpe_mult': 1.85098346668669, 'g_gpe_stn_mult': 0.2271274345104007, 'g_stn_gpi_mult': 3.093256138492918, 'g_gpe_gpi_mult': 1.0960690816653873}. Best is trial 72 with value: 1.085955108988597.
[I 2026-05-28 03:06:56,145] Trial 168 finished with value: 10.119975337454393 and parameters: {'ISTN': 73.7801895827601, 'I_gpe': 2.3317861669544797, 'I_gpi': 1.8540888248163943, 'noise_stn_sigma': 3.101337846104029, 'noise_gpe_sigma': 106.18387078811072, 'noise_gpi_sigma': 139.75732460250202, 'g_stn_gpe_mult': 2.0826845282229396, 'g_gpe_stn_mult': 0.31619333774026276, 'g_stn_gpi_mult': 3.3222485097994565, 'g_gpe_gpi_mult': 0.9270549854089649}. Best is trial 72 with value: 1.085955108988597.
[I 2026-05-28 03:06:57,156] Trial 169 finished with value: 16.82007163199598 and parameters: {'ISTN': 78.60356382728983, 'I_gpe': 2.8213011190296946, 'I_gpi': 2.952450310155272, 'noise_stn_sigma': 2.444018313684033, 'noise_gpe_sigma': 107.19522955421895, 'noise_gpi_sigma': 129.35911779065052, 'g_stn_gpe_mult': 2.2613647350880512, 'g_gpe_stn_mult': 0.257786368197371, 'g_stn_gpi_mult': 2.850857327575047, 'g_gpe_gpi_mult': 1.011611963597014}. Best is trial 72 with value: 1.085955108988597.
[I 2026-05-28 03:06:58,168] Trial 170 finished with value: 14.627841291492015 and parameters: {'ISTN': 73.34485412934112, 'I_gpe': 2.2183521773266497, 'I_gpi': 3.1555412428436105, 'noise_stn_sigma': 2.5108144672178057, 'noise_gpe_sigma': 93.51216203194394, 'noise_gpi_sigma': 143.414599014903, 'g_stn_gpe_mult': 1.9756535449321944, 'g_gpe_stn_mult': 0.28050778538602933, 'g_stn_gpi_mult': 3.169203454720634, 'g_gpe_gpi_mult': 1.0633734678992564}. Best is trial 72 with value: 1.085955108988597.
[I 2026-05-28 03:06:59,184] Trial 171 finished with value: 7.214189955746252 and parameters: {'ISTN': 60.46282604968529, 'I_gpe': 2.4238688522730554, 'I_gpi': 1.9276786514570052, 'noise_stn_sigma': 2.785611887222387, 'noise_gpe_sigma': 85.7302729105878, 'noise_gpi_sigma': 140.409019136726, 'g_stn_gpe_mult': 2.2244684830338004, 'g_gpe_stn_mult': 0.33543628324546215, 'g_stn_gpi_mult': 3.201859755809493, 'g_gpe_gpi_mult': 1.0502583192929265}. Best is trial 72 with value: 1.085955108988597.
[I 2026-05-28 03:07:00,195] Trial 172 finished with value: 16.659836645113412 and parameters: {'ISTN': 81.08880310172263, 'I_gpe': 2.1931213122777926, 'I_gpi': 2.11744416938508, 'noise_stn_sigma': 2.4849025349317837, 'noise_gpe_sigma': 79.10380277817292, 'noise_gpi_sigma': 147.31099397326824, 'g_stn_gpe_mult': 2.3350425770611754, 'g_gpe_stn_mult': 0.34205528941011004, 'g_stn_gpi_mult': 3.362658324714474, 'g_gpe_gpi_mult': 1.0030881112618928}. Best is trial 72 with value: 1.085955108988597.
[I 2026-05-28 03:07:01,205] Trial 173 finished with value: 14.972342294502813 and parameters: {'ISTN': 90.01659623108546, 'I_gpe': 2.4732634501656015, 'I_gpi': 1.7283485544774928, 'noise_stn_sigma': 2.3963298156379476, 'noise_gpe_sigma': 120.80531786566233, 'noise_gpi_sigma': 125.87594761132942, 'g_stn_gpe_mult': 1.6683903690306647, 'g_gpe_stn_mult': 0.17396860038012274, 'g_stn_gpi_mult': 3.1677301302097725, 'g_gpe_gpi_mult': 1.1432032336647917}. Best is trial 72 with value: 1.085955108988597.
[I 2026-05-28 03:07:02,217] Trial 174 finished with value: 2.1842741504251 and parameters: {'ISTN': 63.797934231296345, 'I_gpe': 1.9549986495671536, 'I_gpi': 2.6320630361798707, 'noise_stn_sigma': 1.6675569456383128, 'noise_gpe_sigma': 100.89416779805804, 'noise_gpi_sigma': 98.74479540042083, 'g_stn_gpe_mult': 2.0563701226605096, 'g_gpe_stn_mult': 0.1501602256467753, 'g_stn_gpi_mult': 3.011236358300036, 'g_gpe_gpi_mult': 0.8970251352178875}. Best is trial 72 with value: 1.085955108988597.
[I 2026-05-28 03:07:03,227] Trial 175 finished with value: 13.52857488988006 and parameters: {'ISTN': 68.78931587774244, 'I_gpe': 1.622195308420695, 'I_gpi': 2.2752702965693414, 'noise_stn_sigma': 3.9876144471897703, 'noise_gpe_sigma': 84.93846482808962, 'noise_gpi_sigma': 111.76496318236099, 'g_stn_gpe_mult': 2.086952978411949, 'g_gpe_stn_mult': 0.27456117695341226, 'g_stn_gpi_mult': 3.340380067843774, 'g_gpe_gpi_mult': 1.0946091939574434}. Best is trial 72 with value: 1.085955108988597.
