[I 2026-05-28 03:15:57,796] Trial 704 finished with value: 0.13912598512958366 and parameters: {'ISTN': 60.577176475024324, 'I_gpe': 1.2388979033463878, 'I_gpi': 1.852112280061712, 'noise_stn_sigma': 2.6384166901170203, 'noise_gpe_sigma': 103.36790660816337, 'noise_gpi_sigma': 80.61724162469079, 'g_stn_gpe_mult': 2.7712119107512887, 'g_gpe_stn_mult': 0.1645195931331352, 'g_stn_gpi_mult': 3.4998295491760856, 'g_gpe_gpi_mult': 1.07261548305825}. Best is trial 695 with value: 0.13291599920400346.
[I 2026-05-28 03:15:58,809] Trial 705 finished with value: 0.1348172146780713 and parameters: {'ISTN': 60.30463774012328, 'I_gpe': 1.211261752086125, 'I_gpi': 1.9042500447107815, 'noise_stn_sigma': 2.6715125597162688, 'noise_gpe_sigma': 104.80445339515748, 'noise_gpi_sigma': 78.76450451377275, 'g_stn_gpe_mult': 2.7986165792336437, 'g_gpe_stn_mult': 0.16380501806971806, 'g_stn_gpi_mult': 3.5145758296254046, 'g_gpe_gpi_mult': 1.0988022492272769}. Best is trial 695 with value: 0.13291599920400346.
[I 2026-05-28 03:15:59,822] Trial 706 finished with value: 0.15495783358091575 and parameters: {'ISTN': 60.45154899932201, 'I_gpe': 1.185226954145009, 'I_gpi': 1.8881286346011619, 'noise_stn_sigma': 2.5924676189518654, 'noise_gpe_sigma': 105.37422759849223, 'noise_gpi_sigma': 76.47811755738695, 'g_stn_gpe_mult': 2.899999130361998, 'g_gpe_stn_mult': 0.1631772996910144, 'g_stn_gpi_mult': 3.522162628865944, 'g_gpe_gpi_mult': 1.0857372581578772}. Best is trial 695 with value: 0.13291599920400346.
[I 2026-05-28 03:16:00,834] Trial 707 finished with value: 0.14828319986420813 and parameters: {'ISTN': 61.5103470841239, 'I_gpe': 1.218674254799894, 'I_gpi': 1.9354163848700554, 'noise_stn_sigma': 2.7156285249837215, 'noise_gpe_sigma': 104.0362133550275, 'noise_gpi_sigma': 80.65496020405926, 'g_stn_gpe_mult': 2.7748325915934102, 'g_gpe_stn_mult': 0.15155835674966003, 'g_stn_gpi_mult': 3.519737813551128, 'g_gpe_gpi_mult': 1.0777505932509424}. Best is trial 695 with value: 0.13291599920400346.
[I 2026-05-28 03:16:01,844] Trial 708 finished with value: 0.13725956081151544 and parameters: {'ISTN': 60.47613285069744, 'I_gpe': 1.2092764978750707, 'I_gpi': 1.8529218680468045, 'noise_stn_sigma': 2.726582165659126, 'noise_gpe_sigma': 103.56930091176693, 'noise_gpi_sigma': 78.02951591248178, 'g_stn_gpe_mult': 2.787296809928436, 'g_gpe_stn_mult': 0.16059901244636274, 'g_stn_gpi_mult': 3.5569595274003154, 'g_gpe_gpi_mult': 1.0898220290798661}. Best is trial 695 with value: 0.13291599920400346.
[I 2026-05-28 03:16:02,857] Trial 709 finished with value: 0.13846160355255044 and parameters: {'ISTN': 60.592858075299844, 'I_gpe': 1.2449599140279273, 'I_gpi': 1.9269877705451277, 'noise_stn_sigma': 2.6832928002864893, 'noise_gpe_sigma': 103.59620447768782, 'noise_gpi_sigma': 79.4667999007132, 'g_stn_gpe_mult': 2.8142410595036282, 'g_gpe_stn_mult': 0.15884526919771938, 'g_stn_gpi_mult': 3.5048668679653665, 'g_gpe_gpi_mult': 1.080613245891051}. Best is trial 695 with value: 0.13291599920400346.
[I 2026-05-28 03:16:03,870] Trial 710 finished with value: 0.13981478289056176 and parameters: {'ISTN': 61.58772702155413, 'I_gpe': 1.2037992176050865, 'I_gpi': 1.9133624895008876, 'noise_stn_sigma': 2.662794861593305, 'noise_gpe_sigma': 104.46152182452536, 'noise_gpi_sigma': 80.58887263366773, 'g_stn_gpe_mult': 2.859291353550998, 'g_gpe_stn_mult': 0.1543387166892768, 'g_stn_gpi_mult': 3.5260537920461625, 'g_gpe_gpi_mult': 1.08096775978565}. Best is trial 695 with value: 0.13291599920400346.
[I 2026-05-28 03:16:04,885] Trial 711 finished with value: 0.13543220709254253 and parameters: {'ISTN': 60.668705676906576, 'I_gpe': 1.2558805941474944, 'I_gpi': 1.8894532528184391, 'noise_stn_sigma': 2.6299935505873915, 'noise_gpe_sigma': 103.6659307470052, 'noise_gpi_sigma': 79.95837036677091, 'g_stn_gpe_mult': 2.8463703237547957, 'g_gpe_stn_mult': 0.16616769451918173, 'g_stn_gpi_mult': 3.504347572860576, 'g_gpe_gpi_mult': 1.0845318787338447}. Best is trial 695 with value: 0.13291599920400346.
[I 2026-05-28 03:16:05,897] Trial 712 finished with value: 0.143028140865636 and parameters: {'ISTN': 60.82241300830848, 'I_gpe': 1.2543335343830015, 'I_gpi': 1.9196411279128118, 'noise_stn_sigma': 2.6438772249742257, 'noise_gpe_sigma': 102.86510227207451, 'noise_gpi_sigma': 79.18123946050508, 'g_stn_gpe_mult': 2.785787376689079, 'g_gpe_stn_mult': 0.162724274321081, 'g_stn_gpi_mult': 3.5370189768144287, 'g_gpe_gpi_mult': 1.065849462527008}. Best is trial 695 with value: 0.13291599920400346.
[I 2026-05-28 03:16:06,910] Trial 713 finished with value: 0.20535710703809568 and parameters: {'ISTN': 60.0078679915696, 'I_gpe': 1.2045446795955983, 'I_gpi': 1.8585851197317325, 'noise_stn_sigma': 2.5782393550787486, 'noise_gpe_sigma': 104.2199484215314, 'noise_gpi_sigma': 77.65890512765787, 'g_stn_gpe_mult': 2.807232200414512, 'g_gpe_stn_mult': 0.17122150102404377, 'g_stn_gpi_mult': 3.5652922968107372, 'g_gpe_gpi_mult': 1.1053888568036174}. Best is trial 695 with value: 0.13291599920400346.
[I 2026-05-28 03:16:07,922] Trial 714 finished with value: 0.14066783630557078 and parameters: {'ISTN': 61.01739926764448, 'I_gpe': 1.2125802847578386, 'I_gpi': 1.8842087267915408, 'noise_stn_sigma': 2.685114405423503, 'noise_gpe_sigma': 103.09333406984543, 'noise_gpi_sigma': 79.72498529000325, 'g_stn_gpe_mult': 2.720644861778479, 'g_gpe_stn_mult': 0.15846453110004927, 'g_stn_gpi_mult': 3.564040182544903, 'g_gpe_gpi_mult': 1.0751693104445537}. Best is trial 695 with value: 0.13291599920400346.
[I 2026-05-28 03:16:08,937] Trial 715 finished with value: 0.13132748516079087 and parameters: {'ISTN': 60.63184778765793, 'I_gpe': 1.2314838685607419, 'I_gpi': 1.8664199382920366, 'noise_stn_sigma': 2.5048601355160067, 'noise_gpe_sigma': 104.78860569664714, 'noise_gpi_sigma': 78.33571665728209, 'g_stn_gpe_mult': 2.771565174863424, 'g_gpe_stn_mult': 0.16913358802074713, 'g_stn_gpi_mult': 3.52206541218376, 'g_gpe_gpi_mult': 1.091135230062585}. Best is trial 715 with value: 0.13132748516079087.
[I 2026-05-28 03:16:09,946] Trial 716 finished with value: 0.1517051626714697 and parameters: {'ISTN': 61.223229186319955, 'I_gpe': 1.1618469133650557, 'I_gpi': 1.9301848195868838, 'noise_stn_sigma': 2.6266876259313143, 'noise_gpe_sigma': 106.1782055169422, 'noise_gpi_sigma': 76.60963751217918, 'g_stn_gpe_mult': 2.787179123824826, 'g_gpe_stn_mult': 0.15898304007146874, 'g_stn_gpi_mult': 3.6037179153725507, 'g_gpe_gpi_mult': 1.1110426761157775}. Best is trial 715 with value: 0.13132748516079087.
[I 2026-05-28 03:16:10,960] Trial 717 finished with value: 0.1418118046030493 and parameters: {'ISTN': 60.99446801278092, 'I_gpe': 1.2721554015710699, 'I_gpi': 1.9037168394059316, 'noise_stn_sigma': 2.5884280034596028, 'noise_gpe_sigma': 104.03900067539038, 'noise_gpi_sigma': 80.06339430331954, 'g_stn_gpe_mult': 2.8064012323305736, 'g_gpe_stn_mult': 0.1647802739890457, 'g_stn_gpi_mult': 3.451749583865038, 'g_gpe_gpi_mult': 1.0943729940456113}. Best is trial 715 with value: 0.13132748516079087.
[I 2026-05-28 03:16:11,970] Trial 718 finished with value: 0.14127100526702 and parameters: {'ISTN': 61.08392757160382, 'I_gpe': 1.2030919004112257, 'I_gpi': 1.8712013172764783, 'noise_stn_sigma': 2.6286741121509714, 'noise_gpe_sigma': 104.40913438047323, 'noise_gpi_sigma': 79.39941175350134, 'g_stn_gpe_mult': 2.7856024575840364, 'g_gpe_stn_mult': 0.1612748782430504, 'g_stn_gpi_mult': 3.5312473864435283, 'g_gpe_gpi_mult': 1.0792163859592534}. Best is trial 715 with value: 0.13132748516079087.
[I 2026-05-28 03:16:12,983] Trial 719 finished with value: 0.1389777846487715 and parameters: {'ISTN': 60.87204523235495, 'I_gpe': 1.2875627575220165, 'I_gpi': 1.887489933278915, 'noise_stn_sigma': 2.664661031835821, 'noise_gpe_sigma': 102.07233926190301, 'noise_gpi_sigma': 81.59638256906081, 'g_stn_gpe_mult': 2.8292252148597568, 'g_gpe_stn_mult': 0.1559206778557503, 'g_stn_gpi_mult': 3.490756376899144, 'g_gpe_gpi_mult': 1.0903932519626012}. Best is trial 715 with value: 0.13132748516079087.
[I 2026-05-28 03:16:13,996] Trial 720 finished with value: 0.1424309619217842 and parameters: {'ISTN': 60.09480087651568, 'I_gpe': 1.1786133944559698, 'I_gpi': 1.9075927901866123, 'noise_stn_sigma': 2.697551788039588, 'noise_gpe_sigma': 106.02427681990312, 'noise_gpi_sigma': 77.98300470447232, 'g_stn_gpe_mult': 2.7505995358257875, 'g_gpe_stn_mult': 0.15678006069704478, 'g_stn_gpi_mult': 3.5436667498157064, 'g_gpe_gpi_mult': 1.0910526598332986}. Best is trial 715 with value: 0.13132748516079087.
[I 2026-05-28 03:16:15,009] Trial 721 finished with value: 0.13492768004560532 and parameters: {'ISTN': 60.14983991672646, 'I_gpe': 1.1946490164125505, 'I_gpi': 1.881182971576791, 'noise_stn_sigma': 2.4222897518564417, 'noise_gpe_sigma': 104.20915477573664, 'noise_gpi_sigma': 79.27188942005913, 'g_stn_gpe_mult': 2.7116030827040136, 'g_gpe_stn_mult': 0.1753276573189124, 'g_stn_gpi_mult': 3.480136566139194, 'g_gpe_gpi_mult': 1.071102244467303}. Best is trial 715 with value: 0.13132748516079087.
[I 2026-05-28 03:16:16,022] Trial 722 finished with value: 0.13675919023061103 and parameters: {'ISTN': 60.66395793886738, 'I_gpe': 1.1954690490808109, 'I_gpi': 1.8442248854072134, 'noise_stn_sigma': 2.627637679336977, 'noise_gpe_sigma': 104.98168699051442, 'noise_gpi_sigma': 76.89741747349586, 'g_stn_gpe_mult': 2.876398597586318, 'g_gpe_stn_mult': 0.1659963213473207, 'g_stn_gpi_mult': 3.5298456564465877, 'g_gpe_gpi_mult': 1.0810229333812007}. Best is trial 715 with value: 0.13132748516079087.
[I 2026-05-28 03:16:17,034] Trial 723 finished with value: 0.19952265651645673 and parameters: {'ISTN': 61.108349579734806, 'I_gpe': 1.2153062816186213, 'I_gpi': 1.89208965758651, 'noise_stn_sigma': 2.599922880135125, 'noise_gpe_sigma': 103.94531724553107, 'noise_gpi_sigma': 78.51302634500365, 'g_stn_gpe_mult': 2.814137131752, 'g_gpe_stn_mult': 0.1557097180199412, 'g_stn_gpi_mult': 3.5330485723494434, 'g_gpe_gpi_mult': 1.0888462542906339}. Best is trial 715 with value: 0.13132748516079087.
[I 2026-05-28 03:16:18,044] Trial 724 finished with value: 0.13310408490112563 and parameters: {'ISTN': 60.29989020586537, 'I_gpe': 1.220391772004494, 'I_gpi': 1.8727051153292713, 'noise_stn_sigma': 2.6237211748040963, 'noise_gpe_sigma': 103.17862429495564, 'noise_gpi_sigma': 78.64787710299035, 'g_stn_gpe_mult': 2.7999735935074925, 'g_gpe_stn_mult': 0.1636342842452489, 'g_stn_gpi_mult': 3.5674157647346507, 'g_gpe_gpi_mult': 1.0900378750911979}. Best is trial 715 with value: 0.13132748516079087.
[I 2026-05-28 03:16:19,056] Trial 725 finished with value: 0.143474128053549 and parameters: {'ISTN': 61.03513591993961, 'I_gpe': 1.2888189465026871, 'I_gpi': 1.8103141490432977, 'noise_stn_sigma': 2.405057374012224, 'noise_gpe_sigma': 104.15433205294582, 'noise_gpi_sigma': 78.95691232934098, 'g_stn_gpe_mult': 2.7755842206346197, 'g_gpe_stn_mult': 0.16680761277048795, 'g_stn_gpi_mult': 3.581922321422918, 'g_gpe_gpi_mult': 1.1060562473789919}. Best is trial 715 with value: 0.13132748516079087.
[I 2026-05-28 03:16:20,068] Trial 726 finished with value: 0.1356361096389384 and parameters: {'ISTN': 60.170067051825605, 'I_gpe': 1.280443617622748, 'I_gpi': 1.9038226890335719, 'noise_stn_sigma': 2.6833458801909993, 'noise_gpe_sigma': 103.80199057669897, 'noise_gpi_sigma': 80.82246634415083, 'g_stn_gpe_mult': 2.7925715137117235, 'g_gpe_stn_mult': 0.16272001539602668, 'g_stn_gpi_mult': 3.4619280868728244, 'g_gpe_gpi_mult': 1.0741010388521173}. Best is trial 715 with value: 0.13132748516079087.
[I 2026-05-28 03:16:21,082] Trial 727 finished with value: 0.13935500695377007 and parameters: {'ISTN': 60.35614387434083, 'I_gpe': 1.1946228728773851, 'I_gpi': 1.9033551029626499, 'noise_stn_sigma': 2.553638123716889, 'noise_gpe_sigma': 104.61430012466323, 'noise_gpi_sigma': 79.5924680180359, 'g_stn_gpe_mult': 2.8066614295171064, 'g_gpe_stn_mult': 0.17334956859794318, 'g_stn_gpi_mult': 3.496641771906079, 'g_gpe_gpi_mult': 1.079053252275959}. Best is trial 715 with value: 0.13132748516079087.
[I 2026-05-28 03:16:22,094] Trial 728 finished with value: 0.13825664980310293 and parameters: {'ISTN': 60.81790207238968, 'I_gpe': 1.2636098214490095, 'I_gpi': 1.8662263369931325, 'noise_stn_sigma': 2.6016414068076443, 'noise_gpe_sigma': 104.44787623092932, 'noise_gpi_sigma': 76.90572222138411, 'g_stn_gpe_mult': 2.795444634719371, 'g_gpe_stn_mult': 0.16704412757375442, 'g_stn_gpi_mult': 3.5336820624363092, 'g_gpe_gpi_mult': 1.0809684560352286}. Best is trial 715 with value: 0.13132748516079087.
[I 2026-05-28 03:16:23,108] Trial 729 finished with value: 0.13908304615888378 and parameters: {'ISTN': 60.142828181332945, 'I_gpe': 1.2531864657708711, 'I_gpi': 1.8910062017355402, 'noise_stn_sigma': 2.6378497176021574, 'noise_gpe_sigma': 102.50332988828465, 'noise_gpi_sigma': 81.6368136613748, 'g_stn_gpe_mult': 2.738688501210222, 'g_gpe_stn_mult': 0.17273493220066127, 'g_stn_gpi_mult': 3.53273474708834, 'g_gpe_gpi_mult': 1.0916604512478392}. Best is trial 715 with value: 0.13132748516079087.
[I 2026-05-28 03:16:24,122] Trial 730 finished with value: 0.14527935859759195 and parameters: {'ISTN': 61.455574605508545, 'I_gpe': 1.2302484118187993, 'I_gpi': 1.877530040629785, 'noise_stn_sigma': 2.4947738093813756, 'noise_gpe_sigma': 104.96027410225074, 'noise_gpi_sigma': 78.25446382595115, 'g_stn_gpe_mult': 2.867200308223401, 'g_gpe_stn_mult': 0.1619203045283984, 'g_stn_gpi_mult': 3.5256658347253995, 'g_gpe_gpi_mult': 1.103093217687399}. Best is trial 715 with value: 0.13132748516079087.
[I 2026-05-28 03:16:25,135] Trial 731 finished with value: 0.1916265625912392 and parameters: {'ISTN': 60.25093752466111, 'I_gpe': 1.2250457751124126, 'I_gpi': 1.8835191783053398, 'noise_stn_sigma': 2.66086372035333, 'noise_gpe_sigma': 104.79210741383666, 'noise_gpi_sigma': 78.1982051489107, 'g_stn_gpe_mult': 2.6923833504747465, 'g_gpe_stn_mult': 0.16704866292098505, 'g_stn_gpi_mult': 3.5171697763713303, 'g_gpe_gpi_mult': 1.0470349862816117}. Best is trial 715 with value: 0.13132748516079087.
[I 2026-05-28 03:16:26,146] Trial 732 finished with value: 0.13226213581927562 and parameters: {'ISTN': 60.23384761485418, 'I_gpe': 1.2099404031096719, 'I_gpi': 1.865134755350709, 'noise_stn_sigma': 2.6148866308583436, 'noise_gpe_sigma': 102.93583520874789, 'noise_gpi_sigma': 80.24541339714588, 'g_stn_gpe_mult': 2.851738256633393, 'g_gpe_stn_mult': 0.15937607918494484, 'g_stn_gpi_mult': 3.4912107767250538, 'g_gpe_gpi_mult': 1.0723452151135542}. Best is trial 715 with value: 0.13132748516079087.
[I 2026-05-28 03:16:27,160] Trial 733 finished with value: 0.13993137388239837 and parameters: {'ISTN': 61.03051497634243, 'I_gpe': 1.2716219771061523, 'I_gpi': 1.9320106204977803, 'noise_stn_sigma': 2.583497777548216, 'noise_gpe_sigma': 103.7648480527943, 'noise_gpi_sigma': 81.03887507670734, 'g_stn_gpe_mult': 2.7867316181115336, 'g_gpe_stn_mult': 0.1632610114592715, 'g_stn_gpi_mult': 3.5093646962842526, 'g_gpe_gpi_mult': 1.0776841061628035}. Best is trial 715 with value: 0.13132748516079087.
[I 2026-05-28 03:16:28,173] Trial 734 finished with value: 0.1676612549136184 and parameters: {'ISTN': 60.20886058880551, 'I_gpe': 1.2325640320577742, 'I_gpi': 1.8675128479799832, 'noise_stn_sigma': 2.552920844530514, 'noise_gpe_sigma': 102.36645160105154, 'noise_gpi_sigma': 81.07319192797623, 'g_stn_gpe_mult': 2.801392050400869, 'g_gpe_stn_mult': 0.16522379654033165, 'g_stn_gpi_mult': 3.517717680393423, 'g_gpe_gpi_mult': 1.0780656004738527}. Best is trial 715 with value: 0.13132748516079087.
[I 2026-05-28 03:16:29,186] Trial 735 finished with value: 0.13943711246661 and parameters: {'ISTN': 60.778445538262595, 'I_gpe': 1.1965049029396633, 'I_gpi': 1.881571999435808, 'noise_stn_sigma': 2.576704139047968, 'noise_gpe_sigma': 103.47871127211789, 'noise_gpi_sigma': 78.38567091411758, 'g_stn_gpe_mult': 2.8209623578101857, 'g_gpe_stn_mult': 0.16407367993882607, 'g_stn_gpi_mult': 3.506072513846505, 'g_gpe_gpi_mult': 1.0829761599360583}. Best is trial 715 with value: 0.13132748516079087.
[I 2026-05-28 03:16:30,197] Trial 736 finished with value: 0.13385966775523814 and parameters: {'ISTN': 60.54281147462898, 'I_gpe': 1.2204940845152366, 'I_gpi': 1.8823748303566932, 'noise_stn_sigma': 2.5453502673729673, 'noise_gpe_sigma': 104.44126117900434, 'noise_gpi_sigma': 77.74768494559092, 'g_stn_gpe_mult': 2.8370986916284955, 'g_gpe_stn_mult': 0.15913016668930097, 'g_stn_gpi_mult': 3.519314578000408, 'g_gpe_gpi_mult': 1.0809740524405136}. Best is trial 715 with value: 0.13132748516079087.
[I 2026-05-28 03:16:31,211] Trial 737 finished with value: 0.13691617306080134 and parameters: {'ISTN': 60.36832317472703, 'I_gpe': 1.2453352290993758, 'I_gpi': 1.8553100865020093, 'noise_stn_sigma': 2.5861305297003834, 'noise_gpe_sigma': 104.3014938885911, 'noise_gpi_sigma': 78.12360740356995, 'g_stn_gpe_mult': 2.8512466780373495, 'g_gpe_stn_mult': 0.16943785277664503, 'g_stn_gpi_mult': 3.5502249766083693, 'g_gpe_gpi_mult': 1.0787298947160988}. Best is trial 715 with value: 0.13132748516079087.
[I 2026-05-28 03:16:32,224] Trial 738 finished with value: 0.2277821801240857 and parameters: {'ISTN': 60.61120730633618, 'I_gpe': 1.2615684840068733, 'I_gpi': 1.9285162445924637, 'noise_stn_sigma': 2.5520151194017777, 'noise_gpe_sigma': 103.74562068992292, 'noise_gpi_sigma': 79.97216036705996, 'g_stn_gpe_mult': 2.750818833266522, 'g_gpe_stn_mult': 0.16083974590123074, 'g_stn_gpi_mult': 3.5063548495844437, 'g_gpe_gpi_mult': 1.0681658260209625}. Best is trial 715 with value: 0.13132748516079087.
[I 2026-05-28 03:16:33,238] Trial 739 finished with value: 0.35173021322719633 and parameters: {'ISTN': 60.028803749277685, 'I_gpe': 1.237062538169361, 'I_gpi': 1.8789575878916167, 'noise_stn_sigma': 2.5804821670755675, 'noise_gpe_sigma': 102.42460897530803, 'noise_gpi_sigma': 79.03742311653099, 'g_stn_gpe_mult': 2.7760663604524143, 'g_gpe_stn_mult': 0.1647034066495533, 'g_stn_gpi_mult': 3.5355170676705816, 'g_gpe_gpi_mult': 1.079071332801002}. Best is trial 715 with value: 0.13132748516079087.
[I 2026-05-28 03:16:34,249] Trial 740 finished with value: 0.13932760657085486 and parameters: {'ISTN': 60.00515633829721, 'I_gpe': 1.2578648329710505, 'I_gpi': 1.8863447314636912, 'noise_stn_sigma': 2.635203046195997, 'noise_gpe_sigma': 103.36918231491022, 'noise_gpi_sigma': 79.32737913193722, 'g_stn_gpe_mult': 2.7839871516144785, 'g_gpe_stn_mult': 0.1659764363784551, 'g_stn_gpi_mult': 3.4965563998421403, 'g_gpe_gpi_mult': 1.0911044139204549}. Best is trial 715 with value: 0.13132748516079087.
[I 2026-05-28 03:16:35,261] Trial 741 finished with value: 0.18302441264961156 and parameters: {'ISTN': 60.429076085828264, 'I_gpe': 1.1861621066472319, 'I_gpi': 1.8857265613211793, 'noise_stn_sigma': 2.685249402801831, 'noise_gpe_sigma': 104.30428525693172, 'noise_gpi_sigma': 77.88345595509588, 'g_stn_gpe_mult': 2.882624795114961, 'g_gpe_stn_mult': 0.1554556132829818, 'g_stn_gpi_mult': 3.553736236778726, 'g_gpe_gpi_mult': 1.0871340324510574}. Best is trial 715 with value: 0.13132748516079087.
[I 2026-05-28 03:16:36,213] Trial 742 finished with value: 1000000.0 and parameters: {'ISTN': 60.27024890443765, 'I_gpe': 1.2520724916408361, 'I_gpi': 1.8867615488534115, 'noise_stn_sigma': 2.721251952201449, 'noise_gpe_sigma': 102.41865161374224, 'noise_gpi_sigma': 79.90608459728381, 'g_stn_gpe_mult': 2.841483799008137, 'g_gpe_stn_mult': 0.16141273102680562, 'g_stn_gpi_mult': 3.5032836975858164, 'g_gpe_gpi_mult': 1.0755289510762098}. Best is trial 715 with value: 0.13132748516079087.
[I 2026-05-28 03:16:37,226] Trial 743 finished with value: 0.29254460245723735 and parameters: {'ISTN': 60.91075579753639, 'I_gpe': 1.2175704936748841, 'I_gpi': 1.8577937412599015, 'noise_stn_sigma': 2.460307786795795, 'noise_gpe_sigma': 103.46079261231644, 'noise_gpi_sigma': 79.89041313114829, 'g_stn_gpe_mult': 2.881085512998423, 'g_gpe_stn_mult': 0.1573919813395004, 'g_stn_gpi_mult': 3.456729838052676, 'g_gpe_gpi_mult': 1.0807273687389947}. Best is trial 715 with value: 0.13132748516079087.
[I 2026-05-28 03:16:38,239] Trial 744 finished with value: 0.13245426773531394 and parameters: {'ISTN': 60.52397950286611, 'I_gpe': 1.2016000508395819, 'I_gpi': 1.8996047840414665, 'noise_stn_sigma': 2.614631378142467, 'noise_gpe_sigma': 103.18669324487335, 'noise_gpi_sigma': 79.5665541712664, 'g_stn_gpe_mult': 2.805940299947581, 'g_gpe_stn_mult': 0.15902831183410404, 'g_stn_gpi_mult': 3.5218909693048515, 'g_gpe_gpi_mult': 1.0469888160093206}. Best is trial 715 with value: 0.13132748516079087.
[I 2026-05-28 03:16:39,251] Trial 745 finished with value: 0.14454824299326385 and parameters: {'ISTN': 60.29932145061832, 'I_gpe': 1.246063678381651, 'I_gpi': 1.9092259249942278, 'noise_stn_sigma': 2.5294655392343386, 'noise_gpe_sigma': 103.07874509685757, 'noise_gpi_sigma': 81.69155544831298, 'g_stn_gpe_mult': 2.8494285500067225, 'g_gpe_stn_mult': 0.16307811069853195, 'g_stn_gpi_mult': 3.452565417292299, 'g_gpe_gpi_mult': 1.08484585563401}. Best is trial 715 with value: 0.13132748516079087.
[I 2026-05-28 03:16:40,261] Trial 746 finished with value: 0.18037800375598118 and parameters: {'ISTN': 60.38090745951692, 'I_gpe': 1.2341716465874177, 'I_gpi': 1.887561763531411, 'noise_stn_sigma': 2.596706227237327, 'noise_gpe_sigma': 104.331555374899, 'noise_gpi_sigma': 79.69835006581164, 'g_stn_gpe_mult': 2.882644832262324, 'g_gpe_stn_mult': 0.16304427283098916, 'g_stn_gpi_mult': 3.49635023842043, 'g_gpe_gpi_mult': 1.0792837365921408}. Best is trial 715 with value: 0.13132748516079087.
[I 2026-05-28 03:16:41,274] Trial 747 finished with value: 0.13121233124540302 and parameters: {'ISTN': 60.1660633773672, 'I_gpe': 1.226354476592747, 'I_gpi': 1.876891825926997, 'noise_stn_sigma': 2.6147341685079013, 'noise_gpe_sigma': 103.78283768356687, 'noise_gpi_sigma': 79.7287740550139, 'g_stn_gpe_mult': 2.8148849562321807, 'g_gpe_stn_mult': 0.16465270263481502, 'g_stn_gpi_mult': 3.5511252627133203, 'g_gpe_gpi_mult': 1.0866298245997736}. Best is trial 747 with value: 0.13121233124540302.
