[I 2026-05-28 03:35:55,297] Trial 880 finished with value: 1.9307156512621644 and parameters: {'ISTN': 67.21321271101957, 'I_gpe': 0.7587007732072046, 'I_gpi': 2.37657252732156, 'noise_stn_sigma': 5.6644775682114785, 'noise_gpe_sigma': 74.31554006653835, 'noise_gpi_sigma': 121.85151075025975, 'g_stn_gpe_mult': 2.1421340492112275, 'g_gpe_stn_mult': 0.6774793369037042, 'g_stn_gpi_mult': 3.5254745031446073, 'g_gpe_gpi_mult': 0.8579344860107276}. Best is trial 410 with value: 0.4608635463245284.
[I 2026-05-28 03:35:56,304] Trial 881 finished with value: 1.1504839316191542 and parameters: {'ISTN': 61.77115812529683, 'I_gpe': 0.828278984291488, 'I_gpi': 2.2549952952427272, 'noise_stn_sigma': 6.285117621650926, 'noise_gpe_sigma': 77.3823071348771, 'noise_gpi_sigma': 121.74327364571089, 'g_stn_gpe_mult': 2.231321728785799, 'g_gpe_stn_mult': 0.6023261117965185, 'g_stn_gpi_mult': 3.415915524771073, 'g_gpe_gpi_mult': 0.851097777166701}. Best is trial 410 with value: 0.4608635463245284.
[I 2026-05-28 03:35:57,312] Trial 882 finished with value: 3.3036426747616363 and parameters: {'ISTN': 65.16137344595246, 'I_gpe': 0.7492888123224045, 'I_gpi': 1.9908806006360171, 'noise_stn_sigma': 6.021753472399241, 'noise_gpe_sigma': 75.87988823524864, 'noise_gpi_sigma': 122.64860975488216, 'g_stn_gpe_mult': 2.2819532319161344, 'g_gpe_stn_mult': 0.6636908343364558, 'g_stn_gpi_mult': 3.524674473847913, 'g_gpe_gpi_mult': 0.7715858239014999}. Best is trial 410 with value: 0.4608635463245284.
[I 2026-05-28 03:35:58,322] Trial 883 finished with value: 1.1603284428235294 and parameters: {'ISTN': 61.98808128016909, 'I_gpe': 0.8498447477729478, 'I_gpi': 2.037567688517483, 'noise_stn_sigma': 5.897183795245414, 'noise_gpe_sigma': 73.91561342348999, 'noise_gpi_sigma': 121.5687196894552, 'g_stn_gpe_mult': 2.2075669468830212, 'g_gpe_stn_mult': 0.6397218736057588, 'g_stn_gpi_mult': 3.4985773612224897, 'g_gpe_gpi_mult': 0.8206536643182099}. Best is trial 410 with value: 0.4608635463245284.
[I 2026-05-28 03:35:59,329] Trial 884 finished with value: 2.073792132815923 and parameters: {'ISTN': 62.560107272518806, 'I_gpe': 0.795134426217527, 'I_gpi': 2.2798553939896133, 'noise_stn_sigma': 6.619447544982239, 'noise_gpe_sigma': 75.27822561585813, 'noise_gpi_sigma': 123.34732469472812, 'g_stn_gpe_mult': 2.2027248318183354, 'g_gpe_stn_mult': 0.5974157918175005, 'g_stn_gpi_mult': 3.5667578092751944, 'g_gpe_gpi_mult': 0.831318111360658}. Best is trial 410 with value: 0.4608635463245284.
[I 2026-05-28 03:36:00,336] Trial 885 finished with value: 0.663461997984724 and parameters: {'ISTN': 64.18200272923065, 'I_gpe': 0.842157250856965, 'I_gpi': 2.1230067058165747, 'noise_stn_sigma': 6.064641859498473, 'noise_gpe_sigma': 72.60598552199777, 'noise_gpi_sigma': 121.03850192755719, 'g_stn_gpe_mult': 2.1842484557871193, 'g_gpe_stn_mult': 0.6729283532186692, 'g_stn_gpi_mult': 3.5920459730559156, 'g_gpe_gpi_mult': 0.8216005208434831}. Best is trial 410 with value: 0.4608635463245284.
[I 2026-05-28 03:36:01,344] Trial 886 finished with value: 0.7063798208145974 and parameters: {'ISTN': 63.41301563645932, 'I_gpe': 0.8296940877483557, 'I_gpi': 2.3243683403234234, 'noise_stn_sigma': 6.058879471895413, 'noise_gpe_sigma': 71.52236531274526, 'noise_gpi_sigma': 129.30462403078474, 'g_stn_gpe_mult': 2.343789228852719, 'g_gpe_stn_mult': 0.6358776251477246, 'g_stn_gpi_mult': 3.5352288053059295, 'g_gpe_gpi_mult': 0.8558965558337226}. Best is trial 410 with value: 0.4608635463245284.
[I 2026-05-28 03:36:02,351] Trial 887 finished with value: 0.848883384450565 and parameters: {'ISTN': 64.85925728371532, 'I_gpe': 0.8098136723567295, 'I_gpi': 2.2098659181266287, 'noise_stn_sigma': 5.588214453939978, 'noise_gpe_sigma': 74.97696518904488, 'noise_gpi_sigma': 120.25863214505837, 'g_stn_gpe_mult': 2.2608618069785598, 'g_gpe_stn_mult': 0.6720483520573018, 'g_stn_gpi_mult': 3.570662661790448, 'g_gpe_gpi_mult': 0.8573659321036593}. Best is trial 410 with value: 0.4608635463245284.
[I 2026-05-28 03:36:03,360] Trial 888 finished with value: 1.0915818603063046 and parameters: {'ISTN': 62.408640103861416, 'I_gpe': 0.8384210525878812, 'I_gpi': 2.5095361641803233, 'noise_stn_sigma': 5.855051548498512, 'noise_gpe_sigma': 74.46070185313948, 'noise_gpi_sigma': 131.12526293009176, 'g_stn_gpe_mult': 2.01018872512259, 'g_gpe_stn_mult': 0.6427756246690776, 'g_stn_gpi_mult': 3.4725429584532685, 'g_gpe_gpi_mult': 0.8924165400560209}. Best is trial 410 with value: 0.4608635463245284.
[I 2026-05-28 03:36:04,367] Trial 889 finished with value: 3.063689569584338 and parameters: {'ISTN': 61.80551812493286, 'I_gpe': 0.7667287148550741, 'I_gpi': 2.176859165332438, 'noise_stn_sigma': 6.593488461303123, 'noise_gpe_sigma': 75.45394316977786, 'noise_gpi_sigma': 133.95044925896332, 'g_stn_gpe_mult': 2.1326292259170616, 'g_gpe_stn_mult': 0.5913337221285462, 'g_stn_gpi_mult': 3.4600813095126384, 'g_gpe_gpi_mult': 0.8434506506547799}. Best is trial 410 with value: 0.4608635463245284.
[I 2026-05-28 03:36:05,375] Trial 890 finished with value: 0.653467687570314 and parameters: {'ISTN': 62.99522732586636, 'I_gpe': 0.8153335261549763, 'I_gpi': 2.2892326113988535, 'noise_stn_sigma': 6.017121034911946, 'noise_gpe_sigma': 77.26375750389818, 'noise_gpi_sigma': 121.00042370822213, 'g_stn_gpe_mult': 2.181756272107097, 'g_gpe_stn_mult': 0.64529678997256, 'g_stn_gpi_mult': 3.4314487828892717, 'g_gpe_gpi_mult': 0.7693755250675962}. Best is trial 410 with value: 0.4608635463245284.
[I 2026-05-28 03:36:06,386] Trial 891 finished with value: 2.123800066584493 and parameters: {'ISTN': 63.65646022921637, 'I_gpe': 0.8473371252416719, 'I_gpi': 2.094001603362262, 'noise_stn_sigma': 6.012639006997224, 'noise_gpe_sigma': 78.74205734700469, 'noise_gpi_sigma': 122.45267496984305, 'g_stn_gpe_mult': 2.282922470632053, 'g_gpe_stn_mult': 0.6952111111384246, 'g_stn_gpi_mult': 3.6328015766392108, 'g_gpe_gpi_mult': 0.8437617694079109}. Best is trial 410 with value: 0.4608635463245284.
[I 2026-05-28 03:36:07,391] Trial 892 finished with value: 2.5721587266599046 and parameters: {'ISTN': 65.9255252818421, 'I_gpe': 0.8262814806081111, 'I_gpi': 2.3389151282545013, 'noise_stn_sigma': 5.612705469802383, 'noise_gpe_sigma': 76.24029098747192, 'noise_gpi_sigma': 114.47690285713303, 'g_stn_gpe_mult': 2.1526955505403853, 'g_gpe_stn_mult': 0.6802037080360093, 'g_stn_gpi_mult': 3.512182614735789, 'g_gpe_gpi_mult': 0.8060209653795645}. Best is trial 410 with value: 0.4608635463245284.
[I 2026-05-28 03:36:08,398] Trial 893 finished with value: 2.728576795579982 and parameters: {'ISTN': 69.02473094539974, 'I_gpe': 0.7492227334625496, 'I_gpi': 1.9336264472193867, 'noise_stn_sigma': 6.010073649863329, 'noise_gpe_sigma': 75.67928371269905, 'noise_gpi_sigma': 119.15489755174987, 'g_stn_gpe_mult': 2.290732134025848, 'g_gpe_stn_mult': 0.6759797091582166, 'g_stn_gpi_mult': 3.6148938511427, 'g_gpe_gpi_mult': 0.7961048950568903}. Best is trial 410 with value: 0.4608635463245284.
[I 2026-05-28 03:36:09,408] Trial 894 finished with value: 7.939004576085987 and parameters: {'ISTN': 68.10682081553439, 'I_gpe': 0.7821555317731649, 'I_gpi': 2.1465900115137755, 'noise_stn_sigma': 5.780523488673484, 'noise_gpe_sigma': 71.40578498295962, 'noise_gpi_sigma': 123.82512236505885, 'g_stn_gpe_mult': 2.2866291393294276, 'g_gpe_stn_mult': 0.639362310157103, 'g_stn_gpi_mult': 3.411565392673249, 'g_gpe_gpi_mult': 0.7718415243761478}. Best is trial 410 with value: 0.4608635463245284.
[I 2026-05-28 03:36:10,419] Trial 895 finished with value: 2.7646849640925346 and parameters: {'ISTN': 65.38970158954234, 'I_gpe': 0.8721301932263694, 'I_gpi': 2.2189561816557237, 'noise_stn_sigma': 5.661763906866606, 'noise_gpe_sigma': 70.85996935022229, 'noise_gpi_sigma': 124.3146360580327, 'g_stn_gpe_mult': 1.9984220444932461, 'g_gpe_stn_mult': 0.6560274139514675, 'g_stn_gpi_mult': 3.5337042221592263, 'g_gpe_gpi_mult': 0.8095227229919184}. Best is trial 410 with value: 0.4608635463245284.
[I 2026-05-28 03:36:11,429] Trial 896 finished with value: 0.5789115708211321 and parameters: {'ISTN': 63.12941260709254, 'I_gpe': 0.8599160431043759, 'I_gpi': 2.1244945450647728, 'noise_stn_sigma': 6.1097812295837555, 'noise_gpe_sigma': 73.89033300774773, 'noise_gpi_sigma': 115.50003946966928, 'g_stn_gpe_mult': 2.2662528604679815, 'g_gpe_stn_mult': 0.6728574149561604, 'g_stn_gpi_mult': 3.503530063379113, 'g_gpe_gpi_mult': 0.7776760488989578}. Best is trial 410 with value: 0.4608635463245284.
[I 2026-05-28 03:36:12,436] Trial 897 finished with value: 0.5356025584254839 and parameters: {'ISTN': 61.75754993064398, 'I_gpe': 0.8538851776613783, 'I_gpi': 2.260642217228493, 'noise_stn_sigma': 6.811564182090706, 'noise_gpe_sigma': 75.77258292020542, 'noise_gpi_sigma': 126.69514458067546, 'g_stn_gpe_mult': 2.224518661120751, 'g_gpe_stn_mult': 0.641754597736332, 'g_stn_gpi_mult': 3.510964176339051, 'g_gpe_gpi_mult': 0.8435597516401341}. Best is trial 410 with value: 0.4608635463245284.
[I 2026-05-28 03:36:13,444] Trial 898 finished with value: 1.285999154070754 and parameters: {'ISTN': 61.755229549663106, 'I_gpe': 0.7851670400987216, 'I_gpi': 2.473031580657338, 'noise_stn_sigma': 6.0404846028332315, 'noise_gpe_sigma': 79.90236459968452, 'noise_gpi_sigma': 122.72338373368895, 'g_stn_gpe_mult': 2.263797858676081, 'g_gpe_stn_mult': 0.6918701307250225, 'g_stn_gpi_mult': 3.481639766326742, 'g_gpe_gpi_mult': 0.8645877398726967}. Best is trial 410 with value: 0.4608635463245284.
[I 2026-05-28 03:36:14,451] Trial 899 finished with value: 3.325570873738623 and parameters: {'ISTN': 63.683976264041426, 'I_gpe': 0.9206152424940603, 'I_gpi': 2.2370737896123334, 'noise_stn_sigma': 6.406402569946503, 'noise_gpe_sigma': 72.67362184008805, 'noise_gpi_sigma': 127.69217139793378, 'g_stn_gpe_mult': 2.1959876860800316, 'g_gpe_stn_mult': 0.6635312139659126, 'g_stn_gpi_mult': 3.4272698550365615, 'g_gpe_gpi_mult': 0.781183795538575}. Best is trial 410 with value: 0.4608635463245284.
[I 2026-05-28 03:36:15,461] Trial 900 finished with value: 1.523865500992943 and parameters: {'ISTN': 62.95625663993352, 'I_gpe': 0.7617829409607668, 'I_gpi': 2.24644581608215, 'noise_stn_sigma': 6.858548450713757, 'noise_gpe_sigma': 75.74014146155933, 'noise_gpi_sigma': 133.03530611051656, 'g_stn_gpe_mult': 2.216086821958589, 'g_gpe_stn_mult': 0.5872819835215715, 'g_stn_gpi_mult': 3.579802403021522, 'g_gpe_gpi_mult': 0.8495334038963187}. Best is trial 410 with value: 0.4608635463245284.
[I 2026-05-28 03:36:16,471] Trial 901 finished with value: 0.6263051164301419 and parameters: {'ISTN': 63.73838629709327, 'I_gpe': 0.8811357480897931, 'I_gpi': 2.125835317838669, 'noise_stn_sigma': 6.65361583282114, 'noise_gpe_sigma': 72.72437951026026, 'noise_gpi_sigma': 122.82563976681243, 'g_stn_gpe_mult': 2.0613452804814356, 'g_gpe_stn_mult': 0.6603405193092683, 'g_stn_gpi_mult': 3.591329999438446, 'g_gpe_gpi_mult': 0.8341719066229467}. Best is trial 410 with value: 0.4608635463245284.
[I 2026-05-28 03:36:17,480] Trial 902 finished with value: 3.2940729641959168 and parameters: {'ISTN': 61.37371428583546, 'I_gpe': 0.792332403317999, 'I_gpi': 2.258510029872464, 'noise_stn_sigma': 6.0990755029686925, 'noise_gpe_sigma': 81.62625655040316, 'noise_gpi_sigma': 124.07386971739473, 'g_stn_gpe_mult': 2.3277350800678, 'g_gpe_stn_mult': 0.6712803519087556, 'g_stn_gpi_mult': 3.4762307136174995, 'g_gpe_gpi_mult': 0.8110254616520076}. Best is trial 410 with value: 0.4608635463245284.
[I 2026-05-28 03:36:18,490] Trial 903 finished with value: 1.5178255271927843 and parameters: {'ISTN': 60.804038715114906, 'I_gpe': 0.7889776546197205, 'I_gpi': 2.2211684686826043, 'noise_stn_sigma': 7.250293231714564, 'noise_gpe_sigma': 76.04033895546166, 'noise_gpi_sigma': 131.7518755704151, 'g_stn_gpe_mult': 2.3264155123652728, 'g_gpe_stn_mult': 0.6148206142218733, 'g_stn_gpi_mult': 3.544608836357219, 'g_gpe_gpi_mult': 0.8969981190620053}. Best is trial 410 with value: 0.4608635463245284.
[I 2026-05-28 03:36:19,500] Trial 904 finished with value: 1.4622979524923578 and parameters: {'ISTN': 63.12416109795746, 'I_gpe': 0.9157446520925363, 'I_gpi': 1.9293092111827763, 'noise_stn_sigma': 6.292768631627975, 'noise_gpe_sigma': 72.7586307756459, 'noise_gpi_sigma': 123.94153959892402, 'g_stn_gpe_mult': 2.15313713151312, 'g_gpe_stn_mult': 0.6670335173592611, 'g_stn_gpi_mult': 3.5881453968401513, 'g_gpe_gpi_mult': 0.8229766758613708}. Best is trial 410 with value: 0.4608635463245284.
[I 2026-05-28 03:36:20,507] Trial 905 finished with value: 2.294006195659085 and parameters: {'ISTN': 61.88367890941155, 'I_gpe': 0.8876335926767381, 'I_gpi': 2.236311349007709, 'noise_stn_sigma': 6.833005588901525, 'noise_gpe_sigma': 73.1033221803649, 'noise_gpi_sigma': 125.07017872866746, 'g_stn_gpe_mult': 2.2944765108648677, 'g_gpe_stn_mult': 0.6302484795601737, 'g_stn_gpi_mult': 3.492928911091357, 'g_gpe_gpi_mult': 0.82709272807697}. Best is trial 410 with value: 0.4608635463245284.
[I 2026-05-28 03:36:21,517] Trial 906 finished with value: 1.578360958204068 and parameters: {'ISTN': 64.5740191071657, 'I_gpe': 0.8239143901248541, 'I_gpi': 2.186034655815842, 'noise_stn_sigma': 6.083614360680197, 'noise_gpe_sigma': 79.39675716739723, 'noise_gpi_sigma': 126.78048529833657, 'g_stn_gpe_mult': 2.3641814746852345, 'g_gpe_stn_mult': 0.7040430035621795, 'g_stn_gpi_mult': 3.5959986358993055, 'g_gpe_gpi_mult': 0.8463597350060852}. Best is trial 410 with value: 0.4608635463245284.
[I 2026-05-28 03:36:22,525] Trial 907 finished with value: 4.128298157862346 and parameters: {'ISTN': 60.98405254760035, 'I_gpe': 0.8752657388793617, 'I_gpi': 2.4584174150854197, 'noise_stn_sigma': 6.600986574905858, 'noise_gpe_sigma': 70.94507707250594, 'noise_gpi_sigma': 129.99441236862157, 'g_stn_gpe_mult': 2.326420035433212, 'g_gpe_stn_mult': 0.6381839198252469, 'g_stn_gpi_mult': 3.3958760899969307, 'g_gpe_gpi_mult': 0.8456815607860797}. Best is trial 410 with value: 0.4608635463245284.
[I 2026-05-28 03:36:23,532] Trial 908 finished with value: 4.155900741993437 and parameters: {'ISTN': 64.48736166602912, 'I_gpe': 0.7415590753770194, 'I_gpi': 2.1827912820962463, 'noise_stn_sigma': 6.047461443070614, 'noise_gpe_sigma': 78.93941592617121, 'noise_gpi_sigma': 117.23505074946462, 'g_stn_gpe_mult': 2.2437462126891794, 'g_gpe_stn_mult': 0.6973426759727407, 'g_stn_gpi_mult': 3.507467716213884, 'g_gpe_gpi_mult': 0.7887674351120211}. Best is trial 410 with value: 0.4608635463245284.
[I 2026-05-28 03:36:24,539] Trial 909 finished with value: 6.075284454520982 and parameters: {'ISTN': 61.98890838168827, 'I_gpe': 0.7894257686025947, 'I_gpi': 2.2411112217542026, 'noise_stn_sigma': 6.46232247751316, 'noise_gpe_sigma': 75.5329863301822, 'noise_gpi_sigma': 114.65917678744873, 'g_stn_gpe_mult': 2.2610631321007517, 'g_gpe_stn_mult': 0.6569770936083039, 'g_stn_gpi_mult': 3.561323368594873, 'g_gpe_gpi_mult': 0.7932063062234862}. Best is trial 410 with value: 0.4608635463245284.
[I 2026-05-28 03:36:25,545] Trial 910 finished with value: 6.438086094326169 and parameters: {'ISTN': 60.62866895912861, 'I_gpe': 0.9417215893277855, 'I_gpi': 2.348216262579108, 'noise_stn_sigma': 7.197528879429909, 'noise_gpe_sigma': 73.05632056574768, 'noise_gpi_sigma': 133.34276323614216, 'g_stn_gpe_mult': 2.1650664046098647, 'g_gpe_stn_mult': 0.6172613544763301, 'g_stn_gpi_mult': 3.4559042164015046, 'g_gpe_gpi_mult': 0.9166370001334831}. Best is trial 410 with value: 0.4608635463245284.
[I 2026-05-28 03:36:26,554] Trial 911 finished with value: 0.9586561507703193 and parameters: {'ISTN': 63.11358464312021, 'I_gpe': 0.8782295945473954, 'I_gpi': 1.9874217142937647, 'noise_stn_sigma': 7.234949440667289, 'noise_gpe_sigma': 68.31337849478446, 'noise_gpi_sigma': 132.29428230902545, 'g_stn_gpe_mult': 2.148395504267259, 'g_gpe_stn_mult': 0.6013103425157622, 'g_stn_gpi_mult': 3.5528102725760506, 'g_gpe_gpi_mult': 0.8371988464383044}. Best is trial 410 with value: 0.4608635463245284.
[I 2026-05-28 03:36:27,563] Trial 912 finished with value: 1.606025887483501 and parameters: {'ISTN': 62.12791124992791, 'I_gpe': 0.9252113014857222, 'I_gpi': 2.059692645511467, 'noise_stn_sigma': 6.551578891130281, 'noise_gpe_sigma': 73.83330253297049, 'noise_gpi_sigma': 129.83966878842966, 'g_stn_gpe_mult': 2.126627262132917, 'g_gpe_stn_mult': 0.6663450956611379, 'g_stn_gpi_mult': 3.475399845524712, 'g_gpe_gpi_mult': 0.8109940755122529}. Best is trial 410 with value: 0.4608635463245284.
[I 2026-05-28 03:36:28,571] Trial 913 finished with value: 2.6931115289935446 and parameters: {'ISTN': 63.05438797047974, 'I_gpe': 0.7514353742618437, 'I_gpi': 2.2638045045091624, 'noise_stn_sigma': 7.014594566486581, 'noise_gpe_sigma': 79.68549527199785, 'noise_gpi_sigma': 132.561158716207, 'g_stn_gpe_mult': 2.233260465987276, 'g_gpe_stn_mult': 0.647724469554992, 'g_stn_gpi_mult': 3.654859224309429, 'g_gpe_gpi_mult': 0.9286777893106481}. Best is trial 410 with value: 0.4608635463245284.
[I 2026-05-28 03:36:29,581] Trial 914 finished with value: 0.5603524517160413 and parameters: {'ISTN': 63.20528896958796, 'I_gpe': 0.872085147045178, 'I_gpi': 1.8395048578499287, 'noise_stn_sigma': 6.3357513740788605, 'noise_gpe_sigma': 76.49931116166087, 'noise_gpi_sigma': 130.77184745476217, 'g_stn_gpe_mult': 2.0608000376259903, 'g_gpe_stn_mult': 0.6709422739402141, 'g_stn_gpi_mult': 3.60034669807572, 'g_gpe_gpi_mult': 0.8304047039566738}. Best is trial 410 with value: 0.4608635463245284.
[I 2026-05-28 03:36:30,589] Trial 915 finished with value: 4.2365941987143385 and parameters: {'ISTN': 60.43112027002411, 'I_gpe': 0.8593165068033475, 'I_gpi': 2.2835377769149963, 'noise_stn_sigma': 6.768951646391759, 'noise_gpe_sigma': 72.31264188187598, 'noise_gpi_sigma': 127.1754147251231, 'g_stn_gpe_mult': 2.252765659203224, 'g_gpe_stn_mult': 0.6394405408896408, 'g_stn_gpi_mult': 3.415204144748211, 'g_gpe_gpi_mult': 0.8282990759637443}. Best is trial 410 with value: 0.4608635463245284.
[I 2026-05-28 03:36:31,598] Trial 916 finished with value: 0.4471713211720221 and parameters: {'ISTN': 61.023045814364636, 'I_gpe': 0.900547623241525, 'I_gpi': 2.067098201201542, 'noise_stn_sigma': 6.514119585690425, 'noise_gpe_sigma': 76.55905830409112, 'noise_gpi_sigma': 118.924774185617, 'g_stn_gpe_mult': 2.1332734640542372, 'g_gpe_stn_mult': 0.6654271061398136, 'g_stn_gpi_mult': 3.6647564937999846, 'g_gpe_gpi_mult': 0.8647169825032968}. Best is trial 916 with value: 0.4471713211720221.
[I 2026-05-28 03:36:32,603] Trial 917 finished with value: 1.5743025018345327 and parameters: {'ISTN': 63.77077563969695, 'I_gpe': 0.8424756790219199, 'I_gpi': 2.1369719257434405, 'noise_stn_sigma': 6.05674657680404, 'noise_gpe_sigma': 73.49736711473156, 'noise_gpi_sigma': 123.71857241271897, 'g_stn_gpe_mult': 1.9658810473800636, 'g_gpe_stn_mult': 0.6919537683389505, 'g_stn_gpi_mult': 3.694279217299298, 'g_gpe_gpi_mult': 0.8165401627211204}. Best is trial 916 with value: 0.4471713211720221.
[I 2026-05-28 03:36:33,612] Trial 918 finished with value: 1.7734835691732798 and parameters: {'ISTN': 64.60776075275183, 'I_gpe': 0.8615846292702901, 'I_gpi': 1.8634685060299434, 'noise_stn_sigma': 6.977477445556995, 'noise_gpe_sigma': 72.02388451544279, 'noise_gpi_sigma': 130.61082313986566, 'g_stn_gpe_mult': 2.177627372538195, 'g_gpe_stn_mult': 0.6789756509668484, 'g_stn_gpi_mult': 3.70978817112633, 'g_gpe_gpi_mult': 0.8514408470105934}. Best is trial 916 with value: 0.4471713211720221.
[I 2026-05-28 03:36:34,620] Trial 919 finished with value: 0.7101479403024635 and parameters: {'ISTN': 64.29936993978697, 'I_gpe': 0.8670876124979425, 'I_gpi': 2.1351830704329675, 'noise_stn_sigma': 6.775538597216595, 'noise_gpe_sigma': 74.02403995694164, 'noise_gpi_sigma': 124.57724139632026, 'g_stn_gpe_mult': 2.2580793558158687, 'g_gpe_stn_mult': 0.6439888506475495, 'g_stn_gpi_mult': 3.4433380441995873, 'g_gpe_gpi_mult': 0.8175231126445928}. Best is trial 916 with value: 0.4471713211720221.
[I 2026-05-28 03:36:35,626] Trial 920 finished with value: 0.7823807684358274 and parameters: {'ISTN': 61.89260192554714, 'I_gpe': 0.8334340871678297, 'I_gpi': 2.161121514869977, 'noise_stn_sigma': 6.815019213234141, 'noise_gpe_sigma': 77.00469599262574, 'noise_gpi_sigma': 126.18051848489372, 'g_stn_gpe_mult': 2.3084472280608033, 'g_gpe_stn_mult': 0.6560673857335668, 'g_stn_gpi_mult': 3.4972677221624555, 'g_gpe_gpi_mult': 0.8509724077514949}. Best is trial 916 with value: 0.4471713211720221.
[I 2026-05-28 03:36:36,634] Trial 921 finished with value: 2.00733161331937 and parameters: {'ISTN': 63.709698960725945, 'I_gpe': 0.8313988637450958, 'I_gpi': 1.893907310857042, 'noise_stn_sigma': 6.079179328638514, 'noise_gpe_sigma': 73.23886746273615, 'noise_gpi_sigma': 124.21162697042323, 'g_stn_gpe_mult': 2.068869556387054, 'g_gpe_stn_mult': 0.6882355684731449, 'g_stn_gpi_mult': 3.6654533103282407, 'g_gpe_gpi_mult': 0.7966945118193995}. Best is trial 916 with value: 0.4471713211720221.
[I 2026-05-28 03:36:37,643] Trial 922 finished with value: 0.45817172540542433 and parameters: {'ISTN': 61.94504225708377, 'I_gpe': 0.9263866231293498, 'I_gpi': 1.9965267129717335, 'noise_stn_sigma': 6.709818152151226, 'noise_gpe_sigma': 75.45075591683485, 'noise_gpi_sigma': 122.86623775978416, 'g_stn_gpe_mult': 2.221721796142315, 'g_gpe_stn_mult': 0.6758633054224107, 'g_stn_gpi_mult': 3.545126625398195, 'g_gpe_gpi_mult': 0.8252752286047722}. Best is trial 916 with value: 0.4471713211720221.
[I 2026-05-28 03:36:38,651] Trial 923 finished with value: 6.70442266844705 and parameters: {'ISTN': 65.60330386710126, 'I_gpe': 0.8037015406312529, 'I_gpi': 1.7912111387600707, 'noise_stn_sigma': 6.305275934172275, 'noise_gpe_sigma': 75.77352675217793, 'noise_gpi_sigma': 123.50966684449826, 'g_stn_gpe_mult': 1.9797075974251204, 'g_gpe_stn_mult': 0.6833928266095843, 'g_stn_gpi_mult': 3.623779679875467, 'g_gpe_gpi_mult': 0.8046399452922499}. Best is trial 916 with value: 0.4471713211720221.
