[I 2026-05-28 02:48:34,810] Trial 88 finished with value: 4.576696013679942 and parameters: {'ISTN': 65.18104367126608, 'I_gpe': 1.3207479745030724, 'I_gpi': 1.283535860860252, 'noise_stn_sigma': 5.726828895888626, 'noise_gpe_sigma': 122.40294815766106, 'noise_gpi_sigma': 88.0700223317356, 'g_stn_gpe_mult': 3.4442583188332243, 'g_gpe_stn_mult': 0.19295418378884968, 'g_stn_gpi_mult': 2.6617550957371767, 'g_gpe_gpi_mult': 0.539050073421796}. Best is trial 61 with value: 0.24899146001917752.
[I 2026-05-28 02:48:35,821] Trial 89 finished with value: 7.903595277837328 and parameters: {'ISTN': 65.13292476606007, 'I_gpe': 2.3740176465627254, 'I_gpi': 2.22794338837037, 'noise_stn_sigma': 3.3824796052761594, 'noise_gpe_sigma': 90.2580145344945, 'noise_gpi_sigma': 105.7557470831607, 'g_stn_gpe_mult': 3.8821442381091424, 'g_gpe_stn_mult': 0.3483723572455296, 'g_stn_gpi_mult': 2.2298674295122054, 'g_gpe_gpi_mult': 0.8069739656136283}. Best is trial 61 with value: 0.24899146001917752.
[I 2026-05-28 02:48:36,831] Trial 90 finished with value: 13.351009009939373 and parameters: {'ISTN': 84.09764916703463, 'I_gpe': 1.3113718124132117, 'I_gpi': 2.458545210870625, 'noise_stn_sigma': 5.5109311131813286, 'noise_gpe_sigma': 87.22038785919479, 'noise_gpi_sigma': 87.28709914953154, 'g_stn_gpe_mult': 3.578239666696144, 'g_gpe_stn_mult': 0.24046270280624, 'g_stn_gpi_mult': 2.833083254734375, 'g_gpe_gpi_mult': 0.619501624201713}. Best is trial 61 with value: 0.24899146001917752.
[I 2026-05-28 02:48:37,845] Trial 91 finished with value: 7.061707043700107 and parameters: {'ISTN': 61.10089483561927, 'I_gpe': 1.633615895821503, 'I_gpi': 1.0957228634411456, 'noise_stn_sigma': 6.506847125567472, 'noise_gpe_sigma': 115.47377715169091, 'noise_gpi_sigma': 81.72768077102708, 'g_stn_gpe_mult': 4.220642086645205, 'g_gpe_stn_mult': 0.22250374643661092, 'g_stn_gpi_mult': 1.9672360641026332, 'g_gpe_gpi_mult': 0.6420084435732432}. Best is trial 61 with value: 0.24899146001917752.
[I 2026-05-28 02:48:38,855] Trial 92 finished with value: 4.724451820955567 and parameters: {'ISTN': 86.30336772941418, 'I_gpe': 1.110071428171207, 'I_gpi': 1.6520841403681472, 'noise_stn_sigma': 6.4925386038155, 'noise_gpe_sigma': 112.34506826871248, 'noise_gpi_sigma': 96.68971644975268, 'g_stn_gpe_mult': 2.9795740166091242, 'g_gpe_stn_mult': 0.2893378868489014, 'g_stn_gpi_mult': 2.858711048190025, 'g_gpe_gpi_mult': 0.7373128769905004}. Best is trial 61 with value: 0.24899146001917752.
[I 2026-05-28 02:48:39,864] Trial 93 finished with value: 10.34534766176236 and parameters: {'ISTN': 63.223851142275905, 'I_gpe': 1.8116180052595663, 'I_gpi': 2.0137815754235593, 'noise_stn_sigma': 5.240085797810162, 'noise_gpe_sigma': 113.53830805897215, 'noise_gpi_sigma': 92.602576186034, 'g_stn_gpe_mult': 3.043598046966432, 'g_gpe_stn_mult': 0.2961732708643658, 'g_stn_gpi_mult': 2.001406160805283, 'g_gpe_gpi_mult': 0.5450289280506464}. Best is trial 61 with value: 0.24899146001917752.
[I 2026-05-28 02:48:40,872] Trial 94 finished with value: 2.0074351256825897 and parameters: {'ISTN': 65.67526329411709, 'I_gpe': 0.611713060652542, 'I_gpi': 1.1465532259447637, 'noise_stn_sigma': 5.143500978341174, 'noise_gpe_sigma': 107.63364469842985, 'noise_gpi_sigma': 84.12741459254849, 'g_stn_gpe_mult': 3.6228727027918173, 'g_gpe_stn_mult': 0.2508390646363642, 'g_stn_gpi_mult': 2.2358881360809626, 'g_gpe_gpi_mult': 0.850707161136993}. Best is trial 61 with value: 0.24899146001917752.
[I 2026-05-28 02:48:41,880] Trial 95 finished with value: 10.026295482567324 and parameters: {'ISTN': 73.32168602431238, 'I_gpe': 0.7402012986538432, 'I_gpi': 1.614732530499546, 'noise_stn_sigma': 6.705573246188571, 'noise_gpe_sigma': 114.79251932003, 'noise_gpi_sigma': 73.84077301902798, 'g_stn_gpe_mult': 3.166998860139503, 'g_gpe_stn_mult': 0.42265663516838026, 'g_stn_gpi_mult': 2.6273115886380483, 'g_gpe_gpi_mult': 0.8488710665079595}. Best is trial 61 with value: 0.24899146001917752.
[I 2026-05-28 02:48:42,889] Trial 96 finished with value: 7.349048665462607 and parameters: {'ISTN': 65.45620516521385, 'I_gpe': 1.2893533005780018, 'I_gpi': 1.426034623530683, 'noise_stn_sigma': 7.935873365639951, 'noise_gpe_sigma': 122.48664943982068, 'noise_gpi_sigma': 95.99826283837315, 'g_stn_gpe_mult': 3.4161540269423516, 'g_gpe_stn_mult': 0.1063560643686042, 'g_stn_gpi_mult': 2.4790588282426533, 'g_gpe_gpi_mult': 0.6978752411420546}. Best is trial 61 with value: 0.24899146001917752.
[I 2026-05-28 02:48:43,896] Trial 97 finished with value: 8.043571543244784 and parameters: {'ISTN': 64.43957604461353, 'I_gpe': 0.984659447576089, 'I_gpi': 2.356198731210451, 'noise_stn_sigma': 6.580642411955903, 'noise_gpe_sigma': 101.99807523237301, 'noise_gpi_sigma': 96.67657877531364, 'g_stn_gpe_mult': 3.515738901695461, 'g_gpe_stn_mult': 0.3098241507588455, 'g_stn_gpi_mult': 2.9517419291341525, 'g_gpe_gpi_mult': 0.5950107571062517}. Best is trial 61 with value: 0.24899146001917752.
[I 2026-05-28 02:48:44,902] Trial 98 finished with value: 10.72090442746792 and parameters: {'ISTN': 62.69432762970863, 'I_gpe': 1.9280316208184003, 'I_gpi': 1.0746658211604263, 'noise_stn_sigma': 5.396304097741277, 'noise_gpe_sigma': 102.55868609183196, 'noise_gpi_sigma': 102.09276049070486, 'g_stn_gpe_mult': 4.125917183169201, 'g_gpe_stn_mult': 0.3830534352712316, 'g_stn_gpi_mult': 2.174522830049055, 'g_gpe_gpi_mult': 0.5977856802782533}. Best is trial 61 with value: 0.24899146001917752.
[I 2026-05-28 02:48:45,913] Trial 99 finished with value: 8.717213287049953 and parameters: {'ISTN': 60.24819316906091, 'I_gpe': 2.1918668986859933, 'I_gpi': 1.2515898998204138, 'noise_stn_sigma': 5.9046719650740584, 'noise_gpe_sigma': 100.8895554722482, 'noise_gpi_sigma': 102.95266521427997, 'g_stn_gpe_mult': 4.060375368123541, 'g_gpe_stn_mult': 0.3978859129215151, 'g_stn_gpi_mult': 2.2845301187412423, 'g_gpe_gpi_mult': 0.7692580284551496}. Best is trial 61 with value: 0.24899146001917752.
[I 2026-05-28 02:48:46,921] Trial 100 finished with value: 4.654921335174418 and parameters: {'ISTN': 64.60334060006707, 'I_gpe': 1.5168257950173314, 'I_gpi': 1.0629102239736892, 'noise_stn_sigma': 5.245675301588513, 'noise_gpe_sigma': 87.27684184700962, 'noise_gpi_sigma': 104.42377093162673, 'g_stn_gpe_mult': 3.85731023724558, 'g_gpe_stn_mult': 0.19309341977273778, 'g_stn_gpi_mult': 1.9824325226439568, 'g_gpe_gpi_mult': 0.7205957283124689}. Best is trial 61 with value: 0.24899146001917752.
[I 2026-05-28 02:48:47,930] Trial 101 finished with value: 12.086312089932797 and parameters: {'ISTN': 69.96661055310842, 'I_gpe': 1.2493537079319372, 'I_gpi': 1.6085624202521207, 'noise_stn_sigma': 6.127132182499677, 'noise_gpe_sigma': 119.44484054714297, 'noise_gpi_sigma': 122.45949433821637, 'g_stn_gpe_mult': 4.092075687045599, 'g_gpe_stn_mult': 0.24347627485525472, 'g_stn_gpi_mult': 1.986782898390436, 'g_gpe_gpi_mult': 0.805182817407958}. Best is trial 61 with value: 0.24899146001917752.
[I 2026-05-28 02:48:48,941] Trial 102 finished with value: 16.321672674933943 and parameters: {'ISTN': 88.01052322966179, 'I_gpe': 1.2664175472112291, 'I_gpi': 2.6292511259572007, 'noise_stn_sigma': 5.795300314515806, 'noise_gpe_sigma': 101.08378368443412, 'noise_gpi_sigma': 81.89538163324224, 'g_stn_gpe_mult': 3.9110826469692697, 'g_gpe_stn_mult': 0.34938470121869025, 'g_stn_gpi_mult': 2.994798636089839, 'g_gpe_gpi_mult': 0.8335539789053514}. Best is trial 61 with value: 0.24899146001917752.
[I 2026-05-28 02:48:49,945] Trial 103 finished with value: 8.08166290236906 and parameters: {'ISTN': 65.79014578312886, 'I_gpe': 1.9365889980903668, 'I_gpi': 2.0919348935744204, 'noise_stn_sigma': 4.760633811589909, 'noise_gpe_sigma': 71.03149254538815, 'noise_gpi_sigma': 67.69150563478121, 'g_stn_gpe_mult': 3.8320682551693945, 'g_gpe_stn_mult': 0.23539528629552195, 'g_stn_gpi_mult': 2.121685288146797, 'g_gpe_gpi_mult': 1.0923447145758975}. Best is trial 61 with value: 0.24899146001917752.
[I 2026-05-28 02:48:50,954] Trial 104 finished with value: 13.067343644069046 and parameters: {'ISTN': 73.64992476548655, 'I_gpe': 1.1971467717530695, 'I_gpi': 1.2778727313631715, 'noise_stn_sigma': 5.028486216079131, 'noise_gpe_sigma': 93.57142676375274, 'noise_gpi_sigma': 109.56527679448703, 'g_stn_gpe_mult': 3.6297171777434447, 'g_gpe_stn_mult': 0.10801376074894303, 'g_stn_gpi_mult': 2.3497485932693154, 'g_gpe_gpi_mult': 0.7903195113339709}. Best is trial 61 with value: 0.24899146001917752.
[I 2026-05-28 02:48:51,965] Trial 105 finished with value: 9.5033545019572 and parameters: {'ISTN': 70.533172331267, 'I_gpe': 1.6160367675040583, 'I_gpi': 1.6101212962563025, 'noise_stn_sigma': 4.94232146398605, 'noise_gpe_sigma': 106.22651473823757, 'noise_gpi_sigma': 76.58784716571016, 'g_stn_gpe_mult': 3.8953375890380677, 'g_gpe_stn_mult': 0.17207992230971367, 'g_stn_gpi_mult': 2.795811176464242, 'g_gpe_gpi_mult': 0.931741945077982}. Best is trial 61 with value: 0.24899146001917752.
[I 2026-05-28 02:48:52,975] Trial 106 finished with value: 11.995149535620122 and parameters: {'ISTN': 70.30170306548239, 'I_gpe': 1.0380686126291685, 'I_gpi': 1.6359813521020556, 'noise_stn_sigma': 5.502940151348903, 'noise_gpe_sigma': 91.6337113761069, 'noise_gpi_sigma': 94.94214869329791, 'g_stn_gpe_mult': 3.251414777647746, 'g_gpe_stn_mult': 0.2766975818404887, 'g_stn_gpi_mult': 2.617896708833949, 'g_gpe_gpi_mult': 0.6655632343448754}. Best is trial 61 with value: 0.24899146001917752.
[I 2026-05-28 02:48:53,987] Trial 107 finished with value: 9.758331107489306 and parameters: {'ISTN': 80.327911491245, 'I_gpe': 1.1860688027023263, 'I_gpi': 2.0329230739785595, 'noise_stn_sigma': 5.535561442840661, 'noise_gpe_sigma': 110.8796920668705, 'noise_gpi_sigma': 101.18427607657037, 'g_stn_gpe_mult': 3.295786193186473, 'g_gpe_stn_mult': 0.23554222688424228, 'g_stn_gpi_mult': 2.284353530579385, 'g_gpe_gpi_mult': 0.9228249649808704}. Best is trial 61 with value: 0.24899146001917752.
[I 2026-05-28 02:48:54,995] Trial 108 finished with value: 4.035316946749696 and parameters: {'ISTN': 72.19199907554676, 'I_gpe': 1.3701309473532715, 'I_gpi': 2.216421290926573, 'noise_stn_sigma': 5.085675983795767, 'noise_gpe_sigma': 105.01793857696411, 'noise_gpi_sigma': 76.11917539004105, 'g_stn_gpe_mult': 3.5224687797377046, 'g_gpe_stn_mult': 0.15788048625413575, 'g_stn_gpi_mult': 2.2109847374781126, 'g_gpe_gpi_mult': 0.8457128392032076}. Best is trial 61 with value: 0.24899146001917752.
[I 2026-05-28 02:48:56,002] Trial 109 finished with value: 4.812813498398073 and parameters: {'ISTN': 60.646557049872165, 'I_gpe': 1.9436378648106472, 'I_gpi': 1.7095776245029946, 'noise_stn_sigma': 5.453214079046712, 'noise_gpe_sigma': 93.08231712973912, 'noise_gpi_sigma': 83.27750527709787, 'g_stn_gpe_mult': 3.569688169313055, 'g_gpe_stn_mult': 0.22565430066873327, 'g_stn_gpi_mult': 1.8421865061850302, 'g_gpe_gpi_mult': 0.9262614700096974}. Best is trial 61 with value: 0.24899146001917752.
[I 2026-05-28 02:48:57,012] Trial 110 finished with value: 1.6367140294711142 and parameters: {'ISTN': 61.62466235295273, 'I_gpe': 1.0286258992346429, 'I_gpi': 1.1303752180493967, 'noise_stn_sigma': 4.434803664497904, 'noise_gpe_sigma': 94.77967005462638, 'noise_gpi_sigma': 87.52105497191916, 'g_stn_gpe_mult': 3.3526312292345213, 'g_gpe_stn_mult': 0.1715699491442575, 'g_stn_gpi_mult': 2.7802618581836374, 'g_gpe_gpi_mult': 0.6458659316945741}. Best is trial 61 with value: 0.24899146001917752.
[I 2026-05-28 02:48:58,021] Trial 111 finished with value: 7.167354166794205 and parameters: {'ISTN': 69.85606380472571, 'I_gpe': 1.3834651337566517, 'I_gpi': 1.5822802304642463, 'noise_stn_sigma': 3.947258974672776, 'noise_gpe_sigma': 106.78972253559495, 'noise_gpi_sigma': 67.68536284006296, 'g_stn_gpe_mult': 3.3975903810263874, 'g_gpe_stn_mult': 0.14810736932276902, 'g_stn_gpi_mult': 2.8301840404312797, 'g_gpe_gpi_mult': 0.9206507730377824}. Best is trial 61 with value: 0.24899146001917752.
[I 2026-05-28 02:48:59,028] Trial 112 finished with value: 2.7540698358648825 and parameters: {'ISTN': 60.486864718849745, 'I_gpe': 1.6563502311576022, 'I_gpi': 1.8894431956810658, 'noise_stn_sigma': 5.460780392538094, 'noise_gpe_sigma': 103.10641943776966, 'noise_gpi_sigma': 88.12290342594589, 'g_stn_gpe_mult': 3.947092330876151, 'g_gpe_stn_mult': 0.23496842344580118, 'g_stn_gpi_mult': 2.775971409140574, 'g_gpe_gpi_mult': 0.787675216813654}. Best is trial 61 with value: 0.24899146001917752.
[I 2026-05-28 02:49:00,036] Trial 113 finished with value: 0.34483089030558095 and parameters: {'ISTN': 64.99500647514593, 'I_gpe': 0.5709031583335309, 'I_gpi': 1.9593947613494336, 'noise_stn_sigma': 4.901441092804747, 'noise_gpe_sigma': 84.92148815409878, 'noise_gpi_sigma': 99.4506153427333, 'g_stn_gpe_mult': 3.192897458789408, 'g_gpe_stn_mult': 0.1025806152446237, 'g_stn_gpi_mult': 2.5674823651473098, 'g_gpe_gpi_mult': 0.7973892319899345}. Best is trial 61 with value: 0.24899146001917752.
[I 2026-05-28 02:49:01,042] Trial 114 finished with value: 13.79582158771265 and parameters: {'ISTN': 71.3514540909703, 'I_gpe': 1.8589817382206621, 'I_gpi': 2.067866777135707, 'noise_stn_sigma': 4.909473226201023, 'noise_gpe_sigma': 114.78338490493097, 'noise_gpi_sigma': 91.2685473414936, 'g_stn_gpe_mult': 3.3849883176834337, 'g_gpe_stn_mult': 0.1983285752449374, 'g_stn_gpi_mult': 2.4720045610753556, 'g_gpe_gpi_mult': 0.7077138808287835}. Best is trial 61 with value: 0.24899146001917752.
[I 2026-05-28 02:49:02,049] Trial 115 finished with value: 15.260550321381853 and parameters: {'ISTN': 91.19341507746337, 'I_gpe': 1.1983420937545106, 'I_gpi': 1.6326910909840446, 'noise_stn_sigma': 4.556258362376964, 'noise_gpe_sigma': 83.86204825451732, 'noise_gpi_sigma': 78.94275938819246, 'g_stn_gpe_mult': 3.308696676115215, 'g_gpe_stn_mult': 0.18711707979752504, 'g_stn_gpi_mult': 2.5538753789952393, 'g_gpe_gpi_mult': 0.6369219762213554}. Best is trial 61 with value: 0.24899146001917752.
[I 2026-05-28 02:49:03,059] Trial 116 finished with value: 11.988583254765574 and parameters: {'ISTN': 75.50787360810916, 'I_gpe': 1.4448504931547115, 'I_gpi': 1.0663798490767502, 'noise_stn_sigma': 5.7923413508927375, 'noise_gpe_sigma': 103.25313587865713, 'noise_gpi_sigma': 85.59733149541846, 'g_stn_gpe_mult': 3.566727504948193, 'g_gpe_stn_mult': 0.17374340582830045, 'g_stn_gpi_mult': 2.439705861187895, 'g_gpe_gpi_mult': 0.8631429003415265}. Best is trial 61 with value: 0.24899146001917752.
[I 2026-05-28 02:49:04,069] Trial 117 finished with value: 13.359489556009619 and parameters: {'ISTN': 84.26306523598244, 'I_gpe': 1.5905572202155047, 'I_gpi': 1.9515028540822197, 'noise_stn_sigma': 4.665373432165784, 'noise_gpe_sigma': 99.92847894350209, 'noise_gpi_sigma': 88.15831118466711, 'g_stn_gpe_mult': 3.660328196265082, 'g_gpe_stn_mult': 0.25109671501735586, 'g_stn_gpi_mult': 2.564040919909115, 'g_gpe_gpi_mult': 0.9549057758534147}. Best is trial 61 with value: 0.24899146001917752.
[I 2026-05-28 02:49:05,076] Trial 118 finished with value: 5.522432665569262 and parameters: {'ISTN': 63.21733745135579, 'I_gpe': 0.899326665189127, 'I_gpi': 1.611004858874686, 'noise_stn_sigma': 5.694035948518312, 'noise_gpe_sigma': 109.3221434703287, 'noise_gpi_sigma': 88.09015324221036, 'g_stn_gpe_mult': 3.4645723003846562, 'g_gpe_stn_mult': 0.19565229989610117, 'g_stn_gpi_mult': 2.312704324179275, 'g_gpe_gpi_mult': 0.5826346350989582}. Best is trial 61 with value: 0.24899146001917752.
[I 2026-05-28 02:49:06,084] Trial 119 finished with value: 2.8912993934883047 and parameters: {'ISTN': 63.95947271096012, 'I_gpe': 0.9342887865810545, 'I_gpi': 2.376474144845957, 'noise_stn_sigma': 3.581257848034553, 'noise_gpe_sigma': 97.45662354354876, 'noise_gpi_sigma': 104.33360826528764, 'g_stn_gpe_mult': 3.8582373815301985, 'g_gpe_stn_mult': 0.210272244408813, 'g_stn_gpi_mult': 2.5981628100890646, 'g_gpe_gpi_mult': 0.7497665471457893}. Best is trial 61 with value: 0.24899146001917752.
[I 2026-05-28 02:49:07,096] Trial 120 finished with value: 12.693140306637657 and parameters: {'ISTN': 72.9718021341285, 'I_gpe': 1.0601892255312828, 'I_gpi': 1.4116936265401707, 'noise_stn_sigma': 5.093865451805903, 'noise_gpe_sigma': 104.32524051292305, 'noise_gpi_sigma': 68.37229991961162, 'g_stn_gpe_mult': 3.4269060044551996, 'g_gpe_stn_mult': 0.197402663161296, 'g_stn_gpi_mult': 2.3646632392099978, 'g_gpe_gpi_mult': 0.9079250414668447}. Best is trial 61 with value: 0.24899146001917752.
[I 2026-05-28 02:49:08,107] Trial 121 finished with value: 9.869112683119557 and parameters: {'ISTN': 64.80568355505027, 'I_gpe': 0.7034770396367329, 'I_gpi': 1.5524399185238589, 'noise_stn_sigma': 5.5615758476474415, 'noise_gpe_sigma': 68.83366797188884, 'noise_gpi_sigma': 97.04640353774911, 'g_stn_gpe_mult': 3.9045942310314317, 'g_gpe_stn_mult': 0.24836775835297556, 'g_stn_gpi_mult': 2.655071362519209, 'g_gpe_gpi_mult': 0.856919400341351}. Best is trial 61 with value: 0.24899146001917752.
[I 2026-05-28 02:49:09,116] Trial 122 finished with value: 11.457997431262804 and parameters: {'ISTN': 73.635974369505, 'I_gpe': 1.6098227642429563, 'I_gpi': 2.6054454998511254, 'noise_stn_sigma': 5.276238611212379, 'noise_gpe_sigma': 90.12532050753818, 'noise_gpi_sigma': 72.14329921851638, 'g_stn_gpe_mult': 3.4155685269382925, 'g_gpe_stn_mult': 0.15992709379935885, 'g_stn_gpi_mult': 2.857554125683173, 'g_gpe_gpi_mult': 0.7833213274159108}. Best is trial 61 with value: 0.24899146001917752.
[I 2026-05-28 02:49:10,122] Trial 123 finished with value: 0.24606020856869756 and parameters: {'ISTN': 61.64789207275305, 'I_gpe': 0.7198545066691173, 'I_gpi': 1.720992320953593, 'noise_stn_sigma': 4.615417550715299, 'noise_gpe_sigma': 112.93114227454114, 'noise_gpi_sigma': 100.32689858273748, 'g_stn_gpe_mult': 3.7164756281620455, 'g_gpe_stn_mult': 0.183670947566724, 'g_stn_gpi_mult': 2.503677607421321, 'g_gpe_gpi_mult': 0.6619412935072677}. Best is trial 123 with value: 0.24606020856869756.
[I 2026-05-28 02:49:11,128] Trial 124 finished with value: 11.889040406241497 and parameters: {'ISTN': 70.24162806422513, 'I_gpe': 1.08194100752977, 'I_gpi': 1.9008248673009747, 'noise_stn_sigma': 4.8679559562731285, 'noise_gpe_sigma': 98.55689635494825, 'noise_gpi_sigma': 71.57221771403735, 'g_stn_gpe_mult': 3.672588585474348, 'g_gpe_stn_mult': 0.16846308280676314, 'g_stn_gpi_mult': 2.798132811431784, 'g_gpe_gpi_mult': 0.6936969785861233}. Best is trial 123 with value: 0.24606020856869756.
[I 2026-05-28 02:49:12,137] Trial 125 finished with value: 12.354196549618852 and parameters: {'ISTN': 69.48868320769363, 'I_gpe': 1.70684513496854, 'I_gpi': 2.080875645861133, 'noise_stn_sigma': 4.830943286315762, 'noise_gpe_sigma': 83.89988400185021, 'noise_gpi_sigma': 97.75070302741022, 'g_stn_gpe_mult': 2.9568078763897407, 'g_gpe_stn_mult': 0.24116075601670064, 'g_stn_gpi_mult': 2.343670480899762, 'g_gpe_gpi_mult': 0.8474142097605}. Best is trial 123 with value: 0.24606020856869756.
[I 2026-05-28 02:49:13,147] Trial 126 finished with value: 0.29149129239498484 and parameters: {'ISTN': 66.3950929556998, 'I_gpe': 1.4808846535662552, 'I_gpi': 1.9476876454287084, 'noise_stn_sigma': 4.564115065896531, 'noise_gpe_sigma': 80.98031620773592, 'noise_gpi_sigma': 70.5251617306352, 'g_stn_gpe_mult': 3.4627231098728988, 'g_gpe_stn_mult': 0.13060810202783343, 'g_stn_gpi_mult': 3.045615165514015, 'g_gpe_gpi_mult': 0.8316454181350152}. Best is trial 123 with value: 0.24606020856869756.
[I 2026-05-28 02:49:14,154] Trial 127 finished with value: 1.8598697730521045 and parameters: {'ISTN': 66.8561155912362, 'I_gpe': 0.5323070986314701, 'I_gpi': 1.6864006378307912, 'noise_stn_sigma': 5.106953161954242, 'noise_gpe_sigma': 108.74262257295406, 'noise_gpi_sigma': 107.52652866615081, 'g_stn_gpe_mult': 3.467218910404993, 'g_gpe_stn_mult': 0.14060865448058962, 'g_stn_gpi_mult': 2.5256345787354766, 'g_gpe_gpi_mult': 0.6627474091107425}. Best is trial 123 with value: 0.24606020856869756.
[I 2026-05-28 02:49:15,162] Trial 128 finished with value: 5.749039353088764 and parameters: {'ISTN': 66.50839596015379, 'I_gpe': 0.7126436791687911, 'I_gpi': 1.5508754357723753, 'noise_stn_sigma': 6.178326136554927, 'noise_gpe_sigma': 97.36382025194072, 'noise_gpi_sigma': 95.2386869083847, 'g_stn_gpe_mult': 2.542612081559974, 'g_gpe_stn_mult': 0.11012484243532342, 'g_stn_gpi_mult': 2.6026906882902474, 'g_gpe_gpi_mult': 0.8729950780033042}. Best is trial 123 with value: 0.24606020856869756.
[I 2026-05-28 02:49:16,168] Trial 129 finished with value: 1.6910785934215182 and parameters: {'ISTN': 63.87253301009979, 'I_gpe': 0.9665773301724593, 'I_gpi': 1.8350697656163029, 'noise_stn_sigma': 5.12984965978381, 'noise_gpe_sigma': 97.96090256014102, 'noise_gpi_sigma': 96.33587771003208, 'g_stn_gpe_mult': 3.99543016276131, 'g_gpe_stn_mult': 0.14304942234117038, 'g_stn_gpi_mult': 2.827192405719254, 'g_gpe_gpi_mult': 0.7335270692334515}. Best is trial 123 with value: 0.24606020856869756.
[I 2026-05-28 02:49:17,175] Trial 130 finished with value: 4.971800993848967 and parameters: {'ISTN': 62.872733991222, 'I_gpe': 1.31089235834154, 'I_gpi': 1.8064320640187903, 'noise_stn_sigma': 6.303108269286283, 'noise_gpe_sigma': 101.304006188566, 'noise_gpi_sigma': 94.25550378768074, 'g_stn_gpe_mult': 3.6081887421352374, 'g_gpe_stn_mult': 0.2281893710300235, 'g_stn_gpi_mult': 2.866905185914706, 'g_gpe_gpi_mult': 0.8966513856308815}. Best is trial 123 with value: 0.24606020856869756.
[I 2026-05-28 02:49:18,188] Trial 131 finished with value: 8.185802507575604 and parameters: {'ISTN': 65.0189436333605, 'I_gpe': 0.8430676958772653, 'I_gpi': 1.9575087283346053, 'noise_stn_sigma': 4.146164734247073, 'noise_gpe_sigma': 110.71408293738831, 'noise_gpi_sigma': 93.5211777769692, 'g_stn_gpe_mult': 3.8501677997021533, 'g_gpe_stn_mult': 0.27646367809488537, 'g_stn_gpi_mult': 3.0920132667696603, 'g_gpe_gpi_mult': 0.6551948593906924}. Best is trial 123 with value: 0.24606020856869756.
