[I 2026-05-28 02:50:47,878] Trial 220 finished with value: 1.2375278465588777 and parameters: {'ISTN': 65.91302199101193, 'I_gpe': 1.04644703630714, 'I_gpi': 2.278529904737378, 'noise_stn_sigma': 5.2940520868180165, 'noise_gpe_sigma': 88.69771567007545, 'noise_gpi_sigma': 103.38715312207724, 'g_stn_gpe_mult': 4.767500156982726, 'g_gpe_stn_mult': 0.1473161508246128, 'g_stn_gpi_mult': 2.214438738056147, 'g_gpe_gpi_mult': 0.6207731189688508}. Best is trial 176 with value: 0.17629840528724414.
[I 2026-05-28 02:50:48,888] Trial 221 finished with value: 0.3718648181671421 and parameters: {'ISTN': 62.43709033547697, 'I_gpe': 1.646248959947585, 'I_gpi': 2.434120510950435, 'noise_stn_sigma': 3.9836170503585415, 'noise_gpe_sigma': 88.26570356090829, 'noise_gpi_sigma': 103.39985695331211, 'g_stn_gpe_mult': 4.9300203141743335, 'g_gpe_stn_mult': 0.1295782386739478, 'g_stn_gpi_mult': 2.609228275953339, 'g_gpe_gpi_mult': 0.8169539460885327}. Best is trial 176 with value: 0.17629840528724414.
[I 2026-05-28 02:50:49,896] Trial 222 finished with value: 1.3044127536829868 and parameters: {'ISTN': 69.5742934251887, 'I_gpe': 1.2618471956459258, 'I_gpi': 2.3538789854446422, 'noise_stn_sigma': 3.8046634681114453, 'noise_gpe_sigma': 94.63785502934539, 'noise_gpi_sigma': 115.20225754501197, 'g_stn_gpe_mult': 4.60445860147114, 'g_gpe_stn_mult': 0.11166776235469607, 'g_stn_gpi_mult': 2.568137915870755, 'g_gpe_gpi_mult': 0.6624947573433755}. Best is trial 176 with value: 0.17629840528724414.
[I 2026-05-28 02:50:50,908] Trial 223 finished with value: 6.805224295680998 and parameters: {'ISTN': 65.8616759607731, 'I_gpe': 1.834063952200079, 'I_gpi': 1.9500608555807504, 'noise_stn_sigma': 3.8779472538966546, 'noise_gpe_sigma': 90.91498938809653, 'noise_gpi_sigma': 98.92408374204173, 'g_stn_gpe_mult': 4.7794575332744795, 'g_gpe_stn_mult': 0.20913702415378077, 'g_stn_gpi_mult': 2.4314554927284147, 'g_gpe_gpi_mult': 0.6678091768580111}. Best is trial 176 with value: 0.17629840528724414.
[I 2026-05-28 02:50:51,918] Trial 224 finished with value: 0.3029671681615672 and parameters: {'ISTN': 63.5936125418705, 'I_gpe': 1.1804437780889123, 'I_gpi': 2.667035695483822, 'noise_stn_sigma': 3.4423563537047466, 'noise_gpe_sigma': 105.32022828328232, 'noise_gpi_sigma': 104.58314566179617, 'g_stn_gpe_mult': 4.472501434601549, 'g_gpe_stn_mult': 0.16415415064608735, 'g_stn_gpi_mult': 2.4122822919031273, 'g_gpe_gpi_mult': 0.7909601767920915}. Best is trial 176 with value: 0.17629840528724414.
[I 2026-05-28 02:50:52,925] Trial 225 finished with value: 0.3766814393723664 and parameters: {'ISTN': 62.868710349534524, 'I_gpe': 1.4051103953638688, 'I_gpi': 1.4254674001206933, 'noise_stn_sigma': 5.033590142465976, 'noise_gpe_sigma': 90.74000319202285, 'noise_gpi_sigma': 92.2324184750732, 'g_stn_gpe_mult': 4.427523753607276, 'g_gpe_stn_mult': 0.1716362277355547, 'g_stn_gpi_mult': 2.4941355544737354, 'g_gpe_gpi_mult': 0.8247053410021543}. Best is trial 176 with value: 0.17629840528724414.
[I 2026-05-28 02:50:53,935] Trial 226 finished with value: 0.25091637773169 and parameters: {'ISTN': 66.06779561814642, 'I_gpe': 1.2710241906368598, 'I_gpi': 2.112270604098304, 'noise_stn_sigma': 3.3348438109729566, 'noise_gpe_sigma': 78.19321998353053, 'noise_gpi_sigma': 110.24660035024229, 'g_stn_gpe_mult': 4.507262385195638, 'g_gpe_stn_mult': 0.14919531247673543, 'g_stn_gpi_mult': 2.5341374006976385, 'g_gpe_gpi_mult': 0.7438974259896607}. Best is trial 176 with value: 0.17629840528724414.
[I 2026-05-28 02:50:54,942] Trial 227 finished with value: 0.5894510344383433 and parameters: {'ISTN': 62.174977297919604, 'I_gpe': 2.1384648433598716, 'I_gpi': 2.164515261083218, 'noise_stn_sigma': 3.502509121241054, 'noise_gpe_sigma': 92.52655464858516, 'noise_gpi_sigma': 103.58338668598746, 'g_stn_gpe_mult': 4.763545281706119, 'g_gpe_stn_mult': 0.1558944697273579, 'g_stn_gpi_mult': 2.5130285000869748, 'g_gpe_gpi_mult': 0.7178096059720531}. Best is trial 176 with value: 0.17629840528724414.
[I 2026-05-28 02:50:55,953] Trial 228 finished with value: 7.6912194692110365 and parameters: {'ISTN': 66.17377199197179, 'I_gpe': 1.2355404389199967, 'I_gpi': 2.3833094638886934, 'noise_stn_sigma': 4.3031000923381715, 'noise_gpe_sigma': 103.1839157676136, 'noise_gpi_sigma': 99.47827247589328, 'g_stn_gpe_mult': 4.2041208033624455, 'g_gpe_stn_mult': 0.20583057087340317, 'g_stn_gpi_mult': 2.8652865133459344, 'g_gpe_gpi_mult': 0.7761626235212498}. Best is trial 176 with value: 0.17629840528724414.
[I 2026-05-28 02:50:56,964] Trial 229 finished with value: 2.894502694683286 and parameters: {'ISTN': 68.09727522438165, 'I_gpe': 1.2513848180533578, 'I_gpi': 1.6507470098472936, 'noise_stn_sigma': 4.207881171372193, 'noise_gpe_sigma': 90.42642946509963, 'noise_gpi_sigma': 113.1329634104821, 'g_stn_gpe_mult': 4.4027848757321575, 'g_gpe_stn_mult': 0.21043304917154182, 'g_stn_gpi_mult': 2.295114856270567, 'g_gpe_gpi_mult': 0.8337035627878848}. Best is trial 176 with value: 0.17629840528724414.
[I 2026-05-28 02:50:57,976] Trial 230 finished with value: 0.39982674204767477 and parameters: {'ISTN': 65.50428254576228, 'I_gpe': 1.727553975749261, 'I_gpi': 2.0524561593866566, 'noise_stn_sigma': 3.751679332764705, 'noise_gpe_sigma': 89.43909143159118, 'noise_gpi_sigma': 112.73784526018842, 'g_stn_gpe_mult': 4.413497255845018, 'g_gpe_stn_mult': 0.11454286398960357, 'g_stn_gpi_mult': 2.2192548486752477, 'g_gpe_gpi_mult': 0.7867012760703247}. Best is trial 176 with value: 0.17629840528724414.
[I 2026-05-28 02:50:58,985] Trial 231 finished with value: 0.3036406128219792 and parameters: {'ISTN': 63.24641861471242, 'I_gpe': 1.0365545689576718, 'I_gpi': 2.448731072578173, 'noise_stn_sigma': 2.899756159543556, 'noise_gpe_sigma': 91.71157879484359, 'noise_gpi_sigma': 125.57726443590104, 'g_stn_gpe_mult': 4.755253809025506, 'g_gpe_stn_mult': 0.16689072456714277, 'g_stn_gpi_mult': 2.2072273649903313, 'g_gpe_gpi_mult': 0.7875559354016604}. Best is trial 176 with value: 0.17629840528724414.
[I 2026-05-28 02:50:59,995] Trial 232 finished with value: 2.95626005094211 and parameters: {'ISTN': 67.44786158570523, 'I_gpe': 0.7638685167937863, 'I_gpi': 2.3451622609733676, 'noise_stn_sigma': 4.020265558101348, 'noise_gpe_sigma': 99.04517469329834, 'noise_gpi_sigma': 97.34020227271233, 'g_stn_gpe_mult': 4.3951214554475015, 'g_gpe_stn_mult': 0.14342721316185633, 'g_stn_gpi_mult': 2.1984574564048733, 'g_gpe_gpi_mult': 0.6932400096474332}. Best is trial 176 with value: 0.17629840528724414.
[I 2026-05-28 02:51:01,005] Trial 233 finished with value: 0.2174425477236312 and parameters: {'ISTN': 65.11747088771816, 'I_gpe': 1.1136132790140518, 'I_gpi': 2.1558211485002667, 'noise_stn_sigma': 4.051937326109396, 'noise_gpe_sigma': 85.7674350515853, 'noise_gpi_sigma': 108.34370008690867, 'g_stn_gpe_mult': 4.909353035073391, 'g_gpe_stn_mult': 0.1491309119270847, 'g_stn_gpi_mult': 2.4698068160884987, 'g_gpe_gpi_mult': 0.8838637573884511}. Best is trial 176 with value: 0.17629840528724414.
[I 2026-05-28 02:51:02,015] Trial 234 finished with value: 0.6197259414024388 and parameters: {'ISTN': 65.41251593912051, 'I_gpe': 1.5052022123653173, 'I_gpi': 2.194117921983, 'noise_stn_sigma': 3.3010315667340095, 'noise_gpe_sigma': 76.87980841201953, 'noise_gpi_sigma': 108.88032072379406, 'g_stn_gpe_mult': 4.489022769148553, 'g_gpe_stn_mult': 0.17548834924980103, 'g_stn_gpi_mult': 2.7965758410797417, 'g_gpe_gpi_mult': 0.7563603957931833}. Best is trial 176 with value: 0.17629840528724414.
[I 2026-05-28 02:51:03,024] Trial 235 finished with value: 0.34802885062422984 and parameters: {'ISTN': 63.65947314057953, 'I_gpe': 1.620647000320212, 'I_gpi': 2.467972913762946, 'noise_stn_sigma': 3.237148088823768, 'noise_gpe_sigma': 92.10037800925473, 'noise_gpi_sigma': 111.99340959055273, 'g_stn_gpe_mult': 4.946968891621336, 'g_gpe_stn_mult': 0.10978313032740632, 'g_stn_gpi_mult': 2.2820699876420676, 'g_gpe_gpi_mult': 0.722604827525301}. Best is trial 176 with value: 0.17629840528724414.
[I 2026-05-28 02:51:04,035] Trial 236 finished with value: 1.96264212248637 and parameters: {'ISTN': 69.91739446497462, 'I_gpe': 0.7308535595788962, 'I_gpi': 1.8497658402949826, 'noise_stn_sigma': 3.648832638407729, 'noise_gpe_sigma': 95.58005616817876, 'noise_gpi_sigma': 120.11944938772513, 'g_stn_gpe_mult': 4.684784544648549, 'g_gpe_stn_mult': 0.14619388779274278, 'g_stn_gpi_mult': 2.847963827553469, 'g_gpe_gpi_mult': 0.7030339359751603}. Best is trial 176 with value: 0.17629840528724414.
[I 2026-05-28 02:51:05,045] Trial 237 finished with value: 0.46879916896051793 and parameters: {'ISTN': 63.06851917365806, 'I_gpe': 1.3059616183980896, 'I_gpi': 2.2500015084119847, 'noise_stn_sigma': 3.590505973781072, 'noise_gpe_sigma': 84.99845750459663, 'noise_gpi_sigma': 86.49003633078603, 'g_stn_gpe_mult': 4.531898291470203, 'g_gpe_stn_mult': 0.11187616408243119, 'g_stn_gpi_mult': 2.4348276133040714, 'g_gpe_gpi_mult': 0.8259910769851431}. Best is trial 176 with value: 0.17629840528724414.
[I 2026-05-28 02:51:06,057] Trial 238 finished with value: 6.1779459639499725 and parameters: {'ISTN': 66.83224858865333, 'I_gpe': 1.5875843212188434, 'I_gpi': 2.402541565861102, 'noise_stn_sigma': 3.752429531220965, 'noise_gpe_sigma': 100.84881350741959, 'noise_gpi_sigma': 102.15912820239109, 'g_stn_gpe_mult': 4.642717725921474, 'g_gpe_stn_mult': 0.16865821119916685, 'g_stn_gpi_mult': 2.343970663145636, 'g_gpe_gpi_mult': 0.6304376194445049}. Best is trial 176 with value: 0.17629840528724414.
[I 2026-05-28 02:51:07,065] Trial 239 finished with value: 12.867629983718134 and parameters: {'ISTN': 69.06140027267311, 'I_gpe': 1.7973175494506302, 'I_gpi': 2.1080803193522253, 'noise_stn_sigma': 4.478102814391478, 'noise_gpe_sigma': 85.20157368736889, 'noise_gpi_sigma': 94.55191256433972, 'g_stn_gpe_mult': 4.35942399570713, 'g_gpe_stn_mult': 0.22806166620590654, 'g_stn_gpi_mult': 3.0717857721530204, 'g_gpe_gpi_mult': 0.7766044485524255}. Best is trial 176 with value: 0.17629840528724414.
[I 2026-05-28 02:51:08,077] Trial 240 finished with value: 12.301070712318223 and parameters: {'ISTN': 69.10195187328348, 'I_gpe': 1.254568929987306, 'I_gpi': 1.9615509135209295, 'noise_stn_sigma': 4.733426112097532, 'noise_gpe_sigma': 83.17348170323103, 'noise_gpi_sigma': 119.20459269221867, 'g_stn_gpe_mult': 4.433918800955883, 'g_gpe_stn_mult': 0.16648754830219606, 'g_stn_gpi_mult': 2.4310797859641107, 'g_gpe_gpi_mult': 0.7317278835156573}. Best is trial 176 with value: 0.17629840528724414.
[I 2026-05-28 02:51:09,086] Trial 241 finished with value: 8.593314138216092 and parameters: {'ISTN': 69.77227025732643, 'I_gpe': 1.0549994032056933, 'I_gpi': 1.8899981056397575, 'noise_stn_sigma': 4.069502067626011, 'noise_gpe_sigma': 92.78176660840987, 'noise_gpi_sigma': 121.10767599350324, 'g_stn_gpe_mult': 4.99085380777864, 'g_gpe_stn_mult': 0.2515404695899051, 'g_stn_gpi_mult': 1.8579391992198528, 'g_gpe_gpi_mult': 0.9288916895035284}. Best is trial 176 with value: 0.17629840528724414.
[I 2026-05-28 02:51:10,095] Trial 242 finished with value: 7.376898708712832 and parameters: {'ISTN': 65.91864770736909, 'I_gpe': 1.393747328835349, 'I_gpi': 1.8756557080192025, 'noise_stn_sigma': 4.420278497755249, 'noise_gpe_sigma': 105.4916666569366, 'noise_gpi_sigma': 94.91455528566462, 'g_stn_gpe_mult': 4.632785933307398, 'g_gpe_stn_mult': 0.1775513332721838, 'g_stn_gpi_mult': 2.2040536419438377, 'g_gpe_gpi_mult': 0.7869556222767538}. Best is trial 176 with value: 0.17629840528724414.
[I 2026-05-28 02:51:11,103] Trial 243 finished with value: 3.4683816223946606 and parameters: {'ISTN': 64.83005919038624, 'I_gpe': 1.1366330942702834, 'I_gpi': 2.28819066257613, 'noise_stn_sigma': 3.924673651207386, 'noise_gpe_sigma': 93.54092686738767, 'noise_gpi_sigma': 110.97557612868482, 'g_stn_gpe_mult': 4.807846663570979, 'g_gpe_stn_mult': 0.20502282199555147, 'g_stn_gpi_mult': 2.205493245614009, 'g_gpe_gpi_mult': 0.8336485870484298}. Best is trial 176 with value: 0.17629840528724414.
[I 2026-05-28 02:51:12,110] Trial 244 finished with value: 6.369099883117007 and parameters: {'ISTN': 67.24213002690436, 'I_gpe': 1.3302385718391223, 'I_gpi': 2.125545572704011, 'noise_stn_sigma': 4.828811292534863, 'noise_gpe_sigma': 102.60828646185975, 'noise_gpi_sigma': 100.7837282368612, 'g_stn_gpe_mult': 4.555305817954411, 'g_gpe_stn_mult': 0.17410429764216165, 'g_stn_gpi_mult': 2.4849620987611374, 'g_gpe_gpi_mult': 0.9246714003369054}. Best is trial 176 with value: 0.17629840528724414.
[I 2026-05-28 02:51:13,119] Trial 245 finished with value: 0.2129851629151358 and parameters: {'ISTN': 65.70496262365316, 'I_gpe': 1.32597639122937, 'I_gpi': 2.038115230280514, 'noise_stn_sigma': 3.2105383710189126, 'noise_gpe_sigma': 80.42943992735788, 'noise_gpi_sigma': 106.81274566858049, 'g_stn_gpe_mult': 4.764483875159559, 'g_gpe_stn_mult': 0.12380795452724021, 'g_stn_gpi_mult': 2.736021469035236, 'g_gpe_gpi_mult': 0.8632447514321224}. Best is trial 176 with value: 0.17629840528724414.
[I 2026-05-28 02:51:14,128] Trial 246 finished with value: 4.4276483053152615 and parameters: {'ISTN': 70.35011831393268, 'I_gpe': 1.3388419906296551, 'I_gpi': 2.263361818369569, 'noise_stn_sigma': 3.5071059123408723, 'noise_gpe_sigma': 80.08478669238929, 'noise_gpi_sigma': 117.89395226419691, 'g_stn_gpe_mult': 4.9080453103343284, 'g_gpe_stn_mult': 0.1316591699387428, 'g_stn_gpi_mult': 2.562946165133509, 'g_gpe_gpi_mult': 0.8023374069197213}. Best is trial 176 with value: 0.17629840528724414.
[I 2026-05-28 02:51:15,135] Trial 247 finished with value: 2.2777806456989187 and parameters: {'ISTN': 63.96580378305712, 'I_gpe': 1.39550672342801, 'I_gpi': 1.6161060647163612, 'noise_stn_sigma': 2.958922570123137, 'noise_gpe_sigma': 77.53288436983212, 'noise_gpi_sigma': 120.49102475364006, 'g_stn_gpe_mult': 4.9613511423809324, 'g_gpe_stn_mult': 0.24518819658701577, 'g_stn_gpi_mult': 2.7681423493983397, 'g_gpe_gpi_mult': 0.7485885906517546}. Best is trial 176 with value: 0.17629840528724414.
[I 2026-05-28 02:51:16,142] Trial 248 finished with value: 10.076250708451646 and parameters: {'ISTN': 67.13187230166778, 'I_gpe': 1.145546961302934, 'I_gpi': 2.4959230497641047, 'noise_stn_sigma': 3.7599365501695283, 'noise_gpe_sigma': 86.7911982200825, 'noise_gpi_sigma': 114.75607422496535, 'g_stn_gpe_mult': 4.16789050972611, 'g_gpe_stn_mult': 0.19056161326136847, 'g_stn_gpi_mult': 2.2597621541049704, 'g_gpe_gpi_mult': 0.8453506150834309}. Best is trial 176 with value: 0.17629840528724414.
[I 2026-05-28 02:51:17,151] Trial 249 finished with value: 0.3151138671428756 and parameters: {'ISTN': 64.7472293286154, 'I_gpe': 1.219394442827317, 'I_gpi': 1.9956892329399754, 'noise_stn_sigma': 3.8815022534723576, 'noise_gpe_sigma': 79.2401676462973, 'noise_gpi_sigma': 112.74448153812345, 'g_stn_gpe_mult': 4.602326416598535, 'g_gpe_stn_mult': 0.18549261941127737, 'g_stn_gpi_mult': 2.435653841273219, 'g_gpe_gpi_mult': 0.8760750946113298}. Best is trial 176 with value: 0.17629840528724414.
[I 2026-05-28 02:51:18,160] Trial 250 finished with value: 7.273005289891486 and parameters: {'ISTN': 69.01964544725658, 'I_gpe': 1.4155717929769736, 'I_gpi': 2.1036940591551443, 'noise_stn_sigma': 3.402565821596476, 'noise_gpe_sigma': 75.19245537634501, 'noise_gpi_sigma': 100.12568016187679, 'g_stn_gpe_mult': 4.549771542915298, 'g_gpe_stn_mult': 0.15842122686527843, 'g_stn_gpi_mult': 2.392935716443509, 'g_gpe_gpi_mult': 0.770809012064934}. Best is trial 176 with value: 0.17629840528724414.
[I 2026-05-28 02:51:19,169] Trial 251 finished with value: 0.4238350725803137 and parameters: {'ISTN': 63.67114182713287, 'I_gpe': 1.1644819534735429, 'I_gpi': 1.2700281292414992, 'noise_stn_sigma': 3.66770771891605, 'noise_gpe_sigma': 85.48055017449258, 'noise_gpi_sigma': 110.94836159728578, 'g_stn_gpe_mult': 4.839851136570477, 'g_gpe_stn_mult': 0.13602943253304595, 'g_stn_gpi_mult': 2.643410023766827, 'g_gpe_gpi_mult': 0.8666262914563743}. Best is trial 176 with value: 0.17629840528724414.
[I 2026-05-28 02:51:20,177] Trial 252 finished with value: 4.763396152556274 and parameters: {'ISTN': 60.81754669262266, 'I_gpe': 1.1486396672120525, 'I_gpi': 1.9791070465869192, 'noise_stn_sigma': 3.0658928378646007, 'noise_gpe_sigma': 84.93781564287997, 'noise_gpi_sigma': 120.68473507477884, 'g_stn_gpe_mult': 4.790630434324834, 'g_gpe_stn_mult': 0.10924011029800366, 'g_stn_gpi_mult': 2.5777280120864567, 'g_gpe_gpi_mult': 0.7710013859877323}. Best is trial 176 with value: 0.17629840528724414.
[I 2026-05-28 02:51:21,185] Trial 253 finished with value: 0.25702352300658576 and parameters: {'ISTN': 62.707814629846666, 'I_gpe': 1.3037246218792509, 'I_gpi': 2.3870827087138267, 'noise_stn_sigma': 3.4009382861142776, 'noise_gpe_sigma': 60.874664054907235, 'noise_gpi_sigma': 108.38502516569042, 'g_stn_gpe_mult': 4.844490963210894, 'g_gpe_stn_mult': 0.14585828716406712, 'g_stn_gpi_mult': 2.7275301231160687, 'g_gpe_gpi_mult': 0.9164108583774817}. Best is trial 176 with value: 0.17629840528724414.
[I 2026-05-28 02:51:22,195] Trial 254 finished with value: 1.6122310042759755 and parameters: {'ISTN': 67.82412737834083, 'I_gpe': 1.3436016273312508, 'I_gpi': 2.0092655591779796, 'noise_stn_sigma': 3.76102946710558, 'noise_gpe_sigma': 69.41283456921339, 'noise_gpi_sigma': 118.34398893561536, 'g_stn_gpe_mult': 4.590390522406759, 'g_gpe_stn_mult': 0.1488407633841145, 'g_stn_gpi_mult': 2.144834027385222, 'g_gpe_gpi_mult': 0.9532090570775715}. Best is trial 176 with value: 0.17629840528724414.
[I 2026-05-28 02:51:23,204] Trial 255 finished with value: 0.40897732426538563 and parameters: {'ISTN': 64.58083520242631, 'I_gpe': 1.5877519901023984, 'I_gpi': 2.361727966920986, 'noise_stn_sigma': 4.016203148937556, 'noise_gpe_sigma': 65.40442806875002, 'noise_gpi_sigma': 106.02861513255507, 'g_stn_gpe_mult': 4.8979733824948575, 'g_gpe_stn_mult': 0.17095598231000828, 'g_stn_gpi_mult': 2.4428175527023126, 'g_gpe_gpi_mult': 0.8917670847479167}. Best is trial 176 with value: 0.17629840528724414.
[I 2026-05-28 02:51:24,210] Trial 256 finished with value: 13.546813082454598 and parameters: {'ISTN': 76.12545088081987, 'I_gpe': 1.1245507321365222, 'I_gpi': 1.5804629729813184, 'noise_stn_sigma': 2.615535022450409, 'noise_gpe_sigma': 81.69533716219115, 'noise_gpi_sigma': 124.59179616757861, 'g_stn_gpe_mult': 4.4941944597889725, 'g_gpe_stn_mult': 0.1608795550155588, 'g_stn_gpi_mult': 2.4442700975319376, 'g_gpe_gpi_mult': 0.7588393409357137}. Best is trial 176 with value: 0.17629840528724414.
[I 2026-05-28 02:51:25,222] Trial 257 finished with value: 0.22793608039766158 and parameters: {'ISTN': 63.67638253625333, 'I_gpe': 1.1999915534801082, 'I_gpi': 2.3269711962500015, 'noise_stn_sigma': 3.1330410398084227, 'noise_gpe_sigma': 67.39410910229618, 'noise_gpi_sigma': 121.31764905435055, 'g_stn_gpe_mult': 4.992487210161874, 'g_gpe_stn_mult': 0.1484468423170715, 'g_stn_gpi_mult': 2.343784089907726, 'g_gpe_gpi_mult': 0.8682123564938231}. Best is trial 176 with value: 0.17629840528724414.
[I 2026-05-28 02:51:26,230] Trial 258 finished with value: 12.809491886024192 and parameters: {'ISTN': 73.50265023702714, 'I_gpe': 1.6463376188634378, 'I_gpi': 1.856132224361045, 'noise_stn_sigma': 2.773400588493158, 'noise_gpe_sigma': 71.37118503663028, 'noise_gpi_sigma': 106.3811727171636, 'g_stn_gpe_mult': 4.660823356075143, 'g_gpe_stn_mult': 0.17476748801189806, 'g_stn_gpi_mult': 2.845489714319986, 'g_gpe_gpi_mult': 0.9235785751317243}. Best is trial 176 with value: 0.17629840528724414.
[I 2026-05-28 02:51:27,238] Trial 259 finished with value: 0.32141970021709765 and parameters: {'ISTN': 62.63553802201012, 'I_gpe': 1.340456298270804, 'I_gpi': 2.1772359811970574, 'noise_stn_sigma': 3.357205151464094, 'noise_gpe_sigma': 68.56192268326596, 'noise_gpi_sigma': 112.6527379474418, 'g_stn_gpe_mult': 4.750303158337131, 'g_gpe_stn_mult': 0.10079277792360747, 'g_stn_gpi_mult': 2.7727040760205313, 'g_gpe_gpi_mult': 0.7883382314612049}. Best is trial 176 with value: 0.17629840528724414.
[I 2026-05-28 02:51:28,248] Trial 260 finished with value: 0.45510395313354113 and parameters: {'ISTN': 64.8283980050704, 'I_gpe': 1.3629132294706752, 'I_gpi': 1.285490082207196, 'noise_stn_sigma': 3.6949301116161894, 'noise_gpe_sigma': 90.05057857673104, 'noise_gpi_sigma': 106.91659989782724, 'g_stn_gpe_mult': 4.518059061599538, 'g_gpe_stn_mult': 0.1659252228497336, 'g_stn_gpi_mult': 3.0037336905211776, 'g_gpe_gpi_mult': 0.6628748619393037}. Best is trial 176 with value: 0.17629840528724414.
[I 2026-05-28 02:51:29,259] Trial 261 finished with value: 4.76750248428764 and parameters: {'ISTN': 69.03192672484651, 'I_gpe': 1.371252118433273, 'I_gpi': 1.9090149891444668, 'noise_stn_sigma': 3.434404988504332, 'noise_gpe_sigma': 59.901796205264745, 'noise_gpi_sigma': 102.22483345715729, 'g_stn_gpe_mult': 4.646278923257264, 'g_gpe_stn_mult': 0.14923375566505917, 'g_stn_gpi_mult': 2.3495041503620397, 'g_gpe_gpi_mult': 0.7802441519376053}. Best is trial 176 with value: 0.17629840528724414.
[I 2026-05-28 02:51:30,267] Trial 262 finished with value: 0.3175022954270015 and parameters: {'ISTN': 67.80021409306082, 'I_gpe': 1.2888286699043277, 'I_gpi': 2.2664362994152363, 'noise_stn_sigma': 2.5009894102553987, 'noise_gpe_sigma': 65.94664695755675, 'noise_gpi_sigma': 104.72385291885251, 'g_stn_gpe_mult': 4.706798432425609, 'g_gpe_stn_mult': 0.13683555911944378, 'g_stn_gpi_mult': 2.588817819334661, 'g_gpe_gpi_mult': 0.7209221739487637}. Best is trial 176 with value: 0.17629840528724414.
[I 2026-05-28 02:51:31,279] Trial 263 finished with value: 0.24517498639867244 and parameters: {'ISTN': 62.607873716132545, 'I_gpe': 0.8554984376432238, 'I_gpi': 1.9289000912942968, 'noise_stn_sigma': 3.9078050324497142, 'noise_gpe_sigma': 66.93669835244965, 'noise_gpi_sigma': 121.85715259171738, 'g_stn_gpe_mult': 4.966877055543272, 'g_gpe_stn_mult': 0.19229888456737665, 'g_stn_gpi_mult': 2.3655445268008477, 'g_gpe_gpi_mult': 0.8595989151494514}. Best is trial 176 with value: 0.17629840528724414.
