[I 2026-05-28 03:30:00,506] Trial 528 finished with value: 0.8250528207575223 and parameters: {'ISTN': 64.0663557385009, 'I_gpe': 0.8564668880406412, 'I_gpi': 1.8322324012593092, 'noise_stn_sigma': 7.36335790479283, 'noise_gpe_sigma': 79.64882868257106, 'noise_gpi_sigma': 138.84274170444112, 'g_stn_gpe_mult': 1.6283601502014036, 'g_gpe_stn_mult': 0.5504925936790586, 'g_stn_gpi_mult': 3.8492445943316103, 'g_gpe_gpi_mult': 0.9782548875694699}. Best is trial 410 with value: 0.4608635463245284.
[I 2026-05-28 03:30:01,514] Trial 529 finished with value: 1.289146021168327 and parameters: {'ISTN': 64.01495167831033, 'I_gpe': 0.9353396813166295, 'I_gpi': 1.6596876835260463, 'noise_stn_sigma': 7.462507419537252, 'noise_gpe_sigma': 80.12669083644968, 'noise_gpi_sigma': 122.22796690137226, 'g_stn_gpe_mult': 2.302040438417049, 'g_gpe_stn_mult': 0.6094287443835354, 'g_stn_gpi_mult': 3.615975543362259, 'g_gpe_gpi_mult': 0.9503012885204281}. Best is trial 410 with value: 0.4608635463245284.
[I 2026-05-28 03:30:02,522] Trial 530 finished with value: 3.6402508731544136 and parameters: {'ISTN': 73.03303948143126, 'I_gpe': 0.7782122812331416, 'I_gpi': 1.5851914211214433, 'noise_stn_sigma': 6.987934864537306, 'noise_gpe_sigma': 80.83257860473135, 'noise_gpi_sigma': 137.20962463347811, 'g_stn_gpe_mult': 2.224635229100803, 'g_gpe_stn_mult': 0.5786824623196537, 'g_stn_gpi_mult': 3.219595199318646, 'g_gpe_gpi_mult': 0.8973340150354949}. Best is trial 410 with value: 0.4608635463245284.
[I 2026-05-28 03:30:03,532] Trial 531 finished with value: 4.038686524109787 and parameters: {'ISTN': 66.28528631666792, 'I_gpe': 1.1348446218638588, 'I_gpi': 1.9829678545381313, 'noise_stn_sigma': 7.15486397540623, 'noise_gpe_sigma': 77.5611935475267, 'noise_gpi_sigma': 127.79157277426113, 'g_stn_gpe_mult': 2.400264128804829, 'g_gpe_stn_mult': 0.632938566557471, 'g_stn_gpi_mult': 3.4832024425921713, 'g_gpe_gpi_mult': 1.0970947735288052}. Best is trial 410 with value: 0.4608635463245284.
[I 2026-05-28 03:30:04,542] Trial 532 finished with value: 0.5923897535076009 and parameters: {'ISTN': 63.148348273717055, 'I_gpe': 0.9813908781934014, 'I_gpi': 1.8217051788266387, 'noise_stn_sigma': 6.802350234080375, 'noise_gpe_sigma': 77.61459230728642, 'noise_gpi_sigma': 133.34104097573575, 'g_stn_gpe_mult': 1.807189350455116, 'g_gpe_stn_mult': 0.5206252346456618, 'g_stn_gpi_mult': 3.709248903028466, 'g_gpe_gpi_mult': 0.975149487174547}. Best is trial 410 with value: 0.4608635463245284.
[I 2026-05-28 03:30:05,551] Trial 533 finished with value: 6.230055343214904 and parameters: {'ISTN': 66.28529187343122, 'I_gpe': 0.7170255861122834, 'I_gpi': 2.2867942366117977, 'noise_stn_sigma': 7.243224377410807, 'noise_gpe_sigma': 84.4570146765529, 'noise_gpi_sigma': 136.49711059613702, 'g_stn_gpe_mult': 2.024430504421593, 'g_gpe_stn_mult': 0.5536923004988888, 'g_stn_gpi_mult': 3.2399926644127737, 'g_gpe_gpi_mult': 0.9735046424281317}. Best is trial 410 with value: 0.4608635463245284.
[I 2026-05-28 03:30:06,558] Trial 534 finished with value: 3.3174661258279645 and parameters: {'ISTN': 63.55557417420086, 'I_gpe': 1.060434985544195, 'I_gpi': 1.7005626340843312, 'noise_stn_sigma': 7.146022936215329, 'noise_gpe_sigma': 70.57850335853422, 'noise_gpi_sigma': 144.0208890281625, 'g_stn_gpe_mult': 1.9377748771916374, 'g_gpe_stn_mult': 0.5566598088404111, 'g_stn_gpi_mult': 3.4444996788104376, 'g_gpe_gpi_mult': 0.8858408955836357}. Best is trial 410 with value: 0.4608635463245284.
[I 2026-05-28 03:30:07,568] Trial 535 finished with value: 9.235962189563821 and parameters: {'ISTN': 77.71746678768304, 'I_gpe': 0.5493727851295678, 'I_gpi': 2.3239599551979184, 'noise_stn_sigma': 6.145956421466091, 'noise_gpe_sigma': 84.09782694767296, 'noise_gpi_sigma': 132.27147553448523, 'g_stn_gpe_mult': 1.77254316556463, 'g_gpe_stn_mult': 0.5668168614982793, 'g_stn_gpi_mult': 3.1321707841990127, 'g_gpe_gpi_mult': 0.8806586287638383}. Best is trial 410 with value: 0.4608635463245284.
[I 2026-05-28 03:30:08,576] Trial 536 finished with value: 4.838155732153336 and parameters: {'ISTN': 64.15323882886959, 'I_gpe': 1.0038801909244728, 'I_gpi': 1.665082236503836, 'noise_stn_sigma': 6.341175641546407, 'noise_gpe_sigma': 85.95002046100815, 'noise_gpi_sigma': 132.941148744364, 'g_stn_gpe_mult': 2.025653614516621, 'g_gpe_stn_mult': 0.6232492358373246, 'g_stn_gpi_mult': 3.690143986172185, 'g_gpe_gpi_mult': 1.0170079377981416}. Best is trial 410 with value: 0.4608635463245284.
[I 2026-05-28 03:30:09,583] Trial 537 finished with value: 1.2665824968812425 and parameters: {'ISTN': 62.090347452435495, 'I_gpe': 0.8329354660960309, 'I_gpi': 1.5889144538309872, 'noise_stn_sigma': 6.863458903452542, 'noise_gpe_sigma': 84.64092260735603, 'noise_gpi_sigma': 133.15200401786262, 'g_stn_gpe_mult': 1.9640557832272667, 'g_gpe_stn_mult': 0.5577570163392215, 'g_stn_gpi_mult': 3.388329061475668, 'g_gpe_gpi_mult': 1.0158719927628201}. Best is trial 410 with value: 0.4608635463245284.
[I 2026-05-28 03:30:10,592] Trial 538 finished with value: 5.560585867402101 and parameters: {'ISTN': 80.33749051422176, 'I_gpe': 0.5460711568716745, 'I_gpi': 1.6432258902877912, 'noise_stn_sigma': 6.71603849232098, 'noise_gpe_sigma': 86.94215963434455, 'noise_gpi_sigma': 140.83087854503458, 'g_stn_gpe_mult': 1.9192850005189146, 'g_gpe_stn_mult': 0.5182714006855291, 'g_stn_gpi_mult': 3.410922619501797, 'g_gpe_gpi_mult': 1.0240298046036918}. Best is trial 410 with value: 0.4608635463245284.
[I 2026-05-28 03:30:11,601] Trial 539 finished with value: 7.640510156368156 and parameters: {'ISTN': 75.85647006646158, 'I_gpe': 0.8719799125214496, 'I_gpi': 1.5562010702420634, 'noise_stn_sigma': 5.97872250044651, 'noise_gpe_sigma': 84.93015735012577, 'noise_gpi_sigma': 142.0005036582814, 'g_stn_gpe_mult': 1.6450127991011714, 'g_gpe_stn_mult': 0.6333099814673177, 'g_stn_gpi_mult': 3.357778206161759, 'g_gpe_gpi_mult': 1.0551779470188805}. Best is trial 410 with value: 0.4608635463245284.
[I 2026-05-28 03:30:12,609] Trial 540 finished with value: 1.066200775711563 and parameters: {'ISTN': 65.46529675777398, 'I_gpe': 0.6706827111356773, 'I_gpi': 2.645155189205755, 'noise_stn_sigma': 7.4582111052247, 'noise_gpe_sigma': 84.1639899703224, 'noise_gpi_sigma': 142.68262377959252, 'g_stn_gpe_mult': 1.9644550026316159, 'g_gpe_stn_mult': 0.4639461964364814, 'g_stn_gpi_mult': 3.4003872959771884, 'g_gpe_gpi_mult': 1.1321794859346848}. Best is trial 410 with value: 0.4608635463245284.
[I 2026-05-28 03:30:13,617] Trial 541 finished with value: 3.428878811492831 and parameters: {'ISTN': 61.4722694924308, 'I_gpe': 1.0427641460042256, 'I_gpi': 1.9547404454958714, 'noise_stn_sigma': 7.386890356584315, 'noise_gpe_sigma': 86.14737130593268, 'noise_gpi_sigma': 127.0353732513117, 'g_stn_gpe_mult': 1.8830840939454554, 'g_gpe_stn_mult': 0.534920167728019, 'g_stn_gpi_mult': 3.349035239807374, 'g_gpe_gpi_mult': 1.1416791014078878}. Best is trial 410 with value: 0.4608635463245284.
[I 2026-05-28 03:30:14,624] Trial 542 finished with value: 3.8491435479679232 and parameters: {'ISTN': 62.27962937526681, 'I_gpe': 0.6515273076065405, 'I_gpi': 1.964501712885085, 'noise_stn_sigma': 7.382783380587483, 'noise_gpe_sigma': 76.12936910513469, 'noise_gpi_sigma': 128.97801682502728, 'g_stn_gpe_mult': 2.2467143254607604, 'g_gpe_stn_mult': 0.5715265694282936, 'g_stn_gpi_mult': 3.8395185313118656, 'g_gpe_gpi_mult': 1.001339923916839}. Best is trial 410 with value: 0.4608635463245284.
[I 2026-05-28 03:30:15,634] Trial 543 finished with value: 1.8776602629650065 and parameters: {'ISTN': 71.59902955544906, 'I_gpe': 0.6642728708823007, 'I_gpi': 1.6856890325409832, 'noise_stn_sigma': 6.772924255222641, 'noise_gpe_sigma': 87.42270858775444, 'noise_gpi_sigma': 131.87253000003642, 'g_stn_gpe_mult': 1.7368684168750026, 'g_gpe_stn_mult': 0.5993154809392651, 'g_stn_gpi_mult': 3.463496061081266, 'g_gpe_gpi_mult': 1.0527364664245338}. Best is trial 410 with value: 0.4608635463245284.
[I 2026-05-28 03:30:16,641] Trial 544 finished with value: 0.6250495568083978 and parameters: {'ISTN': 63.452853071861405, 'I_gpe': 0.9626161019419797, 'I_gpi': 2.1138789921311476, 'noise_stn_sigma': 6.074213411664851, 'noise_gpe_sigma': 77.01414775531617, 'noise_gpi_sigma': 134.17781973188977, 'g_stn_gpe_mult': 1.9937204137378184, 'g_gpe_stn_mult': 0.5866166857965909, 'g_stn_gpi_mult': 3.5580723210169074, 'g_gpe_gpi_mult': 1.0064435782020986}. Best is trial 410 with value: 0.4608635463245284.
[I 2026-05-28 03:30:17,648] Trial 545 finished with value: 1.8200241922555875 and parameters: {'ISTN': 63.49032087962149, 'I_gpe': 0.9619351047476452, 'I_gpi': 1.6958268052919978, 'noise_stn_sigma': 7.495891321403105, 'noise_gpe_sigma': 72.73510456465817, 'noise_gpi_sigma': 143.1898305210714, 'g_stn_gpe_mult': 2.0555383156981484, 'g_gpe_stn_mult': 0.48258043544441287, 'g_stn_gpi_mult': 3.4604832574475473, 'g_gpe_gpi_mult': 1.0392500125094353}. Best is trial 410 with value: 0.4608635463245284.
[I 2026-05-28 03:30:18,656] Trial 546 finished with value: 9.486063542292072 and parameters: {'ISTN': 64.55253838712629, 'I_gpe': 0.7749114964261716, 'I_gpi': 2.0342708145336053, 'noise_stn_sigma': 7.195771647613979, 'noise_gpe_sigma': 69.58985080174259, 'noise_gpi_sigma': 132.2888805033374, 'g_stn_gpe_mult': 2.1609571482534484, 'g_gpe_stn_mult': 0.4486701947699685, 'g_stn_gpi_mult': 3.4352995471717716, 'g_gpe_gpi_mult': 1.0842553859026545}. Best is trial 410 with value: 0.4608635463245284.
[I 2026-05-28 03:30:19,665] Trial 547 finished with value: 6.49029746212017 and parameters: {'ISTN': 61.55159084456603, 'I_gpe': 1.044529844402442, 'I_gpi': 1.8465223610704937, 'noise_stn_sigma': 7.04964764591798, 'noise_gpe_sigma': 82.27228488834086, 'noise_gpi_sigma': 140.501704948539, 'g_stn_gpe_mult': 2.197897290219306, 'g_gpe_stn_mult': 0.542199794864166, 'g_stn_gpi_mult': 3.4995859781227328, 'g_gpe_gpi_mult': 1.0846951504673632}. Best is trial 410 with value: 0.4608635463245284.
[I 2026-05-28 03:30:20,675] Trial 548 finished with value: 1.8550918252842563 and parameters: {'ISTN': 68.52144994958581, 'I_gpe': 0.8277438491745551, 'I_gpi': 1.9573604716579838, 'noise_stn_sigma': 6.283704158789934, 'noise_gpe_sigma': 89.76458681085182, 'noise_gpi_sigma': 147.32694201265468, 'g_stn_gpe_mult': 1.767145504110336, 'g_gpe_stn_mult': 0.6340086039166855, 'g_stn_gpi_mult': 3.6954890510867804, 'g_gpe_gpi_mult': 1.001220350738906}. Best is trial 410 with value: 0.4608635463245284.
[I 2026-05-28 03:30:21,682] Trial 549 finished with value: 1.9555745495785084 and parameters: {'ISTN': 63.04494137880729, 'I_gpe': 0.8952353483995463, 'I_gpi': 2.2942735372889156, 'noise_stn_sigma': 7.498091390544757, 'noise_gpe_sigma': 72.01369586301442, 'noise_gpi_sigma': 128.51720125162913, 'g_stn_gpe_mult': 2.1893330839790193, 'g_gpe_stn_mult': 0.5121730042678277, 'g_stn_gpi_mult': 3.5124055272636836, 'g_gpe_gpi_mult': 1.1331728359664055}. Best is trial 410 with value: 0.4608635463245284.
[I 2026-05-28 03:30:22,691] Trial 550 finished with value: 3.9130564567059096 and parameters: {'ISTN': 64.2584320391293, 'I_gpe': 0.7336334806825755, 'I_gpi': 2.0190624277488833, 'noise_stn_sigma': 6.801327582148563, 'noise_gpe_sigma': 80.97509215618695, 'noise_gpi_sigma': 124.48425228800808, 'g_stn_gpe_mult': 1.6318557812848282, 'g_gpe_stn_mult': 0.457109978155413, 'g_stn_gpi_mult': 3.3894649577410356, 'g_gpe_gpi_mult': 1.0055367856496165}. Best is trial 410 with value: 0.4608635463245284.
[I 2026-05-28 03:30:23,702] Trial 551 finished with value: 3.0189115549543812 and parameters: {'ISTN': 67.79437287136082, 'I_gpe': 0.8492897103216692, 'I_gpi': 1.8263603293596309, 'noise_stn_sigma': 5.965692243943934, 'noise_gpe_sigma': 86.23106174036998, 'noise_gpi_sigma': 140.6364696959852, 'g_stn_gpe_mult': 1.9156523235745526, 'g_gpe_stn_mult': 0.667103198091544, 'g_stn_gpi_mult': 3.4633988029183844, 'g_gpe_gpi_mult': 0.9438563035623531}. Best is trial 410 with value: 0.4608635463245284.
[I 2026-05-28 03:30:24,710] Trial 552 finished with value: 3.3873115425940763 and parameters: {'ISTN': 72.24105948028237, 'I_gpe': 0.7528008908036595, 'I_gpi': 2.000908848597251, 'noise_stn_sigma': 6.451595652935937, 'noise_gpe_sigma': 84.04402737960095, 'noise_gpi_sigma': 128.29885119642086, 'g_stn_gpe_mult': 2.0568076101939075, 'g_gpe_stn_mult': 0.5907869301037018, 'g_stn_gpi_mult': 3.561390291230726, 'g_gpe_gpi_mult': 1.0322220433611387}. Best is trial 410 with value: 0.4608635463245284.
[I 2026-05-28 03:30:25,720] Trial 553 finished with value: 3.241509686095807 and parameters: {'ISTN': 68.74383230321645, 'I_gpe': 0.9930060706750801, 'I_gpi': 2.3036987274618896, 'noise_stn_sigma': 7.692063379120545, 'noise_gpe_sigma': 73.55567735948355, 'noise_gpi_sigma': 142.13797680908937, 'g_stn_gpe_mult': 1.7145243283121399, 'g_gpe_stn_mult': 0.5466995118990369, 'g_stn_gpi_mult': 3.5706259265182974, 'g_gpe_gpi_mult': 1.0393477082849203}. Best is trial 410 with value: 0.4608635463245284.
[I 2026-05-28 03:30:26,728] Trial 554 finished with value: 4.252284577015805 and parameters: {'ISTN': 67.38570697081373, 'I_gpe': 0.7131326561975135, 'I_gpi': 1.7552060165826826, 'noise_stn_sigma': 6.285407722956717, 'noise_gpe_sigma': 88.56169936210605, 'noise_gpi_sigma': 128.21171831762575, 'g_stn_gpe_mult': 1.9832328875452714, 'g_gpe_stn_mult': 0.616180670300392, 'g_stn_gpi_mult': 3.856919869839743, 'g_gpe_gpi_mult': 1.0612473821542139}. Best is trial 410 with value: 0.4608635463245284.
[I 2026-05-28 03:30:27,735] Trial 555 finished with value: 3.4799114382233243 and parameters: {'ISTN': 65.82640325437148, 'I_gpe': 0.8882584380878227, 'I_gpi': 2.0420195842809936, 'noise_stn_sigma': 6.499954872629597, 'noise_gpe_sigma': 78.28009022106428, 'noise_gpi_sigma': 138.7686106875187, 'g_stn_gpe_mult': 1.950613294916475, 'g_gpe_stn_mult': 0.5644969540265787, 'g_stn_gpi_mult': 3.5023757942533082, 'g_gpe_gpi_mult': 0.972552051076645}. Best is trial 410 with value: 0.4608635463245284.
[I 2026-05-28 03:30:28,744] Trial 556 finished with value: 3.5046190799943244 and parameters: {'ISTN': 63.19484552512082, 'I_gpe': 1.215876269070823, 'I_gpi': 1.2079621686053161, 'noise_stn_sigma': 6.661685974513369, 'noise_gpe_sigma': 77.11014997079089, 'noise_gpi_sigma': 133.47958535775388, 'g_stn_gpe_mult': 2.0422553886927566, 'g_gpe_stn_mult': 0.5894370518503158, 'g_stn_gpi_mult': 3.959132535991261, 'g_gpe_gpi_mult': 1.0527791566533042}. Best is trial 410 with value: 0.4608635463245284.
[I 2026-05-28 03:30:29,750] Trial 557 finished with value: 2.8378158029674236 and parameters: {'ISTN': 64.69355879247917, 'I_gpe': 0.9977863363548265, 'I_gpi': 2.268826322795249, 'noise_stn_sigma': 6.486678077966102, 'noise_gpe_sigma': 75.55142730957704, 'noise_gpi_sigma': 124.56480988154098, 'g_stn_gpe_mult': 2.0916566291537633, 'g_gpe_stn_mult': 0.5758622657509053, 'g_stn_gpi_mult': 3.5358417282062606, 'g_gpe_gpi_mult': 1.0253550566378615}. Best is trial 410 with value: 0.4608635463245284.
[I 2026-05-28 03:30:30,758] Trial 558 finished with value: 8.998110022950138 and parameters: {'ISTN': 70.60694508885229, 'I_gpe': 0.648415249239668, 'I_gpi': 2.368760696959354, 'noise_stn_sigma': 6.324888810714449, 'noise_gpe_sigma': 89.89241048126807, 'noise_gpi_sigma': 138.46074885087305, 'g_stn_gpe_mult': 2.0598135723063646, 'g_gpe_stn_mult': 0.5044883417179226, 'g_stn_gpi_mult': 3.308198624277562, 'g_gpe_gpi_mult': 1.0307673105374353}. Best is trial 410 with value: 0.4608635463245284.
[I 2026-05-28 03:30:31,766] Trial 559 finished with value: 5.784216691560459 and parameters: {'ISTN': 76.01598685063044, 'I_gpe': 0.7057719671774672, 'I_gpi': 2.2640614330190845, 'noise_stn_sigma': 5.903758412065317, 'noise_gpe_sigma': 79.15016924646187, 'noise_gpi_sigma': 142.67966641030338, 'g_stn_gpe_mult': 1.6283875300561719, 'g_gpe_stn_mult': 0.5141930278876832, 'g_stn_gpi_mult': 3.2792534776128033, 'g_gpe_gpi_mult': 0.9758276112036508}. Best is trial 410 with value: 0.4608635463245284.
[I 2026-05-28 03:30:32,774] Trial 560 finished with value: 5.392947741511712 and parameters: {'ISTN': 60.99208421870126, 'I_gpe': 0.7771366751158337, 'I_gpi': 2.3106906575509165, 'noise_stn_sigma': 6.403006517213823, 'noise_gpe_sigma': 79.32737356112357, 'noise_gpi_sigma': 138.25870508095585, 'g_stn_gpe_mult': 2.070493245661612, 'g_gpe_stn_mult': 0.5790516609572647, 'g_stn_gpi_mult': 3.575607237133441, 'g_gpe_gpi_mult': 1.1431044737252438}. Best is trial 410 with value: 0.4608635463245284.
[I 2026-05-28 03:30:33,781] Trial 561 finished with value: 1.608373912790068 and parameters: {'ISTN': 71.53673709245197, 'I_gpe': 0.9174745803668785, 'I_gpi': 2.038794463215422, 'noise_stn_sigma': 6.4194943174685335, 'noise_gpe_sigma': 81.29985997741966, 'noise_gpi_sigma': 134.29538836811759, 'g_stn_gpe_mult': 1.7808062089761936, 'g_gpe_stn_mult': 0.6765770662621747, 'g_stn_gpi_mult': 3.784601739846039, 'g_gpe_gpi_mult': 0.99865857159391}. Best is trial 410 with value: 0.4608635463245284.
[I 2026-05-28 03:30:34,791] Trial 562 finished with value: 1.6308494075411466 and parameters: {'ISTN': 67.29696828627556, 'I_gpe': 0.9970571191793548, 'I_gpi': 2.293916844990169, 'noise_stn_sigma': 7.51732698367844, 'noise_gpe_sigma': 65.42759464161824, 'noise_gpi_sigma': 130.5538594624939, 'g_stn_gpe_mult': 1.9548125508549883, 'g_gpe_stn_mult': 0.631938104510779, 'g_stn_gpi_mult': 3.5716352155990103, 'g_gpe_gpi_mult': 1.0477070209356891}. Best is trial 410 with value: 0.4608635463245284.
[I 2026-05-28 03:30:35,798] Trial 563 finished with value: 1.4099147718495828 and parameters: {'ISTN': 71.22415526833954, 'I_gpe': 0.8679361352026498, 'I_gpi': 1.6580686149892263, 'noise_stn_sigma': 6.792220089286808, 'noise_gpe_sigma': 77.54746297233615, 'noise_gpi_sigma': 134.03944142320478, 'g_stn_gpe_mult': 1.8607982913278256, 'g_gpe_stn_mult': 0.5695248608581365, 'g_stn_gpi_mult': 3.60429832594545, 'g_gpe_gpi_mult': 0.936196957058079}. Best is trial 410 with value: 0.4608635463245284.
[I 2026-05-28 03:30:36,807] Trial 564 finished with value: 2.2317576402606836 and parameters: {'ISTN': 64.63042746403467, 'I_gpe': 0.7101756576412467, 'I_gpi': 1.8779172014595296, 'noise_stn_sigma': 5.912269789785771, 'noise_gpe_sigma': 85.43834505710383, 'noise_gpi_sigma': 142.61644637383483, 'g_stn_gpe_mult': 1.9430624952657714, 'g_gpe_stn_mult': 0.5666260371861652, 'g_stn_gpi_mult': 3.608816019621653, 'g_gpe_gpi_mult': 0.8862630104752431}. Best is trial 410 with value: 0.4608635463245284.
[I 2026-05-28 03:30:37,814] Trial 565 finished with value: 1.468853531900651 and parameters: {'ISTN': 70.51251427434754, 'I_gpe': 0.919837999119212, 'I_gpi': 2.4881364152661716, 'noise_stn_sigma': 5.960457498535367, 'noise_gpe_sigma': 78.20946347697907, 'noise_gpi_sigma': 145.55402423061383, 'g_stn_gpe_mult': 1.8071173248577788, 'g_gpe_stn_mult': 0.6623565348781062, 'g_stn_gpi_mult': 3.6075467243929182, 'g_gpe_gpi_mult': 0.9858534396754866}. Best is trial 410 with value: 0.4608635463245284.
[I 2026-05-28 03:30:38,822] Trial 566 finished with value: 11.573402349758881 and parameters: {'ISTN': 66.29686314773669, 'I_gpe': 0.7952578349429195, 'I_gpi': 2.1420809394588955, 'noise_stn_sigma': 6.190784741625334, 'noise_gpe_sigma': 64.87866937511032, 'noise_gpi_sigma': 135.5230597788948, 'g_stn_gpe_mult': 2.179606415187936, 'g_gpe_stn_mult': 0.6243763404119526, 'g_stn_gpi_mult': 3.758169060878772, 'g_gpe_gpi_mult': 1.0390052690089562}. Best is trial 410 with value: 0.4608635463245284.
[I 2026-05-28 03:30:39,830] Trial 567 finished with value: 5.092005434826837 and parameters: {'ISTN': 69.25185993643413, 'I_gpe': 0.9738693260600086, 'I_gpi': 1.9584053721550898, 'noise_stn_sigma': 6.119248694330442, 'noise_gpe_sigma': 70.15560502269446, 'noise_gpi_sigma': 139.43044157903108, 'g_stn_gpe_mult': 1.887471931227275, 'g_gpe_stn_mult': 0.5816325334905253, 'g_stn_gpi_mult': 3.235989860145891, 'g_gpe_gpi_mult': 1.004851924957407}. Best is trial 410 with value: 0.4608635463245284.
[I 2026-05-28 03:30:40,778] Trial 568 finished with value: 1000000.0 and parameters: {'ISTN': 66.75420220490574, 'I_gpe': 0.6431818626807604, 'I_gpi': 2.6408960168008635, 'noise_stn_sigma': 7.126831607369697, 'noise_gpe_sigma': 77.56149612300163, 'noise_gpi_sigma': 139.3399079878725, 'g_stn_gpe_mult': 1.8249297449282618, 'g_gpe_stn_mult': 0.5631329029837987, 'g_stn_gpi_mult': 3.278876904951047, 'g_gpe_gpi_mult': 1.0452363694565867}. Best is trial 410 with value: 0.4608635463245284.
[I 2026-05-28 03:30:41,784] Trial 569 finished with value: 4.799550621432491 and parameters: {'ISTN': 61.431210618906675, 'I_gpe': 0.7517211910953636, 'I_gpi': 2.508341457220644, 'noise_stn_sigma': 6.812826887638309, 'noise_gpe_sigma': 87.35448791226182, 'noise_gpi_sigma': 149.34783354141283, 'g_stn_gpe_mult': 1.7639935612900726, 'g_gpe_stn_mult': 0.4860106242441835, 'g_stn_gpi_mult': 3.229783519056486, 'g_gpe_gpi_mult': 1.0141119915164605}. Best is trial 410 with value: 0.4608635463245284.
[I 2026-05-28 03:30:42,794] Trial 570 finished with value: 7.586219815525997 and parameters: {'ISTN': 62.19752807727937, 'I_gpe': 1.0202303912697837, 'I_gpi': 2.141941420189511, 'noise_stn_sigma': 6.456192215572324, 'noise_gpe_sigma': 73.29225208777319, 'noise_gpi_sigma': 135.78675002273815, 'g_stn_gpe_mult': 2.16696541363973, 'g_gpe_stn_mult': 0.6559275722186189, 'g_stn_gpi_mult': 3.6372238319114025, 'g_gpe_gpi_mult': 0.9393803215520333}. Best is trial 410 with value: 0.4608635463245284.
[I 2026-05-28 03:30:43,801] Trial 571 finished with value: 5.729092810569886 and parameters: {'ISTN': 74.31055806577416, 'I_gpe': 0.8656993700718405, 'I_gpi': 2.0188061893463516, 'noise_stn_sigma': 5.468869050620225, 'noise_gpe_sigma': 82.62237255264668, 'noise_gpi_sigma': 127.28810586004148, 'g_stn_gpe_mult': 1.7608620639518753, 'g_gpe_stn_mult': 0.6938181295356572, 'g_stn_gpi_mult': 3.5282194368136235, 'g_gpe_gpi_mult': 0.9632154203388557}. Best is trial 410 with value: 0.4608635463245284.
