[I 2026-05-28 03:48:27,904] Trial 616 finished with value: 0.18106652302087012 and parameters: {'ISTN': 61.00863975386654, 'I_gpe': 0.7677219269127626, 'I_gpi': 2.1225186264785822, 'noise_stn_sigma': 2.340108668269921, 'noise_gpe_sigma': 95.80405739028299, 'noise_gpi_sigma': 84.63702594377871, 'g_stn_gpe_mult': 4.049470311445052, 'g_gpe_stn_mult': 0.1917465948602142, 'g_stn_gpi_mult': 1.6090809805893151, 'g_gpe_gpi_mult': 0.8713271625611896}. Best is trial 546 with value: 0.1372387364111607.
[I 2026-05-28 03:48:28,911] Trial 617 finished with value: 0.16235270587798606 and parameters: {'ISTN': 61.93172429418138, 'I_gpe': 0.9269106969069709, 'I_gpi': 2.13022678298165, 'noise_stn_sigma': 2.106442781069716, 'noise_gpe_sigma': 97.24216142860008, 'noise_gpi_sigma': 80.93256778745078, 'g_stn_gpe_mult': 3.9487290365216254, 'g_gpe_stn_mult': 0.1778853841949816, 'g_stn_gpi_mult': 1.7166131756517804, 'g_gpe_gpi_mult': 0.8432855678607294}. Best is trial 546 with value: 0.1372387364111607.
[I 2026-05-28 03:48:29,920] Trial 618 finished with value: 0.4920016731162328 and parameters: {'ISTN': 60.99808251376042, 'I_gpe': 1.1376030261456722, 'I_gpi': 2.1824217439734577, 'noise_stn_sigma': 2.2246832514667902, 'noise_gpe_sigma': 96.5459442449632, 'noise_gpi_sigma': 81.98494940103919, 'g_stn_gpe_mult': 4.0890618890216555, 'g_gpe_stn_mult': 0.18568267278090372, 'g_stn_gpi_mult': 1.6336951457021842, 'g_gpe_gpi_mult': 0.8602305659280585}. Best is trial 546 with value: 0.1372387364111607.
[I 2026-05-28 03:48:30,928] Trial 619 finished with value: 0.35328993421334376 and parameters: {'ISTN': 61.21823662158122, 'I_gpe': 0.8814343731763336, 'I_gpi': 2.3513094364654528, 'noise_stn_sigma': 2.42361849573819, 'noise_gpe_sigma': 99.45470222149726, 'noise_gpi_sigma': 86.39949373205147, 'g_stn_gpe_mult': 4.11035183459507, 'g_gpe_stn_mult': 0.17948081101936264, 'g_stn_gpi_mult': 1.4530301491551976, 'g_gpe_gpi_mult': 0.8222875024470866}. Best is trial 546 with value: 0.1372387364111607.
[I 2026-05-28 03:48:31,937] Trial 620 finished with value: 0.18678446914623326 and parameters: {'ISTN': 63.96382371847496, 'I_gpe': 1.0356198771410814, 'I_gpi': 2.0854903411468877, 'noise_stn_sigma': 1.9163904653212511, 'noise_gpe_sigma': 91.3695855475731, 'noise_gpi_sigma': 86.22315077575261, 'g_stn_gpe_mult': 3.919027653611524, 'g_gpe_stn_mult': 0.16492682542776702, 'g_stn_gpi_mult': 1.3823025995917462, 'g_gpe_gpi_mult': 0.8785585839050518}. Best is trial 546 with value: 0.1372387364111607.
[I 2026-05-28 03:48:32,944] Trial 621 finished with value: 0.33653538847880204 and parameters: {'ISTN': 61.11484945094987, 'I_gpe': 1.1371175292873557, 'I_gpi': 2.1647473817863228, 'noise_stn_sigma': 2.0556231634144906, 'noise_gpe_sigma': 96.33984632930509, 'noise_gpi_sigma': 89.77470301191072, 'g_stn_gpe_mult': 3.8481237057510134, 'g_gpe_stn_mult': 0.1860753950882035, 'g_stn_gpi_mult': 1.578425244534405, 'g_gpe_gpi_mult': 0.8469256579777147}. Best is trial 546 with value: 0.1372387364111607.
[I 2026-05-28 03:48:33,950] Trial 622 finished with value: 0.2529137611034222 and parameters: {'ISTN': 62.47729007426127, 'I_gpe': 1.0766598368786524, 'I_gpi': 2.2948947757028417, 'noise_stn_sigma': 2.085501128177242, 'noise_gpe_sigma': 95.2252367339015, 'noise_gpi_sigma': 82.48954554209543, 'g_stn_gpe_mult': 3.9130323822914854, 'g_gpe_stn_mult': 0.166635830039845, 'g_stn_gpi_mult': 1.7127849118417058, 'g_gpe_gpi_mult': 0.8848133996232288}. Best is trial 546 with value: 0.1372387364111607.
[I 2026-05-28 03:48:34,956] Trial 623 finished with value: 0.4369174520507246 and parameters: {'ISTN': 61.23818595134296, 'I_gpe': 0.9860907281194582, 'I_gpi': 1.9735430509197158, 'noise_stn_sigma': 1.8307503226646435, 'noise_gpe_sigma': 96.46196845140778, 'noise_gpi_sigma': 72.01848988073448, 'g_stn_gpe_mult': 3.6923763150501565, 'g_gpe_stn_mult': 0.1662216310068396, 'g_stn_gpi_mult': 1.5299111906285352, 'g_gpe_gpi_mult': 0.9004787561747281}. Best is trial 546 with value: 0.1372387364111607.
[I 2026-05-28 03:48:35,961] Trial 624 finished with value: 0.209959964797956 and parameters: {'ISTN': 64.40814599551078, 'I_gpe': 0.8897752534421104, 'I_gpi': 2.023013592779559, 'noise_stn_sigma': 1.7456386722055057, 'noise_gpe_sigma': 91.32884772319021, 'noise_gpi_sigma': 74.33956363267669, 'g_stn_gpe_mult': 3.7194663181553045, 'g_gpe_stn_mult': 0.14884799751887712, 'g_stn_gpi_mult': 1.3428422214499585, 'g_gpe_gpi_mult': 0.8745363515897251}. Best is trial 546 with value: 0.1372387364111607.
[I 2026-05-28 03:48:36,971] Trial 625 finished with value: 0.14566168471630528 and parameters: {'ISTN': 61.255421897311614, 'I_gpe': 0.9967038926535459, 'I_gpi': 2.144598644002865, 'noise_stn_sigma': 2.0766526377804384, 'noise_gpe_sigma': 96.63949513570911, 'noise_gpi_sigma': 88.28683076272685, 'g_stn_gpe_mult': 3.8602518123485705, 'g_gpe_stn_mult': 0.17319725544467823, 'g_stn_gpi_mult': 1.5806162607484775, 'g_gpe_gpi_mult': 0.8905700298675907}. Best is trial 546 with value: 0.1372387364111607.
[I 2026-05-28 03:48:37,980] Trial 626 finished with value: 0.1762722203204548 and parameters: {'ISTN': 62.99060726208423, 'I_gpe': 1.027055881916833, 'I_gpi': 2.318038091951043, 'noise_stn_sigma': 2.272295463891875, 'noise_gpe_sigma': 94.81162449318813, 'noise_gpi_sigma': 84.39293752711096, 'g_stn_gpe_mult': 3.9594693071316183, 'g_gpe_stn_mult': 0.16247203044020922, 'g_stn_gpi_mult': 1.5602690047879404, 'g_gpe_gpi_mult': 0.8471673141311684}. Best is trial 546 with value: 0.1372387364111607.
[I 2026-05-28 03:48:38,988] Trial 627 finished with value: 0.17664152691312324 and parameters: {'ISTN': 61.34193968845556, 'I_gpe': 0.8303135911843, 'I_gpi': 2.2830260783808747, 'noise_stn_sigma': 2.0380416676807096, 'noise_gpe_sigma': 89.76255711739968, 'noise_gpi_sigma': 90.11493380343238, 'g_stn_gpe_mult': 3.591333151039028, 'g_gpe_stn_mult': 0.1805408582939616, 'g_stn_gpi_mult': 1.4921026939398012, 'g_gpe_gpi_mult': 0.901209317928273}. Best is trial 546 with value: 0.1372387364111607.
[I 2026-05-28 03:48:39,935] Trial 628 finished with value: 1000000.0 and parameters: {'ISTN': 63.234876881425194, 'I_gpe': 0.9240820337740583, 'I_gpi': 2.2184668511782286, 'noise_stn_sigma': 1.7548391710610012, 'noise_gpe_sigma': 89.44032166917219, 'noise_gpi_sigma': 80.5450503768079, 'g_stn_gpe_mult': 3.869498360176025, 'g_gpe_stn_mult': 0.15377437854345893, 'g_stn_gpi_mult': 1.697727120607687, 'g_gpe_gpi_mult': 0.8142709836300177}. Best is trial 546 with value: 0.1372387364111607.
[I 2026-05-28 03:48:40,941] Trial 629 finished with value: 0.19716906193484102 and parameters: {'ISTN': 61.98114232082995, 'I_gpe': 0.8086511198151742, 'I_gpi': 2.4079698922739774, 'noise_stn_sigma': 1.993395663069565, 'noise_gpe_sigma': 93.73031087904002, 'noise_gpi_sigma': 90.22606801766831, 'g_stn_gpe_mult': 3.8983677170963005, 'g_gpe_stn_mult': 0.1751755901349564, 'g_stn_gpi_mult': 1.623173798513093, 'g_gpe_gpi_mult': 0.8693114103480579}. Best is trial 546 with value: 0.1372387364111607.
[I 2026-05-28 03:48:41,948] Trial 630 finished with value: 0.16800362461596166 and parameters: {'ISTN': 62.79813540033806, 'I_gpe': 0.9831246328343065, 'I_gpi': 2.1356829702391993, 'noise_stn_sigma': 1.7347769585779753, 'noise_gpe_sigma': 88.92955383630081, 'noise_gpi_sigma': 77.12013987452893, 'g_stn_gpe_mult': 4.028322267381113, 'g_gpe_stn_mult': 0.164229356557902, 'g_stn_gpi_mult': 1.8633791782166471, 'g_gpe_gpi_mult': 0.8196489239116109}. Best is trial 546 with value: 0.1372387364111607.
[I 2026-05-28 03:48:42,958] Trial 631 finished with value: 0.17971146417562903 and parameters: {'ISTN': 62.9656829063989, 'I_gpe': 1.0443545065887925, 'I_gpi': 2.104129172868019, 'noise_stn_sigma': 2.130220667083862, 'noise_gpe_sigma': 99.26582401439339, 'noise_gpi_sigma': 86.21087043253357, 'g_stn_gpe_mult': 4.174964106730915, 'g_gpe_stn_mult': 0.1436634645035126, 'g_stn_gpi_mult': 1.5985963853165501, 'g_gpe_gpi_mult': 0.8082661963021267}. Best is trial 546 with value: 0.1372387364111607.
[I 2026-05-28 03:48:43,968] Trial 632 finished with value: 0.4550637555147289 and parameters: {'ISTN': 60.251947209928126, 'I_gpe': 0.9757341409083284, 'I_gpi': 2.285417635869396, 'noise_stn_sigma': 2.2453392572186246, 'noise_gpe_sigma': 95.13658153856866, 'noise_gpi_sigma': 87.11494682042503, 'g_stn_gpe_mult': 3.9723635805774817, 'g_gpe_stn_mult': 0.17038370252151053, 'g_stn_gpi_mult': 1.7107046435783786, 'g_gpe_gpi_mult': 0.9014289448396402}. Best is trial 546 with value: 0.1372387364111607.
[I 2026-05-28 03:48:44,976] Trial 633 finished with value: 0.14682861722639776 and parameters: {'ISTN': 61.927273754827496, 'I_gpe': 0.9180808960927687, 'I_gpi': 2.2149726798522913, 'noise_stn_sigma': 1.865470614176993, 'noise_gpe_sigma': 93.23912938937382, 'noise_gpi_sigma': 83.98830253490782, 'g_stn_gpe_mult': 3.971508585807231, 'g_gpe_stn_mult': 0.16071979096080224, 'g_stn_gpi_mult': 1.5542271158433483, 'g_gpe_gpi_mult': 0.8221568652885884}. Best is trial 546 with value: 0.1372387364111607.
[I 2026-05-28 03:48:45,982] Trial 634 finished with value: 0.13171389422826366 and parameters: {'ISTN': 60.35846749596877, 'I_gpe': 1.0118563913876812, 'I_gpi': 2.209727818934322, 'noise_stn_sigma': 1.8877557705530532, 'noise_gpe_sigma': 96.6576840087605, 'noise_gpi_sigma': 81.8786104528957, 'g_stn_gpe_mult': 3.9130312433077834, 'g_gpe_stn_mult': 0.1866877560266459, 'g_stn_gpi_mult': 1.7196360467985383, 'g_gpe_gpi_mult': 0.8748439528372558}. Best is trial 634 with value: 0.13171389422826366.
[I 2026-05-28 03:48:46,989] Trial 635 finished with value: 0.17537617861567453 and parameters: {'ISTN': 61.82634242533077, 'I_gpe': 0.852203762460777, 'I_gpi': 2.1687856813420248, 'noise_stn_sigma': 1.9955311405144334, 'noise_gpe_sigma': 96.90633830570884, 'noise_gpi_sigma': 97.88259510729598, 'g_stn_gpe_mult': 3.877243167416358, 'g_gpe_stn_mult': 0.1933211615327794, 'g_stn_gpi_mult': 1.686012727523758, 'g_gpe_gpi_mult': 0.8755917382104768}. Best is trial 634 with value: 0.13171389422826366.
[I 2026-05-28 03:48:47,998] Trial 636 finished with value: 0.22766469773348463 and parameters: {'ISTN': 61.63956921675298, 'I_gpe': 0.9789238366590278, 'I_gpi': 2.2444858053625256, 'noise_stn_sigma': 1.8435054324364353, 'noise_gpe_sigma': 96.45135004267813, 'noise_gpi_sigma': 88.46733026671535, 'g_stn_gpe_mult': 3.9406338436162835, 'g_gpe_stn_mult': 0.1593036319418962, 'g_stn_gpi_mult': 1.7200542011108113, 'g_gpe_gpi_mult': 0.8562145223322939}. Best is trial 634 with value: 0.13171389422826366.
[I 2026-05-28 03:48:49,006] Trial 637 finished with value: 0.18905135907145423 and parameters: {'ISTN': 64.38526430558082, 'I_gpe': 0.9240143673572423, 'I_gpi': 2.212658935341678, 'noise_stn_sigma': 1.945473463573491, 'noise_gpe_sigma': 90.38750136449829, 'noise_gpi_sigma': 85.62119068182281, 'g_stn_gpe_mult': 3.997647177195383, 'g_gpe_stn_mult': 0.15049146783605266, 'g_stn_gpi_mult': 1.8728576912061206, 'g_gpe_gpi_mult': 0.819707857831971}. Best is trial 634 with value: 0.13171389422826366.
[I 2026-05-28 03:48:50,013] Trial 638 finished with value: 0.1518788984088318 and parameters: {'ISTN': 61.157468500073186, 'I_gpe': 1.0065041786956417, 'I_gpi': 2.011561970209501, 'noise_stn_sigma': 1.8889862887428186, 'noise_gpe_sigma': 91.15077631044514, 'noise_gpi_sigma': 83.1502464737258, 'g_stn_gpe_mult': 3.8168781526673166, 'g_gpe_stn_mult': 0.17214616027666124, 'g_stn_gpi_mult': 1.645433916153266, 'g_gpe_gpi_mult': 0.8644966155769016}. Best is trial 634 with value: 0.13171389422826366.
[I 2026-05-28 03:48:51,022] Trial 639 finished with value: 0.14720128606402103 and parameters: {'ISTN': 60.95602163411787, 'I_gpe': 1.0359719828795444, 'I_gpi': 2.25681531590222, 'noise_stn_sigma': 2.0364153070943534, 'noise_gpe_sigma': 90.1309462983739, 'noise_gpi_sigma': 82.6153622531873, 'g_stn_gpe_mult': 4.131964194363936, 'g_gpe_stn_mult': 0.18302623185700484, 'g_stn_gpi_mult': 1.738146345109824, 'g_gpe_gpi_mult': 0.8294737207043394}. Best is trial 634 with value: 0.13171389422826366.
[I 2026-05-28 03:48:52,028] Trial 640 finished with value: 0.15297814519711375 and parameters: {'ISTN': 62.03612784789752, 'I_gpe': 1.0163650780759301, 'I_gpi': 2.2255370272281114, 'noise_stn_sigma': 2.043761302429541, 'noise_gpe_sigma': 93.23085211112863, 'noise_gpi_sigma': 85.20444810207947, 'g_stn_gpe_mult': 3.9095062230914084, 'g_gpe_stn_mult': 0.16714402741193352, 'g_stn_gpi_mult': 1.459191288947547, 'g_gpe_gpi_mult': 0.8935991500197646}. Best is trial 634 with value: 0.13171389422826366.
[I 2026-05-28 03:48:53,035] Trial 641 finished with value: 0.1746149119363425 and parameters: {'ISTN': 62.80759850909661, 'I_gpe': 0.892857910845312, 'I_gpi': 2.1996196093473745, 'noise_stn_sigma': 1.8371074407410832, 'noise_gpe_sigma': 95.45745355948986, 'noise_gpi_sigma': 87.00498386928476, 'g_stn_gpe_mult': 3.979652884322508, 'g_gpe_stn_mult': 0.17185886939172418, 'g_stn_gpi_mult': 1.7580139957594128, 'g_gpe_gpi_mult': 0.8740552038906071}. Best is trial 634 with value: 0.13171389422826366.
[I 2026-05-28 03:48:54,043] Trial 642 finished with value: 0.440136819217536 and parameters: {'ISTN': 64.43186549418392, 'I_gpe': 1.0667036235589782, 'I_gpi': 2.1581075127776534, 'noise_stn_sigma': 1.7328872438999718, 'noise_gpe_sigma': 88.83693537081884, 'noise_gpi_sigma': 80.63644742594197, 'g_stn_gpe_mult': 3.9756939138065386, 'g_gpe_stn_mult': 0.14723165200954494, 'g_stn_gpi_mult': 1.5901442316024945, 'g_gpe_gpi_mult': 0.8803409501307164}. Best is trial 634 with value: 0.13171389422826366.
[I 2026-05-28 03:48:55,049] Trial 643 finished with value: 0.1887230048039146 and parameters: {'ISTN': 60.699737782122284, 'I_gpe': 0.9867015150786824, 'I_gpi': 2.177075951244669, 'noise_stn_sigma': 2.058091570129174, 'noise_gpe_sigma': 97.07388996326688, 'noise_gpi_sigma': 86.16175023610741, 'g_stn_gpe_mult': 3.876854612636565, 'g_gpe_stn_mult': 0.17425502029593729, 'g_stn_gpi_mult': 1.5223448580291161, 'g_gpe_gpi_mult': 0.8571924731443459}. Best is trial 634 with value: 0.13171389422826366.
[I 2026-05-28 03:48:56,054] Trial 644 finished with value: 0.1891521514005516 and parameters: {'ISTN': 62.66907831136823, 'I_gpe': 0.9911437363248177, 'I_gpi': 2.3036452774883047, 'noise_stn_sigma': 2.086069929987521, 'noise_gpe_sigma': 100.65751237554977, 'noise_gpi_sigma': 75.66236627495284, 'g_stn_gpe_mult': 4.062569514119087, 'g_gpe_stn_mult': 0.17208162457093545, 'g_stn_gpi_mult': 1.801158073472975, 'g_gpe_gpi_mult': 0.8854304156025856}. Best is trial 634 with value: 0.13171389422826366.
[I 2026-05-28 03:48:57,061] Trial 645 finished with value: 2.5691722322730572 and parameters: {'ISTN': 60.08659583138581, 'I_gpe': 1.0372585943589168, 'I_gpi': 2.240786203484956, 'noise_stn_sigma': 2.2172838258214638, 'noise_gpe_sigma': 92.75658503541004, 'noise_gpi_sigma': 86.11755906911915, 'g_stn_gpe_mult': 3.9775654046347424, 'g_gpe_stn_mult': 0.16729866495193196, 'g_stn_gpi_mult': 1.5978700714040122, 'g_gpe_gpi_mult': 0.8587288061242857}. Best is trial 634 with value: 0.13171389422826366.
[I 2026-05-28 03:48:58,069] Trial 646 finished with value: 0.1421280515206641 and parameters: {'ISTN': 60.8069166464509, 'I_gpe': 0.9160864445083157, 'I_gpi': 2.191902411344987, 'noise_stn_sigma': 2.0126826120517562, 'noise_gpe_sigma': 98.14226494182526, 'noise_gpi_sigma': 84.17166588028448, 'g_stn_gpe_mult': 3.927450438682481, 'g_gpe_stn_mult': 0.17703140754348143, 'g_stn_gpi_mult': 1.642957209299639, 'g_gpe_gpi_mult': 0.8554232186877804}. Best is trial 634 with value: 0.13171389422826366.
[I 2026-05-28 03:48:59,077] Trial 647 finished with value: 0.13910616081577576 and parameters: {'ISTN': 61.45959674399582, 'I_gpe': 1.0716579744548806, 'I_gpi': 2.2694172084226594, 'noise_stn_sigma': 1.8489919600804439, 'noise_gpe_sigma': 91.54323519138603, 'noise_gpi_sigma': 87.61344677118129, 'g_stn_gpe_mult': 3.8635552237437483, 'g_gpe_stn_mult': 0.16803504552822873, 'g_stn_gpi_mult': 1.5476293939595773, 'g_gpe_gpi_mult': 0.8535251021463213}. Best is trial 634 with value: 0.13171389422826366.
[I 2026-05-28 03:49:00,086] Trial 648 finished with value: 0.20292289958903506 and parameters: {'ISTN': 62.63740914180456, 'I_gpe': 1.0880911175762522, 'I_gpi': 2.2541214665058513, 'noise_stn_sigma': 1.8838244199659298, 'noise_gpe_sigma': 94.1226335793841, 'noise_gpi_sigma': 87.4256220521403, 'g_stn_gpe_mult': 3.9265542733282084, 'g_gpe_stn_mult': 0.15863746060813105, 'g_stn_gpi_mult': 1.6361934244323335, 'g_gpe_gpi_mult': 0.8225868361459931}. Best is trial 634 with value: 0.13171389422826366.
[I 2026-05-28 03:49:01,094] Trial 649 finished with value: 0.22063169330124846 and parameters: {'ISTN': 62.84397713772377, 'I_gpe': 0.9872489812263239, 'I_gpi': 2.1726276148256733, 'noise_stn_sigma': 1.7543200856310466, 'noise_gpe_sigma': 99.53231484831032, 'noise_gpi_sigma': 81.99443758451011, 'g_stn_gpe_mult': 3.9997072026306935, 'g_gpe_stn_mult': 0.18123112805183766, 'g_stn_gpi_mult': 1.800781354644697, 'g_gpe_gpi_mult': 0.841193084669714}. Best is trial 634 with value: 0.13171389422826366.
[I 2026-05-28 03:49:02,102] Trial 650 finished with value: 0.14391345706262262 and parameters: {'ISTN': 60.97652537153715, 'I_gpe': 1.0216312471712798, 'I_gpi': 2.1674111603015103, 'noise_stn_sigma': 2.0048154203819513, 'noise_gpe_sigma': 98.19217594748099, 'noise_gpi_sigma': 80.10018812297443, 'g_stn_gpe_mult': 3.8657678684974557, 'g_gpe_stn_mult': 0.1713024527436201, 'g_stn_gpi_mult': 1.4812984362583164, 'g_gpe_gpi_mult': 0.8432530982124355}. Best is trial 634 with value: 0.13171389422826366.
[I 2026-05-28 03:49:03,109] Trial 651 finished with value: 0.19535625320891847 and parameters: {'ISTN': 61.24467922488822, 'I_gpe': 0.8710640790712264, 'I_gpi': 2.2316688468423562, 'noise_stn_sigma': 1.8879633938728908, 'noise_gpe_sigma': 95.0429511348549, 'noise_gpi_sigma': 84.51737297262122, 'g_stn_gpe_mult': 3.926815742408597, 'g_gpe_stn_mult': 0.17523090964673432, 'g_stn_gpi_mult': 1.6074354761285177, 'g_gpe_gpi_mult': 0.8266859214387656}. Best is trial 634 with value: 0.13171389422826366.
[I 2026-05-28 03:49:04,116] Trial 652 finished with value: 0.2947540813930841 and parameters: {'ISTN': 60.038377321550136, 'I_gpe': 1.0052139890047014, 'I_gpi': 2.2314807815692763, 'noise_stn_sigma': 1.8181971149684824, 'noise_gpe_sigma': 99.11095445417091, 'noise_gpi_sigma': 85.00560661669593, 'g_stn_gpe_mult': 3.852806952467224, 'g_gpe_stn_mult': 0.17774781665459055, 'g_stn_gpi_mult': 1.5843643746871396, 'g_gpe_gpi_mult': 0.8773609450472222}. Best is trial 634 with value: 0.13171389422826366.
[I 2026-05-28 03:49:05,121] Trial 653 finished with value: 0.2290596410260234 and parameters: {'ISTN': 61.2584382070952, 'I_gpe': 0.9909274515116209, 'I_gpi': 2.2649230764813613, 'noise_stn_sigma': 2.05535873254312, 'noise_gpe_sigma': 92.24886286711626, 'noise_gpi_sigma': 82.19738741632526, 'g_stn_gpe_mult': 3.8502742941766273, 'g_gpe_stn_mult': 0.16122898723971157, 'g_stn_gpi_mult': 1.6095111317445845, 'g_gpe_gpi_mult': 0.8231861586690732}. Best is trial 634 with value: 0.13171389422826366.
[I 2026-05-28 03:49:06,128] Trial 654 finished with value: 0.2522024728232333 and parameters: {'ISTN': 62.067070582321996, 'I_gpe': 1.1056501111549162, 'I_gpi': 2.2338260503826843, 'noise_stn_sigma': 1.7551209021870127, 'noise_gpe_sigma': 94.54493536058958, 'noise_gpi_sigma': 83.81317024282953, 'g_stn_gpe_mult': 3.782276708113823, 'g_gpe_stn_mult': 0.15860527897535898, 'g_stn_gpi_mult': 1.581562484332625, 'g_gpe_gpi_mult': 0.8462355751792323}. Best is trial 634 with value: 0.13171389422826366.
[I 2026-05-28 03:49:07,137] Trial 655 finished with value: 0.14358262007021907 and parameters: {'ISTN': 60.747069232615516, 'I_gpe': 0.9982236847981949, 'I_gpi': 2.339078379492178, 'noise_stn_sigma': 2.1098842445703747, 'noise_gpe_sigma': 92.23750940874166, 'noise_gpi_sigma': 88.66669104077454, 'g_stn_gpe_mult': 3.872815493870603, 'g_gpe_stn_mult': 0.17633177641722175, 'g_stn_gpi_mult': 1.495211757986977, 'g_gpe_gpi_mult': 0.8466937354727728}. Best is trial 634 with value: 0.13171389422826366.
[I 2026-05-28 03:49:08,145] Trial 656 finished with value: 0.17839841641696383 and parameters: {'ISTN': 63.621148471674864, 'I_gpe': 0.9131199402893014, 'I_gpi': 2.2409682685153616, 'noise_stn_sigma': 1.7881708963945866, 'noise_gpe_sigma': 98.0162768297259, 'noise_gpi_sigma': 84.71304349547523, 'g_stn_gpe_mult': 3.7368746995915063, 'g_gpe_stn_mult': 0.14972467983699583, 'g_stn_gpi_mult': 1.525072644212053, 'g_gpe_gpi_mult': 0.9160961739478017}. Best is trial 634 with value: 0.13171389422826366.
[I 2026-05-28 03:49:09,153] Trial 657 finished with value: 0.14885739412345048 and parameters: {'ISTN': 61.33735653846216, 'I_gpe': 0.9346876787721152, 'I_gpi': 2.1634754720203393, 'noise_stn_sigma': 2.1814669292182725, 'noise_gpe_sigma': 101.52796286259502, 'noise_gpi_sigma': 89.43912668474353, 'g_stn_gpe_mult': 3.9146115322503787, 'g_gpe_stn_mult': 0.17786705668219596, 'g_stn_gpi_mult': 1.5249468143422522, 'g_gpe_gpi_mult': 0.8746517252387633}. Best is trial 634 with value: 0.13171389422826366.
[I 2026-05-28 03:49:10,159] Trial 658 finished with value: 0.28178648067871426 and parameters: {'ISTN': 60.592030691727004, 'I_gpe': 1.0658087024199356, 'I_gpi': 2.102185271369808, 'noise_stn_sigma': 1.8354803861804432, 'noise_gpe_sigma': 91.21796142739954, 'noise_gpi_sigma': 80.90798699670495, 'g_stn_gpe_mult': 3.9572646427956903, 'g_gpe_stn_mult': 0.19060225229444344, 'g_stn_gpi_mult': 1.6493238482773238, 'g_gpe_gpi_mult': 0.8847726504545419}. Best is trial 634 with value: 0.13171389422826366.
[I 2026-05-28 03:49:11,167] Trial 659 finished with value: 0.14589273852539467 and parameters: {'ISTN': 61.57976532542644, 'I_gpe': 0.999109100531136, 'I_gpi': 2.3124135713779346, 'noise_stn_sigma': 1.9070148394710862, 'noise_gpe_sigma': 96.0814311499734, 'noise_gpi_sigma': 83.32837451398936, 'g_stn_gpe_mult': 3.7816342349965515, 'g_gpe_stn_mult': 0.17258053369313178, 'g_stn_gpi_mult': 1.5445984436355316, 'g_gpe_gpi_mult': 0.8365378146519247}. Best is trial 634 with value: 0.13171389422826366.
