[I 2026-05-28 03:04:03,913] A new study created in memory with name: sensitivity_seeds_seed1
[I 2026-05-28 03:04:06,335] Trial 0 finished with value: 24.3127560868948 and parameters: {'ISTN': 97.53198042323166, 'I_gpe': 3.0211357270475534, 'I_gpi': 1.0004574992693795, 'noise_stn_sigma': 3.1163280084228786, 'noise_gpe_sigma': 39.07826580622469, 'noise_gpi_sigma': 32.00401731994371, 'g_stn_gpe_mult': 2.151910739821848, 'g_gpe_stn_mult': 0.34189250893013345, 'g_stn_gpi_mult': 2.19030242269201, 'g_gpe_gpi_mult': 0.7388167340033569}. Best is trial 0 with value: 24.3127560868948.
[I 2026-05-28 03:04:07,354] Trial 1 finished with value: 28.40883701678487 and parameters: {'ISTN': 112.80987853860962, 'I_gpe': 2.177923142485904, 'I_gpi': 2.6881688754112982, 'noise_stn_sigma': 3.6965247531824996, 'noise_gpe_sigma': 109.00232482453582, 'noise_gpi_sigma': 80.2678885412506, 'g_stn_gpe_mult': 4.089866998928564, 'g_gpe_stn_mult': 0.4702804473576938, 'g_stn_gpi_mult': 2.4811405505277118, 'g_gpe_gpi_mult': 0.531507059528974}. Best is trial 0 with value: 24.3127560868948.
[I 2026-05-28 03:04:08,365] Trial 2 finished with value: 22.887110467300243 and parameters: {'ISTN': 100.83599949045364, 'I_gpe': 2.9393878939448, 'I_gpi': 2.7719827094207776, 'noise_stn_sigma': 3.048171460906052, 'noise_gpe_sigma': 122.6503705322424, 'noise_gpi_sigma': 80.82257388283662, 'g_stn_gpe_mult': 2.8427946587596744, 'g_gpe_stn_mult': 0.2452700641272243, 'g_stn_gpi_mult': 2.373893707416256, 'g_gpe_gpi_mult': 0.8698948907011614}. Best is trial 2 with value: 22.887110467300243.
[I 2026-05-28 03:04:09,376] Trial 3 finished with value: 25.861171593309535 and parameters: {'ISTN': 109.31334958761347, 'I_gpe': 1.9694422260399593, 'I_gpi': 2.8849820836748545, 'noise_stn_sigma': 3.5517971007570917, 'noise_gpe_sigma': 59.60354739717093, 'noise_gpi_sigma': 75.1411893781395, 'g_stn_gpe_mult': 2.884292774375311, 'g_gpe_stn_mult': 0.4877254386210528, 'g_stn_gpi_mult': 2.1528376655675396, 'g_gpe_gpi_mult': 0.9161695697013539}. Best is trial 2 with value: 22.887110467300243.
[I 2026-05-28 03:04:10,390] Trial 4 finished with value: 22.04724524794715 and parameters: {'ISTN': 103.86822124696343, 'I_gpe': 1.8877115810745382, 'I_gpi': 3.228518602679084, 'noise_stn_sigma': 4.688417939518413, 'noise_gpe_sigma': 98.07859410209052, 'noise_gpi_sigma': 90.28144512519975, 'g_stn_gpe_mult': 2.972552025900044, 'g_gpe_stn_mult': 0.32137186732970746, 'g_stn_gpi_mult': 2.6603638646273486, 'g_gpe_gpi_mult': 0.5472418000360005}. Best is trial 4 with value: 22.04724524794715.
[I 2026-05-28 03:04:11,403] Trial 5 finished with value: 22.486529845308837 and parameters: {'ISTN': 103.79191059937466, 'I_gpe': 2.358802580627862, 'I_gpi': 2.4326265899295607, 'noise_stn_sigma': 4.590303158258017, 'noise_gpe_sigma': 75.72458288694972, 'noise_gpi_sigma': 66.4307077497831, 'g_stn_gpe_mult': 2.5984905065137367, 'g_gpe_stn_mult': 0.31017982858510385, 'g_stn_gpi_mult': 2.185942185084304, 'g_gpe_gpi_mult': 0.8228868276198433}. Best is trial 4 with value: 22.04724524794715.
[I 2026-05-28 03:04:12,417] Trial 6 finished with value: 15.44303602834064 and parameters: {'ISTN': 80.53891615749897, 'I_gpe': 2.425235030918804, 'I_gpi': 3.610845221752877, 'noise_stn_sigma': 5.951898183338047, 'noise_gpe_sigma': 84.48020914554596, 'noise_gpi_sigma': 81.00951327308042, 'g_stn_gpe_mult': 3.610748682453733, 'g_gpe_stn_mult': 0.4869836393255387, 'g_stn_gpi_mult': 1.914390565886788, 'g_gpe_gpi_mult': 0.9732183385674755}. Best is trial 6 with value: 15.44303602834064.
[I 2026-05-28 03:04:13,433] Trial 7 finished with value: 34.01908836555596 and parameters: {'ISTN': 129.1741579851817, 'I_gpe': 2.3968327348376586, 'I_gpi': 1.9061197035270858, 'noise_stn_sigma': 4.981339114000553, 'noise_gpe_sigma': 70.81382667805767, 'noise_gpi_sigma': 96.84930131804165, 'g_stn_gpe_mult': 2.890672431691791, 'g_gpe_stn_mult': 0.364361011251792, 'g_stn_gpi_mult': 3.403188330042469, 'g_gpe_gpi_mult': 0.8292795879737671}. Best is trial 6 with value: 15.44303602834064.
[I 2026-05-28 03:04:14,446] Trial 8 finished with value: 27.933615530784788 and parameters: {'ISTN': 114.52606801799185, 'I_gpe': 2.4975596053548097, 'I_gpi': 2.8987153091686193, 'noise_stn_sigma': 4.639847772883422, 'noise_gpe_sigma': 68.91722594776273, 'noise_gpi_sigma': 96.56787280222657, 'g_stn_gpe_mult': 3.0045085780172576, 'g_gpe_stn_mult': 0.3331281395647313, 'g_stn_gpi_mult': 2.592600390336757, 'g_gpe_gpi_mult': 0.6824995223385886}. Best is trial 6 with value: 15.44303602834064.
[I 2026-05-28 03:04:15,460] Trial 9 finished with value: 17.92160852370396 and parameters: {'ISTN': 108.86402767381676, 'I_gpe': 2.0262612856003575, 'I_gpi': 2.3859433260901244, 'noise_stn_sigma': 4.451758633654848, 'noise_gpe_sigma': 82.15458769928318, 'noise_gpi_sigma': 82.79374093570486, 'g_stn_gpe_mult': 2.8052280104005907, 'g_gpe_stn_mult': 0.4235059968696214, 'g_stn_gpi_mult': 1.9803286843927852, 'g_gpe_gpi_mult': 0.3412387424190934}. Best is trial 6 with value: 15.44303602834064.
[I 2026-05-28 03:04:16,471] Trial 10 finished with value: 18.53441286009712 and parameters: {'ISTN': 95.821954714694, 'I_gpe': 2.3350841627137697, 'I_gpi': 2.8462333369019155, 'noise_stn_sigma': 5.793190065813957, 'noise_gpe_sigma': 81.21210383217277, 'noise_gpi_sigma': 100.19116377633553, 'g_stn_gpe_mult': 2.5286143450802743, 'g_gpe_stn_mult': 0.29179594712454693, 'g_stn_gpi_mult': 2.6656970735431007, 'g_gpe_gpi_mult': 0.9947076864083972}. Best is trial 6 with value: 15.44303602834064.
[I 2026-05-28 03:04:17,485] Trial 11 finished with value: 19.411773337923456 and parameters: {'ISTN': 96.98127681917035, 'I_gpe': 1.8912738157760924, 'I_gpi': 3.0057794072487076, 'noise_stn_sigma': 7.442688522146623, 'noise_gpe_sigma': 88.08047347171666, 'noise_gpi_sigma': 82.3386807730466, 'g_stn_gpe_mult': 2.6284550691968382, 'g_gpe_stn_mult': 0.29329387108557736, 'g_stn_gpi_mult': 2.27887880942268, 'g_gpe_gpi_mult': 0.6172419247414478}. Best is trial 6 with value: 15.44303602834064.
[I 2026-05-28 03:04:18,497] Trial 12 finished with value: 24.453969048651533 and parameters: {'ISTN': 110.81286134990319, 'I_gpe': 2.1188742844005564, 'I_gpi': 3.2675566754730334, 'noise_stn_sigma': 6.107527372014591, 'noise_gpe_sigma': 67.10889061684188, 'noise_gpi_sigma': 72.47443215317398, 'g_stn_gpe_mult': 3.4236821640554203, 'g_gpe_stn_mult': 0.3174406341174305, 'g_stn_gpi_mult': 1.7828868559665891, 'g_gpe_gpi_mult': 0.8625834766300418}. Best is trial 6 with value: 15.44303602834064.
[I 2026-05-28 03:04:19,509] Trial 13 finished with value: 14.005527843303584 and parameters: {'ISTN': 93.68289315809119, 'I_gpe': 1.5859912733251011, 'I_gpi': 3.0723287932064975, 'noise_stn_sigma': 5.703207564576558, 'noise_gpe_sigma': 114.44770481096185, 'noise_gpi_sigma': 114.14052414112585, 'g_stn_gpe_mult': 2.3333578064682037, 'g_gpe_stn_mult': 0.33158653407189664, 'g_stn_gpi_mult': 2.550917124033403, 'g_gpe_gpi_mult': 0.6456116669985553}. Best is trial 13 with value: 14.005527843303584.
[I 2026-05-28 03:04:20,521] Trial 14 finished with value: 20.636443014649196 and parameters: {'ISTN': 95.9744487937306, 'I_gpe': 2.6911571089910615, 'I_gpi': 3.398820682254746, 'noise_stn_sigma': 5.641964779268556, 'noise_gpe_sigma': 99.12743323548118, 'noise_gpi_sigma': 120.62452248879792, 'g_stn_gpe_mult': 2.7372471944691084, 'g_gpe_stn_mult': 0.5465889915076942, 'g_stn_gpi_mult': 1.9922791762894048, 'g_gpe_gpi_mult': 0.8154853219999998}. Best is trial 13 with value: 14.005527843303584.
[I 2026-05-28 03:04:21,533] Trial 15 finished with value: 13.635861458493853 and parameters: {'ISTN': 68.20199937514177, 'I_gpe': 2.0760605908689715, 'I_gpi': 3.2335079398371867, 'noise_stn_sigma': 6.131546242542066, 'noise_gpe_sigma': 130.3846356202369, 'noise_gpi_sigma': 77.48892806241716, 'g_stn_gpe_mult': 2.511726914793392, 'g_gpe_stn_mult': 0.532132310492931, 'g_stn_gpi_mult': 2.484755448374118, 'g_gpe_gpi_mult': 0.7797215724839739}. Best is trial 15 with value: 13.635861458493853.
[I 2026-05-28 03:04:22,544] Trial 16 finished with value: 21.53978910779584 and parameters: {'ISTN': 95.92541156436522, 'I_gpe': 3.023280618553662, 'I_gpi': 3.143669692127676, 'noise_stn_sigma': 5.546091402635949, 'noise_gpe_sigma': 96.34108131338417, 'noise_gpi_sigma': 74.94938674230114, 'g_stn_gpe_mult': 3.2655321383875986, 'g_gpe_stn_mult': 0.5783298665926011, 'g_stn_gpi_mult': 2.1957492456371708, 'g_gpe_gpi_mult': 0.7789426870491267}. Best is trial 15 with value: 13.635861458493853.
[I 2026-05-28 03:04:23,558] Trial 17 finished with value: 19.953997261362268 and parameters: {'ISTN': 89.62814072617361, 'I_gpe': 2.3912049182293336, 'I_gpi': 2.4274704600470374, 'noise_stn_sigma': 3.710569998493723, 'noise_gpe_sigma': 75.86876813597112, 'noise_gpi_sigma': 102.66204986132513, 'g_stn_gpe_mult': 3.2525004228209573, 'g_gpe_stn_mult': 0.46500530499503445, 'g_stn_gpi_mult': 2.0609414413696863, 'g_gpe_gpi_mult': 0.8036739580788888}. Best is trial 15 with value: 13.635861458493853.
[I 2026-05-28 03:04:24,570] Trial 18 finished with value: 23.800864512819192 and parameters: {'ISTN': 101.69530314235723, 'I_gpe': 2.5261406984268517, 'I_gpi': 3.7221579374778577, 'noise_stn_sigma': 5.432815466710223, 'noise_gpe_sigma': 95.6866711420509, 'noise_gpi_sigma': 85.0401337225883, 'g_stn_gpe_mult': 3.172850470017412, 'g_gpe_stn_mult': 0.6055394320116643, 'g_stn_gpi_mult': 2.6883070051851607, 'g_gpe_gpi_mult': 0.679691623790043}. Best is trial 15 with value: 13.635861458493853.
[I 2026-05-28 03:04:25,581] Trial 19 finished with value: 25.155421638221096 and parameters: {'ISTN': 105.87645984221888, 'I_gpe': 2.3475311905902423, 'I_gpi': 2.254673869009241, 'noise_stn_sigma': 3.9958008753718457, 'noise_gpe_sigma': 71.72705209759299, 'noise_gpi_sigma': 70.63580543855704, 'g_stn_gpe_mult': 3.445554994278595, 'g_gpe_stn_mult': 0.46361122901758645, 'g_stn_gpi_mult': 1.1718553220828622, 'g_gpe_gpi_mult': 0.8071604520818221}. Best is trial 15 with value: 13.635861458493853.
[I 2026-05-28 03:04:26,591] Trial 20 finished with value: 13.641119376210675 and parameters: {'ISTN': 80.1847876660397, 'I_gpe': 2.4549924242527026, 'I_gpi': 3.8975436666931564, 'noise_stn_sigma': 6.134280675620647, 'noise_gpe_sigma': 107.78194034118616, 'noise_gpi_sigma': 121.44396202837893, 'g_stn_gpe_mult': 2.396034640198174, 'g_gpe_stn_mult': 0.4241818563825923, 'g_stn_gpi_mult': 2.0613534085184217, 'g_gpe_gpi_mult': 0.700588682415735}. Best is trial 15 with value: 13.635861458493853.
[I 2026-05-28 03:04:27,603] Trial 21 finished with value: 20.505137323104602 and parameters: {'ISTN': 90.81715436574288, 'I_gpe': 2.0408432884603274, 'I_gpi': 4.094806491497869, 'noise_stn_sigma': 3.438517292885002, 'noise_gpe_sigma': 88.68513275092475, 'noise_gpi_sigma': 92.3901806477132, 'g_stn_gpe_mult': 3.334158943869983, 'g_gpe_stn_mult': 0.3484387681643605, 'g_stn_gpi_mult': 2.992772177809944, 'g_gpe_gpi_mult': 0.816200672598179}. Best is trial 15 with value: 13.635861458493853.
[I 2026-05-28 03:04:28,616] Trial 22 finished with value: 19.77467694998266 and parameters: {'ISTN': 84.78423911675527, 'I_gpe': 3.108722550874222, 'I_gpi': 4.143813304383481, 'noise_stn_sigma': 6.380756690132918, 'noise_gpe_sigma': 108.72404511643678, 'noise_gpi_sigma': 58.96547693599993, 'g_stn_gpe_mult': 2.2514770059897673, 'g_gpe_stn_mult': 0.4801402440424605, 'g_stn_gpi_mult': 1.730595075481931, 'g_gpe_gpi_mult': 0.8840984127745246}. Best is trial 15 with value: 13.635861458493853.
[I 2026-05-28 03:04:29,628] Trial 23 finished with value: 15.290243024669401 and parameters: {'ISTN': 83.57552647832364, 'I_gpe': 1.8209643733477525, 'I_gpi': 3.154405492598734, 'noise_stn_sigma': 4.878889897701471, 'noise_gpe_sigma': 95.711838149216, 'noise_gpi_sigma': 110.57332526113925, 'g_stn_gpe_mult': 2.963442945652598, 'g_gpe_stn_mult': 0.3877539857135518, 'g_stn_gpi_mult': 2.6373159261049306, 'g_gpe_gpi_mult': 0.5994497096014955}. Best is trial 15 with value: 13.635861458493853.
[I 2026-05-28 03:04:30,640] Trial 24 finished with value: 10.012271299617291 and parameters: {'ISTN': 63.81927659346275, 'I_gpe': 1.829058633942425, 'I_gpi': 2.985595271019923, 'noise_stn_sigma': 6.815328307133413, 'noise_gpe_sigma': 100.8499051549397, 'noise_gpi_sigma': 119.40856117354828, 'g_stn_gpe_mult': 1.9539269419659304, 'g_gpe_stn_mult': 0.5173273713073324, 'g_stn_gpi_mult': 2.316597163382125, 'g_gpe_gpi_mult': 0.5167199421795741}. Best is trial 24 with value: 10.012271299617291.
[I 2026-05-28 03:04:31,652] Trial 25 finished with value: 14.507619456340741 and parameters: {'ISTN': 84.05273376103173, 'I_gpe': 2.365670974032809, 'I_gpi': 2.3198446555093764, 'noise_stn_sigma': 5.792834338104853, 'noise_gpe_sigma': 93.00506845765585, 'noise_gpi_sigma': 81.9684078138319, 'g_stn_gpe_mult': 1.5111160560573837, 'g_gpe_stn_mult': 0.4649347790322321, 'g_stn_gpi_mult': 3.2795574049727136, 'g_gpe_gpi_mult': 0.9253114141107242}. Best is trial 24 with value: 10.012271299617291.
[I 2026-05-28 03:04:32,664] Trial 26 finished with value: 18.428753135188252 and parameters: {'ISTN': 85.64218236623105, 'I_gpe': 2.434043750498807, 'I_gpi': 3.7568995093411215, 'noise_stn_sigma': 4.469507484545609, 'noise_gpe_sigma': 105.12964096876156, 'noise_gpi_sigma': 94.28904813434981, 'g_stn_gpe_mult': 2.2794838174126513, 'g_gpe_stn_mult': 0.3783053058044711, 'g_stn_gpi_mult': 2.457086505762753, 'g_gpe_gpi_mult': 0.9404433051437073}. Best is trial 24 with value: 10.012271299617291.
[I 2026-05-28 03:04:33,677] Trial 27 finished with value: 13.248939047349499 and parameters: {'ISTN': 68.68987490244649, 'I_gpe': 1.8592736316057281, 'I_gpi': 3.6272095280585583, 'noise_stn_sigma': 5.814347286777911, 'noise_gpe_sigma': 115.68963537610985, 'noise_gpi_sigma': 95.67605897939629, 'g_stn_gpe_mult': 2.6454945899841227, 'g_gpe_stn_mult': 0.5863099500336781, 'g_stn_gpi_mult': 2.245663664465471, 'g_gpe_gpi_mult': 0.695482057728934}. Best is trial 24 with value: 10.012271299617291.
[I 2026-05-28 03:04:34,690] Trial 28 finished with value: 20.325446858681904 and parameters: {'ISTN': 96.55369373178016, 'I_gpe': 2.578120982832554, 'I_gpi': 3.0634513331679076, 'noise_stn_sigma': 6.54462442321562, 'noise_gpe_sigma': 106.79211173182495, 'noise_gpi_sigma': 93.18606554076658, 'g_stn_gpe_mult': 2.3353594916520293, 'g_gpe_stn_mult': 0.38273366736515213, 'g_stn_gpi_mult': 1.6130887017644029, 'g_gpe_gpi_mult': 0.8528491600585137}. Best is trial 24 with value: 10.012271299617291.
[I 2026-05-28 03:04:35,703] Trial 29 finished with value: 11.764533325977956 and parameters: {'ISTN': 61.833211235873684, 'I_gpe': 1.8463611959004589, 'I_gpi': 2.1190414798890957, 'noise_stn_sigma': 6.788092036690458, 'noise_gpe_sigma': 87.17153332960405, 'noise_gpi_sigma': 70.95711275649526, 'g_stn_gpe_mult': 1.8963122776167152, 'g_gpe_stn_mult': 0.5391166620798831, 'g_stn_gpi_mult': 2.2098498515182223, 'g_gpe_gpi_mult': 0.7747382245193613}. Best is trial 24 with value: 10.012271299617291.
[I 2026-05-28 03:04:36,714] Trial 30 finished with value: 28.91344938061504 and parameters: {'ISTN': 116.96289318812445, 'I_gpe': 2.5858520749074514, 'I_gpi': 2.9964689490701457, 'noise_stn_sigma': 4.457729785180119, 'noise_gpe_sigma': 95.36012841872642, 'noise_gpi_sigma': 74.67527392734252, 'g_stn_gpe_mult': 2.2736258092684345, 'g_gpe_stn_mult': 0.43096296269730905, 'g_stn_gpi_mult': 2.2755824111159098, 'g_gpe_gpi_mult': 0.7725872559697111}. Best is trial 24 with value: 10.012271299617291.
[I 2026-05-28 03:04:37,729] Trial 31 finished with value: 12.178800285736322 and parameters: {'ISTN': 74.85654535280291, 'I_gpe': 2.4396273324292217, 'I_gpi': 2.600152429677106, 'noise_stn_sigma': 5.731239599876954, 'noise_gpe_sigma': 82.00526994091595, 'noise_gpi_sigma': 104.75311728863556, 'g_stn_gpe_mult': 1.6300654743576914, 'g_gpe_stn_mult': 0.6275532027987786, 'g_stn_gpi_mult': 2.6840960332421586, 'g_gpe_gpi_mult': 0.7397656512831343}. Best is trial 24 with value: 10.012271299617291.
[I 2026-05-28 03:04:38,742] Trial 32 finished with value: 13.296108538063267 and parameters: {'ISTN': 72.26444122412602, 'I_gpe': 2.0900998800423816, 'I_gpi': 2.5115959106738037, 'noise_stn_sigma': 4.654624204351051, 'noise_gpe_sigma': 119.37388561888446, 'noise_gpi_sigma': 104.8397452760709, 'g_stn_gpe_mult': 2.7704031782131535, 'g_gpe_stn_mult': 0.5384827163180195, 'g_stn_gpi_mult': 2.1364857372694925, 'g_gpe_gpi_mult': 0.8690375520770346}. Best is trial 24 with value: 10.012271299617291.
[I 2026-05-28 03:04:39,753] Trial 33 finished with value: 14.168623328793366 and parameters: {'ISTN': 71.4617935144252, 'I_gpe': 2.0105173710084943, 'I_gpi': 2.9183601235919765, 'noise_stn_sigma': 6.8801410529656035, 'noise_gpe_sigma': 103.16900070714341, 'noise_gpi_sigma': 80.8353058703531, 'g_stn_gpe_mult': 2.1753619183825057, 'g_gpe_stn_mult': 0.6135476346686136, 'g_stn_gpi_mult': 2.0109041940322663, 'g_gpe_gpi_mult': 0.5924794273753639}. Best is trial 24 with value: 10.012271299617291.
[I 2026-05-28 03:04:40,764] Trial 34 finished with value: 8.584487491825012 and parameters: {'ISTN': 67.9755690516972, 'I_gpe': 1.7141921277110665, 'I_gpi': 2.722454889769028, 'noise_stn_sigma': 5.716239777953055, 'noise_gpe_sigma': 127.92724121979808, 'noise_gpi_sigma': 101.84159044669603, 'g_stn_gpe_mult': 1.595434676305597, 'g_gpe_stn_mult': 0.4950534363587825, 'g_stn_gpi_mult': 3.299093934256022, 'g_gpe_gpi_mult': 0.5828670355417578}. Best is trial 34 with value: 8.584487491825012.
[I 2026-05-28 03:04:41,776] Trial 35 finished with value: 16.052922333046478 and parameters: {'ISTN': 83.39125947501677, 'I_gpe': 2.731771260755733, 'I_gpi': 1.9720300005832105, 'noise_stn_sigma': 6.769026111414242, 'noise_gpe_sigma': 127.48272113265493, 'noise_gpi_sigma': 104.16871498342962, 'g_stn_gpe_mult': 2.025582868377966, 'g_gpe_stn_mult': 0.44547456612955116, 'g_stn_gpi_mult': 2.5024845058096465, 'g_gpe_gpi_mult': 0.5771671417652509}. Best is trial 34 with value: 8.584487491825012.
[I 2026-05-28 03:04:42,785] Trial 36 finished with value: 11.466461860884237 and parameters: {'ISTN': 71.77441463420286, 'I_gpe': 2.538532041029514, 'I_gpi': 3.1183238768369135, 'noise_stn_sigma': 5.722950340917392, 'noise_gpe_sigma': 93.80685421899014, 'noise_gpi_sigma': 83.33576629472586, 'g_stn_gpe_mult': 1.7905400091976724, 'g_gpe_stn_mult': 0.45042966993516, 'g_stn_gpi_mult': 3.601540052986759, 'g_gpe_gpi_mult': 0.9603655660415482}. Best is trial 34 with value: 8.584487491825012.
[I 2026-05-28 03:04:43,797] Trial 37 finished with value: 14.85393872532147 and parameters: {'ISTN': 76.76076350205209, 'I_gpe': 1.9490897902787996, 'I_gpi': 2.982449210342432, 'noise_stn_sigma': 7.496670303563926, 'noise_gpe_sigma': 121.81565910128789, 'noise_gpi_sigma': 113.5182893805747, 'g_stn_gpe_mult': 1.506168710045089, 'g_gpe_stn_mult': 0.43812474454441364, 'g_stn_gpi_mult': 2.793391748529481, 'g_gpe_gpi_mult': 0.6569661479429844}. Best is trial 34 with value: 8.584487491825012.
[I 2026-05-28 03:04:44,806] Trial 38 finished with value: 12.115024844161038 and parameters: {'ISTN': 69.0696680600319, 'I_gpe': 1.1251352659593126, 'I_gpi': 3.3145066779333705, 'noise_stn_sigma': 6.086297708409571, 'noise_gpe_sigma': 113.06766112607147, 'noise_gpi_sigma': 119.16701982286182, 'g_stn_gpe_mult': 1.797398900198918, 'g_gpe_stn_mult': 0.5876071992556748, 'g_stn_gpi_mult': 2.549577007742961, 'g_gpe_gpi_mult': 0.5708134233669157}. Best is trial 34 with value: 8.584487491825012.
[I 2026-05-28 03:04:45,818] Trial 39 finished with value: 13.702150501295765 and parameters: {'ISTN': 70.1765799331227, 'I_gpe': 2.167854774729704, 'I_gpi': 3.2024757478723833, 'noise_stn_sigma': 7.97405905350331, 'noise_gpe_sigma': 76.45393837785716, 'noise_gpi_sigma': 147.77654539487503, 'g_stn_gpe_mult': 2.533387488075265, 'g_gpe_stn_mult': 0.6182101954369381, 'g_stn_gpi_mult': 1.518032566933909, 'g_gpe_gpi_mult': 0.6618807454691985}. Best is trial 34 with value: 8.584487491825012.
[I 2026-05-28 03:04:46,831] Trial 40 finished with value: 12.76342226120051 and parameters: {'ISTN': 82.25091833995812, 'I_gpe': 1.5131535899806199, 'I_gpi': 2.6399846174829196, 'noise_stn_sigma': 4.867990371122576, 'noise_gpe_sigma': 124.11917312250335, 'noise_gpi_sigma': 68.5591515305107, 'g_stn_gpe_mult': 2.6804379888214003, 'g_gpe_stn_mult': 0.6128549434500938, 'g_stn_gpi_mult': 3.1002510502351175, 'g_gpe_gpi_mult': 0.7586423046646267}. Best is trial 34 with value: 8.584487491825012.
[I 2026-05-28 03:04:47,843] Trial 41 finished with value: 13.471996904546486 and parameters: {'ISTN': 63.14363085541084, 'I_gpe': 2.2903173217822506, 'I_gpi': 2.9971047859296562, 'noise_stn_sigma': 6.614896773580652, 'noise_gpe_sigma': 127.3742499071104, 'noise_gpi_sigma': 120.91530095683471, 'g_stn_gpe_mult': 1.6594528560871262, 'g_gpe_stn_mult': 0.3780204143258986, 'g_stn_gpi_mult': 3.9175904463914772, 'g_gpe_gpi_mult': 0.7659193208638742}. Best is trial 34 with value: 8.584487491825012.
[I 2026-05-28 03:04:48,855] Trial 42 finished with value: 16.649623038643455 and parameters: {'ISTN': 88.12483580105042, 'I_gpe': 1.6847681779197663, 'I_gpi': 3.5142191803709286, 'noise_stn_sigma': 4.863897224509551, 'noise_gpe_sigma': 97.52749515875506, 'noise_gpi_sigma': 110.4428438967359, 'g_stn_gpe_mult': 1.784939710651883, 'g_gpe_stn_mult': 0.4588058827002004, 'g_stn_gpi_mult': 3.3173587716471578, 'g_gpe_gpi_mult': 0.7255395548528101}. Best is trial 34 with value: 8.584487491825012.
[I 2026-05-28 03:04:49,867] Trial 43 finished with value: 11.808996246326075 and parameters: {'ISTN': 62.0452368402031, 'I_gpe': 2.6869621438572358, 'I_gpi': 2.9041196695600497, 'noise_stn_sigma': 4.364258926827473, 'noise_gpe_sigma': 141.98010310424465, 'noise_gpi_sigma': 91.08436101120375, 'g_stn_gpe_mult': 1.8672825787528133, 'g_gpe_stn_mult': 0.428634344270436, 'g_stn_gpi_mult': 2.149198706684935, 'g_gpe_gpi_mult': 0.8649655222062191}. Best is trial 34 with value: 8.584487491825012.
