[I 2026-05-28 03:58:02,881] Trial 176 finished with value: 2.693799583201713 and parameters: {'ISTN': 69.36629538077248, 'I_gpe': 1.3955095919836937, 'I_gpi': 2.714722692845543, 'noise_stn_sigma': 1.6952888048304977, 'noise_gpe_sigma': 71.02837762861, 'noise_gpi_sigma': 88.63379645311888, 'g_stn_gpe_mult': 2.6270409976023035, 'g_gpe_stn_mult': 0.14480622554454842, 'g_stn_gpi_mult': 2.367234369965746, 'g_gpe_gpi_mult': 0.6347503989401633}. Best is trial 144 with value: 0.2325776088708049.
[I 2026-05-28 03:58:03,887] Trial 177 finished with value: 4.733947009141308 and parameters: {'ISTN': 65.94866849521183, 'I_gpe': 1.4114802179361492, 'I_gpi': 2.3388230542448376, 'noise_stn_sigma': 3.566395570315806, 'noise_gpe_sigma': 78.26494532481559, 'noise_gpi_sigma': 71.82555569292171, 'g_stn_gpe_mult': 2.7450192533012245, 'g_gpe_stn_mult': 0.27846860528492434, 'g_stn_gpi_mult': 2.130255172164316, 'g_gpe_gpi_mult': 0.7284448757099728}. Best is trial 144 with value: 0.2325776088708049.
[I 2026-05-28 03:58:04,893] Trial 178 finished with value: 1.8450446452103209 and parameters: {'ISTN': 63.36171479751029, 'I_gpe': 1.429430140648952, 'I_gpi': 2.1889087591043324, 'noise_stn_sigma': 2.526918734847047, 'noise_gpe_sigma': 93.76702695516931, 'noise_gpi_sigma': 75.62815605416608, 'g_stn_gpe_mult': 2.35137181299874, 'g_gpe_stn_mult': 0.20668927917315194, 'g_stn_gpi_mult': 1.540025481140096, 'g_gpe_gpi_mult': 0.726371631787422}. Best is trial 144 with value: 0.2325776088708049.
[I 2026-05-28 03:58:05,900] Trial 179 finished with value: 6.364466717218131 and parameters: {'ISTN': 64.28797066281379, 'I_gpe': 1.2324811400394529, 'I_gpi': 2.941621447867231, 'noise_stn_sigma': 2.508659920079574, 'noise_gpe_sigma': 71.7609023393012, 'noise_gpi_sigma': 52.89538653606079, 'g_stn_gpe_mult': 3.0996627816658004, 'g_gpe_stn_mult': 0.23924086854493032, 'g_stn_gpi_mult': 2.150410918415175, 'g_gpe_gpi_mult': 0.9290405589081316}. Best is trial 144 with value: 0.2325776088708049.
[I 2026-05-28 03:58:06,905] Trial 180 finished with value: 14.420146777475262 and parameters: {'ISTN': 74.22259425212049, 'I_gpe': 1.4815050526279236, 'I_gpi': 3.1579477993868403, 'noise_stn_sigma': 3.7005552226786635, 'noise_gpe_sigma': 90.51219421413427, 'noise_gpi_sigma': 88.87398652600854, 'g_stn_gpe_mult': 3.1146841089749064, 'g_gpe_stn_mult': 0.3391432111707238, 'g_stn_gpi_mult': 1.2814556786731799, 'g_gpe_gpi_mult': 0.49319765254297754}. Best is trial 144 with value: 0.2325776088708049.
[I 2026-05-28 03:58:07,911] Trial 181 finished with value: 6.280181768122 and parameters: {'ISTN': 64.0043914908223, 'I_gpe': 1.1445580436316294, 'I_gpi': 2.8773859940673843, 'noise_stn_sigma': 4.155344923379859, 'noise_gpe_sigma': 94.49165749780407, 'noise_gpi_sigma': 119.43998378317877, 'g_stn_gpe_mult': 2.236211471894908, 'g_gpe_stn_mult': 0.13407738123911, 'g_stn_gpi_mult': 2.1377554589321175, 'g_gpe_gpi_mult': 0.6149065252975734}. Best is trial 144 with value: 0.2325776088708049.
[I 2026-05-28 03:58:08,913] Trial 182 finished with value: 3.0481598548568023 and parameters: {'ISTN': 67.99389950537122, 'I_gpe': 1.155580605164521, 'I_gpi': 3.4092768001743288, 'noise_stn_sigma': 2.679382601837586, 'noise_gpe_sigma': 120.63478266088373, 'noise_gpi_sigma': 77.55953703933037, 'g_stn_gpe_mult': 3.6855115553406392, 'g_gpe_stn_mult': 0.23168418965018261, 'g_stn_gpi_mult': 2.486743425876477, 'g_gpe_gpi_mult': 0.46021734895546357}. Best is trial 144 with value: 0.2325776088708049.
[I 2026-05-28 03:58:09,918] Trial 183 finished with value: 9.930267716042932 and parameters: {'ISTN': 65.90673059173282, 'I_gpe': 1.247761945657905, 'I_gpi': 2.036734886618472, 'noise_stn_sigma': 3.570868445251967, 'noise_gpe_sigma': 102.79913638894573, 'noise_gpi_sigma': 89.78336832292295, 'g_stn_gpe_mult': 2.771579440766576, 'g_gpe_stn_mult': 0.20651380055602803, 'g_stn_gpi_mult': 2.5873502658879852, 'g_gpe_gpi_mult': 0.6706488426728034}. Best is trial 144 with value: 0.2325776088708049.
[I 2026-05-28 03:58:10,925] Trial 184 finished with value: 9.531805402075825 and parameters: {'ISTN': 64.08247225885634, 'I_gpe': 1.1329450996897055, 'I_gpi': 2.0246735622468126, 'noise_stn_sigma': 3.235044549843618, 'noise_gpe_sigma': 98.533500949717, 'noise_gpi_sigma': 99.78095389503703, 'g_stn_gpe_mult': 2.573254662915919, 'g_gpe_stn_mult': 0.2797935209258623, 'g_stn_gpi_mult': 2.1197217662525887, 'g_gpe_gpi_mult': 0.5993954949401867}. Best is trial 144 with value: 0.2325776088708049.
[I 2026-05-28 03:58:11,930] Trial 185 finished with value: 14.789463575349611 and parameters: {'ISTN': 76.3975565625299, 'I_gpe': 1.4670305534385348, 'I_gpi': 3.2490010622641377, 'noise_stn_sigma': 1.3197627312420397, 'noise_gpe_sigma': 85.27084076126484, 'noise_gpi_sigma': 115.6571764242737, 'g_stn_gpe_mult': 3.1105381485696393, 'g_gpe_stn_mult': 0.18339860154181076, 'g_stn_gpi_mult': 1.711536492319069, 'g_gpe_gpi_mult': 0.612919993119845}. Best is trial 144 with value: 0.2325776088708049.
[I 2026-05-28 03:58:12,935] Trial 186 finished with value: 0.30668130368415397 and parameters: {'ISTN': 64.52883653847482, 'I_gpe': 1.3532089759436705, 'I_gpi': 2.7068071345181997, 'noise_stn_sigma': 2.183185516015242, 'noise_gpe_sigma': 85.48851088104729, 'noise_gpi_sigma': 81.87945567064384, 'g_stn_gpe_mult': 2.8498980837396743, 'g_gpe_stn_mult': 0.1145404112559417, 'g_stn_gpi_mult': 2.053382529422454, 'g_gpe_gpi_mult': 0.5640738187137022}. Best is trial 144 with value: 0.2325776088708049.
[I 2026-05-28 03:58:13,941] Trial 187 finished with value: 7.474757535274321 and parameters: {'ISTN': 65.65963249943306, 'I_gpe': 1.1626208282483128, 'I_gpi': 2.5227094629338698, 'noise_stn_sigma': 2.789729841132986, 'noise_gpe_sigma': 99.56653172713959, 'noise_gpi_sigma': 95.01495307028874, 'g_stn_gpe_mult': 3.346881915594298, 'g_gpe_stn_mult': 0.25626925175602977, 'g_stn_gpi_mult': 1.8961832625371862, 'g_gpe_gpi_mult': 0.5214386783184565}. Best is trial 144 with value: 0.2325776088708049.
[I 2026-05-28 03:58:14,943] Trial 188 finished with value: 11.072033253802847 and parameters: {'ISTN': 71.63177475043116, 'I_gpe': 0.6243194004705651, 'I_gpi': 2.9376674415158535, 'noise_stn_sigma': 2.3250220517704454, 'noise_gpe_sigma': 100.51455586063433, 'noise_gpi_sigma': 72.89174066229415, 'g_stn_gpe_mult': 3.614685004370822, 'g_gpe_stn_mult': 0.2203928594200341, 'g_stn_gpi_mult': 2.3695460692838592, 'g_gpe_gpi_mult': 0.5756674702357525}. Best is trial 144 with value: 0.2325776088708049.
[I 2026-05-28 03:58:15,948] Trial 189 finished with value: 2.710578785824355 and parameters: {'ISTN': 61.896188903435515, 'I_gpe': 1.8899686593130034, 'I_gpi': 2.4066800067732075, 'noise_stn_sigma': 4.150539454759645, 'noise_gpe_sigma': 98.80751762149376, 'noise_gpi_sigma': 85.183151177498, 'g_stn_gpe_mult': 2.7181361187450506, 'g_gpe_stn_mult': 0.13509363545979095, 'g_stn_gpi_mult': 1.7046065250356532, 'g_gpe_gpi_mult': 0.4491675815139283}. Best is trial 144 with value: 0.2325776088708049.
[I 2026-05-28 03:58:16,952] Trial 190 finished with value: 5.37601698530768 and parameters: {'ISTN': 67.66137085678454, 'I_gpe': 0.9753049200669834, 'I_gpi': 3.022128766568556, 'noise_stn_sigma': 3.13127343534281, 'noise_gpe_sigma': 79.76994029034043, 'noise_gpi_sigma': 100.33086270709211, 'g_stn_gpe_mult': 3.164249116760121, 'g_gpe_stn_mult': 0.17976359959973393, 'g_stn_gpi_mult': 1.652927877162983, 'g_gpe_gpi_mult': 0.4190536619582646}. Best is trial 144 with value: 0.2325776088708049.
[I 2026-05-28 03:58:17,959] Trial 191 finished with value: 1.6432434692833748 and parameters: {'ISTN': 61.28031116202185, 'I_gpe': 1.2844427669891134, 'I_gpi': 2.3701865107247304, 'noise_stn_sigma': 2.073820815973545, 'noise_gpe_sigma': 96.39273625224142, 'noise_gpi_sigma': 104.5321356802341, 'g_stn_gpe_mult': 2.6294004085084977, 'g_gpe_stn_mult': 0.10071791136762927, 'g_stn_gpi_mult': 2.2280048582914738, 'g_gpe_gpi_mult': 0.4359430257335821}. Best is trial 144 with value: 0.2325776088708049.
[I 2026-05-28 03:58:18,966] Trial 192 finished with value: 3.99374139658643 and parameters: {'ISTN': 68.54172392629495, 'I_gpe': 1.2670387929900206, 'I_gpi': 2.3482805977150893, 'noise_stn_sigma': 2.688089254869419, 'noise_gpe_sigma': 94.38654075545938, 'noise_gpi_sigma': 73.52275999156929, 'g_stn_gpe_mult': 2.744835180377997, 'g_gpe_stn_mult': 0.16095505583521577, 'g_stn_gpi_mult': 2.4649861109784768, 'g_gpe_gpi_mult': 0.5532976286603857}. Best is trial 144 with value: 0.2325776088708049.
[I 2026-05-28 03:58:19,971] Trial 193 finished with value: 0.7967520102889012 and parameters: {'ISTN': 61.28685498408875, 'I_gpe': 1.621875621216608, 'I_gpi': 3.258157902391393, 'noise_stn_sigma': 1.2410693803877635, 'noise_gpe_sigma': 95.73442271462187, 'noise_gpi_sigma': 78.27600138096946, 'g_stn_gpe_mult': 3.128270887090697, 'g_gpe_stn_mult': 0.2548029565102805, 'g_stn_gpi_mult': 1.9970277947845436, 'g_gpe_gpi_mult': 0.5512760728633677}. Best is trial 144 with value: 0.2325776088708049.
[I 2026-05-28 03:58:20,977] Trial 194 finished with value: 0.3777096612580381 and parameters: {'ISTN': 63.51524592867434, 'I_gpe': 1.8100544669043268, 'I_gpi': 1.7303528797956778, 'noise_stn_sigma': 2.1943709159818185, 'noise_gpe_sigma': 103.17207357271364, 'noise_gpi_sigma': 85.12281241248762, 'g_stn_gpe_mult': 3.5431728108899962, 'g_gpe_stn_mult': 0.16292195426224468, 'g_stn_gpi_mult': 2.0149468176789656, 'g_gpe_gpi_mult': 0.36854399145130723}. Best is trial 144 with value: 0.2325776088708049.
[I 2026-05-28 03:58:21,981] Trial 195 finished with value: 4.224182160415449 and parameters: {'ISTN': 69.21150307907253, 'I_gpe': 1.3790776764040347, 'I_gpi': 2.469341299696171, 'noise_stn_sigma': 3.407623003260745, 'noise_gpe_sigma': 120.96834177434, 'noise_gpi_sigma': 63.78627009169939, 'g_stn_gpe_mult': 3.5388900144107316, 'g_gpe_stn_mult': 0.1495758970697294, 'g_stn_gpi_mult': 2.0429865788932533, 'g_gpe_gpi_mult': 0.5657601632450192}. Best is trial 144 with value: 0.2325776088708049.
[I 2026-05-28 03:58:22,984] Trial 196 finished with value: 0.6018107170269872 and parameters: {'ISTN': 63.98517380467272, 'I_gpe': 0.9114589592586779, 'I_gpi': 3.2019939073498316, 'noise_stn_sigma': 3.1309556676498254, 'noise_gpe_sigma': 102.75860692779315, 'noise_gpi_sigma': 79.16894481259348, 'g_stn_gpe_mult': 3.04768920672221, 'g_gpe_stn_mult': 0.10400096154723616, 'g_stn_gpi_mult': 1.9769827122882404, 'g_gpe_gpi_mult': 0.47416379421796745}. Best is trial 144 with value: 0.2325776088708049.
[I 2026-05-28 03:58:23,990] Trial 197 finished with value: 0.39804177920641093 and parameters: {'ISTN': 68.2772378940075, 'I_gpe': 1.402211416969247, 'I_gpi': 2.6306465636894023, 'noise_stn_sigma': 1.4509480745718104, 'noise_gpe_sigma': 82.93919082139092, 'noise_gpi_sigma': 103.40151416255888, 'g_stn_gpe_mult': 3.1893147470492087, 'g_gpe_stn_mult': 0.13633947787852038, 'g_stn_gpi_mult': 2.1495237379781384, 'g_gpe_gpi_mult': 0.5455323955300819}. Best is trial 144 with value: 0.2325776088708049.
[I 2026-05-28 03:58:24,996] Trial 198 finished with value: 0.6763839987282239 and parameters: {'ISTN': 62.66443649414115, 'I_gpe': 2.211118016203123, 'I_gpi': 2.8441806074785263, 'noise_stn_sigma': 2.405270413806853, 'noise_gpe_sigma': 80.45449291218046, 'noise_gpi_sigma': 97.75706814852462, 'g_stn_gpe_mult': 2.5762635645694534, 'g_gpe_stn_mult': 0.13321901991914525, 'g_stn_gpi_mult': 2.0606171882104825, 'g_gpe_gpi_mult': 0.532540951055154}. Best is trial 144 with value: 0.2325776088708049.
[I 2026-05-28 03:58:26,001] Trial 199 finished with value: 1.7999523423170658 and parameters: {'ISTN': 61.98426843011989, 'I_gpe': 2.0850883580534827, 'I_gpi': 3.343268330336927, 'noise_stn_sigma': 2.410345076564142, 'noise_gpe_sigma': 111.30350112761484, 'noise_gpi_sigma': 101.23668846982872, 'g_stn_gpe_mult': 2.3029972636076765, 'g_gpe_stn_mult': 0.1538010871496722, 'g_stn_gpi_mult': 2.068026430210419, 'g_gpe_gpi_mult': 0.43599295547753225}. Best is trial 144 with value: 0.2325776088708049.
[I 2026-05-28 03:58:27,008] Trial 200 finished with value: 5.100443620374996 and parameters: {'ISTN': 62.72070873539145, 'I_gpe': 1.4277030935536152, 'I_gpi': 2.5380951004050036, 'noise_stn_sigma': 1.5790563236912623, 'noise_gpe_sigma': 100.51598934203057, 'noise_gpi_sigma': 77.04577356224489, 'g_stn_gpe_mult': 3.220294369737352, 'g_gpe_stn_mult': 0.2827063359062986, 'g_stn_gpi_mult': 2.2076906829415672, 'g_gpe_gpi_mult': 0.4479116742825062}. Best is trial 144 with value: 0.2325776088708049.
[I 2026-05-28 03:58:28,014] Trial 201 finished with value: 0.32626722495905586 and parameters: {'ISTN': 66.74178535670305, 'I_gpe': 1.7601673353523917, 'I_gpi': 2.2612804549875025, 'noise_stn_sigma': 1.6657103795983899, 'noise_gpe_sigma': 109.66808362691212, 'noise_gpi_sigma': 64.22503907140026, 'g_stn_gpe_mult': 3.2491604010793256, 'g_gpe_stn_mult': 0.11502467203878955, 'g_stn_gpi_mult': 2.207624654040552, 'g_gpe_gpi_mult': 0.3545971015989487}. Best is trial 144 with value: 0.2325776088708049.
[I 2026-05-28 03:58:29,021] Trial 202 finished with value: 0.18244467749573848 and parameters: {'ISTN': 63.00088359573126, 'I_gpe': 1.2425397368212248, 'I_gpi': 1.888724897446853, 'noise_stn_sigma': 1.821991900838846, 'noise_gpe_sigma': 108.54627999907103, 'noise_gpi_sigma': 74.80585159496886, 'g_stn_gpe_mult': 3.0967948768357543, 'g_gpe_stn_mult': 0.1561007684831918, 'g_stn_gpi_mult': 2.5685592875650216, 'g_gpe_gpi_mult': 0.3302450773507655}. Best is trial 202 with value: 0.18244467749573848.
[I 2026-05-28 03:58:30,027] Trial 203 finished with value: 11.807613506957162 and parameters: {'ISTN': 66.86012267113621, 'I_gpe': 0.9366250506050381, 'I_gpi': 2.511383782354338, 'noise_stn_sigma': 3.9148835073011665, 'noise_gpe_sigma': 101.58905841947791, 'noise_gpi_sigma': 86.78726321697295, 'g_stn_gpe_mult': 4.157524208103376, 'g_gpe_stn_mult': 0.2108624923056685, 'g_stn_gpi_mult': 2.138792060583981, 'g_gpe_gpi_mult': 0.5150140510131744}. Best is trial 202 with value: 0.18244467749573848.
[I 2026-05-28 03:58:31,035] Trial 204 finished with value: 10.58184583439198 and parameters: {'ISTN': 70.08040094863014, 'I_gpe': 1.9860878175275125, 'I_gpi': 2.9961335039272696, 'noise_stn_sigma': 2.8454132671100014, 'noise_gpe_sigma': 99.6352927238986, 'noise_gpi_sigma': 68.25138282738595, 'g_stn_gpe_mult': 2.765103093186047, 'g_gpe_stn_mult': 0.17191289997261217, 'g_stn_gpi_mult': 1.7058503265840468, 'g_gpe_gpi_mult': 0.7359354920309062}. Best is trial 202 with value: 0.18244467749573848.
[I 2026-05-28 03:58:32,042] Trial 205 finished with value: 9.577164682525787 and parameters: {'ISTN': 67.41328327058535, 'I_gpe': 1.8195122794020366, 'I_gpi': 2.678506547796622, 'noise_stn_sigma': 2.238199015894553, 'noise_gpe_sigma': 114.01226585579484, 'noise_gpi_sigma': 112.18801447543431, 'g_stn_gpe_mult': 2.9690657595032537, 'g_gpe_stn_mult': 0.2291646546589692, 'g_stn_gpi_mult': 1.944884549431709, 'g_gpe_gpi_mult': 0.6100401012319845}. Best is trial 202 with value: 0.18244467749573848.
[I 2026-05-28 03:58:33,048] Trial 206 finished with value: 2.288505494557808 and parameters: {'ISTN': 71.3113924890552, 'I_gpe': 1.0743906687219664, 'I_gpi': 1.3092259779791733, 'noise_stn_sigma': 2.3532847874269556, 'noise_gpe_sigma': 98.59877992920762, 'noise_gpi_sigma': 86.70594525395579, 'g_stn_gpe_mult': 2.90307945261935, 'g_gpe_stn_mult': 0.10495058819088056, 'g_stn_gpi_mult': 1.9920693503114526, 'g_gpe_gpi_mult': 0.3924059633106989}. Best is trial 202 with value: 0.18244467749573848.
[I 2026-05-28 03:58:34,054] Trial 207 finished with value: 0.28849785390232835 and parameters: {'ISTN': 64.33072755614846, 'I_gpe': 1.702130599588635, 'I_gpi': 2.226242669096214, 'noise_stn_sigma': 2.2819025438749185, 'noise_gpe_sigma': 73.29155018518094, 'noise_gpi_sigma': 111.96231893423317, 'g_stn_gpe_mult': 4.141437289424205, 'g_gpe_stn_mult': 0.16264904151775056, 'g_stn_gpi_mult': 2.3023057566605383, 'g_gpe_gpi_mult': 0.37149580672830923}. Best is trial 202 with value: 0.18244467749573848.
[I 2026-05-28 03:58:35,059] Trial 208 finished with value: 0.1957895042830768 and parameters: {'ISTN': 62.69288222525779, 'I_gpe': 1.1927202506305985, 'I_gpi': 2.289292324010641, 'noise_stn_sigma': 3.4712007396133817, 'noise_gpe_sigma': 78.37750243404878, 'noise_gpi_sigma': 79.32382426805734, 'g_stn_gpe_mult': 3.364554096440583, 'g_gpe_stn_mult': 0.18880892382551567, 'g_stn_gpi_mult': 1.718534542287236, 'g_gpe_gpi_mult': 0.6063053467937178}. Best is trial 202 with value: 0.18244467749573848.
[I 2026-05-28 03:58:36,066] Trial 209 finished with value: 0.24447057373420827 and parameters: {'ISTN': 63.090102099600045, 'I_gpe': 1.3814800388962976, 'I_gpi': 2.3305599363728557, 'noise_stn_sigma': 3.2364169729887444, 'noise_gpe_sigma': 90.29879184809471, 'noise_gpi_sigma': 93.17127417673154, 'g_stn_gpe_mult': 3.204513052116233, 'g_gpe_stn_mult': 0.1960681800344396, 'g_stn_gpi_mult': 1.9447739737392151, 'g_gpe_gpi_mult': 0.4540297152102463}. Best is trial 202 with value: 0.18244467749573848.
[I 2026-05-28 03:58:37,070] Trial 210 finished with value: 0.25753011904777195 and parameters: {'ISTN': 64.07123053298994, 'I_gpe': 1.1770867096631008, 'I_gpi': 1.8606891610652467, 'noise_stn_sigma': 1.7392075339331468, 'noise_gpe_sigma': 89.24577326330692, 'noise_gpi_sigma': 76.91234003389721, 'g_stn_gpe_mult': 4.138503653954464, 'g_gpe_stn_mult': 0.19167090537251644, 'g_stn_gpi_mult': 1.3455958896854225, 'g_gpe_gpi_mult': 0.3853000114164148}. Best is trial 202 with value: 0.18244467749573848.
[I 2026-05-28 03:58:38,076] Trial 211 finished with value: 0.7504233686644788 and parameters: {'ISTN': 64.1263631833882, 'I_gpe': 1.6483282710630103, 'I_gpi': 3.026485483476419, 'noise_stn_sigma': 3.0669883306036105, 'noise_gpe_sigma': 109.58795408696324, 'noise_gpi_sigma': 72.78347102889286, 'g_stn_gpe_mult': 3.833849151188956, 'g_gpe_stn_mult': 0.18912351893026663, 'g_stn_gpi_mult': 1.919880098378767, 'g_gpe_gpi_mult': 0.3738366500160965}. Best is trial 202 with value: 0.18244467749573848.
[I 2026-05-28 03:58:39,081] Trial 212 finished with value: 6.616378215727835 and parameters: {'ISTN': 70.77764351345805, 'I_gpe': 0.8950333792450103, 'I_gpi': 2.393363048593973, 'noise_stn_sigma': 3.0776733025510477, 'noise_gpe_sigma': 93.69966820278475, 'noise_gpi_sigma': 64.35060794713647, 'g_stn_gpe_mult': 3.3848819643001766, 'g_gpe_stn_mult': 0.15298121833913517, 'g_stn_gpi_mult': 2.1377716193602887, 'g_gpe_gpi_mult': 0.4540015183690895}. Best is trial 202 with value: 0.18244467749573848.
[I 2026-05-28 03:58:40,087] Trial 213 finished with value: 10.340105987904547 and parameters: {'ISTN': 69.55106013536538, 'I_gpe': 0.988750249086343, 'I_gpi': 2.002997814715292, 'noise_stn_sigma': 1.7345593751380348, 'noise_gpe_sigma': 96.80194943696081, 'noise_gpi_sigma': 100.18025305400066, 'g_stn_gpe_mult': 3.7425710471626634, 'g_gpe_stn_mult': 0.2619076520267243, 'g_stn_gpi_mult': 1.882504904644339, 'g_gpe_gpi_mult': 0.25702189878324716}. Best is trial 202 with value: 0.18244467749573848.
[I 2026-05-28 03:58:41,093] Trial 214 finished with value: 0.21430422071982977 and parameters: {'ISTN': 62.75346581614257, 'I_gpe': 1.1173296490276161, 'I_gpi': 1.780130856010348, 'noise_stn_sigma': 3.5172428084101894, 'noise_gpe_sigma': 108.4093747945345, 'noise_gpi_sigma': 80.03137710614355, 'g_stn_gpe_mult': 3.0154755817315007, 'g_gpe_stn_mult': 0.13296002496194043, 'g_stn_gpi_mult': 1.9610296441330468, 'g_gpe_gpi_mult': 0.5426431320877338}. Best is trial 202 with value: 0.18244467749573848.
[I 2026-05-28 03:58:42,098] Trial 215 finished with value: 12.539051255250229 and parameters: {'ISTN': 75.4863568622991, 'I_gpe': 1.185022659184471, 'I_gpi': 2.347037522550995, 'noise_stn_sigma': 2.5750128628785194, 'noise_gpe_sigma': 102.41898186079659, 'noise_gpi_sigma': 86.04132358935674, 'g_stn_gpe_mult': 2.9705035183636674, 'g_gpe_stn_mult': 0.16660344010386202, 'g_stn_gpi_mult': 2.183651773552325, 'g_gpe_gpi_mult': 0.6063538311171388}. Best is trial 202 with value: 0.18244467749573848.
[I 2026-05-28 03:58:43,103] Trial 216 finished with value: 0.1915085390450436 and parameters: {'ISTN': 62.136082421509016, 'I_gpe': 1.027078659515404, 'I_gpi': 2.000403323543246, 'noise_stn_sigma': 2.1210442951437063, 'noise_gpe_sigma': 79.51273397815658, 'noise_gpi_sigma': 84.96734303849622, 'g_stn_gpe_mult': 3.5454634798512936, 'g_gpe_stn_mult': 0.2213084931504089, 'g_stn_gpi_mult': 2.3481416099007792, 'g_gpe_gpi_mult': 0.3255868637125798}. Best is trial 202 with value: 0.18244467749573848.
[I 2026-05-28 03:58:44,109] Trial 217 finished with value: 12.702180220619544 and parameters: {'ISTN': 69.59132831147481, 'I_gpe': 1.3031382378658005, 'I_gpi': 2.395954651974316, 'noise_stn_sigma': 2.7556372459583973, 'noise_gpe_sigma': 99.64029460514925, 'noise_gpi_sigma': 91.69092120872399, 'g_stn_gpe_mult': 3.0116812508241964, 'g_gpe_stn_mult': 0.188899582934569, 'g_stn_gpi_mult': 2.053777057744742, 'g_gpe_gpi_mult': 0.598686063628828}. Best is trial 202 with value: 0.18244467749573848.
[I 2026-05-28 03:58:45,112] Trial 218 finished with value: 0.29819442836927007 and parameters: {'ISTN': 66.96856221401623, 'I_gpe': 1.055497423881353, 'I_gpi': 1.8522219365114094, 'noise_stn_sigma': 2.228734861820935, 'noise_gpe_sigma': 104.44629207680828, 'noise_gpi_sigma': 87.633726246501, 'g_stn_gpe_mult': 3.27162634110081, 'g_gpe_stn_mult': 0.16000640571753003, 'g_stn_gpi_mult': 2.042392211519183, 'g_gpe_gpi_mult': 0.20850300642950517}. Best is trial 202 with value: 0.18244467749573848.
[I 2026-05-28 03:58:46,116] Trial 219 finished with value: 0.2568441448823944 and parameters: {'ISTN': 62.12468147295078, 'I_gpe': 1.1123112241414783, 'I_gpi': 2.144692807098791, 'noise_stn_sigma': 3.121913412609042, 'noise_gpe_sigma': 80.3054356927693, 'noise_gpi_sigma': 84.17402515526642, 'g_stn_gpe_mult': 3.7985383004104207, 'g_gpe_stn_mult': 0.24306466248172634, 'g_stn_gpi_mult': 1.7934890216846842, 'g_gpe_gpi_mult': 0.6414385226885466}. Best is trial 202 with value: 0.18244467749573848.
