[I 2026-05-28 03:36:39,658] Trial 924 finished with value: 0.7998175529263774 and parameters: {'ISTN': 64.82306740770017, 'I_gpe': 0.8759590464223888, 'I_gpi': 2.084444270256376, 'noise_stn_sigma': 6.0169298205481985, 'noise_gpe_sigma': 72.09932842797693, 'noise_gpi_sigma': 119.10965739112585, 'g_stn_gpe_mult': 2.2952429851624276, 'g_gpe_stn_mult': 0.6736841685214154, 'g_stn_gpi_mult': 3.4462281749122146, 'g_gpe_gpi_mult': 0.7773876800557626}. Best is trial 916 with value: 0.4471713211720221.
[I 2026-05-28 03:36:40,668] Trial 925 finished with value: 0.6214773669364785 and parameters: {'ISTN': 61.76628771591723, 'I_gpe': 0.9046567092321289, 'I_gpi': 1.9389861227981777, 'noise_stn_sigma': 5.677034701574464, 'noise_gpe_sigma': 78.58859658036596, 'noise_gpi_sigma': 117.81163805682635, 'g_stn_gpe_mult': 2.2988771420476746, 'g_gpe_stn_mult': 0.6961767374131861, 'g_stn_gpi_mult': 3.457228266643191, 'g_gpe_gpi_mult': 0.7654734776891619}. Best is trial 916 with value: 0.4471713211720221.
[I 2026-05-28 03:36:41,677] Trial 926 finished with value: 0.5725826891373499 and parameters: {'ISTN': 62.79966203264959, 'I_gpe': 0.9181493469123208, 'I_gpi': 1.867838181114766, 'noise_stn_sigma': 6.819851141030236, 'noise_gpe_sigma': 75.65121326154117, 'noise_gpi_sigma': 123.35960525143277, 'g_stn_gpe_mult': 2.0809035384596664, 'g_gpe_stn_mult': 0.6779998304803486, 'g_stn_gpi_mult': 3.6017979412768772, 'g_gpe_gpi_mult': 0.856785425305914}. Best is trial 916 with value: 0.4471713211720221.
[I 2026-05-28 03:36:42,686] Trial 927 finished with value: 0.5743255782589242 and parameters: {'ISTN': 63.335300947695444, 'I_gpe': 0.8805935181080145, 'I_gpi': 1.7061616205097132, 'noise_stn_sigma': 6.878942076934134, 'noise_gpe_sigma': 71.44333919886081, 'noise_gpi_sigma': 116.0194072505109, 'g_stn_gpe_mult': 2.229441843141282, 'g_gpe_stn_mult': 0.653031697994524, 'g_stn_gpi_mult': 3.6903149033618803, 'g_gpe_gpi_mult': 0.7995500575218675}. Best is trial 916 with value: 0.4471713211720221.
[I 2026-05-28 03:36:43,692] Trial 928 finished with value: 0.6842132949533521 and parameters: {'ISTN': 65.49421376998284, 'I_gpe': 0.8143738256169106, 'I_gpi': 1.981925164592165, 'noise_stn_sigma': 6.495252766619904, 'noise_gpe_sigma': 72.94855789640432, 'noise_gpi_sigma': 123.31095310751992, 'g_stn_gpe_mult': 2.232539115706595, 'g_gpe_stn_mult': 0.7266410457177231, 'g_stn_gpi_mult': 3.542804262070245, 'g_gpe_gpi_mult': 0.8083114260156967}. Best is trial 916 with value: 0.4471713211720221.
[I 2026-05-28 03:36:44,700] Trial 929 finished with value: 1.9623498006255997 and parameters: {'ISTN': 63.34002273172537, 'I_gpe': 0.9201391567944437, 'I_gpi': 1.8513525600215783, 'noise_stn_sigma': 6.155664256420273, 'noise_gpe_sigma': 78.38301612201676, 'noise_gpi_sigma': 117.5612944728468, 'g_stn_gpe_mult': 2.109177918330214, 'g_gpe_stn_mult': 0.6944204835805818, 'g_stn_gpi_mult': 3.636321447178872, 'g_gpe_gpi_mult': 0.8163385963317729}. Best is trial 916 with value: 0.4471713211720221.
[I 2026-05-28 03:36:45,709] Trial 930 finished with value: 0.5871021927474588 and parameters: {'ISTN': 64.27481555184823, 'I_gpe': 0.8610383781553357, 'I_gpi': 1.9803780462751783, 'noise_stn_sigma': 6.144292280937844, 'noise_gpe_sigma': 79.44555089643154, 'noise_gpi_sigma': 107.18180076188949, 'g_stn_gpe_mult': 2.235844155935868, 'g_gpe_stn_mult': 0.700108645284773, 'g_stn_gpi_mult': 3.4979034377030382, 'g_gpe_gpi_mult': 0.7671153709639134}. Best is trial 916 with value: 0.4471713211720221.
[I 2026-05-28 03:36:46,718] Trial 931 finished with value: 0.7079967306583846 and parameters: {'ISTN': 63.89490425597258, 'I_gpe': 0.8310901085076305, 'I_gpi': 2.2111090541491274, 'noise_stn_sigma': 6.906836191595596, 'noise_gpe_sigma': 77.51854405621424, 'noise_gpi_sigma': 118.36184749519313, 'g_stn_gpe_mult': 2.067095310132737, 'g_gpe_stn_mult': 0.6463991614591547, 'g_stn_gpi_mult': 3.3802276956524966, 'g_gpe_gpi_mult': 0.807787812218594}. Best is trial 916 with value: 0.4471713211720221.
[I 2026-05-28 03:36:47,727] Trial 932 finished with value: 2.684856504350825 and parameters: {'ISTN': 62.172809808782105, 'I_gpe': 0.8649330582057659, 'I_gpi': 2.088243784846788, 'noise_stn_sigma': 6.827968376208825, 'noise_gpe_sigma': 75.45872359513606, 'noise_gpi_sigma': 123.2126116044077, 'g_stn_gpe_mult': 2.1616403115179676, 'g_gpe_stn_mult': 0.6966825075724724, 'g_stn_gpi_mult': 3.6800615544921236, 'g_gpe_gpi_mult': 0.8774014153074399}. Best is trial 916 with value: 0.4471713211720221.
[I 2026-05-28 03:36:48,737] Trial 933 finished with value: 4.283321145935984 and parameters: {'ISTN': 61.00568663027493, 'I_gpe': 0.971913799304337, 'I_gpi': 1.9262428793718194, 'noise_stn_sigma': 7.1733388144108154, 'noise_gpe_sigma': 71.09954172810865, 'noise_gpi_sigma': 123.87592428345485, 'g_stn_gpe_mult': 2.1670331462594046, 'g_gpe_stn_mult': 0.6663698797197677, 'g_stn_gpi_mult': 3.447617161659484, 'g_gpe_gpi_mult': 0.8399010872285335}. Best is trial 916 with value: 0.4471713211720221.
[I 2026-05-28 03:36:49,743] Trial 934 finished with value: 6.167890958061815 and parameters: {'ISTN': 65.05085771548592, 'I_gpe': 0.9224683489798489, 'I_gpi': 1.7989152050380999, 'noise_stn_sigma': 6.11544182525266, 'noise_gpe_sigma': 78.61444922978131, 'noise_gpi_sigma': 121.61044193013191, 'g_stn_gpe_mult': 2.1451658956092152, 'g_gpe_stn_mult': 0.7091567957440944, 'g_stn_gpi_mult': 3.5634841528610153, 'g_gpe_gpi_mult': 0.793195267938857}. Best is trial 916 with value: 0.4471713211720221.
[I 2026-05-28 03:36:50,748] Trial 935 finished with value: 2.950297277134589 and parameters: {'ISTN': 61.8597865350325, 'I_gpe': 0.8714678652390054, 'I_gpi': 2.1005718455955162, 'noise_stn_sigma': 6.425507316201878, 'noise_gpe_sigma': 76.47305856036212, 'noise_gpi_sigma': 122.7562637262006, 'g_stn_gpe_mult': 2.060296599898388, 'g_gpe_stn_mult': 0.6317680367934742, 'g_stn_gpi_mult': 3.5069635125607475, 'g_gpe_gpi_mult': 0.8097523635336665}. Best is trial 916 with value: 0.4471713211720221.
[I 2026-05-28 03:36:51,756] Trial 936 finished with value: 1.9210851670177145 and parameters: {'ISTN': 62.690113507726785, 'I_gpe': 0.9343443795983506, 'I_gpi': 1.798175294897467, 'noise_stn_sigma': 6.867489028828045, 'noise_gpe_sigma': 76.31916889140447, 'noise_gpi_sigma': 119.02655871394118, 'g_stn_gpe_mult': 2.096990098866873, 'g_gpe_stn_mult': 0.6785163593852372, 'g_stn_gpi_mult': 3.6899553813438035, 'g_gpe_gpi_mult': 0.8412329959303066}. Best is trial 916 with value: 0.4471713211720221.
[I 2026-05-28 03:36:52,763] Trial 937 finished with value: 0.7379526677006245 and parameters: {'ISTN': 60.74835173246441, 'I_gpe': 0.9105497014292225, 'I_gpi': 1.7925755719989143, 'noise_stn_sigma': 7.147818648542648, 'noise_gpe_sigma': 80.24910080181013, 'noise_gpi_sigma': 117.61073978315325, 'g_stn_gpe_mult': 2.258776876439678, 'g_gpe_stn_mult': 0.6587659397118782, 'g_stn_gpi_mult': 3.702206160181388, 'g_gpe_gpi_mult': 0.881171631015939}. Best is trial 916 with value: 0.4471713211720221.
[I 2026-05-28 03:36:53,771] Trial 938 finished with value: 3.8567340013946105 and parameters: {'ISTN': 64.67283368351205, 'I_gpe': 0.8900845263002949, 'I_gpi': 1.8903987690706638, 'noise_stn_sigma': 6.3358018288524365, 'noise_gpe_sigma': 81.19010969350751, 'noise_gpi_sigma': 112.63536608039674, 'g_stn_gpe_mult': 2.2006047632195678, 'g_gpe_stn_mult': 0.7201912630708748, 'g_stn_gpi_mult': 3.621720131228876, 'g_gpe_gpi_mult': 0.8231588953430886}. Best is trial 916 with value: 0.4471713211720221.
[I 2026-05-28 03:36:54,779] Trial 939 finished with value: 0.7328560200200178 and parameters: {'ISTN': 66.06709855484645, 'I_gpe': 0.8964479178077875, 'I_gpi': 1.632202681997409, 'noise_stn_sigma': 6.9027907631267595, 'noise_gpe_sigma': 70.7512327730542, 'noise_gpi_sigma': 121.27108832301093, 'g_stn_gpe_mult': 2.120786434309357, 'g_gpe_stn_mult': 0.6638968474818385, 'g_stn_gpi_mult': 3.597893176074287, 'g_gpe_gpi_mult': 0.7651501301773598}. Best is trial 916 with value: 0.4471713211720221.
[I 2026-05-28 03:36:55,785] Trial 940 finished with value: 5.550204766551978 and parameters: {'ISTN': 61.50392165590423, 'I_gpe': 0.949445554175074, 'I_gpi': 1.948536968282391, 'noise_stn_sigma': 7.139861580767509, 'noise_gpe_sigma': 76.73049214563322, 'noise_gpi_sigma': 124.37494076787776, 'g_stn_gpe_mult': 2.1832634656629186, 'g_gpe_stn_mult': 0.6220905864293144, 'g_stn_gpi_mult': 3.5194705933999204, 'g_gpe_gpi_mult': 0.8195647868468781}. Best is trial 916 with value: 0.4471713211720221.
[I 2026-05-28 03:36:56,796] Trial 941 finished with value: 3.461516945853799 and parameters: {'ISTN': 64.69822956999707, 'I_gpe': 0.7118817599759028, 'I_gpi': 1.7550192323765699, 'noise_stn_sigma': 7.276439244483873, 'noise_gpe_sigma': 80.81265506371206, 'noise_gpi_sigma': 113.34648869134615, 'g_stn_gpe_mult': 2.205673255796251, 'g_gpe_stn_mult': 0.6658343940559738, 'g_stn_gpi_mult': 3.47788577860907, 'g_gpe_gpi_mult': 0.7573109800176583}. Best is trial 916 with value: 0.4471713211720221.
[I 2026-05-28 03:36:57,804] Trial 942 finished with value: 0.8893862522745557 and parameters: {'ISTN': 62.9320901392104, 'I_gpe': 0.8713272816679658, 'I_gpi': 2.0492344528350674, 'noise_stn_sigma': 7.414919996270365, 'noise_gpe_sigma': 73.93219665625543, 'noise_gpi_sigma': 124.6701810974071, 'g_stn_gpe_mult': 1.9923123583526403, 'g_gpe_stn_mult': 0.6841404099066385, 'g_stn_gpi_mult': 3.6488684838127416, 'g_gpe_gpi_mult': 0.7994513990666154}. Best is trial 916 with value: 0.4471713211720221.
[I 2026-05-28 03:36:58,811] Trial 943 finished with value: 1.6450190325432537 and parameters: {'ISTN': 60.706939587706806, 'I_gpe': 0.8315815269263878, 'I_gpi': 2.2217117096723844, 'noise_stn_sigma': 6.851648261190001, 'noise_gpe_sigma': 76.97391172412944, 'noise_gpi_sigma': 120.1380773523876, 'g_stn_gpe_mult': 2.137289583932559, 'g_gpe_stn_mult': 0.6900399144169811, 'g_stn_gpi_mult': 3.539978069984562, 'g_gpe_gpi_mult': 0.843551549910267}. Best is trial 916 with value: 0.4471713211720221.
[I 2026-05-28 03:36:59,819] Trial 944 finished with value: 0.45751963010269076 and parameters: {'ISTN': 60.704485514777204, 'I_gpe': 0.8941141973730857, 'I_gpi': 2.1997939657858883, 'noise_stn_sigma': 7.227141019631501, 'noise_gpe_sigma': 72.54598449659781, 'noise_gpi_sigma': 120.27674174062136, 'g_stn_gpe_mult': 2.2527432617543686, 'g_gpe_stn_mult': 0.6588688044078203, 'g_stn_gpi_mult': 3.4339647552565613, 'g_gpe_gpi_mult': 0.8279501962759617}. Best is trial 916 with value: 0.4471713211720221.
[I 2026-05-28 03:37:00,827] Trial 945 finished with value: 1.009336060505117 and parameters: {'ISTN': 62.5436597505702, 'I_gpe': 0.8858981839091701, 'I_gpi': 1.6961281584619199, 'noise_stn_sigma': 7.221504207708256, 'noise_gpe_sigma': 74.38901098995544, 'noise_gpi_sigma': 116.92678788761202, 'g_stn_gpe_mult': 2.0115171887058625, 'g_gpe_stn_mult': 0.6036771175696091, 'g_stn_gpi_mult': 3.4591303884806273, 'g_gpe_gpi_mult': 0.8254103012741838}. Best is trial 916 with value: 0.4471713211720221.
[I 2026-05-28 03:37:01,836] Trial 946 finished with value: 8.330661028486583 and parameters: {'ISTN': 67.96554118101055, 'I_gpe': 0.7405201995559334, 'I_gpi': 2.1479155170087365, 'noise_stn_sigma': 6.581076235422456, 'noise_gpe_sigma': 78.61357997953287, 'noise_gpi_sigma': 116.96468821097562, 'g_stn_gpe_mult': 2.1155723516202247, 'g_gpe_stn_mult': 0.6134560706963393, 'g_stn_gpi_mult': 3.308929801519062, 'g_gpe_gpi_mult': 0.7330345923690307}. Best is trial 916 with value: 0.4471713211720221.
[I 2026-05-28 03:37:02,844] Trial 947 finished with value: 7.135241821758658 and parameters: {'ISTN': 66.83516731711585, 'I_gpe': 0.7823773061200002, 'I_gpi': 1.9510897981932278, 'noise_stn_sigma': 7.413373629221965, 'noise_gpe_sigma': 71.29961068889415, 'noise_gpi_sigma': 123.31019869997199, 'g_stn_gpe_mult': 2.112453477258322, 'g_gpe_stn_mult': 0.6388719091867104, 'g_stn_gpi_mult': 3.3796908039732054, 'g_gpe_gpi_mult': 0.7389535213623248}. Best is trial 916 with value: 0.4471713211720221.
[I 2026-05-28 03:37:03,851] Trial 948 finished with value: 3.168730129114471 and parameters: {'ISTN': 65.69336325907145, 'I_gpe': 0.8427618227472591, 'I_gpi': 2.354775420219144, 'noise_stn_sigma': 6.166085048008626, 'noise_gpe_sigma': 74.82303194660132, 'noise_gpi_sigma': 120.49199601258175, 'g_stn_gpe_mult': 2.0997236753118553, 'g_gpe_stn_mult': 0.6267753963746463, 'g_stn_gpi_mult': 3.3665115657663853, 'g_gpe_gpi_mult': 0.7600870956675847}. Best is trial 916 with value: 0.4471713211720221.
[I 2026-05-28 03:37:04,859] Trial 949 finished with value: 1.3905228635938038 and parameters: {'ISTN': 65.7602298246283, 'I_gpe': 0.8910707735757226, 'I_gpi': 1.853964957755176, 'noise_stn_sigma': 6.8959401669845946, 'noise_gpe_sigma': 72.77459935375887, 'noise_gpi_sigma': 115.20820326576882, 'g_stn_gpe_mult': 2.062374788850916, 'g_gpe_stn_mult': 0.6720646528230722, 'g_stn_gpi_mult': 3.4907514078497703, 'g_gpe_gpi_mult': 0.7799622135335293}. Best is trial 916 with value: 0.4471713211720221.
[I 2026-05-28 03:37:05,866] Trial 950 finished with value: 6.526707932255823 and parameters: {'ISTN': 67.23303954143415, 'I_gpe': 0.809947948653605, 'I_gpi': 1.8702052784427634, 'noise_stn_sigma': 6.224181546848882, 'noise_gpe_sigma': 76.66643766440215, 'noise_gpi_sigma': 122.83020881132413, 'g_stn_gpe_mult': 2.0828560321291056, 'g_gpe_stn_mult': 0.5926753823666479, 'g_stn_gpi_mult': 3.4854671657440233, 'g_gpe_gpi_mult': 0.7576980420388246}. Best is trial 916 with value: 0.4471713211720221.
[I 2026-05-28 03:37:06,877] Trial 951 finished with value: 1.0919331900412537 and parameters: {'ISTN': 64.25170114769236, 'I_gpe': 0.8403890744366084, 'I_gpi': 2.142892193961322, 'noise_stn_sigma': 6.342525531021586, 'noise_gpe_sigma': 79.8867084396199, 'noise_gpi_sigma': 112.597478315292, 'g_stn_gpe_mult': 2.0863092332170057, 'g_gpe_stn_mult': 0.6526219412512166, 'g_stn_gpi_mult': 3.5162839162113797, 'g_gpe_gpi_mult': 0.8205732539641168}. Best is trial 916 with value: 0.4471713211720221.
[I 2026-05-28 03:37:07,883] Trial 952 finished with value: 3.2122597658898737 and parameters: {'ISTN': 60.059492788322046, 'I_gpe': 0.9462254219902155, 'I_gpi': 2.206901546167886, 'noise_stn_sigma': 6.949269770964905, 'noise_gpe_sigma': 75.78400269165074, 'noise_gpi_sigma': 112.36776140444717, 'g_stn_gpe_mult': 2.164633015338765, 'g_gpe_stn_mult': 0.6670795809709898, 'g_stn_gpi_mult': 3.440903623064563, 'g_gpe_gpi_mult': 0.798924265835383}. Best is trial 916 with value: 0.4471713211720221.
[I 2026-05-28 03:37:08,892] Trial 953 finished with value: 0.5929764597020942 and parameters: {'ISTN': 64.32551316701525, 'I_gpe': 0.8869692626471175, 'I_gpi': 1.8538810129422474, 'noise_stn_sigma': 6.497829550791677, 'noise_gpe_sigma': 76.87040456121211, 'noise_gpi_sigma': 115.89085617708737, 'g_stn_gpe_mult': 2.0965928154301645, 'g_gpe_stn_mult': 0.6972436458551519, 'g_stn_gpi_mult': 3.566832369281928, 'g_gpe_gpi_mult': 0.8159113750844886}. Best is trial 916 with value: 0.4471713211720221.
[I 2026-05-28 03:37:09,899] Trial 954 finished with value: 2.915483110201468 and parameters: {'ISTN': 63.56895572808608, 'I_gpe': 0.9623547906440305, 'I_gpi': 1.9218458021560596, 'noise_stn_sigma': 7.187144298282322, 'noise_gpe_sigma': 72.5976223121593, 'noise_gpi_sigma': 120.36115184385093, 'g_stn_gpe_mult': 2.106325058523895, 'g_gpe_stn_mult': 0.6359658344720462, 'g_stn_gpi_mult': 3.4845980573875206, 'g_gpe_gpi_mult': 0.8208226535013912}. Best is trial 916 with value: 0.4471713211720221.
[I 2026-05-28 03:37:10,909] Trial 955 finished with value: 0.8892583476548912 and parameters: {'ISTN': 61.08449544586709, 'I_gpe': 0.9041628675872345, 'I_gpi': 2.0067576016326685, 'noise_stn_sigma': 6.692164807270897, 'noise_gpe_sigma': 75.73318553939981, 'noise_gpi_sigma': 115.22527104518774, 'g_stn_gpe_mult': 2.030904066614717, 'g_gpe_stn_mult': 0.6584831224200235, 'g_stn_gpi_mult': 3.5593695442390683, 'g_gpe_gpi_mult': 0.7622595426752399}. Best is trial 916 with value: 0.4471713211720221.
[I 2026-05-28 03:37:11,918] Trial 956 finished with value: 2.4987823179769433 and parameters: {'ISTN': 65.46532758805812, 'I_gpe': 0.8431833247862057, 'I_gpi': 1.8690623966071818, 'noise_stn_sigma': 7.293794913580448, 'noise_gpe_sigma': 75.89832917301817, 'noise_gpi_sigma': 117.99184881198195, 'g_stn_gpe_mult': 2.0463765533736744, 'g_gpe_stn_mult': 0.6637942172488196, 'g_stn_gpi_mult': 3.5811495669723183, 'g_gpe_gpi_mult': 0.8165966799610027}. Best is trial 916 with value: 0.4471713211720221.
[I 2026-05-28 03:37:12,925] Trial 957 finished with value: 2.6793584926333924 and parameters: {'ISTN': 61.43949671946191, 'I_gpe': 0.9356581309516474, 'I_gpi': 2.0203586383522665, 'noise_stn_sigma': 6.62556793940699, 'noise_gpe_sigma': 79.59064033579453, 'noise_gpi_sigma': 112.98934398549548, 'g_stn_gpe_mult': 2.1204707385688173, 'g_gpe_stn_mult': 0.7417843300853652, 'g_stn_gpi_mult': 3.6125481421028507, 'g_gpe_gpi_mult': 0.866328592082301}. Best is trial 916 with value: 0.4471713211720221.
[I 2026-05-28 03:37:13,930] Trial 958 finished with value: 0.9634351281887858 and parameters: {'ISTN': 64.85942560270925, 'I_gpe': 0.8684922817292673, 'I_gpi': 1.849602419375429, 'noise_stn_sigma': 7.237560460101559, 'noise_gpe_sigma': 75.54351145338515, 'noise_gpi_sigma': 124.2153604481242, 'g_stn_gpe_mult': 2.0212770952420573, 'g_gpe_stn_mult': 0.7205656594697623, 'g_stn_gpi_mult': 3.693733092437229, 'g_gpe_gpi_mult': 0.849381558404182}. Best is trial 916 with value: 0.4471713211720221.
[I 2026-05-28 03:37:14,937] Trial 959 finished with value: 5.333607440376222 and parameters: {'ISTN': 63.93286327527573, 'I_gpe': 0.7893880211125633, 'I_gpi': 2.003044249100277, 'noise_stn_sigma': 7.269069342483447, 'noise_gpe_sigma': 71.13234416972111, 'noise_gpi_sigma': 120.10637759368889, 'g_stn_gpe_mult': 2.133022499081329, 'g_gpe_stn_mult': 0.6820852772297946, 'g_stn_gpi_mult': 3.570376144946188, 'g_gpe_gpi_mult': 0.7672364889516736}. Best is trial 916 with value: 0.4471713211720221.
[I 2026-05-28 03:37:15,945] Trial 960 finished with value: 1.8004963805152367 and parameters: {'ISTN': 66.67908274392595, 'I_gpe': 0.95372821236786, 'I_gpi': 2.002484610573993, 'noise_stn_sigma': 6.86316922804234, 'noise_gpe_sigma': 67.63405977826153, 'noise_gpi_sigma': 125.58855802121931, 'g_stn_gpe_mult': 2.096491054152705, 'g_gpe_stn_mult': 0.6639722067722276, 'g_stn_gpi_mult': 3.3604843046741766, 'g_gpe_gpi_mult': 0.7821194705440058}. Best is trial 916 with value: 0.4471713211720221.
[I 2026-05-28 03:37:16,957] Trial 961 finished with value: 0.4522330475948946 and parameters: {'ISTN': 61.915175744176786, 'I_gpe': 0.9203791786189625, 'I_gpi': 1.790675481359125, 'noise_stn_sigma': 6.841122257821485, 'noise_gpe_sigma': 74.31577856192919, 'noise_gpi_sigma': 119.54668523154085, 'g_stn_gpe_mult': 1.94433280893919, 'g_gpe_stn_mult': 0.6804075168561451, 'g_stn_gpi_mult': 3.656016344819618, 'g_gpe_gpi_mult': 0.8364141523354645}. Best is trial 916 with value: 0.4471713211720221.
[I 2026-05-28 03:37:17,963] Trial 962 finished with value: 3.137749649303728 and parameters: {'ISTN': 60.356484244355656, 'I_gpe': 0.9214727077560356, 'I_gpi': 1.8478648154352817, 'noise_stn_sigma': 6.54595270237171, 'noise_gpe_sigma': 75.46718791716252, 'noise_gpi_sigma': 115.37082070805306, 'g_stn_gpe_mult': 2.1574508753120094, 'g_gpe_stn_mult': 0.7498198704690272, 'g_stn_gpi_mult': 3.594836252918523, 'g_gpe_gpi_mult': 0.8238211025281492}. Best is trial 916 with value: 0.4471713211720221.
[I 2026-05-28 03:37:18,971] Trial 963 finished with value: 8.528477866500781 and parameters: {'ISTN': 60.860379263621006, 'I_gpe': 0.9977050347593354, 'I_gpi': 1.9159374250260321, 'noise_stn_sigma': 6.704867633542779, 'noise_gpe_sigma': 72.10674319251652, 'noise_gpi_sigma': 117.54108352416652, 'g_stn_gpe_mult': 2.1880068401554444, 'g_gpe_stn_mult': 0.705329135296272, 'g_stn_gpi_mult': 3.530788671643975, 'g_gpe_gpi_mult': 0.780858694049271}. Best is trial 916 with value: 0.4471713211720221.
[I 2026-05-28 03:37:19,978] Trial 964 finished with value: 3.5865367199710994 and parameters: {'ISTN': 63.3644220738868, 'I_gpe': 0.7895964996842804, 'I_gpi': 1.9659377294479785, 'noise_stn_sigma': 6.510592380673095, 'noise_gpe_sigma': 76.2846502103723, 'noise_gpi_sigma': 116.95014311316237, 'g_stn_gpe_mult': 2.0037103911612952, 'g_gpe_stn_mult': 0.6747142842182406, 'g_stn_gpi_mult': 3.5719799773607575, 'g_gpe_gpi_mult': 0.8293710572220323}. Best is trial 916 with value: 0.4471713211720221.
[I 2026-05-28 03:37:20,984] Trial 965 finished with value: 2.459222542581211 and parameters: {'ISTN': 60.914662824117144, 'I_gpe': 0.9779809749509896, 'I_gpi': 1.9417362978361106, 'noise_stn_sigma': 6.113685503283492, 'noise_gpe_sigma': 77.89732327822713, 'noise_gpi_sigma': 110.15338536107313, 'g_stn_gpe_mult': 2.086257316493352, 'g_gpe_stn_mult': 0.7142079999177118, 'g_stn_gpi_mult': 3.42565895496121, 'g_gpe_gpi_mult': 0.8461023504996144}. Best is trial 916 with value: 0.4471713211720221.
[I 2026-05-28 03:37:21,993] Trial 966 finished with value: 1.9821210931407334 and parameters: {'ISTN': 65.01847412440476, 'I_gpe': 0.8851160584766398, 'I_gpi': 1.9225091674620676, 'noise_stn_sigma': 5.597069354928735, 'noise_gpe_sigma': 76.86388786135328, 'noise_gpi_sigma': 110.8559135552649, 'g_stn_gpe_mult': 2.04312376309771, 'g_gpe_stn_mult': 0.7423683316293022, 'g_stn_gpi_mult': 3.584723913302564, 'g_gpe_gpi_mult': 0.8225923362027519}. Best is trial 916 with value: 0.4471713211720221.
[I 2026-05-28 03:37:23,002] Trial 967 finished with value: 2.0097623249977614 and parameters: {'ISTN': 64.13050477300955, 'I_gpe': 0.930632900590753, 'I_gpi': 2.100822803128395, 'noise_stn_sigma': 6.478777803499865, 'noise_gpe_sigma': 72.73894807415601, 'noise_gpi_sigma': 120.66199357657037, 'g_stn_gpe_mult': 2.1379808886888703, 'g_gpe_stn_mult': 0.6786324349177619, 'g_stn_gpi_mult': 3.4751526141294056, 'g_gpe_gpi_mult': 0.7900670344173646}. Best is trial 916 with value: 0.4471713211720221.
