[I 2026-05-28 03:25:34,434] Trial 264 finished with value: 6.581327891574914 and parameters: {'ISTN': 67.30921820351149, 'I_gpe': 1.1609511427665262, 'I_gpi': 2.143909007923644, 'noise_stn_sigma': 3.8894505488206574, 'noise_gpe_sigma': 73.90333146034845, 'noise_gpi_sigma': 76.34897925206906, 'g_stn_gpe_mult': 2.3608404745458422, 'g_gpe_stn_mult': 0.5542576477690684, 'g_stn_gpi_mult': 3.047887744437961, 'g_gpe_gpi_mult': 0.8395481111556966}. Best is trial 215 with value: 0.6300162530717475.
[I 2026-05-28 03:25:35,444] Trial 265 finished with value: 12.99014837216824 and parameters: {'ISTN': 67.48272643679329, 'I_gpe': 0.8414760653921154, 'I_gpi': 1.8948061455315508, 'noise_stn_sigma': 3.8139008064656, 'noise_gpe_sigma': 72.1293319591573, 'noise_gpi_sigma': 80.21649268642966, 'g_stn_gpe_mult': 1.9609280018056716, 'g_gpe_stn_mult': 0.5059426882458851, 'g_stn_gpi_mult': 3.1974619046035455, 'g_gpe_gpi_mult': 1.0410117325949297}. Best is trial 215 with value: 0.6300162530717475.
[I 2026-05-28 03:25:36,451] Trial 266 finished with value: 5.136407103012362 and parameters: {'ISTN': 67.10244080348221, 'I_gpe': 0.8608796497294665, 'I_gpi': 1.6995716599336257, 'noise_stn_sigma': 3.573471411947327, 'noise_gpe_sigma': 72.75010717544072, 'noise_gpi_sigma': 79.79500914561307, 'g_stn_gpe_mult': 2.314241212044319, 'g_gpe_stn_mult': 0.43440008070873626, 'g_stn_gpi_mult': 2.91775672975066, 'g_gpe_gpi_mult': 0.808201432867464}. Best is trial 215 with value: 0.6300162530717475.
[I 2026-05-28 03:25:37,458] Trial 267 finished with value: 8.198457625010098 and parameters: {'ISTN': 69.32376186147738, 'I_gpe': 0.7863995243521749, 'I_gpi': 2.1217179312258763, 'noise_stn_sigma': 4.114976287410064, 'noise_gpe_sigma': 77.50610983141866, 'noise_gpi_sigma': 65.69135124949024, 'g_stn_gpe_mult': 2.0801710355876506, 'g_gpe_stn_mult': 0.519822151922801, 'g_stn_gpi_mult': 3.3424765487421855, 'g_gpe_gpi_mult': 1.0008499910126356}. Best is trial 215 with value: 0.6300162530717475.
[I 2026-05-28 03:25:38,466] Trial 268 finished with value: 10.66029329408834 and parameters: {'ISTN': 68.22753052775255, 'I_gpe': 0.7720711226090463, 'I_gpi': 1.593858952156446, 'noise_stn_sigma': 3.709353718118705, 'noise_gpe_sigma': 78.9118373320766, 'noise_gpi_sigma': 73.01066404593675, 'g_stn_gpe_mult': 2.339470289217884, 'g_gpe_stn_mult': 0.5321213984887867, 'g_stn_gpi_mult': 2.883801465584825, 'g_gpe_gpi_mult': 0.8523400803588159}. Best is trial 215 with value: 0.6300162530717475.
[I 2026-05-28 03:25:39,474] Trial 269 finished with value: 9.339875060377066 and parameters: {'ISTN': 72.94300501565594, 'I_gpe': 0.5725623361181512, 'I_gpi': 1.8958951843587974, 'noise_stn_sigma': 4.114839946778792, 'noise_gpe_sigma': 75.71784205997034, 'noise_gpi_sigma': 65.62781881111587, 'g_stn_gpe_mult': 2.23441330046243, 'g_gpe_stn_mult': 0.5020935032188626, 'g_stn_gpi_mult': 3.0844638012156302, 'g_gpe_gpi_mult': 0.9410903172746767}. Best is trial 215 with value: 0.6300162530717475.
[I 2026-05-28 03:25:40,482] Trial 270 finished with value: 8.393765399946876 and parameters: {'ISTN': 75.97839500044407, 'I_gpe': 0.7296594812548418, 'I_gpi': 1.738664931041138, 'noise_stn_sigma': 3.429881406960905, 'noise_gpe_sigma': 79.17160343123496, 'noise_gpi_sigma': 76.0983830074341, 'g_stn_gpe_mult': 2.1012864128376085, 'g_gpe_stn_mult': 0.5815151023084899, 'g_stn_gpi_mult': 2.998006497744864, 'g_gpe_gpi_mult': 0.7742463288609751}. Best is trial 215 with value: 0.6300162530717475.
[I 2026-05-28 03:25:41,491] Trial 271 finished with value: 5.071350519893901 and parameters: {'ISTN': 71.41047842290826, 'I_gpe': 0.7568251913999386, 'I_gpi': 1.756382519412569, 'noise_stn_sigma': 4.1211122831999125, 'noise_gpe_sigma': 88.32297175553893, 'noise_gpi_sigma': 82.1510734566551, 'g_stn_gpe_mult': 2.0522227738111276, 'g_gpe_stn_mult': 0.48207927477936885, 'g_stn_gpi_mult': 3.093644117097538, 'g_gpe_gpi_mult': 0.982374677182889}. Best is trial 215 with value: 0.6300162530717475.
[I 2026-05-28 03:25:42,498] Trial 272 finished with value: 10.25939010645699 and parameters: {'ISTN': 73.44623387282519, 'I_gpe': 0.9778556539658579, 'I_gpi': 1.852251064749392, 'noise_stn_sigma': 3.2869381051835647, 'noise_gpe_sigma': 87.62633991570127, 'noise_gpi_sigma': 81.48102561085787, 'g_stn_gpe_mult': 2.0175705618589075, 'g_gpe_stn_mult': 0.5898610348462126, 'g_stn_gpi_mult': 3.0874943572834765, 'g_gpe_gpi_mult': 0.7900825049425315}. Best is trial 215 with value: 0.6300162530717475.
[I 2026-05-28 03:25:43,505] Trial 273 finished with value: 7.269864295499222 and parameters: {'ISTN': 69.44967568689788, 'I_gpe': 0.5970500212408749, 'I_gpi': 2.2412401873811243, 'noise_stn_sigma': 3.706232566078896, 'noise_gpe_sigma': 84.78147630843318, 'noise_gpi_sigma': 83.04333937114905, 'g_stn_gpe_mult': 2.150420469939188, 'g_gpe_stn_mult': 0.5383739377428082, 'g_stn_gpi_mult': 2.373379096040553, 'g_gpe_gpi_mult': 0.8588993070925757}. Best is trial 215 with value: 0.6300162530717475.
[I 2026-05-28 03:25:44,514] Trial 274 finished with value: 10.358671883169968 and parameters: {'ISTN': 64.94767496523897, 'I_gpe': 0.6732148620051435, 'I_gpi': 1.9586504211200109, 'noise_stn_sigma': 3.991045955279247, 'noise_gpe_sigma': 74.77084134911655, 'noise_gpi_sigma': 81.68744192687743, 'g_stn_gpe_mult': 2.0861757763110758, 'g_gpe_stn_mult': 0.49735544541255305, 'g_stn_gpi_mult': 3.056232796112559, 'g_gpe_gpi_mult': 0.9778362524102484}. Best is trial 215 with value: 0.6300162530717475.
[I 2026-05-28 03:25:45,520] Trial 275 finished with value: 8.448193686958641 and parameters: {'ISTN': 69.91759250691884, 'I_gpe': 0.7345534463889593, 'I_gpi': 1.8328583342398295, 'noise_stn_sigma': 3.9476856500380046, 'noise_gpe_sigma': 82.92477719576647, 'noise_gpi_sigma': 93.14420095006278, 'g_stn_gpe_mult': 1.7927158404804344, 'g_gpe_stn_mult': 0.5553446155346856, 'g_stn_gpi_mult': 3.0591495025881974, 'g_gpe_gpi_mult': 0.8287904788054647}. Best is trial 215 with value: 0.6300162530717475.
[I 2026-05-28 03:25:46,528] Trial 276 finished with value: 2.6960815477785753 and parameters: {'ISTN': 74.06828510328658, 'I_gpe': 0.7245334627678055, 'I_gpi': 2.066212103401157, 'noise_stn_sigma': 4.179625617530135, 'noise_gpe_sigma': 91.07289375540707, 'noise_gpi_sigma': 74.83112309405936, 'g_stn_gpe_mult': 1.9582107209006039, 'g_gpe_stn_mult': 0.48476797092230184, 'g_stn_gpi_mult': 2.815354373861586, 'g_gpe_gpi_mult': 0.9130042593890582}. Best is trial 215 with value: 0.6300162530717475.
[I 2026-05-28 03:25:47,538] Trial 277 finished with value: 12.602180682321785 and parameters: {'ISTN': 69.86746042423016, 'I_gpe': 0.8893993332849555, 'I_gpi': 1.5779329722240578, 'noise_stn_sigma': 3.8310636842856747, 'noise_gpe_sigma': 71.85853074991016, 'noise_gpi_sigma': 74.42957165226738, 'g_stn_gpe_mult': 2.3574224055742174, 'g_gpe_stn_mult': 0.49189756153278674, 'g_stn_gpi_mult': 3.094406407652685, 'g_gpe_gpi_mult': 0.8551365008077749}. Best is trial 215 with value: 0.6300162530717475.
[I 2026-05-28 03:25:48,546] Trial 278 finished with value: 10.534912917271521 and parameters: {'ISTN': 70.06573228937017, 'I_gpe': 0.9156698466348844, 'I_gpi': 1.709970712757968, 'noise_stn_sigma': 4.319343861254907, 'noise_gpe_sigma': 84.39123108726783, 'noise_gpi_sigma': 84.91063468580805, 'g_stn_gpe_mult': 1.9994970931961875, 'g_gpe_stn_mult': 0.5499994996434379, 'g_stn_gpi_mult': 3.0619246553297703, 'g_gpe_gpi_mult': 0.9003429877357458}. Best is trial 215 with value: 0.6300162530717475.
[I 2026-05-28 03:25:49,555] Trial 279 finished with value: 7.838925484546666 and parameters: {'ISTN': 71.55376143007658, 'I_gpe': 1.1204254507929723, 'I_gpi': 1.4421676100349565, 'noise_stn_sigma': 3.5746263245100436, 'noise_gpe_sigma': 89.88659950847287, 'noise_gpi_sigma': 92.76152355638014, 'g_stn_gpe_mult': 2.4707186596009594, 'g_gpe_stn_mult': 0.6674904402316872, 'g_stn_gpi_mult': 3.3820351766189676, 'g_gpe_gpi_mult': 0.813965517482673}. Best is trial 215 with value: 0.6300162530717475.
[I 2026-05-28 03:25:50,564] Trial 280 finished with value: 4.756431462198107 and parameters: {'ISTN': 70.5610114842482, 'I_gpe': 0.8131708659810417, 'I_gpi': 1.4851019594891586, 'noise_stn_sigma': 3.2353819307000924, 'noise_gpe_sigma': 68.29288684740129, 'noise_gpi_sigma': 90.90680194087696, 'g_stn_gpe_mult': 2.0374445309004052, 'g_gpe_stn_mult': 0.60929927764146, 'g_stn_gpi_mult': 3.0159879982908677, 'g_gpe_gpi_mult': 0.8890218500221305}. Best is trial 215 with value: 0.6300162530717475.
[I 2026-05-28 03:25:51,571] Trial 281 finished with value: 7.729354854671721 and parameters: {'ISTN': 71.66461028572022, 'I_gpe': 0.7139797329896536, 'I_gpi': 1.57849345892861, 'noise_stn_sigma': 3.32074131644122, 'noise_gpe_sigma': 86.76527252153065, 'noise_gpi_sigma': 85.01430618617358, 'g_stn_gpe_mult': 1.9725534322240579, 'g_gpe_stn_mult': 0.49349519812416254, 'g_stn_gpi_mult': 2.901294813627768, 'g_gpe_gpi_mult': 0.9446605757241076}. Best is trial 215 with value: 0.6300162530717475.
[I 2026-05-28 03:25:52,579] Trial 282 finished with value: 7.923091351007895 and parameters: {'ISTN': 75.97078960080326, 'I_gpe': 0.7056574490415657, 'I_gpi': 1.929616271934652, 'noise_stn_sigma': 3.844970321466307, 'noise_gpe_sigma': 77.76630803430115, 'noise_gpi_sigma': 78.67294951845138, 'g_stn_gpe_mult': 2.1949342510370506, 'g_gpe_stn_mult': 0.5426655680679418, 'g_stn_gpi_mult': 2.8672572861449854, 'g_gpe_gpi_mult': 1.0078035285760552}. Best is trial 215 with value: 0.6300162530717475.
[I 2026-05-28 03:25:53,585] Trial 283 finished with value: 11.141296981014527 and parameters: {'ISTN': 68.6085008662447, 'I_gpe': 0.9404256335223332, 'I_gpi': 2.051770427559541, 'noise_stn_sigma': 4.0009552298671665, 'noise_gpe_sigma': 87.57813618261144, 'noise_gpi_sigma': 84.65544725200856, 'g_stn_gpe_mult': 1.9039488719631843, 'g_gpe_stn_mult': 0.4907553027871844, 'g_stn_gpi_mult': 2.8414724852710997, 'g_gpe_gpi_mult': 0.8915865819748499}. Best is trial 215 with value: 0.6300162530717475.
[I 2026-05-28 03:25:54,591] Trial 284 finished with value: 9.631349218060256 and parameters: {'ISTN': 74.41646917204905, 'I_gpe': 0.7966209277514931, 'I_gpi': 1.8881611338800677, 'noise_stn_sigma': 4.23105827609975, 'noise_gpe_sigma': 74.33422505104619, 'noise_gpi_sigma': 83.72467067899198, 'g_stn_gpe_mult': 2.0917800268344524, 'g_gpe_stn_mult': 0.5608682275312806, 'g_stn_gpi_mult': 2.908564263818741, 'g_gpe_gpi_mult': 0.9375102704164686}. Best is trial 215 with value: 0.6300162530717475.
[I 2026-05-28 03:25:55,598] Trial 285 finished with value: 13.310663462298965 and parameters: {'ISTN': 71.40489050642847, 'I_gpe': 1.0541083190640714, 'I_gpi': 1.7760641714055372, 'noise_stn_sigma': 3.760152213307738, 'noise_gpe_sigma': 82.99962363185249, 'noise_gpi_sigma': 78.69202438809376, 'g_stn_gpe_mult': 1.9804552561895128, 'g_gpe_stn_mult': 0.49497125889837235, 'g_stn_gpi_mult': 2.7915204850827515, 'g_gpe_gpi_mult': 1.0189500348871467}. Best is trial 215 with value: 0.6300162530717475.
[I 2026-05-28 03:25:56,605] Trial 286 finished with value: 12.91676927308673 and parameters: {'ISTN': 69.39277057440813, 'I_gpe': 0.5370174512490978, 'I_gpi': 1.9408153183163537, 'noise_stn_sigma': 3.803820011432885, 'noise_gpe_sigma': 71.79335343524181, 'noise_gpi_sigma': 89.77403114010862, 'g_stn_gpe_mult': 1.9623087728032342, 'g_gpe_stn_mult': 0.5706246993965816, 'g_stn_gpi_mult': 3.0145877285978613, 'g_gpe_gpi_mult': 0.8229666366952}. Best is trial 215 with value: 0.6300162530717475.
[I 2026-05-28 03:25:57,611] Trial 287 finished with value: 11.484374244449421 and parameters: {'ISTN': 74.14550714986154, 'I_gpe': 0.6787331558347898, 'I_gpi': 1.5142296122810166, 'noise_stn_sigma': 3.857954515333826, 'noise_gpe_sigma': 85.68903668759224, 'noise_gpi_sigma': 82.0105909752024, 'g_stn_gpe_mult': 1.9821523155541354, 'g_gpe_stn_mult': 0.5386434501557141, 'g_stn_gpi_mult': 2.753858829883944, 'g_gpe_gpi_mult': 0.9902746088686718}. Best is trial 215 with value: 0.6300162530717475.
[I 2026-05-28 03:25:58,620] Trial 288 finished with value: 9.321465979086522 and parameters: {'ISTN': 77.20252969603233, 'I_gpe': 1.0350391807262256, 'I_gpi': 1.5002679904434064, 'noise_stn_sigma': 3.3723355817355904, 'noise_gpe_sigma': 72.33683860950404, 'noise_gpi_sigma': 70.23026940481449, 'g_stn_gpe_mult': 1.6246142576939693, 'g_gpe_stn_mult': 0.5786233415215148, 'g_stn_gpi_mult': 2.860256419970038, 'g_gpe_gpi_mult': 0.7900951771015383}. Best is trial 215 with value: 0.6300162530717475.
[I 2026-05-28 03:25:59,630] Trial 289 finished with value: 6.379608890353294 and parameters: {'ISTN': 76.76360534551863, 'I_gpe': 0.8118903096086869, 'I_gpi': 1.251962217249802, 'noise_stn_sigma': 3.073967099556723, 'noise_gpe_sigma': 89.78620161504111, 'noise_gpi_sigma': 98.6234604535333, 'g_stn_gpe_mult': 2.0942612983135946, 'g_gpe_stn_mult': 0.6358513366955933, 'g_stn_gpi_mult': 3.119365767787439, 'g_gpe_gpi_mult': 0.8767285066291892}. Best is trial 215 with value: 0.6300162530717475.
[I 2026-05-28 03:26:00,639] Trial 290 finished with value: 13.276193786366841 and parameters: {'ISTN': 70.99174911920841, 'I_gpe': 1.1038636250150116, 'I_gpi': 1.669042158948019, 'noise_stn_sigma': 4.156952901181091, 'noise_gpe_sigma': 77.63449185982788, 'noise_gpi_sigma': 77.94274580438585, 'g_stn_gpe_mult': 2.485401424074527, 'g_gpe_stn_mult': 0.5356632711458148, 'g_stn_gpi_mult': 2.9377000779638887, 'g_gpe_gpi_mult': 0.9850057852982377}. Best is trial 215 with value: 0.6300162530717475.
[I 2026-05-28 03:26:01,650] Trial 291 finished with value: 10.83762612555655 and parameters: {'ISTN': 74.79820135706528, 'I_gpe': 0.6303967664442889, 'I_gpi': 1.5724817789746588, 'noise_stn_sigma': 3.5549022613472556, 'noise_gpe_sigma': 80.80123487207996, 'noise_gpi_sigma': 90.22657364715263, 'g_stn_gpe_mult': 1.8478349904271965, 'g_gpe_stn_mult': 0.5280793591731384, 'g_stn_gpi_mult': 2.9712894217756705, 'g_gpe_gpi_mult': 0.8992518437892081}. Best is trial 215 with value: 0.6300162530717475.
[I 2026-05-28 03:26:02,654] Trial 292 finished with value: 3.5612820188165566 and parameters: {'ISTN': 71.04073601200386, 'I_gpe': 0.7383688156430418, 'I_gpi': 1.54120845203992, 'noise_stn_sigma': 3.7184754815427183, 'noise_gpe_sigma': 85.4861766549065, 'noise_gpi_sigma': 82.50526567562551, 'g_stn_gpe_mult': 2.305617652080266, 'g_gpe_stn_mult': 0.6055141078570779, 'g_stn_gpi_mult': 2.8290281446325696, 'g_gpe_gpi_mult': 1.0028568930348525}. Best is trial 215 with value: 0.6300162530717475.
[I 2026-05-28 03:26:03,663] Trial 293 finished with value: 13.211566636981956 and parameters: {'ISTN': 83.69664156072267, 'I_gpe': 1.0621929559115206, 'I_gpi': 1.255038445030269, 'noise_stn_sigma': 2.7685099666760724, 'noise_gpe_sigma': 86.72594772280024, 'noise_gpi_sigma': 87.8801988338567, 'g_stn_gpe_mult': 1.9461634652040012, 'g_gpe_stn_mult': 0.6743441639595963, 'g_stn_gpi_mult': 3.637609253684124, 'g_gpe_gpi_mult': 0.8754699605654319}. Best is trial 215 with value: 0.6300162530717475.
[I 2026-05-28 03:26:04,670] Trial 294 finished with value: 14.443957606359715 and parameters: {'ISTN': 75.84930562226796, 'I_gpe': 1.0586440381170008, 'I_gpi': 1.658167718826118, 'noise_stn_sigma': 3.693561932974432, 'noise_gpe_sigma': 78.77418156978496, 'noise_gpi_sigma': 76.42297652250767, 'g_stn_gpe_mult': 1.9546490631336757, 'g_gpe_stn_mult': 0.5623144599541329, 'g_stn_gpi_mult': 2.906115691704843, 'g_gpe_gpi_mult': 0.9971825629470619}. Best is trial 215 with value: 0.6300162530717475.
[I 2026-05-28 03:26:05,676] Trial 295 finished with value: 8.488058848814626 and parameters: {'ISTN': 70.1908027851883, 'I_gpe': 0.643268307448143, 'I_gpi': 1.212419429082619, 'noise_stn_sigma': 3.082166480031653, 'noise_gpe_sigma': 94.65157924581014, 'noise_gpi_sigma': 95.06984514569187, 'g_stn_gpe_mult': 2.0329779866465265, 'g_gpe_stn_mult': 0.5898065693818688, 'g_stn_gpi_mult': 2.987059456786198, 'g_gpe_gpi_mult': 0.9430436629540613}. Best is trial 215 with value: 0.6300162530717475.
[I 2026-05-28 03:26:06,682] Trial 296 finished with value: 12.541346364195192 and parameters: {'ISTN': 74.17022182543494, 'I_gpe': 0.9951127423878662, 'I_gpi': 1.0289733586829781, 'noise_stn_sigma': 3.247033444943782, 'noise_gpe_sigma': 90.1810582935048, 'noise_gpi_sigma': 86.18897332161737, 'g_stn_gpe_mult': 2.1943928851615797, 'g_gpe_stn_mult': 0.6583944309897326, 'g_stn_gpi_mult': 3.002101504946757, 'g_gpe_gpi_mult': 0.949551361336072}. Best is trial 215 with value: 0.6300162530717475.
[I 2026-05-28 03:26:07,690] Trial 297 finished with value: 10.50380599932901 and parameters: {'ISTN': 72.97237717271915, 'I_gpe': 0.566292462745376, 'I_gpi': 1.7358162065090272, 'noise_stn_sigma': 3.0202567511655984, 'noise_gpe_sigma': 85.18139891150567, 'noise_gpi_sigma': 77.15530771706989, 'g_stn_gpe_mult': 2.042582983794526, 'g_gpe_stn_mult': 0.4818614897415674, 'g_stn_gpi_mult': 2.925961329532344, 'g_gpe_gpi_mult': 0.8950332386317641}. Best is trial 215 with value: 0.6300162530717475.
[I 2026-05-28 03:26:08,696] Trial 298 finished with value: 10.146535081147501 and parameters: {'ISTN': 78.78631078172913, 'I_gpe': 0.6122248032946702, 'I_gpi': 1.4185924751499088, 'noise_stn_sigma': 3.3851894804294256, 'noise_gpe_sigma': 84.41760806835102, 'noise_gpi_sigma': 95.93288150044505, 'g_stn_gpe_mult': 1.6763205807664312, 'g_gpe_stn_mult': 0.6177178501548941, 'g_stn_gpi_mult': 2.990230826125254, 'g_gpe_gpi_mult': 0.8473543584935734}. Best is trial 215 with value: 0.6300162530717475.
[I 2026-05-28 03:26:09,704] Trial 299 finished with value: 8.70318577457591 and parameters: {'ISTN': 72.40347265008279, 'I_gpe': 0.8573217568140631, 'I_gpi': 1.7107034926729363, 'noise_stn_sigma': 3.356600611334337, 'noise_gpe_sigma': 90.0770084150428, 'noise_gpi_sigma': 93.61459674406429, 'g_stn_gpe_mult': 2.360010609530596, 'g_gpe_stn_mult': 0.5445468729367042, 'g_stn_gpi_mult': 3.071667060558032, 'g_gpe_gpi_mult': 0.9612875427037839}. Best is trial 215 with value: 0.6300162530717475.
[I 2026-05-28 03:26:10,710] Trial 300 finished with value: 10.32461069543652 and parameters: {'ISTN': 78.34723769273398, 'I_gpe': 0.6543927656003931, 'I_gpi': 1.3292587682981323, 'noise_stn_sigma': 2.507758020530164, 'noise_gpe_sigma': 76.63231961153167, 'noise_gpi_sigma': 91.37907377183042, 'g_stn_gpe_mult': 1.9635446421010212, 'g_gpe_stn_mult': 0.6247898593780508, 'g_stn_gpi_mult': 2.8675590671239535, 'g_gpe_gpi_mult': 0.8125847791146183}. Best is trial 215 with value: 0.6300162530717475.
[I 2026-05-28 03:26:11,717] Trial 301 finished with value: 11.246946962311245 and parameters: {'ISTN': 73.39201184329042, 'I_gpe': 0.6022789023584375, 'I_gpi': 1.9561262858374995, 'noise_stn_sigma': 3.851772114161201, 'noise_gpe_sigma': 95.52795899267056, 'noise_gpi_sigma': 83.37095192599787, 'g_stn_gpe_mult': 1.887440867874944, 'g_gpe_stn_mult': 0.461333279616986, 'g_stn_gpi_mult': 2.8777761138306825, 'g_gpe_gpi_mult': 0.9529108393180108}. Best is trial 215 with value: 0.6300162530717475.
[I 2026-05-28 03:26:12,724] Trial 302 finished with value: 5.588364320304482 and parameters: {'ISTN': 78.05013460495232, 'I_gpe': 0.8593609540986301, 'I_gpi': 1.1912381544372477, 'noise_stn_sigma': 3.7464319892062443, 'noise_gpe_sigma': 73.41903876388423, 'noise_gpi_sigma': 88.34321440286378, 'g_stn_gpe_mult': 2.2775342261593163, 'g_gpe_stn_mult': 0.6013747875611374, 'g_stn_gpi_mult': 3.0953763031477237, 'g_gpe_gpi_mult': 0.9392736997460138}. Best is trial 215 with value: 0.6300162530717475.
[I 2026-05-28 03:26:13,732] Trial 303 finished with value: 10.554631000171353 and parameters: {'ISTN': 67.8564022144084, 'I_gpe': 0.7791725343110859, 'I_gpi': 1.3367616279884982, 'noise_stn_sigma': 3.6328953699609023, 'noise_gpe_sigma': 99.46113378788685, 'noise_gpi_sigma': 85.98079577807245, 'g_stn_gpe_mult': 2.128796656079834, 'g_gpe_stn_mult': 0.5750498278685737, 'g_stn_gpi_mult': 2.6536781685452815, 'g_gpe_gpi_mult': 1.1035096731412932}. Best is trial 215 with value: 0.6300162530717475.
[I 2026-05-28 03:26:14,741] Trial 304 finished with value: 8.373521064389665 and parameters: {'ISTN': 74.16476985677312, 'I_gpe': 0.8067623436723558, 'I_gpi': 1.5145669541273181, 'noise_stn_sigma': 4.176390817304194, 'noise_gpe_sigma': 96.71235206223494, 'noise_gpi_sigma': 99.0211709773795, 'g_stn_gpe_mult': 2.228571069981128, 'g_gpe_stn_mult': 0.5468602661955786, 'g_stn_gpi_mult': 3.2137454581061697, 'g_gpe_gpi_mult': 0.964400917657583}. Best is trial 215 with value: 0.6300162530717475.
[I 2026-05-28 03:26:15,747] Trial 305 finished with value: 10.599453062328838 and parameters: {'ISTN': 70.49754591367704, 'I_gpe': 0.8148471377660365, 'I_gpi': 1.2389544003178825, 'noise_stn_sigma': 3.6011741617738, 'noise_gpe_sigma': 89.97063703213306, 'noise_gpi_sigma': 72.06168909764324, 'g_stn_gpe_mult': 2.4613284322365976, 'g_gpe_stn_mult': 0.5642204849230229, 'g_stn_gpi_mult': 3.182812384061492, 'g_gpe_gpi_mult': 0.9454210646899213}. Best is trial 215 with value: 0.6300162530717475.
[I 2026-05-28 03:26:16,755] Trial 306 finished with value: 8.171950865366046 and parameters: {'ISTN': 75.23668793008157, 'I_gpe': 0.7425683118193181, 'I_gpi': 1.5046573944649921, 'noise_stn_sigma': 3.843150509350356, 'noise_gpe_sigma': 87.61063693618995, 'noise_gpi_sigma': 85.68605780995199, 'g_stn_gpe_mult': 2.2106583596886225, 'g_gpe_stn_mult': 0.6400045791440682, 'g_stn_gpi_mult': 3.085582431699717, 'g_gpe_gpi_mult': 0.9333848421316366}. Best is trial 215 with value: 0.6300162530717475.
[I 2026-05-28 03:26:17,763] Trial 307 finished with value: 10.055373085024213 and parameters: {'ISTN': 76.66228046304961, 'I_gpe': 0.6314590556808987, 'I_gpi': 1.2947212465566604, 'noise_stn_sigma': 3.3432301124130297, 'noise_gpe_sigma': 87.79078623103966, 'noise_gpi_sigma': 94.41289908236122, 'g_stn_gpe_mult': 1.847816248214368, 'g_gpe_stn_mult': 0.5121340302272349, 'g_stn_gpi_mult': 2.956644303878801, 'g_gpe_gpi_mult': 0.9243384581772429}. Best is trial 215 with value: 0.6300162530717475.
