[I 2026-05-28 03:32:57,861] Trial 704 finished with value: 9.170581730596163 and parameters: {'ISTN': 64.55368491430585, 'I_gpe': 1.0620183017125377, 'I_gpi': 1.7306395309233231, 'noise_stn_sigma': 6.924889499367129, 'noise_gpe_sigma': 65.63698056992445, 'noise_gpi_sigma': 134.36819649495257, 'g_stn_gpe_mult': 2.086639202484738, 'g_gpe_stn_mult': 0.7126720950363358, 'g_stn_gpi_mult': 3.7956912268834655, 'g_gpe_gpi_mult': 0.8718765487737037}. Best is trial 410 with value: 0.4608635463245284.
[I 2026-05-28 03:32:58,870] Trial 705 finished with value: 1.3717013825923718 and parameters: {'ISTN': 71.93997030754964, 'I_gpe': 0.8771167926217556, 'I_gpi': 1.9814275261608794, 'noise_stn_sigma': 6.0536488073596, 'noise_gpe_sigma': 71.65465229695387, 'noise_gpi_sigma': 126.93183247612514, 'g_stn_gpe_mult': 2.087619905418132, 'g_gpe_stn_mult': 0.6959123306627587, 'g_stn_gpi_mult': 3.5688136124865073, 'g_gpe_gpi_mult': 0.7838104976919202}. Best is trial 410 with value: 0.4608635463245284.
[I 2026-05-28 03:32:59,878] Trial 706 finished with value: 5.780627751351905 and parameters: {'ISTN': 67.89465171431759, 'I_gpe': 0.8952466017831231, 'I_gpi': 1.8528353968317233, 'noise_stn_sigma': 6.261827471524565, 'noise_gpe_sigma': 71.8304351806572, 'noise_gpi_sigma': 127.58611024980308, 'g_stn_gpe_mult': 2.1039093269636746, 'g_gpe_stn_mult': 0.638945237274857, 'g_stn_gpi_mult': 3.756570525292677, 'g_gpe_gpi_mult': 0.8464313495090281}. Best is trial 410 with value: 0.4608635463245284.
[I 2026-05-28 03:33:00,885] Trial 707 finished with value: 6.9685714359205715 and parameters: {'ISTN': 67.62191496183176, 'I_gpe': 0.961329815124166, 'I_gpi': 1.7721260655212308, 'noise_stn_sigma': 7.3998996662130825, 'noise_gpe_sigma': 72.10825225187833, 'noise_gpi_sigma': 134.175208302254, 'g_stn_gpe_mult': 1.9977773784821813, 'g_gpe_stn_mult': 0.6790517204776512, 'g_stn_gpi_mult': 3.7139473011497244, 'g_gpe_gpi_mult': 0.8629859348001399}. Best is trial 410 with value: 0.4608635463245284.
[I 2026-05-28 03:33:01,894] Trial 708 finished with value: 2.5764945895442453 and parameters: {'ISTN': 69.92404618493612, 'I_gpe': 0.6899294257239271, 'I_gpi': 1.975374269044012, 'noise_stn_sigma': 6.744184463134198, 'noise_gpe_sigma': 70.61324156494094, 'noise_gpi_sigma': 149.0130784429654, 'g_stn_gpe_mult': 2.064876600494746, 'g_gpe_stn_mult': 0.66489707942587, 'g_stn_gpi_mult': 3.6795759215738073, 'g_gpe_gpi_mult': 0.8246472479264333}. Best is trial 410 with value: 0.4608635463245284.
[I 2026-05-28 03:33:02,902] Trial 709 finished with value: 1.3127723780169638 and parameters: {'ISTN': 70.2128857613933, 'I_gpe': 0.7371145948836431, 'I_gpi': 1.583253698264841, 'noise_stn_sigma': 5.989006520658453, 'noise_gpe_sigma': 77.01389624944305, 'noise_gpi_sigma': 126.82693745107086, 'g_stn_gpe_mult': 2.2179181574369857, 'g_gpe_stn_mult': 0.6618875770700848, 'g_stn_gpi_mult': 3.6353941822407223, 'g_gpe_gpi_mult': 0.8334295515571075}. Best is trial 410 with value: 0.4608635463245284.
[I 2026-05-28 03:33:03,913] Trial 710 finished with value: 2.5981774866544676 and parameters: {'ISTN': 75.80103450201892, 'I_gpe': 0.7702730128090287, 'I_gpi': 1.7507658021849852, 'noise_stn_sigma': 6.512319151552173, 'noise_gpe_sigma': 72.66337062773474, 'noise_gpi_sigma': 136.22019354599948, 'g_stn_gpe_mult': 2.4175652661580167, 'g_gpe_stn_mult': 0.7180920867381675, 'g_stn_gpi_mult': 3.6514421573806572, 'g_gpe_gpi_mult': 0.771120607091125}. Best is trial 410 with value: 0.4608635463245284.
[I 2026-05-28 03:33:04,923] Trial 711 finished with value: 2.913734819968558 and parameters: {'ISTN': 72.42844827220273, 'I_gpe': 0.8147336360780982, 'I_gpi': 1.5896651866800946, 'noise_stn_sigma': 5.462443620071699, 'noise_gpe_sigma': 67.72160799550775, 'noise_gpi_sigma': 126.17560526301813, 'g_stn_gpe_mult': 2.242844485185505, 'g_gpe_stn_mult': 0.727812065591129, 'g_stn_gpi_mult': 3.8158510662073035, 'g_gpe_gpi_mult': 0.7522799929869586}. Best is trial 410 with value: 0.4608635463245284.
[I 2026-05-28 03:33:05,930] Trial 712 finished with value: 7.036807446945722 and parameters: {'ISTN': 67.50117902918703, 'I_gpe': 0.7690161732259548, 'I_gpi': 2.233084860619979, 'noise_stn_sigma': 5.940814182900066, 'noise_gpe_sigma': 70.96724089230281, 'noise_gpi_sigma': 117.50369262022296, 'g_stn_gpe_mult': 2.2012290690083285, 'g_gpe_stn_mult': 0.6596454570017295, 'g_stn_gpi_mult': 3.4761398487455843, 'g_gpe_gpi_mult': 0.8562798526576496}. Best is trial 410 with value: 0.4608635463245284.
[I 2026-05-28 03:33:06,940] Trial 713 finished with value: 1.9364613677052902 and parameters: {'ISTN': 68.2625012969414, 'I_gpe': 0.9271272391959066, 'I_gpi': 1.8288578699254434, 'noise_stn_sigma': 6.381854062552931, 'noise_gpe_sigma': 66.75234178501012, 'noise_gpi_sigma': 133.63167378044506, 'g_stn_gpe_mult': 2.007642283961294, 'g_gpe_stn_mult': 0.6947374536565892, 'g_stn_gpi_mult': 3.7952080552597285, 'g_gpe_gpi_mult': 0.8206200858927262}. Best is trial 410 with value: 0.4608635463245284.
[I 2026-05-28 03:33:07,949] Trial 714 finished with value: 4.560541551776743 and parameters: {'ISTN': 67.09650327318701, 'I_gpe': 0.8579185117707171, 'I_gpi': 1.7282519759304198, 'noise_stn_sigma': 6.044364694222416, 'noise_gpe_sigma': 70.01803495095426, 'noise_gpi_sigma': 125.63884802979888, 'g_stn_gpe_mult': 2.2847561362584194, 'g_gpe_stn_mult': 0.684983041637884, 'g_stn_gpi_mult': 3.670183990010869, 'g_gpe_gpi_mult': 0.8433745620160404}. Best is trial 410 with value: 0.4608635463245284.
[I 2026-05-28 03:33:08,958] Trial 715 finished with value: 4.45193232612308 and parameters: {'ISTN': 71.44038633676547, 'I_gpe': 0.803880736992646, 'I_gpi': 1.9503252839079501, 'noise_stn_sigma': 6.341160878998989, 'noise_gpe_sigma': 74.11664255776451, 'noise_gpi_sigma': 122.35517885955579, 'g_stn_gpe_mult': 2.2523403702304234, 'g_gpe_stn_mult': 0.679691203105339, 'g_stn_gpi_mult': 3.553958319240758, 'g_gpe_gpi_mult': 0.8513905490515659}. Best is trial 410 with value: 0.4608635463245284.
[I 2026-05-28 03:33:09,967] Trial 716 finished with value: 1.4604184910013225 and parameters: {'ISTN': 68.32586587298753, 'I_gpe': 0.7774080812689468, 'I_gpi': 2.0518936453156607, 'noise_stn_sigma': 5.844722616316879, 'noise_gpe_sigma': 76.91717331596686, 'noise_gpi_sigma': 118.18642304839635, 'g_stn_gpe_mult': 2.514156741141177, 'g_gpe_stn_mult': 0.683751357120373, 'g_stn_gpi_mult': 3.510333156591378, 'g_gpe_gpi_mult': 0.818377258985975}. Best is trial 410 with value: 0.4608635463245284.
[I 2026-05-28 03:33:10,975] Trial 717 finished with value: 3.993249763954778 and parameters: {'ISTN': 76.61861447860745, 'I_gpe': 0.7220932190696356, 'I_gpi': 1.6130878274693088, 'noise_stn_sigma': 6.038245542300329, 'noise_gpe_sigma': 79.34906328934544, 'noise_gpi_sigma': 130.85404113896732, 'g_stn_gpe_mult': 2.280170334537785, 'g_gpe_stn_mult': 0.743233752873173, 'g_stn_gpi_mult': 3.7484269625683577, 'g_gpe_gpi_mult': 0.82351619559896}. Best is trial 410 with value: 0.4608635463245284.
[I 2026-05-28 03:33:11,982] Trial 718 finished with value: 5.130905665111084 and parameters: {'ISTN': 66.96774172150113, 'I_gpe': 0.9015117240835951, 'I_gpi': 1.6161421353350511, 'noise_stn_sigma': 6.288366025789466, 'noise_gpe_sigma': 67.98761543047087, 'noise_gpi_sigma': 119.70053890191468, 'g_stn_gpe_mult': 2.4350625313453396, 'g_gpe_stn_mult': 0.6844061914450978, 'g_stn_gpi_mult': 3.684639925376, 'g_gpe_gpi_mult': 0.793397046593179}. Best is trial 410 with value: 0.4608635463245284.
[I 2026-05-28 03:33:12,989] Trial 719 finished with value: 0.7697360685514019 and parameters: {'ISTN': 64.7069301028575, 'I_gpe': 0.8645936623532833, 'I_gpi': 2.214823115051815, 'noise_stn_sigma': 7.409207950105811, 'noise_gpe_sigma': 75.45193255152648, 'noise_gpi_sigma': 139.60054351599183, 'g_stn_gpe_mult': 2.3020022093253845, 'g_gpe_stn_mult': 0.5788185929218549, 'g_stn_gpi_mult': 3.5256720882305452, 'g_gpe_gpi_mult': 0.9281524892092177}. Best is trial 410 with value: 0.4608635463245284.
[I 2026-05-28 03:33:13,995] Trial 720 finished with value: 8.621955898390224 and parameters: {'ISTN': 63.757645043495124, 'I_gpe': 0.9842593085183006, 'I_gpi': 1.4315273135361386, 'noise_stn_sigma': 5.697806719356445, 'noise_gpe_sigma': 66.80901386400546, 'noise_gpi_sigma': 120.41531781190052, 'g_stn_gpe_mult': 2.375790395605244, 'g_gpe_stn_mult': 0.7032810709286762, 'g_stn_gpi_mult': 3.740073651206992, 'g_gpe_gpi_mult': 0.7747291927166435}. Best is trial 410 with value: 0.4608635463245284.
[I 2026-05-28 03:33:15,004] Trial 721 finished with value: 1.035328840878341 and parameters: {'ISTN': 64.34170699210667, 'I_gpe': 0.8763080989527756, 'I_gpi': 2.0862873855302064, 'noise_stn_sigma': 6.968872309425084, 'noise_gpe_sigma': 70.20147371888069, 'noise_gpi_sigma': 125.48706203920632, 'g_stn_gpe_mult': 2.2186192530431184, 'g_gpe_stn_mult': 0.603637493691684, 'g_stn_gpi_mult': 3.5385976746229684, 'g_gpe_gpi_mult': 0.8393488193726615}. Best is trial 410 with value: 0.4608635463245284.
[I 2026-05-28 03:33:16,014] Trial 722 finished with value: 2.5309604396100047 and parameters: {'ISTN': 62.23070372375635, 'I_gpe': 0.9062997002066534, 'I_gpi': 2.1787251279876756, 'noise_stn_sigma': 6.8204964653926545, 'noise_gpe_sigma': 70.94732313169544, 'noise_gpi_sigma': 134.24025719795998, 'g_stn_gpe_mult': 2.4636698096694793, 'g_gpe_stn_mult': 0.6358623104712331, 'g_stn_gpi_mult': 3.4394756370642083, 'g_gpe_gpi_mult': 0.8462756788124268}. Best is trial 410 with value: 0.4608635463245284.
[I 2026-05-28 03:33:17,020] Trial 723 finished with value: 1.0683195561094876 and parameters: {'ISTN': 68.39797618208529, 'I_gpe': 0.7383350757190119, 'I_gpi': 1.9058901499112684, 'noise_stn_sigma': 6.078106354932872, 'noise_gpe_sigma': 75.12077613540384, 'noise_gpi_sigma': 126.09848510429991, 'g_stn_gpe_mult': 2.363367614549253, 'g_gpe_stn_mult': 0.6771454310469263, 'g_stn_gpi_mult': 3.6438618441084203, 'g_gpe_gpi_mult': 0.7886918593350363}. Best is trial 410 with value: 0.4608635463245284.
[I 2026-05-28 03:33:18,027] Trial 724 finished with value: 1.1515720045887847 and parameters: {'ISTN': 63.685984574083015, 'I_gpe': 0.8149181056692413, 'I_gpi': 2.4059777102779605, 'noise_stn_sigma': 7.601858890712081, 'noise_gpe_sigma': 73.61623561057475, 'noise_gpi_sigma': 142.3441698714394, 'g_stn_gpe_mult': 2.2960444973126317, 'g_gpe_stn_mult': 0.536769844045248, 'g_stn_gpi_mult': 3.290057393322116, 'g_gpe_gpi_mult': 0.9657272226096425}. Best is trial 410 with value: 0.4608635463245284.
[I 2026-05-28 03:33:19,035] Trial 725 finished with value: 2.120995742003058 and parameters: {'ISTN': 72.10775024633152, 'I_gpe': 0.8409972313641001, 'I_gpi': 1.9369851864691607, 'noise_stn_sigma': 6.138444697792542, 'noise_gpe_sigma': 82.27271754904791, 'noise_gpi_sigma': 114.3678439037756, 'g_stn_gpe_mult': 2.2318339932535487, 'g_gpe_stn_mult': 0.6434700327674397, 'g_stn_gpi_mult': 3.614236089917693, 'g_gpe_gpi_mult': 0.8188190154343353}. Best is trial 410 with value: 0.4608635463245284.
[I 2026-05-28 03:33:20,043] Trial 726 finished with value: 1.2357285951843182 and parameters: {'ISTN': 70.05632333217225, 'I_gpe': 0.8497278050653897, 'I_gpi': 2.0183217142826138, 'noise_stn_sigma': 6.84357488001466, 'noise_gpe_sigma': 66.1613030925293, 'noise_gpi_sigma': 136.04172513349747, 'g_stn_gpe_mult': 2.511651039703715, 'g_gpe_stn_mult': 0.6442452022398014, 'g_stn_gpi_mult': 3.63813466475003, 'g_gpe_gpi_mult': 0.8200465072681442}. Best is trial 410 with value: 0.4608635463245284.
[I 2026-05-28 03:33:21,051] Trial 727 finished with value: 11.804283749794134 and parameters: {'ISTN': 66.55670550189848, 'I_gpe': 0.9839200216197801, 'I_gpi': 1.963094841536063, 'noise_stn_sigma': 5.880225372728666, 'noise_gpe_sigma': 69.30683830450508, 'noise_gpi_sigma': 117.92564322161233, 'g_stn_gpe_mult': 2.6195153568849916, 'g_gpe_stn_mult': 0.685857318407916, 'g_stn_gpi_mult': 3.4982231830453223, 'g_gpe_gpi_mult': 0.8488659740126019}. Best is trial 410 with value: 0.4608635463245284.
[I 2026-05-28 03:33:22,061] Trial 728 finished with value: 10.989658023808209 and parameters: {'ISTN': 66.06905656655249, 'I_gpe': 0.888216904778259, 'I_gpi': 2.184164857693065, 'noise_stn_sigma': 6.868709815451451, 'noise_gpe_sigma': 71.12211857044261, 'noise_gpi_sigma': 127.72085787172776, 'g_stn_gpe_mult': 2.5194440652232117, 'g_gpe_stn_mult': 0.6000721678678802, 'g_stn_gpi_mult': 3.5300068906326327, 'g_gpe_gpi_mult': 0.9173387609800039}. Best is trial 410 with value: 0.4608635463245284.
[I 2026-05-28 03:33:23,072] Trial 729 finished with value: 2.334486063660663 and parameters: {'ISTN': 61.4287729876716, 'I_gpe': 0.888537846239487, 'I_gpi': 2.1859472080742433, 'noise_stn_sigma': 6.5755274796278895, 'noise_gpe_sigma': 78.39047057391636, 'noise_gpi_sigma': 126.76965022111533, 'g_stn_gpe_mult': 2.1626840674779233, 'g_gpe_stn_mult': 0.6505956473861362, 'g_stn_gpi_mult': 3.5916372295418206, 'g_gpe_gpi_mult': 0.8644597956389244}. Best is trial 410 with value: 0.4608635463245284.
[I 2026-05-28 03:33:24,082] Trial 730 finished with value: 2.675923321184831 and parameters: {'ISTN': 68.19787610841816, 'I_gpe': 0.7705361714135257, 'I_gpi': 2.230668011760489, 'noise_stn_sigma': 6.830170844581387, 'noise_gpe_sigma': 77.2656426409676, 'noise_gpi_sigma': 126.45372134690324, 'g_stn_gpe_mult': 2.421197349386542, 'g_gpe_stn_mult': 0.6353192360155981, 'g_stn_gpi_mult': 3.5851389320197695, 'g_gpe_gpi_mult': 0.8193243802611381}. Best is trial 410 with value: 0.4608635463245284.
[I 2026-05-28 03:33:25,093] Trial 731 finished with value: 4.160364812846788 and parameters: {'ISTN': 65.79070450181621, 'I_gpe': 0.7649758982943577, 'I_gpi': 1.9437444851234391, 'noise_stn_sigma': 6.855988424603549, 'noise_gpe_sigma': 72.94919275696228, 'noise_gpi_sigma': 141.68194291566294, 'g_stn_gpe_mult': 2.2774442888751025, 'g_gpe_stn_mult': 0.6367474397814619, 'g_stn_gpi_mult': 3.560728872199732, 'g_gpe_gpi_mult': 0.8404801858160036}. Best is trial 410 with value: 0.4608635463245284.
[I 2026-05-28 03:33:26,106] Trial 732 finished with value: 3.6873592509343442 and parameters: {'ISTN': 67.77893148891182, 'I_gpe': 0.6961844943875598, 'I_gpi': 2.2112265647104095, 'noise_stn_sigma': 6.877906686698688, 'noise_gpe_sigma': 78.09448775601871, 'noise_gpi_sigma': 127.76200836324202, 'g_stn_gpe_mult': 2.104062806150809, 'g_gpe_stn_mult': 0.6395657067057013, 'g_stn_gpi_mult': 3.5004556930423014, 'g_gpe_gpi_mult': 0.8904954507260905}. Best is trial 410 with value: 0.4608635463245284.
[I 2026-05-28 03:33:27,115] Trial 733 finished with value: 8.097057274197779 and parameters: {'ISTN': 66.68872004450314, 'I_gpe': 0.7739508809099748, 'I_gpi': 1.8668758554751683, 'noise_stn_sigma': 6.585145175495487, 'noise_gpe_sigma': 70.44910355850813, 'noise_gpi_sigma': 132.40334863747483, 'g_stn_gpe_mult': 2.3852153010274924, 'g_gpe_stn_mult': 0.628552575754441, 'g_stn_gpi_mult': 3.639345200041472, 'g_gpe_gpi_mult': 0.8361807538269659}. Best is trial 410 with value: 0.4608635463245284.
[I 2026-05-28 03:33:28,123] Trial 734 finished with value: 6.631769506432198 and parameters: {'ISTN': 65.85030766635187, 'I_gpe': 0.6297531786609916, 'I_gpi': 2.0722915535799165, 'noise_stn_sigma': 6.201571368064545, 'noise_gpe_sigma': 76.98112564959493, 'noise_gpi_sigma': 132.236074050434, 'g_stn_gpe_mult': 2.459136712748071, 'g_gpe_stn_mult': 0.6408964336733732, 'g_stn_gpi_mult': 3.4341518505097155, 'g_gpe_gpi_mult': 0.8262059468090779}. Best is trial 410 with value: 0.4608635463245284.
[I 2026-05-28 03:33:29,133] Trial 735 finished with value: 8.906163217912184 and parameters: {'ISTN': 68.44592052610969, 'I_gpe': 0.6937465970088913, 'I_gpi': 2.0550583208915536, 'noise_stn_sigma': 6.617825247856269, 'noise_gpe_sigma': 76.22992366673125, 'noise_gpi_sigma': 127.00603912044774, 'g_stn_gpe_mult': 2.3198296311141333, 'g_gpe_stn_mult': 0.6175197486647632, 'g_stn_gpi_mult': 3.415315402998721, 'g_gpe_gpi_mult': 0.8756349441469145}. Best is trial 410 with value: 0.4608635463245284.
[I 2026-05-28 03:33:30,142] Trial 736 finished with value: 1.784920614964572 and parameters: {'ISTN': 68.38055883073051, 'I_gpe': 0.8055922778094078, 'I_gpi': 1.9261968469755593, 'noise_stn_sigma': 6.450675031868615, 'noise_gpe_sigma': 75.13503821232699, 'noise_gpi_sigma': 128.8832453764496, 'g_stn_gpe_mult': 2.202496692949113, 'g_gpe_stn_mult': 0.6613623978224961, 'g_stn_gpi_mult': 3.707863135474759, 'g_gpe_gpi_mult': 0.7724254568613662}. Best is trial 410 with value: 0.4608635463245284.
[I 2026-05-28 03:33:31,151] Trial 737 finished with value: 4.373354402745587 and parameters: {'ISTN': 64.17126199597449, 'I_gpe': 0.9004433636094217, 'I_gpi': 2.048556597826738, 'noise_stn_sigma': 7.081956974659965, 'noise_gpe_sigma': 72.35825986801225, 'noise_gpi_sigma': 125.05898306799389, 'g_stn_gpe_mult': 2.30814872463559, 'g_gpe_stn_mult': 0.6512970247932438, 'g_stn_gpi_mult': 3.593699401102357, 'g_gpe_gpi_mult': 0.8220629724333006}. Best is trial 410 with value: 0.4608635463245284.
[I 2026-05-28 03:33:32,159] Trial 738 finished with value: 0.6543920195334848 and parameters: {'ISTN': 63.09378840496118, 'I_gpe': 0.9040111434389431, 'I_gpi': 2.2966862788798235, 'noise_stn_sigma': 6.943025880893337, 'noise_gpe_sigma': 71.84366635295126, 'noise_gpi_sigma': 131.19009285274694, 'g_stn_gpe_mult': 2.329033651662666, 'g_gpe_stn_mult': 0.6433954990414803, 'g_stn_gpi_mult': 3.5155339249729023, 'g_gpe_gpi_mult': 0.8580500921681045}. Best is trial 410 with value: 0.4608635463245284.
[I 2026-05-28 03:33:33,166] Trial 739 finished with value: 1.2002274477879529 and parameters: {'ISTN': 70.11274504128922, 'I_gpe': 0.8778732342829643, 'I_gpi': 2.07522321187113, 'noise_stn_sigma': 6.767224147896022, 'noise_gpe_sigma': 61.503581657114886, 'noise_gpi_sigma': 132.08260796628736, 'g_stn_gpe_mult': 2.3667542574553586, 'g_gpe_stn_mult': 0.6744768988606088, 'g_stn_gpi_mult': 3.6983253630953596, 'g_gpe_gpi_mult': 0.8283982888776062}. Best is trial 410 with value: 0.4608635463245284.
[I 2026-05-28 03:33:34,173] Trial 740 finished with value: 7.107243037180643 and parameters: {'ISTN': 67.26051617735716, 'I_gpe': 0.7366668969908923, 'I_gpi': 2.022664940285212, 'noise_stn_sigma': 7.352890067414085, 'noise_gpe_sigma': 75.26784557567301, 'noise_gpi_sigma': 134.40135304992626, 'g_stn_gpe_mult': 2.056698460851038, 'g_gpe_stn_mult': 0.5335444958800091, 'g_stn_gpi_mult': 3.48309586617569, 'g_gpe_gpi_mult': 0.7781636733768154}. Best is trial 410 with value: 0.4608635463245284.
[I 2026-05-28 03:33:35,182] Trial 741 finished with value: 3.7920464807635184 and parameters: {'ISTN': 64.3556756529637, 'I_gpe': 0.9045641251164456, 'I_gpi': 2.091149641237209, 'noise_stn_sigma': 6.28183477691704, 'noise_gpe_sigma': 68.95851472736946, 'noise_gpi_sigma': 117.3648155965896, 'g_stn_gpe_mult': 2.341149118092368, 'g_gpe_stn_mult': 0.6698060736750692, 'g_stn_gpi_mult': 3.622756143014083, 'g_gpe_gpi_mult': 0.8289542855780982}. Best is trial 410 with value: 0.4608635463245284.
[I 2026-05-28 03:33:36,192] Trial 742 finished with value: 6.216783752475723 and parameters: {'ISTN': 65.82749144606883, 'I_gpe': 0.9155777324894019, 'I_gpi': 2.2265416104515547, 'noise_stn_sigma': 7.134816440504447, 'noise_gpe_sigma': 74.78820382307335, 'noise_gpi_sigma': 136.75012695545556, 'g_stn_gpe_mult': 2.386337380618808, 'g_gpe_stn_mult': 0.6611912712321376, 'g_stn_gpi_mult': 3.4591043663454504, 'g_gpe_gpi_mult': 0.8518562545178745}. Best is trial 410 with value: 0.4608635463245284.
[I 2026-05-28 03:33:37,201] Trial 743 finished with value: 1.2812576567437444 and parameters: {'ISTN': 65.59112559912624, 'I_gpe': 0.8740221738224065, 'I_gpi': 1.8619409891009815, 'noise_stn_sigma': 7.037669687031803, 'noise_gpe_sigma': 72.94783734455666, 'noise_gpi_sigma': 142.49856176550847, 'g_stn_gpe_mult': 2.1096550041974, 'g_gpe_stn_mult': 0.6384856623955186, 'g_stn_gpi_mult': 3.657457529048251, 'g_gpe_gpi_mult': 0.7993053170276172}. Best is trial 410 with value: 0.4608635463245284.
[I 2026-05-28 03:33:38,208] Trial 744 finished with value: 0.7034890525976965 and parameters: {'ISTN': 61.49174335217134, 'I_gpe': 0.827313348812024, 'I_gpi': 2.550637755916597, 'noise_stn_sigma': 6.935812183664401, 'noise_gpe_sigma': 76.00714339352831, 'noise_gpi_sigma': 141.19343336907383, 'g_stn_gpe_mult': 2.242077259803936, 'g_gpe_stn_mult': 0.6092109589636213, 'g_stn_gpi_mult': 3.511633437171532, 'g_gpe_gpi_mult': 0.9282090164338985}. Best is trial 410 with value: 0.4608635463245284.
[I 2026-05-28 03:33:39,217] Trial 745 finished with value: 1.0411794900691302 and parameters: {'ISTN': 63.39234119835429, 'I_gpe': 0.9097561955642165, 'I_gpi': 2.6031292025162083, 'noise_stn_sigma': 7.104679809798101, 'noise_gpe_sigma': 71.83420486504701, 'noise_gpi_sigma': 137.95994247091187, 'g_stn_gpe_mult': 2.385771237164884, 'g_gpe_stn_mult': 0.6183795686244445, 'g_stn_gpi_mult': 3.40544066147559, 'g_gpe_gpi_mult': 0.8778646261136827}. Best is trial 410 with value: 0.4608635463245284.
[I 2026-05-28 03:33:40,226] Trial 746 finished with value: 1.2365195711147636 and parameters: {'ISTN': 68.59612056866241, 'I_gpe': 0.8370207895880912, 'I_gpi': 2.4242566325854478, 'noise_stn_sigma': 6.471793290598509, 'noise_gpe_sigma': 69.633672041332, 'noise_gpi_sigma': 125.27316914162326, 'g_stn_gpe_mult': 2.1924739606081394, 'g_gpe_stn_mult': 0.6840262153115272, 'g_stn_gpi_mult': 3.5959528686864473, 'g_gpe_gpi_mult': 0.8662921228269413}. Best is trial 410 with value: 0.4608635463245284.
[I 2026-05-28 03:33:41,235] Trial 747 finished with value: 10.280212182602664 and parameters: {'ISTN': 67.20306954318944, 'I_gpe': 1.0161431440569284, 'I_gpi': 2.358728512062023, 'noise_stn_sigma': 7.296640950036243, 'noise_gpe_sigma': 66.25221144705498, 'noise_gpi_sigma': 127.01886203612433, 'g_stn_gpe_mult': 2.3631807193858254, 'g_gpe_stn_mult': 0.6732266924330806, 'g_stn_gpi_mult': 3.4887860954659073, 'g_gpe_gpi_mult': 0.8827989658714293}. Best is trial 410 with value: 0.4608635463245284.
