[I 2026-05-28 03:04:50,877] Trial 44 finished with value: 19.34421960469037 and parameters: {'ISTN': 83.67470384907394, 'I_gpe': 2.0305914574574393, 'I_gpi': 4.219581114914532, 'noise_stn_sigma': 3.3154797907170033, 'noise_gpe_sigma': 79.85075844648912, 'noise_gpi_sigma': 54.622180926231295, 'g_stn_gpe_mult': 2.2547295983423883, 'g_gpe_stn_mult': 0.5817764760293704, 'g_stn_gpi_mult': 3.5503056053374764, 'g_gpe_gpi_mult': 0.596276532749562}. Best is trial 34 with value: 8.584487491825012.
[I 2026-05-28 03:04:51,887] Trial 45 finished with value: 10.114398973541377 and parameters: {'ISTN': 67.98472078726589, 'I_gpe': 1.8722233914899684, 'I_gpi': 4.033049149989004, 'noise_stn_sigma': 4.6810371747791475, 'noise_gpe_sigma': 108.98900339311561, 'noise_gpi_sigma': 90.8037919674347, 'g_stn_gpe_mult': 1.63638426468223, 'g_gpe_stn_mult': 0.43595564334951764, 'g_stn_gpi_mult': 3.511776965121289, 'g_gpe_gpi_mult': 0.7852615126375011}. Best is trial 34 with value: 8.584487491825012.
[I 2026-05-28 03:04:52,898] Trial 46 finished with value: 16.263985757709207 and parameters: {'ISTN': 94.67627826483309, 'I_gpe': 1.6723615034068935, 'I_gpi': 3.6297892743546734, 'noise_stn_sigma': 5.144348459551503, 'noise_gpe_sigma': 97.5905895158647, 'noise_gpi_sigma': 96.95205289779294, 'g_stn_gpe_mult': 1.6340751540966731, 'g_gpe_stn_mult': 0.6401265988186211, 'g_stn_gpi_mult': 2.7802618021243575, 'g_gpe_gpi_mult': 0.5500930540493831}. Best is trial 34 with value: 8.584487491825012.
[I 2026-05-28 03:04:53,912] Trial 47 finished with value: 9.134798654506856 and parameters: {'ISTN': 67.12202723028264, 'I_gpe': 1.1086405256795446, 'I_gpi': 2.25973225270769, 'noise_stn_sigma': 3.4117702526405838, 'noise_gpe_sigma': 107.84504413380637, 'noise_gpi_sigma': 68.73965351568782, 'g_stn_gpe_mult': 2.425931082357407, 'g_gpe_stn_mult': 0.4124118005055216, 'g_stn_gpi_mult': 3.1107932075315303, 'g_gpe_gpi_mult': 0.5638615188733755}. Best is trial 34 with value: 8.584487491825012.
[I 2026-05-28 03:04:54,924] Trial 48 finished with value: 12.55190879764381 and parameters: {'ISTN': 65.15043210786371, 'I_gpe': 2.8271446564784206, 'I_gpi': 3.0575068965735537, 'noise_stn_sigma': 5.2469506494392695, 'noise_gpe_sigma': 92.94631178578221, 'noise_gpi_sigma': 106.92417377474501, 'g_stn_gpe_mult': 1.8973040821873333, 'g_gpe_stn_mult': 0.44724196222393264, 'g_stn_gpi_mult': 3.4168909109789225, 'g_gpe_gpi_mult': 0.5992862075617821}. Best is trial 34 with value: 8.584487491825012.
[I 2026-05-28 03:04:55,937] Trial 49 finished with value: 16.604735648854135 and parameters: {'ISTN': 85.74492979442738, 'I_gpe': 2.0694961070409423, 'I_gpi': 3.036899343687484, 'noise_stn_sigma': 4.84440052394645, 'noise_gpe_sigma': 94.91428581331924, 'noise_gpi_sigma': 98.2925286943515, 'g_stn_gpe_mult': 2.7016057872326034, 'g_gpe_stn_mult': 0.37969708249754464, 'g_stn_gpi_mult': 2.934810222371081, 'g_gpe_gpi_mult': 0.8249844592115683}. Best is trial 34 with value: 8.584487491825012.
[I 2026-05-28 03:04:56,949] Trial 50 finished with value: 12.237522079925395 and parameters: {'ISTN': 79.67198554610783, 'I_gpe': 1.4599412075095128, 'I_gpi': 2.495248694593977, 'noise_stn_sigma': 6.952393391324715, 'noise_gpe_sigma': 100.98489695697924, 'noise_gpi_sigma': 127.27029096366253, 'g_stn_gpe_mult': 1.773156931783507, 'g_gpe_stn_mult': 0.5993188817137716, 'g_stn_gpi_mult': 3.2450935966047196, 'g_gpe_gpi_mult': 0.5872859147379148}. Best is trial 34 with value: 8.584487491825012.
[I 2026-05-28 03:04:57,961] Trial 51 finished with value: 18.247069236327253 and parameters: {'ISTN': 87.12793061565748, 'I_gpe': 1.7779307568369689, 'I_gpi': 3.1468088306594, 'noise_stn_sigma': 2.6973258182347095, 'noise_gpe_sigma': 111.73915794671582, 'noise_gpi_sigma': 85.58523705087856, 'g_stn_gpe_mult': 2.5137254574487726, 'g_gpe_stn_mult': 0.5404389023515473, 'g_stn_gpi_mult': 3.0571113001927257, 'g_gpe_gpi_mult': 0.6184777174111389}. Best is trial 34 with value: 8.584487491825012.
[I 2026-05-28 03:04:58,972] Trial 52 finished with value: 12.374470678608414 and parameters: {'ISTN': 66.75223550989128, 'I_gpe': 2.119915667285233, 'I_gpi': 3.2340467257928376, 'noise_stn_sigma': 4.234852666963742, 'noise_gpe_sigma': 119.17643912103854, 'noise_gpi_sigma': 121.74795277593839, 'g_stn_gpe_mult': 2.4247162037576655, 'g_gpe_stn_mult': 0.41884934262582874, 'g_stn_gpi_mult': 2.670120349930617, 'g_gpe_gpi_mult': 0.5515425632706752}. Best is trial 34 with value: 8.584487491825012.
[I 2026-05-28 03:04:59,984] Trial 53 finished with value: 6.372028816012653 and parameters: {'ISTN': 64.46620478747604, 'I_gpe': 1.163211492043017, 'I_gpi': 2.3466361931804522, 'noise_stn_sigma': 4.827807796492038, 'noise_gpe_sigma': 87.83838835151947, 'noise_gpi_sigma': 82.02699923644136, 'g_stn_gpe_mult': 2.8193369012708462, 'g_gpe_stn_mult': 0.3216313345977213, 'g_stn_gpi_mult': 3.3982547189104944, 'g_gpe_gpi_mult': 0.5612851949596263}. Best is trial 53 with value: 6.372028816012653.
[I 2026-05-28 03:05:00,999] Trial 54 finished with value: 7.729525271114898 and parameters: {'ISTN': 68.67299064065435, 'I_gpe': 1.5654003007043205, 'I_gpi': 1.7978887953196165, 'noise_stn_sigma': 4.1899095654669365, 'noise_gpe_sigma': 126.10310241302852, 'noise_gpi_sigma': 103.61158831357021, 'g_stn_gpe_mult': 2.1034635527560788, 'g_gpe_stn_mult': 0.3341314889865996, 'g_stn_gpi_mult': 2.986767599810911, 'g_gpe_gpi_mult': 0.7721724353296302}. Best is trial 53 with value: 6.372028816012653.
[I 2026-05-28 03:05:02,011] Trial 55 finished with value: 9.514845634493579 and parameters: {'ISTN': 86.66847458460813, 'I_gpe': 1.281897542717363, 'I_gpi': 3.805077999172295, 'noise_stn_sigma': 4.891594319909194, 'noise_gpe_sigma': 131.81235704743824, 'noise_gpi_sigma': 127.83532674425884, 'g_stn_gpe_mult': 1.7574849859900805, 'g_gpe_stn_mult': 0.4970092432717177, 'g_stn_gpi_mult': 1.8298906952915195, 'g_gpe_gpi_mult': 0.4053531077034273}. Best is trial 53 with value: 6.372028816012653.
[I 2026-05-28 03:05:03,023] Trial 56 finished with value: 16.201120848739635 and parameters: {'ISTN': 84.14591472766082, 'I_gpe': 2.2949624803950863, 'I_gpi': 1.8813773650025596, 'noise_stn_sigma': 3.8070732052393925, 'noise_gpe_sigma': 75.53198759977104, 'noise_gpi_sigma': 109.59376683017109, 'g_stn_gpe_mult': 2.621457515234705, 'g_gpe_stn_mult': 0.3717359491462655, 'g_stn_gpi_mult': 3.5297895444568654, 'g_gpe_gpi_mult': 0.38829028010162664}. Best is trial 53 with value: 6.372028816012653.
[I 2026-05-28 03:05:04,037] Trial 57 finished with value: 15.617644894903737 and parameters: {'ISTN': 86.85814731547316, 'I_gpe': 1.7284118126103873, 'I_gpi': 2.8606327272680447, 'noise_stn_sigma': 2.865299851550149, 'noise_gpe_sigma': 136.5239832389832, 'noise_gpi_sigma': 69.1065277961496, 'g_stn_gpe_mult': 1.6758851005806767, 'g_gpe_stn_mult': 0.5321365200966, 'g_stn_gpi_mult': 3.8191343383434337, 'g_gpe_gpi_mult': 0.5120089898911357}. Best is trial 53 with value: 6.372028816012653.
[I 2026-05-28 03:05:05,048] Trial 58 finished with value: 9.505702961385031 and parameters: {'ISTN': 69.49230372002641, 'I_gpe': 1.6964515378362208, 'I_gpi': 2.883827469704964, 'noise_stn_sigma': 4.027819303506671, 'noise_gpe_sigma': 106.12333027285253, 'noise_gpi_sigma': 68.56821334040714, 'g_stn_gpe_mult': 1.7155529477226836, 'g_gpe_stn_mult': 0.5044278085690481, 'g_stn_gpi_mult': 3.500555352641856, 'g_gpe_gpi_mult': 0.8160967142866635}. Best is trial 53 with value: 6.372028816012653.
[I 2026-05-28 03:05:06,059] Trial 59 finished with value: 5.60055521227526 and parameters: {'ISTN': 63.85294233686067, 'I_gpe': 0.774971571256736, 'I_gpi': 3.4545707923838185, 'noise_stn_sigma': 4.085287888129372, 'noise_gpe_sigma': 104.19988187252461, 'noise_gpi_sigma': 104.12585833269013, 'g_stn_gpe_mult': 1.5024578799821915, 'g_gpe_stn_mult': 0.3587972638457386, 'g_stn_gpi_mult': 3.146642257209857, 'g_gpe_gpi_mult': 0.8276698581465984}. Best is trial 59 with value: 5.60055521227526.
[I 2026-05-28 03:05:07,074] Trial 60 finished with value: 18.420961365250577 and parameters: {'ISTN': 95.41181837601528, 'I_gpe': 2.142423271959253, 'I_gpi': 2.9370249706425753, 'noise_stn_sigma': 3.467151598952775, 'noise_gpe_sigma': 104.19478883166971, 'noise_gpi_sigma': 44.5496245840704, 'g_stn_gpe_mult': 2.2453191437853546, 'g_gpe_stn_mult': 0.2603375969999727, 'g_stn_gpi_mult': 3.1370770675511537, 'g_gpe_gpi_mult': 0.5455435489449483}. Best is trial 59 with value: 5.60055521227526.
[I 2026-05-28 03:05:08,087] Trial 61 finished with value: 17.066717188105457 and parameters: {'ISTN': 86.15556117193, 'I_gpe': 1.6831493692246082, 'I_gpi': 2.5996612068154468, 'noise_stn_sigma': 5.599300605921997, 'noise_gpe_sigma': 83.75942838875451, 'noise_gpi_sigma': 102.35762338577926, 'g_stn_gpe_mult': 3.9690640501669723, 'g_gpe_stn_mult': 0.31725775678053947, 'g_stn_gpi_mult': 2.671691021209798, 'g_gpe_gpi_mult': 0.8218606185617279}. Best is trial 59 with value: 5.60055521227526.
[I 2026-05-28 03:05:09,097] Trial 62 finished with value: 10.669906344035564 and parameters: {'ISTN': 75.68716007387727, 'I_gpe': 0.8905424439223041, 'I_gpi': 3.17483517000615, 'noise_stn_sigma': 3.120741422765962, 'noise_gpe_sigma': 125.87470820540199, 'noise_gpi_sigma': 121.30066541088588, 'g_stn_gpe_mult': 1.668553106157157, 'g_gpe_stn_mult': 0.4675467853267531, 'g_stn_gpi_mult': 3.085750850352962, 'g_gpe_gpi_mult': 1.0667490039936482}. Best is trial 59 with value: 5.60055521227526.
[I 2026-05-28 03:05:10,107] Trial 63 finished with value: 6.632899732659888 and parameters: {'ISTN': 63.943284104951246, 'I_gpe': 1.5904502400801728, 'I_gpi': 4.101405792037193, 'noise_stn_sigma': 3.4182237864141776, 'noise_gpe_sigma': 102.82429746933175, 'noise_gpi_sigma': 93.79888417143927, 'g_stn_gpe_mult': 2.460251447051684, 'g_gpe_stn_mult': 0.31862849705219853, 'g_stn_gpi_mult': 2.61099877827787, 'g_gpe_gpi_mult': 0.8333761840230005}. Best is trial 59 with value: 5.60055521227526.
[I 2026-05-28 03:05:11,120] Trial 64 finished with value: 16.86629655399919 and parameters: {'ISTN': 87.34622747209816, 'I_gpe': 1.6862123691085817, 'I_gpi': 4.256451730831027, 'noise_stn_sigma': 3.3316215154808773, 'noise_gpe_sigma': 126.8224735434646, 'noise_gpi_sigma': 94.22973489728237, 'g_stn_gpe_mult': 2.641129569668203, 'g_gpe_stn_mult': 0.3275077465886551, 'g_stn_gpi_mult': 3.6563771036631736, 'g_gpe_gpi_mult': 1.0623826983584221}. Best is trial 59 with value: 5.60055521227526.
[I 2026-05-28 03:05:12,131] Trial 65 finished with value: 8.583583611249253 and parameters: {'ISTN': 66.97561319723889, 'I_gpe': 0.7662714599579066, 'I_gpi': 3.278455642492661, 'noise_stn_sigma': 4.069569343477479, 'noise_gpe_sigma': 120.04204362135667, 'noise_gpi_sigma': 91.87654464580783, 'g_stn_gpe_mult': 3.2537879279648916, 'g_gpe_stn_mult': 0.21590073568730495, 'g_stn_gpi_mult': 3.140669097383546, 'g_gpe_gpi_mult': 0.7004201865118567}. Best is trial 59 with value: 5.60055521227526.
[I 2026-05-28 03:05:13,144] Trial 66 finished with value: 13.085932588743036 and parameters: {'ISTN': 63.9746460833987, 'I_gpe': 1.980006338282227, 'I_gpi': 3.2336599018764423, 'noise_stn_sigma': 4.032118395593708, 'noise_gpe_sigma': 127.11117479157963, 'noise_gpi_sigma': 91.33383631882252, 'g_stn_gpe_mult': 3.156452965974318, 'g_gpe_stn_mult': 0.3644022027702343, 'g_stn_gpi_mult': 3.0218650797051048, 'g_gpe_gpi_mult': 0.8462659256872818}. Best is trial 59 with value: 5.60055521227526.
[I 2026-05-28 03:05:14,156] Trial 67 finished with value: 12.745238173550101 and parameters: {'ISTN': 72.74736869352172, 'I_gpe': 0.887108563408359, 'I_gpi': 2.963723460393179, 'noise_stn_sigma': 3.457747479364224, 'noise_gpe_sigma': 102.8060814750187, 'noise_gpi_sigma': 54.01495120642674, 'g_stn_gpe_mult': 2.6783361140280215, 'g_gpe_stn_mult': 0.3263695924297465, 'g_stn_gpi_mult': 3.338029801970397, 'g_gpe_gpi_mult': 0.9571919119776373}. Best is trial 59 with value: 5.60055521227526.
[I 2026-05-28 03:05:15,168] Trial 68 finished with value: 20.839403787049267 and parameters: {'ISTN': 94.5873573743622, 'I_gpe': 2.0834278518195406, 'I_gpi': 3.3335707277791347, 'noise_stn_sigma': 3.921572098577309, 'noise_gpe_sigma': 81.45616911438097, 'noise_gpi_sigma': 119.48124991095827, 'g_stn_gpe_mult': 3.8470494227494045, 'g_gpe_stn_mult': 0.33132778960924814, 'g_stn_gpi_mult': 2.3366654708729153, 'g_gpe_gpi_mult': 0.6901070618796088}. Best is trial 59 with value: 5.60055521227526.
[I 2026-05-28 03:05:16,180] Trial 69 finished with value: 6.482584385157421 and parameters: {'ISTN': 70.24672465903201, 'I_gpe': 1.445847599437039, 'I_gpi': 1.3873913902997979, 'noise_stn_sigma': 1.8913850064438926, 'noise_gpe_sigma': 127.19453973230192, 'noise_gpi_sigma': 101.9778162362783, 'g_stn_gpe_mult': 1.8625551153197741, 'g_gpe_stn_mult': 0.30989159981315517, 'g_stn_gpi_mult': 2.1424033451246522, 'g_gpe_gpi_mult': 0.7190600789949824}. Best is trial 59 with value: 5.60055521227526.
[I 2026-05-28 03:05:17,193] Trial 70 finished with value: 16.427845336694485 and parameters: {'ISTN': 88.97608189426629, 'I_gpe': 0.7142831136937484, 'I_gpi': 2.567887632152619, 'noise_stn_sigma': 2.9232848466441346, 'noise_gpe_sigma': 105.06229499905781, 'noise_gpi_sigma': 92.97145302881984, 'g_stn_gpe_mult': 2.6615797075652354, 'g_gpe_stn_mult': 0.4083572648738164, 'g_stn_gpi_mult': 2.7276877919883784, 'g_gpe_gpi_mult': 0.7500895542351946}. Best is trial 59 with value: 5.60055521227526.
[I 2026-05-28 03:05:18,206] Trial 71 finished with value: 13.152429795904657 and parameters: {'ISTN': 96.29402255506139, 'I_gpe': 1.4826044384451929, 'I_gpi': 1.7117884777018144, 'noise_stn_sigma': 3.7164567611626778, 'noise_gpe_sigma': 106.41997710273878, 'noise_gpi_sigma': 102.94630090376783, 'g_stn_gpe_mult': 2.466690125720056, 'g_gpe_stn_mult': 0.2840479185409288, 'g_stn_gpi_mult': 2.1474354572268624, 'g_gpe_gpi_mult': 0.7472093588148638}. Best is trial 59 with value: 5.60055521227526.
[I 2026-05-28 03:05:19,218] Trial 72 finished with value: 1.085955108988597 and parameters: {'ISTN': 60.037268080896226, 'I_gpe': 2.1565536524348, 'I_gpi': 3.090508339481314, 'noise_stn_sigma': 1.4442847487068828, 'noise_gpe_sigma': 108.82337378130707, 'noise_gpi_sigma': 98.77631725140068, 'g_stn_gpe_mult': 2.5774337115917234, 'g_gpe_stn_mult': 0.19531138549008342, 'g_stn_gpi_mult': 1.8481162737544143, 'g_gpe_gpi_mult': 0.808094968745497}. Best is trial 72 with value: 1.085955108988597.
[I 2026-05-28 03:05:20,230] Trial 73 finished with value: 14.772530995303947 and parameters: {'ISTN': 66.70151500896606, 'I_gpe': 2.3553419994864275, 'I_gpi': 2.3486687119272927, 'noise_stn_sigma': 3.195861848832531, 'noise_gpe_sigma': 73.86584627183706, 'noise_gpi_sigma': 94.66706397648859, 'g_stn_gpe_mult': 3.062325068004919, 'g_gpe_stn_mult': 0.44225413516299994, 'g_stn_gpi_mult': 2.015941731065464, 'g_gpe_gpi_mult': 0.5898027559767154}. Best is trial 72 with value: 1.085955108988597.
[I 2026-05-28 03:05:21,240] Trial 74 finished with value: 6.277944701716168 and parameters: {'ISTN': 63.256941773518214, 'I_gpe': 0.6813508010757228, 'I_gpi': 2.9512622068324235, 'noise_stn_sigma': 4.376592525599455, 'noise_gpe_sigma': 106.70049485990685, 'noise_gpi_sigma': 128.70987452905769, 'g_stn_gpe_mult': 2.0688442375125984, 'g_gpe_stn_mult': 0.3646707760185569, 'g_stn_gpi_mult': 2.776043693417452, 'g_gpe_gpi_mult': 0.9909068329349742}. Best is trial 72 with value: 1.085955108988597.
[I 2026-05-28 03:05:22,252] Trial 75 finished with value: 14.225124469753027 and parameters: {'ISTN': 68.83228032226954, 'I_gpe': 2.876269174174618, 'I_gpi': 2.152795639304868, 'noise_stn_sigma': 3.8543145438027624, 'noise_gpe_sigma': 147.68759311249553, 'noise_gpi_sigma': 75.31595672751664, 'g_stn_gpe_mult': 3.1221696581676444, 'g_gpe_stn_mult': 0.2523973830354128, 'g_stn_gpi_mult': 3.0126197151089067, 'g_gpe_gpi_mult': 0.9352403618724734}. Best is trial 72 with value: 1.085955108988597.
[I 2026-05-28 03:05:23,264] Trial 76 finished with value: 5.245329678655864 and parameters: {'ISTN': 63.06954659897477, 'I_gpe': 1.4769018607313817, 'I_gpi': 2.6840807884175693, 'noise_stn_sigma': 4.700639142947884, 'noise_gpe_sigma': 126.56499320778593, 'noise_gpi_sigma': 73.79076703153919, 'g_stn_gpe_mult': 2.0243378868472774, 'g_gpe_stn_mult': 0.3460690568719469, 'g_stn_gpi_mult': 2.455061289709529, 'g_gpe_gpi_mult': 0.9111673364324708}. Best is trial 72 with value: 1.085955108988597.
[I 2026-05-28 03:05:24,277] Trial 77 finished with value: 21.30929130998606 and parameters: {'ISTN': 95.14114044507635, 'I_gpe': 2.769340089655559, 'I_gpi': 1.9470246044839974, 'noise_stn_sigma': 2.308138984517083, 'noise_gpe_sigma': 118.92165131513403, 'noise_gpi_sigma': 59.74052852647395, 'g_stn_gpe_mult': 2.21542504540246, 'g_gpe_stn_mult': 0.38932630651660494, 'g_stn_gpi_mult': 2.3648284408467015, 'g_gpe_gpi_mult': 0.6866232468116211}. Best is trial 72 with value: 1.085955108988597.
[I 2026-05-28 03:05:25,287] Trial 78 finished with value: 8.500004963574394 and parameters: {'ISTN': 62.434183572429724, 'I_gpe': 1.906088829154243, 'I_gpi': 2.247115171662159, 'noise_stn_sigma': 2.2117948458464154, 'noise_gpe_sigma': 107.39985173927236, 'noise_gpi_sigma': 126.29543581807818, 'g_stn_gpe_mult': 2.28721466185985, 'g_gpe_stn_mult': 0.35500010454837383, 'g_stn_gpi_mult': 2.4837365886414626, 'g_gpe_gpi_mult': 0.8468646363593524}. Best is trial 72 with value: 1.085955108988597.
[I 2026-05-28 03:05:26,297] Trial 79 finished with value: 8.34900310225413 and parameters: {'ISTN': 63.62496999550609, 'I_gpe': 1.7411353060392456, 'I_gpi': 2.3227224980666685, 'noise_stn_sigma': 2.131675193804571, 'noise_gpe_sigma': 125.50783027160794, 'noise_gpi_sigma': 78.10642846452815, 'g_stn_gpe_mult': 3.0594970169312368, 'g_gpe_stn_mult': 0.27935426022642673, 'g_stn_gpi_mult': 2.9141380583064733, 'g_gpe_gpi_mult': 0.6128573285893544}. Best is trial 72 with value: 1.085955108988597.
[I 2026-05-28 03:05:27,307] Trial 80 finished with value: 13.40030237980163 and parameters: {'ISTN': 82.1860817456845, 'I_gpe': 0.971393649842518, 'I_gpi': 2.6055339035368705, 'noise_stn_sigma': 3.0477731502543737, 'noise_gpe_sigma': 136.41670898028116, 'noise_gpi_sigma': 95.40479735295852, 'g_stn_gpe_mult': 1.9075733158771426, 'g_gpe_stn_mult': 0.29705230129867655, 'g_stn_gpi_mult': 3.504006837370791, 'g_gpe_gpi_mult': 0.6478217277683707}. Best is trial 72 with value: 1.085955108988597.
[I 2026-05-28 03:05:28,319] Trial 81 finished with value: 4.2324420875175965 and parameters: {'ISTN': 60.53945657574346, 'I_gpe': 1.671646774054643, 'I_gpi': 3.0438999847204737, 'noise_stn_sigma': 3.1404685018532112, 'noise_gpe_sigma': 111.88754932692108, 'noise_gpi_sigma': 101.50026872144693, 'g_stn_gpe_mult': 2.4878149000699885, 'g_gpe_stn_mult': 0.3486284783592177, 'g_stn_gpi_mult': 2.3592727645797105, 'g_gpe_gpi_mult': 1.012886081797996}. Best is trial 72 with value: 1.085955108988597.
[I 2026-05-28 03:05:29,331] Trial 82 finished with value: 9.944595881212084 and parameters: {'ISTN': 60.47052619770878, 'I_gpe': 1.7322462128833607, 'I_gpi': 3.3202898495036015, 'noise_stn_sigma': 2.997194055229358, 'noise_gpe_sigma': 77.34995611010541, 'noise_gpi_sigma': 124.77374529293337, 'g_stn_gpe_mult': 1.6592155126732067, 'g_gpe_stn_mult': 0.30205877694050726, 'g_stn_gpi_mult': 1.6272169552871922, 'g_gpe_gpi_mult': 0.9860410042539336}. Best is trial 72 with value: 1.085955108988597.
[I 2026-05-28 03:05:30,342] Trial 83 finished with value: 9.009354062251216 and parameters: {'ISTN': 63.52615012887832, 'I_gpe': 1.542844264304929, 'I_gpi': 2.671069962591175, 'noise_stn_sigma': 4.65961849367068, 'noise_gpe_sigma': 100.3742911965368, 'noise_gpi_sigma': 98.9600607285175, 'g_stn_gpe_mult': 2.143874745732114, 'g_gpe_stn_mult': 0.4800506791123409, 'g_stn_gpi_mult': 3.098242348399162, 'g_gpe_gpi_mult': 0.7759759995556295}. Best is trial 72 with value: 1.085955108988597.
[I 2026-05-28 03:05:31,353] Trial 84 finished with value: 13.957535232785869 and parameters: {'ISTN': 75.51705542224606, 'I_gpe': 0.910183453639575, 'I_gpi': 2.6052856707790983, 'noise_stn_sigma': 1.8061539955068244, 'noise_gpe_sigma': 76.26639251551934, 'noise_gpi_sigma': 92.08940763151998, 'g_stn_gpe_mult': 2.697278846154508, 'g_gpe_stn_mult': 0.3487574885269913, 'g_stn_gpi_mult': 2.2022267595808502, 'g_gpe_gpi_mult': 0.4581257664260349}. Best is trial 72 with value: 1.085955108988597.
[I 2026-05-28 03:05:32,363] Trial 85 finished with value: 14.861656977546161 and parameters: {'ISTN': 73.13392110380919, 'I_gpe': 1.8381602083929807, 'I_gpi': 2.942579361986989, 'noise_stn_sigma': 3.8001304843541432, 'noise_gpe_sigma': 126.18216558457596, 'noise_gpi_sigma': 119.72964716990015, 'g_stn_gpe_mult': 2.5422761017483753, 'g_gpe_stn_mult': 0.35839270017193803, 'g_stn_gpi_mult': 3.019315806984997, 'g_gpe_gpi_mult': 0.577938741050469}. Best is trial 72 with value: 1.085955108988597.
[I 2026-05-28 03:05:33,375] Trial 86 finished with value: 9.765564741973803 and parameters: {'ISTN': 63.50769497258828, 'I_gpe': 2.259027833130296, 'I_gpi': 2.5391563623613935, 'noise_stn_sigma': 3.561248871767224, 'noise_gpe_sigma': 74.86122750158705, 'noise_gpi_sigma': 110.72205235399385, 'g_stn_gpe_mult': 1.6578291979743947, 'g_gpe_stn_mult': 0.4150897166784866, 'g_stn_gpi_mult': 1.8641426963966659, 'g_gpe_gpi_mult': 0.7502737074610799}. Best is trial 72 with value: 1.085955108988597.
[I 2026-05-28 03:05:34,385] Trial 87 finished with value: 10.923697103474355 and parameters: {'ISTN': 69.29176166356908, 'I_gpe': 0.8802010400729283, 'I_gpi': 3.011558712814616, 'noise_stn_sigma': 3.18141995091013, 'noise_gpe_sigma': 135.49507346477566, 'noise_gpi_sigma': 76.8196313505695, 'g_stn_gpe_mult': 2.5531945934114404, 'g_gpe_stn_mult': 0.24572216036449585, 'g_stn_gpi_mult': 2.9696928426284814, 'g_gpe_gpi_mult': 0.6604094772126963}. Best is trial 72 with value: 1.085955108988597.
