[I 2026-05-28 04:09:05,954] Trial 836 finished with value: 0.12888725127282427 and parameters: {'ISTN': 60.21710286614453, 'I_gpe': 1.1475526302970875, 'I_gpi': 1.996920678223972, 'noise_stn_sigma': 2.6407230486757154, 'noise_gpe_sigma': 106.11062301932216, 'noise_gpi_sigma': 82.09038563898633, 'g_stn_gpe_mult': 3.321495304836022, 'g_gpe_stn_mult': 0.17302300103824664, 'g_stn_gpi_mult': 2.5887247448159645, 'g_gpe_gpi_mult': 0.3128397774782363}. Best is trial 754 with value: 0.12560915155228763.
[I 2026-05-28 04:09:06,960] Trial 837 finished with value: 0.13090969558111715 and parameters: {'ISTN': 60.188286742410355, 'I_gpe': 1.1678126633433124, 'I_gpi': 2.0512349776187198, 'noise_stn_sigma': 2.6658782520417827, 'noise_gpe_sigma': 105.4718621876114, 'noise_gpi_sigma': 82.79928337680104, 'g_stn_gpe_mult': 3.328302484042563, 'g_gpe_stn_mult': 0.17385838346794555, 'g_stn_gpi_mult': 2.5517725930350377, 'g_gpe_gpi_mult': 0.3280442702098014}. Best is trial 754 with value: 0.12560915155228763.
[I 2026-05-28 04:09:07,965] Trial 838 finished with value: 0.13352020838514125 and parameters: {'ISTN': 60.47441952441348, 'I_gpe': 1.1814280979228156, 'I_gpi': 2.0395684597511696, 'noise_stn_sigma': 2.665085940938156, 'noise_gpe_sigma': 106.64303673841457, 'noise_gpi_sigma': 82.81118379909614, 'g_stn_gpe_mult': 3.3309666800664326, 'g_gpe_stn_mult': 0.1702992737621506, 'g_stn_gpi_mult': 2.5655688442209055, 'g_gpe_gpi_mult': 0.321256565993055}. Best is trial 754 with value: 0.12560915155228763.
[I 2026-05-28 04:09:08,972] Trial 839 finished with value: 0.13085447002019343 and parameters: {'ISTN': 60.39872911663249, 'I_gpe': 1.1661656179703148, 'I_gpi': 2.0225543532679056, 'noise_stn_sigma': 2.6836578451295496, 'noise_gpe_sigma': 106.65581928857749, 'noise_gpi_sigma': 82.16157984656701, 'g_stn_gpe_mult': 3.308748731243456, 'g_gpe_stn_mult': 0.1715168735793317, 'g_stn_gpi_mult': 2.583661753594522, 'g_gpe_gpi_mult': 0.3149631629979581}. Best is trial 754 with value: 0.12560915155228763.
[I 2026-05-28 04:09:09,978] Trial 840 finished with value: 0.13461157573166105 and parameters: {'ISTN': 60.077392770979934, 'I_gpe': 1.177393697650952, 'I_gpi': 2.0189560588037088, 'noise_stn_sigma': 2.66197550360232, 'noise_gpe_sigma': 106.00777329253316, 'noise_gpi_sigma': 82.54925161524346, 'g_stn_gpe_mult': 3.2492122594571753, 'g_gpe_stn_mult': 0.1724433389073286, 'g_stn_gpi_mult': 2.5939725927676536, 'g_gpe_gpi_mult': 0.31075064294499577}. Best is trial 754 with value: 0.12560915155228763.
[I 2026-05-28 04:09:10,987] Trial 841 finished with value: 0.12996058738705044 and parameters: {'ISTN': 60.108713510245366, 'I_gpe': 1.139772232278196, 'I_gpi': 2.027952086862026, 'noise_stn_sigma': 2.6647561714138943, 'noise_gpe_sigma': 105.47433704557992, 'noise_gpi_sigma': 82.14438359646468, 'g_stn_gpe_mult': 3.3152790531704435, 'g_gpe_stn_mult': 0.17520287236258747, 'g_stn_gpi_mult': 2.5798296485283734, 'g_gpe_gpi_mult': 0.3217514465441008}. Best is trial 754 with value: 0.12560915155228763.
[I 2026-05-28 04:09:11,992] Trial 842 finished with value: 0.12997600200174753 and parameters: {'ISTN': 60.17652315981767, 'I_gpe': 1.1547262810593133, 'I_gpi': 2.033517455468947, 'noise_stn_sigma': 2.673878510764995, 'noise_gpe_sigma': 106.46643958020663, 'noise_gpi_sigma': 82.54409313596459, 'g_stn_gpe_mult': 3.3482574145570254, 'g_gpe_stn_mult': 0.17598991759499838, 'g_stn_gpi_mult': 2.5565094773379924, 'g_gpe_gpi_mult': 0.32335180957362675}. Best is trial 754 with value: 0.12560915155228763.
[I 2026-05-28 04:09:12,998] Trial 843 finished with value: 0.1276682747494928 and parameters: {'ISTN': 60.03152482919347, 'I_gpe': 1.164289380289201, 'I_gpi': 2.017764263097093, 'noise_stn_sigma': 2.681696474025827, 'noise_gpe_sigma': 104.86913532561674, 'noise_gpi_sigma': 82.15820104073379, 'g_stn_gpe_mult': 3.3206368644188706, 'g_gpe_stn_mult': 0.174114432126807, 'g_stn_gpi_mult': 2.5909699139077813, 'g_gpe_gpi_mult': 0.33104113496615906}. Best is trial 754 with value: 0.12560915155228763.
[I 2026-05-28 04:09:14,004] Trial 844 finished with value: 0.1285429805584581 and parameters: {'ISTN': 60.15681044126322, 'I_gpe': 1.1638363675863728, 'I_gpi': 2.0174291578494596, 'noise_stn_sigma': 2.6949621460815316, 'noise_gpe_sigma': 105.94814752662595, 'noise_gpi_sigma': 81.81079904036798, 'g_stn_gpe_mult': 3.320661089548424, 'g_gpe_stn_mult': 0.17321307016834642, 'g_stn_gpi_mult': 2.6111186904509323, 'g_gpe_gpi_mult': 0.3160863251800994}. Best is trial 754 with value: 0.12560915155228763.
[I 2026-05-28 04:09:15,009] Trial 845 finished with value: 0.13268648415562972 and parameters: {'ISTN': 60.2753142615384, 'I_gpe': 1.1416722657666938, 'I_gpi': 2.023941220674433, 'noise_stn_sigma': 2.68014601738519, 'noise_gpe_sigma': 105.44744772040036, 'noise_gpi_sigma': 82.25194903496295, 'g_stn_gpe_mult': 3.328622706498118, 'g_gpe_stn_mult': 0.1731370251562684, 'g_stn_gpi_mult': 2.5496957158473745, 'g_gpe_gpi_mult': 0.3216913629122504}. Best is trial 754 with value: 0.12560915155228763.
[I 2026-05-28 04:09:16,016] Trial 846 finished with value: 0.13188038786831224 and parameters: {'ISTN': 60.27058098170272, 'I_gpe': 1.1466576910310429, 'I_gpi': 2.038043823185439, 'noise_stn_sigma': 2.685430234864401, 'noise_gpe_sigma': 105.65316876191032, 'noise_gpi_sigma': 82.69246056545055, 'g_stn_gpe_mult': 3.3336828470659405, 'g_gpe_stn_mult': 0.1740934793834792, 'g_stn_gpi_mult': 2.59141533388374, 'g_gpe_gpi_mult': 0.33087622504448055}. Best is trial 754 with value: 0.12560915155228763.
[I 2026-05-28 04:09:17,022] Trial 847 finished with value: 0.1312552018913615 and parameters: {'ISTN': 60.086017374738056, 'I_gpe': 1.1530471444660157, 'I_gpi': 1.9995694709098493, 'noise_stn_sigma': 2.672489360411417, 'noise_gpe_sigma': 105.6328350230508, 'noise_gpi_sigma': 83.32118853888464, 'g_stn_gpe_mult': 3.3606545408931163, 'g_gpe_stn_mult': 0.17363389030956983, 'g_stn_gpi_mult': 2.587466916218323, 'g_gpe_gpi_mult': 0.31565571662742853}. Best is trial 754 with value: 0.12560915155228763.
[I 2026-05-28 04:09:18,026] Trial 848 finished with value: 0.13107132733928853 and parameters: {'ISTN': 60.24684126734749, 'I_gpe': 1.1332574948826313, 'I_gpi': 2.018981592355396, 'noise_stn_sigma': 2.561360831991365, 'noise_gpe_sigma': 106.64403662977338, 'noise_gpi_sigma': 82.75743242932009, 'g_stn_gpe_mult': 3.3718936209231236, 'g_gpe_stn_mult': 0.17436015330254964, 'g_stn_gpi_mult': 2.5588927699211865, 'g_gpe_gpi_mult': 0.3046942140192882}. Best is trial 754 with value: 0.12560915155228763.
[I 2026-05-28 04:09:19,030] Trial 849 finished with value: 0.13233930978663158 and parameters: {'ISTN': 60.48589629658386, 'I_gpe': 1.1510545345537442, 'I_gpi': 2.035024754425087, 'noise_stn_sigma': 2.6564748447491544, 'noise_gpe_sigma': 107.17151220886304, 'noise_gpi_sigma': 82.3325262075903, 'g_stn_gpe_mult': 3.3283825895079797, 'g_gpe_stn_mult': 0.17023873412953394, 'g_stn_gpi_mult': 2.595192189934109, 'g_gpe_gpi_mult': 0.30752688082419327}. Best is trial 754 with value: 0.12560915155228763.
[I 2026-05-28 04:09:20,034] Trial 850 finished with value: 0.12992462965633214 and parameters: {'ISTN': 60.139489115535596, 'I_gpe': 1.1523054694996286, 'I_gpi': 1.9825163853127845, 'noise_stn_sigma': 2.6256875403262105, 'noise_gpe_sigma': 105.77368396121699, 'noise_gpi_sigma': 83.44768283711679, 'g_stn_gpe_mult': 3.331352162015108, 'g_gpe_stn_mult': 0.17634984960669786, 'g_stn_gpi_mult': 2.559800118287149, 'g_gpe_gpi_mult': 0.3208161126217502}. Best is trial 754 with value: 0.12560915155228763.
[I 2026-05-28 04:09:21,039] Trial 851 finished with value: 0.13021814958345906 and parameters: {'ISTN': 60.232127826701486, 'I_gpe': 1.1384604227795392, 'I_gpi': 1.9952686872891987, 'noise_stn_sigma': 2.6773851087100504, 'noise_gpe_sigma': 105.32044799668361, 'noise_gpi_sigma': 81.60765799531197, 'g_stn_gpe_mult': 3.315291015046202, 'g_gpe_stn_mult': 0.1730979425249269, 'g_stn_gpi_mult': 2.597955714220664, 'g_gpe_gpi_mult': 0.3169006738659323}. Best is trial 754 with value: 0.12560915155228763.
[I 2026-05-28 04:09:22,044] Trial 852 finished with value: 0.1529057420359094 and parameters: {'ISTN': 60.06256400439814, 'I_gpe': 1.1486983869747598, 'I_gpi': 2.0164711736448684, 'noise_stn_sigma': 2.6801984366962754, 'noise_gpe_sigma': 105.67469775810073, 'noise_gpi_sigma': 82.11945172090455, 'g_stn_gpe_mult': 3.3452052380593935, 'g_gpe_stn_mult': 0.1752535280005988, 'g_stn_gpi_mult': 2.594571081157553, 'g_gpe_gpi_mult': 0.3334100283693793}. Best is trial 754 with value: 0.12560915155228763.
[I 2026-05-28 04:09:23,050] Trial 853 finished with value: 0.2076697382791433 and parameters: {'ISTN': 60.13046434123865, 'I_gpe': 1.1576872110637504, 'I_gpi': 2.009019822576702, 'noise_stn_sigma': 2.6329683402365616, 'noise_gpe_sigma': 106.1071725493264, 'noise_gpi_sigma': 83.09734142511786, 'g_stn_gpe_mult': 3.291462037145883, 'g_gpe_stn_mult': 0.17183608061901268, 'g_stn_gpi_mult': 2.56940879658387, 'g_gpe_gpi_mult': 0.314739319482941}. Best is trial 754 with value: 0.12560915155228763.
[I 2026-05-28 04:09:24,056] Trial 854 finished with value: 0.13017955408597773 and parameters: {'ISTN': 60.19916747802445, 'I_gpe': 1.1611738989946256, 'I_gpi': 2.0298230938268045, 'noise_stn_sigma': 2.696952661296519, 'noise_gpe_sigma': 106.54286989262984, 'noise_gpi_sigma': 82.62213595986219, 'g_stn_gpe_mult': 3.3666740455516457, 'g_gpe_stn_mult': 0.17228706358376417, 'g_stn_gpi_mult': 2.567415316512781, 'g_gpe_gpi_mult': 0.3218461912725334}. Best is trial 754 with value: 0.12560915155228763.
[I 2026-05-28 04:09:25,062] Trial 855 finished with value: 0.12839107376494766 and parameters: {'ISTN': 60.2238857410558, 'I_gpe': 1.1572217022997717, 'I_gpi': 1.9992359373980855, 'noise_stn_sigma': 2.656266607832864, 'noise_gpe_sigma': 104.77615430095267, 'noise_gpi_sigma': 81.66978517427042, 'g_stn_gpe_mult': 3.369577125758752, 'g_gpe_stn_mult': 0.1753582061854298, 'g_stn_gpi_mult': 2.5920709872718497, 'g_gpe_gpi_mult': 0.3209621820209993}. Best is trial 754 with value: 0.12560915155228763.
[I 2026-05-28 04:09:26,069] Trial 856 finished with value: 0.13243484180526804 and parameters: {'ISTN': 60.37323365865311, 'I_gpe': 1.175239566614556, 'I_gpi': 2.0370263142413383, 'noise_stn_sigma': 2.726099008896221, 'noise_gpe_sigma': 104.92788665476169, 'noise_gpi_sigma': 82.56278648079993, 'g_stn_gpe_mult': 3.3488607429159836, 'g_gpe_stn_mult': 0.17293423928358895, 'g_stn_gpi_mult': 2.594143503786407, 'g_gpe_gpi_mult': 0.3332883655762369}. Best is trial 754 with value: 0.12560915155228763.
[I 2026-05-28 04:09:27,075] Trial 857 finished with value: 0.13021574982829084 and parameters: {'ISTN': 60.258307455724754, 'I_gpe': 1.147878042621105, 'I_gpi': 2.007230797009276, 'noise_stn_sigma': 2.654656949875352, 'noise_gpe_sigma': 105.05224572312804, 'noise_gpi_sigma': 82.59296799421152, 'g_stn_gpe_mult': 3.340014480538728, 'g_gpe_stn_mult': 0.17277157517706618, 'g_stn_gpi_mult': 2.5984649133610604, 'g_gpe_gpi_mult': 0.32199933251238805}. Best is trial 754 with value: 0.12560915155228763.
[I 2026-05-28 04:09:28,084] Trial 858 finished with value: 0.2789100563586568 and parameters: {'ISTN': 60.133729762338916, 'I_gpe': 1.148563915430186, 'I_gpi': 2.005390869982873, 'noise_stn_sigma': 2.6213262062943254, 'noise_gpe_sigma': 105.35431960372483, 'noise_gpi_sigma': 82.99103120823058, 'g_stn_gpe_mult': 3.3136111370290307, 'g_gpe_stn_mult': 0.17141318487167062, 'g_stn_gpi_mult': 2.571011839761323, 'g_gpe_gpi_mult': 0.3151285483257131}. Best is trial 754 with value: 0.12560915155228763.
[I 2026-05-28 04:09:29,090] Trial 859 finished with value: 0.13088902199461624 and parameters: {'ISTN': 60.095726501323185, 'I_gpe': 1.1629094893055227, 'I_gpi': 2.0195339949884006, 'noise_stn_sigma': 2.5850045010216114, 'noise_gpe_sigma': 104.72216161572564, 'noise_gpi_sigma': 83.27128310541984, 'g_stn_gpe_mult': 3.3114770610640467, 'g_gpe_stn_mult': 0.17527035999807894, 'g_stn_gpi_mult': 2.537587254873838, 'g_gpe_gpi_mult': 0.314705336012226}. Best is trial 754 with value: 0.12560915155228763.
[I 2026-05-28 04:09:30,095] Trial 860 finished with value: 0.13356528575603763 and parameters: {'ISTN': 60.32776995030538, 'I_gpe': 1.1799623068693719, 'I_gpi': 2.01522083824635, 'noise_stn_sigma': 2.67024102391299, 'noise_gpe_sigma': 105.98529877283934, 'noise_gpi_sigma': 83.84269975145219, 'g_stn_gpe_mult': 3.323174907901694, 'g_gpe_stn_mult': 0.17128323188042277, 'g_stn_gpi_mult': 2.5680841040367515, 'g_gpe_gpi_mult': 0.3168608327023543}. Best is trial 754 with value: 0.12560915155228763.
[I 2026-05-28 04:09:31,102] Trial 861 finished with value: 0.1304938232679963 and parameters: {'ISTN': 60.262881356010524, 'I_gpe': 1.1281831972467642, 'I_gpi': 2.0070623299333534, 'noise_stn_sigma': 2.661346908409509, 'noise_gpe_sigma': 105.88734043423713, 'noise_gpi_sigma': 82.52171028881739, 'g_stn_gpe_mult': 3.384452101639921, 'g_gpe_stn_mult': 0.1743072391014734, 'g_stn_gpi_mult': 2.5691860129610684, 'g_gpe_gpi_mult': 0.3300142853495676}. Best is trial 754 with value: 0.12560915155228763.
[I 2026-05-28 04:09:32,107] Trial 862 finished with value: 0.13453159312670038 and parameters: {'ISTN': 60.57406923391334, 'I_gpe': 1.148594512757472, 'I_gpi': 2.000444566607178, 'noise_stn_sigma': 2.628386762380442, 'noise_gpe_sigma': 106.16056400770813, 'noise_gpi_sigma': 82.7809613418643, 'g_stn_gpe_mult': 3.3757177213474066, 'g_gpe_stn_mult': 0.17060878917184497, 'g_stn_gpi_mult': 2.581481154432028, 'g_gpe_gpi_mult': 0.3089724609719505}. Best is trial 754 with value: 0.12560915155228763.
[I 2026-05-28 04:09:33,113] Trial 863 finished with value: 0.1328583027685837 and parameters: {'ISTN': 60.499738983227324, 'I_gpe': 1.1388055811425575, 'I_gpi': 1.9812458081085014, 'noise_stn_sigma': 2.691198166674511, 'noise_gpe_sigma': 105.82341856616868, 'noise_gpi_sigma': 82.09428438487704, 'g_stn_gpe_mult': 3.4056033244548933, 'g_gpe_stn_mult': 0.17070784758336954, 'g_stn_gpi_mult': 2.5861796580168956, 'g_gpe_gpi_mult': 0.32185174393910515}. Best is trial 754 with value: 0.12560915155228763.
[I 2026-05-28 04:09:34,118] Trial 864 finished with value: 0.13065917101551325 and parameters: {'ISTN': 60.628725278050865, 'I_gpe': 1.1503136774212213, 'I_gpi': 2.023506236106832, 'noise_stn_sigma': 2.580398265439603, 'noise_gpe_sigma': 106.00020138482869, 'noise_gpi_sigma': 82.57074345477992, 'g_stn_gpe_mult': 3.3900797468452737, 'g_gpe_stn_mult': 0.16987836180972035, 'g_stn_gpi_mult': 2.5519656017531025, 'g_gpe_gpi_mult': 0.3119426561011696}. Best is trial 754 with value: 0.12560915155228763.
[I 2026-05-28 04:09:35,126] Trial 865 finished with value: 0.1286335148099563 and parameters: {'ISTN': 60.364122901582476, 'I_gpe': 1.1632941633180072, 'I_gpi': 2.025599972288252, 'noise_stn_sigma': 2.705721838942072, 'noise_gpe_sigma': 104.3413410283667, 'noise_gpi_sigma': 82.67827524240468, 'g_stn_gpe_mult': 3.3547127268084376, 'g_gpe_stn_mult': 0.172127560781392, 'g_stn_gpi_mult': 2.556053014590795, 'g_gpe_gpi_mult': 0.32371799144410907}. Best is trial 754 with value: 0.12560915155228763.
[I 2026-05-28 04:09:36,133] Trial 866 finished with value: 0.131849729047133 and parameters: {'ISTN': 60.267538280305295, 'I_gpe': 1.1260761821311012, 'I_gpi': 1.9643620999355513, 'noise_stn_sigma': 2.576780232958142, 'noise_gpe_sigma': 105.68790421574406, 'noise_gpi_sigma': 81.47330348622162, 'g_stn_gpe_mult': 3.3684661489425696, 'g_gpe_stn_mult': 0.17489693655948224, 'g_stn_gpi_mult': 2.591766405275921, 'g_gpe_gpi_mult': 0.3105783815383852}. Best is trial 754 with value: 0.12560915155228763.
[I 2026-05-28 04:09:37,141] Trial 867 finished with value: 0.13173618369388967 and parameters: {'ISTN': 60.43998947538462, 'I_gpe': 1.1792725679299094, 'I_gpi': 2.031016717554693, 'noise_stn_sigma': 2.7027533754273194, 'noise_gpe_sigma': 105.48033364761115, 'noise_gpi_sigma': 81.77414244851701, 'g_stn_gpe_mult': 3.3379854111253415, 'g_gpe_stn_mult': 0.16980318730554173, 'g_stn_gpi_mult': 2.561944892397603, 'g_gpe_gpi_mult': 0.3168424515956598}. Best is trial 754 with value: 0.12560915155228763.
[I 2026-05-28 04:09:38,147] Trial 868 finished with value: 0.13433927676129975 and parameters: {'ISTN': 60.456448371669275, 'I_gpe': 1.184018223375246, 'I_gpi': 2.0348557516869716, 'noise_stn_sigma': 2.6097362463983025, 'noise_gpe_sigma': 105.64720758304196, 'noise_gpi_sigma': 82.68380520638006, 'g_stn_gpe_mult': 3.3590788094952693, 'g_gpe_stn_mult': 0.1706548756725276, 'g_stn_gpi_mult': 2.5810239259693475, 'g_gpe_gpi_mult': 0.32077001384937054}. Best is trial 754 with value: 0.12560915155228763.
[I 2026-05-28 04:09:39,154] Trial 869 finished with value: 0.12654751623235036 and parameters: {'ISTN': 60.10160129224401, 'I_gpe': 1.160212789197191, 'I_gpi': 2.0217232415184436, 'noise_stn_sigma': 2.659383743429072, 'noise_gpe_sigma': 104.94097876556162, 'noise_gpi_sigma': 81.80242864455192, 'g_stn_gpe_mult': 3.35009983487072, 'g_gpe_stn_mult': 0.17280880226835219, 'g_stn_gpi_mult': 2.5832142364014223, 'g_gpe_gpi_mult': 0.3315838560850176}. Best is trial 754 with value: 0.12560915155228763.
[I 2026-05-28 04:09:40,160] Trial 870 finished with value: 0.1518225992931507 and parameters: {'ISTN': 60.043876457624016, 'I_gpe': 1.1588794045353985, 'I_gpi': 2.043822337504019, 'noise_stn_sigma': 2.67553476957222, 'noise_gpe_sigma': 104.47069387926639, 'noise_gpi_sigma': 82.11271149121909, 'g_stn_gpe_mult': 3.3228023678607856, 'g_gpe_stn_mult': 0.1736624030735302, 'g_stn_gpi_mult': 2.563631074908795, 'g_gpe_gpi_mult': 0.3195106150931651}. Best is trial 754 with value: 0.12560915155228763.
[I 2026-05-28 04:09:41,163] Trial 871 finished with value: 0.12832564597386872 and parameters: {'ISTN': 60.31826261883211, 'I_gpe': 1.1706076096377056, 'I_gpi': 2.0424832443313683, 'noise_stn_sigma': 2.601681407757792, 'noise_gpe_sigma': 105.2255774379156, 'noise_gpi_sigma': 82.06152185052358, 'g_stn_gpe_mult': 3.347998067743851, 'g_gpe_stn_mult': 0.1726576861274393, 'g_stn_gpi_mult': 2.564691167553752, 'g_gpe_gpi_mult': 0.3201784651292552}. Best is trial 754 with value: 0.12560915155228763.
[I 2026-05-28 04:09:42,168] Trial 872 finished with value: 0.23159110755529005 and parameters: {'ISTN': 60.203735939290354, 'I_gpe': 1.1447361609087023, 'I_gpi': 2.0383000115805636, 'noise_stn_sigma': 2.659567843108329, 'noise_gpe_sigma': 105.59837410066167, 'noise_gpi_sigma': 82.1579681119627, 'g_stn_gpe_mult': 3.329194518190408, 'g_gpe_stn_mult': 0.17103954898606627, 'g_stn_gpi_mult': 2.5831324435189176, 'g_gpe_gpi_mult': 0.32023807189393283}. Best is trial 754 with value: 0.12560915155228763.
[I 2026-05-28 04:09:43,172] Trial 873 finished with value: 0.12932716790864926 and parameters: {'ISTN': 60.422308384383236, 'I_gpe': 1.1708172351142685, 'I_gpi': 2.0264617479941673, 'noise_stn_sigma': 2.6001491460036448, 'noise_gpe_sigma': 105.22035470678671, 'noise_gpi_sigma': 82.84718472165201, 'g_stn_gpe_mult': 3.3891777352122614, 'g_gpe_stn_mult': 0.17100965549389469, 'g_stn_gpi_mult': 2.5524525921407455, 'g_gpe_gpi_mult': 0.3258835825691017}. Best is trial 754 with value: 0.12560915155228763.
[I 2026-05-28 04:09:44,178] Trial 874 finished with value: 0.13225166182444953 and parameters: {'ISTN': 60.350622235409205, 'I_gpe': 1.1437851419497937, 'I_gpi': 2.012461473907469, 'noise_stn_sigma': 2.604590063567896, 'noise_gpe_sigma': 104.56639816551468, 'noise_gpi_sigma': 81.89648586315583, 'g_stn_gpe_mult': 3.3410969284824388, 'g_gpe_stn_mult': 0.17392288689434066, 'g_stn_gpi_mult': 2.5428334402046064, 'g_gpe_gpi_mult': 0.3236633401933267}. Best is trial 754 with value: 0.12560915155228763.
[I 2026-05-28 04:09:45,185] Trial 875 finished with value: 0.1306619464018113 and parameters: {'ISTN': 60.33700884759484, 'I_gpe': 1.1452151523404022, 'I_gpi': 2.014015309385538, 'noise_stn_sigma': 2.675770572376684, 'noise_gpe_sigma': 104.08216886597776, 'noise_gpi_sigma': 82.51847428211397, 'g_stn_gpe_mult': 3.3990202382740087, 'g_gpe_stn_mult': 0.17188188775186053, 'g_stn_gpi_mult': 2.534743215445844, 'g_gpe_gpi_mult': 0.34027247170541397}. Best is trial 754 with value: 0.12560915155228763.
[I 2026-05-28 04:09:46,194] Trial 876 finished with value: 0.1297670647376293 and parameters: {'ISTN': 60.461577273425995, 'I_gpe': 1.1515695912895798, 'I_gpi': 2.0380425562010576, 'noise_stn_sigma': 2.648776278409832, 'noise_gpe_sigma': 104.83848867937297, 'noise_gpi_sigma': 81.9108970228981, 'g_stn_gpe_mult': 3.3825713695506088, 'g_gpe_stn_mult': 0.17164475932636025, 'g_stn_gpi_mult': 2.5587121295538973, 'g_gpe_gpi_mult': 0.3319776331925058}. Best is trial 754 with value: 0.12560915155228763.
[I 2026-05-28 04:09:47,200] Trial 877 finished with value: 0.13029490381537032 and parameters: {'ISTN': 60.212520552140965, 'I_gpe': 1.1486806995736707, 'I_gpi': 1.9995577420180228, 'noise_stn_sigma': 2.73342793756397, 'noise_gpe_sigma': 104.30437038350557, 'noise_gpi_sigma': 81.97153689487905, 'g_stn_gpe_mult': 3.3713867551183485, 'g_gpe_stn_mult': 0.17370300069653716, 'g_stn_gpi_mult': 2.5592165472406876, 'g_gpe_gpi_mult': 0.33487895223396935}. Best is trial 754 with value: 0.12560915155228763.
[I 2026-05-28 04:09:48,208] Trial 878 finished with value: 0.13288198139553878 and parameters: {'ISTN': 60.37887616958502, 'I_gpe': 1.1714546111962703, 'I_gpi': 2.044002021834979, 'noise_stn_sigma': 2.6569078128157937, 'noise_gpe_sigma': 104.07297170805236, 'noise_gpi_sigma': 81.97975684710013, 'g_stn_gpe_mult': 3.344737035388542, 'g_gpe_stn_mult': 0.17017494758386853, 'g_stn_gpi_mult': 2.587131947015055, 'g_gpe_gpi_mult': 0.3251351507289073}. Best is trial 754 with value: 0.12560915155228763.
[I 2026-05-28 04:09:49,214] Trial 879 finished with value: 0.13415766030127177 and parameters: {'ISTN': 60.580621766170395, 'I_gpe': 1.1414762168296337, 'I_gpi': 2.01330319557439, 'noise_stn_sigma': 2.7354174360644157, 'noise_gpe_sigma': 105.55165884535818, 'noise_gpi_sigma': 82.1841805060156, 'g_stn_gpe_mult': 3.3725763959385597, 'g_gpe_stn_mult': 0.17241136660089884, 'g_stn_gpi_mult': 2.598995311154308, 'g_gpe_gpi_mult': 0.33072387594522956}. Best is trial 754 with value: 0.12560915155228763.
