[I 2026-05-28 03:18:55,772] Trial 880 finished with value: 0.1275356434671717 and parameters: {'ISTN': 60.07841154396018, 'I_gpe': 1.2024273401340797, 'I_gpi': 1.8514078431557217, 'noise_stn_sigma': 2.428947355747964, 'noise_gpe_sigma': 105.06611404155788, 'noise_gpi_sigma': 83.186134491828, 'g_stn_gpe_mult': 2.616592486004212, 'g_gpe_stn_mult': 0.171819565245232, 'g_stn_gpi_mult': 3.5863221323748036, 'g_gpe_gpi_mult': 1.0206739659300739}. Best is trial 840 with value: 0.12482692379131191.
[I 2026-05-28 03:18:56,786] Trial 881 finished with value: 0.13382008256145111 and parameters: {'ISTN': 60.61151305157574, 'I_gpe': 1.208520867769622, 'I_gpi': 1.8565092737402749, 'noise_stn_sigma': 2.426357876794593, 'noise_gpe_sigma': 105.04759553013221, 'noise_gpi_sigma': 84.84456568808568, 'g_stn_gpe_mult': 2.7040878641342716, 'g_gpe_stn_mult': 0.17073986525433504, 'g_stn_gpi_mult': 3.5447719323985227, 'g_gpe_gpi_mult': 1.0463111825808908}. Best is trial 840 with value: 0.12482692379131191.
[I 2026-05-28 03:18:57,801] Trial 882 finished with value: 0.12895648597161138 and parameters: {'ISTN': 60.27440538230799, 'I_gpe': 1.229649179589483, 'I_gpi': 1.8301702411570482, 'noise_stn_sigma': 2.4434790083229583, 'noise_gpe_sigma': 104.21086828262573, 'noise_gpi_sigma': 82.57145677544374, 'g_stn_gpe_mult': 2.6104754140526953, 'g_gpe_stn_mult': 0.17559636184220295, 'g_stn_gpi_mult': 3.624025188088042, 'g_gpe_gpi_mult': 1.0128845501447175}. Best is trial 840 with value: 0.12482692379131191.
[I 2026-05-28 03:18:58,811] Trial 883 finished with value: 0.1290271971264912 and parameters: {'ISTN': 60.000012286076476, 'I_gpe': 1.2422756140189644, 'I_gpi': 1.84273510779126, 'noise_stn_sigma': 2.4817691592817157, 'noise_gpe_sigma': 104.54649150199506, 'noise_gpi_sigma': 84.71603623652811, 'g_stn_gpe_mult': 2.6788053318398575, 'g_gpe_stn_mult': 0.17880076390310906, 'g_stn_gpi_mult': 3.5617142832295174, 'g_gpe_gpi_mult': 1.0418681563783585}. Best is trial 840 with value: 0.12482692379131191.
[I 2026-05-28 03:18:59,822] Trial 884 finished with value: 0.13877341995103523 and parameters: {'ISTN': 60.40229679276973, 'I_gpe': 1.243173467181037, 'I_gpi': 1.8330310292785073, 'noise_stn_sigma': 2.3095290402529516, 'noise_gpe_sigma': 105.967179822052, 'noise_gpi_sigma': 81.47378259688097, 'g_stn_gpe_mult': 2.5928680874784935, 'g_gpe_stn_mult': 0.177538625544892, 'g_stn_gpi_mult': 3.6002730275905774, 'g_gpe_gpi_mult': 1.0191755220392587}. Best is trial 840 with value: 0.12482692379131191.
[I 2026-05-28 03:19:00,834] Trial 885 finished with value: 0.13393110850676807 and parameters: {'ISTN': 60.25354009033477, 'I_gpe': 1.2271272497775316, 'I_gpi': 1.8550140751607767, 'noise_stn_sigma': 2.4444255416861402, 'noise_gpe_sigma': 104.98353469693984, 'noise_gpi_sigma': 83.17347899612724, 'g_stn_gpe_mult': 2.6233141663789206, 'g_gpe_stn_mult': 0.17131755561706086, 'g_stn_gpi_mult': 3.5859930613197135, 'g_gpe_gpi_mult': 1.0252924544458748}. Best is trial 840 with value: 0.12482692379131191.
[I 2026-05-28 03:19:01,845] Trial 886 finished with value: 0.1324910042026913 and parameters: {'ISTN': 60.47806545398797, 'I_gpe': 1.197577015754514, 'I_gpi': 1.8446008013452833, 'noise_stn_sigma': 2.467930561004273, 'noise_gpe_sigma': 104.97513627549696, 'noise_gpi_sigma': 80.30065766743763, 'g_stn_gpe_mult': 2.7118369019932915, 'g_gpe_stn_mult': 0.16421937360295824, 'g_stn_gpi_mult': 3.5545844437156946, 'g_gpe_gpi_mult': 1.0085271536493374}. Best is trial 840 with value: 0.12482692379131191.
[I 2026-05-28 03:19:02,858] Trial 887 finished with value: 0.13297364736200032 and parameters: {'ISTN': 60.254769273272906, 'I_gpe': 1.1927016187081856, 'I_gpi': 1.8413449786885767, 'noise_stn_sigma': 2.4124054970245794, 'noise_gpe_sigma': 104.92345070492227, 'noise_gpi_sigma': 83.90710902657361, 'g_stn_gpe_mult': 2.614914160050648, 'g_gpe_stn_mult': 0.1733622298828051, 'g_stn_gpi_mult': 3.6118808140341256, 'g_gpe_gpi_mult': 1.0159942300852118}. Best is trial 840 with value: 0.12482692379131191.
[I 2026-05-28 03:19:03,873] Trial 888 finished with value: 0.16969481805753833 and parameters: {'ISTN': 60.48236201988101, 'I_gpe': 1.215089913961227, 'I_gpi': 1.8891699338730343, 'noise_stn_sigma': 2.47048045162881, 'noise_gpe_sigma': 105.1371572602737, 'noise_gpi_sigma': 81.1790738001999, 'g_stn_gpe_mult': 2.684149550711575, 'g_gpe_stn_mult': 0.16548756930187725, 'g_stn_gpi_mult': 3.56010192849656, 'g_gpe_gpi_mult': 1.0535161817630838}. Best is trial 840 with value: 0.12482692379131191.
[I 2026-05-28 03:19:04,885] Trial 889 finished with value: 0.13280038823058812 and parameters: {'ISTN': 60.855645255309724, 'I_gpe': 1.2037146969042594, 'I_gpi': 1.863602816137218, 'noise_stn_sigma': 2.3495243009339974, 'noise_gpe_sigma': 105.75661835753053, 'noise_gpi_sigma': 84.98181801955472, 'g_stn_gpe_mult': 2.649013519738603, 'g_gpe_stn_mult': 0.16955291011854437, 'g_stn_gpi_mult': 3.5546592456761816, 'g_gpe_gpi_mult': 1.037930940124984}. Best is trial 840 with value: 0.12482692379131191.
[I 2026-05-28 03:19:05,895] Trial 890 finished with value: 0.13557719762266318 and parameters: {'ISTN': 60.44305562047144, 'I_gpe': 1.2306397934970188, 'I_gpi': 1.83815738598578, 'noise_stn_sigma': 2.469902012151672, 'noise_gpe_sigma': 104.82668671328337, 'noise_gpi_sigma': 83.70607576403148, 'g_stn_gpe_mult': 2.63773417124053, 'g_gpe_stn_mult': 0.17436139935933653, 'g_stn_gpi_mult': 3.5965921343494025, 'g_gpe_gpi_mult': 1.0486060386393519}. Best is trial 840 with value: 0.12482692379131191.
[I 2026-05-28 03:19:06,909] Trial 891 finished with value: 0.13197624835831126 and parameters: {'ISTN': 60.19134751012216, 'I_gpe': 1.2201407344584905, 'I_gpi': 1.8316803523617282, 'noise_stn_sigma': 2.4267326443271653, 'noise_gpe_sigma': 104.75490816505668, 'noise_gpi_sigma': 82.71051502648248, 'g_stn_gpe_mult': 2.6529210012745543, 'g_gpe_stn_mult': 0.17536814918178464, 'g_stn_gpi_mult': 3.5658573955137562, 'g_gpe_gpi_mult': 1.017181264802243}. Best is trial 840 with value: 0.12482692379131191.
[I 2026-05-28 03:19:07,920] Trial 892 finished with value: 0.1361168465295173 and parameters: {'ISTN': 60.48216071965288, 'I_gpe': 1.2116414289570834, 'I_gpi': 1.8458039819109682, 'noise_stn_sigma': 2.3978741515803055, 'noise_gpe_sigma': 105.93112929229973, 'noise_gpi_sigma': 83.25743384187177, 'g_stn_gpe_mult': 2.625546278496622, 'g_gpe_stn_mult': 0.17690902366337788, 'g_stn_gpi_mult': 3.568549813208648, 'g_gpe_gpi_mult': 1.0133241291677537}. Best is trial 840 with value: 0.12482692379131191.
[I 2026-05-28 03:19:08,931] Trial 893 finished with value: 0.13541349507530284 and parameters: {'ISTN': 60.474039235627636, 'I_gpe': 1.2255178879103097, 'I_gpi': 1.8160094669085636, 'noise_stn_sigma': 2.4527417255043185, 'noise_gpe_sigma': 104.69181324473134, 'noise_gpi_sigma': 83.05074541268023, 'g_stn_gpe_mult': 2.638001553803244, 'g_gpe_stn_mult': 0.17319430550103085, 'g_stn_gpi_mult': 3.5935983866178574, 'g_gpe_gpi_mult': 1.037103850930406}. Best is trial 840 with value: 0.12482692379131191.
[I 2026-05-28 03:19:09,947] Trial 894 finished with value: 0.1333120266853716 and parameters: {'ISTN': 60.200369679218944, 'I_gpe': 1.2125306466865573, 'I_gpi': 1.8154131039877908, 'noise_stn_sigma': 2.3921819892159295, 'noise_gpe_sigma': 104.90567389423113, 'noise_gpi_sigma': 82.17304374053245, 'g_stn_gpe_mult': 2.6091975673805994, 'g_gpe_stn_mult': 0.1751128449942127, 'g_stn_gpi_mult': 3.6052478311584037, 'g_gpe_gpi_mult': 1.0052387515697558}. Best is trial 840 with value: 0.12482692379131191.
[I 2026-05-28 03:19:10,959] Trial 895 finished with value: 0.14163660483327603 and parameters: {'ISTN': 60.58107408593569, 'I_gpe': 1.2079803611776176, 'I_gpi': 1.826887326766908, 'noise_stn_sigma': 2.4049179906240647, 'noise_gpe_sigma': 103.69605598260375, 'noise_gpi_sigma': 81.23159153170707, 'g_stn_gpe_mult': 2.6869557251174254, 'g_gpe_stn_mult': 0.17122062824729317, 'g_stn_gpi_mult': 3.619859434111615, 'g_gpe_gpi_mult': 1.0208386650376176}. Best is trial 840 with value: 0.12482692379131191.
[I 2026-05-28 03:19:11,971] Trial 896 finished with value: 0.14138477330094268 and parameters: {'ISTN': 60.63262721147668, 'I_gpe': 1.2498410788371574, 'I_gpi': 1.858310681734997, 'noise_stn_sigma': 2.441760987142713, 'noise_gpe_sigma': 103.7035531496256, 'noise_gpi_sigma': 84.7012868823783, 'g_stn_gpe_mult': 2.622435075438455, 'g_gpe_stn_mult': 0.17369553073823962, 'g_stn_gpi_mult': 3.5838883919613242, 'g_gpe_gpi_mult': 1.0197882094574786}. Best is trial 840 with value: 0.12482692379131191.
[I 2026-05-28 03:19:12,985] Trial 897 finished with value: 0.1311451771082469 and parameters: {'ISTN': 60.30841302996374, 'I_gpe': 1.235789120659934, 'I_gpi': 1.8439967298697564, 'noise_stn_sigma': 2.418193252889563, 'noise_gpe_sigma': 105.39300935348479, 'noise_gpi_sigma': 82.89442301161213, 'g_stn_gpe_mult': 2.661361167074425, 'g_gpe_stn_mult': 0.17140176170401303, 'g_stn_gpi_mult': 3.581211509031705, 'g_gpe_gpi_mult': 1.037056810026227}. Best is trial 840 with value: 0.12482692379131191.
[I 2026-05-28 03:19:13,998] Trial 898 finished with value: 0.13527777267185 and parameters: {'ISTN': 60.61836409238311, 'I_gpe': 1.240451573821387, 'I_gpi': 1.8285030545978058, 'noise_stn_sigma': 2.4072377891688905, 'noise_gpe_sigma': 104.23348305220091, 'noise_gpi_sigma': 83.39294071654524, 'g_stn_gpe_mult': 2.6605219824182984, 'g_gpe_stn_mult': 0.1717891411705495, 'g_stn_gpi_mult': 3.593497132190943, 'g_gpe_gpi_mult': 1.0304049284587296}. Best is trial 840 with value: 0.12482692379131191.
[I 2026-05-28 03:19:15,010] Trial 899 finished with value: 0.13409676374627005 and parameters: {'ISTN': 60.20356023761924, 'I_gpe': 1.2367790362973239, 'I_gpi': 1.8439244001833224, 'noise_stn_sigma': 2.508254523407923, 'noise_gpe_sigma': 105.1276429620925, 'noise_gpi_sigma': 84.25746915494912, 'g_stn_gpe_mult': 2.641148039629384, 'g_gpe_stn_mult': 0.1740189027159351, 'g_stn_gpi_mult': 3.6135158748999405, 'g_gpe_gpi_mult': 1.0314543927824615}. Best is trial 840 with value: 0.12482692379131191.
[I 2026-05-28 03:19:16,020] Trial 900 finished with value: 0.13408927477628985 and parameters: {'ISTN': 60.35197870645138, 'I_gpe': 1.2367614228054817, 'I_gpi': 1.850439091217271, 'noise_stn_sigma': 2.4522463877867215, 'noise_gpe_sigma': 106.07646933979615, 'noise_gpi_sigma': 81.53141245890554, 'g_stn_gpe_mult': 2.68869796008735, 'g_gpe_stn_mult': 0.17418668185206307, 'g_stn_gpi_mult': 3.590023735389744, 'g_gpe_gpi_mult': 1.023681434857976}. Best is trial 840 with value: 0.12482692379131191.
[I 2026-05-28 03:19:17,034] Trial 901 finished with value: 0.13262139534350062 and parameters: {'ISTN': 60.231339902565104, 'I_gpe': 1.2136319128802209, 'I_gpi': 1.840087772461584, 'noise_stn_sigma': 2.387935972177326, 'noise_gpe_sigma': 104.97603786811395, 'noise_gpi_sigma': 82.16273092746093, 'g_stn_gpe_mult': 2.665124569452003, 'g_gpe_stn_mult': 0.17532445109852735, 'g_stn_gpi_mult': 3.5648788715578883, 'g_gpe_gpi_mult': 1.0199199073251788}. Best is trial 840 with value: 0.12482692379131191.
[I 2026-05-28 03:19:18,048] Trial 902 finished with value: 0.13474776900448612 and parameters: {'ISTN': 60.12506016535764, 'I_gpe': 1.2524323369702612, 'I_gpi': 1.841185594263551, 'noise_stn_sigma': 2.439865439977369, 'noise_gpe_sigma': 105.76611428383104, 'noise_gpi_sigma': 81.21070444482382, 'g_stn_gpe_mult': 2.6675106772508554, 'g_gpe_stn_mult': 0.17204483829597095, 'g_stn_gpi_mult': 3.5668782050726486, 'g_gpe_gpi_mult': 1.018385848556151}. Best is trial 840 with value: 0.12482692379131191.
[I 2026-05-28 03:19:19,059] Trial 903 finished with value: 0.14174414197354032 and parameters: {'ISTN': 60.29781594504048, 'I_gpe': 1.2135525510855658, 'I_gpi': 1.834345172504213, 'noise_stn_sigma': 2.404359891506201, 'noise_gpe_sigma': 104.68685911428095, 'noise_gpi_sigma': 83.29709821734522, 'g_stn_gpe_mult': 2.6593155198201126, 'g_gpe_stn_mult': 0.17461327228702012, 'g_stn_gpi_mult': 3.5946165967582213, 'g_gpe_gpi_mult': 1.0204087901749281}. Best is trial 840 with value: 0.12482692379131191.
[I 2026-05-28 03:19:20,074] Trial 904 finished with value: 0.12654668346693454 and parameters: {'ISTN': 60.331334014865256, 'I_gpe': 1.1806408736161318, 'I_gpi': 1.8499708364648035, 'noise_stn_sigma': 2.41614740190037, 'noise_gpe_sigma': 105.27774928484554, 'noise_gpi_sigma': 82.05833687231639, 'g_stn_gpe_mult': 2.64418779138585, 'g_gpe_stn_mult': 0.1699717927799681, 'g_stn_gpi_mult': 3.5982791795028515, 'g_gpe_gpi_mult': 1.0426538907373157}. Best is trial 840 with value: 0.12482692379131191.
[I 2026-05-28 03:19:21,085] Trial 905 finished with value: 0.13309223190726538 and parameters: {'ISTN': 60.45146692647848, 'I_gpe': 1.2179445372722157, 'I_gpi': 1.8476050529255676, 'noise_stn_sigma': 2.4688009923661935, 'noise_gpe_sigma': 104.62428889205823, 'noise_gpi_sigma': 84.29753179823874, 'g_stn_gpe_mult': 2.668765753575415, 'g_gpe_stn_mult': 0.17317299778088158, 'g_stn_gpi_mult': 3.6036855258549294, 'g_gpe_gpi_mult': 1.0376582801913217}. Best is trial 840 with value: 0.12482692379131191.
[I 2026-05-28 03:19:22,096] Trial 906 finished with value: 0.1288176104968887 and parameters: {'ISTN': 60.01198252894251, 'I_gpe': 1.192015663272453, 'I_gpi': 1.8332016832697597, 'noise_stn_sigma': 2.406472329649462, 'noise_gpe_sigma': 105.54212135200012, 'noise_gpi_sigma': 81.81867942366293, 'g_stn_gpe_mult': 2.63564037725837, 'g_gpe_stn_mult': 0.17473780954071838, 'g_stn_gpi_mult': 3.606745889561949, 'g_gpe_gpi_mult': 1.0304806321864948}. Best is trial 840 with value: 0.12482692379131191.
[I 2026-05-28 03:19:23,109] Trial 907 finished with value: 0.13467432842751864 and parameters: {'ISTN': 60.7640931314261, 'I_gpe': 1.215986398815067, 'I_gpi': 1.8621716907443249, 'noise_stn_sigma': 2.446042252520693, 'noise_gpe_sigma': 104.42031873993142, 'noise_gpi_sigma': 83.17855477908574, 'g_stn_gpe_mult': 2.652717480921784, 'g_gpe_stn_mult': 0.17113737132959705, 'g_stn_gpi_mult': 3.581357108068597, 'g_gpe_gpi_mult': 1.0308816815039383}. Best is trial 840 with value: 0.12482692379131191.
[I 2026-05-28 03:19:24,121] Trial 908 finished with value: 0.13094714334606813 and parameters: {'ISTN': 60.25915944239971, 'I_gpe': 1.1927404160827684, 'I_gpi': 1.8404566103186355, 'noise_stn_sigma': 2.3624668250244785, 'noise_gpe_sigma': 105.32273250785863, 'noise_gpi_sigma': 81.8061699538909, 'g_stn_gpe_mult': 2.6364025169229244, 'g_gpe_stn_mult': 0.1749329970512023, 'g_stn_gpi_mult': 3.619066818900912, 'g_gpe_gpi_mult': 1.0146040486570842}. Best is trial 840 with value: 0.12482692379131191.
[I 2026-05-28 03:19:25,131] Trial 909 finished with value: 0.13286327195870734 and parameters: {'ISTN': 60.37412655706358, 'I_gpe': 1.240743819266953, 'I_gpi': 1.8477392100495347, 'noise_stn_sigma': 2.3877646416462657, 'noise_gpe_sigma': 105.79495721826669, 'noise_gpi_sigma': 81.14425879628396, 'g_stn_gpe_mult': 2.6938416444918554, 'g_gpe_stn_mult': 0.16960567358077666, 'g_stn_gpi_mult': 3.5470146274447125, 'g_gpe_gpi_mult': 1.040654770144959}. Best is trial 840 with value: 0.12482692379131191.
[I 2026-05-28 03:19:26,143] Trial 910 finished with value: 0.34659238904969025 and parameters: {'ISTN': 60.11883675923736, 'I_gpe': 1.2327154526208957, 'I_gpi': 1.8391316244241396, 'noise_stn_sigma': 2.4036812910483976, 'noise_gpe_sigma': 105.60987096696009, 'noise_gpi_sigma': 82.24727436799077, 'g_stn_gpe_mult': 2.64782319660541, 'g_gpe_stn_mult': 0.17110018591062073, 'g_stn_gpi_mult': 3.568322435389642, 'g_gpe_gpi_mult': 1.0216373179288474}. Best is trial 840 with value: 0.12482692379131191.
[I 2026-05-28 03:19:27,155] Trial 911 finished with value: 0.12933713637268418 and parameters: {'ISTN': 60.00231101446253, 'I_gpe': 1.1584327788664923, 'I_gpi': 1.8384867701005323, 'noise_stn_sigma': 2.3211514685367547, 'noise_gpe_sigma': 104.85299419695907, 'noise_gpi_sigma': 82.65795843166995, 'g_stn_gpe_mult': 2.6224840460507055, 'g_gpe_stn_mult': 0.17272642147011696, 'g_stn_gpi_mult': 3.599401769003551, 'g_gpe_gpi_mult': 1.0305277629632752}. Best is trial 840 with value: 0.12482692379131191.
[I 2026-05-28 03:19:28,166] Trial 912 finished with value: 0.1373763584358563 and parameters: {'ISTN': 60.56007578545306, 'I_gpe': 1.1991086266224893, 'I_gpi': 1.8504470256274894, 'noise_stn_sigma': 2.4363000992168957, 'noise_gpe_sigma': 104.46513262463922, 'noise_gpi_sigma': 82.80836530287492, 'g_stn_gpe_mult': 2.6379942648702004, 'g_gpe_stn_mult': 0.1695646698995094, 'g_stn_gpi_mult': 3.581228735571856, 'g_gpe_gpi_mult': 1.0224001836681444}. Best is trial 840 with value: 0.12482692379131191.
[I 2026-05-28 03:19:29,177] Trial 913 finished with value: 0.15518777769911046 and parameters: {'ISTN': 60.637510491815185, 'I_gpe': 1.2022594395663173, 'I_gpi': 1.8316851303742734, 'noise_stn_sigma': 2.4135754145020645, 'noise_gpe_sigma': 104.89909080151217, 'noise_gpi_sigma': 83.28445294247015, 'g_stn_gpe_mult': 2.655758836691197, 'g_gpe_stn_mult': 0.17058022049698315, 'g_stn_gpi_mult': 3.6099649291838305, 'g_gpe_gpi_mult': 1.02434274072969}. Best is trial 840 with value: 0.12482692379131191.
[I 2026-05-28 03:19:30,188] Trial 914 finished with value: 0.13118132207605912 and parameters: {'ISTN': 60.09710214206408, 'I_gpe': 1.174055311406794, 'I_gpi': 1.8620438526631138, 'noise_stn_sigma': 2.39321947725983, 'noise_gpe_sigma': 105.50543741172055, 'noise_gpi_sigma': 83.13645358921578, 'g_stn_gpe_mult': 2.5508825955004824, 'g_gpe_stn_mult': 0.1708388925538319, 'g_stn_gpi_mult': 3.624415946257097, 'g_gpe_gpi_mult': 1.0203794812564184}. Best is trial 840 with value: 0.12482692379131191.
[I 2026-05-28 03:19:31,200] Trial 915 finished with value: 0.24509986865339634 and parameters: {'ISTN': 60.104265010015865, 'I_gpe': 1.2188499950810059, 'I_gpi': 1.8676874057091335, 'noise_stn_sigma': 2.4157270767520966, 'noise_gpe_sigma': 105.44401650413658, 'noise_gpi_sigma': 82.96689377192911, 'g_stn_gpe_mult': 2.6448767698245, 'g_gpe_stn_mult': 0.1723576601111244, 'g_stn_gpi_mult': 3.5746408101736007, 'g_gpe_gpi_mult': 1.0265972621248425}. Best is trial 840 with value: 0.12482692379131191.
[I 2026-05-28 03:19:32,213] Trial 916 finished with value: 0.13185659717103632 and parameters: {'ISTN': 60.124602184866305, 'I_gpe': 1.1929741751588032, 'I_gpi': 1.8227931134517075, 'noise_stn_sigma': 2.4174887749375173, 'noise_gpe_sigma': 104.79765137697652, 'noise_gpi_sigma': 82.59322815028071, 'g_stn_gpe_mult': 2.6132662716418373, 'g_gpe_stn_mult': 0.17093572933746087, 'g_stn_gpi_mult': 3.602095798234023, 'g_gpe_gpi_mult': 1.0398004021959593}. Best is trial 840 with value: 0.12482692379131191.
[I 2026-05-28 03:19:33,228] Trial 917 finished with value: 0.13054594437579664 and parameters: {'ISTN': 60.23946965115295, 'I_gpe': 1.1842335654251008, 'I_gpi': 1.834432475717196, 'noise_stn_sigma': 2.424844801007297, 'noise_gpe_sigma': 105.3131306420376, 'noise_gpi_sigma': 82.67539355727509, 'g_stn_gpe_mult': 2.6561106327499777, 'g_gpe_stn_mult': 0.17225784996793483, 'g_stn_gpi_mult': 3.6028891820982976, 'g_gpe_gpi_mult': 1.0276117847988855}. Best is trial 840 with value: 0.12482692379131191.
[I 2026-05-28 03:19:34,240] Trial 918 finished with value: 0.13104379422461448 and parameters: {'ISTN': 60.41710131488824, 'I_gpe': 1.162706592531192, 'I_gpi': 1.8742962403048022, 'noise_stn_sigma': 2.5075485599904432, 'noise_gpe_sigma': 105.16993569181761, 'noise_gpi_sigma': 81.61143229141797, 'g_stn_gpe_mult': 2.7254983260383354, 'g_gpe_stn_mult': 0.1684978727915441, 'g_stn_gpi_mult': 3.6054033876155955, 'g_gpe_gpi_mult': 1.055716775047674}. Best is trial 840 with value: 0.12482692379131191.
[I 2026-05-28 03:19:35,252] Trial 919 finished with value: 0.12518736151318033 and parameters: {'ISTN': 60.0926401409451, 'I_gpe': 1.190714670389758, 'I_gpi': 1.8349902741762198, 'noise_stn_sigma': 2.42000192858397, 'noise_gpe_sigma': 105.31290170145374, 'noise_gpi_sigma': 81.64074846386139, 'g_stn_gpe_mult': 2.6464872237928607, 'g_gpe_stn_mult': 0.17276112330135368, 'g_stn_gpi_mult': 3.6127867979903767, 'g_gpe_gpi_mult': 1.0268949774418719}. Best is trial 840 with value: 0.12482692379131191.
[I 2026-05-28 03:19:36,264] Trial 920 finished with value: 0.13486075526129937 and parameters: {'ISTN': 60.210854526901436, 'I_gpe': 1.2213099309156321, 'I_gpi': 1.8433703568793391, 'noise_stn_sigma': 2.54721667469447, 'noise_gpe_sigma': 104.13123048544638, 'noise_gpi_sigma': 82.19377527465032, 'g_stn_gpe_mult': 2.713186530940116, 'g_gpe_stn_mult': 0.169867348123079, 'g_stn_gpi_mult': 3.6100074078364552, 'g_gpe_gpi_mult': 1.0379519744849268}. Best is trial 840 with value: 0.12482692379131191.
[I 2026-05-28 03:19:37,277] Trial 921 finished with value: 0.13413458490819333 and parameters: {'ISTN': 60.36363115429884, 'I_gpe': 1.2024745450951517, 'I_gpi': 1.82438694435143, 'noise_stn_sigma': 2.4118526455869356, 'noise_gpe_sigma': 105.06529061213655, 'noise_gpi_sigma': 82.53043848608084, 'g_stn_gpe_mult': 2.683219732374302, 'g_gpe_stn_mult': 0.17282627234312087, 'g_stn_gpi_mult': 3.621678424008488, 'g_gpe_gpi_mult': 1.0382405862448605}. Best is trial 840 with value: 0.12482692379131191.
[I 2026-05-28 03:19:38,290] Trial 922 finished with value: 0.13284269556570505 and parameters: {'ISTN': 60.24806044487051, 'I_gpe': 1.2271069678794897, 'I_gpi': 1.8242958013891433, 'noise_stn_sigma': 2.4331305983169167, 'noise_gpe_sigma': 104.90400498139208, 'noise_gpi_sigma': 82.82651946914353, 'g_stn_gpe_mult': 2.6138809936388383, 'g_gpe_stn_mult': 0.17469888790424853, 'g_stn_gpi_mult': 3.6231938423893775, 'g_gpe_gpi_mult': 1.0232559075471883}. Best is trial 840 with value: 0.12482692379131191.
[I 2026-05-28 03:19:39,301] Trial 923 finished with value: 0.1308606857904452 and parameters: {'ISTN': 60.14714165688931, 'I_gpe': 1.195877310905306, 'I_gpi': 1.8620065074165078, 'noise_stn_sigma': 2.379202548952575, 'noise_gpe_sigma': 105.01012754587295, 'noise_gpi_sigma': 83.28672939171457, 'g_stn_gpe_mult': 2.645171596103136, 'g_gpe_stn_mult': 0.173586039334808, 'g_stn_gpi_mult': 3.5500428187230857, 'g_gpe_gpi_mult': 1.0230640264081756}. Best is trial 840 with value: 0.12482692379131191.
