[I 2026-05-28 02:57:27,291] Trial 616 finished with value: 0.16043073714066608 and parameters: {'ISTN': 60.977896398360706, 'I_gpe': 1.080828336060068, 'I_gpi': 2.232277201133658, 'noise_stn_sigma': 3.8059914660352687, 'noise_gpe_sigma': 92.27007835981115, 'noise_gpi_sigma': 112.38522743528154, 'g_stn_gpe_mult': 4.461714507806852, 'g_gpe_stn_mult': 0.14752343731784445, 'g_stn_gpi_mult': 2.347092955127837, 'g_gpe_gpi_mult': 1.0133918065306204}. Best is trial 609 with value: 0.1451815767527864.
[I 2026-05-28 02:57:28,302] Trial 617 finished with value: 0.18511712172156516 and parameters: {'ISTN': 62.18013068300507, 'I_gpe': 1.0164984657359528, 'I_gpi': 2.143157816452736, 'noise_stn_sigma': 3.70732821168781, 'noise_gpe_sigma': 99.32313230483905, 'noise_gpi_sigma': 112.79020124016547, 'g_stn_gpe_mult': 4.47855839725349, 'g_gpe_stn_mult': 0.1573117447329926, 'g_stn_gpi_mult': 2.2528867154141583, 'g_gpe_gpi_mult': 0.9789377292043293}. Best is trial 609 with value: 0.1451815767527864.
[I 2026-05-28 02:57:29,310] Trial 618 finished with value: 0.17846358316531155 and parameters: {'ISTN': 61.83012618417544, 'I_gpe': 1.1594492634473041, 'I_gpi': 2.132788126319257, 'noise_stn_sigma': 3.622132825939494, 'noise_gpe_sigma': 99.81545117676859, 'noise_gpi_sigma': 112.04970736011637, 'g_stn_gpe_mult': 4.530996021162303, 'g_gpe_stn_mult': 0.148716315679177, 'g_stn_gpi_mult': 2.303542396836595, 'g_gpe_gpi_mult': 0.9845477886485259}. Best is trial 609 with value: 0.1451815767527864.
[I 2026-05-28 02:57:30,320] Trial 619 finished with value: 0.15653065877921016 and parameters: {'ISTN': 61.146693442919904, 'I_gpe': 1.1358708563741153, 'I_gpi': 2.169428146711266, 'noise_stn_sigma': 3.7380262244862617, 'noise_gpe_sigma': 95.14452446926813, 'noise_gpi_sigma': 111.38230382297488, 'g_stn_gpe_mult': 4.462845177288778, 'g_gpe_stn_mult': 0.1432363227234469, 'g_stn_gpi_mult': 2.311723814289662, 'g_gpe_gpi_mult': 1.0385407190746374}. Best is trial 609 with value: 0.1451815767527864.
[I 2026-05-28 02:57:31,329] Trial 620 finished with value: 0.20377487708205783 and parameters: {'ISTN': 60.51627837519466, 'I_gpe': 1.0666697949030093, 'I_gpi': 2.0751558914649317, 'noise_stn_sigma': 3.699871011595141, 'noise_gpe_sigma': 95.78976886563332, 'noise_gpi_sigma': 113.37800004266361, 'g_stn_gpe_mult': 4.617875492673148, 'g_gpe_stn_mult': 0.15648454951540441, 'g_stn_gpi_mult': 2.424948126386285, 'g_gpe_gpi_mult': 0.9708219151085362}. Best is trial 609 with value: 0.1451815767527864.
[I 2026-05-28 02:57:32,339] Trial 621 finished with value: 0.15883650899273802 and parameters: {'ISTN': 61.24057413373227, 'I_gpe': 1.09736309496276, 'I_gpi': 2.039853144245994, 'noise_stn_sigma': 4.044957384154738, 'noise_gpe_sigma': 102.03427713724874, 'noise_gpi_sigma': 108.42084153623553, 'g_stn_gpe_mult': 4.438989660776608, 'g_gpe_stn_mult': 0.15093998042828358, 'g_stn_gpi_mult': 2.3420297897622904, 'g_gpe_gpi_mult': 1.0123405165656298}. Best is trial 609 with value: 0.1451815767527864.
[I 2026-05-28 02:57:33,349] Trial 622 finished with value: 0.15524112485795286 and parameters: {'ISTN': 61.235584552575226, 'I_gpe': 1.0916489308454516, 'I_gpi': 2.186275361952332, 'noise_stn_sigma': 3.6874277635959745, 'noise_gpe_sigma': 94.73987630201371, 'noise_gpi_sigma': 109.20124278278563, 'g_stn_gpe_mult': 4.352509769111233, 'g_gpe_stn_mult': 0.1450829972488168, 'g_stn_gpi_mult': 2.442034623135307, 'g_gpe_gpi_mult': 1.0747688500388262}. Best is trial 609 with value: 0.1451815767527864.
[I 2026-05-28 02:57:34,358] Trial 623 finished with value: 0.18094310927464732 and parameters: {'ISTN': 61.25019754009063, 'I_gpe': 1.1214632729562133, 'I_gpi': 2.0243578911623445, 'noise_stn_sigma': 3.7085961399230234, 'noise_gpe_sigma': 96.13040200806103, 'noise_gpi_sigma': 115.35409186023485, 'g_stn_gpe_mult': 4.349132301887652, 'g_gpe_stn_mult': 0.166215303722371, 'g_stn_gpi_mult': 2.3616334883524535, 'g_gpe_gpi_mult': 0.954197874329421}. Best is trial 609 with value: 0.1451815767527864.
[I 2026-05-28 02:57:35,369] Trial 624 finished with value: 0.18385650630624545 and parameters: {'ISTN': 62.0660876864774, 'I_gpe': 1.1546564589320358, 'I_gpi': 1.9991153847615675, 'noise_stn_sigma': 3.7496132218233207, 'noise_gpe_sigma': 102.94696226974939, 'noise_gpi_sigma': 109.030819288119, 'g_stn_gpe_mult': 4.481926028756622, 'g_gpe_stn_mult': 0.16623942621181875, 'g_stn_gpi_mult': 2.372441087646324, 'g_gpe_gpi_mult': 1.0008276285455118}. Best is trial 609 with value: 0.1451815767527864.
[I 2026-05-28 02:57:36,379] Trial 625 finished with value: 0.1754187210145253 and parameters: {'ISTN': 61.607045518156696, 'I_gpe': 1.116014455779695, 'I_gpi': 2.1185687236787185, 'noise_stn_sigma': 3.705750684200977, 'noise_gpe_sigma': 99.84028831393006, 'noise_gpi_sigma': 109.86964658281758, 'g_stn_gpe_mult': 4.479224563849524, 'g_gpe_stn_mult': 0.16197795587906147, 'g_stn_gpi_mult': 2.3204479640093516, 'g_gpe_gpi_mult': 0.9782397729194197}. Best is trial 609 with value: 0.1451815767527864.
[I 2026-05-28 02:57:37,390] Trial 626 finished with value: 0.1547201399877603 and parameters: {'ISTN': 61.053579437356156, 'I_gpe': 1.1006505865496083, 'I_gpi': 2.079358223952319, 'noise_stn_sigma': 3.7740695551389165, 'noise_gpe_sigma': 94.63068601896738, 'noise_gpi_sigma': 110.57209348300182, 'g_stn_gpe_mult': 4.507603802269101, 'g_gpe_stn_mult': 0.15286717164564373, 'g_stn_gpi_mult': 2.3985685850190563, 'g_gpe_gpi_mult': 1.0317238023410515}. Best is trial 609 with value: 0.1451815767527864.
[I 2026-05-28 02:57:38,399] Trial 627 finished with value: 0.1688743221220517 and parameters: {'ISTN': 60.371317935802566, 'I_gpe': 1.1978050222575822, 'I_gpi': 2.013068727623449, 'noise_stn_sigma': 3.972569385673879, 'noise_gpe_sigma': 100.78767671933264, 'noise_gpi_sigma': 110.06219417947261, 'g_stn_gpe_mult': 4.430512065217106, 'g_gpe_stn_mult': 0.1571651619971291, 'g_stn_gpi_mult': 2.260020454693378, 'g_gpe_gpi_mult': 0.9859812658418488}. Best is trial 609 with value: 0.1451815767527864.
[I 2026-05-28 02:57:39,409] Trial 628 finished with value: 0.15048821198062834 and parameters: {'ISTN': 60.52248511920956, 'I_gpe': 1.0727395730398346, 'I_gpi': 2.1237618145832764, 'noise_stn_sigma': 3.718110443884073, 'noise_gpe_sigma': 97.94109450229081, 'noise_gpi_sigma': 113.40781163213157, 'g_stn_gpe_mult': 4.487744416407847, 'g_gpe_stn_mult': 0.165525821664299, 'g_stn_gpi_mult': 2.263653641458233, 'g_gpe_gpi_mult': 1.0016763527749115}. Best is trial 609 with value: 0.1451815767527864.
[I 2026-05-28 02:57:40,421] Trial 629 finished with value: 0.2471304808389694 and parameters: {'ISTN': 60.93604906109583, 'I_gpe': 1.1493718750396331, 'I_gpi': 2.240491927960781, 'noise_stn_sigma': 3.7138253096531013, 'noise_gpe_sigma': 103.8038749483267, 'noise_gpi_sigma': 112.17298577986867, 'g_stn_gpe_mult': 4.553242423489192, 'g_gpe_stn_mult': 0.15296895056857968, 'g_stn_gpi_mult': 2.256323183184758, 'g_gpe_gpi_mult': 0.9954863552953912}. Best is trial 609 with value: 0.1451815767527864.
[I 2026-05-28 02:57:41,432] Trial 630 finished with value: 0.1618908615806996 and parameters: {'ISTN': 61.566827358569675, 'I_gpe': 1.16002314120264, 'I_gpi': 2.1787462289367, 'noise_stn_sigma': 3.604778904354235, 'noise_gpe_sigma': 105.07609535887929, 'noise_gpi_sigma': 112.61517532339208, 'g_stn_gpe_mult': 4.639213889796484, 'g_gpe_stn_mult': 0.13446449514955955, 'g_stn_gpi_mult': 2.2853619310037647, 'g_gpe_gpi_mult': 1.0121269943951876}. Best is trial 609 with value: 0.1451815767527864.
[I 2026-05-28 02:57:42,441] Trial 631 finished with value: 0.16069464920995524 and parameters: {'ISTN': 60.90978820729115, 'I_gpe': 1.1660933500716837, 'I_gpi': 2.21460177778327, 'noise_stn_sigma': 3.87780052810932, 'noise_gpe_sigma': 91.65784878162836, 'noise_gpi_sigma': 110.95412932628162, 'g_stn_gpe_mult': 4.463630454642308, 'g_gpe_stn_mult': 0.13947661275661982, 'g_stn_gpi_mult': 2.25955484315198, 'g_gpe_gpi_mult': 1.038117984136496}. Best is trial 609 with value: 0.1451815767527864.
[I 2026-05-28 02:57:43,450] Trial 632 finished with value: 0.17913712972666482 and parameters: {'ISTN': 62.23271287453824, 'I_gpe': 1.0596076970147377, 'I_gpi': 2.0497933302470095, 'noise_stn_sigma': 3.765368938727666, 'noise_gpe_sigma': 98.8344391131352, 'noise_gpi_sigma': 110.4213816363625, 'g_stn_gpe_mult': 4.458684295150235, 'g_gpe_stn_mult': 0.14726275985967002, 'g_stn_gpi_mult': 2.439507701934164, 'g_gpe_gpi_mult': 1.0662187707139996}. Best is trial 609 with value: 0.1451815767527864.
[I 2026-05-28 02:57:44,459] Trial 633 finished with value: 0.18211504762651787 and parameters: {'ISTN': 63.03352827336601, 'I_gpe': 1.0468464604535652, 'I_gpi': 2.0524929333330943, 'noise_stn_sigma': 3.3881361519838724, 'noise_gpe_sigma': 101.02621460924404, 'noise_gpi_sigma': 110.61745886901416, 'g_stn_gpe_mult': 4.518253336691341, 'g_gpe_stn_mult': 0.1583582480315296, 'g_stn_gpi_mult': 2.360715061650458, 'g_gpe_gpi_mult': 1.007791475835997}. Best is trial 609 with value: 0.1451815767527864.
[I 2026-05-28 02:57:45,468] Trial 634 finished with value: 0.2806284239628593 and parameters: {'ISTN': 60.82909804391289, 'I_gpe': 1.1733150524769784, 'I_gpi': 2.2376676474132973, 'noise_stn_sigma': 3.698987341504173, 'noise_gpe_sigma': 97.29236513322535, 'noise_gpi_sigma': 109.32907043635024, 'g_stn_gpe_mult': 4.49165395236224, 'g_gpe_stn_mult': 0.1505739954900377, 'g_stn_gpi_mult': 2.3545873447318564, 'g_gpe_gpi_mult': 1.0097788272801578}. Best is trial 609 with value: 0.1451815767527864.
[I 2026-05-28 02:57:46,478] Trial 635 finished with value: 0.16246253557169663 and parameters: {'ISTN': 61.16859342140099, 'I_gpe': 1.0856672792788093, 'I_gpi': 2.1073967957010185, 'noise_stn_sigma': 3.8303890742821296, 'noise_gpe_sigma': 96.60645924767313, 'noise_gpi_sigma': 110.80978590615373, 'g_stn_gpe_mult': 4.41347556564968, 'g_gpe_stn_mult': 0.15779740273640672, 'g_stn_gpi_mult': 2.441246366821823, 'g_gpe_gpi_mult': 1.025563883427945}. Best is trial 609 with value: 0.1451815767527864.
[I 2026-05-28 02:57:47,488] Trial 636 finished with value: 0.1555226622638391 and parameters: {'ISTN': 61.31444530754834, 'I_gpe': 1.0650582502597241, 'I_gpi': 2.076754545244731, 'noise_stn_sigma': 3.8807807502776557, 'noise_gpe_sigma': 93.84568002335959, 'noise_gpi_sigma': 109.62602885790595, 'g_stn_gpe_mult': 4.462882161650044, 'g_gpe_stn_mult': 0.15187875172129006, 'g_stn_gpi_mult': 2.352897956010019, 'g_gpe_gpi_mult': 1.0060988478834825}. Best is trial 609 with value: 0.1451815767527864.
[I 2026-05-28 02:57:48,497] Trial 637 finished with value: 0.8502790441415053 and parameters: {'ISTN': 60.685372079655274, 'I_gpe': 1.052799997277775, 'I_gpi': 2.289691269122071, 'noise_stn_sigma': 3.6181914655637564, 'noise_gpe_sigma': 95.9238939214516, 'noise_gpi_sigma': 113.31442267508893, 'g_stn_gpe_mult': 4.43630898541794, 'g_gpe_stn_mult': 0.1399473781637111, 'g_stn_gpi_mult': 2.3208228322194504, 'g_gpe_gpi_mult': 1.0104858204130205}. Best is trial 609 with value: 0.1451815767527864.
[I 2026-05-28 02:57:49,509] Trial 638 finished with value: 0.17195175268949844 and parameters: {'ISTN': 61.90033425931631, 'I_gpe': 1.168214604793032, 'I_gpi': 2.196351559284131, 'noise_stn_sigma': 3.511433543787532, 'noise_gpe_sigma': 94.58795437197406, 'noise_gpi_sigma': 109.47656541862175, 'g_stn_gpe_mult': 4.4915814304728645, 'g_gpe_stn_mult': 0.15103219005738872, 'g_stn_gpi_mult': 2.338202472971119, 'g_gpe_gpi_mult': 1.0066210806159268}. Best is trial 609 with value: 0.1451815767527864.
[I 2026-05-28 02:57:50,518] Trial 639 finished with value: 0.164757821888679 and parameters: {'ISTN': 61.48379422123279, 'I_gpe': 1.0808728450669431, 'I_gpi': 2.1371663920353514, 'noise_stn_sigma': 3.8760518262160875, 'noise_gpe_sigma': 96.95190093523627, 'noise_gpi_sigma': 109.91646817157483, 'g_stn_gpe_mult': 4.419207907601768, 'g_gpe_stn_mult': 0.1540059765816849, 'g_stn_gpi_mult': 2.33844625544707, 'g_gpe_gpi_mult': 1.007621876960297}. Best is trial 609 with value: 0.1451815767527864.
[I 2026-05-28 02:57:51,526] Trial 640 finished with value: 0.15155996139393957 and parameters: {'ISTN': 60.40209064698058, 'I_gpe': 1.0831417688675136, 'I_gpi': 2.1736817846064675, 'noise_stn_sigma': 3.854281201708766, 'noise_gpe_sigma': 91.48163900868892, 'noise_gpi_sigma': 110.53828421595405, 'g_stn_gpe_mult': 4.403335534185338, 'g_gpe_stn_mult': 0.1648998668086632, 'g_stn_gpi_mult': 2.267189008293008, 'g_gpe_gpi_mult': 1.057539993341774}. Best is trial 609 with value: 0.1451815767527864.
[I 2026-05-28 02:57:52,536] Trial 641 finished with value: 0.16064987369663639 and parameters: {'ISTN': 61.22734920994439, 'I_gpe': 1.087797673112555, 'I_gpi': 2.14843211308267, 'noise_stn_sigma': 3.8699623833282497, 'noise_gpe_sigma': 93.53554853768229, 'noise_gpi_sigma': 110.25164364235425, 'g_stn_gpe_mult': 4.398816922886637, 'g_gpe_stn_mult': 0.1549216818116857, 'g_stn_gpi_mult': 2.1928264079388082, 'g_gpe_gpi_mult': 1.050286399699513}. Best is trial 609 with value: 0.1451815767527864.
[I 2026-05-28 02:57:53,543] Trial 642 finished with value: 0.16011815214587802 and parameters: {'ISTN': 60.233875610882095, 'I_gpe': 1.0381659507461583, 'I_gpi': 2.1682957376148724, 'noise_stn_sigma': 3.86016630501339, 'noise_gpe_sigma': 90.71670614775672, 'noise_gpi_sigma': 110.43679402888147, 'g_stn_gpe_mult': 4.365546047303223, 'g_gpe_stn_mult': 0.1790037998143761, 'g_stn_gpi_mult': 2.3904651121531932, 'g_gpe_gpi_mult': 1.0379935890370173}. Best is trial 609 with value: 0.1451815767527864.
[I 2026-05-28 02:57:54,550] Trial 643 finished with value: 0.15362976493161873 and parameters: {'ISTN': 61.17289508107327, 'I_gpe': 1.044929005776085, 'I_gpi': 2.060706485544738, 'noise_stn_sigma': 3.9791589420831626, 'noise_gpe_sigma': 93.35412954845508, 'noise_gpi_sigma': 106.88394969252543, 'g_stn_gpe_mult': 4.450167266018554, 'g_gpe_stn_mult': 0.14919403651369623, 'g_stn_gpi_mult': 2.2531556511555193, 'g_gpe_gpi_mult': 1.0270090070500861}. Best is trial 609 with value: 0.1451815767527864.
[I 2026-05-28 02:57:55,560] Trial 644 finished with value: 0.1794189835746526 and parameters: {'ISTN': 61.38583738789812, 'I_gpe': 1.037699729664339, 'I_gpi': 2.156524883563053, 'noise_stn_sigma': 3.875312193607953, 'noise_gpe_sigma': 96.40285662235475, 'noise_gpi_sigma': 109.17745800873892, 'g_stn_gpe_mult': 4.327517933726089, 'g_gpe_stn_mult': 0.17664945065704163, 'g_stn_gpi_mult': 2.152104753232711, 'g_gpe_gpi_mult': 1.032445971545588}. Best is trial 609 with value: 0.1451815767527864.
[I 2026-05-28 02:57:56,568] Trial 645 finished with value: 0.500701708850248 and parameters: {'ISTN': 60.62258693307654, 'I_gpe': 1.1596671015615072, 'I_gpi': 2.1322043549653213, 'noise_stn_sigma': 3.7665164668771123, 'noise_gpe_sigma': 94.60262740398437, 'noise_gpi_sigma': 111.07836618349405, 'g_stn_gpe_mult': 4.491070882599632, 'g_gpe_stn_mult': 0.1509325083120777, 'g_stn_gpi_mult': 2.337058122565145, 'g_gpe_gpi_mult': 1.0471910028080085}. Best is trial 609 with value: 0.1451815767527864.
[I 2026-05-28 02:57:57,579] Trial 646 finished with value: 0.14791728264759277 and parameters: {'ISTN': 60.497594391646444, 'I_gpe': 1.0806194513223917, 'I_gpi': 2.230490569289684, 'noise_stn_sigma': 3.574222453263996, 'noise_gpe_sigma': 90.48075126920682, 'noise_gpi_sigma': 111.63046727201703, 'g_stn_gpe_mult': 4.452829493450588, 'g_gpe_stn_mult': 0.1588749985732202, 'g_stn_gpi_mult': 2.2729968537453535, 'g_gpe_gpi_mult': 1.0310682435143075}. Best is trial 609 with value: 0.1451815767527864.
[I 2026-05-28 02:57:58,589] Trial 647 finished with value: 0.15676810525030285 and parameters: {'ISTN': 61.47654282901014, 'I_gpe': 1.1237851793211295, 'I_gpi': 2.114795080065096, 'noise_stn_sigma': 4.025864705844441, 'noise_gpe_sigma': 97.68622321486752, 'noise_gpi_sigma': 104.82178077161967, 'g_stn_gpe_mult': 4.38148701901809, 'g_gpe_stn_mult': 0.14438052059417228, 'g_stn_gpi_mult': 2.4023416283184504, 'g_gpe_gpi_mult': 1.0218833085568122}. Best is trial 609 with value: 0.1451815767527864.
[I 2026-05-28 02:57:59,600] Trial 648 finished with value: 0.224473663951535 and parameters: {'ISTN': 60.00208010832445, 'I_gpe': 1.022272886531267, 'I_gpi': 2.066908056940431, 'noise_stn_sigma': 3.946163571127547, 'noise_gpe_sigma': 99.77108112544735, 'noise_gpi_sigma': 113.02859508497222, 'g_stn_gpe_mult': 4.516724057150489, 'g_gpe_stn_mult': 0.15752821908354478, 'g_stn_gpi_mult': 2.189901213308329, 'g_gpe_gpi_mult': 0.9978050722744809}. Best is trial 609 with value: 0.1451815767527864.
[I 2026-05-28 02:58:00,610] Trial 649 finished with value: 0.1437600508962356 and parameters: {'ISTN': 60.02255951137293, 'I_gpe': 1.1519414633430876, 'I_gpi': 2.192726506952162, 'noise_stn_sigma': 3.7817490306976485, 'noise_gpe_sigma': 92.11024997951797, 'noise_gpi_sigma': 112.56568998592297, 'g_stn_gpe_mult': 4.402783594100488, 'g_gpe_stn_mult': 0.16899227896056768, 'g_stn_gpi_mult': 2.319526782139584, 'g_gpe_gpi_mult': 1.0051975949656764}. Best is trial 649 with value: 0.1437600508962356.
[I 2026-05-28 02:58:01,619] Trial 650 finished with value: 0.15836540544394048 and parameters: {'ISTN': 60.96050743178991, 'I_gpe': 1.0978875428644645, 'I_gpi': 2.2449853758867055, 'noise_stn_sigma': 3.848553575739762, 'noise_gpe_sigma': 90.77442847888841, 'noise_gpi_sigma': 110.1984186704277, 'g_stn_gpe_mult': 4.36086608962104, 'g_gpe_stn_mult': 0.1563990813282659, 'g_stn_gpi_mult': 2.301169156754312, 'g_gpe_gpi_mult': 1.029214224203047}. Best is trial 649 with value: 0.1437600508962356.
[I 2026-05-28 02:58:02,628] Trial 651 finished with value: 0.16157631563898042 and parameters: {'ISTN': 60.36245151981855, 'I_gpe': 1.0444013388014919, 'I_gpi': 2.191489376062611, 'noise_stn_sigma': 3.7141214288529842, 'noise_gpe_sigma': 91.95196772004303, 'noise_gpi_sigma': 114.13202630972974, 'g_stn_gpe_mult': 4.405231398775511, 'g_gpe_stn_mult': 0.1802152159553171, 'g_stn_gpi_mult': 2.2228070832215865, 'g_gpe_gpi_mult': 0.9925689691440573}. Best is trial 649 with value: 0.1437600508962356.
[I 2026-05-28 02:58:03,638] Trial 652 finished with value: 0.1880264527381187 and parameters: {'ISTN': 60.23686262301546, 'I_gpe': 1.143191322508469, 'I_gpi': 2.2134142553525633, 'noise_stn_sigma': 3.85935777971922, 'noise_gpe_sigma': 95.10874263037192, 'noise_gpi_sigma': 111.01517881120674, 'g_stn_gpe_mult': 4.375209594670748, 'g_gpe_stn_mult': 0.15918583352114535, 'g_stn_gpi_mult': 2.2535777254601403, 'g_gpe_gpi_mult': 1.0100780598938306}. Best is trial 649 with value: 0.1437600508962356.
[I 2026-05-28 02:58:04,648] Trial 653 finished with value: 0.16522245167561633 and parameters: {'ISTN': 61.05888490438599, 'I_gpe': 1.0586885233563788, 'I_gpi': 2.2461706045092535, 'noise_stn_sigma': 3.798759340510562, 'noise_gpe_sigma': 84.32492147470786, 'noise_gpi_sigma': 110.38112872874349, 'g_stn_gpe_mult': 4.313359106175913, 'g_gpe_stn_mult': 0.15721059394800843, 'g_stn_gpi_mult': 2.2662861064447792, 'g_gpe_gpi_mult': 1.0405537010316135}. Best is trial 649 with value: 0.1437600508962356.
[I 2026-05-28 02:58:05,658] Trial 654 finished with value: 0.14589787100236865 and parameters: {'ISTN': 60.15575260214489, 'I_gpe': 1.2012962106162468, 'I_gpi': 2.138527128261393, 'noise_stn_sigma': 3.7909918306213037, 'noise_gpe_sigma': 89.67315324526297, 'noise_gpi_sigma': 109.84735051033307, 'g_stn_gpe_mult': 4.399359274066934, 'g_gpe_stn_mult': 0.16603189353896575, 'g_stn_gpi_mult': 2.3328890919128384, 'g_gpe_gpi_mult': 1.0018319701555118}. Best is trial 649 with value: 0.1437600508962356.
[I 2026-05-28 02:58:06,607] Trial 655 finished with value: 1000000.0 and parameters: {'ISTN': 60.220850645785724, 'I_gpe': 1.0519626755847296, 'I_gpi': 2.1816306799688077, 'noise_stn_sigma': 3.8506429506289406, 'noise_gpe_sigma': 89.33275723438248, 'noise_gpi_sigma': 110.45967006017044, 'g_stn_gpe_mult': 4.331072311249569, 'g_gpe_stn_mult': 0.16053780904390902, 'g_stn_gpi_mult': 2.359867835734526, 'g_gpe_gpi_mult': 0.9631594313195722}. Best is trial 649 with value: 0.1437600508962356.
[I 2026-05-28 02:58:07,616] Trial 656 finished with value: 0.1548807074884364 and parameters: {'ISTN': 61.01647256149608, 'I_gpe': 1.0783378180027592, 'I_gpi': 2.156437086379434, 'noise_stn_sigma': 3.9397203485466283, 'noise_gpe_sigma': 98.30416261682225, 'noise_gpi_sigma': 109.1566228123815, 'g_stn_gpe_mult': 4.435064348231585, 'g_gpe_stn_mult': 0.15784833979924862, 'g_stn_gpi_mult': 2.2505443416386974, 'g_gpe_gpi_mult': 0.9973779817487456}. Best is trial 649 with value: 0.1437600508962356.
[I 2026-05-28 02:58:08,625] Trial 657 finished with value: 0.16165425513106343 and parameters: {'ISTN': 61.20346340666493, 'I_gpe': 1.1840914790742354, 'I_gpi': 2.203069898717694, 'noise_stn_sigma': 3.684271371525403, 'noise_gpe_sigma': 90.23916101692477, 'noise_gpi_sigma': 110.55788545807006, 'g_stn_gpe_mult': 4.381057398859239, 'g_gpe_stn_mult': 0.15825294476056237, 'g_stn_gpi_mult': 2.2741108838699615, 'g_gpe_gpi_mult': 1.0429765019623782}. Best is trial 649 with value: 0.1437600508962356.
[I 2026-05-28 02:58:09,637] Trial 658 finished with value: 0.17993265814496903 and parameters: {'ISTN': 62.022473020380616, 'I_gpe': 1.150334160439506, 'I_gpi': 2.1341221464522233, 'noise_stn_sigma': 3.7369991715913904, 'noise_gpe_sigma': 91.54812019236533, 'noise_gpi_sigma': 105.92488537787162, 'g_stn_gpe_mult': 4.288927697617956, 'g_gpe_stn_mult': 0.16336234504157687, 'g_stn_gpi_mult': 2.3734858549934685, 'g_gpe_gpi_mult': 1.0055550045945905}. Best is trial 649 with value: 0.1437600508962356.
[I 2026-05-28 02:58:10,648] Trial 659 finished with value: 0.2264368162028737 and parameters: {'ISTN': 60.65688737793192, 'I_gpe': 1.132525954819168, 'I_gpi': 2.177799886968496, 'noise_stn_sigma': 3.653263866721477, 'noise_gpe_sigma': 94.30599535088757, 'noise_gpi_sigma': 110.91334460973684, 'g_stn_gpe_mult': 4.418954603159418, 'g_gpe_stn_mult': 0.15532105493432002, 'g_stn_gpi_mult': 2.2739790715951838, 'g_gpe_gpi_mult': 1.009181595402112}. Best is trial 649 with value: 0.1437600508962356.
