[I 2026-05-28 04:11:18,676] Trial 968 finished with value: 0.12968958707441444 and parameters: {'ISTN': 60.08435772638368, 'I_gpe': 1.1351360296218522, 'I_gpi': 2.0032688910204657, 'noise_stn_sigma': 2.5314679691027098, 'noise_gpe_sigma': 106.049091849007, 'noise_gpi_sigma': 82.13800588846927, 'g_stn_gpe_mult': 3.363338252541313, 'g_gpe_stn_mult': 0.17869398119129912, 'g_stn_gpi_mult': 2.542391185840978, 'g_gpe_gpi_mult': 0.3308254039614209}. Best is trial 958 with value: 0.12366944518180358.
[I 2026-05-28 04:11:19,685] Trial 969 finished with value: 0.1259140307920378 and parameters: {'ISTN': 60.25894612435038, 'I_gpe': 1.170447671803446, 'I_gpi': 2.0488707756524747, 'noise_stn_sigma': 2.496431956943394, 'noise_gpe_sigma': 105.24624873092333, 'noise_gpi_sigma': 82.4349023420042, 'g_stn_gpe_mult': 3.3298829017185976, 'g_gpe_stn_mult': 0.17698920063604223, 'g_stn_gpi_mult': 2.5276130756025252, 'g_gpe_gpi_mult': 0.31390653317654815}. Best is trial 958 with value: 0.12366944518180358.
[I 2026-05-28 04:11:20,693] Trial 970 finished with value: 0.12957360247632854 and parameters: {'ISTN': 60.13552553926319, 'I_gpe': 1.1764624716504266, 'I_gpi': 2.0674516795681948, 'noise_stn_sigma': 2.496649563758304, 'noise_gpe_sigma': 104.05849309688631, 'noise_gpi_sigma': 81.6299198369838, 'g_stn_gpe_mult': 3.321995295689585, 'g_gpe_stn_mult': 0.17891855400313428, 'g_stn_gpi_mult': 2.4986486878501672, 'g_gpe_gpi_mult': 0.32954213711413693}. Best is trial 958 with value: 0.12366944518180358.
[I 2026-05-28 04:11:21,700] Trial 971 finished with value: 0.1319741885780065 and parameters: {'ISTN': 60.13765034167997, 'I_gpe': 1.1507115458625974, 'I_gpi': 2.0638016605301606, 'noise_stn_sigma': 2.485729298376333, 'noise_gpe_sigma': 105.72404056127439, 'noise_gpi_sigma': 81.04176986617816, 'g_stn_gpe_mult': 3.3791565746381975, 'g_gpe_stn_mult': 0.1783613595586248, 'g_stn_gpi_mult': 2.5103037933987924, 'g_gpe_gpi_mult': 0.3281305258457716}. Best is trial 958 with value: 0.12366944518180358.
[I 2026-05-28 04:11:22,707] Trial 972 finished with value: 0.13270019580829365 and parameters: {'ISTN': 60.02564945960366, 'I_gpe': 1.1792043340348681, 'I_gpi': 2.063835415306997, 'noise_stn_sigma': 2.4616932201396695, 'noise_gpe_sigma': 105.53970727480015, 'noise_gpi_sigma': 82.71552862144215, 'g_stn_gpe_mult': 3.3214847339314884, 'g_gpe_stn_mult': 0.18048389051392938, 'g_stn_gpi_mult': 2.4834380184543257, 'g_gpe_gpi_mult': 0.3163081321125919}. Best is trial 958 with value: 0.12366944518180358.
[I 2026-05-28 04:11:23,713] Trial 973 finished with value: 0.1300150960916753 and parameters: {'ISTN': 60.19644964649629, 'I_gpe': 1.1688651779894819, 'I_gpi': 2.0337678446707534, 'noise_stn_sigma': 2.5671265174848696, 'noise_gpe_sigma': 105.85494197214186, 'noise_gpi_sigma': 83.16881465767254, 'g_stn_gpe_mult': 3.341847457211702, 'g_gpe_stn_mult': 0.1744763487561648, 'g_stn_gpi_mult': 2.4967974533884862, 'g_gpe_gpi_mult': 0.3148150616321476}. Best is trial 958 with value: 0.12366944518180358.
[I 2026-05-28 04:11:24,722] Trial 974 finished with value: 0.13413309572482848 and parameters: {'ISTN': 60.290701922264105, 'I_gpe': 1.19758107374337, 'I_gpi': 2.053134735662296, 'noise_stn_sigma': 2.6075791602473126, 'noise_gpe_sigma': 105.31754404266988, 'noise_gpi_sigma': 81.56001964638867, 'g_stn_gpe_mult': 3.300781130604821, 'g_gpe_stn_mult': 0.17198585010733763, 'g_stn_gpi_mult': 2.53489125645988, 'g_gpe_gpi_mult': 0.32426943480340314}. Best is trial 958 with value: 0.12366944518180358.
[I 2026-05-28 04:11:25,729] Trial 975 finished with value: 0.13195688269455516 and parameters: {'ISTN': 60.32209093494421, 'I_gpe': 1.192830562686435, 'I_gpi': 2.0651732740245254, 'noise_stn_sigma': 2.5117929698080737, 'noise_gpe_sigma': 105.65433650416446, 'noise_gpi_sigma': 82.87450715502541, 'g_stn_gpe_mult': 3.285585970557861, 'g_gpe_stn_mult': 0.1733966749655153, 'g_stn_gpi_mult': 2.5370035525065884, 'g_gpe_gpi_mult': 0.3269867918667754}. Best is trial 958 with value: 0.12366944518180358.
[I 2026-05-28 04:11:26,738] Trial 976 finished with value: 0.12678438819802323 and parameters: {'ISTN': 60.27750941412765, 'I_gpe': 1.1833406141172806, 'I_gpi': 2.061424639361589, 'noise_stn_sigma': 2.5133466110626883, 'noise_gpe_sigma': 104.0231462981873, 'noise_gpi_sigma': 82.17379454593544, 'g_stn_gpe_mult': 3.277326114195584, 'g_gpe_stn_mult': 0.17466284081068428, 'g_stn_gpi_mult': 2.5216354920980906, 'g_gpe_gpi_mult': 0.3305382632973487}. Best is trial 958 with value: 0.12366944518180358.
[I 2026-05-28 04:11:27,744] Trial 977 finished with value: 0.13250172970213048 and parameters: {'ISTN': 60.416267321236454, 'I_gpe': 1.170934705276526, 'I_gpi': 2.046550429878642, 'noise_stn_sigma': 2.5014914089867, 'noise_gpe_sigma': 105.69522518494412, 'noise_gpi_sigma': 81.56094338866862, 'g_stn_gpe_mult': 3.350383813925328, 'g_gpe_stn_mult': 0.17451339030305552, 'g_stn_gpi_mult': 2.5180533082306447, 'g_gpe_gpi_mult': 0.3196188278406833}. Best is trial 958 with value: 0.12366944518180358.
[I 2026-05-28 04:11:28,749] Trial 978 finished with value: 0.19054925679975407 and parameters: {'ISTN': 60.251515219219804, 'I_gpe': 1.1973919580216943, 'I_gpi': 2.048411813138557, 'noise_stn_sigma': 2.5326331421852615, 'noise_gpe_sigma': 105.03244684444161, 'noise_gpi_sigma': 82.35611196473306, 'g_stn_gpe_mult': 3.324495706216391, 'g_gpe_stn_mult': 0.17465273167924092, 'g_stn_gpi_mult': 2.5392357123537117, 'g_gpe_gpi_mult': 0.3259337563380415}. Best is trial 958 with value: 0.12366944518180358.
[I 2026-05-28 04:11:29,756] Trial 979 finished with value: 0.13055763701953718 and parameters: {'ISTN': 60.3086417783209, 'I_gpe': 1.1709815768842975, 'I_gpi': 2.061321432746715, 'noise_stn_sigma': 2.5357479479032357, 'noise_gpe_sigma': 105.22741528232079, 'noise_gpi_sigma': 82.45553515898612, 'g_stn_gpe_mult': 3.3547995542953335, 'g_gpe_stn_mult': 0.17418561766205604, 'g_stn_gpi_mult': 2.507648451263473, 'g_gpe_gpi_mult': 0.3235088014528432}. Best is trial 958 with value: 0.12366944518180358.
[I 2026-05-28 04:11:30,761] Trial 980 finished with value: 0.12947573095501339 and parameters: {'ISTN': 60.34969424766094, 'I_gpe': 1.161091010352065, 'I_gpi': 2.071837084792067, 'noise_stn_sigma': 2.539318034647053, 'noise_gpe_sigma': 104.18668293520105, 'noise_gpi_sigma': 81.86050261099162, 'g_stn_gpe_mult': 3.367066747258005, 'g_gpe_stn_mult': 0.1746148692254928, 'g_stn_gpi_mult': 2.491091271467571, 'g_gpe_gpi_mult': 0.3244257272048076}. Best is trial 958 with value: 0.12366944518180358.
[I 2026-05-28 04:11:31,769] Trial 981 finished with value: 0.16238249377646077 and parameters: {'ISTN': 60.43938619950299, 'I_gpe': 1.1937455310386234, 'I_gpi': 2.037776937678117, 'noise_stn_sigma': 2.5006593728562914, 'noise_gpe_sigma': 105.65617293911924, 'noise_gpi_sigma': 82.73442786460828, 'g_stn_gpe_mult': 3.309342330098052, 'g_gpe_stn_mult': 0.17328291486939676, 'g_stn_gpi_mult': 2.5204051822072344, 'g_gpe_gpi_mult': 0.31435849504114044}. Best is trial 958 with value: 0.12366944518180358.
[I 2026-05-28 04:11:32,774] Trial 982 finished with value: 0.12893741083398294 and parameters: {'ISTN': 60.27630848093414, 'I_gpe': 1.1602151058941546, 'I_gpi': 2.0396959929818204, 'noise_stn_sigma': 2.5235298262744683, 'noise_gpe_sigma': 105.22045904659471, 'noise_gpi_sigma': 81.93803487560133, 'g_stn_gpe_mult': 3.314478316602355, 'g_gpe_stn_mult': 0.17272728843204133, 'g_stn_gpi_mult': 2.536684726820605, 'g_gpe_gpi_mult': 0.31582542081306986}. Best is trial 958 with value: 0.12366944518180358.
[I 2026-05-28 04:11:33,780] Trial 983 finished with value: 0.12929494608893558 and parameters: {'ISTN': 60.374121337777055, 'I_gpe': 1.166844413190862, 'I_gpi': 2.0751911693947545, 'noise_stn_sigma': 2.5635123622662332, 'noise_gpe_sigma': 105.61800474829435, 'noise_gpi_sigma': 81.79040205542177, 'g_stn_gpe_mult': 3.349492906419302, 'g_gpe_stn_mult': 0.1722046860510862, 'g_stn_gpi_mult': 2.494830204984234, 'g_gpe_gpi_mult': 0.329711926128439}. Best is trial 958 with value: 0.12366944518180358.
[I 2026-05-28 04:11:34,787] Trial 984 finished with value: 0.13203520299154783 and parameters: {'ISTN': 60.44924216440943, 'I_gpe': 1.1717216697084236, 'I_gpi': 2.056779490334696, 'noise_stn_sigma': 2.529675436494056, 'noise_gpe_sigma': 104.8386739711396, 'noise_gpi_sigma': 82.33630705310244, 'g_stn_gpe_mult': 3.3061878168819194, 'g_gpe_stn_mult': 0.17265648999068994, 'g_stn_gpi_mult': 2.504889559196892, 'g_gpe_gpi_mult': 0.3257236958009694}. Best is trial 958 with value: 0.12366944518180358.
[I 2026-05-28 04:11:35,793] Trial 985 finished with value: 0.1407428558310816 and parameters: {'ISTN': 60.24849785156752, 'I_gpe': 1.1920913908471547, 'I_gpi': 2.0453975550001178, 'noise_stn_sigma': 2.497260395985883, 'noise_gpe_sigma': 104.04630403432921, 'noise_gpi_sigma': 82.45443867263779, 'g_stn_gpe_mult': 3.302040234352061, 'g_gpe_stn_mult': 0.17596072797389767, 'g_stn_gpi_mult': 2.484377305300719, 'g_gpe_gpi_mult': 0.3254504901704311}. Best is trial 958 with value: 0.12366944518180358.
[I 2026-05-28 04:11:36,801] Trial 986 finished with value: 0.13264773278974903 and parameters: {'ISTN': 60.41684524049486, 'I_gpe': 1.187417911407831, 'I_gpi': 2.075250272251651, 'noise_stn_sigma': 2.4868821155544922, 'noise_gpe_sigma': 104.05060729941363, 'noise_gpi_sigma': 82.20345723689154, 'g_stn_gpe_mult': 3.3176734933288325, 'g_gpe_stn_mult': 0.17429304451750408, 'g_stn_gpi_mult': 2.484998332133059, 'g_gpe_gpi_mult': 0.31978046198159}. Best is trial 958 with value: 0.12366944518180358.
[I 2026-05-28 04:11:37,806] Trial 987 finished with value: 0.1299498700830875 and parameters: {'ISTN': 60.413040516208845, 'I_gpe': 1.1823204133913556, 'I_gpi': 2.084240437302988, 'noise_stn_sigma': 2.529785192108859, 'noise_gpe_sigma': 104.15018890664143, 'noise_gpi_sigma': 82.34873185552405, 'g_stn_gpe_mult': 3.2786006121097966, 'g_gpe_stn_mult': 0.17567206232999424, 'g_stn_gpi_mult': 2.5467128216288017, 'g_gpe_gpi_mult': 0.32562049229109125}. Best is trial 958 with value: 0.12366944518180358.
[I 2026-05-28 04:11:38,812] Trial 988 finished with value: 0.129467926642417 and parameters: {'ISTN': 60.027524287161285, 'I_gpe': 1.1653004493447205, 'I_gpi': 2.047825304629451, 'noise_stn_sigma': 2.561877224506807, 'noise_gpe_sigma': 103.95379131716868, 'noise_gpi_sigma': 81.51730374161623, 'g_stn_gpe_mult': 3.310807612897965, 'g_gpe_stn_mult': 0.17828259872544872, 'g_stn_gpi_mult': 2.53422979587343, 'g_gpe_gpi_mult': 0.33411232632528204}. Best is trial 958 with value: 0.12366944518180358.
[I 2026-05-28 04:11:39,816] Trial 989 finished with value: 0.12787733849149668 and parameters: {'ISTN': 60.111140494987424, 'I_gpe': 1.1697778671553907, 'I_gpi': 2.075151001937998, 'noise_stn_sigma': 2.497216623879725, 'noise_gpe_sigma': 104.16290082328455, 'noise_gpi_sigma': 81.56023571046546, 'g_stn_gpe_mult': 3.3509980961369945, 'g_gpe_stn_mult': 0.17668152968164308, 'g_stn_gpi_mult': 2.4731409484978686, 'g_gpe_gpi_mult': 0.3238026202175421}. Best is trial 958 with value: 0.12366944518180358.
[I 2026-05-28 04:11:40,824] Trial 990 finished with value: 0.15072040784815158 and parameters: {'ISTN': 60.299456372325565, 'I_gpe': 1.184689464166369, 'I_gpi': 2.066156300822876, 'noise_stn_sigma': 2.5583564238403094, 'noise_gpe_sigma': 104.36802227838217, 'noise_gpi_sigma': 82.37739950570187, 'g_stn_gpe_mult': 3.3354121956885994, 'g_gpe_stn_mult': 0.17602757420851106, 'g_stn_gpi_mult': 2.501388566436822, 'g_gpe_gpi_mult': 0.3203768829521742}. Best is trial 958 with value: 0.12366944518180358.
[I 2026-05-28 04:11:41,832] Trial 991 finished with value: 0.12859998356898242 and parameters: {'ISTN': 60.156322984264925, 'I_gpe': 1.172953728785319, 'I_gpi': 2.0790117543856708, 'noise_stn_sigma': 2.484189820750009, 'noise_gpe_sigma': 105.54133144596236, 'noise_gpi_sigma': 81.93093454064453, 'g_stn_gpe_mult': 3.351401041341835, 'g_gpe_stn_mult': 0.17690304039668758, 'g_stn_gpi_mult': 2.480864841310778, 'g_gpe_gpi_mult': 0.3230322331357237}. Best is trial 958 with value: 0.12366944518180358.
[I 2026-05-28 04:11:42,835] Trial 992 finished with value: 0.13290890938906957 and parameters: {'ISTN': 60.16089016678755, 'I_gpe': 1.1703993034989035, 'I_gpi': 2.025224509879922, 'noise_stn_sigma': 2.6033839319830907, 'noise_gpe_sigma': 105.63095417591913, 'noise_gpi_sigma': 81.86781491941073, 'g_stn_gpe_mult': 3.342345181340887, 'g_gpe_stn_mult': 0.17388172593851636, 'g_stn_gpi_mult': 2.517187740823182, 'g_gpe_gpi_mult': 0.3206313268553833}. Best is trial 958 with value: 0.12366944518180358.
[I 2026-05-28 04:11:43,843] Trial 993 finished with value: 0.1330982068086035 and parameters: {'ISTN': 60.170264826334126, 'I_gpe': 1.1339078417995694, 'I_gpi': 2.0421762832143084, 'noise_stn_sigma': 2.572023183756752, 'noise_gpe_sigma': 104.63007394484363, 'noise_gpi_sigma': 81.05669103862502, 'g_stn_gpe_mult': 3.3485387835268026, 'g_gpe_stn_mult': 0.17415064625891286, 'g_stn_gpi_mult': 2.509819645874867, 'g_gpe_gpi_mult': 0.3275017445276447}. Best is trial 958 with value: 0.12366944518180358.
[I 2026-05-28 04:11:44,850] Trial 994 finished with value: 0.1321239569757024 and parameters: {'ISTN': 60.13019427950571, 'I_gpe': 1.186696462061345, 'I_gpi': 2.087064007861339, 'noise_stn_sigma': 2.4723678357607515, 'noise_gpe_sigma': 104.41693247047417, 'noise_gpi_sigma': 81.98709642835824, 'g_stn_gpe_mult': 3.3061149851861833, 'g_gpe_stn_mult': 0.17623992314070935, 'g_stn_gpi_mult': 2.493979197693483, 'g_gpe_gpi_mult': 0.3162771325502083}. Best is trial 958 with value: 0.12366944518180358.
[I 2026-05-28 04:11:45,855] Trial 995 finished with value: 0.13118369336621033 and parameters: {'ISTN': 60.25317344588276, 'I_gpe': 1.1814722273192482, 'I_gpi': 2.070926110653842, 'noise_stn_sigma': 2.5371827659863735, 'noise_gpe_sigma': 104.80332536993845, 'noise_gpi_sigma': 80.7016226090177, 'g_stn_gpe_mult': 3.2818033753630322, 'g_gpe_stn_mult': 0.173595687564935, 'g_stn_gpi_mult': 2.523516583285031, 'g_gpe_gpi_mult': 0.3333833312963274}. Best is trial 958 with value: 0.12366944518180358.
[I 2026-05-28 04:11:46,860] Trial 996 finished with value: 0.12699057332277325 and parameters: {'ISTN': 60.29033942900456, 'I_gpe': 1.1740648775738411, 'I_gpi': 2.0763274439354067, 'noise_stn_sigma': 2.5157362683310946, 'noise_gpe_sigma': 105.19405809412056, 'noise_gpi_sigma': 81.75042026472275, 'g_stn_gpe_mult': 3.3320254119604744, 'g_gpe_stn_mult': 0.1725037331882267, 'g_stn_gpi_mult': 2.497084823720956, 'g_gpe_gpi_mult': 0.33244584550768264}. Best is trial 958 with value: 0.12366944518180358.
[I 2026-05-28 04:11:47,866] Trial 997 finished with value: 0.1324358967281558 and parameters: {'ISTN': 60.569115477286296, 'I_gpe': 1.176152049882503, 'I_gpi': 2.0824075377414277, 'noise_stn_sigma': 2.5513340771081388, 'noise_gpe_sigma': 104.6942443596883, 'noise_gpi_sigma': 81.89755319184603, 'g_stn_gpe_mult': 3.3224429277292753, 'g_gpe_stn_mult': 0.17078279000861277, 'g_stn_gpi_mult': 2.4681255787566596, 'g_gpe_gpi_mult': 0.3305271399267323}. Best is trial 958 with value: 0.12366944518180358.
[I 2026-05-28 04:11:48,874] Trial 998 finished with value: 0.12903698064644803 and parameters: {'ISTN': 60.14004961252927, 'I_gpe': 1.1714985522380323, 'I_gpi': 2.0780273818175288, 'noise_stn_sigma': 2.4134390737460807, 'noise_gpe_sigma': 103.68372327748729, 'noise_gpi_sigma': 81.33237919108399, 'g_stn_gpe_mult': 3.348825118480846, 'g_gpe_stn_mult': 0.1784099597405625, 'g_stn_gpi_mult': 2.46923674812252, 'g_gpe_gpi_mult': 0.32733126690544057}. Best is trial 958 with value: 0.12366944518180358.
[I 2026-05-28 04:11:49,881] Trial 999 finished with value: 0.13110248074149428 and parameters: {'ISTN': 60.287732047077874, 'I_gpe': 1.147239525597095, 'I_gpi': 2.044840703024062, 'noise_stn_sigma': 2.423798419244882, 'noise_gpe_sigma': 104.31493573823283, 'noise_gpi_sigma': 82.16609841143398, 'g_stn_gpe_mult': 3.301427556614181, 'g_gpe_stn_mult': 0.17513623289679978, 'g_stn_gpi_mult': 2.502321393942191, 'g_gpe_gpi_mult': 0.3076748895222461}. Best is trial 958 with value: 0.12366944518180358.
Condition: seeds_seed2024
Seed: 2024, Trials: 1000
Bounds:
  ISTN: [60.0, 150.0]
  I_gpe: [0.5, 4.0]
  I_gpi: [1.0, 5.0]
  noise_stn_sigma: [1.0, 8.0]
  noise_gpe_sigma: [20.0, 150.0]
  noise_gpi_sigma: [20.0, 150.0]
  g_stn_gpe_mult: [1.5, 5.0]
  g_gpe_stn_mult: [0.1, 0.8]
  g_stn_gpi_mult: [1.0, 4.0]
  g_gpe_gpi_mult: [0.2, 1.2]
Weights: {'rate': 5.0, 'cv': 0.2, 'beta': 15.0}
JAX devices: [CudaDevice(id=0)]

Building simulator...
Warming up JIT...
JIT ready.


============================================================
DONE: seeds_seed2024 (seed=2024)
  Time: 16.8 min
  Best loss: 0.1237
  STN: 28.9 Hz (target 27.5)
  GPe: 42.4 Hz (target 42.5)
  GPi: 82.8 Hz (target 82.5)
  GPe beta: 38.4%
  STN beta: 61.9%
  Synaptic multipliers:
    g_stn_gpe_mult: 3.349
    g_gpe_stn_mult: 0.180
    g_stn_gpi_mult: 2.501
    g_gpe_gpi_mult: 0.325
  Saved: results/sensitivity/seeds/seed2024.pkl
