[I 2026-05-28 03:50:40,841] Trial 748 finished with value: 0.13615757463309955 and parameters: {'ISTN': 60.67599760182167, 'I_gpe': 0.9897281072269636, 'I_gpi': 2.17896819679195, 'noise_stn_sigma': 1.9010540049153957, 'noise_gpe_sigma': 98.70231492516042, 'noise_gpi_sigma': 84.75403713534956, 'g_stn_gpe_mult': 4.0247189871821, 'g_gpe_stn_mult': 0.1826588815682046, 'g_stn_gpi_mult': 1.4662780490712835, 'g_gpe_gpi_mult': 0.869761355500901}. Best is trial 693 with value: 0.13125903303211436.
[I 2026-05-28 03:50:41,848] Trial 749 finished with value: 0.14128697864701653 and parameters: {'ISTN': 61.19886649532545, 'I_gpe': 1.0252323002690333, 'I_gpi': 2.167873554683915, 'noise_stn_sigma': 2.2445849862571494, 'noise_gpe_sigma': 98.4124388682488, 'noise_gpi_sigma': 84.05331993059997, 'g_stn_gpe_mult': 3.9833755778053437, 'g_gpe_stn_mult': 0.17141250630577604, 'g_stn_gpi_mult': 1.5514318125307274, 'g_gpe_gpi_mult': 0.8412443642403191}. Best is trial 693 with value: 0.13125903303211436.
[I 2026-05-28 03:50:42,855] Trial 750 finished with value: 0.14012453042181305 and parameters: {'ISTN': 61.599567268157315, 'I_gpe': 1.0007385684060623, 'I_gpi': 2.1445364190335363, 'noise_stn_sigma': 1.8671856464046037, 'noise_gpe_sigma': 99.68089539358571, 'noise_gpi_sigma': 84.79424379417837, 'g_stn_gpe_mult': 3.9926330525815006, 'g_gpe_stn_mult': 0.1655958142144448, 'g_stn_gpi_mult': 1.5254289406132011, 'g_gpe_gpi_mult': 0.8712434753643721}. Best is trial 693 with value: 0.13125903303211436.
[I 2026-05-28 03:50:43,862] Trial 751 finished with value: 0.14293195844859535 and parameters: {'ISTN': 61.15418713166923, 'I_gpe': 0.9473549753203538, 'I_gpi': 2.149704832879036, 'noise_stn_sigma': 1.9388779097163058, 'noise_gpe_sigma': 101.6648713818985, 'noise_gpi_sigma': 81.4527869391279, 'g_stn_gpe_mult': 4.05249021342717, 'g_gpe_stn_mult': 0.17886564978318942, 'g_stn_gpi_mult': 1.5063364169078648, 'g_gpe_gpi_mult': 0.8821261369067845}. Best is trial 693 with value: 0.13125903303211436.
[I 2026-05-28 03:50:44,868] Trial 752 finished with value: 0.14771165011853282 and parameters: {'ISTN': 61.11349220429201, 'I_gpe': 0.999803919172268, 'I_gpi': 2.201217470821521, 'noise_stn_sigma': 2.011598123503027, 'noise_gpe_sigma': 100.21908078873257, 'noise_gpi_sigma': 82.60557299033627, 'g_stn_gpe_mult': 3.9234033625239952, 'g_gpe_stn_mult': 0.18307954515463834, 'g_stn_gpi_mult': 1.48423121633716, 'g_gpe_gpi_mult': 0.8491951627495486}. Best is trial 693 with value: 0.13125903303211436.
[I 2026-05-28 03:50:45,878] Trial 753 finished with value: 0.6493040417163781 and parameters: {'ISTN': 60.61151097045739, 'I_gpe': 0.9916828769470876, 'I_gpi': 2.187970930468059, 'noise_stn_sigma': 1.8448204834044222, 'noise_gpe_sigma': 98.51266227243525, 'noise_gpi_sigma': 81.64550612490164, 'g_stn_gpe_mult': 4.026370505458219, 'g_gpe_stn_mult': 0.17112718550698586, 'g_stn_gpi_mult': 1.5072883770382774, 'g_gpe_gpi_mult': 0.8707831075759396}. Best is trial 693 with value: 0.13125903303211436.
[I 2026-05-28 03:50:46,886] Trial 754 finished with value: 0.13606856140986606 and parameters: {'ISTN': 61.096856948805886, 'I_gpe': 1.0443980640531798, 'I_gpi': 2.2454502241750225, 'noise_stn_sigma': 1.8907325144220715, 'noise_gpe_sigma': 99.52442322094889, 'noise_gpi_sigma': 82.65092656091454, 'g_stn_gpe_mult': 3.9692105737344856, 'g_gpe_stn_mult': 0.17683593135259662, 'g_stn_gpi_mult': 1.5164114861045754, 'g_gpe_gpi_mult': 0.8722841797428695}. Best is trial 693 with value: 0.13125903303211436.
[I 2026-05-28 03:50:47,893] Trial 755 finished with value: 0.13841963723606296 and parameters: {'ISTN': 61.151076541561956, 'I_gpe': 1.038105545941811, 'I_gpi': 2.1893315512862763, 'noise_stn_sigma': 1.961521665970137, 'noise_gpe_sigma': 101.71859224586721, 'noise_gpi_sigma': 84.19701222568335, 'g_stn_gpe_mult': 3.989664915498483, 'g_gpe_stn_mult': 0.1700289552538829, 'g_stn_gpi_mult': 1.4617409520367157, 'g_gpe_gpi_mult': 0.8623490021004028}. Best is trial 693 with value: 0.13125903303211436.
[I 2026-05-28 03:50:48,901] Trial 756 finished with value: 0.13530494186665276 and parameters: {'ISTN': 60.52165158467495, 'I_gpe': 1.0220688057460419, 'I_gpi': 2.221080622805341, 'noise_stn_sigma': 1.994259935511952, 'noise_gpe_sigma': 98.54285581670727, 'noise_gpi_sigma': 85.09973711070464, 'g_stn_gpe_mult': 3.954098890925936, 'g_gpe_stn_mult': 0.18537708729912575, 'g_stn_gpi_mult': 1.4838992410659466, 'g_gpe_gpi_mult': 0.856841652084366}. Best is trial 693 with value: 0.13125903303211436.
[I 2026-05-28 03:50:49,908] Trial 757 finished with value: 0.1397142210746906 and parameters: {'ISTN': 61.53869660344197, 'I_gpe': 1.0416388341015972, 'I_gpi': 2.152762925967803, 'noise_stn_sigma': 1.8732596302126008, 'noise_gpe_sigma': 97.73548195386768, 'noise_gpi_sigma': 83.23719381938437, 'g_stn_gpe_mult': 3.935032298541822, 'g_gpe_stn_mult': 0.16842929954970173, 'g_stn_gpi_mult': 1.4690225623347546, 'g_gpe_gpi_mult': 0.8737148484657087}. Best is trial 693 with value: 0.13125903303211436.
[I 2026-05-28 03:50:50,916] Trial 758 finished with value: 0.13115912605311247 and parameters: {'ISTN': 60.468822008944954, 'I_gpe': 0.9897695083475522, 'I_gpi': 2.236229921010542, 'noise_stn_sigma': 1.9072592843955103, 'noise_gpe_sigma': 101.61687955522035, 'noise_gpi_sigma': 86.71271802682233, 'g_stn_gpe_mult': 4.049365394084667, 'g_gpe_stn_mult': 0.18114945718393732, 'g_stn_gpi_mult': 1.4894521500646376, 'g_gpe_gpi_mult': 0.876422523448823}. Best is trial 758 with value: 0.13115912605311247.
[I 2026-05-28 03:50:51,924] Trial 759 finished with value: 0.150573616222818 and parameters: {'ISTN': 61.77898152834115, 'I_gpe': 1.0007333391295439, 'I_gpi': 2.1784633009725862, 'noise_stn_sigma': 1.9060397785336014, 'noise_gpe_sigma': 99.3940387413387, 'noise_gpi_sigma': 83.75292468194334, 'g_stn_gpe_mult': 3.9004065047587453, 'g_gpe_stn_mult': 0.1728638048501971, 'g_stn_gpi_mult': 1.611491311514872, 'g_gpe_gpi_mult': 0.8783035436030664}. Best is trial 758 with value: 0.13115912605311247.
[I 2026-05-28 03:50:52,933] Trial 760 finished with value: 0.13163512600430755 and parameters: {'ISTN': 60.6620701878358, 'I_gpe': 1.0098648720670644, 'I_gpi': 2.2137258163948483, 'noise_stn_sigma': 2.000613700371572, 'noise_gpe_sigma': 102.37026932493889, 'noise_gpi_sigma': 86.825815476484, 'g_stn_gpe_mult': 4.042345184041191, 'g_gpe_stn_mult': 0.17767635612128568, 'g_stn_gpi_mult': 1.4734913163310477, 'g_gpe_gpi_mult': 0.8516986110671343}. Best is trial 758 with value: 0.13115912605311247.
[I 2026-05-28 03:50:53,942] Trial 761 finished with value: 0.12895100152184027 and parameters: {'ISTN': 60.49985905935563, 'I_gpe': 0.9874212155151794, 'I_gpi': 2.254974863082608, 'noise_stn_sigma': 2.0258900513075355, 'noise_gpe_sigma': 105.54550117850142, 'noise_gpi_sigma': 85.76547924811332, 'g_stn_gpe_mult': 4.034615352310141, 'g_gpe_stn_mult': 0.18131134583119674, 'g_stn_gpi_mult': 1.4488405403049076, 'g_gpe_gpi_mult': 0.8456118401267319}. Best is trial 761 with value: 0.12895100152184027.
[I 2026-05-28 03:50:54,951] Trial 762 finished with value: 0.14713313632445157 and parameters: {'ISTN': 60.454124147083405, 'I_gpe': 1.0451007009566204, 'I_gpi': 2.2350886582915255, 'noise_stn_sigma': 1.9757507265904148, 'noise_gpe_sigma': 101.22740234585899, 'noise_gpi_sigma': 87.33770698568847, 'g_stn_gpe_mult': 3.9932657818762567, 'g_gpe_stn_mult': 0.17729457401462723, 'g_stn_gpi_mult': 1.4150896457339672, 'g_gpe_gpi_mult': 0.8491829988366986}. Best is trial 761 with value: 0.12895100152184027.
[I 2026-05-28 03:50:55,960] Trial 763 finished with value: 0.14322578022381144 and parameters: {'ISTN': 60.92814125722444, 'I_gpe': 1.0556294950348293, 'I_gpi': 2.337010982478712, 'noise_stn_sigma': 1.8188243102509118, 'noise_gpe_sigma': 96.03572923433667, 'noise_gpi_sigma': 89.06675756878299, 'g_stn_gpe_mult': 3.9438494304740486, 'g_gpe_stn_mult': 0.1734792689641448, 'g_stn_gpi_mult': 1.5122894325349217, 'g_gpe_gpi_mult': 0.8440137226444755}. Best is trial 761 with value: 0.12895100152184027.
[I 2026-05-28 03:50:56,971] Trial 764 finished with value: 0.14033653722291814 and parameters: {'ISTN': 60.62326779394773, 'I_gpe': 1.0251447215108702, 'I_gpi': 2.2132088020107092, 'noise_stn_sigma': 1.9567051922120988, 'noise_gpe_sigma': 100.51862458374484, 'noise_gpi_sigma': 90.04955748864244, 'g_stn_gpe_mult': 4.06116201907042, 'g_gpe_stn_mult': 0.17286614768500547, 'g_stn_gpi_mult': 1.4318130444741994, 'g_gpe_gpi_mult': 0.8500451338273314}. Best is trial 761 with value: 0.12895100152184027.
[I 2026-05-28 03:50:57,979] Trial 765 finished with value: 0.1361369504287132 and parameters: {'ISTN': 61.030970372128856, 'I_gpe': 1.0132715265400118, 'I_gpi': 2.2481482425218036, 'noise_stn_sigma': 1.913064959830217, 'noise_gpe_sigma': 100.98282422195899, 'noise_gpi_sigma': 83.80489834228385, 'g_stn_gpe_mult': 4.013046947537079, 'g_gpe_stn_mult': 0.1709226789179779, 'g_stn_gpi_mult': 1.5728635581384838, 'g_gpe_gpi_mult': 0.8687626448034056}. Best is trial 761 with value: 0.12895100152184027.
[I 2026-05-28 03:50:58,990] Trial 766 finished with value: 0.1374991366814237 and parameters: {'ISTN': 61.09056490118793, 'I_gpe': 0.9990413221281012, 'I_gpi': 2.210494349447135, 'noise_stn_sigma': 1.9446346327821882, 'noise_gpe_sigma': 100.08441898500114, 'noise_gpi_sigma': 86.86015637980283, 'g_stn_gpe_mult': 4.029645603076414, 'g_gpe_stn_mult': 0.1651894461567761, 'g_stn_gpi_mult': 1.4481235724223942, 'g_gpe_gpi_mult': 0.8763362991728405}. Best is trial 761 with value: 0.12895100152184027.
[I 2026-05-28 03:50:59,937] Trial 767 finished with value: 1000000.0 and parameters: {'ISTN': 60.89135199005665, 'I_gpe': 1.011477073898026, 'I_gpi': 2.216925696079058, 'noise_stn_sigma': 1.9347243535878191, 'noise_gpe_sigma': 99.79084517537176, 'noise_gpi_sigma': 88.82733718937021, 'g_stn_gpe_mult': 4.066477296092136, 'g_gpe_stn_mult': 0.1821985367175531, 'g_stn_gpi_mult': 1.4861969452215185, 'g_gpe_gpi_mult': 0.869145352905589}. Best is trial 761 with value: 0.12895100152184027.
[I 2026-05-28 03:51:00,947] Trial 768 finished with value: 0.15767243425060912 and parameters: {'ISTN': 61.27208319672515, 'I_gpe': 0.9903562917698745, 'I_gpi': 2.2492881516324443, 'noise_stn_sigma': 1.9229487172957733, 'noise_gpe_sigma': 98.61700796158563, 'noise_gpi_sigma': 85.72816738209674, 'g_stn_gpe_mult': 3.9370618154051207, 'g_gpe_stn_mult': 0.18506953845045754, 'g_stn_gpi_mult': 1.5602595243430626, 'g_gpe_gpi_mult': 0.8803046315772536}. Best is trial 761 with value: 0.12895100152184027.
[I 2026-05-28 03:51:01,956] Trial 769 finished with value: 0.13223242665615678 and parameters: {'ISTN': 60.200717902193745, 'I_gpe': 0.9679585663591581, 'I_gpi': 2.235052182592259, 'noise_stn_sigma': 1.9568495443782492, 'noise_gpe_sigma': 104.1765147069155, 'noise_gpi_sigma': 84.97590084966588, 'g_stn_gpe_mult': 4.112831066414829, 'g_gpe_stn_mult': 0.18390071309122896, 'g_stn_gpi_mult': 1.4620325819057338, 'g_gpe_gpi_mult': 0.8510982415661743}. Best is trial 761 with value: 0.12895100152184027.
[I 2026-05-28 03:51:02,963] Trial 770 finished with value: 0.12885239636093232 and parameters: {'ISTN': 60.038434775271995, 'I_gpe': 1.0069008268048192, 'I_gpi': 2.237352880838042, 'noise_stn_sigma': 1.9379320228906236, 'noise_gpe_sigma': 100.32141999114727, 'noise_gpi_sigma': 84.20522341703857, 'g_stn_gpe_mult': 4.012829348088809, 'g_gpe_stn_mult': 0.18629984083154066, 'g_stn_gpi_mult': 1.453579889680384, 'g_gpe_gpi_mult': 0.855959244491054}. Best is trial 770 with value: 0.12885239636093232.
[I 2026-05-28 03:51:03,974] Trial 771 finished with value: 0.13827339661160473 and parameters: {'ISTN': 60.32290116888377, 'I_gpe': 1.0050668318226221, 'I_gpi': 2.2439472647601697, 'noise_stn_sigma': 1.9856023675213166, 'noise_gpe_sigma': 102.16228965199433, 'noise_gpi_sigma': 85.14583817896818, 'g_stn_gpe_mult': 3.9760224791565615, 'g_gpe_stn_mult': 0.1851173519529427, 'g_stn_gpi_mult': 1.4938865448930332, 'g_gpe_gpi_mult': 0.8665164301579875}. Best is trial 770 with value: 0.12885239636093232.
[I 2026-05-28 03:51:04,982] Trial 772 finished with value: 0.13449292008119962 and parameters: {'ISTN': 60.67498791288406, 'I_gpe': 0.9944348406982069, 'I_gpi': 2.2696243267361904, 'noise_stn_sigma': 2.0295538592158575, 'noise_gpe_sigma': 101.99594582486694, 'noise_gpi_sigma': 83.3723248319589, 'g_stn_gpe_mult': 4.000285585431125, 'g_gpe_stn_mult': 0.18122832239180456, 'g_stn_gpi_mult': 1.4117305756676242, 'g_gpe_gpi_mult': 0.8373632297078162}. Best is trial 770 with value: 0.12885239636093232.
[I 2026-05-28 03:51:05,989] Trial 773 finished with value: 0.12898375008434013 and parameters: {'ISTN': 60.56323673889918, 'I_gpe': 1.01517556431611, 'I_gpi': 2.219565394505069, 'noise_stn_sigma': 1.8587937802037553, 'noise_gpe_sigma': 100.39396039804608, 'noise_gpi_sigma': 84.47208236036086, 'g_stn_gpe_mult': 4.002123930942554, 'g_gpe_stn_mult': 0.18234377233764237, 'g_stn_gpi_mult': 1.4631015692098526, 'g_gpe_gpi_mult': 0.8569280311027567}. Best is trial 770 with value: 0.12885239636093232.
[I 2026-05-28 03:51:06,996] Trial 774 finished with value: 0.14817205257935603 and parameters: {'ISTN': 60.45530925542226, 'I_gpe': 1.0353295380596395, 'I_gpi': 2.2448189761935793, 'noise_stn_sigma': 1.8547648912031787, 'noise_gpe_sigma': 101.46322291161813, 'noise_gpi_sigma': 85.46440853507474, 'g_stn_gpe_mult': 4.045177863070872, 'g_gpe_stn_mult': 0.1787278338000275, 'g_stn_gpi_mult': 1.4597526279792303, 'g_gpe_gpi_mult': 0.8715409297088597}. Best is trial 770 with value: 0.12885239636093232.
[I 2026-05-28 03:51:08,003] Trial 775 finished with value: 0.14020172859884167 and parameters: {'ISTN': 61.00933926636648, 'I_gpe': 0.9934821769290653, 'I_gpi': 2.248756137866632, 'noise_stn_sigma': 2.005630255851087, 'noise_gpe_sigma': 104.7060906897532, 'noise_gpi_sigma': 82.58156585842153, 'g_stn_gpe_mult': 4.03364365129169, 'g_gpe_stn_mult': 0.1780627407725907, 'g_stn_gpi_mult': 1.4096434835819025, 'g_gpe_gpi_mult': 0.8465461761782473}. Best is trial 770 with value: 0.12885239636093232.
[I 2026-05-28 03:51:09,010] Trial 776 finished with value: 0.13297573713520186 and parameters: {'ISTN': 60.254545656053004, 'I_gpe': 0.9444390773804526, 'I_gpi': 2.2185500626682138, 'noise_stn_sigma': 1.8511819314227562, 'noise_gpe_sigma': 102.7880203802239, 'noise_gpi_sigma': 87.09003238323005, 'g_stn_gpe_mult': 4.014593030840762, 'g_gpe_stn_mult': 0.1913812699156482, 'g_stn_gpi_mult': 1.446126639744827, 'g_gpe_gpi_mult': 0.8638339561125989}. Best is trial 770 with value: 0.12885239636093232.
[I 2026-05-28 03:51:10,018] Trial 777 finished with value: 0.14091209756648693 and parameters: {'ISTN': 60.73701145198165, 'I_gpe': 0.9319404200371363, 'I_gpi': 2.213707711052681, 'noise_stn_sigma': 1.9248609077520897, 'noise_gpe_sigma': 104.31095739674716, 'noise_gpi_sigma': 85.22239518296728, 'g_stn_gpe_mult': 4.057884738628946, 'g_gpe_stn_mult': 0.17932354421991575, 'g_stn_gpi_mult': 1.5109376660153981, 'g_gpe_gpi_mult': 0.8721021608686301}. Best is trial 770 with value: 0.12885239636093232.
[I 2026-05-28 03:51:11,028] Trial 778 finished with value: 0.18652659645751374 and parameters: {'ISTN': 60.22731934404723, 'I_gpe': 1.0155367499962515, 'I_gpi': 2.2442745454584676, 'noise_stn_sigma': 1.885086919544946, 'noise_gpe_sigma': 99.69154247652997, 'noise_gpi_sigma': 85.01051602744604, 'g_stn_gpe_mult': 4.082718832643739, 'g_gpe_stn_mult': 0.18255779469283792, 'g_stn_gpi_mult': 1.5233971422260875, 'g_gpe_gpi_mult': 0.8583156851881664}. Best is trial 770 with value: 0.12885239636093232.
[I 2026-05-28 03:51:12,036] Trial 779 finished with value: 0.17249569920825264 and parameters: {'ISTN': 60.10153831462649, 'I_gpe': 1.0141092560808205, 'I_gpi': 2.3070085233146305, 'noise_stn_sigma': 2.0189922547726384, 'noise_gpe_sigma': 103.73428749102558, 'noise_gpi_sigma': 86.43896970145238, 'g_stn_gpe_mult': 3.961457152940923, 'g_gpe_stn_mult': 0.17851963159619716, 'g_stn_gpi_mult': 1.417423460163709, 'g_gpe_gpi_mult': 0.8576280703410311}. Best is trial 770 with value: 0.12885239636093232.
[I 2026-05-28 03:51:13,046] Trial 780 finished with value: 0.13465781714151315 and parameters: {'ISTN': 60.330972844472456, 'I_gpe': 0.9672408590802614, 'I_gpi': 2.219832179784551, 'noise_stn_sigma': 2.1120674281059015, 'noise_gpe_sigma': 102.93784281378763, 'noise_gpi_sigma': 81.44892392800034, 'g_stn_gpe_mult': 4.0320045993112, 'g_gpe_stn_mult': 0.18289440438135607, 'g_stn_gpi_mult': 1.5037256072376448, 'g_gpe_gpi_mult': 0.8546958705559315}. Best is trial 770 with value: 0.12885239636093232.
[I 2026-05-28 03:51:14,057] Trial 781 finished with value: 0.1442889494752481 and parameters: {'ISTN': 61.15678604674182, 'I_gpe': 0.9722043481217468, 'I_gpi': 2.2437866320787587, 'noise_stn_sigma': 1.953068138083585, 'noise_gpe_sigma': 104.13709860949739, 'noise_gpi_sigma': 84.49765959519611, 'g_stn_gpe_mult': 3.992143102696272, 'g_gpe_stn_mult': 0.18441070380081134, 'g_stn_gpi_mult': 1.395721015897144, 'g_gpe_gpi_mult': 0.8556280045592055}. Best is trial 770 with value: 0.12885239636093232.
[I 2026-05-28 03:51:15,065] Trial 782 finished with value: 0.13330127805177383 and parameters: {'ISTN': 60.39118672865715, 'I_gpe': 0.9749753350486396, 'I_gpi': 2.260327609556959, 'noise_stn_sigma': 1.9091393088509134, 'noise_gpe_sigma': 101.24713764710971, 'noise_gpi_sigma': 85.52718605853188, 'g_stn_gpe_mult': 4.0241450751425205, 'g_gpe_stn_mult': 0.18765905660366033, 'g_stn_gpi_mult': 1.4511261536564006, 'g_gpe_gpi_mult': 0.8441100468629348}. Best is trial 770 with value: 0.12885239636093232.
[I 2026-05-28 03:51:16,076] Trial 783 finished with value: 0.13780631190165327 and parameters: {'ISTN': 61.1295754782569, 'I_gpe': 1.0043023146178656, 'I_gpi': 2.248454647121463, 'noise_stn_sigma': 1.833930658031662, 'noise_gpe_sigma': 100.24052005687328, 'noise_gpi_sigma': 85.00878341958371, 'g_stn_gpe_mult': 3.959382616344363, 'g_gpe_stn_mult': 0.17490205662231575, 'g_stn_gpi_mult': 1.4681747222588204, 'g_gpe_gpi_mult': 0.8786373978770059}. Best is trial 770 with value: 0.12885239636093232.
[I 2026-05-28 03:51:17,085] Trial 784 finished with value: 0.13605503188786888 and parameters: {'ISTN': 60.79546575662716, 'I_gpe': 1.006378204329717, 'I_gpi': 2.2289966303543984, 'noise_stn_sigma': 1.8994475377842157, 'noise_gpe_sigma': 100.66990869014782, 'noise_gpi_sigma': 85.55546399859033, 'g_stn_gpe_mult': 3.982259781957333, 'g_gpe_stn_mult': 0.17829741777427757, 'g_stn_gpi_mult': 1.4926460526715957, 'g_gpe_gpi_mult': 0.8501680862073353}. Best is trial 770 with value: 0.12885239636093232.
[I 2026-05-28 03:51:18,092] Trial 785 finished with value: 0.1318671758552882 and parameters: {'ISTN': 60.21469663787025, 'I_gpe': 1.0260959215617331, 'I_gpi': 2.175775620741489, 'noise_stn_sigma': 2.0648204318880357, 'noise_gpe_sigma': 102.39409565276404, 'noise_gpi_sigma': 84.90668370855026, 'g_stn_gpe_mult': 4.015057371214758, 'g_gpe_stn_mult': 0.18481045870511467, 'g_stn_gpi_mult': 1.4786349543742183, 'g_gpe_gpi_mult': 0.8604686056191746}. Best is trial 770 with value: 0.12885239636093232.
[I 2026-05-28 03:51:19,098] Trial 786 finished with value: 0.13440398151264354 and parameters: {'ISTN': 60.48370868965705, 'I_gpe': 0.9852850804283313, 'I_gpi': 2.199005256901686, 'noise_stn_sigma': 1.948687861177988, 'noise_gpe_sigma': 101.29027403295807, 'noise_gpi_sigma': 82.81686633152032, 'g_stn_gpe_mult': 4.051490084103929, 'g_gpe_stn_mult': 0.18391784006191964, 'g_stn_gpi_mult': 1.4179202065530876, 'g_gpe_gpi_mult': 0.8601242720613664}. Best is trial 770 with value: 0.12885239636093232.
[I 2026-05-28 03:51:20,103] Trial 787 finished with value: 0.15300721796010897 and parameters: {'ISTN': 62.09926101318415, 'I_gpe': 0.9929399700592165, 'I_gpi': 2.2576638897307415, 'noise_stn_sigma': 1.8522164286016614, 'noise_gpe_sigma': 98.4161210016885, 'noise_gpi_sigma': 82.72737189642856, 'g_stn_gpe_mult': 3.901197342093815, 'g_gpe_stn_mult': 0.16996080706365213, 'g_stn_gpi_mult': 1.4784033830043546, 'g_gpe_gpi_mult': 0.8833396427013411}. Best is trial 770 with value: 0.12885239636093232.
[I 2026-05-28 03:51:21,109] Trial 788 finished with value: 0.13418414768433282 and parameters: {'ISTN': 61.01949811758362, 'I_gpe': 1.0153776360956512, 'I_gpi': 2.230513161272815, 'noise_stn_sigma': 1.7917860865897755, 'noise_gpe_sigma': 103.29625195526413, 'noise_gpi_sigma': 84.68175077331914, 'g_stn_gpe_mult': 3.971194550181698, 'g_gpe_stn_mult': 0.17826328967740196, 'g_stn_gpi_mult': 1.4428221880190877, 'g_gpe_gpi_mult': 0.8669737629796748}. Best is trial 770 with value: 0.12885239636093232.
[I 2026-05-28 03:51:22,116] Trial 789 finished with value: 0.1400604182385801 and parameters: {'ISTN': 60.59867499057464, 'I_gpe': 0.9682934098165662, 'I_gpi': 2.131010029774049, 'noise_stn_sigma': 1.9491282656499076, 'noise_gpe_sigma': 100.98344302347725, 'noise_gpi_sigma': 84.5414750729623, 'g_stn_gpe_mult': 3.9592655403589374, 'g_gpe_stn_mult': 0.1850314044288896, 'g_stn_gpi_mult': 1.4490850298549693, 'g_gpe_gpi_mult': 0.8552275917282193}. Best is trial 770 with value: 0.12885239636093232.
[I 2026-05-28 03:51:23,123] Trial 790 finished with value: 0.13887860022780962 and parameters: {'ISTN': 60.73201152155861, 'I_gpe': 0.9991060147634137, 'I_gpi': 2.285651334370657, 'noise_stn_sigma': 1.9542206275208795, 'noise_gpe_sigma': 104.75743499600755, 'noise_gpi_sigma': 85.53752469728946, 'g_stn_gpe_mult': 3.9757956048249135, 'g_gpe_stn_mult': 0.18296734472184634, 'g_stn_gpi_mult': 1.3451760767924834, 'g_gpe_gpi_mult': 0.868971687809851}. Best is trial 770 with value: 0.12885239636093232.
[I 2026-05-28 03:51:24,134] Trial 791 finished with value: 0.13775352903430546 and parameters: {'ISTN': 61.03030607531339, 'I_gpe': 1.0063771002649105, 'I_gpi': 2.2474832529304494, 'noise_stn_sigma': 1.9135699409121445, 'noise_gpe_sigma': 103.76186691280067, 'noise_gpi_sigma': 83.01585349608405, 'g_stn_gpe_mult': 4.02359097098706, 'g_gpe_stn_mult': 0.17584007946288216, 'g_stn_gpi_mult': 1.4717699506106827, 'g_gpe_gpi_mult': 0.8548055021681535}. Best is trial 770 with value: 0.12885239636093232.
