[I 2026-05-28 03:39:36,241] Trial 88 finished with value: 11.535979534105257 and parameters: {'ISTN': 66.24857904986565, 'I_gpe': 1.2934192754789322, 'I_gpi': 3.1614036265251135, 'noise_stn_sigma': 7.116356863937822, 'noise_gpe_sigma': 104.25702276754812, 'noise_gpi_sigma': 78.15997883587445, 'g_stn_gpe_mult': 4.174259327845219, 'g_gpe_stn_mult': 0.18495775529882424, 'g_stn_gpi_mult': 2.545957448373984, 'g_gpe_gpi_mult': 0.6392577546941633}. Best is trial 47 with value: 2.8648025501901366.
[I 2026-05-28 03:39:37,247] Trial 89 finished with value: 13.912825677579018 and parameters: {'ISTN': 77.30893894314302, 'I_gpe': 1.873337728075249, 'I_gpi': 3.4884646864196, 'noise_stn_sigma': 5.233003681266758, 'noise_gpe_sigma': 122.54508001713889, 'noise_gpi_sigma': 74.884860969243, 'g_stn_gpe_mult': 2.679660985372446, 'g_gpe_stn_mult': 0.12482721168598138, 'g_stn_gpi_mult': 1.8758635063379807, 'g_gpe_gpi_mult': 0.6756096702807705}. Best is trial 47 with value: 2.8648025501901366.
[I 2026-05-28 03:39:38,254] Trial 90 finished with value: 13.258988436537704 and parameters: {'ISTN': 67.73661672804614, 'I_gpe': 0.836090728392764, 'I_gpi': 3.0846923162767714, 'noise_stn_sigma': 6.399184242919003, 'noise_gpe_sigma': 72.21235660583481, 'noise_gpi_sigma': 84.51551795203216, 'g_stn_gpe_mult': 3.931009912770503, 'g_gpe_stn_mult': 0.22049234390270483, 'g_stn_gpi_mult': 1.1016969091865236, 'g_gpe_gpi_mult': 0.7946794206490704}. Best is trial 47 with value: 2.8648025501901366.
[I 2026-05-28 03:39:39,263] Trial 91 finished with value: 4.751512428389715 and parameters: {'ISTN': 60.17126836428146, 'I_gpe': 1.6836528802043822, 'I_gpi': 3.430068943417587, 'noise_stn_sigma': 6.8037767347976, 'noise_gpe_sigma': 102.75147897610059, 'noise_gpi_sigma': 95.7636392595616, 'g_stn_gpe_mult': 3.305906748287814, 'g_gpe_stn_mult': 0.18988744831489057, 'g_stn_gpi_mult': 1.4418348877935077, 'g_gpe_gpi_mult': 0.9268900686103931}. Best is trial 47 with value: 2.8648025501901366.
[I 2026-05-28 03:39:40,272] Trial 92 finished with value: 11.018871983959052 and parameters: {'ISTN': 66.51673935855985, 'I_gpe': 0.9684572591386702, 'I_gpi': 2.686711512792541, 'noise_stn_sigma': 5.608182483211606, 'noise_gpe_sigma': 103.43564999187703, 'noise_gpi_sigma': 92.69847076360972, 'g_stn_gpe_mult': 3.187871810703091, 'g_gpe_stn_mult': 0.27247986090723153, 'g_stn_gpi_mult': 2.395435259423161, 'g_gpe_gpi_mult': 0.7745609781734639}. Best is trial 47 with value: 2.8648025501901366.
[I 2026-05-28 03:39:41,280] Trial 93 finished with value: 9.298086776274754 and parameters: {'ISTN': 61.419742289872836, 'I_gpe': 0.9413728906976185, 'I_gpi': 3.312753504718424, 'noise_stn_sigma': 6.438158630762137, 'noise_gpe_sigma': 86.3679022993322, 'noise_gpi_sigma': 70.50222828471996, 'g_stn_gpe_mult': 3.1312115969336283, 'g_gpe_stn_mult': 0.371207352972732, 'g_stn_gpi_mult': 1.1405072347777483, 'g_gpe_gpi_mult': 0.7955443109352816}. Best is trial 47 with value: 2.8648025501901366.
[I 2026-05-28 03:39:42,286] Trial 94 finished with value: 14.345916928219355 and parameters: {'ISTN': 75.73492065486181, 'I_gpe': 0.6814345834214988, 'I_gpi': 3.154846603432687, 'noise_stn_sigma': 6.1121994678188045, 'noise_gpe_sigma': 82.78172843312763, 'noise_gpi_sigma': 103.28184397963462, 'g_stn_gpe_mult': 4.199108276566388, 'g_gpe_stn_mult': 0.1700631462586274, 'g_stn_gpi_mult': 2.271490735661699, 'g_gpe_gpi_mult': 0.6095880142915311}. Best is trial 47 with value: 2.8648025501901366.
[I 2026-05-28 03:39:43,294] Trial 95 finished with value: 14.878149696282762 and parameters: {'ISTN': 90.8479956826886, 'I_gpe': 1.891737154466814, 'I_gpi': 2.546899821862148, 'noise_stn_sigma': 5.874761694680225, 'noise_gpe_sigma': 105.4427119532998, 'noise_gpi_sigma': 83.87760475360531, 'g_stn_gpe_mult': 3.559499606436959, 'g_gpe_stn_mult': 0.13594890315756541, 'g_stn_gpi_mult': 1.990846500220787, 'g_gpe_gpi_mult': 1.027827385387663}. Best is trial 47 with value: 2.8648025501901366.
[I 2026-05-28 03:39:44,302] Trial 96 finished with value: 4.636406698179072 and parameters: {'ISTN': 65.97919605940537, 'I_gpe': 1.306266185463703, 'I_gpi': 3.44202582073156, 'noise_stn_sigma': 5.557980182972839, 'noise_gpe_sigma': 70.63657158267418, 'noise_gpi_sigma': 138.44157829755312, 'g_stn_gpe_mult': 3.536027934522918, 'g_gpe_stn_mult': 0.15399685482156097, 'g_stn_gpi_mult': 2.8746814393662623, 'g_gpe_gpi_mult': 0.911331991750844}. Best is trial 47 with value: 2.8648025501901366.
[I 2026-05-28 03:39:45,307] Trial 97 finished with value: 15.582404779047456 and parameters: {'ISTN': 72.42480674167003, 'I_gpe': 0.9717507808630133, 'I_gpi': 3.8909864592571086, 'noise_stn_sigma': 6.732885348690135, 'noise_gpe_sigma': 40.975257490621985, 'noise_gpi_sigma': 101.00067447945004, 'g_stn_gpe_mult': 4.29157948250784, 'g_gpe_stn_mult': 0.1789698154448891, 'g_stn_gpi_mult': 2.450118234669036, 'g_gpe_gpi_mult': 0.7821898781998584}. Best is trial 47 with value: 2.8648025501901366.
[I 2026-05-28 03:39:46,315] Trial 98 finished with value: 0.8941486215510439 and parameters: {'ISTN': 61.75144012852811, 'I_gpe': 1.1113983721819225, 'I_gpi': 3.5849777229109594, 'noise_stn_sigma': 4.898637637973472, 'noise_gpe_sigma': 92.405247918489, 'noise_gpi_sigma': 85.28037320969668, 'g_stn_gpe_mult': 4.201627768782387, 'g_gpe_stn_mult': 0.12033215035132408, 'g_stn_gpi_mult': 1.8333194491495786, 'g_gpe_gpi_mult': 0.8271458322543088}. Best is trial 98 with value: 0.8941486215510439.
[I 2026-05-28 03:39:47,324] Trial 99 finished with value: 13.063219858499021 and parameters: {'ISTN': 72.74023944893285, 'I_gpe': 1.270939963927717, 'I_gpi': 4.207320605766224, 'noise_stn_sigma': 5.527316964882655, 'noise_gpe_sigma': 92.54199919370615, 'noise_gpi_sigma': 105.81321764909822, 'g_stn_gpe_mult': 3.8317578332407223, 'g_gpe_stn_mult': 0.24367811094289288, 'g_stn_gpi_mult': 1.7722829304469208, 'g_gpe_gpi_mult': 1.0178955288532716}. Best is trial 98 with value: 0.8941486215510439.
[I 2026-05-28 03:39:48,331] Trial 100 finished with value: 4.081683113293789 and parameters: {'ISTN': 66.45513534619255, 'I_gpe': 1.4806375506186742, 'I_gpi': 3.3786094676201937, 'noise_stn_sigma': 5.13893374480025, 'noise_gpe_sigma': 73.49347062685618, 'noise_gpi_sigma': 82.64200282931674, 'g_stn_gpe_mult': 2.941652215924181, 'g_gpe_stn_mult': 0.2524776298563356, 'g_stn_gpi_mult': 2.281361085594291, 'g_gpe_gpi_mult': 0.714050302607536}. Best is trial 98 with value: 0.8941486215510439.
[I 2026-05-28 03:39:49,340] Trial 101 finished with value: 6.588158832145591 and parameters: {'ISTN': 70.74317781912777, 'I_gpe': 1.1661016269124693, 'I_gpi': 3.1702980579182727, 'noise_stn_sigma': 3.810331047996994, 'noise_gpe_sigma': 92.71351772683167, 'noise_gpi_sigma': 116.11279795170168, 'g_stn_gpe_mult': 3.5106085144016372, 'g_gpe_stn_mult': 0.12545665514759696, 'g_stn_gpi_mult': 1.9936128398730664, 'g_gpe_gpi_mult': 0.7516455767740031}. Best is trial 98 with value: 0.8941486215510439.
[I 2026-05-28 03:39:50,346] Trial 102 finished with value: 6.247656579638781 and parameters: {'ISTN': 84.9331579686075, 'I_gpe': 0.5218808331760519, 'I_gpi': 3.253120628431704, 'noise_stn_sigma': 6.9077526304260175, 'noise_gpe_sigma': 94.23148792882465, 'noise_gpi_sigma': 78.76715006182349, 'g_stn_gpe_mult': 3.1081669085364343, 'g_gpe_stn_mult': 0.14435527512051755, 'g_stn_gpi_mult': 1.5788732815636752, 'g_gpe_gpi_mult': 0.7792922145842909}. Best is trial 98 with value: 0.8941486215510439.
[I 2026-05-28 03:39:51,353] Trial 103 finished with value: 8.092133030099719 and parameters: {'ISTN': 67.69255580507652, 'I_gpe': 0.8899243762782492, 'I_gpi': 3.1755351772405778, 'noise_stn_sigma': 5.350341875422823, 'noise_gpe_sigma': 79.46525503484396, 'noise_gpi_sigma': 81.56126112653656, 'g_stn_gpe_mult': 4.146898797114422, 'g_gpe_stn_mult': 0.18855680878041456, 'g_stn_gpi_mult': 2.3459147542375094, 'g_gpe_gpi_mult': 0.7441053898214032}. Best is trial 98 with value: 0.8941486215510439.
[I 2026-05-28 03:39:52,361] Trial 104 finished with value: 1.9161638535375451 and parameters: {'ISTN': 60.86853112952656, 'I_gpe': 0.8464812112188593, 'I_gpi': 3.381040398706674, 'noise_stn_sigma': 5.383115846477305, 'noise_gpe_sigma': 83.93394469942066, 'noise_gpi_sigma': 120.63035301789428, 'g_stn_gpe_mult': 3.5263098238771473, 'g_gpe_stn_mult': 0.2520162787251502, 'g_stn_gpi_mult': 2.8378885611931426, 'g_gpe_gpi_mult': 0.5754773396234223}. Best is trial 98 with value: 0.8941486215510439.
[I 2026-05-28 03:39:53,368] Trial 105 finished with value: 1.401002926237899 and parameters: {'ISTN': 63.43626674084613, 'I_gpe': 1.4982531211244658, 'I_gpi': 3.9872595076601467, 'noise_stn_sigma': 5.277501390190716, 'noise_gpe_sigma': 85.58956901931778, 'noise_gpi_sigma': 126.23203861515009, 'g_stn_gpe_mult': 3.7769207998106227, 'g_gpe_stn_mult': 0.18043160754812082, 'g_stn_gpi_mult': 1.314441149788018, 'g_gpe_gpi_mult': 0.768647008888097}. Best is trial 98 with value: 0.8941486215510439.
[I 2026-05-28 03:39:54,374] Trial 106 finished with value: 13.2261030527997 and parameters: {'ISTN': 76.66189383614405, 'I_gpe': 1.2877086586638655, 'I_gpi': 3.9926837197878178, 'noise_stn_sigma': 6.186309813763318, 'noise_gpe_sigma': 82.09936096457747, 'noise_gpi_sigma': 72.56023090986719, 'g_stn_gpe_mult': 3.2791933848212844, 'g_gpe_stn_mult': 0.21231874935906253, 'g_stn_gpi_mult': 2.122309500203262, 'g_gpe_gpi_mult': 0.8948419963758871}. Best is trial 98 with value: 0.8941486215510439.
[I 2026-05-28 03:39:55,382] Trial 107 finished with value: 14.102181132112825 and parameters: {'ISTN': 71.73157715510816, 'I_gpe': 1.7361688836615414, 'I_gpi': 3.258944699088564, 'noise_stn_sigma': 5.1499668222047825, 'noise_gpe_sigma': 80.83980342380156, 'noise_gpi_sigma': 107.27058121273865, 'g_stn_gpe_mult': 2.9819867467747256, 'g_gpe_stn_mult': 0.23719374338582017, 'g_stn_gpi_mult': 2.066124748772552, 'g_gpe_gpi_mult': 0.6879681556766577}. Best is trial 98 with value: 0.8941486215510439.
[I 2026-05-28 03:39:56,389] Trial 108 finished with value: 7.785702432112506 and parameters: {'ISTN': 68.0929133304848, 'I_gpe': 1.5324470720881302, 'I_gpi': 2.933994838556238, 'noise_stn_sigma': 6.842673432547177, 'noise_gpe_sigma': 95.48636235895292, 'noise_gpi_sigma': 112.80302334448511, 'g_stn_gpe_mult': 3.7908859863774755, 'g_gpe_stn_mult': 0.2150359530182111, 'g_stn_gpi_mult': 2.112133506984596, 'g_gpe_gpi_mult': 0.6600238671479419}. Best is trial 98 with value: 0.8941486215510439.
[I 2026-05-28 03:39:57,394] Trial 109 finished with value: 12.622393031993653 and parameters: {'ISTN': 62.48123079341745, 'I_gpe': 1.884695654493605, 'I_gpi': 3.823249143971758, 'noise_stn_sigma': 4.593881477673522, 'noise_gpe_sigma': 109.72097999833991, 'noise_gpi_sigma': 92.77590537369741, 'g_stn_gpe_mult': 3.759686304425415, 'g_gpe_stn_mult': 0.2477948454316707, 'g_stn_gpi_mult': 1.8157138568471283, 'g_gpe_gpi_mult': 0.8559060928891815}. Best is trial 98 with value: 0.8941486215510439.
[I 2026-05-28 03:39:58,401] Trial 110 finished with value: 14.757848860540808 and parameters: {'ISTN': 68.47934133554539, 'I_gpe': 1.1159283877477812, 'I_gpi': 4.284938816693752, 'noise_stn_sigma': 4.31253603697075, 'noise_gpe_sigma': 68.81121425435992, 'noise_gpi_sigma': 72.60516729503904, 'g_stn_gpe_mult': 3.677773747232977, 'g_gpe_stn_mult': 0.19250363054868228, 'g_stn_gpi_mult': 1.981049028397855, 'g_gpe_gpi_mult': 1.0846832657152017}. Best is trial 98 with value: 0.8941486215510439.
[I 2026-05-28 03:39:59,410] Trial 111 finished with value: 14.174296355005096 and parameters: {'ISTN': 76.80476463560055, 'I_gpe': 1.4293206582827969, 'I_gpi': 3.1506120659931263, 'noise_stn_sigma': 5.571133996355273, 'noise_gpe_sigma': 75.43577411536779, 'noise_gpi_sigma': 104.08650864796685, 'g_stn_gpe_mult': 3.967922501147187, 'g_gpe_stn_mult': 0.3482006198483169, 'g_stn_gpi_mult': 2.8228829982428896, 'g_gpe_gpi_mult': 0.5353819569338782}. Best is trial 98 with value: 0.8941486215510439.
[I 2026-05-28 03:40:00,415] Trial 112 finished with value: 12.129878952997784 and parameters: {'ISTN': 71.87979137879836, 'I_gpe': 0.6933484813448294, 'I_gpi': 2.741392670274069, 'noise_stn_sigma': 5.017863608001632, 'noise_gpe_sigma': 89.00598490572258, 'noise_gpi_sigma': 107.03525852269392, 'g_stn_gpe_mult': 3.3704794033185754, 'g_gpe_stn_mult': 0.23498653418078694, 'g_stn_gpi_mult': 2.024600846646095, 'g_gpe_gpi_mult': 0.58685963431657}. Best is trial 98 with value: 0.8941486215510439.
[I 2026-05-28 03:40:01,421] Trial 113 finished with value: 11.354165104445695 and parameters: {'ISTN': 76.04905748693966, 'I_gpe': 1.3577611988064777, 'I_gpi': 3.6141478917699055, 'noise_stn_sigma': 4.887667566260689, 'noise_gpe_sigma': 73.70445820379624, 'noise_gpi_sigma': 132.77149577175965, 'g_stn_gpe_mult': 3.475498018118947, 'g_gpe_stn_mult': 0.14792524806657673, 'g_stn_gpi_mult': 2.129348772501773, 'g_gpe_gpi_mult': 0.7946242469335039}. Best is trial 98 with value: 0.8941486215510439.
[I 2026-05-28 03:40:02,427] Trial 114 finished with value: 14.02361195436742 and parameters: {'ISTN': 72.68029787871556, 'I_gpe': 1.3120985990171703, 'I_gpi': 3.734479067246665, 'noise_stn_sigma': 5.016096674924406, 'noise_gpe_sigma': 83.24650182820719, 'noise_gpi_sigma': 99.23529831384263, 'g_stn_gpe_mult': 3.4393763758692746, 'g_gpe_stn_mult': 0.21687444679520684, 'g_stn_gpi_mult': 1.6342341524586392, 'g_gpe_gpi_mult': 0.68601646503091}. Best is trial 98 with value: 0.8941486215510439.
[I 2026-05-28 03:40:03,434] Trial 115 finished with value: 4.38527587532152 and parameters: {'ISTN': 61.48483039029086, 'I_gpe': 1.5501483130044775, 'I_gpi': 3.5844757086343253, 'noise_stn_sigma': 5.728415165764992, 'noise_gpe_sigma': 84.06370672161432, 'noise_gpi_sigma': 124.3832994868561, 'g_stn_gpe_mult': 3.129026147054172, 'g_gpe_stn_mult': 0.13288889870198684, 'g_stn_gpi_mult': 1.5687940903241797, 'g_gpe_gpi_mult': 0.8473659441565307}. Best is trial 98 with value: 0.8941486215510439.
[I 2026-05-28 03:40:04,443] Trial 116 finished with value: 17.198842427610938 and parameters: {'ISTN': 87.96598126053328, 'I_gpe': 1.1526043345334673, 'I_gpi': 3.6843544597765208, 'noise_stn_sigma': 5.162811070035714, 'noise_gpe_sigma': 67.07021983838601, 'noise_gpi_sigma': 104.40082776096412, 'g_stn_gpe_mult': 3.4392547433120857, 'g_gpe_stn_mult': 0.23056791667337367, 'g_stn_gpi_mult': 2.059206462869114, 'g_gpe_gpi_mult': 0.5613476332100975}. Best is trial 98 with value: 0.8941486215510439.
[I 2026-05-28 03:40:05,454] Trial 117 finished with value: 11.770745150529518 and parameters: {'ISTN': 69.61688672374868, 'I_gpe': 1.0536241668896802, 'I_gpi': 2.989433803408671, 'noise_stn_sigma': 5.437840814625632, 'noise_gpe_sigma': 67.83781619873862, 'noise_gpi_sigma': 94.8242334348243, 'g_stn_gpe_mult': 3.2470218627072134, 'g_gpe_stn_mult': 0.3511062815244863, 'g_stn_gpi_mult': 2.489141664311937, 'g_gpe_gpi_mult': 0.7069628795526455}. Best is trial 98 with value: 0.8941486215510439.
[I 2026-05-28 03:40:06,463] Trial 118 finished with value: 6.725519411484292 and parameters: {'ISTN': 67.61326635714329, 'I_gpe': 1.3424417384336644, 'I_gpi': 3.4089560097711993, 'noise_stn_sigma': 5.240281615652371, 'noise_gpe_sigma': 96.28517658481731, 'noise_gpi_sigma': 128.3440669075831, 'g_stn_gpe_mult': 3.0513045086849555, 'g_gpe_stn_mult': 0.2515098863361008, 'g_stn_gpi_mult': 2.1141865883975273, 'g_gpe_gpi_mult': 0.7583589019878492}. Best is trial 98 with value: 0.8941486215510439.
[I 2026-05-28 03:40:07,470] Trial 119 finished with value: 13.78448677477028 and parameters: {'ISTN': 80.19201844044935, 'I_gpe': 1.746255080907654, 'I_gpi': 3.034486487625611, 'noise_stn_sigma': 5.965915836081674, 'noise_gpe_sigma': 95.85047837945444, 'noise_gpi_sigma': 115.85273423507782, 'g_stn_gpe_mult': 3.1370863058511356, 'g_gpe_stn_mult': 0.28911105813788895, 'g_stn_gpi_mult': 2.2199243360079213, 'g_gpe_gpi_mult': 0.7660793351378778}. Best is trial 98 with value: 0.8941486215510439.
[I 2026-05-28 03:40:08,475] Trial 120 finished with value: 10.864136471757595 and parameters: {'ISTN': 85.01172727978218, 'I_gpe': 1.0021309488533408, 'I_gpi': 3.3262464039992223, 'noise_stn_sigma': 5.885222742088537, 'noise_gpe_sigma': 64.36031997216517, 'noise_gpi_sigma': 104.58715107888413, 'g_stn_gpe_mult': 3.568951218062307, 'g_gpe_stn_mult': 0.1851743693162141, 'g_stn_gpi_mult': 1.9569540661569542, 'g_gpe_gpi_mult': 0.5959668787583785}. Best is trial 98 with value: 0.8941486215510439.
[I 2026-05-28 03:40:09,485] Trial 121 finished with value: 11.21361602786458 and parameters: {'ISTN': 62.27760494077308, 'I_gpe': 1.1023356934549733, 'I_gpi': 2.9353370769246956, 'noise_stn_sigma': 5.769954425832147, 'noise_gpe_sigma': 96.36239762303566, 'noise_gpi_sigma': 136.36683770674557, 'g_stn_gpe_mult': 2.7279922787873128, 'g_gpe_stn_mult': 0.14809752270030305, 'g_stn_gpi_mult': 1.364874311722335, 'g_gpe_gpi_mult': 0.898136905164594}. Best is trial 98 with value: 0.8941486215510439.
[I 2026-05-28 03:40:10,493] Trial 122 finished with value: 7.650683961535176 and parameters: {'ISTN': 65.52012144891496, 'I_gpe': 1.2254626755072557, 'I_gpi': 3.7699519012898914, 'noise_stn_sigma': 6.250718215306379, 'noise_gpe_sigma': 88.00573684621568, 'noise_gpi_sigma': 139.77229294182246, 'g_stn_gpe_mult': 3.2758177455257695, 'g_gpe_stn_mult': 0.21912148952757254, 'g_stn_gpi_mult': 1.5889479539662963, 'g_gpe_gpi_mult': 0.5627937024774614}. Best is trial 98 with value: 0.8941486215510439.
[I 2026-05-28 03:40:11,502] Trial 123 finished with value: 1.0150683239928435 and parameters: {'ISTN': 64.73512305546079, 'I_gpe': 1.23474356995662, 'I_gpi': 2.9063022081123044, 'noise_stn_sigma': 4.815902617339928, 'noise_gpe_sigma': 81.38037218361754, 'noise_gpi_sigma': 104.99270680061252, 'g_stn_gpe_mult': 3.076766829735866, 'g_gpe_stn_mult': 0.13939827429439097, 'g_stn_gpi_mult': 1.7476340878239078, 'g_gpe_gpi_mult': 0.7750546422506597}. Best is trial 98 with value: 0.8941486215510439.
[I 2026-05-28 03:40:12,510] Trial 124 finished with value: 4.863796287422243 and parameters: {'ISTN': 65.46159982011606, 'I_gpe': 1.2216929779061374, 'I_gpi': 2.9982754025749347, 'noise_stn_sigma': 6.20088888463733, 'noise_gpe_sigma': 71.90832825287036, 'noise_gpi_sigma': 123.8342368263393, 'g_stn_gpe_mult': 2.740217199640006, 'g_gpe_stn_mult': 0.16269515245418584, 'g_stn_gpi_mult': 1.2143133301983848, 'g_gpe_gpi_mult': 0.9644123081150406}. Best is trial 98 with value: 0.8941486215510439.
[I 2026-05-28 03:40:13,518] Trial 125 finished with value: 16.296611637527565 and parameters: {'ISTN': 87.38009055425337, 'I_gpe': 1.1650324383703548, 'I_gpi': 3.6718385670568643, 'noise_stn_sigma': 6.115113510189763, 'noise_gpe_sigma': 79.42263104578666, 'noise_gpi_sigma': 120.25945992970242, 'g_stn_gpe_mult': 2.7108333793386317, 'g_gpe_stn_mult': 0.1492597986805401, 'g_stn_gpi_mult': 1.3924042296539367, 'g_gpe_gpi_mult': 0.721963049776039}. Best is trial 98 with value: 0.8941486215510439.
[I 2026-05-28 03:40:14,525] Trial 126 finished with value: 10.912150656933536 and parameters: {'ISTN': 69.61674193910464, 'I_gpe': 0.8849505345690647, 'I_gpi': 3.6578858296150805, 'noise_stn_sigma': 6.302289436007796, 'noise_gpe_sigma': 79.15455000648655, 'noise_gpi_sigma': 123.70795703582738, 'g_stn_gpe_mult': 3.4128833940490044, 'g_gpe_stn_mult': 0.16134552163570492, 'g_stn_gpi_mult': 1.8249187647774092, 'g_gpe_gpi_mult': 0.673209767066988}. Best is trial 98 with value: 0.8941486215510439.
[I 2026-05-28 03:40:15,535] Trial 127 finished with value: 0.7783970418497101 and parameters: {'ISTN': 61.03602503811452, 'I_gpe': 1.1506561867700262, 'I_gpi': 3.5723263402061836, 'noise_stn_sigma': 5.798463608891944, 'noise_gpe_sigma': 65.89691836432084, 'noise_gpi_sigma': 96.8873351125785, 'g_stn_gpe_mult': 2.882737606494004, 'g_gpe_stn_mult': 0.11337291304634005, 'g_stn_gpi_mult': 1.3715027632294339, 'g_gpe_gpi_mult': 0.8992584421011414}. Best is trial 127 with value: 0.7783970418497101.
[I 2026-05-28 03:40:16,539] Trial 128 finished with value: 7.686015743447291 and parameters: {'ISTN': 74.46434130643419, 'I_gpe': 0.8976805257739657, 'I_gpi': 2.8226759281435094, 'noise_stn_sigma': 7.147547670866968, 'noise_gpe_sigma': 53.44072557655351, 'noise_gpi_sigma': 112.08391521084188, 'g_stn_gpe_mult': 2.952306568528397, 'g_gpe_stn_mult': 0.24021290408074325, 'g_stn_gpi_mult': 2.3578530963071187, 'g_gpe_gpi_mult': 0.7154058763397906}. Best is trial 127 with value: 0.7783970418497101.
[I 2026-05-28 03:40:17,547] Trial 129 finished with value: 7.246867437450307 and parameters: {'ISTN': 77.81993161183827, 'I_gpe': 1.106349751278577, 'I_gpi': 3.3181368944574325, 'noise_stn_sigma': 5.789835049229814, 'noise_gpe_sigma': 105.5087174283045, 'noise_gpi_sigma': 115.86125106788724, 'g_stn_gpe_mult': 3.584636643865955, 'g_gpe_stn_mult': 0.10743737276172523, 'g_stn_gpi_mult': 1.668304721970849, 'g_gpe_gpi_mult': 0.8244121089427965}. Best is trial 127 with value: 0.7783970418497101.
[I 2026-05-28 03:40:18,553] Trial 130 finished with value: 14.879193246083116 and parameters: {'ISTN': 69.95500271538214, 'I_gpe': 2.2088208934947153, 'I_gpi': 4.1063544123778986, 'noise_stn_sigma': 5.088335852135136, 'noise_gpe_sigma': 78.32348267784731, 'noise_gpi_sigma': 102.77572635959625, 'g_stn_gpe_mult': 3.023770944795446, 'g_gpe_stn_mult': 0.27711849148805656, 'g_stn_gpi_mult': 1.8915605548045598, 'g_gpe_gpi_mult': 0.8355056743088032}. Best is trial 127 with value: 0.7783970418497101.
[I 2026-05-28 03:40:19,561] Trial 131 finished with value: 1.2967375348239103 and parameters: {'ISTN': 66.42789521297834, 'I_gpe': 0.9349298792242402, 'I_gpi': 2.765625995233593, 'noise_stn_sigma': 4.3307159839714355, 'noise_gpe_sigma': 75.25365587396311, 'noise_gpi_sigma': 80.76137320139016, 'g_stn_gpe_mult': 3.1100567690986587, 'g_gpe_stn_mult': 0.10393333749522875, 'g_stn_gpi_mult': 1.046179531809913, 'g_gpe_gpi_mult': 1.037596790504397}. Best is trial 127 with value: 0.7783970418497101.
