[I 2026-05-28 03:19:40,312] Trial 924 finished with value: 0.13062752527639818 and parameters: {'ISTN': 60.150182592603805, 'I_gpe': 1.192710545800281, 'I_gpi': 1.841996359498525, 'noise_stn_sigma': 2.3901131852176682, 'noise_gpe_sigma': 104.34571810503088, 'noise_gpi_sigma': 82.69010715439225, 'g_stn_gpe_mult': 2.586022348745605, 'g_gpe_stn_mult': 0.16850308501386088, 'g_stn_gpi_mult': 3.5991646441856773, 'g_gpe_gpi_mult': 1.0301395271563345}. Best is trial 840 with value: 0.12482692379131191.
[I 2026-05-28 03:19:41,324] Trial 925 finished with value: 0.13323571382508564 and parameters: {'ISTN': 60.212360619821226, 'I_gpe': 1.1814219369575394, 'I_gpi': 1.8415141799021417, 'noise_stn_sigma': 2.3844422975339796, 'noise_gpe_sigma': 105.11860492933027, 'noise_gpi_sigma': 82.45654656824107, 'g_stn_gpe_mult': 2.6935792502328786, 'g_gpe_stn_mult': 0.17398198828349803, 'g_stn_gpi_mult': 3.5816483022457253, 'g_gpe_gpi_mult': 1.0323367854008292}. Best is trial 840 with value: 0.12482692379131191.
[I 2026-05-28 03:19:42,336] Trial 926 finished with value: 0.13278942591919937 and parameters: {'ISTN': 60.361420572567596, 'I_gpe': 1.1984401592362668, 'I_gpi': 1.8245793197261153, 'noise_stn_sigma': 2.397235163937988, 'noise_gpe_sigma': 105.31238464109269, 'noise_gpi_sigma': 82.40487284366964, 'g_stn_gpe_mult': 2.6195842146351382, 'g_gpe_stn_mult': 0.17030193294297016, 'g_stn_gpi_mult': 3.6034800762697414, 'g_gpe_gpi_mult': 1.0282635172652235}. Best is trial 840 with value: 0.12482692379131191.
[I 2026-05-28 03:19:43,288] Trial 927 finished with value: 1000000.0 and parameters: {'ISTN': 60.39873049037851, 'I_gpe': 1.1651978170297648, 'I_gpi': 1.8388623117692564, 'noise_stn_sigma': 2.3350170390689176, 'noise_gpe_sigma': 104.74681422787653, 'noise_gpi_sigma': 82.72392987194178, 'g_stn_gpe_mult': 2.636425417739132, 'g_gpe_stn_mult': 0.1699235688356058, 'g_stn_gpi_mult': 3.5895465729498945, 'g_gpe_gpi_mult': 1.0245837742002488}. Best is trial 840 with value: 0.12482692379131191.
[I 2026-05-28 03:19:44,299] Trial 928 finished with value: 0.1350581973983009 and parameters: {'ISTN': 60.52351492806337, 'I_gpe': 1.1653251784317176, 'I_gpi': 1.8547780373936953, 'noise_stn_sigma': 2.3735038394304637, 'noise_gpe_sigma': 104.14372549054586, 'noise_gpi_sigma': 83.35875399945951, 'g_stn_gpe_mult': 2.665722731507185, 'g_gpe_stn_mult': 0.16944334517386017, 'g_stn_gpi_mult': 3.5921052295788463, 'g_gpe_gpi_mult': 1.0220204293460629}. Best is trial 840 with value: 0.12482692379131191.
[I 2026-05-28 03:19:45,311] Trial 929 finished with value: 0.12905406679966402 and parameters: {'ISTN': 60.0906477490361, 'I_gpe': 1.1968488064759089, 'I_gpi': 1.8641369269493162, 'noise_stn_sigma': 2.476345302878465, 'noise_gpe_sigma': 104.95657106894885, 'noise_gpi_sigma': 83.05865434542635, 'g_stn_gpe_mult': 2.6221668340252746, 'g_gpe_stn_mult': 0.17068249015722697, 'g_stn_gpi_mult': 3.5944089026818213, 'g_gpe_gpi_mult': 1.0328780546226815}. Best is trial 840 with value: 0.12482692379131191.
[I 2026-05-28 03:19:46,321] Trial 930 finished with value: 0.13085161333895795 and parameters: {'ISTN': 60.243467260380655, 'I_gpe': 1.1677041926286211, 'I_gpi': 1.8499758439808485, 'noise_stn_sigma': 2.4201914029877063, 'noise_gpe_sigma': 104.62674132499515, 'noise_gpi_sigma': 82.8694212100706, 'g_stn_gpe_mult': 2.6641245708732955, 'g_gpe_stn_mult': 0.16983091816896065, 'g_stn_gpi_mult': 3.6106768732191497, 'g_gpe_gpi_mult': 1.0216181017190613}. Best is trial 840 with value: 0.12482692379131191.
[I 2026-05-28 03:19:47,332] Trial 931 finished with value: 0.1378983948005953 and parameters: {'ISTN': 60.22520038670767, 'I_gpe': 1.146183366533858, 'I_gpi': 1.864994714864134, 'noise_stn_sigma': 2.4360340644774445, 'noise_gpe_sigma': 104.74394355630243, 'noise_gpi_sigma': 83.97124326453883, 'g_stn_gpe_mult': 2.5707210699041676, 'g_gpe_stn_mult': 0.16803355001936127, 'g_stn_gpi_mult': 3.618385445111783, 'g_gpe_gpi_mult': 1.0325063927322549}. Best is trial 840 with value: 0.12482692379131191.
[I 2026-05-28 03:19:48,345] Trial 932 finished with value: 0.1274015000575601 and parameters: {'ISTN': 60.00856237903473, 'I_gpe': 1.185686057150746, 'I_gpi': 1.8433292911209933, 'noise_stn_sigma': 2.407435664820574, 'noise_gpe_sigma': 104.33317636147501, 'noise_gpi_sigma': 81.91332458751148, 'g_stn_gpe_mult': 2.61428813802831, 'g_gpe_stn_mult': 0.17249497620657434, 'g_stn_gpi_mult': 3.6101163185380103, 'g_gpe_gpi_mult': 1.0326273789597438}. Best is trial 840 with value: 0.12482692379131191.
[I 2026-05-28 03:19:49,356] Trial 933 finished with value: 0.1320211438103812 and parameters: {'ISTN': 60.40251796061565, 'I_gpe': 1.187889419737552, 'I_gpi': 1.856912939079439, 'noise_stn_sigma': 2.4281433881973324, 'noise_gpe_sigma': 105.24066755642428, 'noise_gpi_sigma': 83.63085774889458, 'g_stn_gpe_mult': 2.620982283342979, 'g_gpe_stn_mult': 0.17029566983368383, 'g_stn_gpi_mult': 3.583491159426531, 'g_gpe_gpi_mult': 1.0280206120404025}. Best is trial 840 with value: 0.12482692379131191.
[I 2026-05-28 03:19:50,368] Trial 934 finished with value: 0.1272702017284008 and parameters: {'ISTN': 60.09178574318251, 'I_gpe': 1.1866848950063822, 'I_gpi': 1.8490317334701616, 'noise_stn_sigma': 2.411481635389003, 'noise_gpe_sigma': 105.18210491778339, 'noise_gpi_sigma': 81.868320697444, 'g_stn_gpe_mult': 2.6462346013578544, 'g_gpe_stn_mult': 0.17379353252892446, 'g_stn_gpi_mult': 3.6213443444133673, 'g_gpe_gpi_mult': 1.0403555528620063}. Best is trial 840 with value: 0.12482692379131191.
[I 2026-05-28 03:19:51,380] Trial 935 finished with value: 0.1302040152525065 and parameters: {'ISTN': 60.303148170228454, 'I_gpe': 1.202123920323993, 'I_gpi': 1.8493157875713306, 'noise_stn_sigma': 2.3735362570301803, 'noise_gpe_sigma': 104.96972965180261, 'noise_gpi_sigma': 82.36820436158348, 'g_stn_gpe_mult': 2.6156091189622055, 'g_gpe_stn_mult': 0.17375509648216633, 'g_stn_gpi_mult': 3.6024132953986374, 'g_gpe_gpi_mult': 1.0064810785044775}. Best is trial 840 with value: 0.12482692379131191.
[I 2026-05-28 03:19:52,394] Trial 936 finished with value: 0.14168532744318962 and parameters: {'ISTN': 60.20275626981312, 'I_gpe': 1.213698862056726, 'I_gpi': 1.8545380304584929, 'noise_stn_sigma': 2.4400899947141976, 'noise_gpe_sigma': 104.13269460125558, 'noise_gpi_sigma': 83.65046615087435, 'g_stn_gpe_mult': 2.630665050167444, 'g_gpe_stn_mult': 0.1688598500487779, 'g_stn_gpi_mult': 3.594638789685196, 'g_gpe_gpi_mult': 1.0281454540759847}. Best is trial 840 with value: 0.12482692379131191.
[I 2026-05-28 03:19:53,408] Trial 937 finished with value: 0.13079772825229685 and parameters: {'ISTN': 60.299358710795914, 'I_gpe': 1.1590970378895529, 'I_gpi': 1.8456169568246006, 'noise_stn_sigma': 2.448018041582779, 'noise_gpe_sigma': 104.27413153713924, 'noise_gpi_sigma': 81.88383092498714, 'g_stn_gpe_mult': 2.651042551737568, 'g_gpe_stn_mult': 0.16821233530875845, 'g_stn_gpi_mult': 3.5904939113086876, 'g_gpe_gpi_mult': 1.0189331766660938}. Best is trial 840 with value: 0.12482692379131191.
[I 2026-05-28 03:19:54,419] Trial 938 finished with value: 0.13022369731537525 and parameters: {'ISTN': 60.4032789988571, 'I_gpe': 1.1685429534479885, 'I_gpi': 1.859008255798245, 'noise_stn_sigma': 2.4371159799951307, 'noise_gpe_sigma': 104.58558333963961, 'noise_gpi_sigma': 81.52072741078337, 'g_stn_gpe_mult': 2.6412484225933994, 'g_gpe_stn_mult': 0.16367956898803143, 'g_stn_gpi_mult': 3.61644914310646, 'g_gpe_gpi_mult': 1.039899845870967}. Best is trial 840 with value: 0.12482692379131191.
[I 2026-05-28 03:19:55,431] Trial 939 finished with value: 0.1282899671984288 and parameters: {'ISTN': 60.179907302007, 'I_gpe': 1.1702719546358369, 'I_gpi': 1.8367304657127574, 'noise_stn_sigma': 2.3733421963539927, 'noise_gpe_sigma': 105.37523496743297, 'noise_gpi_sigma': 82.54597920737052, 'g_stn_gpe_mult': 2.631137377856366, 'g_gpe_stn_mult': 0.17178065654720714, 'g_stn_gpi_mult': 3.6061006582563384, 'g_gpe_gpi_mult': 1.0469123567488612}. Best is trial 840 with value: 0.12482692379131191.
[I 2026-05-28 03:19:56,441] Trial 940 finished with value: 0.13213490991241483 and parameters: {'ISTN': 60.19115072864035, 'I_gpe': 1.1693279186664176, 'I_gpi': 1.8451934245604162, 'noise_stn_sigma': 2.3495815560084314, 'noise_gpe_sigma': 105.23790644480546, 'noise_gpi_sigma': 81.97888319068846, 'g_stn_gpe_mult': 2.6311706976971267, 'g_gpe_stn_mult': 0.17294124054087084, 'g_stn_gpi_mult': 3.6102561165912963, 'g_gpe_gpi_mult': 1.0360100395156988}. Best is trial 840 with value: 0.12482692379131191.
[I 2026-05-28 03:19:57,454] Trial 941 finished with value: 0.12720114925287573 and parameters: {'ISTN': 60.03158834190571, 'I_gpe': 1.1970508623941538, 'I_gpi': 1.8484289899172541, 'noise_stn_sigma': 2.382212405696662, 'noise_gpe_sigma': 105.23084573380416, 'noise_gpi_sigma': 82.32338613208992, 'g_stn_gpe_mult': 2.601029623981426, 'g_gpe_stn_mult': 0.17475834284172526, 'g_stn_gpi_mult': 3.5986981722505, 'g_gpe_gpi_mult': 1.0337622404831355}. Best is trial 840 with value: 0.12482692379131191.
[I 2026-05-28 03:19:58,467] Trial 942 finished with value: 0.13115008313887835 and parameters: {'ISTN': 60.35688225657397, 'I_gpe': 1.1880783654038631, 'I_gpi': 1.8552946122839877, 'noise_stn_sigma': 2.4130996015685406, 'noise_gpe_sigma': 104.43780017792054, 'noise_gpi_sigma': 83.22607128067027, 'g_stn_gpe_mult': 2.591455204138664, 'g_gpe_stn_mult': 0.16809589180368883, 'g_stn_gpi_mult': 3.6070363365021274, 'g_gpe_gpi_mult': 1.0338057429142262}. Best is trial 840 with value: 0.12482692379131191.
[I 2026-05-28 03:19:59,480] Trial 943 finished with value: 0.12825894677956426 and parameters: {'ISTN': 60.04110743859566, 'I_gpe': 1.1762959745070267, 'I_gpi': 1.857011467543456, 'noise_stn_sigma': 2.3802566380310877, 'noise_gpe_sigma': 105.13830371776734, 'noise_gpi_sigma': 81.68781018269772, 'g_stn_gpe_mult': 2.6068692565393876, 'g_gpe_stn_mult': 0.17362210969727251, 'g_stn_gpi_mult': 3.6025497589185567, 'g_gpe_gpi_mult': 1.0347713440312962}. Best is trial 840 with value: 0.12482692379131191.
[I 2026-05-28 03:20:00,493] Trial 944 finished with value: 0.1323073793832379 and parameters: {'ISTN': 60.36649581035341, 'I_gpe': 1.1881261737953852, 'I_gpi': 1.8436284914352727, 'noise_stn_sigma': 2.3481160978550086, 'noise_gpe_sigma': 104.43118441842309, 'noise_gpi_sigma': 83.08216256730276, 'g_stn_gpe_mult': 2.6796399099238215, 'g_gpe_stn_mult': 0.1718017624473362, 'g_stn_gpi_mult': 3.5634814865458595, 'g_gpe_gpi_mult': 1.0275885224768955}. Best is trial 840 with value: 0.12482692379131191.
[I 2026-05-28 03:20:01,504] Trial 945 finished with value: 0.12876808267161838 and parameters: {'ISTN': 60.03664825381385, 'I_gpe': 1.1876627989837982, 'I_gpi': 1.8149409771673048, 'noise_stn_sigma': 2.4803405213260206, 'noise_gpe_sigma': 104.69278698676513, 'noise_gpi_sigma': 82.27869497295609, 'g_stn_gpe_mult': 2.656538734400002, 'g_gpe_stn_mult': 0.17159914259103395, 'g_stn_gpi_mult': 3.604588897887911, 'g_gpe_gpi_mult': 1.0413802775523375}. Best is trial 840 with value: 0.12482692379131191.
[I 2026-05-28 03:20:02,516] Trial 946 finished with value: 0.13243202238631535 and parameters: {'ISTN': 60.334089673158445, 'I_gpe': 1.1900780355996883, 'I_gpi': 1.842840568502515, 'noise_stn_sigma': 2.321751226073447, 'noise_gpe_sigma': 104.62027574016355, 'noise_gpi_sigma': 83.53296422585971, 'g_stn_gpe_mult': 2.608481955836491, 'g_gpe_stn_mult': 0.1732397582817239, 'g_stn_gpi_mult': 3.5851812779324344, 'g_gpe_gpi_mult': 1.027703786273834}. Best is trial 840 with value: 0.12482692379131191.
[I 2026-05-28 03:20:03,528] Trial 947 finished with value: 0.1332295083311 and parameters: {'ISTN': 60.12796216633664, 'I_gpe': 1.184006104497597, 'I_gpi': 1.841372498534377, 'noise_stn_sigma': 2.425419504555303, 'noise_gpe_sigma': 104.85253300142584, 'noise_gpi_sigma': 82.89800836634564, 'g_stn_gpe_mult': 2.6387885358717345, 'g_gpe_stn_mult': 0.17071511550201443, 'g_stn_gpi_mult': 3.6135599363363595, 'g_gpe_gpi_mult': 1.0345061350548044}. Best is trial 840 with value: 0.12482692379131191.
[I 2026-05-28 03:20:04,539] Trial 948 finished with value: 0.13120486735502757 and parameters: {'ISTN': 60.36336389541386, 'I_gpe': 1.19203102537919, 'I_gpi': 1.8427620339264217, 'noise_stn_sigma': 2.426904439420631, 'noise_gpe_sigma': 104.72227541438865, 'noise_gpi_sigma': 83.80688868875532, 'g_stn_gpe_mult': 2.611687039659273, 'g_gpe_stn_mult': 0.16874583422383893, 'g_stn_gpi_mult': 3.582967752137301, 'g_gpe_gpi_mult': 1.0390552406966411}. Best is trial 840 with value: 0.12482692379131191.
[I 2026-05-28 03:20:05,551] Trial 949 finished with value: 0.13127942674467027 and parameters: {'ISTN': 60.10941244889571, 'I_gpe': 1.175449012730383, 'I_gpi': 1.8485527416268506, 'noise_stn_sigma': 2.4276481001830046, 'noise_gpe_sigma': 105.29282993800908, 'noise_gpi_sigma': 81.82204805630397, 'g_stn_gpe_mult': 2.6213035093363937, 'g_gpe_stn_mult': 0.17158318946683715, 'g_stn_gpi_mult': 3.628295500633042, 'g_gpe_gpi_mult': 1.0177999779239255}. Best is trial 840 with value: 0.12482692379131191.
[I 2026-05-28 03:20:06,561] Trial 950 finished with value: 0.13221738127736618 and parameters: {'ISTN': 60.17272279421579, 'I_gpe': 1.1924083542223938, 'I_gpi': 1.8672425225633091, 'noise_stn_sigma': 2.4447056495012065, 'noise_gpe_sigma': 105.052125099899, 'noise_gpi_sigma': 81.06821056786609, 'g_stn_gpe_mult': 2.6047829095439994, 'g_gpe_stn_mult': 0.17447562927265176, 'g_stn_gpi_mult': 3.6086133531629914, 'g_gpe_gpi_mult': 1.020140129438397}. Best is trial 840 with value: 0.12482692379131191.
[I 2026-05-28 03:20:07,574] Trial 951 finished with value: 0.1341620461201146 and parameters: {'ISTN': 60.303977440793965, 'I_gpe': 1.2136915811474835, 'I_gpi': 1.8563603111969051, 'noise_stn_sigma': 2.3695457408325438, 'noise_gpe_sigma': 105.5240278746617, 'noise_gpi_sigma': 82.98245066945003, 'g_stn_gpe_mult': 2.5894660874397637, 'g_gpe_stn_mult': 0.17509792189526963, 'g_stn_gpi_mult': 3.611298962197394, 'g_gpe_gpi_mult': 1.021428286057995}. Best is trial 840 with value: 0.12482692379131191.
[I 2026-05-28 03:20:08,584] Trial 952 finished with value: 0.12924639727571208 and parameters: {'ISTN': 60.36862415616565, 'I_gpe': 1.1857699561920563, 'I_gpi': 1.8263500959864072, 'noise_stn_sigma': 2.3839579354233784, 'noise_gpe_sigma': 105.40818673299253, 'noise_gpi_sigma': 81.87479579179563, 'g_stn_gpe_mult': 2.607491630776166, 'g_gpe_stn_mult': 0.16954434208009833, 'g_stn_gpi_mult': 3.611637980181788, 'g_gpe_gpi_mult': 1.035143706606477}. Best is trial 840 with value: 0.12482692379131191.
[I 2026-05-28 03:20:09,595] Trial 953 finished with value: 0.13056932619659245 and parameters: {'ISTN': 60.28236367162924, 'I_gpe': 1.187551320476118, 'I_gpi': 1.8435094835285917, 'noise_stn_sigma': 2.4715874719532023, 'noise_gpe_sigma': 104.91579338285587, 'noise_gpi_sigma': 81.28277753437828, 'g_stn_gpe_mult': 2.6287823093757217, 'g_gpe_stn_mult': 0.16817983974439074, 'g_stn_gpi_mult': 3.614378446305415, 'g_gpe_gpi_mult': 1.0415740070180475}. Best is trial 840 with value: 0.12482692379131191.
[I 2026-05-28 03:20:10,605] Trial 954 finished with value: 0.13027289729220787 and parameters: {'ISTN': 60.14653775504801, 'I_gpe': 1.1822520931323162, 'I_gpi': 1.863245689814439, 'noise_stn_sigma': 2.4421508556748432, 'noise_gpe_sigma': 104.58188381951184, 'noise_gpi_sigma': 82.50721957823006, 'g_stn_gpe_mult': 2.6511649027899677, 'g_gpe_stn_mult': 0.17188270149892676, 'g_stn_gpi_mult': 3.5832880167439716, 'g_gpe_gpi_mult': 1.052786750307187}. Best is trial 840 with value: 0.12482692379131191.
[I 2026-05-28 03:20:11,617] Trial 955 finished with value: 0.13036354074891723 and parameters: {'ISTN': 60.01466117718971, 'I_gpe': 1.1639016499506614, 'I_gpi': 1.840498494746638, 'noise_stn_sigma': 2.40918993113043, 'noise_gpe_sigma': 105.21303232945583, 'noise_gpi_sigma': 81.69821385229673, 'g_stn_gpe_mult': 2.613963887034418, 'g_gpe_stn_mult': 0.17035268809504694, 'g_stn_gpi_mult': 3.606727716780123, 'g_gpe_gpi_mult': 1.0366811832163823}. Best is trial 840 with value: 0.12482692379131191.
[I 2026-05-28 03:20:12,627] Trial 956 finished with value: 0.1365223640267572 and parameters: {'ISTN': 60.19967443404059, 'I_gpe': 1.1902261832409011, 'I_gpi': 1.8500529040106755, 'noise_stn_sigma': 2.418264832704782, 'noise_gpe_sigma': 105.01674537404719, 'noise_gpi_sigma': 82.26819196458976, 'g_stn_gpe_mult': 2.5937636090539957, 'g_gpe_stn_mult': 0.17535848873182727, 'g_stn_gpi_mult': 3.6197823949399583, 'g_gpe_gpi_mult': 1.0290041046725593}. Best is trial 840 with value: 0.12482692379131191.
[I 2026-05-28 03:20:13,641] Trial 957 finished with value: 0.13179804995519198 and parameters: {'ISTN': 60.02456507675613, 'I_gpe': 1.2145848878055503, 'I_gpi': 1.8397334374443939, 'noise_stn_sigma': 2.456622633892385, 'noise_gpe_sigma': 104.35779733964439, 'noise_gpi_sigma': 82.34986443049738, 'g_stn_gpe_mult': 2.6323138286992442, 'g_gpe_stn_mult': 0.17371425319917475, 'g_stn_gpi_mult': 3.579448233191431, 'g_gpe_gpi_mult': 1.0299023414680617}. Best is trial 840 with value: 0.12482692379131191.
[I 2026-05-28 03:20:14,652] Trial 958 finished with value: 0.1325868206535756 and parameters: {'ISTN': 60.01985640536812, 'I_gpe': 1.1775850509135821, 'I_gpi': 1.8368861586812328, 'noise_stn_sigma': 2.4059653802784067, 'noise_gpe_sigma': 104.82293517446364, 'noise_gpi_sigma': 82.2504498759204, 'g_stn_gpe_mult': 2.6042331506452916, 'g_gpe_stn_mult': 0.1720421011804058, 'g_stn_gpi_mult': 3.5968811178345574, 'g_gpe_gpi_mult': 1.024758497295634}. Best is trial 840 with value: 0.12482692379131191.
[I 2026-05-28 03:20:15,665] Trial 959 finished with value: 0.12779927355281492 and parameters: {'ISTN': 60.090806586589224, 'I_gpe': 1.1768352898326677, 'I_gpi': 1.8288865427869734, 'noise_stn_sigma': 2.3471740855811243, 'noise_gpe_sigma': 105.52613917591724, 'noise_gpi_sigma': 81.03946925035372, 'g_stn_gpe_mult': 2.6542134966332664, 'g_gpe_stn_mult': 0.17519209502400593, 'g_stn_gpi_mult': 3.5875306305262127, 'g_gpe_gpi_mult': 1.0297066468195992}. Best is trial 840 with value: 0.12482692379131191.
[I 2026-05-28 03:20:16,675] Trial 960 finished with value: 0.13588376800709429 and parameters: {'ISTN': 60.15804180536843, 'I_gpe': 1.2000164302861176, 'I_gpi': 1.8544219559740567, 'noise_stn_sigma': 2.3769767154286483, 'noise_gpe_sigma': 105.07380184040517, 'noise_gpi_sigma': 82.24216797553908, 'g_stn_gpe_mult': 2.5965081097987617, 'g_gpe_stn_mult': 0.16817197534167838, 'g_stn_gpi_mult': 3.585246703180316, 'g_gpe_gpi_mult': 1.0267898985469366}. Best is trial 840 with value: 0.12482692379131191.
[I 2026-05-28 03:20:17,689] Trial 961 finished with value: 0.13254243153243644 and parameters: {'ISTN': 60.430425859081105, 'I_gpe': 1.2148815948212022, 'I_gpi': 1.8465180342089316, 'noise_stn_sigma': 2.4191432723297375, 'noise_gpe_sigma': 104.94473294151976, 'noise_gpi_sigma': 81.75290735189157, 'g_stn_gpe_mult': 2.6815115517281427, 'g_gpe_stn_mult': 0.17305879070601604, 'g_stn_gpi_mult': 3.57606993960098, 'g_gpe_gpi_mult': 1.0445917467566714}. Best is trial 840 with value: 0.12482692379131191.
[I 2026-05-28 03:20:18,702] Trial 962 finished with value: 0.13280637140052015 and parameters: {'ISTN': 60.15891821197884, 'I_gpe': 1.165064605616273, 'I_gpi': 1.8333960447951438, 'noise_stn_sigma': 2.3952470287032117, 'noise_gpe_sigma': 105.047961775023, 'noise_gpi_sigma': 81.44921090504317, 'g_stn_gpe_mult': 2.6472275745427476, 'g_gpe_stn_mult': 0.17010531593766548, 'g_stn_gpi_mult': 3.604329989861246, 'g_gpe_gpi_mult': 1.0290716737595802}. Best is trial 840 with value: 0.12482692379131191.
[I 2026-05-28 03:20:19,717] Trial 963 finished with value: 0.1351678679413398 and parameters: {'ISTN': 60.505858431150806, 'I_gpe': 1.1732850563646502, 'I_gpi': 1.8467375511143156, 'noise_stn_sigma': 2.350263892681366, 'noise_gpe_sigma': 105.67204501833245, 'noise_gpi_sigma': 82.5967081183179, 'g_stn_gpe_mult': 2.625225291228216, 'g_gpe_stn_mult': 0.16879465843858715, 'g_stn_gpi_mult': 3.595278947272897, 'g_gpe_gpi_mult': 1.039703856986482}. Best is trial 840 with value: 0.12482692379131191.
[I 2026-05-28 03:20:20,727] Trial 964 finished with value: 0.13500246279700157 and parameters: {'ISTN': 60.750724755730474, 'I_gpe': 1.1598141139955467, 'I_gpi': 1.829854394563623, 'noise_stn_sigma': 2.338447862816662, 'noise_gpe_sigma': 105.29406727504478, 'noise_gpi_sigma': 81.41610663414383, 'g_stn_gpe_mult': 2.671426894534301, 'g_gpe_stn_mult': 0.16448659928253306, 'g_stn_gpi_mult': 3.584291745871219, 'g_gpe_gpi_mult': 1.0476921038920586}. Best is trial 840 with value: 0.12482692379131191.
[I 2026-05-28 03:20:21,740] Trial 965 finished with value: 0.1342360316051735 and parameters: {'ISTN': 60.544042575821486, 'I_gpe': 1.1935783188844222, 'I_gpi': 1.8531793085970802, 'noise_stn_sigma': 2.359397737975628, 'noise_gpe_sigma': 105.30156504022172, 'noise_gpi_sigma': 83.11912876228385, 'g_stn_gpe_mult': 2.5834708574713714, 'g_gpe_stn_mult': 0.16960380700520722, 'g_stn_gpi_mult': 3.569725023868979, 'g_gpe_gpi_mult': 1.0446809627988374}. Best is trial 840 with value: 0.12482692379131191.
[I 2026-05-28 03:20:22,751] Trial 966 finished with value: 0.129188568794601 and parameters: {'ISTN': 60.54193496161519, 'I_gpe': 1.194306669372422, 'I_gpi': 1.8291952950931623, 'noise_stn_sigma': 2.3460324154253023, 'noise_gpe_sigma': 105.25910395493669, 'noise_gpi_sigma': 82.4015839864172, 'g_stn_gpe_mult': 2.6472743155393363, 'g_gpe_stn_mult': 0.16739890500834453, 'g_stn_gpi_mult': 3.569745785064431, 'g_gpe_gpi_mult': 1.038502446897571}. Best is trial 840 with value: 0.12482692379131191.
[I 2026-05-28 03:20:23,763] Trial 967 finished with value: 0.1294075832857005 and parameters: {'ISTN': 60.1317052704324, 'I_gpe': 1.1838675384438822, 'I_gpi': 1.827605560212076, 'noise_stn_sigma': 2.386624293880665, 'noise_gpe_sigma': 105.07707098000677, 'noise_gpi_sigma': 80.97965193494, 'g_stn_gpe_mult': 2.6599420572087595, 'g_gpe_stn_mult': 0.17333490126295745, 'g_stn_gpi_mult': 3.5881164649936528, 'g_gpe_gpi_mult': 1.0251332465929128}. Best is trial 840 with value: 0.12482692379131191.
