[I 2026-05-28 03:13:44,406] Trial 572 finished with value: 0.199478522918103 and parameters: {'ISTN': 61.322136567356964, 'I_gpe': 1.2436932841757637, 'I_gpi': 1.8218982159597505, 'noise_stn_sigma': 2.918703086816545, 'noise_gpe_sigma': 105.06002340009462, 'noise_gpi_sigma': 76.98885102686404, 'g_stn_gpe_mult': 2.936285105429775, 'g_gpe_stn_mult': 0.13973430638066525, 'g_stn_gpi_mult': 3.4025222435606093, 'g_gpe_gpi_mult': 1.0911917645932345}. Best is trial 570 with value: 0.14086753762996745.
[I 2026-05-28 03:13:45,418] Trial 573 finished with value: 0.1584211744763415 and parameters: {'ISTN': 60.80752200580997, 'I_gpe': 1.296689435524982, 'I_gpi': 1.9705755451164573, 'noise_stn_sigma': 2.67855389950203, 'noise_gpe_sigma': 101.19776493675673, 'noise_gpi_sigma': 81.29027903088063, 'g_stn_gpe_mult': 2.948798792833741, 'g_gpe_stn_mult': 0.13685122897862778, 'g_stn_gpi_mult': 3.509566812182257, 'g_gpe_gpi_mult': 1.0501065708053912}. Best is trial 570 with value: 0.14086753762996745.
[I 2026-05-28 03:13:46,429] Trial 574 finished with value: 0.17409377617974495 and parameters: {'ISTN': 63.43533981010742, 'I_gpe': 1.1490310760507956, 'I_gpi': 2.030929699140775, 'noise_stn_sigma': 2.533547885279567, 'noise_gpe_sigma': 101.45163029155492, 'noise_gpi_sigma': 80.96630390191035, 'g_stn_gpe_mult': 3.0674201722503263, 'g_gpe_stn_mult': 0.12559488264858082, 'g_stn_gpi_mult': 3.6257201771641365, 'g_gpe_gpi_mult': 1.116774735047401}. Best is trial 570 with value: 0.14086753762996745.
[I 2026-05-28 03:13:47,441] Trial 575 finished with value: 0.1739768689976996 and parameters: {'ISTN': 63.2253888319326, 'I_gpe': 1.1889360860339324, 'I_gpi': 1.7676805262761761, 'noise_stn_sigma': 2.730609319281709, 'noise_gpe_sigma': 99.33310015028677, 'noise_gpi_sigma': 87.07804953474454, 'g_stn_gpe_mult': 3.0893032865153005, 'g_gpe_stn_mult': 0.10940081583179588, 'g_stn_gpi_mult': 3.262283201299477, 'g_gpe_gpi_mult': 1.1006735277207982}. Best is trial 570 with value: 0.14086753762996745.
[I 2026-05-28 03:13:48,452] Trial 576 finished with value: 0.30059163234173497 and parameters: {'ISTN': 60.96729003646102, 'I_gpe': 1.2331739515642548, 'I_gpi': 1.9583487530372923, 'noise_stn_sigma': 2.5604717703403272, 'noise_gpe_sigma': 105.2598233463297, 'noise_gpi_sigma': 78.97009603178081, 'g_stn_gpe_mult': 2.9568335037374354, 'g_gpe_stn_mult': 0.14007258591879052, 'g_stn_gpi_mult': 3.4720204654488054, 'g_gpe_gpi_mult': 1.068850541497134}. Best is trial 570 with value: 0.14086753762996745.
[I 2026-05-28 03:13:49,465] Trial 577 finished with value: 0.16560381248150083 and parameters: {'ISTN': 62.453246327556776, 'I_gpe': 1.0402437275526202, 'I_gpi': 1.8093959240361115, 'noise_stn_sigma': 2.596720737000704, 'noise_gpe_sigma': 101.75128098137057, 'noise_gpi_sigma': 79.54997175289071, 'g_stn_gpe_mult': 2.994515824316547, 'g_gpe_stn_mult': 0.1331279062443328, 'g_stn_gpi_mult': 3.599915412075278, 'g_gpe_gpi_mult': 1.0940780754428345}. Best is trial 570 with value: 0.14086753762996745.
[I 2026-05-28 03:13:50,478] Trial 578 finished with value: 0.15537692419710727 and parameters: {'ISTN': 62.92297625014353, 'I_gpe': 1.245824160237398, 'I_gpi': 1.805842097832003, 'noise_stn_sigma': 2.443304248744134, 'noise_gpe_sigma': 104.28655353515191, 'noise_gpi_sigma': 73.12297330277474, 'g_stn_gpe_mult': 3.114522387836162, 'g_gpe_stn_mult': 0.13538946109464628, 'g_stn_gpi_mult': 3.445908439588289, 'g_gpe_gpi_mult': 1.1107483141268095}. Best is trial 570 with value: 0.14086753762996745.
[I 2026-05-28 03:13:51,493] Trial 579 finished with value: 0.14942160004892258 and parameters: {'ISTN': 61.19994988421425, 'I_gpe': 1.1300949969603433, 'I_gpi': 1.881350921337237, 'noise_stn_sigma': 2.7498682831901524, 'noise_gpe_sigma': 103.26204811142438, 'noise_gpi_sigma': 70.4378602202429, 'g_stn_gpe_mult': 2.8808635893673546, 'g_gpe_stn_mult': 0.150542643586813, 'g_stn_gpi_mult': 3.653891872037876, 'g_gpe_gpi_mult': 1.0506859900707959}. Best is trial 570 with value: 0.14086753762996745.
[I 2026-05-28 03:13:52,504] Trial 580 finished with value: 0.16417707961024927 and parameters: {'ISTN': 62.08421968953001, 'I_gpe': 1.0953169924625383, 'I_gpi': 1.7028594013375942, 'noise_stn_sigma': 2.8622650544624832, 'noise_gpe_sigma': 104.80350289581757, 'noise_gpi_sigma': 75.49336142756076, 'g_stn_gpe_mult': 2.9571586731096895, 'g_gpe_stn_mult': 0.149286143614774, 'g_stn_gpi_mult': 3.4625463347753525, 'g_gpe_gpi_mult': 1.0709740279361775}. Best is trial 570 with value: 0.14086753762996745.
[I 2026-05-28 03:13:53,518] Trial 581 finished with value: 0.1712759074878805 and parameters: {'ISTN': 64.03596607499313, 'I_gpe': 1.1307978749935335, 'I_gpi': 1.9639827683468272, 'noise_stn_sigma': 2.643047518627655, 'noise_gpe_sigma': 101.05814085695376, 'noise_gpi_sigma': 78.53669128988675, 'g_stn_gpe_mult': 3.213141780951637, 'g_gpe_stn_mult': 0.11892618202714006, 'g_stn_gpi_mult': 3.2535665139395396, 'g_gpe_gpi_mult': 1.0507127092705357}. Best is trial 570 with value: 0.14086753762996745.
[I 2026-05-28 03:13:54,531] Trial 582 finished with value: 0.15128275542601222 and parameters: {'ISTN': 62.417676471474664, 'I_gpe': 1.1329735701119341, 'I_gpi': 1.8388218802028389, 'noise_stn_sigma': 2.5391211102341282, 'noise_gpe_sigma': 102.07662884436174, 'noise_gpi_sigma': 82.66792577999895, 'g_stn_gpe_mult': 2.92055580297067, 'g_gpe_stn_mult': 0.13400674385978267, 'g_stn_gpi_mult': 3.533804370935135, 'g_gpe_gpi_mult': 1.0227263741545247}. Best is trial 570 with value: 0.14086753762996745.
[I 2026-05-28 03:13:55,544] Trial 583 finished with value: 0.534196174317758 and parameters: {'ISTN': 61.65867661051967, 'I_gpe': 1.2726477522587156, 'I_gpi': 1.763676205383553, 'noise_stn_sigma': 2.28995834409762, 'noise_gpe_sigma': 103.54598336221993, 'noise_gpi_sigma': 74.16392573527736, 'g_stn_gpe_mult': 3.0548305361004324, 'g_gpe_stn_mult': 0.133681319484986, 'g_stn_gpi_mult': 3.584071744316885, 'g_gpe_gpi_mult': 1.1016981418733611}. Best is trial 570 with value: 0.14086753762996745.
[I 2026-05-28 03:13:56,555] Trial 584 finished with value: 0.23312119103906379 and parameters: {'ISTN': 61.20010262168944, 'I_gpe': 1.1786236819517009, 'I_gpi': 1.7554306867915064, 'noise_stn_sigma': 2.3250550723719767, 'noise_gpe_sigma': 108.26854061517126, 'noise_gpi_sigma': 68.29940194930768, 'g_stn_gpe_mult': 2.837900545099601, 'g_gpe_stn_mult': 0.1431400256127437, 'g_stn_gpi_mult': 3.7269369612934877, 'g_gpe_gpi_mult': 1.0542755731495372}. Best is trial 570 with value: 0.14086753762996745.
[I 2026-05-28 03:13:57,566] Trial 585 finished with value: 0.3662033829857432 and parameters: {'ISTN': 61.977190585808756, 'I_gpe': 1.2083293671198776, 'I_gpi': 1.8202182871185455, 'noise_stn_sigma': 2.3247503883303184, 'noise_gpe_sigma': 99.79789034391926, 'noise_gpi_sigma': 80.67613417673724, 'g_stn_gpe_mult': 2.8519096179888224, 'g_gpe_stn_mult': 0.13043671661008746, 'g_stn_gpi_mult': 3.5959557085857776, 'g_gpe_gpi_mult': 1.0825387746502384}. Best is trial 570 with value: 0.14086753762996745.
[I 2026-05-28 03:13:58,577] Trial 586 finished with value: 0.1636398046026076 and parameters: {'ISTN': 62.88299555228976, 'I_gpe': 1.3233476560493962, 'I_gpi': 1.9388762611604846, 'noise_stn_sigma': 2.499057823167579, 'noise_gpe_sigma': 104.08880403742648, 'noise_gpi_sigma': 75.67517944695047, 'g_stn_gpe_mult': 3.0498561456552453, 'g_gpe_stn_mult': 0.1346538744565307, 'g_stn_gpi_mult': 3.479907694630025, 'g_gpe_gpi_mult': 1.0936044877808528}. Best is trial 570 with value: 0.14086753762996745.
[I 2026-05-28 03:13:59,590] Trial 587 finished with value: 0.14910569248133593 and parameters: {'ISTN': 62.069664894049744, 'I_gpe': 1.1842181909806189, 'I_gpi': 1.8710138777539267, 'noise_stn_sigma': 2.6616837466032757, 'noise_gpe_sigma': 101.81997731366958, 'noise_gpi_sigma': 73.45814994833128, 'g_stn_gpe_mult': 2.8908661742334765, 'g_gpe_stn_mult': 0.15043668810379834, 'g_stn_gpi_mult': 3.5496857385959775, 'g_gpe_gpi_mult': 1.0889758686129798}. Best is trial 570 with value: 0.14086753762996745.
[I 2026-05-28 03:14:00,602] Trial 588 finished with value: 0.1969989960140128 and parameters: {'ISTN': 65.56769043409146, 'I_gpe': 1.2895332910669923, 'I_gpi': 1.884537242933754, 'noise_stn_sigma': 2.180964211595943, 'noise_gpe_sigma': 101.25721900944077, 'noise_gpi_sigma': 81.92611653293628, 'g_stn_gpe_mult': 2.9884900332756175, 'g_gpe_stn_mult': 0.13939139188823813, 'g_stn_gpi_mult': 3.3058321725718427, 'g_gpe_gpi_mult': 1.025304845925062}. Best is trial 570 with value: 0.14086753762996745.
[I 2026-05-28 03:14:01,612] Trial 589 finished with value: 0.37284407630307165 and parameters: {'ISTN': 60.93274812292055, 'I_gpe': 1.2888759867214565, 'I_gpi': 1.8591485146061655, 'noise_stn_sigma': 2.7907028471885194, 'noise_gpe_sigma': 98.79334342394108, 'noise_gpi_sigma': 81.69213215500426, 'g_stn_gpe_mult': 2.9983499020066224, 'g_gpe_stn_mult': 0.1389929661411618, 'g_stn_gpi_mult': 3.6596742561346502, 'g_gpe_gpi_mult': 1.0643169725595818}. Best is trial 570 with value: 0.14086753762996745.
[I 2026-05-28 03:14:02,624] Trial 590 finished with value: 0.15993633408744354 and parameters: {'ISTN': 61.74776088806874, 'I_gpe': 1.0758559988204541, 'I_gpi': 1.930251397576821, 'noise_stn_sigma': 2.53128047906225, 'noise_gpe_sigma': 110.12197434448375, 'noise_gpi_sigma': 61.18766955053634, 'g_stn_gpe_mult': 2.9911286945134066, 'g_gpe_stn_mult': 0.13905300954974048, 'g_stn_gpi_mult': 3.530304221585381, 'g_gpe_gpi_mult': 1.0564461814498158}. Best is trial 570 with value: 0.14086753762996745.
[I 2026-05-28 03:14:03,636] Trial 591 finished with value: 0.14441537354653738 and parameters: {'ISTN': 61.1384786663866, 'I_gpe': 1.213496292965798, 'I_gpi': 1.9420133565215452, 'noise_stn_sigma': 2.754874627427573, 'noise_gpe_sigma': 98.26148792772996, 'noise_gpi_sigma': 85.58153771008597, 'g_stn_gpe_mult': 2.802542077058747, 'g_gpe_stn_mult': 0.15256595717988997, 'g_stn_gpi_mult': 3.4044035597599582, 'g_gpe_gpi_mult': 1.073804198017694}. Best is trial 570 with value: 0.14086753762996745.
[I 2026-05-28 03:14:04,647] Trial 592 finished with value: 0.1841908543428595 and parameters: {'ISTN': 65.06304568387749, 'I_gpe': 1.1745185940694145, 'I_gpi': 1.8983073418512242, 'noise_stn_sigma': 2.237385407621919, 'noise_gpe_sigma': 107.81332640755548, 'noise_gpi_sigma': 74.54178715652057, 'g_stn_gpe_mult': 2.8703318165315252, 'g_gpe_stn_mult': 0.11180352778163433, 'g_stn_gpi_mult': 3.548739582211445, 'g_gpe_gpi_mult': 1.0470701157386555}. Best is trial 570 with value: 0.14086753762996745.
[I 2026-05-28 03:14:05,658] Trial 593 finished with value: 0.15446526301371596 and parameters: {'ISTN': 62.359145884271385, 'I_gpe': 1.1905246824459308, 'I_gpi': 1.9459812434615973, 'noise_stn_sigma': 2.373019826692825, 'noise_gpe_sigma': 106.18217870738629, 'noise_gpi_sigma': 76.35006511876897, 'g_stn_gpe_mult': 2.8879423937647513, 'g_gpe_stn_mult': 0.15091711753095693, 'g_stn_gpi_mult': 3.5776488778848314, 'g_gpe_gpi_mult': 1.0368846144173045}. Best is trial 570 with value: 0.14086753762996745.
[I 2026-05-28 03:14:06,669] Trial 594 finished with value: 0.170230744474016 and parameters: {'ISTN': 62.802442408120136, 'I_gpe': 1.010019379927598, 'I_gpi': 1.8138627545334312, 'noise_stn_sigma': 2.5276113101192603, 'noise_gpe_sigma': 103.82508022106903, 'noise_gpi_sigma': 71.33759065340277, 'g_stn_gpe_mult': 3.053875471874146, 'g_gpe_stn_mult': 0.15607158967838003, 'g_stn_gpi_mult': 3.473942304675054, 'g_gpe_gpi_mult': 1.0752428513797945}. Best is trial 570 with value: 0.14086753762996745.
[I 2026-05-28 03:14:07,682] Trial 595 finished with value: 0.1460319229139094 and parameters: {'ISTN': 61.242721888349166, 'I_gpe': 1.1319238450758329, 'I_gpi': 1.8804736798127073, 'noise_stn_sigma': 2.952744874708241, 'noise_gpe_sigma': 102.30837065453345, 'noise_gpi_sigma': 73.51757244439511, 'g_stn_gpe_mult': 3.0140507079657404, 'g_gpe_stn_mult': 0.13836197069672596, 'g_stn_gpi_mult': 3.6214745734216858, 'g_gpe_gpi_mult': 1.099632083347381}. Best is trial 570 with value: 0.14086753762996745.
[I 2026-05-28 03:14:08,692] Trial 596 finished with value: 0.1725710754427837 and parameters: {'ISTN': 62.425575627776375, 'I_gpe': 1.202397814638205, 'I_gpi': 1.760929035148852, 'noise_stn_sigma': 2.5793947131655925, 'noise_gpe_sigma': 103.126078159792, 'noise_gpi_sigma': 75.70682070137303, 'g_stn_gpe_mult': 2.835727754179787, 'g_gpe_stn_mult': 0.16066493339076138, 'g_stn_gpi_mult': 3.505964988074158, 'g_gpe_gpi_mult': 1.0878717235562974}. Best is trial 570 with value: 0.14086753762996745.
[I 2026-05-28 03:14:09,705] Trial 597 finished with value: 0.1490885008648749 and parameters: {'ISTN': 60.89835273462912, 'I_gpe': 1.229836790268547, 'I_gpi': 1.8735148350448474, 'noise_stn_sigma': 2.9415829224334633, 'noise_gpe_sigma': 101.84697271861495, 'noise_gpi_sigma': 76.33258587480096, 'g_stn_gpe_mult': 3.0483499761529766, 'g_gpe_stn_mult': 0.16738230266302767, 'g_stn_gpi_mult': 3.549461528496705, 'g_gpe_gpi_mult': 1.0736930396458455}. Best is trial 570 with value: 0.14086753762996745.
[I 2026-05-28 03:14:10,718] Trial 598 finished with value: 0.15577106359498658 and parameters: {'ISTN': 62.74323635589898, 'I_gpe': 1.2002338375474353, 'I_gpi': 1.9087733442387658, 'noise_stn_sigma': 2.87717534437243, 'noise_gpe_sigma': 104.43408954983245, 'noise_gpi_sigma': 74.40127047788535, 'g_stn_gpe_mult': 2.909641892074293, 'g_gpe_stn_mult': 0.1184122008619875, 'g_stn_gpi_mult': 3.64385539062419, 'g_gpe_gpi_mult': 1.0490120053925722}. Best is trial 570 with value: 0.14086753762996745.
[I 2026-05-28 03:14:11,728] Trial 599 finished with value: 0.16573596845705874 and parameters: {'ISTN': 62.81278965943433, 'I_gpe': 1.030201713782874, 'I_gpi': 1.8296667374864417, 'noise_stn_sigma': 2.7613831848912174, 'noise_gpe_sigma': 104.96939062112978, 'noise_gpi_sigma': 73.75184643784903, 'g_stn_gpe_mult': 2.9656171392879154, 'g_gpe_stn_mult': 0.14364430462848354, 'g_stn_gpi_mult': 3.498233261596143, 'g_gpe_gpi_mult': 1.0668919237282766}. Best is trial 570 with value: 0.14086753762996745.
[I 2026-05-28 03:14:12,740] Trial 600 finished with value: 0.14906981174539433 and parameters: {'ISTN': 62.270261943290556, 'I_gpe': 1.1868617720132923, 'I_gpi': 1.92077613027156, 'noise_stn_sigma': 2.479887101142972, 'noise_gpe_sigma': 102.84524207547122, 'noise_gpi_sigma': 77.58547190950591, 'g_stn_gpe_mult': 3.0117470934228514, 'g_gpe_stn_mult': 0.14149296531765096, 'g_stn_gpi_mult': 3.5501551839241623, 'g_gpe_gpi_mult': 1.0951962111442994}. Best is trial 570 with value: 0.14086753762996745.
[I 2026-05-28 03:14:13,753] Trial 601 finished with value: 0.1530154695486537 and parameters: {'ISTN': 62.61182388005824, 'I_gpe': 1.194614750193512, 'I_gpi': 1.91981987472949, 'noise_stn_sigma': 2.4919844459924576, 'noise_gpe_sigma': 105.39690230992562, 'noise_gpi_sigma': 81.5212633310243, 'g_stn_gpe_mult': 2.8559166564823104, 'g_gpe_stn_mult': 0.1396888551077801, 'g_stn_gpi_mult': 3.4670300325876378, 'g_gpe_gpi_mult': 1.1044255491057828}. Best is trial 570 with value: 0.14086753762996745.
[I 2026-05-28 03:14:14,763] Trial 602 finished with value: 0.15006895874915885 and parameters: {'ISTN': 60.55713434841928, 'I_gpe': 1.232105991157904, 'I_gpi': 1.92356887683818, 'noise_stn_sigma': 2.8434924177656224, 'noise_gpe_sigma': 99.32652008954976, 'noise_gpi_sigma': 79.20197147327899, 'g_stn_gpe_mult': 2.7891579575242744, 'g_gpe_stn_mult': 0.17992840116283454, 'g_stn_gpi_mult': 3.570815823030684, 'g_gpe_gpi_mult': 1.0840499441828353}. Best is trial 570 with value: 0.14086753762996745.
[I 2026-05-28 03:14:15,774] Trial 603 finished with value: 0.15422394498531783 and parameters: {'ISTN': 60.90116588479165, 'I_gpe': 1.120291108750951, 'I_gpi': 1.960149860832007, 'noise_stn_sigma': 2.831205398549579, 'noise_gpe_sigma': 102.02765780475424, 'noise_gpi_sigma': 75.32465375268104, 'g_stn_gpe_mult': 2.809745746484288, 'g_gpe_stn_mult': 0.12999376121965428, 'g_stn_gpi_mult': 3.4481134076401356, 'g_gpe_gpi_mult': 1.0438239430535312}. Best is trial 570 with value: 0.14086753762996745.
[I 2026-05-28 03:14:16,785] Trial 604 finished with value: 0.1461847430046748 and parameters: {'ISTN': 60.36442770700913, 'I_gpe': 1.3565874345274276, 'I_gpi': 1.867446547441097, 'noise_stn_sigma': 2.779054600269232, 'noise_gpe_sigma': 100.1389476683378, 'noise_gpi_sigma': 78.34817046050206, 'g_stn_gpe_mult': 2.8295378334430015, 'g_gpe_stn_mult': 0.14800132629867646, 'g_stn_gpi_mult': 3.4798389017341864, 'g_gpe_gpi_mult': 1.0766842042771272}. Best is trial 570 with value: 0.14086753762996745.
[I 2026-05-28 03:14:17,796] Trial 605 finished with value: 0.15659575003963266 and parameters: {'ISTN': 61.56780390466223, 'I_gpe': 1.0846612053884446, 'I_gpi': 1.9717779709033745, 'noise_stn_sigma': 2.8232962240894546, 'noise_gpe_sigma': 100.7287620967975, 'noise_gpi_sigma': 75.76202489592839, 'g_stn_gpe_mult': 2.8480677477805245, 'g_gpe_stn_mult': 0.159576738440709, 'g_stn_gpi_mult': 3.554555496269498, 'g_gpe_gpi_mult': 1.0631058642970637}. Best is trial 570 with value: 0.14086753762996745.
[I 2026-05-28 03:14:18,807] Trial 606 finished with value: 0.1547715207770883 and parameters: {'ISTN': 62.396877633425085, 'I_gpe': 1.176083685456188, 'I_gpi': 1.9566768301084672, 'noise_stn_sigma': 2.5792868075253597, 'noise_gpe_sigma': 102.63466366258808, 'noise_gpi_sigma': 76.33522954726558, 'g_stn_gpe_mult': 2.991670932835881, 'g_gpe_stn_mult': 0.14765572506471114, 'g_stn_gpi_mult': 3.512007152558068, 'g_gpe_gpi_mult': 1.067104659080882}. Best is trial 570 with value: 0.14086753762996745.
[I 2026-05-28 03:14:19,818] Trial 607 finished with value: 0.1657963525571227 and parameters: {'ISTN': 63.01941979223011, 'I_gpe': 1.1903612268730286, 'I_gpi': 1.8801238818221477, 'noise_stn_sigma': 2.8904764340919478, 'noise_gpe_sigma': 101.44540040295742, 'noise_gpi_sigma': 78.4303187643913, 'g_stn_gpe_mult': 2.944848949725492, 'g_gpe_stn_mult': 0.13376159920884176, 'g_stn_gpi_mult': 3.4426882849879314, 'g_gpe_gpi_mult': 1.1120056872415238}. Best is trial 570 with value: 0.14086753762996745.
[I 2026-05-28 03:14:20,830] Trial 608 finished with value: 0.1391836169971864 and parameters: {'ISTN': 61.339924507632745, 'I_gpe': 1.2023839996699006, 'I_gpi': 1.9199960519872326, 'noise_stn_sigma': 2.790770183230852, 'noise_gpe_sigma': 102.89095819514957, 'noise_gpi_sigma': 79.71020452780041, 'g_stn_gpe_mult': 3.0198922867691076, 'g_gpe_stn_mult': 0.1485832294041285, 'g_stn_gpi_mult': 3.5525945034359294, 'g_gpe_gpi_mult': 1.0311871959688266}. Best is trial 608 with value: 0.1391836169971864.
[I 2026-05-28 03:14:21,841] Trial 609 finished with value: 0.13639971641942666 and parameters: {'ISTN': 60.57322429758884, 'I_gpe': 1.184319612948697, 'I_gpi': 1.8945111040259373, 'noise_stn_sigma': 2.546005532422818, 'noise_gpe_sigma': 102.52498267015186, 'noise_gpi_sigma': 78.21374383637388, 'g_stn_gpe_mult': 2.8326882686703136, 'g_gpe_stn_mult': 0.15801674561803603, 'g_stn_gpi_mult': 3.487127999978009, 'g_gpe_gpi_mult': 1.1127098577134056}. Best is trial 609 with value: 0.13639971641942666.
[I 2026-05-28 03:14:22,853] Trial 610 finished with value: 0.1465579380680371 and parameters: {'ISTN': 60.384100481284115, 'I_gpe': 1.31275217980729, 'I_gpi': 1.7793551236168528, 'noise_stn_sigma': 2.9001416006147407, 'noise_gpe_sigma': 100.46126189966805, 'noise_gpi_sigma': 73.7304448148341, 'g_stn_gpe_mult': 3.0586375916983544, 'g_gpe_stn_mult': 0.16966313695791033, 'g_stn_gpi_mult': 3.552828893423932, 'g_gpe_gpi_mult': 1.1222760284082403}. Best is trial 609 with value: 0.13639971641942666.
[I 2026-05-28 03:14:23,866] Trial 611 finished with value: 0.13683018713076134 and parameters: {'ISTN': 60.79108171761922, 'I_gpe': 1.1995312205240505, 'I_gpi': 1.910273351059278, 'noise_stn_sigma': 2.5604682435280326, 'noise_gpe_sigma': 101.55250514443746, 'noise_gpi_sigma': 73.51887587099642, 'g_stn_gpe_mult': 2.8896921814245555, 'g_gpe_stn_mult': 0.16710643530485708, 'g_stn_gpi_mult': 3.4709004243823527, 'g_gpe_gpi_mult': 1.0733172880691146}. Best is trial 609 with value: 0.13639971641942666.
[I 2026-05-28 03:14:24,877] Trial 612 finished with value: 0.20013574893821234 and parameters: {'ISTN': 60.12433291031246, 'I_gpe': 1.1967619555074869, 'I_gpi': 1.8898929865238139, 'noise_stn_sigma': 2.7641742840544365, 'noise_gpe_sigma': 101.99167035490146, 'noise_gpi_sigma': 81.22110805282341, 'g_stn_gpe_mult': 2.9072375040945166, 'g_gpe_stn_mult': 0.15954796473347593, 'g_stn_gpi_mult': 3.5719218786903904, 'g_gpe_gpi_mult': 1.0833320837019156}. Best is trial 609 with value: 0.13639971641942666.
[I 2026-05-28 03:14:25,889] Trial 613 finished with value: 0.23816620645969783 and parameters: {'ISTN': 60.707154310832415, 'I_gpe': 1.1545744761346342, 'I_gpi': 1.7594447414921748, 'noise_stn_sigma': 2.6634898201526536, 'noise_gpe_sigma': 99.5552703014117, 'noise_gpi_sigma': 82.4832330534874, 'g_stn_gpe_mult': 2.9590759435259804, 'g_gpe_stn_mult': 0.14314484022711815, 'g_stn_gpi_mult': 3.5862603853331194, 'g_gpe_gpi_mult': 1.0708185735162417}. Best is trial 609 with value: 0.13639971641942666.
[I 2026-05-28 03:14:26,901] Trial 614 finished with value: 0.1567464601310244 and parameters: {'ISTN': 62.10107261307836, 'I_gpe': 1.2445201673139172, 'I_gpi': 1.951399439019403, 'noise_stn_sigma': 2.7486745612472454, 'noise_gpe_sigma': 106.3769108616707, 'noise_gpi_sigma': 78.57583223860864, 'g_stn_gpe_mult': 2.681304962742914, 'g_gpe_stn_mult': 0.1516567988075484, 'g_stn_gpi_mult': 3.506587536882305, 'g_gpe_gpi_mult': 1.0943118619754693}. Best is trial 609 with value: 0.13639971641942666.
[I 2026-05-28 03:14:27,915] Trial 615 finished with value: 0.14487753544582518 and parameters: {'ISTN': 60.04789076396606, 'I_gpe': 1.1197341045955718, 'I_gpi': 1.852235897069472, 'noise_stn_sigma': 2.946253641901219, 'noise_gpe_sigma': 101.46415112325887, 'noise_gpi_sigma': 80.34296062333905, 'g_stn_gpe_mult': 2.943255182819329, 'g_gpe_stn_mult': 0.16007232288365258, 'g_stn_gpi_mult': 3.5810756909402692, 'g_gpe_gpi_mult': 1.1184811648870996}. Best is trial 609 with value: 0.13639971641942666.
