[I 2026-05-28 03:41:04,943] Trial 176 finished with value: 14.015455845837838 and parameters: {'ISTN': 68.47838786237452, 'I_gpe': 1.305250203938734, 'I_gpi': 2.8245556294787892, 'noise_stn_sigma': 3.544064499220527, 'noise_gpe_sigma': 48.39688848246119, 'noise_gpi_sigma': 100.54173193908466, 'g_stn_gpe_mult': 3.0577325365190546, 'g_gpe_stn_mult': 0.23408533084279454, 'g_stn_gpi_mult': 1.5961492838474851, 'g_gpe_gpi_mult': 1.092308213806508}. Best is trial 141 with value: 0.16155052106034545.
[I 2026-05-28 03:41:05,951] Trial 177 finished with value: 13.20050724099035 and parameters: {'ISTN': 83.10655840419419, 'I_gpe': 1.3450787008254181, 'I_gpi': 3.1010913081289333, 'noise_stn_sigma': 5.8694218764401445, 'noise_gpe_sigma': 62.97321310529791, 'noise_gpi_sigma': 98.9408740647605, 'g_stn_gpe_mult': 3.768923126961607, 'g_gpe_stn_mult': 0.1709291571420571, 'g_stn_gpi_mult': 1.9363620782347626, 'g_gpe_gpi_mult': 0.9903077498924293}. Best is trial 141 with value: 0.16155052106034545.
[I 2026-05-28 03:41:06,959] Trial 178 finished with value: 9.199421407442044 and parameters: {'ISTN': 62.86497681393767, 'I_gpe': 0.8469460203644468, 'I_gpi': 2.0758981600108366, 'noise_stn_sigma': 4.908749725986349, 'noise_gpe_sigma': 29.13368486094017, 'noise_gpi_sigma': 78.4667485835174, 'g_stn_gpe_mult': 3.277781977927023, 'g_gpe_stn_mult': 0.24778487756118767, 'g_stn_gpi_mult': 2.1288323820303376, 'g_gpe_gpi_mult': 1.067904207700684}. Best is trial 141 with value: 0.16155052106034545.
[I 2026-05-28 03:41:07,966] Trial 179 finished with value: 14.74795450164025 and parameters: {'ISTN': 65.08782128725076, 'I_gpe': 1.0162718271194817, 'I_gpi': 2.2894620558127605, 'noise_stn_sigma': 4.119863419862608, 'noise_gpe_sigma': 63.44706441867068, 'noise_gpi_sigma': 74.4673758385108, 'g_stn_gpe_mult': 4.048323796632252, 'g_gpe_stn_mult': 0.31584528487168784, 'g_stn_gpi_mult': 1.846602333969459, 'g_gpe_gpi_mult': 0.8944788643457688}. Best is trial 141 with value: 0.16155052106034545.
[I 2026-05-28 03:41:08,972] Trial 180 finished with value: 15.268135467573071 and parameters: {'ISTN': 81.66561604986589, 'I_gpe': 1.0775728654373378, 'I_gpi': 1.1272163472596393, 'noise_stn_sigma': 1.837514292561605, 'noise_gpe_sigma': 71.00087816971543, 'noise_gpi_sigma': 44.63312772987973, 'g_stn_gpe_mult': 4.1383074400250965, 'g_gpe_stn_mult': 0.17250056952748072, 'g_stn_gpi_mult': 1.7085577204740061, 'g_gpe_gpi_mult': 1.0710287226379593}. Best is trial 141 with value: 0.16155052106034545.
[I 2026-05-28 03:41:09,980] Trial 181 finished with value: 13.30129737793886 and parameters: {'ISTN': 76.70159150628587, 'I_gpe': 0.9307707811983266, 'I_gpi': 2.543403074265017, 'noise_stn_sigma': 2.207264871891759, 'noise_gpe_sigma': 70.2297811468869, 'noise_gpi_sigma': 82.81080524320987, 'g_stn_gpe_mult': 4.249203024602408, 'g_gpe_stn_mult': 0.23478946356761124, 'g_stn_gpi_mult': 1.1100798776686114, 'g_gpe_gpi_mult': 1.095172908427686}. Best is trial 141 with value: 0.16155052106034545.
[I 2026-05-28 03:41:10,989] Trial 182 finished with value: 0.23583023319888274 and parameters: {'ISTN': 62.52399529245118, 'I_gpe': 1.5143185226668865, 'I_gpi': 2.250620629119328, 'noise_stn_sigma': 2.1661108996338845, 'noise_gpe_sigma': 113.43775484977873, 'noise_gpi_sigma': 88.29239611322458, 'g_stn_gpe_mult': 3.840985098004318, 'g_gpe_stn_mult': 0.115327105282356, 'g_stn_gpi_mult': 1.8342753397397633, 'g_gpe_gpi_mult': 1.146307824953491}. Best is trial 141 with value: 0.16155052106034545.
[I 2026-05-28 03:41:11,995] Trial 183 finished with value: 11.910458888828785 and parameters: {'ISTN': 69.66062859682758, 'I_gpe': 1.7429455114878045, 'I_gpi': 2.4788963454333404, 'noise_stn_sigma': 3.9499436077242134, 'noise_gpe_sigma': 76.9185791028757, 'noise_gpi_sigma': 65.54841503446106, 'g_stn_gpe_mult': 4.3197603113537415, 'g_gpe_stn_mult': 0.3017341730526881, 'g_stn_gpi_mult': 1.930483262372778, 'g_gpe_gpi_mult': 1.0102354888051577}. Best is trial 141 with value: 0.16155052106034545.
[I 2026-05-28 03:41:13,004] Trial 184 finished with value: 17.32928868630056 and parameters: {'ISTN': 83.90332285701304, 'I_gpe': 2.1293897511691924, 'I_gpi': 3.5738606636643366, 'noise_stn_sigma': 2.8726178842664716, 'noise_gpe_sigma': 89.35522797454844, 'noise_gpi_sigma': 127.81910587214011, 'g_stn_gpe_mult': 4.168661140824687, 'g_gpe_stn_mult': 0.209815028538484, 'g_stn_gpi_mult': 1.5145411856969355, 'g_gpe_gpi_mult': 1.0399996917772665}. Best is trial 141 with value: 0.16155052106034545.
[I 2026-05-28 03:41:14,013] Trial 185 finished with value: 11.750688571076944 and parameters: {'ISTN': 73.52633399561864, 'I_gpe': 1.077038850046959, 'I_gpi': 2.926907671084333, 'noise_stn_sigma': 3.4860552444500446, 'noise_gpe_sigma': 114.91633070338574, 'noise_gpi_sigma': 78.2192773892038, 'g_stn_gpe_mult': 3.6072042741853934, 'g_gpe_stn_mult': 0.11707922094573495, 'g_stn_gpi_mult': 1.6074849632400197, 'g_gpe_gpi_mult': 1.1921700105167121}. Best is trial 141 with value: 0.16155052106034545.
[I 2026-05-28 03:41:15,021] Trial 186 finished with value: 0.2608504266573904 and parameters: {'ISTN': 60.4737664621251, 'I_gpe': 1.6548804994819388, 'I_gpi': 2.327204008816075, 'noise_stn_sigma': 3.2350404443409158, 'noise_gpe_sigma': 82.72857698469373, 'noise_gpi_sigma': 74.95280814302691, 'g_stn_gpe_mult': 3.514209781663325, 'g_gpe_stn_mult': 0.13198488997046826, 'g_stn_gpi_mult': 1.1848709144363525, 'g_gpe_gpi_mult': 1.1305079290712492}. Best is trial 141 with value: 0.16155052106034545.
[I 2026-05-28 03:41:16,029] Trial 187 finished with value: 15.951225047019367 and parameters: {'ISTN': 74.43645954793816, 'I_gpe': 1.0667068869225214, 'I_gpi': 2.8609777598802033, 'noise_stn_sigma': 2.371749408839329, 'noise_gpe_sigma': 59.55553835532456, 'noise_gpi_sigma': 59.00921665272691, 'g_stn_gpe_mult': 4.080542253547144, 'g_gpe_stn_mult': 0.34339328564028304, 'g_stn_gpi_mult': 1.4822346783162086, 'g_gpe_gpi_mult': 1.0644761619022551}. Best is trial 141 with value: 0.16155052106034545.
[I 2026-05-28 03:41:17,035] Trial 188 finished with value: 0.34662472579841536 and parameters: {'ISTN': 66.20252451805592, 'I_gpe': 1.0063215178342773, 'I_gpi': 2.557139023277945, 'noise_stn_sigma': 2.086214166943392, 'noise_gpe_sigma': 76.45302781304736, 'noise_gpi_sigma': 88.53532824443376, 'g_stn_gpe_mult': 3.6208903216694788, 'g_gpe_stn_mult': 0.17956366285872394, 'g_stn_gpi_mult': 1.5483142681266413, 'g_gpe_gpi_mult': 1.12008890540054}. Best is trial 141 with value: 0.16155052106034545.
[I 2026-05-28 03:41:18,045] Trial 189 finished with value: 9.549997952547804 and parameters: {'ISTN': 72.60226552340998, 'I_gpe': 1.7633345335742352, 'I_gpi': 2.74858447260576, 'noise_stn_sigma': 2.039671342621854, 'noise_gpe_sigma': 104.87606821702538, 'noise_gpi_sigma': 106.27272678126246, 'g_stn_gpe_mult': 3.7930826365840775, 'g_gpe_stn_mult': 0.13805709517300663, 'g_stn_gpi_mult': 1.7180723575082557, 'g_gpe_gpi_mult': 1.1322849889384254}. Best is trial 141 with value: 0.16155052106034545.
[I 2026-05-28 03:41:19,055] Trial 190 finished with value: 1.4629703317234226 and parameters: {'ISTN': 64.4615525192924, 'I_gpe': 1.755315858227522, 'I_gpi': 1.8574481414426542, 'noise_stn_sigma': 2.919108968203037, 'noise_gpe_sigma': 52.00810844721872, 'noise_gpi_sigma': 87.16268582885918, 'g_stn_gpe_mult': 3.257441646842996, 'g_gpe_stn_mult': 0.1784442392038574, 'g_stn_gpi_mult': 1.9515245344503056, 'g_gpe_gpi_mult': 1.190965566486047}. Best is trial 141 with value: 0.16155052106034545.
[I 2026-05-28 03:41:20,063] Trial 191 finished with value: 12.77670251312322 and parameters: {'ISTN': 74.16773931341162, 'I_gpe': 0.8899359449993813, 'I_gpi': 3.0307435164294416, 'noise_stn_sigma': 2.3249016878457955, 'noise_gpe_sigma': 90.70507579333642, 'noise_gpi_sigma': 74.24152786035009, 'g_stn_gpe_mult': 3.055615764135947, 'g_gpe_stn_mult': 0.1762085251191044, 'g_stn_gpi_mult': 1.3916747464885137, 'g_gpe_gpi_mult': 1.0836324895431888}. Best is trial 141 with value: 0.16155052106034545.
[I 2026-05-28 03:41:21,070] Trial 192 finished with value: 15.674460151909212 and parameters: {'ISTN': 80.15537034144376, 'I_gpe': 1.58189646157331, 'I_gpi': 2.1603310716482493, 'noise_stn_sigma': 2.3558866797275853, 'noise_gpe_sigma': 60.38125662761878, 'noise_gpi_sigma': 80.0173967250137, 'g_stn_gpe_mult': 3.4023435380485516, 'g_gpe_stn_mult': 0.14776887014191262, 'g_stn_gpi_mult': 1.483765282048806, 'g_gpe_gpi_mult': 1.1150576631801439}. Best is trial 141 with value: 0.16155052106034545.
[I 2026-05-28 03:41:22,079] Trial 193 finished with value: 0.15561397906118069 and parameters: {'ISTN': 61.98107571719726, 'I_gpe': 1.0882122633049645, 'I_gpi': 2.2270127632894523, 'noise_stn_sigma': 2.128919702133632, 'noise_gpe_sigma': 87.64561236192262, 'noise_gpi_sigma': 78.83826199232205, 'g_stn_gpe_mult': 3.076469149692187, 'g_gpe_stn_mult': 0.1500586474148758, 'g_stn_gpi_mult': 1.8644603654269962, 'g_gpe_gpi_mult': 1.1130959489744048}. Best is trial 193 with value: 0.15561397906118069.
[I 2026-05-28 03:41:23,085] Trial 194 finished with value: 12.634206698087226 and parameters: {'ISTN': 79.82749955190029, 'I_gpe': 1.4813516651063883, 'I_gpi': 2.196854037093048, 'noise_stn_sigma': 4.1916687345261066, 'noise_gpe_sigma': 75.3023388907085, 'noise_gpi_sigma': 107.5250028286643, 'g_stn_gpe_mult': 3.7575019787389747, 'g_gpe_stn_mult': 0.17239046234236505, 'g_stn_gpi_mult': 1.307426975241482, 'g_gpe_gpi_mult': 1.1012498982055343}. Best is trial 193 with value: 0.15561397906118069.
[I 2026-05-28 03:41:24,092] Trial 195 finished with value: 3.202517938190954 and parameters: {'ISTN': 65.63391667472207, 'I_gpe': 1.2600090688794423, 'I_gpi': 1.810351681456095, 'noise_stn_sigma': 2.103960004594819, 'noise_gpe_sigma': 112.55201444800817, 'noise_gpi_sigma': 107.11296151185556, 'g_stn_gpe_mult': 4.060124175991183, 'g_gpe_stn_mult': 0.2718882192610465, 'g_stn_gpi_mult': 1.4232845959558065, 'g_gpe_gpi_mult': 1.071040126201674}. Best is trial 193 with value: 0.15561397906118069.
[I 2026-05-28 03:41:25,101] Trial 196 finished with value: 6.282013757999748 and parameters: {'ISTN': 66.64938050354083, 'I_gpe': 2.5700327346601597, 'I_gpi': 2.441192783793297, 'noise_stn_sigma': 1.538831514996522, 'noise_gpe_sigma': 92.81989822324712, 'noise_gpi_sigma': 39.214354781114764, 'g_stn_gpe_mult': 3.8083241655860256, 'g_gpe_stn_mult': 0.19126869059993698, 'g_stn_gpi_mult': 2.447588116276404, 'g_gpe_gpi_mult': 1.090372842245166}. Best is trial 193 with value: 0.15561397906118069.
[I 2026-05-28 03:41:26,107] Trial 197 finished with value: 12.868418461881166 and parameters: {'ISTN': 76.40797414961854, 'I_gpe': 0.9182115516409289, 'I_gpi': 1.5631820391077778, 'noise_stn_sigma': 1.0538977295982557, 'noise_gpe_sigma': 98.77571644328441, 'noise_gpi_sigma': 78.91787994934293, 'g_stn_gpe_mult': 3.150848116254952, 'g_gpe_stn_mult': 0.2545227691258717, 'g_stn_gpi_mult': 1.5519570290234819, 'g_gpe_gpi_mult': 1.0466159065548128}. Best is trial 193 with value: 0.15561397906118069.
[I 2026-05-28 03:41:27,111] Trial 198 finished with value: 4.457213158175852 and parameters: {'ISTN': 62.187268070524595, 'I_gpe': 0.8033343145619345, 'I_gpi': 2.452968864497377, 'noise_stn_sigma': 3.5371539904817415, 'noise_gpe_sigma': 44.540467243069884, 'noise_gpi_sigma': 55.78629998321116, 'g_stn_gpe_mult': 3.508748904390208, 'g_gpe_stn_mult': 0.17444606466907586, 'g_stn_gpi_mult': 1.5926448666282909, 'g_gpe_gpi_mult': 1.1946445366053278}. Best is trial 193 with value: 0.15561397906118069.
[I 2026-05-28 03:41:28,118] Trial 199 finished with value: 0.6827316409473914 and parameters: {'ISTN': 61.17022554433976, 'I_gpe': 1.0633981137784263, 'I_gpi': 2.4146611642437192, 'noise_stn_sigma': 3.8868317670948374, 'noise_gpe_sigma': 62.853197446271295, 'noise_gpi_sigma': 85.10927652234687, 'g_stn_gpe_mult': 2.9942701844315804, 'g_gpe_stn_mult': 0.1655559169579012, 'g_stn_gpi_mult': 2.1128305363932824, 'g_gpe_gpi_mult': 0.9510429780314262}. Best is trial 193 with value: 0.15561397906118069.
[I 2026-05-28 03:41:29,123] Trial 200 finished with value: 0.36317230998429223 and parameters: {'ISTN': 63.04507001680521, 'I_gpe': 1.164895700953353, 'I_gpi': 2.949839764357835, 'noise_stn_sigma': 3.0629131543471178, 'noise_gpe_sigma': 76.44475344551483, 'noise_gpi_sigma': 103.13553581086815, 'g_stn_gpe_mult': 3.0377503722654886, 'g_gpe_stn_mult': 0.12853341693762035, 'g_stn_gpi_mult': 1.5985081038069218, 'g_gpe_gpi_mult': 1.1211306177407352}. Best is trial 193 with value: 0.15561397906118069.
[I 2026-05-28 03:41:30,131] Trial 201 finished with value: 5.00046005189711 and parameters: {'ISTN': 66.17724708198098, 'I_gpe': 0.8688087254330221, 'I_gpi': 1.4489604293880585, 'noise_stn_sigma': 3.2623009599825625, 'noise_gpe_sigma': 69.17633656893298, 'noise_gpi_sigma': 68.81133252064492, 'g_stn_gpe_mult': 3.328068673599298, 'g_gpe_stn_mult': 0.23048725154650634, 'g_stn_gpi_mult': 1.515680538918898, 'g_gpe_gpi_mult': 1.0711265925697024}. Best is trial 193 with value: 0.15561397906118069.
[I 2026-05-28 03:41:31,136] Trial 202 finished with value: 0.3278248144747278 and parameters: {'ISTN': 64.23728570218874, 'I_gpe': 0.7322027724251747, 'I_gpi': 1.7226057154410483, 'noise_stn_sigma': 1.10790322372138, 'noise_gpe_sigma': 80.08691603661941, 'noise_gpi_sigma': 102.51535754564586, 'g_stn_gpe_mult': 2.9803128324626935, 'g_gpe_stn_mult': 0.13970331824880644, 'g_stn_gpi_mult': 1.9321960049822418, 'g_gpe_gpi_mult': 1.022762044962197}. Best is trial 193 with value: 0.15561397906118069.
[I 2026-05-28 03:41:32,143] Trial 203 finished with value: 5.705370406265741 and parameters: {'ISTN': 69.84822594100069, 'I_gpe': 0.882527633889004, 'I_gpi': 1.8160164076801377, 'noise_stn_sigma': 2.3173715002245254, 'noise_gpe_sigma': 73.44018283840978, 'noise_gpi_sigma': 91.06740945958833, 'g_stn_gpe_mult': 2.9711705531459853, 'g_gpe_stn_mult': 0.22379837348170065, 'g_stn_gpi_mult': 1.7014261845382224, 'g_gpe_gpi_mult': 1.1903092810410623}. Best is trial 193 with value: 0.15561397906118069.
[I 2026-05-28 03:41:33,152] Trial 204 finished with value: 0.32112990322817125 and parameters: {'ISTN': 66.18019026512751, 'I_gpe': 0.5082721231031925, 'I_gpi': 2.359712241846494, 'noise_stn_sigma': 3.36776329768741, 'noise_gpe_sigma': 93.42432013028406, 'noise_gpi_sigma': 81.3950947028932, 'g_stn_gpe_mult': 3.814539592743044, 'g_gpe_stn_mult': 0.15281577081823372, 'g_stn_gpi_mult': 1.8121977658666113, 'g_gpe_gpi_mult': 1.0617149743610639}. Best is trial 193 with value: 0.15561397906118069.
[I 2026-05-28 03:41:34,159] Trial 205 finished with value: 2.6392488196542003 and parameters: {'ISTN': 68.89043517680373, 'I_gpe': 0.5501172867739443, 'I_gpi': 2.9714417212080972, 'noise_stn_sigma': 3.3358387798649582, 'noise_gpe_sigma': 73.50391198469602, 'noise_gpi_sigma': 109.34898431609045, 'g_stn_gpe_mult': 2.8449999710270677, 'g_gpe_stn_mult': 0.15530467357264927, 'g_stn_gpi_mult': 1.5623098745535426, 'g_gpe_gpi_mult': 1.1286515584546326}. Best is trial 193 with value: 0.15561397906118069.
[I 2026-05-28 03:41:35,168] Trial 206 finished with value: 1.8729143549808942 and parameters: {'ISTN': 61.76320586197533, 'I_gpe': 1.1766443474789865, 'I_gpi': 2.510326428006212, 'noise_stn_sigma': 2.3158046163985904, 'noise_gpe_sigma': 91.31286003701969, 'noise_gpi_sigma': 111.2927755003315, 'g_stn_gpe_mult': 2.1785670790239013, 'g_gpe_stn_mult': 0.28885778068957524, 'g_stn_gpi_mult': 1.6183785625397937, 'g_gpe_gpi_mult': 1.14933943930324}. Best is trial 193 with value: 0.15561397906118069.
[I 2026-05-28 03:41:36,173] Trial 207 finished with value: 9.093977817524252 and parameters: {'ISTN': 70.85200414964133, 'I_gpe': 1.644364338455546, 'I_gpi': 2.043404150706049, 'noise_stn_sigma': 2.094821408809006, 'noise_gpe_sigma': 79.93852202557831, 'noise_gpi_sigma': 102.63132642959232, 'g_stn_gpe_mult': 2.863757148955159, 'g_gpe_stn_mult': 0.16056062034438473, 'g_stn_gpi_mult': 1.1170419116275088, 'g_gpe_gpi_mult': 1.1018280231845305}. Best is trial 193 with value: 0.15561397906118069.
[I 2026-05-28 03:41:37,182] Trial 208 finished with value: 8.947501675387882 and parameters: {'ISTN': 71.97737683225344, 'I_gpe': 0.9492527581683378, 'I_gpi': 2.093474948968239, 'noise_stn_sigma': 3.2615135236419808, 'noise_gpe_sigma': 69.33887642877818, 'noise_gpi_sigma': 104.91422902503452, 'g_stn_gpe_mult': 2.5792477968948098, 'g_gpe_stn_mult': 0.11758687342604614, 'g_stn_gpi_mult': 2.365379890527187, 'g_gpe_gpi_mult': 0.9150158907619474}. Best is trial 193 with value: 0.15561397906118069.
[I 2026-05-28 03:41:38,191] Trial 209 finished with value: 0.26093722020043114 and parameters: {'ISTN': 61.790118811470286, 'I_gpe': 0.9111601130011133, 'I_gpi': 2.5392605918710665, 'noise_stn_sigma': 3.6617192049527887, 'noise_gpe_sigma': 82.11628999022892, 'noise_gpi_sigma': 83.30542001976934, 'g_stn_gpe_mult': 3.6087941656302354, 'g_gpe_stn_mult': 0.20025221128988446, 'g_stn_gpi_mult': 2.023968713533116, 'g_gpe_gpi_mult': 0.9210369283796729}. Best is trial 193 with value: 0.15561397906118069.
[I 2026-05-28 03:41:39,198] Trial 210 finished with value: 5.102285763300901 and parameters: {'ISTN': 67.92970936493606, 'I_gpe': 1.69609235057809, 'I_gpi': 2.605854715604311, 'noise_stn_sigma': 1.7549573831944258, 'noise_gpe_sigma': 122.2414803390152, 'noise_gpi_sigma': 75.23079875105054, 'g_stn_gpe_mult': 4.126300980247963, 'g_gpe_stn_mult': 0.2144368219471592, 'g_stn_gpi_mult': 1.7967182155048134, 'g_gpe_gpi_mult': 0.9715941798026637}. Best is trial 193 with value: 0.15561397906118069.
[I 2026-05-28 03:41:40,207] Trial 211 finished with value: 4.8542468647430415 and parameters: {'ISTN': 65.52313609560547, 'I_gpe': 0.5764421431136291, 'I_gpi': 1.8575648900312842, 'noise_stn_sigma': 4.807726428012463, 'noise_gpe_sigma': 81.25433823078995, 'noise_gpi_sigma': 98.97101107010995, 'g_stn_gpe_mult': 3.3011841557355677, 'g_gpe_stn_mult': 0.19644751527328735, 'g_stn_gpi_mult': 1.6313429954498977, 'g_gpe_gpi_mult': 0.9702131460211108}. Best is trial 193 with value: 0.15561397906118069.
[I 2026-05-28 03:41:41,213] Trial 212 finished with value: 10.452133179619228 and parameters: {'ISTN': 69.37762443855314, 'I_gpe': 1.0664903173054354, 'I_gpi': 2.55396057668026, 'noise_stn_sigma': 4.777397302945816, 'noise_gpe_sigma': 82.54150899538743, 'noise_gpi_sigma': 96.11091637512686, 'g_stn_gpe_mult': 3.233939867074495, 'g_gpe_stn_mult': 0.22294019847729507, 'g_stn_gpi_mult': 1.8737810910162997, 'g_gpe_gpi_mult': 1.079930551581121}. Best is trial 193 with value: 0.15561397906118069.
[I 2026-05-28 03:41:42,221] Trial 213 finished with value: 14.031830878508412 and parameters: {'ISTN': 72.10992865308089, 'I_gpe': 1.08017897578461, 'I_gpi': 2.0053266567791432, 'noise_stn_sigma': 3.1008566622671414, 'noise_gpe_sigma': 90.53500752195795, 'noise_gpi_sigma': 92.39027062063748, 'g_stn_gpe_mult': 3.015820627622741, 'g_gpe_stn_mult': 0.22046572668060904, 'g_stn_gpi_mult': 2.1526037256177455, 'g_gpe_gpi_mult': 0.9698394674251833}. Best is trial 193 with value: 0.15561397906118069.
[I 2026-05-28 03:41:43,229] Trial 214 finished with value: 10.864376553775095 and parameters: {'ISTN': 85.53148518986488, 'I_gpe': 0.6659409916870096, 'I_gpi': 2.2475286085589525, 'noise_stn_sigma': 3.4032672252741882, 'noise_gpe_sigma': 63.779925466440105, 'noise_gpi_sigma': 72.79726876278315, 'g_stn_gpe_mult': 2.836518687447249, 'g_gpe_stn_mult': 0.22386957119016215, 'g_stn_gpi_mult': 2.0153159922220274, 'g_gpe_gpi_mult': 0.7382331355743366}. Best is trial 193 with value: 0.15561397906118069.
[I 2026-05-28 03:41:44,238] Trial 215 finished with value: 0.3242360366268783 and parameters: {'ISTN': 64.35757218971264, 'I_gpe': 0.6923198825340773, 'I_gpi': 2.318331997815485, 'noise_stn_sigma': 2.2938492614008963, 'noise_gpe_sigma': 61.587261363844256, 'noise_gpi_sigma': 74.17091436064214, 'g_stn_gpe_mult': 3.4078537163480105, 'g_gpe_stn_mult': 0.14404040076793423, 'g_stn_gpi_mult': 2.2475169500878964, 'g_gpe_gpi_mult': 1.017510554923122}. Best is trial 193 with value: 0.15561397906118069.
[I 2026-05-28 03:41:45,247] Trial 216 finished with value: 2.1879854103595644 and parameters: {'ISTN': 63.99267458797083, 'I_gpe': 0.7018876168000201, 'I_gpi': 2.709198650062943, 'noise_stn_sigma': 4.51154674768798, 'noise_gpe_sigma': 90.93150409524296, 'noise_gpi_sigma': 100.26467155890718, 'g_stn_gpe_mult': 3.805084602932748, 'g_gpe_stn_mult': 0.2162626093160482, 'g_stn_gpi_mult': 1.7679154921694638, 'g_gpe_gpi_mult': 1.1187618394439196}. Best is trial 193 with value: 0.15561397906118069.
[I 2026-05-28 03:41:46,253] Trial 217 finished with value: 0.8643361326638496 and parameters: {'ISTN': 64.3589189261519, 'I_gpe': 0.5948391424337409, 'I_gpi': 1.2048991701549976, 'noise_stn_sigma': 1.201129691892611, 'noise_gpe_sigma': 87.2140389184912, 'noise_gpi_sigma': 92.27672692838814, 'g_stn_gpe_mult': 3.7806712381144436, 'g_gpe_stn_mult': 0.31693126370345415, 'g_stn_gpi_mult': 2.0500710620078912, 'g_gpe_gpi_mult': 1.0938341444262574}. Best is trial 193 with value: 0.15561397906118069.
[I 2026-05-28 03:41:47,261] Trial 218 finished with value: 0.3915400616469617 and parameters: {'ISTN': 63.67968902822562, 'I_gpe': 0.7289257693441118, 'I_gpi': 2.734606816368943, 'noise_stn_sigma': 3.318426827252231, 'noise_gpe_sigma': 77.30393036526237, 'noise_gpi_sigma': 89.81233683766106, 'g_stn_gpe_mult': 3.729020567354384, 'g_gpe_stn_mult': 0.20347115999178894, 'g_stn_gpi_mult': 2.0278946193661485, 'g_gpe_gpi_mult': 1.0477838709879082}. Best is trial 193 with value: 0.15561397906118069.
[I 2026-05-28 03:41:48,270] Trial 219 finished with value: 7.105295394479313 and parameters: {'ISTN': 72.97232307574006, 'I_gpe': 1.2597895739943075, 'I_gpi': 2.346649836985118, 'noise_stn_sigma': 2.042312231523455, 'noise_gpe_sigma': 90.88916162020358, 'noise_gpi_sigma': 76.30335559731247, 'g_stn_gpe_mult': 3.421945223908973, 'g_gpe_stn_mult': 0.15412174115124724, 'g_stn_gpi_mult': 2.004490855329113, 'g_gpe_gpi_mult': 1.0765770522266291}. Best is trial 193 with value: 0.15561397906118069.
