[I 2026-05-28 03:44:46,399] Trial 396 finished with value: 0.22831711594507656 and parameters: {'ISTN': 65.48554694600217, 'I_gpe': 1.0433728615537767, 'I_gpi': 2.326818649520103, 'noise_stn_sigma': 2.5705099556879665, 'noise_gpe_sigma': 84.91275586007916, 'noise_gpi_sigma': 65.49362828807527, 'g_stn_gpe_mult': 3.8728905333657755, 'g_gpe_stn_mult': 0.11005986200230053, 'g_stn_gpi_mult': 2.0563166566814717, 'g_gpe_gpi_mult': 0.9378595348160752}. Best is trial 193 with value: 0.15561397906118069.
[I 2026-05-28 03:44:47,409] Trial 397 finished with value: 0.21235266856411428 and parameters: {'ISTN': 64.35248624735043, 'I_gpe': 1.3189613026573719, 'I_gpi': 1.9712368170574224, 'noise_stn_sigma': 2.4172496995071073, 'noise_gpe_sigma': 85.77427877293987, 'noise_gpi_sigma': 65.52739858596415, 'g_stn_gpe_mult': 3.9502697942191527, 'g_gpe_stn_mult': 0.16698133183508904, 'g_stn_gpi_mult': 1.9307421444831645, 'g_gpe_gpi_mult': 0.9106880646360456}. Best is trial 193 with value: 0.15561397906118069.
[I 2026-05-28 03:44:48,416] Trial 398 finished with value: 0.18285867892233854 and parameters: {'ISTN': 63.31677132829536, 'I_gpe': 1.0744589535202476, 'I_gpi': 2.1237973500218255, 'noise_stn_sigma': 2.4803341714427285, 'noise_gpe_sigma': 84.26155997807382, 'noise_gpi_sigma': 71.64982144983215, 'g_stn_gpe_mult': 3.9812361695198666, 'g_gpe_stn_mult': 0.15729890665648472, 'g_stn_gpi_mult': 2.0652113766322366, 'g_gpe_gpi_mult': 0.9236710296661008}. Best is trial 193 with value: 0.15561397906118069.
[I 2026-05-28 03:44:49,424] Trial 399 finished with value: 0.2687162672653094 and parameters: {'ISTN': 62.3096229780814, 'I_gpe': 1.243545142936985, 'I_gpi': 2.5217287796711942, 'noise_stn_sigma': 2.809910198212739, 'noise_gpe_sigma': 72.02069983342575, 'noise_gpi_sigma': 73.39727831871417, 'g_stn_gpe_mult': 3.799615753730975, 'g_gpe_stn_mult': 0.16893943110136475, 'g_stn_gpi_mult': 2.2314747401946198, 'g_gpe_gpi_mult': 0.8204743677215973}. Best is trial 193 with value: 0.15561397906118069.
[I 2026-05-28 03:44:50,433] Trial 400 finished with value: 0.19366905347485916 and parameters: {'ISTN': 63.8829378413146, 'I_gpe': 1.1797960778899572, 'I_gpi': 2.1494729522175486, 'noise_stn_sigma': 2.2126859098348257, 'noise_gpe_sigma': 87.80340057134114, 'noise_gpi_sigma': 64.57409164061391, 'g_stn_gpe_mult': 3.9002752778247913, 'g_gpe_stn_mult': 0.15634905934664775, 'g_stn_gpi_mult': 1.9548247760350295, 'g_gpe_gpi_mult': 0.8276800234005532}. Best is trial 193 with value: 0.15561397906118069.
[I 2026-05-28 03:44:51,443] Trial 401 finished with value: 0.5432996521264496 and parameters: {'ISTN': 61.835102558047474, 'I_gpe': 1.2402885070591285, 'I_gpi': 2.029925245150974, 'noise_stn_sigma': 2.541483470102735, 'noise_gpe_sigma': 82.27150470914864, 'noise_gpi_sigma': 67.02270661216971, 'g_stn_gpe_mult': 4.050624623847303, 'g_gpe_stn_mult': 0.17808382653549726, 'g_stn_gpi_mult': 1.9231639200696815, 'g_gpe_gpi_mult': 0.8910640902115479}. Best is trial 193 with value: 0.15561397906118069.
[I 2026-05-28 03:44:52,450] Trial 402 finished with value: 0.18439244365902777 and parameters: {'ISTN': 64.38213206733315, 'I_gpe': 1.171106253548955, 'I_gpi': 2.0988537281355812, 'noise_stn_sigma': 2.3921455519570207, 'noise_gpe_sigma': 86.10172882306408, 'noise_gpi_sigma': 72.82791915748847, 'g_stn_gpe_mult': 4.002015620527676, 'g_gpe_stn_mult': 0.1484953778264289, 'g_stn_gpi_mult': 2.034464386370335, 'g_gpe_gpi_mult': 0.8792221757717267}. Best is trial 193 with value: 0.15561397906118069.
[I 2026-05-28 03:44:53,459] Trial 403 finished with value: 0.19052476057094972 and parameters: {'ISTN': 61.256194254607074, 'I_gpe': 1.1036556910156126, 'I_gpi': 2.1738475145158023, 'noise_stn_sigma': 2.4730722088587545, 'noise_gpe_sigma': 86.00352856616857, 'noise_gpi_sigma': 65.63906601608548, 'g_stn_gpe_mult': 3.9640877081336625, 'g_gpe_stn_mult': 0.17236736021216215, 'g_stn_gpi_mult': 2.1719256388150603, 'g_gpe_gpi_mult': 0.8848479988722449}. Best is trial 193 with value: 0.15561397906118069.
[I 2026-05-28 03:44:54,467] Trial 404 finished with value: 0.33458564764882903 and parameters: {'ISTN': 67.0507796193192, 'I_gpe': 1.2102986629650363, 'I_gpi': 2.3783902786849627, 'noise_stn_sigma': 2.2547744791761954, 'noise_gpe_sigma': 84.87400059959465, 'noise_gpi_sigma': 76.20499754041177, 'g_stn_gpe_mult': 3.890703284268029, 'g_gpe_stn_mult': 0.16069503599611665, 'g_stn_gpi_mult': 1.9130612260299302, 'g_gpe_gpi_mult': 0.9059246930235836}. Best is trial 193 with value: 0.15561397906118069.
[I 2026-05-28 03:44:55,475] Trial 405 finished with value: 0.19947344138782647 and parameters: {'ISTN': 64.35496176979821, 'I_gpe': 1.2866798426089878, 'I_gpi': 2.071547504134132, 'noise_stn_sigma': 2.6216151503959892, 'noise_gpe_sigma': 86.1096512885632, 'noise_gpi_sigma': 69.55614081591335, 'g_stn_gpe_mult': 3.79633981759311, 'g_gpe_stn_mult': 0.16588267821122143, 'g_stn_gpi_mult': 1.9283806746438104, 'g_gpe_gpi_mult': 0.9558015121421108}. Best is trial 193 with value: 0.15561397906118069.
[I 2026-05-28 03:44:56,481] Trial 406 finished with value: 0.19515305495482774 and parameters: {'ISTN': 65.91545785832943, 'I_gpe': 0.9945526121950703, 'I_gpi': 2.1038217694392207, 'noise_stn_sigma': 2.619106062706896, 'noise_gpe_sigma': 92.48830843736786, 'noise_gpi_sigma': 66.85682484342712, 'g_stn_gpe_mult': 3.9322879900698346, 'g_gpe_stn_mult': 0.12391009001570125, 'g_stn_gpi_mult': 1.9875521920976458, 'g_gpe_gpi_mult': 0.8956287088714663}. Best is trial 193 with value: 0.15561397906118069.
[I 2026-05-28 03:44:57,489] Trial 407 finished with value: 0.6302785148578016 and parameters: {'ISTN': 62.2096840804578, 'I_gpe': 1.2435704666401266, 'I_gpi': 2.246328732575379, 'noise_stn_sigma': 1.840706299559976, 'noise_gpe_sigma': 90.06483579033831, 'noise_gpi_sigma': 66.22598445832656, 'g_stn_gpe_mult': 3.9878867687240867, 'g_gpe_stn_mult': 0.18759032619853605, 'g_stn_gpi_mult': 1.9874033640724122, 'g_gpe_gpi_mult': 0.8916092707899743}. Best is trial 193 with value: 0.15561397906118069.
[I 2026-05-28 03:44:58,497] Trial 408 finished with value: 0.1618969998777149 and parameters: {'ISTN': 61.02774977370957, 'I_gpe': 1.0551400352872224, 'I_gpi': 2.0818640128828734, 'noise_stn_sigma': 2.504306468110876, 'noise_gpe_sigma': 87.47454335083717, 'noise_gpi_sigma': 62.95073473366476, 'g_stn_gpe_mult': 3.95747649418569, 'g_gpe_stn_mult': 0.17461652837951397, 'g_stn_gpi_mult': 2.027274162573546, 'g_gpe_gpi_mult': 0.8720056565742735}. Best is trial 193 with value: 0.15561397906118069.
[I 2026-05-28 03:44:59,504] Trial 409 finished with value: 0.1535553785598194 and parameters: {'ISTN': 60.595749532846725, 'I_gpe': 1.2108061514260768, 'I_gpi': 2.1712097957739873, 'noise_stn_sigma': 2.500122151745641, 'noise_gpe_sigma': 89.25319375888782, 'noise_gpi_sigma': 67.79574996303108, 'g_stn_gpe_mult': 3.97127014418439, 'g_gpe_stn_mult': 0.17272309943073116, 'g_stn_gpi_mult': 2.0704970271875816, 'g_gpe_gpi_mult': 0.8590485485740529}. Best is trial 409 with value: 0.1535553785598194.
[I 2026-05-28 03:45:00,511] Trial 410 finished with value: 0.30662155245971207 and parameters: {'ISTN': 63.866684331851474, 'I_gpe': 1.2386180710687649, 'I_gpi': 2.0556202368099017, 'noise_stn_sigma': 2.0982920952434823, 'noise_gpe_sigma': 83.99143007858675, 'noise_gpi_sigma': 68.95996747987884, 'g_stn_gpe_mult': 4.029393744912261, 'g_gpe_stn_mult': 0.16340840973543516, 'g_stn_gpi_mult': 2.0547382175637443, 'g_gpe_gpi_mult': 0.8430024679704258}. Best is trial 409 with value: 0.1535553785598194.
[I 2026-05-28 03:45:01,520] Trial 411 finished with value: 0.20079741326901224 and parameters: {'ISTN': 63.282942652172686, 'I_gpe': 1.0742882513600596, 'I_gpi': 2.1086588160019635, 'noise_stn_sigma': 2.2238966177239066, 'noise_gpe_sigma': 87.64053424422055, 'noise_gpi_sigma': 70.94947509234115, 'g_stn_gpe_mult': 3.894080022689324, 'g_gpe_stn_mult': 0.2016582007862529, 'g_stn_gpi_mult': 2.066279069895457, 'g_gpe_gpi_mult': 0.9079098137472672}. Best is trial 409 with value: 0.1535553785598194.
[I 2026-05-28 03:45:02,527] Trial 412 finished with value: 0.17559098553966412 and parameters: {'ISTN': 62.72687214494175, 'I_gpe': 1.098643892438123, 'I_gpi': 2.1324660475440913, 'noise_stn_sigma': 2.5489850431217906, 'noise_gpe_sigma': 84.28928226189414, 'noise_gpi_sigma': 69.50136803764391, 'g_stn_gpe_mult': 4.047931556796387, 'g_gpe_stn_mult': 0.15428285849401227, 'g_stn_gpi_mult': 1.9708190587334367, 'g_gpe_gpi_mult': 0.8519642949283686}. Best is trial 409 with value: 0.1535553785598194.
[I 2026-05-28 03:45:03,534] Trial 413 finished with value: 0.7051813762380005 and parameters: {'ISTN': 62.48153396700189, 'I_gpe': 1.059893380217549, 'I_gpi': 2.100470843771596, 'noise_stn_sigma': 2.77327008640333, 'noise_gpe_sigma': 89.43304301291266, 'noise_gpi_sigma': 67.58364077157806, 'g_stn_gpe_mult': 3.9550672062325116, 'g_gpe_stn_mult': 0.13259941847915913, 'g_stn_gpi_mult': 2.0946566466457632, 'g_gpe_gpi_mult': 0.8426080625251169}. Best is trial 409 with value: 0.1535553785598194.
[I 2026-05-28 03:45:04,541] Trial 414 finished with value: 0.4834748654791218 and parameters: {'ISTN': 62.35745101907211, 'I_gpe': 1.216381021034128, 'I_gpi': 2.2779283120052973, 'noise_stn_sigma': 2.5075402246078284, 'noise_gpe_sigma': 82.98961824502265, 'noise_gpi_sigma': 58.36795768123736, 'g_stn_gpe_mult': 3.948641247382474, 'g_gpe_stn_mult': 0.1765849364969844, 'g_stn_gpi_mult': 1.969738116217831, 'g_gpe_gpi_mult': 0.8712044876462164}. Best is trial 409 with value: 0.1535553785598194.
[I 2026-05-28 03:45:05,551] Trial 415 finished with value: 0.13860170072011044 and parameters: {'ISTN': 60.42182412440009, 'I_gpe': 1.1951589181931053, 'I_gpi': 2.129726759172823, 'noise_stn_sigma': 2.1320101124274076, 'noise_gpe_sigma': 91.96461673856406, 'noise_gpi_sigma': 70.7157355856555, 'g_stn_gpe_mult': 3.949270096612437, 'g_gpe_stn_mult': 0.1788255092846486, 'g_stn_gpi_mult': 2.1203160077230163, 'g_gpe_gpi_mult': 0.8636921931207064}. Best is trial 415 with value: 0.13860170072011044.
[I 2026-05-28 03:45:06,559] Trial 416 finished with value: 0.17167827110168477 and parameters: {'ISTN': 61.34028647642544, 'I_gpe': 1.2183957841951247, 'I_gpi': 2.2406471776294774, 'noise_stn_sigma': 2.570447261732, 'noise_gpe_sigma': 86.61820220955161, 'noise_gpi_sigma': 70.78633763300637, 'g_stn_gpe_mult': 3.865245109237282, 'g_gpe_stn_mult': 0.16963505830249215, 'g_stn_gpi_mult': 2.0771278600450946, 'g_gpe_gpi_mult': 0.844189917046734}. Best is trial 415 with value: 0.13860170072011044.
[I 2026-05-28 03:45:07,569] Trial 417 finished with value: 0.2890307281902565 and parameters: {'ISTN': 60.96689026512643, 'I_gpe': 1.31052949430123, 'I_gpi': 2.0292240047413923, 'noise_stn_sigma': 2.3784513179808915, 'noise_gpe_sigma': 93.0872460769709, 'noise_gpi_sigma': 66.53300114096545, 'g_stn_gpe_mult': 3.987873155823052, 'g_gpe_stn_mult': 0.1784837676959713, 'g_stn_gpi_mult': 2.137545347941061, 'g_gpe_gpi_mult': 0.8722353926519126}. Best is trial 415 with value: 0.13860170072011044.
[I 2026-05-28 03:45:08,577] Trial 418 finished with value: 0.17749121695485656 and parameters: {'ISTN': 61.4479268551066, 'I_gpe': 1.1499837273078612, 'I_gpi': 2.1975408395232616, 'noise_stn_sigma': 2.9146084990740713, 'noise_gpe_sigma': 92.72052749310156, 'noise_gpi_sigma': 64.7866317205867, 'g_stn_gpe_mult': 4.090743917414001, 'g_gpe_stn_mult': 0.17124320635297827, 'g_stn_gpi_mult': 2.071124829725722, 'g_gpe_gpi_mult': 0.8825631811999843}. Best is trial 415 with value: 0.13860170072011044.
[I 2026-05-28 03:45:09,582] Trial 419 finished with value: 0.1698998337692627 and parameters: {'ISTN': 63.23269526832389, 'I_gpe': 1.0829674935783329, 'I_gpi': 2.091546467905596, 'noise_stn_sigma': 2.232414513169065, 'noise_gpe_sigma': 88.97690263134137, 'noise_gpi_sigma': 62.10811791453427, 'g_stn_gpe_mult': 3.8220405570222358, 'g_gpe_stn_mult': 0.13880801815124844, 'g_stn_gpi_mult': 1.8960613071865435, 'g_gpe_gpi_mult': 0.8920752494912125}. Best is trial 415 with value: 0.13860170072011044.
[I 2026-05-28 03:45:10,589] Trial 420 finished with value: 0.26075448326281364 and parameters: {'ISTN': 61.695979192433285, 'I_gpe': 1.152247405826288, 'I_gpi': 2.253959672394746, 'noise_stn_sigma': 2.3321192533295045, 'noise_gpe_sigma': 86.12300213370948, 'noise_gpi_sigma': 68.51002094371205, 'g_stn_gpe_mult': 3.9662160699733158, 'g_gpe_stn_mult': 0.18950276522092815, 'g_stn_gpi_mult': 2.1364118758804262, 'g_gpe_gpi_mult': 0.835158687064451}. Best is trial 415 with value: 0.13860170072011044.
[I 2026-05-28 03:45:11,598] Trial 421 finished with value: 0.5597800857845326 and parameters: {'ISTN': 60.40771356890371, 'I_gpe': 1.3281075155807236, 'I_gpi': 2.2192951983449083, 'noise_stn_sigma': 2.2087219013995174, 'noise_gpe_sigma': 81.35736692342711, 'noise_gpi_sigma': 72.78181797720293, 'g_stn_gpe_mult': 3.7788512118706996, 'g_gpe_stn_mult': 0.1983243008390247, 'g_stn_gpi_mult': 1.9929750052852933, 'g_gpe_gpi_mult': 0.8403495442433253}. Best is trial 415 with value: 0.13860170072011044.
[I 2026-05-28 03:45:12,607] Trial 422 finished with value: 0.2431838693933535 and parameters: {'ISTN': 60.257295215891986, 'I_gpe': 1.22858891870828, 'I_gpi': 2.3431165684032926, 'noise_stn_sigma': 2.4324389860286444, 'noise_gpe_sigma': 95.31794033002136, 'noise_gpi_sigma': 69.24106347318497, 'g_stn_gpe_mult': 4.002007396563705, 'g_gpe_stn_mult': 0.17235244878743872, 'g_stn_gpi_mult': 2.0822145642549637, 'g_gpe_gpi_mult': 0.8852692469257237}. Best is trial 415 with value: 0.13860170072011044.
[I 2026-05-28 03:45:13,614] Trial 423 finished with value: 0.16716974139306479 and parameters: {'ISTN': 61.40105225081215, 'I_gpe': 0.9495016778106785, 'I_gpi': 2.2670474149140682, 'noise_stn_sigma': 2.1458382373680576, 'noise_gpe_sigma': 92.06055210304395, 'noise_gpi_sigma': 70.7740429398161, 'g_stn_gpe_mult': 3.790919778840337, 'g_gpe_stn_mult': 0.17861926493291957, 'g_stn_gpi_mult': 1.9264840536256584, 'g_gpe_gpi_mult': 0.8968083235735671}. Best is trial 415 with value: 0.13860170072011044.
[I 2026-05-28 03:45:14,625] Trial 424 finished with value: 0.16956531735636313 and parameters: {'ISTN': 60.847201369600015, 'I_gpe': 1.1256067295448524, 'I_gpi': 2.2107836283135134, 'noise_stn_sigma': 2.5596785170390195, 'noise_gpe_sigma': 90.67888176892068, 'noise_gpi_sigma': 68.6871823994496, 'g_stn_gpe_mult': 3.8258357427996548, 'g_gpe_stn_mult': 0.17996802833564152, 'g_stn_gpi_mult': 2.0481107671015146, 'g_gpe_gpi_mult': 0.876546818431351}. Best is trial 415 with value: 0.13860170072011044.
[I 2026-05-28 03:45:15,633] Trial 425 finished with value: 0.18656395123720385 and parameters: {'ISTN': 62.76800706659491, 'I_gpe': 1.1492904493848588, 'I_gpi': 1.9751877607054928, 'noise_stn_sigma': 2.5494161899987073, 'noise_gpe_sigma': 83.77067408952126, 'noise_gpi_sigma': 68.9550670701905, 'g_stn_gpe_mult': 4.043347055533989, 'g_gpe_stn_mult': 0.15009849377858997, 'g_stn_gpi_mult': 1.976868228978625, 'g_gpe_gpi_mult': 0.8752347816483914}. Best is trial 415 with value: 0.13860170072011044.
[I 2026-05-28 03:45:16,640] Trial 426 finished with value: 0.26649290106075385 and parameters: {'ISTN': 60.63361505247148, 'I_gpe': 1.2013616826136304, 'I_gpi': 2.3185123585723133, 'noise_stn_sigma': 2.2011592231983386, 'noise_gpe_sigma': 89.30568764453457, 'noise_gpi_sigma': 64.22548380873653, 'g_stn_gpe_mult': 3.754245383013135, 'g_gpe_stn_mult': 0.1856797903507872, 'g_stn_gpi_mult': 1.9526720147579146, 'g_gpe_gpi_mult': 0.831569392961039}. Best is trial 415 with value: 0.13860170072011044.
[I 2026-05-28 03:45:17,646] Trial 427 finished with value: 0.39137652318904126 and parameters: {'ISTN': 61.092696662580735, 'I_gpe': 0.9849811927010464, 'I_gpi': 2.3281455112311775, 'noise_stn_sigma': 2.714574557887377, 'noise_gpe_sigma': 84.26804798088529, 'noise_gpi_sigma': 75.79317703453901, 'g_stn_gpe_mult': 3.8838348295321574, 'g_gpe_stn_mult': 0.15815775852926528, 'g_stn_gpi_mult': 1.949632512871165, 'g_gpe_gpi_mult': 0.8377934762960013}. Best is trial 415 with value: 0.13860170072011044.
[I 2026-05-28 03:45:18,656] Trial 428 finished with value: 0.270723622633137 and parameters: {'ISTN': 61.97254358181978, 'I_gpe': 1.2404670201213612, 'I_gpi': 2.1178098403909718, 'noise_stn_sigma': 2.5319297149409836, 'noise_gpe_sigma': 87.38600062232065, 'noise_gpi_sigma': 73.07166455026068, 'g_stn_gpe_mult': 4.004285798258177, 'g_gpe_stn_mult': 0.1708599461683134, 'g_stn_gpi_mult': 2.058777183808467, 'g_gpe_gpi_mult': 0.8571474754917234}. Best is trial 415 with value: 0.13860170072011044.
[I 2026-05-28 03:45:19,664] Trial 429 finished with value: 0.978660424585684 and parameters: {'ISTN': 60.86411579493898, 'I_gpe': 1.2410616223083468, 'I_gpi': 2.025466153083147, 'noise_stn_sigma': 2.268860660813174, 'noise_gpe_sigma': 90.66840281834644, 'noise_gpi_sigma': 64.47903967980315, 'g_stn_gpe_mult': 3.712868408394903, 'g_gpe_stn_mult': 0.14838245742813738, 'g_stn_gpi_mult': 1.98455980631794, 'g_gpe_gpi_mult': 0.8783014382349741}. Best is trial 415 with value: 0.13860170072011044.
[I 2026-05-28 03:45:20,671] Trial 430 finished with value: 3.804793388353267 and parameters: {'ISTN': 61.56815578484367, 'I_gpe': 1.1318456131626746, 'I_gpi': 2.026917793444567, 'noise_stn_sigma': 2.369541041017246, 'noise_gpe_sigma': 87.39627156289642, 'noise_gpi_sigma': 67.60444034276867, 'g_stn_gpe_mult': 4.063638695213351, 'g_gpe_stn_mult': 0.13192279894581085, 'g_stn_gpi_mult': 1.8815144676635676, 'g_gpe_gpi_mult': 0.9362034736761236}. Best is trial 415 with value: 0.13860170072011044.
[I 2026-05-28 03:45:21,681] Trial 431 finished with value: 0.25792941560992255 and parameters: {'ISTN': 62.479885100723315, 'I_gpe': 1.1577248101827928, 'I_gpi': 2.3809819445194025, 'noise_stn_sigma': 2.1354729681178393, 'noise_gpe_sigma': 97.43344974814347, 'noise_gpi_sigma': 73.25959269358961, 'g_stn_gpe_mult': 3.8298645813150425, 'g_gpe_stn_mult': 0.1540672848227812, 'g_stn_gpi_mult': 1.919946962617308, 'g_gpe_gpi_mult': 0.8604476170856652}. Best is trial 415 with value: 0.13860170072011044.
[I 2026-05-28 03:45:22,691] Trial 432 finished with value: 0.18265049544355128 and parameters: {'ISTN': 63.281081138678374, 'I_gpe': 1.0762265173535897, 'I_gpi': 2.2263385232998343, 'noise_stn_sigma': 2.325196143056262, 'noise_gpe_sigma': 86.05377377745754, 'noise_gpi_sigma': 75.10130316658277, 'g_stn_gpe_mult': 3.859970392082457, 'g_gpe_stn_mult': 0.14381798336286142, 'g_stn_gpi_mult': 2.1510839427847848, 'g_gpe_gpi_mult': 0.8749325751825063}. Best is trial 415 with value: 0.13860170072011044.
[I 2026-05-28 03:45:23,699] Trial 433 finished with value: 0.1770234004725548 and parameters: {'ISTN': 61.853955891776195, 'I_gpe': 0.9209577714738781, 'I_gpi': 2.1708396707770667, 'noise_stn_sigma': 2.321471505264917, 'noise_gpe_sigma': 89.76123361654663, 'noise_gpi_sigma': 71.64389408438518, 'g_stn_gpe_mult': 3.870347266908347, 'g_gpe_stn_mult': 0.17766572113784673, 'g_stn_gpi_mult': 1.9523565019221618, 'g_gpe_gpi_mult': 0.919768640726073}. Best is trial 415 with value: 0.13860170072011044.
[I 2026-05-28 03:45:24,708] Trial 434 finished with value: 0.48212914594334116 and parameters: {'ISTN': 61.06092640987742, 'I_gpe': 1.1177852410322124, 'I_gpi': 2.32500450208059, 'noise_stn_sigma': 2.6497830870258916, 'noise_gpe_sigma': 97.06775226698807, 'noise_gpi_sigma': 71.54304266123815, 'g_stn_gpe_mult': 3.8583470540905016, 'g_gpe_stn_mult': 0.1920657345885845, 'g_stn_gpi_mult': 2.168076541633437, 'g_gpe_gpi_mult': 0.8286719756493701}. Best is trial 415 with value: 0.13860170072011044.
[I 2026-05-28 03:45:25,716] Trial 435 finished with value: 2.418874238237268 and parameters: {'ISTN': 60.247518668897335, 'I_gpe': 1.0820484426080905, 'I_gpi': 2.4128805222037624, 'noise_stn_sigma': 2.0375241980581595, 'noise_gpe_sigma': 89.4217105475877, 'noise_gpi_sigma': 73.53517465761942, 'g_stn_gpe_mult': 4.033831381274014, 'g_gpe_stn_mult': 0.16569930401405247, 'g_stn_gpi_mult': 2.1501385516606235, 'g_gpe_gpi_mult': 0.8565426235127342}. Best is trial 415 with value: 0.13860170072011044.
[I 2026-05-28 03:45:26,724] Trial 436 finished with value: 1.2828051697427953 and parameters: {'ISTN': 61.13424708550728, 'I_gpe': 1.2045051966779452, 'I_gpi': 2.2500536505177666, 'noise_stn_sigma': 1.8850967056117307, 'noise_gpe_sigma': 89.99915953626768, 'noise_gpi_sigma': 79.00895525344617, 'g_stn_gpe_mult': 4.046203482127621, 'g_gpe_stn_mult': 0.18575861376079633, 'g_stn_gpi_mult': 1.972859457655174, 'g_gpe_gpi_mult': 0.9187329650849503}. Best is trial 415 with value: 0.13860170072011044.
[I 2026-05-28 03:45:27,730] Trial 437 finished with value: 0.8638113449138397 and parameters: {'ISTN': 60.67220739965712, 'I_gpe': 1.3133901344843382, 'I_gpi': 2.308709915681229, 'noise_stn_sigma': 2.0980169044571637, 'noise_gpe_sigma': 93.70191235375721, 'noise_gpi_sigma': 64.4645796756379, 'g_stn_gpe_mult': 3.8356751917733085, 'g_gpe_stn_mult': 0.15305822577117922, 'g_stn_gpi_mult': 1.8744354768369047, 'g_gpe_gpi_mult': 0.9202012572561771}. Best is trial 415 with value: 0.13860170072011044.
[I 2026-05-28 03:45:28,737] Trial 438 finished with value: 0.19927061357203418 and parameters: {'ISTN': 60.677413259161824, 'I_gpe': 1.123964117803395, 'I_gpi': 2.1697564030278755, 'noise_stn_sigma': 2.312206587529128, 'noise_gpe_sigma': 99.10665835388912, 'noise_gpi_sigma': 65.56778709431293, 'g_stn_gpe_mult': 3.790002235310537, 'g_gpe_stn_mult': 0.18036589061500113, 'g_stn_gpi_mult': 1.850911555213733, 'g_gpe_gpi_mult': 0.8763661040611945}. Best is trial 415 with value: 0.13860170072011044.
[I 2026-05-28 03:45:29,745] Trial 439 finished with value: 0.17247243032441154 and parameters: {'ISTN': 60.866043274725456, 'I_gpe': 1.054309736119727, 'I_gpi': 2.320533672509339, 'noise_stn_sigma': 2.1431379044815877, 'noise_gpe_sigma': 89.71143445971235, 'noise_gpi_sigma': 68.75543142390043, 'g_stn_gpe_mult': 3.898965429797713, 'g_gpe_stn_mult': 0.18404922375542657, 'g_stn_gpi_mult': 2.0530187549007475, 'g_gpe_gpi_mult': 0.9132160146434158}. Best is trial 415 with value: 0.13860170072011044.
