[I 2026-05-28 03:16:42,285] Trial 748 finished with value: 0.2111399081496902 and parameters: {'ISTN': 60.11387268238367, 'I_gpe': 1.244974329000778, 'I_gpi': 1.8615226857519387, 'noise_stn_sigma': 2.498964139678437, 'noise_gpe_sigma': 104.51755215780584, 'noise_gpi_sigma': 78.81317724703658, 'g_stn_gpe_mult': 2.7965448463922735, 'g_gpe_stn_mult': 0.165785782180151, 'g_stn_gpi_mult': 3.536474788191518, 'g_gpe_gpi_mult': 1.07491937578063}. Best is trial 747 with value: 0.13121233124540302.
[I 2026-05-28 03:16:43,299] Trial 749 finished with value: 0.13642526233948776 and parameters: {'ISTN': 60.55791674666403, 'I_gpe': 1.236724989270189, 'I_gpi': 1.8163578253943795, 'noise_stn_sigma': 2.654318185074238, 'noise_gpe_sigma': 104.84195843696457, 'noise_gpi_sigma': 78.09624538634736, 'g_stn_gpe_mult': 2.8775633418690783, 'g_gpe_stn_mult': 0.16067625519268153, 'g_stn_gpi_mult': 3.5289113218465915, 'g_gpe_gpi_mult': 1.0792785384001018}. Best is trial 747 with value: 0.13121233124540302.
[I 2026-05-28 03:16:44,312] Trial 750 finished with value: 0.1402989978561483 and parameters: {'ISTN': 61.23665897655939, 'I_gpe': 1.1946144040097137, 'I_gpi': 1.9020055682640673, 'noise_stn_sigma': 2.5557428422591606, 'noise_gpe_sigma': 103.39644334242362, 'noise_gpi_sigma': 79.06282925121442, 'g_stn_gpe_mult': 2.9048701564630943, 'g_gpe_stn_mult': 0.16192308297711383, 'g_stn_gpi_mult': 3.5343222041793063, 'g_gpe_gpi_mult': 1.1044656009930949}. Best is trial 747 with value: 0.13121233124540302.
[I 2026-05-28 03:16:45,324] Trial 751 finished with value: 0.2484736298373269 and parameters: {'ISTN': 60.12580530874957, 'I_gpe': 1.2383520426362236, 'I_gpi': 1.8825103320273562, 'noise_stn_sigma': 2.6396724955040733, 'noise_gpe_sigma': 102.94583056793633, 'noise_gpi_sigma': 79.87564516700013, 'g_stn_gpe_mult': 2.8272691328414137, 'g_gpe_stn_mult': 0.1648920658731135, 'g_stn_gpi_mult': 3.517793083748197, 'g_gpe_gpi_mult': 1.0777716575625194}. Best is trial 747 with value: 0.13121233124540302.
[I 2026-05-28 03:16:46,335] Trial 752 finished with value: 0.18150334416352487 and parameters: {'ISTN': 60.76896166839778, 'I_gpe': 1.224451993010712, 'I_gpi': 1.8130347916290834, 'noise_stn_sigma': 2.6914406203742627, 'noise_gpe_sigma': 103.8168069331831, 'noise_gpi_sigma': 77.9289812532081, 'g_stn_gpe_mult': 2.8967839064244867, 'g_gpe_stn_mult': 0.16112920340845588, 'g_stn_gpi_mult': 3.5255568554819865, 'g_gpe_gpi_mult': 1.0808928751821902}. Best is trial 747 with value: 0.13121233124540302.
[I 2026-05-28 03:16:47,347] Trial 753 finished with value: 0.1330036911546892 and parameters: {'ISTN': 60.28923929086977, 'I_gpe': 1.2222657341075154, 'I_gpi': 1.8647501305141587, 'noise_stn_sigma': 2.5227016553815753, 'noise_gpe_sigma': 103.8579602694044, 'noise_gpi_sigma': 81.43145045438227, 'g_stn_gpe_mult': 2.8145041535635578, 'g_gpe_stn_mult': 0.16880571200081573, 'g_stn_gpi_mult': 3.551996714208931, 'g_gpe_gpi_mult': 1.0721155076579205}. Best is trial 747 with value: 0.13121233124540302.
[I 2026-05-28 03:16:48,360] Trial 754 finished with value: 0.14738929733241002 and parameters: {'ISTN': 60.057289335621746, 'I_gpe': 1.2368287003592084, 'I_gpi': 1.8878316304307374, 'noise_stn_sigma': 2.695774709664452, 'noise_gpe_sigma': 102.86287290638137, 'noise_gpi_sigma': 78.64608175991373, 'g_stn_gpe_mult': 2.882140618104386, 'g_gpe_stn_mult': 0.16659965519840458, 'g_stn_gpi_mult': 3.498667633269857, 'g_gpe_gpi_mult': 1.076153099048066}. Best is trial 747 with value: 0.13121233124540302.
[I 2026-05-28 03:16:49,372] Trial 755 finished with value: 0.1383844940722047 and parameters: {'ISTN': 61.12434084840267, 'I_gpe': 1.2300815959134375, 'I_gpi': 1.867212459096064, 'noise_stn_sigma': 2.5459653480538433, 'noise_gpe_sigma': 104.26034561700253, 'noise_gpi_sigma': 80.41208424889479, 'g_stn_gpe_mult': 2.8414393709990513, 'g_gpe_stn_mult': 0.15914280237302225, 'g_stn_gpi_mult': 3.5637470539591396, 'g_gpe_gpi_mult': 1.0823822283166467}. Best is trial 747 with value: 0.13121233124540302.
[I 2026-05-28 03:16:50,386] Trial 756 finished with value: 0.13589586213626192 and parameters: {'ISTN': 60.82740493109243, 'I_gpe': 1.2014488221640778, 'I_gpi': 1.8741230418088706, 'noise_stn_sigma': 2.6052686132221505, 'noise_gpe_sigma': 103.67688486033373, 'noise_gpi_sigma': 80.22909963722886, 'g_stn_gpe_mult': 2.837883175297772, 'g_gpe_stn_mult': 0.16682825386786257, 'g_stn_gpi_mult': 3.557526394768673, 'g_gpe_gpi_mult': 1.0826366753126822}. Best is trial 747 with value: 0.13121233124540302.
[I 2026-05-28 03:16:51,398] Trial 757 finished with value: 0.15033312493136305 and parameters: {'ISTN': 60.46513248914015, 'I_gpe': 1.1955353664450674, 'I_gpi': 1.8900041069173477, 'noise_stn_sigma': 2.686216574873183, 'noise_gpe_sigma': 104.63730462420041, 'noise_gpi_sigma': 76.30890447480479, 'g_stn_gpe_mult': 2.866096602883543, 'g_gpe_stn_mult': 0.16137006478349208, 'g_stn_gpi_mult': 3.552416583789805, 'g_gpe_gpi_mult': 1.0695996112996258}. Best is trial 747 with value: 0.13121233124540302.
[I 2026-05-28 03:16:52,413] Trial 758 finished with value: 0.13860586887609047 and parameters: {'ISTN': 60.23578518617449, 'I_gpe': 1.2372615761219898, 'I_gpi': 1.8909543454789879, 'noise_stn_sigma': 2.589951583116132, 'noise_gpe_sigma': 104.17384926717884, 'noise_gpi_sigma': 79.44587562651252, 'g_stn_gpe_mult': 2.835058788993056, 'g_gpe_stn_mult': 0.17042027191896808, 'g_stn_gpi_mult': 3.528445709752792, 'g_gpe_gpi_mult': 1.0549281016379934}. Best is trial 747 with value: 0.13121233124540302.
[I 2026-05-28 03:16:53,426] Trial 759 finished with value: 0.1686276006451763 and parameters: {'ISTN': 60.41947557843994, 'I_gpe': 1.2356552121328266, 'I_gpi': 1.8842663014072283, 'noise_stn_sigma': 2.670018465719972, 'noise_gpe_sigma': 102.82342171181966, 'noise_gpi_sigma': 81.47837394290727, 'g_stn_gpe_mult': 2.8661979672296285, 'g_gpe_stn_mult': 0.16117508568157696, 'g_stn_gpi_mult': 3.5104411368667447, 'g_gpe_gpi_mult': 1.0700024638405894}. Best is trial 747 with value: 0.13121233124540302.
[I 2026-05-28 03:16:54,440] Trial 760 finished with value: 0.13508830236412453 and parameters: {'ISTN': 60.61761280289073, 'I_gpe': 1.1749900898626258, 'I_gpi': 1.8454417126093747, 'noise_stn_sigma': 2.5805194346727647, 'noise_gpe_sigma': 104.06297762203972, 'noise_gpi_sigma': 79.17100355671326, 'g_stn_gpe_mult': 2.908816093134182, 'g_gpe_stn_mult': 0.16601740209902294, 'g_stn_gpi_mult': 3.5455641441033765, 'g_gpe_gpi_mult': 1.094478112119498}. Best is trial 747 with value: 0.13121233124540302.
[I 2026-05-28 03:16:55,454] Trial 761 finished with value: 0.13374429491102421 and parameters: {'ISTN': 60.461055182740296, 'I_gpe': 1.162611618130263, 'I_gpi': 1.8873189083202522, 'noise_stn_sigma': 2.5412323783787425, 'noise_gpe_sigma': 104.26582293830772, 'noise_gpi_sigma': 78.62012411478645, 'g_stn_gpe_mult': 2.8762162485053437, 'g_gpe_stn_mult': 0.16609599947260623, 'g_stn_gpi_mult': 3.5828939672907225, 'g_gpe_gpi_mult': 1.082156033164065}. Best is trial 747 with value: 0.13121233124540302.
[I 2026-05-28 03:16:56,468] Trial 762 finished with value: 0.13155071815460145 and parameters: {'ISTN': 60.08605509235565, 'I_gpe': 1.2081081770277842, 'I_gpi': 1.8434090757936463, 'noise_stn_sigma': 2.5928055872398996, 'noise_gpe_sigma': 103.5544147168313, 'noise_gpi_sigma': 81.15942419623794, 'g_stn_gpe_mult': 2.8145640313127025, 'g_gpe_stn_mult': 0.1682857996572552, 'g_stn_gpi_mult': 3.5846889418291523, 'g_gpe_gpi_mult': 1.0714925024451676}. Best is trial 747 with value: 0.13121233124540302.
[I 2026-05-28 03:16:57,482] Trial 763 finished with value: 0.13359294998564888 and parameters: {'ISTN': 60.476563927100564, 'I_gpe': 1.2304803507513824, 'I_gpi': 1.8386093487368118, 'noise_stn_sigma': 2.631485284677223, 'noise_gpe_sigma': 104.55603822835445, 'noise_gpi_sigma': 80.14078830578757, 'g_stn_gpe_mult': 2.810505216533537, 'g_gpe_stn_mult': 0.1659130144064182, 'g_stn_gpi_mult': 3.5767265975209126, 'g_gpe_gpi_mult': 1.0892845172156094}. Best is trial 747 with value: 0.13121233124540302.
[I 2026-05-28 03:16:58,497] Trial 764 finished with value: 0.13033012351441886 and parameters: {'ISTN': 60.21710611385151, 'I_gpe': 1.2238548285607378, 'I_gpi': 1.855433925667662, 'noise_stn_sigma': 2.4598962942351035, 'noise_gpe_sigma': 104.56921206469161, 'noise_gpi_sigma': 80.89521348523436, 'g_stn_gpe_mult': 2.7977888267835773, 'g_gpe_stn_mult': 0.17686948112967293, 'g_stn_gpi_mult': 3.537903506981568, 'g_gpe_gpi_mult': 1.0589046646070266}. Best is trial 764 with value: 0.13033012351441886.
[I 2026-05-28 03:16:59,513] Trial 765 finished with value: 0.1474864010143806 and parameters: {'ISTN': 60.80337312424493, 'I_gpe': 1.2055882228863006, 'I_gpi': 1.8654988911738126, 'noise_stn_sigma': 2.503569389535094, 'noise_gpe_sigma': 104.52519775709192, 'noise_gpi_sigma': 78.80694222367211, 'g_stn_gpe_mult': 2.8523138027021657, 'g_gpe_stn_mult': 0.16423512418681124, 'g_stn_gpi_mult': 3.5600786935887694, 'g_gpe_gpi_mult': 1.0528538671357999}. Best is trial 764 with value: 0.13033012351441886.
[I 2026-05-28 03:17:00,528] Trial 766 finished with value: 0.13058943716341953 and parameters: {'ISTN': 60.22536327425745, 'I_gpe': 1.188190311529189, 'I_gpi': 1.8435141130151003, 'noise_stn_sigma': 2.5147546955944025, 'noise_gpe_sigma': 102.54698770710684, 'noise_gpi_sigma': 81.52164368185834, 'g_stn_gpe_mult': 2.8459045497718525, 'g_gpe_stn_mult': 0.17124109134726667, 'g_stn_gpi_mult': 3.5267554036847706, 'g_gpe_gpi_mult': 1.058339115605931}. Best is trial 764 with value: 0.13033012351441886.
[I 2026-05-28 03:17:01,542] Trial 767 finished with value: 0.14424827034098217 and parameters: {'ISTN': 61.33890388095156, 'I_gpe': 1.1774299194466544, 'I_gpi': 1.8754607776999774, 'noise_stn_sigma': 2.3761763954167545, 'noise_gpe_sigma': 103.5516126377256, 'noise_gpi_sigma': 81.37556958803091, 'g_stn_gpe_mult': 2.880647735132892, 'g_gpe_stn_mult': 0.16639908360709002, 'g_stn_gpi_mult': 3.5351380521423166, 'g_gpe_gpi_mult': 1.083078055391348}. Best is trial 764 with value: 0.13033012351441886.
[I 2026-05-28 03:17:02,556] Trial 768 finished with value: 0.13524132992199026 and parameters: {'ISTN': 60.51695366404574, 'I_gpe': 1.2493470949942809, 'I_gpi': 1.8449831425959964, 'noise_stn_sigma': 2.510282715284662, 'noise_gpe_sigma': 103.46672202175802, 'noise_gpi_sigma': 80.55708348464572, 'g_stn_gpe_mult': 2.80784337138817, 'g_gpe_stn_mult': 0.17380687948268636, 'g_stn_gpi_mult': 3.5410626978613893, 'g_gpe_gpi_mult': 1.0832631684504048}. Best is trial 764 with value: 0.13033012351441886.
[I 2026-05-28 03:17:03,571] Trial 769 finished with value: 0.1352822157192697 and parameters: {'ISTN': 60.51836996669285, 'I_gpe': 1.193929458894809, 'I_gpi': 1.881483416659194, 'noise_stn_sigma': 2.575244415594634, 'noise_gpe_sigma': 103.08913399648797, 'noise_gpi_sigma': 80.31161944754992, 'g_stn_gpe_mult': 2.8592834717617746, 'g_gpe_stn_mult': 0.16721176372021043, 'g_stn_gpi_mult': 3.5793264532029596, 'g_gpe_gpi_mult': 1.088228681593065}. Best is trial 764 with value: 0.13033012351441886.
[I 2026-05-28 03:17:04,583] Trial 770 finished with value: 0.212322434925585 and parameters: {'ISTN': 60.14766371927742, 'I_gpe': 1.19954434675359, 'I_gpi': 1.8676880085817447, 'noise_stn_sigma': 2.588226992096513, 'noise_gpe_sigma': 103.03873094374424, 'noise_gpi_sigma': 80.28065698800803, 'g_stn_gpe_mult': 2.8846100266680996, 'g_gpe_stn_mult': 0.16140785723238726, 'g_stn_gpi_mult': 3.5483699414130774, 'g_gpe_gpi_mult': 1.0834627532303482}. Best is trial 764 with value: 0.13033012351441886.
[I 2026-05-28 03:17:05,597] Trial 771 finished with value: 0.16055209795801595 and parameters: {'ISTN': 60.348618994264704, 'I_gpe': 1.1872791516641472, 'I_gpi': 1.858045714376153, 'noise_stn_sigma': 2.497790890888271, 'noise_gpe_sigma': 103.19845479591946, 'noise_gpi_sigma': 78.19503848755267, 'g_stn_gpe_mult': 2.816174886755211, 'g_gpe_stn_mult': 0.1771224716909675, 'g_stn_gpi_mult': 3.531340253868394, 'g_gpe_gpi_mult': 1.0530078260913065}. Best is trial 764 with value: 0.13033012351441886.
[I 2026-05-28 03:17:06,608] Trial 772 finished with value: 0.1546319252304346 and parameters: {'ISTN': 60.31914342912691, 'I_gpe': 1.2335194516798091, 'I_gpi': 1.862784865611452, 'noise_stn_sigma': 2.466453998264374, 'noise_gpe_sigma': 103.54423804488707, 'noise_gpi_sigma': 81.12925936335017, 'g_stn_gpe_mult': 2.8019087586729796, 'g_gpe_stn_mult': 0.17270522844492292, 'g_stn_gpi_mult': 3.5469404911124043, 'g_gpe_gpi_mult': 1.0713939586199182}. Best is trial 764 with value: 0.13033012351441886.
[I 2026-05-28 03:17:07,618] Trial 773 finished with value: 0.17163745096594302 and parameters: {'ISTN': 60.08556001536615, 'I_gpe': 1.2063302704274674, 'I_gpi': 1.8603620431723793, 'noise_stn_sigma': 2.5598603350429237, 'noise_gpe_sigma': 103.26340982770171, 'noise_gpi_sigma': 80.82205886859379, 'g_stn_gpe_mult': 2.8946595281145133, 'g_gpe_stn_mult': 0.17015877351220357, 'g_stn_gpi_mult': 3.545044924937873, 'g_gpe_gpi_mult': 1.0495327530437073}. Best is trial 764 with value: 0.13033012351441886.
[I 2026-05-28 03:17:08,630] Trial 774 finished with value: 0.14579939571242323 and parameters: {'ISTN': 60.695157416528545, 'I_gpe': 1.2435211837255915, 'I_gpi': 1.8317647354051958, 'noise_stn_sigma': 2.545004966896452, 'noise_gpe_sigma': 103.0336803009237, 'noise_gpi_sigma': 80.23006437825761, 'g_stn_gpe_mult': 2.8490189692465298, 'g_gpe_stn_mult': 0.17834442907850034, 'g_stn_gpi_mult': 3.5922545421048784, 'g_gpe_gpi_mult': 1.0715810462208342}. Best is trial 764 with value: 0.13033012351441886.
[I 2026-05-28 03:17:09,644] Trial 775 finished with value: 0.14132271597691623 and parameters: {'ISTN': 60.95552806020441, 'I_gpe': 1.1968601384471855, 'I_gpi': 1.7999397902883691, 'noise_stn_sigma': 2.481796256233997, 'noise_gpe_sigma': 102.58330907535078, 'noise_gpi_sigma': 79.1720122832653, 'g_stn_gpe_mult': 2.8994716528357127, 'g_gpe_stn_mult': 0.17074255858426496, 'g_stn_gpi_mult': 3.558745241707226, 'g_gpe_gpi_mult': 1.0508755910316216}. Best is trial 764 with value: 0.13033012351441886.
[I 2026-05-28 03:17:10,656] Trial 776 finished with value: 0.13549463846525645 and parameters: {'ISTN': 60.2329682781244, 'I_gpe': 1.2421466573971949, 'I_gpi': 1.8780091601237539, 'noise_stn_sigma': 2.4557251739508654, 'noise_gpe_sigma': 104.87693959588651, 'noise_gpi_sigma': 79.81555368965596, 'g_stn_gpe_mult': 2.7665521416678684, 'g_gpe_stn_mult': 0.17765333868708547, 'g_stn_gpi_mult': 3.5555250941968484, 'g_gpe_gpi_mult': 1.0663523221589022}. Best is trial 764 with value: 0.13033012351441886.
[I 2026-05-28 03:17:11,668] Trial 777 finished with value: 0.13430376800640675 and parameters: {'ISTN': 60.70114597841446, 'I_gpe': 1.2110188846471335, 'I_gpi': 1.860424416013554, 'noise_stn_sigma': 2.4374007365631223, 'noise_gpe_sigma': 103.15918847693855, 'noise_gpi_sigma': 83.15067029091895, 'g_stn_gpe_mult': 2.799250842031303, 'g_gpe_stn_mult': 0.17291795658992667, 'g_stn_gpi_mult': 3.5081539028045037, 'g_gpe_gpi_mult': 1.0432511774729352}. Best is trial 764 with value: 0.13033012351441886.
[I 2026-05-28 03:17:12,681] Trial 778 finished with value: 0.13261617182276164 and parameters: {'ISTN': 60.18113258137274, 'I_gpe': 1.2309154350777916, 'I_gpi': 1.8798893485569728, 'noise_stn_sigma': 2.563987229282511, 'noise_gpe_sigma': 104.57473572904914, 'noise_gpi_sigma': 81.30884810584632, 'g_stn_gpe_mult': 2.824835361639127, 'g_gpe_stn_mult': 0.1770271942286789, 'g_stn_gpi_mult': 3.533279000620362, 'g_gpe_gpi_mult': 1.0779565467602583}. Best is trial 764 with value: 0.13033012351441886.
[I 2026-05-28 03:17:13,693] Trial 779 finished with value: 0.2882215091551866 and parameters: {'ISTN': 60.100236147140166, 'I_gpe': 1.223317512422715, 'I_gpi': 1.8805228734249468, 'noise_stn_sigma': 2.473132833694022, 'noise_gpe_sigma': 103.01979724300136, 'noise_gpi_sigma': 79.58334523580515, 'g_stn_gpe_mult': 2.80257310129796, 'g_gpe_stn_mult': 0.17266787593362132, 'g_stn_gpi_mult': 3.50977287458157, 'g_gpe_gpi_mult': 1.0646385869004873}. Best is trial 764 with value: 0.13033012351441886.
[I 2026-05-28 03:17:14,705] Trial 780 finished with value: 0.13302802564068122 and parameters: {'ISTN': 60.20221032933342, 'I_gpe': 1.1682644351551912, 'I_gpi': 1.844694172662861, 'noise_stn_sigma': 2.453329277681368, 'noise_gpe_sigma': 104.386248843206, 'noise_gpi_sigma': 78.90903812356873, 'g_stn_gpe_mult': 2.837870039708563, 'g_gpe_stn_mult': 0.17359276179447924, 'g_stn_gpi_mult': 3.5555231376403222, 'g_gpe_gpi_mult': 1.0709210958149662}. Best is trial 764 with value: 0.13033012351441886.
[I 2026-05-28 03:17:15,720] Trial 781 finished with value: 0.13419860531566294 and parameters: {'ISTN': 60.747600936893186, 'I_gpe': 1.2319847423900063, 'I_gpi': 1.8857190813598037, 'noise_stn_sigma': 2.4737629754819537, 'noise_gpe_sigma': 104.96114600413664, 'noise_gpi_sigma': 82.76354961775247, 'g_stn_gpe_mult': 2.8033307399912513, 'g_gpe_stn_mult': 0.1686121589224911, 'g_stn_gpi_mult': 3.4592791836708874, 'g_gpe_gpi_mult': 1.054356480690425}. Best is trial 764 with value: 0.13033012351441886.
[I 2026-05-28 03:17:16,733] Trial 782 finished with value: 0.1332922601057133 and parameters: {'ISTN': 60.262866105831996, 'I_gpe': 1.2063758552685624, 'I_gpi': 1.84451461258791, 'noise_stn_sigma': 2.507105462708039, 'noise_gpe_sigma': 104.06149313079308, 'noise_gpi_sigma': 80.05600837919815, 'g_stn_gpe_mult': 2.881530417197584, 'g_gpe_stn_mult': 0.1807418284374309, 'g_stn_gpi_mult': 3.5700884663527184, 'g_gpe_gpi_mult': 1.0719269950814632}. Best is trial 764 with value: 0.13033012351441886.
[I 2026-05-28 03:17:17,746] Trial 783 finished with value: 0.20139929592536526 and parameters: {'ISTN': 60.62742678903443, 'I_gpe': 1.1933679674359663, 'I_gpi': 1.898350376002606, 'noise_stn_sigma': 2.421525785588117, 'noise_gpe_sigma': 105.13039978998856, 'noise_gpi_sigma': 78.97815638566195, 'g_stn_gpe_mult': 2.7461190107627775, 'g_gpe_stn_mult': 0.1592677438124663, 'g_stn_gpi_mult': 3.542356235321991, 'g_gpe_gpi_mult': 1.0411783236436778}. Best is trial 764 with value: 0.13033012351441886.
[I 2026-05-28 03:17:18,760] Trial 784 finished with value: 0.13582271816844538 and parameters: {'ISTN': 60.43463215619613, 'I_gpe': 1.2642437726410691, 'I_gpi': 1.898528481336196, 'noise_stn_sigma': 2.4960507683549986, 'noise_gpe_sigma': 103.27787367367812, 'noise_gpi_sigma': 81.00020258602581, 'g_stn_gpe_mult': 2.771027010824941, 'g_gpe_stn_mult': 0.17226499333011627, 'g_stn_gpi_mult': 3.504478434581107, 'g_gpe_gpi_mult': 1.0765373578365631}. Best is trial 764 with value: 0.13033012351441886.
[I 2026-05-28 03:17:19,773] Trial 785 finished with value: 0.1418189887217024 and parameters: {'ISTN': 60.28781352733039, 'I_gpe': 1.1666730554387836, 'I_gpi': 1.8529814109236717, 'noise_stn_sigma': 2.470547945594898, 'noise_gpe_sigma': 105.04895462386361, 'noise_gpi_sigma': 81.90712308951456, 'g_stn_gpe_mult': 2.8061903583383874, 'g_gpe_stn_mult': 0.18660930355689215, 'g_stn_gpi_mult': 3.538334759046371, 'g_gpe_gpi_mult': 1.0732609486049487}. Best is trial 764 with value: 0.13033012351441886.
[I 2026-05-28 03:17:20,786] Trial 786 finished with value: 0.13325703272464448 and parameters: {'ISTN': 60.826059661102214, 'I_gpe': 1.2113580542899485, 'I_gpi': 1.855007096724667, 'noise_stn_sigma': 2.468800214573162, 'noise_gpe_sigma': 104.79097098876727, 'noise_gpi_sigma': 82.69598342047787, 'g_stn_gpe_mult': 2.7960907162743105, 'g_gpe_stn_mult': 0.1680664237380693, 'g_stn_gpi_mult': 3.54877279856015, 'g_gpe_gpi_mult': 1.0514731498409378}. Best is trial 764 with value: 0.13033012351441886.
[I 2026-05-28 03:17:21,796] Trial 787 finished with value: 0.13890301480926756 and parameters: {'ISTN': 60.18137642604008, 'I_gpe': 1.23506614923776, 'I_gpi': 1.8698555405526758, 'noise_stn_sigma': 2.479704646814337, 'noise_gpe_sigma': 102.78169290070622, 'noise_gpi_sigma': 82.98614671068093, 'g_stn_gpe_mult': 2.8255580817247763, 'g_gpe_stn_mult': 0.18071276554002663, 'g_stn_gpi_mult': 3.557099601934983, 'g_gpe_gpi_mult': 1.0644757718580686}. Best is trial 764 with value: 0.13033012351441886.
[I 2026-05-28 03:17:22,807] Trial 788 finished with value: 0.13593013939770185 and parameters: {'ISTN': 60.41198146459221, 'I_gpe': 1.1465371900370762, 'I_gpi': 1.8889990833707921, 'noise_stn_sigma': 2.4082215410100574, 'noise_gpe_sigma': 103.94372985241834, 'noise_gpi_sigma': 82.65234973036159, 'g_stn_gpe_mult': 2.832096036388611, 'g_gpe_stn_mult': 0.17470534566330082, 'g_stn_gpi_mult': 3.5264774303926454, 'g_gpe_gpi_mult': 1.068028853693117}. Best is trial 764 with value: 0.13033012351441886.
[I 2026-05-28 03:17:23,820] Trial 789 finished with value: 0.1458371935066526 and parameters: {'ISTN': 60.71585611189541, 'I_gpe': 1.1883930960911426, 'I_gpi': 1.8456646800578667, 'noise_stn_sigma': 2.408904505440206, 'noise_gpe_sigma': 104.6156069892593, 'noise_gpi_sigma': 81.8405319293982, 'g_stn_gpe_mult': 2.8407343633768427, 'g_gpe_stn_mult': 0.18185023170561643, 'g_stn_gpi_mult': 3.504488709377319, 'g_gpe_gpi_mult': 1.0704987930500933}. Best is trial 764 with value: 0.13033012351441886.
[I 2026-05-28 03:17:24,834] Trial 790 finished with value: 0.13953180763396872 and parameters: {'ISTN': 60.257788552463474, 'I_gpe': 1.193960353750224, 'I_gpi': 1.9123547993184111, 'noise_stn_sigma': 2.4211071919989604, 'noise_gpe_sigma': 103.11436631935877, 'noise_gpi_sigma': 82.95044067647622, 'g_stn_gpe_mult': 2.7917360185598774, 'g_gpe_stn_mult': 0.1840174272251494, 'g_stn_gpi_mult': 3.4933983597220832, 'g_gpe_gpi_mult': 1.0491796044864388}. Best is trial 764 with value: 0.13033012351441886.
[I 2026-05-28 03:17:25,848] Trial 791 finished with value: 0.14190872143798547 and parameters: {'ISTN': 60.76689474779055, 'I_gpe': 1.1922433273292592, 'I_gpi': 1.8568909370241462, 'noise_stn_sigma': 2.502846111456723, 'noise_gpe_sigma': 104.22597765084616, 'noise_gpi_sigma': 79.82579657914414, 'g_stn_gpe_mult': 2.766507918492292, 'g_gpe_stn_mult': 0.1788298230649532, 'g_stn_gpi_mult': 3.5489696760587313, 'g_gpe_gpi_mult': 1.0464418199402696}. Best is trial 764 with value: 0.13033012351441886.
