[I 2026-05-28 03:00:24,901] Trial 792 finished with value: 0.145465585263551 and parameters: {'ISTN': 60.07710562630419, 'I_gpe': 1.1574908124299803, 'I_gpi': 2.1645617508104165, 'noise_stn_sigma': 3.8119687578408255, 'noise_gpe_sigma': 99.07319891171417, 'noise_gpi_sigma': 111.81496515531293, 'g_stn_gpe_mult': 4.408859850310089, 'g_gpe_stn_mult': 0.16826738614489334, 'g_stn_gpi_mult': 2.2299821622066744, 'g_gpe_gpi_mult': 1.0089608509288341}. Best is trial 767 with value: 0.1394459479767348.
[I 2026-05-28 03:00:25,912] Trial 793 finished with value: 0.14723165689352868 and parameters: {'ISTN': 60.197852535710396, 'I_gpe': 1.1443377737297353, 'I_gpi': 2.0640407334646356, 'noise_stn_sigma': 3.9567046946272173, 'noise_gpe_sigma': 99.6961745558566, 'noise_gpi_sigma': 110.91161013098713, 'g_stn_gpe_mult': 4.43988315460207, 'g_gpe_stn_mult': 0.16434921420362752, 'g_stn_gpi_mult': 2.249231998528219, 'g_gpe_gpi_mult': 0.9904856599670018}. Best is trial 767 with value: 0.1394459479767348.
[I 2026-05-28 03:00:26,921] Trial 794 finished with value: 0.15034146055233633 and parameters: {'ISTN': 60.479720546777614, 'I_gpe': 1.124460732082613, 'I_gpi': 2.072090712417248, 'noise_stn_sigma': 3.9437507049519533, 'noise_gpe_sigma': 98.46462901287715, 'noise_gpi_sigma': 111.77129762483563, 'g_stn_gpe_mult': 4.4220565844694155, 'g_gpe_stn_mult': 0.15917779089772896, 'g_stn_gpi_mult': 2.246909973486071, 'g_gpe_gpi_mult': 1.015678496434098}. Best is trial 767 with value: 0.1394459479767348.
[I 2026-05-28 03:00:27,931] Trial 795 finished with value: 0.15001523082244828 and parameters: {'ISTN': 60.081981509633074, 'I_gpe': 1.147118337223623, 'I_gpi': 2.0671656303487653, 'noise_stn_sigma': 3.861133361297285, 'noise_gpe_sigma': 99.3892906225958, 'noise_gpi_sigma': 110.2975486739918, 'g_stn_gpe_mult': 4.419816034792197, 'g_gpe_stn_mult': 0.17224979194952375, 'g_stn_gpi_mult': 2.2389653741805757, 'g_gpe_gpi_mult': 1.0165126590918205}. Best is trial 767 with value: 0.1394459479767348.
[I 2026-05-28 03:00:28,944] Trial 796 finished with value: 0.1517354832772422 and parameters: {'ISTN': 60.28655896652826, 'I_gpe': 1.1354331719140736, 'I_gpi': 2.0917553169460588, 'noise_stn_sigma': 3.945294484171583, 'noise_gpe_sigma': 99.90503756072152, 'noise_gpi_sigma': 109.25959219076648, 'g_stn_gpe_mult': 4.395288114005336, 'g_gpe_stn_mult': 0.16756817760000436, 'g_stn_gpi_mult': 2.277589011424757, 'g_gpe_gpi_mult': 0.9978370721367968}. Best is trial 767 with value: 0.1394459479767348.
[I 2026-05-28 03:00:29,952] Trial 797 finished with value: 0.1488834887502821 and parameters: {'ISTN': 60.33943744741002, 'I_gpe': 1.1183868589893662, 'I_gpi': 2.091247025009907, 'noise_stn_sigma': 3.828828540756459, 'noise_gpe_sigma': 97.48662979961436, 'noise_gpi_sigma': 109.63293166110871, 'g_stn_gpe_mult': 4.402232419432831, 'g_gpe_stn_mult': 0.17072581877138443, 'g_stn_gpi_mult': 2.282509250388993, 'g_gpe_gpi_mult': 1.0162324189535277}. Best is trial 767 with value: 0.1394459479767348.
[I 2026-05-28 03:00:30,960] Trial 798 finished with value: 0.14413465255833866 and parameters: {'ISTN': 60.100612867032496, 'I_gpe': 1.141279502520625, 'I_gpi': 2.065569243639982, 'noise_stn_sigma': 3.863834375188122, 'noise_gpe_sigma': 99.34363741789622, 'noise_gpi_sigma': 110.13871781367226, 'g_stn_gpe_mult': 4.3946376695654354, 'g_gpe_stn_mult': 0.1700478499304344, 'g_stn_gpi_mult': 2.2418484651454373, 'g_gpe_gpi_mult': 1.0137734776012208}. Best is trial 767 with value: 0.1394459479767348.
[I 2026-05-28 03:00:31,970] Trial 799 finished with value: 0.14298881290513377 and parameters: {'ISTN': 60.1127885201163, 'I_gpe': 1.1139323591636612, 'I_gpi': 2.101591749954398, 'noise_stn_sigma': 3.971338202691186, 'noise_gpe_sigma': 99.57970141162477, 'noise_gpi_sigma': 109.14389230474401, 'g_stn_gpe_mult': 4.345181780398319, 'g_gpe_stn_mult': 0.17024984047557296, 'g_stn_gpi_mult': 2.2310780781650608, 'g_gpe_gpi_mult': 1.0136056976098247}. Best is trial 767 with value: 0.1394459479767348.
[I 2026-05-28 03:00:32,980] Trial 800 finished with value: 0.14191334632551092 and parameters: {'ISTN': 60.2635197997727, 'I_gpe': 1.1076357422977205, 'I_gpi': 2.149152073844533, 'noise_stn_sigma': 3.811891589930685, 'noise_gpe_sigma': 100.22176387799249, 'noise_gpi_sigma': 111.16852175208042, 'g_stn_gpe_mult': 4.453199154258452, 'g_gpe_stn_mult': 0.1670573235751257, 'g_stn_gpi_mult': 2.1910935275905223, 'g_gpe_gpi_mult': 1.0015833921352773}. Best is trial 767 with value: 0.1394459479767348.
[I 2026-05-28 03:00:33,993] Trial 801 finished with value: 0.1541611596590095 and parameters: {'ISTN': 60.50124754368808, 'I_gpe': 1.0997697427211806, 'I_gpi': 2.123261035960293, 'noise_stn_sigma': 3.8941458179793815, 'noise_gpe_sigma': 103.55369480577812, 'noise_gpi_sigma': 111.2405103648188, 'g_stn_gpe_mult': 4.410490201191415, 'g_gpe_stn_mult': 0.1691006391894216, 'g_stn_gpi_mult': 2.199503472099666, 'g_gpe_gpi_mult': 1.0029612397813144}. Best is trial 767 with value: 0.1394459479767348.
[I 2026-05-28 03:00:35,004] Trial 802 finished with value: 0.1485538458113276 and parameters: {'ISTN': 60.10793944863795, 'I_gpe': 1.1452717634300495, 'I_gpi': 2.099359533312312, 'noise_stn_sigma': 3.781215346532023, 'noise_gpe_sigma': 101.16671685794293, 'noise_gpi_sigma': 110.36247448063233, 'g_stn_gpe_mult': 4.392004510823806, 'g_gpe_stn_mult': 0.17113581145066603, 'g_stn_gpi_mult': 2.2391575350440234, 'g_gpe_gpi_mult': 1.002972151369048}. Best is trial 767 with value: 0.1394459479767348.
[I 2026-05-28 03:00:36,017] Trial 803 finished with value: 0.14769590382882172 and parameters: {'ISTN': 60.04696890332513, 'I_gpe': 1.0954802003357, 'I_gpi': 2.121934383752373, 'noise_stn_sigma': 3.793282275321569, 'noise_gpe_sigma': 100.88061383824612, 'noise_gpi_sigma': 110.87751816006941, 'g_stn_gpe_mult': 4.420181112397057, 'g_gpe_stn_mult': 0.17886724183935615, 'g_stn_gpi_mult': 2.254204545832907, 'g_gpe_gpi_mult': 0.9779867634450232}. Best is trial 767 with value: 0.1394459479767348.
[I 2026-05-28 03:00:37,026] Trial 804 finished with value: 0.15073266135290334 and parameters: {'ISTN': 60.55803645548914, 'I_gpe': 1.1389378901883247, 'I_gpi': 2.0678044627537395, 'noise_stn_sigma': 3.8391493135123165, 'noise_gpe_sigma': 100.7864393880017, 'noise_gpi_sigma': 108.2902341221941, 'g_stn_gpe_mult': 4.401951574589416, 'g_gpe_stn_mult': 0.1675062055804267, 'g_stn_gpi_mult': 2.1955611893117974, 'g_gpe_gpi_mult': 1.0070101374138294}. Best is trial 767 with value: 0.1394459479767348.
[I 2026-05-28 03:00:38,036] Trial 805 finished with value: 0.141152205364418 and parameters: {'ISTN': 60.05775393058396, 'I_gpe': 1.1175073824753559, 'I_gpi': 2.067598226734207, 'noise_stn_sigma': 3.8956052604184466, 'noise_gpe_sigma': 101.5116342131469, 'noise_gpi_sigma': 109.01658674799891, 'g_stn_gpe_mult': 4.3349367809116695, 'g_gpe_stn_mult': 0.17737295593454971, 'g_stn_gpi_mult': 2.1965244933621384, 'g_gpe_gpi_mult': 1.0011376642668246}. Best is trial 767 with value: 0.1394459479767348.
[I 2026-05-28 03:00:39,044] Trial 806 finished with value: 0.14896252972977936 and parameters: {'ISTN': 60.21218327774742, 'I_gpe': 1.0998131628033194, 'I_gpi': 2.1333493805757056, 'noise_stn_sigma': 3.9197489073913223, 'noise_gpe_sigma': 102.54032178432833, 'noise_gpi_sigma': 109.82592213609558, 'g_stn_gpe_mult': 4.357657994807908, 'g_gpe_stn_mult': 0.16848199160797175, 'g_stn_gpi_mult': 2.1778063268154724, 'g_gpe_gpi_mult': 0.997278595447745}. Best is trial 767 with value: 0.1394459479767348.
[I 2026-05-28 03:00:40,051] Trial 807 finished with value: 0.14488066894731189 and parameters: {'ISTN': 60.27154467302797, 'I_gpe': 1.1220188907650175, 'I_gpi': 2.1443600810324526, 'noise_stn_sigma': 3.8476021761021575, 'noise_gpe_sigma': 99.5669147131454, 'noise_gpi_sigma': 110.5665030744241, 'g_stn_gpe_mult': 4.402684981817822, 'g_gpe_stn_mult': 0.1672736711346338, 'g_stn_gpi_mult': 2.2447280889973227, 'g_gpe_gpi_mult': 1.0142966672823617}. Best is trial 767 with value: 0.1394459479767348.
[I 2026-05-28 03:00:41,058] Trial 808 finished with value: 0.14456386050979456 and parameters: {'ISTN': 60.06215428853451, 'I_gpe': 1.0835939620941826, 'I_gpi': 2.105794716317348, 'noise_stn_sigma': 3.9057872639875235, 'noise_gpe_sigma': 102.07583515971132, 'noise_gpi_sigma': 110.4959162921188, 'g_stn_gpe_mult': 4.475938899351394, 'g_gpe_stn_mult': 0.1667700988899936, 'g_stn_gpi_mult': 2.2478677625109276, 'g_gpe_gpi_mult': 0.9981597150157326}. Best is trial 767 with value: 0.1394459479767348.
[I 2026-05-28 03:00:42,068] Trial 809 finished with value: 0.15065235887250727 and parameters: {'ISTN': 60.339096638839926, 'I_gpe': 1.1134900473440181, 'I_gpi': 2.112705889227236, 'noise_stn_sigma': 3.9684862243218824, 'noise_gpe_sigma': 99.04113254873097, 'noise_gpi_sigma': 111.39973634613501, 'g_stn_gpe_mult': 4.412201770107332, 'g_gpe_stn_mult': 0.16939691821774078, 'g_stn_gpi_mult': 2.2707579753747327, 'g_gpe_gpi_mult': 1.0050963573059328}. Best is trial 767 with value: 0.1394459479767348.
[I 2026-05-28 03:00:43,079] Trial 810 finished with value: 0.1491314575721814 and parameters: {'ISTN': 60.680540439876076, 'I_gpe': 1.0806711410312788, 'I_gpi': 2.0928509147337193, 'noise_stn_sigma': 3.892099612057422, 'noise_gpe_sigma': 100.1487103115477, 'noise_gpi_sigma': 109.18812967521612, 'g_stn_gpe_mult': 4.378063313755625, 'g_gpe_stn_mult': 0.1633844128156179, 'g_stn_gpi_mult': 2.27237699038945, 'g_gpe_gpi_mult': 1.0085856842527543}. Best is trial 767 with value: 0.1394459479767348.
[I 2026-05-28 03:00:44,089] Trial 811 finished with value: 0.14516485225362505 and parameters: {'ISTN': 60.16162830736673, 'I_gpe': 1.067185696215471, 'I_gpi': 2.0488403399400967, 'noise_stn_sigma': 3.946118744809305, 'noise_gpe_sigma': 100.96552751863953, 'noise_gpi_sigma': 110.15495722799132, 'g_stn_gpe_mult': 4.405018435053822, 'g_gpe_stn_mult': 0.1677214644162519, 'g_stn_gpi_mult': 2.2201920071488574, 'g_gpe_gpi_mult': 1.017266301374971}. Best is trial 767 with value: 0.1394459479767348.
[I 2026-05-28 03:00:45,097] Trial 812 finished with value: 0.14798986329666836 and parameters: {'ISTN': 60.26670612266685, 'I_gpe': 1.0683873917443814, 'I_gpi': 2.135031261209142, 'noise_stn_sigma': 3.8040370543500135, 'noise_gpe_sigma': 103.23254098511119, 'noise_gpi_sigma': 110.24573299071001, 'g_stn_gpe_mult': 4.411275693822376, 'g_gpe_stn_mult': 0.1747329691659879, 'g_stn_gpi_mult': 2.258544606753014, 'g_gpe_gpi_mult': 0.9729230088034362}. Best is trial 767 with value: 0.1394459479767348.
[I 2026-05-28 03:00:46,106] Trial 813 finished with value: 0.1444557408754734 and parameters: {'ISTN': 60.05705560733887, 'I_gpe': 1.0881296595189012, 'I_gpi': 2.094808641142713, 'noise_stn_sigma': 3.813099872996149, 'noise_gpe_sigma': 103.32639721356081, 'noise_gpi_sigma': 111.4747085439547, 'g_stn_gpe_mult': 4.3833751731055575, 'g_gpe_stn_mult': 0.17971243705579562, 'g_stn_gpi_mult': 2.2247510485006954, 'g_gpe_gpi_mult': 0.990517604196091}. Best is trial 767 with value: 0.1394459479767348.
[I 2026-05-28 03:00:47,114] Trial 814 finished with value: 0.1446364904612528 and parameters: {'ISTN': 60.378454791405616, 'I_gpe': 1.0934586923326548, 'I_gpi': 2.1087063832976525, 'noise_stn_sigma': 3.8605999838470164, 'noise_gpe_sigma': 98.34055561122723, 'noise_gpi_sigma': 108.72498965258904, 'g_stn_gpe_mult': 4.407554589333577, 'g_gpe_stn_mult': 0.1695548996548413, 'g_stn_gpi_mult': 2.241894801956703, 'g_gpe_gpi_mult': 1.0091524724682377}. Best is trial 767 with value: 0.1394459479767348.
[I 2026-05-28 03:00:48,122] Trial 815 finished with value: 0.14530209219445334 and parameters: {'ISTN': 60.06836198468439, 'I_gpe': 1.1159122486363784, 'I_gpi': 2.108720608438095, 'noise_stn_sigma': 3.804426631539924, 'noise_gpe_sigma': 103.5110463352357, 'noise_gpi_sigma': 110.82596642569094, 'g_stn_gpe_mult': 4.431190495144118, 'g_gpe_stn_mult': 0.17436183213773976, 'g_stn_gpi_mult': 2.198922344929972, 'g_gpe_gpi_mult': 1.0053057519150106}. Best is trial 767 with value: 0.1394459479767348.
[I 2026-05-28 03:00:49,132] Trial 816 finished with value: 0.1644775133940036 and parameters: {'ISTN': 60.97151198168623, 'I_gpe': 1.0603915322148123, 'I_gpi': 2.1047808599657314, 'noise_stn_sigma': 3.8374430922918727, 'noise_gpe_sigma': 102.10234810300194, 'noise_gpi_sigma': 108.71578656530238, 'g_stn_gpe_mult': 4.37447420358594, 'g_gpe_stn_mult': 0.16923407096074078, 'g_stn_gpi_mult': 2.2091231493964267, 'g_gpe_gpi_mult': 1.007654236982477}. Best is trial 767 with value: 0.1394459479767348.
[I 2026-05-28 03:00:50,141] Trial 817 finished with value: 0.14401315133474477 and parameters: {'ISTN': 60.114749124882245, 'I_gpe': 1.082124163005485, 'I_gpi': 2.148185242676612, 'noise_stn_sigma': 3.8232087565048674, 'noise_gpe_sigma': 102.79005838545379, 'noise_gpi_sigma': 111.78753599103395, 'g_stn_gpe_mult': 4.457852641755983, 'g_gpe_stn_mult': 0.1736226105205578, 'g_stn_gpi_mult': 2.202983437735968, 'g_gpe_gpi_mult': 0.9959885578269507}. Best is trial 767 with value: 0.1394459479767348.
[I 2026-05-28 03:00:51,154] Trial 818 finished with value: 0.16573569199675683 and parameters: {'ISTN': 60.62012830086315, 'I_gpe': 1.0977469471166772, 'I_gpi': 2.086489536409487, 'noise_stn_sigma': 4.019879590264761, 'noise_gpe_sigma': 99.9015592728701, 'noise_gpi_sigma': 107.95822549632902, 'g_stn_gpe_mult': 4.387499276742028, 'g_gpe_stn_mult': 0.17404348161955824, 'g_stn_gpi_mult': 2.2174312968857923, 'g_gpe_gpi_mult': 1.017302729840309}. Best is trial 767 with value: 0.1394459479767348.
[I 2026-05-28 03:00:52,162] Trial 819 finished with value: 0.1449478910639146 and parameters: {'ISTN': 60.22985800502238, 'I_gpe': 1.1127634341926238, 'I_gpi': 2.087609039312564, 'noise_stn_sigma': 3.761356823897863, 'noise_gpe_sigma': 101.96009342489617, 'noise_gpi_sigma': 110.81318446507143, 'g_stn_gpe_mult': 4.44493420221354, 'g_gpe_stn_mult': 0.17362250875797147, 'g_stn_gpi_mult': 2.2633670020178576, 'g_gpe_gpi_mult': 1.0031033763949515}. Best is trial 767 with value: 0.1394459479767348.
[I 2026-05-28 03:00:53,172] Trial 820 finished with value: 0.14880304501375727 and parameters: {'ISTN': 60.05588927351233, 'I_gpe': 1.0555950008362216, 'I_gpi': 2.0856550472155506, 'noise_stn_sigma': 3.7999251469474364, 'noise_gpe_sigma': 102.23644230379777, 'noise_gpi_sigma': 110.1802515709182, 'g_stn_gpe_mult': 4.407920558169392, 'g_gpe_stn_mult': 0.17652152757146505, 'g_stn_gpi_mult': 2.2528478493408524, 'g_gpe_gpi_mult': 1.0045625944391012}. Best is trial 767 with value: 0.1394459479767348.
[I 2026-05-28 03:00:54,182] Trial 821 finished with value: 0.14483836409661965 and parameters: {'ISTN': 60.33057238144794, 'I_gpe': 1.0842987291201314, 'I_gpi': 2.079357345356504, 'noise_stn_sigma': 3.9058049490729987, 'noise_gpe_sigma': 102.28898329855724, 'noise_gpi_sigma': 109.09280661734286, 'g_stn_gpe_mult': 4.409913472275951, 'g_gpe_stn_mult': 0.17406346098552314, 'g_stn_gpi_mult': 2.229506670588412, 'g_gpe_gpi_mult': 0.9954230916293696}. Best is trial 767 with value: 0.1394459479767348.
[I 2026-05-28 03:00:55,192] Trial 822 finished with value: 0.1565905624381171 and parameters: {'ISTN': 60.195429270796225, 'I_gpe': 1.1321392225556144, 'I_gpi': 2.0924376876816266, 'noise_stn_sigma': 3.8167088188246208, 'noise_gpe_sigma': 102.95453125565199, 'noise_gpi_sigma': 110.3282922172816, 'g_stn_gpe_mult': 4.380852468538037, 'g_gpe_stn_mult': 0.18025255789528027, 'g_stn_gpi_mult': 2.18725509807203, 'g_gpe_gpi_mult': 1.0067149853295903}. Best is trial 767 with value: 0.1394459479767348.
[I 2026-05-28 03:00:56,201] Trial 823 finished with value: 0.1632199891128044 and parameters: {'ISTN': 60.61331194701586, 'I_gpe': 1.0654541425353439, 'I_gpi': 2.1182808881960367, 'noise_stn_sigma': 3.8394655800623214, 'noise_gpe_sigma': 101.12053248806781, 'noise_gpi_sigma': 111.26275587158293, 'g_stn_gpe_mult': 4.485480241479047, 'g_gpe_stn_mult': 0.17195725350374363, 'g_stn_gpi_mult': 2.1958039294008005, 'g_gpe_gpi_mult': 0.9983272312870379}. Best is trial 767 with value: 0.1394459479767348.
[I 2026-05-28 03:00:57,209] Trial 824 finished with value: 0.16079322782444752 and parameters: {'ISTN': 60.753111025724436, 'I_gpe': 1.0670024078596823, 'I_gpi': 2.1291700673575145, 'noise_stn_sigma': 3.8236103335622773, 'noise_gpe_sigma': 104.49045837739476, 'noise_gpi_sigma': 110.2931042674546, 'g_stn_gpe_mult': 4.385466526067757, 'g_gpe_stn_mult': 0.16867383247044737, 'g_stn_gpi_mult': 2.1886454789872927, 'g_gpe_gpi_mult': 1.0018261060836384}. Best is trial 767 with value: 0.1394459479767348.
[I 2026-05-28 03:00:58,219] Trial 825 finished with value: 0.15728488367435794 and parameters: {'ISTN': 60.18290899103436, 'I_gpe': 1.0606669847214467, 'I_gpi': 2.1284928906883804, 'noise_stn_sigma': 3.798897361034236, 'noise_gpe_sigma': 102.7370052502576, 'noise_gpi_sigma': 109.94137361422986, 'g_stn_gpe_mult': 4.377780251185629, 'g_gpe_stn_mult': 0.17737128168500726, 'g_stn_gpi_mult': 2.175332192306356, 'g_gpe_gpi_mult': 0.9810310316330009}. Best is trial 767 with value: 0.1394459479767348.
[I 2026-05-28 03:00:59,229] Trial 826 finished with value: 0.1501815936545901 and parameters: {'ISTN': 60.432895397422726, 'I_gpe': 1.091484295932477, 'I_gpi': 2.1656500449032627, 'noise_stn_sigma': 3.7390229627545417, 'noise_gpe_sigma': 101.62677138873272, 'noise_gpi_sigma': 110.45190527886989, 'g_stn_gpe_mult': 4.415857185264658, 'g_gpe_stn_mult': 0.17141169145781343, 'g_stn_gpi_mult': 2.2911722857654215, 'g_gpe_gpi_mult': 0.9974164724812502}. Best is trial 767 with value: 0.1394459479767348.
[I 2026-05-28 03:01:00,238] Trial 827 finished with value: 0.14616843072356386 and parameters: {'ISTN': 60.04365155275401, 'I_gpe': 1.0315539300222374, 'I_gpi': 2.1397299318427487, 'noise_stn_sigma': 3.7433130089041113, 'noise_gpe_sigma': 100.9360054085705, 'noise_gpi_sigma': 112.79034112400424, 'g_stn_gpe_mult': 4.452501067944533, 'g_gpe_stn_mult': 0.16964261395121782, 'g_stn_gpi_mult': 2.2757821938184217, 'g_gpe_gpi_mult': 1.0073679999643168}. Best is trial 767 with value: 0.1394459479767348.
[I 2026-05-28 03:01:01,251] Trial 828 finished with value: 0.14683309427064226 and parameters: {'ISTN': 60.03437670183241, 'I_gpe': 1.10329081881471, 'I_gpi': 2.088446402348433, 'noise_stn_sigma': 3.851429613351833, 'noise_gpe_sigma': 101.0805303990933, 'noise_gpi_sigma': 112.38575726116777, 'g_stn_gpe_mult': 4.448683221783611, 'g_gpe_stn_mult': 0.17306481359880793, 'g_stn_gpi_mult': 2.235492600697528, 'g_gpe_gpi_mult': 1.0137520547134145}. Best is trial 767 with value: 0.1394459479767348.
[I 2026-05-28 03:01:02,262] Trial 829 finished with value: 0.15016242911400904 and parameters: {'ISTN': 60.057368454087054, 'I_gpe': 1.1086061982711235, 'I_gpi': 2.1373383752184623, 'noise_stn_sigma': 3.834573110274119, 'noise_gpe_sigma': 101.53666833995236, 'noise_gpi_sigma': 113.16419758466937, 'g_stn_gpe_mult': 4.468094483704649, 'g_gpe_stn_mult': 0.1764870056220294, 'g_stn_gpi_mult': 2.1772144448582305, 'g_gpe_gpi_mult': 0.9936930514217679}. Best is trial 767 with value: 0.1394459479767348.
[I 2026-05-28 03:01:03,272] Trial 830 finished with value: 0.14572726511551148 and parameters: {'ISTN': 60.10779369909875, 'I_gpe': 1.0873415455678939, 'I_gpi': 2.136242817916282, 'noise_stn_sigma': 3.800118350435038, 'noise_gpe_sigma': 102.5748991457519, 'noise_gpi_sigma': 111.81127240416481, 'g_stn_gpe_mult': 4.425563160326851, 'g_gpe_stn_mult': 0.1760596705239647, 'g_stn_gpi_mult': 2.203328597528783, 'g_gpe_gpi_mult': 1.002840761013585}. Best is trial 767 with value: 0.1394459479767348.
[I 2026-05-28 03:01:04,284] Trial 831 finished with value: 0.15177160955606234 and parameters: {'ISTN': 60.08388291360224, 'I_gpe': 1.0895010482701506, 'I_gpi': 2.1186715467600292, 'noise_stn_sigma': 3.9069569314218593, 'noise_gpe_sigma': 100.42164491304771, 'noise_gpi_sigma': 110.42990353256843, 'g_stn_gpe_mult': 4.431204101127491, 'g_gpe_stn_mult': 0.17202155500681932, 'g_stn_gpi_mult': 2.240432160057544, 'g_gpe_gpi_mult': 1.0208918880915208}. Best is trial 767 with value: 0.1394459479767348.
[I 2026-05-28 03:01:05,293] Trial 832 finished with value: 0.1484410454580956 and parameters: {'ISTN': 60.06542094149257, 'I_gpe': 1.0662621595241395, 'I_gpi': 2.1590713598600564, 'noise_stn_sigma': 3.788923977989477, 'noise_gpe_sigma': 100.27248556393643, 'noise_gpi_sigma': 111.91312882065631, 'g_stn_gpe_mult': 4.445939010281555, 'g_gpe_stn_mult': 0.17205199804522248, 'g_stn_gpi_mult': 2.1697484595860437, 'g_gpe_gpi_mult': 1.0093102552392512}. Best is trial 767 with value: 0.1394459479767348.
[I 2026-05-28 03:01:06,302] Trial 833 finished with value: 0.1554775603735812 and parameters: {'ISTN': 60.10776383993515, 'I_gpe': 1.1241878530072673, 'I_gpi': 2.119693037997277, 'noise_stn_sigma': 3.8119001250817734, 'noise_gpe_sigma': 100.40034711530315, 'noise_gpi_sigma': 112.74184000510755, 'g_stn_gpe_mult': 4.416457125917509, 'g_gpe_stn_mult': 0.18013690070574184, 'g_stn_gpi_mult': 2.1798430525503303, 'g_gpe_gpi_mult': 1.0061332646097663}. Best is trial 767 with value: 0.1394459479767348.
[I 2026-05-28 03:01:07,312] Trial 834 finished with value: 0.15886630577176777 and parameters: {'ISTN': 60.45614568487296, 'I_gpe': 1.0650849068070634, 'I_gpi': 2.100028874272812, 'noise_stn_sigma': 3.815708809652218, 'noise_gpe_sigma': 103.27803548987481, 'noise_gpi_sigma': 110.87077167494303, 'g_stn_gpe_mult': 4.440260044841666, 'g_gpe_stn_mult': 0.17591224100267383, 'g_stn_gpi_mult': 2.2235490835338108, 'g_gpe_gpi_mult': 1.0311919723668483}. Best is trial 767 with value: 0.1394459479767348.
[I 2026-05-28 03:01:08,322] Trial 835 finished with value: 0.15448343808116782 and parameters: {'ISTN': 60.30416338951069, 'I_gpe': 1.0783074750519015, 'I_gpi': 2.1103658411194184, 'noise_stn_sigma': 3.843028014898425, 'noise_gpe_sigma': 100.63728153344869, 'noise_gpi_sigma': 111.00755268140776, 'g_stn_gpe_mult': 4.3996415464215834, 'g_gpe_stn_mult': 0.1758139269202145, 'g_stn_gpi_mult': 2.2546284084159227, 'g_gpe_gpi_mult': 1.0049083011734217}. Best is trial 767 with value: 0.1394459479767348.
