[I 2026-05-28 03:23:21,422] Trial 132 finished with value: 14.586327189803587 and parameters: {'ISTN': 73.24048148263981, 'I_gpe': 1.3761616830270929, 'I_gpi': 2.4985113489582136, 'noise_stn_sigma': 2.025548307206754, 'noise_gpe_sigma': 91.08654302141024, 'noise_gpi_sigma': 85.78960131572707, 'g_stn_gpe_mult': 2.374890941109806, 'g_gpe_stn_mult': 0.44159733322150607, 'g_stn_gpi_mult': 3.2256218071742193, 'g_gpe_gpi_mult': 0.9512300222855685}. Best is trial 110 with value: 2.5540782268284152.
[I 2026-05-28 03:23:22,430] Trial 133 finished with value: 12.10203042668134 and parameters: {'ISTN': 78.74746969325608, 'I_gpe': 1.9506685311541057, 'I_gpi': 1.674913149996465, 'noise_stn_sigma': 4.258900021440823, 'noise_gpe_sigma': 84.20019463895134, 'noise_gpi_sigma': 73.4609114628988, 'g_stn_gpe_mult': 3.159323199670561, 'g_gpe_stn_mult': 0.6154918774820505, 'g_stn_gpi_mult': 3.7609036103699482, 'g_gpe_gpi_mult': 0.8454601935213943}. Best is trial 110 with value: 2.5540782268284152.
[I 2026-05-28 03:23:23,438] Trial 134 finished with value: 10.658145557588707 and parameters: {'ISTN': 69.77497923514875, 'I_gpe': 1.186502952027089, 'I_gpi': 2.1317174895277002, 'noise_stn_sigma': 3.8800665097718214, 'noise_gpe_sigma': 51.63884238253809, 'noise_gpi_sigma': 53.90695588632683, 'g_stn_gpe_mult': 2.6798872490282877, 'g_gpe_stn_mult': 0.6995640446489024, 'g_stn_gpi_mult': 3.5888048751805908, 'g_gpe_gpi_mult': 0.9537123722652316}. Best is trial 110 with value: 2.5540782268284152.
[I 2026-05-28 03:23:24,444] Trial 135 finished with value: 10.110810741097826 and parameters: {'ISTN': 78.08018023427623, 'I_gpe': 1.034409035898546, 'I_gpi': 3.013597467016336, 'noise_stn_sigma': 3.513863328331969, 'noise_gpe_sigma': 93.15970655842067, 'noise_gpi_sigma': 72.5063444622185, 'g_stn_gpe_mult': 3.2937541061147537, 'g_gpe_stn_mult': 0.6529557039999848, 'g_stn_gpi_mult': 2.3732573770753493, 'g_gpe_gpi_mult': 0.8576334725015768}. Best is trial 110 with value: 2.5540782268284152.
[I 2026-05-28 03:23:25,452] Trial 136 finished with value: 10.44049723912224 and parameters: {'ISTN': 72.6239521347895, 'I_gpe': 1.678637570794058, 'I_gpi': 3.0102846401520216, 'noise_stn_sigma': 5.293388479520396, 'noise_gpe_sigma': 109.7997722725047, 'noise_gpi_sigma': 87.28814446560705, 'g_stn_gpe_mult': 2.56990880195241, 'g_gpe_stn_mult': 0.5236054174837025, 'g_stn_gpi_mult': 3.567896845913726, 'g_gpe_gpi_mult': 1.1449465550538698}. Best is trial 110 with value: 2.5540782268284152.
[I 2026-05-28 03:23:26,461] Trial 137 finished with value: 8.449813378175042 and parameters: {'ISTN': 77.25874084883851, 'I_gpe': 1.207233021566323, 'I_gpi': 1.9635465684180367, 'noise_stn_sigma': 2.8644078096171643, 'noise_gpe_sigma': 72.95433285898108, 'noise_gpi_sigma': 47.917221750008956, 'g_stn_gpe_mult': 2.463047455961249, 'g_gpe_stn_mult': 0.6662081448561952, 'g_stn_gpi_mult': 3.1963567040207264, 'g_gpe_gpi_mult': 0.7414230637805652}. Best is trial 110 with value: 2.5540782268284152.
[I 2026-05-28 03:23:27,469] Trial 138 finished with value: 9.979080213764774 and parameters: {'ISTN': 78.87295930439342, 'I_gpe': 0.5702490044230407, 'I_gpi': 1.8885641121347305, 'noise_stn_sigma': 5.156274755601384, 'noise_gpe_sigma': 104.1763337791914, 'noise_gpi_sigma': 92.43966895166739, 'g_stn_gpe_mult': 2.307723598478837, 'g_gpe_stn_mult': 0.4058249781142126, 'g_stn_gpi_mult': 3.363921638182676, 'g_gpe_gpi_mult': 0.7675718486532039}. Best is trial 110 with value: 2.5540782268284152.
[I 2026-05-28 03:23:28,477] Trial 139 finished with value: 14.090881534493152 and parameters: {'ISTN': 70.82341627315726, 'I_gpe': 1.9715223584674795, 'I_gpi': 2.3918233467998946, 'noise_stn_sigma': 4.597483837316734, 'noise_gpe_sigma': 56.84960182865058, 'noise_gpi_sigma': 61.76983596367885, 'g_stn_gpe_mult': 3.7802526831087597, 'g_gpe_stn_mult': 0.6217124916242286, 'g_stn_gpi_mult': 3.295822743965041, 'g_gpe_gpi_mult': 0.9188870372653968}. Best is trial 110 with value: 2.5540782268284152.
[I 2026-05-28 03:23:29,484] Trial 140 finished with value: 12.507517159509039 and parameters: {'ISTN': 69.904061583906, 'I_gpe': 1.5230273324863772, 'I_gpi': 2.400347228313402, 'noise_stn_sigma': 3.897322157597628, 'noise_gpe_sigma': 80.93604338197942, 'noise_gpi_sigma': 101.78945672452403, 'g_stn_gpe_mult': 3.251370065362897, 'g_gpe_stn_mult': 0.5646538715964745, 'g_stn_gpi_mult': 3.533158587132772, 'g_gpe_gpi_mult': 0.8737199592797709}. Best is trial 110 with value: 2.5540782268284152.
[I 2026-05-28 03:23:30,494] Trial 141 finished with value: 11.292490059936421 and parameters: {'ISTN': 76.73950157097408, 'I_gpe': 1.4869374172530225, 'I_gpi': 1.2039391597212303, 'noise_stn_sigma': 3.8861388735182794, 'noise_gpe_sigma': 97.43841382480261, 'noise_gpi_sigma': 57.38196675737616, 'g_stn_gpe_mult': 2.515289195038724, 'g_gpe_stn_mult': 0.48329298851784197, 'g_stn_gpi_mult': 3.634933486714531, 'g_gpe_gpi_mult': 0.8164637000801731}. Best is trial 110 with value: 2.5540782268284152.
[I 2026-05-28 03:23:31,502] Trial 142 finished with value: 13.90036229936151 and parameters: {'ISTN': 73.28983858462723, 'I_gpe': 0.773704119002214, 'I_gpi': 2.133754138247105, 'noise_stn_sigma': 3.738980299179708, 'noise_gpe_sigma': 66.49595696823724, 'noise_gpi_sigma': 56.57203274774362, 'g_stn_gpe_mult': 3.5581838279463245, 'g_gpe_stn_mult': 0.7159309620812562, 'g_stn_gpi_mult': 3.5359832720050495, 'g_gpe_gpi_mult': 0.8537689748917934}. Best is trial 110 with value: 2.5540782268284152.
[I 2026-05-28 03:23:32,511] Trial 143 finished with value: 15.489617661654627 and parameters: {'ISTN': 83.08422910594655, 'I_gpe': 0.9554644321756184, 'I_gpi': 2.0231641159795113, 'noise_stn_sigma': 4.197057994669153, 'noise_gpe_sigma': 87.27148451936239, 'noise_gpi_sigma': 66.78632665974828, 'g_stn_gpe_mult': 3.272304474521558, 'g_gpe_stn_mult': 0.6062956616532786, 'g_stn_gpi_mult': 3.0945043742384257, 'g_gpe_gpi_mult': 0.8062411083501335}. Best is trial 110 with value: 2.5540782268284152.
[I 2026-05-28 03:23:33,519] Trial 144 finished with value: 10.417100989438609 and parameters: {'ISTN': 68.1409385098958, 'I_gpe': 1.2752067010818728, 'I_gpi': 2.3683984806083362, 'noise_stn_sigma': 4.720989382912921, 'noise_gpe_sigma': 81.4754157133637, 'noise_gpi_sigma': 83.02484385379051, 'g_stn_gpe_mult': 2.6006344762664497, 'g_gpe_stn_mult': 0.5664111126815602, 'g_stn_gpi_mult': 3.614698144160011, 'g_gpe_gpi_mult': 1.0749098554031575}. Best is trial 110 with value: 2.5540782268284152.
[I 2026-05-28 03:23:34,525] Trial 145 finished with value: 15.994470601011665 and parameters: {'ISTN': 76.75492450342773, 'I_gpe': 1.2467493046720848, 'I_gpi': 2.143311183997378, 'noise_stn_sigma': 2.8607546847365106, 'noise_gpe_sigma': 68.51060880131405, 'noise_gpi_sigma': 89.68304782357338, 'g_stn_gpe_mult': 3.0312151746689295, 'g_gpe_stn_mult': 0.3995470056067133, 'g_stn_gpi_mult': 3.2062994618277036, 'g_gpe_gpi_mult': 0.7219620947112642}. Best is trial 110 with value: 2.5540782268284152.
[I 2026-05-28 03:23:35,531] Trial 146 finished with value: 14.89269807228926 and parameters: {'ISTN': 83.30384126615131, 'I_gpe': 1.6284324691243222, 'I_gpi': 2.501639388189675, 'noise_stn_sigma': 4.1305063240710815, 'noise_gpe_sigma': 87.29226911425414, 'noise_gpi_sigma': 72.24714057156251, 'g_stn_gpe_mult': 2.3462986614967547, 'g_gpe_stn_mult': 0.623123668891611, 'g_stn_gpi_mult': 2.9619481967818384, 'g_gpe_gpi_mult': 0.6370744308387841}. Best is trial 110 with value: 2.5540782268284152.
[I 2026-05-28 03:23:36,538] Trial 147 finished with value: 12.052984949576327 and parameters: {'ISTN': 75.64434160350983, 'I_gpe': 1.5468136711069922, 'I_gpi': 2.251914728032046, 'noise_stn_sigma': 2.9680374139403387, 'noise_gpe_sigma': 101.32645755262966, 'noise_gpi_sigma': 68.85171740252926, 'g_stn_gpe_mult': 2.0527239659437013, 'g_gpe_stn_mult': 0.5816098851511098, 'g_stn_gpi_mult': 2.881534525854641, 'g_gpe_gpi_mult': 0.7302527652799713}. Best is trial 110 with value: 2.5540782268284152.
[I 2026-05-28 03:23:37,545] Trial 148 finished with value: 15.597746235815803 and parameters: {'ISTN': 83.06122078915078, 'I_gpe': 1.5159382850804608, 'I_gpi': 1.953198598225798, 'noise_stn_sigma': 3.522585432010891, 'noise_gpe_sigma': 96.03048454738989, 'noise_gpi_sigma': 66.24027228296953, 'g_stn_gpe_mult': 2.568035398857461, 'g_gpe_stn_mult': 0.4601013798349912, 'g_stn_gpi_mult': 3.002407873716812, 'g_gpe_gpi_mult': 0.5828526900096254}. Best is trial 110 with value: 2.5540782268284152.
[I 2026-05-28 03:23:38,553] Trial 149 finished with value: 16.421783295175597 and parameters: {'ISTN': 86.15780628167826, 'I_gpe': 1.081506440260911, 'I_gpi': 2.460334646657141, 'noise_stn_sigma': 3.3087658271933234, 'noise_gpe_sigma': 85.60499338326834, 'noise_gpi_sigma': 95.56135037155575, 'g_stn_gpe_mult': 3.072113249861701, 'g_gpe_stn_mult': 0.5534885907302775, 'g_stn_gpi_mult': 3.6035522085009886, 'g_gpe_gpi_mult': 0.8184906304375124}. Best is trial 110 with value: 2.5540782268284152.
[I 2026-05-28 03:23:39,561] Trial 150 finished with value: 8.614803166092688 and parameters: {'ISTN': 71.60433580720712, 'I_gpe': 1.2909648320770755, 'I_gpi': 1.8272130563953013, 'noise_stn_sigma': 4.373830814648727, 'noise_gpe_sigma': 84.00173750278421, 'noise_gpi_sigma': 52.58764745387394, 'g_stn_gpe_mult': 2.6682961148860365, 'g_gpe_stn_mult': 0.6697770676474435, 'g_stn_gpi_mult': 2.850504568608316, 'g_gpe_gpi_mult': 0.8612494107054676}. Best is trial 110 with value: 2.5540782268284152.
[I 2026-05-28 03:23:40,571] Trial 151 finished with value: 12.080212524284832 and parameters: {'ISTN': 73.61338484017536, 'I_gpe': 1.5641504809352542, 'I_gpi': 1.6528140780287435, 'noise_stn_sigma': 4.879504704747578, 'noise_gpe_sigma': 90.17489374920731, 'noise_gpi_sigma': 78.82252991742911, 'g_stn_gpe_mult': 2.325396222626546, 'g_gpe_stn_mult': 0.5879370629428542, 'g_stn_gpi_mult': 3.668912287232557, 'g_gpe_gpi_mult': 1.0592293501323196}. Best is trial 110 with value: 2.5540782268284152.
[I 2026-05-28 03:23:41,580] Trial 152 finished with value: 6.924009749559606 and parameters: {'ISTN': 71.0287409539024, 'I_gpe': 1.1941506642995643, 'I_gpi': 2.031096772815846, 'noise_stn_sigma': 4.105254994050615, 'noise_gpe_sigma': 83.97158320731268, 'noise_gpi_sigma': 60.278721092984036, 'g_stn_gpe_mult': 2.3278853215688384, 'g_gpe_stn_mult': 0.6853531028497526, 'g_stn_gpi_mult': 3.078446843997062, 'g_gpe_gpi_mult': 0.9064042524379752}. Best is trial 110 with value: 2.5540782268284152.
[I 2026-05-28 03:23:42,587] Trial 153 finished with value: 11.547713442241383 and parameters: {'ISTN': 64.47686724421682, 'I_gpe': 1.6926732077875857, 'I_gpi': 1.7502770962503318, 'noise_stn_sigma': 4.080673420880588, 'noise_gpe_sigma': 93.45656765539972, 'noise_gpi_sigma': 81.48357861252248, 'g_stn_gpe_mult': 2.6063123413050593, 'g_gpe_stn_mult': 0.5448769381702131, 'g_stn_gpi_mult': 2.998019928516108, 'g_gpe_gpi_mult': 0.9743385618098293}. Best is trial 110 with value: 2.5540782268284152.
[I 2026-05-28 03:23:43,595] Trial 154 finished with value: 13.64588882548973 and parameters: {'ISTN': 75.34214706483934, 'I_gpe': 0.9112976072433763, 'I_gpi': 1.8064877020140035, 'noise_stn_sigma': 3.7145981646451487, 'noise_gpe_sigma': 74.39405754079479, 'noise_gpi_sigma': 42.3284541938818, 'g_stn_gpe_mult': 2.49168144847198, 'g_gpe_stn_mult': 0.5103288131019847, 'g_stn_gpi_mult': 3.2648162041054194, 'g_gpe_gpi_mult': 0.9595949502477479}. Best is trial 110 with value: 2.5540782268284152.
[I 2026-05-28 03:23:44,602] Trial 155 finished with value: 11.185638308360756 and parameters: {'ISTN': 67.9643858106811, 'I_gpe': 1.3350074958507105, 'I_gpi': 2.1660931461409616, 'noise_stn_sigma': 3.597113016365141, 'noise_gpe_sigma': 67.58530409948446, 'noise_gpi_sigma': 66.40391913297904, 'g_stn_gpe_mult': 2.9510165783439755, 'g_gpe_stn_mult': 0.5981581680401972, 'g_stn_gpi_mult': 2.9564810749485537, 'g_gpe_gpi_mult': 0.7242292098335232}. Best is trial 110 with value: 2.5540782268284152.
[I 2026-05-28 03:23:45,610] Trial 156 finished with value: 12.562804236605311 and parameters: {'ISTN': 62.62296755913237, 'I_gpe': 1.1091689205361588, 'I_gpi': 1.609762188456759, 'noise_stn_sigma': 4.350003107946166, 'noise_gpe_sigma': 67.50403551665816, 'noise_gpi_sigma': 68.45988575069248, 'g_stn_gpe_mult': 2.3060814854757625, 'g_gpe_stn_mult': 0.4538417488781822, 'g_stn_gpi_mult': 3.5119307313871415, 'g_gpe_gpi_mult': 1.0013777264355028}. Best is trial 110 with value: 2.5540782268284152.
[I 2026-05-28 03:23:46,616] Trial 157 finished with value: 10.376610972477803 and parameters: {'ISTN': 80.65361423159294, 'I_gpe': 1.1037262900608742, 'I_gpi': 2.1270260292202496, 'noise_stn_sigma': 3.5565424806646595, 'noise_gpe_sigma': 83.75299368870196, 'noise_gpi_sigma': 67.68052732679828, 'g_stn_gpe_mult': 2.382044645242167, 'g_gpe_stn_mult': 0.6646622174541366, 'g_stn_gpi_mult': 3.4137485463389408, 'g_gpe_gpi_mult': 0.7398421363930778}. Best is trial 110 with value: 2.5540782268284152.
[I 2026-05-28 03:23:47,621] Trial 158 finished with value: 15.236581174430002 and parameters: {'ISTN': 80.98433625794746, 'I_gpe': 1.4192251341810889, 'I_gpi': 1.8228263678070777, 'noise_stn_sigma': 5.3382964367589905, 'noise_gpe_sigma': 91.47781186354322, 'noise_gpi_sigma': 74.19348420869414, 'g_stn_gpe_mult': 2.3597794179023976, 'g_gpe_stn_mult': 0.5187274280522975, 'g_stn_gpi_mult': 3.545873693862158, 'g_gpe_gpi_mult': 0.9170810115359118}. Best is trial 110 with value: 2.5540782268284152.
[I 2026-05-28 03:23:48,629] Trial 159 finished with value: 11.006694052431824 and parameters: {'ISTN': 73.78597896177786, 'I_gpe': 2.101582824373353, 'I_gpi': 1.8630318770654741, 'noise_stn_sigma': 5.024368039448321, 'noise_gpe_sigma': 92.78924803924141, 'noise_gpi_sigma': 67.46852156278393, 'g_stn_gpe_mult': 2.6853870705812355, 'g_gpe_stn_mult': 0.6752273293102262, 'g_stn_gpi_mult': 3.8316681635168077, 'g_gpe_gpi_mult': 1.033715807955734}. Best is trial 110 with value: 2.5540782268284152.
[I 2026-05-28 03:23:49,639] Trial 160 finished with value: 8.78794576825451 and parameters: {'ISTN': 74.93892944568029, 'I_gpe': 1.6502840362171234, 'I_gpi': 2.465901349721106, 'noise_stn_sigma': 5.093702220234401, 'noise_gpe_sigma': 88.83822625843963, 'noise_gpi_sigma': 64.33015553329165, 'g_stn_gpe_mult': 2.8555267701742073, 'g_gpe_stn_mult': 0.6462335459794899, 'g_stn_gpi_mult': 2.556563682016187, 'g_gpe_gpi_mult': 0.8045693434321397}. Best is trial 110 with value: 2.5540782268284152.
[I 2026-05-28 03:23:50,645] Trial 161 finished with value: 13.628529116499495 and parameters: {'ISTN': 75.33515259107104, 'I_gpe': 1.5553395743123783, 'I_gpi': 2.230497176487647, 'noise_stn_sigma': 3.854733888073165, 'noise_gpe_sigma': 73.06594860346647, 'noise_gpi_sigma': 76.56126601120224, 'g_stn_gpe_mult': 2.2862929794936697, 'g_gpe_stn_mult': 0.5353550022491312, 'g_stn_gpi_mult': 2.7731684732819017, 'g_gpe_gpi_mult': 0.7824939422841615}. Best is trial 110 with value: 2.5540782268284152.
[I 2026-05-28 03:23:51,651] Trial 162 finished with value: 13.708186907443553 and parameters: {'ISTN': 74.27036250655881, 'I_gpe': 1.1535627021310633, 'I_gpi': 2.320450278469023, 'noise_stn_sigma': 5.671445143900659, 'noise_gpe_sigma': 95.3086538302228, 'noise_gpi_sigma': 65.89516962907902, 'g_stn_gpe_mult': 2.7966317690389486, 'g_gpe_stn_mult': 0.5978204752114674, 'g_stn_gpi_mult': 3.28966630031493, 'g_gpe_gpi_mult': 0.9319825459423017}. Best is trial 110 with value: 2.5540782268284152.
[I 2026-05-28 03:23:52,661] Trial 163 finished with value: 5.134176433304568 and parameters: {'ISTN': 66.72766038578014, 'I_gpe': 1.2394286827025502, 'I_gpi': 1.9565306242885274, 'noise_stn_sigma': 4.2599312750996665, 'noise_gpe_sigma': 96.7024808915611, 'noise_gpi_sigma': 58.81068403890485, 'g_stn_gpe_mult': 2.785118898519195, 'g_gpe_stn_mult': 0.7657110852876966, 'g_stn_gpi_mult': 3.094682103567389, 'g_gpe_gpi_mult': 0.9198463851673493}. Best is trial 110 with value: 2.5540782268284152.
[I 2026-05-28 03:23:53,669] Trial 164 finished with value: 13.233110719653945 and parameters: {'ISTN': 79.68416708041832, 'I_gpe': 1.985694952052404, 'I_gpi': 2.133155626316925, 'noise_stn_sigma': 4.820302380587913, 'noise_gpe_sigma': 94.6445973383641, 'noise_gpi_sigma': 54.92759649283072, 'g_stn_gpe_mult': 2.511632071444219, 'g_gpe_stn_mult': 0.6743230318793054, 'g_stn_gpi_mult': 3.286972714591218, 'g_gpe_gpi_mult': 0.6517054423350797}. Best is trial 110 with value: 2.5540782268284152.
[I 2026-05-28 03:23:54,677] Trial 165 finished with value: 12.514092879018952 and parameters: {'ISTN': 78.93358724800939, 'I_gpe': 1.0931789707576711, 'I_gpi': 2.379851605964223, 'noise_stn_sigma': 5.2253858245742615, 'noise_gpe_sigma': 80.13777072016381, 'noise_gpi_sigma': 75.74679462815743, 'g_stn_gpe_mult': 2.344030503844496, 'g_gpe_stn_mult': 0.6543231305963456, 'g_stn_gpi_mult': 3.369300096397083, 'g_gpe_gpi_mult': 0.830041754394949}. Best is trial 110 with value: 2.5540782268284152.
[I 2026-05-28 03:23:55,685] Trial 166 finished with value: 11.158719719573051 and parameters: {'ISTN': 82.71843219321386, 'I_gpe': 1.1197875518478555, 'I_gpi': 2.2789839502960194, 'noise_stn_sigma': 4.052653633686633, 'noise_gpe_sigma': 80.82183350860724, 'noise_gpi_sigma': 90.68925503619094, 'g_stn_gpe_mult': 2.2504435780211365, 'g_gpe_stn_mult': 0.7316981108717496, 'g_stn_gpi_mult': 2.881226510021138, 'g_gpe_gpi_mult': 0.8641234310336563}. Best is trial 110 with value: 2.5540782268284152.
[I 2026-05-28 03:23:56,694] Trial 167 finished with value: 6.5591216711062135 and parameters: {'ISTN': 72.40920515501298, 'I_gpe': 0.8042341749825267, 'I_gpi': 2.8420079353902428, 'noise_stn_sigma': 3.6153087533888892, 'noise_gpe_sigma': 80.31420008004199, 'noise_gpi_sigma': 73.10448488578577, 'g_stn_gpe_mult': 2.5551885696970276, 'g_gpe_stn_mult': 0.48436268380896297, 'g_stn_gpi_mult': 2.8676206637346446, 'g_gpe_gpi_mult': 0.718938846024199}. Best is trial 110 with value: 2.5540782268284152.
[I 2026-05-28 03:23:57,703] Trial 168 finished with value: 9.751970184590162 and parameters: {'ISTN': 71.79185816279558, 'I_gpe': 1.5694324430583104, 'I_gpi': 2.398098079333192, 'noise_stn_sigma': 3.2161101273514126, 'noise_gpe_sigma': 90.43775430764444, 'noise_gpi_sigma': 82.00142420527723, 'g_stn_gpe_mult': 1.8031909191314133, 'g_gpe_stn_mult': 0.7399609136329156, 'g_stn_gpi_mult': 2.8361189998825553, 'g_gpe_gpi_mult': 0.7470013187894682}. Best is trial 110 with value: 2.5540782268284152.
[I 2026-05-28 03:23:58,710] Trial 169 finished with value: 11.736246147345401 and parameters: {'ISTN': 89.50500152635821, 'I_gpe': 1.3615165215954228, 'I_gpi': 2.470349612117052, 'noise_stn_sigma': 3.6497618928614224, 'noise_gpe_sigma': 81.59420672463875, 'noise_gpi_sigma': 61.53937285079307, 'g_stn_gpe_mult': 2.6453051568035084, 'g_gpe_stn_mult': 0.7786712694812638, 'g_stn_gpi_mult': 3.3579080221288384, 'g_gpe_gpi_mult': 0.7047674486141602}. Best is trial 110 with value: 2.5540782268284152.
[I 2026-05-28 03:23:59,719] Trial 170 finished with value: 8.78173062482172 and parameters: {'ISTN': 81.238009924046, 'I_gpe': 1.0384685156898565, 'I_gpi': 1.8464214894664774, 'noise_stn_sigma': 2.603526662508809, 'noise_gpe_sigma': 68.4439551797017, 'noise_gpi_sigma': 73.12989985239471, 'g_stn_gpe_mult': 2.271490416309492, 'g_gpe_stn_mult': 0.7202027916442293, 'g_stn_gpi_mult': 3.214777482152837, 'g_gpe_gpi_mult': 0.720962023405147}. Best is trial 110 with value: 2.5540782268284152.
[I 2026-05-28 03:24:00,726] Trial 171 finished with value: 9.68461423465223 and parameters: {'ISTN': 69.1865622790101, 'I_gpe': 1.6014055662674198, 'I_gpi': 2.3687198080831147, 'noise_stn_sigma': 3.4815395793375825, 'noise_gpe_sigma': 95.09671969897052, 'noise_gpi_sigma': 80.56056233930386, 'g_stn_gpe_mult': 2.7285450292041276, 'g_gpe_stn_mult': 0.6860880736476054, 'g_stn_gpi_mult': 2.9956908199398224, 'g_gpe_gpi_mult': 0.7032016247953121}. Best is trial 110 with value: 2.5540782268284152.
[I 2026-05-28 03:24:01,734] Trial 172 finished with value: 8.650113146823921 and parameters: {'ISTN': 72.35739818495306, 'I_gpe': 0.9428999040064574, 'I_gpi': 2.041617023947258, 'noise_stn_sigma': 4.657364779124994, 'noise_gpe_sigma': 86.74645590223457, 'noise_gpi_sigma': 46.666205211380614, 'g_stn_gpe_mult': 2.747247232526655, 'g_gpe_stn_mult': 0.7931290702359385, 'g_stn_gpi_mult': 3.1684874894111754, 'g_gpe_gpi_mult': 0.8622377014208082}. Best is trial 110 with value: 2.5540782268284152.
[I 2026-05-28 03:24:02,741] Trial 173 finished with value: 11.770288111938697 and parameters: {'ISTN': 78.07970713254477, 'I_gpe': 1.214875222416011, 'I_gpi': 1.7277339956714783, 'noise_stn_sigma': 4.26824940075653, 'noise_gpe_sigma': 82.01443429885701, 'noise_gpi_sigma': 59.95349620333443, 'g_stn_gpe_mult': 2.645466144162926, 'g_gpe_stn_mult': 0.7270329754250826, 'g_stn_gpi_mult': 3.1609302785823017, 'g_gpe_gpi_mult': 0.7108510845301386}. Best is trial 110 with value: 2.5540782268284152.
[I 2026-05-28 03:24:03,750] Trial 174 finished with value: 10.790620639212479 and parameters: {'ISTN': 68.97163794312658, 'I_gpe': 0.8750407113608898, 'I_gpi': 1.9448294123277605, 'noise_stn_sigma': 3.53417653749082, 'noise_gpe_sigma': 85.77751421563434, 'noise_gpi_sigma': 84.65495932952935, 'g_stn_gpe_mult': 2.5705451923179186, 'g_gpe_stn_mult': 0.6215120455599964, 'g_stn_gpi_mult': 3.1208459406521323, 'g_gpe_gpi_mult': 0.7311819751117965}. Best is trial 110 with value: 2.5540782268284152.
[I 2026-05-28 03:24:04,757] Trial 175 finished with value: 8.329908038954375 and parameters: {'ISTN': 69.4751030584159, 'I_gpe': 1.0523519327091706, 'I_gpi': 2.548698017918747, 'noise_stn_sigma': 3.6202768710624538, 'noise_gpe_sigma': 80.60419805163832, 'noise_gpi_sigma': 83.30674418258843, 'g_stn_gpe_mult': 1.9701904170899032, 'g_gpe_stn_mult': 0.755029061159661, 'g_stn_gpi_mult': 2.4730308031057744, 'g_gpe_gpi_mult': 0.7729742953746559}. Best is trial 110 with value: 2.5540782268284152.
