[I 2026-05-28 03:17:26,861] Trial 792 finished with value: 0.1330800583487147 and parameters: {'ISTN': 60.41875427706672, 'I_gpe': 1.1447706240110898, 'I_gpi': 1.8650451325673436, 'noise_stn_sigma': 2.4611305253987292, 'noise_gpe_sigma': 105.42922126135119, 'noise_gpi_sigma': 80.0422625867476, 'g_stn_gpe_mult': 2.8327326878478605, 'g_gpe_stn_mult': 0.16620870702332557, 'g_stn_gpi_mult': 3.5352434277779734, 'g_gpe_gpi_mult': 1.070429801766661}. Best is trial 764 with value: 0.13033012351441886.
[I 2026-05-28 03:17:27,871] Trial 793 finished with value: 0.1462752941893076 and parameters: {'ISTN': 61.21750335722766, 'I_gpe': 1.2309890164037407, 'I_gpi': 1.844720484148978, 'noise_stn_sigma': 2.4960934631097613, 'noise_gpe_sigma': 105.20647311483872, 'noise_gpi_sigma': 82.8850715379333, 'g_stn_gpe_mult': 2.8162634541841998, 'g_gpe_stn_mult': 0.16972807325819264, 'g_stn_gpi_mult': 3.4994628550793627, 'g_gpe_gpi_mult': 1.0544536854593718}. Best is trial 764 with value: 0.13033012351441886.
[I 2026-05-28 03:17:28,883] Trial 794 finished with value: 0.13925267286537255 and parameters: {'ISTN': 60.69893916851275, 'I_gpe': 1.195849741318101, 'I_gpi': 1.8562481826626858, 'noise_stn_sigma': 2.565985565988174, 'noise_gpe_sigma': 104.83666525516486, 'noise_gpi_sigma': 79.77281693680189, 'g_stn_gpe_mult': 2.789161990606823, 'g_gpe_stn_mult': 0.169642543549846, 'g_stn_gpi_mult': 3.536142456178133, 'g_gpe_gpi_mult': 1.0624364582891237}. Best is trial 764 with value: 0.13033012351441886.
[I 2026-05-28 03:17:29,896] Trial 795 finished with value: 0.14770433342722913 and parameters: {'ISTN': 61.56226419127581, 'I_gpe': 1.1921669754516904, 'I_gpi': 1.852947094545148, 'noise_stn_sigma': 2.43638234507664, 'noise_gpe_sigma': 102.93535366319661, 'noise_gpi_sigma': 83.08659507008203, 'g_stn_gpe_mult': 2.8124222249440995, 'g_gpe_stn_mult': 0.1676938681746508, 'g_stn_gpi_mult': 3.501122695938047, 'g_gpe_gpi_mult': 1.0693690635938027}. Best is trial 764 with value: 0.13033012351441886.
[I 2026-05-28 03:17:30,908] Trial 796 finished with value: 0.14079056165957318 and parameters: {'ISTN': 60.583671121640336, 'I_gpe': 1.201131653597065, 'I_gpi': 1.89892741170525, 'noise_stn_sigma': 2.556676865422023, 'noise_gpe_sigma': 105.15674953670928, 'noise_gpi_sigma': 78.98881522632321, 'g_stn_gpe_mult': 2.842854483363266, 'g_gpe_stn_mult': 0.17347432478527683, 'g_stn_gpi_mult': 3.5821752912233835, 'g_gpe_gpi_mult': 1.07511475597817}. Best is trial 764 with value: 0.13033012351441886.
[I 2026-05-28 03:17:31,920] Trial 797 finished with value: 0.13813748281000116 and parameters: {'ISTN': 60.73078957941671, 'I_gpe': 1.2344679529170257, 'I_gpi': 1.8701107894753477, 'noise_stn_sigma': 2.5758222989951554, 'noise_gpe_sigma': 102.54330575835478, 'noise_gpi_sigma': 83.04828413576206, 'g_stn_gpe_mult': 2.762233961356051, 'g_gpe_stn_mult': 0.17116570110334065, 'g_stn_gpi_mult': 3.530497793293008, 'g_gpe_gpi_mult': 1.056302612058701}. Best is trial 764 with value: 0.13033012351441886.
[I 2026-05-28 03:17:32,932] Trial 798 finished with value: 0.1323478897982326 and parameters: {'ISTN': 60.52606166393285, 'I_gpe': 1.211007033134789, 'I_gpi': 1.8159270597982295, 'noise_stn_sigma': 2.3768768854107543, 'noise_gpe_sigma': 104.85459242373878, 'noise_gpi_sigma': 82.31402049978732, 'g_stn_gpe_mult': 2.7359499115268324, 'g_gpe_stn_mult': 0.17416933554494812, 'g_stn_gpi_mult': 3.5856698250533783, 'g_gpe_gpi_mult': 1.0431373060159688}. Best is trial 764 with value: 0.13033012351441886.
[I 2026-05-28 03:17:33,946] Trial 799 finished with value: 0.1431213825425324 and parameters: {'ISTN': 61.09791155170685, 'I_gpe': 1.1912816138480409, 'I_gpi': 1.885292278435427, 'noise_stn_sigma': 2.487622863945849, 'noise_gpe_sigma': 103.98197587336048, 'noise_gpi_sigma': 83.73279725782501, 'g_stn_gpe_mult': 2.8395643877947396, 'g_gpe_stn_mult': 0.17273773652311541, 'g_stn_gpi_mult': 3.5128474519937676, 'g_gpe_gpi_mult': 1.0528267224633048}. Best is trial 764 with value: 0.13033012351441886.
[I 2026-05-28 03:17:34,958] Trial 800 finished with value: 0.13727110931988343 and parameters: {'ISTN': 61.110174650141985, 'I_gpe': 1.1857617662188242, 'I_gpi': 1.8804701436958546, 'noise_stn_sigma': 2.455337027056462, 'noise_gpe_sigma': 103.79332864413848, 'noise_gpi_sigma': 84.16191595420173, 'g_stn_gpe_mult': 2.821215355776131, 'g_gpe_stn_mult': 0.16198012841732956, 'g_stn_gpi_mult': 3.521821231266361, 'g_gpe_gpi_mult': 1.0510034298242412}. Best is trial 764 with value: 0.13033012351441886.
[I 2026-05-28 03:17:35,971] Trial 801 finished with value: 0.13287591306507618 and parameters: {'ISTN': 60.5992802503511, 'I_gpe': 1.2228260291040938, 'I_gpi': 1.863040092233888, 'noise_stn_sigma': 2.465473125534168, 'noise_gpe_sigma': 104.07260924618633, 'noise_gpi_sigma': 81.32753941529198, 'g_stn_gpe_mult': 2.764589046289037, 'g_gpe_stn_mult': 0.17040085136976268, 'g_stn_gpi_mult': 3.6053881091232753, 'g_gpe_gpi_mult': 1.0467984050410486}. Best is trial 764 with value: 0.13033012351441886.
[I 2026-05-28 03:17:36,985] Trial 802 finished with value: 0.1310180036126607 and parameters: {'ISTN': 60.37521880255462, 'I_gpe': 1.190928366938123, 'I_gpi': 1.842648802970148, 'noise_stn_sigma': 2.4102453370821095, 'noise_gpe_sigma': 106.1266406480493, 'noise_gpi_sigma': 79.70416605314638, 'g_stn_gpe_mult': 2.739034484789248, 'g_gpe_stn_mult': 0.17091392007072415, 'g_stn_gpi_mult': 3.527454558304729, 'g_gpe_gpi_mult': 1.051365449494021}. Best is trial 764 with value: 0.13033012351441886.
[I 2026-05-28 03:17:37,997] Trial 803 finished with value: 0.1336470143531677 and parameters: {'ISTN': 60.816650133497404, 'I_gpe': 1.21060290709586, 'I_gpi': 1.8187767425178945, 'noise_stn_sigma': 2.4945198872086634, 'noise_gpe_sigma': 104.3678508239019, 'noise_gpi_sigma': 85.86998031778586, 'g_stn_gpe_mult': 2.790838732196587, 'g_gpe_stn_mult': 0.16691757589547457, 'g_stn_gpi_mult': 3.5383872603673767, 'g_gpe_gpi_mult': 1.0359640911632912}. Best is trial 764 with value: 0.13033012351441886.
[I 2026-05-28 03:17:39,010] Trial 804 finished with value: 0.1357176057743485 and parameters: {'ISTN': 60.912190458876005, 'I_gpe': 1.1642502556592567, 'I_gpi': 1.8741233904455992, 'noise_stn_sigma': 2.3756839375625596, 'noise_gpe_sigma': 105.09244070683266, 'noise_gpi_sigma': 82.71717765768315, 'g_stn_gpe_mult': 2.7319381322924414, 'g_gpe_stn_mult': 0.16078763260484957, 'g_stn_gpi_mult': 3.5303301510724947, 'g_gpe_gpi_mult': 1.0571024275965382}. Best is trial 764 with value: 0.13033012351441886.
[I 2026-05-28 03:17:40,022] Trial 805 finished with value: 0.12937462811990838 and parameters: {'ISTN': 60.3248195796547, 'I_gpe': 1.2120534810299384, 'I_gpi': 1.8614846524598399, 'noise_stn_sigma': 2.4336033548091316, 'noise_gpe_sigma': 105.19060174193575, 'noise_gpi_sigma': 82.797986401597, 'g_stn_gpe_mult': 2.7170759470354975, 'g_gpe_stn_mult': 0.17689938298830518, 'g_stn_gpi_mult': 3.5562978139954193, 'g_gpe_gpi_mult': 1.035045908046336}. Best is trial 805 with value: 0.12937462811990838.
[I 2026-05-28 03:17:41,035] Trial 806 finished with value: 0.13108529103379823 and parameters: {'ISTN': 60.383154324063476, 'I_gpe': 1.1606417573218497, 'I_gpi': 1.8680684220534247, 'noise_stn_sigma': 2.4518020911424228, 'noise_gpe_sigma': 105.55752421848382, 'noise_gpi_sigma': 80.57072366184607, 'g_stn_gpe_mult': 2.7669770683097017, 'g_gpe_stn_mult': 0.16974144660376772, 'g_stn_gpi_mult': 3.580460810882279, 'g_gpe_gpi_mult': 1.0610456096297314}. Best is trial 805 with value: 0.12937462811990838.
[I 2026-05-28 03:17:42,046] Trial 807 finished with value: 0.13518442484177498 and parameters: {'ISTN': 60.51908647215685, 'I_gpe': 1.1868355307805953, 'I_gpi': 1.8371164943373575, 'noise_stn_sigma': 2.297186323371889, 'noise_gpe_sigma': 104.88141940674153, 'noise_gpi_sigma': 81.72050412099132, 'g_stn_gpe_mult': 2.7187221572344056, 'g_gpe_stn_mult': 0.17368631209035681, 'g_stn_gpi_mult': 3.5495196345550264, 'g_gpe_gpi_mult': 1.0405588408475976}. Best is trial 805 with value: 0.12937462811990838.
[I 2026-05-28 03:17:42,997] Trial 808 finished with value: 1000000.0 and parameters: {'ISTN': 60.78525825043227, 'I_gpe': 1.19486599756401, 'I_gpi': 1.8456253615860714, 'noise_stn_sigma': 2.3161100085234816, 'noise_gpe_sigma': 104.97529672697127, 'noise_gpi_sigma': 79.59868438392205, 'g_stn_gpe_mult': 2.8099400215667263, 'g_gpe_stn_mult': 0.17941969981211964, 'g_stn_gpi_mult': 3.550491886701554, 'g_gpe_gpi_mult': 1.0229278808985647}. Best is trial 805 with value: 0.12937462811990838.
[I 2026-05-28 03:17:44,009] Trial 809 finished with value: 0.140831054147691 and parameters: {'ISTN': 60.92439581991881, 'I_gpe': 1.1257920921185116, 'I_gpi': 1.8015009028056939, 'noise_stn_sigma': 2.4553879567367574, 'noise_gpe_sigma': 105.34858035639708, 'noise_gpi_sigma': 78.62980231838841, 'g_stn_gpe_mult': 2.8798968846045696, 'g_gpe_stn_mult': 0.16202252536760206, 'g_stn_gpi_mult': 3.5924350900356106, 'g_gpe_gpi_mult': 1.0500916954187929}. Best is trial 805 with value: 0.12937462811990838.
[I 2026-05-28 03:17:45,024] Trial 810 finished with value: 0.13204566426700873 and parameters: {'ISTN': 60.21391360779697, 'I_gpe': 1.1603596772512006, 'I_gpi': 1.8334171288657872, 'noise_stn_sigma': 2.4821314388345654, 'noise_gpe_sigma': 106.05817958286292, 'noise_gpi_sigma': 79.68891659633587, 'g_stn_gpe_mult': 2.740066888005389, 'g_gpe_stn_mult': 0.17046971711924427, 'g_stn_gpi_mult': 3.57272765497414, 'g_gpe_gpi_mult': 1.0655403755440203}. Best is trial 805 with value: 0.12937462811990838.
[I 2026-05-28 03:17:46,038] Trial 811 finished with value: 0.1326095844938526 and parameters: {'ISTN': 60.26092417309479, 'I_gpe': 1.19275325767205, 'I_gpi': 1.8916676149904306, 'noise_stn_sigma': 2.5113548007501256, 'noise_gpe_sigma': 106.01130475119662, 'noise_gpi_sigma': 79.62938579928525, 'g_stn_gpe_mult': 2.633914630472411, 'g_gpe_stn_mult': 0.16096709304064605, 'g_stn_gpi_mult': 3.5132261548200585, 'g_gpe_gpi_mult': 1.0525555606639272}. Best is trial 805 with value: 0.12937462811990838.
[I 2026-05-28 03:17:47,050] Trial 812 finished with value: 0.13398619469896034 and parameters: {'ISTN': 60.546351298295114, 'I_gpe': 1.1642879117553941, 'I_gpi': 1.8722961322615583, 'noise_stn_sigma': 2.3542583403553343, 'noise_gpe_sigma': 106.39742966902188, 'noise_gpi_sigma': 79.9417422387624, 'g_stn_gpe_mult': 2.6578499621202116, 'g_gpe_stn_mult': 0.1712892936082881, 'g_stn_gpi_mult': 3.5640371763776266, 'g_gpe_gpi_mult': 1.0451895614250821}. Best is trial 805 with value: 0.12937462811990838.
[I 2026-05-28 03:17:48,064] Trial 813 finished with value: 0.14186348011711924 and parameters: {'ISTN': 60.463975062493894, 'I_gpe': 1.2298523716244514, 'I_gpi': 1.844594845646546, 'noise_stn_sigma': 2.417356176937754, 'noise_gpe_sigma': 104.36390065510541, 'noise_gpi_sigma': 80.29995748991168, 'g_stn_gpe_mult': 2.7106452712633056, 'g_gpe_stn_mult': 0.1812476428767259, 'g_stn_gpi_mult': 3.541568452263439, 'g_gpe_gpi_mult': 1.0300808219860547}. Best is trial 805 with value: 0.12937462811990838.
[I 2026-05-28 03:17:49,078] Trial 814 finished with value: 0.12966999366398504 and parameters: {'ISTN': 60.249198833429894, 'I_gpe': 1.1909755709840832, 'I_gpi': 1.88592189042616, 'noise_stn_sigma': 2.4979343471161077, 'noise_gpe_sigma': 104.68348527373948, 'noise_gpi_sigma': 83.67876794881433, 'g_stn_gpe_mult': 2.7176740257538783, 'g_gpe_stn_mult': 0.16888803868102098, 'g_stn_gpi_mult': 3.5499732176962517, 'g_gpe_gpi_mult': 1.0548554513077393}. Best is trial 805 with value: 0.12937462811990838.
[I 2026-05-28 03:17:50,093] Trial 815 finished with value: 0.1311528790333388 and parameters: {'ISTN': 60.15561510584987, 'I_gpe': 1.1621024666001802, 'I_gpi': 1.8566172428281311, 'noise_stn_sigma': 2.41018637680048, 'noise_gpe_sigma': 104.86814329132905, 'noise_gpi_sigma': 79.64530437986663, 'g_stn_gpe_mult': 2.695261033576803, 'g_gpe_stn_mult': 0.17528086000406745, 'g_stn_gpi_mult': 3.550743793429965, 'g_gpe_gpi_mult': 1.0632114504142904}. Best is trial 805 with value: 0.12937462811990838.
[I 2026-05-28 03:17:51,105] Trial 816 finished with value: 0.13233499287549394 and parameters: {'ISTN': 60.41992383434633, 'I_gpe': 1.2396402174114092, 'I_gpi': 1.8702211155321016, 'noise_stn_sigma': 2.3807223887736706, 'noise_gpe_sigma': 105.5282406334271, 'noise_gpi_sigma': 81.3437262733301, 'g_stn_gpe_mult': 2.7720312079213176, 'g_gpe_stn_mult': 0.17383295771440113, 'g_stn_gpi_mult': 3.5195204069485504, 'g_gpe_gpi_mult': 1.0430557913235055}. Best is trial 805 with value: 0.12937462811990838.
[I 2026-05-28 03:17:52,115] Trial 817 finished with value: 0.1413468163682467 and parameters: {'ISTN': 60.773837075171166, 'I_gpe': 1.1810076256372808, 'I_gpi': 1.8847700318057652, 'noise_stn_sigma': 2.4084145830090797, 'noise_gpe_sigma': 104.10374551822892, 'noise_gpi_sigma': 82.02017346817384, 'g_stn_gpe_mult': 2.751412489813872, 'g_gpe_stn_mult': 0.17161474620193767, 'g_stn_gpi_mult': 3.5958732089981913, 'g_gpe_gpi_mult': 1.0644210403940315}. Best is trial 805 with value: 0.12937462811990838.
[I 2026-05-28 03:17:53,127] Trial 818 finished with value: 0.13581076409670906 and parameters: {'ISTN': 60.61099187149802, 'I_gpe': 1.225075168971077, 'I_gpi': 1.8258652294056565, 'noise_stn_sigma': 2.383044600501826, 'noise_gpe_sigma': 105.96299014024119, 'noise_gpi_sigma': 81.22149107216822, 'g_stn_gpe_mult': 2.7029123469926812, 'g_gpe_stn_mult': 0.17037251869629128, 'g_stn_gpi_mult': 3.5224935545302163, 'g_gpe_gpi_mult': 1.0533074020045605}. Best is trial 805 with value: 0.12937462811990838.
[I 2026-05-28 03:17:54,139] Trial 819 finished with value: 0.13018327876184646 and parameters: {'ISTN': 60.25509129415079, 'I_gpe': 1.2386394346284426, 'I_gpi': 1.857243336754927, 'noise_stn_sigma': 2.563495642779393, 'noise_gpe_sigma': 105.9880428665944, 'noise_gpi_sigma': 80.56919077215855, 'g_stn_gpe_mult': 2.7676091847848836, 'g_gpe_stn_mult': 0.17376499393652367, 'g_stn_gpi_mult': 3.526521642115883, 'g_gpe_gpi_mult': 1.049653259729277}. Best is trial 805 with value: 0.12937462811990838.
[I 2026-05-28 03:17:55,151] Trial 820 finished with value: 0.13140805797698488 and parameters: {'ISTN': 60.21175994378817, 'I_gpe': 1.2121608453143966, 'I_gpi': 1.9067806199156379, 'noise_stn_sigma': 2.50423320271353, 'noise_gpe_sigma': 105.19383208210367, 'noise_gpi_sigma': 84.00963505075667, 'g_stn_gpe_mult': 2.6700100227999126, 'g_gpe_stn_mult': 0.17579501196302844, 'g_stn_gpi_mult': 3.523077345494906, 'g_gpe_gpi_mult': 1.0503763797927206}. Best is trial 805 with value: 0.12937462811990838.
[I 2026-05-28 03:17:56,164] Trial 821 finished with value: 0.13233997343701084 and parameters: {'ISTN': 60.261891986946274, 'I_gpe': 1.1848967646465522, 'I_gpi': 1.8872993269548914, 'noise_stn_sigma': 2.414992834308151, 'noise_gpe_sigma': 105.8764526468198, 'noise_gpi_sigma': 83.86516745687778, 'g_stn_gpe_mult': 2.639995546043388, 'g_gpe_stn_mult': 0.16795581278933058, 'g_stn_gpi_mult': 3.5128950833379244, 'g_gpe_gpi_mult': 1.0483531855205317}. Best is trial 805 with value: 0.12937462811990838.
[I 2026-05-28 03:17:57,175] Trial 822 finished with value: 0.12980379333440695 and parameters: {'ISTN': 60.06206377791552, 'I_gpe': 1.239981180416396, 'I_gpi': 1.8636620233142338, 'noise_stn_sigma': 2.443355424174311, 'noise_gpe_sigma': 105.22100589414039, 'noise_gpi_sigma': 83.46202816720772, 'g_stn_gpe_mult': 2.6755234138783317, 'g_gpe_stn_mult': 0.17390219620212477, 'g_stn_gpi_mult': 3.5452303535695995, 'g_gpe_gpi_mult': 1.0147856414066718}. Best is trial 805 with value: 0.12937462811990838.
[I 2026-05-28 03:17:58,185] Trial 823 finished with value: 0.2221153900166614 and parameters: {'ISTN': 60.16267892610366, 'I_gpe': 1.161469770342773, 'I_gpi': 1.949923337794541, 'noise_stn_sigma': 2.559218063586928, 'noise_gpe_sigma': 106.53629394410973, 'noise_gpi_sigma': 80.95648924302807, 'g_stn_gpe_mult': 2.7338450780829477, 'g_gpe_stn_mult': 0.16452348414582169, 'g_stn_gpi_mult': 3.5001308022606, 'g_gpe_gpi_mult': 1.04964275687239}. Best is trial 805 with value: 0.12937462811990838.
[I 2026-05-28 03:17:59,197] Trial 824 finished with value: 0.13144572440899802 and parameters: {'ISTN': 60.15795872626987, 'I_gpe': 1.1876916662741503, 'I_gpi': 1.855526081353968, 'noise_stn_sigma': 2.3136690291031208, 'noise_gpe_sigma': 105.23225220668257, 'noise_gpi_sigma': 80.64507492679954, 'g_stn_gpe_mult': 2.667581142500885, 'g_gpe_stn_mult': 0.17975973319283597, 'g_stn_gpi_mult': 3.558617693193403, 'g_gpe_gpi_mult': 1.0466496965940706}. Best is trial 805 with value: 0.12937462811990838.
[I 2026-05-28 03:18:00,209] Trial 825 finished with value: 0.1402736395237246 and parameters: {'ISTN': 60.91496173941352, 'I_gpe': 1.188368537014025, 'I_gpi': 1.9096911149745974, 'noise_stn_sigma': 2.4523613017994226, 'noise_gpe_sigma': 104.95927755800626, 'noise_gpi_sigma': 81.95694641398461, 'g_stn_gpe_mult': 2.7130164954521145, 'g_gpe_stn_mult': 0.16950938881935404, 'g_stn_gpi_mult': 3.524317348911408, 'g_gpe_gpi_mult': 1.0488537116711085}. Best is trial 805 with value: 0.12937462811990838.
[I 2026-05-28 03:18:01,220] Trial 826 finished with value: 0.13388670220101828 and parameters: {'ISTN': 60.37503195054207, 'I_gpe': 1.201268990353983, 'I_gpi': 1.8701022115409742, 'noise_stn_sigma': 2.567876126113299, 'noise_gpe_sigma': 106.27463036755378, 'noise_gpi_sigma': 80.01022569408788, 'g_stn_gpe_mult': 2.7440814510088005, 'g_gpe_stn_mult': 0.16282912802782548, 'g_stn_gpi_mult': 3.5722138359392694, 'g_gpe_gpi_mult': 1.0434589565118682}. Best is trial 805 with value: 0.12937462811990838.
[I 2026-05-28 03:18:02,237] Trial 827 finished with value: 0.24321234579523454 and parameters: {'ISTN': 60.03307892711397, 'I_gpe': 1.1751218762757163, 'I_gpi': 1.9009460065285393, 'noise_stn_sigma': 2.3832179982791057, 'noise_gpe_sigma': 106.82116985757125, 'noise_gpi_sigma': 83.83226821982194, 'g_stn_gpe_mult': 2.613654890864909, 'g_gpe_stn_mult': 0.1660005060779346, 'g_stn_gpi_mult': 3.5527717177027074, 'g_gpe_gpi_mult': 1.0263497868110183}. Best is trial 805 with value: 0.12937462811990838.
[I 2026-05-28 03:18:03,248] Trial 828 finished with value: 0.1309959299406654 and parameters: {'ISTN': 60.211838901132744, 'I_gpe': 1.1829228572872355, 'I_gpi': 1.8478934933925033, 'noise_stn_sigma': 2.4373583588104757, 'noise_gpe_sigma': 105.47093296534402, 'noise_gpi_sigma': 81.99377319305884, 'g_stn_gpe_mult': 2.7086824848044255, 'g_gpe_stn_mult': 0.17873393947389954, 'g_stn_gpi_mult': 3.5994557506021554, 'g_gpe_gpi_mult': 1.0598410045894122}. Best is trial 805 with value: 0.12937462811990838.
[I 2026-05-28 03:18:04,259] Trial 829 finished with value: 0.1335040825444299 and parameters: {'ISTN': 60.33127503673907, 'I_gpe': 1.1682660044086777, 'I_gpi': 1.8827104133042987, 'noise_stn_sigma': 2.4513738941500365, 'noise_gpe_sigma': 104.70571588665047, 'noise_gpi_sigma': 83.07610411009972, 'g_stn_gpe_mult': 2.663318737701207, 'g_gpe_stn_mult': 0.17530353429067036, 'g_stn_gpi_mult': 3.5645604060289093, 'g_gpe_gpi_mult': 1.0600938731810996}. Best is trial 805 with value: 0.12937462811990838.
[I 2026-05-28 03:18:05,274] Trial 830 finished with value: 0.14459388711455995 and parameters: {'ISTN': 60.943959237326055, 'I_gpe': 1.241516321004703, 'I_gpi': 1.8950557805166262, 'noise_stn_sigma': 2.445128719416851, 'noise_gpe_sigma': 105.10654035641438, 'noise_gpi_sigma': 80.67331418621754, 'g_stn_gpe_mult': 2.674558000291933, 'g_gpe_stn_mult': 0.17072389952012887, 'g_stn_gpi_mult': 3.555727063700359, 'g_gpe_gpi_mult': 1.0696026017857523}. Best is trial 805 with value: 0.12937462811990838.
[I 2026-05-28 03:18:06,287] Trial 831 finished with value: 0.16537356258004363 and parameters: {'ISTN': 60.17162305675383, 'I_gpe': 1.217759089580126, 'I_gpi': 1.8563208879131368, 'noise_stn_sigma': 2.4532748532702637, 'noise_gpe_sigma': 105.42888288402163, 'noise_gpi_sigma': 80.70542646121356, 'g_stn_gpe_mult': 2.7295429408248406, 'g_gpe_stn_mult': 0.17242630562670325, 'g_stn_gpi_mult': 3.5849881597035003, 'g_gpe_gpi_mult': 1.061046727517736}. Best is trial 805 with value: 0.12937462811990838.
[I 2026-05-28 03:18:07,300] Trial 832 finished with value: 0.13604103203433374 and parameters: {'ISTN': 60.08264993800323, 'I_gpe': 1.2189591450359358, 'I_gpi': 1.8705710015593304, 'noise_stn_sigma': 2.3503885483276346, 'noise_gpe_sigma': 105.76507787310142, 'noise_gpi_sigma': 82.85440066688517, 'g_stn_gpe_mult': 2.6961226740849193, 'g_gpe_stn_mult': 0.17572968907025135, 'g_stn_gpi_mult': 3.525365482631021, 'g_gpe_gpi_mult': 1.0331137479458505}. Best is trial 805 with value: 0.12937462811990838.
[I 2026-05-28 03:18:08,311] Trial 833 finished with value: 0.13044790652126834 and parameters: {'ISTN': 60.43519561799626, 'I_gpe': 1.1876454789177058, 'I_gpi': 1.8251903700113132, 'noise_stn_sigma': 2.4940679642365575, 'noise_gpe_sigma': 105.66052226612068, 'noise_gpi_sigma': 80.28630128018332, 'g_stn_gpe_mult': 2.689417018642376, 'g_gpe_stn_mult': 0.16815883383262226, 'g_stn_gpi_mult': 3.6725512465289842, 'g_gpe_gpi_mult': 1.035217261868065}. Best is trial 805 with value: 0.12937462811990838.
[I 2026-05-28 03:18:09,325] Trial 834 finished with value: 0.1349438320856519 and parameters: {'ISTN': 60.158158359760854, 'I_gpe': 1.258384670322378, 'I_gpi': 1.8876072558918888, 'noise_stn_sigma': 2.4560311712383482, 'noise_gpe_sigma': 103.36785067115441, 'noise_gpi_sigma': 84.48095834153222, 'g_stn_gpe_mult': 2.777407369733198, 'g_gpe_stn_mult': 0.1796773366768375, 'g_stn_gpi_mult': 3.4909516956287314, 'g_gpe_gpi_mult': 1.0308751061454908}. Best is trial 805 with value: 0.12937462811990838.
[I 2026-05-28 03:18:10,335] Trial 835 finished with value: 0.1277396169812215 and parameters: {'ISTN': 60.19059573132643, 'I_gpe': 1.1832126435803216, 'I_gpi': 1.8369686131178986, 'noise_stn_sigma': 2.4320967250490835, 'noise_gpe_sigma': 105.19475287209846, 'noise_gpi_sigma': 82.31810412443085, 'g_stn_gpe_mult': 2.5919200204459285, 'g_gpe_stn_mult': 0.17210915462559745, 'g_stn_gpi_mult': 3.5873171834791693, 'g_gpe_gpi_mult': 1.0168448760374975}. Best is trial 835 with value: 0.1277396169812215.
