[I 2026-05-28 03:55:50,436] Trial 44 finished with value: 2.041447429127079 and parameters: {'ISTN': 62.232958455106555, 'I_gpe': 0.6007868684993194, 'I_gpi': 1.6869006492998504, 'noise_stn_sigma': 1.279697704053639, 'noise_gpe_sigma': 90.0563643638611, 'noise_gpi_sigma': 83.70670480712641, 'g_stn_gpe_mult': 4.306676285718422, 'g_gpe_stn_mult': 0.42459042704882066, 'g_stn_gpi_mult': 2.0482407666269364, 'g_gpe_gpi_mult': 0.4145937127716704}. Best is trial 44 with value: 2.041447429127079.
[I 2026-05-28 03:55:51,444] Trial 45 finished with value: 12.496116941724907 and parameters: {'ISTN': 79.42005172449595, 'I_gpe': 0.6878884962030944, 'I_gpi': 3.3947446615070493, 'noise_stn_sigma': 3.7886107185121314, 'noise_gpe_sigma': 126.19649815456995, 'noise_gpi_sigma': 49.02307054859893, 'g_stn_gpe_mult': 3.9558773384757404, 'g_gpe_stn_mult': 0.20186806656928263, 'g_stn_gpi_mult': 1.8877239625432627, 'g_gpe_gpi_mult': 0.44305640450226047}. Best is trial 44 with value: 2.041447429127079.
[I 2026-05-28 03:55:52,450] Trial 46 finished with value: 10.886421164214712 and parameters: {'ISTN': 61.51973175531613, 'I_gpe': 2.5813205298201893, 'I_gpi': 2.6730175217994585, 'noise_stn_sigma': 3.0688949586906, 'noise_gpe_sigma': 89.95812984239261, 'noise_gpi_sigma': 76.24284565280777, 'g_stn_gpe_mult': 3.7368029728378422, 'g_gpe_stn_mult': 0.47406335565719415, 'g_stn_gpi_mult': 2.40087351650699, 'g_gpe_gpi_mult': 0.7492346109863721}. Best is trial 44 with value: 2.041447429127079.
[I 2026-05-28 03:55:53,455] Trial 47 finished with value: 16.838018089626328 and parameters: {'ISTN': 81.01319784808433, 'I_gpe': 1.9106345627011634, 'I_gpi': 3.0064499631434867, 'noise_stn_sigma': 4.653094148151585, 'noise_gpe_sigma': 85.63922499911364, 'noise_gpi_sigma': 75.53550491874236, 'g_stn_gpe_mult': 3.270773695006001, 'g_gpe_stn_mult': 0.5466436360197507, 'g_stn_gpi_mult': 2.3452743522281367, 'g_gpe_gpi_mult': 0.599438744067142}. Best is trial 44 with value: 2.041447429127079.
[I 2026-05-28 03:55:54,459] Trial 48 finished with value: 16.912101670767896 and parameters: {'ISTN': 95.23617384446693, 'I_gpe': 2.0037550677321625, 'I_gpi': 2.127341826896162, 'noise_stn_sigma': 3.6281164569534243, 'noise_gpe_sigma': 115.40249690251126, 'noise_gpi_sigma': 85.60915374148176, 'g_stn_gpe_mult': 3.8297009385164467, 'g_gpe_stn_mult': 0.6247306669250395, 'g_stn_gpi_mult': 2.333889268801026, 'g_gpe_gpi_mult': 0.8117868582743244}. Best is trial 44 with value: 2.041447429127079.
[I 2026-05-28 03:55:55,463] Trial 49 finished with value: 16.212599031151044 and parameters: {'ISTN': 78.9574471498405, 'I_gpe': 1.718178533068526, 'I_gpi': 1.7465770580818567, 'noise_stn_sigma': 2.1775303953252534, 'noise_gpe_sigma': 134.09889935272776, 'noise_gpi_sigma': 52.756033593534674, 'g_stn_gpe_mult': 2.7907250201933316, 'g_gpe_stn_mult': 0.4197575167847706, 'g_stn_gpi_mult': 2.675537733508297, 'g_gpe_gpi_mult': 0.7101504939065404}. Best is trial 44 with value: 2.041447429127079.
[I 2026-05-28 03:55:56,467] Trial 50 finished with value: 14.060062823116954 and parameters: {'ISTN': 69.17943024527548, 'I_gpe': 0.8630737762863869, 'I_gpi': 1.477300607888567, 'noise_stn_sigma': 3.340770626250481, 'noise_gpe_sigma': 96.12144916651248, 'noise_gpi_sigma': 121.48078467924978, 'g_stn_gpe_mult': 3.9154746717112143, 'g_gpe_stn_mult': 0.5160040486148594, 'g_stn_gpi_mult': 2.850718415996333, 'g_gpe_gpi_mult': 0.6904320254943599}. Best is trial 44 with value: 2.041447429127079.
[I 2026-05-28 03:55:57,474] Trial 51 finished with value: 2.344462479322428 and parameters: {'ISTN': 62.96130306991677, 'I_gpe': 1.1207038927914095, 'I_gpi': 1.3152802604991116, 'noise_stn_sigma': 2.8113537181393427, 'noise_gpe_sigma': 82.84834026402102, 'noise_gpi_sigma': 43.97430471902684, 'g_stn_gpe_mult': 3.873233193909382, 'g_gpe_stn_mult': 0.25379883012905585, 'g_stn_gpi_mult': 2.3864402227104495, 'g_gpe_gpi_mult': 0.47614576328673913}. Best is trial 44 with value: 2.041447429127079.
[I 2026-05-28 03:55:58,478] Trial 52 finished with value: 13.054048367788821 and parameters: {'ISTN': 81.19594811186016, 'I_gpe': 1.0522205636769766, 'I_gpi': 1.815119465693034, 'noise_stn_sigma': 2.4917757134183622, 'noise_gpe_sigma': 112.8143226721335, 'noise_gpi_sigma': 45.06893775899523, 'g_stn_gpe_mult': 3.6152543974413556, 'g_gpe_stn_mult': 0.30632396920243066, 'g_stn_gpi_mult': 2.568040609717812, 'g_gpe_gpi_mult': 0.4043145891614256}. Best is trial 44 with value: 2.041447429127079.
[I 2026-05-28 03:55:59,482] Trial 53 finished with value: 17.456365088992957 and parameters: {'ISTN': 82.933455371764, 'I_gpe': 1.7838562738763555, 'I_gpi': 2.951599162381219, 'noise_stn_sigma': 3.2566709342876203, 'noise_gpe_sigma': 65.79074637641577, 'noise_gpi_sigma': 59.59550983767173, 'g_stn_gpe_mult': 3.706783471505152, 'g_gpe_stn_mult': 0.41995258413611003, 'g_stn_gpi_mult': 1.5674114106092016, 'g_gpe_gpi_mult': 0.8004058215234722}. Best is trial 44 with value: 2.041447429127079.
[I 2026-05-28 03:56:00,485] Trial 54 finished with value: 12.754898860017938 and parameters: {'ISTN': 68.62326989384248, 'I_gpe': 1.5906799174667845, 'I_gpi': 2.6185282694822294, 'noise_stn_sigma': 2.1259896531240363, 'noise_gpe_sigma': 104.507514204237, 'noise_gpi_sigma': 66.96136455693002, 'g_stn_gpe_mult': 3.650784082435232, 'g_gpe_stn_mult': 0.39838858619963147, 'g_stn_gpi_mult': 2.669415926597549, 'g_gpe_gpi_mult': 0.5628128776678025}. Best is trial 44 with value: 2.041447429127079.
[I 2026-05-28 03:56:01,429] Trial 55 finished with value: 1000000.0 and parameters: {'ISTN': 75.68295323096403, 'I_gpe': 0.645652979158873, 'I_gpi': 2.8025277928218806, 'noise_stn_sigma': 3.1270942470666596, 'noise_gpe_sigma': 60.802715990646526, 'noise_gpi_sigma': 84.91735696967977, 'g_stn_gpe_mult': 3.7741132342708665, 'g_gpe_stn_mult': 0.4564895723786345, 'g_stn_gpi_mult': 3.1198959498882313, 'g_gpe_gpi_mult': 0.8063174447016377}. Best is trial 44 with value: 2.041447429127079.
[I 2026-05-28 03:56:02,433] Trial 56 finished with value: 12.296140474235564 and parameters: {'ISTN': 68.89031259167389, 'I_gpe': 1.1238295633603548, 'I_gpi': 1.3556228725375108, 'noise_stn_sigma': 3.4498949799687924, 'noise_gpe_sigma': 108.59343806955647, 'noise_gpi_sigma': 74.91397648889476, 'g_stn_gpe_mult': 3.5865083520831638, 'g_gpe_stn_mult': 0.4603546852089211, 'g_stn_gpi_mult': 1.5164944117124008, 'g_gpe_gpi_mult': 0.7487763359429609}. Best is trial 44 with value: 2.041447429127079.
[I 2026-05-28 03:56:03,438] Trial 57 finished with value: 18.469922162985604 and parameters: {'ISTN': 95.14269705358493, 'I_gpe': 0.7372276047642815, 'I_gpi': 1.65816228772422, 'noise_stn_sigma': 2.093041392590601, 'noise_gpe_sigma': 71.3053971651664, 'noise_gpi_sigma': 93.24345252788991, 'g_stn_gpe_mult': 3.503937932907625, 'g_gpe_stn_mult': 0.375271378023447, 'g_stn_gpi_mult': 2.3312692990245454, 'g_gpe_gpi_mult': 0.4659662765562435}. Best is trial 44 with value: 2.041447429127079.
[I 2026-05-28 03:56:04,444] Trial 58 finished with value: 15.602137915895241 and parameters: {'ISTN': 73.0816713128134, 'I_gpe': 1.9521994823014417, 'I_gpi': 1.7381742155425663, 'noise_stn_sigma': 2.7178716706355557, 'noise_gpe_sigma': 64.5503655605274, 'noise_gpi_sigma': 62.04615829311067, 'g_stn_gpe_mult': 3.149063814599406, 'g_gpe_stn_mult': 0.5406144498923017, 'g_stn_gpi_mult': 2.308854397146775, 'g_gpe_gpi_mult': 0.47450641494579765}. Best is trial 44 with value: 2.041447429127079.
[I 2026-05-28 03:56:05,450] Trial 59 finished with value: 14.386957164237977 and parameters: {'ISTN': 94.37315585303443, 'I_gpe': 0.5355116243239967, 'I_gpi': 2.6167098532332886, 'noise_stn_sigma': 2.734148445067154, 'noise_gpe_sigma': 97.4345636443868, 'noise_gpi_sigma': 116.11549150315923, 'g_stn_gpe_mult': 3.582354884549349, 'g_gpe_stn_mult': 0.4216546878604336, 'g_stn_gpi_mult': 3.8789300103426716, 'g_gpe_gpi_mult': 0.41003611692129743}. Best is trial 44 with value: 2.041447429127079.
[I 2026-05-28 03:56:06,456] Trial 60 finished with value: 17.534299674131354 and parameters: {'ISTN': 92.03871826961398, 'I_gpe': 1.1444625085220965, 'I_gpi': 1.745918252704969, 'noise_stn_sigma': 2.1171142901055826, 'noise_gpe_sigma': 71.97071171575297, 'noise_gpi_sigma': 56.392740666419364, 'g_stn_gpe_mult': 2.2685086930232714, 'g_gpe_stn_mult': 0.4633520677299132, 'g_stn_gpi_mult': 2.018365626779869, 'g_gpe_gpi_mult': 0.5774061950619367}. Best is trial 44 with value: 2.041447429127079.
[I 2026-05-28 03:56:07,460] Trial 61 finished with value: 14.243921699290148 and parameters: {'ISTN': 64.91593744844782, 'I_gpe': 1.1223330339194781, 'I_gpi': 2.4126959724758272, 'noise_stn_sigma': 2.8632136285547483, 'noise_gpe_sigma': 87.81972883326334, 'noise_gpi_sigma': 28.653904457629174, 'g_stn_gpe_mult': 4.238878990869299, 'g_gpe_stn_mult': 0.4158859972237038, 'g_stn_gpi_mult': 1.4650086064708745, 'g_gpe_gpi_mult': 0.4023899168729739}. Best is trial 44 with value: 2.041447429127079.
[I 2026-05-28 03:56:08,463] Trial 62 finished with value: 15.94258477431666 and parameters: {'ISTN': 85.4209692609815, 'I_gpe': 1.467833245919459, 'I_gpi': 1.3578050308175253, 'noise_stn_sigma': 3.807431686870358, 'noise_gpe_sigma': 112.59984565253767, 'noise_gpi_sigma': 86.7359636392276, 'g_stn_gpe_mult': 3.6046786981489802, 'g_gpe_stn_mult': 0.3625625053784419, 'g_stn_gpi_mult': 2.2426623996463526, 'g_gpe_gpi_mult': 0.6988728262689086}. Best is trial 44 with value: 2.041447429127079.
[I 2026-05-28 03:56:09,469] Trial 63 finished with value: 15.742155778161495 and parameters: {'ISTN': 71.32121678653907, 'I_gpe': 1.8911391897085537, 'I_gpi': 1.014586900419923, 'noise_stn_sigma': 2.101892468717983, 'noise_gpe_sigma': 71.06960773534225, 'noise_gpi_sigma': 50.82459088153966, 'g_stn_gpe_mult': 3.595960858946775, 'g_gpe_stn_mult': 0.3497870615165433, 'g_stn_gpi_mult': 1.63712067121212, 'g_gpe_gpi_mult': 0.32282734419798276}. Best is trial 44 with value: 2.041447429127079.
[I 2026-05-28 03:56:10,474] Trial 64 finished with value: 0.49006374084504906 and parameters: {'ISTN': 60.398221482160615, 'I_gpe': 0.5157315296533276, 'I_gpi': 1.2575433510559637, 'noise_stn_sigma': 2.230650066852911, 'noise_gpe_sigma': 116.40715603903614, 'noise_gpi_sigma': 85.66270679202711, 'g_stn_gpe_mult': 3.6213672776388193, 'g_gpe_stn_mult': 0.2645604476815063, 'g_stn_gpi_mult': 2.287702236564755, 'g_gpe_gpi_mult': 0.3225361095959545}. Best is trial 64 with value: 0.49006374084504906.
[I 2026-05-28 03:56:11,476] Trial 65 finished with value: 13.27015051934989 and parameters: {'ISTN': 74.68205667747458, 'I_gpe': 1.167447557692482, 'I_gpi': 1.3281728329403548, 'noise_stn_sigma': 5.638626433489483, 'noise_gpe_sigma': 90.00736252176625, 'noise_gpi_sigma': 32.00442853941962, 'g_stn_gpe_mult': 2.6636027146495556, 'g_gpe_stn_mult': 0.2743873645949148, 'g_stn_gpi_mult': 1.785120079416805, 'g_gpe_gpi_mult': 0.40626617391157316}. Best is trial 64 with value: 0.49006374084504906.
[I 2026-05-28 03:56:12,480] Trial 66 finished with value: 11.473466771079284 and parameters: {'ISTN': 65.07670526277056, 'I_gpe': 0.8834209442202026, 'I_gpi': 1.7591256323605378, 'noise_stn_sigma': 2.25073554421172, 'noise_gpe_sigma': 108.5502349967344, 'noise_gpi_sigma': 82.05782622972268, 'g_stn_gpe_mult': 4.241270307816192, 'g_gpe_stn_mult': 0.4002842455857206, 'g_stn_gpi_mult': 1.7255296456424976, 'g_gpe_gpi_mult': 0.6155459374678289}. Best is trial 64 with value: 0.49006374084504906.
[I 2026-05-28 03:56:13,483] Trial 67 finished with value: 11.913001975152058 and parameters: {'ISTN': 64.25539405224835, 'I_gpe': 1.8553131525557869, 'I_gpi': 1.0634760256479328, 'noise_stn_sigma': 3.3231341363842914, 'noise_gpe_sigma': 100.69719179985229, 'noise_gpi_sigma': 60.707673838396026, 'g_stn_gpe_mult': 4.265097721881727, 'g_gpe_stn_mult': 0.49013992989623256, 'g_stn_gpi_mult': 2.174241944884198, 'g_gpe_gpi_mult': 0.7029000199815882}. Best is trial 64 with value: 0.49006374084504906.
[I 2026-05-28 03:56:14,485] Trial 68 finished with value: 4.767181463481875 and parameters: {'ISTN': 67.61175631605714, 'I_gpe': 1.3653240947820513, 'I_gpi': 1.8628457760012846, 'noise_stn_sigma': 3.398707777171009, 'noise_gpe_sigma': 102.48757166494224, 'noise_gpi_sigma': 80.30564271507714, 'g_stn_gpe_mult': 3.2446851718852363, 'g_gpe_stn_mult': 0.5703748470804938, 'g_stn_gpi_mult': 2.5059381654553547, 'g_gpe_gpi_mult': 0.735917885671566}. Best is trial 64 with value: 0.49006374084504906.
[I 2026-05-28 03:56:15,490] Trial 69 finished with value: 11.264240710818706 and parameters: {'ISTN': 82.70713022245616, 'I_gpe': 0.6574199011105485, 'I_gpi': 2.4283294361834544, 'noise_stn_sigma': 4.395660192928048, 'noise_gpe_sigma': 75.38147304485639, 'noise_gpi_sigma': 29.456933387655926, 'g_stn_gpe_mult': 3.918571425644448, 'g_gpe_stn_mult': 0.4912672008348603, 'g_stn_gpi_mult': 1.7690315701594548, 'g_gpe_gpi_mult': 0.5992963478040558}. Best is trial 64 with value: 0.49006374084504906.
[I 2026-05-28 03:56:16,494] Trial 70 finished with value: 7.4325038245959725 and parameters: {'ISTN': 63.24101816654132, 'I_gpe': 1.3797821059090694, 'I_gpi': 1.2558952121084581, 'noise_stn_sigma': 4.14931618404669, 'noise_gpe_sigma': 42.818630630424266, 'noise_gpi_sigma': 46.66001403828307, 'g_stn_gpe_mult': 4.405837277908635, 'g_gpe_stn_mult': 0.3255056015079237, 'g_stn_gpi_mult': 3.419542053345924, 'g_gpe_gpi_mult': 0.32150077161528146}. Best is trial 64 with value: 0.49006374084504906.
[I 2026-05-28 03:56:17,499] Trial 71 finished with value: 3.345098558021044 and parameters: {'ISTN': 65.17608346422769, 'I_gpe': 0.7310326732263621, 'I_gpi': 1.1499544356419602, 'noise_stn_sigma': 1.2165611511242367, 'noise_gpe_sigma': 115.78742169551353, 'noise_gpi_sigma': 111.41850222395738, 'g_stn_gpe_mult': 3.1560584355808596, 'g_gpe_stn_mult': 0.6263245465255164, 'g_stn_gpi_mult': 2.6408170597807334, 'g_gpe_gpi_mult': 0.363182841257404}. Best is trial 64 with value: 0.49006374084504906.
[I 2026-05-28 03:56:18,505] Trial 72 finished with value: 15.406433598381557 and parameters: {'ISTN': 82.08441508717316, 'I_gpe': 1.8343129162314686, 'I_gpi': 1.6984327363686913, 'noise_stn_sigma': 3.8962465793646435, 'noise_gpe_sigma': 121.98371522070435, 'noise_gpi_sigma': 45.1897618274927, 'g_stn_gpe_mult': 3.24273494662112, 'g_gpe_stn_mult': 0.6577007398216257, 'g_stn_gpi_mult': 2.7446252705018668, 'g_gpe_gpi_mult': 0.5573122439453324}. Best is trial 64 with value: 0.49006374084504906.
[I 2026-05-28 03:56:19,511] Trial 73 finished with value: 13.202856499128675 and parameters: {'ISTN': 75.64133533037582, 'I_gpe': 1.2389050038673846, 'I_gpi': 1.8829099912801688, 'noise_stn_sigma': 4.477247945489979, 'noise_gpe_sigma': 110.48462888216056, 'noise_gpi_sigma': 66.55773334507636, 'g_stn_gpe_mult': 4.0544040779351445, 'g_gpe_stn_mult': 0.2867407938129944, 'g_stn_gpi_mult': 1.6347676520067356, 'g_gpe_gpi_mult': 0.51269166418622}. Best is trial 64 with value: 0.49006374084504906.
[I 2026-05-28 03:56:20,519] Trial 74 finished with value: 10.745085294610885 and parameters: {'ISTN': 63.4964856913143, 'I_gpe': 2.309269657123144, 'I_gpi': 1.6383948327207531, 'noise_stn_sigma': 1.6085362918306543, 'noise_gpe_sigma': 98.24616021400182, 'noise_gpi_sigma': 87.86696206205593, 'g_stn_gpe_mult': 3.3940942377282983, 'g_gpe_stn_mult': 0.32441730926527973, 'g_stn_gpi_mult': 2.0697104274999276, 'g_gpe_gpi_mult': 0.24904883157460145}. Best is trial 64 with value: 0.49006374084504906.
[I 2026-05-28 03:56:21,524] Trial 75 finished with value: 11.080021682718195 and parameters: {'ISTN': 70.72645778706664, 'I_gpe': 0.9044045642128887, 'I_gpi': 1.8273365320382555, 'noise_stn_sigma': 3.5819206222583735, 'noise_gpe_sigma': 114.77317073908364, 'noise_gpi_sigma': 36.90295988884703, 'g_stn_gpe_mult': 4.033129844534472, 'g_gpe_stn_mult': 0.5219428142915556, 'g_stn_gpi_mult': 2.6850546121945187, 'g_gpe_gpi_mult': 0.6902439766373856}. Best is trial 64 with value: 0.49006374084504906.
[I 2026-05-28 03:56:22,531] Trial 76 finished with value: 9.559521108628402 and parameters: {'ISTN': 68.4077790107231, 'I_gpe': 1.0096089391275098, 'I_gpi': 1.2043632953527421, 'noise_stn_sigma': 2.8269354552787105, 'noise_gpe_sigma': 93.24617884664735, 'noise_gpi_sigma': 24.747030424010916, 'g_stn_gpe_mult': 3.615635638811443, 'g_gpe_stn_mult': 0.4197147973105452, 'g_stn_gpi_mult': 2.74061954528234, 'g_gpe_gpi_mult': 0.33244796886304795}. Best is trial 64 with value: 0.49006374084504906.
[I 2026-05-28 03:56:23,539] Trial 77 finished with value: 13.547314444334388 and parameters: {'ISTN': 70.20817644523238, 'I_gpe': 1.226317727679287, 'I_gpi': 2.3030832328341693, 'noise_stn_sigma': 2.321993598815307, 'noise_gpe_sigma': 101.06171348328364, 'noise_gpi_sigma': 67.772248068235, 'g_stn_gpe_mult': 3.82901054389089, 'g_gpe_stn_mult': 0.4482342946811625, 'g_stn_gpi_mult': 2.030598112036304, 'g_gpe_gpi_mult': 0.6398883071795001}. Best is trial 64 with value: 0.49006374084504906.
[I 2026-05-28 03:56:24,544] Trial 78 finished with value: 13.992477762697177 and parameters: {'ISTN': 70.40660862927237, 'I_gpe': 1.9277120326478152, 'I_gpi': 2.2846873793183518, 'noise_stn_sigma': 4.272062411663686, 'noise_gpe_sigma': 106.94263486541851, 'noise_gpi_sigma': 78.56626328961995, 'g_stn_gpe_mult': 3.6525927440373867, 'g_gpe_stn_mult': 0.667513691485436, 'g_stn_gpi_mult': 2.237106994283962, 'g_gpe_gpi_mult': 0.5817657831583098}. Best is trial 64 with value: 0.49006374084504906.
[I 2026-05-28 03:56:25,549] Trial 79 finished with value: 0.30860784639305194 and parameters: {'ISTN': 61.755594768808905, 'I_gpe': 0.5600034194450095, 'I_gpi': 1.9679546904033653, 'noise_stn_sigma': 1.2865439649606918, 'noise_gpe_sigma': 80.89042937550329, 'noise_gpi_sigma': 67.01172069823929, 'g_stn_gpe_mult': 4.8683301588402905, 'g_gpe_stn_mult': 0.2591073762913064, 'g_stn_gpi_mult': 1.5775451429972975, 'g_gpe_gpi_mult': 0.4127609303229149}. Best is trial 79 with value: 0.30860784639305194.
[I 2026-05-28 03:56:26,556] Trial 80 finished with value: 17.9691042252448 and parameters: {'ISTN': 87.43139841173391, 'I_gpe': 1.6548969351359992, 'I_gpi': 2.034623853608806, 'noise_stn_sigma': 3.3548122527767577, 'noise_gpe_sigma': 93.93867502268289, 'noise_gpi_sigma': 32.57668156374055, 'g_stn_gpe_mult': 3.9792808497474947, 'g_gpe_stn_mult': 0.38639163484026084, 'g_stn_gpi_mult': 1.7898113661084327, 'g_gpe_gpi_mult': 0.5122335474537045}. Best is trial 79 with value: 0.30860784639305194.
[I 2026-05-28 03:56:27,563] Trial 81 finished with value: 9.800855390199633 and parameters: {'ISTN': 65.44429114202335, 'I_gpe': 1.2282731166912308, 'I_gpi': 1.5354685382825501, 'noise_stn_sigma': 1.7529944069232315, 'noise_gpe_sigma': 90.8768606372954, 'noise_gpi_sigma': 53.11043649534698, 'g_stn_gpe_mult': 3.869878337962251, 'g_gpe_stn_mult': 0.35723799959181624, 'g_stn_gpi_mult': 2.2903359841757776, 'g_gpe_gpi_mult': 0.2867360477705416}. Best is trial 79 with value: 0.30860784639305194.
[I 2026-05-28 03:56:28,568] Trial 82 finished with value: 12.86685158793733 and parameters: {'ISTN': 77.91887643375361, 'I_gpe': 1.2469686141421343, 'I_gpi': 1.3954597651168577, 'noise_stn_sigma': 2.7915269527707585, 'noise_gpe_sigma': 98.6278906797446, 'noise_gpi_sigma': 76.82037734936569, 'g_stn_gpe_mult': 3.6883698025809992, 'g_gpe_stn_mult': 0.23565801142507486, 'g_stn_gpi_mult': 2.050398995563313, 'g_gpe_gpi_mult': 0.48472160380543555}. Best is trial 79 with value: 0.30860784639305194.
[I 2026-05-28 03:56:29,572] Trial 83 finished with value: 12.563409382728876 and parameters: {'ISTN': 69.02462136201237, 'I_gpe': 1.6702700972817883, 'I_gpi': 2.76406696869018, 'noise_stn_sigma': 3.611874636139044, 'noise_gpe_sigma': 105.86217358709601, 'noise_gpi_sigma': 57.83022260457672, 'g_stn_gpe_mult': 4.717906509470747, 'g_gpe_stn_mult': 0.2958014227545856, 'g_stn_gpi_mult': 2.1458805786359565, 'g_gpe_gpi_mult': 0.599296977675611}. Best is trial 79 with value: 0.30860784639305194.
[I 2026-05-28 03:56:30,575] Trial 84 finished with value: 11.321249775643958 and parameters: {'ISTN': 72.53637662877377, 'I_gpe': 0.7447400522401428, 'I_gpi': 1.2296695274784843, 'noise_stn_sigma': 2.5365157737215878, 'noise_gpe_sigma': 115.95506592924465, 'noise_gpi_sigma': 111.1760415833773, 'g_stn_gpe_mult': 3.3798935789313216, 'g_gpe_stn_mult': 0.1902238656736431, 'g_stn_gpi_mult': 2.8360985313361287, 'g_gpe_gpi_mult': 0.6324169116138656}. Best is trial 79 with value: 0.30860784639305194.
[I 2026-05-28 03:56:31,519] Trial 85 finished with value: 1000000.0 and parameters: {'ISTN': 75.52515674693421, 'I_gpe': 1.2439429671190037, 'I_gpi': 2.566199743349117, 'noise_stn_sigma': 2.7441525373644353, 'noise_gpe_sigma': 96.58074456978525, 'noise_gpi_sigma': 61.0165169021738, 'g_stn_gpe_mult': 3.9329975774190977, 'g_gpe_stn_mult': 0.23487857528518147, 'g_stn_gpi_mult': 2.485437829156676, 'g_gpe_gpi_mult': 0.39935925873281247}. Best is trial 79 with value: 0.30860784639305194.
[I 2026-05-28 03:56:32,523] Trial 86 finished with value: 12.087755207617453 and parameters: {'ISTN': 65.8950000080788, 'I_gpe': 0.9252666727296153, 'I_gpi': 1.0790638503996146, 'noise_stn_sigma': 2.584774358041106, 'noise_gpe_sigma': 91.46988427893577, 'noise_gpi_sigma': 48.78428756449419, 'g_stn_gpe_mult': 3.80023950244027, 'g_gpe_stn_mult': 0.36102084783887933, 'g_stn_gpi_mult': 1.7215433276925722, 'g_gpe_gpi_mult': 0.37126325332585874}. Best is trial 79 with value: 0.30860784639305194.
[I 2026-05-28 03:56:33,529] Trial 87 finished with value: 17.312327933287335 and parameters: {'ISTN': 81.99009703361074, 'I_gpe': 0.601220629032077, 'I_gpi': 1.248478459428486, 'noise_stn_sigma': 1.1836089969752563, 'noise_gpe_sigma': 90.43449092779379, 'noise_gpi_sigma': 42.161543004899784, 'g_stn_gpe_mult': 4.6508491244806365, 'g_gpe_stn_mult': 0.4555931390737382, 'g_stn_gpi_mult': 2.20938829377334, 'g_gpe_gpi_mult': 0.5717491718622898}. Best is trial 79 with value: 0.30860784639305194.
