[I 2026-05-28 04:00:15,566] Trial 308 finished with value: 0.3069673628477871 and parameters: {'ISTN': 63.03130026815374, 'I_gpe': 1.1067309287616012, 'I_gpi': 2.0126080301597185, 'noise_stn_sigma': 2.3410413615488865, 'noise_gpe_sigma': 108.00468614411542, 'noise_gpi_sigma': 76.18423524267132, 'g_stn_gpe_mult': 3.1789259462971464, 'g_gpe_stn_mult': 0.1287217853788412, 'g_stn_gpi_mult': 2.1117400634099353, 'g_gpe_gpi_mult': 0.3887601238197339}. Best is trial 292 with value: 0.14887947773842136.
[I 2026-05-28 04:00:16,571] Trial 309 finished with value: 0.16812211961718082 and parameters: {'ISTN': 62.29352217396548, 'I_gpe': 0.9866034899407252, 'I_gpi': 2.284273526487486, 'noise_stn_sigma': 2.7061810661477903, 'noise_gpe_sigma': 104.80951025846409, 'noise_gpi_sigma': 88.99504523743731, 'g_stn_gpe_mult': 3.242449599635704, 'g_gpe_stn_mult': 0.1526321824557096, 'g_stn_gpi_mult': 1.996168157986499, 'g_gpe_gpi_mult': 0.4555178395850604}. Best is trial 292 with value: 0.14887947773842136.
[I 2026-05-28 04:00:17,578] Trial 310 finished with value: 0.354536870417097 and parameters: {'ISTN': 61.28600781325956, 'I_gpe': 1.0191499923952856, 'I_gpi': 2.0994932181003194, 'noise_stn_sigma': 2.506624910433742, 'noise_gpe_sigma': 103.13334331360596, 'noise_gpi_sigma': 76.8389651668565, 'g_stn_gpe_mult': 3.3531819621908747, 'g_gpe_stn_mult': 0.142044622904209, 'g_stn_gpi_mult': 2.289239080927771, 'g_gpe_gpi_mult': 0.4643671806708138}. Best is trial 292 with value: 0.14887947773842136.
[I 2026-05-28 04:00:18,585] Trial 311 finished with value: 0.1518412455806239 and parameters: {'ISTN': 61.581080402252226, 'I_gpe': 1.1348652203696041, 'I_gpi': 2.226669411886334, 'noise_stn_sigma': 2.9633072504962072, 'noise_gpe_sigma': 102.14153957908266, 'noise_gpi_sigma': 81.25185297036177, 'g_stn_gpe_mult': 3.0843091107250826, 'g_gpe_stn_mult': 0.1413286668140364, 'g_stn_gpi_mult': 2.215462234101471, 'g_gpe_gpi_mult': 0.4695378266703773}. Best is trial 292 with value: 0.14887947773842136.
[I 2026-05-28 04:00:19,592] Trial 312 finished with value: 0.21615013452892623 and parameters: {'ISTN': 63.045478936653325, 'I_gpe': 1.2105246401728105, 'I_gpi': 2.0675531794233692, 'noise_stn_sigma': 2.506893700774919, 'noise_gpe_sigma': 99.57310547992566, 'noise_gpi_sigma': 83.55595150479161, 'g_stn_gpe_mult': 3.33230871942294, 'g_gpe_stn_mult': 0.12043814042785453, 'g_stn_gpi_mult': 2.422891376170373, 'g_gpe_gpi_mult': 0.46208262053042337}. Best is trial 292 with value: 0.14887947773842136.
[I 2026-05-28 04:00:20,598] Trial 313 finished with value: 1.1972751097668282 and parameters: {'ISTN': 61.508834560792096, 'I_gpe': 1.10675058287141, 'I_gpi': 2.3766938951625822, 'noise_stn_sigma': 2.05614281112274, 'noise_gpe_sigma': 103.26172658371343, 'noise_gpi_sigma': 84.54034596291653, 'g_stn_gpe_mult': 3.217456257759415, 'g_gpe_stn_mult': 0.1358237881000724, 'g_stn_gpi_mult': 2.100859661281548, 'g_gpe_gpi_mult': 0.48392407106458224}. Best is trial 292 with value: 0.14887947773842136.
[I 2026-05-28 04:00:21,602] Trial 314 finished with value: 0.17489109048635906 and parameters: {'ISTN': 63.6428965532011, 'I_gpe': 1.0518381211030878, 'I_gpi': 2.1361048147299466, 'noise_stn_sigma': 2.9889299167160783, 'noise_gpe_sigma': 105.07185451828633, 'noise_gpi_sigma': 83.31496830813066, 'g_stn_gpe_mult': 3.189764669819164, 'g_gpe_stn_mult': 0.12096715301340269, 'g_stn_gpi_mult': 2.344486407131458, 'g_gpe_gpi_mult': 0.44020910250039214}. Best is trial 292 with value: 0.14887947773842136.
[I 2026-05-28 04:00:22,606] Trial 315 finished with value: 0.18648766807864164 and parameters: {'ISTN': 63.25114417767701, 'I_gpe': 0.9367719090074629, 'I_gpi': 1.9981256592113863, 'noise_stn_sigma': 2.696759714828633, 'noise_gpe_sigma': 92.37337586498964, 'noise_gpi_sigma': 82.11343104443229, 'g_stn_gpe_mult': 2.9030098737781604, 'g_gpe_stn_mult': 0.12165564085277437, 'g_stn_gpi_mult': 2.3857601729597584, 'g_gpe_gpi_mult': 0.4697523037824822}. Best is trial 292 with value: 0.14887947773842136.
[I 2026-05-28 04:00:23,610] Trial 316 finished with value: 0.7514633664236455 and parameters: {'ISTN': 61.20204398486785, 'I_gpe': 1.1159824785455754, 'I_gpi': 1.7923910320800844, 'noise_stn_sigma': 2.8531025280476525, 'noise_gpe_sigma': 91.9092515637044, 'noise_gpi_sigma': 85.18870639556187, 'g_stn_gpe_mult': 3.1545967141470515, 'g_gpe_stn_mult': 0.10995681364920808, 'g_stn_gpi_mult': 2.1190023837155008, 'g_gpe_gpi_mult': 0.45208348174297236}. Best is trial 292 with value: 0.14887947773842136.
[I 2026-05-28 04:00:24,614] Trial 317 finished with value: 0.21249543072347404 and parameters: {'ISTN': 60.2793465447888, 'I_gpe': 1.191991247972279, 'I_gpi': 2.059466168649424, 'noise_stn_sigma': 2.8643266047099676, 'noise_gpe_sigma': 109.12805871126503, 'noise_gpi_sigma': 88.84379124729514, 'g_stn_gpe_mult': 2.8690328807631116, 'g_gpe_stn_mult': 0.10693208690450756, 'g_stn_gpi_mult': 2.2776314574791936, 'g_gpe_gpi_mult': 0.4390143103399234}. Best is trial 292 with value: 0.14887947773842136.
[I 2026-05-28 04:00:25,618] Trial 318 finished with value: 0.1773376873587345 and parameters: {'ISTN': 63.47097419191001, 'I_gpe': 1.2325168155613722, 'I_gpi': 1.9890320709063671, 'noise_stn_sigma': 2.5481540781002203, 'noise_gpe_sigma': 97.55759601021612, 'noise_gpi_sigma': 82.7640527261731, 'g_stn_gpe_mult': 3.5173783981612026, 'g_gpe_stn_mult': 0.1469844052810846, 'g_stn_gpi_mult': 2.3957437507809423, 'g_gpe_gpi_mult': 0.36835793045605747}. Best is trial 292 with value: 0.14887947773842136.
[I 2026-05-28 04:00:26,622] Trial 319 finished with value: 0.17346278372912016 and parameters: {'ISTN': 63.992751183707924, 'I_gpe': 1.0510291885992662, 'I_gpi': 2.088182741889684, 'noise_stn_sigma': 2.4967053352170385, 'noise_gpe_sigma': 98.02394033534317, 'noise_gpi_sigma': 86.58894089628467, 'g_stn_gpe_mult': 3.1905719682093134, 'g_gpe_stn_mult': 0.1115342647097049, 'g_stn_gpi_mult': 2.22873043591155, 'g_gpe_gpi_mult': 0.4101739377967156}. Best is trial 292 with value: 0.14887947773842136.
[I 2026-05-28 04:00:27,628] Trial 320 finished with value: 0.709957670744969 and parameters: {'ISTN': 62.31388552501695, 'I_gpe': 1.114048633360388, 'I_gpi': 2.070549664643167, 'noise_stn_sigma': 2.4001986770533073, 'noise_gpe_sigma': 101.34471501307416, 'noise_gpi_sigma': 88.47258917873415, 'g_stn_gpe_mult': 3.1437305225802183, 'g_gpe_stn_mult': 0.12191186526558474, 'g_stn_gpi_mult': 2.1801288675487154, 'g_gpe_gpi_mult': 0.45287799188635586}. Best is trial 292 with value: 0.14887947773842136.
[I 2026-05-28 04:00:28,636] Trial 321 finished with value: 0.17366363601869897 and parameters: {'ISTN': 63.53689300007828, 'I_gpe': 1.3103038370565772, 'I_gpi': 2.0104463934444143, 'noise_stn_sigma': 3.0221213564754517, 'noise_gpe_sigma': 98.87680260380714, 'noise_gpi_sigma': 84.30614126690683, 'g_stn_gpe_mult': 3.1993452736553354, 'g_gpe_stn_mult': 0.12240249583480199, 'g_stn_gpi_mult': 2.2925774314883944, 'g_gpe_gpi_mult': 0.42278182619678484}. Best is trial 292 with value: 0.14887947773842136.
[I 2026-05-28 04:00:29,642] Trial 322 finished with value: 0.23601460442155972 and parameters: {'ISTN': 63.813815415438604, 'I_gpe': 0.8584046749579182, 'I_gpi': 1.9464363317451812, 'noise_stn_sigma': 2.7475166752213322, 'noise_gpe_sigma': 103.28562414570993, 'noise_gpi_sigma': 83.91922017853376, 'g_stn_gpe_mult': 3.1244287452733728, 'g_gpe_stn_mult': 0.10369954761918139, 'g_stn_gpi_mult': 2.4534440933135198, 'g_gpe_gpi_mult': 0.484935404187291}. Best is trial 292 with value: 0.14887947773842136.
[I 2026-05-28 04:00:30,645] Trial 323 finished with value: 0.20512650403811247 and parameters: {'ISTN': 64.25608299676024, 'I_gpe': 1.3581206142050815, 'I_gpi': 2.2928512363310105, 'noise_stn_sigma': 2.889192393655314, 'noise_gpe_sigma': 90.01106338472589, 'noise_gpi_sigma': 81.88153111652679, 'g_stn_gpe_mult': 3.1013057143836695, 'g_gpe_stn_mult': 0.14337674255739544, 'g_stn_gpi_mult': 2.3190327516052127, 'g_gpe_gpi_mult': 0.47859547072162456}. Best is trial 292 with value: 0.14887947773842136.
[I 2026-05-28 04:00:31,652] Trial 324 finished with value: 0.14986668354003993 and parameters: {'ISTN': 61.50045281404286, 'I_gpe': 1.00313949572581, 'I_gpi': 2.132516467841196, 'noise_stn_sigma': 2.606987922583678, 'noise_gpe_sigma': 103.36852086202228, 'noise_gpi_sigma': 88.69184815652328, 'g_stn_gpe_mult': 3.206611059936795, 'g_gpe_stn_mult': 0.15870218020160973, 'g_stn_gpi_mult': 2.346457523852921, 'g_gpe_gpi_mult': 0.41642101559864925}. Best is trial 292 with value: 0.14887947773842136.
[I 2026-05-28 04:00:32,656] Trial 325 finished with value: 0.1573580103253942 and parameters: {'ISTN': 63.46129496395464, 'I_gpe': 1.1764295737515282, 'I_gpi': 2.134082824065681, 'noise_stn_sigma': 2.7479760451006885, 'noise_gpe_sigma': 98.36543440154134, 'noise_gpi_sigma': 78.8568428686356, 'g_stn_gpe_mult': 3.1151694385452537, 'g_gpe_stn_mult': 0.12064560966229566, 'g_stn_gpi_mult': 2.24394442847281, 'g_gpe_gpi_mult': 0.4693967539668686}. Best is trial 292 with value: 0.14887947773842136.
[I 2026-05-28 04:00:33,661] Trial 326 finished with value: 0.1842233159319723 and parameters: {'ISTN': 65.34204023518731, 'I_gpe': 1.271897615696417, 'I_gpi': 1.872416904270377, 'noise_stn_sigma': 2.6114990449844733, 'noise_gpe_sigma': 105.0970006605003, 'noise_gpi_sigma': 77.54269031740357, 'g_stn_gpe_mult': 3.369161687928089, 'g_gpe_stn_mult': 0.13784970827238563, 'g_stn_gpi_mult': 2.369639745439529, 'g_gpe_gpi_mult': 0.42726339037366245}. Best is trial 292 with value: 0.14887947773842136.
[I 2026-05-28 04:00:34,665] Trial 327 finished with value: 0.1627207048810521 and parameters: {'ISTN': 63.05830323339388, 'I_gpe': 1.0050439765880068, 'I_gpi': 2.0740242283334656, 'noise_stn_sigma': 2.527707146334936, 'noise_gpe_sigma': 98.28053163723902, 'noise_gpi_sigma': 81.453404839755, 'g_stn_gpe_mult': 3.260119979963017, 'g_gpe_stn_mult': 0.12020708980582252, 'g_stn_gpi_mult': 2.3738341276078825, 'g_gpe_gpi_mult': 0.45497780759050216}. Best is trial 292 with value: 0.14887947773842136.
[I 2026-05-28 04:00:35,671] Trial 328 finished with value: 0.19849596387157492 and parameters: {'ISTN': 61.936819311490694, 'I_gpe': 1.01176738507128, 'I_gpi': 2.35297557652198, 'noise_stn_sigma': 2.7709499550177004, 'noise_gpe_sigma': 99.80413573200798, 'noise_gpi_sigma': 81.67341707965704, 'g_stn_gpe_mult': 3.283215392701978, 'g_gpe_stn_mult': 0.11023405981648905, 'g_stn_gpi_mult': 2.2815993308682705, 'g_gpe_gpi_mult': 0.3588745886535828}. Best is trial 292 with value: 0.14887947773842136.
[I 2026-05-28 04:00:36,674] Trial 329 finished with value: 0.17971477097192784 and parameters: {'ISTN': 60.80983428449748, 'I_gpe': 1.0041753167819412, 'I_gpi': 2.2844363128735057, 'noise_stn_sigma': 2.695702762132962, 'noise_gpe_sigma': 100.29883074037608, 'noise_gpi_sigma': 79.7122543509169, 'g_stn_gpe_mult': 3.1852281828172684, 'g_gpe_stn_mult': 0.12522624916507943, 'g_stn_gpi_mult': 2.15096769080676, 'g_gpe_gpi_mult': 0.4356798386068007}. Best is trial 292 with value: 0.14887947773842136.
[I 2026-05-28 04:00:37,677] Trial 330 finished with value: 0.15124851456494112 and parameters: {'ISTN': 60.62800027766284, 'I_gpe': 1.0751236483934066, 'I_gpi': 2.049603751917624, 'noise_stn_sigma': 3.053862656282436, 'noise_gpe_sigma': 98.12945593876216, 'noise_gpi_sigma': 76.94511356862009, 'g_stn_gpe_mult': 3.2767201253286546, 'g_gpe_stn_mult': 0.16603911313134864, 'g_stn_gpi_mult': 2.4563577504880163, 'g_gpe_gpi_mult': 0.519378916882326}. Best is trial 292 with value: 0.14887947773842136.
[I 2026-05-28 04:00:38,682] Trial 331 finished with value: 0.14032583319332823 and parameters: {'ISTN': 60.00285917567748, 'I_gpe': 1.0327175873433254, 'I_gpi': 2.112731716072859, 'noise_stn_sigma': 2.6603036123552224, 'noise_gpe_sigma': 100.90175900847778, 'noise_gpi_sigma': 82.97139710771935, 'g_stn_gpe_mult': 3.4963408097547326, 'g_gpe_stn_mult': 0.18188017598841336, 'g_stn_gpi_mult': 2.0919428513896143, 'g_gpe_gpi_mult': 0.46744567119153635}. Best is trial 331 with value: 0.14032583319332823.
[I 2026-05-28 04:00:39,685] Trial 332 finished with value: 0.176555728579055 and parameters: {'ISTN': 62.30257308018644, 'I_gpe': 0.9495052949271567, 'I_gpi': 2.0184814161799163, 'noise_stn_sigma': 2.4015336016925852, 'noise_gpe_sigma': 95.89355817222737, 'noise_gpi_sigma': 82.14159089118783, 'g_stn_gpe_mult': 3.3861640789426195, 'g_gpe_stn_mult': 0.17943694533124577, 'g_stn_gpi_mult': 2.4336782506800114, 'g_gpe_gpi_mult': 0.4317888593519344}. Best is trial 331 with value: 0.14032583319332823.
[I 2026-05-28 04:00:40,689] Trial 333 finished with value: 0.14365353131378486 and parameters: {'ISTN': 60.6954444744197, 'I_gpe': 1.0523347626738986, 'I_gpi': 2.056024906841107, 'noise_stn_sigma': 2.7769060019937637, 'noise_gpe_sigma': 95.69353302747642, 'noise_gpi_sigma': 84.43477971389866, 'g_stn_gpe_mult': 3.231992270057644, 'g_gpe_stn_mult': 0.16506766594978262, 'g_stn_gpi_mult': 2.3591087689211307, 'g_gpe_gpi_mult': 0.4399548674689951}. Best is trial 331 with value: 0.14032583319332823.
[I 2026-05-28 04:00:41,694] Trial 334 finished with value: 0.2606976621025469 and parameters: {'ISTN': 61.63805042743376, 'I_gpe': 1.108089978776433, 'I_gpi': 1.9287723754029644, 'noise_stn_sigma': 2.783248401742554, 'noise_gpe_sigma': 102.23383764499695, 'noise_gpi_sigma': 85.1020172986194, 'g_stn_gpe_mult': 3.1606624132913, 'g_gpe_stn_mult': 0.13757780329769456, 'g_stn_gpi_mult': 2.4385235642221392, 'g_gpe_gpi_mult': 0.4594506323289278}. Best is trial 331 with value: 0.14032583319332823.
[I 2026-05-28 04:00:42,699] Trial 335 finished with value: 0.17675873373563442 and parameters: {'ISTN': 62.99968389422472, 'I_gpe': 1.0688693042330957, 'I_gpi': 2.049416601040499, 'noise_stn_sigma': 2.9913288639898648, 'noise_gpe_sigma': 103.87522353027865, 'noise_gpi_sigma': 81.24727657843223, 'g_stn_gpe_mult': 3.2434012394679934, 'g_gpe_stn_mult': 0.1482917880261923, 'g_stn_gpi_mult': 2.3728325676607294, 'g_gpe_gpi_mult': 0.49294509192875446}. Best is trial 331 with value: 0.14032583319332823.
[I 2026-05-28 04:00:43,704] Trial 336 finished with value: 0.1746822611540492 and parameters: {'ISTN': 62.86720044310699, 'I_gpe': 1.160168552157129, 'I_gpi': 2.075668900369571, 'noise_stn_sigma': 2.7826791507178648, 'noise_gpe_sigma': 100.99010050441233, 'noise_gpi_sigma': 81.88829559296221, 'g_stn_gpe_mult': 3.6450755688760035, 'g_gpe_stn_mult': 0.15969528350741727, 'g_stn_gpi_mult': 2.325772186358974, 'g_gpe_gpi_mult': 0.5026462923614494}. Best is trial 331 with value: 0.14032583319332823.
[I 2026-05-28 04:00:44,708] Trial 337 finished with value: 0.14437191687657885 and parameters: {'ISTN': 62.30360663915654, 'I_gpe': 1.1930844474756028, 'I_gpi': 2.0077796152141656, 'noise_stn_sigma': 2.963939173070515, 'noise_gpe_sigma': 102.00381008962665, 'noise_gpi_sigma': 85.13635885503616, 'g_stn_gpe_mult': 3.255613430382907, 'g_gpe_stn_mult': 0.135120313088428, 'g_stn_gpi_mult': 2.4116655986156346, 'g_gpe_gpi_mult': 0.43036486415819153}. Best is trial 331 with value: 0.14032583319332823.
[I 2026-05-28 04:00:45,712] Trial 338 finished with value: 0.172129035919721 and parameters: {'ISTN': 62.25060133768906, 'I_gpe': 0.9933337431284304, 'I_gpi': 2.1638813483142734, 'noise_stn_sigma': 2.6981361487987554, 'noise_gpe_sigma': 99.00357992319395, 'noise_gpi_sigma': 84.7629867124118, 'g_stn_gpe_mult': 3.0760445320292127, 'g_gpe_stn_mult': 0.14390456816705768, 'g_stn_gpi_mult': 2.4480148023838026, 'g_gpe_gpi_mult': 0.4690494865573978}. Best is trial 331 with value: 0.14032583319332823.
[I 2026-05-28 04:00:46,718] Trial 339 finished with value: 0.1785438776131804 and parameters: {'ISTN': 62.43297002534242, 'I_gpe': 1.2593314464585084, 'I_gpi': 2.1501796397065602, 'noise_stn_sigma': 2.9085092451360985, 'noise_gpe_sigma': 95.11068834860819, 'noise_gpi_sigma': 86.31920976043095, 'g_stn_gpe_mult': 3.162701146510433, 'g_gpe_stn_mult': 0.14901395244769522, 'g_stn_gpi_mult': 2.45098272436747, 'g_gpe_gpi_mult': 0.4368043793848601}. Best is trial 331 with value: 0.14032583319332823.
[I 2026-05-28 04:00:47,720] Trial 340 finished with value: 0.17478534936395165 and parameters: {'ISTN': 62.643778206967085, 'I_gpe': 1.0593458476486672, 'I_gpi': 1.9579435127239708, 'noise_stn_sigma': 2.9402907648500265, 'noise_gpe_sigma': 108.69605047724434, 'noise_gpi_sigma': 82.3891597462245, 'g_stn_gpe_mult': 3.179590118867519, 'g_gpe_stn_mult': 0.12045980032359856, 'g_stn_gpi_mult': 2.5209345741270024, 'g_gpe_gpi_mult': 0.3940821113071685}. Best is trial 331 with value: 0.14032583319332823.
[I 2026-05-28 04:00:48,727] Trial 341 finished with value: 0.7636338941863023 and parameters: {'ISTN': 60.43199676706737, 'I_gpe': 0.9665602010430634, 'I_gpi': 2.161297636514143, 'noise_stn_sigma': 2.786750125928898, 'noise_gpe_sigma': 101.58069216912108, 'noise_gpi_sigma': 84.56718626255919, 'g_stn_gpe_mult': 3.2115604730045986, 'g_gpe_stn_mult': 0.1192814074392802, 'g_stn_gpi_mult': 2.2247029795749547, 'g_gpe_gpi_mult': 0.45842340323180314}. Best is trial 331 with value: 0.14032583319332823.
[I 2026-05-28 04:00:49,732] Trial 342 finished with value: 0.1360392895945436 and parameters: {'ISTN': 60.59658890114138, 'I_gpe': 1.103805160488065, 'I_gpi': 2.14577646342392, 'noise_stn_sigma': 2.635483121323107, 'noise_gpe_sigma': 99.48311922268113, 'noise_gpi_sigma': 84.59324331410464, 'g_stn_gpe_mult': 3.4215756345518806, 'g_gpe_stn_mult': 0.16487535818771137, 'g_stn_gpi_mult': 2.1893836395293302, 'g_gpe_gpi_mult': 0.3976419967882199}. Best is trial 342 with value: 0.1360392895945436.
[I 2026-05-28 04:00:50,737] Trial 343 finished with value: 0.15831721777169647 and parameters: {'ISTN': 60.08193478448225, 'I_gpe': 1.0372805044357534, 'I_gpi': 2.2418140934650594, 'noise_stn_sigma': 2.6858280989464025, 'noise_gpe_sigma': 96.3035563636349, 'noise_gpi_sigma': 78.93293018462441, 'g_stn_gpe_mult': 3.2747555974855658, 'g_gpe_stn_mult': 0.18315872167134162, 'g_stn_gpi_mult': 2.3240072641344387, 'g_gpe_gpi_mult': 0.4618470759098752}. Best is trial 342 with value: 0.1360392895945436.
[I 2026-05-28 04:00:51,742] Trial 344 finished with value: 0.15359616377440213 and parameters: {'ISTN': 60.51518827740953, 'I_gpe': 0.9697903163182848, 'I_gpi': 2.0767386064414266, 'noise_stn_sigma': 2.449672174940144, 'noise_gpe_sigma': 99.69343951474214, 'noise_gpi_sigma': 81.18952279499298, 'g_stn_gpe_mult': 3.4905411906879293, 'g_gpe_stn_mult': 0.1990914724102262, 'g_stn_gpi_mult': 2.33366166111108, 'g_gpe_gpi_mult': 0.4073949452854375}. Best is trial 342 with value: 0.1360392895945436.
[I 2026-05-28 04:00:52,749] Trial 345 finished with value: 0.1682518818479581 and parameters: {'ISTN': 62.15812118098449, 'I_gpe': 1.0064028115368364, 'I_gpi': 1.8621920691248088, 'noise_stn_sigma': 2.4249112912215347, 'noise_gpe_sigma': 96.8826242993489, 'noise_gpi_sigma': 81.71817951154098, 'g_stn_gpe_mult': 3.3282124254205465, 'g_gpe_stn_mult': 0.15674746515319007, 'g_stn_gpi_mult': 2.3737757465139833, 'g_gpe_gpi_mult': 0.3992383809435201}. Best is trial 342 with value: 0.1360392895945436.
[I 2026-05-28 04:00:53,754] Trial 346 finished with value: 0.3064087395493783 and parameters: {'ISTN': 60.2594090249572, 'I_gpe': 1.0475328550302552, 'I_gpi': 2.0528001040069714, 'noise_stn_sigma': 2.972482245456714, 'noise_gpe_sigma': 99.91827367383736, 'noise_gpi_sigma': 80.0224224298781, 'g_stn_gpe_mult': 3.37126370903156, 'g_gpe_stn_mult': 0.1774063510248799, 'g_stn_gpi_mult': 2.2137600819007672, 'g_gpe_gpi_mult': 0.4782573817183732}. Best is trial 342 with value: 0.1360392895945436.
[I 2026-05-28 04:00:54,760] Trial 347 finished with value: 0.38638344940444846 and parameters: {'ISTN': 60.308718266741224, 'I_gpe': 1.076140585719401, 'I_gpi': 2.2317232065240153, 'noise_stn_sigma': 2.723900056725756, 'noise_gpe_sigma': 99.0781921348176, 'noise_gpi_sigma': 80.04492750182048, 'g_stn_gpe_mult': 3.427756668403016, 'g_gpe_stn_mult': 0.15046342890036232, 'g_stn_gpi_mult': 2.2260673356434246, 'g_gpe_gpi_mult': 0.4360127269845062}. Best is trial 342 with value: 0.1360392895945436.
[I 2026-05-28 04:00:55,766] Trial 348 finished with value: 0.14365371893502069 and parameters: {'ISTN': 60.661587403043114, 'I_gpe': 1.0839061504455787, 'I_gpi': 2.018507405686358, 'noise_stn_sigma': 2.652032243680371, 'noise_gpe_sigma': 95.31245098543627, 'noise_gpi_sigma': 82.94391548046222, 'g_stn_gpe_mult': 3.2258245976016715, 'g_gpe_stn_mult': 0.1651617573835945, 'g_stn_gpi_mult': 2.166074146865755, 'g_gpe_gpi_mult': 0.4203887056618405}. Best is trial 342 with value: 0.1360392895945436.
[I 2026-05-28 04:00:56,772] Trial 349 finished with value: 0.1847556573435722 and parameters: {'ISTN': 63.50706592702301, 'I_gpe': 1.1552739212840835, 'I_gpi': 2.233760932520224, 'noise_stn_sigma': 2.7879307833458227, 'noise_gpe_sigma': 103.92311979162538, 'noise_gpi_sigma': 81.96278554937416, 'g_stn_gpe_mult': 3.209107338743986, 'g_gpe_stn_mult': 0.14135364752802657, 'g_stn_gpi_mult': 2.3061053992152165, 'g_gpe_gpi_mult': 0.48729339926174464}. Best is trial 342 with value: 0.1360392895945436.
[I 2026-05-28 04:00:57,776] Trial 350 finished with value: 0.1652999021967135 and parameters: {'ISTN': 61.52069695544898, 'I_gpe': 1.1261798361455657, 'I_gpi': 2.0608673554674164, 'noise_stn_sigma': 2.8006176710520347, 'noise_gpe_sigma': 97.36000616247546, 'noise_gpi_sigma': 85.2583180028986, 'g_stn_gpe_mult': 3.439181782356161, 'g_gpe_stn_mult': 0.1732788191844324, 'g_stn_gpi_mult': 2.27645719272187, 'g_gpe_gpi_mult': 0.4771241541663264}. Best is trial 342 with value: 0.1360392895945436.
[I 2026-05-28 04:00:58,782] Trial 351 finished with value: 0.33591499049568047 and parameters: {'ISTN': 60.85874208663448, 'I_gpe': 1.0869602431591772, 'I_gpi': 2.078746617467103, 'noise_stn_sigma': 2.263925305051374, 'noise_gpe_sigma': 99.90058408146297, 'noise_gpi_sigma': 79.04470574818885, 'g_stn_gpe_mult': 3.3506887490697546, 'g_gpe_stn_mult': 0.16213944739744449, 'g_stn_gpi_mult': 2.398972120171119, 'g_gpe_gpi_mult': 0.3845434776040685}. Best is trial 342 with value: 0.1360392895945436.
