[I 2026-05-28 04:05:24,968] Trial 616 finished with value: 0.1414610728421613 and parameters: {'ISTN': 60.91824727763093, 'I_gpe': 1.198267722851269, 'I_gpi': 1.9574400211556846, 'noise_stn_sigma': 2.5097623569134355, 'noise_gpe_sigma': 106.36372064989388, 'noise_gpi_sigma': 78.18319709191968, 'g_stn_gpe_mult': 3.3705739980680023, 'g_gpe_stn_mult': 0.17235430129254625, 'g_stn_gpi_mult': 2.5874101660800797, 'g_gpe_gpi_mult': 0.3197628609063628}. Best is trial 589 with value: 0.1287883906830688.
[I 2026-05-28 04:05:25,973] Trial 617 finished with value: 0.13059261037882505 and parameters: {'ISTN': 60.25836784614668, 'I_gpe': 1.117956655091834, 'I_gpi': 2.0038189515935914, 'noise_stn_sigma': 2.514994230861505, 'noise_gpe_sigma': 105.83002098718904, 'noise_gpi_sigma': 78.21724111282268, 'g_stn_gpe_mult': 3.4145849411519538, 'g_gpe_stn_mult': 0.17637202284432865, 'g_stn_gpi_mult': 2.523458787163346, 'g_gpe_gpi_mult': 0.3259343241214173}. Best is trial 589 with value: 0.1287883906830688.
[I 2026-05-28 04:05:26,977] Trial 618 finished with value: 0.13487729452852104 and parameters: {'ISTN': 60.732847113989685, 'I_gpe': 1.20980889802368, 'I_gpi': 1.9765209146628424, 'noise_stn_sigma': 2.516795142047587, 'noise_gpe_sigma': 108.52057534667938, 'noise_gpi_sigma': 81.42564832671255, 'g_stn_gpe_mult': 3.2891481745498323, 'g_gpe_stn_mult': 0.16535995640488926, 'g_stn_gpi_mult': 2.541522623175573, 'g_gpe_gpi_mult': 0.32602395769593506}. Best is trial 589 with value: 0.1287883906830688.
[I 2026-05-28 04:05:27,980] Trial 619 finished with value: 0.13683635040079367 and parameters: {'ISTN': 61.010746760100965, 'I_gpe': 1.143584884075489, 'I_gpi': 2.0142544655399006, 'noise_stn_sigma': 2.4932423193705375, 'noise_gpe_sigma': 105.99341774301388, 'noise_gpi_sigma': 81.58539768218364, 'g_stn_gpe_mult': 3.3974927862208038, 'g_gpe_stn_mult': 0.16979873102902449, 'g_stn_gpi_mult': 2.5053838176681236, 'g_gpe_gpi_mult': 0.31938035895779127}. Best is trial 589 with value: 0.1287883906830688.
[I 2026-05-28 04:05:28,985] Trial 620 finished with value: 0.13304722684372683 and parameters: {'ISTN': 60.54987823121898, 'I_gpe': 1.140321090397467, 'I_gpi': 1.9784523612759055, 'noise_stn_sigma': 2.562897975563332, 'noise_gpe_sigma': 107.5289636635696, 'noise_gpi_sigma': 81.40502710145174, 'g_stn_gpe_mult': 3.4318648417575286, 'g_gpe_stn_mult': 0.17252829536009032, 'g_stn_gpi_mult': 2.5231348521830905, 'g_gpe_gpi_mult': 0.32431518399380665}. Best is trial 589 with value: 0.1287883906830688.
[I 2026-05-28 04:05:29,992] Trial 621 finished with value: 0.14886283223375182 and parameters: {'ISTN': 60.00496605816861, 'I_gpe': 1.1586473467659406, 'I_gpi': 2.0016439825774004, 'noise_stn_sigma': 2.4739052581788723, 'noise_gpe_sigma': 107.14042075209106, 'noise_gpi_sigma': 79.23719822954492, 'g_stn_gpe_mult': 3.3896312338077523, 'g_gpe_stn_mult': 0.17566344636743517, 'g_stn_gpi_mult': 2.592281724706768, 'g_gpe_gpi_mult': 0.33073458193626604}. Best is trial 589 with value: 0.1287883906830688.
[I 2026-05-28 04:05:30,995] Trial 622 finished with value: 0.15328292471038854 and parameters: {'ISTN': 60.41387534858386, 'I_gpe': 1.132349531777988, 'I_gpi': 2.007931449197548, 'noise_stn_sigma': 2.5784245653892386, 'noise_gpe_sigma': 106.08178730994669, 'noise_gpi_sigma': 78.40495920956505, 'g_stn_gpe_mult': 3.4367138237260906, 'g_gpe_stn_mult': 0.16764788246700868, 'g_stn_gpi_mult': 2.52637475809027, 'g_gpe_gpi_mult': 0.3420573580521913}. Best is trial 589 with value: 0.1287883906830688.
[I 2026-05-28 04:05:31,940] Trial 623 finished with value: 1000000.0 and parameters: {'ISTN': 60.96133600512572, 'I_gpe': 1.1225899553678569, 'I_gpi': 1.991608368288718, 'noise_stn_sigma': 2.402797107357919, 'noise_gpe_sigma': 108.48579188119596, 'noise_gpi_sigma': 81.4289607568468, 'g_stn_gpe_mult': 3.3744276572018084, 'g_gpe_stn_mult': 0.17415280083261858, 'g_stn_gpi_mult': 2.526474640206037, 'g_gpe_gpi_mult': 0.32374891372447906}. Best is trial 589 with value: 0.1287883906830688.
[I 2026-05-28 04:05:32,945] Trial 624 finished with value: 0.1350714394774432 and parameters: {'ISTN': 60.24224621749643, 'I_gpe': 1.0997312268937391, 'I_gpi': 1.942914711222808, 'noise_stn_sigma': 2.5521405990665063, 'noise_gpe_sigma': 106.14937354836391, 'noise_gpi_sigma': 79.41954979955358, 'g_stn_gpe_mult': 3.3949418149462858, 'g_gpe_stn_mult': 0.17606612294825108, 'g_stn_gpi_mult': 2.5597559520379685, 'g_gpe_gpi_mult': 0.3127906628965227}. Best is trial 589 with value: 0.1287883906830688.
[I 2026-05-28 04:05:33,950] Trial 625 finished with value: 0.139083568182155 and parameters: {'ISTN': 60.54285651238749, 'I_gpe': 1.1162127687654726, 'I_gpi': 1.911823110780099, 'noise_stn_sigma': 2.4629012080756985, 'noise_gpe_sigma': 107.89224055189894, 'noise_gpi_sigma': 79.20247215464084, 'g_stn_gpe_mult': 3.433960008936584, 'g_gpe_stn_mult': 0.1708197608959037, 'g_stn_gpi_mult': 2.5172438664650882, 'g_gpe_gpi_mult': 0.2911143715958125}. Best is trial 589 with value: 0.1287883906830688.
[I 2026-05-28 04:05:34,954] Trial 626 finished with value: 0.1351892456972194 and parameters: {'ISTN': 60.30013756588209, 'I_gpe': 1.1701283312497988, 'I_gpi': 2.0224335186010034, 'noise_stn_sigma': 2.6405172534107137, 'noise_gpe_sigma': 106.55996550687242, 'noise_gpi_sigma': 79.4049041554899, 'g_stn_gpe_mult': 3.4220146548708237, 'g_gpe_stn_mult': 0.17653934298610358, 'g_stn_gpi_mult': 2.5361118482335847, 'g_gpe_gpi_mult': 0.3395637801536838}. Best is trial 589 with value: 0.1287883906830688.
[I 2026-05-28 04:05:35,958] Trial 627 finished with value: 0.13373846269918116 and parameters: {'ISTN': 60.97923544211209, 'I_gpe': 1.1572874200974361, 'I_gpi': 2.0109368357517226, 'noise_stn_sigma': 2.5341977030843283, 'noise_gpe_sigma': 107.24161126871773, 'noise_gpi_sigma': 79.13167928690243, 'g_stn_gpe_mult': 3.381164437737808, 'g_gpe_stn_mult': 0.16638274239700232, 'g_stn_gpi_mult': 2.5307964235503633, 'g_gpe_gpi_mult': 0.3278587293049582}. Best is trial 589 with value: 0.1287883906830688.
[I 2026-05-28 04:05:36,966] Trial 628 finished with value: 0.4341834803525739 and parameters: {'ISTN': 60.13723724485601, 'I_gpe': 1.1706728988520958, 'I_gpi': 2.0609386481103664, 'noise_stn_sigma': 2.5814770467196446, 'noise_gpe_sigma': 106.43475141443052, 'noise_gpi_sigma': 79.43775637388958, 'g_stn_gpe_mult': 3.3794059558532106, 'g_gpe_stn_mult': 0.1690491525117025, 'g_stn_gpi_mult': 2.4664501344648397, 'g_gpe_gpi_mult': 0.33430567405767864}. Best is trial 589 with value: 0.1287883906830688.
[I 2026-05-28 04:05:37,969] Trial 629 finished with value: 0.14227608856905194 and parameters: {'ISTN': 60.52201577288222, 'I_gpe': 1.1915605835484917, 'I_gpi': 2.000341665542919, 'noise_stn_sigma': 2.4912182471641486, 'noise_gpe_sigma': 107.28342915480142, 'noise_gpi_sigma': 78.77083983573789, 'g_stn_gpe_mult': 3.4026483684705777, 'g_gpe_stn_mult': 0.16957649392681035, 'g_stn_gpi_mult': 2.5042861537420786, 'g_gpe_gpi_mult': 0.3347984045526169}. Best is trial 589 with value: 0.1287883906830688.
[I 2026-05-28 04:05:38,973] Trial 630 finished with value: 0.13311271260857008 and parameters: {'ISTN': 60.3547389710173, 'I_gpe': 1.1361794806134773, 'I_gpi': 1.969016398831028, 'noise_stn_sigma': 2.578576751674214, 'noise_gpe_sigma': 106.88463545997168, 'noise_gpi_sigma': 78.73383590504685, 'g_stn_gpe_mult': 3.373760367000126, 'g_gpe_stn_mult': 0.17419121572960294, 'g_stn_gpi_mult': 2.545160481950808, 'g_gpe_gpi_mult': 0.31525512313504256}. Best is trial 589 with value: 0.1287883906830688.
[I 2026-05-28 04:05:39,980] Trial 631 finished with value: 0.13650603833262645 and parameters: {'ISTN': 60.7348937334499, 'I_gpe': 1.140024646884037, 'I_gpi': 1.9487938777416205, 'noise_stn_sigma': 2.5046760158540957, 'noise_gpe_sigma': 105.74300477039725, 'noise_gpi_sigma': 78.86695516874556, 'g_stn_gpe_mult': 3.4093508590493906, 'g_gpe_stn_mult': 0.16992281082550442, 'g_stn_gpi_mult': 2.550919962688835, 'g_gpe_gpi_mult': 0.3099774100703252}. Best is trial 589 with value: 0.1287883906830688.
[I 2026-05-28 04:05:40,985] Trial 632 finished with value: 0.13865094096593525 and parameters: {'ISTN': 60.63674558898768, 'I_gpe': 1.1740842532892701, 'I_gpi': 1.971253654174365, 'noise_stn_sigma': 2.627318518673251, 'noise_gpe_sigma': 107.74406295005926, 'noise_gpi_sigma': 79.94372288152405, 'g_stn_gpe_mult': 3.3528405688882077, 'g_gpe_stn_mult': 0.17328769170859615, 'g_stn_gpi_mult': 2.5624871570363705, 'g_gpe_gpi_mult': 0.34742493968010163}. Best is trial 589 with value: 0.1287883906830688.
[I 2026-05-28 04:05:41,989] Trial 633 finished with value: 0.27082841772732824 and parameters: {'ISTN': 60.615979749857125, 'I_gpe': 1.1817533186766038, 'I_gpi': 2.0376561693132285, 'noise_stn_sigma': 2.6810601756098027, 'noise_gpe_sigma': 104.99147736181727, 'noise_gpi_sigma': 78.83672792492263, 'g_stn_gpe_mult': 3.3562115760683082, 'g_gpe_stn_mult': 0.16339057682876962, 'g_stn_gpi_mult': 2.534665967329351, 'g_gpe_gpi_mult': 0.3483271217687547}. Best is trial 589 with value: 0.1287883906830688.
[I 2026-05-28 04:05:42,993] Trial 634 finished with value: 0.1330186549510777 and parameters: {'ISTN': 60.33315485056294, 'I_gpe': 1.1425847258088417, 'I_gpi': 1.9085547785504318, 'noise_stn_sigma': 2.581750860676483, 'noise_gpe_sigma': 106.45623381703216, 'noise_gpi_sigma': 80.26698697855147, 'g_stn_gpe_mult': 3.300577733773052, 'g_gpe_stn_mult': 0.17325136694707116, 'g_stn_gpi_mult': 2.613253153400847, 'g_gpe_gpi_mult': 0.3132861589100817}. Best is trial 589 with value: 0.1287883906830688.
[I 2026-05-28 04:05:43,998] Trial 635 finished with value: 0.13585008246960892 and parameters: {'ISTN': 60.47664607420434, 'I_gpe': 1.1744662059909472, 'I_gpi': 2.016535027903723, 'noise_stn_sigma': 2.64905288577137, 'noise_gpe_sigma': 105.35791277092925, 'noise_gpi_sigma': 78.86244627270541, 'g_stn_gpe_mult': 3.356515524142952, 'g_gpe_stn_mult': 0.17316352476387256, 'g_stn_gpi_mult': 2.5646806124731425, 'g_gpe_gpi_mult': 0.31845906622196685}. Best is trial 589 with value: 0.1287883906830688.
[I 2026-05-28 04:05:45,004] Trial 636 finished with value: 0.1337710837443814 and parameters: {'ISTN': 60.61514629309883, 'I_gpe': 1.1787165080400233, 'I_gpi': 2.024505181133756, 'noise_stn_sigma': 2.528126131925637, 'noise_gpe_sigma': 108.11892899302856, 'noise_gpi_sigma': 81.59670941264622, 'g_stn_gpe_mult': 3.345218334985153, 'g_gpe_stn_mult': 0.16800584876257418, 'g_stn_gpi_mult': 2.5489768288200203, 'g_gpe_gpi_mult': 0.3032610391776469}. Best is trial 589 with value: 0.1287883906830688.
[I 2026-05-28 04:05:46,009] Trial 637 finished with value: 0.1352170848416177 and parameters: {'ISTN': 60.88168469865397, 'I_gpe': 1.1582830173142382, 'I_gpi': 1.9784928320865687, 'noise_stn_sigma': 2.559677465372762, 'noise_gpe_sigma': 107.07256739386574, 'noise_gpi_sigma': 78.0040338730013, 'g_stn_gpe_mult': 3.3785776668192344, 'g_gpe_stn_mult': 0.16409349697494258, 'g_stn_gpi_mult': 2.5698748402284384, 'g_gpe_gpi_mult': 0.3227107548849407}. Best is trial 589 with value: 0.1287883906830688.
[I 2026-05-28 04:05:47,013] Trial 638 finished with value: 0.140998344663369 and parameters: {'ISTN': 61.177980962941184, 'I_gpe': 1.1100861662507389, 'I_gpi': 2.000550876202186, 'noise_stn_sigma': 2.603489469789827, 'noise_gpe_sigma': 106.78719462229176, 'noise_gpi_sigma': 78.51928197972029, 'g_stn_gpe_mult': 3.4325546721630285, 'g_gpe_stn_mult': 0.1729254735418448, 'g_stn_gpi_mult': 2.5401291897264917, 'g_gpe_gpi_mult': 0.3434639056765525}. Best is trial 589 with value: 0.1287883906830688.
[I 2026-05-28 04:05:48,017] Trial 639 finished with value: 0.13736918432764122 and parameters: {'ISTN': 60.92072984933922, 'I_gpe': 1.1361936947084958, 'I_gpi': 1.9337966171165866, 'noise_stn_sigma': 2.6004215741991494, 'noise_gpe_sigma': 106.70624499667942, 'noise_gpi_sigma': 79.42778432241452, 'g_stn_gpe_mult': 3.4256630819080263, 'g_gpe_stn_mult': 0.16613575632510053, 'g_stn_gpi_mult': 2.527603610967024, 'g_gpe_gpi_mult': 0.3120746785718192}. Best is trial 589 with value: 0.1287883906830688.
[I 2026-05-28 04:05:49,021] Trial 640 finished with value: 0.13724067051979327 and parameters: {'ISTN': 60.518228448664736, 'I_gpe': 1.0868565801151244, 'I_gpi': 1.9716956490711168, 'noise_stn_sigma': 2.613764076856285, 'noise_gpe_sigma': 107.60069006703449, 'noise_gpi_sigma': 78.35386996647915, 'g_stn_gpe_mult': 3.4289173039841283, 'g_gpe_stn_mult': 0.17463364188031355, 'g_stn_gpi_mult': 2.526199392632756, 'g_gpe_gpi_mult': 0.31368280950061955}. Best is trial 589 with value: 0.1287883906830688.
[I 2026-05-28 04:05:50,026] Trial 641 finished with value: 0.13791317788841345 and parameters: {'ISTN': 60.7271323288947, 'I_gpe': 1.1886685126442909, 'I_gpi': 1.9333047232349305, 'noise_stn_sigma': 2.5575050825748376, 'noise_gpe_sigma': 109.61739274753528, 'noise_gpi_sigma': 79.13784182691981, 'g_stn_gpe_mult': 3.3025709008799216, 'g_gpe_stn_mult': 0.16834489144212042, 'g_stn_gpi_mult': 2.634481154771123, 'g_gpe_gpi_mult': 0.29403454325236}. Best is trial 589 with value: 0.1287883906830688.
[I 2026-05-28 04:05:51,029] Trial 642 finished with value: 0.13199780604624992 and parameters: {'ISTN': 60.27973374839895, 'I_gpe': 1.1919513503612196, 'I_gpi': 1.9691926899579633, 'noise_stn_sigma': 2.4574896975685494, 'noise_gpe_sigma': 108.03655097798594, 'noise_gpi_sigma': 79.81071005381847, 'g_stn_gpe_mult': 3.3265362878284517, 'g_gpe_stn_mult': 0.17605974651056266, 'g_stn_gpi_mult': 2.5764435126856764, 'g_gpe_gpi_mult': 0.3073826188041058}. Best is trial 589 with value: 0.1287883906830688.
[I 2026-05-28 04:05:52,035] Trial 643 finished with value: 0.1339131783255067 and parameters: {'ISTN': 60.40818513710241, 'I_gpe': 1.1276403323578763, 'I_gpi': 1.9828839812931753, 'noise_stn_sigma': 2.579590372661518, 'noise_gpe_sigma': 106.78035385149369, 'noise_gpi_sigma': 80.73955493913928, 'g_stn_gpe_mult': 3.361158617323821, 'g_gpe_stn_mult': 0.17502110075996508, 'g_stn_gpi_mult': 2.541381007362352, 'g_gpe_gpi_mult': 0.3272757155247351}. Best is trial 589 with value: 0.1287883906830688.
[I 2026-05-28 04:05:53,039] Trial 644 finished with value: 0.13146451266735384 and parameters: {'ISTN': 60.06681501733955, 'I_gpe': 1.1561833759780415, 'I_gpi': 1.9587401915118554, 'noise_stn_sigma': 2.5427405209348475, 'noise_gpe_sigma': 106.146483618111, 'noise_gpi_sigma': 78.99595065375196, 'g_stn_gpe_mult': 3.2961471275938, 'g_gpe_stn_mult': 0.1774410686778575, 'g_stn_gpi_mult': 2.6019723576167366, 'g_gpe_gpi_mult': 0.30740654467143885}. Best is trial 589 with value: 0.1287883906830688.
[I 2026-05-28 04:05:54,044] Trial 645 finished with value: 0.14388337939873583 and parameters: {'ISTN': 61.40888518647237, 'I_gpe': 1.2117568305346227, 'I_gpi': 2.036601437379111, 'noise_stn_sigma': 2.510449961264654, 'noise_gpe_sigma': 108.00013274241601, 'noise_gpi_sigma': 78.7484020369988, 'g_stn_gpe_mult': 3.32940341339219, 'g_gpe_stn_mult': 0.15883461170584073, 'g_stn_gpi_mult': 2.550826921935352, 'g_gpe_gpi_mult': 0.29396423639531855}. Best is trial 589 with value: 0.1287883906830688.
[I 2026-05-28 04:05:55,049] Trial 646 finished with value: 0.13801560196988438 and parameters: {'ISTN': 60.87842109697689, 'I_gpe': 1.131353714035548, 'I_gpi': 1.9560989756494729, 'noise_stn_sigma': 2.523716012476683, 'noise_gpe_sigma': 107.5065718118996, 'noise_gpi_sigma': 79.22877842856026, 'g_stn_gpe_mult': 3.3572549967006946, 'g_gpe_stn_mult': 0.17380394196336524, 'g_stn_gpi_mult': 2.5935680428212993, 'g_gpe_gpi_mult': 0.3169262925626257}. Best is trial 589 with value: 0.1287883906830688.
[I 2026-05-28 04:05:56,053] Trial 647 finished with value: 0.3524846162831876 and parameters: {'ISTN': 60.09986609235208, 'I_gpe': 1.165916579478687, 'I_gpi': 1.9621707598024636, 'noise_stn_sigma': 2.5148709820261903, 'noise_gpe_sigma': 106.35274301227545, 'noise_gpi_sigma': 78.59848740297343, 'g_stn_gpe_mult': 3.3387027796029853, 'g_gpe_stn_mult': 0.16887929351645686, 'g_stn_gpi_mult': 2.5122653597041236, 'g_gpe_gpi_mult': 0.2996310329826371}. Best is trial 589 with value: 0.1287883906830688.
[I 2026-05-28 04:05:57,056] Trial 648 finished with value: 0.13190698553265492 and parameters: {'ISTN': 60.534260646037765, 'I_gpe': 1.1623651470014087, 'I_gpi': 1.967416832570588, 'noise_stn_sigma': 2.592684590649344, 'noise_gpe_sigma': 105.70408073637515, 'noise_gpi_sigma': 82.38621754797171, 'g_stn_gpe_mult': 3.359882502652604, 'g_gpe_stn_mult': 0.17084687147008237, 'g_stn_gpi_mult': 2.510743125598727, 'g_gpe_gpi_mult': 0.30897831885720073}. Best is trial 589 with value: 0.1287883906830688.
[I 2026-05-28 04:05:58,061] Trial 649 finished with value: 0.13799952305498053 and parameters: {'ISTN': 60.85646586090266, 'I_gpe': 1.1548191520380078, 'I_gpi': 1.90430017895937, 'noise_stn_sigma': 2.5675559155995553, 'noise_gpe_sigma': 104.8526380740607, 'noise_gpi_sigma': 78.65888723393266, 'g_stn_gpe_mult': 3.2626140794647074, 'g_gpe_stn_mult': 0.1666982773183286, 'g_stn_gpi_mult': 2.6438472316269945, 'g_gpe_gpi_mult': 0.3081968618455318}. Best is trial 589 with value: 0.1287883906830688.
[I 2026-05-28 04:05:59,068] Trial 650 finished with value: 0.13333707136616305 and parameters: {'ISTN': 60.38058807435686, 'I_gpe': 1.131072828750363, 'I_gpi': 1.9756267343097251, 'noise_stn_sigma': 2.6208315143101997, 'noise_gpe_sigma': 106.98631066786808, 'noise_gpi_sigma': 78.85480663289098, 'g_stn_gpe_mult': 3.3516457645280493, 'g_gpe_stn_mult': 0.17173687463006437, 'g_stn_gpi_mult': 2.5694078469505426, 'g_gpe_gpi_mult': 0.318020682693168}. Best is trial 589 with value: 0.1287883906830688.
[I 2026-05-28 04:06:00,074] Trial 651 finished with value: 0.13595000021143125 and parameters: {'ISTN': 60.38503644235731, 'I_gpe': 1.1205492312270255, 'I_gpi': 1.9434671680149376, 'noise_stn_sigma': 2.490536803522486, 'noise_gpe_sigma': 107.39343979564602, 'noise_gpi_sigma': 82.61104441263385, 'g_stn_gpe_mult': 3.321860381875835, 'g_gpe_stn_mult': 0.1743100646389838, 'g_stn_gpi_mult': 2.5290735695860875, 'g_gpe_gpi_mult': 0.299135466321236}. Best is trial 589 with value: 0.1287883906830688.
[I 2026-05-28 04:06:01,077] Trial 652 finished with value: 0.17060453239512163 and parameters: {'ISTN': 60.796678946312845, 'I_gpe': 1.1641408862439624, 'I_gpi': 1.9729466250769876, 'noise_stn_sigma': 2.592817001197682, 'noise_gpe_sigma': 107.32632613731361, 'noise_gpi_sigma': 79.40339284221929, 'g_stn_gpe_mult': 3.3183522478544, 'g_gpe_stn_mult': 0.16491261569619886, 'g_stn_gpi_mult': 2.593468606998746, 'g_gpe_gpi_mult': 0.2975641333158171}. Best is trial 589 with value: 0.1287883906830688.
[I 2026-05-28 04:06:02,083] Trial 653 finished with value: 0.14275356887970284 and parameters: {'ISTN': 60.86617023962299, 'I_gpe': 1.1397139010357165, 'I_gpi': 1.981074808407672, 'noise_stn_sigma': 2.5321048390928134, 'noise_gpe_sigma': 108.40121997011295, 'noise_gpi_sigma': 78.77070726706991, 'g_stn_gpe_mult': 3.3373346206555423, 'g_gpe_stn_mult': 0.179034983118489, 'g_stn_gpi_mult': 2.5730984184952144, 'g_gpe_gpi_mult': 0.29144101865073263}. Best is trial 589 with value: 0.1287883906830688.
[I 2026-05-28 04:06:03,087] Trial 654 finished with value: 0.2429928353551825 and parameters: {'ISTN': 60.186283817731464, 'I_gpe': 1.160490237649421, 'I_gpi': 1.9602458255000808, 'noise_stn_sigma': 2.5884377611838305, 'noise_gpe_sigma': 106.86916224905113, 'noise_gpi_sigma': 79.35699219369015, 'g_stn_gpe_mult': 3.313199001587465, 'g_gpe_stn_mult': 0.1711759783392513, 'g_stn_gpi_mult': 2.5774179738353005, 'g_gpe_gpi_mult': 0.29100076016594234}. Best is trial 589 with value: 0.1287883906830688.
[I 2026-05-28 04:06:04,090] Trial 655 finished with value: 0.1419753195166039 and parameters: {'ISTN': 61.10940287900448, 'I_gpe': 1.1849521703332666, 'I_gpi': 1.9823931125749572, 'noise_stn_sigma': 2.527262182973905, 'noise_gpe_sigma': 106.61310542649628, 'noise_gpi_sigma': 81.76792301234701, 'g_stn_gpe_mult': 3.3214738299821556, 'g_gpe_stn_mult': 0.17002688863494042, 'g_stn_gpi_mult': 2.5283324953027764, 'g_gpe_gpi_mult': 0.30692492032164487}. Best is trial 589 with value: 0.1287883906830688.
[I 2026-05-28 04:06:05,094] Trial 656 finished with value: 0.9063332717577929 and parameters: {'ISTN': 60.121173628800165, 'I_gpe': 1.1631242883679411, 'I_gpi': 1.9954085244874409, 'noise_stn_sigma': 2.5743733049020037, 'noise_gpe_sigma': 106.98227973545193, 'noise_gpi_sigma': 79.97803447588981, 'g_stn_gpe_mult': 3.30767214386365, 'g_gpe_stn_mult': 0.1694804740502709, 'g_stn_gpi_mult': 2.551332405795477, 'g_gpe_gpi_mult': 0.3218390145164409}. Best is trial 589 with value: 0.1287883906830688.
[I 2026-05-28 04:06:06,099] Trial 657 finished with value: 0.131752057278619 and parameters: {'ISTN': 60.278740523758074, 'I_gpe': 1.160609122881254, 'I_gpi': 1.9851777750328607, 'noise_stn_sigma': 2.4276036881759353, 'noise_gpe_sigma': 106.70733913370027, 'noise_gpi_sigma': 81.0358624184319, 'g_stn_gpe_mult': 3.359788972942128, 'g_gpe_stn_mult': 0.1761917733819218, 'g_stn_gpi_mult': 2.5360979425969457, 'g_gpe_gpi_mult': 0.2987498304867604}. Best is trial 589 with value: 0.1287883906830688.
[I 2026-05-28 04:06:07,104] Trial 658 finished with value: 0.12781233580747 and parameters: {'ISTN': 60.049491078826385, 'I_gpe': 1.1738999307191116, 'I_gpi': 1.9705920390240954, 'noise_stn_sigma': 2.5726755883319243, 'noise_gpe_sigma': 106.01408544871414, 'noise_gpi_sigma': 81.51581688181602, 'g_stn_gpe_mult': 3.334978004606999, 'g_gpe_stn_mult': 0.1758540337545848, 'g_stn_gpi_mult': 2.5700038657780726, 'g_gpe_gpi_mult': 0.305211788511021}. Best is trial 658 with value: 0.12781233580747.
[I 2026-05-28 04:06:08,109] Trial 659 finished with value: 0.14270823852566578 and parameters: {'ISTN': 61.04574391302353, 'I_gpe': 1.1926373366486736, 'I_gpi': 1.9576132743437338, 'noise_stn_sigma': 2.458903635445592, 'noise_gpe_sigma': 107.0099045386468, 'noise_gpi_sigma': 81.38187316788289, 'g_stn_gpe_mult': 3.277639451086001, 'g_gpe_stn_mult': 0.17214528183548378, 'g_stn_gpi_mult': 2.5511463729053228, 'g_gpe_gpi_mult': 0.2932872184595855}. Best is trial 658 with value: 0.12781233580747.
