[I 2026-05-28 02:39:35,074] Trial 564 finished with value: 1000000.0 and parameters: {'ISTN': 61.27120130101007, 'I_gpe': 1.1459560353844127, 'I_gpi': 2.2119182228597705, 'noise_stn_sigma': 1.2201238934412528, 'noise_gpe_sigma': 137.92368661188536, 'noise_gpi_sigma': 140.81583768195804, 'g_stn_gpe_mult': 2.375155438560099, 'g_gpe_stn_mult': 0.16077861865869175, 'g_stn_gpi_mult': 1.2154367700856108, 'g_gpe_gpi_mult': 0.9148279448390177}. Best is trial 540 with value: 0.006414671488475808.
[I 2026-05-28 02:39:36,084] Trial 565 finished with value: 0.014550172217168929 and parameters: {'ISTN': 60.69492838084753, 'I_gpe': 1.1489781008113327, 'I_gpi': 2.299975217418936, 'noise_stn_sigma': 1.1887330480976939, 'noise_gpe_sigma': 138.59243499987073, 'noise_gpi_sigma': 138.99123778247417, 'g_stn_gpe_mult': 2.4122911989286253, 'g_gpe_stn_mult': 0.1870041913443988, 'g_stn_gpi_mult': 1.22967948097108, 'g_gpe_gpi_mult': 0.9298596377077799}. Best is trial 540 with value: 0.006414671488475808.
[I 2026-05-28 02:39:37,090] Trial 566 finished with value: 0.01326091710258966 and parameters: {'ISTN': 60.9081704900473, 'I_gpe': 1.0554038202104448, 'I_gpi': 2.242094539360832, 'noise_stn_sigma': 1.1101653942873753, 'noise_gpe_sigma': 137.72903881287448, 'noise_gpi_sigma': 137.97760501458816, 'g_stn_gpe_mult': 2.3053955720815065, 'g_gpe_stn_mult': 0.1862973304370476, 'g_stn_gpi_mult': 1.2952113301302228, 'g_gpe_gpi_mult': 0.9564620113176938}. Best is trial 540 with value: 0.006414671488475808.
[I 2026-05-28 02:39:38,099] Trial 567 finished with value: 0.014315204301099525 and parameters: {'ISTN': 61.149517753134724, 'I_gpe': 1.1239669243715031, 'I_gpi': 2.1894668293835293, 'noise_stn_sigma': 1.1588165278151155, 'noise_gpe_sigma': 136.61345779615488, 'noise_gpi_sigma': 141.26444107828377, 'g_stn_gpe_mult': 2.49939265992587, 'g_gpe_stn_mult': 0.1754430938374309, 'g_stn_gpi_mult': 1.2446763419055855, 'g_gpe_gpi_mult': 0.9298986387375172}. Best is trial 540 with value: 0.006414671488475808.
[I 2026-05-28 02:39:39,105] Trial 568 finished with value: 0.02892594271202856 and parameters: {'ISTN': 61.40260326899255, 'I_gpe': 1.1246458074070134, 'I_gpi': 2.323634206758208, 'noise_stn_sigma': 1.2933844160484531, 'noise_gpe_sigma': 133.2616296308115, 'noise_gpi_sigma': 137.44507614266757, 'g_stn_gpe_mult': 2.486778333115815, 'g_gpe_stn_mult': 0.18470943661972472, 'g_stn_gpi_mult': 1.2769205552806224, 'g_gpe_gpi_mult': 0.9474606297130634}. Best is trial 540 with value: 0.006414671488475808.
[I 2026-05-28 02:39:40,114] Trial 569 finished with value: 0.015977272751699342 and parameters: {'ISTN': 61.0248708015309, 'I_gpe': 1.0685090758685902, 'I_gpi': 2.2624045310280674, 'noise_stn_sigma': 1.1809370121489515, 'noise_gpe_sigma': 139.56303473050139, 'noise_gpi_sigma': 139.48236743154257, 'g_stn_gpe_mult': 2.3782496498845074, 'g_gpe_stn_mult': 0.18624863519710416, 'g_stn_gpi_mult': 1.2135061219274608, 'g_gpe_gpi_mult': 0.925698346022394}. Best is trial 540 with value: 0.006414671488475808.
[I 2026-05-28 02:39:41,123] Trial 570 finished with value: 0.026614444191983375 and parameters: {'ISTN': 61.09129947982352, 'I_gpe': 1.0676119165184847, 'I_gpi': 2.183493355874621, 'noise_stn_sigma': 1.1752541782499861, 'noise_gpe_sigma': 136.97026401557122, 'noise_gpi_sigma': 137.3822726613674, 'g_stn_gpe_mult': 2.485108261377767, 'g_gpe_stn_mult': 0.19204753229367882, 'g_stn_gpi_mult': 1.2909237698300995, 'g_gpe_gpi_mult': 0.9431622117127552}. Best is trial 540 with value: 0.006414671488475808.
[I 2026-05-28 02:39:42,134] Trial 571 finished with value: 0.012118423682676563 and parameters: {'ISTN': 60.446466491713316, 'I_gpe': 1.0993506521211889, 'I_gpi': 2.2691953147245343, 'noise_stn_sigma': 1.204556086460661, 'noise_gpe_sigma': 136.37824684628504, 'noise_gpi_sigma': 140.2458619172563, 'g_stn_gpe_mult': 2.443577167118173, 'g_gpe_stn_mult': 0.17463521404218224, 'g_stn_gpi_mult': 1.2116983590490187, 'g_gpe_gpi_mult': 0.935288586298276}. Best is trial 540 with value: 0.006414671488475808.
[I 2026-05-28 02:39:43,146] Trial 572 finished with value: 0.03687618042353953 and parameters: {'ISTN': 61.08342043325374, 'I_gpe': 1.0851990194881633, 'I_gpi': 2.1979254632603804, 'noise_stn_sigma': 1.1537642167129984, 'noise_gpe_sigma': 137.75765927542682, 'noise_gpi_sigma': 142.64744937160378, 'g_stn_gpe_mult': 2.393293607068803, 'g_gpe_stn_mult': 0.19549416350856652, 'g_stn_gpi_mult': 1.2024988584896135, 'g_gpe_gpi_mult': 0.9448149122340654}. Best is trial 540 with value: 0.006414671488475808.
[I 2026-05-28 02:39:44,154] Trial 573 finished with value: 0.019494942331979365 and parameters: {'ISTN': 61.154278628114035, 'I_gpe': 1.1493954571801515, 'I_gpi': 2.2893519514555236, 'noise_stn_sigma': 1.0771418746321173, 'noise_gpe_sigma': 138.93530855488552, 'noise_gpi_sigma': 136.11246943299687, 'g_stn_gpe_mult': 2.320017018841892, 'g_gpe_stn_mult': 0.1830454166268371, 'g_stn_gpi_mult': 1.2592158847184445, 'g_gpe_gpi_mult': 0.9300136814937621}. Best is trial 540 with value: 0.006414671488475808.
[I 2026-05-28 02:39:45,165] Trial 574 finished with value: 0.014330644543278112 and parameters: {'ISTN': 61.02648697923633, 'I_gpe': 1.1361877004403989, 'I_gpi': 2.1949332673160242, 'noise_stn_sigma': 1.0886584627596059, 'noise_gpe_sigma': 134.51144458023612, 'noise_gpi_sigma': 141.82616447956298, 'g_stn_gpe_mult': 2.4457503696195646, 'g_gpe_stn_mult': 0.17185213944782574, 'g_stn_gpi_mult': 1.230334417640212, 'g_gpe_gpi_mult': 0.9099023762375353}. Best is trial 540 with value: 0.006414671488475808.
[I 2026-05-28 02:39:46,174] Trial 575 finished with value: 0.02368504957298787 and parameters: {'ISTN': 61.4729369228521, 'I_gpe': 1.1066581519400924, 'I_gpi': 2.2108704125395846, 'noise_stn_sigma': 1.1101177892831904, 'noise_gpe_sigma': 136.72347172628793, 'noise_gpi_sigma': 140.7656119642395, 'g_stn_gpe_mult': 2.3614192114058223, 'g_gpe_stn_mult': 0.18148593392706014, 'g_stn_gpi_mult': 1.266470672625778, 'g_gpe_gpi_mult': 0.9484093658132069}. Best is trial 540 with value: 0.006414671488475808.
[I 2026-05-28 02:39:47,183] Trial 576 finished with value: 0.01887533628251557 and parameters: {'ISTN': 60.79648326830884, 'I_gpe': 1.0860975656714351, 'I_gpi': 2.28922107130279, 'noise_stn_sigma': 1.0409801277623143, 'noise_gpe_sigma': 135.35248602571946, 'noise_gpi_sigma': 139.1796041914337, 'g_stn_gpe_mult': 2.471337784416258, 'g_gpe_stn_mult': 0.17720207903195972, 'g_stn_gpi_mult': 1.278466576131354, 'g_gpe_gpi_mult': 0.9256819789586594}. Best is trial 540 with value: 0.006414671488475808.
[I 2026-05-28 02:39:48,192] Trial 577 finished with value: 0.022894394986500304 and parameters: {'ISTN': 60.23598547899796, 'I_gpe': 1.0963441254000506, 'I_gpi': 2.3045938337043603, 'noise_stn_sigma': 1.1525270658673334, 'noise_gpe_sigma': 135.2624355885767, 'noise_gpi_sigma': 138.1770769803565, 'g_stn_gpe_mult': 2.500419823270017, 'g_gpe_stn_mult': 0.18826994849709514, 'g_stn_gpi_mult': 1.3081922974806282, 'g_gpe_gpi_mult': 0.9389440807135498}. Best is trial 540 with value: 0.006414671488475808.
[I 2026-05-28 02:39:49,202] Trial 578 finished with value: 0.0209707023941859 and parameters: {'ISTN': 61.13090103599952, 'I_gpe': 1.1644892191587615, 'I_gpi': 2.253088781919362, 'noise_stn_sigma': 1.1284666012523221, 'noise_gpe_sigma': 137.58833895245883, 'noise_gpi_sigma': 138.59973309121165, 'g_stn_gpe_mult': 2.4091580726620325, 'g_gpe_stn_mult': 0.18007663208374403, 'g_stn_gpi_mult': 1.2710061245096644, 'g_gpe_gpi_mult': 0.9566840282098841}. Best is trial 540 with value: 0.006414671488475808.
[I 2026-05-28 02:39:50,209] Trial 579 finished with value: 0.017243110506683562 and parameters: {'ISTN': 60.7884684190921, 'I_gpe': 1.080656349702362, 'I_gpi': 2.2213915868610963, 'noise_stn_sigma': 1.1322816930386814, 'noise_gpe_sigma': 139.12317209376874, 'noise_gpi_sigma': 137.68297702279068, 'g_stn_gpe_mult': 2.278611144592347, 'g_gpe_stn_mult': 0.19009476912811857, 'g_stn_gpi_mult': 1.2904956532084735, 'g_gpe_gpi_mult': 0.9310411454428975}. Best is trial 540 with value: 0.006414671488475808.
[I 2026-05-28 02:39:51,218] Trial 580 finished with value: 0.014895592524069894 and parameters: {'ISTN': 61.14909732805782, 'I_gpe': 1.0890267957976612, 'I_gpi': 2.1865942652581962, 'noise_stn_sigma': 1.2324386991687966, 'noise_gpe_sigma': 137.61264723490655, 'noise_gpi_sigma': 138.44605952021578, 'g_stn_gpe_mult': 2.472809324741183, 'g_gpe_stn_mult': 0.1724087142033564, 'g_stn_gpi_mult': 1.2290740569922045, 'g_gpe_gpi_mult': 0.9370480733035882}. Best is trial 540 with value: 0.006414671488475808.
[I 2026-05-28 02:39:52,228] Trial 581 finished with value: 0.01601038752713605 and parameters: {'ISTN': 60.60025888307579, 'I_gpe': 1.0691038560752264, 'I_gpi': 2.322898418890759, 'noise_stn_sigma': 1.355525269539612, 'noise_gpe_sigma': 133.10762388148925, 'noise_gpi_sigma': 140.5423961826449, 'g_stn_gpe_mult': 2.3912687534252774, 'g_gpe_stn_mult': 0.17594242179807928, 'g_stn_gpi_mult': 1.2530647903462933, 'g_gpe_gpi_mult': 0.9262677360520095}. Best is trial 540 with value: 0.006414671488475808.
[I 2026-05-28 02:39:53,235] Trial 582 finished with value: 0.01588688860211491 and parameters: {'ISTN': 60.44131781403081, 'I_gpe': 1.1373570743937083, 'I_gpi': 2.1952398138094615, 'noise_stn_sigma': 1.052736911816729, 'noise_gpe_sigma': 135.91816766247183, 'noise_gpi_sigma': 139.61837934466894, 'g_stn_gpe_mult': 2.521939258395223, 'g_gpe_stn_mult': 0.19151094439183303, 'g_stn_gpi_mult': 1.2238023406702545, 'g_gpe_gpi_mult': 0.9318941681733519}. Best is trial 540 with value: 0.006414671488475808.
[I 2026-05-28 02:39:54,241] Trial 583 finished with value: 0.010063713666511043 and parameters: {'ISTN': 61.52586423001368, 'I_gpe': 1.1149515823922829, 'I_gpi': 2.217285997819273, 'noise_stn_sigma': 1.0419035395395186, 'noise_gpe_sigma': 140.06828027715991, 'noise_gpi_sigma': 138.06982012619025, 'g_stn_gpe_mult': 2.314981863041471, 'g_gpe_stn_mult': 0.16166997279535705, 'g_stn_gpi_mult': 1.2311603523184789, 'g_gpe_gpi_mult': 0.8956814814030658}. Best is trial 540 with value: 0.006414671488475808.
[I 2026-05-28 02:39:55,251] Trial 584 finished with value: 0.015898571818773098 and parameters: {'ISTN': 60.375238679517636, 'I_gpe': 1.0638739544829332, 'I_gpi': 2.2586502388990684, 'noise_stn_sigma': 1.265330873014859, 'noise_gpe_sigma': 133.3373500098523, 'noise_gpi_sigma': 142.9812574441458, 'g_stn_gpe_mult': 2.4636578368607447, 'g_gpe_stn_mult': 0.16970576729006553, 'g_stn_gpi_mult': 1.188160202967334, 'g_gpe_gpi_mult': 0.9217883138545764}. Best is trial 540 with value: 0.006414671488475808.
[I 2026-05-28 02:39:56,259] Trial 585 finished with value: 0.016576242413479804 and parameters: {'ISTN': 60.41653905502417, 'I_gpe': 1.1604362257122958, 'I_gpi': 2.144597544622904, 'noise_stn_sigma': 1.189172081481307, 'noise_gpe_sigma': 139.48389191022113, 'noise_gpi_sigma': 136.62346519512215, 'g_stn_gpe_mult': 2.3219940209643832, 'g_gpe_stn_mult': 0.17705523309185256, 'g_stn_gpi_mult': 1.2642879139163874, 'g_gpe_gpi_mult': 0.9184920524091}. Best is trial 540 with value: 0.006414671488475808.
[I 2026-05-28 02:39:57,267] Trial 586 finished with value: 0.032704150716633476 and parameters: {'ISTN': 62.60162444464471, 'I_gpe': 1.1039657539661878, 'I_gpi': 2.2056187360160413, 'noise_stn_sigma': 1.0094436796965167, 'noise_gpe_sigma': 139.119564423597, 'noise_gpi_sigma': 140.28630045349684, 'g_stn_gpe_mult': 2.476145460795365, 'g_gpe_stn_mult': 0.16974247925773295, 'g_stn_gpi_mult': 1.2157811633005613, 'g_gpe_gpi_mult': 0.8879251391922862}. Best is trial 540 with value: 0.006414671488475808.
[I 2026-05-28 02:39:58,275] Trial 587 finished with value: 0.013723008178367408 and parameters: {'ISTN': 60.77699778869488, 'I_gpe': 1.102139316197071, 'I_gpi': 2.2203882117034626, 'noise_stn_sigma': 1.2763371263111742, 'noise_gpe_sigma': 138.29823458608763, 'noise_gpi_sigma': 141.13702867539945, 'g_stn_gpe_mult': 2.4810387669445295, 'g_gpe_stn_mult': 0.1666503256836669, 'g_stn_gpi_mult': 1.1908565019342847, 'g_gpe_gpi_mult': 0.9190114837194221}. Best is trial 540 with value: 0.006414671488475808.
[I 2026-05-28 02:39:59,284] Trial 588 finished with value: 0.4270809299055116 and parameters: {'ISTN': 60.152173761367, 'I_gpe': 1.0460181719357524, 'I_gpi': 2.127646404840148, 'noise_stn_sigma': 1.0585757294586617, 'noise_gpe_sigma': 134.79022700754376, 'noise_gpi_sigma': 144.239040744921, 'g_stn_gpe_mult': 2.5158961335221726, 'g_gpe_stn_mult': 0.17139933527394097, 'g_stn_gpi_mult': 1.2258214775364957, 'g_gpe_gpi_mult': 0.9360508572312118}. Best is trial 540 with value: 0.006414671488475808.
[I 2026-05-28 02:40:00,292] Trial 589 finished with value: 0.0136622135238705 and parameters: {'ISTN': 60.341403102707126, 'I_gpe': 1.088990811415079, 'I_gpi': 2.291590696111075, 'noise_stn_sigma': 1.1786662278285425, 'noise_gpe_sigma': 137.14592660871187, 'noise_gpi_sigma': 141.246580362724, 'g_stn_gpe_mult': 2.4810880569394023, 'g_gpe_stn_mult': 0.17135138433003708, 'g_stn_gpi_mult': 1.2225912206305618, 'g_gpe_gpi_mult': 0.9212550818137684}. Best is trial 540 with value: 0.006414671488475808.
[I 2026-05-28 02:40:01,300] Trial 590 finished with value: 0.042400880063068275 and parameters: {'ISTN': 61.91259613227974, 'I_gpe': 0.986249357541874, 'I_gpi': 2.188159965428185, 'noise_stn_sigma': 1.3961475063264894, 'noise_gpe_sigma': 139.1866247158148, 'noise_gpi_sigma': 141.5761799193258, 'g_stn_gpe_mult': 2.341784508944495, 'g_gpe_stn_mult': 0.18392928303255196, 'g_stn_gpi_mult': 1.1968434395170993, 'g_gpe_gpi_mult': 0.9347770436867096}. Best is trial 540 with value: 0.006414671488475808.
[I 2026-05-28 02:40:02,309] Trial 591 finished with value: 0.019548075523057255 and parameters: {'ISTN': 61.72077597316308, 'I_gpe': 1.1294750560101137, 'I_gpi': 2.212629032504304, 'noise_stn_sigma': 1.3722284871526131, 'noise_gpe_sigma': 138.090312942693, 'noise_gpi_sigma': 142.68799735482457, 'g_stn_gpe_mult': 2.3607856912670506, 'g_gpe_stn_mult': 0.15672505635393708, 'g_stn_gpi_mult': 1.2316587138724153, 'g_gpe_gpi_mult': 0.9135793252819584}. Best is trial 540 with value: 0.006414671488475808.
[I 2026-05-28 02:40:03,316] Trial 592 finished with value: 0.011622724766392237 and parameters: {'ISTN': 60.50267081853324, 'I_gpe': 1.0440142232564162, 'I_gpi': 2.2357772313472832, 'noise_stn_sigma': 1.002704815707019, 'noise_gpe_sigma': 137.5537762579666, 'noise_gpi_sigma': 141.09481248540158, 'g_stn_gpe_mult': 2.3722851506769898, 'g_gpe_stn_mult': 0.17358711899046933, 'g_stn_gpi_mult': 1.1543775108459684, 'g_gpe_gpi_mult': 0.9177272151037441}. Best is trial 540 with value: 0.006414671488475808.
[I 2026-05-28 02:40:04,325] Trial 593 finished with value: 0.015856623806483488 and parameters: {'ISTN': 61.429211320570815, 'I_gpe': 1.0560023734894908, 'I_gpi': 2.269835981573021, 'noise_stn_sigma': 1.324201710491157, 'noise_gpe_sigma': 139.11976414207072, 'noise_gpi_sigma': 138.0439613678065, 'g_stn_gpe_mult': 2.253954857967034, 'g_gpe_stn_mult': 0.16028964954907893, 'g_stn_gpi_mult': 1.3126987273533959, 'g_gpe_gpi_mult': 0.9111637027893522}. Best is trial 540 with value: 0.006414671488475808.
[I 2026-05-28 02:40:05,333] Trial 594 finished with value: 0.024534587797912514 and parameters: {'ISTN': 61.25241703096303, 'I_gpe': 1.1148681319617195, 'I_gpi': 2.1491130116355306, 'noise_stn_sigma': 1.2651117820457163, 'noise_gpe_sigma': 138.5826453964552, 'noise_gpi_sigma': 139.25218249313275, 'g_stn_gpe_mult': 2.417552037930972, 'g_gpe_stn_mult': 0.15884690191367315, 'g_stn_gpi_mult': 1.2232401278878082, 'g_gpe_gpi_mult': 0.9188384670090084}. Best is trial 540 with value: 0.006414671488475808.
[I 2026-05-28 02:40:06,342] Trial 595 finished with value: 0.04173050046100477 and parameters: {'ISTN': 61.02716450918632, 'I_gpe': 1.1608317599102804, 'I_gpi': 2.188804589792075, 'noise_stn_sigma': 1.2265525226790452, 'noise_gpe_sigma': 136.26581068334468, 'noise_gpi_sigma': 138.19977776844226, 'g_stn_gpe_mult': 2.4782494231406735, 'g_gpe_stn_mult': 0.16328861643342302, 'g_stn_gpi_mult': 1.2037578630162826, 'g_gpe_gpi_mult': 0.888190306646254}. Best is trial 540 with value: 0.006414671488475808.
[I 2026-05-28 02:40:07,347] Trial 596 finished with value: 0.010538853146372738 and parameters: {'ISTN': 61.18932142856036, 'I_gpe': 1.052858902171791, 'I_gpi': 2.2068918563094773, 'noise_stn_sigma': 1.0843397846717309, 'noise_gpe_sigma': 137.67272957671224, 'noise_gpi_sigma': 144.65533132479152, 'g_stn_gpe_mult': 2.4217887048974567, 'g_gpe_stn_mult': 0.17280194508115498, 'g_stn_gpi_mult': 1.1892986499122478, 'g_gpe_gpi_mult': 0.9192380586396451}. Best is trial 540 with value: 0.006414671488475808.
[I 2026-05-28 02:40:08,356] Trial 597 finished with value: 0.008641500010080006 and parameters: {'ISTN': 61.336773739940156, 'I_gpe': 1.097830372966926, 'I_gpi': 2.332849355635756, 'noise_stn_sigma': 1.0292748825780935, 'noise_gpe_sigma': 136.49889089302297, 'noise_gpi_sigma': 137.0951808636958, 'g_stn_gpe_mult': 2.4732546894063403, 'g_gpe_stn_mult': 0.17163996831837214, 'g_stn_gpi_mult': 1.2189526443880376, 'g_gpe_gpi_mult': 0.912228575681399}. Best is trial 540 with value: 0.006414671488475808.
[I 2026-05-28 02:40:09,367] Trial 598 finished with value: 0.010785818266463392 and parameters: {'ISTN': 61.13736027079745, 'I_gpe': 1.1460260604774897, 'I_gpi': 2.29001352328137, 'noise_stn_sigma': 1.0091227852389364, 'noise_gpe_sigma': 141.42550168002367, 'noise_gpi_sigma': 142.12000380939912, 'g_stn_gpe_mult': 2.389220403812745, 'g_gpe_stn_mult': 0.160873479497744, 'g_stn_gpi_mult': 1.17426316832895, 'g_gpe_gpi_mult': 0.8922675761860099}. Best is trial 540 with value: 0.006414671488475808.
[I 2026-05-28 02:40:10,376] Trial 599 finished with value: 0.012697002852726848 and parameters: {'ISTN': 60.537862056051864, 'I_gpe': 1.106985613231712, 'I_gpi': 2.2230024970679656, 'noise_stn_sigma': 1.0017613303104016, 'noise_gpe_sigma': 141.654023326239, 'noise_gpi_sigma': 135.58524437754585, 'g_stn_gpe_mult': 2.167113963615032, 'g_gpe_stn_mult': 0.1677385407653365, 'g_stn_gpi_mult': 1.1317755557853322, 'g_gpe_gpi_mult': 0.9556595289365535}. Best is trial 540 with value: 0.006414671488475808.
[I 2026-05-28 02:40:11,385] Trial 600 finished with value: 0.011114495386447721 and parameters: {'ISTN': 61.619247428701314, 'I_gpe': 1.1208270209730138, 'I_gpi': 2.2256256605402687, 'noise_stn_sigma': 1.0205750267248228, 'noise_gpe_sigma': 136.0861441160705, 'noise_gpi_sigma': 140.63701451644454, 'g_stn_gpe_mult': 2.2837185811770757, 'g_gpe_stn_mult': 0.1639989504486457, 'g_stn_gpi_mult': 1.2356222359020923, 'g_gpe_gpi_mult': 0.9059378575251715}. Best is trial 540 with value: 0.006414671488475808.
[I 2026-05-28 02:40:12,397] Trial 601 finished with value: 0.038812532441516986 and parameters: {'ISTN': 61.378150538170765, 'I_gpe': 1.0948012767822837, 'I_gpi': 2.2533390600523315, 'noise_stn_sigma': 1.0541758714016813, 'noise_gpe_sigma': 136.57597288833014, 'noise_gpi_sigma': 138.68200667919604, 'g_stn_gpe_mult': 2.3435556917838674, 'g_gpe_stn_mult': 0.16483881369932862, 'g_stn_gpi_mult': 1.1935835768067093, 'g_gpe_gpi_mult': 0.925370471605361}. Best is trial 540 with value: 0.006414671488475808.
[I 2026-05-28 02:40:13,406] Trial 602 finished with value: 0.00873531813979406 and parameters: {'ISTN': 60.28164424492291, 'I_gpe': 1.087732198749935, 'I_gpi': 2.315450753160791, 'noise_stn_sigma': 1.1362212638115685, 'noise_gpe_sigma': 136.39805845546198, 'noise_gpi_sigma': 141.07798936147952, 'g_stn_gpe_mult': 2.4004285503797904, 'g_gpe_stn_mult': 0.17883718408430663, 'g_stn_gpi_mult': 1.2436144813763743, 'g_gpe_gpi_mult': 0.9325926688654771}. Best is trial 540 with value: 0.006414671488475808.
[I 2026-05-28 02:40:14,410] Trial 603 finished with value: 0.009076716322062871 and parameters: {'ISTN': 61.663904432986236, 'I_gpe': 1.1272964646975048, 'I_gpi': 2.3036843678749763, 'noise_stn_sigma': 1.0770716368575435, 'noise_gpe_sigma': 135.78872986996538, 'noise_gpi_sigma': 141.05793506904905, 'g_stn_gpe_mult': 2.3966378608333923, 'g_gpe_stn_mult': 0.16679759374695013, 'g_stn_gpi_mult': 1.224938791789924, 'g_gpe_gpi_mult': 0.9200274840645477}. Best is trial 540 with value: 0.006414671488475808.
[I 2026-05-28 02:40:15,416] Trial 604 finished with value: 0.007692377245671381 and parameters: {'ISTN': 60.59682318021435, 'I_gpe': 1.0970250157758545, 'I_gpi': 2.2427267233511676, 'noise_stn_sigma': 1.1008618140107913, 'noise_gpe_sigma': 141.77516600475184, 'noise_gpi_sigma': 141.07633971109794, 'g_stn_gpe_mult': 2.4019900089879624, 'g_gpe_stn_mult': 0.1816742940091598, 'g_stn_gpi_mult': 1.2324122193090317, 'g_gpe_gpi_mult': 0.9048400098525118}. Best is trial 540 with value: 0.006414671488475808.
[I 2026-05-28 02:40:16,425] Trial 605 finished with value: 0.011857670595415305 and parameters: {'ISTN': 61.120312052010256, 'I_gpe': 1.1382783052492562, 'I_gpi': 2.296480146276414, 'noise_stn_sigma': 1.1567922901152394, 'noise_gpe_sigma': 135.3716047798186, 'noise_gpi_sigma': 139.42724756214938, 'g_stn_gpe_mult': 2.4128067696523465, 'g_gpe_stn_mult': 0.1772358113321093, 'g_stn_gpi_mult': 1.2550835889468166, 'g_gpe_gpi_mult': 0.8962425164208274}. Best is trial 540 with value: 0.006414671488475808.
[I 2026-05-28 02:40:17,431] Trial 606 finished with value: 0.004488705533436411 and parameters: {'ISTN': 60.275391400952635, 'I_gpe': 1.0809902409977417, 'I_gpi': 2.239997552561028, 'noise_stn_sigma': 1.0094331029965797, 'noise_gpe_sigma': 137.24374209472086, 'noise_gpi_sigma': 143.17214342933153, 'g_stn_gpe_mult': 2.4890017338711807, 'g_gpe_stn_mult': 0.1891241001176347, 'g_stn_gpi_mult': 1.2166264804589706, 'g_gpe_gpi_mult': 0.8936261804064114}. Best is trial 606 with value: 0.004488705533436411.
