[I 2026-05-28 02:07:59,449] Trial 704 finished with value: 18.416860210903856 and parameters: {'ISTN': 63.975471332023375, 'I_gpe': 0.7983207273460496, 'I_gpi': 3.2318423988534555, 'noise_stn_sigma': 4.877993827690052, 'noise_gpe_sigma': 93.54103045963066, 'noise_gpi_sigma': 91.97026873471032, 'g_stn_gpe_mult': 1.978870826968079, 'g_gpe_stn_mult': 0.2447647174455618, 'g_stn_gpi_mult': 3.2111504378589504, 'g_gpe_gpi_mult': 0.8978018560059176}. Best is trial 98 with value: 0.5979484317983877.
[I 2026-05-28 02:08:00,456] Trial 705 finished with value: 2.542048391567131 and parameters: {'ISTN': 67.66356843155705, 'I_gpe': 0.8940389029819358, 'I_gpi': 3.151311697742596, 'noise_stn_sigma': 5.041868805155532, 'noise_gpe_sigma': 97.130508427192, 'noise_gpi_sigma': 95.20560178412507, 'g_stn_gpe_mult': 1.8615262579569154, 'g_gpe_stn_mult': 0.2379882282279465, 'g_stn_gpi_mult': 3.21330425833777, 'g_gpe_gpi_mult': 0.8921303650298318}. Best is trial 98 with value: 0.5979484317983877.
[I 2026-05-28 02:08:01,463] Trial 706 finished with value: 1.1365385975801572 and parameters: {'ISTN': 66.28871895963478, 'I_gpe': 0.86581721637413, 'I_gpi': 3.1913430734482384, 'noise_stn_sigma': 5.1002648139645625, 'noise_gpe_sigma': 98.7783202334464, 'noise_gpi_sigma': 91.75872232236462, 'g_stn_gpe_mult': 1.8513679681054138, 'g_gpe_stn_mult': 0.23931437041368922, 'g_stn_gpi_mult': 3.1701371952916553, 'g_gpe_gpi_mult': 0.8845537652815441}. Best is trial 98 with value: 0.5979484317983877.
[I 2026-05-28 02:08:02,470] Trial 707 finished with value: 1.179901281254104 and parameters: {'ISTN': 67.06482504006816, 'I_gpe': 0.858844544390927, 'I_gpi': 3.1981200969837222, 'noise_stn_sigma': 5.081229194971874, 'noise_gpe_sigma': 99.77855949908107, 'noise_gpi_sigma': 94.99860224866406, 'g_stn_gpe_mult': 1.7991625088504548, 'g_gpe_stn_mult': 0.22916290340333298, 'g_stn_gpi_mult': 3.154045409883276, 'g_gpe_gpi_mult': 0.8864586984531817}. Best is trial 98 with value: 0.5979484317983877.
[I 2026-05-28 02:08:03,477] Trial 708 finished with value: 9.958874479963129 and parameters: {'ISTN': 67.47524735789054, 'I_gpe': 0.8576034884164445, 'I_gpi': 3.2367767963792518, 'noise_stn_sigma': 5.172094885731597, 'noise_gpe_sigma': 97.6727744322462, 'noise_gpi_sigma': 97.04750383821666, 'g_stn_gpe_mult': 1.8071792022676525, 'g_gpe_stn_mult': 0.2489208967519998, 'g_stn_gpi_mult': 3.1588379450740707, 'g_gpe_gpi_mult': 0.8651162685054916}. Best is trial 98 with value: 0.5979484317983877.
[I 2026-05-28 02:08:04,485] Trial 709 finished with value: 10.561959508143001 and parameters: {'ISTN': 67.68941689947327, 'I_gpe': 0.9059246718700013, 'I_gpi': 3.1460110267937806, 'noise_stn_sigma': 5.317387367018727, 'noise_gpe_sigma': 100.58209697342504, 'noise_gpi_sigma': 95.99312421527542, 'g_stn_gpe_mult': 1.867982178259508, 'g_gpe_stn_mult': 0.241159039059377, 'g_stn_gpi_mult': 3.0770992074926085, 'g_gpe_gpi_mult': 0.8749007794326562}. Best is trial 98 with value: 0.5979484317983877.
[I 2026-05-28 02:08:05,491] Trial 710 finished with value: 1.2132239132726332 and parameters: {'ISTN': 66.3535789721368, 'I_gpe': 0.8674486781439406, 'I_gpi': 3.2400675253874844, 'noise_stn_sigma': 5.017342141253922, 'noise_gpe_sigma': 95.54818754005967, 'noise_gpi_sigma': 94.81853138250062, 'g_stn_gpe_mult': 1.7154337294513144, 'g_gpe_stn_mult': 0.24516221645241112, 'g_stn_gpi_mult': 3.2170310502759545, 'g_gpe_gpi_mult': 0.8879395867287108}. Best is trial 98 with value: 0.5979484317983877.
[I 2026-05-28 02:08:06,501] Trial 711 finished with value: 1.144732626468091 and parameters: {'ISTN': 65.73740533089862, 'I_gpe': 0.8498843176053879, 'I_gpi': 3.2308872925532284, 'noise_stn_sigma': 5.028215341619248, 'noise_gpe_sigma': 95.4922489653589, 'noise_gpi_sigma': 91.89238843146853, 'g_stn_gpe_mult': 1.8925112837624838, 'g_gpe_stn_mult': 0.24202338361653344, 'g_stn_gpi_mult': 3.172432376368944, 'g_gpe_gpi_mult': 0.8845972477141926}. Best is trial 98 with value: 0.5979484317983877.
[I 2026-05-28 02:08:07,508] Trial 712 finished with value: 1.1513181517725026 and parameters: {'ISTN': 66.6012004363516, 'I_gpe': 0.849901820677372, 'I_gpi': 3.183954375689484, 'noise_stn_sigma': 4.910762259521249, 'noise_gpe_sigma': 100.95036061806366, 'noise_gpi_sigma': 94.82963985676756, 'g_stn_gpe_mult': 1.8439519939363276, 'g_gpe_stn_mult': 0.23433923094584633, 'g_stn_gpi_mult': 3.247835649724644, 'g_gpe_gpi_mult': 0.8715889698395558}. Best is trial 98 with value: 0.5979484317983877.
[I 2026-05-28 02:08:08,512] Trial 713 finished with value: 1.2046343578125525 and parameters: {'ISTN': 67.38812117908074, 'I_gpe': 0.831494006844508, 'I_gpi': 3.172878756336992, 'noise_stn_sigma': 5.107455407686565, 'noise_gpe_sigma': 98.60478393295803, 'noise_gpi_sigma': 94.86908156168867, 'g_stn_gpe_mult': 1.9004252891679463, 'g_gpe_stn_mult': 0.2327395069402117, 'g_stn_gpi_mult': 3.1970471940927463, 'g_gpe_gpi_mult': 0.8852389560533571}. Best is trial 98 with value: 0.5979484317983877.
[I 2026-05-28 02:08:09,520] Trial 714 finished with value: 1.0443773745370513 and parameters: {'ISTN': 65.15196318334958, 'I_gpe': 0.8167120192248124, 'I_gpi': 3.1436274946358274, 'noise_stn_sigma': 5.211466668795908, 'noise_gpe_sigma': 101.24629298622924, 'noise_gpi_sigma': 93.84608720224549, 'g_stn_gpe_mult': 1.8544122484528969, 'g_gpe_stn_mult': 0.2506057217271434, 'g_stn_gpi_mult': 3.1122838137615165, 'g_gpe_gpi_mult': 0.8916454297370942}. Best is trial 98 with value: 0.5979484317983877.
[I 2026-05-28 02:08:10,528] Trial 715 finished with value: 17.471623891718 and parameters: {'ISTN': 67.83107572459033, 'I_gpe': 0.898748747080397, 'I_gpi': 3.173496530991521, 'noise_stn_sigma': 5.288272058790269, 'noise_gpe_sigma': 100.36463163465993, 'noise_gpi_sigma': 93.23876467665742, 'g_stn_gpe_mult': 1.9190330978434922, 'g_gpe_stn_mult': 0.24856726196742218, 'g_stn_gpi_mult': 3.2131849865173616, 'g_gpe_gpi_mult': 0.8989997305931718}. Best is trial 98 with value: 0.5979484317983877.
[I 2026-05-28 02:08:11,537] Trial 716 finished with value: 1.2437058306353614 and parameters: {'ISTN': 67.06598028193802, 'I_gpe': 0.8375452701351824, 'I_gpi': 3.2549134463821403, 'noise_stn_sigma': 5.139273456334927, 'noise_gpe_sigma': 100.02968439508422, 'noise_gpi_sigma': 91.27927385877551, 'g_stn_gpe_mult': 1.8918944307133203, 'g_gpe_stn_mult': 0.2275592353465151, 'g_stn_gpi_mult': 3.1924511073729622, 'g_gpe_gpi_mult': 0.9075388118198366}. Best is trial 98 with value: 0.5979484317983877.
[I 2026-05-28 02:08:12,544] Trial 717 finished with value: 8.804457774779372 and parameters: {'ISTN': 64.64659960531314, 'I_gpe': 0.7954856001683602, 'I_gpi': 3.1874884187834067, 'noise_stn_sigma': 5.054544092977054, 'noise_gpe_sigma': 97.93430713401914, 'noise_gpi_sigma': 94.85498211012491, 'g_stn_gpe_mult': 1.9040922412781618, 'g_gpe_stn_mult': 0.23633159881770768, 'g_stn_gpi_mult': 3.1362177361705315, 'g_gpe_gpi_mult': 0.8970796846103641}. Best is trial 98 with value: 0.5979484317983877.
[I 2026-05-28 02:08:13,551] Trial 718 finished with value: 1.2292092196732556 and parameters: {'ISTN': 66.83641224766569, 'I_gpe': 0.8434547344798115, 'I_gpi': 3.2611527105429112, 'noise_stn_sigma': 5.209975078493612, 'noise_gpe_sigma': 99.31199696914024, 'noise_gpi_sigma': 94.68586918946464, 'g_stn_gpe_mult': 1.9101955579645022, 'g_gpe_stn_mult': 0.23427488293370952, 'g_stn_gpi_mult': 3.1474957768539884, 'g_gpe_gpi_mult': 0.8721087426716747}. Best is trial 98 with value: 0.5979484317983877.
[I 2026-05-28 02:08:14,560] Trial 719 finished with value: 9.776813120648658 and parameters: {'ISTN': 65.54268199433923, 'I_gpe': 0.8558984987757625, 'I_gpi': 3.230510932445631, 'noise_stn_sigma': 4.93746413013236, 'noise_gpe_sigma': 96.4756200940915, 'noise_gpi_sigma': 93.04553582830188, 'g_stn_gpe_mult': 1.8495337371320033, 'g_gpe_stn_mult': 0.22621139716625008, 'g_stn_gpi_mult': 3.253561026554598, 'g_gpe_gpi_mult': 0.8852977810218434}. Best is trial 98 with value: 0.5979484317983877.
[I 2026-05-28 02:08:15,569] Trial 720 finished with value: 10.814303945449499 and parameters: {'ISTN': 67.89654830729474, 'I_gpe': 0.8720444078739544, 'I_gpi': 3.14511733262177, 'noise_stn_sigma': 5.19059534367072, 'noise_gpe_sigma': 96.5965491652697, 'noise_gpi_sigma': 92.9235380041812, 'g_stn_gpe_mult': 1.886734558660394, 'g_gpe_stn_mult': 0.2451313253312296, 'g_stn_gpi_mult': 3.148993453248582, 'g_gpe_gpi_mult': 0.8914308717736856}. Best is trial 98 with value: 0.5979484317983877.
[I 2026-05-28 02:08:16,578] Trial 721 finished with value: 9.228682442891806 and parameters: {'ISTN': 65.83759786897534, 'I_gpe': 0.7684280980717676, 'I_gpi': 3.157741380653676, 'noise_stn_sigma': 5.137173835285147, 'noise_gpe_sigma': 101.45063835772629, 'noise_gpi_sigma': 92.18145286326941, 'g_stn_gpe_mult': 1.9498642853108175, 'g_gpe_stn_mult': 0.23360522793008612, 'g_stn_gpi_mult': 3.0681036661673007, 'g_gpe_gpi_mult': 0.8833965961578965}. Best is trial 98 with value: 0.5979484317983877.
[I 2026-05-28 02:08:17,588] Trial 722 finished with value: 1.0527600118914375 and parameters: {'ISTN': 66.11157605714989, 'I_gpe': 0.8449525425607175, 'I_gpi': 3.1150834847398565, 'noise_stn_sigma': 5.238162080555983, 'noise_gpe_sigma': 101.48634992675422, 'noise_gpi_sigma': 96.22700708945932, 'g_stn_gpe_mult': 1.9665583077376012, 'g_gpe_stn_mult': 0.2464666607649891, 'g_stn_gpi_mult': 3.053524175900125, 'g_gpe_gpi_mult': 0.8801844166902217}. Best is trial 98 with value: 0.5979484317983877.
[I 2026-05-28 02:08:18,598] Trial 723 finished with value: 1.2507917018916035 and parameters: {'ISTN': 66.84853008373818, 'I_gpe': 0.8553716737716777, 'I_gpi': 3.1110376572298817, 'noise_stn_sigma': 5.0563585580723345, 'noise_gpe_sigma': 101.17701247820834, 'noise_gpi_sigma': 93.2310438752318, 'g_stn_gpe_mult': 1.9412795691718585, 'g_gpe_stn_mult': 0.2393547328939538, 'g_stn_gpi_mult': 3.1962604664071876, 'g_gpe_gpi_mult': 0.8887565509442952}. Best is trial 98 with value: 0.5979484317983877.
[I 2026-05-28 02:08:19,609] Trial 724 finished with value: 14.577571222754926 and parameters: {'ISTN': 62.838217850357076, 'I_gpe': 0.8548383181754613, 'I_gpi': 3.067235134226129, 'noise_stn_sigma': 4.991579778432591, 'noise_gpe_sigma': 98.81859181991138, 'noise_gpi_sigma': 96.74797555823375, 'g_stn_gpe_mult': 2.0048794970655193, 'g_gpe_stn_mult': 0.24023430822052635, 'g_stn_gpi_mult': 3.119374400486134, 'g_gpe_gpi_mult': 0.8758917835299123}. Best is trial 98 with value: 0.5979484317983877.
[I 2026-05-28 02:08:20,617] Trial 725 finished with value: 2.4286865721367255 and parameters: {'ISTN': 64.9901480084332, 'I_gpe': 0.8770967848665251, 'I_gpi': 3.2426115082077804, 'noise_stn_sigma': 5.062559249051817, 'noise_gpe_sigma': 94.12457568451588, 'noise_gpi_sigma': 93.55757578678498, 'g_stn_gpe_mult': 1.8657339074538173, 'g_gpe_stn_mult': 0.24404034030581334, 'g_stn_gpi_mult': 3.2151697535297408, 'g_gpe_gpi_mult': 0.8925438057432125}. Best is trial 98 with value: 0.5979484317983877.
[I 2026-05-28 02:08:21,627] Trial 726 finished with value: 1.083218257197274 and parameters: {'ISTN': 64.50743522847942, 'I_gpe': 0.7868243331012718, 'I_gpi': 3.180825195166004, 'noise_stn_sigma': 5.247774816690118, 'noise_gpe_sigma': 100.35880915798319, 'noise_gpi_sigma': 93.23250583867579, 'g_stn_gpe_mult': 2.042881716369387, 'g_gpe_stn_mult': 0.2726449092132136, 'g_stn_gpi_mult': 3.0493455237388156, 'g_gpe_gpi_mult': 0.8854284504050214}. Best is trial 98 with value: 0.5979484317983877.
[I 2026-05-28 02:08:22,635] Trial 727 finished with value: 9.10310359473296 and parameters: {'ISTN': 67.17356737736125, 'I_gpe': 0.8196034692766831, 'I_gpi': 3.254411185426946, 'noise_stn_sigma': 5.259339429631492, 'noise_gpe_sigma': 98.06697975259861, 'noise_gpi_sigma': 91.95302988446394, 'g_stn_gpe_mult': 1.8584734051106353, 'g_gpe_stn_mult': 0.243772344365505, 'g_stn_gpi_mult': 3.121077508018911, 'g_gpe_gpi_mult': 0.893459400648076}. Best is trial 98 with value: 0.5979484317983877.
[I 2026-05-28 02:08:23,646] Trial 728 finished with value: 1.0841345644541611 and parameters: {'ISTN': 65.49751618126746, 'I_gpe': 0.9042464688392113, 'I_gpi': 3.1607340429041253, 'noise_stn_sigma': 5.1414280838445325, 'noise_gpe_sigma': 97.04500438149081, 'noise_gpi_sigma': 93.4406081896155, 'g_stn_gpe_mult': 1.7950553822064028, 'g_gpe_stn_mult': 0.24865763480150593, 'g_stn_gpi_mult': 3.1405548776500387, 'g_gpe_gpi_mult': 0.8848760135038247}. Best is trial 98 with value: 0.5979484317983877.
[I 2026-05-28 02:08:24,655] Trial 729 finished with value: 1.0882884279091494 and parameters: {'ISTN': 66.48306203810648, 'I_gpe': 0.8093110158981, 'I_gpi': 3.108625522440613, 'noise_stn_sigma': 5.071786185226661, 'noise_gpe_sigma': 100.87430353439115, 'noise_gpi_sigma': 94.68880781209008, 'g_stn_gpe_mult': 1.9270974876000286, 'g_gpe_stn_mult': 0.2376838783881116, 'g_stn_gpi_mult': 3.1799312744337573, 'g_gpe_gpi_mult': 0.891998841593107}. Best is trial 98 with value: 0.5979484317983877.
[I 2026-05-28 02:08:25,663] Trial 730 finished with value: 1.131100424452727 and parameters: {'ISTN': 65.40377540763258, 'I_gpe': 0.8374609192634537, 'I_gpi': 3.1882974134959454, 'noise_stn_sigma': 5.128505723384448, 'noise_gpe_sigma': 96.63132454153516, 'noise_gpi_sigma': 88.53717020657771, 'g_stn_gpe_mult': 1.7841410489895768, 'g_gpe_stn_mult': 0.25034549798528893, 'g_stn_gpi_mult': 3.24613397750142, 'g_gpe_gpi_mult': 0.894699970644458}. Best is trial 98 with value: 0.5979484317983877.
[I 2026-05-28 02:08:26,673] Trial 731 finished with value: 12.231012981514002 and parameters: {'ISTN': 67.97449814733433, 'I_gpe': 0.852274580878658, 'I_gpi': 3.099643501108595, 'noise_stn_sigma': 5.1788393759260405, 'noise_gpe_sigma': 101.41092437596976, 'noise_gpi_sigma': 95.29631925012505, 'g_stn_gpe_mult': 1.815014317755975, 'g_gpe_stn_mult': 0.2664509156762177, 'g_stn_gpi_mult': 3.1865646541300396, 'g_gpe_gpi_mult': 0.8801687129314126}. Best is trial 98 with value: 0.5979484317983877.
[I 2026-05-28 02:08:27,679] Trial 732 finished with value: 18.895123693003445 and parameters: {'ISTN': 67.58606556530354, 'I_gpe': 0.8246595525142222, 'I_gpi': 3.219010250566273, 'noise_stn_sigma': 5.180441150674364, 'noise_gpe_sigma': 98.72592557647395, 'noise_gpi_sigma': 98.17075772855442, 'g_stn_gpe_mult': 1.9406972484062628, 'g_gpe_stn_mult': 0.24690498834170432, 'g_stn_gpi_mult': 3.1411418323587865, 'g_gpe_gpi_mult': 0.8748576768900038}. Best is trial 98 with value: 0.5979484317983877.
[I 2026-05-28 02:08:28,687] Trial 733 finished with value: 1.080991231300326 and parameters: {'ISTN': 65.98264139606553, 'I_gpe': 0.787645254259835, 'I_gpi': 3.16343133069388, 'noise_stn_sigma': 5.26871702449343, 'noise_gpe_sigma': 94.06218594018638, 'noise_gpi_sigma': 92.38475237994045, 'g_stn_gpe_mult': 2.0909958122710384, 'g_gpe_stn_mult': 0.2388400850874557, 'g_stn_gpi_mult': 3.0870143628055278, 'g_gpe_gpi_mult': 0.8923998210263615}. Best is trial 98 with value: 0.5979484317983877.
[I 2026-05-28 02:08:29,694] Trial 734 finished with value: 8.859764503420719 and parameters: {'ISTN': 64.786240279364, 'I_gpe': 0.8389263881188247, 'I_gpi': 3.0786337707055065, 'noise_stn_sigma': 5.248040150542608, 'noise_gpe_sigma': 96.84594822682445, 'noise_gpi_sigma': 93.3954759223764, 'g_stn_gpe_mult': 1.9205523942125518, 'g_gpe_stn_mult': 0.23065854438208672, 'g_stn_gpi_mult': 3.08156029740276, 'g_gpe_gpi_mult': 0.8913536469309302}. Best is trial 98 with value: 0.5979484317983877.
[I 2026-05-28 02:08:30,702] Trial 735 finished with value: 1.216555774553737 and parameters: {'ISTN': 65.94522085091329, 'I_gpe': 0.7945351816629741, 'I_gpi': 3.161409913427338, 'noise_stn_sigma': 5.321183927461543, 'noise_gpe_sigma': 98.75255586468178, 'noise_gpi_sigma': 98.51037574922911, 'g_stn_gpe_mult': 2.0347853367004722, 'g_gpe_stn_mult': 0.2363867158174399, 'g_stn_gpi_mult': 2.999713395442071, 'g_gpe_gpi_mult': 0.8980306577877624}. Best is trial 98 with value: 0.5979484317983877.
[I 2026-05-28 02:08:31,708] Trial 736 finished with value: 21.522409511422246 and parameters: {'ISTN': 63.59454430188999, 'I_gpe': 0.7992425618136412, 'I_gpi': 3.0686240728034986, 'noise_stn_sigma': 5.443491419951265, 'noise_gpe_sigma': 104.21398211289794, 'noise_gpi_sigma': 97.68687705844627, 'g_stn_gpe_mult': 2.095001470037374, 'g_gpe_stn_mult': 0.24589848824543237, 'g_stn_gpi_mult': 2.872705819855855, 'g_gpe_gpi_mult': 0.8955906390760429}. Best is trial 98 with value: 0.5979484317983877.
[I 2026-05-28 02:08:32,715] Trial 737 finished with value: 1.0252348196028374 and parameters: {'ISTN': 65.96030109074502, 'I_gpe': 0.8372345740042919, 'I_gpi': 3.1079132986032674, 'noise_stn_sigma': 5.3689517552818256, 'noise_gpe_sigma': 100.16444592855125, 'noise_gpi_sigma': 97.18096728900338, 'g_stn_gpe_mult': 2.0466977750715154, 'g_gpe_stn_mult': 0.2445340433251816, 'g_stn_gpi_mult': 3.055252312744674, 'g_gpe_gpi_mult': 0.8870177930110523}. Best is trial 98 with value: 0.5979484317983877.
[I 2026-05-28 02:08:33,723] Trial 738 finished with value: 6.002595939193084 and parameters: {'ISTN': 65.20927975920148, 'I_gpe': 0.8754876676909069, 'I_gpi': 3.1532052212677444, 'noise_stn_sigma': 5.074641387693722, 'noise_gpe_sigma': 100.27604000037717, 'noise_gpi_sigma': 90.98007919846536, 'g_stn_gpe_mult': 1.9715424102860286, 'g_gpe_stn_mult': 0.23215995351686397, 'g_stn_gpi_mult': 3.1468847775504387, 'g_gpe_gpi_mult': 0.8711057529732336}. Best is trial 98 with value: 0.5979484317983877.
[I 2026-05-28 02:08:34,731] Trial 739 finished with value: 5.808360435988588 and parameters: {'ISTN': 66.75892437728902, 'I_gpe': 0.8743887274990898, 'I_gpi': 3.1327421331500576, 'noise_stn_sigma': 5.072327404692245, 'noise_gpe_sigma': 100.89754826680277, 'noise_gpi_sigma': 96.61099322004843, 'g_stn_gpe_mult': 2.0006229393005563, 'g_gpe_stn_mult': 0.25267778338330216, 'g_stn_gpi_mult': 3.056906174222344, 'g_gpe_gpi_mult': 0.8794047424032809}. Best is trial 98 with value: 0.5979484317983877.
[I 2026-05-28 02:08:35,740] Trial 740 finished with value: 1.2191062349780377 and parameters: {'ISTN': 66.62090188735155, 'I_gpe': 0.912382907614625, 'I_gpi': 3.22122038158216, 'noise_stn_sigma': 5.060125351830663, 'noise_gpe_sigma': 99.70315924246678, 'noise_gpi_sigma': 90.53797689076463, 'g_stn_gpe_mult': 1.7935126345981867, 'g_gpe_stn_mult': 0.24327693522698635, 'g_stn_gpi_mult': 3.2104700061378573, 'g_gpe_gpi_mult': 0.8900005441912375}. Best is trial 98 with value: 0.5979484317983877.
[I 2026-05-28 02:08:36,751] Trial 741 finished with value: 8.494895100112089 and parameters: {'ISTN': 66.5880663870792, 'I_gpe': 0.817796781985977, 'I_gpi': 3.14070434605223, 'noise_stn_sigma': 5.403704206103891, 'noise_gpe_sigma': 100.01768036102133, 'noise_gpi_sigma': 92.89743125961343, 'g_stn_gpe_mult': 2.047427939956214, 'g_gpe_stn_mult': 0.2540155299767138, 'g_stn_gpi_mult': 3.0115051645600617, 'g_gpe_gpi_mult': 0.891896372850892}. Best is trial 98 with value: 0.5979484317983877.
[I 2026-05-28 02:08:37,757] Trial 742 finished with value: 1.0506967466184574 and parameters: {'ISTN': 64.77029584619507, 'I_gpe': 0.8070939495471104, 'I_gpi': 3.1622833574874565, 'noise_stn_sigma': 5.089257322374942, 'noise_gpe_sigma': 101.3498350984487, 'noise_gpi_sigma': 94.69862493634669, 'g_stn_gpe_mult': 2.052301192572134, 'g_gpe_stn_mult': 0.26031073162840834, 'g_stn_gpi_mult': 3.085983731944957, 'g_gpe_gpi_mult': 0.8889928202603148}. Best is trial 98 with value: 0.5979484317983877.
[I 2026-05-28 02:08:38,764] Trial 743 finished with value: 4.702599334564733 and parameters: {'ISTN': 65.93198466512379, 'I_gpe': 0.7432605091881545, 'I_gpi': 3.085751923843921, 'noise_stn_sigma': 5.565733155147219, 'noise_gpe_sigma': 96.08972558212568, 'noise_gpi_sigma': 96.54119710571058, 'g_stn_gpe_mult': 2.1744539284832842, 'g_gpe_stn_mult': 0.23946097518711323, 'g_stn_gpi_mult': 3.08004472778278, 'g_gpe_gpi_mult': 0.9120970778717463}. Best is trial 98 with value: 0.5979484317983877.
[I 2026-05-28 02:08:39,773] Trial 744 finished with value: 1.8353683245916148 and parameters: {'ISTN': 67.48363309478174, 'I_gpe': 0.7641791820047533, 'I_gpi': 3.1480279748628766, 'noise_stn_sigma': 5.079001013658459, 'noise_gpe_sigma': 98.30481413787854, 'noise_gpi_sigma': 96.33991005968684, 'g_stn_gpe_mult': 2.006970994860688, 'g_gpe_stn_mult': 0.22218963604540443, 'g_stn_gpi_mult': 3.1422603161123113, 'g_gpe_gpi_mult': 0.8765820358222289}. Best is trial 98 with value: 0.5979484317983877.
[I 2026-05-28 02:08:40,779] Trial 745 finished with value: 17.842254508409482 and parameters: {'ISTN': 66.95249941591696, 'I_gpe': 0.790001410711699, 'I_gpi': 3.109466827408349, 'noise_stn_sigma': 5.351297786745785, 'noise_gpe_sigma': 98.79329779054476, 'noise_gpi_sigma': 97.47700733769875, 'g_stn_gpe_mult': 2.127776904111964, 'g_gpe_stn_mult': 0.25938225277502924, 'g_stn_gpi_mult': 3.016650290876609, 'g_gpe_gpi_mult': 0.8936922622795735}. Best is trial 98 with value: 0.5979484317983877.
[I 2026-05-28 02:08:41,785] Trial 746 finished with value: 1.6371732193011987 and parameters: {'ISTN': 65.50582693791618, 'I_gpe': 0.7934944402692645, 'I_gpi': 3.206261440320493, 'noise_stn_sigma': 5.340694684554111, 'noise_gpe_sigma': 92.7841076609647, 'noise_gpi_sigma': 93.41346012940075, 'g_stn_gpe_mult': 2.0445481119305535, 'g_gpe_stn_mult': 0.24220480954275442, 'g_stn_gpi_mult': 3.0569788258462647, 'g_gpe_gpi_mult': 0.8818880615812801}. Best is trial 98 with value: 0.5979484317983877.
[I 2026-05-28 02:08:42,790] Trial 747 finished with value: 10.91879033557632 and parameters: {'ISTN': 65.73426733653878, 'I_gpe': 0.8234028277295777, 'I_gpi': 3.1628235276293903, 'noise_stn_sigma': 5.273634360194239, 'noise_gpe_sigma': 96.13853623597723, 'noise_gpi_sigma': 95.36631321839413, 'g_stn_gpe_mult': 2.0815840840809354, 'g_gpe_stn_mult': 0.23140656378985192, 'g_stn_gpi_mult': 3.096960861547916, 'g_gpe_gpi_mult': 0.9000957495458122}. Best is trial 98 with value: 0.5979484317983877.
