[I 2026-05-28 01:55:27,398] Trial 968 finished with value: 0.1528553267323646 and parameters: {'ISTN': 60.44753544556744, 'I_gpe': 1.1172551778641777, 'I_gpi': 1.7353257132497135, 'noise_stn_sigma': 2.674157360281633, 'noise_gpe_sigma': 81.74806666936315, 'noise_gpi_sigma': 75.3828327574756, 'g_stn_gpe_mult': 3.3048864378247806, 'g_gpe_stn_mult': 0.17956650735233595, 'g_stn_gpi_mult': 3.7242868643999145, 'g_gpe_gpi_mult': 0.8141026580254744}. Best is trial 875 with value: 0.13807402647933772.
[I 2026-05-28 01:55:28,403] Trial 969 finished with value: 0.15057074019062908 and parameters: {'ISTN': 60.75973558011905, 'I_gpe': 1.1504990171061353, 'I_gpi': 1.7524962044547059, 'noise_stn_sigma': 2.7829153932241715, 'noise_gpe_sigma': 81.13337080810035, 'noise_gpi_sigma': 75.43350870766352, 'g_stn_gpe_mult': 3.286431834016738, 'g_gpe_stn_mult': 0.1690902238328773, 'g_stn_gpi_mult': 3.774693643593923, 'g_gpe_gpi_mult': 0.8104959071316349}. Best is trial 875 with value: 0.13807402647933772.
[I 2026-05-28 01:55:29,409] Trial 970 finished with value: 0.14955268973354835 and parameters: {'ISTN': 60.46697151047096, 'I_gpe': 1.152807036551779, 'I_gpi': 1.7100740140056971, 'noise_stn_sigma': 2.806416067204432, 'noise_gpe_sigma': 77.63054591329094, 'noise_gpi_sigma': 78.80240141662958, 'g_stn_gpe_mult': 3.2881900179551726, 'g_gpe_stn_mult': 0.17750833376361885, 'g_stn_gpi_mult': 3.773012329013189, 'g_gpe_gpi_mult': 0.819836558328529}. Best is trial 875 with value: 0.13807402647933772.
[I 2026-05-28 01:55:30,419] Trial 971 finished with value: 0.1507062084610337 and parameters: {'ISTN': 60.47440098935449, 'I_gpe': 1.0906739017407219, 'I_gpi': 1.7961118486309389, 'noise_stn_sigma': 2.650724532168768, 'noise_gpe_sigma': 80.31792304287566, 'noise_gpi_sigma': 75.65224284793157, 'g_stn_gpe_mult': 3.2500896086355433, 'g_gpe_stn_mult': 0.17431261015032806, 'g_stn_gpi_mult': 3.793678533598797, 'g_gpe_gpi_mult': 0.8215374934716617}. Best is trial 875 with value: 0.13807402647933772.
[I 2026-05-28 01:55:31,427] Trial 972 finished with value: 0.14526974466389223 and parameters: {'ISTN': 60.486563446791045, 'I_gpe': 1.171569952490981, 'I_gpi': 1.7953681120037954, 'noise_stn_sigma': 2.5454665069214535, 'noise_gpe_sigma': 78.58839696824612, 'noise_gpi_sigma': 77.94800060800816, 'g_stn_gpe_mult': 3.2735129252832054, 'g_gpe_stn_mult': 0.17167894472243123, 'g_stn_gpi_mult': 3.739130373281051, 'g_gpe_gpi_mult': 0.8172958653960691}. Best is trial 875 with value: 0.13807402647933772.
[I 2026-05-28 01:55:32,433] Trial 973 finished with value: 0.1524599406934121 and parameters: {'ISTN': 60.431265206812625, 'I_gpe': 1.1204741715388973, 'I_gpi': 1.806610729317093, 'noise_stn_sigma': 2.875130718431515, 'noise_gpe_sigma': 79.07827187231433, 'noise_gpi_sigma': 79.94396849944724, 'g_stn_gpe_mult': 3.253304566482575, 'g_gpe_stn_mult': 0.17377462452238357, 'g_stn_gpi_mult': 3.7547071801510907, 'g_gpe_gpi_mult': 0.8194193688439824}. Best is trial 875 with value: 0.13807402647933772.
[I 2026-05-28 01:55:33,442] Trial 974 finished with value: 0.15798987205151996 and parameters: {'ISTN': 60.960513714761476, 'I_gpe': 1.1281075543760175, 'I_gpi': 1.8235203881726587, 'noise_stn_sigma': 2.6752938619953377, 'noise_gpe_sigma': 78.65862836888799, 'noise_gpi_sigma': 75.0231479391505, 'g_stn_gpe_mult': 3.268564282869856, 'g_gpe_stn_mult': 0.16986090252044722, 'g_stn_gpi_mult': 3.7777416676885514, 'g_gpe_gpi_mult': 0.8017082580955419}. Best is trial 875 with value: 0.13807402647933772.
[I 2026-05-28 01:55:34,451] Trial 975 finished with value: 0.13931582480851723 and parameters: {'ISTN': 60.4153639565729, 'I_gpe': 1.168872640405743, 'I_gpi': 1.7872204824898539, 'noise_stn_sigma': 2.5686751768302774, 'noise_gpe_sigma': 77.58207340683379, 'noise_gpi_sigma': 77.66772145757767, 'g_stn_gpe_mult': 3.2587930722367426, 'g_gpe_stn_mult': 0.17281875991500065, 'g_stn_gpi_mult': 3.778242006929686, 'g_gpe_gpi_mult': 0.8100743187237365}. Best is trial 875 with value: 0.13807402647933772.
[I 2026-05-28 01:55:35,462] Trial 976 finished with value: 0.13798986529211546 and parameters: {'ISTN': 60.155888337210285, 'I_gpe': 1.1636309621797838, 'I_gpi': 1.8339814145552418, 'noise_stn_sigma': 2.6469877492656164, 'noise_gpe_sigma': 79.586683957447, 'noise_gpi_sigma': 77.18847117623909, 'g_stn_gpe_mult': 3.2083459100520537, 'g_gpe_stn_mult': 0.17572292676684848, 'g_stn_gpi_mult': 3.7932018109239793, 'g_gpe_gpi_mult': 0.8009397584253681}. Best is trial 976 with value: 0.13798986529211546.
[I 2026-05-28 01:55:36,468] Trial 977 finished with value: 0.14780919708012302 and parameters: {'ISTN': 60.870788663436976, 'I_gpe': 1.1596867118798773, 'I_gpi': 1.762276263232689, 'noise_stn_sigma': 2.706401516476858, 'noise_gpe_sigma': 78.06395969959051, 'noise_gpi_sigma': 77.31819169616065, 'g_stn_gpe_mult': 3.2278917780779883, 'g_gpe_stn_mult': 0.16642451163805735, 'g_stn_gpi_mult': 3.7474494726092624, 'g_gpe_gpi_mult': 0.8182059173100278}. Best is trial 976 with value: 0.13798986529211546.
[I 2026-05-28 01:55:37,478] Trial 978 finished with value: 0.14207190924207402 and parameters: {'ISTN': 60.42611994555412, 'I_gpe': 1.1413997178455761, 'I_gpi': 1.7994339759512719, 'noise_stn_sigma': 2.750214694364554, 'noise_gpe_sigma': 79.59912613527973, 'noise_gpi_sigma': 79.80271774799846, 'g_stn_gpe_mult': 3.2409689427950132, 'g_gpe_stn_mult': 0.1730797647892309, 'g_stn_gpi_mult': 3.7475907457754625, 'g_gpe_gpi_mult': 0.8015214641321422}. Best is trial 976 with value: 0.13798986529211546.
[I 2026-05-28 01:55:38,487] Trial 979 finished with value: 0.14735518278131848 and parameters: {'ISTN': 60.02001441863813, 'I_gpe': 1.152054399129625, 'I_gpi': 1.7827600337980585, 'noise_stn_sigma': 2.6223114094929905, 'noise_gpe_sigma': 78.31331517985367, 'noise_gpi_sigma': 76.624562885172, 'g_stn_gpe_mult': 3.3053812046379956, 'g_gpe_stn_mult': 0.1839643863794979, 'g_stn_gpi_mult': 3.829569375564469, 'g_gpe_gpi_mult': 0.8166247689309565}. Best is trial 976 with value: 0.13798986529211546.
[I 2026-05-28 01:55:39,498] Trial 980 finished with value: 0.14721180978302742 and parameters: {'ISTN': 60.29450242771053, 'I_gpe': 1.1562510934919468, 'I_gpi': 1.7629022241760683, 'noise_stn_sigma': 2.7114986030714197, 'noise_gpe_sigma': 76.48221720843785, 'noise_gpi_sigma': 76.45630652503917, 'g_stn_gpe_mult': 3.2937240502699634, 'g_gpe_stn_mult': 0.16573736050183535, 'g_stn_gpi_mult': 3.8000942758977923, 'g_gpe_gpi_mult': 0.8171614159707781}. Best is trial 976 with value: 0.13798986529211546.
[I 2026-05-28 01:55:40,509] Trial 981 finished with value: 0.14897773243527276 and parameters: {'ISTN': 61.22830454929274, 'I_gpe': 1.1742259963603159, 'I_gpi': 1.833492779480147, 'noise_stn_sigma': 2.5845943152246864, 'noise_gpe_sigma': 79.24842258106139, 'noise_gpi_sigma': 78.67826110116965, 'g_stn_gpe_mult': 3.278557994003293, 'g_gpe_stn_mult': 0.16808314015894682, 'g_stn_gpi_mult': 3.81203753259572, 'g_gpe_gpi_mult': 0.8093130556201871}. Best is trial 976 with value: 0.13798986529211546.
[I 2026-05-28 01:55:41,521] Trial 982 finished with value: 0.15001332795990607 and parameters: {'ISTN': 60.53684505675492, 'I_gpe': 1.1412356423425374, 'I_gpi': 1.8807614161687423, 'noise_stn_sigma': 2.7387648630140022, 'noise_gpe_sigma': 82.55825149277109, 'noise_gpi_sigma': 79.01468893798064, 'g_stn_gpe_mult': 3.2988383939485253, 'g_gpe_stn_mult': 0.17620798210034744, 'g_stn_gpi_mult': 3.757583665930104, 'g_gpe_gpi_mult': 0.8146861929326465}. Best is trial 976 with value: 0.13798986529211546.
[I 2026-05-28 01:55:42,531] Trial 983 finished with value: 0.14910569535270413 and parameters: {'ISTN': 60.4397451523652, 'I_gpe': 1.149198193530025, 'I_gpi': 1.8089349637557675, 'noise_stn_sigma': 2.8131388735076364, 'noise_gpe_sigma': 76.97901116203306, 'noise_gpi_sigma': 80.0630819639589, 'g_stn_gpe_mult': 3.204027716853874, 'g_gpe_stn_mult': 0.1746866303934933, 'g_stn_gpi_mult': 3.7726739988560296, 'g_gpe_gpi_mult': 0.8087585143541351}. Best is trial 976 with value: 0.13798986529211546.
[I 2026-05-28 01:55:43,541] Trial 984 finished with value: 0.17499088067166324 and parameters: {'ISTN': 60.09048095223798, 'I_gpe': 1.1831614101246966, 'I_gpi': 1.8332768833414392, 'noise_stn_sigma': 2.7390464957341853, 'noise_gpe_sigma': 80.38251239422755, 'noise_gpi_sigma': 79.35272578289513, 'g_stn_gpe_mult': 3.2245829031413793, 'g_gpe_stn_mult': 0.17815799954671246, 'g_stn_gpi_mult': 3.7888009501447364, 'g_gpe_gpi_mult': 0.7956502933133791}. Best is trial 976 with value: 0.13798986529211546.
[I 2026-05-28 01:55:44,549] Trial 985 finished with value: 0.31958925048459447 and parameters: {'ISTN': 61.033274679006446, 'I_gpe': 1.187445400727921, 'I_gpi': 1.8377084774362205, 'noise_stn_sigma': 2.5468525900044567, 'noise_gpe_sigma': 78.48400537694613, 'noise_gpi_sigma': 76.6884193174912, 'g_stn_gpe_mult': 3.2617951139327435, 'g_gpe_stn_mult': 0.16169664415405555, 'g_stn_gpi_mult': 3.780769171898245, 'g_gpe_gpi_mult': 0.8208020829929958}. Best is trial 976 with value: 0.13798986529211546.
[I 2026-05-28 01:55:45,559] Trial 986 finished with value: 0.14569827040645447 and parameters: {'ISTN': 60.372628315845716, 'I_gpe': 1.1392153387084454, 'I_gpi': 1.7826366859037486, 'noise_stn_sigma': 2.708241893913798, 'noise_gpe_sigma': 78.83397551022522, 'noise_gpi_sigma': 77.02441267396205, 'g_stn_gpe_mult': 3.202220807776968, 'g_gpe_stn_mult': 0.1715683950073043, 'g_stn_gpi_mult': 3.7722622475125553, 'g_gpe_gpi_mult': 0.8080089403302948}. Best is trial 976 with value: 0.13798986529211546.
[I 2026-05-28 01:55:46,571] Trial 987 finished with value: 0.14285137447876625 and parameters: {'ISTN': 60.41593117835261, 'I_gpe': 1.1362779867425443, 'I_gpi': 1.8255919520518278, 'noise_stn_sigma': 2.5270016816812277, 'noise_gpe_sigma': 78.63180885101414, 'noise_gpi_sigma': 75.40649804719654, 'g_stn_gpe_mult': 3.286093329422574, 'g_gpe_stn_mult': 0.17326379614633822, 'g_stn_gpi_mult': 3.775157970484736, 'g_gpe_gpi_mult': 0.8137043375160842}. Best is trial 976 with value: 0.13798986529211546.
[I 2026-05-28 01:55:47,582] Trial 988 finished with value: 0.140984624400617 and parameters: {'ISTN': 60.17204041681479, 'I_gpe': 1.1658344394673683, 'I_gpi': 1.833626303299626, 'noise_stn_sigma': 2.5337174512704617, 'noise_gpe_sigma': 78.61858152575113, 'noise_gpi_sigma': 79.74810977725593, 'g_stn_gpe_mult': 3.264887726722105, 'g_gpe_stn_mult': 0.17827922369042742, 'g_stn_gpi_mult': 3.835201259181495, 'g_gpe_gpi_mult': 0.8039119733030995}. Best is trial 976 with value: 0.13798986529211546.
[I 2026-05-28 01:55:48,590] Trial 989 finished with value: 1.3243867048761135 and parameters: {'ISTN': 60.67386050798077, 'I_gpe': 1.2260093071265972, 'I_gpi': 1.8645421127045394, 'noise_stn_sigma': 2.623469221157942, 'noise_gpe_sigma': 77.49412612336033, 'noise_gpi_sigma': 75.97612958968172, 'g_stn_gpe_mult': 3.3120455209190798, 'g_gpe_stn_mult': 0.15813722500792304, 'g_stn_gpi_mult': 3.74754363702933, 'g_gpe_gpi_mult': 0.8180390637096371}. Best is trial 976 with value: 0.13798986529211546.
[I 2026-05-28 01:55:49,597] Trial 990 finished with value: 0.14797065718118832 and parameters: {'ISTN': 60.56406056820441, 'I_gpe': 1.1372976172917633, 'I_gpi': 1.8087389650055463, 'noise_stn_sigma': 2.6240904707000103, 'noise_gpe_sigma': 76.88893537923727, 'noise_gpi_sigma': 78.7113187835655, 'g_stn_gpe_mult': 3.251758829443142, 'g_gpe_stn_mult': 0.16932186323890996, 'g_stn_gpi_mult': 3.8022784568532875, 'g_gpe_gpi_mult': 0.813699557137388}. Best is trial 976 with value: 0.13798986529211546.
[I 2026-05-28 01:55:50,607] Trial 991 finished with value: 0.13776358645327588 and parameters: {'ISTN': 60.35274768677657, 'I_gpe': 1.1687477541265032, 'I_gpi': 1.806890806256859, 'noise_stn_sigma': 2.573832281481682, 'noise_gpe_sigma': 79.68444789948913, 'noise_gpi_sigma': 76.71108975016482, 'g_stn_gpe_mult': 3.2945648559790217, 'g_gpe_stn_mult': 0.17085326958111652, 'g_stn_gpi_mult': 3.829847327571823, 'g_gpe_gpi_mult': 0.8007768808860605}. Best is trial 991 with value: 0.13776358645327588.
[I 2026-05-28 01:55:51,617] Trial 992 finished with value: 0.14932355370148997 and parameters: {'ISTN': 60.46220042205672, 'I_gpe': 1.1784962581464882, 'I_gpi': 1.8121196551919305, 'noise_stn_sigma': 2.3774523214483843, 'noise_gpe_sigma': 77.69629724112943, 'noise_gpi_sigma': 77.350998410019, 'g_stn_gpe_mult': 3.29766645356571, 'g_gpe_stn_mult': 0.17184368752082418, 'g_stn_gpi_mult': 3.8620180953393572, 'g_gpe_gpi_mult': 0.8111470155131193}. Best is trial 991 with value: 0.13776358645327588.
[I 2026-05-28 01:55:52,627] Trial 993 finished with value: 0.14775134806154164 and parameters: {'ISTN': 60.60388655517501, 'I_gpe': 1.160314633676828, 'I_gpi': 1.8175809766891502, 'noise_stn_sigma': 2.6087063804170825, 'noise_gpe_sigma': 79.6766226411875, 'noise_gpi_sigma': 76.10132658745204, 'g_stn_gpe_mult': 3.277878187486668, 'g_gpe_stn_mult': 0.1781240409911604, 'g_stn_gpi_mult': 3.754863904302196, 'g_gpe_gpi_mult': 0.8208059161940777}. Best is trial 991 with value: 0.13776358645327588.
[I 2026-05-28 01:55:53,639] Trial 994 finished with value: 0.1487074182109498 and parameters: {'ISTN': 60.46693851387349, 'I_gpe': 1.1506594766773102, 'I_gpi': 1.823763193298969, 'noise_stn_sigma': 2.476061311730108, 'noise_gpe_sigma': 80.1156054972717, 'noise_gpi_sigma': 77.99332707438259, 'g_stn_gpe_mult': 3.345894690644657, 'g_gpe_stn_mult': 0.18377491675760504, 'g_stn_gpi_mult': 3.855656058958335, 'g_gpe_gpi_mult': 0.8188746514949676}. Best is trial 991 with value: 0.13776358645327588.
[I 2026-05-28 01:55:54,650] Trial 995 finished with value: 0.15135395641461685 and parameters: {'ISTN': 60.69058923627922, 'I_gpe': 1.1340711881657812, 'I_gpi': 1.7856461960154253, 'noise_stn_sigma': 2.6643701129314303, 'noise_gpe_sigma': 77.82704628143993, 'noise_gpi_sigma': 77.7995120030672, 'g_stn_gpe_mult': 3.2340592479248897, 'g_gpe_stn_mult': 0.1734417445988482, 'g_stn_gpi_mult': 3.8494922634562623, 'g_gpe_gpi_mult': 0.7948496775426599}. Best is trial 991 with value: 0.13776358645327588.
[I 2026-05-28 01:55:55,660] Trial 996 finished with value: 0.149794761729594 and parameters: {'ISTN': 60.88265669095959, 'I_gpe': 1.1435624292957551, 'I_gpi': 1.7881671943213764, 'noise_stn_sigma': 2.5759937299487596, 'noise_gpe_sigma': 76.4372375797214, 'noise_gpi_sigma': 78.6851448049255, 'g_stn_gpe_mult': 3.2479241976762285, 'g_gpe_stn_mult': 0.1694106714353405, 'g_stn_gpi_mult': 3.832594830771776, 'g_gpe_gpi_mult': 0.8151261340478397}. Best is trial 991 with value: 0.13776358645327588.
[I 2026-05-28 01:55:56,609] Trial 997 finished with value: 1000000.0 and parameters: {'ISTN': 60.6249934693781, 'I_gpe': 1.1693555231703927, 'I_gpi': 1.85553791125001, 'noise_stn_sigma': 2.5730340490893173, 'noise_gpe_sigma': 81.20260992290618, 'noise_gpi_sigma': 79.16417330131031, 'g_stn_gpe_mult': 3.2712192751917892, 'g_gpe_stn_mult': 0.17695900392095237, 'g_stn_gpi_mult': 3.823572523555944, 'g_gpe_gpi_mult': 0.809291907893785}. Best is trial 991 with value: 0.13776358645327588.
[I 2026-05-28 01:55:57,616] Trial 998 finished with value: 0.140409024535669 and parameters: {'ISTN': 60.261199608333015, 'I_gpe': 1.1374065070942794, 'I_gpi': 1.8032259928884717, 'noise_stn_sigma': 2.5708301599799297, 'noise_gpe_sigma': 77.8178602010543, 'noise_gpi_sigma': 80.24126604713126, 'g_stn_gpe_mult': 3.2863491106630525, 'g_gpe_stn_mult': 0.17073774323970753, 'g_stn_gpi_mult': 3.741546603819816, 'g_gpe_gpi_mult': 0.8047809644499822}. Best is trial 991 with value: 0.13776358645327588.
[I 2026-05-28 01:55:58,627] Trial 999 finished with value: 0.14800644188963513 and parameters: {'ISTN': 60.40902186881543, 'I_gpe': 1.1900455412622766, 'I_gpi': 1.8286593517438043, 'noise_stn_sigma': 2.5919352695033604, 'noise_gpe_sigma': 81.38971720804032, 'noise_gpi_sigma': 77.52772698428478, 'g_stn_gpe_mult': 3.252474719769734, 'g_gpe_stn_mult': 0.18023402048660422, 'g_stn_gpi_mult': 3.7849024251313668, 'g_gpe_gpi_mult': 0.7982643608400537}. Best is trial 991 with value: 0.13776358645327588.
Condition: weights_low_beta
Seed: 42, Trials: 1000
Bounds:
  ISTN: [60.0, 150.0]
  I_gpe: [0.5, 4.0]
  I_gpi: [1.0, 5.0]
  noise_stn_sigma: [1.0, 8.0]
  noise_gpe_sigma: [20.0, 150.0]
  noise_gpi_sigma: [20.0, 150.0]
  g_stn_gpe_mult: [1.5, 5.0]
  g_gpe_stn_mult: [0.1, 0.8]
  g_stn_gpi_mult: [1.0, 4.0]
  g_gpe_gpi_mult: [0.2, 1.2]
Weights: {'rate': 5.0, 'cv': 0.2, 'beta': 3.0}
JAX devices: [CudaDevice(id=0)]

Building simulator...
Warming up JIT...
JIT ready.


============================================================
DONE: weights_low_beta (seed=42)
  Time: 16.8 min
  Best loss: 0.1378
  STN: 28.9 Hz (target 27.5)
  GPe: 41.5 Hz (target 42.5)
  GPi: 82.4 Hz (target 82.5)
  GPe beta: 40.0%
  STN beta: 61.3%
  Synaptic multipliers:
    g_stn_gpe_mult: 3.295
    g_gpe_stn_mult: 0.171
    g_stn_gpi_mult: 3.830
    g_gpe_gpi_mult: 0.801
  Saved: results/sensitivity/weights/low_beta.pkl
