[I 2026-05-28 02:32:20,035] Trial 132 finished with value: 12.396144867759114 and parameters: {'ISTN': 73.85145994984994, 'I_gpe': 1.0896464493553522, 'I_gpi': 2.9187628680664153, 'noise_stn_sigma': 3.6222673777747, 'noise_gpe_sigma': 120.47365368250055, 'noise_gpi_sigma': 133.11752487699505, 'g_stn_gpe_mult': 3.7293898059506714, 'g_gpe_stn_mult': 0.20852754917670244, 'g_stn_gpi_mult': 2.0531790196584647, 'g_gpe_gpi_mult': 1.0963723608221874}. Best is trial 63 with value: 1.3259706516117515.
[I 2026-05-28 02:32:21,044] Trial 133 finished with value: 4.54489801212581 and parameters: {'ISTN': 66.22264879925467, 'I_gpe': 1.0127896997247499, 'I_gpi': 3.522138479398438, 'noise_stn_sigma': 3.3948821692883944, 'noise_gpe_sigma': 100.5476901335056, 'noise_gpi_sigma': 121.23124048754644, 'g_stn_gpe_mult': 4.47991830587646, 'g_gpe_stn_mult': 0.26715209505292564, 'g_stn_gpi_mult': 1.5281536533540114, 'g_gpe_gpi_mult': 1.0068448115663942}. Best is trial 63 with value: 1.3259706516117515.
[I 2026-05-28 02:32:22,050] Trial 134 finished with value: 10.188818515446549 and parameters: {'ISTN': 73.81153971795338, 'I_gpe': 0.8464163637523159, 'I_gpi': 2.8857553498953217, 'noise_stn_sigma': 5.4410436372614095, 'noise_gpe_sigma': 116.56975680444276, 'noise_gpi_sigma': 108.33030175245707, 'g_stn_gpe_mult': 3.4132457250910675, 'g_gpe_stn_mult': 0.2335097768253376, 'g_stn_gpi_mult': 1.6849799113141586, 'g_gpe_gpi_mult': 0.8910557991009034}. Best is trial 63 with value: 1.3259706516117515.
[I 2026-05-28 02:32:22,997] Trial 135 finished with value: 1000000.0 and parameters: {'ISTN': 60.90715818888369, 'I_gpe': 0.8503148548303652, 'I_gpi': 3.1124805048227695, 'noise_stn_sigma': 3.9420973775215105, 'noise_gpe_sigma': 125.32635658181476, 'noise_gpi_sigma': 130.84066151735203, 'g_stn_gpe_mult': 4.285330979329114, 'g_gpe_stn_mult': 0.2802965258810761, 'g_stn_gpi_mult': 2.2060145388868007, 'g_gpe_gpi_mult': 1.0694109236171117}. Best is trial 63 with value: 1.3259706516117515.
[I 2026-05-28 02:32:24,003] Trial 136 finished with value: 11.007306459156165 and parameters: {'ISTN': 78.16159552629065, 'I_gpe': 1.0747762985299705, 'I_gpi': 2.8813006775979666, 'noise_stn_sigma': 4.742808714811387, 'noise_gpe_sigma': 135.66976231141848, 'noise_gpi_sigma': 113.93378419501704, 'g_stn_gpe_mult': 3.8684623894639585, 'g_gpe_stn_mult': 0.20236563395793572, 'g_stn_gpi_mult': 1.932218509052724, 'g_gpe_gpi_mult': 0.9574008986656102}. Best is trial 63 with value: 1.3259706516117515.
[I 2026-05-28 02:32:25,013] Trial 137 finished with value: 11.59954784738042 and parameters: {'ISTN': 69.6856475460069, 'I_gpe': 0.9238551312624094, 'I_gpi': 2.8561095778397414, 'noise_stn_sigma': 3.2153087056540657, 'noise_gpe_sigma': 109.47859086229913, 'noise_gpi_sigma': 107.85034548132488, 'g_stn_gpe_mult': 3.6091672771096905, 'g_gpe_stn_mult': 0.24969446594853292, 'g_stn_gpi_mult': 1.8552269915953614, 'g_gpe_gpi_mult': 0.9439115091173889}. Best is trial 63 with value: 1.3259706516117515.
[I 2026-05-28 02:32:26,023] Trial 138 finished with value: 12.426902408595005 and parameters: {'ISTN': 67.20294941751663, 'I_gpe': 0.5697240014829302, 'I_gpi': 3.248936398111983, 'noise_stn_sigma': 4.372679809769837, 'noise_gpe_sigma': 124.82215700736187, 'noise_gpi_sigma': 96.14182706652448, 'g_stn_gpe_mult': 3.0932769074343605, 'g_gpe_stn_mult': 0.2930954422348274, 'g_stn_gpi_mult': 2.5768612211296977, 'g_gpe_gpi_mult': 1.072913097227663}. Best is trial 63 with value: 1.3259706516117515.
[I 2026-05-28 02:32:27,031] Trial 139 finished with value: 10.12051802530819 and parameters: {'ISTN': 68.78278350918445, 'I_gpe': 1.0073334956700104, 'I_gpi': 3.3482436260769037, 'noise_stn_sigma': 4.955328238330088, 'noise_gpe_sigma': 120.70301555439485, 'noise_gpi_sigma': 135.80862941701878, 'g_stn_gpe_mult': 3.481514218739182, 'g_gpe_stn_mult': 0.3439309022694901, 'g_stn_gpi_mult': 2.2852060642175287, 'g_gpe_gpi_mult': 0.8597464154120305}. Best is trial 63 with value: 1.3259706516117515.
[I 2026-05-28 02:32:28,040] Trial 140 finished with value: 8.36568831547541 and parameters: {'ISTN': 65.46618455259048, 'I_gpe': 0.6801714107817006, 'I_gpi': 3.2957970913799635, 'noise_stn_sigma': 4.250037298281216, 'noise_gpe_sigma': 98.74427079806345, 'noise_gpi_sigma': 82.18966763790549, 'g_stn_gpe_mult': 2.859139671177858, 'g_gpe_stn_mult': 0.3194588398903042, 'g_stn_gpi_mult': 1.6384337859598848, 'g_gpe_gpi_mult': 1.1152681290914956}. Best is trial 63 with value: 1.3259706516117515.
[I 2026-05-28 02:32:29,051] Trial 141 finished with value: 5.495017593270308 and parameters: {'ISTN': 65.20955423278298, 'I_gpe': 0.6394807135479046, 'I_gpi': 3.07293855408577, 'noise_stn_sigma': 3.253486119823572, 'noise_gpe_sigma': 85.87462616576101, 'noise_gpi_sigma': 129.1499711030147, 'g_stn_gpe_mult': 2.8021741436437324, 'g_gpe_stn_mult': 0.2536365826345735, 'g_stn_gpi_mult': 1.962409595008554, 'g_gpe_gpi_mult': 0.9017614438676804}. Best is trial 63 with value: 1.3259706516117515.
[I 2026-05-28 02:32:30,059] Trial 142 finished with value: 10.86181823745503 and parameters: {'ISTN': 67.98136990897716, 'I_gpe': 0.7004330219572307, 'I_gpi': 2.9264908062421338, 'noise_stn_sigma': 2.9096222935253904, 'noise_gpe_sigma': 79.46103785625024, 'noise_gpi_sigma': 123.53385358403041, 'g_stn_gpe_mult': 3.088918156671924, 'g_gpe_stn_mult': 0.3226723687167048, 'g_stn_gpi_mult': 1.5969241465493669, 'g_gpe_gpi_mult': 0.962876604158506}. Best is trial 63 with value: 1.3259706516117515.
[I 2026-05-28 02:32:31,066] Trial 143 finished with value: 12.842597537575667 and parameters: {'ISTN': 72.86408990934632, 'I_gpe': 0.8152509788094193, 'I_gpi': 3.510390963298424, 'noise_stn_sigma': 4.830148325260645, 'noise_gpe_sigma': 121.42307322024423, 'noise_gpi_sigma': 118.48776948581784, 'g_stn_gpe_mult': 2.833243612181067, 'g_gpe_stn_mult': 0.2056531211603056, 'g_stn_gpi_mult': 1.430610614299234, 'g_gpe_gpi_mult': 1.0192815585000334}. Best is trial 63 with value: 1.3259706516117515.
[I 2026-05-28 02:32:32,074] Trial 144 finished with value: 15.38901411837221 and parameters: {'ISTN': 75.63920476107779, 'I_gpe': 1.4636553251768414, 'I_gpi': 3.312249542288787, 'noise_stn_sigma': 2.8697517399344776, 'noise_gpe_sigma': 110.59157598502556, 'noise_gpi_sigma': 121.67096348557399, 'g_stn_gpe_mult': 2.7382977641084056, 'g_gpe_stn_mult': 0.43262411464995565, 'g_stn_gpi_mult': 1.5707242665113763, 'g_gpe_gpi_mult': 0.9609634385989922}. Best is trial 63 with value: 1.3259706516117515.
[I 2026-05-28 02:32:33,085] Trial 145 finished with value: 8.791059723115803 and parameters: {'ISTN': 70.89384943966267, 'I_gpe': 1.1841668876471152, 'I_gpi': 2.7095648752231387, 'noise_stn_sigma': 5.40120487876967, 'noise_gpe_sigma': 105.04204161781693, 'noise_gpi_sigma': 109.94648833754692, 'g_stn_gpe_mult': 3.2568324981796417, 'g_gpe_stn_mult': 0.22198035959421486, 'g_stn_gpi_mult': 2.0444268459044332, 'g_gpe_gpi_mult': 1.0207246901540028}. Best is trial 63 with value: 1.3259706516117515.
[I 2026-05-28 02:32:34,096] Trial 146 finished with value: 13.083441329879983 and parameters: {'ISTN': 68.24853599156847, 'I_gpe': 0.8229557224466969, 'I_gpi': 2.850172695865682, 'noise_stn_sigma': 4.178625503991242, 'noise_gpe_sigma': 128.97479953894396, 'noise_gpi_sigma': 121.22651801397706, 'g_stn_gpe_mult': 3.1048730021447852, 'g_gpe_stn_mult': 0.2767427205458426, 'g_stn_gpi_mult': 1.5703853750584598, 'g_gpe_gpi_mult': 0.5994104327170999}. Best is trial 63 with value: 1.3259706516117515.
[I 2026-05-28 02:32:35,104] Trial 147 finished with value: 12.823543465351998 and parameters: {'ISTN': 79.3205973595861, 'I_gpe': 1.065447364416798, 'I_gpi': 2.4011586174248194, 'noise_stn_sigma': 4.812771632675102, 'noise_gpe_sigma': 108.61555029274064, 'noise_gpi_sigma': 124.48834720436388, 'g_stn_gpe_mult': 2.583032227801974, 'g_gpe_stn_mult': 0.2980757666224042, 'g_stn_gpi_mult': 1.5959118391036071, 'g_gpe_gpi_mult': 0.9521896623748765}. Best is trial 63 with value: 1.3259706516117515.
[I 2026-05-28 02:32:36,112] Trial 148 finished with value: 9.47862201048995 and parameters: {'ISTN': 72.58296816135906, 'I_gpe': 0.7367944646272044, 'I_gpi': 3.0619440283606254, 'noise_stn_sigma': 3.1702190341433343, 'noise_gpe_sigma': 121.01173416938322, 'noise_gpi_sigma': 92.82492196122368, 'g_stn_gpe_mult': 3.3802864233576226, 'g_gpe_stn_mult': 0.17471225501536788, 'g_stn_gpi_mult': 1.1703222408205458, 'g_gpe_gpi_mult': 0.7718675605987757}. Best is trial 63 with value: 1.3259706516117515.
[I 2026-05-28 02:32:37,120] Trial 149 finished with value: 13.092556330468282 and parameters: {'ISTN': 74.04821464965761, 'I_gpe': 1.460459556884639, 'I_gpi': 1.9175141854838387, 'noise_stn_sigma': 3.6971331171909503, 'noise_gpe_sigma': 97.53201644631478, 'noise_gpi_sigma': 113.86349213974894, 'g_stn_gpe_mult': 2.998568515546591, 'g_gpe_stn_mult': 0.37699920935372533, 'g_stn_gpi_mult': 1.3193807742827648, 'g_gpe_gpi_mult': 0.7734592745367115}. Best is trial 63 with value: 1.3259706516117515.
[I 2026-05-28 02:32:38,129] Trial 150 finished with value: 0.8739674676315301 and parameters: {'ISTN': 60.251588665935145, 'I_gpe': 1.4390924385200043, 'I_gpi': 3.5703284456452686, 'noise_stn_sigma': 3.5588295264268957, 'noise_gpe_sigma': 83.08552871255998, 'noise_gpi_sigma': 121.71059559434985, 'g_stn_gpe_mult': 3.826104913902341, 'g_gpe_stn_mult': 0.14733080228883336, 'g_stn_gpi_mult': 1.9402822808092424, 'g_gpe_gpi_mult': 1.0222802303485652}. Best is trial 150 with value: 0.8739674676315301.
[I 2026-05-28 02:32:39,140] Trial 151 finished with value: 9.798295077206243 and parameters: {'ISTN': 65.83653737764575, 'I_gpe': 1.1532616909135314, 'I_gpi': 3.2081594375726823, 'noise_stn_sigma': 4.207526301006601, 'noise_gpe_sigma': 93.82469494361732, 'noise_gpi_sigma': 108.74316995470062, 'g_stn_gpe_mult': 4.277948860143952, 'g_gpe_stn_mult': 0.313901975568278, 'g_stn_gpi_mult': 1.570244798038905, 'g_gpe_gpi_mult': 1.0035225638885412}. Best is trial 150 with value: 0.8739674676315301.
[I 2026-05-28 02:32:40,148] Trial 152 finished with value: 14.444204755220952 and parameters: {'ISTN': 82.52275994125421, 'I_gpe': 0.7862012636368312, 'I_gpi': 3.5166267986399666, 'noise_stn_sigma': 3.3705184023068755, 'noise_gpe_sigma': 84.5786725610713, 'noise_gpi_sigma': 100.79744785357686, 'g_stn_gpe_mult': 3.960190541890941, 'g_gpe_stn_mult': 0.16184847239592265, 'g_stn_gpi_mult': 1.8961772441365938, 'g_gpe_gpi_mult': 0.7517428760735807}. Best is trial 150 with value: 0.8739674676315301.
[I 2026-05-28 02:32:41,156] Trial 153 finished with value: 7.388092932498414 and parameters: {'ISTN': 63.81700782232127, 'I_gpe': 1.4761421875592142, 'I_gpi': 3.0288727968042326, 'noise_stn_sigma': 4.1840450987097375, 'noise_gpe_sigma': 91.32304737166946, 'noise_gpi_sigma': 106.09064507181381, 'g_stn_gpe_mult': 4.028912891907532, 'g_gpe_stn_mult': 0.2529159428291355, 'g_stn_gpi_mult': 2.221044631560862, 'g_gpe_gpi_mult': 1.030566547437129}. Best is trial 150 with value: 0.8739674676315301.
[I 2026-05-28 02:32:42,166] Trial 154 finished with value: 11.207275350146215 and parameters: {'ISTN': 73.79208388909626, 'I_gpe': 1.3942313749997233, 'I_gpi': 3.0546027273718876, 'noise_stn_sigma': 4.626808039604066, 'noise_gpe_sigma': 60.19708441525675, 'noise_gpi_sigma': 142.1439324742945, 'g_stn_gpe_mult': 3.1053648074879705, 'g_gpe_stn_mult': 0.13545402163009343, 'g_stn_gpi_mult': 2.4860692903953927, 'g_gpe_gpi_mult': 0.8699921993679804}. Best is trial 150 with value: 0.8739674676315301.
[I 2026-05-28 02:32:43,173] Trial 155 finished with value: 1.003812768888737 and parameters: {'ISTN': 62.51693269762948, 'I_gpe': 1.0693228736723448, 'I_gpi': 3.708414638462945, 'noise_stn_sigma': 2.9767007032989072, 'noise_gpe_sigma': 83.77010898113772, 'noise_gpi_sigma': 102.81440994668539, 'g_stn_gpe_mult': 3.489133098073818, 'g_gpe_stn_mult': 0.25352416050688964, 'g_stn_gpi_mult': 1.6584190492105721, 'g_gpe_gpi_mult': 0.9293860364755275}. Best is trial 150 with value: 0.8739674676315301.
[I 2026-05-28 02:32:44,182] Trial 156 finished with value: 0.8921229608870265 and parameters: {'ISTN': 60.64331310429421, 'I_gpe': 1.556281139865824, 'I_gpi': 3.7461472865639247, 'noise_stn_sigma': 2.6655889311210736, 'noise_gpe_sigma': 109.90474890822675, 'noise_gpi_sigma': 124.37863944857762, 'g_stn_gpe_mult': 3.218197292094149, 'g_gpe_stn_mult': 0.23257245242304228, 'g_stn_gpi_mult': 1.3983078941865008, 'g_gpe_gpi_mult': 1.0920169380844993}. Best is trial 150 with value: 0.8739674676315301.
[I 2026-05-28 02:32:45,190] Trial 157 finished with value: 12.821646529395517 and parameters: {'ISTN': 68.98628665918748, 'I_gpe': 0.6036377745009958, 'I_gpi': 3.151209179893823, 'noise_stn_sigma': 4.138764353393752, 'noise_gpe_sigma': 91.37606546724247, 'noise_gpi_sigma': 126.61767493063294, 'g_stn_gpe_mult': 3.4483406821806954, 'g_gpe_stn_mult': 0.28314450007649306, 'g_stn_gpi_mult': 1.5001003432176034, 'g_gpe_gpi_mult': 1.0715998294001299}. Best is trial 150 with value: 0.8739674676315301.
[I 2026-05-28 02:32:46,197] Trial 158 finished with value: 13.706886520561593 and parameters: {'ISTN': 73.01202190466353, 'I_gpe': 1.721868333514792, 'I_gpi': 3.6377291703069985, 'noise_stn_sigma': 3.1565354622903934, 'noise_gpe_sigma': 98.15220297002958, 'noise_gpi_sigma': 133.06222313876026, 'g_stn_gpe_mult': 3.571092157545862, 'g_gpe_stn_mult': 0.25811258072976756, 'g_stn_gpi_mult': 1.703855006382871, 'g_gpe_gpi_mult': 0.7422034894402838}. Best is trial 150 with value: 0.8739674676315301.
[I 2026-05-28 02:32:47,203] Trial 159 finished with value: 15.576944947116038 and parameters: {'ISTN': 78.71893283765563, 'I_gpe': 1.6588456914302618, 'I_gpi': 3.5698668345027342, 'noise_stn_sigma': 4.6056571277741805, 'noise_gpe_sigma': 93.16989459948151, 'noise_gpi_sigma': 107.19915642382287, 'g_stn_gpe_mult': 3.0935667462432948, 'g_gpe_stn_mult': 0.3089309883754139, 'g_stn_gpi_mult': 1.7231779355368044, 'g_gpe_gpi_mult': 0.8638566001308456}. Best is trial 150 with value: 0.8739674676315301.
[I 2026-05-28 02:32:48,211] Trial 160 finished with value: 0.8253501417984742 and parameters: {'ISTN': 67.00454965715545, 'I_gpe': 0.8077177170763421, 'I_gpi': 2.9763859771649006, 'noise_stn_sigma': 2.694703730976674, 'noise_gpe_sigma': 78.30681523690487, 'noise_gpi_sigma': 115.211362587999, 'g_stn_gpe_mult': 3.475350189284719, 'g_gpe_stn_mult': 0.15809293002285274, 'g_stn_gpi_mult': 1.859039121886901, 'g_gpe_gpi_mult': 0.8059508545186047}. Best is trial 160 with value: 0.8253501417984742.
[I 2026-05-28 02:32:49,219] Trial 161 finished with value: 4.7562921734702135 and parameters: {'ISTN': 63.2075633735782, 'I_gpe': 1.191071284629218, 'I_gpi': 2.7157845547937187, 'noise_stn_sigma': 3.5171605231756633, 'noise_gpe_sigma': 116.70309192133526, 'noise_gpi_sigma': 126.37768940173368, 'g_stn_gpe_mult': 3.90289248675177, 'g_gpe_stn_mult': 0.2971073415930765, 'g_stn_gpi_mult': 1.8667203529756264, 'g_gpe_gpi_mult': 0.9457093100990313}. Best is trial 160 with value: 0.8253501417984742.
[I 2026-05-28 02:32:50,226] Trial 162 finished with value: 14.640370342516503 and parameters: {'ISTN': 75.52239784165153, 'I_gpe': 1.4608104515172686, 'I_gpi': 2.9406882501418488, 'noise_stn_sigma': 1.6612121882172926, 'noise_gpe_sigma': 67.85123533605363, 'noise_gpi_sigma': 122.12401431972128, 'g_stn_gpe_mult': 4.172375593318896, 'g_gpe_stn_mult': 0.20149218202269253, 'g_stn_gpi_mult': 1.6695879395242856, 'g_gpe_gpi_mult': 0.7726853780897485}. Best is trial 160 with value: 0.8253501417984742.
[I 2026-05-28 02:32:51,231] Trial 163 finished with value: 9.560122947413488 and parameters: {'ISTN': 74.82989537456498, 'I_gpe': 1.4742598300229477, 'I_gpi': 3.280400519294914, 'noise_stn_sigma': 2.4264861936309923, 'noise_gpe_sigma': 65.14698977365244, 'noise_gpi_sigma': 114.93260949112523, 'g_stn_gpe_mult': 3.2108824998804746, 'g_gpe_stn_mult': 0.13473444956341163, 'g_stn_gpi_mult': 1.832289324576792, 'g_gpe_gpi_mult': 0.9957461840492625}. Best is trial 160 with value: 0.8253501417984742.
[I 2026-05-28 02:32:52,237] Trial 164 finished with value: 11.049017250147925 and parameters: {'ISTN': 68.22685933995744, 'I_gpe': 1.1770371539172853, 'I_gpi': 2.760291303820363, 'noise_stn_sigma': 3.0361947887172045, 'noise_gpe_sigma': 80.55571385454795, 'noise_gpi_sigma': 105.62962385022306, 'g_stn_gpe_mult': 3.665350085202755, 'g_gpe_stn_mult': 0.26571452328766576, 'g_stn_gpi_mult': 1.3822462642147335, 'g_gpe_gpi_mult': 0.8594669456960324}. Best is trial 160 with value: 0.8253501417984742.
[I 2026-05-28 02:32:53,242] Trial 165 finished with value: 8.896036232794415 and parameters: {'ISTN': 76.0362760249748, 'I_gpe': 1.1409342638555149, 'I_gpi': 3.480378667673108, 'noise_stn_sigma': 1.5462703193260487, 'noise_gpe_sigma': 91.99080712121577, 'noise_gpi_sigma': 96.63295423112504, 'g_stn_gpe_mult': 3.2685269876098184, 'g_gpe_stn_mult': 0.12305210226139429, 'g_stn_gpi_mult': 1.2775001591034205, 'g_gpe_gpi_mult': 0.76021861722038}. Best is trial 160 with value: 0.8253501417984742.
[I 2026-05-28 02:32:54,248] Trial 166 finished with value: 0.584390828569276 and parameters: {'ISTN': 62.19355446477547, 'I_gpe': 1.343999121964667, 'I_gpi': 3.425844650257952, 'noise_stn_sigma': 2.4779556826846916, 'noise_gpe_sigma': 90.28802502320919, 'noise_gpi_sigma': 128.58734212727225, 'g_stn_gpe_mult': 3.543106752054311, 'g_gpe_stn_mult': 0.23548849866249127, 'g_stn_gpi_mult': 1.2995342265850847, 'g_gpe_gpi_mult': 1.0262380799391129}. Best is trial 166 with value: 0.584390828569276.
[I 2026-05-28 02:32:55,256] Trial 167 finished with value: 13.203001196887179 and parameters: {'ISTN': 70.61086072713583, 'I_gpe': 1.4062819991850237, 'I_gpi': 3.384138119899279, 'noise_stn_sigma': 2.841780270306975, 'noise_gpe_sigma': 85.59165686848146, 'noise_gpi_sigma': 127.66415671912122, 'g_stn_gpe_mult': 4.105942480518432, 'g_gpe_stn_mult': 0.27049268610303245, 'g_stn_gpi_mult': 1.838422449576377, 'g_gpe_gpi_mult': 0.834578090977617}. Best is trial 166 with value: 0.584390828569276.
[I 2026-05-28 02:32:56,264] Trial 168 finished with value: 14.063424485989591 and parameters: {'ISTN': 75.55374153455112, 'I_gpe': 1.379667027414648, 'I_gpi': 3.036171327955901, 'noise_stn_sigma': 3.230991010048937, 'noise_gpe_sigma': 79.5763895305999, 'noise_gpi_sigma': 125.00293749999094, 'g_stn_gpe_mult': 3.7507144673898467, 'g_gpe_stn_mult': 0.2785535157997101, 'g_stn_gpi_mult': 1.7914966617092885, 'g_gpe_gpi_mult': 0.798135929356405}. Best is trial 166 with value: 0.584390828569276.
[I 2026-05-28 02:32:57,273] Trial 169 finished with value: 0.1639729694455166 and parameters: {'ISTN': 61.92740785474961, 'I_gpe': 0.9807353871712541, 'I_gpi': 2.4858404404892767, 'noise_stn_sigma': 1.059237941418306, 'noise_gpe_sigma': 98.91706914803953, 'noise_gpi_sigma': 134.4390321189146, 'g_stn_gpe_mult': 3.2223620724117295, 'g_gpe_stn_mult': 0.20617282875571974, 'g_stn_gpi_mult': 1.8927276852572068, 'g_gpe_gpi_mult': 0.8777039318275519}. Best is trial 169 with value: 0.1639729694455166.
[I 2026-05-28 02:32:58,280] Trial 170 finished with value: 9.375469380531698 and parameters: {'ISTN': 65.56795319725927, 'I_gpe': 1.4515634273368114, 'I_gpi': 3.430973478213723, 'noise_stn_sigma': 2.825365440587454, 'noise_gpe_sigma': 77.85244486433493, 'noise_gpi_sigma': 139.52119908190707, 'g_stn_gpe_mult': 3.4877071079583155, 'g_gpe_stn_mult': 0.36218678833634066, 'g_stn_gpi_mult': 2.506070913808191, 'g_gpe_gpi_mult': 0.8285993364734441}. Best is trial 169 with value: 0.1639729694455166.
[I 2026-05-28 02:32:59,288] Trial 171 finished with value: 14.914568880440207 and parameters: {'ISTN': 77.62174184394691, 'I_gpe': 0.8516410992568997, 'I_gpi': 3.1719232346460426, 'noise_stn_sigma': 1.7717642821005908, 'noise_gpe_sigma': 92.933010885099, 'noise_gpi_sigma': 120.6022741733335, 'g_stn_gpe_mult': 3.6579919569375265, 'g_gpe_stn_mult': 0.17393139573234417, 'g_stn_gpi_mult': 1.481123730958792, 'g_gpe_gpi_mult': 0.8080089033419593}. Best is trial 169 with value: 0.1639729694455166.
[I 2026-05-28 02:33:00,297] Trial 172 finished with value: 10.446548392201695 and parameters: {'ISTN': 67.40836679061097, 'I_gpe': 1.1052009040200041, 'I_gpi': 2.662143648206793, 'noise_stn_sigma': 3.3498499763025924, 'noise_gpe_sigma': 97.16721130327082, 'noise_gpi_sigma': 134.31916337778375, 'g_stn_gpe_mult': 3.9097232714072225, 'g_gpe_stn_mult': 0.3099727995609074, 'g_stn_gpi_mult': 2.1878021279068918, 'g_gpe_gpi_mult': 0.8607937731277244}. Best is trial 169 with value: 0.1639729694455166.
[I 2026-05-28 02:33:01,303] Trial 173 finished with value: 15.076281222127127 and parameters: {'ISTN': 78.85337070929174, 'I_gpe': 1.0421777017077472, 'I_gpi': 3.2298088313036772, 'noise_stn_sigma': 1.5508367791631184, 'noise_gpe_sigma': 72.29821697262096, 'noise_gpi_sigma': 123.84391161512504, 'g_stn_gpe_mult': 3.0469085265702485, 'g_gpe_stn_mult': 0.15168984522332776, 'g_stn_gpi_mult': 2.1947787322761725, 'g_gpe_gpi_mult': 0.8145949716847676}. Best is trial 169 with value: 0.1639729694455166.
[I 2026-05-28 02:33:02,310] Trial 174 finished with value: 0.2700246147747299 and parameters: {'ISTN': 64.6453554021353, 'I_gpe': 0.7505531679313492, 'I_gpi': 2.8852719852438584, 'noise_stn_sigma': 2.077932585187426, 'noise_gpe_sigma': 116.32908577459074, 'noise_gpi_sigma': 128.06004599914436, 'g_stn_gpe_mult': 3.087430806142649, 'g_gpe_stn_mult': 0.13779674953072735, 'g_stn_gpi_mult': 1.802990646549297, 'g_gpe_gpi_mult': 0.8249701592558931}. Best is trial 169 with value: 0.1639729694455166.
[I 2026-05-28 02:33:03,317] Trial 175 finished with value: 16.113783986109883 and parameters: {'ISTN': 78.36193097980042, 'I_gpe': 0.9667194153057435, 'I_gpi': 3.406902992051367, 'noise_stn_sigma': 2.0505916841323426, 'noise_gpe_sigma': 65.68454112434418, 'noise_gpi_sigma': 113.18767377970175, 'g_stn_gpe_mult': 3.658382561487308, 'g_gpe_stn_mult': 0.3053375754162483, 'g_stn_gpi_mult': 1.550445361810375, 'g_gpe_gpi_mult': 0.941340729937262}. Best is trial 169 with value: 0.1639729694455166.
