[I 2026-05-28 02:19:03,165] Trial 352 finished with value: 0.5397150390479701 and parameters: {'ISTN': 60.19671995524366, 'I_gpe': 1.1745029759287835, 'I_gpi': 1.9822953167198225, 'noise_stn_sigma': 4.327748677026845, 'noise_gpe_sigma': 120.39644007321331, 'noise_gpi_sigma': 83.16378256440544, 'g_stn_gpe_mult': 2.7127032326931846, 'g_gpe_stn_mult': 0.11559069803572544, 'g_stn_gpi_mult': 2.625298832018628, 'g_gpe_gpi_mult': 0.8180905422261135}. Best is trial 330 with value: 0.5193276612084204.
[I 2026-05-28 02:19:04,173] Trial 353 finished with value: 0.7323805659853934 and parameters: {'ISTN': 60.729485116062854, 'I_gpe': 1.459633695204809, 'I_gpi': 1.8923316481970212, 'noise_stn_sigma': 4.603210347513072, 'noise_gpe_sigma': 113.335669150565, 'noise_gpi_sigma': 84.69210330996029, 'g_stn_gpe_mult': 2.7150472297038557, 'g_gpe_stn_mult': 0.18063157272113456, 'g_stn_gpi_mult': 2.514950879033182, 'g_gpe_gpi_mult': 0.8783526598395812}. Best is trial 330 with value: 0.5193276612084204.
[I 2026-05-28 02:19:05,179] Trial 354 finished with value: 0.7500870572487895 and parameters: {'ISTN': 65.85263268470621, 'I_gpe': 0.86839471659429, 'I_gpi': 1.7213726918683079, 'noise_stn_sigma': 3.8930390513233073, 'noise_gpe_sigma': 113.4200722968983, 'noise_gpi_sigma': 93.84610508101764, 'g_stn_gpe_mult': 2.6061492596083227, 'g_gpe_stn_mult': 0.14493078542111446, 'g_stn_gpi_mult': 2.278495321268565, 'g_gpe_gpi_mult': 0.9679939497519048}. Best is trial 330 with value: 0.5193276612084204.
[I 2026-05-28 02:19:06,188] Trial 355 finished with value: 0.5399880089779852 and parameters: {'ISTN': 61.67241311183203, 'I_gpe': 1.493006353395991, 'I_gpi': 2.0949707294353583, 'noise_stn_sigma': 4.98526236455675, 'noise_gpe_sigma': 113.81686872823859, 'noise_gpi_sigma': 80.42223762761478, 'g_stn_gpe_mult': 2.5519736628348983, 'g_gpe_stn_mult': 0.13722423009318913, 'g_stn_gpi_mult': 2.5623678927477482, 'g_gpe_gpi_mult': 0.9185448789634671}. Best is trial 330 with value: 0.5193276612084204.
[I 2026-05-28 02:19:07,197] Trial 356 finished with value: 0.7227983038492254 and parameters: {'ISTN': 67.76841199832732, 'I_gpe': 1.3342624252115352, 'I_gpi': 2.0123153609014106, 'noise_stn_sigma': 4.084521635958642, 'noise_gpe_sigma': 107.19681056738374, 'noise_gpi_sigma': 86.81211972151566, 'g_stn_gpe_mult': 2.8089803188929032, 'g_gpe_stn_mult': 0.11657723177262357, 'g_stn_gpi_mult': 2.771813214500219, 'g_gpe_gpi_mult': 0.8743348866588876}. Best is trial 330 with value: 0.5193276612084204.
[I 2026-05-28 02:19:08,203] Trial 357 finished with value: 1.030499304119824 and parameters: {'ISTN': 63.532303779630574, 'I_gpe': 1.5774413607454503, 'I_gpi': 1.6199641624561512, 'noise_stn_sigma': 4.934006060923066, 'noise_gpe_sigma': 98.3087346294072, 'noise_gpi_sigma': 84.67967532504528, 'g_stn_gpe_mult': 2.6857247720516817, 'g_gpe_stn_mult': 0.14799793273089887, 'g_stn_gpi_mult': 2.441056320357366, 'g_gpe_gpi_mult': 0.9341773759218943}. Best is trial 330 with value: 0.5193276612084204.
[I 2026-05-28 02:19:09,211] Trial 358 finished with value: 0.5539579922865154 and parameters: {'ISTN': 62.22386895393166, 'I_gpe': 1.3896188478237972, 'I_gpi': 1.9990312509918908, 'noise_stn_sigma': 4.807860015717139, 'noise_gpe_sigma': 100.90253141632375, 'noise_gpi_sigma': 73.51093365168566, 'g_stn_gpe_mult': 2.3573325271399304, 'g_gpe_stn_mult': 0.11712564104052817, 'g_stn_gpi_mult': 2.7696137367566855, 'g_gpe_gpi_mult': 0.7932100542220115}. Best is trial 330 with value: 0.5193276612084204.
[I 2026-05-28 02:19:10,218] Trial 359 finished with value: 0.5726216051956133 and parameters: {'ISTN': 63.45860999460986, 'I_gpe': 1.2786818914348166, 'I_gpi': 2.1623149712188043, 'noise_stn_sigma': 3.978840535348361, 'noise_gpe_sigma': 111.70065511352739, 'noise_gpi_sigma': 81.53384760562673, 'g_stn_gpe_mult': 3.0075129724964436, 'g_gpe_stn_mult': 0.17846013738192879, 'g_stn_gpi_mult': 2.5358412009085294, 'g_gpe_gpi_mult': 0.8574104788004717}. Best is trial 330 with value: 0.5193276612084204.
[I 2026-05-28 02:19:11,227] Trial 360 finished with value: 0.579116211840645 and parameters: {'ISTN': 60.27393231196392, 'I_gpe': 0.9415855556314119, 'I_gpi': 1.8261731777994774, 'noise_stn_sigma': 4.238240550563045, 'noise_gpe_sigma': 114.82006561401626, 'noise_gpi_sigma': 101.54523759313449, 'g_stn_gpe_mult': 2.833254551141292, 'g_gpe_stn_mult': 0.12313501712954977, 'g_stn_gpi_mult': 2.61940577283114, 'g_gpe_gpi_mult': 0.9472947105715246}. Best is trial 330 with value: 0.5193276612084204.
[I 2026-05-28 02:19:12,235] Trial 361 finished with value: 0.5274705425300547 and parameters: {'ISTN': 62.82745513715256, 'I_gpe': 1.3695418955714773, 'I_gpi': 1.8409225295222185, 'noise_stn_sigma': 4.981360599936435, 'noise_gpe_sigma': 113.98947655190648, 'noise_gpi_sigma': 77.60674474496597, 'g_stn_gpe_mult': 2.4299775384093887, 'g_gpe_stn_mult': 0.140134710715039, 'g_stn_gpi_mult': 2.697084799285764, 'g_gpe_gpi_mult': 0.7862424133787638}. Best is trial 330 with value: 0.5193276612084204.
[I 2026-05-28 02:19:13,244] Trial 362 finished with value: 0.5031139626768169 and parameters: {'ISTN': 60.117376098532155, 'I_gpe': 1.4199587343281712, 'I_gpi': 2.0606993350228793, 'noise_stn_sigma': 4.782885736450051, 'noise_gpe_sigma': 114.36950292146896, 'noise_gpi_sigma': 83.34261913946821, 'g_stn_gpe_mult': 2.5235485983908776, 'g_gpe_stn_mult': 0.13182875981334705, 'g_stn_gpi_mult': 2.3741389623893463, 'g_gpe_gpi_mult': 0.8735517933037089}. Best is trial 362 with value: 0.5031139626768169.
[I 2026-05-28 02:19:14,251] Trial 363 finished with value: 0.6014486316679151 and parameters: {'ISTN': 65.3120056865545, 'I_gpe': 1.2385311802152859, 'I_gpi': 1.8608344828044685, 'noise_stn_sigma': 4.534897249776337, 'noise_gpe_sigma': 120.47820756607696, 'noise_gpi_sigma': 79.90958179634416, 'g_stn_gpe_mult': 2.6425846496445913, 'g_gpe_stn_mult': 0.10164568759760073, 'g_stn_gpi_mult': 2.2155042153729667, 'g_gpe_gpi_mult': 0.8743503109911925}. Best is trial 362 with value: 0.5031139626768169.
[I 2026-05-28 02:19:15,257] Trial 364 finished with value: 1.0081067035782039 and parameters: {'ISTN': 64.31131607096937, 'I_gpe': 1.3498257593516336, 'I_gpi': 1.7115104818227231, 'noise_stn_sigma': 5.022917727646665, 'noise_gpe_sigma': 128.09823899052597, 'noise_gpi_sigma': 85.41072746948849, 'g_stn_gpe_mult': 2.424520228444231, 'g_gpe_stn_mult': 0.14817658423946944, 'g_stn_gpi_mult': 2.3538000316038006, 'g_gpe_gpi_mult': 0.8723435634985512}. Best is trial 362 with value: 0.5031139626768169.
[I 2026-05-28 02:19:16,263] Trial 365 finished with value: 0.9957100494477891 and parameters: {'ISTN': 62.41119908123922, 'I_gpe': 1.1410025675506983, 'I_gpi': 1.9714060610381412, 'noise_stn_sigma': 5.091532012509344, 'noise_gpe_sigma': 121.76429573488798, 'noise_gpi_sigma': 77.25816873461565, 'g_stn_gpe_mult': 2.565526616335866, 'g_gpe_stn_mult': 0.15019430104843973, 'g_stn_gpi_mult': 2.5909646925705516, 'g_gpe_gpi_mult': 0.8226968478756664}. Best is trial 362 with value: 0.5031139626768169.
[I 2026-05-28 02:19:17,269] Trial 366 finished with value: 0.5474693059310904 and parameters: {'ISTN': 60.942781232722275, 'I_gpe': 1.3663500708132754, 'I_gpi': 1.6722659203403907, 'noise_stn_sigma': 3.8898727447864565, 'noise_gpe_sigma': 108.67793658214286, 'noise_gpi_sigma': 85.89978893698263, 'g_stn_gpe_mult': 2.5876958662060425, 'g_gpe_stn_mult': 0.12261594475277751, 'g_stn_gpi_mult': 2.6721921340332733, 'g_gpe_gpi_mult': 0.8442857810579301}. Best is trial 362 with value: 0.5031139626768169.
[I 2026-05-28 02:19:18,275] Trial 367 finished with value: 0.5503686359692488 and parameters: {'ISTN': 61.29074956230397, 'I_gpe': 1.1251415299088388, 'I_gpi': 2.0257969861056013, 'noise_stn_sigma': 4.265157273122191, 'noise_gpe_sigma': 108.87313100266744, 'noise_gpi_sigma': 74.43931446562542, 'g_stn_gpe_mult': 2.5304148542027898, 'g_gpe_stn_mult': 0.11284118262845452, 'g_stn_gpi_mult': 2.5362272782876145, 'g_gpe_gpi_mult': 0.8420954644812133}. Best is trial 362 with value: 0.5031139626768169.
[I 2026-05-28 02:19:19,282] Trial 368 finished with value: 0.7709448902154441 and parameters: {'ISTN': 64.23271650881038, 'I_gpe': 1.1502752977006017, 'I_gpi': 1.9759257553974678, 'noise_stn_sigma': 4.292062549736585, 'noise_gpe_sigma': 119.20913086316604, 'noise_gpi_sigma': 94.63162206998079, 'g_stn_gpe_mult': 2.6550718358202055, 'g_gpe_stn_mult': 0.18544292226332815, 'g_stn_gpi_mult': 2.6130687420556304, 'g_gpe_gpi_mult': 0.8443853877920098}. Best is trial 362 with value: 0.5031139626768169.
[I 2026-05-28 02:19:20,288] Trial 369 finished with value: 0.5932225955146663 and parameters: {'ISTN': 62.66898854882108, 'I_gpe': 1.1226079015809383, 'I_gpi': 1.9491027400030747, 'noise_stn_sigma': 4.374001046267891, 'noise_gpe_sigma': 112.33444977848825, 'noise_gpi_sigma': 86.11432547817729, 'g_stn_gpe_mult': 2.883233054759125, 'g_gpe_stn_mult': 0.13131746871118147, 'g_stn_gpi_mult': 2.6531651025514376, 'g_gpe_gpi_mult': 0.8887198373722816}. Best is trial 362 with value: 0.5031139626768169.
[I 2026-05-28 02:19:21,293] Trial 370 finished with value: 0.6807115667559053 and parameters: {'ISTN': 62.663198504276934, 'I_gpe': 1.2230561190714524, 'I_gpi': 2.349728373177669, 'noise_stn_sigma': 4.629685237525045, 'noise_gpe_sigma': 115.76830958087513, 'noise_gpi_sigma': 92.86792122643669, 'g_stn_gpe_mult': 2.528625254111276, 'g_gpe_stn_mult': 0.20177928894062624, 'g_stn_gpi_mult': 2.5377273447209596, 'g_gpe_gpi_mult': 0.8824912966790208}. Best is trial 362 with value: 0.5031139626768169.
[I 2026-05-28 02:19:22,302] Trial 371 finished with value: 0.610485053189483 and parameters: {'ISTN': 60.90481186514449, 'I_gpe': 1.4076813331622526, 'I_gpi': 1.952990506453615, 'noise_stn_sigma': 4.111053804956834, 'noise_gpe_sigma': 106.82951507794415, 'noise_gpi_sigma': 78.03571109012978, 'g_stn_gpe_mult': 2.613179597082933, 'g_gpe_stn_mult': 0.1781074855282174, 'g_stn_gpi_mult': 2.4454536859382854, 'g_gpe_gpi_mult': 0.8396070171045473}. Best is trial 362 with value: 0.5031139626768169.
[I 2026-05-28 02:19:23,309] Trial 372 finished with value: 0.5397815446951102 and parameters: {'ISTN': 63.33198041268405, 'I_gpe': 1.3117282216911885, 'I_gpi': 1.8050647360221088, 'noise_stn_sigma': 4.8709682038138595, 'noise_gpe_sigma': 118.16679364098076, 'noise_gpi_sigma': 81.8039958062119, 'g_stn_gpe_mult': 2.513595433266855, 'g_gpe_stn_mult': 0.12006855523275523, 'g_stn_gpi_mult': 2.4306630214445737, 'g_gpe_gpi_mult': 0.8021748634876453}. Best is trial 362 with value: 0.5031139626768169.
[I 2026-05-28 02:19:24,316] Trial 373 finished with value: 0.5172147856365825 and parameters: {'ISTN': 63.725833124845835, 'I_gpe': 1.448552812907728, 'I_gpi': 1.6448938478990196, 'noise_stn_sigma': 5.604448417719427, 'noise_gpe_sigma': 110.80824442703491, 'noise_gpi_sigma': 83.00995098526826, 'g_stn_gpe_mult': 2.739234018304855, 'g_gpe_stn_mult': 0.10118381357929469, 'g_stn_gpi_mult': 2.3454600096982006, 'g_gpe_gpi_mult': 0.8400318232386979}. Best is trial 362 with value: 0.5031139626768169.
[I 2026-05-28 02:19:25,321] Trial 374 finished with value: 0.9606045036634612 and parameters: {'ISTN': 62.71955456244959, 'I_gpe': 1.3661705939860493, 'I_gpi': 1.9512094757877056, 'noise_stn_sigma': 4.597601231645186, 'noise_gpe_sigma': 107.73189991442474, 'noise_gpi_sigma': 78.825355222008, 'g_stn_gpe_mult': 2.4240630298471633, 'g_gpe_stn_mult': 0.16437240511085033, 'g_stn_gpi_mult': 2.465520113032131, 'g_gpe_gpi_mult': 0.7511155766213493}. Best is trial 362 with value: 0.5031139626768169.
[I 2026-05-28 02:19:26,328] Trial 375 finished with value: 0.5501220806868069 and parameters: {'ISTN': 60.831556913811234, 'I_gpe': 1.2729404572444785, 'I_gpi': 1.348784808189175, 'noise_stn_sigma': 4.629020024524984, 'noise_gpe_sigma': 105.99756685181393, 'noise_gpi_sigma': 81.47860266206023, 'g_stn_gpe_mult': 2.3541874437497947, 'g_gpe_stn_mult': 0.14370944581969175, 'g_stn_gpi_mult': 2.607307648274772, 'g_gpe_gpi_mult': 0.9016324531520037}. Best is trial 362 with value: 0.5031139626768169.
[I 2026-05-28 02:19:27,333] Trial 376 finished with value: 0.5040176268631816 and parameters: {'ISTN': 60.58104917908493, 'I_gpe': 1.3998355468873547, 'I_gpi': 1.9042391548807465, 'noise_stn_sigma': 4.611111112447166, 'noise_gpe_sigma': 118.20792543679883, 'noise_gpi_sigma': 79.37063379617997, 'g_stn_gpe_mult': 2.4315944845639232, 'g_gpe_stn_mult': 0.13518223815262148, 'g_stn_gpi_mult': 2.773246623612843, 'g_gpe_gpi_mult': 0.9127470014005254}. Best is trial 362 with value: 0.5031139626768169.
[I 2026-05-28 02:19:28,339] Trial 377 finished with value: 0.529971875280584 and parameters: {'ISTN': 60.4603076015921, 'I_gpe': 1.3743084007768966, 'I_gpi': 1.5667431419410114, 'noise_stn_sigma': 4.7658627021416375, 'noise_gpe_sigma': 105.32192531472704, 'noise_gpi_sigma': 80.20000676551764, 'g_stn_gpe_mult': 3.0188956846748036, 'g_gpe_stn_mult': 0.11313006313461137, 'g_stn_gpi_mult': 2.8007691234296193, 'g_gpe_gpi_mult': 0.8268098257453671}. Best is trial 362 with value: 0.5031139626768169.
[I 2026-05-28 02:19:29,347] Trial 378 finished with value: 0.5566490677783207 and parameters: {'ISTN': 60.27821328210581, 'I_gpe': 1.2284363444469353, 'I_gpi': 1.5417086602137504, 'noise_stn_sigma': 4.035439100880209, 'noise_gpe_sigma': 108.95592594552642, 'noise_gpi_sigma': 78.4727735854716, 'g_stn_gpe_mult': 2.3694047792961817, 'g_gpe_stn_mult': 0.11758125931810515, 'g_stn_gpi_mult': 2.408845576189692, 'g_gpe_gpi_mult': 0.8192126037403831}. Best is trial 362 with value: 0.5031139626768169.
[I 2026-05-28 02:19:30,357] Trial 379 finished with value: 0.632220225276793 and parameters: {'ISTN': 60.53728974136669, 'I_gpe': 1.666192425068305, 'I_gpi': 2.337685020640631, 'noise_stn_sigma': 4.245846108466027, 'noise_gpe_sigma': 110.10694101874688, 'noise_gpi_sigma': 67.95470866734203, 'g_stn_gpe_mult': 2.440293900185767, 'g_gpe_stn_mult': 0.10073751045743583, 'g_stn_gpi_mult': 2.8257469473031485, 'g_gpe_gpi_mult': 0.7546707214887445}. Best is trial 362 with value: 0.5031139626768169.
[I 2026-05-28 02:19:31,365] Trial 380 finished with value: 0.5163298322688602 and parameters: {'ISTN': 61.760037801578676, 'I_gpe': 1.4820812586395076, 'I_gpi': 1.9800742697873357, 'noise_stn_sigma': 5.248132203336988, 'noise_gpe_sigma': 115.61992231870045, 'noise_gpi_sigma': 79.96759228639637, 'g_stn_gpe_mult': 2.304166155755626, 'g_gpe_stn_mult': 0.10506347975997818, 'g_stn_gpi_mult': 2.385883766427137, 'g_gpe_gpi_mult': 0.8967548421029461}. Best is trial 362 with value: 0.5031139626768169.
[I 2026-05-28 02:19:32,374] Trial 381 finished with value: 0.49422401637724195 and parameters: {'ISTN': 60.13165881174514, 'I_gpe': 1.4296537643156189, 'I_gpi': 1.8391782907563061, 'noise_stn_sigma': 5.139204852112992, 'noise_gpe_sigma': 119.22396480415556, 'noise_gpi_sigma': 86.22637210881697, 'g_stn_gpe_mult': 2.6937768877752326, 'g_gpe_stn_mult': 0.12548841703035093, 'g_stn_gpi_mult': 2.574003331251907, 'g_gpe_gpi_mult': 0.8620415839300857}. Best is trial 381 with value: 0.49422401637724195.
[I 2026-05-28 02:19:33,381] Trial 382 finished with value: 0.7046077646277251 and parameters: {'ISTN': 63.72077900803677, 'I_gpe': 1.4567771733675656, 'I_gpi': 1.886786522070544, 'noise_stn_sigma': 4.729770768671672, 'noise_gpe_sigma': 105.28837991215647, 'noise_gpi_sigma': 87.99836203650155, 'g_stn_gpe_mult': 2.810311390150671, 'g_gpe_stn_mult': 0.12610653930986562, 'g_stn_gpi_mult': 2.6732566829443924, 'g_gpe_gpi_mult': 0.9055774991941181}. Best is trial 381 with value: 0.49422401637724195.
[I 2026-05-28 02:19:34,387] Trial 383 finished with value: 0.8879291450106281 and parameters: {'ISTN': 65.77019739916317, 'I_gpe': 1.7106024441586523, 'I_gpi': 1.8583852700464858, 'noise_stn_sigma': 4.976098765560389, 'noise_gpe_sigma': 111.49449842476312, 'noise_gpi_sigma': 72.31622666091026, 'g_stn_gpe_mult': 2.6611675910202317, 'g_gpe_stn_mult': 0.10638963994535987, 'g_stn_gpi_mult': 2.527815896319148, 'g_gpe_gpi_mult': 0.8183008535813499}. Best is trial 381 with value: 0.49422401637724195.
[I 2026-05-28 02:19:35,393] Trial 384 finished with value: 0.6657044989911778 and parameters: {'ISTN': 60.25898216967577, 'I_gpe': 1.569966691199405, 'I_gpi': 1.8352290258592356, 'noise_stn_sigma': 5.1559969945803275, 'noise_gpe_sigma': 119.8570812420342, 'noise_gpi_sigma': 73.50840411681318, 'g_stn_gpe_mult': 2.499826647422106, 'g_gpe_stn_mult': 0.16066715154898167, 'g_stn_gpi_mult': 2.511756098412067, 'g_gpe_gpi_mult': 0.8703005182172647}. Best is trial 381 with value: 0.49422401637724195.
[I 2026-05-28 02:19:36,341] Trial 385 finished with value: 1000000.0 and parameters: {'ISTN': 60.65268175165511, 'I_gpe': 1.287912056007503, 'I_gpi': 2.049323534909566, 'noise_stn_sigma': 5.231500216479506, 'noise_gpe_sigma': 115.05701434458629, 'noise_gpi_sigma': 81.49112512723944, 'g_stn_gpe_mult': 2.485418518260608, 'g_gpe_stn_mult': 0.16412109458015478, 'g_stn_gpi_mult': 2.526670422151907, 'g_gpe_gpi_mult': 0.8301075385286389}. Best is trial 381 with value: 0.49422401637724195.
[I 2026-05-28 02:19:37,351] Trial 386 finished with value: 0.5286885048855944 and parameters: {'ISTN': 62.693297449991086, 'I_gpe': 1.4404160460884645, 'I_gpi': 1.9754943804065794, 'noise_stn_sigma': 5.086029228791834, 'noise_gpe_sigma': 128.1026765859592, 'noise_gpi_sigma': 81.83485374266863, 'g_stn_gpe_mult': 2.4992859748321807, 'g_gpe_stn_mult': 0.12711078385734706, 'g_stn_gpi_mult': 2.5183022484242374, 'g_gpe_gpi_mult': 0.9846499101826782}. Best is trial 381 with value: 0.49422401637724195.
[I 2026-05-28 02:19:38,359] Trial 387 finished with value: 0.5169668302992493 and parameters: {'ISTN': 61.07522588852296, 'I_gpe': 1.4613856477014, 'I_gpi': 1.7822235879402044, 'noise_stn_sigma': 4.703609856994307, 'noise_gpe_sigma': 114.38646219918456, 'noise_gpi_sigma': 89.87050199374154, 'g_stn_gpe_mult': 2.4649327862022434, 'g_gpe_stn_mult': 0.12853784573694127, 'g_stn_gpi_mult': 2.645265789159911, 'g_gpe_gpi_mult': 0.8717488751677869}. Best is trial 381 with value: 0.49422401637724195.
[I 2026-05-28 02:19:39,366] Trial 388 finished with value: 0.5187639060972377 and parameters: {'ISTN': 60.39388184579192, 'I_gpe': 1.6781201140992679, 'I_gpi': 1.8938672651565134, 'noise_stn_sigma': 5.497278562336712, 'noise_gpe_sigma': 117.9365642635745, 'noise_gpi_sigma': 72.95828082705918, 'g_stn_gpe_mult': 2.3458042753827284, 'g_gpe_stn_mult': 0.11785959738310625, 'g_stn_gpi_mult': 2.9084598966411765, 'g_gpe_gpi_mult': 0.9021995401188168}. Best is trial 381 with value: 0.49422401637724195.
[I 2026-05-28 02:19:40,372] Trial 389 finished with value: 0.6163905501812977 and parameters: {'ISTN': 61.51076848372644, 'I_gpe': 1.5504542130716668, 'I_gpi': 1.9623329059675625, 'noise_stn_sigma': 5.077482718642573, 'noise_gpe_sigma': 116.86302425466882, 'noise_gpi_sigma': 99.30646160596567, 'g_stn_gpe_mult': 2.1306872574137414, 'g_gpe_stn_mult': 0.14611004920867432, 'g_stn_gpi_mult': 2.4817366694361205, 'g_gpe_gpi_mult': 0.9579240925283492}. Best is trial 381 with value: 0.49422401637724195.
[I 2026-05-28 02:19:41,377] Trial 390 finished with value: 0.5917686138728382 and parameters: {'ISTN': 62.98890934059616, 'I_gpe': 1.2540942440267746, 'I_gpi': 2.0667235570535314, 'noise_stn_sigma': 5.178159736288512, 'noise_gpe_sigma': 107.99114994896178, 'noise_gpi_sigma': 92.9281391564821, 'g_stn_gpe_mult': 2.355399346148965, 'g_gpe_stn_mult': 0.11999813193330056, 'g_stn_gpi_mult': 2.3371389030397105, 'g_gpe_gpi_mult': 0.8832205628946452}. Best is trial 381 with value: 0.49422401637724195.
[I 2026-05-28 02:19:42,387] Trial 391 finished with value: 0.5101712215739356 and parameters: {'ISTN': 61.97882487704248, 'I_gpe': 1.4250297993877137, 'I_gpi': 1.9080707624283357, 'noise_stn_sigma': 4.984660412429308, 'noise_gpe_sigma': 110.56094862126784, 'noise_gpi_sigma': 88.80197962859476, 'g_stn_gpe_mult': 2.4764679497739555, 'g_gpe_stn_mult': 0.1210116360972493, 'g_stn_gpi_mult': 2.6521385140950646, 'g_gpe_gpi_mult': 0.9069030341993665}. Best is trial 381 with value: 0.49422401637724195.
[I 2026-05-28 02:19:43,393] Trial 392 finished with value: 0.7184506993997369 and parameters: {'ISTN': 60.17626210816355, 'I_gpe': 1.0976095964332448, 'I_gpi': 1.81919373314031, 'noise_stn_sigma': 5.152085011920194, 'noise_gpe_sigma': 117.35011382818915, 'noise_gpi_sigma': 104.89455765583382, 'g_stn_gpe_mult': 2.556650191742041, 'g_gpe_stn_mult': 0.21387149298357577, 'g_stn_gpi_mult': 2.3787706800430666, 'g_gpe_gpi_mult': 0.9618839190696162}. Best is trial 381 with value: 0.49422401637724195.
[I 2026-05-28 02:19:44,398] Trial 393 finished with value: 0.7954876507350573 and parameters: {'ISTN': 61.94200379487665, 'I_gpe': 1.5473953905381435, 'I_gpi': 1.8289352920827504, 'noise_stn_sigma': 5.105175287323873, 'noise_gpe_sigma': 124.89194270375619, 'noise_gpi_sigma': 82.48647064312406, 'g_stn_gpe_mult': 2.559845590343212, 'g_gpe_stn_mult': 0.15975950470747133, 'g_stn_gpi_mult': 2.460507644097767, 'g_gpe_gpi_mult': 0.9158518525013348}. Best is trial 381 with value: 0.49422401637724195.
[I 2026-05-28 02:19:45,403] Trial 394 finished with value: 0.647506435247475 and parameters: {'ISTN': 65.26517981896018, 'I_gpe': 1.423536250069751, 'I_gpi': 1.7297813932252177, 'noise_stn_sigma': 4.924150959956492, 'noise_gpe_sigma': 116.20329567879381, 'noise_gpi_sigma': 90.09578734201814, 'g_stn_gpe_mult': 2.5329338034515665, 'g_gpe_stn_mult': 0.10103423828529988, 'g_stn_gpi_mult': 2.7743549472282862, 'g_gpe_gpi_mult': 0.8845994039169858}. Best is trial 381 with value: 0.49422401637724195.
[I 2026-05-28 02:19:46,409] Trial 395 finished with value: 0.5373724713046903 and parameters: {'ISTN': 62.01277600553135, 'I_gpe': 1.2222213656432208, 'I_gpi': 1.5683620712670228, 'noise_stn_sigma': 4.714379996632999, 'noise_gpe_sigma': 109.83565343130651, 'noise_gpi_sigma': 87.08974316327122, 'g_stn_gpe_mult': 2.889215373360401, 'g_gpe_stn_mult': 0.10992397051118305, 'g_stn_gpi_mult': 2.5274879400275854, 'g_gpe_gpi_mult': 0.8394786458426533}. Best is trial 381 with value: 0.49422401637724195.
