[I 2026-05-28 01:34:46,911] Trial 748 finished with value: 0.2268386456529599 and parameters: {'ISTN': 61.46836783843934, 'I_gpe': 1.3157366817515461, 'I_gpi': 2.1437105102004566, 'noise_stn_sigma': 1.817014782423754, 'noise_gpe_sigma': 99.15240168490628, 'noise_gpi_sigma': 88.27435566525453, 'g_stn_gpe_mult': 2.535612833146076, 'g_gpe_stn_mult': 0.16140817822164472, 'g_stn_gpi_mult': 1.924824858106159, 'g_gpe_gpi_mult': 0.8496656981772375}. Best is trial 627 with value: 0.13198094924998152.
[I 2026-05-28 01:34:47,916] Trial 749 finished with value: 0.1498403539936475 and parameters: {'ISTN': 62.10418633652269, 'I_gpe': 1.2439295916160644, 'I_gpi': 2.0415621927590055, 'noise_stn_sigma': 1.825567098993822, 'noise_gpe_sigma': 101.52458212319155, 'noise_gpi_sigma': 90.04576273186389, 'g_stn_gpe_mult': 2.3392990291339695, 'g_gpe_stn_mult': 0.15420457699588816, 'g_stn_gpi_mult': 1.8658841295147002, 'g_gpe_gpi_mult': 0.8159195774908798}. Best is trial 627 with value: 0.13198094924998152.
[I 2026-05-28 01:34:48,919] Trial 750 finished with value: 0.16827299557957867 and parameters: {'ISTN': 62.89881370485647, 'I_gpe': 1.1782877785372072, 'I_gpi': 2.015012162043739, 'noise_stn_sigma': 1.6169411223275287, 'noise_gpe_sigma': 103.10591320515832, 'noise_gpi_sigma': 87.77124295082105, 'g_stn_gpe_mult': 2.528063247528656, 'g_gpe_stn_mult': 0.15920594271252028, 'g_stn_gpi_mult': 1.91643173727179, 'g_gpe_gpi_mult': 0.8477271819170968}. Best is trial 627 with value: 0.13198094924998152.
[I 2026-05-28 01:34:49,922] Trial 751 finished with value: 0.1395408302777593 and parameters: {'ISTN': 61.55787279498371, 'I_gpe': 1.2864821280568848, 'I_gpi': 2.1276021587586236, 'noise_stn_sigma': 1.816824591014981, 'noise_gpe_sigma': 96.91012486006933, 'noise_gpi_sigma': 89.12246494849018, 'g_stn_gpe_mult': 2.3639797535025258, 'g_gpe_stn_mult': 0.16276081073888155, 'g_stn_gpi_mult': 1.8457629444019055, 'g_gpe_gpi_mult': 0.7912580501159991}. Best is trial 627 with value: 0.13198094924998152.
[I 2026-05-28 01:34:50,926] Trial 752 finished with value: 0.16995967758264796 and parameters: {'ISTN': 62.48552520290945, 'I_gpe': 1.2005432397345865, 'I_gpi': 2.106436453791683, 'noise_stn_sigma': 1.9603173589294858, 'noise_gpe_sigma': 96.10760761320982, 'noise_gpi_sigma': 89.5189836351631, 'g_stn_gpe_mult': 2.540541035759615, 'g_gpe_stn_mult': 0.17494768566745966, 'g_stn_gpi_mult': 1.8923473928084737, 'g_gpe_gpi_mult': 0.823411055967409}. Best is trial 627 with value: 0.13198094924998152.
[I 2026-05-28 01:34:51,929] Trial 753 finished with value: 0.14386609324298333 and parameters: {'ISTN': 62.063919913464794, 'I_gpe': 1.197097184584261, 'I_gpi': 2.0589843494723423, 'noise_stn_sigma': 1.7489495609449648, 'noise_gpe_sigma': 101.16663493298951, 'noise_gpi_sigma': 85.38755551460322, 'g_stn_gpe_mult': 2.699007599586687, 'g_gpe_stn_mult': 0.1593485620662069, 'g_stn_gpi_mult': 1.9387260503935666, 'g_gpe_gpi_mult': 0.8456071519151438}. Best is trial 627 with value: 0.13198094924998152.
[I 2026-05-28 01:34:52,933] Trial 754 finished with value: 0.5210435125013606 and parameters: {'ISTN': 60.53004635577302, 'I_gpe': 1.241857942257779, 'I_gpi': 2.161357310793364, 'noise_stn_sigma': 1.8431849791156394, 'noise_gpe_sigma': 101.68389389917255, 'noise_gpi_sigma': 91.52555017220595, 'g_stn_gpe_mult': 2.4809117855876157, 'g_gpe_stn_mult': 0.15630759762763216, 'g_stn_gpi_mult': 1.9274990052269352, 'g_gpe_gpi_mult': 0.828577548885995}. Best is trial 627 with value: 0.13198094924998152.
[I 2026-05-28 01:34:53,939] Trial 755 finished with value: 0.14362942042096416 and parameters: {'ISTN': 61.91420781813516, 'I_gpe': 1.3000803305745825, 'I_gpi': 2.1225151472175545, 'noise_stn_sigma': 1.825569685607029, 'noise_gpe_sigma': 100.57063403105329, 'noise_gpi_sigma': 88.89928672069597, 'g_stn_gpe_mult': 2.5617082775155824, 'g_gpe_stn_mult': 0.16038848603986194, 'g_stn_gpi_mult': 1.8118396753634312, 'g_gpe_gpi_mult': 0.8308104774026586}. Best is trial 627 with value: 0.13198094924998152.
[I 2026-05-28 01:34:54,944] Trial 756 finished with value: 0.1435808196203764 and parameters: {'ISTN': 61.30101334816021, 'I_gpe': 1.2897225380577484, 'I_gpi': 2.0927456156405255, 'noise_stn_sigma': 1.9715824759668283, 'noise_gpe_sigma': 97.4158659405953, 'noise_gpi_sigma': 84.70284261146826, 'g_stn_gpe_mult': 2.415291939168039, 'g_gpe_stn_mult': 0.1640610187406511, 'g_stn_gpi_mult': 1.9447522820052163, 'g_gpe_gpi_mult': 0.813627411548371}. Best is trial 627 with value: 0.13198094924998152.
[I 2026-05-28 01:34:55,950] Trial 757 finished with value: 0.14437604096030696 and parameters: {'ISTN': 62.183008166585886, 'I_gpe': 1.1656693549412402, 'I_gpi': 2.1897141287823363, 'noise_stn_sigma': 1.7395588757652378, 'noise_gpe_sigma': 101.82131896733284, 'noise_gpi_sigma': 90.74939356395008, 'g_stn_gpe_mult': 2.46390067878331, 'g_gpe_stn_mult': 0.15700165884568903, 'g_stn_gpi_mult': 1.9029997000545795, 'g_gpe_gpi_mult': 0.8236086445267679}. Best is trial 627 with value: 0.13198094924998152.
[I 2026-05-28 01:34:56,954] Trial 758 finished with value: 0.16195503163816724 and parameters: {'ISTN': 61.9450833870307, 'I_gpe': 1.324169016343451, 'I_gpi': 2.134366976909752, 'noise_stn_sigma': 1.717879712402532, 'noise_gpe_sigma': 98.68860971356266, 'noise_gpi_sigma': 89.98531692060814, 'g_stn_gpe_mult': 2.35907131799667, 'g_gpe_stn_mult': 0.14824638607758572, 'g_stn_gpi_mult': 1.837137475359529, 'g_gpe_gpi_mult': 0.8451054814641317}. Best is trial 627 with value: 0.13198094924998152.
[I 2026-05-28 01:34:57,960] Trial 759 finished with value: 0.1506136929685102 and parameters: {'ISTN': 62.294064318916604, 'I_gpe': 1.187114150021849, 'I_gpi': 2.0506187051196716, 'noise_stn_sigma': 2.0279972031627467, 'noise_gpe_sigma': 101.81011709677078, 'noise_gpi_sigma': 87.07223033365896, 'g_stn_gpe_mult': 2.526713029800093, 'g_gpe_stn_mult': 0.1515632848814675, 'g_stn_gpi_mult': 1.8324104228736702, 'g_gpe_gpi_mult': 0.8173464145716542}. Best is trial 627 with value: 0.13198094924998152.
[I 2026-05-28 01:34:58,968] Trial 760 finished with value: 0.1525671574274718 and parameters: {'ISTN': 62.317254692479814, 'I_gpe': 1.147465912873354, 'I_gpi': 2.0393960830555207, 'noise_stn_sigma': 1.7278394001649855, 'noise_gpe_sigma': 102.29071665367007, 'noise_gpi_sigma': 87.14667897000902, 'g_stn_gpe_mult': 2.4718070220128285, 'g_gpe_stn_mult': 0.15982235391091604, 'g_stn_gpi_mult': 1.984815881650069, 'g_gpe_gpi_mult': 0.8113426425353452}. Best is trial 627 with value: 0.13198094924998152.
[I 2026-05-28 01:34:59,974] Trial 761 finished with value: 0.14561990953484083 and parameters: {'ISTN': 61.648815947023806, 'I_gpe': 1.2124681987482748, 'I_gpi': 2.072476204332883, 'noise_stn_sigma': 2.3001125450323245, 'noise_gpe_sigma': 99.21122311106178, 'noise_gpi_sigma': 85.89139293022275, 'g_stn_gpe_mult': 2.574470746273124, 'g_gpe_stn_mult': 0.15794532864160557, 'g_stn_gpi_mult': 2.0258385490800546, 'g_gpe_gpi_mult': 0.811970653685629}. Best is trial 627 with value: 0.13198094924998152.
[I 2026-05-28 01:35:00,981] Trial 762 finished with value: 0.13847313230725025 and parameters: {'ISTN': 61.01312797669473, 'I_gpe': 1.321651314976294, 'I_gpi': 2.198262749400845, 'noise_stn_sigma': 1.9950805824210762, 'noise_gpe_sigma': 97.64898847363808, 'noise_gpi_sigma': 83.51544255529268, 'g_stn_gpe_mult': 2.3400393366523224, 'g_gpe_stn_mult': 0.15679171385643265, 'g_stn_gpi_mult': 1.9325734438810651, 'g_gpe_gpi_mult': 0.8180232782852095}. Best is trial 627 with value: 0.13198094924998152.
[I 2026-05-28 01:35:01,984] Trial 763 finished with value: 0.4131383750258957 and parameters: {'ISTN': 60.821665782132044, 'I_gpe': 1.4349709175551055, 'I_gpi': 2.1012289028264868, 'noise_stn_sigma': 1.6919016209736046, 'noise_gpe_sigma': 99.56719151568434, 'noise_gpi_sigma': 87.9844293687213, 'g_stn_gpe_mult': 2.2900207896147275, 'g_gpe_stn_mult': 0.15250145931114933, 'g_stn_gpi_mult': 1.7965179310774728, 'g_gpe_gpi_mult': 0.8052488222062237}. Best is trial 627 with value: 0.13198094924998152.
[I 2026-05-28 01:35:02,988] Trial 764 finished with value: 0.1696821465460572 and parameters: {'ISTN': 62.73825826785753, 'I_gpe': 1.2437631421036914, 'I_gpi': 2.086505081360653, 'noise_stn_sigma': 1.8618502005651751, 'noise_gpe_sigma': 96.5203037105912, 'noise_gpi_sigma': 86.66309990458141, 'g_stn_gpe_mult': 2.580053656923324, 'g_gpe_stn_mult': 0.16490826228810765, 'g_stn_gpi_mult': 1.885002391941777, 'g_gpe_gpi_mult': 0.8239560812799485}. Best is trial 627 with value: 0.13198094924998152.
[I 2026-05-28 01:35:03,993] Trial 765 finished with value: 0.14897090367459362 and parameters: {'ISTN': 61.61325973631838, 'I_gpe': 1.2502745366112478, 'I_gpi': 2.001930291830443, 'noise_stn_sigma': 1.8735033278634354, 'noise_gpe_sigma': 103.06418760975646, 'noise_gpi_sigma': 87.28978134580478, 'g_stn_gpe_mult': 2.466875538394193, 'g_gpe_stn_mult': 0.16873173781586687, 'g_stn_gpi_mult': 2.002220344122085, 'g_gpe_gpi_mult': 0.8258520019296336}. Best is trial 627 with value: 0.13198094924998152.
[I 2026-05-28 01:35:05,000] Trial 766 finished with value: 0.13704801254016213 and parameters: {'ISTN': 61.502943129141904, 'I_gpe': 1.2469584576122663, 'I_gpi': 2.1450508567771824, 'noise_stn_sigma': 1.7861105840534581, 'noise_gpe_sigma': 100.08745040056873, 'noise_gpi_sigma': 87.07728581613155, 'g_stn_gpe_mult': 2.505664431383885, 'g_gpe_stn_mult': 0.1625042344370963, 'g_stn_gpi_mult': 1.9208298503420738, 'g_gpe_gpi_mult': 0.8156825366090819}. Best is trial 627 with value: 0.13198094924998152.
[I 2026-05-28 01:35:06,005] Trial 767 finished with value: 0.14710896840858456 and parameters: {'ISTN': 61.464466567823905, 'I_gpe': 1.2237091675838963, 'I_gpi': 2.09671846365433, 'noise_stn_sigma': 2.0136778316377772, 'noise_gpe_sigma': 95.90184536671985, 'noise_gpi_sigma': 84.40861992760345, 'g_stn_gpe_mult': 2.392244860216002, 'g_gpe_stn_mult': 0.16849365231304841, 'g_stn_gpi_mult': 1.9171591304128197, 'g_gpe_gpi_mult': 0.7789910783030194}. Best is trial 627 with value: 0.13198094924998152.
[I 2026-05-28 01:35:07,010] Trial 768 finished with value: 0.14939752627343883 and parameters: {'ISTN': 61.560927631146676, 'I_gpe': 1.225236909254479, 'I_gpi': 2.077606653123821, 'noise_stn_sigma': 1.9406411422181613, 'noise_gpe_sigma': 96.90778942675047, 'noise_gpi_sigma': 82.64320868658197, 'g_stn_gpe_mult': 2.500169034293812, 'g_gpe_stn_mult': 0.16857021062845784, 'g_stn_gpi_mult': 1.9451952092162612, 'g_gpe_gpi_mult': 0.8086660492122164}. Best is trial 627 with value: 0.13198094924998152.
[I 2026-05-28 01:35:08,014] Trial 769 finished with value: 0.14288036997236775 and parameters: {'ISTN': 61.67824895828903, 'I_gpe': 1.3583218294447343, 'I_gpi': 2.1169644174732345, 'noise_stn_sigma': 1.6313437406868192, 'noise_gpe_sigma': 99.7076947787888, 'noise_gpi_sigma': 85.94088140737229, 'g_stn_gpe_mult': 2.3396353984711302, 'g_gpe_stn_mult': 0.16129128041027463, 'g_stn_gpi_mult': 1.834573901713049, 'g_gpe_gpi_mult': 0.8174975018830548}. Best is trial 627 with value: 0.13198094924998152.
[I 2026-05-28 01:35:09,021] Trial 770 finished with value: 0.13925073485040654 and parameters: {'ISTN': 61.17889977709621, 'I_gpe': 1.3280835594592704, 'I_gpi': 2.055539434899135, 'noise_stn_sigma': 1.790466900937553, 'noise_gpe_sigma': 98.27508595798075, 'noise_gpi_sigma': 86.80492868558693, 'g_stn_gpe_mult': 2.3063022430177735, 'g_gpe_stn_mult': 0.15743108853120577, 'g_stn_gpi_mult': 1.85564624297724, 'g_gpe_gpi_mult': 0.7878078623383462}. Best is trial 627 with value: 0.13198094924998152.
[I 2026-05-28 01:35:10,027] Trial 771 finished with value: 0.1457998736916602 and parameters: {'ISTN': 62.16837905791601, 'I_gpe': 1.281252552003918, 'I_gpi': 2.1553988985336856, 'noise_stn_sigma': 1.830534368364239, 'noise_gpe_sigma': 98.69007461797773, 'noise_gpi_sigma': 88.72005583409255, 'g_stn_gpe_mult': 2.4384909709900278, 'g_gpe_stn_mult': 0.1546307938410808, 'g_stn_gpi_mult': 1.8792333764019524, 'g_gpe_gpi_mult': 0.8064195480415774}. Best is trial 627 with value: 0.13198094924998152.
[I 2026-05-28 01:35:11,033] Trial 772 finished with value: 0.14331599466157516 and parameters: {'ISTN': 60.70931942632399, 'I_gpe': 1.320614159051476, 'I_gpi': 2.193834295989488, 'noise_stn_sigma': 1.875718130776008, 'noise_gpe_sigma': 97.55124433771405, 'noise_gpi_sigma': 83.18313139033924, 'g_stn_gpe_mult': 2.4586488907888464, 'g_gpe_stn_mult': 0.1647842081620549, 'g_stn_gpi_mult': 1.905896842709251, 'g_gpe_gpi_mult': 0.8233127778078513}. Best is trial 627 with value: 0.13198094924998152.
[I 2026-05-28 01:35:12,036] Trial 773 finished with value: 0.2786533814375942 and parameters: {'ISTN': 60.35428232216878, 'I_gpe': 1.3391476223285985, 'I_gpi': 2.2514066867181084, 'noise_stn_sigma': 1.6220281171771378, 'noise_gpe_sigma': 99.1159389753235, 'noise_gpi_sigma': 88.01974262999362, 'g_stn_gpe_mult': 2.4520468567459694, 'g_gpe_stn_mult': 0.161782252085508, 'g_stn_gpi_mult': 1.9312479418824022, 'g_gpe_gpi_mult': 0.8195167603091378}. Best is trial 627 with value: 0.13198094924998152.
[I 2026-05-28 01:35:13,039] Trial 774 finished with value: 0.15185478995497997 and parameters: {'ISTN': 61.51673362418883, 'I_gpe': 1.274204831505443, 'I_gpi': 2.046876165276861, 'noise_stn_sigma': 1.9078893455431007, 'noise_gpe_sigma': 99.02011504579481, 'noise_gpi_sigma': 85.69446381914982, 'g_stn_gpe_mult': 2.372911244065969, 'g_gpe_stn_mult': 0.17152137408553536, 'g_stn_gpi_mult': 1.848967427099797, 'g_gpe_gpi_mult': 0.8033432016830866}. Best is trial 627 with value: 0.13198094924998152.
[I 2026-05-28 01:35:14,043] Trial 775 finished with value: 0.3843936190252325 and parameters: {'ISTN': 60.980962279070035, 'I_gpe': 1.2682288944291522, 'I_gpi': 2.1092388651899956, 'noise_stn_sigma': 1.8527606017035132, 'noise_gpe_sigma': 98.22805042741139, 'noise_gpi_sigma': 81.86222831690404, 'g_stn_gpe_mult': 2.4831966561457994, 'g_gpe_stn_mult': 0.15563378766218772, 'g_stn_gpi_mult': 1.923902469174222, 'g_gpe_gpi_mult': 0.8175307481309215}. Best is trial 627 with value: 0.13198094924998152.
[I 2026-05-28 01:35:15,047] Trial 776 finished with value: 0.1400353736560229 and parameters: {'ISTN': 61.2771309230008, 'I_gpe': 1.3510520567109703, 'I_gpi': 2.1256008817785923, 'noise_stn_sigma': 1.756300053206025, 'noise_gpe_sigma': 98.70261006626632, 'noise_gpi_sigma': 84.87100251511066, 'g_stn_gpe_mult': 2.303522499164263, 'g_gpe_stn_mult': 0.15913788598831136, 'g_stn_gpi_mult': 1.8607487668027933, 'g_gpe_gpi_mult': 0.8080482168935483}. Best is trial 627 with value: 0.13198094924998152.
[I 2026-05-28 01:35:16,053] Trial 777 finished with value: 0.16081384674324534 and parameters: {'ISTN': 62.4467432313716, 'I_gpe': 1.326544527283978, 'I_gpi': 2.0899941684471366, 'noise_stn_sigma': 1.4534819680563327, 'noise_gpe_sigma': 100.42158668089715, 'noise_gpi_sigma': 88.28367729713784, 'g_stn_gpe_mult': 2.242023755184268, 'g_gpe_stn_mult': 0.16543822474663317, 'g_stn_gpi_mult': 1.7590640153515928, 'g_gpe_gpi_mult': 0.7973587656249497}. Best is trial 627 with value: 0.13198094924998152.
[I 2026-05-28 01:35:17,060] Trial 778 finished with value: 0.13781228493531877 and parameters: {'ISTN': 61.29026654100994, 'I_gpe': 1.3009459954350877, 'I_gpi': 2.173339951131769, 'noise_stn_sigma': 2.1155098481810755, 'noise_gpe_sigma': 99.7601859864342, 'noise_gpi_sigma': 85.10735743286637, 'g_stn_gpe_mult': 2.394714862504418, 'g_gpe_stn_mult': 0.15947817712862788, 'g_stn_gpi_mult': 1.9229956999610724, 'g_gpe_gpi_mult': 0.7988369344336708}. Best is trial 627 with value: 0.13198094924998152.
[I 2026-05-28 01:35:18,065] Trial 779 finished with value: 0.18506903085475285 and parameters: {'ISTN': 60.95661276402995, 'I_gpe': 1.2664129629200116, 'I_gpi': 2.1138873044035877, 'noise_stn_sigma': 1.6672115398912397, 'noise_gpe_sigma': 101.21796472850457, 'noise_gpi_sigma': 87.24286386374798, 'g_stn_gpe_mult': 2.4755798080931775, 'g_gpe_stn_mult': 0.16325920729335797, 'g_stn_gpi_mult': 1.8973463303315006, 'g_gpe_gpi_mult': 0.8126730116750687}. Best is trial 627 with value: 0.13198094924998152.
[I 2026-05-28 01:35:19,067] Trial 780 finished with value: 0.15421336414139372 and parameters: {'ISTN': 62.0291680971675, 'I_gpe': 1.311518741348221, 'I_gpi': 2.1887160658695954, 'noise_stn_sigma': 1.956682385955623, 'noise_gpe_sigma': 97.92506669118725, 'noise_gpi_sigma': 82.92574111267251, 'g_stn_gpe_mult': 2.319950681479259, 'g_gpe_stn_mult': 0.1609187892780343, 'g_stn_gpi_mult': 1.9120822045161092, 'g_gpe_gpi_mult': 0.8201003009175507}. Best is trial 627 with value: 0.13198094924998152.
[I 2026-05-28 01:35:20,073] Trial 781 finished with value: 0.14725903240301266 and parameters: {'ISTN': 61.539353361072074, 'I_gpe': 1.4192783831645268, 'I_gpi': 2.1657216605836167, 'noise_stn_sigma': 1.8114983962785547, 'noise_gpe_sigma': 99.79971982548054, 'noise_gpi_sigma': 88.51495908924217, 'g_stn_gpe_mult': 2.3673527237152308, 'g_gpe_stn_mult': 0.16020070336581, 'g_stn_gpi_mult': 1.7865129769740755, 'g_gpe_gpi_mult': 0.8175727707388454}. Best is trial 627 with value: 0.13198094924998152.
[I 2026-05-28 01:35:21,078] Trial 782 finished with value: 0.22981468489240342 and parameters: {'ISTN': 60.75436327672539, 'I_gpe': 1.3570698133997467, 'I_gpi': 2.234913058659643, 'noise_stn_sigma': 1.8177972045736657, 'noise_gpe_sigma': 97.7930459768629, 'noise_gpi_sigma': 83.36668771805238, 'g_stn_gpe_mult': 2.3399374796286563, 'g_gpe_stn_mult': 0.157231110435361, 'g_stn_gpi_mult': 1.901331033002377, 'g_gpe_gpi_mult': 0.8174367497695618}. Best is trial 627 with value: 0.13198094924998152.
[I 2026-05-28 01:35:22,085] Trial 783 finished with value: 0.14354552183885982 and parameters: {'ISTN': 60.60454891584464, 'I_gpe': 1.4140516094863294, 'I_gpi': 2.2271902651389572, 'noise_stn_sigma': 2.1227178343556385, 'noise_gpe_sigma': 95.10418264707855, 'noise_gpi_sigma': 85.2383318239474, 'g_stn_gpe_mult': 2.2739539199853827, 'g_gpe_stn_mult': 0.16128244669967118, 'g_stn_gpi_mult': 1.8567676387721026, 'g_gpe_gpi_mult': 0.7797090918837783}. Best is trial 627 with value: 0.13198094924998152.
[I 2026-05-28 01:35:23,091] Trial 784 finished with value: 0.13906811175065142 and parameters: {'ISTN': 61.381389175431075, 'I_gpe': 1.1664374276353147, 'I_gpi': 2.1496711640351025, 'noise_stn_sigma': 2.0673542140680414, 'noise_gpe_sigma': 101.5050721574249, 'noise_gpi_sigma': 86.13832301832602, 'g_stn_gpe_mult': 2.5899247201618416, 'g_gpe_stn_mult': 0.15990313699328373, 'g_stn_gpi_mult': 1.8782117283545117, 'g_gpe_gpi_mult': 0.7967940282834884}. Best is trial 627 with value: 0.13198094924998152.
[I 2026-05-28 01:35:24,097] Trial 785 finished with value: 0.14096808384249226 and parameters: {'ISTN': 61.48240310163175, 'I_gpe': 1.2310938035774273, 'I_gpi': 2.1590720908378973, 'noise_stn_sigma': 1.9266807340281948, 'noise_gpe_sigma': 100.4072883339137, 'noise_gpi_sigma': 89.12130242063527, 'g_stn_gpe_mult': 2.3874968027330854, 'g_gpe_stn_mult': 0.17280173440696686, 'g_stn_gpi_mult': 1.8924780306048004, 'g_gpe_gpi_mult': 0.7990013637994375}. Best is trial 627 with value: 0.13198094924998152.
[I 2026-05-28 01:35:25,103] Trial 786 finished with value: 0.1349074584188671 and parameters: {'ISTN': 60.09976145190941, 'I_gpe': 1.3317317096454815, 'I_gpi': 2.150171421443018, 'noise_stn_sigma': 1.787097638353439, 'noise_gpe_sigma': 100.268369252869, 'noise_gpi_sigma': 84.28989869782384, 'g_stn_gpe_mult': 2.357746070162008, 'g_gpe_stn_mult': 0.16188216302320171, 'g_stn_gpi_mult': 1.8387840580272696, 'g_gpe_gpi_mult': 0.8165692469482593}. Best is trial 627 with value: 0.13198094924998152.
[I 2026-05-28 01:35:26,107] Trial 787 finished with value: 0.1380853983727409 and parameters: {'ISTN': 60.72801172231873, 'I_gpe': 1.3358535290975868, 'I_gpi': 2.107145573601193, 'noise_stn_sigma': 1.962589065457689, 'noise_gpe_sigma': 98.07393440463477, 'noise_gpi_sigma': 87.47573051851728, 'g_stn_gpe_mult': 2.41562394593755, 'g_gpe_stn_mult': 0.1598895278249346, 'g_stn_gpi_mult': 1.9329140921631236, 'g_gpe_gpi_mult': 0.800646586097318}. Best is trial 627 with value: 0.13198094924998152.
[I 2026-05-28 01:35:27,112] Trial 788 finished with value: 0.26447873895260654 and parameters: {'ISTN': 60.621915632181086, 'I_gpe': 1.370113329354298, 'I_gpi': 2.2019618739581794, 'noise_stn_sigma': 1.8114870676408463, 'noise_gpe_sigma': 100.59296993793531, 'noise_gpi_sigma': 83.12984028616296, 'g_stn_gpe_mult': 2.2292096316961594, 'g_gpe_stn_mult': 0.14725640100162415, 'g_stn_gpi_mult': 1.8958375179883553, 'g_gpe_gpi_mult': 0.8102650336002926}. Best is trial 627 with value: 0.13198094924998152.
[I 2026-05-28 01:35:28,118] Trial 789 finished with value: 0.33563039399445327 and parameters: {'ISTN': 60.70600328378353, 'I_gpe': 1.272152023964341, 'I_gpi': 2.1042979020154555, 'noise_stn_sigma': 2.117205559050808, 'noise_gpe_sigma': 99.53734842085845, 'noise_gpi_sigma': 84.10076270209298, 'g_stn_gpe_mult': 2.509618032995622, 'g_gpe_stn_mult': 0.1611845088254455, 'g_stn_gpi_mult': 1.9871996361652204, 'g_gpe_gpi_mult': 0.8088203461591899}. Best is trial 627 with value: 0.13198094924998152.
[I 2026-05-28 01:35:29,124] Trial 790 finished with value: 0.41741952116476916 and parameters: {'ISTN': 60.4078638189137, 'I_gpe': 1.349942799045757, 'I_gpi': 2.240122591969283, 'noise_stn_sigma': 2.009817756948723, 'noise_gpe_sigma': 98.23801257198768, 'noise_gpi_sigma': 80.66424138418716, 'g_stn_gpe_mult': 2.509547279203874, 'g_gpe_stn_mult': 0.15303818544888456, 'g_stn_gpi_mult': 1.91915619849973, 'g_gpe_gpi_mult': 0.8305291731585052}. Best is trial 627 with value: 0.13198094924998152.
[I 2026-05-28 01:35:30,129] Trial 791 finished with value: 0.1609279745356691 and parameters: {'ISTN': 60.30030627365237, 'I_gpe': 1.3449366814285386, 'I_gpi': 2.2144948532772712, 'noise_stn_sigma': 1.9229820316433264, 'noise_gpe_sigma': 98.64457909601, 'noise_gpi_sigma': 86.48640224532346, 'g_stn_gpe_mult': 2.5358119061812214, 'g_gpe_stn_mult': 0.16996550863940002, 'g_stn_gpi_mult': 1.8630970465254648, 'g_gpe_gpi_mult': 0.7897044504965749}. Best is trial 627 with value: 0.13198094924998152.
