[I 2026-05-28 02:33:04,323] Trial 176 finished with value: 0.648658187598675 and parameters: {'ISTN': 61.965156163763, 'I_gpe': 1.0965076157599154, 'I_gpi': 3.4891486496368014, 'noise_stn_sigma': 1.570823403731813, 'noise_gpe_sigma': 98.33603455043342, 'noise_gpi_sigma': 120.87530741433918, 'g_stn_gpe_mult': 3.679838674830974, 'g_gpe_stn_mult': 0.2141102640853432, 'g_stn_gpi_mult': 1.8800984838435775, 'g_gpe_gpi_mult': 0.9123914217672888}. Best is trial 169 with value: 0.1639729694455166.
[I 2026-05-28 02:33:05,330] Trial 177 finished with value: 10.44074146727401 and parameters: {'ISTN': 73.83051511076863, 'I_gpe': 0.691913737690119, 'I_gpi': 2.4595233393897344, 'noise_stn_sigma': 2.0042465072763473, 'noise_gpe_sigma': 99.99384407445415, 'noise_gpi_sigma': 128.9272505289424, 'g_stn_gpe_mult': 3.826756444565897, 'g_gpe_stn_mult': 0.19326837922184012, 'g_stn_gpi_mult': 2.1108447827029204, 'g_gpe_gpi_mult': 0.921744753132747}. Best is trial 169 with value: 0.1639729694455166.
[I 2026-05-28 02:33:06,337] Trial 178 finished with value: 4.17657034195365 and parameters: {'ISTN': 67.47523192992364, 'I_gpe': 1.5564551896113752, 'I_gpi': 2.79525390589861, 'noise_stn_sigma': 1.744523713137327, 'noise_gpe_sigma': 95.93467727529868, 'noise_gpi_sigma': 122.77367728942428, 'g_stn_gpe_mult': 2.7719051785973243, 'g_gpe_stn_mult': 0.18234390023632183, 'g_stn_gpi_mult': 1.6617246185015189, 'g_gpe_gpi_mult': 0.949880596408271}. Best is trial 169 with value: 0.1639729694455166.
[I 2026-05-28 02:33:07,346] Trial 179 finished with value: 1.5816376877620524 and parameters: {'ISTN': 66.96972385801958, 'I_gpe': 1.152268837124989, 'I_gpi': 2.8838861977318944, 'noise_stn_sigma': 1.9824174138320751, 'noise_gpe_sigma': 86.68744162288522, 'noise_gpi_sigma': 121.62824866769633, 'g_stn_gpe_mult': 3.3447052809469606, 'g_gpe_stn_mult': 0.2468125925124792, 'g_stn_gpi_mult': 1.859517880541933, 'g_gpe_gpi_mult': 1.029105980087699}. Best is trial 169 with value: 0.1639729694455166.
[I 2026-05-28 02:33:08,354] Trial 180 finished with value: 15.804286238046839 and parameters: {'ISTN': 86.82850797842171, 'I_gpe': 0.7868553845584894, 'I_gpi': 2.7020282354357184, 'noise_stn_sigma': 3.1537183844073975, 'noise_gpe_sigma': 83.58828030016093, 'noise_gpi_sigma': 136.5796751812124, 'g_stn_gpe_mult': 3.444679402765618, 'g_gpe_stn_mult': 0.30803785758248725, 'g_stn_gpi_mult': 2.100354196787441, 'g_gpe_gpi_mult': 1.0119043096136866}. Best is trial 169 with value: 0.1639729694455166.
[I 2026-05-28 02:33:09,362] Trial 181 finished with value: 13.746427613568724 and parameters: {'ISTN': 72.83727277214008, 'I_gpe': 1.2478383014149224, 'I_gpi': 3.242168518543332, 'noise_stn_sigma': 3.7961515720610075, 'noise_gpe_sigma': 94.16851074791052, 'noise_gpi_sigma': 130.81790320625024, 'g_stn_gpe_mult': 2.781301372487997, 'g_gpe_stn_mult': 0.22209185436274126, 'g_stn_gpi_mult': 2.02774526215058, 'g_gpe_gpi_mult': 0.9754066072256518}. Best is trial 169 with value: 0.1639729694455166.
[I 2026-05-28 02:33:10,370] Trial 182 finished with value: 7.121066679322784 and parameters: {'ISTN': 68.53170928604668, 'I_gpe': 1.0731239215145918, 'I_gpi': 3.361047319104011, 'noise_stn_sigma': 1.6412485183812084, 'noise_gpe_sigma': 110.08221431389448, 'noise_gpi_sigma': 121.22738244571622, 'g_stn_gpe_mult': 3.0641191142533035, 'g_gpe_stn_mult': 0.20364453724054618, 'g_stn_gpi_mult': 1.9402458247771546, 'g_gpe_gpi_mult': 0.9510095308266933}. Best is trial 169 with value: 0.1639729694455166.
[I 2026-05-28 02:33:11,377] Trial 183 finished with value: 11.434581706640966 and parameters: {'ISTN': 71.23329309614955, 'I_gpe': 1.0096891929193872, 'I_gpi': 2.819112435824672, 'noise_stn_sigma': 2.0217513096120157, 'noise_gpe_sigma': 107.33381923783753, 'noise_gpi_sigma': 122.77519072793459, 'g_stn_gpe_mult': 3.0154667153178667, 'g_gpe_stn_mult': 0.16059814807967412, 'g_stn_gpi_mult': 1.6251058895241588, 'g_gpe_gpi_mult': 0.978516290979303}. Best is trial 169 with value: 0.1639729694455166.
[I 2026-05-28 02:33:12,384] Trial 184 finished with value: 14.847862619777938 and parameters: {'ISTN': 87.44963571869643, 'I_gpe': 0.7842214040214196, 'I_gpi': 2.8848514520212465, 'noise_stn_sigma': 2.5384947433210696, 'noise_gpe_sigma': 100.64345501441694, 'noise_gpi_sigma': 93.7727514654277, 'g_stn_gpe_mult': 3.0722412036985762, 'g_gpe_stn_mult': 0.1323161064109717, 'g_stn_gpi_mult': 1.8663640246318394, 'g_gpe_gpi_mult': 1.1683529079019466}. Best is trial 169 with value: 0.1639729694455166.
[I 2026-05-28 02:33:13,391] Trial 185 finished with value: 4.755364954218701 and parameters: {'ISTN': 67.51626367531236, 'I_gpe': 0.6983797294822518, 'I_gpi': 2.8729791465068213, 'noise_stn_sigma': 2.205913560497955, 'noise_gpe_sigma': 96.5930282516454, 'noise_gpi_sigma': 127.01667017348126, 'g_stn_gpe_mult': 3.589722224835746, 'g_gpe_stn_mult': 0.2234336013544606, 'g_stn_gpi_mult': 1.5969828998570261, 'g_gpe_gpi_mult': 0.855446811927592}. Best is trial 169 with value: 0.1639729694455166.
[I 2026-05-28 02:33:14,398] Trial 186 finished with value: 0.3248822816410534 and parameters: {'ISTN': 66.03095011238462, 'I_gpe': 0.7149468817867706, 'I_gpi': 2.9643700096131966, 'noise_stn_sigma': 2.399714108576113, 'noise_gpe_sigma': 113.00833389576498, 'noise_gpi_sigma': 110.81006445174933, 'g_stn_gpe_mult': 3.5141893735792613, 'g_gpe_stn_mult': 0.15961477392451584, 'g_stn_gpi_mult': 1.812674086677025, 'g_gpe_gpi_mult': 0.7303566810571904}. Best is trial 169 with value: 0.1639729694455166.
[I 2026-05-28 02:33:15,403] Trial 187 finished with value: 5.6738380444349445 and parameters: {'ISTN': 69.17997183530633, 'I_gpe': 1.043802292794635, 'I_gpi': 3.4871243795629994, 'noise_stn_sigma': 1.874782283262379, 'noise_gpe_sigma': 97.29952187757318, 'noise_gpi_sigma': 117.16932846095045, 'g_stn_gpe_mult': 3.1612560512148926, 'g_gpe_stn_mult': 0.20417439953691313, 'g_stn_gpi_mult': 1.969012214249865, 'g_gpe_gpi_mult': 0.7755165725017408}. Best is trial 169 with value: 0.1639729694455166.
[I 2026-05-28 02:33:16,410] Trial 188 finished with value: 0.77147300125278 and parameters: {'ISTN': 62.05577061961081, 'I_gpe': 1.037219865582423, 'I_gpi': 3.5355613690956345, 'noise_stn_sigma': 1.4292979348695614, 'noise_gpe_sigma': 107.05972068208352, 'noise_gpi_sigma': 121.67856241090293, 'g_stn_gpe_mult': 2.7686765580765402, 'g_gpe_stn_mult': 0.24133205605541536, 'g_stn_gpi_mult': 1.8218701012171765, 'g_gpe_gpi_mult': 0.9115617044428617}. Best is trial 169 with value: 0.1639729694455166.
[I 2026-05-28 02:33:17,419] Trial 189 finished with value: 0.7647246275572732 and parameters: {'ISTN': 61.213300167744165, 'I_gpe': 0.7095183714953359, 'I_gpi': 3.611212502176981, 'noise_stn_sigma': 2.6161243581068288, 'noise_gpe_sigma': 115.47385036167323, 'noise_gpi_sigma': 141.58844435556875, 'g_stn_gpe_mult': 2.828699301010703, 'g_gpe_stn_mult': 0.18547766254974607, 'g_stn_gpi_mult': 1.7968283463912709, 'g_gpe_gpi_mult': 0.8362258464449823}. Best is trial 169 with value: 0.1639729694455166.
[I 2026-05-28 02:33:18,427] Trial 190 finished with value: 0.17871269529461054 and parameters: {'ISTN': 61.84677965127699, 'I_gpe': 0.8591673935685653, 'I_gpi': 2.75416951311064, 'noise_stn_sigma': 2.172956683914094, 'noise_gpe_sigma': 107.66194156371726, 'noise_gpi_sigma': 132.10010788903332, 'g_stn_gpe_mult': 3.119767432855535, 'g_gpe_stn_mult': 0.22219963932836792, 'g_stn_gpi_mult': 1.6843350908964931, 'g_gpe_gpi_mult': 1.0457942828907283}. Best is trial 169 with value: 0.1639729694455166.
[I 2026-05-28 02:33:19,435] Trial 191 finished with value: 5.974801430569295 and parameters: {'ISTN': 66.44004432960307, 'I_gpe': 0.9172695347490814, 'I_gpi': 3.100510112490266, 'noise_stn_sigma': 2.894036366225386, 'noise_gpe_sigma': 119.71495416328831, 'noise_gpi_sigma': 112.00874593441563, 'g_stn_gpe_mult': 3.1115452448648515, 'g_gpe_stn_mult': 0.2505298878412773, 'g_stn_gpi_mult': 2.0556816534171185, 'g_gpe_gpi_mult': 1.032222700572759}. Best is trial 169 with value: 0.1639729694455166.
[I 2026-05-28 02:33:20,444] Trial 192 finished with value: 4.06706112922438 and parameters: {'ISTN': 60.03934657961427, 'I_gpe': 1.190015712936664, 'I_gpi': 3.0936227897311475, 'noise_stn_sigma': 1.1646914227011012, 'noise_gpe_sigma': 106.59606492145069, 'noise_gpi_sigma': 118.34338401468302, 'g_stn_gpe_mult': 3.594276429349744, 'g_gpe_stn_mult': 0.15205683029304368, 'g_stn_gpi_mult': 1.3161937047436778, 'g_gpe_gpi_mult': 0.8858765868594982}. Best is trial 169 with value: 0.1639729694455166.
[I 2026-05-28 02:33:21,453] Trial 193 finished with value: 0.21160009693499582 and parameters: {'ISTN': 63.49888340211718, 'I_gpe': 1.0063036591339518, 'I_gpi': 2.855757144450463, 'noise_stn_sigma': 1.7523931296935373, 'noise_gpe_sigma': 99.05011335772554, 'noise_gpi_sigma': 127.72773998247945, 'g_stn_gpe_mult': 3.1571159787214276, 'g_gpe_stn_mult': 0.18198725485676243, 'g_stn_gpi_mult': 1.7821697041782878, 'g_gpe_gpi_mult': 0.862659483651752}. Best is trial 169 with value: 0.1639729694455166.
[I 2026-05-28 02:33:22,463] Trial 194 finished with value: 10.880242556879553 and parameters: {'ISTN': 66.29084537649625, 'I_gpe': 0.9606221084218036, 'I_gpi': 2.9842985637790087, 'noise_stn_sigma': 2.248889357697715, 'noise_gpe_sigma': 132.04401354421702, 'noise_gpi_sigma': 134.93361169317643, 'g_stn_gpe_mult': 3.0812976394469245, 'g_gpe_stn_mult': 0.32150743043183616, 'g_stn_gpi_mult': 1.927853384270804, 'g_gpe_gpi_mult': 0.8440615279214321}. Best is trial 169 with value: 0.1639729694455166.
[I 2026-05-28 02:33:23,473] Trial 195 finished with value: 5.048159993082524 and parameters: {'ISTN': 64.28284457959326, 'I_gpe': 0.9039568116827473, 'I_gpi': 3.202914123228622, 'noise_stn_sigma': 2.443667599514018, 'noise_gpe_sigma': 90.70476889069857, 'noise_gpi_sigma': 115.52782151334738, 'g_stn_gpe_mult': 2.730440637868682, 'g_gpe_stn_mult': 0.2516411537174831, 'g_stn_gpi_mult': 1.9527566412212196, 'g_gpe_gpi_mult': 0.9167080919628745}. Best is trial 169 with value: 0.1639729694455166.
[I 2026-05-28 02:33:24,482] Trial 196 finished with value: 5.985404285829624 and parameters: {'ISTN': 66.21616509159543, 'I_gpe': 0.8860117994524345, 'I_gpi': 3.0508547727675173, 'noise_stn_sigma': 2.119317424009717, 'noise_gpe_sigma': 134.95392849385928, 'noise_gpi_sigma': 105.44094598965182, 'g_stn_gpe_mult': 2.836409660098814, 'g_gpe_stn_mult': 0.27164961922119757, 'g_stn_gpi_mult': 1.9325227157800948, 'g_gpe_gpi_mult': 0.8820503059231048}. Best is trial 169 with value: 0.1639729694455166.
[I 2026-05-28 02:33:25,491] Trial 197 finished with value: 0.25402604367443316 and parameters: {'ISTN': 68.6160338409753, 'I_gpe': 1.2304866198002584, 'I_gpi': 2.199395231856461, 'noise_stn_sigma': 2.7463226545223103, 'noise_gpe_sigma': 117.30109803022015, 'noise_gpi_sigma': 141.39741901037718, 'g_stn_gpe_mult': 3.6219435714617663, 'g_gpe_stn_mult': 0.15452689852568416, 'g_stn_gpi_mult': 1.2845748265765253, 'g_gpe_gpi_mult': 0.8118058538501884}. Best is trial 169 with value: 0.1639729694455166.
[I 2026-05-28 02:33:26,502] Trial 198 finished with value: 5.534380772640937 and parameters: {'ISTN': 71.03172884231914, 'I_gpe': 0.6064464687531408, 'I_gpi': 2.549015025936321, 'noise_stn_sigma': 3.3893416735656974, 'noise_gpe_sigma': 95.22360464840469, 'noise_gpi_sigma': 96.80333595478697, 'g_stn_gpe_mult': 3.719293693339884, 'g_gpe_stn_mult': 0.10045856758663489, 'g_stn_gpi_mult': 1.3384135486214825, 'g_gpe_gpi_mult': 0.7993558757423371}. Best is trial 169 with value: 0.1639729694455166.
[I 2026-05-28 02:33:27,512] Trial 199 finished with value: 12.602155315265035 and parameters: {'ISTN': 71.64954851468728, 'I_gpe': 0.6248562464976986, 'I_gpi': 3.2374744013959798, 'noise_stn_sigma': 3.477866462897966, 'noise_gpe_sigma': 111.0167515379928, 'noise_gpi_sigma': 98.7137959012419, 'g_stn_gpe_mult': 3.3433533645937676, 'g_gpe_stn_mult': 0.22454044718822147, 'g_stn_gpi_mult': 2.2234609303175157, 'g_gpe_gpi_mult': 0.9406277604957547}. Best is trial 169 with value: 0.1639729694455166.
[I 2026-05-28 02:33:28,517] Trial 200 finished with value: 6.887150548773944 and parameters: {'ISTN': 67.01317753761943, 'I_gpe': 0.8907536069190535, 'I_gpi': 3.022872151883451, 'noise_stn_sigma': 2.8544228065355624, 'noise_gpe_sigma': 130.99266348597422, 'noise_gpi_sigma': 145.89037504787575, 'g_stn_gpe_mult': 3.059974376224352, 'g_gpe_stn_mult': 0.22583777756702103, 'g_stn_gpi_mult': 2.1373579509244673, 'g_gpe_gpi_mult': 0.960539551242505}. Best is trial 169 with value: 0.1639729694455166.
[I 2026-05-28 02:33:29,526] Trial 201 finished with value: 4.649764207346019 and parameters: {'ISTN': 67.17544917339235, 'I_gpe': 1.09555601888336, 'I_gpi': 2.611392575322689, 'noise_stn_sigma': 2.6304947744461815, 'noise_gpe_sigma': 113.16367185763674, 'noise_gpi_sigma': 146.61045697073638, 'g_stn_gpe_mult': 2.9986448276108804, 'g_gpe_stn_mult': 0.2685209957846907, 'g_stn_gpi_mult': 1.8459764989681826, 'g_gpe_gpi_mult': 0.9284915878769728}. Best is trial 169 with value: 0.1639729694455166.
[I 2026-05-28 02:33:30,536] Trial 202 finished with value: 0.24366678548349743 and parameters: {'ISTN': 61.16544759994667, 'I_gpe': 0.8011791437801987, 'I_gpi': 2.9475042390403696, 'noise_stn_sigma': 1.9748281602567586, 'noise_gpe_sigma': 101.60617132664883, 'noise_gpi_sigma': 132.04934800446023, 'g_stn_gpe_mult': 3.1289103940976286, 'g_gpe_stn_mult': 0.22992540123506633, 'g_stn_gpi_mult': 1.4429940446865956, 'g_gpe_gpi_mult': 0.8171962670800608}. Best is trial 169 with value: 0.1639729694455166.
[I 2026-05-28 02:33:31,543] Trial 203 finished with value: 1.4404112430119849 and parameters: {'ISTN': 66.71294112302748, 'I_gpe': 1.4980769751691758, 'I_gpi': 2.5772439736675454, 'noise_stn_sigma': 1.7871056237484841, 'noise_gpe_sigma': 93.73108075377017, 'noise_gpi_sigma': 112.88145103228575, 'g_stn_gpe_mult': 3.216400749586742, 'g_gpe_stn_mult': 0.1911056401108912, 'g_stn_gpi_mult': 1.8746120457183375, 'g_gpe_gpi_mult': 0.7900310437245264}. Best is trial 169 with value: 0.1639729694455166.
[I 2026-05-28 02:33:32,550] Trial 204 finished with value: 7.738036124326344 and parameters: {'ISTN': 74.85415009937746, 'I_gpe': 0.8155056317847411, 'I_gpi': 2.6544771306842296, 'noise_stn_sigma': 2.2921445692362736, 'noise_gpe_sigma': 114.12015744527935, 'noise_gpi_sigma': 114.93250630324093, 'g_stn_gpe_mult': 3.7711226766058097, 'g_gpe_stn_mult': 0.2480908424249702, 'g_stn_gpi_mult': 1.5647326867356728, 'g_gpe_gpi_mult': 0.8538171407387503}. Best is trial 169 with value: 0.1639729694455166.
[I 2026-05-28 02:33:33,554] Trial 205 finished with value: 0.26426315442777787 and parameters: {'ISTN': 67.23214618213377, 'I_gpe': 0.8621133797626589, 'I_gpi': 2.129675650759667, 'noise_stn_sigma': 1.5978866656514161, 'noise_gpe_sigma': 93.93989761706632, 'noise_gpi_sigma': 135.29295368616425, 'g_stn_gpe_mult': 3.25577321239828, 'g_gpe_stn_mult': 0.17697486446736277, 'g_stn_gpi_mult': 1.7744428201772005, 'g_gpe_gpi_mult': 0.7862881552241225}. Best is trial 169 with value: 0.1639729694455166.
[I 2026-05-28 02:33:34,560] Trial 206 finished with value: 5.455371322263416 and parameters: {'ISTN': 71.46735244009568, 'I_gpe': 1.3803762175456273, 'I_gpi': 3.4858782993519632, 'noise_stn_sigma': 2.0846398182478643, 'noise_gpe_sigma': 93.16503842715478, 'noise_gpi_sigma': 107.27461748514337, 'g_stn_gpe_mult': 3.627648248646045, 'g_gpe_stn_mult': 0.16476122376943725, 'g_stn_gpi_mult': 1.7072217868112372, 'g_gpe_gpi_mult': 0.9961031155106583}. Best is trial 169 with value: 0.1639729694455166.
[I 2026-05-28 02:33:35,567] Trial 207 finished with value: 0.3930586888383504 and parameters: {'ISTN': 60.25479297372355, 'I_gpe': 0.711457580279368, 'I_gpi': 3.228092666826457, 'noise_stn_sigma': 2.082024612407551, 'noise_gpe_sigma': 107.5127338631761, 'noise_gpi_sigma': 144.6124076758503, 'g_stn_gpe_mult': 3.470146832639178, 'g_gpe_stn_mult': 0.20086093686699116, 'g_stn_gpi_mult': 1.504697185115551, 'g_gpe_gpi_mult': 0.8174895443109331}. Best is trial 169 with value: 0.1639729694455166.
[I 2026-05-28 02:33:36,576] Trial 208 finished with value: 8.452863250556828 and parameters: {'ISTN': 71.36780684955124, 'I_gpe': 0.5930353098052467, 'I_gpi': 3.086829232171303, 'noise_stn_sigma': 2.0020740406921025, 'noise_gpe_sigma': 79.29349415942548, 'noise_gpi_sigma': 128.76488841320634, 'g_stn_gpe_mult': 3.118518698177602, 'g_gpe_stn_mult': 0.1975052073501744, 'g_stn_gpi_mult': 1.9751725166365979, 'g_gpe_gpi_mult': 0.7814446770163228}. Best is trial 169 with value: 0.1639729694455166.
[I 2026-05-28 02:33:37,583] Trial 209 finished with value: 4.524957661180498 and parameters: {'ISTN': 68.66439718807139, 'I_gpe': 1.2705211688698614, 'I_gpi': 2.8479423074875667, 'noise_stn_sigma': 2.090232687100288, 'noise_gpe_sigma': 102.2812284761189, 'noise_gpi_sigma': 132.37671024404648, 'g_stn_gpe_mult': 3.0412276085536964, 'g_gpe_stn_mult': 0.2440635733171167, 'g_stn_gpi_mult': 1.480667939476092, 'g_gpe_gpi_mult': 0.8990024045104863}. Best is trial 169 with value: 0.1639729694455166.
[I 2026-05-28 02:33:38,591] Trial 210 finished with value: 11.43428660719936 and parameters: {'ISTN': 69.29747432814585, 'I_gpe': 1.0114496993429811, 'I_gpi': 2.7164979796957054, 'noise_stn_sigma': 1.9973056756656566, 'noise_gpe_sigma': 115.21888850778774, 'noise_gpi_sigma': 121.03951359704729, 'g_stn_gpe_mult': 3.9438304100259867, 'g_gpe_stn_mult': 0.2645344152105269, 'g_stn_gpi_mult': 1.2511404722879105, 'g_gpe_gpi_mult': 0.9415469764759894}. Best is trial 169 with value: 0.1639729694455166.
[I 2026-05-28 02:33:39,600] Trial 211 finished with value: 14.526394934972792 and parameters: {'ISTN': 77.55876674514752, 'I_gpe': 1.0149244498103398, 'I_gpi': 3.053862163408039, 'noise_stn_sigma': 2.0468849469413084, 'noise_gpe_sigma': 86.65840001910789, 'noise_gpi_sigma': 132.96915612718135, 'g_stn_gpe_mult': 3.220930080618779, 'g_gpe_stn_mult': 0.17769428927094677, 'g_stn_gpi_mult': 1.616784191105688, 'g_gpe_gpi_mult': 0.8590276852292436}. Best is trial 169 with value: 0.1639729694455166.
[I 2026-05-28 02:33:40,605] Trial 212 finished with value: 4.757977946863503 and parameters: {'ISTN': 67.54017195956482, 'I_gpe': 0.7301525086939881, 'I_gpi': 3.165604678137855, 'noise_stn_sigma': 3.386716524806582, 'noise_gpe_sigma': 103.79117197377492, 'noise_gpi_sigma': 128.6206242257967, 'g_stn_gpe_mult': 3.333709715750531, 'g_gpe_stn_mult': 0.21372144430611503, 'g_stn_gpi_mult': 1.6104648255047407, 'g_gpe_gpi_mult': 0.9326670893262661}. Best is trial 169 with value: 0.1639729694455166.
[I 2026-05-28 02:33:41,613] Trial 213 finished with value: 12.164064941967457 and parameters: {'ISTN': 75.0113311173374, 'I_gpe': 1.0421379490622842, 'I_gpi': 2.8550658399808073, 'noise_stn_sigma': 2.794165269188963, 'noise_gpe_sigma': 110.30519231833662, 'noise_gpi_sigma': 139.17696082246485, 'g_stn_gpe_mult': 3.3563332293679458, 'g_gpe_stn_mult': 0.24424357515930584, 'g_stn_gpi_mult': 1.470728634605697, 'g_gpe_gpi_mult': 1.0352194181598664}. Best is trial 169 with value: 0.1639729694455166.
[I 2026-05-28 02:33:42,620] Trial 214 finished with value: 12.281043591529805 and parameters: {'ISTN': 82.32541431351993, 'I_gpe': 0.843034708353965, 'I_gpi': 3.028363708868822, 'noise_stn_sigma': 3.483773911289814, 'noise_gpe_sigma': 97.97806416429495, 'noise_gpi_sigma': 116.82272533813338, 'g_stn_gpe_mult': 2.813937229671997, 'g_gpe_stn_mult': 0.33409013558904843, 'g_stn_gpi_mult': 1.5678012674346222, 'g_gpe_gpi_mult': 0.9860108235930094}. Best is trial 169 with value: 0.1639729694455166.
[I 2026-05-28 02:33:43,629] Trial 215 finished with value: 0.15465852919956974 and parameters: {'ISTN': 67.86968995764366, 'I_gpe': 0.8699740716672386, 'I_gpi': 2.6701780345644925, 'noise_stn_sigma': 2.010373205889368, 'noise_gpe_sigma': 98.71132751584882, 'noise_gpi_sigma': 142.7433044544069, 'g_stn_gpe_mult': 3.6180586476293177, 'g_gpe_stn_mult': 0.12706712004076662, 'g_stn_gpi_mult': 1.705397074617377, 'g_gpe_gpi_mult': 0.6904385691110815}. Best is trial 215 with value: 0.15465852919956974.
[I 2026-05-28 02:33:44,637] Trial 216 finished with value: 2.2728045413993043 and parameters: {'ISTN': 66.37993115539552, 'I_gpe': 1.3030213656024818, 'I_gpi': 2.665268773592773, 'noise_stn_sigma': 1.7401493793223888, 'noise_gpe_sigma': 87.0648137984029, 'noise_gpi_sigma': 137.5474896002646, 'g_stn_gpe_mult': 3.1533955900106765, 'g_gpe_stn_mult': 0.19907939509164635, 'g_stn_gpi_mult': 1.6679128495224407, 'g_gpe_gpi_mult': 0.7081217244563827}. Best is trial 215 with value: 0.15465852919956974.
[I 2026-05-28 02:33:45,646] Trial 217 finished with value: 0.4945354576660151 and parameters: {'ISTN': 65.72541589152021, 'I_gpe': 1.42321446027841, 'I_gpi': 3.326869004328582, 'noise_stn_sigma': 1.8862719376236634, 'noise_gpe_sigma': 86.6872781556669, 'noise_gpi_sigma': 131.02449744012912, 'g_stn_gpe_mult': 2.967438151245994, 'g_gpe_stn_mult': 0.12428294267630521, 'g_stn_gpi_mult': 1.7607052981721054, 'g_gpe_gpi_mult': 0.9135464026960345}. Best is trial 215 with value: 0.15465852919956974.
[I 2026-05-28 02:33:46,653] Trial 218 finished with value: 0.9465838296697645 and parameters: {'ISTN': 68.12275929069139, 'I_gpe': 0.7744406021530879, 'I_gpi': 2.738132896810578, 'noise_stn_sigma': 1.3065685764751622, 'noise_gpe_sigma': 109.9239411142002, 'noise_gpi_sigma': 110.41125496276076, 'g_stn_gpe_mult': 3.2612258843955435, 'g_gpe_stn_mult': 0.177412512840376, 'g_stn_gpi_mult': 1.7007038285134541, 'g_gpe_gpi_mult': 0.8472113133707586}. Best is trial 215 with value: 0.15465852919956974.
[I 2026-05-28 02:33:47,662] Trial 219 finished with value: 0.044337424747640394 and parameters: {'ISTN': 60.04608590495232, 'I_gpe': 1.375990948709251, 'I_gpi': 2.441092146302264, 'noise_stn_sigma': 2.5540282594276538, 'noise_gpe_sigma': 105.80145386776698, 'noise_gpi_sigma': 145.1720713561295, 'g_stn_gpe_mult': 3.0424869683318887, 'g_gpe_stn_mult': 0.17753379476205045, 'g_stn_gpi_mult': 1.5503425075656838, 'g_gpe_gpi_mult': 0.8225657855056547}. Best is trial 219 with value: 0.044337424747640394.
