[I 2026-05-28 02:09:28,069] Trial 792 finished with value: 22.818807746571412 and parameters: {'ISTN': 64.3035383562553, 'I_gpe': 0.7616412998670494, 'I_gpi': 3.241734400335439, 'noise_stn_sigma': 5.3085102145696625, 'noise_gpe_sigma': 96.1371074467705, 'noise_gpi_sigma': 98.04620790532391, 'g_stn_gpe_mult': 2.0692519885779332, 'g_gpe_stn_mult': 0.24914598136321783, 'g_stn_gpi_mult': 3.0118723029089747, 'g_gpe_gpi_mult': 0.8735479564165178}. Best is trial 98 with value: 0.5979484317983877.
[I 2026-05-28 02:09:29,077] Trial 793 finished with value: 1.0748851070346275 and parameters: {'ISTN': 64.89831285912277, 'I_gpe': 0.8242263873805769, 'I_gpi': 3.2041785971651104, 'noise_stn_sigma': 5.260749583919102, 'noise_gpe_sigma': 100.06514542461903, 'noise_gpi_sigma': 95.65671704984774, 'g_stn_gpe_mult': 2.0730896646566563, 'g_gpe_stn_mult': 0.26887228224569515, 'g_stn_gpi_mult': 2.9365186699280805, 'g_gpe_gpi_mult': 0.8727551399323241}. Best is trial 98 with value: 0.5979484317983877.
[I 2026-05-28 02:09:30,085] Trial 794 finished with value: 1.4037606162781473 and parameters: {'ISTN': 66.43159384881189, 'I_gpe': 0.8457460055315957, 'I_gpi': 3.23682877697345, 'noise_stn_sigma': 5.327711788451657, 'noise_gpe_sigma': 97.06676935108467, 'noise_gpi_sigma': 94.73930413769438, 'g_stn_gpe_mult': 2.0347772238998454, 'g_gpe_stn_mult': 0.25994407728026825, 'g_stn_gpi_mult': 3.047846753408301, 'g_gpe_gpi_mult': 0.8716665656268452}. Best is trial 98 with value: 0.5979484317983877.
[I 2026-05-28 02:09:31,092] Trial 795 finished with value: 8.655556317560542 and parameters: {'ISTN': 64.43001250735233, 'I_gpe': 0.7715408398685542, 'I_gpi': 3.2035960862884503, 'noise_stn_sigma': 5.25306931500935, 'noise_gpe_sigma': 96.86074708832642, 'noise_gpi_sigma': 98.50891927105263, 'g_stn_gpe_mult': 2.031033233570376, 'g_gpe_stn_mult': 0.2622003912694717, 'g_stn_gpi_mult': 3.042526238618758, 'g_gpe_gpi_mult': 0.8830643925199242}. Best is trial 98 with value: 0.5979484317983877.
[I 2026-05-28 02:09:32,098] Trial 796 finished with value: 1.027885967545198 and parameters: {'ISTN': 63.12677359306784, 'I_gpe': 0.7967312137697455, 'I_gpi': 3.2140888789969684, 'noise_stn_sigma': 5.2947788003134955, 'noise_gpe_sigma': 99.59630124364438, 'noise_gpi_sigma': 95.75782209446938, 'g_stn_gpe_mult': 2.0062524310062564, 'g_gpe_stn_mult': 0.278323782532206, 'g_stn_gpi_mult': 3.016890083298273, 'g_gpe_gpi_mult': 0.8752550302039828}. Best is trial 98 with value: 0.5979484317983877.
[I 2026-05-28 02:09:33,105] Trial 797 finished with value: 1.31636044816522 and parameters: {'ISTN': 64.63403601002359, 'I_gpe': 0.7765756937551873, 'I_gpi': 3.213944765240543, 'noise_stn_sigma': 5.187878404669764, 'noise_gpe_sigma': 97.73469688448127, 'noise_gpi_sigma': 96.18614495233943, 'g_stn_gpe_mult': 1.9332810031639593, 'g_gpe_stn_mult': 0.26654224136461024, 'g_stn_gpi_mult': 3.1249818371196993, 'g_gpe_gpi_mult': 0.8932458787633684}. Best is trial 98 with value: 0.5979484317983877.
[I 2026-05-28 02:09:34,112] Trial 798 finished with value: 1.1211901227555678 and parameters: {'ISTN': 64.92077299734765, 'I_gpe': 0.7738714657951874, 'I_gpi': 3.212782351962572, 'noise_stn_sigma': 5.265210690553266, 'noise_gpe_sigma': 97.23548146035368, 'noise_gpi_sigma': 98.36512816617625, 'g_stn_gpe_mult': 2.0167719241628896, 'g_gpe_stn_mult': 0.2690677805997157, 'g_stn_gpi_mult': 3.0523197883144983, 'g_gpe_gpi_mult': 0.8768810585594946}. Best is trial 98 with value: 0.5979484317983877.
[I 2026-05-28 02:09:35,117] Trial 799 finished with value: 2.5001607646569637 and parameters: {'ISTN': 64.11837308692185, 'I_gpe': 0.779016104982736, 'I_gpi': 3.1827629423053647, 'noise_stn_sigma': 5.48685061426079, 'noise_gpe_sigma': 97.85300238986987, 'noise_gpi_sigma': 97.84748252316226, 'g_stn_gpe_mult': 1.960675173617012, 'g_gpe_stn_mult': 0.2782094407807988, 'g_stn_gpi_mult': 3.06486035449009, 'g_gpe_gpi_mult': 0.8719405777162617}. Best is trial 98 with value: 0.5979484317983877.
[I 2026-05-28 02:09:36,124] Trial 800 finished with value: 6.445275930584394 and parameters: {'ISTN': 65.16341162245533, 'I_gpe': 0.7362135026821144, 'I_gpi': 3.1736486420885606, 'noise_stn_sigma': 5.384649154494224, 'noise_gpe_sigma': 102.97541742678284, 'noise_gpi_sigma': 99.10376586427803, 'g_stn_gpe_mult': 2.1239102710861806, 'g_gpe_stn_mult': 0.24898562439138014, 'g_stn_gpi_mult': 2.99386440946809, 'g_gpe_gpi_mult': 0.8874130336886974}. Best is trial 98 with value: 0.5979484317983877.
[I 2026-05-28 02:09:37,134] Trial 801 finished with value: 1.0478805316553368 and parameters: {'ISTN': 64.38926844190232, 'I_gpe': 0.8063252920843673, 'I_gpi': 3.1667355672910595, 'noise_stn_sigma': 5.108061672680085, 'noise_gpe_sigma': 99.5624245924171, 'noise_gpi_sigma': 95.85841942373709, 'g_stn_gpe_mult': 1.970151789008665, 'g_gpe_stn_mult': 0.26764309483978677, 'g_stn_gpi_mult': 3.1380451352879475, 'g_gpe_gpi_mult': 0.881350104075181}. Best is trial 98 with value: 0.5979484317983877.
[I 2026-05-28 02:09:38,143] Trial 802 finished with value: 3.6214197364668967 and parameters: {'ISTN': 64.18827027501787, 'I_gpe': 0.8229118002661281, 'I_gpi': 3.17273076596667, 'noise_stn_sigma': 5.316064619513997, 'noise_gpe_sigma': 98.70320123118405, 'noise_gpi_sigma': 95.0304732816362, 'g_stn_gpe_mult': 2.0353723743134036, 'g_gpe_stn_mult': 0.2551339241879563, 'g_stn_gpi_mult': 3.004480292324748, 'g_gpe_gpi_mult': 0.8615507933064954}. Best is trial 98 with value: 0.5979484317983877.
[I 2026-05-28 02:09:39,149] Trial 803 finished with value: 1.8244520640520343 and parameters: {'ISTN': 65.44677346178145, 'I_gpe': 0.7847131268038311, 'I_gpi': 3.123231372138386, 'noise_stn_sigma': 5.2721748007105935, 'noise_gpe_sigma': 100.8194451037033, 'noise_gpi_sigma': 98.03915455289393, 'g_stn_gpe_mult': 2.111291614031425, 'g_gpe_stn_mult': 0.24465097194014937, 'g_stn_gpi_mult': 3.0053685559771632, 'g_gpe_gpi_mult': 0.8940903222798608}. Best is trial 98 with value: 0.5979484317983877.
[I 2026-05-28 02:09:40,156] Trial 804 finished with value: 2.251994472893168 and parameters: {'ISTN': 63.47885544174061, 'I_gpe': 0.8068002743923139, 'I_gpi': 3.2510507908886033, 'noise_stn_sigma': 5.033716105070152, 'noise_gpe_sigma': 98.7267698039641, 'noise_gpi_sigma': 92.48556234418683, 'g_stn_gpe_mult': 1.9456103103040998, 'g_gpe_stn_mult': 0.272436498549533, 'g_stn_gpi_mult': 2.9858785334258613, 'g_gpe_gpi_mult': 0.8827446237980923}. Best is trial 98 with value: 0.5979484317983877.
[I 2026-05-28 02:09:41,163] Trial 805 finished with value: 1.0674023166046032 and parameters: {'ISTN': 65.05993811753643, 'I_gpe': 0.7870237933105585, 'I_gpi': 3.1871603660494627, 'noise_stn_sigma': 5.338400131940739, 'noise_gpe_sigma': 95.43628023094249, 'noise_gpi_sigma': 92.82090316416684, 'g_stn_gpe_mult': 2.1017300504756733, 'g_gpe_stn_mult': 0.26657543131531214, 'g_stn_gpi_mult': 2.9701225740333785, 'g_gpe_gpi_mult': 0.8868865208883325}. Best is trial 98 with value: 0.5979484317983877.
[I 2026-05-28 02:09:42,172] Trial 806 finished with value: 3.544442224255271 and parameters: {'ISTN': 63.59112541232942, 'I_gpe': 0.7969807819036954, 'I_gpi': 3.1686651002518746, 'noise_stn_sigma': 5.2673725420659006, 'noise_gpe_sigma': 96.30848020430425, 'noise_gpi_sigma': 94.83341407791968, 'g_stn_gpe_mult': 2.049544456101402, 'g_gpe_stn_mult': 0.2713213866910722, 'g_stn_gpi_mult': 2.9655661846054393, 'g_gpe_gpi_mult': 0.8810213534496258}. Best is trial 98 with value: 0.5979484317983877.
[I 2026-05-28 02:09:43,181] Trial 807 finished with value: 1.2085394958594167 and parameters: {'ISTN': 63.45814502189275, 'I_gpe': 0.813225752182255, 'I_gpi': 3.2464681677886875, 'noise_stn_sigma': 5.252383389115869, 'noise_gpe_sigma': 98.69469709284657, 'noise_gpi_sigma': 96.23611527842839, 'g_stn_gpe_mult': 1.9535976182580588, 'g_gpe_stn_mult': 0.26632954084163396, 'g_stn_gpi_mult': 3.0383757939223357, 'g_gpe_gpi_mult': 0.8748208907160988}. Best is trial 98 with value: 0.5979484317983877.
[I 2026-05-28 02:09:44,189] Trial 808 finished with value: 11.627915094234016 and parameters: {'ISTN': 64.67531906611897, 'I_gpe': 0.7555085103590632, 'I_gpi': 3.1881459920644417, 'noise_stn_sigma': 5.451014862031181, 'noise_gpe_sigma': 99.66580013159297, 'noise_gpi_sigma': 100.82598619256243, 'g_stn_gpe_mult': 2.070186781830271, 'g_gpe_stn_mult': 0.2637188983241444, 'g_stn_gpi_mult': 2.9784412990241145, 'g_gpe_gpi_mult': 0.8769125166438336}. Best is trial 98 with value: 0.5979484317983877.
[I 2026-05-28 02:09:45,196] Trial 809 finished with value: 3.298430033719126 and parameters: {'ISTN': 63.64036670181582, 'I_gpe': 0.8362648593342471, 'I_gpi': 3.253561196119511, 'noise_stn_sigma': 5.2061697714456106, 'noise_gpe_sigma': 96.60119404349626, 'noise_gpi_sigma': 99.13502542659616, 'g_stn_gpe_mult': 2.0146414815947375, 'g_gpe_stn_mult': 0.2684393200896799, 'g_stn_gpi_mult': 3.0848980039096774, 'g_gpe_gpi_mult': 0.8857118307747047}. Best is trial 98 with value: 0.5979484317983877.
[I 2026-05-28 02:09:46,204] Trial 810 finished with value: 6.445687734067059 and parameters: {'ISTN': 63.706383019162345, 'I_gpe': 0.7569035168306524, 'I_gpi': 3.1624023093728515, 'noise_stn_sigma': 5.016182494825842, 'noise_gpe_sigma': 99.58903586434133, 'noise_gpi_sigma': 92.95708938300359, 'g_stn_gpe_mult': 2.0395168763251754, 'g_gpe_stn_mult': 0.28153466904761815, 'g_stn_gpi_mult': 3.002744272282487, 'g_gpe_gpi_mult': 0.8734292967915869}. Best is trial 98 with value: 0.5979484317983877.
[I 2026-05-28 02:09:47,214] Trial 811 finished with value: 8.102850293441117 and parameters: {'ISTN': 63.27830112868823, 'I_gpe': 0.787434357016875, 'I_gpi': 3.2076493486321604, 'noise_stn_sigma': 5.105192860675206, 'noise_gpe_sigma': 99.81685452644511, 'noise_gpi_sigma': 97.20102762761428, 'g_stn_gpe_mult': 1.9403909906178445, 'g_gpe_stn_mult': 0.2602198120927469, 'g_stn_gpi_mult': 3.0705573464072162, 'g_gpe_gpi_mult': 0.8834578010565157}. Best is trial 98 with value: 0.5979484317983877.
[I 2026-05-28 02:09:48,224] Trial 812 finished with value: 1.221669720575489 and parameters: {'ISTN': 65.42563489048842, 'I_gpe': 0.8079641866429845, 'I_gpi': 3.1659347688694544, 'noise_stn_sigma': 5.342316017713941, 'noise_gpe_sigma': 95.90092541688227, 'noise_gpi_sigma': 96.86849327565349, 'g_stn_gpe_mult': 2.117270067071506, 'g_gpe_stn_mult': 0.2565921428023145, 'g_stn_gpi_mult': 2.9868511493815486, 'g_gpe_gpi_mult': 0.8845513521602004}. Best is trial 98 with value: 0.5979484317983877.
[I 2026-05-28 02:09:49,233] Trial 813 finished with value: 3.39082877821836 and parameters: {'ISTN': 64.0461153190077, 'I_gpe': 0.7622905238664268, 'I_gpi': 3.231389988321951, 'noise_stn_sigma': 5.155453702160722, 'noise_gpe_sigma': 98.90640227260714, 'noise_gpi_sigma': 92.12994051265773, 'g_stn_gpe_mult': 2.054418896582363, 'g_gpe_stn_mult': 0.27949854436377, 'g_stn_gpi_mult': 3.075651410574877, 'g_gpe_gpi_mult': 0.8928136537475968}. Best is trial 98 with value: 0.5979484317983877.
[I 2026-05-28 02:09:50,239] Trial 814 finished with value: 1.7646293097967396 and parameters: {'ISTN': 64.46637302871243, 'I_gpe': 0.7498191548710824, 'I_gpi': 3.2171243888083234, 'noise_stn_sigma': 5.262871066245193, 'noise_gpe_sigma': 97.90311802412572, 'noise_gpi_sigma': 94.16277061325901, 'g_stn_gpe_mult': 2.085292734910869, 'g_gpe_stn_mult': 0.2694853728754897, 'g_stn_gpi_mult': 2.968284817529815, 'g_gpe_gpi_mult': 0.8813365838349057}. Best is trial 98 with value: 0.5979484317983877.
[I 2026-05-28 02:09:51,247] Trial 815 finished with value: 13.420714108558814 and parameters: {'ISTN': 66.15388094326795, 'I_gpe': 0.7989093747553845, 'I_gpi': 3.195887615097854, 'noise_stn_sigma': 5.194543301133512, 'noise_gpe_sigma': 97.64749853888486, 'noise_gpi_sigma': 95.2161847403078, 'g_stn_gpe_mult': 2.0091258094953326, 'g_gpe_stn_mult': 0.26317372487157575, 'g_stn_gpi_mult': 3.051554461693078, 'g_gpe_gpi_mult': 0.8792321554373461}. Best is trial 98 with value: 0.5979484317983877.
[I 2026-05-28 02:09:52,255] Trial 816 finished with value: 6.325968992634264 and parameters: {'ISTN': 64.9489157615446, 'I_gpe': 0.758602039685147, 'I_gpi': 3.1677415912110107, 'noise_stn_sigma': 5.099228161661477, 'noise_gpe_sigma': 99.37025104785572, 'noise_gpi_sigma': 96.93927894979818, 'g_stn_gpe_mult': 1.9892845257842096, 'g_gpe_stn_mult': 0.26027215717229113, 'g_stn_gpi_mult': 3.104642040128443, 'g_gpe_gpi_mult': 0.8886003418706718}. Best is trial 98 with value: 0.5979484317983877.
[I 2026-05-28 02:09:53,263] Trial 817 finished with value: 1.091902042543022 and parameters: {'ISTN': 64.84221737622295, 'I_gpe': 0.8293854974157248, 'I_gpi': 3.1964905543089577, 'noise_stn_sigma': 5.295376187671121, 'noise_gpe_sigma': 98.73634738463694, 'noise_gpi_sigma': 96.89912753493078, 'g_stn_gpe_mult': 2.057102227832588, 'g_gpe_stn_mult': 0.27256675850254347, 'g_stn_gpi_mult': 2.9423341354700567, 'g_gpe_gpi_mult': 0.8781514643184287}. Best is trial 98 with value: 0.5979484317983877.
[I 2026-05-28 02:09:54,270] Trial 818 finished with value: 6.397528719562678 and parameters: {'ISTN': 63.64752032692072, 'I_gpe': 0.8739128989953147, 'I_gpi': 3.202603959942051, 'noise_stn_sigma': 5.001371820045061, 'noise_gpe_sigma': 99.18491816333173, 'noise_gpi_sigma': 95.62893487905356, 'g_stn_gpe_mult': 1.9847081965719795, 'g_gpe_stn_mult': 0.26490860487045026, 'g_stn_gpi_mult': 3.1377661296995303, 'g_gpe_gpi_mult': 0.8757912226924063}. Best is trial 98 with value: 0.5979484317983877.
[I 2026-05-28 02:09:55,281] Trial 819 finished with value: 1.0840791769555198 and parameters: {'ISTN': 64.96213449922433, 'I_gpe': 0.8284304585458413, 'I_gpi': 3.1932591105936154, 'noise_stn_sigma': 5.394238353440169, 'noise_gpe_sigma': 98.28405462007524, 'noise_gpi_sigma': 95.57795702293025, 'g_stn_gpe_mult': 1.9704343254320995, 'g_gpe_stn_mult': 0.2618085620265135, 'g_stn_gpi_mult': 3.0319996219357344, 'g_gpe_gpi_mult': 0.8756891362466608}. Best is trial 98 with value: 0.5979484317983877.
[I 2026-05-28 02:09:56,289] Trial 820 finished with value: 3.914475907805368 and parameters: {'ISTN': 64.15590998127158, 'I_gpe': 0.7587386699260221, 'I_gpi': 3.208398963634316, 'noise_stn_sigma': 5.133901680467231, 'noise_gpe_sigma': 99.85347823483727, 'noise_gpi_sigma': 94.40146143541445, 'g_stn_gpe_mult': 2.096763389167958, 'g_gpe_stn_mult': 0.264533404177483, 'g_stn_gpi_mult': 3.111643661055832, 'g_gpe_gpi_mult': 0.8951635556816315}. Best is trial 98 with value: 0.5979484317983877.
[I 2026-05-28 02:09:57,299] Trial 821 finished with value: 5.479895114032372 and parameters: {'ISTN': 63.62573141414194, 'I_gpe': 0.8003002902896883, 'I_gpi': 3.1830989682773043, 'noise_stn_sigma': 5.4080747376840534, 'noise_gpe_sigma': 95.99046837552888, 'noise_gpi_sigma': 96.57507960892022, 'g_stn_gpe_mult': 2.062594560826788, 'g_gpe_stn_mult': 0.26784009745004805, 'g_stn_gpi_mult': 2.9993119120467666, 'g_gpe_gpi_mult': 0.8785443320536117}. Best is trial 98 with value: 0.5979484317983877.
[I 2026-05-28 02:09:58,306] Trial 822 finished with value: 1.0872239064645706 and parameters: {'ISTN': 65.44855163441953, 'I_gpe': 0.776367022647493, 'I_gpi': 3.2029290558630636, 'noise_stn_sigma': 5.372997737708726, 'noise_gpe_sigma': 101.47178306969033, 'noise_gpi_sigma': 97.22660319742413, 'g_stn_gpe_mult': 2.1292020197703563, 'g_gpe_stn_mult': 0.24910126246449907, 'g_stn_gpi_mult': 2.954794653342077, 'g_gpe_gpi_mult': 0.8848397692738588}. Best is trial 98 with value: 0.5979484317983877.
[I 2026-05-28 02:09:59,313] Trial 823 finished with value: 1.335033753721547 and parameters: {'ISTN': 65.02114621303626, 'I_gpe': 0.7696097354801849, 'I_gpi': 3.1406730642655574, 'noise_stn_sigma': 5.476032609970522, 'noise_gpe_sigma': 98.31899434486736, 'noise_gpi_sigma': 97.72942991517729, 'g_stn_gpe_mult': 2.1228134722247534, 'g_gpe_stn_mult': 0.26232057398954906, 'g_stn_gpi_mult': 2.9455044704663824, 'g_gpe_gpi_mult': 0.8798428409120274}. Best is trial 98 with value: 0.5979484317983877.
[I 2026-05-28 02:10:00,320] Trial 824 finished with value: 1.0600033673955822 and parameters: {'ISTN': 64.44798606927853, 'I_gpe': 0.8580518538429036, 'I_gpi': 3.186773313152333, 'noise_stn_sigma': 5.288680250091652, 'noise_gpe_sigma': 94.8458285963039, 'noise_gpi_sigma': 94.26190865448896, 'g_stn_gpe_mult': 1.989755009109027, 'g_gpe_stn_mult': 0.26475683128522204, 'g_stn_gpi_mult': 2.9853034943406724, 'g_gpe_gpi_mult': 0.8771416756685237}. Best is trial 98 with value: 0.5979484317983877.
[I 2026-05-28 02:10:01,326] Trial 825 finished with value: 13.851069889807231 and parameters: {'ISTN': 66.32803995295708, 'I_gpe': 0.7578429371739258, 'I_gpi': 3.168109898457025, 'noise_stn_sigma': 5.438398544037463, 'noise_gpe_sigma': 98.36790106823106, 'noise_gpi_sigma': 96.07668973079521, 'g_stn_gpe_mult': 2.12246428356392, 'g_gpe_stn_mult': 0.2667894733008891, 'g_stn_gpi_mult': 2.8702693418823153, 'g_gpe_gpi_mult': 0.8901580699937579}. Best is trial 98 with value: 0.5979484317983877.
[I 2026-05-28 02:10:02,335] Trial 826 finished with value: 6.558089854281375 and parameters: {'ISTN': 65.26174719185246, 'I_gpe': 0.7985815551114501, 'I_gpi': 3.1435002105468253, 'noise_stn_sigma': 5.24551835895095, 'noise_gpe_sigma': 99.78317237343526, 'noise_gpi_sigma': 96.69984463564664, 'g_stn_gpe_mult': 2.0794261017321514, 'g_gpe_stn_mult': 0.2773733092627436, 'g_stn_gpi_mult': 2.945258175882608, 'g_gpe_gpi_mult': 0.8873469883062286}. Best is trial 98 with value: 0.5979484317983877.
[I 2026-05-28 02:10:03,343] Trial 827 finished with value: 1.0212659317821313 and parameters: {'ISTN': 64.62278186589164, 'I_gpe': 0.8171527180936448, 'I_gpi': 3.139019752540298, 'noise_stn_sigma': 5.314306697501612, 'noise_gpe_sigma': 102.17796035925498, 'noise_gpi_sigma': 95.93076353708598, 'g_stn_gpe_mult': 2.01644973365029, 'g_gpe_stn_mult': 0.27097566921442273, 'g_stn_gpi_mult': 2.9405346399192296, 'g_gpe_gpi_mult': 0.86518245313183}. Best is trial 98 with value: 0.5979484317983877.
[I 2026-05-28 02:10:04,351] Trial 828 finished with value: 1.16005274737987 and parameters: {'ISTN': 65.49342924495815, 'I_gpe': 0.8380616641431324, 'I_gpi': 3.2231106350005994, 'noise_stn_sigma': 5.433538741504281, 'noise_gpe_sigma': 99.68246404445439, 'noise_gpi_sigma': 97.07815830098666, 'g_stn_gpe_mult': 2.0424077733373265, 'g_gpe_stn_mult': 0.26564827910978006, 'g_stn_gpi_mult': 2.950542375477624, 'g_gpe_gpi_mult': 0.8675168013782415}. Best is trial 98 with value: 0.5979484317983877.
[I 2026-05-28 02:10:05,358] Trial 829 finished with value: 1.159103317147182 and parameters: {'ISTN': 65.3392658982409, 'I_gpe': 0.8318483690385013, 'I_gpi': 3.2749871883138537, 'noise_stn_sigma': 5.335991116958515, 'noise_gpe_sigma': 100.28546049456139, 'noise_gpi_sigma': 96.9846422608549, 'g_stn_gpe_mult': 1.9608125712997169, 'g_gpe_stn_mult': 0.26016057008046733, 'g_stn_gpi_mult': 2.985501998473083, 'g_gpe_gpi_mult': 0.8653243070192931}. Best is trial 98 with value: 0.5979484317983877.
[I 2026-05-28 02:10:06,367] Trial 830 finished with value: 3.9038116145093666 and parameters: {'ISTN': 66.35662124959055, 'I_gpe': 0.8380315330893552, 'I_gpi': 3.2073678609501037, 'noise_stn_sigma': 5.194138153375349, 'noise_gpe_sigma': 95.3761603235394, 'noise_gpi_sigma': 93.68769200706973, 'g_stn_gpe_mult': 1.9242515280577488, 'g_gpe_stn_mult': 0.25880465297024147, 'g_stn_gpi_mult': 3.0814738963351838, 'g_gpe_gpi_mult': 0.878799598705643}. Best is trial 98 with value: 0.5979484317983877.
[I 2026-05-28 02:10:07,376] Trial 831 finished with value: 1.0457059663745008 and parameters: {'ISTN': 65.41973765437166, 'I_gpe': 0.8028795121443382, 'I_gpi': 3.146322983158329, 'noise_stn_sigma': 5.434925804831255, 'noise_gpe_sigma': 99.8152279803557, 'noise_gpi_sigma': 96.43662267187787, 'g_stn_gpe_mult': 2.0839746096291467, 'g_gpe_stn_mult': 0.25791723382198495, 'g_stn_gpi_mult': 2.89163134586284, 'g_gpe_gpi_mult': 0.8797847356741904}. Best is trial 98 with value: 0.5979484317983877.
[I 2026-05-28 02:10:08,384] Trial 832 finished with value: 2.856932089567394 and parameters: {'ISTN': 66.70624738648405, 'I_gpe': 0.815517861600686, 'I_gpi': 3.1502449815032527, 'noise_stn_sigma': 5.339849696017642, 'noise_gpe_sigma': 100.69220735744976, 'noise_gpi_sigma': 96.74324725009978, 'g_stn_gpe_mult': 2.0641582865113963, 'g_gpe_stn_mult': 0.25065455481779014, 'g_stn_gpi_mult': 3.003402841684118, 'g_gpe_gpi_mult': 0.8724300498699029}. Best is trial 98 with value: 0.5979484317983877.
[I 2026-05-28 02:10:09,393] Trial 833 finished with value: 3.1634651110820826 and parameters: {'ISTN': 64.31813065563084, 'I_gpe': 0.8268684374835843, 'I_gpi': 3.1108205931573596, 'noise_stn_sigma': 5.281609090021003, 'noise_gpe_sigma': 99.44494893603319, 'noise_gpi_sigma': 98.06783203536867, 'g_stn_gpe_mult': 2.0794520516840906, 'g_gpe_stn_mult': 0.25485180922109013, 'g_stn_gpi_mult': 3.000137870935337, 'g_gpe_gpi_mult': 0.8784302966016269}. Best is trial 98 with value: 0.5979484317983877.
[I 2026-05-28 02:10:10,402] Trial 834 finished with value: 1.120183958379604 and parameters: {'ISTN': 65.90781855141763, 'I_gpe': 0.8590408203711061, 'I_gpi': 3.1907112066728116, 'noise_stn_sigma': 5.449399931737104, 'noise_gpe_sigma': 98.00140337848866, 'noise_gpi_sigma': 98.41162443275662, 'g_stn_gpe_mult': 1.9960189298799995, 'g_gpe_stn_mult': 0.25554436526243196, 'g_stn_gpi_mult': 2.923756151630506, 'g_gpe_gpi_mult': 0.8733501150118144}. Best is trial 98 with value: 0.5979484317983877.
[I 2026-05-28 02:10:11,407] Trial 835 finished with value: 0.9952903553717415 and parameters: {'ISTN': 64.43151835520081, 'I_gpe': 0.831608526416677, 'I_gpi': 3.133517350179163, 'noise_stn_sigma': 5.360326002750765, 'noise_gpe_sigma': 101.30967101433103, 'noise_gpi_sigma': 96.52679764206133, 'g_stn_gpe_mult': 2.0641174392089088, 'g_gpe_stn_mult': 0.2662480814059874, 'g_stn_gpi_mult': 2.9193909300795506, 'g_gpe_gpi_mult': 0.8715361218883046}. Best is trial 98 with value: 0.5979484317983877.
