[I 2026-05-28 01:30:21,649] Trial 484 finished with value: 0.18327035771048777 and parameters: {'ISTN': 62.66676697344411, 'I_gpe': 1.1156420495588653, 'I_gpi': 2.1880653695284993, 'noise_stn_sigma': 2.5688186550864955, 'noise_gpe_sigma': 79.64589326200854, 'noise_gpi_sigma': 86.12447250307027, 'g_stn_gpe_mult': 2.423719086650374, 'g_gpe_stn_mult': 0.16745058529883583, 'g_stn_gpi_mult': 1.6550705549396705, 'g_gpe_gpi_mult': 0.7968628409587357}. Best is trial 430 with value: 0.14097012504299053.
[I 2026-05-28 01:30:22,657] Trial 485 finished with value: 0.30442189631639305 and parameters: {'ISTN': 62.674125966153355, 'I_gpe': 1.138546526180393, 'I_gpi': 1.9217876083351086, 'noise_stn_sigma': 2.3091821146565077, 'noise_gpe_sigma': 78.51472925885459, 'noise_gpi_sigma': 80.15497110015035, 'g_stn_gpe_mult': 2.7035230933012606, 'g_gpe_stn_mult': 0.13449952878734195, 'g_stn_gpi_mult': 1.7249000629586222, 'g_gpe_gpi_mult': 0.811439809724303}. Best is trial 430 with value: 0.14097012504299053.
[I 2026-05-28 01:30:23,662] Trial 486 finished with value: 1.0083271750225733 and parameters: {'ISTN': 61.98301996246874, 'I_gpe': 1.008796000959881, 'I_gpi': 1.872102045205049, 'noise_stn_sigma': 2.958092214214525, 'noise_gpe_sigma': 85.54575791838258, 'noise_gpi_sigma': 91.2343515948595, 'g_stn_gpe_mult': 2.737166566396132, 'g_gpe_stn_mult': 0.12390719954213668, 'g_stn_gpi_mult': 1.736569828102824, 'g_gpe_gpi_mult': 0.7500039371808629}. Best is trial 430 with value: 0.14097012504299053.
[I 2026-05-28 01:30:24,667] Trial 487 finished with value: 0.1686227539663942 and parameters: {'ISTN': 60.96676014017012, 'I_gpe': 1.3484505316569146, 'I_gpi': 2.1968201625198054, 'noise_stn_sigma': 2.284121237207082, 'noise_gpe_sigma': 87.31557524859049, 'noise_gpi_sigma': 95.34143341989908, 'g_stn_gpe_mult': 2.374614913976531, 'g_gpe_stn_mult': 0.2031731928053932, 'g_stn_gpi_mult': 1.6892789479257804, 'g_gpe_gpi_mult': 0.7500971229977653}. Best is trial 430 with value: 0.14097012504299053.
[I 2026-05-28 01:30:25,669] Trial 488 finished with value: 0.17926213402900093 and parameters: {'ISTN': 62.61550286445703, 'I_gpe': 1.4080836987166747, 'I_gpi': 2.123153292774578, 'noise_stn_sigma': 2.1710644169624134, 'noise_gpe_sigma': 82.32785531614596, 'noise_gpi_sigma': 85.16209217021195, 'g_stn_gpe_mult': 3.026232271974771, 'g_gpe_stn_mult': 0.17855365635464437, 'g_stn_gpi_mult': 2.035164520542007, 'g_gpe_gpi_mult': 0.8449751099020482}. Best is trial 430 with value: 0.14097012504299053.
[I 2026-05-28 01:30:26,673] Trial 489 finished with value: 0.18565684398332574 and parameters: {'ISTN': 63.43899496001939, 'I_gpe': 1.2370269790265151, 'I_gpi': 2.0541793109000306, 'noise_stn_sigma': 2.532404122630749, 'noise_gpe_sigma': 78.48580144292345, 'noise_gpi_sigma': 83.3663506670616, 'g_stn_gpe_mult': 2.8796611470679454, 'g_gpe_stn_mult': 0.1598403818342619, 'g_stn_gpi_mult': 1.7630652995771756, 'g_gpe_gpi_mult': 0.793844679144263}. Best is trial 430 with value: 0.14097012504299053.
[I 2026-05-28 01:30:27,676] Trial 490 finished with value: 0.15470821079243943 and parameters: {'ISTN': 60.03972084011834, 'I_gpe': 1.470123871349471, 'I_gpi': 2.292588049844077, 'noise_stn_sigma': 2.3665406150345776, 'noise_gpe_sigma': 84.97597007565018, 'noise_gpi_sigma': 95.20270869215182, 'g_stn_gpe_mult': 2.731051541401573, 'g_gpe_stn_mult': 0.16241928849259474, 'g_stn_gpi_mult': 1.87442888000152, 'g_gpe_gpi_mult': 0.7942168923502704}. Best is trial 430 with value: 0.14097012504299053.
[I 2026-05-28 01:30:28,681] Trial 491 finished with value: 0.16055512740526268 and parameters: {'ISTN': 61.76607874899948, 'I_gpe': 1.3629667832549095, 'I_gpi': 2.199700388611474, 'noise_stn_sigma': 2.514381037981014, 'noise_gpe_sigma': 86.9739601391683, 'noise_gpi_sigma': 94.44223879615575, 'g_stn_gpe_mult': 2.678251595926781, 'g_gpe_stn_mult': 0.1634406757140186, 'g_stn_gpi_mult': 1.965671442089285, 'g_gpe_gpi_mult': 0.782158213128022}. Best is trial 430 with value: 0.14097012504299053.
[I 2026-05-28 01:30:29,683] Trial 492 finished with value: 0.18749391036432983 and parameters: {'ISTN': 62.689011399961714, 'I_gpe': 1.406060378051047, 'I_gpi': 1.97385043760965, 'noise_stn_sigma': 2.225972958223778, 'noise_gpe_sigma': 84.2211603366372, 'noise_gpi_sigma': 92.48861518150296, 'g_stn_gpe_mult': 2.7053693626943076, 'g_gpe_stn_mult': 0.1816858391217665, 'g_stn_gpi_mult': 1.85885225697087, 'g_gpe_gpi_mult': 0.847372392487165}. Best is trial 430 with value: 0.14097012504299053.
[I 2026-05-28 01:30:30,688] Trial 493 finished with value: 0.2039479757191646 and parameters: {'ISTN': 60.90563471327593, 'I_gpe': 1.5137405970560502, 'I_gpi': 2.3924408763137937, 'noise_stn_sigma': 1.7557608463110066, 'noise_gpe_sigma': 83.9365546382461, 'noise_gpi_sigma': 95.7040364667694, 'g_stn_gpe_mult': 2.6300209980342015, 'g_gpe_stn_mult': 0.19227972829088674, 'g_stn_gpi_mult': 1.7692741367232472, 'g_gpe_gpi_mult': 0.7760002868245879}. Best is trial 430 with value: 0.14097012504299053.
[I 2026-05-28 01:30:31,693] Trial 494 finished with value: 0.15099527032379156 and parameters: {'ISTN': 60.2303168945231, 'I_gpe': 1.442795265697447, 'I_gpi': 2.266604726387638, 'noise_stn_sigma': 2.0137353920335803, 'noise_gpe_sigma': 84.50145293763973, 'noise_gpi_sigma': 94.76062378055808, 'g_stn_gpe_mult': 2.2637558414905565, 'g_gpe_stn_mult': 0.1772607371821126, 'g_stn_gpi_mult': 1.5997366112362492, 'g_gpe_gpi_mult': 0.788733768368947}. Best is trial 430 with value: 0.14097012504299053.
[I 2026-05-28 01:30:32,698] Trial 495 finished with value: 0.18772640919184116 and parameters: {'ISTN': 64.51528455850939, 'I_gpe': 1.1564223230041457, 'I_gpi': 2.079541533742408, 'noise_stn_sigma': 2.712730101416936, 'noise_gpe_sigma': 83.34413123172456, 'noise_gpi_sigma': 85.5880579015636, 'g_stn_gpe_mult': 2.772939121928289, 'g_gpe_stn_mult': 0.16269818390655041, 'g_stn_gpi_mult': 1.965456562111691, 'g_gpe_gpi_mult': 0.7961924246839653}. Best is trial 430 with value: 0.14097012504299053.
[I 2026-05-28 01:30:33,703] Trial 496 finished with value: 0.22389037708271214 and parameters: {'ISTN': 63.00631086950211, 'I_gpe': 1.3701130513456974, 'I_gpi': 2.155047685819363, 'noise_stn_sigma': 2.4846683852786855, 'noise_gpe_sigma': 84.5387261993965, 'noise_gpi_sigma': 94.20264588283632, 'g_stn_gpe_mult': 2.5774409952143262, 'g_gpe_stn_mult': 0.20978082521573183, 'g_stn_gpi_mult': 1.6946629589974678, 'g_gpe_gpi_mult': 0.7586467853764254}. Best is trial 430 with value: 0.14097012504299053.
[I 2026-05-28 01:30:34,709] Trial 497 finished with value: 0.2360967676472582 and parameters: {'ISTN': 61.523409554960125, 'I_gpe': 1.5123013046067173, 'I_gpi': 2.471383771879749, 'noise_stn_sigma': 2.375394462751708, 'noise_gpe_sigma': 77.47452780964161, 'noise_gpi_sigma': 81.89697821970782, 'g_stn_gpe_mult': 3.0040718538138638, 'g_gpe_stn_mult': 0.16468468524469726, 'g_stn_gpi_mult': 2.1034256429891602, 'g_gpe_gpi_mult': 0.8068795536612643}. Best is trial 430 with value: 0.14097012504299053.
[I 2026-05-28 01:30:35,716] Trial 498 finished with value: 0.19346267907114414 and parameters: {'ISTN': 62.81179716350425, 'I_gpe': 1.422844213280873, 'I_gpi': 2.2017841598876666, 'noise_stn_sigma': 2.3893069787709322, 'noise_gpe_sigma': 80.55131425277858, 'noise_gpi_sigma': 89.05506708823665, 'g_stn_gpe_mult': 2.921367947459388, 'g_gpe_stn_mult': 0.16286200712329174, 'g_stn_gpi_mult': 1.8120889052786093, 'g_gpe_gpi_mult': 0.7993663899839605}. Best is trial 430 with value: 0.14097012504299053.
[I 2026-05-28 01:30:36,719] Trial 499 finished with value: 0.36514479901193775 and parameters: {'ISTN': 61.7260609248422, 'I_gpe': 1.4136852210802306, 'I_gpi': 2.181389768302285, 'noise_stn_sigma': 2.2229583820757304, 'noise_gpe_sigma': 86.01324057264034, 'noise_gpi_sigma': 93.9915345340684, 'g_stn_gpe_mult': 2.8828722431355662, 'g_gpe_stn_mult': 0.19492145033254743, 'g_stn_gpi_mult': 1.9633420426454318, 'g_gpe_gpi_mult': 0.7950924232651806}. Best is trial 430 with value: 0.14097012504299053.
[I 2026-05-28 01:30:37,722] Trial 500 finished with value: 0.18315309921961462 and parameters: {'ISTN': 62.729177714698935, 'I_gpe': 1.3931527674177278, 'I_gpi': 2.303017484283612, 'noise_stn_sigma': 2.329284937848181, 'noise_gpe_sigma': 86.36065630813302, 'noise_gpi_sigma': 91.83830250258072, 'g_stn_gpe_mult': 2.590703868355866, 'g_gpe_stn_mult': 0.17091766884794524, 'g_stn_gpi_mult': 1.7487544739242207, 'g_gpe_gpi_mult': 0.7550795208875625}. Best is trial 430 with value: 0.14097012504299053.
[I 2026-05-28 01:30:38,727] Trial 501 finished with value: 0.2011800497657618 and parameters: {'ISTN': 62.53540209194362, 'I_gpe': 1.4387538683527064, 'I_gpi': 2.454612080353016, 'noise_stn_sigma': 2.3459428792585, 'noise_gpe_sigma': 90.16608849399744, 'noise_gpi_sigma': 90.97378684276806, 'g_stn_gpe_mult': 2.490691133193563, 'g_gpe_stn_mult': 0.18619257443205986, 'g_stn_gpi_mult': 1.8105451585883472, 'g_gpe_gpi_mult': 0.7979673038334347}. Best is trial 430 with value: 0.14097012504299053.
[I 2026-05-28 01:30:39,731] Trial 502 finished with value: 0.16416462511419636 and parameters: {'ISTN': 60.521160285143914, 'I_gpe': 1.3007991068350884, 'I_gpi': 2.1056239294086487, 'noise_stn_sigma': 2.788665951187336, 'noise_gpe_sigma': 87.39247278094675, 'noise_gpi_sigma': 97.57254368370111, 'g_stn_gpe_mult': 2.868252121115866, 'g_gpe_stn_mult': 0.18728011111702375, 'g_stn_gpi_mult': 1.8430051505951204, 'g_gpe_gpi_mult': 0.7710539248704267}. Best is trial 430 with value: 0.14097012504299053.
[I 2026-05-28 01:30:40,737] Trial 503 finished with value: 0.1780883455915171 and parameters: {'ISTN': 61.31259905530175, 'I_gpe': 1.4841731662739803, 'I_gpi': 1.9335322811546811, 'noise_stn_sigma': 1.488256335611384, 'noise_gpe_sigma': 84.66527798391157, 'noise_gpi_sigma': 94.4937830878392, 'g_stn_gpe_mult': 2.2325122861234283, 'g_gpe_stn_mult': 0.15786053583242088, 'g_stn_gpi_mult': 1.6284461756539141, 'g_gpe_gpi_mult': 0.7873438781230224}. Best is trial 430 with value: 0.14097012504299053.
[I 2026-05-28 01:30:41,742] Trial 504 finished with value: 0.1741475230383664 and parameters: {'ISTN': 62.56762499961935, 'I_gpe': 1.3869341565921385, 'I_gpi': 2.212940233467827, 'noise_stn_sigma': 2.4271934678891727, 'noise_gpe_sigma': 85.35948666913474, 'noise_gpi_sigma': 90.05899881350433, 'g_stn_gpe_mult': 2.3648424945149062, 'g_gpe_stn_mult': 0.18356967589101497, 'g_stn_gpi_mult': 1.7148138855022104, 'g_gpe_gpi_mult': 0.8401399558730538}. Best is trial 430 with value: 0.14097012504299053.
[I 2026-05-28 01:30:42,746] Trial 505 finished with value: 0.18499023154535418 and parameters: {'ISTN': 61.767837888843026, 'I_gpe': 1.4076658392757935, 'I_gpi': 2.315434783224952, 'noise_stn_sigma': 2.1307646731005305, 'noise_gpe_sigma': 83.02579395462799, 'noise_gpi_sigma': 102.98214446638751, 'g_stn_gpe_mult': 2.4145939085757084, 'g_gpe_stn_mult': 0.18067019203097928, 'g_stn_gpi_mult': 1.7484289431879576, 'g_gpe_gpi_mult': 0.7654735892618487}. Best is trial 430 with value: 0.14097012504299053.
[I 2026-05-28 01:30:43,752] Trial 506 finished with value: 0.2035978649498152 and parameters: {'ISTN': 63.10805442009782, 'I_gpe': 1.4912522704502695, 'I_gpi': 2.357382887496855, 'noise_stn_sigma': 1.9518516963455879, 'noise_gpe_sigma': 81.39663900460886, 'noise_gpi_sigma': 99.8857279713764, 'g_stn_gpe_mult': 2.543875873605456, 'g_gpe_stn_mult': 0.15471753661786908, 'g_stn_gpi_mult': 1.6682553186507407, 'g_gpe_gpi_mult': 0.765564655348826}. Best is trial 430 with value: 0.14097012504299053.
[I 2026-05-28 01:30:44,758] Trial 507 finished with value: 0.14087297597185275 and parameters: {'ISTN': 60.621403375470074, 'I_gpe': 1.4486435831776765, 'I_gpi': 2.1228666241685663, 'noise_stn_sigma': 1.8130624141916267, 'noise_gpe_sigma': 88.88575515240831, 'noise_gpi_sigma': 86.83461073213586, 'g_stn_gpe_mult': 2.2578096861106838, 'g_gpe_stn_mult': 0.15687078664406578, 'g_stn_gpi_mult': 1.8185436337693206, 'g_gpe_gpi_mult': 0.8034279149360746}. Best is trial 507 with value: 0.14087297597185275.
[I 2026-05-28 01:30:45,764] Trial 508 finished with value: 0.18339596346348494 and parameters: {'ISTN': 63.90707973645623, 'I_gpe': 1.2879790939865785, 'I_gpi': 2.1924509201288016, 'noise_stn_sigma': 2.252991417915495, 'noise_gpe_sigma': 89.14300984419809, 'noise_gpi_sigma': 97.6587779812196, 'g_stn_gpe_mult': 2.5633584714665796, 'g_gpe_stn_mult': 0.178336442763179, 'g_stn_gpi_mult': 1.7647454095452768, 'g_gpe_gpi_mult': 0.7891479913472228}. Best is trial 507 with value: 0.14087297597185275.
[I 2026-05-28 01:30:46,772] Trial 509 finished with value: 0.19863270010628944 and parameters: {'ISTN': 60.56868845894396, 'I_gpe': 1.6163261055312723, 'I_gpi': 2.2565147236212626, 'noise_stn_sigma': 1.976615826496269, 'noise_gpe_sigma': 86.36116483160822, 'noise_gpi_sigma': 101.09973809936578, 'g_stn_gpe_mult': 2.3675065854740676, 'g_gpe_stn_mult': 0.18171784912300254, 'g_stn_gpi_mult': 1.6565344832264466, 'g_gpe_gpi_mult': 0.767412810142196}. Best is trial 507 with value: 0.14087297597185275.
[I 2026-05-28 01:30:47,775] Trial 510 finished with value: 0.2034101490401959 and parameters: {'ISTN': 61.01533432329593, 'I_gpe': 1.3703785893641562, 'I_gpi': 2.269475018671475, 'noise_stn_sigma': 2.0911175967161384, 'noise_gpe_sigma': 85.67530843082682, 'noise_gpi_sigma': 87.69400920149083, 'g_stn_gpe_mult': 2.615991051587552, 'g_gpe_stn_mult': 0.19695553080882267, 'g_stn_gpi_mult': 1.8493707803656738, 'g_gpe_gpi_mult': 0.7992660994307013}. Best is trial 507 with value: 0.14087297597185275.
[I 2026-05-28 01:30:48,781] Trial 511 finished with value: 0.1629620048385681 and parameters: {'ISTN': 60.18091313908073, 'I_gpe': 1.5696081504622095, 'I_gpi': 2.0210687872049977, 'noise_stn_sigma': 2.082674388576258, 'noise_gpe_sigma': 88.96161956400542, 'noise_gpi_sigma': 93.15386460991552, 'g_stn_gpe_mult': 2.4378144700646134, 'g_gpe_stn_mult': 0.1661538204356653, 'g_stn_gpi_mult': 1.8060952003365005, 'g_gpe_gpi_mult': 0.7893883151348948}. Best is trial 507 with value: 0.14087297597185275.
[I 2026-05-28 01:30:49,785] Trial 512 finished with value: 0.3737040538347469 and parameters: {'ISTN': 61.188935241312066, 'I_gpe': 1.4136823017155873, 'I_gpi': 2.110080135444214, 'noise_stn_sigma': 2.143285701206174, 'noise_gpe_sigma': 84.500162595647, 'noise_gpi_sigma': 83.3993830565147, 'g_stn_gpe_mult': 2.625228262551664, 'g_gpe_stn_mult': 0.14467793143594987, 'g_stn_gpi_mult': 1.848159271738518, 'g_gpe_gpi_mult': 0.8716260108044764}. Best is trial 507 with value: 0.14087297597185275.
[I 2026-05-28 01:30:50,790] Trial 513 finished with value: 0.18014437843954845 and parameters: {'ISTN': 63.8063361858179, 'I_gpe': 1.1893517986847841, 'I_gpi': 2.077789311054816, 'noise_stn_sigma': 2.04517298098844, 'noise_gpe_sigma': 82.77083495143741, 'noise_gpi_sigma': 85.81509185572355, 'g_stn_gpe_mult': 2.3886277581509727, 'g_gpe_stn_mult': 0.17320436167777337, 'g_stn_gpi_mult': 1.8006081075524991, 'g_gpe_gpi_mult': 0.7563394154746998}. Best is trial 507 with value: 0.14087297597185275.
[I 2026-05-28 01:30:51,794] Trial 514 finished with value: 0.236786115992751 and parameters: {'ISTN': 61.711870698280144, 'I_gpe': 1.3330342859798667, 'I_gpi': 1.7989331760560772, 'noise_stn_sigma': 1.7911544263110546, 'noise_gpe_sigma': 90.0272588505129, 'noise_gpi_sigma': 87.96003436775128, 'g_stn_gpe_mult': 2.362775881943258, 'g_gpe_stn_mult': 0.15047371294965348, 'g_stn_gpi_mult': 1.7422306476209029, 'g_gpe_gpi_mult': 0.7830018328261166}. Best is trial 507 with value: 0.14087297597185275.
[I 2026-05-28 01:30:52,796] Trial 515 finished with value: 0.15265097860149615 and parameters: {'ISTN': 61.242828521703366, 'I_gpe': 1.42792860806065, 'I_gpi': 2.0815861520752836, 'noise_stn_sigma': 2.2860567764655757, 'noise_gpe_sigma': 91.22709972314455, 'noise_gpi_sigma': 95.86671750136898, 'g_stn_gpe_mult': 2.275741357004429, 'g_gpe_stn_mult': 0.15446630826644514, 'g_stn_gpi_mult': 1.9287431149163905, 'g_gpe_gpi_mult': 0.7678604403747511}. Best is trial 507 with value: 0.14087297597185275.
[I 2026-05-28 01:30:53,802] Trial 516 finished with value: 0.19621355108795346 and parameters: {'ISTN': 62.32465762540127, 'I_gpe': 1.2042772252452438, 'I_gpi': 1.9063993113800248, 'noise_stn_sigma': 2.4722887633472874, 'noise_gpe_sigma': 90.92753523899552, 'noise_gpi_sigma': 92.05620798332082, 'g_stn_gpe_mult': 2.505101930174583, 'g_gpe_stn_mult': 0.2004358550717295, 'g_stn_gpi_mult': 1.888788880527194, 'g_gpe_gpi_mult': 0.8009051155453795}. Best is trial 507 with value: 0.14087297597185275.
[I 2026-05-28 01:30:54,808] Trial 517 finished with value: 0.19136307984690487 and parameters: {'ISTN': 61.27876088785918, 'I_gpe': 1.525192711010893, 'I_gpi': 2.3014830071704906, 'noise_stn_sigma': 2.2613456146975093, 'noise_gpe_sigma': 87.47410440970587, 'noise_gpi_sigma': 88.0989008563533, 'g_stn_gpe_mult': 2.5630304620629394, 'g_gpe_stn_mult': 0.18974042010770992, 'g_stn_gpi_mult': 1.7923060179353976, 'g_gpe_gpi_mult': 0.8195365267044616}. Best is trial 507 with value: 0.14087297597185275.
[I 2026-05-28 01:30:55,814] Trial 518 finished with value: 0.17559117986883013 and parameters: {'ISTN': 62.2455855742913, 'I_gpe': 1.4379747213708796, 'I_gpi': 2.2245880810164147, 'noise_stn_sigma': 2.3104061536728255, 'noise_gpe_sigma': 93.2691994877047, 'noise_gpi_sigma': 88.13481082266765, 'g_stn_gpe_mult': 2.4490557851053567, 'g_gpe_stn_mult': 0.18893187533120315, 'g_stn_gpi_mult': 1.968009936138602, 'g_gpe_gpi_mult': 0.8501928085618062}. Best is trial 507 with value: 0.14087297597185275.
[I 2026-05-28 01:30:56,820] Trial 519 finished with value: 0.20193437025460564 and parameters: {'ISTN': 65.24518404633513, 'I_gpe': 1.3817442984410264, 'I_gpi': 1.9530189901353805, 'noise_stn_sigma': 1.877173182273155, 'noise_gpe_sigma': 86.33754020658452, 'noise_gpi_sigma': 86.63339840280746, 'g_stn_gpe_mult': 2.457624609497037, 'g_gpe_stn_mult': 0.15357442112743, 'g_stn_gpi_mult': 1.7281256648485377, 'g_gpe_gpi_mult': 0.794103674954312}. Best is trial 507 with value: 0.14087297597185275.
[I 2026-05-28 01:30:57,824] Trial 520 finished with value: 0.15928651588436743 and parameters: {'ISTN': 61.599571204401, 'I_gpe': 1.4377464841543826, 'I_gpi': 2.0574197287395313, 'noise_stn_sigma': 2.12324781021828, 'noise_gpe_sigma': 85.77038259063326, 'noise_gpi_sigma': 91.68693593957522, 'g_stn_gpe_mult': 2.5304459994723523, 'g_gpe_stn_mult': 0.1486419927410967, 'g_stn_gpi_mult': 1.8759044902280864, 'g_gpe_gpi_mult': 0.7824659011033472}. Best is trial 507 with value: 0.14087297597185275.
[I 2026-05-28 01:30:58,830] Trial 521 finished with value: 0.17716342033431853 and parameters: {'ISTN': 60.024386342072795, 'I_gpe': 1.564066973816621, 'I_gpi': 2.0599327821194597, 'noise_stn_sigma': 2.7954621020206742, 'noise_gpe_sigma': 89.6849866198385, 'noise_gpi_sigma': 100.86106536885666, 'g_stn_gpe_mult': 2.389997454934126, 'g_gpe_stn_mult': 0.15108970228220808, 'g_stn_gpi_mult': 1.9086294744692311, 'g_gpe_gpi_mult': 0.7311108867051952}. Best is trial 507 with value: 0.14087297597185275.
[I 2026-05-28 01:30:59,836] Trial 522 finished with value: 0.6026904890794241 and parameters: {'ISTN': 60.40403027185132, 'I_gpe': 1.3945425478480238, 'I_gpi': 1.9506349002495489, 'noise_stn_sigma': 2.053397698219364, 'noise_gpe_sigma': 89.59503562605857, 'noise_gpi_sigma': 93.78878003377854, 'g_stn_gpe_mult': 2.270460097090844, 'g_gpe_stn_mult': 0.148071640150132, 'g_stn_gpi_mult': 1.8721408689557504, 'g_gpe_gpi_mult': 0.7387931569153019}. Best is trial 507 with value: 0.14087297597185275.
[I 2026-05-28 01:31:00,842] Trial 523 finished with value: 1.4272483181351192 and parameters: {'ISTN': 60.31322073232422, 'I_gpe': 1.516702972420587, 'I_gpi': 2.3808817440071537, 'noise_stn_sigma': 2.2845674417145942, 'noise_gpe_sigma': 92.14683011341496, 'noise_gpi_sigma': 98.74018728434234, 'g_stn_gpe_mult': 2.575128990027656, 'g_gpe_stn_mult': 0.1222310547699325, 'g_stn_gpi_mult': 2.0318140623208563, 'g_gpe_gpi_mult': 0.7645589288139234}. Best is trial 507 with value: 0.14087297597185275.
[I 2026-05-28 01:31:01,845] Trial 524 finished with value: 0.15650374393026706 and parameters: {'ISTN': 60.799996844160596, 'I_gpe': 1.376661199250016, 'I_gpi': 2.0515331456438286, 'noise_stn_sigma': 2.6787440880691626, 'noise_gpe_sigma': 89.07531180290323, 'noise_gpi_sigma': 85.06423921404311, 'g_stn_gpe_mult': 2.4565078084746585, 'g_gpe_stn_mult': 0.16411250590641793, 'g_stn_gpi_mult': 1.9197230011188133, 'g_gpe_gpi_mult': 0.7935937152053665}. Best is trial 507 with value: 0.14087297597185275.
[I 2026-05-28 01:31:02,850] Trial 525 finished with value: 0.17556020616270046 and parameters: {'ISTN': 62.458260856869146, 'I_gpe': 1.4766160207223018, 'I_gpi': 2.0957186614622554, 'noise_stn_sigma': 2.1329343457295185, 'noise_gpe_sigma': 87.64785165602068, 'noise_gpi_sigma': 94.4662152095035, 'g_stn_gpe_mult': 2.335935106205768, 'g_gpe_stn_mult': 0.18002791035663607, 'g_stn_gpi_mult': 1.8574926417367887, 'g_gpe_gpi_mult': 0.7515398783869136}. Best is trial 507 with value: 0.14087297597185275.
[I 2026-05-28 01:31:03,857] Trial 526 finished with value: 0.174883923140546 and parameters: {'ISTN': 61.89524547847531, 'I_gpe': 1.314008552767856, 'I_gpi': 2.003055657922423, 'noise_stn_sigma': 2.0166760608973506, 'noise_gpe_sigma': 90.50330055316275, 'noise_gpi_sigma': 89.08100093493157, 'g_stn_gpe_mult': 2.5121976349973303, 'g_gpe_stn_mult': 0.17277853129741477, 'g_stn_gpi_mult': 1.7233279341422199, 'g_gpe_gpi_mult': 0.792199222070751}. Best is trial 507 with value: 0.14087297597185275.
[I 2026-05-28 01:31:04,862] Trial 527 finished with value: 0.16741930494513466 and parameters: {'ISTN': 61.106624149801625, 'I_gpe': 1.412874389388382, 'I_gpi': 2.1546011031839125, 'noise_stn_sigma': 2.428795219173809, 'noise_gpe_sigma': 89.05785387943725, 'noise_gpi_sigma': 97.944539874735, 'g_stn_gpe_mult': 2.406776725595861, 'g_gpe_stn_mult': 0.2006833907303973, 'g_stn_gpi_mult': 1.818978134816452, 'g_gpe_gpi_mult': 0.7520117761384371}. Best is trial 507 with value: 0.14087297597185275.
