[I 2026-05-28 02:20:31,697] Trial 440 finished with value: 0.5085880039070029 and parameters: {'ISTN': 60.039394132285985, 'I_gpe': 1.3217641728703569, 'I_gpi': 2.103717446827102, 'noise_stn_sigma': 4.7682207083067745, 'noise_gpe_sigma': 112.92767182328184, 'noise_gpi_sigma': 81.794317345161, 'g_stn_gpe_mult': 2.6233125161091104, 'g_gpe_stn_mult': 0.12960377947635232, 'g_stn_gpi_mult': 2.5206553272037246, 'g_gpe_gpi_mult': 0.8887095682883417}. Best is trial 381 with value: 0.49422401637724195.
[I 2026-05-28 02:20:32,705] Trial 441 finished with value: 0.5387096860153815 and parameters: {'ISTN': 62.37664589986026, 'I_gpe': 1.2872732055853087, 'I_gpi': 2.0709881170833304, 'noise_stn_sigma': 4.454997531205561, 'noise_gpe_sigma': 103.7058638406706, 'noise_gpi_sigma': 83.58890068589326, 'g_stn_gpe_mult': 2.507061385769118, 'g_gpe_stn_mult': 0.11958986115544834, 'g_stn_gpi_mult': 2.438927964503795, 'g_gpe_gpi_mult': 0.876296636228022}. Best is trial 381 with value: 0.49422401637724195.
[I 2026-05-28 02:20:33,714] Trial 442 finished with value: 0.5112189876253059 and parameters: {'ISTN': 60.259854279926174, 'I_gpe': 1.506489577084679, 'I_gpi': 2.0076459876135075, 'noise_stn_sigma': 4.99275086699158, 'noise_gpe_sigma': 109.23421468391835, 'noise_gpi_sigma': 84.77493320945041, 'g_stn_gpe_mult': 2.4763979213199137, 'g_gpe_stn_mult': 0.1372047632350586, 'g_stn_gpi_mult': 2.5676590449196333, 'g_gpe_gpi_mult': 0.9227320113442705}. Best is trial 381 with value: 0.49422401637724195.
[I 2026-05-28 02:20:34,721] Trial 443 finished with value: 0.7307946473922955 and parameters: {'ISTN': 62.37160697994973, 'I_gpe': 1.4963858665914822, 'I_gpi': 1.9368783873410198, 'noise_stn_sigma': 5.175110986458881, 'noise_gpe_sigma': 111.62104697830388, 'noise_gpi_sigma': 87.06208946358468, 'g_stn_gpe_mult': 2.5536673646227652, 'g_gpe_stn_mult': 0.13590042300477279, 'g_stn_gpi_mult': 2.6767701509023167, 'g_gpe_gpi_mult': 0.9430744850360788}. Best is trial 381 with value: 0.49422401637724195.
[I 2026-05-28 02:20:35,729] Trial 444 finished with value: 0.4849072040579033 and parameters: {'ISTN': 60.865709413786206, 'I_gpe': 1.343687140105291, 'I_gpi': 2.0279683284466716, 'noise_stn_sigma': 5.143867209905813, 'noise_gpe_sigma': 112.99742063274894, 'noise_gpi_sigma': 82.53033864095707, 'g_stn_gpe_mult': 2.2257706242903788, 'g_gpe_stn_mult': 0.13063384761633212, 'g_stn_gpi_mult': 2.535061726776645, 'g_gpe_gpi_mult': 0.8802593711617133}. Best is trial 444 with value: 0.4849072040579033.
[I 2026-05-28 02:20:36,735] Trial 445 finished with value: 0.5251702079183319 and parameters: {'ISTN': 61.52017399650804, 'I_gpe': 1.4103489986539508, 'I_gpi': 2.1080564881238084, 'noise_stn_sigma': 4.587151001772477, 'noise_gpe_sigma': 111.8180001014247, 'noise_gpi_sigma': 85.08934105974149, 'g_stn_gpe_mult': 2.4974958048375653, 'g_gpe_stn_mult': 0.12347431623695619, 'g_stn_gpi_mult': 2.5761093445886742, 'g_gpe_gpi_mult': 0.8884245553342636}. Best is trial 444 with value: 0.4849072040579033.
[I 2026-05-28 02:20:37,740] Trial 446 finished with value: 0.524307824692703 and parameters: {'ISTN': 62.02497172769357, 'I_gpe': 1.1547902906988734, 'I_gpi': 1.965773583418255, 'noise_stn_sigma': 4.487572165736419, 'noise_gpe_sigma': 106.05036407614953, 'noise_gpi_sigma': 84.25143417618344, 'g_stn_gpe_mult': 2.58709762480953, 'g_gpe_stn_mult': 0.11566281561749137, 'g_stn_gpi_mult': 2.533773335922728, 'g_gpe_gpi_mult': 0.9053856643554974}. Best is trial 444 with value: 0.4849072040579033.
[I 2026-05-28 02:20:38,746] Trial 447 finished with value: 0.5181148868741251 and parameters: {'ISTN': 62.053703813668015, 'I_gpe': 1.3983253584306845, 'I_gpi': 1.9671318283704298, 'noise_stn_sigma': 4.845503333010786, 'noise_gpe_sigma': 110.59119753096476, 'noise_gpi_sigma': 82.33486279435803, 'g_stn_gpe_mult': 2.5643698876967775, 'g_gpe_stn_mult': 0.112372033014544, 'g_stn_gpi_mult': 2.5368800277983836, 'g_gpe_gpi_mult': 0.9420068107828286}. Best is trial 444 with value: 0.4849072040579033.
[I 2026-05-28 02:20:39,755] Trial 448 finished with value: 0.5345499397949024 and parameters: {'ISTN': 61.06594263123395, 'I_gpe': 1.462961517220242, 'I_gpi': 1.9826263489329188, 'noise_stn_sigma': 4.886606424458667, 'noise_gpe_sigma': 109.22333002130533, 'noise_gpi_sigma': 75.32959987764963, 'g_stn_gpe_mult': 2.3928890182400866, 'g_gpe_stn_mult': 0.10395349621806807, 'g_stn_gpi_mult': 2.6916703321697577, 'g_gpe_gpi_mult': 0.8808304140497083}. Best is trial 444 with value: 0.4849072040579033.
[I 2026-05-28 02:20:40,762] Trial 449 finished with value: 0.505566106752174 and parameters: {'ISTN': 60.80063691737498, 'I_gpe': 1.451119014879691, 'I_gpi': 1.8877965805901014, 'noise_stn_sigma': 4.814425278988065, 'noise_gpe_sigma': 113.65300360720408, 'noise_gpi_sigma': 84.24215165022517, 'g_stn_gpe_mult': 2.4915034634488102, 'g_gpe_stn_mult': 0.13925737210128955, 'g_stn_gpi_mult': 2.438229539797635, 'g_gpe_gpi_mult': 0.8869351956289602}. Best is trial 444 with value: 0.4849072040579033.
[I 2026-05-28 02:20:41,767] Trial 450 finished with value: 0.5497582199511872 and parameters: {'ISTN': 63.319076744672365, 'I_gpe': 1.330012291857957, 'I_gpi': 2.0159002398239902, 'noise_stn_sigma': 4.653030724853344, 'noise_gpe_sigma': 110.93270361116731, 'noise_gpi_sigma': 77.9225004320536, 'g_stn_gpe_mult': 2.3695903285849362, 'g_gpe_stn_mult': 0.11578842063707166, 'g_stn_gpi_mult': 2.6527059727717717, 'g_gpe_gpi_mult': 0.8909330443340562}. Best is trial 444 with value: 0.4849072040579033.
[I 2026-05-28 02:20:42,774] Trial 451 finished with value: 0.5291490896455119 and parameters: {'ISTN': 62.28352327945914, 'I_gpe': 1.3699908790949131, 'I_gpi': 2.0245568642975744, 'noise_stn_sigma': 4.679499989385011, 'noise_gpe_sigma': 106.79108635212658, 'noise_gpi_sigma': 82.00025680907764, 'g_stn_gpe_mult': 2.3806047484495267, 'g_gpe_stn_mult': 0.11766625472492839, 'g_stn_gpi_mult': 2.456058851071142, 'g_gpe_gpi_mult': 0.9356133749236057}. Best is trial 444 with value: 0.4849072040579033.
[I 2026-05-28 02:20:43,780] Trial 452 finished with value: 0.5157934905243434 and parameters: {'ISTN': 61.63462939957733, 'I_gpe': 1.3900520153032152, 'I_gpi': 1.9735406820880455, 'noise_stn_sigma': 4.706496472180732, 'noise_gpe_sigma': 116.34662435546794, 'noise_gpi_sigma': 88.26982468350643, 'g_stn_gpe_mult': 2.4951926681064425, 'g_gpe_stn_mult': 0.1414381347682229, 'g_stn_gpi_mult': 2.5163003754799287, 'g_gpe_gpi_mult': 0.8989888992080934}. Best is trial 444 with value: 0.4849072040579033.
[I 2026-05-28 02:20:44,784] Trial 453 finished with value: 0.5082552415449358 and parameters: {'ISTN': 60.13538807886454, 'I_gpe': 1.329409081353377, 'I_gpi': 1.9255720853161236, 'noise_stn_sigma': 4.890988414739851, 'noise_gpe_sigma': 107.55985032621992, 'noise_gpi_sigma': 82.9959152481715, 'g_stn_gpe_mult': 2.1070990515487353, 'g_gpe_stn_mult': 0.12490225139520969, 'g_stn_gpi_mult': 2.5594061034121856, 'g_gpe_gpi_mult': 0.8917934789915403}. Best is trial 444 with value: 0.4849072040579033.
[I 2026-05-28 02:20:45,788] Trial 454 finished with value: 0.6022897561366566 and parameters: {'ISTN': 61.0140267749822, 'I_gpe': 1.19531284126599, 'I_gpi': 1.978995120205373, 'noise_stn_sigma': 4.675532637407835, 'noise_gpe_sigma': 115.96214785981336, 'noise_gpi_sigma': 88.60012158833084, 'g_stn_gpe_mult': 2.420784086284506, 'g_gpe_stn_mult': 0.15622298347374725, 'g_stn_gpi_mult': 2.554958842832731, 'g_gpe_gpi_mult': 0.8674635676468088}. Best is trial 444 with value: 0.4849072040579033.
[I 2026-05-28 02:20:46,795] Trial 455 finished with value: 0.5139520585395474 and parameters: {'ISTN': 61.08388676504557, 'I_gpe': 1.2838626947641296, 'I_gpi': 2.019394348098639, 'noise_stn_sigma': 4.623951905948857, 'noise_gpe_sigma': 113.07075836201192, 'noise_gpi_sigma': 83.23468000158478, 'g_stn_gpe_mult': 2.1817544895133887, 'g_gpe_stn_mult': 0.12526966470660372, 'g_stn_gpi_mult': 2.6045325543350675, 'g_gpe_gpi_mult': 0.900298237222348}. Best is trial 444 with value: 0.4849072040579033.
[I 2026-05-28 02:20:47,801] Trial 456 finished with value: 0.5094669106472397 and parameters: {'ISTN': 61.75944646342469, 'I_gpe': 1.3890345471013974, 'I_gpi': 1.810980759111392, 'noise_stn_sigma': 4.9606135414864525, 'noise_gpe_sigma': 113.72758627429181, 'noise_gpi_sigma': 84.0588183647245, 'g_stn_gpe_mult': 2.45006806749101, 'g_gpe_stn_mult': 0.11377516619321802, 'g_stn_gpi_mult': 2.4031225207217304, 'g_gpe_gpi_mult': 0.9132940164372194}. Best is trial 444 with value: 0.4849072040579033.
[I 2026-05-28 02:20:48,808] Trial 457 finished with value: 0.5137975593056574 and parameters: {'ISTN': 60.15025338947198, 'I_gpe': 1.4033712340299325, 'I_gpi': 1.9680723394707242, 'noise_stn_sigma': 4.927783023926963, 'noise_gpe_sigma': 116.093720095192, 'noise_gpi_sigma': 77.38700959229752, 'g_stn_gpe_mult': 2.353330805877838, 'g_gpe_stn_mult': 0.1309561331526661, 'g_stn_gpi_mult': 2.3749936225089727, 'g_gpe_gpi_mult': 0.8157351415491039}. Best is trial 444 with value: 0.4849072040579033.
[I 2026-05-28 02:20:49,817] Trial 458 finished with value: 0.6833652048827854 and parameters: {'ISTN': 61.020173917748735, 'I_gpe': 1.5488611491061608, 'I_gpi': 2.0083473306758117, 'noise_stn_sigma': 4.68435426447373, 'noise_gpe_sigma': 113.10618362740286, 'noise_gpi_sigma': 84.33787172075786, 'g_stn_gpe_mult': 2.344274686057605, 'g_gpe_stn_mult': 0.15564925137387015, 'g_stn_gpi_mult': 2.4620484913256098, 'g_gpe_gpi_mult': 0.871660536335856}. Best is trial 444 with value: 0.4849072040579033.
[I 2026-05-28 02:20:50,825] Trial 459 finished with value: 0.5197345684131889 and parameters: {'ISTN': 61.92866611626852, 'I_gpe': 1.3871212032290536, 'I_gpi': 1.9306653730901102, 'noise_stn_sigma': 4.9455438611516165, 'noise_gpe_sigma': 113.36948769558025, 'noise_gpi_sigma': 83.39081302000884, 'g_stn_gpe_mult': 2.417543666622906, 'g_gpe_stn_mult': 0.15454553140818933, 'g_stn_gpi_mult': 2.455292611564783, 'g_gpe_gpi_mult': 0.8681524979301469}. Best is trial 444 with value: 0.4849072040579033.
[I 2026-05-28 02:20:51,835] Trial 460 finished with value: 0.5091235877347778 and parameters: {'ISTN': 60.729763469242855, 'I_gpe': 1.3636767406192, 'I_gpi': 1.9433476990021465, 'noise_stn_sigma': 4.832105865584449, 'noise_gpe_sigma': 112.46222010655502, 'noise_gpi_sigma': 81.73735145869834, 'g_stn_gpe_mult': 2.4189450283223035, 'g_gpe_stn_mult': 0.13188049918067762, 'g_stn_gpi_mult': 2.5358006885259656, 'g_gpe_gpi_mult': 0.865372739828697}. Best is trial 444 with value: 0.4849072040579033.
[I 2026-05-28 02:20:52,842] Trial 461 finished with value: 0.6565074899982944 and parameters: {'ISTN': 62.2015710929491, 'I_gpe': 1.2879293353309609, 'I_gpi': 1.861671440190436, 'noise_stn_sigma': 4.848717930125447, 'noise_gpe_sigma': 110.07966929983472, 'noise_gpi_sigma': 78.20808463619062, 'g_stn_gpe_mult': 2.2635073417828, 'g_gpe_stn_mult': 0.14045682355025357, 'g_stn_gpi_mult': 2.500514889521523, 'g_gpe_gpi_mult': 0.8997751773449951}. Best is trial 444 with value: 0.4849072040579033.
[I 2026-05-28 02:20:53,848] Trial 462 finished with value: 0.49606134754904174 and parameters: {'ISTN': 60.20932830338548, 'I_gpe': 1.3752882127682822, 'I_gpi': 2.0703378457748967, 'noise_stn_sigma': 4.944452704364169, 'noise_gpe_sigma': 115.66475773614545, 'noise_gpi_sigma': 82.52125051675648, 'g_stn_gpe_mult': 2.296398505742877, 'g_gpe_stn_mult': 0.12621493663463929, 'g_stn_gpi_mult': 2.53427240099753, 'g_gpe_gpi_mult': 0.9043499105964499}. Best is trial 444 with value: 0.4849072040579033.
[I 2026-05-28 02:20:54,854] Trial 463 finished with value: 0.5099768023814149 and parameters: {'ISTN': 61.4487965614359, 'I_gpe': 1.3028198637728907, 'I_gpi': 1.9667692877733818, 'noise_stn_sigma': 5.047191937643852, 'noise_gpe_sigma': 114.72969687806152, 'noise_gpi_sigma': 83.5031362000885, 'g_stn_gpe_mult': 2.417115844728977, 'g_gpe_stn_mult': 0.1436122640580133, 'g_stn_gpi_mult': 2.436488928234625, 'g_gpe_gpi_mult': 0.8674891761604964}. Best is trial 444 with value: 0.4849072040579033.
[I 2026-05-28 02:20:55,861] Trial 464 finished with value: 0.5308842466678889 and parameters: {'ISTN': 60.53725339745332, 'I_gpe': 1.4256261052313581, 'I_gpi': 2.1669045002942755, 'noise_stn_sigma': 4.876917253404634, 'noise_gpe_sigma': 110.76464492459549, 'noise_gpi_sigma': 79.30485950932996, 'g_stn_gpe_mult': 2.3964422843472306, 'g_gpe_stn_mult': 0.11773108582461703, 'g_stn_gpi_mult': 2.5910710610301133, 'g_gpe_gpi_mult': 0.8702492483756394}. Best is trial 444 with value: 0.4849072040579033.
[I 2026-05-28 02:20:56,870] Trial 465 finished with value: 0.5039903076817013 and parameters: {'ISTN': 61.47905798331141, 'I_gpe': 1.4542565008880628, 'I_gpi': 1.9880204606736767, 'noise_stn_sigma': 4.9279632881963895, 'noise_gpe_sigma': 112.73095465092563, 'noise_gpi_sigma': 81.31765985621377, 'g_stn_gpe_mult': 2.362450140539435, 'g_gpe_stn_mult': 0.122432299452851, 'g_stn_gpi_mult': 2.5798046290551873, 'g_gpe_gpi_mult': 0.9108433290414784}. Best is trial 444 with value: 0.4849072040579033.
[I 2026-05-28 02:20:57,878] Trial 466 finished with value: 0.4998644720429266 and parameters: {'ISTN': 60.69766951195177, 'I_gpe': 1.3759113124900084, 'I_gpi': 1.8512784054991334, 'noise_stn_sigma': 5.060990355628599, 'noise_gpe_sigma': 111.74930647380722, 'noise_gpi_sigma': 80.37452797668051, 'g_stn_gpe_mult': 2.305004911215628, 'g_gpe_stn_mult': 0.11666016577507342, 'g_stn_gpi_mult': 2.5656660423860274, 'g_gpe_gpi_mult': 0.8968510567439687}. Best is trial 444 with value: 0.4849072040579033.
[I 2026-05-28 02:20:58,886] Trial 467 finished with value: 0.49394376451449357 and parameters: {'ISTN': 60.62435155653759, 'I_gpe': 1.2601781170024529, 'I_gpi': 1.9103838558213502, 'noise_stn_sigma': 5.067101552040025, 'noise_gpe_sigma': 113.6574713984764, 'noise_gpi_sigma': 82.45754304410639, 'g_stn_gpe_mult': 2.3478205695374754, 'g_gpe_stn_mult': 0.1335006701449987, 'g_stn_gpi_mult': 2.40057455622319, 'g_gpe_gpi_mult': 0.8714254728460729}. Best is trial 444 with value: 0.4849072040579033.
[I 2026-05-28 02:20:59,894] Trial 468 finished with value: 0.5154502731775907 and parameters: {'ISTN': 60.481249035476154, 'I_gpe': 1.3259185278816248, 'I_gpi': 2.042559462171886, 'noise_stn_sigma': 4.669233907436993, 'noise_gpe_sigma': 109.81887082798657, 'noise_gpi_sigma': 81.3785588086091, 'g_stn_gpe_mult': 2.2061606965518052, 'g_gpe_stn_mult': 0.1515939500576957, 'g_stn_gpi_mult': 2.5008763982304445, 'g_gpe_gpi_mult': 0.8770542914703614}. Best is trial 444 with value: 0.4849072040579033.
[I 2026-05-28 02:21:00,901] Trial 469 finished with value: 0.5146419824465194 and parameters: {'ISTN': 61.17377491244191, 'I_gpe': 1.3093730654717006, 'I_gpi': 2.0267255999417406, 'noise_stn_sigma': 4.604272670278412, 'noise_gpe_sigma': 110.02016694275922, 'noise_gpi_sigma': 84.21393284171556, 'g_stn_gpe_mult': 2.3027417130758825, 'g_gpe_stn_mult': 0.13468018164885862, 'g_stn_gpi_mult': 2.4853629248577125, 'g_gpe_gpi_mult': 0.9075465061972001}. Best is trial 444 with value: 0.4849072040579033.
[I 2026-05-28 02:21:01,907] Trial 470 finished with value: 0.515355045501697 and parameters: {'ISTN': 61.281607191893066, 'I_gpe': 1.3650064303068943, 'I_gpi': 2.0138702559837265, 'noise_stn_sigma': 4.679452579735523, 'noise_gpe_sigma': 109.08643776966557, 'noise_gpi_sigma': 83.01441220483946, 'g_stn_gpe_mult': 2.252822052298362, 'g_gpe_stn_mult': 0.1260503745360046, 'g_stn_gpi_mult': 2.386001384397026, 'g_gpe_gpi_mult': 0.8721889590320826}. Best is trial 444 with value: 0.4849072040579033.
[I 2026-05-28 02:21:02,915] Trial 471 finished with value: 0.5133301572787753 and parameters: {'ISTN': 60.896505414193385, 'I_gpe': 1.3441870163373586, 'I_gpi': 1.8773385214270042, 'noise_stn_sigma': 5.119359097896714, 'noise_gpe_sigma': 120.14985181766312, 'noise_gpi_sigma': 80.5422089941223, 'g_stn_gpe_mult': 2.397434653002291, 'g_gpe_stn_mult': 0.10411033758918907, 'g_stn_gpi_mult': 2.4544407352937396, 'g_gpe_gpi_mult': 0.869345035751659}. Best is trial 444 with value: 0.4849072040579033.
[I 2026-05-28 02:21:03,924] Trial 472 finished with value: 0.5046280110404615 and parameters: {'ISTN': 60.92272713770739, 'I_gpe': 1.4419238310898663, 'I_gpi': 1.8372273318276715, 'noise_stn_sigma': 5.1922447674068115, 'noise_gpe_sigma': 114.76361886598718, 'noise_gpi_sigma': 78.79236293300866, 'g_stn_gpe_mult': 2.1916646194528675, 'g_gpe_stn_mult': 0.1201884303745411, 'g_stn_gpi_mult': 2.4945192317512603, 'g_gpe_gpi_mult': 0.8770477147041971}. Best is trial 444 with value: 0.4849072040579033.
[I 2026-05-28 02:21:04,930] Trial 473 finished with value: 0.5059527946723089 and parameters: {'ISTN': 60.685034734902246, 'I_gpe': 1.2162035223118044, 'I_gpi': 1.9228478212867899, 'noise_stn_sigma': 4.761892763505648, 'noise_gpe_sigma': 111.5017470970014, 'noise_gpi_sigma': 87.96992614106969, 'g_stn_gpe_mult': 2.42741457903218, 'g_gpe_stn_mult': 0.13199110640393316, 'g_stn_gpi_mult': 2.498037837783407, 'g_gpe_gpi_mult': 0.9283804813198975}. Best is trial 444 with value: 0.4849072040579033.
[I 2026-05-28 02:21:05,937] Trial 474 finished with value: 0.4901492199505928 and parameters: {'ISTN': 60.61793000480871, 'I_gpe': 1.3553950638928063, 'I_gpi': 1.9471490928259985, 'noise_stn_sigma': 5.133341627477022, 'noise_gpe_sigma': 118.54123855578501, 'noise_gpi_sigma': 81.79371444812065, 'g_stn_gpe_mult': 2.2866713779138785, 'g_gpe_stn_mult': 0.1296561547564362, 'g_stn_gpi_mult': 2.3781830683268, 'g_gpe_gpi_mult': 0.7972309777512379}. Best is trial 444 with value: 0.4849072040579033.
[I 2026-05-28 02:21:06,944] Trial 475 finished with value: 0.5999524857460322 and parameters: {'ISTN': 61.456527253629865, 'I_gpe': 1.105274171417911, 'I_gpi': 1.9979228148827484, 'noise_stn_sigma': 4.831579239003544, 'noise_gpe_sigma': 112.37758626792201, 'noise_gpi_sigma': 86.07240587793105, 'g_stn_gpe_mult': 2.196811064384531, 'g_gpe_stn_mult': 0.11682665944346675, 'g_stn_gpi_mult': 2.4125282600586058, 'g_gpe_gpi_mult': 0.9072089055676207}. Best is trial 444 with value: 0.4849072040579033.
[I 2026-05-28 02:21:07,950] Trial 476 finished with value: 0.5218892252468242 and parameters: {'ISTN': 61.892242711327015, 'I_gpe': 1.2392881519015315, 'I_gpi': 1.9820176077534468, 'noise_stn_sigma': 4.89075987948557, 'noise_gpe_sigma': 113.07019918224852, 'noise_gpi_sigma': 78.59384346613123, 'g_stn_gpe_mult': 2.3424180400017143, 'g_gpe_stn_mult': 0.10747687666230661, 'g_stn_gpi_mult': 2.419400139217217, 'g_gpe_gpi_mult': 0.8421890031926034}. Best is trial 444 with value: 0.4849072040579033.
[I 2026-05-28 02:21:08,958] Trial 477 finished with value: 0.5161037067216219 and parameters: {'ISTN': 61.31993652079505, 'I_gpe': 1.3580636279365579, 'I_gpi': 1.9033420186479444, 'noise_stn_sigma': 4.804366958953032, 'noise_gpe_sigma': 113.06370616579518, 'noise_gpi_sigma': 82.7778937990883, 'g_stn_gpe_mult': 2.3146314842705307, 'g_gpe_stn_mult': 0.1358881208449357, 'g_stn_gpi_mult': 2.421971487811826, 'g_gpe_gpi_mult': 0.8764810057444143}. Best is trial 444 with value: 0.4849072040579033.
[I 2026-05-28 02:21:09,964] Trial 478 finished with value: 0.5007164841728267 and parameters: {'ISTN': 61.98727065234348, 'I_gpe': 1.263398275243885, 'I_gpi': 2.0038010806494997, 'noise_stn_sigma': 5.093447981481006, 'noise_gpe_sigma': 113.92432454719359, 'noise_gpi_sigma': 84.45992333546732, 'g_stn_gpe_mult': 2.309240326237661, 'g_gpe_stn_mult': 0.1096105763075519, 'g_stn_gpi_mult': 2.5339587597019406, 'g_gpe_gpi_mult': 0.8895740963687386}. Best is trial 444 with value: 0.4849072040579033.
[I 2026-05-28 02:21:10,971] Trial 479 finished with value: 0.501295262276211 and parameters: {'ISTN': 60.00642120095485, 'I_gpe': 1.4355966020992081, 'I_gpi': 1.955022578490908, 'noise_stn_sigma': 4.983936828146966, 'noise_gpe_sigma': 112.43323885536954, 'noise_gpi_sigma': 80.08499854089277, 'g_stn_gpe_mult': 2.262943320092458, 'g_gpe_stn_mult': 0.15145004347409322, 'g_stn_gpi_mult': 2.5734846376008216, 'g_gpe_gpi_mult': 0.8859061327373328}. Best is trial 444 with value: 0.4849072040579033.
[I 2026-05-28 02:21:11,978] Trial 480 finished with value: 0.4998111237673263 and parameters: {'ISTN': 60.615823707677336, 'I_gpe': 1.2140661528871717, 'I_gpi': 2.0044756305701883, 'noise_stn_sigma': 4.943992843572358, 'noise_gpe_sigma': 112.746860669657, 'noise_gpi_sigma': 81.25953843056075, 'g_stn_gpe_mult': 2.4036514370876763, 'g_gpe_stn_mult': 0.13724316945882492, 'g_stn_gpi_mult': 2.4518032843736273, 'g_gpe_gpi_mult': 0.8873802885533202}. Best is trial 444 with value: 0.4849072040579033.
[I 2026-05-28 02:21:12,987] Trial 481 finished with value: 0.5003493525131795 and parameters: {'ISTN': 60.132870751526106, 'I_gpe': 1.4651600798373285, 'I_gpi': 2.0360826537973296, 'noise_stn_sigma': 5.0240012979502335, 'noise_gpe_sigma': 115.86830727242229, 'noise_gpi_sigma': 83.17293487518032, 'g_stn_gpe_mult': 2.2188238448127406, 'g_gpe_stn_mult': 0.15004516330565099, 'g_stn_gpi_mult': 2.2854657940166203, 'g_gpe_gpi_mult': 0.861424183271275}. Best is trial 444 with value: 0.4849072040579033.
[I 2026-05-28 02:21:13,997] Trial 482 finished with value: 0.4980134013322251 and parameters: {'ISTN': 61.2382513700392, 'I_gpe': 1.333664109056948, 'I_gpi': 1.9203715963823136, 'noise_stn_sigma': 5.111187701479129, 'noise_gpe_sigma': 117.70905242883107, 'noise_gpi_sigma': 83.59284746641052, 'g_stn_gpe_mult': 2.1831812183511197, 'g_gpe_stn_mult': 0.1329053774048236, 'g_stn_gpi_mult': 2.4421762641013753, 'g_gpe_gpi_mult': 0.8252053063052556}. Best is trial 444 with value: 0.4849072040579033.
[I 2026-05-28 02:21:15,007] Trial 483 finished with value: 0.5004264487755687 and parameters: {'ISTN': 61.63618249789692, 'I_gpe': 1.2680908749527742, 'I_gpi': 1.989330881569256, 'noise_stn_sigma': 5.162077884226537, 'noise_gpe_sigma': 117.3977361510316, 'noise_gpi_sigma': 80.71137009288498, 'g_stn_gpe_mult': 2.4507527739513906, 'g_gpe_stn_mult': 0.10472677404319702, 'g_stn_gpi_mult': 2.4556545182384495, 'g_gpe_gpi_mult': 0.887289038357949}. Best is trial 444 with value: 0.4849072040579033.
