[I 2026-05-28 01:25:56,732] Trial 220 finished with value: 7.613951125270169 and parameters: {'ISTN': 71.27894394395717, 'I_gpe': 0.9636523750371049, 'I_gpi': 1.7844852593555556, 'noise_stn_sigma': 3.5007568098353055, 'noise_gpe_sigma': 89.67693340246021, 'noise_gpi_sigma': 71.35368432518078, 'g_stn_gpe_mult': 2.030614926970123, 'g_gpe_stn_mult': 0.2604142263683786, 'g_stn_gpi_mult': 1.6563867715593819, 'g_gpe_gpi_mult': 0.6604696906904122}. Best is trial 184 with value: 0.298657288720694.
[I 2026-05-28 01:25:57,737] Trial 221 finished with value: 7.708133833600762 and parameters: {'ISTN': 70.66739192682684, 'I_gpe': 1.0375647402453265, 'I_gpi': 1.4298222242037333, 'noise_stn_sigma': 3.9097432367536227, 'noise_gpe_sigma': 87.43490424172082, 'noise_gpi_sigma': 87.72066277570791, 'g_stn_gpe_mult': 2.2282358618515037, 'g_gpe_stn_mult': 0.11040070797448089, 'g_stn_gpi_mult': 1.899127431791086, 'g_gpe_gpi_mult': 0.7463233943704304}. Best is trial 184 with value: 0.298657288720694.
[I 2026-05-28 01:25:58,741] Trial 222 finished with value: 8.423701601723781 and parameters: {'ISTN': 74.0787900231589, 'I_gpe': 0.5340746385426025, 'I_gpi': 1.622916825248801, 'noise_stn_sigma': 4.164698517692357, 'noise_gpe_sigma': 82.18601073021406, 'noise_gpi_sigma': 74.80293928701023, 'g_stn_gpe_mult': 2.211949151809967, 'g_gpe_stn_mult': 0.11686193048925508, 'g_stn_gpi_mult': 1.7000150823913025, 'g_gpe_gpi_mult': 0.6810482184546705}. Best is trial 184 with value: 0.298657288720694.
[I 2026-05-28 01:25:59,745] Trial 223 finished with value: 5.205923230871666 and parameters: {'ISTN': 67.88597838767372, 'I_gpe': 0.9457838685057495, 'I_gpi': 1.4081471634862812, 'noise_stn_sigma': 2.7577808034412707, 'noise_gpe_sigma': 75.57028183169487, 'noise_gpi_sigma': 75.7096195078965, 'g_stn_gpe_mult': 1.7554424709138492, 'g_gpe_stn_mult': 0.18558715338241, 'g_stn_gpi_mult': 1.4024896997841287, 'g_gpe_gpi_mult': 0.6466340002004054}. Best is trial 184 with value: 0.298657288720694.
[I 2026-05-28 01:26:00,748] Trial 224 finished with value: 5.344679569572161 and parameters: {'ISTN': 72.15050817466414, 'I_gpe': 0.5512526628264892, 'I_gpi': 1.710673236057853, 'noise_stn_sigma': 3.9083295690969666, 'noise_gpe_sigma': 83.42646190769281, 'noise_gpi_sigma': 78.45554671877092, 'g_stn_gpe_mult': 2.058154278659678, 'g_gpe_stn_mult': 0.15886467272725122, 'g_stn_gpi_mult': 1.707839023869504, 'g_gpe_gpi_mult': 0.4619584248525612}. Best is trial 184 with value: 0.298657288720694.
[I 2026-05-28 01:26:01,752] Trial 225 finished with value: 4.955871295613239 and parameters: {'ISTN': 69.29188931595095, 'I_gpe': 0.7487960695441696, 'I_gpi': 1.165073138784034, 'noise_stn_sigma': 3.897294915915928, 'noise_gpe_sigma': 78.07979298027713, 'noise_gpi_sigma': 106.66142992449842, 'g_stn_gpe_mult': 2.7512415610882752, 'g_gpe_stn_mult': 0.194335534408757, 'g_stn_gpi_mult': 2.2899161696437416, 'g_gpe_gpi_mult': 0.6080873782525156}. Best is trial 184 with value: 0.298657288720694.
[I 2026-05-28 01:26:02,754] Trial 226 finished with value: 8.218835929889497 and parameters: {'ISTN': 73.96112060652442, 'I_gpe': 0.8291185690367002, 'I_gpi': 1.4225083715409357, 'noise_stn_sigma': 4.0186093636193565, 'noise_gpe_sigma': 88.84617637827483, 'noise_gpi_sigma': 90.35928254766989, 'g_stn_gpe_mult': 2.2586112487343546, 'g_gpe_stn_mult': 0.1634570555826681, 'g_stn_gpi_mult': 1.49315225018242, 'g_gpe_gpi_mult': 0.6581780934967603}. Best is trial 184 with value: 0.298657288720694.
[I 2026-05-28 01:26:03,757] Trial 227 finished with value: 5.777667879941691 and parameters: {'ISTN': 66.70203013204156, 'I_gpe': 0.8760573094213437, 'I_gpi': 1.6358240590679927, 'noise_stn_sigma': 4.574956725045662, 'noise_gpe_sigma': 92.14969151983455, 'noise_gpi_sigma': 77.83506617058981, 'g_stn_gpe_mult': 2.1692146855267787, 'g_gpe_stn_mult': 0.20568026643958504, 'g_stn_gpi_mult': 1.888278071161548, 'g_gpe_gpi_mult': 0.7707972697779244}. Best is trial 184 with value: 0.298657288720694.
[I 2026-05-28 01:26:04,762] Trial 228 finished with value: 1.8298015845667956 and parameters: {'ISTN': 66.55774991066248, 'I_gpe': 1.0822041879749418, 'I_gpi': 1.6519175828762367, 'noise_stn_sigma': 2.9574889489114744, 'noise_gpe_sigma': 72.81102336991785, 'noise_gpi_sigma': 122.83028744439314, 'g_stn_gpe_mult': 2.034561503232207, 'g_gpe_stn_mult': 0.1924021642059744, 'g_stn_gpi_mult': 1.3767309946710318, 'g_gpe_gpi_mult': 0.5652436194314843}. Best is trial 184 with value: 0.298657288720694.
[I 2026-05-28 01:26:05,765] Trial 229 finished with value: 0.8343071827446414 and parameters: {'ISTN': 69.32060882953387, 'I_gpe': 0.788879770235554, 'I_gpi': 1.807263708657134, 'noise_stn_sigma': 4.993332924585003, 'noise_gpe_sigma': 97.02615548747997, 'noise_gpi_sigma': 76.93368225806661, 'g_stn_gpe_mult': 2.1173722992372133, 'g_gpe_stn_mult': 0.18629991998176904, 'g_stn_gpi_mult': 1.3678836446362044, 'g_gpe_gpi_mult': 0.5797083846874483}. Best is trial 184 with value: 0.298657288720694.
[I 2026-05-28 01:26:06,766] Trial 230 finished with value: 0.8080938395162174 and parameters: {'ISTN': 62.953780572137816, 'I_gpe': 0.8692037664184812, 'I_gpi': 1.5672429553523783, 'noise_stn_sigma': 3.6714291190176973, 'noise_gpe_sigma': 84.31950052668999, 'noise_gpi_sigma': 97.2318337347708, 'g_stn_gpe_mult': 2.1978931790481155, 'g_gpe_stn_mult': 0.14089489472167466, 'g_stn_gpi_mult': 1.9906422608372583, 'g_gpe_gpi_mult': 0.6614883404172833}. Best is trial 184 with value: 0.298657288720694.
[I 2026-05-28 01:26:07,769] Trial 231 finished with value: 8.567862415803221 and parameters: {'ISTN': 67.30297660956629, 'I_gpe': 0.6775349750577756, 'I_gpi': 1.2949536158288382, 'noise_stn_sigma': 4.080440985996754, 'noise_gpe_sigma': 95.7671289953, 'noise_gpi_sigma': 90.82805134207184, 'g_stn_gpe_mult': 1.5511578392228114, 'g_gpe_stn_mult': 0.17415255581368286, 'g_stn_gpi_mult': 1.4506324680932723, 'g_gpe_gpi_mult': 0.595080123595412}. Best is trial 184 with value: 0.298657288720694.
[I 2026-05-28 01:26:08,777] Trial 232 finished with value: 0.44794541695370904 and parameters: {'ISTN': 60.11179595748078, 'I_gpe': 0.8991596777456956, 'I_gpi': 1.5076289693795384, 'noise_stn_sigma': 4.0581882995065595, 'noise_gpe_sigma': 68.685308963875, 'noise_gpi_sigma': 95.87449650576484, 'g_stn_gpe_mult': 2.2957551865375794, 'g_gpe_stn_mult': 0.17958320800413868, 'g_stn_gpi_mult': 1.8070855655003353, 'g_gpe_gpi_mult': 0.6101270128099501}. Best is trial 184 with value: 0.298657288720694.
[I 2026-05-28 01:26:09,780] Trial 233 finished with value: 10.124437162979339 and parameters: {'ISTN': 74.20319556436836, 'I_gpe': 0.7786870380909302, 'I_gpi': 1.8128680605791054, 'noise_stn_sigma': 4.418500544851442, 'noise_gpe_sigma': 96.36231601425932, 'noise_gpi_sigma': 102.68324070415716, 'g_stn_gpe_mult': 2.1657458573352724, 'g_gpe_stn_mult': 0.20153918243350874, 'g_stn_gpi_mult': 1.7790292428900825, 'g_gpe_gpi_mult': 0.5482189675474157}. Best is trial 184 with value: 0.298657288720694.
[I 2026-05-28 01:26:10,784] Trial 234 finished with value: 0.2602682028755941 and parameters: {'ISTN': 62.00103242839968, 'I_gpe': 1.2471515164409404, 'I_gpi': 1.7250027635074447, 'noise_stn_sigma': 4.256470516860368, 'noise_gpe_sigma': 81.60934908294192, 'noise_gpi_sigma': 94.82764352056178, 'g_stn_gpe_mult': 2.2168807666531594, 'g_gpe_stn_mult': 0.194244390205631, 'g_stn_gpi_mult': 1.6377759520062738, 'g_gpe_gpi_mult': 0.6996920602695982}. Best is trial 234 with value: 0.2602682028755941.
[I 2026-05-28 01:26:11,788] Trial 235 finished with value: 3.8802365417029203 and parameters: {'ISTN': 66.41557240705794, 'I_gpe': 0.9275688195600472, 'I_gpi': 1.7106892326641159, 'noise_stn_sigma': 3.2230184560539556, 'noise_gpe_sigma': 100.82892648180862, 'noise_gpi_sigma': 86.10695283513986, 'g_stn_gpe_mult': 1.8745336214159178, 'g_gpe_stn_mult': 0.17650506843460012, 'g_stn_gpi_mult': 1.731417705006083, 'g_gpe_gpi_mult': 0.6222719607434757}. Best is trial 234 with value: 0.2602682028755941.
[I 2026-05-28 01:26:12,792] Trial 236 finished with value: 6.114822654906393 and parameters: {'ISTN': 62.03299305404048, 'I_gpe': 0.9776433013679213, 'I_gpi': 1.4054746150528659, 'noise_stn_sigma': 4.281395907105888, 'noise_gpe_sigma': 89.42864006752443, 'noise_gpi_sigma': 73.73938981933078, 'g_stn_gpe_mult': 2.3160787964334038, 'g_gpe_stn_mult': 0.2513944797334821, 'g_stn_gpi_mult': 1.9553138173051094, 'g_gpe_gpi_mult': 0.6587398465055958}. Best is trial 234 with value: 0.2602682028755941.
[I 2026-05-28 01:26:13,795] Trial 237 finished with value: 3.0107133726047595 and parameters: {'ISTN': 68.28764953137724, 'I_gpe': 0.9284831199853525, 'I_gpi': 1.5615864700909443, 'noise_stn_sigma': 4.14885644042908, 'noise_gpe_sigma': 85.96824614942133, 'noise_gpi_sigma': 88.92252856145238, 'g_stn_gpe_mult': 2.6215772142950913, 'g_gpe_stn_mult': 0.1182540201950973, 'g_stn_gpi_mult': 1.8975089917776824, 'g_gpe_gpi_mult': 0.552659493434428}. Best is trial 234 with value: 0.2602682028755941.
[I 2026-05-28 01:26:14,800] Trial 238 finished with value: 4.226489808986949 and parameters: {'ISTN': 69.0192367100895, 'I_gpe': 0.6505027601445886, 'I_gpi': 1.4793595164246112, 'noise_stn_sigma': 2.797663905749839, 'noise_gpe_sigma': 74.61769620875194, 'noise_gpi_sigma': 88.27177187013754, 'g_stn_gpe_mult': 2.189802195231605, 'g_gpe_stn_mult': 0.18460766362034187, 'g_stn_gpi_mult': 1.7413464516322374, 'g_gpe_gpi_mult': 0.6790109933241806}. Best is trial 234 with value: 0.2602682028755941.
[I 2026-05-28 01:26:15,802] Trial 239 finished with value: 5.8649213449646105 and parameters: {'ISTN': 63.516787936996465, 'I_gpe': 1.324162256088021, 'I_gpi': 1.9150833438428807, 'noise_stn_sigma': 3.6189919718606394, 'noise_gpe_sigma': 78.53761949100766, 'noise_gpi_sigma': 110.37359045065078, 'g_stn_gpe_mult': 2.6983558612612715, 'g_gpe_stn_mult': 0.23135026178096446, 'g_stn_gpi_mult': 2.104055472224368, 'g_gpe_gpi_mult': 0.7557735821735567}. Best is trial 234 with value: 0.2602682028755941.
[I 2026-05-28 01:26:16,803] Trial 240 finished with value: 8.297749461862324 and parameters: {'ISTN': 68.47241536487431, 'I_gpe': 0.6989745400201266, 'I_gpi': 1.7164445801344805, 'noise_stn_sigma': 3.9998466774370036, 'noise_gpe_sigma': 70.38355556913338, 'noise_gpi_sigma': 119.25464592958109, 'g_stn_gpe_mult': 2.0701096940252595, 'g_gpe_stn_mult': 0.21177201286545957, 'g_stn_gpi_mult': 1.6375773445705009, 'g_gpe_gpi_mult': 0.6093793401328528}. Best is trial 234 with value: 0.2602682028755941.
[I 2026-05-28 01:26:17,806] Trial 241 finished with value: 4.644694117867035 and parameters: {'ISTN': 65.33256095167643, 'I_gpe': 1.00466214655687, 'I_gpi': 1.7345500054544865, 'noise_stn_sigma': 3.5732695617235217, 'noise_gpe_sigma': 84.29293964264377, 'noise_gpi_sigma': 107.89298783024122, 'g_stn_gpe_mult': 2.1775602988674416, 'g_gpe_stn_mult': 0.2457759959344525, 'g_stn_gpi_mult': 2.007311978349927, 'g_gpe_gpi_mult': 0.5543724699655146}. Best is trial 234 with value: 0.2602682028755941.
[I 2026-05-28 01:26:18,810] Trial 242 finished with value: 0.27902269851166894 and parameters: {'ISTN': 62.80905198257033, 'I_gpe': 0.9547918671878631, 'I_gpi': 1.772317420072416, 'noise_stn_sigma': 3.989985988378068, 'noise_gpe_sigma': 92.7812638565342, 'noise_gpi_sigma': 97.12286910301509, 'g_stn_gpe_mult': 2.2991726414028957, 'g_gpe_stn_mult': 0.18061654078094863, 'g_stn_gpi_mult': 1.5819145503784764, 'g_gpe_gpi_mult': 0.6820674061599139}. Best is trial 234 with value: 0.2602682028755941.
[I 2026-05-28 01:26:19,811] Trial 243 finished with value: 1.4122253918336094 and parameters: {'ISTN': 63.678125375496116, 'I_gpe': 1.1308675011544487, 'I_gpi': 1.8397539755590404, 'noise_stn_sigma': 3.633688351281476, 'noise_gpe_sigma': 85.38383415421316, 'noise_gpi_sigma': 99.69052470285226, 'g_stn_gpe_mult': 2.5703905822993134, 'g_gpe_stn_mult': 0.15234036688090036, 'g_stn_gpi_mult': 1.5293951438663616, 'g_gpe_gpi_mult': 0.5990871721658129}. Best is trial 234 with value: 0.2602682028755941.
[I 2026-05-28 01:26:20,816] Trial 244 finished with value: 1.990534893572707 and parameters: {'ISTN': 64.27538060763844, 'I_gpe': 0.8469393751263804, 'I_gpi': 1.6427716159029082, 'noise_stn_sigma': 3.9735769996722405, 'noise_gpe_sigma': 68.61263466260051, 'noise_gpi_sigma': 110.77269255042535, 'g_stn_gpe_mult': 2.9118606596279912, 'g_gpe_stn_mult': 0.17341981794239675, 'g_stn_gpi_mult': 1.9108279434576787, 'g_gpe_gpi_mult': 0.5964287093735001}. Best is trial 234 with value: 0.2602682028755941.
[I 2026-05-28 01:26:21,819] Trial 245 finished with value: 0.18324523642792556 and parameters: {'ISTN': 62.882835497855616, 'I_gpe': 1.25560549872338, 'I_gpi': 2.0683791829819773, 'noise_stn_sigma': 4.602696855087337, 'noise_gpe_sigma': 85.75783017621077, 'noise_gpi_sigma': 96.12228926262515, 'g_stn_gpe_mult': 2.437611490934793, 'g_gpe_stn_mult': 0.16916962558624923, 'g_stn_gpi_mult': 1.6515776926306476, 'g_gpe_gpi_mult': 0.6565420011036843}. Best is trial 245 with value: 0.18324523642792556.
[I 2026-05-28 01:26:22,823] Trial 246 finished with value: 0.220823598422475 and parameters: {'ISTN': 61.63529930923235, 'I_gpe': 0.8746027805369935, 'I_gpi': 2.2622490976523943, 'noise_stn_sigma': 4.0681642555249855, 'noise_gpe_sigma': 89.14895084559629, 'noise_gpi_sigma': 93.1374756093618, 'g_stn_gpe_mult': 2.0351172041263372, 'g_gpe_stn_mult': 0.1266907515694989, 'g_stn_gpi_mult': 1.9111851410728022, 'g_gpe_gpi_mult': 0.5950012343290276}. Best is trial 245 with value: 0.18324523642792556.
[I 2026-05-28 01:26:23,829] Trial 247 finished with value: 8.634723550255321 and parameters: {'ISTN': 69.35961377693427, 'I_gpe': 1.0821449506309346, 'I_gpi': 2.495497616911642, 'noise_stn_sigma': 4.693783549538798, 'noise_gpe_sigma': 81.2579491890382, 'noise_gpi_sigma': 81.8798693486726, 'g_stn_gpe_mult': 2.0299129512989253, 'g_gpe_stn_mult': 0.1407802650490335, 'g_stn_gpi_mult': 1.9841297179124076, 'g_gpe_gpi_mult': 0.6034561592062718}. Best is trial 245 with value: 0.18324523642792556.
[I 2026-05-28 01:26:24,836] Trial 248 finished with value: 4.582669130531305 and parameters: {'ISTN': 62.67732183499344, 'I_gpe': 1.1377800028162137, 'I_gpi': 1.1483892774337245, 'noise_stn_sigma': 4.8652808345275425, 'noise_gpe_sigma': 69.19525012588133, 'noise_gpi_sigma': 96.38394016333201, 'g_stn_gpe_mult': 2.376414828417669, 'g_gpe_stn_mult': 0.14704550952398965, 'g_stn_gpi_mult': 1.9196046236022126, 'g_gpe_gpi_mult': 0.6288644021854584}. Best is trial 245 with value: 0.18324523642792556.
[I 2026-05-28 01:26:25,841] Trial 249 finished with value: 4.931652003928409 and parameters: {'ISTN': 62.884623149247666, 'I_gpe': 1.0663507887395314, 'I_gpi': 1.777605709603245, 'noise_stn_sigma': 4.585508105126085, 'noise_gpe_sigma': 78.14641760642256, 'noise_gpi_sigma': 103.23128437110475, 'g_stn_gpe_mult': 2.268318593072264, 'g_gpe_stn_mult': 0.14349250254473053, 'g_stn_gpi_mult': 1.902708819167396, 'g_gpe_gpi_mult': 0.596470148012458}. Best is trial 245 with value: 0.18324523642792556.
[I 2026-05-28 01:26:26,844] Trial 250 finished with value: 0.20224150248457903 and parameters: {'ISTN': 60.586063422304775, 'I_gpe': 1.023420748459733, 'I_gpi': 1.947666660289904, 'noise_stn_sigma': 3.7037743285031453, 'noise_gpe_sigma': 78.49685607645515, 'noise_gpi_sigma': 91.1988345772902, 'g_stn_gpe_mult': 2.1856124048216623, 'g_gpe_stn_mult': 0.15152031764002896, 'g_stn_gpi_mult': 2.005574253265933, 'g_gpe_gpi_mult': 0.6797969774932435}. Best is trial 245 with value: 0.18324523642792556.
[I 2026-05-28 01:26:27,851] Trial 251 finished with value: 0.31753638268753337 and parameters: {'ISTN': 65.75053230669452, 'I_gpe': 0.8034614927554093, 'I_gpi': 1.783650382722223, 'noise_stn_sigma': 3.511349524053571, 'noise_gpe_sigma': 86.6224134482636, 'noise_gpi_sigma': 113.04517135091652, 'g_stn_gpe_mult': 2.372600177344921, 'g_gpe_stn_mult': 0.14178118204382176, 'g_stn_gpi_mult': 2.0326845643459848, 'g_gpe_gpi_mult': 0.6867344389441052}. Best is trial 245 with value: 0.18324523642792556.
[I 2026-05-28 01:26:28,854] Trial 252 finished with value: 4.64198624388807 and parameters: {'ISTN': 62.70601895932336, 'I_gpe': 1.3134860872394567, 'I_gpi': 2.1566907411772576, 'noise_stn_sigma': 5.085371705529062, 'noise_gpe_sigma': 97.7234379693613, 'noise_gpi_sigma': 82.81684534955832, 'g_stn_gpe_mult': 2.09062269089584, 'g_gpe_stn_mult': 0.161580369281311, 'g_stn_gpi_mult': 2.049223969489485, 'g_gpe_gpi_mult': 0.6876647859873464}. Best is trial 245 with value: 0.18324523642792556.
[I 2026-05-28 01:26:29,856] Trial 253 finished with value: 0.3633250895731309 and parameters: {'ISTN': 62.73840413200901, 'I_gpe': 1.2048738918984077, 'I_gpi': 2.4334385815344994, 'noise_stn_sigma': 4.402347180732526, 'noise_gpe_sigma': 95.70135903980476, 'noise_gpi_sigma': 82.54199913464655, 'g_stn_gpe_mult': 2.6296037692162937, 'g_gpe_stn_mult': 0.16816711022804715, 'g_stn_gpi_mult': 1.9061776054209092, 'g_gpe_gpi_mult': 0.6330375405181818}. Best is trial 245 with value: 0.18324523642792556.
[I 2026-05-28 01:26:30,859] Trial 254 finished with value: 0.3281125247279794 and parameters: {'ISTN': 62.5726206156495, 'I_gpe': 0.612054328310276, 'I_gpi': 1.9725118817230904, 'noise_stn_sigma': 4.20565740791308, 'noise_gpe_sigma': 81.10758339770015, 'noise_gpi_sigma': 90.0811514512864, 'g_stn_gpe_mult': 2.7012009125728262, 'g_gpe_stn_mult': 0.1933478785406203, 'g_stn_gpi_mult': 2.0517010475932436, 'g_gpe_gpi_mult': 0.6218356032909169}. Best is trial 245 with value: 0.18324523642792556.
[I 2026-05-28 01:26:31,861] Trial 255 finished with value: 8.94788066285607 and parameters: {'ISTN': 65.5164567864272, 'I_gpe': 1.0235519845676562, 'I_gpi': 2.188517304111127, 'noise_stn_sigma': 4.8381018136129965, 'noise_gpe_sigma': 90.77588553562458, 'noise_gpi_sigma': 88.38220953526836, 'g_stn_gpe_mult': 2.696553819352353, 'g_gpe_stn_mult': 0.23009429003840984, 'g_stn_gpi_mult': 1.7948467853562824, 'g_gpe_gpi_mult': 0.6221786623077556}. Best is trial 245 with value: 0.18324523642792556.
[I 2026-05-28 01:26:32,867] Trial 256 finished with value: 4.106589557379288 and parameters: {'ISTN': 66.1284786809882, 'I_gpe': 0.7464150908517471, 'I_gpi': 1.6098194964071486, 'noise_stn_sigma': 4.308474659349337, 'noise_gpe_sigma': 79.53781886001252, 'noise_gpi_sigma': 74.08377047972792, 'g_stn_gpe_mult': 2.507854210285359, 'g_gpe_stn_mult': 0.1799251729432672, 'g_stn_gpi_mult': 1.9873525657798496, 'g_gpe_gpi_mult': 0.6141963936310688}. Best is trial 245 with value: 0.18324523642792556.
[I 2026-05-28 01:26:33,873] Trial 257 finished with value: 0.22742984642747655 and parameters: {'ISTN': 63.18382611965448, 'I_gpe': 0.9572575226975673, 'I_gpi': 1.9413265839229505, 'noise_stn_sigma': 4.237460538351617, 'noise_gpe_sigma': 87.70859040710565, 'noise_gpi_sigma': 72.58852874047635, 'g_stn_gpe_mult': 2.475745628330867, 'g_gpe_stn_mult': 0.16743069717506637, 'g_stn_gpi_mult': 1.8901240447341374, 'g_gpe_gpi_mult': 0.6397260843335798}. Best is trial 245 with value: 0.18324523642792556.
[I 2026-05-28 01:26:34,878] Trial 258 finished with value: 7.102681287396131 and parameters: {'ISTN': 60.141485032804475, 'I_gpe': 1.279728875337941, 'I_gpi': 2.0956108620182956, 'noise_stn_sigma': 4.095639238156841, 'noise_gpe_sigma': 92.64905321790341, 'noise_gpi_sigma': 84.47716934818828, 'g_stn_gpe_mult': 1.952944851659696, 'g_gpe_stn_mult': 0.18151517717170274, 'g_stn_gpi_mult': 1.6086630958917538, 'g_gpe_gpi_mult': 0.6633220392277517}. Best is trial 245 with value: 0.18324523642792556.
[I 2026-05-28 01:26:35,882] Trial 259 finished with value: 1.8893115011626187 and parameters: {'ISTN': 65.9773376427154, 'I_gpe': 1.3849523280462734, 'I_gpi': 1.813998695911642, 'noise_stn_sigma': 3.6997517730683382, 'noise_gpe_sigma': 87.0406568257206, 'noise_gpi_sigma': 96.41459295069755, 'g_stn_gpe_mult': 2.290046954156619, 'g_gpe_stn_mult': 0.10601061727382771, 'g_stn_gpi_mult': 1.5619125958819269, 'g_gpe_gpi_mult': 0.7291590529132899}. Best is trial 245 with value: 0.18324523642792556.
[I 2026-05-28 01:26:36,889] Trial 260 finished with value: 11.970518101959819 and parameters: {'ISTN': 74.50494998135558, 'I_gpe': 0.5423256455725161, 'I_gpi': 1.651247275965202, 'noise_stn_sigma': 4.530366175137685, 'noise_gpe_sigma': 91.2186103364718, 'noise_gpi_sigma': 84.55622537012194, 'g_stn_gpe_mult': 2.2819658032899923, 'g_gpe_stn_mult': 0.1352272003046792, 'g_stn_gpi_mult': 1.978790268001597, 'g_gpe_gpi_mult': 0.7349373041520793}. Best is trial 245 with value: 0.18324523642792556.
[I 2026-05-28 01:26:37,896] Trial 261 finished with value: 0.800217812661278 and parameters: {'ISTN': 64.0538520016748, 'I_gpe': 0.7415140692547242, 'I_gpi': 2.1010370722817777, 'noise_stn_sigma': 3.4293723190033862, 'noise_gpe_sigma': 84.37782489586154, 'noise_gpi_sigma': 94.08204612430437, 'g_stn_gpe_mult': 2.2898277027717215, 'g_gpe_stn_mult': 0.2058658333433103, 'g_stn_gpi_mult': 1.9335301148430126, 'g_gpe_gpi_mult': 0.63133036819096}. Best is trial 245 with value: 0.18324523642792556.
[I 2026-05-28 01:26:38,898] Trial 262 finished with value: 0.7405255821411552 and parameters: {'ISTN': 61.30260920585091, 'I_gpe': 0.8620093212018733, 'I_gpi': 2.197145573008153, 'noise_stn_sigma': 4.156622067372268, 'noise_gpe_sigma': 93.27288668137304, 'noise_gpi_sigma': 96.2198787882344, 'g_stn_gpe_mult': 2.7115264738205336, 'g_gpe_stn_mult': 0.21318529024505678, 'g_stn_gpi_mult': 2.168143837573398, 'g_gpe_gpi_mult': 0.6609526126550758}. Best is trial 245 with value: 0.18324523642792556.
[I 2026-05-28 01:26:39,901] Trial 263 finished with value: 1.7343559183759492 and parameters: {'ISTN': 66.1089565999548, 'I_gpe': 0.5341022885715363, 'I_gpi': 2.0468194041590166, 'noise_stn_sigma': 3.7394501296774263, 'noise_gpe_sigma': 84.69410784474111, 'noise_gpi_sigma': 83.64246767101719, 'g_stn_gpe_mult': 2.2034110926431523, 'g_gpe_stn_mult': 0.22059072493380974, 'g_stn_gpi_mult': 2.0445987629134015, 'g_gpe_gpi_mult': 0.6446548867376773}. Best is trial 245 with value: 0.18324523642792556.
