[I 2026-05-28 02:25:41,753] Trial 748 finished with value: 0.47071979958273596 and parameters: {'ISTN': 61.45156419978528, 'I_gpe': 1.3350059694914604, 'I_gpi': 2.021470846384429, 'noise_stn_sigma': 6.834323131575113, 'noise_gpe_sigma': 127.80674889482405, 'noise_gpi_sigma': 82.21968303621782, 'g_stn_gpe_mult': 2.8167296174748317, 'g_gpe_stn_mult': 0.1141618995617607, 'g_stn_gpi_mult': 2.4911968620552942, 'g_gpe_gpi_mult': 0.8060476661068758}. Best is trial 722 with value: 0.4424541893191751.
[I 2026-05-28 02:25:42,761] Trial 749 finished with value: 0.4751447850650678 and parameters: {'ISTN': 61.11551596344742, 'I_gpe': 1.3913890125801467, 'I_gpi': 1.8673332445711726, 'noise_stn_sigma': 6.9068869801409, 'noise_gpe_sigma': 122.67881399900203, 'noise_gpi_sigma': 81.74244593603183, 'g_stn_gpe_mult': 2.602084825720363, 'g_gpe_stn_mult': 0.12693294095792082, 'g_stn_gpi_mult': 2.5142087175322922, 'g_gpe_gpi_mult': 0.8609080440218064}. Best is trial 722 with value: 0.4424541893191751.
[I 2026-05-28 02:25:43,770] Trial 750 finished with value: 0.4789094529374938 and parameters: {'ISTN': 61.611119379767885, 'I_gpe': 1.31372633685957, 'I_gpi': 1.8992186903013417, 'noise_stn_sigma': 6.95889886556209, 'noise_gpe_sigma': 127.29066557450462, 'noise_gpi_sigma': 80.33221590929791, 'g_stn_gpe_mult': 2.515112469671375, 'g_gpe_stn_mult': 0.1193527953756935, 'g_stn_gpi_mult': 2.436782402893542, 'g_gpe_gpi_mult': 0.8080399682866481}. Best is trial 722 with value: 0.4424541893191751.
[I 2026-05-28 02:25:44,777] Trial 751 finished with value: 0.46141347595784954 and parameters: {'ISTN': 61.771777199771755, 'I_gpe': 1.367757568201065, 'I_gpi': 1.8656403771315693, 'noise_stn_sigma': 7.326949222558902, 'noise_gpe_sigma': 124.18892705097512, 'noise_gpi_sigma': 84.31211708878527, 'g_stn_gpe_mult': 2.9148995856376483, 'g_gpe_stn_mult': 0.11429816514503181, 'g_stn_gpi_mult': 2.5450469240793607, 'g_gpe_gpi_mult': 0.8424930635730501}. Best is trial 722 with value: 0.4424541893191751.
[I 2026-05-28 02:25:45,785] Trial 752 finished with value: 0.544176800988064 and parameters: {'ISTN': 60.80822696624536, 'I_gpe': 1.2551627432379966, 'I_gpi': 2.075001334274962, 'noise_stn_sigma': 6.889595721931594, 'noise_gpe_sigma': 125.16619512158037, 'noise_gpi_sigma': 85.20913035379374, 'g_stn_gpe_mult': 2.806276428073557, 'g_gpe_stn_mult': 0.14410460013083162, 'g_stn_gpi_mult': 2.455084821344385, 'g_gpe_gpi_mult': 0.8306439077618992}. Best is trial 722 with value: 0.4424541893191751.
[I 2026-05-28 02:25:46,792] Trial 753 finished with value: 0.5861020161434503 and parameters: {'ISTN': 60.809173789099674, 'I_gpe': 1.4227448005341077, 'I_gpi': 2.0414116713812445, 'noise_stn_sigma': 6.436091787398889, 'noise_gpe_sigma': 126.8473215578749, 'noise_gpi_sigma': 82.44970830701864, 'g_stn_gpe_mult': 2.5635224089368362, 'g_gpe_stn_mult': 0.13651770627779497, 'g_stn_gpi_mult': 2.476069023952638, 'g_gpe_gpi_mult': 0.7824290029133858}. Best is trial 722 with value: 0.4424541893191751.
[I 2026-05-28 02:25:47,800] Trial 754 finished with value: 0.5049231911405729 and parameters: {'ISTN': 61.008437155649816, 'I_gpe': 1.3183426885039093, 'I_gpi': 1.894285142654394, 'noise_stn_sigma': 6.971219428461303, 'noise_gpe_sigma': 124.54060027048952, 'noise_gpi_sigma': 80.47948272555118, 'g_stn_gpe_mult': 2.7857839281623367, 'g_gpe_stn_mult': 0.1394856546203278, 'g_stn_gpi_mult': 2.4560165924539548, 'g_gpe_gpi_mult': 0.8200320738051203}. Best is trial 722 with value: 0.4424541893191751.
[I 2026-05-28 02:25:48,808] Trial 755 finished with value: 0.4801082217001401 and parameters: {'ISTN': 61.450202737907674, 'I_gpe': 1.353024719684767, 'I_gpi': 1.9903661929433663, 'noise_stn_sigma': 6.947142503566499, 'noise_gpe_sigma': 131.65359930868163, 'noise_gpi_sigma': 84.47591325402912, 'g_stn_gpe_mult': 2.7595519995924542, 'g_gpe_stn_mult': 0.12391894606943411, 'g_stn_gpi_mult': 2.568928832825096, 'g_gpe_gpi_mult': 0.7899795460996404}. Best is trial 722 with value: 0.4424541893191751.
[I 2026-05-28 02:25:49,813] Trial 756 finished with value: 0.4756373981342019 and parameters: {'ISTN': 61.991452520089, 'I_gpe': 1.358411343302164, 'I_gpi': 1.955412232367857, 'noise_stn_sigma': 6.8354656903007935, 'noise_gpe_sigma': 120.64394683255269, 'noise_gpi_sigma': 82.93234445595624, 'g_stn_gpe_mult': 2.829423624349487, 'g_gpe_stn_mult': 0.11308466871064804, 'g_stn_gpi_mult': 2.6228376337608097, 'g_gpe_gpi_mult': 0.8623417850135742}. Best is trial 722 with value: 0.4424541893191751.
[I 2026-05-28 02:25:50,822] Trial 757 finished with value: 0.4721387630598438 and parameters: {'ISTN': 62.5484998056694, 'I_gpe': 1.3109466721791392, 'I_gpi': 1.9470807808602713, 'noise_stn_sigma': 7.082531172492419, 'noise_gpe_sigma': 128.8325569132881, 'noise_gpi_sigma': 80.10903638867927, 'g_stn_gpe_mult': 2.7054427767575473, 'g_gpe_stn_mult': 0.10173060325546197, 'g_stn_gpi_mult': 2.3793434388739363, 'g_gpe_gpi_mult': 0.817242140056814}. Best is trial 722 with value: 0.4424541893191751.
[I 2026-05-28 02:25:51,831] Trial 758 finished with value: 0.48513379721576916 and parameters: {'ISTN': 61.979288571057864, 'I_gpe': 1.3911278065004764, 'I_gpi': 2.018039944886855, 'noise_stn_sigma': 7.334170600315381, 'noise_gpe_sigma': 128.69856428497943, 'noise_gpi_sigma': 76.08882635803184, 'g_stn_gpe_mult': 2.841805760750674, 'g_gpe_stn_mult': 0.11039247634744942, 'g_stn_gpi_mult': 2.618024273304668, 'g_gpe_gpi_mult': 0.8175036052308713}. Best is trial 722 with value: 0.4424541893191751.
[I 2026-05-28 02:25:52,840] Trial 759 finished with value: 0.4771901676752522 and parameters: {'ISTN': 60.94341486525218, 'I_gpe': 1.353959002137656, 'I_gpi': 1.9194173174602462, 'noise_stn_sigma': 6.823319331595348, 'noise_gpe_sigma': 132.19219069160215, 'noise_gpi_sigma': 85.38314180554198, 'g_stn_gpe_mult': 2.6606060007437993, 'g_gpe_stn_mult': 0.12867536432707508, 'g_stn_gpi_mult': 2.543859057111702, 'g_gpe_gpi_mult': 0.8572347248875118}. Best is trial 722 with value: 0.4424541893191751.
[I 2026-05-28 02:25:53,850] Trial 760 finished with value: 0.48308109148134515 and parameters: {'ISTN': 62.17462924387565, 'I_gpe': 1.4254444377189754, 'I_gpi': 1.933183614790051, 'noise_stn_sigma': 6.926366607269937, 'noise_gpe_sigma': 122.21852054232627, 'noise_gpi_sigma': 81.93203816870908, 'g_stn_gpe_mult': 2.5601868455933356, 'g_gpe_stn_mult': 0.10965218113863012, 'g_stn_gpi_mult': 2.4288475681866597, 'g_gpe_gpi_mult': 0.8413359279775636}. Best is trial 722 with value: 0.4424541893191751.
[I 2026-05-28 02:25:54,858] Trial 761 finished with value: 0.5277277363855479 and parameters: {'ISTN': 62.653646440432375, 'I_gpe': 1.284283085677307, 'I_gpi': 1.9502354346954118, 'noise_stn_sigma': 6.316778387188432, 'noise_gpe_sigma': 123.31855296653175, 'noise_gpi_sigma': 85.9151350643421, 'g_stn_gpe_mult': 2.7364458728213448, 'g_gpe_stn_mult': 0.1053521260126681, 'g_stn_gpi_mult': 2.5085344446839635, 'g_gpe_gpi_mult': 0.9116219590623531}. Best is trial 722 with value: 0.4424541893191751.
[I 2026-05-28 02:25:55,865] Trial 762 finished with value: 1.0155227981452215 and parameters: {'ISTN': 62.34619032248763, 'I_gpe': 1.3520382427388529, 'I_gpi': 1.8633465429122336, 'noise_stn_sigma': 7.045739703690894, 'noise_gpe_sigma': 126.08319409649818, 'noise_gpi_sigma': 82.5973105472723, 'g_stn_gpe_mult': 2.965852456169983, 'g_gpe_stn_mult': 0.13377119572050195, 'g_stn_gpi_mult': 2.485663092760105, 'g_gpe_gpi_mult': 0.8241233562022758}. Best is trial 722 with value: 0.4424541893191751.
[I 2026-05-28 02:25:56,873] Trial 763 finished with value: 0.47484803832472733 and parameters: {'ISTN': 60.670146921702575, 'I_gpe': 1.2609695971573913, 'I_gpi': 2.078092799275873, 'noise_stn_sigma': 6.518112177895198, 'noise_gpe_sigma': 128.723771537855, 'noise_gpi_sigma': 90.95844693100368, 'g_stn_gpe_mult': 2.9961314678165776, 'g_gpe_stn_mult': 0.13091784089750633, 'g_stn_gpi_mult': 2.407478987667138, 'g_gpe_gpi_mult': 0.8518696660945753}. Best is trial 722 with value: 0.4424541893191751.
[I 2026-05-28 02:25:57,880] Trial 764 finished with value: 0.6291056829726716 and parameters: {'ISTN': 62.20611784405103, 'I_gpe': 1.2885204617852275, 'I_gpi': 1.853894111503457, 'noise_stn_sigma': 6.745195209976605, 'noise_gpe_sigma': 125.9192633087704, 'noise_gpi_sigma': 82.6209777655333, 'g_stn_gpe_mult': 2.7767187933376483, 'g_gpe_stn_mult': 0.13289457468582352, 'g_stn_gpi_mult': 2.4728615219860695, 'g_gpe_gpi_mult': 0.8199093185511126}. Best is trial 722 with value: 0.4424541893191751.
[I 2026-05-28 02:25:58,887] Trial 765 finished with value: 0.6536246854173827 and parameters: {'ISTN': 62.24136000631776, 'I_gpe': 1.3081557384497915, 'I_gpi': 1.9826570224305053, 'noise_stn_sigma': 6.9192858956783745, 'noise_gpe_sigma': 126.90688228326015, 'noise_gpi_sigma': 82.90726728985881, 'g_stn_gpe_mult': 2.7879563375317, 'g_gpe_stn_mult': 0.12449307843971695, 'g_stn_gpi_mult': 2.361059217686754, 'g_gpe_gpi_mult': 0.7986475888921791}. Best is trial 722 with value: 0.4424541893191751.
[I 2026-05-28 02:25:59,894] Trial 766 finished with value: 0.47957176854828526 and parameters: {'ISTN': 61.90654450364117, 'I_gpe': 1.3967284316545547, 'I_gpi': 1.9642964448051907, 'noise_stn_sigma': 6.943879270475476, 'noise_gpe_sigma': 123.88465043400011, 'noise_gpi_sigma': 81.18382670834305, 'g_stn_gpe_mult': 2.713938481368433, 'g_gpe_stn_mult': 0.11200823455722039, 'g_stn_gpi_mult': 2.5110109719885703, 'g_gpe_gpi_mult': 0.8257702827350919}. Best is trial 722 with value: 0.4424541893191751.
[I 2026-05-28 02:26:00,900] Trial 767 finished with value: 0.46402425284293985 and parameters: {'ISTN': 61.04047424660826, 'I_gpe': 1.3780046807661612, 'I_gpi': 1.9878539775300843, 'noise_stn_sigma': 7.120002972988262, 'noise_gpe_sigma': 123.0597188403946, 'noise_gpi_sigma': 89.37366115322682, 'g_stn_gpe_mult': 2.8777264065479624, 'g_gpe_stn_mult': 0.12526820180892953, 'g_stn_gpi_mult': 2.4175287513912505, 'g_gpe_gpi_mult': 0.8851575250548755}. Best is trial 722 with value: 0.4424541893191751.
[I 2026-05-28 02:26:01,907] Trial 768 finished with value: 0.4700863339295383 and parameters: {'ISTN': 61.41515691436705, 'I_gpe': 1.3360536590745589, 'I_gpi': 2.0067864309153656, 'noise_stn_sigma': 6.789819856781046, 'noise_gpe_sigma': 124.70867452585976, 'noise_gpi_sigma': 87.94702724403801, 'g_stn_gpe_mult': 2.776526695639239, 'g_gpe_stn_mult': 0.12071217478981375, 'g_stn_gpi_mult': 2.369055536606785, 'g_gpe_gpi_mult': 0.8476246123289559}. Best is trial 722 with value: 0.4424541893191751.
[I 2026-05-28 02:26:02,912] Trial 769 finished with value: 0.4672072920058513 and parameters: {'ISTN': 61.944226916704125, 'I_gpe': 1.326665911923791, 'I_gpi': 1.8849189517374039, 'noise_stn_sigma': 7.050333160769098, 'noise_gpe_sigma': 128.68166552935475, 'noise_gpi_sigma': 84.49144381004884, 'g_stn_gpe_mult': 2.788234946943474, 'g_gpe_stn_mult': 0.10991608528396603, 'g_stn_gpi_mult': 2.4591049590588216, 'g_gpe_gpi_mult': 0.8414604564127077}. Best is trial 722 with value: 0.4424541893191751.
[I 2026-05-28 02:26:03,919] Trial 770 finished with value: 0.4742341401437942 and parameters: {'ISTN': 62.884011666403026, 'I_gpe': 1.3328184466149007, 'I_gpi': 1.962446085861544, 'noise_stn_sigma': 7.092318363350918, 'noise_gpe_sigma': 120.46336943355595, 'noise_gpi_sigma': 80.56990069014195, 'g_stn_gpe_mult': 2.7519647398288223, 'g_gpe_stn_mult': 0.10312308862397836, 'g_stn_gpi_mult': 2.6254653548755646, 'g_gpe_gpi_mult': 0.8951777438312072}. Best is trial 722 with value: 0.4424541893191751.
[I 2026-05-28 02:26:04,925] Trial 771 finished with value: 0.6561319790559705 and parameters: {'ISTN': 62.349382139922376, 'I_gpe': 1.3853827523217306, 'I_gpi': 1.8698706821608895, 'noise_stn_sigma': 7.097551149533654, 'noise_gpe_sigma': 122.88395572585918, 'noise_gpi_sigma': 85.68901306221328, 'g_stn_gpe_mult': 2.8087358032708525, 'g_gpe_stn_mult': 0.11801790399151882, 'g_stn_gpi_mult': 2.528711088143718, 'g_gpe_gpi_mult': 0.8735986085874508}. Best is trial 722 with value: 0.4424541893191751.
[I 2026-05-28 02:26:05,931] Trial 772 finished with value: 0.45819241109690445 and parameters: {'ISTN': 61.90680796302262, 'I_gpe': 1.3283357817600545, 'I_gpi': 2.107643048320763, 'noise_stn_sigma': 7.004100758771173, 'noise_gpe_sigma': 124.04402454965906, 'noise_gpi_sigma': 88.48735071726395, 'g_stn_gpe_mult': 2.7732314409256213, 'g_gpe_stn_mult': 0.10246313706540049, 'g_stn_gpi_mult': 2.369467729781868, 'g_gpe_gpi_mult': 0.879492668424128}. Best is trial 722 with value: 0.4424541893191751.
[I 2026-05-28 02:26:06,936] Trial 773 finished with value: 0.4588813761750655 and parameters: {'ISTN': 62.2906124385886, 'I_gpe': 1.3489547390638392, 'I_gpi': 1.8615160089161658, 'noise_stn_sigma': 7.4194314621426924, 'noise_gpe_sigma': 124.54143991213664, 'noise_gpi_sigma': 87.37233246188387, 'g_stn_gpe_mult': 2.947254692368016, 'g_gpe_stn_mult': 0.103552743635988, 'g_stn_gpi_mult': 2.3795080651561404, 'g_gpe_gpi_mult': 0.861218541231703}. Best is trial 722 with value: 0.4424541893191751.
[I 2026-05-28 02:26:07,944] Trial 774 finished with value: 0.5014434957152231 and parameters: {'ISTN': 60.47273599477701, 'I_gpe': 1.2566273650333688, 'I_gpi': 1.8861245881333562, 'noise_stn_sigma': 7.144116655144702, 'noise_gpe_sigma': 127.93925633201845, 'noise_gpi_sigma': 86.31992141580123, 'g_stn_gpe_mult': 2.743450492991791, 'g_gpe_stn_mult': 0.14115981891968002, 'g_stn_gpi_mult': 2.408198151694722, 'g_gpe_gpi_mult': 0.8697901474920668}. Best is trial 722 with value: 0.4424541893191751.
[I 2026-05-28 02:26:08,950] Trial 775 finished with value: 0.46633603269703694 and parameters: {'ISTN': 61.141841700830525, 'I_gpe': 1.38104524580883, 'I_gpi': 2.000934686464272, 'noise_stn_sigma': 6.8948538695385935, 'noise_gpe_sigma': 125.14655442441128, 'noise_gpi_sigma': 91.4995397907936, 'g_stn_gpe_mult': 2.812330011177968, 'g_gpe_stn_mult': 0.11363974492384976, 'g_stn_gpi_mult': 2.317931701333673, 'g_gpe_gpi_mult': 0.8934948311141573}. Best is trial 722 with value: 0.4424541893191751.
[I 2026-05-28 02:26:09,958] Trial 776 finished with value: 0.4683135760825839 and parameters: {'ISTN': 61.537130475156275, 'I_gpe': 1.3636615156647731, 'I_gpi': 1.965172272415837, 'noise_stn_sigma': 7.328102679278186, 'noise_gpe_sigma': 129.33703585369125, 'noise_gpi_sigma': 84.89837295311963, 'g_stn_gpe_mult': 2.8127654987942625, 'g_gpe_stn_mult': 0.11603706910647385, 'g_stn_gpi_mult': 2.3701242626402594, 'g_gpe_gpi_mult': 0.8351583957001636}. Best is trial 722 with value: 0.4424541893191751.
[I 2026-05-28 02:26:10,963] Trial 777 finished with value: 0.8411310252813461 and parameters: {'ISTN': 61.513702303901596, 'I_gpe': 1.3781723207677992, 'I_gpi': 1.8274185655466704, 'noise_stn_sigma': 7.926152166773737, 'noise_gpe_sigma': 129.71742324895126, 'noise_gpi_sigma': 81.44104642849041, 'g_stn_gpe_mult': 2.924302157428275, 'g_gpe_stn_mult': 0.13945768792259117, 'g_stn_gpi_mult': 2.4378149390925694, 'g_gpe_gpi_mult': 0.8391347119823709}. Best is trial 722 with value: 0.4424541893191751.
[I 2026-05-28 02:26:11,972] Trial 778 finished with value: 0.4740303414771604 and parameters: {'ISTN': 61.18799601746188, 'I_gpe': 1.3652318702414468, 'I_gpi': 2.0537431620797086, 'noise_stn_sigma': 6.74148793781726, 'noise_gpe_sigma': 127.1486001928274, 'noise_gpi_sigma': 85.95790038934506, 'g_stn_gpe_mult': 2.689048795888047, 'g_gpe_stn_mult': 0.12801343111700786, 'g_stn_gpi_mult': 2.4784603399066034, 'g_gpe_gpi_mult': 0.854788673607743}. Best is trial 722 with value: 0.4424541893191751.
[I 2026-05-28 02:26:12,979] Trial 779 finished with value: 0.46313166633184044 and parameters: {'ISTN': 61.033258837980405, 'I_gpe': 1.3492246572738797, 'I_gpi': 1.9199208571259103, 'noise_stn_sigma': 7.1441271726621585, 'noise_gpe_sigma': 123.46136818389256, 'noise_gpi_sigma': 86.09359090147598, 'g_stn_gpe_mult': 2.9717141757185654, 'g_gpe_stn_mult': 0.12461031704603603, 'g_stn_gpi_mult': 2.4633716646254067, 'g_gpe_gpi_mult': 0.9025300871658322}. Best is trial 722 with value: 0.4424541893191751.
[I 2026-05-28 02:26:13,988] Trial 780 finished with value: 0.47739808680323853 and parameters: {'ISTN': 62.093188032622294, 'I_gpe': 1.3439532715660767, 'I_gpi': 2.1017541011981624, 'noise_stn_sigma': 7.05294687575531, 'noise_gpe_sigma': 127.86579792950408, 'noise_gpi_sigma': 89.80430004293223, 'g_stn_gpe_mult': 2.7281757538864646, 'g_gpe_stn_mult': 0.11537867054676698, 'g_stn_gpi_mult': 2.385848006971322, 'g_gpe_gpi_mult': 0.8255756901720865}. Best is trial 722 with value: 0.4424541893191751.
[I 2026-05-28 02:26:14,998] Trial 781 finished with value: 0.4560514107102605 and parameters: {'ISTN': 61.106937754142365, 'I_gpe': 1.2897693304214717, 'I_gpi': 2.098069781493962, 'noise_stn_sigma': 6.975439379321595, 'noise_gpe_sigma': 117.58804796970098, 'noise_gpi_sigma': 89.21321938757472, 'g_stn_gpe_mult': 2.9341909161297988, 'g_gpe_stn_mult': 0.11490963928194252, 'g_stn_gpi_mult': 2.5423946256392114, 'g_gpe_gpi_mult': 0.9152623693083268}. Best is trial 722 with value: 0.4424541893191751.
[I 2026-05-28 02:26:16,007] Trial 782 finished with value: 0.4823701209352192 and parameters: {'ISTN': 61.1493458896811, 'I_gpe': 1.4189324735599245, 'I_gpi': 2.0588518313406476, 'noise_stn_sigma': 6.841045076417342, 'noise_gpe_sigma': 115.30369200448894, 'noise_gpi_sigma': 86.91085442043625, 'g_stn_gpe_mult': 2.6958578282611034, 'g_gpe_stn_mult': 0.1156002565368979, 'g_stn_gpi_mult': 2.439493947852539, 'g_gpe_gpi_mult': 0.9023171907482586}. Best is trial 722 with value: 0.4424541893191751.
[I 2026-05-28 02:26:17,015] Trial 783 finished with value: 0.44811448190367265 and parameters: {'ISTN': 62.15033552486591, 'I_gpe': 1.3355107349500446, 'I_gpi': 2.0442570494228, 'noise_stn_sigma': 7.484681322369306, 'noise_gpe_sigma': 122.78889872687141, 'noise_gpi_sigma': 91.82796932580099, 'g_stn_gpe_mult': 3.1345016099550493, 'g_gpe_stn_mult': 0.10047587151041928, 'g_stn_gpi_mult': 2.425605972439115, 'g_gpe_gpi_mult': 0.9239634873900522}. Best is trial 722 with value: 0.4424541893191751.
[I 2026-05-28 02:26:18,023] Trial 784 finished with value: 0.4423220480619076 and parameters: {'ISTN': 61.2145155902425, 'I_gpe': 1.4011458610079501, 'I_gpi': 1.961300054033162, 'noise_stn_sigma': 7.242944100830169, 'noise_gpe_sigma': 120.62376283627196, 'noise_gpi_sigma': 86.97265478189975, 'g_stn_gpe_mult': 2.8713669836226283, 'g_gpe_stn_mult': 0.10308089395311264, 'g_stn_gpi_mult': 2.4744181386646087, 'g_gpe_gpi_mult': 0.8640305576853042}. Best is trial 784 with value: 0.4423220480619076.
[I 2026-05-28 02:26:19,034] Trial 785 finished with value: 0.4443753709655717 and parameters: {'ISTN': 60.279296115171604, 'I_gpe': 1.3042988052938609, 'I_gpi': 2.133709097697643, 'noise_stn_sigma': 7.26899380468733, 'noise_gpe_sigma': 125.8290007686914, 'noise_gpi_sigma': 89.47400572578725, 'g_stn_gpe_mult': 2.797956441026119, 'g_gpe_stn_mult': 0.13054495268153313, 'g_stn_gpi_mult': 2.3000562368547754, 'g_gpe_gpi_mult': 0.841169366060879}. Best is trial 784 with value: 0.4423220480619076.
[I 2026-05-28 02:26:20,042] Trial 786 finished with value: 0.47041337571764436 and parameters: {'ISTN': 61.30262982786789, 'I_gpe': 1.3327295511923987, 'I_gpi': 2.1152823167305086, 'noise_stn_sigma': 6.701809900741974, 'noise_gpe_sigma': 123.46229420717569, 'noise_gpi_sigma': 83.17580095897226, 'g_stn_gpe_mult': 2.8842565511688876, 'g_gpe_stn_mult': 0.119510788567698, 'g_stn_gpi_mult': 2.411866563571987, 'g_gpe_gpi_mult': 0.8351319278064127}. Best is trial 784 with value: 0.4423220480619076.
[I 2026-05-28 02:26:21,051] Trial 787 finished with value: 0.4706408274624714 and parameters: {'ISTN': 62.639870650318514, 'I_gpe': 1.3417562301333255, 'I_gpi': 1.9192816119942562, 'noise_stn_sigma': 7.017698008149114, 'noise_gpe_sigma': 125.18165663088935, 'noise_gpi_sigma': 84.69887676687834, 'g_stn_gpe_mult': 2.691235935167484, 'g_gpe_stn_mult': 0.1041398454286251, 'g_stn_gpi_mult': 2.5280852487529484, 'g_gpe_gpi_mult': 0.91251681794477}. Best is trial 784 with value: 0.4423220480619076.
[I 2026-05-28 02:26:22,058] Trial 788 finished with value: 0.4818234492890875 and parameters: {'ISTN': 61.49323474368938, 'I_gpe': 1.4163401134162872, 'I_gpi': 1.8827910621608397, 'noise_stn_sigma': 7.280667040420299, 'noise_gpe_sigma': 124.33870934299529, 'noise_gpi_sigma': 82.14419309798953, 'g_stn_gpe_mult': 3.0124000115234493, 'g_gpe_stn_mult': 0.10292201695427153, 'g_stn_gpi_mult': 2.558046937563458, 'g_gpe_gpi_mult': 0.8614454054515737}. Best is trial 784 with value: 0.4423220480619076.
[I 2026-05-28 02:26:23,064] Trial 789 finished with value: 0.4605041921903115 and parameters: {'ISTN': 61.175158245330444, 'I_gpe': 1.3096698711382149, 'I_gpi': 2.0344126115876664, 'noise_stn_sigma': 6.596365585732748, 'noise_gpe_sigma': 123.75208307649012, 'noise_gpi_sigma': 92.07280017796853, 'g_stn_gpe_mult': 2.7702860267198997, 'g_gpe_stn_mult': 0.10658019703819037, 'g_stn_gpi_mult': 2.3084903944689685, 'g_gpe_gpi_mult': 0.8890001224227198}. Best is trial 784 with value: 0.4423220480619076.
[I 2026-05-28 02:26:24,073] Trial 790 finished with value: 0.45662160321258566 and parameters: {'ISTN': 60.54270033241207, 'I_gpe': 1.2667095733579077, 'I_gpi': 1.9900083301409184, 'noise_stn_sigma': 7.01970717505244, 'noise_gpe_sigma': 127.307010562481, 'noise_gpi_sigma': 87.50539320734596, 'g_stn_gpe_mult': 2.9557013390678275, 'g_gpe_stn_mult': 0.13443326885772716, 'g_stn_gpi_mult': 2.4707570644961496, 'g_gpe_gpi_mult': 0.8564776884580103}. Best is trial 784 with value: 0.4423220480619076.
[I 2026-05-28 02:26:25,080] Trial 791 finished with value: 0.45770218368972243 and parameters: {'ISTN': 61.70283713545781, 'I_gpe': 1.3406807666471634, 'I_gpi': 2.0133424391823977, 'noise_stn_sigma': 7.452594398571428, 'noise_gpe_sigma': 124.34555309303539, 'noise_gpi_sigma': 93.7843944904091, 'g_stn_gpe_mult': 3.1046428033485, 'g_gpe_stn_mult': 0.1011415034483993, 'g_stn_gpi_mult': 2.3551168839778414, 'g_gpe_gpi_mult': 0.9382313559563469}. Best is trial 784 with value: 0.4423220480619076.
