[I 2026-05-28 01:45:06,447] Trial 352 finished with value: 0.7958374513089475 and parameters: {'ISTN': 70.62431348103975, 'I_gpe': 0.9305964469633887, 'I_gpi': 1.4842547880309704, 'noise_stn_sigma': 6.655113213009062, 'noise_gpe_sigma': 84.94439634444105, 'noise_gpi_sigma': 134.87204692197395, 'g_stn_gpe_mult': 2.029697693529088, 'g_gpe_stn_mult': 0.14355086656936702, 'g_stn_gpi_mult': 3.033465173142888, 'g_gpe_gpi_mult': 0.6434521509173425}. Best is trial 209 with value: 0.38460119353143385.
[I 2026-05-28 01:45:07,454] Trial 353 finished with value: 0.6660864029173834 and parameters: {'ISTN': 68.91879555814938, 'I_gpe': 0.9314971461878514, 'I_gpi': 1.9224397401526743, 'noise_stn_sigma': 6.503620490319035, 'noise_gpe_sigma': 83.561355229262, 'noise_gpi_sigma': 124.96838272828603, 'g_stn_gpe_mult': 1.8683604211162192, 'g_gpe_stn_mult': 0.20063638258287486, 'g_stn_gpi_mult': 3.107485573231431, 'g_gpe_gpi_mult': 0.5789732386286273}. Best is trial 209 with value: 0.38460119353143385.
[I 2026-05-28 01:45:08,463] Trial 354 finished with value: 1.854224536634886 and parameters: {'ISTN': 70.93929873141299, 'I_gpe': 0.611929037841335, 'I_gpi': 1.3821232686136542, 'noise_stn_sigma': 7.331890269180546, 'noise_gpe_sigma': 86.8583614866564, 'noise_gpi_sigma': 134.94887073731678, 'g_stn_gpe_mult': 2.358924422757808, 'g_gpe_stn_mult': 0.1734713226622467, 'g_stn_gpi_mult': 2.9051119157897882, 'g_gpe_gpi_mult': 0.6515804313963411}. Best is trial 209 with value: 0.38460119353143385.
[I 2026-05-28 01:45:09,472] Trial 355 finished with value: 0.7686987304882905 and parameters: {'ISTN': 67.24087556630627, 'I_gpe': 0.9639374992416339, 'I_gpi': 1.7553314677433534, 'noise_stn_sigma': 6.562908749356113, 'noise_gpe_sigma': 87.97907324568172, 'noise_gpi_sigma': 119.75490678697899, 'g_stn_gpe_mult': 1.9401967238375728, 'g_gpe_stn_mult': 0.22392671400291544, 'g_stn_gpi_mult': 2.7892101072357462, 'g_gpe_gpi_mult': 0.590549403036777}. Best is trial 209 with value: 0.38460119353143385.
[I 2026-05-28 01:45:10,481] Trial 356 finished with value: 2.012120799724255 and parameters: {'ISTN': 68.09946282777881, 'I_gpe': 0.6296467288841741, 'I_gpi': 1.6500213161788995, 'noise_stn_sigma': 6.0178643168484305, 'noise_gpe_sigma': 81.44647407638988, 'noise_gpi_sigma': 140.96277043123925, 'g_stn_gpe_mult': 1.9200801123877098, 'g_gpe_stn_mult': 0.21997731081331648, 'g_stn_gpi_mult': 2.9165296608905398, 'g_gpe_gpi_mult': 0.6316397101563838}. Best is trial 209 with value: 0.38460119353143385.
[I 2026-05-28 01:45:11,488] Trial 357 finished with value: 1.1459897352581496 and parameters: {'ISTN': 61.915887500375135, 'I_gpe': 0.9343857452238956, 'I_gpi': 2.403743447089625, 'noise_stn_sigma': 6.151030752403655, 'noise_gpe_sigma': 81.05560315540424, 'noise_gpi_sigma': 127.68353178414301, 'g_stn_gpe_mult': 1.846274616562407, 'g_gpe_stn_mult': 0.21229353150793184, 'g_stn_gpi_mult': 2.7940200089496585, 'g_gpe_gpi_mult': 0.5547219543048589}. Best is trial 209 with value: 0.38460119353143385.
[I 2026-05-28 01:45:12,498] Trial 358 finished with value: 1.8281368035626109 and parameters: {'ISTN': 65.63730803492709, 'I_gpe': 1.192109109313149, 'I_gpi': 2.1809039478119976, 'noise_stn_sigma': 6.945145145857105, 'noise_gpe_sigma': 70.00939287004985, 'noise_gpi_sigma': 118.88896960293259, 'g_stn_gpe_mult': 2.4785037681483386, 'g_gpe_stn_mult': 0.14572564007598582, 'g_stn_gpi_mult': 2.8973708959589715, 'g_gpe_gpi_mult': 0.6505183762293028}. Best is trial 209 with value: 0.38460119353143385.
[I 2026-05-28 01:45:13,507] Trial 359 finished with value: 2.4804697986884134 and parameters: {'ISTN': 66.92996564102472, 'I_gpe': 1.277275630833493, 'I_gpi': 1.6446751787278775, 'noise_stn_sigma': 5.6037457126548205, 'noise_gpe_sigma': 95.69769896644388, 'noise_gpi_sigma': 132.9479478886425, 'g_stn_gpe_mult': 1.8307096237832072, 'g_gpe_stn_mult': 0.17850362913171716, 'g_stn_gpi_mult': 3.2438456666947495, 'g_gpe_gpi_mult': 0.7472580589635449}. Best is trial 209 with value: 0.38460119353143385.
[I 2026-05-28 01:45:14,517] Trial 360 finished with value: 0.6083038173313957 and parameters: {'ISTN': 68.6626087641021, 'I_gpe': 0.9832677068002098, 'I_gpi': 1.9001175699450852, 'noise_stn_sigma': 5.734740063500407, 'noise_gpe_sigma': 87.03032487742189, 'noise_gpi_sigma': 135.5621251739636, 'g_stn_gpe_mult': 2.1972570162263745, 'g_gpe_stn_mult': 0.17902444761383748, 'g_stn_gpi_mult': 3.1387711230604323, 'g_gpe_gpi_mult': 0.772337202212579}. Best is trial 209 with value: 0.38460119353143385.
[I 2026-05-28 01:45:15,526] Trial 361 finished with value: 1.6575002341824763 and parameters: {'ISTN': 74.75664012324818, 'I_gpe': 0.9575601326100529, 'I_gpi': 2.1182357292446357, 'noise_stn_sigma': 6.426108360343248, 'noise_gpe_sigma': 97.02787668914044, 'noise_gpi_sigma': 129.9813785764262, 'g_stn_gpe_mult': 2.128913912931915, 'g_gpe_stn_mult': 0.13893124642395582, 'g_stn_gpi_mult': 2.841690380850695, 'g_gpe_gpi_mult': 0.6657943503181591}. Best is trial 209 with value: 0.38460119353143385.
[I 2026-05-28 01:45:16,535] Trial 362 finished with value: 1.1773612072967983 and parameters: {'ISTN': 66.01820724590681, 'I_gpe': 0.8298676807185906, 'I_gpi': 1.2752686888700302, 'noise_stn_sigma': 6.693932554350746, 'noise_gpe_sigma': 101.7577135260516, 'noise_gpi_sigma': 131.06369028947728, 'g_stn_gpe_mult': 2.1501516795137983, 'g_gpe_stn_mult': 0.19226968988915197, 'g_stn_gpi_mult': 2.768295405140889, 'g_gpe_gpi_mult': 0.6500682691116408}. Best is trial 209 with value: 0.38460119353143385.
[I 2026-05-28 01:45:17,544] Trial 363 finished with value: 1.953278058737389 and parameters: {'ISTN': 61.61813485368144, 'I_gpe': 1.2760355937693153, 'I_gpi': 2.100762653303934, 'noise_stn_sigma': 5.946570778333924, 'noise_gpe_sigma': 80.68698990087017, 'noise_gpi_sigma': 143.58672293341994, 'g_stn_gpe_mult': 2.1774082802616372, 'g_gpe_stn_mult': 0.27091049672839634, 'g_stn_gpi_mult': 3.0252218339830557, 'g_gpe_gpi_mult': 0.6907344328379836}. Best is trial 209 with value: 0.38460119353143385.
[I 2026-05-28 01:45:18,553] Trial 364 finished with value: 1.9359356271979244 and parameters: {'ISTN': 71.79322602768777, 'I_gpe': 1.0547802265982378, 'I_gpi': 1.5135154018835535, 'noise_stn_sigma': 5.74065380737868, 'noise_gpe_sigma': 88.60356321457358, 'noise_gpi_sigma': 126.525587186316, 'g_stn_gpe_mult': 1.9446726693784113, 'g_gpe_stn_mult': 0.15198367190338388, 'g_stn_gpi_mult': 2.9100861377235514, 'g_gpe_gpi_mult': 0.7161259670236577}. Best is trial 209 with value: 0.38460119353143385.
[I 2026-05-28 01:45:19,561] Trial 365 finished with value: 1.8014285023993493 and parameters: {'ISTN': 63.379070489656115, 'I_gpe': 0.9060831275546903, 'I_gpi': 1.9655149111682757, 'noise_stn_sigma': 5.85792793299763, 'noise_gpe_sigma': 86.1686576713728, 'noise_gpi_sigma': 129.16132664143254, 'g_stn_gpe_mult': 2.1448751419264918, 'g_gpe_stn_mult': 0.21957382749370263, 'g_stn_gpi_mult': 3.314401780363821, 'g_gpe_gpi_mult': 0.6600992521776567}. Best is trial 209 with value: 0.38460119353143385.
[I 2026-05-28 01:45:20,570] Trial 366 finished with value: 1.7919172492845408 and parameters: {'ISTN': 72.9964215802724, 'I_gpe': 0.9351782560171056, 'I_gpi': 2.076407197012779, 'noise_stn_sigma': 6.258483179483866, 'noise_gpe_sigma': 92.75532646232091, 'noise_gpi_sigma': 138.46012178269746, 'g_stn_gpe_mult': 1.9228836566793788, 'g_gpe_stn_mult': 0.2367860332798588, 'g_stn_gpi_mult': 3.1176645985690437, 'g_gpe_gpi_mult': 0.6128292712757748}. Best is trial 209 with value: 0.38460119353143385.
[I 2026-05-28 01:45:21,580] Trial 367 finished with value: 1.1744363798342 and parameters: {'ISTN': 63.7149585709116, 'I_gpe': 0.9624233747429737, 'I_gpi': 1.6611352086391526, 'noise_stn_sigma': 6.276573796729004, 'noise_gpe_sigma': 86.57410262515444, 'noise_gpi_sigma': 130.88636209057339, 'g_stn_gpe_mult': 1.8946834417661922, 'g_gpe_stn_mult': 0.1440726686283187, 'g_stn_gpi_mult': 3.106911312871518, 'g_gpe_gpi_mult': 0.6736823374182541}. Best is trial 209 with value: 0.38460119353143385.
[I 2026-05-28 01:45:22,591] Trial 368 finished with value: 1.9663038698431112 and parameters: {'ISTN': 68.83152200597928, 'I_gpe': 1.0777260750968152, 'I_gpi': 2.1011419434963026, 'noise_stn_sigma': 5.704234108014786, 'noise_gpe_sigma': 74.45097995992954, 'noise_gpi_sigma': 125.59973358375021, 'g_stn_gpe_mult': 2.257186460772857, 'g_gpe_stn_mult': 0.15213397643671572, 'g_stn_gpi_mult': 3.2336822627651083, 'g_gpe_gpi_mult': 0.631744740337677}. Best is trial 209 with value: 0.38460119353143385.
[I 2026-05-28 01:45:23,600] Trial 369 finished with value: 0.7429867900197822 and parameters: {'ISTN': 72.17796297854315, 'I_gpe': 0.7601104396005529, 'I_gpi': 1.9569921334903697, 'noise_stn_sigma': 5.997870790387869, 'noise_gpe_sigma': 86.96102621759, 'noise_gpi_sigma': 139.01973038751973, 'g_stn_gpe_mult': 1.9679281405401268, 'g_gpe_stn_mult': 0.1392844550091724, 'g_stn_gpi_mult': 3.0996819645528833, 'g_gpe_gpi_mult': 0.6296007408681643}. Best is trial 209 with value: 0.38460119353143385.
[I 2026-05-28 01:45:24,610] Trial 370 finished with value: 0.5055831587850923 and parameters: {'ISTN': 64.87460169709955, 'I_gpe': 0.7760589726866745, 'I_gpi': 1.7765113622477053, 'noise_stn_sigma': 6.532472105485536, 'noise_gpe_sigma': 89.82807342768346, 'noise_gpi_sigma': 115.66227303673007, 'g_stn_gpe_mult': 2.2994375298231606, 'g_gpe_stn_mult': 0.2476306302352718, 'g_stn_gpi_mult': 3.0039277805367526, 'g_gpe_gpi_mult': 0.7376154600097036}. Best is trial 209 with value: 0.38460119353143385.
[I 2026-05-28 01:45:25,619] Trial 371 finished with value: 0.6750889493557111 and parameters: {'ISTN': 68.87681577406252, 'I_gpe': 0.9151469930732179, 'I_gpi': 2.0299490759096868, 'noise_stn_sigma': 6.005675371392932, 'noise_gpe_sigma': 85.27176026569398, 'noise_gpi_sigma': 136.96091842945452, 'g_stn_gpe_mult': 2.1563819431591127, 'g_gpe_stn_mult': 0.18685194359678098, 'g_stn_gpi_mult': 3.0225911783830712, 'g_gpe_gpi_mult': 0.6474941892997308}. Best is trial 209 with value: 0.38460119353143385.
[I 2026-05-28 01:45:26,626] Trial 372 finished with value: 1.6929086751680678 and parameters: {'ISTN': 70.6281208120098, 'I_gpe': 0.6581850756538645, 'I_gpi': 1.832343302056012, 'noise_stn_sigma': 6.456654822641164, 'noise_gpe_sigma': 91.31197301284378, 'noise_gpi_sigma': 117.41656304257059, 'g_stn_gpe_mult': 2.199378691197, 'g_gpe_stn_mult': 0.19225071612157613, 'g_stn_gpi_mult': 3.059408384758528, 'g_gpe_gpi_mult': 0.6717509926902877}. Best is trial 209 with value: 0.38460119353143385.
[I 2026-05-28 01:45:27,637] Trial 373 finished with value: 1.3153333000435583 and parameters: {'ISTN': 65.19018057252666, 'I_gpe': 0.610216909707262, 'I_gpi': 2.03433937713247, 'noise_stn_sigma': 7.311535915921773, 'noise_gpe_sigma': 82.99682423459038, 'noise_gpi_sigma': 113.54973269842618, 'g_stn_gpe_mult': 2.2040748884662413, 'g_gpe_stn_mult': 0.22971621903268727, 'g_stn_gpi_mult': 3.1559766290917666, 'g_gpe_gpi_mult': 0.69282194758763}. Best is trial 209 with value: 0.38460119353143385.
[I 2026-05-28 01:45:28,646] Trial 374 finished with value: 1.2337316428318448 and parameters: {'ISTN': 70.48086065368558, 'I_gpe': 0.6726575104183308, 'I_gpi': 2.0525211086620136, 'noise_stn_sigma': 6.254842826118717, 'noise_gpe_sigma': 89.21189316219684, 'noise_gpi_sigma': 128.3150901765616, 'g_stn_gpe_mult': 2.0505068130040587, 'g_gpe_stn_mult': 0.14402769517747288, 'g_stn_gpi_mult': 2.878589709904244, 'g_gpe_gpi_mult': 0.6459705495636017}. Best is trial 209 with value: 0.38460119353143385.
[I 2026-05-28 01:45:29,651] Trial 375 finished with value: 0.9152277396390652 and parameters: {'ISTN': 61.77649062310029, 'I_gpe': 0.9252256109202149, 'I_gpi': 1.9741782070853242, 'noise_stn_sigma': 6.089068007514622, 'noise_gpe_sigma': 86.97232251553238, 'noise_gpi_sigma': 116.67344014146502, 'g_stn_gpe_mult': 1.6889167481849507, 'g_gpe_stn_mult': 0.2152084222715659, 'g_stn_gpi_mult': 3.3063456357650867, 'g_gpe_gpi_mult': 0.6602158693617957}. Best is trial 209 with value: 0.38460119353143385.
[I 2026-05-28 01:45:30,659] Trial 376 finished with value: 1.1569592643924693 and parameters: {'ISTN': 63.29507214779202, 'I_gpe': 0.97660876225909, 'I_gpi': 1.3608509703488125, 'noise_stn_sigma': 6.166851625270261, 'noise_gpe_sigma': 85.54340725410516, 'noise_gpi_sigma': 123.84218829800375, 'g_stn_gpe_mult': 2.0268161537437503, 'g_gpe_stn_mult': 0.19322658363439607, 'g_stn_gpi_mult': 3.104503625391494, 'g_gpe_gpi_mult': 0.6929716699318256}. Best is trial 209 with value: 0.38460119353143385.
[I 2026-05-28 01:45:31,665] Trial 377 finished with value: 1.1124480602207798 and parameters: {'ISTN': 66.61534465992344, 'I_gpe': 0.7974210297283587, 'I_gpi': 1.927282213906417, 'noise_stn_sigma': 6.555050798707734, 'noise_gpe_sigma': 91.05773774956842, 'noise_gpi_sigma': 133.42598111255114, 'g_stn_gpe_mult': 1.8612536759910676, 'g_gpe_stn_mult': 0.17577648595325848, 'g_stn_gpi_mult': 3.3712393913915126, 'g_gpe_gpi_mult': 0.6283954149294972}. Best is trial 209 with value: 0.38460119353143385.
[I 2026-05-28 01:45:32,673] Trial 378 finished with value: 1.198896964642863 and parameters: {'ISTN': 69.79645120557254, 'I_gpe': 0.8616984506305552, 'I_gpi': 2.08245145126146, 'noise_stn_sigma': 5.91594739663846, 'noise_gpe_sigma': 100.23340175303711, 'noise_gpi_sigma': 123.88148637371467, 'g_stn_gpe_mult': 1.8914864204228166, 'g_gpe_stn_mult': 0.21937545154832455, 'g_stn_gpi_mult': 3.160006008831946, 'g_gpe_gpi_mult': 0.6100744174701229}. Best is trial 209 with value: 0.38460119353143385.
[I 2026-05-28 01:45:33,684] Trial 379 finished with value: 1.2493361629632136 and parameters: {'ISTN': 71.72337007067597, 'I_gpe': 0.8501881772339357, 'I_gpi': 1.798450981498529, 'noise_stn_sigma': 6.215649580795189, 'noise_gpe_sigma': 94.74608355240136, 'noise_gpi_sigma': 124.96057315729948, 'g_stn_gpe_mult': 2.2019766119488695, 'g_gpe_stn_mult': 0.16110258230271046, 'g_stn_gpi_mult': 2.815722998107068, 'g_gpe_gpi_mult': 0.7120929757491641}. Best is trial 209 with value: 0.38460119353143385.
[I 2026-05-28 01:45:34,631] Trial 380 finished with value: 1000000.0 and parameters: {'ISTN': 66.52624670248629, 'I_gpe': 0.8994384920186125, 'I_gpi': 1.8516873269974432, 'noise_stn_sigma': 6.483246465909875, 'noise_gpe_sigma': 90.07058642745955, 'noise_gpi_sigma': 120.97803720792135, 'g_stn_gpe_mult': 2.0698494933725224, 'g_gpe_stn_mult': 0.187279486391576, 'g_stn_gpi_mult': 3.0552274846613012, 'g_gpe_gpi_mult': 0.7737729873661396}. Best is trial 209 with value: 0.38460119353143385.
[I 2026-05-28 01:45:35,643] Trial 381 finished with value: 0.3870215082448106 and parameters: {'ISTN': 64.95219875481693, 'I_gpe': 0.7604920614926082, 'I_gpi': 2.1056748659355993, 'noise_stn_sigma': 5.611430974528291, 'noise_gpe_sigma': 87.38333472543896, 'noise_gpi_sigma': 119.76906757794389, 'g_stn_gpe_mult': 1.9056694654491018, 'g_gpe_stn_mult': 0.17247014589288256, 'g_stn_gpi_mult': 3.153863943116608, 'g_gpe_gpi_mult': 0.6311050129412589}. Best is trial 209 with value: 0.38460119353143385.
[I 2026-05-28 01:45:36,650] Trial 382 finished with value: 2.8298972554298807 and parameters: {'ISTN': 70.87948491998321, 'I_gpe': 1.0211374818968024, 'I_gpi': 1.7884627804617304, 'noise_stn_sigma': 6.6610085620867, 'noise_gpe_sigma': 88.90743790385783, 'noise_gpi_sigma': 122.24745173979393, 'g_stn_gpe_mult': 2.0617957836855707, 'g_gpe_stn_mult': 0.21813259748783795, 'g_stn_gpi_mult': 3.0742293644893133, 'g_gpe_gpi_mult': 0.5837650935867295}. Best is trial 209 with value: 0.38460119353143385.
[I 2026-05-28 01:45:37,657] Trial 383 finished with value: 1.8995057193308837 and parameters: {'ISTN': 68.28072323405708, 'I_gpe': 1.0855667137717397, 'I_gpi': 1.8883795828077186, 'noise_stn_sigma': 6.568982425368723, 'noise_gpe_sigma': 80.58456358321314, 'noise_gpi_sigma': 140.33591119863738, 'g_stn_gpe_mult': 1.8222482218374059, 'g_gpe_stn_mult': 0.23029500568198383, 'g_stn_gpi_mult': 3.322788942016823, 'g_gpe_gpi_mult': 0.6180015554903517}. Best is trial 209 with value: 0.38460119353143385.
[I 2026-05-28 01:45:38,666] Trial 384 finished with value: 1.9705380764765354 and parameters: {'ISTN': 66.26449437195978, 'I_gpe': 0.9189625327706453, 'I_gpi': 2.2253654518000223, 'noise_stn_sigma': 6.15693207509706, 'noise_gpe_sigma': 84.56570359911099, 'noise_gpi_sigma': 135.94170987508016, 'g_stn_gpe_mult': 2.0278985513751424, 'g_gpe_stn_mult': 0.1707837981877953, 'g_stn_gpi_mult': 3.3471862704435953, 'g_gpe_gpi_mult': 0.6482464411693563}. Best is trial 209 with value: 0.38460119353143385.
[I 2026-05-28 01:45:39,673] Trial 385 finished with value: 0.7481265709773924 and parameters: {'ISTN': 70.42514533422315, 'I_gpe': 0.9562367066743283, 'I_gpi': 1.8216787426004561, 'noise_stn_sigma': 6.012293475618016, 'noise_gpe_sigma': 87.93962926036099, 'noise_gpi_sigma': 133.39557114735152, 'g_stn_gpe_mult': 2.180028040151175, 'g_gpe_stn_mult': 0.14303971018689055, 'g_stn_gpi_mult': 3.2898095437149593, 'g_gpe_gpi_mult': 0.6807704154866202}. Best is trial 209 with value: 0.38460119353143385.
[I 2026-05-28 01:45:40,680] Trial 386 finished with value: 0.9213514158825131 and parameters: {'ISTN': 64.6114259036491, 'I_gpe': 1.0139811996232586, 'I_gpi': 1.595094342744486, 'noise_stn_sigma': 6.14603522941805, 'noise_gpe_sigma': 85.92063743819084, 'noise_gpi_sigma': 125.3050306960994, 'g_stn_gpe_mult': 1.9021943986804566, 'g_gpe_stn_mult': 0.2351805719084542, 'g_stn_gpi_mult': 3.3060552044053804, 'g_gpe_gpi_mult': 0.8087694953300801}. Best is trial 209 with value: 0.38460119353143385.
[I 2026-05-28 01:45:41,685] Trial 387 finished with value: 0.5962096796570635 and parameters: {'ISTN': 69.38603125396013, 'I_gpe': 0.9793542636788476, 'I_gpi': 1.963210718033276, 'noise_stn_sigma': 6.09290910998941, 'noise_gpe_sigma': 81.08743068341987, 'noise_gpi_sigma': 123.09473587662997, 'g_stn_gpe_mult': 1.9725174868629891, 'g_gpe_stn_mult': 0.18406932053235753, 'g_stn_gpi_mult': 2.99993311336971, 'g_gpe_gpi_mult': 0.6553507433336365}. Best is trial 209 with value: 0.38460119353143385.
[I 2026-05-28 01:45:42,694] Trial 388 finished with value: 2.7352872287506154 and parameters: {'ISTN': 72.1722075122191, 'I_gpe': 0.7470313536915447, 'I_gpi': 2.289026959113658, 'noise_stn_sigma': 5.596004613298847, 'noise_gpe_sigma': 94.22026606507589, 'noise_gpi_sigma': 137.36187311374604, 'g_stn_gpe_mult': 1.7555901657932926, 'g_gpe_stn_mult': 0.21917108281166603, 'g_stn_gpi_mult': 3.1710506766158266, 'g_gpe_gpi_mult': 0.6031605967536338}. Best is trial 209 with value: 0.38460119353143385.
[I 2026-05-28 01:45:43,702] Trial 389 finished with value: 0.6515995284673073 and parameters: {'ISTN': 61.1769682436722, 'I_gpe': 0.9083515398764596, 'I_gpi': 2.182402913895433, 'noise_stn_sigma': 5.642060792511166, 'noise_gpe_sigma': 93.29804015449436, 'noise_gpi_sigma': 115.29840788535172, 'g_stn_gpe_mult': 1.9096131393630662, 'g_gpe_stn_mult': 0.1566351386713517, 'g_stn_gpi_mult': 3.1992921737981317, 'g_gpe_gpi_mult': 0.6480056933653746}. Best is trial 209 with value: 0.38460119353143385.
[I 2026-05-28 01:45:44,711] Trial 390 finished with value: 2.4981994216866266 and parameters: {'ISTN': 65.6570730690579, 'I_gpe': 1.1841474217848655, 'I_gpi': 1.6065903248609852, 'noise_stn_sigma': 5.754233950766945, 'noise_gpe_sigma': 88.03325332620146, 'noise_gpi_sigma': 126.51828488488117, 'g_stn_gpe_mult': 2.35146423399949, 'g_gpe_stn_mult': 0.19537976639379828, 'g_stn_gpi_mult': 3.0833580726507677, 'g_gpe_gpi_mult': 0.7073912767073121}. Best is trial 209 with value: 0.38460119353143385.
[I 2026-05-28 01:45:45,723] Trial 391 finished with value: 1.2839389866479691 and parameters: {'ISTN': 68.71551213043406, 'I_gpe': 0.9588347936634296, 'I_gpi': 2.0864402187084092, 'noise_stn_sigma': 5.619880438103287, 'noise_gpe_sigma': 84.41031675115873, 'noise_gpi_sigma': 124.41642055967209, 'g_stn_gpe_mult': 2.0401390931705023, 'g_gpe_stn_mult': 0.18128682126589113, 'g_stn_gpi_mult': 3.284568347480439, 'g_gpe_gpi_mult': 0.6143396027606923}. Best is trial 209 with value: 0.38460119353143385.
[I 2026-05-28 01:45:46,732] Trial 392 finished with value: 0.2905399340396012 and parameters: {'ISTN': 64.54696378434618, 'I_gpe': 0.8979921720009286, 'I_gpi': 2.184179198300873, 'noise_stn_sigma': 5.2626741261060825, 'noise_gpe_sigma': 85.39284808781271, 'noise_gpi_sigma': 115.87353949275575, 'g_stn_gpe_mult': 2.6080287460643685, 'g_gpe_stn_mult': 0.14921046760521506, 'g_stn_gpi_mult': 3.554866794811784, 'g_gpe_gpi_mult': 0.7865916522501954}. Best is trial 392 with value: 0.2905399340396012.
[I 2026-05-28 01:45:47,742] Trial 393 finished with value: 0.5462272980558059 and parameters: {'ISTN': 62.22732094182094, 'I_gpe': 0.7823612479484254, 'I_gpi': 1.926918629713167, 'noise_stn_sigma': 5.998949231022218, 'noise_gpe_sigma': 84.94056513253473, 'noise_gpi_sigma': 128.49827101435255, 'g_stn_gpe_mult': 2.4905888021935585, 'g_gpe_stn_mult': 0.18190461885381476, 'g_stn_gpi_mult': 2.9214145809622636, 'g_gpe_gpi_mult': 0.7299299959734016}. Best is trial 392 with value: 0.2905399340396012.
[I 2026-05-28 01:45:48,753] Trial 394 finished with value: 2.0622937239953023 and parameters: {'ISTN': 64.99393341358247, 'I_gpe': 0.9898736116662492, 'I_gpi': 1.9597579414479949, 'noise_stn_sigma': 6.312456290147574, 'noise_gpe_sigma': 81.21022626571333, 'noise_gpi_sigma': 117.13275204515615, 'g_stn_gpe_mult': 1.9992333447663908, 'g_gpe_stn_mult': 0.21147001751657413, 'g_stn_gpi_mult': 3.319008760056966, 'g_gpe_gpi_mult': 0.6145469076115977}. Best is trial 392 with value: 0.2905399340396012.
[I 2026-05-28 01:45:49,763] Trial 395 finished with value: 0.8795305096041388 and parameters: {'ISTN': 62.68113285777289, 'I_gpe': 0.93014403718475, 'I_gpi': 2.139003860140859, 'noise_stn_sigma': 6.130411643020204, 'noise_gpe_sigma': 85.70933644149196, 'noise_gpi_sigma': 126.63317611462193, 'g_stn_gpe_mult': 1.926728772953877, 'g_gpe_stn_mult': 0.16728095671462218, 'g_stn_gpi_mult': 2.9632576240131465, 'g_gpe_gpi_mult': 0.594276460233035}. Best is trial 392 with value: 0.2905399340396012.
