[I 2026-05-28 02:27:54,754] Trial 880 finished with value: 0.4631752402269219 and parameters: {'ISTN': 61.32417909914448, 'I_gpe': 1.440017896665591, 'I_gpi': 2.081682579850341, 'noise_stn_sigma': 7.827172996977701, 'noise_gpe_sigma': 117.97787818090494, 'noise_gpi_sigma': 85.20842821048717, 'g_stn_gpe_mult': 3.262787292612975, 'g_gpe_stn_mult': 0.10346919291242974, 'g_stn_gpi_mult': 2.429025993074511, 'g_gpe_gpi_mult': 0.9549386883220781}. Best is trial 860 with value: 0.4268151930046278.
[I 2026-05-28 02:27:55,765] Trial 881 finished with value: 0.4381883255368296 and parameters: {'ISTN': 60.586661885591894, 'I_gpe': 1.3577983598145313, 'I_gpi': 2.2109970190836843, 'noise_stn_sigma': 7.84359074307128, 'noise_gpe_sigma': 122.24320057081833, 'noise_gpi_sigma': 87.40508326528895, 'g_stn_gpe_mult': 3.2877299128422273, 'g_gpe_stn_mult': 0.10523551614509817, 'g_stn_gpi_mult': 2.3898682578306882, 'g_gpe_gpi_mult': 0.9038486548140512}. Best is trial 860 with value: 0.4268151930046278.
[I 2026-05-28 02:27:56,772] Trial 882 finished with value: 0.4806655546959653 and parameters: {'ISTN': 60.142596661411254, 'I_gpe': 1.3758477255248085, 'I_gpi': 2.043628678938014, 'noise_stn_sigma': 7.627956236746368, 'noise_gpe_sigma': 119.7276659684124, 'noise_gpi_sigma': 86.3187030056371, 'g_stn_gpe_mult': 3.2244988602568485, 'g_gpe_stn_mult': 0.11735370257320517, 'g_stn_gpi_mult': 2.537336896126846, 'g_gpe_gpi_mult': 0.9304712900436602}. Best is trial 860 with value: 0.4268151930046278.
[I 2026-05-28 02:27:57,780] Trial 883 finished with value: 0.44183404438312335 and parameters: {'ISTN': 61.04538017944427, 'I_gpe': 1.325986816774536, 'I_gpi': 2.134450471599152, 'noise_stn_sigma': 7.899442920807205, 'noise_gpe_sigma': 123.73111414096903, 'noise_gpi_sigma': 84.03162145410553, 'g_stn_gpe_mult': 3.1844435789936143, 'g_gpe_stn_mult': 0.11336489610676735, 'g_stn_gpi_mult': 2.414720357381484, 'g_gpe_gpi_mult': 0.9030998037654954}. Best is trial 860 with value: 0.4268151930046278.
[I 2026-05-28 02:27:58,789] Trial 884 finished with value: 0.43269037174119296 and parameters: {'ISTN': 60.43143010532442, 'I_gpe': 1.436709166189436, 'I_gpi': 1.9873695459489333, 'noise_stn_sigma': 7.885270316622693, 'noise_gpe_sigma': 119.75406211589481, 'noise_gpi_sigma': 82.69855969950595, 'g_stn_gpe_mult': 3.1534162834491397, 'g_gpe_stn_mult': 0.11077111862144425, 'g_stn_gpi_mult': 2.49451194868059, 'g_gpe_gpi_mult': 0.9172822443184241}. Best is trial 860 with value: 0.4268151930046278.
[I 2026-05-28 02:27:59,798] Trial 885 finished with value: 0.4477191226074857 and parameters: {'ISTN': 61.42488499670471, 'I_gpe': 1.3490418417978827, 'I_gpi': 2.004547698767862, 'noise_stn_sigma': 7.942692987015833, 'noise_gpe_sigma': 123.67690638528867, 'noise_gpi_sigma': 86.77765542919875, 'g_stn_gpe_mult': 3.2365828361509035, 'g_gpe_stn_mult': 0.10497056991284041, 'g_stn_gpi_mult': 2.444537147796611, 'g_gpe_gpi_mult': 0.9021240191767543}. Best is trial 860 with value: 0.4268151930046278.
[I 2026-05-28 02:28:00,806] Trial 886 finished with value: 0.4444772612728758 and parameters: {'ISTN': 60.21252127849314, 'I_gpe': 1.4155190784243825, 'I_gpi': 2.1702981174521874, 'noise_stn_sigma': 7.830255080843778, 'noise_gpe_sigma': 120.11689728485106, 'noise_gpi_sigma': 88.23148695222058, 'g_stn_gpe_mult': 3.117109584087218, 'g_gpe_stn_mult': 0.10674811011701608, 'g_stn_gpi_mult': 2.4472873735086327, 'g_gpe_gpi_mult': 0.9260910236756432}. Best is trial 860 with value: 0.4268151930046278.
[I 2026-05-28 02:28:01,814] Trial 887 finished with value: 0.43234399114396643 and parameters: {'ISTN': 60.61934317265347, 'I_gpe': 1.4063367833107172, 'I_gpi': 2.123880276043762, 'noise_stn_sigma': 7.858089135610765, 'noise_gpe_sigma': 121.26815349462049, 'noise_gpi_sigma': 86.58762124018732, 'g_stn_gpe_mult': 3.2346091088467874, 'g_gpe_stn_mult': 0.11193346128973314, 'g_stn_gpi_mult': 2.47180652668178, 'g_gpe_gpi_mult': 0.9051730334274231}. Best is trial 860 with value: 0.4268151930046278.
[I 2026-05-28 02:28:02,823] Trial 888 finished with value: 0.5151781387307874 and parameters: {'ISTN': 60.774564474234936, 'I_gpe': 1.3894163941602091, 'I_gpi': 2.3458361020182616, 'noise_stn_sigma': 7.487058406985567, 'noise_gpe_sigma': 121.75434157344951, 'noise_gpi_sigma': 85.78595315496975, 'g_stn_gpe_mult': 3.2028934413738557, 'g_gpe_stn_mult': 0.10981619980511817, 'g_stn_gpi_mult': 2.3838105483870677, 'g_gpe_gpi_mult': 0.9043339995259032}. Best is trial 860 with value: 0.4268151930046278.
[I 2026-05-28 02:28:03,833] Trial 889 finished with value: 0.43612680205218235 and parameters: {'ISTN': 61.04607123513781, 'I_gpe': 1.3633199750207137, 'I_gpi': 2.13080027375831, 'noise_stn_sigma': 7.895488423779448, 'noise_gpe_sigma': 121.74860655441124, 'noise_gpi_sigma': 86.18829992299864, 'g_stn_gpe_mult': 3.207117959601254, 'g_gpe_stn_mult': 0.1084621802144661, 'g_stn_gpi_mult': 2.4021070546339223, 'g_gpe_gpi_mult': 0.9028131967558901}. Best is trial 860 with value: 0.4268151930046278.
[I 2026-05-28 02:28:04,841] Trial 890 finished with value: 0.45309753452726603 and parameters: {'ISTN': 60.640373718329286, 'I_gpe': 1.3734844066441136, 'I_gpi': 2.1181041920482957, 'noise_stn_sigma': 7.979091441669567, 'noise_gpe_sigma': 119.82353885582957, 'noise_gpi_sigma': 88.72682046043097, 'g_stn_gpe_mult': 3.210530219713915, 'g_gpe_stn_mult': 0.11211541626386226, 'g_stn_gpi_mult': 2.4342006341953475, 'g_gpe_gpi_mult': 0.9253708983146829}. Best is trial 860 with value: 0.4268151930046278.
[I 2026-05-28 02:28:05,851] Trial 891 finished with value: 0.4264099727726601 and parameters: {'ISTN': 60.28867707175606, 'I_gpe': 1.3696040897400958, 'I_gpi': 2.1617480672755622, 'noise_stn_sigma': 7.600318024750002, 'noise_gpe_sigma': 119.46356013725703, 'noise_gpi_sigma': 88.65087395473617, 'g_stn_gpe_mult': 3.2819844235851754, 'g_gpe_stn_mult': 0.10525410773422876, 'g_stn_gpi_mult': 2.4166739807290236, 'g_gpe_gpi_mult': 0.8934922783981325}. Best is trial 891 with value: 0.4264099727726601.
[I 2026-05-28 02:28:06,857] Trial 892 finished with value: 0.4547607360597623 and parameters: {'ISTN': 60.15334068602061, 'I_gpe': 1.461637625843448, 'I_gpi': 2.1761742307716476, 'noise_stn_sigma': 7.745771734597473, 'noise_gpe_sigma': 123.08514713158415, 'noise_gpi_sigma': 84.38921472493924, 'g_stn_gpe_mult': 3.0946546620029216, 'g_gpe_stn_mult': 0.1254311291613754, 'g_stn_gpi_mult': 2.456214384424265, 'g_gpe_gpi_mult': 0.8852658452768372}. Best is trial 891 with value: 0.4264099727726601.
[I 2026-05-28 02:28:07,863] Trial 893 finished with value: 0.4527673240911838 and parameters: {'ISTN': 60.853372152942875, 'I_gpe': 1.3768758379985304, 'I_gpi': 2.037885356740063, 'noise_stn_sigma': 7.834415686251547, 'noise_gpe_sigma': 122.39207184010314, 'noise_gpi_sigma': 84.42570679498492, 'g_stn_gpe_mult': 3.2522847855495236, 'g_gpe_stn_mult': 0.11178974787600042, 'g_stn_gpi_mult': 2.4400055579847275, 'g_gpe_gpi_mult': 0.893393487290076}. Best is trial 891 with value: 0.4264099727726601.
[I 2026-05-28 02:28:08,870] Trial 894 finished with value: 0.4820899956034208 and parameters: {'ISTN': 60.622897084656536, 'I_gpe': 1.4073595246689323, 'I_gpi': 2.1550405299094932, 'noise_stn_sigma': 7.7597713074761625, 'noise_gpe_sigma': 121.50874151080676, 'noise_gpi_sigma': 83.74165496238365, 'g_stn_gpe_mult': 3.136838841496096, 'g_gpe_stn_mult': 0.1054019090464877, 'g_stn_gpi_mult': 2.4478888465926305, 'g_gpe_gpi_mult': 0.8953093587125933}. Best is trial 891 with value: 0.4264099727726601.
[I 2026-05-28 02:28:09,877] Trial 895 finished with value: 0.4379913469371106 and parameters: {'ISTN': 60.31088539350031, 'I_gpe': 1.406117594402565, 'I_gpi': 2.0845205394664124, 'noise_stn_sigma': 7.61233874644962, 'noise_gpe_sigma': 122.31845569244926, 'noise_gpi_sigma': 89.464302840735, 'g_stn_gpe_mult': 3.074239359598211, 'g_gpe_stn_mult': 0.1170361136765561, 'g_stn_gpi_mult': 2.494907814227462, 'g_gpe_gpi_mult': 0.923958364476595}. Best is trial 891 with value: 0.4264099727726601.
[I 2026-05-28 02:28:10,886] Trial 896 finished with value: 0.4375338963930558 and parameters: {'ISTN': 60.06902469551226, 'I_gpe': 1.3677699219057462, 'I_gpi': 2.2417050102917733, 'noise_stn_sigma': 7.7410231594433645, 'noise_gpe_sigma': 123.85934850067513, 'noise_gpi_sigma': 89.6818989964479, 'g_stn_gpe_mult': 3.3255499774093398, 'g_gpe_stn_mult': 0.1225481139795127, 'g_stn_gpi_mult': 2.471891855584521, 'g_gpe_gpi_mult': 0.9167586641171943}. Best is trial 891 with value: 0.4264099727726601.
[I 2026-05-28 02:28:11,894] Trial 897 finished with value: 0.46895927471448795 and parameters: {'ISTN': 61.13629573597543, 'I_gpe': 1.4082770690175037, 'I_gpi': 2.207174401737408, 'noise_stn_sigma': 7.7906681090550585, 'noise_gpe_sigma': 117.41092259675031, 'noise_gpi_sigma': 88.55095696437441, 'g_stn_gpe_mult': 3.2409350673607453, 'g_gpe_stn_mult': 0.10103554142028552, 'g_stn_gpi_mult': 2.416799980471425, 'g_gpe_gpi_mult': 0.9318920894805844}. Best is trial 891 with value: 0.4264099727726601.
[I 2026-05-28 02:28:12,904] Trial 898 finished with value: 0.4255110565664852 and parameters: {'ISTN': 60.21740544449408, 'I_gpe': 1.3668268335636677, 'I_gpi': 2.0816768475318908, 'noise_stn_sigma': 7.807316706561249, 'noise_gpe_sigma': 120.808076927753, 'noise_gpi_sigma': 87.04716118833979, 'g_stn_gpe_mult': 3.180871830425385, 'g_gpe_stn_mult': 0.12094717723001518, 'g_stn_gpi_mult': 2.403634792420331, 'g_gpe_gpi_mult': 0.8954253749186605}. Best is trial 898 with value: 0.4255110565664852.
[I 2026-05-28 02:28:13,913] Trial 899 finished with value: 0.4411573818082975 and parameters: {'ISTN': 60.546752304262924, 'I_gpe': 1.3370378147921336, 'I_gpi': 2.002993075195891, 'noise_stn_sigma': 7.578428225134932, 'noise_gpe_sigma': 122.78329024832969, 'noise_gpi_sigma': 90.56488253915708, 'g_stn_gpe_mult': 3.233235540236943, 'g_gpe_stn_mult': 0.11880341282785101, 'g_stn_gpi_mult': 2.4809717385153807, 'g_gpe_gpi_mult': 0.9314460237637192}. Best is trial 898 with value: 0.4255110565664852.
[I 2026-05-28 02:28:14,923] Trial 900 finished with value: 0.4492085154784431 and parameters: {'ISTN': 60.73153387768837, 'I_gpe': 1.3995841053413944, 'I_gpi': 2.0443655612176106, 'noise_stn_sigma': 7.673285251908514, 'noise_gpe_sigma': 119.04690166730283, 'noise_gpi_sigma': 83.07283746549322, 'g_stn_gpe_mult': 3.0366032312355755, 'g_gpe_stn_mult': 0.11833743420463869, 'g_stn_gpi_mult': 2.4627140514614045, 'g_gpe_gpi_mult': 0.9196489332836171}. Best is trial 898 with value: 0.4255110565664852.
[I 2026-05-28 02:28:15,930] Trial 901 finished with value: 0.4583449045424427 and parameters: {'ISTN': 60.290598961108856, 'I_gpe': 1.390081656404651, 'I_gpi': 2.085916967427262, 'noise_stn_sigma': 7.80347656196567, 'noise_gpe_sigma': 122.16949937369117, 'noise_gpi_sigma': 87.9794753094219, 'g_stn_gpe_mult': 3.1496988462390116, 'g_gpe_stn_mult': 0.11369232670696122, 'g_stn_gpi_mult': 2.364171603213553, 'g_gpe_gpi_mult': 0.8797810955995273}. Best is trial 898 with value: 0.4255110565664852.
[I 2026-05-28 02:28:16,938] Trial 902 finished with value: 0.46840600359821233 and parameters: {'ISTN': 60.25895126883803, 'I_gpe': 1.3658593725437447, 'I_gpi': 2.158324843652025, 'noise_stn_sigma': 7.636492361040744, 'noise_gpe_sigma': 122.91465789978044, 'noise_gpi_sigma': 90.51599435561938, 'g_stn_gpe_mult': 3.2499891791158273, 'g_gpe_stn_mult': 0.11245108552394478, 'g_stn_gpi_mult': 2.4433811025152856, 'g_gpe_gpi_mult': 0.9384692065220883}. Best is trial 898 with value: 0.4255110565664852.
[I 2026-05-28 02:28:17,945] Trial 903 finished with value: 0.4336291822557355 and parameters: {'ISTN': 60.2158112702795, 'I_gpe': 1.3696052260584552, 'I_gpi': 2.1622413431340326, 'noise_stn_sigma': 7.712846157636827, 'noise_gpe_sigma': 123.49179470671882, 'noise_gpi_sigma': 87.82418414307323, 'g_stn_gpe_mult': 3.129794839914841, 'g_gpe_stn_mult': 0.11380121662438467, 'g_stn_gpi_mult': 2.4126065919765844, 'g_gpe_gpi_mult': 0.8843240918362061}. Best is trial 898 with value: 0.4255110565664852.
[I 2026-05-28 02:28:18,956] Trial 904 finished with value: 0.43569974895294694 and parameters: {'ISTN': 60.37365972314653, 'I_gpe': 1.3671260897762614, 'I_gpi': 2.100415695783428, 'noise_stn_sigma': 7.662488891076146, 'noise_gpe_sigma': 120.36004253190049, 'noise_gpi_sigma': 87.6292205431722, 'g_stn_gpe_mult': 3.082700223226592, 'g_gpe_stn_mult': 0.1247457636585883, 'g_stn_gpi_mult': 2.4026547295894, 'g_gpe_gpi_mult': 0.8947352836198403}. Best is trial 898 with value: 0.4255110565664852.
[I 2026-05-28 02:28:19,963] Trial 905 finished with value: 0.45520849750494125 and parameters: {'ISTN': 60.38646877843528, 'I_gpe': 1.3711500496862807, 'I_gpi': 2.106298776539046, 'noise_stn_sigma': 7.961181094101668, 'noise_gpe_sigma': 121.07757768187325, 'noise_gpi_sigma': 87.6020577478688, 'g_stn_gpe_mult': 3.3202513957098025, 'g_gpe_stn_mult': 0.12422194102714425, 'g_stn_gpi_mult': 2.4414483417332886, 'g_gpe_gpi_mult': 0.9200465445822184}. Best is trial 898 with value: 0.4255110565664852.
[I 2026-05-28 02:28:20,973] Trial 906 finished with value: 0.42681497232877363 and parameters: {'ISTN': 60.63076117073334, 'I_gpe': 1.3276089089858238, 'I_gpi': 2.1427784508532737, 'noise_stn_sigma': 7.80735464944769, 'noise_gpe_sigma': 121.45258803726432, 'noise_gpi_sigma': 89.60951693026452, 'g_stn_gpe_mult': 3.239952368867768, 'g_gpe_stn_mult': 0.11419291422135808, 'g_stn_gpi_mult': 2.4020058099944968, 'g_gpe_gpi_mult': 0.9020293722882387}. Best is trial 898 with value: 0.4255110565664852.
[I 2026-05-28 02:28:21,982] Trial 907 finished with value: 0.4444728446412438 and parameters: {'ISTN': 60.81895900814273, 'I_gpe': 1.3935382188473218, 'I_gpi': 2.177376702268641, 'noise_stn_sigma': 7.777395990233281, 'noise_gpe_sigma': 119.77581104351484, 'noise_gpi_sigma': 87.03957181302334, 'g_stn_gpe_mult': 3.205817125243824, 'g_gpe_stn_mult': 0.113144196135861, 'g_stn_gpi_mult': 2.431955872366, 'g_gpe_gpi_mult': 0.883866473211866}. Best is trial 898 with value: 0.4255110565664852.
[I 2026-05-28 02:28:22,992] Trial 908 finished with value: 0.4418122473431497 and parameters: {'ISTN': 60.91019313785004, 'I_gpe': 1.3956707939895812, 'I_gpi': 2.1073766207779463, 'noise_stn_sigma': 7.8435803332664875, 'noise_gpe_sigma': 118.81042913836043, 'noise_gpi_sigma': 87.06338223360629, 'g_stn_gpe_mult': 3.1895687487622806, 'g_gpe_stn_mult': 0.11105481005675907, 'g_stn_gpi_mult': 2.4663531319009935, 'g_gpe_gpi_mult': 0.9034570933122406}. Best is trial 898 with value: 0.4255110565664852.
[I 2026-05-28 02:28:24,004] Trial 909 finished with value: 0.5491390750477531 and parameters: {'ISTN': 60.546277200491105, 'I_gpe': 1.3901001128790211, 'I_gpi': 2.19624204613904, 'noise_stn_sigma': 7.847824072460083, 'noise_gpe_sigma': 120.11108136517868, 'noise_gpi_sigma': 89.19470475930477, 'g_stn_gpe_mult': 3.2168783970806736, 'g_gpe_stn_mult': 0.1104699019125561, 'g_stn_gpi_mult': 2.375836600400918, 'g_gpe_gpi_mult': 0.9223508227332404}. Best is trial 898 with value: 0.4255110565664852.
[I 2026-05-28 02:28:25,012] Trial 910 finished with value: 0.4502151214724761 and parameters: {'ISTN': 60.67724324189204, 'I_gpe': 1.3733457981785153, 'I_gpi': 2.2506306210785008, 'noise_stn_sigma': 7.5483744256632415, 'noise_gpe_sigma': 123.12882424545866, 'noise_gpi_sigma': 87.02353769108853, 'g_stn_gpe_mult': 3.123655277826308, 'g_gpe_stn_mult': 0.11014455351073019, 'g_stn_gpi_mult': 2.4730146120310765, 'g_gpe_gpi_mult': 0.8748431889752846}. Best is trial 898 with value: 0.4255110565664852.
[I 2026-05-28 02:28:26,019] Trial 911 finished with value: 0.4622837023319579 and parameters: {'ISTN': 61.058760008540105, 'I_gpe': 1.3404896259986288, 'I_gpi': 2.095554440840737, 'noise_stn_sigma': 7.472168636206796, 'noise_gpe_sigma': 121.346536436248, 'noise_gpi_sigma': 87.92433619716562, 'g_stn_gpe_mult': 3.1541555795279814, 'g_gpe_stn_mult': 0.10455601074341045, 'g_stn_gpi_mult': 2.4401486539497306, 'g_gpe_gpi_mult': 0.910018805702707}. Best is trial 898 with value: 0.4255110565664852.
[I 2026-05-28 02:28:27,026] Trial 912 finished with value: 0.43724720494291425 and parameters: {'ISTN': 60.108130457171434, 'I_gpe': 1.3361708112129578, 'I_gpi': 2.149351222729619, 'noise_stn_sigma': 7.4636996089084064, 'noise_gpe_sigma': 122.49934894733312, 'noise_gpi_sigma': 92.30221363723126, 'g_stn_gpe_mult': 3.1029343848687496, 'g_gpe_stn_mult': 0.12220189313670776, 'g_stn_gpi_mult': 2.3829520648284026, 'g_gpe_gpi_mult': 0.899254505054232}. Best is trial 898 with value: 0.4255110565664852.
[I 2026-05-28 02:28:28,033] Trial 913 finished with value: 0.44619888934111895 and parameters: {'ISTN': 61.50522451434146, 'I_gpe': 1.3500344056650162, 'I_gpi': 2.1825026214241, 'noise_stn_sigma': 7.84118328058854, 'noise_gpe_sigma': 121.87481343779261, 'noise_gpi_sigma': 86.66410657952039, 'g_stn_gpe_mult': 3.1676595631519016, 'g_gpe_stn_mult': 0.1069462897126769, 'g_stn_gpi_mult': 2.3724366301939397, 'g_gpe_gpi_mult': 0.8855460679226574}. Best is trial 898 with value: 0.4255110565664852.
[I 2026-05-28 02:28:29,041] Trial 914 finished with value: 0.44534069515261276 and parameters: {'ISTN': 60.71457673651514, 'I_gpe': 1.3399678514054774, 'I_gpi': 2.201465660243243, 'noise_stn_sigma': 7.7744751782358765, 'noise_gpe_sigma': 122.31966891224319, 'noise_gpi_sigma': 92.09893108360598, 'g_stn_gpe_mult': 3.277209476213079, 'g_gpe_stn_mult': 0.11181260547795734, 'g_stn_gpi_mult': 2.4109142044693748, 'g_gpe_gpi_mult': 0.9252624269601439}. Best is trial 898 with value: 0.4255110565664852.
[I 2026-05-28 02:28:30,047] Trial 915 finished with value: 0.49752246847349246 and parameters: {'ISTN': 60.72316805517274, 'I_gpe': 1.371312698366706, 'I_gpi': 2.053318324468146, 'noise_stn_sigma': 7.749348664995117, 'noise_gpe_sigma': 119.95557222306974, 'noise_gpi_sigma': 83.81524163400243, 'g_stn_gpe_mult': 3.0319717087983173, 'g_gpe_stn_mult': 0.10785059983278704, 'g_stn_gpi_mult': 2.454750256155945, 'g_gpe_gpi_mult': 0.9059474408506505}. Best is trial 898 with value: 0.4255110565664852.
[I 2026-05-28 02:28:31,056] Trial 916 finished with value: 0.4306233351476649 and parameters: {'ISTN': 60.816969108452454, 'I_gpe': 1.3396118466599227, 'I_gpi': 2.115109295179013, 'noise_stn_sigma': 7.810497557222901, 'noise_gpe_sigma': 120.44380677915026, 'noise_gpi_sigma': 88.04588040861928, 'g_stn_gpe_mult': 3.094421628523778, 'g_gpe_stn_mult': 0.11449161975400961, 'g_stn_gpi_mult': 2.3826358116373454, 'g_gpe_gpi_mult': 0.8946210799477936}. Best is trial 898 with value: 0.4255110565664852.
[I 2026-05-28 02:28:32,062] Trial 917 finished with value: 0.4254530308461845 and parameters: {'ISTN': 60.497509864461186, 'I_gpe': 1.3433081072173292, 'I_gpi': 2.0442174380837974, 'noise_stn_sigma': 7.845912491317387, 'noise_gpe_sigma': 121.44231701145988, 'noise_gpi_sigma': 86.60338383014884, 'g_stn_gpe_mult': 3.1546505959990507, 'g_gpe_stn_mult': 0.11570147328615667, 'g_stn_gpi_mult': 2.437121666247915, 'g_gpe_gpi_mult': 0.8639242252029034}. Best is trial 917 with value: 0.4254530308461845.
[I 2026-05-28 02:28:33,072] Trial 918 finished with value: 0.4519451970276164 and parameters: {'ISTN': 61.144883501150964, 'I_gpe': 1.3752798117012928, 'I_gpi': 2.119510650255764, 'noise_stn_sigma': 7.890211967399588, 'noise_gpe_sigma': 121.71268254256681, 'noise_gpi_sigma': 84.85203472918023, 'g_stn_gpe_mult': 3.1656939614068254, 'g_gpe_stn_mult': 0.11001498758830519, 'g_stn_gpi_mult': 2.4452547923512613, 'g_gpe_gpi_mult': 0.8887225398999037}. Best is trial 917 with value: 0.4254530308461845.
[I 2026-05-28 02:28:34,081] Trial 919 finished with value: 0.4384901146103276 and parameters: {'ISTN': 60.24341666577096, 'I_gpe': 1.3306510873043496, 'I_gpi': 2.0829060510242767, 'noise_stn_sigma': 7.976490257613178, 'noise_gpe_sigma': 120.88999040942892, 'noise_gpi_sigma': 89.8094524053914, 'g_stn_gpe_mult': 3.2750318445206696, 'g_gpe_stn_mult': 0.1174089236909941, 'g_stn_gpi_mult': 2.483944699390793, 'g_gpe_gpi_mult': 0.8912686157991947}. Best is trial 917 with value: 0.4254530308461845.
[I 2026-05-28 02:28:35,088] Trial 920 finished with value: 0.4273389532343773 and parameters: {'ISTN': 60.41836713485598, 'I_gpe': 1.323019048862097, 'I_gpi': 2.1126551056681544, 'noise_stn_sigma': 7.56319185563483, 'noise_gpe_sigma': 121.90863657944048, 'noise_gpi_sigma': 90.88038670585321, 'g_stn_gpe_mult': 3.2189227513480057, 'g_gpe_stn_mult': 0.12381025117396081, 'g_stn_gpi_mult': 2.450750849629801, 'g_gpe_gpi_mult': 0.9111500296775998}. Best is trial 917 with value: 0.4254530308461845.
[I 2026-05-28 02:28:36,096] Trial 921 finished with value: 0.42924267066481364 and parameters: {'ISTN': 60.23522459924904, 'I_gpe': 1.3317221732413815, 'I_gpi': 2.0791000649206985, 'noise_stn_sigma': 7.754289708828611, 'noise_gpe_sigma': 123.93709681850854, 'noise_gpi_sigma': 87.75326199544838, 'g_stn_gpe_mult': 3.2244239853906103, 'g_gpe_stn_mult': 0.11216929937214777, 'g_stn_gpi_mult': 2.409020676079928, 'g_gpe_gpi_mult': 0.864634458053883}. Best is trial 917 with value: 0.4254530308461845.
[I 2026-05-28 02:28:37,104] Trial 922 finished with value: 0.43469565942481786 and parameters: {'ISTN': 61.087092884824486, 'I_gpe': 1.301568447024354, 'I_gpi': 2.040805609676049, 'noise_stn_sigma': 7.753424524566631, 'noise_gpe_sigma': 122.4267593821859, 'noise_gpi_sigma': 90.81913680898819, 'g_stn_gpe_mult': 3.2600282498784723, 'g_gpe_stn_mult': 0.11221850520645706, 'g_stn_gpi_mult': 2.4238517958718373, 'g_gpe_gpi_mult': 0.883926697477528}. Best is trial 917 with value: 0.4254530308461845.
[I 2026-05-28 02:28:38,111] Trial 923 finished with value: 0.46963692392589274 and parameters: {'ISTN': 60.70066123515006, 'I_gpe': 1.3006349491610338, 'I_gpi': 2.1062548633157485, 'noise_stn_sigma': 7.523690896254845, 'noise_gpe_sigma': 121.59352671661793, 'noise_gpi_sigma': 90.96571455800951, 'g_stn_gpe_mult': 3.2141927578478966, 'g_gpe_stn_mult': 0.11138698889889953, 'g_stn_gpi_mult': 2.4050664168213203, 'g_gpe_gpi_mult': 0.8961028271120342}. Best is trial 917 with value: 0.4254530308461845.
