[I 2026-05-28 02:22:00,321] Trial 528 finished with value: 0.5284309187745586 and parameters: {'ISTN': 60.13385887192339, 'I_gpe': 1.3153153564692195, 'I_gpi': 2.1679434233469697, 'noise_stn_sigma': 5.187538883271735, 'noise_gpe_sigma': 118.25803214453745, 'noise_gpi_sigma': 91.43727933763434, 'g_stn_gpe_mult': 2.2505664741789895, 'g_gpe_stn_mult': 0.13813658154702604, 'g_stn_gpi_mult': 2.28128416458707, 'g_gpe_gpi_mult': 0.8585782238521664}. Best is trial 444 with value: 0.4849072040579033.
[I 2026-05-28 02:22:01,328] Trial 529 finished with value: 0.5555986271637112 and parameters: {'ISTN': 60.35486748208917, 'I_gpe': 1.1391542592379507, 'I_gpi': 2.005763255298397, 'noise_stn_sigma': 4.872602222446782, 'noise_gpe_sigma': 118.52189394500682, 'noise_gpi_sigma': 95.22997907076142, 'g_stn_gpe_mult': 2.1469915974912173, 'g_gpe_stn_mult': 0.12092908902466334, 'g_stn_gpi_mult': 2.3714427379050127, 'g_gpe_gpi_mult': 0.8600051462445193}. Best is trial 444 with value: 0.4849072040579033.
[I 2026-05-28 02:22:02,336] Trial 530 finished with value: 0.495825374950288 and parameters: {'ISTN': 60.83408056650356, 'I_gpe': 1.3726977598693677, 'I_gpi': 2.1544395567287156, 'noise_stn_sigma': 5.125367132517189, 'noise_gpe_sigma': 120.92425462997686, 'noise_gpi_sigma': 88.4998912616447, 'g_stn_gpe_mult': 2.3648867053134475, 'g_gpe_stn_mult': 0.14124821618529518, 'g_stn_gpi_mult': 2.346731079212861, 'g_gpe_gpi_mult': 0.8675477557381577}. Best is trial 444 with value: 0.4849072040579033.
[I 2026-05-28 02:22:03,342] Trial 531 finished with value: 0.501451714153645 and parameters: {'ISTN': 61.10918097249378, 'I_gpe': 1.3318045539043086, 'I_gpi': 2.1408754562317696, 'noise_stn_sigma': 5.2100516963798995, 'noise_gpe_sigma': 115.8244905841701, 'noise_gpi_sigma': 94.66221876541375, 'g_stn_gpe_mult': 2.3592003232339027, 'g_gpe_stn_mult': 0.14095644883416092, 'g_stn_gpi_mult': 2.378032753006552, 'g_gpe_gpi_mult': 0.8929606286661214}. Best is trial 444 with value: 0.4849072040579033.
[I 2026-05-28 02:22:04,351] Trial 532 finished with value: 0.5058951332843794 and parameters: {'ISTN': 60.56851678252763, 'I_gpe': 1.3070421763423585, 'I_gpi': 2.0302355141752546, 'noise_stn_sigma': 5.0166625542786, 'noise_gpe_sigma': 115.7017141892606, 'noise_gpi_sigma': 90.10975843847916, 'g_stn_gpe_mult': 2.2778664088805365, 'g_gpe_stn_mult': 0.14956191502970992, 'g_stn_gpi_mult': 2.450475602658991, 'g_gpe_gpi_mult': 0.8601526863087057}. Best is trial 444 with value: 0.4849072040579033.
[I 2026-05-28 02:22:05,357] Trial 533 finished with value: 0.5153635773810016 and parameters: {'ISTN': 61.56795396552765, 'I_gpe': 1.2998239182095883, 'I_gpi': 1.9369954363161888, 'noise_stn_sigma': 5.016174647592705, 'noise_gpe_sigma': 119.47724861499076, 'noise_gpi_sigma': 89.76742049402704, 'g_stn_gpe_mult': 2.4208530128123136, 'g_gpe_stn_mult': 0.14157345270828625, 'g_stn_gpi_mult': 2.410872845319226, 'g_gpe_gpi_mult': 0.896209983769851}. Best is trial 444 with value: 0.4849072040579033.
[I 2026-05-28 02:22:06,364] Trial 534 finished with value: 0.510532566400863 and parameters: {'ISTN': 62.34961621521279, 'I_gpe': 1.1803285466838072, 'I_gpi': 2.0452880820232267, 'noise_stn_sigma': 4.755408821182666, 'noise_gpe_sigma': 118.61318079904426, 'noise_gpi_sigma': 91.6487935435625, 'g_stn_gpe_mult': 2.480548406745184, 'g_gpe_stn_mult': 0.12745047584945304, 'g_stn_gpi_mult': 2.451754793767095, 'g_gpe_gpi_mult': 0.8861859219618571}. Best is trial 444 with value: 0.4849072040579033.
[I 2026-05-28 02:22:07,370] Trial 535 finished with value: 0.4977770154164194 and parameters: {'ISTN': 61.33256496030213, 'I_gpe': 1.2359195941181602, 'I_gpi': 1.9081166472388542, 'noise_stn_sigma': 4.960926061008649, 'noise_gpe_sigma': 117.35671277415295, 'noise_gpi_sigma': 88.50662176116028, 'g_stn_gpe_mult': 2.3780365929030167, 'g_gpe_stn_mult': 0.12664813491789267, 'g_stn_gpi_mult': 2.2928673403688205, 'g_gpe_gpi_mult': 0.8952358675015097}. Best is trial 444 with value: 0.4849072040579033.
[I 2026-05-28 02:22:08,376] Trial 536 finished with value: 0.4916604979410589 and parameters: {'ISTN': 60.76075591834997, 'I_gpe': 1.1941158627444355, 'I_gpi': 2.0474970297862662, 'noise_stn_sigma': 5.1010309308842245, 'noise_gpe_sigma': 120.76280844404042, 'noise_gpi_sigma': 92.03103762214897, 'g_stn_gpe_mult': 2.5734901531138004, 'g_gpe_stn_mult': 0.12926769221623718, 'g_stn_gpi_mult': 2.5156936781053396, 'g_gpe_gpi_mult': 0.9075794702550921}. Best is trial 444 with value: 0.4849072040579033.
[I 2026-05-28 02:22:09,384] Trial 537 finished with value: 0.49936303661988074 and parameters: {'ISTN': 61.14420647903545, 'I_gpe': 1.32785288559583, 'I_gpi': 2.03507379905155, 'noise_stn_sigma': 4.938917797847065, 'noise_gpe_sigma': 115.11387676358456, 'noise_gpi_sigma': 92.74927598392087, 'g_stn_gpe_mult': 2.3427269235241077, 'g_gpe_stn_mult': 0.1359273720223858, 'g_stn_gpi_mult': 2.4010588060797238, 'g_gpe_gpi_mult': 0.8334353874801557}. Best is trial 444 with value: 0.4849072040579033.
[I 2026-05-28 02:22:10,390] Trial 538 finished with value: 0.49891872356773986 and parameters: {'ISTN': 61.36597322197747, 'I_gpe': 1.2364117048216665, 'I_gpi': 2.1298996133682784, 'noise_stn_sigma': 5.035095749300229, 'noise_gpe_sigma': 119.34956754746064, 'noise_gpi_sigma': 92.37878172336578, 'g_stn_gpe_mult': 2.495466348001113, 'g_gpe_stn_mult': 0.13731267037310363, 'g_stn_gpi_mult': 2.3552827335213404, 'g_gpe_gpi_mult': 0.9298753589197077}. Best is trial 444 with value: 0.4849072040579033.
[I 2026-05-28 02:22:11,398] Trial 539 finished with value: 0.49421435547335407 and parameters: {'ISTN': 60.18430028186205, 'I_gpe': 1.2651494735806015, 'I_gpi': 2.1016543385436286, 'noise_stn_sigma': 4.962896933050349, 'noise_gpe_sigma': 120.03580626111348, 'noise_gpi_sigma': 96.20560882329569, 'g_stn_gpe_mult': 2.341037960866397, 'g_gpe_stn_mult': 0.13682183957244806, 'g_stn_gpi_mult': 2.3026178811033047, 'g_gpe_gpi_mult': 0.8543172914583967}. Best is trial 444 with value: 0.4849072040579033.
[I 2026-05-28 02:22:12,406] Trial 540 finished with value: 0.49407644555177127 and parameters: {'ISTN': 62.03029258600817, 'I_gpe': 1.31807678965666, 'I_gpi': 2.102004906621593, 'noise_stn_sigma': 5.196045465152466, 'noise_gpe_sigma': 118.16081057262421, 'noise_gpi_sigma': 84.36685919597598, 'g_stn_gpe_mult': 2.360777926039713, 'g_gpe_stn_mult': 0.10523418717415095, 'g_stn_gpi_mult': 2.3786815559594854, 'g_gpe_gpi_mult': 0.8840041277224782}. Best is trial 444 with value: 0.4849072040579033.
[I 2026-05-28 02:22:13,415] Trial 541 finished with value: 0.497097980748869 and parameters: {'ISTN': 61.302244263550406, 'I_gpe': 1.2338391484398312, 'I_gpi': 2.1118320515222893, 'noise_stn_sigma': 5.048059136416504, 'noise_gpe_sigma': 121.80745120104793, 'noise_gpi_sigma': 92.87880466183624, 'g_stn_gpe_mult': 2.4751025309511308, 'g_gpe_stn_mult': 0.12700524088579987, 'g_stn_gpi_mult': 2.452784121523802, 'g_gpe_gpi_mult': 0.9060018543035979}. Best is trial 444 with value: 0.4849072040579033.
[I 2026-05-28 02:22:14,421] Trial 542 finished with value: 0.496534229508925 and parameters: {'ISTN': 61.21199529639236, 'I_gpe': 1.1979812475470577, 'I_gpi': 2.177742921863903, 'noise_stn_sigma': 5.134644908675188, 'noise_gpe_sigma': 121.36918074160853, 'noise_gpi_sigma': 90.41137451410027, 'g_stn_gpe_mult': 2.4439408729870946, 'g_gpe_stn_mult': 0.11262546756872246, 'g_stn_gpi_mult': 2.4882053031969447, 'g_gpe_gpi_mult': 0.8874839522112443}. Best is trial 444 with value: 0.4849072040579033.
[I 2026-05-28 02:22:15,428] Trial 543 finished with value: 0.49404455158480953 and parameters: {'ISTN': 60.09193818389395, 'I_gpe': 1.3255717785143524, 'I_gpi': 2.0264644893987365, 'noise_stn_sigma': 4.899827500529929, 'noise_gpe_sigma': 119.65875942245276, 'noise_gpi_sigma': 88.72443591342001, 'g_stn_gpe_mult': 2.556699725898879, 'g_gpe_stn_mult': 0.1271754510066959, 'g_stn_gpi_mult': 2.5124010311900378, 'g_gpe_gpi_mult': 0.8477943051691388}. Best is trial 444 with value: 0.4849072040579033.
[I 2026-05-28 02:22:16,434] Trial 544 finished with value: 0.48816589227046453 and parameters: {'ISTN': 61.381340769516704, 'I_gpe': 1.2897458920730145, 'I_gpi': 2.0510469047238127, 'noise_stn_sigma': 5.2468204293692455, 'noise_gpe_sigma': 118.00846541442985, 'noise_gpi_sigma': 86.55486940835311, 'g_stn_gpe_mult': 2.5066608158803954, 'g_gpe_stn_mult': 0.11373083909013554, 'g_stn_gpi_mult': 2.3719660268437868, 'g_gpe_gpi_mult': 0.8967199816315865}. Best is trial 444 with value: 0.4849072040579033.
[I 2026-05-28 02:22:17,441] Trial 545 finished with value: 0.499867768207953 and parameters: {'ISTN': 61.254529854489064, 'I_gpe': 1.2907789031039612, 'I_gpi': 2.166772480654596, 'noise_stn_sigma': 5.118276663346782, 'noise_gpe_sigma': 119.71975717886436, 'noise_gpi_sigma': 88.30726331113154, 'g_stn_gpe_mult': 2.4120164887737325, 'g_gpe_stn_mult': 0.11326764768392379, 'g_stn_gpi_mult': 2.3637421189105785, 'g_gpe_gpi_mult': 0.8440880832367093}. Best is trial 444 with value: 0.4849072040579033.
[I 2026-05-28 02:22:18,448] Trial 546 finished with value: 0.579863963269867 and parameters: {'ISTN': 62.125313971893085, 'I_gpe': 1.3292425093500646, 'I_gpi': 1.9775795353942809, 'noise_stn_sigma': 4.644525474310647, 'noise_gpe_sigma': 115.17486473691204, 'noise_gpi_sigma': 91.75886599286464, 'g_stn_gpe_mult': 2.412259956961146, 'g_gpe_stn_mult': 0.1464198259845951, 'g_stn_gpi_mult': 2.3990111195451784, 'g_gpe_gpi_mult': 0.8884926830538553}. Best is trial 444 with value: 0.4849072040579033.
[I 2026-05-28 02:22:19,454] Trial 547 finished with value: 0.498505192494629 and parameters: {'ISTN': 61.80858034418942, 'I_gpe': 1.2162799830015825, 'I_gpi': 2.1256560848984787, 'noise_stn_sigma': 5.182102962444818, 'noise_gpe_sigma': 119.9360514148457, 'noise_gpi_sigma': 86.36339839553003, 'g_stn_gpe_mult': 2.402847301601332, 'g_gpe_stn_mult': 0.11495331183227755, 'g_stn_gpi_mult': 2.3840159474811795, 'g_gpe_gpi_mult': 0.8979362207053607}. Best is trial 444 with value: 0.4849072040579033.
[I 2026-05-28 02:22:20,460] Trial 548 finished with value: 0.5615618004666101 and parameters: {'ISTN': 61.68994984701104, 'I_gpe': 1.216116770719835, 'I_gpi': 1.9270857734275821, 'noise_stn_sigma': 5.272134317550711, 'noise_gpe_sigma': 116.79555099027829, 'noise_gpi_sigma': 86.99660820578214, 'g_stn_gpe_mult': 2.542282850544452, 'g_gpe_stn_mult': 0.12876811351134956, 'g_stn_gpi_mult': 2.325132185058957, 'g_gpe_gpi_mult': 0.8861583005576967}. Best is trial 444 with value: 0.4849072040579033.
[I 2026-05-28 02:22:21,468] Trial 549 finished with value: 0.5067106972999812 and parameters: {'ISTN': 60.826874822811874, 'I_gpe': 1.1863581622499537, 'I_gpi': 2.1457473672210696, 'noise_stn_sigma': 5.072462644410272, 'noise_gpe_sigma': 119.18394039937552, 'noise_gpi_sigma': 90.88090495297985, 'g_stn_gpe_mult': 2.39135881287436, 'g_gpe_stn_mult': 0.12521940910612855, 'g_stn_gpi_mult': 2.407990961070566, 'g_gpe_gpi_mult': 0.9062156772111472}. Best is trial 444 with value: 0.4849072040579033.
[I 2026-05-28 02:22:22,474] Trial 550 finished with value: 0.5026202697469894 and parameters: {'ISTN': 62.36411899557513, 'I_gpe': 1.2987348505014975, 'I_gpi': 1.9938840700260325, 'noise_stn_sigma': 5.281097376667514, 'noise_gpe_sigma': 120.59520583513698, 'noise_gpi_sigma': 92.78719377665482, 'g_stn_gpe_mult': 2.48846981708288, 'g_gpe_stn_mult': 0.1034230446130544, 'g_stn_gpi_mult': 2.3090179524044756, 'g_gpe_gpi_mult': 0.8812350999528207}. Best is trial 444 with value: 0.4849072040579033.
[I 2026-05-28 02:22:23,480] Trial 551 finished with value: 0.5155158120131427 and parameters: {'ISTN': 62.121140197644294, 'I_gpe': 1.251875193068428, 'I_gpi': 2.230489285162369, 'noise_stn_sigma': 5.095446053517954, 'noise_gpe_sigma': 119.99293872827094, 'noise_gpi_sigma': 90.92272763606736, 'g_stn_gpe_mult': 2.4446751100113806, 'g_gpe_stn_mult': 0.11014358503467432, 'g_stn_gpi_mult': 2.375259264651561, 'g_gpe_gpi_mult': 0.847488129683277}. Best is trial 444 with value: 0.4849072040579033.
[I 2026-05-28 02:22:24,485] Trial 552 finished with value: 0.5000943536961272 and parameters: {'ISTN': 61.79909965189902, 'I_gpe': 1.3205505824690413, 'I_gpi': 2.085997138184678, 'noise_stn_sigma': 5.244458971776065, 'noise_gpe_sigma': 119.56954827720621, 'noise_gpi_sigma': 87.84808460713127, 'g_stn_gpe_mult': 2.485198758723295, 'g_gpe_stn_mult': 0.10268052131569567, 'g_stn_gpi_mult': 2.427498356284552, 'g_gpe_gpi_mult': 0.8907713516374691}. Best is trial 444 with value: 0.4849072040579033.
[I 2026-05-28 02:22:25,492] Trial 553 finished with value: 0.5206378079790883 and parameters: {'ISTN': 61.86251549800176, 'I_gpe': 1.3597028184813755, 'I_gpi': 2.1561336594985905, 'noise_stn_sigma': 5.311530989571256, 'noise_gpe_sigma': 120.55248323795813, 'noise_gpi_sigma': 92.81242682432197, 'g_stn_gpe_mult': 2.507051662188221, 'g_gpe_stn_mult': 0.13946492528063373, 'g_stn_gpi_mult': 2.401865413076803, 'g_gpe_gpi_mult': 0.8801591678490162}. Best is trial 444 with value: 0.4849072040579033.
[I 2026-05-28 02:22:26,500] Trial 554 finished with value: 0.49826106387618024 and parameters: {'ISTN': 62.08093746909794, 'I_gpe': 1.2351253856816464, 'I_gpi': 2.168171333081749, 'noise_stn_sigma': 4.998270406311468, 'noise_gpe_sigma': 119.99972451759156, 'noise_gpi_sigma': 92.81407035193591, 'g_stn_gpe_mult': 2.557559049823018, 'g_gpe_stn_mult': 0.10092846313193352, 'g_stn_gpi_mult': 2.352659726088186, 'g_gpe_gpi_mult': 0.9086696422755036}. Best is trial 444 with value: 0.4849072040579033.
[I 2026-05-28 02:22:27,506] Trial 555 finished with value: 0.48568722225902283 and parameters: {'ISTN': 60.490298740004974, 'I_gpe': 1.2905376202346357, 'I_gpi': 2.201560502514809, 'noise_stn_sigma': 5.14982179085532, 'noise_gpe_sigma': 122.27631785751008, 'noise_gpi_sigma': 91.29416855837171, 'g_stn_gpe_mult': 2.615606651303581, 'g_gpe_stn_mult': 0.1304990503003263, 'g_stn_gpi_mult': 2.4661851236698293, 'g_gpe_gpi_mult': 0.8948065904483726}. Best is trial 444 with value: 0.4849072040579033.
[I 2026-05-28 02:22:28,513] Trial 556 finished with value: 0.49537932314715394 and parameters: {'ISTN': 61.40662039322678, 'I_gpe': 1.2737399172397343, 'I_gpi': 2.121949733681375, 'noise_stn_sigma': 5.16368213215537, 'noise_gpe_sigma': 117.76408021706848, 'noise_gpi_sigma': 88.63285622223309, 'g_stn_gpe_mult': 2.6340332618615516, 'g_gpe_stn_mult': 0.11014648232838672, 'g_stn_gpi_mult': 2.33104456359319, 'g_gpe_gpi_mult': 0.8972249513993438}. Best is trial 444 with value: 0.4849072040579033.
[I 2026-05-28 02:22:29,520] Trial 557 finished with value: 0.5046987990262798 and parameters: {'ISTN': 60.78273441872601, 'I_gpe': 1.3543849854242946, 'I_gpi': 2.0882268757410967, 'noise_stn_sigma': 4.866895960773033, 'noise_gpe_sigma': 116.08299336751543, 'noise_gpi_sigma': 84.63691080073954, 'g_stn_gpe_mult': 2.6597298085161043, 'g_gpe_stn_mult': 0.11977562170078898, 'g_stn_gpi_mult': 2.5480350794897717, 'g_gpe_gpi_mult': 0.8871334042579486}. Best is trial 444 with value: 0.4849072040579033.
[I 2026-05-28 02:22:30,527] Trial 558 finished with value: 0.5512186663148796 and parameters: {'ISTN': 60.3059547585721, 'I_gpe': 1.2408784202203123, 'I_gpi': 2.042467131803627, 'noise_stn_sigma': 4.863047319633865, 'noise_gpe_sigma': 120.92350645814095, 'noise_gpi_sigma': 86.16252679266685, 'g_stn_gpe_mult': 2.414980572626855, 'g_gpe_stn_mult': 0.132710897489032, 'g_stn_gpi_mult': 2.4492065041836044, 'g_gpe_gpi_mult': 0.8667212194534697}. Best is trial 444 with value: 0.4849072040579033.
[I 2026-05-28 02:22:31,533] Trial 559 finished with value: 0.5112894412200409 and parameters: {'ISTN': 62.46036715395121, 'I_gpe': 1.2476722870688335, 'I_gpi': 2.1245984066317103, 'noise_stn_sigma': 5.293516812373222, 'noise_gpe_sigma': 125.20129467489055, 'noise_gpi_sigma': 93.5995463462254, 'g_stn_gpe_mult': 2.403643898017095, 'g_gpe_stn_mult': 0.12572176073703661, 'g_stn_gpi_mult': 2.369249313880606, 'g_gpe_gpi_mult': 0.8671997730041134}. Best is trial 444 with value: 0.4849072040579033.
[I 2026-05-28 02:22:32,539] Trial 560 finished with value: 0.5016062598590431 and parameters: {'ISTN': 60.95627011786932, 'I_gpe': 1.2623832028738309, 'I_gpi': 2.059898821408686, 'noise_stn_sigma': 5.2813379832005545, 'noise_gpe_sigma': 123.4979924404552, 'noise_gpi_sigma': 96.45182715687905, 'g_stn_gpe_mult': 2.5308279894828676, 'g_gpe_stn_mult': 0.13401570090839926, 'g_stn_gpi_mult': 2.2787535111457173, 'g_gpe_gpi_mult': 0.8934223526545557}. Best is trial 444 with value: 0.4849072040579033.
[I 2026-05-28 02:22:33,549] Trial 561 finished with value: 0.5162011036396191 and parameters: {'ISTN': 62.16513925452913, 'I_gpe': 1.2727082499220217, 'I_gpi': 2.0813614905863353, 'noise_stn_sigma': 4.927949696701274, 'noise_gpe_sigma': 119.89554977939146, 'noise_gpi_sigma': 91.40342214324555, 'g_stn_gpe_mult': 2.557943391198557, 'g_gpe_stn_mult': 0.12131812373730243, 'g_stn_gpi_mult': 2.419518093117971, 'g_gpe_gpi_mult': 0.9012526650681745}. Best is trial 444 with value: 0.4849072040579033.
[I 2026-05-28 02:22:34,557] Trial 562 finished with value: 0.49763882464014986 and parameters: {'ISTN': 60.01349067128066, 'I_gpe': 1.26469074848184, 'I_gpi': 2.3907746742819733, 'noise_stn_sigma': 5.087335950373566, 'noise_gpe_sigma': 117.0664802455966, 'noise_gpi_sigma': 91.08450540374844, 'g_stn_gpe_mult': 2.4641930666760867, 'g_gpe_stn_mult': 0.12626265156123265, 'g_stn_gpi_mult': 2.3783225836958684, 'g_gpe_gpi_mult': 0.9271855743657551}. Best is trial 444 with value: 0.4849072040579033.
[I 2026-05-28 02:22:35,567] Trial 563 finished with value: 0.5020316445733313 and parameters: {'ISTN': 61.18690721683075, 'I_gpe': 1.2237284947151064, 'I_gpi': 2.144134255226685, 'noise_stn_sigma': 5.090409920326179, 'noise_gpe_sigma': 120.5489177529519, 'noise_gpi_sigma': 90.02216024363335, 'g_stn_gpe_mult': 2.495060099473868, 'g_gpe_stn_mult': 0.1196247672817924, 'g_stn_gpi_mult': 2.405934342585848, 'g_gpe_gpi_mult': 0.9117677508106761}. Best is trial 444 with value: 0.4849072040579033.
[I 2026-05-28 02:22:36,572] Trial 564 finished with value: 0.5036700479386931 and parameters: {'ISTN': 61.71021791098617, 'I_gpe': 1.203556938373933, 'I_gpi': 2.2933501423677827, 'noise_stn_sigma': 5.182295885194215, 'noise_gpe_sigma': 122.79812465891429, 'noise_gpi_sigma': 89.741210015337, 'g_stn_gpe_mult': 2.8103036310853637, 'g_gpe_stn_mult': 0.10470188269413154, 'g_stn_gpi_mult': 2.354187513772275, 'g_gpe_gpi_mult': 0.916833474243756}. Best is trial 444 with value: 0.4849072040579033.
[I 2026-05-28 02:22:37,579] Trial 565 finished with value: 0.49730804366184483 and parameters: {'ISTN': 61.63401693595791, 'I_gpe': 1.2800604972938414, 'I_gpi': 2.146585135399284, 'noise_stn_sigma': 4.970189280491791, 'noise_gpe_sigma': 122.08860443696764, 'noise_gpi_sigma': 89.65695117592499, 'g_stn_gpe_mult': 2.5590369429724733, 'g_gpe_stn_mult': 0.11946627533927877, 'g_stn_gpi_mult': 2.356847193664378, 'g_gpe_gpi_mult': 0.8900010153532891}. Best is trial 444 with value: 0.4849072040579033.
[I 2026-05-28 02:22:38,585] Trial 566 finished with value: 0.4869556647950535 and parameters: {'ISTN': 62.11846011136615, 'I_gpe': 1.228143659155433, 'I_gpi': 2.047256533907836, 'noise_stn_sigma': 5.378080619500933, 'noise_gpe_sigma': 118.66006307932307, 'noise_gpi_sigma': 87.73023287356577, 'g_stn_gpe_mult': 2.4880575029571284, 'g_gpe_stn_mult': 0.10117019029543588, 'g_stn_gpi_mult': 2.4250611334209937, 'g_gpe_gpi_mult': 0.8785343156660941}. Best is trial 444 with value: 0.4849072040579033.
[I 2026-05-28 02:22:39,590] Trial 567 finished with value: 0.49358611294993626 and parameters: {'ISTN': 60.68569134819717, 'I_gpe': 1.280791343357869, 'I_gpi': 2.1015697588478064, 'noise_stn_sigma': 5.092056844546763, 'noise_gpe_sigma': 119.55931163479156, 'noise_gpi_sigma': 96.29305691534893, 'g_stn_gpe_mult': 2.582087948941604, 'g_gpe_stn_mult': 0.1303055526826512, 'g_stn_gpi_mult': 2.3080312610445626, 'g_gpe_gpi_mult': 0.9226697488339635}. Best is trial 444 with value: 0.4849072040579033.
[I 2026-05-28 02:22:40,596] Trial 568 finished with value: 0.5108187936908408 and parameters: {'ISTN': 62.57060682131449, 'I_gpe': 1.2494724115817855, 'I_gpi': 2.1557985807997366, 'noise_stn_sigma': 5.026672020978484, 'noise_gpe_sigma': 117.0015735180576, 'noise_gpi_sigma': 90.29565141394728, 'g_stn_gpe_mult': 2.7707780490188716, 'g_gpe_stn_mult': 0.11517350599990339, 'g_stn_gpi_mult': 2.4311184570928117, 'g_gpe_gpi_mult': 0.9250529070183402}. Best is trial 444 with value: 0.4849072040579033.
[I 2026-05-28 02:22:41,603] Trial 569 finished with value: 0.506480393435105 and parameters: {'ISTN': 61.745096213963556, 'I_gpe': 1.1984396492412719, 'I_gpi': 2.127609682970515, 'noise_stn_sigma': 5.0737809368083795, 'noise_gpe_sigma': 121.32524781692466, 'noise_gpi_sigma': 90.24907973405688, 'g_stn_gpe_mult': 2.489002566830428, 'g_gpe_stn_mult': 0.12576319909383482, 'g_stn_gpi_mult': 2.329586601467123, 'g_gpe_gpi_mult': 0.8715450598246373}. Best is trial 444 with value: 0.4849072040579033.
[I 2026-05-28 02:22:42,608] Trial 570 finished with value: 0.5174716224245972 and parameters: {'ISTN': 61.71697466243359, 'I_gpe': 1.2299804035661168, 'I_gpi': 2.143353744875837, 'noise_stn_sigma': 5.2428916442794105, 'noise_gpe_sigma': 119.65681336125441, 'noise_gpi_sigma': 94.90228422906114, 'g_stn_gpe_mult': 2.5888078432488513, 'g_gpe_stn_mult': 0.12767401080001617, 'g_stn_gpi_mult': 2.482173016154449, 'g_gpe_gpi_mult': 0.9088382157570194}. Best is trial 444 with value: 0.4849072040579033.
[I 2026-05-28 02:22:43,617] Trial 571 finished with value: 0.5010583638883801 and parameters: {'ISTN': 60.79028171304412, 'I_gpe': 1.1948086862670446, 'I_gpi': 2.090953869192492, 'noise_stn_sigma': 5.197925912498076, 'noise_gpe_sigma': 121.30774021831787, 'noise_gpi_sigma': 90.86776765473735, 'g_stn_gpe_mult': 2.4656526206801836, 'g_gpe_stn_mult': 0.11314135398358753, 'g_stn_gpi_mult': 2.353889135522845, 'g_gpe_gpi_mult': 0.8568740068618979}. Best is trial 444 with value: 0.4849072040579033.
