[I 2026-05-28 02:38:08,595] Trial 478 finished with value: 0.03001651789031951 and parameters: {'ISTN': 62.24945276895835, 'I_gpe': 1.0795184287987678, 'I_gpi': 2.2335184729193736, 'noise_stn_sigma': 1.67481254020551, 'noise_gpe_sigma': 137.0088240809564, 'noise_gpi_sigma': 136.78876703272803, 'g_stn_gpe_mult': 2.5616410902908835, 'g_gpe_stn_mult': 0.15225443180043893, 'g_stn_gpi_mult': 1.2520422575403214, 'g_gpe_gpi_mult': 0.8720015056375241}. Best is trial 472 with value: 0.008730069704351145.
[I 2026-05-28 02:38:09,604] Trial 479 finished with value: 0.01973183994286892 and parameters: {'ISTN': 60.632978193715196, 'I_gpe': 0.9168621796883082, 'I_gpi': 2.3390039664463655, 'noise_stn_sigma': 1.5186350003530027, 'noise_gpe_sigma': 143.66865571975706, 'noise_gpi_sigma': 142.89016124593888, 'g_stn_gpe_mult': 2.635693783602556, 'g_gpe_stn_mult': 0.17895384297712374, 'g_stn_gpi_mult': 1.235995667975752, 'g_gpe_gpi_mult': 0.8793864443207686}. Best is trial 472 with value: 0.008730069704351145.
[I 2026-05-28 02:38:10,613] Trial 480 finished with value: 0.03273392079270655 and parameters: {'ISTN': 62.461931953324886, 'I_gpe': 0.9520454757201603, 'I_gpi': 2.1452358146950585, 'noise_stn_sigma': 1.5973149198452918, 'noise_gpe_sigma': 137.03014297909536, 'noise_gpi_sigma': 138.60544154838078, 'g_stn_gpe_mult': 2.6656351890703838, 'g_gpe_stn_mult': 0.15824251479030232, 'g_stn_gpi_mult': 1.3806216714771327, 'g_gpe_gpi_mult': 0.9037137999901776}. Best is trial 472 with value: 0.008730069704351145.
[I 2026-05-28 02:38:11,621] Trial 481 finished with value: 0.014279905839654541 and parameters: {'ISTN': 60.04514563805651, 'I_gpe': 1.0569154314117253, 'I_gpi': 2.3317999595665704, 'noise_stn_sigma': 1.2832290707564344, 'noise_gpe_sigma': 139.1496198275454, 'noise_gpi_sigma': 138.13900191430264, 'g_stn_gpe_mult': 2.5330413689808338, 'g_gpe_stn_mult': 0.17327089857791114, 'g_stn_gpi_mult': 1.3491933436714212, 'g_gpe_gpi_mult': 0.9101693391563141}. Best is trial 472 with value: 0.008730069704351145.
[I 2026-05-28 02:38:12,627] Trial 482 finished with value: 0.01056205611673356 and parameters: {'ISTN': 60.907379206452866, 'I_gpe': 1.110586259242419, 'I_gpi': 2.344425547843614, 'noise_stn_sigma': 1.2235677130303928, 'noise_gpe_sigma': 143.18250675432859, 'noise_gpi_sigma': 139.01240965602454, 'g_stn_gpe_mult': 2.295744579363719, 'g_gpe_stn_mult': 0.18050644566802218, 'g_stn_gpi_mult': 1.2519690123799787, 'g_gpe_gpi_mult': 0.9012813685579883}. Best is trial 472 with value: 0.008730069704351145.
[I 2026-05-28 02:38:13,636] Trial 483 finished with value: 0.029524362440414738 and parameters: {'ISTN': 60.89972734689291, 'I_gpe': 1.0250640693587858, 'I_gpi': 2.146137475834575, 'noise_stn_sigma': 1.6003061804119083, 'noise_gpe_sigma': 142.82172127749135, 'noise_gpi_sigma': 138.87044802143336, 'g_stn_gpe_mult': 2.5847828909245893, 'g_gpe_stn_mult': 0.1642013349978747, 'g_stn_gpi_mult': 1.1600185237892944, 'g_gpe_gpi_mult': 0.8754135438660784}. Best is trial 472 with value: 0.008730069704351145.
[I 2026-05-28 02:38:14,646] Trial 484 finished with value: 0.02648275725117863 and parameters: {'ISTN': 60.1047298886733, 'I_gpe': 1.141032732751171, 'I_gpi': 2.4225425407280143, 'noise_stn_sigma': 1.2983323716411332, 'noise_gpe_sigma': 135.5395060397756, 'noise_gpi_sigma': 138.3516174833587, 'g_stn_gpe_mult': 2.4808338981986386, 'g_gpe_stn_mult': 0.18153804166848125, 'g_stn_gpi_mult': 1.3910992552758492, 'g_gpe_gpi_mult': 0.855760651699996}. Best is trial 472 with value: 0.008730069704351145.
[I 2026-05-28 02:38:15,657] Trial 485 finished with value: 0.026903064643998113 and parameters: {'ISTN': 61.12334516533465, 'I_gpe': 1.0847574824849975, 'I_gpi': 2.113624878485924, 'noise_stn_sigma': 1.363786624092545, 'noise_gpe_sigma': 139.19912583358212, 'noise_gpi_sigma': 135.2415909929569, 'g_stn_gpe_mult': 2.35906838194757, 'g_gpe_stn_mult': 0.1830598673966481, 'g_stn_gpi_mult': 1.4819923545868925, 'g_gpe_gpi_mult': 0.8599210840428708}. Best is trial 472 with value: 0.008730069704351145.
[I 2026-05-28 02:38:16,664] Trial 486 finished with value: 0.327958630170832 and parameters: {'ISTN': 61.149467007532024, 'I_gpe': 1.0140986473656137, 'I_gpi': 2.2373182859649514, 'noise_stn_sigma': 1.032854047554566, 'noise_gpe_sigma': 139.36309097640265, 'noise_gpi_sigma': 137.99878994956526, 'g_stn_gpe_mult': 2.3599821714233524, 'g_gpe_stn_mult': 0.15000629419443923, 'g_stn_gpi_mult': 1.3629181350045778, 'g_gpe_gpi_mult': 0.9093225870763839}. Best is trial 472 with value: 0.008730069704351145.
[I 2026-05-28 02:38:17,670] Trial 487 finished with value: 0.018089943198951127 and parameters: {'ISTN': 61.01506161605716, 'I_gpe': 1.1470746217486032, 'I_gpi': 2.4110598133317866, 'noise_stn_sigma': 1.5922299175266112, 'noise_gpe_sigma': 137.79078356891546, 'noise_gpi_sigma': 139.49396541845766, 'g_stn_gpe_mult': 2.7328890128605794, 'g_gpe_stn_mult': 0.16758788946806877, 'g_stn_gpi_mult': 1.284554260700839, 'g_gpe_gpi_mult': 0.9100085421439221}. Best is trial 472 with value: 0.008730069704351145.
[I 2026-05-28 02:38:18,679] Trial 488 finished with value: 0.051136696951315404 and parameters: {'ISTN': 60.74743788957327, 'I_gpe': 1.10262364703152, 'I_gpi': 2.0717144376482457, 'noise_stn_sigma': 1.6848421201958312, 'noise_gpe_sigma': 148.7765953629706, 'noise_gpi_sigma': 137.07128861045874, 'g_stn_gpe_mult': 2.2640518204479525, 'g_gpe_stn_mult': 0.19473576007439772, 'g_stn_gpi_mult': 1.270027995305259, 'g_gpe_gpi_mult': 0.9454820339440526}. Best is trial 472 with value: 0.008730069704351145.
[I 2026-05-28 02:38:19,688] Trial 489 finished with value: 0.04486362062862639 and parameters: {'ISTN': 61.94502817803932, 'I_gpe': 1.1288596369843606, 'I_gpi': 2.1175769453495468, 'noise_stn_sigma': 1.2157628586713316, 'noise_gpe_sigma': 141.30429440532788, 'noise_gpi_sigma': 138.9143504797308, 'g_stn_gpe_mult': 2.339995438411146, 'g_gpe_stn_mult': 0.18307178267001512, 'g_stn_gpi_mult': 1.387488985891576, 'g_gpe_gpi_mult': 0.8987860182131353}. Best is trial 472 with value: 0.008730069704351145.
[I 2026-05-28 02:38:20,697] Trial 490 finished with value: 0.03179572100606172 and parameters: {'ISTN': 60.99163805796314, 'I_gpe': 1.14823380515078, 'I_gpi': 2.274882089874813, 'noise_stn_sigma': 1.6151506455224491, 'noise_gpe_sigma': 135.20930799135604, 'noise_gpi_sigma': 143.36744904945886, 'g_stn_gpe_mult': 2.4825163133815806, 'g_gpe_stn_mult': 0.18831237834685172, 'g_stn_gpi_mult': 1.3640701300629638, 'g_gpe_gpi_mult': 0.9166694741477659}. Best is trial 472 with value: 0.008730069704351145.
[I 2026-05-28 02:38:21,708] Trial 491 finished with value: 0.0395414499720073 and parameters: {'ISTN': 61.81675443031254, 'I_gpe': 1.1182720825769443, 'I_gpi': 2.391690795491599, 'noise_stn_sigma': 1.2667760216516895, 'noise_gpe_sigma': 144.13656381995662, 'noise_gpi_sigma': 135.93435430009004, 'g_stn_gpe_mult': 2.4191104741559677, 'g_gpe_stn_mult': 0.1801180836172681, 'g_stn_gpi_mult': 1.372738167053475, 'g_gpe_gpi_mult': 0.8991153125871949}. Best is trial 472 with value: 0.008730069704351145.
[I 2026-05-28 02:38:22,718] Trial 492 finished with value: 0.0466908325407074 and parameters: {'ISTN': 60.38783481040754, 'I_gpe': 0.9945481352164718, 'I_gpi': 2.6029324726655236, 'noise_stn_sigma': 1.5746042123740234, 'noise_gpe_sigma': 142.82527320539015, 'noise_gpi_sigma': 136.88864244812976, 'g_stn_gpe_mult': 2.5482858046052463, 'g_gpe_stn_mult': 0.18949255527765202, 'g_stn_gpi_mult': 1.359467710574466, 'g_gpe_gpi_mult': 0.8794529067778112}. Best is trial 472 with value: 0.008730069704351145.
[I 2026-05-28 02:38:23,725] Trial 493 finished with value: 0.039731413641821325 and parameters: {'ISTN': 60.55654036214254, 'I_gpe': 1.1599181112851538, 'I_gpi': 2.5202821804724413, 'noise_stn_sigma': 1.4810036734310081, 'noise_gpe_sigma': 141.37346772668405, 'noise_gpi_sigma': 134.62471389646902, 'g_stn_gpe_mult': 2.519410417150371, 'g_gpe_stn_mult': 0.15873112411174167, 'g_stn_gpi_mult': 1.327702866317171, 'g_gpe_gpi_mult': 0.9095144767181906}. Best is trial 472 with value: 0.008730069704351145.
[I 2026-05-28 02:38:24,731] Trial 494 finished with value: 0.029889782506812203 and parameters: {'ISTN': 60.86262814304923, 'I_gpe': 1.1497823693343165, 'I_gpi': 2.3017483104451966, 'noise_stn_sigma': 1.2618562883716695, 'noise_gpe_sigma': 135.515297798661, 'noise_gpi_sigma': 137.3194306734187, 'g_stn_gpe_mult': 2.5700933776592105, 'g_gpe_stn_mult': 0.1929812929392336, 'g_stn_gpi_mult': 1.3349713021802243, 'g_gpe_gpi_mult': 0.9310707308302315}. Best is trial 472 with value: 0.008730069704351145.
[I 2026-05-28 02:38:25,677] Trial 495 finished with value: 1000000.0 and parameters: {'ISTN': 60.802681415521064, 'I_gpe': 1.1816950945601399, 'I_gpi': 2.3576692118406393, 'noise_stn_sigma': 1.0533114782628656, 'noise_gpe_sigma': 145.98096358826933, 'noise_gpi_sigma': 137.2522216225957, 'g_stn_gpe_mult': 2.276247047408842, 'g_gpe_stn_mult': 0.1977832468918908, 'g_stn_gpi_mult': 1.2810192502973383, 'g_gpe_gpi_mult': 0.941615489831614}. Best is trial 472 with value: 0.008730069704351145.
[I 2026-05-28 02:38:26,686] Trial 496 finished with value: 0.033716333193348706 and parameters: {'ISTN': 61.301124990045636, 'I_gpe': 1.1038318162987188, 'I_gpi': 2.421283327768092, 'noise_stn_sigma': 1.4891222860959776, 'noise_gpe_sigma': 134.3186576112885, 'noise_gpi_sigma': 138.18344032295101, 'g_stn_gpe_mult': 2.3737380756839532, 'g_gpe_stn_mult': 0.17827431533754207, 'g_stn_gpi_mult': 1.2851145762737952, 'g_gpe_gpi_mult': 0.9218167344479105}. Best is trial 472 with value: 0.008730069704351145.
[I 2026-05-28 02:38:27,694] Trial 497 finished with value: 0.04364519554366626 and parameters: {'ISTN': 61.75121095983131, 'I_gpe': 1.0611495615280058, 'I_gpi': 2.3664458597041236, 'noise_stn_sigma': 1.0051962403384387, 'noise_gpe_sigma': 139.78948634130143, 'noise_gpi_sigma': 138.70707990029004, 'g_stn_gpe_mult': 2.3693052716963696, 'g_gpe_stn_mult': 0.1969737660635033, 'g_stn_gpi_mult': 1.2354829450284706, 'g_gpe_gpi_mult': 0.8936293574260723}. Best is trial 472 with value: 0.008730069704351145.
[I 2026-05-28 02:38:28,703] Trial 498 finished with value: 0.027039959670610625 and parameters: {'ISTN': 61.51809313678821, 'I_gpe': 1.0863175106342902, 'I_gpi': 2.1719627889703936, 'noise_stn_sigma': 1.2034876528593068, 'noise_gpe_sigma': 142.3908143622524, 'noise_gpi_sigma': 142.71054007622843, 'g_stn_gpe_mult': 2.347638869737003, 'g_gpe_stn_mult': 0.18181858401420112, 'g_stn_gpi_mult': 1.290299983593454, 'g_gpe_gpi_mult': 0.9014700076070825}. Best is trial 472 with value: 0.008730069704351145.
[I 2026-05-28 02:38:29,708] Trial 499 finished with value: 0.04335219003834209 and parameters: {'ISTN': 62.42969713656886, 'I_gpe': 1.0626520743474845, 'I_gpi': 2.3367557476064365, 'noise_stn_sigma': 1.0050236236089765, 'noise_gpe_sigma': 140.39232299686248, 'noise_gpi_sigma': 138.63779682598937, 'g_stn_gpe_mult': 2.3645041424154014, 'g_gpe_stn_mult': 0.17767762537671958, 'g_stn_gpi_mult': 1.3544129425448075, 'g_gpe_gpi_mult': 0.863627385188241}. Best is trial 472 with value: 0.008730069704351145.
[I 2026-05-28 02:38:30,717] Trial 500 finished with value: 0.03494148484277301 and parameters: {'ISTN': 62.31220803564451, 'I_gpe': 1.126037570036274, 'I_gpi': 2.3175134238010866, 'noise_stn_sigma': 1.432763913568757, 'noise_gpe_sigma': 138.62549676277177, 'noise_gpi_sigma': 137.18756855661007, 'g_stn_gpe_mult': 2.5002499638810454, 'g_gpe_stn_mult': 0.1708532857576908, 'g_stn_gpi_mult': 1.2759169466004308, 'g_gpe_gpi_mult': 0.9212622918163929}. Best is trial 472 with value: 0.008730069704351145.
[I 2026-05-28 02:38:31,729] Trial 501 finished with value: 0.04842261067855706 and parameters: {'ISTN': 63.45551919978218, 'I_gpe': 1.100321106040933, 'I_gpi': 2.400786555012675, 'noise_stn_sigma': 1.3600510411292672, 'noise_gpe_sigma': 140.01541816496854, 'noise_gpi_sigma': 143.04579218166145, 'g_stn_gpe_mult': 2.396335530939768, 'g_gpe_stn_mult': 0.16823870522360573, 'g_stn_gpi_mult': 1.2617623683772305, 'g_gpe_gpi_mult': 0.8903017464545946}. Best is trial 472 with value: 0.008730069704351145.
[I 2026-05-28 02:38:32,737] Trial 502 finished with value: 0.025131720056845334 and parameters: {'ISTN': 61.17922727068959, 'I_gpe': 1.1165937591309887, 'I_gpi': 2.1358997269715587, 'noise_stn_sigma': 1.266905599712635, 'noise_gpe_sigma': 141.73528539513887, 'noise_gpi_sigma': 139.55605253418554, 'g_stn_gpe_mult': 2.415342869840738, 'g_gpe_stn_mult': 0.17699839940214532, 'g_stn_gpi_mult': 1.287337801128682, 'g_gpe_gpi_mult': 0.9319682923876309}. Best is trial 472 with value: 0.008730069704351145.
[I 2026-05-28 02:38:33,745] Trial 503 finished with value: 0.12182092203095288 and parameters: {'ISTN': 61.362605052071494, 'I_gpe': 1.1501314675323808, 'I_gpi': 2.23800301147595, 'noise_stn_sigma': 1.3620059743291368, 'noise_gpe_sigma': 133.36522101637578, 'noise_gpi_sigma': 130.15785381900037, 'g_stn_gpe_mult': 2.5745029327762268, 'g_gpe_stn_mult': 0.19112925006132842, 'g_stn_gpi_mult': 1.4719460176933397, 'g_gpe_gpi_mult': 0.9293252614840202}. Best is trial 472 with value: 0.008730069704351145.
[I 2026-05-28 02:38:34,753] Trial 504 finished with value: 0.024414506435137883 and parameters: {'ISTN': 60.799714488257244, 'I_gpe': 1.2673318153556254, 'I_gpi': 2.350729861034722, 'noise_stn_sigma': 1.4715923146211918, 'noise_gpe_sigma': 141.12944815867598, 'noise_gpi_sigma': 138.5436268563626, 'g_stn_gpe_mult': 2.374079317792663, 'g_gpe_stn_mult': 0.17476435083646066, 'g_stn_gpi_mult': 1.2771392788033915, 'g_gpe_gpi_mult': 0.9194543138421989}. Best is trial 472 with value: 0.008730069704351145.
[I 2026-05-28 02:38:35,762] Trial 505 finished with value: 0.025758546270196685 and parameters: {'ISTN': 60.999272197471356, 'I_gpe': 1.107382018887198, 'I_gpi': 2.2333846855269313, 'noise_stn_sigma': 1.3894272298611483, 'noise_gpe_sigma': 132.92139269230435, 'noise_gpi_sigma': 134.29104722022421, 'g_stn_gpe_mult': 2.4731954609494453, 'g_gpe_stn_mult': 0.18874231740041003, 'g_stn_gpi_mult': 1.420358200859754, 'g_gpe_gpi_mult': 0.8998279551223294}. Best is trial 472 with value: 0.008730069704351145.
[I 2026-05-28 02:38:36,771] Trial 506 finished with value: 0.04712061406315857 and parameters: {'ISTN': 61.870162243950425, 'I_gpe': 1.072156238458681, 'I_gpi': 2.1274345389464404, 'noise_stn_sigma': 1.4181061403165547, 'noise_gpe_sigma': 136.18817004790492, 'noise_gpi_sigma': 143.53068903988648, 'g_stn_gpe_mult': 2.5216891213286754, 'g_gpe_stn_mult': 0.20319019742585373, 'g_stn_gpi_mult': 1.3619517407431259, 'g_gpe_gpi_mult': 0.8965166421983566}. Best is trial 472 with value: 0.008730069704351145.
[I 2026-05-28 02:38:37,779] Trial 507 finished with value: 0.04852444449024221 and parameters: {'ISTN': 62.517830381649674, 'I_gpe': 1.072433271248466, 'I_gpi': 2.4185385931381127, 'noise_stn_sigma': 1.372515368794843, 'noise_gpe_sigma': 139.7967138345445, 'noise_gpi_sigma': 132.18909335791523, 'g_stn_gpe_mult': 2.4750979382145455, 'g_gpe_stn_mult': 0.1711550923482119, 'g_stn_gpi_mult': 1.433672265339092, 'g_gpe_gpi_mult': 0.9194063901417862}. Best is trial 472 with value: 0.008730069704351145.
[I 2026-05-28 02:38:38,790] Trial 508 finished with value: 0.04552864299794583 and parameters: {'ISTN': 62.353671766487224, 'I_gpe': 1.1870049972889092, 'I_gpi': 2.295746692735462, 'noise_stn_sigma': 1.0079361100340674, 'noise_gpe_sigma': 137.97907621540926, 'noise_gpi_sigma': 142.6530754473141, 'g_stn_gpe_mult': 2.42944722459345, 'g_gpe_stn_mult': 0.18975323393189775, 'g_stn_gpi_mult': 1.3109108196456902, 'g_gpe_gpi_mult': 0.9169957553791479}. Best is trial 472 with value: 0.008730069704351145.
[I 2026-05-28 02:38:39,796] Trial 509 finished with value: 0.12484015621788866 and parameters: {'ISTN': 61.89850996874957, 'I_gpe': 1.0977308931569851, 'I_gpi': 2.2041823075270948, 'noise_stn_sigma': 1.4053455011343625, 'noise_gpe_sigma': 133.870940791799, 'noise_gpi_sigma': 138.5284691360415, 'g_stn_gpe_mult': 2.616900693210116, 'g_gpe_stn_mult': 0.1823983316319796, 'g_stn_gpi_mult': 1.2645691295677408, 'g_gpe_gpi_mult': 0.8922186745714078}. Best is trial 472 with value: 0.008730069704351145.
[I 2026-05-28 02:38:40,803] Trial 510 finished with value: 0.040064935289422295 and parameters: {'ISTN': 62.19976163367723, 'I_gpe': 1.0711478398360197, 'I_gpi': 2.320835553766566, 'noise_stn_sigma': 1.182887637838274, 'noise_gpe_sigma': 138.78448909541495, 'noise_gpi_sigma': 138.81751784357627, 'g_stn_gpe_mult': 2.2739105056696927, 'g_gpe_stn_mult': 0.17802982850308535, 'g_stn_gpi_mult': 1.3350341931123904, 'g_gpe_gpi_mult': 0.8808384248968082}. Best is trial 472 with value: 0.008730069704351145.
[I 2026-05-28 02:38:41,809] Trial 511 finished with value: 0.0541691489965052 and parameters: {'ISTN': 62.18500484689815, 'I_gpe': 1.219679844338169, 'I_gpi': 2.2045986156627073, 'noise_stn_sigma': 1.25224408444921, 'noise_gpe_sigma': 138.68218368360607, 'noise_gpi_sigma': 135.64053214587747, 'g_stn_gpe_mult': 2.44273480604366, 'g_gpe_stn_mult': 0.17512144377201297, 'g_stn_gpi_mult': 1.3409019066595054, 'g_gpe_gpi_mult': 0.9407681193840152}. Best is trial 472 with value: 0.008730069704351145.
[I 2026-05-28 02:38:42,818] Trial 512 finished with value: 0.05357389473467967 and parameters: {'ISTN': 63.24771322223326, 'I_gpe': 1.2554016206982106, 'I_gpi': 2.2800794279416916, 'noise_stn_sigma': 1.2526223706031827, 'noise_gpe_sigma': 136.2495237860633, 'noise_gpi_sigma': 137.1797123533176, 'g_stn_gpe_mult': 2.379889458494607, 'g_gpe_stn_mult': 0.16358554644523693, 'g_stn_gpi_mult': 1.475762863689938, 'g_gpe_gpi_mult': 0.843844216622418}. Best is trial 472 with value: 0.008730069704351145.
[I 2026-05-28 02:38:43,826] Trial 513 finished with value: 0.040926719808111155 and parameters: {'ISTN': 61.62802903499341, 'I_gpe': 1.1219244848961656, 'I_gpi': 2.2736481313605537, 'noise_stn_sigma': 1.508379604731543, 'noise_gpe_sigma': 144.68816917005682, 'noise_gpi_sigma': 141.91525762994698, 'g_stn_gpe_mult': 2.5040131214273313, 'g_gpe_stn_mult': 0.18746291540544405, 'g_stn_gpi_mult': 1.2976206027825277, 'g_gpe_gpi_mult': 0.8774787326411424}. Best is trial 472 with value: 0.008730069704351145.
[I 2026-05-28 02:38:44,833] Trial 514 finished with value: 0.03195487005451084 and parameters: {'ISTN': 62.21434488788657, 'I_gpe': 1.1384877816221108, 'I_gpi': 2.208795265071295, 'noise_stn_sigma': 1.1643163172726037, 'noise_gpe_sigma': 138.51164509860746, 'noise_gpi_sigma': 137.36132006318968, 'g_stn_gpe_mult': 2.616715060282022, 'g_gpe_stn_mult': 0.16783869138771323, 'g_stn_gpi_mult': 1.2813427711517675, 'g_gpe_gpi_mult': 0.8841996907778997}. Best is trial 472 with value: 0.008730069704351145.
[I 2026-05-28 02:38:45,840] Trial 515 finished with value: 0.04727210150732294 and parameters: {'ISTN': 62.49183170959287, 'I_gpe': 1.132240230849153, 'I_gpi': 2.1203475593429397, 'noise_stn_sigma': 1.4017928411622471, 'noise_gpe_sigma': 136.7951582384087, 'noise_gpi_sigma': 136.47648015404747, 'g_stn_gpe_mult': 2.3878525249684013, 'g_gpe_stn_mult': 0.18687418161009356, 'g_stn_gpi_mult': 1.4389341018501765, 'g_gpe_gpi_mult': 0.9070744386659153}. Best is trial 472 with value: 0.008730069704351145.
[I 2026-05-28 02:38:46,848] Trial 516 finished with value: 0.04699147590291937 and parameters: {'ISTN': 62.36502570841665, 'I_gpe': 1.2639169154807939, 'I_gpi': 2.2089813764765767, 'noise_stn_sigma': 1.2015035873819775, 'noise_gpe_sigma': 140.3410084598442, 'noise_gpi_sigma': 140.35684744824977, 'g_stn_gpe_mult': 2.3095503772471524, 'g_gpe_stn_mult': 0.16546727525507984, 'g_stn_gpi_mult': 1.346421941281379, 'g_gpe_gpi_mult': 0.8548892041483795}. Best is trial 472 with value: 0.008730069704351145.
[I 2026-05-28 02:38:47,855] Trial 517 finished with value: 0.039685750146814774 and parameters: {'ISTN': 61.598933632445124, 'I_gpe': 1.2110470396647872, 'I_gpi': 2.3446952497570885, 'noise_stn_sigma': 1.3458468683151055, 'noise_gpe_sigma': 140.6023992214159, 'noise_gpi_sigma': 140.70527807010404, 'g_stn_gpe_mult': 2.2854704547752394, 'g_gpe_stn_mult': 0.17908458455148052, 'g_stn_gpi_mult': 1.2686992383950517, 'g_gpe_gpi_mult': 0.9565999120444215}. Best is trial 472 with value: 0.008730069704351145.
[I 2026-05-28 02:38:48,802] Trial 518 finished with value: 1000000.0 and parameters: {'ISTN': 61.91339694281841, 'I_gpe': 1.168668716721624, 'I_gpi': 2.265911616228168, 'noise_stn_sigma': 1.1060012128813137, 'noise_gpe_sigma': 136.04638555335583, 'noise_gpi_sigma': 142.85514340545222, 'g_stn_gpe_mult': 2.2303274018657286, 'g_gpe_stn_mult': 0.19063721337932843, 'g_stn_gpi_mult': 1.3307897727089844, 'g_gpe_gpi_mult': 0.9218500198388488}. Best is trial 472 with value: 0.008730069704351145.
[I 2026-05-28 02:38:49,811] Trial 519 finished with value: 0.043666070175287834 and parameters: {'ISTN': 62.825405094572226, 'I_gpe': 1.1523387061408503, 'I_gpi': 2.277178311843535, 'noise_stn_sigma': 1.278839800832776, 'noise_gpe_sigma': 140.5263783005955, 'noise_gpi_sigma': 137.75016537469565, 'g_stn_gpe_mult': 2.539129130565847, 'g_gpe_stn_mult': 0.1849040518782708, 'g_stn_gpi_mult': 1.2032754753781136, 'g_gpe_gpi_mult': 0.8988524804730533}. Best is trial 472 with value: 0.008730069704351145.
[I 2026-05-28 02:38:50,820] Trial 520 finished with value: 0.0431476440431823 and parameters: {'ISTN': 61.81869184127765, 'I_gpe': 1.1330070487504917, 'I_gpi': 2.2226242480357663, 'noise_stn_sigma': 1.262747016389408, 'noise_gpe_sigma': 142.25970946880983, 'noise_gpi_sigma': 134.73555509854333, 'g_stn_gpe_mult': 2.4100624132150896, 'g_gpe_stn_mult': 0.18686213787640402, 'g_stn_gpi_mult': 1.3186892722341943, 'g_gpe_gpi_mult': 0.9181801636458822}. Best is trial 472 with value: 0.008730069704351145.
