[I 2026-05-28 02:33:48,671] Trial 220 finished with value: 5.971151946114243 and parameters: {'ISTN': 69.83024383979611, 'I_gpe': 0.5710635774935509, 'I_gpi': 2.28337259431284, 'noise_stn_sigma': 2.503315463851527, 'noise_gpe_sigma': 108.76760998926886, 'noise_gpi_sigma': 121.20847102883239, 'g_stn_gpe_mult': 2.8736155696218786, 'g_gpe_stn_mult': 0.18352448738885227, 'g_stn_gpi_mult': 1.587803080298825, 'g_gpe_gpi_mult': 0.7715061576280511}. Best is trial 219 with value: 0.044337424747640394.
[I 2026-05-28 02:33:49,680] Trial 221 finished with value: 0.10299950428527632 and parameters: {'ISTN': 62.21578957228985, 'I_gpe': 1.0304411888365508, 'I_gpi': 1.7982833121593997, 'noise_stn_sigma': 2.212370398610366, 'noise_gpe_sigma': 108.80258191188501, 'noise_gpi_sigma': 132.51152797323692, 'g_stn_gpe_mult': 3.286478637103971, 'g_gpe_stn_mult': 0.17699175390501548, 'g_stn_gpi_mult': 1.6231872466774688, 'g_gpe_gpi_mult': 0.7647632612241104}. Best is trial 219 with value: 0.044337424747640394.
[I 2026-05-28 02:33:50,689] Trial 222 finished with value: 1.7009315339074165 and parameters: {'ISTN': 68.13746982151237, 'I_gpe': 1.1865123763896777, 'I_gpi': 2.150954771803634, 'noise_stn_sigma': 2.036967265398521, 'noise_gpe_sigma': 123.44198083566431, 'noise_gpi_sigma': 131.13035090300468, 'g_stn_gpe_mult': 2.8052753160910644, 'g_gpe_stn_mult': 0.16983451641623198, 'g_stn_gpi_mult': 1.7476390992980528, 'g_gpe_gpi_mult': 0.7984332090585771}. Best is trial 219 with value: 0.044337424747640394.
[I 2026-05-28 02:33:51,696] Trial 223 finished with value: 12.103577832876905 and parameters: {'ISTN': 73.94642142204285, 'I_gpe': 1.1966144951465265, 'I_gpi': 2.1715460146352683, 'noise_stn_sigma': 2.5770148090246954, 'noise_gpe_sigma': 104.38880850688403, 'noise_gpi_sigma': 141.38015322172112, 'g_stn_gpe_mult': 2.8889282725658663, 'g_gpe_stn_mult': 0.20073251443899653, 'g_stn_gpi_mult': 1.610829071792083, 'g_gpe_gpi_mult': 0.7444531555003988}. Best is trial 219 with value: 0.044337424747640394.
[I 2026-05-28 02:33:52,705] Trial 224 finished with value: 10.211594692467896 and parameters: {'ISTN': 69.4515604146066, 'I_gpe': 1.4272094195425682, 'I_gpi': 2.6277037972552852, 'noise_stn_sigma': 1.1858520610363494, 'noise_gpe_sigma': 106.3968818750775, 'noise_gpi_sigma': 131.57328585434078, 'g_stn_gpe_mult': 3.0435328362545753, 'g_gpe_stn_mult': 0.24714650337215466, 'g_stn_gpi_mult': 1.6773985952107746, 'g_gpe_gpi_mult': 0.848279246443983}. Best is trial 219 with value: 0.044337424747640394.
[I 2026-05-28 02:33:53,713] Trial 225 finished with value: 0.058307028051820836 and parameters: {'ISTN': 63.4587264730602, 'I_gpe': 1.250062889549157, 'I_gpi': 2.0990568024535374, 'noise_stn_sigma': 2.140633552594104, 'noise_gpe_sigma': 110.35963441861904, 'noise_gpi_sigma': 149.81580791694847, 'g_stn_gpe_mult': 3.5660715236012015, 'g_gpe_stn_mult': 0.18186544037696378, 'g_stn_gpi_mult': 1.6428640379901378, 'g_gpe_gpi_mult': 0.678770261705022}. Best is trial 219 with value: 0.044337424747640394.
[I 2026-05-28 02:33:54,719] Trial 226 finished with value: 0.2636602332092097 and parameters: {'ISTN': 63.79620232632167, 'I_gpe': 1.1692750880801817, 'I_gpi': 2.9272936426976335, 'noise_stn_sigma': 2.646983060363513, 'noise_gpe_sigma': 113.56400245740872, 'noise_gpi_sigma': 127.9228230797997, 'g_stn_gpe_mult': 3.2887498497455105, 'g_gpe_stn_mult': 0.19582398028366932, 'g_stn_gpi_mult': 1.7183525600152496, 'g_gpe_gpi_mult': 0.8248272101633563}. Best is trial 219 with value: 0.044337424747640394.
[I 2026-05-28 02:33:55,726] Trial 227 finished with value: 13.259897571943005 and parameters: {'ISTN': 79.93906006928806, 'I_gpe': 1.1069252167906884, 'I_gpi': 2.272643852607804, 'noise_stn_sigma': 1.417791015063495, 'noise_gpe_sigma': 112.41780337716834, 'noise_gpi_sigma': 124.99549051155522, 'g_stn_gpe_mult': 3.266893707923314, 'g_gpe_stn_mult': 0.15295480877878212, 'g_stn_gpi_mult': 1.538902537963954, 'g_gpe_gpi_mult': 0.7693748095484776}. Best is trial 219 with value: 0.044337424747640394.
[I 2026-05-28 02:33:56,737] Trial 228 finished with value: 2.5194590934239414 and parameters: {'ISTN': 70.54531751388727, 'I_gpe': 1.292743528762447, 'I_gpi': 2.53368900672477, 'noise_stn_sigma': 2.744566811861369, 'noise_gpe_sigma': 101.96921919103963, 'noise_gpi_sigma': 149.2104836471167, 'g_stn_gpe_mult': 3.4710042214035837, 'g_gpe_stn_mult': 0.11012964686983366, 'g_stn_gpi_mult': 2.003228535651372, 'g_gpe_gpi_mult': 0.6986927154004897}. Best is trial 219 with value: 0.044337424747640394.
[I 2026-05-28 02:33:57,745] Trial 229 finished with value: 3.728341424961685 and parameters: {'ISTN': 68.55460403540721, 'I_gpe': 1.2895208527303015, 'I_gpi': 3.2831589816112814, 'noise_stn_sigma': 3.2067706422557913, 'noise_gpe_sigma': 106.69015182957455, 'noise_gpi_sigma': 140.61021422182623, 'g_stn_gpe_mult': 3.12770999879151, 'g_gpe_stn_mult': 0.16685589443892113, 'g_stn_gpi_mult': 1.9221717220950882, 'g_gpe_gpi_mult': 0.843052600561496}. Best is trial 219 with value: 0.044337424747640394.
[I 2026-05-28 02:33:58,754] Trial 230 finished with value: 8.337293299782601 and parameters: {'ISTN': 77.22272975454763, 'I_gpe': 1.4722209349010187, 'I_gpi': 3.1631834046689087, 'noise_stn_sigma': 2.7801867975947934, 'noise_gpe_sigma': 104.9728278390833, 'noise_gpi_sigma': 132.26534967547403, 'g_stn_gpe_mult': 3.052196349845423, 'g_gpe_stn_mult': 0.11509670863747365, 'g_stn_gpi_mult': 1.919187550409858, 'g_gpe_gpi_mult': 0.7911519340277502}. Best is trial 219 with value: 0.044337424747640394.
[I 2026-05-28 02:33:59,763] Trial 231 finished with value: 0.08667089549917975 and parameters: {'ISTN': 62.5172226679452, 'I_gpe': 0.9914475618198566, 'I_gpi': 2.434456725714756, 'noise_stn_sigma': 2.7719064924131884, 'noise_gpe_sigma': 121.02204899020828, 'noise_gpi_sigma': 120.44271205743128, 'g_stn_gpe_mult': 3.399603193285233, 'g_gpe_stn_mult': 0.1680443138750612, 'g_stn_gpi_mult': 1.9504058625378708, 'g_gpe_gpi_mult': 0.782809894573071}. Best is trial 219 with value: 0.044337424747640394.
[I 2026-05-28 02:34:00,771] Trial 232 finished with value: 14.570721228505327 and parameters: {'ISTN': 75.79667748509375, 'I_gpe': 1.5082891982977578, 'I_gpi': 2.470380996044678, 'noise_stn_sigma': 2.414950410414613, 'noise_gpe_sigma': 83.30910076573083, 'noise_gpi_sigma': 139.21496161398255, 'g_stn_gpe_mult': 3.644700287708946, 'g_gpe_stn_mult': 0.1784319191184522, 'g_stn_gpi_mult': 1.6502314034053793, 'g_gpe_gpi_mult': 0.8007820516882549}. Best is trial 219 with value: 0.044337424747640394.
[I 2026-05-28 02:34:01,779] Trial 233 finished with value: 8.52273995205093 and parameters: {'ISTN': 65.38754254275976, 'I_gpe': 0.94742565270727, 'I_gpi': 2.1706600898190125, 'noise_stn_sigma': 2.555693274845088, 'noise_gpe_sigma': 118.39512764804499, 'noise_gpi_sigma': 143.37319948895544, 'g_stn_gpe_mult': 3.5299407009067836, 'g_gpe_stn_mult': 0.23540469772174843, 'g_stn_gpi_mult': 1.2563788891049064, 'g_gpe_gpi_mult': 0.833353582854063}. Best is trial 219 with value: 0.044337424747640394.
[I 2026-05-28 02:34:02,789] Trial 234 finished with value: 0.030575711581523085 and parameters: {'ISTN': 63.25230814180407, 'I_gpe': 1.156619726318965, 'I_gpi': 2.193237650728264, 'noise_stn_sigma': 1.753292030908007, 'noise_gpe_sigma': 128.59272332042497, 'noise_gpi_sigma': 136.97797140013247, 'g_stn_gpe_mult': 3.06854665749968, 'g_gpe_stn_mult': 0.13756209336722558, 'g_stn_gpi_mult': 1.7676634570765375, 'g_gpe_gpi_mult': 0.7085118630140073}. Best is trial 234 with value: 0.030575711581523085.
[I 2026-05-28 02:34:03,798] Trial 235 finished with value: 0.12054891695266955 and parameters: {'ISTN': 67.31508683702839, 'I_gpe': 1.1488784432979737, 'I_gpi': 2.3138682573417424, 'noise_stn_sigma': 1.7081749043936847, 'noise_gpe_sigma': 122.29633472519997, 'noise_gpi_sigma': 131.5020876787678, 'g_stn_gpe_mult': 3.2589820510391196, 'g_gpe_stn_mult': 0.1500740243119598, 'g_stn_gpi_mult': 1.8208828650191486, 'g_gpe_gpi_mult': 0.7908252889570373}. Best is trial 234 with value: 0.030575711581523085.
[I 2026-05-28 02:34:04,806] Trial 236 finished with value: 0.30145713830432563 and parameters: {'ISTN': 61.374828213517425, 'I_gpe': 1.1538946619945438, 'I_gpi': 1.2609899242084461, 'noise_stn_sigma': 2.247791511950516, 'noise_gpe_sigma': 121.1173622652433, 'noise_gpi_sigma': 146.8273330455128, 'g_stn_gpe_mult': 3.1398872070195756, 'g_gpe_stn_mult': 0.1699891052276527, 'g_stn_gpi_mult': 1.6450677461867493, 'g_gpe_gpi_mult': 0.6142767580879949}. Best is trial 234 with value: 0.030575711581523085.
[I 2026-05-28 02:34:05,813] Trial 237 finished with value: 12.408038981802319 and parameters: {'ISTN': 75.69567055678152, 'I_gpe': 0.8493077479332444, 'I_gpi': 1.9909326019691835, 'noise_stn_sigma': 2.9520312371185975, 'noise_gpe_sigma': 106.14323145662236, 'noise_gpi_sigma': 133.69029298135527, 'g_stn_gpe_mult': 3.3289985254599967, 'g_gpe_stn_mult': 0.20136056614908948, 'g_stn_gpi_mult': 1.683378631319111, 'g_gpe_gpi_mult': 0.6810312602508283}. Best is trial 234 with value: 0.030575711581523085.
[I 2026-05-28 02:34:06,821] Trial 238 finished with value: 0.17055291687015708 and parameters: {'ISTN': 67.63174301024407, 'I_gpe': 1.2161292964404997, 'I_gpi': 1.6696544321567408, 'noise_stn_sigma': 2.4558095021111566, 'noise_gpe_sigma': 110.2784313047396, 'noise_gpi_sigma': 145.139574375974, 'g_stn_gpe_mult': 3.0048805804387015, 'g_gpe_stn_mult': 0.13127121734318886, 'g_stn_gpi_mult': 1.84858899932577, 'g_gpe_gpi_mult': 0.6449917286454991}. Best is trial 234 with value: 0.030575711581523085.
[I 2026-05-28 02:34:07,830] Trial 239 finished with value: 0.14891822851142134 and parameters: {'ISTN': 65.43012209515526, 'I_gpe': 1.0151299652140282, 'I_gpi': 1.6831261214994186, 'noise_stn_sigma': 2.421650421961697, 'noise_gpe_sigma': 123.60599695028931, 'noise_gpi_sigma': 140.64325997864023, 'g_stn_gpe_mult': 3.1274992840707325, 'g_gpe_stn_mult': 0.12582896287441883, 'g_stn_gpi_mult': 1.6600300996240285, 'g_gpe_gpi_mult': 0.48894829275511104}. Best is trial 234 with value: 0.030575711581523085.
[I 2026-05-28 02:34:08,838] Trial 240 finished with value: 0.5202058657313893 and parameters: {'ISTN': 61.411906639692646, 'I_gpe': 0.8266406726428939, 'I_gpi': 2.524273818535278, 'noise_stn_sigma': 2.5870227460745374, 'noise_gpe_sigma': 92.67284365752896, 'noise_gpi_sigma': 112.95797436629482, 'g_stn_gpe_mult': 3.2758862448295734, 'g_gpe_stn_mult': 0.13704904849997745, 'g_stn_gpi_mult': 2.167599247822192, 'g_gpe_gpi_mult': 0.7510966156142747}. Best is trial 234 with value: 0.030575711581523085.
[I 2026-05-28 02:34:09,847] Trial 241 finished with value: 0.06327869889857728 and parameters: {'ISTN': 63.37925459965814, 'I_gpe': 1.3428126637871522, 'I_gpi': 2.0438121752542484, 'noise_stn_sigma': 2.0050404485415054, 'noise_gpe_sigma': 128.91463809928626, 'noise_gpi_sigma': 127.17079805833558, 'g_stn_gpe_mult': 3.2612460055953174, 'g_gpe_stn_mult': 0.12840454317354863, 'g_stn_gpi_mult': 1.7409304143009807, 'g_gpe_gpi_mult': 0.6903145938418486}. Best is trial 234 with value: 0.030575711581523085.
[I 2026-05-28 02:34:10,856] Trial 242 finished with value: 0.069458539631535 and parameters: {'ISTN': 65.40750487659842, 'I_gpe': 1.0722254468991996, 'I_gpi': 2.279794994316896, 'noise_stn_sigma': 2.887468935450896, 'noise_gpe_sigma': 132.5395141634424, 'noise_gpi_sigma': 134.79659098890698, 'g_stn_gpe_mult': 3.09960419439446, 'g_gpe_stn_mult': 0.144400368965454, 'g_stn_gpi_mult': 1.3860339418350291, 'g_gpe_gpi_mult': 0.7690437934684822}. Best is trial 234 with value: 0.030575711581523085.
[I 2026-05-28 02:34:11,862] Trial 243 finished with value: 0.07981803272129902 and parameters: {'ISTN': 63.12689915107997, 'I_gpe': 0.8013754894447493, 'I_gpi': 2.286027271244866, 'noise_stn_sigma': 1.5240723075539107, 'noise_gpe_sigma': 111.2019025089787, 'noise_gpi_sigma': 128.12228885683305, 'g_stn_gpe_mult': 3.5397710280710744, 'g_gpe_stn_mult': 0.204224779170489, 'g_stn_gpi_mult': 1.6524864817632448, 'g_gpe_gpi_mult': 0.6970215429107838}. Best is trial 234 with value: 0.030575711581523085.
[I 2026-05-28 02:34:12,868] Trial 244 finished with value: 6.902650890695021 and parameters: {'ISTN': 68.59322882840222, 'I_gpe': 0.8595259488811596, 'I_gpi': 2.5789302223366115, 'noise_stn_sigma': 2.9243372821700557, 'noise_gpe_sigma': 121.02706043686878, 'noise_gpi_sigma': 120.8443928512812, 'g_stn_gpe_mult': 3.215362537270848, 'g_gpe_stn_mult': 0.2012378060928671, 'g_stn_gpi_mult': 1.6432600550774312, 'g_gpe_gpi_mult': 0.6729958727943086}. Best is trial 234 with value: 0.030575711581523085.
[I 2026-05-28 02:34:13,877] Trial 245 finished with value: 9.156624339329989 and parameters: {'ISTN': 68.76636092579616, 'I_gpe': 1.6589766281354916, 'I_gpi': 1.7895027462792035, 'noise_stn_sigma': 3.1004576683300926, 'noise_gpe_sigma': 122.49820497026762, 'noise_gpi_sigma': 132.93158072588918, 'g_stn_gpe_mult': 3.6148412196295068, 'g_gpe_stn_mult': 0.19451394884078232, 'g_stn_gpi_mult': 2.0508930630067947, 'g_gpe_gpi_mult': 0.7076965254920673}. Best is trial 234 with value: 0.030575711581523085.
[I 2026-05-28 02:34:14,886] Trial 246 finished with value: 0.05640648159034797 and parameters: {'ISTN': 66.05862208910749, 'I_gpe': 1.038544930094262, 'I_gpi': 2.115281467770995, 'noise_stn_sigma': 2.1729411587088006, 'noise_gpe_sigma': 123.44351097569275, 'noise_gpi_sigma': 141.5833662168913, 'g_stn_gpe_mult': 3.3472624516104936, 'g_gpe_stn_mult': 0.13997619025806585, 'g_stn_gpi_mult': 1.9583407692642592, 'g_gpe_gpi_mult': 0.8582861553017722}. Best is trial 234 with value: 0.030575711581523085.
[I 2026-05-28 02:34:15,893] Trial 247 finished with value: 0.38987150715323304 and parameters: {'ISTN': 62.44952214051195, 'I_gpe': 0.9515472299555343, 'I_gpi': 1.2467373679197014, 'noise_stn_sigma': 2.1936210808448084, 'noise_gpe_sigma': 121.70101692653395, 'noise_gpi_sigma': 127.73989865057533, 'g_stn_gpe_mult': 2.858782749513658, 'g_gpe_stn_mult': 0.11419130448910492, 'g_stn_gpi_mult': 1.5120709588369472, 'g_gpe_gpi_mult': 0.9766750145423155}. Best is trial 234 with value: 0.030575711581523085.
[I 2026-05-28 02:34:16,902] Trial 248 finished with value: 5.682319302700186 and parameters: {'ISTN': 71.10838496579089, 'I_gpe': 0.8042268970204722, 'I_gpi': 2.063647461765528, 'noise_stn_sigma': 2.5930399651192344, 'noise_gpe_sigma': 148.74608115195943, 'noise_gpi_sigma': 123.61910752395971, 'g_stn_gpe_mult': 3.0524413794712624, 'g_gpe_stn_mult': 0.1402952854157687, 'g_stn_gpi_mult': 1.6681766654268553, 'g_gpe_gpi_mult': 0.7176986082102452}. Best is trial 234 with value: 0.030575711581523085.
[I 2026-05-28 02:34:17,911] Trial 249 finished with value: 0.055560714453713626 and parameters: {'ISTN': 64.94423843188628, 'I_gpe': 0.9950214443764367, 'I_gpi': 2.2316047338523797, 'noise_stn_sigma': 1.8616940283211176, 'noise_gpe_sigma': 120.50934561218232, 'noise_gpi_sigma': 126.31993316657959, 'g_stn_gpe_mult': 2.7912624698365462, 'g_gpe_stn_mult': 0.139451926708884, 'g_stn_gpi_mult': 1.8989973824609718, 'g_gpe_gpi_mult': 0.7884872024436}. Best is trial 234 with value: 0.030575711581523085.
[I 2026-05-28 02:34:18,917] Trial 250 finished with value: 1.4011302525424554 and parameters: {'ISTN': 61.39287664765616, 'I_gpe': 1.4911859116114523, 'I_gpi': 1.6292439136216075, 'noise_stn_sigma': 1.9812930503991937, 'noise_gpe_sigma': 133.8617041731252, 'noise_gpi_sigma': 133.46305335774832, 'g_stn_gpe_mult': 3.604056468474281, 'g_gpe_stn_mult': 0.11500174560601223, 'g_stn_gpi_mult': 1.8508460947753553, 'g_gpe_gpi_mult': 0.7654014592731546}. Best is trial 234 with value: 0.030575711581523085.
[I 2026-05-28 02:34:19,865] Trial 251 finished with value: 1000000.0 and parameters: {'ISTN': 66.11327573241611, 'I_gpe': 1.1779284205441973, 'I_gpi': 1.73982646219961, 'noise_stn_sigma': 1.990064178992987, 'noise_gpe_sigma': 136.52192936146008, 'noise_gpi_sigma': 126.6338844962118, 'g_stn_gpe_mult': 3.471648201166502, 'g_gpe_stn_mult': 0.16505071304428637, 'g_stn_gpi_mult': 1.826755133374275, 'g_gpe_gpi_mult': 0.6471657605984762}. Best is trial 234 with value: 0.030575711581523085.
[I 2026-05-28 02:34:20,874] Trial 252 finished with value: 11.58880282741888 and parameters: {'ISTN': 70.79888454321758, 'I_gpe': 1.0167502829044641, 'I_gpi': 2.6943228551715754, 'noise_stn_sigma': 2.069881972563997, 'noise_gpe_sigma': 100.38452174787636, 'noise_gpi_sigma': 116.58122647083471, 'g_stn_gpe_mult': 3.212230035059599, 'g_gpe_stn_mult': 0.15930620205188298, 'g_stn_gpi_mult': 2.169451302291756, 'g_gpe_gpi_mult': 0.7556597204649744}. Best is trial 234 with value: 0.030575711581523085.
[I 2026-05-28 02:34:21,882] Trial 253 finished with value: 4.5606300677605764 and parameters: {'ISTN': 72.25727826963279, 'I_gpe': 1.3848030815689372, 'I_gpi': 2.8034263136757396, 'noise_stn_sigma': 1.5152014747317435, 'noise_gpe_sigma': 114.54652595445744, 'noise_gpi_sigma': 138.028776949095, 'g_stn_gpe_mult': 2.8259152766628723, 'g_gpe_stn_mult': 0.12084246054940077, 'g_stn_gpi_mult': 1.9776539698017896, 'g_gpe_gpi_mult': 0.7630585157941807}. Best is trial 234 with value: 0.030575711581523085.
[I 2026-05-28 02:34:22,890] Trial 254 finished with value: 13.924912224748095 and parameters: {'ISTN': 76.58723039029508, 'I_gpe': 1.3160257626518477, 'I_gpi': 2.350588858453005, 'noise_stn_sigma': 1.2318063700408495, 'noise_gpe_sigma': 136.39587440844235, 'noise_gpi_sigma': 128.3964920549472, 'g_stn_gpe_mult': 2.977851705673401, 'g_gpe_stn_mult': 0.18302719740623236, 'g_stn_gpi_mult': 1.7279507393686164, 'g_gpe_gpi_mult': 0.6097782691225418}. Best is trial 234 with value: 0.030575711581523085.
[I 2026-05-28 02:34:23,898] Trial 255 finished with value: 0.06394743973934411 and parameters: {'ISTN': 66.11541227273179, 'I_gpe': 0.9399548555882873, 'I_gpi': 2.0973436600502677, 'noise_stn_sigma': 2.0735826375501007, 'noise_gpe_sigma': 125.7251999907251, 'noise_gpi_sigma': 134.5464409130626, 'g_stn_gpe_mult': 3.1372609386839416, 'g_gpe_stn_mult': 0.12128659266290741, 'g_stn_gpi_mult': 1.8983581038325221, 'g_gpe_gpi_mult': 0.6730712494628401}. Best is trial 234 with value: 0.030575711581523085.
[I 2026-05-28 02:34:24,907] Trial 256 finished with value: 0.14845223189175216 and parameters: {'ISTN': 61.369119056057514, 'I_gpe': 1.549722621398935, 'I_gpi': 2.614080573469427, 'noise_stn_sigma': 2.189332674255057, 'noise_gpe_sigma': 113.85574691316826, 'noise_gpi_sigma': 139.55690922702334, 'g_stn_gpe_mult': 3.5547995891454303, 'g_gpe_stn_mult': 0.18424239377318524, 'g_stn_gpi_mult': 1.4310090723903586, 'g_gpe_gpi_mult': 0.8835021860415091}. Best is trial 234 with value: 0.030575711581523085.
[I 2026-05-28 02:34:25,915] Trial 257 finished with value: 0.2611857048766189 and parameters: {'ISTN': 65.35961024083502, 'I_gpe': 1.5078006599706606, 'I_gpi': 2.80532822499639, 'noise_stn_sigma': 2.3840626556481057, 'noise_gpe_sigma': 114.17036678542802, 'noise_gpi_sigma': 136.96520835590286, 'g_stn_gpe_mult': 3.193758062103913, 'g_gpe_stn_mult': 0.15411452746131077, 'g_stn_gpi_mult': 1.7087037262677374, 'g_gpe_gpi_mult': 0.8544399171694073}. Best is trial 234 with value: 0.030575711581523085.
[I 2026-05-28 02:34:26,923] Trial 258 finished with value: 0.08974651491240186 and parameters: {'ISTN': 64.15618509577263, 'I_gpe': 1.0104053437979283, 'I_gpi': 2.40691654329272, 'noise_stn_sigma': 2.9021468010025098, 'noise_gpe_sigma': 116.7880915487526, 'noise_gpi_sigma': 118.25894881856294, 'g_stn_gpe_mult': 2.6780464784424693, 'g_gpe_stn_mult': 0.16196761253930803, 'g_stn_gpi_mult': 1.9496368842995386, 'g_gpe_gpi_mult': 0.8414322463352368}. Best is trial 234 with value: 0.030575711581523085.
[I 2026-05-28 02:34:27,932] Trial 259 finished with value: 1.0566827562231593 and parameters: {'ISTN': 67.63754250736454, 'I_gpe': 1.4640749547223333, 'I_gpi': 2.348687078373218, 'noise_stn_sigma': 2.306645203816015, 'noise_gpe_sigma': 122.90385313057976, 'noise_gpi_sigma': 138.84434655154786, 'g_stn_gpe_mult': 2.751410219584278, 'g_gpe_stn_mult': 0.15514978734021964, 'g_stn_gpi_mult': 2.164847983343056, 'g_gpe_gpi_mult': 0.7910495033134353}. Best is trial 234 with value: 0.030575711581523085.
[I 2026-05-28 02:34:28,940] Trial 260 finished with value: 0.3975519353121214 and parameters: {'ISTN': 64.05532765453734, 'I_gpe': 1.030629341194099, 'I_gpi': 1.1689655675169284, 'noise_stn_sigma': 2.449232241680271, 'noise_gpe_sigma': 149.2872709299581, 'noise_gpi_sigma': 122.82896202655141, 'g_stn_gpe_mult': 2.7410840657016085, 'g_gpe_stn_mult': 0.12923070271131867, 'g_stn_gpi_mult': 2.07213644361659, 'g_gpe_gpi_mult': 0.7465470104856531}. Best is trial 234 with value: 0.030575711581523085.
[I 2026-05-28 02:34:29,949] Trial 261 finished with value: 0.13308674815144814 and parameters: {'ISTN': 62.70888959815352, 'I_gpe': 1.1366142586705235, 'I_gpi': 2.5849118826339166, 'noise_stn_sigma': 3.0945552462082224, 'noise_gpe_sigma': 115.67337990366327, 'noise_gpi_sigma': 136.57758612541426, 'g_stn_gpe_mult': 2.9087887337010114, 'g_gpe_stn_mult': 0.15324826877431189, 'g_stn_gpi_mult': 2.0108186015019482, 'g_gpe_gpi_mult': 0.7871174702365287}. Best is trial 234 with value: 0.030575711581523085.
[I 2026-05-28 02:34:30,961] Trial 262 finished with value: 0.9161070799294229 and parameters: {'ISTN': 62.82202852803726, 'I_gpe': 0.886844385950361, 'I_gpi': 2.4808002223473498, 'noise_stn_sigma': 3.2371256139579563, 'noise_gpe_sigma': 124.4573709757916, 'noise_gpi_sigma': 124.31622646834599, 'g_stn_gpe_mult': 2.6950431740382275, 'g_gpe_stn_mult': 0.16520603008929569, 'g_stn_gpi_mult': 1.908595508951398, 'g_gpe_gpi_mult': 0.7966200589223242}. Best is trial 234 with value: 0.030575711581523085.
