[I 2026-05-28 02:16:06,014] Trial 176 finished with value: 1.5324000132582607 and parameters: {'ISTN': 74.28870964379404, 'I_gpe': 1.025807499516164, 'I_gpi': 1.8697972726534586, 'noise_stn_sigma': 2.2527488017981065, 'noise_gpe_sigma': 80.47435848906615, 'noise_gpi_sigma': 93.80804996530895, 'g_stn_gpe_mult': 3.2244508817109563, 'g_gpe_stn_mult': 0.24780168120949594, 'g_stn_gpi_mult': 2.7377054293368595, 'g_gpe_gpi_mult': 0.8348990798984945}. Best is trial 73 with value: 0.6027631458682815.
[I 2026-05-28 02:16:07,021] Trial 177 finished with value: 1.6130613277704593 and parameters: {'ISTN': 68.86404480728692, 'I_gpe': 1.0236288035427505, 'I_gpi': 1.4998680438429945, 'noise_stn_sigma': 3.1571547378218536, 'noise_gpe_sigma': 62.47647336109764, 'noise_gpi_sigma': 105.76574872342917, 'g_stn_gpe_mult': 3.1410853447929146, 'g_gpe_stn_mult': 0.20091989274018873, 'g_stn_gpi_mult': 2.901023733843768, 'g_gpe_gpi_mult': 0.8711944940744101}. Best is trial 73 with value: 0.6027631458682815.
[I 2026-05-28 02:16:08,028] Trial 178 finished with value: 1.3537709442021204 and parameters: {'ISTN': 69.83587120163264, 'I_gpe': 1.2799855682473393, 'I_gpi': 1.5889007559626758, 'noise_stn_sigma': 1.3010538887106646, 'noise_gpe_sigma': 93.79268843835155, 'noise_gpi_sigma': 102.90496885853916, 'g_stn_gpe_mult': 3.142507153976757, 'g_gpe_stn_mult': 0.24545200911911402, 'g_stn_gpi_mult': 2.3633030182606625, 'g_gpe_gpi_mult': 0.964300465235004}. Best is trial 73 with value: 0.6027631458682815.
[I 2026-05-28 02:16:09,035] Trial 179 finished with value: 1.7420884125388754 and parameters: {'ISTN': 77.33302256025723, 'I_gpe': 1.0616702355544014, 'I_gpi': 2.42379545818234, 'noise_stn_sigma': 2.045768721926155, 'noise_gpe_sigma': 66.45629001455241, 'noise_gpi_sigma': 90.39431273670978, 'g_stn_gpe_mult': 2.3876636054340046, 'g_gpe_stn_mult': 0.20755263039874583, 'g_stn_gpi_mult': 3.2491784223927986, 'g_gpe_gpi_mult': 0.881760318806829}. Best is trial 73 with value: 0.6027631458682815.
[I 2026-05-28 02:16:10,041] Trial 180 finished with value: 1.4989559944402548 and parameters: {'ISTN': 63.005026761758494, 'I_gpe': 0.9865969683926061, 'I_gpi': 2.335157626204152, 'noise_stn_sigma': 2.787376079946076, 'noise_gpe_sigma': 72.10438118262164, 'noise_gpi_sigma': 107.10284953245791, 'g_stn_gpe_mult': 3.1769768094412942, 'g_gpe_stn_mult': 0.45732166090995185, 'g_stn_gpi_mult': 3.1506250614550284, 'g_gpe_gpi_mult': 1.0047790350311707}. Best is trial 73 with value: 0.6027631458682815.
[I 2026-05-28 02:16:11,048] Trial 181 finished with value: 0.7673772729188463 and parameters: {'ISTN': 66.5067009775183, 'I_gpe': 0.9216068013068276, 'I_gpi': 1.6012437107433968, 'noise_stn_sigma': 3.4583742403270885, 'noise_gpe_sigma': 89.23442292116917, 'noise_gpi_sigma': 109.81766816334638, 'g_stn_gpe_mult': 2.7966977316356565, 'g_gpe_stn_mult': 0.13519840362849497, 'g_stn_gpi_mult': 2.2560804982304825, 'g_gpe_gpi_mult': 1.012014206388729}. Best is trial 73 with value: 0.6027631458682815.
[I 2026-05-28 02:16:12,054] Trial 182 finished with value: 1.3140899287739363 and parameters: {'ISTN': 73.82534893409856, 'I_gpe': 1.4127135422376331, 'I_gpi': 1.4747761486262632, 'noise_stn_sigma': 1.598435845458531, 'noise_gpe_sigma': 67.6209500656798, 'noise_gpi_sigma': 92.94053350928735, 'g_stn_gpe_mult': 2.6090878022071706, 'g_gpe_stn_mult': 0.10672798608142171, 'g_stn_gpi_mult': 2.9855850159294635, 'g_gpe_gpi_mult': 0.8631012212670133}. Best is trial 73 with value: 0.6027631458682815.
[I 2026-05-28 02:16:13,061] Trial 183 finished with value: 0.8712566799347592 and parameters: {'ISTN': 65.48065282287818, 'I_gpe': 1.2019895123820077, 'I_gpi': 1.5545116126433558, 'noise_stn_sigma': 3.214785080779154, 'noise_gpe_sigma': 90.20023282863588, 'noise_gpi_sigma': 103.29646135885126, 'g_stn_gpe_mult': 3.2223401405951377, 'g_gpe_stn_mult': 0.26596317288296, 'g_stn_gpi_mult': 2.829716938974601, 'g_gpe_gpi_mult': 1.0182721191501736}. Best is trial 73 with value: 0.6027631458682815.
[I 2026-05-28 02:16:14,066] Trial 184 finished with value: 0.8145326771816661 and parameters: {'ISTN': 62.101216407088835, 'I_gpe': 1.0212984160244591, 'I_gpi': 1.112074358813103, 'noise_stn_sigma': 4.079920718743034, 'noise_gpe_sigma': 112.23072699413801, 'noise_gpi_sigma': 104.69053075901157, 'g_stn_gpe_mult': 3.4341488579187307, 'g_gpe_stn_mult': 0.16327868252375002, 'g_stn_gpi_mult': 3.1623665825233194, 'g_gpe_gpi_mult': 1.1098162850893347}. Best is trial 73 with value: 0.6027631458682815.
[I 2026-05-28 02:16:15,071] Trial 185 finished with value: 1.3188902013966077 and parameters: {'ISTN': 71.77899687649328, 'I_gpe': 1.36755787406543, 'I_gpi': 1.3955840318138328, 'noise_stn_sigma': 2.535926026198193, 'noise_gpe_sigma': 85.9159166608616, 'noise_gpi_sigma': 88.6891966032394, 'g_stn_gpe_mult': 3.434418571984673, 'g_gpe_stn_mult': 0.20811862132615078, 'g_stn_gpi_mult': 2.62193547378972, 'g_gpe_gpi_mult': 0.9202690146129229}. Best is trial 73 with value: 0.6027631458682815.
[I 2026-05-28 02:16:16,080] Trial 186 finished with value: 0.8363018341623972 and parameters: {'ISTN': 65.29408047023307, 'I_gpe': 0.8344254607448236, 'I_gpi': 1.1137320122772154, 'noise_stn_sigma': 2.3840172821878403, 'noise_gpe_sigma': 75.28501135846399, 'noise_gpi_sigma': 94.86354892856404, 'g_stn_gpe_mult': 3.5565284892602005, 'g_gpe_stn_mult': 0.21767750188761947, 'g_stn_gpi_mult': 2.8480443045144117, 'g_gpe_gpi_mult': 0.8639257517108427}. Best is trial 73 with value: 0.6027631458682815.
[I 2026-05-28 02:16:17,087] Trial 187 finished with value: 0.9003610943733342 and parameters: {'ISTN': 67.39900157404041, 'I_gpe': 1.6763953189460703, 'I_gpi': 1.9095780137740141, 'noise_stn_sigma': 2.0899296603537554, 'noise_gpe_sigma': 76.28489305331229, 'noise_gpi_sigma': 86.67620612275658, 'g_stn_gpe_mult': 3.1423845545122377, 'g_gpe_stn_mult': 0.22500534889670631, 'g_stn_gpi_mult': 2.807674089988019, 'g_gpe_gpi_mult': 0.857522142036302}. Best is trial 73 with value: 0.6027631458682815.
[I 2026-05-28 02:16:18,095] Trial 188 finished with value: 0.9275308710527366 and parameters: {'ISTN': 62.641868167905855, 'I_gpe': 1.4361641658915532, 'I_gpi': 1.9400501192246715, 'noise_stn_sigma': 1.458191658213502, 'noise_gpe_sigma': 82.30114857012985, 'noise_gpi_sigma': 81.42802819203246, 'g_stn_gpe_mult': 3.143626015203517, 'g_gpe_stn_mult': 0.15605162447780863, 'g_stn_gpi_mult': 2.5877807564565627, 'g_gpe_gpi_mult': 1.1533559483043314}. Best is trial 73 with value: 0.6027631458682815.
[I 2026-05-28 02:16:19,102] Trial 189 finished with value: 1.4969790207890163 and parameters: {'ISTN': 70.37555362235484, 'I_gpe': 0.7506221671442344, 'I_gpi': 1.3429701072727973, 'noise_stn_sigma': 2.5432134895856824, 'noise_gpe_sigma': 73.52890457928522, 'noise_gpi_sigma': 101.60809875584316, 'g_stn_gpe_mult': 2.6803443783862018, 'g_gpe_stn_mult': 0.24885436986122778, 'g_stn_gpi_mult': 3.312263679400563, 'g_gpe_gpi_mult': 0.784819993283772}. Best is trial 73 with value: 0.6027631458682815.
[I 2026-05-28 02:16:20,107] Trial 190 finished with value: 0.6768886115865668 and parameters: {'ISTN': 60.328980794001744, 'I_gpe': 1.5869652003979953, 'I_gpi': 1.500013383896714, 'noise_stn_sigma': 3.1750883653780693, 'noise_gpe_sigma': 87.5522774175397, 'noise_gpi_sigma': 98.27067711880647, 'g_stn_gpe_mult': 3.1611874698355553, 'g_gpe_stn_mult': 0.2648534577836497, 'g_stn_gpi_mult': 2.543316856278744, 'g_gpe_gpi_mult': 1.0214035932928371}. Best is trial 73 with value: 0.6027631458682815.
[I 2026-05-28 02:16:21,115] Trial 191 finished with value: 0.8851039119953638 and parameters: {'ISTN': 64.58281606240936, 'I_gpe': 1.5409398674897699, 'I_gpi': 2.1442246984567532, 'noise_stn_sigma': 2.900844234664519, 'noise_gpe_sigma': 89.44458350421654, 'noise_gpi_sigma': 89.7526885730299, 'g_stn_gpe_mult': 2.8840863860386348, 'g_gpe_stn_mult': 0.27252282697375874, 'g_stn_gpi_mult': 2.830342263475009, 'g_gpe_gpi_mult': 1.008130244642092}. Best is trial 73 with value: 0.6027631458682815.
[I 2026-05-28 02:16:22,122] Trial 192 finished with value: 1.1438205875127496 and parameters: {'ISTN': 71.81926794140752, 'I_gpe': 1.4685000593011448, 'I_gpi': 1.7729658311127043, 'noise_stn_sigma': 2.5143982184900997, 'noise_gpe_sigma': 88.6512660880187, 'noise_gpi_sigma': 112.12777403093087, 'g_stn_gpe_mult': 3.154651882798397, 'g_gpe_stn_mult': 0.1579631607576575, 'g_stn_gpi_mult': 2.9433256660025773, 'g_gpe_gpi_mult': 1.1711142568091157}. Best is trial 73 with value: 0.6027631458682815.
[I 2026-05-28 02:16:23,131] Trial 193 finished with value: 0.7616883716412616 and parameters: {'ISTN': 62.33999020606556, 'I_gpe': 1.3083978314226679, 'I_gpi': 1.5951129977862764, 'noise_stn_sigma': 2.9555935250964733, 'noise_gpe_sigma': 82.74041974569563, 'noise_gpi_sigma': 101.504063628673, 'g_stn_gpe_mult': 2.9206621140707796, 'g_gpe_stn_mult': 0.2510801156553857, 'g_stn_gpi_mult': 2.5703354775947505, 'g_gpe_gpi_mult': 1.0029392119146925}. Best is trial 73 with value: 0.6027631458682815.
[I 2026-05-28 02:16:24,138] Trial 194 finished with value: 0.6821875023141579 and parameters: {'ISTN': 62.77671414119101, 'I_gpe': 1.2397823768902403, 'I_gpi': 2.0882908969098426, 'noise_stn_sigma': 2.90057333171289, 'noise_gpe_sigma': 93.73155735896329, 'noise_gpi_sigma': 114.89995093997024, 'g_stn_gpe_mult': 3.9747361618131594, 'g_gpe_stn_mult': 0.2533460789324594, 'g_stn_gpi_mult': 3.2019930870530104, 'g_gpe_gpi_mult': 1.0247728112350658}. Best is trial 73 with value: 0.6027631458682815.
[I 2026-05-28 02:16:25,144] Trial 195 finished with value: 0.8122804929752022 and parameters: {'ISTN': 61.60104100100963, 'I_gpe': 0.8944667593602218, 'I_gpi': 1.4541621637866327, 'noise_stn_sigma': 3.862191718392357, 'noise_gpe_sigma': 88.77228355849816, 'noise_gpi_sigma': 98.82931160364764, 'g_stn_gpe_mult': 2.6613265827961436, 'g_gpe_stn_mult': 0.27425388641058673, 'g_stn_gpi_mult': 2.4026229192369666, 'g_gpe_gpi_mult': 1.0897468190896125}. Best is trial 73 with value: 0.6027631458682815.
[I 2026-05-28 02:16:26,150] Trial 196 finished with value: 1.3865535764193684 and parameters: {'ISTN': 66.96389586595107, 'I_gpe': 1.1489765587711154, 'I_gpi': 1.8817222748290807, 'noise_stn_sigma': 3.223509396630326, 'noise_gpe_sigma': 97.09834848278574, 'noise_gpi_sigma': 90.39902671302929, 'g_stn_gpe_mult': 3.6608222064619165, 'g_gpe_stn_mult': 0.21318204473097682, 'g_stn_gpi_mult': 2.615204813171239, 'g_gpe_gpi_mult': 0.9563357592932411}. Best is trial 73 with value: 0.6027631458682815.
[I 2026-05-28 02:16:27,155] Trial 197 finished with value: 1.0979156777102559 and parameters: {'ISTN': 60.07081976227165, 'I_gpe': 1.5808267908367946, 'I_gpi': 1.695683901961309, 'noise_stn_sigma': 2.730395347343462, 'noise_gpe_sigma': 68.23527548891975, 'noise_gpi_sigma': 118.50320737245958, 'g_stn_gpe_mult': 3.556449472173216, 'g_gpe_stn_mult': 0.12798482143280993, 'g_stn_gpi_mult': 2.3931768950436534, 'g_gpe_gpi_mult': 0.878051559521017}. Best is trial 73 with value: 0.6027631458682815.
[I 2026-05-28 02:16:28,162] Trial 198 finished with value: 0.7965492945068873 and parameters: {'ISTN': 62.80699802957792, 'I_gpe': 1.0206842172485242, 'I_gpi': 1.3079595327528173, 'noise_stn_sigma': 3.8106133832669884, 'noise_gpe_sigma': 87.40007157174125, 'noise_gpi_sigma': 109.38019990455615, 'g_stn_gpe_mult': 3.4193608971142986, 'g_gpe_stn_mult': 0.11607299750280937, 'g_stn_gpi_mult': 2.4592429992601055, 'g_gpe_gpi_mult': 0.9132611911497706}. Best is trial 73 with value: 0.6027631458682815.
[I 2026-05-28 02:16:29,170] Trial 199 finished with value: 0.6139760195402288 and parameters: {'ISTN': 62.63166201790973, 'I_gpe': 1.092534147392631, 'I_gpi': 2.2820760100319926, 'noise_stn_sigma': 2.770858733206894, 'noise_gpe_sigma': 87.33964875911468, 'noise_gpi_sigma': 96.51171848111026, 'g_stn_gpe_mult': 2.76050652138634, 'g_gpe_stn_mult': 0.1444870798372848, 'g_stn_gpi_mult': 2.838966991755783, 'g_gpe_gpi_mult': 0.9740246508861736}. Best is trial 73 with value: 0.6027631458682815.
[I 2026-05-28 02:16:30,175] Trial 200 finished with value: 0.9029043352369652 and parameters: {'ISTN': 64.61998282126117, 'I_gpe': 1.2431689095081344, 'I_gpi': 1.255854176882181, 'noise_stn_sigma': 3.6009657456155875, 'noise_gpe_sigma': 101.72130788212303, 'noise_gpi_sigma': 122.66091622313587, 'g_stn_gpe_mult': 2.9315538251494777, 'g_gpe_stn_mult': 0.10458554900530184, 'g_stn_gpi_mult': 2.866277734526145, 'g_gpe_gpi_mult': 0.989227609430831}. Best is trial 73 with value: 0.6027631458682815.
[I 2026-05-28 02:16:31,185] Trial 201 finished with value: 1.0762862785895133 and parameters: {'ISTN': 65.44061304073531, 'I_gpe': 1.4380417658622986, 'I_gpi': 1.983421209326918, 'noise_stn_sigma': 2.295575352305149, 'noise_gpe_sigma': 84.48300854381934, 'noise_gpi_sigma': 113.63970972377028, 'g_stn_gpe_mult': 2.5307940594441756, 'g_gpe_stn_mult': 0.22754925095636355, 'g_stn_gpi_mult': 2.8374736341583384, 'g_gpe_gpi_mult': 0.9111128137728861}. Best is trial 73 with value: 0.6027631458682815.
[I 2026-05-28 02:16:32,191] Trial 202 finished with value: 0.8525750660939153 and parameters: {'ISTN': 66.20332434881034, 'I_gpe': 0.9745213798926361, 'I_gpi': 2.170322543605275, 'noise_stn_sigma': 2.7302947296891458, 'noise_gpe_sigma': 95.83125501527275, 'noise_gpi_sigma': 100.9073073609481, 'g_stn_gpe_mult': 3.065399176335035, 'g_gpe_stn_mult': 0.20709342128573205, 'g_stn_gpi_mult': 2.6513388881605735, 'g_gpe_gpi_mult': 0.9124088771604222}. Best is trial 73 with value: 0.6027631458682815.
[I 2026-05-28 02:16:33,196] Trial 203 finished with value: 0.6753850340350162 and parameters: {'ISTN': 66.46888105133928, 'I_gpe': 0.8439456202485938, 'I_gpi': 2.0298142165924737, 'noise_stn_sigma': 3.20859152455332, 'noise_gpe_sigma': 93.06424283545608, 'noise_gpi_sigma': 112.35062268854973, 'g_stn_gpe_mult': 3.0444755637365755, 'g_gpe_stn_mult': 0.16039225790365425, 'g_stn_gpi_mult': 3.1884923207141433, 'g_gpe_gpi_mult': 1.1097438435915399}. Best is trial 73 with value: 0.6027631458682815.
[I 2026-05-28 02:16:34,201] Trial 204 finished with value: 1.0742439104836339 and parameters: {'ISTN': 67.77764894838808, 'I_gpe': 0.8614456682805389, 'I_gpi': 1.9149212529853494, 'noise_stn_sigma': 3.7157969540953504, 'noise_gpe_sigma': 75.95536045009302, 'noise_gpi_sigma': 99.60010031517284, 'g_stn_gpe_mult': 3.336873607577646, 'g_gpe_stn_mult': 0.2288105182392464, 'g_stn_gpi_mult': 3.195676130259155, 'g_gpe_gpi_mult': 1.0259805341585262}. Best is trial 73 with value: 0.6027631458682815.
[I 2026-05-28 02:16:35,208] Trial 205 finished with value: 0.876545161681299 and parameters: {'ISTN': 68.577933772898, 'I_gpe': 1.3410511153725393, 'I_gpi': 1.6411722287558967, 'noise_stn_sigma': 1.7883429346587754, 'noise_gpe_sigma': 73.1476010304834, 'noise_gpi_sigma': 68.32245894104989, 'g_stn_gpe_mult': 2.535426547306585, 'g_gpe_stn_mult': 0.15597874834133085, 'g_stn_gpi_mult': 3.0906408472192384, 'g_gpe_gpi_mult': 1.0683441895713768}. Best is trial 73 with value: 0.6027631458682815.
[I 2026-05-28 02:16:36,212] Trial 206 finished with value: 0.7887119607370541 and parameters: {'ISTN': 65.40199281100877, 'I_gpe': 0.9539816961348062, 'I_gpi': 2.5530576632439863, 'noise_stn_sigma': 1.6584296011134168, 'noise_gpe_sigma': 83.75267260591957, 'noise_gpi_sigma': 108.6775770250152, 'g_stn_gpe_mult': 3.031984444292643, 'g_gpe_stn_mult': 0.2526739010984736, 'g_stn_gpi_mult': 3.457690415481566, 'g_gpe_gpi_mult': 0.9497155708405212}. Best is trial 73 with value: 0.6027631458682815.
[I 2026-05-28 02:16:37,220] Trial 207 finished with value: 0.6533232601095865 and parameters: {'ISTN': 64.55782962774272, 'I_gpe': 1.1105312250568806, 'I_gpi': 1.9992807877460608, 'noise_stn_sigma': 2.6478534916954866, 'noise_gpe_sigma': 86.28797496758024, 'noise_gpi_sigma': 101.70968677665947, 'g_stn_gpe_mult': 3.2251132120939103, 'g_gpe_stn_mult': 0.16064514637024402, 'g_stn_gpi_mult': 2.5200137752271075, 'g_gpe_gpi_mult': 0.8265219711053646}. Best is trial 73 with value: 0.6027631458682815.
[I 2026-05-28 02:16:38,225] Trial 208 finished with value: 0.6068688665757969 and parameters: {'ISTN': 64.19978089385452, 'I_gpe': 1.1389555063022774, 'I_gpi': 2.415984609972984, 'noise_stn_sigma': 3.4531780845084294, 'noise_gpe_sigma': 97.88594666670264, 'noise_gpi_sigma': 112.03740881497941, 'g_stn_gpe_mult': 3.3094781595896947, 'g_gpe_stn_mult': 0.15356998136378935, 'g_stn_gpi_mult': 2.7870580683151642, 'g_gpe_gpi_mult': 1.0457528185774547}. Best is trial 73 with value: 0.6027631458682815.
[I 2026-05-28 02:16:39,231] Trial 209 finished with value: 1.018902271508686 and parameters: {'ISTN': 66.22693594185364, 'I_gpe': 1.4814683559776856, 'I_gpi': 2.3666977769095165, 'noise_stn_sigma': 3.676278609367811, 'noise_gpe_sigma': 81.26778764568888, 'noise_gpi_sigma': 76.81499317328135, 'g_stn_gpe_mult': 3.0318130453241317, 'g_gpe_stn_mult': 0.20837962307576752, 'g_stn_gpi_mult': 2.9439935721996604, 'g_gpe_gpi_mult': 1.0747478088836484}. Best is trial 73 with value: 0.6027631458682815.
[I 2026-05-28 02:16:40,239] Trial 210 finished with value: 0.7275810970447425 and parameters: {'ISTN': 67.08287911579545, 'I_gpe': 1.0086574945913096, 'I_gpi': 2.9788710523845956, 'noise_stn_sigma': 2.111464118787033, 'noise_gpe_sigma': 91.6404653671881, 'noise_gpi_sigma': 101.478322399723, 'g_stn_gpe_mult': 3.540909623925847, 'g_gpe_stn_mult': 0.1837364130262678, 'g_stn_gpi_mult': 2.4194341527671726, 'g_gpe_gpi_mult': 1.036505010888384}. Best is trial 73 with value: 0.6027631458682815.
[I 2026-05-28 02:16:41,245] Trial 211 finished with value: 0.6749929821667973 and parameters: {'ISTN': 63.699807035082486, 'I_gpe': 0.6978444648731814, 'I_gpi': 3.014232459667334, 'noise_stn_sigma': 2.5910749247513847, 'noise_gpe_sigma': 95.37123934832216, 'noise_gpi_sigma': 109.27311248209705, 'g_stn_gpe_mult': 2.8397290868166207, 'g_gpe_stn_mult': 0.13141403995033163, 'g_stn_gpi_mult': 3.0213368503325193, 'g_gpe_gpi_mult': 0.9957819674994743}. Best is trial 73 with value: 0.6027631458682815.
[I 2026-05-28 02:16:42,251] Trial 212 finished with value: 0.712537752670946 and parameters: {'ISTN': 62.2768614213275, 'I_gpe': 1.2520494668612463, 'I_gpi': 2.4082415319676076, 'noise_stn_sigma': 1.6694975481697845, 'noise_gpe_sigma': 85.29660827329344, 'noise_gpi_sigma': 100.59357197302417, 'g_stn_gpe_mult': 3.1889149444001332, 'g_gpe_stn_mult': 0.16608095245439036, 'g_stn_gpi_mult': 3.103354265830833, 'g_gpe_gpi_mult': 0.9289140681006476}. Best is trial 73 with value: 0.6027631458682815.
[I 2026-05-28 02:16:43,257] Trial 213 finished with value: 0.6688128918747752 and parameters: {'ISTN': 63.640177094910584, 'I_gpe': 1.0980555843524558, 'I_gpi': 1.9902047379593761, 'noise_stn_sigma': 2.818076532010505, 'noise_gpe_sigma': 89.61443841976828, 'noise_gpi_sigma': 113.71795396768026, 'g_stn_gpe_mult': 2.9083711110668657, 'g_gpe_stn_mult': 0.19444115202014292, 'g_stn_gpi_mult': 3.0747307142832616, 'g_gpe_gpi_mult': 1.141546988795781}. Best is trial 73 with value: 0.6027631458682815.
[I 2026-05-28 02:16:44,260] Trial 214 finished with value: 1.497947821820588 and parameters: {'ISTN': 69.97373595761276, 'I_gpe': 1.5480756341319906, 'I_gpi': 2.799509901527057, 'noise_stn_sigma': 1.8208883269037952, 'noise_gpe_sigma': 105.46761476971768, 'noise_gpi_sigma': 93.79758566838326, 'g_stn_gpe_mult': 3.4727057666959515, 'g_gpe_stn_mult': 0.24539591928408538, 'g_stn_gpi_mult': 3.4773911396445705, 'g_gpe_gpi_mult': 0.945169936007467}. Best is trial 73 with value: 0.6027631458682815.
[I 2026-05-28 02:16:45,265] Trial 215 finished with value: 0.6641811094194748 and parameters: {'ISTN': 63.615371670174454, 'I_gpe': 0.98571235837592, 'I_gpi': 2.2962335175446946, 'noise_stn_sigma': 2.794357467159732, 'noise_gpe_sigma': 94.25711295556927, 'noise_gpi_sigma': 102.46459109498946, 'g_stn_gpe_mult': 2.9367653200639428, 'g_gpe_stn_mult': 0.10608787029465791, 'g_stn_gpi_mult': 2.2632557923155705, 'g_gpe_gpi_mult': 0.9395012851551698}. Best is trial 73 with value: 0.6027631458682815.
[I 2026-05-28 02:16:46,270] Trial 216 finished with value: 1.357406536092441 and parameters: {'ISTN': 73.58731226219624, 'I_gpe': 0.994024065496161, 'I_gpi': 2.6828549995057447, 'noise_stn_sigma': 3.22952820769616, 'noise_gpe_sigma': 96.33430416163583, 'noise_gpi_sigma': 105.43289260239442, 'g_stn_gpe_mult': 3.2503199124217583, 'g_gpe_stn_mult': 0.1286169433431097, 'g_stn_gpi_mult': 2.470536298390998, 'g_gpe_gpi_mult': 1.0547711786060165}. Best is trial 73 with value: 0.6027631458682815.
[I 2026-05-28 02:16:47,275] Trial 217 finished with value: 0.618121153417038 and parameters: {'ISTN': 60.47045977362086, 'I_gpe': 1.1074384440726144, 'I_gpi': 2.922300637177957, 'noise_stn_sigma': 3.756136558314489, 'noise_gpe_sigma': 101.89220913469829, 'noise_gpi_sigma': 101.86713247991584, 'g_stn_gpe_mult': 3.2687315276338653, 'g_gpe_stn_mult': 0.2368828463440193, 'g_stn_gpi_mult': 2.779465040955738, 'g_gpe_gpi_mult': 0.9812012662275931}. Best is trial 73 with value: 0.6027631458682815.
[I 2026-05-28 02:16:48,280] Trial 218 finished with value: 1.754664113230969 and parameters: {'ISTN': 63.23211225323986, 'I_gpe': 0.9936066823757755, 'I_gpi': 2.5084545506317415, 'noise_stn_sigma': 2.324786565173376, 'noise_gpe_sigma': 90.60426757890687, 'noise_gpi_sigma': 118.16633113810666, 'g_stn_gpe_mult': 3.5135774295973086, 'g_gpe_stn_mult': 0.12166978768430549, 'g_stn_gpi_mult': 3.0087128279266135, 'g_gpe_gpi_mult': 1.0021716638743754}. Best is trial 73 with value: 0.6027631458682815.
[I 2026-05-28 02:16:49,286] Trial 219 finished with value: 1.346281441054319 and parameters: {'ISTN': 71.76091086963007, 'I_gpe': 1.0275121683589805, 'I_gpi': 2.240018756443972, 'noise_stn_sigma': 2.990646686778368, 'noise_gpe_sigma': 78.22980977495887, 'noise_gpi_sigma': 93.70638125943861, 'g_stn_gpe_mult': 3.0803939149010953, 'g_gpe_stn_mult': 0.20149368626830771, 'g_stn_gpi_mult': 2.619943088805434, 'g_gpe_gpi_mult': 1.0983938246931166}. Best is trial 73 with value: 0.6027631458682815.
