[I 2026-05-28 01:46:35,146] Trial 440 finished with value: 2.6020171048867824 and parameters: {'ISTN': 67.91346973929818, 'I_gpe': 1.1343766215672582, 'I_gpi': 1.706646454788964, 'noise_stn_sigma': 5.415591885179708, 'noise_gpe_sigma': 79.17698935876369, 'noise_gpi_sigma': 137.8536387126777, 'g_stn_gpe_mult': 2.4208331706948174, 'g_gpe_stn_mult': 0.17962309360901846, 'g_stn_gpi_mult': 3.246029358874982, 'g_gpe_gpi_mult': 0.7521255265207996}. Best is trial 419 with value: 0.20241380359463815.
[I 2026-05-28 01:46:36,157] Trial 441 finished with value: 0.4483457878646239 and parameters: {'ISTN': 64.69943259342647, 'I_gpe': 1.2174277723010554, 'I_gpi': 2.573846009410617, 'noise_stn_sigma': 4.122460223402255, 'noise_gpe_sigma': 66.12856078610915, 'noise_gpi_sigma': 132.8763970233143, 'g_stn_gpe_mult': 2.410188944242619, 'g_gpe_stn_mult': 0.14882544186553795, 'g_stn_gpi_mult': 3.9211618163327717, 'g_gpe_gpi_mult': 0.7032282322909735}. Best is trial 419 with value: 0.20241380359463815.
[I 2026-05-28 01:46:37,165] Trial 442 finished with value: 0.31569415795986244 and parameters: {'ISTN': 60.77355769968578, 'I_gpe': 1.270823216778706, 'I_gpi': 2.0613942462617123, 'noise_stn_sigma': 4.575182967066393, 'noise_gpe_sigma': 91.61396229987254, 'noise_gpi_sigma': 126.41138665070305, 'g_stn_gpe_mult': 2.7115415196455857, 'g_gpe_stn_mult': 0.1592929668535889, 'g_stn_gpi_mult': 3.5626203766014255, 'g_gpe_gpi_mult': 0.6197450670720304}. Best is trial 419 with value: 0.20241380359463815.
[I 2026-05-28 01:46:38,173] Trial 443 finished with value: 0.8899253349211695 and parameters: {'ISTN': 62.082718181970286, 'I_gpe': 0.8287923834863187, 'I_gpi': 1.755885981345095, 'noise_stn_sigma': 4.268112170927788, 'noise_gpe_sigma': 80.90058495101287, 'noise_gpi_sigma': 141.8131376593388, 'g_stn_gpe_mult': 2.6988600365159146, 'g_gpe_stn_mult': 0.16458900000698967, 'g_stn_gpi_mult': 3.1373984214176476, 'g_gpe_gpi_mult': 0.7749445341408381}. Best is trial 419 with value: 0.20241380359463815.
[I 2026-05-28 01:46:39,180] Trial 444 finished with value: 0.21064534981622526 and parameters: {'ISTN': 61.56844030932179, 'I_gpe': 1.4235606726216403, 'I_gpi': 2.1495158535815255, 'noise_stn_sigma': 3.46201076639889, 'noise_gpe_sigma': 80.32983762235546, 'noise_gpi_sigma': 116.74433246242913, 'g_stn_gpe_mult': 2.6736256653503188, 'g_gpe_stn_mult': 0.14333039675493217, 'g_stn_gpi_mult': 3.5708007095247285, 'g_gpe_gpi_mult': 0.7292934080282918}. Best is trial 419 with value: 0.20241380359463815.
[I 2026-05-28 01:46:40,190] Trial 445 finished with value: 0.5122846823530307 and parameters: {'ISTN': 65.58058042563324, 'I_gpe': 1.257064851622201, 'I_gpi': 1.7158770326790198, 'noise_stn_sigma': 4.056205127645286, 'noise_gpe_sigma': 84.3282516260923, 'noise_gpi_sigma': 147.3302111500582, 'g_stn_gpe_mult': 2.5085484321998286, 'g_gpe_stn_mult': 0.16491856738588717, 'g_stn_gpi_mult': 3.892076206249945, 'g_gpe_gpi_mult': 0.8144328854230563}. Best is trial 419 with value: 0.20241380359463815.
[I 2026-05-28 01:46:41,199] Trial 446 finished with value: 1.832837952407933 and parameters: {'ISTN': 66.85290106715644, 'I_gpe': 1.2064601012462162, 'I_gpi': 1.6386791367615783, 'noise_stn_sigma': 5.4857421181753745, 'noise_gpe_sigma': 72.07719060004993, 'noise_gpi_sigma': 122.86004382795124, 'g_stn_gpe_mult': 2.0841556283635785, 'g_gpe_stn_mult': 0.14003933323818163, 'g_stn_gpi_mult': 3.5350466102334965, 'g_gpe_gpi_mult': 0.6122320558226904}. Best is trial 419 with value: 0.20241380359463815.
[I 2026-05-28 01:46:42,209] Trial 447 finished with value: 0.22311454628598076 and parameters: {'ISTN': 61.889804939643994, 'I_gpe': 1.0953268125759292, 'I_gpi': 2.224387411191703, 'noise_stn_sigma': 4.688398945710338, 'noise_gpe_sigma': 92.63619021881394, 'noise_gpi_sigma': 119.60877746778583, 'g_stn_gpe_mult': 2.409976370585543, 'g_gpe_stn_mult': 0.10276677994908118, 'g_stn_gpi_mult': 3.824647510181765, 'g_gpe_gpi_mult': 0.7419421592482309}. Best is trial 419 with value: 0.20241380359463815.
[I 2026-05-28 01:46:43,218] Trial 448 finished with value: 0.26504077959197647 and parameters: {'ISTN': 62.852782607895826, 'I_gpe': 1.0261709467858608, 'I_gpi': 2.188030646419425, 'noise_stn_sigma': 4.148623663183659, 'noise_gpe_sigma': 88.01512273489261, 'noise_gpi_sigma': 133.6874854659474, 'g_stn_gpe_mult': 3.395257854894441, 'g_gpe_stn_mult': 0.17256559056855728, 'g_stn_gpi_mult': 3.9239667757418037, 'g_gpe_gpi_mult': 0.8001283637854828}. Best is trial 419 with value: 0.20241380359463815.
[I 2026-05-28 01:46:44,227] Trial 449 finished with value: 0.8084890690066442 and parameters: {'ISTN': 66.29389773605192, 'I_gpe': 0.9034027622784945, 'I_gpi': 2.1581317195503873, 'noise_stn_sigma': 4.699247005661726, 'noise_gpe_sigma': 90.36686617158213, 'noise_gpi_sigma': 121.778409485566, 'g_stn_gpe_mult': 2.6228751248376008, 'g_gpe_stn_mult': 0.13973077844830903, 'g_stn_gpi_mult': 3.6600428439569708, 'g_gpe_gpi_mult': 0.725717930031204}. Best is trial 419 with value: 0.20241380359463815.
[I 2026-05-28 01:46:45,238] Trial 450 finished with value: 0.95677255832521 and parameters: {'ISTN': 64.8514328169707, 'I_gpe': 1.1697736490538144, 'I_gpi': 2.10446137926097, 'noise_stn_sigma': 4.4714638132371824, 'noise_gpe_sigma': 79.2759365527964, 'noise_gpi_sigma': 135.29019352002868, 'g_stn_gpe_mult': 2.407682076308559, 'g_gpe_stn_mult': 0.1100400008864233, 'g_stn_gpi_mult': 3.629783740422365, 'g_gpe_gpi_mult': 0.6796687075430883}. Best is trial 419 with value: 0.20241380359463815.
[I 2026-05-28 01:46:46,249] Trial 451 finished with value: 0.7182993486952078 and parameters: {'ISTN': 61.784021591102906, 'I_gpe': 1.4117466176146922, 'I_gpi': 2.5044938358887094, 'noise_stn_sigma': 4.712032716079877, 'noise_gpe_sigma': 81.36461073500814, 'noise_gpi_sigma': 128.73561730414536, 'g_stn_gpe_mult': 2.716419217178868, 'g_gpe_stn_mult': 0.13172698245073125, 'g_stn_gpi_mult': 3.4447085091107743, 'g_gpe_gpi_mult': 0.59443112650334}. Best is trial 419 with value: 0.20241380359463815.
[I 2026-05-28 01:46:47,260] Trial 452 finished with value: 0.23544828475541363 and parameters: {'ISTN': 66.78551775646922, 'I_gpe': 1.1241466477578035, 'I_gpi': 1.8846542657915546, 'noise_stn_sigma': 3.728738731338261, 'noise_gpe_sigma': 82.04730903161945, 'noise_gpi_sigma': 123.28579911267587, 'g_stn_gpe_mult': 2.4175995227461025, 'g_gpe_stn_mult': 0.11518660944385854, 'g_stn_gpi_mult': 3.4879786127950263, 'g_gpe_gpi_mult': 0.7264925688756789}. Best is trial 419 with value: 0.20241380359463815.
[I 2026-05-28 01:46:48,268] Trial 453 finished with value: 2.8478002864131553 and parameters: {'ISTN': 70.55082279495575, 'I_gpe': 1.1928761718147927, 'I_gpi': 2.774963153390046, 'noise_stn_sigma': 3.134317030256629, 'noise_gpe_sigma': 90.17842172983393, 'noise_gpi_sigma': 117.11387498447192, 'g_stn_gpe_mult': 2.584338656017569, 'g_gpe_stn_mult': 0.15058509672689327, 'g_stn_gpi_mult': 3.683344825529626, 'g_gpe_gpi_mult': 0.6388950243532836}. Best is trial 419 with value: 0.20241380359463815.
[I 2026-05-28 01:46:49,276] Trial 454 finished with value: 2.477074085023695 and parameters: {'ISTN': 70.35455525948969, 'I_gpe': 0.898357304375716, 'I_gpi': 1.8942477403850266, 'noise_stn_sigma': 4.959757287053498, 'noise_gpe_sigma': 100.23006114138323, 'noise_gpi_sigma': 109.50269797241133, 'g_stn_gpe_mult': 2.361562867169205, 'g_gpe_stn_mult': 0.11014499255850353, 'g_stn_gpi_mult': 3.7601264545480593, 'g_gpe_gpi_mult': 0.7000977376227335}. Best is trial 419 with value: 0.20241380359463815.
[I 2026-05-28 01:46:50,287] Trial 455 finished with value: 0.2425306119085977 and parameters: {'ISTN': 64.00714609518691, 'I_gpe': 1.1282437758262613, 'I_gpi': 2.08403664680744, 'noise_stn_sigma': 2.782098585405303, 'noise_gpe_sigma': 90.4330442859892, 'noise_gpi_sigma': 126.97425497371991, 'g_stn_gpe_mult': 2.7720814246540746, 'g_gpe_stn_mult': 0.14217864684360204, 'g_stn_gpi_mult': 3.7070985302638, 'g_gpe_gpi_mult': 0.8447842702007864}. Best is trial 419 with value: 0.20241380359463815.
[I 2026-05-28 01:46:51,295] Trial 456 finished with value: 0.7816827449541701 and parameters: {'ISTN': 62.571142574065, 'I_gpe': 1.2623728197900608, 'I_gpi': 2.1486591698033797, 'noise_stn_sigma': 4.697644157962749, 'noise_gpe_sigma': 85.54144321322511, 'noise_gpi_sigma': 123.45145387303661, 'g_stn_gpe_mult': 3.0607583023539098, 'g_gpe_stn_mult': 0.22742643957887912, 'g_stn_gpi_mult': 3.6921881526442393, 'g_gpe_gpi_mult': 0.7385055085764491}. Best is trial 419 with value: 0.20241380359463815.
[I 2026-05-28 01:46:52,303] Trial 457 finished with value: 0.4797391401060063 and parameters: {'ISTN': 60.311649057839844, 'I_gpe': 1.0921886380600447, 'I_gpi': 2.7811542446892163, 'noise_stn_sigma': 4.062687173698887, 'noise_gpe_sigma': 86.90353818170672, 'noise_gpi_sigma': 104.57499622528654, 'g_stn_gpe_mult': 2.516722303080503, 'g_gpe_stn_mult': 0.1367667541572818, 'g_stn_gpi_mult': 3.8726623922808505, 'g_gpe_gpi_mult': 0.679656029849662}. Best is trial 419 with value: 0.20241380359463815.
[I 2026-05-28 01:46:53,313] Trial 458 finished with value: 0.2216748244290426 and parameters: {'ISTN': 61.37799004961848, 'I_gpe': 1.5723892487826618, 'I_gpi': 1.994624440842267, 'noise_stn_sigma': 4.144633361684584, 'noise_gpe_sigma': 77.73564356713992, 'noise_gpi_sigma': 105.04260962118384, 'g_stn_gpe_mult': 2.483269991558342, 'g_gpe_stn_mult': 0.1408510678020026, 'g_stn_gpi_mult': 3.887665627473994, 'g_gpe_gpi_mult': 0.6677784040286384}. Best is trial 419 with value: 0.20241380359463815.
[I 2026-05-28 01:46:54,321] Trial 459 finished with value: 0.29094424812626024 and parameters: {'ISTN': 60.700648256971434, 'I_gpe': 1.3257453889922366, 'I_gpi': 2.1813086758462203, 'noise_stn_sigma': 4.496192582069501, 'noise_gpe_sigma': 88.37941280183293, 'noise_gpi_sigma': 113.82378458277832, 'g_stn_gpe_mult': 2.5399833592677874, 'g_gpe_stn_mult': 0.15315066692521476, 'g_stn_gpi_mult': 3.923167781465261, 'g_gpe_gpi_mult': 0.7809987859626282}. Best is trial 419 with value: 0.20241380359463815.
[I 2026-05-28 01:46:55,330] Trial 460 finished with value: 0.5577787021443205 and parameters: {'ISTN': 65.91945468205198, 'I_gpe': 1.1300906096766425, 'I_gpi': 2.1508910566529984, 'noise_stn_sigma': 4.275296258550977, 'noise_gpe_sigma': 82.09411311814648, 'noise_gpi_sigma': 123.06649607762316, 'g_stn_gpe_mult': 2.586810185524121, 'g_gpe_stn_mult': 0.1341484275723389, 'g_stn_gpi_mult': 3.9433911221193068, 'g_gpe_gpi_mult': 0.7183553415410202}. Best is trial 419 with value: 0.20241380359463815.
[I 2026-05-28 01:46:56,341] Trial 461 finished with value: 1.752956283913887 and parameters: {'ISTN': 68.29510706011014, 'I_gpe': 1.6639810426843131, 'I_gpi': 1.8894608508776785, 'noise_stn_sigma': 3.716329470658263, 'noise_gpe_sigma': 72.31488106492174, 'noise_gpi_sigma': 128.49630556132342, 'g_stn_gpe_mult': 2.4099466738279536, 'g_gpe_stn_mult': 0.14311719130603384, 'g_stn_gpi_mult': 3.7481138273191505, 'g_gpe_gpi_mult': 0.7303301113597158}. Best is trial 419 with value: 0.20241380359463815.
[I 2026-05-28 01:46:57,289] Trial 462 finished with value: 1000000.0 and parameters: {'ISTN': 61.38236707593888, 'I_gpe': 1.3852834193221666, 'I_gpi': 2.1589222500360474, 'noise_stn_sigma': 4.176210762296371, 'noise_gpe_sigma': 71.70861579696924, 'noise_gpi_sigma': 129.4995683447653, 'g_stn_gpe_mult': 2.7223510490925666, 'g_gpe_stn_mult': 0.15610586719204045, 'g_stn_gpi_mult': 3.7365664908600813, 'g_gpe_gpi_mult': 0.750703165061912}. Best is trial 419 with value: 0.20241380359463815.
[I 2026-05-28 01:46:58,299] Trial 463 finished with value: 2.8411364568157365 and parameters: {'ISTN': 66.2798013620036, 'I_gpe': 1.2328126195874791, 'I_gpi': 1.9582082075846277, 'noise_stn_sigma': 3.192780248587138, 'noise_gpe_sigma': 80.34094765045936, 'noise_gpi_sigma': 130.05440408400224, 'g_stn_gpe_mult': 2.6126558822567594, 'g_gpe_stn_mult': 0.21933494734653974, 'g_stn_gpi_mult': 3.802948628100472, 'g_gpe_gpi_mult': 0.6735213746964452}. Best is trial 419 with value: 0.20241380359463815.
[I 2026-05-28 01:46:59,306] Trial 464 finished with value: 0.2660706569459643 and parameters: {'ISTN': 60.297224028293, 'I_gpe': 1.3529034860236917, 'I_gpi': 2.156094198219406, 'noise_stn_sigma': 4.041396753886299, 'noise_gpe_sigma': 71.61363015555209, 'noise_gpi_sigma': 112.85057919250275, 'g_stn_gpe_mult': 2.8441134949350624, 'g_gpe_stn_mult': 0.13505237592239816, 'g_stn_gpi_mult': 3.7708929564085554, 'g_gpe_gpi_mult': 0.8569348639128476}. Best is trial 419 with value: 0.20241380359463815.
[I 2026-05-28 01:47:00,316] Trial 465 finished with value: 1.6838404270984113 and parameters: {'ISTN': 60.88538920649895, 'I_gpe': 1.1440630286785838, 'I_gpi': 2.0648038001122826, 'noise_stn_sigma': 4.443008782257733, 'noise_gpe_sigma': 89.96427962536414, 'noise_gpi_sigma': 113.45390307838113, 'g_stn_gpe_mult': 2.5358262602489146, 'g_gpe_stn_mult': 0.18144057734939623, 'g_stn_gpi_mult': 3.948568715650225, 'g_gpe_gpi_mult': 0.7775285329496013}. Best is trial 419 with value: 0.20241380359463815.
[I 2026-05-28 01:47:01,325] Trial 466 finished with value: 3.1873498033711285 and parameters: {'ISTN': 70.18250454810753, 'I_gpe': 1.249270552324826, 'I_gpi': 1.8737971511474338, 'noise_stn_sigma': 3.9709944834554256, 'noise_gpe_sigma': 79.13895015486106, 'noise_gpi_sigma': 131.0831351051554, 'g_stn_gpe_mult': 2.3456931211030847, 'g_gpe_stn_mult': 0.2544747972861799, 'g_stn_gpi_mult': 3.8952518700325194, 'g_gpe_gpi_mult': 0.8338717028227678}. Best is trial 419 with value: 0.20241380359463815.
[I 2026-05-28 01:47:02,334] Trial 467 finished with value: 1.1209781993035777 and parameters: {'ISTN': 71.12379015726329, 'I_gpe': 1.2476522331083486, 'I_gpi': 1.517465273199647, 'noise_stn_sigma': 3.9291811035670055, 'noise_gpe_sigma': 101.88217418590008, 'noise_gpi_sigma': 100.51081481863457, 'g_stn_gpe_mult': 2.512515692020436, 'g_gpe_stn_mult': 0.1837176669125697, 'g_stn_gpi_mult': 3.6773290387712674, 'g_gpe_gpi_mult': 0.7075595859507426}. Best is trial 419 with value: 0.20241380359463815.
[I 2026-05-28 01:47:03,343] Trial 468 finished with value: 0.2839307216757718 and parameters: {'ISTN': 67.18625922377554, 'I_gpe': 1.3823477990813202, 'I_gpi': 2.1403800478529154, 'noise_stn_sigma': 3.783514769676324, 'noise_gpe_sigma': 83.55715757351402, 'noise_gpi_sigma': 110.12768358747691, 'g_stn_gpe_mult': 3.002959175332597, 'g_gpe_stn_mult': 0.1240172029900277, 'g_stn_gpi_mult': 3.5002138641469664, 'g_gpe_gpi_mult': 0.7043323997344393}. Best is trial 419 with value: 0.20241380359463815.
[I 2026-05-28 01:47:04,350] Trial 469 finished with value: 0.5119107778079083 and parameters: {'ISTN': 67.54594548776714, 'I_gpe': 1.6593874056088167, 'I_gpi': 2.077837993559358, 'noise_stn_sigma': 3.3059224612634726, 'noise_gpe_sigma': 80.8937217906439, 'noise_gpi_sigma': 113.6217823345521, 'g_stn_gpe_mult': 2.5714156630118437, 'g_gpe_stn_mult': 0.14229712103534053, 'g_stn_gpi_mult': 3.698748740483411, 'g_gpe_gpi_mult': 0.7396236199937396}. Best is trial 419 with value: 0.20241380359463815.
[I 2026-05-28 01:47:05,359] Trial 470 finished with value: 0.2440737489123256 and parameters: {'ISTN': 64.7005016750726, 'I_gpe': 1.2086280137193546, 'I_gpi': 1.9204253940167306, 'noise_stn_sigma': 3.39772744727797, 'noise_gpe_sigma': 88.97069002988347, 'noise_gpi_sigma': 116.16429414925484, 'g_stn_gpe_mult': 2.704201657588013, 'g_gpe_stn_mult': 0.11104787287707744, 'g_stn_gpi_mult': 3.44671299889872, 'g_gpe_gpi_mult': 0.7859166126772164}. Best is trial 419 with value: 0.20241380359463815.
[I 2026-05-28 01:47:06,367] Trial 471 finished with value: 0.808586485423138 and parameters: {'ISTN': 63.097748886771, 'I_gpe': 0.9721998298473824, 'I_gpi': 1.4115655749283311, 'noise_stn_sigma': 4.27326396452386, 'noise_gpe_sigma': 91.50053642742286, 'noise_gpi_sigma': 126.40291359218429, 'g_stn_gpe_mult': 1.8393498255870955, 'g_gpe_stn_mult': 0.2117434458553557, 'g_stn_gpi_mult': 3.237782754059232, 'g_gpe_gpi_mult': 0.6967479994650343}. Best is trial 419 with value: 0.20241380359463815.
[I 2026-05-28 01:47:07,376] Trial 472 finished with value: 0.5969928838596628 and parameters: {'ISTN': 61.08529230005915, 'I_gpe': 1.3255146088617136, 'I_gpi': 2.169346324286817, 'noise_stn_sigma': 3.899848123480749, 'noise_gpe_sigma': 100.43832569743178, 'noise_gpi_sigma': 103.06293042537966, 'g_stn_gpe_mult': 2.655203854194723, 'g_gpe_stn_mult': 0.16952077716277, 'g_stn_gpi_mult': 3.5435714073104014, 'g_gpe_gpi_mult': 0.8608961202297363}. Best is trial 419 with value: 0.20241380359463815.
[I 2026-05-28 01:47:08,324] Trial 473 finished with value: 1000000.0 and parameters: {'ISTN': 64.31650232373536, 'I_gpe': 1.0383288545307245, 'I_gpi': 1.623820925277837, 'noise_stn_sigma': 4.9623568844653905, 'noise_gpe_sigma': 83.3003240114663, 'noise_gpi_sigma': 124.14445833065957, 'g_stn_gpe_mult': 2.4156654630860297, 'g_gpe_stn_mult': 0.14812123975362806, 'g_stn_gpi_mult': 3.1448575993237835, 'g_gpe_gpi_mult': 0.7506372298440822}. Best is trial 419 with value: 0.20241380359463815.
[I 2026-05-28 01:47:09,332] Trial 474 finished with value: 0.3294369772202411 and parameters: {'ISTN': 63.32034699419693, 'I_gpe': 1.7341388592023648, 'I_gpi': 2.1725254699421406, 'noise_stn_sigma': 2.0390537989947095, 'noise_gpe_sigma': 88.70093051715858, 'noise_gpi_sigma': 119.18368241430241, 'g_stn_gpe_mult': 3.5030490223732196, 'g_gpe_stn_mult': 0.12795301540990814, 'g_stn_gpi_mult': 3.5702833153734232, 'g_gpe_gpi_mult': 0.7429864727404365}. Best is trial 419 with value: 0.20241380359463815.
[I 2026-05-28 01:47:10,339] Trial 475 finished with value: 0.1881898401298549 and parameters: {'ISTN': 60.43695480159308, 'I_gpe': 1.3081236487515744, 'I_gpi': 1.721829668672418, 'noise_stn_sigma': 3.5537560276124553, 'noise_gpe_sigma': 95.63851740415167, 'noise_gpi_sigma': 116.87493479707072, 'g_stn_gpe_mult': 2.757600701077724, 'g_gpe_stn_mult': 0.20162266803057, 'g_stn_gpi_mult': 3.912470160997679, 'g_gpe_gpi_mult': 0.8116187094189671}. Best is trial 475 with value: 0.1881898401298549.
[I 2026-05-28 01:47:11,345] Trial 476 finished with value: 0.2410186124013297 and parameters: {'ISTN': 64.93481008880175, 'I_gpe': 1.519287921487538, 'I_gpi': 2.0648570170313327, 'noise_stn_sigma': 3.3568186668944158, 'noise_gpe_sigma': 68.7304453498929, 'noise_gpi_sigma': 113.20489953787549, 'g_stn_gpe_mult': 2.6678386800385656, 'g_gpe_stn_mult': 0.14253006003745583, 'g_stn_gpi_mult': 3.326983119696771, 'g_gpe_gpi_mult': 0.9195430523533292}. Best is trial 475 with value: 0.1881898401298549.
[I 2026-05-28 01:47:12,353] Trial 477 finished with value: 2.7908375709239888 and parameters: {'ISTN': 70.98464232564226, 'I_gpe': 1.268995821858839, 'I_gpi': 1.9305299257258426, 'noise_stn_sigma': 3.2540361011355468, 'noise_gpe_sigma': 79.72067643947571, 'noise_gpi_sigma': 123.30546340262973, 'g_stn_gpe_mult': 2.707089343573206, 'g_gpe_stn_mult': 0.13917021900389268, 'g_stn_gpi_mult': 3.432426605859699, 'g_gpe_gpi_mult': 0.7690602948870475}. Best is trial 475 with value: 0.1881898401298549.
[I 2026-05-28 01:47:13,361] Trial 478 finished with value: 0.22126669781611516 and parameters: {'ISTN': 60.20402800109493, 'I_gpe': 1.0394521687619869, 'I_gpi': 1.8516835342030338, 'noise_stn_sigma': 4.022016461332331, 'noise_gpe_sigma': 68.0744750386884, 'noise_gpi_sigma': 125.1778261361828, 'g_stn_gpe_mult': 2.7421285501157207, 'g_gpe_stn_mult': 0.1397406015341999, 'g_stn_gpi_mult': 3.4383854492231487, 'g_gpe_gpi_mult': 0.8096724626011846}. Best is trial 475 with value: 0.1881898401298549.
[I 2026-05-28 01:47:14,368] Trial 479 finished with value: 2.1117471833033914 and parameters: {'ISTN': 70.41472574458764, 'I_gpe': 1.2744745492910932, 'I_gpi': 2.4050499424060594, 'noise_stn_sigma': 3.6973191858223466, 'noise_gpe_sigma': 78.47816081468272, 'noise_gpi_sigma': 119.08563769314526, 'g_stn_gpe_mult': 2.6755429726481266, 'g_gpe_stn_mult': 0.13018888096628423, 'g_stn_gpi_mult': 3.9398428966010117, 'g_gpe_gpi_mult': 0.7494155902170725}. Best is trial 475 with value: 0.1881898401298549.
[I 2026-05-28 01:47:15,377] Trial 480 finished with value: 0.9594245461547994 and parameters: {'ISTN': 70.60387563323589, 'I_gpe': 1.1485238126044792, 'I_gpi': 2.154177617062691, 'noise_stn_sigma': 3.8242926918096414, 'noise_gpe_sigma': 89.44582937101637, 'noise_gpi_sigma': 97.76735317629861, 'g_stn_gpe_mult': 3.0256200969357074, 'g_gpe_stn_mult': 0.10526399111608818, 'g_stn_gpi_mult': 3.3036989344893994, 'g_gpe_gpi_mult': 0.7566486400478822}. Best is trial 475 with value: 0.1881898401298549.
[I 2026-05-28 01:47:16,384] Trial 481 finished with value: 1.866059527710712 and parameters: {'ISTN': 66.92224651417355, 'I_gpe': 0.9771226947202118, 'I_gpi': 2.274342930221687, 'noise_stn_sigma': 3.617701806724037, 'noise_gpe_sigma': 90.33059493208947, 'noise_gpi_sigma': 127.4701517509649, 'g_stn_gpe_mult': 2.559882743367401, 'g_gpe_stn_mult': 0.2142158710591513, 'g_stn_gpi_mult': 3.2938964322581876, 'g_gpe_gpi_mult': 0.9165524562231522}. Best is trial 475 with value: 0.1881898401298549.
[I 2026-05-28 01:47:17,392] Trial 482 finished with value: 0.2724577732048181 and parameters: {'ISTN': 61.17775215844233, 'I_gpe': 1.047989829795279, 'I_gpi': 1.4368665888857557, 'noise_stn_sigma': 4.025837454519829, 'noise_gpe_sigma': 92.7892221222624, 'noise_gpi_sigma': 119.05399626012881, 'g_stn_gpe_mult': 2.73944782478652, 'g_gpe_stn_mult': 0.14934391853731868, 'g_stn_gpi_mult': 3.5133727540847115, 'g_gpe_gpi_mult': 0.7844319684064702}. Best is trial 475 with value: 0.1881898401298549.
[I 2026-05-28 01:47:18,401] Trial 483 finished with value: 0.19292716935566803 and parameters: {'ISTN': 62.219989243884726, 'I_gpe': 1.4476544208369444, 'I_gpi': 1.640246694500517, 'noise_stn_sigma': 3.1136082610650835, 'noise_gpe_sigma': 85.16558547688537, 'noise_gpi_sigma': 94.21292347491591, 'g_stn_gpe_mult': 2.966807107427803, 'g_gpe_stn_mult': 0.14431973861225408, 'g_stn_gpi_mult': 3.5983238005035574, 'g_gpe_gpi_mult': 0.8558097480344375}. Best is trial 475 with value: 0.1881898401298549.
