[I 2026-05-28 02:02:49,433] Trial 396 finished with value: 5.361477296700143 and parameters: {'ISTN': 66.69449835842349, 'I_gpe': 0.8281299869591485, 'I_gpi': 3.1561250989111476, 'noise_stn_sigma': 5.333377251559645, 'noise_gpe_sigma': 90.06948215313217, 'noise_gpi_sigma': 87.89774985859653, 'g_stn_gpe_mult': 1.9710213912956471, 'g_gpe_stn_mult': 0.24994553446258416, 'g_stn_gpi_mult': 3.2177827838111943, 'g_gpe_gpi_mult': 0.9134859102944071}. Best is trial 98 with value: 0.5979484317983877.
[I 2026-05-28 02:02:50,438] Trial 397 finished with value: 7.984895145682837 and parameters: {'ISTN': 64.0632520931511, 'I_gpe': 0.7931409675431966, 'I_gpi': 3.135567888128551, 'noise_stn_sigma': 5.254156636754272, 'noise_gpe_sigma': 89.46833559036696, 'noise_gpi_sigma': 95.82887954894683, 'g_stn_gpe_mult': 2.0148653185585887, 'g_gpe_stn_mult': 0.2331751005543284, 'g_stn_gpi_mult': 3.058058823667565, 'g_gpe_gpi_mult': 0.8976834252892165}. Best is trial 98 with value: 0.5979484317983877.
[I 2026-05-28 02:02:51,446] Trial 398 finished with value: 1.8383751258201162 and parameters: {'ISTN': 60.815315628310174, 'I_gpe': 0.9340100444993955, 'I_gpi': 3.4313034954061936, 'noise_stn_sigma': 5.275208250597613, 'noise_gpe_sigma': 94.07667577560738, 'noise_gpi_sigma': 89.10342663586492, 'g_stn_gpe_mult': 1.9697194482006988, 'g_gpe_stn_mult': 0.21673979092256926, 'g_stn_gpi_mult': 3.2044528120580633, 'g_gpe_gpi_mult': 0.868659904828933}. Best is trial 98 with value: 0.5979484317983877.
[I 2026-05-28 02:02:52,451] Trial 399 finished with value: 14.347194756991698 and parameters: {'ISTN': 62.044961301673126, 'I_gpe': 0.8640565596774903, 'I_gpi': 3.039406677428316, 'noise_stn_sigma': 5.337702782406789, 'noise_gpe_sigma': 86.64097765410487, 'noise_gpi_sigma': 98.00305119575349, 'g_stn_gpe_mult': 1.9304679524395518, 'g_gpe_stn_mult': 0.2433643852686419, 'g_stn_gpi_mult': 3.138919354203387, 'g_gpe_gpi_mult': 0.8678073468760659}. Best is trial 98 with value: 0.5979484317983877.
[I 2026-05-28 02:02:53,458] Trial 400 finished with value: 19.692745840825413 and parameters: {'ISTN': 61.742314084968406, 'I_gpe': 0.9542578871965977, 'I_gpi': 3.3280479821787115, 'noise_stn_sigma': 5.598590363258176, 'noise_gpe_sigma': 101.66869342123267, 'noise_gpi_sigma': 91.67024035244734, 'g_stn_gpe_mult': 2.0311119752274456, 'g_gpe_stn_mult': 0.2216063274817208, 'g_stn_gpi_mult': 2.8673958007987377, 'g_gpe_gpi_mult': 0.8896950658312499}. Best is trial 98 with value: 0.5979484317983877.
[I 2026-05-28 02:02:54,468] Trial 401 finished with value: 1.2958060363437427 and parameters: {'ISTN': 66.96145002724853, 'I_gpe': 0.9125030549130907, 'I_gpi': 3.2383313377863834, 'noise_stn_sigma': 5.403223858123929, 'noise_gpe_sigma': 96.67620109942465, 'noise_gpi_sigma': 94.07525080075126, 'g_stn_gpe_mult': 1.750889032656244, 'g_gpe_stn_mult': 0.2419715651570513, 'g_stn_gpi_mult': 3.3620966921735382, 'g_gpe_gpi_mult': 0.8714258972777218}. Best is trial 98 with value: 0.5979484317983877.
[I 2026-05-28 02:02:55,475] Trial 402 finished with value: 2.1408762294529025 and parameters: {'ISTN': 60.4097915665471, 'I_gpe': 0.7976058730898221, 'I_gpi': 3.4155797538998756, 'noise_stn_sigma': 5.178975778244129, 'noise_gpe_sigma': 88.267100195617, 'noise_gpi_sigma': 92.00833431359679, 'g_stn_gpe_mult': 2.016242282928568, 'g_gpe_stn_mult': 0.23632325902090903, 'g_stn_gpi_mult': 3.204735948115262, 'g_gpe_gpi_mult': 0.86182131478256}. Best is trial 98 with value: 0.5979484317983877.
[I 2026-05-28 02:02:56,483] Trial 403 finished with value: 11.536025889392448 and parameters: {'ISTN': 64.70047983690097, 'I_gpe': 0.8624132926118393, 'I_gpi': 3.348439507732842, 'noise_stn_sigma': 5.384372327198406, 'noise_gpe_sigma': 93.46257825521468, 'noise_gpi_sigma': 100.23376727357808, 'g_stn_gpe_mult': 1.9996481246615627, 'g_gpe_stn_mult': 0.23260759391815938, 'g_stn_gpi_mult': 3.1003657729604583, 'g_gpe_gpi_mult': 0.872463682551329}. Best is trial 98 with value: 0.5979484317983877.
[I 2026-05-28 02:02:57,491] Trial 404 finished with value: 17.98287968331875 and parameters: {'ISTN': 63.70621225896841, 'I_gpe': 0.887920953164609, 'I_gpi': 3.2655236447970144, 'noise_stn_sigma': 5.575970595397303, 'noise_gpe_sigma': 92.5196334576067, 'noise_gpi_sigma': 87.22464649052533, 'g_stn_gpe_mult': 2.1079298452516277, 'g_gpe_stn_mult': 0.2519558041020439, 'g_stn_gpi_mult': 3.1544996147420292, 'g_gpe_gpi_mult': 0.9054990192500352}. Best is trial 98 with value: 0.5979484317983877.
[I 2026-05-28 02:02:58,500] Trial 405 finished with value: 10.363337059969192 and parameters: {'ISTN': 61.53569391431205, 'I_gpe': 0.8624956814932152, 'I_gpi': 3.2409362271776647, 'noise_stn_sigma': 5.101349193276247, 'noise_gpe_sigma': 92.76651208071802, 'noise_gpi_sigma': 88.39119991592065, 'g_stn_gpe_mult': 2.1956877641301262, 'g_gpe_stn_mult': 0.2462341768371515, 'g_stn_gpi_mult': 3.046665434710866, 'g_gpe_gpi_mult': 0.8871439791040991}. Best is trial 98 with value: 0.5979484317983877.
[I 2026-05-28 02:02:59,507] Trial 406 finished with value: 1.1377902815994376 and parameters: {'ISTN': 65.89084803797017, 'I_gpe': 0.8416873196113533, 'I_gpi': 3.197196678924697, 'noise_stn_sigma': 5.313337603980127, 'noise_gpe_sigma': 89.22254286891874, 'noise_gpi_sigma': 91.65797024106074, 'g_stn_gpe_mult': 1.9985757829772939, 'g_gpe_stn_mult': 0.23905409699031813, 'g_stn_gpi_mult': 3.1513791365111374, 'g_gpe_gpi_mult': 0.9054880935864011}. Best is trial 98 with value: 0.5979484317983877.
[I 2026-05-28 02:03:00,512] Trial 407 finished with value: 33.24806934366242 and parameters: {'ISTN': 70.01803208742652, 'I_gpe': 0.7754541488068922, 'I_gpi': 3.415083595965782, 'noise_stn_sigma': 5.189131928481926, 'noise_gpe_sigma': 93.37978688761979, 'noise_gpi_sigma': 86.59262521368922, 'g_stn_gpe_mult': 1.6525565386066763, 'g_gpe_stn_mult': 0.2633967968730878, 'g_stn_gpi_mult': 3.388226292159704, 'g_gpe_gpi_mult': 0.9311788423979568}. Best is trial 98 with value: 0.5979484317983877.
[I 2026-05-28 02:03:01,518] Trial 408 finished with value: 13.488611693343119 and parameters: {'ISTN': 65.11129704040792, 'I_gpe': 0.9181962305967578, 'I_gpi': 3.1266574760101444, 'noise_stn_sigma': 5.30633683725862, 'noise_gpe_sigma': 92.72103887199776, 'noise_gpi_sigma': 96.39119711768019, 'g_stn_gpe_mult': 1.9564691574260424, 'g_gpe_stn_mult': 0.23141025773929977, 'g_stn_gpi_mult': 3.1703944379379685, 'g_gpe_gpi_mult': 0.8709092994364083}. Best is trial 98 with value: 0.5979484317983877.
[I 2026-05-28 02:03:02,524] Trial 409 finished with value: 4.745220275776115 and parameters: {'ISTN': 60.03577216643116, 'I_gpe': 0.9575357946274515, 'I_gpi': 3.4535681849417204, 'noise_stn_sigma': 5.499435504155613, 'noise_gpe_sigma': 93.05928158928931, 'noise_gpi_sigma': 91.07205433210017, 'g_stn_gpe_mult': 1.7515472957361795, 'g_gpe_stn_mult': 0.24020417999371216, 'g_stn_gpi_mult': 3.262163451150606, 'g_gpe_gpi_mult': 0.8916310257962816}. Best is trial 98 with value: 0.5979484317983877.
[I 2026-05-28 02:03:03,532] Trial 410 finished with value: 3.9835022162740152 and parameters: {'ISTN': 65.64206061361162, 'I_gpe': 0.97431018791202, 'I_gpi': 3.2618203058283255, 'noise_stn_sigma': 5.214174003437681, 'noise_gpe_sigma': 92.75620364037853, 'noise_gpi_sigma': 87.86759015465053, 'g_stn_gpe_mult': 2.100431854071128, 'g_gpe_stn_mult': 0.23833595163652777, 'g_stn_gpi_mult': 2.9327315958368416, 'g_gpe_gpi_mult': 0.8741449608337581}. Best is trial 98 with value: 0.5979484317983877.
[I 2026-05-28 02:03:04,542] Trial 411 finished with value: 7.79079543490675 and parameters: {'ISTN': 60.42742699063926, 'I_gpe': 0.9413344513459044, 'I_gpi': 3.27705612626037, 'noise_stn_sigma': 5.206233892420858, 'noise_gpe_sigma': 92.41147800552382, 'noise_gpi_sigma': 92.46855130941346, 'g_stn_gpe_mult': 2.0134577523389927, 'g_gpe_stn_mult': 0.23779435404087332, 'g_stn_gpi_mult': 3.1624782750783016, 'g_gpe_gpi_mult': 0.845302513139701}. Best is trial 98 with value: 0.5979484317983877.
[I 2026-05-28 02:03:05,553] Trial 412 finished with value: 3.258357842001947 and parameters: {'ISTN': 64.87099423531919, 'I_gpe': 0.7957040444003172, 'I_gpi': 3.2952558440612663, 'noise_stn_sigma': 5.444513137448705, 'noise_gpe_sigma': 86.49541911885018, 'noise_gpi_sigma': 94.66159734289995, 'g_stn_gpe_mult': 2.010331464915544, 'g_gpe_stn_mult': 0.2319719428135198, 'g_stn_gpi_mult': 3.2836720275022695, 'g_gpe_gpi_mult': 0.8987546141819163}. Best is trial 98 with value: 0.5979484317983877.
[I 2026-05-28 02:03:06,562] Trial 413 finished with value: 10.981863174144225 and parameters: {'ISTN': 62.577755785107534, 'I_gpe': 0.8328451726575073, 'I_gpi': 3.3246219033195485, 'noise_stn_sigma': 5.253716865146133, 'noise_gpe_sigma': 85.11882979074768, 'noise_gpi_sigma': 93.57619650515463, 'g_stn_gpe_mult': 1.8970068790561343, 'g_gpe_stn_mult': 0.23724690517114252, 'g_stn_gpi_mult': 3.217985069605034, 'g_gpe_gpi_mult': 0.8810978760536419}. Best is trial 98 with value: 0.5979484317983877.
[I 2026-05-28 02:03:07,569] Trial 414 finished with value: 17.55750005860958 and parameters: {'ISTN': 63.17093326262151, 'I_gpe': 0.9788471458393653, 'I_gpi': 3.2104859605954257, 'noise_stn_sigma': 5.320009764298237, 'noise_gpe_sigma': 92.58242978492585, 'noise_gpi_sigma': 89.43012480513208, 'g_stn_gpe_mult': 1.7271651819055398, 'g_gpe_stn_mult': 0.26169432777901863, 'g_stn_gpi_mult': 3.294521196262808, 'g_gpe_gpi_mult': 0.8623881294723474}. Best is trial 98 with value: 0.5979484317983877.
[I 2026-05-28 02:03:08,576] Trial 415 finished with value: 18.4494908375782 and parameters: {'ISTN': 64.5063900424685, 'I_gpe': 0.755560325487222, 'I_gpi': 3.2370704400666286, 'noise_stn_sigma': 5.38256182933933, 'noise_gpe_sigma': 98.52973318175404, 'noise_gpi_sigma': 94.53829590464068, 'g_stn_gpe_mult': 1.9643908480061687, 'g_gpe_stn_mult': 0.24593410593668039, 'g_stn_gpi_mult': 3.3045620170029446, 'g_gpe_gpi_mult': 0.8771285689795105}. Best is trial 98 with value: 0.5979484317983877.
[I 2026-05-28 02:03:09,585] Trial 416 finished with value: 20.922562387054572 and parameters: {'ISTN': 64.0360097960897, 'I_gpe': 0.9715878136991981, 'I_gpi': 3.4620360679426434, 'noise_stn_sigma': 5.261779670581158, 'noise_gpe_sigma': 92.89547359008542, 'noise_gpi_sigma': 94.22040995837055, 'g_stn_gpe_mult': 1.9065367972359204, 'g_gpe_stn_mult': 0.23094818476740814, 'g_stn_gpi_mult': 3.1002420463615783, 'g_gpe_gpi_mult': 0.8731432589134307}. Best is trial 98 with value: 0.5979484317983877.
[I 2026-05-28 02:03:10,592] Trial 417 finished with value: 7.939792159547457 and parameters: {'ISTN': 65.90026878678749, 'I_gpe': 0.7027213891811067, 'I_gpi': 3.257268987164703, 'noise_stn_sigma': 5.471797533140967, 'noise_gpe_sigma': 94.42873549257598, 'noise_gpi_sigma': 90.68545612938483, 'g_stn_gpe_mult': 2.0355750685439253, 'g_gpe_stn_mult': 0.26279519284904607, 'g_stn_gpi_mult': 3.2529427189128564, 'g_gpe_gpi_mult': 0.8838774720907778}. Best is trial 98 with value: 0.5979484317983877.
[I 2026-05-28 02:03:11,601] Trial 418 finished with value: 6.980788732626656 and parameters: {'ISTN': 64.2346496153039, 'I_gpe': 0.9065682952684908, 'I_gpi': 3.402458387948474, 'noise_stn_sigma': 5.333858412235753, 'noise_gpe_sigma': 88.42412593280122, 'noise_gpi_sigma': 87.29063641272923, 'g_stn_gpe_mult': 1.7515737935147249, 'g_gpe_stn_mult': 0.23506042172314334, 'g_stn_gpi_mult': 3.230711654068773, 'g_gpe_gpi_mult': 0.8671617687768753}. Best is trial 98 with value: 0.5979484317983877.
[I 2026-05-28 02:03:12,607] Trial 419 finished with value: 4.131097434270848 and parameters: {'ISTN': 68.11353555996381, 'I_gpe': 0.884740488211896, 'I_gpi': 3.4118514234641566, 'noise_stn_sigma': 5.556177601423053, 'noise_gpe_sigma': 87.25641448591509, 'noise_gpi_sigma': 90.60251353186719, 'g_stn_gpe_mult': 1.8686322291848896, 'g_gpe_stn_mult': 0.23389735100722547, 'g_stn_gpi_mult': 3.1166238527397088, 'g_gpe_gpi_mult': 0.9011279102085776}. Best is trial 98 with value: 0.5979484317983877.
[I 2026-05-28 02:03:13,616] Trial 420 finished with value: 1.2006702398861795 and parameters: {'ISTN': 64.75986629559141, 'I_gpe': 0.8503952632247518, 'I_gpi': 3.2748589081430306, 'noise_stn_sigma': 5.301394212886629, 'noise_gpe_sigma': 94.90965707029076, 'noise_gpi_sigma': 95.89869709775684, 'g_stn_gpe_mult': 1.9330042721397356, 'g_gpe_stn_mult': 0.27115106095740904, 'g_stn_gpi_mult': 3.226976591331447, 'g_gpe_gpi_mult': 0.8971158429888799}. Best is trial 98 with value: 0.5979484317983877.
[I 2026-05-28 02:03:14,624] Trial 421 finished with value: 11.635073866620846 and parameters: {'ISTN': 61.65633625618672, 'I_gpe': 0.8873742620137721, 'I_gpi': 3.1058314234636892, 'noise_stn_sigma': 5.381113176582109, 'noise_gpe_sigma': 89.63694097402711, 'noise_gpi_sigma': 94.90785320416177, 'g_stn_gpe_mult': 2.0333626697577456, 'g_gpe_stn_mult': 0.23158764962844441, 'g_stn_gpi_mult': 3.2771225462388944, 'g_gpe_gpi_mult': 0.8818615358657944}. Best is trial 98 with value: 0.5979484317983877.
[I 2026-05-28 02:03:15,630] Trial 422 finished with value: 21.081041258458896 and parameters: {'ISTN': 63.180042411142665, 'I_gpe': 0.8671091855444263, 'I_gpi': 3.4272106232965696, 'noise_stn_sigma': 5.453489134753038, 'noise_gpe_sigma': 88.5487727033784, 'noise_gpi_sigma': 89.53532366627351, 'g_stn_gpe_mult': 1.9310590631722442, 'g_gpe_stn_mult': 0.23494594573741176, 'g_stn_gpi_mult': 3.2504721770291782, 'g_gpe_gpi_mult': 0.8631979459704595}. Best is trial 98 with value: 0.5979484317983877.
[I 2026-05-28 02:03:16,638] Trial 423 finished with value: 20.131941482868715 and parameters: {'ISTN': 67.42040479373928, 'I_gpe': 0.9105996871847124, 'I_gpi': 3.4243040211780063, 'noise_stn_sigma': 5.350722768610492, 'noise_gpe_sigma': 90.18136685927541, 'noise_gpi_sigma': 90.46767195874709, 'g_stn_gpe_mult': 1.895255759459515, 'g_gpe_stn_mult': 0.257821777687262, 'g_stn_gpi_mult': 3.177098411615113, 'g_gpe_gpi_mult': 0.8870018756822757}. Best is trial 98 with value: 0.5979484317983877.
[I 2026-05-28 02:03:17,644] Trial 424 finished with value: 1.325899914255351 and parameters: {'ISTN': 65.4167778968076, 'I_gpe': 0.8594472968295706, 'I_gpi': 3.363147643701362, 'noise_stn_sigma': 5.21071017358957, 'noise_gpe_sigma': 86.66502599824311, 'noise_gpi_sigma': 90.71808841720825, 'g_stn_gpe_mult': 1.8169564320381166, 'g_gpe_stn_mult': 0.255962325374173, 'g_stn_gpi_mult': 3.2668944622614378, 'g_gpe_gpi_mult': 0.9088164604545008}. Best is trial 98 with value: 0.5979484317983877.
[I 2026-05-28 02:03:18,651] Trial 425 finished with value: 1.7533218935321884 and parameters: {'ISTN': 61.79253878943048, 'I_gpe': 0.8083207391853386, 'I_gpi': 3.246628656594586, 'noise_stn_sigma': 5.407430521007706, 'noise_gpe_sigma': 89.6116251214914, 'noise_gpi_sigma': 99.79136137558628, 'g_stn_gpe_mult': 1.968052973863858, 'g_gpe_stn_mult': 0.2078571131745262, 'g_stn_gpi_mult': 3.348212989781224, 'g_gpe_gpi_mult': 0.851953246524916}. Best is trial 98 with value: 0.5979484317983877.
[I 2026-05-28 02:03:19,658] Trial 426 finished with value: 10.404267511818098 and parameters: {'ISTN': 71.41684228339453, 'I_gpe': 0.8299227460159986, 'I_gpi': 3.285884524539298, 'noise_stn_sigma': 5.353034479095279, 'noise_gpe_sigma': 92.31165308285195, 'noise_gpi_sigma': 98.48817498654769, 'g_stn_gpe_mult': 1.8574902027108122, 'g_gpe_stn_mult': 0.2707704172643338, 'g_stn_gpi_mult': 3.5455662471913287, 'g_gpe_gpi_mult': 0.8841847973122106}. Best is trial 98 with value: 0.5979484317983877.
[I 2026-05-28 02:03:20,665] Trial 427 finished with value: 14.116830489916675 and parameters: {'ISTN': 61.977344049902364, 'I_gpe': 0.8019630871626926, 'I_gpi': 3.3020087804813025, 'noise_stn_sigma': 5.531450021797531, 'noise_gpe_sigma': 86.0894701881847, 'noise_gpi_sigma': 96.65874492758, 'g_stn_gpe_mult': 1.8013616235588477, 'g_gpe_stn_mult': 0.25682032193390725, 'g_stn_gpi_mult': 3.2840699212365108, 'g_gpe_gpi_mult': 0.8944189028571838}. Best is trial 98 with value: 0.5979484317983877.
[I 2026-05-28 02:03:21,674] Trial 428 finished with value: 13.361196636574704 and parameters: {'ISTN': 64.25171385342, 'I_gpe': 0.7670193109810719, 'I_gpi': 3.3714758271335574, 'noise_stn_sigma': 5.361539861858, 'noise_gpe_sigma': 90.02709631423883, 'noise_gpi_sigma': 97.05125385571074, 'g_stn_gpe_mult': 1.8301577806219966, 'g_gpe_stn_mult': 0.26850393292305824, 'g_stn_gpi_mult': 3.163957680492867, 'g_gpe_gpi_mult': 0.8814034484251236}. Best is trial 98 with value: 0.5979484317983877.
[I 2026-05-28 02:03:22,680] Trial 429 finished with value: 5.773656953832887 and parameters: {'ISTN': 61.55425288417482, 'I_gpe': 0.8305832575405413, 'I_gpi': 3.1712266770535287, 'noise_stn_sigma': 5.292926955320608, 'noise_gpe_sigma': 92.20145753258903, 'noise_gpi_sigma': 92.34221668671921, 'g_stn_gpe_mult': 2.0774053074609307, 'g_gpe_stn_mult': 0.22485893084232458, 'g_stn_gpi_mult': 3.2756808074388455, 'g_gpe_gpi_mult': 0.878344687733515}. Best is trial 98 with value: 0.5979484317983877.
[I 2026-05-28 02:03:23,690] Trial 430 finished with value: 2.664625753728852 and parameters: {'ISTN': 66.37721304843352, 'I_gpe': 0.9249688319658806, 'I_gpi': 3.356409538847421, 'noise_stn_sigma': 5.282945808326436, 'noise_gpe_sigma': 89.71451244904097, 'noise_gpi_sigma': 94.6796711817248, 'g_stn_gpe_mult': 1.8446293760205823, 'g_gpe_stn_mult': 0.24901293887620554, 'g_stn_gpi_mult': 3.2508744022228924, 'g_gpe_gpi_mult': 0.8909465029849044}. Best is trial 98 with value: 0.5979484317983877.
[I 2026-05-28 02:03:24,697] Trial 431 finished with value: 19.07402706687236 and parameters: {'ISTN': 65.66707943295117, 'I_gpe': 1.0139802119179349, 'I_gpi': 3.1906585974113297, 'noise_stn_sigma': 5.309110197613611, 'noise_gpe_sigma': 89.3224127554244, 'noise_gpi_sigma': 97.91688899040042, 'g_stn_gpe_mult': 2.042138655953189, 'g_gpe_stn_mult': 0.2509349394403109, 'g_stn_gpi_mult': 3.1006611451166726, 'g_gpe_gpi_mult': 0.8680735512833295}. Best is trial 98 with value: 0.5979484317983877.
[I 2026-05-28 02:03:25,706] Trial 432 finished with value: 1.4808289443370684 and parameters: {'ISTN': 66.19712688394475, 'I_gpe': 0.7950289625699043, 'I_gpi': 3.3908320978138646, 'noise_stn_sigma': 5.238324122334966, 'noise_gpe_sigma': 93.45664844891799, 'noise_gpi_sigma': 93.367467928263, 'g_stn_gpe_mult': 1.846129186671262, 'g_gpe_stn_mult': 0.23599172295458914, 'g_stn_gpi_mult': 3.34514466520245, 'g_gpe_gpi_mult': 0.8863299507492639}. Best is trial 98 with value: 0.5979484317983877.
[I 2026-05-28 02:03:26,712] Trial 433 finished with value: 7.724707136538835 and parameters: {'ISTN': 66.49659197798235, 'I_gpe': 0.82808908632707, 'I_gpi': 3.4274664045077863, 'noise_stn_sigma': 5.086358081191747, 'noise_gpe_sigma': 90.78582972031845, 'noise_gpi_sigma': 89.5068298310953, 'g_stn_gpe_mult': 1.813326303984442, 'g_gpe_stn_mult': 0.22473563393975943, 'g_stn_gpi_mult': 3.2349531871529185, 'g_gpe_gpi_mult': 0.925075406549142}. Best is trial 98 with value: 0.5979484317983877.
[I 2026-05-28 02:03:27,719] Trial 434 finished with value: 6.84883320274089 and parameters: {'ISTN': 67.18745635022267, 'I_gpe': 0.7877275242335916, 'I_gpi': 3.396302905709482, 'noise_stn_sigma': 5.105997175649009, 'noise_gpe_sigma': 85.06994374877283, 'noise_gpi_sigma': 92.43486977827341, 'g_stn_gpe_mult': 1.775268332144274, 'g_gpe_stn_mult': 0.24547132935071503, 'g_stn_gpi_mult': 3.3126098480410864, 'g_gpe_gpi_mult': 0.8835358583184862}. Best is trial 98 with value: 0.5979484317983877.
[I 2026-05-28 02:03:28,728] Trial 435 finished with value: 16.02549959066505 and parameters: {'ISTN': 64.00115369886251, 'I_gpe': 0.8281699036879249, 'I_gpi': 3.338695925835104, 'noise_stn_sigma': 5.508646241356531, 'noise_gpe_sigma': 95.50751176083115, 'noise_gpi_sigma': 92.45157650191041, 'g_stn_gpe_mult': 2.0035711502362714, 'g_gpe_stn_mult': 0.22740993261308018, 'g_stn_gpi_mult': 3.2682254297629703, 'g_gpe_gpi_mult': 0.8941768515002697}. Best is trial 98 with value: 0.5979484317983877.
[I 2026-05-28 02:03:29,736] Trial 436 finished with value: 7.195395051924879 and parameters: {'ISTN': 64.10612956636945, 'I_gpe': 0.9077063452721177, 'I_gpi': 3.2605637483768803, 'noise_stn_sigma': 5.308146868441996, 'noise_gpe_sigma': 88.98038028465871, 'noise_gpi_sigma': 98.62461141511533, 'g_stn_gpe_mult': 1.9302286673622264, 'g_gpe_stn_mult': 0.2520695696227414, 'g_stn_gpi_mult': 3.47039574964334, 'g_gpe_gpi_mult': 0.8747205545152386}. Best is trial 98 with value: 0.5979484317983877.
[I 2026-05-28 02:03:30,745] Trial 437 finished with value: 17.044100525633365 and parameters: {'ISTN': 64.29871227656663, 'I_gpe': 0.9120415500414044, 'I_gpi': 3.3657794236532337, 'noise_stn_sigma': 5.291996006871942, 'noise_gpe_sigma': 87.80800968292515, 'noise_gpi_sigma': 92.54567232465942, 'g_stn_gpe_mult': 1.8258690558514405, 'g_gpe_stn_mult': 0.2471655208039948, 'g_stn_gpi_mult': 3.4238723582431096, 'g_gpe_gpi_mult': 0.8752473041805784}. Best is trial 98 with value: 0.5979484317983877.
[I 2026-05-28 02:03:31,753] Trial 438 finished with value: 16.94653840958693 and parameters: {'ISTN': 64.69631578755966, 'I_gpe': 0.9213991304315978, 'I_gpi': 3.217790039257608, 'noise_stn_sigma': 5.441311969210691, 'noise_gpe_sigma': 88.10343041385154, 'noise_gpi_sigma': 90.89406450107677, 'g_stn_gpe_mult': 1.9146732092825527, 'g_gpe_stn_mult': 0.24451488338717356, 'g_stn_gpi_mult': 3.1775822898591666, 'g_gpe_gpi_mult': 0.8825414602621604}. Best is trial 98 with value: 0.5979484317983877.
[I 2026-05-28 02:03:32,759] Trial 439 finished with value: 10.323520377414921 and parameters: {'ISTN': 63.78130694111869, 'I_gpe': 0.8366039458307017, 'I_gpi': 3.2893518842824023, 'noise_stn_sigma': 5.096443131316643, 'noise_gpe_sigma': 90.31737591522099, 'noise_gpi_sigma': 89.57867120088389, 'g_stn_gpe_mult': 1.851068858960573, 'g_gpe_stn_mult': 0.25581353000842877, 'g_stn_gpi_mult': 3.2742828693483466, 'g_gpe_gpi_mult': 0.8909745034767398}. Best is trial 98 with value: 0.5979484317983877.
