[I 2026-05-28 01:36:15,381] Trial 836 finished with value: 0.13067602564911374 and parameters: {'ISTN': 60.975641584030065, 'I_gpe': 1.2423960800063047, 'I_gpi': 2.1332694880865573, 'noise_stn_sigma': 1.7592542313607658, 'noise_gpe_sigma': 95.17135438295557, 'noise_gpi_sigma': 90.96083493555926, 'g_stn_gpe_mult': 2.496156474145098, 'g_gpe_stn_mult': 0.16990698568888823, 'g_stn_gpi_mult': 1.824278523597257, 'g_gpe_gpi_mult': 0.7727861833080254}. Best is trial 810 with value: 0.12485997498854551.
[I 2026-05-28 01:36:16,386] Trial 837 finished with value: 0.1469563437949514 and parameters: {'ISTN': 61.19092692906346, 'I_gpe': 1.1617666323636957, 'I_gpi': 2.205918028299267, 'noise_stn_sigma': 1.723596437487057, 'noise_gpe_sigma': 98.44958577500906, 'noise_gpi_sigma': 89.02966371318404, 'g_stn_gpe_mult': 2.434187409945021, 'g_gpe_stn_mult': 0.17711991891442522, 'g_stn_gpi_mult': 1.8994484435225987, 'g_gpe_gpi_mult': 0.7919872101091212}. Best is trial 810 with value: 0.12485997498854551.
[I 2026-05-28 01:36:17,394] Trial 838 finished with value: 0.13219393507266744 and parameters: {'ISTN': 60.289081425458804, 'I_gpe': 1.1273399819094905, 'I_gpi': 2.211139916538217, 'noise_stn_sigma': 1.789695014215666, 'noise_gpe_sigma': 100.7327017396035, 'noise_gpi_sigma': 86.33904106085032, 'g_stn_gpe_mult': 2.5063588571865996, 'g_gpe_stn_mult': 0.17779676675945433, 'g_stn_gpi_mult': 1.8696941987787832, 'g_gpe_gpi_mult': 0.7773393122802112}. Best is trial 810 with value: 0.12485997498854551.
[I 2026-05-28 01:36:18,400] Trial 839 finished with value: 0.12431631179547174 and parameters: {'ISTN': 60.66851734299472, 'I_gpe': 1.2094427684010531, 'I_gpi': 2.1601898167283897, 'noise_stn_sigma': 1.6962342042222285, 'noise_gpe_sigma': 99.05244945168026, 'noise_gpi_sigma': 91.86520389988863, 'g_stn_gpe_mult': 2.4591232427422587, 'g_gpe_stn_mult': 0.17505663829451654, 'g_stn_gpi_mult': 1.910387802370704, 'g_gpe_gpi_mult': 0.7917403674253725}. Best is trial 839 with value: 0.12431631179547174.
[I 2026-05-28 01:36:19,404] Trial 840 finished with value: 0.14468708987490367 and parameters: {'ISTN': 60.77331020434431, 'I_gpe': 1.176536006232019, 'I_gpi': 2.180197415752448, 'noise_stn_sigma': 1.982141859626256, 'noise_gpe_sigma': 98.30493076122309, 'noise_gpi_sigma': 88.86825292181068, 'g_stn_gpe_mult': 2.363768447059865, 'g_gpe_stn_mult': 0.18249206098236156, 'g_stn_gpi_mult': 1.883700860638447, 'g_gpe_gpi_mult': 0.7691063275125762}. Best is trial 839 with value: 0.12431631179547174.
[I 2026-05-28 01:36:20,408] Trial 841 finished with value: 0.12765247621000214 and parameters: {'ISTN': 60.35521730299561, 'I_gpe': 1.233314850460256, 'I_gpi': 2.12045718190227, 'noise_stn_sigma': 1.7475427008591402, 'noise_gpe_sigma': 97.4010833180686, 'noise_gpi_sigma': 93.7027512030765, 'g_stn_gpe_mult': 2.342190667267656, 'g_gpe_stn_mult': 0.1808288441113959, 'g_stn_gpi_mult': 1.9110358009703265, 'g_gpe_gpi_mult': 0.7529717781941649}. Best is trial 839 with value: 0.12431631179547174.
[I 2026-05-28 01:36:21,413] Trial 842 finished with value: 0.13268870133540533 and parameters: {'ISTN': 60.56634371519611, 'I_gpe': 1.1733094378810665, 'I_gpi': 2.1328669859827425, 'noise_stn_sigma': 1.7647437670944366, 'noise_gpe_sigma': 98.14918894078042, 'noise_gpi_sigma': 92.82131035811264, 'g_stn_gpe_mult': 2.482453618924384, 'g_gpe_stn_mult': 0.16531702122933759, 'g_stn_gpi_mult': 1.9067031372861356, 'g_gpe_gpi_mult': 0.7743984691996506}. Best is trial 839 with value: 0.12431631179547174.
[I 2026-05-28 01:36:22,417] Trial 843 finished with value: 0.12803666461134477 and parameters: {'ISTN': 60.959676384338316, 'I_gpe': 1.1948293953099753, 'I_gpi': 2.1273787342341937, 'noise_stn_sigma': 1.6408555506606595, 'noise_gpe_sigma': 99.88259694552669, 'noise_gpi_sigma': 92.0216245844516, 'g_stn_gpe_mult': 2.312587937357819, 'g_gpe_stn_mult': 0.17144125414369957, 'g_stn_gpi_mult': 1.952928555110544, 'g_gpe_gpi_mult': 0.7677821700756218}. Best is trial 839 with value: 0.12431631179547174.
[I 2026-05-28 01:36:23,421] Trial 844 finished with value: 0.12527585744900613 and parameters: {'ISTN': 60.666876828360834, 'I_gpe': 1.2120332452206486, 'I_gpi': 2.107516788170613, 'noise_stn_sigma': 1.467519227177024, 'noise_gpe_sigma': 96.84012632029597, 'noise_gpi_sigma': 91.20804787962733, 'g_stn_gpe_mult': 2.4591305599177753, 'g_gpe_stn_mult': 0.17510098403613045, 'g_stn_gpi_mult': 1.775459831021705, 'g_gpe_gpi_mult': 0.7810995642518874}. Best is trial 839 with value: 0.12431631179547174.
[I 2026-05-28 01:36:24,426] Trial 845 finished with value: 0.2231331278750251 and parameters: {'ISTN': 60.74558955835094, 'I_gpe': 1.1888201049611222, 'I_gpi': 2.14561974796956, 'noise_stn_sigma': 1.8141507012959948, 'noise_gpe_sigma': 100.67817715786039, 'noise_gpi_sigma': 94.42620376929568, 'g_stn_gpe_mult': 2.445162173409437, 'g_gpe_stn_mult': 0.1497857025835689, 'g_stn_gpi_mult': 1.9116673671647098, 'g_gpe_gpi_mult': 0.763742684177916}. Best is trial 839 with value: 0.12431631179547174.
[I 2026-05-28 01:36:25,432] Trial 846 finished with value: 0.13669966114994553 and parameters: {'ISTN': 60.65793920918065, 'I_gpe': 1.1332623417562004, 'I_gpi': 2.1509687249390117, 'noise_stn_sigma': 1.860728606208679, 'noise_gpe_sigma': 99.13994996420178, 'noise_gpi_sigma': 91.41377478360424, 'g_stn_gpe_mult': 2.4457350581115485, 'g_gpe_stn_mult': 0.17873912308382728, 'g_stn_gpi_mult': 1.8956228517483593, 'g_gpe_gpi_mult': 0.767569359853796}. Best is trial 839 with value: 0.12431631179547174.
[I 2026-05-28 01:36:26,436] Trial 847 finished with value: 0.129355722486567 and parameters: {'ISTN': 60.7973849881041, 'I_gpe': 1.141170029063901, 'I_gpi': 2.1298668117172666, 'noise_stn_sigma': 1.5667990589407463, 'noise_gpe_sigma': 102.3065857683306, 'noise_gpi_sigma': 88.30654140544767, 'g_stn_gpe_mult': 2.3720643428471053, 'g_gpe_stn_mult': 0.17251162322801783, 'g_stn_gpi_mult': 1.9352076826441245, 'g_gpe_gpi_mult': 0.7961649486383786}. Best is trial 839 with value: 0.12431631179547174.
[I 2026-05-28 01:36:27,440] Trial 848 finished with value: 0.12855182318767325 and parameters: {'ISTN': 60.11362381196747, 'I_gpe': 1.2389393091754513, 'I_gpi': 2.2372758787336178, 'noise_stn_sigma': 1.7625408511732368, 'noise_gpe_sigma': 96.8124071065831, 'noise_gpi_sigma': 89.41549462344622, 'g_stn_gpe_mult': 2.463000844603128, 'g_gpe_stn_mult': 0.18144322842368643, 'g_stn_gpi_mult': 1.9453789114530176, 'g_gpe_gpi_mult': 0.7776149102892884}. Best is trial 839 with value: 0.12431631179547174.
[I 2026-05-28 01:36:28,444] Trial 849 finished with value: 0.15315668720729506 and parameters: {'ISTN': 61.3469487073734, 'I_gpe': 1.0528716943447718, 'I_gpi': 2.1193988041177905, 'noise_stn_sigma': 1.773627229456478, 'noise_gpe_sigma': 100.63815030708837, 'noise_gpi_sigma': 91.66236880519813, 'g_stn_gpe_mult': 2.5199293821746975, 'g_gpe_stn_mult': 0.18527011659989853, 'g_stn_gpi_mult': 1.9244616054769248, 'g_gpe_gpi_mult': 0.7517883733299289}. Best is trial 839 with value: 0.12431631179547174.
[I 2026-05-28 01:36:29,448] Trial 850 finished with value: 0.13284482271540926 and parameters: {'ISTN': 60.70058482932595, 'I_gpe': 1.25162159477467, 'I_gpi': 2.144077580745974, 'noise_stn_sigma': 1.6814602933976868, 'noise_gpe_sigma': 95.8019272433784, 'noise_gpi_sigma': 93.32866360554686, 'g_stn_gpe_mult': 2.3223228285331103, 'g_gpe_stn_mult': 0.1778484938583025, 'g_stn_gpi_mult': 1.7867738949292344, 'g_gpe_gpi_mult': 0.7467278092208018}. Best is trial 839 with value: 0.12431631179547174.
[I 2026-05-28 01:36:30,456] Trial 851 finished with value: 0.14456307580349945 and parameters: {'ISTN': 60.3471859158968, 'I_gpe': 1.1529436502256174, 'I_gpi': 2.207320466207129, 'noise_stn_sigma': 1.906871994493864, 'noise_gpe_sigma': 97.21618873861942, 'noise_gpi_sigma': 89.94607613232004, 'g_stn_gpe_mult': 2.7028701443895082, 'g_gpe_stn_mult': 0.19284678837860572, 'g_stn_gpi_mult': 1.9854443836698126, 'g_gpe_gpi_mult': 0.7702962363460313}. Best is trial 839 with value: 0.12431631179547174.
[I 2026-05-28 01:36:31,462] Trial 852 finished with value: 0.12405987645770458 and parameters: {'ISTN': 60.03715580592071, 'I_gpe': 1.2726019016083812, 'I_gpi': 2.189335266523103, 'noise_stn_sigma': 1.3521166670196316, 'noise_gpe_sigma': 99.71571536435815, 'noise_gpi_sigma': 94.41310700241375, 'g_stn_gpe_mult': 2.3090731081436613, 'g_gpe_stn_mult': 0.18684715060487056, 'g_stn_gpi_mult': 1.8423953759298506, 'g_gpe_gpi_mult': 0.7893175627813052}. Best is trial 852 with value: 0.12405987645770458.
[I 2026-05-28 01:36:32,466] Trial 853 finished with value: 0.14661099087288004 and parameters: {'ISTN': 60.656196167328325, 'I_gpe': 1.1138977378574217, 'I_gpi': 2.0772290596694587, 'noise_stn_sigma': 1.868690297619304, 'noise_gpe_sigma': 96.107147519024, 'noise_gpi_sigma': 89.49666354254678, 'g_stn_gpe_mult': 2.5478665397246165, 'g_gpe_stn_mult': 0.19157693470565496, 'g_stn_gpi_mult': 1.9530802561035472, 'g_gpe_gpi_mult': 0.7591170987842868}. Best is trial 852 with value: 0.12405987645770458.
[I 2026-05-28 01:36:33,473] Trial 854 finished with value: 0.13672546431589783 and parameters: {'ISTN': 60.52849569599688, 'I_gpe': 1.1588272116798357, 'I_gpi': 2.0860125706345367, 'noise_stn_sigma': 1.6125955256885571, 'noise_gpe_sigma': 100.0807504484773, 'noise_gpi_sigma': 88.6024831978725, 'g_stn_gpe_mult': 2.444299049616067, 'g_gpe_stn_mult': 0.18517949059409122, 'g_stn_gpi_mult': 1.9287767349190585, 'g_gpe_gpi_mult': 0.7708297061753693}. Best is trial 852 with value: 0.12405987645770458.
[I 2026-05-28 01:36:34,477] Trial 855 finished with value: 0.15106950408671851 and parameters: {'ISTN': 60.62046103394351, 'I_gpe': 1.1610997023380576, 'I_gpi': 2.119212415979451, 'noise_stn_sigma': 1.46260864809702, 'noise_gpe_sigma': 100.03392877328294, 'noise_gpi_sigma': 91.49545603299704, 'g_stn_gpe_mult': 2.345776698952923, 'g_gpe_stn_mult': 0.16985372735251666, 'g_stn_gpi_mult': 1.8472033234866105, 'g_gpe_gpi_mult': 0.7685136829606378}. Best is trial 852 with value: 0.12405987645770458.
[I 2026-05-28 01:36:35,480] Trial 856 finished with value: 0.1544233957277187 and parameters: {'ISTN': 61.7538082717974, 'I_gpe': 1.3196555845785112, 'I_gpi': 2.1535275538860623, 'noise_stn_sigma': 1.7447978004857319, 'noise_gpe_sigma': 95.66453516208524, 'noise_gpi_sigma': 91.57183531906215, 'g_stn_gpe_mult': 2.4090771487579055, 'g_gpe_stn_mult': 0.17413499455890563, 'g_stn_gpi_mult': 1.7524486551356198, 'g_gpe_gpi_mult': 0.7940301055799923}. Best is trial 852 with value: 0.12405987645770458.
[I 2026-05-28 01:36:36,483] Trial 857 finished with value: 0.13348790783402045 and parameters: {'ISTN': 60.599324337557285, 'I_gpe': 1.1915309661199138, 'I_gpi': 2.0547150544390806, 'noise_stn_sigma': 1.6953622408964755, 'noise_gpe_sigma': 100.40401443323816, 'noise_gpi_sigma': 93.06470927631995, 'g_stn_gpe_mult': 2.4973044974614824, 'g_gpe_stn_mult': 0.17144967228706087, 'g_stn_gpi_mult': 1.9037476319466355, 'g_gpe_gpi_mult': 0.7817917099163567}. Best is trial 852 with value: 0.12405987645770458.
[I 2026-05-28 01:36:37,488] Trial 858 finished with value: 0.13728961372345763 and parameters: {'ISTN': 60.59565568747482, 'I_gpe': 1.1853001394119524, 'I_gpi': 2.1017779751264456, 'noise_stn_sigma': 1.8548387490331837, 'noise_gpe_sigma': 98.70784096250853, 'noise_gpi_sigma': 89.46234385343686, 'g_stn_gpe_mult': 2.507638813187895, 'g_gpe_stn_mult': 0.18573969375830934, 'g_stn_gpi_mult': 1.9302033174750166, 'g_gpe_gpi_mult': 0.7779077989636716}. Best is trial 852 with value: 0.12405987645770458.
[I 2026-05-28 01:36:38,433] Trial 859 finished with value: 1000000.0 and parameters: {'ISTN': 60.68634582588938, 'I_gpe': 1.1196707542744742, 'I_gpi': 2.1217790381291435, 'noise_stn_sigma': 1.6776015796938304, 'noise_gpe_sigma': 98.47261135885273, 'noise_gpi_sigma': 89.50430280957326, 'g_stn_gpe_mult': 2.5026205444868905, 'g_gpe_stn_mult': 0.17772372894698285, 'g_stn_gpi_mult': 1.8881258150130762, 'g_gpe_gpi_mult': 0.7759634884380056}. Best is trial 852 with value: 0.12405987645770458.
[I 2026-05-28 01:36:39,439] Trial 860 finished with value: 0.1398105893253665 and parameters: {'ISTN': 60.91714126126657, 'I_gpe': 1.2067481341778972, 'I_gpi': 2.165235775847753, 'noise_stn_sigma': 1.7496177476934833, 'noise_gpe_sigma': 98.08390836372585, 'noise_gpi_sigma': 92.81199104035655, 'g_stn_gpe_mult': 2.4281478127212184, 'g_gpe_stn_mult': 0.17874300307718563, 'g_stn_gpi_mult': 1.940285920670604, 'g_gpe_gpi_mult': 0.7481522884158571}. Best is trial 852 with value: 0.12405987645770458.
[I 2026-05-28 01:36:40,443] Trial 861 finished with value: 0.13604492899737464 and parameters: {'ISTN': 60.651737582193626, 'I_gpe': 1.1979877525949831, 'I_gpi': 2.098463791322983, 'noise_stn_sigma': 1.4351074195184252, 'noise_gpe_sigma': 97.99197255054261, 'noise_gpi_sigma': 89.72265172045674, 'g_stn_gpe_mult': 2.491119810708614, 'g_gpe_stn_mult': 0.189270749860314, 'g_stn_gpi_mult': 1.8734727491706242, 'g_gpe_gpi_mult': 0.8025226215649897}. Best is trial 852 with value: 0.12405987645770458.
[I 2026-05-28 01:36:41,449] Trial 862 finished with value: 0.14501854068130116 and parameters: {'ISTN': 61.210620685797544, 'I_gpe': 1.2157215677757942, 'I_gpi': 2.0498698807401845, 'noise_stn_sigma': 1.5864025474707835, 'noise_gpe_sigma': 98.06579161494003, 'noise_gpi_sigma': 97.25014296403141, 'g_stn_gpe_mult': 2.346455533850839, 'g_gpe_stn_mult': 0.17554827749791213, 'g_stn_gpi_mult': 1.78801758835888, 'g_gpe_gpi_mult': 0.7842108902974145}. Best is trial 852 with value: 0.12405987645770458.
[I 2026-05-28 01:36:42,455] Trial 863 finished with value: 0.14032173669691994 and parameters: {'ISTN': 60.53455508983083, 'I_gpe': 1.277125998952077, 'I_gpi': 2.251369891580859, 'noise_stn_sigma': 1.5591088149564145, 'noise_gpe_sigma': 101.45335020833731, 'noise_gpi_sigma': 93.01476601791715, 'g_stn_gpe_mult': 2.4822050294162925, 'g_gpe_stn_mult': 0.19027748466611819, 'g_stn_gpi_mult': 1.8931434333370871, 'g_gpe_gpi_mult': 0.7970730182577979}. Best is trial 852 with value: 0.12405987645770458.
[I 2026-05-28 01:36:43,462] Trial 864 finished with value: 0.13844719841588152 and parameters: {'ISTN': 60.85662626634822, 'I_gpe': 1.16520626502605, 'I_gpi': 2.091540650880792, 'noise_stn_sigma': 1.4387170977896488, 'noise_gpe_sigma': 98.95190913379979, 'noise_gpi_sigma': 93.60646137991277, 'g_stn_gpe_mult': 2.405022708791221, 'g_gpe_stn_mult': 0.18293323295262634, 'g_stn_gpi_mult': 1.8839520935586127, 'g_gpe_gpi_mult': 0.7773853134946418}. Best is trial 852 with value: 0.12405987645770458.
[I 2026-05-28 01:36:44,468] Trial 865 finished with value: 0.1310102685515302 and parameters: {'ISTN': 60.534815747768285, 'I_gpe': 1.1826536387158693, 'I_gpi': 2.080176920651266, 'noise_stn_sigma': 1.724515971738228, 'noise_gpe_sigma': 102.965574594188, 'noise_gpi_sigma': 94.84685409630231, 'g_stn_gpe_mult': 2.309718699699028, 'g_gpe_stn_mult': 0.17187537363715133, 'g_stn_gpi_mult': 1.939826620209863, 'g_gpe_gpi_mult': 0.7765056988872292}. Best is trial 852 with value: 0.12405987645770458.
[I 2026-05-28 01:36:45,474] Trial 866 finished with value: 0.13470528080357458 and parameters: {'ISTN': 60.871891691407185, 'I_gpe': 1.2209315280417012, 'I_gpi': 2.081950696646623, 'noise_stn_sigma': 1.46291492575723, 'noise_gpe_sigma': 99.5406257020207, 'noise_gpi_sigma': 92.79514243624196, 'g_stn_gpe_mult': 2.3844272971662077, 'g_gpe_stn_mult': 0.18097339504659973, 'g_stn_gpi_mult': 1.8391142529392142, 'g_gpe_gpi_mult': 0.7707193269642709}. Best is trial 852 with value: 0.12405987645770458.
[I 2026-05-28 01:36:46,479] Trial 867 finished with value: 0.1364836326921486 and parameters: {'ISTN': 60.013060011359755, 'I_gpe': 1.2185737532553236, 'I_gpi': 2.0308088837153795, 'noise_stn_sigma': 1.979907932158205, 'noise_gpe_sigma': 102.8093978158215, 'noise_gpi_sigma': 87.47741714130395, 'g_stn_gpe_mult': 2.339286598532895, 'g_gpe_stn_mult': 0.19260959560476104, 'g_stn_gpi_mult': 2.0508254089429068, 'g_gpe_gpi_mult': 0.7705495819395991}. Best is trial 852 with value: 0.12405987645770458.
[I 2026-05-28 01:36:47,484] Trial 868 finished with value: 0.15584269013864535 and parameters: {'ISTN': 61.657159421404714, 'I_gpe': 1.188255560974462, 'I_gpi': 2.0734477645970024, 'noise_stn_sigma': 1.8179361033661618, 'noise_gpe_sigma': 96.27579206998335, 'noise_gpi_sigma': 92.48598418716678, 'g_stn_gpe_mult': 2.3814131959671654, 'g_gpe_stn_mult': 0.17442032800600632, 'g_stn_gpi_mult': 1.95985587830548, 'g_gpe_gpi_mult': 0.7581308570440219}. Best is trial 852 with value: 0.12405987645770458.
[I 2026-05-28 01:36:48,490] Trial 869 finished with value: 0.12413712240723479 and parameters: {'ISTN': 60.019671112501534, 'I_gpe': 1.25835321632598, 'I_gpi': 2.162193579402548, 'noise_stn_sigma': 1.3510555876238026, 'noise_gpe_sigma': 96.63633582493921, 'noise_gpi_sigma': 97.15477254145765, 'g_stn_gpe_mult': 2.4002076874607736, 'g_gpe_stn_mult': 0.18428498212734454, 'g_stn_gpi_mult': 1.7774873742985362, 'g_gpe_gpi_mult': 0.767843258743002}. Best is trial 852 with value: 0.12405987645770458.
[I 2026-05-28 01:36:49,496] Trial 870 finished with value: 0.13178416754930106 and parameters: {'ISTN': 60.68960898304272, 'I_gpe': 1.2638914565405244, 'I_gpi': 2.2711882127266905, 'noise_stn_sigma': 1.7209023257781624, 'noise_gpe_sigma': 98.8476466170309, 'noise_gpi_sigma': 91.14679409609543, 'g_stn_gpe_mult': 2.357007396706237, 'g_gpe_stn_mult': 0.1752342190416605, 'g_stn_gpi_mult': 1.869792573078882, 'g_gpe_gpi_mult': 0.7720882133802771}. Best is trial 852 with value: 0.12405987645770458.
[I 2026-05-28 01:36:50,501] Trial 871 finished with value: 0.1363700553095463 and parameters: {'ISTN': 60.961833359154035, 'I_gpe': 1.2621889837372373, 'I_gpi': 2.225242352648479, 'noise_stn_sigma': 1.3671926917704176, 'noise_gpe_sigma': 99.38982943749232, 'noise_gpi_sigma': 99.01730874116645, 'g_stn_gpe_mult': 2.341510964322413, 'g_gpe_stn_mult': 0.1795236325307589, 'g_stn_gpi_mult': 1.8756881198121276, 'g_gpe_gpi_mult': 0.7645338090669782}. Best is trial 852 with value: 0.12405987645770458.
[I 2026-05-28 01:36:51,505] Trial 872 finished with value: 0.1307988267748573 and parameters: {'ISTN': 60.510680629299515, 'I_gpe': 1.2766860003674279, 'I_gpi': 2.1839745747036368, 'noise_stn_sigma': 1.6664902490611841, 'noise_gpe_sigma': 96.05372000817047, 'noise_gpi_sigma': 95.44624813988462, 'g_stn_gpe_mult': 2.4294322595722377, 'g_gpe_stn_mult': 0.17632210446491553, 'g_stn_gpi_mult': 1.8729171270504539, 'g_gpe_gpi_mult': 0.772621011422775}. Best is trial 852 with value: 0.12405987645770458.
[I 2026-05-28 01:36:52,512] Trial 873 finished with value: 0.1292767719861657 and parameters: {'ISTN': 60.37563397018312, 'I_gpe': 1.1808773682030893, 'I_gpi': 2.1064163092932864, 'noise_stn_sigma': 1.420765749611682, 'noise_gpe_sigma': 100.53730924953406, 'noise_gpi_sigma': 88.18909273379991, 'g_stn_gpe_mult': 2.4420208436446345, 'g_gpe_stn_mult': 0.18716952995205055, 'g_stn_gpi_mult': 1.8191706122534097, 'g_gpe_gpi_mult': 0.7822786883945185}. Best is trial 852 with value: 0.12405987645770458.
[I 2026-05-28 01:36:53,517] Trial 874 finished with value: 0.137280419688819 and parameters: {'ISTN': 61.47665770318723, 'I_gpe': 1.1816327731726208, 'I_gpi': 2.0684194383326546, 'noise_stn_sigma': 1.183873916283606, 'noise_gpe_sigma': 102.09478854481512, 'noise_gpi_sigma': 97.40869427383998, 'g_stn_gpe_mult': 2.3065093210023497, 'g_gpe_stn_mult': 0.17123101925660825, 'g_stn_gpi_mult': 1.8134901773647707, 'g_gpe_gpi_mult': 0.8062132150820784}. Best is trial 852 with value: 0.12405987645770458.
[I 2026-05-28 01:36:54,521] Trial 875 finished with value: 0.13216916734239656 and parameters: {'ISTN': 60.15407241154443, 'I_gpe': 1.187998650112065, 'I_gpi': 2.0847317523934548, 'noise_stn_sigma': 1.2414833049258587, 'noise_gpe_sigma': 98.15458060101439, 'noise_gpi_sigma': 94.57609478418475, 'g_stn_gpe_mult': 2.265543409442068, 'g_gpe_stn_mult': 0.18059188188067948, 'g_stn_gpi_mult': 1.8171375604448217, 'g_gpe_gpi_mult': 0.7668310489860823}. Best is trial 852 with value: 0.12405987645770458.
[I 2026-05-28 01:36:55,526] Trial 876 finished with value: 0.18330861610707117 and parameters: {'ISTN': 60.01629915032067, 'I_gpe': 1.2708132280586923, 'I_gpi': 2.187150805159554, 'noise_stn_sigma': 1.4467182304376913, 'noise_gpe_sigma': 98.54449893983934, 'noise_gpi_sigma': 91.56996532147691, 'g_stn_gpe_mult': 2.382268742602796, 'g_gpe_stn_mult': 0.17983340777438692, 'g_stn_gpi_mult': 1.824411993900666, 'g_gpe_gpi_mult': 0.7996254692676992}. Best is trial 852 with value: 0.12405987645770458.
[I 2026-05-28 01:36:56,532] Trial 877 finished with value: 0.13926697507058364 and parameters: {'ISTN': 60.71957079601708, 'I_gpe': 1.1725579327704014, 'I_gpi': 2.161216099715296, 'noise_stn_sigma': 1.8411548788400527, 'noise_gpe_sigma': 101.32481696596545, 'noise_gpi_sigma': 93.10230798327285, 'g_stn_gpe_mult': 2.4958855622304155, 'g_gpe_stn_mult': 0.18437932465362383, 'g_stn_gpi_mult': 1.9796806444675221, 'g_gpe_gpi_mult': 0.7637108433461559}. Best is trial 852 with value: 0.12405987645770458.
[I 2026-05-28 01:36:57,537] Trial 878 finished with value: 0.1351980687846603 and parameters: {'ISTN': 60.81075490360013, 'I_gpe': 1.2271097074201713, 'I_gpi': 2.0943440956960933, 'noise_stn_sigma': 1.4008718765796258, 'noise_gpe_sigma': 99.08117179682266, 'noise_gpi_sigma': 97.50119459919219, 'g_stn_gpe_mult': 2.277307312806853, 'g_gpe_stn_mult': 0.17660300852204236, 'g_stn_gpi_mult': 1.8131581589542236, 'g_gpe_gpi_mult': 0.7576361394430207}. Best is trial 852 with value: 0.12405987645770458.
[I 2026-05-28 01:36:58,543] Trial 879 finished with value: 0.1347850683691326 and parameters: {'ISTN': 60.58935804474857, 'I_gpe': 1.1637589575822482, 'I_gpi': 2.108858413576632, 'noise_stn_sigma': 1.5011639000693389, 'noise_gpe_sigma': 101.9589712300146, 'noise_gpi_sigma': 97.4299545525019, 'g_stn_gpe_mult': 2.5370961068233857, 'g_gpe_stn_mult': 0.18516183048583484, 'g_stn_gpi_mult': 1.8943551206631652, 'g_gpe_gpi_mult': 0.7857754003974919}. Best is trial 852 with value: 0.12405987645770458.
