[I 2026-05-28 02:22:44,625] Trial 572 finished with value: 0.5169763714487727 and parameters: {'ISTN': 62.015077127230455, 'I_gpe': 1.2955971643384834, 'I_gpi': 2.221171210436088, 'noise_stn_sigma': 5.098127590946324, 'noise_gpe_sigma': 123.0761345125981, 'noise_gpi_sigma': 92.12366214464384, 'g_stn_gpe_mult': 2.5147289411120615, 'g_gpe_stn_mult': 0.1341691868845605, 'g_stn_gpi_mult': 2.299117173100224, 'g_gpe_gpi_mult': 0.875134549117847}. Best is trial 444 with value: 0.4849072040579033.
[I 2026-05-28 02:22:45,632] Trial 573 finished with value: 0.580558499134428 and parameters: {'ISTN': 61.894754054801034, 'I_gpe': 1.2398929925995437, 'I_gpi': 2.146644852021015, 'noise_stn_sigma': 5.269659708004761, 'noise_gpe_sigma': 120.95493605096027, 'noise_gpi_sigma': 95.36682755816258, 'g_stn_gpe_mult': 2.4390318273148126, 'g_gpe_stn_mult': 0.13140455480189595, 'g_stn_gpi_mult': 2.2536301623539847, 'g_gpe_gpi_mult': 0.8972294253473179}. Best is trial 444 with value: 0.4849072040579033.
[I 2026-05-28 02:22:46,640] Trial 574 finished with value: 0.4914535924156811 and parameters: {'ISTN': 61.31908051020389, 'I_gpe': 1.2099697416901656, 'I_gpi': 2.1985823312688435, 'noise_stn_sigma': 5.398636057545503, 'noise_gpe_sigma': 126.07429120327711, 'noise_gpi_sigma': 89.42654836088565, 'g_stn_gpe_mult': 2.455049270318205, 'g_gpe_stn_mult': 0.10323520968646259, 'g_stn_gpi_mult': 2.4108391594968395, 'g_gpe_gpi_mult': 0.8660972546959449}. Best is trial 444 with value: 0.4849072040579033.
[I 2026-05-28 02:22:47,646] Trial 575 finished with value: 0.530407541865201 and parameters: {'ISTN': 62.59351334281599, 'I_gpe': 1.2458793107463637, 'I_gpi': 2.2805801625070092, 'noise_stn_sigma': 5.17258188143961, 'noise_gpe_sigma': 124.2202921953551, 'noise_gpi_sigma': 97.3689537994904, 'g_stn_gpe_mult': 2.4371514060194928, 'g_gpe_stn_mult': 0.10705408480826863, 'g_stn_gpi_mult': 2.2073441635098887, 'g_gpe_gpi_mult': 0.8998193626739217}. Best is trial 444 with value: 0.4849072040579033.
[I 2026-05-28 02:22:48,653] Trial 576 finished with value: 0.5279000354109964 and parameters: {'ISTN': 61.63082851864709, 'I_gpe': 1.1399916731937387, 'I_gpi': 2.1651307650443825, 'noise_stn_sigma': 5.3738634660384985, 'noise_gpe_sigma': 123.16808745189932, 'noise_gpi_sigma': 96.28519841727291, 'g_stn_gpe_mult': 2.5650751876024644, 'g_gpe_stn_mult': 0.11661339771835749, 'g_stn_gpi_mult': 2.2897764370604596, 'g_gpe_gpi_mult': 0.9090324892170791}. Best is trial 444 with value: 0.4849072040579033.
[I 2026-05-28 02:22:49,662] Trial 577 finished with value: 0.49021698911363215 and parameters: {'ISTN': 61.36348823765474, 'I_gpe': 1.2886012755260658, 'I_gpi': 2.0455770262491866, 'noise_stn_sigma': 5.266957875399103, 'noise_gpe_sigma': 116.8295134466948, 'noise_gpi_sigma': 87.77333849751176, 'g_stn_gpe_mult': 2.36404662824311, 'g_gpe_stn_mult': 0.10456876475256202, 'g_stn_gpi_mult': 2.341261592554857, 'g_gpe_gpi_mult': 0.8813990332004793}. Best is trial 444 with value: 0.4849072040579033.
[I 2026-05-28 02:22:50,668] Trial 578 finished with value: 0.5043662485449717 and parameters: {'ISTN': 61.66059603876996, 'I_gpe': 1.2837724714399763, 'I_gpi': 2.0591175332947946, 'noise_stn_sigma': 5.076984996512366, 'noise_gpe_sigma': 119.06012690792487, 'noise_gpi_sigma': 94.09008895187048, 'g_stn_gpe_mult': 2.449340409035898, 'g_gpe_stn_mult': 0.1115224889431628, 'g_stn_gpi_mult': 2.4191181891423206, 'g_gpe_gpi_mult': 0.8905258292813474}. Best is trial 444 with value: 0.4849072040579033.
[I 2026-05-28 02:22:51,674] Trial 579 finished with value: 0.4904279686151115 and parameters: {'ISTN': 61.522357095119276, 'I_gpe': 1.2533562497083564, 'I_gpi': 2.140888275868533, 'noise_stn_sigma': 5.082358414987983, 'noise_gpe_sigma': 117.7689588582567, 'noise_gpi_sigma': 90.81231368613412, 'g_stn_gpe_mult': 2.6691820391112255, 'g_gpe_stn_mult': 0.11953567994493194, 'g_stn_gpi_mult': 2.400757188555332, 'g_gpe_gpi_mult': 0.9270262232839726}. Best is trial 444 with value: 0.4849072040579033.
[I 2026-05-28 02:22:52,682] Trial 580 finished with value: 0.48406877558126304 and parameters: {'ISTN': 60.63626766612681, 'I_gpe': 1.2464719342911423, 'I_gpi': 2.057084995994159, 'noise_stn_sigma': 5.370786493109881, 'noise_gpe_sigma': 119.9498163289613, 'noise_gpi_sigma': 92.04702626739596, 'g_stn_gpe_mult': 2.4843008534767277, 'g_gpe_stn_mult': 0.12649762301045991, 'g_stn_gpi_mult': 2.413540835551793, 'g_gpe_gpi_mult': 0.8599907108370819}. Best is trial 580 with value: 0.48406877558126304.
[I 2026-05-28 02:22:53,693] Trial 581 finished with value: 0.5003342144665444 and parameters: {'ISTN': 61.58792898401792, 'I_gpe': 1.2098827918671131, 'I_gpi': 2.1013523109209404, 'noise_stn_sigma': 4.991694242883098, 'noise_gpe_sigma': 117.29127886593753, 'noise_gpi_sigma': 85.53118300822892, 'g_stn_gpe_mult': 2.4452455786924663, 'g_gpe_stn_mult': 0.10968783472334843, 'g_stn_gpi_mult': 2.3959367541905143, 'g_gpe_gpi_mult': 0.8593977430206114}. Best is trial 580 with value: 0.48406877558126304.
[I 2026-05-28 02:22:54,701] Trial 582 finished with value: 0.5985060236123215 and parameters: {'ISTN': 61.71561694871495, 'I_gpe': 1.2460064505943307, 'I_gpi': 2.030248926156566, 'noise_stn_sigma': 5.5948804787641455, 'noise_gpe_sigma': 121.55816262976735, 'noise_gpi_sigma': 90.1087228114912, 'g_stn_gpe_mult': 2.4096751126812257, 'g_gpe_stn_mult': 0.11739971632678775, 'g_stn_gpi_mult': 2.444142949226624, 'g_gpe_gpi_mult': 0.8828245961508463}. Best is trial 580 with value: 0.48406877558126304.
[I 2026-05-28 02:22:55,708] Trial 583 finished with value: 0.4964873380702367 and parameters: {'ISTN': 60.32740285611507, 'I_gpe': 1.2094570841272296, 'I_gpi': 2.1193619170758558, 'noise_stn_sigma': 5.11850868246537, 'noise_gpe_sigma': 119.78085431246453, 'noise_gpi_sigma': 96.45526289546096, 'g_stn_gpe_mult': 2.572691548918175, 'g_gpe_stn_mult': 0.12187669425592532, 'g_stn_gpi_mult': 2.281161421757162, 'g_gpe_gpi_mult': 0.9305102222425121}. Best is trial 580 with value: 0.48406877558126304.
[I 2026-05-28 02:22:56,717] Trial 584 finished with value: 0.48787493219154043 and parameters: {'ISTN': 60.721913721680984, 'I_gpe': 1.2767338001317046, 'I_gpi': 2.136788658462981, 'noise_stn_sigma': 5.241547795042759, 'noise_gpe_sigma': 120.89551658714333, 'noise_gpi_sigma': 86.01477034469607, 'g_stn_gpe_mult': 2.4471724449530003, 'g_gpe_stn_mult': 0.11536843931077567, 'g_stn_gpi_mult': 2.331015445807931, 'g_gpe_gpi_mult': 0.8411459927938443}. Best is trial 580 with value: 0.48406877558126304.
[I 2026-05-28 02:22:57,726] Trial 585 finished with value: 0.4904598413186143 and parameters: {'ISTN': 60.64668830860991, 'I_gpe': 1.3092488047252622, 'I_gpi': 2.170626528052356, 'noise_stn_sigma': 5.360136511076806, 'noise_gpe_sigma': 118.44886672703117, 'noise_gpi_sigma': 83.69624658978114, 'g_stn_gpe_mult': 2.330759664991754, 'g_gpe_stn_mult': 0.12020517469093871, 'g_stn_gpi_mult': 2.4741267049338616, 'g_gpe_gpi_mult': 0.8463045199318133}. Best is trial 580 with value: 0.48406877558126304.
[I 2026-05-28 02:22:58,736] Trial 586 finished with value: 0.5122524546410466 and parameters: {'ISTN': 61.96262699063437, 'I_gpe': 1.2439126415512347, 'I_gpi': 2.1000843235212443, 'noise_stn_sigma': 5.391089210519508, 'noise_gpe_sigma': 123.09026160775092, 'noise_gpi_sigma': 96.15027681025737, 'g_stn_gpe_mult': 2.4241052991403693, 'g_gpe_stn_mult': 0.11891428078595767, 'g_stn_gpi_mult': 2.244691146487507, 'g_gpe_gpi_mult': 0.8971860402454332}. Best is trial 580 with value: 0.48406877558126304.
[I 2026-05-28 02:22:59,744] Trial 587 finished with value: 0.489120182044738 and parameters: {'ISTN': 60.22203877754728, 'I_gpe': 1.25893031889099, 'I_gpi': 2.0451710213883603, 'noise_stn_sigma': 5.291405724563221, 'noise_gpe_sigma': 119.92342087902735, 'noise_gpi_sigma': 92.32637030960475, 'g_stn_gpe_mult': 2.462789725007215, 'g_gpe_stn_mult': 0.12941372788225533, 'g_stn_gpi_mult': 2.324968506425126, 'g_gpe_gpi_mult': 0.852600970111344}. Best is trial 580 with value: 0.48406877558126304.
[I 2026-05-28 02:23:00,752] Trial 588 finished with value: 0.5036439169811378 and parameters: {'ISTN': 60.39072792202841, 'I_gpe': 1.188199924148549, 'I_gpi': 2.0223065585708273, 'noise_stn_sigma': 5.492269615729911, 'noise_gpe_sigma': 120.09437149773142, 'noise_gpi_sigma': 92.37718160965298, 'g_stn_gpe_mult': 2.561072650808386, 'g_gpe_stn_mult': 0.1123505758300318, 'g_stn_gpi_mult': 2.341859921320161, 'g_gpe_gpi_mult': 0.8896051261039528}. Best is trial 580 with value: 0.48406877558126304.
[I 2026-05-28 02:23:01,760] Trial 589 finished with value: 0.5051956215648793 and parameters: {'ISTN': 60.775330565694524, 'I_gpe': 1.2123297556461932, 'I_gpi': 2.0608041457057458, 'noise_stn_sigma': 5.32094331636128, 'noise_gpe_sigma': 119.51918852974286, 'noise_gpi_sigma': 91.07119828102924, 'g_stn_gpe_mult': 2.4544260313725754, 'g_gpe_stn_mult': 0.10811495602121513, 'g_stn_gpi_mult': 2.336315618165158, 'g_gpe_gpi_mult': 0.8560172751087054}. Best is trial 580 with value: 0.48406877558126304.
[I 2026-05-28 02:23:02,770] Trial 590 finished with value: 0.48647510465439325 and parameters: {'ISTN': 60.93906461673905, 'I_gpe': 1.268494048145379, 'I_gpi': 2.1449304540313294, 'noise_stn_sigma': 5.5604025764014775, 'noise_gpe_sigma': 122.2208252274121, 'noise_gpi_sigma': 89.43931561193824, 'g_stn_gpe_mult': 2.463482740152969, 'g_gpe_stn_mult': 0.11150792740555447, 'g_stn_gpi_mult': 2.3831325559921246, 'g_gpe_gpi_mult': 0.8300169403004756}. Best is trial 580 with value: 0.48406877558126304.
[I 2026-05-28 02:23:03,777] Trial 591 finished with value: 0.5123046728341804 and parameters: {'ISTN': 61.34158447056343, 'I_gpe': 1.2404304678017661, 'I_gpi': 2.003597819532203, 'noise_stn_sigma': 5.275548507540511, 'noise_gpe_sigma': 119.92355792306034, 'noise_gpi_sigma': 93.70177748427429, 'g_stn_gpe_mult': 2.429417005858919, 'g_gpe_stn_mult': 0.1182733148601463, 'g_stn_gpi_mult': 2.261452599197835, 'g_gpe_gpi_mult': 0.8241057124014708}. Best is trial 580 with value: 0.48406877558126304.
[I 2026-05-28 02:23:04,783] Trial 592 finished with value: 0.48450957062183975 and parameters: {'ISTN': 61.377536259648615, 'I_gpe': 1.2049288973382328, 'I_gpi': 2.0291683162392857, 'noise_stn_sigma': 5.537206824641174, 'noise_gpe_sigma': 121.46023039253006, 'noise_gpi_sigma': 84.67918684720429, 'g_stn_gpe_mult': 2.5021730069310526, 'g_gpe_stn_mult': 0.10893503674112524, 'g_stn_gpi_mult': 2.387372339220847, 'g_gpe_gpi_mult': 0.8331045270122115}. Best is trial 580 with value: 0.48406877558126304.
[I 2026-05-28 02:23:05,792] Trial 593 finished with value: 0.4870889146505392 and parameters: {'ISTN': 60.1353436449535, 'I_gpe': 1.2193204666552646, 'I_gpi': 2.107614903529641, 'noise_stn_sigma': 5.238770997673992, 'noise_gpe_sigma': 117.43751431413926, 'noise_gpi_sigma': 87.09875088255343, 'g_stn_gpe_mult': 2.2323117739027296, 'g_gpe_stn_mult': 0.12546723507828061, 'g_stn_gpi_mult': 2.221994866078492, 'g_gpe_gpi_mult': 0.8250552621899379}. Best is trial 580 with value: 0.48406877558126304.
[I 2026-05-28 02:23:06,798] Trial 594 finished with value: 0.4853993734470237 and parameters: {'ISTN': 60.70607463935607, 'I_gpe': 1.2574369950243964, 'I_gpi': 2.010063928431639, 'noise_stn_sigma': 5.483438314963455, 'noise_gpe_sigma': 122.24256744078681, 'noise_gpi_sigma': 84.82406398122188, 'g_stn_gpe_mult': 2.467572185976954, 'g_gpe_stn_mult': 0.11796379829793555, 'g_stn_gpi_mult': 2.419953076321816, 'g_gpe_gpi_mult': 0.8501836542153467}. Best is trial 580 with value: 0.48406877558126304.
[I 2026-05-28 02:23:07,808] Trial 595 finished with value: 0.4885481157237198 and parameters: {'ISTN': 60.23861365727961, 'I_gpe': 1.2237981726224958, 'I_gpi': 2.187063055549012, 'noise_stn_sigma': 5.3141234359287965, 'noise_gpe_sigma': 125.18387571888312, 'noise_gpi_sigma': 93.64675542575098, 'g_stn_gpe_mult': 2.4790320699409314, 'g_gpe_stn_mult': 0.12488738382497529, 'g_stn_gpi_mult': 2.3924898282933533, 'g_gpe_gpi_mult': 0.8648013822853131}. Best is trial 580 with value: 0.48406877558126304.
[I 2026-05-28 02:23:08,814] Trial 596 finished with value: 0.4959453647838617 and parameters: {'ISTN': 62.200748548297234, 'I_gpe': 1.251734454215995, 'I_gpi': 1.9854448339903934, 'noise_stn_sigma': 5.572776455171921, 'noise_gpe_sigma': 119.79629567034924, 'noise_gpi_sigma': 88.77842477659163, 'g_stn_gpe_mult': 2.579896323095298, 'g_gpe_stn_mult': 0.10707015024867218, 'g_stn_gpi_mult': 2.3200350376716306, 'g_gpe_gpi_mult': 0.8421036011693623}. Best is trial 580 with value: 0.48406877558126304.
[I 2026-05-28 02:23:09,820] Trial 597 finished with value: 0.4951034716259788 and parameters: {'ISTN': 60.46316606414581, 'I_gpe': 1.3188546911245387, 'I_gpi': 2.2306788062985037, 'noise_stn_sigma': 5.325874748548465, 'noise_gpe_sigma': 122.16961653485697, 'noise_gpi_sigma': 86.51602585015378, 'g_stn_gpe_mult': 2.7318036607874214, 'g_gpe_stn_mult': 0.11570002806749777, 'g_stn_gpi_mult': 2.4504379462855743, 'g_gpe_gpi_mult': 0.8489672534123256}. Best is trial 580 with value: 0.48406877558126304.
[I 2026-05-28 02:23:10,828] Trial 598 finished with value: 0.4793015098256152 and parameters: {'ISTN': 61.449964877425735, 'I_gpe': 1.301716406939037, 'I_gpi': 2.0935465061339733, 'noise_stn_sigma': 5.666177922405254, 'noise_gpe_sigma': 120.65039711287194, 'noise_gpi_sigma': 90.34470666354113, 'g_stn_gpe_mult': 2.685709941654905, 'g_gpe_stn_mult': 0.10508446188737602, 'g_stn_gpi_mult': 2.425418456257187, 'g_gpe_gpi_mult': 0.878303209383618}. Best is trial 598 with value: 0.4793015098256152.
[I 2026-05-28 02:23:11,836] Trial 599 finished with value: 0.4900914054881589 and parameters: {'ISTN': 60.31228139251644, 'I_gpe': 1.2636900501931974, 'I_gpi': 1.933395980187142, 'noise_stn_sigma': 5.448319737457002, 'noise_gpe_sigma': 119.54831515975408, 'noise_gpi_sigma': 80.00063521477249, 'g_stn_gpe_mult': 2.171976078786643, 'g_gpe_stn_mult': 0.12145366922232334, 'g_stn_gpi_mult': 2.4991446230191734, 'g_gpe_gpi_mult': 0.7687379346815211}. Best is trial 598 with value: 0.4793015098256152.
[I 2026-05-28 02:23:12,843] Trial 600 finished with value: 0.48942895157215405 and parameters: {'ISTN': 60.31343250585637, 'I_gpe': 1.4142516346115317, 'I_gpi': 2.1359287198553467, 'noise_stn_sigma': 5.658116032248818, 'noise_gpe_sigma': 123.63298778474709, 'noise_gpi_sigma': 84.38555378421117, 'g_stn_gpe_mult': 2.2765502620747498, 'g_gpe_stn_mult': 0.11868293013133172, 'g_stn_gpi_mult': 2.346480630996756, 'g_gpe_gpi_mult': 0.7983877504300634}. Best is trial 598 with value: 0.4793015098256152.
[I 2026-05-28 02:23:13,851] Trial 601 finished with value: 0.47807073012129025 and parameters: {'ISTN': 61.44592173868637, 'I_gpe': 1.3074969105057257, 'I_gpi': 1.9743862816672983, 'noise_stn_sigma': 5.719244086759213, 'noise_gpe_sigma': 116.26190195730919, 'noise_gpi_sigma': 81.93490833779293, 'g_stn_gpe_mult': 2.4649333359978542, 'g_gpe_stn_mult': 0.11164001408632868, 'g_stn_gpi_mult': 2.474538027533112, 'g_gpe_gpi_mult': 0.8212507617424065}. Best is trial 601 with value: 0.47807073012129025.
[I 2026-05-28 02:23:14,858] Trial 602 finished with value: 0.48196734718179357 and parameters: {'ISTN': 60.068784265500454, 'I_gpe': 1.22228580827742, 'I_gpi': 1.9771012435391375, 'noise_stn_sigma': 5.53046717735549, 'noise_gpe_sigma': 119.60150630245418, 'noise_gpi_sigma': 90.86356368003176, 'g_stn_gpe_mult': 2.753278662900269, 'g_gpe_stn_mult': 0.12225460028199914, 'g_stn_gpi_mult': 2.4907097844924517, 'g_gpe_gpi_mult': 0.8641728567259039}. Best is trial 601 with value: 0.47807073012129025.
[I 2026-05-28 02:23:15,868] Trial 603 finished with value: 0.49425121591402 and parameters: {'ISTN': 61.7431919497943, 'I_gpe': 1.203483198408179, 'I_gpi': 2.1083687585602227, 'noise_stn_sigma': 5.547464104448603, 'noise_gpe_sigma': 123.07148963450332, 'noise_gpi_sigma': 86.53365804905266, 'g_stn_gpe_mult': 2.60012004408168, 'g_gpe_stn_mult': 0.1092682437275569, 'g_stn_gpi_mult': 2.3722218247051075, 'g_gpe_gpi_mult': 0.837958692359565}. Best is trial 601 with value: 0.47807073012129025.
[I 2026-05-28 02:23:16,874] Trial 604 finished with value: 0.4787443105819897 and parameters: {'ISTN': 60.792420066961775, 'I_gpe': 1.3223990020493819, 'I_gpi': 2.1555993762941292, 'noise_stn_sigma': 5.618681533802486, 'noise_gpe_sigma': 120.37271581081013, 'noise_gpi_sigma': 87.38025005429219, 'g_stn_gpe_mult': 2.583873005370595, 'g_gpe_stn_mult': 0.12256008442522266, 'g_stn_gpi_mult': 2.3776666643860227, 'g_gpe_gpi_mult': 0.9044296128528384}. Best is trial 601 with value: 0.47807073012129025.
[I 2026-05-28 02:23:17,880] Trial 605 finished with value: 0.48754482707022684 and parameters: {'ISTN': 61.244089845355525, 'I_gpe': 1.324068534339671, 'I_gpi': 2.008180458036477, 'noise_stn_sigma': 5.346013141114508, 'noise_gpe_sigma': 120.29002584448557, 'noise_gpi_sigma': 86.50580660755992, 'g_stn_gpe_mult': 2.6053523002925827, 'g_gpe_stn_mult': 0.11309672842714746, 'g_stn_gpi_mult': 2.44678752450615, 'g_gpe_gpi_mult': 0.8825199653250984}. Best is trial 601 with value: 0.47807073012129025.
[I 2026-05-28 02:23:18,889] Trial 606 finished with value: 0.47346011441726593 and parameters: {'ISTN': 60.32541688347579, 'I_gpe': 1.3544126520614221, 'I_gpi': 2.1242481699040403, 'noise_stn_sigma': 5.61839227073086, 'noise_gpe_sigma': 117.35876835897713, 'noise_gpi_sigma': 84.15960950954184, 'g_stn_gpe_mult': 2.466686572356209, 'g_gpe_stn_mult': 0.13405039841573696, 'g_stn_gpi_mult': 2.4250804130579917, 'g_gpe_gpi_mult': 0.8515459563761882}. Best is trial 606 with value: 0.47346011441726593.
[I 2026-05-28 02:23:19,898] Trial 607 finished with value: 0.4885505591811313 and parameters: {'ISTN': 62.09783229112824, 'I_gpe': 1.2544183705436194, 'I_gpi': 2.3635448272779316, 'noise_stn_sigma': 5.804136835263609, 'noise_gpe_sigma': 124.32555653294345, 'noise_gpi_sigma': 87.47334988817586, 'g_stn_gpe_mult': 2.6415515071106634, 'g_gpe_stn_mult': 0.10322143514121493, 'g_stn_gpi_mult': 2.413678965891215, 'g_gpe_gpi_mult': 0.8374500497738744}. Best is trial 606 with value: 0.47346011441726593.
[I 2026-05-28 02:23:20,905] Trial 608 finished with value: 0.4756147543692035 and parameters: {'ISTN': 61.91619560226519, 'I_gpe': 1.2799172179102298, 'I_gpi': 1.9618926737863405, 'noise_stn_sigma': 5.713053256928006, 'noise_gpe_sigma': 124.5116302876478, 'noise_gpi_sigma': 88.30163461577544, 'g_stn_gpe_mult': 2.6882347502815716, 'g_gpe_stn_mult': 0.10217665134715075, 'g_stn_gpi_mult': 2.4127806055994756, 'g_gpe_gpi_mult': 0.8627087744799979}. Best is trial 606 with value: 0.47346011441726593.
[I 2026-05-28 02:23:21,910] Trial 609 finished with value: 0.49832411050374503 and parameters: {'ISTN': 60.105113621359806, 'I_gpe': 1.2114755690032872, 'I_gpi': 2.1754876018524674, 'noise_stn_sigma': 5.293982529902288, 'noise_gpe_sigma': 118.0753404007662, 'noise_gpi_sigma': 89.97668401746441, 'g_stn_gpe_mult': 2.496055197532305, 'g_gpe_stn_mult': 0.12033268909278878, 'g_stn_gpi_mult': 2.4603759108333323, 'g_gpe_gpi_mult': 0.8526268738188223}. Best is trial 606 with value: 0.47346011441726593.
[I 2026-05-28 02:23:22,918] Trial 610 finished with value: 0.4715807600337649 and parameters: {'ISTN': 60.44383948602226, 'I_gpe': 1.2346006224140211, 'I_gpi': 1.9565422781109136, 'noise_stn_sigma': 5.8741216930817375, 'noise_gpe_sigma': 124.44429112038709, 'noise_gpi_sigma': 82.51481451699237, 'g_stn_gpe_mult': 2.394180906796163, 'g_gpe_stn_mult': 0.11189687844483423, 'g_stn_gpi_mult': 2.4016696753991944, 'g_gpe_gpi_mult': 0.8203767502149373}. Best is trial 610 with value: 0.4715807600337649.
[I 2026-05-28 02:23:23,926] Trial 611 finished with value: 0.48808208702978084 and parameters: {'ISTN': 60.77672107811466, 'I_gpe': 1.3503245634116259, 'I_gpi': 2.1261091516991923, 'noise_stn_sigma': 5.9825709796529365, 'noise_gpe_sigma': 123.30746466372389, 'noise_gpi_sigma': 80.7942801264862, 'g_stn_gpe_mult': 2.496122837471604, 'g_gpe_stn_mult': 0.1295682462242653, 'g_stn_gpi_mult': 2.3942496904554864, 'g_gpe_gpi_mult': 0.8187469132981249}. Best is trial 610 with value: 0.4715807600337649.
[I 2026-05-28 02:23:24,934] Trial 612 finished with value: 0.49827718026255297 and parameters: {'ISTN': 61.969008560141226, 'I_gpe': 1.2363110307783773, 'I_gpi': 2.0357117233791, 'noise_stn_sigma': 5.714492582561546, 'noise_gpe_sigma': 121.57806470311871, 'noise_gpi_sigma': 89.49764586254585, 'g_stn_gpe_mult': 2.6047141780781033, 'g_gpe_stn_mult': 0.10646815979471294, 'g_stn_gpi_mult': 2.334861192499852, 'g_gpe_gpi_mult': 0.8606721144139542}. Best is trial 610 with value: 0.4715807600337649.
[I 2026-05-28 02:23:25,940] Trial 613 finished with value: 0.47403780592915995 and parameters: {'ISTN': 60.21174178043276, 'I_gpe': 1.321103379789157, 'I_gpi': 2.0396746843666342, 'noise_stn_sigma': 5.571415254404853, 'noise_gpe_sigma': 121.93327446204833, 'noise_gpi_sigma': 87.05267418621104, 'g_stn_gpe_mult': 2.4077664231628115, 'g_gpe_stn_mult': 0.1254618793915482, 'g_stn_gpi_mult': 2.343051291794502, 'g_gpe_gpi_mult': 0.8514741201905793}. Best is trial 610 with value: 0.4715807600337649.
[I 2026-05-28 02:23:26,948] Trial 614 finished with value: 0.48589776880744423 and parameters: {'ISTN': 61.380294542388356, 'I_gpe': 1.2868065085449065, 'I_gpi': 2.0394326617190845, 'noise_stn_sigma': 5.738552217415134, 'noise_gpe_sigma': 122.98048988255901, 'noise_gpi_sigma': 80.43384843047863, 'g_stn_gpe_mult': 2.415651763689317, 'g_gpe_stn_mult': 0.1105294824815856, 'g_stn_gpi_mult': 2.4272824404647975, 'g_gpe_gpi_mult': 0.777441592713902}. Best is trial 610 with value: 0.4715807600337649.
[I 2026-05-28 02:23:27,956] Trial 615 finished with value: 0.5484032374573683 and parameters: {'ISTN': 60.11109381802674, 'I_gpe': 1.3732131590623822, 'I_gpi': 2.092466725436621, 'noise_stn_sigma': 5.615940039920176, 'noise_gpe_sigma': 119.59631745577269, 'noise_gpi_sigma': 83.07005044066926, 'g_stn_gpe_mult': 2.509119683014781, 'g_gpe_stn_mult': 0.11000876459572659, 'g_stn_gpi_mult': 2.374488660350243, 'g_gpe_gpi_mult': 0.846745624980177}. Best is trial 610 with value: 0.4715807600337649.
