[I 2026-05-28 01:56:08,683] A new study created in memory with name: sensitivity_weights_high_beta
[I 2026-05-28 01:56:11,098] Trial 0 finished with value: 165.27110940987322 and parameters: {'ISTN': 93.70861069626262, 'I_gpe': 3.827500072434707, 'I_gpi': 3.9279757672456204, 'noise_stn_sigma': 5.190609389379256, 'noise_gpe_sigma': 40.28242325751675, 'noise_gpi_sigma': 40.27928764370634, 'g_stn_gpe_mult': 1.703292642588698, 'g_gpe_stn_mult': 0.7063233020424546, 'g_stn_gpi_mult': 2.8033450352296265, 'g_gpe_gpi_mult': 0.9080725777960454}. Best is trial 0 with value: 165.27110940987322.
[I 2026-05-28 01:56:12,111] Trial 1 finished with value: 54.002577825304854 and parameters: {'ISTN': 102.18398227973381, 'I_gpe': 1.7822592367307524, 'I_gpi': 2.0402078942860182, 'noise_stn_sigma': 5.527278325084124, 'noise_gpe_sigma': 64.87605951987203, 'noise_gpi_sigma': 128.16311557229506, 'g_stn_gpe_mult': 3.8783201895114314, 'g_gpe_stn_mult': 0.4633636096255428, 'g_stn_gpi_mult': 1.9201572567197984, 'g_gpe_gpi_mult': 0.5716581854888545}. Best is trial 1 with value: 54.002577825304854.
[I 2026-05-28 01:56:13,118] Trial 2 finished with value: 55.46581309452981 and parameters: {'ISTN': 104.05697545714605, 'I_gpe': 1.6990806611446447, 'I_gpi': 2.1093322736015803, 'noise_stn_sigma': 4.391415413253829, 'noise_gpe_sigma': 95.78215145683166, 'noise_gpi_sigma': 112.26271914252017, 'g_stn_gpe_mult': 3.620508535432487, 'g_gpe_stn_mult': 0.48253375989294744, 'g_stn_gpi_mult': 2.4349864676102033, 'g_gpe_gpi_mult': 0.8838728082220315}. Best is trial 1 with value: 54.002577825304854.
[I 2026-05-28 01:56:14,126] Trial 3 finished with value: 54.32849647051688 and parameters: {'ISTN': 124.05768254138863, 'I_gpe': 2.4404639905642638, 'I_gpi': 2.929437307767527, 'noise_stn_sigma': 4.597526383157501, 'noise_gpe_sigma': 123.71799364703026, 'noise_gpi_sigma': 102.97034598752232, 'g_stn_gpe_mult': 3.0886712355338317, 'g_gpe_stn_mult': 0.27286655747132477, 'g_stn_gpi_mult': 3.5949342956186348, 'g_gpe_gpi_mult': 0.596177167198813}. Best is trial 1 with value: 54.002577825304854.
[I 2026-05-28 01:56:15,132] Trial 4 finished with value: 13.632233661160686 and parameters: {'ISTN': 61.327006512303655, 'I_gpe': 2.322282146919423, 'I_gpi': 2.6397695163821506, 'noise_stn_sigma': 3.62253468740132, 'noise_gpe_sigma': 78.9240566977039, 'noise_gpi_sigma': 101.63027934654737, 'g_stn_gpe_mult': 3.374074127741162, 'g_gpe_stn_mult': 0.2130397972288703, 'g_stn_gpi_mult': 2.0912746715201935, 'g_gpe_gpi_mult': 0.6568869944818863}. Best is trial 4 with value: 13.632233661160686.
[I 2026-05-28 01:56:16,141] Trial 5 finished with value: 58.142248165648724 and parameters: {'ISTN': 118.21835604782609, 'I_gpe': 1.5081892774313215, 'I_gpi': 3.899768098732145, 'noise_stn_sigma': 3.936086758513816, 'noise_gpe_sigma': 119.32152160252447, 'noise_gpi_sigma': 102.30543016488373, 'g_stn_gpe_mult': 2.9807792455418993, 'g_gpe_stn_mult': 0.5137698475759706, 'g_stn_gpi_mult': 2.9949380788413196, 'g_gpe_gpi_mult': 0.9635506695066518}. Best is trial 4 with value: 13.632233661160686.
[I 2026-05-28 01:56:17,147] Trial 6 finished with value: 61.51770167647004 and parameters: {'ISTN': 121.61855037844573, 'I_gpe': 1.6513293219198029, 'I_gpi': 2.8432761902587727, 'noise_stn_sigma': 3.8480047711083603, 'noise_gpe_sigma': 74.143091992362, 'noise_gpi_sigma': 62.05518437298985, 'g_stn_gpe_mult': 3.3767409216885813, 'g_gpe_stn_mult': 0.39119594338519237, 'g_stn_gpi_mult': 2.347357900801299, 'g_gpe_gpi_mult': 0.4142625832855039}. Best is trial 4 with value: 13.632233661160686.
[I 2026-05-28 01:56:18,152] Trial 7 finished with value: 59.558139245996784 and parameters: {'ISTN': 118.14807622329761, 'I_gpe': 1.5486294089623256, 'I_gpi': 2.4516321436833994, 'noise_stn_sigma': 2.679013017620471, 'noise_gpe_sigma': 56.04599877645517, 'noise_gpi_sigma': 116.28652710522236, 'g_stn_gpe_mult': 2.9922746566942053, 'g_gpe_stn_mult': 0.2955859336866355, 'g_stn_gpi_mult': 1.716124621409335, 'g_gpe_gpi_mult': 0.5179871881249729}. Best is trial 4 with value: 13.632233661160686.
[I 2026-05-28 01:56:19,159] Trial 8 finished with value: 66.254519888179 and parameters: {'ISTN': 125.24171270223263, 'I_gpe': 2.8526086943177944, 'I_gpi': 2.0678354736293487, 'noise_stn_sigma': 3.402302701760284, 'noise_gpe_sigma': 94.41082187084776, 'noise_gpi_sigma': 98.9600504549821, 'g_stn_gpe_mult': 3.6329764552383, 'g_gpe_stn_mult': 0.2538139817870882, 'g_stn_gpi_mult': 2.8573669779553246, 'g_gpe_gpi_mult': 0.7596331107049075}. Best is trial 4 with value: 13.632233661160686.
[I 2026-05-28 01:56:20,169] Trial 9 finished with value: 60.16759121224291 and parameters: {'ISTN': 108.06144798180426, 'I_gpe': 2.088159593914187, 'I_gpi': 2.7321182722451014, 'noise_stn_sigma': 3.3524793808782456, 'noise_gpe_sigma': 48.88483497946666, 'noise_gpi_sigma': 129.93936748396976, 'g_stn_gpe_mult': 3.302290408301439, 'g_gpe_stn_mult': 0.5428025966104797, 'g_stn_gpi_mult': 2.2888222168539225, 'g_gpe_gpi_mult': 0.6716607335175118}. Best is trial 4 with value: 13.632233661160686.
[I 2026-05-28 01:56:21,176] Trial 10 finished with value: 56.5518481556743 and parameters: {'ISTN': 105.28930217987374, 'I_gpe': 2.764126309775512, 'I_gpi': 1.33834956817683, 'noise_stn_sigma': 2.965503538344267, 'noise_gpe_sigma': 129.52996397114705, 'noise_gpi_sigma': 96.48201510531312, 'g_stn_gpe_mult': 3.0608279134787137, 'g_gpe_stn_mult': 0.462684887025272, 'g_stn_gpi_mult': 2.045535048975993, 'g_gpe_gpi_mult': 0.7985205433522264}. Best is trial 4 with value: 13.632233661160686.
[I 2026-05-28 01:56:22,183] Trial 11 finished with value: 48.98888277242202 and parameters: {'ISTN': 80.47524855012958, 'I_gpe': 2.32063838441018, 'I_gpi': 3.0854343781944955, 'noise_stn_sigma': 4.384942472154744, 'noise_gpe_sigma': 84.8524055679747, 'noise_gpi_sigma': 128.04024158095052, 'g_stn_gpe_mult': 3.5476543494010073, 'g_gpe_stn_mult': 0.3399046049985133, 'g_stn_gpi_mult': 2.156237755193102, 'g_gpe_gpi_mult': 0.4697283425704442}. Best is trial 4 with value: 13.632233661160686.
[I 2026-05-28 01:56:23,192] Trial 12 finished with value: 45.66983354311642 and parameters: {'ISTN': 103.19006283736582, 'I_gpe': 2.2734901536875163, 'I_gpi': 2.3494469163236342, 'noise_stn_sigma': 6.4040337096501245, 'noise_gpe_sigma': 99.91888822801, 'noise_gpi_sigma': 94.40654945122283, 'g_stn_gpe_mult': 3.7957507228473206, 'g_gpe_stn_mult': 0.16676800200483582, 'g_stn_gpi_mult': 2.268326136757669, 'g_gpe_gpi_mult': 0.6884174236948659}. Best is trial 4 with value: 13.632233661160686.
[I 2026-05-28 01:56:24,197] Trial 13 finished with value: 46.76092964236935 and parameters: {'ISTN': 79.73056661572775, 'I_gpe': 2.6009541074639935, 'I_gpi': 1.5150022105369563, 'noise_stn_sigma': 6.164736620057222, 'noise_gpe_sigma': 110.79675387046625, 'noise_gpi_sigma': 89.81327372284996, 'g_stn_gpe_mult': 3.3340434056447346, 'g_gpe_stn_mult': 0.4349199968571974, 'g_stn_gpi_mult': 2.7882199127046623, 'g_gpe_gpi_mult': 0.3835301539408175}. Best is trial 4 with value: 13.632233661160686.
[I 2026-05-28 01:56:25,208] Trial 14 finished with value: 61.085157769153966 and parameters: {'ISTN': 106.36505611204588, 'I_gpe': 2.907129750375127, 'I_gpi': 1.7372661711332806, 'noise_stn_sigma': 2.925557889622481, 'noise_gpe_sigma': 77.96620589181983, 'noise_gpi_sigma': 82.36751062075359, 'g_stn_gpe_mult': 2.557359811738433, 'g_gpe_stn_mult': 0.4102191120570957, 'g_stn_gpi_mult': 2.598286833575994, 'g_gpe_gpi_mult': 1.0056457883224432}. Best is trial 4 with value: 13.632233661160686.
[I 2026-05-28 01:56:26,155] Trial 15 finished with value: 1000000.0 and parameters: {'ISTN': 88.61777525935865, 'I_gpe': 2.2157231591268065, 'I_gpi': 2.5729331070061967, 'noise_stn_sigma': 5.1646332131139925, 'noise_gpe_sigma': 65.42556854372661, 'noise_gpi_sigma': 81.76202273286896, 'g_stn_gpe_mult': 4.114906807892215, 'g_gpe_stn_mult': 0.28442376844603634, 'g_stn_gpi_mult': 2.8038922353834006, 'g_gpe_gpi_mult': 0.8360553517037195}. Best is trial 4 with value: 13.632233661160686.
[I 2026-05-28 01:56:27,159] Trial 16 finished with value: 47.30870977802073 and parameters: {'ISTN': 80.72876951413005, 'I_gpe': 2.049745658415824, 'I_gpi': 2.6602335817726255, 'noise_stn_sigma': 4.050872145490249, 'noise_gpe_sigma': 68.87124357206474, 'noise_gpi_sigma': 133.83819303292495, 'g_stn_gpe_mult': 3.433602166102956, 'g_gpe_stn_mult': 0.2049534476713024, 'g_stn_gpi_mult': 2.22810409635162, 'g_gpe_gpi_mult': 0.6491674423147651}. Best is trial 4 with value: 13.632233661160686.
[I 2026-05-28 01:56:28,166] Trial 17 finished with value: 67.86134984755562 and parameters: {'ISTN': 95.32506205360303, 'I_gpe': 3.783734489260789, 'I_gpi': 1.7983391614266928, 'noise_stn_sigma': 3.095069139425456, 'noise_gpe_sigma': 82.58474922024561, 'noise_gpi_sigma': 92.5307890685922, 'g_stn_gpe_mult': 3.3884705343115655, 'g_gpe_stn_mult': 0.30230154475808024, 'g_stn_gpi_mult': 2.8727657847759205, 'g_gpe_gpi_mult': 0.4939949522436468}. Best is trial 4 with value: 13.632233661160686.
[I 2026-05-28 01:56:29,173] Trial 18 finished with value: 52.46487010614442 and parameters: {'ISTN': 131.17877162892796, 'I_gpe': 1.8291226192478742, 'I_gpi': 1.8659402198621675, 'noise_stn_sigma': 5.0416027992956485, 'noise_gpe_sigma': 80.77300615676563, 'noise_gpi_sigma': 75.52935072191737, 'g_stn_gpe_mult': 2.485186170265194, 'g_gpe_stn_mult': 0.36727395209173574, 'g_stn_gpi_mult': 2.6954938942825586, 'g_gpe_gpi_mult': 0.6302673514193355}. Best is trial 4 with value: 13.632233661160686.
[I 2026-05-28 01:56:30,179] Trial 19 finished with value: 46.98677368133721 and parameters: {'ISTN': 93.07871244972674, 'I_gpe': 2.3482156089167505, 'I_gpi': 2.463298267311763, 'noise_stn_sigma': 4.078227294327857, 'noise_gpe_sigma': 118.66554518604536, 'noise_gpi_sigma': 104.38820603705112, 'g_stn_gpe_mult': 3.04103688943644, 'g_gpe_stn_mult': 0.4211646805369682, 'g_stn_gpi_mult': 1.9144533790808496, 'g_gpe_gpi_mult': 0.636857463847973}. Best is trial 4 with value: 13.632233661160686.
[I 2026-05-28 01:56:31,126] Trial 20 finished with value: 1000000.0 and parameters: {'ISTN': 68.37593515942365, 'I_gpe': 2.968781975178823, 'I_gpi': 1.3610171209052935, 'noise_stn_sigma': 1.1944091773627328, 'noise_gpe_sigma': 149.19898570107682, 'noise_gpi_sigma': 116.09802563174308, 'g_stn_gpe_mult': 2.917001939119798, 'g_gpe_stn_mult': 0.3526559081659866, 'g_stn_gpi_mult': 2.1420191715951047, 'g_gpe_gpi_mult': 1.0786352030816064}. Best is trial 4 with value: 13.632233661160686.
[I 2026-05-28 01:56:32,134] Trial 21 finished with value: 49.74933776624797 and parameters: {'ISTN': 83.59205218187424, 'I_gpe': 2.7624098343970953, 'I_gpi': 2.7796488815918328, 'noise_stn_sigma': 3.2883933126374556, 'noise_gpe_sigma': 104.22414382662987, 'noise_gpi_sigma': 129.78249799347313, 'g_stn_gpe_mult': 4.994804350802621, 'g_gpe_stn_mult': 0.31974271838815005, 'g_stn_gpi_mult': 2.147160202082895, 'g_gpe_gpi_mult': 0.6019398101082636}. Best is trial 4 with value: 13.632233661160686.
[I 2026-05-28 01:56:33,146] Trial 22 finished with value: 50.80183581579291 and parameters: {'ISTN': 92.65563106820339, 'I_gpe': 2.737770858499851, 'I_gpi': 2.0498831376500206, 'noise_stn_sigma': 6.115778412189642, 'noise_gpe_sigma': 77.83895110777927, 'noise_gpi_sigma': 82.33406324447832, 'g_stn_gpe_mult': 3.801883569812543, 'g_gpe_stn_mult': 0.19091278682971516, 'g_stn_gpi_mult': 1.448942275352393, 'g_gpe_gpi_mult': 0.623630347867479}. Best is trial 4 with value: 13.632233661160686.
[I 2026-05-28 01:56:34,156] Trial 23 finished with value: 44.708684454417465 and parameters: {'ISTN': 84.84856903801818, 'I_gpe': 2.3037292467381367, 'I_gpi': 2.9254712636782507, 'noise_stn_sigma': 6.631207443249875, 'noise_gpe_sigma': 103.42576397004142, 'noise_gpi_sigma': 112.84855047039707, 'g_stn_gpe_mult': 2.67224484150172, 'g_gpe_stn_mult': 0.34056839108411263, 'g_stn_gpi_mult': 2.37768867497103, 'g_gpe_gpi_mult': 0.39921824532309746}. Best is trial 4 with value: 13.632233661160686.
[I 2026-05-28 01:56:35,163] Trial 24 finished with value: 54.406430630220505 and parameters: {'ISTN': 79.44628179449029, 'I_gpe': 3.361920679777007, 'I_gpi': 1.7920854444377712, 'noise_stn_sigma': 7.766492825873948, 'noise_gpe_sigma': 84.35755020495877, 'noise_gpi_sigma': 101.27706856677779, 'g_stn_gpe_mult': 3.1408799806776435, 'g_gpe_stn_mult': 0.504361093026924, 'g_stn_gpi_mult': 2.030504452600546, 'g_gpe_gpi_mult': 0.6741444069768034}. Best is trial 4 with value: 13.632233661160686.
[I 2026-05-28 01:56:36,171] Trial 25 finished with value: 55.48522077283752 and parameters: {'ISTN': 100.02285003750217, 'I_gpe': 2.9405556837836953, 'I_gpi': 2.6385538802847135, 'noise_stn_sigma': 6.143216362398141, 'noise_gpe_sigma': 111.13502902193441, 'noise_gpi_sigma': 105.66942527587108, 'g_stn_gpe_mult': 3.7174212166603002, 'g_gpe_stn_mult': 0.3301559188245231, 'g_stn_gpi_mult': 2.7674226315081976, 'g_gpe_gpi_mult': 0.4000508477948296}. Best is trial 4 with value: 13.632233661160686.
[I 2026-05-28 01:56:37,178] Trial 26 finished with value: 49.14542258232993 and parameters: {'ISTN': 98.71697474026683, 'I_gpe': 1.929028413095688, 'I_gpi': 2.3434918141210774, 'noise_stn_sigma': 5.52989221741793, 'noise_gpe_sigma': 71.29955594224766, 'noise_gpi_sigma': 87.55400497029109, 'g_stn_gpe_mult': 3.161210855176894, 'g_gpe_stn_mult': 0.19720819175201648, 'g_stn_gpi_mult': 2.6579845185307844, 'g_gpe_gpi_mult': 0.6224922702905004}. Best is trial 4 with value: 13.632233661160686.
[I 2026-05-28 01:56:38,186] Trial 27 finished with value: 46.94000455168185 and parameters: {'ISTN': 96.83079440192864, 'I_gpe': 2.011984132942633, 'I_gpi': 1.0912340968870684, 'noise_stn_sigma': 4.683605996688494, 'noise_gpe_sigma': 121.83274601713242, 'noise_gpi_sigma': 109.75586909140875, 'g_stn_gpe_mult': 3.579032390305761, 'g_gpe_stn_mult': 0.3729906599868127, 'g_stn_gpi_mult': 3.0458683907972155, 'g_gpe_gpi_mult': 0.37306511614220594}. Best is trial 4 with value: 13.632233661160686.
[I 2026-05-28 01:56:39,193] Trial 28 finished with value: 48.01128123653569 and parameters: {'ISTN': 99.03968580240308, 'I_gpe': 2.3421322337822486, 'I_gpi': 3.063175237405798, 'noise_stn_sigma': 5.926872083795496, 'noise_gpe_sigma': 117.6008379980889, 'noise_gpi_sigma': 135.29100657454222, 'g_stn_gpe_mult': 3.5508334015230565, 'g_gpe_stn_mult': 0.33929950313836765, 'g_stn_gpi_mult': 1.50552233632932, 'g_gpe_gpi_mult': 0.7377523980705227}. Best is trial 4 with value: 13.632233661160686.
[I 2026-05-28 01:56:40,201] Trial 29 finished with value: 42.893997155099875 and parameters: {'ISTN': 84.93916615810994, 'I_gpe': 2.2872802948516924, 'I_gpi': 2.2648651096880528, 'noise_stn_sigma': 6.734926834206888, 'noise_gpe_sigma': 129.24212623921977, 'noise_gpi_sigma': 67.57015986606795, 'g_stn_gpe_mult': 2.734349654042366, 'g_gpe_stn_mult': 0.25529779618162063, 'g_stn_gpi_mult': 2.3948890228565043, 'g_gpe_gpi_mult': 0.5777511224652421}. Best is trial 4 with value: 13.632233661160686.
[I 2026-05-28 01:56:41,209] Trial 30 finished with value: 39.763214821701595 and parameters: {'ISTN': 77.71814918418683, 'I_gpe': 1.7773456922969701, 'I_gpi': 2.2783696410976306, 'noise_stn_sigma': 7.254696922153936, 'noise_gpe_sigma': 89.1438777986391, 'noise_gpi_sigma': 101.22626060363889, 'g_stn_gpe_mult': 3.033038201423331, 'g_gpe_stn_mult': 0.12529376045876767, 'g_stn_gpi_mult': 2.8501553002000475, 'g_gpe_gpi_mult': 0.7282743320717839}. Best is trial 4 with value: 13.632233661160686.
[I 2026-05-28 01:56:42,219] Trial 31 finished with value: 41.940605300563824 and parameters: {'ISTN': 76.38177093191881, 'I_gpe': 2.7625511982427033, 'I_gpi': 1.6994625396040486, 'noise_stn_sigma': 4.680270495095589, 'noise_gpe_sigma': 119.74012825036398, 'noise_gpi_sigma': 139.23295684792964, 'g_stn_gpe_mult': 2.808370529584016, 'g_gpe_stn_mult': 0.2288158661976152, 'g_stn_gpi_mult': 2.421869090813535, 'g_gpe_gpi_mult': 0.39359036773504047}. Best is trial 4 with value: 13.632233661160686.
[I 2026-05-28 01:56:43,228] Trial 32 finished with value: 33.90131935112779 and parameters: {'ISTN': 83.69259352433679, 'I_gpe': 1.3503190094825508, 'I_gpi': 2.1443660455800604, 'noise_stn_sigma': 6.1501546613428575, 'noise_gpe_sigma': 124.12138808894657, 'noise_gpi_sigma': 79.68627056118038, 'g_stn_gpe_mult': 3.5894908953135705, 'g_gpe_stn_mult': 0.22078922638221538, 'g_stn_gpi_mult': 2.1921558579798983, 'g_gpe_gpi_mult': 0.6877600310605594}. Best is trial 4 with value: 13.632233661160686.
[I 2026-05-28 01:56:44,233] Trial 33 finished with value: 43.81870531373185 and parameters: {'ISTN': 90.12344594935078, 'I_gpe': 1.9868238163041185, 'I_gpi': 1.2803314609948802, 'noise_stn_sigma': 6.9712409514682605, 'noise_gpe_sigma': 105.89918907911101, 'noise_gpi_sigma': 116.10267384581012, 'g_stn_gpe_mult': 3.108341950399965, 'g_gpe_stn_mult': 0.22439685866983794, 'g_stn_gpi_mult': 2.4996916210029276, 'g_gpe_gpi_mult': 0.669924187029179}. Best is trial 4 with value: 13.632233661160686.
[I 2026-05-28 01:56:45,244] Trial 34 finished with value: 29.213382399046296 and parameters: {'ISTN': 75.81478107895511, 'I_gpe': 2.549118072976894, 'I_gpi': 3.2077357090304615, 'noise_stn_sigma': 6.194391549939607, 'noise_gpe_sigma': 106.42577568224814, 'noise_gpi_sigma': 100.13151017968877, 'g_stn_gpe_mult': 2.990289094323165, 'g_gpe_stn_mult': 0.2019960573773849, 'g_stn_gpi_mult': 2.259290649976397, 'g_gpe_gpi_mult': 0.53238161744694}. Best is trial 4 with value: 13.632233661160686.
[I 2026-05-28 01:56:46,248] Trial 35 finished with value: 17.747502691849945 and parameters: {'ISTN': 67.75102691428545, 'I_gpe': 2.2791737257439237, 'I_gpi': 1.9553463435589964, 'noise_stn_sigma': 7.846562105080729, 'noise_gpe_sigma': 111.27328450074849, 'noise_gpi_sigma': 145.6624231134609, 'g_stn_gpe_mult': 3.1144001152408043, 'g_gpe_stn_mult': 0.2403315268431272, 'g_stn_gpi_mult': 1.8751493717144072, 'g_gpe_gpi_mult': 0.47834198817261875}. Best is trial 4 with value: 13.632233661160686.
[I 2026-05-28 01:56:47,255] Trial 36 finished with value: 51.37215689965246 and parameters: {'ISTN': 84.64659619387211, 'I_gpe': 2.7243568744941546, 'I_gpi': 2.0257614074041292, 'noise_stn_sigma': 5.540951122937574, 'noise_gpe_sigma': 79.25434624668758, 'noise_gpi_sigma': 81.88445774888733, 'g_stn_gpe_mult': 4.237177538818594, 'g_gpe_stn_mult': 0.1702001298452946, 'g_stn_gpi_mult': 3.863897881996019, 'g_gpe_gpi_mult': 0.5231198561054929}. Best is trial 4 with value: 13.632233661160686.
[I 2026-05-28 01:56:48,262] Trial 37 finished with value: 31.128445761241355 and parameters: {'ISTN': 87.73650025139348, 'I_gpe': 2.595889081017335, 'I_gpi': 2.3175296391917724, 'noise_stn_sigma': 5.15442892190077, 'noise_gpe_sigma': 101.52914233168707, 'noise_gpi_sigma': 117.62904825362598, 'g_stn_gpe_mult': 2.072919722954073, 'g_gpe_stn_mult': 0.19051085100147427, 'g_stn_gpi_mult': 1.8137649123329367, 'g_gpe_gpi_mult': 0.6535304364328549}. Best is trial 4 with value: 13.632233661160686.
[I 2026-05-28 01:56:49,268] Trial 38 finished with value: 31.49705215615636 and parameters: {'ISTN': 69.96716189297257, 'I_gpe': 3.033877686771673, 'I_gpi': 3.2289732619974334, 'noise_stn_sigma': 7.7455157859769495, 'noise_gpe_sigma': 133.04449396163486, 'noise_gpi_sigma': 113.10580837722128, 'g_stn_gpe_mult': 2.2616389593681205, 'g_gpe_stn_mult': 0.43163447166379165, 'g_stn_gpi_mult': 2.4146399065616757, 'g_gpe_gpi_mult': 0.3995461511294075}. Best is trial 4 with value: 13.632233661160686.
[I 2026-05-28 01:56:50,275] Trial 39 finished with value: 49.9602316340039 and parameters: {'ISTN': 86.23368737490641, 'I_gpe': 1.8428985330657315, 'I_gpi': 3.532713755056128, 'noise_stn_sigma': 7.152675667012785, 'noise_gpe_sigma': 75.56336642402894, 'noise_gpi_sigma': 109.40309772659899, 'g_stn_gpe_mult': 2.5791229111653404, 'g_gpe_stn_mult': 0.3239102888746127, 'g_stn_gpi_mult': 2.7121515157103118, 'g_gpe_gpi_mult': 0.5791228432050303}. Best is trial 4 with value: 13.632233661160686.
[I 2026-05-28 01:56:51,284] Trial 40 finished with value: 35.18208591433045 and parameters: {'ISTN': 77.36082782753921, 'I_gpe': 2.676645372480011, 'I_gpi': 2.0284890556513093, 'noise_stn_sigma': 6.432891818975581, 'noise_gpe_sigma': 105.1769477421063, 'noise_gpi_sigma': 70.73452002086958, 'g_stn_gpe_mult': 3.111906082040355, 'g_gpe_stn_mult': 0.10333072954491304, 'g_stn_gpi_mult': 2.4579098542847593, 'g_gpe_gpi_mult': 0.4411544285281902}. Best is trial 4 with value: 13.632233661160686.
[I 2026-05-28 01:56:52,292] Trial 41 finished with value: 35.20744435668904 and parameters: {'ISTN': 66.11277740697226, 'I_gpe': 2.057208374323147, 'I_gpi': 1.2669857004166412, 'noise_stn_sigma': 6.523461857657903, 'noise_gpe_sigma': 106.75402990341729, 'noise_gpi_sigma': 93.83984883308081, 'g_stn_gpe_mult': 2.126445247836833, 'g_gpe_stn_mult': 0.23066054704049557, 'g_stn_gpi_mult': 2.5417563011042335, 'g_gpe_gpi_mult': 0.498024880493356}. Best is trial 4 with value: 13.632233661160686.
[I 2026-05-28 01:56:53,299] Trial 42 finished with value: 47.734210780964084 and parameters: {'ISTN': 79.12487103190315, 'I_gpe': 2.354298876043832, 'I_gpi': 2.9481961295675627, 'noise_stn_sigma': 5.423207681326817, 'noise_gpe_sigma': 86.02428601222573, 'noise_gpi_sigma': 132.68871788081455, 'g_stn_gpe_mult': 2.819746901379547, 'g_gpe_stn_mult': 0.3553263939765655, 'g_stn_gpi_mult': 1.7371792441858032, 'g_gpe_gpi_mult': 0.733548981104647}. Best is trial 4 with value: 13.632233661160686.
[I 2026-05-28 01:56:54,306] Trial 43 finished with value: 48.28684306352761 and parameters: {'ISTN': 75.52521841297221, 'I_gpe': 2.746512883800621, 'I_gpi': 2.823366205034765, 'noise_stn_sigma': 7.180858343438636, 'noise_gpe_sigma': 115.59344718092571, 'noise_gpi_sigma': 135.73718823672982, 'g_stn_gpe_mult': 3.101419447146689, 'g_gpe_stn_mult': 0.2983482884763423, 'g_stn_gpi_mult': 1.4859618330723543, 'g_gpe_gpi_mult': 0.3544610216950639}. Best is trial 4 with value: 13.632233661160686.
