[I 2026-05-28 01:42:53,380] Trial 220 finished with value: 2.2985512801263583 and parameters: {'ISTN': 71.36803708970056, 'I_gpe': 1.3761228878356437, 'I_gpi': 2.2609074429189353, 'noise_stn_sigma': 7.459943083450647, 'noise_gpe_sigma': 70.31434712373431, 'noise_gpi_sigma': 108.02266879361376, 'g_stn_gpe_mult': 2.1992182445237227, 'g_gpe_stn_mult': 0.18446337011332747, 'g_stn_gpi_mult': 2.415450062735734, 'g_gpe_gpi_mult': 0.3339728090533388}. Best is trial 209 with value: 0.38460119353143385.
[I 2026-05-28 01:42:54,389] Trial 221 finished with value: 3.4308969427079017 and parameters: {'ISTN': 80.13887213172629, 'I_gpe': 1.5022268951061835, 'I_gpi': 2.2537067378619478, 'noise_stn_sigma': 6.679504942608604, 'noise_gpe_sigma': 84.2909793264503, 'noise_gpi_sigma': 115.42582946452134, 'g_stn_gpe_mult': 2.0665448328620295, 'g_gpe_stn_mult': 0.1402848330626718, 'g_stn_gpi_mult': 2.8224264830428245, 'g_gpe_gpi_mult': 0.5267388910143975}. Best is trial 209 with value: 0.38460119353143385.
[I 2026-05-28 01:42:55,398] Trial 222 finished with value: 1.6557973918893052 and parameters: {'ISTN': 71.02720909123744, 'I_gpe': 1.0361473133650083, 'I_gpi': 1.9961835787892077, 'noise_stn_sigma': 6.829641661260588, 'noise_gpe_sigma': 86.93355917065136, 'noise_gpi_sigma': 119.55032936573116, 'g_stn_gpe_mult': 1.949809658042128, 'g_gpe_stn_mult': 0.17539167347770207, 'g_stn_gpi_mult': 2.8463821074243283, 'g_gpe_gpi_mult': 0.38848425650493834}. Best is trial 209 with value: 0.38460119353143385.
[I 2026-05-28 01:42:56,405] Trial 223 finished with value: 3.100802641391885 and parameters: {'ISTN': 68.13636500921956, 'I_gpe': 1.1241806536574095, 'I_gpi': 2.7746451538133288, 'noise_stn_sigma': 6.5286429765643295, 'noise_gpe_sigma': 77.036352192978, 'noise_gpi_sigma': 129.4468375489719, 'g_stn_gpe_mult': 1.694216653440748, 'g_gpe_stn_mult': 0.30876014908317495, 'g_stn_gpi_mult': 2.900855218841264, 'g_gpe_gpi_mult': 0.5904134680909983}. Best is trial 209 with value: 0.38460119353143385.
[I 2026-05-28 01:42:57,413] Trial 224 finished with value: 3.986803536747106 and parameters: {'ISTN': 74.21846240141218, 'I_gpe': 1.9259628624776466, 'I_gpi': 2.4087145938804895, 'noise_stn_sigma': 7.376238524865558, 'noise_gpe_sigma': 76.95858101389548, 'noise_gpi_sigma': 129.7082095269064, 'g_stn_gpe_mult': 1.878013477471105, 'g_gpe_stn_mult': 0.2453732079544851, 'g_stn_gpi_mult': 2.9308349037716903, 'g_gpe_gpi_mult': 0.5671106112909099}. Best is trial 209 with value: 0.38460119353143385.
[I 2026-05-28 01:42:58,423] Trial 225 finished with value: 1.0065681331256446 and parameters: {'ISTN': 72.44825601741417, 'I_gpe': 1.3180912965156266, 'I_gpi': 2.8341581303846093, 'noise_stn_sigma': 6.05516506842412, 'noise_gpe_sigma': 78.0438448408346, 'noise_gpi_sigma': 107.29630644309034, 'g_stn_gpe_mult': 2.7865916147868828, 'g_gpe_stn_mult': 0.16114398263794263, 'g_stn_gpi_mult': 2.724145862165466, 'g_gpe_gpi_mult': 0.40721667643745907}. Best is trial 209 with value: 0.38460119353143385.
[I 2026-05-28 01:42:59,433] Trial 226 finished with value: 0.97558732918878 and parameters: {'ISTN': 73.92272353904569, 'I_gpe': 0.977030403050738, 'I_gpi': 2.3819425238724663, 'noise_stn_sigma': 7.22411381483996, 'noise_gpe_sigma': 78.57081135263276, 'noise_gpi_sigma': 128.84074625088638, 'g_stn_gpe_mult': 1.9873190736965232, 'g_gpe_stn_mult': 0.143375113683553, 'g_stn_gpi_mult': 2.8229772506483015, 'g_gpe_gpi_mult': 0.5287272234166724}. Best is trial 209 with value: 0.38460119353143385.
[I 2026-05-28 01:43:00,441] Trial 227 finished with value: 1.3005497322146227 and parameters: {'ISTN': 68.71654651778037, 'I_gpe': 1.501163289831529, 'I_gpi': 3.1900742622515157, 'noise_stn_sigma': 6.139350379297044, 'noise_gpe_sigma': 77.16980840955851, 'noise_gpi_sigma': 123.44736371530705, 'g_stn_gpe_mult': 1.9443062810174259, 'g_gpe_stn_mult': 0.21395852606061766, 'g_stn_gpi_mult': 3.174821769319886, 'g_gpe_gpi_mult': 0.5841079935955784}. Best is trial 209 with value: 0.38460119353143385.
[I 2026-05-28 01:43:01,449] Trial 228 finished with value: 1.627327233238178 and parameters: {'ISTN': 73.72145102060439, 'I_gpe': 0.7870874298955661, 'I_gpi': 2.812660269759702, 'noise_stn_sigma': 6.4724952701862355, 'noise_gpe_sigma': 100.77902254004813, 'noise_gpi_sigma': 122.0236093955569, 'g_stn_gpe_mult': 2.0380878425488858, 'g_gpe_stn_mult': 0.22465114296821748, 'g_stn_gpi_mult': 2.722814365326295, 'g_gpe_gpi_mult': 0.5896848658065544}. Best is trial 209 with value: 0.38460119353143385.
[I 2026-05-28 01:43:02,456] Trial 229 finished with value: 3.001413260712805 and parameters: {'ISTN': 76.3684310791188, 'I_gpe': 0.5946347073011793, 'I_gpi': 2.8440340975040463, 'noise_stn_sigma': 7.529357644508505, 'noise_gpe_sigma': 88.01618890880336, 'noise_gpi_sigma': 113.22169659020886, 'g_stn_gpe_mult': 1.6398798354674715, 'g_gpe_stn_mult': 0.19247842475186483, 'g_stn_gpi_mult': 3.1373546828032963, 'g_gpe_gpi_mult': 0.5189097576515218}. Best is trial 209 with value: 0.38460119353143385.
[I 2026-05-28 01:43:03,464] Trial 230 finished with value: 3.6782866505972027 and parameters: {'ISTN': 77.44436850916489, 'I_gpe': 1.0495392433553459, 'I_gpi': 2.4050683692358925, 'noise_stn_sigma': 6.303818102247138, 'noise_gpe_sigma': 99.44692588676891, 'noise_gpi_sigma': 94.37148034540134, 'g_stn_gpe_mult': 2.065684581096493, 'g_gpe_stn_mult': 0.28133700447743776, 'g_stn_gpi_mult': 2.99370310717746, 'g_gpe_gpi_mult': 0.3811874953920714}. Best is trial 209 with value: 0.38460119353143385.
[I 2026-05-28 01:43:04,474] Trial 231 finished with value: 1.3285007743944468 and parameters: {'ISTN': 67.52565787501939, 'I_gpe': 0.8880305829933071, 'I_gpi': 2.947251190793528, 'noise_stn_sigma': 6.8896160138421285, 'noise_gpe_sigma': 68.9955551058612, 'noise_gpi_sigma': 141.34680185772382, 'g_stn_gpe_mult': 2.210059985675538, 'g_gpe_stn_mult': 0.23148399790133375, 'g_stn_gpi_mult': 3.3425976301213316, 'g_gpe_gpi_mult': 0.5880692792926145}. Best is trial 209 with value: 0.38460119353143385.
[I 2026-05-28 01:43:05,481] Trial 232 finished with value: 2.342744387433566 and parameters: {'ISTN': 77.84014537426842, 'I_gpe': 1.1828697089190352, 'I_gpi': 2.4317931111344535, 'noise_stn_sigma': 5.065762232269829, 'noise_gpe_sigma': 82.16290461762541, 'noise_gpi_sigma': 140.66293379619697, 'g_stn_gpe_mult': 1.9337648697659922, 'g_gpe_stn_mult': 0.17645409037171186, 'g_stn_gpi_mult': 2.760505672265599, 'g_gpe_gpi_mult': 0.6093559671926767}. Best is trial 209 with value: 0.38460119353143385.
[I 2026-05-28 01:43:06,488] Trial 233 finished with value: 0.9119635376181701 and parameters: {'ISTN': 71.62266160776184, 'I_gpe': 0.9595814694139181, 'I_gpi': 2.2693154442177486, 'noise_stn_sigma': 7.189012795201299, 'noise_gpe_sigma': 63.78027868928639, 'noise_gpi_sigma': 127.47324437145252, 'g_stn_gpe_mult': 1.8594559502605206, 'g_gpe_stn_mult': 0.18074220540328678, 'g_stn_gpi_mult': 2.7629024176533328, 'g_gpe_gpi_mult': 0.48128487130401887}. Best is trial 209 with value: 0.38460119353143385.
[I 2026-05-28 01:43:07,496] Trial 234 finished with value: 1.8701885470966435 and parameters: {'ISTN': 75.58706758963307, 'I_gpe': 1.1886056629198989, 'I_gpi': 3.028047058800337, 'noise_stn_sigma': 7.24962356806643, 'noise_gpe_sigma': 76.60625333741032, 'noise_gpi_sigma': 111.42148992563178, 'g_stn_gpe_mult': 2.5495164607177676, 'g_gpe_stn_mult': 0.11727164680113941, 'g_stn_gpi_mult': 2.7498300783419736, 'g_gpe_gpi_mult': 0.4873758821118972}. Best is trial 209 with value: 0.38460119353143385.
[I 2026-05-28 01:43:08,504] Trial 235 finished with value: 2.367718919038973 and parameters: {'ISTN': 71.9494442325323, 'I_gpe': 1.3273104446147892, 'I_gpi': 2.7361566937916915, 'noise_stn_sigma': 6.971441257707812, 'noise_gpe_sigma': 84.52425743280513, 'noise_gpi_sigma': 115.55137439452291, 'g_stn_gpe_mult': 1.930522500499575, 'g_gpe_stn_mult': 0.20487895636324932, 'g_stn_gpi_mult': 3.466915372199488, 'g_gpe_gpi_mult': 0.5304417105551475}. Best is trial 209 with value: 0.38460119353143385.
[I 2026-05-28 01:43:09,513] Trial 236 finished with value: 2.46997796254844 and parameters: {'ISTN': 78.1648883857249, 'I_gpe': 0.7105251745508011, 'I_gpi': 2.963274409659643, 'noise_stn_sigma': 7.2265430608433, 'noise_gpe_sigma': 88.7775786782918, 'noise_gpi_sigma': 102.01044597634217, 'g_stn_gpe_mult': 2.1476315521713127, 'g_gpe_stn_mult': 0.19282914864029982, 'g_stn_gpi_mult': 3.167434756951153, 'g_gpe_gpi_mult': 0.40860449449959985}. Best is trial 209 with value: 0.38460119353143385.
[I 2026-05-28 01:43:10,520] Trial 237 finished with value: 3.904259130899697 and parameters: {'ISTN': 82.90230097129626, 'I_gpe': 1.0517966591616998, 'I_gpi': 2.156058896924713, 'noise_stn_sigma': 6.217193936068929, 'noise_gpe_sigma': 81.77167916132768, 'noise_gpi_sigma': 112.14703847307874, 'g_stn_gpe_mult': 2.2465708832323603, 'g_gpe_stn_mult': 0.21162254440252015, 'g_stn_gpi_mult': 2.7315382690181784, 'g_gpe_gpi_mult': 0.4576139255690271}. Best is trial 209 with value: 0.38460119353143385.
[I 2026-05-28 01:43:11,529] Trial 238 finished with value: 3.161302506981663 and parameters: {'ISTN': 72.81529545901888, 'I_gpe': 1.5016889000508213, 'I_gpi': 3.011062758258131, 'noise_stn_sigma': 5.853882272042661, 'noise_gpe_sigma': 95.69280511254388, 'noise_gpi_sigma': 118.78521719663382, 'g_stn_gpe_mult': 1.7988400403554443, 'g_gpe_stn_mult': 0.14510187072042324, 'g_stn_gpi_mult': 3.123449301469158, 'g_gpe_gpi_mult': 0.49867800587593664}. Best is trial 209 with value: 0.38460119353143385.
[I 2026-05-28 01:43:12,538] Trial 239 finished with value: 2.9230404237072727 and parameters: {'ISTN': 81.3300493246838, 'I_gpe': 0.7548061069159657, 'I_gpi': 2.7089869767284025, 'noise_stn_sigma': 7.281764874922233, 'noise_gpe_sigma': 90.42339447869097, 'noise_gpi_sigma': 98.13875800605851, 'g_stn_gpe_mult': 2.7196580635646628, 'g_gpe_stn_mult': 0.19706043438740933, 'g_stn_gpi_mult': 3.1184586657565756, 'g_gpe_gpi_mult': 0.48133258659565265}. Best is trial 209 with value: 0.38460119353143385.
[I 2026-05-28 01:43:13,546] Trial 240 finished with value: 3.302183819929029 and parameters: {'ISTN': 73.65988549368926, 'I_gpe': 1.9428949248697174, 'I_gpi': 2.3256041525391384, 'noise_stn_sigma': 5.920045381634446, 'noise_gpe_sigma': 98.1144260041853, 'noise_gpi_sigma': 125.0864023919652, 'g_stn_gpe_mult': 2.6175005335847157, 'g_gpe_stn_mult': 0.14448353947955903, 'g_stn_gpi_mult': 2.7208202595266298, 'g_gpe_gpi_mult': 0.4293396532571278}. Best is trial 209 with value: 0.38460119353143385.
[I 2026-05-28 01:43:14,554] Trial 241 finished with value: 1.8965844852413642 and parameters: {'ISTN': 64.33846069796343, 'I_gpe': 1.364566644615265, 'I_gpi': 2.863068877722339, 'noise_stn_sigma': 5.748619191800787, 'noise_gpe_sigma': 61.584334002793845, 'noise_gpi_sigma': 117.23203119097357, 'g_stn_gpe_mult': 2.6632563071915762, 'g_gpe_stn_mult': 0.17816941094860433, 'g_stn_gpi_mult': 2.6790928483482483, 'g_gpe_gpi_mult': 0.7578285675726371}. Best is trial 209 with value: 0.38460119353143385.
[I 2026-05-28 01:43:15,564] Trial 242 finished with value: 3.0213873423972393 and parameters: {'ISTN': 73.9391510088087, 'I_gpe': 1.331743977003292, 'I_gpi': 2.5382617315869567, 'noise_stn_sigma': 6.815792737399008, 'noise_gpe_sigma': 75.38560773830152, 'noise_gpi_sigma': 124.60555293991307, 'g_stn_gpe_mult': 2.191910146278964, 'g_gpe_stn_mult': 0.24191126942845054, 'g_stn_gpi_mult': 3.002650978748986, 'g_gpe_gpi_mult': 0.44277680139565}. Best is trial 209 with value: 0.38460119353143385.
[I 2026-05-28 01:43:16,573] Trial 243 finished with value: 2.491638046632783 and parameters: {'ISTN': 74.83608862560882, 'I_gpe': 0.8116695734684407, 'I_gpi': 2.7363490283049536, 'noise_stn_sigma': 6.83680939895928, 'noise_gpe_sigma': 62.60831377344639, 'noise_gpi_sigma': 115.10256733740307, 'g_stn_gpe_mult': 2.2935032354860923, 'g_gpe_stn_mult': 0.25041684000418574, 'g_stn_gpi_mult': 3.080456962048058, 'g_gpe_gpi_mult': 0.4228751111574428}. Best is trial 209 with value: 0.38460119353143385.
[I 2026-05-28 01:43:17,582] Trial 244 finished with value: 4.314084315754899 and parameters: {'ISTN': 74.51494170180469, 'I_gpe': 0.8135711165027946, 'I_gpi': 3.4615475484138005, 'noise_stn_sigma': 6.891688269404054, 'noise_gpe_sigma': 46.359153347511146, 'noise_gpi_sigma': 133.78805154670852, 'g_stn_gpe_mult': 2.4161534369719058, 'g_gpe_stn_mult': 0.23315150873618348, 'g_stn_gpi_mult': 3.3377464153706433, 'g_gpe_gpi_mult': 0.5940792339608456}. Best is trial 209 with value: 0.38460119353143385.
[I 2026-05-28 01:43:18,589] Trial 245 finished with value: 1.919824161531178 and parameters: {'ISTN': 70.29768951032545, 'I_gpe': 1.0888124493938105, 'I_gpi': 1.905130734592884, 'noise_stn_sigma': 7.25334199588379, 'noise_gpe_sigma': 65.40376249789242, 'noise_gpi_sigma': 130.47015068075126, 'g_stn_gpe_mult': 1.5091204532407227, 'g_gpe_stn_mult': 0.13283017216059562, 'g_stn_gpi_mult': 3.2798624463411943, 'g_gpe_gpi_mult': 0.43155564628137666}. Best is trial 209 with value: 0.38460119353143385.
[I 2026-05-28 01:43:19,597] Trial 246 finished with value: 1.0248568912043265 and parameters: {'ISTN': 70.0673439724413, 'I_gpe': 0.991047130441739, 'I_gpi': 2.223178356111715, 'noise_stn_sigma': 6.759303883277234, 'noise_gpe_sigma': 83.41872132990167, 'noise_gpi_sigma': 113.64753523659829, 'g_stn_gpe_mult': 2.180594285545432, 'g_gpe_stn_mult': 0.3020871382095192, 'g_stn_gpi_mult': 2.9629039300825126, 'g_gpe_gpi_mult': 0.6757941704894979}. Best is trial 209 with value: 0.38460119353143385.
[I 2026-05-28 01:43:20,606] Trial 247 finished with value: 2.474217302380044 and parameters: {'ISTN': 74.36764812995565, 'I_gpe': 0.6267618372569381, 'I_gpi': 2.0768232893304934, 'noise_stn_sigma': 6.64533282964834, 'noise_gpe_sigma': 82.4744871526469, 'noise_gpi_sigma': 123.13099693498624, 'g_stn_gpe_mult': 1.5521167664897626, 'g_gpe_stn_mult': 0.33622187143488025, 'g_stn_gpi_mult': 2.774606748684828, 'g_gpe_gpi_mult': 0.7172137304326669}. Best is trial 209 with value: 0.38460119353143385.
[I 2026-05-28 01:43:21,616] Trial 248 finished with value: 2.3656181281380295 and parameters: {'ISTN': 62.904341984154655, 'I_gpe': 0.6613611622854505, 'I_gpi': 2.5634389884648856, 'noise_stn_sigma': 7.896736967646593, 'noise_gpe_sigma': 70.35890929956324, 'noise_gpi_sigma': 110.81385362226737, 'g_stn_gpe_mult': 2.0266532564527533, 'g_gpe_stn_mult': 0.1910554586856404, 'g_stn_gpi_mult': 2.9555405864440143, 'g_gpe_gpi_mult': 0.5291820344357423}. Best is trial 209 with value: 0.38460119353143385.
[I 2026-05-28 01:43:22,624] Trial 249 finished with value: 1.3059861997248245 and parameters: {'ISTN': 70.87080555408662, 'I_gpe': 0.9719998104669272, 'I_gpi': 2.69100796875803, 'noise_stn_sigma': 6.489895174682353, 'noise_gpe_sigma': 67.10683431996307, 'noise_gpi_sigma': 122.76910081485897, 'g_stn_gpe_mult': 1.8755578990308275, 'g_gpe_stn_mult': 0.20361962515134513, 'g_stn_gpi_mult': 3.2590643503395276, 'g_gpe_gpi_mult': 0.6442141292562216}. Best is trial 209 with value: 0.38460119353143385.
[I 2026-05-28 01:43:23,631] Trial 250 finished with value: 2.5858007326548753 and parameters: {'ISTN': 73.38995034780439, 'I_gpe': 1.1744297729163609, 'I_gpi': 2.1845499071603296, 'noise_stn_sigma': 7.592409155129695, 'noise_gpe_sigma': 60.62993298680203, 'noise_gpi_sigma': 130.76458687681367, 'g_stn_gpe_mult': 1.7367370585456645, 'g_gpe_stn_mult': 0.2150433258897827, 'g_stn_gpi_mult': 3.266117563121951, 'g_gpe_gpi_mult': 0.6125205168592507}. Best is trial 209 with value: 0.38460119353143385.
[I 2026-05-28 01:43:24,641] Trial 251 finished with value: 2.17923284163191 and parameters: {'ISTN': 67.78684955955461, 'I_gpe': 1.0378669089234518, 'I_gpi': 2.475281461562148, 'noise_stn_sigma': 7.128632374111788, 'noise_gpe_sigma': 60.22373848686821, 'noise_gpi_sigma': 116.89874568053835, 'g_stn_gpe_mult': 1.9041227562380563, 'g_gpe_stn_mult': 0.12256396533529113, 'g_stn_gpi_mult': 2.687533246819867, 'g_gpe_gpi_mult': 0.6527340667645194}. Best is trial 209 with value: 0.38460119353143385.
[I 2026-05-28 01:43:25,651] Trial 252 finished with value: 1.9176392845175867 and parameters: {'ISTN': 72.62059003000431, 'I_gpe': 0.9718149046217645, 'I_gpi': 2.2344766003453573, 'noise_stn_sigma': 5.961684276820874, 'noise_gpe_sigma': 82.8535137403001, 'noise_gpi_sigma': 136.5267100701705, 'g_stn_gpe_mult': 1.5007270000976884, 'g_gpe_stn_mult': 0.22524344277781744, 'g_stn_gpi_mult': 3.440036656963067, 'g_gpe_gpi_mult': 0.674021110891444}. Best is trial 209 with value: 0.38460119353143385.
[I 2026-05-28 01:43:26,662] Trial 253 finished with value: 0.9969077388845863 and parameters: {'ISTN': 70.61596615357514, 'I_gpe': 0.8917371153012182, 'I_gpi': 2.478993071107202, 'noise_stn_sigma': 5.969807074953175, 'noise_gpe_sigma': 80.98392633581085, 'noise_gpi_sigma': 139.48794566859772, 'g_stn_gpe_mult': 1.9817042204095476, 'g_gpe_stn_mult': 0.3096997033505755, 'g_stn_gpi_mult': 3.0320726899311596, 'g_gpe_gpi_mult': 0.5338260686083192}. Best is trial 209 with value: 0.38460119353143385.
[I 2026-05-28 01:43:27,670] Trial 254 finished with value: 2.9934234289210133 and parameters: {'ISTN': 75.38611391726339, 'I_gpe': 0.7759418860910992, 'I_gpi': 2.7165718057891235, 'noise_stn_sigma': 7.868874950139354, 'noise_gpe_sigma': 77.96870288300904, 'noise_gpi_sigma': 115.86345055872845, 'g_stn_gpe_mult': 1.9948488314313537, 'g_gpe_stn_mult': 0.3185785223067372, 'g_stn_gpi_mult': 2.954213071795162, 'g_gpe_gpi_mult': 0.5235695382890433}. Best is trial 209 with value: 0.38460119353143385.
[I 2026-05-28 01:43:28,680] Trial 255 finished with value: 2.0467047526030333 and parameters: {'ISTN': 65.01538036274744, 'I_gpe': 0.775455476974562, 'I_gpi': 2.192638355988194, 'noise_stn_sigma': 6.760426384830476, 'noise_gpe_sigma': 81.21190065399645, 'noise_gpi_sigma': 127.27933582334323, 'g_stn_gpe_mult': 1.847545572025101, 'g_gpe_stn_mult': 0.3734377075298271, 'g_stn_gpi_mult': 2.9589289008801045, 'g_gpe_gpi_mult': 0.6013187743189237}. Best is trial 209 with value: 0.38460119353143385.
[I 2026-05-28 01:43:29,688] Trial 256 finished with value: 3.589533162784106 and parameters: {'ISTN': 74.6790083715881, 'I_gpe': 0.5858654431293061, 'I_gpi': 2.8623605258603293, 'noise_stn_sigma': 7.519189157155451, 'noise_gpe_sigma': 60.841422430402865, 'noise_gpi_sigma': 114.46412466155572, 'g_stn_gpe_mult': 1.868484760606256, 'g_gpe_stn_mult': 0.32866116238667664, 'g_stn_gpi_mult': 3.425814492831904, 'g_gpe_gpi_mult': 0.5890130426896014}. Best is trial 209 with value: 0.38460119353143385.
[I 2026-05-28 01:43:30,699] Trial 257 finished with value: 3.086207790445635 and parameters: {'ISTN': 72.62276795372624, 'I_gpe': 0.8510847988505807, 'I_gpi': 2.8326033037121743, 'noise_stn_sigma': 6.691566024402719, 'noise_gpe_sigma': 67.20525179566673, 'noise_gpi_sigma': 126.62461205653902, 'g_stn_gpe_mult': 1.9640620280366208, 'g_gpe_stn_mult': 0.32183003136970534, 'g_stn_gpi_mult': 3.410660196502886, 'g_gpe_gpi_mult': 0.5781730437884589}. Best is trial 209 with value: 0.38460119353143385.
[I 2026-05-28 01:43:31,710] Trial 258 finished with value: 2.0830254397454944 and parameters: {'ISTN': 70.54508030143079, 'I_gpe': 1.354717293541312, 'I_gpi': 2.48796600256829, 'noise_stn_sigma': 5.78557497309726, 'noise_gpe_sigma': 72.25509310537439, 'noise_gpi_sigma': 123.83784419450704, 'g_stn_gpe_mult': 2.145407572383549, 'g_gpe_stn_mult': 0.2724301900609342, 'g_stn_gpi_mult': 3.307637539283121, 'g_gpe_gpi_mult': 0.7673294775540829}. Best is trial 209 with value: 0.38460119353143385.
[I 2026-05-28 01:43:32,718] Trial 259 finished with value: 2.123842013409689 and parameters: {'ISTN': 63.038140340808624, 'I_gpe': 1.205086138433229, 'I_gpi': 2.848152501818068, 'noise_stn_sigma': 5.755439111508389, 'noise_gpe_sigma': 75.5641824263893, 'noise_gpi_sigma': 126.80262267243802, 'g_stn_gpe_mult': 2.001570221249056, 'g_gpe_stn_mult': 0.27887981623434327, 'g_stn_gpi_mult': 2.9621090660569456, 'g_gpe_gpi_mult': 0.6048300852429003}. Best is trial 209 with value: 0.38460119353143385.
[I 2026-05-28 01:43:33,727] Trial 260 finished with value: 2.7221063630311164 and parameters: {'ISTN': 71.97019416951215, 'I_gpe': 0.5007318672874927, 'I_gpi': 2.5801184329609668, 'noise_stn_sigma': 7.241412419784121, 'noise_gpe_sigma': 86.10519883111878, 'noise_gpi_sigma': 102.31171311647778, 'g_stn_gpe_mult': 1.9689989728563053, 'g_gpe_stn_mult': 0.24931096937871253, 'g_stn_gpi_mult': 3.7853605888044752, 'g_gpe_gpi_mult': 0.5766899722981964}. Best is trial 209 with value: 0.38460119353143385.
[I 2026-05-28 01:43:34,733] Trial 261 finished with value: 4.2332433809153525 and parameters: {'ISTN': 79.84835664185452, 'I_gpe': 1.0564514322455523, 'I_gpi': 2.55079590093987, 'noise_stn_sigma': 6.779015299864215, 'noise_gpe_sigma': 82.61718738033449, 'noise_gpi_sigma': 134.7618747142518, 'g_stn_gpe_mult': 1.7880086050889485, 'g_gpe_stn_mult': 0.23090118988000904, 'g_stn_gpi_mult': 2.9858169159743375, 'g_gpe_gpi_mult': 0.5511737698361621}. Best is trial 209 with value: 0.38460119353143385.
[I 2026-05-28 01:43:35,743] Trial 262 finished with value: 1.7893074302644956 and parameters: {'ISTN': 74.522431901332, 'I_gpe': 1.2324974569174805, 'I_gpi': 2.2722319721991275, 'noise_stn_sigma': 6.7226943713169955, 'noise_gpe_sigma': 75.09415103032961, 'noise_gpi_sigma': 116.48111220581075, 'g_stn_gpe_mult': 1.859380953102851, 'g_gpe_stn_mult': 0.22828470680831858, 'g_stn_gpi_mult': 3.1129264317272, 'g_gpe_gpi_mult': 0.5283032732149882}. Best is trial 209 with value: 0.38460119353143385.
[I 2026-05-28 01:43:36,751] Trial 263 finished with value: 2.9337356737572744 and parameters: {'ISTN': 74.87573190470066, 'I_gpe': 1.3149789499548137, 'I_gpi': 2.6539493048826035, 'noise_stn_sigma': 5.276556749811218, 'noise_gpe_sigma': 76.06215712682027, 'noise_gpi_sigma': 118.92056099957318, 'g_stn_gpe_mult': 2.1165408393216554, 'g_gpe_stn_mult': 0.30964956654751075, 'g_stn_gpi_mult': 3.0634206828258512, 'g_gpe_gpi_mult': 0.7239170112341577}. Best is trial 209 with value: 0.38460119353143385.
