[I 2026-05-28 02:07:15,108] Trial 660 finished with value: 1.3279646935573588 and parameters: {'ISTN': 66.45160154335137, 'I_gpe': 0.863139086166929, 'I_gpi': 3.3418301329739686, 'noise_stn_sigma': 4.982455358468276, 'noise_gpe_sigma': 95.32384777059872, 'noise_gpi_sigma': 92.40216458471038, 'g_stn_gpe_mult': 1.7257833883199356, 'g_gpe_stn_mult': 0.23628557716218573, 'g_stn_gpi_mult': 3.322017442600972, 'g_gpe_gpi_mult': 0.8905424838507445}. Best is trial 98 with value: 0.5979484317983877.
[I 2026-05-28 02:07:16,118] Trial 661 finished with value: 1.9191470803519106 and parameters: {'ISTN': 67.42599081133179, 'I_gpe': 0.8482255798710434, 'I_gpi': 3.2104555052132633, 'noise_stn_sigma': 5.1158710197224995, 'noise_gpe_sigma': 95.57265398785667, 'noise_gpi_sigma': 90.65895758242696, 'g_stn_gpe_mult': 1.861285305562211, 'g_gpe_stn_mult': 0.23795938672300018, 'g_stn_gpi_mult': 3.3125149632170054, 'g_gpe_gpi_mult': 0.8842193186481717}. Best is trial 98 with value: 0.5979484317983877.
[I 2026-05-28 02:07:17,126] Trial 662 finished with value: 4.8483768027318765 and parameters: {'ISTN': 65.52546803389835, 'I_gpe': 0.8932341291245129, 'I_gpi': 3.191101194734038, 'noise_stn_sigma': 5.083412338951177, 'noise_gpe_sigma': 92.28671282075952, 'noise_gpi_sigma': 93.17802714007897, 'g_stn_gpe_mult': 1.7688388797567363, 'g_gpe_stn_mult': 0.2264324259016616, 'g_stn_gpi_mult': 3.3131671600009054, 'g_gpe_gpi_mult': 0.8735887184525999}. Best is trial 98 with value: 0.5979484317983877.
[I 2026-05-28 02:07:18,133] Trial 663 finished with value: 1.315027544051168 and parameters: {'ISTN': 66.99070475460726, 'I_gpe': 0.8947793785788887, 'I_gpi': 3.3045558270004545, 'noise_stn_sigma': 4.985310508110127, 'noise_gpe_sigma': 89.54083005987914, 'noise_gpi_sigma': 91.39389617584732, 'g_stn_gpe_mult': 1.691519841319049, 'g_gpe_stn_mult': 0.234674026941086, 'g_stn_gpi_mult': 3.316842572620346, 'g_gpe_gpi_mult': 0.8872017237421861}. Best is trial 98 with value: 0.5979484317983877.
[I 2026-05-28 02:07:19,141] Trial 664 finished with value: 1.967842245370528 and parameters: {'ISTN': 67.65587979562574, 'I_gpe': 0.8920398952500088, 'I_gpi': 3.242526989578857, 'noise_stn_sigma': 5.047373254726413, 'noise_gpe_sigma': 94.89133442155213, 'noise_gpi_sigma': 93.52034164543717, 'g_stn_gpe_mult': 1.7926182964072845, 'g_gpe_stn_mult': 0.23613181125963753, 'g_stn_gpi_mult': 3.2828620373748336, 'g_gpe_gpi_mult': 0.8872771385209424}. Best is trial 98 with value: 0.5979484317983877.
[I 2026-05-28 02:07:20,148] Trial 665 finished with value: 1.3455232014685057 and parameters: {'ISTN': 66.70390003787873, 'I_gpe': 0.9066274849159626, 'I_gpi': 3.29503659240323, 'noise_stn_sigma': 4.9404970542217255, 'noise_gpe_sigma': 91.670586279752, 'noise_gpi_sigma': 90.43202400591693, 'g_stn_gpe_mult': 1.7802601479828595, 'g_gpe_stn_mult': 0.2341751671688643, 'g_stn_gpi_mult': 3.3393458572312373, 'g_gpe_gpi_mult': 0.8922161044312606}. Best is trial 98 with value: 0.5979484317983877.
[I 2026-05-28 02:07:21,154] Trial 666 finished with value: 9.689430407652303 and parameters: {'ISTN': 64.96918956876601, 'I_gpe': 0.8574999657681087, 'I_gpi': 3.259435655486607, 'noise_stn_sigma': 5.11296605520224, 'noise_gpe_sigma': 93.41734712510619, 'noise_gpi_sigma': 91.12974405527451, 'g_stn_gpe_mult': 1.8796750470594734, 'g_gpe_stn_mult': 0.23609142371901098, 'g_stn_gpi_mult': 3.2457807716156117, 'g_gpe_gpi_mult': 0.8905098979723689}. Best is trial 98 with value: 0.5979484317983877.
[I 2026-05-28 02:07:22,162] Trial 667 finished with value: 6.074011807570642 and parameters: {'ISTN': 65.46727699270168, 'I_gpe': 0.8042388627142153, 'I_gpi': 3.2716315890617556, 'noise_stn_sigma': 5.041658181514871, 'noise_gpe_sigma': 91.39559683783274, 'noise_gpi_sigma': 90.9447204297956, 'g_stn_gpe_mult': 1.7846863604541667, 'g_gpe_stn_mult': 0.23746458060059167, 'g_stn_gpi_mult': 3.367369447908442, 'g_gpe_gpi_mult': 0.8903749154661982}. Best is trial 98 with value: 0.5979484317983877.
[I 2026-05-28 02:07:23,171] Trial 668 finished with value: 1.3382486398533235 and parameters: {'ISTN': 66.64118490411116, 'I_gpe': 0.8506879855583557, 'I_gpi': 3.292493002938646, 'noise_stn_sigma': 4.952876162236016, 'noise_gpe_sigma': 93.78732928679673, 'noise_gpi_sigma': 90.79739321568357, 'g_stn_gpe_mult': 1.7299431000338898, 'g_gpe_stn_mult': 0.24607209173484468, 'g_stn_gpi_mult': 3.3715525657513044, 'g_gpe_gpi_mult': 0.8857292324768675}. Best is trial 98 with value: 0.5979484317983877.
[I 2026-05-28 02:07:24,180] Trial 669 finished with value: 1.261789041394118 and parameters: {'ISTN': 66.99826308698131, 'I_gpe': 0.8562132554097125, 'I_gpi': 3.2406585601955986, 'noise_stn_sigma': 5.2802768540165355, 'noise_gpe_sigma': 95.7606608255203, 'noise_gpi_sigma': 93.01614632145484, 'g_stn_gpe_mult': 1.845039867652741, 'g_gpe_stn_mult': 0.23126109566783565, 'g_stn_gpi_mult': 3.2626813729516653, 'g_gpe_gpi_mult': 0.88556056221606}. Best is trial 98 with value: 0.5979484317983877.
[I 2026-05-28 02:07:25,186] Trial 670 finished with value: 1.252997174774013 and parameters: {'ISTN': 67.34759521221275, 'I_gpe': 0.8611288750960491, 'I_gpi': 3.2420987725921617, 'noise_stn_sigma': 4.9295762426334795, 'noise_gpe_sigma': 96.07817125735245, 'noise_gpi_sigma': 93.4958010985505, 'g_stn_gpe_mult': 1.834173414353807, 'g_gpe_stn_mult': 0.22738970921771925, 'g_stn_gpi_mult': 3.2524426998454787, 'g_gpe_gpi_mult': 0.8932222855422802}. Best is trial 98 with value: 0.5979484317983877.
[I 2026-05-28 02:07:26,194] Trial 671 finished with value: 1.6784924462556146 and parameters: {'ISTN': 65.67923862367952, 'I_gpe': 0.8781656293861244, 'I_gpi': 3.264580559348124, 'noise_stn_sigma': 5.203245620889415, 'noise_gpe_sigma': 93.73481523873417, 'noise_gpi_sigma': 94.47868258038018, 'g_stn_gpe_mult': 1.845741098303719, 'g_gpe_stn_mult': 0.22725591877064744, 'g_stn_gpi_mult': 3.179968384776327, 'g_gpe_gpi_mult': 0.8849255458579237}. Best is trial 98 with value: 0.5979484317983877.
[I 2026-05-28 02:07:27,204] Trial 672 finished with value: 1.2283042826296542 and parameters: {'ISTN': 67.3086396123908, 'I_gpe': 0.8485329081138268, 'I_gpi': 3.262215194276764, 'noise_stn_sigma': 4.98787919012023, 'noise_gpe_sigma': 94.96281862930012, 'noise_gpi_sigma': 92.41316131960451, 'g_stn_gpe_mult': 1.8100524395598354, 'g_gpe_stn_mult': 0.2202468457894243, 'g_stn_gpi_mult': 3.266344795522274, 'g_gpe_gpi_mult': 0.9031576820176714}. Best is trial 98 with value: 0.5979484317983877.
[I 2026-05-28 02:07:28,210] Trial 673 finished with value: 12.056601143122872 and parameters: {'ISTN': 65.79804579963749, 'I_gpe': 0.8291812352199237, 'I_gpi': 3.201608569918624, 'noise_stn_sigma': 5.231682529659223, 'noise_gpe_sigma': 92.58078251440097, 'noise_gpi_sigma': 95.23679313347652, 'g_stn_gpe_mult': 1.8543111548906097, 'g_gpe_stn_mult': 0.21118160742029657, 'g_stn_gpi_mult': 3.2815889995149075, 'g_gpe_gpi_mult': 0.9051805075717889}. Best is trial 98 with value: 0.5979484317983877.
[I 2026-05-28 02:07:29,216] Trial 674 finished with value: 1.3076693676930382 and parameters: {'ISTN': 67.2648337311958, 'I_gpe': 0.8351813453513715, 'I_gpi': 3.2752563075990206, 'noise_stn_sigma': 5.155536863266847, 'noise_gpe_sigma': 95.24583649778815, 'noise_gpi_sigma': 90.98524720801056, 'g_stn_gpe_mult': 1.8032844211846817, 'g_gpe_stn_mult': 0.23340480918099063, 'g_stn_gpi_mult': 3.245767070030985, 'g_gpe_gpi_mult': 0.9060008414943701}. Best is trial 98 with value: 0.5979484317983877.
[I 2026-05-28 02:07:30,225] Trial 675 finished with value: 1.2693578281392712 and parameters: {'ISTN': 66.680356414689, 'I_gpe': 0.8639970081274617, 'I_gpi': 3.2744793424353107, 'noise_stn_sigma': 5.112245341703704, 'noise_gpe_sigma': 95.0096127302373, 'noise_gpi_sigma': 94.7874004710787, 'g_stn_gpe_mult': 1.7790434744953991, 'g_gpe_stn_mult': 0.238523292789559, 'g_stn_gpi_mult': 3.3342004403263834, 'g_gpe_gpi_mult': 0.9025468540118913}. Best is trial 98 with value: 0.5979484317983877.
[I 2026-05-28 02:07:31,234] Trial 676 finished with value: 1.259953074917423 and parameters: {'ISTN': 66.3587449840501, 'I_gpe': 0.8829241251547237, 'I_gpi': 3.2032956702635036, 'noise_stn_sigma': 5.177124537991556, 'noise_gpe_sigma': 92.00474974224403, 'noise_gpi_sigma': 92.5084068939653, 'g_stn_gpe_mult': 1.8744302755677178, 'g_gpe_stn_mult': 0.2421972112368542, 'g_stn_gpi_mult': 3.2566835829991283, 'g_gpe_gpi_mult': 0.9097261449046503}. Best is trial 98 with value: 0.5979484317983877.
[I 2026-05-28 02:07:32,240] Trial 677 finished with value: 12.413958117942947 and parameters: {'ISTN': 69.17483968432475, 'I_gpe': 0.8375204645903677, 'I_gpi': 3.2065797248266477, 'noise_stn_sigma': 5.064627472464203, 'noise_gpe_sigma': 98.06321421049742, 'noise_gpi_sigma': 90.19870730178576, 'g_stn_gpe_mult': 1.9130278583369131, 'g_gpe_stn_mult': 0.2313617673439729, 'g_stn_gpi_mult': 3.217263651682053, 'g_gpe_gpi_mult': 0.8964436629862}. Best is trial 98 with value: 0.5979484317983877.
[I 2026-05-28 02:07:33,248] Trial 678 finished with value: 8.80927982348784 and parameters: {'ISTN': 68.46592183338805, 'I_gpe': 0.9077390696702056, 'I_gpi': 3.2287388474029948, 'noise_stn_sigma': 5.244976037852858, 'noise_gpe_sigma': 93.45960867520502, 'noise_gpi_sigma': 94.67608502483431, 'g_stn_gpe_mult': 1.8229279041708182, 'g_gpe_stn_mult': 0.23373795274603856, 'g_stn_gpi_mult': 3.287399191506708, 'g_gpe_gpi_mult': 0.9006809788532866}. Best is trial 98 with value: 0.5979484317983877.
[I 2026-05-28 02:07:34,255] Trial 679 finished with value: 7.789990857512287 and parameters: {'ISTN': 68.49619158341507, 'I_gpe': 0.8408193394303096, 'I_gpi': 3.2553504969882203, 'noise_stn_sigma': 5.032990270386687, 'noise_gpe_sigma': 94.91947412417191, 'noise_gpi_sigma': 95.31406202789259, 'g_stn_gpe_mult': 1.8781291322719493, 'g_gpe_stn_mult': 0.22784863589934728, 'g_stn_gpi_mult': 3.213614875489032, 'g_gpe_gpi_mult': 0.8835392255359662}. Best is trial 98 with value: 0.5979484317983877.
[I 2026-05-28 02:07:35,264] Trial 680 finished with value: 1.1851045845421904 and parameters: {'ISTN': 67.25885126572452, 'I_gpe': 0.8361273881242314, 'I_gpi': 3.217632585748897, 'noise_stn_sigma': 5.16545402744253, 'noise_gpe_sigma': 97.44456014113011, 'noise_gpi_sigma': 93.70948883275094, 'g_stn_gpe_mult': 1.8432917262971902, 'g_gpe_stn_mult': 0.22379003140380005, 'g_stn_gpi_mult': 3.221184275684002, 'g_gpe_gpi_mult': 0.8874971133173069}. Best is trial 98 with value: 0.5979484317983877.
[I 2026-05-28 02:07:36,275] Trial 681 finished with value: 21.800444609458193 and parameters: {'ISTN': 70.73594007861296, 'I_gpe': 0.8991094733111409, 'I_gpi': 3.1764330066962887, 'noise_stn_sigma': 4.953961029026163, 'noise_gpe_sigma': 96.14798471694759, 'noise_gpi_sigma': 94.47286458434597, 'g_stn_gpe_mult': 1.8185371126223364, 'g_gpe_stn_mult': 0.21502792451373537, 'g_stn_gpi_mult': 3.2986683561468535, 'g_gpe_gpi_mult': 0.9051878771360495}. Best is trial 98 with value: 0.5979484317983877.
[I 2026-05-28 02:07:37,283] Trial 682 finished with value: 5.590979904284471 and parameters: {'ISTN': 65.58615085445024, 'I_gpe': 0.8368737048777406, 'I_gpi': 3.2352492358244787, 'noise_stn_sigma': 5.16911195835956, 'noise_gpe_sigma': 95.23398733650411, 'noise_gpi_sigma': 94.95054257943983, 'g_stn_gpe_mult': 1.86260198880258, 'g_gpe_stn_mult': 0.22537434146265894, 'g_stn_gpi_mult': 3.3098963861789934, 'g_gpe_gpi_mult': 0.8840500285831325}. Best is trial 98 with value: 0.5979484317983877.
[I 2026-05-28 02:07:38,290] Trial 683 finished with value: 1.2222215847498985 and parameters: {'ISTN': 66.60632398344576, 'I_gpe': 0.8474288350573234, 'I_gpi': 3.260178020902985, 'noise_stn_sigma': 5.257893931772618, 'noise_gpe_sigma': 95.28302232325562, 'noise_gpi_sigma': 95.4498919658889, 'g_stn_gpe_mult': 1.8744944320802395, 'g_gpe_stn_mult': 0.23687801351568388, 'g_stn_gpi_mult': 3.134186184734553, 'g_gpe_gpi_mult': 0.8871729715192871}. Best is trial 98 with value: 0.5979484317983877.
[I 2026-05-28 02:07:39,297] Trial 684 finished with value: 5.449078127737869 and parameters: {'ISTN': 66.23839949332435, 'I_gpe': 0.8631183376462981, 'I_gpi': 3.2276612594269634, 'noise_stn_sigma': 5.04663626625989, 'noise_gpe_sigma': 95.54677658761487, 'noise_gpi_sigma': 90.73280477052424, 'g_stn_gpe_mult': 1.902093450936856, 'g_gpe_stn_mult': 0.21719399244442317, 'g_stn_gpi_mult': 3.2182276386280693, 'g_gpe_gpi_mult': 0.9111543010413281}. Best is trial 98 with value: 0.5979484317983877.
[I 2026-05-28 02:07:40,306] Trial 685 finished with value: 1.3188928709587855 and parameters: {'ISTN': 67.64816351912059, 'I_gpe': 0.8813796375981798, 'I_gpi': 3.213431264493862, 'noise_stn_sigma': 5.089546107754018, 'noise_gpe_sigma': 96.81222026938123, 'noise_gpi_sigma': 93.78050369758039, 'g_stn_gpe_mult': 1.7825620096999422, 'g_gpe_stn_mult': 0.23787502543820918, 'g_stn_gpi_mult': 3.302707551194198, 'g_gpe_gpi_mult': 0.8871954542828193}. Best is trial 98 with value: 0.5979484317983877.
[I 2026-05-28 02:07:41,314] Trial 686 finished with value: 3.001351140116725 and parameters: {'ISTN': 66.42840229765056, 'I_gpe': 0.8305032928743238, 'I_gpi': 3.2186614868296526, 'noise_stn_sigma': 5.096872942620896, 'noise_gpe_sigma': 97.14924587336515, 'noise_gpi_sigma': 92.48622768077037, 'g_stn_gpe_mult': 1.8565801722963995, 'g_gpe_stn_mult': 0.21703783830534634, 'g_stn_gpi_mult': 3.2101824920857442, 'g_gpe_gpi_mult': 0.9018408363836221}. Best is trial 98 with value: 0.5979484317983877.
[I 2026-05-28 02:07:42,323] Trial 687 finished with value: 7.91309192847809 and parameters: {'ISTN': 65.93254332641551, 'I_gpe': 0.8043146483563588, 'I_gpi': 3.280131315243338, 'noise_stn_sigma': 5.221307838275608, 'noise_gpe_sigma': 98.61908417018608, 'noise_gpi_sigma': 94.59854990198392, 'g_stn_gpe_mult': 1.8950530538760935, 'g_gpe_stn_mult': 0.2078092908338003, 'g_stn_gpi_mult': 3.157125644228881, 'g_gpe_gpi_mult': 0.8933055403021215}. Best is trial 98 with value: 0.5979484317983877.
[I 2026-05-28 02:07:43,330] Trial 688 finished with value: 1.3066783225771468 and parameters: {'ISTN': 66.11217256988878, 'I_gpe': 0.835152665846736, 'I_gpi': 3.2964906747633114, 'noise_stn_sigma': 5.2008483356583355, 'noise_gpe_sigma': 96.18589870927073, 'noise_gpi_sigma': 91.70658125099625, 'g_stn_gpe_mult': 1.8309688876675088, 'g_gpe_stn_mult': 0.22927045221354433, 'g_stn_gpi_mult': 3.15265880323645, 'g_gpe_gpi_mult': 0.901492546118837}. Best is trial 98 with value: 0.5979484317983877.
[I 2026-05-28 02:07:44,336] Trial 689 finished with value: 7.226604075463072 and parameters: {'ISTN': 68.12356471000142, 'I_gpe': 0.8161413427874095, 'I_gpi': 3.0933443713314976, 'noise_stn_sigma': 5.085454574011978, 'noise_gpe_sigma': 95.67937612509002, 'noise_gpi_sigma': 92.29100021448242, 'g_stn_gpe_mult': 1.9434557812661026, 'g_gpe_stn_mult': 0.23685393067394317, 'g_stn_gpi_mult': 3.219067660659114, 'g_gpe_gpi_mult': 0.9133681977551944}. Best is trial 98 with value: 0.5979484317983877.
[I 2026-05-28 02:07:45,345] Trial 690 finished with value: 12.553742537158366 and parameters: {'ISTN': 65.26804976158837, 'I_gpe': 0.8343039487744934, 'I_gpi': 3.158755983926089, 'noise_stn_sigma': 5.022299859004991, 'noise_gpe_sigma': 94.5648468778684, 'noise_gpi_sigma': 94.0618068756853, 'g_stn_gpe_mult': 1.917983962474525, 'g_gpe_stn_mult': 0.2173101147154576, 'g_stn_gpi_mult': 3.2663558983593775, 'g_gpe_gpi_mult': 0.9073590627852746}. Best is trial 98 with value: 0.5979484317983877.
[I 2026-05-28 02:07:46,353] Trial 691 finished with value: 1.2549067381150092 and parameters: {'ISTN': 66.8296964450043, 'I_gpe': 0.8285028128533269, 'I_gpi': 3.2189425709715533, 'noise_stn_sigma': 5.169948807943355, 'noise_gpe_sigma': 98.29594209537981, 'noise_gpi_sigma': 95.06398770449279, 'g_stn_gpe_mult': 1.8258961111247318, 'g_gpe_stn_mult': 0.24520985009314336, 'g_stn_gpi_mult': 3.248659882038643, 'g_gpe_gpi_mult': 0.9057588754683257}. Best is trial 98 with value: 0.5979484317983877.
[I 2026-05-28 02:07:47,358] Trial 692 finished with value: 2.828454403038376 and parameters: {'ISTN': 66.66424947945976, 'I_gpe': 0.8825116400845228, 'I_gpi': 3.2742977588775006, 'noise_stn_sigma': 5.09223614783434, 'noise_gpe_sigma': 92.7354864068135, 'noise_gpi_sigma': 94.34256306036909, 'g_stn_gpe_mult': 1.7498950027576499, 'g_gpe_stn_mult': 0.25754609335119494, 'g_stn_gpi_mult': 3.264000112266384, 'g_gpe_gpi_mult': 0.8853531022913168}. Best is trial 98 with value: 0.5979484317983877.
[I 2026-05-28 02:07:48,365] Trial 693 finished with value: 1.2773132088555283 and parameters: {'ISTN': 66.61056230994237, 'I_gpe': 0.8870852245726695, 'I_gpi': 3.2940721539248363, 'noise_stn_sigma': 5.127277464798007, 'noise_gpe_sigma': 94.74814815468397, 'noise_gpi_sigma': 93.72450509474345, 'g_stn_gpe_mult': 1.721581108972205, 'g_gpe_stn_mult': 0.23912752104582602, 'g_stn_gpi_mult': 3.1965164795324954, 'g_gpe_gpi_mult': 0.8743794699441698}. Best is trial 98 with value: 0.5979484317983877.
[I 2026-05-28 02:07:49,373] Trial 694 finished with value: 12.521058910984099 and parameters: {'ISTN': 67.49202411077643, 'I_gpe': 0.8301063537814344, 'I_gpi': 3.2771973384478104, 'noise_stn_sigma': 5.206725987593654, 'noise_gpe_sigma': 97.12431972755009, 'noise_gpi_sigma': 94.51445098515036, 'g_stn_gpe_mult': 1.9821557492848059, 'g_gpe_stn_mult': 0.24240745086959767, 'g_stn_gpi_mult': 3.095437952737405, 'g_gpe_gpi_mult': 0.8955780003205245}. Best is trial 98 with value: 0.5979484317983877.
[I 2026-05-28 02:07:50,379] Trial 695 finished with value: 1.8789783390433161 and parameters: {'ISTN': 66.69287058191898, 'I_gpe': 0.8049676849432796, 'I_gpi': 3.3149454311308637, 'noise_stn_sigma': 5.333651349027336, 'noise_gpe_sigma': 96.90583012981871, 'noise_gpi_sigma': 94.36670663743492, 'g_stn_gpe_mult': 1.8245139930456973, 'g_gpe_stn_mult': 0.23185647977820645, 'g_stn_gpi_mult': 3.299137472180667, 'g_gpe_gpi_mult': 0.8895071971317434}. Best is trial 98 with value: 0.5979484317983877.
[I 2026-05-28 02:07:51,386] Trial 696 finished with value: 2.348555618251914 and parameters: {'ISTN': 66.18398931927395, 'I_gpe': 0.7975530860353013, 'I_gpi': 3.2402264198951816, 'noise_stn_sigma': 5.261710868509052, 'noise_gpe_sigma': 94.24833145981843, 'noise_gpi_sigma': 96.54936584799711, 'g_stn_gpe_mult': 1.913274475539309, 'g_gpe_stn_mult': 0.2327567213607482, 'g_stn_gpi_mult': 3.1449471187056637, 'g_gpe_gpi_mult': 0.895113156028305}. Best is trial 98 with value: 0.5979484317983877.
[I 2026-05-28 02:07:52,394] Trial 697 finished with value: 1.179604926125898 and parameters: {'ISTN': 67.32960488788302, 'I_gpe': 0.8842096803892076, 'I_gpi': 3.1813107612112685, 'noise_stn_sigma': 5.071727144444263, 'noise_gpe_sigma': 98.9475783024735, 'noise_gpi_sigma': 93.92427739715231, 'g_stn_gpe_mult': 1.948161602000719, 'g_gpe_stn_mult': 0.23271054429252794, 'g_stn_gpi_mult': 3.104169326369109, 'g_gpe_gpi_mult': 0.885446874583985}. Best is trial 98 with value: 0.5979484317983877.
[I 2026-05-28 02:07:53,401] Trial 698 finished with value: 8.673680051633527 and parameters: {'ISTN': 67.45249281863278, 'I_gpe': 0.8278099373709504, 'I_gpi': 3.3038651587818215, 'noise_stn_sigma': 5.335388254899911, 'noise_gpe_sigma': 96.57681478018293, 'noise_gpi_sigma': 96.19177770573788, 'g_stn_gpe_mult': 1.8321807002195083, 'g_gpe_stn_mult': 0.2433607571493701, 'g_stn_gpi_mult': 3.214305188214446, 'g_gpe_gpi_mult': 0.8702209337374258}. Best is trial 98 with value: 0.5979484317983877.
[I 2026-05-28 02:07:54,409] Trial 699 finished with value: 5.654035902433106 and parameters: {'ISTN': 65.79284486029371, 'I_gpe': 0.8151304671421997, 'I_gpi': 3.2892211895220544, 'noise_stn_sigma': 4.969113976395862, 'noise_gpe_sigma': 96.05455224374603, 'noise_gpi_sigma': 93.26284069743849, 'g_stn_gpe_mult': 1.7451397621130076, 'g_gpe_stn_mult': 0.24056122140388136, 'g_stn_gpi_mult': 3.221400015499645, 'g_gpe_gpi_mult': 0.8842039839039642}. Best is trial 98 with value: 0.5979484317983877.
[I 2026-05-28 02:07:55,416] Trial 700 finished with value: 7.727895790751997 and parameters: {'ISTN': 65.39663725882049, 'I_gpe': 0.8820937046201732, 'I_gpi': 3.24953831034969, 'noise_stn_sigma': 5.001792006577638, 'noise_gpe_sigma': 96.73774043482211, 'noise_gpi_sigma': 92.21590416464772, 'g_stn_gpe_mult': 1.8092533679431662, 'g_gpe_stn_mult': 0.22253407985734752, 'g_stn_gpi_mult': 3.2282540025114685, 'g_gpe_gpi_mult': 0.8935684346751913}. Best is trial 98 with value: 0.5979484317983877.
[I 2026-05-28 02:07:56,427] Trial 701 finished with value: 13.687535533854765 and parameters: {'ISTN': 66.06016733236098, 'I_gpe': 0.8420498202157165, 'I_gpi': 3.2495560953572467, 'noise_stn_sigma': 5.072471132896866, 'noise_gpe_sigma': 94.43244138075897, 'noise_gpi_sigma': 95.72518674675251, 'g_stn_gpe_mult': 1.8790238811787319, 'g_gpe_stn_mult': 0.2174177377278126, 'g_stn_gpi_mult': 3.2265640084395355, 'g_gpe_gpi_mult': 0.8957573769890552}. Best is trial 98 with value: 0.5979484317983877.
[I 2026-05-28 02:07:57,435] Trial 702 finished with value: 1.1522978806709612 and parameters: {'ISTN': 67.60972371619366, 'I_gpe': 0.8495726058336771, 'I_gpi': 3.157536771692406, 'noise_stn_sigma': 5.113783302450981, 'noise_gpe_sigma': 97.47426226149014, 'noise_gpi_sigma': 95.83490172654774, 'g_stn_gpe_mult': 1.9186371853078352, 'g_gpe_stn_mult': 0.2211745862826883, 'g_stn_gpi_mult': 3.1614938650328286, 'g_gpe_gpi_mult': 0.9023603226966195}. Best is trial 98 with value: 0.5979484317983877.
[I 2026-05-28 02:07:58,443] Trial 703 finished with value: 1.1950731006109392 and parameters: {'ISTN': 66.03393274465152, 'I_gpe': 0.8807041372378188, 'I_gpi': 3.229891083675985, 'noise_stn_sigma': 5.096653580483143, 'noise_gpe_sigma': 98.16060659648443, 'noise_gpi_sigma': 94.99661258412976, 'g_stn_gpe_mult': 1.9045395004711305, 'g_gpe_stn_mult': 0.2503832629145162, 'g_stn_gpi_mult': 3.227226611489205, 'g_gpe_gpi_mult': 0.8796883940123725}. Best is trial 98 with value: 0.5979484317983877.
