[I 2026-05-28 02:38:51,828] Trial 521 finished with value: 0.01949439714313949 and parameters: {'ISTN': 61.655564522471714, 'I_gpe': 1.152908344274386, 'I_gpi': 2.2830537363508343, 'noise_stn_sigma': 1.151111965128833, 'noise_gpe_sigma': 140.20170738246776, 'noise_gpi_sigma': 138.95844498140121, 'g_stn_gpe_mult': 2.4817636684261144, 'g_gpe_stn_mult': 0.170536105247625, 'g_stn_gpi_mult': 1.3195862024757836, 'g_gpe_gpi_mult': 0.8880587932986403}. Best is trial 472 with value: 0.008730069704351145.
[I 2026-05-28 02:38:52,837] Trial 522 finished with value: 0.034010204000779184 and parameters: {'ISTN': 61.81797348793783, 'I_gpe': 1.1435423461268415, 'I_gpi': 2.2418025914051185, 'noise_stn_sigma': 1.1422247193990844, 'noise_gpe_sigma': 142.34472775023107, 'noise_gpi_sigma': 136.20308419057568, 'g_stn_gpe_mult': 2.4419967045277655, 'g_gpe_stn_mult': 0.17690816546715102, 'g_stn_gpi_mult': 1.284118877427043, 'g_gpe_gpi_mult': 0.9367798367374727}. Best is trial 472 with value: 0.008730069704351145.
[I 2026-05-28 02:38:53,847] Trial 523 finished with value: 0.04409865051391198 and parameters: {'ISTN': 62.786839911887256, 'I_gpe': 1.0081649914429165, 'I_gpi': 2.2355254243453717, 'noise_stn_sigma': 1.5502983159419002, 'noise_gpe_sigma': 139.7975751534714, 'noise_gpi_sigma': 136.1279226062352, 'g_stn_gpe_mult': 2.521040354532812, 'g_gpe_stn_mult': 0.17636964082329304, 'g_stn_gpi_mult': 1.4201805714639724, 'g_gpe_gpi_mult': 0.8751617839652848}. Best is trial 472 with value: 0.008730069704351145.
[I 2026-05-28 02:38:54,855] Trial 524 finished with value: 0.04034362320605224 and parameters: {'ISTN': 62.22971654676919, 'I_gpe': 1.1667777670402033, 'I_gpi': 2.3083098455338917, 'noise_stn_sigma': 1.3772573862168898, 'noise_gpe_sigma': 142.28949490694617, 'noise_gpi_sigma': 139.34543931902704, 'g_stn_gpe_mult': 2.499049564688436, 'g_gpe_stn_mult': 0.17114425160289887, 'g_stn_gpi_mult': 1.356175892919453, 'g_gpe_gpi_mult': 0.9014053366469048}. Best is trial 472 with value: 0.008730069704351145.
[I 2026-05-28 02:38:55,862] Trial 525 finished with value: 0.04723783473677223 and parameters: {'ISTN': 62.99936817778772, 'I_gpe': 1.2118256813108916, 'I_gpi': 2.277576344568284, 'noise_stn_sigma': 1.3278219837680214, 'noise_gpe_sigma': 143.20558911377896, 'noise_gpi_sigma': 139.50246090838812, 'g_stn_gpe_mult': 2.4665490532986802, 'g_gpe_stn_mult': 0.17930352935058835, 'g_stn_gpi_mult': 1.2899548634908284, 'g_gpe_gpi_mult': 0.9202080330647211}. Best is trial 472 with value: 0.008730069704351145.
[I 2026-05-28 02:38:56,870] Trial 526 finished with value: 0.03051084915968455 and parameters: {'ISTN': 61.63420613883064, 'I_gpe': 1.1516998410414154, 'I_gpi': 2.162703324569434, 'noise_stn_sigma': 1.277231251028472, 'noise_gpe_sigma': 138.70860664459326, 'noise_gpi_sigma': 144.03898804031445, 'g_stn_gpe_mult': 2.489414789390417, 'g_gpe_stn_mult': 0.17174657123416776, 'g_stn_gpi_mult': 1.2247982695509354, 'g_gpe_gpi_mult': 0.9377586854618214}. Best is trial 472 with value: 0.008730069704351145.
[I 2026-05-28 02:38:57,879] Trial 527 finished with value: 0.05193422360065565 and parameters: {'ISTN': 62.39138156352878, 'I_gpe': 1.2675727053170935, 'I_gpi': 2.324393377585877, 'noise_stn_sigma': 1.513365566307633, 'noise_gpe_sigma': 140.9192167658373, 'noise_gpi_sigma': 140.4794878675251, 'g_stn_gpe_mult': 2.444989763481316, 'g_gpe_stn_mult': 0.1692313491602755, 'g_stn_gpi_mult': 1.328729666366784, 'g_gpe_gpi_mult': 0.9267813866070718}. Best is trial 472 with value: 0.008730069704351145.
[I 2026-05-28 02:38:58,889] Trial 528 finished with value: 0.03812564280315392 and parameters: {'ISTN': 63.30812239993997, 'I_gpe': 1.0806204862944715, 'I_gpi': 2.253806918535619, 'noise_stn_sigma': 1.327524036197112, 'noise_gpe_sigma': 142.39025766204725, 'noise_gpi_sigma': 138.0034731846431, 'g_stn_gpe_mult': 2.393915590066639, 'g_gpe_stn_mult': 0.1577485927582123, 'g_stn_gpi_mult': 1.3270039943346368, 'g_gpe_gpi_mult': 0.907261609952853}. Best is trial 472 with value: 0.008730069704351145.
[I 2026-05-28 02:38:59,898] Trial 529 finished with value: 0.010300314122306701 and parameters: {'ISTN': 60.22724988484608, 'I_gpe': 1.1455916096849559, 'I_gpi': 2.2417876984004996, 'noise_stn_sigma': 1.3445943106332794, 'noise_gpe_sigma': 142.22593045766615, 'noise_gpi_sigma': 132.07854164875658, 'g_stn_gpe_mult': 2.484099364306826, 'g_gpe_stn_mult': 0.18087296540109676, 'g_stn_gpi_mult': 1.2098988646778015, 'g_gpe_gpi_mult': 0.9442502780895563}. Best is trial 472 with value: 0.008730069704351145.
[I 2026-05-28 02:39:00,907] Trial 530 finished with value: 0.04161696428945331 and parameters: {'ISTN': 63.38782341388662, 'I_gpe': 1.0930842932739133, 'I_gpi': 2.241189457345924, 'noise_stn_sigma': 1.3626352402734039, 'noise_gpe_sigma': 142.36886385698443, 'noise_gpi_sigma': 141.00727033663065, 'g_stn_gpe_mult': 2.4704069450081336, 'g_gpe_stn_mult': 0.17419458310599845, 'g_stn_gpi_mult': 1.363123707065753, 'g_gpe_gpi_mult': 0.8777837226459948}. Best is trial 472 with value: 0.008730069704351145.
[I 2026-05-28 02:39:01,914] Trial 531 finished with value: 0.03284130599598961 and parameters: {'ISTN': 62.45159187726938, 'I_gpe': 1.0807133849714001, 'I_gpi': 2.151464595454955, 'noise_stn_sigma': 1.196807073601363, 'noise_gpe_sigma': 137.7539145463817, 'noise_gpi_sigma': 135.77890708047104, 'g_stn_gpe_mult': 2.4985848689153967, 'g_gpe_stn_mult': 0.1701704210477802, 'g_stn_gpi_mult': 1.2787512558008307, 'g_gpe_gpi_mult': 0.9363411456622934}. Best is trial 472 with value: 0.008730069704351145.
[I 2026-05-28 02:39:02,925] Trial 532 finished with value: 0.029135181648864323 and parameters: {'ISTN': 60.556747200630326, 'I_gpe': 1.2346579924276084, 'I_gpi': 2.21304832031806, 'noise_stn_sigma': 1.2722431156098033, 'noise_gpe_sigma': 143.80528000995452, 'noise_gpi_sigma': 135.42702201468234, 'g_stn_gpe_mult': 2.514954569586251, 'g_gpe_stn_mult': 0.1840951572611736, 'g_stn_gpi_mult': 1.232970341032757, 'g_gpe_gpi_mult': 0.9094196203799212}. Best is trial 472 with value: 0.008730069704351145.
[I 2026-05-28 02:39:03,934] Trial 533 finished with value: 0.03614356738769229 and parameters: {'ISTN': 60.82984574395395, 'I_gpe': 1.1484890908662364, 'I_gpi': 2.181868613360419, 'noise_stn_sigma': 1.312990127927445, 'noise_gpe_sigma': 140.23516371548055, 'noise_gpi_sigma': 140.6268193220816, 'g_stn_gpe_mult': 2.565132437004303, 'g_gpe_stn_mult': 0.19131493377368114, 'g_stn_gpi_mult': 1.2178740180516123, 'g_gpe_gpi_mult': 0.9443999302766832}. Best is trial 472 with value: 0.008730069704351145.
[I 2026-05-28 02:39:04,944] Trial 534 finished with value: 0.02931887346600219 and parameters: {'ISTN': 60.48400950308806, 'I_gpe': 1.0640486018244597, 'I_gpi': 2.303454896407483, 'noise_stn_sigma': 1.405536305796248, 'noise_gpe_sigma': 140.26402829973455, 'noise_gpi_sigma': 138.24880359226938, 'g_stn_gpe_mult': 2.644861438917836, 'g_gpe_stn_mult': 0.19986714670435515, 'g_stn_gpi_mult': 1.2712772030052946, 'g_gpe_gpi_mult': 0.9285102055419654}. Best is trial 472 with value: 0.008730069704351145.
[I 2026-05-28 02:39:05,952] Trial 535 finished with value: 0.011485355629297013 and parameters: {'ISTN': 60.47957565021148, 'I_gpe': 1.1018941256804213, 'I_gpi': 2.244291814609227, 'noise_stn_sigma': 1.408579484151799, 'noise_gpe_sigma': 139.71000927329362, 'noise_gpi_sigma': 143.67981262134842, 'g_stn_gpe_mult': 2.48937264636752, 'g_gpe_stn_mult': 0.18093198967593715, 'g_stn_gpi_mult': 1.2239876162586163, 'g_gpe_gpi_mult': 0.9302423522870806}. Best is trial 472 with value: 0.008730069704351145.
[I 2026-05-28 02:39:06,961] Trial 536 finished with value: 0.046399307985048294 and parameters: {'ISTN': 61.63070788659242, 'I_gpe': 1.1878948648572454, 'I_gpi': 2.0962695481236358, 'noise_stn_sigma': 1.3339163829670757, 'noise_gpe_sigma': 140.9576820125712, 'noise_gpi_sigma': 138.63306812034403, 'g_stn_gpe_mult': 2.47020277793069, 'g_gpe_stn_mult': 0.1778500089842417, 'g_stn_gpi_mult': 1.1933205986301338, 'g_gpe_gpi_mult': 0.9277286002354628}. Best is trial 472 with value: 0.008730069704351145.
[I 2026-05-28 02:39:07,969] Trial 537 finished with value: 0.051994342123517986 and parameters: {'ISTN': 62.25551199047787, 'I_gpe': 0.9986792101729556, 'I_gpi': 2.1759052546935527, 'noise_stn_sigma': 1.3174450164530302, 'noise_gpe_sigma': 143.41914244226396, 'noise_gpi_sigma': 137.84257169371196, 'g_stn_gpe_mult': 2.5919170995691583, 'g_gpe_stn_mult': 0.16249378279325577, 'g_stn_gpi_mult': 1.2170930344367932, 'g_gpe_gpi_mult': 0.9294601623165044}. Best is trial 472 with value: 0.008730069704351145.
[I 2026-05-28 02:39:08,977] Trial 538 finished with value: 0.027935690521151715 and parameters: {'ISTN': 60.60328019248125, 'I_gpe': 1.167543418728599, 'I_gpi': 2.27906182807516, 'noise_stn_sigma': 1.3408907928928724, 'noise_gpe_sigma': 135.75996364978587, 'noise_gpi_sigma': 136.7860645738312, 'g_stn_gpe_mult': 2.5125115901745056, 'g_gpe_stn_mult': 0.1930034459108788, 'g_stn_gpi_mult': 1.2842368629533962, 'g_gpe_gpi_mult': 0.9396378734377684}. Best is trial 472 with value: 0.008730069704351145.
[I 2026-05-28 02:39:09,924] Trial 539 finished with value: 1000000.0 and parameters: {'ISTN': 61.02696136405557, 'I_gpe': 1.054013887811716, 'I_gpi': 2.1834168536790104, 'noise_stn_sigma': 1.4791722792465691, 'noise_gpe_sigma': 143.38275853294732, 'noise_gpi_sigma': 135.75621876519034, 'g_stn_gpe_mult': 2.4858487221734364, 'g_gpe_stn_mult': 0.1676684069714256, 'g_stn_gpi_mult': 1.2889512517634691, 'g_gpe_gpi_mult': 0.929427597044489}. Best is trial 472 with value: 0.008730069704351145.
[I 2026-05-28 02:39:10,932] Trial 540 finished with value: 0.006414671488475808 and parameters: {'ISTN': 60.480842068090425, 'I_gpe': 1.1162664676908356, 'I_gpi': 2.231526028025674, 'noise_stn_sigma': 1.0397665287289108, 'noise_gpe_sigma': 142.84054131025354, 'noise_gpi_sigma': 136.07460607713102, 'g_stn_gpe_mult': 2.32908331255356, 'g_gpe_stn_mult': 0.18579139478121165, 'g_stn_gpi_mult': 1.2529569609407356, 'g_gpe_gpi_mult': 0.935693279775972}. Best is trial 540 with value: 0.006414671488475808.
[I 2026-05-28 02:39:11,939] Trial 541 finished with value: 0.029989542617254148 and parameters: {'ISTN': 60.79898427816472, 'I_gpe': 1.1987652289648838, 'I_gpi': 2.358703038787497, 'noise_stn_sigma': 1.10164383409539, 'noise_gpe_sigma': 136.14315649186497, 'noise_gpi_sigma': 139.19244184588143, 'g_stn_gpe_mult': 2.593255003354822, 'g_gpe_stn_mult': 0.189929149626987, 'g_stn_gpi_mult': 1.2781850206926197, 'g_gpe_gpi_mult': 0.9232227116150755}. Best is trial 540 with value: 0.006414671488475808.
[I 2026-05-28 02:39:12,949] Trial 542 finished with value: 0.008856448336149531 and parameters: {'ISTN': 60.984773873218124, 'I_gpe': 1.1505850059343965, 'I_gpi': 2.272731391709736, 'noise_stn_sigma': 1.0798815979021277, 'noise_gpe_sigma': 137.99057197577787, 'noise_gpi_sigma': 138.7399528572684, 'g_stn_gpe_mult': 2.3988136624121745, 'g_gpe_stn_mult': 0.17815417973950942, 'g_stn_gpi_mult': 1.2747201176731147, 'g_gpe_gpi_mult': 0.9398530361724973}. Best is trial 540 with value: 0.006414671488475808.
[I 2026-05-28 02:39:13,956] Trial 543 finished with value: 0.04167225048617352 and parameters: {'ISTN': 62.42745035950532, 'I_gpe': 1.1878917173435175, 'I_gpi': 2.3037445132966257, 'noise_stn_sigma': 1.291373244112934, 'noise_gpe_sigma': 137.82672718863918, 'noise_gpi_sigma': 132.22018229259356, 'g_stn_gpe_mult': 2.467788807367235, 'g_gpe_stn_mult': 0.1685305469823013, 'g_stn_gpi_mult': 1.3367874800252433, 'g_gpe_gpi_mult': 0.919218493814759}. Best is trial 540 with value: 0.006414671488475808.
[I 2026-05-28 02:39:14,963] Trial 544 finished with value: 0.037123794437694965 and parameters: {'ISTN': 61.213069745166706, 'I_gpe': 1.1106484441430424, 'I_gpi': 2.167665499651047, 'noise_stn_sigma': 1.3840707192850923, 'noise_gpe_sigma': 138.29287160057117, 'noise_gpi_sigma': 140.4368208338864, 'g_stn_gpe_mult': 2.565121332492839, 'g_gpe_stn_mult': 0.19317799275610661, 'g_stn_gpi_mult': 1.3563995118201186, 'g_gpe_gpi_mult': 0.9301835954286655}. Best is trial 540 with value: 0.006414671488475808.
[I 2026-05-28 02:39:15,970] Trial 545 finished with value: 0.023088580527222027 and parameters: {'ISTN': 60.36101090489308, 'I_gpe': 1.1015709859883835, 'I_gpi': 2.307097467369851, 'noise_stn_sigma': 1.306568654201523, 'noise_gpe_sigma': 138.3704511588506, 'noise_gpi_sigma': 141.298321808048, 'g_stn_gpe_mult': 2.4891339916264004, 'g_gpe_stn_mult': 0.18822190815751472, 'g_stn_gpi_mult': 1.3224180877958065, 'g_gpe_gpi_mult': 0.9406454103703987}. Best is trial 540 with value: 0.006414671488475808.
[I 2026-05-28 02:39:16,979] Trial 546 finished with value: 0.04628263295234167 and parameters: {'ISTN': 62.02753690502565, 'I_gpe': 1.1458158532055114, 'I_gpi': 2.172508721248029, 'noise_stn_sigma': 1.3681077207104078, 'noise_gpe_sigma': 146.11316215548982, 'noise_gpi_sigma': 141.54203901247425, 'g_stn_gpe_mult': 2.4369462915039413, 'g_gpe_stn_mult': 0.18818638721266362, 'g_stn_gpi_mult': 1.2632178254620767, 'g_gpe_gpi_mult': 0.8929507879637}. Best is trial 540 with value: 0.006414671488475808.
[I 2026-05-28 02:39:17,987] Trial 547 finished with value: 0.017915577209951416 and parameters: {'ISTN': 60.68847553115184, 'I_gpe': 1.0868870423046335, 'I_gpi': 2.308381222856511, 'noise_stn_sigma': 1.1496082872132036, 'noise_gpe_sigma': 138.14933055615984, 'noise_gpi_sigma': 137.3438796826801, 'g_stn_gpe_mult': 2.459333542495021, 'g_gpe_stn_mult': 0.19398895110807154, 'g_stn_gpi_mult': 1.2606230118490018, 'g_gpe_gpi_mult': 0.9247405752384008}. Best is trial 540 with value: 0.006414671488475808.
[I 2026-05-28 02:39:18,996] Trial 548 finished with value: 0.013156188517674855 and parameters: {'ISTN': 60.080974610818835, 'I_gpe': 1.0122666828657594, 'I_gpi': 2.2624057474261914, 'noise_stn_sigma': 1.352788342382236, 'noise_gpe_sigma': 142.24298920231234, 'noise_gpi_sigma': 137.10335942382466, 'g_stn_gpe_mult': 2.4721319916980526, 'g_gpe_stn_mult': 0.1969379626582732, 'g_stn_gpi_mult': 1.1739382536417975, 'g_gpe_gpi_mult': 0.9462758785110759}. Best is trial 540 with value: 0.006414671488475808.
[I 2026-05-28 02:39:20,004] Trial 549 finished with value: 0.012552332224404297 and parameters: {'ISTN': 61.14699089694413, 'I_gpe': 1.113811777908131, 'I_gpi': 2.2492633089551384, 'noise_stn_sigma': 1.1712982333484672, 'noise_gpe_sigma': 139.5810685251866, 'noise_gpi_sigma': 136.68195563222048, 'g_stn_gpe_mult': 2.415159762133765, 'g_gpe_stn_mult': 0.1786621424567819, 'g_stn_gpi_mult': 1.2853823909613717, 'g_gpe_gpi_mult': 0.9164794400275429}. Best is trial 540 with value: 0.006414671488475808.
[I 2026-05-28 02:39:21,013] Trial 550 finished with value: 0.016795310440389503 and parameters: {'ISTN': 60.014855928775674, 'I_gpe': 1.1530434723138696, 'I_gpi': 2.354443202658964, 'noise_stn_sigma': 1.3670005780382128, 'noise_gpe_sigma': 142.2261717517732, 'noise_gpi_sigma': 136.43499936794086, 'g_stn_gpe_mult': 2.464726389251215, 'g_gpe_stn_mult': 0.19328560532802164, 'g_stn_gpi_mult': 1.2573714265243583, 'g_gpe_gpi_mult': 0.9577592288670684}. Best is trial 540 with value: 0.006414671488475808.
[I 2026-05-28 02:39:22,025] Trial 551 finished with value: 0.09567188716265457 and parameters: {'ISTN': 61.48732097753958, 'I_gpe': 1.0264435766154816, 'I_gpi': 2.2976220221422308, 'noise_stn_sigma': 1.1118962026789279, 'noise_gpe_sigma': 142.2184402116079, 'noise_gpi_sigma': 136.83461431847002, 'g_stn_gpe_mult': 2.421407645913709, 'g_gpe_stn_mult': 0.18486368212179155, 'g_stn_gpi_mult': 1.20641847285015, 'g_gpe_gpi_mult': 0.9143279097037011}. Best is trial 540 with value: 0.006414671488475808.
[I 2026-05-28 02:39:23,036] Trial 552 finished with value: 0.008673995206427263 and parameters: {'ISTN': 60.55256080247888, 'I_gpe': 1.1085092901229636, 'I_gpi': 2.256483667475722, 'noise_stn_sigma': 1.2251204453881734, 'noise_gpe_sigma': 139.63537027845462, 'noise_gpi_sigma': 138.3794326706532, 'g_stn_gpe_mult': 2.390499194474857, 'g_gpe_stn_mult': 0.18496166346058568, 'g_stn_gpi_mult': 1.2009099594169286, 'g_gpe_gpi_mult': 0.9463993170125895}. Best is trial 540 with value: 0.006414671488475808.
[I 2026-05-28 02:39:24,046] Trial 553 finished with value: 0.008059572379527591 and parameters: {'ISTN': 60.42784700214573, 'I_gpe': 1.1066398472163668, 'I_gpi': 2.2371959617738124, 'noise_stn_sigma': 1.1555183766064903, 'noise_gpe_sigma': 134.02892307422957, 'noise_gpi_sigma': 137.99960273267453, 'g_stn_gpe_mult': 2.472215943160882, 'g_gpe_stn_mult': 0.18718055758023566, 'g_stn_gpi_mult': 1.3229944408036969, 'g_gpe_gpi_mult': 0.9469654214898877}. Best is trial 540 with value: 0.006414671488475808.
[I 2026-05-28 02:39:25,055] Trial 554 finished with value: 0.011248929238290455 and parameters: {'ISTN': 60.60339462693133, 'I_gpe': 1.080099122153443, 'I_gpi': 2.3103954725384206, 'noise_stn_sigma': 1.2563253318387955, 'noise_gpe_sigma': 139.26798170146859, 'noise_gpi_sigma': 140.82183618651283, 'g_stn_gpe_mult': 2.5080680609871275, 'g_gpe_stn_mult': 0.1844830130110739, 'g_stn_gpi_mult': 1.1928038949627842, 'g_gpe_gpi_mult': 0.9205606319164015}. Best is trial 540 with value: 0.006414671488475808.
[I 2026-05-28 02:39:26,064] Trial 555 finished with value: 0.01208922429870144 and parameters: {'ISTN': 60.40692487763397, 'I_gpe': 1.1344149156439738, 'I_gpi': 2.254489276631478, 'noise_stn_sigma': 1.0751036351371994, 'noise_gpe_sigma': 139.4284565709874, 'noise_gpi_sigma': 136.71593727035207, 'g_stn_gpe_mult': 2.5458754241534196, 'g_gpe_stn_mult': 0.18860689522478574, 'g_stn_gpi_mult': 1.2266060192794406, 'g_gpe_gpi_mult': 0.9384860318990165}. Best is trial 540 with value: 0.006414671488475808.
[I 2026-05-28 02:39:27,071] Trial 556 finished with value: 0.01496461356510455 and parameters: {'ISTN': 61.25213404913133, 'I_gpe': 1.098943065537555, 'I_gpi': 2.3498117650016166, 'noise_stn_sigma': 1.15541406001878, 'noise_gpe_sigma': 137.7658857020511, 'noise_gpi_sigma': 139.44685948288839, 'g_stn_gpe_mult': 2.473598755521568, 'g_gpe_stn_mult': 0.17227359985546192, 'g_stn_gpi_mult': 1.203451915717794, 'g_gpe_gpi_mult': 0.9456558117118012}. Best is trial 540 with value: 0.006414671488475808.
[I 2026-05-28 02:39:28,078] Trial 557 finished with value: 0.02077548183853593 and parameters: {'ISTN': 60.487720249685125, 'I_gpe': 1.1886065294813508, 'I_gpi': 2.3661014605747783, 'noise_stn_sigma': 1.3079448120834751, 'noise_gpe_sigma': 136.60759439515186, 'noise_gpi_sigma': 133.47657687078006, 'g_stn_gpe_mult': 2.469538695084262, 'g_gpe_stn_mult': 0.18416175035730276, 'g_stn_gpi_mult': 1.2742740553573706, 'g_gpe_gpi_mult': 0.9425442480234982}. Best is trial 540 with value: 0.006414671488475808.
[I 2026-05-28 02:39:29,085] Trial 558 finished with value: 0.017037433359031427 and parameters: {'ISTN': 60.91142687283718, 'I_gpe': 1.16400186994176, 'I_gpi': 2.2931433802377867, 'noise_stn_sigma': 1.1725005561042456, 'noise_gpe_sigma': 141.84740895110312, 'noise_gpi_sigma': 136.8481541404813, 'g_stn_gpe_mult': 2.3949129375895035, 'g_gpe_stn_mult': 0.183537524045563, 'g_stn_gpi_mult': 1.336644210871754, 'g_gpe_gpi_mult': 0.9138105165855532}. Best is trial 540 with value: 0.006414671488475808.
[I 2026-05-28 02:39:30,093] Trial 559 finished with value: 0.009286078378610852 and parameters: {'ISTN': 60.82501200040466, 'I_gpe': 1.1817369627939207, 'I_gpi': 2.360891085402641, 'noise_stn_sigma': 1.023922348353423, 'noise_gpe_sigma': 141.6703682432332, 'noise_gpi_sigma': 134.56131239852004, 'g_stn_gpe_mult': 2.3479382597909324, 'g_gpe_stn_mult': 0.17726420947703475, 'g_stn_gpi_mult': 1.176869673977685, 'g_gpe_gpi_mult': 0.9398496626579766}. Best is trial 540 with value: 0.006414671488475808.
[I 2026-05-28 02:39:31,099] Trial 560 finished with value: 0.021162621956359793 and parameters: {'ISTN': 60.59240579897916, 'I_gpe': 1.0549527141429667, 'I_gpi': 2.3692562471679928, 'noise_stn_sigma': 1.1330256737125737, 'noise_gpe_sigma': 138.01393347096806, 'noise_gpi_sigma': 138.04122130039553, 'g_stn_gpe_mult': 2.400118975313069, 'g_gpe_stn_mult': 0.19525371651568668, 'g_stn_gpi_mult': 1.2883731294220528, 'g_gpe_gpi_mult': 0.9424692264416632}. Best is trial 540 with value: 0.006414671488475808.
[I 2026-05-28 02:39:32,108] Trial 561 finished with value: 0.03199910783525763 and parameters: {'ISTN': 61.2191145411672, 'I_gpe': 1.1459984033721127, 'I_gpi': 2.2594227344949136, 'noise_stn_sigma': 1.26396398668784, 'noise_gpe_sigma': 138.05039080862883, 'noise_gpi_sigma': 139.09400579693045, 'g_stn_gpe_mult': 2.4277314047892453, 'g_gpe_stn_mult': 0.18794724811887342, 'g_stn_gpi_mult': 1.2805175423713777, 'g_gpe_gpi_mult': 0.9279872461267746}. Best is trial 540 with value: 0.006414671488475808.
[I 2026-05-28 02:39:33,117] Trial 562 finished with value: 0.0318252080738954 and parameters: {'ISTN': 61.836730563935376, 'I_gpe': 1.2006368071123472, 'I_gpi': 2.2402971582968036, 'noise_stn_sigma': 1.0756105132067963, 'noise_gpe_sigma': 141.15789857604585, 'noise_gpi_sigma': 137.21252279443712, 'g_stn_gpe_mult': 2.4266800414284098, 'g_gpe_stn_mult': 0.16859045182411622, 'g_stn_gpi_mult': 1.1449909267140062, 'g_gpe_gpi_mult': 0.9351751179041414}. Best is trial 540 with value: 0.006414671488475808.
[I 2026-05-28 02:39:34,127] Trial 563 finished with value: 0.012781477410622504 and parameters: {'ISTN': 60.578716297906354, 'I_gpe': 1.1107424404843518, 'I_gpi': 2.242941717700183, 'noise_stn_sigma': 1.1155043076624802, 'noise_gpe_sigma': 137.11457613827878, 'noise_gpi_sigma': 137.99059254285834, 'g_stn_gpe_mult': 2.398278976523487, 'g_gpe_stn_mult': 0.18744707983244155, 'g_stn_gpi_mult': 1.272687409889442, 'g_gpe_gpi_mult': 0.9224628083180948}. Best is trial 540 with value: 0.006414671488475808.
