[I 2026-05-28 01:47:19,411] Trial 484 finished with value: 3.6255411188739424 and parameters: {'ISTN': 75.1686779112341, 'I_gpe': 1.6012178486634423, 'I_gpi': 2.067148081713602, 'noise_stn_sigma': 3.8081443239899992, 'noise_gpe_sigma': 85.27572287093689, 'noise_gpi_sigma': 102.37846374866899, 'g_stn_gpe_mult': 2.892298908440277, 'g_gpe_stn_mult': 0.23816819600947414, 'g_stn_gpi_mult': 3.5154860170326705, 'g_gpe_gpi_mult': 0.8692120882027736}. Best is trial 475 with value: 0.1881898401298549.
[I 2026-05-28 01:47:20,419] Trial 485 finished with value: 0.18740165941179154 and parameters: {'ISTN': 60.98187161584927, 'I_gpe': 1.2604429581198722, 'I_gpi': 1.9175811363597184, 'noise_stn_sigma': 3.3388592617845987, 'noise_gpe_sigma': 94.95737263995557, 'noise_gpi_sigma': 109.78918522707345, 'g_stn_gpe_mult': 3.2089388769603255, 'g_gpe_stn_mult': 0.2260133363208095, 'g_stn_gpi_mult': 3.6693796395078957, 'g_gpe_gpi_mult': 0.7935382002002163}. Best is trial 485 with value: 0.18740165941179154.
[I 2026-05-28 01:47:21,429] Trial 486 finished with value: 0.47990880628422344 and parameters: {'ISTN': 67.19602148943316, 'I_gpe': 1.4769526169420106, 'I_gpi': 1.4071781984635843, 'noise_stn_sigma': 4.041711828987889, 'noise_gpe_sigma': 79.5921975498239, 'noise_gpi_sigma': 136.5187998402088, 'g_stn_gpe_mult': 2.8844947907782155, 'g_gpe_stn_mult': 0.13935624567330268, 'g_stn_gpi_mult': 3.78829911117268, 'g_gpe_gpi_mult': 0.7941358558345204}. Best is trial 485 with value: 0.18740165941179154.
[I 2026-05-28 01:47:22,438] Trial 487 finished with value: 0.5596407826675871 and parameters: {'ISTN': 62.30443651062887, 'I_gpe': 1.2037043803639387, 'I_gpi': 2.1583478371035913, 'noise_stn_sigma': 3.6276104441200596, 'noise_gpe_sigma': 89.75192033016792, 'noise_gpi_sigma': 113.68393459784237, 'g_stn_gpe_mult': 2.6444706958896727, 'g_gpe_stn_mult': 0.22556734045445548, 'g_stn_gpi_mult': 3.411577418082351, 'g_gpe_gpi_mult': 0.8578246652081927}. Best is trial 485 with value: 0.18740165941179154.
[I 2026-05-28 01:47:23,448] Trial 488 finished with value: 1.7490374308870509 and parameters: {'ISTN': 63.56653580968276, 'I_gpe': 1.0311005655876326, 'I_gpi': 2.0445902519861985, 'noise_stn_sigma': 4.20344056652014, 'noise_gpe_sigma': 78.02338293587803, 'noise_gpi_sigma': 108.13780587989577, 'g_stn_gpe_mult': 2.104206651793512, 'g_gpe_stn_mult': 0.27722515666656894, 'g_stn_gpi_mult': 3.6793792528324745, 'g_gpe_gpi_mult': 0.8138716440388751}. Best is trial 485 with value: 0.18740165941179154.
[I 2026-05-28 01:47:24,455] Trial 489 finished with value: 0.28949204482137 and parameters: {'ISTN': 62.31135346299448, 'I_gpe': 1.1755190164400253, 'I_gpi': 1.9236945248564283, 'noise_stn_sigma': 4.148693328726472, 'noise_gpe_sigma': 67.71983170070956, 'noise_gpi_sigma': 126.14208479068512, 'g_stn_gpe_mult': 2.6604750470689087, 'g_gpe_stn_mult': 0.1366949207663059, 'g_stn_gpi_mult': 3.805375830412149, 'g_gpe_gpi_mult': 0.8158160018565022}. Best is trial 485 with value: 0.18740165941179154.
[I 2026-05-28 01:47:25,465] Trial 490 finished with value: 0.6619939155707939 and parameters: {'ISTN': 62.03995838124582, 'I_gpe': 1.2102290031823717, 'I_gpi': 1.778396817721247, 'noise_stn_sigma': 3.0405233730920393, 'noise_gpe_sigma': 84.4773574795004, 'noise_gpi_sigma': 116.20206900758396, 'g_stn_gpe_mult': 2.8297207473590333, 'g_gpe_stn_mult': 0.2566413671173057, 'g_stn_gpi_mult': 3.716305985407954, 'g_gpe_gpi_mult': 0.9716885992022839}. Best is trial 485 with value: 0.18740165941179154.
[I 2026-05-28 01:47:26,477] Trial 491 finished with value: 0.7363461526453636 and parameters: {'ISTN': 65.69781233741763, 'I_gpe': 1.2553629420443317, 'I_gpi': 1.629989361145607, 'noise_stn_sigma': 3.8607218986915006, 'noise_gpe_sigma': 93.19767713759444, 'noise_gpi_sigma': 110.676918215498, 'g_stn_gpe_mult': 2.7595156184714664, 'g_gpe_stn_mult': 0.17462590968362834, 'g_stn_gpi_mult': 3.892289722556795, 'g_gpe_gpi_mult': 0.7748491901930574}. Best is trial 485 with value: 0.18740165941179154.
[I 2026-05-28 01:47:27,484] Trial 492 finished with value: 1.4602160002825457 and parameters: {'ISTN': 64.02073096886338, 'I_gpe': 1.3307372915872888, 'I_gpi': 1.286054392382853, 'noise_stn_sigma': 3.6992535094960726, 'noise_gpe_sigma': 86.83172483508798, 'noise_gpi_sigma': 92.40740870628726, 'g_stn_gpe_mult': 2.8208204491820874, 'g_gpe_stn_mult': 0.23139072406490732, 'g_stn_gpi_mult': 3.4872278969408987, 'g_gpe_gpi_mult': 0.848935183414993}. Best is trial 485 with value: 0.18740165941179154.
[I 2026-05-28 01:47:28,493] Trial 493 finished with value: 1.0873981465158102 and parameters: {'ISTN': 60.82105266634171, 'I_gpe': 1.4269786189896434, 'I_gpi': 1.4203564158239126, 'noise_stn_sigma': 3.4628106724733216, 'noise_gpe_sigma': 78.35850709537686, 'noise_gpi_sigma': 98.22414867418301, 'g_stn_gpe_mult': 3.01148655697628, 'g_gpe_stn_mult': 0.11402187549918706, 'g_stn_gpi_mult': 3.376012946993641, 'g_gpe_gpi_mult': 0.8621982642393229}. Best is trial 485 with value: 0.18740165941179154.
[I 2026-05-28 01:47:29,501] Trial 494 finished with value: 0.334487390168493 and parameters: {'ISTN': 63.22795628136547, 'I_gpe': 0.882786049330481, 'I_gpi': 1.4759154619245543, 'noise_stn_sigma': 3.9959891186368184, 'noise_gpe_sigma': 83.05418293461625, 'noise_gpi_sigma': 122.97503511566337, 'g_stn_gpe_mult': 2.7240988104193224, 'g_gpe_stn_mult': 0.16371011708589395, 'g_stn_gpi_mult': 3.158559641824042, 'g_gpe_gpi_mult': 0.9196503051092997}. Best is trial 485 with value: 0.18740165941179154.
[I 2026-05-28 01:47:30,508] Trial 495 finished with value: 3.0861423401635224 and parameters: {'ISTN': 70.43039074959036, 'I_gpe': 1.108566254814586, 'I_gpi': 1.259898502658554, 'noise_stn_sigma': 4.404076583816668, 'noise_gpe_sigma': 99.71913890996001, 'noise_gpi_sigma': 124.85387674234681, 'g_stn_gpe_mult': 2.6385114937526266, 'g_gpe_stn_mult': 0.25027343562144827, 'g_stn_gpi_mult': 3.4843414125718777, 'g_gpe_gpi_mult': 0.7756359878598942}. Best is trial 485 with value: 0.18740165941179154.
[I 2026-05-28 01:47:31,516] Trial 496 finished with value: 0.3016665958943104 and parameters: {'ISTN': 61.52517868852653, 'I_gpe': 1.5516805749311209, 'I_gpi': 2.287412534815502, 'noise_stn_sigma': 3.1019122861238717, 'noise_gpe_sigma': 90.01096583825066, 'noise_gpi_sigma': 113.23732324103854, 'g_stn_gpe_mult': 2.9038510087206397, 'g_gpe_stn_mult': 0.2013084526502009, 'g_stn_gpi_mult': 3.9747103081924333, 'g_gpe_gpi_mult': 0.7882584810828905}. Best is trial 485 with value: 0.18740165941179154.
[I 2026-05-28 01:47:32,525] Trial 497 finished with value: 0.3901848221216291 and parameters: {'ISTN': 63.373541560645585, 'I_gpe': 1.2841838489002781, 'I_gpi': 1.6707653052287297, 'noise_stn_sigma': 5.35598968747469, 'noise_gpe_sigma': 98.73909096537831, 'noise_gpi_sigma': 113.77218307341813, 'g_stn_gpe_mult': 3.070771361133402, 'g_gpe_stn_mult': 0.11933123936855171, 'g_stn_gpi_mult': 3.1609711520594534, 'g_gpe_gpi_mult': 0.5475709597915699}. Best is trial 485 with value: 0.18740165941179154.
[I 2026-05-28 01:47:33,534] Trial 498 finished with value: 0.28055985495921204 and parameters: {'ISTN': 61.03402926353065, 'I_gpe': 1.357555217188812, 'I_gpi': 1.4123651183823223, 'noise_stn_sigma': 3.6869135157629325, 'noise_gpe_sigma': 95.42141867765113, 'noise_gpi_sigma': 113.116707635971, 'g_stn_gpe_mult': 2.819210668872944, 'g_gpe_stn_mult': 0.1473018999555468, 'g_stn_gpi_mult': 3.187382853012367, 'g_gpe_gpi_mult': 0.7314401771693804}. Best is trial 485 with value: 0.18740165941179154.
[I 2026-05-28 01:47:34,542] Trial 499 finished with value: 0.26140465391817264 and parameters: {'ISTN': 62.31563877370848, 'I_gpe': 1.0181513781520208, 'I_gpi': 1.403323425998421, 'noise_stn_sigma': 3.5794720812367125, 'noise_gpe_sigma': 84.55736789431043, 'noise_gpi_sigma': 99.99960638004008, 'g_stn_gpe_mult': 3.090260922963269, 'g_gpe_stn_mult': 0.13963651196684482, 'g_stn_gpi_mult': 3.7423524743688876, 'g_gpe_gpi_mult': 0.8047832574493547}. Best is trial 485 with value: 0.18740165941179154.
[I 2026-05-28 01:47:35,552] Trial 500 finished with value: 0.6295533528752691 and parameters: {'ISTN': 64.43878842936691, 'I_gpe': 1.0613889525193938, 'I_gpi': 1.397095690120982, 'noise_stn_sigma': 4.197359565497102, 'noise_gpe_sigma': 80.00548977312442, 'noise_gpi_sigma': 130.57589201714347, 'g_stn_gpe_mult': 2.7955579445142607, 'g_gpe_stn_mult': 0.1580930162901495, 'g_stn_gpi_mult': 3.4369961375430944, 'g_gpe_gpi_mult': 0.6820024904119855}. Best is trial 485 with value: 0.18740165941179154.
[I 2026-05-28 01:47:36,565] Trial 501 finished with value: 0.2204442768826325 and parameters: {'ISTN': 65.59726936899749, 'I_gpe': 1.5006934567879167, 'I_gpi': 1.9026623855286895, 'noise_stn_sigma': 2.9777846874179312, 'noise_gpe_sigma': 99.15378038280934, 'noise_gpi_sigma': 109.75070527550976, 'g_stn_gpe_mult': 2.9846556153818913, 'g_gpe_stn_mult': 0.13687275877085203, 'g_stn_gpi_mult': 3.360649074547546, 'g_gpe_gpi_mult': 0.7786290983777495}. Best is trial 485 with value: 0.18740165941179154.
[I 2026-05-28 01:47:37,574] Trial 502 finished with value: 0.22255264906824357 and parameters: {'ISTN': 60.95425746087661, 'I_gpe': 1.0211455274630046, 'I_gpi': 1.440253096859934, 'noise_stn_sigma': 3.4246397522322454, 'noise_gpe_sigma': 89.12696037491071, 'noise_gpi_sigma': 97.05781912848406, 'g_stn_gpe_mult': 2.9299981121092955, 'g_gpe_stn_mult': 0.1540120924333977, 'g_stn_gpi_mult': 3.783614710450161, 'g_gpe_gpi_mult': 0.8463531496524304}. Best is trial 485 with value: 0.18740165941179154.
[I 2026-05-28 01:47:38,585] Trial 503 finished with value: 1.4354918299949064 and parameters: {'ISTN': 67.03356056773818, 'I_gpe': 1.008462151623502, 'I_gpi': 1.5741301844204671, 'noise_stn_sigma': 4.4565275482310645, 'noise_gpe_sigma': 101.40127855999826, 'noise_gpi_sigma': 101.97337437862129, 'g_stn_gpe_mult': 3.245933733313571, 'g_gpe_stn_mult': 0.16271029019097144, 'g_stn_gpi_mult': 3.1182010059989014, 'g_gpe_gpi_mult': 0.7240838671436567}. Best is trial 485 with value: 0.18740165941179154.
[I 2026-05-28 01:47:39,596] Trial 504 finished with value: 2.957237599161869 and parameters: {'ISTN': 67.6715511119436, 'I_gpe': 1.3258980040234212, 'I_gpi': 1.480818149115462, 'noise_stn_sigma': 2.8405347747258527, 'noise_gpe_sigma': 82.81949322328805, 'noise_gpi_sigma': 107.66770303059495, 'g_stn_gpe_mult': 2.6202618670887183, 'g_gpe_stn_mult': 0.20714828178568986, 'g_stn_gpi_mult': 3.4707746962680024, 'g_gpe_gpi_mult': 0.8058290680394351}. Best is trial 485 with value: 0.18740165941179154.
[I 2026-05-28 01:47:40,607] Trial 505 finished with value: 0.2924121909223314 and parameters: {'ISTN': 62.8626911670994, 'I_gpe': 1.2375083156568736, 'I_gpi': 1.3917345036168234, 'noise_stn_sigma': 4.5138839528569505, 'noise_gpe_sigma': 87.47054779703345, 'noise_gpi_sigma': 105.12552368385856, 'g_stn_gpe_mult': 3.192960895854181, 'g_gpe_stn_mult': 0.17463308793556137, 'g_stn_gpi_mult': 3.2770210349427717, 'g_gpe_gpi_mult': 0.7118348366217402}. Best is trial 485 with value: 0.18740165941179154.
[I 2026-05-28 01:47:41,616] Trial 506 finished with value: 0.2638940096195103 and parameters: {'ISTN': 65.64710629093757, 'I_gpe': 1.2709578425038162, 'I_gpi': 1.6862913842030096, 'noise_stn_sigma': 4.9355227139986955, 'noise_gpe_sigma': 90.85914132210685, 'noise_gpi_sigma': 98.97877828015979, 'g_stn_gpe_mult': 3.0207056754225463, 'g_gpe_stn_mult': 0.14594762062948602, 'g_stn_gpi_mult': 3.643204536164618, 'g_gpe_gpi_mult': 0.7012291375046329}. Best is trial 485 with value: 0.18740165941179154.
[I 2026-05-28 01:47:42,626] Trial 507 finished with value: 1.7094421615507123 and parameters: {'ISTN': 68.39430264284806, 'I_gpe': 1.0603282189956065, 'I_gpi': 1.579374339839894, 'noise_stn_sigma': 3.8911208303678757, 'noise_gpe_sigma': 90.43461293442918, 'noise_gpi_sigma': 98.08751350943497, 'g_stn_gpe_mult': 2.4912423502657397, 'g_gpe_stn_mult': 0.15377462999411665, 'g_stn_gpi_mult': 3.4191522838457793, 'g_gpe_gpi_mult': 0.8974527865285395}. Best is trial 485 with value: 0.18740165941179154.
[I 2026-05-28 01:47:43,637] Trial 508 finished with value: 0.4299336551650384 and parameters: {'ISTN': 67.38831846095471, 'I_gpe': 1.2961404746049117, 'I_gpi': 1.5626205384677174, 'noise_stn_sigma': 3.8745804320289325, 'noise_gpe_sigma': 83.89314089335356, 'noise_gpi_sigma': 111.47519319604135, 'g_stn_gpe_mult': 3.170529727235807, 'g_gpe_stn_mult': 0.11779053720889003, 'g_stn_gpi_mult': 3.4437065904237047, 'g_gpe_gpi_mult': 0.886451791615122}. Best is trial 485 with value: 0.18740165941179154.
[I 2026-05-28 01:47:44,646] Trial 509 finished with value: 2.5561778734082683 and parameters: {'ISTN': 72.59907194691843, 'I_gpe': 0.8326298045376943, 'I_gpi': 1.5610637077583491, 'noise_stn_sigma': 5.162190231192775, 'noise_gpe_sigma': 96.44523279694957, 'noise_gpi_sigma': 105.54297959628919, 'g_stn_gpe_mult': 2.23709158003956, 'g_gpe_stn_mult': 0.21363788125521327, 'g_stn_gpi_mult': 3.251935649980193, 'g_gpe_gpi_mult': 0.6447538349255892}. Best is trial 485 with value: 0.18740165941179154.
[I 2026-05-28 01:47:45,656] Trial 510 finished with value: 0.2403560894567017 and parameters: {'ISTN': 65.08837054098805, 'I_gpe': 1.3616047851113267, 'I_gpi': 1.4869540936930514, 'noise_stn_sigma': 3.4588829015172147, 'noise_gpe_sigma': 82.81345408852428, 'noise_gpi_sigma': 101.45882222236426, 'g_stn_gpe_mult': 3.1018054227377827, 'g_gpe_stn_mult': 0.14282116991379945, 'g_stn_gpi_mult': 3.857214699891192, 'g_gpe_gpi_mult': 0.9028345329242642}. Best is trial 485 with value: 0.18740165941179154.
[I 2026-05-28 01:47:46,666] Trial 511 finished with value: 3.18569074071274 and parameters: {'ISTN': 72.25207205736011, 'I_gpe': 1.408137586162301, 'I_gpi': 1.8166929602281057, 'noise_stn_sigma': 2.975228227201154, 'noise_gpe_sigma': 93.57912003702418, 'noise_gpi_sigma': 105.45949454240065, 'g_stn_gpe_mult': 3.2285955672400295, 'g_gpe_stn_mult': 0.14674964610866242, 'g_stn_gpi_mult': 3.5225172416784942, 'g_gpe_gpi_mult': 0.7609266324652977}. Best is trial 485 with value: 0.18740165941179154.
[I 2026-05-28 01:47:47,675] Trial 512 finished with value: 0.6155196031944197 and parameters: {'ISTN': 64.90783828328043, 'I_gpe': 1.030630485255225, 'I_gpi': 1.46771795923047, 'noise_stn_sigma': 3.641917030085592, 'noise_gpe_sigma': 94.6487044345956, 'noise_gpi_sigma': 115.67340363465112, 'g_stn_gpe_mult': 2.544397168208288, 'g_gpe_stn_mult': 0.12233029808301389, 'g_stn_gpi_mult': 3.7153472866456534, 'g_gpe_gpi_mult': 0.8106245243237316}. Best is trial 485 with value: 0.18740165941179154.
[I 2026-05-28 01:47:48,685] Trial 513 finished with value: 0.30411526774618625 and parameters: {'ISTN': 63.74714362124321, 'I_gpe': 0.8446368147574188, 'I_gpi': 1.3895565877985718, 'noise_stn_sigma': 3.448350903541449, 'noise_gpe_sigma': 88.61962824364328, 'noise_gpi_sigma': 109.38969099895553, 'g_stn_gpe_mult': 2.7601005002561907, 'g_gpe_stn_mult': 0.17780572479236834, 'g_stn_gpi_mult': 3.858935160114731, 'g_gpe_gpi_mult': 0.9056645281828726}. Best is trial 485 with value: 0.18740165941179154.
[I 2026-05-28 01:47:49,633] Trial 514 finished with value: 1000000.0 and parameters: {'ISTN': 68.39387280021836, 'I_gpe': 1.369628830951138, 'I_gpi': 1.7164308690605903, 'noise_stn_sigma': 3.1292830259204436, 'noise_gpe_sigma': 83.01453739326575, 'noise_gpi_sigma': 124.01823289102862, 'g_stn_gpe_mult': 3.3573697985796196, 'g_gpe_stn_mult': 0.1767714335647712, 'g_stn_gpi_mult': 3.950758351856363, 'g_gpe_gpi_mult': 0.8528451707156117}. Best is trial 485 with value: 0.18740165941179154.
[I 2026-05-28 01:47:50,639] Trial 515 finished with value: 0.3413643006611668 and parameters: {'ISTN': 63.39165738702071, 'I_gpe': 1.2151885621671732, 'I_gpi': 1.2649755662365711, 'noise_stn_sigma': 2.6793021732271156, 'noise_gpe_sigma': 100.244247122238, 'noise_gpi_sigma': 109.94546151926545, 'g_stn_gpe_mult': 3.390611384328004, 'g_gpe_stn_mult': 0.15377596265785906, 'g_stn_gpi_mult': 3.388632049040716, 'g_gpe_gpi_mult': 0.7736077479966428}. Best is trial 485 with value: 0.18740165941179154.
[I 2026-05-28 01:47:51,649] Trial 516 finished with value: 0.21582728797024683 and parameters: {'ISTN': 60.70294348250542, 'I_gpe': 1.1363276097810386, 'I_gpi': 1.689198020937397, 'noise_stn_sigma': 3.9452506032982195, 'noise_gpe_sigma': 90.74401914086243, 'noise_gpi_sigma': 125.50287566211213, 'g_stn_gpe_mult': 2.9720003904019885, 'g_gpe_stn_mult': 0.14020916186718468, 'g_stn_gpi_mult': 3.155076521187768, 'g_gpe_gpi_mult': 0.8723946185064377}. Best is trial 485 with value: 0.18740165941179154.
[I 2026-05-28 01:47:52,657] Trial 517 finished with value: 0.1933747223360193 and parameters: {'ISTN': 64.45532395415874, 'I_gpe': 1.3737623364669378, 'I_gpi': 1.853940439146769, 'noise_stn_sigma': 3.3881394054407474, 'noise_gpe_sigma': 87.31559804682693, 'noise_gpi_sigma': 92.0011053926721, 'g_stn_gpe_mult': 2.6011191433860805, 'g_gpe_stn_mult': 0.1284680625249483, 'g_stn_gpi_mult': 3.3753827806451513, 'g_gpe_gpi_mult': 0.7472111102674948}. Best is trial 485 with value: 0.18740165941179154.
[I 2026-05-28 01:47:53,666] Trial 518 finished with value: 0.18472296676872965 and parameters: {'ISTN': 60.27808994154084, 'I_gpe': 1.323625455788124, 'I_gpi': 1.7986993380238723, 'noise_stn_sigma': 3.1438088806306226, 'noise_gpe_sigma': 93.97391086197835, 'noise_gpi_sigma': 105.64320819518832, 'g_stn_gpe_mult': 3.0865154787012132, 'g_gpe_stn_mult': 0.19405269239361683, 'g_stn_gpi_mult': 3.3518897007222663, 'g_gpe_gpi_mult': 0.8634623814861708}. Best is trial 518 with value: 0.18472296676872965.
[I 2026-05-28 01:47:54,672] Trial 519 finished with value: 0.25121801478803546 and parameters: {'ISTN': 65.28884807539838, 'I_gpe': 1.0501072790558887, 'I_gpi': 1.9007763267139168, 'noise_stn_sigma': 3.3073768107929813, 'noise_gpe_sigma': 80.22510022508766, 'noise_gpi_sigma': 111.93316481804369, 'g_stn_gpe_mult': 3.1080972531607642, 'g_gpe_stn_mult': 0.16923662288941363, 'g_stn_gpi_mult': 3.955787731927872, 'g_gpe_gpi_mult': 0.7948665338592948}. Best is trial 518 with value: 0.18472296676872965.
[I 2026-05-28 01:47:55,681] Trial 520 finished with value: 1.5411478004653314 and parameters: {'ISTN': 72.00134238495833, 'I_gpe': 1.5844696908025588, 'I_gpi': 2.0496130452549197, 'noise_stn_sigma': 2.3934759628944793, 'noise_gpe_sigma': 102.43163391607354, 'noise_gpi_sigma': 115.03131614654394, 'g_stn_gpe_mult': 3.0327014276503412, 'g_gpe_stn_mult': 0.16544978988507608, 'g_stn_gpi_mult': 3.8307836680017235, 'g_gpe_gpi_mult': 0.834246742880596}. Best is trial 518 with value: 0.18472296676872965.
[I 2026-05-28 01:47:56,690] Trial 521 finished with value: 0.19581110665149332 and parameters: {'ISTN': 62.7598756473219, 'I_gpe': 1.132931693433831, 'I_gpi': 1.7810769091604755, 'noise_stn_sigma': 3.4014019323588913, 'noise_gpe_sigma': 92.84211527314328, 'noise_gpi_sigma': 98.49597976965734, 'g_stn_gpe_mult': 2.893774576247158, 'g_gpe_stn_mult': 0.19578110289009848, 'g_stn_gpi_mult': 3.406593197824258, 'g_gpe_gpi_mult': 0.7875420044579826}. Best is trial 518 with value: 0.18472296676872965.
[I 2026-05-28 01:47:57,697] Trial 522 finished with value: 0.22870817220674655 and parameters: {'ISTN': 65.49492671305691, 'I_gpe': 1.3994113573982938, 'I_gpi': 1.8131523911387655, 'noise_stn_sigma': 2.9446328847273557, 'noise_gpe_sigma': 79.15376959821012, 'noise_gpi_sigma': 111.08325958752773, 'g_stn_gpe_mult': 2.8508307939161233, 'g_gpe_stn_mult': 0.1042254018799919, 'g_stn_gpi_mult': 3.7770698791906585, 'g_gpe_gpi_mult': 0.866616594451372}. Best is trial 518 with value: 0.18472296676872965.
[I 2026-05-28 01:47:58,706] Trial 523 finished with value: 0.410007933231366 and parameters: {'ISTN': 68.1365755852572, 'I_gpe': 1.4496449370960836, 'I_gpi': 1.6898189890063475, 'noise_stn_sigma': 3.0877519909671274, 'noise_gpe_sigma': 87.52686655946299, 'noise_gpi_sigma': 114.61603138480399, 'g_stn_gpe_mult': 2.912051601813888, 'g_gpe_stn_mult': 0.13338118824853476, 'g_stn_gpi_mult': 3.5907391331413527, 'g_gpe_gpi_mult': 0.7398941665656515}. Best is trial 518 with value: 0.18472296676872965.
[I 2026-05-28 01:47:59,715] Trial 524 finished with value: 0.20267998768611578 and parameters: {'ISTN': 61.77950177613346, 'I_gpe': 1.15206193571835, 'I_gpi': 1.6233928586224216, 'noise_stn_sigma': 2.3718887330491945, 'noise_gpe_sigma': 97.70396190063138, 'noise_gpi_sigma': 108.44447376345431, 'g_stn_gpe_mult': 3.1953194770200692, 'g_gpe_stn_mult': 0.1738724861268423, 'g_stn_gpi_mult': 3.485398840455236, 'g_gpe_gpi_mult': 0.9019940064509637}. Best is trial 518 with value: 0.18472296676872965.
[I 2026-05-28 01:48:00,723] Trial 525 finished with value: 2.1060795555006995 and parameters: {'ISTN': 68.5410438735484, 'I_gpe': 1.5875344518752599, 'I_gpi': 2.035906143249915, 'noise_stn_sigma': 2.800248578901342, 'noise_gpe_sigma': 95.88161276151017, 'noise_gpi_sigma': 107.78894789593568, 'g_stn_gpe_mult': 2.952598646222943, 'g_gpe_stn_mult': 0.19859611463137886, 'g_stn_gpi_mult': 3.595380233129693, 'g_gpe_gpi_mult': 0.8938176665815798}. Best is trial 518 with value: 0.18472296676872965.
[I 2026-05-28 01:48:01,733] Trial 526 finished with value: 0.22960749307015882 and parameters: {'ISTN': 65.05608531341386, 'I_gpe': 1.0141906203660833, 'I_gpi': 1.8209716890316292, 'noise_stn_sigma': 3.8535797011856436, 'noise_gpe_sigma': 89.19737498041823, 'noise_gpi_sigma': 113.18449512160007, 'g_stn_gpe_mult': 3.298431000832934, 'g_gpe_stn_mult': 0.12187007529371684, 'g_stn_gpi_mult': 3.431492601729196, 'g_gpe_gpi_mult': 0.9026524850238342}. Best is trial 518 with value: 0.18472296676872965.
[I 2026-05-28 01:48:02,743] Trial 527 finished with value: 0.2112040182897842 and parameters: {'ISTN': 63.70244919220661, 'I_gpe': 1.5017933147254596, 'I_gpi': 1.8300841476406613, 'noise_stn_sigma': 2.8274539980892914, 'noise_gpe_sigma': 92.23359108995542, 'noise_gpi_sigma': 108.30229341581692, 'g_stn_gpe_mult': 2.7486549522752615, 'g_gpe_stn_mult': 0.17471880589677496, 'g_stn_gpi_mult': 3.6320269429008296, 'g_gpe_gpi_mult': 0.7562374702886825}. Best is trial 518 with value: 0.18472296676872965.
