[I 2026-05-28 02:10:12,415] Trial 836 finished with value: 1.1300402176109847 and parameters: {'ISTN': 64.64091659495139, 'I_gpe': 0.8173512746609168, 'I_gpi': 3.252711822290757, 'noise_stn_sigma': 5.322350373857904, 'noise_gpe_sigma': 97.89650432420366, 'noise_gpi_sigma': 93.40110044787191, 'g_stn_gpe_mult': 2.0355782353420313, 'g_gpe_stn_mult': 0.26396450794364257, 'g_stn_gpi_mult': 3.0348481375818475, 'g_gpe_gpi_mult': 0.8806822307237594}. Best is trial 98 with value: 0.5979484317983877.
[I 2026-05-28 02:10:13,421] Trial 837 finished with value: 1.0109464137244222 and parameters: {'ISTN': 64.90029468549403, 'I_gpe': 0.8296125948581415, 'I_gpi': 3.126531626360314, 'noise_stn_sigma': 5.261780630878868, 'noise_gpe_sigma': 99.87443884258296, 'noise_gpi_sigma': 97.07572686204585, 'g_stn_gpe_mult': 2.047940618599652, 'g_gpe_stn_mult': 0.25965011782506264, 'g_stn_gpi_mult': 2.9382908280449263, 'g_gpe_gpi_mult': 0.8638272213467337}. Best is trial 98 with value: 0.5979484317983877.
[I 2026-05-28 02:10:14,428] Trial 838 finished with value: 0.9830609728124429 and parameters: {'ISTN': 64.81198900980291, 'I_gpe': 0.8248561209374738, 'I_gpi': 3.114818741237077, 'noise_stn_sigma': 5.301971967126507, 'noise_gpe_sigma': 100.72658480889972, 'noise_gpi_sigma': 95.61862837062608, 'g_stn_gpe_mult': 2.025058720323436, 'g_gpe_stn_mult': 0.2631762830514491, 'g_stn_gpi_mult': 3.000288882770133, 'g_gpe_gpi_mult': 0.8665298176120397}. Best is trial 98 with value: 0.5979484317983877.
[I 2026-05-28 02:10:15,434] Trial 839 finished with value: 1.081426789129039 and parameters: {'ISTN': 64.8882118120982, 'I_gpe': 0.8252526696209106, 'I_gpi': 3.221473372313046, 'noise_stn_sigma': 5.242942614418724, 'noise_gpe_sigma': 98.85664310199746, 'noise_gpi_sigma': 95.22978980294744, 'g_stn_gpe_mult': 1.9863234973582138, 'g_gpe_stn_mult': 0.24941255206585572, 'g_stn_gpi_mult': 3.0108538231244033, 'g_gpe_gpi_mult': 0.8790443657014504}. Best is trial 98 with value: 0.5979484317983877.
[I 2026-05-28 02:10:16,443] Trial 840 finished with value: 1.115124815348489 and parameters: {'ISTN': 65.04790969599958, 'I_gpe': 0.8062552784039688, 'I_gpi': 3.212603321488264, 'noise_stn_sigma': 5.320652793706053, 'noise_gpe_sigma': 99.7392828072585, 'noise_gpi_sigma': 95.27429446987192, 'g_stn_gpe_mult': 2.0134707506216047, 'g_gpe_stn_mult': 0.26836484795898236, 'g_stn_gpi_mult': 2.9520426185063426, 'g_gpe_gpi_mult': 0.8776995661212308}. Best is trial 98 with value: 0.5979484317983877.
[I 2026-05-28 02:10:17,452] Trial 841 finished with value: 1.0215398259135733 and parameters: {'ISTN': 64.9098243180607, 'I_gpe': 0.8199449086687307, 'I_gpi': 3.1353310689690117, 'noise_stn_sigma': 5.39829995450376, 'noise_gpe_sigma': 97.91655452153262, 'noise_gpi_sigma': 94.35130548334833, 'g_stn_gpe_mult': 2.004015509909302, 'g_gpe_stn_mult': 0.2603330420672685, 'g_stn_gpi_mult': 2.9974593900659317, 'g_gpe_gpi_mult': 0.8770993471569148}. Best is trial 98 with value: 0.5979484317983877.
[I 2026-05-28 02:10:18,400] Trial 842 finished with value: 1000000.0 and parameters: {'ISTN': 64.39578128158527, 'I_gpe': 0.8404756991503386, 'I_gpi': 3.11272481639467, 'noise_stn_sigma': 5.288378073453699, 'noise_gpe_sigma': 100.10741167476719, 'noise_gpi_sigma': 96.05026067058772, 'g_stn_gpe_mult': 2.07745629171715, 'g_gpe_stn_mult': 0.26087173846433853, 'g_stn_gpi_mult': 2.9927308411888394, 'g_gpe_gpi_mult': 0.8674396646410771}. Best is trial 98 with value: 0.5979484317983877.
[I 2026-05-28 02:10:19,408] Trial 843 finished with value: 1.027755542461702 and parameters: {'ISTN': 65.2344125160517, 'I_gpe': 0.8361673200221493, 'I_gpi': 3.150014245723842, 'noise_stn_sigma': 5.350748716806016, 'noise_gpe_sigma': 99.28010355650042, 'noise_gpi_sigma': 94.53764445791364, 'g_stn_gpe_mult': 1.9806524412862871, 'g_gpe_stn_mult': 0.24875908731182678, 'g_stn_gpi_mult': 3.0006665290694494, 'g_gpe_gpi_mult': 0.8673015212815964}. Best is trial 98 with value: 0.5979484317983877.
[I 2026-05-28 02:10:20,416] Trial 844 finished with value: 1.1149862874365601 and parameters: {'ISTN': 63.903269457984315, 'I_gpe': 0.8422990423558427, 'I_gpi': 3.1020327747345675, 'noise_stn_sigma': 5.155291045162423, 'noise_gpe_sigma': 99.89614747298788, 'noise_gpi_sigma': 94.24788588999179, 'g_stn_gpe_mult': 1.9733460628034423, 'g_gpe_stn_mult': 0.27507799552055545, 'g_stn_gpi_mult': 3.047073267786589, 'g_gpe_gpi_mult': 0.8723298187704744}. Best is trial 98 with value: 0.5979484317983877.
[I 2026-05-28 02:10:21,422] Trial 845 finished with value: 11.506478173280417 and parameters: {'ISTN': 63.92773682572587, 'I_gpe': 0.836332160870036, 'I_gpi': 3.150111524980689, 'noise_stn_sigma': 5.284049407416709, 'noise_gpe_sigma': 98.69157163551021, 'noise_gpi_sigma': 97.48073873264116, 'g_stn_gpe_mult': 2.07769350225011, 'g_gpe_stn_mult': 0.2501102553125021, 'g_stn_gpi_mult': 3.0075252296594615, 'g_gpe_gpi_mult': 0.8669983797870906}. Best is trial 98 with value: 0.5979484317983877.
[I 2026-05-28 02:10:22,429] Trial 846 finished with value: 1.1339566452953496 and parameters: {'ISTN': 65.42205210444216, 'I_gpe': 0.8295735556503117, 'I_gpi': 3.1371862310339487, 'noise_stn_sigma': 5.275945641758645, 'noise_gpe_sigma': 99.92725464615958, 'noise_gpi_sigma': 95.69074119634276, 'g_stn_gpe_mult': 2.072556655323937, 'g_gpe_stn_mult': 0.26224821790384045, 'g_stn_gpi_mult': 2.947420926354129, 'g_gpe_gpi_mult': 0.8747867199462693}. Best is trial 98 with value: 0.5979484317983877.
[I 2026-05-28 02:10:23,437] Trial 847 finished with value: 1.0412065378583106 and parameters: {'ISTN': 65.6154097250229, 'I_gpe': 0.8641706058444235, 'I_gpi': 3.1378749849093373, 'noise_stn_sigma': 5.227482213482165, 'noise_gpe_sigma': 102.20029202863114, 'noise_gpi_sigma': 95.40188955304805, 'g_stn_gpe_mult': 1.9730208013512793, 'g_gpe_stn_mult': 0.24964715817807379, 'g_stn_gpi_mult': 2.98001293828888, 'g_gpe_gpi_mult': 0.8667650570938534}. Best is trial 98 with value: 0.5979484317983877.
[I 2026-05-28 02:10:24,443] Trial 848 finished with value: 1.6359123607926227 and parameters: {'ISTN': 64.73643474713367, 'I_gpe': 0.8210438379358492, 'I_gpi': 3.1529628989303817, 'noise_stn_sigma': 5.401119782244978, 'noise_gpe_sigma': 102.14629801980284, 'noise_gpi_sigma': 95.61720511854465, 'g_stn_gpe_mult': 2.038644065643196, 'g_gpe_stn_mult': 0.2705152298364349, 'g_stn_gpi_mult': 2.960312278158355, 'g_gpe_gpi_mult': 0.864912289417564}. Best is trial 98 with value: 0.5979484317983877.
[I 2026-05-28 02:10:25,448] Trial 849 finished with value: 1.0065935140887694 and parameters: {'ISTN': 65.12451860277382, 'I_gpe': 0.7824691243542305, 'I_gpi': 3.1186340270462085, 'noise_stn_sigma': 5.215668055495908, 'noise_gpe_sigma': 101.08408108523123, 'noise_gpi_sigma': 94.41087073187829, 'g_stn_gpe_mult': 2.1124552375262646, 'g_gpe_stn_mult': 0.2549735100290846, 'g_stn_gpi_mult': 2.9344735060261007, 'g_gpe_gpi_mult': 0.8796546068489928}. Best is trial 98 with value: 0.5979484317983877.
[I 2026-05-28 02:10:26,455] Trial 850 finished with value: 1.0500704773649487 and parameters: {'ISTN': 64.3275508162619, 'I_gpe': 0.8227455083086035, 'I_gpi': 3.1633513502384227, 'noise_stn_sigma': 5.289217767842447, 'noise_gpe_sigma': 96.19072491062677, 'noise_gpi_sigma': 93.91559462819168, 'g_stn_gpe_mult': 1.9637108518576092, 'g_gpe_stn_mult': 0.27277081875031095, 'g_stn_gpi_mult': 3.0246549084134386, 'g_gpe_gpi_mult': 0.8761663306663219}. Best is trial 98 with value: 0.5979484317983877.
[I 2026-05-28 02:10:27,463] Trial 851 finished with value: 1.4910739069322463 and parameters: {'ISTN': 65.17391489061859, 'I_gpe': 0.7588335013925802, 'I_gpi': 3.009292268791553, 'noise_stn_sigma': 5.2703443724492995, 'noise_gpe_sigma': 103.22052910956877, 'noise_gpi_sigma': 95.88410970801144, 'g_stn_gpe_mult': 2.2347696076902044, 'g_gpe_stn_mult': 0.259458037378433, 'g_stn_gpi_mult': 2.869535844217122, 'g_gpe_gpi_mult': 0.8708817321112603}. Best is trial 98 with value: 0.5979484317983877.
[I 2026-05-28 02:10:28,471] Trial 852 finished with value: 1.9261857182644124 and parameters: {'ISTN': 64.09213442209031, 'I_gpe': 0.8445506747961944, 'I_gpi': 3.193858392983516, 'noise_stn_sigma': 5.2992010586960205, 'noise_gpe_sigma': 96.94815497409516, 'noise_gpi_sigma': 92.38767949709032, 'g_stn_gpe_mult': 1.9882334982364773, 'g_gpe_stn_mult': 0.2699794019371539, 'g_stn_gpi_mult': 2.9990823623468206, 'g_gpe_gpi_mult': 0.8699914549563676}. Best is trial 98 with value: 0.5979484317983877.
[I 2026-05-28 02:10:29,478] Trial 853 finished with value: 6.150483758603864 and parameters: {'ISTN': 64.75717474441544, 'I_gpe': 0.7637957916588016, 'I_gpi': 3.112004254927398, 'noise_stn_sigma': 5.279919605961341, 'noise_gpe_sigma': 101.9471143586335, 'noise_gpi_sigma': 94.45867398112588, 'g_stn_gpe_mult': 2.170742583405752, 'g_gpe_stn_mult': 0.2540853030317921, 'g_stn_gpi_mult': 2.8607434859868257, 'g_gpe_gpi_mult': 0.8760318411144152}. Best is trial 98 with value: 0.5979484317983877.
[I 2026-05-28 02:10:30,485] Trial 854 finished with value: 1.0225152865852871 and parameters: {'ISTN': 65.7524382838717, 'I_gpe': 0.8164201060516059, 'I_gpi': 3.113675339372548, 'noise_stn_sigma': 5.24161445654655, 'noise_gpe_sigma': 101.78721576220792, 'noise_gpi_sigma': 94.13268752281296, 'g_stn_gpe_mult': 2.0726888902946974, 'g_gpe_stn_mult': 0.2482214895856551, 'g_stn_gpi_mult': 2.911194126302456, 'g_gpe_gpi_mult': 0.8737513114990376}. Best is trial 98 with value: 0.5979484317983877.
[I 2026-05-28 02:10:31,493] Trial 855 finished with value: 1.0263427809314842 and parameters: {'ISTN': 65.35000708705029, 'I_gpe': 0.830909014852664, 'I_gpi': 3.128257367962743, 'noise_stn_sigma': 5.2820392419835756, 'noise_gpe_sigma': 100.10442573446528, 'noise_gpi_sigma': 93.10810376337255, 'g_stn_gpe_mult': 1.997952639805931, 'g_gpe_stn_mult': 0.24879231747191993, 'g_stn_gpi_mult': 2.9864226059026353, 'g_gpe_gpi_mult': 0.8833773867471948}. Best is trial 98 with value: 0.5979484317983877.
[I 2026-05-28 02:10:32,501] Trial 856 finished with value: 6.9007594433530794 and parameters: {'ISTN': 64.43650674031826, 'I_gpe': 0.7704640356393394, 'I_gpi': 3.156562830651418, 'noise_stn_sigma': 5.3740822264065224, 'noise_gpe_sigma': 100.49582175827084, 'noise_gpi_sigma': 95.89532852728142, 'g_stn_gpe_mult': 2.0223476880178772, 'g_gpe_stn_mult': 0.26876965836596745, 'g_stn_gpi_mult': 3.0016936552283875, 'g_gpe_gpi_mult': 0.8592469388091459}. Best is trial 98 with value: 0.5979484317983877.
[I 2026-05-28 02:10:33,508] Trial 857 finished with value: 1.0446859010437315 and parameters: {'ISTN': 65.79763163299629, 'I_gpe': 0.8093359766786155, 'I_gpi': 3.1362403950379374, 'noise_stn_sigma': 5.324246686669562, 'noise_gpe_sigma': 102.02019267611266, 'noise_gpi_sigma': 95.09229199959519, 'g_stn_gpe_mult': 2.1145431956880127, 'g_gpe_stn_mult': 0.24770461086535187, 'g_stn_gpi_mult': 2.968626643012589, 'g_gpe_gpi_mult': 0.8794015835580298}. Best is trial 98 with value: 0.5979484317983877.
[I 2026-05-28 02:10:34,514] Trial 858 finished with value: 0.9858999516443598 and parameters: {'ISTN': 65.17040108325004, 'I_gpe': 0.7877281515962095, 'I_gpi': 3.107132660711297, 'noise_stn_sigma': 5.322479566805814, 'noise_gpe_sigma': 102.30539848203813, 'noise_gpi_sigma': 95.46549331659581, 'g_stn_gpe_mult': 2.131990722284916, 'g_gpe_stn_mult': 0.2517252879620808, 'g_stn_gpi_mult': 2.896354271481708, 'g_gpe_gpi_mult': 0.8673919469979672}. Best is trial 98 with value: 0.5979484317983877.
[I 2026-05-28 02:10:35,523] Trial 859 finished with value: 3.359809124901256 and parameters: {'ISTN': 64.76286002554583, 'I_gpe': 0.7929416392287946, 'I_gpi': 3.0956757454765453, 'noise_stn_sigma': 5.282269840018104, 'noise_gpe_sigma': 102.56208243767023, 'noise_gpi_sigma': 94.14675654910131, 'g_stn_gpe_mult': 2.0928852569187772, 'g_gpe_stn_mult': 0.2533783141971966, 'g_stn_gpi_mult': 2.925331049906297, 'g_gpe_gpi_mult': 0.8804754969087016}. Best is trial 98 with value: 0.5979484317983877.
[I 2026-05-28 02:10:36,530] Trial 860 finished with value: 0.9729373194274903 and parameters: {'ISTN': 65.19076856436, 'I_gpe': 0.8131562198927057, 'I_gpi': 3.0821378063150013, 'noise_stn_sigma': 5.217752725434766, 'noise_gpe_sigma': 99.54242933439134, 'noise_gpi_sigma': 95.84135139114653, 'g_stn_gpe_mult': 2.1073482492448203, 'g_gpe_stn_mult': 0.2548930057863948, 'g_stn_gpi_mult': 2.9422816551348165, 'g_gpe_gpi_mult': 0.8772126055889649}. Best is trial 98 with value: 0.5979484317983877.
[I 2026-05-28 02:10:37,536] Trial 861 finished with value: 0.9810626821038692 and parameters: {'ISTN': 65.65113518472123, 'I_gpe': 0.8156419005172533, 'I_gpi': 3.099521672470451, 'noise_stn_sigma': 5.229885128117147, 'noise_gpe_sigma': 100.80566694835602, 'noise_gpi_sigma': 95.22106299336286, 'g_stn_gpe_mult': 2.122839621837602, 'g_gpe_stn_mult': 0.24394590205898994, 'g_stn_gpi_mult': 2.9227750832588675, 'g_gpe_gpi_mult': 0.8701565047865067}. Best is trial 98 with value: 0.5979484317983877.
[I 2026-05-28 02:10:38,541] Trial 862 finished with value: 1.008086186851987 and parameters: {'ISTN': 65.66692656193624, 'I_gpe': 0.7995001806631545, 'I_gpi': 3.07558010508719, 'noise_stn_sigma': 5.214339952855743, 'noise_gpe_sigma': 100.98474928629557, 'noise_gpi_sigma': 96.98952496485471, 'g_stn_gpe_mult': 2.0632413641534764, 'g_gpe_stn_mult': 0.25188576459367396, 'g_stn_gpi_mult': 3.037685016388126, 'g_gpe_gpi_mult': 0.8749166282924192}. Best is trial 98 with value: 0.5979484317983877.
[I 2026-05-28 02:10:39,547] Trial 863 finished with value: 6.048525565461057 and parameters: {'ISTN': 64.7797606962228, 'I_gpe': 0.8500558470902189, 'I_gpi': 3.0456265858257674, 'noise_stn_sigma': 5.25243351763961, 'noise_gpe_sigma': 99.1649207047506, 'noise_gpi_sigma': 94.13069873976065, 'g_stn_gpe_mult': 2.1128854760854434, 'g_gpe_stn_mult': 0.24866779666612113, 'g_stn_gpi_mult': 2.8906894665160907, 'g_gpe_gpi_mult': 0.8693651637391597}. Best is trial 98 with value: 0.5979484317983877.
[I 2026-05-28 02:10:40,552] Trial 864 finished with value: 0.9181212018512876 and parameters: {'ISTN': 64.99011276458806, 'I_gpe': 0.8049024704176594, 'I_gpi': 3.071559504058305, 'noise_stn_sigma': 5.165267904408896, 'noise_gpe_sigma': 104.94317513973061, 'noise_gpi_sigma': 96.63515964783805, 'g_stn_gpe_mult': 2.1324449222393573, 'g_gpe_stn_mult': 0.25484908725086425, 'g_stn_gpi_mult': 2.8882743519911176, 'g_gpe_gpi_mult': 0.8644677042165576}. Best is trial 98 with value: 0.5979484317983877.
[I 2026-05-28 02:10:41,558] Trial 865 finished with value: 0.9801650513423673 and parameters: {'ISTN': 64.57509661967194, 'I_gpe': 0.7841061476830298, 'I_gpi': 3.1030686836148673, 'noise_stn_sigma': 5.153119717119681, 'noise_gpe_sigma': 102.30968289876678, 'noise_gpi_sigma': 96.06633803505967, 'g_stn_gpe_mult': 2.111139669201952, 'g_gpe_stn_mult': 0.268253973900675, 'g_stn_gpi_mult': 2.9193063394658845, 'g_gpe_gpi_mult': 0.8770022197101444}. Best is trial 98 with value: 0.5979484317983877.
[I 2026-05-28 02:10:42,567] Trial 866 finished with value: 1.050839002880683 and parameters: {'ISTN': 65.83819205014095, 'I_gpe': 0.8242114460875152, 'I_gpi': 3.135118720987299, 'noise_stn_sigma': 5.249968205573817, 'noise_gpe_sigma': 100.61770792288007, 'noise_gpi_sigma': 95.67919438125901, 'g_stn_gpe_mult': 2.0798735345403516, 'g_gpe_stn_mult': 0.2516908054053453, 'g_stn_gpi_mult': 2.9565050184824075, 'g_gpe_gpi_mult': 0.8780115530462544}. Best is trial 98 with value: 0.5979484317983877.
[I 2026-05-28 02:10:43,573] Trial 867 finished with value: 0.9304342460315754 and parameters: {'ISTN': 64.80677120450882, 'I_gpe': 0.799222015667975, 'I_gpi': 3.0594731423439487, 'noise_stn_sigma': 5.21565107184539, 'noise_gpe_sigma': 101.96902352497425, 'noise_gpi_sigma': 94.22914690702562, 'g_stn_gpe_mult': 2.188787919460783, 'g_gpe_stn_mult': 0.2561293396203144, 'g_stn_gpi_mult': 2.9023108929773627, 'g_gpe_gpi_mult': 0.8649140498596355}. Best is trial 98 with value: 0.5979484317983877.
[I 2026-05-28 02:10:44,579] Trial 868 finished with value: 0.941956565764146 and parameters: {'ISTN': 65.19225473503727, 'I_gpe': 0.8119707126459703, 'I_gpi': 3.086350708470851, 'noise_stn_sigma': 5.263071715356411, 'noise_gpe_sigma': 105.23431376653308, 'noise_gpi_sigma': 96.48786609015413, 'g_stn_gpe_mult': 2.134787415912049, 'g_gpe_stn_mult': 0.2524011117272643, 'g_stn_gpi_mult': 2.901860926076736, 'g_gpe_gpi_mult': 0.8858621769884354}. Best is trial 98 with value: 0.5979484317983877.
[I 2026-05-28 02:10:45,585] Trial 869 finished with value: 1.0282716114896007 and parameters: {'ISTN': 65.86825754777064, 'I_gpe': 0.8362761030962182, 'I_gpi': 3.1193059752731243, 'noise_stn_sigma': 5.2204074059906125, 'noise_gpe_sigma': 100.1903814458833, 'noise_gpi_sigma': 94.56589711367899, 'g_stn_gpe_mult': 1.9872906794535405, 'g_gpe_stn_mult': 0.24256981649387416, 'g_stn_gpi_mult': 2.9719255230508477, 'g_gpe_gpi_mult': 0.8697426187381396}. Best is trial 98 with value: 0.5979484317983877.
[I 2026-05-28 02:10:46,592] Trial 870 finished with value: 0.9021586476117672 and parameters: {'ISTN': 65.38602617210452, 'I_gpe': 0.8116354362629723, 'I_gpi': 3.018158204755953, 'noise_stn_sigma': 5.154128549654189, 'noise_gpe_sigma': 101.26704970199239, 'noise_gpi_sigma': 95.13010428127, 'g_stn_gpe_mult': 2.1203231603602974, 'g_gpe_stn_mult': 0.24553027832169816, 'g_stn_gpi_mult': 2.9241973610597887, 'g_gpe_gpi_mult': 0.88503134356151}. Best is trial 98 with value: 0.5979484317983877.
[I 2026-05-28 02:10:47,603] Trial 871 finished with value: 1.026514287041417 and parameters: {'ISTN': 65.01340167209968, 'I_gpe': 0.8185199526111103, 'I_gpi': 3.12651187325306, 'noise_stn_sigma': 5.113342253383109, 'noise_gpe_sigma': 101.54940418995238, 'noise_gpi_sigma': 94.32650135229895, 'g_stn_gpe_mult': 2.1427035698289174, 'g_gpe_stn_mult': 0.2535799965752288, 'g_stn_gpi_mult': 2.9527830413509646, 'g_gpe_gpi_mult': 0.887056582341339}. Best is trial 98 with value: 0.5979484317983877.
[I 2026-05-28 02:10:48,613] Trial 872 finished with value: 1.0593275611661586 and parameters: {'ISTN': 65.47383173344356, 'I_gpe': 0.8125528181216094, 'I_gpi': 3.036438432986671, 'noise_stn_sigma': 5.102084261045566, 'noise_gpe_sigma': 103.47245369441723, 'noise_gpi_sigma': 95.05985368851324, 'g_stn_gpe_mult': 2.171409707606097, 'g_gpe_stn_mult': 0.24124211062788603, 'g_stn_gpi_mult': 2.868871228447752, 'g_gpe_gpi_mult': 0.8798343097788555}. Best is trial 98 with value: 0.5979484317983877.
[I 2026-05-28 02:10:49,620] Trial 873 finished with value: 3.85692587616124 and parameters: {'ISTN': 65.57129477103116, 'I_gpe': 0.8290321110489072, 'I_gpi': 3.045725973664381, 'noise_stn_sigma': 5.363889307386657, 'noise_gpe_sigma': 102.98119610055191, 'noise_gpi_sigma': 98.16425527764167, 'g_stn_gpe_mult': 2.1136669592335244, 'g_gpe_stn_mult': 0.2519433851605528, 'g_stn_gpi_mult': 2.8588294720989915, 'g_gpe_gpi_mult': 0.8684763475085557}. Best is trial 98 with value: 0.5979484317983877.
[I 2026-05-28 02:10:50,626] Trial 874 finished with value: 15.09279647737792 and parameters: {'ISTN': 64.64827535362679, 'I_gpe': 0.7479023366229796, 'I_gpi': 3.082581065793589, 'noise_stn_sigma': 5.225372003613386, 'noise_gpe_sigma': 102.25310103785415, 'noise_gpi_sigma': 94.29115168466562, 'g_stn_gpe_mult': 2.1025845608657603, 'g_gpe_stn_mult': 0.2541201416586412, 'g_stn_gpi_mult': 2.9263551281290834, 'g_gpe_gpi_mult': 0.8937197136698467}. Best is trial 98 with value: 0.5979484317983877.
[I 2026-05-28 02:10:51,633] Trial 875 finished with value: 0.9933127635696534 and parameters: {'ISTN': 65.56778796924623, 'I_gpe': 0.811921479421356, 'I_gpi': 3.0719347392775616, 'noise_stn_sigma': 5.152927995080403, 'noise_gpe_sigma': 100.76386322593423, 'noise_gpi_sigma': 97.2880994901094, 'g_stn_gpe_mult': 2.07204873828619, 'g_gpe_stn_mult': 0.2572999678103002, 'g_stn_gpi_mult': 2.974970475869598, 'g_gpe_gpi_mult': 0.8667505308735333}. Best is trial 98 with value: 0.5979484317983877.
[I 2026-05-28 02:10:52,639] Trial 876 finished with value: 3.7776659706678757 and parameters: {'ISTN': 64.84823096893533, 'I_gpe': 0.8144727371349948, 'I_gpi': 3.0816068121646945, 'noise_stn_sigma': 5.201242575381428, 'noise_gpe_sigma': 102.60448537834637, 'noise_gpi_sigma': 95.92403403356708, 'g_stn_gpe_mult': 2.0832112287052, 'g_gpe_stn_mult': 0.2487453050387864, 'g_stn_gpi_mult': 2.858418206905122, 'g_gpe_gpi_mult': 0.8703287624576523}. Best is trial 98 with value: 0.5979484317983877.
[I 2026-05-28 02:10:53,647] Trial 877 finished with value: 0.8658013849845004 and parameters: {'ISTN': 64.97166200235597, 'I_gpe': 0.797731952509837, 'I_gpi': 3.014944060838221, 'noise_stn_sigma': 5.250763887933439, 'noise_gpe_sigma': 105.39772280269307, 'noise_gpi_sigma': 96.58179485321705, 'g_stn_gpe_mult': 2.2883829338658233, 'g_gpe_stn_mult': 0.2529866562673839, 'g_stn_gpi_mult': 2.8260415814632256, 'g_gpe_gpi_mult': 0.8810115460832499}. Best is trial 98 with value: 0.5979484317983877.
[I 2026-05-28 02:10:54,595] Trial 878 finished with value: 1000000.0 and parameters: {'ISTN': 65.33138169129411, 'I_gpe': 0.8197594238637375, 'I_gpi': 3.0386707291230457, 'noise_stn_sigma': 5.128639499160921, 'noise_gpe_sigma': 101.49743685835072, 'noise_gpi_sigma': 95.29562008494264, 'g_stn_gpe_mult': 2.102969188033726, 'g_gpe_stn_mult': 0.25681781898513456, 'g_stn_gpi_mult': 2.984176647999142, 'g_gpe_gpi_mult': 0.8763621956117638}. Best is trial 98 with value: 0.5979484317983877.
[I 2026-05-28 02:10:55,603] Trial 879 finished with value: 1.6428896938688706 and parameters: {'ISTN': 64.80976330932121, 'I_gpe': 0.7855589368037001, 'I_gpi': 3.041217993603561, 'noise_stn_sigma': 5.318399092841769, 'noise_gpe_sigma': 100.34032079608578, 'noise_gpi_sigma': 95.32579845547104, 'g_stn_gpe_mult': 2.2192280970307765, 'g_gpe_stn_mult': 0.25110508980305557, 'g_stn_gpi_mult': 2.869462004353441, 'g_gpe_gpi_mult': 0.8825366197559381}. Best is trial 98 with value: 0.5979484317983877.
