[I 2026-05-28 02:24:13,228] Trial 660 finished with value: 0.472250718019521 and parameters: {'ISTN': 60.526120287323316, 'I_gpe': 1.369985174631828, 'I_gpi': 2.0560267902670453, 'noise_stn_sigma': 6.0746460029046965, 'noise_gpe_sigma': 125.76936294351597, 'noise_gpi_sigma': 83.41246383918468, 'g_stn_gpe_mult': 2.5936051215497655, 'g_gpe_stn_mult': 0.10792932685404719, 'g_stn_gpi_mult': 2.539684355562721, 'g_gpe_gpi_mult': 0.8237110884224734}. Best is trial 654 with value: 0.46962333977752396.
[I 2026-05-28 02:24:14,234] Trial 661 finished with value: 0.4672892921283457 and parameters: {'ISTN': 60.020447671386954, 'I_gpe': 1.4352524977130607, 'I_gpi': 2.1308737932243837, 'noise_stn_sigma': 6.306554032316231, 'noise_gpe_sigma': 126.80742907013438, 'noise_gpi_sigma': 83.47827153841364, 'g_stn_gpe_mult': 2.5868393449188307, 'g_gpe_stn_mult': 0.10698313357331722, 'g_stn_gpi_mult': 2.5012452157719323, 'g_gpe_gpi_mult': 0.7897724494713474}. Best is trial 661 with value: 0.4672892921283457.
[I 2026-05-28 02:24:15,240] Trial 662 finished with value: 0.4636547094005958 and parameters: {'ISTN': 60.81758293337563, 'I_gpe': 1.347708669485868, 'I_gpi': 2.019457418345229, 'noise_stn_sigma': 6.1551347375011645, 'noise_gpe_sigma': 120.40140160334043, 'noise_gpi_sigma': 88.46140459091873, 'g_stn_gpe_mult': 2.6282770861744913, 'g_gpe_stn_mult': 0.1082995269031395, 'g_stn_gpi_mult': 2.3555055835288035, 'g_gpe_gpi_mult': 0.8568324533264471}. Best is trial 662 with value: 0.4636547094005958.
[I 2026-05-28 02:24:16,246] Trial 663 finished with value: 0.478300026861693 and parameters: {'ISTN': 60.18796754927959, 'I_gpe': 1.368028889431852, 'I_gpi': 2.200758318927117, 'noise_stn_sigma': 6.0100520886519595, 'noise_gpe_sigma': 123.31171658458915, 'noise_gpi_sigma': 90.078427830783, 'g_stn_gpe_mult': 2.6327154626502463, 'g_gpe_stn_mult': 0.10739789096533654, 'g_stn_gpi_mult': 2.4537219065760287, 'g_gpe_gpi_mult': 0.8765726592547738}. Best is trial 662 with value: 0.4636547094005958.
[I 2026-05-28 02:24:17,257] Trial 664 finished with value: 0.46872102385337183 and parameters: {'ISTN': 60.79990580343087, 'I_gpe': 1.2936263795145668, 'I_gpi': 2.0808270135507883, 'noise_stn_sigma': 5.865376220173226, 'noise_gpe_sigma': 124.71662808828178, 'noise_gpi_sigma': 85.73884127827927, 'g_stn_gpe_mult': 2.4764879154935486, 'g_gpe_stn_mult': 0.1138970008587241, 'g_stn_gpi_mult': 2.3737438953612626, 'g_gpe_gpi_mult': 0.8615052556996381}. Best is trial 662 with value: 0.4636547094005958.
[I 2026-05-28 02:24:18,264] Trial 665 finished with value: 0.4856119106130848 and parameters: {'ISTN': 61.88559530940475, 'I_gpe': 1.3598280378523442, 'I_gpi': 2.0314892361633916, 'noise_stn_sigma': 5.854205700984324, 'noise_gpe_sigma': 118.90631913642726, 'noise_gpi_sigma': 88.23629727023346, 'g_stn_gpe_mult': 2.734822997853018, 'g_gpe_stn_mult': 0.12026503977005434, 'g_stn_gpi_mult': 2.5438159214043505, 'g_gpe_gpi_mult': 0.9197942060197304}. Best is trial 662 with value: 0.4636547094005958.
[I 2026-05-28 02:24:19,270] Trial 666 finished with value: 0.47361949996626596 and parameters: {'ISTN': 60.23845547908641, 'I_gpe': 1.3691563444251413, 'I_gpi': 2.0304015923521392, 'noise_stn_sigma': 6.295849494573478, 'noise_gpe_sigma': 122.66213474853342, 'noise_gpi_sigma': 83.78699992240705, 'g_stn_gpe_mult': 2.6354351935103484, 'g_gpe_stn_mult': 0.1049541782513365, 'g_stn_gpi_mult': 2.527703166125053, 'g_gpe_gpi_mult': 0.8102435329820812}. Best is trial 662 with value: 0.4636547094005958.
[I 2026-05-28 02:24:20,280] Trial 667 finished with value: 0.48387100332570043 and parameters: {'ISTN': 62.31184685539117, 'I_gpe': 1.2785213048125281, 'I_gpi': 2.073119464961315, 'noise_stn_sigma': 5.947941898066516, 'noise_gpe_sigma': 120.6097664338633, 'noise_gpi_sigma': 85.76761817851923, 'g_stn_gpe_mult': 2.642930404623759, 'g_gpe_stn_mult': 0.10277894270669823, 'g_stn_gpi_mult': 2.536711573659732, 'g_gpe_gpi_mult': 0.873799296523496}. Best is trial 662 with value: 0.4636547094005958.
[I 2026-05-28 02:24:21,287] Trial 668 finished with value: 0.4773790541666447 and parameters: {'ISTN': 61.057776607816436, 'I_gpe': 1.3297541985097219, 'I_gpi': 2.1784851224625035, 'noise_stn_sigma': 5.718066868213106, 'noise_gpe_sigma': 121.48845538449228, 'noise_gpi_sigma': 89.09030057526289, 'g_stn_gpe_mult': 2.5721748819639396, 'g_gpe_stn_mult': 0.11723718531592961, 'g_stn_gpi_mult': 2.489641093076142, 'g_gpe_gpi_mult': 0.8676811955993964}. Best is trial 662 with value: 0.4636547094005958.
[I 2026-05-28 02:24:22,294] Trial 669 finished with value: 0.47837910486390434 and parameters: {'ISTN': 60.68329005954367, 'I_gpe': 1.3525308439421024, 'I_gpi': 2.1936569516472355, 'noise_stn_sigma': 5.9047553649670865, 'noise_gpe_sigma': 119.51759166489038, 'noise_gpi_sigma': 91.44477561352107, 'g_stn_gpe_mult': 2.594413148302592, 'g_gpe_stn_mult': 0.10518608644578237, 'g_stn_gpi_mult': 2.4164685725035815, 'g_gpe_gpi_mult': 0.8710790686928795}. Best is trial 662 with value: 0.4636547094005958.
[I 2026-05-28 02:24:23,301] Trial 670 finished with value: 0.46888411414955705 and parameters: {'ISTN': 60.31827836614867, 'I_gpe': 1.350716629371827, 'I_gpi': 2.0416010243896037, 'noise_stn_sigma': 5.948595330323911, 'noise_gpe_sigma': 118.90897321505167, 'noise_gpi_sigma': 84.65363139992716, 'g_stn_gpe_mult': 2.7577819589748964, 'g_gpe_stn_mult': 0.12721361314959165, 'g_stn_gpi_mult': 2.5664220146397825, 'g_gpe_gpi_mult': 0.851213233279035}. Best is trial 662 with value: 0.4636547094005958.
[I 2026-05-28 02:24:24,311] Trial 671 finished with value: 0.48750001059347065 and parameters: {'ISTN': 60.10652907822941, 'I_gpe': 1.474511078992653, 'I_gpi': 2.2012902141971873, 'noise_stn_sigma': 6.336874422260304, 'noise_gpe_sigma': 121.58124130919344, 'noise_gpi_sigma': 78.7444034871153, 'g_stn_gpe_mult': 2.71074017771375, 'g_gpe_stn_mult': 0.11497929438283144, 'g_stn_gpi_mult': 2.552410348105129, 'g_gpe_gpi_mult': 0.7867397263832465}. Best is trial 662 with value: 0.4636547094005958.
[I 2026-05-28 02:24:25,317] Trial 672 finished with value: 0.48034772220704713 and parameters: {'ISTN': 60.60280623554756, 'I_gpe': 1.372670679067482, 'I_gpi': 2.0004192833007233, 'noise_stn_sigma': 6.044960808418218, 'noise_gpe_sigma': 123.61913532866629, 'noise_gpi_sigma': 90.93866820496058, 'g_stn_gpe_mult': 2.7165927796525944, 'g_gpe_stn_mult': 0.11738488144607567, 'g_stn_gpi_mult': 2.4500816634543705, 'g_gpe_gpi_mult': 0.8662299387326113}. Best is trial 662 with value: 0.4636547094005958.
[I 2026-05-28 02:24:26,325] Trial 673 finished with value: 0.47692737645016625 and parameters: {'ISTN': 60.31321404695379, 'I_gpe': 1.3557092384847778, 'I_gpi': 2.2363245251306716, 'noise_stn_sigma': 6.2327001213832345, 'noise_gpe_sigma': 121.5401924704473, 'noise_gpi_sigma': 83.13354789596102, 'g_stn_gpe_mult': 2.387847321947302, 'g_gpe_stn_mult': 0.10928524446526153, 'g_stn_gpi_mult': 2.508973145312414, 'g_gpe_gpi_mult': 0.8302961154027546}. Best is trial 662 with value: 0.4636547094005958.
[I 2026-05-28 02:24:27,335] Trial 674 finished with value: 0.46612920605720126 and parameters: {'ISTN': 60.64410328071435, 'I_gpe': 1.4017458131271299, 'I_gpi': 2.0586404915230556, 'noise_stn_sigma': 6.256374930404825, 'noise_gpe_sigma': 123.91111178963922, 'noise_gpi_sigma': 83.95704285913234, 'g_stn_gpe_mult': 2.5608591814147, 'g_gpe_stn_mult': 0.10563362281548487, 'g_stn_gpi_mult': 2.4340747563777043, 'g_gpe_gpi_mult': 0.8301928623724255}. Best is trial 662 with value: 0.4636547094005958.
[I 2026-05-28 02:24:28,343] Trial 675 finished with value: 0.47844507730008895 and parameters: {'ISTN': 60.43223667804749, 'I_gpe': 1.2912544180224936, 'I_gpi': 2.1412893253247987, 'noise_stn_sigma': 6.182834952267665, 'noise_gpe_sigma': 119.93530512006001, 'noise_gpi_sigma': 86.40730160630419, 'g_stn_gpe_mult': 2.591499322919317, 'g_gpe_stn_mult': 0.10213525183502838, 'g_stn_gpi_mult': 2.372344793206479, 'g_gpe_gpi_mult': 0.8626779925364241}. Best is trial 662 with value: 0.4636547094005958.
[I 2026-05-28 02:24:29,352] Trial 676 finished with value: 0.4638244944716418 and parameters: {'ISTN': 60.89893507095038, 'I_gpe': 1.3375439871120318, 'I_gpi': 1.9782970176086683, 'noise_stn_sigma': 6.483993503044118, 'noise_gpe_sigma': 124.78606440132442, 'noise_gpi_sigma': 89.58863416008516, 'g_stn_gpe_mult': 2.716123705904381, 'g_gpe_stn_mult': 0.10639146438455888, 'g_stn_gpi_mult': 2.4105066758886204, 'g_gpe_gpi_mult': 0.8739874484221928}. Best is trial 662 with value: 0.4636547094005958.
[I 2026-05-28 02:24:30,358] Trial 677 finished with value: 0.46400554509527264 and parameters: {'ISTN': 60.29961338333834, 'I_gpe': 1.382231813966046, 'I_gpi': 1.854715121881681, 'noise_stn_sigma': 6.546303816373039, 'noise_gpe_sigma': 126.13517434516697, 'noise_gpi_sigma': 84.04930753955861, 'g_stn_gpe_mult': 2.5753177148037927, 'g_gpe_stn_mult': 0.11340025325457917, 'g_stn_gpi_mult': 2.4571814775536778, 'g_gpe_gpi_mult': 0.8194748577598372}. Best is trial 662 with value: 0.4636547094005958.
[I 2026-05-28 02:24:31,368] Trial 678 finished with value: 0.45806331638635617 and parameters: {'ISTN': 60.474062731738435, 'I_gpe': 1.3842129125571239, 'I_gpi': 1.961660232647112, 'noise_stn_sigma': 6.227224105065467, 'noise_gpe_sigma': 121.3203035218724, 'noise_gpi_sigma': 82.88037976921372, 'g_stn_gpe_mult': 2.586675444709998, 'g_gpe_stn_mult': 0.113021721524076, 'g_stn_gpi_mult': 2.5700983905805197, 'g_gpe_gpi_mult': 0.8585515085974507}. Best is trial 678 with value: 0.45806331638635617.
[I 2026-05-28 02:24:32,378] Trial 679 finished with value: 0.48223651792292266 and parameters: {'ISTN': 60.976909273499786, 'I_gpe': 1.2847008598673484, 'I_gpi': 2.1014519422059172, 'noise_stn_sigma': 5.956132119575594, 'noise_gpe_sigma': 121.7055287994928, 'noise_gpi_sigma': 90.42290366851324, 'g_stn_gpe_mult': 2.6688534935660733, 'g_gpe_stn_mult': 0.11441007543436206, 'g_stn_gpi_mult': 2.4116515278703843, 'g_gpe_gpi_mult': 0.8328772654996013}. Best is trial 678 with value: 0.45806331638635617.
[I 2026-05-28 02:24:33,385] Trial 680 finished with value: 0.46572109865858313 and parameters: {'ISTN': 60.675911823779956, 'I_gpe': 1.3980594111452578, 'I_gpi': 2.094659956799628, 'noise_stn_sigma': 6.497088126160502, 'noise_gpe_sigma': 123.71073600696252, 'noise_gpi_sigma': 85.93297218684117, 'g_stn_gpe_mult': 2.552510674134773, 'g_gpe_stn_mult': 0.11346501792885366, 'g_stn_gpi_mult': 2.416108267497296, 'g_gpe_gpi_mult': 0.8086384162407279}. Best is trial 678 with value: 0.45806331638635617.
[I 2026-05-28 02:24:34,392] Trial 681 finished with value: 0.4904650236341476 and parameters: {'ISTN': 60.80422613483702, 'I_gpe': 1.3303557177637577, 'I_gpi': 1.9939388913738965, 'noise_stn_sigma': 6.1621313975126775, 'noise_gpe_sigma': 124.79483873430432, 'noise_gpi_sigma': 89.16679221014293, 'g_stn_gpe_mult': 2.3911770168871205, 'g_gpe_stn_mult': 0.12080567313000254, 'g_stn_gpi_mult': 2.5357383249684444, 'g_gpe_gpi_mult': 0.8068029774356578}. Best is trial 678 with value: 0.45806331638635617.
[I 2026-05-28 02:24:35,398] Trial 682 finished with value: 0.4632630562284821 and parameters: {'ISTN': 60.323334620656965, 'I_gpe': 1.3559271367397572, 'I_gpi': 2.0032252343458716, 'noise_stn_sigma': 6.222632955895663, 'noise_gpe_sigma': 122.42528415711813, 'noise_gpi_sigma': 81.32565351448618, 'g_stn_gpe_mult': 2.723078200472978, 'g_gpe_stn_mult': 0.11863167042102761, 'g_stn_gpi_mult': 2.5216093428610304, 'g_gpe_gpi_mult': 0.8378780719882117}. Best is trial 678 with value: 0.45806331638635617.
[I 2026-05-28 02:24:36,407] Trial 683 finished with value: 0.4624582945698159 and parameters: {'ISTN': 60.894916080380604, 'I_gpe': 1.3577672270240564, 'I_gpi': 1.948974596223094, 'noise_stn_sigma': 6.796161427520833, 'noise_gpe_sigma': 125.58166273674246, 'noise_gpi_sigma': 85.2657305682823, 'g_stn_gpe_mult': 2.7781546992989887, 'g_gpe_stn_mult': 0.10168877580008685, 'g_stn_gpi_mult': 2.3953357838717144, 'g_gpe_gpi_mult': 0.8390657444111322}. Best is trial 678 with value: 0.45806331638635617.
[I 2026-05-28 02:24:37,415] Trial 684 finished with value: 0.46225330144200266 and parameters: {'ISTN': 60.67710359634351, 'I_gpe': 1.2532054713538896, 'I_gpi': 2.0521189447067183, 'noise_stn_sigma': 6.123641949518148, 'noise_gpe_sigma': 127.75239635865192, 'noise_gpi_sigma': 85.55798716652744, 'g_stn_gpe_mult': 2.6323888879910036, 'g_gpe_stn_mult': 0.12281979975718217, 'g_stn_gpi_mult': 2.476844623526316, 'g_gpe_gpi_mult': 0.8222378333457316}. Best is trial 678 with value: 0.45806331638635617.
[I 2026-05-28 02:24:38,421] Trial 685 finished with value: 0.4748191867034304 and parameters: {'ISTN': 61.68595847891698, 'I_gpe': 1.307166800861907, 'I_gpi': 1.8681459214030278, 'noise_stn_sigma': 6.383086416698646, 'noise_gpe_sigma': 122.9570383847027, 'noise_gpi_sigma': 90.60779707100761, 'g_stn_gpe_mult': 2.749014605449627, 'g_gpe_stn_mult': 0.10647708848848923, 'g_stn_gpi_mult': 2.4991182444926263, 'g_gpe_gpi_mult': 0.8643913877950424}. Best is trial 678 with value: 0.45806331638635617.
[I 2026-05-28 02:24:39,428] Trial 686 finished with value: 0.4564223682249956 and parameters: {'ISTN': 60.16131798768974, 'I_gpe': 1.3719662211191728, 'I_gpi': 1.9187182193990062, 'noise_stn_sigma': 6.5304091143004905, 'noise_gpe_sigma': 120.94856147426638, 'noise_gpi_sigma': 81.00682927194924, 'g_stn_gpe_mult': 2.572785859083428, 'g_gpe_stn_mult': 0.11062183610943076, 'g_stn_gpi_mult': 2.5133804747371977, 'g_gpe_gpi_mult': 0.8196741156378129}. Best is trial 686 with value: 0.4564223682249956.
[I 2026-05-28 02:24:40,434] Trial 687 finished with value: 0.5019346286344137 and parameters: {'ISTN': 60.177461499502414, 'I_gpe': 1.4781612139431255, 'I_gpi': 1.975820983815095, 'noise_stn_sigma': 6.651783629075819, 'noise_gpe_sigma': 126.49716943304195, 'noise_gpi_sigma': 81.38347250386474, 'g_stn_gpe_mult': 2.414554804736966, 'g_gpe_stn_mult': 0.12077460682862104, 'g_stn_gpi_mult': 2.380916866279117, 'g_gpe_gpi_mult': 0.8282434533229193}. Best is trial 686 with value: 0.4564223682249956.
[I 2026-05-28 02:24:41,442] Trial 688 finished with value: 0.46330892238499194 and parameters: {'ISTN': 60.326109520503415, 'I_gpe': 1.412337505306986, 'I_gpi': 1.9794775029977933, 'noise_stn_sigma': 6.6363032997373645, 'noise_gpe_sigma': 125.03365395293149, 'noise_gpi_sigma': 81.75846894647755, 'g_stn_gpe_mult': 2.7221210434956276, 'g_gpe_stn_mult': 0.10625280661345905, 'g_stn_gpi_mult': 2.4946651899295027, 'g_gpe_gpi_mult': 0.8278673989385226}. Best is trial 686 with value: 0.4564223682249956.
[I 2026-05-28 02:24:42,450] Trial 689 finished with value: 0.46558992438651925 and parameters: {'ISTN': 60.02090436877326, 'I_gpe': 1.3442215660077768, 'I_gpi': 1.692077567744065, 'noise_stn_sigma': 6.548984742564073, 'noise_gpe_sigma': 126.09073267852526, 'noise_gpi_sigma': 83.94734510603075, 'g_stn_gpe_mult': 2.569105342745481, 'g_gpe_stn_mult': 0.11358798732086998, 'g_stn_gpi_mult': 2.603505036661078, 'g_gpe_gpi_mult': 0.8388799229262991}. Best is trial 686 with value: 0.4564223682249956.
[I 2026-05-28 02:24:43,461] Trial 690 finished with value: 0.46592721904932244 and parameters: {'ISTN': 61.27043460322022, 'I_gpe': 1.4072565288694978, 'I_gpi': 1.9307355567390703, 'noise_stn_sigma': 6.207480341779546, 'noise_gpe_sigma': 121.1873592491365, 'noise_gpi_sigma': 86.1836090761301, 'g_stn_gpe_mult': 2.5785220603957986, 'g_gpe_stn_mult': 0.1034988394211906, 'g_stn_gpi_mult': 2.430941120523129, 'g_gpe_gpi_mult': 0.8707654888308887}. Best is trial 686 with value: 0.4564223682249956.
[I 2026-05-28 02:24:44,469] Trial 691 finished with value: 0.46021351577174624 and parameters: {'ISTN': 60.3480476349556, 'I_gpe': 1.3008408042426942, 'I_gpi': 1.969780085187402, 'noise_stn_sigma': 6.605086437999671, 'noise_gpe_sigma': 122.50822004918838, 'noise_gpi_sigma': 81.97722075636156, 'g_stn_gpe_mult': 2.4486862911234035, 'g_gpe_stn_mult': 0.11226389908929935, 'g_stn_gpi_mult': 2.4810131581038664, 'g_gpe_gpi_mult': 0.8298034508237553}. Best is trial 686 with value: 0.4564223682249956.
[I 2026-05-28 02:24:45,476] Trial 692 finished with value: 0.5365408602166325 and parameters: {'ISTN': 60.33878009855326, 'I_gpe': 1.4589389831750879, 'I_gpi': 1.9836135536862995, 'noise_stn_sigma': 6.974362944977886, 'noise_gpe_sigma': 126.70079836269728, 'noise_gpi_sigma': 80.46823107939494, 'g_stn_gpe_mult': 2.593548981813477, 'g_gpe_stn_mult': 0.10891013421457774, 'g_stn_gpi_mult': 2.514875108019329, 'g_gpe_gpi_mult': 0.821429692051939}. Best is trial 686 with value: 0.4564223682249956.
[I 2026-05-28 02:24:46,486] Trial 693 finished with value: 0.4655778559943847 and parameters: {'ISTN': 60.57026152112453, 'I_gpe': 1.337898413911665, 'I_gpi': 2.080425945419322, 'noise_stn_sigma': 6.452741668331812, 'noise_gpe_sigma': 125.8444623682886, 'noise_gpi_sigma': 83.44629573284612, 'g_stn_gpe_mult': 2.538015716321706, 'g_gpe_stn_mult': 0.10724295307909111, 'g_stn_gpi_mult': 2.483300876671246, 'g_gpe_gpi_mult': 0.7928544191376596}. Best is trial 686 with value: 0.4564223682249956.
[I 2026-05-28 02:24:47,495] Trial 694 finished with value: 0.4626437258792956 and parameters: {'ISTN': 60.42069853121729, 'I_gpe': 1.3529721383336368, 'I_gpi': 1.9336689741725068, 'noise_stn_sigma': 6.1730453520662785, 'noise_gpe_sigma': 123.73423020825966, 'noise_gpi_sigma': 85.35261088213348, 'g_stn_gpe_mult': 2.630211786497198, 'g_gpe_stn_mult': 0.12459639562337738, 'g_stn_gpi_mult': 2.49895789926268, 'g_gpe_gpi_mult': 0.8836414979521461}. Best is trial 686 with value: 0.4564223682249956.
[I 2026-05-28 02:24:48,501] Trial 695 finished with value: 0.523366248544178 and parameters: {'ISTN': 60.24735968548873, 'I_gpe': 1.354108967146877, 'I_gpi': 1.7895682372855164, 'noise_stn_sigma': 6.5747576960762935, 'noise_gpe_sigma': 118.48702464850493, 'noise_gpi_sigma': 76.24610266882249, 'g_stn_gpe_mult': 2.689979314480034, 'g_gpe_stn_mult': 0.1188129623417924, 'g_stn_gpi_mult': 2.6028675038792075, 'g_gpe_gpi_mult': 0.8021970033453163}. Best is trial 686 with value: 0.4564223682249956.
[I 2026-05-28 02:24:49,507] Trial 696 finished with value: 0.46744779326070995 and parameters: {'ISTN': 60.61879649054817, 'I_gpe': 1.3210967327621106, 'I_gpi': 2.0798570849514046, 'noise_stn_sigma': 6.34436951625834, 'noise_gpe_sigma': 122.53082504318648, 'noise_gpi_sigma': 83.25130571660854, 'g_stn_gpe_mult': 2.693595746554708, 'g_gpe_stn_mult': 0.10315674929317128, 'g_stn_gpi_mult': 2.537284228271778, 'g_gpe_gpi_mult': 0.8628826105672964}. Best is trial 686 with value: 0.4564223682249956.
[I 2026-05-28 02:24:50,515] Trial 697 finished with value: 0.47714636669135146 and parameters: {'ISTN': 60.30372976822792, 'I_gpe': 1.4392005586450296, 'I_gpi': 1.9495709486530566, 'noise_stn_sigma': 6.091005867279107, 'noise_gpe_sigma': 120.1399941532986, 'noise_gpi_sigma': 84.91666564689592, 'g_stn_gpe_mult': 2.549350278155257, 'g_gpe_stn_mult': 0.13286734095567074, 'g_stn_gpi_mult': 2.4605502410992885, 'g_gpe_gpi_mult': 0.8393924425061421}. Best is trial 686 with value: 0.4564223682249956.
[I 2026-05-28 02:24:51,521] Trial 698 finished with value: 0.47007774224262655 and parameters: {'ISTN': 61.20543314220565, 'I_gpe': 1.2900601261437827, 'I_gpi': 1.9370707982028796, 'noise_stn_sigma': 6.656948594070725, 'noise_gpe_sigma': 122.02773734873163, 'noise_gpi_sigma': 79.95483511179992, 'g_stn_gpe_mult': 2.710621626465868, 'g_gpe_stn_mult': 0.10402925779789383, 'g_stn_gpi_mult': 2.582676234462676, 'g_gpe_gpi_mult': 0.8266817895048919}. Best is trial 686 with value: 0.4564223682249956.
[I 2026-05-28 02:24:52,526] Trial 699 finished with value: 0.5004140776479229 and parameters: {'ISTN': 60.92023258607543, 'I_gpe': 1.3148245877687361, 'I_gpi': 2.052181813005534, 'noise_stn_sigma': 6.490827154776316, 'noise_gpe_sigma': 123.66421120074901, 'noise_gpi_sigma': 89.51447205931159, 'g_stn_gpe_mult': 2.7378013698493646, 'g_gpe_stn_mult': 0.11597915722300238, 'g_stn_gpi_mult': 2.499088907435785, 'g_gpe_gpi_mult': 0.8937817970027049}. Best is trial 686 with value: 0.4564223682249956.
[I 2026-05-28 02:24:53,533] Trial 700 finished with value: 0.46783293216230604 and parameters: {'ISTN': 60.66334838521356, 'I_gpe': 1.3700362502293917, 'I_gpi': 1.9116808713751487, 'noise_stn_sigma': 6.416916879519144, 'noise_gpe_sigma': 122.5670732064568, 'noise_gpi_sigma': 79.41771465975768, 'g_stn_gpe_mult': 2.5677908819764124, 'g_gpe_stn_mult': 0.11904360899391345, 'g_stn_gpi_mult': 2.5445302276801316, 'g_gpe_gpi_mult': 0.774995182524556}. Best is trial 686 with value: 0.4564223682249956.
[I 2026-05-28 02:24:54,540] Trial 701 finished with value: 0.48515956648823866 and parameters: {'ISTN': 60.022478974640926, 'I_gpe': 1.2877024568145403, 'I_gpi': 1.8728133319047247, 'noise_stn_sigma': 6.664648485287154, 'noise_gpe_sigma': 124.24670584492594, 'noise_gpi_sigma': 82.13499742826946, 'g_stn_gpe_mult': 2.559295899145181, 'g_gpe_stn_mult': 0.10537883188679702, 'g_stn_gpi_mult': 2.6094622147911055, 'g_gpe_gpi_mult': 0.813367361748583}. Best is trial 686 with value: 0.4564223682249956.
[I 2026-05-28 02:24:55,546] Trial 702 finished with value: 0.5417622794799787 and parameters: {'ISTN': 60.02905988585393, 'I_gpe': 1.3130738671110471, 'I_gpi': 2.0407651884493365, 'noise_stn_sigma': 6.389827817223223, 'noise_gpe_sigma': 122.6107017861787, 'noise_gpi_sigma': 84.08932600329821, 'g_stn_gpe_mult': 2.67367247193972, 'g_gpe_stn_mult': 0.10520519686369005, 'g_stn_gpi_mult': 2.4945055364662743, 'g_gpe_gpi_mult': 0.8647876638624417}. Best is trial 686 with value: 0.4564223682249956.
[I 2026-05-28 02:24:56,552] Trial 703 finished with value: 0.45537118860112363 and parameters: {'ISTN': 60.59962321657631, 'I_gpe': 1.330027723385876, 'I_gpi': 1.9130863658422381, 'noise_stn_sigma': 6.6295077148523776, 'noise_gpe_sigma': 122.35526769723197, 'noise_gpi_sigma': 87.20125048896114, 'g_stn_gpe_mult': 2.7367881748814247, 'g_gpe_stn_mult': 0.1029279972467704, 'g_stn_gpi_mult': 2.5247956211446567, 'g_gpe_gpi_mult': 0.8684368604555788}. Best is trial 703 with value: 0.45537118860112363.
