[I 2026-05-28 01:26:40,906] Trial 264 finished with value: 3.663129833551257 and parameters: {'ISTN': 66.76008102861958, 'I_gpe': 0.7024399478822846, 'I_gpi': 1.8233745144192666, 'noise_stn_sigma': 3.8735152320813304, 'noise_gpe_sigma': 84.54435104554675, 'noise_gpi_sigma': 106.18640099277248, 'g_stn_gpe_mult': 2.432121225489899, 'g_gpe_stn_mult': 0.10244662829740285, 'g_stn_gpi_mult': 2.0813557174363737, 'g_gpe_gpi_mult': 0.6468787972586911}. Best is trial 245 with value: 0.18324523642792556.
[I 2026-05-28 01:26:41,911] Trial 265 finished with value: 3.432599986700034 and parameters: {'ISTN': 68.24429571914246, 'I_gpe': 0.7565568760325578, 'I_gpi': 1.7762187531394114, 'noise_stn_sigma': 4.5669047250321375, 'noise_gpe_sigma': 71.73233020041079, 'noise_gpi_sigma': 94.5041964560854, 'g_stn_gpe_mult': 2.5012308275768875, 'g_gpe_stn_mult': 0.13770762641444728, 'g_stn_gpi_mult': 2.126846584607586, 'g_gpe_gpi_mult': 0.582811720552693}. Best is trial 245 with value: 0.18324523642792556.
[I 2026-05-28 01:26:42,915] Trial 266 finished with value: 0.45835608377233406 and parameters: {'ISTN': 63.05773584047302, 'I_gpe': 0.7958155393334903, 'I_gpi': 2.149237948422167, 'noise_stn_sigma': 3.741021226296846, 'noise_gpe_sigma': 81.44287760413796, 'noise_gpi_sigma': 98.76179736347642, 'g_stn_gpe_mult': 2.7911983931627797, 'g_gpe_stn_mult': 0.18199436096986915, 'g_stn_gpi_mult': 2.1312069884255407, 'g_gpe_gpi_mult': 0.62220082406612}. Best is trial 245 with value: 0.18324523642792556.
[I 2026-05-28 01:26:43,919] Trial 267 finished with value: 0.21593170727835326 and parameters: {'ISTN': 63.61616355727258, 'I_gpe': 0.9624576272020486, 'I_gpi': 2.16096648550767, 'noise_stn_sigma': 3.7799815879891625, 'noise_gpe_sigma': 79.57141383605077, 'noise_gpi_sigma': 100.41085582606635, 'g_stn_gpe_mult': 2.6337468828001365, 'g_gpe_stn_mult': 0.11066450276043567, 'g_stn_gpi_mult': 2.0233047472872165, 'g_gpe_gpi_mult': 0.6174442376979379}. Best is trial 245 with value: 0.18324523642792556.
[I 2026-05-28 01:26:44,921] Trial 268 finished with value: 0.3113200258725495 and parameters: {'ISTN': 60.819135450340035, 'I_gpe': 0.7788001732698896, 'I_gpi': 2.560808607636441, 'noise_stn_sigma': 4.653551876627989, 'noise_gpe_sigma': 82.63717310164587, 'noise_gpi_sigma': 89.56488957827423, 'g_stn_gpe_mult': 2.5965649111582323, 'g_gpe_stn_mult': 0.13945921127761285, 'g_stn_gpi_mult': 2.214677920339814, 'g_gpe_gpi_mult': 0.6654842036246555}. Best is trial 245 with value: 0.18324523642792556.
[I 2026-05-28 01:26:45,923] Trial 269 finished with value: 5.608156751463104 and parameters: {'ISTN': 60.46685719442418, 'I_gpe': 1.1031289544872684, 'I_gpi': 1.8596463990145236, 'noise_stn_sigma': 4.117896822493167, 'noise_gpe_sigma': 76.72485960310843, 'noise_gpi_sigma': 97.76490457005242, 'g_stn_gpe_mult': 2.210480631757165, 'g_gpe_stn_mult': 0.17706720158507297, 'g_stn_gpi_mult': 1.7554092617197206, 'g_gpe_gpi_mult': 0.71155360679931}. Best is trial 245 with value: 0.18324523642792556.
[I 2026-05-28 01:26:46,927] Trial 270 finished with value: 0.49947187836075957 and parameters: {'ISTN': 60.65288889327645, 'I_gpe': 1.0126681112468474, 'I_gpi': 2.0121870613994863, 'noise_stn_sigma': 4.247153870665933, 'noise_gpe_sigma': 91.87876643061796, 'noise_gpi_sigma': 75.42356613502321, 'g_stn_gpe_mult': 2.6431723416149757, 'g_gpe_stn_mult': 0.23148057715745202, 'g_stn_gpi_mult': 2.161768878640472, 'g_gpe_gpi_mult': 0.6978759415627986}. Best is trial 245 with value: 0.18324523642792556.
[I 2026-05-28 01:26:47,934] Trial 271 finished with value: 2.129187103111891 and parameters: {'ISTN': 66.42906585317354, 'I_gpe': 0.8491511065764298, 'I_gpi': 2.063838242961227, 'noise_stn_sigma': 3.8276008803737183, 'noise_gpe_sigma': 86.90176714743434, 'noise_gpi_sigma': 82.45917332663565, 'g_stn_gpe_mult': 2.5403546282952707, 'g_gpe_stn_mult': 0.14605246570296837, 'g_stn_gpi_mult': 1.7012140443059658, 'g_gpe_gpi_mult': 0.628877923646253}. Best is trial 245 with value: 0.18324523642792556.
[I 2026-05-28 01:26:48,940] Trial 272 finished with value: 3.5995428861039196 and parameters: {'ISTN': 68.65002070629967, 'I_gpe': 0.8917251574841671, 'I_gpi': 2.7560448373754234, 'noise_stn_sigma': 4.670748964772749, 'noise_gpe_sigma': 83.14638361467385, 'noise_gpi_sigma': 93.54213132143649, 'g_stn_gpe_mult': 2.913466436757431, 'g_gpe_stn_mult': 0.2239110853677379, 'g_stn_gpi_mult': 2.2796022738624555, 'g_gpe_gpi_mult': 0.6269888070274292}. Best is trial 245 with value: 0.18324523642792556.
[I 2026-05-28 01:26:49,946] Trial 273 finished with value: 1.769616958252677 and parameters: {'ISTN': 65.92882832939935, 'I_gpe': 0.810451608018906, 'I_gpi': 1.8947455572149805, 'noise_stn_sigma': 3.575584690477367, 'noise_gpe_sigma': 82.9186509624326, 'noise_gpi_sigma': 105.38834534546221, 'g_stn_gpe_mult': 2.91544319886147, 'g_gpe_stn_mult': 0.10724465866015889, 'g_stn_gpi_mult': 1.9021460363305225, 'g_gpe_gpi_mult': 0.6028124901168848}. Best is trial 245 with value: 0.18324523642792556.
[I 2026-05-28 01:26:50,950] Trial 274 finished with value: 1.735033669007004 and parameters: {'ISTN': 63.47253540320937, 'I_gpe': 0.868992271398072, 'I_gpi': 2.1924989433694497, 'noise_stn_sigma': 3.9001758338542856, 'noise_gpe_sigma': 77.08811044613117, 'noise_gpi_sigma': 100.32522757476147, 'g_stn_gpe_mult': 2.26177688200283, 'g_gpe_stn_mult': 0.15817554778851747, 'g_stn_gpi_mult': 2.010282091513071, 'g_gpe_gpi_mult': 0.7125386749802676}. Best is trial 245 with value: 0.18324523642792556.
[I 2026-05-28 01:26:51,956] Trial 275 finished with value: 0.5473724103571443 and parameters: {'ISTN': 60.87738789314014, 'I_gpe': 0.6290730303364791, 'I_gpi': 2.4558018743517955, 'noise_stn_sigma': 4.242181522847237, 'noise_gpe_sigma': 81.91959830926106, 'noise_gpi_sigma': 83.22778683058647, 'g_stn_gpe_mult': 2.907366873119077, 'g_gpe_stn_mult': 0.13227463139597412, 'g_stn_gpi_mult': 2.5174318590329925, 'g_gpe_gpi_mult': 0.6834432898540153}. Best is trial 245 with value: 0.18324523642792556.
[I 2026-05-28 01:26:52,960] Trial 276 finished with value: 1.5583914631263664 and parameters: {'ISTN': 61.451640772383364, 'I_gpe': 0.9490649839520118, 'I_gpi': 1.9872131067531567, 'noise_stn_sigma': 4.545086592989454, 'noise_gpe_sigma': 87.07353776173453, 'noise_gpi_sigma': 112.75936274627479, 'g_stn_gpe_mult': 2.6073153424680946, 'g_gpe_stn_mult': 0.14296447382877053, 'g_stn_gpi_mult': 2.105155130030706, 'g_gpe_gpi_mult': 0.665181250472276}. Best is trial 245 with value: 0.18324523642792556.
[I 2026-05-28 01:26:53,965] Trial 277 finished with value: 0.214006593805678 and parameters: {'ISTN': 61.88509539945262, 'I_gpe': 0.9653923572973917, 'I_gpi': 1.9812201964696476, 'noise_stn_sigma': 3.916697312987985, 'noise_gpe_sigma': 81.3153384477035, 'noise_gpi_sigma': 101.3550018105244, 'g_stn_gpe_mult': 2.601105866008491, 'g_gpe_stn_mult': 0.13352608754757633, 'g_stn_gpi_mult': 1.8662837490136843, 'g_gpe_gpi_mult': 0.6366213170919324}. Best is trial 245 with value: 0.18324523642792556.
[I 2026-05-28 01:26:54,971] Trial 278 finished with value: 9.678618950445953 and parameters: {'ISTN': 68.49850822006512, 'I_gpe': 1.1838465204492326, 'I_gpi': 2.548585581732196, 'noise_stn_sigma': 4.172298897882861, 'noise_gpe_sigma': 87.75112508471072, 'noise_gpi_sigma': 80.7882757977186, 'g_stn_gpe_mult': 2.4008772533175913, 'g_gpe_stn_mult': 0.20392999210718504, 'g_stn_gpi_mult': 1.8458450427500974, 'g_gpe_gpi_mult': 0.638734696978624}. Best is trial 245 with value: 0.18324523642792556.
[I 2026-05-28 01:26:55,976] Trial 279 finished with value: 0.22489421153518907 and parameters: {'ISTN': 62.98550124764526, 'I_gpe': 0.9028998885299959, 'I_gpi': 2.0016401450354984, 'noise_stn_sigma': 4.496453337351445, 'noise_gpe_sigma': 89.34284560688512, 'noise_gpi_sigma': 88.03933610128978, 'g_stn_gpe_mult': 2.7804969158209705, 'g_gpe_stn_mult': 0.16305980050150956, 'g_stn_gpi_mult': 1.9836119084434445, 'g_gpe_gpi_mult': 0.6332213151758479}. Best is trial 245 with value: 0.18324523642792556.
[I 2026-05-28 01:26:56,982] Trial 280 finished with value: 9.026802350954773 and parameters: {'ISTN': 71.05930924822601, 'I_gpe': 1.2206092551794234, 'I_gpi': 1.826902345698317, 'noise_stn_sigma': 3.7009180590255486, 'noise_gpe_sigma': 90.2533732385625, 'noise_gpi_sigma': 84.58327924477224, 'g_stn_gpe_mult': 2.2843480527742757, 'g_gpe_stn_mult': 0.19170365195216388, 'g_stn_gpi_mult': 1.8600129055589922, 'g_gpe_gpi_mult': 0.7706955566568925}. Best is trial 245 with value: 0.18324523642792556.
[I 2026-05-28 01:26:57,987] Trial 281 finished with value: 2.605536799124713 and parameters: {'ISTN': 64.66912096385425, 'I_gpe': 0.704129001473068, 'I_gpi': 2.043449549010559, 'noise_stn_sigma': 3.9065955974031255, 'noise_gpe_sigma': 87.32356369232531, 'noise_gpi_sigma': 99.73717342037179, 'g_stn_gpe_mult': 2.5418838817995995, 'g_gpe_stn_mult': 0.14340305147003973, 'g_stn_gpi_mult': 2.0351566722604453, 'g_gpe_gpi_mult': 0.5956676176536411}. Best is trial 245 with value: 0.18324523642792556.
[I 2026-05-28 01:26:58,990] Trial 282 finished with value: 1.6139637148350388 and parameters: {'ISTN': 64.07347754614587, 'I_gpe': 0.7025962171991859, 'I_gpi': 2.375491930457065, 'noise_stn_sigma': 3.974114094790057, 'noise_gpe_sigma': 81.41785934510236, 'noise_gpi_sigma': 94.3758693868031, 'g_stn_gpe_mult': 2.5168243646369675, 'g_gpe_stn_mult': 0.14062832983268067, 'g_stn_gpi_mult': 2.009374360984541, 'g_gpe_gpi_mult': 0.6530509895741576}. Best is trial 245 with value: 0.18324523642792556.
[I 2026-05-28 01:26:59,997] Trial 283 finished with value: 8.822674791989346 and parameters: {'ISTN': 68.80838239483872, 'I_gpe': 0.9484969713694208, 'I_gpi': 1.9043156643579668, 'noise_stn_sigma': 4.460140969848478, 'noise_gpe_sigma': 82.19640369607748, 'noise_gpi_sigma': 83.7364139411539, 'g_stn_gpe_mult': 2.613975840650766, 'g_gpe_stn_mult': 0.1895426259584348, 'g_stn_gpi_mult': 2.4121404640685418, 'g_gpe_gpi_mult': 0.633212464332699}. Best is trial 245 with value: 0.18324523642792556.
[I 2026-05-28 01:27:01,004] Trial 284 finished with value: 0.6338406958301375 and parameters: {'ISTN': 61.80634819318343, 'I_gpe': 0.7984934819215014, 'I_gpi': 1.8511748812324267, 'noise_stn_sigma': 4.07413141224051, 'noise_gpe_sigma': 83.13896512614417, 'noise_gpi_sigma': 94.00533703179724, 'g_stn_gpe_mult': 2.549451684785552, 'g_gpe_stn_mult': 0.13885843630052502, 'g_stn_gpi_mult': 1.847568474006715, 'g_gpe_gpi_mult': 0.6352988957315326}. Best is trial 245 with value: 0.18324523642792556.
[I 2026-05-28 01:27:02,011] Trial 285 finished with value: 0.3122495889141439 and parameters: {'ISTN': 62.827416023931534, 'I_gpe': 0.9942256132137622, 'I_gpi': 2.0117082657712926, 'noise_stn_sigma': 4.31602279914656, 'noise_gpe_sigma': 83.1725142798337, 'noise_gpi_sigma': 84.2380805368725, 'g_stn_gpe_mult': 3.2432066370658568, 'g_gpe_stn_mult': 0.1554926760662976, 'g_stn_gpi_mult': 2.413427783262789, 'g_gpe_gpi_mult': 0.6530617768434385}. Best is trial 245 with value: 0.18324523642792556.
[I 2026-05-28 01:27:03,015] Trial 286 finished with value: 1.430468985399334 and parameters: {'ISTN': 62.74977926963296, 'I_gpe': 0.7358359572820055, 'I_gpi': 1.7352623759465684, 'noise_stn_sigma': 4.330621280659025, 'noise_gpe_sigma': 85.19201619648108, 'noise_gpi_sigma': 100.17854070737808, 'g_stn_gpe_mult': 2.941008139540818, 'g_gpe_stn_mult': 0.14644732751600625, 'g_stn_gpi_mult': 2.155487795995292, 'g_gpe_gpi_mult': 0.6914379822873142}. Best is trial 245 with value: 0.18324523642792556.
[I 2026-05-28 01:27:04,021] Trial 287 finished with value: 5.4246090710686605 and parameters: {'ISTN': 65.31139961957238, 'I_gpe': 0.7423129903546537, 'I_gpi': 1.9236649836859387, 'noise_stn_sigma': 4.566080291965543, 'noise_gpe_sigma': 80.74689455317296, 'noise_gpi_sigma': 81.41403390859602, 'g_stn_gpe_mult': 2.6579736448693962, 'g_gpe_stn_mult': 0.1917245604302425, 'g_stn_gpi_mult': 2.0409367530688836, 'g_gpe_gpi_mult': 0.6749131429915598}. Best is trial 245 with value: 0.18324523642792556.
[I 2026-05-28 01:27:05,026] Trial 288 finished with value: 0.5550421217542212 and parameters: {'ISTN': 61.16143610217369, 'I_gpe': 1.0006345345370216, 'I_gpi': 2.188509044299793, 'noise_stn_sigma': 4.052071047275211, 'noise_gpe_sigma': 86.7548000446117, 'noise_gpi_sigma': 105.00412873329729, 'g_stn_gpe_mult': 2.77199070090784, 'g_gpe_stn_mult': 0.12057643101366786, 'g_stn_gpi_mult': 1.6672983415121971, 'g_gpe_gpi_mult': 0.6372726617393537}. Best is trial 245 with value: 0.18324523642792556.
[I 2026-05-28 01:27:06,030] Trial 289 finished with value: 5.305229974561699 and parameters: {'ISTN': 67.61372176196558, 'I_gpe': 0.5483547661988083, 'I_gpi': 2.3968086556550325, 'noise_stn_sigma': 4.360593551793525, 'noise_gpe_sigma': 93.55932342629315, 'noise_gpi_sigma': 112.15911637979175, 'g_stn_gpe_mult': 2.9312083997726095, 'g_gpe_stn_mult': 0.18938910099516193, 'g_stn_gpi_mult': 2.3474496237886724, 'g_gpe_gpi_mult': 0.6307884365313825}. Best is trial 245 with value: 0.18324523642792556.
[I 2026-05-28 01:27:07,035] Trial 290 finished with value: 1.9133609063556827 and parameters: {'ISTN': 66.99745601702182, 'I_gpe': 0.6250311981619089, 'I_gpi': 1.9151651749631413, 'noise_stn_sigma': 4.069548832917991, 'noise_gpe_sigma': 79.68937956543351, 'noise_gpi_sigma': 106.48295794364581, 'g_stn_gpe_mult': 2.4637595149131277, 'g_gpe_stn_mult': 0.15828889054229955, 'g_stn_gpi_mult': 2.1307757108123093, 'g_gpe_gpi_mult': 0.6286394522156444}. Best is trial 245 with value: 0.18324523642792556.
[I 2026-05-28 01:27:08,041] Trial 291 finished with value: 0.23081400423548545 and parameters: {'ISTN': 63.031838697515646, 'I_gpe': 0.888914474833002, 'I_gpi': 2.0239704791880166, 'noise_stn_sigma': 4.530018759019201, 'noise_gpe_sigma': 77.91147308958995, 'noise_gpi_sigma': 84.52661124981584, 'g_stn_gpe_mult': 2.916468404113079, 'g_gpe_stn_mult': 0.17758844406587038, 'g_stn_gpi_mult': 2.148101758505068, 'g_gpe_gpi_mult': 0.703721690143227}. Best is trial 245 with value: 0.18324523642792556.
[I 2026-05-28 01:27:09,045] Trial 292 finished with value: 0.40129358182261665 and parameters: {'ISTN': 64.49608114819503, 'I_gpe': 0.9279706004079162, 'I_gpi': 1.5339853666590328, 'noise_stn_sigma': 3.5198373928264743, 'noise_gpe_sigma': 71.40362661975934, 'noise_gpi_sigma': 95.93554342173388, 'g_stn_gpe_mult': 2.4818221768756787, 'g_gpe_stn_mult': 0.14997373069857656, 'g_stn_gpi_mult': 1.9629669786538857, 'g_gpe_gpi_mult': 0.7002600682533524}. Best is trial 245 with value: 0.18324523642792556.
[I 2026-05-28 01:27:10,049] Trial 293 finished with value: 0.3998538554289675 and parameters: {'ISTN': 60.814776527631174, 'I_gpe': 1.1269378992205326, 'I_gpi': 2.012701131388087, 'noise_stn_sigma': 4.087224712378935, 'noise_gpe_sigma': 76.75821286302872, 'noise_gpi_sigma': 108.26809328498858, 'g_stn_gpe_mult': 2.821647384328616, 'g_gpe_stn_mult': 0.1166455793365979, 'g_stn_gpi_mult': 1.95637507401939, 'g_gpe_gpi_mult': 0.6270596022565498}. Best is trial 245 with value: 0.18324523642792556.
[I 2026-05-28 01:27:11,054] Trial 294 finished with value: 0.19459232767539927 and parameters: {'ISTN': 63.730147081389745, 'I_gpe': 1.1039641772097069, 'I_gpi': 2.0222075529900065, 'noise_stn_sigma': 3.744870896932005, 'noise_gpe_sigma': 79.12684039880025, 'noise_gpi_sigma': 90.0092369798465, 'g_stn_gpe_mult': 2.8827684517603043, 'g_gpe_stn_mult': 0.11199073792725175, 'g_stn_gpi_mult': 1.9447719807896204, 'g_gpe_gpi_mult': 0.6359261669310106}. Best is trial 245 with value: 0.18324523642792556.
[I 2026-05-28 01:27:12,057] Trial 295 finished with value: 3.2636135997297755 and parameters: {'ISTN': 68.2379696948735, 'I_gpe': 0.9276198294873309, 'I_gpi': 2.509516097755867, 'noise_stn_sigma': 3.707024719694596, 'noise_gpe_sigma': 90.16189276209906, 'noise_gpi_sigma': 100.48810757951026, 'g_stn_gpe_mult': 2.899708045430639, 'g_gpe_stn_mult': 0.17567891182653642, 'g_stn_gpi_mult': 2.086633436353316, 'g_gpe_gpi_mult': 0.6715057901189889}. Best is trial 245 with value: 0.18324523642792556.
[I 2026-05-28 01:27:13,062] Trial 296 finished with value: 0.32415083265006384 and parameters: {'ISTN': 63.08087659214193, 'I_gpe': 0.6271085312787037, 'I_gpi': 1.954755251228386, 'noise_stn_sigma': 3.890122242497694, 'noise_gpe_sigma': 78.37496331480352, 'noise_gpi_sigma': 90.67614742235737, 'g_stn_gpe_mult': 3.014997515257148, 'g_gpe_stn_mult': 0.14349906645942273, 'g_stn_gpi_mult': 2.2681966837836622, 'g_gpe_gpi_mult': 0.5981684764973769}. Best is trial 245 with value: 0.18324523642792556.
[I 2026-05-28 01:27:14,066] Trial 297 finished with value: 0.4139884706875682 and parameters: {'ISTN': 63.94540081476325, 'I_gpe': 1.0870830441099577, 'I_gpi': 2.049267915957964, 'noise_stn_sigma': 3.765363758420251, 'noise_gpe_sigma': 74.84196755357067, 'noise_gpi_sigma': 85.23771671990797, 'g_stn_gpe_mult': 2.8275239609656104, 'g_gpe_stn_mult': 0.12695126544890423, 'g_stn_gpi_mult': 1.7775852964999632, 'g_gpe_gpi_mult': 0.7611060858715772}. Best is trial 245 with value: 0.18324523642792556.
[I 2026-05-28 01:27:15,071] Trial 298 finished with value: 11.958888231493914 and parameters: {'ISTN': 73.75000072732837, 'I_gpe': 0.7102148362126317, 'I_gpi': 1.7773797487691378, 'noise_stn_sigma': 3.521100902055665, 'noise_gpe_sigma': 80.56118771951058, 'noise_gpi_sigma': 92.27137299432772, 'g_stn_gpe_mult': 2.7324729665589755, 'g_gpe_stn_mult': 0.18162182229518326, 'g_stn_gpi_mult': 2.0722322652059475, 'g_gpe_gpi_mult': 0.59446126903134}. Best is trial 245 with value: 0.18324523642792556.
[I 2026-05-28 01:27:16,075] Trial 299 finished with value: 0.25213589632684036 and parameters: {'ISTN': 66.89408683023818, 'I_gpe': 0.9770235636774849, 'I_gpi': 2.2340385679106096, 'noise_stn_sigma': 3.841615473784349, 'noise_gpe_sigma': 74.59478434614375, 'noise_gpi_sigma': 101.91651039891366, 'g_stn_gpe_mult': 2.828907510504214, 'g_gpe_stn_mult': 0.10775134728330554, 'g_stn_gpi_mult': 1.6322060643532668, 'g_gpe_gpi_mult': 0.6595880337416744}. Best is trial 245 with value: 0.18324523642792556.
[I 2026-05-28 01:27:17,078] Trial 300 finished with value: 3.8292170197900677 and parameters: {'ISTN': 62.660538874658506, 'I_gpe': 1.1075954682094067, 'I_gpi': 2.0706387204084904, 'noise_stn_sigma': 4.323639689762535, 'noise_gpe_sigma': 100.4109672466254, 'noise_gpi_sigma': 91.59002411327718, 'g_stn_gpe_mult': 3.0569474975063433, 'g_gpe_stn_mult': 0.1409727140105452, 'g_stn_gpi_mult': 2.079861171213845, 'g_gpe_gpi_mult': 0.668469748354213}. Best is trial 245 with value: 0.18324523642792556.
[I 2026-05-28 01:27:18,086] Trial 301 finished with value: 1.5454350553659117 and parameters: {'ISTN': 64.92592021350981, 'I_gpe': 0.805600215925926, 'I_gpi': 2.2538753233828035, 'noise_stn_sigma': 5.075427322034569, 'noise_gpe_sigma': 79.51989683390775, 'noise_gpi_sigma': 92.27171203721737, 'g_stn_gpe_mult': 3.0724204398020083, 'g_gpe_stn_mult': 0.15765060146976073, 'g_stn_gpi_mult': 2.032097159071862, 'g_gpe_gpi_mult': 0.6918328073875499}. Best is trial 245 with value: 0.18324523642792556.
[I 2026-05-28 01:27:19,094] Trial 302 finished with value: 0.21385279274729604 and parameters: {'ISTN': 60.55404005062971, 'I_gpe': 1.0017385515190316, 'I_gpi': 2.4711086169122023, 'noise_stn_sigma': 3.8568954989706246, 'noise_gpe_sigma': 72.55171765769632, 'noise_gpi_sigma': 98.22526266654461, 'g_stn_gpe_mult': 3.275052254036021, 'g_gpe_stn_mult': 0.15299661734149173, 'g_stn_gpi_mult': 1.879505179726471, 'g_gpe_gpi_mult': 0.6655776514955661}. Best is trial 245 with value: 0.18324523642792556.
[I 2026-05-28 01:27:20,099] Trial 303 finished with value: 4.67705617003659 and parameters: {'ISTN': 65.59608232542577, 'I_gpe': 0.9461098208614438, 'I_gpi': 1.8233082567119423, 'noise_stn_sigma': 4.4573007574918915, 'noise_gpe_sigma': 76.51926404993199, 'noise_gpi_sigma': 89.80366051829458, 'g_stn_gpe_mult': 2.9532608842889934, 'g_gpe_stn_mult': 0.2097343517388343, 'g_stn_gpi_mult': 1.974707839178954, 'g_gpe_gpi_mult': 0.6117225137372733}. Best is trial 245 with value: 0.18324523642792556.
[I 2026-05-28 01:27:21,103] Trial 304 finished with value: 0.4930358916640776 and parameters: {'ISTN': 63.00347816603911, 'I_gpe': 1.1730400055182844, 'I_gpi': 1.5389279115648757, 'noise_stn_sigma': 3.575670919600312, 'noise_gpe_sigma': 90.8561847399553, 'noise_gpi_sigma': 81.42892729030615, 'g_stn_gpe_mult': 2.42018468984951, 'g_gpe_stn_mult': 0.1210874563863208, 'g_stn_gpi_mult': 1.921379460976051, 'g_gpe_gpi_mult': 0.5954082518203296}. Best is trial 245 with value: 0.18324523642792556.
[I 2026-05-28 01:27:22,109] Trial 305 finished with value: 0.21180624184441982 and parameters: {'ISTN': 62.48231393374282, 'I_gpe': 0.9310719585651801, 'I_gpi': 2.147737799811093, 'noise_stn_sigma': 3.623584782432905, 'noise_gpe_sigma': 71.1861592449568, 'noise_gpi_sigma': 85.94475065171015, 'g_stn_gpe_mult': 2.8007679209901823, 'g_gpe_stn_mult': 0.12264689688144678, 'g_stn_gpi_mult': 1.9141952920272092, 'g_gpe_gpi_mult': 0.6273473849719344}. Best is trial 245 with value: 0.18324523642792556.
[I 2026-05-28 01:27:23,115] Trial 306 finished with value: 7.462613983005234 and parameters: {'ISTN': 68.69578023601574, 'I_gpe': 0.9237067029001376, 'I_gpi': 2.351541382199113, 'noise_stn_sigma': 4.59714787820895, 'noise_gpe_sigma': 75.81102226121311, 'noise_gpi_sigma': 97.05565623678561, 'g_stn_gpe_mult': 2.8005338361697287, 'g_gpe_stn_mult': 0.1598968430213554, 'g_stn_gpi_mult': 1.7638449281508808, 'g_gpe_gpi_mult': 0.6834283803092015}. Best is trial 245 with value: 0.18324523642792556.
[I 2026-05-28 01:27:24,117] Trial 307 finished with value: 0.3216791925949375 and parameters: {'ISTN': 63.478816657193974, 'I_gpe': 0.993095100280912, 'I_gpi': 2.05188391334113, 'noise_stn_sigma': 4.426251687476894, 'noise_gpe_sigma': 72.49754257891902, 'noise_gpi_sigma': 89.74588030518227, 'g_stn_gpe_mult': 3.3785962797053957, 'g_gpe_stn_mult': 0.1652429224893971, 'g_stn_gpi_mult': 2.0082141649798655, 'g_gpe_gpi_mult': 0.6985633353940122}. Best is trial 245 with value: 0.18324523642792556.
