[I 2026-05-28 02:21:16,017] Trial 484 finished with value: 0.5006970415054843 and parameters: {'ISTN': 60.112467118668995, 'I_gpe': 1.3240401221366238, 'I_gpi': 1.7248903761882257, 'noise_stn_sigma': 4.863133935906907, 'noise_gpe_sigma': 115.19435817375975, 'noise_gpi_sigma': 86.15869307783998, 'g_stn_gpe_mult': 2.398875903707083, 'g_gpe_stn_mult': 0.143081213940104, 'g_stn_gpi_mult': 2.5384625407150283, 'g_gpe_gpi_mult': 0.8389956803555922}. Best is trial 444 with value: 0.4849072040579033.
[I 2026-05-28 02:21:17,023] Trial 485 finished with value: 0.5049557830385861 and parameters: {'ISTN': 60.46718231055019, 'I_gpe': 1.3400890796294407, 'I_gpi': 1.7922666243381926, 'noise_stn_sigma': 4.767086988910476, 'noise_gpe_sigma': 113.28426611698855, 'noise_gpi_sigma': 75.4300836939224, 'g_stn_gpe_mult': 2.3702298016536134, 'g_gpe_stn_mult': 0.13312864613077074, 'g_stn_gpi_mult': 2.4696959668160674, 'g_gpe_gpi_mult': 0.8163733397742579}. Best is trial 444 with value: 0.4849072040579033.
[I 2026-05-28 02:21:18,030] Trial 486 finished with value: 0.5016485866505378 and parameters: {'ISTN': 60.29682145977735, 'I_gpe': 1.2451205718318614, 'I_gpi': 1.806212523966737, 'noise_stn_sigma': 4.989027284123409, 'noise_gpe_sigma': 120.71802187589691, 'noise_gpi_sigma': 78.03015003996828, 'g_stn_gpe_mult': 2.5634118496510685, 'g_gpe_stn_mult': 0.1312358707461291, 'g_stn_gpi_mult': 2.3365250559307738, 'g_gpe_gpi_mult': 0.8249843430381831}. Best is trial 444 with value: 0.4849072040579033.
[I 2026-05-28 02:21:19,039] Trial 487 finished with value: 0.5078514741618839 and parameters: {'ISTN': 61.69429595710527, 'I_gpe': 1.207837630404844, 'I_gpi': 1.9361691837392765, 'noise_stn_sigma': 4.996226220825934, 'noise_gpe_sigma': 111.21473871068777, 'noise_gpi_sigma': 89.59062993317768, 'g_stn_gpe_mult': 2.4732993472229126, 'g_gpe_stn_mult': 0.13241638613297627, 'g_stn_gpi_mult': 2.5480449237631726, 'g_gpe_gpi_mult': 0.8939654699326924}. Best is trial 444 with value: 0.4849072040579033.
[I 2026-05-28 02:21:20,046] Trial 488 finished with value: 0.5490535231010071 and parameters: {'ISTN': 62.63698639430011, 'I_gpe': 1.4024134019142416, 'I_gpi': 2.183827767543145, 'noise_stn_sigma': 4.966553904027911, 'noise_gpe_sigma': 112.79914909121212, 'noise_gpi_sigma': 76.49979604181428, 'g_stn_gpe_mult': 2.1529443658022327, 'g_gpe_stn_mult': 0.11238553696008007, 'g_stn_gpi_mult': 2.3960226778503944, 'g_gpe_gpi_mult': 0.8404370784773894}. Best is trial 444 with value: 0.4849072040579033.
[I 2026-05-28 02:21:21,054] Trial 489 finished with value: 0.5690624622060333 and parameters: {'ISTN': 61.793124955874546, 'I_gpe': 1.2899379596746297, 'I_gpi': 1.9237103312922224, 'noise_stn_sigma': 4.903903804890358, 'noise_gpe_sigma': 114.13021491537852, 'noise_gpi_sigma': 78.62785033511496, 'g_stn_gpe_mult': 2.3081677638856712, 'g_gpe_stn_mult': 0.13317783185755774, 'g_stn_gpi_mult': 2.4037693107110076, 'g_gpe_gpi_mult': 0.800008311690253}. Best is trial 444 with value: 0.4849072040579033.
[I 2026-05-28 02:21:22,062] Trial 490 finished with value: 0.49898096608463655 and parameters: {'ISTN': 61.142764845795945, 'I_gpe': 1.2516413632702232, 'I_gpi': 2.0868378077650798, 'noise_stn_sigma': 4.863797527571645, 'noise_gpe_sigma': 114.00806708575259, 'noise_gpi_sigma': 84.53011829214846, 'g_stn_gpe_mult': 2.278285148550246, 'g_gpe_stn_mult': 0.13058618296383115, 'g_stn_gpi_mult': 2.3740881906823317, 'g_gpe_gpi_mult': 0.8858044552983213}. Best is trial 444 with value: 0.4849072040579033.
[I 2026-05-28 02:21:23,068] Trial 491 finished with value: 0.5176678395732837 and parameters: {'ISTN': 61.46052298913141, 'I_gpe': 1.3497175278107452, 'I_gpi': 1.9180983700980159, 'noise_stn_sigma': 4.951927070794012, 'noise_gpe_sigma': 116.15159247141526, 'noise_gpi_sigma': 79.31412844867123, 'g_stn_gpe_mult': 2.199873734309345, 'g_gpe_stn_mult': 0.14181330755473925, 'g_stn_gpi_mult': 2.3865219984573045, 'g_gpe_gpi_mult': 0.8411629215530878}. Best is trial 444 with value: 0.4849072040579033.
[I 2026-05-28 02:21:24,077] Trial 492 finished with value: 0.501482241099162 and parameters: {'ISTN': 60.17715772840489, 'I_gpe': 1.4227090859436198, 'I_gpi': 1.9145326300025856, 'noise_stn_sigma': 5.051689783964386, 'noise_gpe_sigma': 120.50450005194597, 'noise_gpi_sigma': 87.16298017083555, 'g_stn_gpe_mult': 2.210859990388538, 'g_gpe_stn_mult': 0.15823288947571423, 'g_stn_gpi_mult': 2.349110256035432, 'g_gpe_gpi_mult': 0.8561702219687655}. Best is trial 444 with value: 0.4849072040579033.
[I 2026-05-28 02:21:25,084] Trial 493 finished with value: 0.4961396759635747 and parameters: {'ISTN': 60.12788294973602, 'I_gpe': 1.2641168012022224, 'I_gpi': 2.01861271984112, 'noise_stn_sigma': 4.708477709371917, 'noise_gpe_sigma': 116.02245395694624, 'noise_gpi_sigma': 80.72792827253076, 'g_stn_gpe_mult': 2.2994124176204673, 'g_gpe_stn_mult': 0.14022644492297093, 'g_stn_gpi_mult': 2.4866866464933532, 'g_gpe_gpi_mult': 0.8312275620724643}. Best is trial 444 with value: 0.4849072040579033.
[I 2026-05-28 02:21:26,088] Trial 494 finished with value: 0.49828014456571507 and parameters: {'ISTN': 60.51084878262796, 'I_gpe': 1.280238621882684, 'I_gpi': 2.132431459562322, 'noise_stn_sigma': 4.650777895968233, 'noise_gpe_sigma': 114.83998153864334, 'noise_gpi_sigma': 88.68442915338653, 'g_stn_gpe_mult': 2.4350748389148906, 'g_gpe_stn_mult': 0.13237280910279162, 'g_stn_gpi_mult': 2.4761598898586223, 'g_gpe_gpi_mult': 0.8810271054974419}. Best is trial 444 with value: 0.4849072040579033.
[I 2026-05-28 02:21:27,093] Trial 495 finished with value: 0.621270198764322 and parameters: {'ISTN': 62.21362985538746, 'I_gpe': 1.3487548105372547, 'I_gpi': 1.9763506679828926, 'noise_stn_sigma': 4.948077854054147, 'noise_gpe_sigma': 119.01974348399185, 'noise_gpi_sigma': 81.40226132132213, 'g_stn_gpe_mult': 1.9693730687508177, 'g_gpe_stn_mult': 0.1321101164851087, 'g_stn_gpi_mult': 2.3091083239322883, 'g_gpe_gpi_mult': 0.841642297518582}. Best is trial 444 with value: 0.4849072040579033.
[I 2026-05-28 02:21:28,101] Trial 496 finished with value: 0.6471363909833046 and parameters: {'ISTN': 62.161398704059835, 'I_gpe': 1.323000103697852, 'I_gpi': 2.0587210222217536, 'noise_stn_sigma': 4.996654534521184, 'noise_gpe_sigma': 113.95654244830114, 'noise_gpi_sigma': 87.43724029959789, 'g_stn_gpe_mult': 2.1905689128769064, 'g_gpe_stn_mult': 0.14067209928602878, 'g_stn_gpi_mult': 2.531050342091325, 'g_gpe_gpi_mult': 0.8583813629710402}. Best is trial 444 with value: 0.4849072040579033.
[I 2026-05-28 02:21:29,108] Trial 497 finished with value: 0.5619166511258216 and parameters: {'ISTN': 63.20222328100951, 'I_gpe': 1.3774566779922641, 'I_gpi': 2.0091267001481077, 'noise_stn_sigma': 5.507379318403162, 'noise_gpe_sigma': 117.36243131320236, 'noise_gpi_sigma': 78.42790917470498, 'g_stn_gpe_mult': 2.2090440412989443, 'g_gpe_stn_mult': 0.10191089191981663, 'g_stn_gpi_mult': 2.1767496839757348, 'g_gpe_gpi_mult': 0.8091902783709981}. Best is trial 444 with value: 0.4849072040579033.
[I 2026-05-28 02:21:30,118] Trial 498 finished with value: 0.5069423525679603 and parameters: {'ISTN': 62.00871254733347, 'I_gpe': 1.3717456998501065, 'I_gpi': 1.9783916514579394, 'noise_stn_sigma': 5.351813697646714, 'noise_gpe_sigma': 118.60480945948744, 'noise_gpi_sigma': 82.95591413974421, 'g_stn_gpe_mult': 2.157393539553513, 'g_gpe_stn_mult': 0.1226237540919547, 'g_stn_gpi_mult': 2.343475324858101, 'g_gpe_gpi_mult': 0.8734416945137748}. Best is trial 444 with value: 0.4849072040579033.
[I 2026-05-28 02:21:31,126] Trial 499 finished with value: 0.6085324779982046 and parameters: {'ISTN': 61.497778394395695, 'I_gpe': 1.3399476884937842, 'I_gpi': 1.8196430078218577, 'noise_stn_sigma': 5.293625744241511, 'noise_gpe_sigma': 116.01231472339161, 'noise_gpi_sigma': 83.65413871864399, 'g_stn_gpe_mult': 2.2120258220170665, 'g_gpe_stn_mult': 0.14376211381719942, 'g_stn_gpi_mult': 2.3634869398870744, 'g_gpe_gpi_mult': 0.8324487106112675}. Best is trial 444 with value: 0.4849072040579033.
[I 2026-05-28 02:21:32,133] Trial 500 finished with value: 0.5507779699851935 and parameters: {'ISTN': 60.45101712751219, 'I_gpe': 1.4472483856052065, 'I_gpi': 2.071546121553502, 'noise_stn_sigma': 5.169606843370985, 'noise_gpe_sigma': 116.07620456930296, 'noise_gpi_sigma': 78.6378464243291, 'g_stn_gpe_mult': 2.0679912171903427, 'g_gpe_stn_mult': 0.11126311561526438, 'g_stn_gpi_mult': 2.3704797836982734, 'g_gpe_gpi_mult': 0.8419797458847618}. Best is trial 444 with value: 0.4849072040579033.
[I 2026-05-28 02:21:33,140] Trial 501 finished with value: 0.5933465930386678 and parameters: {'ISTN': 61.119787172600475, 'I_gpe': 1.4466508296497862, 'I_gpi': 2.018244394396606, 'noise_stn_sigma': 5.033965968354712, 'noise_gpe_sigma': 115.73795632852038, 'noise_gpi_sigma': 83.6164580059862, 'g_stn_gpe_mult': 2.297696280122569, 'g_gpe_stn_mult': 0.15092214983190055, 'g_stn_gpi_mult': 2.4082050395523797, 'g_gpe_gpi_mult': 0.8790964050279075}. Best is trial 444 with value: 0.4849072040579033.
[I 2026-05-28 02:21:34,146] Trial 502 finished with value: 0.5202166201398443 and parameters: {'ISTN': 60.2911545904609, 'I_gpe': 1.3543296338314321, 'I_gpi': 2.0602155375917635, 'noise_stn_sigma': 4.96152788460853, 'noise_gpe_sigma': 115.5709154878468, 'noise_gpi_sigma': 74.48718638305178, 'g_stn_gpe_mult': 2.1864617377315136, 'g_gpe_stn_mult': 0.1257986778185019, 'g_stn_gpi_mult': 2.4519423257802173, 'g_gpe_gpi_mult': 0.7908665871335461}. Best is trial 444 with value: 0.4849072040579033.
[I 2026-05-28 02:21:35,152] Trial 503 finished with value: 0.5221018525853877 and parameters: {'ISTN': 61.0449718438962, 'I_gpe': 1.0751674394557238, 'I_gpi': 2.1679708228352927, 'noise_stn_sigma': 4.447190302497294, 'noise_gpe_sigma': 115.71331667280344, 'noise_gpi_sigma': 89.90919065905311, 'g_stn_gpe_mult': 2.4255227485250592, 'g_gpe_stn_mult': 0.12672324437395271, 'g_stn_gpi_mult': 2.454496355423987, 'g_gpe_gpi_mult': 0.8782882491014621}. Best is trial 444 with value: 0.4849072040579033.
[I 2026-05-28 02:21:36,159] Trial 504 finished with value: 0.500740784853308 and parameters: {'ISTN': 60.73651855231469, 'I_gpe': 1.3742458389369447, 'I_gpi': 1.942975951421174, 'noise_stn_sigma': 4.760527658404214, 'noise_gpe_sigma': 115.69286070257016, 'noise_gpi_sigma': 87.87036161811336, 'g_stn_gpe_mult': 2.242762198596126, 'g_gpe_stn_mult': 0.12782173034073432, 'g_stn_gpi_mult': 2.3430883762227825, 'g_gpe_gpi_mult': 0.8615287329618968}. Best is trial 444 with value: 0.4849072040579033.
[I 2026-05-28 02:21:37,164] Trial 505 finished with value: 0.5025118879872379 and parameters: {'ISTN': 60.79367216318557, 'I_gpe': 1.3395479293132018, 'I_gpi': 1.968217997093736, 'noise_stn_sigma': 4.626702200838574, 'noise_gpe_sigma': 117.60449450548847, 'noise_gpi_sigma': 81.64922570707401, 'g_stn_gpe_mult': 2.3954639312254242, 'g_gpe_stn_mult': 0.13553512215256985, 'g_stn_gpi_mult': 2.557685462409103, 'g_gpe_gpi_mult': 0.8653785023830161}. Best is trial 444 with value: 0.4849072040579033.
[I 2026-05-28 02:21:38,171] Trial 506 finished with value: 0.524390847106176 and parameters: {'ISTN': 61.47254138033156, 'I_gpe': 1.2960073064460826, 'I_gpi': 2.008113111812343, 'noise_stn_sigma': 4.738112771805389, 'noise_gpe_sigma': 119.20926121141139, 'noise_gpi_sigma': 83.19663721041198, 'g_stn_gpe_mult': 2.5123152263468, 'g_gpe_stn_mult': 0.14853373870687417, 'g_stn_gpi_mult': 2.5203183311786117, 'g_gpe_gpi_mult': 0.8364488649303214}. Best is trial 444 with value: 0.4849072040579033.
[I 2026-05-28 02:21:39,178] Trial 507 finished with value: 0.494955258260852 and parameters: {'ISTN': 60.4103260432241, 'I_gpe': 1.206972481965924, 'I_gpi': 2.165666872190302, 'noise_stn_sigma': 4.856912839253554, 'noise_gpe_sigma': 116.08369319894224, 'noise_gpi_sigma': 91.27303713017112, 'g_stn_gpe_mult': 2.270408852189945, 'g_gpe_stn_mult': 0.13917093935036207, 'g_stn_gpi_mult': 2.4343205637341105, 'g_gpe_gpi_mult': 0.8980036687102426}. Best is trial 444 with value: 0.4849072040579033.
[I 2026-05-28 02:21:40,185] Trial 508 finished with value: 0.528673991794716 and parameters: {'ISTN': 61.63406116548272, 'I_gpe': 1.3940524998502841, 'I_gpi': 2.1207206438889425, 'noise_stn_sigma': 4.704753087389581, 'noise_gpe_sigma': 114.75642102915623, 'noise_gpi_sigma': 81.923417699897, 'g_stn_gpe_mult': 2.2861759918652957, 'g_gpe_stn_mult': 0.13521459789836676, 'g_stn_gpi_mult': 2.472165900796358, 'g_gpe_gpi_mult': 0.8357742777306978}. Best is trial 444 with value: 0.4849072040579033.
[I 2026-05-28 02:21:41,191] Trial 509 finished with value: 0.5049385131455753 and parameters: {'ISTN': 61.424765756620765, 'I_gpe': 1.2259308636472346, 'I_gpi': 1.9728182756570445, 'noise_stn_sigma': 4.723566170328274, 'noise_gpe_sigma': 114.50941703214406, 'noise_gpi_sigma': 82.36005082890017, 'g_stn_gpe_mult': 2.489481010063992, 'g_gpe_stn_mult': 0.1295779459396167, 'g_stn_gpi_mult': 2.487319727018242, 'g_gpe_gpi_mult': 0.8853627203572161}. Best is trial 444 with value: 0.4849072040579033.
[I 2026-05-28 02:21:42,197] Trial 510 finished with value: 0.5064567669598262 and parameters: {'ISTN': 60.01761475036177, 'I_gpe': 1.2332521434121506, 'I_gpi': 2.167019154895569, 'noise_stn_sigma': 4.722885638442093, 'noise_gpe_sigma': 113.84366681528876, 'noise_gpi_sigma': 82.2440494478452, 'g_stn_gpe_mult': 2.159138225271912, 'g_gpe_stn_mult': 0.13787668692997856, 'g_stn_gpi_mult': 2.420836407812262, 'g_gpe_gpi_mult': 0.8432279243720511}. Best is trial 444 with value: 0.4849072040579033.
[I 2026-05-28 02:21:43,204] Trial 511 finished with value: 0.5052766096946657 and parameters: {'ISTN': 61.76075607859925, 'I_gpe': 1.1520259896958691, 'I_gpi': 2.018827938058526, 'noise_stn_sigma': 4.858801843584675, 'noise_gpe_sigma': 114.88061018469054, 'noise_gpi_sigma': 87.73641391283097, 'g_stn_gpe_mult': 2.3586617330774, 'g_gpe_stn_mult': 0.12535025111541273, 'g_stn_gpi_mult': 2.432212074578412, 'g_gpe_gpi_mult': 0.8813016405526026}. Best is trial 444 with value: 0.4849072040579033.
[I 2026-05-28 02:21:44,212] Trial 512 finished with value: 0.4961538585233378 and parameters: {'ISTN': 60.10350589717151, 'I_gpe': 1.307621229975423, 'I_gpi': 2.1726846462729035, 'noise_stn_sigma': 4.94837354307949, 'noise_gpe_sigma': 120.45557119705322, 'noise_gpi_sigma': 93.28367866735512, 'g_stn_gpe_mult': 2.2721691425645076, 'g_gpe_stn_mult': 0.12558589631912156, 'g_stn_gpi_mult': 2.3254349668110317, 'g_gpe_gpi_mult': 0.8520572557927686}. Best is trial 444 with value: 0.4849072040579033.
[I 2026-05-28 02:21:45,221] Trial 513 finished with value: 0.5443778024818171 and parameters: {'ISTN': 60.69905305025036, 'I_gpe': 1.2760541059188342, 'I_gpi': 2.1487616333955177, 'noise_stn_sigma': 4.5339543808644045, 'noise_gpe_sigma': 118.76643563336775, 'noise_gpi_sigma': 87.98167328515656, 'g_stn_gpe_mult': 2.1629129122693147, 'g_gpe_stn_mult': 0.16048455470878706, 'g_stn_gpi_mult': 2.491421287667069, 'g_gpe_gpi_mult': 0.887282521907768}. Best is trial 444 with value: 0.4849072040579033.
[I 2026-05-28 02:21:46,229] Trial 514 finished with value: 0.5800501341039661 and parameters: {'ISTN': 60.73030942043259, 'I_gpe': 1.1000017660393357, 'I_gpi': 2.0920156084219057, 'noise_stn_sigma': 4.53183163424311, 'noise_gpe_sigma': 112.86554974849193, 'noise_gpi_sigma': 92.37487683436152, 'g_stn_gpe_mult': 2.2684014467772426, 'g_gpe_stn_mult': 0.15031503244449956, 'g_stn_gpi_mult': 2.433463083719396, 'g_gpe_gpi_mult': 0.861077379444408}. Best is trial 444 with value: 0.4849072040579033.
[I 2026-05-28 02:21:47,237] Trial 515 finished with value: 0.5095467177277718 and parameters: {'ISTN': 61.920304113322125, 'I_gpe': 1.231384482389628, 'I_gpi': 1.8991250563090802, 'noise_stn_sigma': 4.890259191925495, 'noise_gpe_sigma': 113.18979762054401, 'noise_gpi_sigma': 89.46103243486547, 'g_stn_gpe_mult': 2.2505042141956344, 'g_gpe_stn_mult': 0.13153002784598666, 'g_stn_gpi_mult': 2.5553119518950385, 'g_gpe_gpi_mult': 0.8921754831081143}. Best is trial 444 with value: 0.4849072040579033.
[I 2026-05-28 02:21:48,242] Trial 516 finished with value: 0.5020709615264399 and parameters: {'ISTN': 60.57618773233097, 'I_gpe': 1.2911692956947654, 'I_gpi': 1.8947205592682268, 'noise_stn_sigma': 4.6608004508912995, 'noise_gpe_sigma': 114.31289873016986, 'noise_gpi_sigma': 85.55413541713921, 'g_stn_gpe_mult': 2.1213460293523547, 'g_gpe_stn_mult': 0.13930115971913729, 'g_stn_gpi_mult': 2.3738276870725676, 'g_gpe_gpi_mult': 0.8504899397124521}. Best is trial 444 with value: 0.4849072040579033.
[I 2026-05-28 02:21:49,249] Trial 517 finished with value: 0.49709205574345827 and parameters: {'ISTN': 61.189443249216765, 'I_gpe': 1.3455380060104378, 'I_gpi': 2.0976563969735604, 'noise_stn_sigma': 4.986575041477978, 'noise_gpe_sigma': 118.12826663770386, 'noise_gpi_sigma': 85.54752993887408, 'g_stn_gpe_mult': 2.342469058832545, 'g_gpe_stn_mult': 0.1319925446103646, 'g_stn_gpi_mult': 2.336119132873648, 'g_gpe_gpi_mult': 0.8967345280373462}. Best is trial 444 with value: 0.4849072040579033.
[I 2026-05-28 02:21:50,257] Trial 518 finished with value: 0.5155937184941416 and parameters: {'ISTN': 61.404776965036675, 'I_gpe': 1.372126346353627, 'I_gpi': 1.896585845955141, 'noise_stn_sigma': 5.031042710347842, 'noise_gpe_sigma': 116.3660107860418, 'noise_gpi_sigma': 90.60146615926165, 'g_stn_gpe_mult': 2.24377296169571, 'g_gpe_stn_mult': 0.13603472912113415, 'g_stn_gpi_mult': 2.318290211204973, 'g_gpe_gpi_mult': 0.8960042530522612}. Best is trial 444 with value: 0.4849072040579033.
[I 2026-05-28 02:21:51,264] Trial 519 finished with value: 1.0600710890661174 and parameters: {'ISTN': 62.64960817591116, 'I_gpe': 1.2016389574525148, 'I_gpi': 2.1763803813875593, 'noise_stn_sigma': 4.582977658643938, 'noise_gpe_sigma': 116.25925266944108, 'noise_gpi_sigma': 91.12200073105375, 'g_stn_gpe_mult': 2.2901190991630695, 'g_gpe_stn_mult': 0.1472290548403212, 'g_stn_gpi_mult': 2.4116396506999878, 'g_gpe_gpi_mult': 0.8618350426396924}. Best is trial 444 with value: 0.4849072040579033.
[I 2026-05-28 02:21:52,269] Trial 520 finished with value: 0.5329270892304909 and parameters: {'ISTN': 60.63569396704207, 'I_gpe': 1.0860918686628491, 'I_gpi': 2.0671783864972966, 'noise_stn_sigma': 4.583932398214662, 'noise_gpe_sigma': 114.8536677761914, 'noise_gpi_sigma': 90.63890541803433, 'g_stn_gpe_mult': 2.321292975887892, 'g_gpe_stn_mult': 0.11258318327332166, 'g_stn_gpi_mult': 2.391954053802816, 'g_gpe_gpi_mult': 0.9101620640353798}. Best is trial 444 with value: 0.4849072040579033.
[I 2026-05-28 02:21:53,276] Trial 521 finished with value: 0.5118423480159661 and parameters: {'ISTN': 61.78648688060108, 'I_gpe': 1.1745898645960744, 'I_gpi': 2.1401214503694543, 'noise_stn_sigma': 4.9546035917112725, 'noise_gpe_sigma': 117.74881799368706, 'noise_gpi_sigma': 96.08585205145081, 'g_stn_gpe_mult': 2.302609472028945, 'g_gpe_stn_mult': 0.11322926922666693, 'g_stn_gpi_mult': 2.2605941964589213, 'g_gpe_gpi_mult': 0.9038637571037891}. Best is trial 444 with value: 0.4849072040579033.
[I 2026-05-28 02:21:54,283] Trial 522 finished with value: 0.5119543385198296 and parameters: {'ISTN': 60.20864037061884, 'I_gpe': 1.2145531906975153, 'I_gpi': 2.14167920173767, 'noise_stn_sigma': 4.921253747771924, 'noise_gpe_sigma': 118.1656557693732, 'noise_gpi_sigma': 90.28447988373647, 'g_stn_gpe_mult': 2.148833156291326, 'g_gpe_stn_mult': 0.13402930400235208, 'g_stn_gpi_mult': 2.35436355961957, 'g_gpe_gpi_mult': 0.8527827008479993}. Best is trial 444 with value: 0.4849072040579033.
[I 2026-05-28 02:21:55,290] Trial 523 finished with value: 0.49291448852987285 and parameters: {'ISTN': 60.46721489932822, 'I_gpe': 1.3448740614151102, 'I_gpi': 2.1986627875553504, 'noise_stn_sigma': 5.131500350387704, 'noise_gpe_sigma': 120.79234750752856, 'noise_gpi_sigma': 95.73339436009155, 'g_stn_gpe_mult': 2.454348183301568, 'g_gpe_stn_mult': 0.13848022368768173, 'g_stn_gpi_mult': 2.4064972224979053, 'g_gpe_gpi_mult': 0.8787395183439235}. Best is trial 444 with value: 0.4849072040579033.
[I 2026-05-28 02:21:56,296] Trial 524 finished with value: 0.48891741602535405 and parameters: {'ISTN': 60.098251774165874, 'I_gpe': 1.2817305802604153, 'I_gpi': 2.1257701904687405, 'noise_stn_sigma': 5.003698450679645, 'noise_gpe_sigma': 119.8970369310446, 'noise_gpi_sigma': 89.14944186762182, 'g_stn_gpe_mult': 2.3190771619455237, 'g_gpe_stn_mult': 0.13780397807129352, 'g_stn_gpi_mult': 2.323246846402956, 'g_gpe_gpi_mult': 0.8905450857424206}. Best is trial 444 with value: 0.4849072040579033.
[I 2026-05-28 02:21:57,301] Trial 525 finished with value: 0.5202943414494616 and parameters: {'ISTN': 61.55812747101555, 'I_gpe': 1.242120030591923, 'I_gpi': 2.076649622213657, 'noise_stn_sigma': 4.922330443354332, 'noise_gpe_sigma': 119.97765934520893, 'noise_gpi_sigma': 88.00447585789927, 'g_stn_gpe_mult': 2.2378457921506474, 'g_gpe_stn_mult': 0.13997082392137047, 'g_stn_gpi_mult': 2.2989679149432676, 'g_gpe_gpi_mult': 0.8741697121734173}. Best is trial 444 with value: 0.4849072040579033.
[I 2026-05-28 02:21:58,307] Trial 526 finished with value: 0.5046828087619789 and parameters: {'ISTN': 62.580961355683314, 'I_gpe': 1.17344662817343, 'I_gpi': 2.2747316233625168, 'noise_stn_sigma': 4.959105325076946, 'noise_gpe_sigma': 120.30942448203254, 'noise_gpi_sigma': 91.6645234083341, 'g_stn_gpe_mult': 2.440991663957391, 'g_gpe_stn_mult': 0.10760646388940649, 'g_stn_gpi_mult': 2.2968974316632034, 'g_gpe_gpi_mult': 0.8818069125456651}. Best is trial 444 with value: 0.4849072040579033.
[I 2026-05-28 02:21:59,314] Trial 527 finished with value: 0.498771211077478 and parameters: {'ISTN': 60.53080316683396, 'I_gpe': 1.2473290918084066, 'I_gpi': 2.0808929204905002, 'noise_stn_sigma': 4.818296653888963, 'noise_gpe_sigma': 119.27630970667985, 'noise_gpi_sigma': 89.5302814290745, 'g_stn_gpe_mult': 2.301185562392698, 'g_gpe_stn_mult': 0.14395977957434408, 'g_stn_gpi_mult': 2.2041333782693195, 'g_gpe_gpi_mult': 0.8949241055472261}. Best is trial 444 with value: 0.4849072040579033.
