[I 2026-05-28 01:22:13,538] A new study created in memory with name: sensitivity_weights_paper
[I 2026-05-28 01:22:15,950] Trial 0 finished with value: 130.58953630753663 and parameters: {'ISTN': 93.70861069626262, 'I_gpe': 3.827500072434707, 'I_gpi': 3.9279757672456204, 'noise_stn_sigma': 5.190609389379256, 'noise_gpe_sigma': 40.28242325751675, 'noise_gpi_sigma': 40.27928764370634, 'g_stn_gpe_mult': 1.703292642588698, 'g_gpe_stn_mult': 0.7063233020424546, 'g_stn_gpi_mult': 2.8033450352296265, 'g_gpe_gpi_mult': 0.9080725777960454}. Best is trial 0 with value: 130.58953630753663.
[I 2026-05-28 01:22:16,961] Trial 1 finished with value: 21.96783725045095 and parameters: {'ISTN': 102.18398227973381, 'I_gpe': 1.7822592367307524, 'I_gpi': 2.0402078942860182, 'noise_stn_sigma': 5.527278325084124, 'noise_gpe_sigma': 64.87605951987203, 'noise_gpi_sigma': 128.16311557229506, 'g_stn_gpe_mult': 3.8783201895114314, 'g_gpe_stn_mult': 0.4633636096255428, 'g_stn_gpi_mult': 1.9201572567197984, 'g_gpe_gpi_mult': 0.5716581854888545}. Best is trial 1 with value: 21.96783725045095.
[I 2026-05-28 01:22:17,968] Trial 2 finished with value: 22.69965994418008 and parameters: {'ISTN': 104.05697545714605, 'I_gpe': 1.6990806611446447, 'I_gpi': 2.1093322736015803, 'noise_stn_sigma': 4.391415413253829, 'noise_gpe_sigma': 95.78215145683166, 'noise_gpi_sigma': 112.26271914252017, 'g_stn_gpe_mult': 3.620508535432487, 'g_gpe_stn_mult': 0.48253375989294744, 'g_stn_gpi_mult': 2.4349864676102033, 'g_gpe_gpi_mult': 0.8838728082220315}. Best is trial 1 with value: 21.96783725045095.
[I 2026-05-28 01:22:18,972] Trial 3 finished with value: 28.20382082007392 and parameters: {'ISTN': 124.05768254138863, 'I_gpe': 2.4404639905642638, 'I_gpi': 2.929437307767527, 'noise_stn_sigma': 4.597526383157501, 'noise_gpe_sigma': 123.71799364703026, 'noise_gpi_sigma': 102.97034598752232, 'g_stn_gpe_mult': 3.0886712355338317, 'g_gpe_stn_mult': 0.27286655747132477, 'g_stn_gpi_mult': 3.5949342956186348, 'g_gpe_gpi_mult': 0.596177167198813}. Best is trial 1 with value: 21.96783725045095.
[I 2026-05-28 01:22:19,973] Trial 4 finished with value: 4.794281327291034 and parameters: {'ISTN': 61.327006512303655, 'I_gpe': 2.322282146919423, 'I_gpi': 2.6397695163821506, 'noise_stn_sigma': 3.62253468740132, 'noise_gpe_sigma': 78.9240566977039, 'noise_gpi_sigma': 101.63027934654737, 'g_stn_gpe_mult': 3.374074127741162, 'g_gpe_stn_mult': 0.2130397972288703, 'g_stn_gpi_mult': 2.0912746715201935, 'g_gpe_gpi_mult': 0.6568869944818863}. Best is trial 4 with value: 4.794281327291034.
[I 2026-05-28 01:22:20,975] Trial 5 finished with value: 28.756180557583416 and parameters: {'ISTN': 118.21835604782609, 'I_gpe': 1.5081892774313215, 'I_gpi': 3.899768098732145, 'noise_stn_sigma': 3.936086758513816, 'noise_gpe_sigma': 119.32152160252447, 'noise_gpi_sigma': 102.30543016488373, 'g_stn_gpe_mult': 2.9807792455418993, 'g_gpe_stn_mult': 0.5137698475759706, 'g_stn_gpi_mult': 2.9949380788413196, 'g_gpe_gpi_mult': 0.9635506695066518}. Best is trial 4 with value: 4.794281327291034.
[I 2026-05-28 01:22:21,978] Trial 6 finished with value: 28.54795223103224 and parameters: {'ISTN': 121.61855037844573, 'I_gpe': 1.6513293219198029, 'I_gpi': 2.8432761902587727, 'noise_stn_sigma': 3.8480047711083603, 'noise_gpe_sigma': 74.143091992362, 'noise_gpi_sigma': 62.05518437298985, 'g_stn_gpe_mult': 3.3767409216885813, 'g_gpe_stn_mult': 0.39119594338519237, 'g_stn_gpi_mult': 2.347357900801299, 'g_gpe_gpi_mult': 0.4142625832855039}. Best is trial 4 with value: 4.794281327291034.
[I 2026-05-28 01:22:22,982] Trial 7 finished with value: 25.063555690468725 and parameters: {'ISTN': 118.14807622329761, 'I_gpe': 1.5486294089623256, 'I_gpi': 2.4516321436833994, 'noise_stn_sigma': 2.679013017620471, 'noise_gpe_sigma': 56.04599877645517, 'noise_gpi_sigma': 116.28652710522236, 'g_stn_gpe_mult': 2.9922746566942053, 'g_gpe_stn_mult': 0.2955859336866355, 'g_stn_gpi_mult': 1.716124621409335, 'g_gpe_gpi_mult': 0.5179871881249729}. Best is trial 4 with value: 4.794281327291034.
[I 2026-05-28 01:22:23,986] Trial 8 finished with value: 33.235113548150885 and parameters: {'ISTN': 125.24171270223263, 'I_gpe': 2.8526086943177944, 'I_gpi': 2.0678354736293487, 'noise_stn_sigma': 3.402302701760284, 'noise_gpe_sigma': 94.41082187084776, 'noise_gpi_sigma': 98.9600504549821, 'g_stn_gpe_mult': 3.6329764552383, 'g_gpe_stn_mult': 0.2538139817870882, 'g_stn_gpi_mult': 2.8573669779553246, 'g_gpe_gpi_mult': 0.7596331107049075}. Best is trial 4 with value: 4.794281327291034.
[I 2026-05-28 01:22:24,991] Trial 9 finished with value: 25.88525280273554 and parameters: {'ISTN': 108.06144798180426, 'I_gpe': 2.088159593914187, 'I_gpi': 2.7321182722451014, 'noise_stn_sigma': 3.3524793808782456, 'noise_gpe_sigma': 48.88483497946666, 'noise_gpi_sigma': 129.93936748396976, 'g_stn_gpe_mult': 3.302290408301439, 'g_gpe_stn_mult': 0.5428025966104797, 'g_stn_gpi_mult': 2.2888222168539225, 'g_gpe_gpi_mult': 0.6716607335175118}. Best is trial 4 with value: 4.794281327291034.
[I 2026-05-28 01:22:25,995] Trial 10 finished with value: 25.42620009446206 and parameters: {'ISTN': 105.28930217987374, 'I_gpe': 2.764126309775512, 'I_gpi': 1.33834956817683, 'noise_stn_sigma': 2.965503538344267, 'noise_gpe_sigma': 129.52996397114705, 'noise_gpi_sigma': 96.48201510531312, 'g_stn_gpe_mult': 3.0608279134787137, 'g_gpe_stn_mult': 0.462684887025272, 'g_stn_gpi_mult': 2.045535048975993, 'g_gpe_gpi_mult': 0.7985205433522264}. Best is trial 4 with value: 4.794281327291034.
[I 2026-05-28 01:22:27,000] Trial 11 finished with value: 15.99907149169898 and parameters: {'ISTN': 92.5436430109771, 'I_gpe': 0.8147490859556292, 'I_gpi': 2.1668118479475797, 'noise_stn_sigma': 2.482689231530485, 'noise_gpe_sigma': 99.15104939715772, 'noise_gpi_sigma': 148.51275298182193, 'g_stn_gpe_mult': 3.110865127762365, 'g_gpe_stn_mult': 0.3415257458680633, 'g_stn_gpi_mult': 2.760747983762935, 'g_gpe_gpi_mult': 0.6250493886756603}. Best is trial 4 with value: 4.794281327291034.
[I 2026-05-28 01:22:28,004] Trial 12 finished with value: 16.706266538162456 and parameters: {'ISTN': 102.87753750049143, 'I_gpe': 0.9952473443027232, 'I_gpi': 2.4331377629583195, 'noise_stn_sigma': 4.726620113461987, 'noise_gpe_sigma': 104.94651240727754, 'noise_gpi_sigma': 114.18941139945464, 'g_stn_gpe_mult': 2.9889635440403173, 'g_gpe_stn_mult': 0.3212365861809804, 'g_stn_gpi_mult': 1.841374645505974, 'g_gpe_gpi_mult': 0.5470762129217261}. Best is trial 4 with value: 4.794281327291034.
[I 2026-05-28 01:22:29,008] Trial 13 finished with value: 20.827919643014734 and parameters: {'ISTN': 103.16974389455768, 'I_gpe': 0.7769717168675174, 'I_gpi': 3.1045556453151306, 'noise_stn_sigma': 3.9374955051466904, 'noise_gpe_sigma': 47.82038860407053, 'noise_gpi_sigma': 99.71272643540684, 'g_stn_gpe_mult': 4.442754059113207, 'g_gpe_stn_mult': 0.34547922335535586, 'g_stn_gpi_mult': 1.6892622659586847, 'g_gpe_gpi_mult': 0.6529373274553485}. Best is trial 4 with value: 4.794281327291034.
[I 2026-05-28 01:22:30,013] Trial 14 finished with value: 18.151824792979415 and parameters: {'ISTN': 84.78066634933317, 'I_gpe': 2.4381235500500216, 'I_gpi': 3.55991480674642, 'noise_stn_sigma': 4.219993622911437, 'noise_gpe_sigma': 124.84104592756007, 'noise_gpi_sigma': 83.65072778316487, 'g_stn_gpe_mult': 4.1358901993108415, 'g_gpe_stn_mult': 0.43006946012925107, 'g_stn_gpi_mult': 2.6883083204001643, 'g_gpe_gpi_mult': 0.9466453986730681}. Best is trial 4 with value: 4.794281327291034.
[I 2026-05-28 01:22:31,015] Trial 15 finished with value: 19.220002690719923 and parameters: {'ISTN': 89.765631948628, 'I_gpe': 1.829113655339393, 'I_gpi': 2.639109965035857, 'noise_stn_sigma': 2.4771449814604085, 'noise_gpe_sigma': 106.26506498940645, 'noise_gpi_sigma': 108.88095641309164, 'g_stn_gpe_mult': 3.147882032096558, 'g_gpe_stn_mult': 0.48723277514565666, 'g_stn_gpi_mult': 1.8381745729250962, 'g_gpe_gpi_mult': 0.5552005064184953}. Best is trial 4 with value: 4.794281327291034.
[I 2026-05-28 01:22:32,021] Trial 16 finished with value: 14.716374559708925 and parameters: {'ISTN': 75.91833220930295, 'I_gpe': 2.4653705455034514, 'I_gpi': 1.9919844556655089, 'noise_stn_sigma': 4.105064101189905, 'noise_gpe_sigma': 79.82178517512787, 'noise_gpi_sigma': 130.65583964568847, 'g_stn_gpe_mult': 3.1752591754011092, 'g_gpe_stn_mult': 0.25264311338477374, 'g_stn_gpi_mult': 1.7225282973207383, 'g_gpe_gpi_mult': 0.7005933657318717}. Best is trial 4 with value: 4.794281327291034.
[I 2026-05-28 01:22:33,025] Trial 17 finished with value: 19.312154719018995 and parameters: {'ISTN': 97.31863313031229, 'I_gpe': 1.5096840801437068, 'I_gpi': 3.3174988563466807, 'noise_stn_sigma': 2.051735956441118, 'noise_gpe_sigma': 77.07408610507483, 'noise_gpi_sigma': 103.7173869985951, 'g_stn_gpe_mult': 3.729402824300965, 'g_gpe_stn_mult': 0.22158606278623766, 'g_stn_gpi_mult': 2.5047097939192744, 'g_gpe_gpi_mult': 1.0265893976186273}. Best is trial 4 with value: 4.794281327291034.
[I 2026-05-28 01:22:34,030] Trial 18 finished with value: 17.084847088009518 and parameters: {'ISTN': 78.94869360638025, 'I_gpe': 1.7957754230513032, 'I_gpi': 2.1001892622949563, 'noise_stn_sigma': 2.0694093365785715, 'noise_gpe_sigma': 72.47478449916262, 'noise_gpi_sigma': 128.46461663430563, 'g_stn_gpe_mult': 4.96339916272536, 'g_gpe_stn_mult': 0.40268145362198593, 'g_stn_gpi_mult': 1.282309707001093, 'g_gpe_gpi_mult': 0.8929682572532267}. Best is trial 4 with value: 4.794281327291034.
[I 2026-05-28 01:22:35,034] Trial 19 finished with value: 16.634914781942424 and parameters: {'ISTN': 83.70075332203508, 'I_gpe': 1.6625184446920411, 'I_gpi': 2.5438329990578614, 'noise_stn_sigma': 5.745614455530858, 'noise_gpe_sigma': 65.28556629141434, 'noise_gpi_sigma': 90.43691664550818, 'g_stn_gpe_mult': 3.713040585494407, 'g_gpe_stn_mult': 0.33093221391855165, 'g_stn_gpi_mult': 2.6232026861236877, 'g_gpe_gpi_mult': 0.7096152749870281}. Best is trial 4 with value: 4.794281327291034.
[I 2026-05-28 01:22:36,039] Trial 20 finished with value: 18.990307918606085 and parameters: {'ISTN': 90.54484281366214, 'I_gpe': 1.4570068060050252, 'I_gpi': 2.811136038203041, 'noise_stn_sigma': 3.657528839884899, 'noise_gpe_sigma': 50.93909575398059, 'noise_gpi_sigma': 146.69649435082783, 'g_stn_gpe_mult': 3.760358198634723, 'g_gpe_stn_mult': 0.4073568631995549, 'g_stn_gpi_mult': 2.1829743520779714, 'g_gpe_gpi_mult': 0.8701264660230625}. Best is trial 4 with value: 4.794281327291034.
[I 2026-05-28 01:22:37,046] Trial 21 finished with value: 7.458175149368465 and parameters: {'ISTN': 84.33623544870753, 'I_gpe': 0.5864573977086267, 'I_gpi': 1.2098110683915584, 'noise_stn_sigma': 6.853939045684951, 'noise_gpe_sigma': 100.3492904607893, 'noise_gpi_sigma': 120.48319434881985, 'g_stn_gpe_mult': 2.448378034931756, 'g_gpe_stn_mult': 0.19392122652328875, 'g_stn_gpi_mult': 2.3410397562122216, 'g_gpe_gpi_mult': 0.7293782827979387}. Best is trial 4 with value: 4.794281327291034.
[I 2026-05-28 01:22:38,053] Trial 22 finished with value: 24.885070254228182 and parameters: {'ISTN': 115.81971807913055, 'I_gpe': 2.0514399180405927, 'I_gpi': 1.897862572786087, 'noise_stn_sigma': 3.93738513503072, 'noise_gpe_sigma': 54.833731918784935, 'noise_gpi_sigma': 124.35286528602559, 'g_stn_gpe_mult': 2.9802431324237264, 'g_gpe_stn_mult': 0.26827907593919964, 'g_stn_gpi_mult': 2.4562344971008505, 'g_gpe_gpi_mult': 0.5370122495199019}. Best is trial 4 with value: 4.794281327291034.
[I 2026-05-28 01:22:39,058] Trial 23 finished with value: 7.884483167801421 and parameters: {'ISTN': 72.4366962230018, 'I_gpe': 1.9129340261805017, 'I_gpi': 3.103356954801042, 'noise_stn_sigma': 2.4848314970570553, 'noise_gpe_sigma': 90.25261743193163, 'noise_gpi_sigma': 125.21045867694811, 'g_stn_gpe_mult': 4.065334171488131, 'g_gpe_stn_mult': 0.1613734988411065, 'g_stn_gpi_mult': 2.473240845644721, 'g_gpe_gpi_mult': 0.8490105234901433}. Best is trial 4 with value: 4.794281327291034.
[I 2026-05-28 01:22:40,001] Trial 24 finished with value: 1000000.0 and parameters: {'ISTN': 85.5489220272994, 'I_gpe': 1.7738565428994943, 'I_gpi': 2.7428373330089673, 'noise_stn_sigma': 3.686218232690783, 'noise_gpe_sigma': 94.52557254329021, 'noise_gpi_sigma': 96.03350530256489, 'g_stn_gpe_mult': 3.7024163054237125, 'g_gpe_stn_mult': 0.14593193314477187, 'g_stn_gpi_mult': 1.403393582752944, 'g_gpe_gpi_mult': 0.6797868448858404}. Best is trial 4 with value: 4.794281327291034.
[I 2026-05-28 01:22:41,007] Trial 25 finished with value: 15.673974281665345 and parameters: {'ISTN': 76.20144034889647, 'I_gpe': 1.844510225269129, 'I_gpi': 2.562279646585846, 'noise_stn_sigma': 5.599760970905354, 'noise_gpe_sigma': 74.0891579069137, 'noise_gpi_sigma': 110.01386641886972, 'g_stn_gpe_mult': 3.822194750846693, 'g_gpe_stn_mult': 0.2604078016829616, 'g_stn_gpi_mult': 2.271859743154067, 'g_gpe_gpi_mult': 0.7246490701907777}. Best is trial 4 with value: 4.794281327291034.
[I 2026-05-28 01:22:42,014] Trial 26 finished with value: 20.671246055830235 and parameters: {'ISTN': 98.67755898920696, 'I_gpe': 1.5089545660952526, 'I_gpi': 1.8490255657618093, 'noise_stn_sigma': 2.939637392179977, 'noise_gpe_sigma': 65.80642017513327, 'noise_gpi_sigma': 123.75922087203502, 'g_stn_gpe_mult': 3.676129341545201, 'g_gpe_stn_mult': 0.4330828103146732, 'g_stn_gpi_mult': 1.854637056292315, 'g_gpe_gpi_mult': 0.6556095158241871}. Best is trial 4 with value: 4.794281327291034.
[I 2026-05-28 01:22:43,018] Trial 27 finished with value: 15.429506591880155 and parameters: {'ISTN': 75.91297507336424, 'I_gpe': 1.6929829553284983, 'I_gpi': 1.5547321153330915, 'noise_stn_sigma': 2.3677763024957397, 'noise_gpe_sigma': 92.34295109329777, 'noise_gpi_sigma': 111.19720890626834, 'g_stn_gpe_mult': 4.376617013702167, 'g_gpe_stn_mult': 0.4730664764510528, 'g_stn_gpi_mult': 1.444358790723684, 'g_gpe_gpi_mult': 0.44166736119240646}. Best is trial 4 with value: 4.794281327291034.
[I 2026-05-28 01:22:44,024] Trial 28 finished with value: 17.478894722227636 and parameters: {'ISTN': 91.11907849875243, 'I_gpe': 2.1296085912315266, 'I_gpi': 2.3226253330767994, 'noise_stn_sigma': 5.126301831217132, 'noise_gpe_sigma': 97.71575479495894, 'noise_gpi_sigma': 141.77194653211205, 'g_stn_gpe_mult': 2.289362034867755, 'g_gpe_stn_mult': 0.27286405058606317, 'g_stn_gpi_mult': 1.9794029858431301, 'g_gpe_gpi_mult': 1.0175806077872258}. Best is trial 4 with value: 4.794281327291034.
[I 2026-05-28 01:22:45,027] Trial 29 finished with value: 16.856643348581844 and parameters: {'ISTN': 72.75993041081074, 'I_gpe': 2.6051442163369884, 'I_gpi': 2.973562912396712, 'noise_stn_sigma': 2.9615372032523473, 'noise_gpe_sigma': 129.41479251498524, 'noise_gpi_sigma': 72.1810846877406, 'g_stn_gpe_mult': 3.4013104992679186, 'g_gpe_stn_mult': 0.3317632913802979, 'g_stn_gpi_mult': 1.7850945464623498, 'g_gpe_gpi_mult': 0.6247263982637019}. Best is trial 4 with value: 4.794281327291034.
[I 2026-05-28 01:22:46,031] Trial 30 finished with value: 17.8643563235241 and parameters: {'ISTN': 90.09289926197522, 'I_gpe': 1.9732192878410388, 'I_gpi': 1.310491846213996, 'noise_stn_sigma': 1.8287770781068862, 'noise_gpe_sigma': 74.87187597146746, 'noise_gpi_sigma': 144.5965586423739, 'g_stn_gpe_mult': 4.16557647410014, 'g_gpe_stn_mult': 0.2702216224668079, 'g_stn_gpi_mult': 1.8462486049050426, 'g_gpe_gpi_mult': 0.8124046364105799}. Best is trial 4 with value: 4.794281327291034.
[I 2026-05-28 01:22:47,034] Trial 31 finished with value: 18.79231989135264 and parameters: {'ISTN': 101.72851175842723, 'I_gpe': 0.7181895443116562, 'I_gpi': 1.5613589595399713, 'noise_stn_sigma': 3.6751058863109827, 'noise_gpe_sigma': 111.49387533914631, 'noise_gpi_sigma': 97.20570062822956, 'g_stn_gpe_mult': 3.290460229723427, 'g_gpe_stn_mult': 0.33155837680760314, 'g_stn_gpi_mult': 2.8979793449379656, 'g_gpe_gpi_mult': 0.5183606674339053}. Best is trial 4 with value: 4.794281327291034.
[I 2026-05-28 01:22:48,039] Trial 32 finished with value: 11.610352492864848 and parameters: {'ISTN': 67.36126770818296, 'I_gpe': 1.1338475730568296, 'I_gpi': 1.7708516543039206, 'noise_stn_sigma': 3.715107674441778, 'noise_gpe_sigma': 105.75517107732328, 'noise_gpi_sigma': 92.14514704927085, 'g_stn_gpe_mult': 2.850493131373447, 'g_gpe_stn_mult': 0.3283342914685299, 'g_stn_gpi_mult': 2.2329487431377126, 'g_gpe_gpi_mult': 0.54628546717392}. Best is trial 4 with value: 4.794281327291034.
[I 2026-05-28 01:22:49,044] Trial 33 finished with value: 1.2428853877970218 and parameters: {'ISTN': 63.29505235562736, 'I_gpe': 1.0224663415988966, 'I_gpi': 2.175240059892614, 'noise_stn_sigma': 4.794038546576194, 'noise_gpe_sigma': 71.41471074141181, 'noise_gpi_sigma': 102.77495045293438, 'g_stn_gpe_mult': 3.181947610269869, 'g_gpe_stn_mult': 0.15580681309644565, 'g_stn_gpi_mult': 2.1016244981276184, 'g_gpe_gpi_mult': 0.7843160424944735}. Best is trial 33 with value: 1.2428853877970218.
[I 2026-05-28 01:22:50,050] Trial 34 finished with value: 13.862678990446675 and parameters: {'ISTN': 98.8650183066508, 'I_gpe': 1.0809803094676629, 'I_gpi': 2.1774580282813423, 'noise_stn_sigma': 4.974199270584077, 'noise_gpe_sigma': 111.9865117148485, 'noise_gpi_sigma': 130.18263829486241, 'g_stn_gpe_mult': 2.9881533703571828, 'g_gpe_stn_mult': 0.20422194642786834, 'g_stn_gpi_mult': 2.5473823334264782, 'g_gpe_gpi_mult': 0.6450142822717844}. Best is trial 33 with value: 1.2428853877970218.
[I 2026-05-28 01:22:51,055] Trial 35 finished with value: 11.679941322812011 and parameters: {'ISTN': 81.38363673190926, 'I_gpe': 0.6378683339262345, 'I_gpi': 1.284958672904399, 'noise_stn_sigma': 4.442293726797061, 'noise_gpe_sigma': 96.70251932645043, 'noise_gpi_sigma': 108.96723755685284, 'g_stn_gpe_mult': 4.0809745564845485, 'g_gpe_stn_mult': 0.17392990569830963, 'g_stn_gpi_mult': 1.3931778077615, 'g_gpe_gpi_mult': 0.8545778321560946}. Best is trial 33 with value: 1.2428853877970218.
[I 2026-05-28 01:22:52,062] Trial 36 finished with value: 11.57603470912397 and parameters: {'ISTN': 83.32536669760897, 'I_gpe': 0.542882125079026, 'I_gpi': 2.1547045758276675, 'noise_stn_sigma': 3.73614656150325, 'noise_gpe_sigma': 106.93128726834472, 'noise_gpi_sigma': 136.14366627015875, 'g_stn_gpe_mult': 3.250794818752504, 'g_gpe_stn_mult': 0.28788874858263924, 'g_stn_gpi_mult': 2.8889582981221915, 'g_gpe_gpi_mult': 0.7230598548549811}. Best is trial 33 with value: 1.2428853877970218.
[I 2026-05-28 01:22:53,066] Trial 37 finished with value: 11.971585523325722 and parameters: {'ISTN': 91.60049493418614, 'I_gpe': 0.6123991095926203, 'I_gpi': 3.27717681491334, 'noise_stn_sigma': 6.547861582413634, 'noise_gpe_sigma': 84.32866930159497, 'noise_gpi_sigma': 119.8385836359395, 'g_stn_gpe_mult': 3.032162699808156, 'g_gpe_stn_mult': 0.20345219442270648, 'g_stn_gpi_mult': 2.13749577941205, 'g_gpe_gpi_mult': 0.5820049118363797}. Best is trial 33 with value: 1.2428853877970218.
[I 2026-05-28 01:22:54,069] Trial 38 finished with value: 17.249435117375963 and parameters: {'ISTN': 94.74096546345949, 'I_gpe': 2.0842579212770103, 'I_gpi': 2.062542911134364, 'noise_stn_sigma': 2.8895154705773627, 'noise_gpe_sigma': 79.11907450943792, 'noise_gpi_sigma': 96.3809428132175, 'g_stn_gpe_mult': 2.6801857890697294, 'g_gpe_stn_mult': 0.18353247643341586, 'g_stn_gpi_mult': 2.2229585635299447, 'g_gpe_gpi_mult': 0.5266959567910059}. Best is trial 33 with value: 1.2428853877970218.
[I 2026-05-28 01:22:55,075] Trial 39 finished with value: 18.131990155426895 and parameters: {'ISTN': 99.05577012244618, 'I_gpe': 2.368386383565826, 'I_gpi': 1.842220699521428, 'noise_stn_sigma': 6.386016684992773, 'noise_gpe_sigma': 98.06690956682421, 'noise_gpi_sigma': 123.43083056733808, 'g_stn_gpe_mult': 3.114600255685602, 'g_gpe_stn_mult': 0.22792954696239068, 'g_stn_gpi_mult': 2.2585341821222262, 'g_gpe_gpi_mult': 0.7412753302542929}. Best is trial 33 with value: 1.2428853877970218.
[I 2026-05-28 01:22:56,079] Trial 40 finished with value: 12.149957448832328 and parameters: {'ISTN': 75.63061979555472, 'I_gpe': 0.511933838735867, 'I_gpi': 1.9951822201607496, 'noise_stn_sigma': 4.166233180269227, 'noise_gpe_sigma': 99.97555190194737, 'noise_gpi_sigma': 146.01658593880495, 'g_stn_gpe_mult': 3.4090086389268537, 'g_gpe_stn_mult': 0.3187087121677211, 'g_stn_gpi_mult': 2.7314773921819366, 'g_gpe_gpi_mult': 0.7291260261151096}. Best is trial 33 with value: 1.2428853877970218.
[I 2026-05-28 01:22:57,082] Trial 41 finished with value: 11.759333955212925 and parameters: {'ISTN': 69.26690879865977, 'I_gpe': 1.5182899771171452, 'I_gpi': 2.2056244551243944, 'noise_stn_sigma': 2.9576205663058293, 'noise_gpe_sigma': 106.70517123876562, 'noise_gpi_sigma': 115.2889080880773, 'g_stn_gpe_mult': 2.5855638865033805, 'g_gpe_stn_mult': 0.2782997276904816, 'g_stn_gpi_mult': 2.8616192942972414, 'g_gpe_gpi_mult': 0.766598781575426}. Best is trial 33 with value: 1.2428853877970218.
[I 2026-05-28 01:22:58,085] Trial 42 finished with value: 10.757096988143797 and parameters: {'ISTN': 85.95708827796005, 'I_gpe': 0.6681579586740274, 'I_gpi': 2.778154621111735, 'noise_stn_sigma': 5.463948359987169, 'noise_gpe_sigma': 75.80501473325242, 'noise_gpi_sigma': 79.6831201772901, 'g_stn_gpe_mult': 2.9655017950883265, 'g_gpe_stn_mult': 0.30251881928569596, 'g_stn_gpi_mult': 2.3259836235464, 'g_gpe_gpi_mult': 0.7693792659557794}. Best is trial 33 with value: 1.2428853877970218.
[I 2026-05-28 01:22:59,090] Trial 43 finished with value: 10.19328708774566 and parameters: {'ISTN': 62.22663218315706, 'I_gpe': 0.5642060739024222, 'I_gpi': 2.2348152372079806, 'noise_stn_sigma': 5.151564557874509, 'noise_gpe_sigma': 82.34233655440457, 'noise_gpi_sigma': 94.94260575896921, 'g_stn_gpe_mult': 2.1303331906632437, 'g_gpe_stn_mult': 0.5530884900863399, 'g_stn_gpi_mult': 1.008678897513978, 'g_gpe_gpi_mult': 0.6556103486377964}. Best is trial 33 with value: 1.2428853877970218.
