[I 2026-05-28 01:24:28,404] Trial 132 finished with value: 14.400900083704748 and parameters: {'ISTN': 77.78983286721693, 'I_gpe': 1.2403366200286754, 'I_gpi': 1.3333653920729072, 'noise_stn_sigma': 4.585339732215353, 'noise_gpe_sigma': 78.26966316468636, 'noise_gpi_sigma': 62.8004999387328, 'g_stn_gpe_mult': 2.9255505097460803, 'g_gpe_stn_mult': 0.20018632570904923, 'g_stn_gpi_mult': 2.5223204977226032, 'g_gpe_gpi_mult': 0.7324723482464304}. Best is trial 120 with value: 0.9582351043689952.
[I 2026-05-28 01:24:29,348] Trial 133 finished with value: 1000000.0 and parameters: {'ISTN': 67.5160399144617, 'I_gpe': 1.185270963554762, 'I_gpi': 1.5089006508613743, 'noise_stn_sigma': 5.6008737494604, 'noise_gpe_sigma': 83.79899021634036, 'noise_gpi_sigma': 47.79079536371613, 'g_stn_gpe_mult': 3.6299489360564614, 'g_gpe_stn_mult': 0.21192616292410665, 'g_stn_gpi_mult': 2.689832182632277, 'g_gpe_gpi_mult': 0.6873322946551854}. Best is trial 120 with value: 0.9582351043689952.
[I 2026-05-28 01:24:30,353] Trial 134 finished with value: 11.347936387065579 and parameters: {'ISTN': 68.61785924983461, 'I_gpe': 0.6211842786504946, 'I_gpi': 1.1082419488325481, 'noise_stn_sigma': 5.026799661824036, 'noise_gpe_sigma': 74.68743184596379, 'noise_gpi_sigma': 77.23442606292741, 'g_stn_gpe_mult': 3.2732495184774413, 'g_gpe_stn_mult': 0.265984997562441, 'g_stn_gpi_mult': 2.0872486227557667, 'g_gpe_gpi_mult': 0.696444380599071}. Best is trial 120 with value: 0.9582351043689952.
[I 2026-05-28 01:24:31,355] Trial 135 finished with value: 8.017235368373395 and parameters: {'ISTN': 68.81863261324197, 'I_gpe': 1.2889728788448611, 'I_gpi': 1.1552006908553245, 'noise_stn_sigma': 5.048909246299136, 'noise_gpe_sigma': 85.59125999093949, 'noise_gpi_sigma': 63.30355218533492, 'g_stn_gpe_mult': 3.0365236712803987, 'g_gpe_stn_mult': 0.23754413134372063, 'g_stn_gpi_mult': 2.865946730910845, 'g_gpe_gpi_mult': 0.8038433613378615}. Best is trial 120 with value: 0.9582351043689952.
[I 2026-05-28 01:24:32,361] Trial 136 finished with value: 13.912253337666115 and parameters: {'ISTN': 72.43420624473589, 'I_gpe': 0.7525500020719933, 'I_gpi': 1.7103489818235798, 'noise_stn_sigma': 4.551693839760361, 'noise_gpe_sigma': 83.14239348112991, 'noise_gpi_sigma': 109.00652791540381, 'g_stn_gpe_mult': 3.1458862282303093, 'g_gpe_stn_mult': 0.2136164275960496, 'g_stn_gpi_mult': 2.8227714918233535, 'g_gpe_gpi_mult': 0.7728044265093266}. Best is trial 120 with value: 0.9582351043689952.
[I 2026-05-28 01:24:33,364] Trial 137 finished with value: 13.506779777600022 and parameters: {'ISTN': 71.3271201790112, 'I_gpe': 1.2778515142552802, 'I_gpi': 1.557377989114077, 'noise_stn_sigma': 5.385685979727012, 'noise_gpe_sigma': 84.71610922646968, 'noise_gpi_sigma': 64.01959510492766, 'g_stn_gpe_mult': 3.1542019344940444, 'g_gpe_stn_mult': 0.24256896439750802, 'g_stn_gpi_mult': 2.1096403389619023, 'g_gpe_gpi_mult': 0.7146497562572716}. Best is trial 120 with value: 0.9582351043689952.
[I 2026-05-28 01:24:34,367] Trial 138 finished with value: 8.322299922510666 and parameters: {'ISTN': 71.01871807877626, 'I_gpe': 0.5264352266074183, 'I_gpi': 2.0210857857641313, 'noise_stn_sigma': 5.15422960662635, 'noise_gpe_sigma': 103.9232154123946, 'noise_gpi_sigma': 75.7942939021772, 'g_stn_gpe_mult': 2.4861434785784895, 'g_gpe_stn_mult': 0.3238810601330994, 'g_stn_gpi_mult': 2.3846629178132677, 'g_gpe_gpi_mult': 0.6230656080771112}. Best is trial 120 with value: 0.9582351043689952.
[I 2026-05-28 01:24:35,372] Trial 139 finished with value: 13.089351907900191 and parameters: {'ISTN': 67.19792536286906, 'I_gpe': 1.1702905554328469, 'I_gpi': 1.3206905290803521, 'noise_stn_sigma': 4.822578944710575, 'noise_gpe_sigma': 72.20948376997467, 'noise_gpi_sigma': 58.93493714762357, 'g_stn_gpe_mult': 2.983932609789676, 'g_gpe_stn_mult': 0.34916900855599986, 'g_stn_gpi_mult': 2.3054345212805067, 'g_gpe_gpi_mult': 0.9239706273172066}. Best is trial 120 with value: 0.9582351043689952.
[I 2026-05-28 01:24:36,376] Trial 140 finished with value: 7.974025733809106 and parameters: {'ISTN': 67.3416173046043, 'I_gpe': 0.6221851276213999, 'I_gpi': 1.3096259773218693, 'noise_stn_sigma': 4.520008561741884, 'noise_gpe_sigma': 96.98562496300397, 'noise_gpi_sigma': 80.4867862676031, 'g_stn_gpe_mult': 3.1902297402803663, 'g_gpe_stn_mult': 0.21447645395741535, 'g_stn_gpi_mult': 1.6790317627894025, 'g_gpe_gpi_mult': 0.6375336868347192}. Best is trial 120 with value: 0.9582351043689952.
[I 2026-05-28 01:24:37,383] Trial 141 finished with value: 0.5450968294538752 and parameters: {'ISTN': 60.88245928811696, 'I_gpe': 1.265810038494271, 'I_gpi': 1.1786099030549526, 'noise_stn_sigma': 4.826234515378774, 'noise_gpe_sigma': 89.66416743847547, 'noise_gpi_sigma': 69.68636611354705, 'g_stn_gpe_mult': 2.5729702541116275, 'g_gpe_stn_mult': 0.22194926694793246, 'g_stn_gpi_mult': 1.7375630284879553, 'g_gpe_gpi_mult': 0.7386429779662651}. Best is trial 141 with value: 0.5450968294538752.
[I 2026-05-28 01:24:38,387] Trial 142 finished with value: 9.227023796898063 and parameters: {'ISTN': 63.41603316648515, 'I_gpe': 1.087555721815423, 'I_gpi': 1.280814715137306, 'noise_stn_sigma': 5.4845223711104225, 'noise_gpe_sigma': 98.59691675653615, 'noise_gpi_sigma': 73.18061875719476, 'g_stn_gpe_mult': 2.7835409194995795, 'g_gpe_stn_mult': 0.2329428146917281, 'g_stn_gpi_mult': 1.6931220970314422, 'g_gpe_gpi_mult': 0.7026683333777131}. Best is trial 141 with value: 0.5450968294538752.
[I 2026-05-28 01:24:39,388] Trial 143 finished with value: 10.79978460334514 and parameters: {'ISTN': 63.83926443528392, 'I_gpe': 1.380061475557875, 'I_gpi': 1.150944060555659, 'noise_stn_sigma': 4.144414527460641, 'noise_gpe_sigma': 66.83783146219469, 'noise_gpi_sigma': 80.5288152639728, 'g_stn_gpe_mult': 2.5577104568213835, 'g_gpe_stn_mult': 0.23988179531314763, 'g_stn_gpi_mult': 1.938001286056152, 'g_gpe_gpi_mult': 0.6665717638436355}. Best is trial 141 with value: 0.5450968294538752.
[I 2026-05-28 01:24:40,390] Trial 144 finished with value: 6.1935194219317005 and parameters: {'ISTN': 69.02144545198841, 'I_gpe': 0.7075247398042613, 'I_gpi': 1.9637710212174466, 'noise_stn_sigma': 5.459369161814968, 'noise_gpe_sigma': 102.30018782511404, 'noise_gpi_sigma': 67.79511836213544, 'g_stn_gpe_mult': 2.2595811776443977, 'g_gpe_stn_mult': 0.15467694559780548, 'g_stn_gpi_mult': 1.7317591421080876, 'g_gpe_gpi_mult': 0.719821245838707}. Best is trial 141 with value: 0.5450968294538752.
[I 2026-05-28 01:24:41,395] Trial 145 finished with value: 1.9440332837664762 and parameters: {'ISTN': 75.05861265707378, 'I_gpe': 0.830826783291964, 'I_gpi': 1.3402927516960839, 'noise_stn_sigma': 4.8345407554496305, 'noise_gpe_sigma': 104.81506742741679, 'noise_gpi_sigma': 57.3112502085391, 'g_stn_gpe_mult': 2.989357588953589, 'g_gpe_stn_mult': 0.2212877968603712, 'g_stn_gpi_mult': 2.1693334407057088, 'g_gpe_gpi_mult': 0.6423088514904556}. Best is trial 141 with value: 0.5450968294538752.
[I 2026-05-28 01:24:42,399] Trial 146 finished with value: 12.207809646996969 and parameters: {'ISTN': 73.71039737512407, 'I_gpe': 1.0817978354613218, 'I_gpi': 1.11197266457924, 'noise_stn_sigma': 5.24469164761744, 'noise_gpe_sigma': 93.41164272261814, 'noise_gpi_sigma': 77.36560576403497, 'g_stn_gpe_mult': 3.097680437568093, 'g_gpe_stn_mult': 0.3112563925987799, 'g_stn_gpi_mult': 2.01488815858435, 'g_gpe_gpi_mult': 0.6959009821233849}. Best is trial 141 with value: 0.5450968294538752.
[I 2026-05-28 01:24:43,402] Trial 147 finished with value: 11.897967434782354 and parameters: {'ISTN': 69.07063171074941, 'I_gpe': 0.9648065071896325, 'I_gpi': 1.2831674031446239, 'noise_stn_sigma': 4.74042840459095, 'noise_gpe_sigma': 105.04163248504373, 'noise_gpi_sigma': 73.00626024431381, 'g_stn_gpe_mult': 2.502858065796457, 'g_gpe_stn_mult': 0.22072841373422866, 'g_stn_gpi_mult': 2.2233119926957476, 'g_gpe_gpi_mult': 0.6291361392829573}. Best is trial 141 with value: 0.5450968294538752.
[I 2026-05-28 01:24:44,407] Trial 148 finished with value: 0.9022307804526911 and parameters: {'ISTN': 61.00417521721775, 'I_gpe': 0.7956358820802127, 'I_gpi': 1.5520464307810549, 'noise_stn_sigma': 5.41862918158894, 'noise_gpe_sigma': 77.1627505954051, 'noise_gpi_sigma': 74.63430121695251, 'g_stn_gpe_mult': 2.606776881229261, 'g_gpe_stn_mult': 0.20394869905051932, 'g_stn_gpi_mult': 2.502547072133291, 'g_gpe_gpi_mult': 0.5339174172546861}. Best is trial 141 with value: 0.5450968294538752.
[I 2026-05-28 01:24:45,410] Trial 149 finished with value: 5.127687352903601 and parameters: {'ISTN': 60.836536628163955, 'I_gpe': 0.9176892904969793, 'I_gpi': 1.6457081992432596, 'noise_stn_sigma': 4.708405079171173, 'noise_gpe_sigma': 88.47930192208058, 'noise_gpi_sigma': 72.06377808289938, 'g_stn_gpe_mult': 3.3265698571262354, 'g_gpe_stn_mult': 0.2636627863467048, 'g_stn_gpi_mult': 2.044651135351713, 'g_gpe_gpi_mult': 0.7328533867455158}. Best is trial 141 with value: 0.5450968294538752.
[I 2026-05-28 01:24:46,414] Trial 150 finished with value: 14.262643953864906 and parameters: {'ISTN': 64.97583808644207, 'I_gpe': 1.3661156421288165, 'I_gpi': 1.9434114121993407, 'noise_stn_sigma': 5.2750430324272815, 'noise_gpe_sigma': 65.9939638143325, 'noise_gpi_sigma': 63.61284708415082, 'g_stn_gpe_mult': 2.2234031116796436, 'g_gpe_stn_mult': 0.3607517373208935, 'g_stn_gpi_mult': 2.3027307564443307, 'g_gpe_gpi_mult': 0.7050771552613218}. Best is trial 141 with value: 0.5450968294538752.
[I 2026-05-28 01:24:47,420] Trial 151 finished with value: 0.41352779491411806 and parameters: {'ISTN': 62.15517734495419, 'I_gpe': 1.2798499044379936, 'I_gpi': 1.4865716888147826, 'noise_stn_sigma': 4.203330913208662, 'noise_gpe_sigma': 80.82150447833803, 'noise_gpi_sigma': 72.73454435332678, 'g_stn_gpe_mult': 2.3246729642434616, 'g_gpe_stn_mult': 0.22232858349854662, 'g_stn_gpi_mult': 1.5910344740549884, 'g_gpe_gpi_mult': 0.6500293511800128}. Best is trial 151 with value: 0.41352779491411806.
[I 2026-05-28 01:24:48,424] Trial 152 finished with value: 2.4809502679943796 and parameters: {'ISTN': 61.31132185443281, 'I_gpe': 0.7265677604065448, 'I_gpi': 1.2701707588563897, 'noise_stn_sigma': 4.407213448955699, 'noise_gpe_sigma': 104.35015220389296, 'noise_gpi_sigma': 59.783277806457804, 'g_stn_gpe_mult': 2.040754516141765, 'g_gpe_stn_mult': 0.2548966207192199, 'g_stn_gpi_mult': 1.9849321795486006, 'g_gpe_gpi_mult': 0.641261176637345}. Best is trial 151 with value: 0.41352779491411806.
[I 2026-05-28 01:24:49,429] Trial 153 finished with value: 1.7015770128961498 and parameters: {'ISTN': 65.35476222656342, 'I_gpe': 1.0867735372133185, 'I_gpi': 1.3977637754381729, 'noise_stn_sigma': 4.394423225774006, 'noise_gpe_sigma': 77.19716437743114, 'noise_gpi_sigma': 67.85737719565007, 'g_stn_gpe_mult': 2.417667483168813, 'g_gpe_stn_mult': 0.14021577194791274, 'g_stn_gpi_mult': 1.880144255726939, 'g_gpe_gpi_mult': 0.7206890398759067}. Best is trial 151 with value: 0.41352779491411806.
[I 2026-05-28 01:24:50,434] Trial 154 finished with value: 8.714916576393284 and parameters: {'ISTN': 68.48517998903816, 'I_gpe': 1.2339426411236607, 'I_gpi': 1.6833604811341851, 'noise_stn_sigma': 5.038464526150247, 'noise_gpe_sigma': 73.77036046413917, 'noise_gpi_sigma': 75.98711111554198, 'g_stn_gpe_mult': 2.3471926659773574, 'g_gpe_stn_mult': 0.19256586003466103, 'g_stn_gpi_mult': 2.0069546580749895, 'g_gpe_gpi_mult': 0.6242564844568603}. Best is trial 151 with value: 0.41352779491411806.
[I 2026-05-28 01:24:51,440] Trial 155 finished with value: 13.103713034638407 and parameters: {'ISTN': 71.58297690688833, 'I_gpe': 1.213397579315128, 'I_gpi': 1.290425686853053, 'noise_stn_sigma': 4.359107644535534, 'noise_gpe_sigma': 72.45423291135238, 'noise_gpi_sigma': 79.3407231538101, 'g_stn_gpe_mult': 2.3806081269790003, 'g_gpe_stn_mult': 0.21059943552438662, 'g_stn_gpi_mult': 2.0276871651098873, 'g_gpe_gpi_mult': 0.6353743040524876}. Best is trial 151 with value: 0.41352779491411806.
[I 2026-05-28 01:24:52,443] Trial 156 finished with value: 2.8959133154615007 and parameters: {'ISTN': 68.39672737323895, 'I_gpe': 1.2256946401947133, 'I_gpi': 1.2838740576588619, 'noise_stn_sigma': 4.6478662003559155, 'noise_gpe_sigma': 87.77860484386312, 'noise_gpi_sigma': 74.09534189953145, 'g_stn_gpe_mult': 2.9660132441220375, 'g_gpe_stn_mult': 0.2286165199366969, 'g_stn_gpi_mult': 2.4325865530230963, 'g_gpe_gpi_mult': 0.8502504626650056}. Best is trial 151 with value: 0.41352779491411806.
[I 2026-05-28 01:24:53,446] Trial 157 finished with value: 3.864154710887709 and parameters: {'ISTN': 61.875125372910375, 'I_gpe': 1.2754235241518717, 'I_gpi': 1.2569647404918152, 'noise_stn_sigma': 4.392021457985522, 'noise_gpe_sigma': 89.69025686127095, 'noise_gpi_sigma': 75.56969930829811, 'g_stn_gpe_mult': 2.93423912601654, 'g_gpe_stn_mult': 0.26250014666032306, 'g_stn_gpi_mult': 1.837790638711871, 'g_gpe_gpi_mult': 0.585368455635431}. Best is trial 151 with value: 0.41352779491411806.
[I 2026-05-28 01:24:54,451] Trial 158 finished with value: 12.015147203707544 and parameters: {'ISTN': 70.66144975056028, 'I_gpe': 1.1470160733504249, 'I_gpi': 1.4350279192891748, 'noise_stn_sigma': 5.117416806979875, 'noise_gpe_sigma': 80.64466821782548, 'noise_gpi_sigma': 86.63311161606036, 'g_stn_gpe_mult': 3.4108255703534596, 'g_gpe_stn_mult': 0.3064592488485869, 'g_stn_gpi_mult': 1.9398524786829519, 'g_gpe_gpi_mult': 0.5780004761991422}. Best is trial 151 with value: 0.41352779491411806.
[I 2026-05-28 01:24:55,458] Trial 159 finished with value: 5.549615268464047 and parameters: {'ISTN': 60.89394371125093, 'I_gpe': 1.6954560361559714, 'I_gpi': 1.233313062175507, 'noise_stn_sigma': 4.568987622910542, 'noise_gpe_sigma': 91.40625963986788, 'noise_gpi_sigma': 71.08009290250263, 'g_stn_gpe_mult': 2.69797409267498, 'g_gpe_stn_mult': 0.2848019222177335, 'g_stn_gpi_mult': 2.1513791993452585, 'g_gpe_gpi_mult': 0.585464480011081}. Best is trial 151 with value: 0.41352779491411806.
[I 2026-05-28 01:24:56,464] Trial 160 finished with value: 8.425848705721293 and parameters: {'ISTN': 72.64118316143302, 'I_gpe': 0.8557993731166808, 'I_gpi': 1.4882711120358065, 'noise_stn_sigma': 5.316613290113525, 'noise_gpe_sigma': 87.10578953225199, 'noise_gpi_sigma': 68.25394312041317, 'g_stn_gpe_mult': 2.636429095057043, 'g_gpe_stn_mult': 0.32783069249597285, 'g_stn_gpi_mult': 2.3550023285065995, 'g_gpe_gpi_mult': 0.6335873063159572}. Best is trial 151 with value: 0.41352779491411806.
[I 2026-05-28 01:24:57,470] Trial 161 finished with value: 5.344422325307467 and parameters: {'ISTN': 64.23057699580198, 'I_gpe': 1.233147855813713, 'I_gpi': 1.4476644516852413, 'noise_stn_sigma': 4.635933881774616, 'noise_gpe_sigma': 100.4163393554588, 'noise_gpi_sigma': 72.02565508662975, 'g_stn_gpe_mult': 2.7573515200691996, 'g_gpe_stn_mult': 0.19079254290568323, 'g_stn_gpi_mult': 1.7112678687435399, 'g_gpe_gpi_mult': 0.7203328637670732}. Best is trial 151 with value: 0.41352779491411806.
[I 2026-05-28 01:24:58,476] Trial 162 finished with value: 1.673068012941807 and parameters: {'ISTN': 60.27941743195924, 'I_gpe': 1.2798973313158735, 'I_gpi': 1.0796582404817459, 'noise_stn_sigma': 3.7781833361613306, 'noise_gpe_sigma': 73.08052243744734, 'noise_gpi_sigma': 86.44487543594768, 'g_stn_gpe_mult': 2.7276636812761903, 'g_gpe_stn_mult': 0.12247807530088121, 'g_stn_gpi_mult': 1.6992570978135544, 'g_gpe_gpi_mult': 0.7698200440517555}. Best is trial 151 with value: 0.41352779491411806.
[I 2026-05-28 01:24:59,484] Trial 163 finished with value: 4.292105029637115 and parameters: {'ISTN': 65.66965260951106, 'I_gpe': 1.2495565010654133, 'I_gpi': 1.6072678807787946, 'noise_stn_sigma': 4.983165907455146, 'noise_gpe_sigma': 73.31364058187086, 'noise_gpi_sigma': 86.50523364274015, 'g_stn_gpe_mult': 2.4545793962189095, 'g_gpe_stn_mult': 0.1778311088519407, 'g_stn_gpi_mult': 1.9818985585039728, 'g_gpe_gpi_mult': 0.7197792722349636}. Best is trial 151 with value: 0.41352779491411806.
[I 2026-05-28 01:25:00,489] Trial 164 finished with value: 3.4292955064941264 and parameters: {'ISTN': 69.6971097031757, 'I_gpe': 1.432887547711446, 'I_gpi': 1.0533452044455371, 'noise_stn_sigma': 4.011753866168936, 'noise_gpe_sigma': 77.35772138012251, 'noise_gpi_sigma': 69.92100555008895, 'g_stn_gpe_mult': 2.4323528541904818, 'g_gpe_stn_mult': 0.21055212435330006, 'g_stn_gpi_mult': 1.646357054975536, 'g_gpe_gpi_mult': 0.7279567106434626}. Best is trial 151 with value: 0.41352779491411806.
[I 2026-05-28 01:25:01,494] Trial 165 finished with value: 13.912704608685273 and parameters: {'ISTN': 76.67914784100262, 'I_gpe': 0.667976093415344, 'I_gpi': 1.1393847243963706, 'noise_stn_sigma': 4.435745861125516, 'noise_gpe_sigma': 76.27188631771006, 'noise_gpi_sigma': 81.18506533011328, 'g_stn_gpe_mult': 2.5415429020851428, 'g_gpe_stn_mult': 0.15303102514849393, 'g_stn_gpi_mult': 1.6024682795431784, 'g_gpe_gpi_mult': 0.6280768449324408}. Best is trial 151 with value: 0.41352779491411806.
[I 2026-05-28 01:25:02,498] Trial 166 finished with value: 1.59029975340896 and parameters: {'ISTN': 63.42351960799397, 'I_gpe': 1.12186529837706, 'I_gpi': 1.6967031066976017, 'noise_stn_sigma': 3.708568545006847, 'noise_gpe_sigma': 74.4094041675836, 'noise_gpi_sigma': 71.27364119327817, 'g_stn_gpe_mult': 2.064549751941442, 'g_gpe_stn_mult': 0.19834666207423052, 'g_stn_gpi_mult': 1.7679440998654474, 'g_gpe_gpi_mult': 0.6971816248359912}. Best is trial 151 with value: 0.41352779491411806.
[I 2026-05-28 01:25:03,504] Trial 167 finished with value: 8.996403793905959 and parameters: {'ISTN': 65.76594739150048, 'I_gpe': 1.6423102148857731, 'I_gpi': 1.2856528584058904, 'noise_stn_sigma': 4.091992373107025, 'noise_gpe_sigma': 72.01710885367277, 'noise_gpi_sigma': 66.55894039551458, 'g_stn_gpe_mult': 2.2177240878507147, 'g_gpe_stn_mult': 0.2516291562560449, 'g_stn_gpi_mult': 1.263176266924396, 'g_gpe_gpi_mult': 0.6157059295905194}. Best is trial 151 with value: 0.41352779491411806.
[I 2026-05-28 01:25:04,507] Trial 168 finished with value: 0.5282282209664153 and parameters: {'ISTN': 63.67134280432461, 'I_gpe': 1.3641579861577224, 'I_gpi': 1.155740244346543, 'noise_stn_sigma': 3.9315313097538294, 'noise_gpe_sigma': 79.20353425417895, 'noise_gpi_sigma': 66.6160457252008, 'g_stn_gpe_mult': 2.6520056719539826, 'g_gpe_stn_mult': 0.15355905583885976, 'g_stn_gpi_mult': 1.9628726219961432, 'g_gpe_gpi_mult': 0.7852880521938004}. Best is trial 151 with value: 0.41352779491411806.
[I 2026-05-28 01:25:05,509] Trial 169 finished with value: 4.010921912178332 and parameters: {'ISTN': 64.67229497097463, 'I_gpe': 1.4863331985954575, 'I_gpi': 2.040604233073001, 'noise_stn_sigma': 5.310825716514463, 'noise_gpe_sigma': 102.79049425615298, 'noise_gpi_sigma': 80.64336270813925, 'g_stn_gpe_mult': 2.1403248706669737, 'g_gpe_stn_mult': 0.19264004319956346, 'g_stn_gpi_mult': 1.6979423349003684, 'g_gpe_gpi_mult': 0.78639453981503}. Best is trial 151 with value: 0.41352779491411806.
[I 2026-05-28 01:25:06,516] Trial 170 finished with value: 1.6122625462441729 and parameters: {'ISTN': 65.9818955168275, 'I_gpe': 0.7982962909977975, 'I_gpi': 1.4992100566295903, 'noise_stn_sigma': 4.079222479525022, 'noise_gpe_sigma': 74.54088861338258, 'noise_gpi_sigma': 86.79509097073175, 'g_stn_gpe_mult': 2.5209875077423485, 'g_gpe_stn_mult': 0.15074427969528365, 'g_stn_gpi_mult': 1.9412056633783834, 'g_gpe_gpi_mult': 0.6966201032620647}. Best is trial 151 with value: 0.41352779491411806.
[I 2026-05-28 01:25:07,520] Trial 171 finished with value: 3.675010996933082 and parameters: {'ISTN': 67.22201388102758, 'I_gpe': 0.9917274702517507, 'I_gpi': 1.0966127968145847, 'noise_stn_sigma': 3.9883261922462916, 'noise_gpe_sigma': 78.17802891511727, 'noise_gpi_sigma': 62.74401107876497, 'g_stn_gpe_mult': 2.604252659027715, 'g_gpe_stn_mult': 0.1898783028346402, 'g_stn_gpi_mult': 1.5243707101663655, 'g_gpe_gpi_mult': 0.6948107115368723}. Best is trial 151 with value: 0.41352779491411806.
[I 2026-05-28 01:25:08,523] Trial 172 finished with value: 7.218891957504566 and parameters: {'ISTN': 68.77647250772833, 'I_gpe': 1.5254359627676426, 'I_gpi': 1.5757109893032748, 'noise_stn_sigma': 4.415187015174151, 'noise_gpe_sigma': 77.30134002489532, 'noise_gpi_sigma': 47.094287410392326, 'g_stn_gpe_mult': 2.3048909665968615, 'g_gpe_stn_mult': 0.20183241982986228, 'g_stn_gpi_mult': 1.626795239342038, 'g_gpe_gpi_mult': 0.7109300929333244}. Best is trial 151 with value: 0.41352779491411806.
[I 2026-05-28 01:25:09,527] Trial 173 finished with value: 6.088899842648699 and parameters: {'ISTN': 70.82039358833786, 'I_gpe': 0.7010194552390625, 'I_gpi': 1.5830326569039097, 'noise_stn_sigma': 4.515038708815984, 'noise_gpe_sigma': 71.4284943198888, 'noise_gpi_sigma': 68.80965612539924, 'g_stn_gpe_mult': 2.381946920191109, 'g_gpe_stn_mult': 0.1274889006493417, 'g_stn_gpi_mult': 1.979331833582025, 'g_gpe_gpi_mult': 0.572215628750639}. Best is trial 151 with value: 0.41352779491411806.
[I 2026-05-28 01:25:10,532] Trial 174 finished with value: 9.121781306477082 and parameters: {'ISTN': 69.43407825563078, 'I_gpe': 1.137820265160753, 'I_gpi': 1.412673093785012, 'noise_stn_sigma': 3.475001191033054, 'noise_gpe_sigma': 94.72897692450384, 'noise_gpi_sigma': 85.34943857310535, 'g_stn_gpe_mult': 2.2595266575675823, 'g_gpe_stn_mult': 0.13743652090722921, 'g_stn_gpi_mult': 1.5115283179758954, 'g_gpe_gpi_mult': 0.7980262856180935}. Best is trial 151 with value: 0.41352779491411806.
[I 2026-05-28 01:25:11,536] Trial 175 finished with value: 12.21647803065454 and parameters: {'ISTN': 68.68078134745363, 'I_gpe': 1.7408255203288567, 'I_gpi': 1.084199948741351, 'noise_stn_sigma': 4.481352733162267, 'noise_gpe_sigma': 74.64300541280898, 'noise_gpi_sigma': 51.85229733637195, 'g_stn_gpe_mult': 2.536094695442811, 'g_gpe_stn_mult': 0.15725725327371443, 'g_stn_gpi_mult': 1.9975115987244665, 'g_gpe_gpi_mult': 0.7423570209084243}. Best is trial 151 with value: 0.41352779491411806.
