[I 2026-05-28 01:44:22,081] Trial 308 finished with value: 1.9445665913447743 and parameters: {'ISTN': 79.4690847224999, 'I_gpe': 0.9567464944123472, 'I_gpi': 2.0836382201405037, 'noise_stn_sigma': 5.331128835692644, 'noise_gpe_sigma': 82.4581190774056, 'noise_gpi_sigma': 134.15546698600957, 'g_stn_gpe_mult': 1.645148751376128, 'g_gpe_stn_mult': 0.1911280793335456, 'g_stn_gpi_mult': 3.125146300386437, 'g_gpe_gpi_mult': 0.5392596061784586}. Best is trial 209 with value: 0.38460119353143385.
[I 2026-05-28 01:44:23,090] Trial 309 finished with value: 2.3884088388413733 and parameters: {'ISTN': 71.96523103188801, 'I_gpe': 0.6860482585107113, 'I_gpi': 1.969262668640492, 'noise_stn_sigma': 5.554382918651076, 'noise_gpe_sigma': 75.51472434955394, 'noise_gpi_sigma': 116.05008025755984, 'g_stn_gpe_mult': 1.735297911433543, 'g_gpe_stn_mult': 0.115110459459338, 'g_stn_gpi_mult': 2.7073067120090393, 'g_gpe_gpi_mult': 0.6839432846330538}. Best is trial 209 with value: 0.38460119353143385.
[I 2026-05-28 01:44:24,098] Trial 310 finished with value: 2.354414701176112 and parameters: {'ISTN': 76.07510478191104, 'I_gpe': 0.8635488868536032, 'I_gpi': 2.6855971909399208, 'noise_stn_sigma': 5.905560177584933, 'noise_gpe_sigma': 75.13012683354688, 'noise_gpi_sigma': 122.54178130785832, 'g_stn_gpe_mult': 2.351410151153023, 'g_gpe_stn_mult': 0.16874086152902162, 'g_stn_gpi_mult': 2.8153516842893715, 'g_gpe_gpi_mult': 0.6778696598277802}. Best is trial 209 with value: 0.38460119353143385.
[I 2026-05-28 01:44:25,107] Trial 311 finished with value: 2.369839444152056 and parameters: {'ISTN': 70.94428367075788, 'I_gpe': 1.0713084897975644, 'I_gpi': 1.791060505388058, 'noise_stn_sigma': 6.181244310554563, 'noise_gpe_sigma': 75.20060685595237, 'noise_gpi_sigma': 134.0374448213927, 'g_stn_gpe_mult': 1.9368390157821709, 'g_gpe_stn_mult': 0.16489443081271865, 'g_stn_gpi_mult': 3.0405102313815493, 'g_gpe_gpi_mult': 0.5424966932148292}. Best is trial 209 with value: 0.38460119353143385.
[I 2026-05-28 01:44:26,113] Trial 312 finished with value: 1.5638028803023667 and parameters: {'ISTN': 76.04166479675445, 'I_gpe': 1.0978884006879226, 'I_gpi': 1.6378228646135917, 'noise_stn_sigma': 6.378146491285253, 'noise_gpe_sigma': 75.04770790904664, 'noise_gpi_sigma': 129.17183786046672, 'g_stn_gpe_mult': 2.273357141065709, 'g_gpe_stn_mult': 0.21583922261433622, 'g_stn_gpi_mult': 3.2383008711258077, 'g_gpe_gpi_mult': 0.6962725514730739}. Best is trial 209 with value: 0.38460119353143385.
[I 2026-05-28 01:44:27,124] Trial 313 finished with value: 2.785006432776942 and parameters: {'ISTN': 79.52595209941886, 'I_gpe': 1.0953972316619147, 'I_gpi': 1.8124048595856235, 'noise_stn_sigma': 5.85699319917865, 'noise_gpe_sigma': 89.89342583458037, 'noise_gpi_sigma': 143.2462245439237, 'g_stn_gpe_mult': 1.8146795371468314, 'g_gpe_stn_mult': 0.17316196166236425, 'g_stn_gpi_mult': 2.6694171599351715, 'g_gpe_gpi_mult': 0.5786756535918474}. Best is trial 209 with value: 0.38460119353143385.
[I 2026-05-28 01:44:28,133] Trial 314 finished with value: 2.6645312363612756 and parameters: {'ISTN': 66.73549439011242, 'I_gpe': 1.0982125928826334, 'I_gpi': 2.159647624811879, 'noise_stn_sigma': 5.967581646271195, 'noise_gpe_sigma': 80.4233477834548, 'noise_gpi_sigma': 130.65773173757913, 'g_stn_gpe_mult': 1.9780040735469806, 'g_gpe_stn_mult': 0.20726171896542286, 'g_stn_gpi_mult': 3.1418858446161098, 'g_gpe_gpi_mult': 0.5800412938551374}. Best is trial 209 with value: 0.38460119353143385.
[I 2026-05-28 01:44:29,145] Trial 315 finished with value: 2.4142178942969643 and parameters: {'ISTN': 85.74628717652568, 'I_gpe': 0.8164388576014636, 'I_gpi': 1.9638718546031382, 'noise_stn_sigma': 6.523904423511991, 'noise_gpe_sigma': 86.2917055941106, 'noise_gpi_sigma': 130.73374537335602, 'g_stn_gpe_mult': 1.9572206154245215, 'g_gpe_stn_mult': 0.1930310733973683, 'g_stn_gpi_mult': 2.9392681732117123, 'g_gpe_gpi_mult': 0.5889967018156972}. Best is trial 209 with value: 0.38460119353143385.
[I 2026-05-28 01:44:30,154] Trial 316 finished with value: 2.1194134856766293 and parameters: {'ISTN': 65.16581872316743, 'I_gpe': 0.9977170266441479, 'I_gpi': 1.8948860202476108, 'noise_stn_sigma': 6.893045193154508, 'noise_gpe_sigma': 69.09510855491708, 'noise_gpi_sigma': 119.81547802325538, 'g_stn_gpe_mult': 2.482544347286009, 'g_gpe_stn_mult': 0.11464170667196438, 'g_stn_gpi_mult': 2.9174640644875875, 'g_gpe_gpi_mult': 0.6451653227541507}. Best is trial 209 with value: 0.38460119353143385.
[I 2026-05-28 01:44:31,162] Trial 317 finished with value: 2.6240595358099807 and parameters: {'ISTN': 82.77600955712342, 'I_gpe': 0.7917084102257962, 'I_gpi': 1.5398252428822217, 'noise_stn_sigma': 5.990799354912475, 'noise_gpe_sigma': 65.35550253368913, 'noise_gpi_sigma': 144.15124967170414, 'g_stn_gpe_mult': 1.7891998663948698, 'g_gpe_stn_mult': 0.11097998769193754, 'g_stn_gpi_mult': 2.796673055200661, 'g_gpe_gpi_mult': 0.5284031999000782}. Best is trial 209 with value: 0.38460119353143385.
[I 2026-05-28 01:44:32,169] Trial 318 finished with value: 3.0966254078823057 and parameters: {'ISTN': 72.10589821159685, 'I_gpe': 1.1438769599349428, 'I_gpi': 1.8633343085344243, 'noise_stn_sigma': 5.820198748967174, 'noise_gpe_sigma': 96.95655069702147, 'noise_gpi_sigma': 142.39872866637387, 'g_stn_gpe_mult': 1.6692499101294065, 'g_gpe_stn_mult': 0.2122687257003525, 'g_stn_gpi_mult': 2.7190854405635423, 'g_gpe_gpi_mult': 0.6500738313538761}. Best is trial 209 with value: 0.38460119353143385.
[I 2026-05-28 01:44:33,175] Trial 319 finished with value: 3.0657395113712296 and parameters: {'ISTN': 76.0432684247121, 'I_gpe': 1.024359101572514, 'I_gpi': 2.1526320414075513, 'noise_stn_sigma': 6.461108969366677, 'noise_gpe_sigma': 87.12299143826078, 'noise_gpi_sigma': 124.52412023844413, 'g_stn_gpe_mult': 1.9989740782328442, 'g_gpe_stn_mult': 0.27419863700920033, 'g_stn_gpi_mult': 2.9386886333331845, 'g_gpe_gpi_mult': 0.6826109422662654}. Best is trial 209 with value: 0.38460119353143385.
[I 2026-05-28 01:44:34,183] Trial 320 finished with value: 2.0412625397441584 and parameters: {'ISTN': 81.2770548062286, 'I_gpe': 1.1828027647542538, 'I_gpi': 2.0211961389806175, 'noise_stn_sigma': 6.874528825823818, 'noise_gpe_sigma': 85.54371368254749, 'noise_gpi_sigma': 129.11759180942934, 'g_stn_gpe_mult': 1.9600068318625774, 'g_gpe_stn_mult': 0.1502157055906727, 'g_stn_gpi_mult': 2.382675782907098, 'g_gpe_gpi_mult': 0.48484188912522175}. Best is trial 209 with value: 0.38460119353143385.
[I 2026-05-28 01:44:35,191] Trial 321 finished with value: 3.2020637818879383 and parameters: {'ISTN': 84.72215562828731, 'I_gpe': 1.091614177873892, 'I_gpi': 1.447831703668058, 'noise_stn_sigma': 6.850130356190361, 'noise_gpe_sigma': 74.15006639533324, 'noise_gpi_sigma': 109.37808775221191, 'g_stn_gpe_mult': 2.7089093892934284, 'g_gpe_stn_mult': 0.22733196163176364, 'g_stn_gpi_mult': 3.13333641555314, 'g_gpe_gpi_mult': 0.5566102260824783}. Best is trial 209 with value: 0.38460119353143385.
[I 2026-05-28 01:44:36,199] Trial 322 finished with value: 2.2697992333960917 and parameters: {'ISTN': 82.5456665960354, 'I_gpe': 1.212009803759459, 'I_gpi': 1.8471727978283436, 'noise_stn_sigma': 6.622786241620206, 'noise_gpe_sigma': 74.64003149596175, 'noise_gpi_sigma': 107.67402360210802, 'g_stn_gpe_mult': 2.4639782484992616, 'g_gpe_stn_mult': 0.17625477335718814, 'g_stn_gpi_mult': 2.601419939131715, 'g_gpe_gpi_mult': 0.5748367621339923}. Best is trial 209 with value: 0.38460119353143385.
[I 2026-05-28 01:44:37,206] Trial 323 finished with value: 2.571741219444205 and parameters: {'ISTN': 73.28821030416023, 'I_gpe': 1.189042117229656, 'I_gpi': 1.2348287679015415, 'noise_stn_sigma': 6.507286978243749, 'noise_gpe_sigma': 80.91540753263429, 'noise_gpi_sigma': 115.85503644344355, 'g_stn_gpe_mult': 2.2759356243840547, 'g_gpe_stn_mult': 0.26341041593504944, 'g_stn_gpi_mult': 2.9531312952401523, 'g_gpe_gpi_mult': 0.6272155460535774}. Best is trial 209 with value: 0.38460119353143385.
[I 2026-05-28 01:44:38,214] Trial 324 finished with value: 2.217894282898901 and parameters: {'ISTN': 73.84213563090842, 'I_gpe': 0.9789789159016993, 'I_gpi': 1.818103096942326, 'noise_stn_sigma': 6.987857901309232, 'noise_gpe_sigma': 78.41996761716763, 'noise_gpi_sigma': 123.56098816837617, 'g_stn_gpe_mult': 1.807836847275736, 'g_gpe_stn_mult': 0.20822605350011847, 'g_stn_gpi_mult': 2.884504220228168, 'g_gpe_gpi_mult': 0.5226227453423159}. Best is trial 209 with value: 0.38460119353143385.
[I 2026-05-28 01:44:39,223] Trial 325 finished with value: 2.8426377034678785 and parameters: {'ISTN': 72.85439229640998, 'I_gpe': 1.003294665254107, 'I_gpi': 1.9254979076802092, 'noise_stn_sigma': 6.55154805230533, 'noise_gpe_sigma': 83.9979356141727, 'noise_gpi_sigma': 129.3441875155553, 'g_stn_gpe_mult': 2.090054157196763, 'g_gpe_stn_mult': 0.20867889710528847, 'g_stn_gpi_mult': 3.1305991537267874, 'g_gpe_gpi_mult': 0.6425598587727666}. Best is trial 209 with value: 0.38460119353143385.
[I 2026-05-28 01:44:40,231] Trial 326 finished with value: 1.032212141422314 and parameters: {'ISTN': 74.67890078465635, 'I_gpe': 0.9516765022871765, 'I_gpi': 1.5317130199792666, 'noise_stn_sigma': 6.434958737793275, 'noise_gpe_sigma': 76.70051624896428, 'noise_gpi_sigma': 128.41236240670563, 'g_stn_gpe_mult': 1.5759905416346762, 'g_gpe_stn_mult': 0.11806454290831869, 'g_stn_gpi_mult': 2.834003894063012, 'g_gpe_gpi_mult': 0.6054919062438939}. Best is trial 209 with value: 0.38460119353143385.
[I 2026-05-28 01:44:41,238] Trial 327 finished with value: 2.699259985338614 and parameters: {'ISTN': 72.49755861855853, 'I_gpe': 1.1875391890276124, 'I_gpi': 1.52488657124462, 'noise_stn_sigma': 6.096424271081168, 'noise_gpe_sigma': 63.02882599846258, 'noise_gpi_sigma': 115.41740645279411, 'g_stn_gpe_mult': 2.028494164091996, 'g_gpe_stn_mult': 0.12971251044016133, 'g_stn_gpi_mult': 3.4237332090440793, 'g_gpe_gpi_mult': 0.6954355628828361}. Best is trial 209 with value: 0.38460119353143385.
[I 2026-05-28 01:44:42,246] Trial 328 finished with value: 2.0859538017765393 and parameters: {'ISTN': 78.09571498482018, 'I_gpe': 1.116595416386189, 'I_gpi': 2.23952663684189, 'noise_stn_sigma': 6.8299963290568435, 'noise_gpe_sigma': 74.48736117565218, 'noise_gpi_sigma': 133.37400879186666, 'g_stn_gpe_mult': 2.2160693369154463, 'g_gpe_stn_mult': 0.1831705546732551, 'g_stn_gpi_mult': 3.023087740153373, 'g_gpe_gpi_mult': 0.5544644450057903}. Best is trial 209 with value: 0.38460119353143385.
[I 2026-05-28 01:44:43,255] Trial 329 finished with value: 1.207837301259394 and parameters: {'ISTN': 77.91756491751089, 'I_gpe': 1.0115586971825667, 'I_gpi': 1.6853691433724582, 'noise_stn_sigma': 5.962210901962337, 'noise_gpe_sigma': 76.12386167344607, 'noise_gpi_sigma': 126.97392063759135, 'g_stn_gpe_mult': 1.9107368239705163, 'g_gpe_stn_mult': 0.19145920377088463, 'g_stn_gpi_mult': 3.1430339608299946, 'g_gpe_gpi_mult': 0.6111551222414159}. Best is trial 209 with value: 0.38460119353143385.
[I 2026-05-28 01:44:44,263] Trial 330 finished with value: 1.630286162521505 and parameters: {'ISTN': 80.98355769988763, 'I_gpe': 0.9645114032105963, 'I_gpi': 1.5764423269765657, 'noise_stn_sigma': 7.394953196263579, 'noise_gpe_sigma': 83.04264743672643, 'noise_gpi_sigma': 122.4660406076168, 'g_stn_gpe_mult': 2.3004087792458803, 'g_gpe_stn_mult': 0.1681333482688055, 'g_stn_gpi_mult': 2.8765276431084086, 'g_gpe_gpi_mult': 0.5323166595258602}. Best is trial 209 with value: 0.38460119353143385.
[I 2026-05-28 01:44:45,271] Trial 331 finished with value: 2.6027409811796973 and parameters: {'ISTN': 75.98265076242902, 'I_gpe': 0.709412702734918, 'I_gpi': 1.6138254848550573, 'noise_stn_sigma': 7.0705194322013805, 'noise_gpe_sigma': 69.72752252695719, 'noise_gpi_sigma': 123.36052192393772, 'g_stn_gpe_mult': 1.5481618639690715, 'g_gpe_stn_mult': 0.18536575362527707, 'g_stn_gpi_mult': 3.133152246803948, 'g_gpe_gpi_mult': 0.7064466314828455}. Best is trial 209 with value: 0.38460119353143385.
[I 2026-05-28 01:44:46,279] Trial 332 finished with value: 1.462707641291542 and parameters: {'ISTN': 78.39839963930888, 'I_gpe': 0.7089456684840902, 'I_gpi': 1.7716485666604374, 'noise_stn_sigma': 6.370775340117102, 'noise_gpe_sigma': 85.36984349406453, 'noise_gpi_sigma': 135.0652172420098, 'g_stn_gpe_mult': 1.6398130138156788, 'g_gpe_stn_mult': 0.20267020548362885, 'g_stn_gpi_mult': 2.964811721686164, 'g_gpe_gpi_mult': 0.5818152685073507}. Best is trial 209 with value: 0.38460119353143385.
[I 2026-05-28 01:44:47,290] Trial 333 finished with value: 2.67409589339735 and parameters: {'ISTN': 77.95257245262641, 'I_gpe': 0.835203786987246, 'I_gpi': 1.5148286698537534, 'noise_stn_sigma': 6.371792679227573, 'noise_gpe_sigma': 64.8023868226369, 'noise_gpi_sigma': 125.6482945102049, 'g_stn_gpe_mult': 1.9747450546044245, 'g_gpe_stn_mult': 0.16233500630811815, 'g_stn_gpi_mult': 3.313751272291764, 'g_gpe_gpi_mult': 0.6576913519405224}. Best is trial 209 with value: 0.38460119353143385.
[I 2026-05-28 01:44:48,298] Trial 334 finished with value: 2.005702424594441 and parameters: {'ISTN': 69.6529607660763, 'I_gpe': 1.1251977724537172, 'I_gpi': 2.1855789522502542, 'noise_stn_sigma': 5.944409584858368, 'noise_gpe_sigma': 81.25954579619403, 'noise_gpi_sigma': 130.15009801072893, 'g_stn_gpe_mult': 1.9593244184090475, 'g_gpe_stn_mult': 0.14836242746496323, 'g_stn_gpi_mult': 3.0565096091059547, 'g_gpe_gpi_mult': 0.6613198679631922}. Best is trial 209 with value: 0.38460119353143385.
[I 2026-05-28 01:44:49,307] Trial 335 finished with value: 0.9925335860569364 and parameters: {'ISTN': 70.04296749010003, 'I_gpe': 1.0219494293003462, 'I_gpi': 1.1598818149691323, 'noise_stn_sigma': 6.449481293393487, 'noise_gpe_sigma': 79.03089144513373, 'noise_gpi_sigma': 124.7655589806638, 'g_stn_gpe_mult': 1.695841407553758, 'g_gpe_stn_mult': 0.19131292979259568, 'g_stn_gpi_mult': 3.149675585103401, 'g_gpe_gpi_mult': 0.6905159464855741}. Best is trial 209 with value: 0.38460119353143385.
[I 2026-05-28 01:44:50,315] Trial 336 finished with value: 1.0555983100115605 and parameters: {'ISTN': 73.84376034757597, 'I_gpe': 0.9389162343658151, 'I_gpi': 1.827582645803255, 'noise_stn_sigma': 6.248496600523952, 'noise_gpe_sigma': 87.3895624432295, 'noise_gpi_sigma': 126.56327071667675, 'g_stn_gpe_mult': 2.2901226360350604, 'g_gpe_stn_mult': 0.13059219020892107, 'g_stn_gpi_mult': 2.5836934500344864, 'g_gpe_gpi_mult': 0.6829564205636873}. Best is trial 209 with value: 0.38460119353143385.
[I 2026-05-28 01:44:51,323] Trial 337 finished with value: 3.334840472788131 and parameters: {'ISTN': 76.86162666245869, 'I_gpe': 1.0470671600559824, 'I_gpi': 1.8321405567673221, 'noise_stn_sigma': 5.549449340618654, 'noise_gpe_sigma': 61.03199701853123, 'noise_gpi_sigma': 127.3373486856383, 'g_stn_gpe_mult': 2.40215881499035, 'g_gpe_stn_mult': 0.10849854729781892, 'g_stn_gpi_mult': 3.0276751078837503, 'g_gpe_gpi_mult': 0.6222232862368744}. Best is trial 209 with value: 0.38460119353143385.
[I 2026-05-28 01:44:52,331] Trial 338 finished with value: 1.226165610455996 and parameters: {'ISTN': 72.69413415728798, 'I_gpe': 0.8584774150933848, 'I_gpi': 1.7136739031725052, 'noise_stn_sigma': 6.235981048918313, 'noise_gpe_sigma': 76.00236826490041, 'noise_gpi_sigma': 137.99426178798444, 'g_stn_gpe_mult': 2.0152125723169876, 'g_gpe_stn_mult': 0.19031875901223816, 'g_stn_gpi_mult': 3.2084888581482396, 'g_gpe_gpi_mult': 0.6195392122031942}. Best is trial 209 with value: 0.38460119353143385.
[I 2026-05-28 01:44:53,340] Trial 339 finished with value: 2.7050119961030425 and parameters: {'ISTN': 73.64356175031524, 'I_gpe': 1.2089714157033504, 'I_gpi': 1.6713427635045512, 'noise_stn_sigma': 6.658887502800066, 'noise_gpe_sigma': 89.3864917231244, 'noise_gpi_sigma': 125.92990371511195, 'g_stn_gpe_mult': 1.9396285291630742, 'g_gpe_stn_mult': 0.23832300917104188, 'g_stn_gpi_mult': 3.02159207812639, 'g_gpe_gpi_mult': 0.5401194977855613}. Best is trial 209 with value: 0.38460119353143385.
[I 2026-05-28 01:44:54,350] Trial 340 finished with value: 3.150540632252774 and parameters: {'ISTN': 74.95026263751215, 'I_gpe': 1.0272347858643394, 'I_gpi': 1.7450690510761795, 'noise_stn_sigma': 6.1116765039103305, 'noise_gpe_sigma': 77.25148772736267, 'noise_gpi_sigma': 128.94802224435946, 'g_stn_gpe_mult': 2.196707034064122, 'g_gpe_stn_mult': 0.15691452924838628, 'g_stn_gpi_mult': 2.741586362367057, 'g_gpe_gpi_mult': 0.5171567772794694}. Best is trial 209 with value: 0.38460119353143385.
[I 2026-05-28 01:44:55,361] Trial 341 finished with value: 2.596429002892942 and parameters: {'ISTN': 65.86256460071694, 'I_gpe': 1.06240139227718, 'I_gpi': 1.3298118298764683, 'noise_stn_sigma': 5.690363627393664, 'noise_gpe_sigma': 78.36045063636485, 'noise_gpi_sigma': 142.42536805510022, 'g_stn_gpe_mult': 2.0327395923837743, 'g_gpe_stn_mult': 0.17718626163287013, 'g_stn_gpi_mult': 2.8606885232147596, 'g_gpe_gpi_mult': 0.7235000591349248}. Best is trial 209 with value: 0.38460119353143385.
[I 2026-05-28 01:44:56,370] Trial 342 finished with value: 2.080285191438805 and parameters: {'ISTN': 70.40522576436052, 'I_gpe': 0.650138698490289, 'I_gpi': 1.0267372202048592, 'noise_stn_sigma': 6.998453003863415, 'noise_gpe_sigma': 81.2271060378758, 'noise_gpi_sigma': 140.44828656793567, 'g_stn_gpe_mult': 1.9945543562363075, 'g_gpe_stn_mult': 0.22466132351466012, 'g_stn_gpi_mult': 3.1772802926287196, 'g_gpe_gpi_mult': 0.6708635618388228}. Best is trial 209 with value: 0.38460119353143385.
[I 2026-05-28 01:44:57,378] Trial 343 finished with value: 2.3914415253343675 and parameters: {'ISTN': 73.28471857661718, 'I_gpe': 1.0452069399615884, 'I_gpi': 2.120947420363163, 'noise_stn_sigma': 6.228143945212885, 'noise_gpe_sigma': 84.97498906309329, 'noise_gpi_sigma': 133.42981797288755, 'g_stn_gpe_mult': 2.1984252286394117, 'g_gpe_stn_mult': 0.1729018445558942, 'g_stn_gpi_mult': 2.753737767756897, 'g_gpe_gpi_mult': 0.6431025146596847}. Best is trial 209 with value: 0.38460119353143385.
[I 2026-05-28 01:44:58,386] Trial 344 finished with value: 2.692529043171012 and parameters: {'ISTN': 67.83576752255696, 'I_gpe': 1.0270750853011252, 'I_gpi': 1.6046971875269187, 'noise_stn_sigma': 5.745186673891414, 'noise_gpe_sigma': 91.09176528675766, 'noise_gpi_sigma': 139.0980441044282, 'g_stn_gpe_mult': 2.2590872561379127, 'g_gpe_stn_mult': 0.14167584063507374, 'g_stn_gpi_mult': 2.931770003322141, 'g_gpe_gpi_mult': 0.6079328264987764}. Best is trial 209 with value: 0.38460119353143385.
[I 2026-05-28 01:44:59,393] Trial 345 finished with value: 1.5262397644394963 and parameters: {'ISTN': 63.353962505222476, 'I_gpe': 0.816080119865758, 'I_gpi': 1.1641522613040785, 'noise_stn_sigma': 6.766318246252214, 'noise_gpe_sigma': 71.89116202785169, 'noise_gpi_sigma': 130.0312191927489, 'g_stn_gpe_mult': 1.9288963767099674, 'g_gpe_stn_mult': 0.19138182234507856, 'g_stn_gpi_mult': 3.104288427213751, 'g_gpe_gpi_mult': 0.6819770192944337}. Best is trial 209 with value: 0.38460119353143385.
[I 2026-05-28 01:45:00,401] Trial 346 finished with value: 2.357435470579634 and parameters: {'ISTN': 70.03992789971927, 'I_gpe': 1.0279564268168981, 'I_gpi': 1.498565114716511, 'noise_stn_sigma': 6.603361778145786, 'noise_gpe_sigma': 81.4328647201657, 'noise_gpi_sigma': 132.3107564954438, 'g_stn_gpe_mult': 2.2306740839658734, 'g_gpe_stn_mult': 0.17013948139377344, 'g_stn_gpi_mult': 3.029845236330024, 'g_gpe_gpi_mult': 0.5978674623766181}. Best is trial 209 with value: 0.38460119353143385.
[I 2026-05-28 01:45:01,408] Trial 347 finished with value: 2.716492369473195 and parameters: {'ISTN': 77.23195158973684, 'I_gpe': 1.0796959034926052, 'I_gpi': 1.3956094433765223, 'noise_stn_sigma': 5.9191224444721, 'noise_gpe_sigma': 81.96830540978465, 'noise_gpi_sigma': 114.05897098356728, 'g_stn_gpe_mult': 1.7704745730867486, 'g_gpe_stn_mult': 0.17591564482927285, 'g_stn_gpi_mult': 2.724463187589798, 'g_gpe_gpi_mult': 0.64445701329667}. Best is trial 209 with value: 0.38460119353143385.
[I 2026-05-28 01:45:02,417] Trial 348 finished with value: 0.8453583442733755 and parameters: {'ISTN': 68.57422431045943, 'I_gpe': 0.8701774422432145, 'I_gpi': 1.5899210315532852, 'noise_stn_sigma': 6.987268134776984, 'noise_gpe_sigma': 85.33976781657262, 'noise_gpi_sigma': 133.7060951137939, 'g_stn_gpe_mult': 2.0603552830644567, 'g_gpe_stn_mult': 0.19277593204977445, 'g_stn_gpi_mult': 2.860626463507132, 'g_gpe_gpi_mult': 0.6806098546320314}. Best is trial 209 with value: 0.38460119353143385.
[I 2026-05-28 01:45:03,425] Trial 349 finished with value: 0.858369074134646 and parameters: {'ISTN': 68.86087258461139, 'I_gpe': 1.0089267421925685, 'I_gpi': 1.753199355329592, 'noise_stn_sigma': 6.201893818175416, 'noise_gpe_sigma': 83.82757661870275, 'noise_gpi_sigma': 132.00954380726242, 'g_stn_gpe_mult': 1.9314980966722874, 'g_gpe_stn_mult': 0.20777587308312556, 'g_stn_gpi_mult': 2.914669996731677, 'g_gpe_gpi_mult': 0.5307218763135841}. Best is trial 209 with value: 0.38460119353143385.
[I 2026-05-28 01:45:04,433] Trial 350 finished with value: 1.4056645562982149 and parameters: {'ISTN': 73.56609254212296, 'I_gpe': 1.0143613259077802, 'I_gpi': 2.1713753024822715, 'noise_stn_sigma': 4.919776718564878, 'noise_gpe_sigma': 81.21397054078014, 'noise_gpi_sigma': 139.43634518576891, 'g_stn_gpe_mult': 1.9914959938861068, 'g_gpe_stn_mult': 0.1276534274469484, 'g_stn_gpi_mult': 3.233380187775577, 'g_gpe_gpi_mult': 0.7772128004298371}. Best is trial 209 with value: 0.38460119353143385.
[I 2026-05-28 01:45:05,442] Trial 351 finished with value: 1.595721661521821 and parameters: {'ISTN': 64.2431201910053, 'I_gpe': 0.8609376695161326, 'I_gpi': 1.6546123627115596, 'noise_stn_sigma': 6.471383802983051, 'noise_gpe_sigma': 78.49101022121644, 'noise_gpi_sigma': 138.16778915298818, 'g_stn_gpe_mult': 1.9141002510601468, 'g_gpe_stn_mult': 0.21233382171520776, 'g_stn_gpi_mult': 2.899535530271872, 'g_gpe_gpi_mult': 0.6411894384107785}. Best is trial 209 with value: 0.38460119353143385.
