[I 2026-05-28 01:53:14,290] Trial 836 finished with value: 0.18031596595676905 and parameters: {'ISTN': 61.82383990458867, 'I_gpe': 1.1504070116772023, 'I_gpi': 1.7786292025233963, 'noise_stn_sigma': 3.218641369431398, 'noise_gpe_sigma': 78.94940598873978, 'noise_gpi_sigma': 83.43910527306164, 'g_stn_gpe_mult': 3.247612162896447, 'g_gpe_stn_mult': 0.16737854893596915, 'g_stn_gpi_mult': 3.8331586224054273, 'g_gpe_gpi_mult': 0.8183048069224266}. Best is trial 775 with value: 0.14362186524515327.
[I 2026-05-28 01:53:15,299] Trial 837 finished with value: 0.14312271449547864 and parameters: {'ISTN': 60.872399699978594, 'I_gpe': 1.1662853964256086, 'I_gpi': 1.7825933991357328, 'noise_stn_sigma': 2.6099908166726165, 'noise_gpe_sigma': 75.07518987435, 'noise_gpi_sigma': 75.02117049379451, 'g_stn_gpe_mult': 3.216809269509791, 'g_gpe_stn_mult': 0.1621454783431008, 'g_stn_gpi_mult': 3.7846089442047854, 'g_gpe_gpi_mult': 0.8544755486811366}. Best is trial 837 with value: 0.14312271449547864.
[I 2026-05-28 01:53:16,310] Trial 838 finished with value: 0.15905833016527016 and parameters: {'ISTN': 61.09107051235142, 'I_gpe': 1.1699210859404572, 'I_gpi': 1.9161040276280223, 'noise_stn_sigma': 2.7474099444418654, 'noise_gpe_sigma': 77.9454854896175, 'noise_gpi_sigma': 76.0412854639595, 'g_stn_gpe_mult': 3.210748462870625, 'g_gpe_stn_mult': 0.16499537921335622, 'g_stn_gpi_mult': 3.7555717520541827, 'g_gpe_gpi_mult': 0.829820334529209}. Best is trial 837 with value: 0.14312271449547864.
[I 2026-05-28 01:53:17,318] Trial 839 finished with value: 0.20123349066203533 and parameters: {'ISTN': 62.299302721489376, 'I_gpe': 1.1052766025091274, 'I_gpi': 1.7318457500994016, 'noise_stn_sigma': 3.1330063915742694, 'noise_gpe_sigma': 77.0881648649405, 'noise_gpi_sigma': 78.19028834263733, 'g_stn_gpe_mult': 3.218527683172414, 'g_gpe_stn_mult': 0.15043340454759657, 'g_stn_gpi_mult': 3.7194193140979355, 'g_gpe_gpi_mult': 0.8301373118452795}. Best is trial 837 with value: 0.14312271449547864.
[I 2026-05-28 01:53:18,327] Trial 840 finished with value: 0.16273073146699937 and parameters: {'ISTN': 62.046002176219254, 'I_gpe': 1.194853172093061, 'I_gpi': 1.7950907663850963, 'noise_stn_sigma': 2.9442528933517105, 'noise_gpe_sigma': 77.1340095459959, 'noise_gpi_sigma': 77.60844987090539, 'g_stn_gpe_mult': 3.2033262746925306, 'g_gpe_stn_mult': 0.1469062078341724, 'g_stn_gpi_mult': 3.899215954047677, 'g_gpe_gpi_mult': 0.8359287077205226}. Best is trial 837 with value: 0.14312271449547864.
[I 2026-05-28 01:53:19,337] Trial 841 finished with value: 0.23842661207340274 and parameters: {'ISTN': 60.6215105059574, 'I_gpe': 1.2099462992482766, 'I_gpi': 1.7465689347761049, 'noise_stn_sigma': 2.78940256082935, 'noise_gpe_sigma': 76.94880183437931, 'noise_gpi_sigma': 82.46839894568784, 'g_stn_gpe_mult': 3.2097209476602835, 'g_gpe_stn_mult': 0.16489250589006516, 'g_stn_gpi_mult': 3.7640661730458325, 'g_gpe_gpi_mult': 0.8285689536215377}. Best is trial 837 with value: 0.14312271449547864.
[I 2026-05-28 01:53:20,347] Trial 842 finished with value: 0.31357483521868157 and parameters: {'ISTN': 60.26481443197864, 'I_gpe': 1.1514739911779257, 'I_gpi': 1.8253371269964962, 'noise_stn_sigma': 2.7544685722401967, 'noise_gpe_sigma': 79.6689689844388, 'noise_gpi_sigma': 77.19653365959758, 'g_stn_gpe_mult': 3.236290387138289, 'g_gpe_stn_mult': 0.16315452360511512, 'g_stn_gpi_mult': 3.719436240641479, 'g_gpe_gpi_mult': 0.8684580405756908}. Best is trial 837 with value: 0.14312271449547864.
[I 2026-05-28 01:53:21,357] Trial 843 finished with value: 0.1526053973697795 and parameters: {'ISTN': 61.52458265529145, 'I_gpe': 1.1728505595951475, 'I_gpi': 1.7724880281137163, 'noise_stn_sigma': 2.785449983946651, 'noise_gpe_sigma': 79.84639242060183, 'noise_gpi_sigma': 78.82279219005359, 'g_stn_gpe_mult': 3.1346067668385786, 'g_gpe_stn_mult': 0.1580014914597191, 'g_stn_gpi_mult': 3.772578072719868, 'g_gpe_gpi_mult': 0.8111249281274651}. Best is trial 837 with value: 0.14312271449547864.
[I 2026-05-28 01:53:22,366] Trial 844 finished with value: 1.110113477047956 and parameters: {'ISTN': 60.99262246413359, 'I_gpe': 1.21177716419757, 'I_gpi': 1.838451635577155, 'noise_stn_sigma': 2.8476747074215387, 'noise_gpe_sigma': 76.40068588134622, 'noise_gpi_sigma': 78.693952072732, 'g_stn_gpe_mult': 3.21428208981021, 'g_gpe_stn_mult': 0.14204438733513763, 'g_stn_gpi_mult': 3.536733866190952, 'g_gpe_gpi_mult': 0.8366376319988136}. Best is trial 837 with value: 0.14312271449547864.
[I 2026-05-28 01:53:23,374] Trial 845 finished with value: 0.16235157913305828 and parameters: {'ISTN': 62.10197714720366, 'I_gpe': 1.1994862194686426, 'I_gpi': 1.7512234455388822, 'noise_stn_sigma': 2.9047372662213933, 'noise_gpe_sigma': 78.99487995530043, 'noise_gpi_sigma': 83.55888887326284, 'g_stn_gpe_mult': 3.28816273765388, 'g_gpe_stn_mult': 0.1483606158161121, 'g_stn_gpi_mult': 3.7378836049826196, 'g_gpe_gpi_mult': 0.8362682732883875}. Best is trial 837 with value: 0.14312271449547864.
[I 2026-05-28 01:53:24,381] Trial 846 finished with value: 0.15198619066736901 and parameters: {'ISTN': 61.145600678900436, 'I_gpe': 1.228921211111699, 'I_gpi': 1.8642831449112225, 'noise_stn_sigma': 2.7073403829024967, 'noise_gpe_sigma': 79.55808547458605, 'noise_gpi_sigma': 77.19579051247374, 'g_stn_gpe_mult': 3.305863469206753, 'g_gpe_stn_mult': 0.16413624902311882, 'g_stn_gpi_mult': 3.77581948015827, 'g_gpe_gpi_mult': 0.8532530255123112}. Best is trial 837 with value: 0.14312271449547864.
[I 2026-05-28 01:53:25,390] Trial 847 finished with value: 0.40471060276288995 and parameters: {'ISTN': 61.5964926987272, 'I_gpe': 1.2042464944926348, 'I_gpi': 1.838863645705156, 'noise_stn_sigma': 2.7229616001042447, 'noise_gpe_sigma': 81.0751123149214, 'noise_gpi_sigma': 71.97522631311335, 'g_stn_gpe_mult': 3.1569642908430255, 'g_gpe_stn_mult': 0.14683374044205297, 'g_stn_gpi_mult': 3.727488181348251, 'g_gpe_gpi_mult': 0.8048555414622904}. Best is trial 837 with value: 0.14312271449547864.
[I 2026-05-28 01:53:26,399] Trial 848 finished with value: 0.1620436291866383 and parameters: {'ISTN': 61.950304409989215, 'I_gpe': 1.1937090130059413, 'I_gpi': 1.7122985412555496, 'noise_stn_sigma': 2.845018769647801, 'noise_gpe_sigma': 75.76692988251291, 'noise_gpi_sigma': 74.37230958940935, 'g_stn_gpe_mult': 3.2848056912303174, 'g_gpe_stn_mult': 0.14824366695150243, 'g_stn_gpi_mult': 3.8058433638686266, 'g_gpe_gpi_mult': 0.8553436560275784}. Best is trial 837 with value: 0.14312271449547864.
[I 2026-05-28 01:53:27,407] Trial 849 finished with value: 0.17191717191804134 and parameters: {'ISTN': 61.90076016578633, 'I_gpe': 1.167777973198615, 'I_gpi': 1.8354053020402779, 'noise_stn_sigma': 2.579926705637096, 'noise_gpe_sigma': 83.42044198458154, 'noise_gpi_sigma': 76.94798653442604, 'g_stn_gpe_mult': 3.4118913696133033, 'g_gpe_stn_mult': 0.1692053647219304, 'g_stn_gpi_mult': 3.7396147280929837, 'g_gpe_gpi_mult': 0.8492577953167935}. Best is trial 837 with value: 0.14312271449547864.
[I 2026-05-28 01:53:28,416] Trial 850 finished with value: 0.17674407178455026 and parameters: {'ISTN': 61.41791919670677, 'I_gpe': 1.234358625831905, 'I_gpi': 1.848476744753762, 'noise_stn_sigma': 2.92373395415143, 'noise_gpe_sigma': 74.35536076989187, 'noise_gpi_sigma': 85.59659530779022, 'g_stn_gpe_mult': 3.206203033091001, 'g_gpe_stn_mult': 0.15163841480845558, 'g_stn_gpi_mult': 3.68110732980521, 'g_gpe_gpi_mult': 0.8261675828817545}. Best is trial 837 with value: 0.14312271449547864.
[I 2026-05-28 01:53:29,427] Trial 851 finished with value: 0.17462962718564062 and parameters: {'ISTN': 61.68310288933178, 'I_gpe': 1.13140915654821, 'I_gpi': 1.6931415285580576, 'noise_stn_sigma': 2.596616270683535, 'noise_gpe_sigma': 81.9467492986938, 'noise_gpi_sigma': 72.05749515671998, 'g_stn_gpe_mult': 3.527702103451125, 'g_gpe_stn_mult': 0.17695412009356398, 'g_stn_gpi_mult': 3.8682274044066673, 'g_gpe_gpi_mult': 0.8954936106171929}. Best is trial 837 with value: 0.14312271449547864.
[I 2026-05-28 01:53:30,438] Trial 852 finished with value: 0.15296743453119357 and parameters: {'ISTN': 61.33254063742816, 'I_gpe': 1.261272479224727, 'I_gpi': 1.8480847988074907, 'noise_stn_sigma': 2.8876371214131673, 'noise_gpe_sigma': 74.61997898055657, 'noise_gpi_sigma': 84.26771458354959, 'g_stn_gpe_mult': 3.2465974364482073, 'g_gpe_stn_mult': 0.1393202066367783, 'g_stn_gpi_mult': 3.7510189269317604, 'g_gpe_gpi_mult': 0.8262983745039021}. Best is trial 837 with value: 0.14312271449547864.
[I 2026-05-28 01:53:31,447] Trial 853 finished with value: 0.15887281703625206 and parameters: {'ISTN': 61.921339149216166, 'I_gpe': 1.1738443869450093, 'I_gpi': 1.7661327631562598, 'noise_stn_sigma': 2.3874808751818204, 'noise_gpe_sigma': 80.93955939168825, 'noise_gpi_sigma': 76.0358636776994, 'g_stn_gpe_mult': 3.422391149107985, 'g_gpe_stn_mult': 0.16610450437277607, 'g_stn_gpi_mult': 3.829935955641247, 'g_gpe_gpi_mult': 0.8753143362608831}. Best is trial 837 with value: 0.14312271449547864.
[I 2026-05-28 01:53:32,455] Trial 854 finished with value: 0.15713456950850205 and parameters: {'ISTN': 61.62427707499035, 'I_gpe': 1.2246966312257308, 'I_gpi': 1.7838427829591181, 'noise_stn_sigma': 2.5634493553487667, 'noise_gpe_sigma': 80.96997345584832, 'noise_gpi_sigma': 74.14943740425174, 'g_stn_gpe_mult': 3.3208664938824404, 'g_gpe_stn_mult': 0.15906841281632614, 'g_stn_gpi_mult': 3.7958477069150254, 'g_gpe_gpi_mult': 0.8305120519712266}. Best is trial 837 with value: 0.14312271449547864.
[I 2026-05-28 01:53:33,465] Trial 855 finished with value: 0.1520907894446884 and parameters: {'ISTN': 61.481907598480824, 'I_gpe': 1.2297352440035478, 'I_gpi': 1.865186226128524, 'noise_stn_sigma': 2.8074089653101004, 'noise_gpe_sigma': 81.56081667775489, 'noise_gpi_sigma': 77.59644759617491, 'g_stn_gpe_mult': 3.2168514384640146, 'g_gpe_stn_mult': 0.15184651182105718, 'g_stn_gpi_mult': 3.7618509860200775, 'g_gpe_gpi_mult': 0.8181670244827581}. Best is trial 837 with value: 0.14312271449547864.
[I 2026-05-28 01:53:34,473] Trial 856 finished with value: 0.19168755518940217 and parameters: {'ISTN': 62.41222710921147, 'I_gpe': 1.168272924372256, 'I_gpi': 1.8666539566674272, 'noise_stn_sigma': 2.8721849890742535, 'noise_gpe_sigma': 72.92310634562565, 'noise_gpi_sigma': 77.26891153785172, 'g_stn_gpe_mult': 3.231822219206956, 'g_gpe_stn_mult': 0.1649137908975133, 'g_stn_gpi_mult': 3.7316587586566494, 'g_gpe_gpi_mult': 0.8597174677134762}. Best is trial 837 with value: 0.14312271449547864.
[I 2026-05-28 01:53:35,483] Trial 857 finished with value: 0.7903524774056407 and parameters: {'ISTN': 61.05433583340571, 'I_gpe': 1.2307824406053862, 'I_gpi': 1.7827055552020017, 'noise_stn_sigma': 3.045573437305185, 'noise_gpe_sigma': 77.63637824811799, 'noise_gpi_sigma': 80.21269474603451, 'g_stn_gpe_mult': 3.267552160681957, 'g_gpe_stn_mult': 0.14039413502512038, 'g_stn_gpi_mult': 3.6478508406417918, 'g_gpe_gpi_mult': 0.7983502821939894}. Best is trial 837 with value: 0.14312271449547864.
[I 2026-05-28 01:53:36,491] Trial 858 finished with value: 0.1532028025111471 and parameters: {'ISTN': 61.264388348330876, 'I_gpe': 1.1744359176885348, 'I_gpi': 1.7932403381589337, 'noise_stn_sigma': 2.5166034188144044, 'noise_gpe_sigma': 78.91261811083783, 'noise_gpi_sigma': 73.67352880930895, 'g_stn_gpe_mult': 3.3601324347474377, 'g_gpe_stn_mult': 0.17090373790340596, 'g_stn_gpi_mult': 3.827009896910886, 'g_gpe_gpi_mult': 0.8611048014623015}. Best is trial 837 with value: 0.14312271449547864.
[I 2026-05-28 01:53:37,503] Trial 859 finished with value: 0.1592511185491639 and parameters: {'ISTN': 61.731545848253994, 'I_gpe': 1.1824183098224168, 'I_gpi': 1.838821709655845, 'noise_stn_sigma': 2.624502285691846, 'noise_gpe_sigma': 81.74853392377022, 'noise_gpi_sigma': 74.56058078626204, 'g_stn_gpe_mult': 3.344372771072663, 'g_gpe_stn_mult': 0.15779987262980424, 'g_stn_gpi_mult': 3.780450488180041, 'g_gpe_gpi_mult': 0.8569841022779694}. Best is trial 837 with value: 0.14312271449547864.
[I 2026-05-28 01:53:38,512] Trial 860 finished with value: 0.3600006030465841 and parameters: {'ISTN': 60.89320975786417, 'I_gpe': 1.167150944632126, 'I_gpi': 1.6682483578682472, 'noise_stn_sigma': 2.7569311477917653, 'noise_gpe_sigma': 80.6166590094083, 'noise_gpi_sigma': 76.59852225601963, 'g_stn_gpe_mult': 3.3187809189999564, 'g_gpe_stn_mult': 0.16034506123066217, 'g_stn_gpi_mult': 3.8170425453588273, 'g_gpe_gpi_mult': 0.8528213884433098}. Best is trial 837 with value: 0.14312271449547864.
[I 2026-05-28 01:53:39,522] Trial 861 finished with value: 0.14411226898140528 and parameters: {'ISTN': 60.79459069194144, 'I_gpe': 1.21721772555746, 'I_gpi': 1.8325865743662717, 'noise_stn_sigma': 2.7000447883474292, 'noise_gpe_sigma': 79.90725296797007, 'noise_gpi_sigma': 77.8258672820175, 'g_stn_gpe_mult': 3.2900244100107634, 'g_gpe_stn_mult': 0.1628931676923812, 'g_stn_gpi_mult': 3.7793473610700206, 'g_gpe_gpi_mult': 0.8188976792755513}. Best is trial 837 with value: 0.14312271449547864.
[I 2026-05-28 01:53:40,533] Trial 862 finished with value: 0.15407268751773442 and parameters: {'ISTN': 61.05101508335016, 'I_gpe': 1.1702583650197418, 'I_gpi': 1.8182655201609883, 'noise_stn_sigma': 3.114132881334452, 'noise_gpe_sigma': 79.80347266335869, 'noise_gpi_sigma': 76.92245465880548, 'g_stn_gpe_mult': 3.2061480545157885, 'g_gpe_stn_mult': 0.16071352979037087, 'g_stn_gpi_mult': 3.6989426464171538, 'g_gpe_gpi_mult': 0.8261235580901456}. Best is trial 837 with value: 0.14312271449547864.
[I 2026-05-28 01:53:41,543] Trial 863 finished with value: 0.1726347952893575 and parameters: {'ISTN': 62.70078090751838, 'I_gpe': 1.2148284391915691, 'I_gpi': 1.8503921529257634, 'noise_stn_sigma': 2.71610890062382, 'noise_gpe_sigma': 79.67445713833982, 'noise_gpi_sigma': 79.73459923520258, 'g_stn_gpe_mult': 3.353639505497658, 'g_gpe_stn_mult': 0.14814399993075378, 'g_stn_gpi_mult': 3.8554560415803016, 'g_gpe_gpi_mult': 0.8088457091836778}. Best is trial 837 with value: 0.14312271449547864.
[I 2026-05-28 01:53:42,554] Trial 864 finished with value: 0.6609903765220871 and parameters: {'ISTN': 61.25650863903667, 'I_gpe': 1.1999917365149864, 'I_gpi': 1.8198453099344194, 'noise_stn_sigma': 2.6120697741385066, 'noise_gpe_sigma': 78.54039914255071, 'noise_gpi_sigma': 71.48203679648437, 'g_stn_gpe_mult': 3.3354445486380477, 'g_gpe_stn_mult': 0.14771064136832665, 'g_stn_gpi_mult': 3.7260308014644257, 'g_gpe_gpi_mult': 0.8360615535837144}. Best is trial 837 with value: 0.14312271449547864.
[I 2026-05-28 01:53:43,565] Trial 865 finished with value: 0.6512522198217974 and parameters: {'ISTN': 61.50346204509569, 'I_gpe': 1.237578484018523, 'I_gpi': 1.8889197051981625, 'noise_stn_sigma': 2.7509555354089352, 'noise_gpe_sigma': 77.52660414097228, 'noise_gpi_sigma': 76.56966164825012, 'g_stn_gpe_mult': 3.317990500388505, 'g_gpe_stn_mult': 0.14050195346471575, 'g_stn_gpi_mult': 3.6963024809910308, 'g_gpe_gpi_mult': 0.8519905235740843}. Best is trial 837 with value: 0.14312271449547864.
[I 2026-05-28 01:53:44,575] Trial 866 finished with value: 0.15425336786156463 and parameters: {'ISTN': 61.363313650151895, 'I_gpe': 1.2627688248167819, 'I_gpi': 1.8459646442814077, 'noise_stn_sigma': 2.807436764275896, 'noise_gpe_sigma': 78.51297318612919, 'noise_gpi_sigma': 78.43257836772676, 'g_stn_gpe_mult': 3.2087688564942844, 'g_gpe_stn_mult': 0.15986132561340557, 'g_stn_gpi_mult': 3.7439263053323546, 'g_gpe_gpi_mult': 0.8258836931679436}. Best is trial 837 with value: 0.14312271449547864.
[I 2026-05-28 01:53:45,584] Trial 867 finished with value: 0.49767942144008265 and parameters: {'ISTN': 61.1228032388866, 'I_gpe': 1.203781638889375, 'I_gpi': 1.7739308923084005, 'noise_stn_sigma': 2.64952114562939, 'noise_gpe_sigma': 80.0788734202369, 'noise_gpi_sigma': 77.92058410887064, 'g_stn_gpe_mult': 3.4177717541692063, 'g_gpe_stn_mult': 0.15261843457420943, 'g_stn_gpi_mult': 3.7662333672680948, 'g_gpe_gpi_mult': 0.8409622465675448}. Best is trial 837 with value: 0.14312271449547864.
[I 2026-05-28 01:53:46,592] Trial 868 finished with value: 0.17902308470323094 and parameters: {'ISTN': 62.7405275563767, 'I_gpe': 1.228571872106959, 'I_gpi': 1.8199534236699604, 'noise_stn_sigma': 2.6012596318963617, 'noise_gpe_sigma': 80.65907396720482, 'noise_gpi_sigma': 72.57954680263543, 'g_stn_gpe_mult': 3.2521703119505148, 'g_gpe_stn_mult': 0.15615478607874425, 'g_stn_gpi_mult': 3.729859932319021, 'g_gpe_gpi_mult': 0.8568455495375422}. Best is trial 837 with value: 0.14312271449547864.
[I 2026-05-28 01:53:47,602] Trial 869 finished with value: 0.9964328787623253 and parameters: {'ISTN': 61.38238704763163, 'I_gpe': 1.2355088755968329, 'I_gpi': 1.8512389056771017, 'noise_stn_sigma': 2.8440765857561825, 'noise_gpe_sigma': 79.36224911073091, 'noise_gpi_sigma': 78.08384475603023, 'g_stn_gpe_mult': 3.143538558206485, 'g_gpe_stn_mult': 0.14646267420768183, 'g_stn_gpi_mult': 3.7496134722316405, 'g_gpe_gpi_mult': 0.7831086310017104}. Best is trial 837 with value: 0.14312271449547864.
[I 2026-05-28 01:53:48,611] Trial 870 finished with value: 0.1732654190795271 and parameters: {'ISTN': 62.291750247139404, 'I_gpe': 1.1967156414603728, 'I_gpi': 1.9006718236138411, 'noise_stn_sigma': 2.805140627831281, 'noise_gpe_sigma': 83.68775247846838, 'noise_gpi_sigma': 76.50132197979651, 'g_stn_gpe_mult': 3.3428840751198603, 'g_gpe_stn_mult': 0.15505613425673348, 'g_stn_gpi_mult': 3.770491197547833, 'g_gpe_gpi_mult': 0.8234687538555894}. Best is trial 837 with value: 0.14312271449547864.
[I 2026-05-28 01:53:49,622] Trial 871 finished with value: 0.18045713552641285 and parameters: {'ISTN': 62.23186847227187, 'I_gpe': 1.2413481403456967, 'I_gpi': 1.7967828837401938, 'noise_stn_sigma': 2.886938505994592, 'noise_gpe_sigma': 77.96685643106505, 'noise_gpi_sigma': 77.5487510534208, 'g_stn_gpe_mult': 3.1648265312475408, 'g_gpe_stn_mult': 0.15713137354990545, 'g_stn_gpi_mult': 3.7011408315043304, 'g_gpe_gpi_mult': 0.8229155941069208}. Best is trial 837 with value: 0.14312271449547864.
[I 2026-05-28 01:53:50,631] Trial 872 finished with value: 0.16146549256353576 and parameters: {'ISTN': 62.25814966712962, 'I_gpe': 1.2170747296223445, 'I_gpi': 1.816935878384331, 'noise_stn_sigma': 2.7501250612878825, 'noise_gpe_sigma': 78.54141765556174, 'noise_gpi_sigma': 77.13001353421053, 'g_stn_gpe_mult': 3.291923495226264, 'g_gpe_stn_mult': 0.14755169159426795, 'g_stn_gpi_mult': 3.786262911727928, 'g_gpe_gpi_mult': 0.8344850000974215}. Best is trial 837 with value: 0.14312271449547864.
[I 2026-05-28 01:53:51,641] Trial 873 finished with value: 0.14181735214671806 and parameters: {'ISTN': 60.4013693728193, 'I_gpe': 1.2247297946632525, 'I_gpi': 1.845841328998324, 'noise_stn_sigma': 2.707410873712063, 'noise_gpe_sigma': 84.541736806145, 'noise_gpi_sigma': 77.7919449090191, 'g_stn_gpe_mult': 3.325902438467616, 'g_gpe_stn_mult': 0.17606802495432422, 'g_stn_gpi_mult': 3.7429801174571513, 'g_gpe_gpi_mult': 0.8138745503035274}. Best is trial 873 with value: 0.14181735214671806.
[I 2026-05-28 01:53:52,651] Trial 874 finished with value: 0.15953221787031366 and parameters: {'ISTN': 61.37308069728775, 'I_gpe': 1.1524318912379146, 'I_gpi': 1.8670413748131762, 'noise_stn_sigma': 3.120573259771132, 'noise_gpe_sigma': 83.1631178129924, 'noise_gpi_sigma': 77.139558452932, 'g_stn_gpe_mult': 3.2162420116946935, 'g_gpe_stn_mult': 0.16288527200874114, 'g_stn_gpi_mult': 3.673665914849408, 'g_gpe_gpi_mult': 0.8018720651774269}. Best is trial 873 with value: 0.14181735214671806.
[I 2026-05-28 01:53:53,661] Trial 875 finished with value: 0.13807402647933772 and parameters: {'ISTN': 60.66370356723782, 'I_gpe': 1.1923187726347744, 'I_gpi': 1.8369454712902138, 'noise_stn_sigma': 2.9513965612570585, 'noise_gpe_sigma': 82.69018986209633, 'noise_gpi_sigma': 80.66790676842942, 'g_stn_gpe_mult': 3.1747896447174035, 'g_gpe_stn_mult': 0.16352079947086562, 'g_stn_gpi_mult': 3.7552490682153707, 'g_gpe_gpi_mult': 0.8024721425578918}. Best is trial 875 with value: 0.13807402647933772.
[I 2026-05-28 01:53:54,672] Trial 876 finished with value: 0.1438064004998147 and parameters: {'ISTN': 60.96322521911126, 'I_gpe': 1.1903732091895858, 'I_gpi': 1.813152814339307, 'noise_stn_sigma': 2.795781502003723, 'noise_gpe_sigma': 81.80836038647408, 'noise_gpi_sigma': 79.2564342592739, 'g_stn_gpe_mult': 3.3176189392415703, 'g_gpe_stn_mult': 0.1584664916357818, 'g_stn_gpi_mult': 3.698217196014579, 'g_gpe_gpi_mult': 0.8298318605244575}. Best is trial 875 with value: 0.13807402647933772.
[I 2026-05-28 01:53:55,680] Trial 877 finished with value: 0.16826424747544058 and parameters: {'ISTN': 61.31690084026267, 'I_gpe': 1.2177173758344138, 'I_gpi': 1.8115158036048427, 'noise_stn_sigma': 2.6065697385376634, 'noise_gpe_sigma': 79.1614242737543, 'noise_gpi_sigma': 72.34533844488577, 'g_stn_gpe_mult': 3.3048734100738497, 'g_gpe_stn_mult': 0.17418246528216585, 'g_stn_gpi_mult': 3.8261271470717713, 'g_gpe_gpi_mult': 0.8461913849271383}. Best is trial 875 with value: 0.13807402647933772.
[I 2026-05-28 01:53:56,691] Trial 878 finished with value: 0.1570837129267838 and parameters: {'ISTN': 61.31378318550532, 'I_gpe': 1.2185371164025478, 'I_gpi': 1.8520885967601002, 'noise_stn_sigma': 2.9994686866684246, 'noise_gpe_sigma': 79.45016135514479, 'noise_gpi_sigma': 79.40279427816785, 'g_stn_gpe_mult': 3.195150326443329, 'g_gpe_stn_mult': 0.16165135781516754, 'g_stn_gpi_mult': 3.7728037969634673, 'g_gpe_gpi_mult': 0.8050004375411481}. Best is trial 875 with value: 0.13807402647933772.
[I 2026-05-28 01:53:57,701] Trial 879 finished with value: 0.15286835411579724 and parameters: {'ISTN': 61.296932280544276, 'I_gpe': 1.206259000525237, 'I_gpi': 1.82232870517146, 'noise_stn_sigma': 2.7767198151429557, 'noise_gpe_sigma': 80.6381597923857, 'noise_gpi_sigma': 71.3163994646505, 'g_stn_gpe_mult': 3.2739282138807466, 'g_gpe_stn_mult': 0.16038703655646902, 'g_stn_gpi_mult': 3.7348997576181375, 'g_gpe_gpi_mult': 0.8086118094135031}. Best is trial 875 with value: 0.13807402647933772.
