[I 2026-05-28 02:16:50,292] Trial 220 finished with value: 1.763268020038013 and parameters: {'ISTN': 61.658437156687995, 'I_gpe': 0.8907961700312584, 'I_gpi': 1.4305142785022866, 'noise_stn_sigma': 2.2851437360114066, 'noise_gpe_sigma': 98.9424598055155, 'noise_gpi_sigma': 117.58184312079892, 'g_stn_gpe_mult': 3.444699282932674, 'g_gpe_stn_mult': 0.13513438321710758, 'g_stn_gpi_mult': 2.646145322246234, 'g_gpe_gpi_mult': 0.8830665879630768}. Best is trial 73 with value: 0.6027631458682815.
[I 2026-05-28 02:16:51,296] Trial 221 finished with value: 0.6591159525278393 and parameters: {'ISTN': 63.018834601345624, 'I_gpe': 1.0818412954730985, 'I_gpi': 2.485547697389497, 'noise_stn_sigma': 2.3253529180996804, 'noise_gpe_sigma': 97.15254802661364, 'noise_gpi_sigma': 117.56479312901723, 'g_stn_gpe_mult': 2.6249481127940513, 'g_gpe_stn_mult': 0.1549039871146875, 'g_stn_gpi_mult': 2.7395083054480174, 'g_gpe_gpi_mult': 1.0160188882265102}. Best is trial 73 with value: 0.6027631458682815.
[I 2026-05-28 02:16:52,302] Trial 222 finished with value: 0.8175201963982073 and parameters: {'ISTN': 68.65350575965601, 'I_gpe': 1.3095377184567054, 'I_gpi': 2.829395702457451, 'noise_stn_sigma': 2.1988443974735654, 'noise_gpe_sigma': 98.99767407775434, 'noise_gpi_sigma': 97.60357304128743, 'g_stn_gpe_mult': 3.050393513364341, 'g_gpe_stn_mult': 0.15165083449599087, 'g_stn_gpi_mult': 2.660696259258903, 'g_gpe_gpi_mult': 1.0402993963667728}. Best is trial 73 with value: 0.6027631458682815.
[I 2026-05-28 02:16:53,307] Trial 223 finished with value: 0.6967674775248051 and parameters: {'ISTN': 66.45122392369434, 'I_gpe': 1.229246800349741, 'I_gpi': 2.327421085752775, 'noise_stn_sigma': 2.493761816849829, 'noise_gpe_sigma': 83.44659642599804, 'noise_gpi_sigma': 93.71894569888633, 'g_stn_gpe_mult': 3.086088359575208, 'g_gpe_stn_mult': 0.2597092763588793, 'g_stn_gpi_mult': 3.2877704270403196, 'g_gpe_gpi_mult': 0.8745960428065485}. Best is trial 73 with value: 0.6027631458682815.
[I 2026-05-28 02:16:54,313] Trial 224 finished with value: 0.7591554948982367 and parameters: {'ISTN': 68.39154969880825, 'I_gpe': 1.1903669833621402, 'I_gpi': 3.349988884584815, 'noise_stn_sigma': 3.5597443710898844, 'noise_gpe_sigma': 99.5843876685884, 'noise_gpi_sigma': 104.39975463919806, 'g_stn_gpe_mult': 3.1881290535304423, 'g_gpe_stn_mult': 0.10966081100546216, 'g_stn_gpi_mult': 2.823613786267056, 'g_gpe_gpi_mult': 0.9831837418901634}. Best is trial 73 with value: 0.6027631458682815.
[I 2026-05-28 02:16:55,320] Trial 225 finished with value: 0.8800397336133301 and parameters: {'ISTN': 64.24656670214638, 'I_gpe': 0.7030417707842951, 'I_gpi': 2.3059781241348816, 'noise_stn_sigma': 3.2853656551224306, 'noise_gpe_sigma': 95.12906933049683, 'noise_gpi_sigma': 86.87941279679923, 'g_stn_gpe_mult': 2.8016442669490385, 'g_gpe_stn_mult': 0.27013325057908094, 'g_stn_gpi_mult': 2.655816138745714, 'g_gpe_gpi_mult': 0.9215427693575708}. Best is trial 73 with value: 0.6027631458682815.
[I 2026-05-28 02:16:56,327] Trial 226 finished with value: 0.6496097933641934 and parameters: {'ISTN': 63.05017270011443, 'I_gpe': 1.254105080913881, 'I_gpi': 2.6669767052446547, 'noise_stn_sigma': 3.0485674120403625, 'noise_gpe_sigma': 102.7357181163214, 'noise_gpi_sigma': 109.6342815353074, 'g_stn_gpe_mult': 2.995403525511468, 'g_gpe_stn_mult': 0.2147807164086148, 'g_stn_gpi_mult': 2.9484458819171318, 'g_gpe_gpi_mult': 1.074509490291566}. Best is trial 73 with value: 0.6027631458682815.
[I 2026-05-28 02:16:57,334] Trial 227 finished with value: 1.4593898019509757 and parameters: {'ISTN': 75.98452284951766, 'I_gpe': 1.2814429822181732, 'I_gpi': 1.965265936176201, 'noise_stn_sigma': 3.3515012296344384, 'noise_gpe_sigma': 86.4799585420754, 'noise_gpi_sigma': 98.53639957480154, 'g_stn_gpe_mult': 3.2076141563180025, 'g_gpe_stn_mult': 0.22763157498744502, 'g_stn_gpi_mult': 2.7269801308459134, 'g_gpe_gpi_mult': 0.9131966824713829}. Best is trial 73 with value: 0.6027631458682815.
[I 2026-05-28 02:16:58,343] Trial 228 finished with value: 0.8140101663091706 and parameters: {'ISTN': 64.22583660351555, 'I_gpe': 0.9338030806698578, 'I_gpi': 2.8862393213469026, 'noise_stn_sigma': 3.781647258971439, 'noise_gpe_sigma': 107.3744801623434, 'noise_gpi_sigma': 96.96352182585639, 'g_stn_gpe_mult': 2.4923392722048376, 'g_gpe_stn_mult': 0.22612807683122071, 'g_stn_gpi_mult': 2.726584886525215, 'g_gpe_gpi_mult': 0.9357242563966406}. Best is trial 73 with value: 0.6027631458682815.
[I 2026-05-28 02:16:59,351] Trial 229 finished with value: 0.5810481564392805 and parameters: {'ISTN': 62.95004852973252, 'I_gpe': 1.1685848641935423, 'I_gpi': 2.893689791781961, 'noise_stn_sigma': 4.444231545648628, 'noise_gpe_sigma': 107.87270572912627, 'noise_gpi_sigma': 105.33428994011653, 'g_stn_gpe_mult': 3.081521622667661, 'g_gpe_stn_mult': 0.10605747868477157, 'g_stn_gpi_mult': 2.7448782863967636, 'g_gpe_gpi_mult': 1.0299439348452035}. Best is trial 229 with value: 0.5810481564392805.
[I 2026-05-28 02:17:00,357] Trial 230 finished with value: 1.5464188723213215 and parameters: {'ISTN': 73.38225760928961, 'I_gpe': 1.2687409331608004, 'I_gpi': 2.7209952880502746, 'noise_stn_sigma': 3.646808880658937, 'noise_gpe_sigma': 94.85056021917795, 'noise_gpi_sigma': 111.5929351452187, 'g_stn_gpe_mult': 3.4199934925603173, 'g_gpe_stn_mult': 0.19694809158220605, 'g_stn_gpi_mult': 2.631145595212842, 'g_gpe_gpi_mult': 0.9861754582245397}. Best is trial 229 with value: 0.5810481564392805.
[I 2026-05-28 02:17:01,365] Trial 231 finished with value: 1.1213278246319298 and parameters: {'ISTN': 70.70078376187755, 'I_gpe': 0.8067999719708733, 'I_gpi': 2.3090641444488247, 'noise_stn_sigma': 4.14373587177952, 'noise_gpe_sigma': 114.76351035404316, 'noise_gpi_sigma': 104.8639536259463, 'g_stn_gpe_mult': 2.747383659994994, 'g_gpe_stn_mult': 0.15729929911545798, 'g_stn_gpi_mult': 2.842588010192649, 'g_gpe_gpi_mult': 0.961275837081706}. Best is trial 229 with value: 0.5810481564392805.
[I 2026-05-28 02:17:02,371] Trial 232 finished with value: 0.6526920715050517 and parameters: {'ISTN': 60.6659951699656, 'I_gpe': 1.078863593796492, 'I_gpi': 2.6826336132682904, 'noise_stn_sigma': 3.5280952239753454, 'noise_gpe_sigma': 111.5557282772698, 'noise_gpi_sigma': 95.27331252379858, 'g_stn_gpe_mult': 2.840041450908661, 'g_gpe_stn_mult': 0.17740877778657257, 'g_stn_gpi_mult': 2.912310208854575, 'g_gpe_gpi_mult': 0.9144677275318365}. Best is trial 229 with value: 0.5810481564392805.
[I 2026-05-28 02:17:03,377] Trial 233 finished with value: 1.056112811439744 and parameters: {'ISTN': 67.78181548149989, 'I_gpe': 1.1407594668193617, 'I_gpi': 2.436206622239292, 'noise_stn_sigma': 3.3421883868062743, 'noise_gpe_sigma': 95.94651342445948, 'noise_gpi_sigma': 115.253819951738, 'g_stn_gpe_mult': 3.331351225667955, 'g_gpe_stn_mult': 0.2219882582941462, 'g_stn_gpi_mult': 3.024942944653999, 'g_gpe_gpi_mult': 1.122096498543839}. Best is trial 229 with value: 0.5810481564392805.
[I 2026-05-28 02:17:04,386] Trial 234 finished with value: 0.6562532353129656 and parameters: {'ISTN': 60.060649654730206, 'I_gpe': 1.57329343396214, 'I_gpi': 2.0851586826945256, 'noise_stn_sigma': 4.217866498676985, 'noise_gpe_sigma': 102.91292810187068, 'noise_gpi_sigma': 110.48892627387855, 'g_stn_gpe_mult': 2.8486743277738364, 'g_gpe_stn_mult': 0.19131876829164915, 'g_stn_gpi_mult': 2.642695005262049, 'g_gpe_gpi_mult': 1.0755099497675165}. Best is trial 229 with value: 0.5810481564392805.
[I 2026-05-28 02:17:05,392] Trial 235 finished with value: 0.6709758590582504 and parameters: {'ISTN': 63.967489085962285, 'I_gpe': 0.8766759603775249, 'I_gpi': 2.3718483746491463, 'noise_stn_sigma': 2.8421072682237183, 'noise_gpe_sigma': 109.28366216179396, 'noise_gpi_sigma': 119.73080635437542, 'g_stn_gpe_mult': 2.8931245777520784, 'g_gpe_stn_mult': 0.18659387320669857, 'g_stn_gpi_mult': 2.348131997511654, 'g_gpe_gpi_mult': 0.9320928296345006}. Best is trial 229 with value: 0.5810481564392805.
[I 2026-05-28 02:17:06,399] Trial 236 finished with value: 0.5921725702204269 and parameters: {'ISTN': 60.85665438434295, 'I_gpe': 1.3162204940407172, 'I_gpi': 2.030428648023957, 'noise_stn_sigma': 4.21814628076341, 'noise_gpe_sigma': 117.087890810552, 'noise_gpi_sigma': 113.16491079704568, 'g_stn_gpe_mult': 2.7647392159964466, 'g_gpe_stn_mult': 0.17328309719050444, 'g_stn_gpi_mult': 2.451725523190217, 'g_gpe_gpi_mult': 1.0038760759134175}. Best is trial 229 with value: 0.5810481564392805.
[I 2026-05-28 02:17:07,410] Trial 237 finished with value: 1.4447044265390863 and parameters: {'ISTN': 72.11225312113078, 'I_gpe': 1.2286325519511627, 'I_gpi': 2.6673119723009657, 'noise_stn_sigma': 3.258221419674727, 'noise_gpe_sigma': 101.60902328172907, 'noise_gpi_sigma': 95.31408746922926, 'g_stn_gpe_mult': 2.876831491521373, 'g_gpe_stn_mult': 0.2248253107175362, 'g_stn_gpi_mult': 2.516051902615265, 'g_gpe_gpi_mult': 1.0659373403374208}. Best is trial 229 with value: 0.5810481564392805.
[I 2026-05-28 02:17:08,417] Trial 238 finished with value: 0.5901602156981117 and parameters: {'ISTN': 64.97557321060704, 'I_gpe': 1.213530114276097, 'I_gpi': 2.4312374097597043, 'noise_stn_sigma': 3.9434222682208944, 'noise_gpe_sigma': 112.41721611148441, 'noise_gpi_sigma': 101.0416003934556, 'g_stn_gpe_mult': 2.7776552285168155, 'g_gpe_stn_mult': 0.1639632028285734, 'g_stn_gpi_mult': 2.48723795059598, 'g_gpe_gpi_mult': 0.9153029618437074}. Best is trial 229 with value: 0.5810481564392805.
[I 2026-05-28 02:17:09,426] Trial 239 finished with value: 0.9256836769078531 and parameters: {'ISTN': 61.87190164480079, 'I_gpe': 1.9635908759082505, 'I_gpi': 2.618926602245547, 'noise_stn_sigma': 3.8385044822128376, 'noise_gpe_sigma': 88.84332432162432, 'noise_gpi_sigma': 104.99599607395429, 'g_stn_gpe_mult': 2.90072918037065, 'g_gpe_stn_mult': 0.24378177972826892, 'g_stn_gpi_mult': 2.8933530482308383, 'g_gpe_gpi_mult': 0.772177688657165}. Best is trial 229 with value: 0.5810481564392805.
[I 2026-05-28 02:17:10,433] Trial 240 finished with value: 0.5603930480013977 and parameters: {'ISTN': 62.813458713221834, 'I_gpe': 1.3127375356348994, 'I_gpi': 2.4712500509963258, 'noise_stn_sigma': 4.668894028176579, 'noise_gpe_sigma': 106.94095664125253, 'noise_gpi_sigma': 102.44321953966778, 'g_stn_gpe_mult': 2.6612725017805037, 'g_gpe_stn_mult': 0.18925331501032677, 'g_stn_gpi_mult': 2.7844637965623074, 'g_gpe_gpi_mult': 0.9448678263981647}. Best is trial 240 with value: 0.5603930480013977.
[I 2026-05-28 02:17:11,444] Trial 241 finished with value: 1.1023507373718815 and parameters: {'ISTN': 69.83842880899408, 'I_gpe': 1.1743706457285583, 'I_gpi': 2.2485316672270224, 'noise_stn_sigma': 4.762151470785273, 'noise_gpe_sigma': 130.58726160889057, 'noise_gpi_sigma': 111.00300603297107, 'g_stn_gpe_mult': 2.1884587918507683, 'g_gpe_stn_mult': 0.1259662517079625, 'g_stn_gpi_mult': 2.5519201096282043, 'g_gpe_gpi_mult': 0.8544656712070191}. Best is trial 240 with value: 0.5603930480013977.
[I 2026-05-28 02:17:12,453] Trial 242 finished with value: 0.6149227501160588 and parameters: {'ISTN': 60.15055395100466, 'I_gpe': 1.4474829281535428, 'I_gpi': 2.3920664459189878, 'noise_stn_sigma': 4.162422838076068, 'noise_gpe_sigma': 104.66846167862394, 'noise_gpi_sigma': 112.81370526066411, 'g_stn_gpe_mult': 2.3755376457728654, 'g_gpe_stn_mult': 0.19376898405765072, 'g_stn_gpi_mult': 2.5880657642795293, 'g_gpe_gpi_mult': 1.0236985047628873}. Best is trial 240 with value: 0.5603930480013977.
[I 2026-05-28 02:17:13,458] Trial 243 finished with value: 0.6810875973865276 and parameters: {'ISTN': 64.57279450964386, 'I_gpe': 1.32799180319798, 'I_gpi': 1.9472493942593738, 'noise_stn_sigma': 4.44837093414894, 'noise_gpe_sigma': 110.01104135911578, 'noise_gpi_sigma': 99.09313546884705, 'g_stn_gpe_mult': 2.4780327402488354, 'g_gpe_stn_mult': 0.18147707758407108, 'g_stn_gpi_mult': 2.341089506279943, 'g_gpe_gpi_mult': 1.0668277718401766}. Best is trial 240 with value: 0.5603930480013977.
[I 2026-05-28 02:17:14,463] Trial 244 finished with value: 1.146555580151202 and parameters: {'ISTN': 67.4517690998078, 'I_gpe': 1.6106821215177607, 'I_gpi': 2.1784820442585646, 'noise_stn_sigma': 3.811546848430214, 'noise_gpe_sigma': 108.42664909659048, 'noise_gpi_sigma': 85.65856655744872, 'g_stn_gpe_mult': 2.6450307503840342, 'g_gpe_stn_mult': 0.18844356820091482, 'g_stn_gpi_mult': 2.848787499341469, 'g_gpe_gpi_mult': 1.0041758442869109}. Best is trial 240 with value: 0.5603930480013977.
[I 2026-05-28 02:17:15,470] Trial 245 finished with value: 0.6883950138349029 and parameters: {'ISTN': 67.11644278322338, 'I_gpe': 1.3440843015066148, 'I_gpi': 2.3134573844448294, 'noise_stn_sigma': 3.802163843879981, 'noise_gpe_sigma': 108.2789365120152, 'noise_gpi_sigma': 121.48938587080997, 'g_stn_gpe_mult': 3.353714210574756, 'g_gpe_stn_mult': 0.16814600738830213, 'g_stn_gpi_mult': 2.9639047741258175, 'g_gpe_gpi_mult': 1.072148695369208}. Best is trial 240 with value: 0.5603930480013977.
[I 2026-05-28 02:17:16,478] Trial 246 finished with value: 0.5916685584211872 and parameters: {'ISTN': 61.7706521933528, 'I_gpe': 0.8751457999933935, 'I_gpi': 2.7010296781016927, 'noise_stn_sigma': 3.169370529513006, 'noise_gpe_sigma': 114.70754194620405, 'noise_gpi_sigma': 112.23515034247075, 'g_stn_gpe_mult': 2.447417674698943, 'g_gpe_stn_mult': 0.19837351081734494, 'g_stn_gpi_mult': 2.1005788267613186, 'g_gpe_gpi_mult': 0.9310420103341621}. Best is trial 240 with value: 0.5603930480013977.
[I 2026-05-28 02:17:17,484] Trial 247 finished with value: 1.178302846909719 and parameters: {'ISTN': 74.17035653940368, 'I_gpe': 1.2917066956624306, 'I_gpi': 2.880347629104341, 'noise_stn_sigma': 4.312353915266496, 'noise_gpe_sigma': 112.51288867159187, 'noise_gpi_sigma': 112.07185087014527, 'g_stn_gpe_mult': 2.732008662197915, 'g_gpe_stn_mult': 0.14390923297368063, 'g_stn_gpi_mult': 2.4450427576197624, 'g_gpe_gpi_mult': 1.0534401957668693}. Best is trial 240 with value: 0.5603930480013977.
[I 2026-05-28 02:17:18,490] Trial 248 finished with value: 0.8185422610405586 and parameters: {'ISTN': 63.03675121845343, 'I_gpe': 1.2426235670965216, 'I_gpi': 2.745178388872663, 'noise_stn_sigma': 5.30707268324689, 'noise_gpe_sigma': 119.01599762065904, 'noise_gpi_sigma': 102.24809976318463, 'g_stn_gpe_mult': 3.4323794412956428, 'g_gpe_stn_mult': 0.17749869952771957, 'g_stn_gpi_mult': 2.740694479032611, 'g_gpe_gpi_mult': 0.9338748164644002}. Best is trial 240 with value: 0.5603930480013977.
[I 2026-05-28 02:17:19,497] Trial 249 finished with value: 0.7404880746815736 and parameters: {'ISTN': 62.65582743498284, 'I_gpe': 0.9000039551931684, 'I_gpi': 2.6001823948412426, 'noise_stn_sigma': 4.710109885668875, 'noise_gpe_sigma': 120.3668542708765, 'noise_gpi_sigma': 111.74771243924087, 'g_stn_gpe_mult': 2.8911752573694067, 'g_gpe_stn_mult': 0.18149858157084714, 'g_stn_gpi_mult': 2.3643560342005054, 'g_gpe_gpi_mult': 0.9623981182629875}. Best is trial 240 with value: 0.5603930480013977.
[I 2026-05-28 02:17:20,506] Trial 250 finished with value: 0.6094709725046895 and parameters: {'ISTN': 61.41555107400459, 'I_gpe': 1.0940898487752833, 'I_gpi': 2.473345376813474, 'noise_stn_sigma': 4.065553936037983, 'noise_gpe_sigma': 103.92921913417973, 'noise_gpi_sigma': 121.02909025608238, 'g_stn_gpe_mult': 3.211948591924038, 'g_gpe_stn_mult': 0.1110273308721805, 'g_stn_gpi_mult': 2.459790417114415, 'g_gpe_gpi_mult': 0.9558906390959805}. Best is trial 240 with value: 0.5603930480013977.
[I 2026-05-28 02:17:21,515] Trial 251 finished with value: 0.6779048426522354 and parameters: {'ISTN': 62.97573082182918, 'I_gpe': 1.6924533611842638, 'I_gpi': 2.0642087370893973, 'noise_stn_sigma': 3.3230539267916352, 'noise_gpe_sigma': 100.84571795111216, 'noise_gpi_sigma': 115.65476680609211, 'g_stn_gpe_mult': 2.8964216705601586, 'g_gpe_stn_mult': 0.2019200619513593, 'g_stn_gpi_mult': 2.502341137542283, 'g_gpe_gpi_mult': 1.023025339913997}. Best is trial 240 with value: 0.5603930480013977.
[I 2026-05-28 02:17:22,522] Trial 252 finished with value: 0.6720039011393673 and parameters: {'ISTN': 61.897183700231835, 'I_gpe': 1.139898491879476, 'I_gpi': 3.4550441263066047, 'noise_stn_sigma': 3.87904523405907, 'noise_gpe_sigma': 116.77709994150453, 'noise_gpi_sigma': 106.69065587082555, 'g_stn_gpe_mult': 3.051040778302007, 'g_gpe_stn_mult': 0.1340270043051513, 'g_stn_gpi_mult': 2.2420508170115583, 'g_gpe_gpi_mult': 1.0852832166726891}. Best is trial 240 with value: 0.5603930480013977.
[I 2026-05-28 02:17:23,526] Trial 253 finished with value: 1.1415925127288582 and parameters: {'ISTN': 67.06254442481644, 'I_gpe': 0.9199314370154887, 'I_gpi': 3.2931005353545464, 'noise_stn_sigma': 3.9063623026444105, 'noise_gpe_sigma': 119.61765283009427, 'noise_gpi_sigma': 116.10968409364953, 'g_stn_gpe_mult': 2.6417939141473195, 'g_gpe_stn_mult': 0.17924191126270886, 'g_stn_gpi_mult': 2.7070178124556397, 'g_gpe_gpi_mult': 0.9277279168545796}. Best is trial 240 with value: 0.5603930480013977.
[I 2026-05-28 02:17:24,534] Trial 254 finished with value: 1.5763362161159233 and parameters: {'ISTN': 74.04063282237595, 'I_gpe': 1.7025027347769541, 'I_gpi': 2.680039518731344, 'noise_stn_sigma': 3.497348996536758, 'noise_gpe_sigma': 113.72571673807273, 'noise_gpi_sigma': 109.68847017810589, 'g_stn_gpe_mult': 2.4280206296581506, 'g_gpe_stn_mult': 0.22090306451535846, 'g_stn_gpi_mult': 2.8224993315347127, 'g_gpe_gpi_mult': 0.9711962649622781}. Best is trial 240 with value: 0.5603930480013977.
[I 2026-05-28 02:17:25,539] Trial 255 finished with value: 0.5782060579701394 and parameters: {'ISTN': 61.191395490472416, 'I_gpe': 1.2753936301091406, 'I_gpi': 1.9322090131170526, 'noise_stn_sigma': 4.465252011777425, 'noise_gpe_sigma': 92.91984884623879, 'noise_gpi_sigma': 104.13292259757232, 'g_stn_gpe_mult': 2.54481172641574, 'g_gpe_stn_mult': 0.1888951173909334, 'g_stn_gpi_mult': 2.63223468585186, 'g_gpe_gpi_mult': 1.0438304785442891}. Best is trial 240 with value: 0.5603930480013977.
[I 2026-05-28 02:17:26,543] Trial 256 finished with value: 0.6417539533653137 and parameters: {'ISTN': 65.04101224516157, 'I_gpe': 0.9919930533915906, 'I_gpi': 2.250656084236503, 'noise_stn_sigma': 4.050239565795773, 'noise_gpe_sigma': 123.12171091797555, 'noise_gpi_sigma': 113.43090382404337, 'g_stn_gpe_mult': 3.0444595174599134, 'g_gpe_stn_mult': 0.11699613390152148, 'g_stn_gpi_mult': 2.589355946652062, 'g_gpe_gpi_mult': 0.94389581359555}. Best is trial 240 with value: 0.5603930480013977.
[I 2026-05-28 02:17:27,548] Trial 257 finished with value: 1.3011881687098117 and parameters: {'ISTN': 68.61580578229602, 'I_gpe': 1.0012589131126495, 'I_gpi': 2.5400809005881566, 'noise_stn_sigma': 5.051645330567782, 'noise_gpe_sigma': 112.21664922469728, 'noise_gpi_sigma': 121.76017097400334, 'g_stn_gpe_mult': 2.4399243015351635, 'g_gpe_stn_mult': 0.18645796732480485, 'g_stn_gpi_mult': 2.350794815490234, 'g_gpe_gpi_mult': 1.0327615001832948}. Best is trial 240 with value: 0.5603930480013977.
[I 2026-05-28 02:17:28,557] Trial 258 finished with value: 1.1242317249731095 and parameters: {'ISTN': 70.41658101229645, 'I_gpe': 1.651452811406608, 'I_gpi': 2.5917583470889958, 'noise_stn_sigma': 4.137619186226758, 'noise_gpe_sigma': 108.12224564998533, 'noise_gpi_sigma': 100.8033344251464, 'g_stn_gpe_mult': 2.8640946686453717, 'g_gpe_stn_mult': 0.17431566607149, 'g_stn_gpi_mult': 2.206345812528151, 'g_gpe_gpi_mult': 0.8840690664837567}. Best is trial 240 with value: 0.5603930480013977.
[I 2026-05-28 02:17:29,567] Trial 259 finished with value: 0.6326305351560327 and parameters: {'ISTN': 60.91597418443223, 'I_gpe': 1.1088451716907464, 'I_gpi': 2.938468397297223, 'noise_stn_sigma': 3.9179856551888337, 'noise_gpe_sigma': 121.17929297384283, 'noise_gpi_sigma': 129.15562865096993, 'g_stn_gpe_mult': 2.739124566614004, 'g_gpe_stn_mult': 0.2189987454435788, 'g_stn_gpi_mult': 2.3560508780349037, 'g_gpe_gpi_mult': 0.8933583874880358}. Best is trial 240 with value: 0.5603930480013977.
[I 2026-05-28 02:17:30,574] Trial 260 finished with value: 1.114385468306398 and parameters: {'ISTN': 68.01763635845558, 'I_gpe': 1.4727746461460285, 'I_gpi': 2.254242003949815, 'noise_stn_sigma': 3.831968414951, 'noise_gpe_sigma': 100.35874996467928, 'noise_gpi_sigma': 121.51059283858169, 'g_stn_gpe_mult': 3.2601322001606596, 'g_gpe_stn_mult': 0.17348733560240423, 'g_stn_gpi_mult': 2.212801929418644, 'g_gpe_gpi_mult': 0.941103903307619}. Best is trial 240 with value: 0.5603930480013977.
[I 2026-05-28 02:17:31,580] Trial 261 finished with value: 0.6695336716987771 and parameters: {'ISTN': 61.78417101786876, 'I_gpe': 1.3143511477060414, 'I_gpi': 2.768883964444546, 'noise_stn_sigma': 3.7371549428917095, 'noise_gpe_sigma': 87.18260606612199, 'noise_gpi_sigma': 117.01351088287852, 'g_stn_gpe_mult': 2.821215793036803, 'g_gpe_stn_mult': 0.16365664334003316, 'g_stn_gpi_mult': 2.5796866626420534, 'g_gpe_gpi_mult': 1.023676801166598}. Best is trial 240 with value: 0.5603930480013977.
[I 2026-05-28 02:17:32,588] Trial 262 finished with value: 0.626033989599461 and parameters: {'ISTN': 62.02570032906016, 'I_gpe': 1.326650355367062, 'I_gpi': 1.7301421537820365, 'noise_stn_sigma': 3.990465168258839, 'noise_gpe_sigma': 111.7223715891963, 'noise_gpi_sigma': 103.21414414476695, 'g_stn_gpe_mult': 3.0561911081749478, 'g_gpe_stn_mult': 0.2551519126620876, 'g_stn_gpi_mult': 2.5672450737468404, 'g_gpe_gpi_mult': 0.9996101478432093}. Best is trial 240 with value: 0.5603930480013977.
[I 2026-05-28 02:17:33,594] Trial 263 finished with value: 0.9631936628335511 and parameters: {'ISTN': 62.384766699183956, 'I_gpe': 1.054772613812803, 'I_gpi': 2.5252707856044454, 'noise_stn_sigma': 3.8833279781892753, 'noise_gpe_sigma': 102.94343777181531, 'noise_gpi_sigma': 122.10467057046891, 'g_stn_gpe_mult': 2.0670820319490444, 'g_gpe_stn_mult': 0.17722914945601742, 'g_stn_gpi_mult': 3.0110773158598367, 'g_gpe_gpi_mult': 1.0548832301441011}. Best is trial 240 with value: 0.5603930480013977.
