[I 2026-05-28 02:34:31,972] Trial 263 finished with value: 0.6258977049636024 and parameters: {'ISTN': 65.79546259543645, 'I_gpe': 1.8371780418536252, 'I_gpi': 3.243586401020535, 'noise_stn_sigma': 1.5451493089854633, 'noise_gpe_sigma': 117.13861840599047, 'noise_gpi_sigma': 122.29438513145352, 'g_stn_gpe_mult': 3.3280881094014187, 'g_gpe_stn_mult': 0.13644949408087564, 'g_stn_gpi_mult': 1.6348859316664563, 'g_gpe_gpi_mult': 0.7212994044343659}. Best is trial 234 with value: 0.030575711581523085.
[I 2026-05-28 02:34:32,982] Trial 264 finished with value: 0.15541023772920104 and parameters: {'ISTN': 66.59430979675976, 'I_gpe': 1.1875477905200842, 'I_gpi': 2.6627577193843233, 'noise_stn_sigma': 2.9476617911752827, 'noise_gpe_sigma': 109.70124085971746, 'noise_gpi_sigma': 132.63728085274363, 'g_stn_gpe_mult': 3.2288006299995717, 'g_gpe_stn_mult': 0.13802329189944423, 'g_stn_gpi_mult': 1.6106922072736167, 'g_gpe_gpi_mult': 0.9148856689590226}. Best is trial 234 with value: 0.030575711581523085.
[I 2026-05-28 02:34:33,991] Trial 265 finished with value: 9.830640285820172 and parameters: {'ISTN': 69.95868983070045, 'I_gpe': 1.5033544984350256, 'I_gpi': 2.0905174808300506, 'noise_stn_sigma': 3.016845033679337, 'noise_gpe_sigma': 119.36222580782727, 'noise_gpi_sigma': 141.93203743818935, 'g_stn_gpe_mult': 3.158609859984746, 'g_gpe_stn_mult': 0.1648490808844221, 'g_stn_gpi_mult': 1.8492914617804896, 'g_gpe_gpi_mult': 0.8995711161243298}. Best is trial 234 with value: 0.030575711581523085.
[I 2026-05-28 02:34:34,999] Trial 266 finished with value: 2.661318128972417 and parameters: {'ISTN': 64.90878625440816, 'I_gpe': 1.098062265726742, 'I_gpi': 2.74040800579409, 'noise_stn_sigma': 3.244235494298232, 'noise_gpe_sigma': 125.25328947474239, 'noise_gpi_sigma': 132.811264027952, 'g_stn_gpe_mult': 2.977279493885928, 'g_gpe_stn_mult': 0.2054642458861556, 'g_stn_gpi_mult': 1.9374877507224522, 'g_gpe_gpi_mult': 0.8294167091438611}. Best is trial 234 with value: 0.030575711581523085.
[I 2026-05-28 02:34:36,006] Trial 267 finished with value: 8.82526817076225 and parameters: {'ISTN': 68.98048452699342, 'I_gpe': 1.375611299500485, 'I_gpi': 2.8450055774636143, 'noise_stn_sigma': 2.6996339854857516, 'noise_gpe_sigma': 121.82313402549971, 'noise_gpi_sigma': 128.13110022407784, 'g_stn_gpe_mult': 3.0908001794950866, 'g_gpe_stn_mult': 0.1739592956290682, 'g_stn_gpi_mult': 1.8335000637846421, 'g_gpe_gpi_mult': 0.8621862201678554}. Best is trial 234 with value: 0.030575711581523085.
[I 2026-05-28 02:34:37,016] Trial 268 finished with value: 0.7639147517462769 and parameters: {'ISTN': 66.1596307370065, 'I_gpe': 1.2301657883511508, 'I_gpi': 2.488880115271577, 'noise_stn_sigma': 2.6785371012971, 'noise_gpe_sigma': 138.25888473930712, 'noise_gpi_sigma': 131.88228460949824, 'g_stn_gpe_mult': 2.5663398140701634, 'g_gpe_stn_mult': 0.10602796669498012, 'g_stn_gpi_mult': 1.909691081115844, 'g_gpe_gpi_mult': 0.9030758546712965}. Best is trial 234 with value: 0.030575711581523085.
[I 2026-05-28 02:34:38,023] Trial 269 finished with value: 0.4539114969119343 and parameters: {'ISTN': 60.848632148603016, 'I_gpe': 1.3773297110282186, 'I_gpi': 2.3927576852995416, 'noise_stn_sigma': 2.110276431545874, 'noise_gpe_sigma': 104.08136537317336, 'noise_gpi_sigma': 129.3190589296932, 'g_stn_gpe_mult': 3.1476040625318786, 'g_gpe_stn_mult': 0.10091957418454167, 'g_stn_gpi_mult': 2.1763465955480727, 'g_gpe_gpi_mult': 0.784378287702584}. Best is trial 234 with value: 0.030575711581523085.
[I 2026-05-28 02:34:39,029] Trial 270 finished with value: 0.44189861410038744 and parameters: {'ISTN': 64.87954793092342, 'I_gpe': 0.884699015266883, 'I_gpi': 2.0739330559538187, 'noise_stn_sigma': 2.7293699764680177, 'noise_gpe_sigma': 131.65819794610087, 'noise_gpi_sigma': 131.313106364595, 'g_stn_gpe_mult': 2.77595947797084, 'g_gpe_stn_mult': 0.11631349434847077, 'g_stn_gpi_mult': 1.9808384398800567, 'g_gpe_gpi_mult': 0.6458396092592544}. Best is trial 234 with value: 0.030575711581523085.
[I 2026-05-28 02:34:40,039] Trial 271 finished with value: 0.8169271383050831 and parameters: {'ISTN': 61.030474876019326, 'I_gpe': 0.8629402931671155, 'I_gpi': 2.242941664520127, 'noise_stn_sigma': 3.491227929449431, 'noise_gpe_sigma': 105.19541420865008, 'noise_gpi_sigma': 122.209819247038, 'g_stn_gpe_mult': 3.31705710344152, 'g_gpe_stn_mult': 0.175156025948281, 'g_stn_gpi_mult': 1.8033059574455979, 'g_gpe_gpi_mult': 0.7730570548561462}. Best is trial 234 with value: 0.030575711581523085.
[I 2026-05-28 02:34:41,045] Trial 272 finished with value: 0.5287733982579322 and parameters: {'ISTN': 66.73465011868042, 'I_gpe': 1.3893009255948705, 'I_gpi': 3.1015046954147065, 'noise_stn_sigma': 3.2893903198566172, 'noise_gpe_sigma': 109.8886101043942, 'noise_gpi_sigma': 119.3933164620857, 'g_stn_gpe_mult': 3.2658724907184182, 'g_gpe_stn_mult': 0.1200205452628447, 'g_stn_gpi_mult': 1.7639538492640183, 'g_gpe_gpi_mult': 0.8479358693592667}. Best is trial 234 with value: 0.030575711581523085.
[I 2026-05-28 02:34:42,053] Trial 273 finished with value: 7.696966270155987 and parameters: {'ISTN': 69.12041568456702, 'I_gpe': 0.7066958548937201, 'I_gpi': 2.274591458997593, 'noise_stn_sigma': 3.347994092389179, 'noise_gpe_sigma': 125.35055497917979, 'noise_gpi_sigma': 138.30532470897822, 'g_stn_gpe_mult': 3.063301672349556, 'g_gpe_stn_mult': 0.1706586905668959, 'g_stn_gpi_mult': 1.8356567181367125, 'g_gpe_gpi_mult': 0.7532362491831204}. Best is trial 234 with value: 0.030575711581523085.
[I 2026-05-28 02:34:43,063] Trial 274 finished with value: 0.21008623284220473 and parameters: {'ISTN': 61.042176908135936, 'I_gpe': 1.023225199718714, 'I_gpi': 2.827120694795864, 'noise_stn_sigma': 3.528228893359575, 'noise_gpe_sigma': 115.24115627307631, 'noise_gpi_sigma': 117.74040950427116, 'g_stn_gpe_mult': 2.7607995812817325, 'g_gpe_stn_mult': 0.15135578104962774, 'g_stn_gpi_mult': 2.0397937218816393, 'g_gpe_gpi_mult': 0.8982264447236865}. Best is trial 234 with value: 0.030575711581523085.
[I 2026-05-28 02:34:44,072] Trial 275 finished with value: 0.08525416058413463 and parameters: {'ISTN': 62.54870685768627, 'I_gpe': 0.7838274509584412, 'I_gpi': 2.286432919241226, 'noise_stn_sigma': 2.9585370447412727, 'noise_gpe_sigma': 130.14502999177992, 'noise_gpi_sigma': 128.26936432350112, 'g_stn_gpe_mult': 2.93491145693409, 'g_gpe_stn_mult': 0.10770475748430938, 'g_stn_gpi_mult': 2.3231619681730047, 'g_gpe_gpi_mult': 0.7609547212187107}. Best is trial 234 with value: 0.030575711581523085.
[I 2026-05-28 02:34:45,078] Trial 276 finished with value: 0.0674698751652893 and parameters: {'ISTN': 61.61244812062467, 'I_gpe': 1.2191553335314826, 'I_gpi': 2.3251322014974063, 'noise_stn_sigma': 3.1351528843368515, 'noise_gpe_sigma': 127.21940252096408, 'noise_gpi_sigma': 134.13117143878273, 'g_stn_gpe_mult': 2.851601541932235, 'g_gpe_stn_mult': 0.17529164069043301, 'g_stn_gpi_mult': 1.5757459356826715, 'g_gpe_gpi_mult': 0.8530940124206077}. Best is trial 234 with value: 0.030575711581523085.
[I 2026-05-28 02:34:46,088] Trial 277 finished with value: 0.08381206985075694 and parameters: {'ISTN': 64.25630018302823, 'I_gpe': 0.9510836330930714, 'I_gpi': 2.3470998735926734, 'noise_stn_sigma': 2.727045743378138, 'noise_gpe_sigma': 126.58965786248511, 'noise_gpi_sigma': 136.64870331533973, 'g_stn_gpe_mult': 2.902946456587057, 'g_gpe_stn_mult': 0.13899784356520006, 'g_stn_gpi_mult': 1.8014980905995208, 'g_gpe_gpi_mult': 0.7614862540327278}. Best is trial 234 with value: 0.030575711581523085.
[I 2026-05-28 02:34:47,095] Trial 278 finished with value: 0.2635793687786869 and parameters: {'ISTN': 62.436867594368664, 'I_gpe': 1.2247226678838827, 'I_gpi': 2.8822037116630432, 'noise_stn_sigma': 2.9410146129003145, 'noise_gpe_sigma': 124.99980987950948, 'noise_gpi_sigma': 127.339208184534, 'g_stn_gpe_mult': 3.2421171112105567, 'g_gpe_stn_mult': 0.1500001658990084, 'g_stn_gpi_mult': 2.1544299733505925, 'g_gpe_gpi_mult': 0.825083712656765}. Best is trial 234 with value: 0.030575711581523085.
[I 2026-05-28 02:34:48,103] Trial 279 finished with value: 0.06753722007973607 and parameters: {'ISTN': 61.84545497503303, 'I_gpe': 0.9961009545503705, 'I_gpi': 2.528039238916988, 'noise_stn_sigma': 2.365236018936504, 'noise_gpe_sigma': 116.67544102598725, 'noise_gpi_sigma': 129.78205560651588, 'g_stn_gpe_mult': 3.2895196455738676, 'g_gpe_stn_mult': 0.16939341348491121, 'g_stn_gpi_mult': 1.7462164255520025, 'g_gpe_gpi_mult': 0.8034397164276301}. Best is trial 234 with value: 0.030575711581523085.
[I 2026-05-28 02:34:49,110] Trial 280 finished with value: 4.92153644703801 and parameters: {'ISTN': 68.1277054885177, 'I_gpe': 1.4043412937985438, 'I_gpi': 2.668985391645206, 'noise_stn_sigma': 1.5335331189980497, 'noise_gpe_sigma': 127.50351574274525, 'noise_gpi_sigma': 145.93911014956188, 'g_stn_gpe_mult': 3.1171939862785614, 'g_gpe_stn_mult': 0.179262963258076, 'g_stn_gpi_mult': 1.7210842334564442, 'g_gpe_gpi_mult': 0.6496063289021428}. Best is trial 234 with value: 0.030575711581523085.
[I 2026-05-28 02:34:50,117] Trial 281 finished with value: 0.05518881351162477 and parameters: {'ISTN': 62.049843906981415, 'I_gpe': 0.919855446500611, 'I_gpi': 2.2500430260308004, 'noise_stn_sigma': 2.7005123568286535, 'noise_gpe_sigma': 129.1593047360838, 'noise_gpi_sigma': 140.5587404401323, 'g_stn_gpe_mult': 2.890850637016645, 'g_gpe_stn_mult': 0.16825209593835094, 'g_stn_gpi_mult': 1.6396664322253147, 'g_gpe_gpi_mult': 0.8473391895337572}. Best is trial 234 with value: 0.030575711581523085.
[I 2026-05-28 02:34:51,064] Trial 282 finished with value: 1000000.0 and parameters: {'ISTN': 61.2831763172253, 'I_gpe': 0.9716255205118034, 'I_gpi': 2.449732971597112, 'noise_stn_sigma': 2.5413228475616205, 'noise_gpe_sigma': 124.10528095066934, 'noise_gpi_sigma': 133.37260731811165, 'g_stn_gpe_mult': 2.64336934359154, 'g_gpe_stn_mult': 0.18129873724278475, 'g_stn_gpi_mult': 1.676055530129713, 'g_gpe_gpi_mult': 0.813072492799906}. Best is trial 234 with value: 0.030575711581523085.
[I 2026-05-28 02:34:52,073] Trial 283 finished with value: 0.07928809530151741 and parameters: {'ISTN': 64.33205449419823, 'I_gpe': 1.2358677211132583, 'I_gpi': 2.4820816193961353, 'noise_stn_sigma': 2.356552193861846, 'noise_gpe_sigma': 107.52526067060325, 'noise_gpi_sigma': 137.135952556128, 'g_stn_gpe_mult': 3.151327638839722, 'g_gpe_stn_mult': 0.1678502927611375, 'g_stn_gpi_mult': 1.6436435877392561, 'g_gpe_gpi_mult': 0.9256719606376886}. Best is trial 234 with value: 0.030575711581523085.
[I 2026-05-28 02:34:53,081] Trial 284 finished with value: 0.0793585900492081 and parameters: {'ISTN': 65.01226078435553, 'I_gpe': 1.2325723968466826, 'I_gpi': 2.046841112166675, 'noise_stn_sigma': 2.8479466662839914, 'noise_gpe_sigma': 140.2789547689582, 'noise_gpi_sigma': 140.5249839846658, 'g_stn_gpe_mult': 3.3311923979562867, 'g_gpe_stn_mult': 0.12931360299027866, 'g_stn_gpi_mult': 1.9618347687873066, 'g_gpe_gpi_mult': 0.6979936083245404}. Best is trial 234 with value: 0.030575711581523085.
[I 2026-05-28 02:34:54,087] Trial 285 finished with value: 0.0518223807922869 and parameters: {'ISTN': 61.71757336903624, 'I_gpe': 0.9100286776483607, 'I_gpi': 2.2641576288384075, 'noise_stn_sigma': 2.6447608194595444, 'noise_gpe_sigma': 124.60102818242972, 'noise_gpi_sigma': 145.35807195393588, 'g_stn_gpe_mult': 2.8560384753419115, 'g_gpe_stn_mult': 0.1319762301378283, 'g_stn_gpi_mult': 1.351293196645394, 'g_gpe_gpi_mult': 0.7199224821110386}. Best is trial 234 with value: 0.030575711581523085.
[I 2026-05-28 02:34:55,095] Trial 286 finished with value: 8.590023063133387 and parameters: {'ISTN': 66.91930828771167, 'I_gpe': 1.209848745668169, 'I_gpi': 2.535724698409799, 'noise_stn_sigma': 2.9009591748045214, 'noise_gpe_sigma': 123.56173218790686, 'noise_gpi_sigma': 145.6854654024767, 'g_stn_gpe_mult': 2.8817198153523327, 'g_gpe_stn_mult': 0.23657751304586802, 'g_stn_gpi_mult': 1.6273618283324929, 'g_gpe_gpi_mult': 0.8075101555441513}. Best is trial 234 with value: 0.030575711581523085.
[I 2026-05-28 02:34:56,103] Trial 287 finished with value: 0.24376602876411507 and parameters: {'ISTN': 61.19359736079991, 'I_gpe': 0.6671867580993291, 'I_gpi': 2.1785957673387877, 'noise_stn_sigma': 1.9820718874014367, 'noise_gpe_sigma': 111.85732737211521, 'noise_gpi_sigma': 147.66114130374422, 'g_stn_gpe_mult': 2.906015355581344, 'g_gpe_stn_mult': 0.15663062741971318, 'g_stn_gpi_mult': 1.872095431736377, 'g_gpe_gpi_mult': 0.8169680728621749}. Best is trial 234 with value: 0.030575711581523085.
[I 2026-05-28 02:34:57,112] Trial 288 finished with value: 0.06751969531767801 and parameters: {'ISTN': 64.18536008619425, 'I_gpe': 1.0049930039760364, 'I_gpi': 2.1892272308238514, 'noise_stn_sigma': 3.076844243486182, 'noise_gpe_sigma': 138.69581198530096, 'noise_gpi_sigma': 124.54614212548115, 'g_stn_gpe_mult': 2.9405459924960518, 'g_gpe_stn_mult': 0.16675991744159985, 'g_stn_gpi_mult': 1.790354834221835, 'g_gpe_gpi_mult': 0.7568059519593116}. Best is trial 234 with value: 0.030575711581523085.
[I 2026-05-28 02:34:58,118] Trial 289 finished with value: 2.5545625389159246 and parameters: {'ISTN': 60.31446025755333, 'I_gpe': 0.7479597077023635, 'I_gpi': 2.4355772762836256, 'noise_stn_sigma': 3.669787024439535, 'noise_gpe_sigma': 124.44716691208524, 'noise_gpi_sigma': 128.88868108998727, 'g_stn_gpe_mult': 2.8307376374388102, 'g_gpe_stn_mult': 0.21419789520302376, 'g_stn_gpi_mult': 1.4096369670142128, 'g_gpe_gpi_mult': 0.9731290469280127}. Best is trial 234 with value: 0.030575711581523085.
[I 2026-05-28 02:34:59,127] Trial 290 finished with value: 0.05360052365778599 and parameters: {'ISTN': 61.463064534267446, 'I_gpe': 0.995500677893937, 'I_gpi': 2.077586803255538, 'noise_stn_sigma': 2.9324859281992515, 'noise_gpe_sigma': 121.29909355564504, 'noise_gpi_sigma': 141.50360473594736, 'g_stn_gpe_mult': 2.7780555453672777, 'g_gpe_stn_mult': 0.14184381599732476, 'g_stn_gpi_mult': 1.4673701617535255, 'g_gpe_gpi_mult': 0.8528974562462943}. Best is trial 234 with value: 0.030575711581523085.
[I 2026-05-28 02:35:00,136] Trial 291 finished with value: 0.04447917890482014 and parameters: {'ISTN': 61.802886359987994, 'I_gpe': 1.045594578124778, 'I_gpi': 2.143696285394133, 'noise_stn_sigma': 2.987778873691724, 'noise_gpe_sigma': 131.52106373793967, 'noise_gpi_sigma': 146.67407238118017, 'g_stn_gpe_mult': 2.510982230550341, 'g_gpe_stn_mult': 0.13672580859390002, 'g_stn_gpi_mult': 1.4922114838220433, 'g_gpe_gpi_mult': 0.7370643912640955}. Best is trial 234 with value: 0.030575711581523085.
[I 2026-05-28 02:35:01,143] Trial 292 finished with value: 0.10487266525843164 and parameters: {'ISTN': 60.17169031965941, 'I_gpe': 1.237448602760698, 'I_gpi': 2.7695592062458148, 'noise_stn_sigma': 3.447841872566433, 'noise_gpe_sigma': 127.15080542544798, 'noise_gpi_sigma': 139.11610290895032, 'g_stn_gpe_mult': 2.5900046181488814, 'g_gpe_stn_mult': 0.13697279671495635, 'g_stn_gpi_mult': 1.2594193162729874, 'g_gpe_gpi_mult': 0.9184891562002009}. Best is trial 234 with value: 0.030575711581523085.
[I 2026-05-28 02:35:02,150] Trial 293 finished with value: 0.056770795126834216 and parameters: {'ISTN': 60.36771032495928, 'I_gpe': 1.0490130617244395, 'I_gpi': 2.5708076089430483, 'noise_stn_sigma': 2.290223349743175, 'noise_gpe_sigma': 112.09480660631715, 'noise_gpi_sigma': 137.29442802051526, 'g_stn_gpe_mult': 2.831160547915652, 'g_gpe_stn_mult': 0.16599646233915372, 'g_stn_gpi_mult': 1.427315936074554, 'g_gpe_gpi_mult': 0.8505454194601294}. Best is trial 234 with value: 0.030575711581523085.
[I 2026-05-28 02:35:03,157] Trial 294 finished with value: 0.21199583921756357 and parameters: {'ISTN': 65.39207085243056, 'I_gpe': 0.9938899100199956, 'I_gpi': 2.4618692458181926, 'noise_stn_sigma': 2.817000902100944, 'noise_gpe_sigma': 126.2063206996661, 'noise_gpi_sigma': 129.37026870495072, 'g_stn_gpe_mult': 2.830811554220718, 'g_gpe_stn_mult': 0.1565301427742461, 'g_stn_gpi_mult': 1.4670279508242374, 'g_gpe_gpi_mult': 0.8049609080830471}. Best is trial 234 with value: 0.030575711581523085.
[I 2026-05-28 02:35:04,165] Trial 295 finished with value: 0.060916773598903184 and parameters: {'ISTN': 61.96921577840106, 'I_gpe': 1.0931185485132868, 'I_gpi': 2.0303549017135785, 'noise_stn_sigma': 2.727078905211089, 'noise_gpe_sigma': 131.86523681664983, 'noise_gpi_sigma': 127.43512346710801, 'g_stn_gpe_mult': 2.590261332074764, 'g_gpe_stn_mult': 0.1157254347806747, 'g_stn_gpi_mult': 1.2757288497130823, 'g_gpe_gpi_mult': 0.814963512948987}. Best is trial 234 with value: 0.030575711581523085.
[I 2026-05-28 02:35:05,174] Trial 296 finished with value: 0.052236585931255165 and parameters: {'ISTN': 61.32401754404274, 'I_gpe': 0.7884355828042505, 'I_gpi': 2.1534750009142862, 'noise_stn_sigma': 2.251607091911659, 'noise_gpe_sigma': 133.98472877154987, 'noise_gpi_sigma': 144.64477007183217, 'g_stn_gpe_mult': 3.0064225998660907, 'g_gpe_stn_mult': 0.179118609609751, 'g_stn_gpi_mult': 1.2709445656658327, 'g_gpe_gpi_mult': 0.8032862529943043}. Best is trial 234 with value: 0.030575711581523085.
[I 2026-05-28 02:35:06,183] Trial 297 finished with value: 0.11002733126808517 and parameters: {'ISTN': 62.034215065129956, 'I_gpe': 1.2606673188858069, 'I_gpi': 2.605613645661514, 'noise_stn_sigma': 2.981397635446988, 'noise_gpe_sigma': 137.07837596988165, 'noise_gpi_sigma': 130.7590247907643, 'g_stn_gpe_mult': 2.6220243961466414, 'g_gpe_stn_mult': 0.194204105370759, 'g_stn_gpi_mult': 1.6064903523042111, 'g_gpe_gpi_mult': 0.7889410621408679}. Best is trial 234 with value: 0.030575711581523085.
[I 2026-05-28 02:35:07,192] Trial 298 finished with value: 0.10972138947846223 and parameters: {'ISTN': 63.16084432300499, 'I_gpe': 0.8097172618939474, 'I_gpi': 1.899447064993902, 'noise_stn_sigma': 2.4042754190836457, 'noise_gpe_sigma': 125.94863942512815, 'noise_gpi_sigma': 137.19342589006828, 'g_stn_gpe_mult': 2.7674246282932096, 'g_gpe_stn_mult': 0.1285557999455252, 'g_stn_gpi_mult': 1.573431831521769, 'g_gpe_gpi_mult': 0.7837188548080578}. Best is trial 234 with value: 0.030575711581523085.
[I 2026-05-28 02:35:08,200] Trial 299 finished with value: 0.3165950853638307 and parameters: {'ISTN': 62.749405261369915, 'I_gpe': 1.2904313976866257, 'I_gpi': 2.7404847433753847, 'noise_stn_sigma': 2.828618168216975, 'noise_gpe_sigma': 115.39351083555506, 'noise_gpi_sigma': 131.18713895887544, 'g_stn_gpe_mult': 2.9382499608197836, 'g_gpe_stn_mult': 0.2220794209398601, 'g_stn_gpi_mult': 1.5563413340364098, 'g_gpe_gpi_mult': 0.7828343191978449}. Best is trial 234 with value: 0.030575711581523085.
[I 2026-05-28 02:35:09,209] Trial 300 finished with value: 0.13849071242218372 and parameters: {'ISTN': 64.53735173513466, 'I_gpe': 0.7297172548755515, 'I_gpi': 2.032999656547216, 'noise_stn_sigma': 2.5451073368540484, 'noise_gpe_sigma': 131.75103338519443, 'noise_gpi_sigma': 144.7841474844381, 'g_stn_gpe_mult': 3.047412406197127, 'g_gpe_stn_mult': 0.16714794322997772, 'g_stn_gpi_mult': 1.7146231673340129, 'g_gpe_gpi_mult': 0.8101199719305099}. Best is trial 234 with value: 0.030575711581523085.
[I 2026-05-28 02:35:10,216] Trial 301 finished with value: 0.22326479691732054 and parameters: {'ISTN': 60.01498097294292, 'I_gpe': 1.1652646513765794, 'I_gpi': 2.3277937978330345, 'noise_stn_sigma': 3.764717969361405, 'noise_gpe_sigma': 119.07747901451334, 'noise_gpi_sigma': 140.3041620527274, 'g_stn_gpe_mult': 2.826891373965095, 'g_gpe_stn_mult': 0.19454937275213335, 'g_stn_gpi_mult': 1.5710981868192233, 'g_gpe_gpi_mult': 0.7474205709982247}. Best is trial 234 with value: 0.030575711581523085.
[I 2026-05-28 02:35:11,225] Trial 302 finished with value: 0.06448673082802879 and parameters: {'ISTN': 63.50849155889238, 'I_gpe': 0.9844038574880167, 'I_gpi': 2.068462788069925, 'noise_stn_sigma': 1.838187448314429, 'noise_gpe_sigma': 139.53416353819858, 'noise_gpi_sigma': 147.07449655601997, 'g_stn_gpe_mult': 2.6764751646686444, 'g_gpe_stn_mult': 0.1539523981910258, 'g_stn_gpi_mult': 1.150607648161311, 'g_gpe_gpi_mult': 0.8303050975353692}. Best is trial 234 with value: 0.030575711581523085.
[I 2026-05-28 02:35:12,231] Trial 303 finished with value: 0.11641080223424902 and parameters: {'ISTN': 61.205014476421624, 'I_gpe': 0.9255902564721707, 'I_gpi': 1.7532781123445684, 'noise_stn_sigma': 2.339522543883804, 'noise_gpe_sigma': 125.38945543748783, 'noise_gpi_sigma': 144.32381432572072, 'g_stn_gpe_mult': 2.517794114875781, 'g_gpe_stn_mult': 0.14977345436451503, 'g_stn_gpi_mult': 1.669516203737501, 'g_gpe_gpi_mult': 0.8319957293267501}. Best is trial 234 with value: 0.030575711581523085.
[I 2026-05-28 02:35:13,238] Trial 304 finished with value: 0.07331905030374561 and parameters: {'ISTN': 62.210174857209, 'I_gpe': 0.9519831201817384, 'I_gpi': 2.4307733916291125, 'noise_stn_sigma': 1.8196174703973842, 'noise_gpe_sigma': 126.4372155101344, 'noise_gpi_sigma': 146.41882651693564, 'g_stn_gpe_mult': 2.4554205788708034, 'g_gpe_stn_mult': 0.11188859812843197, 'g_stn_gpi_mult': 1.8303537091183215, 'g_gpe_gpi_mult': 0.8309127371209675}. Best is trial 234 with value: 0.030575711581523085.
[I 2026-05-28 02:35:14,244] Trial 305 finished with value: 0.3221418512079861 and parameters: {'ISTN': 61.60854573101464, 'I_gpe': 1.1884066519734013, 'I_gpi': 2.22122717098709, 'noise_stn_sigma': 2.9696733139758313, 'noise_gpe_sigma': 115.64968179105666, 'noise_gpi_sigma': 139.55068683627837, 'g_stn_gpe_mult': 2.3820770164055483, 'g_gpe_stn_mult': 0.22607218530018336, 'g_stn_gpi_mult': 1.4181657151902332, 'g_gpe_gpi_mult': 0.8409897815656158}. Best is trial 234 with value: 0.030575711581523085.
