[I 2026-05-28 01:52:29,852] Trial 792 finished with value: 0.16652243500640737 and parameters: {'ISTN': 61.10067786933106, 'I_gpe': 1.1086953449039694, 'I_gpi': 1.6837575653034775, 'noise_stn_sigma': 3.1536049216646176, 'noise_gpe_sigma': 78.66088159706521, 'noise_gpi_sigma': 82.35749314237943, 'g_stn_gpe_mult': 3.3063321212874195, 'g_gpe_stn_mult': 0.1452294521486005, 'g_stn_gpi_mult': 3.827796577017976, 'g_gpe_gpi_mult': 0.8838936592617117}. Best is trial 775 with value: 0.14362186524515327.
[I 2026-05-28 01:52:30,862] Trial 793 finished with value: 0.16148142482438738 and parameters: {'ISTN': 61.006955320681804, 'I_gpe': 1.210448662634929, 'I_gpi': 1.8026061069459933, 'noise_stn_sigma': 3.310789957299168, 'noise_gpe_sigma': 80.05372215653225, 'noise_gpi_sigma': 78.92067497542354, 'g_stn_gpe_mult': 3.2011466530379344, 'g_gpe_stn_mult': 0.16618413512358624, 'g_stn_gpi_mult': 3.8984219682885053, 'g_gpe_gpi_mult': 0.8089187887947233}. Best is trial 775 with value: 0.14362186524515327.
[I 2026-05-28 01:52:31,871] Trial 794 finished with value: 0.16845446670144174 and parameters: {'ISTN': 61.3695472119565, 'I_gpe': 1.2655544238043186, 'I_gpi': 1.8276287410061671, 'noise_stn_sigma': 3.092820256376911, 'noise_gpe_sigma': 79.45597576666087, 'noise_gpi_sigma': 78.19266310484366, 'g_stn_gpe_mult': 3.437222135122877, 'g_gpe_stn_mult': 0.16737743220147214, 'g_stn_gpi_mult': 3.8991907629338427, 'g_gpe_gpi_mult': 0.8645359294055166}. Best is trial 775 with value: 0.14362186524515327.
[I 2026-05-28 01:52:32,881] Trial 795 finished with value: 0.15698263522684663 and parameters: {'ISTN': 60.8411791538733, 'I_gpe': 1.1302907407254768, 'I_gpi': 1.66817108239501, 'noise_stn_sigma': 2.8812263044603306, 'noise_gpe_sigma': 77.32963431471636, 'noise_gpi_sigma': 78.79949122743714, 'g_stn_gpe_mult': 3.2715719827376937, 'g_gpe_stn_mult': 0.15805430097984055, 'g_stn_gpi_mult': 3.8215216265043574, 'g_gpe_gpi_mult': 0.8637513855278638}. Best is trial 775 with value: 0.14362186524515327.
[I 2026-05-28 01:52:33,893] Trial 796 finished with value: 0.15436720183206723 and parameters: {'ISTN': 61.355838278713584, 'I_gpe': 1.1362964290513824, 'I_gpi': 1.8339186607697346, 'noise_stn_sigma': 2.8338603150407793, 'noise_gpe_sigma': 79.663366261157, 'noise_gpi_sigma': 78.45584057166955, 'g_stn_gpe_mult': 3.2224580181405993, 'g_gpe_stn_mult': 0.15468941733242944, 'g_stn_gpi_mult': 3.9666568888607467, 'g_gpe_gpi_mult': 0.8132243571872408}. Best is trial 775 with value: 0.14362186524515327.
[I 2026-05-28 01:52:34,903] Trial 797 finished with value: 0.1540150030533614 and parameters: {'ISTN': 60.71300009394134, 'I_gpe': 1.0931415813226275, 'I_gpi': 1.6969778969841505, 'noise_stn_sigma': 2.587028213325212, 'noise_gpe_sigma': 78.74359871632626, 'noise_gpi_sigma': 71.85762858839016, 'g_stn_gpe_mult': 3.4107179378483083, 'g_gpe_stn_mult': 0.1638014937035125, 'g_stn_gpi_mult': 3.8960698694297315, 'g_gpe_gpi_mult': 0.8543412895868467}. Best is trial 775 with value: 0.14362186524515327.
[I 2026-05-28 01:52:35,910] Trial 798 finished with value: 2.0198111652563413 and parameters: {'ISTN': 60.043732721325206, 'I_gpe': 1.1827725322289484, 'I_gpi': 1.6920230341173883, 'noise_stn_sigma': 2.7807382423224523, 'noise_gpe_sigma': 78.39777374542362, 'noise_gpi_sigma': 78.92725036401266, 'g_stn_gpe_mult': 3.2782311189187716, 'g_gpe_stn_mult': 0.15967441627942297, 'g_stn_gpi_mult': 3.845880655860088, 'g_gpe_gpi_mult': 0.8566656088085702}. Best is trial 775 with value: 0.14362186524515327.
[I 2026-05-28 01:52:36,920] Trial 799 finished with value: 1.0874815306149637 and parameters: {'ISTN': 60.588331455863745, 'I_gpe': 1.1347247974311059, 'I_gpi': 1.8402833706788402, 'noise_stn_sigma': 2.7757741476841393, 'noise_gpe_sigma': 84.09789127027774, 'noise_gpi_sigma': 77.32411444020684, 'g_stn_gpe_mult': 3.398820989154812, 'g_gpe_stn_mult': 0.14980285442496624, 'g_stn_gpi_mult': 3.9643738373543185, 'g_gpe_gpi_mult': 0.8243312426568252}. Best is trial 775 with value: 0.14362186524515327.
[I 2026-05-28 01:52:37,929] Trial 800 finished with value: 0.15938952405640114 and parameters: {'ISTN': 61.074020633786745, 'I_gpe': 1.0885039940632368, 'I_gpi': 1.7618701869164801, 'noise_stn_sigma': 3.1850072321415324, 'noise_gpe_sigma': 82.96121436318896, 'noise_gpi_sigma': 82.39803077373952, 'g_stn_gpe_mult': 3.3242849684574027, 'g_gpe_stn_mult': 0.14399017225465682, 'g_stn_gpi_mult': 3.626400244516777, 'g_gpe_gpi_mult': 0.7941634087885305}. Best is trial 775 with value: 0.14362186524515327.
[I 2026-05-28 01:52:38,938] Trial 801 finished with value: 0.16842574113154105 and parameters: {'ISTN': 61.39478416673775, 'I_gpe': 1.1123080802949772, 'I_gpi': 1.704642713350409, 'noise_stn_sigma': 3.135838298248973, 'noise_gpe_sigma': 81.0680795421694, 'noise_gpi_sigma': 71.59858886089715, 'g_stn_gpe_mult': 3.2746677137093894, 'g_gpe_stn_mult': 0.15049838556142217, 'g_stn_gpi_mult': 3.6564832158145304, 'g_gpe_gpi_mult': 0.8172791506051849}. Best is trial 775 with value: 0.14362186524515327.
[I 2026-05-28 01:52:39,946] Trial 802 finished with value: 2.1956307320892967 and parameters: {'ISTN': 61.38514023938305, 'I_gpe': 1.0782371711816283, 'I_gpi': 1.61689036979879, 'noise_stn_sigma': 2.5473619431549115, 'noise_gpe_sigma': 77.04970389986539, 'noise_gpi_sigma': 73.64589144715382, 'g_stn_gpe_mult': 3.2188979845576857, 'g_gpe_stn_mult': 0.1366075173532397, 'g_stn_gpi_mult': 3.874322216682286, 'g_gpe_gpi_mult': 0.834692044452451}. Best is trial 775 with value: 0.14362186524515327.
[I 2026-05-28 01:52:40,954] Trial 803 finished with value: 0.25792303246576953 and parameters: {'ISTN': 62.975467624261164, 'I_gpe': 1.2126949919771337, 'I_gpi': 1.745922488923609, 'noise_stn_sigma': 2.4682213702370284, 'noise_gpe_sigma': 77.06424759465654, 'noise_gpi_sigma': 63.077921297114855, 'g_stn_gpe_mult': 3.350788942793377, 'g_gpe_stn_mult': 0.13678547849284547, 'g_stn_gpi_mult': 3.849904242789608, 'g_gpe_gpi_mult': 0.8430726350713502}. Best is trial 775 with value: 0.14362186524515327.
[I 2026-05-28 01:52:41,964] Trial 804 finished with value: 2.8204226729413313 and parameters: {'ISTN': 60.05665857025239, 'I_gpe': 1.157902831765777, 'I_gpi': 1.5214970460148294, 'noise_stn_sigma': 2.5967347093290343, 'noise_gpe_sigma': 74.4580007651015, 'noise_gpi_sigma': 79.5235494111839, 'g_stn_gpe_mult': 3.408508902904913, 'g_gpe_stn_mult': 0.1536966422430646, 'g_stn_gpi_mult': 3.90066085346741, 'g_gpe_gpi_mult': 0.8317857915987155}. Best is trial 775 with value: 0.14362186524515327.
[I 2026-05-28 01:52:42,976] Trial 805 finished with value: 3.1931699066443673 and parameters: {'ISTN': 60.86711483466202, 'I_gpe': 1.2156231059943703, 'I_gpi': 1.7324796695319256, 'noise_stn_sigma': 2.3209682176373736, 'noise_gpe_sigma': 72.01122082695895, 'noise_gpi_sigma': 79.84229593608553, 'g_stn_gpe_mult': 3.349570683307854, 'g_gpe_stn_mult': 0.1449336375815599, 'g_stn_gpi_mult': 3.814116805280088, 'g_gpe_gpi_mult': 0.8618022159211733}. Best is trial 775 with value: 0.14362186524515327.
[I 2026-05-28 01:52:43,987] Trial 806 finished with value: 0.20532071106837924 and parameters: {'ISTN': 60.83591020297368, 'I_gpe': 1.1642581115516648, 'I_gpi': 1.7417597659245057, 'noise_stn_sigma': 2.560490319985232, 'noise_gpe_sigma': 75.13841215370613, 'noise_gpi_sigma': 78.28881780233041, 'g_stn_gpe_mult': 3.2527254040126996, 'g_gpe_stn_mult': 0.1608630698943549, 'g_stn_gpi_mult': 3.8481286893485, 'g_gpe_gpi_mult': 0.878761640778712}. Best is trial 775 with value: 0.14362186524515327.
[I 2026-05-28 01:52:44,998] Trial 807 finished with value: 0.15621895826915647 and parameters: {'ISTN': 61.75057361287891, 'I_gpe': 1.1173692544346192, 'I_gpi': 1.7586724758981025, 'noise_stn_sigma': 2.9007555886035097, 'noise_gpe_sigma': 81.00297224877913, 'noise_gpi_sigma': 76.94150553521109, 'g_stn_gpe_mult': 3.210045345970632, 'g_gpe_stn_mult': 0.14957710069971625, 'g_stn_gpi_mult': 3.871541222147851, 'g_gpe_gpi_mult': 0.8165375029697146}. Best is trial 775 with value: 0.14362186524515327.
[I 2026-05-28 01:52:46,008] Trial 808 finished with value: 1.0196641981030719 and parameters: {'ISTN': 62.10420080893662, 'I_gpe': 1.169015605222136, 'I_gpi': 1.71235940202474, 'noise_stn_sigma': 2.825512087231372, 'noise_gpe_sigma': 77.90507136358717, 'noise_gpi_sigma': 75.28973293827889, 'g_stn_gpe_mult': 3.4697100687503406, 'g_gpe_stn_mult': 0.12871621679446638, 'g_stn_gpi_mult': 3.902742518307054, 'g_gpe_gpi_mult': 0.8377742591512791}. Best is trial 775 with value: 0.14362186524515327.
[I 2026-05-28 01:52:47,016] Trial 809 finished with value: 0.2083948868709563 and parameters: {'ISTN': 64.36768848659064, 'I_gpe': 1.0959185964599196, 'I_gpi': 1.9019115842741285, 'noise_stn_sigma': 3.116515730497703, 'noise_gpe_sigma': 76.05508497483325, 'noise_gpi_sigma': 74.56490303114558, 'g_stn_gpe_mult': 3.2649851847920246, 'g_gpe_stn_mult': 0.14608761811534113, 'g_stn_gpi_mult': 3.837861643592296, 'g_gpe_gpi_mult': 0.8337564604314653}. Best is trial 775 with value: 0.14362186524515327.
[I 2026-05-28 01:52:48,028] Trial 810 finished with value: 0.16068159940960405 and parameters: {'ISTN': 60.93318930200165, 'I_gpe': 1.1468472968004613, 'I_gpi': 1.9716860915336076, 'noise_stn_sigma': 2.7030320506341052, 'noise_gpe_sigma': 78.6433028421616, 'noise_gpi_sigma': 74.30219916584139, 'g_stn_gpe_mult': 3.276976479862016, 'g_gpe_stn_mult': 0.15841604022133912, 'g_stn_gpi_mult': 3.851617172641741, 'g_gpe_gpi_mult': 0.8353394883148209}. Best is trial 775 with value: 0.14362186524515327.
[I 2026-05-28 01:52:49,040] Trial 811 finished with value: 0.1972971057853593 and parameters: {'ISTN': 60.94425292747386, 'I_gpe': 1.1865450020216195, 'I_gpi': 1.8248838735589867, 'noise_stn_sigma': 2.9346634571599703, 'noise_gpe_sigma': 74.12180941263323, 'noise_gpi_sigma': 73.93338381335916, 'g_stn_gpe_mult': 3.1923325215932077, 'g_gpe_stn_mult': 0.15350020958130955, 'g_stn_gpi_mult': 3.8743949768003167, 'g_gpe_gpi_mult': 0.832894988400646}. Best is trial 775 with value: 0.14362186524515327.
[I 2026-05-28 01:52:50,050] Trial 812 finished with value: 0.18954856585459853 and parameters: {'ISTN': 63.85922418498338, 'I_gpe': 1.151293992293312, 'I_gpi': 1.8420119915125022, 'noise_stn_sigma': 3.0648817105020854, 'noise_gpe_sigma': 74.27373713127415, 'noise_gpi_sigma': 80.85739685218475, 'g_stn_gpe_mult': 3.108769381408865, 'g_gpe_stn_mult': 0.11516202698060535, 'g_stn_gpi_mult': 3.88842861307573, 'g_gpe_gpi_mult': 0.7822775694897903}. Best is trial 775 with value: 0.14362186524515327.
[I 2026-05-28 01:52:51,058] Trial 813 finished with value: 0.3123668830840561 and parameters: {'ISTN': 61.10917764181371, 'I_gpe': 1.0935722458682562, 'I_gpi': 1.7761899819598264, 'noise_stn_sigma': 3.140155428346124, 'noise_gpe_sigma': 78.96068768723998, 'noise_gpi_sigma': 75.45727218209146, 'g_stn_gpe_mult': 3.2998915065777727, 'g_gpe_stn_mult': 0.1622184584545525, 'g_stn_gpi_mult': 3.747175939453996, 'g_gpe_gpi_mult': 0.8937041101018699}. Best is trial 775 with value: 0.14362186524515327.
[I 2026-05-28 01:52:52,070] Trial 814 finished with value: 0.1896138783010828 and parameters: {'ISTN': 62.66265734927473, 'I_gpe': 1.0851593131462072, 'I_gpi': 1.8060022577201413, 'noise_stn_sigma': 3.190095654526157, 'noise_gpe_sigma': 76.03973429802303, 'noise_gpi_sigma': 76.5697039947087, 'g_stn_gpe_mult': 3.172227923186478, 'g_gpe_stn_mult': 0.15046629919533464, 'g_stn_gpi_mult': 3.7473158820532033, 'g_gpe_gpi_mult': 0.8568949371356724}. Best is trial 775 with value: 0.14362186524515327.
[I 2026-05-28 01:52:53,081] Trial 815 finished with value: 0.4085750673603028 and parameters: {'ISTN': 61.636286058795775, 'I_gpe': 1.0766869166384179, 'I_gpi': 1.85423220326336, 'noise_stn_sigma': 2.8777692795128056, 'noise_gpe_sigma': 80.51388072313588, 'noise_gpi_sigma': 74.00294015487243, 'g_stn_gpe_mult': 3.172168228694583, 'g_gpe_stn_mult': 0.13786886921000532, 'g_stn_gpi_mult': 3.893040124095883, 'g_gpe_gpi_mult': 0.8282017554885441}. Best is trial 775 with value: 0.14362186524515327.
[I 2026-05-28 01:52:54,091] Trial 816 finished with value: 1.9462127887908185 and parameters: {'ISTN': 60.97791205857173, 'I_gpe': 1.1814883040791595, 'I_gpi': 1.730305001228536, 'noise_stn_sigma': 2.7052892673187254, 'noise_gpe_sigma': 84.32318524054807, 'noise_gpi_sigma': 70.7653272884584, 'g_stn_gpe_mult': 3.256904971794196, 'g_gpe_stn_mult': 0.1380470845973083, 'g_stn_gpi_mult': 3.7870283107122495, 'g_gpe_gpi_mult': 0.8222900662378185}. Best is trial 775 with value: 0.14362186524515327.
[I 2026-05-28 01:52:55,099] Trial 817 finished with value: 0.1858280963600727 and parameters: {'ISTN': 62.32541672354875, 'I_gpe': 1.0855730210390355, 'I_gpi': 1.8243918894652604, 'noise_stn_sigma': 3.09330072231434, 'noise_gpe_sigma': 80.09260848899069, 'noise_gpi_sigma': 83.69571432074247, 'g_stn_gpe_mult': 3.0571848562526474, 'g_gpe_stn_mult': 0.15903230758961936, 'g_stn_gpi_mult': 3.8360153247935145, 'g_gpe_gpi_mult': 0.802856799744766}. Best is trial 775 with value: 0.14362186524515327.
[I 2026-05-28 01:52:56,109] Trial 818 finished with value: 0.19528338227158107 and parameters: {'ISTN': 62.881278009736754, 'I_gpe': 0.9882892010507687, 'I_gpi': 1.6888818378382575, 'noise_stn_sigma': 2.5460330573860466, 'noise_gpe_sigma': 83.32501269769773, 'noise_gpi_sigma': 71.0034526053137, 'g_stn_gpe_mult': 3.3893838437304304, 'g_gpe_stn_mult': 0.16793506586111173, 'g_stn_gpi_mult': 3.778902004169276, 'g_gpe_gpi_mult': 0.8289683166416728}. Best is trial 775 with value: 0.14362186524515327.
[I 2026-05-28 01:52:57,120] Trial 819 finished with value: 0.16356350219244747 and parameters: {'ISTN': 61.170707388189335, 'I_gpe': 1.175455833020722, 'I_gpi': 1.95434244097452, 'noise_stn_sigma': 2.735595144027745, 'noise_gpe_sigma': 76.73936683369692, 'noise_gpi_sigma': 77.23003891061572, 'g_stn_gpe_mult': 3.1184454526300986, 'g_gpe_stn_mult': 0.1663861685660601, 'g_stn_gpi_mult': 3.906930871932883, 'g_gpe_gpi_mult': 0.8133259549660561}. Best is trial 775 with value: 0.14362186524515327.
[I 2026-05-28 01:52:58,128] Trial 820 finished with value: 0.16795604214839369 and parameters: {'ISTN': 62.30347735152299, 'I_gpe': 1.1422010731569177, 'I_gpi': 1.7279439424089929, 'noise_stn_sigma': 2.972383380931207, 'noise_gpe_sigma': 78.25938989538008, 'noise_gpi_sigma': 71.67627916823727, 'g_stn_gpe_mult': 3.278093819078464, 'g_gpe_stn_mult': 0.13993400792529087, 'g_stn_gpi_mult': 3.6622514081153463, 'g_gpe_gpi_mult': 0.854121026294564}. Best is trial 775 with value: 0.14362186524515327.
[I 2026-05-28 01:52:59,140] Trial 821 finished with value: 0.16305972238247082 and parameters: {'ISTN': 62.36484704150449, 'I_gpe': 1.2484355883268794, 'I_gpi': 1.8530453161997484, 'noise_stn_sigma': 2.7962410044520745, 'noise_gpe_sigma': 73.90423237312352, 'noise_gpi_sigma': 80.6392059862354, 'g_stn_gpe_mult': 3.209200310613337, 'g_gpe_stn_mult': 0.142048328307406, 'g_stn_gpi_mult': 3.8504851664591904, 'g_gpe_gpi_mult': 0.8308995408838249}. Best is trial 775 with value: 0.14362186524515327.
[I 2026-05-28 01:53:00,150] Trial 822 finished with value: 0.16390996308733743 and parameters: {'ISTN': 61.23859482331634, 'I_gpe': 1.124440546531208, 'I_gpi': 1.7443055374081582, 'noise_stn_sigma': 2.750951123950628, 'noise_gpe_sigma': 79.44701389909868, 'noise_gpi_sigma': 68.81039182915254, 'g_stn_gpe_mult': 3.281013049962465, 'g_gpe_stn_mult': 0.17136917113070338, 'g_stn_gpi_mult': 3.7917944244804223, 'g_gpe_gpi_mult': 0.8844642444314488}. Best is trial 775 with value: 0.14362186524515327.
[I 2026-05-28 01:53:01,161] Trial 823 finished with value: 1.0495136487361079 and parameters: {'ISTN': 61.68094202452836, 'I_gpe': 1.1902050722289723, 'I_gpi': 1.8883320450976304, 'noise_stn_sigma': 2.5885186641581086, 'noise_gpe_sigma': 78.14301619945599, 'noise_gpi_sigma': 76.28958888355788, 'g_stn_gpe_mult': 3.2994509902092686, 'g_gpe_stn_mult': 0.14892211763174046, 'g_stn_gpi_mult': 3.8859966431133794, 'g_gpe_gpi_mult': 0.8820197226165065}. Best is trial 775 with value: 0.14362186524515327.
[I 2026-05-28 01:53:02,170] Trial 824 finished with value: 0.17343185261891858 and parameters: {'ISTN': 62.22728388341428, 'I_gpe': 1.1295149008384986, 'I_gpi': 1.8502062837875815, 'noise_stn_sigma': 3.1205372386768593, 'noise_gpe_sigma': 76.66460647941207, 'noise_gpi_sigma': 82.76225713662527, 'g_stn_gpe_mult': 3.2098323915725926, 'g_gpe_stn_mult': 0.14917033170360092, 'g_stn_gpi_mult': 3.8955312261458497, 'g_gpe_gpi_mult': 0.778488393802043}. Best is trial 775 with value: 0.14362186524515327.
[I 2026-05-28 01:53:03,177] Trial 825 finished with value: 1.6549725153054295 and parameters: {'ISTN': 61.62266512225812, 'I_gpe': 1.2262706826530114, 'I_gpi': 1.8437529675804205, 'noise_stn_sigma': 3.239663141000777, 'noise_gpe_sigma': 75.25031575886452, 'noise_gpi_sigma': 77.74154314354857, 'g_stn_gpe_mult': 3.265531090118955, 'g_gpe_stn_mult': 0.13401624275037916, 'g_stn_gpi_mult': 3.7663512980189546, 'g_gpe_gpi_mult': 0.7899404788828641}. Best is trial 775 with value: 0.14362186524515327.
[I 2026-05-28 01:53:04,188] Trial 826 finished with value: 0.18441803694850334 and parameters: {'ISTN': 63.3828765064291, 'I_gpe': 1.1381871358832687, 'I_gpi': 1.8584930501596841, 'noise_stn_sigma': 2.639441656389428, 'noise_gpe_sigma': 79.82233584568202, 'noise_gpi_sigma': 70.84400870656356, 'g_stn_gpe_mult': 3.1426361435879535, 'g_gpe_stn_mult': 0.1334129428263598, 'g_stn_gpi_mult': 3.963719081874084, 'g_gpe_gpi_mult': 0.8140500758779738}. Best is trial 775 with value: 0.14362186524515327.
[I 2026-05-28 01:53:05,198] Trial 827 finished with value: 0.21501071488326845 and parameters: {'ISTN': 64.61423498717613, 'I_gpe': 1.1403622004366414, 'I_gpi': 1.8708357229531267, 'noise_stn_sigma': 3.1500113725973735, 'noise_gpe_sigma': 78.73537087773909, 'noise_gpi_sigma': 77.24127408385279, 'g_stn_gpe_mult': 3.19220358998719, 'g_gpe_stn_mult': 0.11701529339883923, 'g_stn_gpi_mult': 3.791658058113812, 'g_gpe_gpi_mult': 0.8090203424230265}. Best is trial 775 with value: 0.14362186524515327.
[I 2026-05-28 01:53:06,207] Trial 828 finished with value: 0.17539499763055025 and parameters: {'ISTN': 60.95317180095084, 'I_gpe': 1.0702769919489634, 'I_gpi': 1.860301043829399, 'noise_stn_sigma': 2.681848258613831, 'noise_gpe_sigma': 77.09360243104709, 'noise_gpi_sigma': 76.90094643117801, 'g_stn_gpe_mult': 3.1167663319671646, 'g_gpe_stn_mult': 0.18075370183392753, 'g_stn_gpi_mult': 3.8484090533567525, 'g_gpe_gpi_mult': 0.8522990047363734}. Best is trial 775 with value: 0.14362186524515327.
[I 2026-05-28 01:53:07,218] Trial 829 finished with value: 0.19382327948888617 and parameters: {'ISTN': 62.57792840239049, 'I_gpe': 1.0646541453306444, 'I_gpi': 1.8642921138278168, 'noise_stn_sigma': 3.0442164549049875, 'noise_gpe_sigma': 80.65119140527311, 'noise_gpi_sigma': 77.31577788894933, 'g_stn_gpe_mult': 3.112933760652478, 'g_gpe_stn_mult': 0.17127043941042736, 'g_stn_gpi_mult': 3.6649408993845882, 'g_gpe_gpi_mult': 0.8254964763338342}. Best is trial 775 with value: 0.14362186524515327.
[I 2026-05-28 01:53:08,231] Trial 830 finished with value: 0.31358023909801985 and parameters: {'ISTN': 61.52058603953209, 'I_gpe': 1.0604689224470636, 'I_gpi': 1.8560436369292175, 'noise_stn_sigma': 3.3996188612165743, 'noise_gpe_sigma': 80.79966915236909, 'noise_gpi_sigma': 81.48588373202529, 'g_stn_gpe_mult': 3.094622781713897, 'g_gpe_stn_mult': 0.1346516708909647, 'g_stn_gpi_mult': 3.687695250569948, 'g_gpe_gpi_mult': 0.763542273090851}. Best is trial 775 with value: 0.14362186524515327.
[I 2026-05-28 01:53:09,241] Trial 831 finished with value: 0.1716383950630656 and parameters: {'ISTN': 62.25130564459036, 'I_gpe': 1.1733759845787008, 'I_gpi': 1.8296613896875353, 'noise_stn_sigma': 2.7481725184440795, 'noise_gpe_sigma': 76.72489357424499, 'noise_gpi_sigma': 76.38493951160567, 'g_stn_gpe_mult': 3.325765686782387, 'g_gpe_stn_mult': 0.15612499133865085, 'g_stn_gpi_mult': 3.9087453836700736, 'g_gpe_gpi_mult': 0.89748531217854}. Best is trial 775 with value: 0.14362186524515327.
[I 2026-05-28 01:53:10,247] Trial 832 finished with value: 0.15394411417200793 and parameters: {'ISTN': 61.237513603070724, 'I_gpe': 1.209637558807644, 'I_gpi': 1.8112670733797465, 'noise_stn_sigma': 2.836653333933718, 'noise_gpe_sigma': 81.10053002533073, 'noise_gpi_sigma': 76.42874931756356, 'g_stn_gpe_mult': 3.364676031465633, 'g_gpe_stn_mult': 0.15793066933966865, 'g_stn_gpi_mult': 3.7025697004506264, 'g_gpe_gpi_mult': 0.8548809075013761}. Best is trial 775 with value: 0.14362186524515327.
[I 2026-05-28 01:53:11,258] Trial 833 finished with value: 0.21108548616272016 and parameters: {'ISTN': 62.618817801498544, 'I_gpe': 1.0985447409936606, 'I_gpi': 1.7844725494359963, 'noise_stn_sigma': 2.611428694597229, 'noise_gpe_sigma': 80.0872951724819, 'noise_gpi_sigma': 78.31162696522375, 'g_stn_gpe_mult': 3.229894973015004, 'g_gpe_stn_mult': 0.17276832514548557, 'g_stn_gpi_mult': 3.7053400868651916, 'g_gpe_gpi_mult': 0.8635621712742669}. Best is trial 775 with value: 0.14362186524515327.
[I 2026-05-28 01:53:12,271] Trial 834 finished with value: 0.1979738748570342 and parameters: {'ISTN': 64.20157575908534, 'I_gpe': 1.244994922681336, 'I_gpi': 1.786159794195242, 'noise_stn_sigma': 2.7469197974429314, 'noise_gpe_sigma': 72.80817903664655, 'noise_gpi_sigma': 80.00671548030462, 'g_stn_gpe_mult': 3.2889196793576057, 'g_gpe_stn_mult': 0.1303173932595471, 'g_stn_gpi_mult': 3.8023251905316133, 'g_gpe_gpi_mult': 0.8754960635930025}. Best is trial 775 with value: 0.14362186524515327.
[I 2026-05-28 01:53:13,280] Trial 835 finished with value: 0.1784340054410284 and parameters: {'ISTN': 62.57675251662744, 'I_gpe': 1.1694672132520474, 'I_gpi': 1.865629809328519, 'noise_stn_sigma': 2.6119455958058095, 'noise_gpe_sigma': 76.31304955429427, 'noise_gpi_sigma': 74.44232947676585, 'g_stn_gpe_mult': 3.254640141819838, 'g_gpe_stn_mult': 0.16157572069072754, 'g_stn_gpi_mult': 3.8938865747940534, 'g_gpe_gpi_mult': 0.8536279535782001}. Best is trial 775 with value: 0.14362186524515327.
