[I 2026-05-28 02:36:41,909] Trial 392 finished with value: 0.16650628980883428 and parameters: {'ISTN': 61.52606236308713, 'I_gpe': 1.3638542311118944, 'I_gpi': 1.734096351203307, 'noise_stn_sigma': 1.1686123818061955, 'noise_gpe_sigma': 142.85915165598857, 'noise_gpi_sigma': 147.30854026340103, 'g_stn_gpe_mult': 2.5124862798067524, 'g_gpe_stn_mult': 0.2078455651637086, 'g_stn_gpi_mult': 1.2451330882352163, 'g_gpe_gpi_mult': 0.7144001536326252}. Best is trial 362 with value: 0.015633730997166383.
[I 2026-05-28 02:36:42,916] Trial 393 finished with value: 0.07377397987952554 and parameters: {'ISTN': 64.18790355566816, 'I_gpe': 1.1469329573858256, 'I_gpi': 2.04129528822473, 'noise_stn_sigma': 1.7235646864647325, 'noise_gpe_sigma': 130.9406524340314, 'noise_gpi_sigma': 130.25002712008938, 'g_stn_gpe_mult': 2.554349801820054, 'g_gpe_stn_mult': 0.18008033596690926, 'g_stn_gpi_mult': 1.3360257245327891, 'g_gpe_gpi_mult': 0.7982557269177808}. Best is trial 362 with value: 0.015633730997166383.
[I 2026-05-28 02:36:43,924] Trial 394 finished with value: 0.024876299972052263 and parameters: {'ISTN': 60.70271729759302, 'I_gpe': 1.2432348955651324, 'I_gpi': 2.207080741844268, 'noise_stn_sigma': 1.409701264635809, 'noise_gpe_sigma': 133.25108136706422, 'noise_gpi_sigma': 135.30309260032146, 'g_stn_gpe_mult': 2.435595478851345, 'g_gpe_stn_mult': 0.18659634477305076, 'g_stn_gpi_mult': 1.486999434126222, 'g_gpe_gpi_mult': 0.9012034058003631}. Best is trial 362 with value: 0.015633730997166383.
[I 2026-05-28 02:36:44,934] Trial 395 finished with value: 0.03411357606373025 and parameters: {'ISTN': 61.4364615296587, 'I_gpe': 1.12815290149128, 'I_gpi': 2.2546286271649154, 'noise_stn_sigma': 2.1291099987424413, 'noise_gpe_sigma': 131.24158313463494, 'noise_gpi_sigma': 128.73011128491328, 'g_stn_gpe_mult': 2.4597477455108807, 'g_gpe_stn_mult': 0.15287215590659023, 'g_stn_gpi_mult': 1.4997960155941579, 'g_gpe_gpi_mult': 0.84969902706996}. Best is trial 362 with value: 0.015633730997166383.
[I 2026-05-28 02:36:45,942] Trial 396 finished with value: 0.047252082113591304 and parameters: {'ISTN': 61.506070262593774, 'I_gpe': 1.0214058625948357, 'I_gpi': 2.256576800916071, 'noise_stn_sigma': 2.0354917348771924, 'noise_gpe_sigma': 126.34603646133573, 'noise_gpi_sigma': 133.9051181600937, 'g_stn_gpe_mult': 2.861557127749549, 'g_gpe_stn_mult': 0.19149913655677275, 'g_stn_gpi_mult': 1.54965848383697, 'g_gpe_gpi_mult': 0.8442272383308094}. Best is trial 362 with value: 0.015633730997166383.
[I 2026-05-28 02:36:46,950] Trial 397 finished with value: 0.14593327233477957 and parameters: {'ISTN': 65.115969924442, 'I_gpe': 1.1142559696563983, 'I_gpi': 2.397424377848906, 'noise_stn_sigma': 1.429263531418973, 'noise_gpe_sigma': 142.1626586024756, 'noise_gpi_sigma': 128.88324126377728, 'g_stn_gpe_mult': 2.5301612432491094, 'g_gpe_stn_mult': 0.180846964554282, 'g_stn_gpi_mult': 1.47148412997047, 'g_gpe_gpi_mult': 0.8348156462681582}. Best is trial 362 with value: 0.015633730997166383.
[I 2026-05-28 02:36:47,959] Trial 398 finished with value: 0.05118587017201638 and parameters: {'ISTN': 64.4471085099247, 'I_gpe': 1.2029613950156484, 'I_gpi': 2.230428277780998, 'noise_stn_sigma': 1.8188131497900377, 'noise_gpe_sigma': 145.50640839376825, 'noise_gpi_sigma': 125.08791564179435, 'g_stn_gpe_mult': 2.4820659791920296, 'g_gpe_stn_mult': 0.15386034201672302, 'g_stn_gpi_mult': 1.5583485653435147, 'g_gpe_gpi_mult': 0.8766960465333242}. Best is trial 362 with value: 0.015633730997166383.
[I 2026-05-28 02:36:48,966] Trial 399 finished with value: 0.07117906702103372 and parameters: {'ISTN': 62.88851378730929, 'I_gpe': 1.2729877604995594, 'I_gpi': 2.4989032684960444, 'noise_stn_sigma': 1.0814864113230778, 'noise_gpe_sigma': 131.134671347066, 'noise_gpi_sigma': 124.61994872213975, 'g_stn_gpe_mult': 2.7142563307202088, 'g_gpe_stn_mult': 0.14484316197603642, 'g_stn_gpi_mult': 1.5631787982910377, 'g_gpe_gpi_mult': 0.755875175133133}. Best is trial 362 with value: 0.015633730997166383.
[I 2026-05-28 02:36:49,972] Trial 400 finished with value: 0.06259455737534617 and parameters: {'ISTN': 66.31901425944241, 'I_gpe': 1.1804239507699887, 'I_gpi': 2.112740126587865, 'noise_stn_sigma': 1.8461820879985726, 'noise_gpe_sigma': 142.77719363366896, 'noise_gpi_sigma': 139.63653807221974, 'g_stn_gpe_mult': 2.3837767086641217, 'g_gpe_stn_mult': 0.1334590504313382, 'g_stn_gpi_mult': 1.3346069383559422, 'g_gpe_gpi_mult': 0.863057004019089}. Best is trial 362 with value: 0.015633730997166383.
[I 2026-05-28 02:36:50,978] Trial 401 finished with value: 0.06978828231561678 and parameters: {'ISTN': 63.97337423866539, 'I_gpe': 1.0769689961553426, 'I_gpi': 2.2437851655495002, 'noise_stn_sigma': 1.9924203125203337, 'noise_gpe_sigma': 133.65890823453805, 'noise_gpi_sigma': 135.2064150488422, 'g_stn_gpe_mult': 2.702212029872687, 'g_gpe_stn_mult': 0.18462743829311334, 'g_stn_gpi_mult': 1.3887659731031707, 'g_gpe_gpi_mult': 0.8501490849194426}. Best is trial 362 with value: 0.015633730997166383.
[I 2026-05-28 02:36:51,987] Trial 402 finished with value: 0.0523743251375441 and parameters: {'ISTN': 63.91744855778268, 'I_gpe': 1.0759777644865005, 'I_gpi': 2.1297173983737467, 'noise_stn_sigma': 1.5595992361906035, 'noise_gpe_sigma': 127.16451832936625, 'noise_gpi_sigma': 133.5554730772978, 'g_stn_gpe_mult': 2.6597482303208526, 'g_gpe_stn_mult': 0.15759555850320273, 'g_stn_gpi_mult': 1.3098578006041812, 'g_gpe_gpi_mult': 0.8639210917723117}. Best is trial 362 with value: 0.015633730997166383.
[I 2026-05-28 02:36:52,996] Trial 403 finished with value: 0.04393960196185162 and parameters: {'ISTN': 61.51909968413226, 'I_gpe': 1.1732592310131218, 'I_gpi': 1.9714133365394915, 'noise_stn_sigma': 1.6446723978627646, 'noise_gpe_sigma': 128.30490570309, 'noise_gpi_sigma': 134.64827006435127, 'g_stn_gpe_mult': 2.3356773089595926, 'g_gpe_stn_mult': 0.16147021632261616, 'g_stn_gpi_mult': 1.5024457962640532, 'g_gpe_gpi_mult': 0.9079545030985556}. Best is trial 362 with value: 0.015633730997166383.
[I 2026-05-28 02:36:54,005] Trial 404 finished with value: 0.34257729069142395 and parameters: {'ISTN': 60.00037092490831, 'I_gpe': 1.1276012237365527, 'I_gpi': 2.1653120130337857, 'noise_stn_sigma': 1.4678014347912163, 'noise_gpe_sigma': 130.92196869335024, 'noise_gpi_sigma': 132.16350647834076, 'g_stn_gpe_mult': 2.848600898087187, 'g_gpe_stn_mult': 0.1831906487044605, 'g_stn_gpi_mult': 1.3850636715773472, 'g_gpe_gpi_mult': 0.9012984015871799}. Best is trial 362 with value: 0.015633730997166383.
[I 2026-05-28 02:36:55,014] Trial 405 finished with value: 0.14409452729059008 and parameters: {'ISTN': 62.412276210651214, 'I_gpe': 1.01539046575659, 'I_gpi': 2.1602295292226756, 'noise_stn_sigma': 1.376879580188068, 'noise_gpe_sigma': 137.98771455618282, 'noise_gpi_sigma': 128.82310428824024, 'g_stn_gpe_mult': 2.4400692851065955, 'g_gpe_stn_mult': 0.16533481885093015, 'g_stn_gpi_mult': 1.3850518519182202, 'g_gpe_gpi_mult': 0.8021532200946087}. Best is trial 362 with value: 0.015633730997166383.
[I 2026-05-28 02:36:56,021] Trial 406 finished with value: 0.31502453637885425 and parameters: {'ISTN': 60.11578654743846, 'I_gpe': 1.210188864842864, 'I_gpi': 2.176558232608893, 'noise_stn_sigma': 1.9035987030172363, 'noise_gpe_sigma': 136.57446689253084, 'noise_gpi_sigma': 130.45563876005053, 'g_stn_gpe_mult': 2.5405424727861248, 'g_gpe_stn_mult': 0.15013937785024487, 'g_stn_gpi_mult': 1.471479785912606, 'g_gpe_gpi_mult': 0.8698022374247616}. Best is trial 362 with value: 0.015633730997166383.
[I 2026-05-28 02:36:57,030] Trial 407 finished with value: 0.03834243797302972 and parameters: {'ISTN': 60.68694652684016, 'I_gpe': 1.03648156259259, 'I_gpi': 2.3674850061261385, 'noise_stn_sigma': 2.09022075197389, 'noise_gpe_sigma': 132.4401182572861, 'noise_gpi_sigma': 134.1073409905232, 'g_stn_gpe_mult': 2.7176361671708413, 'g_gpe_stn_mult': 0.1836894021322784, 'g_stn_gpi_mult': 1.440671315043823, 'g_gpe_gpi_mult': 0.8977636469197858}. Best is trial 362 with value: 0.015633730997166383.
[I 2026-05-28 02:36:58,039] Trial 408 finished with value: 0.04386597932057551 and parameters: {'ISTN': 60.22440917222573, 'I_gpe': 1.1953364309189243, 'I_gpi': 1.9503429659993363, 'noise_stn_sigma': 1.930168961691688, 'noise_gpe_sigma': 134.01683146443725, 'noise_gpi_sigma': 134.02446866417338, 'g_stn_gpe_mult': 2.514985325684628, 'g_gpe_stn_mult': 0.18074294097949134, 'g_stn_gpi_mult': 1.5763696503599136, 'g_gpe_gpi_mult': 0.8701550289396061}. Best is trial 362 with value: 0.015633730997166383.
[I 2026-05-28 02:36:59,044] Trial 409 finished with value: 0.058968806923732894 and parameters: {'ISTN': 64.36047187651226, 'I_gpe': 1.1790398932938209, 'I_gpi': 2.289811776612806, 'noise_stn_sigma': 1.7521764372217943, 'noise_gpe_sigma': 137.11169838462143, 'noise_gpi_sigma': 131.2015102775842, 'g_stn_gpe_mult': 2.548665752802917, 'g_gpe_stn_mult': 0.1311398312174202, 'g_stn_gpi_mult': 1.568338310290681, 'g_gpe_gpi_mult': 0.8545590178031761}. Best is trial 362 with value: 0.015633730997166383.
[I 2026-05-28 02:37:00,052] Trial 410 finished with value: 0.042546895599716215 and parameters: {'ISTN': 62.95153926116174, 'I_gpe': 1.0975855643172143, 'I_gpi': 2.2358272254526135, 'noise_stn_sigma': 1.2340162425228483, 'noise_gpe_sigma': 142.8023762880951, 'noise_gpi_sigma': 128.56736410899515, 'g_stn_gpe_mult': 2.3768666994465204, 'g_gpe_stn_mult': 0.18683259319794016, 'g_stn_gpi_mult': 1.5316487348682586, 'g_gpe_gpi_mult': 0.8683786168854166}. Best is trial 362 with value: 0.015633730997166383.
[I 2026-05-28 02:37:01,059] Trial 411 finished with value: 0.3591924940590836 and parameters: {'ISTN': 63.26652169919172, 'I_gpe': 0.9254789704810107, 'I_gpi': 2.2044485764020503, 'noise_stn_sigma': 2.152334931117795, 'noise_gpe_sigma': 139.32955762237094, 'noise_gpi_sigma': 126.56050272842843, 'g_stn_gpe_mult': 2.4844039632638797, 'g_gpe_stn_mult': 0.21009186117267445, 'g_stn_gpi_mult': 1.492202761217801, 'g_gpe_gpi_mult': 0.8896190326955968}. Best is trial 362 with value: 0.015633730997166383.
[I 2026-05-28 02:37:02,068] Trial 412 finished with value: 0.019697267605880104 and parameters: {'ISTN': 60.93715119329829, 'I_gpe': 1.0839265539094627, 'I_gpi': 2.216929210578705, 'noise_stn_sigma': 1.6085963678471604, 'noise_gpe_sigma': 133.14203272607364, 'noise_gpi_sigma': 130.99192255651005, 'g_stn_gpe_mult': 2.587680379447656, 'g_gpe_stn_mult': 0.16165728829275966, 'g_stn_gpi_mult': 1.316017492108804, 'g_gpe_gpi_mult': 0.94906842007819}. Best is trial 362 with value: 0.015633730997166383.
[I 2026-05-28 02:37:03,075] Trial 413 finished with value: 0.05573817024497478 and parameters: {'ISTN': 61.56025607496879, 'I_gpe': 1.1243102623965429, 'I_gpi': 2.0862055720348645, 'noise_stn_sigma': 2.0949386168994746, 'noise_gpe_sigma': 132.9101373668518, 'noise_gpi_sigma': 129.83904279161092, 'g_stn_gpe_mult': 2.6503454517186458, 'g_gpe_stn_mult': 0.17550433243323033, 'g_stn_gpi_mult': 1.3790011646424807, 'g_gpe_gpi_mult': 0.9315479485283065}. Best is trial 362 with value: 0.015633730997166383.
[I 2026-05-28 02:37:04,084] Trial 414 finished with value: 0.07500698901947964 and parameters: {'ISTN': 62.088274959494896, 'I_gpe': 1.0633062693603785, 'I_gpi': 2.4455940688018964, 'noise_stn_sigma': 2.3016447450481077, 'noise_gpe_sigma': 129.8802998316174, 'noise_gpi_sigma': 121.56609926362249, 'g_stn_gpe_mult': 2.3989136018513166, 'g_gpe_stn_mult': 0.18214867722628192, 'g_stn_gpi_mult': 1.778604441579734, 'g_gpe_gpi_mult': 0.9519937065305628}. Best is trial 362 with value: 0.015633730997166383.
[I 2026-05-28 02:37:05,090] Trial 415 finished with value: 0.05350337955760954 and parameters: {'ISTN': 60.63137573916833, 'I_gpe': 1.0800510209036602, 'I_gpi': 2.5211914200573675, 'noise_stn_sigma': 1.48995516016915, 'noise_gpe_sigma': 130.16062973475798, 'noise_gpi_sigma': 126.94127519479095, 'g_stn_gpe_mult': 2.479564499477132, 'g_gpe_stn_mult': 0.20005282989580386, 'g_stn_gpi_mult': 1.450848858569744, 'g_gpe_gpi_mult': 0.8616763070640729}. Best is trial 362 with value: 0.015633730997166383.
[I 2026-05-28 02:37:06,095] Trial 416 finished with value: 0.05301823497879549 and parameters: {'ISTN': 64.33603681646758, 'I_gpe': 1.027121061138546, 'I_gpi': 2.2553389314015906, 'noise_stn_sigma': 2.261368323673456, 'noise_gpe_sigma': 139.7390404541809, 'noise_gpi_sigma': 129.5683021223836, 'g_stn_gpe_mult': 2.591771691385129, 'g_gpe_stn_mult': 0.14599146876035304, 'g_stn_gpi_mult': 1.5081833403965348, 'g_gpe_gpi_mult': 0.8440600712383644}. Best is trial 362 with value: 0.015633730997166383.
[I 2026-05-28 02:37:07,104] Trial 417 finished with value: 0.04322945321166587 and parameters: {'ISTN': 61.58024367917799, 'I_gpe': 1.062359949287153, 'I_gpi': 2.3370587500607627, 'noise_stn_sigma': 1.4753132810918235, 'noise_gpe_sigma': 127.71583021488246, 'noise_gpi_sigma': 133.94262738209733, 'g_stn_gpe_mult': 2.3748818137386443, 'g_gpe_stn_mult': 0.19291845781359096, 'g_stn_gpi_mult': 1.3614077099219029, 'g_gpe_gpi_mult': 0.8737940879135928}. Best is trial 362 with value: 0.015633730997166383.
[I 2026-05-28 02:37:08,111] Trial 418 finished with value: 0.053062910675590706 and parameters: {'ISTN': 63.588538520705704, 'I_gpe': 1.1411817872586, 'I_gpi': 2.28182496444363, 'noise_stn_sigma': 2.361055998584339, 'noise_gpe_sigma': 131.40305569594966, 'noise_gpi_sigma': 137.40259666519904, 'g_stn_gpe_mult': 2.7219776986564446, 'g_gpe_stn_mult': 0.1767957893512534, 'g_stn_gpi_mult': 1.5490868363267396, 'g_gpe_gpi_mult': 0.9056911310745965}. Best is trial 362 with value: 0.015633730997166383.
[I 2026-05-28 02:37:09,118] Trial 419 finished with value: 0.041167741121462716 and parameters: {'ISTN': 63.2369196572534, 'I_gpe': 1.1801937381936312, 'I_gpi': 2.196861717001183, 'noise_stn_sigma': 1.996112782849269, 'noise_gpe_sigma': 136.9345650759846, 'noise_gpi_sigma': 141.30845662974852, 'g_stn_gpe_mult': 2.6224100143339983, 'g_gpe_stn_mult': 0.1307458009271337, 'g_stn_gpi_mult': 1.398194626251453, 'g_gpe_gpi_mult': 0.8827430344205931}. Best is trial 362 with value: 0.015633730997166383.
[I 2026-05-28 02:37:10,123] Trial 420 finished with value: 0.8051564620034912 and parameters: {'ISTN': 63.28629438739806, 'I_gpe': 1.0976528824274332, 'I_gpi': 2.205034138882274, 'noise_stn_sigma': 1.5874669250269706, 'noise_gpe_sigma': 145.56868389686002, 'noise_gpi_sigma': 133.78336918242485, 'g_stn_gpe_mult': 2.300999461990003, 'g_gpe_stn_mult': 0.2002937796451265, 'g_stn_gpi_mult': 1.6660948586925768, 'g_gpe_gpi_mult': 0.8431710356708686}. Best is trial 362 with value: 0.015633730997166383.
[I 2026-05-28 02:37:11,133] Trial 421 finished with value: 0.0545909234898491 and parameters: {'ISTN': 61.139896254639055, 'I_gpe': 1.156797371993655, 'I_gpi': 2.0984004476264912, 'noise_stn_sigma': 2.3839507881700905, 'noise_gpe_sigma': 132.8131879048453, 'noise_gpi_sigma': 135.25085030372742, 'g_stn_gpe_mult': 2.58405957667935, 'g_gpe_stn_mult': 0.1325345568544798, 'g_stn_gpi_mult': 1.1529128121847663, 'g_gpe_gpi_mult': 0.9411161735629765}. Best is trial 362 with value: 0.015633730997166383.
[I 2026-05-28 02:37:12,141] Trial 422 finished with value: 0.5723193787045415 and parameters: {'ISTN': 63.47112482272255, 'I_gpe': 1.2233530253006843, 'I_gpi': 2.321285894349899, 'noise_stn_sigma': 1.804975420144698, 'noise_gpe_sigma': 138.77717202442614, 'noise_gpi_sigma': 129.8449506424077, 'g_stn_gpe_mult': 2.4669294362093406, 'g_gpe_stn_mult': 0.18960666691453332, 'g_stn_gpi_mult': 1.2667710058737423, 'g_gpe_gpi_mult': 0.9327044746521564}. Best is trial 362 with value: 0.015633730997166383.
[I 2026-05-28 02:37:13,150] Trial 423 finished with value: 0.04961463602750778 and parameters: {'ISTN': 62.42261768915124, 'I_gpe': 1.2275178273588705, 'I_gpi': 2.2921738390191297, 'noise_stn_sigma': 1.3773037996302362, 'noise_gpe_sigma': 133.14531905603232, 'noise_gpi_sigma': 129.52148452598925, 'g_stn_gpe_mult': 2.568396909624955, 'g_gpe_stn_mult': 0.17682318870822353, 'g_stn_gpi_mult': 1.4353347345551581, 'g_gpe_gpi_mult': 0.8928721879668016}. Best is trial 362 with value: 0.015633730997166383.
[I 2026-05-28 02:37:14,160] Trial 424 finished with value: 0.030710076708725186 and parameters: {'ISTN': 60.81235562247815, 'I_gpe': 1.1839337873723002, 'I_gpi': 2.0237766107108897, 'noise_stn_sigma': 1.4836836268178155, 'noise_gpe_sigma': 138.65350891370747, 'noise_gpi_sigma': 132.51706882106657, 'g_stn_gpe_mult': 2.436526424678681, 'g_gpe_stn_mult': 0.16907904907239302, 'g_stn_gpi_mult': 1.4354775537268232, 'g_gpe_gpi_mult': 0.902058823976708}. Best is trial 362 with value: 0.015633730997166383.
[I 2026-05-28 02:37:15,169] Trial 425 finished with value: 0.05744959032650228 and parameters: {'ISTN': 65.17594469297507, 'I_gpe': 1.1742048375260523, 'I_gpi': 2.2949000876759227, 'noise_stn_sigma': 2.4833845924124374, 'noise_gpe_sigma': 137.21238252775032, 'noise_gpi_sigma': 143.41518053270806, 'g_stn_gpe_mult': 2.382568506994344, 'g_gpe_stn_mult': 0.13756853702237296, 'g_stn_gpi_mult': 1.161131267180064, 'g_gpe_gpi_mult': 0.9339225030093177}. Best is trial 362 with value: 0.015633730997166383.
[I 2026-05-28 02:37:16,177] Trial 426 finished with value: 0.049529400731980984 and parameters: {'ISTN': 64.52314160137065, 'I_gpe': 1.034118546546985, 'I_gpi': 2.1477345907480387, 'noise_stn_sigma': 1.713452648432877, 'noise_gpe_sigma': 139.46548977490903, 'noise_gpi_sigma': 143.59429935828325, 'g_stn_gpe_mult': 2.444053212586314, 'g_gpe_stn_mult': 0.11785646522342944, 'g_stn_gpi_mult': 1.2330568945462677, 'g_gpe_gpi_mult': 0.7358165270184929}. Best is trial 362 with value: 0.015633730997166383.
[I 2026-05-28 02:37:17,184] Trial 427 finished with value: 0.0360223944639557 and parameters: {'ISTN': 61.40263099275785, 'I_gpe': 0.9786918209187714, 'I_gpi': 2.1339773455746016, 'noise_stn_sigma': 1.5471916804924775, 'noise_gpe_sigma': 139.81323422410824, 'noise_gpi_sigma': 140.1109937378967, 'g_stn_gpe_mult': 2.422643052995509, 'g_gpe_stn_mult': 0.15568618469711998, 'g_stn_gpi_mult': 1.2275743569305804, 'g_gpe_gpi_mult': 0.9573776812934522}. Best is trial 362 with value: 0.015633730997166383.
[I 2026-05-28 02:37:18,194] Trial 428 finished with value: 0.05505822804447438 and parameters: {'ISTN': 64.6095030215135, 'I_gpe': 0.9497850931910744, 'I_gpi': 2.214077642148398, 'noise_stn_sigma': 1.4036210020623017, 'noise_gpe_sigma': 131.87816789050012, 'noise_gpi_sigma': 137.4401888619342, 'g_stn_gpe_mult': 2.474577393454304, 'g_gpe_stn_mult': 0.16459652006027148, 'g_stn_gpi_mult': 1.4264270961419316, 'g_gpe_gpi_mult': 0.9429727127233025}. Best is trial 362 with value: 0.015633730997166383.
[I 2026-05-28 02:37:19,203] Trial 429 finished with value: 0.06202046167339292 and parameters: {'ISTN': 62.68613662963129, 'I_gpe': 1.1345582006055681, 'I_gpi': 2.1517962590426656, 'noise_stn_sigma': 2.598792300105842, 'noise_gpe_sigma': 133.59959493698358, 'noise_gpi_sigma': 131.6530739947489, 'g_stn_gpe_mult': 2.5794523055108685, 'g_gpe_stn_mult': 0.14774723180954097, 'g_stn_gpi_mult': 1.2478221769460922, 'g_gpe_gpi_mult': 0.9268680386151458}. Best is trial 362 with value: 0.015633730997166383.
[I 2026-05-28 02:37:20,210] Trial 430 finished with value: 0.020735896554418598 and parameters: {'ISTN': 62.04601772495183, 'I_gpe': 1.2261016794757444, 'I_gpi': 2.22749922430848, 'noise_stn_sigma': 1.5350143874005056, 'noise_gpe_sigma': 134.29801467554518, 'noise_gpi_sigma': 134.55265402702372, 'g_stn_gpe_mult': 2.4434099841443007, 'g_gpe_stn_mult': 0.14641675621983777, 'g_stn_gpi_mult': 1.393077934279571, 'g_gpe_gpi_mult': 0.892055367005236}. Best is trial 362 with value: 0.015633730997166383.
[I 2026-05-28 02:37:21,221] Trial 431 finished with value: 0.05931597631945341 and parameters: {'ISTN': 62.96636069379797, 'I_gpe': 1.1565688668730503, 'I_gpi': 2.0036845286019247, 'noise_stn_sigma': 1.4875882446287236, 'noise_gpe_sigma': 138.23568476298755, 'noise_gpi_sigma': 144.36494821120436, 'g_stn_gpe_mult': 2.0434177625986987, 'g_gpe_stn_mult': 0.1315587661826855, 'g_stn_gpi_mult': 1.3221317336566534, 'g_gpe_gpi_mult': 0.8324047089931057}. Best is trial 362 with value: 0.015633730997166383.
[I 2026-05-28 02:37:22,229] Trial 432 finished with value: 0.018017563843172834 and parameters: {'ISTN': 60.464490621393125, 'I_gpe': 1.0270989290357102, 'I_gpi': 2.202976333836882, 'noise_stn_sigma': 1.3525862142071055, 'noise_gpe_sigma': 136.3449746861328, 'noise_gpi_sigma': 141.55652012943978, 'g_stn_gpe_mult': 2.6080486071048146, 'g_gpe_stn_mult': 0.1744946741311002, 'g_stn_gpi_mult': 1.3167100158938967, 'g_gpe_gpi_mult': 0.8353040681116837}. Best is trial 362 with value: 0.015633730997166383.
[I 2026-05-28 02:37:23,239] Trial 433 finished with value: 0.018343805548222483 and parameters: {'ISTN': 60.052033201498055, 'I_gpe': 1.1821726610745689, 'I_gpi': 2.190475797421584, 'noise_stn_sigma': 1.6342965633278128, 'noise_gpe_sigma': 144.91344336388573, 'noise_gpi_sigma': 138.01568805394302, 'g_stn_gpe_mult': 2.57288196520191, 'g_gpe_stn_mult': 0.17544038285729988, 'g_stn_gpi_mult': 1.1173678186980833, 'g_gpe_gpi_mult': 0.9444142945095844}. Best is trial 362 with value: 0.015633730997166383.
[I 2026-05-28 02:37:24,245] Trial 434 finished with value: 0.06167656887403448 and parameters: {'ISTN': 62.251011362131685, 'I_gpe': 1.066607921796367, 'I_gpi': 1.9486848152562206, 'noise_stn_sigma': 1.3155721630295893, 'noise_gpe_sigma': 144.94040632420018, 'noise_gpi_sigma': 143.2083472811815, 'g_stn_gpe_mult': 2.230852779993078, 'g_gpe_stn_mult': 0.16385114116962196, 'g_stn_gpi_mult': 1.2671001879777481, 'g_gpe_gpi_mult': 0.8427578224925572}. Best is trial 362 with value: 0.015633730997166383.
