[I 2026-05-28 02:03:33,765] Trial 440 finished with value: 1.3207182361165153 and parameters: {'ISTN': 67.34667842253192, 'I_gpe': 0.865789017646194, 'I_gpi': 3.3291937491976102, 'noise_stn_sigma': 5.275624304374171, 'noise_gpe_sigma': 91.69262950743952, 'noise_gpi_sigma': 88.5989009065431, 'g_stn_gpe_mult': 1.9322016977108238, 'g_gpe_stn_mult': 0.2227105844119786, 'g_stn_gpi_mult': 3.3707400656991426, 'g_gpe_gpi_mult': 0.9026447058773044}. Best is trial 98 with value: 0.5979484317983877.
[I 2026-05-28 02:03:34,773] Trial 441 finished with value: 5.415790132272641 and parameters: {'ISTN': 68.82577940634147, 'I_gpe': 0.8399472959309613, 'I_gpi': 3.284497367856779, 'noise_stn_sigma': 5.653676243832686, 'noise_gpe_sigma': 87.32331385680682, 'noise_gpi_sigma': 97.83035858822925, 'g_stn_gpe_mult': 1.9610512816925212, 'g_gpe_stn_mult': 0.22634540154721652, 'g_stn_gpi_mult': 3.2863118663877815, 'g_gpe_gpi_mult': 0.8927804640027017}. Best is trial 98 with value: 0.5979484317983877.
[I 2026-05-28 02:03:35,782] Trial 442 finished with value: 1.2285934331076205 and parameters: {'ISTN': 65.38440225971452, 'I_gpe': 0.8586525460853384, 'I_gpi': 3.2731174327452544, 'noise_stn_sigma': 5.223975234426899, 'noise_gpe_sigma': 90.17176608770326, 'noise_gpi_sigma': 87.61532364461834, 'g_stn_gpe_mult': 1.972276630091391, 'g_gpe_stn_mult': 0.24965253806822085, 'g_stn_gpi_mult': 3.403639025307442, 'g_gpe_gpi_mult': 0.8791132018371837}. Best is trial 98 with value: 0.5979484317983877.
[I 2026-05-28 02:03:36,789] Trial 443 finished with value: 1.568757901691881 and parameters: {'ISTN': 66.68430178418521, 'I_gpe': 0.8105406208140651, 'I_gpi': 3.392740445543136, 'noise_stn_sigma': 4.951308848283976, 'noise_gpe_sigma': 92.92174094915909, 'noise_gpi_sigma': 86.72617120517639, 'g_stn_gpe_mult': 1.8388411564424372, 'g_gpe_stn_mult': 0.22682919991367625, 'g_stn_gpi_mult': 3.2694405675092124, 'g_gpe_gpi_mult': 0.9465479131090102}. Best is trial 98 with value: 0.5979484317983877.
[I 2026-05-28 02:03:37,797] Trial 444 finished with value: 1.3835517864191866 and parameters: {'ISTN': 65.87513441258193, 'I_gpe': 0.8217894772273993, 'I_gpi': 3.3515289164066813, 'noise_stn_sigma': 5.052908911482454, 'noise_gpe_sigma': 83.94301061277642, 'noise_gpi_sigma': 91.90164344828183, 'g_stn_gpe_mult': 1.8644110328171477, 'g_gpe_stn_mult': 0.2412338892280943, 'g_stn_gpi_mult': 3.504216229672959, 'g_gpe_gpi_mult': 0.9035851382545608}. Best is trial 98 with value: 0.5979484317983877.
[I 2026-05-28 02:03:38,806] Trial 445 finished with value: 25.73458641113092 and parameters: {'ISTN': 72.91486769899123, 'I_gpe': 0.8733446208469846, 'I_gpi': 3.380491414294996, 'noise_stn_sigma': 5.030640727361526, 'noise_gpe_sigma': 93.02829209453164, 'noise_gpi_sigma': 89.07915738541624, 'g_stn_gpe_mult': 1.7508941906285607, 'g_gpe_stn_mult': 0.22945148835481868, 'g_stn_gpi_mult': 3.414206539407172, 'g_gpe_gpi_mult': 0.8795205265532704}. Best is trial 98 with value: 0.5979484317983877.
[I 2026-05-28 02:03:39,812] Trial 446 finished with value: 12.81669524055963 and parameters: {'ISTN': 62.24796252907999, 'I_gpe': 0.7839010831424026, 'I_gpi': 3.311420861646989, 'noise_stn_sigma': 5.1496815834066645, 'noise_gpe_sigma': 87.08413168304341, 'noise_gpi_sigma': 88.42995617465186, 'g_stn_gpe_mult': 1.7695810684059463, 'g_gpe_stn_mult': 0.2260621832326339, 'g_stn_gpi_mult': 3.4374002090771643, 'g_gpe_gpi_mult': 0.8765265452531057}. Best is trial 98 with value: 0.5979484317983877.
[I 2026-05-28 02:03:40,759] Trial 447 finished with value: 1000000.0 and parameters: {'ISTN': 66.44591642117203, 'I_gpe': 0.7377612165949892, 'I_gpi': 3.2128497846771267, 'noise_stn_sigma': 5.386183376630181, 'noise_gpe_sigma': 89.99552690258878, 'noise_gpi_sigma': 91.5482102576796, 'g_stn_gpe_mult': 1.8380632042396023, 'g_gpe_stn_mult': 0.2250669759414248, 'g_stn_gpi_mult': 3.429519723288024, 'g_gpe_gpi_mult': 0.8649888289550329}. Best is trial 98 with value: 0.5979484317983877.
[I 2026-05-28 02:03:41,764] Trial 448 finished with value: 3.0411846991884213 and parameters: {'ISTN': 72.26110783154571, 'I_gpe': 0.8393634241556474, 'I_gpi': 3.3779033233956404, 'noise_stn_sigma': 5.1454456077532855, 'noise_gpe_sigma': 90.15619894082518, 'noise_gpi_sigma': 93.36440611588965, 'g_stn_gpe_mult': 1.7353018979054369, 'g_gpe_stn_mult': 0.2623122651854226, 'g_stn_gpi_mult': 3.4049156479783225, 'g_gpe_gpi_mult': 0.8880909167828506}. Best is trial 98 with value: 0.5979484317983877.
[I 2026-05-28 02:03:42,772] Trial 449 finished with value: 29.746820016784625 and parameters: {'ISTN': 65.20173682915883, 'I_gpe': 0.7448780881904289, 'I_gpi': 3.525754213694876, 'noise_stn_sigma': 5.1459772039327145, 'noise_gpe_sigma': 92.7921849366588, 'noise_gpi_sigma': 91.47298107515068, 'g_stn_gpe_mult': 1.66454965658303, 'g_gpe_stn_mult': 0.2214192055236912, 'g_stn_gpi_mult': 3.447996842475323, 'g_gpe_gpi_mult': 0.9003552961742245}. Best is trial 98 with value: 0.5979484317983877.
[I 2026-05-28 02:03:43,782] Trial 450 finished with value: 15.598521417578867 and parameters: {'ISTN': 65.08332747965929, 'I_gpe': 0.7291268039114891, 'I_gpi': 3.31018725686773, 'noise_stn_sigma': 5.220327229178588, 'noise_gpe_sigma': 88.64711481182755, 'noise_gpi_sigma': 96.35043393727996, 'g_stn_gpe_mult': 1.7884367968053434, 'g_gpe_stn_mult': 0.25744631830840503, 'g_stn_gpi_mult': 3.561842395194632, 'g_gpe_gpi_mult': 0.8752715549405834}. Best is trial 98 with value: 0.5979484317983877.
[I 2026-05-28 02:03:44,794] Trial 451 finished with value: 5.45506011334925 and parameters: {'ISTN': 66.7930562844337, 'I_gpe': 0.8769003527546106, 'I_gpi': 3.2528425792213773, 'noise_stn_sigma': 4.7984997743411855, 'noise_gpe_sigma': 90.95190725340673, 'noise_gpi_sigma': 91.16076171080513, 'g_stn_gpe_mult': 1.8943297718654861, 'g_gpe_stn_mult': 0.2548728223280069, 'g_stn_gpi_mult': 3.536486944844844, 'g_gpe_gpi_mult': 0.8891700179358866}. Best is trial 98 with value: 0.5979484317983877.
[I 2026-05-28 02:03:45,800] Trial 452 finished with value: 13.124004137447717 and parameters: {'ISTN': 66.29788715875272, 'I_gpe': 0.7170301731659732, 'I_gpi': 3.402117753144329, 'noise_stn_sigma': 5.103623652158885, 'noise_gpe_sigma': 86.38298541610536, 'noise_gpi_sigma': 86.73971415061251, 'g_stn_gpe_mult': 1.8788438210909826, 'g_gpe_stn_mult': 0.23624707318525368, 'g_stn_gpi_mult': 3.459979386288034, 'g_gpe_gpi_mult': 0.9049399673529421}. Best is trial 98 with value: 0.5979484317983877.
[I 2026-05-28 02:03:46,807] Trial 453 finished with value: 5.098030159790115 and parameters: {'ISTN': 67.40933806268743, 'I_gpe': 0.7789812586647437, 'I_gpi': 3.3743757017647167, 'noise_stn_sigma': 4.6506261890105485, 'noise_gpe_sigma': 89.5114555856573, 'noise_gpi_sigma': 89.3660824704258, 'g_stn_gpe_mult': 1.8957421867758055, 'g_gpe_stn_mult': 0.23912202090003679, 'g_stn_gpi_mult': 3.2881148497669748, 'g_gpe_gpi_mult': 0.8961798718480529}. Best is trial 98 with value: 0.5979484317983877.
[I 2026-05-28 02:03:47,815] Trial 454 finished with value: 28.347769306053628 and parameters: {'ISTN': 68.87491534751793, 'I_gpe': 0.8417821769069638, 'I_gpi': 3.187387303756858, 'noise_stn_sigma': 5.300823109642176, 'noise_gpe_sigma': 83.60059871768102, 'noise_gpi_sigma': 89.53766470486995, 'g_stn_gpe_mult': 1.8511252832074956, 'g_gpe_stn_mult': 0.2677045551513417, 'g_stn_gpi_mult': 3.358547254077145, 'g_gpe_gpi_mult': 0.871296795963663}. Best is trial 98 with value: 0.5979484317983877.
[I 2026-05-28 02:03:48,826] Trial 455 finished with value: 13.048529758426248 and parameters: {'ISTN': 69.08455639008717, 'I_gpe': 0.7993852632328996, 'I_gpi': 3.2439559852681343, 'noise_stn_sigma': 4.76180204044502, 'noise_gpe_sigma': 89.91662543484755, 'noise_gpi_sigma': 87.83198600423133, 'g_stn_gpe_mult': 1.781456099865681, 'g_gpe_stn_mult': 0.22399795341832757, 'g_stn_gpi_mult': 3.37314179598094, 'g_gpe_gpi_mult': 0.9089535410841176}. Best is trial 98 with value: 0.5979484317983877.
[I 2026-05-28 02:03:49,833] Trial 456 finished with value: 1.1854639794648711 and parameters: {'ISTN': 64.8946376901228, 'I_gpe': 0.8840871784038189, 'I_gpi': 3.2267250519931094, 'noise_stn_sigma': 5.226924544829763, 'noise_gpe_sigma': 88.46280204245913, 'noise_gpi_sigma': 93.3922832160851, 'g_stn_gpe_mult': 1.8240622482914408, 'g_gpe_stn_mult': 0.2655219932859961, 'g_stn_gpi_mult': 3.404875028648185, 'g_gpe_gpi_mult': 0.8735952212448945}. Best is trial 98 with value: 0.5979484317983877.
[I 2026-05-28 02:03:50,839] Trial 457 finished with value: 1.4333314546630995 and parameters: {'ISTN': 64.51339071938988, 'I_gpe': 0.8278500509657498, 'I_gpi': 3.4424615972435273, 'noise_stn_sigma': 5.472570600655188, 'noise_gpe_sigma': 90.06807005810244, 'noise_gpi_sigma': 90.42004237818219, 'g_stn_gpe_mult': 1.9219176960615814, 'g_gpe_stn_mult': 0.2633362074877071, 'g_stn_gpi_mult': 3.4414654012160866, 'g_gpe_gpi_mult': 0.8738182984719263}. Best is trial 98 with value: 0.5979484317983877.
[I 2026-05-28 02:03:51,844] Trial 458 finished with value: 1.4662227467918696 and parameters: {'ISTN': 66.53906037513097, 'I_gpe': 0.8088173628644537, 'I_gpi': 3.362683795707036, 'noise_stn_sigma': 5.2011717941867746, 'noise_gpe_sigma': 96.41676879231224, 'noise_gpi_sigma': 86.24504974827079, 'g_stn_gpe_mult': 1.8369238718856544, 'g_gpe_stn_mult': 0.2511049803690574, 'g_stn_gpi_mult': 3.415924819306037, 'g_gpe_gpi_mult': 0.9118948795221893}. Best is trial 98 with value: 0.5979484317983877.
[I 2026-05-28 02:03:52,849] Trial 459 finished with value: 35.03525861878071 and parameters: {'ISTN': 69.72914597730149, 'I_gpe': 0.9735178002743516, 'I_gpi': 3.400763880018311, 'noise_stn_sigma': 5.01466062657652, 'noise_gpe_sigma': 90.78905004329619, 'noise_gpi_sigma': 89.84252828114089, 'g_stn_gpe_mult': 1.8607462604676348, 'g_gpe_stn_mult': 0.26624875504199885, 'g_stn_gpi_mult': 3.191897194265538, 'g_gpe_gpi_mult': 0.8934100264081359}. Best is trial 98 with value: 0.5979484317983877.
[I 2026-05-28 02:03:53,855] Trial 460 finished with value: 11.352152221804882 and parameters: {'ISTN': 65.11618349010118, 'I_gpe': 0.8406722516525603, 'I_gpi': 3.347419646110824, 'noise_stn_sigma': 5.152321572067491, 'noise_gpe_sigma': 90.78838637032902, 'noise_gpi_sigma': 90.11994214677968, 'g_stn_gpe_mult': 1.8443234521693341, 'g_gpe_stn_mult': 0.22312305030245352, 'g_stn_gpi_mult': 3.4120964240727814, 'g_gpe_gpi_mult': 0.8901355086391538}. Best is trial 98 with value: 0.5979484317983877.
[I 2026-05-28 02:03:54,862] Trial 461 finished with value: 19.150660724433887 and parameters: {'ISTN': 61.995997250918194, 'I_gpe': 0.7734729501044353, 'I_gpi': 3.3031567451556327, 'noise_stn_sigma': 5.238431164074982, 'noise_gpe_sigma': 89.14785675574821, 'noise_gpi_sigma': 91.67328223490868, 'g_stn_gpe_mult': 1.8754290961314004, 'g_gpe_stn_mult': 0.2461306801695467, 'g_stn_gpi_mult': 3.4542559722182986, 'g_gpe_gpi_mult': 0.9033540984011628}. Best is trial 98 with value: 0.5979484317983877.
[I 2026-05-28 02:03:55,866] Trial 462 finished with value: 6.352361478013311 and parameters: {'ISTN': 63.91522112380666, 'I_gpe': 0.8022537063916, 'I_gpi': 3.3507059361832527, 'noise_stn_sigma': 5.16114045705182, 'noise_gpe_sigma': 92.90760979977628, 'noise_gpi_sigma': 92.53794234386821, 'g_stn_gpe_mult': 1.9425460277207132, 'g_gpe_stn_mult': 0.24718651546331008, 'g_stn_gpi_mult': 3.492822520293706, 'g_gpe_gpi_mult': 0.8779415960824277}. Best is trial 98 with value: 0.5979484317983877.
[I 2026-05-28 02:03:56,871] Trial 463 finished with value: 9.331604090204912 and parameters: {'ISTN': 61.988811414181384, 'I_gpe': 0.7636107955081571, 'I_gpi': 3.358383415918678, 'noise_stn_sigma': 5.196038594780505, 'noise_gpe_sigma': 92.5640133655161, 'noise_gpi_sigma': 85.29927179470751, 'g_stn_gpe_mult': 1.8896207404138183, 'g_gpe_stn_mult': 0.2536679707308577, 'g_stn_gpi_mult': 3.425372880375048, 'g_gpe_gpi_mult': 0.8755711658244871}. Best is trial 98 with value: 0.5979484317983877.
[I 2026-05-28 02:03:57,878] Trial 464 finished with value: 12.591920215107768 and parameters: {'ISTN': 62.95933915299133, 'I_gpe': 0.8294955517687053, 'I_gpi': 3.1959697415824793, 'noise_stn_sigma': 5.368521172727412, 'noise_gpe_sigma': 88.71491822433129, 'noise_gpi_sigma': 91.74525763553841, 'g_stn_gpe_mult': 1.9738784652404144, 'g_gpe_stn_mult': 0.25460917400224814, 'g_stn_gpi_mult': 3.523177066157507, 'g_gpe_gpi_mult': 0.8719158967332998}. Best is trial 98 with value: 0.5979484317983877.
[I 2026-05-28 02:03:58,883] Trial 465 finished with value: 13.32354131881804 and parameters: {'ISTN': 63.210623880060616, 'I_gpe': 0.8317001468260793, 'I_gpi': 3.336853198649042, 'noise_stn_sigma': 5.272583995848794, 'noise_gpe_sigma': 89.71247877954434, 'noise_gpi_sigma': 93.46375417103184, 'g_stn_gpe_mult': 1.9253915958093775, 'g_gpe_stn_mult': 0.2377655339401132, 'g_stn_gpi_mult': 3.436649042944519, 'g_gpe_gpi_mult': 0.8616120408222836}. Best is trial 98 with value: 0.5979484317983877.
[I 2026-05-28 02:03:59,889] Trial 466 finished with value: 3.7060194936968225 and parameters: {'ISTN': 62.17501461337779, 'I_gpe': 0.7992773746626342, 'I_gpi': 3.366685608165464, 'noise_stn_sigma': 4.9794738730522194, 'noise_gpe_sigma': 94.4383338173939, 'noise_gpi_sigma': 88.57631576160296, 'g_stn_gpe_mult': 1.7967730783800986, 'g_gpe_stn_mult': 0.22550047425445308, 'g_stn_gpi_mult': 3.42851953511153, 'g_gpe_gpi_mult': 0.9013688395825923}. Best is trial 98 with value: 0.5979484317983877.
[I 2026-05-28 02:04:00,898] Trial 467 finished with value: 17.45561125013321 and parameters: {'ISTN': 67.79692195519522, 'I_gpe': 0.905385252592456, 'I_gpi': 3.2361202517888836, 'noise_stn_sigma': 5.670904845123182, 'noise_gpe_sigma': 85.60491694859837, 'noise_gpi_sigma': 91.9099671374324, 'g_stn_gpe_mult': 1.855667008876145, 'g_gpe_stn_mult': 0.2606612765955546, 'g_stn_gpi_mult': 3.3469144174163774, 'g_gpe_gpi_mult': 0.9084507120985581}. Best is trial 98 with value: 0.5979484317983877.
[I 2026-05-28 02:04:01,903] Trial 468 finished with value: 29.005875110653463 and parameters: {'ISTN': 68.50873829336432, 'I_gpe': 0.7775932199570781, 'I_gpi': 3.308209793563903, 'noise_stn_sigma': 5.425933819788294, 'noise_gpe_sigma': 92.35205720975969, 'noise_gpi_sigma': 90.33613144222066, 'g_stn_gpe_mult': 1.907288156196075, 'g_gpe_stn_mult': 0.26892545448871197, 'g_stn_gpi_mult': 3.447865264747408, 'g_gpe_gpi_mult': 0.8836629749912486}. Best is trial 98 with value: 0.5979484317983877.
[I 2026-05-28 02:04:02,910] Trial 469 finished with value: 3.4187325841008906 and parameters: {'ISTN': 65.00368384194829, 'I_gpe': 0.7829283560424716, 'I_gpi': 3.3310697435537002, 'noise_stn_sigma': 5.349187337841435, 'noise_gpe_sigma': 89.59808454433826, 'noise_gpi_sigma': 90.65216247983193, 'g_stn_gpe_mult': 1.8913193170174112, 'g_gpe_stn_mult': 0.258099781072594, 'g_stn_gpi_mult': 3.376670641958908, 'g_gpe_gpi_mult': 0.9070470991895629}. Best is trial 98 with value: 0.5979484317983877.
[I 2026-05-28 02:04:03,916] Trial 470 finished with value: 26.75390585951277 and parameters: {'ISTN': 68.46251762394596, 'I_gpe': 0.8230188547529078, 'I_gpi': 3.2806545684236665, 'noise_stn_sigma': 5.238475290357343, 'noise_gpe_sigma': 89.21388060349841, 'noise_gpi_sigma': 87.26145474026366, 'g_stn_gpe_mult': 1.9044004858477777, 'g_gpe_stn_mult': 0.25369117007683517, 'g_stn_gpi_mult': 3.4336228008408702, 'g_gpe_gpi_mult': 0.8946309632988356}. Best is trial 98 with value: 0.5979484317983877.
[I 2026-05-28 02:04:04,922] Trial 471 finished with value: 16.709579964079715 and parameters: {'ISTN': 67.51095543843472, 'I_gpe': 0.7288554283841734, 'I_gpi': 3.2474819034112072, 'noise_stn_sigma': 5.2003946821369045, 'noise_gpe_sigma': 92.12952654118867, 'noise_gpi_sigma': 86.91165463405767, 'g_stn_gpe_mult': 1.804460111074712, 'g_gpe_stn_mult': 0.25174617710682445, 'g_stn_gpi_mult': 3.4715762193952187, 'g_gpe_gpi_mult': 0.9107918652063021}. Best is trial 98 with value: 0.5979484317983877.
[I 2026-05-28 02:04:05,930] Trial 472 finished with value: 13.53916658343449 and parameters: {'ISTN': 62.3184249805341, 'I_gpe': 0.769756909581419, 'I_gpi': 3.3357443186737443, 'noise_stn_sigma': 5.15581676513418, 'noise_gpe_sigma': 94.27229608240123, 'noise_gpi_sigma': 89.16821885173503, 'g_stn_gpe_mult': 1.7791459488686396, 'g_gpe_stn_mult': 0.2460037239767272, 'g_stn_gpi_mult': 3.569914734412917, 'g_gpe_gpi_mult': 0.895357318914964}. Best is trial 98 with value: 0.5979484317983877.
[I 2026-05-28 02:04:06,938] Trial 473 finished with value: 9.811202453447857 and parameters: {'ISTN': 63.357061405674536, 'I_gpe': 0.7919653624637444, 'I_gpi': 3.2892670318110135, 'noise_stn_sigma': 5.453004372282834, 'noise_gpe_sigma': 92.12101909221602, 'noise_gpi_sigma': 90.62980724544114, 'g_stn_gpe_mult': 2.0449544284911383, 'g_gpe_stn_mult': 0.24408887587097233, 'g_stn_gpi_mult': 3.277700816469596, 'g_gpe_gpi_mult': 0.8942155547863513}. Best is trial 98 with value: 0.5979484317983877.
[I 2026-05-28 02:04:07,947] Trial 474 finished with value: 34.675515756134935 and parameters: {'ISTN': 65.62367986508414, 'I_gpe': 0.6566347264214675, 'I_gpi': 3.2941949963405808, 'noise_stn_sigma': 4.953117809208373, 'noise_gpe_sigma': 85.16502259317856, 'noise_gpi_sigma': 91.53037039279143, 'g_stn_gpe_mult': 1.7720753685395438, 'g_gpe_stn_mult': 0.2524056938059706, 'g_stn_gpi_mult': 3.538482397539545, 'g_gpe_gpi_mult': 0.9140483099095174}. Best is trial 98 with value: 0.5979484317983877.
[I 2026-05-28 02:04:08,956] Trial 475 finished with value: 14.68285698366208 and parameters: {'ISTN': 61.98819651160229, 'I_gpe': 0.8307744449675876, 'I_gpi': 3.355731637194358, 'noise_stn_sigma': 5.584168615171818, 'noise_gpe_sigma': 85.65444138179417, 'noise_gpi_sigma': 88.68070585575396, 'g_stn_gpe_mult': 1.9663147234545142, 'g_gpe_stn_mult': 0.258848372444288, 'g_stn_gpi_mult': 3.3983727761339115, 'g_gpe_gpi_mult': 0.8922633499668895}. Best is trial 98 with value: 0.5979484317983877.
[I 2026-05-28 02:04:09,963] Trial 476 finished with value: 23.206057357824253 and parameters: {'ISTN': 63.47496502239616, 'I_gpe': 0.7515120778582902, 'I_gpi': 3.3634960033755936, 'noise_stn_sigma': 5.058460361533797, 'noise_gpe_sigma': 87.00803567944541, 'noise_gpi_sigma': 85.07840606904983, 'g_stn_gpe_mult': 1.8871148921792313, 'g_gpe_stn_mult': 0.25781436130092616, 'g_stn_gpi_mult': 3.4374918576829248, 'g_gpe_gpi_mult': 0.9175823244480752}. Best is trial 98 with value: 0.5979484317983877.
[I 2026-05-28 02:04:10,971] Trial 477 finished with value: 18.162330624947995 and parameters: {'ISTN': 61.620001437442276, 'I_gpe': 0.7597540248097112, 'I_gpi': 3.2510190118665103, 'noise_stn_sigma': 5.137765143441388, 'noise_gpe_sigma': 90.57850265652401, 'noise_gpi_sigma': 90.70015222768346, 'g_stn_gpe_mult': 1.9017894612333293, 'g_gpe_stn_mult': 0.2545442219793078, 'g_stn_gpi_mult': 3.4058536871807665, 'g_gpe_gpi_mult': 0.9020829600773306}. Best is trial 98 with value: 0.5979484317983877.
[I 2026-05-28 02:04:11,979] Trial 478 finished with value: 5.100139194154403 and parameters: {'ISTN': 64.36940305881453, 'I_gpe': 0.7668826293103475, 'I_gpi': 3.4291413708727685, 'noise_stn_sigma': 5.407954416544908, 'noise_gpe_sigma': 91.09852504325876, 'noise_gpi_sigma': 89.12201003320084, 'g_stn_gpe_mult': 1.8762439896947232, 'g_gpe_stn_mult': 0.24590056991729503, 'g_stn_gpi_mult': 3.4142962202165936, 'g_gpe_gpi_mult': 0.9155041163667481}. Best is trial 98 with value: 0.5979484317983877.
[I 2026-05-28 02:04:12,984] Trial 479 finished with value: 2.5640276594365528 and parameters: {'ISTN': 60.78297642804314, 'I_gpe': 0.8140650742100543, 'I_gpi': 3.360666734801981, 'noise_stn_sigma': 5.066484881252144, 'noise_gpe_sigma': 93.81909222775548, 'noise_gpi_sigma': 91.86797569769242, 'g_stn_gpe_mult': 1.8120898582146707, 'g_gpe_stn_mult': 0.22708350562336527, 'g_stn_gpi_mult': 3.421276206989254, 'g_gpe_gpi_mult': 0.8916336452780425}. Best is trial 98 with value: 0.5979484317983877.
[I 2026-05-28 02:04:13,992] Trial 480 finished with value: 2.274393841334547 and parameters: {'ISTN': 64.4639693854761, 'I_gpe': 0.8518709885337585, 'I_gpi': 3.3496205229607896, 'noise_stn_sigma': 5.150361552484355, 'noise_gpe_sigma': 88.96622746259541, 'noise_gpi_sigma': 89.29006013322925, 'g_stn_gpe_mult': 1.9513270436287393, 'g_gpe_stn_mult': 0.24624978509628256, 'g_stn_gpi_mult': 3.360074182955896, 'g_gpe_gpi_mult': 0.8994500923768727}. Best is trial 98 with value: 0.5979484317983877.
[I 2026-05-28 02:04:15,003] Trial 481 finished with value: 2.3191741401617474 and parameters: {'ISTN': 61.81706212432977, 'I_gpe': 0.7756124402444253, 'I_gpi': 3.4125454966061093, 'noise_stn_sigma': 5.449986410171643, 'noise_gpe_sigma': 87.72571058221205, 'noise_gpi_sigma': 88.31691977733169, 'g_stn_gpe_mult': 1.826917704372979, 'g_gpe_stn_mult': 0.219893570625388, 'g_stn_gpi_mult': 3.4294511562692302, 'g_gpe_gpi_mult': 0.9079884323612186}. Best is trial 98 with value: 0.5979484317983877.
[I 2026-05-28 02:04:16,009] Trial 482 finished with value: 17.822528870751874 and parameters: {'ISTN': 62.53103762562639, 'I_gpe': 0.7761625135454022, 'I_gpi': 3.32470714594785, 'noise_stn_sigma': 5.249861851682561, 'noise_gpe_sigma': 90.49926852833735, 'noise_gpi_sigma': 89.67279613976551, 'g_stn_gpe_mult': 1.8731499158523246, 'g_gpe_stn_mult': 0.25210636769019856, 'g_stn_gpi_mult': 3.469303602586621, 'g_gpe_gpi_mult': 0.8892421715404322}. Best is trial 98 with value: 0.5979484317983877.
[I 2026-05-28 02:04:17,017] Trial 483 finished with value: 6.630763217492284 and parameters: {'ISTN': 62.770688802298565, 'I_gpe': 0.8041555543722565, 'I_gpi': 3.431913368856631, 'noise_stn_sigma': 4.922228008774836, 'noise_gpe_sigma': 91.3276909002063, 'noise_gpi_sigma': 88.3418786799503, 'g_stn_gpe_mult': 1.9460186437862146, 'g_gpe_stn_mult': 0.2378016061458662, 'g_stn_gpi_mult': 3.2898138583603025, 'g_gpe_gpi_mult': 0.9109066521760991}. Best is trial 98 with value: 0.5979484317983877.
