[I 2026-05-28 01:29:37,434] Trial 440 finished with value: 0.17508916104804273 and parameters: {'ISTN': 60.75087059446707, 'I_gpe': 1.1465090047228825, 'I_gpi': 1.9755665948241117, 'noise_stn_sigma': 2.5636158461774503, 'noise_gpe_sigma': 82.60139696545984, 'noise_gpi_sigma': 91.68124521865148, 'g_stn_gpe_mult': 2.7050941716290113, 'g_gpe_stn_mult': 0.1662271564202797, 'g_stn_gpi_mult': 1.6404458756397708, 'g_gpe_gpi_mult': 0.7152999656868357}. Best is trial 430 with value: 0.14097012504299053.
[I 2026-05-28 01:29:38,441] Trial 441 finished with value: 0.668985926518403 and parameters: {'ISTN': 62.16167917255523, 'I_gpe': 1.2856985251863384, 'I_gpi': 1.8422369397058969, 'noise_stn_sigma': 2.566934087337227, 'noise_gpe_sigma': 71.44348599923116, 'noise_gpi_sigma': 89.52192386217492, 'g_stn_gpe_mult': 2.980881937636064, 'g_gpe_stn_mult': 0.13551991720400194, 'g_stn_gpi_mult': 1.7210793746924722, 'g_gpe_gpi_mult': 0.7216114117407693}. Best is trial 430 with value: 0.14097012504299053.
[I 2026-05-28 01:29:39,450] Trial 442 finished with value: 0.1454226454666089 and parameters: {'ISTN': 60.07015385486533, 'I_gpe': 1.179166273596684, 'I_gpi': 2.049023731844717, 'noise_stn_sigma': 2.5389200135005945, 'noise_gpe_sigma': 94.51468699845138, 'noise_gpi_sigma': 97.72413402829733, 'g_stn_gpe_mult': 2.747526590653183, 'g_gpe_stn_mult': 0.17526449040500103, 'g_stn_gpi_mult': 1.7467361254105163, 'g_gpe_gpi_mult': 0.7691389853290169}. Best is trial 430 with value: 0.14097012504299053.
[I 2026-05-28 01:29:40,455] Trial 443 finished with value: 3.1609430554198803 and parameters: {'ISTN': 64.71375068587743, 'I_gpe': 1.216403137850396, 'I_gpi': 2.1055253100826885, 'noise_stn_sigma': 3.1344516039770545, 'noise_gpe_sigma': 89.20846071427627, 'noise_gpi_sigma': 98.29701992702928, 'g_stn_gpe_mult': 2.3665242161858244, 'g_gpe_stn_mult': 0.207013416506515, 'g_stn_gpi_mult': 2.039597234745647, 'g_gpe_gpi_mult': 0.6965715088287641}. Best is trial 430 with value: 0.14097012504299053.
[I 2026-05-28 01:29:41,461] Trial 444 finished with value: 0.21490195931864484 and parameters: {'ISTN': 60.691093840519905, 'I_gpe': 1.4511183840687274, 'I_gpi': 1.8948578030030871, 'noise_stn_sigma': 1.989481720846437, 'noise_gpe_sigma': 90.28796444779832, 'noise_gpi_sigma': 103.65046868343076, 'g_stn_gpe_mult': 2.5351457779837174, 'g_gpe_stn_mult': 0.1942100522639422, 'g_stn_gpi_mult': 1.7019945650899746, 'g_gpe_gpi_mult': 0.7176768235877751}. Best is trial 430 with value: 0.14097012504299053.
[I 2026-05-28 01:29:42,467] Trial 445 finished with value: 0.1892571154506459 and parameters: {'ISTN': 63.73987935654345, 'I_gpe': 1.2102343791694987, 'I_gpi': 2.109906023154612, 'noise_stn_sigma': 2.613875247442386, 'noise_gpe_sigma': 80.82236715885234, 'noise_gpi_sigma': 90.78126792767985, 'g_stn_gpe_mult': 2.748493161408067, 'g_gpe_stn_mult': 0.17905221992772777, 'g_stn_gpi_mult': 1.7474789942436413, 'g_gpe_gpi_mult': 0.7720609222468164}. Best is trial 430 with value: 0.14097012504299053.
[I 2026-05-28 01:29:43,474] Trial 446 finished with value: 0.22781023798838032 and parameters: {'ISTN': 60.69463783549769, 'I_gpe': 1.2490186886107728, 'I_gpi': 1.7549054678731348, 'noise_stn_sigma': 3.1989844173672246, 'noise_gpe_sigma': 79.14881815883265, 'noise_gpi_sigma': 88.30178318675414, 'g_stn_gpe_mult': 3.0057077856861625, 'g_gpe_stn_mult': 0.15141134866691355, 'g_stn_gpi_mult': 1.7051185907331625, 'g_gpe_gpi_mult': 0.7066484025056872}. Best is trial 430 with value: 0.14097012504299053.
[I 2026-05-28 01:29:44,480] Trial 447 finished with value: 1.5688282043356445 and parameters: {'ISTN': 60.527553085493736, 'I_gpe': 1.0920824287571862, 'I_gpi': 1.9308965009088426, 'noise_stn_sigma': 2.427543429355957, 'noise_gpe_sigma': 80.17987826703248, 'noise_gpi_sigma': 105.7968415864054, 'g_stn_gpe_mult': 2.6832473798375474, 'g_gpe_stn_mult': 0.14580959491142154, 'g_stn_gpi_mult': 1.6838137505995292, 'g_gpe_gpi_mult': 0.7772058329288447}. Best is trial 430 with value: 0.14097012504299053.
[I 2026-05-28 01:29:45,484] Trial 448 finished with value: 0.22743042821857468 and parameters: {'ISTN': 61.73974661060329, 'I_gpe': 1.196854419197189, 'I_gpi': 1.8186285459860057, 'noise_stn_sigma': 2.45037214085922, 'noise_gpe_sigma': 82.8929946417613, 'noise_gpi_sigma': 90.0983999595606, 'g_stn_gpe_mult': 2.220751330651497, 'g_gpe_stn_mult': 0.16845705915906814, 'g_stn_gpi_mult': 1.5601700193928245, 'g_gpe_gpi_mult': 0.7306658007197855}. Best is trial 430 with value: 0.14097012504299053.
[I 2026-05-28 01:29:46,490] Trial 449 finished with value: 0.19193422243715352 and parameters: {'ISTN': 62.392930652771234, 'I_gpe': 1.1608370898700628, 'I_gpi': 2.2610882818301605, 'noise_stn_sigma': 2.6248722869655, 'noise_gpe_sigma': 79.17010856405999, 'noise_gpi_sigma': 108.90385801709267, 'g_stn_gpe_mult': 2.2692803494803613, 'g_gpe_stn_mult': 0.19191571316044667, 'g_stn_gpi_mult': 1.600259531257298, 'g_gpe_gpi_mult': 0.6718009112428686}. Best is trial 430 with value: 0.14097012504299053.
[I 2026-05-28 01:29:47,494] Trial 450 finished with value: 0.2528245231992726 and parameters: {'ISTN': 63.61265013335382, 'I_gpe': 1.302772087441061, 'I_gpi': 1.8986253396512116, 'noise_stn_sigma': 2.0916835178518376, 'noise_gpe_sigma': 83.49904544891024, 'noise_gpi_sigma': 107.58828202720711, 'g_stn_gpe_mult': 2.5493390558318088, 'g_gpe_stn_mult': 0.18912968319886717, 'g_stn_gpi_mult': 1.3617555420995546, 'g_gpe_gpi_mult': 0.7652821427369969}. Best is trial 430 with value: 0.14097012504299053.
[I 2026-05-28 01:29:48,500] Trial 451 finished with value: 0.22774269468630742 and parameters: {'ISTN': 61.38681576965773, 'I_gpe': 1.2288938159361313, 'I_gpi': 1.8506409308350817, 'noise_stn_sigma': 3.0407739773085645, 'noise_gpe_sigma': 93.40130538936249, 'noise_gpi_sigma': 97.6243141426647, 'g_stn_gpe_mult': 2.7392131347001896, 'g_gpe_stn_mult': 0.22595384225941406, 'g_stn_gpi_mult': 1.753190616202005, 'g_gpe_gpi_mult': 0.7462674447530195}. Best is trial 430 with value: 0.14097012504299053.
[I 2026-05-28 01:29:49,504] Trial 452 finished with value: 0.6856615583919318 and parameters: {'ISTN': 61.11086510894978, 'I_gpe': 1.0146895648643293, 'I_gpi': 1.996537339368377, 'noise_stn_sigma': 2.590342429221736, 'noise_gpe_sigma': 86.33908244231141, 'noise_gpi_sigma': 97.35018938700482, 'g_stn_gpe_mult': 2.748135445023612, 'g_gpe_stn_mult': 0.14449949863020137, 'g_stn_gpi_mult': 1.7532558335691042, 'g_gpe_gpi_mult': 0.7734459796238857}. Best is trial 430 with value: 0.14097012504299053.
[I 2026-05-28 01:29:50,509] Trial 453 finished with value: 0.18473283165315496 and parameters: {'ISTN': 62.08261002211173, 'I_gpe': 1.3190692634191485, 'I_gpi': 2.0574183038171507, 'noise_stn_sigma': 2.902422397514651, 'noise_gpe_sigma': 85.64147310501932, 'noise_gpi_sigma': 89.95862874032227, 'g_stn_gpe_mult': 2.720656354745472, 'g_gpe_stn_mult': 0.2055627072069618, 'g_stn_gpi_mult': 1.77611210574906, 'g_gpe_gpi_mult': 0.7810038385574911}. Best is trial 430 with value: 0.14097012504299053.
[I 2026-05-28 01:29:51,513] Trial 454 finished with value: 0.15903983382044687 and parameters: {'ISTN': 61.008418280322594, 'I_gpe': 1.2249372373256469, 'I_gpi': 2.2637715772663416, 'noise_stn_sigma': 2.983339522844089, 'noise_gpe_sigma': 79.44319837138941, 'noise_gpi_sigma': 93.74957674277208, 'g_stn_gpe_mult': 2.693598721700101, 'g_gpe_stn_mult': 0.15145310358209002, 'g_stn_gpi_mult': 2.0124369747893507, 'g_gpe_gpi_mult': 0.731074888696049}. Best is trial 430 with value: 0.14097012504299053.
[I 2026-05-28 01:29:52,519] Trial 455 finished with value: 0.4445155350267876 and parameters: {'ISTN': 60.42761283599742, 'I_gpe': 1.1648772409358563, 'I_gpi': 1.8219787825550258, 'noise_stn_sigma': 3.130271983391899, 'noise_gpe_sigma': 79.92350487550505, 'noise_gpi_sigma': 102.97160768073105, 'g_stn_gpe_mult': 2.5401132927823493, 'g_gpe_stn_mult': 0.17429442747591317, 'g_stn_gpi_mult': 1.7897216933041398, 'g_gpe_gpi_mult': 0.7127920666605414}. Best is trial 430 with value: 0.14097012504299053.
[I 2026-05-28 01:29:53,524] Trial 456 finished with value: 0.20740423038591796 and parameters: {'ISTN': 61.826730822801565, 'I_gpe': 1.4458775178655228, 'I_gpi': 2.1685588291283526, 'noise_stn_sigma': 2.495656694395671, 'noise_gpe_sigma': 85.79247216365651, 'noise_gpi_sigma': 96.14161056345492, 'g_stn_gpe_mult': 2.692507858346275, 'g_gpe_stn_mult': 0.22124868198677422, 'g_stn_gpi_mult': 1.707226444896932, 'g_gpe_gpi_mult': 0.8032366291463304}. Best is trial 430 with value: 0.14097012504299053.
[I 2026-05-28 01:29:54,526] Trial 457 finished with value: 0.18496978676653536 and parameters: {'ISTN': 61.16601929590796, 'I_gpe': 1.1682451507731872, 'I_gpi': 2.4226476361658627, 'noise_stn_sigma': 2.2550876945657974, 'noise_gpe_sigma': 92.0857226868533, 'noise_gpi_sigma': 92.65771949030916, 'g_stn_gpe_mult': 2.707545053662593, 'g_gpe_stn_mult': 0.19101721588236742, 'g_stn_gpi_mult': 1.6738810820559893, 'g_gpe_gpi_mult': 0.8011003976806543}. Best is trial 430 with value: 0.14097012504299053.
[I 2026-05-28 01:29:55,529] Trial 458 finished with value: 3.2791064047767295 and parameters: {'ISTN': 65.30795798302323, 'I_gpe': 0.9601798382245119, 'I_gpi': 2.3078374949572913, 'noise_stn_sigma': 2.8608771924177683, 'noise_gpe_sigma': 86.22131568643489, 'noise_gpi_sigma': 98.44037424961672, 'g_stn_gpe_mult': 2.5482308054610705, 'g_gpe_stn_mult': 0.20187524679791913, 'g_stn_gpi_mult': 1.693007221918388, 'g_gpe_gpi_mult': 0.7363423085915106}. Best is trial 430 with value: 0.14097012504299053.
[I 2026-05-28 01:29:56,534] Trial 459 finished with value: 0.1901723227506484 and parameters: {'ISTN': 63.85011872486914, 'I_gpe': 1.2417111192947246, 'I_gpi': 2.312573140271932, 'noise_stn_sigma': 2.576485583641995, 'noise_gpe_sigma': 87.33173078336804, 'noise_gpi_sigma': 93.22449534419104, 'g_stn_gpe_mult': 2.5637084098004603, 'g_gpe_stn_mult': 0.1805942479790545, 'g_stn_gpi_mult': 1.7583930506107006, 'g_gpe_gpi_mult': 0.7317049977651211}. Best is trial 430 with value: 0.14097012504299053.
[I 2026-05-28 01:29:57,536] Trial 460 finished with value: 0.4561324918705004 and parameters: {'ISTN': 61.023951885962255, 'I_gpe': 1.159550583235287, 'I_gpi': 2.082414910322304, 'noise_stn_sigma': 2.5813913359237945, 'noise_gpe_sigma': 85.9142343716686, 'noise_gpi_sigma': 93.22270109995542, 'g_stn_gpe_mult': 2.492767840234163, 'g_gpe_stn_mult': 0.18368373065490534, 'g_stn_gpi_mult': 1.8129466018575902, 'g_gpe_gpi_mult': 0.7571122269075197}. Best is trial 430 with value: 0.14097012504299053.
[I 2026-05-28 01:29:58,540] Trial 461 finished with value: 0.14451126093706912 and parameters: {'ISTN': 60.274515529133595, 'I_gpe': 1.1635443646555912, 'I_gpi': 2.1534705843352624, 'noise_stn_sigma': 2.3740030743340315, 'noise_gpe_sigma': 84.67052532942365, 'noise_gpi_sigma': 88.75802403633813, 'g_stn_gpe_mult': 2.6132284819327607, 'g_gpe_stn_mult': 0.17712770366246772, 'g_stn_gpi_mult': 1.7551551254459035, 'g_gpe_gpi_mult': 0.7654430355039441}. Best is trial 430 with value: 0.14097012504299053.
[I 2026-05-28 01:29:59,544] Trial 462 finished with value: 0.19381968181070872 and parameters: {'ISTN': 61.66716617738532, 'I_gpe': 1.3219891159587904, 'I_gpi': 2.3627379285445187, 'noise_stn_sigma': 2.778577327731081, 'noise_gpe_sigma': 79.81058226843345, 'noise_gpi_sigma': 85.56995630973918, 'g_stn_gpe_mult': 2.5873280798574925, 'g_gpe_stn_mult': 0.19850336183823886, 'g_stn_gpi_mult': 1.8411718289924315, 'g_gpe_gpi_mult': 0.7551442810302684}. Best is trial 430 with value: 0.14097012504299053.
[I 2026-05-28 01:30:00,549] Trial 463 finished with value: 0.20498448967103008 and parameters: {'ISTN': 64.72347444171692, 'I_gpe': 1.1927097860024043, 'I_gpi': 2.2334193214296088, 'noise_stn_sigma': 2.4404547994063366, 'noise_gpe_sigma': 84.03258374640552, 'noise_gpi_sigma': 83.45378337610046, 'g_stn_gpe_mult': 2.741460672182682, 'g_gpe_stn_mult': 0.17468868860813874, 'g_stn_gpi_mult': 1.7454535828998998, 'g_gpe_gpi_mult': 0.7328551933152974}. Best is trial 430 with value: 0.14097012504299053.
[I 2026-05-28 01:30:01,557] Trial 464 finished with value: 1.6623345591982965 and parameters: {'ISTN': 61.23579686674699, 'I_gpe': 1.2046218112370015, 'I_gpi': 2.3559507564557984, 'noise_stn_sigma': 3.2427997812742073, 'noise_gpe_sigma': 80.40373209808658, 'noise_gpi_sigma': 86.60259062554445, 'g_stn_gpe_mult': 2.530919930913096, 'g_gpe_stn_mult': 0.16317802083982852, 'g_stn_gpi_mult': 1.739910936077351, 'g_gpe_gpi_mult': 0.7189771892724719}. Best is trial 430 with value: 0.14097012504299053.
[I 2026-05-28 01:30:02,563] Trial 465 finished with value: 0.19580442527189612 and parameters: {'ISTN': 63.65818094695479, 'I_gpe': 1.2496276679482992, 'I_gpi': 2.2241090733696707, 'noise_stn_sigma': 2.8998103822902634, 'noise_gpe_sigma': 80.63689361752847, 'noise_gpi_sigma': 88.2984639621873, 'g_stn_gpe_mult': 2.4523167009179145, 'g_gpe_stn_mult': 0.18388793064324563, 'g_stn_gpi_mult': 1.88405407790974, 'g_gpe_gpi_mult': 0.7463102659067775}. Best is trial 430 with value: 0.14097012504299053.
[I 2026-05-28 01:30:03,567] Trial 466 finished with value: 0.1496710692066604 and parameters: {'ISTN': 61.03063176515232, 'I_gpe': 1.33895344724041, 'I_gpi': 2.1531162675473223, 'noise_stn_sigma': 2.239632267167212, 'noise_gpe_sigma': 81.81320971053938, 'noise_gpi_sigma': 79.71538579783119, 'g_stn_gpe_mult': 2.6743418592264216, 'g_gpe_stn_mult': 0.16976218929028167, 'g_stn_gpi_mult': 1.9038839257606874, 'g_gpe_gpi_mult': 0.7954476619449791}. Best is trial 430 with value: 0.14097012504299053.
[I 2026-05-28 01:30:04,571] Trial 467 finished with value: 0.19081807394250042 and parameters: {'ISTN': 61.28838504482681, 'I_gpe': 1.130752325382684, 'I_gpi': 1.980470840430652, 'noise_stn_sigma': 2.5922549785011704, 'noise_gpe_sigma': 84.9358560960897, 'noise_gpi_sigma': 89.7412542193392, 'g_stn_gpe_mult': 2.6168706695396686, 'g_gpe_stn_mult': 0.216389887537552, 'g_stn_gpi_mult': 1.8099940008417486, 'g_gpe_gpi_mult': 0.7428914237751143}. Best is trial 430 with value: 0.14097012504299053.
[I 2026-05-28 01:30:05,576] Trial 468 finished with value: 0.21509778254631087 and parameters: {'ISTN': 61.333155832086696, 'I_gpe': 1.2925163025095117, 'I_gpi': 2.5120434257837974, 'noise_stn_sigma': 2.7762529914114387, 'noise_gpe_sigma': 83.80944939914731, 'noise_gpi_sigma': 95.87653806335432, 'g_stn_gpe_mult': 2.761357775273917, 'g_gpe_stn_mult': 0.17305176951208592, 'g_stn_gpi_mult': 1.8811002984695788, 'g_gpe_gpi_mult': 0.7123859133763772}. Best is trial 430 with value: 0.14097012504299053.
[I 2026-05-28 01:30:06,581] Trial 469 finished with value: 0.20025815163132804 and parameters: {'ISTN': 62.02410712357077, 'I_gpe': 1.376427027496817, 'I_gpi': 2.4104201612919547, 'noise_stn_sigma': 2.5494645820876682, 'noise_gpe_sigma': 81.26898720409474, 'noise_gpi_sigma': 96.8557176211303, 'g_stn_gpe_mult': 2.5943118983050786, 'g_gpe_stn_mult': 0.16800308175075174, 'g_stn_gpi_mult': 1.7864950293880955, 'g_gpe_gpi_mult': 0.7320053580836832}. Best is trial 430 with value: 0.14097012504299053.
[I 2026-05-28 01:30:07,584] Trial 470 finished with value: 0.181254989769585 and parameters: {'ISTN': 62.52822975950451, 'I_gpe': 1.3073085818391819, 'I_gpi': 2.3811294165870516, 'noise_stn_sigma': 2.7048963880350194, 'noise_gpe_sigma': 79.30795854194055, 'noise_gpi_sigma': 95.34887696982068, 'g_stn_gpe_mult': 2.8010417184056187, 'g_gpe_stn_mult': 0.1417395817982, 'g_stn_gpi_mult': 1.8183670496024384, 'g_gpe_gpi_mult': 0.7560945617253345}. Best is trial 430 with value: 0.14097012504299053.
[I 2026-05-28 01:30:08,588] Trial 471 finished with value: 0.16284577131957587 and parameters: {'ISTN': 60.485358850267716, 'I_gpe': 1.341080402473279, 'I_gpi': 2.3859768912667496, 'noise_stn_sigma': 2.5602036977680096, 'noise_gpe_sigma': 87.99073601728709, 'noise_gpi_sigma': 95.07744369917566, 'g_stn_gpe_mult': 2.5598176988627186, 'g_gpe_stn_mult': 0.17122462558519863, 'g_stn_gpi_mult': 1.7739082220485964, 'g_gpe_gpi_mult': 0.8113443260662629}. Best is trial 430 with value: 0.14097012504299053.
[I 2026-05-28 01:30:09,593] Trial 472 finished with value: 0.16705534395388372 and parameters: {'ISTN': 62.509644430688255, 'I_gpe': 1.2978215708568737, 'I_gpi': 2.1132330077947428, 'noise_stn_sigma': 1.9051284066576177, 'noise_gpe_sigma': 82.97850380212175, 'noise_gpi_sigma': 92.76801704100654, 'g_stn_gpe_mult': 2.522934045355942, 'g_gpe_stn_mult': 0.16112147670918675, 'g_stn_gpi_mult': 1.703782908088116, 'g_gpe_gpi_mult': 0.7994833700878778}. Best is trial 430 with value: 0.14097012504299053.
[I 2026-05-28 01:30:10,598] Trial 473 finished with value: 0.1621592362094278 and parameters: {'ISTN': 60.63131908803837, 'I_gpe': 1.1806476933715953, 'I_gpi': 2.0343635460323863, 'noise_stn_sigma': 2.8934561848484637, 'noise_gpe_sigma': 83.1858223755631, 'noise_gpi_sigma': 81.47181104109598, 'g_stn_gpe_mult': 2.9125554798002535, 'g_gpe_stn_mult': 0.18554217153823693, 'g_stn_gpi_mult': 2.0005429394556886, 'g_gpe_gpi_mult': 0.7862186923237984}. Best is trial 430 with value: 0.14097012504299053.
[I 2026-05-28 01:30:11,603] Trial 474 finished with value: 0.21917213952414072 and parameters: {'ISTN': 62.15846354371622, 'I_gpe': 1.0902338966116796, 'I_gpi': 2.533416960785841, 'noise_stn_sigma': 2.1466557587873036, 'noise_gpe_sigma': 86.52921378592363, 'noise_gpi_sigma': 94.0901522047827, 'g_stn_gpe_mult': 2.3490800059528287, 'g_gpe_stn_mult': 0.20836349014872993, 'g_stn_gpi_mult': 1.7670237073698396, 'g_gpe_gpi_mult': 0.7632931566122729}. Best is trial 430 with value: 0.14097012504299053.
[I 2026-05-28 01:30:12,606] Trial 475 finished with value: 0.20112506803034186 and parameters: {'ISTN': 60.456039420951285, 'I_gpe': 1.12275843941482, 'I_gpi': 1.8293412141752854, 'noise_stn_sigma': 2.811281617534434, 'noise_gpe_sigma': 89.07125124666021, 'noise_gpi_sigma': 82.73345884121098, 'g_stn_gpe_mult': 2.557141745218752, 'g_gpe_stn_mult': 0.203990651339443, 'g_stn_gpi_mult': 1.9102108203217205, 'g_gpe_gpi_mult': 0.7476098644811571}. Best is trial 430 with value: 0.14097012504299053.
[I 2026-05-28 01:30:13,610] Trial 476 finished with value: 0.26185738832218675 and parameters: {'ISTN': 60.19544552368824, 'I_gpe': 1.317233660367483, 'I_gpi': 2.3137147571552172, 'noise_stn_sigma': 2.492875582378411, 'noise_gpe_sigma': 84.65660287902625, 'noise_gpi_sigma': 83.02706656166097, 'g_stn_gpe_mult': 2.356992762342803, 'g_gpe_stn_mult': 0.19248809664506245, 'g_stn_gpi_mult': 1.855030955630338, 'g_gpe_gpi_mult': 0.7704162910769934}. Best is trial 430 with value: 0.14097012504299053.
[I 2026-05-28 01:30:14,614] Trial 477 finished with value: 0.31976426232700805 and parameters: {'ISTN': 63.39437673407847, 'I_gpe': 1.1333316065155032, 'I_gpi': 2.2011230969763753, 'noise_stn_sigma': 2.3572899725602565, 'noise_gpe_sigma': 82.39758643393735, 'noise_gpi_sigma': 85.02414125263734, 'g_stn_gpe_mult': 2.5927025229683345, 'g_gpe_stn_mult': 0.16855610994429207, 'g_stn_gpi_mult': 1.9357807966845457, 'g_gpe_gpi_mult': 0.7835830600321987}. Best is trial 430 with value: 0.14097012504299053.
[I 2026-05-28 01:30:15,618] Trial 478 finished with value: 0.17334857453166863 and parameters: {'ISTN': 61.711302667924656, 'I_gpe': 1.30486179558633, 'I_gpi': 2.082527283943528, 'noise_stn_sigma': 2.6739856078194486, 'noise_gpe_sigma': 83.20470909299306, 'noise_gpi_sigma': 87.75897880127769, 'g_stn_gpe_mult': 2.6550689584498794, 'g_gpe_stn_mult': 0.20257661975635458, 'g_stn_gpi_mult': 1.7338395337839259, 'g_gpe_gpi_mult': 0.7716278696947989}. Best is trial 430 with value: 0.14097012504299053.
[I 2026-05-28 01:30:16,622] Trial 479 finished with value: 0.1732167388554524 and parameters: {'ISTN': 62.93638246399916, 'I_gpe': 1.1674504809722952, 'I_gpi': 2.176385657477347, 'noise_stn_sigma': 2.004714785898657, 'noise_gpe_sigma': 79.16759154045049, 'noise_gpi_sigma': 83.19659580200965, 'g_stn_gpe_mult': 2.731927681613713, 'g_gpe_stn_mult': 0.15322162612461215, 'g_stn_gpi_mult': 1.697561395657772, 'g_gpe_gpi_mult': 0.7742140956163472}. Best is trial 430 with value: 0.14097012504299053.
[I 2026-05-28 01:30:17,629] Trial 480 finished with value: 0.17580101692390565 and parameters: {'ISTN': 61.89989425344367, 'I_gpe': 1.294206595265913, 'I_gpi': 2.4167514442681197, 'noise_stn_sigma': 2.7009607709339347, 'noise_gpe_sigma': 82.66247554465556, 'noise_gpi_sigma': 93.87542297684894, 'g_stn_gpe_mult': 2.759480170335344, 'g_gpe_stn_mult': 0.1498277111959669, 'g_stn_gpi_mult': 1.8515661061760382, 'g_gpe_gpi_mult': 0.7450689487536395}. Best is trial 430 with value: 0.14097012504299053.
[I 2026-05-28 01:30:18,635] Trial 481 finished with value: 0.3730262283269049 and parameters: {'ISTN': 61.258512563126615, 'I_gpe': 1.2760225498489652, 'I_gpi': 2.3709190080297975, 'noise_stn_sigma': 2.5845020061048727, 'noise_gpe_sigma': 78.07240689533296, 'noise_gpi_sigma': 90.9111081677372, 'g_stn_gpe_mult': 2.798833425751746, 'g_gpe_stn_mult': 0.14969665205343502, 'g_stn_gpi_mult': 2.0955253628088206, 'g_gpe_gpi_mult': 0.7918930734334497}. Best is trial 430 with value: 0.14097012504299053.
[I 2026-05-28 01:30:19,640] Trial 482 finished with value: 0.18964727639950968 and parameters: {'ISTN': 62.57817347686306, 'I_gpe': 1.2661894174154393, 'I_gpi': 2.2841898537680354, 'noise_stn_sigma': 2.836165591760632, 'noise_gpe_sigma': 81.29635103705547, 'noise_gpi_sigma': 83.50533067364317, 'g_stn_gpe_mult': 2.7785325160838283, 'g_gpe_stn_mult': 0.1832176793952796, 'g_stn_gpi_mult': 1.8752578625697773, 'g_gpe_gpi_mult': 0.8218992716086753}. Best is trial 430 with value: 0.14097012504299053.
[I 2026-05-28 01:30:20,645] Trial 483 finished with value: 0.45345125012608317 and parameters: {'ISTN': 60.58174810327278, 'I_gpe': 1.2441518435496393, 'I_gpi': 1.944149419046819, 'noise_stn_sigma': 2.593116080146101, 'noise_gpe_sigma': 92.74746126372804, 'noise_gpi_sigma': 93.34464045864908, 'g_stn_gpe_mult': 2.6379061428944977, 'g_gpe_stn_mult': 0.17873217952579085, 'g_stn_gpi_mult': 1.8868535893624987, 'g_gpe_gpi_mult': 0.7889282182993407}. Best is trial 430 with value: 0.14097012504299053.
