[I 2026-05-28 02:24:57,559] Trial 704 finished with value: 0.47278616556600606 and parameters: {'ISTN': 60.47512652544557, 'I_gpe': 1.401264965252866, 'I_gpi': 1.857139646846334, 'noise_stn_sigma': 6.469869183648499, 'noise_gpe_sigma': 120.87951319005553, 'noise_gpi_sigma': 77.12905780426999, 'g_stn_gpe_mult': 2.5946798392681165, 'g_gpe_stn_mult': 0.12377100930963594, 'g_stn_gpi_mult': 2.7826187274078165, 'g_gpe_gpi_mult': 0.8597762141900143}. Best is trial 703 with value: 0.45537118860112363.
[I 2026-05-28 02:24:58,566] Trial 705 finished with value: 0.4520376465081591 and parameters: {'ISTN': 60.40360538500383, 'I_gpe': 1.309189158937538, 'I_gpi': 1.9687283903725616, 'noise_stn_sigma': 6.777170421301314, 'noise_gpe_sigma': 122.61744285665556, 'noise_gpi_sigma': 84.12196243497331, 'g_stn_gpe_mult': 2.7256169240632966, 'g_gpe_stn_mult': 0.10452586422119231, 'g_stn_gpi_mult': 2.5031116423608077, 'g_gpe_gpi_mult': 0.8869772669889568}. Best is trial 705 with value: 0.4520376465081591.
[I 2026-05-28 02:24:59,573] Trial 706 finished with value: 0.5347214707744816 and parameters: {'ISTN': 60.83252355770856, 'I_gpe': 1.3367869873266836, 'I_gpi': 1.9855211684496874, 'noise_stn_sigma': 6.378036957689612, 'noise_gpe_sigma': 121.8896283226232, 'noise_gpi_sigma': 83.46948318361804, 'g_stn_gpe_mult': 2.5592496834817844, 'g_gpe_stn_mult': 0.11618990886078605, 'g_stn_gpi_mult': 2.526178849057234, 'g_gpe_gpi_mult': 0.8091169609866573}. Best is trial 705 with value: 0.4520376465081591.
[I 2026-05-28 02:25:00,580] Trial 707 finished with value: 0.49609784838728793 and parameters: {'ISTN': 60.0991423656403, 'I_gpe': 1.3138587182396735, 'I_gpi': 2.023779492793804, 'noise_stn_sigma': 6.41241415910104, 'noise_gpe_sigma': 123.77643959735919, 'noise_gpi_sigma': 84.81600149137195, 'g_stn_gpe_mult': 2.4650237290564796, 'g_gpe_stn_mult': 0.1331175407212713, 'g_stn_gpi_mult': 2.429295163427284, 'g_gpe_gpi_mult': 0.820022004027759}. Best is trial 705 with value: 0.4520376465081591.
[I 2026-05-28 02:25:01,590] Trial 708 finished with value: 0.4751389055262108 and parameters: {'ISTN': 61.40546947935268, 'I_gpe': 1.4033646053318745, 'I_gpi': 2.110090190686038, 'noise_stn_sigma': 6.569030729955208, 'noise_gpe_sigma': 126.97674804382783, 'noise_gpi_sigma': 86.58087188886873, 'g_stn_gpe_mult': 2.5067802584456187, 'g_gpe_stn_mult': 0.10925913206301831, 'g_stn_gpi_mult': 2.4356225541851373, 'g_gpe_gpi_mult': 0.8438642124499587}. Best is trial 705 with value: 0.4520376465081591.
[I 2026-05-28 02:25:02,595] Trial 709 finished with value: 0.45947055173038154 and parameters: {'ISTN': 60.56465642255439, 'I_gpe': 1.3334736328654144, 'I_gpi': 2.1679361538455555, 'noise_stn_sigma': 6.263687925779127, 'noise_gpe_sigma': 122.100557917357, 'noise_gpi_sigma': 90.25744694368805, 'g_stn_gpe_mult': 2.5751971499947492, 'g_gpe_stn_mult': 0.10780504062536371, 'g_stn_gpi_mult': 2.38446626889876, 'g_gpe_gpi_mult': 0.8417008161230508}. Best is trial 705 with value: 0.4520376465081591.
[I 2026-05-28 02:25:03,604] Trial 710 finished with value: 0.46663171734686 and parameters: {'ISTN': 60.07625067113319, 'I_gpe': 1.3648709047779308, 'I_gpi': 2.054461326808613, 'noise_stn_sigma': 6.818765874127417, 'noise_gpe_sigma': 126.9018025028897, 'noise_gpi_sigma': 81.5296907872116, 'g_stn_gpe_mult': 2.5030363754198133, 'g_gpe_stn_mult': 0.12718283049996493, 'g_stn_gpi_mult': 2.4897164570932864, 'g_gpe_gpi_mult': 0.8096448017573126}. Best is trial 705 with value: 0.4520376465081591.
[I 2026-05-28 02:25:04,610] Trial 711 finished with value: 0.4643458611101847 and parameters: {'ISTN': 60.589796893472304, 'I_gpe': 1.3753197036269813, 'I_gpi': 1.9556455181418224, 'noise_stn_sigma': 6.590843614496903, 'noise_gpe_sigma': 126.62415688131523, 'noise_gpi_sigma': 84.3431946590598, 'g_stn_gpe_mult': 2.651223977530048, 'g_gpe_stn_mult': 0.10679601849854196, 'g_stn_gpi_mult': 2.4575493400009814, 'g_gpe_gpi_mult': 0.8219953478940305}. Best is trial 705 with value: 0.4520376465081591.
[I 2026-05-28 02:25:05,618] Trial 712 finished with value: 0.4822357491743913 and parameters: {'ISTN': 61.63214884134776, 'I_gpe': 1.3133941525617083, 'I_gpi': 1.9392647457607777, 'noise_stn_sigma': 6.854770633963028, 'noise_gpe_sigma': 126.5537680364805, 'noise_gpi_sigma': 87.1718895507295, 'g_stn_gpe_mult': 2.8762569918145737, 'g_gpe_stn_mult': 0.10119962523225255, 'g_stn_gpi_mult': 2.477419342639553, 'g_gpe_gpi_mult': 0.9015786234453984}. Best is trial 705 with value: 0.4520376465081591.
[I 2026-05-28 02:25:06,625] Trial 713 finished with value: 0.45326088441256907 and parameters: {'ISTN': 60.97478801614157, 'I_gpe': 1.3431247559349324, 'I_gpi': 2.0295253912337907, 'noise_stn_sigma': 6.685953905741213, 'noise_gpe_sigma': 123.37082759754506, 'noise_gpi_sigma': 88.04457107018175, 'g_stn_gpe_mult': 2.6777191188623792, 'g_gpe_stn_mult': 0.10438504074796769, 'g_stn_gpi_mult': 2.4308834407046866, 'g_gpe_gpi_mult': 0.8795581366188172}. Best is trial 705 with value: 0.4520376465081591.
[I 2026-05-28 02:25:07,631] Trial 714 finished with value: 0.6013132894246035 and parameters: {'ISTN': 62.30116538272567, 'I_gpe': 1.1875586966131157, 'I_gpi': 2.124290955313307, 'noise_stn_sigma': 6.399567902796709, 'noise_gpe_sigma': 123.14245757428844, 'noise_gpi_sigma': 82.72399724596431, 'g_stn_gpe_mult': 2.6644834639858193, 'g_gpe_stn_mult': 0.10261646960972676, 'g_stn_gpi_mult': 2.5479449514146735, 'g_gpe_gpi_mult': 0.8678506263438566}. Best is trial 705 with value: 0.4520376465081591.
[I 2026-05-28 02:25:08,635] Trial 715 finished with value: 0.45574451248344294 and parameters: {'ISTN': 60.98954038271132, 'I_gpe': 1.379753187463596, 'I_gpi': 1.8612329059662438, 'noise_stn_sigma': 7.031440418322456, 'noise_gpe_sigma': 124.04797997775343, 'noise_gpi_sigma': 80.51932071129806, 'g_stn_gpe_mult': 2.6734678315482583, 'g_gpe_stn_mult': 0.10636281670858921, 'g_stn_gpi_mult': 2.56135301021808, 'g_gpe_gpi_mult': 0.8669494452956421}. Best is trial 705 with value: 0.4520376465081591.
[I 2026-05-28 02:25:09,644] Trial 716 finished with value: 0.466648320671548 and parameters: {'ISTN': 60.6055681598852, 'I_gpe': 1.2996177277957597, 'I_gpi': 1.9251276089601244, 'noise_stn_sigma': 6.568912267180028, 'noise_gpe_sigma': 118.93731161248677, 'noise_gpi_sigma': 87.1807487210276, 'g_stn_gpe_mult': 2.557151761558453, 'g_gpe_stn_mult': 0.11333929988090699, 'g_stn_gpi_mult': 2.523111144328152, 'g_gpe_gpi_mult': 0.916173102063303}. Best is trial 705 with value: 0.4520376465081591.
[I 2026-05-28 02:25:10,651] Trial 717 finished with value: 0.4598876518184645 and parameters: {'ISTN': 60.923417874991266, 'I_gpe': 1.2179154309609574, 'I_gpi': 1.9630281236770317, 'noise_stn_sigma': 6.462801360761227, 'noise_gpe_sigma': 125.82309022020267, 'noise_gpi_sigma': 87.89215566993016, 'g_stn_gpe_mult': 2.6411094492712075, 'g_gpe_stn_mult': 0.11186570898708739, 'g_stn_gpi_mult': 2.4560487576144485, 'g_gpe_gpi_mult': 0.846119374188919}. Best is trial 705 with value: 0.4520376465081591.
[I 2026-05-28 02:25:11,658] Trial 718 finished with value: 0.4642391239312065 and parameters: {'ISTN': 60.9059426627116, 'I_gpe': 1.3778803309137513, 'I_gpi': 2.0150583168122083, 'noise_stn_sigma': 6.504789279926095, 'noise_gpe_sigma': 125.34696766529898, 'noise_gpi_sigma': 84.80084835379526, 'g_stn_gpe_mult': 2.5664153301517523, 'g_gpe_stn_mult': 0.11137742661150825, 'g_stn_gpi_mult': 2.4944060474579093, 'g_gpe_gpi_mult': 0.8932930167402451}. Best is trial 705 with value: 0.4520376465081591.
[I 2026-05-28 02:25:12,664] Trial 719 finished with value: 0.46492504630906983 and parameters: {'ISTN': 60.582038201594635, 'I_gpe': 1.460082958595201, 'I_gpi': 1.896718810722817, 'noise_stn_sigma': 6.449915489453916, 'noise_gpe_sigma': 117.63967971108781, 'noise_gpi_sigma': 84.52150938450576, 'g_stn_gpe_mult': 2.640352216031863, 'g_gpe_stn_mult': 0.10733442592215396, 'g_stn_gpi_mult': 2.5001692258385813, 'g_gpe_gpi_mult': 0.8797906158190947}. Best is trial 705 with value: 0.4520376465081591.
[I 2026-05-28 02:25:13,671] Trial 720 finished with value: 0.4590811283877415 and parameters: {'ISTN': 60.07234000880234, 'I_gpe': 1.4008627396356563, 'I_gpi': 2.062977036308764, 'noise_stn_sigma': 6.839570897031974, 'noise_gpe_sigma': 122.00819553272362, 'noise_gpi_sigma': 82.2725499325064, 'g_stn_gpe_mult': 2.716149266911346, 'g_gpe_stn_mult': 0.11264469527137047, 'g_stn_gpi_mult': 2.554682271026101, 'g_gpe_gpi_mult': 0.866016852278561}. Best is trial 705 with value: 0.4520376465081591.
[I 2026-05-28 02:25:14,680] Trial 721 finished with value: 0.4631683016627473 and parameters: {'ISTN': 61.08246502494035, 'I_gpe': 1.2605545078843243, 'I_gpi': 2.178724895898931, 'noise_stn_sigma': 6.579143598475601, 'noise_gpe_sigma': 127.51490001335759, 'noise_gpi_sigma': 93.8353550881452, 'g_stn_gpe_mult': 2.842362558049098, 'g_gpe_stn_mult': 0.11167202502570377, 'g_stn_gpi_mult': 2.459944346842789, 'g_gpe_gpi_mult': 0.923995623428272}. Best is trial 705 with value: 0.4520376465081591.
[I 2026-05-28 02:25:15,690] Trial 722 finished with value: 0.4424541893191751 and parameters: {'ISTN': 61.19985113690421, 'I_gpe': 1.4159651744658242, 'I_gpi': 1.8959183064019816, 'noise_stn_sigma': 7.276479173881024, 'noise_gpe_sigma': 124.54323090140589, 'noise_gpi_sigma': 83.36139552807695, 'g_stn_gpe_mult': 2.600021987905154, 'g_gpe_stn_mult': 0.10252321448806066, 'g_stn_gpi_mult': 2.469644301313494, 'g_gpe_gpi_mult': 0.8493119738288766}. Best is trial 722 with value: 0.4424541893191751.
[I 2026-05-28 02:25:16,698] Trial 723 finished with value: 0.46055601939124285 and parameters: {'ISTN': 60.03626242307322, 'I_gpe': 1.3642931359448511, 'I_gpi': 1.8307495560709297, 'noise_stn_sigma': 6.834175831206446, 'noise_gpe_sigma': 125.13125164514896, 'noise_gpi_sigma': 82.63184931775766, 'g_stn_gpe_mult': 2.6278340069143113, 'g_gpe_stn_mult': 0.1264633707893188, 'g_stn_gpi_mult': 2.465225512017581, 'g_gpe_gpi_mult': 0.8530609496433967}. Best is trial 722 with value: 0.4424541893191751.
[I 2026-05-28 02:25:17,705] Trial 724 finished with value: 0.47939609438314934 and parameters: {'ISTN': 60.32668522901204, 'I_gpe': 1.515734636792252, 'I_gpi': 1.977862424688881, 'noise_stn_sigma': 7.096791019348569, 'noise_gpe_sigma': 123.56204817190607, 'noise_gpi_sigma': 82.81879138383914, 'g_stn_gpe_mult': 2.592154514162905, 'g_gpe_stn_mult': 0.12642925191748475, 'g_stn_gpi_mult': 2.707150787387161, 'g_gpe_gpi_mult': 0.8767978766472557}. Best is trial 722 with value: 0.4424541893191751.
[I 2026-05-28 02:25:18,716] Trial 725 finished with value: 0.4905180343625356 and parameters: {'ISTN': 61.936416793347064, 'I_gpe': 1.389032550811352, 'I_gpi': 2.0657505231671727, 'noise_stn_sigma': 6.407343426646157, 'noise_gpe_sigma': 122.26580066592555, 'noise_gpi_sigma': 82.07169484270094, 'g_stn_gpe_mult': 2.5549180625846137, 'g_gpe_stn_mult': 0.11775229347106717, 'g_stn_gpi_mult': 2.5178590309525446, 'g_gpe_gpi_mult': 0.88422349175698}. Best is trial 722 with value: 0.4424541893191751.
[I 2026-05-28 02:25:19,724] Trial 726 finished with value: 0.4532640352165026 and parameters: {'ISTN': 60.24680185208316, 'I_gpe': 1.3012963679150658, 'I_gpi': 2.0337706811403145, 'noise_stn_sigma': 7.005320592030524, 'noise_gpe_sigma': 121.61076613380753, 'noise_gpi_sigma': 81.91243303919914, 'g_stn_gpe_mult': 2.8407333818400713, 'g_gpe_stn_mult': 0.12300486389295522, 'g_stn_gpi_mult': 2.5213610025189492, 'g_gpe_gpi_mult': 0.8451285519600105}. Best is trial 722 with value: 0.4424541893191751.
[I 2026-05-28 02:25:20,731] Trial 727 finished with value: 0.4617054341815256 and parameters: {'ISTN': 60.73586773445595, 'I_gpe': 1.4161675624963448, 'I_gpi': 1.9444214239290352, 'noise_stn_sigma': 7.387172311514726, 'noise_gpe_sigma': 127.72460543086007, 'noise_gpi_sigma': 84.76005332291011, 'g_stn_gpe_mult': 2.9036935148438063, 'g_gpe_stn_mult': 0.12463754442777601, 'g_stn_gpi_mult': 2.5175001443543463, 'g_gpe_gpi_mult': 0.8371189920142781}. Best is trial 722 with value: 0.4424541893191751.
[I 2026-05-28 02:25:21,738] Trial 728 finished with value: 0.47234064251127744 and parameters: {'ISTN': 61.01178853604704, 'I_gpe': 1.3900576155504343, 'I_gpi': 2.078536437462419, 'noise_stn_sigma': 6.700698671983646, 'noise_gpe_sigma': 122.98975496351477, 'noise_gpi_sigma': 87.97639573547305, 'g_stn_gpe_mult': 2.59640510305241, 'g_gpe_stn_mult': 0.1220622696355798, 'g_stn_gpi_mult': 2.4046680891142063, 'g_gpe_gpi_mult': 0.8582637071678991}. Best is trial 722 with value: 0.4424541893191751.
[I 2026-05-28 02:25:22,744] Trial 729 finished with value: 0.4685516727281173 and parameters: {'ISTN': 60.42099907467005, 'I_gpe': 1.3847989524239526, 'I_gpi': 2.0585831864373945, 'noise_stn_sigma': 6.378306868034096, 'noise_gpe_sigma': 119.78237431101803, 'noise_gpi_sigma': 93.6816009490564, 'g_stn_gpe_mult': 2.694336682756251, 'g_gpe_stn_mult': 0.1258595590010687, 'g_stn_gpi_mult': 2.377006813428008, 'g_gpe_gpi_mult': 0.9325183308029925}. Best is trial 722 with value: 0.4424541893191751.
[I 2026-05-28 02:25:23,749] Trial 730 finished with value: 0.4635906542327294 and parameters: {'ISTN': 60.62113004146417, 'I_gpe': 1.2719630208206603, 'I_gpi': 1.957596742143593, 'noise_stn_sigma': 6.264422061374071, 'noise_gpe_sigma': 119.61355749494648, 'noise_gpi_sigma': 87.19990534065973, 'g_stn_gpe_mult': 2.684010447237736, 'g_gpe_stn_mult': 0.11842887827817587, 'g_stn_gpi_mult': 2.47449354342064, 'g_gpe_gpi_mult': 0.8576860948140452}. Best is trial 722 with value: 0.4424541893191751.
[I 2026-05-28 02:25:24,756] Trial 731 finished with value: 0.506184474484121 and parameters: {'ISTN': 61.71152596257571, 'I_gpe': 1.4417432621356103, 'I_gpi': 2.0143980366561482, 'noise_stn_sigma': 7.478735936384248, 'noise_gpe_sigma': 124.73776457317109, 'noise_gpi_sigma': 80.91398979174409, 'g_stn_gpe_mult': 2.688510295887097, 'g_gpe_stn_mult': 0.11436970075512115, 'g_stn_gpi_mult': 2.406396432320511, 'g_gpe_gpi_mult': 0.8241208211820037}. Best is trial 722 with value: 0.4424541893191751.
[I 2026-05-28 02:25:25,760] Trial 732 finished with value: 0.471705689192874 and parameters: {'ISTN': 60.261618936331274, 'I_gpe': 1.432040835856729, 'I_gpi': 1.8948844144769905, 'noise_stn_sigma': 7.439229407237306, 'noise_gpe_sigma': 124.80040844285942, 'noise_gpi_sigma': 81.2209604307454, 'g_stn_gpe_mult': 2.8044535801314208, 'g_gpe_stn_mult': 0.10974616682419687, 'g_stn_gpi_mult': 2.411598260791666, 'g_gpe_gpi_mult': 0.8350136860135033}. Best is trial 722 with value: 0.4424541893191751.
[I 2026-05-28 02:25:26,768] Trial 733 finished with value: 0.4923165161582711 and parameters: {'ISTN': 61.23443309148928, 'I_gpe': 1.3562177500056694, 'I_gpi': 1.9550381824414518, 'noise_stn_sigma': 6.887140925019683, 'noise_gpe_sigma': 123.20887373236422, 'noise_gpi_sigma': 73.25951215958202, 'g_stn_gpe_mult': 2.577115370423199, 'g_gpe_stn_mult': 0.10559510616068966, 'g_stn_gpi_mult': 2.6610604680594174, 'g_gpe_gpi_mult': 0.8133909751774653}. Best is trial 722 with value: 0.4424541893191751.
[I 2026-05-28 02:25:27,716] Trial 734 finished with value: 1000000.0 and parameters: {'ISTN': 60.94746249583863, 'I_gpe': 1.476187909058268, 'I_gpi': 2.0574334816999285, 'noise_stn_sigma': 6.9140441264763695, 'noise_gpe_sigma': 125.88078995090171, 'noise_gpi_sigma': 83.2939221317501, 'g_stn_gpe_mult': 2.6627645351408513, 'g_gpe_stn_mult': 0.10298049562004857, 'g_stn_gpi_mult': 2.5774266020760432, 'g_gpe_gpi_mult': 0.8226309566968437}. Best is trial 722 with value: 0.4424541893191751.
[I 2026-05-28 02:25:28,725] Trial 735 finished with value: 0.47929211478048733 and parameters: {'ISTN': 60.45356672775431, 'I_gpe': 1.469217260295277, 'I_gpi': 1.9523244501470616, 'noise_stn_sigma': 7.272108162825778, 'noise_gpe_sigma': 125.40663626472444, 'noise_gpi_sigma': 76.6638252125189, 'g_stn_gpe_mult': 2.7546881998606105, 'g_gpe_stn_mult': 0.12608063304882788, 'g_stn_gpi_mult': 2.5188980882277665, 'g_gpe_gpi_mult': 0.7937326604280137}. Best is trial 722 with value: 0.4424541893191751.
[I 2026-05-28 02:25:29,733] Trial 736 finished with value: 0.4624491584291986 and parameters: {'ISTN': 60.80433807252403, 'I_gpe': 1.3095479581691898, 'I_gpi': 1.879422002123828, 'noise_stn_sigma': 6.942050878989063, 'noise_gpe_sigma': 126.92375607243817, 'noise_gpi_sigma': 82.98954449776417, 'g_stn_gpe_mult': 2.69901959393986, 'g_gpe_stn_mult': 0.12499711254871126, 'g_stn_gpi_mult': 2.5631148661779695, 'g_gpe_gpi_mult': 0.8486130070907287}. Best is trial 722 with value: 0.4424541893191751.
[I 2026-05-28 02:25:30,736] Trial 737 finished with value: 0.46220864779877396 and parameters: {'ISTN': 60.93147988748757, 'I_gpe': 1.4042623849636358, 'I_gpi': 1.8459880858120372, 'noise_stn_sigma': 7.26565860238723, 'noise_gpe_sigma': 125.5041176656262, 'noise_gpi_sigma': 80.3316446575382, 'g_stn_gpe_mult': 2.7235772487186978, 'g_gpe_stn_mult': 0.1233125708433812, 'g_stn_gpi_mult': 2.5715978695028663, 'g_gpe_gpi_mult': 0.8097555772424239}. Best is trial 722 with value: 0.4424541893191751.
[I 2026-05-28 02:25:31,684] Trial 738 finished with value: 1000000.0 and parameters: {'ISTN': 60.169013857000564, 'I_gpe': 1.3812952248894654, 'I_gpi': 1.9135901477059032, 'noise_stn_sigma': 7.513950042762864, 'noise_gpe_sigma': 129.96990094533106, 'noise_gpi_sigma': 80.99222535181741, 'g_stn_gpe_mult': 2.629255903873593, 'g_gpe_stn_mult': 0.11370660030239504, 'g_stn_gpi_mult': 2.487589422809167, 'g_gpe_gpi_mult': 0.867491553527024}. Best is trial 722 with value: 0.4424541893191751.
[I 2026-05-28 02:25:32,691] Trial 739 finished with value: 0.4637821941140386 and parameters: {'ISTN': 60.71934596814136, 'I_gpe': 1.3382478150360249, 'I_gpi': 2.0097910524245277, 'noise_stn_sigma': 7.329261497963328, 'noise_gpe_sigma': 124.33209633637054, 'noise_gpi_sigma': 82.57925602407744, 'g_stn_gpe_mult': 2.77130410906892, 'g_gpe_stn_mult': 0.1289628641065046, 'g_stn_gpi_mult': 2.5229333570026107, 'g_gpe_gpi_mult': 0.8621330574325834}. Best is trial 722 with value: 0.4424541893191751.
[I 2026-05-28 02:25:33,696] Trial 740 finished with value: 0.47708042208393925 and parameters: {'ISTN': 62.35043229985228, 'I_gpe': 1.2819650148319335, 'I_gpi': 2.0630240081613396, 'noise_stn_sigma': 6.568239295007896, 'noise_gpe_sigma': 124.58337318695942, 'noise_gpi_sigma': 88.78095282621098, 'g_stn_gpe_mult': 2.8138664344830007, 'g_gpe_stn_mult': 0.10033427365317853, 'g_stn_gpi_mult': 2.437007170742625, 'g_gpe_gpi_mult': 0.8901286416190819}. Best is trial 722 with value: 0.4424541893191751.
[I 2026-05-28 02:25:34,705] Trial 741 finished with value: 0.47981330244037257 and parameters: {'ISTN': 62.22130217670325, 'I_gpe': 1.3146862702186828, 'I_gpi': 1.8123026346504045, 'noise_stn_sigma': 7.041961902319091, 'noise_gpe_sigma': 123.25484011940391, 'noise_gpi_sigma': 79.83729186584426, 'g_stn_gpe_mult': 2.671508415506621, 'g_gpe_stn_mult': 0.10447227569658331, 'g_stn_gpi_mult': 2.4703730451457915, 'g_gpe_gpi_mult': 0.8508032988598562}. Best is trial 722 with value: 0.4424541893191751.
[I 2026-05-28 02:25:35,710] Trial 742 finished with value: 0.5290353548342686 and parameters: {'ISTN': 60.879405340486926, 'I_gpe': 1.3956414145761724, 'I_gpi': 1.8378696012542273, 'noise_stn_sigma': 7.890766228040593, 'noise_gpe_sigma': 128.79586704056425, 'noise_gpi_sigma': 85.43818383522974, 'g_stn_gpe_mult': 2.73338521419777, 'g_gpe_stn_mult': 0.12897266594912396, 'g_stn_gpi_mult': 2.517407460996546, 'g_gpe_gpi_mult': 0.8042256827221288}. Best is trial 722 with value: 0.4424541893191751.
[I 2026-05-28 02:25:36,718] Trial 743 finished with value: 0.5110551638790103 and parameters: {'ISTN': 60.16493000609455, 'I_gpe': 1.450949779275991, 'I_gpi': 1.9824405620881633, 'noise_stn_sigma': 6.83224423255029, 'noise_gpe_sigma': 129.75552909193402, 'noise_gpi_sigma': 82.42744875621038, 'g_stn_gpe_mult': 2.6329614863709976, 'g_gpe_stn_mult': 0.13183278586115088, 'g_stn_gpi_mult': 2.3489732124187763, 'g_gpe_gpi_mult': 0.7821927553203312}. Best is trial 722 with value: 0.4424541893191751.
[I 2026-05-28 02:25:37,726] Trial 744 finished with value: 0.9645122370794652 and parameters: {'ISTN': 61.2801522749171, 'I_gpe': 1.3569623914323343, 'I_gpi': 1.9590505036319863, 'noise_stn_sigma': 7.452467760066104, 'noise_gpe_sigma': 127.77013878436054, 'noise_gpi_sigma': 85.5121135084469, 'g_stn_gpe_mult': 2.9074785059200563, 'g_gpe_stn_mult': 0.1545203845931942, 'g_stn_gpi_mult': 2.57699762079613, 'g_gpe_gpi_mult': 0.8405391054142108}. Best is trial 722 with value: 0.4424541893191751.
[I 2026-05-28 02:25:38,733] Trial 745 finished with value: 0.4671834921627211 and parameters: {'ISTN': 61.62323761981405, 'I_gpe': 1.3273035918131997, 'I_gpi': 2.050715638256354, 'noise_stn_sigma': 6.8624202178053935, 'noise_gpe_sigma': 125.7096977018091, 'noise_gpi_sigma': 80.20682278217555, 'g_stn_gpe_mult': 2.6838793559483074, 'g_gpe_stn_mult': 0.11259080338665729, 'g_stn_gpi_mult': 2.492590095902683, 'g_gpe_gpi_mult': 0.8350905494999838}. Best is trial 722 with value: 0.4424541893191751.
[I 2026-05-28 02:25:39,741] Trial 746 finished with value: 0.5921028593504425 and parameters: {'ISTN': 60.97989116379442, 'I_gpe': 1.3575705954287174, 'I_gpi': 1.8690185870480702, 'noise_stn_sigma': 7.343062121219156, 'noise_gpe_sigma': 126.45057882883255, 'noise_gpi_sigma': 78.48982285818161, 'g_stn_gpe_mult': 2.5219960861462276, 'g_gpe_stn_mult': 0.13876684980455534, 'g_stn_gpi_mult': 2.5182865052611256, 'g_gpe_gpi_mult': 0.7958354372380758}. Best is trial 722 with value: 0.4424541893191751.
[I 2026-05-28 02:25:40,746] Trial 747 finished with value: 0.46486736803294304 and parameters: {'ISTN': 62.148433095867276, 'I_gpe': 1.38726228218162, 'I_gpi': 1.9633664896054883, 'noise_stn_sigma': 7.219816625741656, 'noise_gpe_sigma': 128.6574232286997, 'noise_gpi_sigma': 81.81909477346414, 'g_stn_gpe_mult': 2.6737898645630698, 'g_gpe_stn_mult': 0.10121283645739401, 'g_stn_gpi_mult': 2.536977441031312, 'g_gpe_gpi_mult': 0.8204400507165144}. Best is trial 722 with value: 0.4424541893191751.
