[I 2026-05-28 02:27:10,446] Trial 836 finished with value: 0.45172589251824374 and parameters: {'ISTN': 61.4194824916692, 'I_gpe': 1.2914439241462299, 'I_gpi': 1.8797723379477087, 'noise_stn_sigma': 7.167743145664574, 'noise_gpe_sigma': 118.39127083587393, 'noise_gpi_sigma': 89.33955045086522, 'g_stn_gpe_mult': 3.088590826517027, 'g_gpe_stn_mult': 0.10948100137669971, 'g_stn_gpi_mult': 2.484183521804049, 'g_gpe_gpi_mult': 0.9375419660665041}. Best is trial 807 with value: 0.4278612115180545.
[I 2026-05-28 02:27:11,452] Trial 837 finished with value: 0.43851589185844664 and parameters: {'ISTN': 60.896264378122204, 'I_gpe': 1.2717718295210214, 'I_gpi': 2.09792460290008, 'noise_stn_sigma': 7.43160114494811, 'noise_gpe_sigma': 121.87826810495, 'noise_gpi_sigma': 89.01533734216994, 'g_stn_gpe_mult': 3.0024465577297628, 'g_gpe_stn_mult': 0.11859759708783621, 'g_stn_gpi_mult': 2.49977484780197, 'g_gpe_gpi_mult': 0.8832821620920515}. Best is trial 807 with value: 0.4278612115180545.
[I 2026-05-28 02:27:12,461] Trial 838 finished with value: 0.43511358167910036 and parameters: {'ISTN': 60.65642811252069, 'I_gpe': 1.3545075197585716, 'I_gpi': 2.1279560937328896, 'noise_stn_sigma': 7.610806342404985, 'noise_gpe_sigma': 118.00006515332512, 'noise_gpi_sigma': 85.16459522425275, 'g_stn_gpe_mult': 3.092917608927049, 'g_gpe_stn_mult': 0.10390667849466068, 'g_stn_gpi_mult': 2.458411485723735, 'g_gpe_gpi_mult': 0.8662183680031306}. Best is trial 807 with value: 0.4278612115180545.
[I 2026-05-28 02:27:13,469] Trial 839 finished with value: 0.4480705430963748 and parameters: {'ISTN': 61.32246914436314, 'I_gpe': 1.3678995757538943, 'I_gpi': 2.053003569943934, 'noise_stn_sigma': 7.759140964952326, 'noise_gpe_sigma': 120.87747119597869, 'noise_gpi_sigma': 87.16023119618539, 'g_stn_gpe_mult': 3.2704534127470044, 'g_gpe_stn_mult': 0.11290343779955524, 'g_stn_gpi_mult': 2.4305341834516874, 'g_gpe_gpi_mult': 0.9317780421759994}. Best is trial 807 with value: 0.4278612115180545.
[I 2026-05-28 02:27:14,477] Trial 840 finished with value: 0.43676448011205465 and parameters: {'ISTN': 60.290964533534456, 'I_gpe': 1.34969115930391, 'I_gpi': 2.020151155220322, 'noise_stn_sigma': 7.525491116547297, 'noise_gpe_sigma': 122.97478545360369, 'noise_gpi_sigma': 88.9061570911844, 'g_stn_gpe_mult': 3.1690131008122346, 'g_gpe_stn_mult': 0.1096349358361699, 'g_stn_gpi_mult': 2.38161533438631, 'g_gpe_gpi_mult': 0.9245872005155851}. Best is trial 807 with value: 0.4278612115180545.
[I 2026-05-28 02:27:15,486] Trial 841 finished with value: 0.4463025814582309 and parameters: {'ISTN': 61.02891661519825, 'I_gpe': 1.2945636824855185, 'I_gpi': 2.134637339969584, 'noise_stn_sigma': 7.312060404491542, 'noise_gpe_sigma': 121.48124435840221, 'noise_gpi_sigma': 91.54468473084665, 'g_stn_gpe_mult': 3.1891360556831767, 'g_gpe_stn_mult': 0.10966261860909514, 'g_stn_gpi_mult': 2.5163364452821915, 'g_gpe_gpi_mult': 0.9083179069190654}. Best is trial 807 with value: 0.4278612115180545.
[I 2026-05-28 02:27:16,493] Trial 842 finished with value: 0.43343055440926165 and parameters: {'ISTN': 60.31226497225767, 'I_gpe': 1.3487886396760405, 'I_gpi': 1.9951020156797306, 'noise_stn_sigma': 7.631856182962838, 'noise_gpe_sigma': 120.44304100510367, 'noise_gpi_sigma': 84.03909713309227, 'g_stn_gpe_mult': 3.1699640785351884, 'g_gpe_stn_mult': 0.10946091088923206, 'g_stn_gpi_mult': 2.458396493721975, 'g_gpe_gpi_mult': 0.9004201954438573}. Best is trial 807 with value: 0.4278612115180545.
[I 2026-05-28 02:27:17,499] Trial 843 finished with value: 0.44658800446272123 and parameters: {'ISTN': 60.60345511528752, 'I_gpe': 1.3332989366844918, 'I_gpi': 2.1718243433033595, 'noise_stn_sigma': 7.340072439210536, 'noise_gpe_sigma': 125.46787454480054, 'noise_gpi_sigma': 87.93063177993712, 'g_stn_gpe_mult': 3.138240211684141, 'g_gpe_stn_mult': 0.11967372614382384, 'g_stn_gpi_mult': 2.4583888353452066, 'g_gpe_gpi_mult': 0.8728963837046708}. Best is trial 807 with value: 0.4278612115180545.
[I 2026-05-28 02:27:18,505] Trial 844 finished with value: 0.44009962498123356 and parameters: {'ISTN': 60.71508256547414, 'I_gpe': 1.4262145566368334, 'I_gpi': 2.2174212250045073, 'noise_stn_sigma': 7.75051597766828, 'noise_gpe_sigma': 122.08995981292067, 'noise_gpi_sigma': 91.46217099095632, 'g_stn_gpe_mult': 3.3503601258894062, 'g_gpe_stn_mult': 0.10458513147121162, 'g_stn_gpi_mult': 2.374512370621626, 'g_gpe_gpi_mult': 0.9017248651089498}. Best is trial 807 with value: 0.4278612115180545.
[I 2026-05-28 02:27:19,512] Trial 845 finished with value: 0.45862740817360914 and parameters: {'ISTN': 61.912621302774504, 'I_gpe': 1.3051033984401594, 'I_gpi': 2.2260208575537557, 'noise_stn_sigma': 7.2677712538191415, 'noise_gpe_sigma': 118.83483615889251, 'noise_gpi_sigma': 86.62227707349525, 'g_stn_gpe_mult': 3.177856341712446, 'g_gpe_stn_mult': 0.10096898761485068, 'g_stn_gpi_mult': 2.551504649214677, 'g_gpe_gpi_mult': 0.9175118565416616}. Best is trial 807 with value: 0.4278612115180545.
[I 2026-05-28 02:27:20,519] Trial 846 finished with value: 0.45609606461572827 and parameters: {'ISTN': 61.11595462518805, 'I_gpe': 1.277243801954318, 'I_gpi': 2.0886821185722715, 'noise_stn_sigma': 7.698410405740222, 'noise_gpe_sigma': 118.76010842421138, 'noise_gpi_sigma': 85.71670919352393, 'g_stn_gpe_mult': 3.2373789301851925, 'g_gpe_stn_mult': 0.10476089102442847, 'g_stn_gpi_mult': 2.4574159387458496, 'g_gpe_gpi_mult': 0.8812338566465199}. Best is trial 807 with value: 0.4278612115180545.
[I 2026-05-28 02:27:21,525] Trial 847 finished with value: 0.44222030229518716 and parameters: {'ISTN': 60.61489222683438, 'I_gpe': 1.3378925142457676, 'I_gpi': 2.168081274608972, 'noise_stn_sigma': 7.634915213595986, 'noise_gpe_sigma': 125.75723393208216, 'noise_gpi_sigma': 83.59563296848829, 'g_stn_gpe_mult': 3.0212994890690394, 'g_gpe_stn_mult': 0.10803154219664725, 'g_stn_gpi_mult': 2.368221626994199, 'g_gpe_gpi_mult': 0.8306543663353219}. Best is trial 807 with value: 0.4278612115180545.
[I 2026-05-28 02:27:22,534] Trial 848 finished with value: 0.4338390401164164 and parameters: {'ISTN': 60.60646519579347, 'I_gpe': 1.374495648999757, 'I_gpi': 2.22821144849798, 'noise_stn_sigma': 7.8654263038393815, 'noise_gpe_sigma': 120.32050750103907, 'noise_gpi_sigma': 87.64786550212186, 'g_stn_gpe_mult': 3.1176212491265636, 'g_gpe_stn_mult': 0.11159869572680586, 'g_stn_gpi_mult': 2.4520382452122043, 'g_gpe_gpi_mult': 0.9180665804424879}. Best is trial 807 with value: 0.4278612115180545.
[I 2026-05-28 02:27:23,543] Trial 849 finished with value: 0.44870828330369145 and parameters: {'ISTN': 61.76229063472288, 'I_gpe': 1.2921761283263655, 'I_gpi': 2.0518195322360633, 'noise_stn_sigma': 7.715218188437587, 'noise_gpe_sigma': 123.25628921243072, 'noise_gpi_sigma': 82.56265513921939, 'g_stn_gpe_mult': 3.166812826844305, 'g_gpe_stn_mult': 0.10657176401409987, 'g_stn_gpi_mult': 2.4757831627760267, 'g_gpe_gpi_mult': 0.896497178874651}. Best is trial 807 with value: 0.4278612115180545.
[I 2026-05-28 02:27:24,550] Trial 850 finished with value: 0.4496899485440905 and parameters: {'ISTN': 61.14310285178633, 'I_gpe': 1.3100159239886673, 'I_gpi': 1.980973687682451, 'noise_stn_sigma': 7.500566814273253, 'noise_gpe_sigma': 120.47947831433407, 'noise_gpi_sigma': 85.71337678556701, 'g_stn_gpe_mult': 3.0943606313536534, 'g_gpe_stn_mult': 0.11893927350133326, 'g_stn_gpi_mult': 2.4311157223036615, 'g_gpe_gpi_mult': 0.8818555038057865}. Best is trial 807 with value: 0.4278612115180545.
[I 2026-05-28 02:27:25,559] Trial 851 finished with value: 0.43177751607846765 and parameters: {'ISTN': 61.58309295795549, 'I_gpe': 1.3747458391973495, 'I_gpi': 2.0316178059915493, 'noise_stn_sigma': 7.810781593363394, 'noise_gpe_sigma': 120.40185948770308, 'noise_gpi_sigma': 87.56127409052128, 'g_stn_gpe_mult': 3.190840824265529, 'g_gpe_stn_mult': 0.10133031604763057, 'g_stn_gpi_mult': 2.4087108388819045, 'g_gpe_gpi_mult': 0.9364210964837796}. Best is trial 807 with value: 0.4278612115180545.
[I 2026-05-28 02:27:26,566] Trial 852 finished with value: 0.45170717422536594 and parameters: {'ISTN': 60.14504693427729, 'I_gpe': 1.329816349487841, 'I_gpi': 2.086564125024714, 'noise_stn_sigma': 7.547269996557893, 'noise_gpe_sigma': 118.35633410300444, 'noise_gpi_sigma': 84.17416918126278, 'g_stn_gpe_mult': 3.142077690045109, 'g_gpe_stn_mult': 0.11016804958973359, 'g_stn_gpi_mult': 2.581456405905866, 'g_gpe_gpi_mult': 0.933371292822065}. Best is trial 807 with value: 0.4278612115180545.
[I 2026-05-28 02:27:27,570] Trial 853 finished with value: 0.44888199579745697 and parameters: {'ISTN': 60.73471990770707, 'I_gpe': 1.371268386836654, 'I_gpi': 1.9712110583888691, 'noise_stn_sigma': 7.216813195122722, 'noise_gpe_sigma': 122.30458090689031, 'noise_gpi_sigma': 83.75338344901132, 'g_stn_gpe_mult': 2.868957350342001, 'g_gpe_stn_mult': 0.10794788300596843, 'g_stn_gpi_mult': 2.4377789414832116, 'g_gpe_gpi_mult': 0.8837294988142093}. Best is trial 807 with value: 0.4278612115180545.
[I 2026-05-28 02:27:28,575] Trial 854 finished with value: 0.43704278074183117 and parameters: {'ISTN': 60.48411314634969, 'I_gpe': 1.3483181594723965, 'I_gpi': 2.156604142293488, 'noise_stn_sigma': 7.5129409184330544, 'noise_gpe_sigma': 117.21089505094857, 'noise_gpi_sigma': 87.0966837403218, 'g_stn_gpe_mult': 3.1749748539140477, 'g_gpe_stn_mult': 0.11862376510374528, 'g_stn_gpi_mult': 2.5205978796129087, 'g_gpe_gpi_mult': 0.9757445030697833}. Best is trial 807 with value: 0.4278612115180545.
[I 2026-05-28 02:27:29,580] Trial 855 finished with value: 0.4350668751346397 and parameters: {'ISTN': 60.240924741791815, 'I_gpe': 1.378850815750527, 'I_gpi': 2.1449353496794847, 'noise_stn_sigma': 7.520255620390469, 'noise_gpe_sigma': 122.4093598106467, 'noise_gpi_sigma': 84.0555433619571, 'g_stn_gpe_mult': 3.149299474729687, 'g_gpe_stn_mult': 0.10728320363913048, 'g_stn_gpi_mult': 2.4083210625880453, 'g_gpe_gpi_mult': 0.8677133072726453}. Best is trial 807 with value: 0.4278612115180545.
[I 2026-05-28 02:27:30,586] Trial 856 finished with value: 0.4333356439081176 and parameters: {'ISTN': 60.77961534789691, 'I_gpe': 1.32528088215361, 'I_gpi': 2.0601606674535455, 'noise_stn_sigma': 7.748090188152439, 'noise_gpe_sigma': 116.98382292972317, 'noise_gpi_sigma': 89.03845881075279, 'g_stn_gpe_mult': 3.096687872391283, 'g_gpe_stn_mult': 0.12155341396193602, 'g_stn_gpi_mult': 2.3158074336582253, 'g_gpe_gpi_mult': 0.9360888925247308}. Best is trial 807 with value: 0.4278612115180545.
[I 2026-05-28 02:27:31,592] Trial 857 finished with value: 0.46582204719914677 and parameters: {'ISTN': 61.06864815121471, 'I_gpe': 1.3630684855619286, 'I_gpi': 2.0850624445918253, 'noise_stn_sigma': 7.514776843537339, 'noise_gpe_sigma': 118.89449752253198, 'noise_gpi_sigma': 89.50808538188821, 'g_stn_gpe_mult': 3.186054380191107, 'g_gpe_stn_mult': 0.10498165158343911, 'g_stn_gpi_mult': 2.460403039335157, 'g_gpe_gpi_mult': 0.9353194548915258}. Best is trial 807 with value: 0.4278612115180545.
[I 2026-05-28 02:27:32,598] Trial 858 finished with value: 0.45590236978048737 and parameters: {'ISTN': 61.020804288126506, 'I_gpe': 1.3323210056967083, 'I_gpi': 2.133148503719041, 'noise_stn_sigma': 7.842921408746118, 'noise_gpe_sigma': 117.49223515398688, 'noise_gpi_sigma': 86.00489991628751, 'g_stn_gpe_mult': 3.2134042562871334, 'g_gpe_stn_mult': 0.1012163837056206, 'g_stn_gpi_mult': 2.41817411103124, 'g_gpe_gpi_mult': 0.9266541318817711}. Best is trial 807 with value: 0.4278612115180545.
[I 2026-05-28 02:27:33,607] Trial 859 finished with value: 0.4540026388894868 and parameters: {'ISTN': 61.84476763607147, 'I_gpe': 1.3715771154101977, 'I_gpi': 2.2276488788565496, 'noise_stn_sigma': 7.318584951441259, 'noise_gpe_sigma': 120.79211071797305, 'noise_gpi_sigma': 87.64340359663487, 'g_stn_gpe_mult': 3.139284397183429, 'g_gpe_stn_mult': 0.10005598738545791, 'g_stn_gpi_mult': 2.4799985137488645, 'g_gpe_gpi_mult': 0.8752157982546378}. Best is trial 807 with value: 0.4278612115180545.
[I 2026-05-28 02:27:34,614] Trial 860 finished with value: 0.4268151930046278 and parameters: {'ISTN': 60.053395881816904, 'I_gpe': 1.4003613291690624, 'I_gpi': 2.149790334266398, 'noise_stn_sigma': 7.953748083380011, 'noise_gpe_sigma': 122.07636441192189, 'noise_gpi_sigma': 85.75442707213313, 'g_stn_gpe_mult': 3.1818369738956536, 'g_gpe_stn_mult': 0.10996256118910275, 'g_stn_gpi_mult': 2.556765809797107, 'g_gpe_gpi_mult': 0.9101748033539327}. Best is trial 860 with value: 0.4268151930046278.
[I 2026-05-28 02:27:35,623] Trial 861 finished with value: 0.4374207242851694 and parameters: {'ISTN': 61.10736864898123, 'I_gpe': 1.360196952943999, 'I_gpi': 2.1327636161406582, 'noise_stn_sigma': 7.787485203825423, 'noise_gpe_sigma': 118.30252840689428, 'noise_gpi_sigma': 88.60722377849956, 'g_stn_gpe_mult': 3.1448255012282997, 'g_gpe_stn_mult': 0.10110609084126597, 'g_stn_gpi_mult': 2.4515970298158773, 'g_gpe_gpi_mult': 0.9274436387095295}. Best is trial 860 with value: 0.4268151930046278.
[I 2026-05-28 02:27:36,629] Trial 862 finished with value: 0.46640137231781675 and parameters: {'ISTN': 61.23754187061647, 'I_gpe': 1.2778137057940087, 'I_gpi': 1.94472220421, 'noise_stn_sigma': 7.91413427062705, 'noise_gpe_sigma': 119.78525794762186, 'noise_gpi_sigma': 87.07134920135249, 'g_stn_gpe_mult': 3.3283612927341752, 'g_gpe_stn_mult': 0.10658217957946964, 'g_stn_gpi_mult': 2.4526504907916444, 'g_gpe_gpi_mult': 0.9382157555568706}. Best is trial 860 with value: 0.4268151930046278.
[I 2026-05-28 02:27:37,635] Trial 863 finished with value: 0.46687186899169386 and parameters: {'ISTN': 60.72941560464582, 'I_gpe': 1.3938939397873882, 'I_gpi': 2.1617278588815694, 'noise_stn_sigma': 7.506775511966463, 'noise_gpe_sigma': 117.80827264869698, 'noise_gpi_sigma': 84.95526333584749, 'g_stn_gpe_mult': 2.9379309583732995, 'g_gpe_stn_mult': 0.10504685109583657, 'g_stn_gpi_mult': 2.332522098707414, 'g_gpe_gpi_mult': 0.9368909422289013}. Best is trial 860 with value: 0.4268151930046278.
[I 2026-05-28 02:27:38,642] Trial 864 finished with value: 0.4379424950445891 and parameters: {'ISTN': 60.413373404942824, 'I_gpe': 1.3888992653335803, 'I_gpi': 2.0298399164828593, 'noise_stn_sigma': 7.923497074278263, 'noise_gpe_sigma': 121.51381475713676, 'noise_gpi_sigma': 85.3250270266876, 'g_stn_gpe_mult': 3.157684860273714, 'g_gpe_stn_mult': 0.11911258523645393, 'g_stn_gpi_mult': 2.4825551645344497, 'g_gpe_gpi_mult': 0.9311946139855922}. Best is trial 860 with value: 0.4268151930046278.
[I 2026-05-28 02:27:39,649] Trial 865 finished with value: 0.44145957961798193 and parameters: {'ISTN': 60.661061267041845, 'I_gpe': 1.356590410887669, 'I_gpi': 2.2692957906627296, 'noise_stn_sigma': 7.910372149939141, 'noise_gpe_sigma': 122.72430648968968, 'noise_gpi_sigma': 91.77884464648423, 'g_stn_gpe_mult': 3.2669829704759725, 'g_gpe_stn_mult': 0.11898650705918645, 'g_stn_gpi_mult': 2.391758998987984, 'g_gpe_gpi_mult': 0.8963071081481075}. Best is trial 860 with value: 0.4268151930046278.
[I 2026-05-28 02:27:40,656] Trial 866 finished with value: 0.43578212189088955 and parameters: {'ISTN': 60.80033689460183, 'I_gpe': 1.4092297357191654, 'I_gpi': 2.033847570843652, 'noise_stn_sigma': 7.948219347153556, 'noise_gpe_sigma': 120.06918147024996, 'noise_gpi_sigma': 87.66126588289956, 'g_stn_gpe_mult': 3.202074832410275, 'g_gpe_stn_mult': 0.11088402802598385, 'g_stn_gpi_mult': 2.446891977578129, 'g_gpe_gpi_mult': 0.9306978741466618}. Best is trial 860 with value: 0.4268151930046278.
[I 2026-05-28 02:27:41,662] Trial 867 finished with value: 0.44284935354449356 and parameters: {'ISTN': 60.552565565630125, 'I_gpe': 1.3312192858955814, 'I_gpi': 2.220563514519781, 'noise_stn_sigma': 7.58212604949521, 'noise_gpe_sigma': 122.19745556172225, 'noise_gpi_sigma': 90.73264335184996, 'g_stn_gpe_mult': 3.1127277439758094, 'g_gpe_stn_mult': 0.10735829927073466, 'g_stn_gpi_mult': 2.4605088510635884, 'g_gpe_gpi_mult': 0.8946519233231753}. Best is trial 860 with value: 0.4268151930046278.
[I 2026-05-28 02:27:42,668] Trial 868 finished with value: 0.4492254500620955 and parameters: {'ISTN': 60.63984129693822, 'I_gpe': 1.3477407948512354, 'I_gpi': 2.0672354701558886, 'noise_stn_sigma': 7.404022424400517, 'noise_gpe_sigma': 122.71737239518069, 'noise_gpi_sigma': 89.09222261438289, 'g_stn_gpe_mult': 3.1907784689169576, 'g_gpe_stn_mult': 0.12853207084649335, 'g_stn_gpi_mult': 2.426918175727077, 'g_gpe_gpi_mult': 0.9572445209833309}. Best is trial 860 with value: 0.4268151930046278.
[I 2026-05-28 02:27:43,674] Trial 869 finished with value: 0.4497624449169921 and parameters: {'ISTN': 61.22356266103184, 'I_gpe': 1.3735953665758043, 'I_gpi': 2.0989942206869525, 'noise_stn_sigma': 7.886729493827863, 'noise_gpe_sigma': 125.1498169098548, 'noise_gpi_sigma': 83.04203311866095, 'g_stn_gpe_mult': 3.220491969847395, 'g_gpe_stn_mult': 0.11050933647282173, 'g_stn_gpi_mult': 2.4927286254646916, 'g_gpe_gpi_mult': 0.904494222361562}. Best is trial 860 with value: 0.4268151930046278.
[I 2026-05-28 02:27:44,679] Trial 870 finished with value: 0.4410601052978287 and parameters: {'ISTN': 60.89920840302028, 'I_gpe': 1.3752256462073529, 'I_gpi': 2.286478694090573, 'noise_stn_sigma': 7.644232905684791, 'noise_gpe_sigma': 118.354496788486, 'noise_gpi_sigma': 87.08303622184161, 'g_stn_gpe_mult': 3.2571000526383385, 'g_gpe_stn_mult': 0.11193144859605815, 'g_stn_gpi_mult': 2.4072576942526993, 'g_gpe_gpi_mult': 0.9322476315705754}. Best is trial 860 with value: 0.4268151930046278.
[I 2026-05-28 02:27:45,689] Trial 871 finished with value: 0.44513615394492606 and parameters: {'ISTN': 60.40614800824508, 'I_gpe': 1.4052005872890079, 'I_gpi': 2.1978348959406873, 'noise_stn_sigma': 7.919523635600192, 'noise_gpe_sigma': 118.76226258801181, 'noise_gpi_sigma': 90.04660064018947, 'g_stn_gpe_mult': 3.23188820446678, 'g_gpe_stn_mult': 0.10991818834939993, 'g_stn_gpi_mult': 2.383242800337089, 'g_gpe_gpi_mult': 0.9519122107758677}. Best is trial 860 with value: 0.4268151930046278.
[I 2026-05-28 02:27:46,695] Trial 872 finished with value: 0.4350845898568111 and parameters: {'ISTN': 61.33781572700459, 'I_gpe': 1.3554553379633774, 'I_gpi': 2.113122991401079, 'noise_stn_sigma': 7.606444027633751, 'noise_gpe_sigma': 120.74548607904107, 'noise_gpi_sigma': 87.7432545881586, 'g_stn_gpe_mult': 3.22300074996708, 'g_gpe_stn_mult': 0.10724396193876194, 'g_stn_gpi_mult': 2.4862535792503206, 'g_gpe_gpi_mult': 0.9350943107110621}. Best is trial 860 with value: 0.4268151930046278.
[I 2026-05-28 02:27:47,704] Trial 873 finished with value: 0.4283281605455634 and parameters: {'ISTN': 60.00984286536588, 'I_gpe': 1.3775661491568463, 'I_gpi': 2.065691069660808, 'noise_stn_sigma': 7.915766908741287, 'noise_gpe_sigma': 120.2881660349828, 'noise_gpi_sigma': 87.8094234194581, 'g_stn_gpe_mult': 3.2396221314131357, 'g_gpe_stn_mult': 0.10724024156987902, 'g_stn_gpi_mult': 2.4391850036204046, 'g_gpe_gpi_mult': 0.9280414225827485}. Best is trial 860 with value: 0.4268151930046278.
[I 2026-05-28 02:27:48,712] Trial 874 finished with value: 0.4443139724032634 and parameters: {'ISTN': 61.29468461162243, 'I_gpe': 1.3545057617529253, 'I_gpi': 2.097686574505424, 'noise_stn_sigma': 7.805035712355315, 'noise_gpe_sigma': 120.86435395333139, 'noise_gpi_sigma': 86.95048243811537, 'g_stn_gpe_mult': 3.168365256355594, 'g_gpe_stn_mult': 0.1140038399983776, 'g_stn_gpi_mult': 2.4400050266973676, 'g_gpe_gpi_mult': 0.9408839834725906}. Best is trial 860 with value: 0.4268151930046278.
[I 2026-05-28 02:27:49,718] Trial 875 finished with value: 0.44724599531287296 and parameters: {'ISTN': 60.083453257915984, 'I_gpe': 1.4544113956226996, 'I_gpi': 2.146752052577546, 'noise_stn_sigma': 7.955346135599987, 'noise_gpe_sigma': 119.6630641336387, 'noise_gpi_sigma': 90.68090120356652, 'g_stn_gpe_mult': 3.230881498863906, 'g_gpe_stn_mult': 0.11959371262873518, 'g_stn_gpi_mult': 2.3841639712802993, 'g_gpe_gpi_mult': 0.959066349145899}. Best is trial 860 with value: 0.4268151930046278.
[I 2026-05-28 02:27:50,724] Trial 876 finished with value: 0.4288324010442269 and parameters: {'ISTN': 60.78684049755027, 'I_gpe': 1.3507865361818272, 'I_gpi': 2.1075942238953917, 'noise_stn_sigma': 7.910456176111764, 'noise_gpe_sigma': 123.48962963026466, 'noise_gpi_sigma': 87.73478409984105, 'g_stn_gpe_mult': 3.179622438312291, 'g_gpe_stn_mult': 0.10548283694201822, 'g_stn_gpi_mult': 2.418555740059647, 'g_gpe_gpi_mult': 0.8982885627013284}. Best is trial 860 with value: 0.4268151930046278.
[I 2026-05-28 02:27:51,733] Trial 877 finished with value: 0.4497366150927642 and parameters: {'ISTN': 61.562500668725455, 'I_gpe': 1.3864216118753179, 'I_gpi': 2.0314067977856745, 'noise_stn_sigma': 7.423256826372221, 'noise_gpe_sigma': 118.32163422099866, 'noise_gpi_sigma': 87.13421514106062, 'g_stn_gpe_mult': 2.9781636602218566, 'g_gpe_stn_mult': 0.11089594487961744, 'g_stn_gpi_mult': 2.4391943773491773, 'g_gpe_gpi_mult': 0.9295582543219949}. Best is trial 860 with value: 0.4268151930046278.
[I 2026-05-28 02:27:52,740] Trial 878 finished with value: 0.4386917018103468 and parameters: {'ISTN': 60.3868166423187, 'I_gpe': 1.411913387648769, 'I_gpi': 2.198644583507205, 'noise_stn_sigma': 7.912469688757769, 'noise_gpe_sigma': 118.53053869561475, 'noise_gpi_sigma': 85.06532293986167, 'g_stn_gpe_mult': 3.1906130386877383, 'g_gpe_stn_mult': 0.10772882817679, 'g_stn_gpi_mult': 2.424930556652398, 'g_gpe_gpi_mult': 0.8897414814918538}. Best is trial 860 with value: 0.4268151930046278.
[I 2026-05-28 02:27:53,748] Trial 879 finished with value: 0.4391710766769398 and parameters: {'ISTN': 61.23026605035238, 'I_gpe': 1.407917517430007, 'I_gpi': 1.9819673891547336, 'noise_stn_sigma': 7.81838598096146, 'noise_gpe_sigma': 118.20519801217459, 'noise_gpi_sigma': 82.76256358535845, 'g_stn_gpe_mult': 3.039635470581889, 'g_gpe_stn_mult': 0.1078107460267983, 'g_stn_gpi_mult': 2.543679439427265, 'g_gpe_gpi_mult': 0.9002875220398308}. Best is trial 860 with value: 0.4268151930046278.
