[I 2026-05-28 02:31:35,762] Trial 88 finished with value: 5.4483193658547036 and parameters: {'ISTN': 62.08008610019286, 'I_gpe': 1.080969479547489, 'I_gpi': 2.3358655024646535, 'noise_stn_sigma': 7.287594765721534, 'noise_gpe_sigma': 122.6617444121455, 'noise_gpi_sigma': 117.78438259271013, 'g_stn_gpe_mult': 3.396361543076004, 'g_gpe_stn_mult': 0.2480537710981565, 'g_stn_gpi_mult': 1.5105089923683492, 'g_gpe_gpi_mult': 1.0252119941553908}. Best is trial 63 with value: 1.3259706516117515.
[I 2026-05-28 02:31:36,772] Trial 89 finished with value: 8.194234085147977 and parameters: {'ISTN': 72.59354088201152, 'I_gpe': 0.6550157437551302, 'I_gpi': 3.025355694847545, 'noise_stn_sigma': 6.457190331638973, 'noise_gpe_sigma': 79.36998071470535, 'noise_gpi_sigma': 119.9926685050086, 'g_stn_gpe_mult': 2.343671376367601, 'g_gpe_stn_mult': 0.3250476183914136, 'g_stn_gpi_mult': 1.891449732158618, 'g_gpe_gpi_mult': 1.1309587098765381}. Best is trial 63 with value: 1.3259706516117515.
[I 2026-05-28 02:31:37,778] Trial 90 finished with value: 16.640500497628608 and parameters: {'ISTN': 84.044324392941, 'I_gpe': 1.798395390570466, 'I_gpi': 3.0657462281995222, 'noise_stn_sigma': 6.209340125753931, 'noise_gpe_sigma': 102.79690230532472, 'noise_gpi_sigma': 90.31235698580815, 'g_stn_gpe_mult': 3.578461208745257, 'g_gpe_stn_mult': 0.3137429069812592, 'g_stn_gpi_mult': 2.362188791557871, 'g_gpe_gpi_mult': 1.1130305988859093}. Best is trial 63 with value: 1.3259706516117515.
[I 2026-05-28 02:31:38,784] Trial 91 finished with value: 7.632075723413616 and parameters: {'ISTN': 69.68356075758241, 'I_gpe': 1.1690854562990567, 'I_gpi': 3.280655365110087, 'noise_stn_sigma': 6.888180476685539, 'noise_gpe_sigma': 72.4905094504646, 'noise_gpi_sigma': 143.3102927744764, 'g_stn_gpe_mult': 3.0178565898377436, 'g_gpe_stn_mult': 0.326859895017204, 'g_stn_gpi_mult': 1.9472990053740658, 'g_gpe_gpi_mult': 1.0625523368474246}. Best is trial 63 with value: 1.3259706516117515.
[I 2026-05-28 02:31:39,791] Trial 92 finished with value: 4.246364403207819 and parameters: {'ISTN': 62.06971877185975, 'I_gpe': 0.5663367258176428, 'I_gpi': 1.6782204136578245, 'noise_stn_sigma': 5.892814009087507, 'noise_gpe_sigma': 119.91764680415822, 'noise_gpi_sigma': 121.3814026781072, 'g_stn_gpe_mult': 3.0460445088269794, 'g_gpe_stn_mult': 0.1852048839687841, 'g_stn_gpi_mult': 1.3426299576144525, 'g_gpe_gpi_mult': 1.167954247775436}. Best is trial 63 with value: 1.3259706516117515.
[I 2026-05-28 02:31:40,796] Trial 93 finished with value: 7.4962156903108585 and parameters: {'ISTN': 64.35978571054177, 'I_gpe': 1.2786656084632737, 'I_gpi': 4.493141709712564, 'noise_stn_sigma': 6.460291074824136, 'noise_gpe_sigma': 113.59991726523667, 'noise_gpi_sigma': 85.87633257484447, 'g_stn_gpe_mult': 3.7589321335768675, 'g_gpe_stn_mult': 0.18218371315736592, 'g_stn_gpi_mult': 1.4979407859915121, 'g_gpe_gpi_mult': 1.1931406990495197}. Best is trial 63 with value: 1.3259706516117515.
[I 2026-05-28 02:31:41,803] Trial 94 finished with value: 13.16852534386641 and parameters: {'ISTN': 88.78926851852307, 'I_gpe': 0.9129658866383961, 'I_gpi': 3.471739337859397, 'noise_stn_sigma': 6.203007316361554, 'noise_gpe_sigma': 101.24689237431102, 'noise_gpi_sigma': 123.04613000399051, 'g_stn_gpe_mult': 2.5096445259014666, 'g_gpe_stn_mult': 0.33960301996324743, 'g_stn_gpi_mult': 2.149006500933655, 'g_gpe_gpi_mult': 0.8971151935318593}. Best is trial 63 with value: 1.3259706516117515.
[I 2026-05-28 02:31:42,811] Trial 95 finished with value: 11.061767150248665 and parameters: {'ISTN': 84.35248391789013, 'I_gpe': 0.9453579691333338, 'I_gpi': 3.0054168014786873, 'noise_stn_sigma': 5.551716206411643, 'noise_gpe_sigma': 83.56285619213514, 'noise_gpi_sigma': 116.77572461930153, 'g_stn_gpe_mult': 2.878765971684958, 'g_gpe_stn_mult': 0.28223053406695653, 'g_stn_gpi_mult': 1.7701759808998128, 'g_gpe_gpi_mult': 0.9901959464932584}. Best is trial 63 with value: 1.3259706516117515.
[I 2026-05-28 02:31:43,817] Trial 96 finished with value: 13.515122890550831 and parameters: {'ISTN': 61.43044883232093, 'I_gpe': 2.0027308012478797, 'I_gpi': 2.569551309286856, 'noise_stn_sigma': 7.8010301182055715, 'noise_gpe_sigma': 81.51319564464629, 'noise_gpi_sigma': 90.09160996029476, 'g_stn_gpe_mult': 2.3531987734187965, 'g_gpe_stn_mult': 0.22807104123930896, 'g_stn_gpi_mult': 1.7579301934804894, 'g_gpe_gpi_mult': 0.8306901828695765}. Best is trial 63 with value: 1.3259706516117515.
[I 2026-05-28 02:31:44,823] Trial 97 finished with value: 9.713905618454532 and parameters: {'ISTN': 96.0713820910913, 'I_gpe': 0.5214676384484809, 'I_gpi': 2.3956257384424076, 'noise_stn_sigma': 5.527389270804992, 'noise_gpe_sigma': 136.11968329184546, 'noise_gpi_sigma': 117.08236128697327, 'g_stn_gpe_mult': 2.929191287292281, 'g_gpe_stn_mult': 0.2080496860432518, 'g_stn_gpi_mult': 2.8229440634686567, 'g_gpe_gpi_mult': 1.0100817927878478}. Best is trial 63 with value: 1.3259706516117515.
[I 2026-05-28 02:31:45,830] Trial 98 finished with value: 12.721004879490206 and parameters: {'ISTN': 83.57490570083314, 'I_gpe': 1.06043410036621, 'I_gpi': 3.700473708415261, 'noise_stn_sigma': 4.957997099430669, 'noise_gpe_sigma': 108.65540968457417, 'noise_gpi_sigma': 117.2497449551549, 'g_stn_gpe_mult': 2.5737454000633884, 'g_gpe_stn_mult': 0.25800898332795763, 'g_stn_gpi_mult': 1.764415210501375, 'g_gpe_gpi_mult': 0.9102500963236453}. Best is trial 63 with value: 1.3259706516117515.
[I 2026-05-28 02:31:46,836] Trial 99 finished with value: 11.939705862526393 and parameters: {'ISTN': 81.92539790176296, 'I_gpe': 1.4889615632262911, 'I_gpi': 3.0898598206084578, 'noise_stn_sigma': 6.826338618263996, 'noise_gpe_sigma': 116.6755500899947, 'noise_gpi_sigma': 122.11558994281152, 'g_stn_gpe_mult': 1.8375456707092588, 'g_gpe_stn_mult': 0.21292268059625513, 'g_stn_gpi_mult': 2.9483050035642284, 'g_gpe_gpi_mult': 1.0516115481431705}. Best is trial 63 with value: 1.3259706516117515.
[I 2026-05-28 02:31:47,843] Trial 100 finished with value: 17.260444282650024 and parameters: {'ISTN': 90.81364573821186, 'I_gpe': 2.424508847137319, 'I_gpi': 3.196732492743922, 'noise_stn_sigma': 6.086745636831923, 'noise_gpe_sigma': 91.83323813068398, 'noise_gpi_sigma': 98.66322078500306, 'g_stn_gpe_mult': 3.1437196658267306, 'g_gpe_stn_mult': 0.37876078624178644, 'g_stn_gpi_mult': 1.020517768355775, 'g_gpe_gpi_mult': 0.9906248719902222}. Best is trial 63 with value: 1.3259706516117515.
[I 2026-05-28 02:31:48,851] Trial 101 finished with value: 10.26134667612073 and parameters: {'ISTN': 64.03634589908881, 'I_gpe': 0.5677658675315007, 'I_gpi': 2.6138102097896416, 'noise_stn_sigma': 5.696735021680458, 'noise_gpe_sigma': 103.78610239254262, 'noise_gpi_sigma': 127.27989062287376, 'g_stn_gpe_mult': 2.314178561096083, 'g_gpe_stn_mult': 0.4262251325438974, 'g_stn_gpi_mult': 2.292262717256651, 'g_gpe_gpi_mult': 1.160450985791654}. Best is trial 63 with value: 1.3259706516117515.
[I 2026-05-28 02:31:49,797] Trial 102 finished with value: 1000000.0 and parameters: {'ISTN': 65.7626680314621, 'I_gpe': 1.2534956518375087, 'I_gpi': 2.8168878656469527, 'noise_stn_sigma': 7.614907114434224, 'noise_gpe_sigma': 95.45976233923719, 'noise_gpi_sigma': 114.40877047733696, 'g_stn_gpe_mult': 2.71986119743749, 'g_gpe_stn_mult': 0.13319553747878893, 'g_stn_gpi_mult': 1.3027491276192191, 'g_gpe_gpi_mult': 1.170749924204016}. Best is trial 63 with value: 1.3259706516117515.
[I 2026-05-28 02:31:50,803] Trial 103 finished with value: 9.974202860314655 and parameters: {'ISTN': 95.60463039339402, 'I_gpe': 1.4206120234130437, 'I_gpi': 2.4520048278082744, 'noise_stn_sigma': 5.961244401115754, 'noise_gpe_sigma': 116.56615270016538, 'noise_gpi_sigma': 92.00744893644256, 'g_stn_gpe_mult': 3.3304219660861967, 'g_gpe_stn_mult': 0.16018289073687675, 'g_stn_gpi_mult': 2.1734395397027413, 'g_gpe_gpi_mult': 0.986492145251807}. Best is trial 63 with value: 1.3259706516117515.
[I 2026-05-28 02:31:51,809] Trial 104 finished with value: 13.116470375537812 and parameters: {'ISTN': 74.95929572276614, 'I_gpe': 0.6034296935218202, 'I_gpi': 2.970717141658632, 'noise_stn_sigma': 7.137491388348314, 'noise_gpe_sigma': 132.28100872620723, 'noise_gpi_sigma': 130.94169325338032, 'g_stn_gpe_mult': 3.2368559888695354, 'g_gpe_stn_mult': 0.3599173927016185, 'g_stn_gpi_mult': 1.5562429308546613, 'g_gpe_gpi_mult': 0.9306568984893715}. Best is trial 63 with value: 1.3259706516117515.
[I 2026-05-28 02:31:52,816] Trial 105 finished with value: 14.565771427550505 and parameters: {'ISTN': 69.18072212944938, 'I_gpe': 0.6474321749834427, 'I_gpi': 3.051413289264302, 'noise_stn_sigma': 7.129767632495035, 'noise_gpe_sigma': 131.27487627427286, 'noise_gpi_sigma': 110.60676251733737, 'g_stn_gpe_mult': 3.2944326016993335, 'g_gpe_stn_mult': 0.4477834671072808, 'g_stn_gpi_mult': 1.5309860534927766, 'g_gpe_gpi_mult': 1.046023860225812}. Best is trial 63 with value: 1.3259706516117515.
[I 2026-05-28 02:31:53,824] Trial 106 finished with value: 14.002627732623738 and parameters: {'ISTN': 90.988697565463, 'I_gpe': 0.7166369090552903, 'I_gpi': 2.9152876618906145, 'noise_stn_sigma': 5.473326926006535, 'noise_gpe_sigma': 132.05360078480302, 'noise_gpi_sigma': 122.35703645920316, 'g_stn_gpe_mult': 3.4495257475769048, 'g_gpe_stn_mult': 0.2793923098166876, 'g_stn_gpi_mult': 1.6720178846421054, 'g_gpe_gpi_mult': 0.8916921403557185}. Best is trial 63 with value: 1.3259706516117515.
[I 2026-05-28 02:31:54,833] Trial 107 finished with value: 10.388281551291609 and parameters: {'ISTN': 72.46341492192605, 'I_gpe': 0.7956418071153, 'I_gpi': 3.392642500714866, 'noise_stn_sigma': 6.956210830168149, 'noise_gpe_sigma': 136.08692864385802, 'noise_gpi_sigma': 117.1687367765727, 'g_stn_gpe_mult': 3.4717805235260664, 'g_gpe_stn_mult': 0.31618801987669043, 'g_stn_gpi_mult': 1.6004931231153328, 'g_gpe_gpi_mult': 1.1712829011761607}. Best is trial 63 with value: 1.3259706516117515.
[I 2026-05-28 02:31:55,842] Trial 108 finished with value: 13.981030321008678 and parameters: {'ISTN': 64.48090294089235, 'I_gpe': 1.262138711499372, 'I_gpi': 3.761551279852049, 'noise_stn_sigma': 5.276326694204866, 'noise_gpe_sigma': 98.1486372865205, 'noise_gpi_sigma': 113.92986870851772, 'g_stn_gpe_mult': 3.057526512299231, 'g_gpe_stn_mult': 0.24772979854804092, 'g_stn_gpi_mult': 2.1972533656219078, 'g_gpe_gpi_mult': 1.0839843325758312}. Best is trial 63 with value: 1.3259706516117515.
[I 2026-05-28 02:31:56,850] Trial 109 finished with value: 10.575511784948354 and parameters: {'ISTN': 77.170947373046, 'I_gpe': 0.8721194701354547, 'I_gpi': 2.5960644352517646, 'noise_stn_sigma': 7.063038156447185, 'noise_gpe_sigma': 106.03470831137273, 'noise_gpi_sigma': 101.52770756189064, 'g_stn_gpe_mult': 3.489986775619985, 'g_gpe_stn_mult': 0.2928484730841191, 'g_stn_gpi_mult': 2.296920800881824, 'g_gpe_gpi_mult': 0.95605642816179}. Best is trial 63 with value: 1.3259706516117515.
[I 2026-05-28 02:31:57,858] Trial 110 finished with value: 8.814468110655207 and parameters: {'ISTN': 72.24923256587581, 'I_gpe': 1.337100743989502, 'I_gpi': 3.721751654482498, 'noise_stn_sigma': 4.8670378631878854, 'noise_gpe_sigma': 116.06861169618973, 'noise_gpi_sigma': 114.45835935794662, 'g_stn_gpe_mult': 3.0575699357280426, 'g_gpe_stn_mult': 0.29953689873584477, 'g_stn_gpi_mult': 1.7414727348577415, 'g_gpe_gpi_mult': 0.980298119686259}. Best is trial 63 with value: 1.3259706516117515.
[I 2026-05-28 02:31:58,864] Trial 111 finished with value: 9.990355077019977 and parameters: {'ISTN': 71.56850679796837, 'I_gpe': 1.4939215435514475, 'I_gpi': 2.9020180259626738, 'noise_stn_sigma': 5.169183648044776, 'noise_gpe_sigma': 128.76329505889294, 'noise_gpi_sigma': 106.49725621922003, 'g_stn_gpe_mult': 2.9198184963316134, 'g_gpe_stn_mult': 0.3009181437543933, 'g_stn_gpi_mult': 1.6008436729950721, 'g_gpe_gpi_mult': 0.7181028476134361}. Best is trial 63 with value: 1.3259706516117515.
[I 2026-05-28 02:31:59,872] Trial 112 finished with value: 14.521114259541047 and parameters: {'ISTN': 77.81882407369065, 'I_gpe': 1.5988069619097391, 'I_gpi': 3.812359381495759, 'noise_stn_sigma': 6.012237475992944, 'noise_gpe_sigma': 120.89215237539781, 'noise_gpi_sigma': 74.51648603593861, 'g_stn_gpe_mult': 3.8948505829523272, 'g_gpe_stn_mult': 0.35990547842388365, 'g_stn_gpi_mult': 2.5960800313579533, 'g_gpe_gpi_mult': 1.007091315827608}. Best is trial 63 with value: 1.3259706516117515.
[I 2026-05-28 02:32:00,881] Trial 113 finished with value: 11.664790248963659 and parameters: {'ISTN': 75.3910386499543, 'I_gpe': 1.4725079568734878, 'I_gpi': 2.41399069093457, 'noise_stn_sigma': 3.766382403069202, 'noise_gpe_sigma': 119.89521384437305, 'noise_gpi_sigma': 114.78869733363828, 'g_stn_gpe_mult': 2.74386738033568, 'g_gpe_stn_mult': 0.39726046858296504, 'g_stn_gpi_mult': 2.2808319442267657, 'g_gpe_gpi_mult': 1.0890250256684069}. Best is trial 63 with value: 1.3259706516117515.
[I 2026-05-28 02:32:01,887] Trial 114 finished with value: 10.189352031491289 and parameters: {'ISTN': 77.70877362061222, 'I_gpe': 1.595693953891882, 'I_gpi': 3.0657271788232863, 'noise_stn_sigma': 6.790632849109636, 'noise_gpe_sigma': 97.0459530158184, 'noise_gpi_sigma': 119.26716391681903, 'g_stn_gpe_mult': 2.5261017147517313, 'g_gpe_stn_mult': 0.2209896138245172, 'g_stn_gpi_mult': 1.767954917286237, 'g_gpe_gpi_mult': 1.0899641807490978}. Best is trial 63 with value: 1.3259706516117515.
[I 2026-05-28 02:32:02,896] Trial 115 finished with value: 6.993099781327585 and parameters: {'ISTN': 64.16773768733107, 'I_gpe': 0.6234752234114336, 'I_gpi': 3.198123279471379, 'noise_stn_sigma': 5.570925232546, 'noise_gpe_sigma': 133.39131524725246, 'noise_gpi_sigma': 115.00642614201728, 'g_stn_gpe_mult': 1.8702043891489084, 'g_gpe_stn_mult': 0.29292109891848545, 'g_stn_gpi_mult': 1.9227973424464082, 'g_gpe_gpi_mult': 1.0993887439170629}. Best is trial 63 with value: 1.3259706516117515.
[I 2026-05-28 02:32:03,905] Trial 116 finished with value: 11.410945817911854 and parameters: {'ISTN': 64.55766062341213, 'I_gpe': 1.3746429456271476, 'I_gpi': 3.2598173777742727, 'noise_stn_sigma': 6.769124623432342, 'noise_gpe_sigma': 103.90693999172265, 'noise_gpi_sigma': 78.03564793153124, 'g_stn_gpe_mult': 3.068091405431506, 'g_gpe_stn_mult': 0.21690988191604282, 'g_stn_gpi_mult': 2.588000902859542, 'g_gpe_gpi_mult': 0.9906467059790103}. Best is trial 63 with value: 1.3259706516117515.
[I 2026-05-28 02:32:04,912] Trial 117 finished with value: 11.58852691353711 and parameters: {'ISTN': 80.19591413082667, 'I_gpe': 0.7811596921229348, 'I_gpi': 2.762919835371104, 'noise_stn_sigma': 5.478939689464536, 'noise_gpe_sigma': 144.8508211416377, 'noise_gpi_sigma': 84.21722260442566, 'g_stn_gpe_mult': 3.4454806471883446, 'g_gpe_stn_mult': 0.24779511127068124, 'g_stn_gpi_mult': 2.408219242704627, 'g_gpe_gpi_mult': 1.0260134790863311}. Best is trial 63 with value: 1.3259706516117515.
[I 2026-05-28 02:32:05,922] Trial 118 finished with value: 9.876121465525248 and parameters: {'ISTN': 62.33755514145518, 'I_gpe': 1.1320831235650788, 'I_gpi': 2.8123379656693857, 'noise_stn_sigma': 5.248923988600075, 'noise_gpe_sigma': 91.7207201038573, 'noise_gpi_sigma': 121.940854136198, 'g_stn_gpe_mult': 2.798511345315005, 'g_gpe_stn_mult': 0.2976549559140914, 'g_stn_gpi_mult': 2.1811582366380686, 'g_gpe_gpi_mult': 0.9641455716870704}. Best is trial 63 with value: 1.3259706516117515.
[I 2026-05-28 02:32:06,931] Trial 119 finished with value: 17.58072793172039 and parameters: {'ISTN': 93.31712655299953, 'I_gpe': 1.7129708878963663, 'I_gpi': 2.7013518378067642, 'noise_stn_sigma': 5.673091858700456, 'noise_gpe_sigma': 129.45968195730927, 'noise_gpi_sigma': 124.57491234920816, 'g_stn_gpe_mult': 2.638137032656666, 'g_gpe_stn_mult': 0.28721285854576056, 'g_stn_gpi_mult': 2.7675368882338516, 'g_gpe_gpi_mult': 1.0905397816387603}. Best is trial 63 with value: 1.3259706516117515.
[I 2026-05-28 02:32:07,940] Trial 120 finished with value: 7.386309797619155 and parameters: {'ISTN': 61.83871643770709, 'I_gpe': 0.8933366740997386, 'I_gpi': 3.2876602598088414, 'noise_stn_sigma': 5.111216642553079, 'noise_gpe_sigma': 120.9070284885532, 'noise_gpi_sigma': 116.58746759046272, 'g_stn_gpe_mult': 3.43065449911534, 'g_gpe_stn_mult': 0.23506017499184292, 'g_stn_gpi_mult': 1.9312373469715416, 'g_gpe_gpi_mult': 1.1413085069440703}. Best is trial 63 with value: 1.3259706516117515.
[I 2026-05-28 02:32:08,950] Trial 121 finished with value: 10.146359861982333 and parameters: {'ISTN': 77.68587690033895, 'I_gpe': 0.9455011531302915, 'I_gpi': 2.683633009150318, 'noise_stn_sigma': 5.183208642354916, 'noise_gpe_sigma': 117.76558392351845, 'noise_gpi_sigma': 110.21968828280026, 'g_stn_gpe_mult': 2.355352398152478, 'g_gpe_stn_mult': 0.38387445134958753, 'g_stn_gpi_mult': 1.8948200581182304, 'g_gpe_gpi_mult': 0.9591678552803002}. Best is trial 63 with value: 1.3259706516117515.
[I 2026-05-28 02:32:09,957] Trial 122 finished with value: 8.71779172474576 and parameters: {'ISTN': 69.82390305159778, 'I_gpe': 1.1642548850327366, 'I_gpi': 3.385421004049819, 'noise_stn_sigma': 3.234517477658267, 'noise_gpe_sigma': 105.14541009812199, 'noise_gpi_sigma': 128.37578511830827, 'g_stn_gpe_mult': 2.9692387115827543, 'g_gpe_stn_mult': 0.33746244754211485, 'g_stn_gpi_mult': 2.2278208953551393, 'g_gpe_gpi_mult': 0.8655984940176542}. Best is trial 63 with value: 1.3259706516117515.
[I 2026-05-28 02:32:10,964] Trial 123 finished with value: 8.971386193966666 and parameters: {'ISTN': 67.03461789424207, 'I_gpe': 0.9682537548457486, 'I_gpi': 2.879889790591535, 'noise_stn_sigma': 6.027988922560911, 'noise_gpe_sigma': 145.67083545196755, 'noise_gpi_sigma': 114.37613438105872, 'g_stn_gpe_mult': 2.0891413347712238, 'g_gpe_stn_mult': 0.327798173498772, 'g_stn_gpi_mult': 1.620690740397678, 'g_gpe_gpi_mult': 1.1038997130514547}. Best is trial 63 with value: 1.3259706516117515.
[I 2026-05-28 02:32:11,973] Trial 124 finished with value: 12.533644641551605 and parameters: {'ISTN': 71.30390343174281, 'I_gpe': 0.8429105917086213, 'I_gpi': 3.4158016517265644, 'noise_stn_sigma': 4.026331553651749, 'noise_gpe_sigma': 130.485320410123, 'noise_gpi_sigma': 112.60354295901459, 'g_stn_gpe_mult': 2.708414329309959, 'g_gpe_stn_mult': 0.35575449570032935, 'g_stn_gpi_mult': 1.5997445310317187, 'g_gpe_gpi_mult': 0.9636287237756531}. Best is trial 63 with value: 1.3259706516117515.
[I 2026-05-28 02:32:12,981] Trial 125 finished with value: 12.819664727187686 and parameters: {'ISTN': 69.33068607625748, 'I_gpe': 0.9283371998449784, 'I_gpi': 2.7521708985654394, 'noise_stn_sigma': 5.16644919641728, 'noise_gpe_sigma': 111.96803705122731, 'noise_gpi_sigma': 105.392927895803, 'g_stn_gpe_mult': 3.021537113022538, 'g_gpe_stn_mult': 0.28054545654460794, 'g_stn_gpi_mult': 3.0128802885250074, 'g_gpe_gpi_mult': 0.917868571994549}. Best is trial 63 with value: 1.3259706516117515.
[I 2026-05-28 02:32:13,987] Trial 126 finished with value: 7.396127943829161 and parameters: {'ISTN': 63.56581316176991, 'I_gpe': 0.8265980543789363, 'I_gpi': 3.356623035625232, 'noise_stn_sigma': 3.4195034030559404, 'noise_gpe_sigma': 115.12355202125757, 'noise_gpi_sigma': 114.92473958178401, 'g_stn_gpe_mult': 3.5438299420470223, 'g_gpe_stn_mult': 0.2651914557002889, 'g_stn_gpi_mult': 1.8926020468249305, 'g_gpe_gpi_mult': 0.9948808673241343}. Best is trial 63 with value: 1.3259706516117515.
[I 2026-05-28 02:32:14,996] Trial 127 finished with value: 8.187750203897094 and parameters: {'ISTN': 64.40200524388078, 'I_gpe': 0.8832283917256407, 'I_gpi': 3.030547950272759, 'noise_stn_sigma': 6.262786754662852, 'noise_gpe_sigma': 103.72568938574628, 'noise_gpi_sigma': 119.83602366262488, 'g_stn_gpe_mult': 2.997484724878591, 'g_gpe_stn_mult': 0.22208661252388268, 'g_stn_gpi_mult': 2.247101118325107, 'g_gpe_gpi_mult': 1.0919209879853944}. Best is trial 63 with value: 1.3259706516117515.
[I 2026-05-28 02:32:16,005] Trial 128 finished with value: 11.86104962288212 and parameters: {'ISTN': 74.68131956972445, 'I_gpe': 0.7268117498168163, 'I_gpi': 3.4994502247620303, 'noise_stn_sigma': 5.784272615432523, 'noise_gpe_sigma': 121.51566168049946, 'noise_gpi_sigma': 122.72853235673705, 'g_stn_gpe_mult': 2.303846563370416, 'g_gpe_stn_mult': 0.3237684931059658, 'g_stn_gpi_mult': 1.8062628208488438, 'g_gpe_gpi_mult': 0.9849639404364618}. Best is trial 63 with value: 1.3259706516117515.
[I 2026-05-28 02:32:17,013] Trial 129 finished with value: 13.44975013740078 and parameters: {'ISTN': 70.95136938848427, 'I_gpe': 0.9554640816764951, 'I_gpi': 3.4741714606244565, 'noise_stn_sigma': 5.137788115092722, 'noise_gpe_sigma': 132.8008478738535, 'noise_gpi_sigma': 126.87863552540007, 'g_stn_gpe_mult': 2.4773986829687034, 'g_gpe_stn_mult': 0.23885384073507088, 'g_stn_gpi_mult': 1.6335364819491192, 'g_gpe_gpi_mult': 1.1188965343556005}. Best is trial 63 with value: 1.3259706516117515.
[I 2026-05-28 02:32:18,020] Trial 130 finished with value: 12.084091842457466 and parameters: {'ISTN': 73.46771145307011, 'I_gpe': 1.7695961962046916, 'I_gpi': 4.026107086724494, 'noise_stn_sigma': 5.579108534696644, 'noise_gpe_sigma': 119.47365878168578, 'noise_gpi_sigma': 110.45166945836391, 'g_stn_gpe_mult': 2.8238947416863422, 'g_gpe_stn_mult': 0.24178891038503753, 'g_stn_gpi_mult': 2.2768534130370086, 'g_gpe_gpi_mult': 1.038903564882445}. Best is trial 63 with value: 1.3259706516117515.
[I 2026-05-28 02:32:19,029] Trial 131 finished with value: 2.8223763428477584 and parameters: {'ISTN': 64.97778706766607, 'I_gpe': 0.6383007700491828, 'I_gpi': 2.820554166340033, 'noise_stn_sigma': 3.645105880287412, 'noise_gpe_sigma': 121.69792971252606, 'noise_gpi_sigma': 116.03348357668852, 'g_stn_gpe_mult': 2.7245399333747793, 'g_gpe_stn_mult': 0.24745465147160906, 'g_stn_gpi_mult': 1.6193215544648756, 'g_gpe_gpi_mult': 0.7651221907859822}. Best is trial 63 with value: 1.3259706516117515.
