[I 2026-05-28 01:31:50,093] Trial 572 finished with value: 0.18037280965632907 and parameters: {'ISTN': 63.051887232028555, 'I_gpe': 1.4743048429876513, 'I_gpi': 2.104909400031468, 'noise_stn_sigma': 2.4405820072379236, 'noise_gpe_sigma': 87.86537584704415, 'noise_gpi_sigma': 86.89457732105248, 'g_stn_gpe_mult': 2.3701258895228587, 'g_gpe_stn_mult': 0.16755004573868387, 'g_stn_gpi_mult': 2.051010120600633, 'g_gpe_gpi_mult': 0.793741813014677}. Best is trial 507 with value: 0.14087297597185275.
[I 2026-05-28 01:31:51,098] Trial 573 finished with value: 0.18243415784664488 and parameters: {'ISTN': 62.54563482759056, 'I_gpe': 1.424022779842888, 'I_gpi': 2.1827571626308773, 'noise_stn_sigma': 2.4419780231241615, 'noise_gpe_sigma': 85.52993700084942, 'noise_gpi_sigma': 81.46611655944207, 'g_stn_gpe_mult': 2.344906960964751, 'g_gpe_stn_mult': 0.15969238229509564, 'g_stn_gpi_mult': 1.943730369654814, 'g_gpe_gpi_mult': 0.7597568265949026}. Best is trial 507 with value: 0.14087297597185275.
[I 2026-05-28 01:31:52,102] Trial 574 finished with value: 0.1631898702250373 and parameters: {'ISTN': 61.07862115954435, 'I_gpe': 1.3113457069614802, 'I_gpi': 2.294482859477303, 'noise_stn_sigma': 2.88333054903727, 'noise_gpe_sigma': 90.19842314656499, 'noise_gpi_sigma': 91.49427653888196, 'g_stn_gpe_mult': 2.4451204375175184, 'g_gpe_stn_mult': 0.16513452590109695, 'g_stn_gpi_mult': 2.0256705020484898, 'g_gpe_gpi_mult': 0.7569812668907487}. Best is trial 507 with value: 0.14087297597185275.
[I 2026-05-28 01:31:53,047] Trial 575 finished with value: 1000000.0 and parameters: {'ISTN': 62.65075840511701, 'I_gpe': 1.5488313619733374, 'I_gpi': 2.1444122061894246, 'noise_stn_sigma': 2.459151674785775, 'noise_gpe_sigma': 84.84247100784513, 'noise_gpi_sigma': 79.18197047131646, 'g_stn_gpe_mult': 2.2236127928236664, 'g_gpe_stn_mult': 0.15463322201746937, 'g_stn_gpi_mult': 1.9120032878458684, 'g_gpe_gpi_mult': 0.8103726746279243}. Best is trial 507 with value: 0.14087297597185275.
[I 2026-05-28 01:31:54,052] Trial 576 finished with value: 0.16339281647029788 and parameters: {'ISTN': 60.72923175722417, 'I_gpe': 1.5327919325421149, 'I_gpi': 2.3158982281891265, 'noise_stn_sigma': 2.548994283593615, 'noise_gpe_sigma': 84.46881928014409, 'noise_gpi_sigma': 85.25061386186076, 'g_stn_gpe_mult': 2.365618966638877, 'g_gpe_stn_mult': 0.15140421290615777, 'g_stn_gpi_mult': 1.9138546704641537, 'g_gpe_gpi_mult': 0.8151477321964249}. Best is trial 507 with value: 0.14087297597185275.
[I 2026-05-28 01:31:55,055] Trial 577 finished with value: 0.16980801554381375 and parameters: {'ISTN': 61.636333568741286, 'I_gpe': 1.3829029457571633, 'I_gpi': 2.1926684946367136, 'noise_stn_sigma': 2.4821890303869028, 'noise_gpe_sigma': 80.0796215950489, 'noise_gpi_sigma': 88.52025806866554, 'g_stn_gpe_mult': 2.3320780678129576, 'g_gpe_stn_mult': 0.16680849760282024, 'g_stn_gpi_mult': 1.8827223340747086, 'g_gpe_gpi_mult': 0.7357208051825734}. Best is trial 507 with value: 0.14087297597185275.
[I 2026-05-28 01:31:56,060] Trial 578 finished with value: 0.1731528973073604 and parameters: {'ISTN': 62.261252338074264, 'I_gpe': 1.3564063002864708, 'I_gpi': 2.2382250309938496, 'noise_stn_sigma': 2.858959145105711, 'noise_gpe_sigma': 88.04460255139448, 'noise_gpi_sigma': 89.0292038071435, 'g_stn_gpe_mult': 2.325538142219151, 'g_gpe_stn_mult': 0.14952091315184696, 'g_stn_gpi_mult': 1.916763882721588, 'g_gpe_gpi_mult': 0.7689004849733814}. Best is trial 507 with value: 0.14087297597185275.
[I 2026-05-28 01:31:57,066] Trial 579 finished with value: 0.16440740362138687 and parameters: {'ISTN': 60.14818470633285, 'I_gpe': 1.5138347554573388, 'I_gpi': 2.2335032334609455, 'noise_stn_sigma': 2.4786505671892547, 'noise_gpe_sigma': 86.1384271624562, 'noise_gpi_sigma': 96.15830282423553, 'g_stn_gpe_mult': 2.21176335851366, 'g_gpe_stn_mult': 0.1550456621744913, 'g_stn_gpi_mult': 1.9509048029751086, 'g_gpe_gpi_mult': 0.7389445182951195}. Best is trial 507 with value: 0.14087297597185275.
[I 2026-05-28 01:31:58,073] Trial 580 finished with value: 0.14274684068875532 and parameters: {'ISTN': 60.39283314641394, 'I_gpe': 1.3708482706868725, 'I_gpi': 2.24004804323027, 'noise_stn_sigma': 2.6730793556761765, 'noise_gpe_sigma': 89.87509339352133, 'noise_gpi_sigma': 88.08956332956296, 'g_stn_gpe_mult': 2.546489171334316, 'g_gpe_stn_mult': 0.16573506920436643, 'g_stn_gpi_mult': 1.9207178832470702, 'g_gpe_gpi_mult': 0.7615809905607074}. Best is trial 507 with value: 0.14087297597185275.
[I 2026-05-28 01:31:59,078] Trial 581 finished with value: 0.15687836039774378 and parameters: {'ISTN': 60.31314023002614, 'I_gpe': 1.460903883143088, 'I_gpi': 2.058296484447826, 'noise_stn_sigma': 2.881213554960421, 'noise_gpe_sigma': 87.89359923496708, 'noise_gpi_sigma': 95.30423660109476, 'g_stn_gpe_mult': 2.4048114184038, 'g_gpe_stn_mult': 0.17410575621678942, 'g_stn_gpi_mult': 1.9751572963841766, 'g_gpe_gpi_mult': 0.7620639934961144}. Best is trial 507 with value: 0.14087297597185275.
[I 2026-05-28 01:32:00,083] Trial 582 finished with value: 0.16896589735130688 and parameters: {'ISTN': 61.15649422902637, 'I_gpe': 1.3628104640808782, 'I_gpi': 2.3559695425388596, 'noise_stn_sigma': 2.4674386244436177, 'noise_gpe_sigma': 87.33645983771835, 'noise_gpi_sigma': 85.46131780657596, 'g_stn_gpe_mult': 2.362795984434567, 'g_gpe_stn_mult': 0.1638840865176221, 'g_stn_gpi_mult': 1.9353414101207471, 'g_gpe_gpi_mult': 0.7494577351547667}. Best is trial 507 with value: 0.14087297597185275.
[I 2026-05-28 01:32:01,087] Trial 583 finished with value: 0.18659724553392665 and parameters: {'ISTN': 61.94796901262061, 'I_gpe': 1.3555352177693112, 'I_gpi': 1.9795016480828536, 'noise_stn_sigma': 2.5306669512464284, 'noise_gpe_sigma': 90.07730873026452, 'noise_gpi_sigma': 94.415472916307, 'g_stn_gpe_mult': 2.5065780802327673, 'g_gpe_stn_mult': 0.18588074030190282, 'g_stn_gpi_mult': 1.8896599884112848, 'g_gpe_gpi_mult': 0.7953331767739205}. Best is trial 507 with value: 0.14087297597185275.
[I 2026-05-28 01:32:02,091] Trial 584 finished with value: 0.14120690436687922 and parameters: {'ISTN': 60.373194446643204, 'I_gpe': 1.3771966444590231, 'I_gpi': 2.1392316723278872, 'noise_stn_sigma': 2.3596104504929367, 'noise_gpe_sigma': 90.46087886631324, 'noise_gpi_sigma': 87.64006639956858, 'g_stn_gpe_mult': 2.355153138789017, 'g_gpe_stn_mult': 0.1617727223115108, 'g_stn_gpi_mult': 1.896233072804388, 'g_gpe_gpi_mult': 0.7826236789718053}. Best is trial 507 with value: 0.14087297597185275.
[I 2026-05-28 01:32:03,095] Trial 585 finished with value: 0.20290701545967355 and parameters: {'ISTN': 60.201630956894526, 'I_gpe': 1.662788940457669, 'I_gpi': 2.316376316279317, 'noise_stn_sigma': 2.6633966094219996, 'noise_gpe_sigma': 86.48639350925674, 'noise_gpi_sigma': 86.43936480711028, 'g_stn_gpe_mult': 2.491468285968303, 'g_gpe_stn_mult': 0.16124263455190396, 'g_stn_gpi_mult': 1.8866005168688935, 'g_gpe_gpi_mult': 0.7725681391539967}. Best is trial 507 with value: 0.14087297597185275.
[I 2026-05-28 01:32:04,101] Trial 586 finished with value: 0.20935432598066403 and parameters: {'ISTN': 62.22483290186, 'I_gpe': 1.482082790697977, 'I_gpi': 2.373642376301876, 'noise_stn_sigma': 2.5003764440260863, 'noise_gpe_sigma': 84.31918109355892, 'noise_gpi_sigma': 85.63581307663775, 'g_stn_gpe_mult': 2.6412192083996375, 'g_gpe_stn_mult': 0.16638501961421504, 'g_stn_gpi_mult': 1.8101715478092104, 'g_gpe_gpi_mult': 0.7990450731326704}. Best is trial 507 with value: 0.14087297597185275.
[I 2026-05-28 01:32:05,105] Trial 587 finished with value: 0.13850346536615948 and parameters: {'ISTN': 60.60118334869132, 'I_gpe': 1.3522933966107025, 'I_gpi': 2.16863704904575, 'noise_stn_sigma': 2.4640259904804305, 'noise_gpe_sigma': 90.15199205250273, 'noise_gpi_sigma': 90.38622425045027, 'g_stn_gpe_mult': 2.566549878166077, 'g_gpe_stn_mult': 0.1639393371705338, 'g_stn_gpi_mult': 1.8675144067217802, 'g_gpe_gpi_mult': 0.7787748352384349}. Best is trial 587 with value: 0.13850346536615948.
[I 2026-05-28 01:32:06,111] Trial 588 finished with value: 0.18545417027958738 and parameters: {'ISTN': 61.92490074038222, 'I_gpe': 1.4848248957359056, 'I_gpi': 2.2118847137660067, 'noise_stn_sigma': 2.7142132309258367, 'noise_gpe_sigma': 85.31207040716095, 'noise_gpi_sigma': 90.3460476305203, 'g_stn_gpe_mult': 2.53468687508068, 'g_gpe_stn_mult': 0.18494416655121088, 'g_stn_gpi_mult': 1.895875276542728, 'g_gpe_gpi_mult': 0.804867680276478}. Best is trial 587 with value: 0.13850346536615948.
[I 2026-05-28 01:32:07,115] Trial 589 finished with value: 0.18880260640981592 and parameters: {'ISTN': 62.26423915884129, 'I_gpe': 1.4551260858372246, 'I_gpi': 2.3327376349407167, 'noise_stn_sigma': 2.4617584587564223, 'noise_gpe_sigma': 86.2346505059795, 'noise_gpi_sigma': 88.63365857170021, 'g_stn_gpe_mult': 2.390633218683098, 'g_gpe_stn_mult': 0.15812205188873335, 'g_stn_gpi_mult': 1.8795375528588867, 'g_gpe_gpi_mult': 0.76434040029455}. Best is trial 587 with value: 0.13850346536615948.
[I 2026-05-28 01:32:08,121] Trial 590 finished with value: 0.1783745217170249 and parameters: {'ISTN': 64.1152098470944, 'I_gpe': 1.3215467536587462, 'I_gpi': 2.0604605377508416, 'noise_stn_sigma': 2.706316699956087, 'noise_gpe_sigma': 88.7569443520424, 'noise_gpi_sigma': 91.51293520896911, 'g_stn_gpe_mult': 2.6878019301596145, 'g_gpe_stn_mult': 0.16640767084380143, 'g_stn_gpi_mult': 2.142328211115692, 'g_gpe_gpi_mult': 0.7954302361652688}. Best is trial 587 with value: 0.13850346536615948.
[I 2026-05-28 01:32:09,127] Trial 591 finished with value: 0.17618363689144848 and parameters: {'ISTN': 62.89152880982668, 'I_gpe': 1.2331336388402863, 'I_gpi': 2.217661586562026, 'noise_stn_sigma': 2.4328606053450734, 'noise_gpe_sigma': 89.3645158538601, 'noise_gpi_sigma': 91.53460949605876, 'g_stn_gpe_mult': 2.584724074651631, 'g_gpe_stn_mult': 0.1553961515331651, 'g_stn_gpi_mult': 1.7869883932978778, 'g_gpe_gpi_mult': 0.7676044669584992}. Best is trial 587 with value: 0.13850346536615948.
[I 2026-05-28 01:32:10,133] Trial 592 finished with value: 0.14500504498027877 and parameters: {'ISTN': 60.412310317242714, 'I_gpe': 1.3508118919435916, 'I_gpi': 2.1781918101825015, 'noise_stn_sigma': 2.5039133755041325, 'noise_gpe_sigma': 87.13580308418018, 'noise_gpi_sigma': 87.06728496562715, 'g_stn_gpe_mult': 2.33977403821521, 'g_gpe_stn_mult': 0.17625057430112018, 'g_stn_gpi_mult': 1.8811257023258503, 'g_gpe_gpi_mult': 0.7489158884381324}. Best is trial 587 with value: 0.13850346536615948.
[I 2026-05-28 01:32:11,137] Trial 593 finished with value: 0.15345717738479675 and parameters: {'ISTN': 60.386124405399194, 'I_gpe': 1.4347432759451797, 'I_gpi': 2.2664773020947395, 'noise_stn_sigma': 2.4912722599128534, 'noise_gpe_sigma': 88.03532600263296, 'noise_gpi_sigma': 93.60182035426396, 'g_stn_gpe_mult': 2.354061789298714, 'g_gpe_stn_mult': 0.14311928864648676, 'g_stn_gpi_mult': 1.885306162743507, 'g_gpe_gpi_mult': 0.75709122953064}. Best is trial 587 with value: 0.13850346536615948.
[I 2026-05-28 01:32:12,141] Trial 594 finished with value: 0.1484479833032008 and parameters: {'ISTN': 61.000512548348645, 'I_gpe': 1.3331845537179103, 'I_gpi': 2.055837670809927, 'noise_stn_sigma': 2.5515824062923183, 'noise_gpe_sigma': 91.03761134331515, 'noise_gpi_sigma': 91.14205418324033, 'g_stn_gpe_mult': 2.5593549559901883, 'g_gpe_stn_mult': 0.15913943561809213, 'g_stn_gpi_mult': 1.8261739773486712, 'g_gpe_gpi_mult': 0.7634453595217814}. Best is trial 587 with value: 0.13850346536615948.
[I 2026-05-28 01:32:13,144] Trial 595 finished with value: 0.17706111663300092 and parameters: {'ISTN': 60.83082758131937, 'I_gpe': 1.392808160693114, 'I_gpi': 2.0735100599005647, 'noise_stn_sigma': 2.625191304017061, 'noise_gpe_sigma': 89.93449997332549, 'noise_gpi_sigma': 88.61377969680957, 'g_stn_gpe_mult': 2.6336714041053138, 'g_gpe_stn_mult': 0.18679499046659073, 'g_stn_gpi_mult': 1.8909973131168987, 'g_gpe_gpi_mult': 0.8062977957522643}. Best is trial 587 with value: 0.13850346536615948.
[I 2026-05-28 01:32:14,150] Trial 596 finished with value: 0.16103454346933016 and parameters: {'ISTN': 61.98799221160934, 'I_gpe': 1.3138371271214755, 'I_gpi': 2.198531585488892, 'noise_stn_sigma': 2.515756882930336, 'noise_gpe_sigma': 84.8429405365785, 'noise_gpi_sigma': 84.3147340341798, 'g_stn_gpe_mult': 2.4607876030572022, 'g_gpe_stn_mult': 0.153798916327652, 'g_stn_gpi_mult': 1.8519499907789372, 'g_gpe_gpi_mult': 0.7507454565328902}. Best is trial 587 with value: 0.13850346536615948.
[I 2026-05-28 01:32:15,156] Trial 597 finished with value: 0.1575859206389444 and parameters: {'ISTN': 62.082762307913754, 'I_gpe': 1.3438021789196246, 'I_gpi': 2.1533136483958537, 'noise_stn_sigma': 2.4934710420542197, 'noise_gpe_sigma': 88.10612604127918, 'noise_gpi_sigma': 90.11384226920619, 'g_stn_gpe_mult': 2.6508444944699665, 'g_gpe_stn_mult': 0.1563851653280206, 'g_stn_gpi_mult': 1.8730654779523495, 'g_gpe_gpi_mult': 0.7763134914598198}. Best is trial 587 with value: 0.13850346536615948.
[I 2026-05-28 01:32:16,160] Trial 598 finished with value: 0.1452287921322175 and parameters: {'ISTN': 61.42720982891694, 'I_gpe': 1.3426677359616908, 'I_gpi': 2.189171702686772, 'noise_stn_sigma': 2.223628873216171, 'noise_gpe_sigma': 90.59959708307231, 'noise_gpi_sigma': 87.09781813326317, 'g_stn_gpe_mult': 2.3458410933734295, 'g_gpe_stn_mult': 0.15981298554630696, 'g_stn_gpi_mult': 1.9001121808385522, 'g_gpe_gpi_mult': 0.8137561663750412}. Best is trial 587 with value: 0.13850346536615948.
[I 2026-05-28 01:32:17,164] Trial 599 finished with value: 0.17047465792984579 and parameters: {'ISTN': 61.14078815125082, 'I_gpe': 1.3201586956372287, 'I_gpi': 2.087987097812136, 'noise_stn_sigma': 2.4142221323404165, 'noise_gpe_sigma': 94.65425803785108, 'noise_gpi_sigma': 100.13934567297873, 'g_stn_gpe_mult': 2.025091068099276, 'g_gpe_stn_mult': 0.17124096635559016, 'g_stn_gpi_mult': 1.8074260089323768, 'g_gpe_gpi_mult': 0.7249812267812572}. Best is trial 587 with value: 0.13850346536615948.
[I 2026-05-28 01:32:18,167] Trial 600 finished with value: 0.1548808588941971 and parameters: {'ISTN': 60.959402222177935, 'I_gpe': 1.4593688054756428, 'I_gpi': 2.0653287332202437, 'noise_stn_sigma': 2.0940879337667866, 'noise_gpe_sigma': 90.8915773197445, 'noise_gpi_sigma': 95.24654953004726, 'g_stn_gpe_mult': 2.2110383139585714, 'g_gpe_stn_mult': 0.14782897737832743, 'g_stn_gpi_mult': 1.8634265908110694, 'g_gpe_gpi_mult': 0.7867463347559254}. Best is trial 587 with value: 0.13850346536615948.
[I 2026-05-28 01:32:19,174] Trial 601 finished with value: 0.1505185057665735 and parameters: {'ISTN': 60.83188861803473, 'I_gpe': 1.3408405770543714, 'I_gpi': 2.1805542008497905, 'noise_stn_sigma': 2.271126723283286, 'noise_gpe_sigma': 89.63435158709015, 'noise_gpi_sigma': 86.25679566894705, 'g_stn_gpe_mult': 2.3136834139539717, 'g_gpe_stn_mult': 0.1742985449882659, 'g_stn_gpi_mult': 1.7904384831149653, 'g_gpe_gpi_mult': 0.7853394800712088}. Best is trial 587 with value: 0.13850346536615948.
[I 2026-05-28 01:32:20,180] Trial 602 finished with value: 0.354401090242614 and parameters: {'ISTN': 60.14775166181996, 'I_gpe': 1.3140397250020783, 'I_gpi': 2.1906744278009205, 'noise_stn_sigma': 2.3042145056202408, 'noise_gpe_sigma': 85.73394197898948, 'noise_gpi_sigma': 83.57760007413225, 'g_stn_gpe_mult': 2.4280089880236506, 'g_gpe_stn_mult': 0.15967843203006887, 'g_stn_gpi_mult': 1.8775979377828325, 'g_gpe_gpi_mult': 0.7724621601536183}. Best is trial 587 with value: 0.13850346536615948.
[I 2026-05-28 01:32:21,183] Trial 603 finished with value: 0.1459702542277535 and parameters: {'ISTN': 61.15838669510094, 'I_gpe': 1.3478256481120854, 'I_gpi': 2.2538875256910713, 'noise_stn_sigma': 2.394142001196918, 'noise_gpe_sigma': 89.07495157904219, 'noise_gpi_sigma': 85.96176828523167, 'g_stn_gpe_mult': 2.411227505092941, 'g_gpe_stn_mult': 0.1605467703920032, 'g_stn_gpi_mult': 1.8375393352476932, 'g_gpe_gpi_mult': 0.7731376816142639}. Best is trial 587 with value: 0.13850346536615948.
[I 2026-05-28 01:32:22,190] Trial 604 finished with value: 0.3800362689197958 and parameters: {'ISTN': 60.78677092380365, 'I_gpe': 1.3736248152976724, 'I_gpi': 2.037611849350326, 'noise_stn_sigma': 2.1811582246099634, 'noise_gpe_sigma': 87.34980085494996, 'noise_gpi_sigma': 90.80014701709193, 'g_stn_gpe_mult': 2.3682706760788577, 'g_gpe_stn_mult': 0.1495183089085629, 'g_stn_gpi_mult': 1.8853736671153822, 'g_gpe_gpi_mult': 0.755738221833109}. Best is trial 587 with value: 0.13850346536615948.
[I 2026-05-28 01:32:23,196] Trial 605 finished with value: 0.1539337195124613 and parameters: {'ISTN': 61.56446332374805, 'I_gpe': 1.3363838563512493, 'I_gpi': 2.153832601067179, 'noise_stn_sigma': 2.437585155280002, 'noise_gpe_sigma': 87.16752315959116, 'noise_gpi_sigma': 91.83419933674816, 'g_stn_gpe_mult': 2.2508325932952387, 'g_gpe_stn_mult': 0.1513181566575634, 'g_stn_gpi_mult': 1.875009786996607, 'g_gpe_gpi_mult': 0.7692542954679424}. Best is trial 587 with value: 0.13850346536615948.
[I 2026-05-28 01:32:24,200] Trial 606 finished with value: 0.14384868898188086 and parameters: {'ISTN': 60.359714372495624, 'I_gpe': 1.4020294624605625, 'I_gpi': 2.099172267755363, 'noise_stn_sigma': 2.5956106557682794, 'noise_gpe_sigma': 84.39410072811245, 'noise_gpi_sigma': 89.53483237033696, 'g_stn_gpe_mult': 2.455391286333391, 'g_gpe_stn_mult': 0.16252192344168787, 'g_stn_gpi_mult': 1.9043735365023065, 'g_gpe_gpi_mult': 0.7333893407409944}. Best is trial 587 with value: 0.13850346536615948.
[I 2026-05-28 01:32:25,207] Trial 607 finished with value: 0.1572227376633166 and parameters: {'ISTN': 61.47789240915248, 'I_gpe': 1.3285850250443665, 'I_gpi': 2.1165125696817615, 'noise_stn_sigma': 2.175441049700928, 'noise_gpe_sigma': 85.89399232810925, 'noise_gpi_sigma': 82.6141890436578, 'g_stn_gpe_mult': 2.4960741907854604, 'g_gpe_stn_mult': 0.16924851485723222, 'g_stn_gpi_mult': 1.7133802235448004, 'g_gpe_gpi_mult': 0.7623971499613769}. Best is trial 587 with value: 0.13850346536615948.
[I 2026-05-28 01:32:26,215] Trial 608 finished with value: 0.15322406540038108 and parameters: {'ISTN': 61.64080709544072, 'I_gpe': 1.3742256577081198, 'I_gpi': 2.1418221636121277, 'noise_stn_sigma': 2.3261971840200912, 'noise_gpe_sigma': 89.00881794049135, 'noise_gpi_sigma': 84.51798431264655, 'g_stn_gpe_mult': 2.2701669118584182, 'g_gpe_stn_mult': 0.15923987398997191, 'g_stn_gpi_mult': 1.9032268434131088, 'g_gpe_gpi_mult': 0.801893177209557}. Best is trial 587 with value: 0.13850346536615948.
[I 2026-05-28 01:32:27,218] Trial 609 finished with value: 0.13765235534584677 and parameters: {'ISTN': 60.45834912613212, 'I_gpe': 1.348043571264811, 'I_gpi': 2.174825363941755, 'noise_stn_sigma': 2.288581869908114, 'noise_gpe_sigma': 91.28198261090527, 'noise_gpi_sigma': 88.80907768885825, 'g_stn_gpe_mult': 2.386290838200363, 'g_gpe_stn_mult': 0.1671159896055756, 'g_stn_gpi_mult': 1.7703784780041452, 'g_gpe_gpi_mult': 0.7768728131722442}. Best is trial 609 with value: 0.13765235534584677.
[I 2026-05-28 01:32:28,223] Trial 610 finished with value: 0.13972266487746948 and parameters: {'ISTN': 60.28210790002835, 'I_gpe': 1.385734154924581, 'I_gpi': 2.1310934747212156, 'noise_stn_sigma': 2.259952901689261, 'noise_gpe_sigma': 89.77462654484796, 'noise_gpi_sigma': 85.0443558927162, 'g_stn_gpe_mult': 2.3709986952269393, 'g_gpe_stn_mult': 0.16453823444724355, 'g_stn_gpi_mult': 1.8207420096889035, 'g_gpe_gpi_mult': 0.7542063962184791}. Best is trial 609 with value: 0.13765235534584677.
[I 2026-05-28 01:32:29,228] Trial 611 finished with value: 0.16380932851532604 and parameters: {'ISTN': 61.47725044008057, 'I_gpe': 1.3801728903566068, 'I_gpi': 2.0935480451028, 'noise_stn_sigma': 2.486909074057338, 'noise_gpe_sigma': 89.62190671494623, 'noise_gpi_sigma': 79.02471630495171, 'g_stn_gpe_mult': 2.45911164333327, 'g_gpe_stn_mult': 0.166967644758238, 'g_stn_gpi_mult': 1.8581455137223775, 'g_gpe_gpi_mult': 0.7887146361667825}. Best is trial 609 with value: 0.13765235534584677.
[I 2026-05-28 01:32:30,233] Trial 612 finished with value: 0.14692989493238792 and parameters: {'ISTN': 61.34672514208196, 'I_gpe': 1.3991922628480673, 'I_gpi': 2.093229028833675, 'noise_stn_sigma': 2.0084752197056135, 'noise_gpe_sigma': 89.23951368055464, 'noise_gpi_sigma': 88.65942893826318, 'g_stn_gpe_mult': 2.3616473152203636, 'g_gpe_stn_mult': 0.15587428104773607, 'g_stn_gpi_mult': 1.7210420418990036, 'g_gpe_gpi_mult': 0.7694700611918122}. Best is trial 609 with value: 0.13765235534584677.
[I 2026-05-28 01:32:31,239] Trial 613 finished with value: 0.14362470918852427 and parameters: {'ISTN': 60.61291384209838, 'I_gpe': 1.373243644963273, 'I_gpi': 2.2115501625499414, 'noise_stn_sigma': 2.2848605656311918, 'noise_gpe_sigma': 89.33530051073704, 'noise_gpi_sigma': 92.57933642155476, 'g_stn_gpe_mult': 2.411798207414877, 'g_gpe_stn_mult': 0.16114063543883395, 'g_stn_gpi_mult': 1.786263091537609, 'g_gpe_gpi_mult': 0.7676109099277666}. Best is trial 609 with value: 0.13765235534584677.
[I 2026-05-28 01:32:32,242] Trial 614 finished with value: 0.15155688357153255 and parameters: {'ISTN': 60.750017961717205, 'I_gpe': 1.4430044930454264, 'I_gpi': 2.094298282041882, 'noise_stn_sigma': 2.635535985609342, 'noise_gpe_sigma': 90.23896801458353, 'noise_gpi_sigma': 86.11943005396841, 'g_stn_gpe_mult': 2.466402683294211, 'g_gpe_stn_mult': 0.16492930381567675, 'g_stn_gpi_mult': 1.8866961569200635, 'g_gpe_gpi_mult': 0.7785667164262511}. Best is trial 609 with value: 0.13765235534584677.
[I 2026-05-28 01:32:33,247] Trial 615 finished with value: 0.17773636297364795 and parameters: {'ISTN': 60.7885890130914, 'I_gpe': 1.3445877736360643, 'I_gpi': 2.196915633548719, 'noise_stn_sigma': 2.235888036315928, 'noise_gpe_sigma': 92.82788291786729, 'noise_gpi_sigma': 92.29901966242393, 'g_stn_gpe_mult': 2.267295771432378, 'g_gpe_stn_mult': 0.1415534797851596, 'g_stn_gpi_mult': 1.8005279087224955, 'g_gpe_gpi_mult': 0.7470589401327519}. Best is trial 609 with value: 0.13765235534584677.
