[I 2026-05-28 02:05:02,379] Trial 528 finished with value: 18.591338982870734 and parameters: {'ISTN': 63.8638331514411, 'I_gpe': 0.8348224944624771, 'I_gpi': 3.4913344342144716, 'noise_stn_sigma': 5.297163632526418, 'noise_gpe_sigma': 85.86272910135787, 'noise_gpi_sigma': 89.5402298574905, 'g_stn_gpe_mult': 1.5750849903406698, 'g_gpe_stn_mult': 0.24454556456745538, 'g_stn_gpi_mult': 3.4398542061881088, 'g_gpe_gpi_mult': 0.8882533577936673}. Best is trial 98 with value: 0.5979484317983877.
[I 2026-05-28 02:05:03,386] Trial 529 finished with value: 4.878050506286085 and parameters: {'ISTN': 68.37281782128814, 'I_gpe': 0.8475940277260637, 'I_gpi': 3.4299773013595987, 'noise_stn_sigma': 5.276038800543501, 'noise_gpe_sigma': 84.83307166211847, 'noise_gpi_sigma': 85.0170706780241, 'g_stn_gpe_mult': 1.7406139932135607, 'g_gpe_stn_mult': 0.22780442959186295, 'g_stn_gpi_mult': 3.503172471811472, 'g_gpe_gpi_mult': 0.9104092110838762}. Best is trial 98 with value: 0.5979484317983877.
[I 2026-05-28 02:05:04,393] Trial 530 finished with value: 7.422050832203481 and parameters: {'ISTN': 63.888532701240194, 'I_gpe': 0.8826351663843033, 'I_gpi': 3.4483050287076478, 'noise_stn_sigma': 5.3738378902254205, 'noise_gpe_sigma': 85.04767347386633, 'noise_gpi_sigma': 90.75120592245591, 'g_stn_gpe_mult': 1.5877659004292621, 'g_gpe_stn_mult': 0.2415070530928443, 'g_stn_gpi_mult': 3.334674871818413, 'g_gpe_gpi_mult': 0.8611273630269705}. Best is trial 98 with value: 0.5979484317983877.
[I 2026-05-28 02:05:05,402] Trial 531 finished with value: 1.2879702567765023 and parameters: {'ISTN': 65.53196281146796, 'I_gpe': 0.911182050704973, 'I_gpi': 3.2977207858514612, 'noise_stn_sigma': 5.242164773228464, 'noise_gpe_sigma': 87.44079675311059, 'noise_gpi_sigma': 88.05641102951688, 'g_stn_gpe_mult': 1.5447345622503357, 'g_gpe_stn_mult': 0.24577203780086543, 'g_stn_gpi_mult': 3.393272002083296, 'g_gpe_gpi_mult': 0.861247263097983}. Best is trial 98 with value: 0.5979484317983877.
[I 2026-05-28 02:05:06,410] Trial 532 finished with value: 3.1349803442868924 and parameters: {'ISTN': 67.70983500467545, 'I_gpe': 0.8476105217654996, 'I_gpi': 3.5330926472307835, 'noise_stn_sigma': 5.374222727444527, 'noise_gpe_sigma': 87.47308502038872, 'noise_gpi_sigma': 88.46743401135562, 'g_stn_gpe_mult': 1.66504856834267, 'g_gpe_stn_mult': 0.23462025969030156, 'g_stn_gpi_mult': 3.404386741151074, 'g_gpe_gpi_mult': 0.8828094947008611}. Best is trial 98 with value: 0.5979484317983877.
[I 2026-05-28 02:05:07,418] Trial 533 finished with value: 7.680768940190671 and parameters: {'ISTN': 67.72346347598821, 'I_gpe': 0.8860077223388819, 'I_gpi': 3.495568065113131, 'noise_stn_sigma': 5.211246795735389, 'noise_gpe_sigma': 83.35236937951885, 'noise_gpi_sigma': 89.2534972937371, 'g_stn_gpe_mult': 1.5342392593890222, 'g_gpe_stn_mult': 0.2539461306556554, 'g_stn_gpi_mult': 3.3328691489632876, 'g_gpe_gpi_mult': 0.8620730992221672}. Best is trial 98 with value: 0.5979484317983877.
[I 2026-05-28 02:05:08,425] Trial 534 finished with value: 1.475670429881385 and parameters: {'ISTN': 66.60633913265201, 'I_gpe': 0.9214098032868807, 'I_gpi': 3.402357212650206, 'noise_stn_sigma': 5.188764377858004, 'noise_gpe_sigma': 88.93180866033929, 'noise_gpi_sigma': 84.74058395848154, 'g_stn_gpe_mult': 1.6734081830577245, 'g_gpe_stn_mult': 0.24463780712633681, 'g_stn_gpi_mult': 3.328720976192092, 'g_gpe_gpi_mult': 0.8922101394621225}. Best is trial 98 with value: 0.5979484317983877.
[I 2026-05-28 02:05:09,434] Trial 535 finished with value: 11.184500029084791 and parameters: {'ISTN': 67.57336657814739, 'I_gpe': 0.8771287488051938, 'I_gpi': 3.4629369485613553, 'noise_stn_sigma': 5.027201676796183, 'noise_gpe_sigma': 83.15018574565877, 'noise_gpi_sigma': 87.764853407526, 'g_stn_gpe_mult': 1.5997495281456238, 'g_gpe_stn_mult': 0.2721803674079166, 'g_stn_gpi_mult': 3.328097812863329, 'g_gpe_gpi_mult': 0.8810963041742992}. Best is trial 98 with value: 0.5979484317983877.
[I 2026-05-28 02:05:10,445] Trial 536 finished with value: 1.5868273030331952 and parameters: {'ISTN': 66.78913727724006, 'I_gpe': 0.8512230218107917, 'I_gpi': 3.4768258072796727, 'noise_stn_sigma': 5.224670873711683, 'noise_gpe_sigma': 89.0979349596054, 'noise_gpi_sigma': 89.84989480160425, 'g_stn_gpe_mult': 1.5924551873383166, 'g_gpe_stn_mult': 0.2495450144501381, 'g_stn_gpi_mult': 3.3081970372955705, 'g_gpe_gpi_mult': 0.8695196664283662}. Best is trial 98 with value: 0.5979484317983877.
[I 2026-05-28 02:05:11,455] Trial 537 finished with value: 7.809654708650502 and parameters: {'ISTN': 63.74238106721225, 'I_gpe': 0.9444398784770007, 'I_gpi': 3.378636054305402, 'noise_stn_sigma': 5.520344070553332, 'noise_gpe_sigma': 86.52130186977884, 'noise_gpi_sigma': 91.23825820120068, 'g_stn_gpe_mult': 1.6365742942714878, 'g_gpe_stn_mult': 0.2500736459903281, 'g_stn_gpi_mult': 3.5168376067283145, 'g_gpe_gpi_mult': 0.8597571133330164}. Best is trial 98 with value: 0.5979484317983877.
[I 2026-05-28 02:05:12,403] Trial 538 finished with value: 1000000.0 and parameters: {'ISTN': 64.51970343486158, 'I_gpe': 0.8411656633917097, 'I_gpi': 3.4598332314412503, 'noise_stn_sigma': 5.144665468941506, 'noise_gpe_sigma': 82.70884810049891, 'noise_gpi_sigma': 88.60919212572446, 'g_stn_gpe_mult': 1.5163189097293555, 'g_gpe_stn_mult': 0.2470895291527855, 'g_stn_gpi_mult': 3.460116417056874, 'g_gpe_gpi_mult': 0.8715819283274964}. Best is trial 98 with value: 0.5979484317983877.
[I 2026-05-28 02:05:13,411] Trial 539 finished with value: 1.5038280036148401 and parameters: {'ISTN': 66.90477784052753, 'I_gpe': 0.9336655462329325, 'I_gpi': 3.387313589833424, 'noise_stn_sigma': 5.121813551755979, 'noise_gpe_sigma': 87.64276946603184, 'noise_gpi_sigma': 83.34534769769158, 'g_stn_gpe_mult': 1.6162555801013727, 'g_gpe_stn_mult': 0.23305863426514836, 'g_stn_gpi_mult': 3.350728711303625, 'g_gpe_gpi_mult': 0.8878521769695626}. Best is trial 98 with value: 0.5979484317983877.
[I 2026-05-28 02:05:14,419] Trial 540 finished with value: 4.57675105806448 and parameters: {'ISTN': 66.37995718821416, 'I_gpe': 0.8692136701944277, 'I_gpi': 3.340971004852078, 'noise_stn_sigma': 5.389710116668706, 'noise_gpe_sigma': 80.71125570215543, 'noise_gpi_sigma': 89.38896585388328, 'g_stn_gpe_mult': 1.7131104579467604, 'g_gpe_stn_mult': 0.2684973038915418, 'g_stn_gpi_mult': 3.3536571182366077, 'g_gpe_gpi_mult': 0.8692535393134753}. Best is trial 98 with value: 0.5979484317983877.
[I 2026-05-28 02:05:15,425] Trial 541 finished with value: 1.3425173289522454 and parameters: {'ISTN': 66.4650483897612, 'I_gpe': 0.8608769920584244, 'I_gpi': 3.2870121504656105, 'noise_stn_sigma': 5.286520162791837, 'noise_gpe_sigma': 87.94740240027406, 'noise_gpi_sigma': 90.38673910463262, 'g_stn_gpe_mult': 1.8628155221694151, 'g_gpe_stn_mult': 0.25001161058900423, 'g_stn_gpi_mult': 3.3081716615198307, 'g_gpe_gpi_mult': 0.86770753675303}. Best is trial 98 with value: 0.5979484317983877.
[I 2026-05-28 02:05:16,432] Trial 542 finished with value: 1.400587981783031 and parameters: {'ISTN': 65.39334395586742, 'I_gpe': 0.8774427345528507, 'I_gpi': 3.3763600023468427, 'noise_stn_sigma': 5.209460265232566, 'noise_gpe_sigma': 88.37588980178559, 'noise_gpi_sigma': 86.93284624394938, 'g_stn_gpe_mult': 1.6714030048238426, 'g_gpe_stn_mult': 0.2583684823657338, 'g_stn_gpi_mult': 3.4347920555761755, 'g_gpe_gpi_mult': 0.882952666245794}. Best is trial 98 with value: 0.5979484317983877.
[I 2026-05-28 02:05:17,439] Trial 543 finished with value: 25.88547734833203 and parameters: {'ISTN': 69.1566482717349, 'I_gpe': 0.9448084553822186, 'I_gpi': 3.5275458819071708, 'noise_stn_sigma': 5.277156335061556, 'noise_gpe_sigma': 87.38974425240475, 'noise_gpi_sigma': 83.88428566460315, 'g_stn_gpe_mult': 1.6069039310175306, 'g_gpe_stn_mult': 0.25596245104352927, 'g_stn_gpi_mult': 3.3166956842250896, 'g_gpe_gpi_mult': 0.8935055004241499}. Best is trial 98 with value: 0.5979484317983877.
[I 2026-05-28 02:05:18,448] Trial 544 finished with value: 9.53459046653821 and parameters: {'ISTN': 68.72496157666129, 'I_gpe': 0.9131323803373113, 'I_gpi': 3.244119504195281, 'noise_stn_sigma': 5.1976033897128255, 'noise_gpe_sigma': 88.8750561716799, 'noise_gpi_sigma': 85.56598686053388, 'g_stn_gpe_mult': 1.6204911138299087, 'g_gpe_stn_mult': 0.23485152003207557, 'g_stn_gpi_mult': 3.366162252654326, 'g_gpe_gpi_mult': 0.8786416390913634}. Best is trial 98 with value: 0.5979484317983877.
[I 2026-05-28 02:05:19,457] Trial 545 finished with value: 1.38294891158711 and parameters: {'ISTN': 66.46873810944614, 'I_gpe': 0.8516431663966717, 'I_gpi': 3.345856719188098, 'noise_stn_sigma': 5.21319611259106, 'noise_gpe_sigma': 86.65968513494782, 'noise_gpi_sigma': 83.91314579720131, 'g_stn_gpe_mult': 1.745345155464505, 'g_gpe_stn_mult': 0.2409859016054558, 'g_stn_gpi_mult': 3.3050102199846028, 'g_gpe_gpi_mult': 0.8983144904164468}. Best is trial 98 with value: 0.5979484317983877.
[I 2026-05-28 02:05:20,465] Trial 546 finished with value: 3.709194718820034 and parameters: {'ISTN': 67.75951259318354, 'I_gpe': 0.9439366761018101, 'I_gpi': 3.3384691222911314, 'noise_stn_sigma': 5.100381052123386, 'noise_gpe_sigma': 87.43277505065981, 'noise_gpi_sigma': 88.98398239034124, 'g_stn_gpe_mult': 1.56477464723478, 'g_gpe_stn_mult': 0.23960822765112783, 'g_stn_gpi_mult': 3.365093950415882, 'g_gpe_gpi_mult': 0.8571010126585745}. Best is trial 98 with value: 0.5979484317983877.
[I 2026-05-28 02:05:21,471] Trial 547 finished with value: 10.757906915925584 and parameters: {'ISTN': 62.07116778247004, 'I_gpe': 0.9387844598190411, 'I_gpi': 3.396368294662941, 'noise_stn_sigma': 5.06591281381359, 'noise_gpe_sigma': 89.484032216916, 'noise_gpi_sigma': 82.61951250734742, 'g_stn_gpe_mult': 1.6620682656565577, 'g_gpe_stn_mult': 0.22003112305037487, 'g_stn_gpi_mult': 3.306592565716961, 'g_gpe_gpi_mult': 0.9026022745326792}. Best is trial 98 with value: 0.5979484317983877.
[I 2026-05-28 02:05:22,478] Trial 548 finished with value: 8.047832698315263 and parameters: {'ISTN': 68.50268917121667, 'I_gpe': 0.9023453777071824, 'I_gpi': 3.2281985268333013, 'noise_stn_sigma': 5.106038176666285, 'noise_gpe_sigma': 90.48653126352812, 'noise_gpi_sigma': 84.79739494195573, 'g_stn_gpe_mult': 1.5211302101368143, 'g_gpe_stn_mult': 0.23719504897022645, 'g_stn_gpi_mult': 3.277103454130394, 'g_gpe_gpi_mult': 0.8748811149331885}. Best is trial 98 with value: 0.5979484317983877.
[I 2026-05-28 02:05:23,484] Trial 549 finished with value: 6.615206480026631 and parameters: {'ISTN': 63.9529362030618, 'I_gpe': 0.899076618929628, 'I_gpi': 3.307258559891637, 'noise_stn_sigma': 5.273786573954151, 'noise_gpe_sigma': 86.97244953699803, 'noise_gpi_sigma': 87.24860256387399, 'g_stn_gpe_mult': 1.6055698974498407, 'g_gpe_stn_mult': 0.24637622908309048, 'g_stn_gpi_mult': 3.3940009493372476, 'g_gpe_gpi_mult': 0.8749233981040665}. Best is trial 98 with value: 0.5979484317983877.
[I 2026-05-28 02:05:24,494] Trial 550 finished with value: 11.016645359335048 and parameters: {'ISTN': 67.26539403122615, 'I_gpe': 1.0055010110859786, 'I_gpi': 3.3382656705065874, 'noise_stn_sigma': 5.168909920683102, 'noise_gpe_sigma': 82.60781764024736, 'noise_gpi_sigma': 88.32523222779054, 'g_stn_gpe_mult': 1.63292960667436, 'g_gpe_stn_mult': 0.25328568243808985, 'g_stn_gpi_mult': 3.305892629140467, 'g_gpe_gpi_mult': 0.8684612205244162}. Best is trial 98 with value: 0.5979484317983877.
[I 2026-05-28 02:05:25,502] Trial 551 finished with value: 5.172964246934543 and parameters: {'ISTN': 64.44949876530117, 'I_gpe': 0.8420325265006019, 'I_gpi': 3.2150103577472864, 'noise_stn_sigma': 5.240781551749377, 'noise_gpe_sigma': 87.49065835619541, 'noise_gpi_sigma': 82.912480671776, 'g_stn_gpe_mult': 1.8257116499811776, 'g_gpe_stn_mult': 0.23879977735165103, 'g_stn_gpi_mult': 3.3006266636146537, 'g_gpe_gpi_mult': 0.877937412476933}. Best is trial 98 with value: 0.5979484317983877.
[I 2026-05-28 02:05:26,510] Trial 552 finished with value: 1.506145598597921 and parameters: {'ISTN': 66.61147227683496, 'I_gpe': 0.8596161035653135, 'I_gpi': 3.3338873142378316, 'noise_stn_sigma': 4.874641984559668, 'noise_gpe_sigma': 92.30922013988086, 'noise_gpi_sigma': 83.81356031895996, 'g_stn_gpe_mult': 1.7997734835764363, 'g_gpe_stn_mult': 0.23128328859033026, 'g_stn_gpi_mult': 3.3977102612851198, 'g_gpe_gpi_mult': 0.899139134717311}. Best is trial 98 with value: 0.5979484317983877.
[I 2026-05-28 02:05:27,518] Trial 553 finished with value: 16.311085037031223 and parameters: {'ISTN': 63.577758849265855, 'I_gpe': 0.7971540711715315, 'I_gpi': 3.3205716824982443, 'noise_stn_sigma': 5.31642786495612, 'noise_gpe_sigma': 91.9687164334139, 'noise_gpi_sigma': 86.55712845662518, 'g_stn_gpe_mult': 1.7768718694078978, 'g_gpe_stn_mult': 0.23944609608795245, 'g_stn_gpi_mult': 3.385942026827529, 'g_gpe_gpi_mult': 0.8663484292325003}. Best is trial 98 with value: 0.5979484317983877.
[I 2026-05-28 02:05:28,524] Trial 554 finished with value: 6.069705920145499 and parameters: {'ISTN': 64.23280629150655, 'I_gpe': 0.8938774961732674, 'I_gpi': 3.347028495747236, 'noise_stn_sigma': 4.995320660372284, 'noise_gpe_sigma': 86.55921145068831, 'noise_gpi_sigma': 84.38171465348235, 'g_stn_gpe_mult': 1.6826911255456827, 'g_gpe_stn_mult': 0.24019322068063703, 'g_stn_gpi_mult': 3.3416910807182076, 'g_gpe_gpi_mult': 0.8699420281323151}. Best is trial 98 with value: 0.5979484317983877.
[I 2026-05-28 02:05:29,531] Trial 555 finished with value: 1.4040276522447168 and parameters: {'ISTN': 65.92803433678155, 'I_gpe': 0.8498316377030619, 'I_gpi': 3.399802973059696, 'noise_stn_sigma': 5.2456683580167205, 'noise_gpe_sigma': 88.82690155542228, 'noise_gpi_sigma': 85.07832654542537, 'g_stn_gpe_mult': 1.722796085572824, 'g_gpe_stn_mult': 0.23564211898538398, 'g_stn_gpi_mult': 3.4359380492520017, 'g_gpe_gpi_mult': 0.8869250511087545}. Best is trial 98 with value: 0.5979484317983877.
[I 2026-05-28 02:05:30,538] Trial 556 finished with value: 1.3212834489180199 and parameters: {'ISTN': 64.97774844836911, 'I_gpe': 0.8631190558858428, 'I_gpi': 3.335648507850281, 'noise_stn_sigma': 4.999920305873259, 'noise_gpe_sigma': 88.31354855777245, 'noise_gpi_sigma': 86.45217705887111, 'g_stn_gpe_mult': 1.729506361653316, 'g_gpe_stn_mult': 0.2636551792720009, 'g_stn_gpi_mult': 3.3834570468724743, 'g_gpe_gpi_mult': 0.8840350341323786}. Best is trial 98 with value: 0.5979484317983877.
[I 2026-05-28 02:05:31,546] Trial 557 finished with value: 24.72725905100524 and parameters: {'ISTN': 69.09259883190703, 'I_gpe': 0.900113369748726, 'I_gpi': 3.4076825088020337, 'noise_stn_sigma': 5.3635412311183375, 'noise_gpe_sigma': 85.6340890044749, 'noise_gpi_sigma': 85.80930901561408, 'g_stn_gpe_mult': 1.6946368405024719, 'g_gpe_stn_mult': 0.2754381619930223, 'g_stn_gpi_mult': 3.4065800642272337, 'g_gpe_gpi_mult': 0.8706263991617016}. Best is trial 98 with value: 0.5979484317983877.
[I 2026-05-28 02:05:32,552] Trial 558 finished with value: 1.3729364533718071 and parameters: {'ISTN': 66.56249721705277, 'I_gpe': 0.840530035219083, 'I_gpi': 3.3451858619950117, 'noise_stn_sigma': 5.39212697713909, 'noise_gpe_sigma': 82.7658387134102, 'noise_gpi_sigma': 88.98087421288616, 'g_stn_gpe_mult': 1.833099492056575, 'g_gpe_stn_mult': 0.2421023241427275, 'g_stn_gpi_mult': 3.3032984088167394, 'g_gpe_gpi_mult': 0.8790595095203901}. Best is trial 98 with value: 0.5979484317983877.
[I 2026-05-28 02:05:33,559] Trial 559 finished with value: 17.297163002736262 and parameters: {'ISTN': 64.01368490668648, 'I_gpe': 0.7835440900159287, 'I_gpi': 3.2602441275681167, 'noise_stn_sigma': 5.195391616633936, 'noise_gpe_sigma': 89.68384897079336, 'noise_gpi_sigma': 87.02160792155289, 'g_stn_gpe_mult': 1.8446296783184688, 'g_gpe_stn_mult': 0.21276393800546078, 'g_stn_gpi_mult': 3.3232916130098156, 'g_gpe_gpi_mult': 0.8675834724632854}. Best is trial 98 with value: 0.5979484317983877.
[I 2026-05-28 02:05:34,566] Trial 560 finished with value: 1.9538980878845993 and parameters: {'ISTN': 61.54371833638923, 'I_gpe': 0.8381310490440186, 'I_gpi': 3.314114726157385, 'noise_stn_sigma': 5.055183833694034, 'noise_gpe_sigma': 89.5189486595588, 'noise_gpi_sigma': 89.18521548114312, 'g_stn_gpe_mult': 1.7896336784446396, 'g_gpe_stn_mult': 0.2242796736039389, 'g_stn_gpi_mult': 3.422811332512944, 'g_gpe_gpi_mult': 0.8690472518696797}. Best is trial 98 with value: 0.5979484317983877.
[I 2026-05-28 02:05:35,574] Trial 561 finished with value: 11.269281174220199 and parameters: {'ISTN': 68.00023055023877, 'I_gpe': 0.9033560954270788, 'I_gpi': 3.3542806060312707, 'noise_stn_sigma': 5.133737603448314, 'noise_gpe_sigma': 87.0571472584705, 'noise_gpi_sigma': 86.52356105453704, 'g_stn_gpe_mult': 1.7988023616140525, 'g_gpe_stn_mult': 0.25367552726576315, 'g_stn_gpi_mult': 3.380785210695447, 'g_gpe_gpi_mult': 0.8853834303427783}. Best is trial 98 with value: 0.5979484317983877.
[I 2026-05-28 02:05:36,583] Trial 562 finished with value: 1.335454405421379 and parameters: {'ISTN': 66.15265149294154, 'I_gpe': 0.8343694486425615, 'I_gpi': 3.326610177591067, 'noise_stn_sigma': 4.988471864449304, 'noise_gpe_sigma': 93.70410208968164, 'noise_gpi_sigma': 87.60780002528378, 'g_stn_gpe_mult': 1.669399363475436, 'g_gpe_stn_mult': 0.2524022433226393, 'g_stn_gpi_mult': 3.3209328042981925, 'g_gpe_gpi_mult': 0.8914250203057601}. Best is trial 98 with value: 0.5979484317983877.
[I 2026-05-28 02:05:37,588] Trial 563 finished with value: 1.9609427437386815 and parameters: {'ISTN': 66.82517134301982, 'I_gpe': 0.888639893761102, 'I_gpi': 3.3335795089358524, 'noise_stn_sigma': 5.147917090527278, 'noise_gpe_sigma': 89.18489382640928, 'noise_gpi_sigma': 84.73019625680224, 'g_stn_gpe_mult': 1.7215041944225533, 'g_gpe_stn_mult': 0.25031001495222055, 'g_stn_gpi_mult': 3.376914784415046, 'g_gpe_gpi_mult': 0.8806892406659135}. Best is trial 98 with value: 0.5979484317983877.
[I 2026-05-28 02:05:38,595] Trial 564 finished with value: 4.5641621946143776 and parameters: {'ISTN': 63.02761602399854, 'I_gpe': 0.8183453071601252, 'I_gpi': 3.289035302008081, 'noise_stn_sigma': 5.0714620164322755, 'noise_gpe_sigma': 87.06165674520179, 'noise_gpi_sigma': 85.69129866986673, 'g_stn_gpe_mult': 1.8099837532402758, 'g_gpe_stn_mult': 0.25339508188289, 'g_stn_gpi_mult': 3.4435670528470705, 'g_gpe_gpi_mult': 0.8753996318771669}. Best is trial 98 with value: 0.5979484317983877.
[I 2026-05-28 02:05:39,602] Trial 565 finished with value: 1.762478770953951 and parameters: {'ISTN': 66.29854030439512, 'I_gpe': 0.907802441181055, 'I_gpi': 3.344749536198334, 'noise_stn_sigma': 5.038587256006751, 'noise_gpe_sigma': 87.21327815215696, 'noise_gpi_sigma': 86.3729912728812, 'g_stn_gpe_mult': 1.776308746494421, 'g_gpe_stn_mult': 0.2537602311041014, 'g_stn_gpi_mult': 3.4066625188355353, 'g_gpe_gpi_mult': 0.8737477647494316}. Best is trial 98 with value: 0.5979484317983877.
[I 2026-05-28 02:05:40,609] Trial 566 finished with value: 1.4016173342070066 and parameters: {'ISTN': 65.82474807025727, 'I_gpe': 0.8659775168164154, 'I_gpi': 3.3610347782093304, 'noise_stn_sigma': 5.217491496740905, 'noise_gpe_sigma': 83.97400108239229, 'noise_gpi_sigma': 83.66586594902347, 'g_stn_gpe_mult': 1.6316125833996353, 'g_gpe_stn_mult': 0.251469438402252, 'g_stn_gpi_mult': 3.3931396058237224, 'g_gpe_gpi_mult': 0.8940392280710832}. Best is trial 98 with value: 0.5979484317983877.
[I 2026-05-28 02:05:41,616] Trial 567 finished with value: 8.518279044076928 and parameters: {'ISTN': 66.76449472020559, 'I_gpe': 0.7977828234551707, 'I_gpi': 3.384504775661668, 'noise_stn_sigma': 5.085237957376286, 'noise_gpe_sigma': 90.13035137351541, 'noise_gpi_sigma': 85.12117282891475, 'g_stn_gpe_mult': 1.8585151511847229, 'g_gpe_stn_mult': 0.25405051512819476, 'g_stn_gpi_mult': 3.406677110333288, 'g_gpe_gpi_mult': 0.9015422690156305}. Best is trial 98 with value: 0.5979484317983877.
[I 2026-05-28 02:05:42,622] Trial 568 finished with value: 15.897166849594765 and parameters: {'ISTN': 67.73236187050082, 'I_gpe': 0.8617364504173692, 'I_gpi': 3.2899396140290613, 'noise_stn_sigma': 5.078901639448908, 'noise_gpe_sigma': 85.46685211882826, 'noise_gpi_sigma': 87.48149344070465, 'g_stn_gpe_mult': 1.7538695976946175, 'g_gpe_stn_mult': 0.26064468309206024, 'g_stn_gpi_mult': 3.2728304557811803, 'g_gpe_gpi_mult': 0.8614120519088699}. Best is trial 98 with value: 0.5979484317983877.
[I 2026-05-28 02:05:43,629] Trial 569 finished with value: 2.2416614187119954 and parameters: {'ISTN': 66.53806966370193, 'I_gpe': 0.9043463743272746, 'I_gpi': 3.288146417689647, 'noise_stn_sigma': 5.035052352666339, 'noise_gpe_sigma': 87.04003697358947, 'noise_gpi_sigma': 85.01263345869366, 'g_stn_gpe_mult': 1.7257594098270976, 'g_gpe_stn_mult': 0.251796942902545, 'g_stn_gpi_mult': 3.464405651345968, 'g_gpe_gpi_mult': 0.8862770568575122}. Best is trial 98 with value: 0.5979484317983877.
[I 2026-05-28 02:05:44,636] Trial 570 finished with value: 1.3743261166174174 and parameters: {'ISTN': 66.68939442438896, 'I_gpe': 0.8441022738095654, 'I_gpi': 3.3313119373265128, 'noise_stn_sigma': 5.26567243184834, 'noise_gpe_sigma': 88.3071774779817, 'noise_gpi_sigma': 86.66893681966611, 'g_stn_gpe_mult': 1.7869215037545585, 'g_gpe_stn_mult': 0.23558679090034218, 'g_stn_gpi_mult': 3.3605095424373053, 'g_gpe_gpi_mult': 0.9080365957965639}. Best is trial 98 with value: 0.5979484317983877.
[I 2026-05-28 02:05:45,643] Trial 571 finished with value: 1.3701963834668052 and parameters: {'ISTN': 64.76671721022082, 'I_gpe': 0.8889486770340082, 'I_gpi': 3.4110458562906376, 'noise_stn_sigma': 4.9932230744444475, 'noise_gpe_sigma': 90.55917873639157, 'noise_gpi_sigma': 85.46818132395047, 'g_stn_gpe_mult': 1.6405475284329438, 'g_gpe_stn_mult': 0.25915433271915733, 'g_stn_gpi_mult': 3.3548488269048247, 'g_gpe_gpi_mult': 0.8982219746295181}. Best is trial 98 with value: 0.5979484317983877.
