[I 2026-05-28 02:10:56,613] Trial 880 finished with value: 0.91365391782467 and parameters: {'ISTN': 64.6554460281999, 'I_gpe': 0.8054923079739529, 'I_gpi': 3.0683513101130235, 'noise_stn_sigma': 5.142187075899826, 'noise_gpe_sigma': 105.91741986112432, 'noise_gpi_sigma': 95.34483589502032, 'g_stn_gpe_mult': 2.143989662060921, 'g_gpe_stn_mult': 0.26400908132738876, 'g_stn_gpi_mult': 2.859478661666915, 'g_gpe_gpi_mult': 0.8968687736458343}. Best is trial 98 with value: 0.5979484317983877.
[I 2026-05-28 02:10:57,622] Trial 881 finished with value: 2.864387888415039 and parameters: {'ISTN': 64.14577132549651, 'I_gpe': 0.7462540935882869, 'I_gpi': 3.0018656771152856, 'noise_stn_sigma': 5.469549289323745, 'noise_gpe_sigma': 102.37018846643325, 'noise_gpi_sigma': 96.7717722835961, 'g_stn_gpe_mult': 2.3723431662826635, 'g_gpe_stn_mult': 0.2551376913353685, 'g_stn_gpi_mult': 2.745126286988415, 'g_gpe_gpi_mult': 0.8796567070526251}. Best is trial 98 with value: 0.5979484317983877.
[I 2026-05-28 02:10:58,630] Trial 882 finished with value: 0.9711695736502239 and parameters: {'ISTN': 66.10129187049881, 'I_gpe': 0.7992861687689593, 'I_gpi': 3.066932274513214, 'noise_stn_sigma': 5.254362831165273, 'noise_gpe_sigma': 101.40524880827834, 'noise_gpi_sigma': 95.8846526776161, 'g_stn_gpe_mult': 2.181234978427569, 'g_gpe_stn_mult': 0.24212802679459153, 'g_stn_gpi_mult': 2.90301813435941, 'g_gpe_gpi_mult': 0.890930021719536}. Best is trial 98 with value: 0.5979484317983877.
[I 2026-05-28 02:10:59,637] Trial 883 finished with value: 2.170983147130863 and parameters: {'ISTN': 64.37082432550504, 'I_gpe': 0.7606827222259697, 'I_gpi': 3.017824704594459, 'noise_stn_sigma': 5.137024616889818, 'noise_gpe_sigma': 105.73768220127934, 'noise_gpi_sigma': 96.76718570780807, 'g_stn_gpe_mult': 2.1306989287367872, 'g_gpe_stn_mult': 0.2558322046046174, 'g_stn_gpi_mult': 2.8608053972067937, 'g_gpe_gpi_mult': 0.8949397544991806}. Best is trial 98 with value: 0.5979484317983877.
[I 2026-05-28 02:11:00,644] Trial 884 finished with value: 7.375654668832946 and parameters: {'ISTN': 65.7670274410948, 'I_gpe': 0.81849278270901, 'I_gpi': 3.049912511571255, 'noise_stn_sigma': 5.2594753159868315, 'noise_gpe_sigma': 104.88503075927476, 'noise_gpi_sigma': 97.83965960673484, 'g_stn_gpe_mult': 2.15578511995479, 'g_gpe_stn_mult': 0.25767211667717255, 'g_stn_gpi_mult': 2.8657347287605375, 'g_gpe_gpi_mult': 0.8933301786192471}. Best is trial 98 with value: 0.5979484317983877.
[I 2026-05-28 02:11:01,654] Trial 885 finished with value: 3.879695382215745 and parameters: {'ISTN': 65.50323698548122, 'I_gpe': 0.777043201138413, 'I_gpi': 3.0788201544871483, 'noise_stn_sigma': 5.168437480149116, 'noise_gpe_sigma': 106.74787097361579, 'noise_gpi_sigma': 95.99850256088035, 'g_stn_gpe_mult': 2.187068990539467, 'g_gpe_stn_mult': 0.24982678493973698, 'g_stn_gpi_mult': 2.8295496547238503, 'g_gpe_gpi_mult': 0.8846089605369436}. Best is trial 98 with value: 0.5979484317983877.
[I 2026-05-28 02:11:02,662] Trial 886 finished with value: 1.2671251268060415 and parameters: {'ISTN': 65.10401773025728, 'I_gpe': 0.8140281555053974, 'I_gpi': 3.0412573145803137, 'noise_stn_sigma': 5.116082777727242, 'noise_gpe_sigma': 102.73460121080137, 'noise_gpi_sigma': 96.74944425613307, 'g_stn_gpe_mult': 2.2049188974793275, 'g_gpe_stn_mult': 0.2652684401486807, 'g_stn_gpi_mult': 2.924204074435862, 'g_gpe_gpi_mult': 0.8810781002294321}. Best is trial 98 with value: 0.5979484317983877.
[I 2026-05-28 02:11:03,671] Trial 887 finished with value: 0.9860239803625357 and parameters: {'ISTN': 64.66955669626682, 'I_gpe': 0.8255400472341445, 'I_gpi': 3.1164569340180215, 'noise_stn_sigma': 5.330544404375371, 'noise_gpe_sigma': 101.20419867255042, 'noise_gpi_sigma': 96.24836822983275, 'g_stn_gpe_mult': 2.1122353739189763, 'g_gpe_stn_mult': 0.26690933342479223, 'g_stn_gpi_mult': 2.899230118009384, 'g_gpe_gpi_mult': 0.8736451753143373}. Best is trial 98 with value: 0.5979484317983877.
[I 2026-05-28 02:11:04,677] Trial 888 finished with value: 0.9268738995001222 and parameters: {'ISTN': 65.01027894051316, 'I_gpe': 0.8288411165613945, 'I_gpi': 2.98969090654826, 'noise_stn_sigma': 5.157033814298547, 'noise_gpe_sigma': 100.53293624864429, 'noise_gpi_sigma': 94.90402728564057, 'g_stn_gpe_mult': 2.036583092420898, 'g_gpe_stn_mult': 0.2740730144825563, 'g_stn_gpi_mult': 2.895307187029403, 'g_gpe_gpi_mult': 0.8907292701440745}. Best is trial 98 with value: 0.5979484317983877.
[I 2026-05-28 02:11:05,684] Trial 889 finished with value: 0.9219296073798431 and parameters: {'ISTN': 64.94055191248756, 'I_gpe': 0.8258681998306293, 'I_gpi': 3.0588827860777124, 'noise_stn_sigma': 5.225478109901397, 'noise_gpe_sigma': 104.74803402722532, 'noise_gpi_sigma': 96.52844666341961, 'g_stn_gpe_mult': 2.1732809293095485, 'g_gpe_stn_mult': 0.2556033980128335, 'g_stn_gpi_mult': 2.8768832010425407, 'g_gpe_gpi_mult': 0.8721090998621359}. Best is trial 98 with value: 0.5979484317983877.
[I 2026-05-28 02:11:06,693] Trial 890 finished with value: 1.926814614792407 and parameters: {'ISTN': 64.76719396032551, 'I_gpe': 0.7729712115149208, 'I_gpi': 3.0289706660141498, 'noise_stn_sigma': 5.207138793309097, 'noise_gpe_sigma': 104.68153251997362, 'noise_gpi_sigma': 97.05626655389194, 'g_stn_gpe_mult': 2.232595520761584, 'g_gpe_stn_mult': 0.2603481594685152, 'g_stn_gpi_mult': 2.8668202179152424, 'g_gpe_gpi_mult': 0.875335887869729}. Best is trial 98 with value: 0.5979484317983877.
[I 2026-05-28 02:11:07,701] Trial 891 finished with value: 0.9324649287224228 and parameters: {'ISTN': 64.16516459153833, 'I_gpe': 0.8054233419778981, 'I_gpi': 3.040252078171762, 'noise_stn_sigma': 5.379706543491929, 'noise_gpe_sigma': 104.17310519250888, 'noise_gpi_sigma': 97.19724068899392, 'g_stn_gpe_mult': 2.1760848906587134, 'g_gpe_stn_mult': 0.26821863165151183, 'g_stn_gpi_mult': 2.8205366987793257, 'g_gpe_gpi_mult': 0.8847604618505176}. Best is trial 98 with value: 0.5979484317983877.
[I 2026-05-28 02:11:08,708] Trial 892 finished with value: 3.4098050529298867 and parameters: {'ISTN': 66.06729047069615, 'I_gpe': 0.8647303825038319, 'I_gpi': 3.0409177095935127, 'noise_stn_sigma': 5.1136318024343295, 'noise_gpe_sigma': 101.84795108284743, 'noise_gpi_sigma': 97.63200789425132, 'g_stn_gpe_mult': 2.041697087794546, 'g_gpe_stn_mult': 0.26339912029821894, 'g_stn_gpi_mult': 2.9628704821888947, 'g_gpe_gpi_mult': 0.8748718847284178}. Best is trial 98 with value: 0.5979484317983877.
[I 2026-05-28 02:11:09,716] Trial 893 finished with value: 10.732419041214541 and parameters: {'ISTN': 64.30174249490719, 'I_gpe': 0.8070297066330275, 'I_gpi': 2.9805001078976723, 'noise_stn_sigma': 5.284986777096219, 'noise_gpe_sigma': 104.25682975064764, 'noise_gpi_sigma': 97.51061555830589, 'g_stn_gpe_mult': 2.1793408233229448, 'g_gpe_stn_mult': 0.2552659705939344, 'g_stn_gpi_mult': 2.8188542404960684, 'g_gpe_gpi_mult': 0.8707136182839657}. Best is trial 98 with value: 0.5979484317983877.
[I 2026-05-28 02:11:10,725] Trial 894 finished with value: 1.3077793818937735 and parameters: {'ISTN': 64.40570869098337, 'I_gpe': 0.8404569352413337, 'I_gpi': 3.0097336456923465, 'noise_stn_sigma': 5.259299085620084, 'noise_gpe_sigma': 102.45024381976603, 'noise_gpi_sigma': 98.96122082794706, 'g_stn_gpe_mult': 2.1856611298731465, 'g_gpe_stn_mult': 0.27150856304076143, 'g_stn_gpi_mult': 2.8752609068683537, 'g_gpe_gpi_mult': 0.8812516902807568}. Best is trial 98 with value: 0.5979484317983877.
[I 2026-05-28 02:11:11,735] Trial 895 finished with value: 1.0701836655550572 and parameters: {'ISTN': 65.3890392427481, 'I_gpe': 0.8163508205378913, 'I_gpi': 3.161473152004353, 'noise_stn_sigma': 5.234205705603879, 'noise_gpe_sigma': 99.98386124921234, 'noise_gpi_sigma': 97.36477681017958, 'g_stn_gpe_mult': 2.04774558612624, 'g_gpe_stn_mult': 0.2630599199935472, 'g_stn_gpi_mult': 2.9675874613662643, 'g_gpe_gpi_mult': 0.8970681466869468}. Best is trial 98 with value: 0.5979484317983877.
[I 2026-05-28 02:11:12,744] Trial 896 finished with value: 2.837526697100034 and parameters: {'ISTN': 65.42974457265495, 'I_gpe': 0.805814145863959, 'I_gpi': 3.1320416130618645, 'noise_stn_sigma': 5.157115224902604, 'noise_gpe_sigma': 101.78717789214575, 'noise_gpi_sigma': 96.06588120891516, 'g_stn_gpe_mult': 2.078572724404735, 'g_gpe_stn_mult': 0.26410966258511726, 'g_stn_gpi_mult': 2.9891276870078594, 'g_gpe_gpi_mult': 0.8766648421669629}. Best is trial 98 with value: 0.5979484317983877.
[I 2026-05-28 02:11:13,754] Trial 897 finished with value: 0.9324804036404324 and parameters: {'ISTN': 64.50326842833366, 'I_gpe': 0.8116140098651526, 'I_gpi': 3.013905457609745, 'noise_stn_sigma': 5.320919488071969, 'noise_gpe_sigma': 100.18055366992846, 'noise_gpi_sigma': 95.28085079529322, 'g_stn_gpe_mult': 2.157570563191044, 'g_gpe_stn_mult': 0.2769816212106786, 'g_stn_gpi_mult': 2.8999119242192464, 'g_gpe_gpi_mult': 0.8874470201615368}. Best is trial 98 with value: 0.5979484317983877.
[I 2026-05-28 02:11:14,761] Trial 898 finished with value: 0.9007806336445563 and parameters: {'ISTN': 64.18518361205817, 'I_gpe': 0.837351097656555, 'I_gpi': 3.065231507847914, 'noise_stn_sigma': 5.27784202247634, 'noise_gpe_sigma': 103.42545518824573, 'noise_gpi_sigma': 95.94232456156621, 'g_stn_gpe_mult': 2.074098148807537, 'g_gpe_stn_mult': 0.26200363396298443, 'g_stn_gpi_mult': 2.921750595168317, 'g_gpe_gpi_mult': 0.8736178833241008}. Best is trial 98 with value: 0.5979484317983877.
[I 2026-05-28 02:11:15,770] Trial 899 finished with value: 1.158467361894854 and parameters: {'ISTN': 64.74707423645972, 'I_gpe': 0.8394086190524161, 'I_gpi': 3.195997157866929, 'noise_stn_sigma': 5.350421074230841, 'noise_gpe_sigma': 100.48303196258206, 'noise_gpi_sigma': 96.11317477132641, 'g_stn_gpe_mult': 2.065087934932944, 'g_gpe_stn_mult': 0.2550207162456701, 'g_stn_gpi_mult': 2.8860892550002584, 'g_gpe_gpi_mult': 0.8870977715209147}. Best is trial 98 with value: 0.5979484317983877.
[I 2026-05-28 02:11:16,776] Trial 900 finished with value: 1.178142001837652 and parameters: {'ISTN': 65.04985863262445, 'I_gpe': 0.814155865368476, 'I_gpi': 3.104814797647197, 'noise_stn_sigma': 5.189742939049771, 'noise_gpe_sigma': 100.57564281569347, 'noise_gpi_sigma': 95.08526168435954, 'g_stn_gpe_mult': 2.1125999103840516, 'g_gpe_stn_mult': 0.25345844976658044, 'g_stn_gpi_mult': 3.02791662643663, 'g_gpe_gpi_mult': 0.8827199065846525}. Best is trial 98 with value: 0.5979484317983877.
[I 2026-05-28 02:11:17,783] Trial 901 finished with value: 1.067820896418511 and parameters: {'ISTN': 64.8158054250746, 'I_gpe': 0.8419789678930265, 'I_gpi': 3.0447802542529994, 'noise_stn_sigma': 5.2700483687067665, 'noise_gpe_sigma': 100.74678984178398, 'noise_gpi_sigma': 96.19213523765492, 'g_stn_gpe_mult': 2.0753162803569527, 'g_gpe_stn_mult': 0.26624703929153226, 'g_stn_gpi_mult': 2.9000943537187545, 'g_gpe_gpi_mult': 0.8898078644020431}. Best is trial 98 with value: 0.5979484317983877.
[I 2026-05-28 02:11:18,789] Trial 902 finished with value: 6.056755636108493 and parameters: {'ISTN': 65.44990012931206, 'I_gpe': 0.8418875182617322, 'I_gpi': 3.0411631422755487, 'noise_stn_sigma': 5.167034263781344, 'noise_gpe_sigma': 103.50341150285485, 'noise_gpi_sigma': 98.31003447726458, 'g_stn_gpe_mult': 2.1049673521243344, 'g_gpe_stn_mult': 0.25694925319548284, 'g_stn_gpi_mult': 2.892717735845789, 'g_gpe_gpi_mult': 0.8828634552255104}. Best is trial 98 with value: 0.5979484317983877.
[I 2026-05-28 02:11:19,798] Trial 903 finished with value: 0.8958417348291271 and parameters: {'ISTN': 63.646176312555305, 'I_gpe': 0.8331820219762297, 'I_gpi': 3.0767268887081958, 'noise_stn_sigma': 5.3185320124313415, 'noise_gpe_sigma': 102.88262564754612, 'noise_gpi_sigma': 97.866410370954, 'g_stn_gpe_mult': 2.124357320317212, 'g_gpe_stn_mult': 0.2761238641947919, 'g_stn_gpi_mult': 2.838198152316446, 'g_gpe_gpi_mult': 0.8792536800941384}. Best is trial 98 with value: 0.5979484317983877.
[I 2026-05-28 02:11:20,805] Trial 904 finished with value: 2.1104522584484506 and parameters: {'ISTN': 64.10020542816613, 'I_gpe': 0.8158031929697491, 'I_gpi': 2.976102976025161, 'noise_stn_sigma': 5.372671819588932, 'noise_gpe_sigma': 105.86710130844088, 'noise_gpi_sigma': 97.81393296944475, 'g_stn_gpe_mult': 2.2242078196518063, 'g_gpe_stn_mult': 0.26024850549101824, 'g_stn_gpi_mult': 2.8069242082948436, 'g_gpe_gpi_mult': 0.8939247432300452}. Best is trial 98 with value: 0.5979484317983877.
[I 2026-05-28 02:11:21,811] Trial 905 finished with value: 1.2929081323250369 and parameters: {'ISTN': 64.45788211224368, 'I_gpe': 0.8043820863979948, 'I_gpi': 3.084923340326955, 'noise_stn_sigma': 5.230740351964383, 'noise_gpe_sigma': 100.0799606586382, 'noise_gpi_sigma': 94.44052879953654, 'g_stn_gpe_mult': 2.0284292046121406, 'g_gpe_stn_mult': 0.26142887010481564, 'g_stn_gpi_mult': 2.9621526502753914, 'g_gpe_gpi_mult': 0.875986291283096}. Best is trial 98 with value: 0.5979484317983877.
[I 2026-05-28 02:11:22,819] Trial 906 finished with value: 2.6793161058106687 and parameters: {'ISTN': 63.96850807914254, 'I_gpe': 0.8245880082888635, 'I_gpi': 3.012427702940348, 'noise_stn_sigma': 5.370298781368833, 'noise_gpe_sigma': 103.18639099178998, 'noise_gpi_sigma': 94.36140487493945, 'g_stn_gpe_mult': 2.158428912138647, 'g_gpe_stn_mult': 0.266995712148442, 'g_stn_gpi_mult': 2.8784047778462782, 'g_gpe_gpi_mult': 0.8902160601099292}. Best is trial 98 with value: 0.5979484317983877.
[I 2026-05-28 02:11:23,825] Trial 907 finished with value: 0.8371530826578014 and parameters: {'ISTN': 64.12591210668882, 'I_gpe': 0.8122367127537742, 'I_gpi': 2.996385780003012, 'noise_stn_sigma': 5.353153243012405, 'noise_gpe_sigma': 104.39457387436312, 'noise_gpi_sigma': 96.15365070566514, 'g_stn_gpe_mult': 2.1642170704512917, 'g_gpe_stn_mult': 0.2693110236730284, 'g_stn_gpi_mult': 2.8071708785012697, 'g_gpe_gpi_mult': 0.9025960300331157}. Best is trial 98 with value: 0.5979484317983877.
[I 2026-05-28 02:11:24,836] Trial 908 finished with value: 0.9623406230289604 and parameters: {'ISTN': 64.68810871022535, 'I_gpe': 0.8083652106284218, 'I_gpi': 3.1020570476366607, 'noise_stn_sigma': 5.41063229761069, 'noise_gpe_sigma': 101.34955412655448, 'noise_gpi_sigma': 96.01809327027209, 'g_stn_gpe_mult': 2.07104266835852, 'g_gpe_stn_mult': 0.25869601246031393, 'g_stn_gpi_mult': 2.89517984355731, 'g_gpe_gpi_mult': 0.8870887048366312}. Best is trial 98 with value: 0.5979484317983877.
[I 2026-05-28 02:11:25,841] Trial 909 finished with value: 0.9373641687571547 and parameters: {'ISTN': 64.72471070673198, 'I_gpe': 0.8541036896294655, 'I_gpi': 3.096167709905163, 'noise_stn_sigma': 5.283967725469427, 'noise_gpe_sigma': 103.79664816497078, 'noise_gpi_sigma': 95.97594193104165, 'g_stn_gpe_mult': 2.0230436267969267, 'g_gpe_stn_mult': 0.2607710028876395, 'g_stn_gpi_mult': 2.8795619420493996, 'g_gpe_gpi_mult': 0.8772698287665519}. Best is trial 98 with value: 0.5979484317983877.
[I 2026-05-28 02:11:26,851] Trial 910 finished with value: 1.2018752965399244 and parameters: {'ISTN': 63.75308429182597, 'I_gpe': 0.799077308433294, 'I_gpi': 3.138368293163088, 'noise_stn_sigma': 5.323713087544435, 'noise_gpe_sigma': 104.40700711515136, 'noise_gpi_sigma': 99.09659634655674, 'g_stn_gpe_mult': 2.1976827791798157, 'g_gpe_stn_mult': 0.2748075867719756, 'g_stn_gpi_mult': 2.827985980724539, 'g_gpe_gpi_mult': 0.8851820364195873}. Best is trial 98 with value: 0.5979484317983877.
[I 2026-05-28 02:11:27,860] Trial 911 finished with value: 3.320403894151116 and parameters: {'ISTN': 64.54346583763574, 'I_gpe': 0.7899853879750882, 'I_gpi': 2.9911871918485557, 'noise_stn_sigma': 5.453780962398321, 'noise_gpe_sigma': 104.5388950452629, 'noise_gpi_sigma': 99.60542879536919, 'g_stn_gpe_mult': 2.2055679041461778, 'g_gpe_stn_mult': 0.25600005631654776, 'g_stn_gpi_mult': 2.798583505628133, 'g_gpe_gpi_mult': 0.8867692559718723}. Best is trial 98 with value: 0.5979484317983877.
[I 2026-05-28 02:11:28,867] Trial 912 finished with value: 0.7599957006129758 and parameters: {'ISTN': 63.57907991097029, 'I_gpe': 0.817902319499034, 'I_gpi': 2.940153054303223, 'noise_stn_sigma': 5.403465745327529, 'noise_gpe_sigma': 106.19439736630765, 'noise_gpi_sigma': 96.9620989340771, 'g_stn_gpe_mult': 2.2132659938892685, 'g_gpe_stn_mult': 0.2737876108821661, 'g_stn_gpi_mult': 2.721675959392582, 'g_gpe_gpi_mult': 0.8926087915416407}. Best is trial 98 with value: 0.5979484317983877.
[I 2026-05-28 02:11:29,876] Trial 913 finished with value: 0.9109649041322438 and parameters: {'ISTN': 64.17397685653287, 'I_gpe': 0.8669880751391574, 'I_gpi': 3.090572252809028, 'noise_stn_sigma': 5.276822737069239, 'noise_gpe_sigma': 105.07917191896514, 'noise_gpi_sigma': 97.72448948622952, 'g_stn_gpe_mult': 2.0713791186564885, 'g_gpe_stn_mult': 0.26710607484440974, 'g_stn_gpi_mult': 2.855161360213506, 'g_gpe_gpi_mult': 0.8852182264271753}. Best is trial 98 with value: 0.5979484317983877.
[I 2026-05-28 02:11:30,886] Trial 914 finished with value: 1.0230679163475402 and parameters: {'ISTN': 63.39955754356618, 'I_gpe': 0.8366354658759451, 'I_gpi': 3.0739412053195783, 'noise_stn_sigma': 5.524175266259531, 'noise_gpe_sigma': 101.4675230526481, 'noise_gpi_sigma': 97.07205611539575, 'g_stn_gpe_mult': 2.067496021751727, 'g_gpe_stn_mult': 0.2769583818975868, 'g_stn_gpi_mult': 2.8112959102453234, 'g_gpe_gpi_mult': 0.8943307448942963}. Best is trial 98 with value: 0.5979484317983877.
[I 2026-05-28 02:11:31,893] Trial 915 finished with value: 0.895396326601552 and parameters: {'ISTN': 66.18999761246806, 'I_gpe': 0.7982722094353633, 'I_gpi': 3.013432785037458, 'noise_stn_sigma': 5.272142663242564, 'noise_gpe_sigma': 104.48720916542621, 'noise_gpi_sigma': 97.01735903094873, 'g_stn_gpe_mult': 2.1403365081927035, 'g_gpe_stn_mult': 0.23738074622831615, 'g_stn_gpi_mult': 2.837847298314765, 'g_gpe_gpi_mult': 0.895675560622615}. Best is trial 98 with value: 0.5979484317983877.
[I 2026-05-28 02:11:32,901] Trial 916 finished with value: 0.9745009219107907 and parameters: {'ISTN': 63.40774040606575, 'I_gpe': 0.8300044603112917, 'I_gpi': 3.1164762083438657, 'noise_stn_sigma': 5.36693967604869, 'noise_gpe_sigma': 99.16450418044262, 'noise_gpi_sigma': 95.48063436407114, 'g_stn_gpe_mult': 2.064747806172721, 'g_gpe_stn_mult': 0.29046540403737475, 'g_stn_gpi_mult': 2.8800090889656165, 'g_gpe_gpi_mult': 0.8943538238978332}. Best is trial 98 with value: 0.5979484317983877.
[I 2026-05-28 02:11:33,908] Trial 917 finished with value: 7.78315756515904 and parameters: {'ISTN': 64.93902109768784, 'I_gpe': 0.8217050200461089, 'I_gpi': 3.005076745770428, 'noise_stn_sigma': 5.225496788421421, 'noise_gpe_sigma': 104.03527103077361, 'noise_gpi_sigma': 95.44239813977107, 'g_stn_gpe_mult': 2.138358138657827, 'g_gpe_stn_mult': 0.26961374392637, 'g_stn_gpi_mult': 2.9204221061470315, 'g_gpe_gpi_mult': 0.8837565520792854}. Best is trial 98 with value: 0.5979484317983877.
[I 2026-05-28 02:11:34,916] Trial 918 finished with value: 0.9250671862583113 and parameters: {'ISTN': 64.5645261256162, 'I_gpe': 0.8298619781216978, 'I_gpi': 3.081605173697417, 'noise_stn_sigma': 5.263556054639562, 'noise_gpe_sigma': 103.39269181592235, 'noise_gpi_sigma': 97.03052423762774, 'g_stn_gpe_mult': 2.0880342065599526, 'g_gpe_stn_mult': 0.258425723238697, 'g_stn_gpi_mult': 2.9089650824678235, 'g_gpe_gpi_mult': 0.895646806196664}. Best is trial 98 with value: 0.5979484317983877.
[I 2026-05-28 02:11:35,925] Trial 919 finished with value: 3.380640277922569 and parameters: {'ISTN': 63.272605879728964, 'I_gpe': 0.8293454088100705, 'I_gpi': 3.0169056087049624, 'noise_stn_sigma': 5.306664923385663, 'noise_gpe_sigma': 104.92268518827974, 'noise_gpi_sigma': 93.49171758305624, 'g_stn_gpe_mult': 2.1421703483501213, 'g_gpe_stn_mult': 0.2711099602208067, 'g_stn_gpi_mult': 2.8165041509281137, 'g_gpe_gpi_mult': 0.8823120237893443}. Best is trial 98 with value: 0.5979484317983877.
[I 2026-05-28 02:11:36,935] Trial 920 finished with value: 0.977656869233008 and parameters: {'ISTN': 64.0376253888252, 'I_gpe': 0.8188950972410209, 'I_gpi': 2.993821744953612, 'noise_stn_sigma': 5.455748436102699, 'noise_gpe_sigma': 102.20056584997721, 'noise_gpi_sigma': 97.36256633607907, 'g_stn_gpe_mult': 2.207336294204305, 'g_gpe_stn_mult': 0.2741206320423028, 'g_stn_gpi_mult': 2.8060803967574164, 'g_gpe_gpi_mult': 0.8984774200975947}. Best is trial 98 with value: 0.5979484317983877.
[I 2026-05-28 02:11:37,947] Trial 921 finished with value: 1.894356230917274 and parameters: {'ISTN': 65.16965370907901, 'I_gpe': 0.7868874560475329, 'I_gpi': 3.027391948201232, 'noise_stn_sigma': 5.406173412014381, 'noise_gpe_sigma': 104.27022687819343, 'noise_gpi_sigma': 99.1488677814837, 'g_stn_gpe_mult': 2.1261616270265, 'g_gpe_stn_mult': 0.24809533921021915, 'g_stn_gpi_mult': 2.8300908578189703, 'g_gpe_gpi_mult': 0.8871202274196424}. Best is trial 98 with value: 0.5979484317983877.
[I 2026-05-28 02:11:38,956] Trial 922 finished with value: 0.8365764429672227 and parameters: {'ISTN': 64.61700459767832, 'I_gpe': 0.8442962143728567, 'I_gpi': 2.98651456429603, 'noise_stn_sigma': 5.477663064309798, 'noise_gpe_sigma': 102.93842390493535, 'noise_gpi_sigma': 98.10956410052312, 'g_stn_gpe_mult': 2.133876564180925, 'g_gpe_stn_mult': 0.2622149444800317, 'g_stn_gpi_mult': 2.8345559632221953, 'g_gpe_gpi_mult': 0.8786492942284163}. Best is trial 98 with value: 0.5979484317983877.
[I 2026-05-28 02:11:39,965] Trial 923 finished with value: 2.813048356952371 and parameters: {'ISTN': 64.82803910559528, 'I_gpe': 0.8143039102077037, 'I_gpi': 3.06810857759854, 'noise_stn_sigma': 5.430727680933427, 'noise_gpe_sigma': 102.66304047853927, 'noise_gpi_sigma': 96.7355039064653, 'g_stn_gpe_mult': 2.0499958587332383, 'g_gpe_stn_mult': 0.27946571187854286, 'g_stn_gpi_mult': 2.8058803656559133, 'g_gpe_gpi_mult': 0.8965481194765439}. Best is trial 98 with value: 0.5979484317983877.
