[I 2026-05-28 02:19:47,412] Trial 396 finished with value: 0.5394219645441022 and parameters: {'ISTN': 60.31143001977698, 'I_gpe': 1.2551572795245094, 'I_gpi': 1.7801159231636032, 'noise_stn_sigma': 4.918597967319044, 'noise_gpe_sigma': 110.17321174162875, 'noise_gpi_sigma': 94.14548321083164, 'g_stn_gpe_mult': 2.7215754130019403, 'g_gpe_stn_mult': 0.11248725225685925, 'g_stn_gpi_mult': 2.7144821024120853, 'g_gpe_gpi_mult': 0.94149801339358}. Best is trial 381 with value: 0.49422401637724195.
[I 2026-05-28 02:19:48,418] Trial 397 finished with value: 0.5173887555468566 and parameters: {'ISTN': 60.16010315076556, 'I_gpe': 1.2918223840842702, 'I_gpi': 1.6466467907578, 'noise_stn_sigma': 4.632549570908369, 'noise_gpe_sigma': 115.15709776162171, 'noise_gpi_sigma': 86.9502883860284, 'g_stn_gpe_mult': 2.562260579150152, 'g_gpe_stn_mult': 0.14208654436583987, 'g_stn_gpi_mult': 2.565374086417469, 'g_gpe_gpi_mult': 0.8960901862772828}. Best is trial 381 with value: 0.49422401637724195.
[I 2026-05-28 02:19:49,422] Trial 398 finished with value: 0.6010010391261877 and parameters: {'ISTN': 62.819940503518765, 'I_gpe': 1.647053154871371, 'I_gpi': 1.9105921474314758, 'noise_stn_sigma': 4.844926344445975, 'noise_gpe_sigma': 113.34520458520214, 'noise_gpi_sigma': 85.01846714218061, 'g_stn_gpe_mult': 2.649356146867861, 'g_gpe_stn_mult': 0.12043127930672545, 'g_stn_gpi_mult': 2.7515364045077275, 'g_gpe_gpi_mult': 0.8237685842716318}. Best is trial 381 with value: 0.49422401637724195.
[I 2026-05-28 02:19:50,428] Trial 399 finished with value: 0.5344410210260533 and parameters: {'ISTN': 60.76893429889064, 'I_gpe': 1.6636645708555091, 'I_gpi': 1.7857343176020661, 'noise_stn_sigma': 4.926155702034302, 'noise_gpe_sigma': 118.39387296775135, 'noise_gpi_sigma': 80.43263321701289, 'g_stn_gpe_mult': 2.592257686305313, 'g_gpe_stn_mult': 0.13790153639180117, 'g_stn_gpi_mult': 2.704835459431539, 'g_gpe_gpi_mult': 0.9039068837959991}. Best is trial 381 with value: 0.49422401637724195.
[I 2026-05-28 02:19:51,435] Trial 400 finished with value: 1.207926195396938 and parameters: {'ISTN': 64.10322026041392, 'I_gpe': 1.681259689855928, 'I_gpi': 1.669259323766193, 'noise_stn_sigma': 4.929889725623901, 'noise_gpe_sigma': 109.48297828630969, 'noise_gpi_sigma': 91.75305698014147, 'g_stn_gpe_mult': 2.62320405057006, 'g_gpe_stn_mult': 0.13507117866415388, 'g_stn_gpi_mult': 2.652578500138925, 'g_gpe_gpi_mult': 0.9444709982552673}. Best is trial 381 with value: 0.49422401637724195.
[I 2026-05-28 02:19:52,443] Trial 401 finished with value: 0.5192440517973318 and parameters: {'ISTN': 60.94562954541851, 'I_gpe': 1.262288517973774, 'I_gpi': 1.8644658139826338, 'noise_stn_sigma': 4.654307621457379, 'noise_gpe_sigma': 107.36846905248183, 'noise_gpi_sigma': 93.14433495256543, 'g_stn_gpe_mult': 2.683760998092626, 'g_gpe_stn_mult': 0.11590943523684642, 'g_stn_gpi_mult': 2.691820806564316, 'g_gpe_gpi_mult': 0.9948966497339808}. Best is trial 381 with value: 0.49422401637724195.
[I 2026-05-28 02:19:53,448] Trial 402 finished with value: 0.8481974526453013 and parameters: {'ISTN': 63.22915016213204, 'I_gpe': 1.4564427497087356, 'I_gpi': 1.6899482471539797, 'noise_stn_sigma': 4.519205175860146, 'noise_gpe_sigma': 116.73961792248436, 'noise_gpi_sigma': 83.97450056433142, 'g_stn_gpe_mult': 2.580861945324119, 'g_gpe_stn_mult': 0.14087498227600825, 'g_stn_gpi_mult': 2.828537552536177, 'g_gpe_gpi_mult': 0.8727687534654645}. Best is trial 381 with value: 0.49422401637724195.
[I 2026-05-28 02:19:54,453] Trial 403 finished with value: 0.6797186420613732 and parameters: {'ISTN': 62.09461623008177, 'I_gpe': 1.2930299374284948, 'I_gpi': 1.861434874607664, 'noise_stn_sigma': 4.296889794058668, 'noise_gpe_sigma': 105.57705311467396, 'noise_gpi_sigma': 91.57207336492556, 'g_stn_gpe_mult': 2.6301122532114904, 'g_gpe_stn_mult': 0.1577683428237453, 'g_stn_gpi_mult': 2.837395776406871, 'g_gpe_gpi_mult': 0.9098752071640146}. Best is trial 381 with value: 0.49422401637724195.
[I 2026-05-28 02:19:55,461] Trial 404 finished with value: 0.5480841105190479 and parameters: {'ISTN': 61.188729655546496, 'I_gpe': 1.481957817279993, 'I_gpi': 1.6513867433464493, 'noise_stn_sigma': 4.367250159081504, 'noise_gpe_sigma': 108.10224374322345, 'noise_gpi_sigma': 85.48802210270414, 'g_stn_gpe_mult': 2.7218645343814702, 'g_gpe_stn_mult': 0.144135161810965, 'g_stn_gpi_mult': 2.71575920781169, 'g_gpe_gpi_mult': 0.8592195580810622}. Best is trial 381 with value: 0.49422401637724195.
[I 2026-05-28 02:19:56,469] Trial 405 finished with value: 0.5200907331757559 and parameters: {'ISTN': 61.47235311344518, 'I_gpe': 1.4192786418124186, 'I_gpi': 1.9796864895412565, 'noise_stn_sigma': 4.399511893730438, 'noise_gpe_sigma': 113.31595986563009, 'noise_gpi_sigma': 87.04199182540296, 'g_stn_gpe_mult': 2.306652113391778, 'g_gpe_stn_mult': 0.126259224653537, 'g_stn_gpi_mult': 2.450804431201688, 'g_gpe_gpi_mult': 0.8924762985164916}. Best is trial 381 with value: 0.49422401637724195.
[I 2026-05-28 02:19:57,476] Trial 406 finished with value: 0.646182559091147 and parameters: {'ISTN': 61.87934704440273, 'I_gpe': 1.541410465720875, 'I_gpi': 1.9102067879604214, 'noise_stn_sigma': 5.313042080172115, 'noise_gpe_sigma': 120.89559190720635, 'noise_gpi_sigma': 86.97811789784538, 'g_stn_gpe_mult': 2.218754734722096, 'g_gpe_stn_mult': 0.14223495907112882, 'g_stn_gpi_mult': 2.6560608791179874, 'g_gpe_gpi_mult': 0.9023737336850743}. Best is trial 381 with value: 0.49422401637724195.
[I 2026-05-28 02:19:58,481] Trial 407 finished with value: 0.5538671926305995 and parameters: {'ISTN': 60.617654837316174, 'I_gpe': 1.43251750050046, 'I_gpi': 1.6011945639444431, 'noise_stn_sigma': 4.493008849510037, 'noise_gpe_sigma': 110.18874255145886, 'noise_gpi_sigma': 91.61808969137057, 'g_stn_gpe_mult': 2.5293462427204885, 'g_gpe_stn_mult': 0.1538273347840991, 'g_stn_gpi_mult': 2.6289298154686747, 'g_gpe_gpi_mult': 0.9308101164813312}. Best is trial 381 with value: 0.49422401637724195.
[I 2026-05-28 02:19:59,486] Trial 408 finished with value: 0.5012500093181365 and parameters: {'ISTN': 60.23176487037648, 'I_gpe': 1.4790813742862625, 'I_gpi': 1.7942488817708329, 'noise_stn_sigma': 5.124979079135978, 'noise_gpe_sigma': 111.78911469252978, 'noise_gpi_sigma': 86.64161702188473, 'g_stn_gpe_mult': 2.728334466843485, 'g_gpe_stn_mult': 0.1133613814860589, 'g_stn_gpi_mult': 2.698368008201923, 'g_gpe_gpi_mult': 0.9271592208523576}. Best is trial 381 with value: 0.49422401637724195.
[I 2026-05-28 02:20:00,493] Trial 409 finished with value: 0.5537709751244354 and parameters: {'ISTN': 60.29324431634602, 'I_gpe': 1.209042211011306, 'I_gpi': 1.6329560744821592, 'noise_stn_sigma': 4.284320949709796, 'noise_gpe_sigma': 105.10738310639448, 'noise_gpi_sigma': 85.46513678697382, 'g_stn_gpe_mult': 2.534261801557546, 'g_gpe_stn_mult': 0.11491204031298691, 'g_stn_gpi_mult': 2.752742627819082, 'g_gpe_gpi_mult': 0.9188395641936224}. Best is trial 381 with value: 0.49422401637724195.
[I 2026-05-28 02:20:01,499] Trial 410 finished with value: 0.5246948340715673 and parameters: {'ISTN': 61.83172655319142, 'I_gpe': 1.603759019779921, 'I_gpi': 1.8045815288113654, 'noise_stn_sigma': 5.0743470290483685, 'noise_gpe_sigma': 114.0976964467505, 'noise_gpi_sigma': 81.11090030341808, 'g_stn_gpe_mult': 2.4791668598751047, 'g_gpe_stn_mult': 0.11372385109909204, 'g_stn_gpi_mult': 2.436761831196576, 'g_gpe_gpi_mult': 0.846826160110645}. Best is trial 381 with value: 0.49422401637724195.
[I 2026-05-28 02:20:02,506] Trial 411 finished with value: 0.6482876204869462 and parameters: {'ISTN': 63.57954476142232, 'I_gpe': 1.4266037911685998, 'I_gpi': 1.9799256166151018, 'noise_stn_sigma': 4.904459997520597, 'noise_gpe_sigma': 106.7947867793817, 'noise_gpi_sigma': 85.65645169242133, 'g_stn_gpe_mult': 2.6462555006611925, 'g_gpe_stn_mult': 0.12151818856683844, 'g_stn_gpi_mult': 2.777968109333183, 'g_gpe_gpi_mult': 0.8719900608802544}. Best is trial 381 with value: 0.49422401637724195.
[I 2026-05-28 02:20:03,513] Trial 412 finished with value: 0.5086645622542775 and parameters: {'ISTN': 60.61706360190749, 'I_gpe': 1.3934116465248838, 'I_gpi': 1.90857083860799, 'noise_stn_sigma': 4.665102175525918, 'noise_gpe_sigma': 107.60031962088226, 'noise_gpi_sigma': 84.64608875627982, 'g_stn_gpe_mult': 2.6062911832226323, 'g_gpe_stn_mult': 0.12149777812807563, 'g_stn_gpi_mult': 2.4272089002689823, 'g_gpe_gpi_mult': 0.9372111746492042}. Best is trial 381 with value: 0.49422401637724195.
[I 2026-05-28 02:20:04,521] Trial 413 finished with value: 0.5239567955976451 and parameters: {'ISTN': 61.398264994084144, 'I_gpe': 1.4680814755530482, 'I_gpi': 2.037484909927465, 'noise_stn_sigma': 4.552175433374035, 'noise_gpe_sigma': 107.1968977733368, 'noise_gpi_sigma': 86.39590013316156, 'g_stn_gpe_mult': 2.636967495712243, 'g_gpe_stn_mult': 0.13851956888736305, 'g_stn_gpi_mult': 2.6027934294592665, 'g_gpe_gpi_mult': 0.9489836368655049}. Best is trial 381 with value: 0.49422401637724195.
[I 2026-05-28 02:20:05,528] Trial 414 finished with value: 0.5365428199972175 and parameters: {'ISTN': 61.2042132417693, 'I_gpe': 1.2667489099525262, 'I_gpi': 1.9073346360625263, 'noise_stn_sigma': 4.507993819798542, 'noise_gpe_sigma': 111.9353553478714, 'noise_gpi_sigma': 97.32054732044962, 'g_stn_gpe_mult': 2.7120848736678047, 'g_gpe_stn_mult': 0.10749336639180795, 'g_stn_gpi_mult': 2.8138621919714177, 'g_gpe_gpi_mult': 0.9294282685126287}. Best is trial 381 with value: 0.49422401637724195.
[I 2026-05-28 02:20:06,533] Trial 415 finished with value: 0.5440178805472353 and parameters: {'ISTN': 63.000576627229215, 'I_gpe': 1.327429070730365, 'I_gpi': 1.7251050273237443, 'noise_stn_sigma': 4.141953466404679, 'noise_gpe_sigma': 111.93068468681764, 'noise_gpi_sigma': 87.55646546444233, 'g_stn_gpe_mult': 2.823930945133946, 'g_gpe_stn_mult': 0.13149521269617268, 'g_stn_gpi_mult': 2.7365119769149473, 'g_gpe_gpi_mult': 0.9182578578921079}. Best is trial 381 with value: 0.49422401637724195.
[I 2026-05-28 02:20:07,539] Trial 416 finished with value: 0.5206053926332176 and parameters: {'ISTN': 61.872963834071804, 'I_gpe': 1.4594406903649697, 'I_gpi': 1.9592088324140828, 'noise_stn_sigma': 5.093248189441088, 'noise_gpe_sigma': 107.84703588191736, 'noise_gpi_sigma': 83.09417795179961, 'g_stn_gpe_mult': 2.8045509845695564, 'g_gpe_stn_mult': 0.10655359425660633, 'g_stn_gpi_mult': 2.775149235455488, 'g_gpe_gpi_mult': 0.9529339463465274}. Best is trial 381 with value: 0.49422401637724195.
[I 2026-05-28 02:20:08,547] Trial 417 finished with value: 0.500470703881537 and parameters: {'ISTN': 60.33330855483503, 'I_gpe': 1.3448555117192185, 'I_gpi': 1.8642347754408066, 'noise_stn_sigma': 4.998109577271781, 'noise_gpe_sigma': 113.18957321896971, 'noise_gpi_sigma': 85.10018136710212, 'g_stn_gpe_mult': 2.487981948100879, 'g_gpe_stn_mult': 0.14500370071298482, 'g_stn_gpi_mult': 2.5570828626776927, 'g_gpe_gpi_mult': 0.8400335819501483}. Best is trial 381 with value: 0.49422401637724195.
[I 2026-05-28 02:20:09,553] Trial 418 finished with value: 0.5482430943372918 and parameters: {'ISTN': 63.706141039433, 'I_gpe': 1.3145371808648476, 'I_gpi': 1.917907613274126, 'noise_stn_sigma': 4.527480046411135, 'noise_gpe_sigma': 109.91708000134545, 'noise_gpi_sigma': 89.1575128888543, 'g_stn_gpe_mult': 2.656582679803915, 'g_gpe_stn_mult': 0.11521830888544868, 'g_stn_gpi_mult': 2.773423315392459, 'g_gpe_gpi_mult': 0.9980856077071751}. Best is trial 381 with value: 0.49422401637724195.
[I 2026-05-28 02:20:10,559] Trial 419 finished with value: 0.5215872785481831 and parameters: {'ISTN': 60.22172254355424, 'I_gpe': 1.505606678709551, 'I_gpi': 2.010922651877255, 'noise_stn_sigma': 5.120289672770017, 'noise_gpe_sigma': 109.77177949901375, 'noise_gpi_sigma': 80.62032755706231, 'g_stn_gpe_mult': 2.7157185628933656, 'g_gpe_stn_mult': 0.10400283373240027, 'g_stn_gpi_mult': 2.8121092675493315, 'g_gpe_gpi_mult': 0.9622980531509555}. Best is trial 381 with value: 0.49422401637724195.
[I 2026-05-28 02:20:11,566] Trial 420 finished with value: 0.5097728972764833 and parameters: {'ISTN': 61.380640792905766, 'I_gpe': 1.4811211807246853, 'I_gpi': 1.6974515869762101, 'noise_stn_sigma': 5.319651692256428, 'noise_gpe_sigma': 118.3712192827218, 'noise_gpi_sigma': 83.30210830274689, 'g_stn_gpe_mult': 2.5124983673835923, 'g_gpe_stn_mult': 0.11017661096621453, 'g_stn_gpi_mult': 2.781323718716893, 'g_gpe_gpi_mult': 0.8820482909545158}. Best is trial 381 with value: 0.49422401637724195.
[I 2026-05-28 02:20:12,574] Trial 421 finished with value: 0.5198025060402919 and parameters: {'ISTN': 60.217481410577456, 'I_gpe': 1.4236867325483786, 'I_gpi': 1.5895333885424514, 'noise_stn_sigma': 4.768607852225721, 'noise_gpe_sigma': 106.59765312793215, 'noise_gpi_sigma': 80.48355318768225, 'g_stn_gpe_mult': 2.647918466522532, 'g_gpe_stn_mult': 0.15411847803005566, 'g_stn_gpi_mult': 2.5353639152070646, 'g_gpe_gpi_mult': 0.8656465303429188}. Best is trial 381 with value: 0.49422401637724195.
[I 2026-05-28 02:20:13,577] Trial 422 finished with value: 0.9626246922196429 and parameters: {'ISTN': 63.65450975766213, 'I_gpe': 1.4086640806155422, 'I_gpi': 1.858529568518973, 'noise_stn_sigma': 5.068752545920017, 'noise_gpe_sigma': 109.63731579008635, 'noise_gpi_sigma': 78.98476893231404, 'g_stn_gpe_mult': 2.4378094891008697, 'g_gpe_stn_mult': 0.14325115314729164, 'g_stn_gpi_mult': 2.6696140758296574, 'g_gpe_gpi_mult': 0.9109038929659306}. Best is trial 381 with value: 0.49422401637724195.
[I 2026-05-28 02:20:14,583] Trial 423 finished with value: 0.5145740328413082 and parameters: {'ISTN': 62.085792056057976, 'I_gpe': 1.3661989998425441, 'I_gpi': 2.0226576146340154, 'noise_stn_sigma': 5.109054020774353, 'noise_gpe_sigma': 111.67137448797484, 'noise_gpi_sigma': 83.87584751084356, 'g_stn_gpe_mult': 2.506039708872677, 'g_gpe_stn_mult': 0.11323091580025425, 'g_stn_gpi_mult': 2.565911600583367, 'g_gpe_gpi_mult': 0.9283857657165726}. Best is trial 381 with value: 0.49422401637724195.
[I 2026-05-28 02:20:15,589] Trial 424 finished with value: 0.6134863054770692 and parameters: {'ISTN': 61.132863051307254, 'I_gpe': 1.3296042758641518, 'I_gpi': 2.145697797308414, 'noise_stn_sigma': 4.598455388631917, 'noise_gpe_sigma': 106.90516890040554, 'noise_gpi_sigma': 86.30677459502068, 'g_stn_gpe_mult': 2.3976472886221525, 'g_gpe_stn_mult': 0.17651920694948237, 'g_stn_gpi_mult': 2.5670614737977306, 'g_gpe_gpi_mult': 0.8919409836897825}. Best is trial 381 with value: 0.49422401637724195.
[I 2026-05-28 02:20:16,594] Trial 425 finished with value: 0.9517575473327395 and parameters: {'ISTN': 61.96329578735666, 'I_gpe': 1.4413949412539282, 'I_gpi': 1.6698150297936665, 'noise_stn_sigma': 4.903999682092821, 'noise_gpe_sigma': 113.62804930566986, 'noise_gpi_sigma': 77.60235212681818, 'g_stn_gpe_mult': 2.6350321129935708, 'g_gpe_stn_mult': 0.1938773640938327, 'g_stn_gpi_mult': 2.5885989888286427, 'g_gpe_gpi_mult': 0.8254461443136996}. Best is trial 381 with value: 0.49422401637724195.
[I 2026-05-28 02:20:17,600] Trial 426 finished with value: 0.5627666848555164 and parameters: {'ISTN': 60.851876920249, 'I_gpe': 1.316538534245539, 'I_gpi': 1.6814964521783788, 'noise_stn_sigma': 4.90504122236471, 'noise_gpe_sigma': 112.20251125227969, 'noise_gpi_sigma': 86.0350768300981, 'g_stn_gpe_mult': 2.70921030604665, 'g_gpe_stn_mult': 0.15414297558639983, 'g_stn_gpi_mult': 2.73219837752256, 'g_gpe_gpi_mult': 0.9077486596818423}. Best is trial 381 with value: 0.49422401637724195.
[I 2026-05-28 02:20:18,607] Trial 427 finished with value: 0.5401979870014668 and parameters: {'ISTN': 60.29013316969852, 'I_gpe': 1.3561350883547179, 'I_gpi': 1.65141017065495, 'noise_stn_sigma': 4.322799087432183, 'noise_gpe_sigma': 104.32321039895379, 'noise_gpi_sigma': 86.15645338369934, 'g_stn_gpe_mult': 2.661662326208443, 'g_gpe_stn_mult': 0.155058228165865, 'g_stn_gpi_mult': 2.59396442078976, 'g_gpe_gpi_mult': 0.8854445962218287}. Best is trial 381 with value: 0.49422401637724195.
[I 2026-05-28 02:20:19,614] Trial 428 finished with value: 0.5217226132792487 and parameters: {'ISTN': 62.07005138133934, 'I_gpe': 1.488168828622483, 'I_gpi': 1.9400727398935849, 'noise_stn_sigma': 5.100086275961524, 'noise_gpe_sigma': 115.41124052410169, 'noise_gpi_sigma': 86.04002738548549, 'g_stn_gpe_mult': 2.6641655327032523, 'g_gpe_stn_mult': 0.11098863149048177, 'g_stn_gpi_mult': 2.6867258347023184, 'g_gpe_gpi_mult': 0.8634510767547123}. Best is trial 381 with value: 0.49422401637724195.
[I 2026-05-28 02:20:20,621] Trial 429 finished with value: 0.6632854768322289 and parameters: {'ISTN': 62.12039651862827, 'I_gpe': 1.3726552758501296, 'I_gpi': 1.6563305614052355, 'noise_stn_sigma': 4.621548143325716, 'noise_gpe_sigma': 105.40075030222941, 'noise_gpi_sigma': 81.44140956159634, 'g_stn_gpe_mult': 2.5356018506966773, 'g_gpe_stn_mult': 0.15501769378793354, 'g_stn_gpi_mult': 2.546444908496585, 'g_gpe_gpi_mult': 0.8563638415675354}. Best is trial 381 with value: 0.49422401637724195.
[I 2026-05-28 02:20:21,625] Trial 430 finished with value: 0.4960440816338298 and parameters: {'ISTN': 60.25057691475163, 'I_gpe': 1.411739171513984, 'I_gpi': 1.9565040973221914, 'noise_stn_sigma': 5.152008568036684, 'noise_gpe_sigma': 113.68472715941282, 'noise_gpi_sigma': 80.62461300845408, 'g_stn_gpe_mult': 2.5722957581910197, 'g_gpe_stn_mult': 0.12446376077439984, 'g_stn_gpi_mult': 2.5194279637293957, 'g_gpe_gpi_mult': 0.8870057669547537}. Best is trial 381 with value: 0.49422401637724195.
[I 2026-05-28 02:20:22,634] Trial 431 finished with value: 0.521254320231825 and parameters: {'ISTN': 62.49736920843102, 'I_gpe': 1.3279501025033307, 'I_gpi': 1.8825440129017972, 'noise_stn_sigma': 4.631201841128446, 'noise_gpe_sigma': 108.28098265015522, 'noise_gpi_sigma': 82.46437762516669, 'g_stn_gpe_mult': 2.575558506363507, 'g_gpe_stn_mult': 0.10521809377913977, 'g_stn_gpi_mult': 2.6264061383732775, 'g_gpe_gpi_mult': 0.8751202626834937}. Best is trial 381 with value: 0.49422401637724195.
[I 2026-05-28 02:20:23,643] Trial 432 finished with value: 0.5014489229886548 and parameters: {'ISTN': 60.61404593543143, 'I_gpe': 1.4544532237713494, 'I_gpi': 2.0335058336354326, 'noise_stn_sigma': 4.951720094510083, 'noise_gpe_sigma': 110.9341085190667, 'noise_gpi_sigma': 81.72085335968413, 'g_stn_gpe_mult': 2.4032343586285885, 'g_gpe_stn_mult': 0.11272026199797383, 'g_stn_gpi_mult': 2.496512887424112, 'g_gpe_gpi_mult': 0.8917983859890608}. Best is trial 381 with value: 0.49422401637724195.
[I 2026-05-28 02:20:24,651] Trial 433 finished with value: 0.516551579136311 and parameters: {'ISTN': 62.44626805922203, 'I_gpe': 1.2852185826815452, 'I_gpi': 1.9009461399667296, 'noise_stn_sigma': 4.777535072999578, 'noise_gpe_sigma': 114.16113103580575, 'noise_gpi_sigma': 79.3529153540601, 'g_stn_gpe_mult': 2.447042419883951, 'g_gpe_stn_mult': 0.10892028072051234, 'g_stn_gpi_mult': 2.35492496807831, 'g_gpe_gpi_mult': 0.8912550925307634}. Best is trial 381 with value: 0.49422401637724195.
[I 2026-05-28 02:20:25,657] Trial 434 finished with value: 0.5163591460244111 and parameters: {'ISTN': 61.12475794031527, 'I_gpe': 1.4418275642084697, 'I_gpi': 2.1327171262611477, 'noise_stn_sigma': 5.07699496579474, 'noise_gpe_sigma': 110.6759243170073, 'noise_gpi_sigma': 78.29745696844131, 'g_stn_gpe_mult': 2.2750014642571763, 'g_gpe_stn_mult': 0.1252191094715952, 'g_stn_gpi_mult': 2.4505711575861637, 'g_gpe_gpi_mult': 0.9132654063251797}. Best is trial 381 with value: 0.49422401637724195.
[I 2026-05-28 02:20:26,664] Trial 435 finished with value: 0.5102170261314867 and parameters: {'ISTN': 61.452729057930185, 'I_gpe': 1.3617433828599412, 'I_gpi': 2.0143051547675386, 'noise_stn_sigma': 4.8824974523859, 'noise_gpe_sigma': 109.83649952291864, 'noise_gpi_sigma': 89.22746633343482, 'g_stn_gpe_mult': 2.4428808537538957, 'g_gpe_stn_mult': 0.12503870560881147, 'g_stn_gpi_mult': 2.565124262525577, 'g_gpe_gpi_mult': 0.9447974485075896}. Best is trial 381 with value: 0.49422401637724195.
[I 2026-05-28 02:20:27,668] Trial 436 finished with value: 0.517943966501975 and parameters: {'ISTN': 61.33917607261443, 'I_gpe': 1.5062583887025434, 'I_gpi': 2.0912777885739295, 'noise_stn_sigma': 5.422830761990292, 'noise_gpe_sigma': 108.66653309916059, 'noise_gpi_sigma': 80.32463020767365, 'g_stn_gpe_mult': 2.5932445247845433, 'g_gpe_stn_mult': 0.13477321339745252, 'g_stn_gpi_mult': 2.673068299009402, 'g_gpe_gpi_mult': 0.8851000548974086}. Best is trial 381 with value: 0.49422401637724195.
[I 2026-05-28 02:20:28,674] Trial 437 finished with value: 0.5382424258805708 and parameters: {'ISTN': 60.3058375751275, 'I_gpe': 1.3849361210693494, 'I_gpi': 1.9284198449407777, 'noise_stn_sigma': 5.387977052941336, 'noise_gpe_sigma': 111.98366306778003, 'noise_gpi_sigma': 79.13420133884867, 'g_stn_gpe_mult': 2.4659856915842098, 'g_gpe_stn_mult': 0.11921452566309523, 'g_stn_gpi_mult': 2.5955837367823005, 'g_gpe_gpi_mult': 0.8760370486537379}. Best is trial 381 with value: 0.49422401637724195.
[I 2026-05-28 02:20:29,682] Trial 438 finished with value: 0.5034693406141679 and parameters: {'ISTN': 61.097851499197866, 'I_gpe': 1.2565817638132835, 'I_gpi': 1.782284027672704, 'noise_stn_sigma': 4.848295694199531, 'noise_gpe_sigma': 113.23064990464556, 'noise_gpi_sigma': 85.67189069408809, 'g_stn_gpe_mult': 2.6155706181922627, 'g_gpe_stn_mult': 0.1285178854226216, 'g_stn_gpi_mult': 2.6534377554665562, 'g_gpe_gpi_mult': 0.8901370275192464}. Best is trial 381 with value: 0.49422401637724195.
[I 2026-05-28 02:20:30,690] Trial 439 finished with value: 0.5691896359481313 and parameters: {'ISTN': 60.43761859460312, 'I_gpe': 1.382476176201152, 'I_gpi': 1.968522210120078, 'noise_stn_sigma': 5.173538790336135, 'noise_gpe_sigma': 105.5914242918369, 'noise_gpi_sigma': 79.97468658064764, 'g_stn_gpe_mult': 2.4854039749509433, 'g_gpe_stn_mult': 0.1606317994286392, 'g_stn_gpi_mult': 2.528764229979463, 'g_gpe_gpi_mult': 0.9206653519928052}. Best is trial 381 with value: 0.49422401637724195.
