[I 2026-05-28 02:28:39,119] Trial 924 finished with value: 0.4370647206784138 and parameters: {'ISTN': 60.29292420263955, 'I_gpe': 1.354217035715956, 'I_gpi': 2.1211843746975467, 'noise_stn_sigma': 7.687145770504689, 'noise_gpe_sigma': 118.9858999551253, 'noise_gpi_sigma': 91.21933748546289, 'g_stn_gpe_mult': 3.262813451417071, 'g_gpe_stn_mult': 0.1223153372219026, 'g_stn_gpi_mult': 2.441043118010107, 'g_gpe_gpi_mult': 0.9346946140692036}. Best is trial 917 with value: 0.4254530308461845.
[I 2026-05-28 02:28:40,128] Trial 925 finished with value: 0.4301471065278426 and parameters: {'ISTN': 60.3899430096995, 'I_gpe': 1.343304157402372, 'I_gpi': 2.0204313827555764, 'noise_stn_sigma': 7.56297479895515, 'noise_gpe_sigma': 120.98981502342909, 'noise_gpi_sigma': 87.66827998622776, 'g_stn_gpe_mult': 3.155097747156078, 'g_gpe_stn_mult': 0.11972454374697473, 'g_stn_gpi_mult': 2.466501956973097, 'g_gpe_gpi_mult': 0.8904613627723577}. Best is trial 917 with value: 0.4254530308461845.
[I 2026-05-28 02:28:41,134] Trial 926 finished with value: 0.4304803648312145 and parameters: {'ISTN': 60.562209154396214, 'I_gpe': 1.3498986621731037, 'I_gpi': 2.0392779713455607, 'noise_stn_sigma': 7.734441585422552, 'noise_gpe_sigma': 121.92208352734616, 'noise_gpi_sigma': 88.17891290131139, 'g_stn_gpe_mult': 3.1544839036080843, 'g_gpe_stn_mult': 0.11277979138298681, 'g_stn_gpi_mult': 2.4835111077563017, 'g_gpe_gpi_mult': 0.914871612532552}. Best is trial 917 with value: 0.4254530308461845.
[I 2026-05-28 02:28:42,143] Trial 927 finished with value: 0.4545030934633286 and parameters: {'ISTN': 61.21845518972778, 'I_gpe': 1.3322325836792759, 'I_gpi': 2.065304815762916, 'noise_stn_sigma': 7.840776300040997, 'noise_gpe_sigma': 120.15710431350823, 'noise_gpi_sigma': 88.39851160303725, 'g_stn_gpe_mult': 3.143878134691954, 'g_gpe_stn_mult': 0.1053906854217718, 'g_stn_gpi_mult': 2.4312683555859405, 'g_gpe_gpi_mult': 0.8856632899126442}. Best is trial 917 with value: 0.4254530308461845.
[I 2026-05-28 02:28:43,150] Trial 928 finished with value: 0.4363273302695861 and parameters: {'ISTN': 60.0078437334798, 'I_gpe': 1.3103844914794023, 'I_gpi': 2.0850428940120285, 'noise_stn_sigma': 7.240333945140962, 'noise_gpe_sigma': 121.69791709081886, 'noise_gpi_sigma': 90.01059578172283, 'g_stn_gpe_mult': 3.1338796869633283, 'g_gpe_stn_mult': 0.13080200175084894, 'g_stn_gpi_mult': 2.398427966140937, 'g_gpe_gpi_mult': 0.8888281141690229}. Best is trial 917 with value: 0.4254530308461845.
[I 2026-05-28 02:28:44,155] Trial 929 finished with value: 0.42638713434632425 and parameters: {'ISTN': 60.24377793173693, 'I_gpe': 1.337434634666118, 'I_gpi': 2.014341270493944, 'noise_stn_sigma': 7.895521145189935, 'noise_gpe_sigma': 118.77924852458766, 'noise_gpi_sigma': 85.62276897134711, 'g_stn_gpe_mult': 3.125650902941844, 'g_gpe_stn_mult': 0.11237828215224066, 'g_stn_gpi_mult': 2.40865358190017, 'g_gpe_gpi_mult': 0.8815970761631631}. Best is trial 917 with value: 0.4254530308461845.
[I 2026-05-28 02:28:45,163] Trial 930 finished with value: 0.44689111727129477 and parameters: {'ISTN': 60.68803656565495, 'I_gpe': 1.3822502030637023, 'I_gpi': 2.207464362312628, 'noise_stn_sigma': 7.434437624498052, 'noise_gpe_sigma': 122.32144535370946, 'noise_gpi_sigma': 88.71220853329572, 'g_stn_gpe_mult': 2.9868425835695156, 'g_gpe_stn_mult': 0.11436570989422189, 'g_stn_gpi_mult': 2.420482447482578, 'g_gpe_gpi_mult': 0.878918814806545}. Best is trial 917 with value: 0.4254530308461845.
[I 2026-05-28 02:28:46,172] Trial 931 finished with value: 0.472392802349599 and parameters: {'ISTN': 60.95049768979868, 'I_gpe': 1.3428293760713585, 'I_gpi': 1.9967821971866868, 'noise_stn_sigma': 7.6444083047464275, 'noise_gpe_sigma': 118.60293599077578, 'noise_gpi_sigma': 85.58680355324394, 'g_stn_gpe_mult': 3.127307497370768, 'g_gpe_stn_mult': 0.1062996801219416, 'g_stn_gpi_mult': 2.4562614498010187, 'g_gpe_gpi_mult': 0.8999490850808574}. Best is trial 917 with value: 0.4254530308461845.
[I 2026-05-28 02:28:47,177] Trial 932 finished with value: 0.45289886055178574 and parameters: {'ISTN': 60.27829100518194, 'I_gpe': 1.310531819137108, 'I_gpi': 2.021039899959181, 'noise_stn_sigma': 7.915880330318119, 'noise_gpe_sigma': 122.6375525400148, 'noise_gpi_sigma': 87.10772146273588, 'g_stn_gpe_mult': 3.0998616796549268, 'g_gpe_stn_mult': 0.11194685497223122, 'g_stn_gpi_mult': 2.377946058839215, 'g_gpe_gpi_mult': 0.8550796059355459}. Best is trial 917 with value: 0.4254530308461845.
[I 2026-05-28 02:28:48,186] Trial 933 finished with value: 0.45070298659750735 and parameters: {'ISTN': 60.7055458435845, 'I_gpe': 1.3211791674903368, 'I_gpi': 2.032677994459405, 'noise_stn_sigma': 7.774487067718035, 'noise_gpe_sigma': 121.68052956512211, 'noise_gpi_sigma': 86.58224990589, 'g_stn_gpe_mult': 3.0637611150663178, 'g_gpe_stn_mult': 0.10700057514375116, 'g_stn_gpi_mult': 2.4284393596415805, 'g_gpe_gpi_mult': 0.854491133797824}. Best is trial 917 with value: 0.4254530308461845.
[I 2026-05-28 02:28:49,194] Trial 934 finished with value: 0.4226483025038592 and parameters: {'ISTN': 60.5640443020414, 'I_gpe': 1.3657794175811406, 'I_gpi': 2.0731957546702224, 'noise_stn_sigma': 7.911263223617157, 'noise_gpe_sigma': 120.37780044810222, 'noise_gpi_sigma': 87.95488486728355, 'g_stn_gpe_mult': 3.2047561671379583, 'g_gpe_stn_mult': 0.10647987488698318, 'g_stn_gpi_mult': 2.4030683506342605, 'g_gpe_gpi_mult': 0.87245921756038}. Best is trial 934 with value: 0.4226483025038592.
[I 2026-05-28 02:28:50,203] Trial 935 finished with value: 0.4282102785455339 and parameters: {'ISTN': 60.02434749591782, 'I_gpe': 1.350503647405396, 'I_gpi': 2.0367550476977994, 'noise_stn_sigma': 7.845573847860132, 'noise_gpe_sigma': 120.69485868474904, 'noise_gpi_sigma': 88.93988285633554, 'g_stn_gpe_mult': 3.1036452210344185, 'g_gpe_stn_mult': 0.10777720531895596, 'g_stn_gpi_mult': 2.3872455789743894, 'g_gpe_gpi_mult': 0.8601002021550235}. Best is trial 934 with value: 0.4226483025038592.
[I 2026-05-28 02:28:51,211] Trial 936 finished with value: 0.47449568744491366 and parameters: {'ISTN': 60.748513059626696, 'I_gpe': 1.3666990039055567, 'I_gpi': 2.0378263861429926, 'noise_stn_sigma': 7.940765030902382, 'noise_gpe_sigma': 119.99042852998575, 'noise_gpi_sigma': 83.95081785432434, 'g_stn_gpe_mult': 3.1488914478708994, 'g_gpe_stn_mult': 0.10333680441252371, 'g_stn_gpi_mult': 2.4307861561221777, 'g_gpe_gpi_mult': 0.855287005869295}. Best is trial 934 with value: 0.4226483025038592.
[I 2026-05-28 02:28:52,220] Trial 937 finished with value: 0.42530657475629224 and parameters: {'ISTN': 60.64584411970371, 'I_gpe': 1.3505354038068416, 'I_gpi': 2.035835243997596, 'noise_stn_sigma': 7.772943108227485, 'noise_gpe_sigma': 118.1743004065131, 'noise_gpi_sigma': 86.33092719494968, 'g_stn_gpe_mult': 3.200355929124698, 'g_gpe_stn_mult': 0.11252768969062292, 'g_stn_gpi_mult': 2.502049968785047, 'g_gpe_gpi_mult': 0.914390925244688}. Best is trial 934 with value: 0.4226483025038592.
[I 2026-05-28 02:28:53,225] Trial 938 finished with value: 0.44683934495399086 and parameters: {'ISTN': 60.48423240941505, 'I_gpe': 1.3482610974559968, 'I_gpi': 1.9649312944035962, 'noise_stn_sigma': 7.910962016685206, 'noise_gpe_sigma': 121.00946572334254, 'noise_gpi_sigma': 83.22558280915763, 'g_stn_gpe_mult': 3.13859925123053, 'g_gpe_stn_mult': 0.11076063289413629, 'g_stn_gpi_mult': 2.4880870593193283, 'g_gpe_gpi_mult': 0.8811459887827893}. Best is trial 934 with value: 0.4226483025038592.
[I 2026-05-28 02:28:54,232] Trial 939 finished with value: 0.4981864822520874 and parameters: {'ISTN': 61.0330677898613, 'I_gpe': 1.3803100275760949, 'I_gpi': 2.0059540112511414, 'noise_stn_sigma': 7.880110458302222, 'noise_gpe_sigma': 119.64663915626652, 'noise_gpi_sigma': 86.21058163448522, 'g_stn_gpe_mult': 3.1907522282085043, 'g_gpe_stn_mult': 0.10366251150623454, 'g_stn_gpi_mult': 2.4603727519292287, 'g_gpe_gpi_mult': 0.8856776655491623}. Best is trial 934 with value: 0.4226483025038592.
[I 2026-05-28 02:28:55,239] Trial 940 finished with value: 0.42870313047027836 and parameters: {'ISTN': 60.37534336418183, 'I_gpe': 1.360299613640806, 'I_gpi': 2.0782805738811163, 'noise_stn_sigma': 7.81987171580682, 'noise_gpe_sigma': 120.74113036260356, 'noise_gpi_sigma': 87.16485636208537, 'g_stn_gpe_mult': 3.1447652635534276, 'g_gpe_stn_mult': 0.10833190749862649, 'g_stn_gpi_mult': 2.4409110125068145, 'g_gpe_gpi_mult': 0.8897123569946717}. Best is trial 934 with value: 0.4226483025038592.
[I 2026-05-28 02:28:56,248] Trial 941 finished with value: 0.4600467934489968 and parameters: {'ISTN': 60.883761183820916, 'I_gpe': 1.3746755951042693, 'I_gpi': 2.0310153297578015, 'noise_stn_sigma': 7.8508857327108785, 'noise_gpe_sigma': 121.03920388915049, 'noise_gpi_sigma': 87.36811299881732, 'g_stn_gpe_mult': 3.123448843367177, 'g_gpe_stn_mult': 0.10674320515957947, 'g_stn_gpi_mult': 2.3871584199555835, 'g_gpe_gpi_mult': 0.8556328133691691}. Best is trial 934 with value: 0.4226483025038592.
[I 2026-05-28 02:28:57,256] Trial 942 finished with value: 0.4329921751003017 and parameters: {'ISTN': 60.03080551729918, 'I_gpe': 1.3452336468377488, 'I_gpi': 2.0746188414178195, 'noise_stn_sigma': 7.800648764385537, 'noise_gpe_sigma': 121.43958121498113, 'noise_gpi_sigma': 86.82523630955001, 'g_stn_gpe_mult': 3.2273277176425568, 'g_gpe_stn_mult': 0.11639676167238797, 'g_stn_gpi_mult': 2.4154585802520168, 'g_gpe_gpi_mult': 0.8750149044025988}. Best is trial 934 with value: 0.4226483025038592.
[I 2026-05-28 02:28:58,263] Trial 943 finished with value: 0.48614019326626545 and parameters: {'ISTN': 60.67800555401233, 'I_gpe': 1.345567682171667, 'I_gpi': 2.025518731918171, 'noise_stn_sigma': 7.735395074572709, 'noise_gpe_sigma': 117.96219770782872, 'noise_gpi_sigma': 87.70236514796369, 'g_stn_gpe_mult': 3.1921541047682194, 'g_gpe_stn_mult': 0.10929174696851497, 'g_stn_gpi_mult': 2.4365206925551277, 'g_gpe_gpi_mult': 0.8870390393318648}. Best is trial 934 with value: 0.4226483025038592.
[I 2026-05-28 02:28:59,270] Trial 944 finished with value: 0.4247098789633265 and parameters: {'ISTN': 60.581845055651115, 'I_gpe': 1.3583512861498084, 'I_gpi': 2.0087535127152147, 'noise_stn_sigma': 7.6931099897252215, 'noise_gpe_sigma': 119.03618013242856, 'noise_gpi_sigma': 84.83388980317751, 'g_stn_gpe_mult': 3.0846976144773817, 'g_gpe_stn_mult': 0.11396102520123712, 'g_stn_gpi_mult': 2.46682827230239, 'g_gpe_gpi_mult': 0.8525156874890882}. Best is trial 934 with value: 0.4226483025038592.
[I 2026-05-28 02:29:00,277] Trial 945 finished with value: 0.4256056815264823 and parameters: {'ISTN': 60.54581848154575, 'I_gpe': 1.4120816348144551, 'I_gpi': 2.0103201402030213, 'noise_stn_sigma': 7.97173688116344, 'noise_gpe_sigma': 119.41476646265775, 'noise_gpi_sigma': 82.95374713631965, 'g_stn_gpe_mult': 3.0877472958388053, 'g_gpe_stn_mult': 0.10290477210277357, 'g_stn_gpi_mult': 2.438658147387371, 'g_gpe_gpi_mult': 0.8458672017976461}. Best is trial 934 with value: 0.4226483025038592.
[I 2026-05-28 02:29:01,286] Trial 946 finished with value: 0.4453252942614322 and parameters: {'ISTN': 60.96590027758859, 'I_gpe': 1.4006763823991486, 'I_gpi': 2.163594704942716, 'noise_stn_sigma': 7.900571985202289, 'noise_gpe_sigma': 119.45058166757799, 'noise_gpi_sigma': 89.52756169205759, 'g_stn_gpe_mult': 3.2482729949681772, 'g_gpe_stn_mult': 0.11051626972150196, 'g_stn_gpi_mult': 2.426465704032217, 'g_gpe_gpi_mult': 0.8964195452113608}. Best is trial 934 with value: 0.4226483025038592.
[I 2026-05-28 02:29:02,292] Trial 947 finished with value: 0.4867690182760458 and parameters: {'ISTN': 60.47839305146693, 'I_gpe': 1.3423626237738142, 'I_gpi': 2.083507631233149, 'noise_stn_sigma': 7.596345267735514, 'noise_gpe_sigma': 117.78945259825977, 'noise_gpi_sigma': 84.76409392733578, 'g_stn_gpe_mult': 3.1064187342771645, 'g_gpe_stn_mult': 0.11267627989287413, 'g_stn_gpi_mult': 2.3971037147580123, 'g_gpe_gpi_mult': 0.8850090725219506}. Best is trial 934 with value: 0.4226483025038592.
[I 2026-05-28 02:29:03,300] Trial 948 finished with value: 0.4233184899704133 and parameters: {'ISTN': 60.035484553141735, 'I_gpe': 1.3491887875020332, 'I_gpi': 2.0583066286123004, 'noise_stn_sigma': 7.8759392941537145, 'noise_gpe_sigma': 120.41996814182389, 'noise_gpi_sigma': 87.25480275199604, 'g_stn_gpe_mult': 3.3134466421974316, 'g_gpe_stn_mult': 0.10905473813270707, 'g_stn_gpi_mult': 2.4779183989277684, 'g_gpe_gpi_mult': 0.8795856574785961}. Best is trial 934 with value: 0.4226483025038592.
[I 2026-05-28 02:29:04,311] Trial 949 finished with value: 0.4265804493755753 and parameters: {'ISTN': 60.79299859564619, 'I_gpe': 1.3494865527519928, 'I_gpi': 1.960217189164681, 'noise_stn_sigma': 7.8132330616038095, 'noise_gpe_sigma': 120.71558353850045, 'noise_gpi_sigma': 87.33484388011526, 'g_stn_gpe_mult': 3.1479348901769226, 'g_gpe_stn_mult': 0.11096477064886742, 'g_stn_gpi_mult': 2.486048037266902, 'g_gpe_gpi_mult': 0.8690159598885714}. Best is trial 934 with value: 0.4226483025038592.
[I 2026-05-28 02:29:05,319] Trial 950 finished with value: 0.538794318036482 and parameters: {'ISTN': 60.71482989632965, 'I_gpe': 1.3698794089953528, 'I_gpi': 2.045720357868323, 'noise_stn_sigma': 7.919131247505355, 'noise_gpe_sigma': 117.16621314071489, 'noise_gpi_sigma': 86.20539335317082, 'g_stn_gpe_mult': 3.1730265206506862, 'g_gpe_stn_mult': 0.10349933122155168, 'g_stn_gpi_mult': 2.4398831335042557, 'g_gpe_gpi_mult': 0.8825801866658949}. Best is trial 934 with value: 0.4226483025038592.
[I 2026-05-28 02:29:06,331] Trial 951 finished with value: 0.41840606986458645 and parameters: {'ISTN': 60.03588656728843, 'I_gpe': 1.3541134057690705, 'I_gpi': 2.0275796221961997, 'noise_stn_sigma': 7.930358768112423, 'noise_gpe_sigma': 120.2987625564854, 'noise_gpi_sigma': 88.93336563039934, 'g_stn_gpe_mult': 3.184440925024378, 'g_gpe_stn_mult': 0.10872281783751832, 'g_stn_gpi_mult': 2.3928489400045363, 'g_gpe_gpi_mult': 0.8791850284947029}. Best is trial 951 with value: 0.41840606986458645.
[I 2026-05-28 02:29:07,341] Trial 952 finished with value: 0.4241033538186209 and parameters: {'ISTN': 60.0991172956702, 'I_gpe': 1.3149140857258148, 'I_gpi': 2.0831988876134964, 'noise_stn_sigma': 7.967970383416787, 'noise_gpe_sigma': 121.38557457995941, 'noise_gpi_sigma': 88.2627686987269, 'g_stn_gpe_mult': 3.3723397121965246, 'g_gpe_stn_mult': 0.10901421920508975, 'g_stn_gpi_mult': 2.405054788493808, 'g_gpe_gpi_mult': 0.8846495227259579}. Best is trial 951 with value: 0.41840606986458645.
[I 2026-05-28 02:29:08,349] Trial 953 finished with value: 0.43553636446855654 and parameters: {'ISTN': 60.77835971587881, 'I_gpe': 1.3892641000042016, 'I_gpi': 2.029577463081206, 'noise_stn_sigma': 7.897481639915287, 'noise_gpe_sigma': 121.97482900231242, 'noise_gpi_sigma': 86.41779973131125, 'g_stn_gpe_mult': 3.2908699252558016, 'g_gpe_stn_mult': 0.10185047558731491, 'g_stn_gpi_mult': 2.4648130415807374, 'g_gpe_gpi_mult': 0.863993754235028}. Best is trial 951 with value: 0.41840606986458645.
[I 2026-05-28 02:29:09,357] Trial 954 finished with value: 0.4326262645998454 and parameters: {'ISTN': 60.837420163738194, 'I_gpe': 1.3319757315835394, 'I_gpi': 2.0456515244125937, 'noise_stn_sigma': 7.702597863416755, 'noise_gpe_sigma': 120.54532584076324, 'noise_gpi_sigma': 86.92330938703579, 'g_stn_gpe_mult': 3.1585940135259336, 'g_gpe_stn_mult': 0.11432726594425502, 'g_stn_gpi_mult': 2.4625658580309997, 'g_gpe_gpi_mult': 0.8560955048340324}. Best is trial 951 with value: 0.41840606986458645.
[I 2026-05-28 02:29:10,366] Trial 955 finished with value: 0.4287085347877232 and parameters: {'ISTN': 60.40711129998711, 'I_gpe': 1.3339437462655948, 'I_gpi': 2.01917976323431, 'noise_stn_sigma': 7.75563393305769, 'noise_gpe_sigma': 119.16599439370823, 'noise_gpi_sigma': 87.39867014497473, 'g_stn_gpe_mult': 3.227839088695595, 'g_gpe_stn_mult': 0.10992538193506468, 'g_stn_gpi_mult': 2.46025173487974, 'g_gpe_gpi_mult': 0.8712012524946728}. Best is trial 951 with value: 0.41840606986458645.
[I 2026-05-28 02:29:11,376] Trial 956 finished with value: 0.4314828093265873 and parameters: {'ISTN': 60.525358720091056, 'I_gpe': 1.36344011965378, 'I_gpi': 2.049586178068271, 'noise_stn_sigma': 7.844909559936553, 'noise_gpe_sigma': 120.20735766544867, 'noise_gpi_sigma': 84.36836994814053, 'g_stn_gpe_mult': 3.251125149352731, 'g_gpe_stn_mult': 0.10041994385950521, 'g_stn_gpi_mult': 2.4517659728816477, 'g_gpe_gpi_mult': 0.8610629349740615}. Best is trial 951 with value: 0.41840606986458645.
[I 2026-05-28 02:29:12,384] Trial 957 finished with value: 0.469888413049315 and parameters: {'ISTN': 60.42668765915743, 'I_gpe': 1.3459242646081633, 'I_gpi': 2.020219915185095, 'noise_stn_sigma': 7.818589903933301, 'noise_gpe_sigma': 119.03125304179741, 'noise_gpi_sigma': 84.83039170760952, 'g_stn_gpe_mult': 3.1973951834961323, 'g_gpe_stn_mult': 0.11104587874259642, 'g_stn_gpi_mult': 2.4818466554477316, 'g_gpe_gpi_mult': 0.8543812948659204}. Best is trial 951 with value: 0.41840606986458645.
[I 2026-05-28 02:29:13,392] Trial 958 finished with value: 0.4447362403810959 and parameters: {'ISTN': 60.762298773084225, 'I_gpe': 1.3464195664430145, 'I_gpi': 2.08326466826632, 'noise_stn_sigma': 7.768894533441487, 'noise_gpe_sigma': 119.41885272976506, 'noise_gpi_sigma': 84.11378217250883, 'g_stn_gpe_mult': 3.174131975722673, 'g_gpe_stn_mult': 0.10089025488880213, 'g_stn_gpi_mult': 2.449152179545739, 'g_gpe_gpi_mult': 0.8642534247787002}. Best is trial 951 with value: 0.41840606986458645.
[I 2026-05-28 02:29:14,403] Trial 959 finished with value: 0.4244023329900182 and parameters: {'ISTN': 60.506504527992476, 'I_gpe': 1.3460840998313084, 'I_gpi': 2.1138652149377246, 'noise_stn_sigma': 7.865117688429628, 'noise_gpe_sigma': 119.12650165307333, 'noise_gpi_sigma': 88.01478547353476, 'g_stn_gpe_mult': 3.3543563970563075, 'g_gpe_stn_mult': 0.10163808579784851, 'g_stn_gpi_mult': 2.4314087351873797, 'g_gpe_gpi_mult': 0.8755595894401025}. Best is trial 951 with value: 0.41840606986458645.
[I 2026-05-28 02:29:15,411] Trial 960 finished with value: 0.48507260918275696 and parameters: {'ISTN': 60.60274462042386, 'I_gpe': 1.3752923294308994, 'I_gpi': 2.0618766953052043, 'noise_stn_sigma': 7.927873771726197, 'noise_gpe_sigma': 118.72485704948468, 'noise_gpi_sigma': 85.50333923328269, 'g_stn_gpe_mult': 3.172847973529529, 'g_gpe_stn_mult': 0.10413054162134151, 'g_stn_gpi_mult': 2.4022658447549077, 'g_gpe_gpi_mult': 0.8783213107633119}. Best is trial 951 with value: 0.41840606986458645.
[I 2026-05-28 02:29:16,421] Trial 961 finished with value: 0.4218409579503354 and parameters: {'ISTN': 60.347228533680145, 'I_gpe': 1.3206089198686124, 'I_gpi': 1.9900961077447703, 'noise_stn_sigma': 7.8204138865582475, 'noise_gpe_sigma': 121.08754296849573, 'noise_gpi_sigma': 88.74869989451591, 'g_stn_gpe_mult': 3.2575252809069166, 'g_gpe_stn_mult': 0.11091904011889724, 'g_stn_gpi_mult': 2.4429593789976094, 'g_gpe_gpi_mult': 0.8914533230380086}. Best is trial 951 with value: 0.41840606986458645.
[I 2026-05-28 02:29:17,428] Trial 962 finished with value: 0.4459709366399534 and parameters: {'ISTN': 60.00411275497216, 'I_gpe': 1.3010626196731616, 'I_gpi': 2.0880815543438254, 'noise_stn_sigma': 7.910630578434616, 'noise_gpe_sigma': 120.13204340101349, 'noise_gpi_sigma': 90.60956656525654, 'g_stn_gpe_mult': 3.292363338864458, 'g_gpe_stn_mult': 0.10714851270297839, 'g_stn_gpi_mult': 2.373225919248666, 'g_gpe_gpi_mult': 0.879475463530704}. Best is trial 951 with value: 0.41840606986458645.
[I 2026-05-28 02:29:18,435] Trial 963 finished with value: 0.4224028547427022 and parameters: {'ISTN': 60.23438329504438, 'I_gpe': 1.3518370547143785, 'I_gpi': 2.055482652610225, 'noise_stn_sigma': 7.897614379551847, 'noise_gpe_sigma': 120.23126882658333, 'noise_gpi_sigma': 87.49805909440975, 'g_stn_gpe_mult': 3.2469921526046353, 'g_gpe_stn_mult': 0.10895163076043674, 'g_stn_gpi_mult': 2.420114690387792, 'g_gpe_gpi_mult': 0.8603003051779963}. Best is trial 951 with value: 0.41840606986458645.
[I 2026-05-28 02:29:19,442] Trial 964 finished with value: 0.5385152199080977 and parameters: {'ISTN': 60.33504720632054, 'I_gpe': 1.2584182801801724, 'I_gpi': 2.1168115370769964, 'noise_stn_sigma': 7.530336509891374, 'noise_gpe_sigma': 121.75309264460172, 'noise_gpi_sigma': 88.83579593285256, 'g_stn_gpe_mult': 3.1051334876385113, 'g_gpe_stn_mult': 0.11525458394952579, 'g_stn_gpi_mult': 2.350890150103827, 'g_gpe_gpi_mult': 0.8686359624239914}. Best is trial 951 with value: 0.41840606986458645.
[I 2026-05-28 02:29:20,451] Trial 965 finished with value: 0.43006115436139003 and parameters: {'ISTN': 60.70787410244569, 'I_gpe': 1.2557488948159907, 'I_gpi': 2.136803026507841, 'noise_stn_sigma': 7.7451114541653485, 'noise_gpe_sigma': 121.99595725239737, 'noise_gpi_sigma': 91.06035878591835, 'g_stn_gpe_mult': 3.265993258205718, 'g_gpe_stn_mult': 0.11590484121635175, 'g_stn_gpi_mult': 2.4118937887325957, 'g_gpe_gpi_mult': 0.9060098739747562}. Best is trial 951 with value: 0.41840606986458645.
[I 2026-05-28 02:29:21,456] Trial 966 finished with value: 0.4552245382139217 and parameters: {'ISTN': 60.05798418460221, 'I_gpe': 1.3250508118365667, 'I_gpi': 2.1846025661420505, 'noise_stn_sigma': 7.7232332980206335, 'noise_gpe_sigma': 120.14911231954456, 'noise_gpi_sigma': 90.59881734347202, 'g_stn_gpe_mult': 3.215916160087368, 'g_gpe_stn_mult': 0.1156636098715815, 'g_stn_gpi_mult': 2.417539895415649, 'g_gpe_gpi_mult': 0.8951258803638078}. Best is trial 951 with value: 0.41840606986458645.
[I 2026-05-28 02:29:22,464] Trial 967 finished with value: 0.42698458827730235 and parameters: {'ISTN': 60.18925348848916, 'I_gpe': 1.3653243140885174, 'I_gpi': 2.0603541722469063, 'noise_stn_sigma': 7.9769404303767, 'noise_gpe_sigma': 119.67300428121354, 'noise_gpi_sigma': 85.99730001296176, 'g_stn_gpe_mult': 3.222952454725152, 'g_gpe_stn_mult': 0.10253980383761996, 'g_stn_gpi_mult': 2.490751043349035, 'g_gpe_gpi_mult': 0.8925491025625611}. Best is trial 951 with value: 0.41840606986458645.
