[I 2026-05-28 02:35:15,252] Trial 306 finished with value: 0.06842895827538874 and parameters: {'ISTN': 66.31231951654658, 'I_gpe': 1.0544664909642276, 'I_gpi': 2.1518575418418786, 'noise_stn_sigma': 2.24848478180916, 'noise_gpe_sigma': 118.96451947757568, 'noise_gpi_sigma': 144.2114469191759, 'g_stn_gpe_mult': 2.9353014660787276, 'g_gpe_stn_mult': 0.14393255285020198, 'g_stn_gpi_mult': 1.3047656518376478, 'g_gpe_gpi_mult': 0.7065696945709825}. Best is trial 234 with value: 0.030575711581523085.
[I 2026-05-28 02:35:16,261] Trial 307 finished with value: 2.387627506717744 and parameters: {'ISTN': 62.264985519098545, 'I_gpe': 1.1802877503831897, 'I_gpi': 2.404361624785838, 'noise_stn_sigma': 3.7967555949368146, 'noise_gpe_sigma': 130.781879784029, 'noise_gpi_sigma': 148.07165356541358, 'g_stn_gpe_mult': 2.7108686851386388, 'g_gpe_stn_mult': 0.15174678701534774, 'g_stn_gpi_mult': 1.48182064719611, 'g_gpe_gpi_mult': 0.840753589098608}. Best is trial 234 with value: 0.030575711581523085.
[I 2026-05-28 02:35:17,271] Trial 308 finished with value: 0.08024116007410165 and parameters: {'ISTN': 60.7069757924371, 'I_gpe': 1.082232983890813, 'I_gpi': 2.3157628726984143, 'noise_stn_sigma': 2.4022764471190428, 'noise_gpe_sigma': 138.894529550434, 'noise_gpi_sigma': 139.70205742778992, 'g_stn_gpe_mult': 2.7191694073694075, 'g_gpe_stn_mult': 0.13139676143651857, 'g_stn_gpi_mult': 1.4591245827449681, 'g_gpe_gpi_mult': 0.7505033145418878}. Best is trial 234 with value: 0.030575711581523085.
[I 2026-05-28 02:35:18,280] Trial 309 finished with value: 1.1183727854860197 and parameters: {'ISTN': 64.043381756285, 'I_gpe': 1.1409506302361954, 'I_gpi': 2.3752687334811884, 'noise_stn_sigma': 3.140750010033732, 'noise_gpe_sigma': 122.87602548262248, 'noise_gpi_sigma': 146.31007796246666, 'g_stn_gpe_mult': 2.328112654979689, 'g_gpe_stn_mult': 0.1793933569097616, 'g_stn_gpi_mult': 1.35920762128467, 'g_gpe_gpi_mult': 0.8196118046748815}. Best is trial 234 with value: 0.030575711581523085.
[I 2026-05-28 02:35:19,288] Trial 310 finished with value: 1.3749611889534072 and parameters: {'ISTN': 62.137512276314766, 'I_gpe': 0.9771230643797442, 'I_gpi': 2.4166665416035564, 'noise_stn_sigma': 3.197479134157009, 'noise_gpe_sigma': 118.7415589011444, 'noise_gpi_sigma': 139.05958180198223, 'g_stn_gpe_mult': 2.707765599079655, 'g_gpe_stn_mult': 0.21299638798355763, 'g_stn_gpi_mult': 1.41327930663188, 'g_gpe_gpi_mult': 0.8760951758042288}. Best is trial 234 with value: 0.030575711581523085.
[I 2026-05-28 02:35:20,299] Trial 311 finished with value: 0.5464727461108866 and parameters: {'ISTN': 65.03197301388973, 'I_gpe': 1.0028547032160668, 'I_gpi': 2.292366554599969, 'noise_stn_sigma': 1.9310175694624094, 'noise_gpe_sigma': 139.96265936224466, 'noise_gpi_sigma': 140.80054591965546, 'g_stn_gpe_mult': 2.7456993085663486, 'g_gpe_stn_mult': 0.17881908959152712, 'g_stn_gpi_mult': 1.3409578546535967, 'g_gpe_gpi_mult': 0.798157375712752}. Best is trial 234 with value: 0.030575711581523085.
[I 2026-05-28 02:35:21,307] Trial 312 finished with value: 0.11587460795854776 and parameters: {'ISTN': 65.34540029620986, 'I_gpe': 1.3140456291607634, 'I_gpi': 1.9802963709532235, 'noise_stn_sigma': 2.463909011429436, 'noise_gpe_sigma': 147.67435220646908, 'noise_gpi_sigma': 147.1570665091349, 'g_stn_gpe_mult': 2.758913364622607, 'g_gpe_stn_mult': 0.12987672926177826, 'g_stn_gpi_mult': 1.1049263347971743, 'g_gpe_gpi_mult': 0.78001758798974}. Best is trial 234 with value: 0.030575711581523085.
[I 2026-05-28 02:35:22,318] Trial 313 finished with value: 0.34910709126823614 and parameters: {'ISTN': 60.79475697505302, 'I_gpe': 1.1524880288648358, 'I_gpi': 2.3723397136147106, 'noise_stn_sigma': 1.8586996296306428, 'noise_gpe_sigma': 120.15579279258581, 'noise_gpi_sigma': 147.20554156825315, 'g_stn_gpe_mult': 2.8528677112961613, 'g_gpe_stn_mult': 0.15138615035233818, 'g_stn_gpi_mult': 1.4559910890179402, 'g_gpe_gpi_mult': 0.7560246157891619}. Best is trial 234 with value: 0.030575711581523085.
[I 2026-05-28 02:35:23,327] Trial 314 finished with value: 0.06078097274457329 and parameters: {'ISTN': 65.3774676189078, 'I_gpe': 1.001794225020264, 'I_gpi': 2.246744529199489, 'noise_stn_sigma': 1.755525879558389, 'noise_gpe_sigma': 138.04830122975875, 'noise_gpi_sigma': 129.57461234617443, 'g_stn_gpe_mult': 2.0668255780384888, 'g_gpe_stn_mult': 0.11482096267637017, 'g_stn_gpi_mult': 1.3851465177802205, 'g_gpe_gpi_mult': 0.8323457914083385}. Best is trial 234 with value: 0.030575711581523085.
[I 2026-05-28 02:35:24,335] Trial 315 finished with value: 0.06449634322182783 and parameters: {'ISTN': 62.931831959464546, 'I_gpe': 1.1116912660766003, 'I_gpi': 2.5464648886504953, 'noise_stn_sigma': 2.549752549635644, 'noise_gpe_sigma': 128.63939554011262, 'noise_gpi_sigma': 149.98007930950433, 'g_stn_gpe_mult': 2.7518107515168415, 'g_gpe_stn_mult': 0.11992229416564174, 'g_stn_gpi_mult': 1.174040846976421, 'g_gpe_gpi_mult': 0.818964753476616}. Best is trial 234 with value: 0.030575711581523085.
[I 2026-05-28 02:35:25,343] Trial 316 finished with value: 9.866392195447487 and parameters: {'ISTN': 72.51518759373849, 'I_gpe': 1.1450149956970401, 'I_gpi': 2.1248428484456605, 'noise_stn_sigma': 2.909959787833707, 'noise_gpe_sigma': 146.82148404350622, 'noise_gpi_sigma': 124.27206760095827, 'g_stn_gpe_mult': 2.629597986290199, 'g_gpe_stn_mult': 0.14109845959680958, 'g_stn_gpi_mult': 1.3295860806469753, 'g_gpe_gpi_mult': 0.7834086421552124}. Best is trial 234 with value: 0.030575711581523085.
[I 2026-05-28 02:35:26,353] Trial 317 finished with value: 0.12923054171712406 and parameters: {'ISTN': 61.61408770832136, 'I_gpe': 0.7858383126870683, 'I_gpi': 1.8128129850123091, 'noise_stn_sigma': 1.6733133074266175, 'noise_gpe_sigma': 135.79454451467365, 'noise_gpi_sigma': 146.77698670409404, 'g_stn_gpe_mult': 2.327744993402262, 'g_gpe_stn_mult': 0.15754791751423394, 'g_stn_gpi_mult': 1.4572681018031117, 'g_gpe_gpi_mult': 0.8651278152121618}. Best is trial 234 with value: 0.030575711581523085.
[I 2026-05-28 02:35:27,361] Trial 318 finished with value: 0.11132760907360909 and parameters: {'ISTN': 60.215682830095645, 'I_gpe': 1.1061630851880349, 'I_gpi': 2.0477878800051785, 'noise_stn_sigma': 1.8369570836498972, 'noise_gpe_sigma': 116.12951353253227, 'noise_gpi_sigma': 146.75498281151653, 'g_stn_gpe_mult': 2.890919559429103, 'g_gpe_stn_mult': 0.18109105090358713, 'g_stn_gpi_mult': 1.2589418820807496, 'g_gpe_gpi_mult': 0.7293768577794646}. Best is trial 234 with value: 0.030575711581523085.
[I 2026-05-28 02:35:28,368] Trial 319 finished with value: 0.08411009091048705 and parameters: {'ISTN': 63.79665277550972, 'I_gpe': 0.9021994104760664, 'I_gpi': 1.9658868637556846, 'noise_stn_sigma': 2.4950393238152304, 'noise_gpe_sigma': 132.04363323527292, 'noise_gpi_sigma': 147.21693259380197, 'g_stn_gpe_mult': 2.85792602061848, 'g_gpe_stn_mult': 0.16567210075181743, 'g_stn_gpi_mult': 1.5514887142600178, 'g_gpe_gpi_mult': 0.7388625210043456}. Best is trial 234 with value: 0.030575711581523085.
[I 2026-05-28 02:35:29,377] Trial 320 finished with value: 0.06767758786091778 and parameters: {'ISTN': 63.96874265178778, 'I_gpe': 0.8226711845208085, 'I_gpi': 2.0673434049710995, 'noise_stn_sigma': 1.1698706160621097, 'noise_gpe_sigma': 140.15337203303383, 'noise_gpi_sigma': 135.8274780493045, 'g_stn_gpe_mult': 2.240798628394333, 'g_gpe_stn_mult': 0.12580049547670538, 'g_stn_gpi_mult': 1.3550408155263942, 'g_gpe_gpi_mult': 0.8770902916349945}. Best is trial 234 with value: 0.030575711581523085.
[I 2026-05-28 02:35:30,384] Trial 321 finished with value: 0.057655217780179284 and parameters: {'ISTN': 66.55713134240324, 'I_gpe': 1.3419470311686323, 'I_gpi': 2.130802791950728, 'noise_stn_sigma': 1.5465134697550287, 'noise_gpe_sigma': 131.77933775603736, 'noise_gpi_sigma': 139.0972918376837, 'g_stn_gpe_mult': 2.1309256191309074, 'g_gpe_stn_mult': 0.11648580670410426, 'g_stn_gpi_mult': 1.6252384415163104, 'g_gpe_gpi_mult': 0.7404092944746012}. Best is trial 234 with value: 0.030575711581523085.
[I 2026-05-28 02:35:31,393] Trial 322 finished with value: 0.3122252192574334 and parameters: {'ISTN': 62.70245232366624, 'I_gpe': 0.697752498433049, 'I_gpi': 2.406421825157297, 'noise_stn_sigma': 1.0832611055193409, 'noise_gpe_sigma': 122.29275341308409, 'noise_gpi_sigma': 139.33029491887282, 'g_stn_gpe_mult': 1.9619187865216177, 'g_gpe_stn_mult': 0.14845192899213366, 'g_stn_gpi_mult': 1.3647875348493879, 'g_gpe_gpi_mult': 0.7330011057197177}. Best is trial 234 with value: 0.030575711581523085.
[I 2026-05-28 02:35:32,403] Trial 323 finished with value: 0.15238158963426335 and parameters: {'ISTN': 65.45354534351594, 'I_gpe': 0.8512328598834034, 'I_gpi': 2.133588857960354, 'noise_stn_sigma': 1.7739928664876947, 'noise_gpe_sigma': 144.4771558550834, 'noise_gpi_sigma': 145.47674780257475, 'g_stn_gpe_mult': 2.492020375545332, 'g_gpe_stn_mult': 0.18023642262668305, 'g_stn_gpi_mult': 1.7336736997904718, 'g_gpe_gpi_mult': 0.7699269471776762}. Best is trial 234 with value: 0.030575711581523085.
[I 2026-05-28 02:35:33,414] Trial 324 finished with value: 0.06101042971586741 and parameters: {'ISTN': 64.85101765112316, 'I_gpe': 1.0018246967084017, 'I_gpi': 2.273903012672963, 'noise_stn_sigma': 1.724568954032347, 'noise_gpe_sigma': 143.74489201017616, 'noise_gpi_sigma': 126.92978320129883, 'g_stn_gpe_mult': 1.988054516599576, 'g_gpe_stn_mult': 0.13250310509136679, 'g_stn_gpi_mult': 1.4197148861985172, 'g_gpe_gpi_mult': 0.8026952508989713}. Best is trial 234 with value: 0.030575711581523085.
[I 2026-05-28 02:35:34,423] Trial 325 finished with value: 0.0726502657601391 and parameters: {'ISTN': 68.01997360111613, 'I_gpe': 0.9660299106010606, 'I_gpi': 2.264175318428738, 'noise_stn_sigma': 1.9608234995458735, 'noise_gpe_sigma': 129.86260000289968, 'noise_gpi_sigma': 129.44657250414036, 'g_stn_gpe_mult': 2.453123474939033, 'g_gpe_stn_mult': 0.11995993070174257, 'g_stn_gpi_mult': 1.5008795645510182, 'g_gpe_gpi_mult': 0.8174284413465558}. Best is trial 234 with value: 0.030575711581523085.
[I 2026-05-28 02:35:35,429] Trial 326 finished with value: 0.13580601878676793 and parameters: {'ISTN': 63.698888275476314, 'I_gpe': 0.7430049420765459, 'I_gpi': 2.387999274224599, 'noise_stn_sigma': 3.359397945143415, 'noise_gpe_sigma': 130.32725548522507, 'noise_gpi_sigma': 139.3097285284166, 'g_stn_gpe_mult': 2.563945702842191, 'g_gpe_stn_mult': 0.13656726758053978, 'g_stn_gpi_mult': 1.579209361904636, 'g_gpe_gpi_mult': 0.7974940266507315}. Best is trial 234 with value: 0.030575711581523085.
[I 2026-05-28 02:35:36,438] Trial 327 finished with value: 2.2523714450873746 and parameters: {'ISTN': 69.77395718587552, 'I_gpe': 1.373347884976636, 'I_gpi': 2.554107157745395, 'noise_stn_sigma': 1.7091281511126144, 'noise_gpe_sigma': 124.32841474683968, 'noise_gpi_sigma': 135.69441866436975, 'g_stn_gpe_mult': 2.314209394406542, 'g_gpe_stn_mult': 0.14690736318485523, 'g_stn_gpi_mult': 1.4682567869429695, 'g_gpe_gpi_mult': 0.7956758745315577}. Best is trial 234 with value: 0.030575711581523085.
[I 2026-05-28 02:35:37,447] Trial 328 finished with value: 0.2672045898751357 and parameters: {'ISTN': 66.2021015890907, 'I_gpe': 0.7429006766620085, 'I_gpi': 2.0344855992211373, 'noise_stn_sigma': 1.595333966297804, 'noise_gpe_sigma': 129.29509437601843, 'noise_gpi_sigma': 138.13889149624322, 'g_stn_gpe_mult': 2.3573251931747436, 'g_gpe_stn_mult': 0.16390519080267435, 'g_stn_gpi_mult': 1.6736795743694846, 'g_gpe_gpi_mult': 0.8292648134423075}. Best is trial 234 with value: 0.030575711581523085.
[I 2026-05-28 02:35:38,456] Trial 329 finished with value: 0.05321448470624202 and parameters: {'ISTN': 63.67264602875268, 'I_gpe': 1.2343407874015497, 'I_gpi': 2.314034113373766, 'noise_stn_sigma': 1.8029924526717473, 'noise_gpe_sigma': 132.60987520557194, 'noise_gpi_sigma': 133.4233840233525, 'g_stn_gpe_mult': 2.3664856898219466, 'g_gpe_stn_mult': 0.1545011453332794, 'g_stn_gpi_mult': 1.5675861652775291, 'g_gpe_gpi_mult': 0.8891588721669139}. Best is trial 234 with value: 0.030575711581523085.
[I 2026-05-28 02:35:39,464] Trial 330 finished with value: 0.7647675305981292 and parameters: {'ISTN': 66.16860221547694, 'I_gpe': 0.5258673183763218, 'I_gpi': 1.974434326395288, 'noise_stn_sigma': 2.023376837590139, 'noise_gpe_sigma': 136.33777074919084, 'noise_gpi_sigma': 146.0051126729551, 'g_stn_gpe_mult': 2.5322500702892965, 'g_gpe_stn_mult': 0.1471333440731757, 'g_stn_gpi_mult': 1.65684859468913, 'g_gpe_gpi_mult': 0.727530196649594}. Best is trial 234 with value: 0.030575711581523085.
[I 2026-05-28 02:35:40,473] Trial 331 finished with value: 0.3206395821908576 and parameters: {'ISTN': 63.34368173722783, 'I_gpe': 0.9594068169843025, 'I_gpi': 2.3505095327148195, 'noise_stn_sigma': 2.3151831148832294, 'noise_gpe_sigma': 126.27743413139406, 'noise_gpi_sigma': 149.397482720302, 'g_stn_gpe_mult': 2.0863905792764896, 'g_gpe_stn_mult': 0.14425751128204872, 'g_stn_gpi_mult': 1.2067976959745914, 'g_gpe_gpi_mult': 0.7796109957254473}. Best is trial 234 with value: 0.030575711581523085.
[I 2026-05-28 02:35:41,482] Trial 332 finished with value: 5.239172874152681 and parameters: {'ISTN': 69.12763418991213, 'I_gpe': 0.9377296582575951, 'I_gpi': 2.8712842149501263, 'noise_stn_sigma': 3.3120672613744317, 'noise_gpe_sigma': 131.76487529406148, 'noise_gpi_sigma': 142.8721794036748, 'g_stn_gpe_mult': 2.11325952146387, 'g_gpe_stn_mult': 0.1344303339805354, 'g_stn_gpi_mult': 1.4909172683224983, 'g_gpe_gpi_mult': 0.8825173151522667}. Best is trial 234 with value: 0.030575711581523085.
[I 2026-05-28 02:35:42,488] Trial 333 finished with value: 0.08099712537626122 and parameters: {'ISTN': 62.23128430626453, 'I_gpe': 1.0208030289591252, 'I_gpi': 1.915508701700091, 'noise_stn_sigma': 1.584790076909491, 'noise_gpe_sigma': 147.77077733619655, 'noise_gpi_sigma': 135.06476092374237, 'g_stn_gpe_mult': 1.804067919629111, 'g_gpe_stn_mult': 0.16800220701860033, 'g_stn_gpi_mult': 1.2221076145452008, 'g_gpe_gpi_mult': 0.8991075313408787}. Best is trial 234 with value: 0.030575711581523085.
[I 2026-05-28 02:35:43,499] Trial 334 finished with value: 0.3084185025096709 and parameters: {'ISTN': 67.61746654002606, 'I_gpe': 1.5273831872919967, 'I_gpi': 2.3760441994706474, 'noise_stn_sigma': 1.5037296955358381, 'noise_gpe_sigma': 141.2414527838195, 'noise_gpi_sigma': 128.45140904104068, 'g_stn_gpe_mult': 2.579380342461116, 'g_gpe_stn_mult': 0.14807630005662803, 'g_stn_gpi_mult': 1.622724947817388, 'g_gpe_gpi_mult': 0.8768024971813739}. Best is trial 234 with value: 0.030575711581523085.
[I 2026-05-28 02:35:44,507] Trial 335 finished with value: 0.17029752447177654 and parameters: {'ISTN': 61.36989039699501, 'I_gpe': 1.0370231666867036, 'I_gpi': 2.7130370601198357, 'noise_stn_sigma': 2.2982208467016934, 'noise_gpe_sigma': 132.9551402499116, 'noise_gpi_sigma': 135.6366070132383, 'g_stn_gpe_mult': 2.5907852286736013, 'g_gpe_stn_mult': 0.2540209529398935, 'g_stn_gpi_mult': 1.46698980819169, 'g_gpe_gpi_mult': 0.8496041258592546}. Best is trial 234 with value: 0.030575711581523085.
[I 2026-05-28 02:35:45,513] Trial 336 finished with value: 0.10055964781516039 and parameters: {'ISTN': 64.51843867697241, 'I_gpe': 1.1732086000862882, 'I_gpi': 2.036334304907526, 'noise_stn_sigma': 1.3374785742822282, 'noise_gpe_sigma': 119.2915929847967, 'noise_gpi_sigma': 128.9849863932241, 'g_stn_gpe_mult': 2.344641019428308, 'g_gpe_stn_mult': 0.106383895575865, 'g_stn_gpi_mult': 2.0107989397878168, 'g_gpe_gpi_mult': 0.7291705440495353}. Best is trial 234 with value: 0.030575711581523085.
[I 2026-05-28 02:35:46,521] Trial 337 finished with value: 0.8480809264257364 and parameters: {'ISTN': 69.78545816508316, 'I_gpe': 1.4307890879355485, 'I_gpi': 2.361758537659824, 'noise_stn_sigma': 1.164517377263905, 'noise_gpe_sigma': 137.5713801394637, 'noise_gpi_sigma': 138.95086300360197, 'g_stn_gpe_mult': 2.018291571527281, 'g_gpe_stn_mult': 0.12697085181709766, 'g_stn_gpi_mult': 1.5129649105637386, 'g_gpe_gpi_mult': 0.9504380456923536}. Best is trial 234 with value: 0.030575711581523085.
[I 2026-05-28 02:35:47,527] Trial 338 finished with value: 0.046432216994774886 and parameters: {'ISTN': 62.20754852096124, 'I_gpe': 1.174778015458329, 'I_gpi': 2.144731271098604, 'noise_stn_sigma': 1.3659118318038868, 'noise_gpe_sigma': 143.88343579981637, 'noise_gpi_sigma': 138.8953272619326, 'g_stn_gpe_mult': 2.173927727685695, 'g_gpe_stn_mult': 0.10340869655364776, 'g_stn_gpi_mult': 1.4300132072460543, 'g_gpe_gpi_mult': 0.729475944828748}. Best is trial 234 with value: 0.030575711581523085.
[I 2026-05-28 02:35:48,534] Trial 339 finished with value: 0.6282799420686052 and parameters: {'ISTN': 65.41090445927841, 'I_gpe': 0.9513194877315085, 'I_gpi': 1.9285425969510857, 'noise_stn_sigma': 2.107461183161578, 'noise_gpe_sigma': 147.19720163938447, 'noise_gpi_sigma': 130.59381244359054, 'g_stn_gpe_mult': 2.5746291059151716, 'g_gpe_stn_mult': 0.15081905977625604, 'g_stn_gpi_mult': 1.6041674218540904, 'g_gpe_gpi_mult': 0.7984062985417839}. Best is trial 234 with value: 0.030575711581523085.
[I 2026-05-28 02:35:49,481] Trial 340 finished with value: 1000000.0 and parameters: {'ISTN': 65.46827530307041, 'I_gpe': 1.4205279953421603, 'I_gpi': 2.2516977151889117, 'noise_stn_sigma': 1.4113897447000774, 'noise_gpe_sigma': 137.02862833481714, 'noise_gpi_sigma': 121.42037733575282, 'g_stn_gpe_mult': 2.378314243303156, 'g_gpe_stn_mult': 0.14607397839488778, 'g_stn_gpi_mult': 1.7805125717210284, 'g_gpe_gpi_mult': 0.771736905281937}. Best is trial 234 with value: 0.030575711581523085.
[I 2026-05-28 02:35:50,490] Trial 341 finished with value: 1.40199083726522 and parameters: {'ISTN': 62.441894405161655, 'I_gpe': 0.9486047664249027, 'I_gpi': 2.3170194462070333, 'noise_stn_sigma': 1.9243911628137087, 'noise_gpe_sigma': 122.48575038554003, 'noise_gpi_sigma': 149.4054237702144, 'g_stn_gpe_mult': 1.930779361115147, 'g_gpe_stn_mult': 0.20981635139283297, 'g_stn_gpi_mult': 1.835866481543993, 'g_gpe_gpi_mult': 0.8614313234460702}. Best is trial 234 with value: 0.030575711581523085.
[I 2026-05-28 02:35:51,501] Trial 342 finished with value: 3.7569839296353806 and parameters: {'ISTN': 70.93747267092819, 'I_gpe': 1.396853140328385, 'I_gpi': 2.19100990217091, 'noise_stn_sigma': 1.4988383966352625, 'noise_gpe_sigma': 148.3485291668283, 'noise_gpi_sigma': 130.04423459124996, 'g_stn_gpe_mult': 1.6800622237992, 'g_gpe_stn_mult': 0.10139416453762048, 'g_stn_gpi_mult': 1.3715129199352902, 'g_gpe_gpi_mult': 0.8029891954288837}. Best is trial 234 with value: 0.030575711581523085.
[I 2026-05-28 02:35:52,508] Trial 343 finished with value: 0.09934108418402855 and parameters: {'ISTN': 60.03020993535796, 'I_gpe': 1.253664567933567, 'I_gpi': 1.858027227761632, 'noise_stn_sigma': 1.8824898028382289, 'noise_gpe_sigma': 137.61345256188366, 'noise_gpi_sigma': 143.6369482222163, 'g_stn_gpe_mult': 2.1216147659304196, 'g_gpe_stn_mult': 0.20895287373826843, 'g_stn_gpi_mult': 1.3225423860251553, 'g_gpe_gpi_mult': 0.916562773265742}. Best is trial 234 with value: 0.030575711581523085.
[I 2026-05-28 02:35:53,516] Trial 344 finished with value: 0.14646932202508017 and parameters: {'ISTN': 62.937449623069185, 'I_gpe': 0.8021126059550684, 'I_gpi': 1.8646933817149893, 'noise_stn_sigma': 1.6429700900513393, 'noise_gpe_sigma': 134.82528026933636, 'noise_gpi_sigma': 142.01845038307192, 'g_stn_gpe_mult': 2.0870922228016546, 'g_gpe_stn_mult': 0.1387829411563404, 'g_stn_gpi_mult': 1.0486903651380532, 'g_gpe_gpi_mult': 0.8793236820354791}. Best is trial 234 with value: 0.030575711581523085.
[I 2026-05-28 02:35:54,524] Trial 345 finished with value: 0.12534825742461364 and parameters: {'ISTN': 60.774360838197154, 'I_gpe': 1.3375795399163193, 'I_gpi': 2.3202391945410445, 'noise_stn_sigma': 2.217490320835622, 'noise_gpe_sigma': 139.31216954448303, 'noise_gpi_sigma': 129.3564748585792, 'g_stn_gpe_mult': 2.143288906368602, 'g_gpe_stn_mult': 0.13317337977015428, 'g_stn_gpi_mult': 1.7304524157474799, 'g_gpe_gpi_mult': 0.8398401822057975}. Best is trial 234 with value: 0.030575711581523085.
[I 2026-05-28 02:35:55,533] Trial 346 finished with value: 0.13044150740348326 and parameters: {'ISTN': 63.00316300400563, 'I_gpe': 0.8720165639420265, 'I_gpi': 2.1576715593414866, 'noise_stn_sigma': 1.7556322680296215, 'noise_gpe_sigma': 130.05781156212066, 'noise_gpi_sigma': 142.64722512639133, 'g_stn_gpe_mult': 2.0829853105867464, 'g_gpe_stn_mult': 0.1565799579066247, 'g_stn_gpi_mult': 1.4525958417118767, 'g_gpe_gpi_mult': 0.8091938691770577}. Best is trial 234 with value: 0.030575711581523085.
[I 2026-05-28 02:35:56,542] Trial 347 finished with value: 0.7121675191192695 and parameters: {'ISTN': 67.05235605543533, 'I_gpe': 1.027528269202758, 'I_gpi': 2.4425355209741704, 'noise_stn_sigma': 1.1540324493929737, 'noise_gpe_sigma': 140.70914958859612, 'noise_gpi_sigma': 135.38610059346766, 'g_stn_gpe_mult': 2.375006477603139, 'g_gpe_stn_mult': 0.14067670921219572, 'g_stn_gpi_mult': 1.3129852618774809, 'g_gpe_gpi_mult': 0.6468972049382025}. Best is trial 234 with value: 0.030575711581523085.
[I 2026-05-28 02:35:57,553] Trial 348 finished with value: 1.9972466963363842 and parameters: {'ISTN': 66.65753003261821, 'I_gpe': 1.0926727918586485, 'I_gpi': 1.9720465684105855, 'noise_stn_sigma': 1.7777664450380597, 'noise_gpe_sigma': 138.70560137147527, 'noise_gpi_sigma': 148.8198379782018, 'g_stn_gpe_mult': 2.306334245085754, 'g_gpe_stn_mult': 0.14501088888115363, 'g_stn_gpi_mult': 1.6087265211237258, 'g_gpe_gpi_mult': 0.7958386255058831}. Best is trial 234 with value: 0.030575711581523085.
