[I 2026-05-28 01:23:00,097] Trial 44 finished with value: 16.079403138554873 and parameters: {'ISTN': 83.05491604419014, 'I_gpe': 1.4006898131787597, 'I_gpi': 2.2968661494674363, 'noise_stn_sigma': 3.32178378547739, 'noise_gpe_sigma': 40.23756424077351, 'noise_gpi_sigma': 127.65060583808567, 'g_stn_gpe_mult': 4.422892291614291, 'g_gpe_stn_mult': 0.108250930899831, 'g_stn_gpi_mult': 2.106837738033775, 'g_gpe_gpi_mult': 0.6752803962386519}. Best is trial 33 with value: 1.2428853877970218.
[I 2026-05-28 01:23:01,106] Trial 45 finished with value: 11.23402329624746 and parameters: {'ISTN': 82.45445629326841, 'I_gpe': 0.767502877039993, 'I_gpi': 1.7976254620020646, 'noise_stn_sigma': 5.512966951186495, 'noise_gpe_sigma': 84.36669530987116, 'noise_gpi_sigma': 112.0059793585632, 'g_stn_gpe_mult': 3.1264010850818353, 'g_gpe_stn_mult': 0.2866857717682131, 'g_stn_gpi_mult': 2.262917141736889, 'g_gpe_gpi_mult': 1.0692123390762678}. Best is trial 33 with value: 1.2428853877970218.
[I 2026-05-28 01:23:02,113] Trial 46 finished with value: 9.735018313495532 and parameters: {'ISTN': 90.58239206929206, 'I_gpe': 0.7335248519997135, 'I_gpi': 2.019324919824737, 'noise_stn_sigma': 4.261001005309145, 'noise_gpe_sigma': 82.90576889951501, 'noise_gpi_sigma': 99.98430696832477, 'g_stn_gpe_mult': 2.7073614031070585, 'g_gpe_stn_mult': 0.14851691360501945, 'g_stn_gpi_mult': 2.358536692474752, 'g_gpe_gpi_mult': 0.8060472312924714}. Best is trial 33 with value: 1.2428853877970218.
[I 2026-05-28 01:23:03,116] Trial 47 finished with value: 11.076025182823397 and parameters: {'ISTN': 61.73341057621925, 'I_gpe': 1.1184183898950877, 'I_gpi': 2.110738379683328, 'noise_stn_sigma': 4.45000432909854, 'noise_gpe_sigma': 41.783181785815955, 'noise_gpi_sigma': 144.85368725158406, 'g_stn_gpe_mult': 2.5389381038210965, 'g_gpe_stn_mult': 0.1751553221914691, 'g_stn_gpi_mult': 2.039855476373835, 'g_gpe_gpi_mult': 0.849057172147329}. Best is trial 33 with value: 1.2428853877970218.
[I 2026-05-28 01:23:04,120] Trial 48 finished with value: 8.594320937826845 and parameters: {'ISTN': 84.56618019399944, 'I_gpe': 0.6260835621930994, 'I_gpi': 2.2515673065605535, 'noise_stn_sigma': 3.436029881148262, 'noise_gpe_sigma': 83.20846848379634, 'noise_gpi_sigma': 125.63665239174532, 'g_stn_gpe_mult': 3.135186746393404, 'g_gpe_stn_mult': 0.23778057516098874, 'g_stn_gpi_mult': 1.9131313226002966, 'g_gpe_gpi_mult': 0.7751841843952811}. Best is trial 33 with value: 1.2428853877970218.
[I 2026-05-28 01:23:05,122] Trial 49 finished with value: 15.228609231691854 and parameters: {'ISTN': 75.04595962188898, 'I_gpe': 0.5324147533426838, 'I_gpi': 1.772240528546586, 'noise_stn_sigma': 4.088723456371142, 'noise_gpe_sigma': 65.5176785269792, 'noise_gpi_sigma': 103.18799792673224, 'g_stn_gpe_mult': 2.7575411333726696, 'g_gpe_stn_mult': 0.11442102663345932, 'g_stn_gpi_mult': 3.4030250015054406, 'g_gpe_gpi_mult': 0.5891275990437919}. Best is trial 33 with value: 1.2428853877970218.
[I 2026-05-28 01:23:06,127] Trial 50 finished with value: 8.283380704700996 and parameters: {'ISTN': 68.86301388824086, 'I_gpe': 0.839881723606633, 'I_gpi': 1.2755839719948157, 'noise_stn_sigma': 3.2505651603938803, 'noise_gpe_sigma': 93.9027384367162, 'noise_gpi_sigma': 104.70123497544226, 'g_stn_gpe_mult': 3.832475527647519, 'g_gpe_stn_mult': 0.22581147914658822, 'g_stn_gpi_mult': 1.9554269156599682, 'g_gpe_gpi_mult': 0.6567640951158753}. Best is trial 33 with value: 1.2428853877970218.
[I 2026-05-28 01:23:07,131] Trial 51 finished with value: 3.965025877589203 and parameters: {'ISTN': 83.23250791643628, 'I_gpe': 0.7104691592520784, 'I_gpi': 1.9867858723483587, 'noise_stn_sigma': 5.478213552245862, 'noise_gpe_sigma': 81.55819104829104, 'noise_gpi_sigma': 74.25488016541345, 'g_stn_gpe_mult': 2.633518584727628, 'g_gpe_stn_mult': 0.24848648243093444, 'g_stn_gpi_mult': 2.932612175700796, 'g_gpe_gpi_mult': 0.7377229969988475}. Best is trial 33 with value: 1.2428853877970218.
[I 2026-05-28 01:23:08,134] Trial 52 finished with value: 5.738301268575492 and parameters: {'ISTN': 60.75396530720029, 'I_gpe': 1.0477084885634445, 'I_gpi': 1.3597567817036802, 'noise_stn_sigma': 3.318226116694293, 'noise_gpe_sigma': 98.7531292703682, 'noise_gpi_sigma': 94.44382735063269, 'g_stn_gpe_mult': 3.7400108255260425, 'g_gpe_stn_mult': 0.5290461736701693, 'g_stn_gpi_mult': 1.397858343405019, 'g_gpe_gpi_mult': 0.7764180247867656}. Best is trial 33 with value: 1.2428853877970218.
[I 2026-05-28 01:23:09,141] Trial 53 finished with value: 13.512042590366109 and parameters: {'ISTN': 67.07137261201957, 'I_gpe': 0.9975004305970194, 'I_gpi': 2.3723627685768323, 'noise_stn_sigma': 2.463594722327455, 'noise_gpe_sigma': 96.83902324120739, 'noise_gpi_sigma': 110.11845231961759, 'g_stn_gpe_mult': 4.326458260256002, 'g_gpe_stn_mult': 0.3646164224028119, 'g_stn_gpi_mult': 1.7665102287179337, 'g_gpe_gpi_mult': 0.6802588415178021}. Best is trial 33 with value: 1.2428853877970218.
[I 2026-05-28 01:23:10,144] Trial 54 finished with value: 14.202301128483725 and parameters: {'ISTN': 77.11773094297173, 'I_gpe': 0.6882306230668445, 'I_gpi': 2.887042333763346, 'noise_stn_sigma': 2.827683196698824, 'noise_gpe_sigma': 86.42849063269364, 'noise_gpi_sigma': 103.08002345205132, 'g_stn_gpe_mult': 3.71939009791798, 'g_gpe_stn_mult': 0.28882629758339107, 'g_stn_gpi_mult': 2.3921300224575197, 'g_gpe_gpi_mult': 0.8691810188683615}. Best is trial 33 with value: 1.2428853877970218.
[I 2026-05-28 01:23:11,151] Trial 55 finished with value: 16.57426760941871 and parameters: {'ISTN': 104.41415547986692, 'I_gpe': 0.5976750755315885, 'I_gpi': 2.466503789390739, 'noise_stn_sigma': 3.1777270017245005, 'noise_gpe_sigma': 101.0524791225114, 'noise_gpi_sigma': 98.30445895170895, 'g_stn_gpe_mult': 2.8628655260147315, 'g_gpe_stn_mult': 0.18002747925786372, 'g_stn_gpi_mult': 2.0276329869473333, 'g_gpe_gpi_mult': 0.7861427543108168}. Best is trial 33 with value: 1.2428853877970218.
[I 2026-05-28 01:23:12,155] Trial 56 finished with value: 13.368601287864115 and parameters: {'ISTN': 85.02890149672571, 'I_gpe': 0.8016255097473343, 'I_gpi': 1.7291891961146335, 'noise_stn_sigma': 3.6231472944328136, 'noise_gpe_sigma': 89.07828125481485, 'noise_gpi_sigma': 109.84551373732458, 'g_stn_gpe_mult': 3.794073899073234, 'g_gpe_stn_mult': 0.22139004470245632, 'g_stn_gpi_mult': 1.5423805591105808, 'g_gpe_gpi_mult': 0.5376340912386324}. Best is trial 33 with value: 1.2428853877970218.
[I 2026-05-28 01:23:13,161] Trial 57 finished with value: 12.530505515544268 and parameters: {'ISTN': 71.00002589848211, 'I_gpe': 1.0433087288471934, 'I_gpi': 2.264083648790898, 'noise_stn_sigma': 4.159931300486003, 'noise_gpe_sigma': 74.03899666369537, 'noise_gpi_sigma': 129.2060672261698, 'g_stn_gpe_mult': 3.1423013205354553, 'g_gpe_stn_mult': 0.21137996821062383, 'g_stn_gpi_mult': 1.8755254322581731, 'g_gpe_gpi_mult': 0.7581461376106056}. Best is trial 33 with value: 1.2428853877970218.
[I 2026-05-28 01:23:14,164] Trial 58 finished with value: 14.448729493622853 and parameters: {'ISTN': 78.68658446577439, 'I_gpe': 1.0017148513017924, 'I_gpi': 1.3854747840319597, 'noise_stn_sigma': 2.1756784189102225, 'noise_gpe_sigma': 91.1339253872958, 'noise_gpi_sigma': 96.39020383652156, 'g_stn_gpe_mult': 2.9490103325837107, 'g_gpe_stn_mult': 0.14101763518389374, 'g_stn_gpi_mult': 1.7222947962775113, 'g_gpe_gpi_mult': 0.40896371698250367}. Best is trial 33 with value: 1.2428853877970218.
[I 2026-05-28 01:23:15,168] Trial 59 finished with value: 13.252929722790743 and parameters: {'ISTN': 82.97787241787486, 'I_gpe': 0.8368231109859909, 'I_gpi': 2.191893685296169, 'noise_stn_sigma': 3.4549927396749216, 'noise_gpe_sigma': 74.75526088054096, 'noise_gpi_sigma': 93.89157129799842, 'g_stn_gpe_mult': 3.0254537872416196, 'g_gpe_stn_mult': 0.25188989437266396, 'g_stn_gpi_mult': 2.274858071195717, 'g_gpe_gpi_mult': 0.6485162327536691}. Best is trial 33 with value: 1.2428853877970218.
[I 2026-05-28 01:23:16,172] Trial 60 finished with value: 14.690428039633957 and parameters: {'ISTN': 95.50670855512688, 'I_gpe': 0.7325303431645405, 'I_gpi': 2.6347757509150123, 'noise_stn_sigma': 4.001807607263597, 'noise_gpe_sigma': 51.44388512782855, 'noise_gpi_sigma': 133.02969465045732, 'g_stn_gpe_mult': 3.404884674344851, 'g_gpe_stn_mult': 0.21973956592740324, 'g_stn_gpi_mult': 2.092084609629935, 'g_gpe_gpi_mult': 0.5493095312442797}. Best is trial 33 with value: 1.2428853877970218.
[I 2026-05-28 01:23:17,178] Trial 61 finished with value: 12.960740476791035 and parameters: {'ISTN': 66.62727190225375, 'I_gpe': 2.034490295242879, 'I_gpi': 1.7209266933005551, 'noise_stn_sigma': 3.675713883715915, 'noise_gpe_sigma': 75.05845702063252, 'noise_gpi_sigma': 107.29726676377516, 'g_stn_gpe_mult': 3.0281333412924685, 'g_gpe_stn_mult': 0.3192451947022181, 'g_stn_gpi_mult': 2.192847396368464, 'g_gpe_gpi_mult': 0.6076319882041294}. Best is trial 33 with value: 1.2428853877970218.
[I 2026-05-28 01:23:18,182] Trial 62 finished with value: 13.48181652694117 and parameters: {'ISTN': 89.10976279366136, 'I_gpe': 1.1242741196812052, 'I_gpi': 2.0003215094455373, 'noise_stn_sigma': 5.578176827851508, 'noise_gpe_sigma': 83.4067330322901, 'noise_gpi_sigma': 68.74794404740197, 'g_stn_gpe_mult': 2.9641055424208895, 'g_gpe_stn_mult': 0.23707145880405348, 'g_stn_gpi_mult': 2.8969795397640272, 'g_gpe_gpi_mult': 0.692012313168287}. Best is trial 33 with value: 1.2428853877970218.
[I 2026-05-28 01:23:19,186] Trial 63 finished with value: 9.060420527133026 and parameters: {'ISTN': 80.85875874584733, 'I_gpe': 1.2030896694778395, 'I_gpi': 1.9073335142126648, 'noise_stn_sigma': 3.6951111159497234, 'noise_gpe_sigma': 114.35799705811549, 'noise_gpi_sigma': 104.60723149892446, 'g_stn_gpe_mult': 2.2585029587168375, 'g_gpe_stn_mult': 0.20843423633008862, 'g_stn_gpi_mult': 1.5735611219187315, 'g_gpe_gpi_mult': 0.8377788740561396}. Best is trial 33 with value: 1.2428853877970218.
[I 2026-05-28 01:23:20,189] Trial 64 finished with value: 15.420017799191877 and parameters: {'ISTN': 71.38254489554538, 'I_gpe': 1.5753745403362003, 'I_gpi': 1.4047700725394496, 'noise_stn_sigma': 2.848552843609447, 'noise_gpe_sigma': 106.31985784429118, 'noise_gpi_sigma': 101.52977372456148, 'g_stn_gpe_mult': 3.417796844064827, 'g_gpe_stn_mult': 0.41756461358757935, 'g_stn_gpi_mult': 2.3009887732265346, 'g_gpe_gpi_mult': 0.6508919437130509}. Best is trial 33 with value: 1.2428853877970218.
[I 2026-05-28 01:23:21,196] Trial 65 finished with value: 14.818703765255027 and parameters: {'ISTN': 85.8695341982543, 'I_gpe': 0.9351657821598537, 'I_gpi': 1.9473323966641307, 'noise_stn_sigma': 4.426031812225078, 'noise_gpe_sigma': 63.931170692717835, 'noise_gpi_sigma': 97.50989908676526, 'g_stn_gpe_mult': 3.674348555380789, 'g_gpe_stn_mult': 0.28374051136942907, 'g_stn_gpi_mult': 2.460864104264557, 'g_gpe_gpi_mult': 0.9432447778012738}. Best is trial 33 with value: 1.2428853877970218.
[I 2026-05-28 01:23:22,204] Trial 66 finished with value: 12.282960427178171 and parameters: {'ISTN': 73.8354671681812, 'I_gpe': 1.9097904133455454, 'I_gpi': 1.400479997470587, 'noise_stn_sigma': 5.230866992778408, 'noise_gpe_sigma': 114.76642953074513, 'noise_gpi_sigma': 80.1158509110077, 'g_stn_gpe_mult': 2.47189306173893, 'g_gpe_stn_mult': 0.3064189923115124, 'g_stn_gpi_mult': 2.478785745777987, 'g_gpe_gpi_mult': 0.8535762445612707}. Best is trial 33 with value: 1.2428853877970218.
[I 2026-05-28 01:23:23,210] Trial 67 finished with value: 12.425405263519366 and parameters: {'ISTN': 84.19942127618286, 'I_gpe': 1.2911684829715284, 'I_gpi': 2.1405721920251084, 'noise_stn_sigma': 4.0127622505256175, 'noise_gpe_sigma': 93.79002617129724, 'noise_gpi_sigma': 91.71124866863299, 'g_stn_gpe_mult': 2.366471920330054, 'g_gpe_stn_mult': 0.26982129072363303, 'g_stn_gpi_mult': 2.062411263181362, 'g_gpe_gpi_mult': 0.5234345392235424}. Best is trial 33 with value: 1.2428853877970218.
[I 2026-05-28 01:23:24,214] Trial 68 finished with value: 13.22141446848526 and parameters: {'ISTN': 73.52274276431726, 'I_gpe': 1.0924315076657394, 'I_gpi': 1.1590757168631995, 'noise_stn_sigma': 4.4420380798538, 'noise_gpe_sigma': 90.65896688165034, 'noise_gpi_sigma': 84.99827981364706, 'g_stn_gpe_mult': 3.265640797424141, 'g_gpe_stn_mult': 0.3531123192085105, 'g_stn_gpi_mult': 2.5274217767142018, 'g_gpe_gpi_mult': 0.8731775280044893}. Best is trial 33 with value: 1.2428853877970218.
[I 2026-05-28 01:23:25,219] Trial 69 finished with value: 19.889451034853735 and parameters: {'ISTN': 102.86465390594965, 'I_gpe': 1.4455488607628921, 'I_gpi': 2.174052498590876, 'noise_stn_sigma': 3.655419839648204, 'noise_gpe_sigma': 101.16011438621636, 'noise_gpi_sigma': 103.12714697515608, 'g_stn_gpe_mult': 3.146809059678474, 'g_gpe_stn_mult': 0.35784742655205537, 'g_stn_gpi_mult': 1.9268340638003048, 'g_gpe_gpi_mult': 0.7840349728884652}. Best is trial 33 with value: 1.2428853877970218.
[I 2026-05-28 01:23:26,224] Trial 70 finished with value: 5.710930238467064 and parameters: {'ISTN': 62.67816114924352, 'I_gpe': 1.5074486543968109, 'I_gpi': 1.2015863245379703, 'noise_stn_sigma': 5.215179885588196, 'noise_gpe_sigma': 83.8791808798562, 'noise_gpi_sigma': 72.42559413899451, 'g_stn_gpe_mult': 3.633030330109446, 'g_gpe_stn_mult': 0.38848845900072726, 'g_stn_gpi_mult': 2.054728554235337, 'g_gpe_gpi_mult': 0.8666901210375484}. Best is trial 33 with value: 1.2428853877970218.
[I 2026-05-28 01:23:27,228] Trial 71 finished with value: 11.690296117089607 and parameters: {'ISTN': 76.06351238692483, 'I_gpe': 2.0632677681403884, 'I_gpi': 1.5974397785028702, 'noise_stn_sigma': 3.746607431289889, 'noise_gpe_sigma': 90.97391868969127, 'noise_gpi_sigma': 70.90953095861741, 'g_stn_gpe_mult': 1.8353392357421914, 'g_gpe_stn_mult': 0.42224849652328833, 'g_stn_gpi_mult': 1.7235508628732554, 'g_gpe_gpi_mult': 0.7585497546350914}. Best is trial 33 with value: 1.2428853877970218.
[I 2026-05-28 01:23:28,232] Trial 72 finished with value: 16.04969275833718 and parameters: {'ISTN': 74.29146723235893, 'I_gpe': 1.4706891291763056, 'I_gpi': 1.6698039632605266, 'noise_stn_sigma': 4.577849241393778, 'noise_gpe_sigma': 88.23383085406392, 'noise_gpi_sigma': 58.68602643757646, 'g_stn_gpe_mult': 3.4294778133944344, 'g_gpe_stn_mult': 0.3754465061545815, 'g_stn_gpi_mult': 2.823732069523224, 'g_gpe_gpi_mult': 0.8470055738388684}. Best is trial 33 with value: 1.2428853877970218.
[I 2026-05-28 01:23:29,236] Trial 73 finished with value: 13.233066964408163 and parameters: {'ISTN': 76.5047304707964, 'I_gpe': 1.465621856655268, 'I_gpi': 1.8962243043388818, 'noise_stn_sigma': 4.42995909771145, 'noise_gpe_sigma': 113.52965029395571, 'noise_gpi_sigma': 111.21821646391032, 'g_stn_gpe_mult': 3.6698734528119594, 'g_gpe_stn_mult': 0.16106627968307907, 'g_stn_gpi_mult': 2.1262864519295164, 'g_gpe_gpi_mult': 0.7100646076296933}. Best is trial 33 with value: 1.2428853877970218.
[I 2026-05-28 01:23:30,239] Trial 74 finished with value: 9.125467007078822 and parameters: {'ISTN': 64.7736438103252, 'I_gpe': 1.248440569043268, 'I_gpi': 1.0315047423449273, 'noise_stn_sigma': 4.827715756576842, 'noise_gpe_sigma': 106.71895540584104, 'noise_gpi_sigma': 116.64138294800212, 'g_stn_gpe_mult': 2.917782267867992, 'g_gpe_stn_mult': 0.33707948209082705, 'g_stn_gpi_mult': 1.2347299653280381, 'g_gpe_gpi_mult': 0.6627873729839726}. Best is trial 33 with value: 1.2428853877970218.
[I 2026-05-28 01:23:31,242] Trial 75 finished with value: 7.1861416052007225 and parameters: {'ISTN': 72.53899976933064, 'I_gpe': 0.8511484223524693, 'I_gpi': 1.0214123215724733, 'noise_stn_sigma': 6.701216288229359, 'noise_gpe_sigma': 108.89311618600867, 'noise_gpi_sigma': 82.46548250328732, 'g_stn_gpe_mult': 3.8279348850208565, 'g_gpe_stn_mult': 0.1407171058025175, 'g_stn_gpi_mult': 2.2843921844516735, 'g_gpe_gpi_mult': 0.8227215943991597}. Best is trial 33 with value: 1.2428853877970218.
[I 2026-05-28 01:23:32,244] Trial 76 finished with value: 4.251841667585947 and parameters: {'ISTN': 61.57818454214006, 'I_gpe': 1.119739522072777, 'I_gpi': 1.7900578496135016, 'noise_stn_sigma': 3.7292850563707636, 'noise_gpe_sigma': 98.71029447590405, 'noise_gpi_sigma': 73.74967990136508, 'g_stn_gpe_mult': 1.7520313119800899, 'g_gpe_stn_mult': 0.2672598468288362, 'g_stn_gpi_mult': 1.6528010679881948, 'g_gpe_gpi_mult': 0.7992794632507272}. Best is trial 33 with value: 1.2428853877970218.
[I 2026-05-28 01:23:33,245] Trial 77 finished with value: 15.087316971656865 and parameters: {'ISTN': 72.90839856363021, 'I_gpe': 1.8679092631345404, 'I_gpi': 1.6192434947788752, 'noise_stn_sigma': 4.723025669175444, 'noise_gpe_sigma': 101.19909464872434, 'noise_gpi_sigma': 94.92406709256818, 'g_stn_gpe_mult': 3.0963573023960445, 'g_gpe_stn_mult': 0.30248246428945574, 'g_stn_gpi_mult': 2.058197789298513, 'g_gpe_gpi_mult': 0.7300186666487203}. Best is trial 33 with value: 1.2428853877970218.
[I 2026-05-28 01:23:34,248] Trial 78 finished with value: 12.018050153078303 and parameters: {'ISTN': 63.09316787250112, 'I_gpe': 1.8846299796877632, 'I_gpi': 2.0655168799917236, 'noise_stn_sigma': 4.362319722728113, 'noise_gpe_sigma': 128.77907369522356, 'noise_gpi_sigma': 71.83781712194022, 'g_stn_gpe_mult': 2.9767264157493245, 'g_gpe_stn_mult': 0.42231059879363797, 'g_stn_gpi_mult': 2.5016661714931954, 'g_gpe_gpi_mult': 0.7843557760426618}. Best is trial 33 with value: 1.2428853877970218.
[I 2026-05-28 01:23:35,254] Trial 79 finished with value: 8.462689582138426 and parameters: {'ISTN': 70.42653016823034, 'I_gpe': 1.559275787483176, 'I_gpi': 2.535946990240941, 'noise_stn_sigma': 4.323811859374389, 'noise_gpe_sigma': 86.9381294159396, 'noise_gpi_sigma': 88.0329636113142, 'g_stn_gpe_mult': 3.344559728258039, 'g_gpe_stn_mult': 0.22919919486238421, 'g_stn_gpi_mult': 2.15155256755102, 'g_gpe_gpi_mult': 0.9072189635904291}. Best is trial 33 with value: 1.2428853877970218.
[I 2026-05-28 01:23:36,259] Trial 80 finished with value: 14.013965155225096 and parameters: {'ISTN': 81.78076975550297, 'I_gpe': 1.5467399487084723, 'I_gpi': 1.7808040413504878, 'noise_stn_sigma': 5.758392650086773, 'noise_gpe_sigma': 111.77943155988181, 'noise_gpi_sigma': 77.94540155377831, 'g_stn_gpe_mult': 2.6688837071472893, 'g_gpe_stn_mult': 0.31699168681713596, 'g_stn_gpi_mult': 2.291155608936336, 'g_gpe_gpi_mult': 0.9056906983946}. Best is trial 33 with value: 1.2428853877970218.
[I 2026-05-28 01:23:37,264] Trial 81 finished with value: 13.222257197563518 and parameters: {'ISTN': 71.80820627337357, 'I_gpe': 1.3796345985615868, 'I_gpi': 2.0874219483265493, 'noise_stn_sigma': 5.61899953783499, 'noise_gpe_sigma': 107.06730883945653, 'noise_gpi_sigma': 68.44091243936317, 'g_stn_gpe_mult': 2.286240242896419, 'g_gpe_stn_mult': 0.2816979996204527, 'g_stn_gpi_mult': 2.3764954205562416, 'g_gpe_gpi_mult': 0.707239880911646}. Best is trial 33 with value: 1.2428853877970218.
[I 2026-05-28 01:23:38,268] Trial 82 finished with value: 13.854336037137532 and parameters: {'ISTN': 86.75236266213136, 'I_gpe': 2.0508481332060824, 'I_gpi': 2.8100427279482325, 'noise_stn_sigma': 4.134079552390991, 'noise_gpe_sigma': 88.70576569548801, 'noise_gpi_sigma': 81.8202981918961, 'g_stn_gpe_mult': 2.030604735707542, 'g_gpe_stn_mult': 0.16328507284824922, 'g_stn_gpi_mult': 2.1317613600629937, 'g_gpe_gpi_mult': 0.7424491297720281}. Best is trial 33 with value: 1.2428853877970218.
[I 2026-05-28 01:23:39,272] Trial 83 finished with value: 12.931593425352867 and parameters: {'ISTN': 63.92777947510788, 'I_gpe': 1.3836654714137278, 'I_gpi': 2.194373687799325, 'noise_stn_sigma': 4.085951823287006, 'noise_gpe_sigma': 65.48314918260766, 'noise_gpi_sigma': 58.321216377214, 'g_stn_gpe_mult': 2.9805974228932355, 'g_gpe_stn_mult': 0.376534022994525, 'g_stn_gpi_mult': 2.053208192794923, 'g_gpe_gpi_mult': 0.8556843467965451}. Best is trial 33 with value: 1.2428853877970218.
[I 2026-05-28 01:23:40,277] Trial 84 finished with value: 5.282847162322912 and parameters: {'ISTN': 63.04073365743541, 'I_gpe': 1.2636571567985977, 'I_gpi': 1.6339242879480202, 'noise_stn_sigma': 5.711714293428059, 'noise_gpe_sigma': 116.82084454448085, 'noise_gpi_sigma': 55.9325988805178, 'g_stn_gpe_mult': 2.9763714091956333, 'g_gpe_stn_mult': 0.38532418451372397, 'g_stn_gpi_mult': 1.9633162386264602, 'g_gpe_gpi_mult': 0.8146965863736975}. Best is trial 33 with value: 1.2428853877970218.
[I 2026-05-28 01:23:41,279] Trial 85 finished with value: 4.093007922002961 and parameters: {'ISTN': 62.93194972250959, 'I_gpe': 1.3465916840274943, 'I_gpi': 2.1613209686178054, 'noise_stn_sigma': 6.101146175940737, 'noise_gpe_sigma': 77.15513372700715, 'noise_gpi_sigma': 66.69892233033443, 'g_stn_gpe_mult': 2.7017525793820276, 'g_gpe_stn_mult': 0.1847047963794015, 'g_stn_gpi_mult': 2.2246991255877653, 'g_gpe_gpi_mult': 0.934077514888588}. Best is trial 33 with value: 1.2428853877970218.
[I 2026-05-28 01:23:42,283] Trial 86 finished with value: 12.578604331639925 and parameters: {'ISTN': 83.55789039970787, 'I_gpe': 1.0829676202841059, 'I_gpi': 1.174977481114196, 'noise_stn_sigma': 4.2688833995803455, 'noise_gpe_sigma': 115.31008439327701, 'noise_gpi_sigma': 72.87402706539339, 'g_stn_gpe_mult': 3.1966792226425436, 'g_gpe_stn_mult': 0.21475749168569813, 'g_stn_gpi_mult': 2.3386881373391657, 'g_gpe_gpi_mult': 0.8987178693664413}. Best is trial 33 with value: 1.2428853877970218.
[I 2026-05-28 01:23:43,287] Trial 87 finished with value: 8.600689438354616 and parameters: {'ISTN': 68.77268653379755, 'I_gpe': 0.8970621307657742, 'I_gpi': 1.2176986689837315, 'noise_stn_sigma': 4.76982498128503, 'noise_gpe_sigma': 109.6647315578866, 'noise_gpi_sigma': 82.37440032963767, 'g_stn_gpe_mult': 2.901746211721094, 'g_gpe_stn_mult': 0.17815186918011872, 'g_stn_gpi_mult': 1.8916757763911751, 'g_gpe_gpi_mult': 0.8638501726695493}. Best is trial 33 with value: 1.2428853877970218.
