[I 2026-05-28 01:58:23,878] Trial 132 finished with value: 18.137753075388407 and parameters: {'ISTN': 81.37862198546514, 'I_gpe': 1.2886559459194782, 'I_gpi': 3.173180866988324, 'noise_stn_sigma': 7.1114268486340215, 'noise_gpe_sigma': 114.49256601839448, 'noise_gpi_sigma': 115.33004279412279, 'g_stn_gpe_mult': 2.213640109837126, 'g_gpe_stn_mult': 0.32029879919142457, 'g_stn_gpi_mult': 3.738249020727964, 'g_gpe_gpi_mult': 0.9717160145422061}. Best is trial 98 with value: 0.5979484317983877.
[I 2026-05-28 01:58:24,886] Trial 133 finished with value: 28.093417642768653 and parameters: {'ISTN': 63.124941776208196, 'I_gpe': 1.6566060187458689, 'I_gpi': 2.8583731712293217, 'noise_stn_sigma': 3.8768788678464716, 'noise_gpe_sigma': 87.31369640597298, 'noise_gpi_sigma': 98.39891188235534, 'g_stn_gpe_mult': 1.946852767349509, 'g_gpe_stn_mult': 0.3275935309318599, 'g_stn_gpi_mult': 3.6938110131533652, 'g_gpe_gpi_mult': 0.9923884749792953}. Best is trial 98 with value: 0.5979484317983877.
[I 2026-05-28 01:58:25,892] Trial 134 finished with value: 27.147794063634123 and parameters: {'ISTN': 60.01344746716325, 'I_gpe': 2.0112824333652477, 'I_gpi': 3.1921509467114912, 'noise_stn_sigma': 7.315242292702979, 'noise_gpe_sigma': 80.92665448114363, 'noise_gpi_sigma': 89.6078151840956, 'g_stn_gpe_mult': 1.82240317995543, 'g_gpe_stn_mult': 0.4487685992797502, 'g_stn_gpi_mult': 2.816459548657521, 'g_gpe_gpi_mult': 0.8511445013620555}. Best is trial 98 with value: 0.5979484317983877.
[I 2026-05-28 01:58:26,902] Trial 135 finished with value: 41.52100888488236 and parameters: {'ISTN': 73.90553203606801, 'I_gpe': 1.3658448727291557, 'I_gpi': 2.9688371323778546, 'noise_stn_sigma': 3.689813302119592, 'noise_gpe_sigma': 50.277267774705855, 'noise_gpi_sigma': 68.2220142544696, 'g_stn_gpe_mult': 1.672164840087185, 'g_gpe_stn_mult': 0.3870921823909741, 'g_stn_gpi_mult': 3.631573034975762, 'g_gpe_gpi_mult': 0.9979678265796037}. Best is trial 98 with value: 0.5979484317983877.
[I 2026-05-28 01:58:27,849] Trial 136 finished with value: 1000000.0 and parameters: {'ISTN': 68.83767538003782, 'I_gpe': 0.8375426603596798, 'I_gpi': 2.627487498842974, 'noise_stn_sigma': 4.807121532357414, 'noise_gpe_sigma': 77.7525677019486, 'noise_gpi_sigma': 86.04068379028726, 'g_stn_gpe_mult': 1.9550404245493906, 'g_gpe_stn_mult': 0.5483609203271487, 'g_stn_gpi_mult': 3.1463856084345436, 'g_gpe_gpi_mult': 0.9364469130758515}. Best is trial 98 with value: 0.5979484317983877.
[I 2026-05-28 01:58:28,856] Trial 137 finished with value: 32.70990553985961 and parameters: {'ISTN': 62.18444446757622, 'I_gpe': 1.103891070909385, 'I_gpi': 2.2485589206705203, 'noise_stn_sigma': 6.2983784306532895, 'noise_gpe_sigma': 104.3337986162839, 'noise_gpi_sigma': 97.40688459159064, 'g_stn_gpe_mult': 1.5184805752169046, 'g_gpe_stn_mult': 0.3823236714959213, 'g_stn_gpi_mult': 3.546653747288365, 'g_gpe_gpi_mult': 0.8297185211318863}. Best is trial 98 with value: 0.5979484317983877.
[I 2026-05-28 01:58:29,863] Trial 138 finished with value: 15.065638049085345 and parameters: {'ISTN': 62.40722447183619, 'I_gpe': 0.7252745850833435, 'I_gpi': 2.0708529438502596, 'noise_stn_sigma': 5.676410817887509, 'noise_gpe_sigma': 93.05765551947148, 'noise_gpi_sigma': 62.91694026667781, 'g_stn_gpe_mult': 2.31213091045078, 'g_gpe_stn_mult': 0.2845126741136062, 'g_stn_gpi_mult': 3.8872187883191485, 'g_gpe_gpi_mult': 0.8552092208153763}. Best is trial 98 with value: 0.5979484317983877.
[I 2026-05-28 01:58:30,870] Trial 139 finished with value: 41.4008657901288 and parameters: {'ISTN': 64.21066191807118, 'I_gpe': 1.7548492617127072, 'I_gpi': 2.5815524250491304, 'noise_stn_sigma': 6.478061791373949, 'noise_gpe_sigma': 75.55496891561427, 'noise_gpi_sigma': 110.44231689914027, 'g_stn_gpe_mult': 1.9572505609340296, 'g_gpe_stn_mult': 0.48621506442785645, 'g_stn_gpi_mult': 3.1269358478294658, 'g_gpe_gpi_mult': 0.837253917502252}. Best is trial 98 with value: 0.5979484317983877.
[I 2026-05-28 01:58:31,876] Trial 140 finished with value: 39.24256167291433 and parameters: {'ISTN': 74.78253216564583, 'I_gpe': 1.923894182382503, 'I_gpi': 3.7011471987154576, 'noise_stn_sigma': 4.518825610288063, 'noise_gpe_sigma': 81.56214796494638, 'noise_gpi_sigma': 85.10926579025183, 'g_stn_gpe_mult': 1.5309785500414395, 'g_gpe_stn_mult': 0.2412684294194482, 'g_stn_gpi_mult': 3.550938281977494, 'g_gpe_gpi_mult': 0.9271624450679368}. Best is trial 98 with value: 0.5979484317983877.
[I 2026-05-28 01:58:32,885] Trial 141 finished with value: 18.42956870803675 and parameters: {'ISTN': 69.34651013864324, 'I_gpe': 0.7435883730304684, 'I_gpi': 2.133813424053046, 'noise_stn_sigma': 5.837770596997059, 'noise_gpe_sigma': 69.02316065135243, 'noise_gpi_sigma': 82.86893474773807, 'g_stn_gpe_mult': 2.4826759636580906, 'g_gpe_stn_mult': 0.32528746126590763, 'g_stn_gpi_mult': 3.3850168797360856, 'g_gpe_gpi_mult': 0.9938252130554233}. Best is trial 98 with value: 0.5979484317983877.
[I 2026-05-28 01:58:33,891] Trial 142 finished with value: 15.686119972586269 and parameters: {'ISTN': 86.3926059196213, 'I_gpe': 0.9517047253317363, 'I_gpi': 3.0439031828848906, 'noise_stn_sigma': 6.342025645625852, 'noise_gpe_sigma': 130.9285460375017, 'noise_gpi_sigma': 105.63626854016711, 'g_stn_gpe_mult': 3.3302586097576046, 'g_gpe_stn_mult': 0.35398471111898744, 'g_stn_gpi_mult': 2.798057359378019, 'g_gpe_gpi_mult': 0.826265156658534}. Best is trial 98 with value: 0.5979484317983877.
[I 2026-05-28 01:58:34,898] Trial 143 finished with value: 34.34309313818477 and parameters: {'ISTN': 80.30392877106047, 'I_gpe': 0.9872089138570999, 'I_gpi': 3.293209968099038, 'noise_stn_sigma': 5.544616239855978, 'noise_gpe_sigma': 82.98934438130118, 'noise_gpi_sigma': 81.96358240134566, 'g_stn_gpe_mult': 2.116286292010122, 'g_gpe_stn_mult': 0.29869437496934004, 'g_stn_gpi_mult': 3.7029285895248427, 'g_gpe_gpi_mult': 1.087687586721945}. Best is trial 98 with value: 0.5979484317983877.
[I 2026-05-28 01:58:35,906] Trial 144 finished with value: 15.021283748251145 and parameters: {'ISTN': 63.53504994343643, 'I_gpe': 1.6549954692008964, 'I_gpi': 3.3510492069071933, 'noise_stn_sigma': 6.120360292265435, 'noise_gpe_sigma': 88.56235136495421, 'noise_gpi_sigma': 55.00634483028421, 'g_stn_gpe_mult': 2.1646293080591468, 'g_gpe_stn_mult': 0.31529894078778975, 'g_stn_gpi_mult': 3.4972333364483967, 'g_gpe_gpi_mult': 0.9838778689065764}. Best is trial 98 with value: 0.5979484317983877.
[I 2026-05-28 01:58:36,914] Trial 145 finished with value: 27.341964507033907 and parameters: {'ISTN': 75.3159357413176, 'I_gpe': 0.9158559531661947, 'I_gpi': 2.5247416260861213, 'noise_stn_sigma': 7.078815976305634, 'noise_gpe_sigma': 74.05343991914549, 'noise_gpi_sigma': 55.681545288781756, 'g_stn_gpe_mult': 2.319818808971624, 'g_gpe_stn_mult': 0.3838977150902013, 'g_stn_gpi_mult': 3.7170187801345174, 'g_gpe_gpi_mult': 0.9841602501156865}. Best is trial 98 with value: 0.5979484317983877.
[I 2026-05-28 01:58:37,921] Trial 146 finished with value: 20.27929751746158 and parameters: {'ISTN': 79.78669846379628, 'I_gpe': 1.456298618360854, 'I_gpi': 2.291714294611346, 'noise_stn_sigma': 6.413942255041749, 'noise_gpe_sigma': 118.78040855023575, 'noise_gpi_sigma': 76.11170341466419, 'g_stn_gpe_mult': 2.4651930036873595, 'g_gpe_stn_mult': 0.2674401271467396, 'g_stn_gpi_mult': 3.3813862447713467, 'g_gpe_gpi_mult': 0.9201079455013408}. Best is trial 98 with value: 0.5979484317983877.
[I 2026-05-28 01:58:38,928] Trial 147 finished with value: 34.82624056239468 and parameters: {'ISTN': 79.01836609129485, 'I_gpe': 0.9792861438693521, 'I_gpi': 2.28300843450574, 'noise_stn_sigma': 5.143672296606878, 'noise_gpe_sigma': 89.96769211923527, 'noise_gpi_sigma': 50.41509145425968, 'g_stn_gpe_mult': 2.5610592475412, 'g_gpe_stn_mult': 0.26416297321549287, 'g_stn_gpi_mult': 3.833325560965442, 'g_gpe_gpi_mult': 0.9936950154045492}. Best is trial 98 with value: 0.5979484317983877.
[I 2026-05-28 01:58:39,933] Trial 148 finished with value: 26.64951682050129 and parameters: {'ISTN': 83.99815825487306, 'I_gpe': 1.429149651479107, 'I_gpi': 2.5917361546723647, 'noise_stn_sigma': 6.9731567820597125, 'noise_gpe_sigma': 116.87541475980085, 'noise_gpi_sigma': 111.5333003867603, 'g_stn_gpe_mult': 2.304067371383416, 'g_gpe_stn_mult': 0.2462165612159077, 'g_stn_gpi_mult': 3.8101204778337974, 'g_gpe_gpi_mult': 0.9507397283201806}. Best is trial 98 with value: 0.5979484317983877.
[I 2026-05-28 01:58:40,939] Trial 149 finished with value: 29.718273702324517 and parameters: {'ISTN': 75.87463824914954, 'I_gpe': 1.5243787835986247, 'I_gpi': 1.3412118399149902, 'noise_stn_sigma': 5.8660384119302345, 'noise_gpe_sigma': 112.07444446993611, 'noise_gpi_sigma': 52.72674922246541, 'g_stn_gpe_mult': 2.2667767324139496, 'g_gpe_stn_mult': 0.19293800403136946, 'g_stn_gpi_mult': 3.7428290426561572, 'g_gpe_gpi_mult': 0.8540142224502258}. Best is trial 98 with value: 0.5979484317983877.
[I 2026-05-28 01:58:41,947] Trial 150 finished with value: 34.667652226542344 and parameters: {'ISTN': 91.4515261296401, 'I_gpe': 1.0202897757366367, 'I_gpi': 3.1863285919720883, 'noise_stn_sigma': 5.374887921242084, 'noise_gpe_sigma': 78.14487137495153, 'noise_gpi_sigma': 89.25671448064995, 'g_stn_gpe_mult': 2.7387885149192392, 'g_gpe_stn_mult': 0.4774356280889571, 'g_stn_gpi_mult': 3.924630672766623, 'g_gpe_gpi_mult': 1.0304654838498828}. Best is trial 98 with value: 0.5979484317983877.
[I 2026-05-28 01:58:42,955] Trial 151 finished with value: 42.35947384506167 and parameters: {'ISTN': 72.00465564241335, 'I_gpe': 2.0672181020135607, 'I_gpi': 3.202893873928637, 'noise_stn_sigma': 7.129937632232201, 'noise_gpe_sigma': 85.6689941681272, 'noise_gpi_sigma': 94.56013224502814, 'g_stn_gpe_mult': 2.01038900896859, 'g_gpe_stn_mult': 0.3158378924164915, 'g_stn_gpi_mult': 3.0104793654638398, 'g_gpe_gpi_mult': 0.8810531964859867}. Best is trial 98 with value: 0.5979484317983877.
[I 2026-05-28 01:58:43,960] Trial 152 finished with value: 42.933793026798675 and parameters: {'ISTN': 73.80872283655786, 'I_gpe': 1.1900798080053052, 'I_gpi': 2.4773209941845664, 'noise_stn_sigma': 6.054415697349334, 'noise_gpe_sigma': 90.28456455973235, 'noise_gpi_sigma': 88.85473552575148, 'g_stn_gpe_mult': 1.7502044940742931, 'g_gpe_stn_mult': 0.19755458048533123, 'g_stn_gpi_mult': 3.717438369687712, 'g_gpe_gpi_mult': 0.7271346333934294}. Best is trial 98 with value: 0.5979484317983877.
[I 2026-05-28 01:58:44,967] Trial 153 finished with value: 13.55369131457854 and parameters: {'ISTN': 63.38718750916919, 'I_gpe': 1.323189416309642, 'I_gpi': 3.5147081316493556, 'noise_stn_sigma': 7.1738675761094495, 'noise_gpe_sigma': 101.6163520557584, 'noise_gpi_sigma': 98.71531637886116, 'g_stn_gpe_mult': 2.323903166792367, 'g_gpe_stn_mult': 0.29419949235320875, 'g_stn_gpi_mult': 2.968684366439052, 'g_gpe_gpi_mult': 0.8926832197204972}. Best is trial 98 with value: 0.5979484317983877.
[I 2026-05-28 01:58:45,975] Trial 154 finished with value: 39.705817733089376 and parameters: {'ISTN': 84.81137276668167, 'I_gpe': 0.6232998366683506, 'I_gpi': 2.7146934973390766, 'noise_stn_sigma': 7.064658436396369, 'noise_gpe_sigma': 143.14844822253866, 'noise_gpi_sigma': 87.02137451010155, 'g_stn_gpe_mult': 2.8975419908600175, 'g_gpe_stn_mult': 0.2830444178822604, 'g_stn_gpi_mult': 3.6962720022032634, 'g_gpe_gpi_mult': 0.954675604510967}. Best is trial 98 with value: 0.5979484317983877.
[I 2026-05-28 01:58:46,983] Trial 155 finished with value: 23.114398779357114 and parameters: {'ISTN': 63.67536482767496, 'I_gpe': 1.4795618011420215, 'I_gpi': 2.4617238478904953, 'noise_stn_sigma': 6.437610272587736, 'noise_gpe_sigma': 79.11126226472294, 'noise_gpi_sigma': 75.62814340550929, 'g_stn_gpe_mult': 2.368279177768643, 'g_gpe_stn_mult': 0.25451114056044793, 'g_stn_gpi_mult': 3.3132735095770887, 'g_gpe_gpi_mult': 0.974621334435116}. Best is trial 98 with value: 0.5979484317983877.
[I 2026-05-28 01:58:47,989] Trial 156 finished with value: 16.756898177538933 and parameters: {'ISTN': 78.37508942197996, 'I_gpe': 0.9422992160529619, 'I_gpi': 2.5320043190583847, 'noise_stn_sigma': 5.7104130322187, 'noise_gpe_sigma': 104.60611623488222, 'noise_gpi_sigma': 94.6986911512492, 'g_stn_gpe_mult': 2.436839542588826, 'g_gpe_stn_mult': 0.19602089797569877, 'g_stn_gpi_mult': 3.497553938015302, 'g_gpe_gpi_mult': 0.9428890569509947}. Best is trial 98 with value: 0.5979484317983877.
[I 2026-05-28 01:58:48,997] Trial 157 finished with value: 28.43720628687958 and parameters: {'ISTN': 90.17215545058559, 'I_gpe': 1.8368362330215064, 'I_gpi': 2.939993596885796, 'noise_stn_sigma': 6.374808306041842, 'noise_gpe_sigma': 86.6581392358082, 'noise_gpi_sigma': 73.69055331682324, 'g_stn_gpe_mult': 2.7032068089105543, 'g_gpe_stn_mult': 0.3398417211997863, 'g_stn_gpi_mult': 3.034797391428687, 'g_gpe_gpi_mult': 0.9145909397939993}. Best is trial 98 with value: 0.5979484317983877.
[I 2026-05-28 01:58:50,003] Trial 158 finished with value: 51.729163675969154 and parameters: {'ISTN': 92.68781567635533, 'I_gpe': 1.750977887970397, 'I_gpi': 3.2207528091488395, 'noise_stn_sigma': 5.063070904008153, 'noise_gpe_sigma': 86.34674146942135, 'noise_gpi_sigma': 68.57227199485507, 'g_stn_gpe_mult': 3.128752964371505, 'g_gpe_stn_mult': 0.4969204644046852, 'g_stn_gpi_mult': 3.0771799255701815, 'g_gpe_gpi_mult': 1.1040837593167374}. Best is trial 98 with value: 0.5979484317983877.
[I 2026-05-28 01:58:51,007] Trial 159 finished with value: 45.27462839668529 and parameters: {'ISTN': 79.80804351298823, 'I_gpe': 1.6945419723007251, 'I_gpi': 2.8808604203234545, 'noise_stn_sigma': 6.957451448365095, 'noise_gpe_sigma': 69.3781420020672, 'noise_gpi_sigma': 50.06511185564527, 'g_stn_gpe_mult': 2.7523786637296137, 'g_gpe_stn_mult': 0.3276371172559205, 'g_stn_gpi_mult': 3.1483489932607895, 'g_gpe_gpi_mult': 0.8518538564769842}. Best is trial 98 with value: 0.5979484317983877.
[I 2026-05-28 01:58:52,016] Trial 160 finished with value: 45.242519496615195 and parameters: {'ISTN': 86.15324571643833, 'I_gpe': 2.32708931004661, 'I_gpi': 2.203867886240115, 'noise_stn_sigma': 5.059786472509836, 'noise_gpe_sigma': 79.90693905737301, 'noise_gpi_sigma': 66.82653655051253, 'g_stn_gpe_mult': 2.628619051426356, 'g_gpe_stn_mult': 0.3088432194348806, 'g_stn_gpi_mult': 3.0897220802361582, 'g_gpe_gpi_mult': 0.9108332603250393}. Best is trial 98 with value: 0.5979484317983877.
[I 2026-05-28 01:58:53,024] Trial 161 finished with value: 29.889409261437983 and parameters: {'ISTN': 84.75293250131337, 'I_gpe': 1.3414352835901888, 'I_gpi': 3.671354929480786, 'noise_stn_sigma': 6.85114157912924, 'noise_gpe_sigma': 109.05737342875899, 'noise_gpi_sigma': 104.88363893326657, 'g_stn_gpe_mult': 2.779327551495431, 'g_gpe_stn_mult': 0.38030368424442085, 'g_stn_gpi_mult': 3.0654794638349685, 'g_gpe_gpi_mult': 0.9393267339429776}. Best is trial 98 with value: 0.5979484317983877.
[I 2026-05-28 01:58:54,032] Trial 162 finished with value: 21.605446610009125 and parameters: {'ISTN': 64.28411738402633, 'I_gpe': 1.0257057473749163, 'I_gpi': 2.1166735241319543, 'noise_stn_sigma': 6.397742560198822, 'noise_gpe_sigma': 115.08361769339851, 'noise_gpi_sigma': 128.0706073030472, 'g_stn_gpe_mult': 2.463183695986331, 'g_gpe_stn_mult': 0.16618193508592663, 'g_stn_gpi_mult': 2.3837099613351294, 'g_gpe_gpi_mult': 0.9281586297651605}. Best is trial 98 with value: 0.5979484317983877.
[I 2026-05-28 01:58:55,037] Trial 163 finished with value: 15.47657378279945 and parameters: {'ISTN': 62.03916841017185, 'I_gpe': 1.1621176546978, 'I_gpi': 2.961835856591614, 'noise_stn_sigma': 6.553136295659531, 'noise_gpe_sigma': 94.71558044488641, 'noise_gpi_sigma': 84.95206669819407, 'g_stn_gpe_mult': 2.5448392920362086, 'g_gpe_stn_mult': 0.10198138988062418, 'g_stn_gpi_mult': 3.3777049501626633, 'g_gpe_gpi_mult': 1.0173136377896286}. Best is trial 98 with value: 0.5979484317983877.
[I 2026-05-28 01:58:56,047] Trial 164 finished with value: 20.163903512692404 and parameters: {'ISTN': 82.13590585069835, 'I_gpe': 1.2604697277992059, 'I_gpi': 2.9183412815841954, 'noise_stn_sigma': 6.15558278964665, 'noise_gpe_sigma': 119.05886546071184, 'noise_gpi_sigma': 91.96474353776921, 'g_stn_gpe_mult': 2.176735914729063, 'g_gpe_stn_mult': 0.24323243451168464, 'g_stn_gpi_mult': 3.329132844614766, 'g_gpe_gpi_mult': 0.9734460276703236}. Best is trial 98 with value: 0.5979484317983877.
[I 2026-05-28 01:58:57,054] Trial 165 finished with value: 3.6543833380255233 and parameters: {'ISTN': 64.75206436189586, 'I_gpe': 0.8285064634344861, 'I_gpi': 2.556983177471826, 'noise_stn_sigma': 5.95946773355121, 'noise_gpe_sigma': 104.04086021750868, 'noise_gpi_sigma': 115.78177068601688, 'g_stn_gpe_mult': 2.44404320083693, 'g_gpe_stn_mult': 0.25202689173098813, 'g_stn_gpi_mult': 3.4507525024321604, 'g_gpe_gpi_mult': 1.009472656247199}. Best is trial 98 with value: 0.5979484317983877.
[I 2026-05-28 01:58:58,061] Trial 166 finished with value: 37.09177080987472 and parameters: {'ISTN': 71.0035837467245, 'I_gpe': 1.5599071063772603, 'I_gpi': 3.093074283602618, 'noise_stn_sigma': 5.502952987475558, 'noise_gpe_sigma': 90.0368123893979, 'noise_gpi_sigma': 88.64791034146737, 'g_stn_gpe_mult': 2.6060357171137154, 'g_gpe_stn_mult': 0.29689063090540235, 'g_stn_gpi_mult': 3.3464084408790304, 'g_gpe_gpi_mult': 0.9963183382768701}. Best is trial 98 with value: 0.5979484317983877.
[I 2026-05-28 01:58:59,066] Trial 167 finished with value: 39.282470687138066 and parameters: {'ISTN': 78.09660564883268, 'I_gpe': 1.11080296957443, 'I_gpi': 2.9170054982398166, 'noise_stn_sigma': 7.0570089178517845, 'noise_gpe_sigma': 102.71849805374252, 'noise_gpi_sigma': 99.15435386067, 'g_stn_gpe_mult': 2.713195271427123, 'g_gpe_stn_mult': 0.315429705349946, 'g_stn_gpi_mult': 3.7363491583508943, 'g_gpe_gpi_mult': 0.9931779988016731}. Best is trial 98 with value: 0.5979484317983877.
[I 2026-05-28 01:59:00,073] Trial 168 finished with value: 26.89910857440738 and parameters: {'ISTN': 78.90429782523617, 'I_gpe': 1.2157269048799497, 'I_gpi': 2.8013302585415323, 'noise_stn_sigma': 7.236931159118728, 'noise_gpe_sigma': 116.13244353018123, 'noise_gpi_sigma': 94.71398551149606, 'g_stn_gpe_mult': 2.679587440910005, 'g_gpe_stn_mult': 0.26434280514267544, 'g_stn_gpi_mult': 3.54135461747796, 'g_gpe_gpi_mult': 1.0392528552694176}. Best is trial 98 with value: 0.5979484317983877.
[I 2026-05-28 01:59:01,082] Trial 169 finished with value: 26.415351279408345 and parameters: {'ISTN': 68.24871663496656, 'I_gpe': 1.6973890166397445, 'I_gpi': 4.0574087939785635, 'noise_stn_sigma': 7.229489997534602, 'noise_gpe_sigma': 103.60219702312384, 'noise_gpi_sigma': 68.05965730595946, 'g_stn_gpe_mult': 2.221410242260437, 'g_gpe_stn_mult': 0.29598970011544634, 'g_stn_gpi_mult': 3.3486081323606496, 'g_gpe_gpi_mult': 0.9973380962220233}. Best is trial 98 with value: 0.5979484317983877.
[I 2026-05-28 01:59:02,090] Trial 170 finished with value: 41.877420132328126 and parameters: {'ISTN': 77.9104665005257, 'I_gpe': 1.2144717529343583, 'I_gpi': 3.817451415349794, 'noise_stn_sigma': 5.340839890348627, 'noise_gpe_sigma': 103.732255756264, 'noise_gpi_sigma': 81.07547970072062, 'g_stn_gpe_mult': 1.7918609037987996, 'g_gpe_stn_mult': 0.31709709146773407, 'g_stn_gpi_mult': 3.3543361841492105, 'g_gpe_gpi_mult': 0.6944385912945288}. Best is trial 98 with value: 0.5979484317983877.
[I 2026-05-28 01:59:03,097] Trial 171 finished with value: 12.727237039261713 and parameters: {'ISTN': 65.59553107580787, 'I_gpe': 1.3491033989103642, 'I_gpi': 2.4962708682264925, 'noise_stn_sigma': 5.981618618392948, 'noise_gpe_sigma': 91.5915189657786, 'noise_gpi_sigma': 87.78368261113532, 'g_stn_gpe_mult': 2.5118186924065604, 'g_gpe_stn_mult': 0.13686486362635972, 'g_stn_gpi_mult': 2.998279903437818, 'g_gpe_gpi_mult': 1.0141591515212518}. Best is trial 98 with value: 0.5979484317983877.
[I 2026-05-28 01:59:04,104] Trial 172 finished with value: 45.76317835091152 and parameters: {'ISTN': 86.30804346775327, 'I_gpe': 1.315098519203705, 'I_gpi': 2.485475535392953, 'noise_stn_sigma': 5.3515393479707685, 'noise_gpe_sigma': 97.3992893627916, 'noise_gpi_sigma': 107.90286446913011, 'g_stn_gpe_mult': 2.708297129129425, 'g_gpe_stn_mult': 0.17768178529649556, 'g_stn_gpi_mult': 2.7887267515079697, 'g_gpe_gpi_mult': 0.8852449120003221}. Best is trial 98 with value: 0.5979484317983877.
[I 2026-05-28 01:59:05,112] Trial 173 finished with value: 9.23092904403406 and parameters: {'ISTN': 73.89197186090372, 'I_gpe': 1.451449934634855, 'I_gpi': 2.354722888185751, 'noise_stn_sigma': 7.2328836154235745, 'noise_gpe_sigma': 120.21120258536986, 'noise_gpi_sigma': 89.51947729319535, 'g_stn_gpe_mult': 3.020168906339436, 'g_gpe_stn_mult': 0.11893640440727446, 'g_stn_gpi_mult': 3.5185793418437257, 'g_gpe_gpi_mult': 0.9513403349624885}. Best is trial 98 with value: 0.5979484317983877.
[I 2026-05-28 01:59:06,118] Trial 174 finished with value: 4.144476847667518 and parameters: {'ISTN': 60.71721012099346, 'I_gpe': 0.7380312019857188, 'I_gpi': 3.2777272146994454, 'noise_stn_sigma': 5.247235336147127, 'noise_gpe_sigma': 118.67400457415793, 'noise_gpi_sigma': 80.17851170364585, 'g_stn_gpe_mult': 2.2174329187968693, 'g_gpe_stn_mult': 0.18031344387945566, 'g_stn_gpi_mult': 3.1461619829763254, 'g_gpe_gpi_mult': 0.9927814632214687}. Best is trial 98 with value: 0.5979484317983877.
[I 2026-05-28 01:59:07,126] Trial 175 finished with value: 38.317368618705494 and parameters: {'ISTN': 78.85858648202854, 'I_gpe': 1.417456661108988, 'I_gpi': 2.96189920941395, 'noise_stn_sigma': 6.179881503540594, 'noise_gpe_sigma': 85.9711339648687, 'noise_gpi_sigma': 125.45463270001954, 'g_stn_gpe_mult': 2.445515817927461, 'g_gpe_stn_mult': 0.1697329762451129, 'g_stn_gpi_mult': 3.067811323941582, 'g_gpe_gpi_mult': 0.8416365410880344}. Best is trial 98 with value: 0.5979484317983877.
