[I 2026-05-28 01:54:43,095] Trial 924 finished with value: 0.15698008875283986 and parameters: {'ISTN': 61.62892444398885, 'I_gpe': 1.163223556726503, 'I_gpi': 1.7586827923443131, 'noise_stn_sigma': 2.6474671112525723, 'noise_gpe_sigma': 76.47974453826974, 'noise_gpi_sigma': 74.04131826267312, 'g_stn_gpe_mult': 3.292845724087113, 'g_gpe_stn_mult': 0.1567069002325261, 'g_stn_gpi_mult': 3.802536351369175, 'g_gpe_gpi_mult': 0.8447766017647016}. Best is trial 875 with value: 0.13807402647933772.
[I 2026-05-28 01:54:44,104] Trial 925 finished with value: 0.2698654258729319 and parameters: {'ISTN': 60.5444892663226, 'I_gpe': 1.175784438403654, 'I_gpi': 1.7935232619631365, 'noise_stn_sigma': 2.672406756295616, 'noise_gpe_sigma': 78.05488980581691, 'noise_gpi_sigma': 73.97433836256963, 'g_stn_gpe_mult': 3.263420319686448, 'g_gpe_stn_mult': 0.16446058946356165, 'g_stn_gpi_mult': 3.8112565224198924, 'g_gpe_gpi_mult': 0.8349366901172421}. Best is trial 875 with value: 0.13807402647933772.
[I 2026-05-28 01:54:45,113] Trial 926 finished with value: 0.15607492995226255 and parameters: {'ISTN': 61.32044595004326, 'I_gpe': 1.1865248967759645, 'I_gpi': 1.780159973989595, 'noise_stn_sigma': 2.647433827338334, 'noise_gpe_sigma': 77.71439497256799, 'noise_gpi_sigma': 80.07731582017396, 'g_stn_gpe_mult': 3.298502594228615, 'g_gpe_stn_mult': 0.16431567810823305, 'g_stn_gpi_mult': 3.8243105417329897, 'g_gpe_gpi_mult': 0.8443049169389749}. Best is trial 875 with value: 0.13807402647933772.
[I 2026-05-28 01:54:46,121] Trial 927 finished with value: 0.15353485366767647 and parameters: {'ISTN': 60.50216360308197, 'I_gpe': 1.1361614361948593, 'I_gpi': 1.7460818387532124, 'noise_stn_sigma': 2.771571559452649, 'noise_gpe_sigma': 76.51712803817429, 'noise_gpi_sigma': 77.61139104674865, 'g_stn_gpe_mult': 3.2685761134840234, 'g_gpe_stn_mult': 0.1663450514414616, 'g_stn_gpi_mult': 3.741793550896273, 'g_gpe_gpi_mult': 0.8366899397276664}. Best is trial 875 with value: 0.13807402647933772.
[I 2026-05-28 01:54:47,130] Trial 928 finished with value: 0.14660310839479918 and parameters: {'ISTN': 60.471601678592506, 'I_gpe': 1.1552013163346146, 'I_gpi': 1.7794014396013726, 'noise_stn_sigma': 2.524112908424981, 'noise_gpe_sigma': 80.93951061703557, 'noise_gpi_sigma': 72.64528413558735, 'g_stn_gpe_mult': 3.323642009095301, 'g_gpe_stn_mult': 0.17672861400990733, 'g_stn_gpi_mult': 3.862954867627211, 'g_gpe_gpi_mult': 0.8583406603556087}. Best is trial 875 with value: 0.13807402647933772.
[I 2026-05-28 01:54:48,139] Trial 929 finished with value: 0.16388154683350287 and parameters: {'ISTN': 60.32545260617506, 'I_gpe': 1.1174066746889642, 'I_gpi': 1.7477955232830003, 'noise_stn_sigma': 2.7768940110569353, 'noise_gpe_sigma': 76.19139196698305, 'noise_gpi_sigma': 77.50956060603878, 'g_stn_gpe_mult': 3.187427008380321, 'g_gpe_stn_mult': 0.15723414928685908, 'g_stn_gpi_mult': 3.7651666148701217, 'g_gpe_gpi_mult': 0.8429951288503283}. Best is trial 875 with value: 0.13807402647933772.
[I 2026-05-28 01:54:49,149] Trial 930 finished with value: 0.17673922671944262 and parameters: {'ISTN': 60.80439333197422, 'I_gpe': 1.1951321345152337, 'I_gpi': 1.8142405772302186, 'noise_stn_sigma': 2.5494798060344053, 'noise_gpe_sigma': 78.27715462883035, 'noise_gpi_sigma': 76.85780117689518, 'g_stn_gpe_mult': 3.241930686220731, 'g_gpe_stn_mult': 0.16397592105375236, 'g_stn_gpi_mult': 3.8003131229882814, 'g_gpe_gpi_mult': 0.8379128035544356}. Best is trial 875 with value: 0.13807402647933772.
[I 2026-05-28 01:54:50,160] Trial 931 finished with value: 0.15545488018778214 and parameters: {'ISTN': 60.741544757184776, 'I_gpe': 1.13018801765517, 'I_gpi': 1.7438780455699279, 'noise_stn_sigma': 2.516926899892435, 'noise_gpe_sigma': 80.55869648411553, 'noise_gpi_sigma': 74.1589593054575, 'g_stn_gpe_mult': 3.2776574998574333, 'g_gpe_stn_mult': 0.18371857178549825, 'g_stn_gpi_mult': 3.907517373783661, 'g_gpe_gpi_mult': 0.8447239896145573}. Best is trial 875 with value: 0.13807402647933772.
[I 2026-05-28 01:54:51,170] Trial 932 finished with value: 0.15022177286463798 and parameters: {'ISTN': 60.11519746187747, 'I_gpe': 1.148061859263792, 'I_gpi': 1.7129378959860966, 'noise_stn_sigma': 2.740842261499186, 'noise_gpe_sigma': 82.9020115882929, 'noise_gpi_sigma': 76.37912052878215, 'g_stn_gpe_mult': 3.3269104293559244, 'g_gpe_stn_mult': 0.18438703869789497, 'g_stn_gpi_mult': 3.8009423844044106, 'g_gpe_gpi_mult': 0.8394590473281491}. Best is trial 875 with value: 0.13807402647933772.
[I 2026-05-28 01:54:52,178] Trial 933 finished with value: 0.29853416213951167 and parameters: {'ISTN': 60.22368482149759, 'I_gpe': 1.1945837690515035, 'I_gpi': 1.7831050265721333, 'noise_stn_sigma': 2.820937135746928, 'noise_gpe_sigma': 78.49494380310773, 'noise_gpi_sigma': 77.41347521263695, 'g_stn_gpe_mult': 3.2279770627590576, 'g_gpe_stn_mult': 0.16649155169600274, 'g_stn_gpi_mult': 3.785745689454353, 'g_gpe_gpi_mult': 0.8167207444453028}. Best is trial 875 with value: 0.13807402647933772.
[I 2026-05-28 01:54:53,186] Trial 934 finished with value: 0.18150466510933772 and parameters: {'ISTN': 60.04481442021521, 'I_gpe': 1.1607647107076566, 'I_gpi': 1.7965133911339826, 'noise_stn_sigma': 2.7558047908793837, 'noise_gpe_sigma': 81.19600000730647, 'noise_gpi_sigma': 79.73183966425371, 'g_stn_gpe_mult': 3.286562394887305, 'g_gpe_stn_mult': 0.17023734874600183, 'g_stn_gpi_mult': 3.7631818178810725, 'g_gpe_gpi_mult': 0.8357770848225095}. Best is trial 875 with value: 0.13807402647933772.
[I 2026-05-28 01:54:54,196] Trial 935 finished with value: 0.15156977116516004 and parameters: {'ISTN': 60.83545967321579, 'I_gpe': 1.1485511974636569, 'I_gpi': 1.7417608102000481, 'noise_stn_sigma': 2.688465601486104, 'noise_gpe_sigma': 80.95769471477074, 'noise_gpi_sigma': 76.7197816593559, 'g_stn_gpe_mult': 3.2825139828194576, 'g_gpe_stn_mult': 0.1680760957646241, 'g_stn_gpi_mult': 3.7509001614610886, 'g_gpe_gpi_mult': 0.8187129717595547}. Best is trial 875 with value: 0.13807402647933772.
[I 2026-05-28 01:54:55,207] Trial 936 finished with value: 0.14854549767490338 and parameters: {'ISTN': 60.88134851181494, 'I_gpe': 1.1478878653522875, 'I_gpi': 1.7538020422155556, 'noise_stn_sigma': 2.6411493841664684, 'noise_gpe_sigma': 82.83158609289521, 'noise_gpi_sigma': 76.14804624290656, 'g_stn_gpe_mult': 3.28902207499236, 'g_gpe_stn_mult': 0.16918344434136906, 'g_stn_gpi_mult': 3.741702030815049, 'g_gpe_gpi_mult': 0.8251762427793505}. Best is trial 875 with value: 0.13807402647933772.
[I 2026-05-28 01:54:56,217] Trial 937 finished with value: 0.14494985779233624 and parameters: {'ISTN': 60.732193821698345, 'I_gpe': 1.1695167928004464, 'I_gpi': 1.7673853456480852, 'noise_stn_sigma': 2.828973299178131, 'noise_gpe_sigma': 79.59153061131329, 'noise_gpi_sigma': 78.94662714935907, 'g_stn_gpe_mult': 3.1526707058764565, 'g_gpe_stn_mult': 0.16589238399512288, 'g_stn_gpi_mult': 3.7619510425619724, 'g_gpe_gpi_mult': 0.800598959971095}. Best is trial 875 with value: 0.13807402647933772.
[I 2026-05-28 01:54:57,227] Trial 938 finished with value: 0.1455160156426888 and parameters: {'ISTN': 60.7936897611352, 'I_gpe': 1.1762906347375581, 'I_gpi': 1.8000335154299276, 'noise_stn_sigma': 2.7304284616836982, 'noise_gpe_sigma': 81.33828340909483, 'noise_gpi_sigma': 73.10982257197439, 'g_stn_gpe_mult': 3.254598669575125, 'g_gpe_stn_mult': 0.16824434876734096, 'g_stn_gpi_mult': 3.7699381447162406, 'g_gpe_gpi_mult': 0.821672080253417}. Best is trial 875 with value: 0.13807402647933772.
[I 2026-05-28 01:54:58,237] Trial 939 finished with value: 0.14942058345892828 and parameters: {'ISTN': 60.56808151128311, 'I_gpe': 1.1198535842025699, 'I_gpi': 1.7482361992281246, 'noise_stn_sigma': 2.6628811697504773, 'noise_gpe_sigma': 80.86510584718121, 'noise_gpi_sigma': 74.87572288183804, 'g_stn_gpe_mult': 3.2427963338892183, 'g_gpe_stn_mult': 0.17650510829061167, 'g_stn_gpi_mult': 3.8365457652254196, 'g_gpe_gpi_mult': 0.8249615058164745}. Best is trial 875 with value: 0.13807402647933772.
[I 2026-05-28 01:54:59,246] Trial 940 finished with value: 0.14182821938888443 and parameters: {'ISTN': 60.14279751052108, 'I_gpe': 1.1447047387896772, 'I_gpi': 1.786655187885989, 'noise_stn_sigma': 2.6345846391468255, 'noise_gpe_sigma': 79.1714971266413, 'noise_gpi_sigma': 75.59764919535581, 'g_stn_gpe_mult': 3.2997161026964332, 'g_gpe_stn_mult': 0.17298341751827004, 'g_stn_gpi_mult': 3.7795345057672383, 'g_gpe_gpi_mult': 0.8388651875796866}. Best is trial 875 with value: 0.13807402647933772.
[I 2026-05-28 01:55:00,258] Trial 941 finished with value: 0.151392248190338 and parameters: {'ISTN': 60.7266250806412, 'I_gpe': 1.1337382610430695, 'I_gpi': 1.793486366619279, 'noise_stn_sigma': 2.7277937261280707, 'noise_gpe_sigma': 79.0324930388339, 'noise_gpi_sigma': 77.97886468532053, 'g_stn_gpe_mult': 3.285747828320507, 'g_gpe_stn_mult': 0.17390462764851022, 'g_stn_gpi_mult': 3.8080750581446083, 'g_gpe_gpi_mult': 0.8394325560925449}. Best is trial 875 with value: 0.13807402647933772.
[I 2026-05-28 01:55:01,270] Trial 942 finished with value: 0.14351861046692221 and parameters: {'ISTN': 60.094040716779396, 'I_gpe': 1.147960699858626, 'I_gpi': 1.7364069251350482, 'noise_stn_sigma': 2.730701519503922, 'noise_gpe_sigma': 79.30975219424104, 'noise_gpi_sigma': 76.24844320392452, 'g_stn_gpe_mult': 3.2900984903935404, 'g_gpe_stn_mult': 0.17466628320512442, 'g_stn_gpi_mult': 3.7389970270993804, 'g_gpe_gpi_mult': 0.8280629619851816}. Best is trial 875 with value: 0.13807402647933772.
[I 2026-05-28 01:55:02,280] Trial 943 finished with value: 0.14920967967783125 and parameters: {'ISTN': 60.82642191139186, 'I_gpe': 1.155732436120671, 'I_gpi': 1.805683784470382, 'noise_stn_sigma': 2.701437799565619, 'noise_gpe_sigma': 79.9179047756353, 'noise_gpi_sigma': 74.01919356808705, 'g_stn_gpe_mult': 3.2764252941483925, 'g_gpe_stn_mult': 0.16824736293626036, 'g_stn_gpi_mult': 3.778318763781698, 'g_gpe_gpi_mult': 0.8222266369684093}. Best is trial 875 with value: 0.13807402647933772.
[I 2026-05-28 01:55:03,290] Trial 944 finished with value: 0.1508650391062435 and parameters: {'ISTN': 60.879187595211555, 'I_gpe': 1.1653060477905495, 'I_gpi': 1.7950941434226833, 'noise_stn_sigma': 2.6145030535987477, 'noise_gpe_sigma': 76.38881853395574, 'noise_gpi_sigma': 74.83086250728299, 'g_stn_gpe_mult': 3.2910958479889727, 'g_gpe_stn_mult': 0.16624002760093992, 'g_stn_gpi_mult': 3.8037457551607576, 'g_gpe_gpi_mult': 0.8425713746068826}. Best is trial 875 with value: 0.13807402647933772.
[I 2026-05-28 01:55:04,299] Trial 945 finished with value: 0.1514467595113445 and parameters: {'ISTN': 60.36056173352747, 'I_gpe': 1.1581329320912381, 'I_gpi': 1.828770245491506, 'noise_stn_sigma': 2.6597636057985095, 'noise_gpe_sigma': 75.80752159726208, 'noise_gpi_sigma': 78.93486717007242, 'g_stn_gpe_mult': 3.2507844806541817, 'g_gpe_stn_mult': 0.16414760998706224, 'g_stn_gpi_mult': 3.8019471086330374, 'g_gpe_gpi_mult': 0.8288406626967046}. Best is trial 875 with value: 0.13807402647933772.
[I 2026-05-28 01:55:05,310] Trial 946 finished with value: 0.14447577051851224 and parameters: {'ISTN': 60.506224176164295, 'I_gpe': 1.1877833434972054, 'I_gpi': 1.77775133308068, 'noise_stn_sigma': 2.7668652251762182, 'noise_gpe_sigma': 77.83065649594508, 'noise_gpi_sigma': 78.99341223398045, 'g_stn_gpe_mult': 3.1736226419372437, 'g_gpe_stn_mult': 0.16943806213368165, 'g_stn_gpi_mult': 3.7409022524671496, 'g_gpe_gpi_mult': 0.8304578654400525}. Best is trial 875 with value: 0.13807402647933772.
[I 2026-05-28 01:55:06,322] Trial 947 finished with value: 0.13855787075604564 and parameters: {'ISTN': 60.129394413731454, 'I_gpe': 1.161960946844896, 'I_gpi': 1.786396537698751, 'noise_stn_sigma': 2.522208666755678, 'noise_gpe_sigma': 78.69025691222438, 'noise_gpi_sigma': 73.99187590692023, 'g_stn_gpe_mult': 3.327521049317887, 'g_gpe_stn_mult': 0.17484484122867563, 'g_stn_gpi_mult': 3.8121633791503156, 'g_gpe_gpi_mult': 0.8216561492136483}. Best is trial 875 with value: 0.13807402647933772.
[I 2026-05-28 01:55:07,332] Trial 948 finished with value: 0.271402019386056 and parameters: {'ISTN': 60.40569047792354, 'I_gpe': 1.1633967751485277, 'I_gpi': 1.7668207760144263, 'noise_stn_sigma': 2.7986433861523192, 'noise_gpe_sigma': 79.71876863041376, 'noise_gpi_sigma': 75.92017650909193, 'g_stn_gpe_mult': 3.260663152385751, 'g_gpe_stn_mult': 0.16287327091589965, 'g_stn_gpi_mult': 3.686982776448482, 'g_gpe_gpi_mult': 0.8210490841765019}. Best is trial 875 with value: 0.13807402647933772.
[I 2026-05-28 01:55:08,341] Trial 949 finished with value: 0.158882973995453 and parameters: {'ISTN': 61.41138359724037, 'I_gpe': 1.1502787847987377, 'I_gpi': 1.7654903913689561, 'noise_stn_sigma': 2.75563949918481, 'noise_gpe_sigma': 78.26220833855285, 'noise_gpi_sigma': 74.99299717932837, 'g_stn_gpe_mult': 3.243081712874318, 'g_gpe_stn_mult': 0.16140930826347796, 'g_stn_gpi_mult': 3.7902898440128254, 'g_gpe_gpi_mult': 0.8371999573350093}. Best is trial 875 with value: 0.13807402647933772.
[I 2026-05-28 01:55:09,350] Trial 950 finished with value: 0.1403116608700584 and parameters: {'ISTN': 60.565540513697336, 'I_gpe': 1.1799953635750207, 'I_gpi': 1.838325984855714, 'noise_stn_sigma': 2.687138707782, 'noise_gpe_sigma': 79.2324649109352, 'noise_gpi_sigma': 76.21496493695764, 'g_stn_gpe_mult': 3.2370969969867165, 'g_gpe_stn_mult': 0.16720884418385526, 'g_stn_gpi_mult': 3.7769191971813676, 'g_gpe_gpi_mult': 0.8141739382532593}. Best is trial 875 with value: 0.13807402647933772.
[I 2026-05-28 01:55:10,359] Trial 951 finished with value: 0.1469822189048453 and parameters: {'ISTN': 60.68480078850042, 'I_gpe': 1.1618952681598285, 'I_gpi': 1.7805034266089126, 'noise_stn_sigma': 2.55588986587689, 'noise_gpe_sigma': 78.27861142384288, 'noise_gpi_sigma': 75.07796759778125, 'g_stn_gpe_mult': 3.307631676134762, 'g_gpe_stn_mult': 0.16716854121893993, 'g_stn_gpi_mult': 3.802231117864019, 'g_gpe_gpi_mult': 0.8135706910686511}. Best is trial 875 with value: 0.13807402647933772.
[I 2026-05-28 01:55:11,367] Trial 952 finished with value: 0.43920178815140565 and parameters: {'ISTN': 60.24913937626091, 'I_gpe': 1.1948092116903637, 'I_gpi': 1.75048417755749, 'noise_stn_sigma': 2.758590088165056, 'noise_gpe_sigma': 77.33138651481104, 'noise_gpi_sigma': 80.50941964422921, 'g_stn_gpe_mult': 3.2599527619526003, 'g_gpe_stn_mult': 0.1687668121427633, 'g_stn_gpi_mult': 3.812874520542442, 'g_gpe_gpi_mult': 0.8138300131985552}. Best is trial 875 with value: 0.13807402647933772.
[I 2026-05-28 01:55:12,376] Trial 953 finished with value: 0.14348756555980005 and parameters: {'ISTN': 60.538311325810135, 'I_gpe': 1.1406508266213424, 'I_gpi': 1.822920243944659, 'noise_stn_sigma': 2.6838430490211973, 'noise_gpe_sigma': 78.83905250357151, 'noise_gpi_sigma': 78.11572363466894, 'g_stn_gpe_mult': 3.296950520990947, 'g_gpe_stn_mult': 0.16887880003393274, 'g_stn_gpi_mult': 3.778390616909243, 'g_gpe_gpi_mult': 0.8077801902147561}. Best is trial 875 with value: 0.13807402647933772.
[I 2026-05-28 01:55:13,386] Trial 954 finished with value: 0.15115601783347024 and parameters: {'ISTN': 60.726120418742646, 'I_gpe': 1.1801567544057492, 'I_gpi': 1.7964926675111554, 'noise_stn_sigma': 2.5637524442683906, 'noise_gpe_sigma': 79.31394407847594, 'noise_gpi_sigma': 74.58829791458321, 'g_stn_gpe_mult': 3.3201470173018426, 'g_gpe_stn_mult': 0.1784130121725829, 'g_stn_gpi_mult': 3.8223418435475596, 'g_gpe_gpi_mult': 0.8282098278908661}. Best is trial 875 with value: 0.13807402647933772.
[I 2026-05-28 01:55:14,334] Trial 955 finished with value: 1000000.0 and parameters: {'ISTN': 60.68554879316876, 'I_gpe': 1.1760465105260114, 'I_gpi': 1.7953865479431488, 'noise_stn_sigma': 2.6311226473774534, 'noise_gpe_sigma': 78.26427764283837, 'noise_gpi_sigma': 75.30995811867538, 'g_stn_gpe_mult': 3.285612924353794, 'g_gpe_stn_mult': 0.16725457914648925, 'g_stn_gpi_mult': 3.8181015366730526, 'g_gpe_gpi_mult': 0.8253815348739515}. Best is trial 875 with value: 0.13807402647933772.
[I 2026-05-28 01:55:15,343] Trial 956 finished with value: 0.20607071782867678 and parameters: {'ISTN': 60.47867631480958, 'I_gpe': 1.1655703924824867, 'I_gpi': 1.773629931333406, 'noise_stn_sigma': 2.612270273708411, 'noise_gpe_sigma': 79.42673103892683, 'noise_gpi_sigma': 77.07964279236444, 'g_stn_gpe_mult': 3.3036909669375714, 'g_gpe_stn_mult': 0.16500345497770377, 'g_stn_gpi_mult': 3.76208315342215, 'g_gpe_gpi_mult': 0.8152261068269264}. Best is trial 875 with value: 0.13807402647933772.
[I 2026-05-28 01:55:16,350] Trial 957 finished with value: 0.257549181488046 and parameters: {'ISTN': 60.69043822854919, 'I_gpe': 1.186286373689915, 'I_gpi': 1.7827630115750428, 'noise_stn_sigma': 2.587817743918933, 'noise_gpe_sigma': 79.77179237025604, 'noise_gpi_sigma': 74.70566352004295, 'g_stn_gpe_mult': 3.2765666288168482, 'g_gpe_stn_mult': 0.16992697171044638, 'g_stn_gpi_mult': 3.7846705681979977, 'g_gpe_gpi_mult': 0.8176098174668183}. Best is trial 875 with value: 0.13807402647933772.
[I 2026-05-28 01:55:17,361] Trial 958 finished with value: 0.15847553620052135 and parameters: {'ISTN': 60.44935153864484, 'I_gpe': 1.184568632789011, 'I_gpi': 1.7633823086869018, 'noise_stn_sigma': 2.5473960244356166, 'noise_gpe_sigma': 79.25638815055872, 'noise_gpi_sigma': 75.73024880046847, 'g_stn_gpe_mult': 3.324065356658881, 'g_gpe_stn_mult': 0.16890882076100772, 'g_stn_gpi_mult': 3.754690364495511, 'g_gpe_gpi_mult': 0.8294723037637541}. Best is trial 875 with value: 0.13807402647933772.
[I 2026-05-28 01:55:18,370] Trial 959 finished with value: 0.14223540217377698 and parameters: {'ISTN': 60.391512080786946, 'I_gpe': 1.1709340676156645, 'I_gpi': 1.7804354323703875, 'noise_stn_sigma': 2.716843778302119, 'noise_gpe_sigma': 80.88360930485865, 'noise_gpi_sigma': 77.72566541476212, 'g_stn_gpe_mult': 3.285256452136964, 'g_gpe_stn_mult': 0.17472662240839293, 'g_stn_gpi_mult': 3.7456936999123993, 'g_gpe_gpi_mult': 0.815207863356842}. Best is trial 875 with value: 0.13807402647933772.
[I 2026-05-28 01:55:19,380] Trial 960 finished with value: 0.37278852165675014 and parameters: {'ISTN': 60.36375093716603, 'I_gpe': 1.1751937644004307, 'I_gpi': 1.788828781840111, 'noise_stn_sigma': 2.8088491466548113, 'noise_gpe_sigma': 80.01256836515488, 'noise_gpi_sigma': 78.65991627878422, 'g_stn_gpe_mult': 3.1976301964376876, 'g_gpe_stn_mult': 0.16310679346767143, 'g_stn_gpi_mult': 3.7379583430765106, 'g_gpe_gpi_mult': 0.7950599238002278}. Best is trial 875 with value: 0.13807402647933772.
[I 2026-05-28 01:55:20,330] Trial 961 finished with value: 1000000.0 and parameters: {'ISTN': 60.87055440774721, 'I_gpe': 1.1716769534113047, 'I_gpi': 1.799454074649189, 'noise_stn_sigma': 2.6190889367710937, 'noise_gpe_sigma': 79.68925746701748, 'noise_gpi_sigma': 76.47492435684381, 'g_stn_gpe_mult': 3.2264159515071524, 'g_gpe_stn_mult': 0.1674005273063766, 'g_stn_gpi_mult': 3.75284513604084, 'g_gpe_gpi_mult': 0.8133402718418627}. Best is trial 875 with value: 0.13807402647933772.
[I 2026-05-28 01:55:21,340] Trial 962 finished with value: 0.14147369580233432 and parameters: {'ISTN': 60.166182456722616, 'I_gpe': 1.1492727015638196, 'I_gpi': 1.822831727543253, 'noise_stn_sigma': 2.6611701184069894, 'noise_gpe_sigma': 78.93659096464289, 'noise_gpi_sigma': 78.7192195241725, 'g_stn_gpe_mult': 3.298043148801944, 'g_gpe_stn_mult': 0.1753850322605181, 'g_stn_gpi_mult': 3.786428375064525, 'g_gpe_gpi_mult': 0.822155677566526}. Best is trial 875 with value: 0.13807402647933772.
[I 2026-05-28 01:55:22,351] Trial 963 finished with value: 0.15041472881202486 and parameters: {'ISTN': 60.74900693892992, 'I_gpe': 1.1460291194400996, 'I_gpi': 1.8024953514488875, 'noise_stn_sigma': 2.7566099341394885, 'noise_gpe_sigma': 79.39562046353876, 'noise_gpi_sigma': 76.68623170832325, 'g_stn_gpe_mult': 3.2481924117895247, 'g_gpe_stn_mult': 0.17130543714705426, 'g_stn_gpi_mult': 3.800600657705991, 'g_gpe_gpi_mult': 0.8085873165334254}. Best is trial 875 with value: 0.13807402647933772.
[I 2026-05-28 01:55:23,360] Trial 964 finished with value: 0.20124970811020998 and parameters: {'ISTN': 61.15999216104486, 'I_gpe': 1.1206630547444478, 'I_gpi': 1.8121615955878323, 'noise_stn_sigma': 2.8715128293507703, 'noise_gpe_sigma': 79.83300725729728, 'noise_gpi_sigma': 82.42016540065464, 'g_stn_gpe_mult': 3.2145790160908234, 'g_gpe_stn_mult': 0.16728913835068693, 'g_stn_gpi_mult': 3.699107142142582, 'g_gpe_gpi_mult': 0.7993598805498492}. Best is trial 875 with value: 0.13807402647933772.
[I 2026-05-28 01:55:24,370] Trial 965 finished with value: 0.1498083824425178 and parameters: {'ISTN': 60.62555141705403, 'I_gpe': 1.1477138149582946, 'I_gpi': 1.8220857222813684, 'noise_stn_sigma': 2.6089840670632967, 'noise_gpe_sigma': 75.45366469394776, 'noise_gpi_sigma': 75.19805567096208, 'g_stn_gpe_mult': 3.244850356166464, 'g_gpe_stn_mult': 0.1637870414850057, 'g_stn_gpi_mult': 3.804679122400195, 'g_gpe_gpi_mult': 0.8116663667845982}. Best is trial 875 with value: 0.13807402647933772.
[I 2026-05-28 01:55:25,380] Trial 966 finished with value: 0.1537628109379344 and parameters: {'ISTN': 61.24589460422192, 'I_gpe': 1.1516246133104207, 'I_gpi': 1.8229461668933993, 'noise_stn_sigma': 2.8428503564408976, 'noise_gpe_sigma': 77.87972990069261, 'noise_gpi_sigma': 78.5945629917714, 'g_stn_gpe_mult': 3.266697928836318, 'g_gpe_stn_mult': 0.16114065577931336, 'g_stn_gpi_mult': 3.782556139327456, 'g_gpe_gpi_mult': 0.809882323887017}. Best is trial 875 with value: 0.13807402647933772.
[I 2026-05-28 01:55:26,388] Trial 967 finished with value: 0.14379045763031292 and parameters: {'ISTN': 60.34588394738796, 'I_gpe': 1.1415609393415345, 'I_gpi': 1.7885059985501557, 'noise_stn_sigma': 2.5903341066771617, 'noise_gpe_sigma': 79.96425326692854, 'noise_gpi_sigma': 77.37416834206198, 'g_stn_gpe_mult': 3.220807118875717, 'g_gpe_stn_mult': 0.1702225809106642, 'g_stn_gpi_mult': 3.7613591088229437, 'g_gpe_gpi_mult': 0.7934304215296697}. Best is trial 875 with value: 0.13807402647933772.
