[I 2026-05-28 01:45:50,771] Trial 396 finished with value: 0.5855868759485731 and parameters: {'ISTN': 68.18310149682846, 'I_gpe': 0.8891107167645079, 'I_gpi': 1.717178534849457, 'noise_stn_sigma': 5.989593662843047, 'noise_gpe_sigma': 92.96057297339948, 'noise_gpi_sigma': 125.82015905424024, 'g_stn_gpe_mult': 1.8845408497089633, 'g_gpe_stn_mult': 0.20261668341203395, 'g_stn_gpi_mult': 3.152976139992025, 'g_gpe_gpi_mult': 0.6459404783674016}. Best is trial 392 with value: 0.2905399340396012.
[I 2026-05-28 01:45:51,782] Trial 397 finished with value: 1.778953731249206 and parameters: {'ISTN': 64.71819470564108, 'I_gpe': 0.877696215867207, 'I_gpi': 1.9936350808222327, 'noise_stn_sigma': 6.028003210689567, 'noise_gpe_sigma': 84.42646563279686, 'noise_gpi_sigma': 125.83200061684542, 'g_stn_gpe_mult': 1.995081419366133, 'g_gpe_stn_mult': 0.19908532188630507, 'g_stn_gpi_mult': 3.3669562632975882, 'g_gpe_gpi_mult': 0.7116890892776784}. Best is trial 392 with value: 0.2905399340396012.
[I 2026-05-28 01:45:52,791] Trial 398 finished with value: 0.9571757211786223 and parameters: {'ISTN': 66.70307349266582, 'I_gpe': 0.9025091364243518, 'I_gpi': 1.819823191392075, 'noise_stn_sigma': 5.401766362598842, 'noise_gpe_sigma': 81.91560232766484, 'noise_gpi_sigma': 124.48264030161623, 'g_stn_gpe_mult': 1.7220360094353107, 'g_gpe_stn_mult': 0.19405354227671406, 'g_stn_gpi_mult': 3.031728121294895, 'g_gpe_gpi_mult': 0.6226552288242495}. Best is trial 392 with value: 0.2905399340396012.
[I 2026-05-28 01:45:53,797] Trial 399 finished with value: 1.7444219346445664 and parameters: {'ISTN': 66.36051352899646, 'I_gpe': 0.8523483916702574, 'I_gpi': 1.6983983955680282, 'noise_stn_sigma': 6.270082953020481, 'noise_gpe_sigma': 83.52028270759334, 'noise_gpi_sigma': 125.27188908229594, 'g_stn_gpe_mult': 2.1171970803119597, 'g_gpe_stn_mult': 0.1820120872712928, 'g_stn_gpi_mult': 3.2683160616902733, 'g_gpe_gpi_mult': 0.7417795727713592}. Best is trial 392 with value: 0.2905399340396012.
[I 2026-05-28 01:45:54,804] Trial 400 finished with value: 0.7839801821376047 and parameters: {'ISTN': 61.9415830826032, 'I_gpe': 0.9512846421484878, 'I_gpi': 1.992741545764349, 'noise_stn_sigma': 4.709822295261576, 'noise_gpe_sigma': 87.24144376480304, 'noise_gpi_sigma': 134.74163681742385, 'g_stn_gpe_mult': 1.7908829383447844, 'g_gpe_stn_mult': 0.15426589838898858, 'g_stn_gpi_mult': 3.298519052991955, 'g_gpe_gpi_mult': 0.707297395588123}. Best is trial 392 with value: 0.2905399340396012.
[I 2026-05-28 01:45:55,814] Trial 401 finished with value: 1.179195362013809 and parameters: {'ISTN': 66.53191389314814, 'I_gpe': 0.7984702106419506, 'I_gpi': 2.0600451503708603, 'noise_stn_sigma': 5.318191107768044, 'noise_gpe_sigma': 76.4940575908899, 'noise_gpi_sigma': 130.3482939335438, 'g_stn_gpe_mult': 2.538832363902392, 'g_gpe_stn_mult': 0.14377660743894355, 'g_stn_gpi_mult': 3.570468900349985, 'g_gpe_gpi_mult': 0.8462612734050317}. Best is trial 392 with value: 0.2905399340396012.
[I 2026-05-28 01:45:56,820] Trial 402 finished with value: 0.2636375791971939 and parameters: {'ISTN': 62.544899482697, 'I_gpe': 0.8914141317180795, 'I_gpi': 1.855664636172206, 'noise_stn_sigma': 5.02116086635863, 'noise_gpe_sigma': 88.11060988713476, 'noise_gpi_sigma': 126.42698056795643, 'g_stn_gpe_mult': 2.3141985003549346, 'g_gpe_stn_mult': 0.12036932955750809, 'g_stn_gpi_mult': 3.4070806215026286, 'g_gpe_gpi_mult': 0.7540890286262125}. Best is trial 402 with value: 0.2636375791971939.
[I 2026-05-28 01:45:57,829] Trial 403 finished with value: 2.3750170774790775 and parameters: {'ISTN': 70.19190182039517, 'I_gpe': 0.9033128342393355, 'I_gpi': 1.8552091657017962, 'noise_stn_sigma': 5.373590688798641, 'noise_gpe_sigma': 76.82690892838131, 'noise_gpi_sigma': 113.42118196172615, 'g_stn_gpe_mult': 2.75356522515753, 'g_gpe_stn_mult': 0.15518162071725436, 'g_stn_gpi_mult': 3.1703238850581044, 'g_gpe_gpi_mult': 0.7804811454462326}. Best is trial 402 with value: 0.2636375791971939.
[I 2026-05-28 01:45:58,840] Trial 404 finished with value: 1.4259922724253182 and parameters: {'ISTN': 69.36061972669967, 'I_gpe': 0.7462873643148403, 'I_gpi': 2.186048555178317, 'noise_stn_sigma': 5.534955547113481, 'noise_gpe_sigma': 88.02864983168375, 'noise_gpi_sigma': 121.0694381231957, 'g_stn_gpe_mult': 2.3870513854116355, 'g_gpe_stn_mult': 0.14384735787045988, 'g_stn_gpi_mult': 3.25682928080869, 'g_gpe_gpi_mult': 0.6359441367740049}. Best is trial 402 with value: 0.2636375791971939.
[I 2026-05-28 01:45:59,847] Trial 405 finished with value: 0.46844870971659014 and parameters: {'ISTN': 62.22844604631515, 'I_gpe': 0.8299261222762122, 'I_gpi': 1.825301844321336, 'noise_stn_sigma': 5.666772164341309, 'noise_gpe_sigma': 95.95988176702427, 'noise_gpi_sigma': 119.18115960448394, 'g_stn_gpe_mult': 2.4327782793064707, 'g_gpe_stn_mult': 0.13089605849654423, 'g_stn_gpi_mult': 3.018257863208672, 'g_gpe_gpi_mult': 0.6400410333181162}. Best is trial 402 with value: 0.2636375791971939.
[I 2026-05-28 01:46:00,855] Trial 406 finished with value: 1.4342147565800898 and parameters: {'ISTN': 62.208118696143885, 'I_gpe': 0.8814889225497107, 'I_gpi': 2.0867841784505785, 'noise_stn_sigma': 5.225478844833674, 'noise_gpe_sigma': 81.9168412240137, 'noise_gpi_sigma': 123.65386811305083, 'g_stn_gpe_mult': 2.3051416056535015, 'g_gpe_stn_mult': 0.1624650844220569, 'g_stn_gpi_mult': 3.177914408240106, 'g_gpe_gpi_mult': 0.6999744880188998}. Best is trial 402 with value: 0.2636375791971939.
[I 2026-05-28 01:46:01,863] Trial 407 finished with value: 1.6303154811387 and parameters: {'ISTN': 64.44391162797493, 'I_gpe': 0.6865963009395167, 'I_gpi': 2.482830189963476, 'noise_stn_sigma': 4.676716926566661, 'noise_gpe_sigma': 85.12447875681161, 'noise_gpi_sigma': 138.78688334654868, 'g_stn_gpe_mult': 2.7801465203749025, 'g_gpe_stn_mult': 0.22678645111585385, 'g_stn_gpi_mult': 3.428974562985513, 'g_gpe_gpi_mult': 0.8297086393579036}. Best is trial 402 with value: 0.2636375791971939.
[I 2026-05-28 01:46:02,872] Trial 408 finished with value: 0.361614354983097 and parameters: {'ISTN': 62.14015123913152, 'I_gpe': 0.8941286013017371, 'I_gpi': 1.8105507602271573, 'noise_stn_sigma': 5.492365992823155, 'noise_gpe_sigma': 77.61687575112956, 'noise_gpi_sigma': 122.5692529863997, 'g_stn_gpe_mult': 2.2559218353265402, 'g_gpe_stn_mult': 0.12946863501818257, 'g_stn_gpi_mult': 3.303890026205085, 'g_gpe_gpi_mult': 0.7610072711985252}. Best is trial 402 with value: 0.2636375791971939.
[I 2026-05-28 01:46:03,881] Trial 409 finished with value: 1.7491312508314822 and parameters: {'ISTN': 66.39032584094879, 'I_gpe': 0.6944658020354467, 'I_gpi': 2.2098760052282485, 'noise_stn_sigma': 5.63724816142845, 'noise_gpe_sigma': 83.10405496264872, 'noise_gpi_sigma': 109.67179099547737, 'g_stn_gpe_mult': 2.719942844065751, 'g_gpe_stn_mult': 0.18498860140979834, 'g_stn_gpi_mult': 3.516544046966791, 'g_gpe_gpi_mult': 0.7954894381193389}. Best is trial 402 with value: 0.2636375791971939.
[I 2026-05-28 01:46:04,889] Trial 410 finished with value: 1.1538156902100605 and parameters: {'ISTN': 67.94239782591357, 'I_gpe': 0.8414706608909421, 'I_gpi': 1.7138576570204433, 'noise_stn_sigma': 5.720057573084489, 'noise_gpe_sigma': 95.63340973456475, 'noise_gpi_sigma': 120.35744625489063, 'g_stn_gpe_mult': 2.1660433002302364, 'g_gpe_stn_mult': 0.18761246670999904, 'g_stn_gpi_mult': 3.009593987517178, 'g_gpe_gpi_mult': 0.6915382816574034}. Best is trial 402 with value: 0.2636375791971939.
[I 2026-05-28 01:46:05,899] Trial 411 finished with value: 0.5170856050654491 and parameters: {'ISTN': 61.46532440337607, 'I_gpe': 1.070461416160799, 'I_gpi': 1.6033560018477746, 'noise_stn_sigma': 4.269772283110105, 'noise_gpe_sigma': 86.03746849789944, 'noise_gpi_sigma': 131.93838018454113, 'g_stn_gpe_mult': 2.242276518806321, 'g_gpe_stn_mult': 0.14657957341047295, 'g_stn_gpi_mult': 2.9515197826405632, 'g_gpe_gpi_mult': 0.7087802506854826}. Best is trial 402 with value: 0.2636375791971939.
[I 2026-05-28 01:46:06,907] Trial 412 finished with value: 0.5293136688996881 and parameters: {'ISTN': 63.23271057235363, 'I_gpe': 0.7424878805368516, 'I_gpi': 2.0130965473808664, 'noise_stn_sigma': 5.427812203501458, 'noise_gpe_sigma': 94.39694131743607, 'noise_gpi_sigma': 117.19026323953487, 'g_stn_gpe_mult': 2.317124017877912, 'g_gpe_stn_mult': 0.16536754934373396, 'g_stn_gpi_mult': 3.4829990224180634, 'g_gpe_gpi_mult': 0.7392461497525058}. Best is trial 402 with value: 0.2636375791971939.
[I 2026-05-28 01:46:07,915] Trial 413 finished with value: 1.1567256631046894 and parameters: {'ISTN': 63.826321866902724, 'I_gpe': 0.9544603989624625, 'I_gpi': 1.9011305892941741, 'noise_stn_sigma': 6.004685430081142, 'noise_gpe_sigma': 82.23023667705613, 'noise_gpi_sigma': 113.506158422728, 'g_stn_gpe_mult': 2.3668247202950123, 'g_gpe_stn_mult': 0.12659602461218275, 'g_stn_gpi_mult': 3.221560176973569, 'g_gpe_gpi_mult': 0.7296445833702125}. Best is trial 402 with value: 0.2636375791971939.
[I 2026-05-28 01:46:08,925] Trial 414 finished with value: 0.5585889786563841 and parameters: {'ISTN': 63.96681851792586, 'I_gpe': 0.8854107336370409, 'I_gpi': 1.9373864547565756, 'noise_stn_sigma': 5.730001083846717, 'noise_gpe_sigma': 89.9133834495701, 'noise_gpi_sigma': 110.79049622534939, 'g_stn_gpe_mult': 3.0470217600722687, 'g_gpe_stn_mult': 0.13726331016611087, 'g_stn_gpi_mult': 3.0208800976829666, 'g_gpe_gpi_mult': 0.8558063051469917}. Best is trial 402 with value: 0.2636375791971939.
[I 2026-05-28 01:46:09,931] Trial 415 finished with value: 1.3745289232722033 and parameters: {'ISTN': 65.52630963308619, 'I_gpe': 0.6447130169373179, 'I_gpi': 2.2188343712056806, 'noise_stn_sigma': 5.388249974155482, 'noise_gpe_sigma': 94.56975989648542, 'noise_gpi_sigma': 127.64523435216977, 'g_stn_gpe_mult': 2.265121598258248, 'g_gpe_stn_mult': 0.18727482272926838, 'g_stn_gpi_mult': 3.144454041477283, 'g_gpe_gpi_mult': 0.788948015365746}. Best is trial 402 with value: 0.2636375791971939.
[I 2026-05-28 01:46:10,940] Trial 416 finished with value: 0.7583551518682814 and parameters: {'ISTN': 63.51197099975199, 'I_gpe': 0.6619070443843527, 'I_gpi': 1.2993115203416283, 'noise_stn_sigma': 5.566196892998959, 'noise_gpe_sigma': 87.02018862990437, 'noise_gpi_sigma': 128.90806395205846, 'g_stn_gpe_mult': 2.2447762172869696, 'g_gpe_stn_mult': 0.1114562710624651, 'g_stn_gpi_mult': 3.3124980649894487, 'g_gpe_gpi_mult': 0.8668596501684847}. Best is trial 402 with value: 0.2636375791971939.
[I 2026-05-28 01:46:11,946] Trial 417 finished with value: 0.4330503033086988 and parameters: {'ISTN': 64.15750508563815, 'I_gpe': 0.7724354687833495, 'I_gpi': 2.170741460497454, 'noise_stn_sigma': 5.90708057382208, 'noise_gpe_sigma': 84.76225048813083, 'noise_gpi_sigma': 126.34941068676378, 'g_stn_gpe_mult': 2.0451851718946896, 'g_gpe_stn_mult': 0.17877055426499863, 'g_stn_gpi_mult': 3.3084945357271605, 'g_gpe_gpi_mult': 0.7775781954043135}. Best is trial 402 with value: 0.2636375791971939.
[I 2026-05-28 01:46:12,955] Trial 418 finished with value: 1.7480720849899836 and parameters: {'ISTN': 72.12780931743133, 'I_gpe': 0.7568341035201129, 'I_gpi': 1.8691870244896007, 'noise_stn_sigma': 4.7673084825595655, 'noise_gpe_sigma': 92.38588595822796, 'noise_gpi_sigma': 143.32862525760322, 'g_stn_gpe_mult': 2.4899873015215697, 'g_gpe_stn_mult': 0.16354247901237556, 'g_stn_gpi_mult': 3.4280113440247884, 'g_gpe_gpi_mult': 0.7233621580992446}. Best is trial 402 with value: 0.2636375791971939.
[I 2026-05-28 01:46:13,962] Trial 419 finished with value: 0.20241380359463815 and parameters: {'ISTN': 61.09689623184835, 'I_gpe': 1.1447286793242197, 'I_gpi': 1.909812726401546, 'noise_stn_sigma': 5.407695217652421, 'noise_gpe_sigma': 77.51456588217826, 'noise_gpi_sigma': 131.46662452100824, 'g_stn_gpe_mult': 2.4080683529453037, 'g_gpe_stn_mult': 0.1108896883381842, 'g_stn_gpi_mult': 3.5138467570860055, 'g_gpe_gpi_mult': 0.6338863188158952}. Best is trial 419 with value: 0.20241380359463815.
[I 2026-05-28 01:46:14,972] Trial 420 finished with value: 1.141707443677534 and parameters: {'ISTN': 63.877742576773656, 'I_gpe': 0.6535712564975205, 'I_gpi': 2.0707488604887034, 'noise_stn_sigma': 4.992508478174324, 'noise_gpe_sigma': 81.31895380872938, 'noise_gpi_sigma': 128.57109018057162, 'g_stn_gpe_mult': 2.1423418076702427, 'g_gpe_stn_mult': 0.1364536053845426, 'g_stn_gpi_mult': 3.1468789172196514, 'g_gpe_gpi_mult': 0.7692439422569177}. Best is trial 419 with value: 0.20241380359463815.
[I 2026-05-28 01:46:15,982] Trial 421 finished with value: 0.7185858829794588 and parameters: {'ISTN': 63.96149124283092, 'I_gpe': 0.8320437671105965, 'I_gpi': 1.949091593972347, 'noise_stn_sigma': 4.6230089598858495, 'noise_gpe_sigma': 86.20736196183226, 'noise_gpi_sigma': 130.80303890130403, 'g_stn_gpe_mult': 2.648662262106126, 'g_gpe_stn_mult': 0.1276916639693868, 'g_stn_gpi_mult': 3.7739160493116546, 'g_gpe_gpi_mult': 0.80769137063272}. Best is trial 419 with value: 0.20241380359463815.
[I 2026-05-28 01:46:16,990] Trial 422 finished with value: 0.5216065980413938 and parameters: {'ISTN': 64.24443957354985, 'I_gpe': 1.3029072230696035, 'I_gpi': 2.0562214528667413, 'noise_stn_sigma': 5.769636063383544, 'noise_gpe_sigma': 85.47273890589838, 'noise_gpi_sigma': 119.06857517520734, 'g_stn_gpe_mult': 2.519261944640604, 'g_gpe_stn_mult': 0.14703731685296453, 'g_stn_gpi_mult': 3.4240699074826897, 'g_gpe_gpi_mult': 0.7279717369494876}. Best is trial 419 with value: 0.20241380359463815.
[I 2026-05-28 01:46:17,996] Trial 423 finished with value: 1.8416328871257819 and parameters: {'ISTN': 63.18386246230519, 'I_gpe': 1.082530441064786, 'I_gpi': 1.8137724605243948, 'noise_stn_sigma': 5.629163482257388, 'noise_gpe_sigma': 82.7538362268881, 'noise_gpi_sigma': 126.89884020729059, 'g_stn_gpe_mult': 2.2258501637271046, 'g_gpe_stn_mult': 0.2089449772718742, 'g_stn_gpi_mult': 3.529812920464534, 'g_gpe_gpi_mult': 0.7331394936842786}. Best is trial 419 with value: 0.20241380359463815.
[I 2026-05-28 01:46:19,005] Trial 424 finished with value: 2.2673324120726575 and parameters: {'ISTN': 71.73384127093931, 'I_gpe': 1.0118886397031388, 'I_gpi': 1.7917885031616312, 'noise_stn_sigma': 6.107947602621336, 'noise_gpe_sigma': 89.70299620537733, 'noise_gpi_sigma': 139.79998064967882, 'g_stn_gpe_mult': 2.6861725961670126, 'g_gpe_stn_mult': 0.19368997207228714, 'g_stn_gpi_mult': 3.170225310407197, 'g_gpe_gpi_mult': 0.6563645302323808}. Best is trial 419 with value: 0.20241380359463815.
[I 2026-05-28 01:46:20,014] Trial 425 finished with value: 0.5139369225127272 and parameters: {'ISTN': 61.967808291116526, 'I_gpe': 0.7186933548879324, 'I_gpi': 1.6588094078982567, 'noise_stn_sigma': 5.776617796969039, 'noise_gpe_sigma': 83.78797827121704, 'noise_gpi_sigma': 138.00821469113563, 'g_stn_gpe_mult': 2.4802978448696056, 'g_gpe_stn_mult': 0.19774835686536568, 'g_stn_gpi_mult': 3.2526804795719926, 'g_gpe_gpi_mult': 0.8209591131112446}. Best is trial 419 with value: 0.20241380359463815.
[I 2026-05-28 01:46:21,022] Trial 426 finished with value: 0.46774108214840315 and parameters: {'ISTN': 61.87537521771325, 'I_gpe': 1.1790281267614129, 'I_gpi': 2.1417852593420674, 'noise_stn_sigma': 4.828155825507684, 'noise_gpe_sigma': 78.66079135398223, 'noise_gpi_sigma': 114.93512088366484, 'g_stn_gpe_mult': 2.3849914893837494, 'g_gpe_stn_mult': 0.1889361988479863, 'g_stn_gpi_mult': 3.5023097493749495, 'g_gpe_gpi_mult': 0.726068309009668}. Best is trial 419 with value: 0.20241380359463815.
[I 2026-05-28 01:46:22,030] Trial 427 finished with value: 0.5412534421467343 and parameters: {'ISTN': 62.19234528840619, 'I_gpe': 1.0289305120985472, 'I_gpi': 1.9750069241066146, 'noise_stn_sigma': 5.22380175428091, 'noise_gpe_sigma': 73.73346018019285, 'noise_gpi_sigma': 137.79394475303212, 'g_stn_gpe_mult': 2.2201442668765576, 'g_gpe_stn_mult': 0.1264342852265481, 'g_stn_gpi_mult': 3.2475311126271493, 'g_gpe_gpi_mult': 0.7124952964255817}. Best is trial 419 with value: 0.20241380359463815.
[I 2026-05-28 01:46:23,038] Trial 428 finished with value: 1.3861326498979722 and parameters: {'ISTN': 64.692132589832, 'I_gpe': 0.7339038432028937, 'I_gpi': 2.242302765183817, 'noise_stn_sigma': 6.359128759818026, 'noise_gpe_sigma': 91.36519743100236, 'noise_gpi_sigma': 108.31000839449267, 'g_stn_gpe_mult': 3.0801767919822423, 'g_gpe_stn_mult': 0.11050706064057582, 'g_stn_gpi_mult': 3.0053692950081476, 'g_gpe_gpi_mult': 0.6661793103101059}. Best is trial 419 with value: 0.20241380359463815.
[I 2026-05-28 01:46:24,049] Trial 429 finished with value: 1.3042875579230229 and parameters: {'ISTN': 64.39582138958345, 'I_gpe': 1.0104652929619147, 'I_gpi': 2.317928266877823, 'noise_stn_sigma': 5.3802784689560275, 'noise_gpe_sigma': 77.18646544926239, 'noise_gpi_sigma': 126.1999311414337, 'g_stn_gpe_mult': 2.543725631366331, 'g_gpe_stn_mult': 0.12603572901113816, 'g_stn_gpi_mult': 3.3912034073905946, 'g_gpe_gpi_mult': 0.7088785704362437}. Best is trial 419 with value: 0.20241380359463815.
[I 2026-05-28 01:46:25,058] Trial 430 finished with value: 0.3636215628891603 and parameters: {'ISTN': 61.76888896315556, 'I_gpe': 1.0896181171581474, 'I_gpi': 1.9115941614980683, 'noise_stn_sigma': 4.926123083819585, 'noise_gpe_sigma': 81.58699436493872, 'noise_gpi_sigma': 128.46375421918196, 'g_stn_gpe_mult': 2.3341759348346702, 'g_gpe_stn_mult': 0.18275962086097125, 'g_stn_gpi_mult': 3.40961058007409, 'g_gpe_gpi_mult': 0.7305885088644637}. Best is trial 419 with value: 0.20241380359463815.
[I 2026-05-28 01:46:26,069] Trial 431 finished with value: 0.9626018836839801 and parameters: {'ISTN': 76.39396689310959, 'I_gpe': 0.8830955463908599, 'I_gpi': 1.843109508070421, 'noise_stn_sigma': 5.80531427828546, 'noise_gpe_sigma': 88.24200820716058, 'noise_gpi_sigma': 130.14681882886958, 'g_stn_gpe_mult': 2.125699912970749, 'g_gpe_stn_mult': 0.19219920800902565, 'g_stn_gpi_mult': 3.4134139394090495, 'g_gpe_gpi_mult': 0.613051746283555}. Best is trial 419 with value: 0.20241380359463815.
[I 2026-05-28 01:46:27,078] Trial 432 finished with value: 1.1787622932143165 and parameters: {'ISTN': 60.814332344419604, 'I_gpe': 1.0228296689604814, 'I_gpi': 1.6984287533593108, 'noise_stn_sigma': 4.651028726742961, 'noise_gpe_sigma': 81.53879162372124, 'noise_gpi_sigma': 135.0057875322791, 'g_stn_gpe_mult': 2.059518769928582, 'g_gpe_stn_mult': 0.16791794032699917, 'g_stn_gpi_mult': 3.6421113758523305, 'g_gpe_gpi_mult': 0.7763152692467841}. Best is trial 419 with value: 0.20241380359463815.
[I 2026-05-28 01:46:28,088] Trial 433 finished with value: 0.9372682722086427 and parameters: {'ISTN': 62.08960902991582, 'I_gpe': 1.1648761987286087, 'I_gpi': 1.9533245112464341, 'noise_stn_sigma': 4.317305568272055, 'noise_gpe_sigma': 75.82637009128973, 'noise_gpi_sigma': 140.18450219566762, 'g_stn_gpe_mult': 2.4777613032580685, 'g_gpe_stn_mult': 0.15915413547325863, 'g_stn_gpi_mult': 3.451854539701262, 'g_gpe_gpi_mult': 0.8629652930959555}. Best is trial 419 with value: 0.20241380359463815.
[I 2026-05-28 01:46:29,100] Trial 434 finished with value: 1.6208673349581313 and parameters: {'ISTN': 66.97480833131256, 'I_gpe': 1.2018849671272398, 'I_gpi': 1.8539388410400184, 'noise_stn_sigma': 4.992656247055015, 'noise_gpe_sigma': 85.73945219553583, 'noise_gpi_sigma': 130.10319837504497, 'g_stn_gpe_mult': 2.8549712466915893, 'g_gpe_stn_mult': 0.15356674687781935, 'g_stn_gpi_mult': 3.27735573992104, 'g_gpe_gpi_mult': 0.6765369090385178}. Best is trial 419 with value: 0.20241380359463815.
[I 2026-05-28 01:46:30,106] Trial 435 finished with value: 1.4037676073642689 and parameters: {'ISTN': 61.31671770982997, 'I_gpe': 1.180493500772163, 'I_gpi': 2.0456578951648785, 'noise_stn_sigma': 6.095481630349008, 'noise_gpe_sigma': 84.73615732516787, 'noise_gpi_sigma': 103.1477397297493, 'g_stn_gpe_mult': 2.0756786675685808, 'g_gpe_stn_mult': 0.1807963518174852, 'g_stn_gpi_mult': 3.1864152212491867, 'g_gpe_gpi_mult': 0.6018712061157347}. Best is trial 419 with value: 0.20241380359463815.
[I 2026-05-28 01:46:31,112] Trial 436 finished with value: 0.2883104774891282 and parameters: {'ISTN': 63.03550751652161, 'I_gpe': 1.112666957853076, 'I_gpi': 2.099464727201772, 'noise_stn_sigma': 4.603875009635541, 'noise_gpe_sigma': 79.95856908642646, 'noise_gpi_sigma': 130.75476695520473, 'g_stn_gpe_mult': 2.6664295620520173, 'g_gpe_stn_mult': 0.11827726326284341, 'g_stn_gpi_mult': 3.6490765102146603, 'g_gpe_gpi_mult': 0.6717093038291206}. Best is trial 419 with value: 0.20241380359463815.
[I 2026-05-28 01:46:32,119] Trial 437 finished with value: 0.9411673399400613 and parameters: {'ISTN': 61.01863472895622, 'I_gpe': 1.1689732080847506, 'I_gpi': 1.878962892542564, 'noise_stn_sigma': 4.500170956875677, 'noise_gpe_sigma': 84.49191410612947, 'noise_gpi_sigma': 123.71768381146715, 'g_stn_gpe_mult': 2.5280992447303694, 'g_gpe_stn_mult': 0.16649714477521618, 'g_stn_gpi_mult': 3.618298133101195, 'g_gpe_gpi_mult': 0.7789029327297956}. Best is trial 419 with value: 0.20241380359463815.
[I 2026-05-28 01:46:33,126] Trial 438 finished with value: 1.511470374440677 and parameters: {'ISTN': 67.42237156266174, 'I_gpe': 0.9106971309410941, 'I_gpi': 1.7698688926539163, 'noise_stn_sigma': 5.32460459120141, 'noise_gpe_sigma': 85.59900287921981, 'noise_gpi_sigma': 119.68403719263962, 'g_stn_gpe_mult': 2.0158395914501495, 'g_gpe_stn_mult': 0.17197413591296923, 'g_stn_gpi_mult': 3.367443477935754, 'g_gpe_gpi_mult': 0.7346740878472524}. Best is trial 419 with value: 0.20241380359463815.
[I 2026-05-28 01:46:34,135] Trial 439 finished with value: 0.9347721686710562 and parameters: {'ISTN': 63.49192902178275, 'I_gpe': 1.3315561398600106, 'I_gpi': 1.754485047908671, 'noise_stn_sigma': 4.881379803858202, 'noise_gpe_sigma': 82.54183535736885, 'noise_gpi_sigma': 119.19830591088883, 'g_stn_gpe_mult': 2.524708316279354, 'g_gpe_stn_mult': 0.12833452780136403, 'g_stn_gpi_mult': 3.4549737985896756, 'g_gpe_gpi_mult': 0.710361565224505}. Best is trial 419 with value: 0.20241380359463815.
