[I 2026-05-28 02:26:26,084] Trial 792 finished with value: 0.430514044210039 and parameters: {'ISTN': 60.9588704172012, 'I_gpe': 1.3442452085022365, 'I_gpi': 2.0210635448249628, 'noise_stn_sigma': 7.56003934524169, 'noise_gpe_sigma': 124.07645982389434, 'noise_gpi_sigma': 87.90206619917691, 'g_stn_gpe_mult': 2.9835634876303057, 'g_gpe_stn_mult': 0.10658084704710316, 'g_stn_gpi_mult': 2.4845115085201814, 'g_gpe_gpi_mult': 0.921292897054685}. Best is trial 792 with value: 0.430514044210039.
[I 2026-05-28 02:26:27,092] Trial 793 finished with value: 0.4739909965258931 and parameters: {'ISTN': 60.876390415131915, 'I_gpe': 1.3771622017522012, 'I_gpi': 2.1590645411170044, 'noise_stn_sigma': 6.504492258831485, 'noise_gpe_sigma': 122.49141277005845, 'noise_gpi_sigma': 97.99802111450836, 'g_stn_gpe_mult': 2.7889618840877537, 'g_gpe_stn_mult': 0.12318813961760756, 'g_stn_gpi_mult': 2.2604886951857637, 'g_gpe_gpi_mult': 0.8854671825331113}. Best is trial 792 with value: 0.430514044210039.
[I 2026-05-28 02:26:28,100] Trial 794 finished with value: 0.4460565866255375 and parameters: {'ISTN': 60.85619505676584, 'I_gpe': 1.2521430775371236, 'I_gpi': 2.0249597127417474, 'noise_stn_sigma': 7.405918505466855, 'noise_gpe_sigma': 118.72695108211248, 'noise_gpi_sigma': 91.14625438660246, 'g_stn_gpe_mult': 2.931867428741411, 'g_gpe_stn_mult': 0.12021003281091386, 'g_stn_gpi_mult': 2.3988075211550703, 'g_gpe_gpi_mult': 0.8848364470685697}. Best is trial 792 with value: 0.430514044210039.
[I 2026-05-28 02:26:29,108] Trial 795 finished with value: 0.4487603872348107 and parameters: {'ISTN': 61.311444236091916, 'I_gpe': 1.3852167295805438, 'I_gpi': 2.1371982242955383, 'noise_stn_sigma': 7.407461633361025, 'noise_gpe_sigma': 124.5729901789432, 'noise_gpi_sigma': 89.36862986617824, 'g_stn_gpe_mult': 2.9409765576750426, 'g_gpe_stn_mult': 0.10215973812203277, 'g_stn_gpi_mult': 2.4760944187297, 'g_gpe_gpi_mult': 0.889017781060552}. Best is trial 792 with value: 0.430514044210039.
[I 2026-05-28 02:26:30,118] Trial 796 finished with value: 0.44753065222519917 and parameters: {'ISTN': 60.49023122070686, 'I_gpe': 1.373401963780922, 'I_gpi': 2.0926720389784146, 'noise_stn_sigma': 7.334182561021081, 'noise_gpe_sigma': 127.1871167780788, 'noise_gpi_sigma': 90.98897462648024, 'g_stn_gpe_mult': 3.0225173807698322, 'g_gpe_stn_mult': 0.11961374557403631, 'g_stn_gpi_mult': 2.3366346563331075, 'g_gpe_gpi_mult': 0.8453786547142503}. Best is trial 792 with value: 0.430514044210039.
[I 2026-05-28 02:26:31,124] Trial 797 finished with value: 0.45462279967106356 and parameters: {'ISTN': 61.22525087612912, 'I_gpe': 1.405636768139105, 'I_gpi': 2.138108418864773, 'noise_stn_sigma': 6.98716031125258, 'noise_gpe_sigma': 123.49838323792805, 'noise_gpi_sigma': 91.62553848105972, 'g_stn_gpe_mult': 2.8138560079092128, 'g_gpe_stn_mult': 0.10261269327524986, 'g_stn_gpi_mult': 2.3988792793977654, 'g_gpe_gpi_mult': 0.8722219093982935}. Best is trial 792 with value: 0.430514044210039.
[I 2026-05-28 02:26:32,132] Trial 798 finished with value: 0.49084515991370864 and parameters: {'ISTN': 61.52101688888873, 'I_gpe': 1.3980002066568589, 'I_gpi': 1.9946426895100515, 'noise_stn_sigma': 7.132408333538923, 'noise_gpe_sigma': 124.30315864731642, 'noise_gpi_sigma': 83.96722754942408, 'g_stn_gpe_mult': 2.836863847208018, 'g_gpe_stn_mult': 0.11998001776150577, 'g_stn_gpi_mult': 2.419061969091856, 'g_gpe_gpi_mult': 0.8054695649712518}. Best is trial 792 with value: 0.430514044210039.
[I 2026-05-28 02:26:33,140] Trial 799 finished with value: 0.4576284859368788 and parameters: {'ISTN': 60.37691539009206, 'I_gpe': 1.339773150919153, 'I_gpi': 2.0577996629380415, 'noise_stn_sigma': 7.261875951267179, 'noise_gpe_sigma': 120.53368434422829, 'noise_gpi_sigma': 84.7191311833395, 'g_stn_gpe_mult': 3.0115841264302565, 'g_gpe_stn_mult': 0.11410200547674143, 'g_stn_gpi_mult': 2.4248428231909305, 'g_gpe_gpi_mult': 0.8397992160583163}. Best is trial 792 with value: 0.430514044210039.
[I 2026-05-28 02:26:34,147] Trial 800 finished with value: 0.42997403842939597 and parameters: {'ISTN': 60.70745474812823, 'I_gpe': 1.3816427315681954, 'I_gpi': 1.9575786358989926, 'noise_stn_sigma': 7.852718618008831, 'noise_gpe_sigma': 122.58363510426501, 'noise_gpi_sigma': 88.94017659628838, 'g_stn_gpe_mult': 3.1226989165126446, 'g_gpe_stn_mult': 0.10118302825713658, 'g_stn_gpi_mult': 2.4010014635874284, 'g_gpe_gpi_mult': 0.904377065740807}. Best is trial 800 with value: 0.42997403842939597.
[I 2026-05-28 02:26:35,156] Trial 801 finished with value: 0.4503975437371112 and parameters: {'ISTN': 60.41526400433022, 'I_gpe': 1.341173598103424, 'I_gpi': 2.055015474929224, 'noise_stn_sigma': 6.886939704380266, 'noise_gpe_sigma': 122.44277672967353, 'noise_gpi_sigma': 87.71679865116492, 'g_stn_gpe_mult': 2.934439335673571, 'g_gpe_stn_mult': 0.12189056736738597, 'g_stn_gpi_mult': 2.4537551267903175, 'g_gpe_gpi_mult': 0.8864059068156176}. Best is trial 800 with value: 0.42997403842939597.
[I 2026-05-28 02:26:36,164] Trial 802 finished with value: 0.4485595833705475 and parameters: {'ISTN': 60.73122237089744, 'I_gpe': 1.3978062287603077, 'I_gpi': 2.157829372413354, 'noise_stn_sigma': 7.5924538787763725, 'noise_gpe_sigma': 129.1281437084923, 'noise_gpi_sigma': 89.43129912160212, 'g_stn_gpe_mult': 3.0448936585045145, 'g_gpe_stn_mult': 0.1012021179859842, 'g_stn_gpi_mult': 2.3861027323729687, 'g_gpe_gpi_mult': 0.9114740474320036}. Best is trial 800 with value: 0.42997403842939597.
[I 2026-05-28 02:26:37,169] Trial 803 finished with value: 0.45407719897740856 and parameters: {'ISTN': 60.45875206883491, 'I_gpe': 1.4211025425346062, 'I_gpi': 2.05436843407188, 'noise_stn_sigma': 7.51296416058779, 'noise_gpe_sigma': 127.00276146479655, 'noise_gpi_sigma': 91.87057879736925, 'g_stn_gpe_mult': 3.0005324337322223, 'g_gpe_stn_mult': 0.12147789071954446, 'g_stn_gpi_mult': 2.334170318716848, 'g_gpe_gpi_mult': 0.9311285721445666}. Best is trial 800 with value: 0.42997403842939597.
[I 2026-05-28 02:26:38,177] Trial 804 finished with value: 0.4585006981171838 and parameters: {'ISTN': 60.88820680196903, 'I_gpe': 1.3844589793592887, 'I_gpi': 1.9229820613398974, 'noise_stn_sigma': 7.140756698728495, 'noise_gpe_sigma': 122.71310617743009, 'noise_gpi_sigma': 87.45904121018741, 'g_stn_gpe_mult': 2.94198092228734, 'g_gpe_stn_mult': 0.12397121955751113, 'g_stn_gpi_mult': 2.5188502666890726, 'g_gpe_gpi_mult': 0.9042928205659}. Best is trial 800 with value: 0.42997403842939597.
[I 2026-05-28 02:26:39,185] Trial 805 finished with value: 0.8682653177512301 and parameters: {'ISTN': 60.769503220011366, 'I_gpe': 1.3666238095673962, 'I_gpi': 1.81199446388565, 'noise_stn_sigma': 7.483253991998089, 'noise_gpe_sigma': 114.8594623784225, 'noise_gpi_sigma': 89.59504319909422, 'g_stn_gpe_mult': 3.1267112156227492, 'g_gpe_stn_mult': 0.1386860712199876, 'g_stn_gpi_mult': 2.5515873872773347, 'g_gpe_gpi_mult': 0.9574029785947946}. Best is trial 800 with value: 0.42997403842939597.
[I 2026-05-28 02:26:40,195] Trial 806 finished with value: 0.44739421040114535 and parameters: {'ISTN': 60.72311969099387, 'I_gpe': 1.3755086579353102, 'I_gpi': 2.1473780361652497, 'noise_stn_sigma': 7.559796303904048, 'noise_gpe_sigma': 123.44639921947923, 'noise_gpi_sigma': 84.94939833053014, 'g_stn_gpe_mult': 2.9664053835338073, 'g_gpe_stn_mult': 0.10855960178847864, 'g_stn_gpi_mult': 2.4957598253174327, 'g_gpe_gpi_mult': 0.8667367497270191}. Best is trial 800 with value: 0.42997403842939597.
[I 2026-05-28 02:26:41,202] Trial 807 finished with value: 0.4278612115180545 and parameters: {'ISTN': 61.30758972595559, 'I_gpe': 1.3406563033753294, 'I_gpi': 2.0063189104096315, 'noise_stn_sigma': 7.880729808917813, 'noise_gpe_sigma': 123.58972850972005, 'noise_gpi_sigma': 87.44563256128365, 'g_stn_gpe_mult': 3.099151975743647, 'g_gpe_stn_mult': 0.1007362073470313, 'g_stn_gpi_mult': 2.358213686885613, 'g_gpe_gpi_mult': 0.9087361522913744}. Best is trial 807 with value: 0.4278612115180545.
[I 2026-05-28 02:26:42,212] Trial 808 finished with value: 0.442909148330255 and parameters: {'ISTN': 60.90774560414925, 'I_gpe': 1.303507697823902, 'I_gpi': 1.9294114849591157, 'noise_stn_sigma': 7.4471969818418255, 'noise_gpe_sigma': 124.74920743797594, 'noise_gpi_sigma': 90.9847649063159, 'g_stn_gpe_mult': 3.1727656603226437, 'g_gpe_stn_mult': 0.10950158844893366, 'g_stn_gpi_mult': 2.4914679218119296, 'g_gpe_gpi_mult': 0.8901280535325298}. Best is trial 807 with value: 0.4278612115180545.
[I 2026-05-28 02:26:43,223] Trial 809 finished with value: 0.7174501328794979 and parameters: {'ISTN': 60.59479950610155, 'I_gpe': 1.4310360423805577, 'I_gpi': 2.0018907084960884, 'noise_stn_sigma': 7.92195492599927, 'noise_gpe_sigma': 121.10646348945176, 'noise_gpi_sigma': 88.47009201476608, 'g_stn_gpe_mult': 3.1058188783132716, 'g_gpe_stn_mult': 0.13707263235029157, 'g_stn_gpi_mult': 2.3073156283577774, 'g_gpe_gpi_mult': 0.879023171189435}. Best is trial 807 with value: 0.4278612115180545.
[I 2026-05-28 02:26:44,232] Trial 810 finished with value: 0.4468256399745548 and parameters: {'ISTN': 60.70765074024606, 'I_gpe': 1.3781436672241174, 'I_gpi': 2.10127349186153, 'noise_stn_sigma': 7.655905482249547, 'noise_gpe_sigma': 117.62861745645905, 'noise_gpi_sigma': 89.21675567907317, 'g_stn_gpe_mult': 3.1224161067491214, 'g_gpe_stn_mult': 0.10435455624622841, 'g_stn_gpi_mult': 2.345005246268536, 'g_gpe_gpi_mult': 0.8766488055208448}. Best is trial 807 with value: 0.4278612115180545.
[I 2026-05-28 02:26:45,242] Trial 811 finished with value: 0.45344477679312983 and parameters: {'ISTN': 60.94310723229369, 'I_gpe': 1.3150260327595318, 'I_gpi': 2.1846074493959904, 'noise_stn_sigma': 7.244288797644843, 'noise_gpe_sigma': 121.91262319631164, 'noise_gpi_sigma': 91.90672217510722, 'g_stn_gpe_mult': 3.1630485193637323, 'g_gpe_stn_mult': 0.10597783898622776, 'g_stn_gpi_mult': 2.4550874534695613, 'g_gpe_gpi_mult': 0.9333438720052274}. Best is trial 807 with value: 0.4278612115180545.
[I 2026-05-28 02:26:46,250] Trial 812 finished with value: 0.4463836852831868 and parameters: {'ISTN': 61.407274851048186, 'I_gpe': 1.3454974064571497, 'I_gpi': 1.9531753542773116, 'noise_stn_sigma': 7.190492326660492, 'noise_gpe_sigma': 121.39978256362366, 'noise_gpi_sigma': 83.15138959240494, 'g_stn_gpe_mult': 2.8639467118027326, 'g_gpe_stn_mult': 0.10126003054617438, 'g_stn_gpi_mult': 2.424742877200279, 'g_gpe_gpi_mult': 0.8800237286182024}. Best is trial 807 with value: 0.4278612115180545.
[I 2026-05-28 02:26:47,258] Trial 813 finished with value: 0.4393022719789575 and parameters: {'ISTN': 60.63238567010207, 'I_gpe': 1.3279541031340618, 'I_gpi': 2.060259049606993, 'noise_stn_sigma': 7.515070606415941, 'noise_gpe_sigma': 122.64191973301209, 'noise_gpi_sigma': 83.18199695466666, 'g_stn_gpe_mult': 3.2083381364807346, 'g_gpe_stn_mult': 0.11482550779845932, 'g_stn_gpi_mult': 2.59554889610671, 'g_gpe_gpi_mult': 0.8661291361050811}. Best is trial 807 with value: 0.4278612115180545.
[I 2026-05-28 02:26:48,267] Trial 814 finished with value: 0.45291331743901725 and parameters: {'ISTN': 61.289231370285854, 'I_gpe': 1.4031842673833754, 'I_gpi': 2.108035700799134, 'noise_stn_sigma': 7.841690523064127, 'noise_gpe_sigma': 124.46990147354992, 'noise_gpi_sigma': 83.38163220175781, 'g_stn_gpe_mult': 3.21677299034368, 'g_gpe_stn_mult': 0.11168106467524902, 'g_stn_gpi_mult': 2.4934022829674714, 'g_gpe_gpi_mult': 0.859012661937175}. Best is trial 807 with value: 0.4278612115180545.
[I 2026-05-28 02:26:49,275] Trial 815 finished with value: 0.4385828834426144 and parameters: {'ISTN': 60.69335145757046, 'I_gpe': 1.357719833012753, 'I_gpi': 2.063568197163939, 'noise_stn_sigma': 7.652842053576394, 'noise_gpe_sigma': 123.92229781990025, 'noise_gpi_sigma': 86.2536120421532, 'g_stn_gpe_mult': 3.130798207789257, 'g_gpe_stn_mult': 0.10065116630231209, 'g_stn_gpi_mult': 2.3000248007714243, 'g_gpe_gpi_mult': 0.898981809426233}. Best is trial 807 with value: 0.4278612115180545.
[I 2026-05-28 02:26:50,284] Trial 816 finished with value: 0.5037978438475946 and parameters: {'ISTN': 61.71536252929775, 'I_gpe': 1.2237338285441344, 'I_gpi': 1.9184465522624436, 'noise_stn_sigma': 6.938346485109764, 'noise_gpe_sigma': 117.7911164090685, 'noise_gpi_sigma': 83.83663340185424, 'g_stn_gpe_mult': 2.904638410792124, 'g_gpe_stn_mult': 0.10637965507587648, 'g_stn_gpi_mult': 2.4359601183320763, 'g_gpe_gpi_mult': 0.8872917502226081}. Best is trial 807 with value: 0.4278612115180545.
[I 2026-05-28 02:26:51,290] Trial 817 finished with value: 0.538700920315964 and parameters: {'ISTN': 61.29470801498142, 'I_gpe': 1.41958929954686, 'I_gpi': 2.0486007227469556, 'noise_stn_sigma': 7.52357178183869, 'noise_gpe_sigma': 122.99578016726447, 'noise_gpi_sigma': 89.09590628436592, 'g_stn_gpe_mult': 3.1585604628541883, 'g_gpe_stn_mult': 0.10724948910618631, 'g_stn_gpi_mult': 2.342119165137018, 'g_gpe_gpi_mult': 0.8643334254148209}. Best is trial 807 with value: 0.4278612115180545.
[I 2026-05-28 02:26:52,297] Trial 818 finished with value: 0.4844532913954943 and parameters: {'ISTN': 62.020834966040276, 'I_gpe': 1.4130821959704711, 'I_gpi': 1.945592177044432, 'noise_stn_sigma': 7.217033506557187, 'noise_gpe_sigma': 117.96610026955355, 'noise_gpi_sigma': 94.51340868273562, 'g_stn_gpe_mult': 3.1959319655321554, 'g_gpe_stn_mult': 0.1128449337108868, 'g_stn_gpi_mult': 2.424325153241945, 'g_gpe_gpi_mult': 0.9302203880834243}. Best is trial 807 with value: 0.4278612115180545.
[I 2026-05-28 02:26:53,305] Trial 819 finished with value: 0.47619443095535635 and parameters: {'ISTN': 61.141840163617125, 'I_gpe': 1.287223428103502, 'I_gpi': 1.9424954016168139, 'noise_stn_sigma': 7.871520932425585, 'noise_gpe_sigma': 119.75249055170381, 'noise_gpi_sigma': 86.08609912326204, 'g_stn_gpe_mult': 3.1740524679740174, 'g_gpe_stn_mult': 0.12259274147748922, 'g_stn_gpi_mult': 2.521539386353904, 'g_gpe_gpi_mult': 0.9114594514922787}. Best is trial 807 with value: 0.4278612115180545.
[I 2026-05-28 02:26:54,314] Trial 820 finished with value: 0.44513690873930434 and parameters: {'ISTN': 61.51815748266337, 'I_gpe': 1.2412270471668678, 'I_gpi': 2.100112960305823, 'noise_stn_sigma': 7.547883101898389, 'noise_gpe_sigma': 129.94012907870342, 'noise_gpi_sigma': 93.63105365529825, 'g_stn_gpe_mult': 3.1711207756907793, 'g_gpe_stn_mult': 0.1062390066148105, 'g_stn_gpi_mult': 2.376891415401732, 'g_gpe_gpi_mult': 0.8887797310055496}. Best is trial 807 with value: 0.4278612115180545.
[I 2026-05-28 02:26:55,325] Trial 821 finished with value: 0.43024826626383805 and parameters: {'ISTN': 60.16641126703573, 'I_gpe': 1.257525424072658, 'I_gpi': 2.07280943790134, 'noise_stn_sigma': 7.560366176765913, 'noise_gpe_sigma': 124.86238936714085, 'noise_gpi_sigma': 93.09459101982486, 'g_stn_gpe_mult': 3.2593137610191527, 'g_gpe_stn_mult': 0.1193029967706383, 'g_stn_gpi_mult': 2.3942089047727206, 'g_gpe_gpi_mult': 0.8993379124849448}. Best is trial 807 with value: 0.4278612115180545.
[I 2026-05-28 02:26:56,333] Trial 822 finished with value: 0.4456734243185634 and parameters: {'ISTN': 61.302224481038984, 'I_gpe': 1.3344065081052827, 'I_gpi': 2.1914791261407434, 'noise_stn_sigma': 7.352083244208635, 'noise_gpe_sigma': 120.23786426298734, 'noise_gpi_sigma': 86.89125334492788, 'g_stn_gpe_mult': 3.340756848308185, 'g_gpe_stn_mult': 0.1047486282341798, 'g_stn_gpi_mult': 2.4421340668486478, 'g_gpe_gpi_mult': 0.8855719909424657}. Best is trial 807 with value: 0.4278612115180545.
[I 2026-05-28 02:26:57,342] Trial 823 finished with value: 0.4560817669788701 and parameters: {'ISTN': 61.82909134095602, 'I_gpe': 1.2745416061843537, 'I_gpi': 1.946605787106002, 'noise_stn_sigma': 7.615467035424841, 'noise_gpe_sigma': 121.84307474421814, 'noise_gpi_sigma': 86.94540679021408, 'g_stn_gpe_mult': 2.994278506637176, 'g_gpe_stn_mult': 0.11184438039480758, 'g_stn_gpi_mult': 2.4971779604183295, 'g_gpe_gpi_mult': 0.887738492537079}. Best is trial 807 with value: 0.4278612115180545.
[I 2026-05-28 02:26:58,351] Trial 824 finished with value: 0.45411818783359625 and parameters: {'ISTN': 61.66633905090667, 'I_gpe': 1.3027384098489434, 'I_gpi': 2.18120110921732, 'noise_stn_sigma': 7.554483275903807, 'noise_gpe_sigma': 122.30865932434975, 'noise_gpi_sigma': 91.62115884101932, 'g_stn_gpe_mult': 3.273424912614874, 'g_gpe_stn_mult': 0.11217929699180584, 'g_stn_gpi_mult': 2.297407019561578, 'g_gpe_gpi_mult': 0.9213743444181239}. Best is trial 807 with value: 0.4278612115180545.
[I 2026-05-28 02:26:59,362] Trial 825 finished with value: 0.4528485209874434 and parameters: {'ISTN': 61.463409690942775, 'I_gpe': 1.2902376645491034, 'I_gpi': 2.1440627603948794, 'noise_stn_sigma': 7.389473317223876, 'noise_gpe_sigma': 127.61504207510518, 'noise_gpi_sigma': 93.69469147509473, 'g_stn_gpe_mult': 3.472700451520083, 'g_gpe_stn_mult': 0.10938822478533078, 'g_stn_gpi_mult': 2.3311857595769894, 'g_gpe_gpi_mult': 0.9202438213224777}. Best is trial 807 with value: 0.4278612115180545.
[I 2026-05-28 02:27:00,368] Trial 826 finished with value: 0.4918663082632898 and parameters: {'ISTN': 60.648955232413016, 'I_gpe': 1.4589702545287426, 'I_gpi': 2.233186322962057, 'noise_stn_sigma': 7.632337760886402, 'noise_gpe_sigma': 124.49675889728184, 'noise_gpi_sigma': 88.50682409703255, 'g_stn_gpe_mult': 3.285503067802131, 'g_gpe_stn_mult': 0.10032050554626339, 'g_stn_gpi_mult': 2.475633995995547, 'g_gpe_gpi_mult': 0.9021297500952901}. Best is trial 807 with value: 0.4278612115180545.
[I 2026-05-28 02:27:01,375] Trial 827 finished with value: 0.4523129602850846 and parameters: {'ISTN': 61.021506224235125, 'I_gpe': 1.2677160800875171, 'I_gpi': 2.0581083065362513, 'noise_stn_sigma': 7.224959356993566, 'noise_gpe_sigma': 128.74966126730263, 'noise_gpi_sigma': 84.01133012214174, 'g_stn_gpe_mult': 3.184337373181817, 'g_gpe_stn_mult': 0.11434393593524357, 'g_stn_gpi_mult': 2.34277332118024, 'g_gpe_gpi_mult': 0.8474622076895959}. Best is trial 807 with value: 0.4278612115180545.
[I 2026-05-28 02:27:02,384] Trial 828 finished with value: 0.44259620935145666 and parameters: {'ISTN': 60.76783925413012, 'I_gpe': 1.4420535820806144, 'I_gpi': 2.045079079161769, 'noise_stn_sigma': 7.832872713945238, 'noise_gpe_sigma': 121.02072147713741, 'noise_gpi_sigma': 85.3166027429356, 'g_stn_gpe_mult': 3.169643235494558, 'g_gpe_stn_mult': 0.10742181828368547, 'g_stn_gpi_mult': 2.4594310773397545, 'g_gpe_gpi_mult': 0.9215500271798998}. Best is trial 807 with value: 0.4278612115180545.
[I 2026-05-28 02:27:03,391] Trial 829 finished with value: 0.43994448806223896 and parameters: {'ISTN': 60.59286446466124, 'I_gpe': 1.4300936810071434, 'I_gpi': 2.089628884041451, 'noise_stn_sigma': 7.626778290595437, 'noise_gpe_sigma': 116.4653154768495, 'noise_gpi_sigma': 83.15739973766588, 'g_stn_gpe_mult': 2.970883458689993, 'g_gpe_stn_mult': 0.10013498437525427, 'g_stn_gpi_mult': 2.486461905751509, 'g_gpe_gpi_mult': 0.9036333297309274}. Best is trial 807 with value: 0.4278612115180545.
[I 2026-05-28 02:27:04,397] Trial 830 finished with value: 0.45035452801794745 and parameters: {'ISTN': 60.962728208998996, 'I_gpe': 1.2722001100051579, 'I_gpi': 2.1259469115424965, 'noise_stn_sigma': 7.1328402923498775, 'noise_gpe_sigma': 122.8630630916091, 'noise_gpi_sigma': 89.81043010671682, 'g_stn_gpe_mult': 3.0419547501986584, 'g_gpe_stn_mult': 0.10788981961056703, 'g_stn_gpi_mult': 2.2633069545440723, 'g_gpe_gpi_mult': 0.9292287485466051}. Best is trial 807 with value: 0.4278612115180545.
[I 2026-05-28 02:27:05,405] Trial 831 finished with value: 0.5028463901009255 and parameters: {'ISTN': 60.58234747742917, 'I_gpe': 1.4028389316357521, 'I_gpi': 2.2424386361539064, 'noise_stn_sigma': 7.602573371493691, 'noise_gpe_sigma': 123.52541945074732, 'noise_gpi_sigma': 85.87144671275033, 'g_stn_gpe_mult': 3.1183428649076648, 'g_gpe_stn_mult': 0.10891319805433577, 'g_stn_gpi_mult': 2.4019422856185573, 'g_gpe_gpi_mult': 0.9079299375221459}. Best is trial 807 with value: 0.4278612115180545.
[I 2026-05-28 02:27:06,413] Trial 832 finished with value: 0.4592001577099414 and parameters: {'ISTN': 60.63431877548102, 'I_gpe': 1.3905362252866544, 'I_gpi': 1.9487509062952113, 'noise_stn_sigma': 7.547467113770569, 'noise_gpe_sigma': 122.01239558623244, 'noise_gpi_sigma': 83.56284361899674, 'g_stn_gpe_mult': 3.1767554278425867, 'g_gpe_stn_mult': 0.10525111076321937, 'g_stn_gpi_mult': 2.5838567077366488, 'g_gpe_gpi_mult': 0.8438068448082703}. Best is trial 807 with value: 0.4278612115180545.
[I 2026-05-28 02:27:07,422] Trial 833 finished with value: 0.6225364631939557 and parameters: {'ISTN': 61.70351624361454, 'I_gpe': 1.321559807053161, 'I_gpi': 2.1435582196872165, 'noise_stn_sigma': 7.66391750058118, 'noise_gpe_sigma': 120.58019850896211, 'noise_gpi_sigma': 81.17368058726063, 'g_stn_gpe_mult': 3.1560415476339942, 'g_gpe_stn_mult': 0.11413919793191257, 'g_stn_gpi_mult': 2.621452793153897, 'g_gpe_gpi_mult': 0.8835020883239459}. Best is trial 807 with value: 0.4278612115180545.
[I 2026-05-28 02:27:08,431] Trial 834 finished with value: 0.4556523661825801 and parameters: {'ISTN': 60.23319745249193, 'I_gpe': 1.3444561877853967, 'I_gpi': 2.167183680934875, 'noise_stn_sigma': 7.4094302584036615, 'noise_gpe_sigma': 126.47177122845166, 'noise_gpi_sigma': 91.42105226149704, 'g_stn_gpe_mult': 3.401573176000199, 'g_gpe_stn_mult': 0.12935228071834115, 'g_stn_gpi_mult': 2.484740589683301, 'g_gpe_gpi_mult': 0.8934165857109291}. Best is trial 807 with value: 0.4278612115180545.
[I 2026-05-28 02:27:09,436] Trial 835 finished with value: 0.43220986376525433 and parameters: {'ISTN': 61.07601169475008, 'I_gpe': 1.3569750783860257, 'I_gpi': 2.1154695545543376, 'noise_stn_sigma': 7.912200609335855, 'noise_gpe_sigma': 120.747805126077, 'noise_gpi_sigma': 87.37491690094753, 'g_stn_gpe_mult': 3.250460809844773, 'g_gpe_stn_mult': 0.10767376463196257, 'g_stn_gpi_mult': 2.4137585153746013, 'g_gpe_gpi_mult': 0.8962411964224701}. Best is trial 807 with value: 0.4278612115180545.
