[I 2026-05-28 01:48:48,092] Trial 572 finished with value: 0.19930950622096347 and parameters: {'ISTN': 61.20205617260818, 'I_gpe': 0.7711444754352192, 'I_gpi': 1.8786388368003384, 'noise_stn_sigma': 2.9553126038355857, 'noise_gpe_sigma': 112.35437062455435, 'noise_gpi_sigma': 72.85073567400454, 'g_stn_gpe_mult': 3.13856462632624, 'g_gpe_stn_mult': 0.19490950339785018, 'g_stn_gpi_mult': 3.5009453838800892, 'g_gpe_gpi_mult': 0.7626901513411599}. Best is trial 543 with value: 0.1601230988558572.
[I 2026-05-28 01:48:49,104] Trial 573 finished with value: 0.17367507820386807 and parameters: {'ISTN': 60.601677716063676, 'I_gpe': 0.8793916364051491, 'I_gpi': 1.9142330304992716, 'noise_stn_sigma': 3.6363111376043205, 'noise_gpe_sigma': 109.11016998453344, 'noise_gpi_sigma': 66.97671469437978, 'g_stn_gpe_mult': 3.315961790758938, 'g_gpe_stn_mult': 0.1329112625664823, 'g_stn_gpi_mult': 3.588119829929454, 'g_gpe_gpi_mult': 0.7803622915583863}. Best is trial 543 with value: 0.1601230988558572.
[I 2026-05-28 01:48:50,114] Trial 574 finished with value: 0.393854928346692 and parameters: {'ISTN': 62.712411206734345, 'I_gpe': 1.1796533485564322, 'I_gpi': 2.1640526512669833, 'noise_stn_sigma': 2.4809105984218967, 'noise_gpe_sigma': 105.8349620968911, 'noise_gpi_sigma': 85.05453104009418, 'g_stn_gpe_mult': 3.560281280442381, 'g_gpe_stn_mult': 0.11940286309924211, 'g_stn_gpi_mult': 3.523401139955889, 'g_gpe_gpi_mult': 0.8561034931213936}. Best is trial 543 with value: 0.1601230988558572.
[I 2026-05-28 01:48:51,121] Trial 575 finished with value: 1.665161715030174 and parameters: {'ISTN': 72.1844932326163, 'I_gpe': 1.1190355733726922, 'I_gpi': 1.857463273848508, 'noise_stn_sigma': 3.4135669283529313, 'noise_gpe_sigma': 106.78987428262509, 'noise_gpi_sigma': 92.3578260990748, 'g_stn_gpe_mult': 2.894909657783873, 'g_gpe_stn_mult': 0.10860291204938535, 'g_stn_gpi_mult': 3.5495492571393434, 'g_gpe_gpi_mult': 0.7977350734486006}. Best is trial 543 with value: 0.1601230988558572.
[I 2026-05-28 01:48:52,131] Trial 576 finished with value: 0.22416309455507036 and parameters: {'ISTN': 64.72745990247716, 'I_gpe': 0.9174298746346374, 'I_gpi': 1.609842582220576, 'noise_stn_sigma': 3.4430028346766104, 'noise_gpe_sigma': 109.47872745911653, 'noise_gpi_sigma': 80.22305905775754, 'g_stn_gpe_mult': 3.5944113892294847, 'g_gpe_stn_mult': 0.16901764275099845, 'g_stn_gpi_mult': 3.3633477439759756, 'g_gpe_gpi_mult': 0.8159738508981229}. Best is trial 543 with value: 0.1601230988558572.
[I 2026-05-28 01:48:53,141] Trial 577 finished with value: 0.21650007752728456 and parameters: {'ISTN': 63.30084685600474, 'I_gpe': 1.1518132427751828, 'I_gpi': 1.9799947863151632, 'noise_stn_sigma': 4.019101603726245, 'noise_gpe_sigma': 98.81400126888916, 'noise_gpi_sigma': 94.1846505023485, 'g_stn_gpe_mult': 3.0808560766428927, 'g_gpe_stn_mult': 0.12700282571057245, 'g_stn_gpi_mult': 3.506921389928471, 'g_gpe_gpi_mult': 0.7478122695842337}. Best is trial 543 with value: 0.1601230988558572.
[I 2026-05-28 01:48:54,151] Trial 578 finished with value: 0.16199822751016338 and parameters: {'ISTN': 62.80073497914545, 'I_gpe': 1.0728786593017972, 'I_gpi': 1.6965724573864245, 'noise_stn_sigma': 3.158278476145441, 'noise_gpe_sigma': 102.69415423282142, 'noise_gpi_sigma': 84.74577453711002, 'g_stn_gpe_mult': 3.384312977187877, 'g_gpe_stn_mult': 0.1352162153824049, 'g_stn_gpi_mult': 3.8022354303593953, 'g_gpe_gpi_mult': 0.7392042626400503}. Best is trial 543 with value: 0.1601230988558572.
[I 2026-05-28 01:48:55,159] Trial 579 finished with value: 0.7631918967426037 and parameters: {'ISTN': 69.40927889238185, 'I_gpe': 0.9648887928590681, 'I_gpi': 1.9345790966787326, 'noise_stn_sigma': 3.2122177861320638, 'noise_gpe_sigma': 107.95949279000293, 'noise_gpi_sigma': 88.15964922037853, 'g_stn_gpe_mult': 3.4978663510714867, 'g_gpe_stn_mult': 0.11770708432503166, 'g_stn_gpi_mult': 3.595328362217748, 'g_gpe_gpi_mult': 0.8483903024680484}. Best is trial 543 with value: 0.1601230988558572.
[I 2026-05-28 01:48:56,165] Trial 580 finished with value: 0.153372272757649 and parameters: {'ISTN': 61.085063307085015, 'I_gpe': 1.1406906037117464, 'I_gpi': 1.9265758007525804, 'noise_stn_sigma': 2.9865639648560247, 'noise_gpe_sigma': 91.80934661374434, 'noise_gpi_sigma': 97.7281058205851, 'g_stn_gpe_mult': 3.036225382437645, 'g_gpe_stn_mult': 0.14250274171362737, 'g_stn_gpi_mult': 3.504829515891013, 'g_gpe_gpi_mult': 0.7737239531799702}. Best is trial 580 with value: 0.153372272757649.
[I 2026-05-28 01:48:57,173] Trial 581 finished with value: 0.21031121816029358 and parameters: {'ISTN': 61.45552689492998, 'I_gpe': 1.0373277072619427, 'I_gpi': 1.4517334680031926, 'noise_stn_sigma': 3.494769745667277, 'noise_gpe_sigma': 97.95659493879701, 'noise_gpi_sigma': 72.77136381961684, 'g_stn_gpe_mult': 3.490098039242749, 'g_gpe_stn_mult': 0.1539785385539273, 'g_stn_gpi_mult': 3.5916831637923954, 'g_gpe_gpi_mult': 0.7740538595944821}. Best is trial 580 with value: 0.153372272757649.
[I 2026-05-28 01:48:58,183] Trial 582 finished with value: 0.7856992381867114 and parameters: {'ISTN': 61.59248020621704, 'I_gpe': 1.2345392617874937, 'I_gpi': 2.1569512709182272, 'noise_stn_sigma': 2.5396717235003865, 'noise_gpe_sigma': 107.27878420133436, 'noise_gpi_sigma': 90.24971734285509, 'g_stn_gpe_mult': 3.3505428593155147, 'g_gpe_stn_mult': 0.11880861994488423, 'g_stn_gpi_mult': 3.6825517785480537, 'g_gpe_gpi_mult': 0.7390116821367267}. Best is trial 580 with value: 0.153372272757649.
[I 2026-05-28 01:48:59,197] Trial 583 finished with value: 0.21332979036013058 and parameters: {'ISTN': 60.73707137172485, 'I_gpe': 1.0754802034295339, 'I_gpi': 1.533436779665092, 'noise_stn_sigma': 3.204590281696614, 'noise_gpe_sigma': 95.72665875924883, 'noise_gpi_sigma': 77.06580367292577, 'g_stn_gpe_mult': 3.1810304659357214, 'g_gpe_stn_mult': 0.24498211163142253, 'g_stn_gpi_mult': 3.8367497568561424, 'g_gpe_gpi_mult': 0.798963243073139}. Best is trial 580 with value: 0.153372272757649.
[I 2026-05-28 01:49:00,206] Trial 584 finished with value: 0.16540052050503457 and parameters: {'ISTN': 61.01982103945474, 'I_gpe': 1.0977926109951945, 'I_gpi': 1.9586865638652047, 'noise_stn_sigma': 2.523253784171117, 'noise_gpe_sigma': 98.97821497260291, 'noise_gpi_sigma': 81.40138359947872, 'g_stn_gpe_mult': 3.215392416632333, 'g_gpe_stn_mult': 0.14704082869362464, 'g_stn_gpi_mult': 3.952003916381962, 'g_gpe_gpi_mult': 0.7950792233971291}. Best is trial 580 with value: 0.153372272757649.
[I 2026-05-28 01:49:01,218] Trial 585 finished with value: 2.006735065820658 and parameters: {'ISTN': 61.09474441064066, 'I_gpe': 1.042634575077872, 'I_gpi': 2.063729942027831, 'noise_stn_sigma': 3.162310845873393, 'noise_gpe_sigma': 103.16987856264727, 'noise_gpi_sigma': 70.53093560562692, 'g_stn_gpe_mult': 3.75218843575822, 'g_gpe_stn_mult': 0.11002235941149333, 'g_stn_gpi_mult': 3.9205599521848384, 'g_gpe_gpi_mult': 0.8415004333413594}. Best is trial 580 with value: 0.153372272757649.
[I 2026-05-28 01:49:02,228] Trial 586 finished with value: 0.2837161267861433 and parameters: {'ISTN': 62.28616074746882, 'I_gpe': 1.200406101963444, 'I_gpi': 1.780300231015937, 'noise_stn_sigma': 2.667644366868646, 'noise_gpe_sigma': 96.28584587356646, 'noise_gpi_sigma': 110.56793636175813, 'g_stn_gpe_mult': 3.0750045685370706, 'g_gpe_stn_mult': 0.17538763953408953, 'g_stn_gpi_mult': 3.5083335841839043, 'g_gpe_gpi_mult': 0.8305290313774771}. Best is trial 580 with value: 0.153372272757649.
[I 2026-05-28 01:49:03,238] Trial 587 finished with value: 0.2643824186297647 and parameters: {'ISTN': 60.91994742250823, 'I_gpe': 0.8580353251907957, 'I_gpi': 1.8783045052917764, 'noise_stn_sigma': 3.835639798251924, 'noise_gpe_sigma': 99.17384617811854, 'noise_gpi_sigma': 93.16668151186575, 'g_stn_gpe_mult': 3.2214582901585294, 'g_gpe_stn_mult': 0.18528780752669338, 'g_stn_gpi_mult': 3.5314488699031434, 'g_gpe_gpi_mult': 0.8263173032266129}. Best is trial 580 with value: 0.153372272757649.
[I 2026-05-28 01:49:04,248] Trial 588 finished with value: 0.19606599240361022 and parameters: {'ISTN': 62.557548828648, 'I_gpe': 1.221474591692398, 'I_gpi': 1.608371313743309, 'noise_stn_sigma': 3.170752580446369, 'noise_gpe_sigma': 89.68182874026695, 'noise_gpi_sigma': 93.62411911168199, 'g_stn_gpe_mult': 3.3175564695912905, 'g_gpe_stn_mult': 0.1931553549673375, 'g_stn_gpi_mult': 3.541773818061698, 'g_gpe_gpi_mult': 0.7967749685209657}. Best is trial 580 with value: 0.153372272757649.
[I 2026-05-28 01:49:05,257] Trial 589 finished with value: 0.17589027921139758 and parameters: {'ISTN': 64.15070298538478, 'I_gpe': 1.2161948785257772, 'I_gpi': 1.8901150613818936, 'noise_stn_sigma': 2.4678387779929474, 'noise_gpe_sigma': 105.43028383621079, 'noise_gpi_sigma': 92.76993642091627, 'g_stn_gpe_mult': 3.414987874109087, 'g_gpe_stn_mult': 0.13740577430261058, 'g_stn_gpi_mult': 3.6501622779377563, 'g_gpe_gpi_mult': 0.8089161311383299}. Best is trial 580 with value: 0.153372272757649.
[I 2026-05-28 01:49:06,265] Trial 590 finished with value: 2.294914161224136 and parameters: {'ISTN': 70.69559729721743, 'I_gpe': 0.9310553071665558, 'I_gpi': 1.5273278494120737, 'noise_stn_sigma': 4.154993960386047, 'noise_gpe_sigma': 101.484461896641, 'noise_gpi_sigma': 92.70681027533298, 'g_stn_gpe_mult': 3.1196950245823425, 'g_gpe_stn_mult': 0.20727500572801028, 'g_stn_gpi_mult': 3.8470545704553833, 'g_gpe_gpi_mult': 0.6710695563637697}. Best is trial 580 with value: 0.153372272757649.
[I 2026-05-28 01:49:07,273] Trial 591 finished with value: 0.22056392749821202 and parameters: {'ISTN': 62.50901004310564, 'I_gpe': 1.08116266270754, 'I_gpi': 1.6029217172502581, 'noise_stn_sigma': 3.4232981757579677, 'noise_gpe_sigma': 94.50026377092185, 'noise_gpi_sigma': 89.74722787550465, 'g_stn_gpe_mult': 3.5089835225917327, 'g_gpe_stn_mult': 0.2180939821622227, 'g_stn_gpi_mult': 3.9626587980123436, 'g_gpe_gpi_mult': 0.8200655117245834}. Best is trial 580 with value: 0.153372272757649.
[I 2026-05-28 01:49:08,282] Trial 592 finished with value: 0.21360541700919203 and parameters: {'ISTN': 66.0413905625046, 'I_gpe': 1.0166352431217494, 'I_gpi': 1.6275290192142438, 'noise_stn_sigma': 3.2080571674228766, 'noise_gpe_sigma': 93.2564960569566, 'noise_gpi_sigma': 77.92235239975432, 'g_stn_gpe_mult': 3.1885503826281063, 'g_gpe_stn_mult': 0.14021398225559842, 'g_stn_gpi_mult': 3.394367794443786, 'g_gpe_gpi_mult': 0.7611811290655663}. Best is trial 580 with value: 0.153372272757649.
[I 2026-05-28 01:49:09,289] Trial 593 finished with value: 0.1641426378894593 and parameters: {'ISTN': 62.21659682333855, 'I_gpe': 1.2943659117684478, 'I_gpi': 1.888455850022432, 'noise_stn_sigma': 2.6202167199841657, 'noise_gpe_sigma': 96.1959570034203, 'noise_gpi_sigma': 73.09584987060218, 'g_stn_gpe_mult': 3.6551305814955284, 'g_gpe_stn_mult': 0.14781130498538356, 'g_stn_gpi_mult': 3.7066543930208704, 'g_gpe_gpi_mult': 0.8455873564507452}. Best is trial 580 with value: 0.153372272757649.
[I 2026-05-28 01:49:10,301] Trial 594 finished with value: 0.2243318114076172 and parameters: {'ISTN': 66.35195946168288, 'I_gpe': 1.0389655953065653, 'I_gpi': 2.0885177021023376, 'noise_stn_sigma': 2.7282076910342328, 'noise_gpe_sigma': 102.65315374272923, 'noise_gpi_sigma': 75.76525024488723, 'g_stn_gpe_mult': 3.2020864688502906, 'g_gpe_stn_mult': 0.12135654091597783, 'g_stn_gpi_mult': 3.8710052060958624, 'g_gpe_gpi_mult': 0.7956974491706921}. Best is trial 580 with value: 0.153372272757649.
[I 2026-05-28 01:49:11,249] Trial 595 finished with value: 1000000.0 and parameters: {'ISTN': 64.16868232331083, 'I_gpe': 0.9276529117039521, 'I_gpi': 1.8162386010937257, 'noise_stn_sigma': 2.92061339705994, 'noise_gpe_sigma': 100.35126225513092, 'noise_gpi_sigma': 103.95777616774468, 'g_stn_gpe_mult': 3.128632572466824, 'g_gpe_stn_mult': 0.1448971205327126, 'g_stn_gpi_mult': 3.701463325093852, 'g_gpe_gpi_mult': 0.767918455664919}. Best is trial 580 with value: 0.153372272757649.
[I 2026-05-28 01:49:12,257] Trial 596 finished with value: 0.2790834892663504 and parameters: {'ISTN': 60.02636197679731, 'I_gpe': 1.1056155388339648, 'I_gpi': 1.850925889739365, 'noise_stn_sigma': 2.9062659340859502, 'noise_gpe_sigma': 100.87809263316913, 'noise_gpi_sigma': 90.02554087639201, 'g_stn_gpe_mult': 3.1370362304705797, 'g_gpe_stn_mult': 0.15646056659173863, 'g_stn_gpi_mult': 3.5770670749079736, 'g_gpe_gpi_mult': 0.879951690395032}. Best is trial 580 with value: 0.153372272757649.
[I 2026-05-28 01:49:13,266] Trial 597 finished with value: 0.16426231341957617 and parameters: {'ISTN': 62.99824279840579, 'I_gpe': 1.2679027066568627, 'I_gpi': 1.8581654240178633, 'noise_stn_sigma': 2.535091428286805, 'noise_gpe_sigma': 92.45155926930664, 'noise_gpi_sigma': 83.63680404468286, 'g_stn_gpe_mult': 2.634685135498599, 'g_gpe_stn_mult': 0.14257040752557376, 'g_stn_gpi_mult': 3.596322917139369, 'g_gpe_gpi_mult': 0.661662617376281}. Best is trial 580 with value: 0.153372272757649.
[I 2026-05-28 01:49:14,275] Trial 598 finished with value: 0.24826821511426578 and parameters: {'ISTN': 63.568850926928235, 'I_gpe': 1.423183855242848, 'I_gpi': 2.2517724597862134, 'noise_stn_sigma': 3.209382964744729, 'noise_gpe_sigma': 87.6793127634438, 'noise_gpi_sigma': 88.79138551119016, 'g_stn_gpe_mult': 3.007170543916228, 'g_gpe_stn_mult': 0.10533291716529698, 'g_stn_gpi_mult': 3.7851259719015404, 'g_gpe_gpi_mult': 0.6622262655614249}. Best is trial 580 with value: 0.153372272757649.
[I 2026-05-28 01:49:15,283] Trial 599 finished with value: 0.21375070803362548 and parameters: {'ISTN': 66.76876977794169, 'I_gpe': 0.8962634813694397, 'I_gpi': 1.856530642999441, 'noise_stn_sigma': 2.680936699845319, 'noise_gpe_sigma': 98.24929360408251, 'noise_gpi_sigma': 87.0296242418879, 'g_stn_gpe_mult': 3.2148374109538462, 'g_gpe_stn_mult': 0.1376260248881842, 'g_stn_gpi_mult': 3.817635943816512, 'g_gpe_gpi_mult': 0.8060446842855973}. Best is trial 580 with value: 0.153372272757649.
[I 2026-05-28 01:49:16,293] Trial 600 finished with value: 0.22527086527328277 and parameters: {'ISTN': 61.83318372316541, 'I_gpe': 1.2494131578169345, 'I_gpi': 2.0901989204740143, 'noise_stn_sigma': 1.4170918958095517, 'noise_gpe_sigma': 103.50997760046805, 'noise_gpi_sigma': 77.45525862089846, 'g_stn_gpe_mult': 3.665216173519842, 'g_gpe_stn_mult': 0.19540820486410387, 'g_stn_gpi_mult': 3.9549786439376136, 'g_gpe_gpi_mult': 0.888746717976715}. Best is trial 580 with value: 0.153372272757649.
[I 2026-05-28 01:49:17,302] Trial 601 finished with value: 0.16277047515489373 and parameters: {'ISTN': 63.8392707512578, 'I_gpe': 1.1699608521701672, 'I_gpi': 1.7034453650023802, 'noise_stn_sigma': 2.3315720805899183, 'noise_gpe_sigma': 92.050641967104, 'noise_gpi_sigma': 80.43501686128027, 'g_stn_gpe_mult': 3.297841981396177, 'g_gpe_stn_mult': 0.12407118959439246, 'g_stn_gpi_mult': 3.939463328310354, 'g_gpe_gpi_mult': 0.7928806462038238}. Best is trial 580 with value: 0.153372272757649.
[I 2026-05-28 01:49:18,311] Trial 602 finished with value: 0.15751218935552805 and parameters: {'ISTN': 61.045252466232526, 'I_gpe': 1.3659527885632614, 'I_gpi': 1.9452880087539355, 'noise_stn_sigma': 2.86447599112348, 'noise_gpe_sigma': 82.21725362402208, 'noise_gpi_sigma': 81.48769810600493, 'g_stn_gpe_mult': 3.0656529606750915, 'g_gpe_stn_mult': 0.1470421012261619, 'g_stn_gpi_mult': 3.772697081601713, 'g_gpe_gpi_mult': 0.775046864621344}. Best is trial 580 with value: 0.153372272757649.
[I 2026-05-28 01:49:19,318] Trial 603 finished with value: 0.18162650039544845 and parameters: {'ISTN': 62.66191596409877, 'I_gpe': 1.3547703019494586, 'I_gpi': 1.6603629613394006, 'noise_stn_sigma': 2.8822177964024496, 'noise_gpe_sigma': 88.63408012939713, 'noise_gpi_sigma': 81.52355393791231, 'g_stn_gpe_mult': 3.311673165650559, 'g_gpe_stn_mult': 0.1373470877572128, 'g_stn_gpi_mult': 3.7310420984951285, 'g_gpe_gpi_mult': 0.7674029926288621}. Best is trial 580 with value: 0.153372272757649.
[I 2026-05-28 01:49:20,327] Trial 604 finished with value: 0.25320118941293074 and parameters: {'ISTN': 60.616295774251036, 'I_gpe': 1.2847321737936601, 'I_gpi': 2.241221332033275, 'noise_stn_sigma': 2.6558063226884046, 'noise_gpe_sigma': 98.95722975347155, 'noise_gpi_sigma': 77.52897817833495, 'g_stn_gpe_mult': 3.344183119634272, 'g_gpe_stn_mult': 0.19815513743215651, 'g_stn_gpi_mult': 3.714577858547287, 'g_gpe_gpi_mult': 0.8364768462001864}. Best is trial 580 with value: 0.153372272757649.
[I 2026-05-28 01:49:21,336] Trial 605 finished with value: 0.2709415415396663 and parameters: {'ISTN': 65.8583364883856, 'I_gpe': 1.196944376073931, 'I_gpi': 2.0116633852376937, 'noise_stn_sigma': 2.422819936373982, 'noise_gpe_sigma': 94.94951155951186, 'noise_gpi_sigma': 67.7840232028955, 'g_stn_gpe_mult': 3.5054208076697364, 'g_gpe_stn_mult': 0.17119111474434862, 'g_stn_gpi_mult': 3.6223961011059798, 'g_gpe_gpi_mult': 0.7639449538924628}. Best is trial 580 with value: 0.153372272757649.
[I 2026-05-28 01:49:22,344] Trial 606 finished with value: 0.2501771863155544 and parameters: {'ISTN': 64.94983109729587, 'I_gpe': 1.2362848862153148, 'I_gpi': 2.239140722520485, 'noise_stn_sigma': 3.4886689206523593, 'noise_gpe_sigma': 97.54786962652372, 'noise_gpi_sigma': 75.20012570763149, 'g_stn_gpe_mult': 3.168246742780823, 'g_gpe_stn_mult': 0.12741329404169416, 'g_stn_gpi_mult': 3.469521405123795, 'g_gpe_gpi_mult': 0.7831042646682296}. Best is trial 580 with value: 0.153372272757649.
[I 2026-05-28 01:49:23,352] Trial 607 finished with value: 0.24107053393782396 and parameters: {'ISTN': 60.05708427681848, 'I_gpe': 1.3290193781310986, 'I_gpi': 1.4478247698431446, 'noise_stn_sigma': 3.317128191310832, 'noise_gpe_sigma': 95.16573379567363, 'noise_gpi_sigma': 83.32595739781506, 'g_stn_gpe_mult': 3.1390598255497526, 'g_gpe_stn_mult': 0.20535830592179088, 'g_stn_gpi_mult': 3.2983174347217155, 'g_gpe_gpi_mult': 0.7054431616511161}. Best is trial 580 with value: 0.153372272757649.
[I 2026-05-28 01:49:24,361] Trial 608 finished with value: 0.18375747235387843 and parameters: {'ISTN': 64.916543229904, 'I_gpe': 1.3714807858611302, 'I_gpi': 1.87553624700445, 'noise_stn_sigma': 1.8794444855946117, 'noise_gpe_sigma': 90.18678513847364, 'noise_gpi_sigma': 81.97595642920088, 'g_stn_gpe_mult': 3.2131225676947923, 'g_gpe_stn_mult': 0.14954122622996924, 'g_stn_gpi_mult': 3.738228722397904, 'g_gpe_gpi_mult': 0.7352466349611353}. Best is trial 580 with value: 0.153372272757649.
[I 2026-05-28 01:49:25,309] Trial 609 finished with value: 1000000.0 and parameters: {'ISTN': 62.87978536196719, 'I_gpe': 0.9669729536142909, 'I_gpi': 1.7621426443905874, 'noise_stn_sigma': 3.193866472165276, 'noise_gpe_sigma': 101.72953988478542, 'noise_gpi_sigma': 72.63505306100205, 'g_stn_gpe_mult': 3.550317573391328, 'g_gpe_stn_mult': 0.10695393643060569, 'g_stn_gpi_mult': 3.697164984533762, 'g_gpe_gpi_mult': 0.8291831841365975}. Best is trial 580 with value: 0.153372272757649.
[I 2026-05-28 01:49:26,319] Trial 610 finished with value: 0.2190481566630035 and parameters: {'ISTN': 60.01080456308303, 'I_gpe': 1.0054766924559053, 'I_gpi': 2.2382340512865038, 'noise_stn_sigma': 3.289172005395471, 'noise_gpe_sigma': 92.50915354055066, 'noise_gpi_sigma': 67.11270136564505, 'g_stn_gpe_mult': 3.1783330921929913, 'g_gpe_stn_mult': 0.16639251328812024, 'g_stn_gpi_mult': 3.595971707394631, 'g_gpe_gpi_mult': 0.8570318047218326}. Best is trial 580 with value: 0.153372272757649.
[I 2026-05-28 01:49:27,327] Trial 611 finished with value: 0.23380083587425915 and parameters: {'ISTN': 64.94512826880742, 'I_gpe': 1.5366001499934447, 'I_gpi': 1.6696017237293752, 'noise_stn_sigma': 2.6167680003358047, 'noise_gpe_sigma': 76.21228064217428, 'noise_gpi_sigma': 88.75635658080263, 'g_stn_gpe_mult': 2.7747275056005414, 'g_gpe_stn_mult': 0.11065935794101456, 'g_stn_gpi_mult': 3.8539857411337906, 'g_gpe_gpi_mult': 0.6664090569547723}. Best is trial 580 with value: 0.153372272757649.
[I 2026-05-28 01:49:28,338] Trial 612 finished with value: 0.2496648899296789 and parameters: {'ISTN': 62.23069378832811, 'I_gpe': 1.3507520019373436, 'I_gpi': 1.900570798000284, 'noise_stn_sigma': 2.5546154673384422, 'noise_gpe_sigma': 108.90065996595744, 'noise_gpi_sigma': 71.60873470963976, 'g_stn_gpe_mult': 3.156380457223017, 'g_gpe_stn_mult': 0.13381168330216475, 'g_stn_gpi_mult': 3.428732158836433, 'g_gpe_gpi_mult': 0.7313318965250148}. Best is trial 580 with value: 0.153372272757649.
[I 2026-05-28 01:49:29,347] Trial 613 finished with value: 0.1763968808847943 and parameters: {'ISTN': 63.61479416947842, 'I_gpe': 1.1245753211463971, 'I_gpi': 1.8438358173077427, 'noise_stn_sigma': 2.705249617721506, 'noise_gpe_sigma': 89.45674468175314, 'noise_gpi_sigma': 83.03315147134178, 'g_stn_gpe_mult': 3.3980863142019277, 'g_gpe_stn_mult': 0.16089260859836618, 'g_stn_gpi_mult': 3.7315778267053283, 'g_gpe_gpi_mult': 0.8473169952589077}. Best is trial 580 with value: 0.153372272757649.
[I 2026-05-28 01:49:30,355] Trial 614 finished with value: 0.22675754788771052 and parameters: {'ISTN': 62.917270092817574, 'I_gpe': 1.3892090651660078, 'I_gpi': 1.493732800479433, 'noise_stn_sigma': 2.800343635413528, 'noise_gpe_sigma': 82.88932982350062, 'noise_gpi_sigma': 85.0517437092315, 'g_stn_gpe_mult': 2.9842713081059498, 'g_gpe_stn_mult': 0.13405386392350738, 'g_stn_gpi_mult': 3.508276235163181, 'g_gpe_gpi_mult': 0.7191309094171312}. Best is trial 580 with value: 0.153372272757649.
[I 2026-05-28 01:49:31,365] Trial 615 finished with value: 0.14739028446966826 and parameters: {'ISTN': 61.38773174817348, 'I_gpe': 1.1488476409564492, 'I_gpi': 1.9152349969898763, 'noise_stn_sigma': 2.18252613505331, 'noise_gpe_sigma': 88.20291624688024, 'noise_gpi_sigma': 77.6970470306243, 'g_stn_gpe_mult': 3.079565493389242, 'g_gpe_stn_mult': 0.16427289850727128, 'g_stn_gpi_mult': 3.676142312579734, 'g_gpe_gpi_mult': 0.8233387992847658}. Best is trial 615 with value: 0.14739028446966826.
