[I 2026-05-28 01:38:27,904] Trial 968 finished with value: 0.12793220310234651 and parameters: {'ISTN': 60.53271612619967, 'I_gpe': 1.278153957903411, 'I_gpi': 2.2012901438849286, 'noise_stn_sigma': 1.4509733020887798, 'noise_gpe_sigma': 93.36537316888877, 'noise_gpi_sigma': 91.57357490377503, 'g_stn_gpe_mult': 2.154463379148134, 'g_gpe_stn_mult': 0.1730972537795753, 'g_stn_gpi_mult': 1.678236207653251, 'g_gpe_gpi_mult': 0.7458986479401895}. Best is trial 966 with value: 0.12174492442403743.
[I 2026-05-28 01:38:28,910] Trial 969 finished with value: 0.5411354346892209 and parameters: {'ISTN': 60.27155864995329, 'I_gpe': 1.3072333361486472, 'I_gpi': 2.267883420512101, 'noise_stn_sigma': 1.3395348162212275, 'noise_gpe_sigma': 96.59048391939844, 'noise_gpi_sigma': 91.3589888965856, 'g_stn_gpe_mult': 2.166931385135693, 'g_gpe_stn_mult': 0.17130157267806628, 'g_stn_gpi_mult': 1.6484522868746307, 'g_gpe_gpi_mult': 0.7492205430044616}. Best is trial 966 with value: 0.12174492442403743.
[I 2026-05-28 01:38:29,914] Trial 970 finished with value: 0.12716855409944622 and parameters: {'ISTN': 61.222332574123314, 'I_gpe': 1.244209030740719, 'I_gpi': 2.179298121564586, 'noise_stn_sigma': 1.1432829807964844, 'noise_gpe_sigma': 96.17016367947845, 'noise_gpi_sigma': 93.31230748514504, 'g_stn_gpe_mult': 2.2655818660513924, 'g_gpe_stn_mult': 0.16919625575057756, 'g_stn_gpi_mult': 1.5931408850102509, 'g_gpe_gpi_mult': 0.7585167450146011}. Best is trial 966 with value: 0.12174492442403743.
[I 2026-05-28 01:38:30,920] Trial 971 finished with value: 0.12360611052875446 and parameters: {'ISTN': 60.08816080025948, 'I_gpe': 1.2753672863979648, 'I_gpi': 2.2495042690321556, 'noise_stn_sigma': 1.154464292196984, 'noise_gpe_sigma': 99.94529146207314, 'noise_gpi_sigma': 89.75947394636819, 'g_stn_gpe_mult': 2.1976427162356558, 'g_gpe_stn_mult': 0.18754896184469155, 'g_stn_gpi_mult': 1.7004048808046472, 'g_gpe_gpi_mult': 0.7988298783383148}. Best is trial 966 with value: 0.12174492442403743.
[I 2026-05-28 01:38:31,925] Trial 972 finished with value: 0.12675020983312743 and parameters: {'ISTN': 60.36521642333384, 'I_gpe': 1.2122446036982293, 'I_gpi': 2.2649647523226997, 'noise_stn_sigma': 1.2074923779879199, 'noise_gpe_sigma': 100.89709164232812, 'noise_gpi_sigma': 90.63993483072906, 'g_stn_gpe_mult': 2.1689822761169806, 'g_gpe_stn_mult': 0.18154320022161535, 'g_stn_gpi_mult': 1.6283693960240853, 'g_gpe_gpi_mult': 0.755242007728572}. Best is trial 966 with value: 0.12174492442403743.
[I 2026-05-28 01:38:32,930] Trial 973 finished with value: 0.12408009840581945 and parameters: {'ISTN': 60.520274704788946, 'I_gpe': 1.226308279022518, 'I_gpi': 2.258075119586714, 'noise_stn_sigma': 1.149531974347513, 'noise_gpe_sigma': 97.49295966432322, 'noise_gpi_sigma': 93.90100139555328, 'g_stn_gpe_mult': 2.121516065954403, 'g_gpe_stn_mult': 0.17775342203897299, 'g_stn_gpi_mult': 1.6335062693365423, 'g_gpe_gpi_mult': 0.7573291745345054}. Best is trial 966 with value: 0.12174492442403743.
[I 2026-05-28 01:38:33,935] Trial 974 finished with value: 0.1290028362816976 and parameters: {'ISTN': 60.51120834633577, 'I_gpe': 1.2874795457173702, 'I_gpi': 2.178339714828576, 'noise_stn_sigma': 1.1356524544100617, 'noise_gpe_sigma': 100.08829725166818, 'noise_gpi_sigma': 87.88801881581884, 'g_stn_gpe_mult': 2.0984973999025964, 'g_gpe_stn_mult': 0.18743478870217015, 'g_stn_gpi_mult': 1.6644919916887235, 'g_gpe_gpi_mult': 0.7799346125552005}. Best is trial 966 with value: 0.12174492442403743.
[I 2026-05-28 01:38:34,940] Trial 975 finished with value: 0.12609027770093026 and parameters: {'ISTN': 60.54359010796193, 'I_gpe': 1.2740217149733275, 'I_gpi': 2.24259131500472, 'noise_stn_sigma': 1.2436132963375859, 'noise_gpe_sigma': 98.93126131215904, 'noise_gpi_sigma': 90.22964850524187, 'g_stn_gpe_mult': 2.153507212213813, 'g_gpe_stn_mult': 0.17759869438177867, 'g_stn_gpi_mult': 1.6287469593707593, 'g_gpe_gpi_mult': 0.7555496689973302}. Best is trial 966 with value: 0.12174492442403743.
[I 2026-05-28 01:38:35,945] Trial 976 finished with value: 0.13428649170157106 and parameters: {'ISTN': 60.967043431211884, 'I_gpe': 1.284139050775368, 'I_gpi': 2.143081992878219, 'noise_stn_sigma': 1.3465754688715033, 'noise_gpe_sigma': 98.81608497518899, 'noise_gpi_sigma': 91.72668498645852, 'g_stn_gpe_mult': 2.2014858483677004, 'g_gpe_stn_mult': 0.17931715812871943, 'g_stn_gpi_mult': 1.7031738130629712, 'g_gpe_gpi_mult': 0.7762738193096377}. Best is trial 966 with value: 0.12174492442403743.
[I 2026-05-28 01:38:36,952] Trial 977 finished with value: 0.12556088989555986 and parameters: {'ISTN': 60.54732423510676, 'I_gpe': 1.284742287316146, 'I_gpi': 2.2785919798844945, 'noise_stn_sigma': 1.0734706199709634, 'noise_gpe_sigma': 100.97309806636278, 'noise_gpi_sigma': 92.7617203721258, 'g_stn_gpe_mult': 2.083583310403985, 'g_gpe_stn_mult': 0.17784062939341014, 'g_stn_gpi_mult': 1.6730149851780434, 'g_gpe_gpi_mult': 0.7645446909413856}. Best is trial 966 with value: 0.12174492442403743.
[I 2026-05-28 01:38:37,958] Trial 978 finished with value: 0.12117277527784007 and parameters: {'ISTN': 60.14466352609253, 'I_gpe': 1.2822979829770706, 'I_gpi': 2.216450169661223, 'noise_stn_sigma': 1.1919606012242452, 'noise_gpe_sigma': 100.84830281381404, 'noise_gpi_sigma': 88.09110004421476, 'g_stn_gpe_mult': 2.167809141459811, 'g_gpe_stn_mult': 0.18681859396771291, 'g_stn_gpi_mult': 1.693857066400608, 'g_gpe_gpi_mult': 0.788040019038919}. Best is trial 978 with value: 0.12117277527784007.
[I 2026-05-28 01:38:38,963] Trial 979 finished with value: 0.12815821495194862 and parameters: {'ISTN': 60.81935456585091, 'I_gpe': 1.3029885071491134, 'I_gpi': 2.1545325008577536, 'noise_stn_sigma': 1.2976191343985863, 'noise_gpe_sigma': 98.78571129873909, 'noise_gpi_sigma': 90.21949508663477, 'g_stn_gpe_mult': 2.2629003917266766, 'g_gpe_stn_mult': 0.17838933936513884, 'g_stn_gpi_mult': 1.6779951846887182, 'g_gpe_gpi_mult': 0.7733489423530169}. Best is trial 978 with value: 0.12117277527784007.
[I 2026-05-28 01:38:39,969] Trial 980 finished with value: 0.5954775863195845 and parameters: {'ISTN': 60.177258335353606, 'I_gpe': 1.2963648177352556, 'I_gpi': 2.168713603813412, 'noise_stn_sigma': 1.2380672076229293, 'noise_gpe_sigma': 99.19689132846509, 'noise_gpi_sigma': 91.94004211149966, 'g_stn_gpe_mult': 2.113224874292577, 'g_gpe_stn_mult': 0.17427748113680375, 'g_stn_gpi_mult': 1.7260556710244104, 'g_gpe_gpi_mult': 0.7588634018031699}. Best is trial 978 with value: 0.12117277527784007.
[I 2026-05-28 01:38:40,976] Trial 981 finished with value: 0.13611576625684174 and parameters: {'ISTN': 60.81708936255215, 'I_gpe': 1.2351092854299244, 'I_gpi': 2.1888162620587925, 'noise_stn_sigma': 1.2912433973728596, 'noise_gpe_sigma': 100.88824209646577, 'noise_gpi_sigma': 90.00826416924859, 'g_stn_gpe_mult': 2.119283146072374, 'g_gpe_stn_mult': 0.18521253132492776, 'g_stn_gpi_mult': 1.7677393391582163, 'g_gpe_gpi_mult': 0.7714022400965601}. Best is trial 978 with value: 0.12117277527784007.
[I 2026-05-28 01:38:41,981] Trial 982 finished with value: 0.13658256776854028 and parameters: {'ISTN': 60.0228544318373, 'I_gpe': 1.3323982916579042, 'I_gpi': 2.252328834368762, 'noise_stn_sigma': 1.2669887938890587, 'noise_gpe_sigma': 96.75079856775339, 'noise_gpi_sigma': 94.61699887339981, 'g_stn_gpe_mult': 2.0624009935597747, 'g_gpe_stn_mult': 0.17522936687506158, 'g_stn_gpi_mult': 1.648757212566979, 'g_gpe_gpi_mult': 0.7770472529432106}. Best is trial 978 with value: 0.12117277527784007.
[I 2026-05-28 01:38:42,984] Trial 983 finished with value: 0.1270492934316044 and parameters: {'ISTN': 60.41599429209989, 'I_gpe': 1.3572835136307289, 'I_gpi': 2.284028354917951, 'noise_stn_sigma': 1.0634351907756263, 'noise_gpe_sigma': 95.75481938331848, 'noise_gpi_sigma': 89.05594717122912, 'g_stn_gpe_mult': 2.036834925463207, 'g_gpe_stn_mult': 0.18149538027577505, 'g_stn_gpi_mult': 1.6145104805511905, 'g_gpe_gpi_mult': 0.7660541278689894}. Best is trial 978 with value: 0.12117277527784007.
[I 2026-05-28 01:38:43,990] Trial 984 finished with value: 0.12199682741111999 and parameters: {'ISTN': 60.387285223726195, 'I_gpe': 1.2963042075199365, 'I_gpi': 2.257593885303576, 'noise_stn_sigma': 1.0126593834626685, 'noise_gpe_sigma': 101.1248398859295, 'noise_gpi_sigma': 90.34827571974546, 'g_stn_gpe_mult': 2.04000483719448, 'g_gpe_stn_mult': 0.1784668706043558, 'g_stn_gpi_mult': 1.679379091283691, 'g_gpe_gpi_mult': 0.8011023500766843}. Best is trial 978 with value: 0.12117277527784007.
[I 2026-05-28 01:38:44,997] Trial 985 finished with value: 0.12336877170307084 and parameters: {'ISTN': 60.55224661057012, 'I_gpe': 1.2539585948935061, 'I_gpi': 2.234294259918806, 'noise_stn_sigma': 1.3075229539666395, 'noise_gpe_sigma': 101.16229779458922, 'noise_gpi_sigma': 85.1544423832435, 'g_stn_gpe_mult': 2.195382236483301, 'g_gpe_stn_mult': 0.17411048207507038, 'g_stn_gpi_mult': 1.709317713550477, 'g_gpe_gpi_mult': 0.8023625025038885}. Best is trial 978 with value: 0.12117277527784007.
[I 2026-05-28 01:38:46,003] Trial 986 finished with value: 0.12295273656382877 and parameters: {'ISTN': 60.0173814329103, 'I_gpe': 1.3232060816320554, 'I_gpi': 2.215452683999101, 'noise_stn_sigma': 1.058085810878831, 'noise_gpe_sigma': 98.25952898086474, 'noise_gpi_sigma': 89.31572778604867, 'g_stn_gpe_mult': 2.1888339979244167, 'g_gpe_stn_mult': 0.18821092463645275, 'g_stn_gpi_mult': 1.6526149080868735, 'g_gpe_gpi_mult': 0.7843147856568602}. Best is trial 978 with value: 0.12117277527784007.
[I 2026-05-28 01:38:47,008] Trial 987 finished with value: 0.12990452981751452 and parameters: {'ISTN': 60.56925441455816, 'I_gpe': 1.202281570638832, 'I_gpi': 2.2272064411602757, 'noise_stn_sigma': 1.2939766137323672, 'noise_gpe_sigma': 100.69403893310599, 'noise_gpi_sigma': 88.22242426781644, 'g_stn_gpe_mult': 2.3095092521013196, 'g_gpe_stn_mult': 0.18481526322399366, 'g_stn_gpi_mult': 1.7424267655755301, 'g_gpe_gpi_mult': 0.7762802131061859}. Best is trial 978 with value: 0.12117277527784007.
[I 2026-05-28 01:38:48,013] Trial 988 finished with value: 0.12397024903130362 and parameters: {'ISTN': 60.22750916832444, 'I_gpe': 1.350358702882689, 'I_gpi': 2.2107234197265075, 'noise_stn_sigma': 1.0798590791670735, 'noise_gpe_sigma': 101.0852327554679, 'noise_gpi_sigma': 90.71976628497873, 'g_stn_gpe_mult': 2.0641561868845475, 'g_gpe_stn_mult': 0.17763605831801588, 'g_stn_gpi_mult': 1.658118856141578, 'g_gpe_gpi_mult': 0.8058313829724666}. Best is trial 978 with value: 0.12117277527784007.
[I 2026-05-28 01:38:49,018] Trial 989 finished with value: 0.11923363541167312 and parameters: {'ISTN': 60.0955301324232, 'I_gpe': 1.3097528990798055, 'I_gpi': 2.2509499534979827, 'noise_stn_sigma': 1.0559541465756006, 'noise_gpe_sigma': 101.15259952206705, 'noise_gpi_sigma': 95.33447735726355, 'g_stn_gpe_mult': 2.0443893440895806, 'g_gpe_stn_mult': 0.18097109252352958, 'g_stn_gpi_mult': 1.5799499709951288, 'g_gpe_gpi_mult': 0.7800290936340748}. Best is trial 989 with value: 0.11923363541167312.
[I 2026-05-28 01:38:50,025] Trial 990 finished with value: 0.1282036284882112 and parameters: {'ISTN': 60.19078853728695, 'I_gpe': 1.2993376639784715, 'I_gpi': 2.251226748124097, 'noise_stn_sigma': 1.313913670393745, 'noise_gpe_sigma': 97.62079058703671, 'noise_gpi_sigma': 89.75660266231087, 'g_stn_gpe_mult': 2.1492953241163417, 'g_gpe_stn_mult': 0.18408975112701692, 'g_stn_gpi_mult': 1.7163417197709432, 'g_gpe_gpi_mult': 0.7559392852111437}. Best is trial 989 with value: 0.11923363541167312.
[I 2026-05-28 01:38:51,029] Trial 991 finished with value: 0.133574083723776 and parameters: {'ISTN': 60.867610299910325, 'I_gpe': 1.24089452157733, 'I_gpi': 2.293905635924463, 'noise_stn_sigma': 1.1666759902882784, 'noise_gpe_sigma': 103.87350220495298, 'noise_gpi_sigma': 88.69625999329445, 'g_stn_gpe_mult': 2.2465000053928974, 'g_gpe_stn_mult': 0.18191393820937765, 'g_stn_gpi_mult': 1.6962844353133608, 'g_gpe_gpi_mult': 0.824980145609115}. Best is trial 989 with value: 0.11923363541167312.
[I 2026-05-28 01:38:52,036] Trial 992 finished with value: 0.125513025428912 and parameters: {'ISTN': 61.096878610869425, 'I_gpe': 1.2435319041004427, 'I_gpi': 2.2553923586699853, 'noise_stn_sigma': 1.1485974119330091, 'noise_gpe_sigma': 100.73687422264513, 'noise_gpi_sigma': 90.8610173673871, 'g_stn_gpe_mult': 2.220544934539687, 'g_gpe_stn_mult': 0.17161989960788038, 'g_stn_gpi_mult': 1.7228906005257019, 'g_gpe_gpi_mult': 0.8158051067021921}. Best is trial 989 with value: 0.11923363541167312.
[I 2026-05-28 01:38:53,043] Trial 993 finished with value: 0.1285843820288402 and parameters: {'ISTN': 60.35790546561713, 'I_gpe': 1.3606092360405013, 'I_gpi': 2.2794854779121954, 'noise_stn_sigma': 1.2498263117122312, 'noise_gpe_sigma': 99.17503879483218, 'noise_gpi_sigma': 96.46396199838759, 'g_stn_gpe_mult': 2.0663209594231087, 'g_gpe_stn_mult': 0.18269724073959867, 'g_stn_gpi_mult': 1.6933520388941925, 'g_gpe_gpi_mult': 0.7760143413727993}. Best is trial 989 with value: 0.11923363541167312.
[I 2026-05-28 01:38:54,052] Trial 994 finished with value: 0.1260400825320554 and parameters: {'ISTN': 60.21910806494515, 'I_gpe': 1.295723667925787, 'I_gpi': 2.194543113634072, 'noise_stn_sigma': 1.4119910272951044, 'noise_gpe_sigma': 97.14785530225996, 'noise_gpi_sigma': 86.74969727556942, 'g_stn_gpe_mult': 2.173371586125265, 'g_gpe_stn_mult': 0.18694497591851372, 'g_stn_gpi_mult': 1.680868145471249, 'g_gpe_gpi_mult': 0.7805979324733683}. Best is trial 989 with value: 0.11923363541167312.
[I 2026-05-28 01:38:55,056] Trial 995 finished with value: 0.12848984021286097 and parameters: {'ISTN': 61.130869665353096, 'I_gpe': 1.2265504020049536, 'I_gpi': 2.204727170938674, 'noise_stn_sigma': 1.0345919981708578, 'noise_gpe_sigma': 103.72806668851206, 'noise_gpi_sigma': 92.5399844694838, 'g_stn_gpe_mult': 2.054746091927007, 'g_gpe_stn_mult': 0.17495199031075892, 'g_stn_gpi_mult': 1.554352356163924, 'g_gpe_gpi_mult': 0.7924638611203243}. Best is trial 989 with value: 0.11923363541167312.
[I 2026-05-28 01:38:56,061] Trial 996 finished with value: 0.12592906947954222 and parameters: {'ISTN': 60.927824764792774, 'I_gpe': 1.2838241493531808, 'I_gpi': 2.2887694004620993, 'noise_stn_sigma': 1.0590829213286055, 'noise_gpe_sigma': 104.35311339208589, 'noise_gpi_sigma': 89.79226359233444, 'g_stn_gpe_mult': 2.0636791208910177, 'g_gpe_stn_mult': 0.17640071975674615, 'g_stn_gpi_mult': 1.6508476374836203, 'g_gpe_gpi_mult': 0.8129994199963857}. Best is trial 989 with value: 0.11923363541167312.
[I 2026-05-28 01:38:57,067] Trial 997 finished with value: 0.12155380057673038 and parameters: {'ISTN': 60.54584442531467, 'I_gpe': 1.297503598454135, 'I_gpi': 2.232713456785426, 'noise_stn_sigma': 1.0647635909239719, 'noise_gpe_sigma': 102.55131016131956, 'noise_gpi_sigma': 90.16562117062057, 'g_stn_gpe_mult': 2.0306342968146907, 'g_gpe_stn_mult': 0.17370847781099227, 'g_stn_gpi_mult': 1.6238278370999422, 'g_gpe_gpi_mult': 0.791557387707156}. Best is trial 989 with value: 0.11923363541167312.
[I 2026-05-28 01:38:58,072] Trial 998 finished with value: 0.12409768536880594 and parameters: {'ISTN': 60.03125643960556, 'I_gpe': 1.1922984652251103, 'I_gpi': 2.1991223940839815, 'noise_stn_sigma': 1.1941473114354433, 'noise_gpe_sigma': 100.8458452611892, 'noise_gpi_sigma': 88.83660663324522, 'g_stn_gpe_mult': 2.164542717989377, 'g_gpe_stn_mult': 0.1834455058071708, 'g_stn_gpi_mult': 1.624364514001944, 'g_gpe_gpi_mult': 0.7956054021539238}. Best is trial 989 with value: 0.11923363541167312.
[I 2026-05-28 01:38:59,077] Trial 999 finished with value: 0.12466835948041204 and parameters: {'ISTN': 60.8559895692233, 'I_gpe': 1.281809770375229, 'I_gpi': 2.1956411659537105, 'noise_stn_sigma': 1.1980635134974293, 'noise_gpe_sigma': 101.86673353563718, 'noise_gpi_sigma': 92.29894998911047, 'g_stn_gpe_mult': 2.053976532284623, 'g_gpe_stn_mult': 0.17654225564093196, 'g_stn_gpi_mult': 1.6378225171786716, 'g_gpe_gpi_mult': 0.7779554536619084}. Best is trial 989 with value: 0.11923363541167312.
Condition: weights_paper
Seed: 42, Trials: 1000
Bounds:
  ISTN: [60.0, 150.0]
  I_gpe: [0.5, 4.0]
  I_gpi: [1.0, 5.0]
  noise_stn_sigma: [1.0, 8.0]
  noise_gpe_sigma: [20.0, 150.0]
  noise_gpi_sigma: [20.0, 150.0]
  g_stn_gpe_mult: [1.5, 5.0]
  g_gpe_stn_mult: [0.1, 0.8]
  g_stn_gpi_mult: [1.0, 4.0]
  g_gpe_gpi_mult: [0.2, 1.2]
Weights: {'rate': 5.0, 'cv': 0.2, 'beta': 15.0}
JAX devices: [CudaDevice(id=0)]

Building simulator...
Warming up JIT...
JIT ready.


============================================================
DONE: weights_paper (seed=42)
  Time: 16.8 min
  Best loss: 0.1192
  STN: 27.8 Hz (target 27.5)
  GPe: 42.5 Hz (target 42.5)
  GPi: 83.4 Hz (target 82.5)
  GPe beta: 38.9%
  STN beta: 67.6%
  Synaptic multipliers:
    g_stn_gpe_mult: 2.044
    g_gpe_stn_mult: 0.181
    g_stn_gpi_mult: 1.580
    g_gpe_gpi_mult: 0.780
  Saved: results/sensitivity/weights/paper.pkl
