[I 2026-05-28 02:41:01,798] Trial 650 finished with value: 0.004370186371492097 and parameters: {'ISTN': 60.7979419681957, 'I_gpe': 1.0888290037908455, 'I_gpi': 2.267757534550916, 'noise_stn_sigma': 1.0331522451533752, 'noise_gpe_sigma': 142.1932837438539, 'noise_gpi_sigma': 143.46922542859338, 'g_stn_gpe_mult': 2.3851915065589706, 'g_gpe_stn_mult': 0.17882045634716484, 'g_stn_gpi_mult': 1.230998100270871, 'g_gpe_gpi_mult': 0.9254199533115568}. Best is trial 650 with value: 0.004370186371492097.
[I 2026-05-28 02:41:02,806] Trial 651 finished with value: 0.015033160673034868 and parameters: {'ISTN': 61.20945654385141, 'I_gpe': 1.1111218436446604, 'I_gpi': 2.3038540431625574, 'noise_stn_sigma': 1.1187080742093547, 'noise_gpe_sigma': 137.81418137295066, 'noise_gpi_sigma': 144.44520500599782, 'g_stn_gpe_mult': 2.364991923226788, 'g_gpe_stn_mult': 0.17771233981278134, 'g_stn_gpi_mult': 1.238042355764956, 'g_gpe_gpi_mult': 0.9396217326147118}. Best is trial 650 with value: 0.004370186371492097.
[I 2026-05-28 02:41:03,814] Trial 652 finished with value: 0.018620097166569514 and parameters: {'ISTN': 61.88515178751233, 'I_gpe': 1.0676157927871261, 'I_gpi': 2.2368854229616035, 'noise_stn_sigma': 1.0633236554267467, 'noise_gpe_sigma': 143.5319485997858, 'noise_gpi_sigma': 145.1169804449317, 'g_stn_gpe_mult': 2.3740798288619565, 'g_gpe_stn_mult': 0.1680383197235899, 'g_stn_gpi_mult': 1.2204652069942854, 'g_gpe_gpi_mult': 0.9060633061153369}. Best is trial 650 with value: 0.004370186371492097.
[I 2026-05-28 02:41:04,822] Trial 653 finished with value: 0.01256167553449823 and parameters: {'ISTN': 61.31152344876064, 'I_gpe': 1.146453691440893, 'I_gpi': 2.268594350910443, 'noise_stn_sigma': 1.1339383915418701, 'noise_gpe_sigma': 143.26081112747966, 'noise_gpi_sigma': 143.87854619274339, 'g_stn_gpe_mult': 2.410196206862259, 'g_gpe_stn_mult': 0.1736098873077181, 'g_stn_gpi_mult': 1.3071683196027775, 'g_gpe_gpi_mult': 0.9304659911392181}. Best is trial 650 with value: 0.004370186371492097.
[I 2026-05-28 02:41:05,828] Trial 654 finished with value: 0.007605539193876987 and parameters: {'ISTN': 60.76639836454369, 'I_gpe': 1.1015080628993466, 'I_gpi': 2.1912114986548197, 'noise_stn_sigma': 1.0321564014020128, 'noise_gpe_sigma': 142.7861030960292, 'noise_gpi_sigma': 143.7988955896233, 'g_stn_gpe_mult': 2.362475711840017, 'g_gpe_stn_mult': 0.1814904447478941, 'g_stn_gpi_mult': 1.2922618610327237, 'g_gpe_gpi_mult': 0.9139851383641775}. Best is trial 650 with value: 0.004370186371492097.
[I 2026-05-28 02:41:06,836] Trial 655 finished with value: 0.013416624282345305 and parameters: {'ISTN': 61.02607730587891, 'I_gpe': 1.1321868490045666, 'I_gpi': 2.307812863644176, 'noise_stn_sigma': 1.2090546506226703, 'noise_gpe_sigma': 141.2562710234098, 'noise_gpi_sigma': 143.156669757264, 'g_stn_gpe_mult': 2.298287132771967, 'g_gpe_stn_mult': 0.16541404564141704, 'g_stn_gpi_mult': 1.3286710776067263, 'g_gpe_gpi_mult': 0.907135325007131}. Best is trial 650 with value: 0.004370186371492097.
[I 2026-05-28 02:41:07,845] Trial 656 finished with value: 0.014081858417389504 and parameters: {'ISTN': 61.46032203744627, 'I_gpe': 1.0630619153501848, 'I_gpi': 2.3314975529943744, 'noise_stn_sigma': 1.0633351226690573, 'noise_gpe_sigma': 139.51053857089232, 'noise_gpi_sigma': 145.53310211635926, 'g_stn_gpe_mult': 2.4864991352742667, 'g_gpe_stn_mult': 0.1736883057599487, 'g_stn_gpi_mult': 1.2549279111059275, 'g_gpe_gpi_mult': 0.8927939681364503}. Best is trial 650 with value: 0.004370186371492097.
[I 2026-05-28 02:41:08,853] Trial 657 finished with value: 0.011529993159083037 and parameters: {'ISTN': 60.134279501114754, 'I_gpe': 1.0211668819514537, 'I_gpi': 2.2235993013684956, 'noise_stn_sigma': 1.1164669879533646, 'noise_gpe_sigma': 141.88157965405333, 'noise_gpi_sigma': 141.74239316394608, 'g_stn_gpe_mult': 2.3865531361099523, 'g_gpe_stn_mult': 0.1837639402671283, 'g_stn_gpi_mult': 1.2324694944384842, 'g_gpe_gpi_mult': 0.9267619562157701}. Best is trial 650 with value: 0.004370186371492097.
[I 2026-05-28 02:41:09,861] Trial 658 finished with value: 0.02359436192717653 and parameters: {'ISTN': 62.40197669354972, 'I_gpe': 1.07897958521299, 'I_gpi': 2.210860245350431, 'noise_stn_sigma': 1.0532468603303071, 'noise_gpe_sigma': 143.91753168352477, 'noise_gpi_sigma': 140.94941617249955, 'g_stn_gpe_mult': 2.3700334984775324, 'g_gpe_stn_mult': 0.16453198317576734, 'g_stn_gpi_mult': 1.2509541646177704, 'g_gpe_gpi_mult': 0.8947003571646985}. Best is trial 650 with value: 0.004370186371492097.
[I 2026-05-28 02:41:10,872] Trial 659 finished with value: 0.004342940221027415 and parameters: {'ISTN': 60.60524642940704, 'I_gpe': 1.1010659272382026, 'I_gpi': 2.291361326557551, 'noise_stn_sigma': 1.021060720689912, 'noise_gpe_sigma': 141.8021868324712, 'noise_gpi_sigma': 142.82939569130923, 'g_stn_gpe_mult': 2.4577712747214298, 'g_gpe_stn_mult': 0.17836524599542372, 'g_stn_gpi_mult': 1.244257446861558, 'g_gpe_gpi_mult': 0.9218008175349626}. Best is trial 659 with value: 0.004342940221027415.
[I 2026-05-28 02:41:11,881] Trial 660 finished with value: 0.006091008269657468 and parameters: {'ISTN': 60.73468143151951, 'I_gpe': 1.0739258979584385, 'I_gpi': 2.3281028026434623, 'noise_stn_sigma': 1.063980560561849, 'noise_gpe_sigma': 142.60220691166182, 'noise_gpi_sigma': 145.79244455038457, 'g_stn_gpe_mult': 2.4243820373033858, 'g_gpe_stn_mult': 0.18063614778950443, 'g_stn_gpi_mult': 1.2551816213813387, 'g_gpe_gpi_mult': 0.9330539585181934}. Best is trial 659 with value: 0.004342940221027415.
[I 2026-05-28 02:41:12,887] Trial 661 finished with value: 0.011056464725182827 and parameters: {'ISTN': 60.72467366827075, 'I_gpe': 1.0933552243003883, 'I_gpi': 2.184338155382804, 'noise_stn_sigma': 1.0516534605871493, 'noise_gpe_sigma': 139.80772557014728, 'noise_gpi_sigma': 145.8670375817941, 'g_stn_gpe_mult': 2.471652861271573, 'g_gpe_stn_mult': 0.18429805871150146, 'g_stn_gpi_mult': 1.2869168097593828, 'g_gpe_gpi_mult': 0.9195543567903093}. Best is trial 659 with value: 0.004342940221027415.
[I 2026-05-28 02:41:13,897] Trial 662 finished with value: 0.012555130140294036 and parameters: {'ISTN': 60.78147447961558, 'I_gpe': 1.128886350743291, 'I_gpi': 2.296964808092019, 'noise_stn_sigma': 1.1800077799427646, 'noise_gpe_sigma': 141.17456171321174, 'noise_gpi_sigma': 140.97242196716675, 'g_stn_gpe_mult': 2.4526648636862336, 'g_gpe_stn_mult': 0.1636971482362724, 'g_stn_gpi_mult': 1.2558605632073339, 'g_gpe_gpi_mult': 0.9172215727270465}. Best is trial 659 with value: 0.004342940221027415.
[I 2026-05-28 02:41:14,905] Trial 663 finished with value: 0.017369688229294016 and parameters: {'ISTN': 61.23813158909358, 'I_gpe': 1.095875642887102, 'I_gpi': 2.2396799344848404, 'noise_stn_sigma': 1.0497739490481013, 'noise_gpe_sigma': 141.05305718235252, 'noise_gpi_sigma': 141.23675324763525, 'g_stn_gpe_mult': 2.2779709460376307, 'g_gpe_stn_mult': 0.18300760951510991, 'g_stn_gpi_mult': 1.2723278663071635, 'g_gpe_gpi_mult': 0.919369805556316}. Best is trial 659 with value: 0.004342940221027415.
[I 2026-05-28 02:41:15,915] Trial 664 finished with value: 0.006152069219940847 and parameters: {'ISTN': 60.48829305173126, 'I_gpe': 1.1004221579215554, 'I_gpi': 2.226065619830121, 'noise_stn_sigma': 1.2026856481718262, 'noise_gpe_sigma': 143.01146525453902, 'noise_gpi_sigma': 143.43456785579846, 'g_stn_gpe_mult': 2.5042281648026607, 'g_gpe_stn_mult': 0.1854128733180243, 'g_stn_gpi_mult': 1.2974534753714284, 'g_gpe_gpi_mult': 0.9028709309096181}. Best is trial 659 with value: 0.004342940221027415.
[I 2026-05-28 02:41:16,924] Trial 665 finished with value: 0.03539972627050184 and parameters: {'ISTN': 61.72895597811471, 'I_gpe': 1.0884673994057779, 'I_gpi': 2.2947802571516105, 'noise_stn_sigma': 1.0246982333772385, 'noise_gpe_sigma': 146.4791340719844, 'noise_gpi_sigma': 140.7955171543099, 'g_stn_gpe_mult': 2.3261941500402394, 'g_gpe_stn_mult': 0.18550700314706842, 'g_stn_gpi_mult': 1.3197905417633298, 'g_gpe_gpi_mult': 0.9267905910967487}. Best is trial 659 with value: 0.004342940221027415.
[I 2026-05-28 02:41:17,930] Trial 666 finished with value: 0.010725882210891909 and parameters: {'ISTN': 60.263352792527634, 'I_gpe': 1.108906755747971, 'I_gpi': 2.2666680004879884, 'noise_stn_sigma': 1.2427470834503054, 'noise_gpe_sigma': 140.46444667408053, 'noise_gpi_sigma': 142.93030500916706, 'g_stn_gpe_mult': 2.4797560115883988, 'g_gpe_stn_mult': 0.17503651966206468, 'g_stn_gpi_mult': 1.2797159595299235, 'g_gpe_gpi_mult': 0.9319526954462101}. Best is trial 659 with value: 0.004342940221027415.
[I 2026-05-28 02:41:18,939] Trial 667 finished with value: 0.017198710426977393 and parameters: {'ISTN': 61.336691462680264, 'I_gpe': 1.1312375628103677, 'I_gpi': 2.263139060709742, 'noise_stn_sigma': 1.0631315420080998, 'noise_gpe_sigma': 142.11364107996502, 'noise_gpi_sigma': 142.28560740624613, 'g_stn_gpe_mult': 2.345131235496124, 'g_gpe_stn_mult': 0.18079090827518318, 'g_stn_gpi_mult': 1.2907468276954215, 'g_gpe_gpi_mult': 0.9194488626512074}. Best is trial 659 with value: 0.004342940221027415.
[I 2026-05-28 02:41:19,948] Trial 668 finished with value: 0.005458451838490862 and parameters: {'ISTN': 60.53900569099962, 'I_gpe': 1.0816955861988156, 'I_gpi': 2.2806312161005047, 'noise_stn_sigma': 1.0207989668512132, 'noise_gpe_sigma': 145.7499977772123, 'noise_gpi_sigma': 141.0003695937278, 'g_stn_gpe_mult': 2.338675724175468, 'g_gpe_stn_mult': 0.1812396730405949, 'g_stn_gpi_mult': 1.2536922759939364, 'g_gpe_gpi_mult': 0.9447204197024741}. Best is trial 659 with value: 0.004342940221027415.
[I 2026-05-28 02:41:20,956] Trial 669 finished with value: 0.11531706370936834 and parameters: {'ISTN': 60.19083339020793, 'I_gpe': 1.1345344592302362, 'I_gpi': 2.2145613016835313, 'noise_stn_sigma': 1.0304174510417607, 'noise_gpe_sigma': 137.87048632877284, 'noise_gpi_sigma': 144.64963102331734, 'g_stn_gpe_mult': 2.506613303248251, 'g_gpe_stn_mult': 0.18125310651881152, 'g_stn_gpi_mult': 1.2198874831894528, 'g_gpe_gpi_mult': 0.9405182042260511}. Best is trial 659 with value: 0.004342940221027415.
[I 2026-05-28 02:41:21,963] Trial 670 finished with value: 0.006929937898878054 and parameters: {'ISTN': 60.19094207183281, 'I_gpe': 1.1070786001906832, 'I_gpi': 2.2292243556928204, 'noise_stn_sigma': 1.2624562082085526, 'noise_gpe_sigma': 145.5297600965753, 'noise_gpi_sigma': 142.47406794160955, 'g_stn_gpe_mult': 2.394963391055396, 'g_gpe_stn_mult': 0.18399661967508096, 'g_stn_gpi_mult': 1.2946203607361417, 'g_gpe_gpi_mult': 0.925048278772491}. Best is trial 659 with value: 0.004342940221027415.
[I 2026-05-28 02:41:22,971] Trial 671 finished with value: 0.01208188179877932 and parameters: {'ISTN': 60.44434693224183, 'I_gpe': 1.1055535341353466, 'I_gpi': 2.295036163968813, 'noise_stn_sigma': 1.3197317444430208, 'noise_gpe_sigma': 142.6185921512377, 'noise_gpi_sigma': 141.63495665405924, 'g_stn_gpe_mult': 2.5104194513719698, 'g_gpe_stn_mult': 0.17638723047343546, 'g_stn_gpi_mult': 1.3654574385613998, 'g_gpe_gpi_mult': 0.9053220402734985}. Best is trial 659 with value: 0.004342940221027415.
[I 2026-05-28 02:41:23,977] Trial 672 finished with value: 0.007876349689109404 and parameters: {'ISTN': 60.03219227206234, 'I_gpe': 1.0583177229369263, 'I_gpi': 2.2715962017763607, 'noise_stn_sigma': 1.2199697228247075, 'noise_gpe_sigma': 144.16300612214138, 'noise_gpi_sigma': 143.57532804052727, 'g_stn_gpe_mult': 2.3951139745984324, 'g_gpe_stn_mult': 0.1832148069207517, 'g_stn_gpi_mult': 1.264926527263333, 'g_gpe_gpi_mult': 0.9146904182958444}. Best is trial 659 with value: 0.004342940221027415.
[I 2026-05-28 02:41:24,983] Trial 673 finished with value: 0.01095587372910635 and parameters: {'ISTN': 60.41232780603148, 'I_gpe': 1.0119732240908386, 'I_gpi': 2.2626203521585486, 'noise_stn_sigma': 1.3182545632957456, 'noise_gpe_sigma': 140.93394388695722, 'noise_gpi_sigma': 142.88931793659557, 'g_stn_gpe_mult': 2.3498785948561247, 'g_gpe_stn_mult': 0.18502282490515518, 'g_stn_gpi_mult': 1.3801255106510828, 'g_gpe_gpi_mult': 0.9457930768998013}. Best is trial 659 with value: 0.004342940221027415.
[I 2026-05-28 02:41:25,992] Trial 674 finished with value: 0.007576124388981116 and parameters: {'ISTN': 60.64614143658942, 'I_gpe': 1.0313078410039955, 'I_gpi': 2.2667281466483113, 'noise_stn_sigma': 1.2262437850303862, 'noise_gpe_sigma': 143.3576022097647, 'noise_gpi_sigma': 139.8137586700778, 'g_stn_gpe_mult': 2.4153708440235415, 'g_gpe_stn_mult': 0.1793048764560853, 'g_stn_gpi_mult': 1.2299316451076645, 'g_gpe_gpi_mult': 0.9288452451456879}. Best is trial 659 with value: 0.004342940221027415.
[I 2026-05-28 02:41:27,001] Trial 675 finished with value: 0.007471834643908496 and parameters: {'ISTN': 61.32511397379446, 'I_gpe': 1.1015432748623977, 'I_gpi': 2.2217830922340616, 'noise_stn_sigma': 1.1254381374213096, 'noise_gpe_sigma': 146.31555183258308, 'noise_gpi_sigma': 143.2611838488259, 'g_stn_gpe_mult': 2.411315986098102, 'g_gpe_stn_mult': 0.17034664501519575, 'g_stn_gpi_mult': 1.3156522925006386, 'g_gpe_gpi_mult': 0.9080079356799295}. Best is trial 659 with value: 0.004342940221027415.
[I 2026-05-28 02:41:28,010] Trial 676 finished with value: 0.013111767431819151 and parameters: {'ISTN': 60.00447662564429, 'I_gpe': 1.0675049876102796, 'I_gpi': 2.3100837326045385, 'noise_stn_sigma': 1.2587074339470017, 'noise_gpe_sigma': 143.97224473438484, 'noise_gpi_sigma': 137.88647995873276, 'g_stn_gpe_mult': 2.4165037987361058, 'g_gpe_stn_mult': 0.17491672012411782, 'g_stn_gpi_mult': 1.3491538376496406, 'g_gpe_gpi_mult': 0.9415758881625049}. Best is trial 659 with value: 0.004342940221027415.
[I 2026-05-28 02:41:29,016] Trial 677 finished with value: 0.01585148336157148 and parameters: {'ISTN': 61.467242239290314, 'I_gpe': 1.113401163991942, 'I_gpi': 2.3171528179970897, 'noise_stn_sigma': 1.22262182174175, 'noise_gpe_sigma': 141.32440172937825, 'noise_gpi_sigma': 141.24517465857525, 'g_stn_gpe_mult': 2.486608583165091, 'g_gpe_stn_mult': 0.16449631398442138, 'g_stn_gpi_mult': 1.2351770819825356, 'g_gpe_gpi_mult': 0.9019104841659262}. Best is trial 659 with value: 0.004342940221027415.
[I 2026-05-28 02:41:30,022] Trial 678 finished with value: 0.011018103061990905 and parameters: {'ISTN': 60.98468472801598, 'I_gpe': 1.1004039548430882, 'I_gpi': 2.2358727006939327, 'noise_stn_sigma': 1.2724113994338302, 'noise_gpe_sigma': 143.8511979577666, 'noise_gpi_sigma': 142.6688436426591, 'g_stn_gpe_mult': 2.3494793931372158, 'g_gpe_stn_mult': 0.16874747462158454, 'g_stn_gpi_mult': 1.304481811674945, 'g_gpe_gpi_mult': 0.8998926035209964}. Best is trial 659 with value: 0.004342940221027415.
[I 2026-05-28 02:41:31,032] Trial 679 finished with value: 0.005370316002680962 and parameters: {'ISTN': 60.06292397649481, 'I_gpe': 1.1376176692285824, 'I_gpi': 2.304675174733435, 'noise_stn_sigma': 1.1442281013162732, 'noise_gpe_sigma': 141.1059621686049, 'noise_gpi_sigma': 142.81632491770904, 'g_stn_gpe_mult': 2.4681149253635297, 'g_gpe_stn_mult': 0.1925391788111173, 'g_stn_gpi_mult': 1.2949805990847048, 'g_gpe_gpi_mult': 0.9249811938260128}. Best is trial 659 with value: 0.004342940221027415.
[I 2026-05-28 02:41:32,040] Trial 680 finished with value: 0.01661436662648233 and parameters: {'ISTN': 61.343477657300596, 'I_gpe': 1.0527346965731201, 'I_gpi': 2.2530759286166253, 'noise_stn_sigma': 1.1713031133071592, 'noise_gpe_sigma': 140.77708829609645, 'noise_gpi_sigma': 143.16151403294853, 'g_stn_gpe_mult': 2.476963303255393, 'g_gpe_stn_mult': 0.17929247200217185, 'g_stn_gpi_mult': 1.2694861006755542, 'g_gpe_gpi_mult': 0.9327313182208667}. Best is trial 659 with value: 0.004342940221027415.
[I 2026-05-28 02:41:33,048] Trial 681 finished with value: 0.016162475422824257 and parameters: {'ISTN': 60.53719099340844, 'I_gpe': 1.079151656556396, 'I_gpi': 2.417867991414293, 'noise_stn_sigma': 1.3759950123421911, 'noise_gpe_sigma': 143.81821471272139, 'noise_gpi_sigma': 140.37583828283545, 'g_stn_gpe_mult': 2.3846891729420916, 'g_gpe_stn_mult': 0.18675870930018773, 'g_stn_gpi_mult': 1.2591550820035007, 'g_gpe_gpi_mult': 0.9401128215760255}. Best is trial 659 with value: 0.004342940221027415.
[I 2026-05-28 02:41:34,056] Trial 682 finished with value: 0.00909400425439226 and parameters: {'ISTN': 60.88119171088357, 'I_gpe': 1.0916488753856373, 'I_gpi': 2.2179492676304653, 'noise_stn_sigma': 1.184701473676342, 'noise_gpe_sigma': 145.1802358443307, 'noise_gpi_sigma': 141.5028544364243, 'g_stn_gpe_mult': 2.496117331757678, 'g_gpe_stn_mult': 0.17412454916322342, 'g_stn_gpi_mult': 1.251816371610118, 'g_gpe_gpi_mult': 0.9155753384622425}. Best is trial 659 with value: 0.004342940221027415.
[I 2026-05-28 02:41:35,063] Trial 683 finished with value: 0.011297689696942557 and parameters: {'ISTN': 60.52443816844766, 'I_gpe': 1.0709674745277877, 'I_gpi': 2.23145901771608, 'noise_stn_sigma': 1.0316615500848472, 'noise_gpe_sigma': 139.06398386319773, 'noise_gpi_sigma': 144.74988299562384, 'g_stn_gpe_mult': 2.4975411463278974, 'g_gpe_stn_mult': 0.18604454215192182, 'g_stn_gpi_mult': 1.2517371430609527, 'g_gpe_gpi_mult': 0.9120315551135902}. Best is trial 659 with value: 0.004342940221027415.
[I 2026-05-28 02:41:36,072] Trial 684 finished with value: 0.03375160619702359 and parameters: {'ISTN': 61.51677825510461, 'I_gpe': 1.1209597099942994, 'I_gpi': 2.2844506900175117, 'noise_stn_sigma': 1.2154936893745305, 'noise_gpe_sigma': 142.5053417560756, 'noise_gpi_sigma': 142.17053875503112, 'g_stn_gpe_mult': 2.419004781408179, 'g_gpe_stn_mult': 0.1826974092511607, 'g_stn_gpi_mult': 1.3749824311334127, 'g_gpe_gpi_mult': 0.9024022856217566}. Best is trial 659 with value: 0.004342940221027415.
[I 2026-05-28 02:41:37,080] Trial 685 finished with value: 0.007145658513481926 and parameters: {'ISTN': 60.34383594447735, 'I_gpe': 1.078392838974476, 'I_gpi': 2.2470939318391565, 'noise_stn_sigma': 1.2045326625435766, 'noise_gpe_sigma': 144.4171443425521, 'noise_gpi_sigma': 142.7192770417605, 'g_stn_gpe_mult': 2.415795347400184, 'g_gpe_stn_mult': 0.18388898074313875, 'g_stn_gpi_mult': 1.253628067216972, 'g_gpe_gpi_mult': 0.9452858877455581}. Best is trial 659 with value: 0.004342940221027415.
[I 2026-05-28 02:41:38,091] Trial 686 finished with value: 0.009940780390685076 and parameters: {'ISTN': 60.60952695379596, 'I_gpe': 1.1346935729562222, 'I_gpi': 2.276428182901682, 'noise_stn_sigma': 1.175744155856402, 'noise_gpe_sigma': 141.71652079778573, 'noise_gpi_sigma': 141.4254442616917, 'g_stn_gpe_mult': 2.4488591328636833, 'g_gpe_stn_mult': 0.18208893122442793, 'g_stn_gpi_mult': 1.3416542795571282, 'g_gpe_gpi_mult': 0.9179506233292116}. Best is trial 659 with value: 0.004342940221027415.
[I 2026-05-28 02:41:39,098] Trial 687 finished with value: 0.016393016887787513 and parameters: {'ISTN': 60.495801093183054, 'I_gpe': 1.1343439215564635, 'I_gpi': 2.262207422945142, 'noise_stn_sigma': 1.0793937193568515, 'noise_gpe_sigma': 139.91450016352195, 'noise_gpi_sigma': 140.0968251685494, 'g_stn_gpe_mult': 2.5478075014697925, 'g_gpe_stn_mult': 0.18678900014754501, 'g_stn_gpi_mult': 1.3300468571057014, 'g_gpe_gpi_mult': 0.9132196256273357}. Best is trial 659 with value: 0.004342940221027415.
[I 2026-05-28 02:41:40,106] Trial 688 finished with value: 0.008759262974049008 and parameters: {'ISTN': 60.48228143698476, 'I_gpe': 1.1060454426282873, 'I_gpi': 2.252688650380154, 'noise_stn_sigma': 1.1370337578906147, 'noise_gpe_sigma': 141.48676305057091, 'noise_gpi_sigma': 142.9408604686982, 'g_stn_gpe_mult': 2.5353128105312392, 'g_gpe_stn_mult': 0.18046987464884434, 'g_stn_gpi_mult': 1.274242097944172, 'g_gpe_gpi_mult': 0.9109415412059074}. Best is trial 659 with value: 0.004342940221027415.
[I 2026-05-28 02:41:41,114] Trial 689 finished with value: 0.010354637175151971 and parameters: {'ISTN': 60.15939407198054, 'I_gpe': 1.114809679003277, 'I_gpi': 2.303377127004179, 'noise_stn_sigma': 1.4221457594731182, 'noise_gpe_sigma': 142.07973286287043, 'noise_gpi_sigma': 146.49254685273195, 'g_stn_gpe_mult': 2.428904024620558, 'g_gpe_stn_mult': 0.17667065743471144, 'g_stn_gpi_mult': 1.3173154172223427, 'g_gpe_gpi_mult': 0.9114549015302074}. Best is trial 659 with value: 0.004342940221027415.
[I 2026-05-28 02:41:42,121] Trial 690 finished with value: 0.013254284143105179 and parameters: {'ISTN': 61.423683215354814, 'I_gpe': 1.1378610871048105, 'I_gpi': 2.253708645324414, 'noise_stn_sigma': 1.336455666589983, 'noise_gpe_sigma': 143.35442955820662, 'noise_gpi_sigma': 141.3493090182788, 'g_stn_gpe_mult': 2.439186522738244, 'g_gpe_stn_mult': 0.16844656921921713, 'g_stn_gpi_mult': 1.3040490923661656, 'g_gpe_gpi_mult': 0.8974922222511916}. Best is trial 659 with value: 0.004342940221027415.
[I 2026-05-28 02:41:43,130] Trial 691 finished with value: 0.008755282433774622 and parameters: {'ISTN': 60.92938517338503, 'I_gpe': 1.038782900011013, 'I_gpi': 2.245640920556898, 'noise_stn_sigma': 1.1039471421756721, 'noise_gpe_sigma': 143.49183941364765, 'noise_gpi_sigma': 144.25227394350702, 'g_stn_gpe_mult': 2.4229547450947377, 'g_gpe_stn_mult': 0.17949879828749304, 'g_stn_gpi_mult': 1.3335262271810238, 'g_gpe_gpi_mult': 0.913975907112786}. Best is trial 659 with value: 0.004342940221027415.
[I 2026-05-28 02:41:44,138] Trial 692 finished with value: 0.0067950179152998 and parameters: {'ISTN': 60.5697319798624, 'I_gpe': 1.118089151025978, 'I_gpi': 2.2650349639723046, 'noise_stn_sigma': 1.0431057031982731, 'noise_gpe_sigma': 146.49071987636597, 'noise_gpi_sigma': 142.2257938841503, 'g_stn_gpe_mult': 2.382214842761221, 'g_gpe_stn_mult': 0.18689721683531518, 'g_stn_gpi_mult': 1.3237261470686676, 'g_gpe_gpi_mult': 0.938670772003023}. Best is trial 659 with value: 0.004342940221027415.
