[I 2026-05-28 02:44:38,503] Trial 865 finished with value: 0.0035625700556267963 and parameters: {'ISTN': 60.2211056113015, 'I_gpe': 1.1145114175248483, 'I_gpi': 2.2858852234654874, 'noise_stn_sigma': 1.0056746548091136, 'noise_gpe_sigma': 143.68103279436778, 'noise_gpi_sigma': 137.67399437829872, 'g_stn_gpe_mult': 2.4360457350291282, 'g_gpe_stn_mult': 0.18483652656516725, 'g_stn_gpi_mult': 1.258606182584932, 'g_gpe_gpi_mult': 0.9866640723101201}. Best is trial 850 with value: 0.0019336269705434892.
[I 2026-05-28 02:44:39,512] Trial 866 finished with value: 0.0065738968246966956 and parameters: {'ISTN': 60.19705646797334, 'I_gpe': 1.121483091069745, 'I_gpi': 2.281977506877058, 'noise_stn_sigma': 1.0624034680921375, 'noise_gpe_sigma': 146.0251408093764, 'noise_gpi_sigma': 137.7373187337506, 'g_stn_gpe_mult': 2.437807008259095, 'g_gpe_stn_mult': 0.18554391121894304, 'g_stn_gpi_mult': 1.2399526899674673, 'g_gpe_gpi_mult': 0.9913424998780997}. Best is trial 850 with value: 0.0019336269705434892.
[I 2026-05-28 02:44:40,522] Trial 867 finished with value: 0.004039334213349705 and parameters: {'ISTN': 60.44053477159164, 'I_gpe': 1.103917593624864, 'I_gpi': 2.3102195693081082, 'noise_stn_sigma': 1.0187470502439069, 'noise_gpe_sigma': 144.6721495658001, 'noise_gpi_sigma': 139.84153074560584, 'g_stn_gpe_mult': 2.4457779113380456, 'g_gpe_stn_mult': 0.18257753127226056, 'g_stn_gpi_mult': 1.2593420653069312, 'g_gpe_gpi_mult': 0.9893717158374558}. Best is trial 850 with value: 0.0019336269705434892.
[I 2026-05-28 02:44:41,532] Trial 868 finished with value: 0.003964528423365521 and parameters: {'ISTN': 60.18897041633667, 'I_gpe': 1.11247704623029, 'I_gpi': 2.30690889351179, 'noise_stn_sigma': 1.0975980552253997, 'noise_gpe_sigma': 144.49143596931697, 'noise_gpi_sigma': 138.0516394228293, 'g_stn_gpe_mult': 2.4560417965224115, 'g_gpe_stn_mult': 0.188572138182865, 'g_stn_gpi_mult': 1.2472525773902983, 'g_gpe_gpi_mult': 0.9772248622082425}. Best is trial 850 with value: 0.0019336269705434892.
[I 2026-05-28 02:44:42,542] Trial 869 finished with value: 0.005861240087951994 and parameters: {'ISTN': 60.14205393888797, 'I_gpe': 1.105395834867573, 'I_gpi': 2.3080395092258703, 'noise_stn_sigma': 1.0105022429377475, 'noise_gpe_sigma': 145.3584405403979, 'noise_gpi_sigma': 137.95425005362785, 'g_stn_gpe_mult': 2.4029123923239486, 'g_gpe_stn_mult': 0.19005154862882895, 'g_stn_gpi_mult': 1.2572657419104312, 'g_gpe_gpi_mult': 0.9900348099024179}. Best is trial 850 with value: 0.0019336269705434892.
[I 2026-05-28 02:44:43,551] Trial 870 finished with value: 0.0043018146536205155 and parameters: {'ISTN': 60.27946796180094, 'I_gpe': 1.0938882256791702, 'I_gpi': 2.299416799834143, 'noise_stn_sigma': 1.0550533307427348, 'noise_gpe_sigma': 144.60122637872882, 'noise_gpi_sigma': 138.25174284918458, 'g_stn_gpe_mult': 2.4479061131718476, 'g_gpe_stn_mult': 0.1837942561408231, 'g_stn_gpi_mult': 1.2554884976335, 'g_gpe_gpi_mult': 0.9874823135294597}. Best is trial 850 with value: 0.0019336269705434892.
[I 2026-05-28 02:44:44,559] Trial 871 finished with value: 0.004295281820316501 and parameters: {'ISTN': 60.059826771836626, 'I_gpe': 1.1226573783670615, 'I_gpi': 2.2975646588991445, 'noise_stn_sigma': 1.080577689453676, 'noise_gpe_sigma': 143.67169683875352, 'noise_gpi_sigma': 137.66946644711885, 'g_stn_gpe_mult': 2.4531635840172985, 'g_gpe_stn_mult': 0.18677969975706393, 'g_stn_gpi_mult': 1.2834073428723591, 'g_gpe_gpi_mult': 0.9859008927561153}. Best is trial 850 with value: 0.0019336269705434892.
[I 2026-05-28 02:44:45,566] Trial 872 finished with value: 0.0021730676042369277 and parameters: {'ISTN': 60.118507585426286, 'I_gpe': 1.1094900676777268, 'I_gpi': 2.287472508964174, 'noise_stn_sigma': 1.0322987421254821, 'noise_gpe_sigma': 144.6810113901078, 'noise_gpi_sigma': 137.15465531655292, 'g_stn_gpe_mult': 2.484413404968386, 'g_gpe_stn_mult': 0.18874871141252178, 'g_stn_gpi_mult': 1.2491101038761407, 'g_gpe_gpi_mult': 0.994137925794915}. Best is trial 850 with value: 0.0019336269705434892.
[I 2026-05-28 02:44:46,574] Trial 873 finished with value: 0.0038913255017700827 and parameters: {'ISTN': 60.0873574091842, 'I_gpe': 1.1172325859744365, 'I_gpi': 2.2827251568061326, 'noise_stn_sigma': 1.0809952275298251, 'noise_gpe_sigma': 146.24360100723152, 'noise_gpi_sigma': 138.18561219636473, 'g_stn_gpe_mult': 2.4080136116835975, 'g_gpe_stn_mult': 0.1857325293722836, 'g_stn_gpi_mult': 1.2527511108124298, 'g_gpe_gpi_mult': 0.9920911672355233}. Best is trial 850 with value: 0.0019336269705434892.
[I 2026-05-28 02:44:47,584] Trial 874 finished with value: 0.004605618208214276 and parameters: {'ISTN': 60.48410892698289, 'I_gpe': 1.1152765515342673, 'I_gpi': 2.296572945453934, 'noise_stn_sigma': 1.0112525359437001, 'noise_gpe_sigma': 144.42514848814676, 'noise_gpi_sigma': 137.86524929048073, 'g_stn_gpe_mult': 2.4659456267672155, 'g_gpe_stn_mult': 0.17671571482164, 'g_stn_gpi_mult': 1.2426221203971395, 'g_gpe_gpi_mult': 0.9850393443700531}. Best is trial 850 with value: 0.0019336269705434892.
[I 2026-05-28 02:44:48,593] Trial 875 finished with value: 0.0032781753221995326 and parameters: {'ISTN': 60.233838802554196, 'I_gpe': 1.1028386326164, 'I_gpi': 2.2799016317344574, 'noise_stn_sigma': 1.0940121483416678, 'noise_gpe_sigma': 144.66994903714294, 'noise_gpi_sigma': 137.76832829505935, 'g_stn_gpe_mult': 2.457114181023829, 'g_gpe_stn_mult': 0.18438043152067363, 'g_stn_gpi_mult': 1.2651088653785403, 'g_gpe_gpi_mult': 1.0039081445527727}. Best is trial 850 with value: 0.0019336269705434892.
[I 2026-05-28 02:44:49,601] Trial 876 finished with value: 0.003985575153161532 and parameters: {'ISTN': 60.13786301723743, 'I_gpe': 1.1058533884496016, 'I_gpi': 2.2734319690227345, 'noise_stn_sigma': 1.0668453549742067, 'noise_gpe_sigma': 145.9966869246685, 'noise_gpi_sigma': 137.35833562772626, 'g_stn_gpe_mult': 2.453140991913826, 'g_gpe_stn_mult': 0.18527232117635, 'g_stn_gpi_mult': 1.2596208956737014, 'g_gpe_gpi_mult': 0.9849085921039986}. Best is trial 850 with value: 0.0019336269705434892.
[I 2026-05-28 02:44:50,608] Trial 877 finished with value: 0.0028037991275652956 and parameters: {'ISTN': 60.134289028444684, 'I_gpe': 1.1031917810705676, 'I_gpi': 2.3136680330020836, 'noise_stn_sigma': 1.0057929677451676, 'noise_gpe_sigma': 144.22090968032109, 'noise_gpi_sigma': 138.46802721738896, 'g_stn_gpe_mult': 2.4447868690943526, 'g_gpe_stn_mult': 0.18730892107186672, 'g_stn_gpi_mult': 1.2248873068870372, 'g_gpe_gpi_mult': 0.9785394819085946}. Best is trial 850 with value: 0.0019336269705434892.
[I 2026-05-28 02:44:51,613] Trial 878 finished with value: 0.004316733361699057 and parameters: {'ISTN': 60.23963250721123, 'I_gpe': 1.116446634799146, 'I_gpi': 2.3002344238423387, 'noise_stn_sigma': 1.0260055726566437, 'noise_gpe_sigma': 143.49638760153334, 'noise_gpi_sigma': 138.72387115630784, 'g_stn_gpe_mult': 2.452565785251681, 'g_gpe_stn_mult': 0.18684119788705952, 'g_stn_gpi_mult': 1.2679657119901324, 'g_gpe_gpi_mult': 0.9826144292092469}. Best is trial 850 with value: 0.0019336269705434892.
[I 2026-05-28 02:44:52,621] Trial 879 finished with value: 0.004812693680182204 and parameters: {'ISTN': 60.568101851843714, 'I_gpe': 1.0873471665859866, 'I_gpi': 2.26456803602523, 'noise_stn_sigma': 1.0196695766307118, 'noise_gpe_sigma': 145.35094354769527, 'noise_gpi_sigma': 138.23441517586335, 'g_stn_gpe_mult': 2.431507681206538, 'g_gpe_stn_mult': 0.1803109490787354, 'g_stn_gpi_mult': 1.2454927673435092, 'g_gpe_gpi_mult': 0.9821756330582878}. Best is trial 850 with value: 0.0019336269705434892.
[I 2026-05-28 02:44:53,629] Trial 880 finished with value: 0.0049344019094143725 and parameters: {'ISTN': 60.635029455719874, 'I_gpe': 1.1498774269648515, 'I_gpi': 2.2822939591721174, 'noise_stn_sigma': 1.0634715630793672, 'noise_gpe_sigma': 144.21653425560174, 'noise_gpi_sigma': 135.96374049444444, 'g_stn_gpe_mult': 2.4584032238142255, 'g_gpe_stn_mult': 0.17869856816666013, 'g_stn_gpi_mult': 1.2604561120078486, 'g_gpe_gpi_mult': 0.9883551078103792}. Best is trial 850 with value: 0.0019336269705434892.
[I 2026-05-28 02:44:54,639] Trial 881 finished with value: 0.0033565508181660595 and parameters: {'ISTN': 60.282557054195564, 'I_gpe': 1.0828375390455194, 'I_gpi': 2.2856908111271106, 'noise_stn_sigma': 1.0280832051352624, 'noise_gpe_sigma': 144.495074540382, 'noise_gpi_sigma': 138.91123098953736, 'g_stn_gpe_mult': 2.49835234451304, 'g_gpe_stn_mult': 0.1876219227019718, 'g_stn_gpi_mult': 1.212756112979184, 'g_gpe_gpi_mult': 0.988069980787369}. Best is trial 850 with value: 0.0019336269705434892.
[I 2026-05-28 02:44:55,647] Trial 882 finished with value: 0.004648807031894402 and parameters: {'ISTN': 60.24821537766854, 'I_gpe': 1.0958621305589213, 'I_gpi': 2.277388271288954, 'noise_stn_sigma': 1.052689979801307, 'noise_gpe_sigma': 144.61792629210015, 'noise_gpi_sigma': 137.90602293919312, 'g_stn_gpe_mult': 2.4642814104073794, 'g_gpe_stn_mult': 0.18681205305866067, 'g_stn_gpi_mult': 1.2412861787809162, 'g_gpe_gpi_mult': 0.9951678480637398}. Best is trial 850 with value: 0.0019336269705434892.
[I 2026-05-28 02:44:56,657] Trial 883 finished with value: 0.004610669414357856 and parameters: {'ISTN': 60.13082555957768, 'I_gpe': 1.0810569488048576, 'I_gpi': 2.2928752580441185, 'noise_stn_sigma': 1.032898544207344, 'noise_gpe_sigma': 144.26538680784714, 'noise_gpi_sigma': 137.73855837788975, 'g_stn_gpe_mult': 2.481180101237535, 'g_gpe_stn_mult': 0.1935536043088954, 'g_stn_gpi_mult': 1.241828457097979, 'g_gpe_gpi_mult': 0.992825394836061}. Best is trial 850 with value: 0.0019336269705434892.
[I 2026-05-28 02:44:57,664] Trial 884 finished with value: 0.005870215358156254 and parameters: {'ISTN': 60.24383736637415, 'I_gpe': 1.1198333781518488, 'I_gpi': 2.2849810047717938, 'noise_stn_sigma': 1.1828052130621216, 'noise_gpe_sigma': 143.6940176441442, 'noise_gpi_sigma': 137.64515679387836, 'g_stn_gpe_mult': 2.455407791580412, 'g_gpe_stn_mult': 0.18435567701809266, 'g_stn_gpi_mult': 1.2598563216407581, 'g_gpe_gpi_mult': 0.9869128979189721}. Best is trial 850 with value: 0.0019336269705434892.
[I 2026-05-28 02:44:58,673] Trial 885 finished with value: 0.004271344121781326 and parameters: {'ISTN': 60.26930427723446, 'I_gpe': 1.098763091696843, 'I_gpi': 2.2922095670668745, 'noise_stn_sigma': 1.0710722124041114, 'noise_gpe_sigma': 144.90085145227414, 'noise_gpi_sigma': 137.64860228400536, 'g_stn_gpe_mult': 2.486089146588884, 'g_gpe_stn_mult': 0.18826593462141183, 'g_stn_gpi_mult': 1.2231955621841377, 'g_gpe_gpi_mult': 0.9862030667171218}. Best is trial 850 with value: 0.0019336269705434892.
[I 2026-05-28 02:44:59,681] Trial 886 finished with value: 0.003268946271579019 and parameters: {'ISTN': 60.1336570259886, 'I_gpe': 1.1226393900770315, 'I_gpi': 2.281111623507212, 'noise_stn_sigma': 1.0187876946288645, 'noise_gpe_sigma': 143.7723818677191, 'noise_gpi_sigma': 137.656326674644, 'g_stn_gpe_mult': 2.4467819010123746, 'g_gpe_stn_mult': 0.18629612981024232, 'g_stn_gpi_mult': 1.2588130832306608, 'g_gpe_gpi_mult': 0.9973452553650568}. Best is trial 850 with value: 0.0019336269705434892.
[I 2026-05-28 02:45:00,689] Trial 887 finished with value: 0.0032911372719328516 and parameters: {'ISTN': 60.121718999108175, 'I_gpe': 1.1138781928703636, 'I_gpi': 2.2877485946828733, 'noise_stn_sigma': 1.0503334644748819, 'noise_gpe_sigma': 145.09734051637665, 'noise_gpi_sigma': 138.3179302977512, 'g_stn_gpe_mult': 2.4729419484396518, 'g_gpe_stn_mult': 0.18970249650674742, 'g_stn_gpi_mult': 1.2510733141183994, 'g_gpe_gpi_mult': 0.9931708456621242}. Best is trial 850 with value: 0.0019336269705434892.
[I 2026-05-28 02:45:01,697] Trial 888 finished with value: 0.003589065568551551 and parameters: {'ISTN': 60.183957636159505, 'I_gpe': 1.1064633361767728, 'I_gpi': 2.303984476047355, 'noise_stn_sigma': 1.0133564208782155, 'noise_gpe_sigma': 143.78244829386745, 'noise_gpi_sigma': 138.27318731900488, 'g_stn_gpe_mult': 2.473143637159543, 'g_gpe_stn_mult': 0.1866926611111715, 'g_stn_gpi_mult': 1.2478371525409422, 'g_gpe_gpi_mult': 1.0003875966844227}. Best is trial 850 with value: 0.0019336269705434892.
[I 2026-05-28 02:45:02,708] Trial 889 finished with value: 0.0026752339316910585 and parameters: {'ISTN': 60.12665038569232, 'I_gpe': 1.102929392282689, 'I_gpi': 2.3015466841438927, 'noise_stn_sigma': 1.0462983583405745, 'noise_gpe_sigma': 145.01993734772935, 'noise_gpi_sigma': 138.17124743600567, 'g_stn_gpe_mult': 2.4611446982115144, 'g_gpe_stn_mult': 0.18576659504369003, 'g_stn_gpi_mult': 1.2328622195277514, 'g_gpe_gpi_mult': 0.9951333656565129}. Best is trial 850 with value: 0.0019336269705434892.
[I 2026-05-28 02:45:03,719] Trial 890 finished with value: 0.006185862201113681 and parameters: {'ISTN': 60.41793088232343, 'I_gpe': 1.104879575950868, 'I_gpi': 2.293978540280641, 'noise_stn_sigma': 1.0317594482053143, 'noise_gpe_sigma': 144.2730993566859, 'noise_gpi_sigma': 138.2444000942231, 'g_stn_gpe_mult': 2.4470510503535965, 'g_gpe_stn_mult': 0.18575853849398058, 'g_stn_gpi_mult': 1.2496219870097196, 'g_gpe_gpi_mult': 0.9900579247269163}. Best is trial 850 with value: 0.0019336269705434892.
[I 2026-05-28 02:45:04,732] Trial 891 finished with value: 0.003983301763858735 and parameters: {'ISTN': 60.21992520553319, 'I_gpe': 1.106269075383537, 'I_gpi': 2.3096210543274847, 'noise_stn_sigma': 1.0591485557256988, 'noise_gpe_sigma': 143.6183586803983, 'noise_gpi_sigma': 137.81120539252385, 'g_stn_gpe_mult': 2.4766617500735437, 'g_gpe_stn_mult': 0.18357455006376283, 'g_stn_gpi_mult': 1.2252378576331544, 'g_gpe_gpi_mult': 1.0057288173070336}. Best is trial 850 with value: 0.0019336269705434892.
[I 2026-05-28 02:45:05,741] Trial 892 finished with value: 0.0030356597200257764 and parameters: {'ISTN': 60.10717877775928, 'I_gpe': 1.1238848026952843, 'I_gpi': 2.274529813425066, 'noise_stn_sigma': 1.0535963181326435, 'noise_gpe_sigma': 144.16471267807094, 'noise_gpi_sigma': 136.54675382689882, 'g_stn_gpe_mult': 2.4358251796839308, 'g_gpe_stn_mult': 0.18650196114287643, 'g_stn_gpi_mult': 1.2663942160045127, 'g_gpe_gpi_mult': 0.9964093774158154}. Best is trial 850 with value: 0.0019336269705434892.
[I 2026-05-28 02:45:06,752] Trial 893 finished with value: 0.0036434253861074165 and parameters: {'ISTN': 60.018318417481034, 'I_gpe': 1.0903264394267527, 'I_gpi': 2.301051199195986, 'noise_stn_sigma': 1.0517507441427987, 'noise_gpe_sigma': 144.79102726836737, 'noise_gpi_sigma': 137.98440153323048, 'g_stn_gpe_mult': 2.465298238167369, 'g_gpe_stn_mult': 0.1881025507542477, 'g_stn_gpi_mult': 1.2417805796431762, 'g_gpe_gpi_mult': 1.0076688555510898}. Best is trial 850 with value: 0.0019336269705434892.
[I 2026-05-28 02:45:07,762] Trial 894 finished with value: 0.0032448721767722394 and parameters: {'ISTN': 60.30378437663279, 'I_gpe': 1.111860713732172, 'I_gpi': 2.286677496254989, 'noise_stn_sigma': 1.0227779531997696, 'noise_gpe_sigma': 143.20759858194575, 'noise_gpi_sigma': 138.67119870427126, 'g_stn_gpe_mult': 2.4574364985490815, 'g_gpe_stn_mult': 0.18816411082674717, 'g_stn_gpi_mult': 1.2458001516724848, 'g_gpe_gpi_mult': 1.0046883523023562}. Best is trial 850 with value: 0.0019336269705434892.
[I 2026-05-28 02:45:08,770] Trial 895 finished with value: 0.006452116209948312 and parameters: {'ISTN': 60.22839832482458, 'I_gpe': 1.1172987218648132, 'I_gpi': 2.2576437946438537, 'noise_stn_sigma': 1.0782007469123531, 'noise_gpe_sigma': 143.6652981190519, 'noise_gpi_sigma': 139.17054318785347, 'g_stn_gpe_mult': 2.463098618610271, 'g_gpe_stn_mult': 0.1829313455979567, 'g_stn_gpi_mult': 1.2300374041996722, 'g_gpe_gpi_mult': 0.9837358934441143}. Best is trial 850 with value: 0.0019336269705434892.
[I 2026-05-28 02:45:09,778] Trial 896 finished with value: 0.0032783158153792177 and parameters: {'ISTN': 60.02925464464964, 'I_gpe': 1.1082048195377137, 'I_gpi': 2.284615943366156, 'noise_stn_sigma': 1.0315568466241871, 'noise_gpe_sigma': 143.96340001791668, 'noise_gpi_sigma': 138.79722984795114, 'g_stn_gpe_mult': 2.4360320274317413, 'g_gpe_stn_mult': 0.1861573381945404, 'g_stn_gpi_mult': 1.233494983127788, 'g_gpe_gpi_mult': 0.9825754520706647}. Best is trial 850 with value: 0.0019336269705434892.
[I 2026-05-28 02:45:10,787] Trial 897 finished with value: 0.003940257085619805 and parameters: {'ISTN': 60.3484914592456, 'I_gpe': 1.122326632973715, 'I_gpi': 2.3146350616467952, 'noise_stn_sigma': 1.0200845738812405, 'noise_gpe_sigma': 142.95198080108378, 'noise_gpi_sigma': 138.31491853221164, 'g_stn_gpe_mult': 2.4840920900272137, 'g_gpe_stn_mult': 0.18484957974315086, 'g_stn_gpi_mult': 1.2656507265878316, 'g_gpe_gpi_mult': 0.9964330218721984}. Best is trial 850 with value: 0.0019336269705434892.
[I 2026-05-28 02:45:11,796] Trial 898 finished with value: 0.004087778457496671 and parameters: {'ISTN': 60.30114409166398, 'I_gpe': 1.0921359700565918, 'I_gpi': 2.312679352138339, 'noise_stn_sigma': 1.0386758717160944, 'noise_gpe_sigma': 144.5825970810441, 'noise_gpi_sigma': 138.9286367571671, 'g_stn_gpe_mult': 2.4584569391670987, 'g_gpe_stn_mult': 0.18497721997039174, 'g_stn_gpi_mult': 1.225245964190175, 'g_gpe_gpi_mult': 0.9931391730788628}. Best is trial 850 with value: 0.0019336269705434892.
[I 2026-05-28 02:45:12,807] Trial 899 finished with value: 0.005466415183089605 and parameters: {'ISTN': 60.150204715548995, 'I_gpe': 1.0998973630387605, 'I_gpi': 2.2795337248513285, 'noise_stn_sigma': 1.1314937125257325, 'noise_gpe_sigma': 144.13097050970913, 'noise_gpi_sigma': 138.29134723360113, 'g_stn_gpe_mult': 2.494673350462409, 'g_gpe_stn_mult': 0.18490101967359399, 'g_stn_gpi_mult': 1.208792801607391, 'g_gpe_gpi_mult': 0.9863927015958847}. Best is trial 850 with value: 0.0019336269705434892.
[I 2026-05-28 02:45:13,814] Trial 900 finished with value: 0.0038931219511475577 and parameters: {'ISTN': 60.286536324128704, 'I_gpe': 1.109556506204215, 'I_gpi': 2.2882046577985364, 'noise_stn_sigma': 1.0729772719045212, 'noise_gpe_sigma': 144.1947140658935, 'noise_gpi_sigma': 138.4411694553034, 'g_stn_gpe_mult': 2.429175353357764, 'g_gpe_stn_mult': 0.18590510265657306, 'g_stn_gpi_mult': 1.263368168680634, 'g_gpe_gpi_mult': 0.979625294625259}. Best is trial 850 with value: 0.0019336269705434892.
[I 2026-05-28 02:45:14,823] Trial 901 finished with value: 0.0037584411444508492 and parameters: {'ISTN': 60.036969286044666, 'I_gpe': 1.1229684070382704, 'I_gpi': 2.26507231691691, 'noise_stn_sigma': 1.0539303028736706, 'noise_gpe_sigma': 143.60035194333176, 'noise_gpi_sigma': 138.53222413951784, 'g_stn_gpe_mult': 2.435395804476877, 'g_gpe_stn_mult': 0.18670596246938242, 'g_stn_gpi_mult': 1.258243264042581, 'g_gpe_gpi_mult': 0.9953817474754023}. Best is trial 850 with value: 0.0019336269705434892.
[I 2026-05-28 02:45:15,829] Trial 902 finished with value: 0.004983920651045478 and parameters: {'ISTN': 60.193399603746386, 'I_gpe': 1.1058835102388316, 'I_gpi': 2.2828313765333985, 'noise_stn_sigma': 1.0485699961837787, 'noise_gpe_sigma': 145.02379455734695, 'noise_gpi_sigma': 137.23814381487801, 'g_stn_gpe_mult': 2.4137481667692846, 'g_gpe_stn_mult': 0.18731145447230835, 'g_stn_gpi_mult': 1.2545277883533257, 'g_gpe_gpi_mult': 0.9978062221785464}. Best is trial 850 with value: 0.0019336269705434892.
[I 2026-05-28 02:45:16,836] Trial 903 finished with value: 0.0033668987366018595 and parameters: {'ISTN': 60.01245124928224, 'I_gpe': 1.1068716938295469, 'I_gpi': 2.274021405349176, 'noise_stn_sigma': 1.0273776967427073, 'noise_gpe_sigma': 143.36776372365273, 'noise_gpi_sigma': 137.72980968710306, 'g_stn_gpe_mult': 2.46428021163614, 'g_gpe_stn_mult': 0.1882683719807969, 'g_stn_gpi_mult': 1.2336612754944585, 'g_gpe_gpi_mult': 1.002940972136482}. Best is trial 850 with value: 0.0019336269705434892.
[I 2026-05-28 02:45:17,843] Trial 904 finished with value: 0.0054811239624618325 and parameters: {'ISTN': 60.126088356584894, 'I_gpe': 1.1222879341168188, 'I_gpi': 2.2787627121165803, 'noise_stn_sigma': 1.0609880973967245, 'noise_gpe_sigma': 143.93777073596283, 'noise_gpi_sigma': 136.52629864103204, 'g_stn_gpe_mult': 2.435699009680415, 'g_gpe_stn_mult': 0.18436731144650143, 'g_stn_gpi_mult': 1.2599861644321375, 'g_gpe_gpi_mult': 1.01274517004775}. Best is trial 850 with value: 0.0019336269705434892.
[I 2026-05-28 02:45:18,852] Trial 905 finished with value: 0.004260684330878186 and parameters: {'ISTN': 60.3113049620529, 'I_gpe': 1.1063528155081808, 'I_gpi': 2.278631841722265, 'noise_stn_sigma': 1.0474705648541298, 'noise_gpe_sigma': 143.97793712313074, 'noise_gpi_sigma': 138.56055652094386, 'g_stn_gpe_mult': 2.4277646417755627, 'g_gpe_stn_mult': 0.18793728059642223, 'g_stn_gpi_mult': 1.2623203319000564, 'g_gpe_gpi_mult': 0.985252599604439}. Best is trial 850 with value: 0.0019336269705434892.
[I 2026-05-28 02:45:19,860] Trial 906 finished with value: 0.005104799626318244 and parameters: {'ISTN': 60.215823450911806, 'I_gpe': 1.1223256438679474, 'I_gpi': 2.3071524716603236, 'noise_stn_sigma': 1.0459418939430842, 'noise_gpe_sigma': 143.2318236763288, 'noise_gpi_sigma': 137.44955801755202, 'g_stn_gpe_mult': 2.4269637152114574, 'g_gpe_stn_mult': 0.1839990278897778, 'g_stn_gpi_mult': 1.2615828098021256, 'g_gpe_gpi_mult': 1.0008217420560062}. Best is trial 850 with value: 0.0019336269705434892.
[I 2026-05-28 02:45:20,869] Trial 907 finished with value: 0.00272157491638887 and parameters: {'ISTN': 60.26900964549173, 'I_gpe': 1.1276848833193593, 'I_gpi': 2.2824210399184457, 'noise_stn_sigma': 1.0585278244297551, 'noise_gpe_sigma': 143.17067397353247, 'noise_gpi_sigma': 137.44597125933984, 'g_stn_gpe_mult': 2.4298092875706407, 'g_gpe_stn_mult': 0.18296533724869551, 'g_stn_gpi_mult': 1.2439971265064014, 'g_gpe_gpi_mult': 1.009298485980539}. Best is trial 850 with value: 0.0019336269705434892.
