[I 2026-05-28 01:36:59,548] Trial 880 finished with value: 0.14020547652573057 and parameters: {'ISTN': 61.26707174710273, 'I_gpe': 1.232211362091721, 'I_gpi': 2.1571703843683285, 'noise_stn_sigma': 1.5577850675659959, 'noise_gpe_sigma': 99.17155999862334, 'noise_gpi_sigma': 98.07380310292484, 'g_stn_gpe_mult': 2.3399989553976357, 'g_gpe_stn_mult': 0.16007028314194177, 'g_stn_gpi_mult': 1.8560407801275363, 'g_gpe_gpi_mult': 0.7578472555448295}. Best is trial 852 with value: 0.12405987645770458.
[I 2026-05-28 01:37:00,553] Trial 881 finished with value: 0.1370284881240223 and parameters: {'ISTN': 60.57517073178036, 'I_gpe': 1.2755527035822651, 'I_gpi': 2.1572279907620646, 'noise_stn_sigma': 1.5293866572168917, 'noise_gpe_sigma': 94.32015139453331, 'noise_gpi_sigma': 100.344662294275, 'g_stn_gpe_mult': 2.2403017462452457, 'g_gpe_stn_mult': 0.18124011463310247, 'g_stn_gpi_mult': 1.7188435200158334, 'g_gpe_gpi_mult': 0.7366443236125886}. Best is trial 852 with value: 0.12405987645770458.
[I 2026-05-28 01:37:01,558] Trial 882 finished with value: 0.12837014931599042 and parameters: {'ISTN': 60.35929352527617, 'I_gpe': 1.1856342062973262, 'I_gpi': 2.1329405379647195, 'noise_stn_sigma': 1.5670510993237747, 'noise_gpe_sigma': 95.62532783722475, 'noise_gpi_sigma': 94.5858006062103, 'g_stn_gpe_mult': 2.540842779719796, 'g_gpe_stn_mult': 0.18397772095084586, 'g_stn_gpi_mult': 1.8516033752214307, 'g_gpe_gpi_mult': 0.7592319313241653}. Best is trial 852 with value: 0.12405987645770458.
[I 2026-05-28 01:37:02,564] Trial 883 finished with value: 0.15841688391969416 and parameters: {'ISTN': 61.7405978565771, 'I_gpe': 1.1573931607906536, 'I_gpi': 2.131888557815026, 'noise_stn_sigma': 1.4028910139616828, 'noise_gpe_sigma': 98.09366924875293, 'noise_gpi_sigma': 90.46447597452719, 'g_stn_gpe_mult': 2.4085284957908897, 'g_gpe_stn_mult': 0.1819870411318028, 'g_stn_gpi_mult': 1.8482689838045119, 'g_gpe_gpi_mult': 0.8065667448377896}. Best is trial 852 with value: 0.12405987645770458.
[I 2026-05-28 01:37:03,568] Trial 884 finished with value: 0.1283130952755005 and parameters: {'ISTN': 60.805583141876426, 'I_gpe': 1.1601591297599827, 'I_gpi': 2.131669721918894, 'noise_stn_sigma': 1.3972853062498558, 'noise_gpe_sigma': 96.66489434271425, 'noise_gpi_sigma': 89.70168375319118, 'g_stn_gpe_mult': 2.4185701920873366, 'g_gpe_stn_mult': 0.1760047228783554, 'g_stn_gpi_mult': 1.8350257770270482, 'g_gpe_gpi_mult': 0.7687041663323995}. Best is trial 852 with value: 0.12405987645770458.
[I 2026-05-28 01:37:04,574] Trial 885 finished with value: 0.14648513768917143 and parameters: {'ISTN': 61.108879870801374, 'I_gpe': 1.2150074937469895, 'I_gpi': 2.21051868088698, 'noise_stn_sigma': 1.3112959601675476, 'noise_gpe_sigma': 99.19417915327665, 'noise_gpi_sigma': 91.48491870308821, 'g_stn_gpe_mult': 2.4383460579008185, 'g_gpe_stn_mult': 0.186589439318325, 'g_stn_gpi_mult': 1.809054700344307, 'g_gpe_gpi_mult': 0.7856138469761185}. Best is trial 852 with value: 0.12405987645770458.
[I 2026-05-28 01:37:05,580] Trial 886 finished with value: 0.1301298382769753 and parameters: {'ISTN': 60.06189294012951, 'I_gpe': 1.2041580156095024, 'I_gpi': 2.0335649341848043, 'noise_stn_sigma': 1.5294363892375014, 'noise_gpe_sigma': 100.07338887228849, 'noise_gpi_sigma': 91.98623820742705, 'g_stn_gpe_mult': 2.4002461523160017, 'g_gpe_stn_mult': 0.18511960028905186, 'g_stn_gpi_mult': 1.9159696357054772, 'g_gpe_gpi_mult': 0.7712102500827871}. Best is trial 852 with value: 0.12405987645770458.
[I 2026-05-28 01:37:06,584] Trial 887 finished with value: 0.1224659354840325 and parameters: {'ISTN': 60.10555928098522, 'I_gpe': 1.2246074141375307, 'I_gpi': 2.1431564340033393, 'noise_stn_sigma': 1.770138054978109, 'noise_gpe_sigma': 96.54658752823379, 'noise_gpi_sigma': 87.88764567987131, 'g_stn_gpe_mult': 2.390276253998592, 'g_gpe_stn_mult': 0.18242801809673415, 'g_stn_gpi_mult': 1.850511746006834, 'g_gpe_gpi_mult': 0.7541331612612394}. Best is trial 887 with value: 0.1224659354840325.
[I 2026-05-28 01:37:07,590] Trial 888 finished with value: 0.14870198556789074 and parameters: {'ISTN': 62.03442320249442, 'I_gpe': 1.2537857330624416, 'I_gpi': 2.0205989285330235, 'noise_stn_sigma': 1.7560949057777482, 'noise_gpe_sigma': 96.49168670329236, 'noise_gpi_sigma': 87.26070783511348, 'g_stn_gpe_mult': 2.4257826828452997, 'g_gpe_stn_mult': 0.16152238357424237, 'g_stn_gpi_mult': 1.8963027786597908, 'g_gpe_gpi_mult': 0.8020998448644343}. Best is trial 887 with value: 0.1224659354840325.
[I 2026-05-28 01:37:08,595] Trial 889 finished with value: 0.13555785466508552 and parameters: {'ISTN': 60.919557210457555, 'I_gpe': 1.180932313466756, 'I_gpi': 2.0973124926068416, 'noise_stn_sigma': 1.2963851089918257, 'noise_gpe_sigma': 100.53490600304276, 'noise_gpi_sigma': 93.57030634364007, 'g_stn_gpe_mult': 2.352284964142781, 'g_gpe_stn_mult': 0.18384019389359796, 'g_stn_gpi_mult': 1.84764194815435, 'g_gpe_gpi_mult': 0.7757075212549949}. Best is trial 887 with value: 0.1224659354840325.
[I 2026-05-28 01:37:09,599] Trial 890 finished with value: 0.1432967852446143 and parameters: {'ISTN': 60.746215135510475, 'I_gpe': 1.198625849397517, 'I_gpi': 2.0880722770242732, 'noise_stn_sigma': 1.4505212367511386, 'noise_gpe_sigma': 99.52747605364101, 'noise_gpi_sigma': 92.83425624459836, 'g_stn_gpe_mult': 2.3542883176297353, 'g_gpe_stn_mult': 0.18970427651935928, 'g_stn_gpi_mult': 1.8295878682007267, 'g_gpe_gpi_mult': 0.7690114607573495}. Best is trial 887 with value: 0.1224659354840325.
[I 2026-05-28 01:37:10,607] Trial 891 finished with value: 0.126127306563324 and parameters: {'ISTN': 60.1881175745123, 'I_gpe': 1.1481037455314402, 'I_gpi': 2.1694667990977083, 'noise_stn_sigma': 1.5187847113485193, 'noise_gpe_sigma': 98.59325947522902, 'noise_gpi_sigma': 93.15013647466256, 'g_stn_gpe_mult': 2.442930376945274, 'g_gpe_stn_mult': 0.18445545425068727, 'g_stn_gpi_mult': 1.8198932104878878, 'g_gpe_gpi_mult': 0.7786391584979724}. Best is trial 887 with value: 0.1224659354840325.
[I 2026-05-28 01:37:11,613] Trial 892 finished with value: 0.14793292899498228 and parameters: {'ISTN': 60.7278948216846, 'I_gpe': 1.1924395338762785, 'I_gpi': 2.057712036259889, 'noise_stn_sigma': 1.7544612243492614, 'noise_gpe_sigma': 92.45358725743277, 'noise_gpi_sigma': 88.06493676005012, 'g_stn_gpe_mult': 2.4817050462982406, 'g_gpe_stn_mult': 0.18239362217832267, 'g_stn_gpi_mult': 1.893483429459836, 'g_gpe_gpi_mult': 0.7377317295320196}. Best is trial 887 with value: 0.1224659354840325.
[I 2026-05-28 01:37:12,621] Trial 893 finished with value: 0.13279262915474918 and parameters: {'ISTN': 60.28114596513659, 'I_gpe': 1.1701551706588322, 'I_gpi': 2.092615900846433, 'noise_stn_sigma': 1.4168220475563267, 'noise_gpe_sigma': 96.34300969899645, 'noise_gpi_sigma': 91.3718110249803, 'g_stn_gpe_mult': 2.394084745835495, 'g_gpe_stn_mult': 0.18489453679406792, 'g_stn_gpi_mult': 1.7604537438960892, 'g_gpe_gpi_mult': 0.7731908384226021}. Best is trial 887 with value: 0.1224659354840325.
[I 2026-05-28 01:37:13,627] Trial 894 finished with value: 0.15794266342833194 and parameters: {'ISTN': 61.1641551457799, 'I_gpe': 1.1610963483003367, 'I_gpi': 2.0197322030659826, 'noise_stn_sigma': 1.4541417517686548, 'noise_gpe_sigma': 97.35545721257732, 'noise_gpi_sigma': 92.91505326110708, 'g_stn_gpe_mult': 2.431024549895211, 'g_gpe_stn_mult': 0.19156023857268495, 'g_stn_gpi_mult': 1.873695923820533, 'g_gpe_gpi_mult': 0.7602783801048068}. Best is trial 887 with value: 0.1224659354840325.
[I 2026-05-28 01:37:14,630] Trial 895 finished with value: 0.13455670528982613 and parameters: {'ISTN': 60.85324110753463, 'I_gpe': 1.1922859695496386, 'I_gpi': 2.1111682087472454, 'noise_stn_sigma': 1.612936527817725, 'noise_gpe_sigma': 99.92549179664643, 'noise_gpi_sigma': 89.28004838049286, 'g_stn_gpe_mult': 2.53281535029019, 'g_gpe_stn_mult': 0.18098347492638397, 'g_stn_gpi_mult': 1.915480504791634, 'g_gpe_gpi_mult': 0.7845956071078133}. Best is trial 887 with value: 0.1224659354840325.
[I 2026-05-28 01:37:15,635] Trial 896 finished with value: 0.15033323995565123 and parameters: {'ISTN': 61.41341221585849, 'I_gpe': 1.1659363491762798, 'I_gpi': 2.0408396506623996, 'noise_stn_sigma': 1.4333383113358922, 'noise_gpe_sigma': 96.99440962988196, 'noise_gpi_sigma': 90.19969538357871, 'g_stn_gpe_mult': 2.3097665317343834, 'g_gpe_stn_mult': 0.17805819452840327, 'g_stn_gpi_mult': 1.818761054457919, 'g_gpe_gpi_mult': 0.7639149288678593}. Best is trial 887 with value: 0.1224659354840325.
[I 2026-05-28 01:37:16,641] Trial 897 finished with value: 0.14190842527814587 and parameters: {'ISTN': 60.74485282609446, 'I_gpe': 1.1911670348678438, 'I_gpi': 2.03520783207236, 'noise_stn_sigma': 1.6357850723249356, 'noise_gpe_sigma': 101.39155315686197, 'noise_gpi_sigma': 92.77105345513321, 'g_stn_gpe_mult': 2.477814940808753, 'g_gpe_stn_mult': 0.18086332306713263, 'g_stn_gpi_mult': 1.8959518458300617, 'g_gpe_gpi_mult': 0.7775997305178264}. Best is trial 887 with value: 0.1224659354840325.
[I 2026-05-28 01:37:17,647] Trial 898 finished with value: 0.13244170560158983 and parameters: {'ISTN': 60.34479791027584, 'I_gpe': 1.1292629088064268, 'I_gpi': 2.1347480299889092, 'noise_stn_sigma': 1.70538162358945, 'noise_gpe_sigma': 96.59790292152609, 'noise_gpi_sigma': 89.59003451117867, 'g_stn_gpe_mult': 2.48202999884432, 'g_gpe_stn_mult': 0.18913088098845698, 'g_stn_gpi_mult': 1.8241969030695722, 'g_gpe_gpi_mult': 0.7509885303670762}. Best is trial 887 with value: 0.1224659354840325.
[I 2026-05-28 01:37:18,655] Trial 899 finished with value: 0.5407185400195536 and parameters: {'ISTN': 60.71583656157743, 'I_gpe': 1.2543278421043647, 'I_gpi': 2.050483615466918, 'noise_stn_sigma': 1.29639910796861, 'noise_gpe_sigma': 98.80389157286591, 'noise_gpi_sigma': 93.70240868150313, 'g_stn_gpe_mult': 2.2636295472963472, 'g_gpe_stn_mult': 0.16362951777117135, 'g_stn_gpi_mult': 1.7661928649922967, 'g_gpe_gpi_mult': 0.7661392070242934}. Best is trial 887 with value: 0.1224659354840325.
[I 2026-05-28 01:37:19,663] Trial 900 finished with value: 0.13771920368595306 and parameters: {'ISTN': 60.60926420348877, 'I_gpe': 1.147966527535741, 'I_gpi': 2.1192375303253863, 'noise_stn_sigma': 1.8973708476156397, 'noise_gpe_sigma': 97.88826381402323, 'noise_gpi_sigma': 86.50127065358113, 'g_stn_gpe_mult': 2.350985911351326, 'g_gpe_stn_mult': 0.18166264943301705, 'g_stn_gpi_mult': 1.9536809041938024, 'g_gpe_gpi_mult': 0.7524346718191834}. Best is trial 887 with value: 0.1224659354840325.
[I 2026-05-28 01:37:20,671] Trial 901 finished with value: 0.12855627981470166 and parameters: {'ISTN': 60.19569478063337, 'I_gpe': 1.191618332626537, 'I_gpi': 2.097206862981051, 'noise_stn_sigma': 1.6097169872988792, 'noise_gpe_sigma': 96.64443096377343, 'noise_gpi_sigma': 88.49122760700503, 'g_stn_gpe_mult': 2.3547633238770325, 'g_gpe_stn_mult': 0.1854777112520986, 'g_stn_gpi_mult': 1.8170553013881205, 'g_gpe_gpi_mult': 0.7580128185877686}. Best is trial 887 with value: 0.1224659354840325.
[I 2026-05-28 01:37:21,679] Trial 902 finished with value: 0.1421424267917489 and parameters: {'ISTN': 60.789288229432785, 'I_gpe': 1.0776223052760914, 'I_gpi': 2.1129808087583526, 'noise_stn_sigma': 1.4249156748867742, 'noise_gpe_sigma': 99.05369327865918, 'noise_gpi_sigma': 91.94594956097488, 'g_stn_gpe_mult': 2.5011330527434756, 'g_gpe_stn_mult': 0.18881040594541715, 'g_stn_gpi_mult': 1.7918841245944652, 'g_gpe_gpi_mult': 0.789042922680423}. Best is trial 887 with value: 0.1224659354840325.
[I 2026-05-28 01:37:22,685] Trial 903 finished with value: 0.1278478109046243 and parameters: {'ISTN': 60.44691980086349, 'I_gpe': 1.2291090922140557, 'I_gpi': 2.1719615449858343, 'noise_stn_sigma': 1.621461984675863, 'noise_gpe_sigma': 95.81813165487826, 'noise_gpi_sigma': 93.50727012123842, 'g_stn_gpe_mult': 2.3736667628077726, 'g_gpe_stn_mult': 0.1782407357384631, 'g_stn_gpi_mult': 1.8557456758642423, 'g_gpe_gpi_mult': 0.7589111786691796}. Best is trial 887 with value: 0.1224659354840325.
[I 2026-05-28 01:37:23,693] Trial 904 finished with value: 0.14209546792614774 and parameters: {'ISTN': 60.598481193709894, 'I_gpe': 1.1350049956047021, 'I_gpi': 2.134602315910088, 'noise_stn_sigma': 1.5039936370722258, 'noise_gpe_sigma': 96.07336930596914, 'noise_gpi_sigma': 91.75801367308243, 'g_stn_gpe_mult': 2.3598214989542194, 'g_gpe_stn_mult': 0.19407607562405424, 'g_stn_gpi_mult': 1.7580447475426202, 'g_gpe_gpi_mult': 0.7491327038865425}. Best is trial 887 with value: 0.1224659354840325.
[I 2026-05-28 01:37:24,697] Trial 905 finished with value: 0.14687610156885317 and parameters: {'ISTN': 60.8900880889113, 'I_gpe': 1.0636923006117194, 'I_gpi': 2.132320898602904, 'noise_stn_sigma': 1.7352028749532526, 'noise_gpe_sigma': 97.86549429915728, 'noise_gpi_sigma': 89.93262540420098, 'g_stn_gpe_mult': 2.5315686829430093, 'g_gpe_stn_mult': 0.1894044867801991, 'g_stn_gpi_mult': 1.896032889033369, 'g_gpe_gpi_mult': 0.7725355025729097}. Best is trial 887 with value: 0.1224659354840325.
[I 2026-05-28 01:37:25,700] Trial 906 finished with value: 0.13270940155782235 and parameters: {'ISTN': 60.01132632198616, 'I_gpe': 1.1420521974544908, 'I_gpi': 2.0542174025437276, 'noise_stn_sigma': 1.5778971133028863, 'noise_gpe_sigma': 98.9950275177409, 'noise_gpi_sigma': 94.04331956583515, 'g_stn_gpe_mult': 2.4046376580364672, 'g_gpe_stn_mult': 0.18817771330584543, 'g_stn_gpi_mult': 1.809742723317697, 'g_gpe_gpi_mult': 0.7611344473572028}. Best is trial 887 with value: 0.1224659354840325.
[I 2026-05-28 01:37:26,702] Trial 907 finished with value: 0.14051311227095156 and parameters: {'ISTN': 60.34677308637533, 'I_gpe': 1.0846593684476014, 'I_gpi': 2.0683005690408933, 'noise_stn_sigma': 1.3596365941421766, 'noise_gpe_sigma': 99.60408168454266, 'noise_gpi_sigma': 96.05643072427377, 'g_stn_gpe_mult': 2.4247721216826648, 'g_gpe_stn_mult': 0.18896273074705666, 'g_stn_gpi_mult': 1.8592418989074628, 'g_gpe_gpi_mult': 0.776690146354927}. Best is trial 887 with value: 0.1224659354840325.
[I 2026-05-28 01:37:27,707] Trial 908 finished with value: 0.14334760803712138 and parameters: {'ISTN': 60.38882840912873, 'I_gpe': 1.1561984355120445, 'I_gpi': 2.1500264116500425, 'noise_stn_sigma': 1.6975832708039733, 'noise_gpe_sigma': 96.28245141096852, 'noise_gpi_sigma': 91.18663446138964, 'g_stn_gpe_mult': 2.513571091070818, 'g_gpe_stn_mult': 0.1922112573694263, 'g_stn_gpi_mult': 1.78758361427762, 'g_gpe_gpi_mult': 0.7541662496753914}. Best is trial 887 with value: 0.1224659354840325.
[I 2026-05-28 01:37:28,713] Trial 909 finished with value: 0.1378327647284411 and parameters: {'ISTN': 60.43429835803962, 'I_gpe': 1.1099045535712146, 'I_gpi': 2.1427514606088027, 'noise_stn_sigma': 1.5466926054305117, 'noise_gpe_sigma': 98.22484582719046, 'noise_gpi_sigma': 86.60463728088841, 'g_stn_gpe_mult': 2.5010266717007217, 'g_gpe_stn_mult': 0.18801293614573375, 'g_stn_gpi_mult': 1.7758569438163923, 'g_gpe_gpi_mult': 0.7705402727905208}. Best is trial 887 with value: 0.1224659354840325.
[I 2026-05-28 01:37:29,719] Trial 910 finished with value: 0.12839661554259926 and parameters: {'ISTN': 60.336716557032474, 'I_gpe': 1.2518715632483133, 'I_gpi': 2.290505529356462, 'noise_stn_sigma': 1.5234793133050002, 'noise_gpe_sigma': 98.28437696079524, 'noise_gpi_sigma': 92.87270140819531, 'g_stn_gpe_mult': 2.3561608288578455, 'g_gpe_stn_mult': 0.17761469742917138, 'g_stn_gpi_mult': 1.7625861577564848, 'g_gpe_gpi_mult': 0.7720970120879669}. Best is trial 887 with value: 0.1224659354840325.
[I 2026-05-28 01:37:30,725] Trial 911 finished with value: 0.12505621655806246 and parameters: {'ISTN': 60.093273158188204, 'I_gpe': 1.2583267695692995, 'I_gpi': 2.153816316070267, 'noise_stn_sigma': 1.7097643411432504, 'noise_gpe_sigma': 95.35531185841741, 'noise_gpi_sigma': 87.80184883289732, 'g_stn_gpe_mult': 2.3779450278741034, 'g_gpe_stn_mult': 0.17830273183556747, 'g_stn_gpi_mult': 1.8545233562605516, 'g_gpe_gpi_mult': 0.7834154842526595}. Best is trial 887 with value: 0.1224659354840325.
[I 2026-05-28 01:37:31,730] Trial 912 finished with value: 0.13031090602242876 and parameters: {'ISTN': 60.138345862132255, 'I_gpe': 1.1978563664478927, 'I_gpi': 2.191095700945359, 'noise_stn_sigma': 1.7374796308318612, 'noise_gpe_sigma': 96.43273948696796, 'noise_gpi_sigma': 93.31125567994724, 'g_stn_gpe_mult': 2.4319525827937016, 'g_gpe_stn_mult': 0.178413486023225, 'g_stn_gpi_mult': 1.8686272635367256, 'g_gpe_gpi_mult': 0.7505999500496963}. Best is trial 887 with value: 0.1224659354840325.
[I 2026-05-28 01:37:32,734] Trial 913 finished with value: 0.1401454503319163 and parameters: {'ISTN': 61.12939448950882, 'I_gpe': 1.2061243202131038, 'I_gpi': 2.2109005310213803, 'noise_stn_sigma': 1.5136831941876827, 'noise_gpe_sigma': 96.15156737268748, 'noise_gpi_sigma': 92.94434140620866, 'g_stn_gpe_mult': 2.4432434465449, 'g_gpe_stn_mult': 0.1774596914195323, 'g_stn_gpi_mult': 1.766225039536796, 'g_gpe_gpi_mult': 0.7678641870673601}. Best is trial 887 with value: 0.1224659354840325.
[I 2026-05-28 01:37:33,738] Trial 914 finished with value: 0.12723942882908998 and parameters: {'ISTN': 60.41680421183781, 'I_gpe': 1.2615107041120166, 'I_gpi': 2.1943570737648592, 'noise_stn_sigma': 1.664963508372999, 'noise_gpe_sigma': 96.20473439600865, 'noise_gpi_sigma': 92.16647745282309, 'g_stn_gpe_mult': 2.3122232282969355, 'g_gpe_stn_mult': 0.17655742037511946, 'g_stn_gpi_mult': 1.8010245435798335, 'g_gpe_gpi_mult': 0.7658769419138194}. Best is trial 887 with value: 0.1224659354840325.
[I 2026-05-28 01:37:34,745] Trial 915 finished with value: 0.1272726793669353 and parameters: {'ISTN': 60.24192807181454, 'I_gpe': 1.16987679887312, 'I_gpi': 2.1444365167824495, 'noise_stn_sigma': 1.4142903732917853, 'noise_gpe_sigma': 99.18961100240571, 'noise_gpi_sigma': 86.05552692646593, 'g_stn_gpe_mult': 2.393310334414041, 'g_gpe_stn_mult': 0.18049982064574221, 'g_stn_gpi_mult': 1.8215558712476168, 'g_gpe_gpi_mult': 0.785023380874543}. Best is trial 887 with value: 0.1224659354840325.
[I 2026-05-28 01:37:35,748] Trial 916 finished with value: 0.12667347166890183 and parameters: {'ISTN': 60.51252966262486, 'I_gpe': 1.2644384666151773, 'I_gpi': 2.214711610335747, 'noise_stn_sigma': 1.5781184239168013, 'noise_gpe_sigma': 96.08583599758562, 'noise_gpi_sigma': 97.23771984604198, 'g_stn_gpe_mult': 2.2540758983688365, 'g_gpe_stn_mult': 0.17334698322054282, 'g_stn_gpi_mult': 1.8005303492627693, 'g_gpe_gpi_mult': 0.7402847608287573}. Best is trial 887 with value: 0.1224659354840325.
[I 2026-05-28 01:37:36,751] Trial 917 finished with value: 0.1357269101670401 and parameters: {'ISTN': 60.760103155553544, 'I_gpe': 1.233431748087362, 'I_gpi': 2.104623650293786, 'noise_stn_sigma': 1.4953546975904497, 'noise_gpe_sigma': 100.44430184018319, 'noise_gpi_sigma': 94.18449437834408, 'g_stn_gpe_mult': 2.396745772128039, 'g_gpe_stn_mult': 0.17864972472664958, 'g_stn_gpi_mult': 1.8229882681852345, 'g_gpe_gpi_mult': 0.7800716397817189}. Best is trial 887 with value: 0.1224659354840325.
[I 2026-05-28 01:37:37,756] Trial 918 finished with value: 0.13416870414541562 and parameters: {'ISTN': 60.97028169278502, 'I_gpe': 1.2162801996185824, 'I_gpi': 2.1982399017421135, 'noise_stn_sigma': 1.4025875838135895, 'noise_gpe_sigma': 98.14661936231816, 'noise_gpi_sigma': 92.13780638055802, 'g_stn_gpe_mult': 2.372181156630191, 'g_gpe_stn_mult': 0.17683639746424903, 'g_stn_gpi_mult': 1.7971902861279563, 'g_gpe_gpi_mult': 0.7821819678214597}. Best is trial 887 with value: 0.1224659354840325.
[I 2026-05-28 01:37:38,760] Trial 919 finished with value: 0.1264880801379561 and parameters: {'ISTN': 60.27744468481799, 'I_gpe': 1.3092672829322844, 'I_gpi': 2.1573774620649817, 'noise_stn_sigma': 1.4542392728415177, 'noise_gpe_sigma': 98.8536090702911, 'noise_gpi_sigma': 95.1430443533182, 'g_stn_gpe_mult': 2.2725998964288463, 'g_gpe_stn_mult': 0.18108704917938878, 'g_stn_gpi_mult': 1.8049905123367624, 'g_gpe_gpi_mult': 0.7576534452736354}. Best is trial 887 with value: 0.1224659354840325.
[I 2026-05-28 01:37:39,763] Trial 920 finished with value: 0.12940120665180121 and parameters: {'ISTN': 60.45118847222749, 'I_gpe': 1.26864734656099, 'I_gpi': 2.1587549881821078, 'noise_stn_sigma': 1.740081668007102, 'noise_gpe_sigma': 96.16501931079904, 'noise_gpi_sigma': 91.32791972458344, 'g_stn_gpe_mult': 2.306776020966024, 'g_gpe_stn_mult': 0.18103204681944435, 'g_stn_gpi_mult': 1.8915424816639947, 'g_gpe_gpi_mult': 0.7579367635164738}. Best is trial 887 with value: 0.1224659354840325.
[I 2026-05-28 01:37:40,769] Trial 921 finished with value: 0.12766630508847882 and parameters: {'ISTN': 60.6019421096518, 'I_gpe': 1.2978483641640381, 'I_gpi': 2.224174985498874, 'noise_stn_sigma': 1.5273393367936685, 'noise_gpe_sigma': 97.93131256553723, 'noise_gpi_sigma': 91.56852072984958, 'g_stn_gpe_mult': 2.3596474536250294, 'g_gpe_stn_mult': 0.17287159620351514, 'g_stn_gpi_mult': 1.7934021762542098, 'g_gpe_gpi_mult': 0.7693873475777548}. Best is trial 887 with value: 0.1224659354840325.
[I 2026-05-28 01:37:41,713] Trial 922 finished with value: 1000000.0 and parameters: {'ISTN': 60.35848326782598, 'I_gpe': 1.3074502624198647, 'I_gpi': 2.2315276280441814, 'noise_stn_sigma': 1.7380481375427406, 'noise_gpe_sigma': 96.46948021479837, 'noise_gpi_sigma': 89.23555661816728, 'g_stn_gpe_mult': 2.3302883686792253, 'g_gpe_stn_mult': 0.1773822074906447, 'g_stn_gpi_mult': 1.7940582994043255, 'g_gpe_gpi_mult': 0.7676136910928828}. Best is trial 887 with value: 0.1224659354840325.
[I 2026-05-28 01:37:42,717] Trial 923 finished with value: 0.12862181921546412 and parameters: {'ISTN': 60.11368094902942, 'I_gpe': 1.2385413846912754, 'I_gpi': 2.1259339950583658, 'noise_stn_sigma': 1.8049118982945216, 'noise_gpe_sigma': 94.88624009703383, 'noise_gpi_sigma': 89.47243193698628, 'g_stn_gpe_mult': 2.3816641998010057, 'g_gpe_stn_mult': 0.18433153077392003, 'g_stn_gpi_mult': 1.7824146613710208, 'g_gpe_gpi_mult': 0.7432772967741339}. Best is trial 887 with value: 0.1224659354840325.
