[I 2026-05-28 01:48:03,754] Trial 528 finished with value: 0.19005603697393988 and parameters: {'ISTN': 62.16895528056375, 'I_gpe': 1.1009815266630847, 'I_gpi': 1.7014823761800952, 'noise_stn_sigma': 3.692187935585379, 'noise_gpe_sigma': 90.9272100118431, 'noise_gpi_sigma': 105.15437046622485, 'g_stn_gpe_mult': 2.5409430606971486, 'g_gpe_stn_mult': 0.11092193889184554, 'g_stn_gpi_mult': 3.3979024475754684, 'g_gpe_gpi_mult': 0.7728191991473559}. Best is trial 518 with value: 0.18472296676872965.
[I 2026-05-28 01:48:04,764] Trial 529 finished with value: 0.9756310631483829 and parameters: {'ISTN': 62.97707131044701, 'I_gpe': 1.0537616943763592, 'I_gpi': 1.4797440245312223, 'noise_stn_sigma': 3.8268654426958593, 'noise_gpe_sigma': 88.18500117674948, 'noise_gpi_sigma': 113.1550016494099, 'g_stn_gpe_mult': 2.450934976569603, 'g_gpe_stn_mult': 0.21242414388064637, 'g_stn_gpi_mult': 3.571481587708077, 'g_gpe_gpi_mult': 0.7694494551398094}. Best is trial 518 with value: 0.18472296676872965.
[I 2026-05-28 01:48:05,772] Trial 530 finished with value: 0.19005066054266279 and parameters: {'ISTN': 61.86067244011227, 'I_gpe': 1.392729493543047, 'I_gpi': 1.6060716760032334, 'noise_stn_sigma': 3.791874608297829, 'noise_gpe_sigma': 90.57753245528058, 'noise_gpi_sigma': 92.95567818599056, 'g_stn_gpe_mult': 2.8623193333949732, 'g_gpe_stn_mult': 0.11996281271651796, 'g_stn_gpi_mult': 3.4516156739498447, 'g_gpe_gpi_mult': 0.767726322390387}. Best is trial 518 with value: 0.18472296676872965.
[I 2026-05-28 01:48:06,720] Trial 531 finished with value: 1000000.0 and parameters: {'ISTN': 60.9761053127462, 'I_gpe': 1.5313442208225858, 'I_gpi': 1.6283562644637155, 'noise_stn_sigma': 3.1458921866204155, 'noise_gpe_sigma': 90.8878084880035, 'noise_gpi_sigma': 103.72863650815951, 'g_stn_gpe_mult': 3.019979164804447, 'g_gpe_stn_mult': 0.16908183662426468, 'g_stn_gpi_mult': 3.3964609660506593, 'g_gpe_gpi_mult': 0.7242725042295617}. Best is trial 518 with value: 0.18472296676872965.
[I 2026-05-28 01:48:07,730] Trial 532 finished with value: 0.4764495175705423 and parameters: {'ISTN': 64.73240136987845, 'I_gpe': 1.1880615927348663, 'I_gpi': 1.9996160614116603, 'noise_stn_sigma': 3.8394930321058443, 'noise_gpe_sigma': 95.6923088236872, 'noise_gpi_sigma': 93.69573394340854, 'g_stn_gpe_mult': 2.7500708525044466, 'g_gpe_stn_mult': 0.11736830331523236, 'g_stn_gpi_mult': 3.3551818279253456, 'g_gpe_gpi_mult': 0.8348528695257422}. Best is trial 518 with value: 0.18472296676872965.
[I 2026-05-28 01:48:08,741] Trial 533 finished with value: 0.20794475432845302 and parameters: {'ISTN': 60.96910517512257, 'I_gpe': 1.3320598410224824, 'I_gpi': 2.0971535757077273, 'noise_stn_sigma': 2.9049722261597335, 'noise_gpe_sigma': 78.93401592280411, 'noise_gpi_sigma': 111.75039267682793, 'g_stn_gpe_mult': 2.792173897455168, 'g_gpe_stn_mult': 0.1809498949467392, 'g_stn_gpi_mult': 3.5514477301300866, 'g_gpe_gpi_mult': 0.7415813120023391}. Best is trial 518 with value: 0.18472296676872965.
[I 2026-05-28 01:48:09,749] Trial 534 finished with value: 0.2592626220001045 and parameters: {'ISTN': 62.86263406252797, 'I_gpe': 1.249183788034233, 'I_gpi': 1.3990647378185344, 'noise_stn_sigma': 3.389071824469128, 'noise_gpe_sigma': 97.01831356490491, 'noise_gpi_sigma': 94.17402681585223, 'g_stn_gpe_mult': 3.1093409158261442, 'g_gpe_stn_mult': 0.15666297962814618, 'g_stn_gpi_mult': 3.4491032816637928, 'g_gpe_gpi_mult': 0.7576465549675038}. Best is trial 518 with value: 0.18472296676872965.
[I 2026-05-28 01:48:10,758] Trial 535 finished with value: 0.3160664821734339 and parameters: {'ISTN': 60.34280085156261, 'I_gpe': 1.1195975207324937, 'I_gpi': 1.2053080707054482, 'noise_stn_sigma': 3.0107277104199075, 'noise_gpe_sigma': 103.46121252289656, 'noise_gpi_sigma': 93.11446443837696, 'g_stn_gpe_mult': 2.6922507354196465, 'g_gpe_stn_mult': 0.1738366115228948, 'g_stn_gpi_mult': 3.451395838435798, 'g_gpe_gpi_mult': 0.8124197155267858}. Best is trial 518 with value: 0.18472296676872965.
[I 2026-05-28 01:48:11,767] Trial 536 finished with value: 0.9395768246347536 and parameters: {'ISTN': 65.71666365310217, 'I_gpe': 1.2632823574954068, 'I_gpi': 1.7772149712962446, 'noise_stn_sigma': 3.51113120956548, 'noise_gpe_sigma': 105.24726242368257, 'noise_gpi_sigma': 99.44861763817877, 'g_stn_gpe_mult': 2.735434804960531, 'g_gpe_stn_mult': 0.18506953069264304, 'g_stn_gpi_mult': 3.3422181753296014, 'g_gpe_gpi_mult': 0.7605786831778549}. Best is trial 518 with value: 0.18472296676872965.
[I 2026-05-28 01:48:12,777] Trial 537 finished with value: 0.43690983186668275 and parameters: {'ISTN': 63.523221743290044, 'I_gpe': 1.2482746144748105, 'I_gpi': 1.8193588714128168, 'noise_stn_sigma': 2.824142730068282, 'noise_gpe_sigma': 84.87165033300712, 'noise_gpi_sigma': 95.60969167368444, 'g_stn_gpe_mult': 3.4270402534699738, 'g_gpe_stn_mult': 0.10072480692009891, 'g_stn_gpi_mult': 3.4516045961081057, 'g_gpe_gpi_mult': 0.9087239684131361}. Best is trial 518 with value: 0.18472296676872965.
[I 2026-05-28 01:48:13,785] Trial 538 finished with value: 0.2045015200865314 and parameters: {'ISTN': 64.00121817622954, 'I_gpe': 1.3828799102656448, 'I_gpi': 1.63823927586853, 'noise_stn_sigma': 2.547488049779215, 'noise_gpe_sigma': 92.15944686261959, 'noise_gpi_sigma': 101.47869142966833, 'g_stn_gpe_mult': 2.799996530497674, 'g_gpe_stn_mult': 0.13413421670844244, 'g_stn_gpi_mult': 3.6309922380996467, 'g_gpe_gpi_mult': 0.851496352324316}. Best is trial 518 with value: 0.18472296676872965.
[I 2026-05-28 01:48:14,793] Trial 539 finished with value: 0.16163258482791357 and parameters: {'ISTN': 63.425681572559235, 'I_gpe': 1.1047756919565968, 'I_gpi': 1.9302039098662298, 'noise_stn_sigma': 3.562569671773343, 'noise_gpe_sigma': 99.90147818088208, 'noise_gpi_sigma': 86.98236603153151, 'g_stn_gpe_mult': 3.0636865487052027, 'g_gpe_stn_mult': 0.10635086818868271, 'g_stn_gpi_mult': 3.226502834750625, 'g_gpe_gpi_mult': 0.7995255786015318}. Best is trial 539 with value: 0.16163258482791357.
[I 2026-05-28 01:48:15,800] Trial 540 finished with value: 0.42451002441172275 and parameters: {'ISTN': 60.92053554536341, 'I_gpe': 1.1383872947291929, 'I_gpi': 1.1421164973363223, 'noise_stn_sigma': 3.596440744751442, 'noise_gpe_sigma': 91.73034183565304, 'noise_gpi_sigma': 109.7468393618495, 'g_stn_gpe_mult': 2.885688348084662, 'g_gpe_stn_mult': 0.11750174672464186, 'g_stn_gpi_mult': 3.2155971026680574, 'g_gpe_gpi_mult': 0.8466036714281306}. Best is trial 539 with value: 0.16163258482791357.
[I 2026-05-28 01:48:16,810] Trial 541 finished with value: 0.23924809926098486 and parameters: {'ISTN': 64.7294672053412, 'I_gpe': 1.2054105149854424, 'I_gpi': 1.9804463454436878, 'noise_stn_sigma': 2.273630517827413, 'noise_gpe_sigma': 95.90515327935016, 'noise_gpi_sigma': 88.2707167627551, 'g_stn_gpe_mult': 3.108930730517081, 'g_gpe_stn_mult': 0.1893062820042382, 'g_stn_gpi_mult': 3.90366786245303, 'g_gpe_gpi_mult': 0.8441569457203979}. Best is trial 539 with value: 0.16163258482791357.
[I 2026-05-28 01:48:17,819] Trial 542 finished with value: 0.17494694302775463 and parameters: {'ISTN': 64.0162122069475, 'I_gpe': 1.1599690097619466, 'I_gpi': 1.7586086645329533, 'noise_stn_sigma': 3.0372429184570247, 'noise_gpe_sigma': 104.68761159777029, 'noise_gpi_sigma': 93.21510231479893, 'g_stn_gpe_mult': 2.8969748071853436, 'g_gpe_stn_mult': 0.1514854470230339, 'g_stn_gpi_mult': 3.527154520423733, 'g_gpe_gpi_mult': 0.7569771772635077}. Best is trial 539 with value: 0.16163258482791357.
[I 2026-05-28 01:48:18,827] Trial 543 finished with value: 0.1601230988558572 and parameters: {'ISTN': 60.85469957225503, 'I_gpe': 0.9506112085899802, 'I_gpi': 1.7310172190689146, 'noise_stn_sigma': 3.407390999689081, 'noise_gpe_sigma': 105.064435737902, 'noise_gpi_sigma': 86.5317536180019, 'g_stn_gpe_mult': 3.3753280423941026, 'g_gpe_stn_mult': 0.1740484105319921, 'g_stn_gpi_mult': 3.5761063584654673, 'g_gpe_gpi_mult': 0.9012137222301007}. Best is trial 543 with value: 0.1601230988558572.
[I 2026-05-28 01:48:19,836] Trial 544 finished with value: 0.23057968859975908 and parameters: {'ISTN': 60.22101890319966, 'I_gpe': 1.4213326051036559, 'I_gpi': 2.0808858972593374, 'noise_stn_sigma': 3.0653156670085004, 'noise_gpe_sigma': 90.13096173944439, 'noise_gpi_sigma': 88.08931722390034, 'g_stn_gpe_mult': 2.8637581427889596, 'g_gpe_stn_mult': 0.1328476659145344, 'g_stn_gpi_mult': 3.419290104374808, 'g_gpe_gpi_mult': 0.7950334682826763}. Best is trial 543 with value: 0.1601230988558572.
[I 2026-05-28 01:48:20,845] Trial 545 finished with value: 0.16838994807978772 and parameters: {'ISTN': 63.09842316022564, 'I_gpe': 1.2802400820078537, 'I_gpi': 2.0229543243561565, 'noise_stn_sigma': 2.2151284666599755, 'noise_gpe_sigma': 101.49513861845998, 'noise_gpi_sigma': 93.41660074388874, 'g_stn_gpe_mult': 2.9510530578102467, 'g_gpe_stn_mult': 0.1441417372275524, 'g_stn_gpi_mult': 3.418265868177231, 'g_gpe_gpi_mult': 0.8495794081415897}. Best is trial 543 with value: 0.1601230988558572.
[I 2026-05-28 01:48:21,854] Trial 546 finished with value: 0.24050855927881368 and parameters: {'ISTN': 63.22826477156643, 'I_gpe': 0.9558100615121364, 'I_gpi': 1.7787539109517427, 'noise_stn_sigma': 3.089729492803777, 'noise_gpe_sigma': 80.03172382138494, 'noise_gpi_sigma': 112.47464486051626, 'g_stn_gpe_mult': 2.8327888670696675, 'g_gpe_stn_mult': 0.1513929751253839, 'g_stn_gpi_mult': 3.200451133179891, 'g_gpe_gpi_mult': 0.8727602895682054}. Best is trial 543 with value: 0.1601230988558572.
[I 2026-05-28 01:48:22,862] Trial 547 finished with value: 0.21668012720075092 and parameters: {'ISTN': 64.31511024610654, 'I_gpe': 1.3964221880946446, 'I_gpi': 1.6825269821022109, 'noise_stn_sigma': 2.7111598184390058, 'noise_gpe_sigma': 104.2199416680324, 'noise_gpi_sigma': 92.32488124118731, 'g_stn_gpe_mult': 3.320389168510128, 'g_gpe_stn_mult': 0.1211391428636205, 'g_stn_gpi_mult': 3.1427454289006533, 'g_gpe_gpi_mult': 0.8850350781937817}. Best is trial 543 with value: 0.1601230988558572.
[I 2026-05-28 01:48:23,869] Trial 548 finished with value: 0.178808306633133 and parameters: {'ISTN': 63.89540090782141, 'I_gpe': 1.4022748704897006, 'I_gpi': 1.8001153262902205, 'noise_stn_sigma': 2.741469680224271, 'noise_gpe_sigma': 92.53776719257517, 'noise_gpi_sigma': 73.19368787089849, 'g_stn_gpe_mult': 3.260570096958763, 'g_gpe_stn_mult': 0.10758914688831711, 'g_stn_gpi_mult': 3.6700420199679287, 'g_gpe_gpi_mult': 0.8229770194732555}. Best is trial 543 with value: 0.1601230988558572.
[I 2026-05-28 01:48:24,878] Trial 549 finished with value: 0.18905598108749258 and parameters: {'ISTN': 63.84192522749808, 'I_gpe': 1.0333836130336285, 'I_gpi': 1.6769825750203071, 'noise_stn_sigma': 3.0694725977506034, 'noise_gpe_sigma': 102.79560311421041, 'noise_gpi_sigma': 86.06488241910662, 'g_stn_gpe_mult': 2.9851955997823865, 'g_gpe_stn_mult': 0.16506512793509853, 'g_stn_gpi_mult': 3.2865154372303795, 'g_gpe_gpi_mult': 0.81258951826341}. Best is trial 543 with value: 0.1601230988558572.
[I 2026-05-28 01:48:25,890] Trial 550 finished with value: 3.2713670977410363 and parameters: {'ISTN': 69.60470387551615, 'I_gpe': 1.2823376603080856, 'I_gpi': 2.1075380650073225, 'noise_stn_sigma': 3.2271605269742993, 'noise_gpe_sigma': 89.76578355737787, 'noise_gpi_sigma': 105.97551306869948, 'g_stn_gpe_mult': 2.9501810848114287, 'g_gpe_stn_mult': 0.17789954487174353, 'g_stn_gpi_mult': 3.4945626448793097, 'g_gpe_gpi_mult': 0.8264573605190197}. Best is trial 543 with value: 0.1601230988558572.
[I 2026-05-28 01:48:26,901] Trial 551 finished with value: 0.2102567288242929 and parameters: {'ISTN': 63.36988183453604, 'I_gpe': 1.224936504490395, 'I_gpi': 2.216481336572692, 'noise_stn_sigma': 3.022731860428606, 'noise_gpe_sigma': 95.77582235236379, 'noise_gpi_sigma': 86.3055513592951, 'g_stn_gpe_mult': 3.4861127472410525, 'g_gpe_stn_mult': 0.12173353488828717, 'g_stn_gpi_mult': 3.5810151381686133, 'g_gpe_gpi_mult': 0.8896502793706631}. Best is trial 543 with value: 0.1601230988558572.
[I 2026-05-28 01:48:27,914] Trial 552 finished with value: 0.20090264547793535 and parameters: {'ISTN': 65.24487389603777, 'I_gpe': 1.0022849785049877, 'I_gpi': 1.976781225683601, 'noise_stn_sigma': 3.375419691051599, 'noise_gpe_sigma': 109.85678702811111, 'noise_gpi_sigma': 63.36110527435406, 'g_stn_gpe_mult': 3.3158639533544845, 'g_gpe_stn_mult': 0.1449728670932928, 'g_stn_gpi_mult': 3.3412793370080918, 'g_gpe_gpi_mult': 0.7982006501079966}. Best is trial 543 with value: 0.1601230988558572.
[I 2026-05-28 01:48:28,922] Trial 553 finished with value: 0.4799411774900994 and parameters: {'ISTN': 60.28428980800918, 'I_gpe': 1.2741113188462634, 'I_gpi': 1.3812602336930322, 'noise_stn_sigma': 3.30171512542211, 'noise_gpe_sigma': 111.32245607678392, 'noise_gpi_sigma': 82.62904721448294, 'g_stn_gpe_mult': 3.398621376738963, 'g_gpe_stn_mult': 0.1450540998501772, 'g_stn_gpi_mult': 3.507328990764767, 'g_gpe_gpi_mult': 0.8669135730699056}. Best is trial 543 with value: 0.1601230988558572.
[I 2026-05-28 01:48:29,930] Trial 554 finished with value: 0.9194912777834052 and parameters: {'ISTN': 64.5364558363928, 'I_gpe': 0.9769532870525011, 'I_gpi': 1.922435014312898, 'noise_stn_sigma': 3.6850064501755253, 'noise_gpe_sigma': 110.06349320562946, 'noise_gpi_sigma': 87.33338624085683, 'g_stn_gpe_mult': 3.1873760760794703, 'g_gpe_stn_mult': 0.2189854442263921, 'g_stn_gpi_mult': 3.335610178523306, 'g_gpe_gpi_mult': 0.8204362558878051}. Best is trial 543 with value: 0.1601230988558572.
[I 2026-05-28 01:48:30,939] Trial 555 finished with value: 0.33252655184978613 and parameters: {'ISTN': 63.72036649903985, 'I_gpe': 1.0520692083262866, 'I_gpi': 1.596526676052021, 'noise_stn_sigma': 3.7656049805696963, 'noise_gpe_sigma': 99.6468975178227, 'noise_gpi_sigma': 80.99747306239601, 'g_stn_gpe_mult': 3.1575607921432667, 'g_gpe_stn_mult': 0.13194725622903516, 'g_stn_gpi_mult': 3.374057929925997, 'g_gpe_gpi_mult': 0.8482369985911353}. Best is trial 543 with value: 0.1601230988558572.
[I 2026-05-28 01:48:31,948] Trial 556 finished with value: 0.19010117770955004 and parameters: {'ISTN': 65.02626193744715, 'I_gpe': 0.9313068336030464, 'I_gpi': 1.945335741893691, 'noise_stn_sigma': 3.4005797771881463, 'noise_gpe_sigma': 113.30368758786703, 'noise_gpi_sigma': 88.60629461867282, 'g_stn_gpe_mult': 3.219660612245253, 'g_gpe_stn_mult': 0.1374029694452215, 'g_stn_gpi_mult': 3.467237296348949, 'g_gpe_gpi_mult': 0.7814225021681964}. Best is trial 543 with value: 0.1601230988558572.
[I 2026-05-28 01:48:32,958] Trial 557 finished with value: 0.2210462362899623 and parameters: {'ISTN': 67.7472217296481, 'I_gpe': 1.1455148865809242, 'I_gpi': 1.8647430156336395, 'noise_stn_sigma': 3.6310532511540847, 'noise_gpe_sigma': 90.20550930867354, 'noise_gpi_sigma': 99.02379554406411, 'g_stn_gpe_mult': 2.9776224219024514, 'g_gpe_stn_mult': 0.1090696263509658, 'g_stn_gpi_mult': 3.67044540496069, 'g_gpe_gpi_mult': 0.7737445568072994}. Best is trial 543 with value: 0.1601230988558572.
[I 2026-05-28 01:48:33,967] Trial 558 finished with value: 0.17808610254667837 and parameters: {'ISTN': 64.1610461142883, 'I_gpe': 1.1018405686831252, 'I_gpi': 1.8745634018945978, 'noise_stn_sigma': 2.7217136222356295, 'noise_gpe_sigma': 95.07892036292083, 'noise_gpi_sigma': 95.85044795572426, 'g_stn_gpe_mult': 3.1891428558484507, 'g_gpe_stn_mult': 0.1581130143897314, 'g_stn_gpi_mult': 3.5426720887628695, 'g_gpe_gpi_mult': 0.970783715716204}. Best is trial 543 with value: 0.1601230988558572.
[I 2026-05-28 01:48:34,978] Trial 559 finished with value: 0.24647646518704974 and parameters: {'ISTN': 60.238608924182294, 'I_gpe': 1.3306372639749484, 'I_gpi': 1.641532742843205, 'noise_stn_sigma': 2.826518104822863, 'noise_gpe_sigma': 111.50975710513141, 'noise_gpi_sigma': 75.74813282434619, 'g_stn_gpe_mult': 3.4416327515673233, 'g_gpe_stn_mult': 0.19270686478815557, 'g_stn_gpi_mult': 3.3284366822912084, 'g_gpe_gpi_mult': 0.9559791009764198}. Best is trial 543 with value: 0.1601230988558572.
[I 2026-05-28 01:48:35,988] Trial 560 finished with value: 0.2532305035702434 and parameters: {'ISTN': 62.10524832171679, 'I_gpe': 1.0109172577109593, 'I_gpi': 1.442266079315837, 'noise_stn_sigma': 3.0063517527956543, 'noise_gpe_sigma': 118.09097325636299, 'noise_gpi_sigma': 83.38678141223096, 'g_stn_gpe_mult': 3.4278292444179534, 'g_gpe_stn_mult': 0.17044428648274762, 'g_stn_gpi_mult': 3.0958648837015756, 'g_gpe_gpi_mult': 0.8715482387448867}. Best is trial 543 with value: 0.1601230988558572.
[I 2026-05-28 01:48:37,000] Trial 561 finished with value: 0.9554209140453893 and parameters: {'ISTN': 66.91499377363522, 'I_gpe': 1.193498711965251, 'I_gpi': 1.9339951845909213, 'noise_stn_sigma': 3.1781444294669483, 'noise_gpe_sigma': 99.52980610838304, 'noise_gpi_sigma': 95.93689871768609, 'g_stn_gpe_mult': 3.318359593952249, 'g_gpe_stn_mult': 0.17272954656473938, 'g_stn_gpi_mult': 3.5394554256457926, 'g_gpe_gpi_mult': 0.9307653052513847}. Best is trial 543 with value: 0.1601230988558572.
[I 2026-05-28 01:48:38,006] Trial 562 finished with value: 0.9406200762827922 and parameters: {'ISTN': 69.35974366058929, 'I_gpe': 0.930478100272389, 'I_gpi': 1.3479220074976117, 'noise_stn_sigma': 3.3213937576150894, 'noise_gpe_sigma': 112.28262424147097, 'noise_gpi_sigma': 99.56603498261003, 'g_stn_gpe_mult': 3.1973750166718826, 'g_gpe_stn_mult': 0.12689984255770717, 'g_stn_gpi_mult': 3.166109448018432, 'g_gpe_gpi_mult': 0.8095554665287819}. Best is trial 543 with value: 0.1601230988558572.
[I 2026-05-28 01:48:39,016] Trial 563 finished with value: 0.6699620749036652 and parameters: {'ISTN': 65.48423651839333, 'I_gpe': 0.9509416677048121, 'I_gpi': 1.9339982692017708, 'noise_stn_sigma': 3.3892302234336227, 'noise_gpe_sigma': 99.46787332650094, 'noise_gpi_sigma': 89.93521682473204, 'g_stn_gpe_mult': 3.0688785208424383, 'g_gpe_stn_mult': 0.17325635454760374, 'g_stn_gpi_mult': 3.505165455036709, 'g_gpe_gpi_mult': 0.9290642402670837}. Best is trial 543 with value: 0.1601230988558572.
[I 2026-05-28 01:48:40,025] Trial 564 finished with value: 0.17191306316829466 and parameters: {'ISTN': 62.10569503410894, 'I_gpe': 1.0389029923314803, 'I_gpi': 1.859108655011364, 'noise_stn_sigma': 3.251179805907844, 'noise_gpe_sigma': 105.96993849916682, 'noise_gpi_sigma': 89.6607851786221, 'g_stn_gpe_mult': 3.0725627647550833, 'g_gpe_stn_mult': 0.1898085558441686, 'g_stn_gpi_mult': 3.5676373892590387, 'g_gpe_gpi_mult': 0.7743596492811338}. Best is trial 543 with value: 0.1601230988558572.
[I 2026-05-28 01:48:41,032] Trial 565 finished with value: 2.9818675925536464 and parameters: {'ISTN': 69.8160654705888, 'I_gpe': 1.0556948890695554, 'I_gpi': 1.9658536187253206, 'noise_stn_sigma': 3.159550988729746, 'noise_gpe_sigma': 103.58562594294887, 'noise_gpi_sigma': 94.28647409933875, 'g_stn_gpe_mult': 3.233919338437732, 'g_gpe_stn_mult': 0.16465285653229772, 'g_stn_gpi_mult': 3.3717777513137097, 'g_gpe_gpi_mult': 0.8919334643965695}. Best is trial 543 with value: 0.1601230988558572.
[I 2026-05-28 01:48:42,040] Trial 566 finished with value: 0.24571706452550893 and parameters: {'ISTN': 62.76375595262877, 'I_gpe': 1.0992734766169783, 'I_gpi': 2.173665203313709, 'noise_stn_sigma': 3.959775079231002, 'noise_gpe_sigma': 94.91449251047105, 'noise_gpi_sigma': 90.34276778764685, 'g_stn_gpe_mult': 2.9500018031909754, 'g_gpe_stn_mult': 0.1269686950470826, 'g_stn_gpi_mult': 3.5822312936936633, 'g_gpe_gpi_mult': 0.8158144954071562}. Best is trial 543 with value: 0.1601230988558572.
[I 2026-05-28 01:48:43,049] Trial 567 finished with value: 0.18252241378365003 and parameters: {'ISTN': 64.22572062365498, 'I_gpe': 0.8898634776015996, 'I_gpi': 1.734877169105728, 'noise_stn_sigma': 3.4124373173343625, 'noise_gpe_sigma': 104.80580212739669, 'noise_gpi_sigma': 88.04390132248345, 'g_stn_gpe_mult': 3.654840452099908, 'g_gpe_stn_mult': 0.15251857491041704, 'g_stn_gpi_mult': 3.573650691825104, 'g_gpe_gpi_mult': 0.9505136806936783}. Best is trial 543 with value: 0.1601230988558572.
[I 2026-05-28 01:48:44,056] Trial 568 finished with value: 0.39799379881787156 and parameters: {'ISTN': 64.38215161123611, 'I_gpe': 1.0268943835920663, 'I_gpi': 2.275702473144728, 'noise_stn_sigma': 2.3905959947948907, 'noise_gpe_sigma': 98.99517727038938, 'noise_gpi_sigma': 97.09840773815964, 'g_stn_gpe_mult': 3.16966411786539, 'g_gpe_stn_mult': 0.20368188219693623, 'g_stn_gpi_mult': 3.6384851473394075, 'g_gpe_gpi_mult': 0.8764725977275649}. Best is trial 543 with value: 0.1601230988558572.
[I 2026-05-28 01:48:45,066] Trial 569 finished with value: 0.47304925676852105 and parameters: {'ISTN': 66.4896037747458, 'I_gpe': 1.0205617252153465, 'I_gpi': 2.068150494167283, 'noise_stn_sigma': 3.7087500916379836, 'noise_gpe_sigma': 102.79170130943885, 'noise_gpi_sigma': 96.43724231771652, 'g_stn_gpe_mult': 3.1509265295761626, 'g_gpe_stn_mult': 0.1410920978363167, 'g_stn_gpi_mult': 3.245544362335043, 'g_gpe_gpi_mult': 0.9119015441406275}. Best is trial 543 with value: 0.1601230988558572.
[I 2026-05-28 01:48:46,073] Trial 570 finished with value: 0.16259216757049957 and parameters: {'ISTN': 61.59837339097076, 'I_gpe': 1.0365940661745525, 'I_gpi': 1.843129461096532, 'noise_stn_sigma': 3.0198399731045846, 'noise_gpe_sigma': 108.01495216210088, 'noise_gpi_sigma': 79.74632985261884, 'g_stn_gpe_mult': 3.3013810804133357, 'g_gpe_stn_mult': 0.13123805277896572, 'g_stn_gpi_mult': 3.756215021086463, 'g_gpe_gpi_mult': 0.8337861204753754}. Best is trial 543 with value: 0.1601230988558572.
[I 2026-05-28 01:48:47,082] Trial 571 finished with value: 0.4804841760346814 and parameters: {'ISTN': 65.94835147753737, 'I_gpe': 0.8873070750342608, 'I_gpi': 1.7734122123656373, 'noise_stn_sigma': 3.6947789835281375, 'noise_gpe_sigma': 115.18685943192378, 'noise_gpi_sigma': 89.00402919440738, 'g_stn_gpe_mult': 3.1054830382063088, 'g_gpe_stn_mult': 0.1598080422649769, 'g_stn_gpi_mult': 3.704462089988375, 'g_gpe_gpi_mult': 0.768984167743691}. Best is trial 543 with value: 0.1601230988558572.
