[I 2026-05-28 01:42:08,991] Trial 176 finished with value: 1.291162130464523 and parameters: {'ISTN': 62.20187011685149, 'I_gpe': 0.8560182202085255, 'I_gpi': 2.016904969129053, 'noise_stn_sigma': 7.061487109806224, 'noise_gpe_sigma': 95.52453901365627, 'noise_gpi_sigma': 114.9192305843991, 'g_stn_gpe_mult': 2.2375496761957594, 'g_gpe_stn_mult': 0.20141226779610127, 'g_stn_gpi_mult': 2.441583802960742, 'g_gpe_gpi_mult': 0.5972661857620055}. Best is trial 50 with value: 0.4363955767989327.
[I 2026-05-28 01:42:09,998] Trial 177 finished with value: 1.1151320772911206 and parameters: {'ISTN': 73.35799841379173, 'I_gpe': 0.7177924610871446, 'I_gpi': 2.104928059682938, 'noise_stn_sigma': 6.995188846934519, 'noise_gpe_sigma': 98.66319766321519, 'noise_gpi_sigma': 97.88150651886166, 'g_stn_gpe_mult': 1.758417759683433, 'g_gpe_stn_mult': 0.25370544185092947, 'g_stn_gpi_mult': 2.652447344748155, 'g_gpe_gpi_mult': 0.43593429781385423}. Best is trial 50 with value: 0.4363955767989327.
[I 2026-05-28 01:42:11,006] Trial 178 finished with value: 2.6944085423251734 and parameters: {'ISTN': 64.30107120761328, 'I_gpe': 1.1514054843515766, 'I_gpi': 2.7057827458487576, 'noise_stn_sigma': 7.101189113367143, 'noise_gpe_sigma': 99.10990472152513, 'noise_gpi_sigma': 117.94465272707455, 'g_stn_gpe_mult': 2.3158602940143362, 'g_gpe_stn_mult': 0.31529473054306417, 'g_stn_gpi_mult': 2.391929473362188, 'g_gpe_gpi_mult': 0.5721313311749017}. Best is trial 50 with value: 0.4363955767989327.
[I 2026-05-28 01:42:12,015] Trial 179 finished with value: 1.4785258249366613 and parameters: {'ISTN': 60.15671694945822, 'I_gpe': 1.045693785339647, 'I_gpi': 2.012603349979107, 'noise_stn_sigma': 7.491535635807523, 'noise_gpe_sigma': 114.40557925811272, 'noise_gpi_sigma': 114.946426220314, 'g_stn_gpe_mult': 2.027238831692486, 'g_gpe_stn_mult': 0.13877772354468504, 'g_stn_gpi_mult': 1.6171793510133265, 'g_gpe_gpi_mult': 0.37937621803395954}. Best is trial 50 with value: 0.4363955767989327.
[I 2026-05-28 01:42:13,022] Trial 180 finished with value: 2.196053740640389 and parameters: {'ISTN': 64.43927032561191, 'I_gpe': 1.3286441714011472, 'I_gpi': 2.9290310999080442, 'noise_stn_sigma': 7.536006973731049, 'noise_gpe_sigma': 108.41060383488318, 'noise_gpi_sigma': 87.36164674923029, 'g_stn_gpe_mult': 2.4494990861107313, 'g_gpe_stn_mult': 0.1924903870442049, 'g_stn_gpi_mult': 2.366288796108191, 'g_gpe_gpi_mult': 0.4913827444608298}. Best is trial 50 with value: 0.4363955767989327.
[I 2026-05-28 01:42:14,033] Trial 181 finished with value: 2.4825391761705475 and parameters: {'ISTN': 75.60832456576644, 'I_gpe': 1.002910499899004, 'I_gpi': 2.2802849743478903, 'noise_stn_sigma': 7.812720269112633, 'noise_gpe_sigma': 106.22612446024823, 'noise_gpi_sigma': 104.8217400806659, 'g_stn_gpe_mult': 1.594877213686054, 'g_gpe_stn_mult': 0.17427494183424924, 'g_stn_gpi_mult': 2.0894915808767727, 'g_gpe_gpi_mult': 0.4396657677958038}. Best is trial 50 with value: 0.4363955767989327.
[I 2026-05-28 01:42:15,040] Trial 182 finished with value: 0.5503729578813872 and parameters: {'ISTN': 65.06004737042667, 'I_gpe': 0.8363813679779663, 'I_gpi': 2.225423568175588, 'noise_stn_sigma': 6.822446581684906, 'noise_gpe_sigma': 96.88300768801702, 'noise_gpi_sigma': 111.380021484092, 'g_stn_gpe_mult': 1.7479756883552264, 'g_gpe_stn_mult': 0.2385088643884823, 'g_stn_gpi_mult': 2.6126829966965976, 'g_gpe_gpi_mult': 0.48652593120780424}. Best is trial 50 with value: 0.4363955767989327.
[I 2026-05-28 01:42:16,050] Trial 183 finished with value: 2.5882861930730456 and parameters: {'ISTN': 69.6788068083123, 'I_gpe': 0.6140660885255328, 'I_gpi': 2.0611775795926017, 'noise_stn_sigma': 6.975282055479137, 'noise_gpe_sigma': 95.73665366556386, 'noise_gpi_sigma': 105.45865335150704, 'g_stn_gpe_mult': 1.9354840278088363, 'g_gpe_stn_mult': 0.20030745307654607, 'g_stn_gpi_mult': 2.57862926277113, 'g_gpe_gpi_mult': 0.39133493195347424}. Best is trial 50 with value: 0.4363955767989327.
[I 2026-05-28 01:42:17,059] Trial 184 finished with value: 2.0821882637189333 and parameters: {'ISTN': 78.14642451262226, 'I_gpe': 0.6997166199814258, 'I_gpi': 2.098689877086938, 'noise_stn_sigma': 6.224386499271003, 'noise_gpe_sigma': 69.42575883320325, 'noise_gpi_sigma': 105.33318939293937, 'g_stn_gpe_mult': 2.248999509471346, 'g_gpe_stn_mult': 0.2447907878969745, 'g_stn_gpi_mult': 2.901085180574272, 'g_gpe_gpi_mult': 0.39436483412080064}. Best is trial 50 with value: 0.4363955767989327.
[I 2026-05-28 01:42:18,067] Trial 185 finished with value: 1.8969215451730697 and parameters: {'ISTN': 72.66191233843261, 'I_gpe': 0.9743205896721234, 'I_gpi': 1.716229960114478, 'noise_stn_sigma': 7.356270064102208, 'noise_gpe_sigma': 100.75994588627364, 'noise_gpi_sigma': 99.90248700319397, 'g_stn_gpe_mult': 2.023957113373907, 'g_gpe_stn_mult': 0.17361462695900995, 'g_stn_gpi_mult': 2.371752570592837, 'g_gpe_gpi_mult': 0.49686379362787997}. Best is trial 50 with value: 0.4363955767989327.
[I 2026-05-28 01:42:19,078] Trial 186 finished with value: 1.589901845469868 and parameters: {'ISTN': 68.32232060148989, 'I_gpe': 0.967112460967172, 'I_gpi': 2.3914437611658954, 'noise_stn_sigma': 7.898854993543412, 'noise_gpe_sigma': 99.84090278746154, 'noise_gpi_sigma': 98.57864751549202, 'g_stn_gpe_mult': 2.1819064382697873, 'g_gpe_stn_mult': 0.21237552456125885, 'g_stn_gpi_mult': 2.3160290726016983, 'g_gpe_gpi_mult': 0.44272675942470957}. Best is trial 50 with value: 0.4363955767989327.
[I 2026-05-28 01:42:20,086] Trial 187 finished with value: 1.8632307014865748 and parameters: {'ISTN': 65.72715432769135, 'I_gpe': 1.0356493222809315, 'I_gpi': 1.8683647932580665, 'noise_stn_sigma': 7.1460803978377045, 'noise_gpe_sigma': 108.99831326070301, 'noise_gpi_sigma': 107.30170136699623, 'g_stn_gpe_mult': 1.9179974950247207, 'g_gpe_stn_mult': 0.15267394296763756, 'g_stn_gpi_mult': 1.9104312598467703, 'g_gpe_gpi_mult': 0.46065191012381423}. Best is trial 50 with value: 0.4363955767989327.
[I 2026-05-28 01:42:21,095] Trial 188 finished with value: 0.9676390611044213 and parameters: {'ISTN': 60.5515903307599, 'I_gpe': 0.9842261388719574, 'I_gpi': 2.1439171060025943, 'noise_stn_sigma': 6.92414329043493, 'noise_gpe_sigma': 106.17414916764673, 'noise_gpi_sigma': 112.50991341882703, 'g_stn_gpe_mult': 1.6378138063608922, 'g_gpe_stn_mult': 0.24087953517020944, 'g_stn_gpi_mult': 2.7556639442489033, 'g_gpe_gpi_mult': 0.4623646621695707}. Best is trial 50 with value: 0.4363955767989327.
[I 2026-05-28 01:42:22,102] Trial 189 finished with value: 2.4404268703871934 and parameters: {'ISTN': 71.44000288657043, 'I_gpe': 1.0188059506855465, 'I_gpi': 2.54460127612553, 'noise_stn_sigma': 7.791813862622677, 'noise_gpe_sigma': 114.59640296250161, 'noise_gpi_sigma': 106.64827763181496, 'g_stn_gpe_mult': 1.6038418600284543, 'g_gpe_stn_mult': 0.2118609593989032, 'g_stn_gpi_mult': 2.6094894639133113, 'g_gpe_gpi_mult': 0.455248489931756}. Best is trial 50 with value: 0.4363955767989327.
[I 2026-05-28 01:42:23,110] Trial 190 finished with value: 0.602957924872402 and parameters: {'ISTN': 68.49588296644541, 'I_gpe': 0.8042388028400274, 'I_gpi': 2.0246536823865244, 'noise_stn_sigma': 6.940623731741144, 'noise_gpe_sigma': 97.45346351297732, 'noise_gpi_sigma': 92.5890098534301, 'g_stn_gpe_mult': 1.6672208291024475, 'g_gpe_stn_mult': 0.20477017300302067, 'g_stn_gpi_mult': 2.4395653041440157, 'g_gpe_gpi_mult': 0.3781508858169347}. Best is trial 50 with value: 0.4363955767989327.
[I 2026-05-28 01:42:24,121] Trial 191 finished with value: 2.3977070149118247 and parameters: {'ISTN': 68.59325833586095, 'I_gpe': 0.6229532055112494, 'I_gpi': 2.1135790086625876, 'noise_stn_sigma': 6.913653170183595, 'noise_gpe_sigma': 90.45897384574486, 'noise_gpi_sigma': 84.56857516129598, 'g_stn_gpe_mult': 2.077373562984981, 'g_gpe_stn_mult': 0.2788100238959561, 'g_stn_gpi_mult': 2.570581468088387, 'g_gpe_gpi_mult': 0.3819978315242051}. Best is trial 50 with value: 0.4363955767989327.
[I 2026-05-28 01:42:25,131] Trial 192 finished with value: 1.5720062075779713 and parameters: {'ISTN': 60.572190441806754, 'I_gpe': 1.3044109776828892, 'I_gpi': 2.5111405372030218, 'noise_stn_sigma': 6.898802726313707, 'noise_gpe_sigma': 93.14549145066822, 'noise_gpi_sigma': 120.8131661083478, 'g_stn_gpe_mult': 1.69479502363267, 'g_gpe_stn_mult': 0.12932367881940893, 'g_stn_gpi_mult': 2.370192640933321, 'g_gpe_gpi_mult': 0.4869255843118911}. Best is trial 50 with value: 0.4363955767989327.
[I 2026-05-28 01:42:26,140] Trial 193 finished with value: 1.799516593207 and parameters: {'ISTN': 69.17784824649517, 'I_gpe': 0.7591472905206087, 'I_gpi': 2.059764791728814, 'noise_stn_sigma': 6.902830218922034, 'noise_gpe_sigma': 104.8797103387971, 'noise_gpi_sigma': 115.67854637912063, 'g_stn_gpe_mult': 1.8129310504417193, 'g_gpe_stn_mult': 0.21434712955998947, 'g_stn_gpi_mult': 2.4475681557328217, 'g_gpe_gpi_mult': 0.42326732878750606}. Best is trial 50 with value: 0.4363955767989327.
[I 2026-05-28 01:42:27,149] Trial 194 finished with value: 0.827875298347269 and parameters: {'ISTN': 60.56435549062879, 'I_gpe': 1.3089532809323812, 'I_gpi': 2.037277567239742, 'noise_stn_sigma': 6.593947780977832, 'noise_gpe_sigma': 86.75069257037025, 'noise_gpi_sigma': 113.01499402432783, 'g_stn_gpe_mult': 1.767488742972914, 'g_gpe_stn_mult': 0.21656295496863154, 'g_stn_gpi_mult': 2.9563602050477593, 'g_gpe_gpi_mult': 0.45458563520906037}. Best is trial 50 with value: 0.4363955767989327.
[I 2026-05-28 01:42:28,158] Trial 195 finished with value: 2.703610011802634 and parameters: {'ISTN': 70.91323332899759, 'I_gpe': 0.5616337217570074, 'I_gpi': 2.503541303998862, 'noise_stn_sigma': 6.241621456391244, 'noise_gpe_sigma': 105.48481257792413, 'noise_gpi_sigma': 109.27608569275952, 'g_stn_gpe_mult': 1.7338774752821506, 'g_gpe_stn_mult': 0.2660193543742087, 'g_stn_gpi_mult': 2.7215652326679023, 'g_gpe_gpi_mult': 0.38221123558093784}. Best is trial 50 with value: 0.4363955767989327.
[I 2026-05-28 01:42:29,168] Trial 196 finished with value: 1.9647435969538933 and parameters: {'ISTN': 60.00780133619393, 'I_gpe': 0.9826352485547596, 'I_gpi': 2.6755273738603407, 'noise_stn_sigma': 6.755849654763877, 'noise_gpe_sigma': 113.27455512407263, 'noise_gpi_sigma': 116.20474964321649, 'g_stn_gpe_mult': 2.0047208445571707, 'g_gpe_stn_mult': 0.17093568470556347, 'g_stn_gpi_mult': 2.5477512441699455, 'g_gpe_gpi_mult': 0.3875622743399877}. Best is trial 50 with value: 0.4363955767989327.
[I 2026-05-28 01:42:30,177] Trial 197 finished with value: 1.7465060799090204 and parameters: {'ISTN': 74.88833281547566, 'I_gpe': 0.9742455450122053, 'I_gpi': 1.4339790899183367, 'noise_stn_sigma': 7.512711217233823, 'noise_gpe_sigma': 89.50235035903361, 'noise_gpi_sigma': 104.46121735565136, 'g_stn_gpe_mult': 2.1817340552813844, 'g_gpe_stn_mult': 0.1159762249501824, 'g_stn_gpi_mult': 2.446281261908088, 'g_gpe_gpi_mult': 0.5177437186272975}. Best is trial 50 with value: 0.4363955767989327.
[I 2026-05-28 01:42:31,185] Trial 198 finished with value: 2.358925633338218 and parameters: {'ISTN': 69.5177955739165, 'I_gpe': 1.0132956346922435, 'I_gpi': 1.8292303280260658, 'noise_stn_sigma': 6.779114888651281, 'noise_gpe_sigma': 88.33029849128721, 'noise_gpi_sigma': 90.07584995490116, 'g_stn_gpe_mult': 1.950671875919518, 'g_gpe_stn_mult': 0.23123796787592427, 'g_stn_gpi_mult': 2.6920996239100066, 'g_gpe_gpi_mult': 0.5053731600841543}. Best is trial 50 with value: 0.4363955767989327.
[I 2026-05-28 01:42:32,194] Trial 199 finished with value: 1.5786480154131954 and parameters: {'ISTN': 61.40929320939615, 'I_gpe': 1.1730742213939862, 'I_gpi': 2.0235697835918622, 'noise_stn_sigma': 6.08177775154996, 'noise_gpe_sigma': 106.14688465545767, 'noise_gpi_sigma': 112.6752977034765, 'g_stn_gpe_mult': 2.214778656540393, 'g_gpe_stn_mult': 0.19171903165062304, 'g_stn_gpi_mult': 2.2141221918226988, 'g_gpe_gpi_mult': 0.3815350105597473}. Best is trial 50 with value: 0.4363955767989327.
[I 2026-05-28 01:42:33,204] Trial 200 finished with value: 3.048185507461888 and parameters: {'ISTN': 65.58256679451767, 'I_gpe': 1.572920240104291, 'I_gpi': 2.2226716581633483, 'noise_stn_sigma': 6.850064685926886, 'noise_gpe_sigma': 102.02314687748914, 'noise_gpi_sigma': 100.24686608951059, 'g_stn_gpe_mult': 1.7838377688498936, 'g_gpe_stn_mult': 0.22391783523660602, 'g_stn_gpi_mult': 2.8530141742378863, 'g_gpe_gpi_mult': 0.4952788199172611}. Best is trial 50 with value: 0.4363955767989327.
[I 2026-05-28 01:42:34,216] Trial 201 finished with value: 2.3212678481977784 and parameters: {'ISTN': 68.55535186242622, 'I_gpe': 1.1479905200709684, 'I_gpi': 2.2218527083292194, 'noise_stn_sigma': 6.543218723425843, 'noise_gpe_sigma': 98.03141143305719, 'noise_gpi_sigma': 105.26665880229648, 'g_stn_gpe_mult': 1.7715417385724737, 'g_gpe_stn_mult': 0.3207402528503994, 'g_stn_gpi_mult': 2.9959942382705105, 'g_gpe_gpi_mult': 0.5402688018349657}. Best is trial 50 with value: 0.4363955767989327.
[I 2026-05-28 01:42:35,225] Trial 202 finished with value: 0.6775077698933953 and parameters: {'ISTN': 60.78413020654612, 'I_gpe': 1.0290161902051558, 'I_gpi': 2.228403366325236, 'noise_stn_sigma': 7.064675603641213, 'noise_gpe_sigma': 79.89596344085338, 'noise_gpi_sigma': 118.75138553662467, 'g_stn_gpe_mult': 1.8420449781609094, 'g_gpe_stn_mult': 0.16676480419866507, 'g_stn_gpi_mult': 2.587935392577238, 'g_gpe_gpi_mult': 0.40037043862624033}. Best is trial 50 with value: 0.4363955767989327.
[I 2026-05-28 01:42:36,233] Trial 203 finished with value: 1.225430811279622 and parameters: {'ISTN': 64.84160388716481, 'I_gpe': 1.2744379583029768, 'I_gpi': 2.055092206590571, 'noise_stn_sigma': 5.990218220737661, 'noise_gpe_sigma': 81.57823913930343, 'noise_gpi_sigma': 120.7613985641673, 'g_stn_gpe_mult': 2.0843716043353244, 'g_gpe_stn_mult': 0.25044794860454556, 'g_stn_gpi_mult': 2.6314622762634494, 'g_gpe_gpi_mult': 0.45492457720288654}. Best is trial 50 with value: 0.4363955767989327.
[I 2026-05-28 01:42:37,243] Trial 204 finished with value: 1.9938338343903736 and parameters: {'ISTN': 66.69878067233462, 'I_gpe': 1.3727254063688994, 'I_gpi': 2.53745548947325, 'noise_stn_sigma': 7.065011042951218, 'noise_gpe_sigma': 108.24450666374237, 'noise_gpi_sigma': 126.6921333862248, 'g_stn_gpe_mult': 2.118475632540331, 'g_gpe_stn_mult': 0.15879884738284736, 'g_stn_gpi_mult': 2.4155805720474226, 'g_gpe_gpi_mult': 0.44799355566790433}. Best is trial 50 with value: 0.4363955767989327.
[I 2026-05-28 01:42:38,253] Trial 205 finished with value: 3.9947459885225785 and parameters: {'ISTN': 80.32674429513092, 'I_gpe': 1.0446130805211187, 'I_gpi': 2.6578915938099934, 'noise_stn_sigma': 7.36672563330734, 'noise_gpe_sigma': 87.28157166067517, 'noise_gpi_sigma': 122.42601736558872, 'g_stn_gpe_mult': 2.2869581882870045, 'g_gpe_stn_mult': 0.2900271174008065, 'g_stn_gpi_mult': 2.8433102839061712, 'g_gpe_gpi_mult': 0.5814187110722693}. Best is trial 50 with value: 0.4363955767989327.
[I 2026-05-28 01:42:39,261] Trial 206 finished with value: 1.6846847185137075 and parameters: {'ISTN': 63.55493580888724, 'I_gpe': 1.056299767631801, 'I_gpi': 1.8108503018417141, 'noise_stn_sigma': 7.103672043332541, 'noise_gpe_sigma': 92.17673383223767, 'noise_gpi_sigma': 113.25078031875955, 'g_stn_gpe_mult': 1.828439779804418, 'g_gpe_stn_mult': 0.16732024740039692, 'g_stn_gpi_mult': 2.7333552066874067, 'g_gpe_gpi_mult': 0.5072341182971902}. Best is trial 50 with value: 0.4363955767989327.
[I 2026-05-28 01:42:40,270] Trial 207 finished with value: 2.330570704195039 and parameters: {'ISTN': 76.04601052154575, 'I_gpe': 1.3466369394604456, 'I_gpi': 1.919086254536047, 'noise_stn_sigma': 6.695772362725926, 'noise_gpe_sigma': 100.58313219015534, 'noise_gpi_sigma': 121.04182247604199, 'g_stn_gpe_mult': 1.570862902091792, 'g_gpe_stn_mult': 0.21367973234622975, 'g_stn_gpi_mult': 2.239701969776861, 'g_gpe_gpi_mult': 0.5648725306319626}. Best is trial 50 with value: 0.4363955767989327.
[I 2026-05-28 01:42:41,278] Trial 208 finished with value: 2.3972164406643617 and parameters: {'ISTN': 67.37334890844707, 'I_gpe': 1.1701820459517946, 'I_gpi': 2.473344208275893, 'noise_stn_sigma': 6.513186124641938, 'noise_gpe_sigma': 84.83540668701309, 'noise_gpi_sigma': 116.74324305920715, 'g_stn_gpe_mult': 1.8424294330520676, 'g_gpe_stn_mult': 0.18067649611421366, 'g_stn_gpi_mult': 2.77057710800609, 'g_gpe_gpi_mult': 0.5741426626169317}. Best is trial 50 with value: 0.4363955767989327.
[I 2026-05-28 01:42:42,286] Trial 209 finished with value: 0.38460119353143385 and parameters: {'ISTN': 62.83569104888043, 'I_gpe': 1.4352493290433763, 'I_gpi': 1.9824122253615155, 'noise_stn_sigma': 7.064916171052377, 'noise_gpe_sigma': 80.04456197383357, 'noise_gpi_sigma': 120.27634778788389, 'g_stn_gpe_mult': 1.739869279623108, 'g_gpe_stn_mult': 0.15243685219369887, 'g_stn_gpi_mult': 2.5117795528689206, 'g_gpe_gpi_mult': 0.48778313619015856}. Best is trial 209 with value: 0.38460119353143385.
[I 2026-05-28 01:42:43,294] Trial 210 finished with value: 0.5556776415363798 and parameters: {'ISTN': 64.33309777503624, 'I_gpe': 0.9261238726607977, 'I_gpi': 2.386389950611102, 'noise_stn_sigma': 7.393795481472122, 'noise_gpe_sigma': 89.59295152991893, 'noise_gpi_sigma': 105.57683344733772, 'g_stn_gpe_mult': 1.7556470536534963, 'g_gpe_stn_mult': 0.2426049032392954, 'g_stn_gpi_mult': 3.169273198145589, 'g_gpe_gpi_mult': 0.4955401484039281}. Best is trial 209 with value: 0.38460119353143385.
[I 2026-05-28 01:42:44,306] Trial 211 finished with value: 0.7394452415635625 and parameters: {'ISTN': 71.00590955775613, 'I_gpe': 1.346336018816885, 'I_gpi': 2.5234814075066745, 'noise_stn_sigma': 6.770850709917992, 'noise_gpe_sigma': 65.70840023514916, 'noise_gpi_sigma': 116.40000559764486, 'g_stn_gpe_mult': 1.8820489661240964, 'g_gpe_stn_mult': 0.13915865633274016, 'g_stn_gpi_mult': 2.690763729931347, 'g_gpe_gpi_mult': 0.49904080317444677}. Best is trial 209 with value: 0.38460119353143385.
[I 2026-05-28 01:42:45,315] Trial 212 finished with value: 2.313756565830194 and parameters: {'ISTN': 71.85564396248802, 'I_gpe': 1.112139657931722, 'I_gpi': 2.3299282080880683, 'noise_stn_sigma': 6.898756057016588, 'noise_gpe_sigma': 75.86422543832016, 'noise_gpi_sigma': 99.47543335993649, 'g_stn_gpe_mult': 1.8163749810667245, 'g_gpe_stn_mult': 0.1791321041908687, 'g_stn_gpi_mult': 3.230800811957857, 'g_gpe_gpi_mult': 0.43930041892698035}. Best is trial 209 with value: 0.38460119353143385.
[I 2026-05-28 01:42:46,323] Trial 213 finished with value: 0.734616004425907 and parameters: {'ISTN': 67.549244402837, 'I_gpe': 0.8523749140828295, 'I_gpi': 2.457605841621164, 'noise_stn_sigma': 7.328979054099561, 'noise_gpe_sigma': 90.1612464000503, 'noise_gpi_sigma': 122.9448728587413, 'g_stn_gpe_mult': 1.5980086402831146, 'g_gpe_stn_mult': 0.21303675865783434, 'g_stn_gpi_mult': 2.941614386381483, 'g_gpe_gpi_mult': 0.5923118994398742}. Best is trial 209 with value: 0.38460119353143385.
[I 2026-05-28 01:42:47,332] Trial 214 finished with value: 4.26142663320303 and parameters: {'ISTN': 81.00107744139233, 'I_gpe': 1.1320375328486878, 'I_gpi': 2.6079956244131983, 'noise_stn_sigma': 6.771363573140967, 'noise_gpe_sigma': 66.1009932646472, 'noise_gpi_sigma': 79.43760693204061, 'g_stn_gpe_mult': 1.7617531039408474, 'g_gpe_stn_mult': 0.2420001117468582, 'g_stn_gpi_mult': 2.7316749962193843, 'g_gpe_gpi_mult': 0.4959308672196075}. Best is trial 209 with value: 0.38460119353143385.
[I 2026-05-28 01:42:48,341] Trial 215 finished with value: 2.968734344790284 and parameters: {'ISTN': 74.43133293755679, 'I_gpe': 1.1540636422965391, 'I_gpi': 2.056116098706675, 'noise_stn_sigma': 7.007391416539744, 'noise_gpe_sigma': 82.84388140630257, 'noise_gpi_sigma': 102.61740846437594, 'g_stn_gpe_mult': 1.5014558727420233, 'g_gpe_stn_mult': 0.2118011151859216, 'g_stn_gpi_mult': 2.978106790136865, 'g_gpe_gpi_mult': 0.4367381778333191}. Best is trial 209 with value: 0.38460119353143385.
[I 2026-05-28 01:42:49,349] Trial 216 finished with value: 3.5499284149167076 and parameters: {'ISTN': 78.21502080378863, 'I_gpe': 1.1855830112116246, 'I_gpi': 1.8985124465062786, 'noise_stn_sigma': 7.40057014887493, 'noise_gpe_sigma': 85.52503600931595, 'noise_gpi_sigma': 126.8285139564036, 'g_stn_gpe_mult': 1.7982670832733045, 'g_gpe_stn_mult': 0.2358767092666727, 'g_stn_gpi_mult': 2.732210494126219, 'g_gpe_gpi_mult': 0.3620940176628089}. Best is trial 209 with value: 0.38460119353143385.
[I 2026-05-28 01:42:50,359] Trial 217 finished with value: 2.130533075624653 and parameters: {'ISTN': 69.45911736034414, 'I_gpe': 0.9243473733197147, 'I_gpi': 2.7492557412791103, 'noise_stn_sigma': 6.798542097647529, 'noise_gpe_sigma': 101.10223089011801, 'noise_gpi_sigma': 119.83292354440512, 'g_stn_gpe_mult': 1.7598467838347411, 'g_gpe_stn_mult': 0.24429450332449645, 'g_stn_gpi_mult': 3.0447465593348917, 'g_gpe_gpi_mult': 0.39856367798316483}. Best is trial 209 with value: 0.38460119353143385.
[I 2026-05-28 01:42:51,366] Trial 218 finished with value: 1.9105903363742898 and parameters: {'ISTN': 68.07722734574074, 'I_gpe': 1.4246776257003757, 'I_gpi': 2.2241387682671245, 'noise_stn_sigma': 6.463175410603124, 'noise_gpe_sigma': 84.31334464555776, 'noise_gpi_sigma': 112.71881931859478, 'g_stn_gpe_mult': 2.073882283343508, 'g_gpe_stn_mult': 0.20711963781389547, 'g_stn_gpi_mult': 2.981501579555328, 'g_gpe_gpi_mult': 0.529793681881372}. Best is trial 209 with value: 0.38460119353143385.
[I 2026-05-28 01:42:52,372] Trial 219 finished with value: 2.9802362971013148 and parameters: {'ISTN': 75.45404635498649, 'I_gpe': 1.5422880697672539, 'I_gpi': 2.4425651411576244, 'noise_stn_sigma': 5.5382453533178255, 'noise_gpe_sigma': 82.85181297906885, 'noise_gpi_sigma': 105.8499392820373, 'g_stn_gpe_mult': 2.151278401179783, 'g_gpe_stn_mult': 0.16741725749368733, 'g_stn_gpi_mult': 2.7022058795161, 'g_gpe_gpi_mult': 0.4481472397341011}. Best is trial 209 with value: 0.38460119353143385.
