[I 2026-05-28 02:04:18,027] Trial 484 finished with value: 5.419739298175379 and parameters: {'ISTN': 64.9092831946088, 'I_gpe': 0.7288452367362246, 'I_gpi': 3.2226558072249585, 'noise_stn_sigma': 5.310644044738873, 'noise_gpe_sigma': 94.19682082196572, 'noise_gpi_sigma': 90.96431859209659, 'g_stn_gpe_mult': 2.046751191948105, 'g_gpe_stn_mult': 0.24498396460281788, 'g_stn_gpi_mult': 3.3857425750708585, 'g_gpe_gpi_mult': 0.9100397318351463}. Best is trial 98 with value: 0.5979484317983877.
[I 2026-05-28 02:04:19,034] Trial 485 finished with value: 14.882452724640828 and parameters: {'ISTN': 68.176340328209, 'I_gpe': 0.7757239797938529, 'I_gpi': 3.320347597028283, 'noise_stn_sigma': 5.1941341304507045, 'noise_gpe_sigma': 91.44042221509795, 'noise_gpi_sigma': 95.88758363140876, 'g_stn_gpe_mult': 1.9268574613262568, 'g_gpe_stn_mult': 0.23852377180255882, 'g_stn_gpi_mult': 3.407607924459394, 'g_gpe_gpi_mult': 0.9073179189419764}. Best is trial 98 with value: 0.5979484317983877.
[I 2026-05-28 02:04:20,042] Trial 486 finished with value: 9.744479552815125 and parameters: {'ISTN': 63.39311651343445, 'I_gpe': 0.892680423316917, 'I_gpi': 3.349962895613455, 'noise_stn_sigma': 5.182332184078261, 'noise_gpe_sigma': 91.65861335233352, 'noise_gpi_sigma': 93.88208465166475, 'g_stn_gpe_mult': 1.9891952785668217, 'g_gpe_stn_mult': 0.24738936794778205, 'g_stn_gpi_mult': 3.4939993953305226, 'g_gpe_gpi_mult': 0.8962099449953214}. Best is trial 98 with value: 0.5979484317983877.
[I 2026-05-28 02:04:21,049] Trial 487 finished with value: 10.562554715339834 and parameters: {'ISTN': 62.67769329869636, 'I_gpe': 0.843022704351931, 'I_gpi': 3.2505615470885236, 'noise_stn_sigma': 5.243995852499215, 'noise_gpe_sigma': 92.29242107152788, 'noise_gpi_sigma': 86.6305879224795, 'g_stn_gpe_mult': 2.07964938829534, 'g_gpe_stn_mult': 0.24085020462987106, 'g_stn_gpi_mult': 3.221800092918043, 'g_gpe_gpi_mult': 0.8946048066606296}. Best is trial 98 with value: 0.5979484317983877.
[I 2026-05-28 02:04:22,057] Trial 488 finished with value: 1.642679732286954 and parameters: {'ISTN': 64.20026979502927, 'I_gpe': 0.8435177312711433, 'I_gpi': 3.4284880636112836, 'noise_stn_sigma': 5.2528861199742485, 'noise_gpe_sigma': 86.0887797484834, 'noise_gpi_sigma': 91.76979949166429, 'g_stn_gpe_mult': 1.6975362229933375, 'g_gpe_stn_mult': 0.24802359563899917, 'g_stn_gpi_mult': 3.3512508149378286, 'g_gpe_gpi_mult': 0.8836450514515855}. Best is trial 98 with value: 0.5979484317983877.
[I 2026-05-28 02:04:23,065] Trial 489 finished with value: 9.73896422314063 and parameters: {'ISTN': 65.12556579782255, 'I_gpe': 0.8174449113683219, 'I_gpi': 3.3058472362842912, 'noise_stn_sigma': 5.182513749229181, 'noise_gpe_sigma': 90.8854666991993, 'noise_gpi_sigma': 94.22866640126814, 'g_stn_gpe_mult': 1.8672181356963018, 'g_gpe_stn_mult': 0.23421402146817405, 'g_stn_gpi_mult': 3.4314533256060757, 'g_gpe_gpi_mult': 0.8812995703451028}. Best is trial 98 with value: 0.5979484317983877.
[I 2026-05-28 02:04:24,072] Trial 490 finished with value: 5.705995619844552 and parameters: {'ISTN': 60.85364035374939, 'I_gpe': 0.8359943161898171, 'I_gpi': 3.381527171990141, 'noise_stn_sigma': 5.307766850804555, 'noise_gpe_sigma': 86.67868460934503, 'noise_gpi_sigma': 90.18005771809558, 'g_stn_gpe_mult': 1.9350247490646897, 'g_gpe_stn_mult': 0.2342010538649235, 'g_stn_gpi_mult': 3.3001277751322116, 'g_gpe_gpi_mult': 0.8936173833993504}. Best is trial 98 with value: 0.5979484317983877.
[I 2026-05-28 02:04:25,080] Trial 491 finished with value: 3.019502022211796 and parameters: {'ISTN': 64.79672856328001, 'I_gpe': 0.8355489060101888, 'I_gpi': 3.291443931238617, 'noise_stn_sigma': 5.38008869443999, 'noise_gpe_sigma': 86.29314212726688, 'noise_gpi_sigma': 91.599241953893, 'g_stn_gpe_mult': 1.8227869419561868, 'g_gpe_stn_mult': 0.23913062378817432, 'g_stn_gpi_mult': 3.345544274676707, 'g_gpe_gpi_mult': 0.9019691220378416}. Best is trial 98 with value: 0.5979484317983877.
[I 2026-05-28 02:04:26,089] Trial 492 finished with value: 5.351557226578904 and parameters: {'ISTN': 62.20940401409261, 'I_gpe': 0.8738968055083607, 'I_gpi': 3.363151027298451, 'noise_stn_sigma': 5.43753955340067, 'noise_gpe_sigma': 90.12113158793461, 'noise_gpi_sigma': 91.81795875402437, 'g_stn_gpe_mult': 1.8616856883899457, 'g_gpe_stn_mult': 0.21515179088240105, 'g_stn_gpi_mult': 3.403072203042698, 'g_gpe_gpi_mult': 0.8820770402710558}. Best is trial 98 with value: 0.5979484317983877.
[I 2026-05-28 02:04:27,095] Trial 493 finished with value: 4.391003391063865 and parameters: {'ISTN': 63.585202412130904, 'I_gpe': 0.8319993821316461, 'I_gpi': 3.3059418730187544, 'noise_stn_sigma': 5.195350685373635, 'noise_gpe_sigma': 85.56853059723639, 'noise_gpi_sigma': 92.03355662178807, 'g_stn_gpe_mult': 1.72976864183039, 'g_gpe_stn_mult': 0.2552295810537085, 'g_stn_gpi_mult': 3.365365461366533, 'g_gpe_gpi_mult': 0.8745245132847839}. Best is trial 98 with value: 0.5979484317983877.
[I 2026-05-28 02:04:28,103] Trial 494 finished with value: 1.2921152517960637 and parameters: {'ISTN': 61.13992534223409, 'I_gpe': 0.8327783778702211, 'I_gpi': 3.4923394869224755, 'noise_stn_sigma': 5.083476812615074, 'noise_gpe_sigma': 87.10452036787629, 'noise_gpi_sigma': 89.96750344757065, 'g_stn_gpe_mult': 1.6334799059128373, 'g_gpe_stn_mult': 0.24084034923581513, 'g_stn_gpi_mult': 3.455584281786672, 'g_gpe_gpi_mult': 0.8780206226419964}. Best is trial 98 with value: 0.5979484317983877.
[I 2026-05-28 02:04:29,110] Trial 495 finished with value: 13.815194028715025 and parameters: {'ISTN': 62.06818380757688, 'I_gpe': 0.8770378042920102, 'I_gpi': 3.334047163348509, 'noise_stn_sigma': 5.536511785656404, 'noise_gpe_sigma': 85.15029156746249, 'noise_gpi_sigma': 89.83544170630418, 'g_stn_gpe_mult': 1.9068679088946467, 'g_gpe_stn_mult': 0.23226468677551693, 'g_stn_gpi_mult': 3.238890947569958, 'g_gpe_gpi_mult': 0.9048397084397233}. Best is trial 98 with value: 0.5979484317983877.
[I 2026-05-28 02:04:30,116] Trial 496 finished with value: 10.937988257378404 and parameters: {'ISTN': 61.99764062120017, 'I_gpe': 0.8273452707985159, 'I_gpi': 3.502716078089213, 'noise_stn_sigma': 5.391769368551467, 'noise_gpe_sigma': 88.11565402418852, 'noise_gpi_sigma': 93.59262804390931, 'g_stn_gpe_mult': 1.776235240180296, 'g_gpe_stn_mult': 0.2559530346146228, 'g_stn_gpi_mult': 3.380042904589264, 'g_gpe_gpi_mult': 0.8959621371524853}. Best is trial 98 with value: 0.5979484317983877.
[I 2026-05-28 02:04:31,123] Trial 497 finished with value: 25.897827682467746 and parameters: {'ISTN': 65.2987186424487, 'I_gpe': 0.720118578761052, 'I_gpi': 3.3370787401141477, 'noise_stn_sigma': 5.123646925220455, 'noise_gpe_sigma': 89.5329626991381, 'noise_gpi_sigma': 88.37396584401962, 'g_stn_gpe_mult': 2.0212288333190056, 'g_gpe_stn_mult': 0.2178827708366854, 'g_stn_gpi_mult': 3.2534792180910386, 'g_gpe_gpi_mult': 0.9418108326501695}. Best is trial 98 with value: 0.5979484317983877.
[I 2026-05-28 02:04:32,128] Trial 498 finished with value: 9.697393938007952 and parameters: {'ISTN': 63.618110894703506, 'I_gpe': 0.7958604455278853, 'I_gpi': 3.41031329089252, 'noise_stn_sigma': 5.43682521980478, 'noise_gpe_sigma': 91.2421346874142, 'noise_gpi_sigma': 88.15090206503484, 'g_stn_gpe_mult': 1.8887230992311985, 'g_gpe_stn_mult': 0.23018470151220874, 'g_stn_gpi_mult': 3.328440995800419, 'g_gpe_gpi_mult': 0.9186283589329269}. Best is trial 98 with value: 0.5979484317983877.
[I 2026-05-28 02:04:33,138] Trial 499 finished with value: 17.189287916226895 and parameters: {'ISTN': 64.37233279898518, 'I_gpe': 0.7730571183997663, 'I_gpi': 3.3325780031382575, 'noise_stn_sigma': 5.414921836567154, 'noise_gpe_sigma': 88.94392923876171, 'noise_gpi_sigma': 92.25842940583422, 'g_stn_gpe_mult': 1.9436251223090744, 'g_gpe_stn_mult': 0.2346860336771895, 'g_stn_gpi_mult': 3.413892235134033, 'g_gpe_gpi_mult': 0.9062067210704929}. Best is trial 98 with value: 0.5979484317983877.
[I 2026-05-28 02:04:34,146] Trial 500 finished with value: 9.854283992046248 and parameters: {'ISTN': 65.77382051734604, 'I_gpe': 0.7850171091318415, 'I_gpi': 3.422170740042015, 'noise_stn_sigma': 5.406398474022582, 'noise_gpe_sigma': 87.83790837201363, 'noise_gpi_sigma': 89.6774673390363, 'g_stn_gpe_mult': 1.8651941705835557, 'g_gpe_stn_mult': 0.2357697871095627, 'g_stn_gpi_mult': 3.203820382111621, 'g_gpe_gpi_mult': 0.8991206817939326}. Best is trial 98 with value: 0.5979484317983877.
[I 2026-05-28 02:04:35,154] Trial 501 finished with value: 9.117410312682171 and parameters: {'ISTN': 63.37253437096913, 'I_gpe': 0.8287799498989915, 'I_gpi': 3.36961410071073, 'noise_stn_sigma': 5.163942352386206, 'noise_gpe_sigma': 91.15045019869231, 'noise_gpi_sigma': 94.0855499639033, 'g_stn_gpe_mult': 1.7355817754815828, 'g_gpe_stn_mult': 0.23749710465712107, 'g_stn_gpi_mult': 3.39801505759991, 'g_gpe_gpi_mult': 0.8602483081593024}. Best is trial 98 with value: 0.5979484317983877.
[I 2026-05-28 02:04:36,161] Trial 502 finished with value: 5.257327077238176 and parameters: {'ISTN': 65.6941115697325, 'I_gpe': 0.8188498597232594, 'I_gpi': 3.391640996246354, 'noise_stn_sigma': 5.445383081566994, 'noise_gpe_sigma': 88.38026091945964, 'noise_gpi_sigma': 90.56222211944522, 'g_stn_gpe_mult': 1.8273229619184541, 'g_gpe_stn_mult': 0.27272107087150066, 'g_stn_gpi_mult': 3.2644168271654714, 'g_gpe_gpi_mult': 0.9001828898619715}. Best is trial 98 with value: 0.5979484317983877.
[I 2026-05-28 02:04:37,171] Trial 503 finished with value: 1.5332192660169464 and parameters: {'ISTN': 66.6630820342567, 'I_gpe': 0.8622263649980024, 'I_gpi': 3.410594459027231, 'noise_stn_sigma': 5.296821367147066, 'noise_gpe_sigma': 86.77638366799206, 'noise_gpi_sigma': 93.3561127911636, 'g_stn_gpe_mult': 1.6190388427130071, 'g_gpe_stn_mult': 0.2506100565338124, 'g_stn_gpi_mult': 3.48950301695725, 'g_gpe_gpi_mult': 0.8809380630932668}. Best is trial 98 with value: 0.5979484317983877.
[I 2026-05-28 02:04:38,179] Trial 504 finished with value: 11.972907325082144 and parameters: {'ISTN': 60.73559053127501, 'I_gpe': 0.9030571204028306, 'I_gpi': 3.410915104914609, 'noise_stn_sigma': 5.098138903742648, 'noise_gpe_sigma': 86.52375295631728, 'noise_gpi_sigma': 92.24606701349367, 'g_stn_gpe_mult': 1.8174356002717327, 'g_gpe_stn_mult': 0.23907139355370244, 'g_stn_gpi_mult': 3.412826669246733, 'g_gpe_gpi_mult': 0.8675518588998503}. Best is trial 98 with value: 0.5979484317983877.
[I 2026-05-28 02:04:39,187] Trial 505 finished with value: 1.3839324087875564 and parameters: {'ISTN': 65.23500812854627, 'I_gpe': 0.8989055631358731, 'I_gpi': 3.391522300790847, 'noise_stn_sigma': 5.242088848376369, 'noise_gpe_sigma': 85.93955854784099, 'noise_gpi_sigma': 89.42364053605097, 'g_stn_gpe_mult': 1.6274766971557049, 'g_gpe_stn_mult': 0.24676763262061413, 'g_stn_gpi_mult': 3.4481582846408214, 'g_gpe_gpi_mult': 0.8799429323646055}. Best is trial 98 with value: 0.5979484317983877.
[I 2026-05-28 02:04:40,197] Trial 506 finished with value: 5.491773886050204 and parameters: {'ISTN': 65.01094705991171, 'I_gpe': 0.8149181708245543, 'I_gpi': 3.4333852304832426, 'noise_stn_sigma': 5.291405684733938, 'noise_gpe_sigma': 88.16157573646812, 'noise_gpi_sigma': 86.91902116346428, 'g_stn_gpe_mult': 1.6676202044038098, 'g_gpe_stn_mult': 0.23555910957260467, 'g_stn_gpi_mult': 3.49860110632304, 'g_gpe_gpi_mult': 0.8867116261325436}. Best is trial 98 with value: 0.5979484317983877.
[I 2026-05-28 02:04:41,207] Trial 507 finished with value: 18.228776216615987 and parameters: {'ISTN': 61.7548406022774, 'I_gpe': 0.7931738233942544, 'I_gpi': 3.5069890641478225, 'noise_stn_sigma': 5.18914648782074, 'noise_gpe_sigma': 86.14586923415487, 'noise_gpi_sigma': 91.63102056405276, 'g_stn_gpe_mult': 1.789484803983314, 'g_gpe_stn_mult': 0.26010741035449836, 'g_stn_gpi_mult': 3.4725382650869334, 'g_gpe_gpi_mult': 0.8756610006818166}. Best is trial 98 with value: 0.5979484317983877.
[I 2026-05-28 02:04:42,216] Trial 508 finished with value: 3.1216190657352545 and parameters: {'ISTN': 63.624706764207495, 'I_gpe': 0.842341238067739, 'I_gpi': 3.4990903051939615, 'noise_stn_sigma': 5.281431047461051, 'noise_gpe_sigma': 87.45676498983502, 'noise_gpi_sigma': 90.79150523207812, 'g_stn_gpe_mult': 1.7053897031073804, 'g_gpe_stn_mult': 0.2508405722972633, 'g_stn_gpi_mult': 3.3447279699289627, 'g_gpe_gpi_mult': 0.8741572779489726}. Best is trial 98 with value: 0.5979484317983877.
[I 2026-05-28 02:04:43,226] Trial 509 finished with value: 13.72055996567214 and parameters: {'ISTN': 63.42798692822097, 'I_gpe': 0.8184002084640847, 'I_gpi': 3.367589546191874, 'noise_stn_sigma': 5.052942744770682, 'noise_gpe_sigma': 86.87156301882288, 'noise_gpi_sigma': 88.5743717485829, 'g_stn_gpe_mult': 1.614204474861394, 'g_gpe_stn_mult': 0.2551149344665129, 'g_stn_gpi_mult': 3.5031113813761317, 'g_gpe_gpi_mult': 0.8847793094921113}. Best is trial 98 with value: 0.5979484317983877.
[I 2026-05-28 02:04:44,236] Trial 510 finished with value: 7.472652871364192 and parameters: {'ISTN': 61.70760734440683, 'I_gpe': 0.8481716425976646, 'I_gpi': 3.345210790507214, 'noise_stn_sigma': 5.223360517226379, 'noise_gpe_sigma': 91.13537968039114, 'noise_gpi_sigma': 90.20170738202616, 'g_stn_gpe_mult': 1.729693125872902, 'g_gpe_stn_mult': 0.2296944754624249, 'g_stn_gpi_mult': 3.3162753991527083, 'g_gpe_gpi_mult': 0.8856232112297291}. Best is trial 98 with value: 0.5979484317983877.
[I 2026-05-28 02:04:45,245] Trial 511 finished with value: 1.5809747079226786 and parameters: {'ISTN': 66.64390338505343, 'I_gpe': 0.8790744635908004, 'I_gpi': 3.458405419464991, 'noise_stn_sigma': 5.208394069847589, 'noise_gpe_sigma': 86.29754750927272, 'noise_gpi_sigma': 87.11333169263683, 'g_stn_gpe_mult': 1.7122892664927667, 'g_gpe_stn_mult': 0.24899669354197818, 'g_stn_gpi_mult': 3.4133891505315836, 'g_gpe_gpi_mult': 0.8832053034760543}. Best is trial 98 with value: 0.5979484317983877.
[I 2026-05-28 02:04:46,252] Trial 512 finished with value: 32.295299249124284 and parameters: {'ISTN': 69.83265061716651, 'I_gpe': 0.9033561989319985, 'I_gpi': 3.3328611377754287, 'noise_stn_sigma': 5.2878980918688585, 'noise_gpe_sigma': 85.91266400517135, 'noise_gpi_sigma': 91.98211100840835, 'g_stn_gpe_mult': 1.523553658238384, 'g_gpe_stn_mult': 0.2670799800643532, 'g_stn_gpi_mult': 3.471400318362316, 'g_gpe_gpi_mult': 0.8926357919667911}. Best is trial 98 with value: 0.5979484317983877.
[I 2026-05-28 02:04:47,261] Trial 513 finished with value: 9.64506455373812 and parameters: {'ISTN': 64.8118934712071, 'I_gpe': 0.8120514443761242, 'I_gpi': 3.425315562202194, 'noise_stn_sigma': 5.457977022806271, 'noise_gpe_sigma': 82.43241139135282, 'noise_gpi_sigma': 95.6303637098725, 'g_stn_gpe_mult': 1.6375207643638907, 'g_gpe_stn_mult': 0.24489700457496832, 'g_stn_gpi_mult': 3.3841313296196853, 'g_gpe_gpi_mult': 0.86174613502828}. Best is trial 98 with value: 0.5979484317983877.
[I 2026-05-28 02:04:48,269] Trial 514 finished with value: 1.7301292021813948 and parameters: {'ISTN': 66.47837656644623, 'I_gpe': 0.9189628646429795, 'I_gpi': 3.3957706568758725, 'noise_stn_sigma': 5.361399339462994, 'noise_gpe_sigma': 82.25579779256408, 'noise_gpi_sigma': 89.74261824051067, 'g_stn_gpe_mult': 1.6755299743857277, 'g_gpe_stn_mult': 0.2566776359775392, 'g_stn_gpi_mult': 3.2610833937852926, 'g_gpe_gpi_mult': 0.8764171060572803}. Best is trial 98 with value: 0.5979484317983877.
[I 2026-05-28 02:04:49,278] Trial 515 finished with value: 3.162366160865079 and parameters: {'ISTN': 64.14714760031706, 'I_gpe': 0.8513317516991137, 'I_gpi': 3.4651977805396994, 'noise_stn_sigma': 5.432952385548424, 'noise_gpe_sigma': 87.26990937658819, 'noise_gpi_sigma': 86.01534059302456, 'g_stn_gpe_mult': 1.6559560470594294, 'g_gpe_stn_mult': 0.22668876128395776, 'g_stn_gpi_mult': 3.396552581251937, 'g_gpe_gpi_mult': 0.8842097709065064}. Best is trial 98 with value: 0.5979484317983877.
[I 2026-05-28 02:04:50,287] Trial 516 finished with value: 11.401230677018734 and parameters: {'ISTN': 61.807966388547015, 'I_gpe': 0.8691956969475891, 'I_gpi': 3.51974762861806, 'noise_stn_sigma': 5.314049298265534, 'noise_gpe_sigma': 84.70864428554106, 'noise_gpi_sigma': 89.53917444243542, 'g_stn_gpe_mult': 1.5212137469684412, 'g_gpe_stn_mult': 0.26549571640951575, 'g_stn_gpi_mult': 3.3952679610348975, 'g_gpe_gpi_mult': 0.8799552798392358}. Best is trial 98 with value: 0.5979484317983877.
[I 2026-05-28 02:04:51,296] Trial 517 finished with value: 5.236565674159434 and parameters: {'ISTN': 66.83266701966004, 'I_gpe': 0.8661704784505051, 'I_gpi': 3.4410022990416427, 'noise_stn_sigma': 5.212164976257838, 'noise_gpe_sigma': 89.76479997255394, 'noise_gpi_sigma': 91.71772942847167, 'g_stn_gpe_mult': 1.6519799694668977, 'g_gpe_stn_mult': 0.26124386580702075, 'g_stn_gpi_mult': 3.5301569740752505, 'g_gpe_gpi_mult': 0.8669875855118094}. Best is trial 98 with value: 0.5979484317983877.
[I 2026-05-28 02:04:52,303] Trial 518 finished with value: 7.039725703258277 and parameters: {'ISTN': 66.35597172864433, 'I_gpe': 0.865499388132784, 'I_gpi': 3.4926185341703646, 'noise_stn_sigma': 5.423590390923916, 'noise_gpe_sigma': 91.96017882352973, 'noise_gpi_sigma': 89.00712796919682, 'g_stn_gpe_mult': 1.5393686508798323, 'g_gpe_stn_mult': 0.2628624038995254, 'g_stn_gpi_mult': 3.4607743754359346, 'g_gpe_gpi_mult': 0.876158491639506}. Best is trial 98 with value: 0.5979484317983877.
[I 2026-05-28 02:04:53,310] Trial 519 finished with value: 21.189556174334196 and parameters: {'ISTN': 67.47022787405722, 'I_gpe': 0.8319893950213225, 'I_gpi': 3.3474914040115524, 'noise_stn_sigma': 5.299236464320413, 'noise_gpe_sigma': 83.15108823897714, 'noise_gpi_sigma': 91.1338593074026, 'g_stn_gpe_mult': 1.6519665778315913, 'g_gpe_stn_mult': 0.2591908181088754, 'g_stn_gpi_mult': 3.33781152044428, 'g_gpe_gpi_mult': 0.8575663830662648}. Best is trial 98 with value: 0.5979484317983877.
[I 2026-05-28 02:04:54,318] Trial 520 finished with value: 15.099990743730054 and parameters: {'ISTN': 67.35545663244521, 'I_gpe': 0.8748753033610552, 'I_gpi': 3.4395827111582005, 'noise_stn_sigma': 5.400723294346214, 'noise_gpe_sigma': 84.40534409090986, 'noise_gpi_sigma': 88.67758266965043, 'g_stn_gpe_mult': 1.8032405805745686, 'g_gpe_stn_mult': 0.268624740034359, 'g_stn_gpi_mult': 3.3697815979822843, 'g_gpe_gpi_mult': 0.9054951175841868}. Best is trial 98 with value: 0.5979484317983877.
[I 2026-05-28 02:04:55,325] Trial 521 finished with value: 1.5382332026429062 and parameters: {'ISTN': 65.90167369276075, 'I_gpe': 0.9220959173836109, 'I_gpi': 3.4970036502669224, 'noise_stn_sigma': 5.275321263503438, 'noise_gpe_sigma': 86.06219580645013, 'noise_gpi_sigma': 88.28945615551095, 'g_stn_gpe_mult': 1.6377851348333128, 'g_gpe_stn_mult': 0.25237263158573586, 'g_stn_gpi_mult': 3.3319041702390546, 'g_gpe_gpi_mult': 0.8881206127474481}. Best is trial 98 with value: 0.5979484317983877.
[I 2026-05-28 02:04:56,331] Trial 522 finished with value: 2.41814920490157 and parameters: {'ISTN': 67.90719038243464, 'I_gpe': 0.8565363958369898, 'I_gpi': 3.4285716624378986, 'noise_stn_sigma': 5.16558981578791, 'noise_gpe_sigma': 86.17631961852607, 'noise_gpi_sigma': 87.02368806610139, 'g_stn_gpe_mult': 1.6207324726066372, 'g_gpe_stn_mult': 0.2434530873894, 'g_stn_gpi_mult': 3.446621744745786, 'g_gpe_gpi_mult': 0.8969695436629297}. Best is trial 98 with value: 0.5979484317983877.
[I 2026-05-28 02:04:57,337] Trial 523 finished with value: 2.4912331070677363 and parameters: {'ISTN': 62.53687606228682, 'I_gpe': 0.8201608248931795, 'I_gpi': 3.4823270461321822, 'noise_stn_sigma': 5.391642701097232, 'noise_gpe_sigma': 85.08952351061606, 'noise_gpi_sigma': 91.7806441696126, 'g_stn_gpe_mult': 1.674962568581666, 'g_gpe_stn_mult': 0.21078182297151, 'g_stn_gpi_mult': 3.3022084514474024, 'g_gpe_gpi_mult': 0.8815678799769433}. Best is trial 98 with value: 0.5979484317983877.
[I 2026-05-28 02:04:58,346] Trial 524 finished with value: 7.055364391198565 and parameters: {'ISTN': 64.189108685695, 'I_gpe': 0.9076872381373827, 'I_gpi': 3.3999553290152886, 'noise_stn_sigma': 5.357068454217595, 'noise_gpe_sigma': 87.2331190332755, 'noise_gpi_sigma': 87.63184427706753, 'g_stn_gpe_mult': 1.6396834584313693, 'g_gpe_stn_mult': 0.24096286326388688, 'g_stn_gpi_mult': 3.36049391187482, 'g_gpe_gpi_mult': 0.8793344919024875}. Best is trial 98 with value: 0.5979484317983877.
[I 2026-05-28 02:04:59,355] Trial 525 finished with value: 1.4006808604452057 and parameters: {'ISTN': 65.92308581100751, 'I_gpe': 0.878579746633872, 'I_gpi': 3.368468968045754, 'noise_stn_sigma': 5.2894079334257835, 'noise_gpe_sigma': 86.51988311016812, 'noise_gpi_sigma': 85.9664361829081, 'g_stn_gpe_mult': 1.6355397180663187, 'g_gpe_stn_mult': 0.24889203394014753, 'g_stn_gpi_mult': 3.4198854208884635, 'g_gpe_gpi_mult': 0.864738115408946}. Best is trial 98 with value: 0.5979484317983877.
[I 2026-05-28 02:05:00,364] Trial 526 finished with value: 13.054669956474102 and parameters: {'ISTN': 67.1137460526399, 'I_gpe': 0.8741347793208397, 'I_gpi': 3.339950296404567, 'noise_stn_sigma': 5.20684474339618, 'noise_gpe_sigma': 85.49542552668072, 'noise_gpi_sigma': 91.8717302145244, 'g_stn_gpe_mult': 1.7322260729238343, 'g_gpe_stn_mult': 0.27421180888769137, 'g_stn_gpi_mult': 3.427137944765297, 'g_gpe_gpi_mult': 0.8770477957377034}. Best is trial 98 with value: 0.5979484317983877.
[I 2026-05-28 02:05:01,371] Trial 527 finished with value: 7.884150133690115 and parameters: {'ISTN': 62.92634787199817, 'I_gpe': 0.9062829986058549, 'I_gpi': 3.338894348890524, 'noise_stn_sigma': 5.24920235792181, 'noise_gpe_sigma': 88.73853684283498, 'noise_gpi_sigma': 85.61712745688547, 'g_stn_gpe_mult': 1.7029365549127686, 'g_gpe_stn_mult': 0.2507144562549114, 'g_stn_gpi_mult': 3.4318558156008394, 'g_gpe_gpi_mult': 0.8691180944854766}. Best is trial 98 with value: 0.5979484317983877.
