[I 2026-05-28 01:28:09,162] Trial 352 finished with value: 0.17242463445072784 and parameters: {'ISTN': 62.0602315554376, 'I_gpe': 1.1943554908034797, 'I_gpi': 2.1370188769968363, 'noise_stn_sigma': 3.5935219956977242, 'noise_gpe_sigma': 83.73092838916425, 'noise_gpi_sigma': 88.24480471173558, 'g_stn_gpe_mult': 2.9843486757136457, 'g_gpe_stn_mult': 0.14018025857309357, 'g_stn_gpi_mult': 1.9187004141658095, 'g_gpe_gpi_mult': 0.7919105778187394}. Best is trial 321 with value: 0.1650403827547928.
[I 2026-05-28 01:28:10,170] Trial 353 finished with value: 0.2115143792180858 and parameters: {'ISTN': 65.53023631339212, 'I_gpe': 1.2353304230943665, 'I_gpi': 2.009720802275762, 'noise_stn_sigma': 3.196216702919795, 'noise_gpe_sigma': 75.92493680014292, 'noise_gpi_sigma': 78.63277994267679, 'g_stn_gpe_mult': 3.200630878187832, 'g_gpe_stn_mult': 0.14510731960395476, 'g_stn_gpi_mult': 1.8439019721229304, 'g_gpe_gpi_mult': 0.7664452941454107}. Best is trial 321 with value: 0.1650403827547928.
[I 2026-05-28 01:28:11,174] Trial 354 finished with value: 5.74309780841347 and parameters: {'ISTN': 66.16122501910884, 'I_gpe': 0.8908597435352281, 'I_gpi': 2.013667324879452, 'noise_stn_sigma': 3.8017182998906507, 'noise_gpe_sigma': 84.61329953142989, 'noise_gpi_sigma': 97.05919504737423, 'g_stn_gpe_mult': 2.855569106988084, 'g_gpe_stn_mult': 0.17994320625291627, 'g_stn_gpi_mult': 1.918651147363431, 'g_gpe_gpi_mult': 0.7721841502118885}. Best is trial 321 with value: 0.1650403827547928.
[I 2026-05-28 01:28:12,179] Trial 355 finished with value: 0.213935727400188 and parameters: {'ISTN': 65.91921836828078, 'I_gpe': 1.0596915691571045, 'I_gpi': 2.0255828711775035, 'noise_stn_sigma': 3.443536118580159, 'noise_gpe_sigma': 76.15181319010543, 'noise_gpi_sigma': 79.26272876069706, 'g_stn_gpe_mult': 3.0621492814320437, 'g_gpe_stn_mult': 0.13309763816526124, 'g_stn_gpi_mult': 1.8046890922712515, 'g_gpe_gpi_mult': 0.6915048033520843}. Best is trial 321 with value: 0.1650403827547928.
[I 2026-05-28 01:28:13,183] Trial 356 finished with value: 1.9554591584808672 and parameters: {'ISTN': 68.00090670539872, 'I_gpe': 1.2551673532374883, 'I_gpi': 2.383564779560258, 'noise_stn_sigma': 3.624249397744693, 'noise_gpe_sigma': 75.45248464776506, 'noise_gpi_sigma': 91.7375247229852, 'g_stn_gpe_mult': 3.228319652355459, 'g_gpe_stn_mult': 0.14747547007626063, 'g_stn_gpi_mult': 1.9952067947572703, 'g_gpe_gpi_mult': 0.7458465361179152}. Best is trial 321 with value: 0.1650403827547928.
[I 2026-05-28 01:28:14,188] Trial 357 finished with value: 8.854862879378299 and parameters: {'ISTN': 67.23254572356251, 'I_gpe': 1.3876403948979936, 'I_gpi': 2.221661117251345, 'noise_stn_sigma': 3.254102768951052, 'noise_gpe_sigma': 67.2117378493106, 'noise_gpi_sigma': 72.25259007295341, 'g_stn_gpe_mult': 3.1786184097978882, 'g_gpe_stn_mult': 0.18731291719434545, 'g_stn_gpi_mult': 1.7819926972318965, 'g_gpe_gpi_mult': 0.6966200808631199}. Best is trial 321 with value: 0.1650403827547928.
[I 2026-05-28 01:28:15,192] Trial 358 finished with value: 0.16225816100509646 and parameters: {'ISTN': 61.194372648733975, 'I_gpe': 1.3609879735292267, 'I_gpi': 2.1827850118614354, 'noise_stn_sigma': 3.201061092467761, 'noise_gpe_sigma': 69.85141723567304, 'noise_gpi_sigma': 92.02109933664028, 'g_stn_gpe_mult': 2.880851592244012, 'g_gpe_stn_mult': 0.12146501945083699, 'g_stn_gpi_mult': 1.7240739302312633, 'g_gpe_gpi_mult': 0.6776160552758534}. Best is trial 358 with value: 0.16225816100509646.
[I 2026-05-28 01:28:16,199] Trial 359 finished with value: 0.24879053527397516 and parameters: {'ISTN': 65.99900936121904, 'I_gpe': 1.2819720986990828, 'I_gpi': 2.0764757784100967, 'noise_stn_sigma': 3.2787408950125867, 'noise_gpe_sigma': 85.39625661696634, 'noise_gpi_sigma': 89.75449750167347, 'g_stn_gpe_mult': 3.415303390062903, 'g_gpe_stn_mult': 0.15401515392418247, 'g_stn_gpi_mult': 1.9507660663249742, 'g_gpe_gpi_mult': 0.7623725159708916}. Best is trial 358 with value: 0.16225816100509646.
[I 2026-05-28 01:28:17,204] Trial 360 finished with value: 3.643116497241303 and parameters: {'ISTN': 61.572546715745986, 'I_gpe': 1.2095854613749348, 'I_gpi': 2.293032063321581, 'noise_stn_sigma': 3.9624771568853507, 'noise_gpe_sigma': 79.20298106165873, 'noise_gpi_sigma': 77.42820805169248, 'g_stn_gpe_mult': 3.2027533437032067, 'g_gpe_stn_mult': 0.16693276417936997, 'g_stn_gpi_mult': 2.2940899909858574, 'g_gpe_gpi_mult': 0.794167821681331}. Best is trial 358 with value: 0.16225816100509646.
[I 2026-05-28 01:28:18,207] Trial 361 finished with value: 0.22068382611069343 and parameters: {'ISTN': 60.280380865804666, 'I_gpe': 1.3791475916674454, 'I_gpi': 1.9641584833450074, 'noise_stn_sigma': 3.270131075820585, 'noise_gpe_sigma': 79.26835182361437, 'noise_gpi_sigma': 98.51500680023868, 'g_stn_gpe_mult': 3.012838385393959, 'g_gpe_stn_mult': 0.12631137136100015, 'g_stn_gpi_mult': 1.6116134657402161, 'g_gpe_gpi_mult': 0.7377499428976391}. Best is trial 358 with value: 0.16225816100509646.
[I 2026-05-28 01:28:19,213] Trial 362 finished with value: 0.17559090682118153 and parameters: {'ISTN': 61.75186171635255, 'I_gpe': 1.263028746823852, 'I_gpi': 2.0767012392865842, 'noise_stn_sigma': 3.475513932910672, 'noise_gpe_sigma': 77.15014041090535, 'noise_gpi_sigma': 87.37047455185474, 'g_stn_gpe_mult': 2.7473351909546118, 'g_gpe_stn_mult': 0.15426744118774185, 'g_stn_gpi_mult': 1.9405460678987438, 'g_gpe_gpi_mult': 0.7183564005118233}. Best is trial 358 with value: 0.16225816100509646.
[I 2026-05-28 01:28:20,218] Trial 363 finished with value: 0.2330946707009581 and parameters: {'ISTN': 62.745530243529174, 'I_gpe': 1.01321932864679, 'I_gpi': 2.1077372892170594, 'noise_stn_sigma': 3.7363037645311983, 'noise_gpe_sigma': 69.06486458151295, 'noise_gpi_sigma': 85.42847580121213, 'g_stn_gpe_mult': 2.8455986555456594, 'g_gpe_stn_mult': 0.1417581081632471, 'g_stn_gpi_mult': 1.4140292841761797, 'g_gpe_gpi_mult': 0.6845344344783151}. Best is trial 358 with value: 0.16225816100509646.
[I 2026-05-28 01:28:21,222] Trial 364 finished with value: 0.17057923818324291 and parameters: {'ISTN': 62.03119285952083, 'I_gpe': 1.2327815337938812, 'I_gpi': 2.1322021650604244, 'noise_stn_sigma': 3.197021226828441, 'noise_gpe_sigma': 82.6416260093933, 'noise_gpi_sigma': 99.0153155077858, 'g_stn_gpe_mult': 2.96638638450038, 'g_gpe_stn_mult': 0.13942957733420624, 'g_stn_gpi_mult': 1.8343971824879168, 'g_gpe_gpi_mult': 0.7763041889244877}. Best is trial 358 with value: 0.16225816100509646.
[I 2026-05-28 01:28:22,166] Trial 365 finished with value: 1000000.0 and parameters: {'ISTN': 65.35940663423199, 'I_gpe': 1.2481774130488619, 'I_gpi': 1.9924030612719417, 'noise_stn_sigma': 3.4107776237576837, 'noise_gpe_sigma': 80.22657438305868, 'noise_gpi_sigma': 77.46783506754569, 'g_stn_gpe_mult': 2.9275302415540283, 'g_gpe_stn_mult': 0.12936268363466208, 'g_stn_gpi_mult': 1.7220778554371075, 'g_gpe_gpi_mult': 0.6934954864549518}. Best is trial 358 with value: 0.16225816100509646.
[I 2026-05-28 01:28:23,174] Trial 366 finished with value: 1.3509753178246129 and parameters: {'ISTN': 61.624158431937296, 'I_gpe': 1.1749862613712376, 'I_gpi': 2.226283681820119, 'noise_stn_sigma': 2.8304222926066194, 'noise_gpe_sigma': 68.08119841202026, 'noise_gpi_sigma': 79.95504257749329, 'g_stn_gpe_mult': 2.9680549282282525, 'g_gpe_stn_mult': 0.11322261360168362, 'g_stn_gpi_mult': 1.716418016498815, 'g_gpe_gpi_mult': 0.728500526911861}. Best is trial 358 with value: 0.16225816100509646.
[I 2026-05-28 01:28:24,178] Trial 367 finished with value: 0.2965159643596301 and parameters: {'ISTN': 63.679829686409846, 'I_gpe': 0.9103426781477215, 'I_gpi': 1.7625292349037283, 'noise_stn_sigma': 3.375550066910226, 'noise_gpe_sigma': 83.75760079965909, 'noise_gpi_sigma': 96.77164338574609, 'g_stn_gpe_mult': 2.8748983229003415, 'g_gpe_stn_mult': 0.12626259077580967, 'g_stn_gpi_mult': 1.782546349852222, 'g_gpe_gpi_mult': 0.7027431140049498}. Best is trial 358 with value: 0.16225816100509646.
[I 2026-05-28 01:28:25,182] Trial 368 finished with value: 1.623970285264909 and parameters: {'ISTN': 65.74524804886708, 'I_gpe': 1.126994962865059, 'I_gpi': 1.736649302553836, 'noise_stn_sigma': 3.7712809836071264, 'noise_gpe_sigma': 76.50367381768294, 'noise_gpi_sigma': 83.6139124500161, 'g_stn_gpe_mult': 3.0707618939163255, 'g_gpe_stn_mult': 0.10013044502471553, 'g_stn_gpi_mult': 1.882550403388907, 'g_gpe_gpi_mult': 0.7372682128029784}. Best is trial 358 with value: 0.16225816100509646.
[I 2026-05-28 01:28:26,187] Trial 369 finished with value: 0.1770700239679384 and parameters: {'ISTN': 62.12576960347786, 'I_gpe': 1.3365324892567716, 'I_gpi': 2.2274141127713527, 'noise_stn_sigma': 3.94365616135103, 'noise_gpe_sigma': 80.66357302116855, 'noise_gpi_sigma': 98.95290142099523, 'g_stn_gpe_mult': 2.832661954059984, 'g_gpe_stn_mult': 0.12106344107238676, 'g_stn_gpi_mult': 1.9035753688428088, 'g_gpe_gpi_mult': 0.7788927281915687}. Best is trial 358 with value: 0.16225816100509646.
[I 2026-05-28 01:28:27,192] Trial 370 finished with value: 3.633610122777659 and parameters: {'ISTN': 66.04621165502863, 'I_gpe': 1.3006060209626091, 'I_gpi': 2.4807234603314576, 'noise_stn_sigma': 3.7732880385986607, 'noise_gpe_sigma': 81.12029159222331, 'noise_gpi_sigma': 83.63464366241712, 'g_stn_gpe_mult': 2.9402210021135695, 'g_gpe_stn_mult': 0.1838849865672842, 'g_stn_gpi_mult': 1.9549505958354134, 'g_gpe_gpi_mult': 0.6893086422758656}. Best is trial 358 with value: 0.16225816100509646.
[I 2026-05-28 01:28:28,197] Trial 371 finished with value: 0.20728166765355274 and parameters: {'ISTN': 63.38409675519289, 'I_gpe': 1.28598786457152, 'I_gpi': 2.3971576318071923, 'noise_stn_sigma': 3.3567470144255287, 'noise_gpe_sigma': 79.70389338802497, 'noise_gpi_sigma': 102.45974588454155, 'g_stn_gpe_mult': 3.2346719970596176, 'g_gpe_stn_mult': 0.14308410369870506, 'g_stn_gpi_mult': 1.7604258034075302, 'g_gpe_gpi_mult': 0.8131500313718159}. Best is trial 358 with value: 0.16225816100509646.
[I 2026-05-28 01:28:29,202] Trial 372 finished with value: 0.2065081792521499 and parameters: {'ISTN': 63.36778158753804, 'I_gpe': 1.2136385596614077, 'I_gpi': 1.9732113134307978, 'noise_stn_sigma': 3.627863030561414, 'noise_gpe_sigma': 80.9094802088137, 'noise_gpi_sigma': 99.33998250764493, 'g_stn_gpe_mult': 2.746287400831627, 'g_gpe_stn_mult': 0.12159246911904432, 'g_stn_gpi_mult': 1.8529260900395805, 'g_gpe_gpi_mult': 0.7365427017483768}. Best is trial 358 with value: 0.16225816100509646.
[I 2026-05-28 01:28:30,208] Trial 373 finished with value: 0.2640776875393174 and parameters: {'ISTN': 64.24257238213323, 'I_gpe': 1.0635056315612763, 'I_gpi': 1.7938421245342422, 'noise_stn_sigma': 3.5913887970171445, 'noise_gpe_sigma': 73.00259336284074, 'noise_gpi_sigma': 96.36973480337929, 'g_stn_gpe_mult': 2.8127038321027156, 'g_gpe_stn_mult': 0.14848932704063977, 'g_stn_gpi_mult': 1.876723523684205, 'g_gpe_gpi_mult': 0.6399860925331533}. Best is trial 358 with value: 0.16225816100509646.
[I 2026-05-28 01:28:31,213] Trial 374 finished with value: 0.17689832241572886 and parameters: {'ISTN': 61.13653438894093, 'I_gpe': 1.4862510326299185, 'I_gpi': 2.2506555087219025, 'noise_stn_sigma': 3.3746661362098846, 'noise_gpe_sigma': 78.60142728100877, 'noise_gpi_sigma': 101.61336381656487, 'g_stn_gpe_mult': 2.6835934367776932, 'g_gpe_stn_mult': 0.13148360037315748, 'g_stn_gpi_mult': 1.7974466934586453, 'g_gpe_gpi_mult': 0.7289982862228808}. Best is trial 358 with value: 0.16225816100509646.
[I 2026-05-28 01:28:32,219] Trial 375 finished with value: 0.19796816780815074 and parameters: {'ISTN': 62.35642257251753, 'I_gpe': 1.0613699172951567, 'I_gpi': 2.1686200936947664, 'noise_stn_sigma': 3.2440062374170613, 'noise_gpe_sigma': 83.2436140309201, 'noise_gpi_sigma': 111.50773049624124, 'g_stn_gpe_mult': 3.1210843121063254, 'g_gpe_stn_mult': 0.16745543378346078, 'g_stn_gpi_mult': 1.7741185166976894, 'g_gpe_gpi_mult': 0.7043785880366165}. Best is trial 358 with value: 0.16225816100509646.
[I 2026-05-28 01:28:33,226] Trial 376 finished with value: 0.20372998992503166 and parameters: {'ISTN': 64.49075955118774, 'I_gpe': 1.06434259974341, 'I_gpi': 2.2036438873276483, 'noise_stn_sigma': 3.0747360338743155, 'noise_gpe_sigma': 84.68839495156215, 'noise_gpi_sigma': 93.10268105370803, 'g_stn_gpe_mult': 3.0106668474382374, 'g_gpe_stn_mult': 0.13404753655988405, 'g_stn_gpi_mult': 1.8206798598434708, 'g_gpe_gpi_mult': 0.7899834747297878}. Best is trial 358 with value: 0.16225816100509646.
[I 2026-05-28 01:28:34,229] Trial 377 finished with value: 0.19545377651081788 and parameters: {'ISTN': 63.472670915028736, 'I_gpe': 1.260494426744513, 'I_gpi': 2.2695627940748264, 'noise_stn_sigma': 2.935281544765721, 'noise_gpe_sigma': 78.80284565509339, 'noise_gpi_sigma': 95.9986087902144, 'g_stn_gpe_mult': 2.642386985993908, 'g_gpe_stn_mult': 0.18369365492098655, 'g_stn_gpi_mult': 1.6837201992557236, 'g_gpe_gpi_mult': 0.7444535507225745}. Best is trial 358 with value: 0.16225816100509646.
[I 2026-05-28 01:28:35,233] Trial 378 finished with value: 1.2548093242247096 and parameters: {'ISTN': 62.16924561973928, 'I_gpe': 1.0368534450696578, 'I_gpi': 2.274987828348026, 'noise_stn_sigma': 3.989857595707551, 'noise_gpe_sigma': 84.40280401718319, 'noise_gpi_sigma': 96.67192882485685, 'g_stn_gpe_mult': 2.696296643723672, 'g_gpe_stn_mult': 0.16755337598853218, 'g_stn_gpi_mult': 1.9272998495010345, 'g_gpe_gpi_mult': 0.7124995771356173}. Best is trial 358 with value: 0.16225816100509646.
[I 2026-05-28 01:28:36,237] Trial 379 finished with value: 0.2188621792951907 and parameters: {'ISTN': 60.67254377677915, 'I_gpe': 1.5151345541156827, 'I_gpi': 1.7906314583189111, 'noise_stn_sigma': 3.9000996558113292, 'noise_gpe_sigma': 76.13308042243423, 'noise_gpi_sigma': 91.84466184201379, 'g_stn_gpe_mult': 2.470216556069733, 'g_gpe_stn_mult': 0.12160333871927631, 'g_stn_gpi_mult': 1.8351386181972438, 'g_gpe_gpi_mult': 0.7799038817774206}. Best is trial 358 with value: 0.16225816100509646.
[I 2026-05-28 01:28:37,242] Trial 380 finished with value: 1.9191061112164893 and parameters: {'ISTN': 65.43448041630401, 'I_gpe': 1.1218394085987209, 'I_gpi': 1.9291706304819796, 'noise_stn_sigma': 3.4591848193506647, 'noise_gpe_sigma': 83.74227307423129, 'noise_gpi_sigma': 89.82948841498961, 'g_stn_gpe_mult': 2.7549180209677933, 'g_gpe_stn_mult': 0.1840337118963828, 'g_stn_gpi_mult': 1.7452287495551553, 'g_gpe_gpi_mult': 0.7306493209705491}. Best is trial 358 with value: 0.16225816100509646.
[I 2026-05-28 01:28:38,249] Trial 381 finished with value: 0.18617063154811753 and parameters: {'ISTN': 62.92134021606795, 'I_gpe': 1.1978614548154038, 'I_gpi': 2.0685772303887946, 'noise_stn_sigma': 3.1060929958208665, 'noise_gpe_sigma': 81.07012184396399, 'noise_gpi_sigma': 101.21232637960716, 'g_stn_gpe_mult': 2.672974196316342, 'g_gpe_stn_mult': 0.16499679492577202, 'g_stn_gpi_mult': 1.8887451304443155, 'g_gpe_gpi_mult': 0.7613810196905815}. Best is trial 358 with value: 0.16225816100509646.
[I 2026-05-28 01:28:39,252] Trial 382 finished with value: 0.2662972103615864 and parameters: {'ISTN': 64.89153193508149, 'I_gpe': 1.3300478271646046, 'I_gpi': 1.9927612761772182, 'noise_stn_sigma': 2.843196309011789, 'noise_gpe_sigma': 77.49628945253224, 'noise_gpi_sigma': 105.4307011004554, 'g_stn_gpe_mult': 2.5873788463729106, 'g_gpe_stn_mult': 0.17869259892410316, 'g_stn_gpi_mult': 1.5931724946931882, 'g_gpe_gpi_mult': 0.7230260461626652}. Best is trial 358 with value: 0.16225816100509646.
[I 2026-05-28 01:28:40,255] Trial 383 finished with value: 8.628731157392068 and parameters: {'ISTN': 67.83860770598578, 'I_gpe': 1.2867505350190045, 'I_gpi': 2.355615318147167, 'noise_stn_sigma': 2.8798242164577426, 'noise_gpe_sigma': 78.8008747007941, 'noise_gpi_sigma': 107.78116964054402, 'g_stn_gpe_mult': 3.0323786498743326, 'g_gpe_stn_mult': 0.18696234256613461, 'g_stn_gpi_mult': 1.760755854433216, 'g_gpe_gpi_mult': 0.7486524242927735}. Best is trial 358 with value: 0.16225816100509646.
[I 2026-05-28 01:28:41,263] Trial 384 finished with value: 0.19310366824925684 and parameters: {'ISTN': 63.10086454961515, 'I_gpe': 1.284634126983434, 'I_gpi': 2.397801264373924, 'noise_stn_sigma': 3.378268311936064, 'noise_gpe_sigma': 88.48954427534268, 'noise_gpi_sigma': 102.03450531236932, 'g_stn_gpe_mult': 2.8431507507740044, 'g_gpe_stn_mult': 0.17606403911774193, 'g_stn_gpi_mult': 1.8633255085725255, 'g_gpe_gpi_mult': 0.7419499892235786}. Best is trial 358 with value: 0.16225816100509646.
[I 2026-05-28 01:28:42,271] Trial 385 finished with value: 0.2001663312822314 and parameters: {'ISTN': 61.73579348767208, 'I_gpe': 1.447367083798739, 'I_gpi': 2.3130457982721015, 'noise_stn_sigma': 2.973790065649001, 'noise_gpe_sigma': 82.59285784751904, 'noise_gpi_sigma': 97.36257982522899, 'g_stn_gpe_mult': 2.6613491534434295, 'g_gpe_stn_mult': 0.1706980098964099, 'g_stn_gpi_mult': 1.984684354971638, 'g_gpe_gpi_mult': 0.7139543006239937}. Best is trial 358 with value: 0.16225816100509646.
[I 2026-05-28 01:28:43,274] Trial 386 finished with value: 0.21621367411774908 and parameters: {'ISTN': 66.5424234170157, 'I_gpe': 1.147965522336659, 'I_gpi': 2.017668048010658, 'noise_stn_sigma': 3.0182161191344052, 'noise_gpe_sigma': 71.25317069438114, 'noise_gpi_sigma': 90.49483750306104, 'g_stn_gpe_mult': 2.9033182971026332, 'g_gpe_stn_mult': 0.12475121963938687, 'g_stn_gpi_mult': 2.0323738233214006, 'g_gpe_gpi_mult': 0.736618255517683}. Best is trial 358 with value: 0.16225816100509646.
[I 2026-05-28 01:28:44,281] Trial 387 finished with value: 1.8906239406287395 and parameters: {'ISTN': 62.96495630534335, 'I_gpe': 1.2563999942076496, 'I_gpi': 2.249176698113366, 'noise_stn_sigma': 3.312195105486838, 'noise_gpe_sigma': 74.3709225726454, 'noise_gpi_sigma': 102.40218712101013, 'g_stn_gpe_mult': 2.542862954064086, 'g_gpe_stn_mult': 0.15732196740311594, 'g_stn_gpi_mult': 1.7491513032607915, 'g_gpe_gpi_mult': 0.7512785834076248}. Best is trial 358 with value: 0.16225816100509646.
[I 2026-05-28 01:28:45,284] Trial 388 finished with value: 0.4586057512866481 and parameters: {'ISTN': 64.79935210480511, 'I_gpe': 1.2633157801306278, 'I_gpi': 2.207182137638563, 'noise_stn_sigma': 3.1113323862969073, 'noise_gpe_sigma': 69.33231459455308, 'noise_gpi_sigma': 97.29629655150428, 'g_stn_gpe_mult': 2.738542431450268, 'g_gpe_stn_mult': 0.11543860427916713, 'g_stn_gpi_mult': 1.8675993973938254, 'g_gpe_gpi_mult': 0.723536674765179}. Best is trial 358 with value: 0.16225816100509646.
[I 2026-05-28 01:28:46,289] Trial 389 finished with value: 0.2644642808191201 and parameters: {'ISTN': 64.02632631632993, 'I_gpe': 1.4835202561403555, 'I_gpi': 2.158409054900396, 'noise_stn_sigma': 4.04892052070928, 'noise_gpe_sigma': 73.15034034397755, 'noise_gpi_sigma': 89.13961184950459, 'g_stn_gpe_mult': 2.456452399935249, 'g_gpe_stn_mult': 0.1798278336701222, 'g_stn_gpi_mult': 1.7681462946560857, 'g_gpe_gpi_mult': 0.7691802713080715}. Best is trial 358 with value: 0.16225816100509646.
[I 2026-05-28 01:28:47,233] Trial 390 finished with value: 1000000.0 and parameters: {'ISTN': 63.566303819875316, 'I_gpe': 1.4649112233965262, 'I_gpi': 2.1185832519408905, 'noise_stn_sigma': 3.1293038441310315, 'noise_gpe_sigma': 71.00519506316505, 'noise_gpi_sigma': 86.43326229640697, 'g_stn_gpe_mult': 2.6293674330841608, 'g_gpe_stn_mult': 0.18362837945703092, 'g_stn_gpi_mult': 1.8525431796119407, 'g_gpe_gpi_mult': 0.6983743288357783}. Best is trial 358 with value: 0.16225816100509646.
[I 2026-05-28 01:28:48,239] Trial 391 finished with value: 0.1855506630429436 and parameters: {'ISTN': 63.03426196413445, 'I_gpe': 1.3053599002206533, 'I_gpi': 2.2147528881684084, 'noise_stn_sigma': 3.291105227194172, 'noise_gpe_sigma': 78.9777407156209, 'noise_gpi_sigma': 99.15379812291108, 'g_stn_gpe_mult': 2.6390489625242903, 'g_gpe_stn_mult': 0.178714223267614, 'g_stn_gpi_mult': 1.7914187576277927, 'g_gpe_gpi_mult': 0.6976678958174253}. Best is trial 358 with value: 0.16225816100509646.
[I 2026-05-28 01:28:49,244] Trial 392 finished with value: 3.645176895447611 and parameters: {'ISTN': 63.898910903206406, 'I_gpe': 1.4615751456795125, 'I_gpi': 1.662420669887998, 'noise_stn_sigma': 3.3202073758943524, 'noise_gpe_sigma': 88.13955925194298, 'noise_gpi_sigma': 81.56592467858154, 'g_stn_gpe_mult': 2.2179110647636207, 'g_gpe_stn_mult': 0.17298372642750534, 'g_stn_gpi_mult': 1.838683158803362, 'g_gpe_gpi_mult': 0.7151269956021478}. Best is trial 358 with value: 0.16225816100509646.
[I 2026-05-28 01:28:50,249] Trial 393 finished with value: 1.9013305504982334 and parameters: {'ISTN': 66.83008359426847, 'I_gpe': 1.2978752870050083, 'I_gpi': 2.082219656045752, 'noise_stn_sigma': 3.3559413671753173, 'noise_gpe_sigma': 91.17048321379744, 'noise_gpi_sigma': 96.10101916716677, 'g_stn_gpe_mult': 2.754663301531563, 'g_gpe_stn_mult': 0.1721436469761011, 'g_stn_gpi_mult': 1.9063251403962669, 'g_gpe_gpi_mult': 0.7904796744910876}. Best is trial 358 with value: 0.16225816100509646.
[I 2026-05-28 01:28:51,255] Trial 394 finished with value: 0.20281472941330647 and parameters: {'ISTN': 62.89110276151705, 'I_gpe': 1.2488001449225035, 'I_gpi': 1.944563423629161, 'noise_stn_sigma': 3.405624328120838, 'noise_gpe_sigma': 77.55602727982887, 'noise_gpi_sigma': 99.73044054758964, 'g_stn_gpe_mult': 2.9295051053475913, 'g_gpe_stn_mult': 0.17338159739609582, 'g_stn_gpi_mult': 1.7526688546193765, 'g_gpe_gpi_mult': 0.7233522820866307}. Best is trial 358 with value: 0.16225816100509646.
[I 2026-05-28 01:28:52,262] Trial 395 finished with value: 0.19394571063589283 and parameters: {'ISTN': 62.544453644361944, 'I_gpe': 1.2825738243207685, 'I_gpi': 2.410659663556543, 'noise_stn_sigma': 3.33673924232585, 'noise_gpe_sigma': 85.10538158271771, 'noise_gpi_sigma': 101.37003094430236, 'g_stn_gpe_mult': 2.9448727334965383, 'g_gpe_stn_mult': 0.1831328108254322, 'g_stn_gpi_mult': 1.8348136613761308, 'g_gpe_gpi_mult': 0.774943059265548}. Best is trial 358 with value: 0.16225816100509646.
