[I 2026-05-28 01:39:55,935] Trial 44 finished with value: 7.591263662047182 and parameters: {'ISTN': 94.13510195538753, 'I_gpe': 2.215195664523896, 'I_gpi': 2.7277759951125717, 'noise_stn_sigma': 4.995515240430452, 'noise_gpe_sigma': 127.99885652639153, 'noise_gpi_sigma': 69.98402286394801, 'g_stn_gpe_mult': 2.421429456343137, 'g_gpe_stn_mult': 0.27004713031153793, 'g_stn_gpi_mult': 2.4759012459873664, 'g_gpe_gpi_mult': 0.64426055065285}. Best is trial 4 with value: 1.6289992144599559.
[I 2026-05-28 01:39:56,946] Trial 45 finished with value: 3.9990017435650573 and parameters: {'ISTN': 78.89897749164166, 'I_gpe': 1.8309430199238599, 'I_gpi': 1.737080183915984, 'noise_stn_sigma': 4.985501503566029, 'noise_gpe_sigma': 70.52371698191114, 'noise_gpi_sigma': 79.3926602409554, 'g_stn_gpe_mult': 3.7128343497760414, 'g_gpe_stn_mult': 0.20024438827015517, 'g_stn_gpi_mult': 1.7150710015355521, 'g_gpe_gpi_mult': 0.3380780036199668}. Best is trial 4 with value: 1.6289992144599559.
[I 2026-05-28 01:39:57,956] Trial 46 finished with value: 3.446071629459597 and parameters: {'ISTN': 79.72202691431788, 'I_gpe': 0.8117050523801774, 'I_gpi': 1.7451910298533124, 'noise_stn_sigma': 6.303444705136115, 'noise_gpe_sigma': 60.71538970169967, 'noise_gpi_sigma': 78.28585947047387, 'g_stn_gpe_mult': 2.01405928983195, 'g_gpe_stn_mult': 0.4279534616338547, 'g_stn_gpi_mult': 2.272145938207846, 'g_gpe_gpi_mult': 0.4180772086602832}. Best is trial 4 with value: 1.6289992144599559.
[I 2026-05-28 01:39:58,965] Trial 47 finished with value: 4.752973022244406 and parameters: {'ISTN': 81.09080985224281, 'I_gpe': 0.9576445612100868, 'I_gpi': 1.5704582650167582, 'noise_stn_sigma': 6.406748898988323, 'noise_gpe_sigma': 108.80277564042783, 'noise_gpi_sigma': 87.38837791465325, 'g_stn_gpe_mult': 2.3358352349650526, 'g_gpe_stn_mult': 0.4341259294267411, 'g_stn_gpi_mult': 2.3375110685691647, 'g_gpe_gpi_mult': 0.4024807328280948}. Best is trial 4 with value: 1.6289992144599559.
[I 2026-05-28 01:39:59,975] Trial 48 finished with value: 5.521811872813924 and parameters: {'ISTN': 101.43899661817309, 'I_gpe': 0.5678857650929285, 'I_gpi': 2.7324953584862075, 'noise_stn_sigma': 5.814172361287458, 'noise_gpe_sigma': 83.75679278307963, 'noise_gpi_sigma': 55.03134176939361, 'g_stn_gpe_mult': 1.9070674305067428, 'g_gpe_stn_mult': 0.14299471744815567, 'g_stn_gpi_mult': 2.2480725852216796, 'g_gpe_gpi_mult': 0.6814623411212892}. Best is trial 4 with value: 1.6289992144599559.
[I 2026-05-28 01:40:00,985] Trial 49 finished with value: 2.564612094936043 and parameters: {'ISTN': 70.4871861492382, 'I_gpe': 1.3778363333648067, 'I_gpi': 2.0246579781771556, 'noise_stn_sigma': 7.617890388770261, 'noise_gpe_sigma': 108.03340609763212, 'noise_gpi_sigma': 121.13047746536618, 'g_stn_gpe_mult': 2.600664314371442, 'g_gpe_stn_mult': 0.4845830625602561, 'g_stn_gpi_mult': 1.822963833367203, 'g_gpe_gpi_mult': 0.4097854132667205}. Best is trial 4 with value: 1.6289992144599559.
[I 2026-05-28 01:40:01,992] Trial 50 finished with value: 0.4363955767989327 and parameters: {'ISTN': 66.03897506313359, 'I_gpe': 0.9146109812815038, 'I_gpi': 1.3731995654020557, 'noise_stn_sigma': 6.351630097531524, 'noise_gpe_sigma': 82.48092621374947, 'noise_gpi_sigma': 73.64774452274153, 'g_stn_gpe_mult': 2.8157182617824716, 'g_gpe_stn_mult': 0.114041803959132, 'g_stn_gpi_mult': 2.854580050653088, 'g_gpe_gpi_mult': 0.4229461721555706}. Best is trial 50 with value: 0.4363955767989327.
[I 2026-05-28 01:40:03,003] Trial 51 finished with value: 4.1150774187471955 and parameters: {'ISTN': 93.05932535975009, 'I_gpe': 0.8147469282421186, 'I_gpi': 2.446719130719185, 'noise_stn_sigma': 6.3379162259947925, 'noise_gpe_sigma': 111.74961060405782, 'noise_gpi_sigma': 20.810121057187427, 'g_stn_gpe_mult': 2.729297427362152, 'g_gpe_stn_mult': 0.1839576558721063, 'g_stn_gpi_mult': 2.7582790723515442, 'g_gpe_gpi_mult': 0.23725020944877778}. Best is trial 50 with value: 0.4363955767989327.
[I 2026-05-28 01:40:04,012] Trial 52 finished with value: 1.6274650383902274 and parameters: {'ISTN': 60.32365343960781, 'I_gpe': 0.8147055460964435, 'I_gpi': 1.6975961360622902, 'noise_stn_sigma': 7.033380263613238, 'noise_gpe_sigma': 97.25926982102321, 'noise_gpi_sigma': 122.05827808684528, 'g_stn_gpe_mult': 3.8471078661458984, 'g_gpe_stn_mult': 0.3914248330163159, 'g_stn_gpi_mult': 3.676357398855644, 'g_gpe_gpi_mult': 0.5177097202925298}. Best is trial 50 with value: 0.4363955767989327.
[I 2026-05-28 01:40:05,021] Trial 53 finished with value: 3.259606024075187 and parameters: {'ISTN': 71.60444782842427, 'I_gpe': 2.0019016395266336, 'I_gpi': 1.2479491391291664, 'noise_stn_sigma': 7.985204792326481, 'noise_gpe_sigma': 106.49737531015406, 'noise_gpi_sigma': 125.3208642343444, 'g_stn_gpe_mult': 2.5423544797790654, 'g_gpe_stn_mult': 0.15090553605787316, 'g_stn_gpi_mult': 1.9664266646807573, 'g_gpe_gpi_mult': 0.5599618924968146}. Best is trial 50 with value: 0.4363955767989327.
[I 2026-05-28 01:40:06,031] Trial 54 finished with value: 3.3192944344712187 and parameters: {'ISTN': 65.57848844426742, 'I_gpe': 1.8641985027557668, 'I_gpi': 2.5478836267212404, 'noise_stn_sigma': 5.299862836956233, 'noise_gpe_sigma': 117.11612400760416, 'noise_gpi_sigma': 81.45517983058251, 'g_stn_gpe_mult': 2.65470128382159, 'g_gpe_stn_mult': 0.2041385218131162, 'g_stn_gpi_mult': 2.5507989632531385, 'g_gpe_gpi_mult': 0.6657137771644352}. Best is trial 50 with value: 0.4363955767989327.
[I 2026-05-28 01:40:07,040] Trial 55 finished with value: 6.300713446191395 and parameters: {'ISTN': 95.86157975597547, 'I_gpe': 1.683596277860209, 'I_gpi': 2.332125100868051, 'noise_stn_sigma': 7.157717637606418, 'noise_gpe_sigma': 73.40669176636143, 'noise_gpi_sigma': 68.52767930233756, 'g_stn_gpe_mult': 2.1280711382577704, 'g_gpe_stn_mult': 0.17493669689860247, 'g_stn_gpi_mult': 2.191408275481625, 'g_gpe_gpi_mult': 0.6521909498607429}. Best is trial 50 with value: 0.4363955767989327.
[I 2026-05-28 01:40:08,049] Trial 56 finished with value: 1.3242481956598566 and parameters: {'ISTN': 69.74446712271701, 'I_gpe': 0.8189780158923662, 'I_gpi': 1.641027785474646, 'noise_stn_sigma': 6.417882617749793, 'noise_gpe_sigma': 70.12063592663807, 'noise_gpi_sigma': 103.0013999532899, 'g_stn_gpe_mult': 2.6861753058574243, 'g_gpe_stn_mult': 0.3716611388058285, 'g_stn_gpi_mult': 1.922822186892505, 'g_gpe_gpi_mult': 0.45737874008663404}. Best is trial 50 with value: 0.4363955767989327.
[I 2026-05-28 01:40:09,058] Trial 57 finished with value: 3.5688529410599763 and parameters: {'ISTN': 72.11894028319723, 'I_gpe': 1.7417924235365727, 'I_gpi': 1.1440035717027528, 'noise_stn_sigma': 6.908322168136369, 'noise_gpe_sigma': 118.96928522384918, 'noise_gpi_sigma': 86.35369653452257, 'g_stn_gpe_mult': 2.868784324677764, 'g_gpe_stn_mult': 0.27813020540717326, 'g_stn_gpi_mult': 1.9499189847834066, 'g_gpe_gpi_mult': 0.3979575245731014}. Best is trial 50 with value: 0.4363955767989327.
[I 2026-05-28 01:40:10,065] Trial 58 finished with value: 3.627486054500154 and parameters: {'ISTN': 74.65751307264725, 'I_gpe': 0.9844779411127375, 'I_gpi': 2.061965806314641, 'noise_stn_sigma': 6.925847225825773, 'noise_gpe_sigma': 46.97058922685538, 'noise_gpi_sigma': 105.94958609358106, 'g_stn_gpe_mult': 3.333918342104933, 'g_gpe_stn_mult': 0.1476856809232165, 'g_stn_gpi_mult': 1.6618360088211055, 'g_gpe_gpi_mult': 0.264231500222164}. Best is trial 50 with value: 0.4363955767989327.
[I 2026-05-28 01:40:11,074] Trial 59 finished with value: 3.7775562548615174 and parameters: {'ISTN': 65.16653519700101, 'I_gpe': 2.042775900993791, 'I_gpi': 1.359729305214308, 'noise_stn_sigma': 7.902825951946083, 'noise_gpe_sigma': 132.932039673137, 'noise_gpi_sigma': 93.58994033253614, 'g_stn_gpe_mult': 4.196938556467923, 'g_gpe_stn_mult': 0.35971616303153753, 'g_stn_gpi_mult': 1.6673165544362127, 'g_gpe_gpi_mult': 0.6996312947063721}. Best is trial 50 with value: 0.4363955767989327.
[I 2026-05-28 01:40:12,085] Trial 60 finished with value: 3.9956979678300364 and parameters: {'ISTN': 75.46561091541916, 'I_gpe': 1.8653803369571962, 'I_gpi': 2.33966570266485, 'noise_stn_sigma': 6.627285699302383, 'noise_gpe_sigma': 108.60859301568627, 'noise_gpi_sigma': 85.4620756340568, 'g_stn_gpe_mult': 2.03344229840459, 'g_gpe_stn_mult': 0.43523769863391215, 'g_stn_gpi_mult': 1.295535255431905, 'g_gpe_gpi_mult': 0.3010128359415974}. Best is trial 50 with value: 0.4363955767989327.
[I 2026-05-28 01:40:13,094] Trial 61 finished with value: 3.221021953864102 and parameters: {'ISTN': 78.44415944601573, 'I_gpe': 1.1111318885823107, 'I_gpi': 2.3643064352865313, 'noise_stn_sigma': 6.489534938192209, 'noise_gpe_sigma': 110.20181936385907, 'noise_gpi_sigma': 101.68960609670476, 'g_stn_gpe_mult': 3.0865048549137915, 'g_gpe_stn_mult': 0.5299727925465748, 'g_stn_gpi_mult': 2.2409114460047923, 'g_gpe_gpi_mult': 0.5512480749292452}. Best is trial 50 with value: 0.4363955767989327.
[I 2026-05-28 01:40:14,103] Trial 62 finished with value: 3.054733573167862 and parameters: {'ISTN': 66.15579994945305, 'I_gpe': 1.7573678237932029, 'I_gpi': 1.599653858381946, 'noise_stn_sigma': 5.322630274374187, 'noise_gpe_sigma': 72.7424897085024, 'noise_gpi_sigma': 99.80465515881959, 'g_stn_gpe_mult': 1.9395161108389716, 'g_gpe_stn_mult': 0.30178607286828074, 'g_stn_gpi_mult': 2.8640843839709134, 'g_gpe_gpi_mult': 0.6358252650024734}. Best is trial 50 with value: 0.4363955767989327.
[I 2026-05-28 01:40:15,109] Trial 63 finished with value: 3.243600026107245 and parameters: {'ISTN': 72.6939142943019, 'I_gpe': 0.8217726991842176, 'I_gpi': 1.370849057816558, 'noise_stn_sigma': 5.8955707918837055, 'noise_gpe_sigma': 89.28780012521985, 'noise_gpi_sigma': 117.15630819751354, 'g_stn_gpe_mult': 2.9796634959592785, 'g_gpe_stn_mult': 0.383232511542725, 'g_stn_gpi_mult': 2.741447326218323, 'g_gpe_gpi_mult': 0.3752211207422639}. Best is trial 50 with value: 0.4363955767989327.
[I 2026-05-28 01:40:16,120] Trial 64 finished with value: 1.4260637110121825 and parameters: {'ISTN': 68.60222408601352, 'I_gpe': 1.3063308542173824, 'I_gpi': 1.6459277447508711, 'noise_stn_sigma': 6.744172481122149, 'noise_gpe_sigma': 55.47181653340482, 'noise_gpi_sigma': 68.17479565601414, 'g_stn_gpe_mult': 2.250747884780121, 'g_gpe_stn_mult': 0.16073512352636832, 'g_stn_gpi_mult': 1.2478306602769402, 'g_gpe_gpi_mult': 0.25745254164621156}. Best is trial 50 with value: 0.4363955767989327.
[I 2026-05-28 01:40:17,129] Trial 65 finished with value: 4.787328358309464 and parameters: {'ISTN': 85.81046059672778, 'I_gpe': 1.5740249261103767, 'I_gpi': 1.7416590028553058, 'noise_stn_sigma': 6.596157872056931, 'noise_gpe_sigma': 58.576447343997636, 'noise_gpi_sigma': 117.97480635500618, 'g_stn_gpe_mult': 2.923740873395691, 'g_gpe_stn_mult': 0.16985655650837428, 'g_stn_gpi_mult': 2.8284267245734607, 'g_gpe_gpi_mult': 0.5552921238523018}. Best is trial 50 with value: 0.4363955767989327.
[I 2026-05-28 01:40:18,136] Trial 66 finished with value: 5.076280266844933 and parameters: {'ISTN': 84.85333110369075, 'I_gpe': 1.72396430192881, 'I_gpi': 1.6167722383903067, 'noise_stn_sigma': 5.612485611190792, 'noise_gpe_sigma': 65.4310048802217, 'noise_gpi_sigma': 121.52066172357198, 'g_stn_gpe_mult': 1.9356360281328504, 'g_gpe_stn_mult': 0.3147202710959991, 'g_stn_gpi_mult': 2.1220373667578354, 'g_gpe_gpi_mult': 0.8596598539276958}. Best is trial 50 with value: 0.4363955767989327.
[I 2026-05-28 01:40:19,145] Trial 67 finished with value: 2.957436453771938 and parameters: {'ISTN': 73.57598717177541, 'I_gpe': 1.7382673004316707, 'I_gpi': 1.0184965679255884, 'noise_stn_sigma': 6.792895421499853, 'noise_gpe_sigma': 69.74755083022163, 'noise_gpi_sigma': 108.52956388859117, 'g_stn_gpe_mult': 2.6013976103881147, 'g_gpe_stn_mult': 0.14628334522123582, 'g_stn_gpi_mult': 1.9422956962330584, 'g_gpe_gpi_mult': 0.6443851203557152}. Best is trial 50 with value: 0.4363955767989327.
[I 2026-05-28 01:40:20,154] Trial 68 finished with value: 5.571072370937061 and parameters: {'ISTN': 91.39403595871187, 'I_gpe': 0.7390123351009956, 'I_gpi': 2.3273249740399957, 'noise_stn_sigma': 4.174057246037355, 'noise_gpe_sigma': 92.86731508944413, 'noise_gpi_sigma': 90.58276004043718, 'g_stn_gpe_mult': 3.187059195778735, 'g_gpe_stn_mult': 0.41705273479414606, 'g_stn_gpi_mult': 2.5158804733957316, 'g_gpe_gpi_mult': 0.7452583501887289}. Best is trial 50 with value: 0.4363955767989327.
[I 2026-05-28 01:40:21,164] Trial 69 finished with value: 2.899734708032608 and parameters: {'ISTN': 70.1116065823708, 'I_gpe': 1.2569740498884714, 'I_gpi': 2.4882250601910227, 'noise_stn_sigma': 5.042655366173882, 'noise_gpe_sigma': 82.7940231195758, 'noise_gpi_sigma': 93.72177246353374, 'g_stn_gpe_mult': 3.444979070049975, 'g_gpe_stn_mult': 0.22916002070059047, 'g_stn_gpi_mult': 1.9171610162420127, 'g_gpe_gpi_mult': 0.796360892829288}. Best is trial 50 with value: 0.4363955767989327.
[I 2026-05-28 01:40:22,170] Trial 70 finished with value: 2.977471997341458 and parameters: {'ISTN': 68.98276557229133, 'I_gpe': 2.1851596005107554, 'I_gpi': 2.624951724998314, 'noise_stn_sigma': 5.088779275834384, 'noise_gpe_sigma': 131.87346656943265, 'noise_gpi_sigma': 109.5580252711961, 'g_stn_gpe_mult': 3.096185628124468, 'g_gpe_stn_mult': 0.15647231435191394, 'g_stn_gpi_mult': 2.436093904607719, 'g_gpe_gpi_mult': 0.4914859636389663}. Best is trial 50 with value: 0.4363955767989327.
[I 2026-05-28 01:40:23,182] Trial 71 finished with value: 6.252547745059694 and parameters: {'ISTN': 86.76857735754447, 'I_gpe': 1.372094712128649, 'I_gpi': 2.2407300003793957, 'noise_stn_sigma': 6.279990088650815, 'noise_gpe_sigma': 36.23214030781379, 'noise_gpi_sigma': 65.85127378698284, 'g_stn_gpe_mult': 3.0958798407956385, 'g_gpe_stn_mult': 0.3510438241393342, 'g_stn_gpi_mult': 1.1167926225307165, 'g_gpe_gpi_mult': 0.6633398668551289}. Best is trial 50 with value: 0.4363955767989327.
[I 2026-05-28 01:40:24,192] Trial 72 finished with value: 4.404374097500867 and parameters: {'ISTN': 78.20351406007586, 'I_gpe': 1.9273359074956151, 'I_gpi': 2.4565489641508687, 'noise_stn_sigma': 4.401295236275449, 'noise_gpe_sigma': 107.85625818096301, 'noise_gpi_sigma': 88.68900450265572, 'g_stn_gpe_mult': 2.4028821732187184, 'g_gpe_stn_mult': 0.27448699217103084, 'g_stn_gpi_mult': 1.8235678831767381, 'g_gpe_gpi_mult': 0.5259815317084839}. Best is trial 50 with value: 0.4363955767989327.
[I 2026-05-28 01:40:25,198] Trial 73 finished with value: 3.681231201565948 and parameters: {'ISTN': 71.97151506847914, 'I_gpe': 1.7040183675691376, 'I_gpi': 1.6618682192321776, 'noise_stn_sigma': 4.647492441257421, 'noise_gpe_sigma': 92.18771940926786, 'noise_gpi_sigma': 106.43771324920812, 'g_stn_gpe_mult': 2.0479765370298955, 'g_gpe_stn_mult': 0.30157492345274983, 'g_stn_gpi_mult': 1.0299511598392908, 'g_gpe_gpi_mult': 0.43912427655716646}. Best is trial 50 with value: 0.4363955767989327.
[I 2026-05-28 01:40:26,205] Trial 74 finished with value: 1.6975967000339518 and parameters: {'ISTN': 62.79428047996887, 'I_gpe': 1.1322638760548536, 'I_gpi': 1.4819794331258394, 'noise_stn_sigma': 6.685157757173352, 'noise_gpe_sigma': 87.38448720242457, 'noise_gpi_sigma': 92.59184128005782, 'g_stn_gpe_mult': 2.692409874846975, 'g_gpe_stn_mult': 0.18561118647392838, 'g_stn_gpi_mult': 1.9485449866259965, 'g_gpe_gpi_mult': 0.27297316655233084}. Best is trial 50 with value: 0.4363955767989327.
[I 2026-05-28 01:40:27,213] Trial 75 finished with value: 5.918404989669414 and parameters: {'ISTN': 96.39816564315157, 'I_gpe': 1.60201710150303, 'I_gpi': 2.5586462225659945, 'noise_stn_sigma': 7.855966742747301, 'noise_gpe_sigma': 75.94875553256304, 'noise_gpi_sigma': 58.55949666802312, 'g_stn_gpe_mult': 1.7941623231332349, 'g_gpe_stn_mult': 0.23740858172677312, 'g_stn_gpi_mult': 1.489030658417879, 'g_gpe_gpi_mult': 0.8532323756421252}. Best is trial 50 with value: 0.4363955767989327.
[I 2026-05-28 01:40:28,222] Trial 76 finished with value: 2.6036830033160268 and parameters: {'ISTN': 63.25914689475948, 'I_gpe': 1.8815377754759164, 'I_gpi': 2.570509134043772, 'noise_stn_sigma': 7.314820439976026, 'noise_gpe_sigma': 73.70981754383018, 'noise_gpi_sigma': 56.9084059357328, 'g_stn_gpe_mult': 2.402499359468892, 'g_gpe_stn_mult': 0.1735353304192518, 'g_stn_gpi_mult': 2.4303259572436553, 'g_gpe_gpi_mult': 0.7410356457719693}. Best is trial 50 with value: 0.4363955767989327.
[I 2026-05-28 01:40:29,232] Trial 77 finished with value: 2.3316034257693414 and parameters: {'ISTN': 66.12113865846779, 'I_gpe': 1.432869272342884, 'I_gpi': 2.0387911592876984, 'noise_stn_sigma': 6.903124833024292, 'noise_gpe_sigma': 67.09731173258095, 'noise_gpi_sigma': 97.05194593043277, 'g_stn_gpe_mult': 2.5067113537408554, 'g_gpe_stn_mult': 0.22495178057684992, 'g_stn_gpi_mult': 1.9918412565495118, 'g_gpe_gpi_mult': 0.5479084736981152}. Best is trial 50 with value: 0.4363955767989327.
[I 2026-05-28 01:40:30,242] Trial 78 finished with value: 5.061978237420651 and parameters: {'ISTN': 91.00544354706182, 'I_gpe': 0.9335867382749186, 'I_gpi': 3.185641239869273, 'noise_stn_sigma': 5.883881209927548, 'noise_gpe_sigma': 81.25568764496956, 'noise_gpi_sigma': 106.47883275298118, 'g_stn_gpe_mult': 2.7835029528265496, 'g_gpe_stn_mult': 0.18731921561501053, 'g_stn_gpi_mult': 1.8891953774960446, 'g_gpe_gpi_mult': 0.6131768054199591}. Best is trial 50 with value: 0.4363955767989327.
[I 2026-05-28 01:40:31,250] Trial 79 finished with value: 4.2054998814063875 and parameters: {'ISTN': 84.36292699203038, 'I_gpe': 1.6751813743115294, 'I_gpi': 1.2922629683915874, 'noise_stn_sigma': 6.970920272373314, 'noise_gpe_sigma': 97.74653852854165, 'noise_gpi_sigma': 106.10314601474336, 'g_stn_gpe_mult': 2.6847781280007865, 'g_gpe_stn_mult': 0.25987485939259725, 'g_stn_gpi_mult': 1.8873532525989622, 'g_gpe_gpi_mult': 0.34308201314588754}. Best is trial 50 with value: 0.4363955767989327.
[I 2026-05-28 01:40:32,256] Trial 80 finished with value: 3.165099905127415 and parameters: {'ISTN': 71.5675930461941, 'I_gpe': 1.9261564691004147, 'I_gpi': 2.1700275268267593, 'noise_stn_sigma': 5.745483210104107, 'noise_gpe_sigma': 79.67454916665318, 'noise_gpi_sigma': 101.58476276817734, 'g_stn_gpe_mult': 3.5358458885008086, 'g_gpe_stn_mult': 0.13328647017788658, 'g_stn_gpi_mult': 1.7197349980043133, 'g_gpe_gpi_mult': 0.6035672478203369}. Best is trial 50 with value: 0.4363955767989327.
[I 2026-05-28 01:40:33,265] Trial 81 finished with value: 2.241060382605103 and parameters: {'ISTN': 66.41388518729623, 'I_gpe': 1.3177176081166626, 'I_gpi': 1.9458224367309125, 'noise_stn_sigma': 6.2092819897135865, 'noise_gpe_sigma': 87.11123511270858, 'noise_gpi_sigma': 94.54006346139471, 'g_stn_gpe_mult': 2.6278415429444246, 'g_gpe_stn_mult': 0.1783280049583138, 'g_stn_gpi_mult': 2.364861618489799, 'g_gpe_gpi_mult': 0.6397527289621866}. Best is trial 50 with value: 0.4363955767989327.
[I 2026-05-28 01:40:34,270] Trial 82 finished with value: 4.318324664395943 and parameters: {'ISTN': 61.59019185049882, 'I_gpe': 2.7504001459893948, 'I_gpi': 3.0707146514792623, 'noise_stn_sigma': 5.727469069938282, 'noise_gpe_sigma': 85.80538694384406, 'noise_gpi_sigma': 105.2357902888843, 'g_stn_gpe_mult': 2.9017005208104565, 'g_gpe_stn_mult': 0.3073442835231643, 'g_stn_gpi_mult': 1.4006252418658107, 'g_gpe_gpi_mult': 0.4645838054049674}. Best is trial 50 with value: 0.4363955767989327.
[I 2026-05-28 01:40:35,279] Trial 83 finished with value: 3.8455108027063742 and parameters: {'ISTN': 80.02943985125756, 'I_gpe': 2.075578534432894, 'I_gpi': 1.0735947174399953, 'noise_stn_sigma': 6.920533317643919, 'noise_gpe_sigma': 103.74832439147207, 'noise_gpi_sigma': 101.47166702996255, 'g_stn_gpe_mult': 3.25435108543347, 'g_gpe_stn_mult': 0.1028090710921432, 'g_stn_gpi_mult': 2.6001916524705804, 'g_gpe_gpi_mult': 0.48526454204900465}. Best is trial 50 with value: 0.4363955767989327.
[I 2026-05-28 01:40:36,288] Trial 84 finished with value: 3.39829193858463 and parameters: {'ISTN': 80.75191440221704, 'I_gpe': 0.8340852824482007, 'I_gpi': 2.20319812951179, 'noise_stn_sigma': 7.287755822000747, 'noise_gpe_sigma': 78.81297995081015, 'noise_gpi_sigma': 89.4945730817742, 'g_stn_gpe_mult': 3.09179544698972, 'g_gpe_stn_mult': 0.27008557298434965, 'g_stn_gpi_mult': 2.7647120189550485, 'g_gpe_gpi_mult': 0.4870980604607854}. Best is trial 50 with value: 0.4363955767989327.
[I 2026-05-28 01:40:37,295] Trial 85 finished with value: 4.077311312049867 and parameters: {'ISTN': 69.47352166315544, 'I_gpe': 2.3837049603358733, 'I_gpi': 1.7633486237925053, 'noise_stn_sigma': 7.758048221574379, 'noise_gpe_sigma': 87.33393814264322, 'noise_gpi_sigma': 107.68973867694096, 'g_stn_gpe_mult': 2.7184971669723725, 'g_gpe_stn_mult': 0.20195039906157292, 'g_stn_gpi_mult': 2.60329309890031, 'g_gpe_gpi_mult': 0.42925083383346085}. Best is trial 50 with value: 0.4363955767989327.
[I 2026-05-28 01:40:38,305] Trial 86 finished with value: 2.0309771111250083 and parameters: {'ISTN': 78.6881843257194, 'I_gpe': 1.1639220827159293, 'I_gpi': 1.2553632544473419, 'noise_stn_sigma': 6.830103675044871, 'noise_gpe_sigma': 58.8703842316924, 'noise_gpi_sigma': 60.32033721983626, 'g_stn_gpe_mult': 2.458343449785118, 'g_gpe_stn_mult': 0.26085284668637554, 'g_stn_gpi_mult': 2.11013870357508, 'g_gpe_gpi_mult': 0.23985092741058947}. Best is trial 50 with value: 0.4363955767989327.
[I 2026-05-28 01:40:39,311] Trial 87 finished with value: 3.324497022638567 and parameters: {'ISTN': 65.56838416588734, 'I_gpe': 1.9983814357695062, 'I_gpi': 2.146393343935187, 'noise_stn_sigma': 5.658540501822976, 'noise_gpe_sigma': 67.20043346292869, 'noise_gpi_sigma': 88.00499531166531, 'g_stn_gpe_mult': 2.1637998635619113, 'g_gpe_stn_mult': 0.18491016387716364, 'g_stn_gpi_mult': 2.5698324647493305, 'g_gpe_gpi_mult': 0.5635179226832017}. Best is trial 50 with value: 0.4363955767989327.
