[I 2026-05-28 01:51:01,005] Trial 704 finished with value: 0.1851354707917427 and parameters: {'ISTN': 63.109096914566464, 'I_gpe': 1.4884623132858434, 'I_gpi': 1.8098199341133094, 'noise_stn_sigma': 2.635661732364974, 'noise_gpe_sigma': 79.77799519640033, 'noise_gpi_sigma': 88.27502505506911, 'g_stn_gpe_mult': 2.8443144949056305, 'g_gpe_stn_mult': 0.12880262606750115, 'g_stn_gpi_mult': 3.740672817012141, 'g_gpe_gpi_mult': 0.7320203228743014}. Best is trial 615 with value: 0.14739028446966826.
[I 2026-05-28 01:51:02,013] Trial 705 finished with value: 0.16053484737025353 and parameters: {'ISTN': 61.578534536780246, 'I_gpe': 1.2988664750197298, 'I_gpi': 1.8659129895189088, 'noise_stn_sigma': 3.3179170881205535, 'noise_gpe_sigma': 80.64737482901302, 'noise_gpi_sigma': 77.58228163538269, 'g_stn_gpe_mult': 3.181815428554153, 'g_gpe_stn_mult': 0.13911596092175654, 'g_stn_gpi_mult': 3.4232877149793897, 'g_gpe_gpi_mult': 0.7950755229992965}. Best is trial 615 with value: 0.14739028446966826.
[I 2026-05-28 01:51:03,020] Trial 706 finished with value: 0.2875848734193664 and parameters: {'ISTN': 63.315052352786395, 'I_gpe': 1.1749625685773262, 'I_gpi': 1.9240002747084555, 'noise_stn_sigma': 3.356508383800419, 'noise_gpe_sigma': 83.33490153562548, 'noise_gpi_sigma': 93.50956652063114, 'g_stn_gpe_mult': 3.0447747067647004, 'g_gpe_stn_mult': 0.15655691592987714, 'g_stn_gpi_mult': 3.7136848359389156, 'g_gpe_gpi_mult': 0.8191068299216073}. Best is trial 615 with value: 0.14739028446966826.
[I 2026-05-28 01:51:04,030] Trial 707 finished with value: 0.18092344267154167 and parameters: {'ISTN': 61.52955185551813, 'I_gpe': 1.1669531637708033, 'I_gpi': 1.783947555590681, 'noise_stn_sigma': 3.4177449395398782, 'noise_gpe_sigma': 81.24936424262705, 'noise_gpi_sigma': 96.23279605117119, 'g_stn_gpe_mult': 3.0842270182519598, 'g_gpe_stn_mult': 0.18972585681750453, 'g_stn_gpi_mult': 3.5781055164292965, 'g_gpe_gpi_mult': 0.8481064721028289}. Best is trial 615 with value: 0.14739028446966826.
[I 2026-05-28 01:51:05,038] Trial 708 finished with value: 0.20690477615374606 and parameters: {'ISTN': 65.22138746469501, 'I_gpe': 1.2638684063048415, 'I_gpi': 1.73111975585407, 'noise_stn_sigma': 3.339665971210683, 'noise_gpe_sigma': 85.31424117310999, 'noise_gpi_sigma': 93.78325375379701, 'g_stn_gpe_mult': 3.219805648319002, 'g_gpe_stn_mult': 0.1481230681445747, 'g_stn_gpi_mult': 3.4303837943577795, 'g_gpe_gpi_mult': 0.8718356282652224}. Best is trial 615 with value: 0.14739028446966826.
[I 2026-05-28 01:51:06,048] Trial 709 finished with value: 0.5214302648878779 and parameters: {'ISTN': 63.00138172545458, 'I_gpe': 1.061630278712791, 'I_gpi': 1.9519339832539984, 'noise_stn_sigma': 3.896632480991273, 'noise_gpe_sigma': 85.84622986283959, 'noise_gpi_sigma': 97.12327659017753, 'g_stn_gpe_mult': 3.1165710669057476, 'g_gpe_stn_mult': 0.14408268279541836, 'g_stn_gpi_mult': 3.3716070316767537, 'g_gpe_gpi_mult': 0.8342285830573644}. Best is trial 615 with value: 0.14739028446966826.
[I 2026-05-28 01:51:07,056] Trial 710 finished with value: 0.17957001804024447 and parameters: {'ISTN': 61.49983775250168, 'I_gpe': 1.2421798086999458, 'I_gpi': 1.7332169634229755, 'noise_stn_sigma': 2.762427511540223, 'noise_gpe_sigma': 83.60081798082295, 'noise_gpi_sigma': 90.76803148363871, 'g_stn_gpe_mult': 3.2870412143230867, 'g_gpe_stn_mult': 0.1754282137306422, 'g_stn_gpi_mult': 3.630795180939274, 'g_gpe_gpi_mult': 0.8696827461919441}. Best is trial 615 with value: 0.14739028446966826.
[I 2026-05-28 01:51:08,067] Trial 711 finished with value: 0.1616322733054312 and parameters: {'ISTN': 60.56081223276167, 'I_gpe': 1.088799698186261, 'I_gpi': 1.827402217518582, 'noise_stn_sigma': 3.3323853864603423, 'noise_gpe_sigma': 80.93637675024982, 'noise_gpi_sigma': 90.14590670583998, 'g_stn_gpe_mult': 3.0654221247081073, 'g_gpe_stn_mult': 0.17486069327912157, 'g_stn_gpi_mult': 3.6909625998950357, 'g_gpe_gpi_mult': 0.8237033090764261}. Best is trial 615 with value: 0.14739028446966826.
[I 2026-05-28 01:51:09,076] Trial 712 finished with value: 0.4839380794998092 and parameters: {'ISTN': 63.85843130029925, 'I_gpe': 1.164958005485867, 'I_gpi': 1.8243632774296725, 'noise_stn_sigma': 3.381736315695288, 'noise_gpe_sigma': 83.52615416164868, 'noise_gpi_sigma': 78.57342845637555, 'g_stn_gpe_mult': 3.2426710815052395, 'g_gpe_stn_mult': 0.1441868704300318, 'g_stn_gpi_mult': 3.545242604375123, 'g_gpe_gpi_mult': 0.7686201475154564}. Best is trial 615 with value: 0.14739028446966826.
[I 2026-05-28 01:51:10,084] Trial 713 finished with value: 0.16955683827418974 and parameters: {'ISTN': 62.96380056777573, 'I_gpe': 1.160512400039933, 'I_gpi': 1.7737027060289914, 'noise_stn_sigma': 3.1394374910004412, 'noise_gpe_sigma': 82.882214141547, 'noise_gpi_sigma': 84.93187028482478, 'g_stn_gpe_mult': 3.228870475055105, 'g_gpe_stn_mult': 0.13793785668969358, 'g_stn_gpi_mult': 3.583789094018909, 'g_gpe_gpi_mult': 0.8450209041643553}. Best is trial 615 with value: 0.14739028446966826.
[I 2026-05-28 01:51:11,094] Trial 714 finished with value: 0.19316252773959577 and parameters: {'ISTN': 62.90293549350862, 'I_gpe': 1.4516709874538956, 'I_gpi': 1.7663656233612837, 'noise_stn_sigma': 3.0402624514435628, 'noise_gpe_sigma': 78.74903589554789, 'noise_gpi_sigma': 81.17359138075554, 'g_stn_gpe_mult': 3.085713224933602, 'g_gpe_stn_mult': 0.18105711157499144, 'g_stn_gpi_mult': 3.68689385271028, 'g_gpe_gpi_mult': 0.8604986832211039}. Best is trial 615 with value: 0.14739028446966826.
[I 2026-05-28 01:51:12,105] Trial 715 finished with value: 0.19277200207344197 and parameters: {'ISTN': 63.22004018158278, 'I_gpe': 1.2336949559768184, 'I_gpi': 1.8156759155337587, 'noise_stn_sigma': 3.4313908409475613, 'noise_gpe_sigma': 77.29330418257118, 'noise_gpi_sigma': 91.16115841005113, 'g_stn_gpe_mult': 3.0279427671233723, 'g_gpe_stn_mult': 0.12590424172641188, 'g_stn_gpi_mult': 3.5235807047601715, 'g_gpe_gpi_mult': 0.7517113455146343}. Best is trial 615 with value: 0.14739028446966826.
[I 2026-05-28 01:51:13,114] Trial 716 finished with value: 1.7402831327251982 and parameters: {'ISTN': 60.09067282649881, 'I_gpe': 1.2176565824277952, 'I_gpi': 1.9315990563688596, 'noise_stn_sigma': 2.7524829229217347, 'noise_gpe_sigma': 87.5826087999951, 'noise_gpi_sigma': 88.33501509175565, 'g_stn_gpe_mult': 3.0682217906045537, 'g_gpe_stn_mult': 0.1486714683996086, 'g_stn_gpi_mult': 3.5449917369840667, 'g_gpe_gpi_mult': 0.8217176882440185}. Best is trial 615 with value: 0.14739028446966826.
[I 2026-05-28 01:51:14,123] Trial 717 finished with value: 0.1831020430228139 and parameters: {'ISTN': 62.7113987487939, 'I_gpe': 1.2301495572460683, 'I_gpi': 1.925999444392298, 'noise_stn_sigma': 3.3094416089945753, 'noise_gpe_sigma': 83.87064560242254, 'noise_gpi_sigma': 85.43278647865208, 'g_stn_gpe_mult': 3.1851787960170537, 'g_gpe_stn_mult': 0.16737106930040985, 'g_stn_gpi_mult': 3.7879946514960308, 'g_gpe_gpi_mult': 0.8567323108657339}. Best is trial 615 with value: 0.14739028446966826.
[I 2026-05-28 01:51:15,132] Trial 718 finished with value: 0.1588999364960805 and parameters: {'ISTN': 61.836630333538096, 'I_gpe': 1.2400804679779016, 'I_gpi': 1.8745574922909958, 'noise_stn_sigma': 2.8671633988314733, 'noise_gpe_sigma': 76.50771853118782, 'noise_gpi_sigma': 87.88978692273804, 'g_stn_gpe_mult': 3.2748216540127935, 'g_gpe_stn_mult': 0.14949442618415917, 'g_stn_gpi_mult': 3.618005040493488, 'g_gpe_gpi_mult': 0.8359565354375471}. Best is trial 615 with value: 0.14739028446966826.
[I 2026-05-28 01:51:16,142] Trial 719 finished with value: 0.16378904619212906 and parameters: {'ISTN': 61.65829437469278, 'I_gpe': 1.0876139499822677, 'I_gpi': 1.888894811137665, 'noise_stn_sigma': 3.518635019539114, 'noise_gpe_sigma': 86.67557695608788, 'noise_gpi_sigma': 89.34974399278273, 'g_stn_gpe_mult': 3.1639068705559246, 'g_gpe_stn_mult': 0.14128775552431716, 'g_stn_gpi_mult': 3.6245151728091676, 'g_gpe_gpi_mult': 0.7728060359278897}. Best is trial 615 with value: 0.14739028446966826.
[I 2026-05-28 01:51:17,154] Trial 720 finished with value: 0.17811558631382932 and parameters: {'ISTN': 60.84386647992035, 'I_gpe': 1.1715776120441634, 'I_gpi': 1.6277033303649078, 'noise_stn_sigma': 3.0967539869914344, 'noise_gpe_sigma': 78.69896389608552, 'noise_gpi_sigma': 87.11875922975624, 'g_stn_gpe_mult': 3.0222697028956755, 'g_gpe_stn_mult': 0.14862981193647973, 'g_stn_gpi_mult': 3.6113718694617125, 'g_gpe_gpi_mult': 0.8760336011072802}. Best is trial 615 with value: 0.14739028446966826.
[I 2026-05-28 01:51:18,163] Trial 721 finished with value: 0.1880050914625898 and parameters: {'ISTN': 62.563380522750585, 'I_gpe': 1.211703986952709, 'I_gpi': 1.9814959121237548, 'noise_stn_sigma': 2.819641508164331, 'noise_gpe_sigma': 88.56338526697313, 'noise_gpi_sigma': 77.49433661478497, 'g_stn_gpe_mult': 3.46922532074586, 'g_gpe_stn_mult': 0.1687792036663977, 'g_stn_gpi_mult': 3.6114436141429507, 'g_gpe_gpi_mult': 0.8305640537696797}. Best is trial 615 with value: 0.14739028446966826.
[I 2026-05-28 01:51:19,174] Trial 722 finished with value: 0.2042344810899684 and parameters: {'ISTN': 62.49412778701211, 'I_gpe': 1.0997790330543658, 'I_gpi': 1.8046829244087732, 'noise_stn_sigma': 3.5236077199823472, 'noise_gpe_sigma': 77.6348195264146, 'noise_gpi_sigma': 94.06237304880312, 'g_stn_gpe_mult': 3.031428473295586, 'g_gpe_stn_mult': 0.1639000403824597, 'g_stn_gpi_mult': 3.438685079232036, 'g_gpe_gpi_mult': 0.8166652666311436}. Best is trial 615 with value: 0.14739028446966826.
[I 2026-05-28 01:51:20,182] Trial 723 finished with value: 0.6896423851955873 and parameters: {'ISTN': 64.76569534107409, 'I_gpe': 1.1336685193745688, 'I_gpi': 1.8176996090334483, 'noise_stn_sigma': 3.1702526178922765, 'noise_gpe_sigma': 78.98582734760744, 'noise_gpi_sigma': 85.40347639075168, 'g_stn_gpe_mult': 3.083968999131116, 'g_gpe_stn_mult': 0.12785178643326456, 'g_stn_gpi_mult': 3.6206891620094703, 'g_gpe_gpi_mult': 0.7892379898619286}. Best is trial 615 with value: 0.14739028446966826.
[I 2026-05-28 01:51:21,192] Trial 724 finished with value: 0.19005520700986966 and parameters: {'ISTN': 62.584596356440684, 'I_gpe': 1.1921348600567616, 'I_gpi': 1.9561482064512492, 'noise_stn_sigma': 2.7172586565494283, 'noise_gpe_sigma': 76.83440620088854, 'noise_gpi_sigma': 95.02122403087911, 'g_stn_gpe_mult': 2.9350790863458025, 'g_gpe_stn_mult': 0.16337274025805573, 'g_stn_gpi_mult': 3.4269081444187544, 'g_gpe_gpi_mult': 0.7683126611188889}. Best is trial 615 with value: 0.14739028446966826.
[I 2026-05-28 01:51:22,202] Trial 725 finished with value: 0.18745578115008396 and parameters: {'ISTN': 63.20621432059538, 'I_gpe': 1.2528736852793632, 'I_gpi': 1.8136099916549857, 'noise_stn_sigma': 2.637670708412961, 'noise_gpe_sigma': 75.7441583521217, 'noise_gpi_sigma': 91.68011375586602, 'g_stn_gpe_mult': 3.3111118950270906, 'g_gpe_stn_mult': 0.15679167434560098, 'g_stn_gpi_mult': 3.735312799826744, 'g_gpe_gpi_mult': 0.8358720593250648}. Best is trial 615 with value: 0.14739028446966826.
[I 2026-05-28 01:51:23,211] Trial 726 finished with value: 2.679398174547849 and parameters: {'ISTN': 61.35901288917984, 'I_gpe': 1.239575996992345, 'I_gpi': 1.807592722511617, 'noise_stn_sigma': 2.6459244742586376, 'noise_gpe_sigma': 74.33140970006137, 'noise_gpi_sigma': 80.9051609828215, 'g_stn_gpe_mult': 3.424924740782363, 'g_gpe_stn_mult': 0.1074125596738672, 'g_stn_gpi_mult': 3.6609383924318992, 'g_gpe_gpi_mult': 0.8636077082257774}. Best is trial 615 with value: 0.14739028446966826.
[I 2026-05-28 01:51:24,221] Trial 727 finished with value: 0.1617821978803594 and parameters: {'ISTN': 61.15812568904863, 'I_gpe': 1.1541781985344484, 'I_gpi': 1.7558217928284634, 'noise_stn_sigma': 3.4720386074092926, 'noise_gpe_sigma': 78.76006787894613, 'noise_gpi_sigma': 92.1721936905203, 'g_stn_gpe_mult': 3.288254885455958, 'g_gpe_stn_mult': 0.15468772584866963, 'g_stn_gpi_mult': 3.760955303763251, 'g_gpe_gpi_mult': 0.8526300107187297}. Best is trial 615 with value: 0.14739028446966826.
[I 2026-05-28 01:51:25,227] Trial 728 finished with value: 0.18350937630588568 and parameters: {'ISTN': 63.03207092002958, 'I_gpe': 1.1090408679493011, 'I_gpi': 1.7785823845279878, 'noise_stn_sigma': 2.911127224828899, 'noise_gpe_sigma': 82.79904404928891, 'noise_gpi_sigma': 90.601757358207, 'g_stn_gpe_mult': 3.2359821670716102, 'g_gpe_stn_mult': 0.1728905291750394, 'g_stn_gpi_mult': 3.629937901517007, 'g_gpe_gpi_mult': 0.8693330272495732}. Best is trial 615 with value: 0.14739028446966826.
[I 2026-05-28 01:51:26,236] Trial 729 finished with value: 0.18774193865220873 and parameters: {'ISTN': 62.993776888346865, 'I_gpe': 1.2146058987841588, 'I_gpi': 1.8358752514268688, 'noise_stn_sigma': 3.1887208971230194, 'noise_gpe_sigma': 79.54715317326851, 'noise_gpi_sigma': 87.08951783958504, 'g_stn_gpe_mult': 3.087486032009938, 'g_gpe_stn_mult': 0.12590339708584214, 'g_stn_gpi_mult': 3.568718340990537, 'g_gpe_gpi_mult': 0.7952883755335842}. Best is trial 615 with value: 0.14739028446966826.
[I 2026-05-28 01:51:27,246] Trial 730 finished with value: 0.1650332287446386 and parameters: {'ISTN': 62.15075513434215, 'I_gpe': 1.1718390810504091, 'I_gpi': 1.8455342556998497, 'noise_stn_sigma': 2.8786572554017495, 'noise_gpe_sigma': 81.24970052059926, 'noise_gpi_sigma': 84.21654053627566, 'g_stn_gpe_mult': 3.1991061640984753, 'g_gpe_stn_mult': 0.1508874899042467, 'g_stn_gpi_mult': 3.919980989641548, 'g_gpe_gpi_mult': 0.8719665374688754}. Best is trial 615 with value: 0.14739028446966826.
[I 2026-05-28 01:51:28,254] Trial 731 finished with value: 0.3221824031632045 and parameters: {'ISTN': 61.802237454170545, 'I_gpe': 1.0640527270810947, 'I_gpi': 1.7381544223105845, 'noise_stn_sigma': 3.410299973314727, 'noise_gpe_sigma': 81.85671104097617, 'noise_gpi_sigma': 100.40400660906977, 'g_stn_gpe_mult': 3.2493409478599506, 'g_gpe_stn_mult': 0.13239992548124427, 'g_stn_gpi_mult': 3.7970363607561297, 'g_gpe_gpi_mult': 0.8383312293952476}. Best is trial 615 with value: 0.14739028446966826.
[I 2026-05-28 01:51:29,263] Trial 732 finished with value: 0.36945700090672345 and parameters: {'ISTN': 60.94363872847624, 'I_gpe': 1.1316385093655867, 'I_gpi': 1.9216818570344403, 'noise_stn_sigma': 3.2992297113456703, 'noise_gpe_sigma': 83.93794289623206, 'noise_gpi_sigma': 92.27790184192494, 'g_stn_gpe_mult': 3.1216576813530614, 'g_gpe_stn_mult': 0.17157193868416876, 'g_stn_gpi_mult': 3.8883958864530177, 'g_gpe_gpi_mult': 0.8414813127488516}. Best is trial 615 with value: 0.14739028446966826.
[I 2026-05-28 01:51:30,272] Trial 733 finished with value: 0.1946800944581892 and parameters: {'ISTN': 62.402562487558285, 'I_gpe': 1.212339375946529, 'I_gpi': 1.7693206981623915, 'noise_stn_sigma': 3.017045002963149, 'noise_gpe_sigma': 79.11759413014721, 'noise_gpi_sigma': 78.93479028590423, 'g_stn_gpe_mult': 2.9447561783846092, 'g_gpe_stn_mult': 0.1541011175974498, 'g_stn_gpi_mult': 3.7834061515654533, 'g_gpe_gpi_mult': 0.8420851509738199}. Best is trial 615 with value: 0.14739028446966826.
[I 2026-05-28 01:51:31,284] Trial 734 finished with value: 0.19594792159013286 and parameters: {'ISTN': 60.93532118023676, 'I_gpe': 1.1055758581602464, 'I_gpi': 1.58117229997419, 'noise_stn_sigma': 3.275034681550348, 'noise_gpe_sigma': 78.5548458985684, 'noise_gpi_sigma': 84.43668955452918, 'g_stn_gpe_mult': 3.149640076720143, 'g_gpe_stn_mult': 0.1775535675495164, 'g_stn_gpi_mult': 3.7471964388560357, 'g_gpe_gpi_mult': 0.8476221618539079}. Best is trial 615 with value: 0.14739028446966826.
[I 2026-05-28 01:51:32,295] Trial 735 finished with value: 0.1835218369266569 and parameters: {'ISTN': 61.56410042624347, 'I_gpe': 1.0577723006964672, 'I_gpi': 1.8518637738952992, 'noise_stn_sigma': 2.949814736667718, 'noise_gpe_sigma': 81.79425975746435, 'noise_gpi_sigma': 81.63835262227482, 'g_stn_gpe_mult': 3.20939724073414, 'g_gpe_stn_mult': 0.18315275099926914, 'g_stn_gpi_mult': 3.917791360650595, 'g_gpe_gpi_mult': 0.8640599994776854}. Best is trial 615 with value: 0.14739028446966826.
[I 2026-05-28 01:51:33,305] Trial 736 finished with value: 0.16450153795161598 and parameters: {'ISTN': 61.93003604512095, 'I_gpe': 1.120880132244305, 'I_gpi': 1.7608807918575016, 'noise_stn_sigma': 2.5280969842004692, 'noise_gpe_sigma': 79.66793709253173, 'noise_gpi_sigma': 79.20586682647648, 'g_stn_gpe_mult': 3.5254893169663957, 'g_gpe_stn_mult': 0.17064743050030973, 'g_stn_gpi_mult': 3.908031323164658, 'g_gpe_gpi_mult': 0.8935869181125184}. Best is trial 615 with value: 0.14739028446966826.
[I 2026-05-28 01:51:34,316] Trial 737 finished with value: 0.18125494571568224 and parameters: {'ISTN': 62.965168659366064, 'I_gpe': 1.1554090489089455, 'I_gpi': 1.7503791225770289, 'noise_stn_sigma': 2.896676826181318, 'noise_gpe_sigma': 81.47989009115372, 'noise_gpi_sigma': 85.67058250647081, 'g_stn_gpe_mult': 3.235777228687892, 'g_gpe_stn_mult': 0.1651477170518646, 'g_stn_gpi_mult': 3.923649705431143, 'g_gpe_gpi_mult': 0.8463631830355471}. Best is trial 615 with value: 0.14739028446966826.
[I 2026-05-28 01:51:35,327] Trial 738 finished with value: 0.1975844104279785 and parameters: {'ISTN': 61.25039885290024, 'I_gpe': 1.3266918533742316, 'I_gpi': 1.6683155259005467, 'noise_stn_sigma': 3.1740091315096652, 'noise_gpe_sigma': 76.74925265815637, 'noise_gpi_sigma': 92.08979250127743, 'g_stn_gpe_mult': 3.093184146855778, 'g_gpe_stn_mult': 0.17835060794888685, 'g_stn_gpi_mult': 3.6986567176216316, 'g_gpe_gpi_mult': 0.8691341787181839}. Best is trial 615 with value: 0.14739028446966826.
[I 2026-05-28 01:51:36,335] Trial 739 finished with value: 0.1806810648132608 and parameters: {'ISTN': 63.57850763128153, 'I_gpe': 1.1911159629000043, 'I_gpi': 1.8324128357637965, 'noise_stn_sigma': 3.26576849819492, 'noise_gpe_sigma': 80.2060383942371, 'noise_gpi_sigma': 89.7252217728025, 'g_stn_gpe_mult': 3.2460838199078994, 'g_gpe_stn_mult': 0.16149504786454405, 'g_stn_gpi_mult': 3.8790356758396984, 'g_gpe_gpi_mult': 0.8958715424373858}. Best is trial 615 with value: 0.14739028446966826.
[I 2026-05-28 01:51:37,348] Trial 740 finished with value: 0.19414742059064757 and parameters: {'ISTN': 62.546440115670656, 'I_gpe': 1.135854147415527, 'I_gpi': 1.721471861729352, 'noise_stn_sigma': 3.404705960397162, 'noise_gpe_sigma': 79.44327266766096, 'noise_gpi_sigma': 100.03669605321313, 'g_stn_gpe_mult': 3.0822778425941593, 'g_gpe_stn_mult': 0.17564101125774825, 'g_stn_gpi_mult': 3.563388892396781, 'g_gpe_gpi_mult': 0.8473959477018778}. Best is trial 615 with value: 0.14739028446966826.
[I 2026-05-28 01:51:38,362] Trial 741 finished with value: 0.1824802692167622 and parameters: {'ISTN': 63.666330442332296, 'I_gpe': 1.1506803589638235, 'I_gpi': 1.7185193838641148, 'noise_stn_sigma': 2.7235704630806126, 'noise_gpe_sigma': 81.2004638162401, 'noise_gpi_sigma': 87.05931145262181, 'g_stn_gpe_mult': 3.5365500596821455, 'g_gpe_stn_mult': 0.14661444630480852, 'g_stn_gpi_mult': 3.888441791418046, 'g_gpe_gpi_mult': 0.9000390046271236}. Best is trial 615 with value: 0.14739028446966826.
[I 2026-05-28 01:51:39,372] Trial 742 finished with value: 0.19475670707993512 and parameters: {'ISTN': 63.598594791971536, 'I_gpe': 1.2490517397715855, 'I_gpi': 1.924749338780638, 'noise_stn_sigma': 2.9162107205524723, 'noise_gpe_sigma': 77.39447559803511, 'noise_gpi_sigma': 79.01932253660019, 'g_stn_gpe_mult': 3.473908947605211, 'g_gpe_stn_mult': 0.1499257939788703, 'g_stn_gpi_mult': 3.774391969058998, 'g_gpe_gpi_mult': 0.8815885950873132}. Best is trial 615 with value: 0.14739028446966826.
[I 2026-05-28 01:51:40,383] Trial 743 finished with value: 0.18821729014127497 and parameters: {'ISTN': 63.86556321214212, 'I_gpe': 1.0367225617302245, 'I_gpi': 1.7142005044226243, 'noise_stn_sigma': 3.0802442131709302, 'noise_gpe_sigma': 86.0335309832216, 'noise_gpi_sigma': 94.92947440082396, 'g_stn_gpe_mult': 3.523322049135672, 'g_gpe_stn_mult': 0.16353892429681904, 'g_stn_gpi_mult': 3.9080305316767947, 'g_gpe_gpi_mult': 0.9298024864767069}. Best is trial 615 with value: 0.14739028446966826.
[I 2026-05-28 01:51:41,392] Trial 744 finished with value: 0.32557566027140417 and parameters: {'ISTN': 65.49344630576032, 'I_gpe': 1.2124176083250835, 'I_gpi': 1.789872259852217, 'noise_stn_sigma': 2.8185514106124714, 'noise_gpe_sigma': 82.32308943954544, 'noise_gpi_sigma': 78.77839061291299, 'g_stn_gpe_mult': 3.1843954967875776, 'g_gpe_stn_mult': 0.19139795237282958, 'g_stn_gpi_mult': 3.8453175179684713, 'g_gpe_gpi_mult': 0.8346086243133979}. Best is trial 615 with value: 0.14739028446966826.
[I 2026-05-28 01:51:42,401] Trial 745 finished with value: 0.1972317777149955 and parameters: {'ISTN': 63.99097346581819, 'I_gpe': 1.32577496421477, 'I_gpi': 1.8334813655920843, 'noise_stn_sigma': 3.1814048883766812, 'noise_gpe_sigma': 71.72871870578152, 'noise_gpi_sigma': 86.27856271586282, 'g_stn_gpe_mult': 3.152906734457292, 'g_gpe_stn_mult': 0.16698737262474594, 'g_stn_gpi_mult': 3.9162217659967062, 'g_gpe_gpi_mult': 0.8607716009229056}. Best is trial 615 with value: 0.14739028446966826.
[I 2026-05-28 01:51:43,412] Trial 746 finished with value: 0.1916190076171003 and parameters: {'ISTN': 63.03927852711226, 'I_gpe': 1.2315544761396449, 'I_gpi': 1.7596637401117916, 'noise_stn_sigma': 2.9057064505834607, 'noise_gpe_sigma': 77.15762904774799, 'noise_gpi_sigma': 91.81866897679805, 'g_stn_gpe_mult': 3.2767075219555366, 'g_gpe_stn_mult': 0.1905142231412853, 'g_stn_gpi_mult': 3.8786294745301317, 'g_gpe_gpi_mult': 0.901945189806125}. Best is trial 615 with value: 0.14739028446966826.
[I 2026-05-28 01:51:44,424] Trial 747 finished with value: 0.15252684265969532 and parameters: {'ISTN': 60.76638942062124, 'I_gpe': 1.187181648806217, 'I_gpi': 1.7973504186952167, 'noise_stn_sigma': 2.728167453453597, 'noise_gpe_sigma': 77.54372137780447, 'noise_gpi_sigma': 84.87803997347638, 'g_stn_gpe_mult': 3.241740646478009, 'g_gpe_stn_mult': 0.17652936222665025, 'g_stn_gpi_mult': 3.911649857731596, 'g_gpe_gpi_mult': 0.8726659764524731}. Best is trial 615 with value: 0.14739028446966826.
