[I 2026-05-28 01:33:18,484] Trial 660 finished with value: 0.1435075530426525 and parameters: {'ISTN': 60.622613567685, 'I_gpe': 1.2813685244232298, 'I_gpi': 2.0795903862262315, 'noise_stn_sigma': 2.441670726671025, 'noise_gpe_sigma': 96.04251231781562, 'noise_gpi_sigma': 87.66313376285471, 'g_stn_gpe_mult': 2.3799446944866767, 'g_gpe_stn_mult': 0.16834238105637328, 'g_stn_gpi_mult': 1.9297589309382006, 'g_gpe_gpi_mult': 0.777972864966787}. Best is trial 627 with value: 0.13198094924998152.
[I 2026-05-28 01:33:19,489] Trial 661 finished with value: 0.13634834189315273 and parameters: {'ISTN': 60.597424083480334, 'I_gpe': 1.309798161775104, 'I_gpi': 2.067635469239341, 'noise_stn_sigma': 2.0970215499934612, 'noise_gpe_sigma': 96.03248193208127, 'noise_gpi_sigma': 88.87030146293444, 'g_stn_gpe_mult': 2.3414959896634047, 'g_gpe_stn_mult': 0.1664342669681364, 'g_stn_gpi_mult': 1.9788592084048995, 'g_gpe_gpi_mult': 0.8014899372663076}. Best is trial 627 with value: 0.13198094924998152.
[I 2026-05-28 01:33:20,493] Trial 662 finished with value: 0.1492453074172494 and parameters: {'ISTN': 61.18507888425755, 'I_gpe': 1.1858167856646042, 'I_gpi': 2.098921778583072, 'noise_stn_sigma': 2.3059920989433307, 'noise_gpe_sigma': 91.1376946645672, 'noise_gpi_sigma': 86.3405211574022, 'g_stn_gpe_mult': 2.398474612381033, 'g_gpe_stn_mult': 0.16817830055309207, 'g_stn_gpi_mult': 1.9280243512620716, 'g_gpe_gpi_mult': 0.7739307499104906}. Best is trial 627 with value: 0.13198094924998152.
[I 2026-05-28 01:33:21,499] Trial 663 finished with value: 0.15050114188381553 and parameters: {'ISTN': 60.99598180371588, 'I_gpe': 1.3403873879375428, 'I_gpi': 2.0164701109911967, 'noise_stn_sigma': 2.4566431846517967, 'noise_gpe_sigma': 94.84439194986653, 'noise_gpi_sigma': 88.90866991737917, 'g_stn_gpe_mult': 2.57444815608725, 'g_gpe_stn_mult': 0.17141376016026505, 'g_stn_gpi_mult': 1.9529963725954396, 'g_gpe_gpi_mult': 0.7747554652761217}. Best is trial 627 with value: 0.13198094924998152.
[I 2026-05-28 01:33:22,503] Trial 664 finished with value: 0.13725220357779577 and parameters: {'ISTN': 60.293028057938166, 'I_gpe': 1.250657572002472, 'I_gpi': 2.0316261581363015, 'noise_stn_sigma': 2.190976061572675, 'noise_gpe_sigma': 95.59317425736316, 'noise_gpi_sigma': 83.02518987147603, 'g_stn_gpe_mult': 2.447619746628292, 'g_gpe_stn_mult': 0.1763452995699438, 'g_stn_gpi_mult': 1.9163127125024286, 'g_gpe_gpi_mult': 0.7695707934897307}. Best is trial 627 with value: 0.13198094924998152.
[I 2026-05-28 01:33:23,508] Trial 665 finished with value: 0.16368996114119733 and parameters: {'ISTN': 61.3570564689516, 'I_gpe': 1.2761248597095833, 'I_gpi': 2.210650735520483, 'noise_stn_sigma': 2.487145141169293, 'noise_gpe_sigma': 92.79633672935502, 'noise_gpi_sigma': 86.90346164596818, 'g_stn_gpe_mult': 2.6245577730378233, 'g_gpe_stn_mult': 0.1711331276124174, 'g_stn_gpi_mult': 1.9920373430628984, 'g_gpe_gpi_mult': 0.7692978769007712}. Best is trial 627 with value: 0.13198094924998152.
[I 2026-05-28 01:33:24,512] Trial 666 finished with value: 0.1345622170823825 and parameters: {'ISTN': 60.718998192590696, 'I_gpe': 1.223582584432044, 'I_gpi': 2.0685872416188937, 'noise_stn_sigma': 2.195707419382214, 'noise_gpe_sigma': 96.9479921950399, 'noise_gpi_sigma': 84.477516419319, 'g_stn_gpe_mult': 2.508407729464559, 'g_gpe_stn_mult': 0.16190982198465562, 'g_stn_gpi_mult': 1.971803441745912, 'g_gpe_gpi_mult': 0.8013905403802002}. Best is trial 627 with value: 0.13198094924998152.
[I 2026-05-28 01:33:25,515] Trial 667 finished with value: 0.15657088395578925 and parameters: {'ISTN': 61.14041070585145, 'I_gpe': 1.314664288582727, 'I_gpi': 2.099143101418111, 'noise_stn_sigma': 2.376301499044373, 'noise_gpe_sigma': 94.71897878889779, 'noise_gpi_sigma': 88.44913852203454, 'g_stn_gpe_mult': 2.5217527931819355, 'g_gpe_stn_mult': 0.17654456875715818, 'g_stn_gpi_mult': 1.934625229667056, 'g_gpe_gpi_mult': 0.7826750217217853}. Best is trial 627 with value: 0.13198094924998152.
[I 2026-05-28 01:33:26,519] Trial 668 finished with value: 0.13558137925703126 and parameters: {'ISTN': 60.51540723922897, 'I_gpe': 1.3023412038748892, 'I_gpi': 2.1075963155096114, 'noise_stn_sigma': 2.3957056192894015, 'noise_gpe_sigma': 97.12916890340463, 'noise_gpi_sigma': 83.96008796063275, 'g_stn_gpe_mult': 2.5074182960765024, 'g_gpe_stn_mult': 0.17249637964222836, 'g_stn_gpi_mult': 2.0045910461871044, 'g_gpe_gpi_mult': 0.7938483310937055}. Best is trial 627 with value: 0.13198094924998152.
[I 2026-05-28 01:33:27,525] Trial 669 finished with value: 0.14717059206894229 and parameters: {'ISTN': 60.7011484869977, 'I_gpe': 1.2656928613121339, 'I_gpi': 2.0133409296790648, 'noise_stn_sigma': 2.2271313834132886, 'noise_gpe_sigma': 95.31781996480171, 'noise_gpi_sigma': 89.65210196563757, 'g_stn_gpe_mult': 2.22395867560427, 'g_gpe_stn_mult': 0.17169380759732317, 'g_stn_gpi_mult': 1.9279883847813888, 'g_gpe_gpi_mult': 0.787435295445023}. Best is trial 627 with value: 0.13198094924998152.
[I 2026-05-28 01:33:28,530] Trial 670 finished with value: 0.16085242775035907 and parameters: {'ISTN': 61.43470238757979, 'I_gpe': 1.255215475664158, 'I_gpi': 2.0271680292525174, 'noise_stn_sigma': 2.4023664452298106, 'noise_gpe_sigma': 96.55042311645636, 'noise_gpi_sigma': 85.83471815262372, 'g_stn_gpe_mult': 2.396541417290033, 'g_gpe_stn_mult': 0.17129344198570112, 'g_stn_gpi_mult': 1.9067159916499323, 'g_gpe_gpi_mult': 0.7819885187448772}. Best is trial 627 with value: 0.13198094924998152.
[I 2026-05-28 01:33:29,533] Trial 671 finished with value: 0.14484644768151342 and parameters: {'ISTN': 60.74425318968315, 'I_gpe': 1.164812787425768, 'I_gpi': 2.096079555564641, 'noise_stn_sigma': 2.585282278708619, 'noise_gpe_sigma': 93.15935408739034, 'noise_gpi_sigma': 84.05438298607866, 'g_stn_gpe_mult': 2.508167206915099, 'g_gpe_stn_mult': 0.16546569923695104, 'g_stn_gpi_mult': 2.0073316737454405, 'g_gpe_gpi_mult': 0.7756257799635229}. Best is trial 627 with value: 0.13198094924998152.
[I 2026-05-28 01:33:30,538] Trial 672 finished with value: 0.7552564747804067 and parameters: {'ISTN': 60.18131954994034, 'I_gpe': 1.2813972307288113, 'I_gpi': 2.01693166406229, 'noise_stn_sigma': 2.201628418623555, 'noise_gpe_sigma': 96.32557911339941, 'noise_gpi_sigma': 82.6349722693399, 'g_stn_gpe_mult': 2.5206323450846755, 'g_gpe_stn_mult': 0.16247504023615045, 'g_stn_gpi_mult': 1.9499202179369952, 'g_gpe_gpi_mult': 0.7915655768442933}. Best is trial 627 with value: 0.13198094924998152.
[I 2026-05-28 01:33:31,544] Trial 673 finished with value: 0.15522727213847665 and parameters: {'ISTN': 61.177138670842766, 'I_gpe': 1.1859052392038207, 'I_gpi': 1.9853551000057976, 'noise_stn_sigma': 2.460979333560884, 'noise_gpe_sigma': 95.04194720711398, 'noise_gpi_sigma': 88.11343487141272, 'g_stn_gpe_mult': 2.6286692104053073, 'g_gpe_stn_mult': 0.14576826633669765, 'g_stn_gpi_mult': 1.922849243200482, 'g_gpe_gpi_mult': 0.775270432494356}. Best is trial 627 with value: 0.13198094924998152.
[I 2026-05-28 01:33:32,550] Trial 674 finished with value: 0.18661782400352994 and parameters: {'ISTN': 60.31996739933909, 'I_gpe': 1.3410579675581908, 'I_gpi': 2.0634816395751274, 'noise_stn_sigma': 2.3339769618595403, 'noise_gpe_sigma': 95.02596454133356, 'noise_gpi_sigma': 83.94300640958994, 'g_stn_gpe_mult': 2.4607739503420696, 'g_gpe_stn_mult': 0.151786760287191, 'g_stn_gpi_mult': 2.038014925617983, 'g_gpe_gpi_mult': 0.791288779996326}. Best is trial 627 with value: 0.13198094924998152.
[I 2026-05-28 01:33:33,553] Trial 675 finished with value: 0.13761125647841585 and parameters: {'ISTN': 60.804226709687825, 'I_gpe': 1.276312201673596, 'I_gpi': 2.121032313253058, 'noise_stn_sigma': 2.088423853596644, 'noise_gpe_sigma': 97.348084049153, 'noise_gpi_sigma': 84.49336557262089, 'g_stn_gpe_mult': 2.5180718790291374, 'g_gpe_stn_mult': 0.16419317144417475, 'g_stn_gpi_mult': 1.9309554161949665, 'g_gpe_gpi_mult': 0.8265897559677602}. Best is trial 627 with value: 0.13198094924998152.
[I 2026-05-28 01:33:34,558] Trial 676 finished with value: 0.15358359377855826 and parameters: {'ISTN': 61.29507875218083, 'I_gpe': 1.1976488285810265, 'I_gpi': 1.9774779993025695, 'noise_stn_sigma': 2.2800154452075834, 'noise_gpe_sigma': 96.330066247176, 'noise_gpi_sigma': 78.39067898462284, 'g_stn_gpe_mult': 2.46319917052314, 'g_gpe_stn_mult': 0.16893672619104216, 'g_stn_gpi_mult': 2.1064143656538414, 'g_gpe_gpi_mult': 0.8064005098782323}. Best is trial 627 with value: 0.13198094924998152.
[I 2026-05-28 01:33:35,562] Trial 677 finished with value: 0.19412582638223216 and parameters: {'ISTN': 60.25294753583312, 'I_gpe': 1.3623344855758286, 'I_gpi': 2.0472173146600996, 'noise_stn_sigma': 2.420300861143164, 'noise_gpe_sigma': 98.38174649487111, 'noise_gpi_sigma': 80.355549487261, 'g_stn_gpe_mult': 2.5660167286759377, 'g_gpe_stn_mult': 0.1676491058519381, 'g_stn_gpi_mult': 2.0986090760337777, 'g_gpe_gpi_mult': 0.8324764428260407}. Best is trial 627 with value: 0.13198094924998152.
[I 2026-05-28 01:33:36,567] Trial 678 finished with value: 0.22402468181923238 and parameters: {'ISTN': 60.355262407895985, 'I_gpe': 1.3478353665080636, 'I_gpi': 2.0119106400761195, 'noise_stn_sigma': 2.180459083486017, 'noise_gpe_sigma': 95.92092040779457, 'noise_gpi_sigma': 85.03792733849743, 'g_stn_gpe_mult': 2.5842290134541583, 'g_gpe_stn_mult': 0.16316296691967302, 'g_stn_gpi_mult': 1.9344420823085933, 'g_gpe_gpi_mult': 0.8234222999831673}. Best is trial 627 with value: 0.13198094924998152.
[I 2026-05-28 01:33:37,575] Trial 679 finished with value: 0.14902054702459622 and parameters: {'ISTN': 60.67207953971274, 'I_gpe': 1.210875459507586, 'I_gpi': 2.0457839966757225, 'noise_stn_sigma': 2.400784403711523, 'noise_gpe_sigma': 98.2375624543828, 'noise_gpi_sigma': 83.33654377964501, 'g_stn_gpe_mult': 2.5756914991108903, 'g_gpe_stn_mult': 0.183339298906871, 'g_stn_gpi_mult': 2.041260447885247, 'g_gpe_gpi_mult': 0.7855749799306044}. Best is trial 627 with value: 0.13198094924998152.
[I 2026-05-28 01:33:38,579] Trial 680 finished with value: 0.15139455610847036 and parameters: {'ISTN': 61.866809146371565, 'I_gpe': 1.1989475287145015, 'I_gpi': 2.0218425850013917, 'noise_stn_sigma': 2.4078633469594575, 'noise_gpe_sigma': 96.55536268704739, 'noise_gpi_sigma': 82.41245067983155, 'g_stn_gpe_mult': 2.5430341281226694, 'g_gpe_stn_mult': 0.1589823758493732, 'g_stn_gpi_mult': 2.060789975866488, 'g_gpe_gpi_mult': 0.8032329450247941}. Best is trial 627 with value: 0.13198094924998152.
[I 2026-05-28 01:33:39,583] Trial 681 finished with value: 0.18162214498793064 and parameters: {'ISTN': 62.76307542780128, 'I_gpe': 1.2497178904834252, 'I_gpi': 2.1183897382724215, 'noise_stn_sigma': 2.7261529756899696, 'noise_gpe_sigma': 93.89217735615657, 'noise_gpi_sigma': 84.91558170413542, 'g_stn_gpe_mult': 2.4652894928238065, 'g_gpe_stn_mult': 0.15812949672250526, 'g_stn_gpi_mult': 1.8898043402916005, 'g_gpe_gpi_mult': 0.8052223407373038}. Best is trial 627 with value: 0.13198094924998152.
[I 2026-05-28 01:33:40,586] Trial 682 finished with value: 0.14262792742893518 and parameters: {'ISTN': 60.43478136187041, 'I_gpe': 1.2089029828986813, 'I_gpi': 2.0805114460691843, 'noise_stn_sigma': 2.1693958627876495, 'noise_gpe_sigma': 93.76327694711034, 'noise_gpi_sigma': 81.55738235303133, 'g_stn_gpe_mult': 2.5617042790678717, 'g_gpe_stn_mult': 0.17790834934929378, 'g_stn_gpi_mult': 1.9074800125364595, 'g_gpe_gpi_mult': 0.7899703767859196}. Best is trial 627 with value: 0.13198094924998152.
[I 2026-05-28 01:33:41,591] Trial 683 finished with value: 0.15841591068838062 and parameters: {'ISTN': 61.164017223805665, 'I_gpe': 1.133658923562622, 'I_gpi': 1.9865266027823076, 'noise_stn_sigma': 2.2176379793300685, 'noise_gpe_sigma': 97.34030004020512, 'noise_gpi_sigma': 79.73946289788398, 'g_stn_gpe_mult': 2.546413107196275, 'g_gpe_stn_mult': 0.17731214460097589, 'g_stn_gpi_mult': 2.1198840598048356, 'g_gpe_gpi_mult': 0.8145584871542082}. Best is trial 627 with value: 0.13198094924998152.
[I 2026-05-28 01:33:42,596] Trial 684 finished with value: 0.15673714507695097 and parameters: {'ISTN': 61.75374815877046, 'I_gpe': 1.2461542299622326, 'I_gpi': 2.1252840385687986, 'noise_stn_sigma': 2.3166345561544603, 'noise_gpe_sigma': 98.67725341881705, 'noise_gpi_sigma': 86.36356073102505, 'g_stn_gpe_mult': 2.658672023912958, 'g_gpe_stn_mult': 0.1680166743976135, 'g_stn_gpi_mult': 1.9995516971469545, 'g_gpe_gpi_mult': 0.8197806688083573}. Best is trial 627 with value: 0.13198094924998152.
[I 2026-05-28 01:33:43,602] Trial 685 finished with value: 0.13901447209459017 and parameters: {'ISTN': 60.45569279340639, 'I_gpe': 1.3039106312387294, 'I_gpi': 2.095590860567687, 'noise_stn_sigma': 2.361229769359884, 'noise_gpe_sigma': 94.01924958573669, 'noise_gpi_sigma': 83.63742885896565, 'g_stn_gpe_mult': 2.416589951427456, 'g_gpe_stn_mult': 0.1713773008175673, 'g_stn_gpi_mult': 1.9653457331791615, 'g_gpe_gpi_mult': 0.7883644302683448}. Best is trial 627 with value: 0.13198094924998152.
[I 2026-05-28 01:33:44,608] Trial 686 finished with value: 0.1339084622343359 and parameters: {'ISTN': 60.52191308956207, 'I_gpe': 1.2054518588723955, 'I_gpi': 2.0880017697222897, 'noise_stn_sigma': 2.3888589874658304, 'noise_gpe_sigma': 97.38172542298526, 'noise_gpi_sigma': 85.25372770524886, 'g_stn_gpe_mult': 2.627509852105207, 'g_gpe_stn_mult': 0.16644094045724483, 'g_stn_gpi_mult': 2.0179299711061427, 'g_gpe_gpi_mult': 0.7992865089308421}. Best is trial 627 with value: 0.13198094924998152.
[I 2026-05-28 01:33:45,613] Trial 687 finished with value: 0.1460867763864689 and parameters: {'ISTN': 60.60712100799051, 'I_gpe': 1.067326894884796, 'I_gpi': 2.077861485647256, 'noise_stn_sigma': 2.389311528708551, 'noise_gpe_sigma': 97.39611287762168, 'noise_gpi_sigma': 82.69844198209188, 'g_stn_gpe_mult': 2.7006966006658195, 'g_gpe_stn_mult': 0.1746914961632665, 'g_stn_gpi_mult': 2.0734619823262785, 'g_gpe_gpi_mult': 0.7836176752998301}. Best is trial 627 with value: 0.13198094924998152.
[I 2026-05-28 01:33:46,615] Trial 688 finished with value: 0.13568149123568768 and parameters: {'ISTN': 60.65997477091195, 'I_gpe': 1.1683538984615804, 'I_gpi': 2.083395879908483, 'noise_stn_sigma': 2.193124219328066, 'noise_gpe_sigma': 99.94253677798092, 'noise_gpi_sigma': 84.6842736404223, 'g_stn_gpe_mult': 2.561547751844044, 'g_gpe_stn_mult': 0.16732039698593293, 'g_stn_gpi_mult': 2.11673528476755, 'g_gpe_gpi_mult': 0.8060835496842016}. Best is trial 627 with value: 0.13198094924998152.
[I 2026-05-28 01:33:47,620] Trial 689 finished with value: 0.1420280389316245 and parameters: {'ISTN': 60.18934391321574, 'I_gpe': 1.3527250103487403, 'I_gpi': 2.078500473201057, 'noise_stn_sigma': 2.4730745350251575, 'noise_gpe_sigma': 96.77836403073033, 'noise_gpi_sigma': 80.16990837799605, 'g_stn_gpe_mult': 2.6242572954244903, 'g_gpe_stn_mult': 0.15913940395634985, 'g_stn_gpi_mult': 2.0202169145466184, 'g_gpe_gpi_mult': 0.8465711353708092}. Best is trial 627 with value: 0.13198094924998152.
[I 2026-05-28 01:33:48,625] Trial 690 finished with value: 0.15215045989026008 and parameters: {'ISTN': 61.34831864428134, 'I_gpe': 1.2516637322867676, 'I_gpi': 2.0453096020258057, 'noise_stn_sigma': 2.2786991318115115, 'noise_gpe_sigma': 94.42757965297538, 'noise_gpi_sigma': 84.00404798535328, 'g_stn_gpe_mult': 2.698405446101028, 'g_gpe_stn_mult': 0.16602383049969352, 'g_stn_gpi_mult': 1.913251260203185, 'g_gpe_gpi_mult': 0.8161448148424153}. Best is trial 627 with value: 0.13198094924998152.
[I 2026-05-28 01:33:49,631] Trial 691 finished with value: 0.14393701022458455 and parameters: {'ISTN': 60.69776661789282, 'I_gpe': 1.1872398498664247, 'I_gpi': 2.0903883722915424, 'noise_stn_sigma': 2.2347020653485217, 'noise_gpe_sigma': 100.13431549772702, 'noise_gpi_sigma': 82.3770245999823, 'g_stn_gpe_mult': 2.439843812650408, 'g_gpe_stn_mult': 0.17728581054107476, 'g_stn_gpi_mult': 2.0634764518492625, 'g_gpe_gpi_mult': 0.8169677549714223}. Best is trial 627 with value: 0.13198094924998152.
[I 2026-05-28 01:33:50,635] Trial 692 finished with value: 0.5588534477445576 and parameters: {'ISTN': 60.3195281051298, 'I_gpe': 1.2815511102424741, 'I_gpi': 2.1877437374122373, 'noise_stn_sigma': 2.1969717060634855, 'noise_gpe_sigma': 98.09328137209774, 'noise_gpi_sigma': 84.74211421643508, 'g_stn_gpe_mult': 2.3666339769353035, 'g_gpe_stn_mult': 0.1618396647309739, 'g_stn_gpi_mult': 1.9652966418863305, 'g_gpe_gpi_mult': 0.7746583084668008}. Best is trial 627 with value: 0.13198094924998152.
[I 2026-05-28 01:33:51,640] Trial 693 finished with value: 0.14536220033457264 and parameters: {'ISTN': 61.198133162527604, 'I_gpe': 1.148691671252906, 'I_gpi': 2.1186404367179987, 'noise_stn_sigma': 2.140289911670319, 'noise_gpe_sigma': 96.68464068641731, 'noise_gpi_sigma': 82.6191584978255, 'g_stn_gpe_mult': 2.5624999562463247, 'g_gpe_stn_mult': 0.16937490440579492, 'g_stn_gpi_mult': 1.969552457286773, 'g_gpe_gpi_mult': 0.8129665290805932}. Best is trial 627 with value: 0.13198094924998152.
[I 2026-05-28 01:33:52,643] Trial 694 finished with value: 0.14674584280170339 and parameters: {'ISTN': 60.442515076925666, 'I_gpe': 1.2265316077699524, 'I_gpi': 2.1071264881723657, 'noise_stn_sigma': 2.5004860889376, 'noise_gpe_sigma': 98.39831494097778, 'noise_gpi_sigma': 81.79679899716623, 'g_stn_gpe_mult': 2.6537601318905844, 'g_gpe_stn_mult': 0.16667153606211382, 'g_stn_gpi_mult': 2.1889456274331343, 'g_gpe_gpi_mult': 0.7924489791910685}. Best is trial 627 with value: 0.13198094924998152.
[I 2026-05-28 01:33:53,649] Trial 695 finished with value: 0.1516545363427102 and parameters: {'ISTN': 60.76543933374717, 'I_gpe': 1.1332630012427365, 'I_gpi': 1.9824340583492708, 'noise_stn_sigma': 2.223025261711177, 'noise_gpe_sigma': 94.60149561066748, 'noise_gpi_sigma': 84.27213292813917, 'g_stn_gpe_mult': 2.419335811182268, 'g_gpe_stn_mult': 0.16780351482905023, 'g_stn_gpi_mult': 2.033259664204016, 'g_gpe_gpi_mult': 0.8038818505209462}. Best is trial 627 with value: 0.13198094924998152.
[I 2026-05-28 01:33:54,655] Trial 696 finished with value: 0.1413750906959407 and parameters: {'ISTN': 60.309698234393984, 'I_gpe': 1.1317324237293334, 'I_gpi': 2.082733343469153, 'noise_stn_sigma': 2.5287428087145707, 'noise_gpe_sigma': 97.07043131014215, 'noise_gpi_sigma': 83.61772110401957, 'g_stn_gpe_mult': 2.6145943274242036, 'g_gpe_stn_mult': 0.17571537125036135, 'g_stn_gpi_mult': 2.0516006232922486, 'g_gpe_gpi_mult': 0.7786214490750885}. Best is trial 627 with value: 0.13198094924998152.
[I 2026-05-28 01:33:55,658] Trial 697 finished with value: 0.1974975230596761 and parameters: {'ISTN': 60.89211605412108, 'I_gpe': 1.2255781500722782, 'I_gpi': 2.1032096017697093, 'noise_stn_sigma': 2.3682616652100816, 'noise_gpe_sigma': 102.33363073911372, 'noise_gpi_sigma': 81.2916451654878, 'g_stn_gpe_mult': 2.6970018521020553, 'g_gpe_stn_mult': 0.15559487362370386, 'g_stn_gpi_mult': 2.1152239426079293, 'g_gpe_gpi_mult': 0.8186137671315026}. Best is trial 627 with value: 0.13198094924998152.
[I 2026-05-28 01:33:56,664] Trial 698 finished with value: 0.14801132446727125 and parameters: {'ISTN': 60.108464258111056, 'I_gpe': 1.164169506383458, 'I_gpi': 2.081683155903463, 'noise_stn_sigma': 2.3417964200052217, 'noise_gpe_sigma': 94.14014655947585, 'noise_gpi_sigma': 80.08511925981364, 'g_stn_gpe_mult': 2.4696544081077025, 'g_gpe_stn_mult': 0.15790008834217925, 'g_stn_gpi_mult': 2.041469743757205, 'g_gpe_gpi_mult': 0.7915103213891361}. Best is trial 627 with value: 0.13198094924998152.
[I 2026-05-28 01:33:57,668] Trial 699 finished with value: 0.22981247611548025 and parameters: {'ISTN': 61.23670988908108, 'I_gpe': 1.222331919372256, 'I_gpi': 2.1771267130958134, 'noise_stn_sigma': 2.7591699080564007, 'noise_gpe_sigma': 95.12235581275677, 'noise_gpi_sigma': 81.4379368703458, 'g_stn_gpe_mult': 2.5759824087499394, 'g_gpe_stn_mult': 0.17388053584066715, 'g_stn_gpi_mult': 2.118951846135269, 'g_gpe_gpi_mult': 0.7844154156297527}. Best is trial 627 with value: 0.13198094924998152.
[I 2026-05-28 01:33:58,673] Trial 700 finished with value: 0.13458411668202946 and parameters: {'ISTN': 61.182600697578714, 'I_gpe': 1.2152796202477472, 'I_gpi': 2.0857917912990187, 'noise_stn_sigma': 2.0623066086966046, 'noise_gpe_sigma': 100.01675589760448, 'noise_gpi_sigma': 87.84571112316361, 'g_stn_gpe_mult': 2.5825090242613786, 'g_gpe_stn_mult': 0.16209668252683168, 'g_stn_gpi_mult': 1.9806688399393955, 'g_gpe_gpi_mult': 0.818845584519093}. Best is trial 627 with value: 0.13198094924998152.
[I 2026-05-28 01:33:59,677] Trial 701 finished with value: 0.13590213317863636 and parameters: {'ISTN': 60.11068074101161, 'I_gpe': 1.3146322895581664, 'I_gpi': 2.079948003510098, 'noise_stn_sigma': 2.2496955571765276, 'noise_gpe_sigma': 96.73610702583291, 'noise_gpi_sigma': 87.85147678234239, 'g_stn_gpe_mult': 2.4984751166697237, 'g_gpe_stn_mult': 0.16520792990361494, 'g_stn_gpi_mult': 1.9870874991433782, 'g_gpe_gpi_mult': 0.8242155622111851}. Best is trial 627 with value: 0.13198094924998152.
[I 2026-05-28 01:34:00,681] Trial 702 finished with value: 0.14834642419484284 and parameters: {'ISTN': 61.03915914556791, 'I_gpe': 1.1718912319352373, 'I_gpi': 2.19303669033122, 'noise_stn_sigma': 2.1511240412293393, 'noise_gpe_sigma': 98.07292489223818, 'noise_gpi_sigma': 83.09779728717567, 'g_stn_gpe_mult': 2.5853289417986884, 'g_gpe_stn_mult': 0.17579383347190386, 'g_stn_gpi_mult': 1.9325517606883857, 'g_gpe_gpi_mult': 0.8166943858339315}. Best is trial 627 with value: 0.13198094924998152.
[I 2026-05-28 01:34:01,685] Trial 703 finished with value: 0.1493394866161331 and parameters: {'ISTN': 61.245836140792484, 'I_gpe': 1.0798402928805189, 'I_gpi': 2.1116507609726867, 'noise_stn_sigma': 2.169012352811947, 'noise_gpe_sigma': 99.44531423088407, 'noise_gpi_sigma': 86.18523474750171, 'g_stn_gpe_mult': 2.525818873265422, 'g_gpe_stn_mult': 0.15755898686536576, 'g_stn_gpi_mult': 2.012640426035391, 'g_gpe_gpi_mult': 0.794777900836805}. Best is trial 627 with value: 0.13198094924998152.
