[I 2026-05-28 01:59:08,132] Trial 176 finished with value: 31.122235254580136 and parameters: {'ISTN': 73.18887199146671, 'I_gpe': 0.9443576016532568, 'I_gpi': 3.021614845917834, 'noise_stn_sigma': 6.3282584788857505, 'noise_gpe_sigma': 104.26668660732021, 'noise_gpi_sigma': 93.08449956414243, 'g_stn_gpe_mult': 2.54449493814469, 'g_gpe_stn_mult': 0.20678345322416733, 'g_stn_gpi_mult': 2.969922361254168, 'g_gpe_gpi_mult': 0.9457706139258883}. Best is trial 98 with value: 0.5979484317983877.
[I 2026-05-28 01:59:09,138] Trial 177 finished with value: 8.12580330488267 and parameters: {'ISTN': 63.33361148094383, 'I_gpe': 0.675967699821488, 'I_gpi': 2.6703188017529276, 'noise_stn_sigma': 5.613303312360797, 'noise_gpe_sigma': 96.74229687009448, 'noise_gpi_sigma': 94.74959538740084, 'g_stn_gpe_mult': 2.44374417999196, 'g_gpe_stn_mult': 0.3060573077813893, 'g_stn_gpi_mult': 3.718027635705165, 'g_gpe_gpi_mult': 0.966293709015148}. Best is trial 98 with value: 0.5979484317983877.
[I 2026-05-28 01:59:10,144] Trial 178 finished with value: 36.945138995728094 and parameters: {'ISTN': 69.21858682247844, 'I_gpe': 1.3818179807118713, 'I_gpi': 2.3157674418133176, 'noise_stn_sigma': 6.951539173397543, 'noise_gpe_sigma': 111.90215116449846, 'noise_gpi_sigma': 103.38211547708117, 'g_stn_gpe_mult': 2.516690157483561, 'g_gpe_stn_mult': 0.28300811699183515, 'g_stn_gpi_mult': 3.481910493311979, 'g_gpe_gpi_mult': 1.013236544660218}. Best is trial 98 with value: 0.5979484317983877.
[I 2026-05-28 01:59:11,153] Trial 179 finished with value: 36.34976532617045 and parameters: {'ISTN': 71.1815773056576, 'I_gpe': 1.3130476946147165, 'I_gpi': 2.9517658757112395, 'noise_stn_sigma': 5.931950181393469, 'noise_gpe_sigma': 108.97805118931922, 'noise_gpi_sigma': 97.85522510279633, 'g_stn_gpe_mult': 2.3815657155639984, 'g_gpe_stn_mult': 0.245153376258961, 'g_stn_gpi_mult': 3.4853251698430254, 'g_gpe_gpi_mult': 0.9622435927615041}. Best is trial 98 with value: 0.5979484317983877.
[I 2026-05-28 01:59:12,160] Trial 180 finished with value: 27.232430302727657 and parameters: {'ISTN': 62.14318754201571, 'I_gpe': 0.7981087707756551, 'I_gpi': 2.999106023015892, 'noise_stn_sigma': 7.00884775394146, 'noise_gpe_sigma': 122.14996552017648, 'noise_gpi_sigma': 101.08431357697802, 'g_stn_gpe_mult': 2.772825376822393, 'g_gpe_stn_mult': 0.22275763630216802, 'g_stn_gpi_mult': 2.983694267827626, 'g_gpe_gpi_mult': 0.9584624103212651}. Best is trial 98 with value: 0.5979484317983877.
[I 2026-05-28 01:59:13,170] Trial 181 finished with value: 33.45491300077828 and parameters: {'ISTN': 68.62381314178698, 'I_gpe': 0.5497012692828438, 'I_gpi': 3.136877802225655, 'noise_stn_sigma': 6.436327126117785, 'noise_gpe_sigma': 117.90743262078048, 'noise_gpi_sigma': 59.372703338321735, 'g_stn_gpe_mult': 2.2129819443338827, 'g_gpe_stn_mult': 0.2618531756186775, 'g_stn_gpi_mult': 3.418220368204739, 'g_gpe_gpi_mult': 1.0939731566563264}. Best is trial 98 with value: 0.5979484317983877.
[I 2026-05-28 01:59:14,178] Trial 182 finished with value: 8.048538191307005 and parameters: {'ISTN': 73.90961357691518, 'I_gpe': 0.7812644906388017, 'I_gpi': 2.983409919929491, 'noise_stn_sigma': 5.518558431191459, 'noise_gpe_sigma': 111.40848002979322, 'noise_gpi_sigma': 87.03833409754418, 'g_stn_gpe_mult': 2.5055656371802346, 'g_gpe_stn_mult': 0.2451074728919429, 'g_stn_gpi_mult': 3.3568883537110095, 'g_gpe_gpi_mult': 0.9628765931276067}. Best is trial 98 with value: 0.5979484317983877.
[I 2026-05-28 01:59:15,186] Trial 183 finished with value: 8.961773089899163 and parameters: {'ISTN': 63.51103603691509, 'I_gpe': 0.6847543719885594, 'I_gpi': 2.793976438876957, 'noise_stn_sigma': 6.1532807076979, 'noise_gpe_sigma': 101.70184000242517, 'noise_gpi_sigma': 86.56554976801404, 'g_stn_gpe_mult': 2.4500299107518893, 'g_gpe_stn_mult': 0.2598036421991917, 'g_stn_gpi_mult': 3.5200962531921745, 'g_gpe_gpi_mult': 0.9553902843227022}. Best is trial 98 with value: 0.5979484317983877.
[I 2026-05-28 01:59:16,194] Trial 184 finished with value: 27.29391592845735 and parameters: {'ISTN': 63.679781877247834, 'I_gpe': 0.7857754622433394, 'I_gpi': 3.1808149347377843, 'noise_stn_sigma': 5.822315130062964, 'noise_gpe_sigma': 82.8514427403199, 'noise_gpi_sigma': 62.83115753615363, 'g_stn_gpe_mult': 2.5717741348571193, 'g_gpe_stn_mult': 0.3565564790515938, 'g_stn_gpi_mult': 3.480633887325997, 'g_gpe_gpi_mult': 0.8100770435216571}. Best is trial 98 with value: 0.5979484317983877.
[I 2026-05-28 01:59:17,200] Trial 185 finished with value: 15.607912305653574 and parameters: {'ISTN': 62.27092193234601, 'I_gpe': 1.2599559375895981, 'I_gpi': 2.7598414486290075, 'noise_stn_sigma': 6.278187381169161, 'noise_gpe_sigma': 95.49745468402774, 'noise_gpi_sigma': 80.37928915478204, 'g_stn_gpe_mult': 2.503317600217464, 'g_gpe_stn_mult': 0.19674333950173256, 'g_stn_gpi_mult': 3.372182838805026, 'g_gpe_gpi_mult': 1.0563269540135185}. Best is trial 98 with value: 0.5979484317983877.
[I 2026-05-28 01:59:18,208] Trial 186 finished with value: 20.459111591002213 and parameters: {'ISTN': 60.4073304900197, 'I_gpe': 1.1704798195535016, 'I_gpi': 2.870767291273481, 'noise_stn_sigma': 5.802754598319762, 'noise_gpe_sigma': 99.52669021672189, 'noise_gpi_sigma': 81.78657010392001, 'g_stn_gpe_mult': 2.3248434731963266, 'g_gpe_stn_mult': 0.148950457492813, 'g_stn_gpi_mult': 3.424592177460723, 'g_gpe_gpi_mult': 1.09883578735318}. Best is trial 98 with value: 0.5979484317983877.
[I 2026-05-28 01:59:19,215] Trial 187 finished with value: 10.850626858336565 and parameters: {'ISTN': 67.74848778901051, 'I_gpe': 0.7633602503090015, 'I_gpi': 2.751727038884535, 'noise_stn_sigma': 5.078544264359897, 'noise_gpe_sigma': 116.77758455049153, 'noise_gpi_sigma': 78.53798586669346, 'g_stn_gpe_mult': 2.376592923621018, 'g_gpe_stn_mult': 0.2079299798620895, 'g_stn_gpi_mult': 2.9998844054810405, 'g_gpe_gpi_mult': 0.9975076427153997}. Best is trial 98 with value: 0.5979484317983877.
[I 2026-05-28 01:59:20,220] Trial 188 finished with value: 33.59470313204918 and parameters: {'ISTN': 83.24598964422702, 'I_gpe': 1.0475046515039457, 'I_gpi': 2.9443612973736863, 'noise_stn_sigma': 6.080606878921702, 'noise_gpe_sigma': 130.4798873539856, 'noise_gpi_sigma': 91.03277298986372, 'g_stn_gpe_mult': 2.302145980821444, 'g_gpe_stn_mult': 0.17602827899092577, 'g_stn_gpi_mult': 3.008971352568954, 'g_gpe_gpi_mult': 0.8601556939429873}. Best is trial 98 with value: 0.5979484317983877.
[I 2026-05-28 01:59:21,227] Trial 189 finished with value: 25.36704691111101 and parameters: {'ISTN': 77.84412582996994, 'I_gpe': 0.6079709323355107, 'I_gpi': 2.696257919084518, 'noise_stn_sigma': 5.784787267881377, 'noise_gpe_sigma': 110.67784007051556, 'noise_gpi_sigma': 83.15712864982734, 'g_stn_gpe_mult': 2.1719401694022, 'g_gpe_stn_mult': 0.12025061840003866, 'g_stn_gpi_mult': 3.5160078606568477, 'g_gpe_gpi_mult': 1.1042473885969506}. Best is trial 98 with value: 0.5979484317983877.
[I 2026-05-28 01:59:22,234] Trial 190 finished with value: 26.420825057796858 and parameters: {'ISTN': 66.1136063627972, 'I_gpe': 0.9050052585158224, 'I_gpi': 2.9535966256189434, 'noise_stn_sigma': 6.526930700817135, 'noise_gpe_sigma': 111.97682119885427, 'noise_gpi_sigma': 87.8876724349483, 'g_stn_gpe_mult': 2.3391608462468554, 'g_gpe_stn_mult': 0.2177877592413085, 'g_stn_gpi_mult': 3.7715897131846563, 'g_gpe_gpi_mult': 0.9417521289218829}. Best is trial 98 with value: 0.5979484317983877.
[I 2026-05-28 01:59:23,242] Trial 191 finished with value: 25.652504548305608 and parameters: {'ISTN': 68.30160886952588, 'I_gpe': 0.9022698824620147, 'I_gpi': 2.9902100346183462, 'noise_stn_sigma': 5.858210373925667, 'noise_gpe_sigma': 113.18503366701576, 'noise_gpi_sigma': 96.58299400955144, 'g_stn_gpe_mult': 2.117215656376589, 'g_gpe_stn_mult': 0.1752123786441115, 'g_stn_gpi_mult': 3.880769699268332, 'g_gpe_gpi_mult': 1.0003073186542102}. Best is trial 98 with value: 0.5979484317983877.
[I 2026-05-28 01:59:24,249] Trial 192 finished with value: 21.26714377045557 and parameters: {'ISTN': 75.29085230441498, 'I_gpe': 1.3592161691893905, 'I_gpi': 3.117019760804913, 'noise_stn_sigma': 6.396155853875207, 'noise_gpe_sigma': 124.57888444802407, 'noise_gpi_sigma': 81.7956229236116, 'g_stn_gpe_mult': 2.603932488898865, 'g_gpe_stn_mult': 0.36696838394923315, 'g_stn_gpi_mult': 3.0595768733882074, 'g_gpe_gpi_mult': 1.0399424782057498}. Best is trial 98 with value: 0.5979484317983877.
[I 2026-05-28 01:59:25,254] Trial 193 finished with value: 19.693655209561395 and parameters: {'ISTN': 67.20512810349986, 'I_gpe': 0.5662134824187337, 'I_gpi': 2.659327790530978, 'noise_stn_sigma': 5.91824825225348, 'noise_gpe_sigma': 110.74144831499689, 'noise_gpi_sigma': 84.71538293455728, 'g_stn_gpe_mult': 2.6365902204406577, 'g_gpe_stn_mult': 0.2192769902508605, 'g_stn_gpi_mult': 3.3856440587308105, 'g_gpe_gpi_mult': 0.9293212924699428}. Best is trial 98 with value: 0.5979484317983877.
[I 2026-05-28 01:59:26,259] Trial 194 finished with value: 27.314900253682268 and parameters: {'ISTN': 60.24215496708941, 'I_gpe': 0.9873437136330272, 'I_gpi': 3.523148218218558, 'noise_stn_sigma': 5.252950574164278, 'noise_gpe_sigma': 109.8344569592941, 'noise_gpi_sigma': 87.30082804387916, 'g_stn_gpe_mult': 1.8678983240961518, 'g_gpe_stn_mult': 0.3344693227678195, 'g_stn_gpi_mult': 3.073271638585012, 'g_gpe_gpi_mult': 1.0689730846390402}. Best is trial 98 with value: 0.5979484317983877.
[I 2026-05-28 01:59:27,267] Trial 195 finished with value: 27.691808700023294 and parameters: {'ISTN': 62.506806015406035, 'I_gpe': 0.8816997094699368, 'I_gpi': 3.383145816059018, 'noise_stn_sigma': 6.993670752263281, 'noise_gpe_sigma': 106.54221192838853, 'noise_gpi_sigma': 79.35376484718176, 'g_stn_gpe_mult': 2.6179129882658456, 'g_gpe_stn_mult': 0.20205309698898313, 'g_stn_gpi_mult': 3.363910682717896, 'g_gpe_gpi_mult': 0.9322053448840224}. Best is trial 98 with value: 0.5979484317983877.
[I 2026-05-28 01:59:28,273] Trial 196 finished with value: 42.75623693480739 and parameters: {'ISTN': 72.37159305615418, 'I_gpe': 1.0019031080714003, 'I_gpi': 3.0805192341057204, 'noise_stn_sigma': 6.4426072201289255, 'noise_gpe_sigma': 101.07161622520873, 'noise_gpi_sigma': 102.31406302959275, 'g_stn_gpe_mult': 2.6277074831343983, 'g_gpe_stn_mult': 0.22779393219221564, 'g_stn_gpi_mult': 3.292792953362046, 'g_gpe_gpi_mult': 1.0420029694257027}. Best is trial 98 with value: 0.5979484317983877.
[I 2026-05-28 01:59:29,279] Trial 197 finished with value: 25.59934739939547 and parameters: {'ISTN': 80.96698589640422, 'I_gpe': 0.8011283766812778, 'I_gpi': 2.670791671476505, 'noise_stn_sigma': 6.817558912946527, 'noise_gpe_sigma': 112.40860484106078, 'noise_gpi_sigma': 90.8390615187431, 'g_stn_gpe_mult': 2.0486526183805447, 'g_gpe_stn_mult': 0.22815183100139272, 'g_stn_gpi_mult': 3.0197319443330928, 'g_gpe_gpi_mult': 0.7915934356555054}. Best is trial 98 with value: 0.5979484317983877.
[I 2026-05-28 01:59:30,286] Trial 198 finished with value: 10.256819156490387 and parameters: {'ISTN': 77.14195575869417, 'I_gpe': 0.7851558089093007, 'I_gpi': 3.2824894493209595, 'noise_stn_sigma': 6.076209601533247, 'noise_gpe_sigma': 105.32297895078297, 'noise_gpi_sigma': 81.5192161254885, 'g_stn_gpe_mult': 2.044515927873326, 'g_gpe_stn_mult': 0.2403021578192327, 'g_stn_gpi_mult': 3.1119728289701056, 'g_gpe_gpi_mult': 0.9738393475465228}. Best is trial 98 with value: 0.5979484317983877.
[I 2026-05-28 01:59:31,292] Trial 199 finished with value: 1.8422001858838655 and parameters: {'ISTN': 68.09260240908148, 'I_gpe': 0.7371196815954099, 'I_gpi': 2.6904831174758277, 'noise_stn_sigma': 6.468723426045999, 'noise_gpe_sigma': 112.18634974395218, 'noise_gpi_sigma': 78.94379921865982, 'g_stn_gpe_mult': 2.981810659839417, 'g_gpe_stn_mult': 0.1955526117105428, 'g_stn_gpi_mult': 2.8280032251163885, 'g_gpe_gpi_mult': 1.0127603580684588}. Best is trial 98 with value: 0.5979484317983877.
[I 2026-05-28 01:59:32,298] Trial 200 finished with value: 43.56340788907066 and parameters: {'ISTN': 74.78520186197456, 'I_gpe': 1.0546606601437718, 'I_gpi': 2.787948037406829, 'noise_stn_sigma': 5.024078805484449, 'noise_gpe_sigma': 106.605548436907, 'noise_gpi_sigma': 68.72835784056826, 'g_stn_gpe_mult': 2.1809201065217425, 'g_gpe_stn_mult': 0.1841520058394083, 'g_stn_gpi_mult': 3.008988841547712, 'g_gpe_gpi_mult': 1.020617344055535}. Best is trial 98 with value: 0.5979484317983877.
[I 2026-05-28 01:59:33,304] Trial 201 finished with value: 23.511591214737216 and parameters: {'ISTN': 65.89835619493498, 'I_gpe': 0.6133272788892353, 'I_gpi': 2.411610046567462, 'noise_stn_sigma': 6.700241741747641, 'noise_gpe_sigma': 111.79749932160709, 'noise_gpi_sigma': 73.96510437505758, 'g_stn_gpe_mult': 2.5730081961131157, 'g_gpe_stn_mult': 0.11199500345725179, 'g_stn_gpi_mult': 2.889817175597792, 'g_gpe_gpi_mult': 0.9225317127413448}. Best is trial 98 with value: 0.5979484317983877.
[I 2026-05-28 01:59:34,312] Trial 202 finished with value: 17.57793730136411 and parameters: {'ISTN': 63.42787812619514, 'I_gpe': 0.6384866018164925, 'I_gpi': 2.94385749956515, 'noise_stn_sigma': 6.528849313240498, 'noise_gpe_sigma': 107.47870749459281, 'noise_gpi_sigma': 80.68403289881172, 'g_stn_gpe_mult': 2.593894419144436, 'g_gpe_stn_mult': 0.20141464804960882, 'g_stn_gpi_mult': 2.971329782153937, 'g_gpe_gpi_mult': 1.0725571581339424}. Best is trial 98 with value: 0.5979484317983877.
[I 2026-05-28 01:59:35,317] Trial 203 finished with value: 30.25033072969174 and parameters: {'ISTN': 73.72773267230738, 'I_gpe': 1.0906446296960937, 'I_gpi': 2.5920729113852925, 'noise_stn_sigma': 6.937936046580586, 'noise_gpe_sigma': 109.110905658616, 'noise_gpi_sigma': 80.89704464860877, 'g_stn_gpe_mult': 2.487889402321805, 'g_gpe_stn_mult': 0.32190062199269964, 'g_stn_gpi_mult': 2.9462653012042646, 'g_gpe_gpi_mult': 0.9535482951331653}. Best is trial 98 with value: 0.5979484317983877.
[I 2026-05-28 01:59:36,323] Trial 204 finished with value: 2.043527838568842 and parameters: {'ISTN': 74.8764229247875, 'I_gpe': 0.6418745888838631, 'I_gpi': 2.829751406658948, 'noise_stn_sigma': 5.9063191104340556, 'noise_gpe_sigma': 91.27899664166436, 'noise_gpi_sigma': 93.1653002720743, 'g_stn_gpe_mult': 2.8440165064980114, 'g_gpe_stn_mult': 0.23596696916114424, 'g_stn_gpi_mult': 2.764553363302409, 'g_gpe_gpi_mult': 0.9397991645591832}. Best is trial 98 with value: 0.5979484317983877.
[I 2026-05-28 01:59:37,330] Trial 205 finished with value: 17.65908657949817 and parameters: {'ISTN': 75.36659306096097, 'I_gpe': 0.539697487581591, 'I_gpi': 2.6887024708813216, 'noise_stn_sigma': 7.111661723396973, 'noise_gpe_sigma': 103.9294803101676, 'noise_gpi_sigma': 81.85400844235716, 'g_stn_gpe_mult': 2.4841132313996637, 'g_gpe_stn_mult': 0.2284556487275032, 'g_stn_gpi_mult': 3.356564617327908, 'g_gpe_gpi_mult': 0.9779060554902721}. Best is trial 98 with value: 0.5979484317983877.
[I 2026-05-28 01:59:38,336] Trial 206 finished with value: 31.60750013445979 and parameters: {'ISTN': 75.7439644572958, 'I_gpe': 1.2685075651135373, 'I_gpi': 3.3884422175019644, 'noise_stn_sigma': 6.342499441049164, 'noise_gpe_sigma': 111.5532919896524, 'noise_gpi_sigma': 73.13453310130849, 'g_stn_gpe_mult': 2.9545070731748924, 'g_gpe_stn_mult': 0.29179996751068615, 'g_stn_gpi_mult': 2.5141005271404895, 'g_gpe_gpi_mult': 0.9240316819229157}. Best is trial 98 with value: 0.5979484317983877.
[I 2026-05-28 01:59:39,343] Trial 207 finished with value: 19.437609347132526 and parameters: {'ISTN': 69.66022281362801, 'I_gpe': 0.6014032576112134, 'I_gpi': 3.1825989611732135, 'noise_stn_sigma': 6.092468028398195, 'noise_gpe_sigma': 107.87826534067558, 'noise_gpi_sigma': 78.63091403337225, 'g_stn_gpe_mult': 2.4327520787300534, 'g_gpe_stn_mult': 0.13837732621937637, 'g_stn_gpi_mult': 2.8865629641870982, 'g_gpe_gpi_mult': 1.0875359577002623}. Best is trial 98 with value: 0.5979484317983877.
[I 2026-05-28 01:59:40,348] Trial 208 finished with value: 2.4954684078977323 and parameters: {'ISTN': 70.65671100111548, 'I_gpe': 0.7384401749253571, 'I_gpi': 2.813710062486922, 'noise_stn_sigma': 6.081073160666889, 'noise_gpe_sigma': 104.99440428928483, 'noise_gpi_sigma': 69.08671806201679, 'g_stn_gpe_mult': 2.5921631375819185, 'g_gpe_stn_mult': 0.31801891622542044, 'g_stn_gpi_mult': 2.9766848921187266, 'g_gpe_gpi_mult': 1.0245588419260727}. Best is trial 98 with value: 0.5979484317983877.
[I 2026-05-28 01:59:41,357] Trial 209 finished with value: 32.13985200328091 and parameters: {'ISTN': 76.46947622701676, 'I_gpe': 0.7056421430677214, 'I_gpi': 2.8343759639195243, 'noise_stn_sigma': 6.387297916037983, 'noise_gpe_sigma': 135.0121098780926, 'noise_gpi_sigma': 76.54597631726492, 'g_stn_gpe_mult': 3.200520436699536, 'g_gpe_stn_mult': 0.2630471031059956, 'g_stn_gpi_mult': 3.2484178519728406, 'g_gpe_gpi_mult': 1.0298660157637636}. Best is trial 98 with value: 0.5979484317983877.
[I 2026-05-28 01:59:42,363] Trial 210 finished with value: 33.34792507622548 and parameters: {'ISTN': 73.13061356491104, 'I_gpe': 0.5484390908466713, 'I_gpi': 3.0741927016661097, 'noise_stn_sigma': 6.015899814160082, 'noise_gpe_sigma': 100.65052933651738, 'noise_gpi_sigma': 63.49811790381166, 'g_stn_gpe_mult': 2.483688480339947, 'g_gpe_stn_mult': 0.22814854380597244, 'g_stn_gpi_mult': 3.5023807806583895, 'g_gpe_gpi_mult': 1.0547853695625837}. Best is trial 98 with value: 0.5979484317983877.
[I 2026-05-28 01:59:43,370] Trial 211 finished with value: 35.21622735461292 and parameters: {'ISTN': 80.56496227554996, 'I_gpe': 1.078555317329788, 'I_gpi': 3.0900698996150564, 'noise_stn_sigma': 6.1703795592072606, 'noise_gpe_sigma': 101.274266771766, 'noise_gpi_sigma': 71.85802622401019, 'g_stn_gpe_mult': 2.833784277930877, 'g_gpe_stn_mult': 0.23525078221850665, 'g_stn_gpi_mult': 2.9086625296343573, 'g_gpe_gpi_mult': 0.9221945767439057}. Best is trial 98 with value: 0.5979484317983877.
[I 2026-05-28 01:59:44,378] Trial 212 finished with value: 13.539942484072927 and parameters: {'ISTN': 72.55167160504091, 'I_gpe': 0.742862713316948, 'I_gpi': 3.353672613761518, 'noise_stn_sigma': 5.9110346171215165, 'noise_gpe_sigma': 96.39539635345561, 'noise_gpi_sigma': 70.25491377632557, 'g_stn_gpe_mult': 2.2869210741919312, 'g_gpe_stn_mult': 0.31065178007251193, 'g_stn_gpi_mult': 3.0869548409424734, 'g_gpe_gpi_mult': 0.9508794463764878}. Best is trial 98 with value: 0.5979484317983877.
[I 2026-05-28 01:59:45,385] Trial 213 finished with value: 28.08841444731994 and parameters: {'ISTN': 74.22306016847635, 'I_gpe': 0.8115790194109966, 'I_gpi': 3.430804702476883, 'noise_stn_sigma': 5.872619723743912, 'noise_gpe_sigma': 93.92263437912443, 'noise_gpi_sigma': 72.50783798390742, 'g_stn_gpe_mult': 2.8673491430919626, 'g_gpe_stn_mult': 0.32812757888241806, 'g_stn_gpi_mult': 3.41496493444303, 'g_gpe_gpi_mult': 1.0005003296207573}. Best is trial 98 with value: 0.5979484317983877.
[I 2026-05-28 01:59:46,392] Trial 214 finished with value: 39.57239384399763 and parameters: {'ISTN': 81.2134304038472, 'I_gpe': 1.0788443251219118, 'I_gpi': 3.466219934015734, 'noise_stn_sigma': 6.761704620132759, 'noise_gpe_sigma': 82.44197705637009, 'noise_gpi_sigma': 62.46655778322714, 'g_stn_gpe_mult': 2.3084988682317835, 'g_gpe_stn_mult': 0.24027363232195323, 'g_stn_gpi_mult': 3.369853013761773, 'g_gpe_gpi_mult': 1.0643019148263806}. Best is trial 98 with value: 0.5979484317983877.
[I 2026-05-28 01:59:47,400] Trial 215 finished with value: 35.97914963243312 and parameters: {'ISTN': 70.44835058214937, 'I_gpe': 0.906559782788396, 'I_gpi': 2.970041520321672, 'noise_stn_sigma': 5.615220449212993, 'noise_gpe_sigma': 110.1347790211495, 'noise_gpi_sigma': 97.6601723852229, 'g_stn_gpe_mult': 2.679577910854568, 'g_gpe_stn_mult': 0.24432760397720532, 'g_stn_gpi_mult': 2.7508596652127584, 'g_gpe_gpi_mult': 0.8917519870510393}. Best is trial 98 with value: 0.5979484317983877.
[I 2026-05-28 01:59:48,410] Trial 216 finished with value: 35.17802211154526 and parameters: {'ISTN': 78.77647198558552, 'I_gpe': 1.0366183638243203, 'I_gpi': 2.6193445707812284, 'noise_stn_sigma': 6.1904563595648066, 'noise_gpe_sigma': 109.21901317358378, 'noise_gpi_sigma': 87.97440261117649, 'g_stn_gpe_mult': 2.7846805562247585, 'g_gpe_stn_mult': 0.23356862879958049, 'g_stn_gpi_mult': 2.7401247517641285, 'g_gpe_gpi_mult': 1.0292033091228106}. Best is trial 98 with value: 0.5979484317983877.
[I 2026-05-28 01:59:49,415] Trial 217 finished with value: 36.26555963459695 and parameters: {'ISTN': 78.64666092442627, 'I_gpe': 1.0421455892668583, 'I_gpi': 2.659250974357816, 'noise_stn_sigma': 6.576776399938886, 'noise_gpe_sigma': 110.04901042787637, 'noise_gpi_sigma': 60.16485377047459, 'g_stn_gpe_mult': 2.9043803505145886, 'g_gpe_stn_mult': 0.32611086385006083, 'g_stn_gpi_mult': 2.7690881581547924, 'g_gpe_gpi_mult': 0.9314698315046714}. Best is trial 98 with value: 0.5979484317983877.
[I 2026-05-28 01:59:50,421] Trial 218 finished with value: 0.8693454214962213 and parameters: {'ISTN': 64.13701371820851, 'I_gpe': 0.7676541592794548, 'I_gpi': 2.9692930492317995, 'noise_stn_sigma': 6.875501553259043, 'noise_gpe_sigma': 81.54975348369035, 'noise_gpi_sigma': 81.82006814899148, 'g_stn_gpe_mult': 2.8193303444904485, 'g_gpe_stn_mult': 0.2587352803324856, 'g_stn_gpi_mult': 2.7376542835198086, 'g_gpe_gpi_mult': 0.9296391567804951}. Best is trial 98 with value: 0.5979484317983877.
[I 2026-05-28 01:59:51,429] Trial 219 finished with value: 17.551427131458357 and parameters: {'ISTN': 72.30273915098657, 'I_gpe': 0.8996730847518211, 'I_gpi': 2.4884487749000908, 'noise_stn_sigma': 5.894005666790918, 'noise_gpe_sigma': 108.50623349752931, 'noise_gpi_sigma': 89.2501448112724, 'g_stn_gpe_mult': 2.700061609568109, 'g_gpe_stn_mult': 0.33190833552930915, 'g_stn_gpi_mult': 3.1890622613120607, 'g_gpe_gpi_mult': 1.0367967474595765}. Best is trial 98 with value: 0.5979484317983877.
