[I 2026-05-28 01:59:52,436] Trial 220 finished with value: 2.5543692273555543 and parameters: {'ISTN': 68.01661566935401, 'I_gpe': 0.8898243196287077, 'I_gpi': 2.6799336308416324, 'noise_stn_sigma': 6.55501633159863, 'noise_gpe_sigma': 85.17185416822217, 'noise_gpi_sigma': 93.30627072921155, 'g_stn_gpe_mult': 2.3331032789407145, 'g_gpe_stn_mult': 0.21932061765591968, 'g_stn_gpi_mult': 3.1751359606197718, 'g_gpe_gpi_mult': 0.9353901457499263}. Best is trial 98 with value: 0.5979484317983877.
[I 2026-05-28 01:59:53,445] Trial 221 finished with value: 35.57871429826436 and parameters: {'ISTN': 67.72090436848521, 'I_gpe': 1.0349972410362938, 'I_gpi': 2.731412676233281, 'noise_stn_sigma': 6.937978380214835, 'noise_gpe_sigma': 77.78290806128797, 'noise_gpi_sigma': 80.73114586272129, 'g_stn_gpe_mult': 2.457870400224668, 'g_gpe_stn_mult': 0.2604596709436697, 'g_stn_gpi_mult': 2.9739860312373105, 'g_gpe_gpi_mult': 0.7892971833895657}. Best is trial 98 with value: 0.5979484317983877.
[I 2026-05-28 01:59:54,454] Trial 222 finished with value: 15.022376970919444 and parameters: {'ISTN': 68.38690003915406, 'I_gpe': 0.5473724141913244, 'I_gpi': 2.845864671674289, 'noise_stn_sigma': 7.081873025721495, 'noise_gpe_sigma': 83.10152537740382, 'noise_gpi_sigma': 87.76174606936988, 'g_stn_gpe_mult': 2.590753961808394, 'g_gpe_stn_mult': 0.3161130826020969, 'g_stn_gpi_mult': 3.3141215159990165, 'g_gpe_gpi_mult': 0.8702615193707288}. Best is trial 98 with value: 0.5979484317983877.
[I 2026-05-28 01:59:55,460] Trial 223 finished with value: 3.305949255432091 and parameters: {'ISTN': 71.72429386674693, 'I_gpe': 0.9790321733398888, 'I_gpi': 3.3706448490641034, 'noise_stn_sigma': 6.446946235955658, 'noise_gpe_sigma': 89.62082305192808, 'noise_gpi_sigma': 79.00827726134771, 'g_stn_gpe_mult': 1.797599174839388, 'g_gpe_stn_mult': 0.28975079523051317, 'g_stn_gpi_mult': 3.26212570704372, 'g_gpe_gpi_mult': 0.982205920902737}. Best is trial 98 with value: 0.5979484317983877.
[I 2026-05-28 01:59:56,469] Trial 224 finished with value: 18.63581666108265 and parameters: {'ISTN': 72.59460548326244, 'I_gpe': 0.5169779390306971, 'I_gpi': 3.105769840776364, 'noise_stn_sigma': 6.753716917196074, 'noise_gpe_sigma': 83.54394794554375, 'noise_gpi_sigma': 79.75793923384416, 'g_stn_gpe_mult': 2.791551783911551, 'g_gpe_stn_mult': 0.24843634465202083, 'g_stn_gpi_mult': 3.376098006184036, 'g_gpe_gpi_mult': 1.0663530836254627}. Best is trial 98 with value: 0.5979484317983877.
[I 2026-05-28 01:59:57,475] Trial 225 finished with value: 36.00190789086317 and parameters: {'ISTN': 68.37336331717874, 'I_gpe': 1.1025286034429873, 'I_gpi': 3.2903548156683704, 'noise_stn_sigma': 6.478392545867485, 'noise_gpe_sigma': 80.70431036577477, 'noise_gpi_sigma': 94.2579116260834, 'g_stn_gpe_mult': 2.383213264550288, 'g_gpe_stn_mult': 0.3391001814679203, 'g_stn_gpi_mult': 2.7536505564582447, 'g_gpe_gpi_mult': 1.04430275808528}. Best is trial 98 with value: 0.5979484317983877.
[I 2026-05-28 01:59:58,482] Trial 226 finished with value: 5.407376221677899 and parameters: {'ISTN': 62.24141571083547, 'I_gpe': 0.8828524300904237, 'I_gpi': 3.0429936243118068, 'noise_stn_sigma': 6.384202343072453, 'noise_gpe_sigma': 91.1543005820246, 'noise_gpi_sigma': 75.09355049825263, 'g_stn_gpe_mult': 2.6507833716020794, 'g_gpe_stn_mult': 0.28645005954986846, 'g_stn_gpi_mult': 3.143522691608606, 'g_gpe_gpi_mult': 0.8663321616194533}. Best is trial 98 with value: 0.5979484317983877.
[I 2026-05-28 01:59:59,488] Trial 227 finished with value: 23.97405123619732 and parameters: {'ISTN': 75.38295078786236, 'I_gpe': 0.6718476453590453, 'I_gpi': 3.15227256575081, 'noise_stn_sigma': 6.860120982765863, 'noise_gpe_sigma': 101.770934538085, 'noise_gpi_sigma': 80.76837311567047, 'g_stn_gpe_mult': 2.074401090507015, 'g_gpe_stn_mult': 0.33702693540843, 'g_stn_gpi_mult': 2.741966104011226, 'g_gpe_gpi_mult': 0.9697733762850425}. Best is trial 98 with value: 0.5979484317983877.
[I 2026-05-28 02:00:00,493] Trial 228 finished with value: 28.643079665275877 and parameters: {'ISTN': 64.29635886188728, 'I_gpe': 1.0429891055364697, 'I_gpi': 3.128216889050897, 'noise_stn_sigma': 5.603121461859343, 'noise_gpe_sigma': 83.90649053082763, 'noise_gpi_sigma': 101.17122725418082, 'g_stn_gpe_mult': 2.6445494726807635, 'g_gpe_stn_mult': 0.315142770120024, 'g_stn_gpi_mult': 2.8495446984727133, 'g_gpe_gpi_mult': 0.8989659012504005}. Best is trial 98 with value: 0.5979484317983877.
[I 2026-05-28 02:00:01,501] Trial 229 finished with value: 16.81906244843493 and parameters: {'ISTN': 64.75295894946656, 'I_gpe': 0.696351352978083, 'I_gpi': 2.8703194739555262, 'noise_stn_sigma': 5.953532869530006, 'noise_gpe_sigma': 104.96546503117476, 'noise_gpi_sigma': 94.382103772867, 'g_stn_gpe_mult': 2.9898220175523083, 'g_gpe_stn_mult': 0.2255677267407037, 'g_stn_gpi_mult': 2.936953786410143, 'g_gpe_gpi_mult': 0.9025120149592927}. Best is trial 98 with value: 0.5979484317983877.
[I 2026-05-28 02:00:02,509] Trial 230 finished with value: 37.63526220616878 and parameters: {'ISTN': 71.98100019963229, 'I_gpe': 0.8808134196916622, 'I_gpi': 3.3677572218825578, 'noise_stn_sigma': 5.94890929060519, 'noise_gpe_sigma': 78.18809275547538, 'noise_gpi_sigma': 75.50585605746531, 'g_stn_gpe_mult': 2.5082252558457094, 'g_gpe_stn_mult': 0.3797501593277951, 'g_stn_gpi_mult': 2.9288556372813277, 'g_gpe_gpi_mult': 1.0531843382575123}. Best is trial 98 with value: 0.5979484317983877.
[I 2026-05-28 02:00:03,516] Trial 231 finished with value: 11.353599363347335 and parameters: {'ISTN': 82.60799378779487, 'I_gpe': 0.8030838315485307, 'I_gpi': 3.342506953741271, 'noise_stn_sigma': 6.020427695711881, 'noise_gpe_sigma': 99.27099240908342, 'noise_gpi_sigma': 72.61964412360574, 'g_stn_gpe_mult': 1.8496518666725956, 'g_gpe_stn_mult': 0.30654436422734854, 'g_stn_gpi_mult': 3.473731302168656, 'g_gpe_gpi_mult': 0.9516438803332188}. Best is trial 98 with value: 0.5979484317983877.
[I 2026-05-28 02:00:04,522] Trial 232 finished with value: 19.43530007664641 and parameters: {'ISTN': 68.62529388995993, 'I_gpe': 0.5719253408535359, 'I_gpi': 2.9296074213847163, 'noise_stn_sigma': 6.309994612296998, 'noise_gpe_sigma': 91.52484639434955, 'noise_gpi_sigma': 67.17394884222422, 'g_stn_gpe_mult': 2.2205872263596964, 'g_gpe_stn_mult': 0.41378816913043437, 'g_stn_gpi_mult': 2.817960769931384, 'g_gpe_gpi_mult': 0.973147963581579}. Best is trial 98 with value: 0.5979484317983877.
[I 2026-05-28 02:00:05,529] Trial 233 finished with value: 28.002473417311425 and parameters: {'ISTN': 69.08998161714729, 'I_gpe': 0.5564982949270331, 'I_gpi': 2.9721803759661243, 'noise_stn_sigma': 6.448269478993646, 'noise_gpe_sigma': 106.25395599267873, 'noise_gpi_sigma': 81.9814531644239, 'g_stn_gpe_mult': 2.2943263611365037, 'g_gpe_stn_mult': 0.23358143220127478, 'g_stn_gpi_mult': 3.2307865371048665, 'g_gpe_gpi_mult': 1.006237942255484}. Best is trial 98 with value: 0.5979484317983877.
[I 2026-05-28 02:00:06,537] Trial 234 finished with value: 20.02163755146139 and parameters: {'ISTN': 65.31518802630741, 'I_gpe': 1.2914828652373926, 'I_gpi': 3.2438298304691138, 'noise_stn_sigma': 6.901265638032836, 'noise_gpe_sigma': 92.22151942347652, 'noise_gpi_sigma': 89.93040775929907, 'g_stn_gpe_mult': 2.2619513112555683, 'g_gpe_stn_mult': 0.2653432107373608, 'g_stn_gpi_mult': 3.342641040492605, 'g_gpe_gpi_mult': 0.8952847428382726}. Best is trial 98 with value: 0.5979484317983877.
[I 2026-05-28 02:00:07,546] Trial 235 finished with value: 30.648684421110424 and parameters: {'ISTN': 66.36518184147465, 'I_gpe': 0.5451162962882519, 'I_gpi': 3.513445166864148, 'noise_stn_sigma': 6.169716229083734, 'noise_gpe_sigma': 83.81900851671071, 'noise_gpi_sigma': 77.08071141176671, 'g_stn_gpe_mult': 2.131770384266978, 'g_gpe_stn_mult': 0.30071913098462005, 'g_stn_gpi_mult': 3.6674510337098716, 'g_gpe_gpi_mult': 0.9106356499713135}. Best is trial 98 with value: 0.5979484317983877.
[I 2026-05-28 02:00:08,553] Trial 236 finished with value: 13.675782518107123 and parameters: {'ISTN': 64.39798390258403, 'I_gpe': 0.9115292644273463, 'I_gpi': 2.8835873921451016, 'noise_stn_sigma': 5.9113051341365335, 'noise_gpe_sigma': 80.76867651429774, 'noise_gpi_sigma': 91.90687912309663, 'g_stn_gpe_mult': 2.119373682666114, 'g_gpe_stn_mult': 0.24390227652573607, 'g_stn_gpi_mult': 3.6451120372014136, 'g_gpe_gpi_mult': 0.8418185912155771}. Best is trial 98 with value: 0.5979484317983877.
[I 2026-05-28 02:00:09,560] Trial 237 finished with value: 20.965512175086143 and parameters: {'ISTN': 62.55915591891568, 'I_gpe': 0.9415662019022968, 'I_gpi': 3.0271455249447534, 'noise_stn_sigma': 7.1251104179584575, 'noise_gpe_sigma': 74.24146150530795, 'noise_gpi_sigma': 79.43791244577585, 'g_stn_gpe_mult': 2.6323592653831183, 'g_gpe_stn_mult': 0.29184440525026123, 'g_stn_gpi_mult': 3.1252900148318288, 'g_gpe_gpi_mult': 1.030853046755089}. Best is trial 98 with value: 0.5979484317983877.
[I 2026-05-28 02:00:10,570] Trial 238 finished with value: 13.061901627053357 and parameters: {'ISTN': 61.31231908370259, 'I_gpe': 0.9317880774677398, 'I_gpi': 2.8725976892460787, 'noise_stn_sigma': 6.356962775465284, 'noise_gpe_sigma': 78.4877001122808, 'noise_gpi_sigma': 88.52190641402272, 'g_stn_gpe_mult': 2.295646877483605, 'g_gpe_stn_mult': 0.31519668099662446, 'g_stn_gpi_mult': 3.4033377985922653, 'g_gpe_gpi_mult': 0.8338977251616675}. Best is trial 98 with value: 0.5979484317983877.
[I 2026-05-28 02:00:11,577] Trial 239 finished with value: 26.357817362387024 and parameters: {'ISTN': 69.12771315786304, 'I_gpe': 0.8912445056859666, 'I_gpi': 2.9554959327446806, 'noise_stn_sigma': 6.765793018265262, 'noise_gpe_sigma': 77.97656979108244, 'noise_gpi_sigma': 99.3474608029773, 'g_stn_gpe_mult': 2.0178316590847776, 'g_gpe_stn_mult': 0.2587304207532037, 'g_stn_gpi_mult': 3.510980290956232, 'g_gpe_gpi_mult': 0.7699041978020225}. Best is trial 98 with value: 0.5979484317983877.
[I 2026-05-28 02:00:12,585] Trial 240 finished with value: 12.467567674862204 and parameters: {'ISTN': 60.56307509600088, 'I_gpe': 0.77871663634969, 'I_gpi': 3.7988376261982113, 'noise_stn_sigma': 6.668525034058536, 'noise_gpe_sigma': 77.82721808553211, 'noise_gpi_sigma': 82.82290880210468, 'g_stn_gpe_mult': 2.497423908763521, 'g_gpe_stn_mult': 0.3127921580522017, 'g_stn_gpi_mult': 2.6528286250162756, 'g_gpe_gpi_mult': 0.8620565424602311}. Best is trial 98 with value: 0.5979484317983877.
[I 2026-05-28 02:00:13,595] Trial 241 finished with value: 27.60797501244362 and parameters: {'ISTN': 65.84953954486082, 'I_gpe': 0.5517516607938382, 'I_gpi': 3.3418371580812885, 'noise_stn_sigma': 5.960664270863164, 'noise_gpe_sigma': 89.63194396799261, 'noise_gpi_sigma': 98.29502147406927, 'g_stn_gpe_mult': 2.247356404716503, 'g_gpe_stn_mult': 0.18607686210518282, 'g_stn_gpi_mult': 3.444562318608518, 'g_gpe_gpi_mult': 0.8529997117554116}. Best is trial 98 with value: 0.5979484317983877.
[I 2026-05-28 02:00:14,602] Trial 242 finished with value: 26.58485569848135 and parameters: {'ISTN': 68.12847309640753, 'I_gpe': 0.5705772731442278, 'I_gpi': 3.5217811968037247, 'noise_stn_sigma': 5.906431295529871, 'noise_gpe_sigma': 82.72650409045106, 'noise_gpi_sigma': 83.00270643750312, 'g_stn_gpe_mult': 1.9762546965599141, 'g_gpe_stn_mult': 0.2834790721753373, 'g_stn_gpi_mult': 3.1632990404173205, 'g_gpe_gpi_mult': 0.8314531148755122}. Best is trial 98 with value: 0.5979484317983877.
[I 2026-05-28 02:00:15,611] Trial 243 finished with value: 37.819007443247486 and parameters: {'ISTN': 72.7946683023925, 'I_gpe': 0.5850945085685175, 'I_gpi': 3.2328619360198503, 'noise_stn_sigma': 5.687016788799205, 'noise_gpe_sigma': 84.19172604143417, 'noise_gpi_sigma': 93.95480952785502, 'g_stn_gpe_mult': 2.040733282876866, 'g_gpe_stn_mult': 0.2598309723517893, 'g_stn_gpi_mult': 3.1718254153297827, 'g_gpe_gpi_mult': 0.9452803209702694}. Best is trial 98 with value: 0.5979484317983877.
[I 2026-05-28 02:00:16,618] Trial 244 finished with value: 8.319899527921166 and parameters: {'ISTN': 76.23182681115891, 'I_gpe': 0.9174007122053895, 'I_gpi': 2.7913749858405934, 'noise_stn_sigma': 6.29299433809021, 'noise_gpe_sigma': 90.72631299327823, 'noise_gpi_sigma': 92.53582106356514, 'g_stn_gpe_mult': 2.6191899003528496, 'g_gpe_stn_mult': 0.22376847836239386, 'g_stn_gpi_mult': 2.7862467583563695, 'g_gpe_gpi_mult': 0.9194035997041528}. Best is trial 98 with value: 0.5979484317983877.
[I 2026-05-28 02:00:17,624] Trial 245 finished with value: 20.013772427963264 and parameters: {'ISTN': 75.8550836747629, 'I_gpe': 0.6838870412945257, 'I_gpi': 3.157926527200005, 'noise_stn_sigma': 5.347894372993141, 'noise_gpe_sigma': 83.54281114215547, 'noise_gpi_sigma': 98.20984762220027, 'g_stn_gpe_mult': 1.9759227817247558, 'g_gpe_stn_mult': 0.3424484820664125, 'g_stn_gpi_mult': 3.64313532999513, 'g_gpe_gpi_mult': 0.9338150476071516}. Best is trial 98 with value: 0.5979484317983877.
[I 2026-05-28 02:00:18,632] Trial 246 finished with value: 19.032844471116118 and parameters: {'ISTN': 69.9120512027002, 'I_gpe': 0.6704928725044244, 'I_gpi': 3.064403823115595, 'noise_stn_sigma': 5.841187504057164, 'noise_gpe_sigma': 91.29053581547429, 'noise_gpi_sigma': 73.83798474067524, 'g_stn_gpe_mult': 1.9609892112770557, 'g_gpe_stn_mult': 0.35521473930615277, 'g_stn_gpi_mult': 3.2172966287752454, 'g_gpe_gpi_mult': 0.8498677154971006}. Best is trial 98 with value: 0.5979484317983877.
[I 2026-05-28 02:00:19,636] Trial 247 finished with value: 13.548648502130918 and parameters: {'ISTN': 77.83280165088274, 'I_gpe': 0.6221593180767937, 'I_gpi': 3.780868497061233, 'noise_stn_sigma': 5.861711752081602, 'noise_gpe_sigma': 73.32911660614782, 'noise_gpi_sigma': 63.33844412810722, 'g_stn_gpe_mult': 1.7682409671524737, 'g_gpe_stn_mult': 0.40422605898812536, 'g_stn_gpi_mult': 3.401359202274128, 'g_gpe_gpi_mult': 0.9401881215381294}. Best is trial 98 with value: 0.5979484317983877.
[I 2026-05-28 02:00:20,641] Trial 248 finished with value: 17.772878230131063 and parameters: {'ISTN': 81.12934230362545, 'I_gpe': 0.6949606942776645, 'I_gpi': 3.34498775619785, 'noise_stn_sigma': 6.034746386559501, 'noise_gpe_sigma': 83.15950315046771, 'noise_gpi_sigma': 80.24569763886223, 'g_stn_gpe_mult': 2.285483916641167, 'g_gpe_stn_mult': 0.285160372284112, 'g_stn_gpi_mult': 3.6434106754489424, 'g_gpe_gpi_mult': 0.9712057150767985}. Best is trial 98 with value: 0.5979484317983877.
[I 2026-05-28 02:00:21,647] Trial 249 finished with value: 38.73601849194199 and parameters: {'ISTN': 67.41397608034009, 'I_gpe': 0.6019530600246811, 'I_gpi': 3.0772145460340683, 'noise_stn_sigma': 6.162740738377805, 'noise_gpe_sigma': 87.92491342964117, 'noise_gpi_sigma': 73.21261418396531, 'g_stn_gpe_mult': 2.533585894614959, 'g_gpe_stn_mult': 0.31362897080060304, 'g_stn_gpi_mult': 3.1619322407145054, 'g_gpe_gpi_mult': 0.9390729915847837}. Best is trial 98 with value: 0.5979484317983877.
[I 2026-05-28 02:00:22,655] Trial 250 finished with value: 10.126022592132088 and parameters: {'ISTN': 78.96744115302073, 'I_gpe': 0.5581840514283334, 'I_gpi': 3.2115270964078246, 'noise_stn_sigma': 6.8522615954988435, 'noise_gpe_sigma': 82.41569804953937, 'noise_gpi_sigma': 80.13172042181594, 'g_stn_gpe_mult': 2.2461332270200227, 'g_gpe_stn_mult': 0.3508710819871611, 'g_stn_gpi_mult': 3.319478234109573, 'g_gpe_gpi_mult': 0.8673619074135082}. Best is trial 98 with value: 0.5979484317983877.
[I 2026-05-28 02:00:23,664] Trial 251 finished with value: 14.714053373796586 and parameters: {'ISTN': 76.10898326353046, 'I_gpe': 0.5801958158002303, 'I_gpi': 3.4731858808519283, 'noise_stn_sigma': 6.0595956780682485, 'noise_gpe_sigma': 97.486111861651, 'noise_gpi_sigma': 83.62006609562114, 'g_stn_gpe_mult': 2.407916385605458, 'g_gpe_stn_mult': 0.2335748690543221, 'g_stn_gpi_mult': 2.813688356820649, 'g_gpe_gpi_mult': 0.9362061668091668}. Best is trial 98 with value: 0.5979484317983877.
[I 2026-05-28 02:00:24,671] Trial 252 finished with value: 30.64534634980079 and parameters: {'ISTN': 76.8817106335153, 'I_gpe': 0.5302391070997972, 'I_gpi': 2.789669949905825, 'noise_stn_sigma': 6.590928676564311, 'noise_gpe_sigma': 80.30167446033717, 'noise_gpi_sigma': 84.9549164625279, 'g_stn_gpe_mult': 2.1464437979409032, 'g_gpe_stn_mult': 0.22716388772032875, 'g_stn_gpi_mult': 3.5155185326392857, 'g_gpe_gpi_mult': 1.023867123000065}. Best is trial 98 with value: 0.5979484317983877.
[I 2026-05-28 02:00:25,679] Trial 253 finished with value: 1.6885695427914489 and parameters: {'ISTN': 70.48130017114829, 'I_gpe': 0.8829325214263366, 'I_gpi': 3.1638096777601863, 'noise_stn_sigma': 6.233314135693916, 'noise_gpe_sigma': 97.99882862745477, 'noise_gpi_sigma': 87.75462071385031, 'g_stn_gpe_mult': 2.5002248579186164, 'g_gpe_stn_mult': 0.2995161353206025, 'g_stn_gpi_mult': 2.7086581246930157, 'g_gpe_gpi_mult': 0.9213784495667678}. Best is trial 98 with value: 0.5979484317983877.
[I 2026-05-28 02:00:26,684] Trial 254 finished with value: 18.326126688522596 and parameters: {'ISTN': 61.55489604185882, 'I_gpe': 0.8850665199890887, 'I_gpi': 3.1322105367750317, 'noise_stn_sigma': 6.486248931812022, 'noise_gpe_sigma': 80.42688194878727, 'noise_gpi_sigma': 87.54199035246607, 'g_stn_gpe_mult': 2.6543674214517203, 'g_gpe_stn_mult': 0.28031282638120036, 'g_stn_gpi_mult': 3.0861265456357194, 'g_gpe_gpi_mult': 0.8166485310267044}. Best is trial 98 with value: 0.5979484317983877.
[I 2026-05-28 02:00:27,693] Trial 255 finished with value: 14.798712669041613 and parameters: {'ISTN': 73.1408694271139, 'I_gpe': 0.7819892092087639, 'I_gpi': 2.741110125111982, 'noise_stn_sigma': 6.825430183004332, 'noise_gpe_sigma': 87.53836186406573, 'noise_gpi_sigma': 97.41374019636528, 'g_stn_gpe_mult': 2.5659741623988284, 'g_gpe_stn_mult': 0.30416060739003997, 'g_stn_gpi_mult': 3.3541736115017304, 'g_gpe_gpi_mult': 0.8554172689966488}. Best is trial 98 with value: 0.5979484317983877.
[I 2026-05-28 02:00:28,641] Trial 256 finished with value: 1000000.0 and parameters: {'ISTN': 72.11998736474033, 'I_gpe': 0.7440761620091034, 'I_gpi': 3.5074400446024177, 'noise_stn_sigma': 5.693241815611032, 'noise_gpe_sigma': 82.7952366959218, 'noise_gpi_sigma': 66.92449982480439, 'g_stn_gpe_mult': 2.017311886145622, 'g_gpe_stn_mult': 0.34300123551988126, 'g_stn_gpi_mult': 2.8845744489672587, 'g_gpe_gpi_mult': 0.7865639324203557}. Best is trial 98 with value: 0.5979484317983877.
[I 2026-05-28 02:00:29,648] Trial 257 finished with value: 15.124825254410645 and parameters: {'ISTN': 65.29268925383127, 'I_gpe': 0.7449021916790624, 'I_gpi': 3.1802727105721202, 'noise_stn_sigma': 6.516480583657322, 'noise_gpe_sigma': 83.58621065673702, 'noise_gpi_sigma': 80.88166721364396, 'g_stn_gpe_mult': 2.2991933593193683, 'g_gpe_stn_mult': 0.3251150135454903, 'g_stn_gpi_mult': 3.5150620920961764, 'g_gpe_gpi_mult': 0.8979831345054705}. Best is trial 98 with value: 0.5979484317983877.
[I 2026-05-28 02:00:30,657] Trial 258 finished with value: 23.205744120615083 and parameters: {'ISTN': 85.68975539163011, 'I_gpe': 0.7735698374121025, 'I_gpi': 3.231189272534463, 'noise_stn_sigma': 6.343470444678006, 'noise_gpe_sigma': 78.52379774901942, 'noise_gpi_sigma': 81.19368474862885, 'g_stn_gpe_mult': 2.091627151483281, 'g_gpe_stn_mult': 0.32137831744256296, 'g_stn_gpi_mult': 3.4633125715148667, 'g_gpe_gpi_mult': 0.9517675757917801}. Best is trial 98 with value: 0.5979484317983877.
[I 2026-05-28 02:00:31,663] Trial 259 finished with value: 19.69792870984851 and parameters: {'ISTN': 82.17410550519301, 'I_gpe': 0.868244618173137, 'I_gpi': 2.968824868128765, 'noise_stn_sigma': 6.102690973468043, 'noise_gpe_sigma': 95.56245102797067, 'noise_gpi_sigma': 68.21054490616284, 'g_stn_gpe_mult': 2.116766224104459, 'g_gpe_stn_mult': 0.34945906407291516, 'g_stn_gpi_mult': 3.044118879969254, 'g_gpe_gpi_mult': 0.9533954928498682}. Best is trial 98 with value: 0.5979484317983877.
[I 2026-05-28 02:00:32,671] Trial 260 finished with value: 25.52552027631548 and parameters: {'ISTN': 96.07186660535338, 'I_gpe': 0.5808956122141344, 'I_gpi': 3.5048407512591826, 'noise_stn_sigma': 6.132304697216425, 'noise_gpe_sigma': 99.05956645956209, 'noise_gpi_sigma': 79.8651990490035, 'g_stn_gpe_mult': 2.333863718054319, 'g_gpe_stn_mult': 0.318103734156992, 'g_stn_gpi_mult': 2.721515432072262, 'g_gpe_gpi_mult': 0.8794998996589474}. Best is trial 98 with value: 0.5979484317983877.
[I 2026-05-28 02:00:33,679] Trial 261 finished with value: 16.3737292496956 and parameters: {'ISTN': 77.50956168586359, 'I_gpe': 0.8843520430816534, 'I_gpi': 3.1630588861836015, 'noise_stn_sigma': 6.404504241045055, 'noise_gpe_sigma': 87.6717052349808, 'noise_gpi_sigma': 96.33678208288622, 'g_stn_gpe_mult': 2.3361302421400363, 'g_gpe_stn_mult': 0.31927477298528273, 'g_stn_gpi_mult': 2.7201860498801675, 'g_gpe_gpi_mult': 0.9382053407214639}. Best is trial 98 with value: 0.5979484317983877.
[I 2026-05-28 02:00:34,687] Trial 262 finished with value: 15.855699307476101 and parameters: {'ISTN': 73.80413629795763, 'I_gpe': 0.883085218509436, 'I_gpi': 2.975288642509561, 'noise_stn_sigma': 6.276618793199014, 'noise_gpe_sigma': 88.40584084099966, 'noise_gpi_sigma': 90.0580392670395, 'g_stn_gpe_mult': 2.1878528151170293, 'g_gpe_stn_mult': 0.31410827669039365, 'g_stn_gpi_mult': 3.251591621422482, 'g_gpe_gpi_mult': 0.9338137334630967}. Best is trial 98 with value: 0.5979484317983877.
[I 2026-05-28 02:00:35,694] Trial 263 finished with value: 1.254508152934463 and parameters: {'ISTN': 70.92848008209442, 'I_gpe': 0.8871720417122153, 'I_gpi': 3.027070888547072, 'noise_stn_sigma': 6.725100107761305, 'noise_gpe_sigma': 85.26199818324041, 'noise_gpi_sigma': 101.26544311228348, 'g_stn_gpe_mult': 2.3591209638247377, 'g_gpe_stn_mult': 0.2785207304237237, 'g_stn_gpi_mult': 2.658182111803928, 'g_gpe_gpi_mult': 0.9182501346335514}. Best is trial 98 with value: 0.5979484317983877.
