[I 2026-05-28 01:28:53,267] Trial 396 finished with value: 0.1912763903712431 and parameters: {'ISTN': 60.19260122422989, 'I_gpe': 1.3445877265660213, 'I_gpi': 2.1989235178089617, 'noise_stn_sigma': 2.6864399022926477, 'noise_gpe_sigma': 76.58143153719558, 'noise_gpi_sigma': 100.67090310007318, 'g_stn_gpe_mult': 2.8647771186235347, 'g_gpe_stn_mult': 0.15589114640562562, 'g_stn_gpi_mult': 1.8769532685875787, 'g_gpe_gpi_mult': 0.731874445246663}. Best is trial 358 with value: 0.16225816100509646.
[I 2026-05-28 01:28:54,275] Trial 397 finished with value: 0.18818496251342043 and parameters: {'ISTN': 61.78423009322683, 'I_gpe': 1.3307698593812256, 'I_gpi': 1.962481647838115, 'noise_stn_sigma': 3.0299875760484407, 'noise_gpe_sigma': 81.9687907626284, 'noise_gpi_sigma': 98.36780473065005, 'g_stn_gpe_mult': 2.660405223264114, 'g_gpe_stn_mult': 0.1414078807656171, 'g_stn_gpi_mult': 1.6951197020289095, 'g_gpe_gpi_mult': 0.7524487304520591}. Best is trial 358 with value: 0.16225816100509646.
[I 2026-05-28 01:28:55,279] Trial 398 finished with value: 0.4083642653799509 and parameters: {'ISTN': 65.21086201663883, 'I_gpe': 1.2802779440816505, 'I_gpi': 2.291799448497967, 'noise_stn_sigma': 2.8892830364673325, 'noise_gpe_sigma': 76.97826408032122, 'noise_gpi_sigma': 109.77013258046529, 'g_stn_gpe_mult': 2.708018086798045, 'g_gpe_stn_mult': 0.18601919862655567, 'g_stn_gpi_mult': 1.9186232274473887, 'g_gpe_gpi_mult': 0.7491325034447534}. Best is trial 358 with value: 0.16225816100509646.
[I 2026-05-28 01:28:56,283] Trial 399 finished with value: 0.20888094617482442 and parameters: {'ISTN': 60.56040739315445, 'I_gpe': 1.5555773743958836, 'I_gpi': 1.884158762236611, 'noise_stn_sigma': 2.9442329834518164, 'noise_gpe_sigma': 79.28455319158864, 'noise_gpi_sigma': 96.9993159042817, 'g_stn_gpe_mult': 2.754959630795015, 'g_gpe_stn_mult': 0.13308764279078197, 'g_stn_gpi_mult': 1.8156654596145247, 'g_gpe_gpi_mult': 0.7788525607792061}. Best is trial 358 with value: 0.16225816100509646.
[I 2026-05-28 01:28:57,289] Trial 400 finished with value: 0.1802047064440881 and parameters: {'ISTN': 62.380179800585545, 'I_gpe': 1.3311448542362343, 'I_gpi': 2.2418883600851967, 'noise_stn_sigma': 2.585859981721284, 'noise_gpe_sigma': 88.86451433822765, 'noise_gpi_sigma': 108.23337606801049, 'g_stn_gpe_mult': 2.2542906394459092, 'g_gpe_stn_mult': 0.18692806995962247, 'g_stn_gpi_mult': 1.7722682207043745, 'g_gpe_gpi_mult': 0.7251688047647575}. Best is trial 358 with value: 0.16225816100509646.
[I 2026-05-28 01:28:58,295] Trial 401 finished with value: 0.16105663698995978 and parameters: {'ISTN': 60.46873153218182, 'I_gpe': 1.3744725826301973, 'I_gpi': 2.3530209919611487, 'noise_stn_sigma': 2.1566464062996897, 'noise_gpe_sigma': 88.55265082752288, 'noise_gpi_sigma': 112.12965561550782, 'g_stn_gpe_mult': 2.2032361870703308, 'g_gpe_stn_mult': 0.18324489480354914, 'g_stn_gpi_mult': 1.7822155714376966, 'g_gpe_gpi_mult': 0.7099007994242672}. Best is trial 401 with value: 0.16105663698995978.
[I 2026-05-28 01:28:59,302] Trial 402 finished with value: 6.156848897034195 and parameters: {'ISTN': 67.15714848980113, 'I_gpe': 1.1904639656312852, 'I_gpi': 2.015283986025373, 'noise_stn_sigma': 3.0732198113911067, 'noise_gpe_sigma': 86.99438386954947, 'noise_gpi_sigma': 99.0661952775972, 'g_stn_gpe_mult': 2.3527135882546935, 'g_gpe_stn_mult': 0.18842235502269444, 'g_stn_gpi_mult': 1.6482151491006216, 'g_gpe_gpi_mult': 0.7717074553188685}. Best is trial 401 with value: 0.16105663698995978.
[I 2026-05-28 01:29:00,309] Trial 403 finished with value: 0.22912435247596308 and parameters: {'ISTN': 63.39514694109427, 'I_gpe': 1.2411206944066935, 'I_gpi': 2.048183080052847, 'noise_stn_sigma': 2.605183015330467, 'noise_gpe_sigma': 87.29550147675317, 'noise_gpi_sigma': 106.7924704191233, 'g_stn_gpe_mult': 2.696530376249133, 'g_gpe_stn_mult': 0.20711914053543362, 'g_stn_gpi_mult': 1.8268630792380223, 'g_gpe_gpi_mult': 0.7770157019202648}. Best is trial 401 with value: 0.16105663698995978.
[I 2026-05-28 01:29:01,315] Trial 404 finished with value: 0.16442858276656694 and parameters: {'ISTN': 60.37546678193593, 'I_gpe': 1.2542941921161979, 'I_gpi': 2.4145681770360756, 'noise_stn_sigma': 3.0316895834920916, 'noise_gpe_sigma': 81.68575828638936, 'noise_gpi_sigma': 92.97141576796625, 'g_stn_gpe_mult': 2.5231713265593774, 'g_gpe_stn_mult': 0.16548000758141362, 'g_stn_gpi_mult': 1.8233422852156347, 'g_gpe_gpi_mult': 0.742715978634769}. Best is trial 401 with value: 0.16105663698995978.
[I 2026-05-28 01:29:02,320] Trial 405 finished with value: 1.545516533783855 and parameters: {'ISTN': 61.75264840406406, 'I_gpe': 1.2331561192135083, 'I_gpi': 2.130728082348017, 'noise_stn_sigma': 3.6953611756281646, 'noise_gpe_sigma': 86.39774544746598, 'noise_gpi_sigma': 97.66563127517556, 'g_stn_gpe_mult': 2.5819819112637705, 'g_gpe_stn_mult': 0.15565989957580564, 'g_stn_gpi_mult': 1.8738708034001916, 'g_gpe_gpi_mult': 0.7592487237922751}. Best is trial 401 with value: 0.16105663698995978.
[I 2026-05-28 01:29:03,326] Trial 406 finished with value: 4.962444905897661 and parameters: {'ISTN': 65.34690512827166, 'I_gpe': 1.3385699345818953, 'I_gpi': 2.5850176707808123, 'noise_stn_sigma': 3.474589521268384, 'noise_gpe_sigma': 86.49437291314392, 'noise_gpi_sigma': 97.54665353958205, 'g_stn_gpe_mult': 2.689103045987525, 'g_gpe_stn_mult': 0.20594270693147831, 'g_stn_gpi_mult': 1.9484360524111617, 'g_gpe_gpi_mult': 0.7326673595213793}. Best is trial 401 with value: 0.16105663698995978.
[I 2026-05-28 01:29:04,331] Trial 407 finished with value: 0.19593957820429828 and parameters: {'ISTN': 63.22958000671738, 'I_gpe': 1.3475013585888038, 'I_gpi': 2.322582838404208, 'noise_stn_sigma': 2.6077821644761636, 'noise_gpe_sigma': 79.02236259434035, 'noise_gpi_sigma': 99.17682049383929, 'g_stn_gpe_mult': 2.237567288687486, 'g_gpe_stn_mult': 0.15458353983738574, 'g_stn_gpi_mult': 1.6603962005694706, 'g_gpe_gpi_mult': 0.7458297303109727}. Best is trial 401 with value: 0.16105663698995978.
[I 2026-05-28 01:29:05,335] Trial 408 finished with value: 0.171376765086718 and parameters: {'ISTN': 60.16725655620147, 'I_gpe': 1.4542839112920385, 'I_gpi': 2.075362570687877, 'noise_stn_sigma': 2.721320571477487, 'noise_gpe_sigma': 85.99945377433492, 'noise_gpi_sigma': 106.51889483081726, 'g_stn_gpe_mult': 2.4576354786854147, 'g_gpe_stn_mult': 0.19053949084848606, 'g_stn_gpi_mult': 1.9210118085177845, 'g_gpe_gpi_mult': 0.7624070075072433}. Best is trial 401 with value: 0.16105663698995978.
[I 2026-05-28 01:29:06,342] Trial 409 finished with value: 0.33025405761871657 and parameters: {'ISTN': 61.038842317924306, 'I_gpe': 1.0086163669123849, 'I_gpi': 2.0917235425910086, 'noise_stn_sigma': 2.25394737369823, 'noise_gpe_sigma': 84.06997067922376, 'noise_gpi_sigma': 100.62339560493021, 'g_stn_gpe_mult': 2.218702493674199, 'g_gpe_stn_mult': 0.17277686411915083, 'g_stn_gpi_mult': 1.655897654702442, 'g_gpe_gpi_mult': 0.7035740143999312}. Best is trial 401 with value: 0.16105663698995978.
[I 2026-05-28 01:29:07,345] Trial 410 finished with value: 0.1783406809213686 and parameters: {'ISTN': 62.082431685755346, 'I_gpe': 1.285979231412073, 'I_gpi': 2.0926300013816865, 'noise_stn_sigma': 3.4463444401846184, 'noise_gpe_sigma': 77.52881153312738, 'noise_gpi_sigma': 103.07066036521658, 'g_stn_gpe_mult': 2.736104012657351, 'g_gpe_stn_mult': 0.140947133197311, 'g_stn_gpi_mult': 1.9382492700425704, 'g_gpe_gpi_mult': 0.7132617397282233}. Best is trial 401 with value: 0.16105663698995978.
[I 2026-05-28 01:29:08,352] Trial 411 finished with value: 0.20744901973184685 and parameters: {'ISTN': 62.39786058817898, 'I_gpe': 1.6086741084332075, 'I_gpi': 2.3621620308190425, 'noise_stn_sigma': 2.4714960790325065, 'noise_gpe_sigma': 87.95923487372434, 'noise_gpi_sigma': 108.67398311296226, 'g_stn_gpe_mult': 2.3599444422546374, 'g_gpe_stn_mult': 0.13251526919818185, 'g_stn_gpi_mult': 1.8402690503111434, 'g_gpe_gpi_mult': 0.807380489865962}. Best is trial 401 with value: 0.16105663698995978.
[I 2026-05-28 01:29:09,355] Trial 412 finished with value: 0.17893938343614477 and parameters: {'ISTN': 62.49808845882255, 'I_gpe': 1.256441142382374, 'I_gpi': 2.1850679343273054, 'noise_stn_sigma': 2.5474868508874553, 'noise_gpe_sigma': 79.43052457376766, 'noise_gpi_sigma': 98.94931519744333, 'g_stn_gpe_mult': 2.5088359902966735, 'g_gpe_stn_mult': 0.19604608017488562, 'g_stn_gpi_mult': 1.6116271300348717, 'g_gpe_gpi_mult': 0.7641383790356702}. Best is trial 401 with value: 0.16105663698995978.
[I 2026-05-28 01:29:10,360] Trial 413 finished with value: 0.20509937987643223 and parameters: {'ISTN': 62.14535353850458, 'I_gpe': 1.5138068895845815, 'I_gpi': 2.3351434438503493, 'noise_stn_sigma': 2.803664824562167, 'noise_gpe_sigma': 81.9043556056696, 'noise_gpi_sigma': 96.24725021606508, 'g_stn_gpe_mult': 2.5160062540550094, 'g_gpe_stn_mult': 0.19666723053328045, 'g_stn_gpi_mult': 1.7740194694937705, 'g_gpe_gpi_mult': 0.7821214822740599}. Best is trial 401 with value: 0.16105663698995978.
[I 2026-05-28 01:29:11,364] Trial 414 finished with value: 0.35961602745338356 and parameters: {'ISTN': 61.379844247696376, 'I_gpe': 1.2666001706629881, 'I_gpi': 2.531824640284769, 'noise_stn_sigma': 2.4486029893281884, 'noise_gpe_sigma': 85.79579720512963, 'noise_gpi_sigma': 114.96679436819849, 'g_stn_gpe_mult': 2.684026450871295, 'g_gpe_stn_mult': 0.17388021306509946, 'g_stn_gpi_mult': 1.826626477438405, 'g_gpe_gpi_mult': 0.6844814963556116}. Best is trial 401 with value: 0.16105663698995978.
[I 2026-05-28 01:29:12,367] Trial 415 finished with value: 0.16340743787694767 and parameters: {'ISTN': 60.70477349043181, 'I_gpe': 1.215482961221094, 'I_gpi': 2.0739812553600743, 'noise_stn_sigma': 2.4881688794551717, 'noise_gpe_sigma': 94.15023476928995, 'noise_gpi_sigma': 111.10751104670997, 'g_stn_gpe_mult': 2.617208946060102, 'g_gpe_stn_mult': 0.14651935131021465, 'g_stn_gpi_mult': 1.7414935410590449, 'g_gpe_gpi_mult': 0.7046132379421441}. Best is trial 401 with value: 0.16105663698995978.
[I 2026-05-28 01:29:13,374] Trial 416 finished with value: 0.20968582563627736 and parameters: {'ISTN': 61.40884919544822, 'I_gpe': 1.4924780315356814, 'I_gpi': 2.3679389871781744, 'noise_stn_sigma': 2.5318271843689626, 'noise_gpe_sigma': 89.63406770536875, 'noise_gpi_sigma': 112.2164862101775, 'g_stn_gpe_mult': 2.311595611263707, 'g_gpe_stn_mult': 0.22160348744714148, 'g_stn_gpi_mult': 1.9787406524919096, 'g_gpe_gpi_mult': 0.7998567912429579}. Best is trial 401 with value: 0.16105663698995978.
[I 2026-05-28 01:29:14,379] Trial 417 finished with value: 0.19004895152713353 and parameters: {'ISTN': 63.726004083878614, 'I_gpe': 1.0988377880044955, 'I_gpi': 2.2830644836768297, 'noise_stn_sigma': 2.3112615464128927, 'noise_gpe_sigma': 93.4946397303459, 'noise_gpi_sigma': 101.53577692464991, 'g_stn_gpe_mult': 2.453996728881511, 'g_gpe_stn_mult': 0.15384730745642847, 'g_stn_gpi_mult': 1.6711318477530799, 'g_gpe_gpi_mult': 0.6925819373869516}. Best is trial 401 with value: 0.16105663698995978.
[I 2026-05-28 01:29:15,323] Trial 418 finished with value: 1000000.0 and parameters: {'ISTN': 63.98730231572978, 'I_gpe': 1.404656369560251, 'I_gpi': 2.4615823796065937, 'noise_stn_sigma': 2.6590175068454887, 'noise_gpe_sigma': 81.77660067468176, 'noise_gpi_sigma': 99.11822026422023, 'g_stn_gpe_mult': 2.586011028528557, 'g_gpe_stn_mult': 0.19903864474324567, 'g_stn_gpi_mult': 2.159514999099486, 'g_gpe_gpi_mult': 0.7414745826569575}. Best is trial 401 with value: 0.16105663698995978.
[I 2026-05-28 01:29:16,326] Trial 419 finished with value: 4.344079876849202 and parameters: {'ISTN': 63.22991476548352, 'I_gpe': 1.257517181249839, 'I_gpi': 2.354989322577783, 'noise_stn_sigma': 2.342864153377147, 'noise_gpe_sigma': 81.58998968271536, 'noise_gpi_sigma': 99.20394529040729, 'g_stn_gpe_mult': 2.253104943103091, 'g_gpe_stn_mult': 0.2539052522846746, 'g_stn_gpi_mult': 1.9505857860863647, 'g_gpe_gpi_mult': 0.7284570383310307}. Best is trial 401 with value: 0.16105663698995978.
[I 2026-05-28 01:29:17,333] Trial 420 finished with value: 0.18988875934753646 and parameters: {'ISTN': 60.019441872718275, 'I_gpe': 1.4835015208424318, 'I_gpi': 2.4246433039668895, 'noise_stn_sigma': 2.202088812979352, 'noise_gpe_sigma': 86.1323275125203, 'noise_gpi_sigma': 118.47077960780177, 'g_stn_gpe_mult': 2.002001604147033, 'g_gpe_stn_mult': 0.1401887873300396, 'g_stn_gpi_mult': 1.796023035943135, 'g_gpe_gpi_mult': 0.6687151589376441}. Best is trial 401 with value: 0.16105663698995978.
[I 2026-05-28 01:29:18,338] Trial 421 finished with value: 0.18259195904286113 and parameters: {'ISTN': 63.20038019044557, 'I_gpe': 1.168210896146297, 'I_gpi': 2.1016573876421876, 'noise_stn_sigma': 1.6822770712036568, 'noise_gpe_sigma': 86.01404102688088, 'noise_gpi_sigma': 104.0954454429643, 'g_stn_gpe_mult': 2.6890154376815136, 'g_gpe_stn_mult': 0.1562314160223766, 'g_stn_gpi_mult': 1.4422862980964177, 'g_gpe_gpi_mult': 0.7283905875227166}. Best is trial 401 with value: 0.16105663698995978.
[I 2026-05-28 01:29:19,344] Trial 422 finished with value: 0.22735222176174658 and parameters: {'ISTN': 65.05582508165872, 'I_gpe': 1.5893973361882319, 'I_gpi': 2.167771976934655, 'noise_stn_sigma': 2.6242363151917942, 'noise_gpe_sigma': 89.67432303355864, 'noise_gpi_sigma': 99.22390312764685, 'g_stn_gpe_mult': 2.583181596154225, 'g_gpe_stn_mult': 0.1550634535158927, 'g_stn_gpi_mult': 1.6484041962492222, 'g_gpe_gpi_mult': 0.7220191437746846}. Best is trial 401 with value: 0.16105663698995978.
[I 2026-05-28 01:29:20,348] Trial 423 finished with value: 0.1827764446883601 and parameters: {'ISTN': 61.20427411199325, 'I_gpe': 1.4402393881456832, 'I_gpi': 2.193974426797448, 'noise_stn_sigma': 2.844830755695254, 'noise_gpe_sigma': 95.76039364577238, 'noise_gpi_sigma': 108.11970933267476, 'g_stn_gpe_mult': 2.3887516593583618, 'g_gpe_stn_mult': 0.19099117951673633, 'g_stn_gpi_mult': 1.7790427509377142, 'g_gpe_gpi_mult': 0.6992575259624894}. Best is trial 401 with value: 0.16105663698995978.
[I 2026-05-28 01:29:21,353] Trial 424 finished with value: 0.18534966445258247 and parameters: {'ISTN': 62.93318566814721, 'I_gpe': 1.3055163690281064, 'I_gpi': 2.1032367383704322, 'noise_stn_sigma': 1.6826429294732044, 'noise_gpe_sigma': 86.77204439937724, 'noise_gpi_sigma': 108.05170333587867, 'g_stn_gpe_mult': 2.0997982015481265, 'g_gpe_stn_mult': 0.17282953817485436, 'g_stn_gpi_mult': 1.4951111779059085, 'g_gpe_gpi_mult': 0.6792945012159161}. Best is trial 401 with value: 0.16105663698995978.
[I 2026-05-28 01:29:22,356] Trial 425 finished with value: 0.2273511639619234 and parameters: {'ISTN': 60.2834401323323, 'I_gpe': 1.4359573518196163, 'I_gpi': 1.838595188547147, 'noise_stn_sigma': 2.884065590757791, 'noise_gpe_sigma': 80.9340296104975, 'noise_gpi_sigma': 99.84032074201089, 'g_stn_gpe_mult': 2.608539690170214, 'g_gpe_stn_mult': 0.21745872773321312, 'g_stn_gpi_mult': 1.7212058808044701, 'g_gpe_gpi_mult': 0.7851664055381351}. Best is trial 401 with value: 0.16105663698995978.
[I 2026-05-28 01:29:23,363] Trial 426 finished with value: 0.27270800499537734 and parameters: {'ISTN': 61.99319454610364, 'I_gpe': 0.7857657770623654, 'I_gpi': 1.9157199939044514, 'noise_stn_sigma': 3.3240905686272875, 'noise_gpe_sigma': 82.70839889935596, 'noise_gpi_sigma': 110.08680292048146, 'g_stn_gpe_mult': 2.909739306535287, 'g_gpe_stn_mult': 0.14337970376242493, 'g_stn_gpi_mult': 1.8302205070445237, 'g_gpe_gpi_mult': 0.5805087502204669}. Best is trial 401 with value: 0.16105663698995978.
[I 2026-05-28 01:29:24,368] Trial 427 finished with value: 0.1680650722771525 and parameters: {'ISTN': 62.075137492671836, 'I_gpe': 1.108878500006683, 'I_gpi': 2.0622108888793242, 'noise_stn_sigma': 2.499669726783751, 'noise_gpe_sigma': 83.32447161576312, 'noise_gpi_sigma': 94.14390244910973, 'g_stn_gpe_mult': 2.581323461082696, 'g_gpe_stn_mult': 0.14067691876119537, 'g_stn_gpi_mult': 1.8548733997975346, 'g_gpe_gpi_mult': 0.7848325707469395}. Best is trial 401 with value: 0.16105663698995978.
[I 2026-05-28 01:29:25,373] Trial 428 finished with value: 0.19535328541664226 and parameters: {'ISTN': 64.38031918929262, 'I_gpe': 1.181279391356323, 'I_gpi': 2.268093501529444, 'noise_stn_sigma': 2.467980285727384, 'noise_gpe_sigma': 85.43273267365377, 'noise_gpi_sigma': 105.0161550572845, 'g_stn_gpe_mult': 2.349778258249911, 'g_gpe_stn_mult': 0.16335378290526634, 'g_stn_gpi_mult': 1.9906399528694525, 'g_gpe_gpi_mult': 0.7527202777774296}. Best is trial 401 with value: 0.16105663698995978.
[I 2026-05-28 01:29:26,378] Trial 429 finished with value: 0.19019495953479387 and parameters: {'ISTN': 64.18586137425413, 'I_gpe': 1.3721980737030375, 'I_gpi': 2.1637771566623316, 'noise_stn_sigma': 1.7612176248523315, 'noise_gpe_sigma': 83.5558870021888, 'noise_gpi_sigma': 110.6307399397709, 'g_stn_gpe_mult': 2.7058904160885175, 'g_gpe_stn_mult': 0.14693715473569763, 'g_stn_gpi_mult': 1.4265105011725234, 'g_gpe_gpi_mult': 0.7176009220353063}. Best is trial 401 with value: 0.16105663698995978.
[I 2026-05-28 01:29:27,383] Trial 430 finished with value: 0.14097012504299053 and parameters: {'ISTN': 60.18636194294019, 'I_gpe': 1.2260014359317921, 'I_gpi': 2.2501835320589914, 'noise_stn_sigma': 2.6397145969288003, 'noise_gpe_sigma': 94.25772590583128, 'noise_gpi_sigma': 105.171590796453, 'g_stn_gpe_mult': 2.616698800536459, 'g_gpe_stn_mult': 0.17162210048642168, 'g_stn_gpi_mult': 1.8290288890847142, 'g_gpe_gpi_mult': 0.6979485675977992}. Best is trial 430 with value: 0.14097012504299053.
[I 2026-05-28 01:29:28,388] Trial 431 finished with value: 4.768226686922585 and parameters: {'ISTN': 60.3604075062655, 'I_gpe': 1.1285269424674977, 'I_gpi': 2.318946027854901, 'noise_stn_sigma': 2.5279207776419086, 'noise_gpe_sigma': 81.14136087055891, 'noise_gpi_sigma': 93.74765740681602, 'g_stn_gpe_mult': 3.101169794536201, 'g_gpe_stn_mult': 0.12062078676999197, 'g_stn_gpi_mult': 2.052485824708662, 'g_gpe_gpi_mult': 0.6809340191684152}. Best is trial 430 with value: 0.14097012504299053.
[I 2026-05-28 01:29:29,393] Trial 432 finished with value: 0.33663890491153686 and parameters: {'ISTN': 61.34154972398101, 'I_gpe': 0.895268594624894, 'I_gpi': 2.2535364558677182, 'noise_stn_sigma': 1.7977993297948691, 'noise_gpe_sigma': 93.06738937884708, 'noise_gpi_sigma': 112.80805438950935, 'g_stn_gpe_mult': 2.4256155283868757, 'g_gpe_stn_mult': 0.1400231481129129, 'g_stn_gpi_mult': 1.7036833577165456, 'g_gpe_gpi_mult': 0.6426784148594398}. Best is trial 430 with value: 0.14097012504299053.
[I 2026-05-28 01:29:30,398] Trial 433 finished with value: 0.20785572289068266 and parameters: {'ISTN': 61.651881156221286, 'I_gpe': 1.0822554319787123, 'I_gpi': 1.9306873627790933, 'noise_stn_sigma': 2.8733951233293324, 'noise_gpe_sigma': 103.1426988524954, 'noise_gpi_sigma': 114.97429406458996, 'g_stn_gpe_mult': 2.6190981937519533, 'g_gpe_stn_mult': 0.17199514845067548, 'g_stn_gpi_mult': 1.7945329098910507, 'g_gpe_gpi_mult': 0.7065121233487155}. Best is trial 430 with value: 0.14097012504299053.
[I 2026-05-28 01:29:31,403] Trial 434 finished with value: 1.3049880065077 and parameters: {'ISTN': 60.01645552256661, 'I_gpe': 1.2751974606629894, 'I_gpi': 2.1152251350913946, 'noise_stn_sigma': 3.081517635850617, 'noise_gpe_sigma': 83.92776914410086, 'noise_gpi_sigma': 103.68420908652094, 'g_stn_gpe_mult': 3.039612392796279, 'g_gpe_stn_mult': 0.12738726666616268, 'g_stn_gpi_mult': 2.0168671831257314, 'g_gpe_gpi_mult': 0.7229650679599258}. Best is trial 430 with value: 0.14097012504299053.
[I 2026-05-28 01:29:32,409] Trial 435 finished with value: 0.17994131757360826 and parameters: {'ISTN': 60.98482221135127, 'I_gpe': 1.3120195582062033, 'I_gpi': 1.9950431865045097, 'noise_stn_sigma': 3.417433988045889, 'noise_gpe_sigma': 84.21371933381128, 'noise_gpi_sigma': 99.25313242308624, 'g_stn_gpe_mult': 2.6373807082322154, 'g_gpe_stn_mult': 0.17108093964011628, 'g_stn_gpi_mult': 1.7762988777873545, 'g_gpe_gpi_mult': 0.7294086416263128}. Best is trial 430 with value: 0.14097012504299053.
[I 2026-05-28 01:29:33,414] Trial 436 finished with value: 0.2070281756719638 and parameters: {'ISTN': 61.804911191196815, 'I_gpe': 1.4598455558274868, 'I_gpi': 2.464446434611421, 'noise_stn_sigma': 2.1787452878880806, 'noise_gpe_sigma': 83.78511604671228, 'noise_gpi_sigma': 97.61759910167213, 'g_stn_gpe_mult': 2.372477151485779, 'g_gpe_stn_mult': 0.17839186862175355, 'g_stn_gpi_mult': 1.7001093598296846, 'g_gpe_gpi_mult': 0.6764412988958917}. Best is trial 430 with value: 0.14097012504299053.
[I 2026-05-28 01:29:34,419] Trial 437 finished with value: 0.2513933222239195 and parameters: {'ISTN': 61.70214230579882, 'I_gpe': 1.0291588437985948, 'I_gpi': 2.299463564377813, 'noise_stn_sigma': 2.4507048740896855, 'noise_gpe_sigma': 95.26386481970113, 'noise_gpi_sigma': 99.91484608676328, 'g_stn_gpe_mult': 2.4051573799268824, 'g_gpe_stn_mult': 0.19135538194916418, 'g_stn_gpi_mult': 1.7062528006072464, 'g_gpe_gpi_mult': 0.7535757199716897}. Best is trial 430 with value: 0.14097012504299053.
[I 2026-05-28 01:29:35,425] Trial 438 finished with value: 2.4942781847930453 and parameters: {'ISTN': 60.578519551527535, 'I_gpe': 1.2264308240326747, 'I_gpi': 1.9870461898716398, 'noise_stn_sigma': 2.4550492451602466, 'noise_gpe_sigma': 85.598210397012, 'noise_gpi_sigma': 101.0050631435303, 'g_stn_gpe_mult': 2.786559459191201, 'g_gpe_stn_mult': 0.11441284478247557, 'g_stn_gpi_mult': 1.9520958180742771, 'g_gpe_gpi_mult': 0.7597025294204616}. Best is trial 430 with value: 0.14097012504299053.
[I 2026-05-28 01:29:36,430] Trial 439 finished with value: 0.1977718691557339 and parameters: {'ISTN': 61.77884922489314, 'I_gpe': 1.1130004299044747, 'I_gpi': 1.9686905819175857, 'noise_stn_sigma': 2.3365401542562845, 'noise_gpe_sigma': 88.93554286818551, 'noise_gpi_sigma': 111.50285225753662, 'g_stn_gpe_mult': 2.51785803544528, 'g_gpe_stn_mult': 0.18082249942270123, 'g_stn_gpi_mult': 1.9372345666740907, 'g_gpe_gpi_mult': 0.7279098229633874}. Best is trial 430 with value: 0.14097012504299053.
