[I 2026-05-28 02:13:06,499] A new study created in memory with name: sensitivity_weights_equal_weights
[I 2026-05-28 02:13:08,903] Trial 0 finished with value: 111.86463492524081 and parameters: {'ISTN': 93.70861069626262, 'I_gpe': 3.827500072434707, 'I_gpi': 3.9279757672456204, 'noise_stn_sigma': 5.190609389379256, 'noise_gpe_sigma': 40.28242325751675, 'noise_gpi_sigma': 40.27928764370634, 'g_stn_gpe_mult': 1.703292642588698, 'g_gpe_stn_mult': 0.7063233020424546, 'g_stn_gpi_mult': 2.8033450352296265, 'g_gpe_gpi_mult': 0.9080725777960454}. Best is trial 0 with value: 111.86463492524081.
[I 2026-05-28 02:13:09,915] Trial 1 finished with value: 3.3280868381847997 and parameters: {'ISTN': 102.18398227973381, 'I_gpe': 1.7822592367307524, 'I_gpi': 2.0402078942860182, 'noise_stn_sigma': 5.527278325084124, 'noise_gpe_sigma': 64.87605951987203, 'noise_gpi_sigma': 128.16311557229506, 'g_stn_gpe_mult': 3.8783201895114314, 'g_gpe_stn_mult': 0.4633636096255428, 'g_stn_gpi_mult': 1.9201572567197984, 'g_gpe_gpi_mult': 0.5716581854888545}. Best is trial 1 with value: 3.3280868381847997.
[I 2026-05-28 02:13:10,922] Trial 2 finished with value: 3.2562005028254766 and parameters: {'ISTN': 104.05697545714605, 'I_gpe': 1.6990806611446447, 'I_gpi': 2.1093322736015803, 'noise_stn_sigma': 4.391415413253829, 'noise_gpe_sigma': 95.78215145683166, 'noise_gpi_sigma': 112.26271914252017, 'g_stn_gpe_mult': 3.620508535432487, 'g_gpe_stn_mult': 0.48253375989294744, 'g_stn_gpi_mult': 2.4349864676102033, 'g_gpe_gpi_mult': 0.8838728082220315}. Best is trial 2 with value: 3.2562005028254766.
[I 2026-05-28 02:13:11,926] Trial 3 finished with value: 5.287943675078256 and parameters: {'ISTN': 124.05768254138863, 'I_gpe': 2.4404639905642638, 'I_gpi': 2.929437307767527, 'noise_stn_sigma': 4.597526383157501, 'noise_gpe_sigma': 123.71799364703026, 'noise_gpi_sigma': 102.97034598752232, 'g_stn_gpe_mult': 3.0886712355338317, 'g_gpe_stn_mult': 0.27286655747132477, 'g_stn_gpi_mult': 3.5949342956186348, 'g_gpe_gpi_mult': 0.596177167198813}. Best is trial 2 with value: 3.2562005028254766.
[I 2026-05-28 02:13:12,932] Trial 4 finished with value: 0.9949857835881867 and parameters: {'ISTN': 61.327006512303655, 'I_gpe': 2.322282146919423, 'I_gpi': 2.6397695163821506, 'noise_stn_sigma': 3.62253468740132, 'noise_gpe_sigma': 78.9240566977039, 'noise_gpi_sigma': 101.63027934654737, 'g_stn_gpe_mult': 3.374074127741162, 'g_gpe_stn_mult': 0.2130397972288703, 'g_stn_gpi_mult': 2.0912746715201935, 'g_gpe_gpi_mult': 0.6568869944818863}. Best is trial 4 with value: 0.9949857835881867.
[I 2026-05-28 02:13:13,936] Trial 5 finished with value: 4.785104008614435 and parameters: {'ISTN': 118.21835604782609, 'I_gpe': 1.5081892774313215, 'I_gpi': 3.899768098732145, 'noise_stn_sigma': 3.936086758513816, 'noise_gpe_sigma': 119.32152160252447, 'noise_gpi_sigma': 102.30543016488373, 'g_stn_gpe_mult': 2.9807792455418993, 'g_gpe_stn_mult': 0.5137698475759706, 'g_stn_gpi_mult': 2.9949380788413196, 'g_gpe_gpi_mult': 0.9635506695066518}. Best is trial 4 with value: 0.9949857835881867.
[I 2026-05-28 02:13:14,941] Trial 6 finished with value: 4.7531952443512715 and parameters: {'ISTN': 121.61855037844573, 'I_gpe': 1.6513293219198029, 'I_gpi': 2.8432761902587727, 'noise_stn_sigma': 3.8480047711083603, 'noise_gpe_sigma': 74.143091992362, 'noise_gpi_sigma': 62.05518437298985, 'g_stn_gpe_mult': 3.3767409216885813, 'g_gpe_stn_mult': 0.39119594338519237, 'g_stn_gpi_mult': 2.347357900801299, 'g_gpe_gpi_mult': 0.4142625832855039}. Best is trial 4 with value: 0.9949857835881867.
[I 2026-05-28 02:13:15,946] Trial 7 finished with value: 3.9367043448352828 and parameters: {'ISTN': 118.14807622329761, 'I_gpe': 1.5486294089623256, 'I_gpi': 2.4516321436833994, 'noise_stn_sigma': 2.679013017620471, 'noise_gpe_sigma': 56.04599877645517, 'noise_gpi_sigma': 116.28652710522236, 'g_stn_gpe_mult': 2.9922746566942053, 'g_gpe_stn_mult': 0.2955859336866355, 'g_stn_gpi_mult': 1.716124621409335, 'g_gpe_gpi_mult': 0.5179871881249729}. Best is trial 4 with value: 0.9949857835881867.
[I 2026-05-28 02:13:16,955] Trial 8 finished with value: 7.537428908606794 and parameters: {'ISTN': 125.24171270223263, 'I_gpe': 2.8526086943177944, 'I_gpi': 2.0678354736293487, 'noise_stn_sigma': 3.402302701760284, 'noise_gpe_sigma': 94.41082187084776, 'noise_gpi_sigma': 98.9600504549821, 'g_stn_gpe_mult': 3.6329764552383, 'g_gpe_stn_mult': 0.2538139817870882, 'g_stn_gpi_mult': 2.8573669779553246, 'g_gpe_gpi_mult': 0.7596331107049075}. Best is trial 4 with value: 0.9949857835881867.
[I 2026-05-28 02:13:17,961] Trial 9 finished with value: 4.109060797983903 and parameters: {'ISTN': 108.06144798180426, 'I_gpe': 2.088159593914187, 'I_gpi': 2.7321182722451014, 'noise_stn_sigma': 3.3524793808782456, 'noise_gpe_sigma': 48.88483497946666, 'noise_gpi_sigma': 129.93936748396976, 'g_stn_gpe_mult': 3.302290408301439, 'g_gpe_stn_mult': 0.5428025966104797, 'g_stn_gpi_mult': 2.2888222168539225, 'g_gpe_gpi_mult': 0.6716607335175118}. Best is trial 4 with value: 0.9949857835881867.
[I 2026-05-28 02:13:18,965] Trial 10 finished with value: 5.091509767998268 and parameters: {'ISTN': 105.28930217987374, 'I_gpe': 2.764126309775512, 'I_gpi': 1.33834956817683, 'noise_stn_sigma': 2.965503538344267, 'noise_gpe_sigma': 129.52996397114705, 'noise_gpi_sigma': 96.48201510531312, 'g_stn_gpe_mult': 3.0608279134787137, 'g_gpe_stn_mult': 0.462684887025272, 'g_stn_gpi_mult': 2.045535048975993, 'g_gpe_gpi_mult': 0.7985205433522264}. Best is trial 4 with value: 0.9949857835881867.
[I 2026-05-28 02:13:19,973] Trial 11 finished with value: 1.2472767586212565 and parameters: {'ISTN': 68.46179482387396, 'I_gpe': 0.771393823126158, 'I_gpi': 3.6299299593611742, 'noise_stn_sigma': 2.399671658072803, 'noise_gpe_sigma': 96.31887907792138, 'noise_gpi_sigma': 119.52041144486081, 'g_stn_gpe_mult': 3.111379946981753, 'g_gpe_stn_mult': 0.3940376924617982, 'g_stn_gpi_mult': 2.200784815873935, 'g_gpe_gpi_mult': 0.7577241084461699}. Best is trial 4 with value: 0.9949857835881867.
[I 2026-05-28 02:13:20,980] Trial 12 finished with value: 1.506952315677967 and parameters: {'ISTN': 70.611488247713, 'I_gpe': 1.8483527802571798, 'I_gpi': 2.4806516174383972, 'noise_stn_sigma': 3.8652890884719278, 'noise_gpe_sigma': 108.30066758507508, 'noise_gpi_sigma': 108.83658207325227, 'g_stn_gpe_mult': 2.4326258036933632, 'g_gpe_stn_mult': 0.42998539995796015, 'g_stn_gpi_mult': 2.54639335829939, 'g_gpe_gpi_mult': 0.7660393011037694}. Best is trial 4 with value: 0.9949857835881867.
[I 2026-05-28 02:13:21,986] Trial 13 finished with value: 4.54624606160427 and parameters: {'ISTN': 80.07784009407425, 'I_gpe': 3.0589782148529467, 'I_gpi': 2.9046070313296326, 'noise_stn_sigma': 3.7692413332328605, 'noise_gpe_sigma': 114.7683152996184, 'noise_gpi_sigma': 121.49726535168631, 'g_stn_gpe_mult': 3.7564860773635163, 'g_gpe_stn_mult': 0.36023511591640434, 'g_stn_gpi_mult': 1.9841162577823694, 'g_gpe_gpi_mult': 1.058609297783718}. Best is trial 4 with value: 0.9949857835881867.
[I 2026-05-28 02:13:22,991] Trial 14 finished with value: 4.663369769893162 and parameters: {'ISTN': 122.36970367683739, 'I_gpe': 1.9355893770551256, 'I_gpi': 3.681170719809904, 'noise_stn_sigma': 6.580180318223101, 'noise_gpe_sigma': 75.77227175084391, 'noise_gpi_sigma': 130.7774570371718, 'g_stn_gpe_mult': 2.994900917256623, 'g_gpe_stn_mult': 0.38010562053022323, 'g_stn_gpi_mult': 2.14189860370999, 'g_gpe_gpi_mult': 0.6268679415715244}. Best is trial 4 with value: 0.9949857835881867.
[I 2026-05-28 02:13:23,997] Trial 15 finished with value: 2.6400103047856716 and parameters: {'ISTN': 101.41106226498411, 'I_gpe': 1.249259871983765, 'I_gpi': 2.443712407289077, 'noise_stn_sigma': 3.4225721473644293, 'noise_gpe_sigma': 85.26141327896543, 'noise_gpi_sigma': 106.9593076336539, 'g_stn_gpe_mult': 2.5970411439309453, 'g_gpe_stn_mult': 0.311408761080915, 'g_stn_gpi_mult': 2.196435722356314, 'g_gpe_gpi_mult': 0.8770349973165543}. Best is trial 4 with value: 0.9949857835881867.
[I 2026-05-28 02:13:25,003] Trial 16 finished with value: 1.8624880542491855 and parameters: {'ISTN': 73.10148852989629, 'I_gpe': 1.606832711265922, 'I_gpi': 1.8638149877571881, 'noise_stn_sigma': 4.375335872893608, 'noise_gpe_sigma': 56.73651649677868, 'noise_gpi_sigma': 113.45556759397522, 'g_stn_gpe_mult': 3.5633429971505715, 'g_gpe_stn_mult': 0.27604978038072436, 'g_stn_gpi_mult': 2.2627500554474085, 'g_gpe_gpi_mult': 0.6432729968353896}. Best is trial 4 with value: 0.9949857835881867.
[I 2026-05-28 02:13:26,010] Trial 17 finished with value: 2.799396839146251 and parameters: {'ISTN': 90.75573578712587, 'I_gpe': 1.776600418239308, 'I_gpi': 3.6841706759487183, 'noise_stn_sigma': 4.783149207052288, 'noise_gpe_sigma': 66.49984035021367, 'noise_gpi_sigma': 147.5646189412676, 'g_stn_gpe_mult': 3.9581027964882516, 'g_gpe_stn_mult': 0.5049385236812028, 'g_stn_gpi_mult': 2.3332974531993402, 'g_gpe_gpi_mult': 0.9808380212562948}. Best is trial 4 with value: 0.9949857835881867.
[I 2026-05-28 02:13:27,017] Trial 18 finished with value: 3.4484451903446853 and parameters: {'ISTN': 97.49835724786749, 'I_gpe': 2.6165012927482785, 'I_gpi': 3.1369170539811737, 'noise_stn_sigma': 6.641341152667877, 'noise_gpe_sigma': 91.17555528264549, 'noise_gpi_sigma': 75.7852846618521, 'g_stn_gpe_mult': 2.5998075829240634, 'g_gpe_stn_mult': 0.5405993743186586, 'g_stn_gpi_mult': 1.9583602930607462, 'g_gpe_gpi_mult': 0.8117157598374523}. Best is trial 4 with value: 0.9949857835881867.
[I 2026-05-28 02:13:28,025] Trial 19 finished with value: 3.842380450360695 and parameters: {'ISTN': 90.88528769410524, 'I_gpe': 2.6984235147415303, 'I_gpi': 2.69599953693677, 'noise_stn_sigma': 4.194261729515837, 'noise_gpe_sigma': 98.37260001200545, 'noise_gpi_sigma': 118.71419976387159, 'g_stn_gpe_mult': 3.8196469531099404, 'g_gpe_stn_mult': 0.43653198452019837, 'g_stn_gpi_mult': 2.1841153926964365, 'g_gpe_gpi_mult': 0.5177990151800513}. Best is trial 4 with value: 0.9949857835881867.
[I 2026-05-28 02:13:29,033] Trial 20 finished with value: 1.6316713998789385 and parameters: {'ISTN': 77.0533060997746, 'I_gpe': 1.9795916302611634, 'I_gpi': 3.50662845470418, 'noise_stn_sigma': 3.5680480363020126, 'noise_gpe_sigma': 84.40488117871125, 'noise_gpi_sigma': 114.56626290426519, 'g_stn_gpe_mult': 4.2948066225742725, 'g_gpe_stn_mult': 0.2377590264035629, 'g_stn_gpi_mult': 2.586165123741973, 'g_gpe_gpi_mult': 0.8525886702400292}. Best is trial 4 with value: 0.9949857835881867.
[I 2026-05-28 02:13:30,039] Trial 21 finished with value: 0.8998264644712826 and parameters: {'ISTN': 65.8524095599807, 'I_gpe': 0.5137335975142023, 'I_gpi': 2.221312059333955, 'noise_stn_sigma': 6.025100784694736, 'noise_gpe_sigma': 112.8459355696592, 'noise_gpi_sigma': 100.81334039255579, 'g_stn_gpe_mult': 3.7264143588085226, 'g_gpe_stn_mult': 0.23707716888554162, 'g_stn_gpi_mult': 1.3997080194138896, 'g_gpe_gpi_mult': 0.8554821812653091}. Best is trial 21 with value: 0.8998264644712826.
[I 2026-05-28 02:13:31,046] Trial 22 finished with value: 1.5611730377139597 and parameters: {'ISTN': 73.95441210412501, 'I_gpe': 1.2410369461414779, 'I_gpi': 3.4523199046274873, 'noise_stn_sigma': 1.4766062180017658, 'noise_gpe_sigma': 80.07200255473896, 'noise_gpi_sigma': 108.28710436096542, 'g_stn_gpe_mult': 3.735656677701291, 'g_gpe_stn_mult': 0.17749094846632507, 'g_stn_gpi_mult': 1.8421452529475577, 'g_gpe_gpi_mult': 0.6923613492979035}. Best is trial 21 with value: 0.8998264644712826.
[I 2026-05-28 02:13:32,052] Trial 23 finished with value: 1.7464217144798382 and parameters: {'ISTN': 82.23633189532872, 'I_gpe': 1.209168101437818, 'I_gpi': 3.624405618185127, 'noise_stn_sigma': 2.3063105733279388, 'noise_gpe_sigma': 132.20500021795107, 'noise_gpi_sigma': 139.43142976186488, 'g_stn_gpe_mult': 2.380583065309035, 'g_gpe_stn_mult': 0.3973309057282415, 'g_stn_gpi_mult': 3.059573899456981, 'g_gpe_gpi_mult': 0.7521553021821663}. Best is trial 21 with value: 0.8998264644712826.
[I 2026-05-28 02:13:33,058] Trial 24 finished with value: 3.039856859717423 and parameters: {'ISTN': 104.54484379827737, 'I_gpe': 0.6424046419536489, 'I_gpi': 4.321646518464815, 'noise_stn_sigma': 2.444984258933537, 'noise_gpe_sigma': 66.9844394040452, 'noise_gpi_sigma': 138.54272303832266, 'g_stn_gpe_mult': 2.8525428076969206, 'g_gpe_stn_mult': 0.33836605824953864, 'g_stn_gpi_mult': 2.200546213511185, 'g_gpe_gpi_mult': 0.9773479426404685}. Best is trial 21 with value: 0.8998264644712826.
[I 2026-05-28 02:13:34,062] Trial 25 finished with value: 1.329816441564548 and parameters: {'ISTN': 79.4542836784526, 'I_gpe': 1.1284760039181965, 'I_gpi': 2.7729790096390223, 'noise_stn_sigma': 3.393812758591208, 'noise_gpe_sigma': 105.67652611315917, 'noise_gpi_sigma': 94.3399919861102, 'g_stn_gpe_mult': 2.2356677462314183, 'g_gpe_stn_mult': 0.3497055579976661, 'g_stn_gpi_mult': 2.400267430790856, 'g_gpe_gpi_mult': 0.9086044771989648}. Best is trial 21 with value: 0.8998264644712826.
[I 2026-05-28 02:13:35,068] Trial 26 finished with value: 1.4064139399177304 and parameters: {'ISTN': 69.24717355873145, 'I_gpe': 1.903418031054038, 'I_gpi': 2.4145186425185035, 'noise_stn_sigma': 2.5784773230414064, 'noise_gpe_sigma': 69.26404357843242, 'noise_gpi_sigma': 115.86980481198022, 'g_stn_gpe_mult': 3.4408831938480997, 'g_gpe_stn_mult': 0.3209177804264614, 'g_stn_gpi_mult': 2.912226471597766, 'g_gpe_gpi_mult': 0.7099334358336316}. Best is trial 21 with value: 0.8998264644712826.
[I 2026-05-28 02:13:36,075] Trial 27 finished with value: 0.9607242305450409 and parameters: {'ISTN': 60.195285471805725, 'I_gpe': 0.7226592821372468, 'I_gpi': 2.2919995618458593, 'noise_stn_sigma': 3.048173965943716, 'noise_gpe_sigma': 111.32451269041867, 'noise_gpi_sigma': 115.32890873424635, 'g_stn_gpe_mult': 2.920850654003689, 'g_gpe_stn_mult': 0.6566342941920855, 'g_stn_gpi_mult': 2.5122851096288805, 'g_gpe_gpi_mult': 0.8694755888859913}. Best is trial 21 with value: 0.8998264644712826.
[I 2026-05-28 02:13:37,080] Trial 28 finished with value: 2.118780276498518 and parameters: {'ISTN': 73.27592968239887, 'I_gpe': 1.9360183302050298, 'I_gpi': 4.245611354453291, 'noise_stn_sigma': 4.835544606725549, 'noise_gpe_sigma': 114.64172501284744, 'noise_gpi_sigma': 107.3673827560252, 'g_stn_gpe_mult': 3.6673241074921465, 'g_gpe_stn_mult': 0.2636250056674295, 'g_stn_gpi_mult': 2.00916282377501, 'g_gpe_gpi_mult': 0.9737713021435954}. Best is trial 21 with value: 0.8998264644712826.
[I 2026-05-28 02:13:38,088] Trial 29 finished with value: 1.4997228482179765 and parameters: {'ISTN': 66.20133995016243, 'I_gpe': 1.6359379978562367, 'I_gpi': 3.8063525032273198, 'noise_stn_sigma': 3.0844350156657603, 'noise_gpe_sigma': 127.08590092104285, 'noise_gpi_sigma': 74.16884041568082, 'g_stn_gpe_mult': 2.727300048407453, 'g_gpe_stn_mult': 0.6615480645976024, 'g_stn_gpi_mult': 2.9221540270837654, 'g_gpe_gpi_mult': 0.5157811383322248}. Best is trial 21 with value: 0.8998264644712826.
[I 2026-05-28 02:13:39,094] Trial 30 finished with value: 1.8524554106794158 and parameters: {'ISTN': 64.05460850036371, 'I_gpe': 2.5647090080376036, 'I_gpi': 3.6923135762246257, 'noise_stn_sigma': 4.502714293083256, 'noise_gpe_sigma': 59.49322301563715, 'noise_gpi_sigma': 124.96105077756278, 'g_stn_gpe_mult': 2.5694961528240308, 'g_gpe_stn_mult': 0.3754301806930703, 'g_stn_gpi_mult': 3.534232612538722, 'g_gpe_gpi_mult': 0.7070788787403628}. Best is trial 21 with value: 0.8998264644712826.
[I 2026-05-28 02:13:40,103] Trial 31 finished with value: 1.5463222317751724 and parameters: {'ISTN': 61.604998452677954, 'I_gpe': 1.3629006996959472, 'I_gpi': 3.6206856126751594, 'noise_stn_sigma': 3.3432860851537596, 'noise_gpe_sigma': 76.37564838012054, 'noise_gpi_sigma': 99.32332017520699, 'g_stn_gpe_mult': 2.726055104000352, 'g_gpe_stn_mult': 0.3051407351503595, 'g_stn_gpi_mult': 1.7372802082948215, 'g_gpe_gpi_mult': 0.9962684902156673}. Best is trial 21 with value: 0.8998264644712826.
[I 2026-05-28 02:13:41,111] Trial 32 finished with value: 1.7683468164736282 and parameters: {'ISTN': 72.356435919773, 'I_gpe': 1.8061248266555712, 'I_gpi': 3.2517477422359913, 'noise_stn_sigma': 3.8323903279517335, 'noise_gpe_sigma': 89.94626421549009, 'noise_gpi_sigma': 149.72223038376262, 'g_stn_gpe_mult': 3.084905423678439, 'g_gpe_stn_mult': 0.3608050069772637, 'g_stn_gpi_mult': 1.8139989504784166, 'g_gpe_gpi_mult': 0.8257863021441039}. Best is trial 21 with value: 0.8998264644712826.
[I 2026-05-28 02:13:42,117] Trial 33 finished with value: 1.2826054653822465 and parameters: {'ISTN': 65.80320399446465, 'I_gpe': 2.311262775041172, 'I_gpi': 1.673399629697804, 'noise_stn_sigma': 2.9908863317247283, 'noise_gpe_sigma': 86.68341025317298, 'noise_gpi_sigma': 95.35828197500669, 'g_stn_gpe_mult': 3.4001827459637166, 'g_gpe_stn_mult': 0.5153410067621339, 'g_stn_gpi_mult': 2.506192859572265, 'g_gpe_gpi_mult': 0.7403613957725088}. Best is trial 21 with value: 0.8998264644712826.
[I 2026-05-28 02:13:43,123] Trial 34 finished with value: 1.7685306347095517 and parameters: {'ISTN': 85.96601820393167, 'I_gpe': 0.65950957224135, 'I_gpi': 1.8179496737901566, 'noise_stn_sigma': 5.1147843557969175, 'noise_gpe_sigma': 109.0278955278768, 'noise_gpi_sigma': 119.30393244492873, 'g_stn_gpe_mult': 2.653694500433941, 'g_gpe_stn_mult': 0.448241893680845, 'g_stn_gpi_mult': 1.7785317596799586, 'g_gpe_gpi_mult': 0.905923049324268}. Best is trial 21 with value: 0.8998264644712826.
[I 2026-05-28 02:13:44,131] Trial 35 finished with value: 2.07263809035268 and parameters: {'ISTN': 82.31452872520288, 'I_gpe': 1.4134148522871675, 'I_gpi': 1.7958613605871598, 'noise_stn_sigma': 3.370526721483856, 'noise_gpe_sigma': 81.83356099346759, 'noise_gpi_sigma': 130.598133204391, 'g_stn_gpe_mult': 4.341038226460752, 'g_gpe_stn_mult': 0.21867306201452982, 'g_stn_gpi_mult': 1.8885484239415578, 'g_gpe_gpi_mult': 0.9025874826727656}. Best is trial 21 with value: 0.8998264644712826.
[I 2026-05-28 02:13:45,137] Trial 36 finished with value: 1.2793776532675225 and parameters: {'ISTN': 67.25624746263044, 'I_gpe': 0.7824372879174052, 'I_gpi': 1.6286167343004547, 'noise_stn_sigma': 4.8478598790241785, 'noise_gpe_sigma': 93.96363690497927, 'noise_gpi_sigma': 117.9583698924892, 'g_stn_gpe_mult': 2.100396382374994, 'g_gpe_stn_mult': 0.33910213324035504, 'g_stn_gpi_mult': 2.0528323495898047, 'g_gpe_gpi_mult': 0.7263076632334748}. Best is trial 21 with value: 0.8998264644712826.
[I 2026-05-28 02:13:46,141] Trial 37 finished with value: 1.767700505290296 and parameters: {'ISTN': 81.451989235926, 'I_gpe': 0.9136803120777579, 'I_gpi': 1.3440947163140717, 'noise_stn_sigma': 3.86811118124149, 'noise_gpe_sigma': 125.76010579653769, 'noise_gpi_sigma': 103.38517619146499, 'g_stn_gpe_mult': 3.3545853830013552, 'g_gpe_stn_mult': 0.5738221983753025, 'g_stn_gpi_mult': 1.1319459740522757, 'g_gpe_gpi_mult': 0.668727462467066}. Best is trial 21 with value: 0.8998264644712826.
[I 2026-05-28 02:13:47,148] Trial 38 finished with value: 2.6624448422396094 and parameters: {'ISTN': 105.84148476031228, 'I_gpe': 0.6548093008112491, 'I_gpi': 2.98131424192137, 'noise_stn_sigma': 3.250778008944337, 'noise_gpe_sigma': 147.26468643670046, 'noise_gpi_sigma': 128.10646421625404, 'g_stn_gpe_mult': 2.2249246218428658, 'g_gpe_stn_mult': 0.3094405766424537, 'g_stn_gpi_mult': 1.4256755003732657, 'g_gpe_gpi_mult': 0.9146708285221226}. Best is trial 21 with value: 0.8998264644712826.
[I 2026-05-28 02:13:48,155] Trial 39 finished with value: 2.1683946606907862 and parameters: {'ISTN': 95.7941532266275, 'I_gpe': 0.5039383743743463, 'I_gpi': 3.1778355490592323, 'noise_stn_sigma': 5.852002607307328, 'noise_gpe_sigma': 118.28648102698351, 'noise_gpi_sigma': 101.03992646107947, 'g_stn_gpe_mult': 3.622650070975623, 'g_gpe_stn_mult': 0.5112303232650687, 'g_stn_gpi_mult': 2.033016080564254, 'g_gpe_gpi_mult': 0.9189921146932698}. Best is trial 21 with value: 0.8998264644712826.
[I 2026-05-28 02:13:49,161] Trial 40 finished with value: 1.6360696998319622 and parameters: {'ISTN': 77.51938573367704, 'I_gpe': 1.6038197917579913, 'I_gpi': 2.0993289717833696, 'noise_stn_sigma': 3.174651080333339, 'noise_gpe_sigma': 106.40422967597006, 'noise_gpi_sigma': 76.03947830961381, 'g_stn_gpe_mult': 2.821103432043099, 'g_gpe_stn_mult': 0.3037088752921929, 'g_stn_gpi_mult': 1.0197264694832169, 'g_gpe_gpi_mult': 0.984870166241006}. Best is trial 21 with value: 0.8998264644712826.
[I 2026-05-28 02:13:50,170] Trial 41 finished with value: 1.0950654714253565 and parameters: {'ISTN': 64.59312699755704, 'I_gpe': 0.5192706064945474, 'I_gpi': 2.6745478057834173, 'noise_stn_sigma': 3.4168506375401093, 'noise_gpe_sigma': 106.69643888559553, 'noise_gpi_sigma': 68.15212590937571, 'g_stn_gpe_mult': 2.858241205062873, 'g_gpe_stn_mult': 0.31088080313038463, 'g_stn_gpi_mult': 2.6701662104020563, 'g_gpe_gpi_mult': 0.719285293271049}. Best is trial 21 with value: 0.8998264644712826.
[I 2026-05-28 02:13:51,176] Trial 42 finished with value: 2.2515542226052574 and parameters: {'ISTN': 85.8808692429395, 'I_gpe': 2.125460328246225, 'I_gpi': 1.071000482062497, 'noise_stn_sigma': 4.782598181275021, 'noise_gpe_sigma': 87.98486259237652, 'noise_gpi_sigma': 95.06862120687725, 'g_stn_gpe_mult': 3.1182755404280837, 'g_gpe_stn_mult': 0.41739928999692855, 'g_stn_gpi_mult': 2.333686770092724, 'g_gpe_gpi_mult': 0.8037732727759346}. Best is trial 21 with value: 0.8998264644712826.
[I 2026-05-28 02:13:52,183] Trial 43 finished with value: 5.28125776969333 and parameters: {'ISTN': 69.41495889168858, 'I_gpe': 3.5113229175293745, 'I_gpi': 1.118834510246479, 'noise_stn_sigma': 4.300130151789282, 'noise_gpe_sigma': 126.5106019306594, 'noise_gpi_sigma': 129.69148568410696, 'g_stn_gpe_mult': 1.740436395708649, 'g_gpe_stn_mult': 0.3280433916522637, 'g_stn_gpi_mult': 1.7971714937763883, 'g_gpe_gpi_mult': 0.8939008940810063}. Best is trial 21 with value: 0.8998264644712826.
