[I 2026-05-28 02:15:21,726] Trial 132 finished with value: 1.8285318685378469 and parameters: {'ISTN': 73.41152394037383, 'I_gpe': 2.353764722735825, 'I_gpi': 2.4614731705071655, 'noise_stn_sigma': 2.5166691208609717, 'noise_gpe_sigma': 75.31771865564144, 'noise_gpi_sigma': 94.14365337457927, 'g_stn_gpe_mult': 1.9570750611444163, 'g_gpe_stn_mult': 0.2412384230761621, 'g_stn_gpi_mult': 2.282382296097598, 'g_gpe_gpi_mult': 1.0309661389253688}. Best is trial 73 with value: 0.6027631458682815.
[I 2026-05-28 02:15:22,732] Trial 133 finished with value: 1.6164711420880928 and parameters: {'ISTN': 65.50308781313527, 'I_gpe': 2.3245573088448754, 'I_gpi': 3.097789618577856, 'noise_stn_sigma': 1.7901016597142685, 'noise_gpe_sigma': 68.06137250664668, 'noise_gpi_sigma': 67.68186015830639, 'g_stn_gpe_mult': 3.2256796333393343, 'g_gpe_stn_mult': 0.24158376626353428, 'g_stn_gpi_mult': 2.434124133620019, 'g_gpe_gpi_mult': 0.8904619587738143}. Best is trial 73 with value: 0.6027631458682815.
[I 2026-05-28 02:15:23,739] Trial 134 finished with value: 1.5032892146306436 and parameters: {'ISTN': 70.97428338349148, 'I_gpe': 1.2798193598113345, 'I_gpi': 2.2571754999882847, 'noise_stn_sigma': 2.7304409855079053, 'noise_gpe_sigma': 83.76575987568461, 'noise_gpi_sigma': 104.99572861687516, 'g_stn_gpe_mult': 3.3611978688635107, 'g_gpe_stn_mult': 0.23918959609357554, 'g_stn_gpi_mult': 2.725693974645402, 'g_gpe_gpi_mult': 0.9438189198125995}. Best is trial 73 with value: 0.6027631458682815.
[I 2026-05-28 02:15:24,747] Trial 135 finished with value: 1.4548545576357426 and parameters: {'ISTN': 68.72698281014479, 'I_gpe': 1.1858582373461646, 'I_gpi': 1.5828048723180679, 'noise_stn_sigma': 2.1325673966353302, 'noise_gpe_sigma': 105.74226885559106, 'noise_gpi_sigma': 83.9036409972256, 'g_stn_gpe_mult': 2.9446337244523226, 'g_gpe_stn_mult': 0.31533467420802974, 'g_stn_gpi_mult': 3.005034272261197, 'g_gpe_gpi_mult': 1.0367213855353978}. Best is trial 73 with value: 0.6027631458682815.
[I 2026-05-28 02:15:25,754] Trial 136 finished with value: 1.6829122714541844 and parameters: {'ISTN': 70.56515395434079, 'I_gpe': 2.157960696377952, 'I_gpi': 2.198316261456799, 'noise_stn_sigma': 3.010552051546719, 'noise_gpe_sigma': 67.89057115659611, 'noise_gpi_sigma': 73.1772726447164, 'g_stn_gpe_mult': 2.904090179329349, 'g_gpe_stn_mult': 0.15148799975143448, 'g_stn_gpi_mult': 2.4041001958358796, 'g_gpe_gpi_mult': 1.0039149648959873}. Best is trial 73 with value: 0.6027631458682815.
[I 2026-05-28 02:15:26,762] Trial 137 finished with value: 1.6416434000269455 and parameters: {'ISTN': 69.20630655498385, 'I_gpe': 1.9140349360099544, 'I_gpi': 2.5375021870232324, 'noise_stn_sigma': 2.78367657397731, 'noise_gpe_sigma': 67.28617204873193, 'noise_gpi_sigma': 88.66108030569403, 'g_stn_gpe_mult': 2.8741296980280677, 'g_gpe_stn_mult': 0.2680574893656377, 'g_stn_gpi_mult': 2.914643093091639, 'g_gpe_gpi_mult': 0.7830490714621607}. Best is trial 73 with value: 0.6027631458682815.
[I 2026-05-28 02:15:27,769] Trial 138 finished with value: 2.193917265110519 and parameters: {'ISTN': 70.34048090528964, 'I_gpe': 2.168635364403393, 'I_gpi': 1.2522469952494975, 'noise_stn_sigma': 1.8825794784775791, 'noise_gpe_sigma': 40.23778699593619, 'noise_gpi_sigma': 113.63674182869612, 'g_stn_gpe_mult': 2.6343268292510844, 'g_gpe_stn_mult': 0.2749941667078937, 'g_stn_gpi_mult': 2.8307163583995494, 'g_gpe_gpi_mult': 1.0301397615339478}. Best is trial 73 with value: 0.6027631458682815.
[I 2026-05-28 02:15:28,775] Trial 139 finished with value: 1.5842353629384585 and parameters: {'ISTN': 73.21127947577904, 'I_gpe': 1.749809364266094, 'I_gpi': 2.1161435227294474, 'noise_stn_sigma': 1.6848141229852, 'noise_gpe_sigma': 96.78815810344352, 'noise_gpi_sigma': 72.0559855421051, 'g_stn_gpe_mult': 2.888965723384236, 'g_gpe_stn_mult': 0.24873597256508773, 'g_stn_gpi_mult': 3.547083105954555, 'g_gpe_gpi_mult': 0.8868707142042396}. Best is trial 73 with value: 0.6027631458682815.
[I 2026-05-28 02:15:29,781] Trial 140 finished with value: 1.7667744576321733 and parameters: {'ISTN': 73.02894170718008, 'I_gpe': 1.3440593557334937, 'I_gpi': 2.0605161984810105, 'noise_stn_sigma': 4.558120256818635, 'noise_gpe_sigma': 61.78903213926626, 'noise_gpi_sigma': 109.48111417851815, 'g_stn_gpe_mult': 3.0416421588817615, 'g_gpe_stn_mult': 0.22875348498270137, 'g_stn_gpi_mult': 2.6955089865922472, 'g_gpe_gpi_mult': 0.9880544222827581}. Best is trial 73 with value: 0.6027631458682815.
[I 2026-05-28 02:15:30,789] Trial 141 finished with value: 1.6290409409428959 and parameters: {'ISTN': 72.67336928742992, 'I_gpe': 1.3226220508946573, 'I_gpi': 2.2430312070044485, 'noise_stn_sigma': 2.664686515966966, 'noise_gpe_sigma': 92.78829555657333, 'noise_gpi_sigma': 81.99717174437572, 'g_stn_gpe_mult': 2.997466504524353, 'g_gpe_stn_mult': 0.2474255199104389, 'g_stn_gpi_mult': 3.4536734808330243, 'g_gpe_gpi_mult': 0.9247670091015914}. Best is trial 73 with value: 0.6027631458682815.
[I 2026-05-28 02:15:31,797] Trial 142 finished with value: 1.6373536404348283 and parameters: {'ISTN': 73.00660504883093, 'I_gpe': 1.2043301181023915, 'I_gpi': 1.952763532130648, 'noise_stn_sigma': 2.2889808802006044, 'noise_gpe_sigma': 104.20749772207765, 'noise_gpi_sigma': 73.78896892876892, 'g_stn_gpe_mult': 2.503398937846759, 'g_gpe_stn_mult': 0.24273408607560726, 'g_stn_gpi_mult': 3.427104285705068, 'g_gpe_gpi_mult': 0.9808353927351026}. Best is trial 73 with value: 0.6027631458682815.
[I 2026-05-28 02:15:32,802] Trial 143 finished with value: 0.9604874065868886 and parameters: {'ISTN': 71.06324899415782, 'I_gpe': 1.5257255284954967, 'I_gpi': 2.6136588406229526, 'noise_stn_sigma': 2.163629255621109, 'noise_gpe_sigma': 70.11963760842087, 'noise_gpi_sigma': 83.98110884486448, 'g_stn_gpe_mult': 3.1101694474496346, 'g_gpe_stn_mult': 0.11016076478774087, 'g_stn_gpi_mult': 3.5585784371273563, 'g_gpe_gpi_mult': 0.7645736447778493}. Best is trial 73 with value: 0.6027631458682815.
[I 2026-05-28 02:15:33,809] Trial 144 finished with value: 1.6967397673146047 and parameters: {'ISTN': 70.43791520928592, 'I_gpe': 2.14465578722262, 'I_gpi': 1.6072473140060137, 'noise_stn_sigma': 2.7130316638077296, 'noise_gpe_sigma': 98.20501536423654, 'noise_gpi_sigma': 63.27771498337327, 'g_stn_gpe_mult': 2.5655636904576817, 'g_gpe_stn_mult': 0.282526969054158, 'g_stn_gpi_mult': 2.777595840480248, 'g_gpe_gpi_mult': 1.1048758740073144}. Best is trial 73 with value: 0.6027631458682815.
[I 2026-05-28 02:15:34,815] Trial 145 finished with value: 1.706177413598947 and parameters: {'ISTN': 73.42885209112534, 'I_gpe': 1.0795807349803115, 'I_gpi': 1.0657115256139797, 'noise_stn_sigma': 2.463772019721049, 'noise_gpe_sigma': 71.30897182047434, 'noise_gpi_sigma': 96.69803251306112, 'g_stn_gpe_mult': 3.050371449760881, 'g_gpe_stn_mult': 0.16856330683109932, 'g_stn_gpi_mult': 2.7365312665520256, 'g_gpe_gpi_mult': 0.8930649818295169}. Best is trial 73 with value: 0.6027631458682815.
[I 2026-05-28 02:15:35,822] Trial 146 finished with value: 1.036011124222885 and parameters: {'ISTN': 68.77276206725332, 'I_gpe': 0.7637933526148828, 'I_gpi': 1.8444274605811348, 'noise_stn_sigma': 2.327321960895067, 'noise_gpe_sigma': 85.57796364612291, 'noise_gpi_sigma': 82.7246286497375, 'g_stn_gpe_mult': 1.936447231403575, 'g_gpe_stn_mult': 0.1612434493933611, 'g_stn_gpi_mult': 3.430201419706549, 'g_gpe_gpi_mult': 0.8658172142094296}. Best is trial 73 with value: 0.6027631458682815.
[I 2026-05-28 02:15:36,829] Trial 147 finished with value: 0.7165686508779968 and parameters: {'ISTN': 64.71037353600165, 'I_gpe': 1.446219432810858, 'I_gpi': 1.3607854816977176, 'noise_stn_sigma': 1.9697839619553679, 'noise_gpe_sigma': 91.53969109517759, 'noise_gpi_sigma': 87.8883120565736, 'g_stn_gpe_mult': 3.3416919650278283, 'g_gpe_stn_mult': 0.1449422955137566, 'g_stn_gpi_mult': 2.828874492756095, 'g_gpe_gpi_mult': 1.0964129845660484}. Best is trial 73 with value: 0.6027631458682815.
[I 2026-05-28 02:15:37,834] Trial 148 finished with value: 0.9660986779514142 and parameters: {'ISTN': 68.29045714020455, 'I_gpe': 1.3986031329889759, 'I_gpi': 1.4421770821855, 'noise_stn_sigma': 3.0435058206594388, 'noise_gpe_sigma': 96.29611982595121, 'noise_gpi_sigma': 124.72252178785116, 'g_stn_gpe_mult': 2.6790206226409117, 'g_gpe_stn_mult': 0.13506063658942838, 'g_stn_gpi_mult': 2.541487289770493, 'g_gpe_gpi_mult': 0.8616744840983355}. Best is trial 73 with value: 0.6027631458682815.
[I 2026-05-28 02:15:38,841] Trial 149 finished with value: 1.000064294319968 and parameters: {'ISTN': 73.50509809970147, 'I_gpe': 1.3941912873900628, 'I_gpi': 1.9260380467345046, 'noise_stn_sigma': 1.7280455402342008, 'noise_gpe_sigma': 84.15410447000643, 'noise_gpi_sigma': 108.214514110503, 'g_stn_gpe_mult': 2.1062237615206354, 'g_gpe_stn_mult': 0.15838927579454323, 'g_stn_gpi_mult': 3.586310223154291, 'g_gpe_gpi_mult': 1.0335987599069614}. Best is trial 73 with value: 0.6027631458682815.
[I 2026-05-28 02:15:39,848] Trial 150 finished with value: 1.4235140893912437 and parameters: {'ISTN': 69.65971915486135, 'I_gpe': 1.8282011039778499, 'I_gpi': 1.8442725501299704, 'noise_stn_sigma': 1.909854840351594, 'noise_gpe_sigma': 101.41374774546853, 'noise_gpi_sigma': 114.04315204129321, 'g_stn_gpe_mult': 3.3826928511582244, 'g_gpe_stn_mult': 0.2247796617591767, 'g_stn_gpi_mult': 2.618234823334081, 'g_gpe_gpi_mult': 0.9515781338389944}. Best is trial 73 with value: 0.6027631458682815.
[I 2026-05-28 02:15:40,854] Trial 151 finished with value: 0.8848912030403902 and parameters: {'ISTN': 66.30246790448895, 'I_gpe': 0.6435772423664867, 'I_gpi': 1.2916436895409453, 'noise_stn_sigma': 1.7184422160845583, 'noise_gpe_sigma': 86.12649478081494, 'noise_gpi_sigma': 100.68204183548212, 'g_stn_gpe_mult': 2.3998437144506424, 'g_gpe_stn_mult': 0.21502571944156873, 'g_stn_gpi_mult': 3.3574529576947505, 'g_gpe_gpi_mult': 0.969222069390858}. Best is trial 73 with value: 0.6027631458682815.
[I 2026-05-28 02:15:41,863] Trial 152 finished with value: 0.9743920525125465 and parameters: {'ISTN': 69.37800836847872, 'I_gpe': 1.9189695187209668, 'I_gpi': 2.1633644499662688, 'noise_stn_sigma': 2.4325529640001253, 'noise_gpe_sigma': 63.77624204864051, 'noise_gpi_sigma': 66.09037085123514, 'g_stn_gpe_mult': 3.503150621695266, 'g_gpe_stn_mult': 0.13451293002635578, 'g_stn_gpi_mult': 2.82605767613986, 'g_gpe_gpi_mult': 1.0534671877345088}. Best is trial 73 with value: 0.6027631458682815.
[I 2026-05-28 02:15:42,867] Trial 153 finished with value: 0.9169825258059104 and parameters: {'ISTN': 65.48242386588916, 'I_gpe': 0.9978102266049037, 'I_gpi': 1.864198460296335, 'noise_stn_sigma': 1.5931040837586354, 'noise_gpe_sigma': 82.46627735646172, 'noise_gpi_sigma': 104.71981287368513, 'g_stn_gpe_mult': 2.5650356056292765, 'g_gpe_stn_mult': 0.25611027856808194, 'g_stn_gpi_mult': 2.8613206742070574, 'g_gpe_gpi_mult': 0.845434984497498}. Best is trial 73 with value: 0.6027631458682815.
[I 2026-05-28 02:15:43,876] Trial 154 finished with value: 1.5642344673896376 and parameters: {'ISTN': 77.88344327495643, 'I_gpe': 0.8448377947071015, 'I_gpi': 2.5333232627520412, 'noise_stn_sigma': 1.996515515866434, 'noise_gpe_sigma': 88.67479919514882, 'noise_gpi_sigma': 111.77698499670714, 'g_stn_gpe_mult': 3.2921552145078103, 'g_gpe_stn_mult': 0.2097412812191345, 'g_stn_gpi_mult': 3.4204060696771337, 'g_gpe_gpi_mult': 0.9081849865172023}. Best is trial 73 with value: 0.6027631458682815.
[I 2026-05-28 02:15:44,880] Trial 155 finished with value: 1.0006628048266777 and parameters: {'ISTN': 69.36730456704359, 'I_gpe': 1.326197088976553, 'I_gpi': 1.4663509586454486, 'noise_stn_sigma': 3.024866191597518, 'noise_gpe_sigma': 92.7726390658222, 'noise_gpi_sigma': 90.60863691482872, 'g_stn_gpe_mult': 2.899206860839148, 'g_gpe_stn_mult': 0.22860463614104723, 'g_stn_gpi_mult': 3.0808839826587953, 'g_gpe_gpi_mult': 1.1021954085649068}. Best is trial 73 with value: 0.6027631458682815.
[I 2026-05-28 02:15:45,883] Trial 156 finished with value: 1.5358849365916951 and parameters: {'ISTN': 72.16030800915655, 'I_gpe': 1.5615678662340877, 'I_gpi': 1.5137074817457057, 'noise_stn_sigma': 1.843955465424862, 'noise_gpe_sigma': 104.9620589901941, 'noise_gpi_sigma': 78.94084020075553, 'g_stn_gpe_mult': 3.513487014106158, 'g_gpe_stn_mult': 0.21619394384398494, 'g_stn_gpi_mult': 2.864607443576406, 'g_gpe_gpi_mult': 0.9157291454282166}. Best is trial 73 with value: 0.6027631458682815.
[I 2026-05-28 02:15:46,890] Trial 157 finished with value: 1.4448335023896521 and parameters: {'ISTN': 74.2600090720092, 'I_gpe': 0.9438537695512816, 'I_gpi': 2.2412030830213028, 'noise_stn_sigma': 3.1007658054906786, 'noise_gpe_sigma': 89.37510554883075, 'noise_gpi_sigma': 74.99274424085776, 'g_stn_gpe_mult': 2.745501008256597, 'g_gpe_stn_mult': 0.12406699677856284, 'g_stn_gpi_mult': 3.117544430616267, 'g_gpe_gpi_mult': 0.8420279396001871}. Best is trial 73 with value: 0.6027631458682815.
[I 2026-05-28 02:15:47,897] Trial 158 finished with value: 1.149008229126529 and parameters: {'ISTN': 68.52542320613834, 'I_gpe': 1.3374982894804353, 'I_gpi': 1.0593333760441002, 'noise_stn_sigma': 2.8341862904634207, 'noise_gpe_sigma': 110.14204266016048, 'noise_gpi_sigma': 121.24159444516789, 'g_stn_gpe_mult': 3.495421430163738, 'g_gpe_stn_mult': 0.1685103742550212, 'g_stn_gpi_mult': 3.2515360400035416, 'g_gpe_gpi_mult': 0.9032297254170465}. Best is trial 73 with value: 0.6027631458682815.
[I 2026-05-28 02:15:48,903] Trial 159 finished with value: 1.7900448638625541 and parameters: {'ISTN': 77.5913170302069, 'I_gpe': 1.6400584534078737, 'I_gpi': 1.4750177249670784, 'noise_stn_sigma': 1.6827667704811082, 'noise_gpe_sigma': 109.4541518761407, 'noise_gpi_sigma': 99.21983764434675, 'g_stn_gpe_mult': 3.224680978378308, 'g_gpe_stn_mult': 0.28774271546083896, 'g_stn_gpi_mult': 3.5519519562427524, 'g_gpe_gpi_mult': 0.9005094602884607}. Best is trial 73 with value: 0.6027631458682815.
[I 2026-05-28 02:15:49,911] Trial 160 finished with value: 1.35323784765519 and parameters: {'ISTN': 71.39633609627032, 'I_gpe': 1.7109764936875789, 'I_gpi': 1.7614745642628677, 'noise_stn_sigma': 2.093192408464914, 'noise_gpe_sigma': 102.89935257610603, 'noise_gpi_sigma': 96.55233282834516, 'g_stn_gpe_mult': 3.5827008054952256, 'g_gpe_stn_mult': 0.20313252451203803, 'g_stn_gpi_mult': 2.960679854045276, 'g_gpe_gpi_mult': 0.8248381858389049}. Best is trial 73 with value: 0.6027631458682815.
[I 2026-05-28 02:15:50,918] Trial 161 finished with value: 3.4131243321395366 and parameters: {'ISTN': 63.030148281406504, 'I_gpe': 0.7299417394884029, 'I_gpi': 1.5788116033869275, 'noise_stn_sigma': 1.1970398287665773, 'noise_gpe_sigma': 92.92740292486134, 'noise_gpi_sigma': 75.49109373445432, 'g_stn_gpe_mult': 2.907967419582378, 'g_gpe_stn_mult': 0.13695431368648597, 'g_stn_gpi_mult': 3.1763792767802164, 'g_gpe_gpi_mult': 0.9722458336089168}. Best is trial 73 with value: 0.6027631458682815.
[I 2026-05-28 02:15:51,924] Trial 162 finished with value: 1.7002651665633606 and parameters: {'ISTN': 71.73746288566723, 'I_gpe': 0.6798481493984319, 'I_gpi': 1.0067254777734038, 'noise_stn_sigma': 2.219585502894768, 'noise_gpe_sigma': 91.28990373056266, 'noise_gpi_sigma': 94.71323088943379, 'g_stn_gpe_mult': 3.501556759976607, 'g_gpe_stn_mult': 0.25285090952266553, 'g_stn_gpi_mult': 2.588006267355107, 'g_gpe_gpi_mult': 0.9105345614677196}. Best is trial 73 with value: 0.6027631458682815.
[I 2026-05-28 02:15:52,932] Trial 163 finished with value: 1.211533499750658 and parameters: {'ISTN': 71.70253215351494, 'I_gpe': 0.7023487998730981, 'I_gpi': 1.9111481601903981, 'noise_stn_sigma': 1.2762754689477853, 'noise_gpe_sigma': 76.54079796139064, 'noise_gpi_sigma': 103.62885061966452, 'g_stn_gpe_mult': 2.7055521045710487, 'g_gpe_stn_mult': 0.18712691198893114, 'g_stn_gpi_mult': 2.7633957157617295, 'g_gpe_gpi_mult': 1.1624121341978502}. Best is trial 73 with value: 0.6027631458682815.
[I 2026-05-28 02:15:53,939] Trial 164 finished with value: 1.0959289910147252 and parameters: {'ISTN': 67.54425797592428, 'I_gpe': 0.9831814016094096, 'I_gpi': 1.543323203940182, 'noise_stn_sigma': 1.4506622229740453, 'noise_gpe_sigma': 69.36645174372975, 'noise_gpi_sigma': 101.31974677359295, 'g_stn_gpe_mult': 3.1147728776093766, 'g_gpe_stn_mult': 0.1978955293565347, 'g_stn_gpi_mult': 2.8395615249202035, 'g_gpe_gpi_mult': 0.8139187677193125}. Best is trial 73 with value: 0.6027631458682815.
[I 2026-05-28 02:15:54,944] Trial 165 finished with value: 0.7876901055306198 and parameters: {'ISTN': 61.30735336346552, 'I_gpe': 1.1286133605885624, 'I_gpi': 1.4519559692651114, 'noise_stn_sigma': 2.2930475949813167, 'noise_gpe_sigma': 91.84487395852395, 'noise_gpi_sigma': 107.00451895056474, 'g_stn_gpe_mult': 2.9003865784397798, 'g_gpe_stn_mult': 0.3674380308098153, 'g_stn_gpi_mult': 2.5307281401749018, 'g_gpe_gpi_mult': 1.068455274244217}. Best is trial 73 with value: 0.6027631458682815.
[I 2026-05-28 02:15:55,950] Trial 166 finished with value: 1.5533956303247973 and parameters: {'ISTN': 74.98769017938778, 'I_gpe': 1.3453174447291583, 'I_gpi': 1.8223012081576844, 'noise_stn_sigma': 3.024847760653228, 'noise_gpe_sigma': 72.46702863929015, 'noise_gpi_sigma': 98.54934037822805, 'g_stn_gpe_mult': 2.7992001252501426, 'g_gpe_stn_mult': 0.24068943605943263, 'g_stn_gpi_mult': 2.965096255385431, 'g_gpe_gpi_mult': 0.9785381630175674}. Best is trial 73 with value: 0.6027631458682815.
[I 2026-05-28 02:15:56,957] Trial 167 finished with value: 1.02595688842666 and parameters: {'ISTN': 72.12528442127756, 'I_gpe': 0.8501811352081612, 'I_gpi': 1.1730388685141984, 'noise_stn_sigma': 2.4919740915049795, 'noise_gpe_sigma': 78.85932060619177, 'noise_gpi_sigma': 96.44930503655847, 'g_stn_gpe_mult': 3.335415534435697, 'g_gpe_stn_mult': 0.12632295551822967, 'g_stn_gpi_mult': 3.294245881415379, 'g_gpe_gpi_mult': 0.9772731695122598}. Best is trial 73 with value: 0.6027631458682815.
[I 2026-05-28 02:15:57,963] Trial 168 finished with value: 1.4936293542362988 and parameters: {'ISTN': 70.37959831781528, 'I_gpe': 0.6544366222882684, 'I_gpi': 1.1138935822538958, 'noise_stn_sigma': 1.7076339940027632, 'noise_gpe_sigma': 67.85691808677578, 'noise_gpi_sigma': 100.23177872015637, 'g_stn_gpe_mult': 3.3226258142134215, 'g_gpe_stn_mult': 0.17521380137338655, 'g_stn_gpi_mult': 3.242147239332669, 'g_gpe_gpi_mult': 0.9591235062874586}. Best is trial 73 with value: 0.6027631458682815.
[I 2026-05-28 02:15:58,966] Trial 169 finished with value: 1.1297111103619728 and parameters: {'ISTN': 63.29681281434923, 'I_gpe': 1.3147401824280696, 'I_gpi': 2.517592813727735, 'noise_stn_sigma': 1.3094375856269118, 'noise_gpe_sigma': 74.66681931162151, 'noise_gpi_sigma': 87.91431272238962, 'g_stn_gpe_mult': 2.289558566015724, 'g_gpe_stn_mult': 0.1224459187153793, 'g_stn_gpi_mult': 3.0009705208181283, 'g_gpe_gpi_mult': 0.9191304797608832}. Best is trial 73 with value: 0.6027631458682815.
[I 2026-05-28 02:15:59,973] Trial 170 finished with value: 1.5061853159385739 and parameters: {'ISTN': 69.62276775414816, 'I_gpe': 1.8473451775791205, 'I_gpi': 1.619037844810188, 'noise_stn_sigma': 2.03216958702653, 'noise_gpe_sigma': 110.39753795780645, 'noise_gpi_sigma': 111.4520084680192, 'g_stn_gpe_mult': 2.575441106424554, 'g_gpe_stn_mult': 0.19541010811101997, 'g_stn_gpi_mult': 2.606257933700438, 'g_gpe_gpi_mult': 0.716672383397339}. Best is trial 73 with value: 0.6027631458682815.
[I 2026-05-28 02:16:00,981] Trial 171 finished with value: 1.7698696533814906 and parameters: {'ISTN': 77.22031833895318, 'I_gpe': 0.813563836672601, 'I_gpi': 1.3196691067078876, 'noise_stn_sigma': 2.573947509953212, 'noise_gpe_sigma': 79.22778125539816, 'noise_gpi_sigma': 82.89801765798606, 'g_stn_gpe_mult': 3.345251881003933, 'g_gpe_stn_mult': 0.2950210038959981, 'g_stn_gpi_mult': 2.904017456418597, 'g_gpe_gpi_mult': 0.9611468284637661}. Best is trial 73 with value: 0.6027631458682815.
[I 2026-05-28 02:16:01,987] Trial 172 finished with value: 0.9304942470134598 and parameters: {'ISTN': 63.28768724814884, 'I_gpe': 1.2290972405456249, 'I_gpi': 1.1726198125909089, 'noise_stn_sigma': 3.90927996681666, 'noise_gpe_sigma': 85.76703653510543, 'noise_gpi_sigma': 114.71191021307789, 'g_stn_gpe_mult': 2.786334488051067, 'g_gpe_stn_mult': 0.21284149430481353, 'g_stn_gpi_mult': 3.0608093439585815, 'g_gpe_gpi_mult': 0.9576528313484383}. Best is trial 73 with value: 0.6027631458682815.
[I 2026-05-28 02:16:02,994] Trial 173 finished with value: 1.6805321470370622 and parameters: {'ISTN': 73.37466960836082, 'I_gpe': 1.0052839228983734, 'I_gpi': 2.11200227945584, 'noise_stn_sigma': 1.1194483411555234, 'noise_gpe_sigma': 70.13130986378295, 'noise_gpi_sigma': 100.52193780708512, 'g_stn_gpe_mult': 3.736181305482022, 'g_gpe_stn_mult': 0.31956611670822804, 'g_stn_gpi_mult': 2.455213903606864, 'g_gpe_gpi_mult': 1.0480788405166863}. Best is trial 73 with value: 0.6027631458682815.
[I 2026-05-28 02:16:04,002] Trial 174 finished with value: 0.6715307327275178 and parameters: {'ISTN': 61.16785485637523, 'I_gpe': 1.240783315476469, 'I_gpi': 1.5654979642424134, 'noise_stn_sigma': 2.225100126099353, 'noise_gpe_sigma': 75.94928811618018, 'noise_gpi_sigma': 84.24868651374784, 'g_stn_gpe_mult': 3.4746063123002484, 'g_gpe_stn_mult': 0.1634150840554826, 'g_stn_gpi_mult': 2.7114147808905615, 'g_gpe_gpi_mult': 0.9968302034736027}. Best is trial 73 with value: 0.6027631458682815.
[I 2026-05-28 02:16:05,008] Trial 175 finished with value: 1.622280915480482 and parameters: {'ISTN': 67.84492266845389, 'I_gpe': 1.2838043497267069, 'I_gpi': 1.7944584093273723, 'noise_stn_sigma': 2.501316574509516, 'noise_gpe_sigma': 58.84658398250715, 'noise_gpi_sigma': 79.09038288791402, 'g_stn_gpe_mult': 2.3123821426763724, 'g_gpe_stn_mult': 0.26763132682682134, 'g_stn_gpi_mult': 2.6529259795517124, 'g_gpe_gpi_mult': 0.9145151052413483}. Best is trial 73 with value: 0.6027631458682815.
