[I 2026-05-28 01:40:40,319] Trial 88 finished with value: 3.4458165577195787 and parameters: {'ISTN': 69.12726368451396, 'I_gpe': 1.0164710217770305, 'I_gpi': 1.8733882301586635, 'noise_stn_sigma': 5.515294875413408, 'noise_gpe_sigma': 54.73314834268114, 'noise_gpi_sigma': 41.46191439672209, 'g_stn_gpe_mult': 2.8319849662269974, 'g_gpe_stn_mult': 0.21111864520853124, 'g_stn_gpi_mult': 2.278577302123238, 'g_gpe_gpi_mult': 0.7024963612703625}. Best is trial 50 with value: 0.4363955767989327.
[I 2026-05-28 01:40:41,328] Trial 89 finished with value: 0.539463815541899 and parameters: {'ISTN': 61.08690384541764, 'I_gpe': 1.6451315832237063, 'I_gpi': 2.2372130873720186, 'noise_stn_sigma': 6.869407155270726, 'noise_gpe_sigma': 84.53798935501726, 'noise_gpi_sigma': 90.32420397636133, 'g_stn_gpe_mult': 2.786094358061198, 'g_gpe_stn_mult': 0.11567166412578997, 'g_stn_gpi_mult': 2.2939542981140493, 'g_gpe_gpi_mult': 0.6197783407149673}. Best is trial 50 with value: 0.4363955767989327.
[I 2026-05-28 01:40:42,336] Trial 90 finished with value: 3.370428757453625 and parameters: {'ISTN': 71.23190606620044, 'I_gpe': 1.746660947844385, 'I_gpi': 2.407218452364042, 'noise_stn_sigma': 5.997281629769238, 'noise_gpe_sigma': 94.79140999295895, 'noise_gpi_sigma': 70.0378617049389, 'g_stn_gpe_mult': 2.696191008324863, 'g_gpe_stn_mult': 0.3885786624869705, 'g_stn_gpi_mult': 2.4048374726627726, 'g_gpe_gpi_mult': 0.4192545744901658}. Best is trial 50 with value: 0.4363955767989327.
[I 2026-05-28 01:40:43,345] Trial 91 finished with value: 3.1638890495146614 and parameters: {'ISTN': 64.06557261916086, 'I_gpe': 1.524559585519154, 'I_gpi': 1.256320379808844, 'noise_stn_sigma': 5.361625883255866, 'noise_gpe_sigma': 63.306905555155296, 'noise_gpi_sigma': 73.45935460070166, 'g_stn_gpe_mult': 3.035263205599475, 'g_gpe_stn_mult': 0.24852169482470124, 'g_stn_gpi_mult': 2.169011085852634, 'g_gpe_gpi_mult': 0.4782561189539474}. Best is trial 50 with value: 0.4363955767989327.
[I 2026-05-28 01:40:44,352] Trial 92 finished with value: 1.1261083628406563 and parameters: {'ISTN': 61.78863651012899, 'I_gpe': 1.0094841049739602, 'I_gpi': 3.0618740935195286, 'noise_stn_sigma': 6.06269377175894, 'noise_gpe_sigma': 70.97038245780462, 'noise_gpi_sigma': 91.86388961598314, 'g_stn_gpe_mult': 1.9085856233914842, 'g_gpe_stn_mult': 0.20212654690512313, 'g_stn_gpi_mult': 2.576807203506859, 'g_gpe_gpi_mult': 0.869601479683684}. Best is trial 50 with value: 0.4363955767989327.
[I 2026-05-28 01:40:45,360] Trial 93 finished with value: 1.4736694207467658 and parameters: {'ISTN': 63.704781924933265, 'I_gpe': 0.584017569150307, 'I_gpi': 1.3660158123857995, 'noise_stn_sigma': 7.976874451774594, 'noise_gpe_sigma': 60.40080002662504, 'noise_gpi_sigma': 79.52804548108014, 'g_stn_gpe_mult': 2.310194927458511, 'g_gpe_stn_mult': 0.160065280271773, 'g_stn_gpi_mult': 2.7911615498605746, 'g_gpe_gpi_mult': 0.4128692068768711}. Best is trial 50 with value: 0.4363955767989327.
[I 2026-05-28 01:40:46,367] Trial 94 finished with value: 2.6794522110717116 and parameters: {'ISTN': 67.3359184271937, 'I_gpe': 1.1946027957062744, 'I_gpi': 1.8550403288591846, 'noise_stn_sigma': 6.3525103528380065, 'noise_gpe_sigma': 64.88958665241381, 'noise_gpi_sigma': 108.72894247797335, 'g_stn_gpe_mult': 2.925204668612367, 'g_gpe_stn_mult': 0.28112793836574657, 'g_stn_gpi_mult': 2.5386948381285115, 'g_gpe_gpi_mult': 0.5506847250980427}. Best is trial 50 with value: 0.4363955767989327.
[I 2026-05-28 01:40:47,376] Trial 95 finished with value: 2.441974746659475 and parameters: {'ISTN': 75.99116953743807, 'I_gpe': 1.0315018649608734, 'I_gpi': 1.4622465377626996, 'noise_stn_sigma': 6.307082809164995, 'noise_gpe_sigma': 77.38283440286479, 'noise_gpi_sigma': 91.27128916675039, 'g_stn_gpe_mult': 2.8527896145879383, 'g_gpe_stn_mult': 0.18079779363616671, 'g_stn_gpi_mult': 2.38717032634791, 'g_gpe_gpi_mult': 0.5185032676729358}. Best is trial 50 with value: 0.4363955767989327.
[I 2026-05-28 01:40:48,385] Trial 96 finished with value: 3.412709856290832 and parameters: {'ISTN': 79.77728081145514, 'I_gpe': 1.6310337781580366, 'I_gpi': 2.189676439264907, 'noise_stn_sigma': 6.8658063855411235, 'noise_gpe_sigma': 69.17497669349177, 'noise_gpi_sigma': 59.45494878965566, 'g_stn_gpe_mult': 3.5572034540672055, 'g_gpe_stn_mult': 0.12043454993964427, 'g_stn_gpi_mult': 2.206058721961027, 'g_gpe_gpi_mult': 0.4427595982269954}. Best is trial 50 with value: 0.4363955767989327.
[I 2026-05-28 01:40:49,392] Trial 97 finished with value: 1.7476103908283807 and parameters: {'ISTN': 72.20890170207873, 'I_gpe': 1.2174796651032205, 'I_gpi': 2.2370529435638553, 'noise_stn_sigma': 7.605144091986917, 'noise_gpe_sigma': 78.56075436352798, 'noise_gpi_sigma': 86.90403376939794, 'g_stn_gpe_mult': 2.3364376994008715, 'g_gpe_stn_mult': 0.1015825313836831, 'g_stn_gpi_mult': 1.4115893061913642, 'g_gpe_gpi_mult': 0.44902889426499404}. Best is trial 50 with value: 0.4363955767989327.
[I 2026-05-28 01:40:50,400] Trial 98 finished with value: 2.86643883275483 and parameters: {'ISTN': 73.75553364422949, 'I_gpe': 1.0811554271574275, 'I_gpi': 1.9156057060383964, 'noise_stn_sigma': 6.1346334910457925, 'noise_gpe_sigma': 73.43771850959087, 'noise_gpi_sigma': 114.80800979046893, 'g_stn_gpe_mult': 2.304330039823678, 'g_gpe_stn_mult': 0.20776497135331518, 'g_stn_gpi_mult': 2.32374726616646, 'g_gpe_gpi_mult': 0.5234892844645382}. Best is trial 50 with value: 0.4363955767989327.
[I 2026-05-28 01:40:51,407] Trial 99 finished with value: 2.52282693901637 and parameters: {'ISTN': 66.44603450629022, 'I_gpe': 1.43007052197074, 'I_gpi': 2.472686994220009, 'noise_stn_sigma': 6.861954346238026, 'noise_gpe_sigma': 72.0934423713831, 'noise_gpi_sigma': 63.051652139908, 'g_stn_gpe_mult': 2.8666203787588973, 'g_gpe_stn_mult': 0.11840836322706211, 'g_stn_gpi_mult': 2.382011812890556, 'g_gpe_gpi_mult': 0.5006877340183364}. Best is trial 50 with value: 0.4363955767989327.
[I 2026-05-28 01:40:52,355] Trial 100 finished with value: 1000000.0 and parameters: {'ISTN': 73.66077770053488, 'I_gpe': 0.7649248876819943, 'I_gpi': 1.517764461948857, 'noise_stn_sigma': 4.720973699298047, 'noise_gpe_sigma': 115.20778543037655, 'noise_gpi_sigma': 80.32463531611705, 'g_stn_gpe_mult': 2.28683220685131, 'g_gpe_stn_mult': 0.2948717322172648, 'g_stn_gpi_mult': 2.7465017257874766, 'g_gpe_gpi_mult': 0.6755569197183524}. Best is trial 50 with value: 0.4363955767989327.
[I 2026-05-28 01:40:53,364] Trial 101 finished with value: 4.899524172506274 and parameters: {'ISTN': 85.07632164022098, 'I_gpe': 1.4298257252808535, 'I_gpi': 2.1709027892214783, 'noise_stn_sigma': 7.482571096447385, 'noise_gpe_sigma': 48.292772501230374, 'noise_gpi_sigma': 105.44634479162599, 'g_stn_gpe_mult': 2.0915366343104482, 'g_gpe_stn_mult': 0.1629980619480195, 'g_stn_gpi_mult': 1.9677843318742396, 'g_gpe_gpi_mult': 0.6134566545348874}. Best is trial 50 with value: 0.4363955767989327.
[I 2026-05-28 01:40:54,373] Trial 102 finished with value: 5.205996484448084 and parameters: {'ISTN': 88.54451987299315, 'I_gpe': 1.4091850299592354, 'I_gpi': 2.2933801405700054, 'noise_stn_sigma': 7.351679379402653, 'noise_gpe_sigma': 37.0517480696345, 'noise_gpi_sigma': 70.59953745058712, 'g_stn_gpe_mult': 2.0491718858247094, 'g_gpe_stn_mult': 0.1849697195766509, 'g_stn_gpi_mult': 1.83150111738633, 'g_gpe_gpi_mult': 0.5267921661312324}. Best is trial 50 with value: 0.4363955767989327.
[I 2026-05-28 01:40:55,381] Trial 103 finished with value: 3.0036635809599668 and parameters: {'ISTN': 68.26764177355781, 'I_gpe': 1.3753153215480571, 'I_gpi': 3.060501284405386, 'noise_stn_sigma': 6.141330508741661, 'noise_gpe_sigma': 58.911557421849146, 'noise_gpi_sigma': 83.55175567010022, 'g_stn_gpe_mult': 1.9279363470225077, 'g_gpe_stn_mult': 0.16600058819405353, 'g_stn_gpi_mult': 3.555242026518062, 'g_gpe_gpi_mult': 1.1189381781875054}. Best is trial 50 with value: 0.4363955767989327.
[I 2026-05-28 01:40:56,391] Trial 104 finished with value: 1.2075173655350417 and parameters: {'ISTN': 81.3033874558274, 'I_gpe': 0.8726397508928309, 'I_gpi': 2.2901492224306903, 'noise_stn_sigma': 7.413193217629534, 'noise_gpe_sigma': 77.00377005204098, 'noise_gpi_sigma': 50.50830296061958, 'g_stn_gpe_mult': 2.3248650242123428, 'g_gpe_stn_mult': 0.10757985621667286, 'g_stn_gpi_mult': 2.4824585419303324, 'g_gpe_gpi_mult': 0.4915693816673807}. Best is trial 50 with value: 0.4363955767989327.
[I 2026-05-28 01:40:57,400] Trial 105 finished with value: 1.7837593514602368 and parameters: {'ISTN': 81.30449616375029, 'I_gpe': 0.5485203719502417, 'I_gpi': 2.0702467146987127, 'noise_stn_sigma': 7.756601216511161, 'noise_gpe_sigma': 83.42881697643438, 'noise_gpi_sigma': 68.89723003640935, 'g_stn_gpe_mult': 2.264094587199845, 'g_gpe_stn_mult': 0.1158281032358309, 'g_stn_gpi_mult': 2.191081708647033, 'g_gpe_gpi_mult': 0.40397428576664535}. Best is trial 50 with value: 0.4363955767989327.
[I 2026-05-28 01:40:58,409] Trial 106 finished with value: 2.308104710504728 and parameters: {'ISTN': 76.31920373037788, 'I_gpe': 0.7720840064204203, 'I_gpi': 2.4492898006170956, 'noise_stn_sigma': 7.0094042669907495, 'noise_gpe_sigma': 73.01897872882954, 'noise_gpi_sigma': 45.558475265486024, 'g_stn_gpe_mult': 1.9291239526952038, 'g_gpe_stn_mult': 0.28492324619288256, 'g_stn_gpi_mult': 2.6750737325927756, 'g_gpe_gpi_mult': 0.5702410999719774}. Best is trial 50 with value: 0.4363955767989327.
[I 2026-05-28 01:40:59,419] Trial 107 finished with value: 3.3605349332319374 and parameters: {'ISTN': 71.04890844702659, 'I_gpe': 1.5083844002739866, 'I_gpi': 2.5840259181486624, 'noise_stn_sigma': 5.221238849722788, 'noise_gpe_sigma': 54.18944971725295, 'noise_gpi_sigma': 104.36142128265504, 'g_stn_gpe_mult': 2.05454810182456, 'g_gpe_stn_mult': 0.20297420817731737, 'g_stn_gpi_mult': 2.553110022627017, 'g_gpe_gpi_mult': 0.6510367648916036}. Best is trial 50 with value: 0.4363955767989327.
[I 2026-05-28 01:41:00,429] Trial 108 finished with value: 3.5959511637225825 and parameters: {'ISTN': 73.00101698848249, 'I_gpe': 1.194444512368902, 'I_gpi': 2.9241329003042953, 'noise_stn_sigma': 5.9015528527060495, 'noise_gpe_sigma': 71.99616323231555, 'noise_gpi_sigma': 93.05600273074641, 'g_stn_gpe_mult': 1.547807883093704, 'g_gpe_stn_mult': 0.24999690494768406, 'g_stn_gpi_mult': 2.9805199333812062, 'g_gpe_gpi_mult': 0.7182742349218334}. Best is trial 50 with value: 0.4363955767989327.
[I 2026-05-28 01:41:01,438] Trial 109 finished with value: 3.0859029364127437 and parameters: {'ISTN': 72.21897294093063, 'I_gpe': 0.9118689412562495, 'I_gpi': 3.2292810361712654, 'noise_stn_sigma': 6.7544791481484845, 'noise_gpe_sigma': 59.633542950511185, 'noise_gpi_sigma': 97.11597310746878, 'g_stn_gpe_mult': 1.9227850732240577, 'g_gpe_stn_mult': 0.13151908964563896, 'g_stn_gpi_mult': 2.7426611944730626, 'g_gpe_gpi_mult': 0.9430849325322561}. Best is trial 50 with value: 0.4363955767989327.
[I 2026-05-28 01:41:02,448] Trial 110 finished with value: 5.692769987191282 and parameters: {'ISTN': 81.67036346362593, 'I_gpe': 1.5791139060780133, 'I_gpi': 2.008293064389173, 'noise_stn_sigma': 6.026580349946139, 'noise_gpe_sigma': 49.69535895722153, 'noise_gpi_sigma': 109.17628976088038, 'g_stn_gpe_mult': 2.3704342345471736, 'g_gpe_stn_mult': 0.40356876803894415, 'g_stn_gpi_mult': 2.5760582527104727, 'g_gpe_gpi_mult': 0.5637078743416333}. Best is trial 50 with value: 0.4363955767989327.
[I 2026-05-28 01:41:03,456] Trial 111 finished with value: 6.0200300200453345 and parameters: {'ISTN': 88.04337638287419, 'I_gpe': 1.2035472636323625, 'I_gpi': 3.20615982005173, 'noise_stn_sigma': 7.414300596186505, 'noise_gpe_sigma': 56.2440631772612, 'noise_gpi_sigma': 52.334389313715576, 'g_stn_gpe_mult': 1.6716225741080324, 'g_gpe_stn_mult': 0.28519563893842254, 'g_stn_gpi_mult': 2.474481698925751, 'g_gpe_gpi_mult': 0.5199700773297129}. Best is trial 50 with value: 0.4363955767989327.
[I 2026-05-28 01:41:04,463] Trial 112 finished with value: 3.1532962811084686 and parameters: {'ISTN': 65.90173129019489, 'I_gpe': 1.3551144477505879, 'I_gpi': 2.635078195765333, 'noise_stn_sigma': 6.354962847169482, 'noise_gpe_sigma': 70.38718306323727, 'noise_gpi_sigma': 62.81398012071145, 'g_stn_gpe_mult': 2.417920649087597, 'g_gpe_stn_mult': 0.21823378311480862, 'g_stn_gpi_mult': 2.51309098744247, 'g_gpe_gpi_mult': 0.5554315674748092}. Best is trial 50 with value: 0.4363955767989327.
[I 2026-05-28 01:41:05,469] Trial 113 finished with value: 4.12899083768381 and parameters: {'ISTN': 90.55518027736342, 'I_gpe': 1.2865882624899556, 'I_gpi': 1.3203131564711048, 'noise_stn_sigma': 7.199433149941887, 'noise_gpe_sigma': 79.74449353307341, 'noise_gpi_sigma': 73.56760854628618, 'g_stn_gpe_mult': 2.69688175271553, 'g_gpe_stn_mult': 0.19226020373449942, 'g_stn_gpi_mult': 2.26950966401538, 'g_gpe_gpi_mult': 0.44076656234638817}. Best is trial 50 with value: 0.4363955767989327.
[I 2026-05-28 01:41:06,477] Trial 114 finished with value: 1.9414584769568295 and parameters: {'ISTN': 60.55452439510954, 'I_gpe': 0.643834255848705, 'I_gpi': 1.9893623912099296, 'noise_stn_sigma': 7.873792599875341, 'noise_gpe_sigma': 58.77224703461926, 'noise_gpi_sigma': 67.01042197880166, 'g_stn_gpe_mult': 2.5209912281235285, 'g_gpe_stn_mult': 0.20957701569956244, 'g_stn_gpi_mult': 2.2027210993831914, 'g_gpe_gpi_mult': 0.6468832565053142}. Best is trial 50 with value: 0.4363955767989327.
[I 2026-05-28 01:41:07,486] Trial 115 finished with value: 4.490380581141233 and parameters: {'ISTN': 88.00710678481151, 'I_gpe': 1.0739494116149724, 'I_gpi': 2.429263380016837, 'noise_stn_sigma': 6.037782070315149, 'noise_gpe_sigma': 72.43379739379446, 'noise_gpi_sigma': 71.2986205442314, 'g_stn_gpe_mult': 2.978372349681252, 'g_gpe_stn_mult': 0.22256519845547934, 'g_stn_gpi_mult': 2.861793895064855, 'g_gpe_gpi_mult': 0.5529228775244672}. Best is trial 50 with value: 0.4363955767989327.
[I 2026-05-28 01:41:08,495] Trial 116 finished with value: 5.7137166608265915 and parameters: {'ISTN': 88.65766402583458, 'I_gpe': 1.27390546796408, 'I_gpi': 2.73425252156357, 'noise_stn_sigma': 6.481958518760314, 'noise_gpe_sigma': 65.4366752709101, 'noise_gpi_sigma': 65.82967340922065, 'g_stn_gpe_mult': 2.7619049216033074, 'g_gpe_stn_mult': 0.23846330566472684, 'g_stn_gpi_mult': 2.3199281308276163, 'g_gpe_gpi_mult': 0.5416938459566631}. Best is trial 50 with value: 0.4363955767989327.
[I 2026-05-28 01:41:09,505] Trial 117 finished with value: 3.164775511231812 and parameters: {'ISTN': 76.27807588109265, 'I_gpe': 0.5986186279262223, 'I_gpi': 3.2820016206463984, 'noise_stn_sigma': 7.8966496397787855, 'noise_gpe_sigma': 72.41620471521695, 'noise_gpi_sigma': 96.95161486166327, 'g_stn_gpe_mult': 2.477924114861949, 'g_gpe_stn_mult': 0.26117450112590757, 'g_stn_gpi_mult': 2.6922772956222807, 'g_gpe_gpi_mult': 0.3803509757409448}. Best is trial 50 with value: 0.4363955767989327.
[I 2026-05-28 01:41:10,514] Trial 118 finished with value: 3.5017176529880762 and parameters: {'ISTN': 73.98818530339175, 'I_gpe': 1.04476906825069, 'I_gpi': 2.5945030170272725, 'noise_stn_sigma': 7.65568952732942, 'noise_gpe_sigma': 54.67280970916476, 'noise_gpi_sigma': 48.442737568573264, 'g_stn_gpe_mult': 2.820137736117033, 'g_gpe_stn_mult': 0.15010369175675614, 'g_stn_gpi_mult': 2.963969265567191, 'g_gpe_gpi_mult': 0.5468103270143856}. Best is trial 50 with value: 0.4363955767989327.
[I 2026-05-28 01:41:11,521] Trial 119 finished with value: 6.180890045258606 and parameters: {'ISTN': 84.51193229294414, 'I_gpe': 1.7204111403316074, 'I_gpi': 2.9475911326540416, 'noise_stn_sigma': 7.948969803893179, 'noise_gpe_sigma': 64.90110684715498, 'noise_gpi_sigma': 47.61183676143645, 'g_stn_gpe_mult': 3.060021434169985, 'g_gpe_stn_mult': 0.30424802412821705, 'g_stn_gpi_mult': 2.7294754868048967, 'g_gpe_gpi_mult': 0.5694216139746817}. Best is trial 50 with value: 0.4363955767989327.
[I 2026-05-28 01:41:12,530] Trial 120 finished with value: 3.8699904570553807 and parameters: {'ISTN': 77.37547614096772, 'I_gpe': 0.7469536086869247, 'I_gpi': 2.2676559550423088, 'noise_stn_sigma': 6.917990174755354, 'noise_gpe_sigma': 65.01112894655185, 'noise_gpi_sigma': 82.60415757597588, 'g_stn_gpe_mult': 2.20546465536893, 'g_gpe_stn_mult': 0.2887330809866454, 'g_stn_gpi_mult': 3.7157797638509793, 'g_gpe_gpi_mult': 0.6149061727074066}. Best is trial 50 with value: 0.4363955767989327.
[I 2026-05-28 01:41:13,539] Trial 121 finished with value: 4.392213799316311 and parameters: {'ISTN': 76.17878851992619, 'I_gpe': 0.8114362353072608, 'I_gpi': 3.3723925887372177, 'noise_stn_sigma': 6.6679958564843185, 'noise_gpe_sigma': 46.49030169063548, 'noise_gpi_sigma': 86.68715334320156, 'g_stn_gpe_mult': 2.04498019870424, 'g_gpe_stn_mult': 0.2807809833177367, 'g_stn_gpi_mult': 2.2625717862315757, 'g_gpe_gpi_mult': 0.5169992285504001}. Best is trial 50 with value: 0.4363955767989327.
[I 2026-05-28 01:41:14,548] Trial 122 finished with value: 3.277357096964615 and parameters: {'ISTN': 77.0333840263565, 'I_gpe': 1.9549711517190764, 'I_gpi': 2.4388032775199644, 'noise_stn_sigma': 5.689236530903398, 'noise_gpe_sigma': 68.13808407085229, 'noise_gpi_sigma': 63.50375804595001, 'g_stn_gpe_mult': 3.069835044457211, 'g_gpe_stn_mult': 0.22636631806612062, 'g_stn_gpi_mult': 2.333484797207369, 'g_gpe_gpi_mult': 0.6472757054525318}. Best is trial 50 with value: 0.4363955767989327.
[I 2026-05-28 01:41:15,556] Trial 123 finished with value: 2.833935413619618 and parameters: {'ISTN': 81.98508379824075, 'I_gpe': 1.0958090634850475, 'I_gpi': 2.1285980187839284, 'noise_stn_sigma': 6.726098163064744, 'noise_gpe_sigma': 65.15182076260153, 'noise_gpi_sigma': 74.15100672989126, 'g_stn_gpe_mult': 2.3939932126789794, 'g_gpe_stn_mult': 0.12422963658694207, 'g_stn_gpi_mult': 2.338188739467401, 'g_gpe_gpi_mult': 0.5254361654317024}. Best is trial 50 with value: 0.4363955767989327.
[I 2026-05-28 01:41:16,564] Trial 124 finished with value: 3.914703613462519 and parameters: {'ISTN': 80.24489640680794, 'I_gpe': 1.2602178163493942, 'I_gpi': 2.5100520111636286, 'noise_stn_sigma': 5.314865729696143, 'noise_gpe_sigma': 67.1214170356042, 'noise_gpi_sigma': 48.40450658973286, 'g_stn_gpe_mult': 3.2316206883008185, 'g_gpe_stn_mult': 0.13232272689811408, 'g_stn_gpi_mult': 1.7406220545334803, 'g_gpe_gpi_mult': 0.5682670525743736}. Best is trial 50 with value: 0.4363955767989327.
[I 2026-05-28 01:41:17,572] Trial 125 finished with value: 3.5936085759978065 and parameters: {'ISTN': 80.86709711313713, 'I_gpe': 0.6278246375513978, 'I_gpi': 1.6147856050102019, 'noise_stn_sigma': 6.574853243322455, 'noise_gpe_sigma': 64.4341343196501, 'noise_gpi_sigma': 58.599564275927925, 'g_stn_gpe_mult': 2.326422482967117, 'g_gpe_stn_mult': 0.16559016030047263, 'g_stn_gpi_mult': 1.8229231891288116, 'g_gpe_gpi_mult': 0.5840465656538959}. Best is trial 50 with value: 0.4363955767989327.
[I 2026-05-28 01:41:18,578] Trial 126 finished with value: 3.099552930305074 and parameters: {'ISTN': 63.36425815578988, 'I_gpe': 0.7562047746607947, 'I_gpi': 2.9751285599763633, 'noise_stn_sigma': 7.9914464135479255, 'noise_gpe_sigma': 55.63557628352758, 'noise_gpi_sigma': 55.10482813384856, 'g_stn_gpe_mult': 1.8107009932411005, 'g_gpe_stn_mult': 0.18587843456126185, 'g_stn_gpi_mult': 2.776393730322117, 'g_gpe_gpi_mult': 0.6856402410737712}. Best is trial 50 with value: 0.4363955767989327.
[I 2026-05-28 01:41:19,587] Trial 127 finished with value: 2.4987051598190346 and parameters: {'ISTN': 75.08171537512489, 'I_gpe': 0.6624137711378938, 'I_gpi': 2.586018303632964, 'noise_stn_sigma': 7.673692614641573, 'noise_gpe_sigma': 54.92007629911425, 'noise_gpi_sigma': 82.27349300538711, 'g_stn_gpe_mult': 2.8251253039862165, 'g_gpe_stn_mult': 0.20732567106689076, 'g_stn_gpi_mult': 2.423952111905699, 'g_gpe_gpi_mult': 0.41008365017198456}. Best is trial 50 with value: 0.4363955767989327.
[I 2026-05-28 01:41:20,596] Trial 128 finished with value: 4.233361275812833 and parameters: {'ISTN': 79.86640721676973, 'I_gpe': 1.1485807686629563, 'I_gpi': 2.6103458792722813, 'noise_stn_sigma': 6.286022259278642, 'noise_gpe_sigma': 65.97696135473838, 'noise_gpi_sigma': 42.95365830347872, 'g_stn_gpe_mult': 3.7110649066593173, 'g_gpe_stn_mult': 0.289425751077497, 'g_stn_gpi_mult': 2.3562441405570635, 'g_gpe_gpi_mult': 0.6981672848070732}. Best is trial 50 with value: 0.4363955767989327.
[I 2026-05-28 01:41:21,604] Trial 129 finished with value: 1.4188708244749435 and parameters: {'ISTN': 69.88423732445489, 'I_gpe': 0.6275590650395102, 'I_gpi': 2.3200534628629237, 'noise_stn_sigma': 7.8094305371483586, 'noise_gpe_sigma': 74.0317089522878, 'noise_gpi_sigma': 80.65370703797498, 'g_stn_gpe_mult': 2.2657763881211386, 'g_gpe_stn_mult': 0.2914835893132628, 'g_stn_gpi_mult': 2.728517591169253, 'g_gpe_gpi_mult': 0.5232768875406622}. Best is trial 50 with value: 0.4363955767989327.
[I 2026-05-28 01:41:22,612] Trial 130 finished with value: 4.123116421487351 and parameters: {'ISTN': 78.5402457928095, 'I_gpe': 1.2780458645585862, 'I_gpi': 2.2538452092361414, 'noise_stn_sigma': 6.037035000334871, 'noise_gpe_sigma': 69.76285113273035, 'noise_gpi_sigma': 97.52709677554974, 'g_stn_gpe_mult': 2.92104777586479, 'g_gpe_stn_mult': 0.3002574733709641, 'g_stn_gpi_mult': 2.5066415469397914, 'g_gpe_gpi_mult': 0.5230340058670808}. Best is trial 50 with value: 0.4363955767989327.
[I 2026-05-28 01:41:23,620] Trial 131 finished with value: 2.3762258910687186 and parameters: {'ISTN': 62.33622872964407, 'I_gpe': 1.1600415969558524, 'I_gpi': 1.6755052866145608, 'noise_stn_sigma': 7.641133473513721, 'noise_gpe_sigma': 51.338834974711034, 'noise_gpi_sigma': 98.72061905651476, 'g_stn_gpe_mult': 2.78284297235362, 'g_gpe_stn_mult': 0.3208986698541293, 'g_stn_gpi_mult': 2.514175616358858, 'g_gpe_gpi_mult': 0.5381039422628033}. Best is trial 50 with value: 0.4363955767989327.
