[I 2026-05-28 02:14:37,435] Trial 88 finished with value: 1.6753053763812773 and parameters: {'ISTN': 77.50319447876623, 'I_gpe': 1.3503573890803213, 'I_gpi': 2.784524329752212, 'noise_stn_sigma': 3.977935473215129, 'noise_gpe_sigma': 74.49838333487205, 'noise_gpi_sigma': 92.65239464155299, 'g_stn_gpe_mult': 2.067097694182161, 'g_gpe_stn_mult': 0.38129741627598357, 'g_stn_gpi_mult': 3.206042727054064, 'g_gpe_gpi_mult': 0.9823051137163008}. Best is trial 73 with value: 0.6027631458682815.
[I 2026-05-28 02:14:38,442] Trial 89 finished with value: 1.7953584087997423 and parameters: {'ISTN': 76.08563069568058, 'I_gpe': 1.8183208110134677, 'I_gpi': 2.4439905419734727, 'noise_stn_sigma': 2.8565622795050007, 'noise_gpe_sigma': 98.1229741898453, 'noise_gpi_sigma': 114.04879074518472, 'g_stn_gpe_mult': 2.2793477636797626, 'g_gpe_stn_mult': 0.3298345763675668, 'g_stn_gpi_mult': 2.138612711623877, 'g_gpe_gpi_mult': 1.1700490690289362}. Best is trial 73 with value: 0.6027631458682815.
[I 2026-05-28 02:14:39,450] Trial 90 finished with value: 2.1311950150128256 and parameters: {'ISTN': 77.87072217180798, 'I_gpe': 2.274540677310001, 'I_gpi': 2.787695592008671, 'noise_stn_sigma': 4.61461279899193, 'noise_gpe_sigma': 55.69220184683875, 'noise_gpi_sigma': 74.68132887731201, 'g_stn_gpe_mult': 1.9068906017324105, 'g_gpe_stn_mult': 0.1675272071647081, 'g_stn_gpi_mult': 2.4654334512161844, 'g_gpe_gpi_mult': 0.9456485589947525}. Best is trial 73 with value: 0.6027631458682815.
[I 2026-05-28 02:14:40,455] Trial 91 finished with value: 1.5301282748663723 and parameters: {'ISTN': 65.2780769143226, 'I_gpe': 1.7357667144993982, 'I_gpi': 2.4347878105406746, 'noise_stn_sigma': 6.317708949316564, 'noise_gpe_sigma': 58.133688852517956, 'noise_gpi_sigma': 87.98546649110236, 'g_stn_gpe_mult': 2.354827743565383, 'g_gpe_stn_mult': 0.2264591708057663, 'g_stn_gpi_mult': 3.404266993913661, 'g_gpe_gpi_mult': 0.7661462785565201}. Best is trial 73 with value: 0.6027631458682815.
[I 2026-05-28 02:14:41,462] Trial 92 finished with value: 2.3093054338138708 and parameters: {'ISTN': 82.03197234435444, 'I_gpe': 1.7568100067767043, 'I_gpi': 2.398644278223448, 'noise_stn_sigma': 4.716659980789993, 'noise_gpe_sigma': 48.2234038343502, 'noise_gpi_sigma': 63.33332479755402, 'g_stn_gpe_mult': 2.0865405614626558, 'g_gpe_stn_mult': 0.18803389528837677, 'g_stn_gpi_mult': 2.690062028873787, 'g_gpe_gpi_mult': 1.0437453698151151}. Best is trial 73 with value: 0.6027631458682815.
[I 2026-05-28 02:14:42,468] Trial 93 finished with value: 2.0567944241602234 and parameters: {'ISTN': 72.28398961795344, 'I_gpe': 1.5113486433244285, 'I_gpi': 2.3483437792285913, 'noise_stn_sigma': 3.9164934043550685, 'noise_gpe_sigma': 47.507963175277766, 'noise_gpi_sigma': 135.51259612681855, 'g_stn_gpe_mult': 1.9153687947060782, 'g_gpe_stn_mult': 0.19833631386176742, 'g_stn_gpi_mult': 2.684247011463631, 'g_gpe_gpi_mult': 0.9249762536151973}. Best is trial 73 with value: 0.6027631458682815.
[I 2026-05-28 02:14:43,476] Trial 94 finished with value: 1.6284458400910982 and parameters: {'ISTN': 76.19306998013109, 'I_gpe': 1.5914457872382428, 'I_gpi': 2.479992063150398, 'noise_stn_sigma': 3.995929079251903, 'noise_gpe_sigma': 83.24185596841654, 'noise_gpi_sigma': 75.61291255662866, 'g_stn_gpe_mult': 2.000322450646612, 'g_gpe_stn_mult': 0.24362245217733797, 'g_stn_gpi_mult': 2.8030066955662094, 'g_gpe_gpi_mult': 0.8277672788051462}. Best is trial 73 with value: 0.6027631458682815.
[I 2026-05-28 02:14:44,483] Trial 95 finished with value: 0.8581943559699241 and parameters: {'ISTN': 63.94436918088651, 'I_gpe': 2.35188610536503, 'I_gpi': 3.0866819466186723, 'noise_stn_sigma': 2.515122088885877, 'noise_gpe_sigma': 73.03373968631601, 'noise_gpi_sigma': 102.37355329185944, 'g_stn_gpe_mult': 2.7372152316693805, 'g_gpe_stn_mult': 0.1415535189431436, 'g_stn_gpi_mult': 1.9132573279277254, 'g_gpe_gpi_mult': 1.0422682188801617}. Best is trial 73 with value: 0.6027631458682815.
[I 2026-05-28 02:14:45,490] Trial 96 finished with value: 1.0186830020971904 and parameters: {'ISTN': 69.66471827381467, 'I_gpe': 0.6752980008186515, 'I_gpi': 3.7940480586572063, 'noise_stn_sigma': 1.8612139518150697, 'noise_gpe_sigma': 84.49914364517795, 'noise_gpi_sigma': 91.93825610057507, 'g_stn_gpe_mult': 1.5943273242263363, 'g_gpe_stn_mult': 0.10141630321593008, 'g_stn_gpi_mult': 2.875676448650523, 'g_gpe_gpi_mult': 1.097228355068073}. Best is trial 73 with value: 0.6027631458682815.
[I 2026-05-28 02:14:46,496] Trial 97 finished with value: 2.2988309097333444 and parameters: {'ISTN': 84.20592884717979, 'I_gpe': 2.2999789059948106, 'I_gpi': 3.602034850348469, 'noise_stn_sigma': 2.1615702620634916, 'noise_gpe_sigma': 75.921990883033, 'noise_gpi_sigma': 114.82933477958838, 'g_stn_gpe_mult': 1.909264687434236, 'g_gpe_stn_mult': 0.2471421655929446, 'g_stn_gpi_mult': 2.3811809708111342, 'g_gpe_gpi_mult': 0.8280414874980828}. Best is trial 73 with value: 0.6027631458682815.
[I 2026-05-28 02:14:47,503] Trial 98 finished with value: 1.7995428595253484 and parameters: {'ISTN': 77.56849701123109, 'I_gpe': 2.0773187595423734, 'I_gpi': 2.448573730929106, 'noise_stn_sigma': 4.155065285582979, 'noise_gpe_sigma': 77.9319082171479, 'noise_gpi_sigma': 78.63308684344025, 'g_stn_gpe_mult': 2.3446220196521756, 'g_gpe_stn_mult': 0.2064404353760675, 'g_stn_gpi_mult': 3.1872895656317892, 'g_gpe_gpi_mult': 1.0029040929857334}. Best is trial 73 with value: 0.6027631458682815.
[I 2026-05-28 02:14:48,511] Trial 99 finished with value: 1.9093859063237373 and parameters: {'ISTN': 75.64739051762868, 'I_gpe': 1.8286302310869482, 'I_gpi': 3.378405163525202, 'noise_stn_sigma': 4.7116313316411125, 'noise_gpe_sigma': 63.948197187240424, 'noise_gpi_sigma': 86.07462338371113, 'g_stn_gpe_mult': 2.5120876343873944, 'g_gpe_stn_mult': 0.14303808858045597, 'g_stn_gpi_mult': 1.8885482686838606, 'g_gpe_gpi_mult': 0.7494052918354632}. Best is trial 73 with value: 0.6027631458682815.
[I 2026-05-28 02:14:49,518] Trial 100 finished with value: 2.0267070244801375 and parameters: {'ISTN': 94.78818746241143, 'I_gpe': 0.7275763533114123, 'I_gpi': 1.3311160019848935, 'noise_stn_sigma': 5.213822342477464, 'noise_gpe_sigma': 59.59287507545208, 'noise_gpi_sigma': 110.29214628942363, 'g_stn_gpe_mult': 2.5615121857052987, 'g_gpe_stn_mult': 0.17025587408915915, 'g_stn_gpi_mult': 3.570366685675374, 'g_gpe_gpi_mult': 1.0175507638094883}. Best is trial 73 with value: 0.6027631458682815.
[I 2026-05-28 02:14:50,524] Trial 101 finished with value: 2.1128293218614083 and parameters: {'ISTN': 85.70592649276088, 'I_gpe': 0.7097956089673739, 'I_gpi': 3.4516124137592485, 'noise_stn_sigma': 2.187919706575568, 'noise_gpe_sigma': 80.40948662479434, 'noise_gpi_sigma': 78.45426013109227, 'g_stn_gpe_mult': 2.316041828158472, 'g_gpe_stn_mult': 0.28288767723305663, 'g_stn_gpi_mult': 2.3542748925683386, 'g_gpe_gpi_mult': 1.1075834680466177}. Best is trial 73 with value: 0.6027631458682815.
[I 2026-05-28 02:14:51,528] Trial 102 finished with value: 1.6196243138583988 and parameters: {'ISTN': 70.61306476224014, 'I_gpe': 1.364809813475615, 'I_gpi': 3.398249711630948, 'noise_stn_sigma': 2.4292589815953054, 'noise_gpe_sigma': 82.76731245493767, 'noise_gpi_sigma': 83.18812757539672, 'g_stn_gpe_mult': 1.6804588600824386, 'g_gpe_stn_mult': 0.2497782179198244, 'g_stn_gpi_mult': 3.3660634014726765, 'g_gpe_gpi_mult': 0.7992978891891562}. Best is trial 73 with value: 0.6027631458682815.
[I 2026-05-28 02:14:52,534] Trial 103 finished with value: 1.3844038141970978 and parameters: {'ISTN': 61.023157065615386, 'I_gpe': 2.4921022483712134, 'I_gpi': 2.642514117899539, 'noise_stn_sigma': 2.3065946972499916, 'noise_gpe_sigma': 75.38638411144728, 'noise_gpi_sigma': 81.48743742848072, 'g_stn_gpe_mult': 2.4786176391753685, 'g_gpe_stn_mult': 0.35382233124141815, 'g_stn_gpi_mult': 2.937285222501411, 'g_gpe_gpi_mult': 0.9079184829179168}. Best is trial 73 with value: 0.6027631458682815.
[I 2026-05-28 02:14:53,539] Trial 104 finished with value: 2.054471997744634 and parameters: {'ISTN': 79.88370671726989, 'I_gpe': 2.5002491522989923, 'I_gpi': 3.2860648782291983, 'noise_stn_sigma': 3.0664131188276333, 'noise_gpe_sigma': 78.76805538268812, 'noise_gpi_sigma': 114.29274954181167, 'g_stn_gpe_mult': 2.4556140686335457, 'g_gpe_stn_mult': 0.17223240414713442, 'g_stn_gpi_mult': 2.5344430577959374, 'g_gpe_gpi_mult': 1.0051059608178174}. Best is trial 73 with value: 0.6027631458682815.
[I 2026-05-28 02:14:54,545] Trial 105 finished with value: 2.329930643596412 and parameters: {'ISTN': 92.45825477739092, 'I_gpe': 1.7219775706028702, 'I_gpi': 3.0001128730103117, 'noise_stn_sigma': 3.6827318593363008, 'noise_gpe_sigma': 81.6188374898847, 'noise_gpi_sigma': 71.88596807186175, 'g_stn_gpe_mult': 1.5801468760962545, 'g_gpe_stn_mult': 0.1450587214534596, 'g_stn_gpi_mult': 2.758495754215427, 'g_gpe_gpi_mult': 1.0076660860974167}. Best is trial 73 with value: 0.6027631458682815.
[I 2026-05-28 02:14:55,550] Trial 106 finished with value: 1.6806114513597208 and parameters: {'ISTN': 76.51033590215322, 'I_gpe': 1.7912150625301266, 'I_gpi': 2.15397243971881, 'noise_stn_sigma': 4.172311867376991, 'noise_gpe_sigma': 68.61310310168028, 'noise_gpi_sigma': 83.55065655482329, 'g_stn_gpe_mult': 2.0437255437263535, 'g_gpe_stn_mult': 0.3122264212821759, 'g_stn_gpi_mult': 2.7798887263398413, 'g_gpe_gpi_mult': 0.8831033631898149}. Best is trial 73 with value: 0.6027631458682815.
[I 2026-05-28 02:14:56,556] Trial 107 finished with value: 2.0669088492093595 and parameters: {'ISTN': 77.86736873786805, 'I_gpe': 1.94313601662288, 'I_gpi': 3.271745502115849, 'noise_stn_sigma': 4.204929038108435, 'noise_gpe_sigma': 64.98121500740535, 'noise_gpi_sigma': 80.97120828212246, 'g_stn_gpe_mult': 1.7237300923810652, 'g_gpe_stn_mult': 0.15412963978510913, 'g_stn_gpi_mult': 2.809732450638343, 'g_gpe_gpi_mult': 1.0466214282091946}. Best is trial 73 with value: 0.6027631458682815.
[I 2026-05-28 02:14:57,564] Trial 108 finished with value: 2.262460923677555 and parameters: {'ISTN': 79.53132927859816, 'I_gpe': 1.6947756125182154, 'I_gpi': 3.658433424125734, 'noise_stn_sigma': 3.5157429455307856, 'noise_gpe_sigma': 69.6996365969746, 'noise_gpi_sigma': 95.10667677093154, 'g_stn_gpe_mult': 3.198715183614252, 'g_gpe_stn_mult': 0.23611442873342225, 'g_stn_gpi_mult': 2.7190585955262843, 'g_gpe_gpi_mult': 1.004745621143051}. Best is trial 73 with value: 0.6027631458682815.
[I 2026-05-28 02:14:58,572] Trial 109 finished with value: 1.959999882543476 and parameters: {'ISTN': 76.42044054565501, 'I_gpe': 2.019337874843119, 'I_gpi': 3.354682526114903, 'noise_stn_sigma': 2.4984313816437878, 'noise_gpe_sigma': 85.9966728023732, 'noise_gpi_sigma': 74.42767357736761, 'g_stn_gpe_mult': 2.115414556194103, 'g_gpe_stn_mult': 0.27042679910962203, 'g_stn_gpi_mult': 2.7098837264805318, 'g_gpe_gpi_mult': 0.7970168338758337}. Best is trial 73 with value: 0.6027631458682815.
[I 2026-05-28 02:14:59,579] Trial 110 finished with value: 2.181607223816453 and parameters: {'ISTN': 85.59776979131288, 'I_gpe': 1.7851529357721454, 'I_gpi': 2.828803598434532, 'noise_stn_sigma': 4.18547925724226, 'noise_gpe_sigma': 72.70714065664254, 'noise_gpi_sigma': 93.64078995007618, 'g_stn_gpe_mult': 2.9804281024287596, 'g_gpe_stn_mult': 0.24428570057933044, 'g_stn_gpi_mult': 2.8645716129291516, 'g_gpe_gpi_mult': 1.049731636377003}. Best is trial 73 with value: 0.6027631458682815.
[I 2026-05-28 02:15:00,585] Trial 111 finished with value: 1.8296915354638923 and parameters: {'ISTN': 69.44671422161092, 'I_gpe': 2.5930567427984084, 'I_gpi': 1.8752990905584819, 'noise_stn_sigma': 3.1219363739417245, 'noise_gpe_sigma': 69.57808449473002, 'noise_gpi_sigma': 75.88311606322645, 'g_stn_gpe_mult': 2.3283641843943284, 'g_gpe_stn_mult': 0.24701018699631244, 'g_stn_gpi_mult': 2.799656992527762, 'g_gpe_gpi_mult': 0.9554965503005062}. Best is trial 73 with value: 0.6027631458682815.
[I 2026-05-28 02:15:01,593] Trial 112 finished with value: 1.943156530392055 and parameters: {'ISTN': 73.26024933545798, 'I_gpe': 2.5631022555873026, 'I_gpi': 2.1170037335987186, 'noise_stn_sigma': 2.868825557827488, 'noise_gpe_sigma': 87.06355465760075, 'noise_gpi_sigma': 71.55977782103898, 'g_stn_gpe_mult': 2.838593036667998, 'g_gpe_stn_mult': 0.2581766294683161, 'g_stn_gpi_mult': 2.009421965313781, 'g_gpe_gpi_mult': 0.6853343199774046}. Best is trial 73 with value: 0.6027631458682815.
[I 2026-05-28 02:15:02,597] Trial 113 finished with value: 1.7999917782623125 and parameters: {'ISTN': 70.20282675286418, 'I_gpe': 2.4717625097073936, 'I_gpi': 2.734365944313144, 'noise_stn_sigma': 2.4347901022517684, 'noise_gpe_sigma': 63.50311786521956, 'noise_gpi_sigma': 118.71607457975362, 'g_stn_gpe_mult': 2.0786795794265567, 'g_gpe_stn_mult': 0.3585656522406184, 'g_stn_gpi_mult': 3.4113365905061466, 'g_gpe_gpi_mult': 0.6977115525364779}. Best is trial 73 with value: 0.6027631458682815.
[I 2026-05-28 02:15:03,605] Trial 114 finished with value: 1.638501821886202 and parameters: {'ISTN': 68.78036360364912, 'I_gpe': 1.2282491550722927, 'I_gpi': 2.763470797112893, 'noise_stn_sigma': 3.733981214759207, 'noise_gpe_sigma': 60.28589563283104, 'noise_gpi_sigma': 82.65382016090823, 'g_stn_gpe_mult': 2.3068420639871343, 'g_gpe_stn_mult': 0.28285683765237013, 'g_stn_gpi_mult': 3.1540226682578845, 'g_gpe_gpi_mult': 0.9899250687885255}. Best is trial 73 with value: 0.6027631458682815.
[I 2026-05-28 02:15:04,612] Trial 115 finished with value: 2.5156068815471606 and parameters: {'ISTN': 74.6526542060319, 'I_gpe': 2.6915531726165436, 'I_gpi': 2.7730908733841404, 'noise_stn_sigma': 1.8739528136610122, 'noise_gpe_sigma': 61.11044736567934, 'noise_gpi_sigma': 87.27907328072484, 'g_stn_gpe_mult': 2.6434197866408624, 'g_gpe_stn_mult': 0.29149201130192326, 'g_stn_gpi_mult': 2.181622400337207, 'g_gpe_gpi_mult': 0.8330925935653437}. Best is trial 73 with value: 0.6027631458682815.
[I 2026-05-28 02:15:05,619] Trial 116 finished with value: 1.130802139862345 and parameters: {'ISTN': 61.58123213299433, 'I_gpe': 2.1695521797385444, 'I_gpi': 2.230247351927596, 'noise_stn_sigma': 3.063190165376545, 'noise_gpe_sigma': 70.19222615378143, 'noise_gpi_sigma': 74.1795854657798, 'g_stn_gpe_mult': 3.380158094561276, 'g_gpe_stn_mult': 0.3040954385533508, 'g_stn_gpi_mult': 2.5531332345310744, 'g_gpe_gpi_mult': 0.9495069134104148}. Best is trial 73 with value: 0.6027631458682815.
[I 2026-05-28 02:15:06,624] Trial 117 finished with value: 0.7465730414060161 and parameters: {'ISTN': 63.502774199210094, 'I_gpe': 1.6383012238657686, 'I_gpi': 2.2335897120604566, 'noise_stn_sigma': 1.8314270746804953, 'noise_gpe_sigma': 63.830015774036255, 'noise_gpi_sigma': 86.68137538992688, 'g_stn_gpe_mult': 2.2581457593479706, 'g_gpe_stn_mult': 0.10674048440105606, 'g_stn_gpi_mult': 3.017503743145134, 'g_gpe_gpi_mult': 0.9735147915084807}. Best is trial 73 with value: 0.6027631458682815.
[I 2026-05-28 02:15:07,630] Trial 118 finished with value: 1.723990874051172 and parameters: {'ISTN': 64.97975591026719, 'I_gpe': 2.038832212693076, 'I_gpi': 2.9925499552819743, 'noise_stn_sigma': 3.0149722344052137, 'noise_gpe_sigma': 67.58313215562383, 'noise_gpi_sigma': 81.56666104482417, 'g_stn_gpe_mult': 2.7628324200149126, 'g_gpe_stn_mult': 0.3349320655930035, 'g_stn_gpi_mult': 3.7079926027607915, 'g_gpe_gpi_mult': 0.8261201409547725}. Best is trial 73 with value: 0.6027631458682815.
[I 2026-05-28 02:15:08,637] Trial 119 finished with value: 1.6680451312314513 and parameters: {'ISTN': 75.76691460810646, 'I_gpe': 1.3654340290489322, 'I_gpi': 1.8126200115094193, 'noise_stn_sigma': 2.0920865985339847, 'noise_gpe_sigma': 75.12839888008804, 'noise_gpi_sigma': 114.30128943367822, 'g_stn_gpe_mult': 2.17482922762604, 'g_gpe_stn_mult': 0.39580505690072154, 'g_stn_gpi_mult': 3.0258218597706876, 'g_gpe_gpi_mult': 0.7981974224947805}. Best is trial 73 with value: 0.6027631458682815.
[I 2026-05-28 02:15:09,642] Trial 120 finished with value: 1.9473678744356198 and parameters: {'ISTN': 72.6429023491994, 'I_gpe': 2.5658242824726107, 'I_gpi': 2.7177536542609797, 'noise_stn_sigma': 2.2567360150564246, 'noise_gpe_sigma': 82.4335033377319, 'noise_gpi_sigma': 75.57596132340223, 'g_stn_gpe_mult': 2.1801037542488935, 'g_gpe_stn_mult': 0.20373079719868964, 'g_stn_gpi_mult': 3.3203968859341333, 'g_gpe_gpi_mult': 0.9569521560245795}. Best is trial 73 with value: 0.6027631458682815.
[I 2026-05-28 02:15:10,651] Trial 121 finished with value: 1.6559192381303225 and parameters: {'ISTN': 67.34264348836929, 'I_gpe': 2.1626025667301656, 'I_gpi': 3.217156722925944, 'noise_stn_sigma': 2.952022507059022, 'noise_gpe_sigma': 72.72643107716324, 'noise_gpi_sigma': 105.0415297638664, 'g_stn_gpe_mult': 2.265408150401752, 'g_gpe_stn_mult': 0.3770700425454694, 'g_stn_gpi_mult': 2.715379451173034, 'g_gpe_gpi_mult': 0.929942836973016}. Best is trial 73 with value: 0.6027631458682815.
[I 2026-05-28 02:15:11,659] Trial 122 finished with value: 1.009017003972916 and parameters: {'ISTN': 63.46473746367837, 'I_gpe': 0.8985189975910534, 'I_gpi': 1.7025856371985078, 'noise_stn_sigma': 3.928707308177746, 'noise_gpe_sigma': 75.76203959342467, 'noise_gpi_sigma': 78.90295844614087, 'g_stn_gpe_mult': 2.657703727374504, 'g_gpe_stn_mult': 0.22852240753268518, 'g_stn_gpi_mult': 2.1551663721046794, 'g_gpe_gpi_mult': 0.8408325884911976}. Best is trial 73 with value: 0.6027631458682815.
[I 2026-05-28 02:15:12,667] Trial 123 finished with value: 1.885323092175476 and parameters: {'ISTN': 74.34240353390544, 'I_gpe': 2.2776931225858377, 'I_gpi': 2.178075199594127, 'noise_stn_sigma': 2.4460710437518776, 'noise_gpe_sigma': 54.50734642725624, 'noise_gpi_sigma': 73.69640471394456, 'g_stn_gpe_mult': 2.628698745692608, 'g_gpe_stn_mult': 0.1539856158303818, 'g_stn_gpi_mult': 3.3411882415372482, 'g_gpe_gpi_mult': 0.9977951907629063}. Best is trial 73 with value: 0.6027631458682815.
[I 2026-05-28 02:15:13,674] Trial 124 finished with value: 1.64550662124804 and parameters: {'ISTN': 77.52582581275001, 'I_gpe': 1.5172474492372132, 'I_gpi': 1.9639275141718957, 'noise_stn_sigma': 3.656176528856471, 'noise_gpe_sigma': 59.291842002456676, 'noise_gpi_sigma': 73.84466637128304, 'g_stn_gpe_mult': 2.3015162139034127, 'g_gpe_stn_mult': 0.22103143384314267, 'g_stn_gpi_mult': 2.5596470377843743, 'g_gpe_gpi_mult': 1.0003400489855538}. Best is trial 73 with value: 0.6027631458682815.
[I 2026-05-28 02:15:14,679] Trial 125 finished with value: 1.3917946857015444 and parameters: {'ISTN': 74.90620662129469, 'I_gpe': 1.727647309225438, 'I_gpi': 2.081565205611666, 'noise_stn_sigma': 3.5924737187172497, 'noise_gpe_sigma': 89.77735525676628, 'noise_gpi_sigma': 115.04131569469196, 'g_stn_gpe_mult': 1.955657196627322, 'g_gpe_stn_mult': 0.1700804293651631, 'g_stn_gpi_mult': 3.2082550744315634, 'g_gpe_gpi_mult': 0.900406953615428}. Best is trial 73 with value: 0.6027631458682815.
[I 2026-05-28 02:15:15,686] Trial 126 finished with value: 0.7776589428149785 and parameters: {'ISTN': 60.886390532783146, 'I_gpe': 2.228469753727737, 'I_gpi': 1.9509292101138063, 'noise_stn_sigma': 1.96583734127173, 'noise_gpe_sigma': 79.75751847567315, 'noise_gpi_sigma': 91.63496079654597, 'g_stn_gpe_mult': 2.9719964515765813, 'g_gpe_stn_mult': 0.22958214913684336, 'g_stn_gpi_mult': 2.7239215470087603, 'g_gpe_gpi_mult': 0.9299967146702126}. Best is trial 73 with value: 0.6027631458682815.
[I 2026-05-28 02:15:16,693] Trial 127 finished with value: 2.071741199448979 and parameters: {'ISTN': 89.61802010145665, 'I_gpe': 1.6208919310367782, 'I_gpi': 1.9996320676061443, 'noise_stn_sigma': 1.3310704873347945, 'noise_gpe_sigma': 80.25124652009362, 'noise_gpi_sigma': 78.58913135566851, 'g_stn_gpe_mult': 2.679061190647459, 'g_gpe_stn_mult': 0.18345304349298797, 'g_stn_gpi_mult': 2.7970582150828225, 'g_gpe_gpi_mult': 1.0114534125104861}. Best is trial 73 with value: 0.6027631458682815.
[I 2026-05-28 02:15:17,701] Trial 128 finished with value: 1.7821319104802749 and parameters: {'ISTN': 76.08190484898321, 'I_gpe': 1.6671841487027255, 'I_gpi': 2.5002795004110565, 'noise_stn_sigma': 3.291277487451725, 'noise_gpe_sigma': 64.76512076713556, 'noise_gpi_sigma': 81.11335720671171, 'g_stn_gpe_mult': 2.6817434041080985, 'g_gpe_stn_mult': 0.2474980897391901, 'g_stn_gpi_mult': 3.1750325054787822, 'g_gpe_gpi_mult': 0.876019815793984}. Best is trial 73 with value: 0.6027631458682815.
[I 2026-05-28 02:15:18,706] Trial 129 finished with value: 1.7966967296372482 and parameters: {'ISTN': 66.37967299560081, 'I_gpe': 1.9085104024232062, 'I_gpi': 2.618150955943505, 'noise_stn_sigma': 3.101444211781429, 'noise_gpe_sigma': 54.26902310001909, 'noise_gpi_sigma': 77.84961677315019, 'g_stn_gpe_mult': 2.2021680803303143, 'g_gpe_stn_mult': 0.17647079670965085, 'g_stn_gpi_mult': 2.9170472188161076, 'g_gpe_gpi_mult': 0.8871683170071645}. Best is trial 73 with value: 0.6027631458682815.
[I 2026-05-28 02:15:19,713] Trial 130 finished with value: 1.5261616555252138 and parameters: {'ISTN': 67.1684479441488, 'I_gpe': 2.2615418113708197, 'I_gpi': 1.8647149084286825, 'noise_stn_sigma': 2.493172618832765, 'noise_gpe_sigma': 82.42493629543026, 'noise_gpi_sigma': 114.1744129867706, 'g_stn_gpe_mult': 2.5457207851936, 'g_gpe_stn_mult': 0.3064957314986967, 'g_stn_gpi_mult': 2.4155436501078356, 'g_gpe_gpi_mult': 1.0820994468252396}. Best is trial 73 with value: 0.6027631458682815.
[I 2026-05-28 02:15:20,721] Trial 131 finished with value: 0.8233305779231433 and parameters: {'ISTN': 64.19805597994937, 'I_gpe': 1.8594605341313435, 'I_gpi': 1.820460981520518, 'noise_stn_sigma': 1.5247968564397822, 'noise_gpe_sigma': 64.93763209001074, 'noise_gpi_sigma': 96.0470754005142, 'g_stn_gpe_mult': 1.801624710827794, 'g_gpe_stn_mult': 0.1523258528190664, 'g_stn_gpi_mult': 2.878546879589779, 'g_gpe_gpi_mult': 0.8068100788010468}. Best is trial 73 with value: 0.6027631458682815.
