[I 2026-05-28 01:56:55,312] Trial 44 finished with value: 30.517069742635005 and parameters: {'ISTN': 97.37598563250563, 'I_gpe': 2.191583057330459, 'I_gpi': 1.456784384832036, 'noise_stn_sigma': 7.335166956618462, 'noise_gpe_sigma': 138.1133777855328, 'noise_gpi_sigma': 149.5263866157718, 'g_stn_gpe_mult': 1.9966196825353535, 'g_gpe_stn_mult': 0.30580982895751635, 'g_stn_gpi_mult': 2.945374450425909, 'g_gpe_gpi_mult': 0.6350698054898132}. Best is trial 4 with value: 13.632233661160686.
[I 2026-05-28 01:56:56,317] Trial 45 finished with value: 33.86120768894576 and parameters: {'ISTN': 68.60562124519606, 'I_gpe': 2.590925041170473, 'I_gpi': 2.6427287594872935, 'noise_stn_sigma': 6.3381619939020055, 'noise_gpe_sigma': 106.74580771895093, 'noise_gpi_sigma': 146.2574892521677, 'g_stn_gpe_mult': 2.5398476437794817, 'g_gpe_stn_mult': 0.42629794226371753, 'g_stn_gpi_mult': 1.5139136109387885, 'g_gpe_gpi_mult': 0.621940967243272}. Best is trial 4 with value: 13.632233661160686.
[I 2026-05-28 01:56:57,324] Trial 46 finished with value: 22.912969156450064 and parameters: {'ISTN': 63.18868893394795, 'I_gpe': 1.6407086744917192, 'I_gpi': 2.5662533737430673, 'noise_stn_sigma': 7.422649865920416, 'noise_gpe_sigma': 101.14007523638513, 'noise_gpi_sigma': 108.92614517798732, 'g_stn_gpe_mult': 2.258201244688209, 'g_gpe_stn_mult': 0.35722550095220973, 'g_stn_gpi_mult': 2.7005375954911535, 'g_gpe_gpi_mult': 0.5022893807776346}. Best is trial 4 with value: 13.632233661160686.
[I 2026-05-28 01:56:58,329] Trial 47 finished with value: 33.48801776782225 and parameters: {'ISTN': 68.8941241205508, 'I_gpe': 1.9344789842751524, 'I_gpi': 2.6134715913108586, 'noise_stn_sigma': 6.431216611626535, 'noise_gpe_sigma': 117.18964864319216, 'noise_gpi_sigma': 118.25807418591044, 'g_stn_gpe_mult': 3.031838108486925, 'g_gpe_stn_mult': 0.2739987234949782, 'g_stn_gpi_mult': 2.900220964669206, 'g_gpe_gpi_mult': 0.5213813737306592}. Best is trial 4 with value: 13.632233661160686.
[I 2026-05-28 01:56:59,339] Trial 48 finished with value: 38.475297942978095 and parameters: {'ISTN': 85.97291692301005, 'I_gpe': 2.3906821876807456, 'I_gpi': 2.5138929530738543, 'noise_stn_sigma': 7.105695571091911, 'noise_gpe_sigma': 133.2449438516546, 'noise_gpi_sigma': 132.61672994318735, 'g_stn_gpe_mult': 2.6424178839086285, 'g_gpe_stn_mult': 0.21978746779193914, 'g_stn_gpi_mult': 1.566060822505386, 'g_gpe_gpi_mult': 0.5747547271578552}. Best is trial 4 with value: 13.632233661160686.
[I 2026-05-28 01:57:00,345] Trial 49 finished with value: 11.057741963559005 and parameters: {'ISTN': 60.981668102158686, 'I_gpe': 1.79132111381722, 'I_gpi': 3.451606547289308, 'noise_stn_sigma': 5.740999940972794, 'noise_gpe_sigma': 104.83102520423877, 'noise_gpi_sigma': 121.42811224445272, 'g_stn_gpe_mult': 3.064513787882781, 'g_gpe_stn_mult': 0.1335657766445869, 'g_stn_gpi_mult': 2.5131753762883653, 'g_gpe_gpi_mult': 0.4651705134075309}. Best is trial 49 with value: 11.057741963559005.
[I 2026-05-28 01:57:01,352] Trial 50 finished with value: 43.81288501727372 and parameters: {'ISTN': 62.613659666946646, 'I_gpe': 2.724232083992985, 'I_gpi': 1.701963632283071, 'noise_stn_sigma': 7.4469356395993405, 'noise_gpe_sigma': 133.58554284624663, 'noise_gpi_sigma': 112.01254466035867, 'g_stn_gpe_mult': 2.5845735871569113, 'g_gpe_stn_mult': 0.3175482546596502, 'g_stn_gpi_mult': 2.0325923027153254, 'g_gpe_gpi_mult': 0.4742513648054282}. Best is trial 49 with value: 11.057741963559005.
[I 2026-05-28 01:57:02,362] Trial 51 finished with value: 19.928609196872834 and parameters: {'ISTN': 95.6892631141003, 'I_gpe': 1.2177368771608212, 'I_gpi': 3.316461397972658, 'noise_stn_sigma': 7.237411981415687, 'noise_gpe_sigma': 124.46926325952747, 'noise_gpi_sigma': 107.64775002846899, 'g_stn_gpe_mult': 1.9047727516985646, 'g_gpe_stn_mult': 0.2991681154043642, 'g_stn_gpi_mult': 3.2915667675180416, 'g_gpe_gpi_mult': 0.754688965173536}. Best is trial 49 with value: 11.057741963559005.
[I 2026-05-28 01:57:03,370] Trial 52 finished with value: 44.2056291188641 and parameters: {'ISTN': 68.34139940111105, 'I_gpe': 1.8421341822861792, 'I_gpi': 2.9218901705592883, 'noise_stn_sigma': 6.041868328107556, 'noise_gpe_sigma': 74.89358523219678, 'noise_gpi_sigma': 149.85502229156793, 'g_stn_gpe_mult': 2.9374237218236496, 'g_gpe_stn_mult': 0.49019051388390833, 'g_stn_gpi_mult': 2.7458080142658607, 'g_gpe_gpi_mult': 0.22733264917737306}. Best is trial 49 with value: 11.057741963559005.
[I 2026-05-28 01:57:04,377] Trial 53 finished with value: 42.69001275413689 and parameters: {'ISTN': 85.55906907951092, 'I_gpe': 2.6894445618279494, 'I_gpi': 2.894427962329103, 'noise_stn_sigma': 6.105828131948939, 'noise_gpe_sigma': 92.38606274403077, 'noise_gpi_sigma': 129.0568211297375, 'g_stn_gpe_mult': 2.6797325991715324, 'g_gpe_stn_mult': 0.17715580707371992, 'g_stn_gpi_mult': 2.516417347846306, 'g_gpe_gpi_mult': 0.9615167496964325}. Best is trial 49 with value: 11.057741963559005.
[I 2026-05-28 01:57:05,383] Trial 54 finished with value: 37.74388393517293 and parameters: {'ISTN': 73.18832792358714, 'I_gpe': 1.8334369835061806, 'I_gpi': 3.0731783621435196, 'noise_stn_sigma': 5.503605506366773, 'noise_gpe_sigma': 80.24317112813618, 'noise_gpi_sigma': 86.65736274907451, 'g_stn_gpe_mult': 2.729010368442129, 'g_gpe_stn_mult': 0.17910466187138513, 'g_stn_gpi_mult': 3.0168034440226763, 'g_gpe_gpi_mult': 0.48393909727852963}. Best is trial 49 with value: 11.057741963559005.
[I 2026-05-28 01:57:06,388] Trial 55 finished with value: 3.7420912361515 and parameters: {'ISTN': 60.24525301472468, 'I_gpe': 1.5223894734248635, 'I_gpi': 2.0917560675958633, 'noise_stn_sigma': 5.65294208407513, 'noise_gpe_sigma': 93.62480916015966, 'noise_gpi_sigma': 118.54422497326931, 'g_stn_gpe_mult': 2.292047964745393, 'g_gpe_stn_mult': 0.17482339269418395, 'g_stn_gpi_mult': 3.2451086298513374, 'g_gpe_gpi_mult': 0.5615837489877646}. Best is trial 55 with value: 3.7420912361515.
[I 2026-05-28 01:57:07,394] Trial 56 finished with value: 40.99425690006973 and parameters: {'ISTN': 75.95605551848969, 'I_gpe': 2.1105235608693804, 'I_gpi': 3.387063933249752, 'noise_stn_sigma': 6.377200592341264, 'noise_gpe_sigma': 76.57535666671134, 'noise_gpi_sigma': 120.56795537771806, 'g_stn_gpe_mult': 2.2961659616219148, 'g_gpe_stn_mult': 0.15885576695744283, 'g_stn_gpi_mult': 2.9698224124610224, 'g_gpe_gpi_mult': 0.4275158008343988}. Best is trial 55 with value: 3.7420912361515.
[I 2026-05-28 01:57:08,402] Trial 57 finished with value: 41.573245406771164 and parameters: {'ISTN': 76.51721869466124, 'I_gpe': 1.8601807213600683, 'I_gpi': 3.3558569817656383, 'noise_stn_sigma': 5.873340752386084, 'noise_gpe_sigma': 115.33765690018038, 'noise_gpi_sigma': 128.04234131404846, 'g_stn_gpe_mult': 2.828541714725179, 'g_gpe_stn_mult': 0.11021332421875792, 'g_stn_gpi_mult': 2.3572244798896245, 'g_gpe_gpi_mult': 0.4793189977897533}. Best is trial 55 with value: 3.7420912361515.
[I 2026-05-28 01:57:09,406] Trial 58 finished with value: 45.8850896384013 and parameters: {'ISTN': 69.90399294940619, 'I_gpe': 2.4678043218132064, 'I_gpi': 2.1046756143045178, 'noise_stn_sigma': 5.210124525287069, 'noise_gpe_sigma': 95.62725939801344, 'noise_gpi_sigma': 149.5710147597116, 'g_stn_gpe_mult': 2.449098082866368, 'g_gpe_stn_mult': 0.2029124511884921, 'g_stn_gpi_mult': 1.4968522479535051, 'g_gpe_gpi_mult': 0.7521189526768588}. Best is trial 55 with value: 3.7420912361515.
[I 2026-05-28 01:57:10,415] Trial 59 finished with value: 48.55145452759509 and parameters: {'ISTN': 77.0899711608069, 'I_gpe': 2.8842291475543855, 'I_gpi': 4.4956682497940665, 'noise_stn_sigma': 5.104684268557086, 'noise_gpe_sigma': 106.59055536502031, 'noise_gpi_sigma': 123.96450333571471, 'g_stn_gpe_mult': 3.0352815600467933, 'g_gpe_stn_mult': 0.1699505802540348, 'g_stn_gpi_mult': 2.327342421434082, 'g_gpe_gpi_mult': 0.2585410746895867}. Best is trial 55 with value: 3.7420912361515.
[I 2026-05-28 01:57:11,422] Trial 60 finished with value: 38.572255240351346 and parameters: {'ISTN': 76.94853275863571, 'I_gpe': 2.4094808188784747, 'I_gpi': 2.656063851007384, 'noise_stn_sigma': 4.365049075642612, 'noise_gpe_sigma': 110.00834768313548, 'noise_gpi_sigma': 114.56962610695089, 'g_stn_gpe_mult': 2.5669990294629867, 'g_gpe_stn_mult': 0.47074017379548483, 'g_stn_gpi_mult': 2.4552120599441647, 'g_gpe_gpi_mult': 0.7818029878721391}. Best is trial 55 with value: 3.7420912361515.
[I 2026-05-28 01:57:12,428] Trial 61 finished with value: 23.72754609219466 and parameters: {'ISTN': 90.29895321759615, 'I_gpe': 1.568277496654151, 'I_gpi': 2.963504027129902, 'noise_stn_sigma': 5.3913586049779525, 'noise_gpe_sigma': 124.17743354610285, 'noise_gpi_sigma': 98.77506542220571, 'g_stn_gpe_mult': 1.6563919857597562, 'g_gpe_stn_mult': 0.10855112595671194, 'g_stn_gpi_mult': 3.962316369511223, 'g_gpe_gpi_mult': 0.5264149127985058}. Best is trial 55 with value: 3.7420912361515.
[I 2026-05-28 01:57:13,435] Trial 62 finished with value: 49.17120298164686 and parameters: {'ISTN': 90.72819624892941, 'I_gpe': 1.8028361479883044, 'I_gpi': 2.685174936428509, 'noise_stn_sigma': 6.114760114703938, 'noise_gpe_sigma': 111.51610032824306, 'noise_gpi_sigma': 111.49947423025154, 'g_stn_gpe_mult': 3.3979021698486553, 'g_gpe_stn_mult': 0.3680033747965942, 'g_stn_gpi_mult': 3.1458145247587135, 'g_gpe_gpi_mult': 0.5106255361996557}. Best is trial 55 with value: 3.7420912361515.
[I 2026-05-28 01:57:14,442] Trial 63 finished with value: 37.57257443206356 and parameters: {'ISTN': 77.98090762842443, 'I_gpe': 2.0870834713233215, 'I_gpi': 2.045028893152472, 'noise_stn_sigma': 6.912634534551504, 'noise_gpe_sigma': 90.23140877075133, 'noise_gpi_sigma': 122.40172955696791, 'g_stn_gpe_mult': 2.3878662559709225, 'g_gpe_stn_mult': 0.27668773081452497, 'g_stn_gpi_mult': 2.845070047270509, 'g_gpe_gpi_mult': 0.4924483752390697}. Best is trial 55 with value: 3.7420912361515.
[I 2026-05-28 01:57:15,452] Trial 64 finished with value: 13.305257555763282 and parameters: {'ISTN': 66.42279018260474, 'I_gpe': 1.553448798024135, 'I_gpi': 2.9767459768067503, 'noise_stn_sigma': 5.682023740711852, 'noise_gpe_sigma': 123.51948703721378, 'noise_gpi_sigma': 111.295232664462, 'g_stn_gpe_mult': 1.583051546178644, 'g_gpe_stn_mult': 0.15059609646246547, 'g_stn_gpi_mult': 2.6999790517633957, 'g_gpe_gpi_mult': 0.7661890065446664}. Best is trial 55 with value: 3.7420912361515.
[I 2026-05-28 01:57:16,459] Trial 65 finished with value: 19.479346617960505 and parameters: {'ISTN': 69.52243435728373, 'I_gpe': 0.7051753077408419, 'I_gpi': 2.8456668572923283, 'noise_stn_sigma': 6.5609952693527465, 'noise_gpe_sigma': 119.05450043227758, 'noise_gpi_sigma': 94.1219878682064, 'g_stn_gpe_mult': 2.1679611691545, 'g_gpe_stn_mult': 0.3720620537405531, 'g_stn_gpi_mult': 2.839555935784154, 'g_gpe_gpi_mult': 0.5337041953318131}. Best is trial 55 with value: 3.7420912361515.
[I 2026-05-28 01:57:17,468] Trial 66 finished with value: 44.91066805214058 and parameters: {'ISTN': 74.19754700325055, 'I_gpe': 2.6086143526842815, 'I_gpi': 2.3376523574668946, 'noise_stn_sigma': 4.605838549697314, 'noise_gpe_sigma': 144.41312898107617, 'noise_gpi_sigma': 101.99112457393001, 'g_stn_gpe_mult': 2.764111064406947, 'g_gpe_stn_mult': 0.2807754659614644, 'g_stn_gpi_mult': 3.6189795954529043, 'g_gpe_gpi_mult': 0.7285924419545868}. Best is trial 55 with value: 3.7420912361515.
[I 2026-05-28 01:57:18,475] Trial 67 finished with value: 46.95812982792886 and parameters: {'ISTN': 82.52906074038528, 'I_gpe': 2.138618953109656, 'I_gpi': 3.5484181511422705, 'noise_stn_sigma': 5.880390916091949, 'noise_gpe_sigma': 93.02847908984498, 'noise_gpi_sigma': 109.58878907834746, 'g_stn_gpe_mult': 2.7577334855701796, 'g_gpe_stn_mult': 0.1296340187953405, 'g_stn_gpi_mult': 3.816009635382053, 'g_gpe_gpi_mult': 0.6529046581418567}. Best is trial 55 with value: 3.7420912361515.
[I 2026-05-28 01:57:19,482] Trial 68 finished with value: 28.847253864560283 and parameters: {'ISTN': 64.78960909309062, 'I_gpe': 1.8239054734077609, 'I_gpi': 2.080029642454556, 'noise_stn_sigma': 5.281784149258524, 'noise_gpe_sigma': 118.36264856328417, 'noise_gpi_sigma': 99.62198753677065, 'g_stn_gpe_mult': 2.1319940003193865, 'g_gpe_stn_mult': 0.3191212075178476, 'g_stn_gpi_mult': 3.121241258787573, 'g_gpe_gpi_mult': 0.5228091518674736}. Best is trial 55 with value: 3.7420912361515.
[I 2026-05-28 01:57:20,489] Trial 69 finished with value: 14.142056219967136 and parameters: {'ISTN': 61.976072619887226, 'I_gpe': 1.2831785157253066, 'I_gpi': 3.721421328492587, 'noise_stn_sigma': 5.074110053947304, 'noise_gpe_sigma': 98.10467325841988, 'noise_gpi_sigma': 87.13334531025367, 'g_stn_gpe_mult': 2.415254114147641, 'g_gpe_stn_mult': 0.3363707940358776, 'g_stn_gpi_mult': 3.8972319406697036, 'g_gpe_gpi_mult': 0.7487618989225993}. Best is trial 55 with value: 3.7420912361515.
[I 2026-05-28 01:57:21,494] Trial 70 finished with value: 23.43373583147772 and parameters: {'ISTN': 77.65855840712064, 'I_gpe': 1.77214013377623, 'I_gpi': 2.2311806179296214, 'noise_stn_sigma': 4.058131672353459, 'noise_gpe_sigma': 129.12326496568255, 'noise_gpi_sigma': 120.26321674981317, 'g_stn_gpe_mult': 1.5321476748206935, 'g_gpe_stn_mult': 0.3378063467143498, 'g_stn_gpi_mult': 2.872330141845703, 'g_gpe_gpi_mult': 0.5707542387863762}. Best is trial 55 with value: 3.7420912361515.
[I 2026-05-28 01:57:22,502] Trial 71 finished with value: 24.429305098560747 and parameters: {'ISTN': 65.76274172230194, 'I_gpe': 1.3637722745424898, 'I_gpi': 3.6820949046339697, 'noise_stn_sigma': 4.28206654453585, 'noise_gpe_sigma': 141.49097791337448, 'noise_gpi_sigma': 69.65245641763431, 'g_stn_gpe_mult': 2.6969996220697166, 'g_gpe_stn_mult': 0.23225604586769527, 'g_stn_gpi_mult': 2.9919302245434043, 'g_gpe_gpi_mult': 0.9517923545181397}. Best is trial 55 with value: 3.7420912361515.
[I 2026-05-28 01:57:23,507] Trial 72 finished with value: 46.61161908335039 and parameters: {'ISTN': 73.85203699506125, 'I_gpe': 1.9688568452517572, 'I_gpi': 2.2806620277413336, 'noise_stn_sigma': 5.761901206934212, 'noise_gpe_sigma': 76.27128628164624, 'noise_gpi_sigma': 68.49161276470178, 'g_stn_gpe_mult': 2.0813102122734506, 'g_gpe_stn_mult': 0.16728621515034886, 'g_stn_gpi_mult': 2.956421695316582, 'g_gpe_gpi_mult': 0.6278089387196024}. Best is trial 55 with value: 3.7420912361515.
[I 2026-05-28 01:57:24,515] Trial 73 finished with value: 40.37171459465432 and parameters: {'ISTN': 65.7601817614458, 'I_gpe': 1.9765580542786432, 'I_gpi': 1.9098877147135933, 'noise_stn_sigma': 7.571360741028103, 'noise_gpe_sigma': 100.8709187158049, 'noise_gpi_sigma': 114.812231097831, 'g_stn_gpe_mult': 1.8615236316656674, 'g_gpe_stn_mult': 0.2737529746347819, 'g_stn_gpi_mult': 2.6719297918853986, 'g_gpe_gpi_mult': 0.6270635370483943}. Best is trial 55 with value: 3.7420912361515.
[I 2026-05-28 01:57:25,521] Trial 74 finished with value: 31.397606704180582 and parameters: {'ISTN': 62.44183484319482, 'I_gpe': 1.1401178403417576, 'I_gpi': 2.6097171715038723, 'noise_stn_sigma': 6.345654703239413, 'noise_gpe_sigma': 110.66068645183438, 'noise_gpi_sigma': 107.78700906880223, 'g_stn_gpe_mult': 1.8704578281618982, 'g_gpe_stn_mult': 0.30667861383796474, 'g_stn_gpi_mult': 2.694229701209543, 'g_gpe_gpi_mult': 0.5041265413168742}. Best is trial 55 with value: 3.7420912361515.
[I 2026-05-28 01:57:26,526] Trial 75 finished with value: 34.68170959239367 and parameters: {'ISTN': 82.01460527563734, 'I_gpe': 1.104251903727955, 'I_gpi': 3.199504655739751, 'noise_stn_sigma': 5.486785468303831, 'noise_gpe_sigma': 126.36541406744969, 'noise_gpi_sigma': 80.86360465070535, 'g_stn_gpe_mult': 1.8337230285759791, 'g_gpe_stn_mult': 0.28234133212843804, 'g_stn_gpi_mult': 3.18734901646184, 'g_gpe_gpi_mult': 0.4498880659365833}. Best is trial 55 with value: 3.7420912361515.
[I 2026-05-28 01:57:27,533] Trial 76 finished with value: 32.35722201503389 and parameters: {'ISTN': 72.56312381000834, 'I_gpe': 1.1267613770261231, 'I_gpi': 4.316674583481979, 'noise_stn_sigma': 4.515241249643142, 'noise_gpe_sigma': 140.79684901032604, 'noise_gpi_sigma': 132.86016244726028, 'g_stn_gpe_mult': 1.7013277050277293, 'g_gpe_stn_mult': 0.1731499336887667, 'g_stn_gpi_mult': 2.4225967757569338, 'g_gpe_gpi_mult': 0.9057878932198891}. Best is trial 55 with value: 3.7420912361515.
[I 2026-05-28 01:57:28,539] Trial 77 finished with value: 30.077387566543266 and parameters: {'ISTN': 73.54301372668735, 'I_gpe': 1.7239931033536802, 'I_gpi': 2.5579332504625034, 'noise_stn_sigma': 5.601996240584468, 'noise_gpe_sigma': 109.45905120500746, 'noise_gpi_sigma': 99.9566408541724, 'g_stn_gpe_mult': 2.1405173843426164, 'g_gpe_stn_mult': 0.22745697986558316, 'g_stn_gpi_mult': 2.9532489445983474, 'g_gpe_gpi_mult': 0.7244719762220597}. Best is trial 55 with value: 3.7420912361515.
[I 2026-05-28 01:57:29,549] Trial 78 finished with value: 30.49656693141347 and parameters: {'ISTN': 76.28549875031285, 'I_gpe': 2.472822181725114, 'I_gpi': 3.2036097510983397, 'noise_stn_sigma': 4.957700606599692, 'noise_gpe_sigma': 122.88085276983979, 'noise_gpi_sigma': 94.62766453661219, 'g_stn_gpe_mult': 2.3231494569052544, 'g_gpe_stn_mult': 0.4223523311202436, 'g_stn_gpi_mult': 3.5830287608955507, 'g_gpe_gpi_mult': 0.6492185353618081}. Best is trial 55 with value: 3.7420912361515.
[I 2026-05-28 01:57:30,556] Trial 79 finished with value: 20.481595152700546 and parameters: {'ISTN': 73.71398018540694, 'I_gpe': 1.6934017792798222, 'I_gpi': 3.3470709748101553, 'noise_stn_sigma': 6.289442487389548, 'noise_gpe_sigma': 104.44775263826698, 'noise_gpi_sigma': 101.96626686971449, 'g_stn_gpe_mult': 1.6993960090461024, 'g_gpe_stn_mult': 0.3449060486034933, 'g_stn_gpi_mult': 2.207053867849199, 'g_gpe_gpi_mult': 0.5780915766677178}. Best is trial 55 with value: 3.7420912361515.
[I 2026-05-28 01:57:31,561] Trial 80 finished with value: 31.74700436010173 and parameters: {'ISTN': 84.9093364437408, 'I_gpe': 1.1758555513154887, 'I_gpi': 3.269165760678454, 'noise_stn_sigma': 5.074474124906544, 'noise_gpe_sigma': 123.65654383446582, 'noise_gpi_sigma': 103.75884639534107, 'g_stn_gpe_mult': 1.7800568112485537, 'g_gpe_stn_mult': 0.29386557733840046, 'g_stn_gpi_mult': 2.9232311965947266, 'g_gpe_gpi_mult': 0.7173312535749625}. Best is trial 55 with value: 3.7420912361515.
[I 2026-05-28 01:57:32,571] Trial 81 finished with value: 44.3091766227257 and parameters: {'ISTN': 74.44115220981314, 'I_gpe': 1.4341260629291859, 'I_gpi': 3.0056001846383946, 'noise_stn_sigma': 5.900325995941429, 'noise_gpe_sigma': 92.38411123899006, 'noise_gpi_sigma': 85.88124929282876, 'g_stn_gpe_mult': 2.234547301926529, 'g_gpe_stn_mult': 0.3746343879725842, 'g_stn_gpi_mult': 2.765776429612934, 'g_gpe_gpi_mult': 0.6837741413757261}. Best is trial 55 with value: 3.7420912361515.
[I 2026-05-28 01:57:33,577] Trial 82 finished with value: 36.58142133918158 and parameters: {'ISTN': 76.867802885455, 'I_gpe': 1.8107612474859098, 'I_gpi': 2.3889434103444396, 'noise_stn_sigma': 4.6068370706606965, 'noise_gpe_sigma': 134.62736385860495, 'noise_gpi_sigma': 99.46033172329393, 'g_stn_gpe_mult': 3.1537873443138382, 'g_gpe_stn_mult': 0.2455516060627117, 'g_stn_gpi_mult': 3.46031745742129, 'g_gpe_gpi_mult': 0.6026978426585214}. Best is trial 55 with value: 3.7420912361515.
[I 2026-05-28 01:57:34,587] Trial 83 finished with value: 47.85372361412286 and parameters: {'ISTN': 71.20073201073038, 'I_gpe': 2.1400292689630147, 'I_gpi': 3.917916571416865, 'noise_stn_sigma': 5.808514274716997, 'noise_gpe_sigma': 93.55269663108915, 'noise_gpi_sigma': 52.20695489176747, 'g_stn_gpe_mult': 2.6358834411815533, 'g_gpe_stn_mult': 0.26114793039715756, 'g_stn_gpi_mult': 3.062666750077401, 'g_gpe_gpi_mult': 0.536972574713341}. Best is trial 55 with value: 3.7420912361515.
[I 2026-05-28 01:57:35,597] Trial 84 finished with value: 44.25015212025025 and parameters: {'ISTN': 100.08144983603859, 'I_gpe': 1.5245026188503514, 'I_gpi': 3.195490761428366, 'noise_stn_sigma': 5.596644729153561, 'noise_gpe_sigma': 107.58903007349946, 'noise_gpi_sigma': 81.11031300442852, 'g_stn_gpe_mult': 2.619219041414783, 'g_gpe_stn_mult': 0.3340102039066666, 'g_stn_gpi_mult': 2.1495227727961272, 'g_gpe_gpi_mult': 0.6119346565511736}. Best is trial 55 with value: 3.7420912361515.
[I 2026-05-28 01:57:36,605] Trial 85 finished with value: 19.588048152611027 and parameters: {'ISTN': 61.11878745605839, 'I_gpe': 0.7419475343133559, 'I_gpi': 2.833572500697782, 'noise_stn_sigma': 5.4585172410503136, 'noise_gpe_sigma': 111.711616330506, 'noise_gpi_sigma': 100.43864594029888, 'g_stn_gpe_mult': 2.6417286984603265, 'g_gpe_stn_mult': 0.23247733149177977, 'g_stn_gpi_mult': 2.140919335805526, 'g_gpe_gpi_mult': 0.7369299589854927}. Best is trial 55 with value: 3.7420912361515.
[I 2026-05-28 01:57:37,612] Trial 86 finished with value: 43.63763725108051 and parameters: {'ISTN': 90.12957488336333, 'I_gpe': 1.8446463332899232, 'I_gpi': 3.262194771241836, 'noise_stn_sigma': 5.407858487105342, 'noise_gpe_sigma': 138.60344408719112, 'noise_gpi_sigma': 115.88997842228291, 'g_stn_gpe_mult': 2.354937038596968, 'g_gpe_stn_mult': 0.24130665460777379, 'g_stn_gpi_mult': 2.468599197292849, 'g_gpe_gpi_mult': 0.9182285517257314}. Best is trial 55 with value: 3.7420912361515.
[I 2026-05-28 01:57:38,619] Trial 87 finished with value: 27.391808760491333 and parameters: {'ISTN': 72.32096926106833, 'I_gpe': 1.7286364014487527, 'I_gpi': 3.1032670384970023, 'noise_stn_sigma': 6.000519204304517, 'noise_gpe_sigma': 129.77516838970564, 'noise_gpi_sigma': 110.08414811199636, 'g_stn_gpe_mult': 2.3059618189220616, 'g_gpe_stn_mult': 0.23746003472654473, 'g_stn_gpi_mult': 2.5432538998503635, 'g_gpe_gpi_mult': 0.7131229133882839}. Best is trial 55 with value: 3.7420912361515.
