[I 2026-05-28 02:43:55,188] Trial 822 finished with value: 0.004404773601360006 and parameters: {'ISTN': 60.35523634740962, 'I_gpe': 1.076400222859096, 'I_gpi': 2.2712300833543084, 'noise_stn_sigma': 1.0175450990935817, 'noise_gpe_sigma': 145.71973914337897, 'noise_gpi_sigma': 141.38625238059458, 'g_stn_gpe_mult': 2.423347617936952, 'g_gpe_stn_mult': 0.1836153032106263, 'g_stn_gpi_mult': 1.2268464196980906, 'g_gpe_gpi_mult': 0.9618492739411104}. Best is trial 796 with value: 0.0030864469289696925.
[I 2026-05-28 02:43:56,196] Trial 823 finished with value: 0.004939068505220539 and parameters: {'ISTN': 60.178924968387754, 'I_gpe': 1.0816186820557896, 'I_gpi': 2.2605631735639466, 'noise_stn_sigma': 1.072427384528275, 'noise_gpe_sigma': 145.53622496992193, 'noise_gpi_sigma': 139.893524942558, 'g_stn_gpe_mult': 2.494948096748394, 'g_gpe_stn_mult': 0.18422337862810934, 'g_stn_gpi_mult': 1.2485519235521485, 'g_gpe_gpi_mult': 0.9617955195996628}. Best is trial 796 with value: 0.0030864469289696925.
[I 2026-05-28 02:43:57,203] Trial 824 finished with value: 0.003027675099052678 and parameters: {'ISTN': 60.19486391401088, 'I_gpe': 1.114711340263165, 'I_gpi': 2.2889362864155327, 'noise_stn_sigma': 1.071036856532608, 'noise_gpe_sigma': 145.78916864573011, 'noise_gpi_sigma': 139.53340489206346, 'g_stn_gpe_mult': 2.475257300730646, 'g_gpe_stn_mult': 0.19015672979238019, 'g_stn_gpi_mult': 1.3015350252014037, 'g_gpe_gpi_mult': 0.9910710128299289}. Best is trial 824 with value: 0.003027675099052678.
[I 2026-05-28 02:43:58,211] Trial 825 finished with value: 0.005134490691416698 and parameters: {'ISTN': 60.21195573878589, 'I_gpe': 1.0854727850402541, 'I_gpi': 2.256740953055374, 'noise_stn_sigma': 1.0961566257005164, 'noise_gpe_sigma': 147.8096376880772, 'noise_gpi_sigma': 139.94997524558295, 'g_stn_gpe_mult': 2.447465676749319, 'g_gpe_stn_mult': 0.1854350524030598, 'g_stn_gpi_mult': 1.2872636138937243, 'g_gpe_gpi_mult': 0.987951455510325}. Best is trial 824 with value: 0.003027675099052678.
[I 2026-05-28 02:43:59,219] Trial 826 finished with value: 0.004987199702168108 and parameters: {'ISTN': 60.20074172163954, 'I_gpe': 1.1089794859029436, 'I_gpi': 2.2842813507742017, 'noise_stn_sigma': 1.0167605812646276, 'noise_gpe_sigma': 145.70917365972116, 'noise_gpi_sigma': 138.89787851527092, 'g_stn_gpe_mult': 2.4393673077120077, 'g_gpe_stn_mult': 0.1891248496181045, 'g_stn_gpi_mult': 1.3092332624400447, 'g_gpe_gpi_mult': 0.9593438326695254}. Best is trial 824 with value: 0.003027675099052678.
[I 2026-05-28 02:44:00,228] Trial 827 finished with value: 0.0029694317879148877 and parameters: {'ISTN': 60.05936969812018, 'I_gpe': 1.109555921668377, 'I_gpi': 2.2786374023317277, 'noise_stn_sigma': 1.0645888748342942, 'noise_gpe_sigma': 146.15131842403196, 'noise_gpi_sigma': 140.00408179267086, 'g_stn_gpe_mult': 2.4510146205201124, 'g_gpe_stn_mult': 0.1867204491279803, 'g_stn_gpi_mult': 1.2779942400751336, 'g_gpe_gpi_mult': 0.9829629778011078}. Best is trial 827 with value: 0.0029694317879148877.
[I 2026-05-28 02:44:01,235] Trial 828 finished with value: 0.003640901221110357 and parameters: {'ISTN': 60.28179716470162, 'I_gpe': 1.1211324894825792, 'I_gpi': 2.275567476340411, 'noise_stn_sigma': 1.0310252735463603, 'noise_gpe_sigma': 143.70923726661817, 'noise_gpi_sigma': 139.38015880840967, 'g_stn_gpe_mult': 2.447678463588511, 'g_gpe_stn_mult': 0.18501545591336277, 'g_stn_gpi_mult': 1.2394148163278889, 'g_gpe_gpi_mult': 0.9721272872238609}. Best is trial 827 with value: 0.0029694317879148877.
[I 2026-05-28 02:44:02,246] Trial 829 finished with value: 0.004412618429626713 and parameters: {'ISTN': 60.47248299746367, 'I_gpe': 1.110230738860123, 'I_gpi': 2.29641430708819, 'noise_stn_sigma': 1.0281686112128858, 'noise_gpe_sigma': 146.912541236925, 'noise_gpi_sigma': 138.72665153152866, 'g_stn_gpe_mult': 2.4583278147200818, 'g_gpe_stn_mult': 0.18119279880356437, 'g_stn_gpi_mult': 1.2782218441374713, 'g_gpe_gpi_mult': 0.9601099891343916}. Best is trial 827 with value: 0.0029694317879148877.
[I 2026-05-28 02:44:03,257] Trial 830 finished with value: 0.00505318574693588 and parameters: {'ISTN': 60.09170308651614, 'I_gpe': 1.1050324529946023, 'I_gpi': 2.2706255077802835, 'noise_stn_sigma': 1.0264541510901808, 'noise_gpe_sigma': 145.22163886813289, 'noise_gpi_sigma': 139.48799973253472, 'g_stn_gpe_mult': 2.4365121478266976, 'g_gpe_stn_mult': 0.1900574059952731, 'g_stn_gpi_mult': 1.2660927133094244, 'g_gpe_gpi_mult': 0.9814710383860832}. Best is trial 827 with value: 0.0029694317879148877.
[I 2026-05-28 02:44:04,265] Trial 831 finished with value: 0.0035609010674597487 and parameters: {'ISTN': 60.04421333861817, 'I_gpe': 1.1180945389223584, 'I_gpi': 2.2850079886570622, 'noise_stn_sigma': 1.0679061705455675, 'noise_gpe_sigma': 145.27565063589626, 'noise_gpi_sigma': 138.89716711234587, 'g_stn_gpe_mult': 2.421404130142748, 'g_gpe_stn_mult': 0.18757798269064496, 'g_stn_gpi_mult': 1.2648718114365018, 'g_gpe_gpi_mult': 0.9759974863149317}. Best is trial 827 with value: 0.0029694317879148877.
[I 2026-05-28 02:44:05,273] Trial 832 finished with value: 0.004737800817444487 and parameters: {'ISTN': 60.3151573029202, 'I_gpe': 1.1216081400794007, 'I_gpi': 2.2435072707752504, 'noise_stn_sigma': 1.0445427563516287, 'noise_gpe_sigma': 143.38723990703386, 'noise_gpi_sigma': 141.37115993667595, 'g_stn_gpe_mult': 2.4657746754299565, 'g_gpe_stn_mult': 0.1848692011355449, 'g_stn_gpi_mult': 1.2685927701043744, 'g_gpe_gpi_mult': 0.9674997278759894}. Best is trial 827 with value: 0.0029694317879148877.
[I 2026-05-28 02:44:06,281] Trial 833 finished with value: 0.003956532285725189 and parameters: {'ISTN': 60.560575861016474, 'I_gpe': 1.079771819043227, 'I_gpi': 2.283821968543988, 'noise_stn_sigma': 1.0172672231249291, 'noise_gpe_sigma': 145.56295532103513, 'noise_gpi_sigma': 139.9864462010242, 'g_stn_gpe_mult': 2.4444922672770106, 'g_gpe_stn_mult': 0.18509269252392668, 'g_stn_gpi_mult': 1.2148635102959555, 'g_gpe_gpi_mult': 0.978554904662426}. Best is trial 827 with value: 0.0029694317879148877.
[I 2026-05-28 02:44:07,293] Trial 834 finished with value: 0.005090892942786611 and parameters: {'ISTN': 60.264245236074395, 'I_gpe': 1.0997006954927877, 'I_gpi': 2.2907445115193177, 'noise_stn_sigma': 1.093155910804013, 'noise_gpe_sigma': 147.19828712350625, 'noise_gpi_sigma': 140.04769473687207, 'g_stn_gpe_mult': 2.4618759312678797, 'g_gpe_stn_mult': 0.19009419312675285, 'g_stn_gpi_mult': 1.309610126248966, 'g_gpe_gpi_mult': 0.9871902002779156}. Best is trial 827 with value: 0.0029694317879148877.
[I 2026-05-28 02:44:08,301] Trial 835 finished with value: 0.00505318574693588 and parameters: {'ISTN': 60.42385009245398, 'I_gpe': 1.1094625212763156, 'I_gpi': 2.2655664158663997, 'noise_stn_sigma': 1.0537528608301214, 'noise_gpe_sigma': 145.02205854960016, 'noise_gpi_sigma': 140.18733164684335, 'g_stn_gpe_mult': 2.4564508082365437, 'g_gpe_stn_mult': 0.18565870540892948, 'g_stn_gpi_mult': 1.2739554601332999, 'g_gpe_gpi_mult': 0.9715379830461548}. Best is trial 827 with value: 0.0029694317879148877.
[I 2026-05-28 02:44:09,309] Trial 836 finished with value: 0.004580578609613701 and parameters: {'ISTN': 60.21343617377229, 'I_gpe': 1.118598758219983, 'I_gpi': 2.2675714983298305, 'noise_stn_sigma': 1.1277081142360235, 'noise_gpe_sigma': 145.83218766075345, 'noise_gpi_sigma': 140.305245919845, 'g_stn_gpe_mult': 2.5055606043465097, 'g_gpe_stn_mult': 0.18385306560675524, 'g_stn_gpi_mult': 1.2487076381283857, 'g_gpe_gpi_mult': 0.9681649578989546}. Best is trial 827 with value: 0.0029694317879148877.
[I 2026-05-28 02:44:10,316] Trial 837 finished with value: 0.0036024765953937507 and parameters: {'ISTN': 60.273220840032685, 'I_gpe': 1.103337822107566, 'I_gpi': 2.2788125276626277, 'noise_stn_sigma': 1.0777724702505558, 'noise_gpe_sigma': 145.51624897180284, 'noise_gpi_sigma': 140.3619709482411, 'g_stn_gpe_mult': 2.4315230917324366, 'g_gpe_stn_mult': 0.18208721663623856, 'g_stn_gpi_mult': 1.2515133763932869, 'g_gpe_gpi_mult': 0.9760446416236823}. Best is trial 827 with value: 0.0029694317879148877.
[I 2026-05-28 02:44:11,323] Trial 838 finished with value: 0.00393951498393202 and parameters: {'ISTN': 60.38358000115847, 'I_gpe': 1.109070058202088, 'I_gpi': 2.2484340355072794, 'noise_stn_sigma': 1.0096058938673256, 'noise_gpe_sigma': 145.65785470680788, 'noise_gpi_sigma': 139.57310251757542, 'g_stn_gpe_mult': 2.4410305504701784, 'g_gpe_stn_mult': 0.18313848242057196, 'g_stn_gpi_mult': 1.2564691575756695, 'g_gpe_gpi_mult': 0.9818008883381701}. Best is trial 827 with value: 0.0029694317879148877.
[I 2026-05-28 02:44:12,331] Trial 839 finished with value: 0.004298279484279823 and parameters: {'ISTN': 60.10544230483665, 'I_gpe': 1.0872079257343432, 'I_gpi': 2.2987873725084342, 'noise_stn_sigma': 1.040123542582525, 'noise_gpe_sigma': 147.2455230954329, 'noise_gpi_sigma': 140.35269413910098, 'g_stn_gpe_mult': 2.441697827154955, 'g_gpe_stn_mult': 0.1898637896939525, 'g_stn_gpi_mult': 1.2639779653980605, 'g_gpe_gpi_mult': 0.9917913693590401}. Best is trial 827 with value: 0.0029694317879148877.
[I 2026-05-28 02:44:13,341] Trial 840 finished with value: 0.004442740149846679 and parameters: {'ISTN': 60.33398917218067, 'I_gpe': 1.0842674330611493, 'I_gpi': 2.260258281607096, 'noise_stn_sigma': 1.1302504980929728, 'noise_gpe_sigma': 146.08605133060422, 'noise_gpi_sigma': 139.12112547127862, 'g_stn_gpe_mult': 2.476431685550037, 'g_gpe_stn_mult': 0.1868836101985284, 'g_stn_gpi_mult': 1.2688741359010955, 'g_gpe_gpi_mult': 0.9864644683610035}. Best is trial 827 with value: 0.0029694317879148877.
[I 2026-05-28 02:44:14,350] Trial 841 finished with value: 0.0036024718679544825 and parameters: {'ISTN': 60.138362870434555, 'I_gpe': 1.1078619734396833, 'I_gpi': 2.3025461859201943, 'noise_stn_sigma': 1.117870752016063, 'noise_gpe_sigma': 146.05486345071262, 'noise_gpi_sigma': 138.93337240521095, 'g_stn_gpe_mult': 2.4496416041754703, 'g_gpe_stn_mult': 0.18501786651035806, 'g_stn_gpi_mult': 1.243254830293625, 'g_gpe_gpi_mult': 0.987359164500921}. Best is trial 827 with value: 0.0029694317879148877.
[I 2026-05-28 02:44:15,358] Trial 842 finished with value: 0.003939768874074258 and parameters: {'ISTN': 60.30603914045142, 'I_gpe': 1.1032595208288396, 'I_gpi': 2.2927154821201094, 'noise_stn_sigma': 1.0396320058093886, 'noise_gpe_sigma': 146.67312633024724, 'noise_gpi_sigma': 138.79760040555584, 'g_stn_gpe_mult': 2.413240943012113, 'g_gpe_stn_mult': 0.18935036794301852, 'g_stn_gpi_mult': 1.2698028985038134, 'g_gpe_gpi_mult': 0.9764208418652425}. Best is trial 827 with value: 0.0029694317879148877.
[I 2026-05-28 02:44:16,367] Trial 843 finished with value: 0.004973544711237974 and parameters: {'ISTN': 60.28967419159857, 'I_gpe': 1.1108629167661075, 'I_gpi': 2.2857187337900093, 'noise_stn_sigma': 1.034296202563285, 'noise_gpe_sigma': 145.62690410734908, 'noise_gpi_sigma': 139.92905888460743, 'g_stn_gpe_mult': 2.434582155399476, 'g_gpe_stn_mult': 0.1882850576554329, 'g_stn_gpi_mult': 1.2557027163378036, 'g_gpe_gpi_mult': 0.987126526100677}. Best is trial 827 with value: 0.0029694317879148877.
[I 2026-05-28 02:44:17,375] Trial 844 finished with value: 0.003609215613924203 and parameters: {'ISTN': 60.3777555199684, 'I_gpe': 1.096787073205547, 'I_gpi': 2.2847669291091437, 'noise_stn_sigma': 1.0462397818114988, 'noise_gpe_sigma': 145.19415033983253, 'noise_gpi_sigma': 142.56027912877357, 'g_stn_gpe_mult': 2.4658581740337784, 'g_gpe_stn_mult': 0.1824521500102056, 'g_stn_gpi_mult': 1.2651190154149363, 'g_gpe_gpi_mult': 0.9651990073734609}. Best is trial 827 with value: 0.0029694317879148877.
[I 2026-05-28 02:44:18,382] Trial 845 finished with value: 0.005382321839591983 and parameters: {'ISTN': 60.17745866398825, 'I_gpe': 1.0998689635756151, 'I_gpi': 2.306434777778856, 'noise_stn_sigma': 1.0826291790485691, 'noise_gpe_sigma': 144.90868914018193, 'noise_gpi_sigma': 138.29341850891927, 'g_stn_gpe_mult': 2.440091269730496, 'g_gpe_stn_mult': 0.1859335750104146, 'g_stn_gpi_mult': 1.2173420732400428, 'g_gpe_gpi_mult': 0.9869983362095491}. Best is trial 827 with value: 0.0029694317879148877.
[I 2026-05-28 02:44:19,388] Trial 846 finished with value: 0.0048764671732957465 and parameters: {'ISTN': 60.3304212380361, 'I_gpe': 1.0923980640387083, 'I_gpi': 2.2633304030704893, 'noise_stn_sigma': 1.0537239841558534, 'noise_gpe_sigma': 145.4250830154961, 'noise_gpi_sigma': 139.37072708309233, 'g_stn_gpe_mult': 2.447075064100722, 'g_gpe_stn_mult': 0.18351145994863233, 'g_stn_gpi_mult': 1.2412018737761468, 'g_gpe_gpi_mult': 0.9772136778494143}. Best is trial 827 with value: 0.0029694317879148877.
[I 2026-05-28 02:44:20,397] Trial 847 finished with value: 0.0038491322776333485 and parameters: {'ISTN': 60.20583886738623, 'I_gpe': 1.1064138197304347, 'I_gpi': 2.2616809893428353, 'noise_stn_sigma': 1.0406358346661588, 'noise_gpe_sigma': 147.29293645139, 'noise_gpi_sigma': 138.29322742639366, 'g_stn_gpe_mult': 2.3912486930330683, 'g_gpe_stn_mult': 0.18399571955970595, 'g_stn_gpi_mult': 1.2546962154517436, 'g_gpe_gpi_mult': 0.972235347483914}. Best is trial 827 with value: 0.0029694317879148877.
[I 2026-05-28 02:44:21,406] Trial 848 finished with value: 0.003401496908352343 and parameters: {'ISTN': 60.220651280995504, 'I_gpe': 1.1026366586090717, 'I_gpi': 2.3048189705773017, 'noise_stn_sigma': 1.0719709241693292, 'noise_gpe_sigma': 144.49816102541132, 'noise_gpi_sigma': 139.62296068594458, 'g_stn_gpe_mult': 2.4004986952967116, 'g_gpe_stn_mult': 0.18549454567599227, 'g_stn_gpi_mult': 1.2602120942447648, 'g_gpe_gpi_mult': 0.9766649370956815}. Best is trial 827 with value: 0.0029694317879148877.
[I 2026-05-28 02:44:22,415] Trial 849 finished with value: 0.007351787796278952 and parameters: {'ISTN': 60.63526865901183, 'I_gpe': 1.098430195283816, 'I_gpi': 2.2723299187971207, 'noise_stn_sigma': 1.0136712086933477, 'noise_gpe_sigma': 145.73794721325186, 'noise_gpi_sigma': 139.54542875918037, 'g_stn_gpe_mult': 2.456301191599504, 'g_gpe_stn_mult': 0.18171414363188276, 'g_stn_gpi_mult': 1.2063071436897939, 'g_gpe_gpi_mult': 0.971688240769788}. Best is trial 827 with value: 0.0029694317879148877.
[I 2026-05-28 02:44:23,423] Trial 850 finished with value: 0.0019336269705434892 and parameters: {'ISTN': 60.23842056811689, 'I_gpe': 1.1164861033514715, 'I_gpi': 2.286249106208366, 'noise_stn_sigma': 1.0805758985386775, 'noise_gpe_sigma': 144.98836065277618, 'noise_gpi_sigma': 137.80349444082867, 'g_stn_gpe_mult': 2.4530657709156958, 'g_gpe_stn_mult': 0.18540796554998112, 'g_stn_gpi_mult': 1.2479723424226563, 'g_gpe_gpi_mult': 0.9967147677499837}. Best is trial 850 with value: 0.0019336269705434892.
[I 2026-05-28 02:44:24,433] Trial 851 finished with value: 0.004450959642876812 and parameters: {'ISTN': 60.31975864525423, 'I_gpe': 1.107093944909613, 'I_gpi': 2.3122670980380464, 'noise_stn_sigma': 1.0035122888001127, 'noise_gpe_sigma': 145.63810855789032, 'noise_gpi_sigma': 138.08977528071583, 'g_stn_gpe_mult': 2.411347815914392, 'g_gpe_stn_mult': 0.18865301635874937, 'g_stn_gpi_mult': 1.2435542595610032, 'g_gpe_gpi_mult': 1.01795774324577}. Best is trial 850 with value: 0.0019336269705434892.
[I 2026-05-28 02:44:25,443] Trial 852 finished with value: 0.0047093394230170345 and parameters: {'ISTN': 60.3468290152568, 'I_gpe': 1.1202368658963893, 'I_gpi': 2.302666422520238, 'noise_stn_sigma': 1.0926990572967625, 'noise_gpe_sigma': 143.09698793063723, 'noise_gpi_sigma': 139.17847592818407, 'g_stn_gpe_mult': 2.4846971817278356, 'g_gpe_stn_mult': 0.18115110304820778, 'g_stn_gpi_mult': 1.2679701701312203, 'g_gpe_gpi_mult': 0.9788661405089367}. Best is trial 850 with value: 0.0019336269705434892.
[I 2026-05-28 02:44:26,390] Trial 853 finished with value: 1000000.0 and parameters: {'ISTN': 60.40087071228009, 'I_gpe': 1.1060950597463504, 'I_gpi': 2.3076855971323007, 'noise_stn_sigma': 1.0559625777342283, 'noise_gpe_sigma': 145.75220117888676, 'noise_gpi_sigma': 137.02831970793002, 'g_stn_gpe_mult': 2.446106877502344, 'g_gpe_stn_mult': 0.1852063286403235, 'g_stn_gpi_mult': 1.232607675341618, 'g_gpe_gpi_mult': 1.0039936207482258}. Best is trial 850 with value: 0.0019336269705434892.
[I 2026-05-28 02:44:27,398] Trial 854 finished with value: 0.004090303988655447 and parameters: {'ISTN': 60.39762129352233, 'I_gpe': 1.1223608228520483, 'I_gpi': 2.2928921155061897, 'noise_stn_sigma': 1.0620474640922088, 'noise_gpe_sigma': 146.54520290555303, 'noise_gpi_sigma': 137.93678156879298, 'g_stn_gpe_mult': 2.4306927480401503, 'g_gpe_stn_mult': 0.1832596399608979, 'g_stn_gpi_mult': 1.2570565132096139, 'g_gpe_gpi_mult': 0.990360044116686}. Best is trial 850 with value: 0.0019336269705434892.
[I 2026-05-28 02:44:28,408] Trial 855 finished with value: 0.003619161074076521 and parameters: {'ISTN': 60.08694747086544, 'I_gpe': 1.1135784554042463, 'I_gpi': 2.274839577959523, 'noise_stn_sigma': 1.0612761311013184, 'noise_gpe_sigma': 145.97042774457668, 'noise_gpi_sigma': 139.0391565624804, 'g_stn_gpe_mult': 2.4479493608375655, 'g_gpe_stn_mult': 0.18584338718939913, 'g_stn_gpi_mult': 1.2588392283877792, 'g_gpe_gpi_mult': 0.9785867147493046}. Best is trial 850 with value: 0.0019336269705434892.
[I 2026-05-28 02:44:29,417] Trial 856 finished with value: 0.006699499574092647 and parameters: {'ISTN': 60.62269820075702, 'I_gpe': 1.1031981848388788, 'I_gpi': 2.271553018914824, 'noise_stn_sigma': 1.1034743647325653, 'noise_gpe_sigma': 142.80769772172778, 'noise_gpi_sigma': 138.93664021495863, 'g_stn_gpe_mult': 2.410422921551973, 'g_gpe_stn_mult': 0.1837718435449065, 'g_stn_gpi_mult': 1.2514783293668328, 'g_gpe_gpi_mult': 0.9862312748048185}. Best is trial 850 with value: 0.0019336269705434892.
[I 2026-05-28 02:44:30,426] Trial 857 finished with value: 0.0046977374195766915 and parameters: {'ISTN': 60.050734249037525, 'I_gpe': 1.1130291935557861, 'I_gpi': 2.274949652211684, 'noise_stn_sigma': 1.0776070288054929, 'noise_gpe_sigma': 145.9885360863527, 'noise_gpi_sigma': 138.86521422707722, 'g_stn_gpe_mult': 2.4184466181293143, 'g_gpe_stn_mult': 0.18372370401264826, 'g_stn_gpi_mult': 1.2198262624356804, 'g_gpe_gpi_mult': 0.9923723142920415}. Best is trial 850 with value: 0.0019336269705434892.
[I 2026-05-28 02:44:31,434] Trial 858 finished with value: 0.004242760472629317 and parameters: {'ISTN': 60.37924038903989, 'I_gpe': 1.1109695097338805, 'I_gpi': 2.2851825599365414, 'noise_stn_sigma': 1.0862741738051829, 'noise_gpe_sigma': 145.70104180421956, 'noise_gpi_sigma': 137.72819345185263, 'g_stn_gpe_mult': 2.4191382473652303, 'g_gpe_stn_mult': 0.18383652739959758, 'g_stn_gpi_mult': 1.2450411805825916, 'g_gpe_gpi_mult': 1.000237121637389}. Best is trial 850 with value: 0.0019336269705434892.
[I 2026-05-28 02:44:32,445] Trial 859 finished with value: 0.003299942140732573 and parameters: {'ISTN': 60.207150165487626, 'I_gpe': 1.1073521599920504, 'I_gpi': 2.28105906248521, 'noise_stn_sigma': 1.0233981785102317, 'noise_gpe_sigma': 145.6892091185143, 'noise_gpi_sigma': 137.8327580985091, 'g_stn_gpe_mult': 2.4298963458301253, 'g_gpe_stn_mult': 0.18635124191815447, 'g_stn_gpi_mult': 1.2465856289985808, 'g_gpe_gpi_mult': 0.9932569430653797}. Best is trial 850 with value: 0.0019336269705434892.
[I 2026-05-28 02:44:33,454] Trial 860 finished with value: 0.003817971448058254 and parameters: {'ISTN': 60.086884478247114, 'I_gpe': 1.103210018445038, 'I_gpi': 2.331310054138789, 'noise_stn_sigma': 1.06672767340283, 'noise_gpe_sigma': 145.6132323171003, 'noise_gpi_sigma': 139.1584955104047, 'g_stn_gpe_mult': 2.427411719667313, 'g_gpe_stn_mult': 0.1863744132837339, 'g_stn_gpi_mult': 1.2558025477352108, 'g_gpe_gpi_mult': 0.9959623120006857}. Best is trial 850 with value: 0.0019336269705434892.
[I 2026-05-28 02:44:34,465] Trial 861 finished with value: 0.004611761542518185 and parameters: {'ISTN': 60.253788159120575, 'I_gpe': 1.107257740206209, 'I_gpi': 2.2798817015054182, 'noise_stn_sigma': 1.0785379240313788, 'noise_gpe_sigma': 146.07623136692328, 'noise_gpi_sigma': 139.03485132321293, 'g_stn_gpe_mult': 2.4442452757120723, 'g_gpe_stn_mult': 0.1841210136221284, 'g_stn_gpi_mult': 1.2491175078727776, 'g_gpe_gpi_mult': 0.9910046289298851}. Best is trial 850 with value: 0.0019336269705434892.
[I 2026-05-28 02:44:35,475] Trial 862 finished with value: 0.003604859010822288 and parameters: {'ISTN': 60.10028102101654, 'I_gpe': 1.1096218186270592, 'I_gpi': 2.2956875157472383, 'noise_stn_sigma': 1.0431596068083522, 'noise_gpe_sigma': 145.96017768440277, 'noise_gpi_sigma': 136.9045571051574, 'g_stn_gpe_mult': 2.486500744181569, 'g_gpe_stn_mult': 0.1876770532454991, 'g_stn_gpi_mult': 1.2545970545954863, 'g_gpe_gpi_mult': 0.9985996566958031}. Best is trial 850 with value: 0.0019336269705434892.
[I 2026-05-28 02:44:36,484] Trial 863 finished with value: 0.0050299144993884454 and parameters: {'ISTN': 60.44734366336795, 'I_gpe': 1.1062293010017656, 'I_gpi': 2.2788116117223978, 'noise_stn_sigma': 1.0305014006465296, 'noise_gpe_sigma': 146.381230511251, 'noise_gpi_sigma': 139.77329087485737, 'g_stn_gpe_mult': 2.4188974387980853, 'g_gpe_stn_mult': 0.18713730311278923, 'g_stn_gpi_mult': 1.2786060138502329, 'g_gpe_gpi_mult': 0.9924227387759255}. Best is trial 850 with value: 0.0019336269705434892.
[I 2026-05-28 02:44:37,494] Trial 864 finished with value: 0.004261592365574704 and parameters: {'ISTN': 60.34376295493954, 'I_gpe': 1.1127904759524374, 'I_gpi': 2.294658995727809, 'noise_stn_sigma': 1.096523354601853, 'noise_gpe_sigma': 144.03015165355697, 'noise_gpi_sigma': 138.32757265722904, 'g_stn_gpe_mult': 2.457225367421279, 'g_gpe_stn_mult': 0.18249940830548483, 'g_stn_gpi_mult': 1.2760016727613914, 'g_gpe_gpi_mult': 0.9809754453734607}. Best is trial 850 with value: 0.0019336269705434892.
