[I 2026-05-28 02:06:30,859] Trial 616 finished with value: 1000000.0 and parameters: {'ISTN': 66.00134866831795, 'I_gpe': 0.8444413932673267, 'I_gpi': 3.224555486332984, 'noise_stn_sigma': 5.023399493041954, 'noise_gpe_sigma': 90.68101511982039, 'noise_gpi_sigma': 89.75736576255088, 'g_stn_gpe_mult': 1.8165520992725956, 'g_gpe_stn_mult': 0.2523549064108877, 'g_stn_gpi_mult': 3.368704174820791, 'g_gpe_gpi_mult': 0.893687531211349}. Best is trial 98 with value: 0.5979484317983877.
[I 2026-05-28 02:06:31,867] Trial 617 finished with value: 5.207595623330549 and parameters: {'ISTN': 67.31979137116882, 'I_gpe': 0.8644381531392482, 'I_gpi': 3.291341224498521, 'noise_stn_sigma': 4.959982504013505, 'noise_gpe_sigma': 90.0625069288794, 'noise_gpi_sigma': 88.36575958313911, 'g_stn_gpe_mult': 1.6775165557224672, 'g_gpe_stn_mult': 0.24904904179725018, 'g_stn_gpi_mult': 3.442163066242121, 'g_gpe_gpi_mult': 0.9042479784817685}. Best is trial 98 with value: 0.5979484317983877.
[I 2026-05-28 02:06:32,876] Trial 618 finished with value: 2.7755575522819713 and parameters: {'ISTN': 66.29062013856829, 'I_gpe': 0.841324766454904, 'I_gpi': 3.3561607890047505, 'noise_stn_sigma': 4.91533950875487, 'noise_gpe_sigma': 90.67655597886147, 'noise_gpi_sigma': 91.2156166192682, 'g_stn_gpe_mult': 1.6856405764624889, 'g_gpe_stn_mult': 0.25276105861439935, 'g_stn_gpi_mult': 3.417306680767235, 'g_gpe_gpi_mult': 0.8966732563087947}. Best is trial 98 with value: 0.5979484317983877.
[I 2026-05-28 02:06:33,883] Trial 619 finished with value: 1.3167636742520339 and parameters: {'ISTN': 65.63220810227796, 'I_gpe': 0.8139689106733735, 'I_gpi': 3.3163673928178956, 'noise_stn_sigma': 5.090098249786043, 'noise_gpe_sigma': 89.49480787043285, 'noise_gpi_sigma': 90.3038971442089, 'g_stn_gpe_mult': 1.7941512003822524, 'g_gpe_stn_mult': 0.24922990849122284, 'g_stn_gpi_mult': 3.366514180736287, 'g_gpe_gpi_mult': 0.8915503152925386}. Best is trial 98 with value: 0.5979484317983877.
[I 2026-05-28 02:06:34,891] Trial 620 finished with value: 8.33665576212202 and parameters: {'ISTN': 66.49706457096882, 'I_gpe': 0.8395753246058846, 'I_gpi': 3.2628531145048343, 'noise_stn_sigma': 4.8191924480030135, 'noise_gpe_sigma': 91.87614047884722, 'noise_gpi_sigma': 89.91998688826502, 'g_stn_gpe_mult': 1.681777359129982, 'g_gpe_stn_mult': 0.2628130742216207, 'g_stn_gpi_mult': 3.3307614872027056, 'g_gpe_gpi_mult': 0.9034264112591419}. Best is trial 98 with value: 0.5979484317983877.
[I 2026-05-28 02:06:35,897] Trial 621 finished with value: 5.832134358741611 and parameters: {'ISTN': 65.3723023813528, 'I_gpe': 0.8358258477167199, 'I_gpi': 3.322514854661223, 'noise_stn_sigma': 4.854023895905989, 'noise_gpe_sigma': 93.31680320340841, 'noise_gpi_sigma': 88.60374450733616, 'g_stn_gpe_mult': 1.7164061297099418, 'g_gpe_stn_mult': 0.24127024452153467, 'g_stn_gpi_mult': 3.4130080941942493, 'g_gpe_gpi_mult': 0.8990797539412005}. Best is trial 98 with value: 0.5979484317983877.
[I 2026-05-28 02:06:36,905] Trial 622 finished with value: 1.2946953122560791 and parameters: {'ISTN': 66.34374553672991, 'I_gpe': 0.8387204114777995, 'I_gpi': 3.306672256505626, 'noise_stn_sigma': 5.1585274685731575, 'noise_gpe_sigma': 94.88467805194237, 'noise_gpi_sigma': 91.2361839244135, 'g_stn_gpe_mult': 1.8256293016463847, 'g_gpe_stn_mult': 0.24008108446664353, 'g_stn_gpi_mult': 3.2912614908459705, 'g_gpe_gpi_mult': 0.8809214654968756}. Best is trial 98 with value: 0.5979484317983877.
[I 2026-05-28 02:06:37,911] Trial 623 finished with value: 1.402015448053684 and parameters: {'ISTN': 65.709590204758, 'I_gpe': 0.8599404763852353, 'I_gpi': 3.4122621748150017, 'noise_stn_sigma': 4.968220915057455, 'noise_gpe_sigma': 86.150852878508, 'noise_gpi_sigma': 86.18539195526, 'g_stn_gpe_mult': 1.7922824423512371, 'g_gpe_stn_mult': 0.2501375589211485, 'g_stn_gpi_mult': 3.3852086893949442, 'g_gpe_gpi_mult': 0.8872187356355339}. Best is trial 98 with value: 0.5979484317983877.
[I 2026-05-28 02:06:38,917] Trial 624 finished with value: 3.722827861640274 and parameters: {'ISTN': 64.96415425642563, 'I_gpe': 0.8488903657155652, 'I_gpi': 3.4338665561764676, 'noise_stn_sigma': 4.925161927617546, 'noise_gpe_sigma': 91.87649004204228, 'noise_gpi_sigma': 88.91805149460312, 'g_stn_gpe_mult': 1.6805065799289016, 'g_gpe_stn_mult': 0.24766660578029567, 'g_stn_gpi_mult': 3.3868042980475686, 'g_gpe_gpi_mult': 0.9071141849422031}. Best is trial 98 with value: 0.5979484317983877.
[I 2026-05-28 02:06:39,925] Trial 625 finished with value: 3.3043764758406367 and parameters: {'ISTN': 64.73509074545811, 'I_gpe': 0.8396314248281318, 'I_gpi': 3.3710703565491777, 'noise_stn_sigma': 5.023395621125371, 'noise_gpe_sigma': 89.30700898359417, 'noise_gpi_sigma': 89.56224746322158, 'g_stn_gpe_mult': 1.7014409342158787, 'g_gpe_stn_mult': 0.2475037424068526, 'g_stn_gpi_mult': 3.4157992218759334, 'g_gpe_gpi_mult': 0.9016891165174952}. Best is trial 98 with value: 0.5979484317983877.
[I 2026-05-28 02:06:40,929] Trial 626 finished with value: 1.3009706533746415 and parameters: {'ISTN': 65.87886533091455, 'I_gpe': 0.8195179831794352, 'I_gpi': 3.3076656874737416, 'noise_stn_sigma': 4.99523672837797, 'noise_gpe_sigma': 91.36625930930052, 'noise_gpi_sigma': 90.78276339525857, 'g_stn_gpe_mult': 1.7654178012732893, 'g_gpe_stn_mult': 0.252654023941162, 'g_stn_gpi_mult': 3.3115098998909493, 'g_gpe_gpi_mult': 0.9003208636684303}. Best is trial 98 with value: 0.5979484317983877.
[I 2026-05-28 02:06:41,936] Trial 627 finished with value: 2.200021938773302 and parameters: {'ISTN': 64.37302806937949, 'I_gpe': 0.8218378460814042, 'I_gpi': 3.2363293973303073, 'noise_stn_sigma': 4.938643783454424, 'noise_gpe_sigma': 89.62993644196939, 'noise_gpi_sigma': 87.53453297991972, 'g_stn_gpe_mult': 1.8017569733966758, 'g_gpe_stn_mult': 0.2538925644947294, 'g_stn_gpi_mult': 3.40211953310739, 'g_gpe_gpi_mult': 0.8976241425975027}. Best is trial 98 with value: 0.5979484317983877.
[I 2026-05-28 02:06:42,944] Trial 628 finished with value: 2.3335131040783397 and parameters: {'ISTN': 66.59485918214348, 'I_gpe': 0.8502592768794598, 'I_gpi': 3.325199373620676, 'noise_stn_sigma': 5.040664490974569, 'noise_gpe_sigma': 89.15981243127507, 'noise_gpi_sigma': 89.48647127424873, 'g_stn_gpe_mult': 1.7084277353852526, 'g_gpe_stn_mult': 0.257181341885771, 'g_stn_gpi_mult': 3.409957183723585, 'g_gpe_gpi_mult': 0.8917972539616028}. Best is trial 98 with value: 0.5979484317983877.
[I 2026-05-28 02:06:43,949] Trial 629 finished with value: 1.9796067429012487 and parameters: {'ISTN': 64.83667629597763, 'I_gpe': 0.8900236111505635, 'I_gpi': 3.3474202135139706, 'noise_stn_sigma': 5.005175301053464, 'noise_gpe_sigma': 90.09137243889697, 'noise_gpi_sigma': 92.56551672540762, 'g_stn_gpe_mult': 1.6396326734903401, 'g_gpe_stn_mult': 0.2496031164803443, 'g_stn_gpi_mult': 3.456598440469353, 'g_gpe_gpi_mult': 0.8843887643244013}. Best is trial 98 with value: 0.5979484317983877.
[I 2026-05-28 02:06:44,956] Trial 630 finished with value: 1.3319710885075362 and parameters: {'ISTN': 65.47878776236448, 'I_gpe': 0.8722686855104312, 'I_gpi': 3.375063456183235, 'noise_stn_sigma': 4.924805829083809, 'noise_gpe_sigma': 89.9711874607509, 'noise_gpi_sigma': 94.65109355098252, 'g_stn_gpe_mult': 1.5890937001107848, 'g_gpe_stn_mult': 0.24390548777180066, 'g_stn_gpi_mult': 3.4011974279421042, 'g_gpe_gpi_mult': 0.8859133768623384}. Best is trial 98 with value: 0.5979484317983877.
[I 2026-05-28 02:06:45,964] Trial 631 finished with value: 1.7639641168675337 and parameters: {'ISTN': 66.56679487855727, 'I_gpe': 0.8565891265976358, 'I_gpi': 3.3005533292013873, 'noise_stn_sigma': 5.074829178754458, 'noise_gpe_sigma': 90.95506574539273, 'noise_gpi_sigma': 89.3402382987117, 'g_stn_gpe_mult': 1.7109651723332602, 'g_gpe_stn_mult': 0.25391651893229505, 'g_stn_gpi_mult': 3.2665349965540997, 'g_gpe_gpi_mult': 0.8794910996073584}. Best is trial 98 with value: 0.5979484317983877.
[I 2026-05-28 02:06:46,970] Trial 632 finished with value: 1.2990144644973753 and parameters: {'ISTN': 65.40474129438857, 'I_gpe': 0.8549903411859548, 'I_gpi': 3.347881220251805, 'noise_stn_sigma': 5.110936480579422, 'noise_gpe_sigma': 88.6102042555571, 'noise_gpi_sigma': 93.5982980550449, 'g_stn_gpe_mult': 1.7545417606730809, 'g_gpe_stn_mult': 0.24279337094593126, 'g_stn_gpi_mult': 3.397622034724468, 'g_gpe_gpi_mult': 0.8882129124880953}. Best is trial 98 with value: 0.5979484317983877.
[I 2026-05-28 02:06:47,976] Trial 633 finished with value: 2.7623702981470477 and parameters: {'ISTN': 66.73593591122543, 'I_gpe': 0.7979589605268882, 'I_gpi': 3.382176537016756, 'noise_stn_sigma': 5.039800088599394, 'noise_gpe_sigma': 94.11625598881838, 'noise_gpi_sigma': 96.29053476682266, 'g_stn_gpe_mult': 1.8167998955686895, 'g_gpe_stn_mult': 0.23964794936916622, 'g_stn_gpi_mult': 3.337356333793283, 'g_gpe_gpi_mult': 0.9021688219853616}. Best is trial 98 with value: 0.5979484317983877.
[I 2026-05-28 02:06:48,983] Trial 634 finished with value: 3.373155507464245 and parameters: {'ISTN': 64.29323572729392, 'I_gpe': 0.8625254471989166, 'I_gpi': 3.3130610368956854, 'noise_stn_sigma': 5.007679285085399, 'noise_gpe_sigma': 93.85128046506024, 'noise_gpi_sigma': 92.82522369099462, 'g_stn_gpe_mult': 1.710502521725667, 'g_gpe_stn_mult': 0.25067343107154866, 'g_stn_gpi_mult': 3.2978506825603766, 'g_gpe_gpi_mult': 0.8837828079406957}. Best is trial 98 with value: 0.5979484317983877.
[I 2026-05-28 02:06:49,991] Trial 635 finished with value: 1.3842850468027872 and parameters: {'ISTN': 66.49917625852369, 'I_gpe': 0.8936099147519312, 'I_gpi': 3.32137180910517, 'noise_stn_sigma': 5.125949347959203, 'noise_gpe_sigma': 91.2593070710426, 'noise_gpi_sigma': 92.04000161883066, 'g_stn_gpe_mult': 1.720342269933673, 'g_gpe_stn_mult': 0.24853838117656088, 'g_stn_gpi_mult': 3.3605545493061264, 'g_gpe_gpi_mult': 0.8786781980574374}. Best is trial 98 with value: 0.5979484317983877.
[I 2026-05-28 02:06:50,997] Trial 636 finished with value: 7.249225820322521 and parameters: {'ISTN': 67.41416475302879, 'I_gpe': 0.8363292254134816, 'I_gpi': 3.334888249960764, 'noise_stn_sigma': 5.068623105585482, 'noise_gpe_sigma': 91.33842503738131, 'noise_gpi_sigma': 90.51678082288058, 'g_stn_gpe_mult': 1.6973943536946088, 'g_gpe_stn_mult': 0.2480330628154352, 'g_stn_gpi_mult': 3.3083789732727737, 'g_gpe_gpi_mult': 0.8957819439942643}. Best is trial 98 with value: 0.5979484317983877.
[I 2026-05-28 02:06:52,003] Trial 637 finished with value: 1.2890268973358547 and parameters: {'ISTN': 65.48603264181425, 'I_gpe': 0.8650816962810441, 'I_gpi': 3.2533621058012883, 'noise_stn_sigma': 4.897798084897641, 'noise_gpe_sigma': 93.72301815144343, 'noise_gpi_sigma': 91.89137621479922, 'g_stn_gpe_mult': 1.7291154390796362, 'g_gpe_stn_mult': 0.2322642317804108, 'g_stn_gpi_mult': 3.3109757056479867, 'g_gpe_gpi_mult': 0.8745381505560303}. Best is trial 98 with value: 0.5979484317983877.
[I 2026-05-28 02:06:53,014] Trial 638 finished with value: 2.9443834779499984 and parameters: {'ISTN': 65.30534005222857, 'I_gpe': 0.8392158054183934, 'I_gpi': 3.375132257899132, 'noise_stn_sigma': 4.914985110645708, 'noise_gpe_sigma': 94.6739040057127, 'noise_gpi_sigma': 92.99206362826547, 'g_stn_gpe_mult': 1.6974652813322808, 'g_gpe_stn_mult': 0.24702457264156488, 'g_stn_gpi_mult': 3.322949584937361, 'g_gpe_gpi_mult': 0.8938720142738195}. Best is trial 98 with value: 0.5979484317983877.
[I 2026-05-28 02:06:54,021] Trial 639 finished with value: 1.3222168052067338 and parameters: {'ISTN': 66.34662731856757, 'I_gpe': 0.8717427546128643, 'I_gpi': 3.3246117358197447, 'noise_stn_sigma': 5.117788577110055, 'noise_gpe_sigma': 92.13695264062251, 'noise_gpi_sigma': 91.20980439120734, 'g_stn_gpe_mult': 1.7258603529963459, 'g_gpe_stn_mult': 0.24192638179407147, 'g_stn_gpi_mult': 3.2933116548647554, 'g_gpe_gpi_mult': 0.8875263440531957}. Best is trial 98 with value: 0.5979484317983877.
[I 2026-05-28 02:06:55,028] Trial 640 finished with value: 11.264082977566622 and parameters: {'ISTN': 65.05486374997807, 'I_gpe': 0.856451124602047, 'I_gpi': 3.3343854652185017, 'noise_stn_sigma': 5.061685579083444, 'noise_gpe_sigma': 92.03235245041171, 'noise_gpi_sigma': 86.56010569965935, 'g_stn_gpe_mult': 1.6973692901121558, 'g_gpe_stn_mult': 0.23705755301318238, 'g_stn_gpi_mult': 3.376447774129014, 'g_gpe_gpi_mult': 0.8931493770594956}. Best is trial 98 with value: 0.5979484317983877.
[I 2026-05-28 02:06:56,036] Trial 641 finished with value: 1.3244131548303122 and parameters: {'ISTN': 66.54830938001443, 'I_gpe': 0.8877355879636962, 'I_gpi': 3.272016019113171, 'noise_stn_sigma': 5.138349356911892, 'noise_gpe_sigma': 91.42513678494615, 'noise_gpi_sigma': 92.84646405570565, 'g_stn_gpe_mult': 1.7384356486645607, 'g_gpe_stn_mult': 0.25003261762269935, 'g_stn_gpi_mult': 3.3126205266272866, 'g_gpe_gpi_mult': 0.8740687660196198}. Best is trial 98 with value: 0.5979484317983877.
[I 2026-05-28 02:06:56,984] Trial 642 finished with value: 1000000.0 and parameters: {'ISTN': 66.18638579671199, 'I_gpe': 0.8293675231839854, 'I_gpi': 3.275834229565464, 'noise_stn_sigma': 4.786558903676573, 'noise_gpe_sigma': 90.16719127644735, 'noise_gpi_sigma': 92.1515005582151, 'g_stn_gpe_mult': 1.6895829332118364, 'g_gpe_stn_mult': 0.2415604160875358, 'g_stn_gpi_mult': 3.3334172502533286, 'g_gpe_gpi_mult': 0.8901695325884074}. Best is trial 98 with value: 0.5979484317983877.
[I 2026-05-28 02:06:57,990] Trial 643 finished with value: 16.730214398175853 and parameters: {'ISTN': 65.05766659883103, 'I_gpe': 0.9258762395726048, 'I_gpi': 3.2708908256000395, 'noise_stn_sigma': 5.063199084987041, 'noise_gpe_sigma': 90.00338396429147, 'noise_gpi_sigma': 91.75950168504464, 'g_stn_gpe_mult': 1.810350847884945, 'g_gpe_stn_mult': 0.2397914515533279, 'g_stn_gpi_mult': 3.337287309588908, 'g_gpe_gpi_mult': 0.8650226832430474}. Best is trial 98 with value: 0.5979484317983877.
[I 2026-05-28 02:06:58,997] Trial 644 finished with value: 21.186374804747135 and parameters: {'ISTN': 67.56166967510154, 'I_gpe': 0.8423251938762806, 'I_gpi': 3.229550484305204, 'noise_stn_sigma': 5.051526324645075, 'noise_gpe_sigma': 90.3870989333707, 'noise_gpi_sigma': 93.31315570443638, 'g_stn_gpe_mult': 1.8068585701060946, 'g_gpe_stn_mult': 0.2632021356224115, 'g_stn_gpi_mult': 3.2688525197477554, 'g_gpe_gpi_mult': 0.8766435780899309}. Best is trial 98 with value: 0.5979484317983877.
[I 2026-05-28 02:07:00,003] Trial 645 finished with value: 6.360643917474445 and parameters: {'ISTN': 64.86756401173794, 'I_gpe': 0.868464237231592, 'I_gpi': 3.370351327742655, 'noise_stn_sigma': 5.060449344980218, 'noise_gpe_sigma': 93.70966190941125, 'noise_gpi_sigma': 91.64594071037814, 'g_stn_gpe_mult': 1.7233688277610906, 'g_gpe_stn_mult': 0.2356140532628279, 'g_stn_gpi_mult': 3.316107402996544, 'g_gpe_gpi_mult': 0.8825843702093512}. Best is trial 98 with value: 0.5979484317983877.
[I 2026-05-28 02:07:01,010] Trial 646 finished with value: 1.6740998595744256 and parameters: {'ISTN': 67.5660687508296, 'I_gpe': 0.8971549454716641, 'I_gpi': 3.2986461711012787, 'noise_stn_sigma': 4.9506350070616385, 'noise_gpe_sigma': 95.07107644020921, 'noise_gpi_sigma': 92.97934394623591, 'g_stn_gpe_mult': 1.7152292972627052, 'g_gpe_stn_mult': 0.2397258334429606, 'g_stn_gpi_mult': 3.347072043312538, 'g_gpe_gpi_mult': 0.8792009025748619}. Best is trial 98 with value: 0.5979484317983877.
[I 2026-05-28 02:07:02,016] Trial 647 finished with value: 9.625014593614544 and parameters: {'ISTN': 64.56249154282983, 'I_gpe': 0.8347437789711731, 'I_gpi': 3.371821482855146, 'noise_stn_sigma': 5.037372501590513, 'noise_gpe_sigma': 89.40660035627226, 'noise_gpi_sigma': 88.59838812713453, 'g_stn_gpe_mult': 1.835521181754301, 'g_gpe_stn_mult': 0.24095684282256635, 'g_stn_gpi_mult': 3.35862554725718, 'g_gpe_gpi_mult': 0.8918327624749611}. Best is trial 98 with value: 0.5979484317983877.
[I 2026-05-28 02:07:03,022] Trial 648 finished with value: 9.916779715944076 and parameters: {'ISTN': 65.1093770615258, 'I_gpe': 0.8684543224937802, 'I_gpi': 3.2164279120740558, 'noise_stn_sigma': 5.139091757902888, 'noise_gpe_sigma': 93.08443169738443, 'noise_gpi_sigma': 93.9639870603028, 'g_stn_gpe_mult': 1.8856399844742893, 'g_gpe_stn_mult': 0.23013381427573504, 'g_stn_gpi_mult': 3.224503779790196, 'g_gpe_gpi_mult': 0.8811534258351659}. Best is trial 98 with value: 0.5979484317983877.
[I 2026-05-28 02:07:04,029] Trial 649 finished with value: 5.34956292718419 and parameters: {'ISTN': 65.79063016554807, 'I_gpe': 0.8128731397326747, 'I_gpi': 3.2906685174316874, 'noise_stn_sigma': 4.930798479731427, 'noise_gpe_sigma': 93.83298910152324, 'noise_gpi_sigma': 94.63242482615584, 'g_stn_gpe_mult': 1.7492242011471744, 'g_gpe_stn_mult': 0.2396247976610871, 'g_stn_gpi_mult': 3.351345908517906, 'g_gpe_gpi_mult': 0.8950903820850058}. Best is trial 98 with value: 0.5979484317983877.
[I 2026-05-28 02:07:05,035] Trial 650 finished with value: 2.572481751066876 and parameters: {'ISTN': 67.23975602071093, 'I_gpe': 0.8391703516850574, 'I_gpi': 3.286504996864538, 'noise_stn_sigma': 4.993695652117173, 'noise_gpe_sigma': 91.6121353361316, 'noise_gpi_sigma': 92.50291308019057, 'g_stn_gpe_mult': 1.7183566519610731, 'g_gpe_stn_mult': 0.24215005939172654, 'g_stn_gpi_mult': 3.3797604321020827, 'g_gpe_gpi_mult': 0.8894090061976672}. Best is trial 98 with value: 0.5979484317983877.
[I 2026-05-28 02:07:06,044] Trial 651 finished with value: 7.020221865993642 and parameters: {'ISTN': 67.86394719827548, 'I_gpe': 0.8632383608165705, 'I_gpi': 3.1626296076619442, 'noise_stn_sigma': 4.954282391605546, 'noise_gpe_sigma': 94.75478394261484, 'noise_gpi_sigma': 93.04888999213489, 'g_stn_gpe_mult': 1.7346928908938186, 'g_gpe_stn_mult': 0.24614128425923718, 'g_stn_gpi_mult': 3.272385247691728, 'g_gpe_gpi_mult': 0.8787650671804024}. Best is trial 98 with value: 0.5979484317983877.
[I 2026-05-28 02:07:07,051] Trial 652 finished with value: 3.4334174937773945 and parameters: {'ISTN': 65.12377086836713, 'I_gpe': 0.874507608189611, 'I_gpi': 3.267482337574039, 'noise_stn_sigma': 5.0877708643665365, 'noise_gpe_sigma': 93.20373397146402, 'noise_gpi_sigma': 92.91038094714, 'g_stn_gpe_mult': 1.7405601777580157, 'g_gpe_stn_mult': 0.24127534080676932, 'g_stn_gpi_mult': 3.284713748068652, 'g_gpe_gpi_mult': 0.8843508605638026}. Best is trial 98 with value: 0.5979484317983877.
[I 2026-05-28 02:07:08,058] Trial 653 finished with value: 1.3600562549183572 and parameters: {'ISTN': 67.28912481652817, 'I_gpe': 0.9314139812378892, 'I_gpi': 3.2252267516324005, 'noise_stn_sigma': 4.9401066357947485, 'noise_gpe_sigma': 90.97982105621699, 'noise_gpi_sigma': 90.82790632658809, 'g_stn_gpe_mult': 1.5699420395777195, 'g_gpe_stn_mult': 0.2380946730479526, 'g_stn_gpi_mult': 3.3779667999107263, 'g_gpe_gpi_mult': 0.874330857534602}. Best is trial 98 with value: 0.5979484317983877.
[I 2026-05-28 02:07:09,065] Trial 654 finished with value: 1.7524663422848368 and parameters: {'ISTN': 66.3831637782519, 'I_gpe': 0.8589562483854065, 'I_gpi': 3.320815993567475, 'noise_stn_sigma': 4.910637791723422, 'noise_gpe_sigma': 92.78911068893157, 'noise_gpi_sigma': 92.05832641625736, 'g_stn_gpe_mult': 1.7164819626832577, 'g_gpe_stn_mult': 0.2555874393235493, 'g_stn_gpi_mult': 3.3548070697032566, 'g_gpe_gpi_mult': 0.8922482307496697}. Best is trial 98 with value: 0.5979484317983877.
[I 2026-05-28 02:07:10,072] Trial 655 finished with value: 1.1771267709614126 and parameters: {'ISTN': 66.305274889244, 'I_gpe': 0.8758879729843558, 'I_gpi': 3.1844379183304543, 'noise_stn_sigma': 4.882552732804371, 'noise_gpe_sigma': 93.57536596523995, 'noise_gpi_sigma': 89.7860324148308, 'g_stn_gpe_mult': 1.770851556138072, 'g_gpe_stn_mult': 0.24008167617639703, 'g_stn_gpi_mult': 3.3858814521770304, 'g_gpe_gpi_mult': 0.8968131863760813}. Best is trial 98 with value: 0.5979484317983877.
[I 2026-05-28 02:07:11,081] Trial 656 finished with value: 1.1658541363725607 and parameters: {'ISTN': 65.88236098885298, 'I_gpe': 0.8466691441707903, 'I_gpi': 3.2714507998704017, 'noise_stn_sigma': 5.123784906848039, 'noise_gpe_sigma': 91.84875496657448, 'noise_gpi_sigma': 92.24923544578562, 'g_stn_gpe_mult': 1.8388248816697177, 'g_gpe_stn_mult': 0.23628742535271074, 'g_stn_gpi_mult': 3.2624133810261498, 'g_gpe_gpi_mult': 0.876702020556736}. Best is trial 98 with value: 0.5979484317983877.
[I 2026-05-28 02:07:12,088] Trial 657 finished with value: 1.3373651622634497 and parameters: {'ISTN': 66.4337670435712, 'I_gpe': 0.8718352214410567, 'I_gpi': 3.335544730743221, 'noise_stn_sigma': 5.005393095803612, 'noise_gpe_sigma': 92.32071612477974, 'noise_gpi_sigma': 94.1268164465271, 'g_stn_gpe_mult': 1.6299858374625429, 'g_gpe_stn_mult': 0.2433032503101506, 'g_stn_gpi_mult': 3.334740729588927, 'g_gpe_gpi_mult': 0.8779449722056707}. Best is trial 98 with value: 0.5979484317983877.
[I 2026-05-28 02:07:13,094] Trial 658 finished with value: 1.8089758338915396 and parameters: {'ISTN': 66.17256925124119, 'I_gpe': 0.8902429550732187, 'I_gpi': 3.2876112604503516, 'noise_stn_sigma': 5.11151699546279, 'noise_gpe_sigma': 95.49910637373259, 'noise_gpi_sigma': 89.87404971507938, 'g_stn_gpe_mult': 1.7943439063497255, 'g_gpe_stn_mult': 0.24364948200965564, 'g_stn_gpi_mult': 3.2582937565283876, 'g_gpe_gpi_mult': 0.8908946973782823}. Best is trial 98 with value: 0.5979484317983877.
[I 2026-05-28 02:07:14,101] Trial 659 finished with value: 1.3181847704809664 and parameters: {'ISTN': 66.72039391302005, 'I_gpe': 0.8688656515904756, 'I_gpi': 3.3138857865564115, 'noise_stn_sigma': 5.025022347222258, 'noise_gpe_sigma': 93.76767726113657, 'noise_gpi_sigma': 94.3603877374601, 'g_stn_gpe_mult': 1.7478735957310223, 'g_gpe_stn_mult': 0.23627806610666532, 'g_stn_gpi_mult': 3.3080602379762607, 'g_gpe_gpi_mult': 0.8861495893032754}. Best is trial 98 with value: 0.5979484317983877.
