[I 2026-05-28 02:01:21,003] Trial 308 finished with value: 17.62898574310353 and parameters: {'ISTN': 79.9144316601254, 'I_gpe': 0.7746106914279542, 'I_gpi': 2.8429982108115404, 'noise_stn_sigma': 5.970446061510307, 'noise_gpe_sigma': 100.05941080400815, 'noise_gpi_sigma': 90.50211666864416, 'g_stn_gpe_mult': 2.463080356608006, 'g_gpe_stn_mult': 0.2347835309712747, 'g_stn_gpi_mult': 2.9721986553792474, 'g_gpe_gpi_mult': 0.9131660854466994}. Best is trial 98 with value: 0.5979484317983877.
[I 2026-05-28 02:01:22,010] Trial 309 finished with value: 27.31854697147656 and parameters: {'ISTN': 77.9666798958235, 'I_gpe': 0.8271175465039727, 'I_gpi': 2.8763895228131418, 'noise_stn_sigma': 5.616418950203065, 'noise_gpe_sigma': 90.43126314302435, 'noise_gpi_sigma': 95.52282637992562, 'g_stn_gpe_mult': 1.9084842907123503, 'g_gpe_stn_mult': 0.2371920134663886, 'g_stn_gpi_mult': 2.9936214135005645, 'g_gpe_gpi_mult': 0.9525650522367894}. Best is trial 98 with value: 0.5979484317983877.
[I 2026-05-28 02:01:23,018] Trial 310 finished with value: 6.933265455176582 and parameters: {'ISTN': 79.51719555359483, 'I_gpe': 0.5836810115934468, 'I_gpi': 2.875229650862564, 'noise_stn_sigma': 5.888889128510803, 'noise_gpe_sigma': 79.50240979482349, 'noise_gpi_sigma': 97.14444054098809, 'g_stn_gpe_mult': 2.215733215209844, 'g_gpe_stn_mult': 0.3042188263095165, 'g_stn_gpi_mult': 2.952306875911532, 'g_gpe_gpi_mult': 0.9167078994548838}. Best is trial 98 with value: 0.5979484317983877.
[I 2026-05-28 02:01:24,024] Trial 311 finished with value: 1.4025789353074707 and parameters: {'ISTN': 72.63195312807585, 'I_gpe': 0.7909907621916394, 'I_gpi': 3.022113813441609, 'noise_stn_sigma': 5.581189052966084, 'noise_gpe_sigma': 87.63122997426242, 'noise_gpi_sigma': 88.66599738750448, 'g_stn_gpe_mult': 1.9605132630589535, 'g_gpe_stn_mult': 0.27220953065888964, 'g_stn_gpi_mult': 2.95761061355773, 'g_gpe_gpi_mult': 0.9144638204806206}. Best is trial 98 with value: 0.5979484317983877.
[I 2026-05-28 02:01:25,032] Trial 312 finished with value: 30.524430490949303 and parameters: {'ISTN': 68.77983136211755, 'I_gpe': 0.8675194124389769, 'I_gpi': 2.700441310827895, 'noise_stn_sigma': 5.699315314014887, 'noise_gpe_sigma': 87.58355298572715, 'noise_gpi_sigma': 100.60729573725142, 'g_stn_gpe_mult': 1.9943395857930422, 'g_gpe_stn_mult': 0.2777150010916975, 'g_stn_gpi_mult': 3.0331681209121655, 'g_gpe_gpi_mult': 0.8588055275694686}. Best is trial 98 with value: 0.5979484317983877.
[I 2026-05-28 02:01:26,038] Trial 313 finished with value: 24.76107575607506 and parameters: {'ISTN': 78.38406413909759, 'I_gpe': 0.5906909285782025, 'I_gpi': 2.9850917433464996, 'noise_stn_sigma': 5.552750757785347, 'noise_gpe_sigma': 99.10673556696541, 'noise_gpi_sigma': 88.15595946570726, 'g_stn_gpe_mult': 2.137089438636045, 'g_gpe_stn_mult': 0.2908220664240485, 'g_stn_gpi_mult': 3.049154221580896, 'g_gpe_gpi_mult': 0.8921339386182414}. Best is trial 98 with value: 0.5979484317983877.
[I 2026-05-28 02:01:27,046] Trial 314 finished with value: 11.737388197940266 and parameters: {'ISTN': 63.95363125506818, 'I_gpe': 0.828906127868247, 'I_gpi': 3.545119862035275, 'noise_stn_sigma': 5.872227366510168, 'noise_gpe_sigma': 91.92992102200208, 'noise_gpi_sigma': 89.23282832148449, 'g_stn_gpe_mult': 1.9646481684038934, 'g_gpe_stn_mult': 0.3130840761316255, 'g_stn_gpi_mult': 2.994021815534934, 'g_gpe_gpi_mult': 0.8977070354129586}. Best is trial 98 with value: 0.5979484317983877.
[I 2026-05-28 02:01:28,052] Trial 315 finished with value: 20.6527375655936 and parameters: {'ISTN': 75.79915021828516, 'I_gpe': 0.6525067153266049, 'I_gpi': 2.9152974167523746, 'noise_stn_sigma': 5.585575867900679, 'noise_gpe_sigma': 86.57639829734792, 'noise_gpi_sigma': 93.1365949904271, 'g_stn_gpe_mult': 2.1606639842904047, 'g_gpe_stn_mult': 0.33685447042081507, 'g_stn_gpi_mult': 3.1363087594615076, 'g_gpe_gpi_mult': 0.8812383954234211}. Best is trial 98 with value: 0.5979484317983877.
[I 2026-05-28 02:01:29,059] Trial 316 finished with value: 8.954507803451651 and parameters: {'ISTN': 64.9998755300237, 'I_gpe': 0.7879573538566085, 'I_gpi': 3.0695045026492838, 'noise_stn_sigma': 5.5308504042888265, 'noise_gpe_sigma': 84.68602277671225, 'noise_gpi_sigma': 98.19369600668936, 'g_stn_gpe_mult': 1.6781170388348203, 'g_gpe_stn_mult': 0.2714511828330158, 'g_stn_gpi_mult': 3.2847810516238125, 'g_gpe_gpi_mult': 0.9287123232805885}. Best is trial 98 with value: 0.5979484317983877.
[I 2026-05-28 02:01:30,064] Trial 317 finished with value: 18.86358929370347 and parameters: {'ISTN': 71.34109938808207, 'I_gpe': 0.9568347161818114, 'I_gpi': 3.270601058921215, 'noise_stn_sigma': 6.394028267566158, 'noise_gpe_sigma': 91.98484488959787, 'noise_gpi_sigma': 84.94968175080739, 'g_stn_gpe_mult': 2.173078559725376, 'g_gpe_stn_mult': 0.2603553695469754, 'g_stn_gpi_mult': 2.950669656021568, 'g_gpe_gpi_mult': 0.8940291244376939}. Best is trial 98 with value: 0.5979484317983877.
[I 2026-05-28 02:01:31,071] Trial 318 finished with value: 3.162393843636308 and parameters: {'ISTN': 72.1476400453808, 'I_gpe': 0.7504598047603881, 'I_gpi': 3.131220950879828, 'noise_stn_sigma': 6.094375873107632, 'noise_gpe_sigma': 93.86109517012937, 'noise_gpi_sigma': 94.7180177406266, 'g_stn_gpe_mult': 2.0553858441395514, 'g_gpe_stn_mult': 0.26322734021200955, 'g_stn_gpi_mult': 3.1320496493798937, 'g_gpe_gpi_mult': 0.9012976433938706}. Best is trial 98 with value: 0.5979484317983877.
[I 2026-05-28 02:01:32,079] Trial 319 finished with value: 39.53104129716159 and parameters: {'ISTN': 76.54262157313754, 'I_gpe': 0.5374176365585981, 'I_gpi': 2.864514542354618, 'noise_stn_sigma': 5.960360860510062, 'noise_gpe_sigma': 84.04085630663886, 'noise_gpi_sigma': 102.37903891346181, 'g_stn_gpe_mult': 2.0947198496375865, 'g_gpe_stn_mult': 0.274023232325461, 'g_stn_gpi_mult': 3.141728175426469, 'g_gpe_gpi_mult': 0.8655588775485981}. Best is trial 98 with value: 0.5979484317983877.
[I 2026-05-28 02:01:33,084] Trial 320 finished with value: 41.5710117611145 and parameters: {'ISTN': 82.0072158885722, 'I_gpe': 0.525590142357938, 'I_gpi': 2.8785622323434445, 'noise_stn_sigma': 5.924430194296516, 'noise_gpe_sigma': 84.02100242225481, 'noise_gpi_sigma': 90.2001988228289, 'g_stn_gpe_mult': 2.0168390630165733, 'g_gpe_stn_mult': 0.2623704156243758, 'g_stn_gpi_mult': 2.802543163642255, 'g_gpe_gpi_mult': 0.8542832845501089}. Best is trial 98 with value: 0.5979484317983877.
[I 2026-05-28 02:01:34,092] Trial 321 finished with value: 15.290723031077267 and parameters: {'ISTN': 69.82161993025903, 'I_gpe': 0.7193846599726195, 'I_gpi': 3.0420147584305623, 'noise_stn_sigma': 5.722605376132878, 'noise_gpe_sigma': 86.95263857781784, 'noise_gpi_sigma': 91.27094552146981, 'g_stn_gpe_mult': 2.1616350739868615, 'g_gpe_stn_mult': 0.20768164800750827, 'g_stn_gpi_mult': 3.219644830651081, 'g_gpe_gpi_mult': 0.9287884388323118}. Best is trial 98 with value: 0.5979484317983877.
[I 2026-05-28 02:01:35,098] Trial 322 finished with value: 16.77997376412999 and parameters: {'ISTN': 72.37261136413584, 'I_gpe': 0.6844317715370267, 'I_gpi': 3.1689780876931417, 'noise_stn_sigma': 6.018336518974319, 'noise_gpe_sigma': 88.05720548059271, 'noise_gpi_sigma': 93.19175043604838, 'g_stn_gpe_mult': 2.3546337196930924, 'g_gpe_stn_mult': 0.2466077306706557, 'g_stn_gpi_mult': 2.837794889822633, 'g_gpe_gpi_mult': 0.8909025135607693}. Best is trial 98 with value: 0.5979484317983877.
[I 2026-05-28 02:01:36,104] Trial 323 finished with value: 21.55692460622292 and parameters: {'ISTN': 72.55730811993504, 'I_gpe': 0.6059777128058715, 'I_gpi': 3.1726379780258678, 'noise_stn_sigma': 6.4388023732376025, 'noise_gpe_sigma': 95.67089861292902, 'noise_gpi_sigma': 98.06024756223655, 'g_stn_gpe_mult': 2.0266731444277584, 'g_gpe_stn_mult': 0.25732013203715093, 'g_stn_gpi_mult': 3.1943426808474498, 'g_gpe_gpi_mult': 0.9214356422148953}. Best is trial 98 with value: 0.5979484317983877.
[I 2026-05-28 02:01:37,111] Trial 324 finished with value: 21.043867340911795 and parameters: {'ISTN': 69.99010046599393, 'I_gpe': 0.7978549712573557, 'I_gpi': 3.1375189810676494, 'noise_stn_sigma': 5.413973997422643, 'noise_gpe_sigma': 99.24975885205457, 'noise_gpi_sigma': 89.99008482682991, 'g_stn_gpe_mult': 2.089219613856814, 'g_gpe_stn_mult': 0.25704470910070726, 'g_stn_gpi_mult': 3.153288669603379, 'g_gpe_gpi_mult': 0.9149221671325745}. Best is trial 98 with value: 0.5979484317983877.
[I 2026-05-28 02:01:38,116] Trial 325 finished with value: 26.945954640356778 and parameters: {'ISTN': 68.4210404171175, 'I_gpe': 0.7950582002110294, 'I_gpi': 2.9815484347988814, 'noise_stn_sigma': 5.823849061680561, 'noise_gpe_sigma': 89.77606382883128, 'noise_gpi_sigma': 88.23318035350707, 'g_stn_gpe_mult': 1.888906436961358, 'g_gpe_stn_mult': 0.2811323208357136, 'g_stn_gpi_mult': 3.221104992408648, 'g_gpe_gpi_mult': 0.9216442998557586}. Best is trial 98 with value: 0.5979484317983877.
[I 2026-05-28 02:01:39,122] Trial 326 finished with value: 2.404510647042118 and parameters: {'ISTN': 78.77285548839751, 'I_gpe': 0.8350649341507208, 'I_gpi': 2.986707243039679, 'noise_stn_sigma': 6.0105957249069135, 'noise_gpe_sigma': 85.80683346528434, 'noise_gpi_sigma': 95.64287697754968, 'g_stn_gpe_mult': 1.7113275846260025, 'g_gpe_stn_mult': 0.31560747061258054, 'g_stn_gpi_mult': 3.321705138142159, 'g_gpe_gpi_mult': 0.8742028889085427}. Best is trial 98 with value: 0.5979484317983877.
[I 2026-05-28 02:01:40,129] Trial 327 finished with value: 15.386136921464761 and parameters: {'ISTN': 61.075081852703555, 'I_gpe': 0.7931358248028235, 'I_gpi': 3.3812850450131613, 'noise_stn_sigma': 6.1628862267889755, 'noise_gpe_sigma': 87.24949626600417, 'noise_gpi_sigma': 93.48885897952671, 'g_stn_gpe_mult': 1.7043832006075328, 'g_gpe_stn_mult': 0.21901581490275582, 'g_stn_gpi_mult': 3.0740673541746393, 'g_gpe_gpi_mult': 0.9377160567731617}. Best is trial 98 with value: 0.5979484317983877.
[I 2026-05-28 02:01:41,135] Trial 328 finished with value: 27.052542504063304 and parameters: {'ISTN': 67.26973794529471, 'I_gpe': 0.7894395362138745, 'I_gpi': 3.0734193475271305, 'noise_stn_sigma': 5.331439803207458, 'noise_gpe_sigma': 86.55065270775155, 'noise_gpi_sigma': 90.0916219910006, 'g_stn_gpe_mult': 2.0402326379900524, 'g_gpe_stn_mult': 0.298914452820213, 'g_stn_gpi_mult': 3.0867837870277968, 'g_gpe_gpi_mult': 0.8792336534310055}. Best is trial 98 with value: 0.5979484317983877.
[I 2026-05-28 02:01:42,142] Trial 329 finished with value: 21.69325983794858 and parameters: {'ISTN': 69.11111199484165, 'I_gpe': 0.6917373486634344, 'I_gpi': 3.3121674666415255, 'noise_stn_sigma': 5.770109927909196, 'noise_gpe_sigma': 88.4621311318245, 'noise_gpi_sigma': 87.04903479105246, 'g_stn_gpe_mult': 1.8410709500307978, 'g_gpe_stn_mult': 0.25254724713465215, 'g_stn_gpi_mult': 3.206699139972346, 'g_gpe_gpi_mult': 0.9399840181025294}. Best is trial 98 with value: 0.5979484317983877.
[I 2026-05-28 02:01:43,149] Trial 330 finished with value: 23.430284378234187 and parameters: {'ISTN': 71.49874343839122, 'I_gpe': 0.5921570483191806, 'I_gpi': 2.9402762374341043, 'noise_stn_sigma': 5.499213339553618, 'noise_gpe_sigma': 93.53323552444735, 'noise_gpi_sigma': 98.67930995656344, 'g_stn_gpe_mult': 2.130874854323391, 'g_gpe_stn_mult': 0.2572686609390976, 'g_stn_gpi_mult': 2.9696640167857264, 'g_gpe_gpi_mult': 0.9363739379873237}. Best is trial 98 with value: 0.5979484317983877.
[I 2026-05-28 02:01:44,157] Trial 331 finished with value: 30.01118224954481 and parameters: {'ISTN': 78.35594411833969, 'I_gpe': 0.6164680515562878, 'I_gpi': 3.0441506867929, 'noise_stn_sigma': 6.494420098086878, 'noise_gpe_sigma': 78.56994094569194, 'noise_gpi_sigma': 88.33976894281422, 'g_stn_gpe_mult': 1.8295656267084586, 'g_gpe_stn_mult': 0.2733135275701671, 'g_stn_gpi_mult': 3.16292588790149, 'g_gpe_gpi_mult': 0.9110679713218284}. Best is trial 98 with value: 0.5979484317983877.
[I 2026-05-28 02:01:45,165] Trial 332 finished with value: 28.3887629919692 and parameters: {'ISTN': 69.49291432161212, 'I_gpe': 0.684573886342081, 'I_gpi': 2.995534996383975, 'noise_stn_sigma': 6.5673961191898265, 'noise_gpe_sigma': 76.08604577544901, 'noise_gpi_sigma': 83.00422138685195, 'g_stn_gpe_mult': 2.2211511017814938, 'g_gpe_stn_mult': 0.2510626580201364, 'g_stn_gpi_mult': 3.034259845885381, 'g_gpe_gpi_mult': 0.9381949916270473}. Best is trial 98 with value: 0.5979484317983877.
[I 2026-05-28 02:01:46,173] Trial 333 finished with value: 4.774244968699435 and parameters: {'ISTN': 77.42461262387154, 'I_gpe': 0.849071781515661, 'I_gpi': 3.0500453932293023, 'noise_stn_sigma': 5.652354567412407, 'noise_gpe_sigma': 78.56262672668913, 'noise_gpi_sigma': 93.8563216750701, 'g_stn_gpe_mult': 1.7467288746935015, 'g_gpe_stn_mult': 0.2068768933909811, 'g_stn_gpi_mult': 3.3609599020970813, 'g_gpe_gpi_mult': 0.8625042429392697}. Best is trial 98 with value: 0.5979484317983877.
[I 2026-05-28 02:01:47,183] Trial 334 finished with value: 26.50240106205284 and parameters: {'ISTN': 79.2753205306292, 'I_gpe': 0.6853590943215843, 'I_gpi': 3.3432781838944114, 'noise_stn_sigma': 5.691720520831826, 'noise_gpe_sigma': 90.5224033934009, 'noise_gpi_sigma': 99.58747915677888, 'g_stn_gpe_mult': 1.7528330200654823, 'g_gpe_stn_mult': 0.268349369216386, 'g_stn_gpi_mult': 3.3716248941358002, 'g_gpe_gpi_mult': 0.8973976678190299}. Best is trial 98 with value: 0.5979484317983877.
[I 2026-05-28 02:01:48,190] Trial 335 finished with value: 21.939609350461733 and parameters: {'ISTN': 64.5657541800586, 'I_gpe': 0.7170148453035448, 'I_gpi': 3.4226024268594193, 'noise_stn_sigma': 5.703502175574517, 'noise_gpe_sigma': 94.47210948347107, 'noise_gpi_sigma': 94.15272690241822, 'g_stn_gpe_mult': 1.53689678171768, 'g_gpe_stn_mult': 0.20397036995267043, 'g_stn_gpi_mult': 3.4687239607420013, 'g_gpe_gpi_mult': 0.879165750768854}. Best is trial 98 with value: 0.5979484317983877.
[I 2026-05-28 02:01:49,197] Trial 336 finished with value: 1.8778583540558644 and parameters: {'ISTN': 75.09510026723811, 'I_gpe': 0.8082940510391454, 'I_gpi': 3.4293814559546045, 'noise_stn_sigma': 5.598380908673812, 'noise_gpe_sigma': 94.7871994136846, 'noise_gpi_sigma': 93.23029402228512, 'g_stn_gpe_mult': 1.7491004036578541, 'g_gpe_stn_mult': 0.23667467517761967, 'g_stn_gpi_mult': 3.002077889923858, 'g_gpe_gpi_mult': 0.904533213715428}. Best is trial 98 with value: 0.5979484317983877.
[I 2026-05-28 02:01:50,204] Trial 337 finished with value: 29.309209763040275 and parameters: {'ISTN': 71.74331792874925, 'I_gpe': 0.9313018803376039, 'I_gpi': 2.816608042255022, 'noise_stn_sigma': 5.753608589709803, 'noise_gpe_sigma': 85.58403680144126, 'noise_gpi_sigma': 90.45975365728575, 'g_stn_gpe_mult': 1.8719181379790033, 'g_gpe_stn_mult': 0.22937814625278605, 'g_stn_gpi_mult': 3.4476442255515716, 'g_gpe_gpi_mult': 0.9298384929951446}. Best is trial 98 with value: 0.5979484317983877.
[I 2026-05-28 02:01:51,211] Trial 338 finished with value: 17.033598749264794 and parameters: {'ISTN': 74.24061792398717, 'I_gpe': 0.7259952968124423, 'I_gpi': 3.1849934165625373, 'noise_stn_sigma': 5.7507343879685555, 'noise_gpe_sigma': 83.6474085231718, 'noise_gpi_sigma': 90.69267087407135, 'g_stn_gpe_mult': 1.7053784718238916, 'g_gpe_stn_mult': 0.30438704742399453, 'g_stn_gpi_mult': 3.3360877629321752, 'g_gpe_gpi_mult': 0.865223487737685}. Best is trial 98 with value: 0.5979484317983877.
[I 2026-05-28 02:01:52,219] Trial 339 finished with value: 4.559850010381108 and parameters: {'ISTN': 71.05571623198387, 'I_gpe': 0.9472333930769787, 'I_gpi': 3.3093452369625327, 'noise_stn_sigma': 6.029069344242542, 'noise_gpe_sigma': 86.25800071470272, 'noise_gpi_sigma': 100.27221002974301, 'g_stn_gpe_mult': 1.9921968147488136, 'g_gpe_stn_mult': 0.3146911151958349, 'g_stn_gpi_mult': 3.2002332508117446, 'g_gpe_gpi_mult': 0.8805088736829432}. Best is trial 98 with value: 0.5979484317983877.
[I 2026-05-28 02:01:53,225] Trial 340 finished with value: 35.61232171815812 and parameters: {'ISTN': 68.83684764728594, 'I_gpe': 0.7778811931559211, 'I_gpi': 3.122686495621781, 'noise_stn_sigma': 5.551802285424401, 'noise_gpe_sigma': 95.24288419356304, 'noise_gpi_sigma': 96.11119288516751, 'g_stn_gpe_mult': 1.851360519137963, 'g_gpe_stn_mult': 0.27718830018570423, 'g_stn_gpi_mult': 3.157071874196247, 'g_gpe_gpi_mult': 0.8977211309653921}. Best is trial 98 with value: 0.5979484317983877.
[I 2026-05-28 02:01:54,233] Trial 341 finished with value: 26.60610491111768 and parameters: {'ISTN': 75.24963784266372, 'I_gpe': 0.7635996516867107, 'I_gpi': 3.2271013091370175, 'noise_stn_sigma': 5.9550352421632455, 'noise_gpe_sigma': 87.34390050717732, 'noise_gpi_sigma': 91.93988794192157, 'g_stn_gpe_mult': 1.7965088361331678, 'g_gpe_stn_mult': 0.2824451928769455, 'g_stn_gpi_mult': 3.493155055976945, 'g_gpe_gpi_mult': 0.8713716353908909}. Best is trial 98 with value: 0.5979484317983877.
[I 2026-05-28 02:01:55,239] Trial 342 finished with value: 16.41575707462164 and parameters: {'ISTN': 65.45601907983982, 'I_gpe': 0.7190383378911352, 'I_gpi': 3.2717622873437877, 'noise_stn_sigma': 5.271340761057518, 'noise_gpe_sigma': 89.89910085222817, 'noise_gpi_sigma': 87.56079367443455, 'g_stn_gpe_mult': 1.6391265334363714, 'g_gpe_stn_mult': 0.23877114712636316, 'g_stn_gpi_mult': 3.26878220075993, 'g_gpe_gpi_mult': 0.8698819118526098}. Best is trial 98 with value: 0.5979484317983877.
[I 2026-05-28 02:01:56,248] Trial 343 finished with value: 19.279049216975956 and parameters: {'ISTN': 78.25537083422559, 'I_gpe': 0.7175210628431158, 'I_gpi': 3.1953120306015808, 'noise_stn_sigma': 5.772924654023123, 'noise_gpe_sigma': 86.82652152662482, 'noise_gpi_sigma': 109.38264651326925, 'g_stn_gpe_mult': 1.8924655586928916, 'g_gpe_stn_mult': 0.2623773718057577, 'g_stn_gpi_mult': 3.2037904842816927, 'g_gpe_gpi_mult': 0.9108202602133719}. Best is trial 98 with value: 0.5979484317983877.
[I 2026-05-28 02:01:57,259] Trial 344 finished with value: 18.664936186529935 and parameters: {'ISTN': 73.83526122823561, 'I_gpe': 0.8540038215739905, 'I_gpi': 2.9416382025057968, 'noise_stn_sigma': 5.856695773035261, 'noise_gpe_sigma': 89.18456373849277, 'noise_gpi_sigma': 102.34523131500623, 'g_stn_gpe_mult': 1.8040736005264508, 'g_gpe_stn_mult': 0.2991542060225127, 'g_stn_gpi_mult': 3.3025717465540994, 'g_gpe_gpi_mult': 0.8631513842469967}. Best is trial 98 with value: 0.5979484317983877.
[I 2026-05-28 02:01:58,267] Trial 345 finished with value: 36.0442529699796 and parameters: {'ISTN': 69.84646924438272, 'I_gpe': 0.6446364420013254, 'I_gpi': 3.3926224155351274, 'noise_stn_sigma': 5.529553867298997, 'noise_gpe_sigma': 91.45896950337601, 'noise_gpi_sigma': 85.30227716378137, 'g_stn_gpe_mult': 1.8066180138201375, 'g_gpe_stn_mult': 0.2770609960853215, 'g_stn_gpi_mult': 3.1813315801062156, 'g_gpe_gpi_mult': 0.8729708087415831}. Best is trial 98 with value: 0.5979484317983877.
[I 2026-05-28 02:01:59,275] Trial 346 finished with value: 1.4634558773029924 and parameters: {'ISTN': 71.40539568301917, 'I_gpe': 0.805561903432888, 'I_gpi': 3.150772885243934, 'noise_stn_sigma': 5.420496778916799, 'noise_gpe_sigma': 89.58083649175998, 'noise_gpi_sigma': 98.14244302840652, 'g_stn_gpe_mult': 1.9264892052156566, 'g_gpe_stn_mult': 0.28099756735708403, 'g_stn_gpi_mult': 3.1677386807873127, 'g_gpe_gpi_mult': 0.881367448999878}. Best is trial 98 with value: 0.5979484317983877.
[I 2026-05-28 02:02:00,280] Trial 347 finished with value: 17.261040272060608 and parameters: {'ISTN': 68.64441160171793, 'I_gpe': 0.9922520693566221, 'I_gpi': 3.264754779190852, 'noise_stn_sigma': 5.846744793817253, 'noise_gpe_sigma': 82.71407111949458, 'noise_gpi_sigma': 83.95744664682232, 'g_stn_gpe_mult': 1.905889027312743, 'g_gpe_stn_mult': 0.2442185450231684, 'g_stn_gpi_mult': 3.194391357752647, 'g_gpe_gpi_mult': 0.9098978109314673}. Best is trial 98 with value: 0.5979484317983877.
[I 2026-05-28 02:02:01,287] Trial 348 finished with value: 33.32981813577538 and parameters: {'ISTN': 71.00345512148895, 'I_gpe': 0.6218777837752943, 'I_gpi': 3.233373745836735, 'noise_stn_sigma': 5.633140603144357, 'noise_gpe_sigma': 91.4255486899967, 'noise_gpi_sigma': 97.66591718111934, 'g_stn_gpe_mult': 1.8245337049694241, 'g_gpe_stn_mult': 0.24405207204935078, 'g_stn_gpi_mult': 3.1855842362398854, 'g_gpe_gpi_mult': 0.9252642120973784}. Best is trial 98 with value: 0.5979484317983877.
[I 2026-05-28 02:02:02,294] Trial 349 finished with value: 12.20965292427937 and parameters: {'ISTN': 73.21652827922424, 'I_gpe': 0.9438188395055876, 'I_gpi': 3.2234807940437045, 'noise_stn_sigma': 5.978808705779695, 'noise_gpe_sigma': 89.25033111396104, 'noise_gpi_sigma': 84.1536973743756, 'g_stn_gpe_mult': 1.9636962021801883, 'g_gpe_stn_mult': 0.2377833900214047, 'g_stn_gpi_mult': 2.9747683631187734, 'g_gpe_gpi_mult': 0.8962456935847445}. Best is trial 98 with value: 0.5979484317983877.
[I 2026-05-28 02:02:03,299] Trial 350 finished with value: 33.07561467613675 and parameters: {'ISTN': 70.87464809157377, 'I_gpe': 0.8731013236991817, 'I_gpi': 3.532805743908399, 'noise_stn_sigma': 5.38713046729669, 'noise_gpe_sigma': 75.34575506151901, 'noise_gpi_sigma': 99.87167246846985, 'g_stn_gpe_mult': 1.9840768820438672, 'g_gpe_stn_mult': 0.24072926114204038, 'g_stn_gpi_mult': 2.9381866572561712, 'g_gpe_gpi_mult': 0.8889081526212865}. Best is trial 98 with value: 0.5979484317983877.
[I 2026-05-28 02:02:04,247] Trial 351 finished with value: 1000000.0 and parameters: {'ISTN': 67.59738213138249, 'I_gpe': 0.910704179667279, 'I_gpi': 3.1786909774528245, 'noise_stn_sigma': 5.639298065088206, 'noise_gpe_sigma': 90.60959379698835, 'noise_gpi_sigma': 95.02394971413183, 'g_stn_gpe_mult': 1.8731501988798853, 'g_gpe_stn_mult': 0.271385401575447, 'g_stn_gpi_mult': 3.221868540073092, 'g_gpe_gpi_mult': 0.8821695197564514}. Best is trial 98 with value: 0.5979484317983877.
