[I 2026-05-28 01:53:58,711] Trial 880 finished with value: 0.1506585295104487 and parameters: {'ISTN': 60.57551768765381, 'I_gpe': 1.2663004026225289, 'I_gpi': 1.7163248266405544, 'noise_stn_sigma': 2.813846653177156, 'noise_gpe_sigma': 77.4325383682506, 'noise_gpi_sigma': 78.23565532620879, 'g_stn_gpe_mult': 3.312535186448809, 'g_gpe_stn_mult': 0.1765106433723363, 'g_stn_gpi_mult': 3.7444999301362456, 'g_gpe_gpi_mult': 0.8505310109589674}. Best is trial 875 with value: 0.13807402647933772.
[I 2026-05-28 01:53:59,723] Trial 881 finished with value: 0.3032075969030775 and parameters: {'ISTN': 61.83229240747817, 'I_gpe': 1.1914844920073502, 'I_gpi': 1.820145437839079, 'noise_stn_sigma': 2.513816518309496, 'noise_gpe_sigma': 76.37892470980827, 'noise_gpi_sigma': 78.69724206100781, 'g_stn_gpe_mult': 3.2545792993978004, 'g_gpe_stn_mult': 0.15380096906116056, 'g_stn_gpi_mult': 3.913563061691374, 'g_gpe_gpi_mult': 0.832005198615108}. Best is trial 875 with value: 0.13807402647933772.
[I 2026-05-28 01:54:00,732] Trial 882 finished with value: 0.15282904959513471 and parameters: {'ISTN': 61.355244479854946, 'I_gpe': 1.2371135117420415, 'I_gpi': 1.861199495078743, 'noise_stn_sigma': 2.916094184946476, 'noise_gpe_sigma': 79.50779011425186, 'noise_gpi_sigma': 76.89572964146825, 'g_stn_gpe_mult': 3.1786112775595328, 'g_gpe_stn_mult': 0.1531982301525856, 'g_stn_gpi_mult': 3.7314509084226857, 'g_gpe_gpi_mult': 0.7997991111135092}. Best is trial 875 with value: 0.13807402647933772.
[I 2026-05-28 01:54:01,740] Trial 883 finished with value: 0.17627016136881998 and parameters: {'ISTN': 61.740769809301504, 'I_gpe': 1.1327291308207719, 'I_gpi': 1.88623136650649, 'noise_stn_sigma': 2.856259857879258, 'noise_gpe_sigma': 84.07671750345801, 'noise_gpi_sigma': 79.36408713835937, 'g_stn_gpe_mult': 3.264616428460972, 'g_gpe_stn_mult': 0.17238432516981575, 'g_stn_gpi_mult': 3.6838363872691504, 'g_gpe_gpi_mult': 0.8249157357207402}. Best is trial 875 with value: 0.13807402647933772.
[I 2026-05-28 01:54:02,749] Trial 884 finished with value: 0.15243713868125547 and parameters: {'ISTN': 60.86428377962952, 'I_gpe': 1.2018473030050765, 'I_gpi': 1.8639554782527374, 'noise_stn_sigma': 2.964968831290853, 'noise_gpe_sigma': 82.8396224938574, 'noise_gpi_sigma': 78.77202732247163, 'g_stn_gpe_mult': 3.214165732016741, 'g_gpe_stn_mult': 0.16908269643024487, 'g_stn_gpi_mult': 3.7503039804196487, 'g_gpe_gpi_mult': 0.8341637104342998}. Best is trial 875 with value: 0.13807402647933772.
[I 2026-05-28 01:54:03,759] Trial 885 finished with value: 0.17667215217425938 and parameters: {'ISTN': 61.888895502534645, 'I_gpe': 1.1818339387459416, 'I_gpi': 1.823225487084016, 'noise_stn_sigma': 2.9213446397620033, 'noise_gpe_sigma': 83.59134339784038, 'noise_gpi_sigma': 77.42229266835159, 'g_stn_gpe_mult': 3.331452121152913, 'g_gpe_stn_mult': 0.16739094002497984, 'g_stn_gpi_mult': 3.7484370604169106, 'g_gpe_gpi_mult': 0.8172353346754531}. Best is trial 875 with value: 0.13807402647933772.
[I 2026-05-28 01:54:04,768] Trial 886 finished with value: 0.15637786697084805 and parameters: {'ISTN': 61.39275180889888, 'I_gpe': 1.2961654576645518, 'I_gpi': 1.8297986525520806, 'noise_stn_sigma': 3.050012136935991, 'noise_gpe_sigma': 78.024444470775, 'noise_gpi_sigma': 81.38837436152063, 'g_stn_gpe_mult': 3.1048423865303953, 'g_gpe_stn_mult': 0.1498080784778919, 'g_stn_gpi_mult': 3.6775761569794696, 'g_gpe_gpi_mult': 0.7826618959000586}. Best is trial 875 with value: 0.13807402647933772.
[I 2026-05-28 01:54:05,775] Trial 887 finished with value: 0.21448688459508913 and parameters: {'ISTN': 60.750808106429695, 'I_gpe': 1.2156005672281553, 'I_gpi': 1.8051139789413622, 'noise_stn_sigma': 3.0261813905153585, 'noise_gpe_sigma': 79.76645418488825, 'noise_gpi_sigma': 84.1992496370181, 'g_stn_gpe_mult': 3.1926435542104414, 'g_gpe_stn_mult': 0.16431847708907316, 'g_stn_gpi_mult': 3.758855253831567, 'g_gpe_gpi_mult': 0.8164531448608601}. Best is trial 875 with value: 0.13807402647933772.
[I 2026-05-28 01:54:06,786] Trial 888 finished with value: 0.1589539057647163 and parameters: {'ISTN': 61.447987753946975, 'I_gpe': 1.258219312149663, 'I_gpi': 1.8813123269530778, 'noise_stn_sigma': 2.870800387013663, 'noise_gpe_sigma': 82.23645046845769, 'noise_gpi_sigma': 85.29051594379973, 'g_stn_gpe_mult': 3.172528409250054, 'g_gpe_stn_mult': 0.1634604739726488, 'g_stn_gpi_mult': 3.604443479227279, 'g_gpe_gpi_mult': 0.8362283091650087}. Best is trial 875 with value: 0.13807402647933772.
[I 2026-05-28 01:54:07,793] Trial 889 finished with value: 0.14490087546626304 and parameters: {'ISTN': 60.1595288238142, 'I_gpe': 1.1953970752310645, 'I_gpi': 1.771718483981141, 'noise_stn_sigma': 2.9167404153352576, 'noise_gpe_sigma': 81.93038174430725, 'noise_gpi_sigma': 79.68174607217549, 'g_stn_gpe_mult': 3.2530026835107666, 'g_gpe_stn_mult': 0.16984832117283838, 'g_stn_gpi_mult': 3.7374120033240468, 'g_gpe_gpi_mult': 0.818165585769224}. Best is trial 875 with value: 0.13807402647933772.
[I 2026-05-28 01:54:08,801] Trial 890 finished with value: 0.1507803330262435 and parameters: {'ISTN': 60.67979561810825, 'I_gpe': 1.1930723244630839, 'I_gpi': 1.8035286183170043, 'noise_stn_sigma': 2.766453524134736, 'noise_gpe_sigma': 81.92492159922452, 'noise_gpi_sigma': 79.4046212866792, 'g_stn_gpe_mult': 3.243425502350444, 'g_gpe_stn_mult': 0.17783616195599877, 'g_stn_gpi_mult': 3.76781823004358, 'g_gpe_gpi_mult': 0.8152330966566024}. Best is trial 875 with value: 0.13807402647933772.
[I 2026-05-28 01:54:09,811] Trial 891 finished with value: 0.14933494266721922 and parameters: {'ISTN': 60.85377562665966, 'I_gpe': 1.1550643238955929, 'I_gpi': 1.8156020182771209, 'noise_stn_sigma': 2.830854736526507, 'noise_gpe_sigma': 81.50554934074833, 'noise_gpi_sigma': 80.59856980996469, 'g_stn_gpe_mult': 3.2349112102230597, 'g_gpe_stn_mult': 0.16863216239303286, 'g_stn_gpi_mult': 3.840675346071407, 'g_gpe_gpi_mult': 0.8445315245079676}. Best is trial 875 with value: 0.13807402647933772.
[I 2026-05-28 01:54:10,819] Trial 892 finished with value: 0.14324448452992125 and parameters: {'ISTN': 60.3424161381313, 'I_gpe': 1.218053321013484, 'I_gpi': 1.8493436918562325, 'noise_stn_sigma': 2.713797636197917, 'noise_gpe_sigma': 82.51297098996312, 'noise_gpi_sigma': 75.72010807798327, 'g_stn_gpe_mult': 3.2350783195180792, 'g_gpe_stn_mult': 0.17137644311393807, 'g_stn_gpi_mult': 3.7971718689678156, 'g_gpe_gpi_mult': 0.8029346153533043}. Best is trial 875 with value: 0.13807402647933772.
[I 2026-05-28 01:54:11,827] Trial 893 finished with value: 0.14208989383785214 and parameters: {'ISTN': 60.14900997287256, 'I_gpe': 1.142153117684186, 'I_gpi': 1.7741615698526532, 'noise_stn_sigma': 2.7529525535377593, 'noise_gpe_sigma': 80.01507535421777, 'noise_gpi_sigma': 78.30960599011163, 'g_stn_gpe_mult': 3.269617857096364, 'g_gpe_stn_mult': 0.17194417539178886, 'g_stn_gpi_mult': 3.770033172714241, 'g_gpe_gpi_mult': 0.8398423346549777}. Best is trial 875 with value: 0.13807402647933772.
[I 2026-05-28 01:54:12,835] Trial 894 finished with value: 0.16485457430582803 and parameters: {'ISTN': 60.691204269462105, 'I_gpe': 1.2031228200294803, 'I_gpi': 1.8353666148553924, 'noise_stn_sigma': 2.7610728304152756, 'noise_gpe_sigma': 80.4862155350812, 'noise_gpi_sigma': 80.74668358425987, 'g_stn_gpe_mult': 3.1964200989797096, 'g_gpe_stn_mult': 0.1877041111797609, 'g_stn_gpi_mult': 3.7805703325708473, 'g_gpe_gpi_mult': 0.8347059974240225}. Best is trial 875 with value: 0.13807402647933772.
[I 2026-05-28 01:54:13,844] Trial 895 finished with value: 0.15130055705273812 and parameters: {'ISTN': 60.658745532125494, 'I_gpe': 1.2141710861476032, 'I_gpi': 1.920650193739093, 'noise_stn_sigma': 3.1304142782916147, 'noise_gpe_sigma': 81.4838299848238, 'noise_gpi_sigma': 80.62288727708612, 'g_stn_gpe_mult': 3.1330782224823412, 'g_gpe_stn_mult': 0.17148189211067513, 'g_stn_gpi_mult': 3.746107105560273, 'g_gpe_gpi_mult': 0.803039164601598}. Best is trial 875 with value: 0.13807402647933772.
[I 2026-05-28 01:54:14,851] Trial 896 finished with value: 0.15054264873035408 and parameters: {'ISTN': 60.39709385207483, 'I_gpe': 1.203950729173703, 'I_gpi': 1.7658573091503955, 'noise_stn_sigma': 2.7041829727915605, 'noise_gpe_sigma': 79.5088597956389, 'noise_gpi_sigma': 76.29926013450924, 'g_stn_gpe_mult': 3.2167294788426495, 'g_gpe_stn_mult': 0.18158452605691294, 'g_stn_gpi_mult': 3.7757054270399824, 'g_gpe_gpi_mult': 0.8237385168926836}. Best is trial 875 with value: 0.13807402647933772.
[I 2026-05-28 01:54:15,862] Trial 897 finished with value: 0.1494518453504483 and parameters: {'ISTN': 60.982701710278775, 'I_gpe': 1.234974316263532, 'I_gpi': 1.820882115004078, 'noise_stn_sigma': 2.739961083332724, 'noise_gpe_sigma': 81.31574598039938, 'noise_gpi_sigma': 83.08646771164833, 'g_stn_gpe_mult': 3.1648884595394997, 'g_gpe_stn_mult': 0.16470624493907027, 'g_stn_gpi_mult': 3.778463563196037, 'g_gpe_gpi_mult': 0.8205522451663256}. Best is trial 875 with value: 0.13807402647933772.
[I 2026-05-28 01:54:16,872] Trial 898 finished with value: 0.14626634429665764 and parameters: {'ISTN': 60.73962822820708, 'I_gpe': 1.1433716261985647, 'I_gpi': 1.7608199202012484, 'noise_stn_sigma': 2.9949074792454278, 'noise_gpe_sigma': 82.09149669686686, 'noise_gpi_sigma': 80.99512107172745, 'g_stn_gpe_mult': 3.2048245233916637, 'g_gpe_stn_mult': 0.17343176128735782, 'g_stn_gpi_mult': 3.737089846954623, 'g_gpe_gpi_mult': 0.8195471287117226}. Best is trial 875 with value: 0.13807402647933772.
[I 2026-05-28 01:54:17,880] Trial 899 finished with value: 0.16581790707716104 and parameters: {'ISTN': 61.70279300064219, 'I_gpe': 1.1785582731521926, 'I_gpi': 1.8688310013371932, 'noise_stn_sigma': 3.1784533338100753, 'noise_gpe_sigma': 79.27889437923764, 'noise_gpi_sigma': 80.54979996223625, 'g_stn_gpe_mult': 3.218906555700641, 'g_gpe_stn_mult': 0.15810245047226987, 'g_stn_gpi_mult': 3.8032726743876504, 'g_gpe_gpi_mult': 0.8094202380896964}. Best is trial 875 with value: 0.13807402647933772.
[I 2026-05-28 01:54:18,890] Trial 900 finished with value: 0.15043936539167538 and parameters: {'ISTN': 60.710828850903255, 'I_gpe': 1.1967822141018898, 'I_gpi': 1.8068721772918068, 'noise_stn_sigma': 2.9759056227025273, 'noise_gpe_sigma': 81.86429093812447, 'noise_gpi_sigma': 78.40988521454294, 'g_stn_gpe_mult': 3.124879179328487, 'g_gpe_stn_mult': 0.17245789306862397, 'g_stn_gpi_mult': 3.7176567301973718, 'g_gpe_gpi_mult': 0.7746285905693056}. Best is trial 875 with value: 0.13807402647933772.
[I 2026-05-28 01:54:19,900] Trial 901 finished with value: 0.1455647463085691 and parameters: {'ISTN': 60.346345345826975, 'I_gpe': 1.1802299840152481, 'I_gpi': 1.7550389653405585, 'noise_stn_sigma': 2.804194977614502, 'noise_gpe_sigma': 81.07187546255184, 'noise_gpi_sigma': 81.36675848631035, 'g_stn_gpe_mult': 3.19529597518236, 'g_gpe_stn_mult': 0.1661445772889914, 'g_stn_gpi_mult': 3.7625074703075443, 'g_gpe_gpi_mult': 0.8373381874428174}. Best is trial 875 with value: 0.13807402647933772.
[I 2026-05-28 01:54:20,908] Trial 902 finished with value: 0.15042794808325463 and parameters: {'ISTN': 60.735438487786105, 'I_gpe': 1.123222146732605, 'I_gpi': 1.751270409645727, 'noise_stn_sigma': 2.8495232878683305, 'noise_gpe_sigma': 79.83514526315419, 'noise_gpi_sigma': 80.42472148584397, 'g_stn_gpe_mult': 3.221985120769099, 'g_gpe_stn_mult': 0.15956694318072714, 'g_stn_gpi_mult': 3.8065044015370666, 'g_gpe_gpi_mult': 0.8378397418139134}. Best is trial 875 with value: 0.13807402647933772.
[I 2026-05-28 01:54:21,917] Trial 903 finished with value: 0.14531237397888822 and parameters: {'ISTN': 60.55621141899037, 'I_gpe': 1.164955272291078, 'I_gpi': 1.7699634705216942, 'noise_stn_sigma': 2.806117459166761, 'noise_gpe_sigma': 81.95784891893922, 'noise_gpi_sigma': 76.20453594644528, 'g_stn_gpe_mult': 3.1987992766845252, 'g_gpe_stn_mult': 0.16431793073793638, 'g_stn_gpi_mult': 3.7357946130291038, 'g_gpe_gpi_mult': 0.8154527747721445}. Best is trial 875 with value: 0.13807402647933772.
[I 2026-05-28 01:54:22,926] Trial 904 finished with value: 0.15692516812474905 and parameters: {'ISTN': 60.49554212529919, 'I_gpe': 1.1713541950351756, 'I_gpi': 1.775056933355903, 'noise_stn_sigma': 2.93394135009785, 'noise_gpe_sigma': 81.62567813029551, 'noise_gpi_sigma': 77.47931529932508, 'g_stn_gpe_mult': 3.1926203928008334, 'g_gpe_stn_mult': 0.18353297576019256, 'g_stn_gpi_mult': 3.7318540769108317, 'g_gpe_gpi_mult': 0.8168781344117357}. Best is trial 875 with value: 0.13807402647933772.
[I 2026-05-28 01:54:23,937] Trial 905 finished with value: 0.15971172356948507 and parameters: {'ISTN': 60.97009007645079, 'I_gpe': 1.1605540860121502, 'I_gpi': 1.8012076129867798, 'noise_stn_sigma': 2.6993956336501723, 'noise_gpe_sigma': 81.29853772747055, 'noise_gpi_sigma': 77.46617921579289, 'g_stn_gpe_mult': 3.2690214113141227, 'g_gpe_stn_mult': 0.18018927682686692, 'g_stn_gpi_mult': 3.860444302256351, 'g_gpe_gpi_mult': 0.8499921081776987}. Best is trial 875 with value: 0.13807402647933772.
[I 2026-05-28 01:54:24,945] Trial 906 finished with value: 0.15608768651712968 and parameters: {'ISTN': 61.011129847561705, 'I_gpe': 1.2111052699767917, 'I_gpi': 1.7749019735884621, 'noise_stn_sigma': 2.788385321735973, 'noise_gpe_sigma': 80.07315554514095, 'noise_gpi_sigma': 76.84739706010251, 'g_stn_gpe_mult': 3.2494867853994416, 'g_gpe_stn_mult': 0.16883917567647058, 'g_stn_gpi_mult': 3.8003620634025888, 'g_gpe_gpi_mult': 0.8282051090540634}. Best is trial 875 with value: 0.13807402647933772.
[I 2026-05-28 01:54:25,953] Trial 907 finished with value: 0.14281434029863518 and parameters: {'ISTN': 60.221528450554125, 'I_gpe': 1.1840935938085742, 'I_gpi': 1.8317508929759783, 'noise_stn_sigma': 2.9205944000484885, 'noise_gpe_sigma': 81.32672022203565, 'noise_gpi_sigma': 82.00737941293758, 'g_stn_gpe_mult': 3.198572117195239, 'g_gpe_stn_mult': 0.17437940433469742, 'g_stn_gpi_mult': 3.8402227007054024, 'g_gpe_gpi_mult': 0.8094580971377277}. Best is trial 875 with value: 0.13807402647933772.
[I 2026-05-28 01:54:26,960] Trial 908 finished with value: 0.13978607031925788 and parameters: {'ISTN': 60.14510852059138, 'I_gpe': 1.158202992101223, 'I_gpi': 1.754950032350955, 'noise_stn_sigma': 2.7574532774387817, 'noise_gpe_sigma': 81.36498039163033, 'noise_gpi_sigma': 78.17601280795114, 'g_stn_gpe_mult': 3.290611601735291, 'g_gpe_stn_mult': 0.1838700985875176, 'g_stn_gpi_mult': 3.750094591834853, 'g_gpe_gpi_mult': 0.8390715733306902}. Best is trial 875 with value: 0.13807402647933772.
[I 2026-05-28 01:54:27,966] Trial 909 finished with value: 0.14203217961172204 and parameters: {'ISTN': 60.2601536596351, 'I_gpe': 1.1535479464694767, 'I_gpi': 1.7827463597097202, 'noise_stn_sigma': 2.783433118853474, 'noise_gpe_sigma': 78.01297072868036, 'noise_gpi_sigma': 76.6730031827276, 'g_stn_gpe_mult': 3.22889473778372, 'g_gpe_stn_mult': 0.1714919132197481, 'g_stn_gpi_mult': 3.770025687509012, 'g_gpe_gpi_mult': 0.8450882989026238}. Best is trial 875 with value: 0.13807402647933772.
[I 2026-05-28 01:54:28,974] Trial 910 finished with value: 0.1465902450450925 and parameters: {'ISTN': 60.99054187989364, 'I_gpe': 1.1793097245820017, 'I_gpi': 1.7653234709249381, 'noise_stn_sigma': 2.7069652477152055, 'noise_gpe_sigma': 82.67588149188143, 'noise_gpi_sigma': 78.85278176259892, 'g_stn_gpe_mult': 3.1822108451500952, 'g_gpe_stn_mult': 0.1592288311034423, 'g_stn_gpi_mult': 3.66820179454597, 'g_gpe_gpi_mult': 0.8117124502644779}. Best is trial 875 with value: 0.13807402647933772.
[I 2026-05-28 01:54:29,984] Trial 911 finished with value: 0.1461145569730977 and parameters: {'ISTN': 60.37296080179721, 'I_gpe': 1.1652474284780094, 'I_gpi': 1.770532431283963, 'noise_stn_sigma': 2.8823532237511094, 'noise_gpe_sigma': 83.48518525558414, 'noise_gpi_sigma': 79.09366617842832, 'g_stn_gpe_mult': 3.2167480581269317, 'g_gpe_stn_mult': 0.17761111837759636, 'g_stn_gpi_mult': 3.75649025165054, 'g_gpe_gpi_mult': 0.8074915467391808}. Best is trial 875 with value: 0.13807402647933772.
[I 2026-05-28 01:54:30,993] Trial 912 finished with value: 0.14209015054748242 and parameters: {'ISTN': 60.25669153764937, 'I_gpe': 1.1351871612981177, 'I_gpi': 1.7765181370831544, 'noise_stn_sigma': 2.7357538179077032, 'noise_gpe_sigma': 80.08070131176183, 'noise_gpi_sigma': 74.8280649863788, 'g_stn_gpe_mult': 3.260503468142804, 'g_gpe_stn_mult': 0.17295939557722154, 'g_stn_gpi_mult': 3.7901782158748585, 'g_gpe_gpi_mult': 0.8391872534640896}. Best is trial 875 with value: 0.13807402647933772.
[I 2026-05-28 01:54:32,001] Trial 913 finished with value: 0.16162692817593202 and parameters: {'ISTN': 61.39766020751221, 'I_gpe': 1.1811466920032496, 'I_gpi': 1.8325012925545772, 'noise_stn_sigma': 2.7891139979228137, 'noise_gpe_sigma': 80.33799939318455, 'noise_gpi_sigma': 78.7171857218523, 'g_stn_gpe_mult': 3.2481752927238703, 'g_gpe_stn_mult': 0.16805878930298587, 'g_stn_gpi_mult': 3.792086558566075, 'g_gpe_gpi_mult': 0.8212203421355584}. Best is trial 875 with value: 0.13807402647933772.
[I 2026-05-28 01:54:33,011] Trial 914 finished with value: 0.14536084610760885 and parameters: {'ISTN': 60.376815327437406, 'I_gpe': 1.1560935720058159, 'I_gpi': 1.733400000602154, 'noise_stn_sigma': 2.798967301068479, 'noise_gpe_sigma': 83.78174337487911, 'noise_gpi_sigma': 76.88239678985764, 'g_stn_gpe_mult': 3.2279385970857994, 'g_gpe_stn_mult': 0.17759573991795913, 'g_stn_gpi_mult': 3.7185835821152096, 'g_gpe_gpi_mult': 0.8193254107645624}. Best is trial 875 with value: 0.13807402647933772.
[I 2026-05-28 01:54:34,019] Trial 915 finished with value: 0.14139855110723445 and parameters: {'ISTN': 60.2628980871032, 'I_gpe': 1.1531502990458735, 'I_gpi': 1.7875053951908406, 'noise_stn_sigma': 2.6490314710860887, 'noise_gpe_sigma': 76.57819166477631, 'noise_gpi_sigma': 77.23286451627607, 'g_stn_gpe_mult': 3.253987564116416, 'g_gpe_stn_mult': 0.16936781111334348, 'g_stn_gpi_mult': 3.793919392558859, 'g_gpe_gpi_mult': 0.8361880545960991}. Best is trial 875 with value: 0.13807402647933772.
[I 2026-05-28 01:54:35,028] Trial 916 finished with value: 0.14854972590150042 and parameters: {'ISTN': 60.340138790047604, 'I_gpe': 1.133663129282895, 'I_gpi': 1.7781654991391425, 'noise_stn_sigma': 2.9776447677242555, 'noise_gpe_sigma': 81.03383119729108, 'noise_gpi_sigma': 76.72176926360903, 'g_stn_gpe_mult': 3.2028594474976266, 'g_gpe_stn_mult': 0.17492187689501226, 'g_stn_gpi_mult': 3.671340123566887, 'g_gpe_gpi_mult': 0.8213726181622056}. Best is trial 875 with value: 0.13807402647933772.
[I 2026-05-28 01:54:36,037] Trial 917 finished with value: 0.14299776417712415 and parameters: {'ISTN': 60.044536497983835, 'I_gpe': 1.1679085955803576, 'I_gpi': 1.799166624027055, 'noise_stn_sigma': 2.7890075484822647, 'noise_gpe_sigma': 76.59825440622843, 'noise_gpi_sigma': 80.27087227008448, 'g_stn_gpe_mult': 3.24954181415639, 'g_gpe_stn_mult': 0.17507761325776505, 'g_stn_gpi_mult': 3.749461096457279, 'g_gpe_gpi_mult': 0.8388917457796907}. Best is trial 875 with value: 0.13807402647933772.
[I 2026-05-28 01:54:37,045] Trial 918 finished with value: 0.14957434321780935 and parameters: {'ISTN': 60.9746617617438, 'I_gpe': 1.174838609545692, 'I_gpi': 1.8000012930307099, 'noise_stn_sigma': 2.853595412087241, 'noise_gpe_sigma': 80.03146196497991, 'noise_gpi_sigma': 81.54566660578607, 'g_stn_gpe_mult': 3.236642670782738, 'g_gpe_stn_mult': 0.17075466385944973, 'g_stn_gpi_mult': 3.7770339856086714, 'g_gpe_gpi_mult': 0.8358353461921104}. Best is trial 875 with value: 0.13807402647933772.
[I 2026-05-28 01:54:38,054] Trial 919 finished with value: 0.5445264253440321 and parameters: {'ISTN': 60.5484666799982, 'I_gpe': 1.2060331409232035, 'I_gpi': 1.8006425475873025, 'noise_stn_sigma': 2.734067588610038, 'noise_gpe_sigma': 78.75313858402413, 'noise_gpi_sigma': 74.97993646287219, 'g_stn_gpe_mult': 3.2361776792976356, 'g_gpe_stn_mult': 0.16308493317030334, 'g_stn_gpi_mult': 3.8490079111754563, 'g_gpe_gpi_mult': 0.8153285912797092}. Best is trial 875 with value: 0.13807402647933772.
[I 2026-05-28 01:54:39,063] Trial 920 finished with value: 0.144598760712429 and parameters: {'ISTN': 60.15949549745512, 'I_gpe': 1.1344439567735165, 'I_gpi': 1.7276334738359047, 'noise_stn_sigma': 2.7278033477725945, 'noise_gpe_sigma': 81.61664874563405, 'noise_gpi_sigma': 77.13211155409704, 'g_stn_gpe_mult': 3.2680606708980697, 'g_gpe_stn_mult': 0.1870009319949847, 'g_stn_gpi_mult': 3.7239428297616803, 'g_gpe_gpi_mult': 0.8515970377768103}. Best is trial 875 with value: 0.13807402647933772.
[I 2026-05-28 01:54:40,072] Trial 921 finished with value: 0.7321695393458005 and parameters: {'ISTN': 60.032447051274, 'I_gpe': 1.189008207846909, 'I_gpi': 1.8082622386087612, 'noise_stn_sigma': 2.7334176743629968, 'noise_gpe_sigma': 79.99558767746535, 'noise_gpi_sigma': 80.02923961050709, 'g_stn_gpe_mult': 3.2802745243689375, 'g_gpe_stn_mult': 0.16608713607645814, 'g_stn_gpi_mult': 3.79882481851224, 'g_gpe_gpi_mult': 0.8383176124064229}. Best is trial 875 with value: 0.13807402647933772.
[I 2026-05-28 01:54:41,080] Trial 922 finished with value: 0.1513842041700657 and parameters: {'ISTN': 60.91413136986748, 'I_gpe': 1.1480315605854767, 'I_gpi': 1.767675058919071, 'noise_stn_sigma': 2.806063803077894, 'noise_gpe_sigma': 80.55478083802802, 'noise_gpi_sigma': 78.05963946002828, 'g_stn_gpe_mult': 3.305212204602775, 'g_gpe_stn_mult': 0.16973288224892422, 'g_stn_gpi_mult': 3.7774598632683043, 'g_gpe_gpi_mult': 0.8232119159351543}. Best is trial 875 with value: 0.13807402647933772.
[I 2026-05-28 01:54:42,087] Trial 923 finished with value: 0.15139226897016267 and parameters: {'ISTN': 60.591943127101494, 'I_gpe': 1.1210416734593505, 'I_gpi': 1.7335433106907643, 'noise_stn_sigma': 2.727522352648285, 'noise_gpe_sigma': 80.32325553166926, 'noise_gpi_sigma': 76.86930072522547, 'g_stn_gpe_mult': 3.1776224452244333, 'g_gpe_stn_mult': 0.170933163397357, 'g_stn_gpi_mult': 3.7779015274102377, 'g_gpe_gpi_mult': 0.8046837744488287}. Best is trial 875 with value: 0.13807402647933772.
