[I 2026-05-28 01:27:25,121] Trial 308 finished with value: 0.26557599844667895 and parameters: {'ISTN': 64.51676764391522, 'I_gpe': 0.8112331624929383, 'I_gpi': 1.9345115470603669, 'noise_stn_sigma': 3.577299404327021, 'noise_gpe_sigma': 79.71039155773553, 'noise_gpi_sigma': 93.59267412197542, 'g_stn_gpe_mult': 2.9118499551431882, 'g_gpe_stn_mult': 0.15021303824627555, 'g_stn_gpi_mult': 1.9028441893407613, 'g_gpe_gpi_mult': 0.6645717370286789}. Best is trial 245 with value: 0.18324523642792556.
[I 2026-05-28 01:27:26,127] Trial 309 finished with value: 1.634506100474728 and parameters: {'ISTN': 66.28207060202908, 'I_gpe': 1.1717573079820929, 'I_gpi': 2.084164623208217, 'noise_stn_sigma': 4.368351567455577, 'noise_gpe_sigma': 70.83023105592746, 'noise_gpi_sigma': 97.4183996404899, 'g_stn_gpe_mult': 2.9965004600453256, 'g_gpe_stn_mult': 0.1380235809993039, 'g_stn_gpi_mult': 2.1803738280204574, 'g_gpe_gpi_mult': 0.7133932399922931}. Best is trial 245 with value: 0.18324523642792556.
[I 2026-05-28 01:27:27,131] Trial 310 finished with value: 3.909837401475398 and parameters: {'ISTN': 66.85968621681467, 'I_gpe': 0.6731670481847559, 'I_gpi': 2.1424533636858527, 'noise_stn_sigma': 4.344335778594086, 'noise_gpe_sigma': 82.75869281457744, 'noise_gpi_sigma': 73.73589204095163, 'g_stn_gpe_mult': 3.0652221505807984, 'g_gpe_stn_mult': 0.14450068059894233, 'g_stn_gpi_mult': 2.2916288491794505, 'g_gpe_gpi_mult': 0.7391840082046344}. Best is trial 245 with value: 0.18324523642792556.
[I 2026-05-28 01:27:28,137] Trial 311 finished with value: 0.23548897909394378 and parameters: {'ISTN': 65.14769379334568, 'I_gpe': 0.8984871967191391, 'I_gpi': 2.2354416789640394, 'noise_stn_sigma': 4.0744820471031815, 'noise_gpe_sigma': 76.46721524350875, 'noise_gpi_sigma': 89.31090344395648, 'g_stn_gpe_mult': 2.9717761127585396, 'g_gpe_stn_mult': 0.1442842666425474, 'g_stn_gpi_mult': 1.756537275684378, 'g_gpe_gpi_mult': 0.6329603478354151}. Best is trial 245 with value: 0.18324523642792556.
[I 2026-05-28 01:27:29,140] Trial 312 finished with value: 1.080540886305337 and parameters: {'ISTN': 64.41902108293631, 'I_gpe': 1.1377121351251716, 'I_gpi': 1.9890475672510954, 'noise_stn_sigma': 4.450996426845661, 'noise_gpe_sigma': 67.55912948837857, 'noise_gpi_sigma': 82.99251414635931, 'g_stn_gpe_mult': 3.0972107938835913, 'g_gpe_stn_mult': 0.16495112379010127, 'g_stn_gpi_mult': 1.8652480948733456, 'g_gpe_gpi_mult': 0.7037072268849418}. Best is trial 245 with value: 0.18324523642792556.
[I 2026-05-28 01:27:30,143] Trial 313 finished with value: 0.5184674708297438 and parameters: {'ISTN': 61.72455999729207, 'I_gpe': 0.8730417391206259, 'I_gpi': 2.2801122894525214, 'noise_stn_sigma': 3.323370804634768, 'noise_gpe_sigma': 68.73631706296126, 'noise_gpi_sigma': 98.78357597144783, 'g_stn_gpe_mult': 3.012339155426673, 'g_gpe_stn_mult': 0.12297306805763727, 'g_stn_gpi_mult': 1.8093365507418946, 'g_gpe_gpi_mult': 0.6759440479718785}. Best is trial 245 with value: 0.18324523642792556.
[I 2026-05-28 01:27:31,152] Trial 314 finished with value: 0.22451179326283857 and parameters: {'ISTN': 62.550896446394425, 'I_gpe': 0.8855342447536787, 'I_gpi': 2.0496925980677445, 'noise_stn_sigma': 4.188231509621007, 'noise_gpe_sigma': 88.73279701610724, 'noise_gpi_sigma': 96.21282493751019, 'g_stn_gpe_mult': 2.5707731985782822, 'g_gpe_stn_mult': 0.19143782839144924, 'g_stn_gpi_mult': 2.0101191006252606, 'g_gpe_gpi_mult': 0.6585443828315234}. Best is trial 245 with value: 0.18324523642792556.
[I 2026-05-28 01:27:32,155] Trial 315 finished with value: 0.5789487974195784 and parameters: {'ISTN': 64.25753418550109, 'I_gpe': 1.0698021840980614, 'I_gpi': 2.2248689094654077, 'noise_stn_sigma': 3.3050781269522718, 'noise_gpe_sigma': 68.02953297222585, 'noise_gpi_sigma': 85.6544924430626, 'g_stn_gpe_mult': 2.8960738445089853, 'g_gpe_stn_mult': 0.18234621492108527, 'g_stn_gpi_mult': 1.799499982734913, 'g_gpe_gpi_mult': 0.6851512054246482}. Best is trial 245 with value: 0.18324523642792556.
[I 2026-05-28 01:27:33,163] Trial 316 finished with value: 5.847853789475976 and parameters: {'ISTN': 68.34604702468056, 'I_gpe': 1.1301944891752402, 'I_gpi': 1.6093919737635642, 'noise_stn_sigma': 4.298477868035352, 'noise_gpe_sigma': 83.75964319056325, 'noise_gpi_sigma': 84.62868251750645, 'g_stn_gpe_mult': 2.797052444817737, 'g_gpe_stn_mult': 0.1464757651558354, 'g_stn_gpi_mult': 1.6468465602223092, 'g_gpe_gpi_mult': 0.6739724723539475}. Best is trial 245 with value: 0.18324523642792556.
[I 2026-05-28 01:27:34,170] Trial 317 finished with value: 0.2705436243537166 and parameters: {'ISTN': 62.06625671604324, 'I_gpe': 0.9788604443500275, 'I_gpi': 2.256090011770834, 'noise_stn_sigma': 3.81440120768384, 'noise_gpe_sigma': 70.38506972688782, 'noise_gpi_sigma': 103.88929941063671, 'g_stn_gpe_mult': 2.760867519643649, 'g_gpe_stn_mult': 0.19037954887145736, 'g_stn_gpi_mult': 1.8221066101876868, 'g_gpe_gpi_mult': 0.5740501286857993}. Best is trial 245 with value: 0.18324523642792556.
[I 2026-05-28 01:27:35,175] Trial 318 finished with value: 1.034660867054631 and parameters: {'ISTN': 66.9056762622468, 'I_gpe': 0.7311357946835815, 'I_gpi': 2.545606809344856, 'noise_stn_sigma': 3.051564243453905, 'noise_gpe_sigma': 74.21401373079297, 'noise_gpi_sigma': 76.14331014476305, 'g_stn_gpe_mult': 2.8739343126063943, 'g_gpe_stn_mult': 0.15870748759552644, 'g_stn_gpi_mult': 1.990315341306391, 'g_gpe_gpi_mult': 0.6890810293334435}. Best is trial 245 with value: 0.18324523642792556.
[I 2026-05-28 01:27:36,179] Trial 319 finished with value: 5.6822890918143045 and parameters: {'ISTN': 65.27491605659976, 'I_gpe': 0.9069085770518496, 'I_gpi': 1.8791294405999617, 'noise_stn_sigma': 4.171028412769979, 'noise_gpe_sigma': 58.896069948892745, 'noise_gpi_sigma': 98.16939117715552, 'g_stn_gpe_mult': 2.948166635246978, 'g_gpe_stn_mult': 0.1684632983221299, 'g_stn_gpi_mult': 1.9394622193013837, 'g_gpe_gpi_mult': 0.6353531475896965}. Best is trial 245 with value: 0.18324523642792556.
[I 2026-05-28 01:27:37,185] Trial 320 finished with value: 0.7309668321970564 and parameters: {'ISTN': 60.66459588910312, 'I_gpe': 0.8611226972244401, 'I_gpi': 2.077460909963302, 'noise_stn_sigma': 3.0235468948250737, 'noise_gpe_sigma': 74.82020684350164, 'noise_gpi_sigma': 92.33736386344303, 'g_stn_gpe_mult': 2.6867093743228723, 'g_gpe_stn_mult': 0.1398025290092969, 'g_stn_gpi_mult': 1.4148535432253198, 'g_gpe_gpi_mult': 0.6826032646940726}. Best is trial 245 with value: 0.18324523642792556.
[I 2026-05-28 01:27:38,190] Trial 321 finished with value: 0.1650403827547928 and parameters: {'ISTN': 61.434910807362165, 'I_gpe': 1.14479126426619, 'I_gpi': 2.248974177611329, 'noise_stn_sigma': 3.248358908832729, 'noise_gpe_sigma': 84.97092028511177, 'noise_gpi_sigma': 100.71965852722019, 'g_stn_gpe_mult': 3.106291161469903, 'g_gpe_stn_mult': 0.15264790751960092, 'g_stn_gpi_mult': 1.9637632542804113, 'g_gpe_gpi_mult': 0.7025387636014975}. Best is trial 321 with value: 0.1650403827547928.
[I 2026-05-28 01:27:39,194] Trial 322 finished with value: 3.066755976736157 and parameters: {'ISTN': 60.96919034388692, 'I_gpe': 0.9970348192835858, 'I_gpi': 2.2997983141955824, 'noise_stn_sigma': 4.215325329012273, 'noise_gpe_sigma': 80.69980196636249, 'noise_gpi_sigma': 89.06701676155893, 'g_stn_gpe_mult': 2.791889265791915, 'g_gpe_stn_mult': 0.1690448955656047, 'g_stn_gpi_mult': 1.8363357185426934, 'g_gpe_gpi_mult': 0.617829194995093}. Best is trial 321 with value: 0.1650403827547928.
[I 2026-05-28 01:27:40,198] Trial 323 finished with value: 1.067529101859742 and parameters: {'ISTN': 60.95400726352068, 'I_gpe': 0.9784862590016875, 'I_gpi': 2.2135013798447254, 'noise_stn_sigma': 3.5914850814115082, 'noise_gpe_sigma': 80.7958881569572, 'noise_gpi_sigma': 92.93314472418108, 'g_stn_gpe_mult': 2.7924876421921025, 'g_gpe_stn_mult': 0.10300347981852565, 'g_stn_gpi_mult': 2.0418213400055123, 'g_gpe_gpi_mult': 0.6966186748356042}. Best is trial 321 with value: 0.1650403827547928.
[I 2026-05-28 01:27:41,203] Trial 324 finished with value: 0.21750911673627196 and parameters: {'ISTN': 61.94802661071237, 'I_gpe': 1.0367243033589775, 'I_gpi': 2.3814556269816074, 'noise_stn_sigma': 4.087835526469121, 'noise_gpe_sigma': 78.55682034752755, 'noise_gpi_sigma': 86.8951593001639, 'g_stn_gpe_mult': 2.7179439580926323, 'g_gpe_stn_mult': 0.19295250838492456, 'g_stn_gpi_mult': 2.0460892547851977, 'g_gpe_gpi_mult': 0.6333940819905909}. Best is trial 321 with value: 0.1650403827547928.
[I 2026-05-28 01:27:42,206] Trial 325 finished with value: 1.6325892176003431 and parameters: {'ISTN': 65.95584581191329, 'I_gpe': 0.9446958434633377, 'I_gpi': 2.188072254151871, 'noise_stn_sigma': 3.846898471633535, 'noise_gpe_sigma': 74.68770810656567, 'noise_gpi_sigma': 91.85724553562638, 'g_stn_gpe_mult': 2.6456551254470146, 'g_gpe_stn_mult': 0.16446940743060529, 'g_stn_gpi_mult': 1.8049185270444863, 'g_gpe_gpi_mult': 0.6468108241333339}. Best is trial 321 with value: 0.1650403827547928.
[I 2026-05-28 01:27:43,210] Trial 326 finished with value: 0.35935253811090645 and parameters: {'ISTN': 61.695084581810534, 'I_gpe': 0.8295316423136396, 'I_gpi': 1.5983091164823664, 'noise_stn_sigma': 3.9070926584974384, 'noise_gpe_sigma': 75.38624097007181, 'noise_gpi_sigma': 88.62438855620385, 'g_stn_gpe_mult': 2.577300350429912, 'g_gpe_stn_mult': 0.13783766892548008, 'g_stn_gpi_mult': 1.8375132141291948, 'g_gpe_gpi_mult': 0.672616887593666}. Best is trial 321 with value: 0.1650403827547928.
[I 2026-05-28 01:27:44,213] Trial 327 finished with value: 0.22419914854349432 and parameters: {'ISTN': 63.07771306057237, 'I_gpe': 1.0748698308097788, 'I_gpi': 2.492971854613569, 'noise_stn_sigma': 3.935404216194082, 'noise_gpe_sigma': 87.97333561795432, 'noise_gpi_sigma': 104.59925669187476, 'g_stn_gpe_mult': 2.5595807710239296, 'g_gpe_stn_mult': 0.11911019197237348, 'g_stn_gpi_mult': 1.6457937708598023, 'g_gpe_gpi_mult': 0.6348043422258426}. Best is trial 321 with value: 0.1650403827547928.
[I 2026-05-28 01:27:45,216] Trial 328 finished with value: 3.3577076724054 and parameters: {'ISTN': 62.78886936628156, 'I_gpe': 0.9676338720337077, 'I_gpi': 2.1431609217160066, 'noise_stn_sigma': 3.8693764197007035, 'noise_gpe_sigma': 76.69705463701291, 'noise_gpi_sigma': 96.56260470030648, 'g_stn_gpe_mult': 2.7198813882092145, 'g_gpe_stn_mult': 0.22981189188144194, 'g_stn_gpi_mult': 1.8574313895937689, 'g_gpe_gpi_mult': 0.6307201294402691}. Best is trial 321 with value: 0.1650403827547928.
[I 2026-05-28 01:27:46,218] Trial 329 finished with value: 0.22875927247986497 and parameters: {'ISTN': 63.96312982547675, 'I_gpe': 0.9067811632576194, 'I_gpi': 2.302945675913027, 'noise_stn_sigma': 3.7657195262092347, 'noise_gpe_sigma': 86.23607542260312, 'noise_gpi_sigma': 90.33517930736629, 'g_stn_gpe_mult': 2.5942299308051266, 'g_gpe_stn_mult': 0.16105040282730604, 'g_stn_gpi_mult': 1.7780769534004517, 'g_gpe_gpi_mult': 0.6336995745075764}. Best is trial 321 with value: 0.1650403827547928.
[I 2026-05-28 01:27:47,221] Trial 330 finished with value: 0.2948298625561473 and parameters: {'ISTN': 63.623600409765494, 'I_gpe': 1.0511252094962154, 'I_gpi': 2.231122773034356, 'noise_stn_sigma': 4.109189682194245, 'noise_gpe_sigma': 81.12540496528662, 'noise_gpi_sigma': 92.23561177734857, 'g_stn_gpe_mult': 3.0675530221100282, 'g_gpe_stn_mult': 0.19028428734802333, 'g_stn_gpi_mult': 2.015230010657371, 'g_gpe_gpi_mult': 0.6907356320362964}. Best is trial 321 with value: 0.1650403827547928.
[I 2026-05-28 01:27:48,226] Trial 331 finished with value: 3.5612227106271517 and parameters: {'ISTN': 67.31470109660104, 'I_gpe': 1.0019671590475405, 'I_gpi': 2.130311763782661, 'noise_stn_sigma': 3.62443595573258, 'noise_gpe_sigma': 81.67780269219053, 'noise_gpi_sigma': 98.37021944635104, 'g_stn_gpe_mult': 3.141703953209963, 'g_gpe_stn_mult': 0.16076232015849964, 'g_stn_gpi_mult': 2.070477422577764, 'g_gpe_gpi_mult': 0.640260162760977}. Best is trial 321 with value: 0.1650403827547928.
[I 2026-05-28 01:27:49,231] Trial 332 finished with value: 0.1977699313261891 and parameters: {'ISTN': 60.448662958537405, 'I_gpe': 1.465097407178528, 'I_gpi': 2.258885156068374, 'noise_stn_sigma': 4.37968985523383, 'noise_gpe_sigma': 81.35019497630942, 'noise_gpi_sigma': 87.07818526265916, 'g_stn_gpe_mult': 3.149428070491835, 'g_gpe_stn_mult': 0.15753983281632528, 'g_stn_gpi_mult': 2.091493065714354, 'g_gpe_gpi_mult': 0.7245465436130143}. Best is trial 321 with value: 0.1650403827547928.
[I 2026-05-28 01:27:50,236] Trial 333 finished with value: 0.20898751425675074 and parameters: {'ISTN': 60.471482549886986, 'I_gpe': 0.884256159101964, 'I_gpi': 2.41905158108832, 'noise_stn_sigma': 3.9432640095351768, 'noise_gpe_sigma': 85.69436840702292, 'noise_gpi_sigma': 91.84400897501052, 'g_stn_gpe_mult': 2.8110491446893002, 'g_gpe_stn_mult': 0.1797552784430521, 'g_stn_gpi_mult': 1.5588393846587776, 'g_gpe_gpi_mult': 0.6681698499138764}. Best is trial 321 with value: 0.1650403827547928.
[I 2026-05-28 01:27:51,242] Trial 334 finished with value: 0.5339654083758734 and parameters: {'ISTN': 62.05763478149392, 'I_gpe': 0.9580504342822281, 'I_gpi': 2.3870140812327048, 'noise_stn_sigma': 3.3269769307869566, 'noise_gpe_sigma': 75.50917303203482, 'noise_gpi_sigma': 104.04957269444967, 'g_stn_gpe_mult': 2.593863151657496, 'g_gpe_stn_mult': 0.17190847354841415, 'g_stn_gpi_mult': 1.724820493772482, 'g_gpe_gpi_mult': 0.6579794889370132}. Best is trial 321 with value: 0.1650403827547928.
[I 2026-05-28 01:27:52,248] Trial 335 finished with value: 0.3729533948125636 and parameters: {'ISTN': 62.70391894758362, 'I_gpe': 0.5551266261479992, 'I_gpi': 1.970822568264361, 'noise_stn_sigma': 4.1606161859179, 'noise_gpe_sigma': 84.65458837730755, 'noise_gpi_sigma': 102.5595030706432, 'g_stn_gpe_mult': 2.5447439842069857, 'g_gpe_stn_mult': 0.1934156730587228, 'g_stn_gpi_mult': 1.9683045793083491, 'g_gpe_gpi_mult': 0.6021877080246755}. Best is trial 321 with value: 0.1650403827547928.
[I 2026-05-28 01:27:53,252] Trial 336 finished with value: 0.45459906258181365 and parameters: {'ISTN': 60.473222355831545, 'I_gpe': 0.8243375856205222, 'I_gpi': 2.169376443938421, 'noise_stn_sigma': 3.522513873100154, 'noise_gpe_sigma': 75.02748508627695, 'noise_gpi_sigma': 107.79337704439895, 'g_stn_gpe_mult': 3.042017114162322, 'g_gpe_stn_mult': 0.14251014756928582, 'g_stn_gpi_mult': 1.8415666620551718, 'g_gpe_gpi_mult': 0.6258028171800365}. Best is trial 321 with value: 0.1650403827547928.
[I 2026-05-28 01:27:54,257] Trial 337 finished with value: 2.1449657866255225 and parameters: {'ISTN': 66.25566593465304, 'I_gpe': 1.0272211678136294, 'I_gpi': 2.426612353431056, 'noise_stn_sigma': 4.121970181328185, 'noise_gpe_sigma': 95.08117032062334, 'noise_gpi_sigma': 95.83141396954562, 'g_stn_gpe_mult': 2.7552949441319297, 'g_gpe_stn_mult': 0.150099342910184, 'g_stn_gpi_mult': 1.7800649145506635, 'g_gpe_gpi_mult': 0.6678791680643187}. Best is trial 321 with value: 0.1650403827547928.
[I 2026-05-28 01:27:55,262] Trial 338 finished with value: 0.5751861140897272 and parameters: {'ISTN': 64.5470860955551, 'I_gpe': 1.1676474211230505, 'I_gpi': 2.4672553515620415, 'noise_stn_sigma': 3.1686504607905244, 'noise_gpe_sigma': 78.73382813648308, 'noise_gpi_sigma': 108.15618429554964, 'g_stn_gpe_mult': 2.7136088982436455, 'g_gpe_stn_mult': 0.14273498652825165, 'g_stn_gpi_mult': 1.9976752423648325, 'g_gpe_gpi_mult': 0.6066730920736367}. Best is trial 321 with value: 0.1650403827547928.
[I 2026-05-28 01:27:56,267] Trial 339 finished with value: 0.20798513371038135 and parameters: {'ISTN': 62.539287020406945, 'I_gpe': 0.9830824649791992, 'I_gpi': 2.2824282648320007, 'noise_stn_sigma': 3.100383276286281, 'noise_gpe_sigma': 80.99602799788507, 'noise_gpi_sigma': 94.51773686384372, 'g_stn_gpe_mult': 2.8210277781396176, 'g_gpe_stn_mult': 0.1526158565695754, 'g_stn_gpi_mult': 2.0696363472487804, 'g_gpe_gpi_mult': 0.7413510790376892}. Best is trial 321 with value: 0.1650403827547928.
[I 2026-05-28 01:27:57,211] Trial 340 finished with value: 1000000.0 and parameters: {'ISTN': 62.90579093632744, 'I_gpe': 0.9540839919974489, 'I_gpi': 2.2229076597545934, 'noise_stn_sigma': 3.357699328292641, 'noise_gpe_sigma': 87.77925180494924, 'noise_gpi_sigma': 105.37525582529261, 'g_stn_gpe_mult': 2.8944118998819013, 'g_gpe_stn_mult': 0.1673619908351882, 'g_stn_gpi_mult': 2.023448033304538, 'g_gpe_gpi_mult': 0.6356277120832605}. Best is trial 321 with value: 0.1650403827547928.
[I 2026-05-28 01:27:58,156] Trial 341 finished with value: 1000000.0 and parameters: {'ISTN': 60.19949756450751, 'I_gpe': 1.1788241903507537, 'I_gpi': 2.297075847953158, 'noise_stn_sigma': 3.829362638497453, 'noise_gpe_sigma': 91.18967179310008, 'noise_gpi_sigma': 78.77915442915089, 'g_stn_gpe_mult': 2.9999843720932677, 'g_gpe_stn_mult': 0.1468730703098688, 'g_stn_gpi_mult': 1.9515990306591684, 'g_gpe_gpi_mult': 0.7106572624194147}. Best is trial 321 with value: 0.1650403827547928.
[I 2026-05-28 01:27:59,166] Trial 342 finished with value: 0.24320272885601668 and parameters: {'ISTN': 61.04101790752339, 'I_gpe': 1.2319497747337664, 'I_gpi': 2.568525407596564, 'noise_stn_sigma': 4.236419669056141, 'noise_gpe_sigma': 82.54075325584054, 'noise_gpi_sigma': 103.07068278990458, 'g_stn_gpe_mult': 2.9379355272024585, 'g_gpe_stn_mult': 0.21356986439978212, 'g_stn_gpi_mult': 1.8873157207470053, 'g_gpe_gpi_mult': 0.7284824746187164}. Best is trial 321 with value: 0.1650403827547928.
[I 2026-05-28 01:28:00,173] Trial 343 finished with value: 0.1995626498006663 and parameters: {'ISTN': 64.29629014193685, 'I_gpe': 1.1210440888896502, 'I_gpi': 2.2700414698007165, 'noise_stn_sigma': 3.5126863343408354, 'noise_gpe_sigma': 85.03146582182309, 'noise_gpi_sigma': 78.36164906935412, 'g_stn_gpe_mult': 3.0962142878932735, 'g_gpe_stn_mult': 0.15781222783110152, 'g_stn_gpi_mult': 1.8903470992369447, 'g_gpe_gpi_mult': 0.7173072124448097}. Best is trial 321 with value: 0.1650403827547928.
[I 2026-05-28 01:28:01,177] Trial 344 finished with value: 0.20985948798022566 and parameters: {'ISTN': 63.6937892467972, 'I_gpe': 1.2496038755887207, 'I_gpi': 2.349020135606115, 'noise_stn_sigma': 3.712764518456114, 'noise_gpe_sigma': 70.69369792219295, 'noise_gpi_sigma': 83.99932020368561, 'g_stn_gpe_mult': 3.1016066289458513, 'g_gpe_stn_mult': 0.16361554926099287, 'g_stn_gpi_mult': 1.8838010873199802, 'g_gpe_gpi_mult': 0.7524961587830257}. Best is trial 321 with value: 0.1650403827547928.
[I 2026-05-28 01:28:02,180] Trial 345 finished with value: 0.1965710288360966 and parameters: {'ISTN': 64.09539383513966, 'I_gpe': 1.3005845445758402, 'I_gpi': 1.9409085590080135, 'noise_stn_sigma': 3.53283729306377, 'noise_gpe_sigma': 80.62054878356157, 'noise_gpi_sigma': 85.33750142078111, 'g_stn_gpe_mult': 3.0993490753583046, 'g_gpe_stn_mult': 0.1453341039481893, 'g_stn_gpi_mult': 2.1071792429289196, 'g_gpe_gpi_mult': 0.7754775034121246}. Best is trial 321 with value: 0.1650403827547928.
[I 2026-05-28 01:28:03,186] Trial 346 finished with value: 0.2207612203112294 and parameters: {'ISTN': 60.95744272267279, 'I_gpe': 1.088723467774227, 'I_gpi': 2.6191971840093053, 'noise_stn_sigma': 4.185977431050951, 'noise_gpe_sigma': 82.83809007054214, 'noise_gpi_sigma': 108.6092566308964, 'g_stn_gpe_mult': 3.221993382673868, 'g_gpe_stn_mult': 0.12347793974097329, 'g_stn_gpi_mult': 1.7581097299711095, 'g_gpe_gpi_mult': 0.7252151025893181}. Best is trial 321 with value: 0.1650403827547928.
[I 2026-05-28 01:28:04,192] Trial 347 finished with value: 1.0998581624802668 and parameters: {'ISTN': 61.64109086254462, 'I_gpe': 1.4347309916729172, 'I_gpi': 2.2291373570720925, 'noise_stn_sigma': 3.8390306874285027, 'noise_gpe_sigma': 80.43151917719051, 'noise_gpi_sigma': 103.74175802032167, 'g_stn_gpe_mult': 2.8006262887156907, 'g_gpe_stn_mult': 0.156298882126322, 'g_stn_gpi_mult': 2.0033008836091097, 'g_gpe_gpi_mult': 0.6940507454114656}. Best is trial 321 with value: 0.1650403827547928.
[I 2026-05-28 01:28:05,197] Trial 348 finished with value: 0.2363676376088314 and parameters: {'ISTN': 64.35216615098932, 'I_gpe': 1.1695375665050822, 'I_gpi': 2.4276852803277214, 'noise_stn_sigma': 4.000477889174867, 'noise_gpe_sigma': 87.04616591858755, 'noise_gpi_sigma': 90.00754531955657, 'g_stn_gpe_mult': 2.9105159241658134, 'g_gpe_stn_mult': 0.16896431637023968, 'g_stn_gpi_mult': 1.8221425133578286, 'g_gpe_gpi_mult': 0.7286713847013917}. Best is trial 321 with value: 0.1650403827547928.
[I 2026-05-28 01:28:06,141] Trial 349 finished with value: 1000000.0 and parameters: {'ISTN': 60.515222177584796, 'I_gpe': 1.2093502847356734, 'I_gpi': 2.075976441220753, 'noise_stn_sigma': 3.910142135158022, 'noise_gpe_sigma': 80.70964485229369, 'noise_gpi_sigma': 98.17989804018855, 'g_stn_gpe_mult': 2.6052492404536274, 'g_gpe_stn_mult': 0.14362131259369634, 'g_stn_gpi_mult': 2.016650908941317, 'g_gpe_gpi_mult': 0.7171813673958038}. Best is trial 321 with value: 0.1650403827547928.
[I 2026-05-28 01:28:07,148] Trial 350 finished with value: 1.0398451304820173 and parameters: {'ISTN': 60.60976351272773, 'I_gpe': 1.1620932101238781, 'I_gpi': 2.208917564630477, 'noise_stn_sigma': 3.7123869282486557, 'noise_gpe_sigma': 79.7158707264874, 'noise_gpi_sigma': 80.27047086052634, 'g_stn_gpe_mult': 3.3807813163623432, 'g_gpe_stn_mult': 0.14869613774489762, 'g_stn_gpi_mult': 2.388413904672933, 'g_gpe_gpi_mult': 0.7947761762381462}. Best is trial 321 with value: 0.1650403827547928.
[I 2026-05-28 01:28:08,157] Trial 351 finished with value: 0.22570486691454753 and parameters: {'ISTN': 64.87336795487666, 'I_gpe': 1.3083554922758376, 'I_gpi': 2.1809148318856444, 'noise_stn_sigma': 3.7704058113546792, 'noise_gpe_sigma': 77.57899670531815, 'noise_gpi_sigma': 89.54461719822281, 'g_stn_gpe_mult': 3.18892220067826, 'g_gpe_stn_mult': 0.1579120164903543, 'g_stn_gpi_mult': 1.9030572934134733, 'g_gpe_gpi_mult': 0.7224268478279561}. Best is trial 321 with value: 0.1650403827547928.
