[I 2026-05-28 02:12:25,262] Trial 968 finished with value: 0.7441065318850675 and parameters: {'ISTN': 64.53948391047112, 'I_gpe': 0.8766588236877213, 'I_gpi': 2.8776488204935733, 'noise_stn_sigma': 5.359996926674362, 'noise_gpe_sigma': 106.56575288469296, 'noise_gpi_sigma': 96.9900610342904, 'g_stn_gpe_mult': 2.1577039074860105, 'g_gpe_stn_mult': 0.2564626788730472, 'g_stn_gpi_mult': 2.74955165395275, 'g_gpe_gpi_mult': 0.8894866883343713}. Best is trial 98 with value: 0.5979484317983877.
[I 2026-05-28 02:12:26,271] Trial 969 finished with value: 0.8608615422234912 and parameters: {'ISTN': 64.78902002618378, 'I_gpe': 0.8689712153788018, 'I_gpi': 2.998004464211662, 'noise_stn_sigma': 5.343993907611255, 'noise_gpe_sigma': 102.64445074061133, 'noise_gpi_sigma': 97.31655833280625, 'g_stn_gpe_mult': 2.0980937848810526, 'g_gpe_stn_mult': 0.2614917800166675, 'g_stn_gpi_mult': 2.7354006612172475, 'g_gpe_gpi_mult': 0.8980654683193969}. Best is trial 98 with value: 0.5979484317983877.
[I 2026-05-28 02:12:27,279] Trial 970 finished with value: 1.1390209126662976 and parameters: {'ISTN': 65.41898502273634, 'I_gpe': 0.8814253474121008, 'I_gpi': 2.931429841388838, 'noise_stn_sigma': 5.136951925626003, 'noise_gpe_sigma': 104.71475298590153, 'noise_gpi_sigma': 98.00764524298405, 'g_stn_gpe_mult': 2.0177686307444436, 'g_gpe_stn_mult': 0.260618112279844, 'g_stn_gpi_mult': 2.7835388998114126, 'g_gpe_gpi_mult': 0.8842361687223976}. Best is trial 98 with value: 0.5979484317983877.
[I 2026-05-28 02:12:28,289] Trial 971 finished with value: 18.51404631134366 and parameters: {'ISTN': 63.78493203725982, 'I_gpe': 0.8266704252326282, 'I_gpi': 2.9072068314438444, 'noise_stn_sigma': 5.293561291701921, 'noise_gpe_sigma': 108.39922445921118, 'noise_gpi_sigma': 98.17176379358212, 'g_stn_gpe_mult': 2.1474848633922616, 'g_gpe_stn_mult': 0.2539370590200426, 'g_stn_gpi_mult': 2.7611986618319238, 'g_gpe_gpi_mult': 0.8970507792846742}. Best is trial 98 with value: 0.5979484317983877.
[I 2026-05-28 02:12:29,294] Trial 972 finished with value: 0.8206006676725074 and parameters: {'ISTN': 64.95159246862896, 'I_gpe': 0.8558970175255033, 'I_gpi': 2.942410869483197, 'noise_stn_sigma': 5.257906055798665, 'noise_gpe_sigma': 104.51988090632776, 'noise_gpi_sigma': 95.03197453901291, 'g_stn_gpe_mult': 2.1328346490620778, 'g_gpe_stn_mult': 0.2574175177117485, 'g_stn_gpi_mult': 2.7193545964293255, 'g_gpe_gpi_mult': 0.9066392280816749}. Best is trial 98 with value: 0.5979484317983877.
[I 2026-05-28 02:12:30,302] Trial 973 finished with value: 0.7845961509273245 and parameters: {'ISTN': 64.43126881445765, 'I_gpe': 0.8732970399873863, 'I_gpi': 2.900535269210338, 'noise_stn_sigma': 5.253905768400056, 'noise_gpe_sigma': 107.35383825401873, 'noise_gpi_sigma': 98.32710894413455, 'g_stn_gpe_mult': 2.19430227579222, 'g_gpe_stn_mult': 0.25859248336373764, 'g_stn_gpi_mult': 2.7346501714373126, 'g_gpe_gpi_mult': 0.8865989899680227}. Best is trial 98 with value: 0.5979484317983877.
[I 2026-05-28 02:12:31,310] Trial 974 finished with value: 26.974713745859557 and parameters: {'ISTN': 63.969902041221246, 'I_gpe': 0.873562145082902, 'I_gpi': 2.799694214003094, 'noise_stn_sigma': 5.2895564124692935, 'noise_gpe_sigma': 110.56441339101578, 'noise_gpi_sigma': 98.7086947541287, 'g_stn_gpe_mult': 2.332311852980112, 'g_gpe_stn_mult': 0.2560132802003094, 'g_stn_gpi_mult': 2.5604738959778577, 'g_gpe_gpi_mult': 0.8931035994955363}. Best is trial 98 with value: 0.5979484317983877.
[I 2026-05-28 02:12:32,317] Trial 975 finished with value: 0.8497632712302087 and parameters: {'ISTN': 65.01002600022592, 'I_gpe': 0.8564818525289841, 'I_gpi': 2.958495256205456, 'noise_stn_sigma': 5.339895996973496, 'noise_gpe_sigma': 104.39358663131706, 'noise_gpi_sigma': 96.00314209677339, 'g_stn_gpe_mult': 2.147228649539814, 'g_gpe_stn_mult': 0.2621430696642783, 'g_stn_gpi_mult': 2.729087311126253, 'g_gpe_gpi_mult': 0.8951547220021414}. Best is trial 98 with value: 0.5979484317983877.
[I 2026-05-28 02:12:33,325] Trial 976 finished with value: 0.8599945711013773 and parameters: {'ISTN': 64.90258212112323, 'I_gpe': 0.8385633698060768, 'I_gpi': 3.0105292673082444, 'noise_stn_sigma': 5.297320246440311, 'noise_gpe_sigma': 104.09416550636094, 'noise_gpi_sigma': 98.2036664474743, 'g_stn_gpe_mult': 2.1367329403235122, 'g_gpe_stn_mult': 0.2560052386820196, 'g_stn_gpi_mult': 2.806506061621767, 'g_gpe_gpi_mult': 0.8930380316252644}. Best is trial 98 with value: 0.5979484317983877.
[I 2026-05-28 02:12:34,331] Trial 977 finished with value: 0.803421949322335 and parameters: {'ISTN': 64.38675500794486, 'I_gpe': 0.8647475659084156, 'I_gpi': 2.9327155762350787, 'noise_stn_sigma': 5.299057825471124, 'noise_gpe_sigma': 105.27155270317812, 'noise_gpi_sigma': 96.08670689792295, 'g_stn_gpe_mult': 2.0596653541370187, 'g_gpe_stn_mult': 0.27085722150961744, 'g_stn_gpi_mult': 2.7824065467485672, 'g_gpe_gpi_mult': 0.9052949984749494}. Best is trial 98 with value: 0.5979484317983877.
[I 2026-05-28 02:12:35,340] Trial 978 finished with value: 0.8234310458811591 and parameters: {'ISTN': 64.79217666771409, 'I_gpe': 0.8641801375564753, 'I_gpi': 2.965991897142503, 'noise_stn_sigma': 5.3043220428869455, 'noise_gpe_sigma': 102.88930761453418, 'noise_gpi_sigma': 95.56253965362261, 'g_stn_gpe_mult': 2.035905130471799, 'g_gpe_stn_mult': 0.25182863061487315, 'g_stn_gpi_mult': 2.8400894606905585, 'g_gpe_gpi_mult': 0.8919522807032043}. Best is trial 98 with value: 0.5979484317983877.
[I 2026-05-28 02:12:36,349] Trial 979 finished with value: 3.376180512343984 and parameters: {'ISTN': 65.7222537255882, 'I_gpe': 0.8636107872246179, 'I_gpi': 2.8970131112544752, 'noise_stn_sigma': 5.345401706749683, 'noise_gpe_sigma': 106.9912338025258, 'noise_gpi_sigma': 98.22624777986884, 'g_stn_gpe_mult': 2.17991825162332, 'g_gpe_stn_mult': 0.25408278095250314, 'g_stn_gpi_mult': 2.702610683440408, 'g_gpe_gpi_mult': 0.8785372041829702}. Best is trial 98 with value: 0.5979484317983877.
[I 2026-05-28 02:12:37,354] Trial 980 finished with value: 2.843264273002718 and parameters: {'ISTN': 64.32328184071301, 'I_gpe': 0.9042423757585684, 'I_gpi': 2.8582935841117685, 'noise_stn_sigma': 5.362947084076193, 'noise_gpe_sigma': 105.3916245597859, 'noise_gpi_sigma': 97.18109453106435, 'g_stn_gpe_mult': 2.132658233614196, 'g_gpe_stn_mult': 0.2726611180432606, 'g_stn_gpi_mult': 2.7401327415999757, 'g_gpe_gpi_mult': 0.889941392539833}. Best is trial 98 with value: 0.5979484317983877.
[I 2026-05-28 02:12:38,364] Trial 981 finished with value: 0.9621288873788874 and parameters: {'ISTN': 65.20194634592615, 'I_gpe': 0.8300668232583667, 'I_gpi': 2.9178029148010376, 'noise_stn_sigma': 5.366882012817221, 'noise_gpe_sigma': 107.74315236171662, 'noise_gpi_sigma': 98.24733171469556, 'g_stn_gpe_mult': 2.1795126722846674, 'g_gpe_stn_mult': 0.25499813483034484, 'g_stn_gpi_mult': 2.7648156566009616, 'g_gpe_gpi_mult': 0.8928552886533769}. Best is trial 98 with value: 0.5979484317983877.
[I 2026-05-28 02:12:39,370] Trial 982 finished with value: 6.519447516323768 and parameters: {'ISTN': 65.64605626336316, 'I_gpe': 0.9040229138015441, 'I_gpi': 2.94680494675778, 'noise_stn_sigma': 5.566949713827133, 'noise_gpe_sigma': 105.45497740114386, 'noise_gpi_sigma': 97.00066839177215, 'g_stn_gpe_mult': 2.1014383724639973, 'g_gpe_stn_mult': 0.2616310440626588, 'g_stn_gpi_mult': 2.72827182428838, 'g_gpe_gpi_mult': 0.8879753026341637}. Best is trial 98 with value: 0.5979484317983877.
[I 2026-05-28 02:12:40,376] Trial 983 finished with value: 5.386734469761712 and parameters: {'ISTN': 63.65759526651435, 'I_gpe': 0.9088217620590882, 'I_gpi': 2.910218035992049, 'noise_stn_sigma': 5.389501548755105, 'noise_gpe_sigma': 103.91011995602658, 'noise_gpi_sigma': 95.8918991972609, 'g_stn_gpe_mult': 2.072281103478734, 'g_gpe_stn_mult': 0.2643457605496095, 'g_stn_gpi_mult': 2.774751909456334, 'g_gpe_gpi_mult': 0.8978437377315691}. Best is trial 98 with value: 0.5979484317983877.
[I 2026-05-28 02:12:41,383] Trial 984 finished with value: 1.1086141758954808 and parameters: {'ISTN': 64.3714847290887, 'I_gpe': 0.8669895699080103, 'I_gpi': 2.940944993503863, 'noise_stn_sigma': 5.39386535248447, 'noise_gpe_sigma': 103.30790585786818, 'noise_gpi_sigma': 95.35905151932455, 'g_stn_gpe_mult': 2.107497715666461, 'g_gpe_stn_mult': 0.2574173716590542, 'g_stn_gpi_mult': 2.800303721111414, 'g_gpe_gpi_mult': 0.8936541896330139}. Best is trial 98 with value: 0.5979484317983877.
[I 2026-05-28 02:12:42,392] Trial 985 finished with value: 1.7448267911307829 and parameters: {'ISTN': 64.7392319915548, 'I_gpe': 0.8897221655190002, 'I_gpi': 2.914389494284917, 'noise_stn_sigma': 5.373144267927124, 'noise_gpe_sigma': 107.07897495068, 'noise_gpi_sigma': 95.76779455673297, 'g_stn_gpe_mult': 2.15705938719943, 'g_gpe_stn_mult': 0.2560880657823007, 'g_stn_gpi_mult': 2.6671701573259727, 'g_gpe_gpi_mult': 0.899460268559733}. Best is trial 98 with value: 0.5979484317983877.
[I 2026-05-28 02:12:43,400] Trial 986 finished with value: 0.7789703458178462 and parameters: {'ISTN': 64.58117200234342, 'I_gpe': 0.8805964694140979, 'I_gpi': 2.8848055088407003, 'noise_stn_sigma': 5.230856774057253, 'noise_gpe_sigma': 105.00803959465983, 'noise_gpi_sigma': 97.18630480728626, 'g_stn_gpe_mult': 2.090184325138487, 'g_gpe_stn_mult': 0.26704579302608344, 'g_stn_gpi_mult': 2.7569986013944594, 'g_gpe_gpi_mult': 0.9035672569119306}. Best is trial 98 with value: 0.5979484317983877.
[I 2026-05-28 02:12:44,405] Trial 987 finished with value: 3.1692577720333643 and parameters: {'ISTN': 64.79047857244908, 'I_gpe': 0.8702767044292472, 'I_gpi': 2.9003022938583864, 'noise_stn_sigma': 5.261441792571703, 'noise_gpe_sigma': 108.79633749971231, 'noise_gpi_sigma': 97.96526306054447, 'g_stn_gpe_mult': 2.2001645219599753, 'g_gpe_stn_mult': 0.2686423336886007, 'g_stn_gpi_mult': 2.6799163029081328, 'g_gpe_gpi_mult': 0.8905557015760193}. Best is trial 98 with value: 0.5979484317983877.
[I 2026-05-28 02:12:45,412] Trial 988 finished with value: 0.7923116068726936 and parameters: {'ISTN': 64.47815145041442, 'I_gpe': 0.8644168488613557, 'I_gpi': 2.944239844027061, 'noise_stn_sigma': 5.348465849386159, 'noise_gpe_sigma': 102.9731732786306, 'noise_gpi_sigma': 95.54471627403282, 'g_stn_gpe_mult': 2.111681185531175, 'g_gpe_stn_mult': 0.2566624697204149, 'g_stn_gpi_mult': 2.787996510351145, 'g_gpe_gpi_mult': 0.9097789397337246}. Best is trial 98 with value: 0.5979484317983877.
[I 2026-05-28 02:12:46,417] Trial 989 finished with value: 25.586665001031715 and parameters: {'ISTN': 63.280268805126056, 'I_gpe': 0.9018354657302399, 'I_gpi': 2.9216588364610474, 'noise_stn_sigma': 5.325537194391547, 'noise_gpe_sigma': 112.06933228220521, 'noise_gpi_sigma': 98.28069337860158, 'g_stn_gpe_mult': 2.1212736209133762, 'g_gpe_stn_mult': 0.2678293763467378, 'g_stn_gpi_mult': 2.753317517444227, 'g_gpe_gpi_mult': 0.8883451959605657}. Best is trial 98 with value: 0.5979484317983877.
[I 2026-05-28 02:12:47,425] Trial 990 finished with value: 2.6579451656682114 and parameters: {'ISTN': 65.6264768489077, 'I_gpe': 0.8706675958199579, 'I_gpi': 2.880917452999431, 'noise_stn_sigma': 5.2098513155007, 'noise_gpe_sigma': 107.70773985390086, 'noise_gpi_sigma': 97.52790833532478, 'g_stn_gpe_mult': 2.143014340231952, 'g_gpe_stn_mult': 0.25335923537623645, 'g_stn_gpi_mult': 2.7666658887256372, 'g_gpe_gpi_mult': 0.8943018288918874}. Best is trial 98 with value: 0.5979484317983877.
[I 2026-05-28 02:12:48,434] Trial 991 finished with value: 0.8049263471613475 and parameters: {'ISTN': 64.55522933711353, 'I_gpe': 0.8730503941816377, 'I_gpi': 2.930479905332417, 'noise_stn_sigma': 5.4627931193192785, 'noise_gpe_sigma': 102.14024718026009, 'noise_gpi_sigma': 96.52907555289768, 'g_stn_gpe_mult': 2.1249058134661754, 'g_gpe_stn_mult': 0.26004897553675427, 'g_stn_gpi_mult': 2.7904719141105216, 'g_gpe_gpi_mult': 0.8918700714444487}. Best is trial 98 with value: 0.5979484317983877.
[I 2026-05-28 02:12:49,442] Trial 992 finished with value: 3.508046392307995 and parameters: {'ISTN': 64.14233792126831, 'I_gpe': 0.8678062794673997, 'I_gpi': 2.8423374669604122, 'noise_stn_sigma': 5.401210212897707, 'noise_gpe_sigma': 106.14191324554946, 'noise_gpi_sigma': 97.40657512276096, 'g_stn_gpe_mult': 2.1339838459882983, 'g_gpe_stn_mult': 0.25593800877080686, 'g_stn_gpi_mult': 2.656756479938021, 'g_gpe_gpi_mult': 0.9098501803061811}. Best is trial 98 with value: 0.5979484317983877.
[I 2026-05-28 02:12:50,451] Trial 993 finished with value: 0.7915754335581991 and parameters: {'ISTN': 64.90198806458018, 'I_gpe': 0.8277938204534495, 'I_gpi': 2.8716448946275435, 'noise_stn_sigma': 5.179658331307114, 'noise_gpe_sigma': 105.93107307796548, 'noise_gpi_sigma': 96.85894153997064, 'g_stn_gpe_mult': 2.1627050859365724, 'g_gpe_stn_mult': 0.2640237281296248, 'g_stn_gpi_mult': 2.802789924878409, 'g_gpe_gpi_mult': 0.9098107852497124}. Best is trial 98 with value: 0.5979484317983877.
[I 2026-05-28 02:12:51,459] Trial 994 finished with value: 0.9077335814704449 and parameters: {'ISTN': 65.59946639240516, 'I_gpe': 0.8410996461235699, 'I_gpi': 2.860337813075594, 'noise_stn_sigma': 5.335336593920086, 'noise_gpe_sigma': 106.45439672289325, 'noise_gpi_sigma': 97.55747245830781, 'g_stn_gpe_mult': 2.19764359995017, 'g_gpe_stn_mult': 0.2431539113936988, 'g_stn_gpi_mult': 2.6871296872587203, 'g_gpe_gpi_mult': 0.8987449324363257}. Best is trial 98 with value: 0.5979484317983877.
[I 2026-05-28 02:12:52,469] Trial 995 finished with value: 0.830436498844406 and parameters: {'ISTN': 64.35482979424172, 'I_gpe': 0.865195359829954, 'I_gpi': 2.996457652238193, 'noise_stn_sigma': 5.290459411249275, 'noise_gpe_sigma': 105.38952043447713, 'noise_gpi_sigma': 95.65182105035551, 'g_stn_gpe_mult': 2.066882436634335, 'g_gpe_stn_mult': 0.2649897944122764, 'g_stn_gpi_mult': 2.7551154250256245, 'g_gpe_gpi_mult': 0.890588827274462}. Best is trial 98 with value: 0.5979484317983877.
[I 2026-05-28 02:12:53,477] Trial 996 finished with value: 0.7473114456838552 and parameters: {'ISTN': 64.13590940568835, 'I_gpe': 0.8593993023879308, 'I_gpi': 2.9094607417970177, 'noise_stn_sigma': 5.268487687548463, 'noise_gpe_sigma': 105.74851235443361, 'noise_gpi_sigma': 96.09638028576964, 'g_stn_gpe_mult': 2.1357858661342286, 'g_gpe_stn_mult': 0.2613265808153709, 'g_stn_gpi_mult': 2.8124814220580037, 'g_gpe_gpi_mult': 0.9047810376534895}. Best is trial 98 with value: 0.5979484317983877.
[I 2026-05-28 02:12:54,487] Trial 997 finished with value: 0.8227348002215037 and parameters: {'ISTN': 65.59303822224103, 'I_gpe': 0.8549027688962617, 'I_gpi': 2.932026624314255, 'noise_stn_sigma': 5.298633281547168, 'noise_gpe_sigma': 104.50034723873425, 'noise_gpi_sigma': 97.89159022366991, 'g_stn_gpe_mult': 2.107514770281125, 'g_gpe_stn_mult': 0.2446623179348151, 'g_stn_gpi_mult': 2.77113506073083, 'g_gpe_gpi_mult': 0.9076997677783298}. Best is trial 98 with value: 0.5979484317983877.
[I 2026-05-28 02:12:55,497] Trial 998 finished with value: 0.8003008219370652 and parameters: {'ISTN': 64.81126167476715, 'I_gpe': 0.8790162835230341, 'I_gpi': 2.888276629977734, 'noise_stn_sigma': 5.350688345795995, 'noise_gpe_sigma': 102.20405772411551, 'noise_gpi_sigma': 94.10985397015297, 'g_stn_gpe_mult': 2.1196784154766637, 'g_gpe_stn_mult': 0.26267146719186607, 'g_stn_gpi_mult': 2.8181340404971613, 'g_gpe_gpi_mult': 0.9064202772952754}. Best is trial 98 with value: 0.5979484317983877.
[I 2026-05-28 02:12:56,505] Trial 999 finished with value: 0.7607418228109912 and parameters: {'ISTN': 64.87890743180445, 'I_gpe': 0.8470868541205775, 'I_gpi': 2.903085834247425, 'noise_stn_sigma': 5.2220081631039035, 'noise_gpe_sigma': 105.39661121258085, 'noise_gpi_sigma': 97.09826441476407, 'g_stn_gpe_mult': 2.0667790584158077, 'g_gpe_stn_mult': 0.2474732790082359, 'g_stn_gpi_mult': 2.813342362706096, 'g_gpe_gpi_mult': 0.9041203002065072}. Best is trial 98 with value: 0.5979484317983877.
Condition: weights_high_beta
Seed: 42, Trials: 1000
Bounds:
  ISTN: [60.0, 150.0]
  I_gpe: [0.5, 4.0]
  I_gpi: [1.0, 5.0]
  noise_stn_sigma: [1.0, 8.0]
  noise_gpe_sigma: [20.0, 150.0]
  noise_gpi_sigma: [20.0, 150.0]
  g_stn_gpe_mult: [1.5, 5.0]
  g_gpe_stn_mult: [0.1, 0.8]
  g_stn_gpi_mult: [1.0, 4.0]
  g_gpe_gpi_mult: [0.2, 1.2]
Weights: {'rate': 5.0, 'cv': 0.2, 'beta': 50.0}
JAX devices: [CudaDevice(id=0)]

Building simulator...
Warming up JIT...
JIT ready.


============================================================
DONE: weights_high_beta (seed=42)
  Time: 16.8 min
  Best loss: 0.5979
  STN: 30.9 Hz (target 27.5)
  GPe: 37.5 Hz (target 42.5)
  GPi: 104.3 Hz (target 82.5)
  GPe beta: 20.4%
  STN beta: 37.6%
  Synaptic multipliers:
    g_stn_gpe_mult: 1.747
    g_gpe_stn_mult: 0.230
    g_stn_gpi_mult: 3.195
    g_gpe_gpi_mult: 0.691
  Saved: results/sensitivity/weights/high_beta.pkl
