[I 2026-05-28 01:25:12,539] Trial 176 finished with value: 9.5643476873426 and parameters: {'ISTN': 66.69870649172633, 'I_gpe': 1.2950251607439738, 'I_gpi': 1.228512439923621, 'noise_stn_sigma': 3.8416189963239145, 'noise_gpe_sigma': 84.47018754188286, 'noise_gpi_sigma': 69.27519063553174, 'g_stn_gpe_mult': 2.146527834264493, 'g_gpe_stn_mult': 0.17940837219860245, 'g_stn_gpi_mult': 1.7817216900779904, 'g_gpe_gpi_mult': 0.7002339890452247}. Best is trial 151 with value: 0.41352779491411806.
[I 2026-05-28 01:25:13,541] Trial 177 finished with value: 3.0800294974559215 and parameters: {'ISTN': 64.01826989751004, 'I_gpe': 1.0566988234575594, 'I_gpi': 1.0459343252872855, 'noise_stn_sigma': 3.141871350869583, 'noise_gpe_sigma': 91.29319292063353, 'noise_gpi_sigma': 62.33014902473148, 'g_stn_gpe_mult': 1.921220995335214, 'g_gpe_stn_mult': 0.19471358886648252, 'g_stn_gpi_mult': 1.8105066259012075, 'g_gpe_gpi_mult': 0.7349997911750796}. Best is trial 151 with value: 0.41352779491411806.
[I 2026-05-28 01:25:14,546] Trial 178 finished with value: 5.357342467969863 and parameters: {'ISTN': 64.6835946159917, 'I_gpe': 1.3166322346531065, 'I_gpi': 1.3216134817014014, 'noise_stn_sigma': 3.8459712549403373, 'noise_gpe_sigma': 69.19986035981177, 'noise_gpi_sigma': 65.22098667741676, 'g_stn_gpe_mult': 1.9945892804701173, 'g_gpe_stn_mult': 0.12909623017328475, 'g_stn_gpi_mult': 1.364147100154287, 'g_gpe_gpi_mult': 0.8044841279683326}. Best is trial 151 with value: 0.41352779491411806.
[I 2026-05-28 01:25:15,550] Trial 179 finished with value: 13.444723647020218 and parameters: {'ISTN': 75.27961613540089, 'I_gpe': 1.445104676406229, 'I_gpi': 1.5723390033243345, 'noise_stn_sigma': 4.796386644712159, 'noise_gpe_sigma': 77.22424053011336, 'noise_gpi_sigma': 56.990360686192744, 'g_stn_gpe_mult': 2.9452688002769714, 'g_gpe_stn_mult': 0.1707035217862068, 'g_stn_gpi_mult': 1.9976792541710098, 'g_gpe_gpi_mult': 0.8449835842471141}. Best is trial 151 with value: 0.41352779491411806.
[I 2026-05-28 01:25:16,555] Trial 180 finished with value: 12.648121265127056 and parameters: {'ISTN': 78.20482320713387, 'I_gpe': 1.1453237806719039, 'I_gpi': 1.4487982160646888, 'noise_stn_sigma': 5.036603550551046, 'noise_gpe_sigma': 92.68889655860691, 'noise_gpi_sigma': 76.08899466525216, 'g_stn_gpe_mult': 2.089639427629313, 'g_gpe_stn_mult': 0.11962995047573302, 'g_stn_gpi_mult': 1.6574262307116632, 'g_gpe_gpi_mult': 0.7449466126457605}. Best is trial 151 with value: 0.41352779491411806.
[I 2026-05-28 01:25:17,561] Trial 181 finished with value: 10.659146683048029 and parameters: {'ISTN': 65.44704934248995, 'I_gpe': 1.411925929111631, 'I_gpi': 1.0407898855815596, 'noise_stn_sigma': 3.1836174482558572, 'noise_gpe_sigma': 68.1695672335967, 'noise_gpi_sigma': 53.06116449231956, 'g_stn_gpe_mult': 2.419965952224369, 'g_gpe_stn_mult': 0.22843547549077844, 'g_stn_gpi_mult': 1.129711167339007, 'g_gpe_gpi_mult': 0.7623108343077243}. Best is trial 151 with value: 0.41352779491411806.
[I 2026-05-28 01:25:18,565] Trial 182 finished with value: 7.3801909419436456 and parameters: {'ISTN': 66.6259407907139, 'I_gpe': 1.1651327038147232, 'I_gpi': 1.4524949323602259, 'noise_stn_sigma': 3.5452591347155353, 'noise_gpe_sigma': 81.22136647858534, 'noise_gpi_sigma': 62.19102498363591, 'g_stn_gpe_mult': 1.941214806545847, 'g_gpe_stn_mult': 0.1727169072226492, 'g_stn_gpi_mult': 1.5997400454812154, 'g_gpe_gpi_mult': 0.6758696681224114}. Best is trial 151 with value: 0.41352779491411806.
[I 2026-05-28 01:25:19,568] Trial 183 finished with value: 2.463778395447454 and parameters: {'ISTN': 65.527045740246, 'I_gpe': 0.9239383520846844, 'I_gpi': 1.2417119319416579, 'noise_stn_sigma': 3.374051894949696, 'noise_gpe_sigma': 72.90365866813751, 'noise_gpi_sigma': 61.93079027482615, 'g_stn_gpe_mult': 2.203831739958245, 'g_gpe_stn_mult': 0.12083378359147207, 'g_stn_gpi_mult': 1.6396465362381467, 'g_gpe_gpi_mult': 0.6895790557899268}. Best is trial 151 with value: 0.41352779491411806.
[I 2026-05-28 01:25:20,573] Trial 184 finished with value: 0.298657288720694 and parameters: {'ISTN': 62.45983692477594, 'I_gpe': 1.3520711798394396, 'I_gpi': 1.6689475728800383, 'noise_stn_sigma': 4.266014216185729, 'noise_gpe_sigma': 81.7013711603347, 'noise_gpi_sigma': 57.202298917978936, 'g_stn_gpe_mult': 2.081078058162434, 'g_gpe_stn_mult': 0.1761325765757616, 'g_stn_gpi_mult': 1.4505417718721527, 'g_gpe_gpi_mult': 0.7125916262219743}. Best is trial 184 with value: 0.298657288720694.
[I 2026-05-28 01:25:21,577] Trial 185 finished with value: 3.2405877112218433 and parameters: {'ISTN': 71.35496330647803, 'I_gpe': 0.7667081795523377, 'I_gpi': 1.3263561426243697, 'noise_stn_sigma': 3.690659099384176, 'noise_gpe_sigma': 92.29988846669528, 'noise_gpi_sigma': 67.36705111975294, 'g_stn_gpe_mult': 2.2150238367430735, 'g_gpe_stn_mult': 0.1529117837319825, 'g_stn_gpi_mult': 1.5987825111888738, 'g_gpe_gpi_mult': 0.7061167369516164}. Best is trial 184 with value: 0.298657288720694.
[I 2026-05-28 01:25:22,583] Trial 186 finished with value: 11.78650853718187 and parameters: {'ISTN': 70.97519782404882, 'I_gpe': 0.823769588442651, 'I_gpi': 1.4117428299776442, 'noise_stn_sigma': 3.473210354806909, 'noise_gpe_sigma': 92.02692270717408, 'noise_gpi_sigma': 65.67745204327444, 'g_stn_gpe_mult': 2.336326609322725, 'g_gpe_stn_mult': 0.23778922504132569, 'g_stn_gpi_mult': 1.6301208534297773, 'g_gpe_gpi_mult': 0.8284676132926936}. Best is trial 184 with value: 0.298657288720694.
[I 2026-05-28 01:25:23,587] Trial 187 finished with value: 8.474906075657652 and parameters: {'ISTN': 67.23041627134451, 'I_gpe': 1.214122509892492, 'I_gpi': 1.3668636634352118, 'noise_stn_sigma': 3.5828354913348455, 'noise_gpe_sigma': 77.67739195353005, 'noise_gpi_sigma': 62.662140590407446, 'g_stn_gpe_mult': 1.9939330725065774, 'g_gpe_stn_mult': 0.24795626663041767, 'g_stn_gpi_mult': 1.5527611570978501, 'g_gpe_gpi_mult': 0.7855305379989335}. Best is trial 184 with value: 0.298657288720694.
[I 2026-05-28 01:25:24,593] Trial 188 finished with value: 12.939263974346241 and parameters: {'ISTN': 70.97469334568751, 'I_gpe': 1.2215129221645151, 'I_gpi': 1.3717076850857122, 'noise_stn_sigma': 4.770766015680494, 'noise_gpe_sigma': 83.25206106075515, 'noise_gpi_sigma': 64.12585618260385, 'g_stn_gpe_mult': 1.5795026951397466, 'g_gpe_stn_mult': 0.21012560580208528, 'g_stn_gpi_mult': 1.8796862137495962, 'g_gpe_gpi_mult': 0.7036299945690891}. Best is trial 184 with value: 0.298657288720694.
[I 2026-05-28 01:25:25,594] Trial 189 finished with value: 6.9357594653890695 and parameters: {'ISTN': 64.51538714364798, 'I_gpe': 1.3222856355099908, 'I_gpi': 1.4192752693084976, 'noise_stn_sigma': 2.9949602090799594, 'noise_gpe_sigma': 78.5871199760639, 'noise_gpi_sigma': 59.71943211920265, 'g_stn_gpe_mult': 2.9508459235381475, 'g_gpe_stn_mult': 0.23747125109460548, 'g_stn_gpi_mult': 1.6308563569584935, 'g_gpe_gpi_mult': 0.8083023222293275}. Best is trial 184 with value: 0.298657288720694.
[I 2026-05-28 01:25:26,600] Trial 190 finished with value: 0.6439024907394111 and parameters: {'ISTN': 61.3038278858037, 'I_gpe': 1.3220303474401123, 'I_gpi': 1.2055817306486314, 'noise_stn_sigma': 4.017335004976378, 'noise_gpe_sigma': 91.46222064291766, 'noise_gpi_sigma': 73.04913800821632, 'g_stn_gpe_mult': 1.8916224593120352, 'g_gpe_stn_mult': 0.1399073838490851, 'g_stn_gpi_mult': 1.6069319702249854, 'g_gpe_gpi_mult': 0.6612044339079377}. Best is trial 184 with value: 0.298657288720694.
[I 2026-05-28 01:25:27,605] Trial 191 finished with value: 5.477841193116126 and parameters: {'ISTN': 66.14060993995902, 'I_gpe': 1.0931518305436336, 'I_gpi': 1.1718776381151783, 'noise_stn_sigma': 4.496767980229706, 'noise_gpe_sigma': 104.19775490161331, 'noise_gpi_sigma': 50.94946234963636, 'g_stn_gpe_mult': 1.9726765408441735, 'g_gpe_stn_mult': 0.19363477482980773, 'g_stn_gpi_mult': 1.5802119622359814, 'g_gpe_gpi_mult': 0.7564914690732962}. Best is trial 184 with value: 0.298657288720694.
[I 2026-05-28 01:25:28,610] Trial 192 finished with value: 10.112085561306388 and parameters: {'ISTN': 66.51600944602838, 'I_gpe': 1.379441866867901, 'I_gpi': 1.2117741229683454, 'noise_stn_sigma': 3.637503179334493, 'noise_gpe_sigma': 95.06200032166538, 'noise_gpi_sigma': 68.8394670641525, 'g_stn_gpe_mult': 2.0790665721027426, 'g_gpe_stn_mult': 0.20619646002504105, 'g_stn_gpi_mult': 1.819219770286606, 'g_gpe_gpi_mult': 0.760818916084135}. Best is trial 184 with value: 0.298657288720694.
[I 2026-05-28 01:25:29,615] Trial 193 finished with value: 2.6734871349358675 and parameters: {'ISTN': 67.64247389049493, 'I_gpe': 1.1209375822882734, 'I_gpi': 1.4690392156361396, 'noise_stn_sigma': 3.63578417128483, 'noise_gpe_sigma': 79.33437778976017, 'noise_gpi_sigma': 57.79528308582003, 'g_stn_gpe_mult': 1.9337140700256081, 'g_gpe_stn_mult': 0.1509028902545325, 'g_stn_gpi_mult': 1.3711255685292607, 'g_gpe_gpi_mult': 0.6881162862643467}. Best is trial 184 with value: 0.298657288720694.
[I 2026-05-28 01:25:30,619] Trial 194 finished with value: 4.174549964023176 and parameters: {'ISTN': 64.62051930720563, 'I_gpe': 1.0769519306874065, 'I_gpi': 1.2865787478527049, 'noise_stn_sigma': 3.7795208244836376, 'noise_gpe_sigma': 82.04213611348567, 'noise_gpi_sigma': 59.847398257126365, 'g_stn_gpe_mult': 2.242581609942629, 'g_gpe_stn_mult': 0.21195375275485184, 'g_stn_gpi_mult': 2.0445290696619174, 'g_gpe_gpi_mult': 0.593356853813097}. Best is trial 184 with value: 0.298657288720694.
[I 2026-05-28 01:25:31,622] Trial 195 finished with value: 8.314259122092539 and parameters: {'ISTN': 71.7109667844554, 'I_gpe': 1.1037541173720893, 'I_gpi': 2.0023302656868127, 'noise_stn_sigma': 3.926355389690061, 'noise_gpe_sigma': 78.52346764746288, 'noise_gpi_sigma': 63.958872657108685, 'g_stn_gpe_mult': 1.8775821401211166, 'g_gpe_stn_mult': 0.18782358919488434, 'g_stn_gpi_mult': 1.6927666843126952, 'g_gpe_gpi_mult': 0.6562692788267972}. Best is trial 184 with value: 0.298657288720694.
[I 2026-05-28 01:25:32,628] Trial 196 finished with value: 8.840388479971352 and parameters: {'ISTN': 71.58969647143043, 'I_gpe': 1.030470697879209, 'I_gpi': 1.6981423109049052, 'noise_stn_sigma': 4.667163735202321, 'noise_gpe_sigma': 81.92166238670364, 'noise_gpi_sigma': 66.56820442777388, 'g_stn_gpe_mult': 2.921798084951586, 'g_gpe_stn_mult': 0.18956895585716801, 'g_stn_gpi_mult': 1.947835151169043, 'g_gpe_gpi_mult': 0.6687488951271475}. Best is trial 184 with value: 0.298657288720694.
[I 2026-05-28 01:25:33,634] Trial 197 finished with value: 1.9745120634619662 and parameters: {'ISTN': 69.77485626527546, 'I_gpe': 0.8242266237398562, 'I_gpi': 1.7390691411842614, 'noise_stn_sigma': 4.5074033661305775, 'noise_gpe_sigma': 102.02566639859023, 'noise_gpi_sigma': 55.933914931473915, 'g_stn_gpe_mult': 2.1093331844770686, 'g_gpe_stn_mult': 0.16383260368821367, 'g_stn_gpi_mult': 1.9026775179818984, 'g_gpe_gpi_mult': 0.6855733680967727}. Best is trial 184 with value: 0.298657288720694.
[I 2026-05-28 01:25:34,640] Trial 198 finished with value: 11.973641427894986 and parameters: {'ISTN': 81.60053025351183, 'I_gpe': 1.0480978246660886, 'I_gpi': 1.1969538537739597, 'noise_stn_sigma': 3.4407339146607283, 'noise_gpe_sigma': 83.67300686480517, 'noise_gpi_sigma': 60.794949129489744, 'g_stn_gpe_mult': 2.4568462305421392, 'g_gpe_stn_mult': 0.16732765702604235, 'g_stn_gpi_mult': 1.6577200053648276, 'g_gpe_gpi_mult': 0.9524675665998132}. Best is trial 184 with value: 0.298657288720694.
[I 2026-05-28 01:25:35,643] Trial 199 finished with value: 0.5883193380813052 and parameters: {'ISTN': 61.29397472160355, 'I_gpe': 1.091971182327798, 'I_gpi': 1.1987790582578437, 'noise_stn_sigma': 2.933762740751798, 'noise_gpe_sigma': 71.74045332884492, 'noise_gpi_sigma': 79.00496192496159, 'g_stn_gpe_mult': 1.8415956019200035, 'g_gpe_stn_mult': 0.14954613160946198, 'g_stn_gpi_mult': 1.343288007696553, 'g_gpe_gpi_mult': 0.6318551276400881}. Best is trial 184 with value: 0.298657288720694.
[I 2026-05-28 01:25:36,649] Trial 200 finished with value: 2.766441361795725 and parameters: {'ISTN': 61.27088048413708, 'I_gpe': 1.1966227800155793, 'I_gpi': 1.3991039550850566, 'noise_stn_sigma': 3.541136974613874, 'noise_gpe_sigma': 99.56878577742395, 'noise_gpi_sigma': 46.52954712238318, 'g_stn_gpe_mult': 1.911019745246714, 'g_gpe_stn_mult': 0.16738247644259402, 'g_stn_gpi_mult': 1.559514810642022, 'g_gpe_gpi_mult': 0.688698497650619}. Best is trial 184 with value: 0.298657288720694.
[I 2026-05-28 01:25:37,655] Trial 201 finished with value: 10.3438748558718 and parameters: {'ISTN': 70.88460836558862, 'I_gpe': 1.2238007848822288, 'I_gpi': 1.682501627350766, 'noise_stn_sigma': 4.214903187611434, 'noise_gpe_sigma': 87.25890297795657, 'noise_gpi_sigma': 61.94679780001448, 'g_stn_gpe_mult': 1.891832493863798, 'g_gpe_stn_mult': 0.14536968578289816, 'g_stn_gpi_mult': 1.7812311472289646, 'g_gpe_gpi_mult': 0.8206940284108681}. Best is trial 184 with value: 0.298657288720694.
[I 2026-05-28 01:25:38,657] Trial 202 finished with value: 4.0932156375444855 and parameters: {'ISTN': 64.47074084692441, 'I_gpe': 0.7778178020227583, 'I_gpi': 1.2140747113360792, 'noise_stn_sigma': 4.1240258326368355, 'noise_gpe_sigma': 79.2682393127052, 'noise_gpi_sigma': 81.52250214604891, 'g_stn_gpe_mult': 2.4618745972557132, 'g_gpe_stn_mult': 0.14795747840406243, 'g_stn_gpi_mult': 1.9348228392783682, 'g_gpe_gpi_mult': 0.6645161105031228}. Best is trial 184 with value: 0.298657288720694.
[I 2026-05-28 01:25:39,661] Trial 203 finished with value: 10.311359147789565 and parameters: {'ISTN': 70.74904937633599, 'I_gpe': 1.3264576025068702, 'I_gpi': 1.3667581095240418, 'noise_stn_sigma': 2.9639526253215944, 'noise_gpe_sigma': 79.39514776517694, 'noise_gpi_sigma': 75.69198892546518, 'g_stn_gpe_mult': 2.234707870479094, 'g_gpe_stn_mult': 0.16815943144733989, 'g_stn_gpi_mult': 1.2647730073464811, 'g_gpe_gpi_mult': 0.6739536338594313}. Best is trial 184 with value: 0.298657288720694.
[I 2026-05-28 01:25:40,666] Trial 204 finished with value: 3.8229198545770062 and parameters: {'ISTN': 67.62412021596877, 'I_gpe': 0.5231694860991855, 'I_gpi': 1.648953350950098, 'noise_stn_sigma': 3.551136588743631, 'noise_gpe_sigma': 97.44945594329491, 'noise_gpi_sigma': 71.4704143290937, 'g_stn_gpe_mult': 2.202627306376258, 'g_gpe_stn_mult': 0.1820778971786945, 'g_stn_gpi_mult': 1.4341236965932977, 'g_gpe_gpi_mult': 0.6704637573390773}. Best is trial 184 with value: 0.298657288720694.
[I 2026-05-28 01:25:41,670] Trial 205 finished with value: 9.702935746339499 and parameters: {'ISTN': 66.79586271135392, 'I_gpe': 1.1715723823245698, 'I_gpi': 1.240079716726377, 'noise_stn_sigma': 3.7618237255960563, 'noise_gpe_sigma': 86.61779222034362, 'noise_gpi_sigma': 58.58061866628586, 'g_stn_gpe_mult': 1.8068078456003505, 'g_gpe_stn_mult': 0.17180763914912248, 'g_stn_gpi_mult': 1.1088965074437573, 'g_gpe_gpi_mult': 0.7350622819119275}. Best is trial 184 with value: 0.298657288720694.
[I 2026-05-28 01:25:42,672] Trial 206 finished with value: 11.494647160462286 and parameters: {'ISTN': 71.62899712541571, 'I_gpe': 1.0790310687141484, 'I_gpi': 1.9317208036404065, 'noise_stn_sigma': 3.7846768818984535, 'noise_gpe_sigma': 94.86368948087701, 'noise_gpi_sigma': 70.8813965609105, 'g_stn_gpe_mult': 2.750635604395593, 'g_gpe_stn_mult': 0.18982357537843453, 'g_stn_gpi_mult': 1.7953584188305975, 'g_gpe_gpi_mult': 0.691516014691857}. Best is trial 184 with value: 0.298657288720694.
[I 2026-05-28 01:25:43,676] Trial 207 finished with value: 8.099249668623289 and parameters: {'ISTN': 80.7834564029134, 'I_gpe': 0.7019081011077712, 'I_gpi': 1.2793208060286037, 'noise_stn_sigma': 3.2922754585479583, 'noise_gpe_sigma': 73.8822008831402, 'noise_gpi_sigma': 62.110676379431766, 'g_stn_gpe_mult': 2.1195946735011564, 'g_gpe_stn_mult': 0.231763310715628, 'g_stn_gpi_mult': 1.614951607020386, 'g_gpe_gpi_mult': 0.6875775008912577}. Best is trial 184 with value: 0.298657288720694.
[I 2026-05-28 01:25:44,684] Trial 208 finished with value: 0.5043280355620675 and parameters: {'ISTN': 63.025726849977964, 'I_gpe': 0.9538937576744966, 'I_gpi': 1.3729601485799194, 'noise_stn_sigma': 3.156691682247979, 'noise_gpe_sigma': 76.08040694436934, 'noise_gpi_sigma': 79.28009352152728, 'g_stn_gpe_mult': 1.983303228936355, 'g_gpe_stn_mult': 0.11997865070699287, 'g_stn_gpi_mult': 1.4866703176572433, 'g_gpe_gpi_mult': 0.6451502808075378}. Best is trial 184 with value: 0.298657288720694.
[I 2026-05-28 01:25:45,688] Trial 209 finished with value: 5.852756571774906 and parameters: {'ISTN': 68.99773594830218, 'I_gpe': 1.0527461030968788, 'I_gpi': 1.5953496519605812, 'noise_stn_sigma': 3.7247198828368213, 'noise_gpe_sigma': 74.6369058162476, 'noise_gpi_sigma': 62.71444550122064, 'g_stn_gpe_mult': 2.1267428019259738, 'g_gpe_stn_mult': 0.11462687444451221, 'g_stn_gpi_mult': 1.6192890541684037, 'g_gpe_gpi_mult': 0.7162985408930285}. Best is trial 184 with value: 0.298657288720694.
[I 2026-05-28 01:25:46,692] Trial 210 finished with value: 4.764136005877598 and parameters: {'ISTN': 69.37608663306227, 'I_gpe': 0.8352446057897449, 'I_gpi': 1.368584996922357, 'noise_stn_sigma': 4.520495925409579, 'noise_gpe_sigma': 88.02539056280787, 'noise_gpi_sigma': 86.07895489318173, 'g_stn_gpe_mult': 2.3232729117172095, 'g_gpe_stn_mult': 0.17263492803895475, 'g_stn_gpi_mult': 1.8168355809877585, 'g_gpe_gpi_mult': 0.6056195255572763}. Best is trial 184 with value: 0.298657288720694.
[I 2026-05-28 01:25:47,695] Trial 211 finished with value: 0.8182987435969826 and parameters: {'ISTN': 66.95224596254293, 'I_gpe': 0.6485109213286515, 'I_gpi': 1.2355693268159587, 'noise_stn_sigma': 3.9817618007379427, 'noise_gpe_sigma': 79.09298972950194, 'noise_gpi_sigma': 101.00428762923713, 'g_stn_gpe_mult': 2.2582692467975236, 'g_gpe_stn_mult': 0.1820360667364733, 'g_stn_gpi_mult': 1.6833175746495819, 'g_gpe_gpi_mult': 0.5510555339967049}. Best is trial 184 with value: 0.298657288720694.
[I 2026-05-28 01:25:48,700] Trial 212 finished with value: 3.3471193957864913 and parameters: {'ISTN': 66.54451372105693, 'I_gpe': 0.7572852382502396, 'I_gpi': 1.5301854690509271, 'noise_stn_sigma': 4.17661204935283, 'noise_gpe_sigma': 88.16874931532847, 'noise_gpi_sigma': 76.81514119958922, 'g_stn_gpe_mult': 2.567266160492813, 'g_gpe_stn_mult': 0.15212118402216637, 'g_stn_gpi_mult': 2.0598963486691035, 'g_gpe_gpi_mult': 0.5943566788189043}. Best is trial 184 with value: 0.298657288720694.
[I 2026-05-28 01:25:49,705] Trial 213 finished with value: 12.828972509105757 and parameters: {'ISTN': 77.92449259524373, 'I_gpe': 0.709338999069466, 'I_gpi': 1.2803914048404996, 'noise_stn_sigma': 4.158843276378789, 'noise_gpe_sigma': 84.45097352624148, 'noise_gpi_sigma': 69.83594787463525, 'g_stn_gpe_mult': 2.7864859914834756, 'g_gpe_stn_mult': 0.1211470979446447, 'g_stn_gpi_mult': 1.7886773346411038, 'g_gpe_gpi_mult': 0.6376443929091533}. Best is trial 184 with value: 0.298657288720694.
[I 2026-05-28 01:25:50,708] Trial 214 finished with value: 13.475476981385352 and parameters: {'ISTN': 78.6101825653839, 'I_gpe': 1.2545132256474774, 'I_gpi': 1.5752266777036832, 'noise_stn_sigma': 4.707074674399619, 'noise_gpe_sigma': 79.17149839352649, 'noise_gpi_sigma': 83.40625617005156, 'g_stn_gpe_mult': 2.68982634574354, 'g_gpe_stn_mult': 0.18828506146542462, 'g_stn_gpi_mult': 2.1187135341080126, 'g_gpe_gpi_mult': 0.7297456344638209}. Best is trial 184 with value: 0.298657288720694.
[I 2026-05-28 01:25:51,711] Trial 215 finished with value: 1.1478568661926956 and parameters: {'ISTN': 69.80583098055527, 'I_gpe': 0.8366855363754593, 'I_gpi': 1.4621732704750077, 'noise_stn_sigma': 3.83525476235624, 'noise_gpe_sigma': 84.55524582338894, 'noise_gpi_sigma': 68.93017833428914, 'g_stn_gpe_mult': 2.2276935516719427, 'g_gpe_stn_mult': 0.1788025103278309, 'g_stn_gpi_mult': 2.051588664406383, 'g_gpe_gpi_mult': 0.6560664079276036}. Best is trial 184 with value: 0.298657288720694.
[I 2026-05-28 01:25:52,715] Trial 216 finished with value: 1.2688262392017289 and parameters: {'ISTN': 65.69018706875374, 'I_gpe': 0.7081400340997129, 'I_gpi': 1.66243080572948, 'noise_stn_sigma': 3.5857029950218164, 'noise_gpe_sigma': 84.14843402985672, 'noise_gpi_sigma': 93.15244740100368, 'g_stn_gpe_mult': 2.0891285942015956, 'g_gpe_stn_mult': 0.12292744940543393, 'g_stn_gpi_mult': 1.311190725174054, 'g_gpe_gpi_mult': 0.7098614250851565}. Best is trial 184 with value: 0.298657288720694.
[I 2026-05-28 01:25:53,718] Trial 217 finished with value: 11.093475589199343 and parameters: {'ISTN': 69.49184635683585, 'I_gpe': 1.161892926497381, 'I_gpi': 1.5814839057541075, 'noise_stn_sigma': 3.9665386771011457, 'noise_gpe_sigma': 72.93313723409588, 'noise_gpi_sigma': 82.77265467868845, 'g_stn_gpe_mult': 2.15946467997138, 'g_gpe_stn_mult': 0.2093869316983003, 'g_stn_gpi_mult': 1.285777143851068, 'g_gpe_gpi_mult': 0.6156045056931347}. Best is trial 184 with value: 0.298657288720694.
[I 2026-05-28 01:25:54,721] Trial 218 finished with value: 6.131058892598471 and parameters: {'ISTN': 67.22670415680312, 'I_gpe': 1.1543648725158246, 'I_gpi': 1.431786568378309, 'noise_stn_sigma': 2.669362094289638, 'noise_gpe_sigma': 78.6345462720964, 'noise_gpi_sigma': 78.31513627322508, 'g_stn_gpe_mult': 2.32945634878073, 'g_gpe_stn_mult': 0.1960830671385413, 'g_stn_gpi_mult': 1.6418360442143742, 'g_gpe_gpi_mult': 0.5881910994886232}. Best is trial 184 with value: 0.298657288720694.
[I 2026-05-28 01:25:55,727] Trial 219 finished with value: 3.316478488748979 and parameters: {'ISTN': 69.79703279483287, 'I_gpe': 0.8669750489008108, 'I_gpi': 1.4216835767285443, 'noise_stn_sigma': 4.40263504343695, 'noise_gpe_sigma': 83.87809364903944, 'noise_gpi_sigma': 89.86664733653379, 'g_stn_gpe_mult': 2.183900600188759, 'g_gpe_stn_mult': 0.10103632568704404, 'g_stn_gpi_mult': 1.8085592488620605, 'g_gpe_gpi_mult': 0.6501862360958577}. Best is trial 184 with value: 0.298657288720694.
