[I 2026-05-28 02:08:43,796] Trial 748 finished with value: 17.97717265374424 and parameters: {'ISTN': 67.29225636929668, 'I_gpe': 0.7861594902209725, 'I_gpi': 3.1085458230254623, 'noise_stn_sigma': 5.443748555998612, 'noise_gpe_sigma': 99.75778890622291, 'noise_gpi_sigma': 99.24564344458217, 'g_stn_gpe_mult': 2.1158306169892604, 'g_gpe_stn_mult': 0.25147813950107445, 'g_stn_gpi_mult': 3.088144776888232, 'g_gpe_gpi_mult': 0.8906772598550439}. Best is trial 98 with value: 0.5979484317983877.
[I 2026-05-28 02:08:44,802] Trial 749 finished with value: 1.1120691523518642 and parameters: {'ISTN': 65.27299611639334, 'I_gpe': 0.8041330820417112, 'I_gpi': 3.1938988494394396, 'noise_stn_sigma': 5.146937105576297, 'noise_gpe_sigma': 99.58317824390933, 'noise_gpi_sigma': 93.13812410175049, 'g_stn_gpe_mult': 2.0354905189510393, 'g_gpe_stn_mult': 0.25583985347269855, 'g_stn_gpi_mult': 3.109935377788374, 'g_gpe_gpi_mult': 0.8979657078715444}. Best is trial 98 with value: 0.5979484317983877.
[I 2026-05-28 02:08:45,807] Trial 750 finished with value: 1.1197275828639897 and parameters: {'ISTN': 65.65465259154192, 'I_gpe': 0.7669042531994509, 'I_gpi': 3.187425261607016, 'noise_stn_sigma': 5.471081969227155, 'noise_gpe_sigma': 96.36935762846294, 'noise_gpi_sigma': 94.22047612114136, 'g_stn_gpe_mult': 2.136661763139254, 'g_gpe_stn_mult': 0.25191581670520996, 'g_stn_gpi_mult': 3.0158492961497423, 'g_gpe_gpi_mult': 0.8906718113721412}. Best is trial 98 with value: 0.5979484317983877.
[I 2026-05-28 02:08:46,814] Trial 751 finished with value: 12.109895089982256 and parameters: {'ISTN': 63.310334294191556, 'I_gpe': 0.809627277331331, 'I_gpi': 3.1640806585544716, 'noise_stn_sigma': 5.279510374393508, 'noise_gpe_sigma': 93.93387479836015, 'noise_gpi_sigma': 89.97213881082666, 'g_stn_gpe_mult': 2.0323017962429457, 'g_gpe_stn_mult': 0.26092909103050344, 'g_stn_gpi_mult': 3.0933274968453612, 'g_gpe_gpi_mult': 0.8814288349357977}. Best is trial 98 with value: 0.5979484317983877.
[I 2026-05-28 02:08:47,822] Trial 752 finished with value: 9.151756493321537 and parameters: {'ISTN': 66.29084630706883, 'I_gpe': 0.8229701755348187, 'I_gpi': 3.19677979964772, 'noise_stn_sigma': 5.263043177395873, 'noise_gpe_sigma': 99.035445741016, 'noise_gpi_sigma': 91.70488445852595, 'g_stn_gpe_mult': 2.096453747770733, 'g_gpe_stn_mult': 0.26393302473768454, 'g_stn_gpi_mult': 2.947410523570324, 'g_gpe_gpi_mult': 0.8681545106212207}. Best is trial 98 with value: 0.5979484317983877.
[I 2026-05-28 02:08:48,830] Trial 753 finished with value: 5.327650982003216 and parameters: {'ISTN': 64.59280173888483, 'I_gpe': 0.7833692747261329, 'I_gpi': 3.1116073595202467, 'noise_stn_sigma': 5.14537479955586, 'noise_gpe_sigma': 107.24693490209589, 'noise_gpi_sigma': 95.10564605418848, 'g_stn_gpe_mult': 2.0808474885288484, 'g_gpe_stn_mult': 0.25816743623571237, 'g_stn_gpi_mult': 2.960993099639443, 'g_gpe_gpi_mult': 0.8887983644365594}. Best is trial 98 with value: 0.5979484317983877.
[I 2026-05-28 02:08:49,839] Trial 754 finished with value: 1.21778450857483 and parameters: {'ISTN': 65.68863785010664, 'I_gpe': 0.857264743742308, 'I_gpi': 3.1572090041009035, 'noise_stn_sigma': 5.265364705675167, 'noise_gpe_sigma': 98.21223144039685, 'noise_gpi_sigma': 96.8542882803037, 'g_stn_gpe_mult': 2.0385756039914624, 'g_gpe_stn_mult': 0.2549036855598303, 'g_stn_gpi_mult': 3.0665962209410114, 'g_gpe_gpi_mult': 0.8918825290448198}. Best is trial 98 with value: 0.5979484317983877.
[I 2026-05-28 02:08:50,848] Trial 755 finished with value: 4.090621411968568 and parameters: {'ISTN': 63.34573528306964, 'I_gpe': 0.7907229597915999, 'I_gpi': 3.2244736697107466, 'noise_stn_sigma': 5.10941791922183, 'noise_gpe_sigma': 99.77398565055985, 'noise_gpi_sigma': 95.13568854068893, 'g_stn_gpe_mult': 1.99403994079706, 'g_gpe_stn_mult': 0.26799205575137997, 'g_stn_gpi_mult': 3.0188817066974476, 'g_gpe_gpi_mult': 0.8788266832038014}. Best is trial 98 with value: 0.5979484317983877.
[I 2026-05-28 02:08:51,857] Trial 756 finished with value: 8.192325052014573 and parameters: {'ISTN': 63.5109020216629, 'I_gpe': 0.7673500624490969, 'I_gpi': 3.1374075790144875, 'noise_stn_sigma': 5.348226499210457, 'noise_gpe_sigma': 98.25101238476637, 'noise_gpi_sigma': 91.86396233056952, 'g_stn_gpe_mult': 2.1881731934998063, 'g_gpe_stn_mult': 0.26808932472090374, 'g_stn_gpi_mult': 3.0637921912821677, 'g_gpe_gpi_mult': 0.8842253519021099}. Best is trial 98 with value: 0.5979484317983877.
[I 2026-05-28 02:08:52,865] Trial 757 finished with value: 11.011701910491588 and parameters: {'ISTN': 67.05514234684604, 'I_gpe': 0.8115396795193981, 'I_gpi': 3.114559879714096, 'noise_stn_sigma': 5.132383981614669, 'noise_gpe_sigma': 97.54430985879333, 'noise_gpi_sigma': 94.63210832661618, 'g_stn_gpe_mult': 2.0074092875786107, 'g_gpe_stn_mult': 0.2508135365560198, 'g_stn_gpi_mult': 3.0643813726894114, 'g_gpe_gpi_mult': 0.8960813432704244}. Best is trial 98 with value: 0.5979484317983877.
[I 2026-05-28 02:08:53,872] Trial 758 finished with value: 3.188033671787948 and parameters: {'ISTN': 65.32532228958104, 'I_gpe': 0.7985966800028972, 'I_gpi': 3.2479780658084967, 'noise_stn_sigma': 5.234723609184027, 'noise_gpe_sigma': 97.02222640690279, 'noise_gpi_sigma': 92.78493067819805, 'g_stn_gpe_mult': 1.9768237259428703, 'g_gpe_stn_mult': 0.2790980927088841, 'g_stn_gpi_mult': 3.171097806437179, 'g_gpe_gpi_mult': 0.8961596076154288}. Best is trial 98 with value: 0.5979484317983877.
[I 2026-05-28 02:08:54,879] Trial 759 finished with value: 18.01133916728422 and parameters: {'ISTN': 63.73524838848723, 'I_gpe': 0.7355118022230451, 'I_gpi': 3.255865010501089, 'noise_stn_sigma': 5.113082526161655, 'noise_gpe_sigma': 99.30700679884225, 'noise_gpi_sigma': 94.609775209968, 'g_stn_gpe_mult': 2.097465485618828, 'g_gpe_stn_mult': 0.25043276077886245, 'g_stn_gpi_mult': 2.9764002489256987, 'g_gpe_gpi_mult': 0.9082817316921161}. Best is trial 98 with value: 0.5979484317983877.
[I 2026-05-28 02:08:55,885] Trial 760 finished with value: 6.977371698220411 and parameters: {'ISTN': 65.57967063689834, 'I_gpe': 0.7705488040882531, 'I_gpi': 3.0881299104936377, 'noise_stn_sigma': 5.227618435636124, 'noise_gpe_sigma': 101.43204996897823, 'noise_gpi_sigma': 92.42206850796957, 'g_stn_gpe_mult': 2.111332676238112, 'g_gpe_stn_mult': 0.2342414857084852, 'g_stn_gpi_mult': 3.0782314648400497, 'g_gpe_gpi_mult': 0.8939313799323787}. Best is trial 98 with value: 0.5979484317983877.
[I 2026-05-28 02:08:56,893] Trial 761 finished with value: 8.077530015852053 and parameters: {'ISTN': 65.19906651711061, 'I_gpe': 0.7801068650425077, 'I_gpi': 3.1611980292472426, 'noise_stn_sigma': 5.238505536421437, 'noise_gpe_sigma': 105.39415509779721, 'noise_gpi_sigma': 97.6333049580941, 'g_stn_gpe_mult': 2.2436276399095387, 'g_gpe_stn_mult': 0.2735355661802987, 'g_stn_gpi_mult': 2.8983879924521587, 'g_gpe_gpi_mult': 0.8910155343644137}. Best is trial 98 with value: 0.5979484317983877.
[I 2026-05-28 02:08:57,901] Trial 762 finished with value: 18.687941032639326 and parameters: {'ISTN': 67.14822971735606, 'I_gpe': 0.8558001769937447, 'I_gpi': 3.1603271953290943, 'noise_stn_sigma': 5.1713811410712776, 'noise_gpe_sigma': 100.90630330689072, 'noise_gpi_sigma': 100.10476834983989, 'g_stn_gpe_mult': 1.9453111412028035, 'g_gpe_stn_mult': 0.2702384899583732, 'g_stn_gpi_mult': 3.0169063220567347, 'g_gpe_gpi_mult': 0.8807817396531437}. Best is trial 98 with value: 0.5979484317983877.
[I 2026-05-28 02:08:58,908] Trial 763 finished with value: 1.1645637246898166 and parameters: {'ISTN': 64.29211331586794, 'I_gpe': 0.8776780296857067, 'I_gpi': 3.2753760010811175, 'noise_stn_sigma': 5.167848779549242, 'noise_gpe_sigma': 97.9798038561957, 'noise_gpi_sigma': 95.90010990600304, 'g_stn_gpe_mult': 1.8420806013566002, 'g_gpe_stn_mult': 0.26620399008142864, 'g_stn_gpi_mult': 3.2130393739105045, 'g_gpe_gpi_mult': 0.8576222774993563}. Best is trial 98 with value: 0.5979484317983877.
[I 2026-05-28 02:08:59,916] Trial 764 finished with value: 1.1341784994542101 and parameters: {'ISTN': 65.78203346508906, 'I_gpe': 0.8164508167482081, 'I_gpi': 3.200406320047216, 'noise_stn_sigma': 5.385108385139945, 'noise_gpe_sigma': 98.93611914063892, 'noise_gpi_sigma': 95.49870613991231, 'g_stn_gpe_mult': 2.147593000944779, 'g_gpe_stn_mult': 0.25288851870991486, 'g_stn_gpi_mult': 3.049008600328227, 'g_gpe_gpi_mult': 0.9080818303287574}. Best is trial 98 with value: 0.5979484317983877.
[I 2026-05-28 02:09:00,921] Trial 765 finished with value: 1.3816591427491294 and parameters: {'ISTN': 62.50402749530958, 'I_gpe': 0.812161712794202, 'I_gpi': 3.2027076115793327, 'noise_stn_sigma': 5.437507464398276, 'noise_gpe_sigma': 100.81847486991742, 'noise_gpi_sigma': 94.96894969096785, 'g_stn_gpe_mult': 2.062142729866057, 'g_gpe_stn_mult': 0.28695847710284395, 'g_stn_gpi_mult': 2.973216668245518, 'g_gpe_gpi_mult': 0.8861102012120146}. Best is trial 98 with value: 0.5979484317983877.
[I 2026-05-28 02:09:01,925] Trial 766 finished with value: 1.0665155829120139 and parameters: {'ISTN': 64.847460745558, 'I_gpe': 0.820541439007572, 'I_gpi': 3.1448483210103237, 'noise_stn_sigma': 5.2897603784483165, 'noise_gpe_sigma': 97.08911628557556, 'noise_gpi_sigma': 95.78031090718304, 'g_stn_gpe_mult': 2.081140035717215, 'g_gpe_stn_mult': 0.27055002233852865, 'g_stn_gpi_mult': 3.0383873326156117, 'g_gpe_gpi_mult': 0.8861911591061971}. Best is trial 98 with value: 0.5979484317983877.
[I 2026-05-28 02:09:02,933] Trial 767 finished with value: 3.400522000541205 and parameters: {'ISTN': 65.83930155832266, 'I_gpe': 0.8579907683589025, 'I_gpi': 3.1042052974856205, 'noise_stn_sigma': 5.131343827029157, 'noise_gpe_sigma': 102.44697661299196, 'noise_gpi_sigma': 94.1465499456495, 'g_stn_gpe_mult': 1.993720901183677, 'g_gpe_stn_mult': 0.25074759221288995, 'g_stn_gpi_mult': 2.9780094707582654, 'g_gpe_gpi_mult': 0.8902239665477514}. Best is trial 98 with value: 0.5979484317983877.
[I 2026-05-28 02:09:03,942] Trial 768 finished with value: 1.24739093231128 and parameters: {'ISTN': 65.97499142099336, 'I_gpe': 0.83583798262336, 'I_gpi': 3.133433207203643, 'noise_stn_sigma': 5.3674244859393, 'noise_gpe_sigma': 101.08461282589609, 'noise_gpi_sigma': 96.13578455008017, 'g_stn_gpe_mult': 2.071864433680181, 'g_gpe_stn_mult': 0.2515297065881205, 'g_stn_gpi_mult': 2.9467108742580987, 'g_gpe_gpi_mult': 0.8897600344952876}. Best is trial 98 with value: 0.5979484317983877.
[I 2026-05-28 02:09:04,951] Trial 769 finished with value: 1.1175172767976436 and parameters: {'ISTN': 64.62552925234117, 'I_gpe': 0.8903549126987659, 'I_gpi': 3.235893022232727, 'noise_stn_sigma': 5.2881246842121445, 'noise_gpe_sigma': 96.32084252592865, 'noise_gpi_sigma': 96.27670776179161, 'g_stn_gpe_mult': 1.877058636005744, 'g_gpe_stn_mult': 0.26469156666847315, 'g_stn_gpi_mult': 3.1353354726048717, 'g_gpe_gpi_mult': 0.8764274081598249}. Best is trial 98 with value: 0.5979484317983877.
[I 2026-05-28 02:09:05,960] Trial 770 finished with value: 1.1141939524807054 and parameters: {'ISTN': 64.79874472663958, 'I_gpe': 0.8812347324159993, 'I_gpi': 3.218035990288994, 'noise_stn_sigma': 5.154490094019055, 'noise_gpe_sigma': 100.11002603638053, 'noise_gpi_sigma': 93.25778610655159, 'g_stn_gpe_mult': 1.8843933968223905, 'g_gpe_stn_mult': 0.26216984142018007, 'g_stn_gpi_mult': 3.105863405404249, 'g_gpe_gpi_mult': 0.8674534855950353}. Best is trial 98 with value: 0.5979484317983877.
[I 2026-05-28 02:09:06,969] Trial 771 finished with value: 1.470330558974979 and parameters: {'ISTN': 63.74500414566229, 'I_gpe': 0.8133576462431105, 'I_gpi': 3.171652904195735, 'noise_stn_sigma': 5.209762878799091, 'noise_gpe_sigma': 98.20280758636052, 'noise_gpi_sigma': 93.147014191257, 'g_stn_gpe_mult': 1.9882948010374633, 'g_gpe_stn_mult': 0.27463626299020916, 'g_stn_gpi_mult': 3.1128918074728085, 'g_gpe_gpi_mult': 0.8774617158422453}. Best is trial 98 with value: 0.5979484317983877.
[I 2026-05-28 02:09:07,974] Trial 772 finished with value: 9.003676552621384 and parameters: {'ISTN': 65.35313063971147, 'I_gpe': 0.8938567746852171, 'I_gpi': 3.187448237460159, 'noise_stn_sigma': 5.3185161747109655, 'noise_gpe_sigma': 99.74494687605693, 'noise_gpi_sigma': 97.21291514160218, 'g_stn_gpe_mult': 1.9749197486911834, 'g_gpe_stn_mult': 0.272252705594969, 'g_stn_gpi_mult': 3.018568840597892, 'g_gpe_gpi_mult': 0.8703880631173551}. Best is trial 98 with value: 0.5979484317983877.
[I 2026-05-28 02:09:08,982] Trial 773 finished with value: 19.286070054642433 and parameters: {'ISTN': 65.64823121719508, 'I_gpe': 0.8864828958375022, 'I_gpi': 3.159779466431491, 'noise_stn_sigma': 5.392178142948646, 'noise_gpe_sigma': 96.82641348459892, 'noise_gpi_sigma': 95.8744219037846, 'g_stn_gpe_mult': 1.9549631822969813, 'g_gpe_stn_mult': 0.2923263545965191, 'g_stn_gpi_mult': 3.137325262758104, 'g_gpe_gpi_mult': 0.8869925380642552}. Best is trial 98 with value: 0.5979484317983877.
[I 2026-05-28 02:09:09,989] Trial 774 finished with value: 1.1897197281423795 and parameters: {'ISTN': 65.55076378625317, 'I_gpe': 0.8518067772777775, 'I_gpi': 3.2801431345977616, 'noise_stn_sigma': 5.059456012174941, 'noise_gpe_sigma': 97.3105878577756, 'noise_gpi_sigma': 93.8914406453783, 'g_stn_gpe_mult': 1.993497879236159, 'g_gpe_stn_mult': 0.25611181308971187, 'g_stn_gpi_mult': 3.0547446856413303, 'g_gpe_gpi_mult': 0.8794141356751488}. Best is trial 98 with value: 0.5979484317983877.
[I 2026-05-28 02:09:10,996] Trial 775 finished with value: 3.240083101507014 and parameters: {'ISTN': 64.1159469064513, 'I_gpe': 0.8696772264420254, 'I_gpi': 3.155280435930147, 'noise_stn_sigma': 5.350235854689513, 'noise_gpe_sigma': 98.56021959981842, 'noise_gpi_sigma': 96.20543896682017, 'g_stn_gpe_mult': 1.987852269385285, 'g_gpe_stn_mult': 0.26016218938904234, 'g_stn_gpi_mult': 2.9694228703215604, 'g_gpe_gpi_mult': 0.8857309430134992}. Best is trial 98 with value: 0.5979484317983877.
[I 2026-05-28 02:09:12,002] Trial 776 finished with value: 1.1544743748242532 and parameters: {'ISTN': 65.54757420527305, 'I_gpe': 0.8692321283266994, 'I_gpi': 3.2349564010287644, 'noise_stn_sigma': 5.1756813953456655, 'noise_gpe_sigma': 96.9431283230734, 'noise_gpi_sigma': 95.83864844317608, 'g_stn_gpe_mult': 1.8745717446171912, 'g_gpe_stn_mult': 0.25584820531989527, 'g_stn_gpi_mult': 3.131200034171826, 'g_gpe_gpi_mult': 0.8818027902012759}. Best is trial 98 with value: 0.5979484317983877.
[I 2026-05-28 02:09:13,007] Trial 777 finished with value: 1.3533586937413349 and parameters: {'ISTN': 65.82058660175686, 'I_gpe': 0.8386299834482762, 'I_gpi': 3.3468439467197224, 'noise_stn_sigma': 5.084886441207627, 'noise_gpe_sigma': 92.30431316444133, 'noise_gpi_sigma': 90.95687466455418, 'g_stn_gpe_mult': 1.7705234614898704, 'g_gpe_stn_mult': 0.2642334382586967, 'g_stn_gpi_mult': 3.2201613922912933, 'g_gpe_gpi_mult': 0.8846997123161113}. Best is trial 98 with value: 0.5979484317983877.
[I 2026-05-28 02:09:14,016] Trial 778 finished with value: 1.0881929107627673 and parameters: {'ISTN': 65.00203731603986, 'I_gpe': 0.8099674384143143, 'I_gpi': 3.212699465725586, 'noise_stn_sigma': 5.241642668804176, 'noise_gpe_sigma': 102.19875193269608, 'noise_gpi_sigma': 96.68692450236361, 'g_stn_gpe_mult': 2.055842174775835, 'g_gpe_stn_mult': 0.2544446691551535, 'g_stn_gpi_mult': 3.0794403270432484, 'g_gpe_gpi_mult': 0.8789189258708343}. Best is trial 98 with value: 0.5979484317983877.
[I 2026-05-28 02:09:15,022] Trial 779 finished with value: 1.1398302290779159 and parameters: {'ISTN': 64.47766579285643, 'I_gpe': 0.8438289646756902, 'I_gpi': 3.2304190413601486, 'noise_stn_sigma': 5.306393257935542, 'noise_gpe_sigma': 95.05287537537163, 'noise_gpi_sigma': 94.0171393171923, 'g_stn_gpe_mult': 2.0019959120367963, 'g_gpe_stn_mult': 0.2785905465779015, 'g_stn_gpi_mult': 3.072190505436607, 'g_gpe_gpi_mult': 0.8962542194267678}. Best is trial 98 with value: 0.5979484317983877.
[I 2026-05-28 02:09:16,030] Trial 780 finished with value: 1.975426851460437 and parameters: {'ISTN': 66.01481345237382, 'I_gpe': 0.8596304434601019, 'I_gpi': 3.187292246350478, 'noise_stn_sigma': 5.282155033596554, 'noise_gpe_sigma': 99.85230464144014, 'noise_gpi_sigma': 96.78989726151612, 'g_stn_gpe_mult': 1.9526846424208575, 'g_gpe_stn_mult': 0.24858441500734682, 'g_stn_gpi_mult': 3.0863189113491893, 'g_gpe_gpi_mult': 0.8541269055309044}. Best is trial 98 with value: 0.5979484317983877.
[I 2026-05-28 02:09:17,040] Trial 781 finished with value: 1.7608894678292706 and parameters: {'ISTN': 66.60823540778726, 'I_gpe': 0.8388307496996571, 'I_gpi': 3.276603957728518, 'noise_stn_sigma': 5.326757733246464, 'noise_gpe_sigma': 102.450152809203, 'noise_gpi_sigma': 97.90927597772264, 'g_stn_gpe_mult': 2.0521698827638732, 'g_gpe_stn_mult': 0.24545565564968508, 'g_stn_gpi_mult': 3.0783032813138442, 'g_gpe_gpi_mult': 0.8608895516340662}. Best is trial 98 with value: 0.5979484317983877.
[I 2026-05-28 02:09:18,047] Trial 782 finished with value: 1.198196555591766 and parameters: {'ISTN': 65.55978326906903, 'I_gpe': 0.8076933188202378, 'I_gpi': 3.281493355214671, 'noise_stn_sigma': 5.237873774793897, 'noise_gpe_sigma': 97.2464259085769, 'noise_gpi_sigma': 98.24538933866134, 'g_stn_gpe_mult': 1.9558579224660981, 'g_gpe_stn_mult': 0.2552874463389372, 'g_stn_gpi_mult': 3.1404766384811764, 'g_gpe_gpi_mult': 0.8833527515864164}. Best is trial 98 with value: 0.5979484317983877.
[I 2026-05-28 02:09:18,995] Trial 783 finished with value: 1000000.0 and parameters: {'ISTN': 66.09037795434526, 'I_gpe': 0.8449461832418672, 'I_gpi': 3.226336958743947, 'noise_stn_sigma': 5.040688808679374, 'noise_gpe_sigma': 103.22780111284632, 'noise_gpi_sigma': 96.05891867277157, 'g_stn_gpe_mult': 1.947803263389913, 'g_gpe_stn_mult': 0.2511551666548608, 'g_stn_gpi_mult': 3.1824817759531343, 'g_gpe_gpi_mult': 0.8790737433698248}. Best is trial 98 with value: 0.5979484317983877.
[I 2026-05-28 02:09:20,002] Trial 784 finished with value: 7.018292071056762 and parameters: {'ISTN': 64.07657791496928, 'I_gpe': 0.7542128203398291, 'I_gpi': 3.232879938464227, 'noise_stn_sigma': 5.4148802270548035, 'noise_gpe_sigma': 100.52385063239247, 'noise_gpi_sigma': 91.45036806099151, 'g_stn_gpe_mult': 2.1624733379826373, 'g_gpe_stn_mult': 0.2766159068736609, 'g_stn_gpi_mult': 3.005674531012141, 'g_gpe_gpi_mult': 0.8975619873516298}. Best is trial 98 with value: 0.5979484317983877.
[I 2026-05-28 02:09:21,012] Trial 785 finished with value: 1.306808335403999 and parameters: {'ISTN': 64.8508669046885, 'I_gpe': 0.8639587594006803, 'I_gpi': 3.3113705398896305, 'noise_stn_sigma': 5.171117901800702, 'noise_gpe_sigma': 98.84290126922133, 'noise_gpi_sigma': 92.67836634238674, 'g_stn_gpe_mult': 2.0192697188418585, 'g_gpe_stn_mult': 0.2808018484864981, 'g_stn_gpi_mult': 3.0620271717283876, 'g_gpe_gpi_mult': 0.8727936438537529}. Best is trial 98 with value: 0.5979484317983877.
[I 2026-05-28 02:09:22,020] Trial 786 finished with value: 1.1871669848167998 and parameters: {'ISTN': 65.49007188589772, 'I_gpe': 0.8064412833835843, 'I_gpi': 3.245146781266011, 'noise_stn_sigma': 5.3019361114840375, 'noise_gpe_sigma': 95.98193240477826, 'noise_gpi_sigma': 94.10489157791028, 'g_stn_gpe_mult': 1.9458524623207651, 'g_gpe_stn_mult': 0.25796176330395937, 'g_stn_gpi_mult': 3.138173815800853, 'g_gpe_gpi_mult': 0.8677870451125553}. Best is trial 98 with value: 0.5979484317983877.
[I 2026-05-28 02:09:23,027] Trial 787 finished with value: 7.879653976216414 and parameters: {'ISTN': 63.7310088931462, 'I_gpe': 0.8130212125170082, 'I_gpi': 3.17861555170784, 'noise_stn_sigma': 5.10839668263195, 'noise_gpe_sigma': 98.63228548593545, 'noise_gpi_sigma': 95.53265352722501, 'g_stn_gpe_mult': 2.018450764968066, 'g_gpe_stn_mult': 0.2671430283998033, 'g_stn_gpi_mult': 3.069720579447818, 'g_gpe_gpi_mult': 0.8760982165043025}. Best is trial 98 with value: 0.5979484317983877.
[I 2026-05-28 02:09:24,034] Trial 788 finished with value: 1.1719637660340243 and parameters: {'ISTN': 65.40692258325043, 'I_gpe': 0.8234158611907769, 'I_gpi': 3.263157127290325, 'noise_stn_sigma': 5.291124304668931, 'noise_gpe_sigma': 97.87495782162037, 'noise_gpi_sigma': 97.29485279892518, 'g_stn_gpe_mult': 1.8161554593060103, 'g_gpe_stn_mult': 0.25276383699803384, 'g_stn_gpi_mult': 3.1299288919342847, 'g_gpe_gpi_mult': 0.8809092499727293}. Best is trial 98 with value: 0.5979484317983877.
[I 2026-05-28 02:09:25,043] Trial 789 finished with value: 1.0011171207945198 and parameters: {'ISTN': 64.30657520687711, 'I_gpe': 0.7848782720986902, 'I_gpi': 3.1536645291438457, 'noise_stn_sigma': 5.280139157540367, 'noise_gpe_sigma': 100.12699236627691, 'noise_gpi_sigma': 96.64058847519775, 'g_stn_gpe_mult': 2.124616952678756, 'g_gpe_stn_mult': 0.26211061026686855, 'g_stn_gpi_mult': 2.9683805712931237, 'g_gpe_gpi_mult': 0.8816672169987447}. Best is trial 98 with value: 0.5979484317983877.
[I 2026-05-28 02:09:26,050] Trial 790 finished with value: 2.4194648110521593 and parameters: {'ISTN': 65.88686031199245, 'I_gpe': 0.7429868232972354, 'I_gpi': 3.1796161767561877, 'noise_stn_sigma': 5.428163715106539, 'noise_gpe_sigma': 98.71693205765322, 'noise_gpi_sigma': 99.46602259910746, 'g_stn_gpe_mult': 2.1077404405762206, 'g_gpe_stn_mult': 0.2532652486540796, 'g_stn_gpi_mult': 3.0913248921089007, 'g_gpe_gpi_mult': 0.8931084564463327}. Best is trial 98 with value: 0.5979484317983877.
[I 2026-05-28 02:09:27,061] Trial 791 finished with value: 18.521261979362794 and parameters: {'ISTN': 66.29905665053592, 'I_gpe': 0.7871947528464458, 'I_gpi': 3.112512074333911, 'noise_stn_sigma': 5.271665387310718, 'noise_gpe_sigma': 98.29842409583124, 'noise_gpi_sigma': 97.05457573900179, 'g_stn_gpe_mult': 2.0927850696068884, 'g_gpe_stn_mult': 0.2658452974950126, 'g_stn_gpi_mult': 3.0898043800327897, 'g_gpe_gpi_mult': 0.8983301974809266}. Best is trial 98 with value: 0.5979484317983877.
