[I 2026-05-28 02:13:53,192] Trial 44 finished with value: 2.1690312769818942 and parameters: {'ISTN': 83.8925409978971, 'I_gpe': 2.1267044975720535, 'I_gpi': 2.5971679729672195, 'noise_stn_sigma': 4.074633916528838, 'noise_gpe_sigma': 78.03008463364733, 'noise_gpi_sigma': 102.59111747626164, 'g_stn_gpe_mult': 3.0396683775702975, 'g_gpe_stn_mult': 0.5252796289403798, 'g_stn_gpi_mult': 2.2102247751967616, 'g_gpe_gpi_mult': 0.5132439430436161}. Best is trial 21 with value: 0.8998264644712826.
[I 2026-05-28 02:13:54,200] Trial 45 finished with value: 1.573291327307109 and parameters: {'ISTN': 67.79629610576309, 'I_gpe': 2.2459771158868387, 'I_gpi': 1.0702356351651328, 'noise_stn_sigma': 4.3413080308380545, 'noise_gpe_sigma': 86.55436639399657, 'noise_gpi_sigma': 95.92994326692813, 'g_stn_gpe_mult': 2.8577177661484745, 'g_gpe_stn_mult': 0.2547897162556094, 'g_stn_gpi_mult': 2.0619972452818836, 'g_gpe_gpi_mult': 0.8740779169666804}. Best is trial 21 with value: 0.8998264644712826.
[I 2026-05-28 02:13:55,205] Trial 46 finished with value: 1.6831232363904451 and parameters: {'ISTN': 74.6961643189685, 'I_gpe': 1.3735711962422248, 'I_gpi': 2.712964500134288, 'noise_stn_sigma': 3.124272764091801, 'noise_gpe_sigma': 124.43126854359942, 'noise_gpi_sigma': 86.85457634388804, 'g_stn_gpe_mult': 3.0703636610726655, 'g_gpe_stn_mult': 0.32847157873487187, 'g_stn_gpi_mult': 2.3905416304216187, 'g_gpe_gpi_mult': 0.9837108558031311}. Best is trial 21 with value: 0.8998264644712826.
[I 2026-05-28 02:13:56,211] Trial 47 finished with value: 1.5801779402527305 and parameters: {'ISTN': 66.35920023483624, 'I_gpe': 2.276689354043457, 'I_gpi': 4.171142768790487, 'noise_stn_sigma': 3.870256086728365, 'noise_gpe_sigma': 91.95035505294922, 'noise_gpi_sigma': 123.05902193415727, 'g_stn_gpe_mult': 2.0009807055082356, 'g_gpe_stn_mult': 0.33666383506304265, 'g_stn_gpi_mult': 2.194930139306163, 'g_gpe_gpi_mult': 1.0061363080936832}. Best is trial 21 with value: 0.8998264644712826.
[I 2026-05-28 02:13:57,218] Trial 48 finished with value: 1.7054949101100059 and parameters: {'ISTN': 64.66382071782101, 'I_gpe': 1.4949292769545188, 'I_gpi': 1.447752673169696, 'noise_stn_sigma': 2.5821044691183817, 'noise_gpe_sigma': 74.39404327811755, 'noise_gpi_sigma': 113.68977222650422, 'g_stn_gpe_mult': 2.3458313976743854, 'g_gpe_stn_mult': 0.37212426017808564, 'g_stn_gpi_mult': 2.012089898466459, 'g_gpe_gpi_mult': 0.7571898395105308}. Best is trial 21 with value: 0.8998264644712826.
[I 2026-05-28 02:13:58,229] Trial 49 finished with value: 1.7831059642246754 and parameters: {'ISTN': 85.3613078870528, 'I_gpe': 0.9539439397134466, 'I_gpi': 2.133678465105707, 'noise_stn_sigma': 5.222292981681884, 'noise_gpe_sigma': 134.14229892163604, 'noise_gpi_sigma': 128.57732628127764, 'g_stn_gpe_mult': 2.1777239077658272, 'g_gpe_stn_mult': 0.6014975906541166, 'g_stn_gpi_mult': 2.03823365999969, 'g_gpe_gpi_mult': 0.6860326923867675}. Best is trial 21 with value: 0.8998264644712826.
[I 2026-05-28 02:13:59,237] Trial 50 finished with value: 1.7558903554978569 and parameters: {'ISTN': 73.01485637545721, 'I_gpe': 1.0032535496060127, 'I_gpi': 1.354536983447968, 'noise_stn_sigma': 3.5199978984898843, 'noise_gpe_sigma': 65.2442289099954, 'noise_gpi_sigma': 99.4337124189857, 'g_stn_gpe_mult': 2.36105819319703, 'g_gpe_stn_mult': 0.38109830826712365, 'g_stn_gpi_mult': 2.479704423473234, 'g_gpe_gpi_mult': 0.8810129528572759}. Best is trial 21 with value: 0.8998264644712826.
[I 2026-05-28 02:14:00,243] Trial 51 finished with value: 2.664517290582568 and parameters: {'ISTN': 94.92259618676725, 'I_gpe': 2.065828968843576, 'I_gpi': 2.37876532588005, 'noise_stn_sigma': 4.684480288540412, 'noise_gpe_sigma': 75.6304026276152, 'noise_gpi_sigma': 110.4311084476471, 'g_stn_gpe_mult': 2.9931956218921494, 'g_gpe_stn_mult': 0.3559003551362333, 'g_stn_gpi_mult': 1.675216312808664, 'g_gpe_gpi_mult': 0.6736954171876832}. Best is trial 21 with value: 0.8998264644712826.
[I 2026-05-28 02:14:01,250] Trial 52 finished with value: 1.292195083759061 and parameters: {'ISTN': 74.18335445733112, 'I_gpe': 0.8668701338524791, 'I_gpi': 1.9011774981398077, 'noise_stn_sigma': 2.8707288668182347, 'noise_gpe_sigma': 116.46878745596166, 'noise_gpi_sigma': 74.24083984985816, 'g_stn_gpe_mult': 1.888508809162849, 'g_gpe_stn_mult': 0.2520440689864618, 'g_stn_gpi_mult': 2.118153616765476, 'g_gpe_gpi_mult': 1.0364556218883414}. Best is trial 21 with value: 0.8998264644712826.
[I 2026-05-28 02:14:02,255] Trial 53 finished with value: 2.167523103111427 and parameters: {'ISTN': 92.28327510991464, 'I_gpe': 1.0506136359885168, 'I_gpi': 1.6164714122019754, 'noise_stn_sigma': 5.8543254229204065, 'noise_gpe_sigma': 105.34971790206654, 'noise_gpi_sigma': 31.336561675224317, 'g_stn_gpe_mult': 2.896775523518724, 'g_gpe_stn_mult': 0.2817827591898696, 'g_stn_gpi_mult': 1.5981252504647783, 'g_gpe_gpi_mult': 0.8935148488552018}. Best is trial 21 with value: 0.8998264644712826.
[I 2026-05-28 02:14:03,263] Trial 54 finished with value: 1.2239695225128617 and parameters: {'ISTN': 63.73350468648591, 'I_gpe': 2.1076782069045183, 'I_gpi': 2.748611321442572, 'noise_stn_sigma': 2.273458143379034, 'noise_gpe_sigma': 75.1587227257302, 'noise_gpi_sigma': 81.9281030334786, 'g_stn_gpe_mult': 3.1901361049570927, 'g_gpe_stn_mult': 0.352721154439382, 'g_stn_gpi_mult': 2.4174280506939807, 'g_gpe_gpi_mult': 0.9625917524632375}. Best is trial 21 with value: 0.8998264644712826.
[I 2026-05-28 02:14:04,271] Trial 55 finished with value: 0.6712640879436993 and parameters: {'ISTN': 64.61182749289505, 'I_gpe': 1.8215480875522279, 'I_gpi': 2.6503405771137682, 'noise_stn_sigma': 2.352992737251249, 'noise_gpe_sigma': 98.87747745644285, 'noise_gpi_sigma': 96.62914921262757, 'g_stn_gpe_mult': 2.6910214470697778, 'g_gpe_stn_mult': 0.182656245890496, 'g_stn_gpi_mult': 1.8779344876663129, 'g_gpe_gpi_mult': 0.9430526588977624}. Best is trial 55 with value: 0.6712640879436993.
[I 2026-05-28 02:14:05,280] Trial 56 finished with value: 1.0845602536993044 and parameters: {'ISTN': 64.147134226694, 'I_gpe': 1.500147259950707, 'I_gpi': 2.523442757348117, 'noise_stn_sigma': 3.8792447546248634, 'noise_gpe_sigma': 126.80290125597156, 'noise_gpi_sigma': 82.74183672681093, 'g_stn_gpe_mult': 2.819019851767488, 'g_gpe_stn_mult': 0.2348332893318699, 'g_stn_gpi_mult': 2.899531953400353, 'g_gpe_gpi_mult': 0.8063303842886385}. Best is trial 55 with value: 0.6712640879436993.
[I 2026-05-28 02:14:06,285] Trial 57 finished with value: 1.6541574332265627 and parameters: {'ISTN': 74.31137944091844, 'I_gpe': 0.6847388828341586, 'I_gpi': 2.126295351763587, 'noise_stn_sigma': 4.763287716916163, 'noise_gpe_sigma': 116.17288318462317, 'noise_gpi_sigma': 59.627240070061696, 'g_stn_gpe_mult': 3.2972492234800415, 'g_gpe_stn_mult': 0.31787254415256566, 'g_stn_gpi_mult': 2.006723803952152, 'g_gpe_gpi_mult': 0.935315278451966}. Best is trial 55 with value: 0.6712640879436993.
[I 2026-05-28 02:14:07,292] Trial 58 finished with value: 1.22917768059525 and parameters: {'ISTN': 64.95978887119064, 'I_gpe': 1.5409446472917179, 'I_gpi': 2.8167096477426368, 'noise_stn_sigma': 4.432555197793516, 'noise_gpe_sigma': 137.68615760953753, 'noise_gpi_sigma': 110.22530040233202, 'g_stn_gpe_mult': 1.9201686475679316, 'g_gpe_stn_mult': 0.3593086677076991, 'g_stn_gpi_mult': 2.724114469166592, 'g_gpe_gpi_mult': 0.9014981157596909}. Best is trial 55 with value: 0.6712640879436993.
[I 2026-05-28 02:14:08,301] Trial 59 finished with value: 1.9213227761554954 and parameters: {'ISTN': 78.82926465152059, 'I_gpe': 1.8979342830548553, 'I_gpi': 2.4652793447026156, 'noise_stn_sigma': 3.4000081314325836, 'noise_gpe_sigma': 103.5129733865144, 'noise_gpi_sigma': 96.05917537216925, 'g_stn_gpe_mult': 2.7080676671386037, 'g_gpe_stn_mult': 0.3901323409000741, 'g_stn_gpi_mult': 2.2906703365667616, 'g_gpe_gpi_mult': 0.8323540018006732}. Best is trial 55 with value: 0.6712640879436993.
[I 2026-05-28 02:14:09,308] Trial 60 finished with value: 2.0136988733768946 and parameters: {'ISTN': 85.71535162893589, 'I_gpe': 1.391023138834822, 'I_gpi': 2.173310240667253, 'noise_stn_sigma': 2.1527076560994773, 'noise_gpe_sigma': 132.28998134118314, 'noise_gpi_sigma': 89.75841892416823, 'g_stn_gpe_mult': 3.69404094053023, 'g_gpe_stn_mult': 0.3856758895472, 'g_stn_gpi_mult': 2.6234140770254832, 'g_gpe_gpi_mult': 0.8462759263078792}. Best is trial 55 with value: 0.6712640879436993.
[I 2026-05-28 02:14:10,315] Trial 61 finished with value: 1.0920555039802136 and parameters: {'ISTN': 64.83152030621851, 'I_gpe': 1.5903298706705689, 'I_gpi': 2.661327994679894, 'noise_stn_sigma': 5.137370019392825, 'noise_gpe_sigma': 104.49330724535734, 'noise_gpi_sigma': 104.68843642551602, 'g_stn_gpe_mult': 2.7433443628670755, 'g_gpe_stn_mult': 0.4457587946844379, 'g_stn_gpi_mult': 2.2321369220320486, 'g_gpe_gpi_mult': 0.8453028889114858}. Best is trial 55 with value: 0.6712640879436993.
[I 2026-05-28 02:14:11,322] Trial 62 finished with value: 1.6986570339581721 and parameters: {'ISTN': 76.24793087790226, 'I_gpe': 1.5685172804752736, 'I_gpi': 3.747011919995403, 'noise_stn_sigma': 2.654318750323818, 'noise_gpe_sigma': 136.19287798676595, 'noise_gpi_sigma': 90.08196414628833, 'g_stn_gpe_mult': 2.7013076812572208, 'g_gpe_stn_mult': 0.2475109678181596, 'g_stn_gpi_mult': 2.0404659857086176, 'g_gpe_gpi_mult': 1.0087255219664601}. Best is trial 55 with value: 0.6712640879436993.
[I 2026-05-28 02:14:12,328] Trial 63 finished with value: 0.7514331944425239 and parameters: {'ISTN': 61.5532025445609, 'I_gpe': 1.601401028960578, 'I_gpi': 2.914050417370149, 'noise_stn_sigma': 2.296256923811484, 'noise_gpe_sigma': 111.7966759251132, 'noise_gpi_sigma': 67.42279011245024, 'g_stn_gpe_mult': 2.198979612132116, 'g_gpe_stn_mult': 0.23450229531424469, 'g_stn_gpi_mult': 2.3730028909158305, 'g_gpe_gpi_mult': 1.06296355694347}. Best is trial 55 with value: 0.6712640879436993.
[I 2026-05-28 02:14:13,337] Trial 64 finished with value: 1.5400428305122675 and parameters: {'ISTN': 80.33526640701238, 'I_gpe': 1.5821946317964382, 'I_gpi': 2.0519453006406225, 'noise_stn_sigma': 5.252794184538919, 'noise_gpe_sigma': 92.80080011193496, 'noise_gpi_sigma': 99.24493904546574, 'g_stn_gpe_mult': 2.2688754295790767, 'g_gpe_stn_mult': 0.2739130954471467, 'g_stn_gpi_mult': 2.0232718714620095, 'g_gpe_gpi_mult': 0.9735355237212708}. Best is trial 55 with value: 0.6712640879436993.
[I 2026-05-28 02:14:14,343] Trial 65 finished with value: 0.6954716522039206 and parameters: {'ISTN': 66.81169878839545, 'I_gpe': 1.4502699413902675, 'I_gpi': 2.7413465746687287, 'noise_stn_sigma': 2.827205729730205, 'noise_gpe_sigma': 90.27902057544637, 'noise_gpi_sigma': 97.19381219965429, 'g_stn_gpe_mult': 2.5952588166104547, 'g_gpe_stn_mult': 0.1313563646466789, 'g_stn_gpi_mult': 3.002430240904145, 'g_gpe_gpi_mult': 1.055575230112005}. Best is trial 55 with value: 0.6712640879436993.
[I 2026-05-28 02:14:15,349] Trial 66 finished with value: 1.4523081611995763 and parameters: {'ISTN': 76.54693332914654, 'I_gpe': 1.199954268846568, 'I_gpi': 3.579221172199219, 'noise_stn_sigma': 3.5692319265507164, 'noise_gpe_sigma': 118.52288406521947, 'noise_gpi_sigma': 128.88438484143492, 'g_stn_gpe_mult': 1.9546687061027863, 'g_gpe_stn_mult': 0.21583223531819434, 'g_stn_gpi_mult': 1.9866617780933797, 'g_gpe_gpi_mult': 0.8127500503618998}. Best is trial 55 with value: 0.6712640879436993.
[I 2026-05-28 02:14:16,355] Trial 67 finished with value: 1.6078836830760856 and parameters: {'ISTN': 68.2836282593164, 'I_gpe': 1.0826479707345964, 'I_gpi': 3.225878500285308, 'noise_stn_sigma': 3.278427113741753, 'noise_gpe_sigma': 84.30306042569953, 'noise_gpi_sigma': 97.7167238677777, 'g_stn_gpe_mult': 3.2913268226182577, 'g_gpe_stn_mult': 0.3268125448029139, 'g_stn_gpi_mult': 1.823392995737075, 'g_gpe_gpi_mult': 0.9087364660751414}. Best is trial 55 with value: 0.6712640879436993.
[I 2026-05-28 02:14:17,361] Trial 68 finished with value: 0.9340356612300571 and parameters: {'ISTN': 65.44059183866217, 'I_gpe': 1.884443195900095, 'I_gpi': 2.6315320502796786, 'noise_stn_sigma': 3.464311581962615, 'noise_gpe_sigma': 108.83164497311944, 'noise_gpi_sigma': 100.91782710515389, 'g_stn_gpe_mult': 1.8327737986832275, 'g_gpe_stn_mult': 0.18011641875872353, 'g_stn_gpi_mult': 2.4481139145956923, 'g_gpe_gpi_mult': 0.8891921059421275}. Best is trial 55 with value: 0.6712640879436993.
[I 2026-05-28 02:14:18,308] Trial 69 finished with value: 1000000.0 and parameters: {'ISTN': 70.50207232828528, 'I_gpe': 1.170319383506001, 'I_gpi': 1.9924429095571117, 'noise_stn_sigma': 3.61430779691883, 'noise_gpe_sigma': 79.96437108124684, 'noise_gpi_sigma': 117.58052983095583, 'g_stn_gpe_mult': 3.1552204532514967, 'g_gpe_stn_mult': 0.14875690131885952, 'g_stn_gpi_mult': 2.17411665875352, 'g_gpe_gpi_mult': 0.7373941856435606}. Best is trial 55 with value: 0.6712640879436993.
[I 2026-05-28 02:14:19,316] Trial 70 finished with value: 1.44542050764598 and parameters: {'ISTN': 61.13093606432743, 'I_gpe': 2.125783321207097, 'I_gpi': 2.260975223606614, 'noise_stn_sigma': 3.366870965644789, 'noise_gpe_sigma': 132.427948543414, 'noise_gpi_sigma': 100.62984459323825, 'g_stn_gpe_mult': 1.6542303135948466, 'g_gpe_stn_mult': 0.2667653697338985, 'g_stn_gpi_mult': 1.9438747097258382, 'g_gpe_gpi_mult': 0.7631553883637108}. Best is trial 55 with value: 0.6712640879436993.
[I 2026-05-28 02:14:20,323] Trial 71 finished with value: 1.9397075291721027 and parameters: {'ISTN': 83.60972618786016, 'I_gpe': 1.6355892167433415, 'I_gpi': 3.0264813396597345, 'noise_stn_sigma': 3.240859749744445, 'noise_gpe_sigma': 131.12263769968075, 'noise_gpi_sigma': 73.25871195761675, 'g_stn_gpe_mult': 2.1661809285622367, 'g_gpe_stn_mult': 0.27115063783543625, 'g_stn_gpi_mult': 3.163444050067146, 'g_gpe_gpi_mult': 0.9423425530689791}. Best is trial 55 with value: 0.6712640879436993.
[I 2026-05-28 02:14:21,328] Trial 72 finished with value: 1.9338240072827197 and parameters: {'ISTN': 72.0520837807443, 'I_gpe': 1.7287827295946434, 'I_gpi': 3.2755874525207997, 'noise_stn_sigma': 1.844315648441273, 'noise_gpe_sigma': 98.42445813873039, 'noise_gpi_sigma': 81.61562931951227, 'g_stn_gpe_mult': 3.107613057264725, 'g_gpe_stn_mult': 0.31549790234966046, 'g_stn_gpi_mult': 2.877748948334113, 'g_gpe_gpi_mult': 0.8187473967199062}. Best is trial 55 with value: 0.6712640879436993.
[I 2026-05-28 02:14:22,333] Trial 73 finished with value: 0.6027631458682815 and parameters: {'ISTN': 61.453149062099754, 'I_gpe': 1.6179969323961643, 'I_gpi': 1.7960721051896715, 'noise_stn_sigma': 5.417787648671701, 'noise_gpe_sigma': 93.50142793861544, 'noise_gpi_sigma': 82.90943372603127, 'g_stn_gpe_mult': 1.5393545444454682, 'g_gpe_stn_mult': 0.1292289559840343, 'g_stn_gpi_mult': 1.9122361847739096, 'g_gpe_gpi_mult': 0.8921531630311819}. Best is trial 73 with value: 0.6027631458682815.
[I 2026-05-28 02:14:23,341] Trial 74 finished with value: 1.0951695931428211 and parameters: {'ISTN': 70.24000741491554, 'I_gpe': 1.4641035834227365, 'I_gpi': 3.9015840720889283, 'noise_stn_sigma': 2.564610683984748, 'noise_gpe_sigma': 81.78725308410733, 'noise_gpi_sigma': 106.2312364259046, 'g_stn_gpe_mult': 2.3742416136711455, 'g_gpe_stn_mult': 0.11792080736464192, 'g_stn_gpi_mult': 3.0953339705528857, 'g_gpe_gpi_mult': 1.107066130001847}. Best is trial 73 with value: 0.6027631458682815.
[I 2026-05-28 02:14:24,346] Trial 75 finished with value: 2.0644617367902174 and parameters: {'ISTN': 76.25893550528379, 'I_gpe': 1.726284320839384, 'I_gpi': 3.209739436565644, 'noise_stn_sigma': 1.507983453816972, 'noise_gpe_sigma': 50.761550162633846, 'noise_gpi_sigma': 88.12582000196753, 'g_stn_gpe_mult': 2.470080155354637, 'g_gpe_stn_mult': 0.14773891741975587, 'g_stn_gpi_mult': 1.6615790415951115, 'g_gpe_gpi_mult': 1.0391432972740267}. Best is trial 73 with value: 0.6027631458682815.
[I 2026-05-28 02:14:25,352] Trial 76 finished with value: 1.235869745132706 and parameters: {'ISTN': 72.33271404558046, 'I_gpe': 0.947132392719, 'I_gpi': 2.6064318045346173, 'noise_stn_sigma': 2.7881565563680555, 'noise_gpe_sigma': 77.95061211320262, 'noise_gpi_sigma': 64.85223911624254, 'g_stn_gpe_mult': 2.246293607081408, 'g_gpe_stn_mult': 0.10958520119787968, 'g_stn_gpi_mult': 3.024528333530035, 'g_gpe_gpi_mult': 0.9777297011771224}. Best is trial 73 with value: 0.6027631458682815.
[I 2026-05-28 02:14:26,358] Trial 77 finished with value: 0.7636145927222122 and parameters: {'ISTN': 63.41469631492174, 'I_gpe': 1.5143555339916994, 'I_gpi': 3.090813723300121, 'noise_stn_sigma': 2.9058002611656915, 'noise_gpe_sigma': 92.39640182688103, 'noise_gpi_sigma': 82.80985622809702, 'g_stn_gpe_mult': 2.34353901572052, 'g_gpe_stn_mult': 0.14867733421408685, 'g_stn_gpi_mult': 2.8083200493442533, 'g_gpe_gpi_mult': 1.1189998502238252}. Best is trial 73 with value: 0.6027631458682815.
[I 2026-05-28 02:14:27,364] Trial 78 finished with value: 2.378701582288094 and parameters: {'ISTN': 89.51093578031916, 'I_gpe': 1.5146407290452195, 'I_gpi': 3.8956421052710777, 'noise_stn_sigma': 2.81842707836, 'noise_gpe_sigma': 88.96393891951871, 'noise_gpi_sigma': 104.45015737690333, 'g_stn_gpe_mult': 2.3303805453204673, 'g_gpe_stn_mult': 0.20415483007154842, 'g_stn_gpi_mult': 2.8321083944406835, 'g_gpe_gpi_mult': 0.9675202623210508}. Best is trial 73 with value: 0.6027631458682815.
[I 2026-05-28 02:14:28,372] Trial 79 finished with value: 1.3646335624699595 and parameters: {'ISTN': 76.34758513163301, 'I_gpe': 1.6531683776960797, 'I_gpi': 2.4084286026421573, 'noise_stn_sigma': 4.60348249848631, 'noise_gpe_sigma': 127.52004857430543, 'noise_gpi_sigma': 74.6196488270418, 'g_stn_gpe_mult': 1.9965932047352593, 'g_gpe_stn_mult': 0.23321368741175294, 'g_stn_gpi_mult': 2.950798146281925, 'g_gpe_gpi_mult': 1.1257193326571506}. Best is trial 73 with value: 0.6027631458682815.
[I 2026-05-28 02:14:29,380] Trial 80 finished with value: 1.79992720440909 and parameters: {'ISTN': 82.46974961820085, 'I_gpe': 1.4598029085546715, 'I_gpi': 2.373603732034995, 'noise_stn_sigma': 3.2993734743622647, 'noise_gpe_sigma': 95.71020173994874, 'noise_gpi_sigma': 93.43957519862651, 'g_stn_gpe_mult': 2.5037593573144195, 'g_gpe_stn_mult': 0.2917411671603496, 'g_stn_gpi_mult': 3.0535778689255353, 'g_gpe_gpi_mult': 1.0631279713118538}. Best is trial 73 with value: 0.6027631458682815.
[I 2026-05-28 02:14:30,389] Trial 81 finished with value: 1.6092997443370378 and parameters: {'ISTN': 71.7233943346565, 'I_gpe': 1.8345819661864184, 'I_gpi': 1.95608000066454, 'noise_stn_sigma': 3.766057753906478, 'noise_gpe_sigma': 86.7261845611585, 'noise_gpi_sigma': 72.39030366541678, 'g_stn_gpe_mult': 1.652856474918796, 'g_gpe_stn_mult': 0.27576438482864657, 'g_stn_gpi_mult': 2.9330952262656744, 'g_gpe_gpi_mult': 0.9763049681525988}. Best is trial 73 with value: 0.6027631458682815.
[I 2026-05-28 02:14:31,396] Trial 82 finished with value: 1.4918578778589848 and parameters: {'ISTN': 71.95389122399837, 'I_gpe': 1.0111530945888596, 'I_gpi': 3.7895770346982918, 'noise_stn_sigma': 5.816501439652395, 'noise_gpe_sigma': 84.9260494438355, 'noise_gpi_sigma': 97.25520704946696, 'g_stn_gpe_mult': 2.731236052092696, 'g_gpe_stn_mult': 0.10509246784857307, 'g_stn_gpi_mult': 2.434619547071495, 'g_gpe_gpi_mult': 0.9390831360338765}. Best is trial 73 with value: 0.6027631458682815.
[I 2026-05-28 02:14:32,403] Trial 83 finished with value: 1.717257537825212 and parameters: {'ISTN': 101.61534338890979, 'I_gpe': 0.8672433596315542, 'I_gpi': 2.608577350180105, 'noise_stn_sigma': 3.0022782236417807, 'noise_gpe_sigma': 93.87513577991938, 'noise_gpi_sigma': 93.65737039729292, 'g_stn_gpe_mult': 1.8188111482927092, 'g_gpe_stn_mult': 0.13774986985582868, 'g_stn_gpi_mult': 2.563462785988147, 'g_gpe_gpi_mult': 1.042600704769706}. Best is trial 73 with value: 0.6027631458682815.
[I 2026-05-28 02:14:33,410] Trial 84 finished with value: 1.8268960008114459 and parameters: {'ISTN': 85.16907571419411, 'I_gpe': 1.9606029742945539, 'I_gpi': 2.152390789473393, 'noise_stn_sigma': 4.923071159366074, 'noise_gpe_sigma': 102.96825706745652, 'noise_gpi_sigma': 80.95015464563983, 'g_stn_gpe_mult': 2.1585625266109236, 'g_gpe_stn_mult': 0.1721205461450673, 'g_stn_gpi_mult': 2.6457745641116883, 'g_gpe_gpi_mult': 0.7786381903994479}. Best is trial 73 with value: 0.6027631458682815.
[I 2026-05-28 02:14:34,417] Trial 85 finished with value: 1.8070322575660844 and parameters: {'ISTN': 88.87672669220595, 'I_gpe': 0.9359103327115947, 'I_gpi': 2.3994356398744316, 'noise_stn_sigma': 4.185279943539847, 'noise_gpe_sigma': 85.13694735239567, 'noise_gpi_sigma': 74.6444876790942, 'g_stn_gpe_mult': 2.0899802996726367, 'g_gpe_stn_mult': 0.2715717276515721, 'g_stn_gpi_mult': 2.5225925158717155, 'g_gpe_gpi_mult': 1.155783332003883}. Best is trial 73 with value: 0.6027631458682815.
[I 2026-05-28 02:14:35,424] Trial 86 finished with value: 1.3301008715964 and parameters: {'ISTN': 72.38963192509152, 'I_gpe': 1.2463807406210239, 'I_gpi': 2.3412661953336134, 'noise_stn_sigma': 3.500630971078789, 'noise_gpe_sigma': 77.56709299333069, 'noise_gpi_sigma': 107.95728175816976, 'g_stn_gpe_mult': 1.8627460061106353, 'g_gpe_stn_mult': 0.15507688787771598, 'g_stn_gpi_mult': 3.3950211748995276, 'g_gpe_gpi_mult': 1.1590852007541093}. Best is trial 73 with value: 0.6027631458682815.
[I 2026-05-28 02:14:36,428] Trial 87 finished with value: 0.853444624369643 and parameters: {'ISTN': 63.11329972685696, 'I_gpe': 1.1242768551172824, 'I_gpi': 3.292506714458581, 'noise_stn_sigma': 2.3947525306490274, 'noise_gpe_sigma': 71.13095084316453, 'noise_gpi_sigma': 90.12482744951804, 'g_stn_gpe_mult': 2.2257837550195783, 'g_gpe_stn_mult': 0.13444342147498065, 'g_stn_gpi_mult': 3.0751383432421324, 'g_gpe_gpi_mult': 0.959030750127124}. Best is trial 73 with value: 0.6027631458682815.
