[I 2026-05-28 02:43:11,789] Trial 779 finished with value: 0.007108304130407441 and parameters: {'ISTN': 60.7743976046919, 'I_gpe': 1.1067032297775847, 'I_gpi': 2.2791418248944786, 'noise_stn_sigma': 1.0502573937190143, 'noise_gpe_sigma': 145.43397818633306, 'noise_gpi_sigma': 145.5986946484488, 'g_stn_gpe_mult': 2.4180605101459465, 'g_gpe_stn_mult': 0.18422807574635297, 'g_stn_gpi_mult': 1.3206486496204342, 'g_gpe_gpi_mult': 0.958385832508361}. Best is trial 769 with value: 0.0035901102756729047.
[I 2026-05-28 02:43:12,799] Trial 780 finished with value: 0.017105786264923217 and parameters: {'ISTN': 61.265314957841284, 'I_gpe': 1.0999943743445204, 'I_gpi': 2.259935948728542, 'noise_stn_sigma': 1.1256009535863614, 'noise_gpe_sigma': 146.17874840991226, 'noise_gpi_sigma': 142.12114122983758, 'g_stn_gpe_mult': 2.452441714895333, 'g_gpe_stn_mult': 0.18093084747430072, 'g_stn_gpi_mult': 1.30719757003886, 'g_gpe_gpi_mult': 0.9541862170368811}. Best is trial 769 with value: 0.0035901102756729047.
[I 2026-05-28 02:43:13,810] Trial 781 finished with value: 0.005652463998004814 and parameters: {'ISTN': 60.33922009825686, 'I_gpe': 1.058718420199194, 'I_gpi': 2.270388894468609, 'noise_stn_sigma': 1.025242855613889, 'noise_gpe_sigma': 145.96945287403537, 'noise_gpi_sigma': 143.11999987082302, 'g_stn_gpe_mult': 2.4950519498234573, 'g_gpe_stn_mult': 0.18796668613302203, 'g_stn_gpi_mult': 1.2745086911659722, 'g_gpe_gpi_mult': 0.9743768647936866}. Best is trial 769 with value: 0.0035901102756729047.
[I 2026-05-28 02:43:14,818] Trial 782 finished with value: 0.003989909230522436 and parameters: {'ISTN': 60.21317381363781, 'I_gpe': 1.1091629246492198, 'I_gpi': 2.2682223002608515, 'noise_stn_sigma': 1.0409153853112105, 'noise_gpe_sigma': 144.34077231821874, 'noise_gpi_sigma': 141.3514808185069, 'g_stn_gpe_mult': 2.5415782543245284, 'g_gpe_stn_mult': 0.19063629338727248, 'g_stn_gpi_mult': 1.2935834451137422, 'g_gpe_gpi_mult': 0.982179314518959}. Best is trial 769 with value: 0.0035901102756729047.
[I 2026-05-28 02:43:15,828] Trial 783 finished with value: 0.003907288391694372 and parameters: {'ISTN': 60.12844833373941, 'I_gpe': 1.1150753172969772, 'I_gpi': 2.2742154111494637, 'noise_stn_sigma': 1.0551283922022605, 'noise_gpe_sigma': 144.23033687961134, 'noise_gpi_sigma': 141.91822218353877, 'g_stn_gpe_mult': 2.4446585556128424, 'g_gpe_stn_mult': 0.1868802463038634, 'g_stn_gpi_mult': 1.2936527711569528, 'g_gpe_gpi_mult': 0.9654478813505707}. Best is trial 769 with value: 0.0035901102756729047.
[I 2026-05-28 02:43:16,838] Trial 784 finished with value: 0.008346678523008065 and parameters: {'ISTN': 60.20581033988512, 'I_gpe': 1.1431651807296226, 'I_gpi': 2.324577487355339, 'noise_stn_sigma': 1.1214168215132392, 'noise_gpe_sigma': 145.64130638613818, 'noise_gpi_sigma': 137.85582061871867, 'g_stn_gpe_mult': 2.492883846218041, 'g_gpe_stn_mult': 0.18970497574190925, 'g_stn_gpi_mult': 1.3473294760163197, 'g_gpe_gpi_mult': 0.9695063594140547}. Best is trial 769 with value: 0.0035901102756729047.
[I 2026-05-28 02:43:17,845] Trial 785 finished with value: 0.009147022177352056 and parameters: {'ISTN': 60.73744810324903, 'I_gpe': 1.0855091904180028, 'I_gpi': 2.255206867667405, 'noise_stn_sigma': 1.1522281935778225, 'noise_gpe_sigma': 145.71348005574652, 'noise_gpi_sigma': 139.6765263292379, 'g_stn_gpe_mult': 2.4817111847521636, 'g_gpe_stn_mult': 0.18545122527240787, 'g_stn_gpi_mult': 1.3327063107035875, 'g_gpe_gpi_mult': 0.9497963342895721}. Best is trial 769 with value: 0.0035901102756729047.
[I 2026-05-28 02:43:18,852] Trial 786 finished with value: 0.006196529785248214 and parameters: {'ISTN': 60.12181397899767, 'I_gpe': 1.0976133007253868, 'I_gpi': 2.2907761298777096, 'noise_stn_sigma': 1.1108235311287367, 'noise_gpe_sigma': 143.4105835935813, 'noise_gpi_sigma': 141.9731118372631, 'g_stn_gpe_mult': 2.5020322905822923, 'g_gpe_stn_mult': 0.18164146106754286, 'g_stn_gpi_mult': 1.2806720401598468, 'g_gpe_gpi_mult': 0.9548977642726342}. Best is trial 769 with value: 0.0035901102756729047.
[I 2026-05-28 02:43:19,861] Trial 787 finished with value: 0.008207343671546954 and parameters: {'ISTN': 60.3692710718296, 'I_gpe': 1.1245245690271282, 'I_gpi': 2.2313436533681417, 'noise_stn_sigma': 1.1291571605728397, 'noise_gpe_sigma': 144.78714465447348, 'noise_gpi_sigma': 140.26986172988472, 'g_stn_gpe_mult': 2.437551772957563, 'g_gpe_stn_mult': 0.18152653718596912, 'g_stn_gpi_mult': 1.2832855641043088, 'g_gpe_gpi_mult': 0.957383196079}. Best is trial 769 with value: 0.0035901102756729047.
[I 2026-05-28 02:43:20,869] Trial 788 finished with value: 0.020085394612968988 and parameters: {'ISTN': 61.26268973589257, 'I_gpe': 1.0897884533497302, 'I_gpi': 2.2520689718847526, 'noise_stn_sigma': 1.1367750491212818, 'noise_gpe_sigma': 143.95484394794983, 'noise_gpi_sigma': 142.21533237376468, 'g_stn_gpe_mult': 2.4975366665427106, 'g_gpe_stn_mult': 0.18185918013499805, 'g_stn_gpi_mult': 1.2932883984272447, 'g_gpe_gpi_mult': 0.9626088384140239}. Best is trial 769 with value: 0.0035901102756729047.
[I 2026-05-28 02:43:21,878] Trial 789 finished with value: 0.0034469220365274515 and parameters: {'ISTN': 60.01378245254956, 'I_gpe': 1.1219903775792133, 'I_gpi': 2.257810056499956, 'noise_stn_sigma': 1.1510547905291018, 'noise_gpe_sigma': 145.60784498021155, 'noise_gpi_sigma': 139.4167264767765, 'g_stn_gpe_mult': 2.4565568569528438, 'g_gpe_stn_mult': 0.18668642794230855, 'g_stn_gpi_mult': 1.270736384904865, 'g_gpe_gpi_mult': 0.9745855708050226}. Best is trial 789 with value: 0.0034469220365274515.
[I 2026-05-28 02:43:22,886] Trial 790 finished with value: 0.005488923242172842 and parameters: {'ISTN': 60.2731622001052, 'I_gpe': 1.0699770254005965, 'I_gpi': 2.2688541467916403, 'noise_stn_sigma': 1.1915950908478568, 'noise_gpe_sigma': 147.0220954853255, 'noise_gpi_sigma': 141.6731701988656, 'g_stn_gpe_mult': 2.4874384004048684, 'g_gpe_stn_mult': 0.18698947217120693, 'g_stn_gpi_mult': 1.260226100369414, 'g_gpe_gpi_mult': 0.9493612875478996}. Best is trial 789 with value: 0.0034469220365274515.
[I 2026-05-28 02:43:23,896] Trial 791 finished with value: 0.004760050079856413 and parameters: {'ISTN': 60.47865749443854, 'I_gpe': 1.1363189093425934, 'I_gpi': 2.2312964917526625, 'noise_stn_sigma': 1.0882354386072437, 'noise_gpe_sigma': 143.06891273816223, 'noise_gpi_sigma': 140.1821727082183, 'g_stn_gpe_mult': 2.4293847060261, 'g_gpe_stn_mult': 0.18462764761415235, 'g_stn_gpi_mult': 1.2972577775742955, 'g_gpe_gpi_mult': 0.9849244127447256}. Best is trial 789 with value: 0.0034469220365274515.
[I 2026-05-28 02:43:24,906] Trial 792 finished with value: 0.006791570688382231 and parameters: {'ISTN': 60.243925808113794, 'I_gpe': 1.1065790795102148, 'I_gpi': 2.2545182354239595, 'noise_stn_sigma': 1.1259230962269458, 'noise_gpe_sigma': 142.29428485318772, 'noise_gpi_sigma': 139.7469496120728, 'g_stn_gpe_mult': 2.505125914659763, 'g_gpe_stn_mult': 0.18824233610135233, 'g_stn_gpi_mult': 1.2828933265487548, 'g_gpe_gpi_mult': 0.9685599317713913}. Best is trial 789 with value: 0.0034469220365274515.
[I 2026-05-28 02:43:25,916] Trial 793 finished with value: 0.004512669614977092 and parameters: {'ISTN': 60.27695582667376, 'I_gpe': 1.097475416551057, 'I_gpi': 2.247737456111043, 'noise_stn_sigma': 1.1613566393771866, 'noise_gpe_sigma': 147.24653749529315, 'noise_gpi_sigma': 138.7088196466788, 'g_stn_gpe_mult': 2.4542849476013977, 'g_gpe_stn_mult': 0.18586478934458872, 'g_stn_gpi_mult': 1.2812329898850947, 'g_gpe_gpi_mult': 0.9758804447291753}. Best is trial 789 with value: 0.0034469220365274515.
[I 2026-05-28 02:43:26,924] Trial 794 finished with value: 0.00615916751816807 and parameters: {'ISTN': 60.66388284182676, 'I_gpe': 1.0805467666185065, 'I_gpi': 2.24256533426356, 'noise_stn_sigma': 1.0403153886160894, 'noise_gpe_sigma': 145.36313506211388, 'noise_gpi_sigma': 140.1498927597421, 'g_stn_gpe_mult': 2.474336199138493, 'g_gpe_stn_mult': 0.1844894714996252, 'g_stn_gpi_mult': 1.2835999903972577, 'g_gpe_gpi_mult': 0.9721048297262518}. Best is trial 789 with value: 0.0034469220365274515.
[I 2026-05-28 02:43:27,932] Trial 795 finished with value: 0.0032435499892553357 and parameters: {'ISTN': 60.03653871335621, 'I_gpe': 1.1183301520908482, 'I_gpi': 2.2855434877285634, 'noise_stn_sigma': 1.1026564514573254, 'noise_gpe_sigma': 145.05111419898654, 'noise_gpi_sigma': 140.95286649277995, 'g_stn_gpe_mult': 2.4234996207067203, 'g_gpe_stn_mult': 0.1857816012565784, 'g_stn_gpi_mult': 1.269443816289456, 'g_gpe_gpi_mult': 0.9747194904530605}. Best is trial 795 with value: 0.0032435499892553357.
[I 2026-05-28 02:43:28,939] Trial 796 finished with value: 0.0030864469289696925 and parameters: {'ISTN': 60.12773876341309, 'I_gpe': 1.1205834054911947, 'I_gpi': 2.258182031923105, 'noise_stn_sigma': 1.1176381049884876, 'noise_gpe_sigma': 146.2723637739092, 'noise_gpi_sigma': 138.85170211392804, 'g_stn_gpe_mult': 2.4521948268515, 'g_gpe_stn_mult': 0.185788445998661, 'g_stn_gpi_mult': 1.2986965332395155, 'g_gpe_gpi_mult': 0.973456851292589}. Best is trial 796 with value: 0.0030864469289696925.
[I 2026-05-28 02:43:29,949] Trial 797 finished with value: 0.04167706490691802 and parameters: {'ISTN': 60.188569455334495, 'I_gpe': 1.1423472585576182, 'I_gpi': 2.27178986832811, 'noise_stn_sigma': 1.137202584900117, 'noise_gpe_sigma': 144.02773083461386, 'noise_gpi_sigma': 141.29065889805594, 'g_stn_gpe_mult': 2.457936727455249, 'g_gpe_stn_mult': 0.18330277420648583, 'g_stn_gpi_mult': 1.2973138386285843, 'g_gpe_gpi_mult': 0.9635689732681043}. Best is trial 796 with value: 0.0030864469289696925.
[I 2026-05-28 02:43:30,957] Trial 798 finished with value: 0.007140990367839247 and parameters: {'ISTN': 60.62655102821823, 'I_gpe': 1.1189699013254755, 'I_gpi': 2.280648749066029, 'noise_stn_sigma': 1.0989354148727632, 'noise_gpe_sigma': 143.94462707379222, 'noise_gpi_sigma': 139.6973677833491, 'g_stn_gpe_mult': 2.447173848696384, 'g_gpe_stn_mult': 0.1869699923591433, 'g_stn_gpi_mult': 1.2834628839483169, 'g_gpe_gpi_mult': 0.9661592911528425}. Best is trial 796 with value: 0.0030864469289696925.
[I 2026-05-28 02:43:31,966] Trial 799 finished with value: 0.0073483120536764574 and parameters: {'ISTN': 60.83223703846147, 'I_gpe': 1.1158390255289747, 'I_gpi': 2.264922593093555, 'noise_stn_sigma': 1.1030810787417291, 'noise_gpe_sigma': 143.5475444274447, 'noise_gpi_sigma': 139.59578021459674, 'g_stn_gpe_mult': 2.4990173289538427, 'g_gpe_stn_mult': 0.1809471196547786, 'g_stn_gpi_mult': 1.2672051642781816, 'g_gpe_gpi_mult': 0.9565706822298112}. Best is trial 796 with value: 0.0030864469289696925.
[I 2026-05-28 02:43:32,975] Trial 800 finished with value: 0.005804822402756145 and parameters: {'ISTN': 60.559772934492884, 'I_gpe': 1.1153807192962457, 'I_gpi': 2.249628125766365, 'noise_stn_sigma': 1.0405574198132412, 'noise_gpe_sigma': 146.94469121266945, 'noise_gpi_sigma': 141.4141446471856, 'g_stn_gpe_mult': 2.445453196690699, 'g_gpe_stn_mult': 0.18292394606038068, 'g_stn_gpi_mult': 1.2983794062954133, 'g_gpe_gpi_mult': 0.967410357705335}. Best is trial 796 with value: 0.0030864469289696925.
[I 2026-05-28 02:43:33,984] Trial 801 finished with value: 0.0045929393458887385 and parameters: {'ISTN': 60.1667593619759, 'I_gpe': 1.1028940727798497, 'I_gpi': 2.276328053976957, 'noise_stn_sigma': 1.2029721883981441, 'noise_gpe_sigma': 145.65589407184947, 'noise_gpi_sigma': 140.23238409440506, 'g_stn_gpe_mult': 2.513939326559604, 'g_gpe_stn_mult': 0.18559369684462157, 'g_stn_gpi_mult': 1.2913007658841902, 'g_gpe_gpi_mult': 0.963574240129802}. Best is trial 796 with value: 0.0030864469289696925.
[I 2026-05-28 02:43:34,997] Trial 802 finished with value: 0.006876614136435895 and parameters: {'ISTN': 60.026527332282896, 'I_gpe': 1.134054538898256, 'I_gpi': 2.304256481526969, 'noise_stn_sigma': 1.0963689977917261, 'noise_gpe_sigma': 146.27681598244055, 'noise_gpi_sigma': 138.78949677739806, 'g_stn_gpe_mult': 2.4747839281302855, 'g_gpe_stn_mult': 0.18268346511503988, 'g_stn_gpi_mult': 1.2754032584019446, 'g_gpe_gpi_mult': 0.9849547663659299}. Best is trial 796 with value: 0.0030864469289696925.
[I 2026-05-28 02:43:36,005] Trial 803 finished with value: 0.04129897781633754 and parameters: {'ISTN': 60.117324600697025, 'I_gpe': 1.1162721264800928, 'I_gpi': 2.2460894529652795, 'noise_stn_sigma': 1.2925331017714723, 'noise_gpe_sigma': 146.5188896264565, 'noise_gpi_sigma': 137.8770927339542, 'g_stn_gpe_mult': 2.453223447840233, 'g_gpe_stn_mult': 0.18883656454117503, 'g_stn_gpi_mult': 1.339048495316241, 'g_gpe_gpi_mult': 0.9778917229176913}. Best is trial 796 with value: 0.0030864469289696925.
[I 2026-05-28 02:43:37,014] Trial 804 finished with value: 0.008678633554106217 and parameters: {'ISTN': 60.52214312660282, 'I_gpe': 1.1185291008708214, 'I_gpi': 2.302274753971243, 'noise_stn_sigma': 1.144519199535742, 'noise_gpe_sigma': 147.02103917658906, 'noise_gpi_sigma': 140.19820896169554, 'g_stn_gpe_mult': 2.3943255396802137, 'g_gpe_stn_mult': 0.17678551343903037, 'g_stn_gpi_mult': 1.2885277308556313, 'g_gpe_gpi_mult': 0.9763672742318046}. Best is trial 796 with value: 0.0030864469289696925.
[I 2026-05-28 02:43:38,023] Trial 805 finished with value: 0.006161812159393254 and parameters: {'ISTN': 60.12762356396817, 'I_gpe': 1.1156706770829121, 'I_gpi': 2.234517428370434, 'noise_stn_sigma': 1.1723528068785454, 'noise_gpe_sigma': 148.08999329090923, 'noise_gpi_sigma': 141.18787459454734, 'g_stn_gpe_mult': 2.3837336906365985, 'g_gpe_stn_mult': 0.18473271734436508, 'g_stn_gpi_mult': 1.316638901748599, 'g_gpe_gpi_mult': 0.9761862908058778}. Best is trial 796 with value: 0.0030864469289696925.
[I 2026-05-28 02:43:39,034] Trial 806 finished with value: 0.003333738391334579 and parameters: {'ISTN': 60.02191328369792, 'I_gpe': 1.1062998305505227, 'I_gpi': 2.2571546228449417, 'noise_stn_sigma': 1.0963352930140402, 'noise_gpe_sigma': 147.27408470906175, 'noise_gpi_sigma': 140.70297908231282, 'g_stn_gpe_mult': 2.4177154736158943, 'g_gpe_stn_mult': 0.18983287371541646, 'g_stn_gpi_mult': 1.3136814293222905, 'g_gpe_gpi_mult': 0.9772938407591822}. Best is trial 796 with value: 0.0030864469289696925.
[I 2026-05-28 02:43:40,045] Trial 807 finished with value: 0.00502092379964093 and parameters: {'ISTN': 60.10995785179114, 'I_gpe': 1.1147265028786202, 'I_gpi': 2.264884241657257, 'noise_stn_sigma': 1.1044670325580421, 'noise_gpe_sigma': 144.70524838287014, 'noise_gpi_sigma': 139.519809106269, 'g_stn_gpe_mult': 2.441396679586542, 'g_gpe_stn_mult': 0.18804268091456988, 'g_stn_gpi_mult': 1.2912673845880545, 'g_gpe_gpi_mult': 0.9663329330000239}. Best is trial 796 with value: 0.0030864469289696925.
[I 2026-05-28 02:43:41,054] Trial 808 finished with value: 0.0047708383370164064 and parameters: {'ISTN': 60.37075949564831, 'I_gpe': 1.128224039535835, 'I_gpi': 2.2477200917835933, 'noise_stn_sigma': 1.1111400357099774, 'noise_gpe_sigma': 146.3365705069645, 'noise_gpi_sigma': 136.33839896607793, 'g_stn_gpe_mult': 2.432939300255897, 'g_gpe_stn_mult': 0.18246057566205187, 'g_stn_gpi_mult': 1.3184493622846047, 'g_gpe_gpi_mult': 0.9757188241660644}. Best is trial 796 with value: 0.0030864469289696925.
[I 2026-05-28 02:43:42,063] Trial 809 finished with value: 0.018082841202452345 and parameters: {'ISTN': 60.543231259514215, 'I_gpe': 1.130147423382427, 'I_gpi': 2.223864176930988, 'noise_stn_sigma': 1.1000073779002904, 'noise_gpe_sigma': 146.37721927524817, 'noise_gpi_sigma': 138.84435566903613, 'g_stn_gpe_mult': 2.477906877185376, 'g_gpe_stn_mult': 0.1894004281753907, 'g_stn_gpi_mult': 1.3014944488134979, 'g_gpe_gpi_mult': 0.9598511074200355}. Best is trial 796 with value: 0.0030864469289696925.
[I 2026-05-28 02:43:43,070] Trial 810 finished with value: 0.005085079364348815 and parameters: {'ISTN': 60.62838410265361, 'I_gpe': 1.1417228944682698, 'I_gpi': 2.222424100640199, 'noise_stn_sigma': 1.1408551057761116, 'noise_gpe_sigma': 145.50352867001448, 'noise_gpi_sigma': 139.37227930402378, 'g_stn_gpe_mult': 2.416199762129676, 'g_gpe_stn_mult': 0.1778944216341785, 'g_stn_gpi_mult': 1.3107602790319073, 'g_gpe_gpi_mult': 0.958776303691846}. Best is trial 796 with value: 0.0030864469289696925.
[I 2026-05-28 02:43:44,081] Trial 811 finished with value: 0.006660315614029905 and parameters: {'ISTN': 60.166535026112236, 'I_gpe': 1.0882433906768259, 'I_gpi': 2.289557584207615, 'noise_stn_sigma': 1.2414286680373035, 'noise_gpe_sigma': 146.73990752772153, 'noise_gpi_sigma': 140.75897262571561, 'g_stn_gpe_mult': 2.4573936619265577, 'g_gpe_stn_mult': 0.1822364858877486, 'g_stn_gpi_mult': 1.2907214834646474, 'g_gpe_gpi_mult': 0.9711445174088316}. Best is trial 796 with value: 0.0030864469289696925.
[I 2026-05-28 02:43:45,092] Trial 812 finished with value: 0.010519444579547878 and parameters: {'ISTN': 60.18239135806378, 'I_gpe': 1.13990191121432, 'I_gpi': 2.2718685590356977, 'noise_stn_sigma': 1.1105195396249754, 'noise_gpe_sigma': 146.88693801871972, 'noise_gpi_sigma': 137.81915352549748, 'g_stn_gpe_mult': 2.3968458693529855, 'g_gpe_stn_mult': 0.19099632913030745, 'g_stn_gpi_mult': 1.3638579559118764, 'g_gpe_gpi_mult': 0.9739321580928599}. Best is trial 796 with value: 0.0030864469289696925.
[I 2026-05-28 02:43:46,102] Trial 813 finished with value: 0.004004139969138689 and parameters: {'ISTN': 60.24217708915303, 'I_gpe': 1.0941335792129108, 'I_gpi': 2.2701026661829387, 'noise_stn_sigma': 1.0013432139829432, 'noise_gpe_sigma': 145.8816898736177, 'noise_gpi_sigma': 139.37676041038594, 'g_stn_gpe_mult': 2.452936357972025, 'g_gpe_stn_mult': 0.18585828488277245, 'g_stn_gpi_mult': 1.2519716870071576, 'g_gpe_gpi_mult': 0.9743401878678648}. Best is trial 796 with value: 0.0030864469289696925.
[I 2026-05-28 02:43:47,112] Trial 814 finished with value: 0.004795499070148993 and parameters: {'ISTN': 60.285360361368895, 'I_gpe': 1.1191582312258017, 'I_gpi': 2.266350217807308, 'noise_stn_sigma': 1.0458573042636294, 'noise_gpe_sigma': 146.02131878758706, 'noise_gpi_sigma': 138.12949243967586, 'g_stn_gpe_mult': 2.4292130031720567, 'g_gpe_stn_mult': 0.18788693440874532, 'g_stn_gpi_mult': 1.2742469649736567, 'g_gpe_gpi_mult': 0.9757816334163087}. Best is trial 796 with value: 0.0030864469289696925.
[I 2026-05-28 02:43:48,122] Trial 815 finished with value: 0.005597974938377723 and parameters: {'ISTN': 60.016293505829225, 'I_gpe': 1.1157197792879805, 'I_gpi': 2.218011716233436, 'noise_stn_sigma': 1.1626269859226952, 'noise_gpe_sigma': 148.166128752819, 'noise_gpi_sigma': 138.32637140344906, 'g_stn_gpe_mult': 2.4499762813503074, 'g_gpe_stn_mult': 0.18820186086479518, 'g_stn_gpi_mult': 1.2984001229622566, 'g_gpe_gpi_mult': 0.9758754924904651}. Best is trial 796 with value: 0.0030864469289696925.
[I 2026-05-28 02:43:49,132] Trial 816 finished with value: 0.009307410872420258 and parameters: {'ISTN': 60.72317149321226, 'I_gpe': 1.123580205859322, 'I_gpi': 2.2907087734833276, 'noise_stn_sigma': 1.1643889433734624, 'noise_gpe_sigma': 147.371593594751, 'noise_gpi_sigma': 139.60322886996238, 'g_stn_gpe_mult': 2.4836878869884615, 'g_gpe_stn_mult': 0.18172407116478817, 'g_stn_gpi_mult': 1.3265902421490476, 'g_gpe_gpi_mult': 0.9739292605467103}. Best is trial 796 with value: 0.0030864469289696925.
[I 2026-05-28 02:43:50,143] Trial 817 finished with value: 0.006788725161530549 and parameters: {'ISTN': 60.018340779848884, 'I_gpe': 1.1204331536464167, 'I_gpi': 2.2517524448763937, 'noise_stn_sigma': 1.148530640371198, 'noise_gpe_sigma': 149.09775596596234, 'noise_gpi_sigma': 138.5939166261901, 'g_stn_gpe_mult': 2.411917779738842, 'g_gpe_stn_mult': 0.1911249394896129, 'g_stn_gpi_mult': 1.3046122111274165, 'g_gpe_gpi_mult': 0.9735744894277054}. Best is trial 796 with value: 0.0030864469289696925.
[I 2026-05-28 02:43:51,150] Trial 818 finished with value: 0.006327132536368826 and parameters: {'ISTN': 60.321580558610734, 'I_gpe': 1.128308952094567, 'I_gpi': 2.2993184439153382, 'noise_stn_sigma': 1.1755433326595208, 'noise_gpe_sigma': 145.72974663335077, 'noise_gpi_sigma': 141.87387954211093, 'g_stn_gpe_mult': 2.4870136396636804, 'g_gpe_stn_mult': 0.18800747619948166, 'g_stn_gpi_mult': 1.2805229710756598, 'g_gpe_gpi_mult': 0.9723191026590914}. Best is trial 796 with value: 0.0030864469289696925.
[I 2026-05-28 02:43:52,159] Trial 819 finished with value: 0.00796834844739094 and parameters: {'ISTN': 60.23570396748501, 'I_gpe': 1.1212215842038349, 'I_gpi': 2.1996214103490432, 'noise_stn_sigma': 1.1835399117118697, 'noise_gpe_sigma': 147.20917972580403, 'noise_gpi_sigma': 139.15196022938045, 'g_stn_gpe_mult': 2.423215988471133, 'g_gpe_stn_mult': 0.18543440904079384, 'g_stn_gpi_mult': 1.3227864792926216, 'g_gpe_gpi_mult': 0.9635535368117227}. Best is trial 796 with value: 0.0030864469289696925.
[I 2026-05-28 02:43:53,170] Trial 820 finished with value: 0.004614836484824707 and parameters: {'ISTN': 60.212132234469934, 'I_gpe': 1.1033558798238206, 'I_gpi': 2.2915530846973162, 'noise_stn_sigma': 1.0826278735363635, 'noise_gpe_sigma': 144.13975786239962, 'noise_gpi_sigma': 139.3714404942825, 'g_stn_gpe_mult': 2.4454665055964644, 'g_gpe_stn_mult': 0.18699504984159224, 'g_stn_gpi_mult': 1.2754984073010989, 'g_gpe_gpi_mult': 0.9822871849904355}. Best is trial 796 with value: 0.0030864469289696925.
[I 2026-05-28 02:43:54,178] Trial 821 finished with value: 0.006205108620477494 and parameters: {'ISTN': 60.39244357995164, 'I_gpe': 1.0902619928688675, 'I_gpi': 2.2736872764758527, 'noise_stn_sigma': 1.1338157819806662, 'noise_gpe_sigma': 145.94914718440177, 'noise_gpi_sigma': 138.76741882036276, 'g_stn_gpe_mult': 2.4817676387401915, 'g_gpe_stn_mult': 0.18346141035348573, 'g_stn_gpi_mult': 1.2700858006005782, 'g_gpe_gpi_mult': 0.975783529411014}. Best is trial 796 with value: 0.0030864469289696925.
