[I 2026-05-28 01:32:34,251] Trial 616 finished with value: 0.141511871621731 and parameters: {'ISTN': 60.56443809727243, 'I_gpe': 1.3146810340340838, 'I_gpi': 2.117679304474345, 'noise_stn_sigma': 2.5561931486746383, 'noise_gpe_sigma': 91.12725485084167, 'noise_gpi_sigma': 86.26845855840493, 'g_stn_gpe_mult': 2.5252068985797376, 'g_gpe_stn_mult': 0.17101904094236867, 'g_stn_gpi_mult': 1.8586224159550147, 'g_gpe_gpi_mult': 0.7598059397630716}. Best is trial 609 with value: 0.13765235534584677.
[I 2026-05-28 01:32:35,261] Trial 617 finished with value: 0.14207110132542006 and parameters: {'ISTN': 61.383204237340465, 'I_gpe': 1.3377099941254063, 'I_gpi': 2.1721917759949716, 'noise_stn_sigma': 2.223878165615985, 'noise_gpe_sigma': 92.2083918219265, 'noise_gpi_sigma': 88.40365531750977, 'g_stn_gpe_mult': 2.3777443451367057, 'g_gpe_stn_mult': 0.1553209271770232, 'g_stn_gpi_mult': 1.7397810390496302, 'g_gpe_gpi_mult': 0.7661543242529423}. Best is trial 609 with value: 0.13765235534584677.
[I 2026-05-28 01:32:36,265] Trial 618 finished with value: 0.5473758915736002 and parameters: {'ISTN': 60.47515027855631, 'I_gpe': 1.3803318541371483, 'I_gpi': 2.098614912122815, 'noise_stn_sigma': 2.1880837198920475, 'noise_gpe_sigma': 89.02124984954143, 'noise_gpi_sigma': 88.86038104688237, 'g_stn_gpe_mult': 2.407782483995681, 'g_gpe_stn_mult': 0.1467648228850861, 'g_stn_gpi_mult': 1.803346972587139, 'g_gpe_gpi_mult': 0.7614767074127118}. Best is trial 609 with value: 0.13765235534584677.
[I 2026-05-28 01:32:37,268] Trial 619 finished with value: 0.29243064541415387 and parameters: {'ISTN': 60.06232139155334, 'I_gpe': 1.3025845187288394, 'I_gpi': 2.1145634966246716, 'noise_stn_sigma': 2.5784484019475276, 'noise_gpe_sigma': 88.47974382330293, 'noise_gpi_sigma': 87.98135044806729, 'g_stn_gpe_mult': 2.478704730085334, 'g_gpe_stn_mult': 0.15645548325238692, 'g_stn_gpi_mult': 1.8402472507109802, 'g_gpe_gpi_mult': 0.741119425298403}. Best is trial 609 with value: 0.13765235534584677.
[I 2026-05-28 01:32:38,274] Trial 620 finished with value: 0.14393664968821354 and parameters: {'ISTN': 60.64546579942809, 'I_gpe': 1.436406383008034, 'I_gpi': 2.2068645263103033, 'noise_stn_sigma': 2.0219013503808942, 'noise_gpe_sigma': 88.11103559090711, 'noise_gpi_sigma': 95.94351086205609, 'g_stn_gpe_mult': 2.299101617783341, 'g_gpe_stn_mult': 0.16440166304826737, 'g_stn_gpi_mult': 1.7546476743207076, 'g_gpe_gpi_mult': 0.7377074204087277}. Best is trial 609 with value: 0.13765235534584677.
[I 2026-05-28 01:32:39,280] Trial 621 finished with value: 0.16762637057172125 and parameters: {'ISTN': 60.4737696048863, 'I_gpe': 1.3283623770920912, 'I_gpi': 2.1576525250073946, 'noise_stn_sigma': 2.343608430066542, 'noise_gpe_sigma': 89.1983280396978, 'noise_gpi_sigma': 82.13243535483876, 'g_stn_gpe_mult': 2.449667183412084, 'g_gpe_stn_mult': 0.16464700816739225, 'g_stn_gpi_mult': 1.798535906312366, 'g_gpe_gpi_mult': 0.7733967073548236}. Best is trial 609 with value: 0.13765235534584677.
[I 2026-05-28 01:32:40,286] Trial 622 finished with value: 0.1601731278095201 and parameters: {'ISTN': 60.846268192172474, 'I_gpe': 1.4042166929453432, 'I_gpi': 2.139369057683678, 'noise_stn_sigma': 2.5275647609732483, 'noise_gpe_sigma': 92.67206595799448, 'noise_gpi_sigma': 95.17163720687654, 'g_stn_gpe_mult': 2.448001595509889, 'g_gpe_stn_mult': 0.17610720070681218, 'g_stn_gpi_mult': 1.7425047870578592, 'g_gpe_gpi_mult': 0.7431320069105123}. Best is trial 609 with value: 0.13765235534584677.
[I 2026-05-28 01:32:41,291] Trial 623 finished with value: 0.18022542090969293 and parameters: {'ISTN': 61.7884221704698, 'I_gpe': 1.262162915141881, 'I_gpi': 2.2662386219379593, 'noise_stn_sigma': 2.6552749522626726, 'noise_gpe_sigma': 90.99527835391366, 'noise_gpi_sigma': 89.92151184192244, 'g_stn_gpe_mult': 2.287714945910958, 'g_gpe_stn_mult': 0.18233750466391274, 'g_stn_gpi_mult': 1.8679722366299432, 'g_gpe_gpi_mult': 0.7708959600370939}. Best is trial 609 with value: 0.13765235534584677.
[I 2026-05-28 01:32:42,298] Trial 624 finished with value: 0.15384695776843293 and parameters: {'ISTN': 61.391329737399246, 'I_gpe': 1.3779815827076107, 'I_gpi': 2.2137284502761014, 'noise_stn_sigma': 2.623615508336444, 'noise_gpe_sigma': 90.62515187293538, 'noise_gpi_sigma': 83.78438402066985, 'g_stn_gpe_mult': 2.4465420753172804, 'g_gpe_stn_mult': 0.15607540523159585, 'g_stn_gpi_mult': 1.765606462316938, 'g_gpe_gpi_mult': 0.7706468339084134}. Best is trial 609 with value: 0.13765235534584677.
[I 2026-05-28 01:32:43,303] Trial 625 finished with value: 0.14905153837990337 and parameters: {'ISTN': 61.28820039286897, 'I_gpe': 1.3142826345240983, 'I_gpi': 2.1648325159365926, 'noise_stn_sigma': 2.5958166794527826, 'noise_gpe_sigma': 90.64127610770069, 'noise_gpi_sigma': 87.49131210389729, 'g_stn_gpe_mult': 2.439854008396871, 'g_gpe_stn_mult': 0.15875883730383897, 'g_stn_gpi_mult': 1.8137235105682956, 'g_gpe_gpi_mult': 0.7480969495456367}. Best is trial 609 with value: 0.13765235534584677.
[I 2026-05-28 01:32:44,308] Trial 626 finished with value: 0.13661603929495322 and parameters: {'ISTN': 60.30591680191742, 'I_gpe': 1.4192017730733264, 'I_gpi': 2.178825188165744, 'noise_stn_sigma': 2.230679439543305, 'noise_gpe_sigma': 91.32116856370101, 'noise_gpi_sigma': 89.9863353167874, 'g_stn_gpe_mult': 2.3530966414556254, 'g_gpe_stn_mult': 0.15540767934697497, 'g_stn_gpi_mult': 1.7651558740646967, 'g_gpe_gpi_mult': 0.7735726868016932}. Best is trial 626 with value: 0.13661603929495322.
[I 2026-05-28 01:32:45,314] Trial 627 finished with value: 0.13198094924998152 and parameters: {'ISTN': 60.19444949172296, 'I_gpe': 1.3077841881911256, 'I_gpi': 2.1401419444675236, 'noise_stn_sigma': 2.247620430902265, 'noise_gpe_sigma': 92.25665970763082, 'noise_gpi_sigma': 87.02070434137394, 'g_stn_gpe_mult': 2.311413070858911, 'g_gpe_stn_mult': 0.16926360250339045, 'g_stn_gpi_mult': 1.9177903695217244, 'g_gpe_gpi_mult': 0.7535702482919244}. Best is trial 627 with value: 0.13198094924998152.
[I 2026-05-28 01:32:46,320] Trial 628 finished with value: 0.14420056537146095 and parameters: {'ISTN': 60.68482816494751, 'I_gpe': 1.3135250870289894, 'I_gpi': 2.2177703553129566, 'noise_stn_sigma': 2.455607150802762, 'noise_gpe_sigma': 91.74016587553025, 'noise_gpi_sigma': 90.37597363415401, 'g_stn_gpe_mult': 2.4902662484044997, 'g_gpe_stn_mult': 0.16730775763467143, 'g_stn_gpi_mult': 1.8433656512354952, 'g_gpe_gpi_mult': 0.7615915036393917}. Best is trial 627 with value: 0.13198094924998152.
[I 2026-05-28 01:32:47,324] Trial 629 finished with value: 0.1585817370086293 and parameters: {'ISTN': 61.04699660278136, 'I_gpe': 1.3366006752215789, 'I_gpi': 2.071864317359239, 'noise_stn_sigma': 2.627011120623736, 'noise_gpe_sigma': 90.39350936192463, 'noise_gpi_sigma': 88.0787172390612, 'g_stn_gpe_mult': 2.603127206155579, 'g_gpe_stn_mult': 0.17351380476386385, 'g_stn_gpi_mult': 1.7938858280885548, 'g_gpe_gpi_mult': 0.7475965579396004}. Best is trial 627 with value: 0.13198094924998152.
[I 2026-05-28 01:32:48,331] Trial 630 finished with value: 0.15842684218418357 and parameters: {'ISTN': 60.94896444976091, 'I_gpe': 1.3978905203908831, 'I_gpi': 2.029889754903296, 'noise_stn_sigma': 2.678171840396525, 'noise_gpe_sigma': 88.22386697837874, 'noise_gpi_sigma': 89.09704522572976, 'g_stn_gpe_mult': 2.6284051383727864, 'g_gpe_stn_mult': 0.16251578094368233, 'g_stn_gpi_mult': 1.7487306254557264, 'g_gpe_gpi_mult': 0.7734206534013917}. Best is trial 627 with value: 0.13198094924998152.
[I 2026-05-28 01:32:49,336] Trial 631 finished with value: 0.1386683052797619 and parameters: {'ISTN': 60.26062880995994, 'I_gpe': 1.3234098276383541, 'I_gpi': 2.0835994418262684, 'noise_stn_sigma': 2.589512769505018, 'noise_gpe_sigma': 91.4584650848905, 'noise_gpi_sigma': 86.21370436596779, 'g_stn_gpe_mult': 2.5407612121342464, 'g_gpe_stn_mult': 0.16238533396773142, 'g_stn_gpi_mult': 2.0575226117706764, 'g_gpe_gpi_mult': 0.7877040987990043}. Best is trial 627 with value: 0.13198094924998152.
[I 2026-05-28 01:32:50,341] Trial 632 finished with value: 0.1460003371542154 and parameters: {'ISTN': 61.372825672069766, 'I_gpe': 1.2988236009154681, 'I_gpi': 2.1553763200048035, 'noise_stn_sigma': 2.0169461330402267, 'noise_gpe_sigma': 95.60236013388347, 'noise_gpi_sigma': 89.77444560479628, 'g_stn_gpe_mult': 2.3911298540552592, 'g_gpe_stn_mult': 0.1668605899568406, 'g_stn_gpi_mult': 1.845851693295851, 'g_gpe_gpi_mult': 0.7736113353036014}. Best is trial 627 with value: 0.13198094924998152.
[I 2026-05-28 01:32:51,345] Trial 633 finished with value: 0.1497375013860612 and parameters: {'ISTN': 61.98422370373195, 'I_gpe': 1.252140600610963, 'I_gpi': 2.1851571955622426, 'noise_stn_sigma': 2.4009802120302086, 'noise_gpe_sigma': 93.31512608667701, 'noise_gpi_sigma': 91.76115590401812, 'g_stn_gpe_mult': 2.426015797736509, 'g_gpe_stn_mult': 0.15108622142894323, 'g_stn_gpi_mult': 1.983228155403199, 'g_gpe_gpi_mult': 0.7577054364482363}. Best is trial 627 with value: 0.13198094924998152.
[I 2026-05-28 01:32:52,352] Trial 634 finished with value: 0.1371539597370066 and parameters: {'ISTN': 60.37165942715102, 'I_gpe': 1.364706831853598, 'I_gpi': 2.179784395679116, 'noise_stn_sigma': 2.327233073470609, 'noise_gpe_sigma': 92.8321856962863, 'noise_gpi_sigma': 87.04587964677992, 'g_stn_gpe_mult': 2.461838389720202, 'g_gpe_stn_mult': 0.16625732050713865, 'g_stn_gpi_mult': 1.9178356262567893, 'g_gpe_gpi_mult': 0.7716192556256396}. Best is trial 627 with value: 0.13198094924998152.
[I 2026-05-28 01:32:53,356] Trial 635 finished with value: 0.14869039741678022 and parameters: {'ISTN': 60.997677292668975, 'I_gpe': 1.3132784406372258, 'I_gpi': 2.103301441809137, 'noise_stn_sigma': 2.175108765246515, 'noise_gpe_sigma': 93.428328584414, 'noise_gpi_sigma': 88.06693101753375, 'g_stn_gpe_mult': 2.307067790567916, 'g_gpe_stn_mult': 0.173702797466265, 'g_stn_gpi_mult': 1.8411860099706399, 'g_gpe_gpi_mult': 0.7541807901881037}. Best is trial 627 with value: 0.13198094924998152.
[I 2026-05-28 01:32:54,362] Trial 636 finished with value: 0.13776149746653402 and parameters: {'ISTN': 60.85854642324925, 'I_gpe': 1.3186892308340257, 'I_gpi': 2.1325842705142084, 'noise_stn_sigma': 2.313684703067396, 'noise_gpe_sigma': 91.9631559422344, 'noise_gpi_sigma': 86.23058717593382, 'g_stn_gpe_mult': 2.2878695023729385, 'g_gpe_stn_mult': 0.151558837837649, 'g_stn_gpi_mult': 1.8076459660970747, 'g_gpe_gpi_mult': 0.7582032381950268}. Best is trial 627 with value: 0.13198094924998152.
[I 2026-05-28 01:32:55,367] Trial 637 finished with value: 0.14845519988540096 and parameters: {'ISTN': 60.73652070194136, 'I_gpe': 1.2979634837449134, 'I_gpi': 2.094286479990547, 'noise_stn_sigma': 2.4440514048710265, 'noise_gpe_sigma': 93.54454165276812, 'noise_gpi_sigma': 86.73945807794243, 'g_stn_gpe_mult': 2.421322478810502, 'g_gpe_stn_mult': 0.15692878214599584, 'g_stn_gpi_mult': 1.9661956120495128, 'g_gpe_gpi_mult': 0.7552720988046666}. Best is trial 627 with value: 0.13198094924998152.
[I 2026-05-28 01:32:56,372] Trial 638 finished with value: 0.14206201610829142 and parameters: {'ISTN': 60.47802367789747, 'I_gpe': 1.3512918113308716, 'I_gpi': 2.2647488596883485, 'noise_stn_sigma': 2.3027593768100303, 'noise_gpe_sigma': 90.6261741591704, 'noise_gpi_sigma': 90.05018562308727, 'g_stn_gpe_mult': 2.26318784347113, 'g_gpe_stn_mult': 0.15462388434327104, 'g_stn_gpi_mult': 1.9199278103552606, 'g_gpe_gpi_mult': 0.7477789343783674}. Best is trial 627 with value: 0.13198094924998152.
[I 2026-05-28 01:32:57,380] Trial 639 finished with value: 0.13977299433898907 and parameters: {'ISTN': 60.69928503580949, 'I_gpe': 1.3585965284400427, 'I_gpi': 2.1331692149344885, 'noise_stn_sigma': 2.3342154024417283, 'noise_gpe_sigma': 92.56965389055846, 'noise_gpi_sigma': 85.68879691242846, 'g_stn_gpe_mult': 2.3216032192669154, 'g_gpe_stn_mult': 0.16405601964035826, 'g_stn_gpi_mult': 1.869265142446621, 'g_gpe_gpi_mult': 0.7605873921314181}. Best is trial 627 with value: 0.13198094924998152.
[I 2026-05-28 01:32:58,386] Trial 640 finished with value: 0.1494474749541885 and parameters: {'ISTN': 60.45245731233642, 'I_gpe': 1.3626212379371938, 'I_gpi': 2.2783055412998916, 'noise_stn_sigma': 2.55039301429622, 'noise_gpe_sigma': 90.66798078896656, 'noise_gpi_sigma': 91.75510428942276, 'g_stn_gpe_mult': 2.4337643014411094, 'g_gpe_stn_mult': 0.16028707832909625, 'g_stn_gpi_mult': 1.8094190840739617, 'g_gpe_gpi_mult': 0.7257079418267036}. Best is trial 627 with value: 0.13198094924998152.
[I 2026-05-28 01:32:59,393] Trial 641 finished with value: 0.13803595771420027 and parameters: {'ISTN': 60.25528133663024, 'I_gpe': 1.395267560403029, 'I_gpi': 2.171711736040578, 'noise_stn_sigma': 2.337173545169521, 'noise_gpe_sigma': 92.37435080991858, 'noise_gpi_sigma': 87.78514458573544, 'g_stn_gpe_mult': 2.46287188469395, 'g_gpe_stn_mult': 0.16141065246586755, 'g_stn_gpi_mult': 1.944834992163445, 'g_gpe_gpi_mult': 0.7934424496733301}. Best is trial 627 with value: 0.13198094924998152.
[I 2026-05-28 01:33:00,395] Trial 642 finished with value: 0.14707223192516752 and parameters: {'ISTN': 60.74145898811166, 'I_gpe': 1.3757009595261158, 'I_gpi': 2.012786810578982, 'noise_stn_sigma': 2.316148085142716, 'noise_gpe_sigma': 92.46851484586269, 'noise_gpi_sigma': 87.83871576841932, 'g_stn_gpe_mult': 2.352318881156858, 'g_gpe_stn_mult': 0.16292502052427027, 'g_stn_gpi_mult': 1.9014127231797493, 'g_gpe_gpi_mult': 0.7469972659468078}. Best is trial 627 with value: 0.13198094924998152.
[I 2026-05-28 01:33:01,399] Trial 643 finished with value: 0.14425694638037778 and parameters: {'ISTN': 60.223692420248895, 'I_gpe': 1.3093063085894778, 'I_gpi': 2.1487597836016774, 'noise_stn_sigma': 2.367972111192818, 'noise_gpe_sigma': 90.51139256584933, 'noise_gpi_sigma': 84.72291693491384, 'g_stn_gpe_mult': 2.4081121010242437, 'g_gpe_stn_mult': 0.1752788711453978, 'g_stn_gpi_mult': 1.920041867595363, 'g_gpe_gpi_mult': 0.7982143692207582}. Best is trial 627 with value: 0.13198094924998152.
[I 2026-05-28 01:33:02,402] Trial 644 finished with value: 0.14594505560396798 and parameters: {'ISTN': 60.42945437196062, 'I_gpe': 1.445874521235862, 'I_gpi': 2.0636160642753136, 'noise_stn_sigma': 2.4419442026578144, 'noise_gpe_sigma': 92.91895607466077, 'noise_gpi_sigma': 86.9048377302714, 'g_stn_gpe_mult': 2.499098839181663, 'g_gpe_stn_mult': 0.16892651283289653, 'g_stn_gpi_mult': 2.030750494806135, 'g_gpe_gpi_mult': 0.7977822461723834}. Best is trial 627 with value: 0.13198094924998152.
[I 2026-05-28 01:33:03,407] Trial 645 finished with value: 0.231881364577933 and parameters: {'ISTN': 60.63436870519561, 'I_gpe': 1.2938102279643315, 'I_gpi': 2.198559870080218, 'noise_stn_sigma': 2.415596876379503, 'noise_gpe_sigma': 94.57895409627808, 'noise_gpi_sigma': 86.85310236461966, 'g_stn_gpe_mult': 2.4461440854277043, 'g_gpe_stn_mult': 0.1572775767195327, 'g_stn_gpi_mult': 1.8663690449936003, 'g_gpe_gpi_mult': 0.7648264566392815}. Best is trial 627 with value: 0.13198094924998152.
[I 2026-05-28 01:33:04,409] Trial 646 finished with value: 0.15153349639312907 and parameters: {'ISTN': 61.33771664592195, 'I_gpe': 1.4418083060807816, 'I_gpi': 2.1468996083563043, 'noise_stn_sigma': 2.396574973817695, 'noise_gpe_sigma': 90.8028013467691, 'noise_gpi_sigma': 87.90272927793703, 'g_stn_gpe_mult': 2.361496614009644, 'g_gpe_stn_mult': 0.144194518197874, 'g_stn_gpi_mult': 1.8258931047430615, 'g_gpe_gpi_mult': 0.7557066555470724}. Best is trial 627 with value: 0.13198094924998152.
[I 2026-05-28 01:33:05,415] Trial 647 finished with value: 0.13436581576554432 and parameters: {'ISTN': 60.254174137101806, 'I_gpe': 1.2668381584733106, 'I_gpi': 2.1214319436497604, 'noise_stn_sigma': 2.286709637587876, 'noise_gpe_sigma': 95.84043243369027, 'noise_gpi_sigma': 80.64957999068932, 'g_stn_gpe_mult': 2.383331441640612, 'g_gpe_stn_mult': 0.17103443753315895, 'g_stn_gpi_mult': 1.949877361206058, 'g_gpe_gpi_mult': 0.7723167593063969}. Best is trial 627 with value: 0.13198094924998152.
[I 2026-05-28 01:33:06,420] Trial 648 finished with value: 0.14390673432335527 and parameters: {'ISTN': 60.28240467159927, 'I_gpe': 1.2893965392430777, 'I_gpi': 2.147878750675763, 'noise_stn_sigma': 2.65609293176529, 'noise_gpe_sigma': 88.49354473718692, 'noise_gpi_sigma': 83.37962648385542, 'g_stn_gpe_mult': 2.604123065502547, 'g_gpe_stn_mult': 0.16448530937981004, 'g_stn_gpi_mult': 1.9762909890385822, 'g_gpe_gpi_mult': 0.7827247628170335}. Best is trial 627 with value: 0.13198094924998152.
[I 2026-05-28 01:33:07,424] Trial 649 finished with value: 0.14466554036740822 and parameters: {'ISTN': 60.406340737830874, 'I_gpe': 1.3901228272422603, 'I_gpi': 2.126787559901487, 'noise_stn_sigma': 2.5589899280293773, 'noise_gpe_sigma': 92.38361003040959, 'noise_gpi_sigma': 86.04286854225576, 'g_stn_gpe_mult': 2.3858637193891727, 'g_gpe_stn_mult': 0.14743798112055378, 'g_stn_gpi_mult': 1.9175661238447068, 'g_gpe_gpi_mult': 0.7518566991090709}. Best is trial 627 with value: 0.13198094924998152.
[I 2026-05-28 01:33:08,427] Trial 650 finished with value: 0.13898767164460324 and parameters: {'ISTN': 61.03262824763513, 'I_gpe': 1.2949908081619421, 'I_gpi': 2.1685688635275358, 'noise_stn_sigma': 2.312170139038651, 'noise_gpe_sigma': 95.5766838319537, 'noise_gpi_sigma': 89.7688782517774, 'g_stn_gpe_mult': 2.3359913874561657, 'g_gpe_stn_mult': 0.1595681940681374, 'g_stn_gpi_mult': 1.9192308786030554, 'g_gpe_gpi_mult': 0.75810548677158}. Best is trial 627 with value: 0.13198094924998152.
[I 2026-05-28 01:33:09,434] Trial 651 finished with value: 0.1509557173118362 and parameters: {'ISTN': 61.12967436399474, 'I_gpe': 1.2844051561978218, 'I_gpi': 2.228175267318681, 'noise_stn_sigma': 2.1978750520002617, 'noise_gpe_sigma': 91.81243126473926, 'noise_gpi_sigma': 88.89169835633633, 'g_stn_gpe_mult': 2.3806507469712015, 'g_gpe_stn_mult': 0.17184340184745034, 'g_stn_gpi_mult': 1.9258845856983653, 'g_gpe_gpi_mult': 0.7555029359563135}. Best is trial 627 with value: 0.13198094924998152.
[I 2026-05-28 01:33:10,439] Trial 652 finished with value: 0.152859304909147 and parameters: {'ISTN': 60.02887383881802, 'I_gpe': 1.298990147137114, 'I_gpi': 2.122372925486605, 'noise_stn_sigma': 2.1843824716427425, 'noise_gpe_sigma': 96.70655952314765, 'noise_gpi_sigma': 85.39157250985262, 'g_stn_gpe_mult': 2.3837130431709452, 'g_gpe_stn_mult': 0.17617579222537505, 'g_stn_gpi_mult': 1.9461331476871093, 'g_gpe_gpi_mult': 0.7749833534669823}. Best is trial 627 with value: 0.13198094924998152.
[I 2026-05-28 01:33:11,446] Trial 653 finished with value: 0.1396311523404044 and parameters: {'ISTN': 60.67068717073645, 'I_gpe': 1.2373868632411864, 'I_gpi': 2.1493597105851783, 'noise_stn_sigma': 2.4626996324728427, 'noise_gpe_sigma': 91.40726210343128, 'noise_gpi_sigma': 85.14743913691096, 'g_stn_gpe_mult': 2.616271633489025, 'g_gpe_stn_mult': 0.17470258579410447, 'g_stn_gpi_mult': 2.0703365167453454, 'g_gpe_gpi_mult': 0.7755359676677813}. Best is trial 627 with value: 0.13198094924998152.
[I 2026-05-28 01:33:12,450] Trial 654 finished with value: 0.14366784974282293 and parameters: {'ISTN': 60.845741812992124, 'I_gpe': 1.2244987031206813, 'I_gpi': 2.1675854156394454, 'noise_stn_sigma': 2.519329740922874, 'noise_gpe_sigma': 95.11864916217262, 'noise_gpi_sigma': 83.22202881243541, 'g_stn_gpe_mult': 2.4137175284279353, 'g_gpe_stn_mult': 0.1684073022252674, 'g_stn_gpi_mult': 1.925039864524737, 'g_gpe_gpi_mult': 0.7679898990669767}. Best is trial 627 with value: 0.13198094924998152.
[I 2026-05-28 01:33:13,456] Trial 655 finished with value: 0.14494800317100798 and parameters: {'ISTN': 60.27810278213409, 'I_gpe': 1.20353673575495, 'I_gpi': 2.1102250223506456, 'noise_stn_sigma': 2.4493899921946687, 'noise_gpe_sigma': 91.30091929717013, 'noise_gpi_sigma': 84.66540793106456, 'g_stn_gpe_mult': 2.3177391160678753, 'g_gpe_stn_mult': 0.17431193402088263, 'g_stn_gpi_mult': 2.0196230090088254, 'g_gpe_gpi_mult': 0.745379226918305}. Best is trial 627 with value: 0.13198094924998152.
[I 2026-05-28 01:33:14,462] Trial 656 finished with value: 0.1673047699922737 and parameters: {'ISTN': 60.652884204694736, 'I_gpe': 1.3095641610789026, 'I_gpi': 2.097342529419528, 'noise_stn_sigma': 2.01967739361325, 'noise_gpe_sigma': 96.00894923617197, 'noise_gpi_sigma': 84.31526971751512, 'g_stn_gpe_mult': 2.288011570884617, 'g_gpe_stn_mult': 0.15979854316615466, 'g_stn_gpi_mult': 1.9392967073898193, 'g_gpe_gpi_mult': 0.7779253920656819}. Best is trial 627 with value: 0.13198094924998152.
[I 2026-05-28 01:33:15,469] Trial 657 finished with value: 0.13995695259673316 and parameters: {'ISTN': 60.85994914622958, 'I_gpe': 1.3118751808589102, 'I_gpi': 2.172603844672771, 'noise_stn_sigma': 2.4472517444107513, 'noise_gpe_sigma': 96.36438811220073, 'noise_gpi_sigma': 85.32005334065578, 'g_stn_gpe_mult': 2.522911534279851, 'g_gpe_stn_mult': 0.17104485295839528, 'g_stn_gpi_mult': 1.9698993453273412, 'g_gpe_gpi_mult': 0.792303449957585}. Best is trial 627 with value: 0.13198094924998152.
[I 2026-05-28 01:33:16,473] Trial 658 finished with value: 0.1369950700622326 and parameters: {'ISTN': 60.141171625487864, 'I_gpe': 1.2416193316754953, 'I_gpi': 2.0243684957552612, 'noise_stn_sigma': 2.1422615064538912, 'noise_gpe_sigma': 94.8561612746617, 'noise_gpi_sigma': 86.67238819422802, 'g_stn_gpe_mult': 2.338116404786006, 'g_gpe_stn_mult': 0.17081674090077592, 'g_stn_gpi_mult': 1.860109403075465, 'g_gpe_gpi_mult': 0.7619273904971064}. Best is trial 627 with value: 0.13198094924998152.
[I 2026-05-28 01:33:17,478] Trial 659 finished with value: 0.13646380627578786 and parameters: {'ISTN': 60.06952661243973, 'I_gpe': 1.3251650561453778, 'I_gpi': 2.145015365062138, 'noise_stn_sigma': 2.327341621203675, 'noise_gpe_sigma': 95.82987279757121, 'noise_gpi_sigma': 86.98517370480003, 'g_stn_gpe_mult': 2.3660577549687023, 'g_gpe_stn_mult': 0.16487772605702405, 'g_stn_gpi_mult': 1.940038308094377, 'g_gpe_gpi_mult': 0.787304688225059}. Best is trial 627 with value: 0.13198094924998152.
