[I 2026-05-28 01:37:43,727] Trial 924 finished with value: 0.12471950202417116 and parameters: {'ISTN': 60.15226855643515, 'I_gpe': 1.242706032100168, 'I_gpi': 2.1306464088281865, 'noise_stn_sigma': 1.3719422232333378, 'noise_gpe_sigma': 98.45068414407523, 'noise_gpi_sigma': 89.86631353158137, 'g_stn_gpe_mult': 2.276303540674472, 'g_gpe_stn_mult': 0.17713763159475868, 'g_stn_gpi_mult': 1.7278348751029584, 'g_gpe_gpi_mult': 0.7669872436512051}. Best is trial 887 with value: 0.1224659354840325.
[I 2026-05-28 01:37:44,730] Trial 925 finished with value: 0.1267060779166645 and parameters: {'ISTN': 60.00379575508489, 'I_gpe': 1.2899453867313997, 'I_gpi': 2.1256474170854225, 'noise_stn_sigma': 1.5140550388205272, 'noise_gpe_sigma': 93.9235556044914, 'noise_gpi_sigma': 94.41459292502483, 'g_stn_gpe_mult': 2.2399457436070263, 'g_gpe_stn_mult': 0.18230720318934912, 'g_stn_gpi_mult': 1.8106164563961562, 'g_gpe_gpi_mult': 0.7537410995178495}. Best is trial 887 with value: 0.1224659354840325.
[I 2026-05-28 01:37:45,734] Trial 926 finished with value: 0.13389738279023172 and parameters: {'ISTN': 60.83058842761242, 'I_gpe': 1.2814823337038266, 'I_gpi': 2.173858734245674, 'noise_stn_sigma': 1.49020440708843, 'noise_gpe_sigma': 97.5788833201792, 'noise_gpi_sigma': 90.29200398500191, 'g_stn_gpe_mult': 2.3706899444837566, 'g_gpe_stn_mult': 0.1776021455915911, 'g_stn_gpi_mult': 1.7738165552549916, 'g_gpe_gpi_mult': 0.7959374361015521}. Best is trial 887 with value: 0.1224659354840325.
[I 2026-05-28 01:37:46,739] Trial 927 finished with value: 0.127289264831474 and parameters: {'ISTN': 60.24501381402994, 'I_gpe': 1.2911362447132224, 'I_gpi': 2.1625322271895904, 'noise_stn_sigma': 1.6908841749323318, 'noise_gpe_sigma': 98.82670586312506, 'noise_gpi_sigma': 92.63359685763997, 'g_stn_gpe_mult': 2.3514529173651884, 'g_gpe_stn_mult': 0.17876627434378364, 'g_stn_gpi_mult': 1.8561751875938686, 'g_gpe_gpi_mult': 0.7751187068153567}. Best is trial 887 with value: 0.1224659354840325.
[I 2026-05-28 01:37:47,745] Trial 928 finished with value: 0.12573638988879257 and parameters: {'ISTN': 60.46134369623436, 'I_gpe': 1.2874542311887416, 'I_gpi': 2.2139286589547265, 'noise_stn_sigma': 1.422960035946818, 'noise_gpe_sigma': 93.90058987545473, 'noise_gpi_sigma': 94.5563823735919, 'g_stn_gpe_mult': 2.2159726795596084, 'g_gpe_stn_mult': 0.17343885382866664, 'g_stn_gpi_mult': 1.7069332202603917, 'g_gpe_gpi_mult': 0.75662673232944}. Best is trial 887 with value: 0.1224659354840325.
[I 2026-05-28 01:37:48,748] Trial 929 finished with value: 0.24455642522961385 and parameters: {'ISTN': 60.238228303907505, 'I_gpe': 1.2213225842017628, 'I_gpi': 2.1051673773202166, 'noise_stn_sigma': 1.688712217829004, 'noise_gpe_sigma': 99.48104789096378, 'noise_gpi_sigma': 93.1991615450223, 'g_stn_gpe_mult': 2.3887441071538724, 'g_gpe_stn_mult': 0.17155105429365908, 'g_stn_gpi_mult': 1.84575512099704, 'g_gpe_gpi_mult': 0.7719062971093833}. Best is trial 887 with value: 0.1224659354840325.
[I 2026-05-28 01:37:49,752] Trial 930 finished with value: 0.12537875695625914 and parameters: {'ISTN': 60.448209330549886, 'I_gpe': 1.266918471235298, 'I_gpi': 2.150058269368559, 'noise_stn_sigma': 1.5159437767919095, 'noise_gpe_sigma': 94.14862199793335, 'noise_gpi_sigma': 92.54854258234866, 'g_stn_gpe_mult': 2.3814852669755737, 'g_gpe_stn_mult': 0.1763541303594926, 'g_stn_gpi_mult': 1.7789492679500605, 'g_gpe_gpi_mult': 0.7774878936886529}. Best is trial 887 with value: 0.1224659354840325.
[I 2026-05-28 01:37:50,760] Trial 931 finished with value: 0.13294420038939123 and parameters: {'ISTN': 60.87195225443832, 'I_gpe': 1.2113365607622333, 'I_gpi': 2.1353088092173107, 'noise_stn_sigma': 1.5956044644429168, 'noise_gpe_sigma': 99.73751108762417, 'noise_gpi_sigma': 91.3824428522513, 'g_stn_gpe_mult': 2.310450318546426, 'g_gpe_stn_mult': 0.1776234937758402, 'g_stn_gpi_mult': 1.8373175190423607, 'g_gpe_gpi_mult': 0.7701147079766146}. Best is trial 887 with value: 0.1224659354840325.
[I 2026-05-28 01:37:51,704] Trial 932 finished with value: 1000000.0 and parameters: {'ISTN': 60.256698546299006, 'I_gpe': 1.3093374502959931, 'I_gpi': 2.122707859055862, 'noise_stn_sigma': 1.4846888665802571, 'noise_gpe_sigma': 96.07780516015401, 'noise_gpi_sigma': 88.65638865415748, 'g_stn_gpe_mult': 2.2037807597221377, 'g_gpe_stn_mult': 0.17502532887694483, 'g_stn_gpi_mult': 1.7440718236037196, 'g_gpe_gpi_mult': 0.7568597744920749}. Best is trial 887 with value: 0.1224659354840325.
[I 2026-05-28 01:37:52,708] Trial 933 finished with value: 0.5996861929247763 and parameters: {'ISTN': 60.057762308435265, 'I_gpe': 1.2803821556647075, 'I_gpi': 2.1565992886875818, 'noise_stn_sigma': 1.1608453856720797, 'noise_gpe_sigma': 96.41301920365449, 'noise_gpi_sigma': 94.97780870067278, 'g_stn_gpe_mult': 2.257857022962201, 'g_gpe_stn_mult': 0.17578263974013994, 'g_stn_gpi_mult': 1.7037630213551176, 'g_gpe_gpi_mult': 0.7589903488817014}. Best is trial 887 with value: 0.1224659354840325.
[I 2026-05-28 01:37:53,715] Trial 934 finished with value: 0.12767662853754613 and parameters: {'ISTN': 60.64472728751234, 'I_gpe': 1.2099909297202662, 'I_gpi': 2.156608399605761, 'noise_stn_sigma': 1.4220326138665544, 'noise_gpe_sigma': 98.86470123014662, 'noise_gpi_sigma': 89.54432534131689, 'g_stn_gpe_mult': 2.3032475106727075, 'g_gpe_stn_mult': 0.1750825393071633, 'g_stn_gpi_mult': 1.767341710286541, 'g_gpe_gpi_mult': 0.784386986039427}. Best is trial 887 with value: 0.1224659354840325.
[I 2026-05-28 01:37:54,722] Trial 935 finished with value: 0.12527759175141523 and parameters: {'ISTN': 60.200734874541816, 'I_gpe': 1.3305853219478432, 'I_gpi': 2.156852668037901, 'noise_stn_sigma': 1.4148150233274357, 'noise_gpe_sigma': 95.48350935985873, 'noise_gpi_sigma': 93.46500888288438, 'g_stn_gpe_mult': 2.2479952225920483, 'g_gpe_stn_mult': 0.17621070395526928, 'g_stn_gpi_mult': 1.6803831958907087, 'g_gpe_gpi_mult': 0.7650051050750608}. Best is trial 887 with value: 0.1224659354840325.
[I 2026-05-28 01:37:55,731] Trial 936 finished with value: 0.1685099300859229 and parameters: {'ISTN': 60.28520728464963, 'I_gpe': 1.3370058393293067, 'I_gpi': 2.1761785260896227, 'noise_stn_sigma': 1.5167597588573243, 'noise_gpe_sigma': 94.65104049683407, 'noise_gpi_sigma': 92.67121229957753, 'g_stn_gpe_mult': 2.231381699540815, 'g_gpe_stn_mult': 0.17060228238588443, 'g_stn_gpi_mult': 1.6888433102807403, 'g_gpe_gpi_mult': 0.7668567148281376}. Best is trial 887 with value: 0.1224659354840325.
[I 2026-05-28 01:37:56,736] Trial 937 finished with value: 0.12380555519962802 and parameters: {'ISTN': 60.495123676097776, 'I_gpe': 1.2843635409377316, 'I_gpi': 2.159638211173633, 'noise_stn_sigma': 1.1642193546524227, 'noise_gpe_sigma': 97.65344020010394, 'noise_gpi_sigma': 97.73817362044944, 'g_stn_gpe_mult': 2.1746050365109357, 'g_gpe_stn_mult': 0.1738624796680146, 'g_stn_gpi_mult': 1.657978767183504, 'g_gpe_gpi_mult': 0.7595409895076446}. Best is trial 887 with value: 0.1224659354840325.
[I 2026-05-28 01:37:57,741] Trial 938 finished with value: 0.20283469935924942 and parameters: {'ISTN': 60.269657205714424, 'I_gpe': 1.2901589193767826, 'I_gpi': 2.1858130220473004, 'noise_stn_sigma': 1.4451446724531163, 'noise_gpe_sigma': 93.29538525392023, 'noise_gpi_sigma': 95.0763431965168, 'g_stn_gpe_mult': 2.2691453870092344, 'g_gpe_stn_mult': 0.1723468231172646, 'g_stn_gpi_mult': 1.7438935276479155, 'g_gpe_gpi_mult': 0.7493480627931981}. Best is trial 887 with value: 0.1224659354840325.
[I 2026-05-28 01:37:58,745] Trial 939 finished with value: 0.12427544348155711 and parameters: {'ISTN': 60.32011106931558, 'I_gpe': 1.2476646860650387, 'I_gpi': 2.138208714051186, 'noise_stn_sigma': 1.4915983472271737, 'noise_gpe_sigma': 97.60790436022013, 'noise_gpi_sigma': 93.96394358796924, 'g_stn_gpe_mult': 2.2448206029002113, 'g_gpe_stn_mult': 0.17890903032997535, 'g_stn_gpi_mult': 1.7662344651520314, 'g_gpe_gpi_mult': 0.7599424375645836}. Best is trial 887 with value: 0.1224659354840325.
[I 2026-05-28 01:37:59,752] Trial 940 finished with value: 0.20102692964574592 and parameters: {'ISTN': 60.09879527950719, 'I_gpe': 1.3460769354256295, 'I_gpi': 2.1994130407104047, 'noise_stn_sigma': 1.5975652044063586, 'noise_gpe_sigma': 93.78201398698918, 'noise_gpi_sigma': 90.99541741119819, 'g_stn_gpe_mult': 2.299139915594294, 'g_gpe_stn_mult': 0.17099846085623752, 'g_stn_gpi_mult': 1.7242266933462598, 'g_gpe_gpi_mult': 0.7610281512502064}. Best is trial 887 with value: 0.1224659354840325.
[I 2026-05-28 01:38:00,759] Trial 941 finished with value: 0.12734232552149455 and parameters: {'ISTN': 60.52918923663032, 'I_gpe': 1.2789765021509718, 'I_gpi': 2.181926683538204, 'noise_stn_sigma': 1.42553728231643, 'noise_gpe_sigma': 95.54467433452729, 'noise_gpi_sigma': 98.18176910344293, 'g_stn_gpe_mult': 2.1984271441867396, 'g_gpe_stn_mult': 0.17766424774444367, 'g_stn_gpi_mult': 1.6636787356272693, 'g_gpe_gpi_mult': 0.7482456473040204}. Best is trial 887 with value: 0.1224659354840325.
[I 2026-05-28 01:38:01,767] Trial 942 finished with value: 0.1265303096861691 and parameters: {'ISTN': 60.67990207616465, 'I_gpe': 1.2351330539765293, 'I_gpi': 2.1507934384319958, 'noise_stn_sigma': 1.2625580024796754, 'noise_gpe_sigma': 95.14636875025685, 'noise_gpi_sigma': 95.30151283159483, 'g_stn_gpe_mult': 2.263975034521173, 'g_gpe_stn_mult': 0.17105577953231083, 'g_stn_gpi_mult': 1.6791335277622288, 'g_gpe_gpi_mult': 0.7567210540534741}. Best is trial 887 with value: 0.1224659354840325.
[I 2026-05-28 01:38:02,776] Trial 943 finished with value: 0.12734778908784733 and parameters: {'ISTN': 60.774934409516355, 'I_gpe': 1.2813696106239494, 'I_gpi': 2.151288554750753, 'noise_stn_sigma': 1.2664086792323477, 'noise_gpe_sigma': 98.60333139307942, 'noise_gpi_sigma': 94.26900142442909, 'g_stn_gpe_mult': 2.1948101676880185, 'g_gpe_stn_mult': 0.17375059530077008, 'g_stn_gpi_mult': 1.6521131817715198, 'g_gpe_gpi_mult': 0.7716369105837058}. Best is trial 887 with value: 0.1224659354840325.
[I 2026-05-28 01:38:03,783] Trial 944 finished with value: 0.1303509535966953 and parameters: {'ISTN': 60.77242669204803, 'I_gpe': 1.344112408007586, 'I_gpi': 2.1547536813060013, 'noise_stn_sigma': 1.3000815474494107, 'noise_gpe_sigma': 94.30908032497837, 'noise_gpi_sigma': 94.74149935345069, 'g_stn_gpe_mult': 2.1063063103148307, 'g_gpe_stn_mult': 0.1714400736469712, 'g_stn_gpi_mult': 1.6088781637920129, 'g_gpe_gpi_mult': 0.7510741837611323}. Best is trial 887 with value: 0.1224659354840325.
[I 2026-05-28 01:38:04,790] Trial 945 finished with value: 0.130522694447455 and parameters: {'ISTN': 60.19157918845733, 'I_gpe': 1.3357008494588674, 'I_gpi': 2.142682073072687, 'noise_stn_sigma': 1.6014261690707405, 'noise_gpe_sigma': 93.78421440219073, 'noise_gpi_sigma': 95.32227039347669, 'g_stn_gpe_mult': 2.1379685564175976, 'g_gpe_stn_mult': 0.16955618347848123, 'g_stn_gpi_mult': 1.6951061479300131, 'g_gpe_gpi_mult': 0.7541819029935874}. Best is trial 887 with value: 0.1224659354840325.
[I 2026-05-28 01:38:05,795] Trial 946 finished with value: 0.12883300466946604 and parameters: {'ISTN': 60.12410930350362, 'I_gpe': 1.2873415135895818, 'I_gpi': 2.122894983168112, 'noise_stn_sigma': 1.5366019199117884, 'noise_gpe_sigma': 94.54371519233067, 'noise_gpi_sigma': 92.96158148628798, 'g_stn_gpe_mult': 2.2616571471690734, 'g_gpe_stn_mult': 0.1825750328012603, 'g_stn_gpi_mult': 1.7623293248807892, 'g_gpe_gpi_mult': 0.7417125679923227}. Best is trial 887 with value: 0.1224659354840325.
[I 2026-05-28 01:38:06,799] Trial 947 finished with value: 0.13640268115704524 and parameters: {'ISTN': 61.38732656841473, 'I_gpe': 1.3101066781574722, 'I_gpi': 2.1195925314783595, 'noise_stn_sigma': 1.1774188190669252, 'noise_gpe_sigma': 97.6286725783611, 'noise_gpi_sigma': 97.34770124021576, 'g_stn_gpe_mult': 2.096148298435697, 'g_gpe_stn_mult': 0.16038059541716013, 'g_stn_gpi_mult': 1.6412558966398096, 'g_gpe_gpi_mult': 0.7721337129376638}. Best is trial 887 with value: 0.1224659354840325.
[I 2026-05-28 01:38:07,805] Trial 948 finished with value: 0.12960131570808645 and parameters: {'ISTN': 60.05090683172788, 'I_gpe': 1.252645496980829, 'I_gpi': 2.147270914432493, 'noise_stn_sigma': 1.3164829290215807, 'noise_gpe_sigma': 95.33321193762818, 'noise_gpi_sigma': 91.59538994347622, 'g_stn_gpe_mult': 2.3370518602643617, 'g_gpe_stn_mult': 0.1749722129594874, 'g_stn_gpi_mult': 1.6902918325454324, 'g_gpe_gpi_mult': 0.771730260314051}. Best is trial 887 with value: 0.1224659354840325.
[I 2026-05-28 01:38:08,810] Trial 949 finished with value: 0.12541889733287165 and parameters: {'ISTN': 60.31551175911916, 'I_gpe': 1.3028819037999244, 'I_gpi': 2.2168950218598154, 'noise_stn_sigma': 1.3258950295800926, 'noise_gpe_sigma': 95.93793067036789, 'noise_gpi_sigma': 92.86133784294448, 'g_stn_gpe_mult': 2.1828358078721597, 'g_gpe_stn_mult': 0.18061149388385334, 'g_stn_gpi_mult': 1.658561909837954, 'g_gpe_gpi_mult': 0.7500868693769689}. Best is trial 887 with value: 0.1224659354840325.
[I 2026-05-28 01:38:09,813] Trial 950 finished with value: 0.12776420500982347 and parameters: {'ISTN': 60.606400874722205, 'I_gpe': 1.306970167468824, 'I_gpi': 2.113543956364637, 'noise_stn_sigma': 1.4448977802736458, 'noise_gpe_sigma': 98.53648403945057, 'noise_gpi_sigma': 94.12776173262573, 'g_stn_gpe_mult': 2.1971152101162255, 'g_gpe_stn_mult': 0.17236912688021616, 'g_stn_gpi_mult': 1.7094680007362428, 'g_gpe_gpi_mult': 0.7727877739035605}. Best is trial 887 with value: 0.1224659354840325.
[I 2026-05-28 01:38:10,819] Trial 951 finished with value: 0.12203967575644216 and parameters: {'ISTN': 60.19519072633208, 'I_gpe': 1.254725737909983, 'I_gpi': 2.1786197749185243, 'noise_stn_sigma': 1.3163042707453685, 'noise_gpe_sigma': 100.15623059455869, 'noise_gpi_sigma': 91.8206638095559, 'g_stn_gpe_mult': 2.152406617296248, 'g_gpe_stn_mult': 0.17851713550758444, 'g_stn_gpi_mult': 1.684671783552986, 'g_gpe_gpi_mult': 0.760349846126303}. Best is trial 951 with value: 0.12203967575644216.
[I 2026-05-28 01:38:11,825] Trial 952 finished with value: 0.12743489307421446 and parameters: {'ISTN': 60.77363735446958, 'I_gpe': 1.208022165101407, 'I_gpi': 2.1628789763683622, 'noise_stn_sigma': 1.2904376703629472, 'noise_gpe_sigma': 98.30452077941024, 'noise_gpi_sigma': 88.45591950387801, 'g_stn_gpe_mult': 2.327863156376269, 'g_gpe_stn_mult': 0.171920249619251, 'g_stn_gpi_mult': 1.7045943036430504, 'g_gpe_gpi_mult': 0.773052159671596}. Best is trial 951 with value: 0.12203967575644216.
[I 2026-05-28 01:38:12,831] Trial 953 finished with value: 0.12406549421751034 and parameters: {'ISTN': 60.20923019640976, 'I_gpe': 1.2517123573970814, 'I_gpi': 2.226178955923524, 'noise_stn_sigma': 1.378571305226993, 'noise_gpe_sigma': 94.76952027362239, 'noise_gpi_sigma': 91.41809958032063, 'g_stn_gpe_mult': 2.2747951414555354, 'g_gpe_stn_mult': 0.18096369386664846, 'g_stn_gpi_mult': 1.679192426639698, 'g_gpe_gpi_mult': 0.7708238964827689}. Best is trial 951 with value: 0.12203967575644216.
[I 2026-05-28 01:38:13,836] Trial 954 finished with value: 0.13581999010997192 and parameters: {'ISTN': 61.116085790587825, 'I_gpe': 1.3034764857972472, 'I_gpi': 2.2014417943389413, 'noise_stn_sigma': 1.177599548712578, 'noise_gpe_sigma': 95.4806255663809, 'noise_gpi_sigma': 94.81810671904515, 'g_stn_gpe_mult': 2.1681015428728543, 'g_gpe_stn_mult': 0.17954904767143673, 'g_stn_gpi_mult': 1.6092763008484954, 'g_gpe_gpi_mult': 0.7453783932339837}. Best is trial 951 with value: 0.12203967575644216.
[I 2026-05-28 01:38:14,843] Trial 955 finished with value: 0.12499493203930853 and parameters: {'ISTN': 60.67407792776619, 'I_gpe': 1.2686973479829304, 'I_gpi': 2.185987379297095, 'noise_stn_sigma': 1.2620220677963063, 'noise_gpe_sigma': 97.2155645601062, 'noise_gpi_sigma': 94.99298649872959, 'g_stn_gpe_mult': 2.2372913724019305, 'g_gpe_stn_mult': 0.17725756492327505, 'g_stn_gpi_mult': 1.6298004061982583, 'g_gpe_gpi_mult': 0.7559061762532546}. Best is trial 951 with value: 0.12203967575644216.
[I 2026-05-28 01:38:15,847] Trial 956 finished with value: 0.16319205206422477 and parameters: {'ISTN': 60.4554787940279, 'I_gpe': 1.2940503997752617, 'I_gpi': 2.1828866617635794, 'noise_stn_sigma': 1.3724106393446827, 'noise_gpe_sigma': 94.55833627825018, 'noise_gpi_sigma': 93.08729579530585, 'g_stn_gpe_mult': 2.2455879018783906, 'g_gpe_stn_mult': 0.16971023411441655, 'g_stn_gpi_mult': 1.6591616282972153, 'g_gpe_gpi_mult': 0.76909681792691}. Best is trial 951 with value: 0.12203967575644216.
[I 2026-05-28 01:38:16,851] Trial 957 finished with value: 0.12192069365198091 and parameters: {'ISTN': 60.20028162379963, 'I_gpe': 1.2769993624723681, 'I_gpi': 2.1655170104487063, 'noise_stn_sigma': 1.257678746173724, 'noise_gpe_sigma': 97.92241296966434, 'noise_gpi_sigma': 93.04397929644043, 'g_stn_gpe_mult': 2.1682174701693686, 'g_gpe_stn_mult': 0.17839575561487656, 'g_stn_gpi_mult': 1.6998505576433112, 'g_gpe_gpi_mult': 0.7487018678643742}. Best is trial 957 with value: 0.12192069365198091.
[I 2026-05-28 01:38:17,854] Trial 958 finished with value: 0.12704572117607518 and parameters: {'ISTN': 60.799397984327506, 'I_gpe': 1.3451558948542532, 'I_gpi': 2.165876220202356, 'noise_stn_sigma': 1.283227714967958, 'noise_gpe_sigma': 95.14956286616511, 'noise_gpi_sigma': 95.03641172347723, 'g_stn_gpe_mult': 2.1815499117197015, 'g_gpe_stn_mult': 0.16743688075002347, 'g_stn_gpi_mult': 1.6504330888649117, 'g_gpe_gpi_mult': 0.7670553258217787}. Best is trial 957 with value: 0.12192069365198091.
[I 2026-05-28 01:38:18,857] Trial 959 finished with value: 0.1323690706575327 and parameters: {'ISTN': 60.54412776010408, 'I_gpe': 1.3024965830145747, 'I_gpi': 2.19009895273401, 'noise_stn_sigma': 1.4838876541473163, 'noise_gpe_sigma': 94.99849399045532, 'noise_gpi_sigma': 90.26423283424755, 'g_stn_gpe_mult': 2.212666815032617, 'g_gpe_stn_mult': 0.17378284513793468, 'g_stn_gpi_mult': 1.6988520664030222, 'g_gpe_gpi_mult': 0.7591885442792028}. Best is trial 957 with value: 0.12192069365198091.
[I 2026-05-28 01:38:19,862] Trial 960 finished with value: 0.12779099386160048 and parameters: {'ISTN': 60.0397000692823, 'I_gpe': 1.2239207409041621, 'I_gpi': 2.160225281310492, 'noise_stn_sigma': 1.6705752061356138, 'noise_gpe_sigma': 95.55698336328908, 'noise_gpi_sigma': 89.76812526368957, 'g_stn_gpe_mult': 2.353385597530206, 'g_gpe_stn_mult': 0.17486920571486153, 'g_stn_gpi_mult': 1.7482713886162262, 'g_gpe_gpi_mult': 0.758187675417322}. Best is trial 957 with value: 0.12192069365198091.
[I 2026-05-28 01:38:20,871] Trial 961 finished with value: 0.12253117764213306 and parameters: {'ISTN': 60.137575160368804, 'I_gpe': 1.2954321249879905, 'I_gpi': 2.1938936405283225, 'noise_stn_sigma': 1.161981633588393, 'noise_gpe_sigma': 97.35220574441112, 'noise_gpi_sigma': 91.0577910805088, 'g_stn_gpe_mult': 2.133935889322864, 'g_gpe_stn_mult': 0.1826490845516354, 'g_stn_gpi_mult': 1.7058308504741604, 'g_gpe_gpi_mult': 0.760117742810164}. Best is trial 957 with value: 0.12192069365198091.
[I 2026-05-28 01:38:21,875] Trial 962 finished with value: 0.14236397866814493 and parameters: {'ISTN': 60.16860306559884, 'I_gpe': 1.2896859833839995, 'I_gpi': 2.1165507417817686, 'noise_stn_sigma': 1.3230953301199815, 'noise_gpe_sigma': 99.43951496972021, 'noise_gpi_sigma': 92.29693007325082, 'g_stn_gpe_mult': 2.147367651399479, 'g_gpe_stn_mult': 0.17780885184181688, 'g_stn_gpi_mult': 1.7152948274757365, 'g_gpe_gpi_mult': 0.7672785954598862}. Best is trial 957 with value: 0.12192069365198091.
[I 2026-05-28 01:38:22,880] Trial 963 finished with value: 0.12434573715766188 and parameters: {'ISTN': 60.378776558455904, 'I_gpe': 1.3215922288144764, 'I_gpi': 2.229198962013479, 'noise_stn_sigma': 1.226119899362243, 'noise_gpe_sigma': 98.26520094980934, 'noise_gpi_sigma': 92.24112821011812, 'g_stn_gpe_mult': 2.1777422735989695, 'g_gpe_stn_mult': 0.17798769069136067, 'g_stn_gpi_mult': 1.6419068659037805, 'g_gpe_gpi_mult': 0.7704826064641268}. Best is trial 957 with value: 0.12192069365198091.
[I 2026-05-28 01:38:23,886] Trial 964 finished with value: 0.1336314126428865 and parameters: {'ISTN': 60.71995559257884, 'I_gpe': 1.3493231337428209, 'I_gpi': 2.1005448334704977, 'noise_stn_sigma': 1.3627813576880534, 'noise_gpe_sigma': 98.56756409467647, 'noise_gpi_sigma': 95.98878894243613, 'g_stn_gpe_mult': 2.2193969486657137, 'g_gpe_stn_mult': 0.1748741562332226, 'g_stn_gpi_mult': 1.7505011750725707, 'g_gpe_gpi_mult': 0.7800242255146599}. Best is trial 957 with value: 0.12192069365198091.
[I 2026-05-28 01:38:24,891] Trial 965 finished with value: 0.12365066264988607 and parameters: {'ISTN': 60.2627428331394, 'I_gpe': 1.2499970947684256, 'I_gpi': 2.150463511554494, 'noise_stn_sigma': 1.1479815543526661, 'noise_gpe_sigma': 100.88035196524335, 'noise_gpi_sigma': 87.71118129680332, 'g_stn_gpe_mult': 2.193824229646183, 'g_gpe_stn_mult': 0.18271642771024724, 'g_stn_gpi_mult': 1.6779333339399236, 'g_gpe_gpi_mult': 0.7897983367145471}. Best is trial 957 with value: 0.12192069365198091.
[I 2026-05-28 01:38:25,896] Trial 966 finished with value: 0.12174492442403743 and parameters: {'ISTN': 60.223141868136466, 'I_gpe': 1.2523456399634159, 'I_gpi': 2.2437995617559716, 'noise_stn_sigma': 1.0868147215598944, 'noise_gpe_sigma': 99.96710765163215, 'noise_gpi_sigma': 93.39022475140618, 'g_stn_gpe_mult': 2.171565949695648, 'g_gpe_stn_mult': 0.18240125435389848, 'g_stn_gpi_mult': 1.5835521696645898, 'g_gpe_gpi_mult': 0.7632437690624343}. Best is trial 966 with value: 0.12174492442403743.
[I 2026-05-28 01:38:26,898] Trial 967 finished with value: 0.17634649112977296 and parameters: {'ISTN': 60.297507912848246, 'I_gpe': 1.3162437814171533, 'I_gpi': 2.1771497489022957, 'noise_stn_sigma': 1.1939003302738205, 'noise_gpe_sigma': 97.85025970494954, 'noise_gpi_sigma': 93.23447561052802, 'g_stn_gpe_mult': 2.0765710668227095, 'g_gpe_stn_mult': 0.173188500196686, 'g_stn_gpi_mult': 1.7081952690070512, 'g_gpe_gpi_mult': 0.7759617791283047}. Best is trial 966 with value: 0.12174492442403743.
