[I 2026-05-28 02:05:46,647] Trial 572 finished with value: 3.5720057747727725 and parameters: {'ISTN': 65.48750270497412, 'I_gpe': 0.8689372280907464, 'I_gpi': 3.4146039568517206, 'noise_stn_sigma': 5.143980983372554, 'noise_gpe_sigma': 88.47133283036173, 'noise_gpi_sigma': 82.63979898709484, 'g_stn_gpe_mult': 1.63838030168079, 'g_gpe_stn_mult': 0.22494843933211528, 'g_stn_gpi_mult': 3.253585997270447, 'g_gpe_gpi_mult': 0.9079956946418233}. Best is trial 98 with value: 0.5979484317983877.
[I 2026-05-28 02:05:47,655] Trial 573 finished with value: 9.980625187639147 and parameters: {'ISTN': 63.49957207419812, 'I_gpe': 0.8174039709838494, 'I_gpi': 3.363107287967046, 'noise_stn_sigma': 4.979888105932092, 'noise_gpe_sigma': 90.98869387853436, 'noise_gpi_sigma': 85.09636553288682, 'g_stn_gpe_mult': 1.7170558751059326, 'g_gpe_stn_mult': 0.22761345128910979, 'g_stn_gpi_mult': 3.367261422789976, 'g_gpe_gpi_mult': 0.8826896469609651}. Best is trial 98 with value: 0.5979484317983877.
[I 2026-05-28 02:05:48,661] Trial 574 finished with value: 6.81947539295712 and parameters: {'ISTN': 66.52656952777232, 'I_gpe': 0.8242315171335859, 'I_gpi': 3.217449607000061, 'noise_stn_sigma': 5.113463722324999, 'noise_gpe_sigma': 87.63086868254808, 'noise_gpi_sigma': 86.49927894552926, 'g_stn_gpe_mult': 1.8235919725097751, 'g_gpe_stn_mult': 0.25106801690797015, 'g_stn_gpi_mult': 3.373329707550467, 'g_gpe_gpi_mult': 0.8971290685003177}. Best is trial 98 with value: 0.5979484317983877.
[I 2026-05-28 02:05:49,669] Trial 575 finished with value: 1.4818628063468866 and parameters: {'ISTN': 65.8225381923603, 'I_gpe': 0.871749585197712, 'I_gpi': 3.4288162182040196, 'noise_stn_sigma': 5.094495328573188, 'noise_gpe_sigma': 86.49013549304222, 'noise_gpi_sigma': 87.14708875745912, 'g_stn_gpe_mult': 1.6624571361603888, 'g_gpe_stn_mult': 0.257017924244062, 'g_stn_gpi_mult': 3.429312070107819, 'g_gpe_gpi_mult': 0.9144692847412086}. Best is trial 98 with value: 0.5979484317983877.
[I 2026-05-28 02:05:50,677] Trial 576 finished with value: 3.9587173542190865 and parameters: {'ISTN': 65.63444307084045, 'I_gpe': 0.8365295186562803, 'I_gpi': 3.28326634222881, 'noise_stn_sigma': 5.003917797079429, 'noise_gpe_sigma': 94.19851413129197, 'noise_gpi_sigma': 84.58046086707083, 'g_stn_gpe_mult': 1.7233261460708635, 'g_gpe_stn_mult': 0.2435379971796631, 'g_stn_gpi_mult': 3.4186267917166604, 'g_gpe_gpi_mult': 0.9078649738055522}. Best is trial 98 with value: 0.5979484317983877.
[I 2026-05-28 02:05:51,684] Trial 577 finished with value: 1.3432582564768183 and parameters: {'ISTN': 66.0569202589119, 'I_gpe': 0.9128430063413302, 'I_gpi': 3.3276719919667457, 'noise_stn_sigma': 5.054756591692674, 'noise_gpe_sigma': 87.64484602767573, 'noise_gpi_sigma': 87.08168228122543, 'g_stn_gpe_mult': 1.598033401212751, 'g_gpe_stn_mult': 0.24742238437697198, 'g_stn_gpi_mult': 3.445225443010914, 'g_gpe_gpi_mult': 0.8841823295729081}. Best is trial 98 with value: 0.5979484317983877.
[I 2026-05-28 02:05:52,691] Trial 578 finished with value: 7.483270194635337 and parameters: {'ISTN': 63.8733574190012, 'I_gpe': 0.8676270854760206, 'I_gpi': 3.3090540366707133, 'noise_stn_sigma': 5.244096102626458, 'noise_gpe_sigma': 90.75124657843944, 'noise_gpi_sigma': 86.33114705713105, 'g_stn_gpe_mult': 1.6886953884384752, 'g_gpe_stn_mult': 0.25353626354044395, 'g_stn_gpi_mult': 3.3750707225379113, 'g_gpe_gpi_mult': 0.8860194763566531}. Best is trial 98 with value: 0.5979484317983877.
[I 2026-05-28 02:05:53,699] Trial 579 finished with value: 2.358093211830762 and parameters: {'ISTN': 65.68577840612113, 'I_gpe': 0.8342023196158339, 'I_gpi': 3.305214652222732, 'noise_stn_sigma': 5.017418144437669, 'noise_gpe_sigma': 90.17941200876788, 'noise_gpi_sigma': 88.29257009081002, 'g_stn_gpe_mult': 1.7552199150362766, 'g_gpe_stn_mult': 0.2581500357753329, 'g_stn_gpi_mult': 3.4009789638453096, 'g_gpe_gpi_mult': 0.9066459962185567}. Best is trial 98 with value: 0.5979484317983877.
[I 2026-05-28 02:05:54,705] Trial 580 finished with value: 1.451578025370594 and parameters: {'ISTN': 65.80872132026461, 'I_gpe': 0.9126438843429121, 'I_gpi': 3.4319632517712777, 'noise_stn_sigma': 5.12023240623873, 'noise_gpe_sigma': 92.43757621145261, 'noise_gpi_sigma': 85.14341560901805, 'g_stn_gpe_mult': 1.6316996979987828, 'g_gpe_stn_mult': 0.249407745654465, 'g_stn_gpi_mult': 3.344541880120874, 'g_gpe_gpi_mult': 0.8820294784577281}. Best is trial 98 with value: 0.5979484317983877.
[I 2026-05-28 02:05:55,715] Trial 581 finished with value: 1.7594088608687326 and parameters: {'ISTN': 65.18321782998923, 'I_gpe': 0.9268624049693875, 'I_gpi': 3.324690472087264, 'noise_stn_sigma': 5.1371899608855065, 'noise_gpe_sigma': 85.98705938267868, 'noise_gpi_sigma': 85.02458768770246, 'g_stn_gpe_mult': 1.6790805744137898, 'g_gpe_stn_mult': 0.2746189333938903, 'g_stn_gpi_mult': 3.3616088993763977, 'g_gpe_gpi_mult': 0.8789469011979816}. Best is trial 98 with value: 0.5979484317983877.
[I 2026-05-28 02:05:56,723] Trial 582 finished with value: 1.8942756337942999 and parameters: {'ISTN': 65.85287389785512, 'I_gpe': 0.9136120029059571, 'I_gpi': 3.4046015934459835, 'noise_stn_sigma': 5.135902904029806, 'noise_gpe_sigma': 93.8628293781008, 'noise_gpi_sigma': 88.00711722069448, 'g_stn_gpe_mult': 1.6460064810487178, 'g_gpe_stn_mult': 0.24574226804108076, 'g_stn_gpi_mult': 3.360485615524972, 'g_gpe_gpi_mult': 0.9014816201550686}. Best is trial 98 with value: 0.5979484317983877.
[I 2026-05-28 02:05:57,730] Trial 583 finished with value: 7.58862524279999 and parameters: {'ISTN': 66.04497459118159, 'I_gpe': 0.9295186480495836, 'I_gpi': 3.2574457901164764, 'noise_stn_sigma': 4.981478576596405, 'noise_gpe_sigma': 86.80232934343843, 'noise_gpi_sigma': 85.81841755440523, 'g_stn_gpe_mult': 1.7653337181049344, 'g_gpe_stn_mult': 0.26016659855977287, 'g_stn_gpi_mult': 3.4596263070556237, 'g_gpe_gpi_mult': 0.8778015445223686}. Best is trial 98 with value: 0.5979484317983877.
[I 2026-05-28 02:05:58,737] Trial 584 finished with value: 1.9287896385654615 and parameters: {'ISTN': 66.08113944055067, 'I_gpe': 0.8824844482080353, 'I_gpi': 3.2910346730626614, 'noise_stn_sigma': 5.015410819154196, 'noise_gpe_sigma': 89.04386938497674, 'noise_gpi_sigma': 83.79803171934739, 'g_stn_gpe_mult': 1.7447096711449228, 'g_gpe_stn_mult': 0.2595101945317184, 'g_stn_gpi_mult': 3.3742143018754756, 'g_gpe_gpi_mult': 0.8868948547665452}. Best is trial 98 with value: 0.5979484317983877.
[I 2026-05-28 02:05:59,743] Trial 585 finished with value: 3.4435882956277784 and parameters: {'ISTN': 66.74196058718617, 'I_gpe': 0.8462568503274908, 'I_gpi': 3.3357343420456935, 'noise_stn_sigma': 5.3065407945324, 'noise_gpe_sigma': 89.68000012768623, 'noise_gpi_sigma': 84.0560449981751, 'g_stn_gpe_mult': 1.7480546297270179, 'g_gpe_stn_mult': 0.2578183056262673, 'g_stn_gpi_mult': 3.2966614469581277, 'g_gpe_gpi_mult': 0.9032305434047372}. Best is trial 98 with value: 0.5979484317983877.
[I 2026-05-28 02:06:00,751] Trial 586 finished with value: 7.642856247873329 and parameters: {'ISTN': 62.560693885731524, 'I_gpe': 0.9513738638365401, 'I_gpi': 3.4180088693829473, 'noise_stn_sigma': 4.813017416428888, 'noise_gpe_sigma': 90.82163850476897, 'noise_gpi_sigma': 86.24322552043732, 'g_stn_gpe_mult': 1.6357160985862464, 'g_gpe_stn_mult': 0.23121090678330988, 'g_stn_gpi_mult': 3.428885721581094, 'g_gpe_gpi_mult': 0.9001545074986752}. Best is trial 98 with value: 0.5979484317983877.
[I 2026-05-28 02:06:01,760] Trial 587 finished with value: 1.3098999119961452 and parameters: {'ISTN': 65.16809218560505, 'I_gpe': 0.8619246023523159, 'I_gpi': 3.3413377870541785, 'noise_stn_sigma': 4.977780703653225, 'noise_gpe_sigma': 88.67494332182562, 'noise_gpi_sigma': 87.45955114722146, 'g_stn_gpe_mult': 1.699213439888502, 'g_gpe_stn_mult': 0.2457543305922603, 'g_stn_gpi_mult': 3.4538927098869276, 'g_gpe_gpi_mult': 0.8933171075544908}. Best is trial 98 with value: 0.5979484317983877.
[I 2026-05-28 02:06:02,770] Trial 588 finished with value: 1.2627918732168928 and parameters: {'ISTN': 65.32578849598096, 'I_gpe': 0.8808867996564945, 'I_gpi': 3.3365181740384964, 'noise_stn_sigma': 4.921375620141589, 'noise_gpe_sigma': 92.13427580461831, 'noise_gpi_sigma': 87.97686626622263, 'g_stn_gpe_mult': 1.5488885401326922, 'g_gpe_stn_mult': 0.24996473212501966, 'g_stn_gpi_mult': 3.4327206969015993, 'g_gpe_gpi_mult': 0.8845392207326008}. Best is trial 98 with value: 0.5979484317983877.
[I 2026-05-28 02:06:03,776] Trial 589 finished with value: 2.0885703664702158 and parameters: {'ISTN': 64.86272325436761, 'I_gpe': 0.8568713530779573, 'I_gpi': 3.354111438689796, 'noise_stn_sigma': 4.941236420981397, 'noise_gpe_sigma': 89.61301652746091, 'noise_gpi_sigma': 87.27593593314616, 'g_stn_gpe_mult': 1.669698626027203, 'g_gpe_stn_mult': 0.2580058513915843, 'g_stn_gpi_mult': 3.3922877037147745, 'g_gpe_gpi_mult': 0.889250706405492}. Best is trial 98 with value: 0.5979484317983877.
[I 2026-05-28 02:06:04,783] Trial 590 finished with value: 7.79460496528527 and parameters: {'ISTN': 67.05244951866949, 'I_gpe': 0.8266476429296292, 'I_gpi': 3.358696834741885, 'noise_stn_sigma': 4.960505349935792, 'noise_gpe_sigma': 92.79535739602595, 'noise_gpi_sigma': 85.46471396148043, 'g_stn_gpe_mult': 1.7296723473514122, 'g_gpe_stn_mult': 0.25727925127645124, 'g_stn_gpi_mult': 3.3836843863944295, 'g_gpe_gpi_mult': 0.9094187295726395}. Best is trial 98 with value: 0.5979484317983877.
[I 2026-05-28 02:06:05,793] Trial 591 finished with value: 1.3783776615655436 and parameters: {'ISTN': 65.46777532916842, 'I_gpe': 0.8475677397947963, 'I_gpi': 3.3575266858869357, 'noise_stn_sigma': 4.944654411799273, 'noise_gpe_sigma': 87.71835177648181, 'noise_gpi_sigma': 84.72499146033951, 'g_stn_gpe_mult': 1.6966584042500976, 'g_gpe_stn_mult': 0.25518716162877075, 'g_stn_gpi_mult': 3.4985963895997934, 'g_gpe_gpi_mult': 0.9115132139974951}. Best is trial 98 with value: 0.5979484317983877.
[I 2026-05-28 02:06:06,802] Trial 592 finished with value: 7.317136726564425 and parameters: {'ISTN': 67.54453963068613, 'I_gpe': 0.9227264189553053, 'I_gpi': 3.3005116406246935, 'noise_stn_sigma': 5.068515343105954, 'noise_gpe_sigma': 91.99085360110364, 'noise_gpi_sigma': 86.06594921541831, 'g_stn_gpe_mult': 1.6479912897764057, 'g_gpe_stn_mult': 0.26320731604739955, 'g_stn_gpi_mult': 3.3902489866868426, 'g_gpe_gpi_mult': 0.8768001340618072}. Best is trial 98 with value: 0.5979484317983877.
[I 2026-05-28 02:06:07,808] Trial 593 finished with value: 7.418018738201191 and parameters: {'ISTN': 63.04527798966548, 'I_gpe': 0.8496132371842885, 'I_gpi': 3.287611717732365, 'noise_stn_sigma': 4.802502093782704, 'noise_gpe_sigma': 89.26897161896429, 'noise_gpi_sigma': 83.90904948169171, 'g_stn_gpe_mult': 1.7848242457151287, 'g_gpe_stn_mult': 0.2414898575404211, 'g_stn_gpi_mult': 3.391854990433204, 'g_gpe_gpi_mult': 0.8882358142256535}. Best is trial 98 with value: 0.5979484317983877.
[I 2026-05-28 02:06:08,817] Trial 594 finished with value: 2.5869906592726792 and parameters: {'ISTN': 65.50092926673963, 'I_gpe': 0.8482444366248119, 'I_gpi': 3.4172970246239323, 'noise_stn_sigma': 4.986619500478866, 'noise_gpe_sigma': 90.25693987639113, 'noise_gpi_sigma': 87.0109674789743, 'g_stn_gpe_mult': 1.6627861357321754, 'g_gpe_stn_mult': 0.24356483610271132, 'g_stn_gpi_mult': 3.486343302678565, 'g_gpe_gpi_mult': 0.8904751264539221}. Best is trial 98 with value: 0.5979484317983877.
[I 2026-05-28 02:06:09,826] Trial 595 finished with value: 2.6074140724568053 and parameters: {'ISTN': 64.81705544411913, 'I_gpe': 0.9145310860219129, 'I_gpi': 3.24444809961833, 'noise_stn_sigma': 5.056801245312582, 'noise_gpe_sigma': 89.23904944837754, 'noise_gpi_sigma': 89.73625864025622, 'g_stn_gpe_mult': 1.6188911112661026, 'g_gpe_stn_mult': 0.2414733466036142, 'g_stn_gpi_mult': 3.42961744687935, 'g_gpe_gpi_mult': 0.8598834715733843}. Best is trial 98 with value: 0.5979484317983877.
[I 2026-05-28 02:06:10,832] Trial 596 finished with value: 30.528943869885346 and parameters: {'ISTN': 68.8873857479503, 'I_gpe': 0.916808706246885, 'I_gpi': 3.3372108736937856, 'noise_stn_sigma': 5.050117107391494, 'noise_gpe_sigma': 88.64375781429845, 'noise_gpi_sigma': 85.14634948535186, 'g_stn_gpe_mult': 1.608785419503425, 'g_gpe_stn_mult': 0.2583852689244661, 'g_stn_gpi_mult': 3.4256514568521332, 'g_gpe_gpi_mult': 0.8962623193817174}. Best is trial 98 with value: 0.5979484317983877.
[I 2026-05-28 02:06:11,780] Trial 597 finished with value: 1000000.0 and parameters: {'ISTN': 64.3761472969082, 'I_gpe': 0.9512424841027332, 'I_gpi': 3.357962301532962, 'noise_stn_sigma': 4.8583184056192525, 'noise_gpe_sigma': 91.52980078464411, 'noise_gpi_sigma': 88.55398475343468, 'g_stn_gpe_mult': 1.5400942585597766, 'g_gpe_stn_mult': 0.2623715770570627, 'g_stn_gpi_mult': 3.3969910350833215, 'g_gpe_gpi_mult': 0.8744043336186167}. Best is trial 98 with value: 0.5979484317983877.
[I 2026-05-28 02:06:12,788] Trial 598 finished with value: 1.315110857815152 and parameters: {'ISTN': 65.49118173818886, 'I_gpe': 0.858529872601864, 'I_gpi': 3.283366326659413, 'noise_stn_sigma': 5.138000376823975, 'noise_gpe_sigma': 87.83101493917677, 'noise_gpi_sigma': 89.98347445358898, 'g_stn_gpe_mult': 1.6538780673513414, 'g_gpe_stn_mult': 0.2684876762452396, 'g_stn_gpi_mult': 3.37474921286253, 'g_gpe_gpi_mult': 0.8967216154580933}. Best is trial 98 with value: 0.5979484317983877.
[I 2026-05-28 02:06:13,795] Trial 599 finished with value: 1.517136243177942 and parameters: {'ISTN': 66.27143656494127, 'I_gpe': 0.8264743636914036, 'I_gpi': 3.265921209036045, 'noise_stn_sigma': 4.973141698923152, 'noise_gpe_sigma': 98.7796044848887, 'noise_gpi_sigma': 89.1188754394605, 'g_stn_gpe_mult': 1.8919836150483706, 'g_gpe_stn_mult': 0.25554689011706316, 'g_stn_gpi_mult': 3.322018911991382, 'g_gpe_gpi_mult': 0.8912967264642886}. Best is trial 98 with value: 0.5979484317983877.
[I 2026-05-28 02:06:14,802] Trial 600 finished with value: 11.432686943799961 and parameters: {'ISTN': 64.95916939918942, 'I_gpe': 0.8401752857243092, 'I_gpi': 3.2755813848552044, 'noise_stn_sigma': 5.154742361147616, 'noise_gpe_sigma': 91.00155970749697, 'noise_gpi_sigma': 90.68555172651867, 'g_stn_gpe_mult': 1.7663612842833656, 'g_gpe_stn_mult': 0.23946317173043652, 'g_stn_gpi_mult': 3.299973779051082, 'g_gpe_gpi_mult': 0.898306778784139}. Best is trial 98 with value: 0.5979484317983877.
[I 2026-05-28 02:06:15,810] Trial 601 finished with value: 1.2013497696200464 and parameters: {'ISTN': 65.78551980939488, 'I_gpe': 0.8476580578587273, 'I_gpi': 3.215579896851599, 'noise_stn_sigma': 4.942284430105161, 'noise_gpe_sigma': 91.88131633144054, 'noise_gpi_sigma': 88.3773546878565, 'g_stn_gpe_mult': 1.7324446417772852, 'g_gpe_stn_mult': 0.2541647022404866, 'g_stn_gpi_mult': 3.375905045181965, 'g_gpe_gpi_mult': 0.8990332102658838}. Best is trial 98 with value: 0.5979484317983877.
[I 2026-05-28 02:06:16,818] Trial 602 finished with value: 8.292861676849533 and parameters: {'ISTN': 66.83834147694235, 'I_gpe': 0.8380748451732911, 'I_gpi': 3.277869731462461, 'noise_stn_sigma': 5.117193271984626, 'noise_gpe_sigma': 92.57900055674331, 'noise_gpi_sigma': 86.71526053332279, 'g_stn_gpe_mult': 1.757714811497133, 'g_gpe_stn_mult': 0.26238696710346276, 'g_stn_gpi_mult': 3.27299175653238, 'g_gpe_gpi_mult': 0.891570369046397}. Best is trial 98 with value: 0.5979484317983877.
[I 2026-05-28 02:06:17,826] Trial 603 finished with value: 1.3021765531599254 and parameters: {'ISTN': 65.39671226491262, 'I_gpe': 0.860199362154952, 'I_gpi': 3.315954738175803, 'noise_stn_sigma': 4.880254566129013, 'noise_gpe_sigma': 89.67078515297537, 'noise_gpi_sigma': 88.86087939208872, 'g_stn_gpe_mult': 1.6801015362814709, 'g_gpe_stn_mult': 0.2570921843411673, 'g_stn_gpi_mult': 3.3873078192782486, 'g_gpe_gpi_mult': 0.9029867564739615}. Best is trial 98 with value: 0.5979484317983877.
[I 2026-05-28 02:06:18,833] Trial 604 finished with value: 2.1188811882021925 and parameters: {'ISTN': 65.444836378577, 'I_gpe': 0.821593059087802, 'I_gpi': 3.400613002684916, 'noise_stn_sigma': 5.142545660669065, 'noise_gpe_sigma': 91.4173041713573, 'noise_gpi_sigma': 89.5353160101329, 'g_stn_gpe_mult': 1.807701204058833, 'g_gpe_stn_mult': 0.2540489546648538, 'g_stn_gpi_mult': 3.438686186938135, 'g_gpe_gpi_mult': 0.8976157397974258}. Best is trial 98 with value: 0.5979484317983877.
[I 2026-05-28 02:06:19,840] Trial 605 finished with value: 5.95748325374762 and parameters: {'ISTN': 66.00562894287289, 'I_gpe': 0.8153056133871502, 'I_gpi': 3.321461470001996, 'noise_stn_sigma': 5.212939386609721, 'noise_gpe_sigma': 89.92833632676614, 'noise_gpi_sigma': 90.2210206413563, 'g_stn_gpe_mult': 1.7285076837378797, 'g_gpe_stn_mult': 0.26404567393063705, 'g_stn_gpi_mult': 3.366369754411733, 'g_gpe_gpi_mult': 0.9125253025531654}. Best is trial 98 with value: 0.5979484317983877.
[I 2026-05-28 02:06:20,846] Trial 606 finished with value: 1.4260983639428975 and parameters: {'ISTN': 65.11330494804028, 'I_gpe': 0.8991594093867525, 'I_gpi': 3.433343094301493, 'noise_stn_sigma': 5.206957971048682, 'noise_gpe_sigma': 89.88906939367175, 'noise_gpi_sigma': 88.99232704992079, 'g_stn_gpe_mult': 1.6513288153526822, 'g_gpe_stn_mult': 0.2573339518065405, 'g_stn_gpi_mult': 3.44348408844617, 'g_gpe_gpi_mult': 0.8793390275783937}. Best is trial 98 with value: 0.5979484317983877.
[I 2026-05-28 02:06:21,850] Trial 607 finished with value: 3.6449800366871288 and parameters: {'ISTN': 64.93795829944074, 'I_gpe': 0.8999591161728376, 'I_gpi': 3.3029708109876847, 'noise_stn_sigma': 4.813766992509521, 'noise_gpe_sigma': 93.72543590326165, 'noise_gpi_sigma': 90.72448641125463, 'g_stn_gpe_mult': 1.7100117847472736, 'g_gpe_stn_mult': 0.23498963152698693, 'g_stn_gpi_mult': 3.443728583023918, 'g_gpe_gpi_mult': 0.8870003141750931}. Best is trial 98 with value: 0.5979484317983877.
[I 2026-05-28 02:06:22,859] Trial 608 finished with value: 13.051573551029504 and parameters: {'ISTN': 67.42945509245703, 'I_gpe': 0.8323262983814238, 'I_gpi': 3.2917795281522, 'noise_stn_sigma': 4.98188397648717, 'noise_gpe_sigma': 93.05488000972647, 'noise_gpi_sigma': 87.228732837976, 'g_stn_gpe_mult': 1.7161197682284037, 'g_gpe_stn_mult': 0.26338350941884103, 'g_stn_gpi_mult': 3.3882684016413105, 'g_gpe_gpi_mult': 0.9205193557192684}. Best is trial 98 with value: 0.5979484317983877.
[I 2026-05-28 02:06:23,869] Trial 609 finished with value: 6.815318526411737 and parameters: {'ISTN': 64.13745463097531, 'I_gpe': 0.8640555872849779, 'I_gpi': 3.2657975899802247, 'noise_stn_sigma': 5.150947913589883, 'noise_gpe_sigma': 87.14565983429578, 'noise_gpi_sigma': 88.94257346283561, 'g_stn_gpe_mult': 1.717523939436731, 'g_gpe_stn_mult': 0.2480015476702042, 'g_stn_gpi_mult': 3.3612346458444096, 'g_gpe_gpi_mult': 0.8761131743720163}. Best is trial 98 with value: 0.5979484317983877.
[I 2026-05-28 02:06:24,877] Trial 610 finished with value: 17.067106128898825 and parameters: {'ISTN': 68.09841241993973, 'I_gpe': 0.8478705373556623, 'I_gpi': 3.3860687186093563, 'noise_stn_sigma': 4.926381128300483, 'noise_gpe_sigma': 88.18311723117893, 'noise_gpi_sigma': 85.69130813619257, 'g_stn_gpe_mult': 1.5386397251980652, 'g_gpe_stn_mult': 0.2579587697297508, 'g_stn_gpi_mult': 3.4947808751685954, 'g_gpe_gpi_mult': 0.8949144002036229}. Best is trial 98 with value: 0.5979484317983877.
[I 2026-05-28 02:06:25,883] Trial 611 finished with value: 18.477235216789634 and parameters: {'ISTN': 64.39920537815449, 'I_gpe': 0.8554003877493291, 'I_gpi': 3.2288922777126094, 'noise_stn_sigma': 4.79682917091248, 'noise_gpe_sigma': 93.16702664567873, 'noise_gpi_sigma': 88.3970318906737, 'g_stn_gpe_mult': 1.8031611228860989, 'g_gpe_stn_mult': 0.23958027573773122, 'g_stn_gpi_mult': 3.350366906559865, 'g_gpe_gpi_mult': 0.9123158157092719}. Best is trial 98 with value: 0.5979484317983877.
[I 2026-05-28 02:06:26,888] Trial 612 finished with value: 1.3980869844315442 and parameters: {'ISTN': 66.4156989193046, 'I_gpe': 0.8888094629846135, 'I_gpi': 3.343225899385612, 'noise_stn_sigma': 4.8980002064717025, 'noise_gpe_sigma': 92.24188945750272, 'noise_gpi_sigma': 90.4185855536547, 'g_stn_gpe_mult': 1.6305282862590078, 'g_gpe_stn_mult': 0.24906805367289683, 'g_stn_gpi_mult': 3.467602107783035, 'g_gpe_gpi_mult': 0.8986136099272586}. Best is trial 98 with value: 0.5979484317983877.
[I 2026-05-28 02:06:27,894] Trial 613 finished with value: 8.614124081574703 and parameters: {'ISTN': 66.8967782085185, 'I_gpe': 0.8574776332287442, 'I_gpi': 3.3109318422513727, 'noise_stn_sigma': 5.083051204863139, 'noise_gpe_sigma': 90.68061126706944, 'noise_gpi_sigma': 89.81564279892687, 'g_stn_gpe_mult': 1.657977446995262, 'g_gpe_stn_mult': 0.26457599055950287, 'g_stn_gpi_mult': 3.4011336682399413, 'g_gpe_gpi_mult': 0.8984293610428238}. Best is trial 98 with value: 0.5979484317983877.
[I 2026-05-28 02:06:28,903] Trial 614 finished with value: 2.6730481091335614 and parameters: {'ISTN': 64.7851922453224, 'I_gpe': 0.8652593299908296, 'I_gpi': 3.2192034705485746, 'noise_stn_sigma': 4.950340300531664, 'noise_gpe_sigma': 90.48779015394365, 'noise_gpi_sigma': 90.74855277978838, 'g_stn_gpe_mult': 1.7546498421619194, 'g_gpe_stn_mult': 0.25001051947016906, 'g_stn_gpi_mult': 3.305471163548598, 'g_gpe_gpi_mult': 0.9007407237291538}. Best is trial 98 with value: 0.5979484317983877.
[I 2026-05-28 02:06:29,912] Trial 615 finished with value: 4.42112959065472 and parameters: {'ISTN': 64.82923245179313, 'I_gpe': 0.807218843171829, 'I_gpi': 3.311774803151696, 'noise_stn_sigma': 4.945309622157575, 'noise_gpe_sigma': 89.99122434387795, 'noise_gpi_sigma': 90.49532162171553, 'g_stn_gpe_mult': 1.6767531990323863, 'g_gpe_stn_mult': 0.2676024496962274, 'g_stn_gpi_mult': 3.4131439135245984, 'g_gpe_gpi_mult': 0.8977564385212593}. Best is trial 98 with value: 0.5979484317983877.
