[I 2026-05-28 02:11:40,970] Trial 924 finished with value: 11.62983824650036 and parameters: {'ISTN': 62.404882279690696, 'I_gpe': 0.8309031045628397, 'I_gpi': 3.0343789750629715, 'noise_stn_sigma': 5.406658051449087, 'noise_gpe_sigma': 102.4906538214026, 'noise_gpi_sigma': 96.32534382144824, 'g_stn_gpe_mult': 2.1309905893021357, 'g_gpe_stn_mult': 0.28677392907998134, 'g_stn_gpi_mult': 2.750337982817558, 'g_gpe_gpi_mult': 0.8932708185724108}. Best is trial 98 with value: 0.5979484317983877.
[I 2026-05-28 02:11:41,980] Trial 925 finished with value: 3.100559341405873 and parameters: {'ISTN': 63.45652816600164, 'I_gpe': 0.822710079504904, 'I_gpi': 3.0109541157344384, 'noise_stn_sigma': 5.3477676002590435, 'noise_gpe_sigma': 107.19073435186061, 'noise_gpi_sigma': 96.58775470642412, 'g_stn_gpe_mult': 2.219695145474005, 'g_gpe_stn_mult': 0.26729815042093424, 'g_stn_gpi_mult': 2.665791302829858, 'g_gpe_gpi_mult': 0.8977190764605687}. Best is trial 98 with value: 0.5979484317983877.
[I 2026-05-28 02:11:42,986] Trial 926 finished with value: 21.832234745923643 and parameters: {'ISTN': 63.27575988363817, 'I_gpe': 0.7960373570021787, 'I_gpi': 2.962432064632315, 'noise_stn_sigma': 5.356017872141019, 'noise_gpe_sigma': 105.89743277508985, 'noise_gpi_sigma': 96.64085893980852, 'g_stn_gpe_mult': 2.1115930125104536, 'g_gpe_stn_mult': 0.2784737428205243, 'g_stn_gpi_mult': 2.8162231194480962, 'g_gpe_gpi_mult': 0.9040067042215605}. Best is trial 98 with value: 0.5979484317983877.
[I 2026-05-28 02:11:43,992] Trial 927 finished with value: 0.7731216165637718 and parameters: {'ISTN': 64.76417429112193, 'I_gpe': 0.8317692416613014, 'I_gpi': 2.9314168795785065, 'noise_stn_sigma': 5.4544183890740445, 'noise_gpe_sigma': 105.4457887588838, 'noise_gpi_sigma': 96.94004425871778, 'g_stn_gpe_mult': 2.1997597649552096, 'g_gpe_stn_mult': 0.24983924760714515, 'g_stn_gpi_mult': 2.710387442750048, 'g_gpe_gpi_mult': 0.8935870368488801}. Best is trial 98 with value: 0.5979484317983877.
[I 2026-05-28 02:11:45,000] Trial 928 finished with value: 1.4744683858341787 and parameters: {'ISTN': 64.03925286968769, 'I_gpe': 0.8214272426169675, 'I_gpi': 2.9105640842141263, 'noise_stn_sigma': 5.415169052073285, 'noise_gpe_sigma': 108.49414683288958, 'noise_gpi_sigma': 101.12009279014133, 'g_stn_gpe_mult': 2.2716848666925538, 'g_gpe_stn_mult': 0.26204386303964733, 'g_stn_gpi_mult': 2.621831753135019, 'g_gpe_gpi_mult': 0.8907177236997272}. Best is trial 98 with value: 0.5979484317983877.
[I 2026-05-28 02:11:46,008] Trial 929 finished with value: 0.8897019792593183 and parameters: {'ISTN': 65.02271164786376, 'I_gpe': 0.7953391939456469, 'I_gpi': 3.002336245628845, 'noise_stn_sigma': 5.109732195307117, 'noise_gpe_sigma': 104.53173813798139, 'noise_gpi_sigma': 96.53033018881254, 'g_stn_gpe_mult': 2.123156202701145, 'g_gpe_stn_mult': 0.2684664447467624, 'g_stn_gpi_mult': 2.852719185540116, 'g_gpe_gpi_mult': 0.8850615878734636}. Best is trial 98 with value: 0.5979484317983877.
[I 2026-05-28 02:11:47,015] Trial 930 finished with value: 25.351160893352535 and parameters: {'ISTN': 63.308524083726006, 'I_gpe': 0.7719302339615538, 'I_gpi': 2.9810535329662624, 'noise_stn_sigma': 5.33980913775608, 'noise_gpe_sigma': 110.66112719785137, 'noise_gpi_sigma': 96.500413708748, 'g_stn_gpe_mult': 2.332532916183339, 'g_gpe_stn_mult': 0.25279839177704244, 'g_stn_gpi_mult': 2.6982102863212303, 'g_gpe_gpi_mult': 0.9087050705329069}. Best is trial 98 with value: 0.5979484317983877.
[I 2026-05-28 02:11:48,023] Trial 931 finished with value: 7.862134258748333 and parameters: {'ISTN': 64.2125110864887, 'I_gpe': 0.7627932215353399, 'I_gpi': 2.935692874002007, 'noise_stn_sigma': 5.422792909381588, 'noise_gpe_sigma': 106.8273362549844, 'noise_gpi_sigma': 99.36482224022164, 'g_stn_gpe_mult': 2.3248579699563052, 'g_gpe_stn_mult': 0.26729828903612635, 'g_stn_gpi_mult': 2.7131899877249124, 'g_gpe_gpi_mult': 0.8824781858021928}. Best is trial 98 with value: 0.5979484317983877.
[I 2026-05-28 02:11:49,033] Trial 932 finished with value: 7.2789996579800915 and parameters: {'ISTN': 63.69188614532037, 'I_gpe': 0.8423844323817691, 'I_gpi': 2.9682423126678152, 'noise_stn_sigma': 5.268811396897527, 'noise_gpe_sigma': 108.22232136569585, 'noise_gpi_sigma': 97.1360628536287, 'g_stn_gpe_mult': 2.133147827614761, 'g_gpe_stn_mult': 0.26207576818925193, 'g_stn_gpi_mult': 2.783175425722884, 'g_gpe_gpi_mult': 0.8783784694510772}. Best is trial 98 with value: 0.5979484317983877.
[I 2026-05-28 02:11:50,040] Trial 933 finished with value: 10.101062223606254 and parameters: {'ISTN': 63.783694633726995, 'I_gpe': 0.8501914954838151, 'I_gpi': 3.0523538379060664, 'noise_stn_sigma': 5.469016996989298, 'noise_gpe_sigma': 100.68821744534311, 'noise_gpi_sigma': 95.7329633619133, 'g_stn_gpe_mult': 2.079018004316697, 'g_gpe_stn_mult': 0.2554310020048793, 'g_stn_gpi_mult': 2.8707263276167954, 'g_gpe_gpi_mult': 0.8905103255989291}. Best is trial 98 with value: 0.5979484317983877.
[I 2026-05-28 02:11:51,048] Trial 934 finished with value: 0.8277383699004323 and parameters: {'ISTN': 64.13944656931076, 'I_gpe': 0.8877562376997945, 'I_gpi': 2.975269013254559, 'noise_stn_sigma': 5.3425584721681165, 'noise_gpe_sigma': 103.1847638940337, 'noise_gpi_sigma': 96.87453084591914, 'g_stn_gpe_mult': 2.036788304756677, 'g_gpe_stn_mult': 0.2706010453548695, 'g_stn_gpi_mult': 2.827319865805083, 'g_gpe_gpi_mult': 0.8932729276285845}. Best is trial 98 with value: 0.5979484317983877.
[I 2026-05-28 02:11:52,055] Trial 935 finished with value: 2.7661024005399493 and parameters: {'ISTN': 64.92903978362484, 'I_gpe': 0.883397467010312, 'I_gpi': 2.942543195047882, 'noise_stn_sigma': 5.335092515333755, 'noise_gpe_sigma': 107.48803834983032, 'noise_gpi_sigma': 96.5369569722166, 'g_stn_gpe_mult': 2.169564196969672, 'g_gpe_stn_mult': 0.26367139749576296, 'g_stn_gpi_mult': 2.761909767205718, 'g_gpe_gpi_mult': 0.8689302295862884}. Best is trial 98 with value: 0.5979484317983877.
[I 2026-05-28 02:11:53,064] Trial 936 finished with value: 0.9399432879711518 and parameters: {'ISTN': 65.24952929889133, 'I_gpe': 0.8383364761290941, 'I_gpi': 2.9111316830641494, 'noise_stn_sigma': 5.2187613041456515, 'noise_gpe_sigma': 104.21865473203238, 'noise_gpi_sigma': 96.20135500243141, 'g_stn_gpe_mult': 2.1118246948016672, 'g_gpe_stn_mult': 0.2527362410727208, 'g_stn_gpi_mult': 2.8220513357813704, 'g_gpe_gpi_mult': 0.8870569883299089}. Best is trial 98 with value: 0.5979484317983877.
[I 2026-05-28 02:11:54,071] Trial 937 finished with value: 2.1646362773626087 and parameters: {'ISTN': 64.40500703301853, 'I_gpe': 0.8223443239866952, 'I_gpi': 3.0784519297522306, 'noise_stn_sigma': 5.3599863339804505, 'noise_gpe_sigma': 98.22053639741158, 'noise_gpi_sigma': 95.52814305525767, 'g_stn_gpe_mult': 2.0532561833505114, 'g_gpe_stn_mult': 0.2604011165354203, 'g_stn_gpi_mult': 2.96163935964849, 'g_gpe_gpi_mult': 0.8815054443503227}. Best is trial 98 with value: 0.5979484317983877.
[I 2026-05-28 02:11:55,079] Trial 938 finished with value: 10.644197228069459 and parameters: {'ISTN': 65.16603301836618, 'I_gpe': 0.8113368217262787, 'I_gpi': 2.9796542271595152, 'noise_stn_sigma': 5.347554053566347, 'noise_gpe_sigma': 104.0960630268238, 'noise_gpi_sigma': 96.7198239708369, 'g_stn_gpe_mult': 2.148337462303187, 'g_gpe_stn_mult': 0.23863370656030297, 'g_stn_gpi_mult': 2.835897501557017, 'g_gpe_gpi_mult': 0.9027746266874759}. Best is trial 98 with value: 0.5979484317983877.
[I 2026-05-28 02:11:56,087] Trial 939 finished with value: 0.8535655358194673 and parameters: {'ISTN': 65.00961028305252, 'I_gpe': 0.80116257869654, 'I_gpi': 2.996980039785316, 'noise_stn_sigma': 5.359218615211149, 'noise_gpe_sigma': 104.62827318574446, 'noise_gpi_sigma': 97.47012086112132, 'g_stn_gpe_mult': 2.2248530984168577, 'g_gpe_stn_mult': 0.2588486576586504, 'g_stn_gpi_mult': 2.8144095773959075, 'g_gpe_gpi_mult': 0.8819125322522994}. Best is trial 98 with value: 0.5979484317983877.
[I 2026-05-28 02:11:57,095] Trial 940 finished with value: 2.399610912590422 and parameters: {'ISTN': 65.15532607930565, 'I_gpe': 0.855292345599983, 'I_gpi': 2.9248154110318927, 'noise_stn_sigma': 5.475844766142248, 'noise_gpe_sigma': 104.80883450691822, 'noise_gpi_sigma': 97.177692998749, 'g_stn_gpe_mult': 2.144939704184737, 'g_gpe_stn_mult': 0.25545068885044664, 'g_stn_gpi_mult': 2.7702036271204724, 'g_gpe_gpi_mult': 0.8880595637335091}. Best is trial 98 with value: 0.5979484317983877.
[I 2026-05-28 02:11:58,105] Trial 941 finished with value: 0.9510107246579639 and parameters: {'ISTN': 65.61202261222971, 'I_gpe': 0.8308334453916817, 'I_gpi': 3.03033184604387, 'noise_stn_sigma': 5.451211333320847, 'noise_gpe_sigma': 100.32947496594505, 'noise_gpi_sigma': 95.76065344950088, 'g_stn_gpe_mult': 2.0993186751843087, 'g_gpe_stn_mult': 0.25952650625691553, 'g_stn_gpi_mult': 2.835319018967671, 'g_gpe_gpi_mult': 0.8888629940049031}. Best is trial 98 with value: 0.5979484317983877.
[I 2026-05-28 02:11:59,115] Trial 942 finished with value: 0.8191639677734077 and parameters: {'ISTN': 64.9581749928851, 'I_gpe': 0.8501503451694684, 'I_gpi': 2.976469575774912, 'noise_stn_sigma': 5.348525512249306, 'noise_gpe_sigma': 102.93104923292245, 'noise_gpi_sigma': 98.36965460396334, 'g_stn_gpe_mult': 2.065208859357357, 'g_gpe_stn_mult': 0.2493835854795502, 'g_stn_gpi_mult': 2.830091200969246, 'g_gpe_gpi_mult': 0.8964758990313784}. Best is trial 98 with value: 0.5979484317983877.
[I 2026-05-28 02:12:00,125] Trial 943 finished with value: 0.8935752989406066 and parameters: {'ISTN': 64.53275737639918, 'I_gpe': 0.8509909892431811, 'I_gpi': 3.016166403575983, 'noise_stn_sigma': 5.306467698542443, 'noise_gpe_sigma': 104.51385235127088, 'noise_gpi_sigma': 95.81606959379546, 'g_stn_gpe_mult': 2.044088652437342, 'g_gpe_stn_mult': 0.26773490269482336, 'g_stn_gpi_mult': 2.8535191162320657, 'g_gpe_gpi_mult': 0.8905185552323949}. Best is trial 98 with value: 0.5979484317983877.
[I 2026-05-28 02:12:01,131] Trial 944 finished with value: 0.9065585689959629 and parameters: {'ISTN': 64.14871546727588, 'I_gpe': 0.8630904139905433, 'I_gpi': 3.0453959121981935, 'noise_stn_sigma': 5.491289338018231, 'noise_gpe_sigma': 100.58857503185249, 'noise_gpi_sigma': 96.70987687352608, 'g_stn_gpe_mult': 1.9670162834167777, 'g_gpe_stn_mult': 0.2721298307107738, 'g_stn_gpi_mult': 2.8588560765848077, 'g_gpe_gpi_mult': 0.8816961221873345}. Best is trial 98 with value: 0.5979484317983877.
[I 2026-05-28 02:12:02,141] Trial 945 finished with value: 2.1362694011228434 and parameters: {'ISTN': 64.49346790050674, 'I_gpe': 0.8658676035706416, 'I_gpi': 3.0126392005699327, 'noise_stn_sigma': 5.611339970248286, 'noise_gpe_sigma': 101.05479836805247, 'noise_gpi_sigma': 98.0623362096452, 'g_stn_gpe_mult': 2.118809756783924, 'g_gpe_stn_mult': 0.27685818517665983, 'g_stn_gpi_mult': 2.7936879791039693, 'g_gpe_gpi_mult': 0.8893199363801672}. Best is trial 98 with value: 0.5979484317983877.
[I 2026-05-28 02:12:03,149] Trial 946 finished with value: 1.050841595623842 and parameters: {'ISTN': 64.36956035510632, 'I_gpe': 0.8500403195035658, 'I_gpi': 2.8846240865631003, 'noise_stn_sigma': 5.501733230790367, 'noise_gpe_sigma': 103.06133853518386, 'noise_gpi_sigma': 97.89849844631391, 'g_stn_gpe_mult': 2.1661510659066066, 'g_gpe_stn_mult': 0.26021853732010936, 'g_stn_gpi_mult': 2.7331624554396896, 'g_gpe_gpi_mult': 0.875904103538413}. Best is trial 98 with value: 0.5979484317983877.
[I 2026-05-28 02:12:04,156] Trial 947 finished with value: 0.9175249971621345 and parameters: {'ISTN': 63.65263895235162, 'I_gpe': 0.8320289340104079, 'I_gpi': 3.0538055400203725, 'noise_stn_sigma': 5.3499655389255345, 'noise_gpe_sigma': 101.56254076063058, 'noise_gpi_sigma': 97.17685709511242, 'g_stn_gpe_mult': 1.9960514826068865, 'g_gpe_stn_mult': 0.27496315162365076, 'g_stn_gpi_mult': 2.948137554450138, 'g_gpe_gpi_mult': 0.9037210954844674}. Best is trial 98 with value: 0.5979484317983877.
[I 2026-05-28 02:12:05,166] Trial 948 finished with value: 1.0256421435065834 and parameters: {'ISTN': 65.05839825171913, 'I_gpe': 0.8897169323182814, 'I_gpi': 2.9544597592289374, 'noise_stn_sigma': 5.351394296938331, 'noise_gpe_sigma': 106.93408547458738, 'noise_gpi_sigma': 99.11277310291516, 'g_stn_gpe_mult': 2.0958926638208792, 'g_gpe_stn_mult': 0.24899301838319585, 'g_stn_gpi_mult': 2.774716226884849, 'g_gpe_gpi_mult': 0.8846886127630431}. Best is trial 98 with value: 0.5979484317983877.
[I 2026-05-28 02:12:06,174] Trial 949 finished with value: 0.8762088973367346 and parameters: {'ISTN': 64.57475481205422, 'I_gpe': 0.8663106568703213, 'I_gpi': 3.016984227313843, 'noise_stn_sigma': 5.3506044451303305, 'noise_gpe_sigma': 102.20769617772635, 'noise_gpi_sigma': 96.17334572217608, 'g_stn_gpe_mult': 2.030597253595815, 'g_gpe_stn_mult': 0.2659690551238292, 'g_stn_gpi_mult': 2.7821890903757693, 'g_gpe_gpi_mult': 0.8735532652786575}. Best is trial 98 with value: 0.5979484317983877.
[I 2026-05-28 02:12:07,122] Trial 950 finished with value: 1000000.0 and parameters: {'ISTN': 64.06776474119752, 'I_gpe': 0.8462613562790143, 'I_gpi': 2.9783760041698755, 'noise_stn_sigma': 5.412489755064547, 'noise_gpe_sigma': 105.07795485611724, 'noise_gpi_sigma': 96.47838944455823, 'g_stn_gpe_mult': 2.128477699578389, 'g_gpe_stn_mult': 0.2746486576334227, 'g_stn_gpi_mult': 2.825349609015902, 'g_gpe_gpi_mult': 0.8904264733493215}. Best is trial 98 with value: 0.5979484317983877.
[I 2026-05-28 02:12:08,131] Trial 951 finished with value: 0.9480843607144975 and parameters: {'ISTN': 63.7817457973712, 'I_gpe': 0.8769839182280863, 'I_gpi': 3.1125246769449477, 'noise_stn_sigma': 5.309997018749593, 'noise_gpe_sigma': 100.44311547688251, 'noise_gpi_sigma': 93.75878594224876, 'g_stn_gpe_mult': 1.9432640408474997, 'g_gpe_stn_mult': 0.26623602577220906, 'g_stn_gpi_mult': 2.966720701405565, 'g_gpe_gpi_mult': 0.900152443588299}. Best is trial 98 with value: 0.5979484317983877.
[I 2026-05-28 02:12:09,139] Trial 952 finished with value: 8.741699751490238 and parameters: {'ISTN': 64.22362337506603, 'I_gpe': 0.8407968581073392, 'I_gpi': 2.958608985402116, 'noise_stn_sigma': 5.529897564774229, 'noise_gpe_sigma': 101.07335575494945, 'noise_gpi_sigma': 99.71114669746899, 'g_stn_gpe_mult': 2.1612460269426945, 'g_gpe_stn_mult': 0.24953894730179046, 'g_stn_gpi_mult': 2.7174152243170155, 'g_gpe_gpi_mult': 0.8870164288580895}. Best is trial 98 with value: 0.5979484317983877.
[I 2026-05-28 02:12:10,145] Trial 953 finished with value: 2.8332258633010685 and parameters: {'ISTN': 66.157624013284, 'I_gpe': 0.8513240280631691, 'I_gpi': 2.9869798370331813, 'noise_stn_sigma': 5.45454963465943, 'noise_gpe_sigma': 103.77248813881101, 'noise_gpi_sigma': 99.47929471017108, 'g_stn_gpe_mult': 2.0950293294009645, 'g_gpe_stn_mult': 0.25348726636529484, 'g_stn_gpi_mult': 2.77916233482202, 'g_gpe_gpi_mult': 0.892079247889696}. Best is trial 98 with value: 0.5979484317983877.
[I 2026-05-28 02:12:11,153] Trial 954 finished with value: 0.892220792817149 and parameters: {'ISTN': 64.73423217834085, 'I_gpe': 0.8206130857788831, 'I_gpi': 3.028713238760845, 'noise_stn_sigma': 5.389319755693085, 'noise_gpe_sigma': 101.15297220602143, 'noise_gpi_sigma': 96.1594601901188, 'g_stn_gpe_mult': 1.967880799136425, 'g_gpe_stn_mult': 0.25497511336243733, 'g_stn_gpi_mult': 2.877353374478254, 'g_gpe_gpi_mult': 0.8882725695644857}. Best is trial 98 with value: 0.5979484317983877.
[I 2026-05-28 02:12:12,160] Trial 955 finished with value: 0.8294007736524641 and parameters: {'ISTN': 64.77362006305037, 'I_gpe': 0.8897706911128562, 'I_gpi': 2.959391959658527, 'noise_stn_sigma': 5.418701230867035, 'noise_gpe_sigma': 101.84693821467513, 'noise_gpi_sigma': 95.92890747776929, 'g_stn_gpe_mult': 1.9644230081525735, 'g_gpe_stn_mult': 0.2532779027248261, 'g_stn_gpi_mult': 2.8359481978434182, 'g_gpe_gpi_mult': 0.8947973876037196}. Best is trial 98 with value: 0.5979484317983877.
[I 2026-05-28 02:12:13,168] Trial 956 finished with value: 1.176441216089918 and parameters: {'ISTN': 65.13384656332056, 'I_gpe': 0.8664200089515458, 'I_gpi': 3.0212859275742994, 'noise_stn_sigma': 5.365177302068986, 'noise_gpe_sigma': 103.45004909964075, 'noise_gpi_sigma': 99.29777165974144, 'g_stn_gpe_mult': 2.0793316199765064, 'g_gpe_stn_mult': 0.2529729089806723, 'g_stn_gpi_mult': 2.8136683799861264, 'g_gpe_gpi_mult': 0.878184961237586}. Best is trial 98 with value: 0.5979484317983877.
[I 2026-05-28 02:12:14,175] Trial 957 finished with value: 5.382843087456426 and parameters: {'ISTN': 63.8559068490612, 'I_gpe': 0.8498466738571224, 'I_gpi': 3.0069676815757016, 'noise_stn_sigma': 5.364940947282773, 'noise_gpe_sigma': 101.3911706159283, 'noise_gpi_sigma': 95.57641293133942, 'g_stn_gpe_mult': 2.0833165884027927, 'g_gpe_stn_mult': 0.2588042782539051, 'g_stn_gpi_mult': 2.8268718305140332, 'g_gpe_gpi_mult': 0.8999882456716444}. Best is trial 98 with value: 0.5979484317983877.
[I 2026-05-28 02:12:15,182] Trial 958 finished with value: 0.9018779371462586 and parameters: {'ISTN': 64.33712415427621, 'I_gpe': 0.8498080560942574, 'I_gpi': 3.0767763612736023, 'noise_stn_sigma': 5.320379884215198, 'noise_gpe_sigma': 102.56496450498575, 'noise_gpi_sigma': 97.93383285313915, 'g_stn_gpe_mult': 2.047083098550507, 'g_gpe_stn_mult': 0.25776184277796954, 'g_stn_gpi_mult': 2.866560070800158, 'g_gpe_gpi_mult': 0.8756265573914672}. Best is trial 98 with value: 0.5979484317983877.
[I 2026-05-28 02:12:16,189] Trial 959 finished with value: 0.8399579116514398 and parameters: {'ISTN': 65.36544063698742, 'I_gpe': 0.8255161343061798, 'I_gpi': 2.977977232835067, 'noise_stn_sigma': 5.34464091367639, 'noise_gpe_sigma': 104.51964272651308, 'noise_gpi_sigma': 98.0443995866782, 'g_stn_gpe_mult': 2.1431809009523963, 'g_gpe_stn_mult': 0.24647110156923985, 'g_stn_gpi_mult': 2.806247690817996, 'g_gpe_gpi_mult': 0.8886645553799053}. Best is trial 98 with value: 0.5979484317983877.
[I 2026-05-28 02:12:17,197] Trial 960 finished with value: 0.7664865843266616 and parameters: {'ISTN': 65.145499197404, 'I_gpe': 0.8739891645324629, 'I_gpi': 2.8837607341870894, 'noise_stn_sigma': 5.380104850144007, 'noise_gpe_sigma': 106.99027605326447, 'noise_gpi_sigma': 99.33022486579719, 'g_stn_gpe_mult': 2.195772714231184, 'g_gpe_stn_mult': 0.2489214268453988, 'g_stn_gpi_mult': 2.6884625115475203, 'g_gpe_gpi_mult': 0.8850233455948173}. Best is trial 98 with value: 0.5979484317983877.
[I 2026-05-28 02:12:18,206] Trial 961 finished with value: 11.957698872623842 and parameters: {'ISTN': 64.71422555027219, 'I_gpe': 0.9291072358545305, 'I_gpi': 2.893985963525972, 'noise_stn_sigma': 5.3138666474931, 'noise_gpe_sigma': 106.59570840039639, 'noise_gpi_sigma': 98.35009140173554, 'g_stn_gpe_mult': 1.976360754382169, 'g_gpe_stn_mult': 0.2470780811891727, 'g_stn_gpi_mult': 2.824120193796583, 'g_gpe_gpi_mult': 0.8809751789302882}. Best is trial 98 with value: 0.5979484317983877.
[I 2026-05-28 02:12:19,215] Trial 962 finished with value: 10.041414683510244 and parameters: {'ISTN': 64.67727943602097, 'I_gpe': 0.8770663191895249, 'I_gpi': 2.8919528580237683, 'noise_stn_sigma': 5.357923804678279, 'noise_gpe_sigma': 106.11443615580596, 'noise_gpi_sigma': 97.14372209243818, 'g_stn_gpe_mult': 2.0694626011858923, 'g_gpe_stn_mult': 0.24428383621193842, 'g_stn_gpi_mult': 2.7758798097122694, 'g_gpe_gpi_mult': 0.886477344273529}. Best is trial 98 with value: 0.5979484317983877.
[I 2026-05-28 02:12:20,223] Trial 963 finished with value: 0.8141467687448536 and parameters: {'ISTN': 64.99320405054544, 'I_gpe': 0.8443337712831018, 'I_gpi': 2.946758720747484, 'noise_stn_sigma': 5.306121704855275, 'noise_gpe_sigma': 103.02178993413725, 'noise_gpi_sigma': 95.53509768137528, 'g_stn_gpe_mult': 2.0835874741313543, 'g_gpe_stn_mult': 0.2517000962388206, 'g_stn_gpi_mult': 2.7844424236270044, 'g_gpe_gpi_mult': 0.8994540809584726}. Best is trial 98 with value: 0.5979484317983877.
[I 2026-05-28 02:12:21,231] Trial 964 finished with value: 10.193114070850392 and parameters: {'ISTN': 63.59730958869656, 'I_gpe': 0.855256119560206, 'I_gpi': 3.0344658678884113, 'noise_stn_sigma': 5.311609547986112, 'noise_gpe_sigma': 100.39099691466866, 'noise_gpi_sigma': 96.66388314807006, 'g_stn_gpe_mult': 1.858886581758205, 'g_gpe_stn_mult': 0.25034085447675813, 'g_stn_gpi_mult': 2.9189319498642754, 'g_gpe_gpi_mult': 0.8858122871748482}. Best is trial 98 with value: 0.5979484317983877.
[I 2026-05-28 02:12:22,237] Trial 965 finished with value: 3.8137031323318604 and parameters: {'ISTN': 64.9838166797878, 'I_gpe': 0.80814979705639, 'I_gpi': 2.9141776786275395, 'noise_stn_sigma': 5.21219242490413, 'noise_gpe_sigma': 105.70915856079998, 'noise_gpi_sigma': 96.33877691302072, 'g_stn_gpe_mult': 2.210214969887381, 'g_gpe_stn_mult': 0.2447199374567378, 'g_stn_gpi_mult': 2.831257953997297, 'g_gpe_gpi_mult': 0.8957647916803808}. Best is trial 98 with value: 0.5979484317983877.
[I 2026-05-28 02:12:23,245] Trial 966 finished with value: 2.6812632868918667 and parameters: {'ISTN': 64.77149780777921, 'I_gpe': 0.8487981928282409, 'I_gpi': 3.0300487645748078, 'noise_stn_sigma': 5.235583471715564, 'noise_gpe_sigma': 104.41642938027296, 'noise_gpi_sigma': 95.04539722888117, 'g_stn_gpe_mult': 2.0256500388513126, 'g_gpe_stn_mult': 0.24771086501686526, 'g_stn_gpi_mult': 2.840369919191591, 'g_gpe_gpi_mult': 0.8940040824062956}. Best is trial 98 with value: 0.5979484317983877.
[I 2026-05-28 02:12:24,254] Trial 967 finished with value: 12.35403917423734 and parameters: {'ISTN': 64.88954792387592, 'I_gpe': 0.8429275492069872, 'I_gpi': 2.9201026842124156, 'noise_stn_sigma': 5.399158813450015, 'noise_gpe_sigma': 100.41771783506054, 'noise_gpi_sigma': 98.285359614728, 'g_stn_gpe_mult': 2.1017239176776696, 'g_gpe_stn_mult': 0.24221878475052241, 'g_stn_gpi_mult': 2.830430837122393, 'g_gpe_gpi_mult': 0.895373240525263}. Best is trial 98 with value: 0.5979484317983877.
