[I 2026-05-28 02:23:28,962] Trial 616 finished with value: 0.4744431708484649 and parameters: {'ISTN': 61.05210413111599, 'I_gpe': 1.2691289433939863, 'I_gpi': 2.0286164934360604, 'noise_stn_sigma': 5.919285976252899, 'noise_gpe_sigma': 122.9057965403722, 'noise_gpi_sigma': 80.85281154785295, 'g_stn_gpe_mult': 2.3160980748253386, 'g_gpe_stn_mult': 0.10527466051213638, 'g_stn_gpi_mult': 2.4216501952960128, 'g_gpe_gpi_mult': 0.8131868426719542}. Best is trial 610 with value: 0.4715807600337649.
[I 2026-05-28 02:23:29,968] Trial 617 finished with value: 0.4781570106629109 and parameters: {'ISTN': 61.46766212139881, 'I_gpe': 1.2777019996685022, 'I_gpi': 2.0285212571115077, 'noise_stn_sigma': 5.744357960317171, 'noise_gpe_sigma': 122.1904266436174, 'noise_gpi_sigma': 89.22782938231097, 'g_stn_gpe_mult': 2.46639623270773, 'g_gpe_stn_mult': 0.1086074006632885, 'g_stn_gpi_mult': 2.4417425774071306, 'g_gpe_gpi_mult': 0.8549834385316708}. Best is trial 610 with value: 0.4715807600337649.
[I 2026-05-28 02:23:30,975] Trial 618 finished with value: 0.47247818388377655 and parameters: {'ISTN': 61.11479675179046, 'I_gpe': 1.2881022733799263, 'I_gpi': 2.047298073704196, 'noise_stn_sigma': 5.750627701714495, 'noise_gpe_sigma': 118.72419709418001, 'noise_gpi_sigma': 86.9576691230414, 'g_stn_gpe_mult': 2.5126925522646593, 'g_gpe_stn_mult': 0.10727495297649992, 'g_stn_gpi_mult': 2.3425491848478845, 'g_gpe_gpi_mult': 0.8370950654947573}. Best is trial 610 with value: 0.4715807600337649.
[I 2026-05-28 02:23:31,984] Trial 619 finished with value: 0.49167324199593565 and parameters: {'ISTN': 60.46863772345207, 'I_gpe': 1.2782458323508257, 'I_gpi': 1.9401410881949712, 'noise_stn_sigma': 5.818043447816068, 'noise_gpe_sigma': 118.19760688614608, 'noise_gpi_sigma': 81.5643242163613, 'g_stn_gpe_mult': 2.3193544215634208, 'g_gpe_stn_mult': 0.1081348942346634, 'g_stn_gpi_mult': 2.400890801362514, 'g_gpe_gpi_mult': 0.8181174609810302}. Best is trial 610 with value: 0.4715807600337649.
[I 2026-05-28 02:23:32,991] Trial 620 finished with value: 0.4703798263042226 and parameters: {'ISTN': 60.02095053379327, 'I_gpe': 1.363578841905614, 'I_gpi': 2.150621907644209, 'noise_stn_sigma': 5.797810474602144, 'noise_gpe_sigma': 124.1187382474226, 'noise_gpi_sigma': 85.72214997156729, 'g_stn_gpe_mult': 2.5192187846916823, 'g_gpe_stn_mult': 0.12121692406292106, 'g_stn_gpi_mult': 2.3806945776922825, 'g_gpe_gpi_mult': 0.7990893304719073}. Best is trial 620 with value: 0.4703798263042226.
[I 2026-05-28 02:23:34,002] Trial 621 finished with value: 0.47147691773770684 and parameters: {'ISTN': 60.49499611701114, 'I_gpe': 1.334423642808154, 'I_gpi': 2.081815812463741, 'noise_stn_sigma': 5.909344920002102, 'noise_gpe_sigma': 123.07884798219868, 'noise_gpi_sigma': 86.23058547051892, 'g_stn_gpe_mult': 2.6847178035700487, 'g_gpe_stn_mult': 0.11082561833511066, 'g_stn_gpi_mult': 2.4515521567831846, 'g_gpe_gpi_mult': 0.8252001624403866}. Best is trial 620 with value: 0.4703798263042226.
[I 2026-05-28 02:23:35,009] Trial 622 finished with value: 0.49923295297260134 and parameters: {'ISTN': 60.25932752401278, 'I_gpe': 1.2732510591152848, 'I_gpi': 2.169723821759799, 'noise_stn_sigma': 5.510112318520291, 'noise_gpe_sigma': 119.0944544638375, 'noise_gpi_sigma': 82.7462369811463, 'g_stn_gpe_mult': 2.3230697607850788, 'g_gpe_stn_mult': 0.1335056565112493, 'g_stn_gpi_mult': 2.2522836894094187, 'g_gpe_gpi_mult': 0.8126694548172475}. Best is trial 620 with value: 0.4703798263042226.
[I 2026-05-28 02:23:36,015] Trial 623 finished with value: 0.49388501687908754 and parameters: {'ISTN': 60.0499133842662, 'I_gpe': 1.2812558498835607, 'I_gpi': 2.005149257127738, 'noise_stn_sigma': 5.873650472562872, 'noise_gpe_sigma': 113.4430755574792, 'noise_gpi_sigma': 85.21035054706911, 'g_stn_gpe_mult': 2.379461526576724, 'g_gpe_stn_mult': 0.14012908514384353, 'g_stn_gpi_mult': 2.5114227128843982, 'g_gpe_gpi_mult': 0.8405808131180095}. Best is trial 620 with value: 0.4703798263042226.
[I 2026-05-28 02:23:37,022] Trial 624 finished with value: 0.4830528922392341 and parameters: {'ISTN': 60.679108701770105, 'I_gpe': 1.4124342131992482, 'I_gpi': 2.0709441039669674, 'noise_stn_sigma': 5.706009665802006, 'noise_gpe_sigma': 117.91543456977293, 'noise_gpi_sigma': 85.56077661463367, 'g_stn_gpe_mult': 2.666956471770635, 'g_gpe_stn_mult': 0.1297926258328984, 'g_stn_gpi_mult': 2.4097822607065846, 'g_gpe_gpi_mult': 0.823711522323592}. Best is trial 620 with value: 0.4703798263042226.
[I 2026-05-28 02:23:38,030] Trial 625 finished with value: 0.4851166467653744 and parameters: {'ISTN': 60.92423742714822, 'I_gpe': 1.3674012840376213, 'I_gpi': 2.0656924962620566, 'noise_stn_sigma': 5.589163399362823, 'noise_gpe_sigma': 118.41018543731978, 'noise_gpi_sigma': 84.84444941567783, 'g_stn_gpe_mult': 2.5115764867171, 'g_gpe_stn_mult': 0.11708193375382642, 'g_stn_gpi_mult': 2.421597825715986, 'g_gpe_gpi_mult': 0.8384266639149509}. Best is trial 620 with value: 0.4703798263042226.
[I 2026-05-28 02:23:39,036] Trial 626 finished with value: 0.4765164614891557 and parameters: {'ISTN': 60.614295123286276, 'I_gpe': 1.3252825158601085, 'I_gpi': 1.9490702814692924, 'noise_stn_sigma': 5.670659602436809, 'noise_gpe_sigma': 116.5873422899763, 'noise_gpi_sigma': 83.65756367054068, 'g_stn_gpe_mult': 2.4227655271146715, 'g_gpe_stn_mult': 0.11538241033517162, 'g_stn_gpi_mult': 2.3826024462079767, 'g_gpe_gpi_mult': 0.8652254081573356}. Best is trial 620 with value: 0.4703798263042226.
[I 2026-05-28 02:23:40,042] Trial 627 finished with value: 0.47338035868176187 and parameters: {'ISTN': 60.39368012203326, 'I_gpe': 1.2821671225123543, 'I_gpi': 1.9005409697832114, 'noise_stn_sigma': 5.9692387766943416, 'noise_gpe_sigma': 123.3307820875345, 'noise_gpi_sigma': 83.24331771196377, 'g_stn_gpe_mult': 2.4401834059516037, 'g_gpe_stn_mult': 0.1098586604065628, 'g_stn_gpi_mult': 2.4574785777600887, 'g_gpe_gpi_mult': 0.8404837012536506}. Best is trial 620 with value: 0.4703798263042226.
[I 2026-05-28 02:23:41,049] Trial 628 finished with value: 0.49465027092344077 and parameters: {'ISTN': 60.50332823590666, 'I_gpe': 1.2379182848150903, 'I_gpi': 2.1443439400177415, 'noise_stn_sigma': 5.806545353312128, 'noise_gpe_sigma': 120.7620735161033, 'noise_gpi_sigma': 84.91480008844727, 'g_stn_gpe_mult': 2.304917707644771, 'g_gpe_stn_mult': 0.10875837114341196, 'g_stn_gpi_mult': 2.3045186021584643, 'g_gpe_gpi_mult': 0.8077158972171747}. Best is trial 620 with value: 0.4703798263042226.
[I 2026-05-28 02:23:42,056] Trial 629 finished with value: 0.4897869121068487 and parameters: {'ISTN': 61.2841177540088, 'I_gpe': 1.2537986979686826, 'I_gpi': 2.2074622430467485, 'noise_stn_sigma': 5.402940762037875, 'noise_gpe_sigma': 120.24847374190813, 'noise_gpi_sigma': 86.67942399041291, 'g_stn_gpe_mult': 2.570321487524084, 'g_gpe_stn_mult': 0.11278942036464558, 'g_stn_gpi_mult': 2.3204448430670706, 'g_gpe_gpi_mult': 0.8524030330790093}. Best is trial 620 with value: 0.4703798263042226.
[I 2026-05-28 02:23:43,063] Trial 630 finished with value: 0.4904811036145176 and parameters: {'ISTN': 61.03688623621192, 'I_gpe': 1.2522881082696993, 'I_gpi': 2.2194040455656143, 'noise_stn_sigma': 5.321798961544731, 'noise_gpe_sigma': 118.6426830459827, 'noise_gpi_sigma': 89.69340875055357, 'g_stn_gpe_mult': 2.625033126879113, 'g_gpe_stn_mult': 0.10845016445697415, 'g_stn_gpi_mult': 2.2624991160565475, 'g_gpe_gpi_mult': 0.8141228862297645}. Best is trial 620 with value: 0.4703798263042226.
[I 2026-05-28 02:23:44,071] Trial 631 finished with value: 0.4801163203863536 and parameters: {'ISTN': 60.27989662108887, 'I_gpe': 1.4134770147034732, 'I_gpi': 2.2041631370784724, 'noise_stn_sigma': 5.499344706952957, 'noise_gpe_sigma': 116.608208826663, 'noise_gpi_sigma': 89.47366494408996, 'g_stn_gpe_mult': 2.77587932142566, 'g_gpe_stn_mult': 0.11823676880573307, 'g_stn_gpi_mult': 2.5627466761183584, 'g_gpe_gpi_mult': 0.8892385451766203}. Best is trial 620 with value: 0.4703798263042226.
[I 2026-05-28 02:23:45,078] Trial 632 finished with value: 0.47637798448934604 and parameters: {'ISTN': 60.63134762010424, 'I_gpe': 1.3499662111712931, 'I_gpi': 2.058446573440378, 'noise_stn_sigma': 6.011120435826386, 'noise_gpe_sigma': 124.43293585388533, 'noise_gpi_sigma': 85.03552077733916, 'g_stn_gpe_mult': 2.6869600248161234, 'g_gpe_stn_mult': 0.12192995779748123, 'g_stn_gpi_mult': 2.431987934898787, 'g_gpe_gpi_mult': 0.7791353950334878}. Best is trial 620 with value: 0.4703798263042226.
[I 2026-05-28 02:23:46,086] Trial 633 finished with value: 0.4927301801277075 and parameters: {'ISTN': 61.02181225913249, 'I_gpe': 1.4351551544410088, 'I_gpi': 2.0551056785576147, 'noise_stn_sigma': 5.445724743318136, 'noise_gpe_sigma': 116.92162564261639, 'noise_gpi_sigma': 87.96621563448896, 'g_stn_gpe_mult': 2.58918091330304, 'g_gpe_stn_mult': 0.12351287650686574, 'g_stn_gpi_mult': 2.4570370881921484, 'g_gpe_gpi_mult': 0.810177090275241}. Best is trial 620 with value: 0.4703798263042226.
[I 2026-05-28 02:23:47,034] Trial 634 finished with value: 1000000.0 and parameters: {'ISTN': 61.045545665598034, 'I_gpe': 1.3321348673988374, 'I_gpi': 2.125710979627371, 'noise_stn_sigma': 5.750367524272811, 'noise_gpe_sigma': 122.38373627689391, 'noise_gpi_sigma': 86.60988315423441, 'g_stn_gpe_mult': 2.690096134737816, 'g_gpe_stn_mult': 0.10994292686248772, 'g_stn_gpi_mult': 2.446969184775533, 'g_gpe_gpi_mult': 0.8472918543182826}. Best is trial 620 with value: 0.4703798263042226.
[I 2026-05-28 02:23:48,041] Trial 635 finished with value: 0.474972936443834 and parameters: {'ISTN': 60.629041438038065, 'I_gpe': 1.312001848286068, 'I_gpi': 1.9598475488262739, 'noise_stn_sigma': 5.991679402598145, 'noise_gpe_sigma': 122.02913927499608, 'noise_gpi_sigma': 80.91090346431702, 'g_stn_gpe_mult': 2.603288872465515, 'g_gpe_stn_mult': 0.12398290701606098, 'g_stn_gpi_mult': 2.4854634780898976, 'g_gpe_gpi_mult': 0.8141841048648859}. Best is trial 620 with value: 0.4703798263042226.
[I 2026-05-28 02:23:49,048] Trial 636 finished with value: 0.4751493909805183 and parameters: {'ISTN': 60.91684260136619, 'I_gpe': 1.3466548843050732, 'I_gpi': 1.8738317053619262, 'noise_stn_sigma': 5.990390353926866, 'noise_gpe_sigma': 121.4255587982812, 'noise_gpi_sigma': 84.42592840846744, 'g_stn_gpe_mult': 2.5393106772673457, 'g_gpe_stn_mult': 0.10088479635654085, 'g_stn_gpi_mult': 2.512133768389346, 'g_gpe_gpi_mult': 0.8311191413036199}. Best is trial 620 with value: 0.4703798263042226.
[I 2026-05-28 02:23:50,057] Trial 637 finished with value: 0.6131370656424278 and parameters: {'ISTN': 60.711825401452664, 'I_gpe': 1.2129899586998572, 'I_gpi': 2.107151450643536, 'noise_stn_sigma': 5.652666743366801, 'noise_gpe_sigma': 121.97864673105161, 'noise_gpi_sigma': 82.06401302010593, 'g_stn_gpe_mult': 2.428775294513607, 'g_gpe_stn_mult': 0.10138333036587682, 'g_stn_gpi_mult': 2.4565463912301793, 'g_gpe_gpi_mult': 0.829891869019433}. Best is trial 620 with value: 0.4703798263042226.
[I 2026-05-28 02:23:51,065] Trial 638 finished with value: 0.49514486743986585 and parameters: {'ISTN': 60.47589328661043, 'I_gpe': 1.3531484129129294, 'I_gpi': 1.9984828576632212, 'noise_stn_sigma': 5.966181811504658, 'noise_gpe_sigma': 120.59870937400001, 'noise_gpi_sigma': 81.48431001768931, 'g_stn_gpe_mult': 2.495305807637544, 'g_gpe_stn_mult': 0.10380566929685327, 'g_stn_gpi_mult': 2.3080737574041454, 'g_gpe_gpi_mult': 0.8360655678499818}. Best is trial 620 with value: 0.4703798263042226.
[I 2026-05-28 02:23:52,074] Trial 639 finished with value: 0.47091632191739863 and parameters: {'ISTN': 61.421596360504246, 'I_gpe': 1.3188411845153851, 'I_gpi': 1.9824160763694048, 'noise_stn_sigma': 5.907730962032072, 'noise_gpe_sigma': 121.34311275339027, 'noise_gpi_sigma': 82.79363726737147, 'g_stn_gpe_mult': 2.5946456258978823, 'g_gpe_stn_mult': 0.10458247441882586, 'g_stn_gpi_mult': 2.5201043387631987, 'g_gpe_gpi_mult': 0.8443373377260162}. Best is trial 620 with value: 0.4703798263042226.
[I 2026-05-28 02:23:53,082] Trial 640 finished with value: 0.47598179307589794 and parameters: {'ISTN': 60.277174613353786, 'I_gpe': 1.3936711611350556, 'I_gpi': 2.0733433452462826, 'noise_stn_sigma': 6.214560571294199, 'noise_gpe_sigma': 127.11270460287103, 'noise_gpi_sigma': 83.32538822696839, 'g_stn_gpe_mult': 2.4464719939027253, 'g_gpe_stn_mult': 0.10467702921303508, 'g_stn_gpi_mult': 2.4088775863776384, 'g_gpe_gpi_mult': 0.8442997553810938}. Best is trial 620 with value: 0.4703798263042226.
[I 2026-05-28 02:23:54,091] Trial 641 finished with value: 0.4723473822670157 and parameters: {'ISTN': 60.906707396137705, 'I_gpe': 1.3863758803884165, 'I_gpi': 2.116151079413385, 'noise_stn_sigma': 5.963743558771624, 'noise_gpe_sigma': 122.46080068069895, 'noise_gpi_sigma': 85.60057377696266, 'g_stn_gpe_mult': 2.5271018542585564, 'g_gpe_stn_mult': 0.10542872701847186, 'g_stn_gpi_mult': 2.444127278622427, 'g_gpe_gpi_mult': 0.8421663023429067}. Best is trial 620 with value: 0.4703798263042226.
[I 2026-05-28 02:23:55,099] Trial 642 finished with value: 0.48904032022583177 and parameters: {'ISTN': 60.52150762443781, 'I_gpe': 1.3557634930542823, 'I_gpi': 1.9286078965451239, 'noise_stn_sigma': 6.151913354427418, 'noise_gpe_sigma': 124.6985202107239, 'noise_gpi_sigma': 77.81295425001547, 'g_stn_gpe_mult': 2.6062059917834794, 'g_gpe_stn_mult': 0.13270275244580176, 'g_stn_gpi_mult': 2.579673122838561, 'g_gpe_gpi_mult': 0.8390069913418188}. Best is trial 620 with value: 0.4703798263042226.
[I 2026-05-28 02:23:56,108] Trial 643 finished with value: 0.49637618111561244 and parameters: {'ISTN': 60.44195354013659, 'I_gpe': 1.4626441823925127, 'I_gpi': 1.9152927326263034, 'noise_stn_sigma': 5.775427280112084, 'noise_gpe_sigma': 119.51153283327733, 'noise_gpi_sigma': 83.78609235891247, 'g_stn_gpe_mult': 2.5003606660985893, 'g_gpe_stn_mult': 0.10202618152455825, 'g_stn_gpi_mult': 2.467309242374945, 'g_gpe_gpi_mult': 0.8422025265844568}. Best is trial 620 with value: 0.4703798263042226.
[I 2026-05-28 02:23:57,116] Trial 644 finished with value: 0.5043560113703731 and parameters: {'ISTN': 61.03927064907571, 'I_gpe': 1.4502639367098937, 'I_gpi': 2.201065011230617, 'noise_stn_sigma': 5.820906347969379, 'noise_gpe_sigma': 122.63454202649824, 'noise_gpi_sigma': 84.86616767778435, 'g_stn_gpe_mult': 2.5393686590896296, 'g_gpe_stn_mult': 0.11865589900582611, 'g_stn_gpi_mult': 2.529977787176108, 'g_gpe_gpi_mult': 0.8851532164260592}. Best is trial 620 with value: 0.4703798263042226.
[I 2026-05-28 02:23:58,124] Trial 645 finished with value: 0.47243126776285116 and parameters: {'ISTN': 60.95436348516401, 'I_gpe': 1.2470729063100867, 'I_gpi': 1.9575748939887645, 'noise_stn_sigma': 5.87314198718522, 'noise_gpe_sigma': 123.18537937074963, 'noise_gpi_sigma': 85.40164047274823, 'g_stn_gpe_mult': 2.6107903635239507, 'g_gpe_stn_mult': 0.10620117955879084, 'g_stn_gpi_mult': 2.50172390642353, 'g_gpe_gpi_mult': 0.8064446822276043}. Best is trial 620 with value: 0.4703798263042226.
[I 2026-05-28 02:23:59,128] Trial 646 finished with value: 0.6310950429857138 and parameters: {'ISTN': 62.0511342835407, 'I_gpe': 1.241911625111901, 'I_gpi': 1.915227285779452, 'noise_stn_sigma': 6.384677571448412, 'noise_gpe_sigma': 125.11098405179544, 'noise_gpi_sigma': 83.05904704836806, 'g_stn_gpe_mult': 2.5465598685733446, 'g_gpe_stn_mult': 0.10911340926729714, 'g_stn_gpi_mult': 2.51397650991994, 'g_gpe_gpi_mult': 0.8425455566585949}. Best is trial 620 with value: 0.4703798263042226.
[I 2026-05-28 02:24:00,136] Trial 647 finished with value: 0.4940244796778983 and parameters: {'ISTN': 61.1879489958477, 'I_gpe': 1.3282258070643609, 'I_gpi': 1.9193082347011459, 'noise_stn_sigma': 5.4821005679877075, 'noise_gpe_sigma': 118.27747750347793, 'noise_gpi_sigma': 77.59610648648953, 'g_stn_gpe_mult': 2.45961557078736, 'g_gpe_stn_mult': 0.11008889908564046, 'g_stn_gpi_mult': 2.582134785097043, 'g_gpe_gpi_mult': 0.8129073982378845}. Best is trial 620 with value: 0.4703798263042226.
[I 2026-05-28 02:24:01,142] Trial 648 finished with value: 0.4856547952384877 and parameters: {'ISTN': 60.18774577009078, 'I_gpe': 1.3049251120556078, 'I_gpi': 1.9754766930376362, 'noise_stn_sigma': 5.551797686036029, 'noise_gpe_sigma': 117.11894474940503, 'noise_gpi_sigma': 89.97951834673792, 'g_stn_gpe_mult': 2.645273795512624, 'g_gpe_stn_mult': 0.11904012664859046, 'g_stn_gpi_mult': 2.453558848358181, 'g_gpe_gpi_mult': 0.9008662925509385}. Best is trial 620 with value: 0.4703798263042226.
[I 2026-05-28 02:24:02,149] Trial 649 finished with value: 0.4738236331635211 and parameters: {'ISTN': 61.553236393448486, 'I_gpe': 1.2217420095041902, 'I_gpi': 1.9513614915359423, 'noise_stn_sigma': 6.1017489588759615, 'noise_gpe_sigma': 122.06036252623748, 'noise_gpi_sigma': 82.41491995933228, 'g_stn_gpe_mult': 2.6370390369546044, 'g_gpe_stn_mult': 0.10510338001278574, 'g_stn_gpi_mult': 2.6081973575989013, 'g_gpe_gpi_mult': 0.8609222745530218}. Best is trial 620 with value: 0.4703798263042226.
[I 2026-05-28 02:24:03,157] Trial 650 finished with value: 0.481029350099276 and parameters: {'ISTN': 61.70147573170508, 'I_gpe': 1.3101095738585204, 'I_gpi': 2.0303564834498937, 'noise_stn_sigma': 6.120591850977542, 'noise_gpe_sigma': 122.48032935818729, 'noise_gpi_sigma': 78.72897298468064, 'g_stn_gpe_mult': 2.5818185742557827, 'g_gpe_stn_mult': 0.10071738182222194, 'g_stn_gpi_mult': 2.5186374702753738, 'g_gpe_gpi_mult': 0.8407889150085521}. Best is trial 620 with value: 0.4703798263042226.
[I 2026-05-28 02:24:04,165] Trial 651 finished with value: 0.5158086972606971 and parameters: {'ISTN': 61.21749058622956, 'I_gpe': 1.3413209040436809, 'I_gpi': 2.074917335362084, 'noise_stn_sigma': 6.071012160006831, 'noise_gpe_sigma': 125.0180235735281, 'noise_gpi_sigma': 83.7812836553286, 'g_stn_gpe_mult': 2.3467587230490605, 'g_gpe_stn_mult': 0.11293987810915714, 'g_stn_gpi_mult': 2.544305097765638, 'g_gpe_gpi_mult': 0.8282559493139539}. Best is trial 620 with value: 0.4703798263042226.
[I 2026-05-28 02:24:05,173] Trial 652 finished with value: 0.4757522830932516 and parameters: {'ISTN': 60.96528855180956, 'I_gpe': 1.3386423400157497, 'I_gpi': 2.025948935236892, 'noise_stn_sigma': 6.02198528205568, 'noise_gpe_sigma': 123.16423520932454, 'noise_gpi_sigma': 89.06867961170951, 'g_stn_gpe_mult': 2.6674236493587182, 'g_gpe_stn_mult': 0.11634842180859849, 'g_stn_gpi_mult': 2.5256998733133074, 'g_gpe_gpi_mult': 0.8486636264784169}. Best is trial 620 with value: 0.4703798263042226.
[I 2026-05-28 02:24:06,182] Trial 653 finished with value: 0.4851415838151059 and parameters: {'ISTN': 61.645431821853826, 'I_gpe': 1.223005484250602, 'I_gpi': 2.0381211144357594, 'noise_stn_sigma': 5.596247489402201, 'noise_gpe_sigma': 121.87641408836083, 'noise_gpi_sigma': 90.67272597592942, 'g_stn_gpe_mult': 2.505581228905519, 'g_gpe_stn_mult': 0.10031043062174579, 'g_stn_gpi_mult': 2.5708140197987714, 'g_gpe_gpi_mult': 0.8961758587065081}. Best is trial 620 with value: 0.4703798263042226.
[I 2026-05-28 02:24:07,188] Trial 654 finished with value: 0.46962333977752396 and parameters: {'ISTN': 60.581148853793806, 'I_gpe': 1.3563167244569323, 'I_gpi': 2.172603184477668, 'noise_stn_sigma': 6.00692465906351, 'noise_gpe_sigma': 121.16838565300458, 'noise_gpi_sigma': 86.9415050747723, 'g_stn_gpe_mult': 2.5936450600739605, 'g_gpe_stn_mult': 0.11065071657031285, 'g_stn_gpi_mult': 2.430013536320408, 'g_gpe_gpi_mult': 0.8568209876559221}. Best is trial 654 with value: 0.46962333977752396.
[I 2026-05-28 02:24:08,193] Trial 655 finished with value: 0.566444580416235 and parameters: {'ISTN': 60.02503599271917, 'I_gpe': 1.2654279227866292, 'I_gpi': 2.2316968664782593, 'noise_stn_sigma': 6.016252793601547, 'noise_gpe_sigma': 129.25066669576302, 'noise_gpi_sigma': 90.58539579472811, 'g_stn_gpe_mult': 2.5194783583010434, 'g_gpe_stn_mult': 0.10363468344478814, 'g_stn_gpi_mult': 2.434792751600847, 'g_gpe_gpi_mult': 0.8335105880788547}. Best is trial 654 with value: 0.46962333977752396.
[I 2026-05-28 02:24:09,200] Trial 656 finished with value: 0.4925141701154145 and parameters: {'ISTN': 61.11553080384437, 'I_gpe': 1.3336416083902984, 'I_gpi': 1.9632776560087382, 'noise_stn_sigma': 5.4602539448683185, 'noise_gpe_sigma': 116.32098661143901, 'noise_gpi_sigma': 83.36615845225896, 'g_stn_gpe_mult': 2.517141174921255, 'g_gpe_stn_mult': 0.11962342707703666, 'g_stn_gpi_mult': 2.437850985376823, 'g_gpe_gpi_mult': 0.8398779705055761}. Best is trial 654 with value: 0.46962333977752396.
[I 2026-05-28 02:24:10,207] Trial 657 finished with value: 0.4749548955056607 and parameters: {'ISTN': 61.66250545410766, 'I_gpe': 1.2831331659243976, 'I_gpi': 1.9722482669217531, 'noise_stn_sigma': 5.86451882427551, 'noise_gpe_sigma': 117.97191897006397, 'noise_gpi_sigma': 85.17723888563351, 'g_stn_gpe_mult': 2.5617167922165063, 'g_gpe_stn_mult': 0.10934704584172361, 'g_stn_gpi_mult': 2.4738025131310977, 'g_gpe_gpi_mult': 0.8721459501531961}. Best is trial 654 with value: 0.46962333977752396.
[I 2026-05-28 02:24:11,213] Trial 658 finished with value: 0.47422694491149314 and parameters: {'ISTN': 60.70204053114113, 'I_gpe': 1.3339278542437873, 'I_gpi': 2.019060241052715, 'noise_stn_sigma': 6.084564186398907, 'noise_gpe_sigma': 124.60345827789604, 'noise_gpi_sigma': 91.8772031369327, 'g_stn_gpe_mult': 2.665433786182671, 'g_gpe_stn_mult': 0.11595781369618252, 'g_stn_gpi_mult': 2.3799720394526553, 'g_gpe_gpi_mult': 0.8639762744129156}. Best is trial 654 with value: 0.46962333977752396.
[I 2026-05-28 02:24:12,222] Trial 659 finished with value: 0.4761373831319599 and parameters: {'ISTN': 60.715868147710744, 'I_gpe': 1.3033219283570832, 'I_gpi': 1.9808481262933881, 'noise_stn_sigma': 6.081894123793042, 'noise_gpe_sigma': 121.27214660666509, 'noise_gpi_sigma': 83.77026531683438, 'g_stn_gpe_mult': 2.521528056801386, 'g_gpe_stn_mult': 0.10255566708992994, 'g_stn_gpi_mult': 2.437268033600053, 'g_gpe_gpi_mult': 0.8235577402639038}. Best is trial 654 with value: 0.46962333977752396.
