[I 2026-05-28 02:45:21,877] Trial 908 finished with value: 0.003913744203633537 and parameters: {'ISTN': 60.2467203422584, 'I_gpe': 1.117920870888649, 'I_gpi': 2.2824911901576908, 'noise_stn_sigma': 1.1125872372096353, 'noise_gpe_sigma': 143.98542233793876, 'noise_gpi_sigma': 137.8333243081262, 'g_stn_gpe_mult': 2.457017996451447, 'g_gpe_stn_mult': 0.18565091732971536, 'g_stn_gpi_mult': 1.2552451149962383, 'g_gpe_gpi_mult': 0.9929006852021114}. Best is trial 850 with value: 0.0019336269705434892.
[I 2026-05-28 02:45:22,885] Trial 909 finished with value: 0.0035890679349575476 and parameters: {'ISTN': 60.03654507060359, 'I_gpe': 1.1213782323465902, 'I_gpi': 2.273908634971758, 'noise_stn_sigma': 1.1040020184999795, 'noise_gpe_sigma': 143.53305960557745, 'noise_gpi_sigma': 137.26236783200983, 'g_stn_gpe_mult': 2.447922561200784, 'g_gpe_stn_mult': 0.18596916346096642, 'g_stn_gpi_mult': 1.274588340480592, 'g_gpe_gpi_mult': 0.9939559358364884}. Best is trial 850 with value: 0.0019336269705434892.
[I 2026-05-28 02:45:23,892] Trial 910 finished with value: 0.002853070221436393 and parameters: {'ISTN': 60.12280716842199, 'I_gpe': 1.1132581990979573, 'I_gpi': 2.264864952086943, 'noise_stn_sigma': 1.0245803801317557, 'noise_gpe_sigma': 143.28756561033782, 'noise_gpi_sigma': 136.03061542648845, 'g_stn_gpe_mult': 2.4754174274953997, 'g_gpe_stn_mult': 0.18734285234749884, 'g_stn_gpi_mult': 1.2261851609613637, 'g_gpe_gpi_mult': 1.001673734763059}. Best is trial 850 with value: 0.0019336269705434892.
[I 2026-05-28 02:45:24,900] Trial 911 finished with value: 0.005117871818153115 and parameters: {'ISTN': 60.07003253969774, 'I_gpe': 1.1045240209367668, 'I_gpi': 2.277151477630057, 'noise_stn_sigma': 1.106227969132112, 'noise_gpe_sigma': 143.37737154166103, 'noise_gpi_sigma': 138.4477533049407, 'g_stn_gpe_mult': 2.4680485651675093, 'g_gpe_stn_mult': 0.18496011470064833, 'g_stn_gpi_mult': 1.2214464262081863, 'g_gpe_gpi_mult': 0.9918728667448682}. Best is trial 850 with value: 0.0019336269705434892.
[I 2026-05-28 02:45:25,909] Trial 912 finished with value: 0.004504973355905624 and parameters: {'ISTN': 60.29712405118548, 'I_gpe': 1.1294037901653093, 'I_gpi': 2.257918639346981, 'noise_stn_sigma': 1.0568869015062097, 'noise_gpe_sigma': 143.68334719012864, 'noise_gpi_sigma': 138.70516530699967, 'g_stn_gpe_mult': 2.437787353355416, 'g_gpe_stn_mult': 0.1827675490575541, 'g_stn_gpi_mult': 1.2599783925452956, 'g_gpe_gpi_mult': 0.9915212683034123}. Best is trial 850 with value: 0.0019336269705434892.
[I 2026-05-28 02:45:26,919] Trial 913 finished with value: 0.005004540417936999 and parameters: {'ISTN': 60.10508336281219, 'I_gpe': 1.1133189670459855, 'I_gpi': 2.2845395180134154, 'noise_stn_sigma': 1.1083115813393636, 'noise_gpe_sigma': 143.6283253056158, 'noise_gpi_sigma': 136.47845438721993, 'g_stn_gpe_mult': 2.4709663499954173, 'g_gpe_stn_mult': 0.18850059601564045, 'g_stn_gpi_mult': 1.2385354682524234, 'g_gpe_gpi_mult': 1.005255150146978}. Best is trial 850 with value: 0.0019336269705434892.
[I 2026-05-28 02:45:27,927] Trial 914 finished with value: 0.002579395547449329 and parameters: {'ISTN': 60.15130344762281, 'I_gpe': 1.1268275125237879, 'I_gpi': 2.2409340869092946, 'noise_stn_sigma': 1.0446086013274392, 'noise_gpe_sigma': 144.84123196204416, 'noise_gpi_sigma': 136.67377831112424, 'g_stn_gpe_mult': 2.423571807397319, 'g_gpe_stn_mult': 0.18495762738918686, 'g_stn_gpi_mult': 1.2391023917772974, 'g_gpe_gpi_mult': 1.0076208407823368}. Best is trial 850 with value: 0.0019336269705434892.
[I 2026-05-28 02:45:28,937] Trial 915 finished with value: 0.0036674334886770345 and parameters: {'ISTN': 60.08981249599149, 'I_gpe': 1.11043952667332, 'I_gpi': 2.2681057145892005, 'noise_stn_sigma': 1.0233645172286823, 'noise_gpe_sigma': 145.5195827168539, 'noise_gpi_sigma': 138.9723700096537, 'g_stn_gpe_mult': 2.444847292153707, 'g_gpe_stn_mult': 0.18680254666874954, 'g_stn_gpi_mult': 1.2540646112571425, 'g_gpe_gpi_mult': 0.9951219987502196}. Best is trial 850 with value: 0.0019336269705434892.
[I 2026-05-28 02:45:29,943] Trial 916 finished with value: 0.067413133427531 and parameters: {'ISTN': 60.268304287557655, 'I_gpe': 1.1259658669368515, 'I_gpi': 2.2648916473063183, 'noise_stn_sigma': 1.0209589231280103, 'noise_gpe_sigma': 143.30247500456812, 'noise_gpi_sigma': 135.25171252845342, 'g_stn_gpe_mult': 2.400108347554181, 'g_gpe_stn_mult': 0.18411470882597086, 'g_stn_gpi_mult': 1.2529935381629616, 'g_gpe_gpi_mult': 1.0103463751835016}. Best is trial 850 with value: 0.0019336269705434892.
[I 2026-05-28 02:45:30,954] Trial 917 finished with value: 0.004993349938726019 and parameters: {'ISTN': 60.395234533752635, 'I_gpe': 1.1191351790696926, 'I_gpi': 2.299041745140591, 'noise_stn_sigma': 1.0258730143986468, 'noise_gpe_sigma': 141.85710048759785, 'noise_gpi_sigma': 136.94337666440555, 'g_stn_gpe_mult': 2.472751554356261, 'g_gpe_stn_mult': 0.18354828051796207, 'g_stn_gpi_mult': 1.2576725422063304, 'g_gpe_gpi_mult': 1.0087389476473643}. Best is trial 850 with value: 0.0019336269705434892.
[I 2026-05-28 02:45:31,966] Trial 918 finished with value: 0.0040595037133072855 and parameters: {'ISTN': 60.096711733698974, 'I_gpe': 1.1123857144876863, 'I_gpi': 2.2809130632389287, 'noise_stn_sigma': 1.0402107210028695, 'noise_gpe_sigma': 142.6342442129798, 'noise_gpi_sigma': 136.62907870416421, 'g_stn_gpe_mult': 2.4758359235465583, 'g_gpe_stn_mult': 0.1884087040855111, 'g_stn_gpi_mult': 1.224376341483399, 'g_gpe_gpi_mult': 1.0098943477758426}. Best is trial 850 with value: 0.0019336269705434892.
[I 2026-05-28 02:45:32,973] Trial 919 finished with value: 0.0043245258359871355 and parameters: {'ISTN': 60.32042673444392, 'I_gpe': 1.1407254507521096, 'I_gpi': 2.2902902553757314, 'noise_stn_sigma': 1.089523387771923, 'noise_gpe_sigma': 142.65815637777592, 'noise_gpi_sigma': 137.41188237266897, 'g_stn_gpe_mult': 2.438086653544806, 'g_gpe_stn_mult': 0.18059952693004103, 'g_stn_gpi_mult': 1.2430287848906139, 'g_gpe_gpi_mult': 1.0015769759005952}. Best is trial 850 with value: 0.0019336269705434892.
[I 2026-05-28 02:45:33,982] Trial 920 finished with value: 0.0038862028030305115 and parameters: {'ISTN': 60.087141266500254, 'I_gpe': 1.1051685451114897, 'I_gpi': 2.297474917084407, 'noise_stn_sigma': 1.0383810673350216, 'noise_gpe_sigma': 143.22003624130048, 'noise_gpi_sigma': 137.9024878234248, 'g_stn_gpe_mult': 2.4368062991347728, 'g_gpe_stn_mult': 0.18565246754944634, 'g_stn_gpi_mult': 1.2382820770837593, 'g_gpe_gpi_mult': 1.0014632771560432}. Best is trial 850 with value: 0.0019336269705434892.
[I 2026-05-28 02:45:34,991] Trial 921 finished with value: 0.005007612180517016 and parameters: {'ISTN': 60.165109379807944, 'I_gpe': 1.1070067094531444, 'I_gpi': 2.2624643223857297, 'noise_stn_sigma': 1.0462063036536682, 'noise_gpe_sigma': 143.94275962011284, 'noise_gpi_sigma': 138.10655963153135, 'g_stn_gpe_mult': 2.4371297492898885, 'g_gpe_stn_mult': 0.1864035977870365, 'g_stn_gpi_mult': 1.2611487046480723, 'g_gpe_gpi_mult': 1.0106126770885204}. Best is trial 850 with value: 0.0019336269705434892.
[I 2026-05-28 02:45:35,996] Trial 922 finished with value: 0.0025712455049434237 and parameters: {'ISTN': 60.21385957354218, 'I_gpe': 1.1225963317228946, 'I_gpi': 2.2474381775577443, 'noise_stn_sigma': 1.0504938097154417, 'noise_gpe_sigma': 145.36270820524362, 'noise_gpi_sigma': 138.66402045996506, 'g_stn_gpe_mult': 2.427234272853375, 'g_gpe_stn_mult': 0.18625272344731064, 'g_stn_gpi_mult': 1.2657526160671548, 'g_gpe_gpi_mult': 1.0050082804157439}. Best is trial 850 with value: 0.0019336269705434892.
[I 2026-05-28 02:45:37,006] Trial 923 finished with value: 0.004100855412482666 and parameters: {'ISTN': 60.03028435709037, 'I_gpe': 1.0937727129436376, 'I_gpi': 2.2731038857911603, 'noise_stn_sigma': 1.005106292315002, 'noise_gpe_sigma': 146.00729936884505, 'noise_gpi_sigma': 138.21161583915892, 'g_stn_gpe_mult': 2.419063623619219, 'g_gpe_stn_mult': 0.18432385462345693, 'g_stn_gpi_mult': 1.234909518626539, 'g_gpe_gpi_mult': 0.9973000443729068}. Best is trial 850 with value: 0.0019336269705434892.
[I 2026-05-28 02:45:38,014] Trial 924 finished with value: 0.005406400331465773 and parameters: {'ISTN': 60.23233274156166, 'I_gpe': 1.128505713696366, 'I_gpi': 2.2739308474956097, 'noise_stn_sigma': 1.037311595886344, 'noise_gpe_sigma': 142.49674306516292, 'noise_gpi_sigma': 138.24222187357216, 'g_stn_gpe_mult': 2.398160770612309, 'g_gpe_stn_mult': 0.18696470479496105, 'g_stn_gpi_mult': 1.2700834814181108, 'g_gpe_gpi_mult': 0.9990716573004201}. Best is trial 850 with value: 0.0019336269705434892.
[I 2026-05-28 02:45:39,024] Trial 925 finished with value: 0.00482141588489791 and parameters: {'ISTN': 60.05675254597419, 'I_gpe': 1.1212616457228184, 'I_gpi': 2.2676450057852247, 'noise_stn_sigma': 1.0358930509454807, 'noise_gpe_sigma': 145.15113961052924, 'noise_gpi_sigma': 136.13641025541068, 'g_stn_gpe_mult': 2.428759357683492, 'g_gpe_stn_mult': 0.18515322584293653, 'g_stn_gpi_mult': 1.2061796895827053, 'g_gpe_gpi_mult': 1.0101419166056993}. Best is trial 850 with value: 0.0019336269705434892.
[I 2026-05-28 02:45:40,034] Trial 926 finished with value: 0.003985593349140914 and parameters: {'ISTN': 60.382944446296705, 'I_gpe': 1.1402544382289674, 'I_gpi': 2.2590097555960105, 'noise_stn_sigma': 1.0539176700815414, 'noise_gpe_sigma': 143.31138009316274, 'noise_gpi_sigma': 137.3468803490408, 'g_stn_gpe_mult': 2.4462482402875914, 'g_gpe_stn_mult': 0.18360372323732277, 'g_stn_gpi_mult': 1.2745852703066722, 'g_gpe_gpi_mult': 1.0008009969446419}. Best is trial 850 with value: 0.0019336269705434892.
[I 2026-05-28 02:45:41,044] Trial 927 finished with value: 0.004235417399227288 and parameters: {'ISTN': 60.05311079247338, 'I_gpe': 1.1278371555126778, 'I_gpi': 2.267716307810402, 'noise_stn_sigma': 1.086469259694042, 'noise_gpe_sigma': 145.50677096939268, 'noise_gpi_sigma': 136.83075458510433, 'g_stn_gpe_mult': 2.455297974825344, 'g_gpe_stn_mult': 0.18691815329906358, 'g_stn_gpi_mult': 1.251234982437012, 'g_gpe_gpi_mult': 1.0122491749046298}. Best is trial 850 with value: 0.0019336269705434892.
[I 2026-05-28 02:45:42,054] Trial 928 finished with value: 0.0049959730064690734 and parameters: {'ISTN': 60.21061322470445, 'I_gpe': 1.1209504764564056, 'I_gpi': 2.2887470202860083, 'noise_stn_sigma': 1.0681207955865542, 'noise_gpe_sigma': 143.9266159958825, 'noise_gpi_sigma': 136.9174295370956, 'g_stn_gpe_mult': 2.424879389423505, 'g_gpe_stn_mult': 0.1832891922358555, 'g_stn_gpi_mult': 1.2717605678076012, 'g_gpe_gpi_mult': 0.997782058268879}. Best is trial 850 with value: 0.0019336269705434892.
[I 2026-05-28 02:45:43,063] Trial 929 finished with value: 0.004448303675223005 and parameters: {'ISTN': 60.4106122968119, 'I_gpe': 1.1186739469701472, 'I_gpi': 2.2574600075285662, 'noise_stn_sigma': 1.0132144579127145, 'noise_gpe_sigma': 144.45392176869055, 'noise_gpi_sigma': 139.7786741053824, 'g_stn_gpe_mult': 2.4565481485186913, 'g_gpe_stn_mult': 0.18428395429807481, 'g_stn_gpi_mult': 1.2688172922227106, 'g_gpe_gpi_mult': 0.9869391477807268}. Best is trial 850 with value: 0.0019336269705434892.
[I 2026-05-28 02:45:44,071] Trial 930 finished with value: 0.0035585950367123614 and parameters: {'ISTN': 60.21120439859685, 'I_gpe': 1.1148038266352533, 'I_gpi': 2.2819531224676073, 'noise_stn_sigma': 1.0004243324697812, 'noise_gpe_sigma': 143.7387870850623, 'noise_gpi_sigma': 137.7484659061206, 'g_stn_gpe_mult': 2.444538779312328, 'g_gpe_stn_mult': 0.18569845384321532, 'g_stn_gpi_mult': 1.2672980933632096, 'g_gpe_gpi_mult': 1.0051951750065653}. Best is trial 850 with value: 0.0019336269705434892.
[I 2026-05-28 02:45:45,079] Trial 931 finished with value: 0.0045086321036230444 and parameters: {'ISTN': 60.50170826047144, 'I_gpe': 1.128866686266254, 'I_gpi': 2.255720746315112, 'noise_stn_sigma': 1.0049047999278062, 'noise_gpe_sigma': 143.8373977699249, 'noise_gpi_sigma': 136.00930267092156, 'g_stn_gpe_mult': 2.4368749752830867, 'g_gpe_stn_mult': 0.18491899950262625, 'g_stn_gpi_mult': 1.269449381707466, 'g_gpe_gpi_mult': 1.00841404391429}. Best is trial 850 with value: 0.0019336269705434892.
[I 2026-05-28 02:45:46,085] Trial 932 finished with value: 0.011319237618749322 and parameters: {'ISTN': 60.26563359570337, 'I_gpe': 1.1231733631118463, 'I_gpi': 2.243119964101968, 'noise_stn_sigma': 1.084075890357433, 'noise_gpe_sigma': 145.91590996184812, 'noise_gpi_sigma': 137.7741356664301, 'g_stn_gpe_mult': 2.428731665780644, 'g_gpe_stn_mult': 0.18409873797686405, 'g_stn_gpi_mult': 1.291924820538069, 'g_gpe_gpi_mult': 1.0041213748983024}. Best is trial 850 with value: 0.0019336269705434892.
[I 2026-05-28 02:45:47,095] Trial 933 finished with value: 0.003281782395547035 and parameters: {'ISTN': 60.32454504039718, 'I_gpe': 1.106573235495851, 'I_gpi': 2.2812644307223917, 'noise_stn_sigma': 1.0084475767643328, 'noise_gpe_sigma': 144.48275191396863, 'noise_gpi_sigma': 139.3520348167658, 'g_stn_gpe_mult': 2.4474005659302507, 'g_gpe_stn_mult': 0.18278479853812857, 'g_stn_gpi_mult': 1.2723384869368939, 'g_gpe_gpi_mult': 0.9913658088997772}. Best is trial 850 with value: 0.0019336269705434892.
[I 2026-05-28 02:45:48,104] Trial 934 finished with value: 0.0031580369098243902 and parameters: {'ISTN': 60.08405322549846, 'I_gpe': 1.125875044180661, 'I_gpi': 2.2621575014596416, 'noise_stn_sigma': 1.0818242061228172, 'noise_gpe_sigma': 143.70254680004928, 'noise_gpi_sigma': 136.9339367012687, 'g_stn_gpe_mult': 2.4467357613797582, 'g_gpe_stn_mult': 0.18802259539435484, 'g_stn_gpi_mult': 1.267583155254591, 'g_gpe_gpi_mult': 1.0021277765428798}. Best is trial 850 with value: 0.0019336269705434892.
[I 2026-05-28 02:45:49,114] Trial 935 finished with value: 0.006101575869299645 and parameters: {'ISTN': 60.17415911432814, 'I_gpe': 1.1403112182645805, 'I_gpi': 2.2426443025562675, 'noise_stn_sigma': 1.0858735727814528, 'noise_gpe_sigma': 145.48652323274112, 'noise_gpi_sigma': 137.88473465214577, 'g_stn_gpe_mult': 2.4403801652711508, 'g_gpe_stn_mult': 0.18198108227036858, 'g_stn_gpi_mult': 1.2737005565683015, 'g_gpe_gpi_mult': 1.0060016865323287}. Best is trial 850 with value: 0.0019336269705434892.
[I 2026-05-28 02:45:50,123] Trial 936 finished with value: 0.007597413721911917 and parameters: {'ISTN': 60.187280305330475, 'I_gpe': 1.1234268361168143, 'I_gpi': 2.2365590942973954, 'noise_stn_sigma': 1.0503847878400272, 'noise_gpe_sigma': 145.54455855860883, 'noise_gpi_sigma': 138.741149566079, 'g_stn_gpe_mult': 2.4016947229086902, 'g_gpe_stn_mult': 0.1841849886726759, 'g_stn_gpi_mult': 1.2565788799154738, 'g_gpe_gpi_mult': 0.9989590929951107}. Best is trial 850 with value: 0.0019336269705434892.
[I 2026-05-28 02:45:51,133] Trial 937 finished with value: 0.003941821014679408 and parameters: {'ISTN': 60.446056041308196, 'I_gpe': 1.1153451215843235, 'I_gpi': 2.247064002857474, 'noise_stn_sigma': 1.000185339194354, 'noise_gpe_sigma': 146.1417569296305, 'noise_gpi_sigma': 138.44434774430516, 'g_stn_gpe_mult': 2.397405072098288, 'g_gpe_stn_mult': 0.1829879719192899, 'g_stn_gpi_mult': 1.2592605848677838, 'g_gpe_gpi_mult': 1.0098174162934013}. Best is trial 850 with value: 0.0019336269705434892.
[I 2026-05-28 02:45:52,143] Trial 938 finished with value: 0.003949032586164233 and parameters: {'ISTN': 60.50073917857674, 'I_gpe': 1.1346339628475417, 'I_gpi': 2.243444025808449, 'noise_stn_sigma': 1.0614869302134886, 'noise_gpe_sigma': 144.0779092066578, 'noise_gpi_sigma': 137.86816463196692, 'g_stn_gpe_mult': 2.41804387307592, 'g_gpe_stn_mult': 0.18204992996962222, 'g_stn_gpi_mult': 1.2799434208892944, 'g_gpe_gpi_mult': 1.0095502883888883}. Best is trial 850 with value: 0.0019336269705434892.
[I 2026-05-28 02:45:53,155] Trial 939 finished with value: 0.002615024872756301 and parameters: {'ISTN': 60.32217906738661, 'I_gpe': 1.1293778716077294, 'I_gpi': 2.263641928805835, 'noise_stn_sigma': 1.011380448644747, 'noise_gpe_sigma': 144.79805640209545, 'noise_gpi_sigma': 139.32717395827356, 'g_stn_gpe_mult': 2.430798327109887, 'g_gpe_stn_mult': 0.18466120333873745, 'g_stn_gpi_mult': 1.25125274809725, 'g_gpe_gpi_mult': 1.0007678516766454}. Best is trial 850 with value: 0.0019336269705434892.
[I 2026-05-28 02:45:54,163] Trial 940 finished with value: 0.005075657490025235 and parameters: {'ISTN': 60.10068850470769, 'I_gpe': 1.1218449583429504, 'I_gpi': 2.2776025066207026, 'noise_stn_sigma': 1.0602983213357153, 'noise_gpe_sigma': 144.81954882759118, 'noise_gpi_sigma': 138.4513583616047, 'g_stn_gpe_mult': 2.437199406645587, 'g_gpe_stn_mult': 0.18485412743077684, 'g_stn_gpi_mult': 1.2503192554766742, 'g_gpe_gpi_mult': 1.0036134146091111}. Best is trial 850 with value: 0.0019336269705434892.
[I 2026-05-28 02:45:55,176] Trial 941 finished with value: 0.028189700577750984 and parameters: {'ISTN': 60.42107411728632, 'I_gpe': 1.1259206305974714, 'I_gpi': 2.282739282231894, 'noise_stn_sigma': 1.0071788182075483, 'noise_gpe_sigma': 143.68239089037002, 'noise_gpi_sigma': 139.37096262147293, 'g_stn_gpe_mult': 2.461874498800283, 'g_gpe_stn_mult': 0.18572383944796972, 'g_stn_gpi_mult': 1.2534054608043337, 'g_gpe_gpi_mult': 0.9993394005854763}. Best is trial 850 with value: 0.0019336269705434892.
[I 2026-05-28 02:45:56,186] Trial 942 finished with value: 0.00402483167793036 and parameters: {'ISTN': 60.011753334183254, 'I_gpe': 1.1054029567372932, 'I_gpi': 2.2670773274664358, 'noise_stn_sigma': 1.0303694817466118, 'noise_gpe_sigma': 144.89772797666797, 'noise_gpi_sigma': 139.23279413788572, 'g_stn_gpe_mult': 2.440666466698507, 'g_gpe_stn_mult': 0.1890352982403532, 'g_stn_gpi_mult': 1.24979123460994, 'g_gpe_gpi_mult': 1.0024040922692647}. Best is trial 850 with value: 0.0019336269705434892.
[I 2026-05-28 02:45:57,195] Trial 943 finished with value: 0.0034683714102432214 and parameters: {'ISTN': 60.375337947559686, 'I_gpe': 1.128259016570826, 'I_gpi': 2.272671623642621, 'noise_stn_sigma': 1.0397764698003054, 'noise_gpe_sigma': 145.30918290325258, 'noise_gpi_sigma': 138.6615661591398, 'g_stn_gpe_mult': 2.433803578901792, 'g_gpe_stn_mult': 0.1852409664433415, 'g_stn_gpi_mult': 1.2781819960383844, 'g_gpe_gpi_mult': 0.9979644557154421}. Best is trial 850 with value: 0.0019336269705434892.
[I 2026-05-28 02:45:58,203] Trial 944 finished with value: 0.0038974757383279943 and parameters: {'ISTN': 60.26701425879618, 'I_gpe': 1.1181366042833552, 'I_gpi': 2.2818998182512837, 'noise_stn_sigma': 1.1022114321932346, 'noise_gpe_sigma': 144.26977684388567, 'noise_gpi_sigma': 139.27032935804573, 'g_stn_gpe_mult': 2.465790496189184, 'g_gpe_stn_mult': 0.18650545297477678, 'g_stn_gpi_mult': 1.2723870733866178, 'g_gpe_gpi_mult': 0.9904281167307656}. Best is trial 850 with value: 0.0019336269705434892.
[I 2026-05-28 02:45:59,209] Trial 945 finished with value: 0.004432687443610644 and parameters: {'ISTN': 60.078966421986934, 'I_gpe': 1.1288145500350457, 'I_gpi': 2.296564917077761, 'noise_stn_sigma': 1.081868683638055, 'noise_gpe_sigma': 142.84863551722327, 'noise_gpi_sigma': 138.0881623556191, 'g_stn_gpe_mult': 2.468557952410753, 'g_gpe_stn_mult': 0.18674496518003714, 'g_stn_gpi_mult': 1.2586130961810507, 'g_gpe_gpi_mult': 0.9969618750473128}. Best is trial 850 with value: 0.0019336269705434892.
[I 2026-05-28 02:46:00,220] Trial 946 finished with value: 0.0038106806121922217 and parameters: {'ISTN': 60.188913232780365, 'I_gpe': 1.1186442417790372, 'I_gpi': 2.262350157029014, 'noise_stn_sigma': 1.0950268547212716, 'noise_gpe_sigma': 143.30199368224504, 'noise_gpi_sigma': 138.34524034176184, 'g_stn_gpe_mult': 2.447516470948884, 'g_gpe_stn_mult': 0.18478151098304496, 'g_stn_gpi_mult': 1.2397458265510921, 'g_gpe_gpi_mult': 1.0094674506223529}. Best is trial 850 with value: 0.0019336269705434892.
[I 2026-05-28 02:46:01,230] Trial 947 finished with value: 0.00498969168606703 and parameters: {'ISTN': 60.26167947401304, 'I_gpe': 1.1116830226210832, 'I_gpi': 2.2884223347946153, 'noise_stn_sigma': 1.0288599545539048, 'noise_gpe_sigma': 144.7121557799702, 'noise_gpi_sigma': 138.65648252361882, 'g_stn_gpe_mult': 2.425176778745432, 'g_gpe_stn_mult': 0.18662007324966373, 'g_stn_gpi_mult': 1.275954419952335, 'g_gpe_gpi_mult': 0.9846602047854187}. Best is trial 850 with value: 0.0019336269705434892.
[I 2026-05-28 02:46:02,240] Trial 948 finished with value: 0.005768452750255348 and parameters: {'ISTN': 60.2188994452288, 'I_gpe': 1.1361751261435422, 'I_gpi': 2.244069586723639, 'noise_stn_sigma': 1.0475460921395974, 'noise_gpe_sigma': 145.08012662180408, 'noise_gpi_sigma': 138.54596654147588, 'g_stn_gpe_mult': 2.404957930537215, 'g_gpe_stn_mult': 0.1832827695398347, 'g_stn_gpi_mult': 1.2540428985779526, 'g_gpe_gpi_mult': 1.008172838770939}. Best is trial 850 with value: 0.0019336269705434892.
[I 2026-05-28 02:46:03,250] Trial 949 finished with value: 0.004295022335829537 and parameters: {'ISTN': 60.35183146542426, 'I_gpe': 1.1287970387306525, 'I_gpi': 2.2489343734437703, 'noise_stn_sigma': 1.0782447157580899, 'noise_gpe_sigma': 144.54793301174618, 'noise_gpi_sigma': 139.155399854766, 'g_stn_gpe_mult': 2.464840614362233, 'g_gpe_stn_mult': 0.18583699819185276, 'g_stn_gpi_mult': 1.2772818995948074, 'g_gpe_gpi_mult': 1.0008603994011664}. Best is trial 850 with value: 0.0019336269705434892.
[I 2026-05-28 02:46:04,257] Trial 950 finished with value: 0.0021269322067588273 and parameters: {'ISTN': 60.35133351408149, 'I_gpe': 1.1312938030603907, 'I_gpi': 2.2848032968876084, 'noise_stn_sigma': 1.0514487559413568, 'noise_gpe_sigma': 144.37693807117137, 'noise_gpi_sigma': 137.69221980280133, 'g_stn_gpe_mult': 2.4304967490547926, 'g_gpe_stn_mult': 0.18375723154934714, 'g_stn_gpi_mult': 1.26957101559143, 'g_gpe_gpi_mult': 1.000067573983493}. Best is trial 850 with value: 0.0019336269705434892.
