[I 2026-05-28 02:46:05,268] Trial 951 finished with value: 0.0051713984462551646 and parameters: {'ISTN': 60.488098406463806, 'I_gpe': 1.126031420111365, 'I_gpi': 2.2628073610153887, 'noise_stn_sigma': 1.0554372768894507, 'noise_gpe_sigma': 144.15047101785538, 'noise_gpi_sigma': 139.0539420982661, 'g_stn_gpe_mult': 2.431891213921202, 'g_gpe_stn_mult': 0.1788837661086138, 'g_stn_gpi_mult': 1.2671436090069865, 'g_gpe_gpi_mult': 0.9835531215768247}. Best is trial 850 with value: 0.0019336269705434892.
[I 2026-05-28 02:46:06,279] Trial 952 finished with value: 0.0040935027235427255 and parameters: {'ISTN': 60.10038818307816, 'I_gpe': 1.1412159470865875, 'I_gpi': 2.274186726094478, 'noise_stn_sigma': 1.071516247522257, 'noise_gpe_sigma': 144.63949744239812, 'noise_gpi_sigma': 138.19604724931958, 'g_stn_gpe_mult': 2.4056747636748783, 'g_gpe_stn_mult': 0.18650436281897484, 'g_stn_gpi_mult': 1.2717302892127118, 'g_gpe_gpi_mult': 1.004405906545512}. Best is trial 850 with value: 0.0019336269705434892.
[I 2026-05-28 02:46:07,289] Trial 953 finished with value: 0.0037312144725951167 and parameters: {'ISTN': 60.1398045884156, 'I_gpe': 1.132684417135418, 'I_gpi': 2.2694091162709347, 'noise_stn_sigma': 1.0456262025583265, 'noise_gpe_sigma': 144.78020441538698, 'noise_gpi_sigma': 138.00327622957377, 'g_stn_gpe_mult': 2.4549757439775792, 'g_gpe_stn_mult': 0.18793120981564831, 'g_stn_gpi_mult': 1.2504670910324482, 'g_gpe_gpi_mult': 1.0072045889547734}. Best is trial 850 with value: 0.0019336269705434892.
[I 2026-05-28 02:46:08,295] Trial 954 finished with value: 0.0046766974154861495 and parameters: {'ISTN': 60.561571295482466, 'I_gpe': 1.117592762450252, 'I_gpi': 2.2726813602783666, 'noise_stn_sigma': 1.060266004959266, 'noise_gpe_sigma': 144.69551566311213, 'noise_gpi_sigma': 139.08156951906616, 'g_stn_gpe_mult': 2.445513785448058, 'g_gpe_stn_mult': 0.18432115832660453, 'g_stn_gpi_mult': 1.2649341181439802, 'g_gpe_gpi_mult': 0.9957334936741111}. Best is trial 850 with value: 0.0019336269705434892.
[I 2026-05-28 02:46:09,304] Trial 955 finished with value: 0.0028212714331080023 and parameters: {'ISTN': 60.25419008220511, 'I_gpe': 1.1265200940377538, 'I_gpi': 2.265840287776604, 'noise_stn_sigma': 1.0883027960629135, 'noise_gpe_sigma': 144.91462881196134, 'noise_gpi_sigma': 139.44604456463324, 'g_stn_gpe_mult': 2.44251623120933, 'g_gpe_stn_mult': 0.18415798911712003, 'g_stn_gpi_mult': 1.2758655739867564, 'g_gpe_gpi_mult': 1.002302120708284}. Best is trial 850 with value: 0.0019336269705434892.
[I 2026-05-28 02:46:10,315] Trial 956 finished with value: 0.0030644396335180314 and parameters: {'ISTN': 60.10502795301264, 'I_gpe': 1.1210956049551932, 'I_gpi': 2.291478939834102, 'noise_stn_sigma': 1.052939504113752, 'noise_gpe_sigma': 144.72728660219974, 'noise_gpi_sigma': 137.74120662742138, 'g_stn_gpe_mult': 2.452395336045187, 'g_gpe_stn_mult': 0.18683575050381035, 'g_stn_gpi_mult': 1.2565359894518227, 'g_gpe_gpi_mult': 1.0016725126458783}. Best is trial 850 with value: 0.0019336269705434892.
[I 2026-05-28 02:46:11,324] Trial 957 finished with value: 0.004679283542157458 and parameters: {'ISTN': 60.3765565641802, 'I_gpe': 1.1203401501169816, 'I_gpi': 2.2678121447339725, 'noise_stn_sigma': 1.0312442332223013, 'noise_gpe_sigma': 143.8801366523869, 'noise_gpi_sigma': 138.5527398574638, 'g_stn_gpe_mult': 2.422340433521489, 'g_gpe_stn_mult': 0.18198935043262654, 'g_stn_gpi_mult': 1.2597348449656995, 'g_gpe_gpi_mult': 1.0013432091515124}. Best is trial 850 with value: 0.0019336269705434892.
[I 2026-05-28 02:46:12,332] Trial 958 finished with value: 0.003921137813843133 and parameters: {'ISTN': 60.31277749423653, 'I_gpe': 1.115757390278085, 'I_gpi': 2.2944889986791943, 'noise_stn_sigma': 1.0473609124606305, 'noise_gpe_sigma': 144.56311579298068, 'noise_gpi_sigma': 137.7405399897536, 'g_stn_gpe_mult': 2.4447817061731936, 'g_gpe_stn_mult': 0.1843463717231274, 'g_stn_gpi_mult': 1.257494867619148, 'g_gpe_gpi_mult': 0.9938977802668552}. Best is trial 850 with value: 0.0019336269705434892.
[I 2026-05-28 02:46:13,341] Trial 959 finished with value: 0.003634717281066699 and parameters: {'ISTN': 60.263771169054166, 'I_gpe': 1.1204721085582614, 'I_gpi': 2.2865854169180384, 'noise_stn_sigma': 1.0500683924890355, 'noise_gpe_sigma': 143.56571509865802, 'noise_gpi_sigma': 137.8254634065334, 'g_stn_gpe_mult': 2.457945356398319, 'g_gpe_stn_mult': 0.18581796022539993, 'g_stn_gpi_mult': 1.2507777999569025, 'g_gpe_gpi_mult': 1.006127107819758}. Best is trial 850 with value: 0.0019336269705434892.
[I 2026-05-28 02:46:14,351] Trial 960 finished with value: 0.0032466686261497144 and parameters: {'ISTN': 60.3443804480269, 'I_gpe': 1.1272450928790074, 'I_gpi': 2.281000892899061, 'noise_stn_sigma': 1.0687959708031762, 'noise_gpe_sigma': 144.24389472753472, 'noise_gpi_sigma': 138.27730556627782, 'g_stn_gpe_mult': 2.4264783720504637, 'g_gpe_stn_mult': 0.1843157082857716, 'g_stn_gpi_mult': 1.288342333452437, 'g_gpe_gpi_mult': 0.9957778979924397}. Best is trial 850 with value: 0.0019336269705434892.
[I 2026-05-28 02:46:15,360] Trial 961 finished with value: 0.0030385637172661148 and parameters: {'ISTN': 60.241275889307545, 'I_gpe': 1.1294780094009291, 'I_gpi': 2.251441284224228, 'noise_stn_sigma': 1.075881948420132, 'noise_gpe_sigma': 145.07956861665025, 'noise_gpi_sigma': 138.03229675193094, 'g_stn_gpe_mult': 2.449475535752959, 'g_gpe_stn_mult': 0.18606345303989688, 'g_stn_gpi_mult': 1.281552657478367, 'g_gpe_gpi_mult': 1.003133206043103}. Best is trial 850 with value: 0.0019336269705434892.
[I 2026-05-28 02:46:16,370] Trial 962 finished with value: 0.0023918810207444845 and parameters: {'ISTN': 60.36573697177939, 'I_gpe': 1.1160042848893732, 'I_gpi': 2.2822439683279074, 'noise_stn_sigma': 1.0357537226740208, 'noise_gpe_sigma': 144.90204724173134, 'noise_gpi_sigma': 138.7841868269428, 'g_stn_gpe_mult': 2.4467314677285037, 'g_gpe_stn_mult': 0.18303667324439937, 'g_stn_gpi_mult': 1.260323280990015, 'g_gpe_gpi_mult': 1.0032329360417855}. Best is trial 850 with value: 0.0019336269705434892.
[I 2026-05-28 02:46:17,380] Trial 963 finished with value: 0.0030533112917819996 and parameters: {'ISTN': 60.25836394095588, 'I_gpe': 1.1224559444565858, 'I_gpi': 2.2735522340804435, 'noise_stn_sigma': 1.0950136415241187, 'noise_gpe_sigma': 144.98988132121127, 'noise_gpi_sigma': 137.76075860155834, 'g_stn_gpe_mult': 2.43696704844354, 'g_gpe_stn_mult': 0.18454825706157557, 'g_stn_gpi_mult': 1.255551932691884, 'g_gpe_gpi_mult': 1.001099812582684}. Best is trial 850 with value: 0.0019336269705434892.
[I 2026-05-28 02:46:18,390] Trial 964 finished with value: 0.0036666645771179 and parameters: {'ISTN': 60.234811924679576, 'I_gpe': 1.1073363128145777, 'I_gpi': 2.27038867354075, 'noise_stn_sigma': 1.0475790060289198, 'noise_gpe_sigma': 143.6271518041561, 'noise_gpi_sigma': 137.2264964016233, 'g_stn_gpe_mult': 2.4414084306015673, 'g_gpe_stn_mult': 0.18645412450002485, 'g_stn_gpi_mult': 1.2519007234799955, 'g_gpe_gpi_mult': 1.0188627111538164}. Best is trial 850 with value: 0.0019336269705434892.
[I 2026-05-28 02:46:19,397] Trial 965 finished with value: 0.0030633405361546262 and parameters: {'ISTN': 60.3358531743392, 'I_gpe': 1.1247644806558832, 'I_gpi': 2.2672301020533405, 'noise_stn_sigma': 1.0704342876532265, 'noise_gpe_sigma': 146.53360496966184, 'noise_gpi_sigma': 138.04213032601527, 'g_stn_gpe_mult': 2.4109824729355482, 'g_gpe_stn_mult': 0.1838027280787003, 'g_stn_gpi_mult': 1.2808524646409374, 'g_gpe_gpi_mult': 1.00063574650713}. Best is trial 850 with value: 0.0019336269705434892.
[I 2026-05-28 02:46:20,406] Trial 966 finished with value: 0.0037855363054341263 and parameters: {'ISTN': 60.290738933964995, 'I_gpe': 1.1219904686425304, 'I_gpi': 2.268225513403869, 'noise_stn_sigma': 1.0732670884296136, 'noise_gpe_sigma': 144.69199509744357, 'noise_gpi_sigma': 137.93021764100308, 'g_stn_gpe_mult': 2.4079632933927915, 'g_gpe_stn_mult': 0.18359799974822316, 'g_stn_gpi_mult': 1.2482445911252285, 'g_gpe_gpi_mult': 1.0079005206659308}. Best is trial 850 with value: 0.0019336269705434892.
[I 2026-05-28 02:46:21,414] Trial 967 finished with value: 0.005680901054066287 and parameters: {'ISTN': 60.245334648697074, 'I_gpe': 1.133443026146725, 'I_gpi': 2.2724695343843404, 'noise_stn_sigma': 1.0691455534353038, 'noise_gpe_sigma': 144.98034165341517, 'noise_gpi_sigma': 137.9855807194802, 'g_stn_gpe_mult': 2.463424447071154, 'g_gpe_stn_mult': 0.183243714370965, 'g_stn_gpi_mult': 1.2729820603075357, 'g_gpe_gpi_mult': 1.00934805063695}. Best is trial 850 with value: 0.0019336269705434892.
[I 2026-05-28 02:46:22,422] Trial 968 finished with value: 0.00373301283884094 and parameters: {'ISTN': 60.400467090204856, 'I_gpe': 1.1292508346336445, 'I_gpi': 2.2816965983106954, 'noise_stn_sigma': 1.0508746732723138, 'noise_gpe_sigma': 144.99974885012398, 'noise_gpi_sigma': 138.44490505534532, 'g_stn_gpe_mult': 2.4427119338403958, 'g_gpe_stn_mult': 0.18168177669174618, 'g_stn_gpi_mult': 1.2753170024296363, 'g_gpe_gpi_mult': 0.9962463161970037}. Best is trial 850 with value: 0.0019336269705434892.
[I 2026-05-28 02:46:23,429] Trial 969 finished with value: 0.00470161537147624 and parameters: {'ISTN': 60.064192089238496, 'I_gpe': 1.1292721887603168, 'I_gpi': 2.272863056953029, 'noise_stn_sigma': 1.1106952440762528, 'noise_gpe_sigma': 143.91933604705025, 'noise_gpi_sigma': 137.90396082585096, 'g_stn_gpe_mult': 2.4353952958147063, 'g_gpe_stn_mult': 0.18605717822023343, 'g_stn_gpi_mult': 1.2629301583679142, 'g_gpe_gpi_mult': 0.9968420466230594}. Best is trial 850 with value: 0.0019336269705434892.
[I 2026-05-28 02:46:24,437] Trial 970 finished with value: 0.00393976605815278 and parameters: {'ISTN': 60.26005083566083, 'I_gpe': 1.126774755826097, 'I_gpi': 2.2969470131986567, 'noise_stn_sigma': 1.0069736393781719, 'noise_gpe_sigma': 144.301575690713, 'noise_gpi_sigma': 137.68505423755553, 'g_stn_gpe_mult': 2.4233162244415656, 'g_gpe_stn_mult': 0.18663989929379654, 'g_stn_gpi_mult': 1.2524677088166953, 'g_gpe_gpi_mult': 1.000785303520888}. Best is trial 850 with value: 0.0019336269705434892.
[I 2026-05-28 02:46:25,444] Trial 971 finished with value: 0.004744581382228207 and parameters: {'ISTN': 60.415198367875796, 'I_gpe': 1.1094263932341946, 'I_gpi': 2.259405951752807, 'noise_stn_sigma': 1.072428500729707, 'noise_gpe_sigma': 144.8499139726078, 'noise_gpi_sigma': 137.90060226358383, 'g_stn_gpe_mult': 2.456423818885014, 'g_gpe_stn_mult': 0.18353691741957356, 'g_stn_gpi_mult': 1.27435256278316, 'g_gpe_gpi_mult': 0.9950126817549056}. Best is trial 850 with value: 0.0019336269705434892.
[I 2026-05-28 02:46:26,453] Trial 972 finished with value: 0.0034130472204028147 and parameters: {'ISTN': 60.249525127717284, 'I_gpe': 1.1243927647824274, 'I_gpi': 2.263417368396169, 'noise_stn_sigma': 1.0807350691013438, 'noise_gpe_sigma': 144.6847080039656, 'noise_gpi_sigma': 138.7955491114712, 'g_stn_gpe_mult': 2.4190738263815676, 'g_gpe_stn_mult': 0.18471370110547672, 'g_stn_gpi_mult': 1.2650616004461044, 'g_gpe_gpi_mult': 1.0017665121398533}. Best is trial 850 with value: 0.0019336269705434892.
[I 2026-05-28 02:46:27,461] Trial 973 finished with value: 0.00733823060210188 and parameters: {'ISTN': 60.35786462134029, 'I_gpe': 1.125626054778147, 'I_gpi': 2.278736302927906, 'noise_stn_sigma': 1.0778868146864489, 'noise_gpe_sigma': 145.2940967617268, 'noise_gpi_sigma': 138.21482385860202, 'g_stn_gpe_mult': 2.4489568199053005, 'g_gpe_stn_mult': 0.18207475458734823, 'g_stn_gpi_mult': 1.2782178683999381, 'g_gpe_gpi_mult': 0.9953331495461861}. Best is trial 850 with value: 0.0019336269705434892.
[I 2026-05-28 02:46:28,468] Trial 974 finished with value: 0.0039182374063397975 and parameters: {'ISTN': 60.43405419469949, 'I_gpe': 1.1176749915333315, 'I_gpi': 2.2783316151907673, 'noise_stn_sigma': 1.0578327837778336, 'noise_gpe_sigma': 145.82263487414366, 'noise_gpi_sigma': 139.7529849117393, 'g_stn_gpe_mult': 2.43017105066048, 'g_gpe_stn_mult': 0.18062851008887518, 'g_stn_gpi_mult': 1.2865585414365477, 'g_gpe_gpi_mult': 0.983760523777448}. Best is trial 850 with value: 0.0019336269705434892.
[I 2026-05-28 02:46:29,476] Trial 975 finished with value: 0.010016618229929802 and parameters: {'ISTN': 60.24733445073167, 'I_gpe': 1.1257803176892827, 'I_gpi': 2.268991434824189, 'noise_stn_sigma': 1.0791194941791564, 'noise_gpe_sigma': 145.4984306127311, 'noise_gpi_sigma': 138.48051152305584, 'g_stn_gpe_mult': 2.4257487102433553, 'g_gpe_stn_mult': 0.18525868788060657, 'g_stn_gpi_mult': 1.2654361145860737, 'g_gpe_gpi_mult': 1.0020105575758285}. Best is trial 850 with value: 0.0019336269705434892.
[I 2026-05-28 02:46:30,482] Trial 976 finished with value: 0.008510969097458998 and parameters: {'ISTN': 60.26004882548911, 'I_gpe': 1.1247557183015386, 'I_gpi': 2.2622852216459393, 'noise_stn_sigma': 1.1164073229662754, 'noise_gpe_sigma': 145.42610781441857, 'noise_gpi_sigma': 137.8276663396702, 'g_stn_gpe_mult': 2.451691214107368, 'g_gpe_stn_mult': 0.18390557536535385, 'g_stn_gpi_mult': 1.259622717493924, 'g_gpe_gpi_mult': 1.0034133919976704}. Best is trial 850 with value: 0.0019336269705434892.
[I 2026-05-28 02:46:31,490] Trial 977 finished with value: 0.003961030899919484 and parameters: {'ISTN': 60.32557541078407, 'I_gpe': 1.129653190092551, 'I_gpi': 2.2518369355899166, 'noise_stn_sigma': 1.0412715204086083, 'noise_gpe_sigma': 144.73473263062806, 'noise_gpi_sigma': 137.570891123587, 'g_stn_gpe_mult': 2.427987873786184, 'g_gpe_stn_mult': 0.1853067526833889, 'g_stn_gpi_mult': 1.27492349211413, 'g_gpe_gpi_mult': 1.0024591531331815}. Best is trial 850 with value: 0.0019336269705434892.
[I 2026-05-28 02:46:32,499] Trial 978 finished with value: 0.003607857920311963 and parameters: {'ISTN': 60.245690744101566, 'I_gpe': 1.1171903518018993, 'I_gpi': 2.273055089479166, 'noise_stn_sigma': 1.0666490999084812, 'noise_gpe_sigma': 144.5560859274054, 'noise_gpi_sigma': 137.83940287131588, 'g_stn_gpe_mult': 2.4492104840708473, 'g_gpe_stn_mult': 0.18516107903027093, 'g_stn_gpi_mult': 1.260410871522442, 'g_gpe_gpi_mult': 1.0098957492313225}. Best is trial 850 with value: 0.0019336269705434892.
[I 2026-05-28 02:46:33,507] Trial 979 finished with value: 0.004813666414352404 and parameters: {'ISTN': 60.43967926458069, 'I_gpe': 1.1252421467796094, 'I_gpi': 2.2899659121054956, 'noise_stn_sigma': 1.05709258876541, 'noise_gpe_sigma': 145.6492887626832, 'noise_gpi_sigma': 138.66162806464894, 'g_stn_gpe_mult': 2.4523252469707657, 'g_gpe_stn_mult': 0.18356156731774326, 'g_stn_gpi_mult': 1.2639696139707626, 'g_gpe_gpi_mult': 0.9965185120680871}. Best is trial 850 with value: 0.0019336269705434892.
[I 2026-05-28 02:46:34,518] Trial 980 finished with value: 0.003993839370466766 and parameters: {'ISTN': 60.32914231132973, 'I_gpe': 1.133056045142633, 'I_gpi': 2.2703673943239884, 'noise_stn_sigma': 1.0167193488832578, 'noise_gpe_sigma': 145.64810695016865, 'noise_gpi_sigma': 138.0981208418512, 'g_stn_gpe_mult': 2.4351782859883686, 'g_gpe_stn_mult': 0.18403505923375046, 'g_stn_gpi_mult': 1.287753794219143, 'g_gpe_gpi_mult': 1.0010033364739572}. Best is trial 850 with value: 0.0019336269705434892.
[I 2026-05-28 02:46:35,529] Trial 981 finished with value: 0.005102961097506244 and parameters: {'ISTN': 60.501569888106644, 'I_gpe': 1.126110124109483, 'I_gpi': 2.275407271402175, 'noise_stn_sigma': 1.0352168849657664, 'noise_gpe_sigma': 144.2778732787293, 'noise_gpi_sigma': 139.11172242315695, 'g_stn_gpe_mult': 2.4261813182148533, 'g_gpe_stn_mult': 0.1836719052087987, 'g_stn_gpi_mult': 1.278869577100173, 'g_gpe_gpi_mult': 0.9996290818087481}. Best is trial 850 with value: 0.0019336269705434892.
[I 2026-05-28 02:46:36,537] Trial 982 finished with value: 0.0026558498186627874 and parameters: {'ISTN': 60.19136477032614, 'I_gpe': 1.1148368340524017, 'I_gpi': 2.282330023203481, 'noise_stn_sigma': 1.0825631969670562, 'noise_gpe_sigma': 143.7627498970959, 'noise_gpi_sigma': 137.8633349420154, 'g_stn_gpe_mult': 2.4467593697290866, 'g_gpe_stn_mult': 0.18445619130785806, 'g_stn_gpi_mult': 1.270703722247677, 'g_gpe_gpi_mult': 1.0007102211820356}. Best is trial 850 with value: 0.0019336269705434892.
[I 2026-05-28 02:46:37,547] Trial 983 finished with value: 0.003718263723142112 and parameters: {'ISTN': 60.10102080175988, 'I_gpe': 1.1136215136084242, 'I_gpi': 2.2721971738889453, 'noise_stn_sigma': 1.0396398632003856, 'noise_gpe_sigma': 145.50281435305362, 'noise_gpi_sigma': 138.26192400356769, 'g_stn_gpe_mult': 2.4337974334602412, 'g_gpe_stn_mult': 0.18535624640591053, 'g_stn_gpi_mult': 1.2669419198966205, 'g_gpe_gpi_mult': 1.007010263731466}. Best is trial 850 with value: 0.0019336269705434892.
[I 2026-05-28 02:46:38,494] Trial 984 finished with value: 1000000.0 and parameters: {'ISTN': 60.2716942755618, 'I_gpe': 1.1164390721876054, 'I_gpi': 2.2717875813495327, 'noise_stn_sigma': 1.0214172543767828, 'noise_gpe_sigma': 144.75138984008362, 'noise_gpi_sigma': 137.89131074788108, 'g_stn_gpe_mult': 2.4285529921121203, 'g_gpe_stn_mult': 0.18491876732276225, 'g_stn_gpi_mult': 1.2654963751341421, 'g_gpe_gpi_mult': 1.0047577209893035}. Best is trial 850 with value: 0.0019336269705434892.
[I 2026-05-28 02:46:39,504] Trial 985 finished with value: 0.003260835066696529 and parameters: {'ISTN': 60.172815979554116, 'I_gpe': 1.1120458400619482, 'I_gpi': 2.280682612702602, 'noise_stn_sigma': 1.0474655843086635, 'noise_gpe_sigma': 145.40580630909818, 'noise_gpi_sigma': 138.98413527954628, 'g_stn_gpe_mult': 2.4210129039445882, 'g_gpe_stn_mult': 0.18489284934122274, 'g_stn_gpi_mult': 1.2544572601882378, 'g_gpe_gpi_mult': 0.9964011841027465}. Best is trial 850 with value: 0.0019336269705434892.
[I 2026-05-28 02:46:40,512] Trial 986 finished with value: 0.0022724832970109367 and parameters: {'ISTN': 60.27009516649423, 'I_gpe': 1.1249400389722393, 'I_gpi': 2.269220248654357, 'noise_stn_sigma': 1.0835018347541947, 'noise_gpe_sigma': 145.38280801666235, 'noise_gpi_sigma': 138.4675555020324, 'g_stn_gpe_mult': 2.445755417488857, 'g_gpe_stn_mult': 0.1843926966835186, 'g_stn_gpi_mult': 1.2684695233798513, 'g_gpe_gpi_mult': 1.0035522829961958}. Best is trial 850 with value: 0.0019336269705434892.
[I 2026-05-28 02:46:41,521] Trial 987 finished with value: 0.0037703997902918517 and parameters: {'ISTN': 60.26348484435089, 'I_gpe': 1.128412637440431, 'I_gpi': 2.2607801559431895, 'noise_stn_sigma': 1.0853366835238305, 'noise_gpe_sigma': 145.2891974718521, 'noise_gpi_sigma': 139.33118750660327, 'g_stn_gpe_mult': 2.419474109682051, 'g_gpe_stn_mult': 0.1847433998276592, 'g_stn_gpi_mult': 1.2760457443214173, 'g_gpe_gpi_mult': 0.9951622251342036}. Best is trial 850 with value: 0.0019336269705434892.
[I 2026-05-28 02:46:42,532] Trial 988 finished with value: 0.003252777631894969 and parameters: {'ISTN': 60.33659960925278, 'I_gpe': 1.1187505067848407, 'I_gpi': 2.28562682371763, 'noise_stn_sigma': 1.0371663820003887, 'noise_gpe_sigma': 144.90263734413503, 'noise_gpi_sigma': 137.69709527317144, 'g_stn_gpe_mult': 2.4334217322938287, 'g_gpe_stn_mult': 0.18304787737674735, 'g_stn_gpi_mult': 1.2620260526425848, 'g_gpe_gpi_mult': 1.0033150764456158}. Best is trial 850 with value: 0.0019336269705434892.
[I 2026-05-28 02:46:43,542] Trial 989 finished with value: 0.0021235824309849913 and parameters: {'ISTN': 60.25902491043593, 'I_gpe': 1.1205756548987846, 'I_gpi': 2.2669263138992113, 'noise_stn_sigma': 1.0643755323015145, 'noise_gpe_sigma': 144.8303678264425, 'noise_gpi_sigma': 138.9742128311032, 'g_stn_gpe_mult': 2.4605135863200194, 'g_gpe_stn_mult': 0.18487997530745873, 'g_stn_gpi_mult': 1.290919145641492, 'g_gpe_gpi_mult': 0.9996967153943352}. Best is trial 850 with value: 0.0019336269705434892.
[I 2026-05-28 02:46:44,554] Trial 990 finished with value: 0.004068472929226617 and parameters: {'ISTN': 60.274723513597316, 'I_gpe': 1.1268430788127135, 'I_gpi': 2.2682646153569683, 'noise_stn_sigma': 1.0740340262084989, 'noise_gpe_sigma': 144.2176624448068, 'noise_gpi_sigma': 139.10833698925921, 'g_stn_gpe_mult': 2.4478609053039166, 'g_gpe_stn_mult': 0.18484816262316867, 'g_stn_gpi_mult': 1.268202701359325, 'g_gpe_gpi_mult': 0.9992368925536499}. Best is trial 850 with value: 0.0019336269705434892.
[I 2026-05-28 02:46:45,566] Trial 991 finished with value: 0.004269164328290624 and parameters: {'ISTN': 60.133065211561345, 'I_gpe': 1.1163214357695403, 'I_gpi': 2.2874085280257948, 'noise_stn_sigma': 1.0626912415773475, 'noise_gpe_sigma': 144.0580739246061, 'noise_gpi_sigma': 138.90762376779867, 'g_stn_gpe_mult': 2.474913414005721, 'g_gpe_stn_mult': 0.18579147162639403, 'g_stn_gpi_mult': 1.2740019460067533, 'g_gpe_gpi_mult': 1.0047053461929125}. Best is trial 850 with value: 0.0019336269705434892.
[I 2026-05-28 02:46:46,575] Trial 992 finished with value: 0.005198028832945017 and parameters: {'ISTN': 60.17777202881558, 'I_gpe': 1.110326894455059, 'I_gpi': 2.2651581911662255, 'noise_stn_sigma': 1.106630152015893, 'noise_gpe_sigma': 144.81034153287334, 'noise_gpi_sigma': 139.42107179123974, 'g_stn_gpe_mult': 2.4575051605256957, 'g_gpe_stn_mult': 0.18519332553305762, 'g_stn_gpi_mult': 1.294235896593121, 'g_gpe_gpi_mult': 0.9948571170657157}. Best is trial 850 with value: 0.0019336269705434892.
[I 2026-05-28 02:46:47,585] Trial 993 finished with value: 0.00555557711107641 and parameters: {'ISTN': 60.520159081545515, 'I_gpe': 1.1235679391160467, 'I_gpi': 2.2614562715852395, 'noise_stn_sigma': 1.0177863136354162, 'noise_gpe_sigma': 145.12027158713607, 'noise_gpi_sigma': 138.56920584480355, 'g_stn_gpe_mult': 2.4323846435826137, 'g_gpe_stn_mult': 0.1827209448981508, 'g_stn_gpi_mult': 1.2759424496248504, 'g_gpe_gpi_mult': 1.001138899568614}. Best is trial 850 with value: 0.0019336269705434892.
