[I 2026-05-28 01:34:02,690] Trial 704 finished with value: 0.13638216268047493 and parameters: {'ISTN': 60.64989061356872, 'I_gpe': 1.1651545350137917, 'I_gpi': 2.184636623925469, 'noise_stn_sigma': 2.2600133602523016, 'noise_gpe_sigma': 102.11652552799393, 'noise_gpi_sigma': 95.1170500295169, 'g_stn_gpe_mult': 2.5933903909061304, 'g_gpe_stn_mult': 0.1664711613805794, 'g_stn_gpi_mult': 2.0740568186541983, 'g_gpe_gpi_mult': 0.7696539457494842}. Best is trial 627 with value: 0.13198094924998152.
[I 2026-05-28 01:34:03,697] Trial 705 finished with value: 0.1321539504577828 and parameters: {'ISTN': 60.087700923097636, 'I_gpe': 1.1623990135255877, 'I_gpi': 2.0799685032657536, 'noise_stn_sigma': 2.1894983509677997, 'noise_gpe_sigma': 102.6425338197096, 'noise_gpi_sigma': 84.6945480597535, 'g_stn_gpe_mult': 2.5283991854171024, 'g_gpe_stn_mult': 0.17061631529919197, 'g_stn_gpi_mult': 1.9781632867731591, 'g_gpe_gpi_mult': 0.8053333662641882}. Best is trial 627 with value: 0.13198094924998152.
[I 2026-05-28 01:34:04,703] Trial 706 finished with value: 0.15209932548443572 and parameters: {'ISTN': 61.663775405854615, 'I_gpe': 1.1768434274842678, 'I_gpi': 2.107379905742995, 'noise_stn_sigma': 2.203389546162556, 'noise_gpe_sigma': 99.07665146432291, 'noise_gpi_sigma': 87.30428153931595, 'g_stn_gpe_mult': 2.61946665236737, 'g_gpe_stn_mult': 0.16441398466559565, 'g_stn_gpi_mult': 1.9681326816347242, 'g_gpe_gpi_mult': 0.8201347913371595}. Best is trial 627 with value: 0.13198094924998152.
[I 2026-05-28 01:34:05,708] Trial 707 finished with value: 0.14733632811497493 and parameters: {'ISTN': 61.272862108172475, 'I_gpe': 1.2242289684458725, 'I_gpi': 2.129717212399817, 'noise_stn_sigma': 2.132538193248647, 'noise_gpe_sigma': 99.8611313653629, 'noise_gpi_sigma': 82.90077978185968, 'g_stn_gpe_mult': 2.5824321313805214, 'g_gpe_stn_mult': 0.17374040524710477, 'g_stn_gpi_mult': 2.0133418322647096, 'g_gpe_gpi_mult': 0.8326226987088541}. Best is trial 627 with value: 0.13198094924998152.
[I 2026-05-28 01:34:06,713] Trial 708 finished with value: 0.15881843057525916 and parameters: {'ISTN': 62.21167306716899, 'I_gpe': 1.1775237342474842, 'I_gpi': 2.155426612075095, 'noise_stn_sigma': 2.205062337654436, 'noise_gpe_sigma': 97.32052489541942, 'noise_gpi_sigma': 80.40562013235171, 'g_stn_gpe_mult': 2.5220953245449005, 'g_gpe_stn_mult': 0.16263587016734327, 'g_stn_gpi_mult': 1.982946430742379, 'g_gpe_gpi_mult': 0.7932720037428631}. Best is trial 627 with value: 0.13198094924998152.
[I 2026-05-28 01:34:07,719] Trial 709 finished with value: 0.4304020105561849 and parameters: {'ISTN': 61.48756097414815, 'I_gpe': 1.1183369983741123, 'I_gpi': 2.0994698967671193, 'noise_stn_sigma': 2.4358301469431747, 'noise_gpe_sigma': 97.1407443248334, 'noise_gpi_sigma': 78.79640471859761, 'g_stn_gpe_mult': 2.6552508665700314, 'g_gpe_stn_mult': 0.1660495664004657, 'g_stn_gpi_mult': 1.9719436200857146, 'g_gpe_gpi_mult': 0.8230720979493242}. Best is trial 627 with value: 0.13198094924998152.
[I 2026-05-28 01:34:08,725] Trial 710 finished with value: 0.14116860962004812 and parameters: {'ISTN': 60.95570726039594, 'I_gpe': 1.26102885130528, 'I_gpi': 2.200742015782745, 'noise_stn_sigma': 2.031317038006047, 'noise_gpe_sigma': 98.38611739864332, 'noise_gpi_sigma': 85.60329760098885, 'g_stn_gpe_mult': 2.4573007230613317, 'g_gpe_stn_mult': 0.17484928116275195, 'g_stn_gpi_mult': 1.9315406029186617, 'g_gpe_gpi_mult': 0.8024214175450011}. Best is trial 627 with value: 0.13198094924998152.
[I 2026-05-28 01:34:09,732] Trial 711 finished with value: 0.1329019647269921 and parameters: {'ISTN': 60.72095158952105, 'I_gpe': 1.2074246778721989, 'I_gpi': 2.1153328083917606, 'noise_stn_sigma': 2.0742290963650616, 'noise_gpe_sigma': 100.05308802699749, 'noise_gpi_sigma': 86.15210430603896, 'g_stn_gpe_mult': 2.598088147546866, 'g_gpe_stn_mult': 0.1772745518071288, 'g_stn_gpi_mult': 2.0070777125819195, 'g_gpe_gpi_mult': 0.8386208225000944}. Best is trial 627 with value: 0.13198094924998152.
[I 2026-05-28 01:34:10,738] Trial 712 finished with value: 0.1622554657603808 and parameters: {'ISTN': 61.14695857049339, 'I_gpe': 1.2620807788540804, 'I_gpi': 2.109280728608889, 'noise_stn_sigma': 2.4524305649681937, 'noise_gpe_sigma': 95.45871934225453, 'noise_gpi_sigma': 87.09027300895329, 'g_stn_gpe_mult': 2.535179046135859, 'g_gpe_stn_mult': 0.179352129033017, 'g_stn_gpi_mult': 2.0352788598264278, 'g_gpe_gpi_mult': 0.7870997033054861}. Best is trial 627 with value: 0.13198094924998152.
[I 2026-05-28 01:34:11,746] Trial 713 finished with value: 0.1425873145987314 and parameters: {'ISTN': 60.92863265854564, 'I_gpe': 1.2276512745167385, 'I_gpi': 2.1032145801268447, 'noise_stn_sigma': 2.2405188378277323, 'noise_gpe_sigma': 99.46555962076917, 'noise_gpi_sigma': 85.17865844351527, 'g_stn_gpe_mult': 2.469951030504896, 'g_gpe_stn_mult': 0.17058560235060205, 'g_stn_gpi_mult': 1.971861963908516, 'g_gpe_gpi_mult': 0.802874340828388}. Best is trial 627 with value: 0.13198094924998152.
[I 2026-05-28 01:34:12,752] Trial 714 finished with value: 0.13605571193265203 and parameters: {'ISTN': 61.49250150391285, 'I_gpe': 1.198610599105052, 'I_gpi': 2.084211929414556, 'noise_stn_sigma': 1.923418729208108, 'noise_gpe_sigma': 99.62580559009108, 'noise_gpi_sigma': 89.1677480267411, 'g_stn_gpe_mult': 2.576959397953593, 'g_gpe_stn_mult': 0.1631726921836631, 'g_stn_gpi_mult': 1.936594266136336, 'g_gpe_gpi_mult': 0.775465196885613}. Best is trial 627 with value: 0.13198094924998152.
[I 2026-05-28 01:34:13,755] Trial 715 finished with value: 0.1475769360058684 and parameters: {'ISTN': 60.77399411560514, 'I_gpe': 1.1591293106656178, 'I_gpi': 2.0936710513120045, 'noise_stn_sigma': 2.3873882368090644, 'noise_gpe_sigma': 102.73273678656128, 'noise_gpi_sigma': 86.47724458004654, 'g_stn_gpe_mult': 2.615032868707915, 'g_gpe_stn_mult': 0.1814181132487896, 'g_stn_gpi_mult': 2.1192847256912675, 'g_gpe_gpi_mult': 0.8025453825348607}. Best is trial 627 with value: 0.13198094924998152.
[I 2026-05-28 01:34:14,761] Trial 716 finished with value: 0.14342012876288163 and parameters: {'ISTN': 60.79255135251619, 'I_gpe': 1.1790391116882422, 'I_gpi': 2.077542908341603, 'noise_stn_sigma': 2.079779764915606, 'noise_gpe_sigma': 96.09272926771638, 'noise_gpi_sigma': 85.56040278278515, 'g_stn_gpe_mult': 2.49645170274641, 'g_gpe_stn_mult': 0.1743164809971806, 'g_stn_gpi_mult': 1.96244392122256, 'g_gpe_gpi_mult': 0.8145429117800822}. Best is trial 627 with value: 0.13198094924998152.
[I 2026-05-28 01:34:15,765] Trial 717 finished with value: 0.19738848210687657 and parameters: {'ISTN': 61.22114059049573, 'I_gpe': 1.2580034834122809, 'I_gpi': 2.1036818638908317, 'noise_stn_sigma': 1.985864858461623, 'noise_gpe_sigma': 98.32647103846148, 'noise_gpi_sigma': 87.26855428333297, 'g_stn_gpe_mult': 2.510424062698076, 'g_gpe_stn_mult': 0.1585378730433902, 'g_stn_gpi_mult': 2.0113462774947286, 'g_gpe_gpi_mult': 0.8191833286577896}. Best is trial 627 with value: 0.13198094924998152.
[I 2026-05-28 01:34:16,768] Trial 718 finished with value: 0.14591769086601297 and parameters: {'ISTN': 60.961495149038704, 'I_gpe': 1.1878537480821065, 'I_gpi': 2.141862575487868, 'noise_stn_sigma': 2.0521390905795505, 'noise_gpe_sigma': 101.27638734882572, 'noise_gpi_sigma': 87.0118789829082, 'g_stn_gpe_mult': 2.4389173049640798, 'g_gpe_stn_mult': 0.1835922470306809, 'g_stn_gpi_mult': 2.0039003385987018, 'g_gpe_gpi_mult': 0.7983300800917661}. Best is trial 627 with value: 0.13198094924998152.
[I 2026-05-28 01:34:17,770] Trial 719 finished with value: 0.17850768419518573 and parameters: {'ISTN': 60.03144590294349, 'I_gpe': 1.2740476737724329, 'I_gpi': 2.1341799907867403, 'noise_stn_sigma': 2.348513764837471, 'noise_gpe_sigma': 98.52918772035734, 'noise_gpi_sigma': 84.74835313952536, 'g_stn_gpe_mult': 2.5664926101181926, 'g_gpe_stn_mult': 0.1728558136398417, 'g_stn_gpi_mult': 2.096709920896657, 'g_gpe_gpi_mult': 0.828483347491241}. Best is trial 627 with value: 0.13198094924998152.
[I 2026-05-28 01:34:18,775] Trial 720 finished with value: 0.13891519854861875 and parameters: {'ISTN': 60.51744636417546, 'I_gpe': 1.1536367783419559, 'I_gpi': 2.0564455428879373, 'noise_stn_sigma': 2.111087421962587, 'noise_gpe_sigma': 102.46921236053899, 'noise_gpi_sigma': 86.13063226233133, 'g_stn_gpe_mult': 2.554103979547105, 'g_gpe_stn_mult': 0.1703780835152523, 'g_stn_gpi_mult': 1.9013009628647817, 'g_gpe_gpi_mult': 0.813120324601361}. Best is trial 627 with value: 0.13198094924998152.
[I 2026-05-28 01:34:19,781] Trial 721 finished with value: 0.14716847750184545 and parameters: {'ISTN': 61.219435802818886, 'I_gpe': 1.2316453171088793, 'I_gpi': 2.1005615349516, 'noise_stn_sigma': 2.4765996013459177, 'noise_gpe_sigma': 97.28097894560813, 'noise_gpi_sigma': 81.01960527950013, 'g_stn_gpe_mult': 2.685682877969483, 'g_gpe_stn_mult': 0.1678223012505486, 'g_stn_gpi_mult': 1.9563685053646864, 'g_gpe_gpi_mult': 0.7942699604718022}. Best is trial 627 with value: 0.13198094924998152.
[I 2026-05-28 01:34:20,785] Trial 722 finished with value: 0.140483138453988 and parameters: {'ISTN': 61.42460661848643, 'I_gpe': 1.252718566974004, 'I_gpi': 2.1263196638462696, 'noise_stn_sigma': 1.8948007561987588, 'noise_gpe_sigma': 100.68214853315564, 'noise_gpi_sigma': 88.25605337066223, 'g_stn_gpe_mult': 2.383512091093187, 'g_gpe_stn_mult': 0.16932541322252953, 'g_stn_gpi_mult': 1.930055999211276, 'g_gpe_gpi_mult': 0.8198293900889286}. Best is trial 627 with value: 0.13198094924998152.
[I 2026-05-28 01:34:21,789] Trial 723 finished with value: 0.1625501219326639 and parameters: {'ISTN': 61.934490096711905, 'I_gpe': 1.1842725155295253, 'I_gpi': 2.1200436843653847, 'noise_stn_sigma': 2.1519161375663716, 'noise_gpe_sigma': 98.00944394374443, 'noise_gpi_sigma': 91.02491530590642, 'g_stn_gpe_mult': 2.5423345713878214, 'g_gpe_stn_mult': 0.1718835791609095, 'g_stn_gpi_mult': 1.9841414230893355, 'g_gpe_gpi_mult': 0.7993707831532473}. Best is trial 627 with value: 0.13198094924998152.
[I 2026-05-28 01:34:22,793] Trial 724 finished with value: 0.14731961262025006 and parameters: {'ISTN': 61.156369317361694, 'I_gpe': 1.2072979946947193, 'I_gpi': 2.2821785560312255, 'noise_stn_sigma': 2.040154955075967, 'noise_gpe_sigma': 104.83387497584144, 'noise_gpi_sigma': 90.86327896285518, 'g_stn_gpe_mult': 2.486151246119671, 'g_gpe_stn_mult': 0.17547207780775845, 'g_stn_gpi_mult': 1.9249981993402405, 'g_gpe_gpi_mult': 0.8017966750650272}. Best is trial 627 with value: 0.13198094924998152.
[I 2026-05-28 01:34:23,801] Trial 725 finished with value: 0.1682409369819591 and parameters: {'ISTN': 62.045339646960684, 'I_gpe': 1.1243309124500214, 'I_gpi': 2.0870486701648914, 'noise_stn_sigma': 1.9877542087138853, 'noise_gpe_sigma': 104.1460877270472, 'noise_gpi_sigma': 85.5268989550351, 'g_stn_gpe_mult': 2.6737070319937697, 'g_gpe_stn_mult': 0.18375270927824947, 'g_stn_gpi_mult': 2.01782257930493, 'g_gpe_gpi_mult': 0.8077156194464534}. Best is trial 627 with value: 0.13198094924998152.
[I 2026-05-28 01:34:24,807] Trial 726 finished with value: 0.17913751344797849 and parameters: {'ISTN': 60.099465953036365, 'I_gpe': 1.3564732571675604, 'I_gpi': 2.0973683769635256, 'noise_stn_sigma': 1.7805983349361956, 'noise_gpe_sigma': 105.10193156514417, 'noise_gpi_sigma': 92.0748572031916, 'g_stn_gpe_mult': 2.45070932300472, 'g_gpe_stn_mult': 0.1732600518596028, 'g_stn_gpi_mult': 1.9912542828514175, 'g_gpe_gpi_mult': 0.8518753570291835}. Best is trial 627 with value: 0.13198094924998152.
[I 2026-05-28 01:34:25,813] Trial 727 finished with value: 0.14653890892127708 and parameters: {'ISTN': 61.24743660922547, 'I_gpe': 1.1814885478083634, 'I_gpi': 1.9793558373644122, 'noise_stn_sigma': 1.825918101933381, 'noise_gpe_sigma': 99.66314338710119, 'noise_gpi_sigma': 85.51485747368238, 'g_stn_gpe_mult': 2.5860318911095934, 'g_gpe_stn_mult': 0.17287069572865268, 'g_stn_gpi_mult': 1.9652401512062845, 'g_gpe_gpi_mult': 0.8266592524845995}. Best is trial 627 with value: 0.13198094924998152.
[I 2026-05-28 01:34:26,819] Trial 728 finished with value: 0.15834044599001146 and parameters: {'ISTN': 61.91331129723035, 'I_gpe': 1.185144015861765, 'I_gpi': 2.147296512857703, 'noise_stn_sigma': 1.9852552688378453, 'noise_gpe_sigma': 100.36026646980078, 'noise_gpi_sigma': 82.78464008408415, 'g_stn_gpe_mult': 2.5903751473083565, 'g_gpe_stn_mult': 0.17294631860334625, 'g_stn_gpi_mult': 1.9958815034407653, 'g_gpe_gpi_mult': 0.8296142235404975}. Best is trial 627 with value: 0.13198094924998152.
[I 2026-05-28 01:34:27,826] Trial 729 finished with value: 0.14099634737963498 and parameters: {'ISTN': 61.07498607797053, 'I_gpe': 1.1815145466453463, 'I_gpi': 2.114835267449517, 'noise_stn_sigma': 2.11516834389999, 'noise_gpe_sigma': 99.13510325278777, 'noise_gpi_sigma': 90.1701893392369, 'g_stn_gpe_mult': 2.5203909100201676, 'g_gpe_stn_mult': 0.16543231996870322, 'g_stn_gpi_mult': 1.975022593427274, 'g_gpe_gpi_mult': 0.7924270117755461}. Best is trial 627 with value: 0.13198094924998152.
[I 2026-05-28 01:34:28,832] Trial 730 finished with value: 0.14640906367222084 and parameters: {'ISTN': 61.25724384779514, 'I_gpe': 1.1436029051863934, 'I_gpi': 2.0712510260580292, 'noise_stn_sigma': 2.076228432899054, 'noise_gpe_sigma': 99.78436190631953, 'noise_gpi_sigma': 86.57618557881639, 'g_stn_gpe_mult': 2.752157238788673, 'g_gpe_stn_mult': 0.1664689858490911, 'g_stn_gpi_mult': 2.043406597917236, 'g_gpe_gpi_mult': 0.8386063929993319}. Best is trial 627 with value: 0.13198094924998152.
[I 2026-05-28 01:34:29,836] Trial 731 finished with value: 0.23718566806144026 and parameters: {'ISTN': 60.040129963949624, 'I_gpe': 1.2777206976252078, 'I_gpi': 2.196121515608319, 'noise_stn_sigma': 2.17956450126112, 'noise_gpe_sigma': 97.4453989355212, 'noise_gpi_sigma': 86.32249724336286, 'g_stn_gpe_mult': 2.565192008966747, 'g_gpe_stn_mult': 0.1652909497537407, 'g_stn_gpi_mult': 2.0695854723256, 'g_gpe_gpi_mult': 0.8143574109440439}. Best is trial 627 with value: 0.13198094924998152.
[I 2026-05-28 01:34:30,838] Trial 732 finished with value: 0.32031651752951906 and parameters: {'ISTN': 60.281433216784365, 'I_gpe': 1.282762327010546, 'I_gpi': 2.122355931083015, 'noise_stn_sigma': 2.0438426219304104, 'noise_gpe_sigma': 99.02646074591398, 'noise_gpi_sigma': 89.66082935763247, 'g_stn_gpe_mult': 2.630324038829629, 'g_gpe_stn_mult': 0.17642284335760927, 'g_stn_gpi_mult': 1.9376315484773095, 'g_gpe_gpi_mult': 0.8222300396728228}. Best is trial 627 with value: 0.13198094924998152.
[I 2026-05-28 01:34:31,843] Trial 733 finished with value: 0.1574464737347028 and parameters: {'ISTN': 61.73032999131415, 'I_gpe': 1.0957183054599562, 'I_gpi': 2.000070193491355, 'noise_stn_sigma': 1.7104541242659739, 'noise_gpe_sigma': 102.01950963645031, 'noise_gpi_sigma': 92.37894642903728, 'g_stn_gpe_mult': 2.597180839002977, 'g_gpe_stn_mult': 0.17690949557669772, 'g_stn_gpi_mult': 1.9485356057866676, 'g_gpe_gpi_mult': 0.8106996369274999}. Best is trial 627 with value: 0.13198094924998152.
[I 2026-05-28 01:34:32,845] Trial 734 finished with value: 0.16076876082015482 and parameters: {'ISTN': 62.30249918724742, 'I_gpe': 1.1136631825862753, 'I_gpi': 2.0457486381674164, 'noise_stn_sigma': 1.8738888749077305, 'noise_gpe_sigma': 97.57428551553933, 'noise_gpi_sigma': 87.91772635907323, 'g_stn_gpe_mult': 2.573026877286508, 'g_gpe_stn_mult': 0.16062231768912072, 'g_stn_gpi_mult': 1.9425295687774145, 'g_gpe_gpi_mult': 0.8206679588027912}. Best is trial 627 with value: 0.13198094924998152.
[I 2026-05-28 01:34:33,849] Trial 735 finished with value: 0.1381199012228772 and parameters: {'ISTN': 61.51626304827302, 'I_gpe': 1.2570630737711694, 'I_gpi': 2.0680564142369837, 'noise_stn_sigma': 1.7461945137629789, 'noise_gpe_sigma': 99.85833183958553, 'noise_gpi_sigma': 90.7127217403554, 'g_stn_gpe_mult': 2.5432168880762935, 'g_gpe_stn_mult': 0.16256388256870696, 'g_stn_gpi_mult': 1.8568643374760083, 'g_gpe_gpi_mult': 0.8194479806618293}. Best is trial 627 with value: 0.13198094924998152.
[I 2026-05-28 01:34:34,853] Trial 736 finished with value: 0.1401202365094101 and parameters: {'ISTN': 62.18492539188963, 'I_gpe': 1.2514037595934653, 'I_gpi': 2.1196068880377035, 'noise_stn_sigma': 1.6699598416359462, 'noise_gpe_sigma': 100.78369628173773, 'noise_gpi_sigma': 90.0683909874555, 'g_stn_gpe_mult': 2.3211222677152934, 'g_gpe_stn_mult': 0.15167923180249868, 'g_stn_gpi_mult': 1.827548981936141, 'g_gpe_gpi_mult': 0.8196767319155118}. Best is trial 627 with value: 0.13198094924998152.
[I 2026-05-28 01:34:35,857] Trial 737 finished with value: 0.14786301057016107 and parameters: {'ISTN': 61.94701716580237, 'I_gpe': 1.2343676187786152, 'I_gpi': 2.1444302893241622, 'noise_stn_sigma': 1.8174630327944694, 'noise_gpe_sigma': 99.70260406132586, 'noise_gpi_sigma': 91.5543909995665, 'g_stn_gpe_mult': 2.512978574221362, 'g_gpe_stn_mult': 0.16580475569751874, 'g_stn_gpi_mult': 1.9176686777601823, 'g_gpe_gpi_mult': 0.8207442376515066}. Best is trial 627 with value: 0.13198094924998152.
[I 2026-05-28 01:34:36,860] Trial 738 finished with value: 0.17389990785001833 and parameters: {'ISTN': 62.178417963339314, 'I_gpe': 1.0876310265896032, 'I_gpi': 2.0761978285183096, 'noise_stn_sigma': 2.1523221767927314, 'noise_gpe_sigma': 97.91187888300797, 'noise_gpi_sigma': 88.86470649332935, 'g_stn_gpe_mult': 2.5361647747270784, 'g_gpe_stn_mult': 0.18001371880655176, 'g_stn_gpi_mult': 1.945836588739172, 'g_gpe_gpi_mult': 0.7997725786277579}. Best is trial 627 with value: 0.13198094924998152.
[I 2026-05-28 01:34:37,864] Trial 739 finished with value: 0.15921184662639035 and parameters: {'ISTN': 61.593795207729954, 'I_gpe': 1.2774306463891272, 'I_gpi': 2.0691816929273807, 'noise_stn_sigma': 2.0337209032597876, 'noise_gpe_sigma': 98.1237521595794, 'noise_gpi_sigma': 89.4842245082308, 'g_stn_gpe_mult': 2.4793325419626107, 'g_gpe_stn_mult': 0.17665391337143965, 'g_stn_gpi_mult': 1.952650562389197, 'g_gpe_gpi_mult': 0.8117560333171849}. Best is trial 627 with value: 0.13198094924998152.
[I 2026-05-28 01:34:38,867] Trial 740 finished with value: 0.1636591329687482 and parameters: {'ISTN': 61.884223754552266, 'I_gpe': 1.1415840303744023, 'I_gpi': 2.11196777069446, 'noise_stn_sigma': 2.261854201151002, 'noise_gpe_sigma': 97.86637855502256, 'noise_gpi_sigma': 83.5543742895176, 'g_stn_gpe_mult': 2.6341021051685924, 'g_gpe_stn_mult': 0.17620732808464581, 'g_stn_gpi_mult': 2.010843860407527, 'g_gpe_gpi_mult': 0.7934630477395688}. Best is trial 627 with value: 0.13198094924998152.
[I 2026-05-28 01:34:39,874] Trial 741 finished with value: 0.1581205848442705 and parameters: {'ISTN': 62.462788429597985, 'I_gpe': 1.188015138300306, 'I_gpi': 2.01750016823207, 'noise_stn_sigma': 1.7560433055606088, 'noise_gpe_sigma': 100.62731245145723, 'noise_gpi_sigma': 91.6620669937777, 'g_stn_gpe_mult': 2.4628652272257288, 'g_gpe_stn_mult': 0.16103469063506184, 'g_stn_gpi_mult': 1.9610021892296123, 'g_gpe_gpi_mult': 0.8266987886760064}. Best is trial 627 with value: 0.13198094924998152.
[I 2026-05-28 01:34:40,881] Trial 742 finished with value: 0.1399343537345013 and parameters: {'ISTN': 61.718601039895425, 'I_gpe': 1.2738922695185961, 'I_gpi': 2.0662331315168943, 'noise_stn_sigma': 1.9487561227717265, 'noise_gpe_sigma': 102.53397590192137, 'noise_gpi_sigma': 89.81475596507259, 'g_stn_gpe_mult': 2.3496446176667733, 'g_gpe_stn_mult': 0.15347390889915874, 'g_stn_gpi_mult': 1.9029301188446763, 'g_gpe_gpi_mult': 0.8065382370698899}. Best is trial 627 with value: 0.13198094924998152.
[I 2026-05-28 01:34:41,884] Trial 743 finished with value: 0.16475688213776196 and parameters: {'ISTN': 61.79351753111431, 'I_gpe': 1.2169497048665612, 'I_gpi': 2.0763203073541834, 'noise_stn_sigma': 1.6099040158935654, 'noise_gpe_sigma': 99.90570701570451, 'noise_gpi_sigma': 84.75615785569039, 'g_stn_gpe_mult': 2.55455647572054, 'g_gpe_stn_mult': 0.17781059954460982, 'g_stn_gpi_mult': 1.8833193681388005, 'g_gpe_gpi_mult': 0.8626434606054847}. Best is trial 627 with value: 0.13198094924998152.
[I 2026-05-28 01:34:42,888] Trial 744 finished with value: 0.16740840163022025 and parameters: {'ISTN': 63.36765210952223, 'I_gpe': 1.3018127360931693, 'I_gpi': 2.162688251192676, 'noise_stn_sigma': 1.8188807627803787, 'noise_gpe_sigma': 96.69535827608381, 'noise_gpi_sigma': 89.59718957035749, 'g_stn_gpe_mult': 2.46192959995213, 'g_gpe_stn_mult': 0.15724809736599768, 'g_stn_gpi_mult': 1.770483183806949, 'g_gpe_gpi_mult': 0.7936333872910506}. Best is trial 627 with value: 0.13198094924998152.
[I 2026-05-28 01:34:43,894] Trial 745 finished with value: 0.1367744114540488 and parameters: {'ISTN': 61.86796098733601, 'I_gpe': 1.2242012779725506, 'I_gpi': 2.137184980547951, 'noise_stn_sigma': 1.8228331388384773, 'noise_gpe_sigma': 101.75067085157421, 'noise_gpi_sigma': 88.3740856078463, 'g_stn_gpe_mult': 2.5088670800778963, 'g_gpe_stn_mult': 0.1586649935750386, 'g_stn_gpi_mult': 1.9576366698848684, 'g_gpe_gpi_mult': 0.841265009934137}. Best is trial 627 with value: 0.13198094924998152.
[I 2026-05-28 01:34:44,897] Trial 746 finished with value: 0.16109819196836958 and parameters: {'ISTN': 63.21057986599679, 'I_gpe': 1.1762436616247405, 'I_gpi': 2.063823385339096, 'noise_stn_sigma': 1.4537346607684996, 'noise_gpe_sigma': 103.20681183578132, 'noise_gpi_sigma': 89.80579264247288, 'g_stn_gpe_mult': 2.5012491867957007, 'g_gpe_stn_mult': 0.15691387259353873, 'g_stn_gpi_mult': 1.827679126231395, 'g_gpe_gpi_mult': 0.8276905170771442}. Best is trial 627 with value: 0.13198094924998152.
[I 2026-05-28 01:34:45,903] Trial 747 finished with value: 0.13680752058412102 and parameters: {'ISTN': 61.45929680220406, 'I_gpe': 1.2109246477591742, 'I_gpi': 2.0853443882549048, 'noise_stn_sigma': 1.6683125510590473, 'noise_gpe_sigma': 99.77506949774371, 'noise_gpi_sigma': 88.20589834042242, 'g_stn_gpe_mult': 2.489649277388808, 'g_gpe_stn_mult': 0.16189078685460154, 'g_stn_gpi_mult': 1.8043687569812028, 'g_gpe_gpi_mult': 0.8218105117966858}. Best is trial 627 with value: 0.13198094924998152.
