[I 2026-05-28 01:57:39,625] Trial 88 finished with value: 22.547762577827235 and parameters: {'ISTN': 79.80041606091427, 'I_gpe': 1.2477871160032472, 'I_gpi': 3.375999631555852, 'noise_stn_sigma': 6.773426553263251, 'noise_gpe_sigma': 132.6789743474854, 'noise_gpi_sigma': 98.82215168127655, 'g_stn_gpe_mult': 2.124949369176582, 'g_gpe_stn_mult': 0.35956849158644855, 'g_stn_gpi_mult': 3.6965872484680298, 'g_gpe_gpi_mult': 0.6112197206001435}. Best is trial 55 with value: 3.7420912361515.
[I 2026-05-28 01:57:40,633] Trial 89 finished with value: 27.54500519996836 and parameters: {'ISTN': 71.99293340448604, 'I_gpe': 1.1689241316991985, 'I_gpi': 3.2552167355496513, 'noise_stn_sigma': 6.263577532146819, 'noise_gpe_sigma': 103.46898312807787, 'noise_gpi_sigma': 76.12299406756739, 'g_stn_gpe_mult': 2.258608515501207, 'g_gpe_stn_mult': 0.3244510550612192, 'g_stn_gpi_mult': 2.900544744465607, 'g_gpe_gpi_mult': 0.7796714842235373}. Best is trial 55 with value: 3.7420912361515.
[I 2026-05-28 01:57:41,580] Trial 90 finished with value: 1000000.0 and parameters: {'ISTN': 91.56987984725055, 'I_gpe': 2.237392812380352, 'I_gpi': 2.997821456576149, 'noise_stn_sigma': 5.002040751184403, 'noise_gpe_sigma': 128.1311926551909, 'noise_gpi_sigma': 76.7132294156137, 'g_stn_gpe_mult': 2.0580222304451623, 'g_gpe_stn_mult': 0.4899114360212602, 'g_stn_gpi_mult': 2.7533493887361677, 'g_gpe_gpi_mult': 0.7767029498898337}. Best is trial 55 with value: 3.7420912361515.
[I 2026-05-28 01:57:42,587] Trial 91 finished with value: 32.86232908394649 and parameters: {'ISTN': 73.4210910499096, 'I_gpe': 1.0669993919765848, 'I_gpi': 2.8066695410870324, 'noise_stn_sigma': 7.43263428663142, 'noise_gpe_sigma': 87.69262295471451, 'noise_gpi_sigma': 83.77073375288026, 'g_stn_gpe_mult': 2.1205986412321938, 'g_gpe_stn_mult': 0.5251915523368118, 'g_stn_gpi_mult': 2.966744214468189, 'g_gpe_gpi_mult': 0.45094526198243257}. Best is trial 55 with value: 3.7420912361515.
[I 2026-05-28 01:57:43,594] Trial 92 finished with value: 24.505903716023276 and parameters: {'ISTN': 79.7493780001277, 'I_gpe': 1.0040043052127088, 'I_gpi': 3.7852608164352364, 'noise_stn_sigma': 5.184188901660387, 'noise_gpe_sigma': 135.74978373875712, 'noise_gpi_sigma': 43.67285824448604, 'g_stn_gpe_mult': 2.833266708501818, 'g_gpe_stn_mult': 0.13862574880532252, 'g_stn_gpi_mult': 2.4493649156558805, 'g_gpe_gpi_mult': 0.7398619232261092}. Best is trial 55 with value: 3.7420912361515.
[I 2026-05-28 01:57:44,601] Trial 93 finished with value: 28.824599524975962 and parameters: {'ISTN': 105.10107374776459, 'I_gpe': 1.6142492331410816, 'I_gpi': 2.1629880635431333, 'noise_stn_sigma': 5.094313981018501, 'noise_gpe_sigma': 116.72437195063262, 'noise_gpi_sigma': 89.57658294900327, 'g_stn_gpe_mult': 1.85253359993941, 'g_gpe_stn_mult': 0.23274747663976372, 'g_stn_gpi_mult': 2.6538017170116426, 'g_gpe_gpi_mult': 0.5611769416281926}. Best is trial 55 with value: 3.7420912361515.
[I 2026-05-28 01:57:45,605] Trial 94 finished with value: 18.647280059140847 and parameters: {'ISTN': 60.09002728776003, 'I_gpe': 0.5769833022759014, 'I_gpi': 3.225787822258661, 'noise_stn_sigma': 5.377684007579456, 'noise_gpe_sigma': 111.80261683650787, 'noise_gpi_sigma': 87.31530466939981, 'g_stn_gpe_mult': 2.1745037347325074, 'g_gpe_stn_mult': 0.3535425499819115, 'g_stn_gpi_mult': 3.3297306210168216, 'g_gpe_gpi_mult': 0.7445072178165284}. Best is trial 55 with value: 3.7420912361515.
[I 2026-05-28 01:57:46,611] Trial 95 finished with value: 41.32173568538891 and parameters: {'ISTN': 75.99615979862844, 'I_gpe': 1.4392844197678363, 'I_gpi': 3.3419927565341356, 'noise_stn_sigma': 6.999389251666736, 'noise_gpe_sigma': 103.66485240853429, 'noise_gpi_sigma': 127.26242678111686, 'g_stn_gpe_mult': 3.408915364631535, 'g_gpe_stn_mult': 0.16078041773839755, 'g_stn_gpi_mult': 2.153024873273216, 'g_gpe_gpi_mult': 0.5188220950984769}. Best is trial 55 with value: 3.7420912361515.
[I 2026-05-28 01:57:47,619] Trial 96 finished with value: 15.387984156857074 and parameters: {'ISTN': 67.1934342836633, 'I_gpe': 1.5227603620121581, 'I_gpi': 3.0592114780062554, 'noise_stn_sigma': 6.845667506201222, 'noise_gpe_sigma': 122.17364421096649, 'noise_gpi_sigma': 80.26078505875276, 'g_stn_gpe_mult': 2.8325441161213556, 'g_gpe_stn_mult': 0.4203999204760589, 'g_stn_gpi_mult': 2.0758722340305096, 'g_gpe_gpi_mult': 0.8237367227255583}. Best is trial 55 with value: 3.7420912361515.
[I 2026-05-28 01:57:48,625] Trial 97 finished with value: 1.042853769234306 and parameters: {'ISTN': 60.725744934235514, 'I_gpe': 0.5678411088305835, 'I_gpi': 3.306852589192249, 'noise_stn_sigma': 6.214299756127501, 'noise_gpe_sigma': 145.16460099406692, 'noise_gpi_sigma': 81.19550558266442, 'g_stn_gpe_mult': 2.400486451939777, 'g_gpe_stn_mult': 0.13802674567843776, 'g_stn_gpi_mult': 3.197113445304433, 'g_gpe_gpi_mult': 1.0476018641732672}. Best is trial 97 with value: 1.042853769234306.
[I 2026-05-28 01:57:49,631] Trial 98 finished with value: 0.5979484317983877 and parameters: {'ISTN': 60.61345811182772, 'I_gpe': 0.8252850894052255, 'I_gpi': 2.885226464429692, 'noise_stn_sigma': 5.4101185659053055, 'noise_gpe_sigma': 100.2926860449718, 'noise_gpi_sigma': 91.93704438961102, 'g_stn_gpe_mult': 1.7470492605346077, 'g_gpe_stn_mult': 0.2296113220193207, 'g_stn_gpi_mult': 3.1947571731287905, 'g_gpe_gpi_mult': 0.6905979330416521}. Best is trial 98 with value: 0.5979484317983877.
[I 2026-05-28 01:57:50,638] Trial 99 finished with value: 31.397765727855415 and parameters: {'ISTN': 77.07618159444809, 'I_gpe': 1.2286316773868575, 'I_gpi': 2.8709563428609215, 'noise_stn_sigma': 6.862193695823981, 'noise_gpe_sigma': 114.84867331559552, 'noise_gpi_sigma': 91.43078477039124, 'g_stn_gpe_mult': 2.996288760195299, 'g_gpe_stn_mult': 0.30594334102793286, 'g_stn_gpi_mult': 2.5071742819032394, 'g_gpe_gpi_mult': 0.7299985305699359}. Best is trial 98 with value: 0.5979484317983877.
[I 2026-05-28 01:57:51,645] Trial 100 finished with value: 8.711718997489175 and parameters: {'ISTN': 88.6175781829246, 'I_gpe': 0.8623899455624622, 'I_gpi': 3.2076884273999635, 'noise_stn_sigma': 4.525522537170415, 'noise_gpe_sigma': 82.01758679163025, 'noise_gpi_sigma': 143.02769954122402, 'g_stn_gpe_mult': 1.6415835997646984, 'g_gpe_stn_mult': 0.36157807312410495, 'g_stn_gpi_mult': 2.9603485132518417, 'g_gpe_gpi_mult': 0.7545791478651509}. Best is trial 98 with value: 0.5979484317983877.
[I 2026-05-28 01:57:52,654] Trial 101 finished with value: 27.07318006115286 and parameters: {'ISTN': 60.93814678340784, 'I_gpe': 1.0738300927330569, 'I_gpi': 2.2720232279067694, 'noise_stn_sigma': 5.97465176114232, 'noise_gpe_sigma': 129.53974686672717, 'noise_gpi_sigma': 64.96385229975668, 'g_stn_gpe_mult': 2.1645264512103, 'g_gpe_stn_mult': 0.22104049615454752, 'g_stn_gpi_mult': 3.3686778966523074, 'g_gpe_gpi_mult': 0.8119743323884796}. Best is trial 98 with value: 0.5979484317983877.
[I 2026-05-28 01:57:53,659] Trial 102 finished with value: 14.963468011305245 and parameters: {'ISTN': 92.73966529351281, 'I_gpe': 0.8320097710698678, 'I_gpi': 3.5612926660716315, 'noise_stn_sigma': 4.204274842341116, 'noise_gpe_sigma': 85.72659566452792, 'noise_gpi_sigma': 58.35661264946083, 'g_stn_gpe_mult': 2.0243373933432998, 'g_gpe_stn_mult': 0.3992176774234114, 'g_stn_gpi_mult': 2.2848953954265943, 'g_gpe_gpi_mult': 0.9742883638347948}. Best is trial 98 with value: 0.5979484317983877.
[I 2026-05-28 01:57:54,666] Trial 103 finished with value: 23.159391660261175 and parameters: {'ISTN': 72.21290606290333, 'I_gpe': 1.0676640724931272, 'I_gpi': 3.172280759533703, 'noise_stn_sigma': 5.093047545822534, 'noise_gpe_sigma': 139.08380625287492, 'noise_gpi_sigma': 105.55593001516651, 'g_stn_gpe_mult': 2.4044090712649315, 'g_gpe_stn_mult': 0.1431314671830209, 'g_stn_gpi_mult': 3.155024886795705, 'g_gpe_gpi_mult': 0.9358272043640743}. Best is trial 98 with value: 0.5979484317983877.
[I 2026-05-28 01:57:55,672] Trial 104 finished with value: 27.04747946417383 and parameters: {'ISTN': 75.62798130718458, 'I_gpe': 0.7670868950616608, 'I_gpi': 2.5531005119104884, 'noise_stn_sigma': 5.503719570853689, 'noise_gpe_sigma': 116.23230315922154, 'noise_gpi_sigma': 103.04315270271942, 'g_stn_gpe_mult': 1.5251891377592774, 'g_gpe_stn_mult': 0.16274108505637763, 'g_stn_gpi_mult': 3.244699094578035, 'g_gpe_gpi_mult': 0.9776585297860199}. Best is trial 98 with value: 0.5979484317983877.
[I 2026-05-28 01:57:56,680] Trial 105 finished with value: 9.325654783762896 and parameters: {'ISTN': 75.1436815213953, 'I_gpe': 0.7471090284928693, 'I_gpi': 3.3052772455885604, 'noise_stn_sigma': 4.035817053021314, 'noise_gpe_sigma': 115.70437162238896, 'noise_gpi_sigma': 143.9267694137669, 'g_stn_gpe_mult': 2.348254605171158, 'g_gpe_stn_mult': 0.25178485292109964, 'g_stn_gpi_mult': 3.0438136071334085, 'g_gpe_gpi_mult': 0.7278565044016361}. Best is trial 98 with value: 0.5979484317983877.
[I 2026-05-28 01:57:57,686] Trial 106 finished with value: 39.565690071495624 and parameters: {'ISTN': 80.44021281183885, 'I_gpe': 1.005522536282178, 'I_gpi': 3.3852621236447304, 'noise_stn_sigma': 5.319896570704873, 'noise_gpe_sigma': 114.03948477474586, 'noise_gpi_sigma': 77.22824639072866, 'g_stn_gpe_mult': 2.447764930942147, 'g_gpe_stn_mult': 0.2262995733821791, 'g_stn_gpi_mult': 3.2533983926438172, 'g_gpe_gpi_mult': 0.9176884788024566}. Best is trial 98 with value: 0.5979484317983877.
[I 2026-05-28 01:57:58,693] Trial 107 finished with value: 28.985223781809083 and parameters: {'ISTN': 87.14694832239034, 'I_gpe': 0.8571226206690892, 'I_gpi': 3.1130305862856598, 'noise_stn_sigma': 4.785051755492454, 'noise_gpe_sigma': 87.50505831468091, 'noise_gpi_sigma': 111.17568029448444, 'g_stn_gpe_mult': 2.0526308446735917, 'g_gpe_stn_mult': 0.24379345696195673, 'g_stn_gpi_mult': 2.6673170546822353, 'g_gpe_gpi_mult': 0.8777962076315844}. Best is trial 98 with value: 0.5979484317983877.
[I 2026-05-28 01:57:59,699] Trial 108 finished with value: 22.511477003117975 and parameters: {'ISTN': 75.03033820515856, 'I_gpe': 0.818925099118859, 'I_gpi': 3.3170222493953205, 'noise_stn_sigma': 4.517225652067969, 'noise_gpe_sigma': 74.73318390411683, 'noise_gpi_sigma': 99.86371202020904, 'g_stn_gpe_mult': 1.5538116561889805, 'g_gpe_stn_mult': 0.30652075263328044, 'g_stn_gpi_mult': 3.308226486626596, 'g_gpe_gpi_mult': 0.9209227913814633}. Best is trial 98 with value: 0.5979484317983877.
[I 2026-05-28 01:58:00,707] Trial 109 finished with value: 26.802413406658186 and parameters: {'ISTN': 70.901835175951, 'I_gpe': 0.6838826173203113, 'I_gpi': 2.8511308988363684, 'noise_stn_sigma': 3.253101636290595, 'noise_gpe_sigma': 96.43224878985606, 'noise_gpi_sigma': 112.41345006243027, 'g_stn_gpe_mult': 1.675412478845764, 'g_gpe_stn_mult': 0.32812759882057874, 'g_stn_gpi_mult': 3.535569218885273, 'g_gpe_gpi_mult': 0.6984999843744368}. Best is trial 98 with value: 0.5979484317983877.
[I 2026-05-28 01:58:01,715] Trial 110 finished with value: 24.77461054712408 and parameters: {'ISTN': 108.60728473332966, 'I_gpe': 0.8428197808548564, 'I_gpi': 3.409443431114478, 'noise_stn_sigma': 6.125571067154709, 'noise_gpe_sigma': 103.41582688538837, 'noise_gpi_sigma': 86.56029020394456, 'g_stn_gpe_mult': 1.7497605567215015, 'g_gpe_stn_mult': 0.2657461155787813, 'g_stn_gpi_mult': 2.776842141659565, 'g_gpe_gpi_mult': 0.9126449724959116}. Best is trial 98 with value: 0.5979484317983877.
[I 2026-05-28 01:58:02,725] Trial 111 finished with value: 37.152646026921744 and parameters: {'ISTN': 81.95366439725487, 'I_gpe': 0.573347640789458, 'I_gpi': 2.7264740465690944, 'noise_stn_sigma': 4.51662040313259, 'noise_gpe_sigma': 89.14208420405161, 'noise_gpi_sigma': 104.17352395438455, 'g_stn_gpe_mult': 2.7538290687586193, 'g_gpe_stn_mult': 0.16478712636750037, 'g_stn_gpi_mult': 3.251691147376234, 'g_gpe_gpi_mult': 0.8280988184195379}. Best is trial 98 with value: 0.5979484317983877.
[I 2026-05-28 01:58:03,733] Trial 112 finished with value: 38.188145670935505 and parameters: {'ISTN': 84.59818043262817, 'I_gpe': 0.9863105431950618, 'I_gpi': 2.8947913716786955, 'noise_stn_sigma': 5.501813628721121, 'noise_gpe_sigma': 101.47168527016763, 'noise_gpi_sigma': 121.25338115332391, 'g_stn_gpe_mult': 2.1061169768765513, 'g_gpe_stn_mult': 0.4246337110489101, 'g_stn_gpi_mult': 3.0278336313312755, 'g_gpe_gpi_mult': 0.7330349170106403}. Best is trial 98 with value: 0.5979484317983877.
[I 2026-05-28 01:58:04,741] Trial 113 finished with value: 41.676298589420156 and parameters: {'ISTN': 79.53850526964294, 'I_gpe': 1.204127598683886, 'I_gpi': 4.03874082260767, 'noise_stn_sigma': 4.7381628545844485, 'noise_gpe_sigma': 93.03772595873748, 'noise_gpi_sigma': 104.04784733699718, 'g_stn_gpe_mult': 2.131260181296958, 'g_gpe_stn_mult': 0.2924368717537813, 'g_stn_gpi_mult': 3.1658390066166104, 'g_gpe_gpi_mult': 1.175584649944651}. Best is trial 98 with value: 0.5979484317983877.
[I 2026-05-28 01:58:05,749] Trial 114 finished with value: 33.315621191593074 and parameters: {'ISTN': 86.38121543434659, 'I_gpe': 1.1200677616508714, 'I_gpi': 3.0859155778212157, 'noise_stn_sigma': 5.556683389649088, 'noise_gpe_sigma': 83.96894601011196, 'noise_gpi_sigma': 107.80454144028634, 'g_stn_gpe_mult': 1.776508306577156, 'g_gpe_stn_mult': 0.28679788202041745, 'g_stn_gpi_mult': 2.393487675654393, 'g_gpe_gpi_mult': 0.7108075176023174}. Best is trial 98 with value: 0.5979484317983877.
[I 2026-05-28 01:58:06,757] Trial 115 finished with value: 36.74328839753418 and parameters: {'ISTN': 96.75900846307366, 'I_gpe': 1.3538061683106688, 'I_gpi': 4.079986397385525, 'noise_stn_sigma': 4.978403330511654, 'noise_gpe_sigma': 120.40413535789851, 'noise_gpi_sigma': 94.73382129648685, 'g_stn_gpe_mult': 2.6601535939134244, 'g_gpe_stn_mult': 0.15255335227995465, 'g_stn_gpi_mult': 2.4579399623232323, 'g_gpe_gpi_mult': 0.8433214904228423}. Best is trial 98 with value: 0.5979484317983877.
[I 2026-05-28 01:58:07,762] Trial 116 finished with value: 48.60783673959244 and parameters: {'ISTN': 93.50788443127665, 'I_gpe': 0.8987851194776768, 'I_gpi': 3.5914578454644803, 'noise_stn_sigma': 3.3284166828848134, 'noise_gpe_sigma': 88.16611053718765, 'noise_gpi_sigma': 102.86713660463724, 'g_stn_gpe_mult': 2.6489494827782587, 'g_gpe_stn_mult': 0.3884615155292175, 'g_stn_gpi_mult': 2.804095603798325, 'g_gpe_gpi_mult': 0.7485683210386056}. Best is trial 98 with value: 0.5979484317983877.
[I 2026-05-28 01:58:08,769] Trial 117 finished with value: 39.23199574308172 and parameters: {'ISTN': 73.86871112368301, 'I_gpe': 1.492577172272076, 'I_gpi': 2.980221152302966, 'noise_stn_sigma': 4.941603612624903, 'noise_gpe_sigma': 93.44207009169217, 'noise_gpi_sigma': 90.49597808459207, 'g_stn_gpe_mult': 2.992170619125251, 'g_gpe_stn_mult': 0.30119417692868977, 'g_stn_gpi_mult': 2.7060636009276617, 'g_gpe_gpi_mult': 0.7073453737293371}. Best is trial 98 with value: 0.5979484317983877.
[I 2026-05-28 01:58:09,775] Trial 118 finished with value: 33.6051167739533 and parameters: {'ISTN': 87.64860962381778, 'I_gpe': 1.2314062554821956, 'I_gpi': 3.9208395484507337, 'noise_stn_sigma': 3.615309012534366, 'noise_gpe_sigma': 79.37404049315367, 'noise_gpi_sigma': 98.67762091408672, 'g_stn_gpe_mult': 1.6640891985668362, 'g_gpe_stn_mult': 0.25181836220864184, 'g_stn_gpi_mult': 2.910174749780019, 'g_gpe_gpi_mult': 0.840049639058057}. Best is trial 98 with value: 0.5979484317983877.
[I 2026-05-28 01:58:10,781] Trial 119 finished with value: 31.010191595318496 and parameters: {'ISTN': 71.65362879922866, 'I_gpe': 1.2381076372290205, 'I_gpi': 3.2027253697326223, 'noise_stn_sigma': 6.5045324110974985, 'noise_gpe_sigma': 109.48973448078212, 'noise_gpi_sigma': 82.1078714582035, 'g_stn_gpe_mult': 1.7161587148312654, 'g_gpe_stn_mult': 0.2946468527132194, 'g_stn_gpi_mult': 3.2515814892543835, 'g_gpe_gpi_mult': 0.9772501737002741}. Best is trial 98 with value: 0.5979484317983877.
[I 2026-05-28 01:58:11,788] Trial 120 finished with value: 32.43785127586854 and parameters: {'ISTN': 86.73582563277772, 'I_gpe': 1.0444961972871045, 'I_gpi': 2.949746912804283, 'noise_stn_sigma': 2.959480192044748, 'noise_gpe_sigma': 98.98104927073985, 'noise_gpi_sigma': 100.89241800585407, 'g_stn_gpe_mult': 2.6417647855379136, 'g_gpe_stn_mult': 0.27366865162668585, 'g_stn_gpi_mult': 2.93686548867238, 'g_gpe_gpi_mult': 0.8781828543231593}. Best is trial 98 with value: 0.5979484317983877.
[I 2026-05-28 01:58:12,798] Trial 121 finished with value: 38.77179853215997 and parameters: {'ISTN': 95.76841961429622, 'I_gpe': 1.3949275156503873, 'I_gpi': 3.95471582756343, 'noise_stn_sigma': 3.705893589598408, 'noise_gpe_sigma': 111.10450073406794, 'noise_gpi_sigma': 102.09947023806568, 'g_stn_gpe_mult': 1.8906217964879748, 'g_gpe_stn_mult': 0.1937680096061051, 'g_stn_gpi_mult': 2.603225548900924, 'g_gpe_gpi_mult': 0.8717884167875432}. Best is trial 98 with value: 0.5979484317983877.
[I 2026-05-28 01:58:13,805] Trial 122 finished with value: 33.300061390394326 and parameters: {'ISTN': 71.31817835260841, 'I_gpe': 1.7856928537991617, 'I_gpi': 2.565547929687697, 'noise_stn_sigma': 6.164901577168075, 'noise_gpe_sigma': 121.14890410043164, 'noise_gpi_sigma': 117.90058889036385, 'g_stn_gpe_mult': 2.657817538389346, 'g_gpe_stn_mult': 0.2802190324506423, 'g_stn_gpi_mult': 2.684691340850717, 'g_gpe_gpi_mult': 0.8539097483664941}. Best is trial 98 with value: 0.5979484317983877.
[I 2026-05-28 01:58:14,810] Trial 123 finished with value: 35.871088095849956 and parameters: {'ISTN': 90.91884709986378, 'I_gpe': 1.0903030056197451, 'I_gpi': 3.117738986601209, 'noise_stn_sigma': 5.50662519280328, 'noise_gpe_sigma': 84.3633920453682, 'noise_gpi_sigma': 69.40651497298137, 'g_stn_gpe_mult': 1.8036265180514661, 'g_gpe_stn_mult': 0.2898277827169129, 'g_stn_gpi_mult': 3.2188106460076664, 'g_gpe_gpi_mult': 0.946004801656555}. Best is trial 98 with value: 0.5979484317983877.
[I 2026-05-28 01:58:15,818] Trial 124 finished with value: 42.680791504338 and parameters: {'ISTN': 87.20276872039825, 'I_gpe': 1.7855025864772018, 'I_gpi': 2.818349590039767, 'noise_stn_sigma': 5.710248670802481, 'noise_gpe_sigma': 101.76168733294563, 'noise_gpi_sigma': 102.39048170767376, 'g_stn_gpe_mult': 2.3828264728735404, 'g_gpe_stn_mult': 0.22435629236852017, 'g_stn_gpi_mult': 3.1790506664056846, 'g_gpe_gpi_mult': 0.9620577385642735}. Best is trial 98 with value: 0.5979484317983877.
[I 2026-05-28 01:58:16,825] Trial 125 finished with value: 37.74089689740471 and parameters: {'ISTN': 76.83499822282373, 'I_gpe': 0.593862977758276, 'I_gpi': 2.9550149822389926, 'noise_stn_sigma': 3.8597423537126527, 'noise_gpe_sigma': 83.05125422631207, 'noise_gpi_sigma': 80.94195571099533, 'g_stn_gpe_mult': 1.7779848968770342, 'g_gpe_stn_mult': 0.4307378752163993, 'g_stn_gpi_mult': 3.1089303982612684, 'g_gpe_gpi_mult': 1.084403456412247}. Best is trial 98 with value: 0.5979484317983877.
[I 2026-05-28 01:58:17,833] Trial 126 finished with value: 30.208084465720646 and parameters: {'ISTN': 73.0132686139311, 'I_gpe': 1.5977547613629648, 'I_gpi': 2.6703606707059375, 'noise_stn_sigma': 5.244722521905436, 'noise_gpe_sigma': 108.57259215626542, 'noise_gpi_sigma': 135.69556949713444, 'g_stn_gpe_mult': 2.217135593644999, 'g_gpe_stn_mult': 0.1923056294707052, 'g_stn_gpi_mult': 3.0423211124126017, 'g_gpe_gpi_mult': 0.8905641852404931}. Best is trial 98 with value: 0.5979484317983877.
[I 2026-05-28 01:58:18,839] Trial 127 finished with value: 5.080542910107934 and parameters: {'ISTN': 64.48203765388627, 'I_gpe': 1.2928678009298205, 'I_gpi': 3.11356595086152, 'noise_stn_sigma': 6.001384821859007, 'noise_gpe_sigma': 74.24325648507465, 'noise_gpi_sigma': 80.08531104926399, 'g_stn_gpe_mult': 1.843750641014771, 'g_gpe_stn_mult': 0.468153242252758, 'g_stn_gpi_mult': 3.7464346185701363, 'g_gpe_gpi_mult': 0.8551328303325969}. Best is trial 98 with value: 0.5979484317983877.
[I 2026-05-28 01:58:19,848] Trial 128 finished with value: 38.70840920117102 and parameters: {'ISTN': 74.42704282429317, 'I_gpe': 1.2467669123949272, 'I_gpi': 3.6243941531799027, 'noise_stn_sigma': 3.350901762168976, 'noise_gpe_sigma': 83.52241948290063, 'noise_gpi_sigma': 108.00788319182895, 'g_stn_gpe_mult': 2.4689002156239632, 'g_gpe_stn_mult': 0.5143642325770982, 'g_stn_gpi_mult': 3.0709019017464834, 'g_gpe_gpi_mult': 0.951008450148016}. Best is trial 98 with value: 0.5979484317983877.
[I 2026-05-28 01:58:20,855] Trial 129 finished with value: 39.28679896263411 and parameters: {'ISTN': 94.86118632295631, 'I_gpe': 1.135119980331302, 'I_gpi': 3.009603442175561, 'noise_stn_sigma': 5.422936717143308, 'noise_gpe_sigma': 110.06057657940117, 'noise_gpi_sigma': 94.51800497798544, 'g_stn_gpe_mult': 1.7629738568920743, 'g_gpe_stn_mult': 0.2719598165480187, 'g_stn_gpi_mult': 3.0946006181372305, 'g_gpe_gpi_mult': 0.9416667232880378}. Best is trial 98 with value: 0.5979484317983877.
[I 2026-05-28 01:58:21,862] Trial 130 finished with value: 22.98857819561683 and parameters: {'ISTN': 68.51277470224916, 'I_gpe': 1.2915619278377002, 'I_gpi': 3.8664609402047283, 'noise_stn_sigma': 6.60817384114437, 'noise_gpe_sigma': 84.15689509630565, 'noise_gpi_sigma': 96.9591925955875, 'g_stn_gpe_mult': 1.8212203439325527, 'g_gpe_stn_mult': 0.34323913469272654, 'g_stn_gpi_mult': 2.976078062920948, 'g_gpe_gpi_mult': 0.9824605877976795}. Best is trial 98 with value: 0.5979484317983877.
[I 2026-05-28 01:58:22,868] Trial 131 finished with value: 21.580862941177827 and parameters: {'ISTN': 67.76666856585953, 'I_gpe': 1.6220694659449144, 'I_gpi': 4.0503730650912395, 'noise_stn_sigma': 6.534419991716488, 'noise_gpe_sigma': 108.43453808791317, 'noise_gpi_sigma': 82.43018161214275, 'g_stn_gpe_mult': 1.6776039592626497, 'g_gpe_stn_mult': 0.25932496552795026, 'g_stn_gpi_mult': 2.94359893064493, 'g_gpe_gpi_mult': 0.893724926420443}. Best is trial 98 with value: 0.5979484317983877.
