[I 2026-05-28 02:29:23,471] Trial 968 finished with value: 0.44800748475328783 and parameters: {'ISTN': 60.174574528129455, 'I_gpe': 1.297400918708414, 'I_gpi': 2.03276509250338, 'noise_stn_sigma': 7.987703045770046, 'noise_gpe_sigma': 117.54997821108795, 'noise_gpi_sigma': 86.47960700019118, 'g_stn_gpe_mult': 3.163052502933292, 'g_gpe_stn_mult': 0.1061530807327459, 'g_stn_gpi_mult': 2.3594037207967693, 'g_gpe_gpi_mult': 0.8916768003089224}. Best is trial 951 with value: 0.41840606986458645.
[I 2026-05-28 02:29:24,480] Trial 969 finished with value: 0.4413882902143195 and parameters: {'ISTN': 60.86032050077293, 'I_gpe': 1.289757827510382, 'I_gpi': 2.076610896394823, 'noise_stn_sigma': 7.499028661240779, 'noise_gpe_sigma': 119.66644842340445, 'noise_gpi_sigma': 88.51813513068855, 'g_stn_gpe_mult': 3.1458869671881344, 'g_gpe_stn_mult': 0.10106897504263623, 'g_stn_gpi_mult': 2.3342016985116407, 'g_gpe_gpi_mult': 0.8665912495185863}. Best is trial 951 with value: 0.41840606986458645.
[I 2026-05-28 02:29:25,487] Trial 970 finished with value: 0.4391206579336857 and parameters: {'ISTN': 60.10799734382704, 'I_gpe': 1.3762795038347668, 'I_gpi': 2.1238493714348445, 'noise_stn_sigma': 7.8481320084401265, 'noise_gpe_sigma': 120.38011265184433, 'noise_gpi_sigma': 89.27525986832927, 'g_stn_gpe_mult': 3.2314730947878854, 'g_gpe_stn_mult': 0.11414647350434833, 'g_stn_gpi_mult': 2.3070625416431545, 'g_gpe_gpi_mult': 0.8963041323385625}. Best is trial 951 with value: 0.41840606986458645.
[I 2026-05-28 02:29:26,496] Trial 971 finished with value: 0.4304364854122364 and parameters: {'ISTN': 60.32147383409454, 'I_gpe': 1.3079075416155928, 'I_gpi': 2.079951643615031, 'noise_stn_sigma': 7.829822148903382, 'noise_gpe_sigma': 119.80402107063348, 'noise_gpi_sigma': 91.00914196138619, 'g_stn_gpe_mult': 3.2828093159557072, 'g_gpe_stn_mult': 0.1113059177729661, 'g_stn_gpi_mult': 2.3835649380405073, 'g_gpe_gpi_mult': 0.9000605743920833}. Best is trial 951 with value: 0.41840606986458645.
[I 2026-05-28 02:29:27,502] Trial 972 finished with value: 0.44012718746887214 and parameters: {'ISTN': 60.70053803939435, 'I_gpe': 1.3569375654249471, 'I_gpi': 2.1084523712214356, 'noise_stn_sigma': 7.88063273051802, 'noise_gpe_sigma': 121.0475969781298, 'noise_gpi_sigma': 86.88498530035581, 'g_stn_gpe_mult': 3.256509984787429, 'g_gpe_stn_mult': 0.10619384422579994, 'g_stn_gpi_mult': 2.47008870632249, 'g_gpe_gpi_mult': 0.8892945662153884}. Best is trial 951 with value: 0.41840606986458645.
[I 2026-05-28 02:29:28,509] Trial 973 finished with value: 0.48755228576435083 and parameters: {'ISTN': 60.019877351988114, 'I_gpe': 1.3034179559654888, 'I_gpi': 2.053990639080344, 'noise_stn_sigma': 7.77364042358106, 'noise_gpe_sigma': 121.15878929719881, 'noise_gpi_sigma': 90.51010659286422, 'g_stn_gpe_mult': 3.232556835791609, 'g_gpe_stn_mult': 0.10688661602596865, 'g_stn_gpi_mult': 2.4112815519471154, 'g_gpe_gpi_mult': 0.8587402037972873}. Best is trial 951 with value: 0.41840606986458645.
[I 2026-05-28 02:29:29,516] Trial 974 finished with value: 0.43513021197710766 and parameters: {'ISTN': 60.765247052846455, 'I_gpe': 1.3209854703791624, 'I_gpi': 1.9575261147260654, 'noise_stn_sigma': 7.898587810772764, 'noise_gpe_sigma': 118.97595091393846, 'noise_gpi_sigma': 86.8493428971586, 'g_stn_gpe_mult': 3.2380596736919856, 'g_gpe_stn_mult': 0.11094062216847979, 'g_stn_gpi_mult': 2.4911957545298815, 'g_gpe_gpi_mult': 0.8887999783880252}. Best is trial 951 with value: 0.41840606986458645.
[I 2026-05-28 02:29:30,525] Trial 975 finished with value: 0.4253645113650608 and parameters: {'ISTN': 60.36541960212916, 'I_gpe': 1.355879502882581, 'I_gpi': 2.0733292258702725, 'noise_stn_sigma': 7.826895695349807, 'noise_gpe_sigma': 120.19147730943793, 'noise_gpi_sigma': 88.10849735133901, 'g_stn_gpe_mult': 3.2902772275590086, 'g_gpe_stn_mult': 0.1123469271963757, 'g_stn_gpi_mult': 2.4604634613801686, 'g_gpe_gpi_mult': 0.8943064889691654}. Best is trial 951 with value: 0.41840606986458645.
[I 2026-05-28 02:29:31,535] Trial 976 finished with value: 0.4298987281474754 and parameters: {'ISTN': 60.59909161497197, 'I_gpe': 1.3275899322459241, 'I_gpi': 2.0150661322048573, 'noise_stn_sigma': 7.982474019104094, 'noise_gpe_sigma': 118.78489252829044, 'noise_gpi_sigma': 89.03380522712669, 'g_stn_gpe_mult': 3.307762575528402, 'g_gpe_stn_mult': 0.10992983854044219, 'g_stn_gpi_mult': 2.4035156158972, 'g_gpe_gpi_mult': 0.8960878743558756}. Best is trial 951 with value: 0.41840606986458645.
[I 2026-05-28 02:29:32,544] Trial 977 finished with value: 0.43405950642843355 and parameters: {'ISTN': 60.74047452871598, 'I_gpe': 1.3412464485461488, 'I_gpi': 2.027226112443901, 'noise_stn_sigma': 7.807960576063284, 'noise_gpe_sigma': 121.84534805690608, 'noise_gpi_sigma': 87.68007964370695, 'g_stn_gpe_mult': 3.201628479661782, 'g_gpe_stn_mult': 0.10959868920394245, 'g_stn_gpi_mult': 2.444444463904626, 'g_gpe_gpi_mult': 0.904805454127775}. Best is trial 951 with value: 0.41840606986458645.
[I 2026-05-28 02:29:33,554] Trial 978 finished with value: 0.4285127611621995 and parameters: {'ISTN': 60.27031742293378, 'I_gpe': 1.3197698772806836, 'I_gpi': 2.034155147132825, 'noise_stn_sigma': 7.7332598472313645, 'noise_gpe_sigma': 121.01618387600136, 'noise_gpi_sigma': 87.60356383683393, 'g_stn_gpe_mult': 3.176527580166962, 'g_gpe_stn_mult': 0.1119506049919146, 'g_stn_gpi_mult': 2.4262749510052273, 'g_gpe_gpi_mult': 0.870732999812964}. Best is trial 951 with value: 0.41840606986458645.
[I 2026-05-28 02:29:34,561] Trial 979 finished with value: 0.44675886010108695 and parameters: {'ISTN': 60.434019970308206, 'I_gpe': 1.318049470175511, 'I_gpi': 2.088949827004882, 'noise_stn_sigma': 7.588881674597771, 'noise_gpe_sigma': 120.31100075251359, 'noise_gpi_sigma': 87.96701790938991, 'g_stn_gpe_mult': 3.229748407609444, 'g_gpe_stn_mult': 0.10445608093000806, 'g_stn_gpi_mult': 2.439525503616175, 'g_gpe_gpi_mult': 0.8819804360495032}. Best is trial 951 with value: 0.41840606986458645.
[I 2026-05-28 02:29:35,568] Trial 980 finished with value: 0.432070521442111 and parameters: {'ISTN': 60.404237899811584, 'I_gpe': 1.3305036602999492, 'I_gpi': 1.9884062682901675, 'noise_stn_sigma': 7.847516806176372, 'noise_gpe_sigma': 119.81118681029568, 'noise_gpi_sigma': 88.97280324265886, 'g_stn_gpe_mult': 3.28785608710603, 'g_gpe_stn_mult': 0.10228716419742746, 'g_stn_gpi_mult': 2.4189565400233413, 'g_gpe_gpi_mult': 0.9106080174665525}. Best is trial 951 with value: 0.41840606986458645.
[I 2026-05-28 02:29:36,577] Trial 981 finished with value: 0.42913640225043975 and parameters: {'ISTN': 60.213106867721194, 'I_gpe': 1.3434867266341208, 'I_gpi': 2.016118429721125, 'noise_stn_sigma': 7.906738734059484, 'noise_gpe_sigma': 120.03613179425193, 'noise_gpi_sigma': 88.5600593724581, 'g_stn_gpe_mult': 3.2985471206228016, 'g_gpe_stn_mult': 0.11888739005642152, 'g_stn_gpi_mult': 2.4098998358856254, 'g_gpe_gpi_mult': 0.8770282648871721}. Best is trial 951 with value: 0.41840606986458645.
[I 2026-05-28 02:29:37,584] Trial 982 finished with value: 0.46237451576713884 and parameters: {'ISTN': 60.011885859425234, 'I_gpe': 1.3544934681417629, 'I_gpi': 2.082111485383513, 'noise_stn_sigma': 7.685489157157915, 'noise_gpe_sigma': 120.55197670427309, 'noise_gpi_sigma': 90.91194173461437, 'g_stn_gpe_mult': 3.325849910295891, 'g_gpe_stn_mult': 0.11797142169589134, 'g_stn_gpi_mult': 2.3357679762955197, 'g_gpe_gpi_mult': 0.9029081184691574}. Best is trial 951 with value: 0.41840606986458645.
[I 2026-05-28 02:29:38,590] Trial 983 finished with value: 0.44470620074689 and parameters: {'ISTN': 60.07004765657823, 'I_gpe': 1.300032614216628, 'I_gpi': 2.0528066288818883, 'noise_stn_sigma': 7.672218298049971, 'noise_gpe_sigma': 120.04209433637723, 'noise_gpi_sigma': 89.03739888010527, 'g_stn_gpe_mult': 3.255656280199678, 'g_gpe_stn_mult': 0.10855745382911149, 'g_stn_gpi_mult': 2.3890063065487697, 'g_gpe_gpi_mult': 0.9005414168470629}. Best is trial 951 with value: 0.41840606986458645.
[I 2026-05-28 02:29:39,597] Trial 984 finished with value: 0.43020401029248345 and parameters: {'ISTN': 60.23960519841106, 'I_gpe': 1.3053974480253352, 'I_gpi': 2.062368397831022, 'noise_stn_sigma': 7.670405518773428, 'noise_gpe_sigma': 120.78146207400076, 'noise_gpi_sigma': 88.406310369196, 'g_stn_gpe_mult': 3.2636235033145695, 'g_gpe_stn_mult': 0.11264414877063371, 'g_stn_gpi_mult': 2.397893837688305, 'g_gpe_gpi_mult': 0.8828883311963405}. Best is trial 951 with value: 0.41840606986458645.
[I 2026-05-28 02:29:40,605] Trial 985 finished with value: 0.4325057212904774 and parameters: {'ISTN': 60.348212695682044, 'I_gpe': 1.344129049864677, 'I_gpi': 2.1232912502970684, 'noise_stn_sigma': 7.8682413251144805, 'noise_gpe_sigma': 120.13419714605604, 'noise_gpi_sigma': 88.53043775423986, 'g_stn_gpe_mult': 3.325196118964879, 'g_gpe_stn_mult': 0.10819616253600099, 'g_stn_gpi_mult': 2.3916912081062147, 'g_gpe_gpi_mult': 0.9007869911843742}. Best is trial 951 with value: 0.41840606986458645.
[I 2026-05-28 02:29:41,610] Trial 986 finished with value: 0.4313973574764191 and parameters: {'ISTN': 60.82845259445862, 'I_gpe': 1.3322149149508493, 'I_gpi': 2.0269688063659177, 'noise_stn_sigma': 7.796860969135705, 'noise_gpe_sigma': 119.60983155066896, 'noise_gpi_sigma': 88.91340632622385, 'g_stn_gpe_mult': 3.2357947071686444, 'g_gpe_stn_mult': 0.10374152448003106, 'g_stn_gpi_mult': 2.4354983399869914, 'g_gpe_gpi_mult': 0.8952451336663527}. Best is trial 951 with value: 0.41840606986458645.
[I 2026-05-28 02:29:42,558] Trial 987 finished with value: 1000000.0 and parameters: {'ISTN': 60.33095700512814, 'I_gpe': 1.3693202459436886, 'I_gpi': 2.049337924503302, 'noise_stn_sigma': 7.948924017783792, 'noise_gpe_sigma': 119.94584089555427, 'noise_gpi_sigma': 88.61793612250717, 'g_stn_gpe_mult': 3.323154753885019, 'g_gpe_stn_mult': 0.11424824352346524, 'g_stn_gpi_mult': 2.4570917070153406, 'g_gpe_gpi_mult': 0.9043990692449717}. Best is trial 951 with value: 0.41840606986458645.
[I 2026-05-28 02:29:43,566] Trial 988 finished with value: 0.5766248342268181 and parameters: {'ISTN': 60.44439773699977, 'I_gpe': 1.3118607225057985, 'I_gpi': 2.0767439089700597, 'noise_stn_sigma': 7.689569679605535, 'noise_gpe_sigma': 119.39416912985585, 'noise_gpi_sigma': 88.4362679100702, 'g_stn_gpe_mult': 3.26047207025699, 'g_gpe_stn_mult': 0.10561164575764707, 'g_stn_gpi_mult': 2.4060610871803294, 'g_gpe_gpi_mult': 0.8778153656541925}. Best is trial 951 with value: 0.41840606986458645.
[I 2026-05-28 02:29:44,573] Trial 989 finished with value: 0.4434560840746903 and parameters: {'ISTN': 60.45883659983976, 'I_gpe': 1.312280929272691, 'I_gpi': 1.9406731325981423, 'noise_stn_sigma': 7.941364620324081, 'noise_gpe_sigma': 120.46059597806712, 'noise_gpi_sigma': 87.37855796943305, 'g_stn_gpe_mult': 3.2672193628801995, 'g_gpe_stn_mult': 0.10470031008341874, 'g_stn_gpi_mult': 2.431581352505991, 'g_gpe_gpi_mult': 0.8866301119533868}. Best is trial 951 with value: 0.41840606986458645.
[I 2026-05-28 02:29:45,582] Trial 990 finished with value: 0.427261943665067 and parameters: {'ISTN': 60.570827655382885, 'I_gpe': 1.3639507297142617, 'I_gpi': 2.0083526829238885, 'noise_stn_sigma': 7.965248206535036, 'noise_gpe_sigma': 121.19916238075558, 'noise_gpi_sigma': 87.65226579171093, 'g_stn_gpe_mult': 3.2370639410815123, 'g_gpe_stn_mult': 0.10877227689117179, 'g_stn_gpi_mult': 2.4292097736858453, 'g_gpe_gpi_mult': 0.8775179858438853}. Best is trial 951 with value: 0.41840606986458645.
[I 2026-05-28 02:29:46,589] Trial 991 finished with value: 0.441972834666828 and parameters: {'ISTN': 60.144279542746816, 'I_gpe': 1.325853629341938, 'I_gpi': 2.0007584522686486, 'noise_stn_sigma': 7.717511400336595, 'noise_gpe_sigma': 120.59414051694529, 'noise_gpi_sigma': 88.60961383353064, 'g_stn_gpe_mult': 3.297390059435231, 'g_gpe_stn_mult': 0.11623461095928525, 'g_stn_gpi_mult': 2.4474368494911523, 'g_gpe_gpi_mult': 0.8945628250658977}. Best is trial 951 with value: 0.41840606986458645.
[I 2026-05-28 02:29:47,596] Trial 992 finished with value: 0.4150729648407687 and parameters: {'ISTN': 60.06593079058709, 'I_gpe': 1.3146765197399164, 'I_gpi': 2.0527989120539503, 'noise_stn_sigma': 7.958406776122166, 'noise_gpe_sigma': 120.33458432748992, 'noise_gpi_sigma': 89.64780401597635, 'g_stn_gpe_mult': 3.364137422864518, 'g_gpe_stn_mult': 0.11550583846595838, 'g_stn_gpi_mult': 2.386923130504357, 'g_gpe_gpi_mult': 0.8841416719044308}. Best is trial 992 with value: 0.4150729648407687.
[I 2026-05-28 02:29:48,602] Trial 993 finished with value: 0.42903162648320237 and parameters: {'ISTN': 60.84664515727659, 'I_gpe': 1.3164686252421136, 'I_gpi': 2.021985227197593, 'noise_stn_sigma': 7.837304915119944, 'noise_gpe_sigma': 121.15784113066613, 'noise_gpi_sigma': 90.08427643549534, 'g_stn_gpe_mult': 3.3425072639156266, 'g_gpe_stn_mult': 0.1086410651413708, 'g_stn_gpi_mult': 2.388228718891353, 'g_gpe_gpi_mult': 0.8992436825782879}. Best is trial 992 with value: 0.4150729648407687.
[I 2026-05-28 02:29:49,609] Trial 994 finished with value: 0.4281384164720371 and parameters: {'ISTN': 60.52138199368441, 'I_gpe': 1.3718268832237839, 'I_gpi': 2.0261561211683192, 'noise_stn_sigma': 7.7073713799212005, 'noise_gpe_sigma': 121.03128007633812, 'noise_gpi_sigma': 88.2197143416908, 'g_stn_gpe_mult': 3.1468752866244096, 'g_gpe_stn_mult': 0.1088304709219472, 'g_stn_gpi_mult': 2.4069322056637237, 'g_gpe_gpi_mult': 0.8909715455161646}. Best is trial 992 with value: 0.4150729648407687.
[I 2026-05-28 02:29:50,615] Trial 995 finished with value: 0.4266917284037037 and parameters: {'ISTN': 60.69403623595211, 'I_gpe': 1.3486153810806516, 'I_gpi': 2.1181695995135312, 'noise_stn_sigma': 7.8220864302103115, 'noise_gpe_sigma': 121.13824280765827, 'noise_gpi_sigma': 87.63181797468056, 'g_stn_gpe_mult': 3.2458169203928584, 'g_gpe_stn_mult': 0.11263603299996126, 'g_stn_gpi_mult': 2.4184366653520244, 'g_gpe_gpi_mult': 0.8847705763875968}. Best is trial 992 with value: 0.4150729648407687.
[I 2026-05-28 02:29:51,623] Trial 996 finished with value: 0.4214638531846602 and parameters: {'ISTN': 60.379973267225886, 'I_gpe': 1.3438535922576351, 'I_gpi': 1.9938851242454694, 'noise_stn_sigma': 7.92967939404977, 'noise_gpe_sigma': 120.56067625144786, 'noise_gpi_sigma': 86.35996531692179, 'g_stn_gpe_mult': 3.223951296216435, 'g_gpe_stn_mult': 0.10857349934867323, 'g_stn_gpi_mult': 2.4201047352368166, 'g_gpe_gpi_mult': 0.8784561658292007}. Best is trial 992 with value: 0.4150729648407687.
[I 2026-05-28 02:29:52,630] Trial 997 finished with value: 0.43187754839542164 and parameters: {'ISTN': 60.42934019864378, 'I_gpe': 1.353681654681777, 'I_gpi': 2.012551213449647, 'noise_stn_sigma': 7.8925861255815, 'noise_gpe_sigma': 119.66974638345991, 'noise_gpi_sigma': 87.85076914271015, 'g_stn_gpe_mult': 3.271499769282255, 'g_gpe_stn_mult': 0.11236835627364489, 'g_stn_gpi_mult': 2.4554862712853973, 'g_gpe_gpi_mult': 0.860230902315319}. Best is trial 992 with value: 0.4150729648407687.
[I 2026-05-28 02:29:53,639] Trial 998 finished with value: 0.4256414590262351 and parameters: {'ISTN': 60.295899820784, 'I_gpe': 1.3263068553877102, 'I_gpi': 2.0957310755283, 'noise_stn_sigma': 7.921302460204501, 'noise_gpe_sigma': 120.92525241064563, 'noise_gpi_sigma': 88.12017832505474, 'g_stn_gpe_mult': 3.325936552990826, 'g_gpe_stn_mult': 0.11114706903021804, 'g_stn_gpi_mult': 2.4210228120335793, 'g_gpe_gpi_mult': 0.8795899636199915}. Best is trial 992 with value: 0.4150729648407687.
[I 2026-05-28 02:29:54,648] Trial 999 finished with value: 0.4620446653504804 and parameters: {'ISTN': 60.61454764056273, 'I_gpe': 1.3313370925743804, 'I_gpi': 1.9983819375146037, 'noise_stn_sigma': 7.926085239168158, 'noise_gpe_sigma': 120.94403663427705, 'noise_gpi_sigma': 86.77918571018168, 'g_stn_gpe_mult': 3.2152786618630467, 'g_gpe_stn_mult': 0.11038244230281005, 'g_stn_gpi_mult': 2.4319739756034306, 'g_gpe_gpi_mult': 0.853757912813774}. Best is trial 992 with value: 0.4150729648407687.
Condition: weights_equal_weights
Seed: 42, Trials: 1000
Bounds:
  ISTN: [60.0, 150.0]
  I_gpe: [0.5, 4.0]
  I_gpi: [1.0, 5.0]
  noise_stn_sigma: [1.0, 8.0]
  noise_gpe_sigma: [20.0, 150.0]
  noise_gpi_sigma: [20.0, 150.0]
  g_stn_gpe_mult: [1.5, 5.0]
  g_gpe_stn_mult: [0.1, 0.8]
  g_stn_gpi_mult: [1.0, 4.0]
  g_gpe_gpi_mult: [0.2, 1.2]
Weights: {'rate': 1.0, 'cv': 1.0, 'beta': 1.0}
JAX devices: [CudaDevice(id=0)]

Building simulator...
Warming up JIT...
JIT ready.


============================================================
DONE: weights_equal_weights (seed=42)
  Time: 16.8 min
  Best loss: 0.4151
  STN: 30.6 Hz (target 27.5)
  GPe: 44.6 Hz (target 42.5)
  GPi: 82.4 Hz (target 82.5)
  GPe beta: 23.8%
  STN beta: 38.2%
  Synaptic multipliers:
    g_stn_gpe_mult: 3.364
    g_gpe_stn_mult: 0.116
    g_stn_gpi_mult: 2.387
    g_gpe_gpi_mult: 0.884
  Saved: results/sensitivity/weights/equal_weights.pkl
