[I 2026-05-28 02:30:51,479] Trial 44 finished with value: 14.080508108790474 and parameters: {'ISTN': 69.85340202611624, 'I_gpe': 1.0754145199781204, 'I_gpi': 1.1332606819811877, 'noise_stn_sigma': 4.728211709624009, 'noise_gpe_sigma': 121.65521744894262, 'noise_gpi_sigma': 105.62773682424232, 'g_stn_gpe_mult': 4.910829430398677, 'g_gpe_stn_mult': 0.43729238390109604, 'g_stn_gpi_mult': 2.984016598095571, 'g_gpe_gpi_mult': 0.41214453190841577}. Best is trial 4 with value: 4.741816883624681.
[I 2026-05-28 02:30:52,488] Trial 45 finished with value: 10.844579674640492 and parameters: {'ISTN': 65.56958587050576, 'I_gpe': 1.4610756161741079, 'I_gpi': 1.8983043689393542, 'noise_stn_sigma': 5.5788968033269635, 'noise_gpe_sigma': 88.28891074121262, 'noise_gpi_sigma': 121.96444673711234, 'g_stn_gpe_mult': 3.484638113255236, 'g_gpe_stn_mult': 0.34780195607493747, 'g_stn_gpi_mult': 1.8964422016663272, 'g_gpe_gpi_mult': 0.7225083600556932}. Best is trial 4 with value: 4.741816883624681.
[I 2026-05-28 02:30:53,494] Trial 46 finished with value: 3.3031483520587828 and parameters: {'ISTN': 65.49466723524723, 'I_gpe': 0.6314832447530463, 'I_gpi': 2.4760738186753897, 'noise_stn_sigma': 5.057000120922079, 'noise_gpe_sigma': 82.40224149120266, 'noise_gpi_sigma': 102.18324664207316, 'g_stn_gpe_mult': 4.290740727983225, 'g_gpe_stn_mult': 0.18816071052918504, 'g_stn_gpi_mult': 3.0651015849088514, 'g_gpe_gpi_mult': 0.6750926329237792}. Best is trial 46 with value: 3.3031483520587828.
[I 2026-05-28 02:30:54,501] Trial 47 finished with value: 15.693584404466034 and parameters: {'ISTN': 84.6443607303125, 'I_gpe': 1.20808112174627, 'I_gpi': 2.21243638691954, 'noise_stn_sigma': 4.095188501692891, 'noise_gpe_sigma': 87.06268916148285, 'noise_gpi_sigma': 114.46846388195058, 'g_stn_gpe_mult': 4.483747264162734, 'g_gpe_stn_mult': 0.17240251433067227, 'g_stn_gpi_mult': 2.88788106947079, 'g_gpe_gpi_mult': 0.6153560974201133}. Best is trial 46 with value: 3.3031483520587828.
[I 2026-05-28 02:30:55,508] Trial 48 finished with value: 12.333379278969675 and parameters: {'ISTN': 74.31442371324863, 'I_gpe': 1.0549577395209595, 'I_gpi': 1.9408764770092055, 'noise_stn_sigma': 4.438492789285998, 'noise_gpe_sigma': 109.54044823180283, 'noise_gpi_sigma': 111.65061343474387, 'g_stn_gpe_mult': 4.565260189739718, 'g_gpe_stn_mult': 0.33687426658086456, 'g_stn_gpi_mult': 1.575341481782661, 'g_gpe_gpi_mult': 0.6562713956060624}. Best is trial 46 with value: 3.3031483520587828.
[I 2026-05-28 02:30:56,517] Trial 49 finished with value: 15.545601658970437 and parameters: {'ISTN': 75.09336662676732, 'I_gpe': 0.8546443841623703, 'I_gpi': 3.590667053526122, 'noise_stn_sigma': 1.9660489511003787, 'noise_gpe_sigma': 76.56575055060266, 'noise_gpi_sigma': 119.87265174386927, 'g_stn_gpe_mult': 4.621217279309631, 'g_gpe_stn_mult': 0.1920430752472918, 'g_stn_gpi_mult': 2.0755451842681683, 'g_gpe_gpi_mult': 0.9907259975370966}. Best is trial 46 with value: 3.3031483520587828.
[I 2026-05-28 02:30:57,525] Trial 50 finished with value: 12.97041723615343 and parameters: {'ISTN': 73.64707665225959, 'I_gpe': 0.7344356696940628, 'I_gpi': 1.755243118799095, 'noise_stn_sigma': 5.260622837504885, 'noise_gpe_sigma': 129.40953623356324, 'noise_gpi_sigma': 123.80496623399026, 'g_stn_gpe_mult': 4.18580812767958, 'g_gpe_stn_mult': 0.19356103110976236, 'g_stn_gpi_mult': 2.3771827891026898, 'g_gpe_gpi_mult': 0.7729320862531959}. Best is trial 46 with value: 3.3031483520587828.
[I 2026-05-28 02:30:58,534] Trial 51 finished with value: 17.101309685784393 and parameters: {'ISTN': 83.21969823938201, 'I_gpe': 1.4755661519542287, 'I_gpi': 2.5930900503004146, 'noise_stn_sigma': 4.6333639156832085, 'noise_gpe_sigma': 62.74906773381895, 'noise_gpi_sigma': 106.38235263881401, 'g_stn_gpe_mult': 3.049736976292589, 'g_gpe_stn_mult': 0.3829249199077661, 'g_stn_gpi_mult': 1.1847368982163042, 'g_gpe_gpi_mult': 0.849373289086816}. Best is trial 46 with value: 3.3031483520587828.
[I 2026-05-28 02:30:59,543] Trial 52 finished with value: 11.375689066427096 and parameters: {'ISTN': 73.93343272835611, 'I_gpe': 0.8025032679806796, 'I_gpi': 2.277812491300186, 'noise_stn_sigma': 7.4641038214066135, 'noise_gpe_sigma': 125.87621186466161, 'noise_gpi_sigma': 124.22372118960128, 'g_stn_gpe_mult': 4.105085479012132, 'g_gpe_stn_mult': 0.41879298167235934, 'g_stn_gpi_mult': 2.889645867457064, 'g_gpe_gpi_mult': 0.603068082483411}. Best is trial 46 with value: 3.3031483520587828.
[I 2026-05-28 02:31:00,551] Trial 53 finished with value: 12.71605961029362 and parameters: {'ISTN': 81.39610328536665, 'I_gpe': 1.226091750955841, 'I_gpi': 3.019095944761439, 'noise_stn_sigma': 3.385747187641799, 'noise_gpe_sigma': 100.77460839665741, 'noise_gpi_sigma': 106.38579581751395, 'g_stn_gpe_mult': 2.829136237305166, 'g_gpe_stn_mult': 0.15855066164110707, 'g_stn_gpi_mult': 2.79141171209475, 'g_gpe_gpi_mult': 0.41294393458920775}. Best is trial 46 with value: 3.3031483520587828.
[I 2026-05-28 02:31:01,558] Trial 54 finished with value: 12.812123432425254 and parameters: {'ISTN': 75.6012068221485, 'I_gpe': 0.680581598136675, 'I_gpi': 1.9905947870365914, 'noise_stn_sigma': 4.792283567263691, 'noise_gpe_sigma': 128.13823306215596, 'noise_gpi_sigma': 130.73228052743542, 'g_stn_gpe_mult': 3.6374686746328955, 'g_gpe_stn_mult': 0.41243863688157556, 'g_stn_gpi_mult': 2.4486506955170415, 'g_gpe_gpi_mult': 0.7049185907973667}. Best is trial 46 with value: 3.3031483520587828.
[I 2026-05-28 02:31:02,564] Trial 55 finished with value: 15.056528023012543 and parameters: {'ISTN': 83.72856198667577, 'I_gpe': 1.0509481211793974, 'I_gpi': 2.220932572729201, 'noise_stn_sigma': 5.67755008060984, 'noise_gpe_sigma': 94.59234709425756, 'noise_gpi_sigma': 113.40339060961308, 'g_stn_gpe_mult': 4.897547068678456, 'g_gpe_stn_mult': 0.19435047734481675, 'g_stn_gpi_mult': 1.6414867602234773, 'g_gpe_gpi_mult': 0.8548833382158667}. Best is trial 46 with value: 3.3031483520587828.
[I 2026-05-28 02:31:03,572] Trial 56 finished with value: 14.588889313156736 and parameters: {'ISTN': 67.02178031812552, 'I_gpe': 0.9118236827801178, 'I_gpi': 2.4558987390004186, 'noise_stn_sigma': 4.908720943584686, 'noise_gpe_sigma': 73.37910894779532, 'noise_gpi_sigma': 117.92314171355879, 'g_stn_gpe_mult': 4.719732700647523, 'g_gpe_stn_mult': 0.30111831511040466, 'g_stn_gpi_mult': 2.918962465597038, 'g_gpe_gpi_mult': 0.8830478805575472}. Best is trial 46 with value: 3.3031483520587828.
[I 2026-05-28 02:31:04,579] Trial 57 finished with value: 6.85132636890007 and parameters: {'ISTN': 62.14868841054232, 'I_gpe': 0.98794392204961, 'I_gpi': 2.678210424529345, 'noise_stn_sigma': 6.821087320258958, 'noise_gpe_sigma': 86.43736894593083, 'noise_gpi_sigma': 101.59516339328073, 'g_stn_gpe_mult': 3.1928167270262695, 'g_gpe_stn_mult': 0.2402005653957064, 'g_stn_gpi_mult': 2.236645013852592, 'g_gpe_gpi_mult': 1.0082802567407347}. Best is trial 46 with value: 3.3031483520587828.
[I 2026-05-28 02:31:05,588] Trial 58 finished with value: 12.986554165933445 and parameters: {'ISTN': 77.83830000699848, 'I_gpe': 1.1543003013434223, 'I_gpi': 2.5549899151146125, 'noise_stn_sigma': 4.14771075720525, 'noise_gpe_sigma': 54.11851871887278, 'noise_gpi_sigma': 123.23166121108603, 'g_stn_gpe_mult': 2.889558022705532, 'g_gpe_stn_mult': 0.18531484249180002, 'g_stn_gpi_mult': 1.3904548391066336, 'g_gpe_gpi_mult': 0.7734390118839432}. Best is trial 46 with value: 3.3031483520587828.
[I 2026-05-28 02:31:06,594] Trial 59 finished with value: 10.951723371681291 and parameters: {'ISTN': 76.54920448415515, 'I_gpe': 1.1184211773933452, 'I_gpi': 2.439302733874419, 'noise_stn_sigma': 5.4841801071648355, 'noise_gpe_sigma': 75.54706711333934, 'noise_gpi_sigma': 94.82739814572996, 'g_stn_gpe_mult': 3.8484384713819586, 'g_gpe_stn_mult': 0.28259876664694883, 'g_stn_gpi_mult': 2.0785932691705757, 'g_gpe_gpi_mult': 0.980557526013742}. Best is trial 46 with value: 3.3031483520587828.
[I 2026-05-28 02:31:07,601] Trial 60 finished with value: 14.34172532651088 and parameters: {'ISTN': 72.46365565716704, 'I_gpe': 1.4215359905514862, 'I_gpi': 1.6872610651671502, 'noise_stn_sigma': 3.766459541659416, 'noise_gpe_sigma': 63.63031355854576, 'noise_gpi_sigma': 66.45247112003275, 'g_stn_gpe_mult': 4.496907731575498, 'g_gpe_stn_mult': 0.2241220416111312, 'g_stn_gpi_mult': 2.631774416948373, 'g_gpe_gpi_mult': 0.9682981291944506}. Best is trial 46 with value: 3.3031483520587828.
[I 2026-05-28 02:31:08,612] Trial 61 finished with value: 13.571750115323965 and parameters: {'ISTN': 92.00678868302575, 'I_gpe': 1.2496769871490963, 'I_gpi': 3.0483457580523, 'noise_stn_sigma': 7.067903513298346, 'noise_gpe_sigma': 70.86695567765236, 'noise_gpi_sigma': 97.08385179041373, 'g_stn_gpe_mult': 3.1841474351679655, 'g_gpe_stn_mult': 0.32812348129635766, 'g_stn_gpi_mult': 2.200441944444301, 'g_gpe_gpi_mult': 0.7379133233032555}. Best is trial 46 with value: 3.3031483520587828.
[I 2026-05-28 02:31:09,620] Trial 62 finished with value: 18.362553961454214 and parameters: {'ISTN': 97.59457623850506, 'I_gpe': 1.3642768183683303, 'I_gpi': 2.884491026093071, 'noise_stn_sigma': 4.632735137420463, 'noise_gpe_sigma': 85.2246248152551, 'noise_gpi_sigma': 100.59463546666726, 'g_stn_gpe_mult': 2.8411985535201802, 'g_gpe_stn_mult': 0.3060419699783467, 'g_stn_gpi_mult': 2.179029594447294, 'g_gpe_gpi_mult': 0.8977849710608117}. Best is trial 46 with value: 3.3031483520587828.
[I 2026-05-28 02:31:10,627] Trial 63 finished with value: 1.3259706516117515 and parameters: {'ISTN': 67.06349656072894, 'I_gpe': 1.2710780685812182, 'I_gpi': 2.7639559791020596, 'noise_stn_sigma': 4.836811287297021, 'noise_gpe_sigma': 75.64937719125288, 'noise_gpi_sigma': 102.34412239559371, 'g_stn_gpe_mult': 3.2946170571581606, 'g_gpe_stn_mult': 0.14355879695624, 'g_stn_gpi_mult': 2.523432610154861, 'g_gpe_gpi_mult': 0.777888672751047}. Best is trial 63 with value: 1.3259706516117515.
[I 2026-05-28 02:31:11,634] Trial 64 finished with value: 15.852409780221304 and parameters: {'ISTN': 87.9857631587139, 'I_gpe': 0.5860472304563558, 'I_gpi': 1.720215524888144, 'noise_stn_sigma': 4.607657097986108, 'noise_gpe_sigma': 77.54457642062448, 'noise_gpi_sigma': 140.15802423399046, 'g_stn_gpe_mult': 4.633621446443503, 'g_gpe_stn_mult': 0.3413589516640834, 'g_stn_gpi_mult': 2.1508311232580866, 'g_gpe_gpi_mult': 1.17348013361191}. Best is trial 63 with value: 1.3259706516117515.
[I 2026-05-28 02:31:12,642] Trial 65 finished with value: 8.12902127563004 and parameters: {'ISTN': 70.5007318864734, 'I_gpe': 1.577860636283751, 'I_gpi': 2.4502195086505685, 'noise_stn_sigma': 5.676736863251865, 'noise_gpe_sigma': 125.48819967838855, 'noise_gpi_sigma': 107.37137181089422, 'g_stn_gpe_mult': 3.396686577608909, 'g_gpe_stn_mult': 0.2831682854061006, 'g_stn_gpi_mult': 2.6689313946847877, 'g_gpe_gpi_mult': 1.1212078976272517}. Best is trial 63 with value: 1.3259706516117515.
[I 2026-05-28 02:31:13,649] Trial 66 finished with value: 12.942459805867266 and parameters: {'ISTN': 92.37641397317765, 'I_gpe': 0.6383854234759985, 'I_gpi': 3.115620712515833, 'noise_stn_sigma': 6.525782908700123, 'noise_gpe_sigma': 137.65493707219866, 'noise_gpi_sigma': 123.09499525598157, 'g_stn_gpe_mult': 2.951358329848521, 'g_gpe_stn_mult': 0.3074436899417753, 'g_stn_gpi_mult': 1.8895337298175607, 'g_gpe_gpi_mult': 1.0856329418447124}. Best is trial 63 with value: 1.3259706516117515.
[I 2026-05-28 02:31:14,654] Trial 67 finished with value: 10.577875888899726 and parameters: {'ISTN': 67.60971739079481, 'I_gpe': 0.8407206471019064, 'I_gpi': 2.0927126171458195, 'noise_stn_sigma': 5.871964670998512, 'noise_gpe_sigma': 117.86712349397293, 'noise_gpi_sigma': 126.08761225590088, 'g_stn_gpe_mult': 3.472366448670886, 'g_gpe_stn_mult': 0.3372493801483869, 'g_stn_gpi_mult': 1.8432504313025029, 'g_gpe_gpi_mult': 1.1382494036437025}. Best is trial 63 with value: 1.3259706516117515.
[I 2026-05-28 02:31:15,600] Trial 68 finished with value: 1000000.0 and parameters: {'ISTN': 87.0683156976591, 'I_gpe': 2.788621057188101, 'I_gpi': 2.6504318209476025, 'noise_stn_sigma': 4.6384109587220115, 'noise_gpe_sigma': 55.1457148228883, 'noise_gpi_sigma': 90.33560172802787, 'g_stn_gpe_mult': 4.033764778110425, 'g_gpe_stn_mult': 0.45637796722099433, 'g_stn_gpi_mult': 2.2433797738498438, 'g_gpe_gpi_mult': 0.6133682897324679}. Best is trial 63 with value: 1.3259706516117515.
[I 2026-05-28 02:31:16,607] Trial 69 finished with value: 12.085382619381551 and parameters: {'ISTN': 89.31083143713619, 'I_gpe': 1.0168665173376423, 'I_gpi': 2.29785958891007, 'noise_stn_sigma': 7.846283617311129, 'noise_gpe_sigma': 115.12391825561869, 'noise_gpi_sigma': 81.09879613162215, 'g_stn_gpe_mult': 4.087999679216609, 'g_gpe_stn_mult': 0.3574005488114841, 'g_stn_gpi_mult': 1.8531414619591613, 'g_gpe_gpi_mult': 1.0122941731358972}. Best is trial 63 with value: 1.3259706516117515.
[I 2026-05-28 02:31:17,613] Trial 70 finished with value: 9.72127774615667 and parameters: {'ISTN': 65.79578703977114, 'I_gpe': 0.5262858517855858, 'I_gpi': 3.0064466548152833, 'noise_stn_sigma': 7.125493645653631, 'noise_gpe_sigma': 63.113920238958215, 'noise_gpi_sigma': 98.91994989146282, 'g_stn_gpe_mult': 3.6585611815660357, 'g_gpe_stn_mult': 0.2636430621617769, 'g_stn_gpi_mult': 2.566955076407779, 'g_gpe_gpi_mult': 1.0761672822214585}. Best is trial 63 with value: 1.3259706516117515.
[I 2026-05-28 02:31:18,621] Trial 71 finished with value: 9.826859348960282 and parameters: {'ISTN': 90.71765766793966, 'I_gpe': 0.6459626137751571, 'I_gpi': 2.325028105735024, 'noise_stn_sigma': 7.355040771622676, 'noise_gpe_sigma': 102.62982257689599, 'noise_gpi_sigma': 113.13410364286796, 'g_stn_gpe_mult': 3.5667618268900694, 'g_gpe_stn_mult': 0.2862425550763184, 'g_stn_gpi_mult': 3.3220950078640175, 'g_gpe_gpi_mult': 0.9658525383871477}. Best is trial 63 with value: 1.3259706516117515.
[I 2026-05-28 02:31:19,629] Trial 72 finished with value: 16.46959234918056 and parameters: {'ISTN': 84.4519279864261, 'I_gpe': 1.9076118172075924, 'I_gpi': 2.475595203649503, 'noise_stn_sigma': 4.7874149807712305, 'noise_gpe_sigma': 85.95726070152136, 'noise_gpi_sigma': 81.62205726579208, 'g_stn_gpe_mult': 2.8377915629517956, 'g_gpe_stn_mult': 0.34653936479348885, 'g_stn_gpi_mult': 2.275918684964759, 'g_gpe_gpi_mult': 1.009182498722148}. Best is trial 63 with value: 1.3259706516117515.
[I 2026-05-28 02:31:20,638] Trial 73 finished with value: 11.337613059902324 and parameters: {'ISTN': 79.71086314844077, 'I_gpe': 1.1998807027412406, 'I_gpi': 1.9132840544159047, 'noise_stn_sigma': 4.545031921277451, 'noise_gpe_sigma': 88.14628613320744, 'noise_gpi_sigma': 109.63713079186623, 'g_stn_gpe_mult': 2.373433948732245, 'g_gpe_stn_mult': 0.2608820507494888, 'g_stn_gpi_mult': 2.257640837396935, 'g_gpe_gpi_mult': 1.078941881510231}. Best is trial 63 with value: 1.3259706516117515.
[I 2026-05-28 02:31:21,646] Trial 74 finished with value: 12.990288090884857 and parameters: {'ISTN': 76.45289971397074, 'I_gpe': 0.9930679000372201, 'I_gpi': 3.52822848212242, 'noise_stn_sigma': 6.232358145117324, 'noise_gpe_sigma': 106.43703718229912, 'noise_gpi_sigma': 146.72104950948022, 'g_stn_gpe_mult': 3.5808185740642173, 'g_gpe_stn_mult': 0.15321883170775516, 'g_stn_gpi_mult': 2.708979528190613, 'g_gpe_gpi_mult': 1.1595638821408325}. Best is trial 63 with value: 1.3259706516117515.
[I 2026-05-28 02:31:22,654] Trial 75 finished with value: 18.89026712480164 and parameters: {'ISTN': 94.73209078255317, 'I_gpe': 1.6515878650293097, 'I_gpi': 1.666170481094964, 'noise_stn_sigma': 7.202021202882854, 'noise_gpe_sigma': 66.58492528192703, 'noise_gpi_sigma': 117.2842538047123, 'g_stn_gpe_mult': 4.438555740571042, 'g_gpe_stn_mult': 0.34278410619533345, 'g_stn_gpi_mult': 2.40853242501132, 'g_gpe_gpi_mult': 0.9573077727629842}. Best is trial 63 with value: 1.3259706516117515.
[I 2026-05-28 02:31:23,663] Trial 76 finished with value: 8.752241345551486 and parameters: {'ISTN': 78.42164425524498, 'I_gpe': 0.7629734271985089, 'I_gpi': 2.1808289245848593, 'noise_stn_sigma': 6.3405076439679755, 'noise_gpe_sigma': 122.35774169568857, 'noise_gpi_sigma': 147.59392037913344, 'g_stn_gpe_mult': 3.1117206490971236, 'g_gpe_stn_mult': 0.19902380409873904, 'g_stn_gpi_mult': 2.848560213068201, 'g_gpe_gpi_mult': 0.9136924771079569}. Best is trial 63 with value: 1.3259706516117515.
[I 2026-05-28 02:31:24,672] Trial 77 finished with value: 7.982466672439534 and parameters: {'ISTN': 65.0017088370379, 'I_gpe': 1.2833081433339726, 'I_gpi': 2.71054869745077, 'noise_stn_sigma': 6.033997286946144, 'noise_gpe_sigma': 78.5205717990766, 'noise_gpi_sigma': 101.77754341401219, 'g_stn_gpe_mult': 3.6416120315260723, 'g_gpe_stn_mult': 0.19529970841102468, 'g_stn_gpi_mult': 2.5411943366368552, 'g_gpe_gpi_mult': 1.0851678184651874}. Best is trial 63 with value: 1.3259706516117515.
[I 2026-05-28 02:31:25,680] Trial 78 finished with value: 9.978166706285675 and parameters: {'ISTN': 70.6282022184462, 'I_gpe': 2.4706119356975123, 'I_gpi': 2.244898547268713, 'noise_stn_sigma': 6.737126294354533, 'noise_gpe_sigma': 103.7176394325766, 'noise_gpi_sigma': 96.46881578794252, 'g_stn_gpe_mult': 3.4371175188579235, 'g_gpe_stn_mult': 0.25983638136502407, 'g_stn_gpi_mult': 2.8257631297061376, 'g_gpe_gpi_mult': 1.0609918390770718}. Best is trial 63 with value: 1.3259706516117515.
[I 2026-05-28 02:31:26,686] Trial 79 finished with value: 3.414762974152039 and parameters: {'ISTN': 68.08936724781495, 'I_gpe': 1.2926143157676668, 'I_gpi': 2.8892803311302675, 'noise_stn_sigma': 6.568931769675732, 'noise_gpe_sigma': 89.98757768458769, 'noise_gpi_sigma': 104.75439566359326, 'g_stn_gpe_mult': 2.855835009383676, 'g_gpe_stn_mult': 0.22154763716569775, 'g_stn_gpi_mult': 1.605534717602807, 'g_gpe_gpi_mult': 1.0618886145686433}. Best is trial 63 with value: 1.3259706516117515.
[I 2026-05-28 02:31:27,694] Trial 80 finished with value: 6.604113952323006 and parameters: {'ISTN': 71.03329470996306, 'I_gpe': 0.6716591430266987, 'I_gpi': 3.250200094856953, 'noise_stn_sigma': 3.154179783006522, 'noise_gpe_sigma': 97.26879583617384, 'noise_gpi_sigma': 109.48224234894212, 'g_stn_gpe_mult': 3.6511262679621423, 'g_gpe_stn_mult': 0.1501424282119915, 'g_stn_gpi_mult': 2.2303567132694524, 'g_gpe_gpi_mult': 0.8261065570247168}. Best is trial 63 with value: 1.3259706516117515.
[I 2026-05-28 02:31:28,703] Trial 81 finished with value: 4.41434878095824 and parameters: {'ISTN': 75.20446067189704, 'I_gpe': 0.8397702576974464, 'I_gpi': 3.503011156140164, 'noise_stn_sigma': 5.743511439550932, 'noise_gpe_sigma': 106.0324576462744, 'noise_gpi_sigma': 118.46454101210553, 'g_stn_gpe_mult': 2.967546299804015, 'g_gpe_stn_mult': 0.24922192326877382, 'g_stn_gpi_mult': 2.0181886449236117, 'g_gpe_gpi_mult': 1.0359916378709102}. Best is trial 63 with value: 1.3259706516117515.
[I 2026-05-28 02:31:29,710] Trial 82 finished with value: 13.251687890945309 and parameters: {'ISTN': 77.08367413291626, 'I_gpe': 1.7258491339788096, 'I_gpi': 2.0208793331970503, 'noise_stn_sigma': 6.850255079359037, 'noise_gpe_sigma': 103.16589466517586, 'noise_gpi_sigma': 147.31356001681894, 'g_stn_gpe_mult': 3.1096643224702216, 'g_gpe_stn_mult': 0.2494087401430245, 'g_stn_gpi_mult': 2.4517387647537454, 'g_gpe_gpi_mult': 0.8531504481736885}. Best is trial 63 with value: 1.3259706516117515.
[I 2026-05-28 02:31:30,718] Trial 83 finished with value: 10.70610388740834 and parameters: {'ISTN': 72.12657776277887, 'I_gpe': 1.2269314121005201, 'I_gpi': 3.750691640413923, 'noise_stn_sigma': 7.912831422963558, 'noise_gpe_sigma': 80.3758219971526, 'noise_gpi_sigma': 116.18938986184845, 'g_stn_gpe_mult': 3.175392713598657, 'g_gpe_stn_mult': 0.2405525505916971, 'g_stn_gpi_mult': 2.7183915242183914, 'g_gpe_gpi_mult': 1.0490640118388643}. Best is trial 63 with value: 1.3259706516117515.
[I 2026-05-28 02:31:31,727] Trial 84 finished with value: 14.83687053152782 and parameters: {'ISTN': 75.28097373308519, 'I_gpe': 0.9196328442913498, 'I_gpi': 3.309747068967963, 'noise_stn_sigma': 5.574294703213018, 'noise_gpe_sigma': 97.22086991305235, 'noise_gpi_sigma': 97.60375399793229, 'g_stn_gpe_mult': 3.064650556104818, 'g_gpe_stn_mult': 0.4202876946315546, 'g_stn_gpi_mult': 2.3696022576103752, 'g_gpe_gpi_mult': 0.8305796174248812}. Best is trial 63 with value: 1.3259706516117515.
[I 2026-05-28 02:31:32,736] Trial 85 finished with value: 11.688438459980384 and parameters: {'ISTN': 71.58930292954186, 'I_gpe': 0.9019250166678094, 'I_gpi': 3.177841067782578, 'noise_stn_sigma': 6.478584689716742, 'noise_gpe_sigma': 115.16917776765816, 'noise_gpi_sigma': 98.79025209764889, 'g_stn_gpe_mult': 3.2594805238399567, 'g_gpe_stn_mult': 0.10698285495968683, 'g_stn_gpi_mult': 2.947132608667218, 'g_gpe_gpi_mult': 0.8940361997746897}. Best is trial 63 with value: 1.3259706516117515.
[I 2026-05-28 02:31:33,746] Trial 86 finished with value: 14.178479594873199 and parameters: {'ISTN': 86.89122341057497, 'I_gpe': 1.0945891036995585, 'I_gpi': 2.314475138325255, 'noise_stn_sigma': 5.863710353973116, 'noise_gpe_sigma': 75.0637995157839, 'noise_gpi_sigma': 99.12164104510433, 'g_stn_gpe_mult': 3.9234627241829587, 'g_gpe_stn_mult': 0.23519296259526534, 'g_stn_gpi_mult': 1.9762394708371964, 'g_gpe_gpi_mult': 0.8141896651124034}. Best is trial 63 with value: 1.3259706516117515.
[I 2026-05-28 02:31:34,753] Trial 87 finished with value: 10.237563597424947 and parameters: {'ISTN': 71.83267982055047, 'I_gpe': 1.0243079881378803, 'I_gpi': 2.453779948399726, 'noise_stn_sigma': 5.121916903105561, 'noise_gpe_sigma': 92.5025010102626, 'noise_gpi_sigma': 115.67747504047391, 'g_stn_gpe_mult': 3.572700448328826, 'g_gpe_stn_mult': 0.19766837219366393, 'g_stn_gpi_mult': 1.9732982856763828, 'g_gpe_gpi_mult': 0.8621017928511809}. Best is trial 63 with value: 1.3259706516117515.
