[I 2026-05-28 02:37:25,252] Trial 435 finished with value: 0.06809015817319619 and parameters: {'ISTN': 61.17103638896138, 'I_gpe': 1.0999735659651586, 'I_gpi': 1.8871678329627766, 'noise_stn_sigma': 1.213696609876094, 'noise_gpe_sigma': 141.80549535928162, 'noise_gpi_sigma': 131.46614881065005, 'g_stn_gpe_mult': 2.3375869921449155, 'g_gpe_stn_mult': 0.18662713746434081, 'g_stn_gpi_mult': 1.3608191340050095, 'g_gpe_gpi_mult': 0.8986176932751864}. Best is trial 362 with value: 0.015633730997166383.
[I 2026-05-28 02:37:26,259] Trial 436 finished with value: 0.03671219770988723 and parameters: {'ISTN': 62.713242446000194, 'I_gpe': 1.2128298798252182, 'I_gpi': 2.1652502324290888, 'noise_stn_sigma': 1.2646100462437617, 'noise_gpe_sigma': 124.06404081774615, 'noise_gpi_sigma': 133.1517249119749, 'g_stn_gpe_mult': 2.4412322041565266, 'g_gpe_stn_mult': 0.16407461505891305, 'g_stn_gpi_mult': 1.4562964299457573, 'g_gpe_gpi_mult': 0.8659990568678382}. Best is trial 362 with value: 0.015633730997166383.
[I 2026-05-28 02:37:27,269] Trial 437 finished with value: 0.8846541271137494 and parameters: {'ISTN': 61.787718347687196, 'I_gpe': 1.1921434778040356, 'I_gpi': 2.224757188361567, 'noise_stn_sigma': 1.4108594423929068, 'noise_gpe_sigma': 135.88611873983797, 'noise_gpi_sigma': 131.85862118098999, 'g_stn_gpe_mult': 2.4971627574495407, 'g_gpe_stn_mult': 0.12983858125536862, 'g_stn_gpi_mult': 1.3877962049944823, 'g_gpe_gpi_mult': 0.9504107606722532}. Best is trial 362 with value: 0.015633730997166383.
[I 2026-05-28 02:37:28,279] Trial 438 finished with value: 0.034606230740813114 and parameters: {'ISTN': 62.347888919431526, 'I_gpe': 1.0659603692183008, 'I_gpi': 2.158756913895756, 'noise_stn_sigma': 1.6522523776868192, 'noise_gpe_sigma': 143.563403453661, 'noise_gpi_sigma': 140.68763440760625, 'g_stn_gpe_mult': 2.300710103640147, 'g_gpe_stn_mult': 0.15790229372537853, 'g_stn_gpi_mult': 1.4320930226548625, 'g_gpe_gpi_mult': 0.8545931395194668}. Best is trial 362 with value: 0.015633730997166383.
[I 2026-05-28 02:37:29,287] Trial 439 finished with value: 0.021583873769876024 and parameters: {'ISTN': 61.41297128162047, 'I_gpe': 0.9435998170969012, 'I_gpi': 2.2843493793931993, 'noise_stn_sigma': 1.6918265586093701, 'noise_gpe_sigma': 138.1202658385273, 'noise_gpi_sigma': 136.32935417560702, 'g_stn_gpe_mult': 2.4492207395658765, 'g_gpe_stn_mult': 0.16621259463009697, 'g_stn_gpi_mult': 1.2534682157543275, 'g_gpe_gpi_mult': 0.9067570541859846}. Best is trial 362 with value: 0.015633730997166383.
[I 2026-05-28 02:37:30,293] Trial 440 finished with value: 0.19464209761401144 and parameters: {'ISTN': 60.89705787075504, 'I_gpe': 1.1890425989189435, 'I_gpi': 1.9629536423205467, 'noise_stn_sigma': 1.747813774399234, 'noise_gpe_sigma': 137.557948228683, 'noise_gpi_sigma': 129.53693160441333, 'g_stn_gpe_mult': 2.2749064930253393, 'g_gpe_stn_mult': 0.1472381176142128, 'g_stn_gpi_mult': 1.4364278651859124, 'g_gpe_gpi_mult': 0.8739364493417505}. Best is trial 362 with value: 0.015633730997166383.
[I 2026-05-28 02:37:31,302] Trial 441 finished with value: 0.04704928392433304 and parameters: {'ISTN': 65.32001301644658, 'I_gpe': 1.1114325178099775, 'I_gpi': 2.1710368438383334, 'noise_stn_sigma': 1.4206553219258398, 'noise_gpe_sigma': 137.92478416073263, 'noise_gpi_sigma': 129.6205555901631, 'g_stn_gpe_mult': 2.2461705568056014, 'g_gpe_stn_mult': 0.14538837601657165, 'g_stn_gpi_mult': 1.3631781611492506, 'g_gpe_gpi_mult': 0.8832810922084038}. Best is trial 362 with value: 0.015633730997166383.
[I 2026-05-28 02:37:32,311] Trial 442 finished with value: 0.028460633086961687 and parameters: {'ISTN': 61.10219202185343, 'I_gpe': 0.913615920674955, 'I_gpi': 2.3946185525905967, 'noise_stn_sigma': 1.650991646744519, 'noise_gpe_sigma': 139.96792681396306, 'noise_gpi_sigma': 142.24113910527691, 'g_stn_gpe_mult': 2.5245590847276693, 'g_gpe_stn_mult': 0.17759667837027737, 'g_stn_gpi_mult': 1.2574526104314345, 'g_gpe_gpi_mult': 0.8475266859007775}. Best is trial 362 with value: 0.015633730997166383.
[I 2026-05-28 02:37:33,320] Trial 443 finished with value: 0.12712627193670578 and parameters: {'ISTN': 64.43221566793191, 'I_gpe': 0.9397254316963667, 'I_gpi': 2.3577917222870046, 'noise_stn_sigma': 1.6908311505410885, 'noise_gpe_sigma': 140.80685939224526, 'noise_gpi_sigma': 143.8903324539529, 'g_stn_gpe_mult': 2.713076743340868, 'g_gpe_stn_mult': 0.1699202969097841, 'g_stn_gpi_mult': 1.1695197876018384, 'g_gpe_gpi_mult': 0.7961468645906868}. Best is trial 362 with value: 0.015633730997166383.
[I 2026-05-28 02:37:34,328] Trial 444 finished with value: 0.32001774139247524 and parameters: {'ISTN': 60.907229053824295, 'I_gpe': 1.2069586736521258, 'I_gpi': 2.253437685275439, 'noise_stn_sigma': 1.1708199042846, 'noise_gpe_sigma': 140.1087930808294, 'noise_gpi_sigma': 143.81176713942205, 'g_stn_gpe_mult': 2.500024088180854, 'g_gpe_stn_mult': 0.1441576798897681, 'g_stn_gpi_mult': 1.206513379237298, 'g_gpe_gpi_mult': 0.8328759732493423}. Best is trial 362 with value: 0.015633730997166383.
[I 2026-05-28 02:37:35,334] Trial 445 finished with value: 0.3610781242885238 and parameters: {'ISTN': 60.49940087145156, 'I_gpe': 1.075199188433276, 'I_gpi': 2.2050313677220164, 'noise_stn_sigma': 1.4462395095163296, 'noise_gpe_sigma': 143.0285019657419, 'noise_gpi_sigma': 142.98318764500095, 'g_stn_gpe_mult': 2.407795215291014, 'g_gpe_stn_mult': 0.1445068899764551, 'g_stn_gpi_mult': 1.4646080804911972, 'g_gpe_gpi_mult': 0.7831481883065416}. Best is trial 362 with value: 0.015633730997166383.
[I 2026-05-28 02:37:36,344] Trial 446 finished with value: 0.048640599033021016 and parameters: {'ISTN': 60.72984609870804, 'I_gpe': 1.1857991105435026, 'I_gpi': 2.033597506672839, 'noise_stn_sigma': 2.370410744235329, 'noise_gpe_sigma': 139.1243353158551, 'noise_gpi_sigma': 144.1730519119485, 'g_stn_gpe_mult': 2.5476702408929883, 'g_gpe_stn_mult': 0.15822976868514355, 'g_stn_gpi_mult': 1.2612194629304954, 'g_gpe_gpi_mult': 0.9062771228800452}. Best is trial 362 with value: 0.015633730997166383.
[I 2026-05-28 02:37:37,355] Trial 447 finished with value: 0.02547426400660778 and parameters: {'ISTN': 60.31524864188321, 'I_gpe': 0.9418346190752338, 'I_gpi': 2.198691766320054, 'noise_stn_sigma': 1.100309221838998, 'noise_gpe_sigma': 140.18987716596408, 'noise_gpi_sigma': 139.73162119929293, 'g_stn_gpe_mult': 2.482687016922264, 'g_gpe_stn_mult': 0.16925168911169958, 'g_stn_gpi_mult': 1.3801130856433454, 'g_gpe_gpi_mult': 0.9343780675898696}. Best is trial 362 with value: 0.015633730997166383.
[I 2026-05-28 02:37:38,363] Trial 448 finished with value: 0.03557427052310816 and parameters: {'ISTN': 62.442923329376875, 'I_gpe': 1.0806360015897596, 'I_gpi': 2.1548572550807816, 'noise_stn_sigma': 1.6879086264619478, 'noise_gpe_sigma': 146.40644672378272, 'noise_gpi_sigma': 134.07178450487254, 'g_stn_gpe_mult': 2.3468501067844576, 'g_gpe_stn_mult': 0.1508370866177518, 'g_stn_gpi_mult': 1.4562209405989452, 'g_gpe_gpi_mult': 0.8306505375914328}. Best is trial 362 with value: 0.015633730997166383.
[I 2026-05-28 02:37:39,371] Trial 449 finished with value: 0.08031407490573864 and parameters: {'ISTN': 63.21573150887248, 'I_gpe': 0.8679798131605292, 'I_gpi': 1.9564289589293586, 'noise_stn_sigma': 1.3509724661286753, 'noise_gpe_sigma': 143.31324122699777, 'noise_gpi_sigma': 142.65860728007888, 'g_stn_gpe_mult': 2.394593095055238, 'g_gpe_stn_mult': 0.1433904881379691, 'g_stn_gpi_mult': 1.1205691421174244, 'g_gpe_gpi_mult': 0.8395320061673928}. Best is trial 362 with value: 0.015633730997166383.
[I 2026-05-28 02:37:40,380] Trial 450 finished with value: 0.05402082165186216 and parameters: {'ISTN': 63.55681213312032, 'I_gpe': 1.2052161966057768, 'I_gpi': 2.230580867246677, 'noise_stn_sigma': 1.6785665008295512, 'noise_gpe_sigma': 143.78396876871207, 'noise_gpi_sigma': 131.45976209525656, 'g_stn_gpe_mult': 2.4614661009466827, 'g_gpe_stn_mult': 0.17682107447474854, 'g_stn_gpi_mult': 1.4335890411636911, 'g_gpe_gpi_mult': 0.8820016041981051}. Best is trial 362 with value: 0.015633730997166383.
[I 2026-05-28 02:37:41,387] Trial 451 finished with value: 0.017581895936417936 and parameters: {'ISTN': 60.80468751686705, 'I_gpe': 1.0768253446184193, 'I_gpi': 2.32296848733525, 'noise_stn_sigma': 1.4933725199641958, 'noise_gpe_sigma': 137.9621755113294, 'noise_gpi_sigma': 129.90194981020807, 'g_stn_gpe_mult': 2.5983094026034768, 'g_gpe_stn_mult': 0.17108835522989355, 'g_stn_gpi_mult': 1.2843743933810523, 'g_gpe_gpi_mult': 0.9332663331934006}. Best is trial 362 with value: 0.015633730997166383.
[I 2026-05-28 02:37:42,393] Trial 452 finished with value: 0.04783385091425657 and parameters: {'ISTN': 62.58178820747847, 'I_gpe': 1.0877889624571844, 'I_gpi': 2.423473076591229, 'noise_stn_sigma': 1.6217785621999656, 'noise_gpe_sigma': 137.39265251948532, 'noise_gpi_sigma': 143.26730527111303, 'g_stn_gpe_mult': 2.552488302355573, 'g_gpe_stn_mult': 0.1681256300833851, 'g_stn_gpi_mult': 1.4928627597972275, 'g_gpe_gpi_mult': 0.8853103429480202}. Best is trial 362 with value: 0.015633730997166383.
[I 2026-05-28 02:37:43,400] Trial 453 finished with value: 0.035840248248078334 and parameters: {'ISTN': 60.02257978925864, 'I_gpe': 0.9271996416628188, 'I_gpi': 2.177420148347734, 'noise_stn_sigma': 1.5363931443493501, 'noise_gpe_sigma': 145.05266789561946, 'noise_gpi_sigma': 136.0666801074875, 'g_stn_gpe_mult': 2.3267525900447477, 'g_gpe_stn_mult': 0.17165064785968132, 'g_stn_gpi_mult': 1.4687365594554782, 'g_gpe_gpi_mult': 0.9162221194235385}. Best is trial 362 with value: 0.015633730997166383.
[I 2026-05-28 02:37:44,408] Trial 454 finished with value: 0.3060726450894763 and parameters: {'ISTN': 61.78755541423702, 'I_gpe': 1.1330041284415509, 'I_gpi': 2.1410532122790578, 'noise_stn_sigma': 1.264407386328842, 'noise_gpe_sigma': 142.79978391337582, 'noise_gpi_sigma': 137.06100833057064, 'g_stn_gpe_mult': 2.4876453400763756, 'g_gpe_stn_mult': 0.13725255140683154, 'g_stn_gpi_mult': 1.5827644192807853, 'g_gpe_gpi_mult': 0.8500715836462918}. Best is trial 362 with value: 0.015633730997166383.
[I 2026-05-28 02:37:45,415] Trial 455 finished with value: 0.048683241865049326 and parameters: {'ISTN': 60.11774023012237, 'I_gpe': 0.9182387361641147, 'I_gpi': 1.9514812921059392, 'noise_stn_sigma': 1.1264461742096286, 'noise_gpe_sigma': 142.81227377229226, 'noise_gpi_sigma': 143.1843225967625, 'g_stn_gpe_mult': 2.3498473011588574, 'g_gpe_stn_mult': 0.18189216550583814, 'g_stn_gpi_mult': 1.3879624021415502, 'g_gpe_gpi_mult': 0.8571640305301247}. Best is trial 362 with value: 0.015633730997166383.
[I 2026-05-28 02:37:46,422] Trial 456 finished with value: 0.025601762865804453 and parameters: {'ISTN': 62.62890721406665, 'I_gpe': 1.1342903055349451, 'I_gpi': 2.368216501224751, 'noise_stn_sigma': 1.2859156086465062, 'noise_gpe_sigma': 142.25597834030128, 'noise_gpi_sigma': 136.32921154056243, 'g_stn_gpe_mult': 2.565800613482148, 'g_gpe_stn_mult': 0.14558089768148655, 'g_stn_gpi_mult': 1.3637679295524614, 'g_gpe_gpi_mult': 0.8367341711275207}. Best is trial 362 with value: 0.015633730997166383.
[I 2026-05-28 02:37:47,430] Trial 457 finished with value: 0.2543080623879846 and parameters: {'ISTN': 61.593530421494435, 'I_gpe': 0.9715369672189792, 'I_gpi': 2.3901613289321726, 'noise_stn_sigma': 1.2880087094744619, 'noise_gpe_sigma': 134.5800613362461, 'noise_gpi_sigma': 140.27187585129647, 'g_stn_gpe_mult': 2.373810975509623, 'g_gpe_stn_mult': 0.13499627313780288, 'g_stn_gpi_mult': 1.3166248384953119, 'g_gpe_gpi_mult': 0.8305292687290147}. Best is trial 362 with value: 0.015633730997166383.
[I 2026-05-28 02:37:48,436] Trial 458 finished with value: 0.027132910118344917 and parameters: {'ISTN': 61.53256120626089, 'I_gpe': 1.0786116639689018, 'I_gpi': 2.3950596456857918, 'noise_stn_sigma': 1.8116963069399135, 'noise_gpe_sigma': 139.92398784935205, 'noise_gpi_sigma': 142.81154753354036, 'g_stn_gpe_mult': 2.3299794286585525, 'g_gpe_stn_mult': 0.15774880965765253, 'g_stn_gpi_mult': 1.264376727010221, 'g_gpe_gpi_mult': 0.9175862996038213}. Best is trial 362 with value: 0.015633730997166383.
[I 2026-05-28 02:37:49,443] Trial 459 finished with value: 0.05084906963251629 and parameters: {'ISTN': 64.06286572342725, 'I_gpe': 0.9019499643780571, 'I_gpi': 2.3628648441481754, 'noise_stn_sigma': 1.602101204401041, 'noise_gpe_sigma': 141.87039015286842, 'noise_gpi_sigma': 141.3989532600475, 'g_stn_gpe_mult': 2.447652502548357, 'g_gpe_stn_mult': 0.15642435567034368, 'g_stn_gpi_mult': 1.316062754018566, 'g_gpe_gpi_mult': 0.8693210805257947}. Best is trial 362 with value: 0.015633730997166383.
[I 2026-05-28 02:37:50,451] Trial 460 finished with value: 0.032352605187531455 and parameters: {'ISTN': 60.004497506833545, 'I_gpe': 0.9097554065139674, 'I_gpi': 2.3806890441079225, 'noise_stn_sigma': 1.4218570209194175, 'noise_gpe_sigma': 143.04805407680703, 'noise_gpi_sigma': 142.02309249718246, 'g_stn_gpe_mult': 2.5132233460948106, 'g_gpe_stn_mult': 0.1744025580747235, 'g_stn_gpi_mult': 1.308380051363583, 'g_gpe_gpi_mult': 0.8920405446599924}. Best is trial 362 with value: 0.015633730997166383.
[I 2026-05-28 02:37:51,460] Trial 461 finished with value: 0.030824111709523382 and parameters: {'ISTN': 61.05220933337185, 'I_gpe': 1.0065889313079577, 'I_gpi': 2.265155193515364, 'noise_stn_sigma': 1.7727236798403123, 'noise_gpe_sigma': 143.82386194591152, 'noise_gpi_sigma': 131.14283153799448, 'g_stn_gpe_mult': 2.536578920328588, 'g_gpe_stn_mult': 0.14748295032474856, 'g_stn_gpi_mult': 1.4090523424075903, 'g_gpe_gpi_mult': 0.9061381591382685}. Best is trial 362 with value: 0.015633730997166383.
[I 2026-05-28 02:37:52,467] Trial 462 finished with value: 0.04163654185332318 and parameters: {'ISTN': 62.9947247611916, 'I_gpe': 1.0812459918423674, 'I_gpi': 2.425052261633986, 'noise_stn_sigma': 1.7223258079615278, 'noise_gpe_sigma': 144.519492112126, 'noise_gpi_sigma': 135.90142333300892, 'g_stn_gpe_mult': 2.573262951130825, 'g_gpe_stn_mult': 0.13755835307976158, 'g_stn_gpi_mult': 1.3642279461253888, 'g_gpe_gpi_mult': 0.8760655939823552}. Best is trial 362 with value: 0.015633730997166383.
[I 2026-05-28 02:37:53,473] Trial 463 finished with value: 0.05216137454179092 and parameters: {'ISTN': 65.23925027997977, 'I_gpe': 1.0010939414127664, 'I_gpi': 2.317689957124136, 'noise_stn_sigma': 1.6559248516930545, 'noise_gpe_sigma': 137.4567864712373, 'noise_gpi_sigma': 134.89347141077985, 'g_stn_gpe_mult': 2.4562631048514056, 'g_gpe_stn_mult': 0.1467318334228404, 'g_stn_gpi_mult': 1.4900999885144692, 'g_gpe_gpi_mult': 0.896753635561516}. Best is trial 362 with value: 0.015633730997166383.
[I 2026-05-28 02:37:54,481] Trial 464 finished with value: 0.029416868589620237 and parameters: {'ISTN': 60.96877479269849, 'I_gpe': 1.0232063301122483, 'I_gpi': 2.3187432229788714, 'noise_stn_sigma': 2.15186155621197, 'noise_gpe_sigma': 143.22063478511933, 'noise_gpi_sigma': 136.76816617554107, 'g_stn_gpe_mult': 2.496476904520258, 'g_gpe_stn_mult': 0.14966833420409345, 'g_stn_gpi_mult': 1.2510297662116332, 'g_gpe_gpi_mult': 0.8985196012423537}. Best is trial 362 with value: 0.015633730997166383.
[I 2026-05-28 02:37:55,488] Trial 465 finished with value: 0.05258678832986539 and parameters: {'ISTN': 62.253526974410576, 'I_gpe': 1.11853242774731, 'I_gpi': 2.4558766465304753, 'noise_stn_sigma': 1.8600887439930405, 'noise_gpe_sigma': 144.42889847808232, 'noise_gpi_sigma': 132.8186364152939, 'g_stn_gpe_mult': 2.5636838716151837, 'g_gpe_stn_mult': 0.1662149666292092, 'g_stn_gpi_mult': 1.3414667726791012, 'g_gpe_gpi_mult': 0.9006755081696303}. Best is trial 362 with value: 0.015633730997166383.
[I 2026-05-28 02:37:56,497] Trial 466 finished with value: 0.040232045562906465 and parameters: {'ISTN': 63.47086689745896, 'I_gpe': 1.0333991158481692, 'I_gpi': 2.371276903692662, 'noise_stn_sigma': 1.431492136880152, 'noise_gpe_sigma': 141.69040454289768, 'noise_gpi_sigma': 128.189227066274, 'g_stn_gpe_mult': 2.4926956367164017, 'g_gpe_stn_mult': 0.14499303270943212, 'g_stn_gpi_mult': 1.5505084296871647, 'g_gpe_gpi_mult': 0.8434270001777344}. Best is trial 362 with value: 0.015633730997166383.
[I 2026-05-28 02:37:57,505] Trial 467 finished with value: 0.1228751284891367 and parameters: {'ISTN': 61.94489988067476, 'I_gpe': 1.1329976582355723, 'I_gpi': 2.4314375820689667, 'noise_stn_sigma': 1.4966159097572764, 'noise_gpe_sigma': 139.1483031020781, 'noise_gpi_sigma': 130.54331104529615, 'g_stn_gpe_mult': 2.512823138288614, 'g_gpe_stn_mult': 0.1418690483227691, 'g_stn_gpi_mult': 1.4437741599644787, 'g_gpe_gpi_mult': 0.9560630054197428}. Best is trial 362 with value: 0.015633730997166383.
[I 2026-05-28 02:37:58,512] Trial 468 finished with value: 0.02172993485602509 and parameters: {'ISTN': 61.942205365069164, 'I_gpe': 0.9396729725418071, 'I_gpi': 2.3165672770760573, 'noise_stn_sigma': 1.4605089641501263, 'noise_gpe_sigma': 140.52001369055085, 'noise_gpi_sigma': 141.77287620509298, 'g_stn_gpe_mult': 2.642395689534894, 'g_gpe_stn_mult': 0.16456429169330272, 'g_stn_gpi_mult': 1.2494428510258115, 'g_gpe_gpi_mult': 0.8948954417433299}. Best is trial 362 with value: 0.015633730997166383.
[I 2026-05-28 02:37:59,520] Trial 469 finished with value: 0.021716697731155393 and parameters: {'ISTN': 60.35922552361802, 'I_gpe': 1.0021931606592598, 'I_gpi': 2.259180600067427, 'noise_stn_sigma': 1.5318550307025716, 'noise_gpe_sigma': 139.80848421021827, 'noise_gpi_sigma': 135.00701099439115, 'g_stn_gpe_mult': 2.6293258749138304, 'g_gpe_stn_mult': 0.1649448805054596, 'g_stn_gpi_mult': 1.3790023916872811, 'g_gpe_gpi_mult': 0.919532591233581}. Best is trial 362 with value: 0.015633730997166383.
[I 2026-05-28 02:38:00,527] Trial 470 finished with value: 0.02102856101748779 and parameters: {'ISTN': 61.27392051117417, 'I_gpe': 1.064656706733908, 'I_gpi': 2.169609925025649, 'noise_stn_sigma': 1.4973891371959152, 'noise_gpe_sigma': 139.05116813911934, 'noise_gpi_sigma': 139.6169678891, 'g_stn_gpe_mult': 2.576579621217582, 'g_gpe_stn_mult': 0.1777028899834635, 'g_stn_gpi_mult': 1.3132012218383031, 'g_gpe_gpi_mult': 0.8651582240402678}. Best is trial 362 with value: 0.015633730997166383.
[I 2026-05-28 02:38:01,537] Trial 471 finished with value: 0.017667631850453554 and parameters: {'ISTN': 60.38159433567363, 'I_gpe': 1.1944405763178434, 'I_gpi': 2.2246594275992573, 'noise_stn_sigma': 1.6279114728619617, 'noise_gpe_sigma': 141.06523198063587, 'noise_gpi_sigma': 137.5759584079683, 'g_stn_gpe_mult': 2.437646202654946, 'g_gpe_stn_mult': 0.16564654500483048, 'g_stn_gpi_mult': 1.3356490752017747, 'g_gpe_gpi_mult': 0.9327717921312104}. Best is trial 362 with value: 0.015633730997166383.
[I 2026-05-28 02:38:02,547] Trial 472 finished with value: 0.008730069704351145 and parameters: {'ISTN': 60.502334679821516, 'I_gpe': 1.0603774332887723, 'I_gpi': 2.2757883521097595, 'noise_stn_sigma': 1.3175024037144332, 'noise_gpe_sigma': 146.20475025394444, 'noise_gpi_sigma': 137.92119637511695, 'g_stn_gpe_mult': 2.4822475226903395, 'g_gpe_stn_mult': 0.179055448569247, 'g_stn_gpi_mult': 1.2075063492713922, 'g_gpe_gpi_mult': 0.8900539787018267}. Best is trial 472 with value: 0.008730069704351145.
[I 2026-05-28 02:38:03,553] Trial 473 finished with value: 0.024813535432116073 and parameters: {'ISTN': 61.04975049466975, 'I_gpe': 1.0722404924994797, 'I_gpi': 2.2991804117484933, 'noise_stn_sigma': 1.6405956290481023, 'noise_gpe_sigma': 132.82391488420947, 'noise_gpi_sigma': 136.19024512471213, 'g_stn_gpe_mult': 2.825256103596886, 'g_gpe_stn_mult': 0.16895046627558502, 'g_stn_gpi_mult': 1.3888934680010812, 'g_gpe_gpi_mult': 0.875428614389334}. Best is trial 472 with value: 0.008730069704351145.
[I 2026-05-28 02:38:04,561] Trial 474 finished with value: 0.016414765545694026 and parameters: {'ISTN': 61.00840263040122, 'I_gpe': 1.0407792709878643, 'I_gpi': 2.1635798328046882, 'noise_stn_sigma': 1.3349478067345002, 'noise_gpe_sigma': 138.50706589618716, 'noise_gpi_sigma': 142.68626327705852, 'g_stn_gpe_mult': 2.2385556987796718, 'g_gpe_stn_mult': 0.17687983136974494, 'g_stn_gpi_mult': 1.3829194094943675, 'g_gpe_gpi_mult': 0.9052008674205541}. Best is trial 472 with value: 0.008730069704351145.
[I 2026-05-28 02:38:05,569] Trial 475 finished with value: 0.03798639180647128 and parameters: {'ISTN': 63.86091870484018, 'I_gpe': 1.0965534230210836, 'I_gpi': 2.132312564126983, 'noise_stn_sigma': 1.3133795180766354, 'noise_gpe_sigma': 134.77588842789214, 'noise_gpi_sigma': 136.12749810773758, 'g_stn_gpe_mult': 2.696940258074396, 'g_gpe_stn_mult': 0.13928597895993197, 'g_stn_gpi_mult': 1.391260272711568, 'g_gpe_gpi_mult': 0.8351389091697807}. Best is trial 472 with value: 0.008730069704351145.
[I 2026-05-28 02:38:06,577] Trial 476 finished with value: 0.052193229925130445 and parameters: {'ISTN': 61.741853671910135, 'I_gpe': 1.0648667497419977, 'I_gpi': 1.9651489970976732, 'noise_stn_sigma': 1.4628942177378954, 'noise_gpe_sigma': 137.37468428447912, 'noise_gpi_sigma': 141.17169652842102, 'g_stn_gpe_mult': 2.519909349949229, 'g_gpe_stn_mult': 0.16459279216881373, 'g_stn_gpi_mult': 1.298135950742765, 'g_gpe_gpi_mult': 0.9042408651633063}. Best is trial 472 with value: 0.008730069704351145.
[I 2026-05-28 02:38:07,585] Trial 477 finished with value: 0.02936224869464769 and parameters: {'ISTN': 61.05152454461768, 'I_gpe': 1.0592220100140008, 'I_gpi': 2.1976523193462327, 'noise_stn_sigma': 1.4066655911105868, 'noise_gpe_sigma': 138.9429885466609, 'noise_gpi_sigma': 140.70408147175345, 'g_stn_gpe_mult': 2.622059828536756, 'g_gpe_stn_mult': 0.19200035864083542, 'g_stn_gpi_mult': 1.3639264661428907, 'g_gpe_gpi_mult': 0.8791909052949003}. Best is trial 472 with value: 0.008730069704351145.
