[I 2026-05-28 02:00:36,702] Trial 264 finished with value: 20.69746562289065 and parameters: {'ISTN': 74.18935505195415, 'I_gpe': 0.9028604971187297, 'I_gpi': 3.2229339076087875, 'noise_stn_sigma': 6.714179052291419, 'noise_gpe_sigma': 93.17257109942531, 'noise_gpi_sigma': 82.93146799875686, 'g_stn_gpe_mult': 2.5081689978622412, 'g_gpe_stn_mult': 0.2129588897188276, 'g_stn_gpi_mult': 2.7372437039928785, 'g_gpe_gpi_mult': 1.093117340066233}. Best is trial 98 with value: 0.5979484317983877.
[I 2026-05-28 02:00:37,708] Trial 265 finished with value: 11.40001429272752 and parameters: {'ISTN': 65.78337776604117, 'I_gpe': 0.7202953502372325, 'I_gpi': 3.7665876475257742, 'noise_stn_sigma': 6.324887252350936, 'noise_gpe_sigma': 93.24691478070882, 'noise_gpi_sigma': 89.69053112229206, 'g_stn_gpe_mult': 2.1299428588093687, 'g_gpe_stn_mult': 0.2665390631549057, 'g_stn_gpi_mult': 2.9290493392240333, 'g_gpe_gpi_mult': 0.8499165738244148}. Best is trial 98 with value: 0.5979484317983877.
[I 2026-05-28 02:00:38,718] Trial 266 finished with value: 14.31480242841636 and parameters: {'ISTN': 77.15343240281169, 'I_gpe': 0.802091164263308, 'I_gpi': 3.3095619092986883, 'noise_stn_sigma': 6.5852236668585755, 'noise_gpe_sigma': 94.45794563982106, 'noise_gpi_sigma': 91.64803146912892, 'g_stn_gpe_mult': 2.08032769369754, 'g_gpe_stn_mult': 0.33573525912714053, 'g_stn_gpi_mult': 3.1355244391020016, 'g_gpe_gpi_mult': 0.9015736647431534}. Best is trial 98 with value: 0.5979484317983877.
[I 2026-05-28 02:00:39,725] Trial 267 finished with value: 14.917140678852364 and parameters: {'ISTN': 79.86312020816597, 'I_gpe': 0.5704303301294941, 'I_gpi': 3.507635515874812, 'noise_stn_sigma': 6.300064053678729, 'noise_gpe_sigma': 94.78356168030055, 'noise_gpi_sigma': 84.39096274964459, 'g_stn_gpe_mult': 2.1984747706974543, 'g_gpe_stn_mult': 0.3064888830927779, 'g_stn_gpi_mult': 3.041870041769394, 'g_gpe_gpi_mult': 0.8915253944263517}. Best is trial 98 with value: 0.5979484317983877.
[I 2026-05-28 02:00:40,731] Trial 268 finished with value: 21.075226854871953 and parameters: {'ISTN': 66.32505277623875, 'I_gpe': 1.327724768852773, 'I_gpi': 3.2579113508003905, 'noise_stn_sigma': 6.8933597525016355, 'noise_gpe_sigma': 101.58818329544559, 'noise_gpi_sigma': 85.39397856056824, 'g_stn_gpe_mult': 2.5569924578077177, 'g_gpe_stn_mult': 0.24216511934141488, 'g_stn_gpi_mult': 2.7120810196362797, 'g_gpe_gpi_mult': 0.8698143150115292}. Best is trial 98 with value: 0.5979484317983877.
[I 2026-05-28 02:00:41,740] Trial 269 finished with value: 8.686330210697442 and parameters: {'ISTN': 72.51978798244403, 'I_gpe': 0.7985315103287485, 'I_gpi': 3.2256061212887523, 'noise_stn_sigma': 5.311206399356792, 'noise_gpe_sigma': 100.11984783459168, 'noise_gpi_sigma': 88.05022694768418, 'g_stn_gpe_mult': 2.3136866874056077, 'g_gpe_stn_mult': 0.28954290466677973, 'g_stn_gpi_mult': 2.6565767268950173, 'g_gpe_gpi_mult': 0.943118597451895}. Best is trial 98 with value: 0.5979484317983877.
[I 2026-05-28 02:00:42,748] Trial 270 finished with value: 35.9459906435226 and parameters: {'ISTN': 69.0698683008452, 'I_gpe': 0.9192774644946791, 'I_gpi': 2.7850479508517, 'noise_stn_sigma': 6.353702863600485, 'noise_gpe_sigma': 99.74985072496118, 'noise_gpi_sigma': 97.82402581598511, 'g_stn_gpe_mult': 2.543031465986134, 'g_gpe_stn_mult': 0.2550663510651274, 'g_stn_gpi_mult': 3.167498704768202, 'g_gpe_gpi_mult': 0.9353327343305029}. Best is trial 98 with value: 0.5979484317983877.
[I 2026-05-28 02:00:43,754] Trial 271 finished with value: 19.146831327711094 and parameters: {'ISTN': 83.08418065753105, 'I_gpe': 0.8408804088395904, 'I_gpi': 3.2941264813689957, 'noise_stn_sigma': 5.8760679609385775, 'noise_gpe_sigma': 82.89390007841472, 'noise_gpi_sigma': 100.47321793305424, 'g_stn_gpe_mult': 2.4171706543399702, 'g_gpe_stn_mult': 0.32768735617923805, 'g_stn_gpi_mult': 2.4874287609724246, 'g_gpe_gpi_mult': 0.8921912126677671}. Best is trial 98 with value: 0.5979484317983877.
[I 2026-05-28 02:00:44,761] Trial 272 finished with value: 38.357610229158134 and parameters: {'ISTN': 66.1055383664244, 'I_gpe': 1.0308753815875629, 'I_gpi': 3.2562627273942364, 'noise_stn_sigma': 6.504094800827448, 'noise_gpe_sigma': 90.25881114765689, 'noise_gpi_sigma': 79.73390882944202, 'g_stn_gpe_mult': 1.8817916679837294, 'g_gpe_stn_mult': 0.29738389976894575, 'g_stn_gpi_mult': 2.9168086621785547, 'g_gpe_gpi_mult': 0.9861925240166178}. Best is trial 98 with value: 0.5979484317983877.
[I 2026-05-28 02:00:45,768] Trial 273 finished with value: 29.204378916451365 and parameters: {'ISTN': 75.85996637011178, 'I_gpe': 0.5096634553346577, 'I_gpi': 2.779352929286638, 'noise_stn_sigma': 6.24422965796663, 'noise_gpe_sigma': 94.17422735436716, 'noise_gpi_sigma': 91.6266350561801, 'g_stn_gpe_mult': 2.8067588260130973, 'g_gpe_stn_mult': 0.23841546551199547, 'g_stn_gpi_mult': 2.769973579559886, 'g_gpe_gpi_mult': 1.00078945020834}. Best is trial 98 with value: 0.5979484317983877.
[I 2026-05-28 02:00:46,775] Trial 274 finished with value: 13.598305100773313 and parameters: {'ISTN': 65.41684413989053, 'I_gpe': 0.6376116031186697, 'I_gpi': 3.0299858723436506, 'noise_stn_sigma': 6.34797191745852, 'noise_gpe_sigma': 102.46149503989736, 'noise_gpi_sigma': 105.3880690023183, 'g_stn_gpe_mult': 2.6521420311560218, 'g_gpe_stn_mult': 0.24323440671179808, 'g_stn_gpi_mult': 2.597617126676421, 'g_gpe_gpi_mult': 0.9274729500070149}. Best is trial 98 with value: 0.5979484317983877.
[I 2026-05-28 02:00:47,782] Trial 275 finished with value: 25.728614651833617 and parameters: {'ISTN': 61.48890168408806, 'I_gpe': 1.1498316148350836, 'I_gpi': 3.3408056597172906, 'noise_stn_sigma': 6.081242001371057, 'noise_gpe_sigma': 87.58292603022839, 'noise_gpi_sigma': 106.67506215819857, 'g_stn_gpe_mult': 2.2790641361121704, 'g_gpe_stn_mult': 0.25855436298368584, 'g_stn_gpi_mult': 2.5413860355883786, 'g_gpe_gpi_mult': 0.9104314186763716}. Best is trial 98 with value: 0.5979484317983877.
[I 2026-05-28 02:00:48,789] Trial 276 finished with value: 31.447481157436762 and parameters: {'ISTN': 79.62679852309759, 'I_gpe': 0.8696330035758367, 'I_gpi': 3.1576284411213673, 'noise_stn_sigma': 6.690350501984343, 'noise_gpe_sigma': 97.75662060709199, 'noise_gpi_sigma': 85.25397957581885, 'g_stn_gpe_mult': 2.4080821255858242, 'g_gpe_stn_mult': 0.2518581783165366, 'g_stn_gpi_mult': 2.5969171049321833, 'g_gpe_gpi_mult': 0.9569599389502066}. Best is trial 98 with value: 0.5979484317983877.
[I 2026-05-28 02:00:49,795] Trial 277 finished with value: 32.047516835461856 and parameters: {'ISTN': 75.68479489963849, 'I_gpe': 0.6374064032702678, 'I_gpi': 3.331319419139657, 'noise_stn_sigma': 6.262792067890578, 'noise_gpe_sigma': 94.83744582550737, 'noise_gpi_sigma': 85.70276909339388, 'g_stn_gpe_mult': 2.2448522953860675, 'g_gpe_stn_mult': 0.29129444454143694, 'g_stn_gpi_mult': 2.8235133931584073, 'g_gpe_gpi_mult': 0.9464925420503205}. Best is trial 98 with value: 0.5979484317983877.
[I 2026-05-28 02:00:50,803] Trial 278 finished with value: 18.044697239627585 and parameters: {'ISTN': 72.01164539983658, 'I_gpe': 0.6786692534156403, 'I_gpi': 3.007751225264629, 'noise_stn_sigma': 6.764373518370132, 'noise_gpe_sigma': 80.73561295018422, 'noise_gpi_sigma': 97.68425336308749, 'g_stn_gpe_mult': 2.118514755367939, 'g_gpe_stn_mult': 0.28945322781912586, 'g_stn_gpi_mult': 3.190606863345584, 'g_gpe_gpi_mult': 0.8470543267060893}. Best is trial 98 with value: 0.5979484317983877.
[I 2026-05-28 02:00:51,810] Trial 279 finished with value: 33.67227367335746 and parameters: {'ISTN': 71.04940019966787, 'I_gpe': 0.6763513863168769, 'I_gpi': 3.3929312615151246, 'noise_stn_sigma': 6.82489992304682, 'noise_gpe_sigma': 88.72080953292482, 'noise_gpi_sigma': 93.17342708278314, 'g_stn_gpe_mult': 2.04533726162324, 'g_gpe_stn_mult': 0.25949032288697726, 'g_stn_gpi_mult': 2.726176345383715, 'g_gpe_gpi_mult': 0.9193983504286258}. Best is trial 98 with value: 0.5979484317983877.
[I 2026-05-28 02:00:52,819] Trial 280 finished with value: 1.9678212547369076 and parameters: {'ISTN': 74.4285443094119, 'I_gpe': 0.9011835030323365, 'I_gpi': 3.226136708610654, 'noise_stn_sigma': 6.504402258210832, 'noise_gpe_sigma': 74.05554755593744, 'noise_gpi_sigma': 74.26005534376495, 'g_stn_gpe_mult': 1.9814672726458766, 'g_gpe_stn_mult': 0.2628621893548181, 'g_stn_gpi_mult': 3.2236303973220846, 'g_gpe_gpi_mult': 0.9289879013144697}. Best is trial 98 with value: 0.5979484317983877.
[I 2026-05-28 02:00:53,825] Trial 281 finished with value: 30.430249665789777 and parameters: {'ISTN': 75.18436677531004, 'I_gpe': 0.6301511555912078, 'I_gpi': 2.9999058219296315, 'noise_stn_sigma': 6.087344333907737, 'noise_gpe_sigma': 86.1007616193859, 'noise_gpi_sigma': 91.80523185889439, 'g_stn_gpe_mult': 2.3167373541644793, 'g_gpe_stn_mult': 0.28133675977505485, 'g_stn_gpi_mult': 2.9962009958884623, 'g_gpe_gpi_mult': 0.8849391896588215}. Best is trial 98 with value: 0.5979484317983877.
[I 2026-05-28 02:00:54,832] Trial 282 finished with value: 19.2679900572709 and parameters: {'ISTN': 77.15617489747929, 'I_gpe': 0.8512683639677336, 'I_gpi': 3.0430921952413397, 'noise_stn_sigma': 6.327907666531321, 'noise_gpe_sigma': 78.24954396167925, 'noise_gpi_sigma': 95.82447444047011, 'g_stn_gpe_mult': 2.3441436975528207, 'g_gpe_stn_mult': 0.29944898827460364, 'g_stn_gpi_mult': 2.9505932965414545, 'g_gpe_gpi_mult': 0.9132889771842769}. Best is trial 98 with value: 0.5979484317983877.
[I 2026-05-28 02:00:55,839] Trial 283 finished with value: 41.77357829496343 and parameters: {'ISTN': 67.8258674343449, 'I_gpe': 1.0782723540637353, 'I_gpi': 3.072281992002679, 'noise_stn_sigma': 7.0345736100771195, 'noise_gpe_sigma': 89.61998571831572, 'noise_gpi_sigma': 91.38743524722702, 'g_stn_gpe_mult': 2.450651613364581, 'g_gpe_stn_mult': 0.2658219491808629, 'g_stn_gpi_mult': 2.8902816758548853, 'g_gpe_gpi_mult': 0.9804969479185079}. Best is trial 98 with value: 0.5979484317983877.
[I 2026-05-28 02:00:56,845] Trial 284 finished with value: 11.78179712325333 and parameters: {'ISTN': 69.2322529933146, 'I_gpe': 0.7705342565934449, 'I_gpi': 3.181253502073143, 'noise_stn_sigma': 5.858557124434274, 'noise_gpe_sigma': 96.8480804126473, 'noise_gpi_sigma': 79.9478719877375, 'g_stn_gpe_mult': 2.1626640209267745, 'g_gpe_stn_mult': 0.20445023609355148, 'g_stn_gpi_mult': 2.5580726220181753, 'g_gpe_gpi_mult': 0.9295692293699105}. Best is trial 98 with value: 0.5979484317983877.
[I 2026-05-28 02:00:57,854] Trial 285 finished with value: 5.216849152590594 and parameters: {'ISTN': 72.47527284332747, 'I_gpe': 0.838589352867902, 'I_gpi': 3.092927838483154, 'noise_stn_sigma': 5.641013114006086, 'noise_gpe_sigma': 90.055859661124, 'noise_gpi_sigma': 97.65540904552158, 'g_stn_gpe_mult': 2.6664042369728866, 'g_gpe_stn_mult': 0.2579430455296855, 'g_stn_gpi_mult': 3.02105633999446, 'g_gpe_gpi_mult': 0.9385410295768599}. Best is trial 98 with value: 0.5979484317983877.
[I 2026-05-28 02:00:58,862] Trial 286 finished with value: 13.28023367594702 and parameters: {'ISTN': 76.81483142568256, 'I_gpe': 1.0628737487361497, 'I_gpi': 2.925445931651431, 'noise_stn_sigma': 6.009559792716797, 'noise_gpe_sigma': 82.75979067196604, 'noise_gpi_sigma': 93.68574105123014, 'g_stn_gpe_mult': 2.18521307210141, 'g_gpe_stn_mult': 0.22935897621296442, 'g_stn_gpi_mult': 3.0680187487458315, 'g_gpe_gpi_mult': 0.827464042630931}. Best is trial 98 with value: 0.5979484317983877.
[I 2026-05-28 02:00:59,868] Trial 287 finished with value: 18.09121482203318 and parameters: {'ISTN': 69.61013179080447, 'I_gpe': 0.8706685175066233, 'I_gpi': 2.8996458287375173, 'noise_stn_sigma': 6.8929861073044405, 'noise_gpe_sigma': 81.32383755171455, 'noise_gpi_sigma': 93.8430977537182, 'g_stn_gpe_mult': 2.4862849191060787, 'g_gpe_stn_mult': 0.22212268873172847, 'g_stn_gpi_mult': 3.0111751094483523, 'g_gpe_gpi_mult': 0.9179727896999277}. Best is trial 98 with value: 0.5979484317983877.
[I 2026-05-28 02:01:00,875] Trial 288 finished with value: 26.769982873684313 and parameters: {'ISTN': 75.81010346070082, 'I_gpe': 0.7137077220159072, 'I_gpi': 3.346240019545315, 'noise_stn_sigma': 6.039129907233227, 'noise_gpe_sigma': 80.29848040126745, 'noise_gpi_sigma': 80.56618465879905, 'g_stn_gpe_mult': 2.1752919622152413, 'g_gpe_stn_mult': 0.2561416225572684, 'g_stn_gpi_mult': 2.811612423807614, 'g_gpe_gpi_mult': 0.9561032054814478}. Best is trial 98 with value: 0.5979484317983877.
[I 2026-05-28 02:01:01,880] Trial 289 finished with value: 30.874812672852578 and parameters: {'ISTN': 73.23574308115141, 'I_gpe': 0.8766403609716682, 'I_gpi': 3.386607420685878, 'noise_stn_sigma': 6.545101931711347, 'noise_gpe_sigma': 67.61337815669413, 'noise_gpi_sigma': 78.26075634254545, 'g_stn_gpe_mult': 2.0419302578093284, 'g_gpe_stn_mult': 0.3470196050889414, 'g_stn_gpi_mult': 3.077542223213377, 'g_gpe_gpi_mult': 0.9648527595599221}. Best is trial 98 with value: 0.5979484317983877.
[I 2026-05-28 02:01:02,886] Trial 290 finished with value: 23.923710942236603 and parameters: {'ISTN': 76.02995705503719, 'I_gpe': 0.7291108858896118, 'I_gpi': 3.0464664648353246, 'noise_stn_sigma': 6.201498711694609, 'noise_gpe_sigma': 92.32792124596462, 'noise_gpi_sigma': 90.29025569453627, 'g_stn_gpe_mult': 2.5005820897461235, 'g_gpe_stn_mult': 0.29959182437048737, 'g_stn_gpi_mult': 3.17680052757266, 'g_gpe_gpi_mult': 0.8979533865280782}. Best is trial 98 with value: 0.5979484317983877.
[I 2026-05-28 02:01:03,894] Trial 291 finished with value: 33.75172493669609 and parameters: {'ISTN': 71.25812741977273, 'I_gpe': 0.9069785598943181, 'I_gpi': 2.995039352506918, 'noise_stn_sigma': 6.135512597336313, 'noise_gpe_sigma': 80.51417779310337, 'noise_gpi_sigma': 92.19954558881047, 'g_stn_gpe_mult': 2.529248904294814, 'g_gpe_stn_mult': 0.20181660769604093, 'g_stn_gpi_mult': 2.976358378054927, 'g_gpe_gpi_mult': 0.9452561083352597}. Best is trial 98 with value: 0.5979484317983877.
[I 2026-05-28 02:01:04,901] Trial 292 finished with value: 38.3083280860923 and parameters: {'ISTN': 73.47124664500646, 'I_gpe': 0.7886529934231477, 'I_gpi': 3.1012782970285344, 'noise_stn_sigma': 5.218978447609766, 'noise_gpe_sigma': 82.27203899025407, 'noise_gpi_sigma': 97.38440379702838, 'g_stn_gpe_mult': 2.6724695469177453, 'g_gpe_stn_mult': 0.18726949895246098, 'g_stn_gpi_mult': 2.452877951665905, 'g_gpe_gpi_mult': 0.9652737793158745}. Best is trial 98 with value: 0.5979484317983877.
[I 2026-05-28 02:01:05,909] Trial 293 finished with value: 24.841568691926014 and parameters: {'ISTN': 79.49286751681984, 'I_gpe': 0.7656110183852027, 'I_gpi': 3.09864439259752, 'noise_stn_sigma': 5.31899600730568, 'noise_gpe_sigma': 94.3349415452241, 'noise_gpi_sigma': 86.05256334634515, 'g_stn_gpe_mult': 2.427359582243425, 'g_gpe_stn_mult': 0.22845696151079584, 'g_stn_gpi_mult': 2.8052285642549086, 'g_gpe_gpi_mult': 0.9409077565713895}. Best is trial 98 with value: 0.5979484317983877.
[I 2026-05-28 02:01:06,915] Trial 294 finished with value: 34.11894614491966 and parameters: {'ISTN': 72.1927278154768, 'I_gpe': 0.9023231984512601, 'I_gpi': 2.9609531009236054, 'noise_stn_sigma': 5.344372147004382, 'noise_gpe_sigma': 92.66356512911044, 'noise_gpi_sigma': 93.84392384701783, 'g_stn_gpe_mult': 2.5882304556664097, 'g_gpe_stn_mult': 0.2224729128408639, 'g_stn_gpi_mult': 2.858076739833181, 'g_gpe_gpi_mult': 0.885617788497002}. Best is trial 98 with value: 0.5979484317983877.
[I 2026-05-28 02:01:07,924] Trial 295 finished with value: 31.265156998416007 and parameters: {'ISTN': 71.82090834359558, 'I_gpe': 0.9057522763213565, 'I_gpi': 2.9626609810844977, 'noise_stn_sigma': 5.305551591332081, 'noise_gpe_sigma': 92.10535514804849, 'noise_gpi_sigma': 92.29708784969664, 'g_stn_gpe_mult': 2.4160588939028744, 'g_gpe_stn_mult': 0.20743611041045912, 'g_stn_gpi_mult': 2.948743322643593, 'g_gpe_gpi_mult': 0.9743843443570701}. Best is trial 98 with value: 0.5979484317983877.
[I 2026-05-28 02:01:08,930] Trial 296 finished with value: 27.423439794111058 and parameters: {'ISTN': 68.7107897321376, 'I_gpe': 1.1326296009203696, 'I_gpi': 3.076768679476401, 'noise_stn_sigma': 5.833908800406968, 'noise_gpe_sigma': 85.903601446963, 'noise_gpi_sigma': 92.20338324026524, 'g_stn_gpe_mult': 2.181880040938961, 'g_gpe_stn_mult': 0.2240540491453225, 'g_stn_gpi_mult': 2.771987147719283, 'g_gpe_gpi_mult': 0.9049804023101091}. Best is trial 98 with value: 0.5979484317983877.
[I 2026-05-28 02:01:09,937] Trial 297 finished with value: 41.227753275534376 and parameters: {'ISTN': 71.74565476375484, 'I_gpe': 0.9152726551249598, 'I_gpi': 3.047410466570003, 'noise_stn_sigma': 5.314635985416104, 'noise_gpe_sigma': 88.1265379293435, 'noise_gpi_sigma': 99.1496602940452, 'g_stn_gpe_mult': 2.9077832557704975, 'g_gpe_stn_mult': 0.20347566785343318, 'g_stn_gpi_mult': 2.953010795258389, 'g_gpe_gpi_mult': 0.9546150728125673}. Best is trial 98 with value: 0.5979484317983877.
[I 2026-05-28 02:01:10,943] Trial 298 finished with value: 6.53530313699704 and parameters: {'ISTN': 73.83779211471119, 'I_gpe': 0.7670002737148243, 'I_gpi': 2.8822262254215563, 'noise_stn_sigma': 6.0717645790843235, 'noise_gpe_sigma': 92.32438109340721, 'noise_gpi_sigma': 94.96439600204249, 'g_stn_gpe_mult': 2.300093029903527, 'g_gpe_stn_mult': 0.2352021152431232, 'g_stn_gpi_mult': 3.061716693523376, 'g_gpe_gpi_mult': 0.8880093832989935}. Best is trial 98 with value: 0.5979484317983877.
[I 2026-05-28 02:01:11,949] Trial 299 finished with value: 24.72693068966872 and parameters: {'ISTN': 85.42503155273891, 'I_gpe': 0.8785726021724948, 'I_gpi': 3.024659211316803, 'noise_stn_sigma': 5.467992709427002, 'noise_gpe_sigma': 98.87787815404504, 'noise_gpi_sigma': 96.55286635585126, 'g_stn_gpe_mult': 2.399231175028194, 'g_gpe_stn_mult': 0.27820102693591786, 'g_stn_gpi_mult': 2.8906332223955533, 'g_gpe_gpi_mult': 1.0120234561250732}. Best is trial 98 with value: 0.5979484317983877.
[I 2026-05-28 02:01:12,955] Trial 300 finished with value: 27.944699730001172 and parameters: {'ISTN': 68.50594015864546, 'I_gpe': 0.9360963517488494, 'I_gpi': 3.0291105449761386, 'noise_stn_sigma': 5.870796285125017, 'noise_gpe_sigma': 98.17565830509076, 'noise_gpi_sigma': 92.9861529711071, 'g_stn_gpe_mult': 2.3224195320144267, 'g_gpe_stn_mult': 0.2769841656104831, 'g_stn_gpi_mult': 2.780636182381525, 'g_gpe_gpi_mult': 0.9524713402209484}. Best is trial 98 with value: 0.5979484317983877.
[I 2026-05-28 02:01:13,963] Trial 301 finished with value: 5.337236084322294 and parameters: {'ISTN': 66.47771219788613, 'I_gpe': 0.8031028504287822, 'I_gpi': 3.073134513870821, 'noise_stn_sigma': 5.6390522927473805, 'noise_gpe_sigma': 94.44729534860863, 'noise_gpi_sigma': 89.19866764418768, 'g_stn_gpe_mult': 2.0296450281334124, 'g_gpe_stn_mult': 0.266279326901514, 'g_stn_gpi_mult': 3.119511966182338, 'g_gpe_gpi_mult': 0.8935736368439433}. Best is trial 98 with value: 0.5979484317983877.
[I 2026-05-28 02:01:14,968] Trial 302 finished with value: 9.109453025022443 and parameters: {'ISTN': 83.16532634505052, 'I_gpe': 0.7850987577285072, 'I_gpi': 3.262238322969268, 'noise_stn_sigma': 5.8362222901506815, 'noise_gpe_sigma': 100.59585676491142, 'noise_gpi_sigma': 88.51699805310244, 'g_stn_gpe_mult': 2.0756057626417315, 'g_gpe_stn_mult': 0.29198667667847644, 'g_stn_gpi_mult': 3.028364929140578, 'g_gpe_gpi_mult': 0.8865003871690018}. Best is trial 98 with value: 0.5979484317983877.
[I 2026-05-28 02:01:15,975] Trial 303 finished with value: 30.364072282976306 and parameters: {'ISTN': 78.38403189651194, 'I_gpe': 0.9357905373086067, 'I_gpi': 2.8290022360344986, 'noise_stn_sigma': 5.00908412713752, 'noise_gpe_sigma': 87.69681802481594, 'noise_gpi_sigma': 97.47912019597948, 'g_stn_gpe_mult': 2.510580439104315, 'g_gpe_stn_mult': 0.2311112090355612, 'g_stn_gpi_mult': 3.013922348178066, 'g_gpe_gpi_mult': 0.933243504392796}. Best is trial 98 with value: 0.5979484317983877.
[I 2026-05-28 02:01:16,981] Trial 304 finished with value: 35.38723844861678 and parameters: {'ISTN': 76.47901202416965, 'I_gpe': 1.1461821224215805, 'I_gpi': 2.803629040613555, 'noise_stn_sigma': 5.7896750419346255, 'noise_gpe_sigma': 91.05891537201357, 'noise_gpi_sigma': 101.25734191649445, 'g_stn_gpe_mult': 2.8834200309784204, 'g_gpe_stn_mult': 0.18419950322189538, 'g_stn_gpi_mult': 2.7750458483948313, 'g_gpe_gpi_mult': 0.9769635357913582}. Best is trial 98 with value: 0.5979484317983877.
[I 2026-05-28 02:01:17,986] Trial 305 finished with value: 22.340650663103222 and parameters: {'ISTN': 80.3254414024121, 'I_gpe': 0.6574737304090661, 'I_gpi': 3.114376687878156, 'noise_stn_sigma': 5.891827120294217, 'noise_gpe_sigma': 92.02086272635464, 'noise_gpi_sigma': 93.77656237281116, 'g_stn_gpe_mult': 2.459622026745914, 'g_gpe_stn_mult': 0.24945242873890539, 'g_stn_gpi_mult': 2.7970060762127336, 'g_gpe_gpi_mult': 0.928602200217503}. Best is trial 98 with value: 0.5979484317983877.
[I 2026-05-28 02:01:18,992] Trial 306 finished with value: 19.073348679012852 and parameters: {'ISTN': 69.66867511722474, 'I_gpe': 0.7624404785309478, 'I_gpi': 3.1115513205657255, 'noise_stn_sigma': 5.575456575236447, 'noise_gpe_sigma': 104.38563475896215, 'noise_gpi_sigma': 88.28719226261813, 'g_stn_gpe_mult': 2.0971918145909587, 'g_gpe_stn_mult': 0.2506979528552143, 'g_stn_gpi_mult': 2.8258293202672577, 'g_gpe_gpi_mult': 0.9394412407711394}. Best is trial 98 with value: 0.5979484317983877.
[I 2026-05-28 02:01:19,998] Trial 307 finished with value: 19.263416500356474 and parameters: {'ISTN': 76.68845608624773, 'I_gpe': 0.7900610518084982, 'I_gpi': 3.036192520960772, 'noise_stn_sigma': 6.1204121538456056, 'noise_gpe_sigma': 95.64691356510399, 'noise_gpi_sigma': 98.91175668925918, 'g_stn_gpe_mult': 1.9897862318596136, 'g_gpe_stn_mult': 0.27591484637031455, 'g_stn_gpi_mult': 3.1597349478337753, 'g_gpe_gpi_mult': 0.8755975116792056}. Best is trial 98 with value: 0.5979484317983877.
