[I 2026-05-28 01:35:31,134] Trial 792 finished with value: 0.48481517035783495 and parameters: {'ISTN': 60.34585772304004, 'I_gpe': 1.2544107435366572, 'I_gpi': 2.1197544327528512, 'noise_stn_sigma': 1.9260132259345621, 'noise_gpe_sigma': 101.54683750682987, 'noise_gpi_sigma': 83.61311665478073, 'g_stn_gpe_mult': 2.488837496034617, 'g_gpe_stn_mult': 0.16128016406684748, 'g_stn_gpi_mult': 1.8480497189222107, 'g_gpe_gpi_mult': 0.8287552625109518}. Best is trial 627 with value: 0.13198094924998152.
[I 2026-05-28 01:35:32,140] Trial 793 finished with value: 0.12951113808425987 and parameters: {'ISTN': 60.71136723979284, 'I_gpe': 1.2081644334695523, 'I_gpi': 2.107467451987233, 'noise_stn_sigma': 2.0573790202623368, 'noise_gpe_sigma': 101.56330571290391, 'noise_gpi_sigma': 87.04520520965059, 'g_stn_gpe_mult': 2.444520196838013, 'g_gpe_stn_mult': 0.1706757435104258, 'g_stn_gpi_mult': 1.9435222039069093, 'g_gpe_gpi_mult': 0.8008038890086135}. Best is trial 793 with value: 0.12951113808425987.
[I 2026-05-28 01:35:33,144] Trial 794 finished with value: 0.12815552037599584 and parameters: {'ISTN': 60.64076262371805, 'I_gpe': 1.250358555065775, 'I_gpi': 2.1234409137421446, 'noise_stn_sigma': 1.8125182874004782, 'noise_gpe_sigma': 99.45833220886612, 'noise_gpi_sigma': 85.6611986129667, 'g_stn_gpe_mult': 2.4303534373420144, 'g_gpe_stn_mult': 0.17769920403755232, 'g_stn_gpi_mult': 1.8711667256060085, 'g_gpe_gpi_mult': 0.8098249102776687}. Best is trial 794 with value: 0.12815552037599584.
[I 2026-05-28 01:35:34,149] Trial 795 finished with value: 0.3101976551369182 and parameters: {'ISTN': 60.33001633964133, 'I_gpe': 1.3122395273141834, 'I_gpi': 2.160442279967266, 'noise_stn_sigma': 1.9276847291667458, 'noise_gpe_sigma': 101.92304033108104, 'noise_gpi_sigma': 85.9424948553229, 'g_stn_gpe_mult': 2.4727300271277786, 'g_gpe_stn_mult': 0.1600038856948104, 'g_stn_gpi_mult': 1.8582390758902814, 'g_gpe_gpi_mult': 0.8154268530734732}. Best is trial 794 with value: 0.12815552037599584.
[I 2026-05-28 01:35:35,155] Trial 796 finished with value: 0.23215645771676105 and parameters: {'ISTN': 60.991425908392884, 'I_gpe': 1.2624469151462026, 'I_gpi': 2.1217590110230535, 'noise_stn_sigma': 1.9305146773576827, 'noise_gpe_sigma': 101.34217294039159, 'noise_gpi_sigma': 89.69679595939196, 'g_stn_gpe_mult': 2.4316687768449796, 'g_gpe_stn_mult': 0.1558641202222802, 'g_stn_gpi_mult': 1.9349743354300324, 'g_gpe_gpi_mult': 0.8086823980630493}. Best is trial 794 with value: 0.12815552037599584.
[I 2026-05-28 01:35:36,162] Trial 797 finished with value: 0.7690050425277307 and parameters: {'ISTN': 60.44861426079182, 'I_gpe': 1.3633668701962975, 'I_gpi': 2.152030324646854, 'noise_stn_sigma': 1.8360608282385211, 'noise_gpe_sigma': 99.91721835383964, 'noise_gpi_sigma': 88.13902543654373, 'g_stn_gpe_mult': 2.39502537473071, 'g_gpe_stn_mult': 0.154657900103139, 'g_stn_gpi_mult': 1.826887613388577, 'g_gpe_gpi_mult': 0.7953719404608572}. Best is trial 794 with value: 0.12815552037599584.
[I 2026-05-28 01:35:37,166] Trial 798 finished with value: 0.14116157083309858 and parameters: {'ISTN': 61.201138159239036, 'I_gpe': 1.3368447491924789, 'I_gpi': 2.173147541252412, 'noise_stn_sigma': 2.0830244763594674, 'noise_gpe_sigma': 98.3615563924417, 'noise_gpi_sigma': 86.8190034687309, 'g_stn_gpe_mult': 2.339044996757068, 'g_gpe_stn_mult': 0.15601704403628214, 'g_stn_gpi_mult': 1.9432183779529764, 'g_gpe_gpi_mult': 0.790630909779166}. Best is trial 794 with value: 0.12815552037599584.
[I 2026-05-28 01:35:38,172] Trial 799 finished with value: 0.481739878840818 and parameters: {'ISTN': 60.29708170740881, 'I_gpe': 1.326087648371528, 'I_gpi': 2.175036954038733, 'noise_stn_sigma': 1.723375504289269, 'noise_gpe_sigma': 101.65725556081831, 'noise_gpi_sigma': 87.67037480273493, 'g_stn_gpe_mult': 2.446717681390048, 'g_gpe_stn_mult': 0.1561408393010956, 'g_stn_gpi_mult': 1.961797469744533, 'g_gpe_gpi_mult': 0.8242478562156383}. Best is trial 794 with value: 0.12815552037599584.
[I 2026-05-28 01:35:39,178] Trial 800 finished with value: 0.1362504758600012 and parameters: {'ISTN': 60.201308517881984, 'I_gpe': 1.325881787155811, 'I_gpi': 2.1165880967320825, 'noise_stn_sigma': 2.1435113290951398, 'noise_gpe_sigma': 97.72527434381662, 'noise_gpi_sigma': 82.79269631022287, 'g_stn_gpe_mult': 2.513481159227887, 'g_gpe_stn_mult': 0.15932137510733657, 'g_stn_gpi_mult': 1.9495079390697676, 'g_gpe_gpi_mult': 0.8062492368139342}. Best is trial 794 with value: 0.12815552037599584.
[I 2026-05-28 01:35:40,185] Trial 801 finished with value: 0.1682353478322808 and parameters: {'ISTN': 60.19786873020563, 'I_gpe': 1.2930121684541964, 'I_gpi': 2.174218173771604, 'noise_stn_sigma': 2.254982132159002, 'noise_gpe_sigma': 99.35384407895745, 'noise_gpi_sigma': 85.42343595796714, 'g_stn_gpe_mult': 2.4086735098743937, 'g_gpe_stn_mult': 0.17261069493441583, 'g_stn_gpi_mult': 1.9643569001975019, 'g_gpe_gpi_mult': 0.7912093057819323}. Best is trial 794 with value: 0.12815552037599584.
[I 2026-05-28 01:35:41,188] Trial 802 finished with value: 0.24337258736650785 and parameters: {'ISTN': 60.43763016775833, 'I_gpe': 1.2532693988027537, 'I_gpi': 2.0948531955390717, 'noise_stn_sigma': 2.017485646976452, 'noise_gpe_sigma': 101.05031075736115, 'noise_gpi_sigma': 87.5407574452181, 'g_stn_gpe_mult': 2.4620489504268246, 'g_gpe_stn_mult': 0.1675848741030881, 'g_stn_gpi_mult': 1.8580918742161487, 'g_gpe_gpi_mult': 0.7902600701162543}. Best is trial 794 with value: 0.12815552037599584.
[I 2026-05-28 01:35:42,193] Trial 803 finished with value: 0.13532357190161404 and parameters: {'ISTN': 60.98911082285405, 'I_gpe': 1.2684113194541864, 'I_gpi': 2.1669822633333045, 'noise_stn_sigma': 2.027949097064977, 'noise_gpe_sigma': 98.7165201212876, 'noise_gpi_sigma': 91.26072840375207, 'g_stn_gpe_mult': 2.346318646251098, 'g_gpe_stn_mult': 0.17170013568917666, 'g_stn_gpi_mult': 1.8693423707757642, 'g_gpe_gpi_mult': 0.7815015787402115}. Best is trial 794 with value: 0.12815552037599584.
[I 2026-05-28 01:35:43,199] Trial 804 finished with value: 0.12782915374502202 and parameters: {'ISTN': 60.12842558641819, 'I_gpe': 1.2001089718450983, 'I_gpi': 2.093995663864379, 'noise_stn_sigma': 2.023466120621358, 'noise_gpe_sigma': 98.02507248590683, 'noise_gpi_sigma': 81.20763195459119, 'g_stn_gpe_mult': 2.439257708960984, 'g_gpe_stn_mult': 0.17970863372595935, 'g_stn_gpi_mult': 1.90528466464692, 'g_gpe_gpi_mult': 0.7823707625799552}. Best is trial 804 with value: 0.12782915374502202.
[I 2026-05-28 01:35:44,204] Trial 805 finished with value: 0.13990504670422632 and parameters: {'ISTN': 61.36157682797351, 'I_gpe': 1.1208054904319251, 'I_gpi': 2.0937452144634685, 'noise_stn_sigma': 1.866113751576688, 'noise_gpe_sigma': 102.60216598142397, 'noise_gpi_sigma': 87.10142402070898, 'g_stn_gpe_mult': 2.4211770025316808, 'g_gpe_stn_mult': 0.16715519511776988, 'g_stn_gpi_mult': 1.8979352212450449, 'g_gpe_gpi_mult': 0.7975848145530389}. Best is trial 804 with value: 0.12782915374502202.
[I 2026-05-28 01:35:45,210] Trial 806 finished with value: 0.13123569316487307 and parameters: {'ISTN': 60.6660483054101, 'I_gpe': 1.186510298563619, 'I_gpi': 2.137373301704094, 'noise_stn_sigma': 1.8742524828551101, 'noise_gpe_sigma': 102.0222703818959, 'noise_gpi_sigma': 85.51820874036773, 'g_stn_gpe_mult': 2.444554928717801, 'g_gpe_stn_mult': 0.17589269447899497, 'g_stn_gpi_mult': 1.8872956705533177, 'g_gpe_gpi_mult': 0.8001048878323709}. Best is trial 804 with value: 0.12782915374502202.
[I 2026-05-28 01:35:46,215] Trial 807 finished with value: 0.1314455030060998 and parameters: {'ISTN': 60.360180941444106, 'I_gpe': 1.270512762465273, 'I_gpi': 2.1053726355389992, 'noise_stn_sigma': 2.036485639295371, 'noise_gpe_sigma': 98.86611293554098, 'noise_gpi_sigma': 85.5472697889694, 'g_stn_gpe_mult': 2.49517652642361, 'g_gpe_stn_mult': 0.17699813019987645, 'g_stn_gpi_mult': 1.920181678975698, 'g_gpe_gpi_mult': 0.8003255078231228}. Best is trial 804 with value: 0.12782915374502202.
[I 2026-05-28 01:35:47,222] Trial 808 finished with value: 0.26283684769592036 and parameters: {'ISTN': 60.42837959699356, 'I_gpe': 1.3039643696466805, 'I_gpi': 2.1636917762366976, 'noise_stn_sigma': 1.8345018150820673, 'noise_gpe_sigma': 99.06013591940489, 'noise_gpi_sigma': 90.76663563675763, 'g_stn_gpe_mult': 2.4498205153687107, 'g_gpe_stn_mult': 0.17009180684251443, 'g_stn_gpi_mult': 1.889413841553262, 'g_gpe_gpi_mult': 0.8168765710426791}. Best is trial 804 with value: 0.12782915374502202.
[I 2026-05-28 01:35:48,228] Trial 809 finished with value: 0.1450734083743704 and parameters: {'ISTN': 61.05088753964796, 'I_gpe': 1.2885155298685036, 'I_gpi': 2.1724108185185225, 'noise_stn_sigma': 1.9900932296684795, 'noise_gpe_sigma': 100.21279304141022, 'noise_gpi_sigma': 87.26239942971274, 'g_stn_gpe_mult': 2.4862744660530094, 'g_gpe_stn_mult': 0.17914971760617054, 'g_stn_gpi_mult': 1.991955973167405, 'g_gpe_gpi_mult': 0.7958294148931726}. Best is trial 804 with value: 0.12782915374502202.
[I 2026-05-28 01:35:49,235] Trial 810 finished with value: 0.12485997498854551 and parameters: {'ISTN': 60.39151154804855, 'I_gpe': 1.2312053612174108, 'I_gpi': 2.1565435727057776, 'noise_stn_sigma': 1.8974734625616128, 'noise_gpe_sigma': 97.80660815902294, 'noise_gpi_sigma': 86.36775748583857, 'g_stn_gpe_mult': 2.447650524149669, 'g_gpe_stn_mult': 0.1763059130403799, 'g_stn_gpi_mult': 1.9403648896266512, 'g_gpe_gpi_mult': 0.7883816739036735}. Best is trial 810 with value: 0.12485997498854551.
[I 2026-05-28 01:35:50,238] Trial 811 finished with value: 0.12610639834949394 and parameters: {'ISTN': 60.50819223487883, 'I_gpe': 1.1991812097503454, 'I_gpi': 2.1881358817398597, 'noise_stn_sigma': 1.7444462829389686, 'noise_gpe_sigma': 96.93596611061405, 'noise_gpi_sigma': 85.66444050645865, 'g_stn_gpe_mult': 2.4956000696738334, 'g_gpe_stn_mult': 0.17596385141789594, 'g_stn_gpi_mult': 1.9163352464826342, 'g_gpe_gpi_mult': 0.8072857095417454}. Best is trial 810 with value: 0.12485997498854551.
[I 2026-05-28 01:35:51,244] Trial 812 finished with value: 0.13525525122658075 and parameters: {'ISTN': 60.12871060319174, 'I_gpe': 1.276101182481499, 'I_gpi': 2.0961528047579625, 'noise_stn_sigma': 2.160165471701787, 'noise_gpe_sigma': 97.38844808761012, 'noise_gpi_sigma': 80.22500731572697, 'g_stn_gpe_mult': 2.4183258894752813, 'g_gpe_stn_mult': 0.18110097809852374, 'g_stn_gpi_mult': 1.9955783629229706, 'g_gpe_gpi_mult': 0.7829030287847765}. Best is trial 810 with value: 0.12485997498854551.
[I 2026-05-28 01:35:52,250] Trial 813 finished with value: 0.127599504612101 and parameters: {'ISTN': 60.04812843916922, 'I_gpe': 1.1508068604054809, 'I_gpi': 2.1374882244762863, 'noise_stn_sigma': 1.9890655619441924, 'noise_gpe_sigma': 99.73003071774838, 'noise_gpi_sigma': 88.69638206823352, 'g_stn_gpe_mult': 2.4142679455012503, 'g_gpe_stn_mult': 0.18438875017309836, 'g_stn_gpi_mult': 1.9223048349605254, 'g_gpe_gpi_mult': 0.762887298401244}. Best is trial 810 with value: 0.12485997498854551.
[I 2026-05-28 01:35:53,257] Trial 814 finished with value: 0.13904608173658334 and parameters: {'ISTN': 60.22282760853694, 'I_gpe': 1.1763131646231662, 'I_gpi': 2.141093334147527, 'noise_stn_sigma': 2.056874693614253, 'noise_gpe_sigma': 99.85642091449216, 'noise_gpi_sigma': 85.1648998645598, 'g_stn_gpe_mult': 2.436119110718983, 'g_gpe_stn_mult': 0.18691591438242908, 'g_stn_gpi_mult': 1.9566715576035874, 'g_gpe_gpi_mult': 0.7617609434415762}. Best is trial 810 with value: 0.12485997498854551.
[I 2026-05-28 01:35:54,262] Trial 815 finished with value: 0.13319984188086342 and parameters: {'ISTN': 60.202362790178206, 'I_gpe': 1.1969783272811372, 'I_gpi': 2.126335895486595, 'noise_stn_sigma': 2.0876379294101954, 'noise_gpe_sigma': 98.22105906567094, 'noise_gpi_sigma': 82.72049085640502, 'g_stn_gpe_mult': 2.5442599075879064, 'g_gpe_stn_mult': 0.18249161036832212, 'g_stn_gpi_mult': 1.8889145096948412, 'g_gpe_gpi_mult': 0.7836119340406116}. Best is trial 810 with value: 0.12485997498854551.
[I 2026-05-28 01:35:55,266] Trial 816 finished with value: 0.13610535904863372 and parameters: {'ISTN': 60.18511999437988, 'I_gpe': 1.1341348615280418, 'I_gpi': 2.1933121988419844, 'noise_stn_sigma': 2.1285638039593247, 'noise_gpe_sigma': 100.5354441803137, 'noise_gpi_sigma': 83.76570386148437, 'g_stn_gpe_mult': 2.5613338119533546, 'g_gpe_stn_mult': 0.17839331492857644, 'g_stn_gpi_mult': 2.0359836070843005, 'g_gpe_gpi_mult': 0.7925319451679755}. Best is trial 810 with value: 0.12485997498854551.
[I 2026-05-28 01:35:56,272] Trial 817 finished with value: 0.13293400824032778 and parameters: {'ISTN': 60.14373771830432, 'I_gpe': 1.262892299450586, 'I_gpi': 2.131994173328926, 'noise_stn_sigma': 2.1322461028896735, 'noise_gpe_sigma': 95.81122789824344, 'noise_gpi_sigma': 82.88716781043178, 'g_stn_gpe_mult': 2.5418312919278714, 'g_gpe_stn_mult': 0.1845584417747676, 'g_stn_gpi_mult': 1.9322562610158358, 'g_gpe_gpi_mult': 0.773856560243235}. Best is trial 810 with value: 0.12485997498854551.
[I 2026-05-28 01:35:57,277] Trial 818 finished with value: 0.14307948760173891 and parameters: {'ISTN': 61.92304901253017, 'I_gpe': 1.2307570427928058, 'I_gpi': 2.128276623304558, 'noise_stn_sigma': 1.6625660065667551, 'noise_gpe_sigma': 100.00637605886014, 'noise_gpi_sigma': 87.47500788169035, 'g_stn_gpe_mult': 2.474867263600643, 'g_gpe_stn_mult': 0.16615498930195274, 'g_stn_gpi_mult': 1.924072520223977, 'g_gpe_gpi_mult': 0.7925151688515728}. Best is trial 810 with value: 0.12485997498854551.
[I 2026-05-28 01:35:58,284] Trial 819 finished with value: 0.13505045524016593 and parameters: {'ISTN': 60.288164200276825, 'I_gpe': 1.267616867217232, 'I_gpi': 2.1838635912121145, 'noise_stn_sigma': 2.0427760720045507, 'noise_gpe_sigma': 97.77819180417205, 'noise_gpi_sigma': 81.74594241084112, 'g_stn_gpe_mult': 2.4529462508214914, 'g_gpe_stn_mult': 0.177543089495393, 'g_stn_gpi_mult': 1.853076249443627, 'g_gpe_gpi_mult': 0.7910957929752491}. Best is trial 810 with value: 0.12485997498854551.
[I 2026-05-28 01:35:59,292] Trial 820 finished with value: 0.14028079508351823 and parameters: {'ISTN': 60.466333757101175, 'I_gpe': 1.1524715298722124, 'I_gpi': 2.157135217882108, 'noise_stn_sigma': 1.9048295984064398, 'noise_gpe_sigma': 101.86825492472542, 'noise_gpi_sigma': 86.98339910142828, 'g_stn_gpe_mult': 2.417733040959095, 'g_gpe_stn_mult': 0.18146546265504812, 'g_stn_gpi_mult': 1.9944076291267203, 'g_gpe_gpi_mult': 0.7860718960178041}. Best is trial 810 with value: 0.12485997498854551.
[I 2026-05-28 01:36:00,299] Trial 821 finished with value: 0.1369295238957244 and parameters: {'ISTN': 60.73806223107314, 'I_gpe': 1.1771778413425562, 'I_gpi': 2.1716475129940664, 'noise_stn_sigma': 1.825519894963143, 'noise_gpe_sigma': 97.61889361255852, 'noise_gpi_sigma': 84.4622022669824, 'g_stn_gpe_mult': 2.545743088938817, 'g_gpe_stn_mult': 0.18103101761505674, 'g_stn_gpi_mult': 1.9088607148374699, 'g_gpe_gpi_mult': 0.815520735163703}. Best is trial 810 with value: 0.12485997498854551.
[I 2026-05-28 01:36:01,306] Trial 822 finished with value: 0.13768087429280837 and parameters: {'ISTN': 60.3210561582597, 'I_gpe': 1.1248447673464699, 'I_gpi': 2.153364106718593, 'noise_stn_sigma': 1.6907673119049387, 'noise_gpe_sigma': 97.36235222639398, 'noise_gpi_sigma': 85.66071941286643, 'g_stn_gpe_mult': 2.526722720644578, 'g_gpe_stn_mult': 0.19130166822427533, 'g_stn_gpi_mult': 1.9345286883372985, 'g_gpe_gpi_mult': 0.7783653402814446}. Best is trial 810 with value: 0.12485997498854551.
[I 2026-05-28 01:36:02,311] Trial 823 finished with value: 0.1586431909624401 and parameters: {'ISTN': 61.584688048621075, 'I_gpe': 1.205005024558611, 'I_gpi': 2.202647127103178, 'noise_stn_sigma': 2.008287903622417, 'noise_gpe_sigma': 96.67926085254913, 'noise_gpi_sigma': 88.89945568165761, 'g_stn_gpe_mult': 2.45804009966194, 'g_gpe_stn_mult': 0.17561914122238598, 'g_stn_gpi_mult': 1.9096094781709083, 'g_gpe_gpi_mult': 0.7959660526777494}. Best is trial 810 with value: 0.12485997498854551.
[I 2026-05-28 01:36:03,319] Trial 824 finished with value: 0.15255381137342033 and parameters: {'ISTN': 61.465132401396254, 'I_gpe': 1.1339426915418196, 'I_gpi': 2.058845587907535, 'noise_stn_sigma': 1.7341322115982685, 'noise_gpe_sigma': 98.10587669918289, 'noise_gpi_sigma': 85.62334994772596, 'g_stn_gpe_mult': 2.4592601815531365, 'g_gpe_stn_mult': 0.17324736583287267, 'g_stn_gpi_mult': 1.8897415978647238, 'g_gpe_gpi_mult': 0.7916271082831552}. Best is trial 810 with value: 0.12485997498854551.
[I 2026-05-28 01:36:04,326] Trial 825 finished with value: 0.13806872330218095 and parameters: {'ISTN': 60.64259529166275, 'I_gpe': 1.1462628064106792, 'I_gpi': 2.1477905197511014, 'noise_stn_sigma': 1.8022687329437723, 'noise_gpe_sigma': 94.56986223149799, 'noise_gpi_sigma': 83.9114243312312, 'g_stn_gpe_mult': 2.444563042778155, 'g_gpe_stn_mult': 0.17947068482802558, 'g_stn_gpi_mult': 1.8201947611536176, 'g_gpe_gpi_mult': 0.7904192855584826}. Best is trial 810 with value: 0.12485997498854551.
[I 2026-05-28 01:36:05,330] Trial 826 finished with value: 0.1319089952945501 and parameters: {'ISTN': 60.03222240963139, 'I_gpe': 1.120389213685205, 'I_gpi': 2.209675093706451, 'noise_stn_sigma': 1.8292765940868545, 'noise_gpe_sigma': 99.63428623734778, 'noise_gpi_sigma': 83.57499649385883, 'g_stn_gpe_mult': 2.5435485266486535, 'g_gpe_stn_mult': 0.17887472322531434, 'g_stn_gpi_mult': 1.9332650731553311, 'g_gpe_gpi_mult': 0.7740727843068125}. Best is trial 810 with value: 0.12485997498854551.
[I 2026-05-28 01:36:06,336] Trial 827 finished with value: 0.13587099586358053 and parameters: {'ISTN': 60.16102602007488, 'I_gpe': 1.2430959102910413, 'I_gpi': 2.095477810086237, 'noise_stn_sigma': 1.8014381484349795, 'noise_gpe_sigma': 95.30149950210797, 'noise_gpi_sigma': 83.85910002684363, 'g_stn_gpe_mult': 2.476838606706131, 'g_gpe_stn_mult': 0.1899101065792202, 'g_stn_gpi_mult': 1.844385237714841, 'g_gpe_gpi_mult': 0.7814788779576314}. Best is trial 810 with value: 0.12485997498854551.
[I 2026-05-28 01:36:07,341] Trial 828 finished with value: 0.13122168118620695 and parameters: {'ISTN': 60.23618628851795, 'I_gpe': 1.1876530904825535, 'I_gpi': 2.2060715952949033, 'noise_stn_sigma': 1.9825506580313772, 'noise_gpe_sigma': 100.01789366467285, 'noise_gpi_sigma': 87.24428198837238, 'g_stn_gpe_mult': 2.53394196416414, 'g_gpe_stn_mult': 0.17640536847822064, 'g_stn_gpi_mult': 1.9804385386938053, 'g_gpe_gpi_mult': 0.7802281706345917}. Best is trial 810 with value: 0.12485997498854551.
[I 2026-05-28 01:36:08,344] Trial 829 finished with value: 0.13312266615506188 and parameters: {'ISTN': 60.63594542942088, 'I_gpe': 1.246461886790672, 'I_gpi': 2.208704579501365, 'noise_stn_sigma': 1.9206542589015074, 'noise_gpe_sigma': 97.01069642516961, 'noise_gpi_sigma': 89.10679168038573, 'g_stn_gpe_mult': 2.4626731345582162, 'g_gpe_stn_mult': 0.17924314877507086, 'g_stn_gpi_mult': 1.878112492777672, 'g_gpe_gpi_mult': 0.7631717893196788}. Best is trial 810 with value: 0.12485997498854551.
[I 2026-05-28 01:36:09,349] Trial 830 finished with value: 0.1314826376164502 and parameters: {'ISTN': 60.02381959170092, 'I_gpe': 1.2317467700867109, 'I_gpi': 2.093633007734238, 'noise_stn_sigma': 1.687986479009181, 'noise_gpe_sigma': 95.9233455999734, 'noise_gpi_sigma': 88.00076265471736, 'g_stn_gpe_mult': 2.371602992409241, 'g_gpe_stn_mult': 0.17290728106909367, 'g_stn_gpi_mult': 1.8178072075580203, 'g_gpe_gpi_mult': 0.768111110445111}. Best is trial 810 with value: 0.12485997498854551.
[I 2026-05-28 01:36:10,355] Trial 831 finished with value: 0.13266006771085137 and parameters: {'ISTN': 60.14466343562026, 'I_gpe': 1.1965079377999663, 'I_gpi': 2.1286474064586387, 'noise_stn_sigma': 1.9369704739261295, 'noise_gpe_sigma': 97.0583847872531, 'noise_gpi_sigma': 87.69222969186872, 'g_stn_gpe_mult': 2.4162632655157994, 'g_gpe_stn_mult': 0.17809924297581659, 'g_stn_gpi_mult': 1.9080651599634177, 'g_gpe_gpi_mult': 0.7432901834676686}. Best is trial 810 with value: 0.12485997498854551.
[I 2026-05-28 01:36:11,363] Trial 832 finished with value: 0.13943384138251755 and parameters: {'ISTN': 60.41398557015766, 'I_gpe': 1.0823714123235715, 'I_gpi': 2.126936025168276, 'noise_stn_sigma': 1.759975054565754, 'noise_gpe_sigma': 101.56334073590574, 'noise_gpi_sigma': 90.15778290149015, 'g_stn_gpe_mult': 2.5531859001759143, 'g_gpe_stn_mult': 0.1704911147747178, 'g_stn_gpi_mult': 1.9258298286601447, 'g_gpe_gpi_mult': 0.7657606293996879}. Best is trial 810 with value: 0.12485997498854551.
[I 2026-05-28 01:36:12,368] Trial 833 finished with value: 0.1508100771505333 and parameters: {'ISTN': 60.62262907953072, 'I_gpe': 1.0844871156812503, 'I_gpi': 2.2341367675860955, 'noise_stn_sigma': 1.7577620601141901, 'noise_gpe_sigma': 99.55775493819966, 'noise_gpi_sigma': 89.34403578014766, 'g_stn_gpe_mult': 2.541580727318454, 'g_gpe_stn_mult': 0.1942459465261911, 'g_stn_gpi_mult': 1.9275913397135203, 'g_gpe_gpi_mult': 0.7627904037102795}. Best is trial 810 with value: 0.12485997498854551.
[I 2026-05-28 01:36:13,371] Trial 834 finished with value: 0.1291161395719689 and parameters: {'ISTN': 60.4709967430414, 'I_gpe': 1.1845705414903496, 'I_gpi': 2.1421525510449597, 'noise_stn_sigma': 1.9985173465087018, 'noise_gpe_sigma': 99.87980807946848, 'noise_gpi_sigma': 89.395463453427, 'g_stn_gpe_mult': 2.3889231072866526, 'g_gpe_stn_mult': 0.1752980151012043, 'g_stn_gpi_mult': 2.0013547743537172, 'g_gpe_gpi_mult': 0.7450854766206556}. Best is trial 810 with value: 0.12485997498854551.
[I 2026-05-28 01:36:14,375] Trial 835 finished with value: 0.13600921090325713 and parameters: {'ISTN': 60.44250155363748, 'I_gpe': 1.1666967321240826, 'I_gpi': 2.1873193903882986, 'noise_stn_sigma': 1.9851863963503995, 'noise_gpe_sigma': 99.29512523993662, 'noise_gpi_sigma': 84.87094646707335, 'g_stn_gpe_mult': 2.5351850872186916, 'g_gpe_stn_mult': 0.18208111780200373, 'g_stn_gpi_mult': 1.9436281426410804, 'g_gpe_gpi_mult': 0.772682992021154}. Best is trial 810 with value: 0.12485997498854551.
