[I 2026-05-28 01:50:16,666] Trial 660 finished with value: 0.35421195928692195 and parameters: {'ISTN': 63.200668655570446, 'I_gpe': 1.2089753584622178, 'I_gpi': 1.7750119829568087, 'noise_stn_sigma': 2.6833509356976823, 'noise_gpe_sigma': 73.19415854916048, 'noise_gpi_sigma': 88.46181441427295, 'g_stn_gpe_mult': 3.157623712133023, 'g_gpe_stn_mult': 0.12397304416107319, 'g_stn_gpi_mult': 3.715308121727784, 'g_gpe_gpi_mult': 0.8500939373573222}. Best is trial 615 with value: 0.14739028446966826.
[I 2026-05-28 01:50:17,677] Trial 661 finished with value: 0.19518933704105584 and parameters: {'ISTN': 65.01053165101033, 'I_gpe': 1.2457431431432173, 'I_gpi': 1.71391969970414, 'noise_stn_sigma': 3.0038553723886876, 'noise_gpe_sigma': 76.18396138217182, 'noise_gpi_sigma': 89.63799092556941, 'g_stn_gpe_mult': 2.9036848895949965, 'g_gpe_stn_mult': 0.13213301070444422, 'g_stn_gpi_mult': 3.5508188991896725, 'g_gpe_gpi_mult': 0.8283942868449907}. Best is trial 615 with value: 0.14739028446966826.
[I 2026-05-28 01:50:18,687] Trial 662 finished with value: 0.21710910460210098 and parameters: {'ISTN': 63.12820671183411, 'I_gpe': 1.2963119553370808, 'I_gpi': 2.1278930063599404, 'noise_stn_sigma': 2.579292439350974, 'noise_gpe_sigma': 83.98224614107426, 'noise_gpi_sigma': 79.48335835700564, 'g_stn_gpe_mult': 3.621465635836398, 'g_gpe_stn_mult': 0.14894130999096244, 'g_stn_gpi_mult': 3.7187422638839545, 'g_gpe_gpi_mult': 0.8634979126637683}. Best is trial 615 with value: 0.14739028446966826.
[I 2026-05-28 01:50:19,697] Trial 663 finished with value: 0.6881748633270077 and parameters: {'ISTN': 61.012783117545666, 'I_gpe': 1.2024143927710405, 'I_gpi': 1.7710533055964395, 'noise_stn_sigma': 2.52566799813511, 'noise_gpe_sigma': 86.82556915896166, 'noise_gpi_sigma': 76.68056689322461, 'g_stn_gpe_mult': 3.4956881615608615, 'g_gpe_stn_mult': 0.15194009952922113, 'g_stn_gpi_mult': 3.8697369208506034, 'g_gpe_gpi_mult': 0.7959875598407782}. Best is trial 615 with value: 0.14739028446966826.
[I 2026-05-28 01:50:20,706] Trial 664 finished with value: 1.1214275321915637 and parameters: {'ISTN': 61.62144078828342, 'I_gpe': 1.2731468361566227, 'I_gpi': 1.846221621147139, 'noise_stn_sigma': 2.9605358317097914, 'noise_gpe_sigma': 76.88533527858135, 'noise_gpi_sigma': 84.57640114394881, 'g_stn_gpe_mult': 2.9945320523225316, 'g_gpe_stn_mult': 0.12099820580655542, 'g_stn_gpi_mult': 3.796817202842433, 'g_gpe_gpi_mult': 0.7682124182538121}. Best is trial 615 with value: 0.14739028446966826.
[I 2026-05-28 01:50:21,715] Trial 665 finished with value: 0.33745336560044864 and parameters: {'ISTN': 67.53099223741425, 'I_gpe': 1.106789905286571, 'I_gpi': 1.7858570911020482, 'noise_stn_sigma': 2.953216295080094, 'noise_gpe_sigma': 87.06310152061172, 'noise_gpi_sigma': 78.11867861637462, 'g_stn_gpe_mult': 3.655197182922957, 'g_gpe_stn_mult': 0.1620355933635242, 'g_stn_gpi_mult': 3.8576050040861154, 'g_gpe_gpi_mult': 0.9128326924449786}. Best is trial 615 with value: 0.14739028446966826.
[I 2026-05-28 01:50:22,725] Trial 666 finished with value: 0.2137648202234925 and parameters: {'ISTN': 62.952708477076854, 'I_gpe': 1.0527752457243245, 'I_gpi': 1.8986434295513335, 'noise_stn_sigma': 3.412964089502284, 'noise_gpe_sigma': 87.53045347679645, 'noise_gpi_sigma': 88.60192577536783, 'g_stn_gpe_mult': 3.0007725749168905, 'g_gpe_stn_mult': 0.1404525177483067, 'g_stn_gpi_mult': 3.5031706314872917, 'g_gpe_gpi_mult': 0.786598682274839}. Best is trial 615 with value: 0.14739028446966826.
[I 2026-05-28 01:50:23,735] Trial 667 finished with value: 0.19879167247718146 and parameters: {'ISTN': 65.24724309756043, 'I_gpe': 1.2882160485054803, 'I_gpi': 1.8875872305432957, 'noise_stn_sigma': 2.9521004383090275, 'noise_gpe_sigma': 84.99050513849531, 'noise_gpi_sigma': 86.09351490169585, 'g_stn_gpe_mult': 3.4204337133901195, 'g_gpe_stn_mult': 0.14856788704114063, 'g_stn_gpi_mult': 3.6280278640615444, 'g_gpe_gpi_mult': 0.876131046234613}. Best is trial 615 with value: 0.14739028446966826.
[I 2026-05-28 01:50:24,744] Trial 668 finished with value: 0.18935091399005466 and parameters: {'ISTN': 63.20334762170476, 'I_gpe': 1.2954618080137101, 'I_gpi': 1.9324655259087469, 'noise_stn_sigma': 2.575921178851527, 'noise_gpe_sigma': 78.69619487916975, 'noise_gpi_sigma': 83.08934959771491, 'g_stn_gpe_mult': 3.26134451400087, 'g_gpe_stn_mult': 0.17256707580214176, 'g_stn_gpi_mult': 3.8391034194591125, 'g_gpe_gpi_mult': 0.8838398102967095}. Best is trial 615 with value: 0.14739028446966826.
[I 2026-05-28 01:50:25,752] Trial 669 finished with value: 0.19678305958830605 and parameters: {'ISTN': 64.86339031535466, 'I_gpe': 1.228261740348132, 'I_gpi': 1.9251728882577783, 'noise_stn_sigma': 2.5781650208384326, 'noise_gpe_sigma': 79.3706731354236, 'noise_gpi_sigma': 78.39592511930226, 'g_stn_gpe_mult': 3.1719624263760524, 'g_gpe_stn_mult': 0.1128257771821821, 'g_stn_gpi_mult': 3.8468096885637886, 'g_gpe_gpi_mult': 0.8831377329012442}. Best is trial 615 with value: 0.14739028446966826.
[I 2026-05-28 01:50:26,763] Trial 670 finished with value: 0.9162659583852238 and parameters: {'ISTN': 60.467001253466535, 'I_gpe': 1.265681955865185, 'I_gpi': 1.850797229174906, 'noise_stn_sigma': 3.228756861400269, 'noise_gpe_sigma': 76.59033283304446, 'noise_gpi_sigma': 95.35031716316806, 'g_stn_gpe_mult': 2.975668689901421, 'g_gpe_stn_mult': 0.1410660675572803, 'g_stn_gpi_mult': 3.8196221027096477, 'g_gpe_gpi_mult': 0.7401006686196867}. Best is trial 615 with value: 0.14739028446966826.
[I 2026-05-28 01:50:27,772] Trial 671 finished with value: 0.21863732069315664 and parameters: {'ISTN': 64.62315100904911, 'I_gpe': 1.1699096559212365, 'I_gpi': 2.029589083596483, 'noise_stn_sigma': 2.9532027086887047, 'noise_gpe_sigma': 88.5448163156342, 'noise_gpi_sigma': 80.95926053844632, 'g_stn_gpe_mult': 3.0485760808202715, 'g_gpe_stn_mult': 0.12242752676203295, 'g_stn_gpi_mult': 3.6096764162380186, 'g_gpe_gpi_mult': 0.7773915641032165}. Best is trial 615 with value: 0.14739028446966826.
[I 2026-05-28 01:50:28,780] Trial 672 finished with value: 0.1817709972486722 and parameters: {'ISTN': 62.542633411970556, 'I_gpe': 1.2940876539480124, 'I_gpi': 1.757926546672939, 'noise_stn_sigma': 3.0162360936356833, 'noise_gpe_sigma': 80.72718419810545, 'noise_gpi_sigma': 89.1663119011785, 'g_stn_gpe_mult': 3.1884409749004297, 'g_gpe_stn_mult': 0.15519317278237876, 'g_stn_gpi_mult': 3.8065369079691704, 'g_gpe_gpi_mult': 0.8539768784869557}. Best is trial 615 with value: 0.14739028446966826.
[I 2026-05-28 01:50:29,789] Trial 673 finished with value: 0.2954193822070799 and parameters: {'ISTN': 66.90969025502973, 'I_gpe': 1.3357295305140473, 'I_gpi': 1.979962440186597, 'noise_stn_sigma': 2.846460162498671, 'noise_gpe_sigma': 70.34445666910767, 'noise_gpi_sigma': 85.38295690464936, 'g_stn_gpe_mult': 3.0661077518793096, 'g_gpe_stn_mult': 0.14693469655539163, 'g_stn_gpi_mult': 3.8744633453512147, 'g_gpe_gpi_mult': 0.899522739132}. Best is trial 615 with value: 0.14739028446966826.
[I 2026-05-28 01:50:30,799] Trial 674 finished with value: 0.18403810776958787 and parameters: {'ISTN': 62.65438844639523, 'I_gpe': 1.3494215852568385, 'I_gpi': 1.7973898957194034, 'noise_stn_sigma': 3.0527550382088564, 'noise_gpe_sigma': 83.51971399970326, 'noise_gpi_sigma': 79.03184341002483, 'g_stn_gpe_mult': 3.048089131525005, 'g_gpe_stn_mult': 0.17764129444181906, 'g_stn_gpi_mult': 3.7167115616435207, 'g_gpe_gpi_mult': 0.8645630103738906}. Best is trial 615 with value: 0.14739028446966826.
[I 2026-05-28 01:50:31,806] Trial 675 finished with value: 0.3279468078077144 and parameters: {'ISTN': 61.76138848354738, 'I_gpe': 1.4753908526106503, 'I_gpi': 2.021647741568888, 'noise_stn_sigma': 2.748165642195505, 'noise_gpe_sigma': 77.02089929670451, 'noise_gpi_sigma': 80.89567476315383, 'g_stn_gpe_mult': 3.2218344892846202, 'g_gpe_stn_mult': 0.12490708693736277, 'g_stn_gpi_mult': 3.7280106380398106, 'g_gpe_gpi_mult': 0.8983074413733216}. Best is trial 615 with value: 0.14739028446966826.
[I 2026-05-28 01:50:32,815] Trial 676 finished with value: 1.3033127511520533 and parameters: {'ISTN': 60.78276903818103, 'I_gpe': 1.2415721591804987, 'I_gpi': 1.7384014447907603, 'noise_stn_sigma': 2.8740523898317396, 'noise_gpe_sigma': 86.460372565754, 'noise_gpi_sigma': 77.99545434002088, 'g_stn_gpe_mult': 3.1350068923323677, 'g_gpe_stn_mult': 0.11979467837368386, 'g_stn_gpi_mult': 3.448784954036907, 'g_gpe_gpi_mult': 0.8840097895568249}. Best is trial 615 with value: 0.14739028446966826.
[I 2026-05-28 01:50:33,823] Trial 677 finished with value: 0.25770660616041 and parameters: {'ISTN': 64.3015615348296, 'I_gpe': 1.1891428752107782, 'I_gpi': 1.6100278056076542, 'noise_stn_sigma': 3.375294646023417, 'noise_gpe_sigma': 73.88341403073112, 'noise_gpi_sigma': 86.63595923422173, 'g_stn_gpe_mult': 2.806153971464888, 'g_gpe_stn_mult': 0.18667366751155173, 'g_stn_gpi_mult': 3.5735097554421182, 'g_gpe_gpi_mult': 0.8523285843560022}. Best is trial 615 with value: 0.14739028446966826.
[I 2026-05-28 01:50:34,830] Trial 678 finished with value: 0.1898645198605199 and parameters: {'ISTN': 63.76715020722213, 'I_gpe': 1.1601923393287459, 'I_gpi': 1.7106493577969193, 'noise_stn_sigma': 3.3493696367799557, 'noise_gpe_sigma': 77.42046718572556, 'noise_gpi_sigma': 89.3452411585023, 'g_stn_gpe_mult': 3.2560817026689, 'g_gpe_stn_mult': 0.1614284655109276, 'g_stn_gpi_mult': 3.7266234294116938, 'g_gpe_gpi_mult': 0.9230207769355931}. Best is trial 615 with value: 0.14739028446966826.
[I 2026-05-28 01:50:35,836] Trial 679 finished with value: 0.19229759485822262 and parameters: {'ISTN': 65.66751662253614, 'I_gpe': 1.2771038229893499, 'I_gpi': 1.8099671221053815, 'noise_stn_sigma': 2.9745729972412196, 'noise_gpe_sigma': 74.98495811364319, 'noise_gpi_sigma': 87.70234471107769, 'g_stn_gpe_mult': 3.0955074812641916, 'g_gpe_stn_mult': 0.13546410628656103, 'g_stn_gpi_mult': 3.5847902942817584, 'g_gpe_gpi_mult': 0.7719226493626625}. Best is trial 615 with value: 0.14739028446966826.
[I 2026-05-28 01:50:36,843] Trial 680 finished with value: 0.2698668772637176 and parameters: {'ISTN': 67.25243063178918, 'I_gpe': 1.2909173246795635, 'I_gpi': 1.9380089189220573, 'noise_stn_sigma': 3.2594030378480605, 'noise_gpe_sigma': 79.75438260896178, 'noise_gpi_sigma': 85.49838257731902, 'g_stn_gpe_mult': 2.8937257326636185, 'g_gpe_stn_mult': 0.1385058070193258, 'g_stn_gpi_mult': 3.694991838440139, 'g_gpe_gpi_mult': 0.8217716512403046}. Best is trial 615 with value: 0.14739028446966826.
[I 2026-05-28 01:50:37,856] Trial 681 finished with value: 0.45131105953970707 and parameters: {'ISTN': 69.72006836483651, 'I_gpe': 1.1033125567186224, 'I_gpi': 1.6021112965524074, 'noise_stn_sigma': 2.9898921152814326, 'noise_gpe_sigma': 86.48282005086885, 'noise_gpi_sigma': 76.49029629402246, 'g_stn_gpe_mult': 3.1784939543639155, 'g_gpe_stn_mult': 0.1101050110761916, 'g_stn_gpi_mult': 3.675320740121846, 'g_gpe_gpi_mult': 0.8573997059323972}. Best is trial 615 with value: 0.14739028446966826.
[I 2026-05-28 01:50:38,864] Trial 682 finished with value: 0.28983474499242984 and parameters: {'ISTN': 62.390691889639946, 'I_gpe': 1.4006856099521414, 'I_gpi': 1.9001877071821256, 'noise_stn_sigma': 3.0136608096265363, 'noise_gpe_sigma': 76.3536023751032, 'noise_gpi_sigma': 88.34020646869288, 'g_stn_gpe_mult': 3.3254315983052547, 'g_gpe_stn_mult': 0.1351343942915127, 'g_stn_gpi_mult': 3.7885761166694865, 'g_gpe_gpi_mult': 0.8223665201980352}. Best is trial 615 with value: 0.14739028446966826.
[I 2026-05-28 01:50:39,873] Trial 683 finished with value: 0.18121077801579719 and parameters: {'ISTN': 61.58838766758314, 'I_gpe': 1.206581619456421, 'I_gpi': 1.8262339477369927, 'noise_stn_sigma': 3.75438695569584, 'noise_gpe_sigma': 75.52499933685903, 'noise_gpi_sigma': 95.10164990925877, 'g_stn_gpe_mult': 3.150068038022961, 'g_gpe_stn_mult': 0.18878853679351623, 'g_stn_gpi_mult': 3.6780086438922113, 'g_gpe_gpi_mult': 0.8742375089350023}. Best is trial 615 with value: 0.14739028446966826.
[I 2026-05-28 01:50:40,821] Trial 684 finished with value: 1000000.0 and parameters: {'ISTN': 65.32851535434617, 'I_gpe': 1.2854804103251536, 'I_gpi': 1.722297339740668, 'noise_stn_sigma': 2.9067878049310525, 'noise_gpe_sigma': 81.68222037040404, 'noise_gpi_sigma': 88.9292352472525, 'g_stn_gpe_mult': 2.8983634821113085, 'g_gpe_stn_mult': 0.17612418815092007, 'g_stn_gpi_mult': 3.8037419654963878, 'g_gpe_gpi_mult': 0.8080900703679201}. Best is trial 615 with value: 0.14739028446966826.
[I 2026-05-28 01:50:41,829] Trial 685 finished with value: 0.19087699566168997 and parameters: {'ISTN': 62.67721757439564, 'I_gpe': 1.3129960140707078, 'I_gpi': 1.7294710124516333, 'noise_stn_sigma': 3.0229805056787686, 'noise_gpe_sigma': 79.59674755770794, 'noise_gpi_sigma': 78.25925370415115, 'g_stn_gpe_mult': 3.349976475445489, 'g_gpe_stn_mult': 0.16347662513310507, 'g_stn_gpi_mult': 3.7003044570200165, 'g_gpe_gpi_mult': 0.8776734043367094}. Best is trial 615 with value: 0.14739028446966826.
[I 2026-05-28 01:50:42,837] Trial 686 finished with value: 0.17925703233389906 and parameters: {'ISTN': 62.24962673272909, 'I_gpe': 1.2900951973290566, 'I_gpi': 1.762991374287415, 'noise_stn_sigma': 3.1393617891240373, 'noise_gpe_sigma': 84.93700992977647, 'noise_gpi_sigma': 88.5005373250659, 'g_stn_gpe_mult': 3.0263449482859315, 'g_gpe_stn_mult': 0.1665158098336291, 'g_stn_gpi_mult': 3.7223331218632962, 'g_gpe_gpi_mult': 0.8145877504207639}. Best is trial 615 with value: 0.14739028446966826.
[I 2026-05-28 01:50:43,845] Trial 687 finished with value: 0.16910573966120732 and parameters: {'ISTN': 61.229043623493766, 'I_gpe': 1.2486071246980839, 'I_gpi': 1.9489531206378756, 'noise_stn_sigma': 3.4112605948745345, 'noise_gpe_sigma': 86.424344525721, 'noise_gpi_sigma': 97.80461585382292, 'g_stn_gpe_mult': 3.0623398071578194, 'g_gpe_stn_mult': 0.16486742614292127, 'g_stn_gpi_mult': 3.5867357975386542, 'g_gpe_gpi_mult': 0.7864404615538214}. Best is trial 615 with value: 0.14739028446966826.
[I 2026-05-28 01:50:44,854] Trial 688 finished with value: 0.16958612367594203 and parameters: {'ISTN': 60.53824609692914, 'I_gpe': 1.2543316693578646, 'I_gpi': 1.8348547501186676, 'noise_stn_sigma': 3.224463136710489, 'noise_gpe_sigma': 82.5515549504347, 'noise_gpi_sigma': 93.84573894911843, 'g_stn_gpe_mult': 3.0061015306091257, 'g_gpe_stn_mult': 0.20834673156689867, 'g_stn_gpi_mult': 3.69943414727062, 'g_gpe_gpi_mult': 0.876004844967585}. Best is trial 615 with value: 0.14739028446966826.
[I 2026-05-28 01:50:45,864] Trial 689 finished with value: 0.23166348109147628 and parameters: {'ISTN': 64.01888457462525, 'I_gpe': 1.3739533224432905, 'I_gpi': 1.4938852927678208, 'noise_stn_sigma': 3.408725998478973, 'noise_gpe_sigma': 73.15974057043391, 'noise_gpi_sigma': 81.57222151737832, 'g_stn_gpe_mult': 2.8223814009898636, 'g_gpe_stn_mult': 0.14458386249863478, 'g_stn_gpi_mult': 3.7070204368568405, 'g_gpe_gpi_mult': 0.835539342786128}. Best is trial 615 with value: 0.14739028446966826.
[I 2026-05-28 01:50:46,871] Trial 690 finished with value: 0.19881591384083255 and parameters: {'ISTN': 65.49010732352495, 'I_gpe': 1.4004672235365074, 'I_gpi': 1.7712143817607768, 'noise_stn_sigma': 3.1790712391233713, 'noise_gpe_sigma': 78.60246271112368, 'noise_gpi_sigma': 86.54732981526935, 'g_stn_gpe_mult': 3.02743814980573, 'g_gpe_stn_mult': 0.13188870368537284, 'g_stn_gpi_mult': 3.927457647652643, 'g_gpe_gpi_mult': 0.7793213608953846}. Best is trial 615 with value: 0.14739028446966826.
[I 2026-05-28 01:50:47,882] Trial 691 finished with value: 0.5438459562874773 and parameters: {'ISTN': 60.29860472911003, 'I_gpe': 1.1790690053404913, 'I_gpi': 1.7570686406229452, 'noise_stn_sigma': 3.519098458401217, 'noise_gpe_sigma': 72.99140815892757, 'noise_gpi_sigma': 96.76909826270634, 'g_stn_gpe_mult': 3.014125921076825, 'g_gpe_stn_mult': 0.1959209703625786, 'g_stn_gpi_mult': 3.583092608356061, 'g_gpe_gpi_mult': 0.8472635184916468}. Best is trial 615 with value: 0.14739028446966826.
[I 2026-05-28 01:50:48,893] Trial 692 finished with value: 0.17910367916622363 and parameters: {'ISTN': 62.20354578271169, 'I_gpe': 1.2145392217906732, 'I_gpi': 1.786920065642676, 'noise_stn_sigma': 4.308429234475549, 'noise_gpe_sigma': 82.0431188156272, 'noise_gpi_sigma': 93.99020795117923, 'g_stn_gpe_mult': 2.8985701047270984, 'g_gpe_stn_mult': 0.18573653687072905, 'g_stn_gpi_mult': 3.490622751537065, 'g_gpe_gpi_mult': 0.7952901970680466}. Best is trial 615 with value: 0.14739028446966826.
[I 2026-05-28 01:50:49,904] Trial 693 finished with value: 0.413535652656276 and parameters: {'ISTN': 61.0276958152331, 'I_gpe': 1.2030857559991164, 'I_gpi': 1.7736272668425825, 'noise_stn_sigma': 3.6061084619243067, 'noise_gpe_sigma': 82.62641971785257, 'noise_gpi_sigma': 102.26467231754619, 'g_stn_gpe_mult': 3.232034610201973, 'g_gpe_stn_mult': 0.17429290126357044, 'g_stn_gpi_mult': 3.6676370075580795, 'g_gpe_gpi_mult': 0.8263725913414661}. Best is trial 615 with value: 0.14739028446966826.
[I 2026-05-28 01:50:50,913] Trial 694 finished with value: 0.18133057009011294 and parameters: {'ISTN': 62.53040060117287, 'I_gpe': 1.3529870840908251, 'I_gpi': 1.7299250789250362, 'noise_stn_sigma': 2.996542328815242, 'noise_gpe_sigma': 83.71785481242169, 'noise_gpi_sigma': 83.73250472094125, 'g_stn_gpe_mult': 3.022325875010935, 'g_gpe_stn_mult': 0.18649712082757403, 'g_stn_gpi_mult': 3.795893603466082, 'g_gpe_gpi_mult': 0.8842004432255026}. Best is trial 615 with value: 0.14739028446966826.
[I 2026-05-28 01:50:51,923] Trial 695 finished with value: 0.17287597573149627 and parameters: {'ISTN': 60.081301627531545, 'I_gpe': 1.3003197873213215, 'I_gpi': 1.6955566389244336, 'noise_stn_sigma': 3.270332115811648, 'noise_gpe_sigma': 77.49025052711232, 'noise_gpi_sigma': 100.21163394931163, 'g_stn_gpe_mult': 3.0814959758956735, 'g_gpe_stn_mult': 0.14366026130264797, 'g_stn_gpi_mult': 3.3737944713533268, 'g_gpe_gpi_mult': 0.8102721284340288}. Best is trial 615 with value: 0.14739028446966826.
[I 2026-05-28 01:50:52,933] Trial 696 finished with value: 0.17017771855919306 and parameters: {'ISTN': 62.42473469809104, 'I_gpe': 1.2344733473630756, 'I_gpi': 1.8901020258391248, 'noise_stn_sigma': 3.2812196210022035, 'noise_gpe_sigma': 81.50986657417883, 'noise_gpi_sigma': 86.10955784024476, 'g_stn_gpe_mult': 3.1762624571545492, 'g_gpe_stn_mult': 0.13992063647549252, 'g_stn_gpi_mult': 3.730762245418354, 'g_gpe_gpi_mult': 0.8321111706015352}. Best is trial 615 with value: 0.14739028446966826.
[I 2026-05-28 01:50:53,944] Trial 697 finished with value: 0.19194966893837448 and parameters: {'ISTN': 60.8952092246082, 'I_gpe': 1.4265949829565698, 'I_gpi': 1.9467486211752325, 'noise_stn_sigma': 3.1716661475416745, 'noise_gpe_sigma': 82.30450191642704, 'noise_gpi_sigma': 92.26556481635757, 'g_stn_gpe_mult': 3.078807513818938, 'g_gpe_stn_mult': 0.21737033948466483, 'g_stn_gpi_mult': 3.901750071738344, 'g_gpe_gpi_mult': 0.8935326205702545}. Best is trial 615 with value: 0.14739028446966826.
[I 2026-05-28 01:50:54,953] Trial 698 finished with value: 0.1937337334453949 and parameters: {'ISTN': 63.31532152612115, 'I_gpe': 1.2058128525515162, 'I_gpi': 1.937793354375605, 'noise_stn_sigma': 3.413340622345234, 'noise_gpe_sigma': 80.09153218341189, 'noise_gpi_sigma': 93.04390655201972, 'g_stn_gpe_mult': 2.9515479560631728, 'g_gpe_stn_mult': 0.15703384479662386, 'g_stn_gpi_mult': 3.584142672073881, 'g_gpe_gpi_mult': 0.7506847973963062}. Best is trial 615 with value: 0.14739028446966826.
[I 2026-05-28 01:50:55,960] Trial 699 finished with value: 0.20784198000875106 and parameters: {'ISTN': 63.60624332893641, 'I_gpe': 1.2205080838644173, 'I_gpi': 1.7608716189371512, 'noise_stn_sigma': 3.206907057777392, 'noise_gpe_sigma': 84.20288291412055, 'noise_gpi_sigma': 76.35111269914117, 'g_stn_gpe_mult': 3.2315098516975596, 'g_gpe_stn_mult': 0.19206319192303029, 'g_stn_gpi_mult': 3.6356298633847186, 'g_gpe_gpi_mult': 0.8382600139926359}. Best is trial 615 with value: 0.14739028446966826.
[I 2026-05-28 01:50:56,967] Trial 700 finished with value: 0.18710907239127783 and parameters: {'ISTN': 61.33627460735235, 'I_gpe': 1.303302945100142, 'I_gpi': 1.933502009908092, 'noise_stn_sigma': 3.486225021581611, 'noise_gpe_sigma': 82.10253673768733, 'noise_gpi_sigma': 105.96164425526877, 'g_stn_gpe_mult': 2.9570633654689713, 'g_gpe_stn_mult': 0.1875872147805507, 'g_stn_gpi_mult': 3.7540409689510037, 'g_gpe_gpi_mult': 0.7841050066493438}. Best is trial 615 with value: 0.14739028446966826.
[I 2026-05-28 01:50:57,976] Trial 701 finished with value: 0.15507044207031223 and parameters: {'ISTN': 61.52653125588784, 'I_gpe': 1.178400339665982, 'I_gpi': 1.7440582415194272, 'noise_stn_sigma': 3.0391604755935293, 'noise_gpe_sigma': 80.87696307358219, 'noise_gpi_sigma': 84.32258249542492, 'g_stn_gpe_mult': 3.047350045309363, 'g_gpe_stn_mult': 0.13540813652439232, 'g_stn_gpi_mult': 3.808044941017335, 'g_gpe_gpi_mult': 0.8366526982766007}. Best is trial 615 with value: 0.14739028446966826.
[I 2026-05-28 01:50:58,986] Trial 702 finished with value: 0.16384813381814337 and parameters: {'ISTN': 61.44097092405815, 'I_gpe': 1.1168099651575598, 'I_gpi': 1.8262995788470993, 'noise_stn_sigma': 3.142969000961292, 'noise_gpe_sigma': 85.83414465535827, 'noise_gpi_sigma': 97.51993240437118, 'g_stn_gpe_mult': 3.208519667754888, 'g_gpe_stn_mult': 0.1601633400238705, 'g_stn_gpi_mult': 3.5372375208991613, 'g_gpe_gpi_mult': 0.8393502541309747}. Best is trial 615 with value: 0.14739028446966826.
[I 2026-05-28 01:50:59,996] Trial 703 finished with value: 0.16647936702446398 and parameters: {'ISTN': 63.26744701946626, 'I_gpe': 1.2999677631186102, 'I_gpi': 1.7824493975506668, 'noise_stn_sigma': 3.2017583013299356, 'noise_gpe_sigma': 80.23084064892026, 'noise_gpi_sigma': 93.33806707183382, 'g_stn_gpe_mult': 3.0279226105064594, 'g_gpe_stn_mult': 0.10877793994298252, 'g_stn_gpi_mult': 3.6172880289084173, 'g_gpe_gpi_mult': 0.8461974973728497}. Best is trial 615 with value: 0.14739028446966826.
