[I 2026-05-28 01:51:45,434] Trial 748 finished with value: 0.1881018349580077 and parameters: {'ISTN': 63.74881071994286, 'I_gpe': 1.124839256353594, 'I_gpi': 1.8647999462605374, 'noise_stn_sigma': 2.9739960347357353, 'noise_gpe_sigma': 80.78520546222016, 'noise_gpi_sigma': 79.64033380390869, 'g_stn_gpe_mult': 3.2486244995529416, 'g_gpe_stn_mult': 0.1547562893147631, 'g_stn_gpi_mult': 3.807231075259641, 'g_gpe_gpi_mult': 0.8359184658632299}. Best is trial 615 with value: 0.14739028446966826.
[I 2026-05-28 01:51:46,444] Trial 749 finished with value: 0.18250113578693666 and parameters: {'ISTN': 62.96278259378409, 'I_gpe': 1.2512132410594976, 'I_gpi': 1.8670276772867358, 'noise_stn_sigma': 2.8844044975665195, 'noise_gpe_sigma': 76.91484194827233, 'noise_gpi_sigma': 83.49562314731014, 'g_stn_gpe_mult': 3.4314510206843205, 'g_gpe_stn_mult': 0.14985955116011004, 'g_stn_gpi_mult': 3.76592806586408, 'g_gpe_gpi_mult': 0.8612204183246932}. Best is trial 615 with value: 0.14739028446966826.
[I 2026-05-28 01:51:47,455] Trial 750 finished with value: 0.1889583911434921 and parameters: {'ISTN': 61.392725824388165, 'I_gpe': 1.0940419082896502, 'I_gpi': 1.753615540276587, 'noise_stn_sigma': 3.1324610133774593, 'noise_gpe_sigma': 75.02578345248439, 'noise_gpi_sigma': 90.45420874825909, 'g_stn_gpe_mult': 3.2415413702909524, 'g_gpe_stn_mult': 0.1581659261798815, 'g_stn_gpi_mult': 3.8583331467616695, 'g_gpe_gpi_mult': 0.8647698175403902}. Best is trial 615 with value: 0.14739028446966826.
[I 2026-05-28 01:51:48,465] Trial 751 finished with value: 0.18215876368363337 and parameters: {'ISTN': 62.40062416229638, 'I_gpe': 1.1812311267551512, 'I_gpi': 1.8312096490151606, 'noise_stn_sigma': 2.672795364576645, 'noise_gpe_sigma': 82.0293784461094, 'noise_gpi_sigma': 77.05308893782819, 'g_stn_gpe_mult': 3.5298628770628744, 'g_gpe_stn_mult': 0.16779517951082829, 'g_stn_gpi_mult': 3.924159392233876, 'g_gpe_gpi_mult': 0.8458650753221477}. Best is trial 615 with value: 0.14739028446966826.
[I 2026-05-28 01:51:49,473] Trial 752 finished with value: 0.20340867161859694 and parameters: {'ISTN': 63.687485890313106, 'I_gpe': 1.0540770018288272, 'I_gpi': 1.8870313169990216, 'noise_stn_sigma': 2.982721642406338, 'noise_gpe_sigma': 77.0778191338712, 'noise_gpi_sigma': 82.11025437733981, 'g_stn_gpe_mult': 3.262095157557185, 'g_gpe_stn_mult': 0.1695486882699827, 'g_stn_gpi_mult': 3.890356536272962, 'g_gpe_gpi_mult': 0.8182372778535387}. Best is trial 615 with value: 0.14739028446966826.
[I 2026-05-28 01:51:50,481] Trial 753 finished with value: 0.18373385731143033 and parameters: {'ISTN': 61.0911773245195, 'I_gpe': 1.219587006083601, 'I_gpi': 1.7497522945609605, 'noise_stn_sigma': 3.2354712951244595, 'noise_gpe_sigma': 77.25233974260571, 'noise_gpi_sigma': 92.4230815676237, 'g_stn_gpe_mult': 3.1642335816843477, 'g_gpe_stn_mult': 0.18932494239273207, 'g_stn_gpi_mult': 3.894159631598687, 'g_gpe_gpi_mult': 0.8496862172119819}. Best is trial 615 with value: 0.14739028446966826.
[I 2026-05-28 01:51:51,491] Trial 754 finished with value: 1.7591804227128778 and parameters: {'ISTN': 60.46220686461788, 'I_gpe': 1.2121997850495516, 'I_gpi': 1.839168631513202, 'noise_stn_sigma': 2.558911327076303, 'noise_gpe_sigma': 77.77438487857967, 'noise_gpi_sigma': 85.69402832901318, 'g_stn_gpe_mult': 3.2978291514683, 'g_gpe_stn_mult': 0.14957497036407008, 'g_stn_gpi_mult': 3.846242087529365, 'g_gpe_gpi_mult': 0.8601501642089748}. Best is trial 615 with value: 0.14739028446966826.
[I 2026-05-28 01:51:52,501] Trial 755 finished with value: 0.18859811068074528 and parameters: {'ISTN': 62.75821006392825, 'I_gpe': 1.1668511591319364, 'I_gpi': 1.6500182116927078, 'noise_stn_sigma': 2.7061126778016806, 'noise_gpe_sigma': 81.2048870287081, 'noise_gpi_sigma': 85.26272336438134, 'g_stn_gpe_mult': 3.2507053434436357, 'g_gpe_stn_mult': 0.1714625802003626, 'g_stn_gpi_mult': 3.9843056009280877, 'g_gpe_gpi_mult': 0.8499625515023286}. Best is trial 615 with value: 0.14739028446966826.
[I 2026-05-28 01:51:53,509] Trial 756 finished with value: 0.1769574506966189 and parameters: {'ISTN': 61.43056429230097, 'I_gpe': 1.1348654472328605, 'I_gpi': 1.7809257819209279, 'noise_stn_sigma': 2.9880555265972166, 'noise_gpe_sigma': 82.62794290760446, 'noise_gpi_sigma': 80.51589567134224, 'g_stn_gpe_mult': 3.4164317129089117, 'g_gpe_stn_mult': 0.18453585263873318, 'g_stn_gpi_mult': 3.726587716476605, 'g_gpe_gpi_mult': 0.847525969025779}. Best is trial 615 with value: 0.14739028446966826.
[I 2026-05-28 01:51:54,520] Trial 757 finished with value: 0.19294955340522238 and parameters: {'ISTN': 63.24989708441832, 'I_gpe': 1.201882454217368, 'I_gpi': 1.958656666489389, 'noise_stn_sigma': 2.608842295172499, 'noise_gpe_sigma': 78.99328271557695, 'noise_gpi_sigma': 88.12847070389878, 'g_stn_gpe_mult': 3.3852288148468785, 'g_gpe_stn_mult': 0.14843543082127061, 'g_stn_gpi_mult': 3.9178141107857245, 'g_gpe_gpi_mult': 0.8675407610066259}. Best is trial 615 with value: 0.14739028446966826.
[I 2026-05-28 01:51:55,529] Trial 758 finished with value: 0.1752488030312419 and parameters: {'ISTN': 61.79468569062906, 'I_gpe': 1.129927449145197, 'I_gpi': 1.8039800296338906, 'noise_stn_sigma': 2.4616004392943345, 'noise_gpe_sigma': 81.56134943805895, 'noise_gpi_sigma': 78.61055437266754, 'g_stn_gpe_mult': 3.3412515148386825, 'g_gpe_stn_mult': 0.18239589195485145, 'g_stn_gpi_mult': 3.926501014457318, 'g_gpe_gpi_mult': 0.9205601929878324}. Best is trial 615 with value: 0.14739028446966826.
[I 2026-05-28 01:51:56,538] Trial 759 finished with value: 0.19410785842628636 and parameters: {'ISTN': 64.17991246053782, 'I_gpe': 1.1700683556908416, 'I_gpi': 1.6796000695573976, 'noise_stn_sigma': 3.0903318198725556, 'noise_gpe_sigma': 83.55408221542243, 'noise_gpi_sigma': 85.49769437585769, 'g_stn_gpe_mult': 3.2707803167417175, 'g_gpe_stn_mult': 0.1342016358909352, 'g_stn_gpi_mult': 3.9058593892315705, 'g_gpe_gpi_mult': 0.8615761002157905}. Best is trial 615 with value: 0.14739028446966826.
[I 2026-05-28 01:51:57,547] Trial 760 finished with value: 0.1904447481153209 and parameters: {'ISTN': 62.59715059073666, 'I_gpe': 1.267199172768322, 'I_gpi': 1.8700419544729643, 'noise_stn_sigma': 3.110108753499481, 'noise_gpe_sigma': 75.81228629077768, 'noise_gpi_sigma': 87.5303857663166, 'g_stn_gpe_mult': 3.4641734696509605, 'g_gpe_stn_mult': 0.16197027216279825, 'g_stn_gpi_mult': 3.8147556887580265, 'g_gpe_gpi_mult': 0.8746712285417835}. Best is trial 615 with value: 0.14739028446966826.
[I 2026-05-28 01:51:58,558] Trial 761 finished with value: 0.17912410063930304 and parameters: {'ISTN': 61.790026100427845, 'I_gpe': 1.058532698691265, 'I_gpi': 1.7826766573609842, 'noise_stn_sigma': 2.6043526841693123, 'noise_gpe_sigma': 83.28307258954113, 'noise_gpi_sigma': 78.40529378612541, 'g_stn_gpe_mult': 3.377133702021722, 'g_gpe_stn_mult': 0.18749620724685634, 'g_stn_gpi_mult': 3.9856195062754303, 'g_gpe_gpi_mult': 0.8648113533265953}. Best is trial 615 with value: 0.14739028446966826.
[I 2026-05-28 01:51:59,569] Trial 762 finished with value: 0.16741827486686148 and parameters: {'ISTN': 60.22537704886837, 'I_gpe': 1.0637965136814673, 'I_gpi': 1.7985180152027946, 'noise_stn_sigma': 2.6968458663908574, 'noise_gpe_sigma': 86.77653246433722, 'noise_gpi_sigma': 75.06620613685686, 'g_stn_gpe_mult': 3.3199329179589387, 'g_gpe_stn_mult': 0.21446495370769492, 'g_stn_gpi_mult': 3.8069514714619483, 'g_gpe_gpi_mult': 0.9193943591964118}. Best is trial 615 with value: 0.14739028446966826.
[I 2026-05-28 01:52:00,579] Trial 763 finished with value: 0.17122611328577075 and parameters: {'ISTN': 62.018399605698804, 'I_gpe': 1.0741477255350236, 'I_gpi': 1.813988667799486, 'noise_stn_sigma': 2.301270637036219, 'noise_gpe_sigma': 85.75493341763537, 'noise_gpi_sigma': 72.68643658512303, 'g_stn_gpe_mult': 3.6889227360550647, 'g_gpe_stn_mult': 0.17951652356357756, 'g_stn_gpi_mult': 3.836068771755726, 'g_gpe_gpi_mult': 0.9470190213544682}. Best is trial 615 with value: 0.14739028446966826.
[I 2026-05-28 01:52:01,588] Trial 764 finished with value: 0.19187046809929378 and parameters: {'ISTN': 64.51487990244628, 'I_gpe': 1.1620446276174314, 'I_gpi': 1.824975746483299, 'noise_stn_sigma': 2.4377371453157637, 'noise_gpe_sigma': 80.14130256221777, 'noise_gpi_sigma': 82.33399865164148, 'g_stn_gpe_mult': 3.496573447281782, 'g_gpe_stn_mult': 0.16572125343844624, 'g_stn_gpi_mult': 3.916728966903507, 'g_gpe_gpi_mult': 0.9157391514599764}. Best is trial 615 with value: 0.14739028446966826.
[I 2026-05-28 01:52:02,598] Trial 765 finished with value: 0.17320662904168815 and parameters: {'ISTN': 60.08009614880551, 'I_gpe': 1.0836173580775594, 'I_gpi': 1.808466567092057, 'noise_stn_sigma': 2.983698301423672, 'noise_gpe_sigma': 85.54474722556994, 'noise_gpi_sigma': 79.08513878950556, 'g_stn_gpe_mult': 3.3645289151564657, 'g_gpe_stn_mult': 0.21407300541603003, 'g_stn_gpi_mult': 3.765276990770401, 'g_gpe_gpi_mult': 0.8770369380708181}. Best is trial 615 with value: 0.14739028446966826.
[I 2026-05-28 01:52:03,606] Trial 766 finished with value: 0.17980863045942433 and parameters: {'ISTN': 61.53415116686784, 'I_gpe': 1.1817457093214094, 'I_gpi': 1.7439743125434057, 'noise_stn_sigma': 2.687448423226779, 'noise_gpe_sigma': 78.93533936375988, 'noise_gpi_sigma': 80.56783154168997, 'g_stn_gpe_mult': 3.3497241051691984, 'g_gpe_stn_mult': 0.18444166437579748, 'g_stn_gpi_mult': 3.950873348789245, 'g_gpe_gpi_mult': 0.9149962703081402}. Best is trial 615 with value: 0.14739028446966826.
[I 2026-05-28 01:52:04,616] Trial 767 finished with value: 0.17738489488019205 and parameters: {'ISTN': 62.227312390882275, 'I_gpe': 1.0699619802873819, 'I_gpi': 1.712509758104163, 'noise_stn_sigma': 2.7800726140124015, 'noise_gpe_sigma': 87.66606824475613, 'noise_gpi_sigma': 74.11078374058135, 'g_stn_gpe_mult': 3.482256019329407, 'g_gpe_stn_mult': 0.18050955626602744, 'g_stn_gpi_mult': 3.971430049422596, 'g_gpe_gpi_mult': 0.8789627771127864}. Best is trial 615 with value: 0.14739028446966826.
[I 2026-05-28 01:52:05,627] Trial 768 finished with value: 0.17544080000746862 and parameters: {'ISTN': 62.043258337984646, 'I_gpe': 1.0900712738347185, 'I_gpi': 1.7145664123419095, 'noise_stn_sigma': 2.515710565293387, 'noise_gpe_sigma': 85.32472937993025, 'noise_gpi_sigma': 78.52478117030066, 'g_stn_gpe_mult': 3.542460399788551, 'g_gpe_stn_mult': 0.18717964350298, 'g_stn_gpi_mult': 3.9862632163405483, 'g_gpe_gpi_mult': 0.9234507402090584}. Best is trial 615 with value: 0.14739028446966826.
[I 2026-05-28 01:52:06,636] Trial 769 finished with value: 0.17810559026429237 and parameters: {'ISTN': 60.770910112597036, 'I_gpe': 1.1443158995063731, 'I_gpi': 1.725419910430897, 'noise_stn_sigma': 2.9988912511479864, 'noise_gpe_sigma': 82.6568997328009, 'noise_gpi_sigma': 85.47882537467481, 'g_stn_gpe_mult': 3.3240695348154583, 'g_gpe_stn_mult': 0.2090672555825005, 'g_stn_gpi_mult': 3.7300842535819974, 'g_gpe_gpi_mult': 0.8697134807748033}. Best is trial 615 with value: 0.14739028446966826.
[I 2026-05-28 01:52:07,646] Trial 770 finished with value: 0.15463628690064507 and parameters: {'ISTN': 60.025749116127606, 'I_gpe': 1.1725782346386076, 'I_gpi': 1.727604653500221, 'noise_stn_sigma': 2.9436346866313357, 'noise_gpe_sigma': 87.01385474924388, 'noise_gpi_sigma': 81.4966777192441, 'g_stn_gpe_mult': 3.362129860262822, 'g_gpe_stn_mult': 0.19513943779042714, 'g_stn_gpi_mult': 3.8104767405687014, 'g_gpe_gpi_mult': 0.833334344209854}. Best is trial 615 with value: 0.14739028446966826.
[I 2026-05-28 01:52:08,657] Trial 771 finished with value: 0.17323549184276107 and parameters: {'ISTN': 61.32022571204528, 'I_gpe': 1.09145287441129, 'I_gpi': 1.783286586436677, 'noise_stn_sigma': 2.819355907614156, 'noise_gpe_sigma': 89.15407449898515, 'noise_gpi_sigma': 79.14508712345594, 'g_stn_gpe_mult': 3.475443580088006, 'g_gpe_stn_mult': 0.21250158218449353, 'g_stn_gpi_mult': 3.8274702232780404, 'g_gpe_gpi_mult': 0.9162539263089078}. Best is trial 615 with value: 0.14739028446966826.
[I 2026-05-28 01:52:09,665] Trial 772 finished with value: 0.1541629602451965 and parameters: {'ISTN': 61.005668086698144, 'I_gpe': 1.1282601899130884, 'I_gpi': 1.7849048900967153, 'noise_stn_sigma': 2.8082597857153617, 'noise_gpe_sigma': 81.89275777826138, 'noise_gpi_sigma': 77.35856037391216, 'g_stn_gpe_mult': 3.379021494738537, 'g_gpe_stn_mult': 0.17657012961115431, 'g_stn_gpi_mult': 3.706625800944771, 'g_gpe_gpi_mult': 0.8779166122530695}. Best is trial 615 with value: 0.14739028446966826.
[I 2026-05-28 01:52:10,674] Trial 773 finished with value: 0.39604500658476527 and parameters: {'ISTN': 60.3998067525572, 'I_gpe': 1.1528992749665994, 'I_gpi': 1.8446008375189504, 'noise_stn_sigma': 2.3418719440724667, 'noise_gpe_sigma': 88.88884829225324, 'noise_gpi_sigma': 73.75833603462023, 'g_stn_gpe_mult': 3.5807616158223596, 'g_gpe_stn_mult': 0.19911212626539992, 'g_stn_gpi_mult': 3.8173191860524116, 'g_gpe_gpi_mult': 0.8865718226528456}. Best is trial 615 with value: 0.14739028446966826.
[I 2026-05-28 01:52:11,684] Trial 774 finished with value: 0.18002050708187947 and parameters: {'ISTN': 61.54352960242487, 'I_gpe': 1.0402880400243801, 'I_gpi': 1.6471275029536663, 'noise_stn_sigma': 2.7259536937877478, 'noise_gpe_sigma': 86.97422160476131, 'noise_gpi_sigma': 79.97604834882908, 'g_stn_gpe_mult': 3.4934346162225793, 'g_gpe_stn_mult': 0.184428583710245, 'g_stn_gpi_mult': 3.9448312168164956, 'g_gpe_gpi_mult': 0.8564079141040817}. Best is trial 615 with value: 0.14739028446966826.
[I 2026-05-28 01:52:12,695] Trial 775 finished with value: 0.14362186524515327 and parameters: {'ISTN': 60.61486743860869, 'I_gpe': 1.2072195627647115, 'I_gpi': 1.826351913121664, 'noise_stn_sigma': 2.9158041331224576, 'noise_gpe_sigma': 87.06070570506024, 'noise_gpi_sigma': 78.38309137674716, 'g_stn_gpe_mult': 3.3886655465269824, 'g_gpe_stn_mult': 0.16908241904433574, 'g_stn_gpi_mult': 3.729828372426227, 'g_gpe_gpi_mult': 0.8457949647927976}. Best is trial 775 with value: 0.14362186524515327.
[I 2026-05-28 01:52:13,704] Trial 776 finished with value: 0.222099976774452 and parameters: {'ISTN': 60.935936947932255, 'I_gpe': 1.1831596386597112, 'I_gpi': 1.7218393480167173, 'noise_stn_sigma': 2.399365133073368, 'noise_gpe_sigma': 84.35043465840342, 'noise_gpi_sigma': 75.2444219528472, 'g_stn_gpe_mult': 3.450961430009368, 'g_gpe_stn_mult': 0.18854400625368556, 'g_stn_gpi_mult': 3.9455961864459055, 'g_gpe_gpi_mult': 0.8900783609913172}. Best is trial 775 with value: 0.14362186524515327.
[I 2026-05-28 01:52:14,712] Trial 777 finished with value: 0.14793617243488139 and parameters: {'ISTN': 60.699206129049976, 'I_gpe': 1.1055688259741414, 'I_gpi': 1.7883264203966505, 'noise_stn_sigma': 2.7746792375619735, 'noise_gpe_sigma': 88.29952880902444, 'noise_gpi_sigma': 73.78371565890438, 'g_stn_gpe_mult': 3.2986314476016982, 'g_gpe_stn_mult': 0.17297497663255834, 'g_stn_gpi_mult': 3.7330303919878274, 'g_gpe_gpi_mult': 0.8144544849700199}. Best is trial 775 with value: 0.14362186524515327.
[I 2026-05-28 01:52:15,720] Trial 778 finished with value: 0.18102400432357943 and parameters: {'ISTN': 61.163285866331044, 'I_gpe': 1.1216422859617707, 'I_gpi': 1.6830469527114693, 'noise_stn_sigma': 2.9990049564489922, 'noise_gpe_sigma': 83.64094191399792, 'noise_gpi_sigma': 82.16538280109904, 'g_stn_gpe_mult': 3.236377478612457, 'g_gpe_stn_mult': 0.19518434244549776, 'g_stn_gpi_mult': 3.860562030264572, 'g_gpe_gpi_mult': 0.8869026928578272}. Best is trial 775 with value: 0.14362186524515327.
[I 2026-05-28 01:52:16,730] Trial 779 finished with value: 0.18376300739297932 and parameters: {'ISTN': 61.67183607754212, 'I_gpe': 1.163679645211448, 'I_gpi': 1.7779643868886477, 'noise_stn_sigma': 2.768459862905598, 'noise_gpe_sigma': 77.28362302082076, 'noise_gpi_sigma': 81.11271884002964, 'g_stn_gpe_mult': 3.1439467714213567, 'g_gpe_stn_mult': 0.18842971211361398, 'g_stn_gpi_mult': 3.732674868499542, 'g_gpe_gpi_mult': 0.936258930328419}. Best is trial 775 with value: 0.14362186524515327.
[I 2026-05-28 01:52:17,739] Trial 780 finished with value: 0.1815967282229291 and parameters: {'ISTN': 63.351947470705404, 'I_gpe': 1.123299344568506, 'I_gpi': 1.83803586825521, 'noise_stn_sigma': 2.6092285288722508, 'noise_gpe_sigma': 81.8262937878549, 'noise_gpi_sigma': 77.84481304837985, 'g_stn_gpe_mult': 3.257396783231526, 'g_gpe_stn_mult': 0.18112670787484686, 'g_stn_gpi_mult': 3.8719558685519377, 'g_gpe_gpi_mult': 0.8786378398040413}. Best is trial 775 with value: 0.14362186524515327.
[I 2026-05-28 01:52:18,750] Trial 781 finished with value: 0.15381991488787697 and parameters: {'ISTN': 61.115892099231544, 'I_gpe': 1.1216456621846813, 'I_gpi': 1.7467664098334024, 'noise_stn_sigma': 2.8125762822479654, 'noise_gpe_sigma': 77.71023917963657, 'noise_gpi_sigma': 72.7891346927702, 'g_stn_gpe_mult': 3.4048710561277717, 'g_gpe_stn_mult': 0.1570332711703849, 'g_stn_gpi_mult': 3.9252644834158406, 'g_gpe_gpi_mult': 0.859255791464167}. Best is trial 775 with value: 0.14362186524515327.
[I 2026-05-28 01:52:19,759] Trial 782 finished with value: 0.7496369162205936 and parameters: {'ISTN': 61.83973376329448, 'I_gpe': 1.1554855977694898, 'I_gpi': 1.8174551367370038, 'noise_stn_sigma': 3.051247376410411, 'noise_gpe_sigma': 86.83313363640241, 'noise_gpi_sigma': 76.82810681487521, 'g_stn_gpe_mult': 3.319603497880597, 'g_gpe_stn_mult': 0.1356696704531561, 'g_stn_gpi_mult': 3.7666263175008, 'g_gpe_gpi_mult': 0.8323349593011848}. Best is trial 775 with value: 0.14362186524515327.
[I 2026-05-28 01:52:20,768] Trial 783 finished with value: 0.1543766447832174 and parameters: {'ISTN': 60.96677776717519, 'I_gpe': 1.1736899159823375, 'I_gpi': 1.7846851397580323, 'noise_stn_sigma': 3.069728663393679, 'noise_gpe_sigma': 79.2036767202754, 'noise_gpi_sigma': 86.95905350601495, 'g_stn_gpe_mult': 3.3416733522025233, 'g_gpe_stn_mult': 0.16302780366386138, 'g_stn_gpi_mult': 3.832974979490757, 'g_gpe_gpi_mult': 0.8612876713215694}. Best is trial 775 with value: 0.14362186524515327.
[I 2026-05-28 01:52:21,778] Trial 784 finished with value: 0.3062726545020482 and parameters: {'ISTN': 61.90635143243472, 'I_gpe': 1.0942667069302843, 'I_gpi': 1.8152580483265575, 'noise_stn_sigma': 3.019719269244041, 'noise_gpe_sigma': 89.08854608067841, 'noise_gpi_sigma': 80.44526913898386, 'g_stn_gpe_mult': 3.363617242540976, 'g_gpe_stn_mult': 0.168024921049586, 'g_stn_gpi_mult': 3.638427244377014, 'g_gpe_gpi_mult': 0.805696433630182}. Best is trial 775 with value: 0.14362186524515327.
[I 2026-05-28 01:52:22,788] Trial 785 finished with value: 0.1738459527325537 and parameters: {'ISTN': 61.91025834966879, 'I_gpe': 1.1863730457808161, 'I_gpi': 1.7050914623967515, 'noise_stn_sigma': 2.979179880156879, 'noise_gpe_sigma': 91.61866567693097, 'noise_gpi_sigma': 76.19396735280691, 'g_stn_gpe_mult': 3.342294074032906, 'g_gpe_stn_mult': 0.19225019416176797, 'g_stn_gpi_mult': 3.7286395579749265, 'g_gpe_gpi_mult': 0.8522893636367548}. Best is trial 775 with value: 0.14362186524515327.
[I 2026-05-28 01:52:23,796] Trial 786 finished with value: 0.1711310959654323 and parameters: {'ISTN': 61.097591159872245, 'I_gpe': 1.0621529134072267, 'I_gpi': 1.8313828970942914, 'noise_stn_sigma': 2.810366637505837, 'noise_gpe_sigma': 91.81671019559127, 'noise_gpi_sigma': 69.711743401332, 'g_stn_gpe_mult': 3.2668760981837477, 'g_gpe_stn_mult': 0.1806257849217342, 'g_stn_gpi_mult': 3.923462101318339, 'g_gpe_gpi_mult': 0.8391786534054047}. Best is trial 775 with value: 0.14362186524515327.
[I 2026-05-28 01:52:24,806] Trial 787 finished with value: 0.19448112238290713 and parameters: {'ISTN': 61.86413030441907, 'I_gpe': 1.2646933830150668, 'I_gpi': 1.9754104747639238, 'noise_stn_sigma': 2.7726274004301015, 'noise_gpe_sigma': 83.16016897417097, 'noise_gpi_sigma': 70.79409257807684, 'g_stn_gpe_mult': 3.485914327670778, 'g_gpe_stn_mult': 0.163760130499789, 'g_stn_gpi_mult': 3.6898058181316613, 'g_gpe_gpi_mult': 0.83215383331202}. Best is trial 775 with value: 0.14362186524515327.
[I 2026-05-28 01:52:25,816] Trial 788 finished with value: 0.18908353921707177 and parameters: {'ISTN': 63.11698524937123, 'I_gpe': 1.137935905647903, 'I_gpi': 1.637898854243714, 'noise_stn_sigma': 2.9613986157932697, 'noise_gpe_sigma': 84.78145635746941, 'noise_gpi_sigma': 74.74221383044718, 'g_stn_gpe_mult': 3.3970665718553, 'g_gpe_stn_mult': 0.17613726428443888, 'g_stn_gpi_mult': 3.715130531094942, 'g_gpe_gpi_mult': 0.8056276665499424}. Best is trial 775 with value: 0.14362186524515327.
[I 2026-05-28 01:52:26,827] Trial 789 finished with value: 0.15879469355904552 and parameters: {'ISTN': 60.88249648818527, 'I_gpe': 1.082512377607316, 'I_gpi': 1.8246975128088558, 'noise_stn_sigma': 3.011744065770985, 'noise_gpe_sigma': 85.06125629953173, 'noise_gpi_sigma': 75.30460474893393, 'g_stn_gpe_mult': 3.3637429983837333, 'g_gpe_stn_mult': 0.1769661532616027, 'g_stn_gpi_mult': 3.6974730087701695, 'g_gpe_gpi_mult': 0.8280336311882357}. Best is trial 775 with value: 0.14362186524515327.
[I 2026-05-28 01:52:27,833] Trial 790 finished with value: 0.3775345915800118 and parameters: {'ISTN': 61.356303591825814, 'I_gpe': 1.1999693575824817, 'I_gpi': 1.911366068993281, 'noise_stn_sigma': 2.844813557783652, 'noise_gpe_sigma': 87.57654149568131, 'noise_gpi_sigma': 70.1799410096462, 'g_stn_gpe_mult': 3.5791646463331563, 'g_gpe_stn_mult': 0.1384362035231882, 'g_stn_gpi_mult': 3.843506404417725, 'g_gpe_gpi_mult': 0.883297787409743}. Best is trial 775 with value: 0.14362186524515327.
[I 2026-05-28 01:52:28,844] Trial 791 finished with value: 0.24624162097342217 and parameters: {'ISTN': 61.38759356342516, 'I_gpe': 1.2366769581022417, 'I_gpi': 1.7692657607488285, 'noise_stn_sigma': 2.858756004227266, 'noise_gpe_sigma': 73.31543582719308, 'noise_gpi_sigma': 74.55220900002249, 'g_stn_gpe_mult': 3.361628851610673, 'g_gpe_stn_mult': 0.16043769475167252, 'g_stn_gpi_mult': 3.6881735455638442, 'g_gpe_gpi_mult': 0.8316444205585678}. Best is trial 775 with value: 0.14362186524515327.
