[I 2026-05-28 01:41:24,626] Trial 132 finished with value: 3.0779352661455457 and parameters: {'ISTN': 69.32935684733786, 'I_gpe': 1.0608258973853093, 'I_gpi': 2.590002542908857, 'noise_stn_sigma': 7.079471479809207, 'noise_gpe_sigma': 55.360677297675394, 'noise_gpi_sigma': 77.99792441486005, 'g_stn_gpe_mult': 2.1635201921178333, 'g_gpe_stn_mult': 0.2663345553356781, 'g_stn_gpi_mult': 1.9010780979796325, 'g_gpe_gpi_mult': 0.5331394114278034}. Best is trial 50 with value: 0.4363955767989327.
[I 2026-05-28 01:41:25,634] Trial 133 finished with value: 3.3283231048779234 and parameters: {'ISTN': 80.30891531148096, 'I_gpe': 1.309078691319924, 'I_gpi': 2.3016984259514306, 'noise_stn_sigma': 5.957462436140821, 'noise_gpe_sigma': 71.56421068824994, 'noise_gpi_sigma': 69.07752850664846, 'g_stn_gpe_mult': 2.5605910087918917, 'g_gpe_stn_mult': 0.12131644289653488, 'g_stn_gpi_mult': 1.7675848578137825, 'g_gpe_gpi_mult': 0.3644424539130889}. Best is trial 50 with value: 0.4363955767989327.
[I 2026-05-28 01:41:26,641] Trial 134 finished with value: 3.729994456254685 and parameters: {'ISTN': 79.43075939596102, 'I_gpe': 0.5648164065100796, 'I_gpi': 2.4638253089910584, 'noise_stn_sigma': 6.911033354717958, 'noise_gpe_sigma': 69.70335490159596, 'noise_gpi_sigma': 69.04451064058506, 'g_stn_gpe_mult': 2.2219921098294226, 'g_gpe_stn_mult': 0.12926147925219017, 'g_stn_gpi_mult': 2.5713720117237218, 'g_gpe_gpi_mult': 0.6818859603821883}. Best is trial 50 with value: 0.4363955767989327.
[I 2026-05-28 01:41:27,649] Trial 135 finished with value: 2.372901085421979 and parameters: {'ISTN': 65.76790474186448, 'I_gpe': 1.686329747925252, 'I_gpi': 2.322801798607081, 'noise_stn_sigma': 6.809965531524493, 'noise_gpe_sigma': 72.90255223498863, 'noise_gpi_sigma': 72.88815142475947, 'g_stn_gpe_mult': 2.0637085480092656, 'g_gpe_stn_mult': 0.2296795392460883, 'g_stn_gpi_mult': 2.0469595660904076, 'g_gpe_gpi_mult': 0.4852806308313861}. Best is trial 50 with value: 0.4363955767989327.
[I 2026-05-28 01:41:28,657] Trial 136 finished with value: 2.8630680563688555 and parameters: {'ISTN': 78.83553111090427, 'I_gpe': 0.901258966745966, 'I_gpi': 2.320017133580736, 'noise_stn_sigma': 6.835151907989914, 'noise_gpe_sigma': 68.36439307763985, 'noise_gpi_sigma': 67.47236886480025, 'g_stn_gpe_mult': 1.807542300326829, 'g_gpe_stn_mult': 0.21583026893587348, 'g_stn_gpi_mult': 2.1045506988761056, 'g_gpe_gpi_mult': 0.6807670341161174}. Best is trial 50 with value: 0.4363955767989327.
[I 2026-05-28 01:41:29,666] Trial 137 finished with value: 1.8436214027012001 and parameters: {'ISTN': 80.80132558480777, 'I_gpe': 0.9255400875817215, 'I_gpi': 2.147307558838872, 'noise_stn_sigma': 7.689367103534108, 'noise_gpe_sigma': 63.262831519879796, 'noise_gpi_sigma': 81.12533007155109, 'g_stn_gpe_mult': 2.5293639813749786, 'g_gpe_stn_mult': 0.15476405336073612, 'g_stn_gpi_mult': 1.9917423381243096, 'g_gpe_gpi_mult': 0.5308717695511813}. Best is trial 50 with value: 0.4363955767989327.
[I 2026-05-28 01:41:30,673] Trial 138 finished with value: 1.4998502550629653 and parameters: {'ISTN': 66.33665191120089, 'I_gpe': 0.8696537438187049, 'I_gpi': 2.737323927111689, 'noise_stn_sigma': 7.920671597260123, 'noise_gpe_sigma': 87.70060649459737, 'noise_gpi_sigma': 88.81057285588898, 'g_stn_gpe_mult': 2.2853833274294137, 'g_gpe_stn_mult': 0.2998005784323947, 'g_stn_gpi_mult': 2.761711970980258, 'g_gpe_gpi_mult': 0.5115760568193695}. Best is trial 50 with value: 0.4363955767989327.
[I 2026-05-28 01:41:31,683] Trial 139 finished with value: 0.6737837320623798 and parameters: {'ISTN': 62.47380784073153, 'I_gpe': 0.8640012646404199, 'I_gpi': 1.847463855896032, 'noise_stn_sigma': 7.448937510554204, 'noise_gpe_sigma': 92.72842513509096, 'noise_gpi_sigma': 92.58029011049575, 'g_stn_gpe_mult': 1.8639294671426556, 'g_gpe_stn_mult': 0.1862622645046681, 'g_stn_gpi_mult': 1.9995691353588236, 'g_gpe_gpi_mult': 0.589176044261568}. Best is trial 50 with value: 0.4363955767989327.
[I 2026-05-28 01:41:32,691] Trial 140 finished with value: 2.2943208445783725 and parameters: {'ISTN': 66.60177398352405, 'I_gpe': 0.6425875258615522, 'I_gpi': 2.218946072441609, 'noise_stn_sigma': 7.372116868065619, 'noise_gpe_sigma': 61.50889445623433, 'noise_gpi_sigma': 86.64460067224834, 'g_stn_gpe_mult': 2.866553109673566, 'g_gpe_stn_mult': 0.21449166435050776, 'g_stn_gpi_mult': 3.0375204837598995, 'g_gpe_gpi_mult': 0.5988645717272765}. Best is trial 50 with value: 0.4363955767989327.
[I 2026-05-28 01:41:33,699] Trial 141 finished with value: 3.564276462167916 and parameters: {'ISTN': 77.85634310065663, 'I_gpe': 0.6278572796515663, 'I_gpi': 1.910296966570791, 'noise_stn_sigma': 7.210559416063023, 'noise_gpe_sigma': 54.27849560907266, 'noise_gpi_sigma': 92.21054894274978, 'g_stn_gpe_mult': 2.027217268400089, 'g_gpe_stn_mult': 0.222751889253601, 'g_stn_gpi_mult': 2.290459756427855, 'g_gpe_gpi_mult': 0.6397172717866526}. Best is trial 50 with value: 0.4363955767989327.
[I 2026-05-28 01:41:34,707] Trial 142 finished with value: 2.2133387592541665 and parameters: {'ISTN': 75.14052147085683, 'I_gpe': 0.7555468321364152, 'I_gpi': 2.3835965346148154, 'noise_stn_sigma': 7.890241100379561, 'noise_gpe_sigma': 75.14972407994293, 'noise_gpi_sigma': 64.01198764777308, 'g_stn_gpe_mult': 1.7691015389250118, 'g_gpe_stn_mult': 0.2564452387366686, 'g_stn_gpi_mult': 2.7342953493307713, 'g_gpe_gpi_mult': 0.47700114229308316}. Best is trial 50 with value: 0.4363955767989327.
[I 2026-05-28 01:41:35,714] Trial 143 finished with value: 1.8961122567530189 and parameters: {'ISTN': 68.89985891828759, 'I_gpe': 1.435728355398156, 'I_gpi': 2.7643078149963403, 'noise_stn_sigma': 7.166282066935125, 'noise_gpe_sigma': 88.08628694057644, 'noise_gpi_sigma': 93.42642372233705, 'g_stn_gpe_mult': 2.2364857377099994, 'g_gpe_stn_mult': 0.2503249224400372, 'g_stn_gpi_mult': 2.2423982424816624, 'g_gpe_gpi_mult': 0.5435103294487378}. Best is trial 50 with value: 0.4363955767989327.
[I 2026-05-28 01:41:36,722] Trial 144 finished with value: 1.3908891698660253 and parameters: {'ISTN': 66.75178855799301, 'I_gpe': 0.9547774587193373, 'I_gpi': 2.130013098870076, 'noise_stn_sigma': 6.8635771041884865, 'noise_gpe_sigma': 98.28423639895583, 'noise_gpi_sigma': 83.17465089297251, 'g_stn_gpe_mult': 2.8110180808579903, 'g_gpe_stn_mult': 0.11648273813724933, 'g_stn_gpi_mult': 2.0543624142950323, 'g_gpe_gpi_mult': 0.489764384542828}. Best is trial 50 with value: 0.4363955767989327.
[I 2026-05-28 01:41:37,732] Trial 145 finished with value: 2.6161459036916783 and parameters: {'ISTN': 68.75875954547234, 'I_gpe': 1.7041659744298314, 'I_gpi': 2.4754822015471944, 'noise_stn_sigma': 7.858941350898377, 'noise_gpe_sigma': 90.4089947210893, 'noise_gpi_sigma': 75.49425444060627, 'g_stn_gpe_mult': 1.9489279407796565, 'g_gpe_stn_mult': 0.22742366545160175, 'g_stn_gpi_mult': 1.9252350586822793, 'g_gpe_gpi_mult': 0.5928843763450484}. Best is trial 50 with value: 0.4363955767989327.
[I 2026-05-28 01:41:38,739] Trial 146 finished with value: 1.5787611939912014 and parameters: {'ISTN': 68.64305946266677, 'I_gpe': 0.8300563052118359, 'I_gpi': 1.6837133682079213, 'noise_stn_sigma': 7.516461391605804, 'noise_gpe_sigma': 68.35201413348365, 'noise_gpi_sigma': 108.03193519376376, 'g_stn_gpe_mult': 2.0563891074671132, 'g_gpe_stn_mult': 0.35554319066653806, 'g_stn_gpi_mult': 1.992127575691269, 'g_gpe_gpi_mult': 0.5469854604256104}. Best is trial 50 with value: 0.4363955767989327.
[I 2026-05-28 01:41:39,747] Trial 147 finished with value: 0.585040914250989 and parameters: {'ISTN': 62.857936512987, 'I_gpe': 1.4798455091716582, 'I_gpi': 2.342437724045225, 'noise_stn_sigma': 7.49086526713924, 'noise_gpe_sigma': 75.13572658659677, 'noise_gpi_sigma': 93.56678346615706, 'g_stn_gpe_mult': 1.8463023087654216, 'g_gpe_stn_mult': 0.16461891889793556, 'g_stn_gpi_mult': 2.2230709711802805, 'g_gpe_gpi_mult': 0.5458141434884048}. Best is trial 50 with value: 0.4363955767989327.
[I 2026-05-28 01:41:40,756] Trial 148 finished with value: 2.085135933766308 and parameters: {'ISTN': 72.62424806958157, 'I_gpe': 0.7359378985189302, 'I_gpi': 2.068708679359405, 'noise_stn_sigma': 6.493074577916048, 'noise_gpe_sigma': 95.8618562331701, 'noise_gpi_sigma': 66.75689144808604, 'g_stn_gpe_mult': 2.0003442149616744, 'g_gpe_stn_mult': 0.3272421316091942, 'g_stn_gpi_mult': 2.961064411121284, 'g_gpe_gpi_mult': 0.6317318997596302}. Best is trial 50 with value: 0.4363955767989327.
[I 2026-05-28 01:41:41,765] Trial 149 finished with value: 2.4643094999200525 and parameters: {'ISTN': 76.72648183963972, 'I_gpe': 0.7824791008501807, 'I_gpi': 1.860648783766009, 'noise_stn_sigma': 7.7801928524530215, 'noise_gpe_sigma': 71.68171779539395, 'noise_gpi_sigma': 106.47446716905138, 'g_stn_gpe_mult': 2.0314568080375013, 'g_gpe_stn_mult': 0.2644498453810764, 'g_stn_gpi_mult': 2.0336446378468174, 'g_gpe_gpi_mult': 0.6080817440941378}. Best is trial 50 with value: 0.4363955767989327.
[I 2026-05-28 01:41:42,774] Trial 150 finished with value: 1.8842993062480438 and parameters: {'ISTN': 65.99148457099574, 'I_gpe': 0.9809112193937402, 'I_gpi': 1.7739504620300204, 'noise_stn_sigma': 7.4128135618183135, 'noise_gpe_sigma': 102.28335942527963, 'noise_gpi_sigma': 105.12119878347086, 'g_stn_gpe_mult': 2.1431112017602705, 'g_gpe_stn_mult': 0.17721589825169165, 'g_stn_gpi_mult': 2.319127880768274, 'g_gpe_gpi_mult': 0.3420164226570863}. Best is trial 50 with value: 0.4363955767989327.
[I 2026-05-28 01:41:43,783] Trial 151 finished with value: 0.9993660903991237 and parameters: {'ISTN': 71.07640261208917, 'I_gpe': 0.8759831621266632, 'I_gpi': 2.162161824949087, 'noise_stn_sigma': 7.856865967949381, 'noise_gpe_sigma': 96.93769311141435, 'noise_gpi_sigma': 119.4393394617697, 'g_stn_gpe_mult': 2.0890694886617713, 'g_gpe_stn_mult': 0.2895594218551526, 'g_stn_gpi_mult': 2.0391010168820163, 'g_gpe_gpi_mult': 0.4806067364251468}. Best is trial 50 with value: 0.4363955767989327.
[I 2026-05-28 01:41:44,793] Trial 152 finished with value: 3.6709421407443323 and parameters: {'ISTN': 75.22783043852726, 'I_gpe': 1.8891141601120134, 'I_gpi': 2.2951996478066237, 'noise_stn_sigma': 6.670299937751278, 'noise_gpe_sigma': 97.36402392109802, 'noise_gpi_sigma': 111.6216565176057, 'g_stn_gpe_mult': 2.2521532817364194, 'g_gpe_stn_mult': 0.24570011099571634, 'g_stn_gpi_mult': 2.5465299800695274, 'g_gpe_gpi_mult': 0.5067225123710202}. Best is trial 50 with value: 0.4363955767989327.
[I 2026-05-28 01:41:45,803] Trial 153 finished with value: 0.4932290029383247 and parameters: {'ISTN': 64.46839729571721, 'I_gpe': 0.74086855697973, 'I_gpi': 2.07614281498215, 'noise_stn_sigma': 6.713224318183011, 'noise_gpe_sigma': 91.82062751558368, 'noise_gpi_sigma': 110.71337609826058, 'g_stn_gpe_mult': 2.0680538428763926, 'g_gpe_stn_mult': 0.25516844870354016, 'g_stn_gpi_mult': 2.006909121598108, 'g_gpe_gpi_mult': 0.5988716484181784}. Best is trial 50 with value: 0.4363955767989327.
[I 2026-05-28 01:41:46,810] Trial 154 finished with value: 2.8165070312236384 and parameters: {'ISTN': 67.75687168776683, 'I_gpe': 0.6783969214639478, 'I_gpi': 1.924379890057451, 'noise_stn_sigma': 7.140103421129255, 'noise_gpe_sigma': 90.82927375640806, 'noise_gpi_sigma': 96.44097292268684, 'g_stn_gpe_mult': 2.540885628937673, 'g_gpe_stn_mult': 0.285005317819906, 'g_stn_gpi_mult': 1.9640374716943325, 'g_gpe_gpi_mult': 0.46607825585390844}. Best is trial 50 with value: 0.4363955767989327.
[I 2026-05-28 01:41:47,819] Trial 155 finished with value: 1.5168035991758921 and parameters: {'ISTN': 64.17201593577113, 'I_gpe': 1.2769350530597694, 'I_gpi': 2.4678089341364107, 'noise_stn_sigma': 7.218635321080219, 'noise_gpe_sigma': 78.66555486586864, 'noise_gpi_sigma': 106.65868852707779, 'g_stn_gpe_mult': 2.4689785544045457, 'g_gpe_stn_mult': 0.2399528963139972, 'g_stn_gpi_mult': 2.2758580549552963, 'g_gpe_gpi_mult': 0.40385204541831365}. Best is trial 50 with value: 0.4363955767989327.
[I 2026-05-28 01:41:48,826] Trial 156 finished with value: 3.0417465806287414 and parameters: {'ISTN': 79.42471501619055, 'I_gpe': 1.2487776837190347, 'I_gpi': 2.589592907352003, 'noise_stn_sigma': 7.026774262798114, 'noise_gpe_sigma': 64.56048360149082, 'noise_gpi_sigma': 68.1424729513693, 'g_stn_gpe_mult': 2.220988179408048, 'g_gpe_stn_mult': 0.3468473833009209, 'g_stn_gpi_mult': 2.018928309188942, 'g_gpe_gpi_mult': 0.5427182337795198}. Best is trial 50 with value: 0.4363955767989327.
[I 2026-05-28 01:41:49,835] Trial 157 finished with value: 2.2567286034434497 and parameters: {'ISTN': 69.9685870271095, 'I_gpe': 1.180207409910018, 'I_gpi': 1.5777541635022918, 'noise_stn_sigma': 7.388382548981334, 'noise_gpe_sigma': 94.14083166928232, 'noise_gpi_sigma': 107.76606382979243, 'g_stn_gpe_mult': 2.460238059890848, 'g_gpe_stn_mult': 0.17477609084783133, 'g_stn_gpi_mult': 2.3173686893571386, 'g_gpe_gpi_mult': 0.5321963464725068}. Best is trial 50 with value: 0.4363955767989327.
[I 2026-05-28 01:41:50,846] Trial 158 finished with value: 3.7306283035959282 and parameters: {'ISTN': 88.21287106868704, 'I_gpe': 1.5012920033457247, 'I_gpi': 1.208215124715658, 'noise_stn_sigma': 6.39951530994121, 'noise_gpe_sigma': 85.61507001469475, 'noise_gpi_sigma': 96.93870847547142, 'g_stn_gpe_mult': 1.9638314292213919, 'g_gpe_stn_mult': 0.1502602601559958, 'g_stn_gpi_mult': 2.0554358080822324, 'g_gpe_gpi_mult': 0.4586729453885395}. Best is trial 50 with value: 0.4363955767989327.
[I 2026-05-28 01:41:51,853] Trial 159 finished with value: 2.314378835192939 and parameters: {'ISTN': 67.08585275358772, 'I_gpe': 1.0690334227454117, 'I_gpi': 1.6116862054680252, 'noise_stn_sigma': 6.527037267108432, 'noise_gpe_sigma': 72.05472762248564, 'noise_gpi_sigma': 77.55149521434606, 'g_stn_gpe_mult': 1.9732279722552468, 'g_gpe_stn_mult': 0.15682423373646984, 'g_stn_gpi_mult': 2.3209535472982474, 'g_gpe_gpi_mult': 0.41165284974392335}. Best is trial 50 with value: 0.4363955767989327.
[I 2026-05-28 01:41:52,860] Trial 160 finished with value: 1.5470781979287198 and parameters: {'ISTN': 77.02039542013942, 'I_gpe': 1.2567503344380198, 'I_gpi': 2.4735853210249084, 'noise_stn_sigma': 6.932727005976262, 'noise_gpe_sigma': 86.86715632328551, 'noise_gpi_sigma': 71.41348658507502, 'g_stn_gpe_mult': 2.5034156701357135, 'g_gpe_stn_mult': 0.1619092041387088, 'g_stn_gpi_mult': 2.279619717872352, 'g_gpe_gpi_mult': 0.3956885413450729}. Best is trial 50 with value: 0.4363955767989327.
[I 2026-05-28 01:41:53,869] Trial 161 finished with value: 3.068117087572139 and parameters: {'ISTN': 70.84366525059988, 'I_gpe': 1.5984943437022978, 'I_gpi': 2.2568152348892703, 'noise_stn_sigma': 7.044611238853232, 'noise_gpe_sigma': 80.76657019173199, 'noise_gpi_sigma': 115.97113654987467, 'g_stn_gpe_mult': 2.6890461652715913, 'g_gpe_stn_mult': 0.2975883725969297, 'g_stn_gpi_mult': 2.38969426402757, 'g_gpe_gpi_mult': 0.46009014431302475}. Best is trial 50 with value: 0.4363955767989327.
[I 2026-05-28 01:41:54,878] Trial 162 finished with value: 2.7113533152844433 and parameters: {'ISTN': 60.03187855983377, 'I_gpe': 1.1841125735504567, 'I_gpi': 2.2461854465794966, 'noise_stn_sigma': 6.457004567536728, 'noise_gpe_sigma': 101.5663572060979, 'noise_gpi_sigma': 125.23626498057756, 'g_stn_gpe_mult': 2.551044796066643, 'g_gpe_stn_mult': 0.2684245400989034, 'g_stn_gpi_mult': 1.6350096531792941, 'g_gpe_gpi_mult': 0.3984095871259938}. Best is trial 50 with value: 0.4363955767989327.
[I 2026-05-28 01:41:55,888] Trial 163 finished with value: 0.9444614490843639 and parameters: {'ISTN': 62.8699169416625, 'I_gpe': 0.8140000442575397, 'I_gpi': 2.4680685983215147, 'noise_stn_sigma': 7.597072063020114, 'noise_gpe_sigma': 102.86856270696242, 'noise_gpi_sigma': 100.78994443359858, 'g_stn_gpe_mult': 1.651098856758527, 'g_gpe_stn_mult': 0.2446323421767454, 'g_stn_gpi_mult': 1.8315592001531134, 'g_gpe_gpi_mult': 0.44287824249200886}. Best is trial 50 with value: 0.4363955767989327.
[I 2026-05-28 01:41:56,897] Trial 164 finished with value: 1.5689445639638162 and parameters: {'ISTN': 62.16768177152807, 'I_gpe': 1.0424132147859149, 'I_gpi': 1.6607371697010895, 'noise_stn_sigma': 7.126147852248523, 'noise_gpe_sigma': 99.69221700064756, 'noise_gpi_sigma': 117.55281437894303, 'g_stn_gpe_mult': 2.099709345772336, 'g_gpe_stn_mult': 0.1921989448379831, 'g_stn_gpi_mult': 1.8909912029157625, 'g_gpe_gpi_mult': 0.5104111928773389}. Best is trial 50 with value: 0.4363955767989327.
[I 2026-05-28 01:41:57,904] Trial 165 finished with value: 0.8112078687795998 and parameters: {'ISTN': 63.99986436075298, 'I_gpe': 0.9771312419033074, 'I_gpi': 1.827649558685632, 'noise_stn_sigma': 7.550339207817265, 'noise_gpe_sigma': 96.31471345457865, 'noise_gpi_sigma': 92.16675566850964, 'g_stn_gpe_mult': 2.178335840522632, 'g_gpe_stn_mult': 0.12515657811311226, 'g_stn_gpi_mult': 2.235167152219858, 'g_gpe_gpi_mult': 0.42499946698562524}. Best is trial 50 with value: 0.4363955767989327.
[I 2026-05-28 01:41:58,912] Trial 166 finished with value: 1.8796325593276395 and parameters: {'ISTN': 63.79539264312709, 'I_gpe': 0.6037523383444079, 'I_gpi': 2.302044806902102, 'noise_stn_sigma': 6.172851921634823, 'noise_gpe_sigma': 74.4563220038588, 'noise_gpi_sigma': 133.20506843097402, 'g_stn_gpe_mult': 2.2220908959144405, 'g_gpe_stn_mult': 0.25494839790016943, 'g_stn_gpi_mult': 2.559482514930379, 'g_gpe_gpi_mult': 0.48731804146721414}. Best is trial 50 with value: 0.4363955767989327.
[I 2026-05-28 01:41:59,919] Trial 167 finished with value: 1.2754227160992804 and parameters: {'ISTN': 68.12691967134275, 'I_gpe': 1.2320081215688037, 'I_gpi': 1.9229171618634031, 'noise_stn_sigma': 7.7224358416187435, 'noise_gpe_sigma': 92.40090481015766, 'noise_gpi_sigma': 108.81818339008456, 'g_stn_gpe_mult': 2.5772952405780556, 'g_gpe_stn_mult': 0.2239550302806016, 'g_stn_gpi_mult': 1.8099589680252193, 'g_gpe_gpi_mult': 0.4091717979918227}. Best is trial 50 with value: 0.4363955767989327.
[I 2026-05-28 01:42:00,927] Trial 168 finished with value: 2.8363646323947513 and parameters: {'ISTN': 67.59286116088045, 'I_gpe': 1.1231020775807048, 'I_gpi': 2.030262384675146, 'noise_stn_sigma': 7.6326047652752065, 'noise_gpe_sigma': 105.19473280428615, 'noise_gpi_sigma': 104.8309621566193, 'g_stn_gpe_mult': 2.578035787039828, 'g_gpe_stn_mult': 0.2790124083954776, 'g_stn_gpi_mult': 1.9328790876014499, 'g_gpe_gpi_mult': 0.38884818465193527}. Best is trial 50 with value: 0.4363955767989327.
[I 2026-05-28 01:42:01,933] Trial 169 finished with value: 1.5722819313615601 and parameters: {'ISTN': 70.65258170934338, 'I_gpe': 1.0507833335304384, 'I_gpi': 3.1744103171210787, 'noise_stn_sigma': 6.486158315830738, 'noise_gpe_sigma': 89.7656261006702, 'noise_gpi_sigma': 104.17299910530146, 'g_stn_gpe_mult': 1.7540080620138068, 'g_gpe_stn_mult': 0.142012706608341, 'g_stn_gpi_mult': 2.33371716920501, 'g_gpe_gpi_mult': 0.36914406815390877}. Best is trial 50 with value: 0.4363955767989327.
[I 2026-05-28 01:42:02,943] Trial 170 finished with value: 0.7993512095913125 and parameters: {'ISTN': 64.85318686247307, 'I_gpe': 1.016680905993674, 'I_gpi': 2.1309233571363695, 'noise_stn_sigma': 6.691510386126513, 'noise_gpe_sigma': 87.72678111201881, 'noise_gpi_sigma': 110.5200632772015, 'g_stn_gpe_mult': 2.020816961894119, 'g_gpe_stn_mult': 0.22175961846622708, 'g_stn_gpi_mult': 2.617157524427058, 'g_gpe_gpi_mult': 0.5769683610704702}. Best is trial 50 with value: 0.4363955767989327.
[I 2026-05-28 01:42:03,951] Trial 171 finished with value: 1.8097231370421039 and parameters: {'ISTN': 60.93199910842581, 'I_gpe': 1.3647959817274948, 'I_gpi': 2.065822473250706, 'noise_stn_sigma': 7.037492753056435, 'noise_gpe_sigma': 101.34078201018862, 'noise_gpi_sigma': 105.08538556953202, 'g_stn_gpe_mult': 1.8487137752716363, 'g_gpe_stn_mult': 0.23801311194352556, 'g_stn_gpi_mult': 2.412816243457276, 'g_gpe_gpi_mult': 0.37327529711822366}. Best is trial 50 with value: 0.4363955767989327.
[I 2026-05-28 01:42:04,959] Trial 172 finished with value: 2.687323616980404 and parameters: {'ISTN': 76.07522282417065, 'I_gpe': 1.4409146834637494, 'I_gpi': 2.4850776760389537, 'noise_stn_sigma': 7.773254589008823, 'noise_gpe_sigma': 100.38657335802745, 'noise_gpi_sigma': 104.1225041100357, 'g_stn_gpe_mult': 2.1733546198641025, 'g_gpe_stn_mult': 0.1466621792899742, 'g_stn_gpi_mult': 2.517053102775229, 'g_gpe_gpi_mult': 0.528303276019654}. Best is trial 50 with value: 0.4363955767989327.
[I 2026-05-28 01:42:05,967] Trial 173 finished with value: 1.9646742758937912 and parameters: {'ISTN': 62.06565058038032, 'I_gpe': 1.1448385997619366, 'I_gpi': 1.908104867672273, 'noise_stn_sigma': 7.388630685742908, 'noise_gpe_sigma': 80.32894123779607, 'noise_gpi_sigma': 123.51073755173063, 'g_stn_gpe_mult': 1.9636231365729346, 'g_gpe_stn_mult': 0.1209639745095224, 'g_stn_gpi_mult': 2.2977429412686257, 'g_gpe_gpi_mult': 0.5357021960462952}. Best is trial 50 with value: 0.4363955767989327.
[I 2026-05-28 01:42:06,976] Trial 174 finished with value: 1.8712567933129975 and parameters: {'ISTN': 67.79188352094314, 'I_gpe': 0.7182766592959562, 'I_gpi': 2.6546168192847706, 'noise_stn_sigma': 7.733748771617858, 'noise_gpe_sigma': 87.8164788886126, 'noise_gpi_sigma': 121.06920665496848, 'g_stn_gpe_mult': 2.0767677937389584, 'g_gpe_stn_mult': 0.1647644136897174, 'g_stn_gpi_mult': 2.6987922061471914, 'g_gpe_gpi_mult': 0.5123760128294539}. Best is trial 50 with value: 0.4363955767989327.
[I 2026-05-28 01:42:07,982] Trial 175 finished with value: 1.9341994278372918 and parameters: {'ISTN': 63.212631132946555, 'I_gpe': 1.0679991498515433, 'I_gpi': 1.8258799622204491, 'noise_stn_sigma': 6.810392146851584, 'noise_gpe_sigma': 120.79478027223443, 'noise_gpi_sigma': 107.55643480765707, 'g_stn_gpe_mult': 2.4395706105165256, 'g_gpe_stn_mult': 0.1838928719806493, 'g_stn_gpi_mult': 1.8949964558650059, 'g_gpe_gpi_mult': 0.5433296153303095}. Best is trial 50 with value: 0.4363955767989327.
