[I 2026-05-28 02:35:58,561] Trial 349 finished with value: 0.07480314123160148 and parameters: {'ISTN': 64.50210977139601, 'I_gpe': 1.076209508127797, 'I_gpi': 2.513332769891189, 'noise_stn_sigma': 1.6109665296357014, 'noise_gpe_sigma': 140.0267187770386, 'noise_gpi_sigma': 124.45421124532116, 'g_stn_gpe_mult': 2.563866579409434, 'g_gpe_stn_mult': 0.12090445006127526, 'g_stn_gpi_mult': 1.4801142103778, 'g_gpe_gpi_mult': 0.7360214547976665}. Best is trial 234 with value: 0.030575711581523085.
[I 2026-05-28 02:35:59,567] Trial 350 finished with value: 0.3539530290433565 and parameters: {'ISTN': 63.895263520559524, 'I_gpe': 0.8209242592432557, 'I_gpi': 2.094094993620777, 'noise_stn_sigma': 1.516967086937412, 'noise_gpe_sigma': 141.46983871250035, 'noise_gpi_sigma': 136.99865650724544, 'g_stn_gpe_mult': 1.800518948564406, 'g_gpe_stn_mult': 0.18397676394487408, 'g_stn_gpi_mult': 1.3932000991074271, 'g_gpe_gpi_mult': 0.7926392557171589}. Best is trial 234 with value: 0.030575711581523085.
[I 2026-05-28 02:36:00,577] Trial 351 finished with value: 0.06930407956862915 and parameters: {'ISTN': 64.54835635604655, 'I_gpe': 1.2214174825563096, 'I_gpi': 2.4313155929455283, 'noise_stn_sigma': 2.0716658727819914, 'noise_gpe_sigma': 138.335860319162, 'noise_gpi_sigma': 135.97145559059516, 'g_stn_gpe_mult': 2.239259997704249, 'g_gpe_stn_mult': 0.14506856182600836, 'g_stn_gpi_mult': 1.570610883644252, 'g_gpe_gpi_mult': 0.8423132418421742}. Best is trial 234 with value: 0.030575711581523085.
[I 2026-05-28 02:36:01,586] Trial 352 finished with value: 0.0353914638223387 and parameters: {'ISTN': 61.67128948968252, 'I_gpe': 0.9046267119063669, 'I_gpi': 2.2470423476940447, 'noise_stn_sigma': 1.7791012612052646, 'noise_gpe_sigma': 144.24079043340555, 'noise_gpi_sigma': 128.6995394507714, 'g_stn_gpe_mult': 2.2814509190811876, 'g_gpe_stn_mult': 0.14805329668526251, 'g_stn_gpi_mult': 1.4352815708477202, 'g_gpe_gpi_mult': 0.7934850395033768}. Best is trial 234 with value: 0.030575711581523085.
[I 2026-05-28 02:36:02,593] Trial 353 finished with value: 0.07178185835980941 and parameters: {'ISTN': 61.606001249506654, 'I_gpe': 1.112772448083578, 'I_gpi': 1.9566219330361507, 'noise_stn_sigma': 2.1903994589320877, 'noise_gpe_sigma': 136.3760610320399, 'noise_gpi_sigma': 144.40386787653108, 'g_stn_gpe_mult': 2.3319765241997907, 'g_gpe_stn_mult': 0.15172434743551969, 'g_stn_gpi_mult': 1.2890868421209272, 'g_gpe_gpi_mult': 0.8062098925269687}. Best is trial 234 with value: 0.030575711581523085.
[I 2026-05-28 02:36:03,600] Trial 354 finished with value: 0.12751296410336543 and parameters: {'ISTN': 66.77452308387842, 'I_gpe': 0.8442384029677018, 'I_gpi': 2.0637747078297526, 'noise_stn_sigma': 1.2754762353860096, 'noise_gpe_sigma': 148.7886496890268, 'noise_gpi_sigma': 129.21341225067425, 'g_stn_gpe_mult': 2.051382619012288, 'g_gpe_stn_mult': 0.14673339975806493, 'g_stn_gpi_mult': 1.8394998153513935, 'g_gpe_gpi_mult': 0.7776221346348609}. Best is trial 234 with value: 0.030575711581523085.
[I 2026-05-28 02:36:04,606] Trial 355 finished with value: 0.09019884645588147 and parameters: {'ISTN': 63.45680501747423, 'I_gpe': 1.3156550775946103, 'I_gpi': 1.9121918880579554, 'noise_stn_sigma': 1.859312594286009, 'noise_gpe_sigma': 137.89891701325544, 'noise_gpi_sigma': 140.01782537501248, 'g_stn_gpe_mult': 2.0144248591631984, 'g_gpe_stn_mult': 0.11288681095278377, 'g_stn_gpi_mult': 1.3474835668979392, 'g_gpe_gpi_mult': 0.8025709970121218}. Best is trial 234 with value: 0.030575711581523085.
[I 2026-05-28 02:36:05,613] Trial 356 finished with value: 1.3088716771670748 and parameters: {'ISTN': 67.35189931093507, 'I_gpe': 1.202467729079994, 'I_gpi': 2.2820718811611487, 'noise_stn_sigma': 2.1817858730886504, 'noise_gpe_sigma': 135.71030933125607, 'noise_gpi_sigma': 129.14091701924414, 'g_stn_gpe_mult': 2.367030060735008, 'g_gpe_stn_mult': 0.16345792668757717, 'g_stn_gpi_mult': 1.6024424863707483, 'g_gpe_gpi_mult': 0.8974529944800671}. Best is trial 234 with value: 0.030575711581523085.
[I 2026-05-28 02:36:06,622] Trial 357 finished with value: 0.21823900741625013 and parameters: {'ISTN': 66.60475569928897, 'I_gpe': 1.3596488840145415, 'I_gpi': 2.801545475479607, 'noise_stn_sigma': 2.0618554201374213, 'noise_gpe_sigma': 134.06188563179893, 'noise_gpi_sigma': 118.43970426328751, 'g_stn_gpe_mult': 2.7802604253636254, 'g_gpe_stn_mult': 0.10379002756122384, 'g_stn_gpi_mult': 1.6835306913868684, 'g_gpe_gpi_mult': 0.8599355942126636}. Best is trial 234 with value: 0.030575711581523085.
[I 2026-05-28 02:36:07,630] Trial 358 finished with value: 0.05333182352437461 and parameters: {'ISTN': 60.52460056321588, 'I_gpe': 1.303741334989246, 'I_gpi': 2.1525304696200185, 'noise_stn_sigma': 2.9910427355577953, 'noise_gpe_sigma': 140.7845194413528, 'noise_gpi_sigma': 124.49104329438576, 'g_stn_gpe_mult': 2.500335934621912, 'g_gpe_stn_mult': 0.13568629647245306, 'g_stn_gpi_mult': 1.4404722653747895, 'g_gpe_gpi_mult': 0.7026856286797132}. Best is trial 234 with value: 0.030575711581523085.
[I 2026-05-28 02:36:08,638] Trial 359 finished with value: 2.639253230851119 and parameters: {'ISTN': 64.06082344657695, 'I_gpe': 1.0568459479107803, 'I_gpi': 2.238245061634858, 'noise_stn_sigma': 2.5355975869060963, 'noise_gpe_sigma': 131.34634042871113, 'noise_gpi_sigma': 135.35262553430442, 'g_stn_gpe_mult': 2.359304939392082, 'g_gpe_stn_mult': 0.20013252142695623, 'g_stn_gpi_mult': 1.5751339466943337, 'g_gpe_gpi_mult': 0.760528131378454}. Best is trial 234 with value: 0.030575711581523085.
[I 2026-05-28 02:36:09,643] Trial 360 finished with value: 0.04943824912552826 and parameters: {'ISTN': 63.083988371353726, 'I_gpe': 1.2048249579428187, 'I_gpi': 2.0374303654061254, 'noise_stn_sigma': 1.7455049148217414, 'noise_gpe_sigma': 140.00408011650478, 'noise_gpi_sigma': 134.76367353989747, 'g_stn_gpe_mult': 2.32600324635556, 'g_gpe_stn_mult': 0.13758318162618965, 'g_stn_gpi_mult': 1.3842623883774285, 'g_gpe_gpi_mult': 0.757455450110144}. Best is trial 234 with value: 0.030575711581523085.
[I 2026-05-28 02:36:10,652] Trial 361 finished with value: 0.2079122236856359 and parameters: {'ISTN': 61.12527637101486, 'I_gpe': 0.8383474555062858, 'I_gpi': 2.3814960200417175, 'noise_stn_sigma': 2.718655493999224, 'noise_gpe_sigma': 146.20895414969078, 'noise_gpi_sigma': 134.97066907964606, 'g_stn_gpe_mult': 2.2990699259907075, 'g_gpe_stn_mult': 0.16103137754454144, 'g_stn_gpi_mult': 1.4688903804850968, 'g_gpe_gpi_mult': 0.7462201693793287}. Best is trial 234 with value: 0.030575711581523085.
[I 2026-05-28 02:36:11,660] Trial 362 finished with value: 0.015633730997166383 and parameters: {'ISTN': 60.236325552659586, 'I_gpe': 1.0934381238150719, 'I_gpi': 2.27081720626464, 'noise_stn_sigma': 1.5926925907120295, 'noise_gpe_sigma': 142.920954501158, 'noise_gpi_sigma': 129.27108790347486, 'g_stn_gpe_mult': 2.6009966556402286, 'g_gpe_stn_mult': 0.1674724707391125, 'g_stn_gpi_mult': 1.3769400966449652, 'g_gpe_gpi_mult': 0.7631176309241015}. Best is trial 362 with value: 0.015633730997166383.
[I 2026-05-28 02:36:12,668] Trial 363 finished with value: 1.1855100767486413 and parameters: {'ISTN': 60.41393563517732, 'I_gpe': 1.3510747326817918, 'I_gpi': 2.3649774987091936, 'noise_stn_sigma': 1.3490465353269758, 'noise_gpe_sigma': 132.00305881333747, 'noise_gpi_sigma': 123.79216968494424, 'g_stn_gpe_mult': 2.725151827351053, 'g_gpe_stn_mult': 0.15414636329529785, 'g_stn_gpi_mult': 1.5726480523812052, 'g_gpe_gpi_mult': 0.7891619122886575}. Best is trial 362 with value: 0.015633730997166383.
[I 2026-05-28 02:36:13,675] Trial 364 finished with value: 0.08183723502962631 and parameters: {'ISTN': 61.28607418768663, 'I_gpe': 0.7003314584113197, 'I_gpi': 2.062369867648213, 'noise_stn_sigma': 2.1657947840884706, 'noise_gpe_sigma': 146.4123591670039, 'noise_gpi_sigma': 131.18856711673908, 'g_stn_gpe_mult': 2.367553294652952, 'g_gpe_stn_mult': 0.18719127636518895, 'g_stn_gpi_mult': 1.4040505298746173, 'g_gpe_gpi_mult': 0.7494620939340233}. Best is trial 362 with value: 0.015633730997166383.
[I 2026-05-28 02:36:14,680] Trial 365 finished with value: 0.05824708417361828 and parameters: {'ISTN': 63.755527476489206, 'I_gpe': 1.240018332338657, 'I_gpi': 2.3631261782005417, 'noise_stn_sigma': 1.8969480961833671, 'noise_gpe_sigma': 128.15958658372116, 'noise_gpi_sigma': 131.51353567002695, 'g_stn_gpe_mult': 2.356685396409328, 'g_gpe_stn_mult': 0.14426042524413019, 'g_stn_gpi_mult': 1.4830833359018158, 'g_gpe_gpi_mult': 0.7506984976298996}. Best is trial 362 with value: 0.015633730997166383.
[I 2026-05-28 02:36:15,689] Trial 366 finished with value: 0.05449032107098654 and parameters: {'ISTN': 62.44961938090742, 'I_gpe': 1.1548338669283016, 'I_gpi': 2.124116878437868, 'noise_stn_sigma': 2.722572730850197, 'noise_gpe_sigma': 137.82450348202764, 'noise_gpi_sigma': 130.33357860975576, 'g_stn_gpe_mult': 2.691722274652819, 'g_gpe_stn_mult': 0.17417887894809628, 'g_stn_gpi_mult': 1.6558336084002456, 'g_gpe_gpi_mult': 0.7735326134125562}. Best is trial 362 with value: 0.015633730997166383.
[I 2026-05-28 02:36:16,697] Trial 367 finished with value: 0.033266948505370056 and parameters: {'ISTN': 60.554540397251934, 'I_gpe': 1.0492881264582579, 'I_gpi': 2.410743216864133, 'noise_stn_sigma': 2.203418798382062, 'noise_gpe_sigma': 146.47279841275065, 'noise_gpi_sigma': 130.72462573134675, 'g_stn_gpe_mult': 2.188343246731315, 'g_gpe_stn_mult': 0.16408380731869715, 'g_stn_gpi_mult': 1.459475958602392, 'g_gpe_gpi_mult': 0.72628679408276}. Best is trial 362 with value: 0.015633730997166383.
[I 2026-05-28 02:36:17,705] Trial 368 finished with value: 0.047165974946946465 and parameters: {'ISTN': 67.17189611743635, 'I_gpe': 1.0669134334968504, 'I_gpi': 2.1838573161348194, 'noise_stn_sigma': 1.0885419019826015, 'noise_gpe_sigma': 139.58253320951945, 'noise_gpi_sigma': 138.01331265624896, 'g_stn_gpe_mult': 2.1311019364253996, 'g_gpe_stn_mult': 0.12189254669462748, 'g_stn_gpi_mult': 1.3580783011519584, 'g_gpe_gpi_mult': 0.7871652816438885}. Best is trial 362 with value: 0.015633730997166383.
[I 2026-05-28 02:36:18,713] Trial 369 finished with value: 0.0730149830793188 and parameters: {'ISTN': 63.82255045971302, 'I_gpe': 1.2273236982604683, 'I_gpi': 2.0734058144482455, 'noise_stn_sigma': 2.5972740624483723, 'noise_gpe_sigma': 145.536355267137, 'noise_gpi_sigma': 122.1814600918853, 'g_stn_gpe_mult': 2.3608005063817585, 'g_gpe_stn_mult': 0.14687391234374292, 'g_stn_gpi_mult': 1.4977475484655716, 'g_gpe_gpi_mult': 0.7196089827739285}. Best is trial 362 with value: 0.015633730997166383.
[I 2026-05-28 02:36:19,721] Trial 370 finished with value: 0.044640643589729884 and parameters: {'ISTN': 61.72824994731758, 'I_gpe': 1.174870537595824, 'I_gpi': 2.2005117175200253, 'noise_stn_sigma': 1.0440798446074526, 'noise_gpe_sigma': 138.3715815502874, 'noise_gpi_sigma': 137.04676502961118, 'g_stn_gpe_mult': 2.2488166318006444, 'g_gpe_stn_mult': 0.18756067046758115, 'g_stn_gpi_mult': 1.17463446277829, 'g_gpe_gpi_mult': 0.8265866423723649}. Best is trial 362 with value: 0.015633730997166383.
[I 2026-05-28 02:36:20,733] Trial 371 finished with value: 0.8622846432665378 and parameters: {'ISTN': 61.60008756126442, 'I_gpe': 1.0155376001883056, 'I_gpi': 2.3525084098574878, 'noise_stn_sigma': 2.0130214043460564, 'noise_gpe_sigma': 143.90600230456604, 'noise_gpi_sigma': 125.54230773755111, 'g_stn_gpe_mult': 2.6305735142884745, 'g_gpe_stn_mult': 0.24849273428281562, 'g_stn_gpi_mult': 1.4306628517044442, 'g_gpe_gpi_mult': 0.7158991608574492}. Best is trial 362 with value: 0.015633730997166383.
[I 2026-05-28 02:36:21,740] Trial 372 finished with value: 1.1565114505034242 and parameters: {'ISTN': 63.752256162980835, 'I_gpe': 1.106982050772781, 'I_gpi': 2.2018908189268886, 'noise_stn_sigma': 1.8755300534299553, 'noise_gpe_sigma': 140.04654592060973, 'noise_gpi_sigma': 128.42360012969647, 'g_stn_gpe_mult': 2.447243975223869, 'g_gpe_stn_mult': 0.18819056278602903, 'g_stn_gpi_mult': 1.5431029613112237, 'g_gpe_gpi_mult': 0.7711750599676279}. Best is trial 362 with value: 0.015633730997166383.
[I 2026-05-28 02:36:22,748] Trial 373 finished with value: 0.09060051721062566 and parameters: {'ISTN': 64.2987039517371, 'I_gpe': 1.3831833208120516, 'I_gpi': 2.20016531278801, 'noise_stn_sigma': 2.4083124195836696, 'noise_gpe_sigma': 149.62361389956544, 'noise_gpi_sigma': 122.60793086725646, 'g_stn_gpe_mult': 2.5771528419323366, 'g_gpe_stn_mult': 0.1480564869317572, 'g_stn_gpi_mult': 1.5908706821692609, 'g_gpe_gpi_mult': 0.7527165084301188}. Best is trial 362 with value: 0.015633730997166383.
[I 2026-05-28 02:36:23,758] Trial 374 finished with value: 0.05503674440276192 and parameters: {'ISTN': 61.178076295523, 'I_gpe': 1.2286849201304628, 'I_gpi': 2.3667020277842834, 'noise_stn_sigma': 1.0727728370301677, 'noise_gpe_sigma': 139.30019173577978, 'noise_gpi_sigma': 132.41145718401896, 'g_stn_gpe_mult': 2.561926077694755, 'g_gpe_stn_mult': 0.1980838157258662, 'g_stn_gpi_mult': 1.492373047619985, 'g_gpe_gpi_mult': 0.7771708162876514}. Best is trial 362 with value: 0.015633730997166383.
[I 2026-05-28 02:36:24,765] Trial 375 finished with value: 0.049702497604208154 and parameters: {'ISTN': 63.43289006446853, 'I_gpe': 1.2020562132049055, 'I_gpi': 2.210651951129674, 'noise_stn_sigma': 1.9209166289955864, 'noise_gpe_sigma': 144.23195369768194, 'noise_gpi_sigma': 130.86505168732805, 'g_stn_gpe_mult': 2.3828724725298067, 'g_gpe_stn_mult': 0.1708258773340653, 'g_stn_gpi_mult': 1.4975039203105536, 'g_gpe_gpi_mult': 0.7842903838449036}. Best is trial 362 with value: 0.015633730997166383.
[I 2026-05-28 02:36:25,775] Trial 376 finished with value: 0.055250728458658305 and parameters: {'ISTN': 63.41942364748497, 'I_gpe': 0.9081493565933869, 'I_gpi': 2.445558465979479, 'noise_stn_sigma': 1.9155565272600348, 'noise_gpe_sigma': 140.80663588464648, 'noise_gpi_sigma': 136.6863413256755, 'g_stn_gpe_mult': 2.3069992607247456, 'g_gpe_stn_mult': 0.1395229656991579, 'g_stn_gpi_mult': 1.2650596623173882, 'g_gpe_gpi_mult': 0.7232328622673461}. Best is trial 362 with value: 0.015633730997166383.
[I 2026-05-28 02:36:26,783] Trial 377 finished with value: 0.4540025443542959 and parameters: {'ISTN': 62.70556486338925, 'I_gpe': 1.0217777609385492, 'I_gpi': 2.1025387217307068, 'noise_stn_sigma': 1.1129076600679042, 'noise_gpe_sigma': 147.770319904016, 'noise_gpi_sigma': 134.28522713163147, 'g_stn_gpe_mult': 2.567718245589486, 'g_gpe_stn_mult': 0.11626400212811822, 'g_stn_gpi_mult': 1.524209095095109, 'g_gpe_gpi_mult': 0.692683895155908}. Best is trial 362 with value: 0.015633730997166383.
[I 2026-05-28 02:36:27,791] Trial 378 finished with value: 0.3066178118846514 and parameters: {'ISTN': 61.176173930631904, 'I_gpe': 1.1372619612447774, 'I_gpi': 1.961953543141751, 'noise_stn_sigma': 1.1430048238247947, 'noise_gpe_sigma': 133.76656641926698, 'noise_gpi_sigma': 132.27427896596686, 'g_stn_gpe_mult': 2.318667166320016, 'g_gpe_stn_mult': 0.12842577466500205, 'g_stn_gpi_mult': 1.5820367793753303, 'g_gpe_gpi_mult': 0.7367275701461329}. Best is trial 362 with value: 0.015633730997166383.
[I 2026-05-28 02:36:28,800] Trial 379 finished with value: 0.06817933356082677 and parameters: {'ISTN': 62.833180092695535, 'I_gpe': 1.158418289585665, 'I_gpi': 2.4521670648873632, 'noise_stn_sigma': 1.5045428051999181, 'noise_gpe_sigma': 148.01964721240012, 'noise_gpi_sigma': 138.77172493342653, 'g_stn_gpe_mult': 2.4988531898359674, 'g_gpe_stn_mult': 0.1517944258473084, 'g_stn_gpi_mult': 1.6676529476912954, 'g_gpe_gpi_mult': 0.6919682243717138}. Best is trial 362 with value: 0.015633730997166383.
[I 2026-05-28 02:36:29,809] Trial 380 finished with value: 0.05011815875331197 and parameters: {'ISTN': 62.15098294651631, 'I_gpe': 1.2241380784290832, 'I_gpi': 2.4552623936294724, 'noise_stn_sigma': 2.308063276319636, 'noise_gpe_sigma': 137.74109760756974, 'noise_gpi_sigma': 127.47441295630371, 'g_stn_gpe_mult': 2.407780781481149, 'g_gpe_stn_mult': 0.1396431907501855, 'g_stn_gpi_mult': 1.3672306309077122, 'g_gpe_gpi_mult': 0.8252462344237443}. Best is trial 362 with value: 0.015633730997166383.
[I 2026-05-28 02:36:30,819] Trial 381 finished with value: 0.04919601792219766 and parameters: {'ISTN': 62.38662785800027, 'I_gpe': 1.134038946236421, 'I_gpi': 2.2953714527324816, 'noise_stn_sigma': 2.200253897372691, 'noise_gpe_sigma': 144.8815309137314, 'noise_gpi_sigma': 134.60070062841646, 'g_stn_gpe_mult': 2.335264322671194, 'g_gpe_stn_mult': 0.1745875535606473, 'g_stn_gpi_mult': 1.5659027873013, 'g_gpe_gpi_mult': 0.8046463402790851}. Best is trial 362 with value: 0.015633730997166383.
[I 2026-05-28 02:36:31,824] Trial 382 finished with value: 0.06888898793935161 and parameters: {'ISTN': 65.08950953884785, 'I_gpe': 1.318519729825214, 'I_gpi': 2.117155824276562, 'noise_stn_sigma': 1.68508013390468, 'noise_gpe_sigma': 147.29931545920374, 'noise_gpi_sigma': 139.30626888160265, 'g_stn_gpe_mult': 2.2017879716892836, 'g_gpe_stn_mult': 0.14279284623321745, 'g_stn_gpi_mult': 1.4689294607258176, 'g_gpe_gpi_mult': 0.7832098338067226}. Best is trial 362 with value: 0.015633730997166383.
[I 2026-05-28 02:36:32,834] Trial 383 finished with value: 0.3714124746203702 and parameters: {'ISTN': 67.55138817592818, 'I_gpe': 1.220392877357503, 'I_gpi': 2.456823616076798, 'noise_stn_sigma': 1.9065035069150649, 'noise_gpe_sigma': 135.81415428210028, 'noise_gpi_sigma': 142.50100135009734, 'g_stn_gpe_mult': 2.5777554256490545, 'g_gpe_stn_mult': 0.134109491278506, 'g_stn_gpi_mult': 1.433902748290591, 'g_gpe_gpi_mult': 0.7778999662586494}. Best is trial 362 with value: 0.015633730997166383.
[I 2026-05-28 02:36:33,843] Trial 384 finished with value: 0.06876754876414547 and parameters: {'ISTN': 61.63570674511597, 'I_gpe': 1.1223100909049661, 'I_gpi': 2.5129019101359247, 'noise_stn_sigma': 2.0260840794887742, 'noise_gpe_sigma': 134.32801944465797, 'noise_gpi_sigma': 133.32508716552485, 'g_stn_gpe_mult': 2.4175477982697746, 'g_gpe_stn_mult': 0.18653733291621388, 'g_stn_gpi_mult': 1.361032942564688, 'g_gpe_gpi_mult': 0.8208537398951024}. Best is trial 362 with value: 0.015633730997166383.
[I 2026-05-28 02:36:34,850] Trial 385 finished with value: 0.0998010185143332 and parameters: {'ISTN': 60.739081331897864, 'I_gpe': 1.3114241894093872, 'I_gpi': 2.5925553061523288, 'noise_stn_sigma': 1.8553566275448574, 'noise_gpe_sigma': 143.88969780373804, 'noise_gpi_sigma': 131.96372473600397, 'g_stn_gpe_mult': 2.379994648709674, 'g_gpe_stn_mult': 0.21059105541804604, 'g_stn_gpi_mult': 1.5253673494430655, 'g_gpe_gpi_mult': 0.7949896122841453}. Best is trial 362 with value: 0.015633730997166383.
[I 2026-05-28 02:36:35,861] Trial 386 finished with value: 0.9031108149194197 and parameters: {'ISTN': 67.70963960724399, 'I_gpe': 1.2206689791293837, 'I_gpi': 2.448125149151299, 'noise_stn_sigma': 2.6368441296352527, 'noise_gpe_sigma': 149.49720445456737, 'noise_gpi_sigma': 125.30649297392476, 'g_stn_gpe_mult': 2.5347277977294156, 'g_gpe_stn_mult': 0.15300090091995563, 'g_stn_gpi_mult': 1.6934654062046635, 'g_gpe_gpi_mult': 0.752210747101798}. Best is trial 362 with value: 0.015633730997166383.
[I 2026-05-28 02:36:36,868] Trial 387 finished with value: 0.041359708978407225 and parameters: {'ISTN': 63.09104606946795, 'I_gpe': 1.0996992048911718, 'I_gpi': 2.2659328805469454, 'noise_stn_sigma': 1.688256253479538, 'noise_gpe_sigma': 149.4078106304267, 'noise_gpi_sigma': 131.59399922757945, 'g_stn_gpe_mult': 2.3915236417525776, 'g_gpe_stn_mult': 0.16161998026027885, 'g_stn_gpi_mult': 1.459584958664101, 'g_gpe_gpi_mult': 0.8297242643353615}. Best is trial 362 with value: 0.015633730997166383.
[I 2026-05-28 02:36:37,875] Trial 388 finished with value: 0.028657149052315145 and parameters: {'ISTN': 60.17384663929705, 'I_gpe': 1.192573689732245, 'I_gpi': 2.0869665339804864, 'noise_stn_sigma': 1.684645436856465, 'noise_gpe_sigma': 128.95078761282753, 'noise_gpi_sigma': 132.08567285203156, 'g_stn_gpe_mult': 2.6860938021390712, 'g_gpe_stn_mult': 0.1929915661675003, 'g_stn_gpi_mult': 1.4525089052696734, 'g_gpe_gpi_mult': 0.8224233464110073}. Best is trial 362 with value: 0.015633730997166383.
[I 2026-05-28 02:36:38,885] Trial 389 finished with value: 0.06066474466305219 and parameters: {'ISTN': 64.10384454391641, 'I_gpe': 1.227354198922701, 'I_gpi': 2.345929230259788, 'noise_stn_sigma': 1.6122293802089653, 'noise_gpe_sigma': 146.9154109149859, 'noise_gpi_sigma': 116.2685214688, 'g_stn_gpe_mult': 2.255006322479222, 'g_gpe_stn_mult': 0.16764280677637244, 'g_stn_gpi_mult': 1.5625973736849765, 'g_gpe_gpi_mult': 0.9341920658621214}. Best is trial 362 with value: 0.015633730997166383.
[I 2026-05-28 02:36:39,892] Trial 390 finished with value: 0.062366973261588673 and parameters: {'ISTN': 62.78610143889475, 'I_gpe': 1.2234721589796806, 'I_gpi': 2.5126184010959838, 'noise_stn_sigma': 1.1006054516399848, 'noise_gpe_sigma': 139.2447976327132, 'noise_gpi_sigma': 134.99523126571492, 'g_stn_gpe_mult': 2.5296012375385395, 'g_gpe_stn_mult': 0.15720491496133138, 'g_stn_gpi_mult': 1.185443866898072, 'g_gpe_gpi_mult': 0.767296212598888}. Best is trial 362 with value: 0.015633730997166383.
[I 2026-05-28 02:36:40,900] Trial 391 finished with value: 0.0534502423016049 and parameters: {'ISTN': 62.57026391383363, 'I_gpe': 1.2601798444652133, 'I_gpi': 2.2039327794641634, 'noise_stn_sigma': 1.6898736679645872, 'noise_gpe_sigma': 141.1973618235208, 'noise_gpi_sigma': 136.54384509906288, 'g_stn_gpe_mult': 2.3882984928852276, 'g_gpe_stn_mult': 0.16858484093608717, 'g_stn_gpi_mult': 1.5560058918319069, 'g_gpe_gpi_mult': 0.8283615532918238}. Best is trial 362 with value: 0.015633730997166383.
