[I 2026-05-28 01:31:05,866] Trial 528 finished with value: 0.16207668600273759 and parameters: {'ISTN': 61.59064094294824, 'I_gpe': 1.4444253674626033, 'I_gpi': 1.9739689805567615, 'noise_stn_sigma': 2.2632565808200873, 'noise_gpe_sigma': 91.73489099235535, 'noise_gpi_sigma': 94.0634376779316, 'g_stn_gpe_mult': 2.3439879666582857, 'g_gpe_stn_mult': 0.14913944673364693, 'g_stn_gpi_mult': 1.9819795440679377, 'g_gpe_gpi_mult': 0.7615005938984971}. Best is trial 507 with value: 0.14087297597185275.
[I 2026-05-28 01:31:06,870] Trial 529 finished with value: 0.1495729756931427 and parameters: {'ISTN': 61.305356780304734, 'I_gpe': 1.3047270962329742, 'I_gpi': 2.1186123298914676, 'noise_stn_sigma': 2.1227434953485895, 'noise_gpe_sigma': 95.36558067801741, 'noise_gpi_sigma': 97.97603662343896, 'g_stn_gpe_mult': 2.109614917755519, 'g_gpe_stn_mult': 0.1600001602035695, 'g_stn_gpi_mult': 1.91961385117275, 'g_gpe_gpi_mult': 0.7530274905546424}. Best is trial 507 with value: 0.14087297597185275.
[I 2026-05-28 01:31:07,875] Trial 530 finished with value: 0.18651521350904454 and parameters: {'ISTN': 61.54619682411581, 'I_gpe': 1.5376899810438072, 'I_gpi': 2.3128901666044293, 'noise_stn_sigma': 1.957809757905848, 'noise_gpe_sigma': 92.21169225346866, 'noise_gpi_sigma': 95.74622598984443, 'g_stn_gpe_mult': 2.4300406671571384, 'g_gpe_stn_mult': 0.16049905157568223, 'g_stn_gpi_mult': 1.936998965698606, 'g_gpe_gpi_mult': 0.7873279007047485}. Best is trial 507 with value: 0.14087297597185275.
[I 2026-05-28 01:31:08,881] Trial 531 finished with value: 0.175499435481342 and parameters: {'ISTN': 62.27901368587375, 'I_gpe': 1.3407412935327945, 'I_gpi': 2.2138147511728254, 'noise_stn_sigma': 2.503100133154323, 'noise_gpe_sigma': 86.32437687513738, 'noise_gpi_sigma': 92.68212995471355, 'g_stn_gpe_mult': 2.234149309466566, 'g_gpe_stn_mult': 0.18725817647681794, 'g_stn_gpi_mult': 1.9677411522949242, 'g_gpe_gpi_mult': 0.7738168933874332}. Best is trial 507 with value: 0.14087297597185275.
[I 2026-05-28 01:31:09,885] Trial 532 finished with value: 0.252068412216068 and parameters: {'ISTN': 61.493413353776695, 'I_gpe': 1.2909125651044957, 'I_gpi': 2.1085792427134686, 'noise_stn_sigma': 2.1032593292828805, 'noise_gpe_sigma': 97.31411785550571, 'noise_gpi_sigma': 90.86008442127317, 'g_stn_gpe_mult': 2.3106473845461135, 'g_gpe_stn_mult': 0.13940200931165725, 'g_stn_gpi_mult': 1.9512637451141184, 'g_gpe_gpi_mult': 0.7538474923731073}. Best is trial 507 with value: 0.14087297597185275.
[I 2026-05-28 01:31:10,890] Trial 533 finished with value: 0.1813072285141553 and parameters: {'ISTN': 61.54186882032928, 'I_gpe': 1.565326134208234, 'I_gpi': 2.1357196010978363, 'noise_stn_sigma': 2.471929771541121, 'noise_gpe_sigma': 91.18594056893784, 'noise_gpi_sigma': 87.11501070071728, 'g_stn_gpe_mult': 2.3788890218576206, 'g_gpe_stn_mult': 0.15212765387843744, 'g_stn_gpi_mult': 1.9999018504482637, 'g_gpe_gpi_mult': 0.7858261337153498}. Best is trial 507 with value: 0.14087297597185275.
[I 2026-05-28 01:31:11,894] Trial 534 finished with value: 0.1883126903243604 and parameters: {'ISTN': 62.64072015886707, 'I_gpe': 1.4405375918449466, 'I_gpi': 1.9011729955389272, 'noise_stn_sigma': 2.537203943297236, 'noise_gpe_sigma': 86.78858974012039, 'noise_gpi_sigma': 88.89198490043732, 'g_stn_gpe_mult': 2.5499936517523825, 'g_gpe_stn_mult': 0.14399324838805158, 'g_stn_gpi_mult': 2.080586307045733, 'g_gpe_gpi_mult': 0.7695625142228388}. Best is trial 507 with value: 0.14087297597185275.
[I 2026-05-28 01:31:12,897] Trial 535 finished with value: 0.19952333567273256 and parameters: {'ISTN': 60.78222132857323, 'I_gpe': 1.6000350897730522, 'I_gpi': 1.924132282066839, 'noise_stn_sigma': 2.638185054220229, 'noise_gpe_sigma': 92.2551734074951, 'noise_gpi_sigma': 88.16281519765866, 'g_stn_gpe_mult': 2.247310653213417, 'g_gpe_stn_mult': 0.15730092549061375, 'g_stn_gpi_mult': 1.942641276724331, 'g_gpe_gpi_mult': 0.8018304566336363}. Best is trial 507 with value: 0.14087297597185275.
[I 2026-05-28 01:31:13,903] Trial 536 finished with value: 0.8139998405185905 and parameters: {'ISTN': 60.247428949807656, 'I_gpe': 1.46637412373544, 'I_gpi': 2.1945968821849853, 'noise_stn_sigma': 2.6260611614135265, 'noise_gpe_sigma': 83.76806456321091, 'noise_gpi_sigma': 92.50179019065645, 'g_stn_gpe_mult': 2.6280321191773943, 'g_gpe_stn_mult': 0.12520178177745928, 'g_stn_gpi_mult': 2.0087047553811024, 'g_gpe_gpi_mult': 0.7886073763468191}. Best is trial 507 with value: 0.14087297597185275.
[I 2026-05-28 01:31:14,908] Trial 537 finished with value: 0.8001866830251648 and parameters: {'ISTN': 60.61929567397469, 'I_gpe': 1.1573929708539876, 'I_gpi': 2.2991804233771367, 'noise_stn_sigma': 2.3979178270223414, 'noise_gpe_sigma': 90.10085592244484, 'noise_gpi_sigma': 90.85673813208236, 'g_stn_gpe_mult': 2.432858366621123, 'g_gpe_stn_mult': 0.18805520437321427, 'g_stn_gpi_mult': 1.7224837504124644, 'g_gpe_gpi_mult': 0.7542118272764402}. Best is trial 507 with value: 0.14087297597185275.
[I 2026-05-28 01:31:15,914] Trial 538 finished with value: 0.1771683303893102 and parameters: {'ISTN': 62.54948240734178, 'I_gpe': 1.3826595671781918, 'I_gpi': 2.1329745893320142, 'noise_stn_sigma': 2.883397212191619, 'noise_gpe_sigma': 90.42979121340913, 'noise_gpi_sigma': 93.56772454182587, 'g_stn_gpe_mult': 2.4658684615905235, 'g_gpe_stn_mult': 0.15303717976359332, 'g_stn_gpi_mult': 1.9374322687971666, 'g_gpe_gpi_mult': 0.7698247091545622}. Best is trial 507 with value: 0.14087297597185275.
[I 2026-05-28 01:31:16,916] Trial 539 finished with value: 0.14391828976572962 and parameters: {'ISTN': 60.2370443794519, 'I_gpe': 1.4126743075933055, 'I_gpi': 2.1140764821810585, 'noise_stn_sigma': 2.306790493395854, 'noise_gpe_sigma': 88.22895143989814, 'noise_gpi_sigma': 98.69071608874081, 'g_stn_gpe_mult': 2.1322509673421175, 'g_gpe_stn_mult': 0.1527233361622218, 'g_stn_gpi_mult': 1.855918083433432, 'g_gpe_gpi_mult': 0.7298924573123693}. Best is trial 507 with value: 0.14087297597185275.
[I 2026-05-28 01:31:17,919] Trial 540 finished with value: 0.19535790180712048 and parameters: {'ISTN': 62.17961359105924, 'I_gpe': 1.5060957515092988, 'I_gpi': 2.0196550304604037, 'noise_stn_sigma': 2.1975878019615243, 'noise_gpe_sigma': 86.58776898315018, 'noise_gpi_sigma': 90.03646163820699, 'g_stn_gpe_mult': 2.2989070089483605, 'g_gpe_stn_mult': 0.1585386962816227, 'g_stn_gpi_mult': 1.6740491871832517, 'g_gpe_gpi_mult': 0.7883463592657802}. Best is trial 507 with value: 0.14087297597185275.
[I 2026-05-28 01:31:18,924] Trial 541 finished with value: 0.18217116819360119 and parameters: {'ISTN': 63.74707311200749, 'I_gpe': 1.33794164558135, 'I_gpi': 2.1657966899063785, 'noise_stn_sigma': 2.2678484682699436, 'noise_gpe_sigma': 88.98491907208462, 'noise_gpi_sigma': 102.56027422062944, 'g_stn_gpe_mult': 1.9522704446696504, 'g_gpe_stn_mult': 0.15054869274395005, 'g_stn_gpi_mult': 1.653012101486063, 'g_gpe_gpi_mult': 0.7299911715575302}. Best is trial 507 with value: 0.14087297597185275.
[I 2026-05-28 01:31:19,929] Trial 542 finished with value: 0.41525817017944444 and parameters: {'ISTN': 61.466490264943126, 'I_gpe': 1.325634191912829, 'I_gpi': 2.108080189969607, 'noise_stn_sigma': 2.417079395571942, 'noise_gpe_sigma': 90.40858213474444, 'noise_gpi_sigma': 94.99655823989407, 'g_stn_gpe_mult': 2.3031588649431565, 'g_gpe_stn_mult': 0.1747441839218729, 'g_stn_gpi_mult': 1.7660461855444276, 'g_gpe_gpi_mult': 0.7586511853701279}. Best is trial 507 with value: 0.14087297597185275.
[I 2026-05-28 01:31:20,934] Trial 543 finished with value: 0.15354652451410417 and parameters: {'ISTN': 60.97935631918452, 'I_gpe': 1.3396195849691668, 'I_gpi': 2.0766318684974143, 'noise_stn_sigma': 2.522463080989995, 'noise_gpe_sigma': 95.44340287755966, 'noise_gpi_sigma': 102.95705221388205, 'g_stn_gpe_mult': 2.3423394683559673, 'g_gpe_stn_mult': 0.15361670366292843, 'g_stn_gpi_mult': 2.0306362808721943, 'g_gpe_gpi_mult': 0.784113021364691}. Best is trial 507 with value: 0.14087297597185275.
[I 2026-05-28 01:31:21,940] Trial 544 finished with value: 0.15418999331772457 and parameters: {'ISTN': 60.54109421740876, 'I_gpe': 1.480661626604836, 'I_gpi': 2.144374107948159, 'noise_stn_sigma': 2.351130693086417, 'noise_gpe_sigma': 83.42543134166698, 'noise_gpi_sigma': 99.6509254722201, 'g_stn_gpe_mult': 2.2842279800217407, 'g_gpe_stn_mult': 0.15230451488029678, 'g_stn_gpi_mult': 1.8982180127470745, 'g_gpe_gpi_mult': 0.7318996523963073}. Best is trial 507 with value: 0.14087297597185275.
[I 2026-05-28 01:31:22,946] Trial 545 finished with value: 0.17508015407424726 and parameters: {'ISTN': 61.41883216937494, 'I_gpe': 1.4158469028593776, 'I_gpi': 1.9663155430709545, 'noise_stn_sigma': 2.066149024761015, 'noise_gpe_sigma': 91.6950808280312, 'noise_gpi_sigma': 99.79097194826521, 'g_stn_gpe_mult': 2.149101639305826, 'g_gpe_stn_mult': 0.14597717132329488, 'g_stn_gpi_mult': 1.840364706294677, 'g_gpe_gpi_mult': 0.7511884218001255}. Best is trial 507 with value: 0.14087297597185275.
[I 2026-05-28 01:31:23,951] Trial 546 finished with value: 0.1769833983627611 and parameters: {'ISTN': 65.19963180852086, 'I_gpe': 1.3094704040231204, 'I_gpi': 2.023603337965461, 'noise_stn_sigma': 2.741807478746173, 'noise_gpe_sigma': 90.98075151051324, 'noise_gpi_sigma': 93.08430941940966, 'g_stn_gpe_mult': 2.1577206853526936, 'g_gpe_stn_mult': 0.1411454485441203, 'g_stn_gpi_mult': 2.1883626440823623, 'g_gpe_gpi_mult': 0.7340927461477369}. Best is trial 507 with value: 0.14087297597185275.
[I 2026-05-28 01:31:24,957] Trial 547 finished with value: 0.17964497404858593 and parameters: {'ISTN': 61.9498499490366, 'I_gpe': 1.4048285683649664, 'I_gpi': 2.09787884204341, 'noise_stn_sigma': 2.3059377738977265, 'noise_gpe_sigma': 84.67055721953116, 'noise_gpi_sigma': 97.46564476374996, 'g_stn_gpe_mult': 2.177279409705451, 'g_gpe_stn_mult': 0.17450363384884993, 'g_stn_gpi_mult': 1.8139795489416768, 'g_gpe_gpi_mult': 0.7273014752569382}. Best is trial 507 with value: 0.14087297597185275.
[I 2026-05-28 01:31:25,962] Trial 548 finished with value: 0.17817917823131849 and parameters: {'ISTN': 61.25737676488228, 'I_gpe': 1.5661865211716475, 'I_gpi': 2.4109149333613105, 'noise_stn_sigma': 2.0253345566140606, 'noise_gpe_sigma': 84.89558666678259, 'noise_gpi_sigma': 98.24742433111575, 'g_stn_gpe_mult': 2.101252225491913, 'g_gpe_stn_mult': 0.1507297955742139, 'g_stn_gpi_mult': 1.7224478741868348, 'g_gpe_gpi_mult': 0.7736644729254503}. Best is trial 507 with value: 0.14087297597185275.
[I 2026-05-28 01:31:26,967] Trial 549 finished with value: 0.15152277184782006 and parameters: {'ISTN': 60.93172487354648, 'I_gpe': 1.330956012861232, 'I_gpi': 2.0922812048750714, 'noise_stn_sigma': 2.441289898661992, 'noise_gpe_sigma': 87.18688128011057, 'noise_gpi_sigma': 91.01342490572593, 'g_stn_gpe_mult': 2.2024966854977044, 'g_gpe_stn_mult': 0.17340436829510888, 'g_stn_gpi_mult': 1.862502841059975, 'g_gpe_gpi_mult': 0.7371111574828317}. Best is trial 507 with value: 0.14087297597185275.
[I 2026-05-28 01:31:27,971] Trial 550 finished with value: 0.17252639403485368 and parameters: {'ISTN': 61.69361427326004, 'I_gpe': 1.3451967942622751, 'I_gpi': 1.9892772060175412, 'noise_stn_sigma': 2.8872294320798755, 'noise_gpe_sigma': 86.20008349939602, 'noise_gpi_sigma': 98.459352037091, 'g_stn_gpe_mult': 2.1112106596818596, 'g_gpe_stn_mult': 0.14457160028090651, 'g_stn_gpi_mult': 1.9213278485589986, 'g_gpe_gpi_mult': 0.7555913549435298}. Best is trial 507 with value: 0.14087297597185275.
[I 2026-05-28 01:31:28,978] Trial 551 finished with value: 0.1681630048013395 and parameters: {'ISTN': 61.42477966058285, 'I_gpe': 1.5310351596087237, 'I_gpi': 2.026188808213763, 'noise_stn_sigma': 2.3433946879540777, 'noise_gpe_sigma': 86.73099106016046, 'noise_gpi_sigma': 91.87388752646908, 'g_stn_gpe_mult': 2.0992122507137423, 'g_gpe_stn_mult': 0.13246123874765137, 'g_stn_gpi_mult': 1.8972596562376978, 'g_gpe_gpi_mult': 0.7453623100550788}. Best is trial 507 with value: 0.14087297597185275.
[I 2026-05-28 01:31:29,983] Trial 552 finished with value: 0.1562997377813809 and parameters: {'ISTN': 61.84501237617161, 'I_gpe': 1.3645064447972706, 'I_gpi': 2.1247052148030696, 'noise_stn_sigma': 2.4205203951192042, 'noise_gpe_sigma': 87.60829968856086, 'noise_gpi_sigma': 98.17817302539962, 'g_stn_gpe_mult': 2.261522634901152, 'g_gpe_stn_mult': 0.15154564225095915, 'g_stn_gpi_mult': 1.8016988902767581, 'g_gpe_gpi_mult': 0.7505945115971504}. Best is trial 507 with value: 0.14087297597185275.
[I 2026-05-28 01:31:30,988] Trial 553 finished with value: 0.17571994668860197 and parameters: {'ISTN': 63.16949160915225, 'I_gpe': 1.4314674127689786, 'I_gpi': 2.2328719779283435, 'noise_stn_sigma': 2.242541466180853, 'noise_gpe_sigma': 92.92474990014483, 'noise_gpi_sigma': 89.76932393280015, 'g_stn_gpe_mult': 2.256099109147317, 'g_gpe_stn_mult': 0.15034671614011302, 'g_stn_gpi_mult': 1.9017014766930957, 'g_gpe_gpi_mult': 0.7618062295159158}. Best is trial 507 with value: 0.14087297597185275.
[I 2026-05-28 01:31:31,994] Trial 554 finished with value: 0.18726742377201352 and parameters: {'ISTN': 62.57151583947418, 'I_gpe': 1.364385370283415, 'I_gpi': 1.9621743812712795, 'noise_stn_sigma': 2.5524881868160274, 'noise_gpe_sigma': 83.29323541777701, 'noise_gpi_sigma': 88.87278946710039, 'g_stn_gpe_mult': 2.348467471430555, 'g_gpe_stn_mult': 0.15426236757090475, 'g_stn_gpi_mult': 1.849933925008152, 'g_gpe_gpi_mult': 0.7726070496969544}. Best is trial 507 with value: 0.14087297597185275.
[I 2026-05-28 01:31:32,998] Trial 555 finished with value: 0.14830928014360495 and parameters: {'ISTN': 60.3138940257137, 'I_gpe': 1.4438292033048463, 'I_gpi': 2.2418678866201045, 'noise_stn_sigma': 2.528065891022729, 'noise_gpe_sigma': 86.56114955993519, 'noise_gpi_sigma': 90.19497278142653, 'g_stn_gpe_mult': 2.3562122413533886, 'g_gpe_stn_mult': 0.16620645993488894, 'g_stn_gpi_mult': 1.971249616895663, 'g_gpe_gpi_mult': 0.7764759565117918}. Best is trial 507 with value: 0.14087297597185275.
[I 2026-05-28 01:31:34,004] Trial 556 finished with value: 0.16749363277034884 and parameters: {'ISTN': 60.812468575661335, 'I_gpe': 1.4515779103885071, 'I_gpi': 1.9890409872322836, 'noise_stn_sigma': 2.601253252635326, 'noise_gpe_sigma': 89.66578247912764, 'noise_gpi_sigma': 93.02818841218898, 'g_stn_gpe_mult': 2.3792469735417816, 'g_gpe_stn_mult': 0.17066075228260086, 'g_stn_gpi_mult': 1.8104176396627842, 'g_gpe_gpi_mult': 0.7738905534414899}. Best is trial 507 with value: 0.14087297597185275.
[I 2026-05-28 01:31:35,010] Trial 557 finished with value: 0.16087386911737958 and parameters: {'ISTN': 60.78449909236114, 'I_gpe': 1.393811481046331, 'I_gpi': 2.1658561985972185, 'noise_stn_sigma': 3.178001312907334, 'noise_gpe_sigma': 89.68051377247515, 'noise_gpi_sigma': 99.54254664980907, 'g_stn_gpe_mult': 2.344608411030938, 'g_gpe_stn_mult': 0.16702865187283267, 'g_stn_gpi_mult': 2.0109794068534446, 'g_gpe_gpi_mult': 0.7546431889873817}. Best is trial 507 with value: 0.14087297597185275.
[I 2026-05-28 01:31:36,016] Trial 558 finished with value: 1.6326209016367677 and parameters: {'ISTN': 61.05964655608475, 'I_gpe': 1.321042994236853, 'I_gpi': 2.038385294529835, 'noise_stn_sigma': 2.506536267808791, 'noise_gpe_sigma': 88.04656757711716, 'noise_gpi_sigma': 97.82593173118532, 'g_stn_gpe_mult': 2.044535275572929, 'g_gpe_stn_mult': 0.17597277663391975, 'g_stn_gpi_mult': 2.048219808313869, 'g_gpe_gpi_mult': 0.7450101621935834}. Best is trial 507 with value: 0.14087297597185275.
[I 2026-05-28 01:31:37,021] Trial 559 finished with value: 0.17788261764332858 and parameters: {'ISTN': 63.72593560002631, 'I_gpe': 1.4277631212729462, 'I_gpi': 2.118755135518679, 'noise_stn_sigma': 1.8464895643921238, 'noise_gpe_sigma': 86.91174641290904, 'noise_gpi_sigma': 91.30329826251081, 'g_stn_gpe_mult': 2.1530349473119883, 'g_gpe_stn_mult': 0.14906481954705303, 'g_stn_gpi_mult': 1.919322513984706, 'g_gpe_gpi_mult': 0.7620913297488587}. Best is trial 507 with value: 0.14087297597185275.
[I 2026-05-28 01:31:38,025] Trial 560 finished with value: 0.16580904350229186 and parameters: {'ISTN': 62.5561227937273, 'I_gpe': 1.3477044078573837, 'I_gpi': 2.019096203819749, 'noise_stn_sigma': 1.9324903470971335, 'noise_gpe_sigma': 90.92303043114936, 'noise_gpi_sigma': 86.68693813472703, 'g_stn_gpe_mult': 2.327095749805585, 'g_gpe_stn_mult': 0.1637098028147148, 'g_stn_gpi_mult': 1.9027677696160181, 'g_gpe_gpi_mult': 0.8041308896527848}. Best is trial 507 with value: 0.14087297597185275.
[I 2026-05-28 01:31:39,032] Trial 561 finished with value: 0.19756220312328693 and parameters: {'ISTN': 62.81502551741269, 'I_gpe': 1.5119260061640896, 'I_gpi': 2.2167839256891835, 'noise_stn_sigma': 2.4724597891010274, 'noise_gpe_sigma': 85.89795148881159, 'noise_gpi_sigma': 93.96915488854641, 'g_stn_gpe_mult': 2.3463229255648756, 'g_gpe_stn_mult': 0.15949817311141845, 'g_stn_gpi_mult': 1.9320983271613907, 'g_gpe_gpi_mult': 0.7929060732472069}. Best is trial 507 with value: 0.14087297597185275.
[I 2026-05-28 01:31:40,037] Trial 562 finished with value: 0.17919594561873992 and parameters: {'ISTN': 63.31437914113501, 'I_gpe': 1.2985261828739814, 'I_gpi': 2.17966347721542, 'noise_stn_sigma': 2.781795824153569, 'noise_gpe_sigma': 93.8372146398171, 'noise_gpi_sigma': 98.0968325551946, 'g_stn_gpe_mult': 2.5688358796027693, 'g_gpe_stn_mult': 0.18104155336161298, 'g_stn_gpi_mult': 1.9357966376688334, 'g_gpe_gpi_mult': 0.7909189550911908}. Best is trial 507 with value: 0.14087297597185275.
[I 2026-05-28 01:31:41,041] Trial 563 finished with value: 0.15706942171501434 and parameters: {'ISTN': 60.52632918173187, 'I_gpe': 1.4577806459171336, 'I_gpi': 2.254474950708987, 'noise_stn_sigma': 2.586556321857009, 'noise_gpe_sigma': 84.11318262543705, 'noise_gpi_sigma': 93.474976074501, 'g_stn_gpe_mult': 2.387283953511578, 'g_gpe_stn_mult': 0.17213449585962515, 'g_stn_gpi_mult': 1.9125870115096144, 'g_gpe_gpi_mult': 0.7671357551775406}. Best is trial 507 with value: 0.14087297597185275.
[I 2026-05-28 01:31:42,045] Trial 564 finished with value: 0.1654227635687881 and parameters: {'ISTN': 61.86583665720386, 'I_gpe': 1.3105991964050963, 'I_gpi': 2.1520471095230014, 'noise_stn_sigma': 2.714823475567751, 'noise_gpe_sigma': 86.24430776857432, 'noise_gpi_sigma': 91.13437846802604, 'g_stn_gpe_mult': 2.428782815053717, 'g_gpe_stn_mult': 0.14702040007512054, 'g_stn_gpi_mult': 1.8351143703204271, 'g_gpe_gpi_mult': 0.7635387244972682}. Best is trial 507 with value: 0.14087297597185275.
[I 2026-05-28 01:31:43,050] Trial 565 finished with value: 0.17969172877498454 and parameters: {'ISTN': 62.531722151481084, 'I_gpe': 1.4343290432975482, 'I_gpi': 2.135246324044833, 'noise_stn_sigma': 2.6061903324989997, 'noise_gpe_sigma': 86.021647940609, 'noise_gpi_sigma': 96.11055827026155, 'g_stn_gpe_mult': 2.3822878174221556, 'g_gpe_stn_mult': 0.17020582843033566, 'g_stn_gpi_mult': 1.9467860109281472, 'g_gpe_gpi_mult': 0.7859241285112395}. Best is trial 507 with value: 0.14087297597185275.
[I 2026-05-28 01:31:44,057] Trial 566 finished with value: 0.15102902886274172 and parameters: {'ISTN': 60.20209973364931, 'I_gpe': 1.4554797513732594, 'I_gpi': 2.1725139679561973, 'noise_stn_sigma': 2.86485316787203, 'noise_gpe_sigma': 84.68621630265102, 'noise_gpi_sigma': 85.64729737624361, 'g_stn_gpe_mult': 2.398306647915873, 'g_gpe_stn_mult': 0.1576455670489324, 'g_stn_gpi_mult': 1.9850444097445092, 'g_gpe_gpi_mult': 0.7553985340882323}. Best is trial 507 with value: 0.14087297597185275.
[I 2026-05-28 01:31:45,063] Trial 567 finished with value: 0.1639364949438801 and parameters: {'ISTN': 60.333618638315436, 'I_gpe': 1.545449917953992, 'I_gpi': 2.320671909513594, 'noise_stn_sigma': 2.661417904941071, 'noise_gpe_sigma': 90.81243607279491, 'noise_gpi_sigma': 98.72852057168528, 'g_stn_gpe_mult': 2.2750777169717527, 'g_gpe_stn_mult': 0.1579167406533002, 'g_stn_gpi_mult': 1.8783025463514238, 'g_gpe_gpi_mult': 0.776027915893345}. Best is trial 507 with value: 0.14087297597185275.
[I 2026-05-28 01:31:46,067] Trial 568 finished with value: 0.16705362968822784 and parameters: {'ISTN': 60.67955165439227, 'I_gpe': 1.43370935251888, 'I_gpi': 2.0254621567683824, 'noise_stn_sigma': 2.295803436422273, 'noise_gpe_sigma': 82.2191528233684, 'noise_gpi_sigma': 91.93511734895118, 'g_stn_gpe_mult': 2.323832228386337, 'g_gpe_stn_mult': 0.1536663662970507, 'g_stn_gpi_mult': 1.8297283164962597, 'g_gpe_gpi_mult': 0.800159375044621}. Best is trial 507 with value: 0.14087297597185275.
[I 2026-05-28 01:31:47,073] Trial 569 finished with value: 0.1887953858152551 and parameters: {'ISTN': 61.158180250765135, 'I_gpe': 1.514363185104692, 'I_gpi': 2.1428402520357204, 'noise_stn_sigma': 2.718947417821198, 'noise_gpe_sigma': 86.27998448367899, 'noise_gpi_sigma': 95.34451530689489, 'g_stn_gpe_mult': 2.464815737395466, 'g_gpe_stn_mult': 0.1725719879399586, 'g_stn_gpi_mult': 2.0155197937615554, 'g_gpe_gpi_mult': 0.7648240935514434}. Best is trial 507 with value: 0.14087297597185275.
[I 2026-05-28 01:31:48,079] Trial 570 finished with value: 0.16168392736618245 and parameters: {'ISTN': 60.717506958361405, 'I_gpe': 1.4710150162694047, 'I_gpi': 2.321700280160516, 'noise_stn_sigma': 2.395585940151893, 'noise_gpe_sigma': 88.76811264281781, 'noise_gpi_sigma': 92.7792617375239, 'g_stn_gpe_mult': 2.2826259119754773, 'g_gpe_stn_mult': 0.14947511456109475, 'g_stn_gpi_mult': 1.9493155874777661, 'g_gpe_gpi_mult': 0.7431496796969743}. Best is trial 507 with value: 0.14087297597185275.
[I 2026-05-28 01:31:49,087] Trial 571 finished with value: 0.150024325562194 and parameters: {'ISTN': 60.024761348843036, 'I_gpe': 1.4050791641022191, 'I_gpi': 2.11470608103365, 'noise_stn_sigma': 2.773906056037993, 'noise_gpe_sigma': 87.04472753183231, 'noise_gpi_sigma': 87.37026466323239, 'g_stn_gpe_mult': 2.488695383037919, 'g_gpe_stn_mult': 0.1746671843475024, 'g_stn_gpi_mult': 1.9103554809214782, 'g_gpe_gpi_mult': 0.7814311782912853}. Best is trial 507 with value: 0.14087297597185275.
