[I 2026-05-28 02:41:45,146] Trial 693 finished with value: 0.003934860384362515 and parameters: {'ISTN': 60.33326350394628, 'I_gpe': 1.1170898060815282, 'I_gpi': 2.2756927808473857, 'noise_stn_sigma': 1.0060905754345386, 'noise_gpe_sigma': 144.7693479867545, 'noise_gpi_sigma': 142.64530844120492, 'g_stn_gpe_mult': 2.4381032783122047, 'g_gpe_stn_mult': 0.1810568256224644, 'g_stn_gpi_mult': 1.2429296948874708, 'g_gpe_gpi_mult': 0.9455401843136948}. Best is trial 693 with value: 0.003934860384362515.
[I 2026-05-28 02:41:46,153] Trial 694 finished with value: 0.008810737120492223 and parameters: {'ISTN': 60.14978318284043, 'I_gpe': 1.1417204815335202, 'I_gpi': 2.279872126231496, 'noise_stn_sigma': 1.3456976525821958, 'noise_gpe_sigma': 141.8912295270046, 'noise_gpi_sigma': 144.08820986665478, 'g_stn_gpe_mult': 2.495887413294879, 'g_gpe_stn_mult': 0.18756658068824467, 'g_stn_gpi_mult': 1.3159583678207019, 'g_gpe_gpi_mult': 0.9263447085141674}. Best is trial 693 with value: 0.003934860384362515.
[I 2026-05-28 02:41:47,159] Trial 695 finished with value: 0.011883157693018067 and parameters: {'ISTN': 60.974609996026835, 'I_gpe': 1.0755611778347294, 'I_gpi': 2.241375312190785, 'noise_stn_sigma': 1.1571202279826456, 'noise_gpe_sigma': 142.1367989783196, 'noise_gpi_sigma': 141.8646932241931, 'g_stn_gpe_mult': 2.3587623178032753, 'g_gpe_stn_mult': 0.1630858710070291, 'g_stn_gpi_mult': 1.2960560602335334, 'g_gpe_gpi_mult': 0.9187771005141523}. Best is trial 693 with value: 0.003934860384362515.
[I 2026-05-28 02:41:48,170] Trial 696 finished with value: 0.008087845169897636 and parameters: {'ISTN': 60.340537744295005, 'I_gpe': 1.1004791981599142, 'I_gpi': 2.2783119085016947, 'noise_stn_sigma': 1.2676256100739076, 'noise_gpe_sigma': 142.8281146156075, 'noise_gpi_sigma': 139.85836361410662, 'g_stn_gpe_mult': 2.490224100571844, 'g_gpe_stn_mult': 0.18125576896504614, 'g_stn_gpi_mult': 1.318400494831673, 'g_gpe_gpi_mult': 0.924523111448502}. Best is trial 693 with value: 0.003934860384362515.
[I 2026-05-28 02:41:49,177] Trial 697 finished with value: 0.018457347977109843 and parameters: {'ISTN': 60.604523916840535, 'I_gpe': 1.139419189208673, 'I_gpi': 2.21162411486205, 'noise_stn_sigma': 1.1890567958435967, 'noise_gpe_sigma': 142.81165819252848, 'noise_gpi_sigma': 145.4446211448615, 'g_stn_gpe_mult': 2.561039549289621, 'g_gpe_stn_mult': 0.18751097036453993, 'g_stn_gpi_mult': 1.2839479032225278, 'g_gpe_gpi_mult': 0.9176198418026924}. Best is trial 693 with value: 0.003934860384362515.
[I 2026-05-28 02:41:50,185] Trial 698 finished with value: 0.008530685279546266 and parameters: {'ISTN': 60.52271575990737, 'I_gpe': 1.1336393405956393, 'I_gpi': 2.2756173819552217, 'noise_stn_sigma': 1.0938225753813802, 'noise_gpe_sigma': 141.01014719531594, 'noise_gpi_sigma': 141.96561611597326, 'g_stn_gpe_mult': 2.402810955634343, 'g_gpe_stn_mult': 0.17211574206857072, 'g_stn_gpi_mult': 1.3269455635659722, 'g_gpe_gpi_mult': 0.9371433450181188}. Best is trial 693 with value: 0.003934860384362515.
[I 2026-05-28 02:41:51,191] Trial 699 finished with value: 0.017707139618448484 and parameters: {'ISTN': 60.73699572534161, 'I_gpe': 1.0907720365652156, 'I_gpi': 2.2803163083719706, 'noise_stn_sigma': 1.3261740082959035, 'noise_gpe_sigma': 141.199429055704, 'noise_gpi_sigma': 141.0044118781364, 'g_stn_gpe_mult': 2.474902944885369, 'g_gpe_stn_mult': 0.19102422690528886, 'g_stn_gpi_mult': 1.354474798132673, 'g_gpe_gpi_mult': 0.9527085944758515}. Best is trial 693 with value: 0.003934860384362515.
[I 2026-05-28 02:41:52,198] Trial 700 finished with value: 0.00774684887832839 and parameters: {'ISTN': 61.14220707668694, 'I_gpe': 1.0839728384157201, 'I_gpi': 2.2230613637593453, 'noise_stn_sigma': 1.1224095217724743, 'noise_gpe_sigma': 146.3824634838191, 'noise_gpi_sigma': 143.97171848718466, 'g_stn_gpe_mult': 2.4863918681406654, 'g_gpe_stn_mult': 0.1739258900062437, 'g_stn_gpi_mult': 1.2177903640208452, 'g_gpe_gpi_mult': 0.9147438479811973}. Best is trial 693 with value: 0.003934860384362515.
[I 2026-05-28 02:41:53,206] Trial 701 finished with value: 0.01310752557851459 and parameters: {'ISTN': 60.39329247764999, 'I_gpe': 1.1352663887438377, 'I_gpi': 2.2507123070964123, 'noise_stn_sigma': 1.2381869387107465, 'noise_gpe_sigma': 144.30803627641194, 'noise_gpi_sigma': 143.21771162816682, 'g_stn_gpe_mult': 2.4864372260362035, 'g_gpe_stn_mult': 0.1697331415818557, 'g_stn_gpi_mult': 1.2621347744212463, 'g_gpe_gpi_mult': 0.9366959111686717}. Best is trial 693 with value: 0.003934860384362515.
[I 2026-05-28 02:41:54,213] Trial 702 finished with value: 0.006898267931643086 and parameters: {'ISTN': 60.443834760270875, 'I_gpe': 1.140556880014381, 'I_gpi': 2.297346320041437, 'noise_stn_sigma': 1.1390517838851701, 'noise_gpe_sigma': 142.24655139114498, 'noise_gpi_sigma': 145.04136981297495, 'g_stn_gpe_mult': 2.521340039024625, 'g_gpe_stn_mult': 0.18465999106949968, 'g_stn_gpi_mult': 1.2962292195109533, 'g_gpe_gpi_mult': 0.937059597769855}. Best is trial 693 with value: 0.003934860384362515.
[I 2026-05-28 02:41:55,222] Trial 703 finished with value: 0.00576329351464489 and parameters: {'ISTN': 61.33880650495907, 'I_gpe': 1.1045719961550722, 'I_gpi': 2.2740507314949374, 'noise_stn_sigma': 1.0729528723532982, 'noise_gpe_sigma': 145.57439875064756, 'noise_gpi_sigma': 142.15709871980917, 'g_stn_gpe_mult': 2.4543711354551583, 'g_gpe_stn_mult': 0.16835635349733524, 'g_stn_gpi_mult': 1.3229654938658393, 'g_gpe_gpi_mult': 0.9308707876942293}. Best is trial 693 with value: 0.003934860384362515.
[I 2026-05-28 02:41:56,232] Trial 704 finished with value: 0.012178572183182548 and parameters: {'ISTN': 61.074938261045425, 'I_gpe': 1.1436510542408032, 'I_gpi': 2.2540694702743003, 'noise_stn_sigma': 1.1492530038051765, 'noise_gpe_sigma': 144.3128091831572, 'noise_gpi_sigma': 141.45617203112354, 'g_stn_gpe_mult': 2.474731553481939, 'g_gpe_stn_mult': 0.17506513313626285, 'g_stn_gpi_mult': 1.2738415108030698, 'g_gpe_gpi_mult': 0.933477471116076}. Best is trial 693 with value: 0.003934860384362515.
[I 2026-05-28 02:41:57,242] Trial 705 finished with value: 0.018043552747210423 and parameters: {'ISTN': 61.00269374476216, 'I_gpe': 1.0490991333800328, 'I_gpi': 2.2458010892163904, 'noise_stn_sigma': 1.2338754706749127, 'noise_gpe_sigma': 145.01993916385746, 'noise_gpi_sigma': 139.4278759765757, 'g_stn_gpe_mult': 2.4663369872845142, 'g_gpe_stn_mult': 0.18639676753962714, 'g_stn_gpi_mult': 1.2818201901613515, 'g_gpe_gpi_mult': 0.9570731561838943}. Best is trial 693 with value: 0.003934860384362515.
[I 2026-05-28 02:41:58,250] Trial 706 finished with value: 0.007954798604828766 and parameters: {'ISTN': 61.0946723230875, 'I_gpe': 1.1089078993113088, 'I_gpi': 2.2379744977302742, 'noise_stn_sigma': 1.0515886014660147, 'noise_gpe_sigma': 145.89804104834235, 'noise_gpi_sigma': 142.52309295778485, 'g_stn_gpe_mult': 2.4860560528800595, 'g_gpe_stn_mult': 0.17730730069877693, 'g_stn_gpi_mult': 1.2302127366068492, 'g_gpe_gpi_mult': 0.9381281544255613}. Best is trial 693 with value: 0.003934860384362515.
[I 2026-05-28 02:41:59,259] Trial 707 finished with value: 0.007595224816678071 and parameters: {'ISTN': 60.99167681582521, 'I_gpe': 1.1007397305329987, 'I_gpi': 2.1983527625142503, 'noise_stn_sigma': 1.1929616104886853, 'noise_gpe_sigma': 145.6317636022797, 'noise_gpi_sigma': 144.56536187185912, 'g_stn_gpe_mult': 2.4452673067576205, 'g_gpe_stn_mult': 0.17518354546156012, 'g_stn_gpi_mult': 1.3588394015290621, 'g_gpe_gpi_mult': 0.9168446240799057}. Best is trial 693 with value: 0.003934860384362515.
[I 2026-05-28 02:42:00,268] Trial 708 finished with value: 0.004455197130376181 and parameters: {'ISTN': 60.387714145104646, 'I_gpe': 1.0964259182473228, 'I_gpi': 2.324678415257846, 'noise_stn_sigma': 1.0706582988919047, 'noise_gpe_sigma': 146.42898062408565, 'noise_gpi_sigma': 142.44963053085735, 'g_stn_gpe_mult': 2.395562868209076, 'g_gpe_stn_mult': 0.1873330160110025, 'g_stn_gpi_mult': 1.259527540361569, 'g_gpe_gpi_mult': 0.9479245879238953}. Best is trial 693 with value: 0.003934860384362515.
[I 2026-05-28 02:42:01,277] Trial 709 finished with value: 0.0066663150681608 and parameters: {'ISTN': 60.600317238827316, 'I_gpe': 1.1208921035439343, 'I_gpi': 2.2381736007369946, 'noise_stn_sigma': 1.1572781158046732, 'noise_gpe_sigma': 145.5506702506559, 'noise_gpi_sigma': 139.9913319919755, 'g_stn_gpe_mult': 2.4347811762786296, 'g_gpe_stn_mult': 0.17618649154478916, 'g_stn_gpi_mult': 1.2990048871358741, 'g_gpe_gpi_mult': 0.9294658666022872}. Best is trial 693 with value: 0.003934860384362515.
[I 2026-05-28 02:42:02,285] Trial 710 finished with value: 0.010534581414905276 and parameters: {'ISTN': 60.49695211755594, 'I_gpe': 1.1351550861163417, 'I_gpi': 2.334004636771211, 'noise_stn_sigma': 1.0603262022359523, 'noise_gpe_sigma': 142.85532507554746, 'noise_gpi_sigma': 143.88617669035256, 'g_stn_gpe_mult': 2.518209425930704, 'g_gpe_stn_mult': 0.18862531154075646, 'g_stn_gpi_mult': 1.2837426397565357, 'g_gpe_gpi_mult': 0.938344769030703}. Best is trial 693 with value: 0.003934860384362515.
[I 2026-05-28 02:42:03,293] Trial 711 finished with value: 0.008874708070140415 and parameters: {'ISTN': 60.83153878146827, 'I_gpe': 1.0687671678947013, 'I_gpi': 2.348187684253077, 'noise_stn_sigma': 1.1491965851849204, 'noise_gpe_sigma': 144.9328736416537, 'noise_gpi_sigma': 141.9112889931778, 'g_stn_gpe_mult': 2.482744353651545, 'g_gpe_stn_mult': 0.1810294680185976, 'g_stn_gpi_mult': 1.2711787359354694, 'g_gpe_gpi_mult': 0.955094326950797}. Best is trial 693 with value: 0.003934860384362515.
[I 2026-05-28 02:42:04,302] Trial 712 finished with value: 0.012903406430094948 and parameters: {'ISTN': 60.43925676574609, 'I_gpe': 1.1186329507269397, 'I_gpi': 2.3584276543890352, 'noise_stn_sigma': 1.2173447226456469, 'noise_gpe_sigma': 144.6878246714627, 'noise_gpi_sigma': 141.9816960253097, 'g_stn_gpe_mult': 2.4241014979246613, 'g_gpe_stn_mult': 0.17020556326229097, 'g_stn_gpi_mult': 1.2832335929574743, 'g_gpe_gpi_mult': 0.9356671948043909}. Best is trial 693 with value: 0.003934860384362515.
[I 2026-05-28 02:42:05,312] Trial 713 finished with value: 0.015081357628935447 and parameters: {'ISTN': 61.152163083755056, 'I_gpe': 1.100284087633947, 'I_gpi': 2.2916256780750897, 'noise_stn_sigma': 1.0018866186217616, 'noise_gpe_sigma': 144.74452760424688, 'noise_gpi_sigma': 142.30592463608113, 'g_stn_gpe_mult': 2.4038277525008374, 'g_gpe_stn_mult': 0.18199124728700103, 'g_stn_gpi_mult': 1.3015183181962637, 'g_gpe_gpi_mult': 0.9420344707087607}. Best is trial 693 with value: 0.003934860384362515.
[I 2026-05-28 02:42:06,320] Trial 714 finished with value: 0.030414018713763077 and parameters: {'ISTN': 61.19433801807559, 'I_gpe': 1.1858998898502289, 'I_gpi': 2.3588975438449467, 'noise_stn_sigma': 1.117481432610432, 'noise_gpe_sigma': 147.62161884847615, 'noise_gpi_sigma': 139.94746249570028, 'g_stn_gpe_mult': 2.419270589570319, 'g_gpe_stn_mult': 0.17906184200713818, 'g_stn_gpi_mult': 1.2620845120594932, 'g_gpe_gpi_mult': 0.9333261582299728}. Best is trial 693 with value: 0.003934860384362515.
[I 2026-05-28 02:42:07,329] Trial 715 finished with value: 0.010725879860766363 and parameters: {'ISTN': 60.8234231122962, 'I_gpe': 1.0818100567190254, 'I_gpi': 2.2872598381757783, 'noise_stn_sigma': 1.2424320560938176, 'noise_gpe_sigma': 143.69743232089226, 'noise_gpi_sigma': 143.1785772520861, 'g_stn_gpe_mult': 2.4537641286095826, 'g_gpe_stn_mult': 0.18243457808315275, 'g_stn_gpi_mult': 1.3146002194061581, 'g_gpe_gpi_mult': 0.9179009512397671}. Best is trial 693 with value: 0.003934860384362515.
[I 2026-05-28 02:42:08,336] Trial 716 finished with value: 0.006767104852851381 and parameters: {'ISTN': 60.540892352922384, 'I_gpe': 1.1048714524151633, 'I_gpi': 2.2691023396824885, 'noise_stn_sigma': 1.1003877673776117, 'noise_gpe_sigma': 144.34229514033018, 'noise_gpi_sigma': 142.995431045905, 'g_stn_gpe_mult': 2.40224573346127, 'g_gpe_stn_mult': 0.17161353730515816, 'g_stn_gpi_mult': 1.2086745438632598, 'g_gpe_gpi_mult': 0.9435941486342516}. Best is trial 693 with value: 0.003934860384362515.
[I 2026-05-28 02:42:09,344] Trial 717 finished with value: 0.018293346223208592 and parameters: {'ISTN': 61.04617848661546, 'I_gpe': 1.1407668574805618, 'I_gpi': 2.364381950356856, 'noise_stn_sigma': 1.1015999230959945, 'noise_gpe_sigma': 146.54466248875607, 'noise_gpi_sigma': 143.2670485124629, 'g_stn_gpe_mult': 2.4356068111525158, 'g_gpe_stn_mult': 0.17977050029239838, 'g_stn_gpi_mult': 1.2847219480322138, 'g_gpe_gpi_mult': 0.9593302919132327}. Best is trial 693 with value: 0.003934860384362515.
[I 2026-05-28 02:42:10,354] Trial 718 finished with value: 0.013016475389427944 and parameters: {'ISTN': 61.03442821478402, 'I_gpe': 1.0780064804336877, 'I_gpi': 2.324179978773579, 'noise_stn_sigma': 1.1512884500533274, 'noise_gpe_sigma': 145.21054054803017, 'noise_gpi_sigma': 141.05099360538225, 'g_stn_gpe_mult': 2.349723377501076, 'g_gpe_stn_mult': 0.18038167751483541, 'g_stn_gpi_mult': 1.2930223643316563, 'g_gpe_gpi_mult': 0.9410822657162119}. Best is trial 693 with value: 0.003934860384362515.
[I 2026-05-28 02:42:11,363] Trial 719 finished with value: 0.0054723285324956026 and parameters: {'ISTN': 60.53376275567317, 'I_gpe': 1.069015440782196, 'I_gpi': 2.3274979405982608, 'noise_stn_sigma': 1.0913172563602827, 'noise_gpe_sigma': 143.78214495989286, 'noise_gpi_sigma': 145.6722327544773, 'g_stn_gpe_mult': 2.46540191373593, 'g_gpe_stn_mult': 0.18335191781522442, 'g_stn_gpi_mult': 1.285002373445166, 'g_gpe_gpi_mult': 0.9428657510427536}. Best is trial 693 with value: 0.003934860384362515.
[I 2026-05-28 02:42:12,371] Trial 720 finished with value: 0.0043044364465432035 and parameters: {'ISTN': 60.753535670005135, 'I_gpe': 1.1100680722661789, 'I_gpi': 2.265962585063101, 'noise_stn_sigma': 1.0671761123213588, 'noise_gpe_sigma': 145.33551906850514, 'noise_gpi_sigma': 138.94347549169692, 'g_stn_gpe_mult': 2.458532674721719, 'g_gpe_stn_mult': 0.18118792616033313, 'g_stn_gpi_mult': 1.2956125006886898, 'g_gpe_gpi_mult': 0.946046869100009}. Best is trial 693 with value: 0.003934860384362515.
[I 2026-05-28 02:42:13,381] Trial 721 finished with value: 0.007480505313376971 and parameters: {'ISTN': 60.05744071416387, 'I_gpe': 1.0831222468954285, 'I_gpi': 2.303247363404611, 'noise_stn_sigma': 1.1683128662304454, 'noise_gpe_sigma': 143.88652512312473, 'noise_gpi_sigma': 141.87926810178715, 'g_stn_gpe_mult': 2.5422220665351927, 'g_gpe_stn_mult': 0.1778557431882153, 'g_stn_gpi_mult': 1.271404496463941, 'g_gpe_gpi_mult': 0.9402990665046607}. Best is trial 693 with value: 0.003934860384362515.
[I 2026-05-28 02:42:14,389] Trial 722 finished with value: 0.012960255753922513 and parameters: {'ISTN': 60.90852187340653, 'I_gpe': 1.0867982575937538, 'I_gpi': 2.276558905556408, 'noise_stn_sigma': 1.137447686429939, 'noise_gpe_sigma': 140.8382550896648, 'noise_gpi_sigma': 142.6420859914992, 'g_stn_gpe_mult': 2.4867356246586447, 'g_gpe_stn_mult': 0.18342722948282852, 'g_stn_gpi_mult': 1.3081175429412437, 'g_gpe_gpi_mult': 0.9453827695941301}. Best is trial 693 with value: 0.003934860384362515.
[I 2026-05-28 02:42:15,397] Trial 723 finished with value: 0.019470498086229294 and parameters: {'ISTN': 61.403444394462056, 'I_gpe': 1.0827979398230605, 'I_gpi': 2.236934556948654, 'noise_stn_sigma': 1.0946269300448344, 'noise_gpe_sigma': 145.5335145658941, 'noise_gpi_sigma': 142.54585495741367, 'g_stn_gpe_mult': 2.478024196258829, 'g_gpe_stn_mult': 0.17881161639175833, 'g_stn_gpi_mult': 1.3009930084393941, 'g_gpe_gpi_mult': 0.9265810669531458}. Best is trial 693 with value: 0.003934860384362515.
[I 2026-05-28 02:42:16,407] Trial 724 finished with value: 0.013317219181379618 and parameters: {'ISTN': 61.32503662802275, 'I_gpe': 1.0779044180100277, 'I_gpi': 2.216254190961199, 'noise_stn_sigma': 1.2994714712459603, 'noise_gpe_sigma': 141.82730965608997, 'noise_gpi_sigma': 141.86872192265102, 'g_stn_gpe_mult': 2.411650895647102, 'g_gpe_stn_mult': 0.16966254145607965, 'g_stn_gpi_mult': 1.24282933179363, 'g_gpe_gpi_mult': 0.9293670733314905}. Best is trial 693 with value: 0.003934860384362515.
[I 2026-05-28 02:42:17,416] Trial 725 finished with value: 0.019145222607280812 and parameters: {'ISTN': 61.03345794655751, 'I_gpe': 1.0975932692270511, 'I_gpi': 2.282145521516256, 'noise_stn_sigma': 1.1633501070013779, 'noise_gpe_sigma': 145.88084037141698, 'noise_gpi_sigma': 138.77389297892375, 'g_stn_gpe_mult': 2.3916910754608316, 'g_gpe_stn_mult': 0.18408453619248466, 'g_stn_gpi_mult': 1.2634526611287293, 'g_gpe_gpi_mult': 0.9473426331498138}. Best is trial 693 with value: 0.003934860384362515.
[I 2026-05-28 02:42:18,427] Trial 726 finished with value: 0.012552784000611269 and parameters: {'ISTN': 60.34673053530683, 'I_gpe': 1.0895921416401952, 'I_gpi': 2.1643104486598514, 'noise_stn_sigma': 1.315683964819031, 'noise_gpe_sigma': 144.10333204857744, 'noise_gpi_sigma': 143.1512315210328, 'g_stn_gpe_mult': 2.50899690564777, 'g_gpe_stn_mult': 0.18412081686024523, 'g_stn_gpi_mult': 1.2324516038968452, 'g_gpe_gpi_mult': 0.9283664452590998}. Best is trial 693 with value: 0.003934860384362515.
[I 2026-05-28 02:42:19,440] Trial 727 finished with value: 0.0038396481465295066 and parameters: {'ISTN': 60.23477080130954, 'I_gpe': 1.1031289803009043, 'I_gpi': 2.3357207187053586, 'noise_stn_sigma': 1.0711636047250743, 'noise_gpe_sigma': 145.00491660474185, 'noise_gpi_sigma': 140.16216620570964, 'g_stn_gpe_mult': 2.500518612593586, 'g_gpe_stn_mult': 0.19040554102679097, 'g_stn_gpi_mult': 1.3037153354692885, 'g_gpe_gpi_mult': 0.9585783427332477}. Best is trial 727 with value: 0.0038396481465295066.
[I 2026-05-28 02:42:20,448] Trial 728 finished with value: 0.018596447810597046 and parameters: {'ISTN': 60.96837992913076, 'I_gpe': 1.0974207237760552, 'I_gpi': 2.26409468030563, 'noise_stn_sigma': 1.0398073555446647, 'noise_gpe_sigma': 143.93738927493013, 'noise_gpi_sigma': 141.35311125616863, 'g_stn_gpe_mult': 2.4327306223132648, 'g_gpe_stn_mult': 0.18547389488309818, 'g_stn_gpi_mult': 1.246595229711949, 'g_gpe_gpi_mult': 0.9636427078403711}. Best is trial 727 with value: 0.0038396481465295066.
[I 2026-05-28 02:42:21,456] Trial 729 finished with value: 0.007817133596163548 and parameters: {'ISTN': 60.86229739150166, 'I_gpe': 1.109922416258032, 'I_gpi': 2.247755372845732, 'noise_stn_sigma': 1.0972193178555556, 'noise_gpe_sigma': 144.61536627488243, 'noise_gpi_sigma': 142.2232855292178, 'g_stn_gpe_mult': 2.465187073691876, 'g_gpe_stn_mult': 0.17743604699900645, 'g_stn_gpi_mult': 1.2995491602713753, 'g_gpe_gpi_mult': 0.9255732605390383}. Best is trial 727 with value: 0.0038396481465295066.
[I 2026-05-28 02:42:22,463] Trial 730 finished with value: 0.007031023357557623 and parameters: {'ISTN': 60.4829782461192, 'I_gpe': 1.1094559882005393, 'I_gpi': 2.262098223743469, 'noise_stn_sigma': 1.104761505293557, 'noise_gpe_sigma': 148.88167668641867, 'noise_gpi_sigma': 141.50589784734666, 'g_stn_gpe_mult': 2.4583399200295446, 'g_gpe_stn_mult': 0.18210590175520264, 'g_stn_gpi_mult': 1.2710593439653397, 'g_gpe_gpi_mult': 0.9621321226271893}. Best is trial 727 with value: 0.0038396481465295066.
[I 2026-05-28 02:42:23,471] Trial 731 finished with value: 0.01381970675372672 and parameters: {'ISTN': 60.373573369639665, 'I_gpe': 1.0961360244302285, 'I_gpi': 2.302211260008238, 'noise_stn_sigma': 1.076320632060964, 'noise_gpe_sigma': 143.3463999253642, 'noise_gpi_sigma': 141.35683757309198, 'g_stn_gpe_mult': 2.5362717372876213, 'g_gpe_stn_mult': 0.19732862901356135, 'g_stn_gpi_mult': 1.2942762866452973, 'g_gpe_gpi_mult': 0.9571442333894085}. Best is trial 727 with value: 0.0038396481465295066.
[I 2026-05-28 02:42:24,480] Trial 732 finished with value: 0.0057095536721624 and parameters: {'ISTN': 60.06230238652899, 'I_gpe': 1.0990068128327222, 'I_gpi': 2.34241961596996, 'noise_stn_sigma': 1.0524870838317626, 'noise_gpe_sigma': 146.79540142262533, 'noise_gpi_sigma': 140.40321007969774, 'g_stn_gpe_mult': 2.502552009981634, 'g_gpe_stn_mult': 0.1912606075839049, 'g_stn_gpi_mult': 1.3015799162558612, 'g_gpe_gpi_mult': 0.9635400781863779}. Best is trial 727 with value: 0.0038396481465295066.
[I 2026-05-28 02:42:25,487] Trial 733 finished with value: 0.005321576314921046 and parameters: {'ISTN': 60.52189362842795, 'I_gpe': 1.1400222461621907, 'I_gpi': 2.273885874330122, 'noise_stn_sigma': 1.093566695254704, 'noise_gpe_sigma': 143.21882982560658, 'noise_gpi_sigma': 141.04725178030037, 'g_stn_gpe_mult': 2.566019457739837, 'g_gpe_stn_mult': 0.17933085614856034, 'g_stn_gpi_mult': 1.2653383173388741, 'g_gpe_gpi_mult': 0.946915200603831}. Best is trial 727 with value: 0.0038396481465295066.
[I 2026-05-28 02:42:26,497] Trial 734 finished with value: 0.006189909489492759 and parameters: {'ISTN': 60.28408191369402, 'I_gpe': 1.0652897497764218, 'I_gpi': 2.3058903395285975, 'noise_stn_sigma': 1.1982805169493416, 'noise_gpe_sigma': 146.09180226100938, 'noise_gpi_sigma': 143.25499099276277, 'g_stn_gpe_mult': 2.4696660081057553, 'g_gpe_stn_mult': 0.18488025871539454, 'g_stn_gpi_mult': 1.3038341829640399, 'g_gpe_gpi_mult': 0.9744238687651459}. Best is trial 727 with value: 0.0038396481465295066.
[I 2026-05-28 02:42:27,507] Trial 735 finished with value: 0.004651114470582387 and parameters: {'ISTN': 60.48337063728319, 'I_gpe': 1.1024396218666328, 'I_gpi': 2.2711558812092782, 'noise_stn_sigma': 1.0617971452094424, 'noise_gpe_sigma': 145.9587805708765, 'noise_gpi_sigma': 141.7549319526383, 'g_stn_gpe_mult': 2.4447954829230936, 'g_gpe_stn_mult': 0.1856754446632649, 'g_stn_gpi_mult': 1.2824156049304989, 'g_gpe_gpi_mult': 0.940641672810909}. Best is trial 727 with value: 0.0038396481465295066.
