[I 2026-05-28 02:40:18,439] Trial 607 finished with value: 0.013697617251675016 and parameters: {'ISTN': 60.623589386477704, 'I_gpe': 1.1317160333972978, 'I_gpi': 2.1821198740037335, 'noise_stn_sigma': 1.2754840428504244, 'noise_gpe_sigma': 134.84440209193673, 'noise_gpi_sigma': 140.77126211813925, 'g_stn_gpe_mult': 2.3273082310738875, 'g_gpe_stn_mult': 0.1829988588109842, 'g_stn_gpi_mult': 1.236281121787183, 'g_gpe_gpi_mult': 0.9301953998213697}. Best is trial 606 with value: 0.004488705533436411.
[I 2026-05-28 02:40:19,449] Trial 608 finished with value: 0.007471031080477069 and parameters: {'ISTN': 60.839046642914525, 'I_gpe': 1.0873382906660616, 'I_gpi': 2.3349607033279014, 'noise_stn_sigma': 1.0938120379849925, 'noise_gpe_sigma': 139.63362595203915, 'noise_gpi_sigma': 142.63588586721212, 'g_stn_gpe_mult': 2.3116881277576375, 'g_gpe_stn_mult': 0.17557608521447104, 'g_stn_gpi_mult': 1.224085098943102, 'g_gpe_gpi_mult': 0.9168548694152316}. Best is trial 606 with value: 0.004488705533436411.
[I 2026-05-28 02:40:20,455] Trial 609 finished with value: 0.013560655816964765 and parameters: {'ISTN': 61.309474907501084, 'I_gpe': 1.1357660674916046, 'I_gpi': 2.230437277191667, 'noise_stn_sigma': 1.1106690160140857, 'noise_gpe_sigma': 137.09220710910097, 'noise_gpi_sigma': 139.57170251389653, 'g_stn_gpe_mult': 2.359418429258916, 'g_gpe_stn_mult': 0.15946598405188786, 'g_stn_gpi_mult': 1.2074503911735248, 'g_gpe_gpi_mult': 0.9087290759031539}. Best is trial 606 with value: 0.004488705533436411.
[I 2026-05-28 02:40:21,464] Trial 610 finished with value: 0.310568302936589 and parameters: {'ISTN': 60.28338983034619, 'I_gpe': 1.1669850590756483, 'I_gpi': 2.311787151385, 'noise_stn_sigma': 1.069693525145309, 'noise_gpe_sigma': 134.75327410588855, 'noise_gpi_sigma': 139.90917966851276, 'g_stn_gpe_mult': 2.591225683833457, 'g_gpe_stn_mult': 0.1740295301316776, 'g_stn_gpi_mult': 1.2019787984585488, 'g_gpe_gpi_mult': 0.927708089944941}. Best is trial 606 with value: 0.004488705533436411.
[I 2026-05-28 02:40:22,474] Trial 611 finished with value: 0.04365390774650722 and parameters: {'ISTN': 60.50436654612593, 'I_gpe': 1.043373249828015, 'I_gpi': 2.2386438295003828, 'noise_stn_sigma': 1.0824540560346663, 'noise_gpe_sigma': 137.6976671322932, 'noise_gpi_sigma': 144.83477786505756, 'g_stn_gpe_mult': 2.4618386758391804, 'g_gpe_stn_mult': 0.19571237374324513, 'g_stn_gpi_mult': 1.2599485921256524, 'g_gpe_gpi_mult': 0.8914575073991435}. Best is trial 606 with value: 0.004488705533436411.
[I 2026-05-28 02:40:23,481] Trial 612 finished with value: 0.01442755996220395 and parameters: {'ISTN': 61.81241186133686, 'I_gpe': 1.0854961644247443, 'I_gpi': 2.3116001649060944, 'noise_stn_sigma': 1.031808295160571, 'noise_gpe_sigma': 141.52514976706712, 'noise_gpi_sigma': 143.18910674853907, 'g_stn_gpe_mult': 2.3641180615325563, 'g_gpe_stn_mult': 0.17002016271363374, 'g_stn_gpi_mult': 1.2099358029164615, 'g_gpe_gpi_mult': 0.8890678793901952}. Best is trial 606 with value: 0.004488705533436411.
[I 2026-05-28 02:40:24,490] Trial 613 finished with value: 0.007534224956535415 and parameters: {'ISTN': 60.704011946130294, 'I_gpe': 1.1310627864499072, 'I_gpi': 2.283423135244595, 'noise_stn_sigma': 1.1329824924220215, 'noise_gpe_sigma': 139.69896795376263, 'noise_gpi_sigma': 140.61894296540987, 'g_stn_gpe_mult': 2.382713573603509, 'g_gpe_stn_mult': 0.18150485270219313, 'g_stn_gpi_mult': 1.2790233587786362, 'g_gpe_gpi_mult': 0.8996752462700057}. Best is trial 606 with value: 0.004488705533436411.
[I 2026-05-28 02:40:25,498] Trial 614 finished with value: 0.007369036614307962 and parameters: {'ISTN': 60.76421582749805, 'I_gpe': 1.0929047589511907, 'I_gpi': 2.2714589427536716, 'noise_stn_sigma': 1.1394950194125606, 'noise_gpe_sigma': 134.02800928263594, 'noise_gpi_sigma': 144.78561434347165, 'g_stn_gpe_mult': 2.4318886634653234, 'g_gpe_stn_mult': 0.1818149231474412, 'g_stn_gpi_mult': 1.2402618815011173, 'g_gpe_gpi_mult': 0.9129540571617734}. Best is trial 606 with value: 0.004488705533436411.
[I 2026-05-28 02:40:26,504] Trial 615 finished with value: 0.008174882571222626 and parameters: {'ISTN': 60.94536825609248, 'I_gpe': 1.1047027621976975, 'I_gpi': 2.22609177565882, 'noise_stn_sigma': 1.0634082025118803, 'noise_gpe_sigma': 141.8937904683538, 'noise_gpi_sigma': 141.37155538487718, 'g_stn_gpe_mult': 2.343761410360071, 'g_gpe_stn_mult': 0.17921767843017855, 'g_stn_gpi_mult': 1.2631829551113163, 'g_gpe_gpi_mult': 0.9324980134116143}. Best is trial 606 with value: 0.004488705533436411.
[I 2026-05-28 02:40:27,511] Trial 616 finished with value: 0.008904387991010189 and parameters: {'ISTN': 60.30164464771889, 'I_gpe': 1.0797434496170304, 'I_gpi': 2.248288289403238, 'noise_stn_sigma': 1.2181511056973742, 'noise_gpe_sigma': 136.49199134637405, 'noise_gpi_sigma': 142.40153045262525, 'g_stn_gpe_mult': 2.4896942445439567, 'g_gpe_stn_mult': 0.1810710935824725, 'g_stn_gpi_mult': 1.2052003807843528, 'g_gpe_gpi_mult': 0.9114877214314419}. Best is trial 606 with value: 0.004488705533436411.
[I 2026-05-28 02:40:28,517] Trial 617 finished with value: 0.013138307121193637 and parameters: {'ISTN': 61.488570187872654, 'I_gpe': 1.120109511273429, 'I_gpi': 2.224992153023435, 'noise_stn_sigma': 1.0576119054199067, 'noise_gpe_sigma': 140.5414614191851, 'noise_gpi_sigma': 141.86026537226866, 'g_stn_gpe_mult': 2.4075244281959485, 'g_gpe_stn_mult': 0.17238499355258283, 'g_stn_gpi_mult': 1.2118502433359306, 'g_gpe_gpi_mult': 0.9060349078496566}. Best is trial 606 with value: 0.004488705533436411.
[I 2026-05-28 02:40:29,526] Trial 618 finished with value: 0.007350937041986859 and parameters: {'ISTN': 61.10457712848643, 'I_gpe': 1.0711050058741085, 'I_gpi': 2.3193517913127932, 'noise_stn_sigma': 1.0985842419566691, 'noise_gpe_sigma': 140.5561126246846, 'noise_gpi_sigma': 143.64218603006753, 'g_stn_gpe_mult': 2.4027124748665534, 'g_gpe_stn_mult': 0.17328097014472646, 'g_stn_gpi_mult': 1.2496715461734134, 'g_gpe_gpi_mult': 0.9061911981459716}. Best is trial 606 with value: 0.004488705533436411.
[I 2026-05-28 02:40:30,534] Trial 619 finished with value: 0.009862997646528385 and parameters: {'ISTN': 60.11672195656268, 'I_gpe': 1.076678877151165, 'I_gpi': 2.3238182384261954, 'noise_stn_sigma': 1.1717538461110735, 'noise_gpe_sigma': 137.6105183122396, 'noise_gpi_sigma': 141.48345483708437, 'g_stn_gpe_mult': 2.4777122818116424, 'g_gpe_stn_mult': 0.17989256058708303, 'g_stn_gpi_mult': 1.229342860471438, 'g_gpe_gpi_mult': 0.9278714381601647}. Best is trial 606 with value: 0.004488705533436411.
[I 2026-05-28 02:40:31,542] Trial 620 finished with value: 0.0069663769378554554 and parameters: {'ISTN': 60.75381959013092, 'I_gpe': 1.0975427741783816, 'I_gpi': 2.226777585750112, 'noise_stn_sigma': 1.0646754272505676, 'noise_gpe_sigma': 137.29463497492557, 'noise_gpi_sigma': 145.62510976830146, 'g_stn_gpe_mult': 2.417432385709663, 'g_gpe_stn_mult': 0.1795542812572352, 'g_stn_gpi_mult': 1.3015284274456258, 'g_gpe_gpi_mult': 0.8906157865637745}. Best is trial 606 with value: 0.004488705533436411.
[I 2026-05-28 02:40:32,550] Trial 621 finished with value: 0.004778357588744115 and parameters: {'ISTN': 60.20988918444054, 'I_gpe': 1.0978954477377574, 'I_gpi': 2.2680963817887343, 'noise_stn_sigma': 1.0865474626012013, 'noise_gpe_sigma': 137.5515704230993, 'noise_gpi_sigma': 142.30706867779077, 'g_stn_gpe_mult': 2.3650323504105333, 'g_gpe_stn_mult': 0.18746139880604795, 'g_stn_gpi_mult': 1.2735449566523989, 'g_gpe_gpi_mult': 0.9348854960664379}. Best is trial 606 with value: 0.004488705533436411.
[I 2026-05-28 02:40:33,557] Trial 622 finished with value: 0.010131714731655785 and parameters: {'ISTN': 60.35305932604196, 'I_gpe': 1.062517588092537, 'I_gpi': 2.2313986984903105, 'noise_stn_sigma': 1.228195724872751, 'noise_gpe_sigma': 133.04982478156973, 'noise_gpi_sigma': 147.29781684636492, 'g_stn_gpe_mult': 2.4923034476081276, 'g_gpe_stn_mult': 0.18124671074291862, 'g_stn_gpi_mult': 1.380353806547281, 'g_gpe_gpi_mult': 0.915431305304679}. Best is trial 606 with value: 0.004488705533436411.
[I 2026-05-28 02:40:34,566] Trial 623 finished with value: 0.008664225463140506 and parameters: {'ISTN': 60.73814521180627, 'I_gpe': 1.0559472470066873, 'I_gpi': 2.264752644272171, 'noise_stn_sigma': 1.1861046964608095, 'noise_gpe_sigma': 140.4131660443144, 'noise_gpi_sigma': 148.25815261628725, 'g_stn_gpe_mult': 2.434364391695178, 'g_gpe_stn_mult': 0.17444017395569228, 'g_stn_gpi_mult': 1.2289937224842578, 'g_gpe_gpi_mult': 0.8835240531685988}. Best is trial 606 with value: 0.004488705533436411.
[I 2026-05-28 02:40:35,575] Trial 624 finished with value: 0.03381579524543743 and parameters: {'ISTN': 60.720258419408225, 'I_gpe': 1.128086843125097, 'I_gpi': 2.1253518285190824, 'noise_stn_sigma': 1.0595771419026312, 'noise_gpe_sigma': 138.3656931453663, 'noise_gpi_sigma': 146.27602789534802, 'g_stn_gpe_mult': 2.4395288406886984, 'g_gpe_stn_mult': 0.16911972959489913, 'g_stn_gpi_mult': 1.3023083649601117, 'g_gpe_gpi_mult': 0.8983133720618273}. Best is trial 606 with value: 0.004488705533436411.
[I 2026-05-28 02:40:36,580] Trial 625 finished with value: 0.00842158804609433 and parameters: {'ISTN': 60.89137106341762, 'I_gpe': 1.1309679786825455, 'I_gpi': 2.2035062404114667, 'noise_stn_sigma': 1.039660612206613, 'noise_gpe_sigma': 143.0216218350787, 'noise_gpi_sigma': 141.91993482084752, 'g_stn_gpe_mult': 2.2829144101855245, 'g_gpe_stn_mult': 0.17305709474460823, 'g_stn_gpi_mult': 1.3045555753769724, 'g_gpe_gpi_mult': 0.9188006191087064}. Best is trial 606 with value: 0.004488705533436411.
[I 2026-05-28 02:40:37,587] Trial 626 finished with value: 0.006648814827071639 and parameters: {'ISTN': 60.58839981893587, 'I_gpe': 1.110128653858383, 'I_gpi': 2.3078152194852617, 'noise_stn_sigma': 1.0724888861890352, 'noise_gpe_sigma': 135.12380124122333, 'noise_gpi_sigma': 144.2460433030946, 'g_stn_gpe_mult': 2.4649028453889503, 'g_gpe_stn_mult': 0.18235643300573315, 'g_stn_gpi_mult': 1.3015905496141529, 'g_gpe_gpi_mult': 0.896772301008302}. Best is trial 606 with value: 0.004488705533436411.
[I 2026-05-28 02:40:38,596] Trial 627 finished with value: 0.00945798619740498 and parameters: {'ISTN': 60.67449535314522, 'I_gpe': 1.1032400931984818, 'I_gpi': 2.2407665655672204, 'noise_stn_sigma': 1.00911156627431, 'noise_gpe_sigma': 138.66626689479887, 'noise_gpi_sigma': 142.1710460943318, 'g_stn_gpe_mult': 2.511582521878579, 'g_gpe_stn_mult': 0.1748077866435106, 'g_stn_gpi_mult': 1.1959397781043248, 'g_gpe_gpi_mult': 0.9170703129945228}. Best is trial 606 with value: 0.004488705533436411.
[I 2026-05-28 02:40:39,603] Trial 628 finished with value: 0.008531283192702853 and parameters: {'ISTN': 60.87671438013897, 'I_gpe': 1.0855722882926186, 'I_gpi': 2.2163934257740863, 'noise_stn_sigma': 1.0304766714516975, 'noise_gpe_sigma': 139.51390238703215, 'noise_gpi_sigma': 144.0328788572467, 'g_stn_gpe_mult': 2.4057521543083507, 'g_gpe_stn_mult': 0.17820718784826806, 'g_stn_gpi_mult': 1.2839655210018632, 'g_gpe_gpi_mult': 0.8845867237142435}. Best is trial 606 with value: 0.004488705533436411.
[I 2026-05-28 02:40:40,613] Trial 629 finished with value: 0.0073099105528652165 and parameters: {'ISTN': 61.48183517671513, 'I_gpe': 1.0630585962086996, 'I_gpi': 2.298269958523486, 'noise_stn_sigma': 1.1096609734011467, 'noise_gpe_sigma': 141.27096443017817, 'noise_gpi_sigma': 146.21142246412634, 'g_stn_gpe_mult': 2.3071696517439846, 'g_gpe_stn_mult': 0.16946605744880622, 'g_stn_gpi_mult': 1.2883219576372353, 'g_gpe_gpi_mult': 0.8993234064648863}. Best is trial 606 with value: 0.004488705533436411.
[I 2026-05-28 02:40:41,622] Trial 630 finished with value: 0.012077593094652441 and parameters: {'ISTN': 61.2281779696057, 'I_gpe': 1.0605949190025874, 'I_gpi': 2.370496158092098, 'noise_stn_sigma': 1.115746484382454, 'noise_gpe_sigma': 138.447713894411, 'noise_gpi_sigma': 146.15829539257646, 'g_stn_gpe_mult': 2.240404237250016, 'g_gpe_stn_mult': 0.1694694633555628, 'g_stn_gpi_mult': 1.3089144837125302, 'g_gpe_gpi_mult': 0.8889449037025634}. Best is trial 606 with value: 0.004488705533436411.
[I 2026-05-28 02:40:42,631] Trial 631 finished with value: 0.010365300928998664 and parameters: {'ISTN': 60.36930338104374, 'I_gpe': 1.084733299736094, 'I_gpi': 2.2898260818454794, 'noise_stn_sigma': 1.2529364905934837, 'noise_gpe_sigma': 141.87819292597683, 'noise_gpi_sigma': 141.98157173423849, 'g_stn_gpe_mult': 2.3243508140194367, 'g_gpe_stn_mult': 0.17252923156842576, 'g_stn_gpi_mult': 1.2273382190556585, 'g_gpe_gpi_mult': 0.915206105791931}. Best is trial 606 with value: 0.004488705533436411.
[I 2026-05-28 02:40:43,638] Trial 632 finished with value: 0.02286648404242619 and parameters: {'ISTN': 61.24447765238673, 'I_gpe': 1.1194355266367213, 'I_gpi': 2.3023917425599807, 'noise_stn_sigma': 1.0665559566206746, 'noise_gpe_sigma': 136.16472187140303, 'noise_gpi_sigma': 142.4446328665599, 'g_stn_gpe_mult': 2.275381897458497, 'g_gpe_stn_mult': 0.18698776316142526, 'g_stn_gpi_mult': 1.3661370696258133, 'g_gpe_gpi_mult': 0.9300192701262657}. Best is trial 606 with value: 0.004488705533436411.
[I 2026-05-28 02:40:44,649] Trial 633 finished with value: 0.012212111215031192 and parameters: {'ISTN': 60.828699056978266, 'I_gpe': 1.1698867523699956, 'I_gpi': 2.2654336816392697, 'noise_stn_sigma': 1.0121541827253764, 'noise_gpe_sigma': 133.97265512708472, 'noise_gpi_sigma': 147.8066309725329, 'g_stn_gpe_mult': 2.359715120087346, 'g_gpe_stn_mult': 0.18525286820262166, 'g_stn_gpi_mult': 1.3048560710562402, 'g_gpe_gpi_mult': 0.9010439289576799}. Best is trial 606 with value: 0.004488705533436411.
[I 2026-05-28 02:40:45,660] Trial 634 finished with value: 0.011645315705580616 and parameters: {'ISTN': 61.18439222394964, 'I_gpe': 1.0771168067110848, 'I_gpi': 2.2434596212438676, 'noise_stn_sigma': 1.100116149066369, 'noise_gpe_sigma': 137.75400964359346, 'noise_gpi_sigma': 145.2879030212191, 'g_stn_gpe_mult': 2.3591921134964915, 'g_gpe_stn_mult': 0.16681042316074007, 'g_stn_gpi_mult': 1.2346059846752162, 'g_gpe_gpi_mult': 0.9268369847042013}. Best is trial 606 with value: 0.004488705533436411.
[I 2026-05-28 02:40:46,669] Trial 635 finished with value: 0.007034217952414323 and parameters: {'ISTN': 60.13093384315378, 'I_gpe': 1.0666258134213962, 'I_gpi': 2.2645830957230677, 'noise_stn_sigma': 1.011920264217655, 'noise_gpe_sigma': 138.07266362771122, 'noise_gpi_sigma': 147.06028079821675, 'g_stn_gpe_mult': 2.3462993280212983, 'g_gpe_stn_mult': 0.189840887732321, 'g_stn_gpi_mult': 1.3951929516011368, 'g_gpe_gpi_mult': 0.920809053700175}. Best is trial 606 with value: 0.004488705533436411.
[I 2026-05-28 02:40:47,678] Trial 636 finished with value: 0.004833351399521968 and parameters: {'ISTN': 60.01211794955885, 'I_gpe': 1.1317558540706072, 'I_gpi': 2.3235255735979194, 'noise_stn_sigma': 1.0065143560875487, 'noise_gpe_sigma': 139.73038965936547, 'noise_gpi_sigma': 143.04096916254147, 'g_stn_gpe_mult': 2.3737865522311674, 'g_gpe_stn_mult': 0.18697877707420446, 'g_stn_gpi_mult': 1.2410745860087011, 'g_gpe_gpi_mult': 0.9262092560320774}. Best is trial 606 with value: 0.004488705533436411.
[I 2026-05-28 02:40:48,689] Trial 637 finished with value: 0.015669383778424643 and parameters: {'ISTN': 60.54522104893539, 'I_gpe': 1.0130188942765186, 'I_gpi': 2.3172541121546217, 'noise_stn_sigma': 1.1281918308965484, 'noise_gpe_sigma': 139.89136275490046, 'noise_gpi_sigma': 147.01384602755826, 'g_stn_gpe_mult': 2.3613282737894807, 'g_gpe_stn_mult': 0.17158225427602897, 'g_stn_gpi_mult': 1.2790072858916828, 'g_gpe_gpi_mult': 0.9065081495938734}. Best is trial 606 with value: 0.004488705533436411.
[I 2026-05-28 02:40:49,697] Trial 638 finished with value: 0.010824439799680936 and parameters: {'ISTN': 60.82558432665077, 'I_gpe': 1.1185256297438282, 'I_gpi': 2.2292526972745286, 'noise_stn_sigma': 1.0643566558631354, 'noise_gpe_sigma': 138.3029122499044, 'noise_gpi_sigma': 146.45375759799308, 'g_stn_gpe_mult': 2.3232962617364814, 'g_gpe_stn_mult': 0.17106207581208188, 'g_stn_gpi_mult': 1.2168355535284274, 'g_gpe_gpi_mult': 0.9072309199992332}. Best is trial 606 with value: 0.004488705533436411.
[I 2026-05-28 02:40:50,703] Trial 639 finished with value: 0.006321593332010758 and parameters: {'ISTN': 60.399786525479655, 'I_gpe': 1.0850992859775523, 'I_gpi': 2.293238416920106, 'noise_stn_sigma': 1.0871901139342226, 'noise_gpe_sigma': 138.80297047489495, 'noise_gpi_sigma': 144.1939386525067, 'g_stn_gpe_mult': 2.3879766085636405, 'g_gpe_stn_mult': 0.18778774115302638, 'g_stn_gpi_mult': 1.2568766802060969, 'g_gpe_gpi_mult': 0.9327935884594021}. Best is trial 606 with value: 0.004488705533436411.
[I 2026-05-28 02:40:51,713] Trial 640 finished with value: 0.006956851915398948 and parameters: {'ISTN': 60.36586068632964, 'I_gpe': 1.1066574478995927, 'I_gpi': 2.2218526122557027, 'noise_stn_sigma': 1.1872465905167613, 'noise_gpe_sigma': 143.30859880085467, 'noise_gpi_sigma': 141.74231982779077, 'g_stn_gpe_mult': 2.3510528263879906, 'g_gpe_stn_mult': 0.18300741711467444, 'g_stn_gpi_mult': 1.3060518010667734, 'g_gpe_gpi_mult': 0.9163944823329984}. Best is trial 606 with value: 0.004488705533436411.
[I 2026-05-28 02:40:52,722] Trial 641 finished with value: 0.007524750214300988 and parameters: {'ISTN': 60.04240004097716, 'I_gpe': 1.1210142470049376, 'I_gpi': 2.292471793241906, 'noise_stn_sigma': 1.1991970173442703, 'noise_gpe_sigma': 140.41954787969053, 'noise_gpi_sigma': 140.6352095755256, 'g_stn_gpe_mult': 2.3908416681838283, 'g_gpe_stn_mult': 0.18559168722103125, 'g_stn_gpi_mult': 1.2564438546570478, 'g_gpe_gpi_mult': 0.9168922958390873}. Best is trial 606 with value: 0.004488705533436411.
[I 2026-05-28 02:40:53,732] Trial 642 finished with value: 0.013094068864257354 and parameters: {'ISTN': 60.471554076191026, 'I_gpe': 1.1670363246405189, 'I_gpi': 2.326696347149544, 'noise_stn_sigma': 1.0446030248802112, 'noise_gpe_sigma': 140.0969745638414, 'noise_gpi_sigma': 141.88542102159118, 'g_stn_gpe_mult': 2.4288685600853297, 'g_gpe_stn_mult': 0.18859925764984736, 'g_stn_gpi_mult': 1.310301722737487, 'g_gpe_gpi_mult': 0.9274856661530841}. Best is trial 606 with value: 0.004488705533436411.
[I 2026-05-28 02:40:54,741] Trial 643 finished with value: 0.11642575822338476 and parameters: {'ISTN': 60.20079735100254, 'I_gpe': 1.089666354956826, 'I_gpi': 2.22216077312867, 'noise_stn_sigma': 1.046211531039673, 'noise_gpe_sigma': 139.30245957799943, 'noise_gpi_sigma': 145.22995634723168, 'g_stn_gpe_mult': 2.460660005956211, 'g_gpe_stn_mult': 0.18971520618757065, 'g_stn_gpi_mult': 1.2970407629883685, 'g_gpe_gpi_mult': 0.9253142245926596}. Best is trial 606 with value: 0.004488705533436411.
[I 2026-05-28 02:40:55,750] Trial 644 finished with value: 0.013381020135552807 and parameters: {'ISTN': 60.3403922742624, 'I_gpe': 1.1578481129141072, 'I_gpi': 2.3083413741463747, 'noise_stn_sigma': 1.149264378534583, 'noise_gpe_sigma': 141.27550500574318, 'noise_gpi_sigma': 139.72202741526564, 'g_stn_gpe_mult': 2.5062759666540213, 'g_gpe_stn_mult': 0.18993567135263803, 'g_stn_gpi_mult': 1.2381330640593942, 'g_gpe_gpi_mult': 0.9160842663184257}. Best is trial 606 with value: 0.004488705533436411.
[I 2026-05-28 02:40:56,758] Trial 645 finished with value: 0.009550074033063483 and parameters: {'ISTN': 60.448330282249, 'I_gpe': 1.0969973187805766, 'I_gpi': 2.360890053569644, 'noise_stn_sigma': 1.0882249926285366, 'noise_gpe_sigma': 138.41368982240817, 'noise_gpi_sigma': 144.18065547237774, 'g_stn_gpe_mult': 2.334085812460792, 'g_gpe_stn_mult': 0.1801974047668273, 'g_stn_gpi_mult': 1.3023912221660208, 'g_gpe_gpi_mult': 0.9239505411555884}. Best is trial 606 with value: 0.004488705533436411.
[I 2026-05-28 02:40:57,767] Trial 646 finished with value: 0.008017873124122348 and parameters: {'ISTN': 60.46633707703299, 'I_gpe': 1.1156225371398665, 'I_gpi': 2.275977374178334, 'noise_stn_sigma': 1.043076490175619, 'noise_gpe_sigma': 141.0260550773038, 'noise_gpi_sigma': 144.6084836276331, 'g_stn_gpe_mult': 2.3687554140312526, 'g_gpe_stn_mult': 0.1730905309039045, 'g_stn_gpi_mult': 1.2665786289640613, 'g_gpe_gpi_mult': 0.8942025181949953}. Best is trial 606 with value: 0.004488705533436411.
[I 2026-05-28 02:40:58,777] Trial 647 finished with value: 0.005526116051858854 and parameters: {'ISTN': 60.83821061090919, 'I_gpe': 1.118127113381944, 'I_gpi': 2.2676956959603105, 'noise_stn_sigma': 1.0023374588701668, 'noise_gpe_sigma': 144.65526039720004, 'noise_gpi_sigma': 145.17469846019586, 'g_stn_gpe_mult': 2.372117556773671, 'g_gpe_stn_mult': 0.17643801220747424, 'g_stn_gpi_mult': 1.2124898395731527, 'g_gpe_gpi_mult': 0.8973321954270348}. Best is trial 606 with value: 0.004488705533436411.
[I 2026-05-28 02:40:59,785] Trial 648 finished with value: 0.00612787082205415 and parameters: {'ISTN': 60.698463279688575, 'I_gpe': 1.0902166688119537, 'I_gpi': 2.311796394921795, 'noise_stn_sigma': 1.066747681021895, 'noise_gpe_sigma': 140.63981974370887, 'noise_gpi_sigma': 144.03725837892915, 'g_stn_gpe_mult': 2.444083175975359, 'g_gpe_stn_mult': 0.17730270953871047, 'g_stn_gpi_mult': 1.2434457135083843, 'g_gpe_gpi_mult': 0.9000493005878918}. Best is trial 606 with value: 0.004488705533436411.
[I 2026-05-28 02:41:00,792] Trial 649 finished with value: 0.004613079824099056 and parameters: {'ISTN': 60.5249069236288, 'I_gpe': 1.0497052776657059, 'I_gpi': 2.3255011145061273, 'noise_stn_sigma': 1.0261721752312012, 'noise_gpe_sigma': 141.71483177369498, 'noise_gpi_sigma': 146.34335051412273, 'g_stn_gpe_mult': 2.4238958356571176, 'g_gpe_stn_mult': 0.18400973593145714, 'g_stn_gpi_mult': 1.2617562523559904, 'g_gpe_gpi_mult': 0.917661882197776}. Best is trial 606 with value: 0.004488705533436411.
