[I 2026-05-28 02:17:34,599] Trial 264 finished with value: 0.9491217464893189 and parameters: {'ISTN': 64.58978040222794, 'I_gpe': 1.1994872721713694, 'I_gpi': 2.386165053710183, 'noise_stn_sigma': 5.054091240713797, 'noise_gpe_sigma': 124.87913451377555, 'noise_gpi_sigma': 112.22975150632568, 'g_stn_gpe_mult': 2.69838401758176, 'g_gpe_stn_mult': 0.25648869308922473, 'g_stn_gpi_mult': 2.238125527513868, 'g_gpe_gpi_mult': 0.9201120080180989}. Best is trial 240 with value: 0.5603930480013977.
[I 2026-05-28 02:17:35,606] Trial 265 finished with value: 1.2912298892824172 and parameters: {'ISTN': 70.52687488159086, 'I_gpe': 1.3943628363661706, 'I_gpi': 2.5736346563417047, 'noise_stn_sigma': 4.875009237840442, 'noise_gpe_sigma': 117.07149734039707, 'noise_gpi_sigma': 123.38481442424924, 'g_stn_gpe_mult': 2.644814595296595, 'g_gpe_stn_mult': 0.16131217502569997, 'g_stn_gpi_mult': 2.533364365362511, 'g_gpe_gpi_mult': 0.8405172386170106}. Best is trial 240 with value: 0.5603930480013977.
[I 2026-05-28 02:17:36,612] Trial 266 finished with value: 0.8292269970404247 and parameters: {'ISTN': 63.85606552817121, 'I_gpe': 1.440539004218778, 'I_gpi': 2.0318573845508956, 'noise_stn_sigma': 4.214001382370344, 'noise_gpe_sigma': 110.57263391286531, 'noise_gpi_sigma': 118.46566916413731, 'g_stn_gpe_mult': 2.591525718518541, 'g_gpe_stn_mult': 0.1955057542140674, 'g_stn_gpi_mult': 2.5155537857786725, 'g_gpe_gpi_mult': 1.0285904401303851}. Best is trial 240 with value: 0.5603930480013977.
[I 2026-05-28 02:17:37,619] Trial 267 finished with value: 0.8895177837641317 and parameters: {'ISTN': 64.32273188312918, 'I_gpe': 1.1347535972162444, 'I_gpi': 2.1048034311848323, 'noise_stn_sigma': 4.787373544201756, 'noise_gpe_sigma': 117.96930516393499, 'noise_gpi_sigma': 126.74016480390296, 'g_stn_gpe_mult': 2.899059681055047, 'g_gpe_stn_mult': 0.20110273151700614, 'g_stn_gpi_mult': 2.2052568477584127, 'g_gpe_gpi_mult': 0.9787585550779079}. Best is trial 240 with value: 0.5603930480013977.
[I 2026-05-28 02:17:38,626] Trial 268 finished with value: 0.665122506496268 and parameters: {'ISTN': 61.13223016383381, 'I_gpe': 0.7187378934843831, 'I_gpi': 2.457508877688057, 'noise_stn_sigma': 4.528688921939599, 'noise_gpe_sigma': 128.1558920796174, 'noise_gpi_sigma': 129.28119437844208, 'g_stn_gpe_mult': 2.8417475142916366, 'g_gpe_stn_mult': 0.10412553112240004, 'g_stn_gpi_mult': 2.6415702539630064, 'g_gpe_gpi_mult': 1.0146168994498148}. Best is trial 240 with value: 0.5603930480013977.
[I 2026-05-28 02:17:39,632] Trial 269 finished with value: 0.6064267530364726 and parameters: {'ISTN': 60.325161355168724, 'I_gpe': 1.271370669172565, 'I_gpi': 1.6460790539886943, 'noise_stn_sigma': 4.319590899797455, 'noise_gpe_sigma': 108.11096869774407, 'noise_gpi_sigma': 103.346079186824, 'g_stn_gpe_mult': 2.710046682081776, 'g_gpe_stn_mult': 0.16933798806426315, 'g_stn_gpi_mult': 2.59324796987224, 'g_gpe_gpi_mult': 0.8765580151725769}. Best is trial 240 with value: 0.5603930480013977.
[I 2026-05-28 02:17:40,637] Trial 270 finished with value: 0.726948887807814 and parameters: {'ISTN': 63.38695650374932, 'I_gpe': 1.3300275217248223, 'I_gpi': 2.928890917199577, 'noise_stn_sigma': 4.300035559785534, 'noise_gpe_sigma': 108.33750777454652, 'noise_gpi_sigma': 118.14710669508905, 'g_stn_gpe_mult': 2.947640782497178, 'g_gpe_stn_mult': 0.24100252740881903, 'g_stn_gpi_mult': 2.4678714099315617, 'g_gpe_gpi_mult': 1.068189400600291}. Best is trial 240 with value: 0.5603930480013977.
[I 2026-05-28 02:17:41,645] Trial 271 finished with value: 0.951772244434456 and parameters: {'ISTN': 65.00040538067911, 'I_gpe': 1.00876888881124, 'I_gpi': 2.416038645204207, 'noise_stn_sigma': 3.0738968650146927, 'noise_gpe_sigma': 113.4444546839968, 'noise_gpi_sigma': 112.08385047250358, 'g_stn_gpe_mult': 2.5108349425320204, 'g_gpe_stn_mult': 0.22265794359376667, 'g_stn_gpi_mult': 2.4147695848549797, 'g_gpe_gpi_mult': 0.9350741173083101}. Best is trial 240 with value: 0.5603930480013977.
[I 2026-05-28 02:17:42,652] Trial 272 finished with value: 1.3581007046502587 and parameters: {'ISTN': 65.64105224339, 'I_gpe': 0.9632518123796645, 'I_gpi': 1.1849328877685124, 'noise_stn_sigma': 3.632568614061474, 'noise_gpe_sigma': 108.40316560772521, 'noise_gpi_sigma': 104.89709051084901, 'g_stn_gpe_mult': 2.5574607386376913, 'g_gpe_stn_mult': 0.25855458487228594, 'g_stn_gpi_mult': 2.6518077052643982, 'g_gpe_gpi_mult': 0.9633481642606565}. Best is trial 240 with value: 0.5603930480013977.
[I 2026-05-28 02:17:43,658] Trial 273 finished with value: 1.1055074495516575 and parameters: {'ISTN': 65.64710647538575, 'I_gpe': 1.0641010810310074, 'I_gpi': 2.6294581399738286, 'noise_stn_sigma': 4.306950504898277, 'noise_gpe_sigma': 116.48302703906577, 'noise_gpi_sigma': 104.14364923400316, 'g_stn_gpe_mult': 2.829693206991282, 'g_gpe_stn_mult': 0.1866963197418603, 'g_stn_gpi_mult': 2.8183505675841705, 'g_gpe_gpi_mult': 0.8866623877656044}. Best is trial 240 with value: 0.5603930480013977.
[I 2026-05-28 02:17:44,665] Trial 274 finished with value: 0.6467950213098296 and parameters: {'ISTN': 65.38194399057421, 'I_gpe': 1.2533689696044528, 'I_gpi': 2.293554354364466, 'noise_stn_sigma': 4.25917296545291, 'noise_gpe_sigma': 124.53516313565797, 'noise_gpi_sigma': 110.46943416951395, 'g_stn_gpe_mult': 2.561480080997986, 'g_gpe_stn_mult': 0.1679712011276721, 'g_stn_gpi_mult': 2.176650540478816, 'g_gpe_gpi_mult': 0.8646782885834956}. Best is trial 240 with value: 0.5603930480013977.
[I 2026-05-28 02:17:45,672] Trial 275 finished with value: 0.5617810465836367 and parameters: {'ISTN': 61.665985644580374, 'I_gpe': 1.3683794932985753, 'I_gpi': 1.951161652136467, 'noise_stn_sigma': 3.8515349265281453, 'noise_gpe_sigma': 99.99766260445172, 'noise_gpi_sigma': 95.34289822679564, 'g_stn_gpe_mult': 3.310206552200839, 'g_gpe_stn_mult': 0.17744732593622414, 'g_stn_gpi_mult': 2.352773073470681, 'g_gpe_gpi_mult': 0.9892268790201273}. Best is trial 240 with value: 0.5603930480013977.
[I 2026-05-28 02:17:46,679] Trial 276 finished with value: 1.0286881196503226 and parameters: {'ISTN': 63.719778135447875, 'I_gpe': 1.5942512435570368, 'I_gpi': 2.1105814978845205, 'noise_stn_sigma': 4.016478359736991, 'noise_gpe_sigma': 103.67928219066168, 'noise_gpi_sigma': 104.8905341925467, 'g_stn_gpe_mult': 2.507314736167416, 'g_gpe_stn_mult': 0.15106419085145217, 'g_stn_gpi_mult': 2.7801596235959702, 'g_gpe_gpi_mult': 0.8676740089377513}. Best is trial 240 with value: 0.5603930480013977.
[I 2026-05-28 02:17:47,687] Trial 277 finished with value: 0.524336207388414 and parameters: {'ISTN': 61.11710426221327, 'I_gpe': 1.218021807498237, 'I_gpi': 2.287701851328297, 'noise_stn_sigma': 4.523390369168933, 'noise_gpe_sigma': 112.49248668570789, 'noise_gpi_sigma': 105.17363857515454, 'g_stn_gpe_mult': 2.7086656381326395, 'g_gpe_stn_mult': 0.1282929920270634, 'g_stn_gpi_mult': 2.7087344235856974, 'g_gpe_gpi_mult': 0.9289460325525374}. Best is trial 277 with value: 0.524336207388414.
[I 2026-05-28 02:17:48,693] Trial 278 finished with value: 0.8306604556134056 and parameters: {'ISTN': 64.43765537768198, 'I_gpe': 0.7642939159442197, 'I_gpi': 1.336981085129005, 'noise_stn_sigma': 4.790864429505163, 'noise_gpe_sigma': 113.68403771045075, 'noise_gpi_sigma': 114.62046667962713, 'g_stn_gpe_mult': 2.5650549457359446, 'g_gpe_stn_mult': 0.1125484793851793, 'g_stn_gpi_mult': 2.4174178404034468, 'g_gpe_gpi_mult': 0.9926950982822327}. Best is trial 277 with value: 0.524336207388414.
[I 2026-05-28 02:17:49,703] Trial 279 finished with value: 0.6355170971027506 and parameters: {'ISTN': 61.55171209000535, 'I_gpe': 1.1700714637721796, 'I_gpi': 1.7631095328705169, 'noise_stn_sigma': 4.825561022326763, 'noise_gpe_sigma': 114.78524840044791, 'noise_gpi_sigma': 104.12945103602597, 'g_stn_gpe_mult': 2.7142640144932764, 'g_gpe_stn_mult': 0.18903679661506606, 'g_stn_gpi_mult': 2.537526337927316, 'g_gpe_gpi_mult': 0.8431332032629724}. Best is trial 277 with value: 0.524336207388414.
[I 2026-05-28 02:17:50,709] Trial 280 finished with value: 0.7278818939970246 and parameters: {'ISTN': 63.936637061591576, 'I_gpe': 1.2351878959738238, 'I_gpi': 1.8396360295967393, 'noise_stn_sigma': 5.6188390328270374, 'noise_gpe_sigma': 126.1367931960887, 'noise_gpi_sigma': 128.63214764441807, 'g_stn_gpe_mult': 2.389779076156155, 'g_gpe_stn_mult': 0.10744639030580144, 'g_stn_gpi_mult': 2.610648302545761, 'g_gpe_gpi_mult': 0.9698244490746939}. Best is trial 277 with value: 0.524336207388414.
[I 2026-05-28 02:17:51,719] Trial 281 finished with value: 0.6073160566539073 and parameters: {'ISTN': 62.467574448658624, 'I_gpe': 1.0072542516545533, 'I_gpi': 1.754420060048225, 'noise_stn_sigma': 4.5595227154182005, 'noise_gpe_sigma': 110.1838843328927, 'noise_gpi_sigma': 107.17160662277914, 'g_stn_gpe_mult': 2.846591214281286, 'g_gpe_stn_mult': 0.16429556377740934, 'g_stn_gpi_mult': 2.482013274695069, 'g_gpe_gpi_mult': 0.9494983469447718}. Best is trial 277 with value: 0.524336207388414.
[I 2026-05-28 02:17:52,724] Trial 282 finished with value: 0.9248341636610069 and parameters: {'ISTN': 61.18682464154749, 'I_gpe': 1.0353037419370794, 'I_gpi': 1.9881273571755629, 'noise_stn_sigma': 4.051035834034527, 'noise_gpe_sigma': 117.67003170722266, 'noise_gpi_sigma': 109.97966011128683, 'g_stn_gpe_mult': 2.6364632269888335, 'g_gpe_stn_mult': 0.17544763092050886, 'g_stn_gpi_mult': 2.4572219239463076, 'g_gpe_gpi_mult': 0.9148582378497085}. Best is trial 277 with value: 0.524336207388414.
[I 2026-05-28 02:17:53,731] Trial 283 finished with value: 0.6759332000342158 and parameters: {'ISTN': 64.3330147534733, 'I_gpe': 1.4612269295863638, 'I_gpi': 2.2149418073647302, 'noise_stn_sigma': 4.559808192941433, 'noise_gpe_sigma': 111.31405348935364, 'noise_gpi_sigma': 110.3770856015305, 'g_stn_gpe_mult': 2.8613201675107796, 'g_gpe_stn_mult': 0.15812454762663047, 'g_stn_gpi_mult': 2.469107824717497, 'g_gpe_gpi_mult': 0.9879507052275589}. Best is trial 277 with value: 0.524336207388414.
[I 2026-05-28 02:17:54,739] Trial 284 finished with value: 1.0322860791011221 and parameters: {'ISTN': 64.11259641636461, 'I_gpe': 1.566027589616665, 'I_gpi': 1.6851581428809397, 'noise_stn_sigma': 5.011193363749802, 'noise_gpe_sigma': 110.29248845087821, 'noise_gpi_sigma': 104.22839310569562, 'g_stn_gpe_mult': 2.86177562504885, 'g_gpe_stn_mult': 0.11890312890733667, 'g_stn_gpi_mult': 2.9190543012906502, 'g_gpe_gpi_mult': 0.8483432763433552}. Best is trial 277 with value: 0.524336207388414.
[I 2026-05-28 02:17:55,745] Trial 285 finished with value: 0.6576491256646108 and parameters: {'ISTN': 60.726108637744886, 'I_gpe': 1.1340241075460038, 'I_gpi': 1.5870092135220017, 'noise_stn_sigma': 5.00113272758092, 'noise_gpe_sigma': 128.61733578629605, 'noise_gpi_sigma': 110.96709196332581, 'g_stn_gpe_mult': 2.7686736032165538, 'g_gpe_stn_mult': 0.12256489258286146, 'g_stn_gpi_mult': 2.67928025077706, 'g_gpe_gpi_mult': 0.9593226301774658}. Best is trial 277 with value: 0.524336207388414.
[I 2026-05-28 02:17:56,750] Trial 286 finished with value: 1.2036284044165293 and parameters: {'ISTN': 70.58828191553974, 'I_gpe': 1.1912317443392606, 'I_gpi': 1.9043242526960518, 'noise_stn_sigma': 4.347288698423643, 'noise_gpe_sigma': 105.71013080558525, 'noise_gpi_sigma': 115.82277863657532, 'g_stn_gpe_mult': 2.529640256181409, 'g_gpe_stn_mult': 0.11954899623511764, 'g_stn_gpi_mult': 2.6833786844383813, 'g_gpe_gpi_mult': 0.9187196202196981}. Best is trial 277 with value: 0.524336207388414.
[I 2026-05-28 02:17:57,756] Trial 287 finished with value: 0.6090569572184675 and parameters: {'ISTN': 63.414489457942906, 'I_gpe': 1.0175861448892773, 'I_gpi': 2.041503638880936, 'noise_stn_sigma': 3.249326693261583, 'noise_gpe_sigma': 102.45262694646063, 'noise_gpi_sigma': 111.12154434038183, 'g_stn_gpe_mult': 2.8183413839475664, 'g_gpe_stn_mult': 0.1889506447252862, 'g_stn_gpi_mult': 2.740395376137997, 'g_gpe_gpi_mult': 1.0494664046558297}. Best is trial 277 with value: 0.524336207388414.
[I 2026-05-28 02:17:58,763] Trial 288 finished with value: 1.1719358976282939 and parameters: {'ISTN': 68.22645589382483, 'I_gpe': 1.634440116406272, 'I_gpi': 1.740255186604578, 'noise_stn_sigma': 3.7334148905074214, 'noise_gpe_sigma': 111.08198446338838, 'noise_gpi_sigma': 98.69954592273099, 'g_stn_gpe_mult': 2.8249590868337027, 'g_gpe_stn_mult': 0.1655667010947436, 'g_stn_gpi_mult': 3.0230747728445717, 'g_gpe_gpi_mult': 0.7970876017001034}. Best is trial 277 with value: 0.524336207388414.
[I 2026-05-28 02:17:59,770] Trial 289 finished with value: 0.7053611248554297 and parameters: {'ISTN': 65.76882328875361, 'I_gpe': 0.9055416686515846, 'I_gpi': 1.678182404331728, 'noise_stn_sigma': 3.101978746133815, 'noise_gpe_sigma': 103.9441401753883, 'noise_gpi_sigma': 101.16484026225548, 'g_stn_gpe_mult': 3.125601724240356, 'g_gpe_stn_mult': 0.1848256385386588, 'g_stn_gpi_mult': 2.79350871954142, 'g_gpe_gpi_mult': 1.0100600522329661}. Best is trial 277 with value: 0.524336207388414.
[I 2026-05-28 02:18:00,778] Trial 290 finished with value: 0.8223566777708053 and parameters: {'ISTN': 63.47839370300834, 'I_gpe': 0.976529411490434, 'I_gpi': 1.5944221253999227, 'noise_stn_sigma': 4.41292991636449, 'noise_gpe_sigma': 117.6655042894943, 'noise_gpi_sigma': 107.01048744852505, 'g_stn_gpe_mult': 3.0822156928335422, 'g_gpe_stn_mult': 0.13954555354059028, 'g_stn_gpi_mult': 2.5863780402754624, 'g_gpe_gpi_mult': 0.8910696291343059}. Best is trial 277 with value: 0.524336207388414.
[I 2026-05-28 02:18:01,784] Trial 291 finished with value: 0.5809027038302311 and parameters: {'ISTN': 61.62490049185755, 'I_gpe': 1.0197405391326035, 'I_gpi': 2.117204266180959, 'noise_stn_sigma': 4.085498343922637, 'noise_gpe_sigma': 114.1662470169043, 'noise_gpi_sigma': 112.65857999695277, 'g_stn_gpe_mult': 2.7087573827033067, 'g_gpe_stn_mult': 0.11624072758136414, 'g_stn_gpi_mult': 2.7598587461208544, 'g_gpe_gpi_mult': 0.9462861390473953}. Best is trial 277 with value: 0.524336207388414.
[I 2026-05-28 02:18:02,791] Trial 292 finished with value: 0.7387800481358764 and parameters: {'ISTN': 62.59288103039932, 'I_gpe': 0.8978360382612212, 'I_gpi': 1.708362530710355, 'noise_stn_sigma': 3.677011289305974, 'noise_gpe_sigma': 110.84625703266038, 'noise_gpi_sigma': 110.36184953157598, 'g_stn_gpe_mult': 3.043316793016138, 'g_gpe_stn_mult': 0.23405215511224417, 'g_stn_gpi_mult': 3.2100215273905905, 'g_gpe_gpi_mult': 0.9662625170605994}. Best is trial 277 with value: 0.524336207388414.
[I 2026-05-28 02:18:03,794] Trial 293 finished with value: 1.0517191131365906 and parameters: {'ISTN': 62.80511152320046, 'I_gpe': 1.160654553599651, 'I_gpi': 1.4479831368234575, 'noise_stn_sigma': 4.575873015570817, 'noise_gpe_sigma': 109.27530668593538, 'noise_gpi_sigma': 106.16321237487568, 'g_stn_gpe_mult': 2.926346134252612, 'g_gpe_stn_mult': 0.22989207703052122, 'g_stn_gpi_mult': 2.7021911400086305, 'g_gpe_gpi_mult': 0.9055816513674451}. Best is trial 277 with value: 0.524336207388414.
[I 2026-05-28 02:18:04,800] Trial 294 finished with value: 1.2974131353354346 and parameters: {'ISTN': 64.62020694088692, 'I_gpe': 1.2140695655381153, 'I_gpi': 1.960648568044121, 'noise_stn_sigma': 4.205090796862743, 'noise_gpe_sigma': 105.90958322902667, 'noise_gpi_sigma': 110.42863807058266, 'g_stn_gpe_mult': 2.8835199670457814, 'g_gpe_stn_mult': 0.23032627895518298, 'g_stn_gpi_mult': 2.7050468113069632, 'g_gpe_gpi_mult': 0.9837302527290002}. Best is trial 277 with value: 0.524336207388414.
[I 2026-05-28 02:18:05,805] Trial 295 finished with value: 0.5848591247103371 and parameters: {'ISTN': 61.43163467906611, 'I_gpe': 1.117136627844014, 'I_gpi': 2.233523243715706, 'noise_stn_sigma': 4.291976942105568, 'noise_gpe_sigma': 110.34143942541507, 'noise_gpi_sigma': 117.14749396190545, 'g_stn_gpe_mult': 3.276908357551439, 'g_gpe_stn_mult': 0.17964670447979786, 'g_stn_gpi_mult': 2.7187903946305934, 'g_gpe_gpi_mult': 0.9616453843391688}. Best is trial 277 with value: 0.524336207388414.
[I 2026-05-28 02:18:06,812] Trial 296 finished with value: 0.7198988265771278 and parameters: {'ISTN': 61.01777887983651, 'I_gpe': 0.7601142459777892, 'I_gpi': 1.847494638023906, 'noise_stn_sigma': 4.238769896165767, 'noise_gpe_sigma': 110.87225674961086, 'noise_gpi_sigma': 122.62138994081097, 'g_stn_gpe_mult': 2.9174981835797507, 'g_gpe_stn_mult': 0.1687180432543828, 'g_stn_gpi_mult': 2.5572411160799753, 'g_gpe_gpi_mult': 1.0261938715419132}. Best is trial 277 with value: 0.524336207388414.
[I 2026-05-28 02:18:07,821] Trial 297 finished with value: 0.5895723082179174 and parameters: {'ISTN': 61.70555062846462, 'I_gpe': 1.4711426812385642, 'I_gpi': 2.1152082298773007, 'noise_stn_sigma': 3.728434558669539, 'noise_gpe_sigma': 112.48882558889612, 'noise_gpi_sigma': 110.66919259636828, 'g_stn_gpe_mult': 2.7537070261740104, 'g_gpe_stn_mult': 0.22110109674888717, 'g_stn_gpi_mult': 2.939799201783982, 'g_gpe_gpi_mult': 0.962603756495811}. Best is trial 277 with value: 0.524336207388414.
[I 2026-05-28 02:18:08,829] Trial 298 finished with value: 0.6414545883004068 and parameters: {'ISTN': 62.87992476170005, 'I_gpe': 1.116469007446379, 'I_gpi': 2.096071148745172, 'noise_stn_sigma': 4.514415595009658, 'noise_gpe_sigma': 109.81846788920211, 'noise_gpi_sigma': 104.84470156999929, 'g_stn_gpe_mult': 2.9737710504762096, 'g_gpe_stn_mult': 0.14178770344922764, 'g_stn_gpi_mult': 2.4077329105852696, 'g_gpe_gpi_mult': 0.9541496205569}. Best is trial 277 with value: 0.524336207388414.
[I 2026-05-28 02:18:09,833] Trial 299 finished with value: 1.3634780195457759 and parameters: {'ISTN': 64.51942764437953, 'I_gpe': 1.4333846416855933, 'I_gpi': 1.5002218111351373, 'noise_stn_sigma': 3.871449918540194, 'noise_gpe_sigma': 106.70702524339482, 'noise_gpi_sigma': 113.75705604070023, 'g_stn_gpe_mult': 2.6554454747435075, 'g_gpe_stn_mult': 0.26156195771469026, 'g_stn_gpi_mult': 2.7060185668972943, 'g_gpe_gpi_mult': 0.9249966330845758}. Best is trial 277 with value: 0.524336207388414.
[I 2026-05-28 02:18:10,838] Trial 300 finished with value: 0.5761105728803482 and parameters: {'ISTN': 65.6616146948179, 'I_gpe': 1.214610683461119, 'I_gpi': 1.9248183934354777, 'noise_stn_sigma': 4.237564197659075, 'noise_gpe_sigma': 112.77668419151979, 'noise_gpi_sigma': 96.02357513581782, 'g_stn_gpe_mult': 2.785487114256, 'g_gpe_stn_mult': 0.14084127178417036, 'g_stn_gpi_mult': 2.4024475707556903, 'g_gpe_gpi_mult': 1.03236246189}. Best is trial 277 with value: 0.524336207388414.
[I 2026-05-28 02:18:11,848] Trial 301 finished with value: 0.5733002691945082 and parameters: {'ISTN': 62.217450752308416, 'I_gpe': 1.4362799153095687, 'I_gpi': 2.294574538274645, 'noise_stn_sigma': 3.8198374474724472, 'noise_gpe_sigma': 114.99254037323084, 'noise_gpi_sigma': 104.75457385389727, 'g_stn_gpe_mult': 3.0680919119344607, 'g_gpe_stn_mult': 0.1543418272712053, 'g_stn_gpi_mult': 2.9821970139297185, 'g_gpe_gpi_mult': 0.9728352262123241}. Best is trial 277 with value: 0.524336207388414.
[I 2026-05-28 02:18:12,855] Trial 302 finished with value: 0.6151250007721417 and parameters: {'ISTN': 60.30024587584072, 'I_gpe': 1.0694944077496498, 'I_gpi': 1.6647722666853304, 'noise_stn_sigma': 3.4635061332277246, 'noise_gpe_sigma': 109.94947792220589, 'noise_gpi_sigma': 104.45516720711673, 'g_stn_gpe_mult': 3.103746416942945, 'g_gpe_stn_mult': 0.15373094813538923, 'g_stn_gpi_mult': 2.701977989675897, 'g_gpe_gpi_mult': 0.9495723238597655}. Best is trial 277 with value: 0.524336207388414.
[I 2026-05-28 02:18:13,863] Trial 303 finished with value: 0.7521768593081041 and parameters: {'ISTN': 61.235564142473514, 'I_gpe': 1.108717161665854, 'I_gpi': 2.165082755077683, 'noise_stn_sigma': 4.533172324832807, 'noise_gpe_sigma': 109.89845341397296, 'noise_gpi_sigma': 106.8712809506341, 'g_stn_gpe_mult': 2.562142544558698, 'g_gpe_stn_mult': 0.21258614110716825, 'g_stn_gpi_mult': 2.6431212271537525, 'g_gpe_gpi_mult': 1.0479055975327423}. Best is trial 277 with value: 0.524336207388414.
[I 2026-05-28 02:18:14,871] Trial 304 finished with value: 0.6506096692793606 and parameters: {'ISTN': 64.28090585559715, 'I_gpe': 1.0121024826831342, 'I_gpi': 2.352290880481749, 'noise_stn_sigma': 5.413647827968049, 'noise_gpe_sigma': 110.10503885042361, 'noise_gpi_sigma': 108.86495422494416, 'g_stn_gpe_mult': 2.6741226010963812, 'g_gpe_stn_mult': 0.14282497028389568, 'g_stn_gpi_mult': 2.2789725519603774, 'g_gpe_gpi_mult': 1.0136437994379026}. Best is trial 277 with value: 0.524336207388414.
[I 2026-05-28 02:18:15,877] Trial 305 finished with value: 0.5591025775293476 and parameters: {'ISTN': 62.51131419587731, 'I_gpe': 1.0440286495726983, 'I_gpi': 1.856403108062574, 'noise_stn_sigma': 4.270306735039281, 'noise_gpe_sigma': 116.39579173370309, 'noise_gpi_sigma': 99.79441625405038, 'g_stn_gpe_mult': 2.790385811698955, 'g_gpe_stn_mult': 0.11589695275409223, 'g_stn_gpi_mult': 2.5195391697113325, 'g_gpe_gpi_mult': 1.001126609509652}. Best is trial 277 with value: 0.524336207388414.
[I 2026-05-28 02:18:16,884] Trial 306 finished with value: 1.0038421513704567 and parameters: {'ISTN': 63.48380370202358, 'I_gpe': 1.526183505255497, 'I_gpi': 1.8860071409669157, 'noise_stn_sigma': 4.23491464862271, 'noise_gpe_sigma': 119.7277202191275, 'noise_gpi_sigma': 106.64387853459462, 'g_stn_gpe_mult': 3.155769815461472, 'g_gpe_stn_mult': 0.15193680913316712, 'g_stn_gpi_mult': 2.7461030326577434, 'g_gpe_gpi_mult': 0.9723012549917627}. Best is trial 277 with value: 0.524336207388414.
[I 2026-05-28 02:18:17,892] Trial 307 finished with value: 0.5935738076385979 and parameters: {'ISTN': 62.293338422268214, 'I_gpe': 1.084954595861425, 'I_gpi': 2.234447782945682, 'noise_stn_sigma': 3.2328289668028773, 'noise_gpe_sigma': 115.32656454504313, 'noise_gpi_sigma': 109.1913448913081, 'g_stn_gpe_mult': 3.045431724311073, 'g_gpe_stn_mult': 0.14625575432513083, 'g_stn_gpi_mult': 2.711030087210221, 'g_gpe_gpi_mult': 0.9533425454959523}. Best is trial 277 with value: 0.524336207388414.
