[I 2026-05-28 01:23:44,292] Trial 88 finished with value: 12.745363400955041 and parameters: {'ISTN': 63.453667605593175, 'I_gpe': 1.4313594297865133, 'I_gpi': 1.9183229037105665, 'noise_stn_sigma': 4.875942341080716, 'noise_gpe_sigma': 100.78604070946231, 'noise_gpi_sigma': 109.82653052424234, 'g_stn_gpe_mult': 3.5761535500716954, 'g_gpe_stn_mult': 0.25124899988031857, 'g_stn_gpi_mult': 1.4691110730907502, 'g_gpe_gpi_mult': 0.9087795354961195}. Best is trial 33 with value: 1.2428853877970218.
[I 2026-05-28 01:23:45,296] Trial 89 finished with value: 15.58932262940245 and parameters: {'ISTN': 98.06399761699893, 'I_gpe': 1.0268590643054674, 'I_gpi': 1.9332773380147725, 'noise_stn_sigma': 4.340828676603567, 'noise_gpe_sigma': 123.16444039990955, 'noise_gpi_sigma': 84.47598486115398, 'g_stn_gpe_mult': 3.209043423563128, 'g_gpe_stn_mult': 0.2240666616557241, 'g_stn_gpi_mult': 1.7380249258587233, 'g_gpe_gpi_mult': 0.5011735284733068}. Best is trial 33 with value: 1.2428853877970218.
[I 2026-05-28 01:23:46,297] Trial 90 finished with value: 13.002966197893222 and parameters: {'ISTN': 91.05872383349119, 'I_gpe': 1.5440964728167046, 'I_gpi': 1.9281032234635542, 'noise_stn_sigma': 5.360722374182622, 'noise_gpe_sigma': 91.9302751398771, 'noise_gpi_sigma': 70.33882515330168, 'g_stn_gpe_mult': 2.923115114438345, 'g_gpe_stn_mult': 0.3437450099615938, 'g_stn_gpi_mult': 1.7235361197681784, 'g_gpe_gpi_mult': 0.77540822632464}. Best is trial 33 with value: 1.2428853877970218.
[I 2026-05-28 01:23:47,303] Trial 91 finished with value: 8.861450459123612 and parameters: {'ISTN': 74.76763844505442, 'I_gpe': 0.656807653737659, 'I_gpi': 1.805930998132089, 'noise_stn_sigma': 4.892783836672214, 'noise_gpe_sigma': 93.31606275689413, 'noise_gpi_sigma': 59.53930695405186, 'g_stn_gpe_mult': 3.0753049025413612, 'g_gpe_stn_mult': 0.2989596266480556, 'g_stn_gpi_mult': 2.7015172271487797, 'g_gpe_gpi_mult': 0.8955834951047936}. Best is trial 33 with value: 1.2428853877970218.
[I 2026-05-28 01:23:48,308] Trial 92 finished with value: 6.9340195502249955 and parameters: {'ISTN': 64.64210437486425, 'I_gpe': 1.6381853399503676, 'I_gpi': 1.3704380340654914, 'noise_stn_sigma': 4.792130930708108, 'noise_gpe_sigma': 85.42314464480965, 'noise_gpi_sigma': 109.09385456085693, 'g_stn_gpe_mult': 2.886896437274883, 'g_gpe_stn_mult': 0.2012190070368685, 'g_stn_gpi_mult': 1.7393163054118674, 'g_gpe_gpi_mult': 0.7999353793262227}. Best is trial 33 with value: 1.2428853877970218.
[I 2026-05-28 01:23:49,312] Trial 93 finished with value: 7.5440520335827355 and parameters: {'ISTN': 71.26591195375951, 'I_gpe': 1.1038089347523214, 'I_gpi': 3.2941404801459067, 'noise_stn_sigma': 6.375252770189351, 'noise_gpe_sigma': 102.72157671989936, 'noise_gpi_sigma': 57.60112301549144, 'g_stn_gpe_mult': 2.0811803080856617, 'g_gpe_stn_mult': 0.27439123645233154, 'g_stn_gpi_mult': 1.6644887806060489, 'g_gpe_gpi_mult': 0.7572379690115345}. Best is trial 33 with value: 1.2428853877970218.
[I 2026-05-28 01:23:50,315] Trial 94 finished with value: 11.135059092466266 and parameters: {'ISTN': 63.90083927649515, 'I_gpe': 1.3485720115664097, 'I_gpi': 1.4982755140668949, 'noise_stn_sigma': 6.615386278493156, 'noise_gpe_sigma': 106.97641166020115, 'noise_gpi_sigma': 48.114359573357966, 'g_stn_gpe_mult': 3.2312467616850613, 'g_gpe_stn_mult': 0.2490610045419967, 'g_stn_gpi_mult': 2.5558913615990986, 'g_gpe_gpi_mult': 0.9505509327062913}. Best is trial 33 with value: 1.2428853877970218.
[I 2026-05-28 01:23:51,319] Trial 95 finished with value: 12.480842474147863 and parameters: {'ISTN': 69.24070559308086, 'I_gpe': 1.8466172328541715, 'I_gpi': 1.401303218709417, 'noise_stn_sigma': 6.798912560904085, 'noise_gpe_sigma': 113.75093782801645, 'noise_gpi_sigma': 55.83935884884552, 'g_stn_gpe_mult': 3.2298557220811928, 'g_gpe_stn_mult': 0.29870497621361647, 'g_stn_gpi_mult': 1.0761826647813564, 'g_gpe_gpi_mult': 0.9025707682383612}. Best is trial 33 with value: 1.2428853877970218.
[I 2026-05-28 01:23:52,325] Trial 96 finished with value: 14.70133462746084 and parameters: {'ISTN': 71.66036266876098, 'I_gpe': 1.8040703125525221, 'I_gpi': 1.52761193777263, 'noise_stn_sigma': 3.689840695225673, 'noise_gpe_sigma': 106.34494079383086, 'noise_gpi_sigma': 69.7385604432728, 'g_stn_gpe_mult': 2.758488869311417, 'g_gpe_stn_mult': 0.35960511061469047, 'g_stn_gpi_mult': 2.170938709090531, 'g_gpe_gpi_mult': 0.8437028375504549}. Best is trial 33 with value: 1.2428853877970218.
[I 2026-05-28 01:23:53,327] Trial 97 finished with value: 5.878474628136364 and parameters: {'ISTN': 70.85051365884529, 'I_gpe': 0.9484329512678054, 'I_gpi': 1.3205653946614535, 'noise_stn_sigma': 4.461092087303793, 'noise_gpe_sigma': 78.64967401687194, 'noise_gpi_sigma': 72.67978144760258, 'g_stn_gpe_mult': 2.6847689180534786, 'g_gpe_stn_mult': 0.2977392223688959, 'g_stn_gpi_mult': 2.107493219182194, 'g_gpe_gpi_mult': 0.823704880114172}. Best is trial 33 with value: 1.2428853877970218.
[I 2026-05-28 01:23:54,330] Trial 98 finished with value: 12.29913402992384 and parameters: {'ISTN': 64.09125736642552, 'I_gpe': 1.1256332999250664, 'I_gpi': 1.5744118235249844, 'noise_stn_sigma': 7.404672647757563, 'noise_gpe_sigma': 113.33875828700815, 'noise_gpi_sigma': 63.69149261801493, 'g_stn_gpe_mult': 2.794068839049951, 'g_gpe_stn_mult': 0.21339237354499432, 'g_stn_gpi_mult': 2.3464889193784515, 'g_gpe_gpi_mult': 0.8737464019811267}. Best is trial 33 with value: 1.2428853877970218.
[I 2026-05-28 01:23:55,335] Trial 99 finished with value: 12.850471406199087 and parameters: {'ISTN': 77.7500095565319, 'I_gpe': 2.098797233824704, 'I_gpi': 1.985674548626581, 'noise_stn_sigma': 4.3542592778931315, 'noise_gpe_sigma': 85.04236034305643, 'noise_gpi_sigma': 69.12314292527537, 'g_stn_gpe_mult': 2.603830277601803, 'g_gpe_stn_mult': 0.2099770706177962, 'g_stn_gpi_mult': 3.165623320033516, 'g_gpe_gpi_mult': 0.7763993667329592}. Best is trial 33 with value: 1.2428853877970218.
[I 2026-05-28 01:23:56,338] Trial 100 finished with value: 11.59886504080608 and parameters: {'ISTN': 66.74475133434294, 'I_gpe': 1.20081599681285, 'I_gpi': 2.202163661225006, 'noise_stn_sigma': 7.63455663287245, 'noise_gpe_sigma': 55.83856945604317, 'noise_gpi_sigma': 60.4944125226875, 'g_stn_gpe_mult': 2.2737072441730666, 'g_gpe_stn_mult': 0.24774221391436324, 'g_stn_gpi_mult': 2.9081656601757233, 'g_gpe_gpi_mult': 0.7460928649148957}. Best is trial 33 with value: 1.2428853877970218.
[I 2026-05-28 01:23:57,341] Trial 101 finished with value: 8.623484822605116 and parameters: {'ISTN': 71.47506182156697, 'I_gpe': 1.3646688421097852, 'I_gpi': 1.4051397200947051, 'noise_stn_sigma': 6.5426350917242635, 'noise_gpe_sigma': 120.71611457573799, 'noise_gpi_sigma': 91.33773252372382, 'g_stn_gpe_mult': 2.513049869066057, 'g_gpe_stn_mult': 0.23018732339756637, 'g_stn_gpi_mult': 2.1608530268923163, 'g_gpe_gpi_mult': 0.8066987408698483}. Best is trial 33 with value: 1.2428853877970218.
[I 2026-05-28 01:23:58,346] Trial 102 finished with value: 11.584295329054797 and parameters: {'ISTN': 75.55526221964766, 'I_gpe': 1.1237698048175022, 'I_gpi': 1.768453724197025, 'noise_stn_sigma': 4.564168470573033, 'noise_gpe_sigma': 95.01152241801049, 'noise_gpi_sigma': 85.00115193318712, 'g_stn_gpe_mult': 3.0002870455459556, 'g_gpe_stn_mult': 0.30173803998505705, 'g_stn_gpi_mult': 1.5195990560451467, 'g_gpe_gpi_mult': 0.5761227379590708}. Best is trial 33 with value: 1.2428853877970218.
[I 2026-05-28 01:23:59,350] Trial 103 finished with value: 2.6599381678521263 and parameters: {'ISTN': 67.54659581702788, 'I_gpe': 0.6834863332572965, 'I_gpi': 1.5925516055106637, 'noise_stn_sigma': 5.132695847288737, 'noise_gpe_sigma': 101.4103837308868, 'noise_gpi_sigma': 65.36074157791484, 'g_stn_gpe_mult': 3.3441835465002, 'g_gpe_stn_mult': 0.2001145217543599, 'g_stn_gpi_mult': 2.376419336782278, 'g_gpe_gpi_mult': 0.7945496877183966}. Best is trial 33 with value: 1.2428853877970218.
[I 2026-05-28 01:24:00,354] Trial 104 finished with value: 6.497148165196367 and parameters: {'ISTN': 67.17838382599284, 'I_gpe': 1.1766363326876237, 'I_gpi': 1.6659339144476184, 'noise_stn_sigma': 4.006508206877415, 'noise_gpe_sigma': 88.11908225733873, 'noise_gpi_sigma': 60.92995717606585, 'g_stn_gpe_mult': 2.4890641053458173, 'g_gpe_stn_mult': 0.18355695077453268, 'g_stn_gpi_mult': 2.2335907428492874, 'g_gpe_gpi_mult': 0.7353475126571849}. Best is trial 33 with value: 1.2428853877970218.
[I 2026-05-28 01:24:01,357] Trial 105 finished with value: 8.528515367074936 and parameters: {'ISTN': 81.9303211724293, 'I_gpe': 0.8969043534949387, 'I_gpi': 1.105682665821367, 'noise_stn_sigma': 4.767523602243753, 'noise_gpe_sigma': 98.39666377195012, 'noise_gpi_sigma': 87.1829405750415, 'g_stn_gpe_mult': 1.9179110967089656, 'g_gpe_stn_mult': 0.28236949520640886, 'g_stn_gpi_mult': 1.8617512329477282, 'g_gpe_gpi_mult': 0.7517241235986154}. Best is trial 33 with value: 1.2428853877970218.
[I 2026-05-28 01:24:02,361] Trial 106 finished with value: 6.4192560622569275 and parameters: {'ISTN': 80.5601521437959, 'I_gpe': 0.6486130366902281, 'I_gpi': 1.2492182778645728, 'noise_stn_sigma': 5.3242404447935625, 'noise_gpe_sigma': 91.7362994543249, 'noise_gpi_sigma': 55.77132353333211, 'g_stn_gpe_mult': 2.4023269895898975, 'g_gpe_stn_mult': 0.3650595658200365, 'g_stn_gpi_mult': 2.0326920491086633, 'g_gpe_gpi_mult': 0.9113676736444021}. Best is trial 33 with value: 1.2428853877970218.
[I 2026-05-28 01:24:03,364] Trial 107 finished with value: 10.18589144268375 and parameters: {'ISTN': 60.610687179268496, 'I_gpe': 1.2106415038186897, 'I_gpi': 2.393432667075649, 'noise_stn_sigma': 4.732218347208276, 'noise_gpe_sigma': 80.65408800068832, 'noise_gpi_sigma': 64.32028642147716, 'g_stn_gpe_mult': 2.974513193589229, 'g_gpe_stn_mult': 0.3357431191596083, 'g_stn_gpi_mult': 2.214682387350984, 'g_gpe_gpi_mult': 0.6713423769703883}. Best is trial 33 with value: 1.2428853877970218.
[I 2026-05-28 01:24:04,369] Trial 108 finished with value: 10.557608924775133 and parameters: {'ISTN': 70.10165837806043, 'I_gpe': 0.9746921884274781, 'I_gpi': 2.3306666152348283, 'noise_stn_sigma': 5.812470700721566, 'noise_gpe_sigma': 88.98137085535618, 'noise_gpi_sigma': 48.4688133023388, 'g_stn_gpe_mult': 2.9643649174096396, 'g_gpe_stn_mult': 0.2690521613749562, 'g_stn_gpi_mult': 2.2250177244611833, 'g_gpe_gpi_mult': 0.7588452686522276}. Best is trial 33 with value: 1.2428853877970218.
[I 2026-05-28 01:24:05,372] Trial 109 finished with value: 8.520962348993375 and parameters: {'ISTN': 73.56918720581079, 'I_gpe': 0.8872585579819844, 'I_gpi': 1.3331496404737069, 'noise_stn_sigma': 5.9462404835976885, 'noise_gpe_sigma': 76.54757371670124, 'noise_gpi_sigma': 70.52423275382465, 'g_stn_gpe_mult': 2.1048428080044537, 'g_gpe_stn_mult': 0.18208759291947568, 'g_stn_gpi_mult': 2.0862610299355073, 'g_gpe_gpi_mult': 0.83340046228222}. Best is trial 33 with value: 1.2428853877970218.
[I 2026-05-28 01:24:06,376] Trial 110 finished with value: 9.912961245118895 and parameters: {'ISTN': 69.7970739735862, 'I_gpe': 1.2972782295583931, 'I_gpi': 1.1294343215044482, 'noise_stn_sigma': 4.648267411658151, 'noise_gpe_sigma': 107.53152823104823, 'noise_gpi_sigma': 53.93475264003063, 'g_stn_gpe_mult': 2.5959691759804358, 'g_gpe_stn_mult': 0.2607263061552804, 'g_stn_gpi_mult': 1.8089670047041655, 'g_gpe_gpi_mult': 0.880213802575752}. Best is trial 33 with value: 1.2428853877970218.
[I 2026-05-28 01:24:07,382] Trial 111 finished with value: 13.91049924025156 and parameters: {'ISTN': 87.0585979067609, 'I_gpe': 1.3006354005127214, 'I_gpi': 1.4947054241356175, 'noise_stn_sigma': 5.453293345569789, 'noise_gpe_sigma': 103.68915211436537, 'noise_gpi_sigma': 49.834817025025465, 'g_stn_gpe_mult': 2.512050962326417, 'g_gpe_stn_mult': 0.18384578109024136, 'g_stn_gpi_mult': 2.565643180886537, 'g_gpe_gpi_mult': 0.7896795469836062}. Best is trial 33 with value: 1.2428853877970218.
[I 2026-05-28 01:24:08,388] Trial 112 finished with value: 14.377836728016938 and parameters: {'ISTN': 80.29076760697527, 'I_gpe': 1.309860510956507, 'I_gpi': 1.435839590320152, 'noise_stn_sigma': 4.6761158724661005, 'noise_gpe_sigma': 94.71948002251003, 'noise_gpi_sigma': 73.8856865680627, 'g_stn_gpe_mult': 2.6969995783728145, 'g_gpe_stn_mult': 0.3160014830174041, 'g_stn_gpi_mult': 2.2453332822278895, 'g_gpe_gpi_mult': 0.838394388102331}. Best is trial 33 with value: 1.2428853877970218.
[I 2026-05-28 01:24:09,394] Trial 113 finished with value: 9.960198888930943 and parameters: {'ISTN': 79.05494000161656, 'I_gpe': 0.5198279982412994, 'I_gpi': 1.8361971754125193, 'noise_stn_sigma': 4.992353867664689, 'noise_gpe_sigma': 119.51596523718455, 'noise_gpi_sigma': 48.71729213994215, 'g_stn_gpe_mult': 2.637385164173827, 'g_gpe_stn_mult': 0.30582425200479213, 'g_stn_gpi_mult': 1.834379374701413, 'g_gpe_gpi_mult': 0.894083859852447}. Best is trial 33 with value: 1.2428853877970218.
[I 2026-05-28 01:24:10,395] Trial 114 finished with value: 2.7133334541989997 and parameters: {'ISTN': 61.63845355326178, 'I_gpe': 0.9729713093619778, 'I_gpi': 1.3382551001037635, 'noise_stn_sigma': 3.795643249237834, 'noise_gpe_sigma': 94.22083980903267, 'noise_gpi_sigma': 71.34303861983744, 'g_stn_gpe_mult': 2.404031304823384, 'g_gpe_stn_mult': 0.2619385292487072, 'g_stn_gpi_mult': 2.3113771111551076, 'g_gpe_gpi_mult': 0.737090358457084}. Best is trial 33 with value: 1.2428853877970218.
[I 2026-05-28 01:24:11,399] Trial 115 finished with value: 11.918488979091805 and parameters: {'ISTN': 86.07400819075549, 'I_gpe': 0.5126540971114024, 'I_gpi': 2.1812560450852505, 'noise_stn_sigma': 3.847445637552469, 'noise_gpe_sigma': 82.91054045487024, 'noise_gpi_sigma': 64.08002536217509, 'g_stn_gpe_mult': 2.5791550614410097, 'g_gpe_stn_mult': 0.19446661581086244, 'g_stn_gpi_mult': 1.917500539765772, 'g_gpe_gpi_mult': 0.7176358736413901}. Best is trial 33 with value: 1.2428853877970218.
[I 2026-05-28 01:24:12,404] Trial 116 finished with value: 13.983059693407391 and parameters: {'ISTN': 78.16792758899922, 'I_gpe': 1.4568747601544119, 'I_gpi': 1.7629515063395322, 'noise_stn_sigma': 5.015994250450561, 'noise_gpe_sigma': 90.78991369794294, 'noise_gpi_sigma': 59.42394934841414, 'g_stn_gpe_mult': 3.0868428754476813, 'g_gpe_stn_mult': 0.28080041418894564, 'g_stn_gpi_mult': 2.3114475268729096, 'g_gpe_gpi_mult': 0.7297274021566169}. Best is trial 33 with value: 1.2428853877970218.
[I 2026-05-28 01:24:13,407] Trial 117 finished with value: 11.270444245272381 and parameters: {'ISTN': 68.3288912808904, 'I_gpe': 0.805353615089315, 'I_gpi': 1.8078539465432626, 'noise_stn_sigma': 4.946871608442666, 'noise_gpe_sigma': 98.31283465985912, 'noise_gpi_sigma': 81.33653557451275, 'g_stn_gpe_mult': 2.9475109756595197, 'g_gpe_stn_mult': 0.27207127035638956, 'g_stn_gpi_mult': 2.0663827516168936, 'g_gpe_gpi_mult': 0.5633207560127085}. Best is trial 33 with value: 1.2428853877970218.
[I 2026-05-28 01:24:14,411] Trial 118 finished with value: 13.028170013124765 and parameters: {'ISTN': 77.61298094074843, 'I_gpe': 0.9261013668121753, 'I_gpi': 1.1854253155956311, 'noise_stn_sigma': 4.2197104156063325, 'noise_gpe_sigma': 93.65142340790773, 'noise_gpi_sigma': 45.709311357486875, 'g_stn_gpe_mult': 2.7631265266723073, 'g_gpe_stn_mult': 0.3317895321414298, 'g_stn_gpi_mult': 2.0404361556037047, 'g_gpe_gpi_mult': 0.7793437733413109}. Best is trial 33 with value: 1.2428853877970218.
[I 2026-05-28 01:24:15,415] Trial 119 finished with value: 13.997039750175862 and parameters: {'ISTN': 80.734843991226, 'I_gpe': 1.4967289557998615, 'I_gpi': 1.632655684271253, 'noise_stn_sigma': 4.0301099958284325, 'noise_gpe_sigma': 100.04576537190641, 'noise_gpi_sigma': 36.88627327424766, 'g_stn_gpe_mult': 3.0461949650307387, 'g_gpe_stn_mult': 0.33598875101860365, 'g_stn_gpi_mult': 2.488791919755347, 'g_gpe_gpi_mult': 0.831108122282892}. Best is trial 33 with value: 1.2428853877970218.
[I 2026-05-28 01:24:16,419] Trial 120 finished with value: 0.9582351043689952 and parameters: {'ISTN': 71.27286681840398, 'I_gpe': 0.7989548924528332, 'I_gpi': 1.8653520060178983, 'noise_stn_sigma': 5.160364337388575, 'noise_gpe_sigma': 86.69246476018088, 'noise_gpi_sigma': 58.835392062049365, 'g_stn_gpe_mult': 3.4044553451256925, 'g_gpe_stn_mult': 0.29842639247375774, 'g_stn_gpi_mult': 2.187567993056764, 'g_gpe_gpi_mult': 0.7736105445993291}. Best is trial 120 with value: 0.9582351043689952.
[I 2026-05-28 01:24:17,424] Trial 121 finished with value: 11.16750876802518 and parameters: {'ISTN': 81.6222957140091, 'I_gpe': 0.7303557653006008, 'I_gpi': 2.456939377437198, 'noise_stn_sigma': 4.808101593797627, 'noise_gpe_sigma': 108.79264116326992, 'noise_gpi_sigma': 59.901856724490145, 'g_stn_gpe_mult': 3.2733133905771834, 'g_gpe_stn_mult': 0.2782573826043691, 'g_stn_gpi_mult': 1.681351212410371, 'g_gpe_gpi_mult': 0.7811945115050445}. Best is trial 120 with value: 0.9582351043689952.
[I 2026-05-28 01:24:18,427] Trial 122 finished with value: 1.0235566956442526 and parameters: {'ISTN': 65.11996725430157, 'I_gpe': 1.0984458656552722, 'I_gpi': 1.6362059969328868, 'noise_stn_sigma': 4.133612666388434, 'noise_gpe_sigma': 82.28892633827016, 'noise_gpi_sigma': 91.97102994273648, 'g_stn_gpe_mult': 3.134854303107267, 'g_gpe_stn_mult': 0.17660763829266304, 'g_stn_gpi_mult': 2.06813412527407, 'g_gpe_gpi_mult': 0.6587122427060648}. Best is trial 120 with value: 0.9582351043689952.
[I 2026-05-28 01:24:19,432] Trial 123 finished with value: 11.49038478087572 and parameters: {'ISTN': 64.83105149838208, 'I_gpe': 0.7078016813585244, 'I_gpi': 1.5614218737989063, 'noise_stn_sigma': 4.785309080950618, 'noise_gpe_sigma': 93.40829735763955, 'noise_gpi_sigma': 44.606885666366736, 'g_stn_gpe_mult': 3.1972751437052844, 'g_gpe_stn_mult': 0.3619770350036643, 'g_stn_gpi_mult': 2.3803994711657044, 'g_gpe_gpi_mult': 0.779350834335419}. Best is trial 120 with value: 0.9582351043689952.
[I 2026-05-28 01:24:20,437] Trial 124 finished with value: 5.233531001613515 and parameters: {'ISTN': 64.66982919732145, 'I_gpe': 0.8922769319516011, 'I_gpi': 1.7769515204254736, 'noise_stn_sigma': 4.163005597801304, 'noise_gpe_sigma': 80.83458798089067, 'noise_gpi_sigma': 59.25172615623933, 'g_stn_gpe_mult': 3.3715453614657047, 'g_gpe_stn_mult': 0.21107903084632315, 'g_stn_gpi_mult': 2.125116247681827, 'g_gpe_gpi_mult': 0.6907352891494067}. Best is trial 120 with value: 0.9582351043689952.
[I 2026-05-28 01:24:21,440] Trial 125 finished with value: 9.744240133311079 and parameters: {'ISTN': 71.40468195589106, 'I_gpe': 0.9742818499288608, 'I_gpi': 1.3833908793667926, 'noise_stn_sigma': 4.8797425447170495, 'noise_gpe_sigma': 99.54650574265237, 'noise_gpi_sigma': 78.24125387336372, 'g_stn_gpe_mult': 2.4122652662362283, 'g_gpe_stn_mult': 0.18691433629591048, 'g_stn_gpi_mult': 1.7950525731596192, 'g_gpe_gpi_mult': 0.8515936698756719}. Best is trial 120 with value: 0.9582351043689952.
[I 2026-05-28 01:24:22,384] Trial 126 finished with value: 1000000.0 and parameters: {'ISTN': 67.2662142998678, 'I_gpe': 0.9186264284361851, 'I_gpi': 1.889714697117192, 'noise_stn_sigma': 3.7554342643641814, 'noise_gpe_sigma': 91.53882848843513, 'noise_gpi_sigma': 72.32370434361061, 'g_stn_gpe_mult': 2.85605699394784, 'g_gpe_stn_mult': 0.10336170337994108, 'g_stn_gpi_mult': 2.0171396353095092, 'g_gpe_gpi_mult': 0.7022946946517215}. Best is trial 120 with value: 0.9582351043689952.
[I 2026-05-28 01:24:23,388] Trial 127 finished with value: 4.095640317238532 and parameters: {'ISTN': 60.44857302702983, 'I_gpe': 0.6502932837645545, 'I_gpi': 1.420044778852527, 'noise_stn_sigma': 5.653637791174202, 'noise_gpe_sigma': 72.45342692118211, 'noise_gpi_sigma': 58.25320891288866, 'g_stn_gpe_mult': 2.5459124294256066, 'g_gpe_stn_mult': 0.29117436165703653, 'g_stn_gpi_mult': 2.91576064178902, 'g_gpe_gpi_mult': 0.8242918057424253}. Best is trial 120 with value: 0.9582351043689952.
[I 2026-05-28 01:24:24,390] Trial 128 finished with value: 13.472053142131063 and parameters: {'ISTN': 77.81503588734873, 'I_gpe': 1.3420225071467755, 'I_gpi': 2.4191765837958377, 'noise_stn_sigma': 5.374705024685289, 'noise_gpe_sigma': 72.36942341540694, 'noise_gpi_sigma': 62.428020060832466, 'g_stn_gpe_mult': 2.3103636142238226, 'g_gpe_stn_mult': 0.29892801555469833, 'g_stn_gpi_mult': 2.2761151237470396, 'g_gpe_gpi_mult': 0.8696307419089422}. Best is trial 120 with value: 0.9582351043689952.
[I 2026-05-28 01:24:25,390] Trial 129 finished with value: 11.376139235066939 and parameters: {'ISTN': 68.6595214616496, 'I_gpe': 1.0391218625274237, 'I_gpi': 1.6008846754354449, 'noise_stn_sigma': 4.77311908916522, 'noise_gpe_sigma': 103.87451796126838, 'noise_gpi_sigma': 53.196218045093, 'g_stn_gpe_mult': 3.3144128097429535, 'g_gpe_stn_mult': 0.25849730684946626, 'g_stn_gpi_mult': 2.149057915058091, 'g_gpe_gpi_mult': 0.7522911943907322}. Best is trial 120 with value: 0.9582351043689952.
[I 2026-05-28 01:24:26,394] Trial 130 finished with value: 12.536765307279797 and parameters: {'ISTN': 76.93105466207157, 'I_gpe': 0.5108319393490106, 'I_gpi': 1.4147866933976103, 'noise_stn_sigma': 4.598031409642855, 'noise_gpe_sigma': 81.44413191979838, 'noise_gpi_sigma': 70.23181023085695, 'g_stn_gpe_mult': 3.039613534997862, 'g_gpe_stn_mult': 0.2705733798353156, 'g_stn_gpi_mult': 2.580279361152835, 'g_gpe_gpi_mult': 0.9192853377537227}. Best is trial 120 with value: 0.9582351043689952.
[I 2026-05-28 01:24:27,399] Trial 131 finished with value: 6.460650188817462 and parameters: {'ISTN': 63.26931606436775, 'I_gpe': 1.175143640132906, 'I_gpi': 1.7688879595415412, 'noise_stn_sigma': 5.332798626707769, 'noise_gpe_sigma': 81.58548693124882, 'noise_gpi_sigma': 66.09204046419924, 'g_stn_gpe_mult': 2.1062592143285737, 'g_gpe_stn_mult': 0.20822837072464656, 'g_stn_gpi_mult': 2.3678361181915886, 'g_gpe_gpi_mult': 0.7428706471651276}. Best is trial 120 with value: 0.9582351043689952.
