[I 2026-05-28 02:46:48,592] Trial 994 finished with value: 0.0026703616574629144 and parameters: {'ISTN': 60.35233548884323, 'I_gpe': 1.1094010918417836, 'I_gpi': 2.280133454262172, 'noise_stn_sigma': 1.074423083385893, 'noise_gpe_sigma': 145.55745333932924, 'noise_gpi_sigma': 139.82759548969875, 'g_stn_gpe_mult': 2.458200603869037, 'g_gpe_stn_mult': 0.1840897121003125, 'g_stn_gpi_mult': 1.270903190495873, 'g_gpe_gpi_mult': 0.9970338059229866}. Best is trial 850 with value: 0.0019336269705434892.
[I 2026-05-28 02:46:49,603] Trial 995 finished with value: 0.002976237501427074 and parameters: {'ISTN': 60.219379782969696, 'I_gpe': 1.115602499917343, 'I_gpi': 2.2878247392307345, 'noise_stn_sigma': 1.1048812216108215, 'noise_gpe_sigma': 144.83472718700267, 'noise_gpi_sigma': 137.67056728638153, 'g_stn_gpe_mult': 2.4500324554843838, 'g_gpe_stn_mult': 0.1854218274451397, 'g_stn_gpi_mult': 1.2716191107461103, 'g_gpe_gpi_mult': 0.9988874455479038}. Best is trial 850 with value: 0.0019336269705434892.
[I 2026-05-28 02:46:50,612] Trial 996 finished with value: 0.003042428873501494 and parameters: {'ISTN': 60.23136900959659, 'I_gpe': 1.1159411603431024, 'I_gpi': 2.2695843991701925, 'noise_stn_sigma': 1.0335752272250112, 'noise_gpe_sigma': 144.98962494713552, 'noise_gpi_sigma': 138.3272678559, 'g_stn_gpe_mult': 2.4415436405009836, 'g_gpe_stn_mult': 0.18432567181831677, 'g_stn_gpi_mult': 1.2751773532881054, 'g_gpe_gpi_mult': 1.0019445978540347}. Best is trial 850 with value: 0.0019336269705434892.
[I 2026-05-28 02:46:51,618] Trial 997 finished with value: 0.00440702416707015 and parameters: {'ISTN': 60.25189881330443, 'I_gpe': 1.1153829549267105, 'I_gpi': 2.2611873956222763, 'noise_stn_sigma': 1.085038805253765, 'noise_gpe_sigma': 145.45537804582386, 'noise_gpi_sigma': 139.02029905763024, 'g_stn_gpe_mult': 2.4594185474537102, 'g_gpe_stn_mult': 0.1845460323869325, 'g_stn_gpi_mult': 1.2631054300104605, 'g_gpe_gpi_mult': 1.0039847872257832}. Best is trial 850 with value: 0.0019336269705434892.
[I 2026-05-28 02:46:52,626] Trial 998 finished with value: 0.0032717840813419547 and parameters: {'ISTN': 60.0916362465108, 'I_gpe': 1.1236492171867063, 'I_gpi': 2.27970654098357, 'noise_stn_sigma': 1.050125116113342, 'noise_gpe_sigma': 144.12256558010188, 'noise_gpi_sigma': 139.00045272407556, 'g_stn_gpe_mult': 2.440897170599941, 'g_gpe_stn_mult': 0.1859914371828102, 'g_stn_gpi_mult': 1.2771108538065976, 'g_gpe_gpi_mult': 1.0072127540372677}. Best is trial 850 with value: 0.0019336269705434892.
[I 2026-05-28 02:46:53,635] Trial 999 finished with value: 0.0022754993007917737 and parameters: {'ISTN': 60.324173021604324, 'I_gpe': 1.1124469169779414, 'I_gpi': 2.26096363002618, 'noise_stn_sigma': 1.0679717142017868, 'noise_gpe_sigma': 145.80507645163038, 'noise_gpi_sigma': 138.48367999748578, 'g_stn_gpe_mult': 2.446156515288264, 'g_gpe_stn_mult': 0.18422335032265347, 'g_stn_gpi_mult': 1.2753095722165597, 'g_gpe_gpi_mult': 1.0067168837007947}. Best is trial 850 with value: 0.0019336269705434892.
Condition: weights_no_cv
Seed: 42, Trials: 1000
Bounds:
  ISTN: [60.0, 150.0]
  I_gpe: [0.5, 4.0]
  I_gpi: [1.0, 5.0]
  noise_stn_sigma: [1.0, 8.0]
  noise_gpe_sigma: [20.0, 150.0]
  noise_gpi_sigma: [20.0, 150.0]
  g_stn_gpe_mult: [1.5, 5.0]
  g_gpe_stn_mult: [0.1, 0.8]
  g_stn_gpi_mult: [1.0, 4.0]
  g_gpe_gpi_mult: [0.2, 1.2]
Weights: {'rate': 5.0, 'cv': 0.0, 'beta': 15.0}
JAX devices: [CudaDevice(id=0)]

Building simulator...
Warming up JIT...
JIT ready.


============================================================
DONE: weights_no_cv (seed=42)
  Time: 16.8 min
  Best loss: 0.0019
  STN: 28.0 Hz (target 27.5)
  GPe: 42.6 Hz (target 42.5)
  GPi: 82.4 Hz (target 82.5)
  GPe beta: 38.2%
  STN beta: 60.4%
  Synaptic multipliers:
    g_stn_gpe_mult: 2.453
    g_gpe_stn_mult: 0.185
    g_stn_gpi_mult: 1.248
    g_gpe_gpi_mult: 0.997
  Saved: results/sensitivity/weights/no_cv.pkl
