[I 2026-05-28 02:42:28,516] Trial 736 finished with value: 0.011403093442893204 and parameters: {'ISTN': 60.59110174892231, 'I_gpe': 1.0627052741984926, 'I_gpi': 2.2874515602384156, 'noise_stn_sigma': 1.1973668886581668, 'noise_gpe_sigma': 140.77039356968726, 'noise_gpi_sigma': 141.0557669500642, 'g_stn_gpe_mult': 2.592720577782134, 'g_gpe_stn_mult': 0.1879215813056358, 'g_stn_gpi_mult': 1.3046677197594465, 'g_gpe_gpi_mult': 0.9554231006134757}. Best is trial 727 with value: 0.0038396481465295066.
[I 2026-05-28 02:42:29,524] Trial 737 finished with value: 0.006254399480699362 and parameters: {'ISTN': 60.571143763302736, 'I_gpe': 1.0906030260183694, 'I_gpi': 2.2992334245269204, 'noise_stn_sigma': 1.2540571915997831, 'noise_gpe_sigma': 145.77806325057827, 'noise_gpi_sigma': 141.80657326849513, 'g_stn_gpe_mult': 2.548938983331662, 'g_gpe_stn_mult': 0.18384579541675306, 'g_stn_gpi_mult': 1.2722060718764232, 'g_gpe_gpi_mult': 0.9514201574404886}. Best is trial 727 with value: 0.0038396481465295066.
[I 2026-05-28 02:42:30,535] Trial 738 finished with value: 0.006273893438421555 and parameters: {'ISTN': 60.38244253682809, 'I_gpe': 1.1422817326308659, 'I_gpi': 2.2480447896414963, 'noise_stn_sigma': 1.1331280924539864, 'noise_gpe_sigma': 145.80765589730322, 'noise_gpi_sigma': 143.49888952184097, 'g_stn_gpe_mult': 2.4115701413064223, 'g_gpe_stn_mult': 0.1806355943789006, 'g_stn_gpi_mult': 1.290091150370014, 'g_gpe_gpi_mult': 0.953711867525509}. Best is trial 727 with value: 0.0038396481465295066.
[I 2026-05-28 02:42:31,544] Trial 739 finished with value: 0.010827755137708384 and parameters: {'ISTN': 60.36475965915937, 'I_gpe': 1.1314197154628167, 'I_gpi': 2.328029292966729, 'noise_stn_sigma': 1.0748686562703467, 'noise_gpe_sigma': 146.08237082231642, 'noise_gpi_sigma': 142.7137770941574, 'g_stn_gpe_mult': 2.5164290443771664, 'g_gpe_stn_mult': 0.1899988266410649, 'g_stn_gpi_mult': 1.2939730569342027, 'g_gpe_gpi_mult': 0.9428159261092273}. Best is trial 727 with value: 0.0038396481465295066.
[I 2026-05-28 02:42:32,551] Trial 740 finished with value: 0.009711176239503487 and parameters: {'ISTN': 61.0336538125125, 'I_gpe': 1.0371936872785499, 'I_gpi': 2.3520296272418846, 'noise_stn_sigma': 1.021835877116124, 'noise_gpe_sigma': 146.17503167135925, 'noise_gpi_sigma': 144.12859632741169, 'g_stn_gpe_mult': 2.465944886117704, 'g_gpe_stn_mult': 0.17773518050282966, 'g_stn_gpi_mult': 1.2809255267521191, 'g_gpe_gpi_mult': 0.9389776018682885}. Best is trial 727 with value: 0.0038396481465295066.
[I 2026-05-28 02:42:33,563] Trial 741 finished with value: 0.00644257618055073 and parameters: {'ISTN': 60.59649609471714, 'I_gpe': 1.1240362338547873, 'I_gpi': 2.234387424296587, 'noise_stn_sigma': 1.0736156135009758, 'noise_gpe_sigma': 144.49243263026756, 'noise_gpi_sigma': 139.19874759862842, 'g_stn_gpe_mult': 2.454173916074807, 'g_gpe_stn_mult': 0.18445141824085226, 'g_stn_gpi_mult': 1.2887805469048845, 'g_gpe_gpi_mult': 0.9512746930221543}. Best is trial 727 with value: 0.0038396481465295066.
[I 2026-05-28 02:42:34,572] Trial 742 finished with value: 0.011961016660036449 and parameters: {'ISTN': 60.7280096658481, 'I_gpe': 1.119477615991862, 'I_gpi': 2.3699664713140898, 'noise_stn_sigma': 1.0337441721280236, 'noise_gpe_sigma': 143.13270974578865, 'noise_gpi_sigma': 141.3862066032915, 'g_stn_gpe_mult': 2.5605118927975656, 'g_gpe_stn_mult': 0.18622568136482426, 'g_stn_gpi_mult': 1.2593486658604562, 'g_gpe_gpi_mult': 0.9339951826444377}. Best is trial 727 with value: 0.0038396481465295066.
[I 2026-05-28 02:42:35,578] Trial 743 finished with value: 0.003707090761289532 and parameters: {'ISTN': 60.07688817707969, 'I_gpe': 1.0600460515692913, 'I_gpi': 2.294768029791639, 'noise_stn_sigma': 1.0836193614449157, 'noise_gpe_sigma': 145.2212785477646, 'noise_gpi_sigma': 140.45263431814385, 'g_stn_gpe_mult': 2.531432011294144, 'g_gpe_stn_mult': 0.19076400681969702, 'g_stn_gpi_mult': 1.2298399530048065, 'g_gpe_gpi_mult': 0.9803378659083832}. Best is trial 743 with value: 0.003707090761289532.
[I 2026-05-28 02:42:36,587] Trial 744 finished with value: 0.03297128838877456 and parameters: {'ISTN': 61.35062956713797, 'I_gpe': 1.1166608884705003, 'I_gpi': 2.3152299987603353, 'noise_stn_sigma': 1.0091005777969018, 'noise_gpe_sigma': 146.49778641175044, 'noise_gpi_sigma': 144.15089820809453, 'g_stn_gpe_mult': 2.5368896506199343, 'g_gpe_stn_mult': 0.1846895891360081, 'g_stn_gpi_mult': 1.254578221082068, 'g_gpe_gpi_mult': 0.9380591868364037}. Best is trial 743 with value: 0.003707090761289532.
[I 2026-05-28 02:42:37,597] Trial 745 finished with value: 0.005143950705017652 and parameters: {'ISTN': 60.313503202697085, 'I_gpe': 1.1214337546521833, 'I_gpi': 2.262720898803117, 'noise_stn_sigma': 1.0741041656250074, 'noise_gpe_sigma': 145.16708900405328, 'noise_gpi_sigma': 141.8997382098975, 'g_stn_gpe_mult': 2.4537602372165717, 'g_gpe_stn_mult': 0.18717126545903812, 'g_stn_gpi_mult': 1.286721806131444, 'g_gpe_gpi_mult': 0.9701128736604496}. Best is trial 743 with value: 0.003707090761289532.
[I 2026-05-28 02:42:38,607] Trial 746 finished with value: 0.015123439151068604 and parameters: {'ISTN': 60.596780199210734, 'I_gpe': 1.1422923293181126, 'I_gpi': 2.3157552982563114, 'noise_stn_sigma': 1.1687390284925385, 'noise_gpe_sigma': 144.6783432067081, 'noise_gpi_sigma': 140.06652899431336, 'g_stn_gpe_mult': 2.554784069171413, 'g_gpe_stn_mult': 0.1876923852479307, 'g_stn_gpi_mult': 1.2984475499488246, 'g_gpe_gpi_mult': 0.9595346808367029}. Best is trial 743 with value: 0.003707090761289532.
[I 2026-05-28 02:42:39,615] Trial 747 finished with value: 0.02173805227727409 and parameters: {'ISTN': 60.25269559645664, 'I_gpe': 1.1048880605601017, 'I_gpi': 2.322333240079946, 'noise_stn_sigma': 1.0580074763632303, 'noise_gpe_sigma': 145.6396824422959, 'noise_gpi_sigma': 141.55313917689972, 'g_stn_gpe_mult': 2.5441767346700095, 'g_gpe_stn_mult': 0.18320394451462374, 'g_stn_gpi_mult': 1.2705878598841738, 'g_gpe_gpi_mult': 0.955855789476636}. Best is trial 743 with value: 0.003707090761289532.
[I 2026-05-28 02:42:40,624] Trial 748 finished with value: 0.005270004700748529 and parameters: {'ISTN': 60.07343093807699, 'I_gpe': 1.09313006474395, 'I_gpi': 2.2638830463073343, 'noise_stn_sigma': 1.1026677927267576, 'noise_gpe_sigma': 145.3701471454214, 'noise_gpi_sigma': 142.9155027753064, 'g_stn_gpe_mult': 2.457531485197708, 'g_gpe_stn_mult': 0.18768217837503415, 'g_stn_gpi_mult': 1.229731280562972, 'g_gpe_gpi_mult': 0.9660812270953965}. Best is trial 743 with value: 0.003707090761289532.
[I 2026-05-28 02:42:41,635] Trial 749 finished with value: 0.009613771945883476 and parameters: {'ISTN': 60.70601996808549, 'I_gpe': 1.1082566905932947, 'I_gpi': 2.276709267356809, 'noise_stn_sigma': 1.065893777590197, 'noise_gpe_sigma': 146.55127474649038, 'noise_gpi_sigma': 139.43987709208696, 'g_stn_gpe_mult': 2.4766594866317115, 'g_gpe_stn_mult': 0.18648091852748266, 'g_stn_gpi_mult': 1.3174731243742515, 'g_gpe_gpi_mult': 0.9554019251041197}. Best is trial 743 with value: 0.003707090761289532.
[I 2026-05-28 02:42:42,644] Trial 750 finished with value: 0.009127767921771402 and parameters: {'ISTN': 60.5473224175844, 'I_gpe': 1.132614305268465, 'I_gpi': 2.2938586100931113, 'noise_stn_sigma': 1.1310852668284828, 'noise_gpe_sigma': 144.56132828804186, 'noise_gpi_sigma': 139.07194850496404, 'g_stn_gpe_mult': 2.495397993672285, 'g_gpe_stn_mult': 0.18575817222045468, 'g_stn_gpi_mult': 1.2709591878482198, 'g_gpe_gpi_mult': 0.9716171676555863}. Best is trial 743 with value: 0.003707090761289532.
[I 2026-05-28 02:42:43,654] Trial 751 finished with value: 0.003723254469144214 and parameters: {'ISTN': 60.30832081250409, 'I_gpe': 1.087588050410321, 'I_gpi': 2.2593731721128547, 'noise_stn_sigma': 1.0732596927250373, 'noise_gpe_sigma': 145.8451302387926, 'noise_gpi_sigma': 144.02572376658185, 'g_stn_gpe_mult': 2.4902405145888755, 'g_gpe_stn_mult': 0.18589783059386333, 'g_stn_gpi_mult': 1.2659768454278162, 'g_gpe_gpi_mult': 0.9562802592342168}. Best is trial 743 with value: 0.003707090761289532.
[I 2026-05-28 02:42:44,663] Trial 752 finished with value: 0.010548538757485421 and parameters: {'ISTN': 60.20616471214896, 'I_gpe': 1.1373059528293217, 'I_gpi': 2.22005879363671, 'noise_stn_sigma': 1.0946096720452043, 'noise_gpe_sigma': 148.61275604809063, 'noise_gpi_sigma': 140.90994612755634, 'g_stn_gpe_mult': 2.4978097103946544, 'g_gpe_stn_mult': 0.1887666298688675, 'g_stn_gpi_mult': 1.2180531729012913, 'g_gpe_gpi_mult': 0.9698112130391878}. Best is trial 743 with value: 0.003707090761289532.
[I 2026-05-28 02:42:45,669] Trial 753 finished with value: 0.004683940798919653 and parameters: {'ISTN': 60.19464046993604, 'I_gpe': 1.071019963610103, 'I_gpi': 2.253591491514089, 'noise_stn_sigma': 1.0328709906993674, 'noise_gpe_sigma': 144.2325568960809, 'noise_gpi_sigma': 142.29527954072063, 'g_stn_gpe_mult': 2.577719262651636, 'g_gpe_stn_mult': 0.1876603841268416, 'g_stn_gpi_mult': 1.2112006808964713, 'g_gpe_gpi_mult': 0.9719244757822356}. Best is trial 743 with value: 0.003707090761289532.
[I 2026-05-28 02:42:46,676] Trial 754 finished with value: 0.0055513241146807665 and parameters: {'ISTN': 60.231643863704164, 'I_gpe': 1.0910104490054273, 'I_gpi': 2.2190206083799273, 'noise_stn_sigma': 1.044179702965669, 'noise_gpe_sigma': 147.12546003812548, 'noise_gpi_sigma': 141.58765943060436, 'g_stn_gpe_mult': 2.554269793120582, 'g_gpe_stn_mult': 0.19073184905152502, 'g_stn_gpi_mult': 1.2239502081947873, 'g_gpe_gpi_mult': 0.9691401116198233}. Best is trial 743 with value: 0.003707090761289532.
[I 2026-05-28 02:42:47,684] Trial 755 finished with value: 0.004986065726013517 and parameters: {'ISTN': 60.24545440122473, 'I_gpe': 1.0768557305967614, 'I_gpi': 2.311564959741941, 'noise_stn_sigma': 1.2191243871050972, 'noise_gpe_sigma': 147.1512523617514, 'noise_gpi_sigma': 142.52883073557712, 'g_stn_gpe_mult': 2.494937199120307, 'g_gpe_stn_mult': 0.18703951170710642, 'g_stn_gpi_mult': 1.2247264417613222, 'g_gpe_gpi_mult': 0.9672917962454659}. Best is trial 743 with value: 0.003707090761289532.
[I 2026-05-28 02:42:48,693] Trial 756 finished with value: 0.006363382128567856 and parameters: {'ISTN': 60.3630353566148, 'I_gpe': 1.0497075682096884, 'I_gpi': 2.2531580488304135, 'noise_stn_sigma': 1.1361401886013398, 'noise_gpe_sigma': 143.8785387790047, 'noise_gpi_sigma': 140.7839399845782, 'g_stn_gpe_mult': 2.517755724568243, 'g_gpe_stn_mult': 0.18385779220477197, 'g_stn_gpi_mult': 1.2320084994334743, 'g_gpe_gpi_mult': 0.9555658131721902}. Best is trial 743 with value: 0.003707090761289532.
[I 2026-05-28 02:42:49,704] Trial 757 finished with value: 0.007850965704765475 and parameters: {'ISTN': 60.40308575017421, 'I_gpe': 1.095995700675024, 'I_gpi': 2.2452125978597044, 'noise_stn_sigma': 1.0968054137607735, 'noise_gpe_sigma': 145.58838882014913, 'noise_gpi_sigma': 141.37386356234822, 'g_stn_gpe_mult': 2.526338016951632, 'g_gpe_stn_mult': 0.1903143674218709, 'g_stn_gpi_mult': 1.3106922436872201, 'g_gpe_gpi_mult': 0.9747726643993004}. Best is trial 743 with value: 0.003707090761289532.
[I 2026-05-28 02:42:50,714] Trial 758 finished with value: 0.005376763968072892 and parameters: {'ISTN': 60.521272843376344, 'I_gpe': 1.0814054204553503, 'I_gpi': 2.2310884977494947, 'noise_stn_sigma': 1.0984957652387028, 'noise_gpe_sigma': 143.80837978192375, 'noise_gpi_sigma': 143.52936978388982, 'g_stn_gpe_mult': 2.4718528909713964, 'g_gpe_stn_mult': 0.18079873430291565, 'g_stn_gpi_mult': 1.2260352337086222, 'g_gpe_gpi_mult': 0.9598080736558339}. Best is trial 743 with value: 0.003707090761289532.
[I 2026-05-28 02:42:51,661] Trial 759 finished with value: 1000000.0 and parameters: {'ISTN': 61.06588255703297, 'I_gpe': 1.0683474469669327, 'I_gpi': 2.34123755164861, 'noise_stn_sigma': 1.0784921784254382, 'noise_gpe_sigma': 147.379511046758, 'noise_gpi_sigma': 140.55715577172742, 'g_stn_gpe_mult': 2.500219848128917, 'g_gpe_stn_mult': 0.17748639435132968, 'g_stn_gpi_mult': 1.2379333892467814, 'g_gpe_gpi_mult': 0.9785079304671349}. Best is trial 743 with value: 0.003707090761289532.
[I 2026-05-28 02:42:52,669] Trial 760 finished with value: 0.009700784180563816 and parameters: {'ISTN': 60.194743639221564, 'I_gpe': 1.0775729812648358, 'I_gpi': 2.268760107540672, 'noise_stn_sigma': 1.00128274400808, 'noise_gpe_sigma': 144.41392059546342, 'noise_gpi_sigma': 138.41639066625297, 'g_stn_gpe_mult': 2.5139715528217472, 'g_gpe_stn_mult': 0.19727278483004934, 'g_stn_gpi_mult': 1.257288668125952, 'g_gpe_gpi_mult': 0.9781385388731514}. Best is trial 743 with value: 0.003707090761289532.
[I 2026-05-28 02:42:53,679] Trial 761 finished with value: 0.004985676411206633 and parameters: {'ISTN': 61.021208034805696, 'I_gpe': 1.1000399221466508, 'I_gpi': 2.283615748080768, 'noise_stn_sigma': 1.006040577731827, 'noise_gpe_sigma': 142.3532679539974, 'noise_gpi_sigma': 145.31061630165652, 'g_stn_gpe_mult': 2.5229366350266353, 'g_gpe_stn_mult': 0.1741865442025603, 'g_stn_gpi_mult': 1.2372847855568117, 'g_gpe_gpi_mult': 0.932098696213854}. Best is trial 743 with value: 0.003707090761289532.
[I 2026-05-28 02:42:54,691] Trial 762 finished with value: 0.008617207739998226 and parameters: {'ISTN': 61.02012012887741, 'I_gpe': 1.1217794149550209, 'I_gpi': 2.2632391790393775, 'noise_stn_sigma': 1.020835622394844, 'noise_gpe_sigma': 146.2701663451611, 'noise_gpi_sigma': 140.82934171184363, 'g_stn_gpe_mult': 2.504553407941342, 'g_gpe_stn_mult': 0.17667005233977975, 'g_stn_gpi_mult': 1.3153054532475086, 'g_gpe_gpi_mult': 0.9549028979315617}. Best is trial 743 with value: 0.003707090761289532.
[I 2026-05-28 02:42:55,702] Trial 763 finished with value: 0.008940349876270454 and parameters: {'ISTN': 60.756110437729134, 'I_gpe': 1.08044747582036, 'I_gpi': 2.2166935201076834, 'noise_stn_sigma': 1.2266252752570976, 'noise_gpe_sigma': 147.47206851012936, 'noise_gpi_sigma': 143.7703545046078, 'g_stn_gpe_mult': 2.4877911825354047, 'g_gpe_stn_mult': 0.17431581052919765, 'g_stn_gpi_mult': 1.2845303166180202, 'g_gpe_gpi_mult': 0.9249967070042779}. Best is trial 743 with value: 0.003707090761289532.
[I 2026-05-28 02:42:56,710] Trial 764 finished with value: 0.009584078410630737 and parameters: {'ISTN': 60.72639424002224, 'I_gpe': 1.0673188430769551, 'I_gpi': 2.2270271889962405, 'noise_stn_sigma': 1.2192289742360796, 'noise_gpe_sigma': 144.95509924542662, 'noise_gpi_sigma': 144.4796527474026, 'g_stn_gpe_mult': 2.5473655380468303, 'g_gpe_stn_mult': 0.18334695340755344, 'g_stn_gpi_mult': 1.2124120185752365, 'g_gpe_gpi_mult': 0.9535110958198987}. Best is trial 743 with value: 0.003707090761289532.
[I 2026-05-28 02:42:57,720] Trial 765 finished with value: 0.13552968369941043 and parameters: {'ISTN': 60.28857365105468, 'I_gpe': 1.0793547134243338, 'I_gpi': 2.298556582565348, 'noise_stn_sigma': 1.0451717185203233, 'noise_gpe_sigma': 140.64153933819904, 'noise_gpi_sigma': 141.42221818750352, 'g_stn_gpe_mult': 2.5263058756382097, 'g_gpe_stn_mult': 0.188276218378417, 'g_stn_gpi_mult': 1.2219912094586205, 'g_gpe_gpi_mult': 0.9550140760737678}. Best is trial 743 with value: 0.003707090761289532.
[I 2026-05-28 02:42:58,667] Trial 766 finished with value: 1000000.0 and parameters: {'ISTN': 60.1081225247838, 'I_gpe': 1.0903970579265012, 'I_gpi': 2.2684224777954896, 'noise_stn_sigma': 1.093687877980976, 'noise_gpe_sigma': 144.43752872682728, 'noise_gpi_sigma': 143.40154650444805, 'g_stn_gpe_mult': 2.573936874089091, 'g_gpe_stn_mult': 0.18898168535272794, 'g_stn_gpi_mult': 1.249400544201108, 'g_gpe_gpi_mult': 0.9613378732675706}. Best is trial 743 with value: 0.003707090761289532.
[I 2026-05-28 02:42:59,677] Trial 767 finished with value: 0.006236370726057719 and parameters: {'ISTN': 60.25305501282817, 'I_gpe': 1.092403163133027, 'I_gpi': 2.2223449781368934, 'noise_stn_sigma': 1.0393929414337286, 'noise_gpe_sigma': 145.13859759286697, 'noise_gpi_sigma': 144.27624241680957, 'g_stn_gpe_mult': 2.4475702281096208, 'g_gpe_stn_mult': 0.19000337901992334, 'g_stn_gpi_mult': 1.3044758250232578, 'g_gpe_gpi_mult': 0.9526587723573805}. Best is trial 743 with value: 0.003707090761289532.
[I 2026-05-28 02:43:00,688] Trial 768 finished with value: 0.005826328234665819 and parameters: {'ISTN': 60.31647981835437, 'I_gpe': 1.0932164685941181, 'I_gpi': 2.2209795807862953, 'noise_stn_sigma': 1.1643040554986521, 'noise_gpe_sigma': 144.0483857264718, 'noise_gpi_sigma': 143.28864911193995, 'g_stn_gpe_mult': 2.5035144897010086, 'g_gpe_stn_mult': 0.18634507219116742, 'g_stn_gpi_mult': 1.2858680792552293, 'g_gpe_gpi_mult': 0.9449079427571765}. Best is trial 743 with value: 0.003707090761289532.
[I 2026-05-28 02:43:01,697] Trial 769 finished with value: 0.0035901102756729047 and parameters: {'ISTN': 60.14924679670259, 'I_gpe': 1.1038118095656446, 'I_gpi': 2.284565312646706, 'noise_stn_sigma': 1.1383710304381789, 'noise_gpe_sigma': 146.27729568964872, 'noise_gpi_sigma': 139.89691890094673, 'g_stn_gpe_mult': 2.504370021386701, 'g_gpe_stn_mult': 0.1914740397414032, 'g_stn_gpi_mult': 1.2579183155742188, 'g_gpe_gpi_mult': 0.9733923822018633}. Best is trial 769 with value: 0.0035901102756729047.
[I 2026-05-28 02:43:02,707] Trial 770 finished with value: 0.008130308909852517 and parameters: {'ISTN': 60.866665250509094, 'I_gpe': 1.0553330555787233, 'I_gpi': 2.2683469808688352, 'noise_stn_sigma': 1.0101624572501284, 'noise_gpe_sigma': 148.71426158363988, 'noise_gpi_sigma': 141.47892271804915, 'g_stn_gpe_mult': 2.551345880982092, 'g_gpe_stn_mult': 0.18039844626400914, 'g_stn_gpi_mult': 1.2309651197579599, 'g_gpe_gpi_mult': 0.970922345312158}. Best is trial 769 with value: 0.0035901102756729047.
[I 2026-05-28 02:43:03,718] Trial 771 finished with value: 0.0076635009741399494 and parameters: {'ISTN': 60.728173400474496, 'I_gpe': 1.1023410470604045, 'I_gpi': 2.2801663542583293, 'noise_stn_sigma': 1.0491946231192621, 'noise_gpe_sigma': 144.69079671145226, 'noise_gpi_sigma': 143.07310352459228, 'g_stn_gpe_mult': 2.5274115083681292, 'g_gpe_stn_mult': 0.18512418381009593, 'g_stn_gpi_mult': 1.2321065999498655, 'g_gpe_gpi_mult': 0.9649272431065243}. Best is trial 769 with value: 0.0035901102756729047.
[I 2026-05-28 02:43:04,727] Trial 772 finished with value: 0.005004682319097564 and parameters: {'ISTN': 60.50763781547762, 'I_gpe': 1.0986688200011416, 'I_gpi': 2.271717620014887, 'noise_stn_sigma': 1.0681458431529043, 'noise_gpe_sigma': 143.3897755056134, 'noise_gpi_sigma': 142.259942869493, 'g_stn_gpe_mult': 2.472957289202288, 'g_gpe_stn_mult': 0.185869834786677, 'g_stn_gpi_mult': 1.3057846594236868, 'g_gpe_gpi_mult': 0.9543429918192083}. Best is trial 769 with value: 0.0035901102756729047.
[I 2026-05-28 02:43:05,735] Trial 773 finished with value: 0.005535757068875592 and parameters: {'ISTN': 60.22124100517929, 'I_gpe': 1.110397360364472, 'I_gpi': 2.230794103442636, 'noise_stn_sigma': 1.1376915228668785, 'noise_gpe_sigma': 143.86400689390422, 'noise_gpi_sigma': 140.41844497398642, 'g_stn_gpe_mult': 2.499641780330295, 'g_gpe_stn_mult': 0.1880127233688378, 'g_stn_gpi_mult': 1.248929266918132, 'g_gpe_gpi_mult': 0.9706734468969633}. Best is trial 769 with value: 0.0035901102756729047.
[I 2026-05-28 02:43:06,743] Trial 774 finished with value: 0.005811364503978815 and parameters: {'ISTN': 60.70052544277817, 'I_gpe': 1.070387866048661, 'I_gpi': 2.3035755617737457, 'noise_stn_sigma': 1.0701217912521643, 'noise_gpe_sigma': 145.7627841514947, 'noise_gpi_sigma': 140.2471943844278, 'g_stn_gpe_mult': 2.496899629245185, 'g_gpe_stn_mult': 0.18422279516621737, 'g_stn_gpi_mult': 1.2368807914353561, 'g_gpe_gpi_mult': 0.94844514798175}. Best is trial 769 with value: 0.0035901102756729047.
[I 2026-05-28 02:43:07,752] Trial 775 finished with value: 0.005476136883426506 and parameters: {'ISTN': 60.45467980443704, 'I_gpe': 1.1358311707420543, 'I_gpi': 2.261748161006075, 'noise_stn_sigma': 1.0924619402846552, 'noise_gpe_sigma': 143.3538482286248, 'noise_gpi_sigma': 141.26707387729817, 'g_stn_gpe_mult': 2.5010770629057757, 'g_gpe_stn_mult': 0.18181344020551332, 'g_stn_gpi_mult': 1.2871388893676483, 'g_gpe_gpi_mult': 0.9456670432753114}. Best is trial 769 with value: 0.0035901102756729047.
[I 2026-05-28 02:43:08,761] Trial 776 finished with value: 0.0043251981145550076 and parameters: {'ISTN': 60.25135877675157, 'I_gpe': 1.1093234130104144, 'I_gpi': 2.2692719420225647, 'noise_stn_sigma': 1.11911240026667, 'noise_gpe_sigma': 146.28995797232778, 'noise_gpi_sigma': 140.6506016515076, 'g_stn_gpe_mult': 2.460659293086488, 'g_gpe_stn_mult': 0.18864478127337375, 'g_stn_gpi_mult': 1.2688233287033728, 'g_gpe_gpi_mult': 0.9613851155567903}. Best is trial 769 with value: 0.0035901102756729047.
[I 2026-05-28 02:43:09,771] Trial 777 finished with value: 0.012671809704499163 and parameters: {'ISTN': 60.23290821814929, 'I_gpe': 1.0902931355122445, 'I_gpi': 2.296976348551315, 'noise_stn_sigma': 1.1310099262707904, 'noise_gpe_sigma': 147.33397626541947, 'noise_gpi_sigma': 138.55485597057574, 'g_stn_gpe_mult': 2.5145369812815557, 'g_gpe_stn_mult': 0.19666823095709168, 'g_stn_gpi_mult': 1.2360727979906012, 'g_gpe_gpi_mult': 0.9794529698070007}. Best is trial 769 with value: 0.0035901102756729047.
[I 2026-05-28 02:43:10,780] Trial 778 finished with value: 0.006398956539564414 and parameters: {'ISTN': 60.70718153634422, 'I_gpe': 1.0978271371905204, 'I_gpi': 2.303699443459124, 'noise_stn_sigma': 1.061749215655075, 'noise_gpe_sigma': 146.40924754259134, 'noise_gpi_sigma': 143.84741467757422, 'g_stn_gpe_mult': 2.4837517688163087, 'g_gpe_stn_mult': 0.1833350272735761, 'g_stn_gpi_mult': 1.2708243524990437, 'g_gpe_gpi_mult': 0.9444697314497863}. Best is trial 769 with value: 0.0035901102756729047.
