[I 2026-05-28 02:02:05,254] Trial 352 finished with value: 28.340771074262257 and parameters: {'ISTN': 71.46085936319345, 'I_gpe': 0.7723752825942152, 'I_gpi': 3.1589294860146926, 'noise_stn_sigma': 5.748526503113393, 'noise_gpe_sigma': 88.81635498538685, 'noise_gpi_sigma': 92.57872239109773, 'g_stn_gpe_mult': 1.85071122373402, 'g_gpe_stn_mult': 0.23425598551312787, 'g_stn_gpi_mult': 3.036620363560752, 'g_gpe_gpi_mult': 0.8697093231867796}. Best is trial 98 with value: 0.5979484317983877.
[I 2026-05-28 02:02:06,259] Trial 353 finished with value: 13.061149890855376 and parameters: {'ISTN': 68.58020226320724, 'I_gpe': 0.8210173775722458, 'I_gpi': 3.333179258334401, 'noise_stn_sigma': 5.363750729043518, 'noise_gpe_sigma': 96.65925381048703, 'noise_gpi_sigma': 86.91582735282394, 'g_stn_gpe_mult': 1.9158200358271325, 'g_gpe_stn_mult': 0.24927244617508199, 'g_stn_gpi_mult': 3.1150115411865316, 'g_gpe_gpi_mult': 0.9017814968726181}. Best is trial 98 with value: 0.5979484317983877.
[I 2026-05-28 02:02:07,267] Trial 354 finished with value: 24.17429244828567 and parameters: {'ISTN': 71.80454201265974, 'I_gpe': 0.7088792500876264, 'I_gpi': 2.8519981061070503, 'noise_stn_sigma': 6.199942004820609, 'noise_gpe_sigma': 91.94841859372602, 'noise_gpi_sigma': 91.13806536637286, 'g_stn_gpe_mult': 2.0344956933568774, 'g_gpe_stn_mult': 0.24193392929045804, 'g_stn_gpi_mult': 3.0838898346315715, 'g_gpe_gpi_mult': 0.8719720380197276}. Best is trial 98 with value: 0.5979484317983877.
[I 2026-05-28 02:02:08,273] Trial 355 finished with value: 12.678264656570562 and parameters: {'ISTN': 66.89809513454863, 'I_gpe': 0.7745653081249964, 'I_gpi': 3.220159622040774, 'noise_stn_sigma': 5.323329326371718, 'noise_gpe_sigma': 92.79793877840372, 'noise_gpi_sigma': 89.80661559896444, 'g_stn_gpe_mult': 2.1644222231584127, 'g_gpe_stn_mult': 0.2615951799739875, 'g_stn_gpi_mult': 3.094459943709426, 'g_gpe_gpi_mult': 0.9067871975138315}. Best is trial 98 with value: 0.5979484317983877.
[I 2026-05-28 02:02:09,280] Trial 356 finished with value: 4.802327599020056 and parameters: {'ISTN': 66.16587153544323, 'I_gpe': 0.8809726164001368, 'I_gpi': 3.1227627847691033, 'noise_stn_sigma': 5.7101387653227, 'noise_gpe_sigma': 86.88423873528674, 'noise_gpi_sigma': 90.01556053115337, 'g_stn_gpe_mult': 1.7473533671079133, 'g_gpe_stn_mult': 0.2800915473397617, 'g_stn_gpi_mult': 3.238525157481549, 'g_gpe_gpi_mult': 0.9106216493731774}. Best is trial 98 with value: 0.5979484317983877.
[I 2026-05-28 02:02:10,287] Trial 357 finished with value: 36.02575004163723 and parameters: {'ISTN': 64.9042233241612, 'I_gpe': 1.047429923660507, 'I_gpi': 3.4205444541909866, 'noise_stn_sigma': 5.239607888559977, 'noise_gpe_sigma': 97.88061708658209, 'noise_gpi_sigma': 86.47652427278842, 'g_stn_gpe_mult': 1.998427657531182, 'g_gpe_stn_mult': 0.3146845793231478, 'g_stn_gpi_mult': 3.0875343656880094, 'g_gpe_gpi_mult': 0.8965813236557705}. Best is trial 98 with value: 0.5979484317983877.
[I 2026-05-28 02:02:11,293] Trial 358 finished with value: 7.159780120597514 and parameters: {'ISTN': 60.430760422902246, 'I_gpe': 1.0404622491082303, 'I_gpi': 3.121665951840979, 'noise_stn_sigma': 5.3965547317006095, 'noise_gpe_sigma': 88.83054888470309, 'noise_gpi_sigma': 92.79910539949519, 'g_stn_gpe_mult': 2.0308982239450986, 'g_gpe_stn_mult': 0.2351934244477702, 'g_stn_gpi_mult': 3.011454279010284, 'g_gpe_gpi_mult': 0.8485481967890647}. Best is trial 98 with value: 0.5979484317983877.
[I 2026-05-28 02:02:12,296] Trial 359 finished with value: 24.143281704716593 and parameters: {'ISTN': 74.5503245975469, 'I_gpe': 0.672641453074162, 'I_gpi': 3.36123423352375, 'noise_stn_sigma': 4.945253818231034, 'noise_gpe_sigma': 81.49368358312557, 'noise_gpi_sigma': 90.99743771257059, 'g_stn_gpe_mult': 1.6687500332323735, 'g_gpe_stn_mult': 0.2658498196697596, 'g_stn_gpi_mult': 3.1873519105958623, 'g_gpe_gpi_mult': 0.8414005914649167}. Best is trial 98 with value: 0.5979484317983877.
[I 2026-05-28 02:02:13,302] Trial 360 finished with value: 15.988593214486828 and parameters: {'ISTN': 77.72355396366106, 'I_gpe': 0.8190952474471223, 'I_gpi': 3.1823442234486463, 'noise_stn_sigma': 5.329278439588223, 'noise_gpe_sigma': 84.78897601289081, 'noise_gpi_sigma': 88.55852077082211, 'g_stn_gpe_mult': 1.6970542531832575, 'g_gpe_stn_mult': 0.300670166826374, 'g_stn_gpi_mult': 3.1820669228622718, 'g_gpe_gpi_mult': 0.8745651914279287}. Best is trial 98 with value: 0.5979484317983877.
[I 2026-05-28 02:02:14,307] Trial 361 finished with value: 37.78619939896695 and parameters: {'ISTN': 65.53659586845079, 'I_gpe': 1.0943246445880535, 'I_gpi': 3.108793367627516, 'noise_stn_sigma': 5.498752776127123, 'noise_gpe_sigma': 82.2273435176377, 'noise_gpi_sigma': 84.66063612365106, 'g_stn_gpe_mult': 1.8312624084565787, 'g_gpe_stn_mult': 0.3079677756195812, 'g_stn_gpi_mult': 3.22445358835908, 'g_gpe_gpi_mult': 0.9191176838589996}. Best is trial 98 with value: 0.5979484317983877.
[I 2026-05-28 02:02:15,316] Trial 362 finished with value: 21.00256006186445 and parameters: {'ISTN': 62.335523775230264, 'I_gpe': 0.9010411468579691, 'I_gpi': 3.1803482269378507, 'noise_stn_sigma': 5.843774718246482, 'noise_gpe_sigma': 78.4798039562944, 'noise_gpi_sigma': 89.24523734208118, 'g_stn_gpe_mult': 1.9177341301220527, 'g_gpe_stn_mult': 0.23777230165923913, 'g_stn_gpi_mult': 3.5322312387711574, 'g_gpe_gpi_mult': 0.8905129389145297}. Best is trial 98 with value: 0.5979484317983877.
[I 2026-05-28 02:02:16,323] Trial 363 finished with value: 30.37310114376859 and parameters: {'ISTN': 61.394108761066676, 'I_gpe': 0.6555604376203898, 'I_gpi': 3.095319207585544, 'noise_stn_sigma': 5.635690273262829, 'noise_gpe_sigma': 94.09918800480325, 'noise_gpi_sigma': 98.3335349433155, 'g_stn_gpe_mult': 2.175180719998929, 'g_gpe_stn_mult': 0.29927025712928995, 'g_stn_gpi_mult': 3.01974389739728, 'g_gpe_gpi_mult': 0.9245675035144103}. Best is trial 98 with value: 0.5979484317983877.
[I 2026-05-28 02:02:17,329] Trial 364 finished with value: 10.899821637140313 and parameters: {'ISTN': 67.59061662699779, 'I_gpe': 0.9648179119234359, 'I_gpi': 3.0584088020884153, 'noise_stn_sigma': 6.061403941119486, 'noise_gpe_sigma': 86.43247279294057, 'noise_gpi_sigma': 89.21500476835504, 'g_stn_gpe_mult': 1.782366277011483, 'g_gpe_stn_mult': 0.23980264107840188, 'g_stn_gpi_mult': 3.1441264189059437, 'g_gpe_gpi_mult': 0.9003040710222461}. Best is trial 98 with value: 0.5979484317983877.
[I 2026-05-28 02:02:18,334] Trial 365 finished with value: 5.979371098020517 and parameters: {'ISTN': 67.26794752368451, 'I_gpe': 0.8102484598503239, 'I_gpi': 3.3463080765800925, 'noise_stn_sigma': 5.351355130974219, 'noise_gpe_sigma': 92.17587750784729, 'noise_gpi_sigma': 91.44459037207696, 'g_stn_gpe_mult': 2.093605961882285, 'g_gpe_stn_mult': 0.2507930314054938, 'g_stn_gpi_mult': 3.0578928036277664, 'g_gpe_gpi_mult': 0.8912146602678828}. Best is trial 98 with value: 0.5979484317983877.
[I 2026-05-28 02:02:19,341] Trial 366 finished with value: 6.13885726220991 and parameters: {'ISTN': 63.42217970059262, 'I_gpe': 1.0107077885522306, 'I_gpi': 3.1192904783499253, 'noise_stn_sigma': 5.864572794675307, 'noise_gpe_sigma': 92.05345931435866, 'noise_gpi_sigma': 87.22793807595546, 'g_stn_gpe_mult': 2.1096841319351967, 'g_gpe_stn_mult': 0.26756466618341723, 'g_stn_gpi_mult': 2.8749968695914316, 'g_gpe_gpi_mult': 0.8776009844303958}. Best is trial 98 with value: 0.5979484317983877.
[I 2026-05-28 02:02:20,346] Trial 367 finished with value: 25.467414181450152 and parameters: {'ISTN': 64.58542116334502, 'I_gpe': 1.0569458030254153, 'I_gpi': 3.256493616947055, 'noise_stn_sigma': 5.632171949993086, 'noise_gpe_sigma': 88.8014491741062, 'noise_gpi_sigma': 95.06767952924642, 'g_stn_gpe_mult': 1.8707087019062973, 'g_gpe_stn_mult': 0.240204273664088, 'g_stn_gpi_mult': 3.18816787564589, 'g_gpe_gpi_mult': 0.8825662813525053}. Best is trial 98 with value: 0.5979484317983877.
[I 2026-05-28 02:02:21,354] Trial 368 finished with value: 10.18826595095047 and parameters: {'ISTN': 70.52509661934975, 'I_gpe': 0.8317613849599516, 'I_gpi': 3.2888662546999723, 'noise_stn_sigma': 5.316744033466863, 'noise_gpe_sigma': 88.41684404270383, 'noise_gpi_sigma': 94.22663860483956, 'g_stn_gpe_mult': 1.8107112902192475, 'g_gpe_stn_mult': 0.28107765602861595, 'g_stn_gpi_mult': 2.9045953782852587, 'g_gpe_gpi_mult': 0.8843453675053448}. Best is trial 98 with value: 0.5979484317983877.
[I 2026-05-28 02:02:22,361] Trial 369 finished with value: 12.39171849461393 and parameters: {'ISTN': 62.638320826515844, 'I_gpe': 1.0762893497218982, 'I_gpi': 3.209399088810067, 'noise_stn_sigma': 5.441214387455135, 'noise_gpe_sigma': 83.22497934850549, 'noise_gpi_sigma': 87.90510540524619, 'g_stn_gpe_mult': 1.9225498875201472, 'g_gpe_stn_mult': 0.2616947036932698, 'g_stn_gpi_mult': 2.995702283114165, 'g_gpe_gpi_mult': 0.8673186535734345}. Best is trial 98 with value: 0.5979484317983877.
[I 2026-05-28 02:02:23,363] Trial 370 finished with value: 22.964291593860715 and parameters: {'ISTN': 70.6065717528875, 'I_gpe': 0.7399895655851257, 'I_gpi': 3.123272616495982, 'noise_stn_sigma': 5.403434134067151, 'noise_gpe_sigma': 92.79892277532119, 'noise_gpi_sigma': 87.43656467854484, 'g_stn_gpe_mult': 1.991039129020988, 'g_gpe_stn_mult': 0.2631571597170118, 'g_stn_gpi_mult': 3.4314242134086452, 'g_gpe_gpi_mult': 0.8681239477446749}. Best is trial 98 with value: 0.5979484317983877.
[I 2026-05-28 02:02:24,373] Trial 371 finished with value: 33.750300705859644 and parameters: {'ISTN': 67.76330535234912, 'I_gpe': 0.8368166118420168, 'I_gpi': 3.3310642939735735, 'noise_stn_sigma': 5.437933397067301, 'noise_gpe_sigma': 92.02507271422041, 'noise_gpi_sigma': 91.36232990638764, 'g_stn_gpe_mult': 2.0984681741107036, 'g_gpe_stn_mult': 0.2888778990442755, 'g_stn_gpi_mult': 2.794571623608779, 'g_gpe_gpi_mult': 0.8994029205776641}. Best is trial 98 with value: 0.5979484317983877.
[I 2026-05-28 02:02:25,381] Trial 372 finished with value: 5.048900487371599 and parameters: {'ISTN': 64.9460728799522, 'I_gpe': 0.9503191348659732, 'I_gpi': 3.2634386410729044, 'noise_stn_sigma': 5.426396870136704, 'noise_gpe_sigma': 89.22693753215809, 'noise_gpi_sigma': 85.72259537856905, 'g_stn_gpe_mult': 1.9481301219513072, 'g_gpe_stn_mult': 0.25813300644688464, 'g_stn_gpi_mult': 3.07123227297573, 'g_gpe_gpi_mult': 0.907366266040545}. Best is trial 98 with value: 0.5979484317983877.
[I 2026-05-28 02:02:26,387] Trial 373 finished with value: 0.9890435090381058 and parameters: {'ISTN': 61.66789357570275, 'I_gpe': 0.719971856206128, 'I_gpi': 3.284496888957402, 'noise_stn_sigma': 5.157125096191102, 'noise_gpe_sigma': 85.76483899183688, 'noise_gpi_sigma': 90.04125282610534, 'g_stn_gpe_mult': 1.9095165906624056, 'g_gpe_stn_mult': 0.22456303766618568, 'g_stn_gpi_mult': 3.1595316991113167, 'g_gpe_gpi_mult': 0.9313038455601634}. Best is trial 98 with value: 0.5979484317983877.
[I 2026-05-28 02:02:27,393] Trial 374 finished with value: 27.965665117410627 and parameters: {'ISTN': 70.30942826279404, 'I_gpe': 0.910958255330935, 'I_gpi': 3.3425644819122238, 'noise_stn_sigma': 5.481968935995706, 'noise_gpe_sigma': 87.67896071013128, 'noise_gpi_sigma': 87.46114583602387, 'g_stn_gpe_mult': 1.8900063773609914, 'g_gpe_stn_mult': 0.27278739700410326, 'g_stn_gpi_mult': 2.88624484531608, 'g_gpe_gpi_mult': 0.9211185649086522}. Best is trial 98 with value: 0.5979484317983877.
[I 2026-05-28 02:02:28,399] Trial 375 finished with value: 13.224725733976722 and parameters: {'ISTN': 66.25475509399703, 'I_gpe': 0.8212345755480148, 'I_gpi': 3.43808316333378, 'noise_stn_sigma': 5.366410679657822, 'noise_gpe_sigma': 103.10108964802627, 'noise_gpi_sigma': 89.53548807974984, 'g_stn_gpe_mult': 2.0040429607595645, 'g_gpe_stn_mult': 0.21302665222122585, 'g_stn_gpi_mult': 2.96377994146799, 'g_gpe_gpi_mult': 0.9050642616495159}. Best is trial 98 with value: 0.5979484317983877.
[I 2026-05-28 02:02:29,402] Trial 376 finished with value: 7.3065797740668526 and parameters: {'ISTN': 66.67174183092935, 'I_gpe': 0.9859351688629087, 'I_gpi': 3.1684466396323963, 'noise_stn_sigma': 5.591637779488538, 'noise_gpe_sigma': 97.91427824449163, 'noise_gpi_sigma': 96.12155202394952, 'g_stn_gpe_mult': 2.036195319318196, 'g_gpe_stn_mult': 0.25479232062581325, 'g_stn_gpi_mult': 3.053960351369434, 'g_gpe_gpi_mult': 0.8603415091878981}. Best is trial 98 with value: 0.5979484317983877.
[I 2026-05-28 02:02:30,408] Trial 377 finished with value: 38.58624833214968 and parameters: {'ISTN': 70.83235727260009, 'I_gpe': 0.8533917447207443, 'I_gpi': 3.3680038067033915, 'noise_stn_sigma': 5.022607447738712, 'noise_gpe_sigma': 94.00675017593485, 'noise_gpi_sigma': 89.32609513024757, 'g_stn_gpe_mult': 2.1504725293884173, 'g_gpe_stn_mult': 0.23516453946475802, 'g_stn_gpi_mult': 2.9194596806900766, 'g_gpe_gpi_mult': 0.8846665666461098}. Best is trial 98 with value: 0.5979484317983877.
[I 2026-05-28 02:02:31,415] Trial 378 finished with value: 16.894559631947203 and parameters: {'ISTN': 68.48967281998868, 'I_gpe': 0.8363892156275305, 'I_gpi': 3.4705615402743573, 'noise_stn_sigma': 5.468666432200701, 'noise_gpe_sigma': 98.02391286101287, 'noise_gpi_sigma': 81.13204428709146, 'g_stn_gpe_mult': 2.0971754454673492, 'g_gpe_stn_mult': 0.2594628766386803, 'g_stn_gpi_mult': 2.9462827028598544, 'g_gpe_gpi_mult': 0.8920113283230631}. Best is trial 98 with value: 0.5979484317983877.
[I 2026-05-28 02:02:32,423] Trial 379 finished with value: 24.130044121801546 and parameters: {'ISTN': 67.28736948992199, 'I_gpe': 0.9504667522757724, 'I_gpi': 3.2143925148422667, 'noise_stn_sigma': 5.755613929446959, 'noise_gpe_sigma': 87.48615386877628, 'noise_gpi_sigma': 86.74871871275496, 'g_stn_gpe_mult': 1.8958224031684063, 'g_gpe_stn_mult': 0.27784344827270796, 'g_stn_gpi_mult': 2.9435743891196693, 'g_gpe_gpi_mult': 0.8674474116892641}. Best is trial 98 with value: 0.5979484317983877.
[I 2026-05-28 02:02:33,427] Trial 380 finished with value: 3.678309831898719 and parameters: {'ISTN': 64.15892965367303, 'I_gpe': 0.8605282006667929, 'I_gpi': 3.200764360571106, 'noise_stn_sigma': 5.619507341272572, 'noise_gpe_sigma': 90.27207455832564, 'noise_gpi_sigma': 89.68183930573636, 'g_stn_gpe_mult': 1.9371699510077913, 'g_gpe_stn_mult': 0.22824940366160584, 'g_stn_gpi_mult': 2.9415338727907647, 'g_gpe_gpi_mult': 0.8648176626716406}. Best is trial 98 with value: 0.5979484317983877.
[I 2026-05-28 02:02:34,375] Trial 381 finished with value: 1000000.0 and parameters: {'ISTN': 64.41026183142291, 'I_gpe': 0.852845356099291, 'I_gpi': 3.309129126373063, 'noise_stn_sigma': 4.99806238292393, 'noise_gpe_sigma': 89.62319934673206, 'noise_gpi_sigma': 92.74342750916945, 'g_stn_gpe_mult': 1.8764589933531481, 'g_gpe_stn_mult': 0.24300470990961368, 'g_stn_gpi_mult': 3.0041347640393217, 'g_gpe_gpi_mult': 0.9524671526567234}. Best is trial 98 with value: 0.5979484317983877.
[I 2026-05-28 02:02:35,383] Trial 382 finished with value: 6.824467373412743 and parameters: {'ISTN': 62.382184635715205, 'I_gpe': 0.8301228598433923, 'I_gpi': 3.2266809387375415, 'noise_stn_sigma': 5.349120617535805, 'noise_gpe_sigma': 91.88058703489162, 'noise_gpi_sigma': 91.0746651263842, 'g_stn_gpe_mult': 1.7635292280720356, 'g_gpe_stn_mult': 0.23979283166247, 'g_stn_gpi_mult': 3.317631364736356, 'g_gpe_gpi_mult': 0.8675909551334704}. Best is trial 98 with value: 0.5979484317983877.
[I 2026-05-28 02:02:36,392] Trial 383 finished with value: 27.26017529993769 and parameters: {'ISTN': 65.72516726387023, 'I_gpe': 0.9768283537820412, 'I_gpi': 3.2498477750295462, 'noise_stn_sigma': 5.658920642322027, 'noise_gpe_sigma': 90.79959423830243, 'noise_gpi_sigma': 93.15592847754785, 'g_stn_gpe_mult': 1.7092916454883438, 'g_gpe_stn_mult': 0.19608735235119856, 'g_stn_gpi_mult': 2.98247033309169, 'g_gpe_gpi_mult': 0.9298168973003103}. Best is trial 98 with value: 0.5979484317983877.
[I 2026-05-28 02:02:37,401] Trial 384 finished with value: 19.479371861344497 and parameters: {'ISTN': 64.71459133080063, 'I_gpe': 0.909128294077366, 'I_gpi': 3.3391116518169865, 'noise_stn_sigma': 5.5588263910201245, 'noise_gpe_sigma': 92.18533198492355, 'noise_gpi_sigma': 88.56998748660544, 'g_stn_gpe_mult': 1.958016534094872, 'g_gpe_stn_mult': 0.20727747158553406, 'g_stn_gpi_mult': 2.9392558676229505, 'g_gpe_gpi_mult': 0.9033632539208551}. Best is trial 98 with value: 0.5979484317983877.
[I 2026-05-28 02:02:38,406] Trial 385 finished with value: 15.561263250260637 and parameters: {'ISTN': 64.11095513271594, 'I_gpe': 0.8707973051975949, 'I_gpi': 3.491916583753122, 'noise_stn_sigma': 5.615578632190317, 'noise_gpe_sigma': 90.42134866396601, 'noise_gpi_sigma': 91.73961079117488, 'g_stn_gpe_mult': 2.055289448127549, 'g_gpe_stn_mult': 0.24957470484627992, 'g_stn_gpi_mult': 3.070485941649915, 'g_gpe_gpi_mult': 0.8889520793268595}. Best is trial 98 with value: 0.5979484317983877.
[I 2026-05-28 02:02:39,413] Trial 386 finished with value: 30.63916835833662 and parameters: {'ISTN': 67.86354386564501, 'I_gpe': 0.5566652782387425, 'I_gpi': 3.144945539101231, 'noise_stn_sigma': 5.426063916606911, 'noise_gpe_sigma': 90.07758638464762, 'noise_gpi_sigma': 86.59881595659314, 'g_stn_gpe_mult': 2.2335631875946493, 'g_gpe_stn_mult': 0.25993753206669806, 'g_stn_gpi_mult': 3.124032378443037, 'g_gpe_gpi_mult': 0.8956330890002533}. Best is trial 98 with value: 0.5979484317983877.
[I 2026-05-28 02:02:40,421] Trial 387 finished with value: 28.059997130373873 and parameters: {'ISTN': 63.06267411569666, 'I_gpe': 0.7472399033655732, 'I_gpi': 3.276161506295998, 'noise_stn_sigma': 5.3662967373463335, 'noise_gpe_sigma': 91.06083106862663, 'noise_gpi_sigma': 90.14455020290191, 'g_stn_gpe_mult': 1.784448217202411, 'g_gpe_stn_mult': 0.2632976894020189, 'g_stn_gpi_mult': 3.0827899784500263, 'g_gpe_gpi_mult': 0.9077332438821839}. Best is trial 98 with value: 0.5979484317983877.
[I 2026-05-28 02:02:41,428] Trial 388 finished with value: 20.04666851901393 and parameters: {'ISTN': 63.295921451324354, 'I_gpe': 0.6039320769327919, 'I_gpi': 3.242502632115266, 'noise_stn_sigma': 5.265748552119465, 'noise_gpe_sigma': 87.29388848009113, 'noise_gpi_sigma': 87.03650951271914, 'g_stn_gpe_mult': 2.0304342535782465, 'g_gpe_stn_mult': 0.267676777490201, 'g_stn_gpi_mult': 3.101457127839104, 'g_gpe_gpi_mult': 0.8957714246725152}. Best is trial 98 with value: 0.5979484317983877.
[I 2026-05-28 02:02:42,437] Trial 389 finished with value: 11.733482532488406 and parameters: {'ISTN': 68.14175269476756, 'I_gpe': 0.8556521936442071, 'I_gpi': 3.3675578325617623, 'noise_stn_sigma': 4.7752197557452725, 'noise_gpe_sigma': 88.43170646261738, 'noise_gpi_sigma': 90.85199810671517, 'g_stn_gpe_mult': 1.8747440640971287, 'g_gpe_stn_mult': 0.24104787367643918, 'g_stn_gpi_mult': 2.9953257947704484, 'g_gpe_gpi_mult': 0.9281773222493528}. Best is trial 98 with value: 0.5979484317983877.
[I 2026-05-28 02:02:43,443] Trial 390 finished with value: 32.02245963228492 and parameters: {'ISTN': 66.36513069844484, 'I_gpe': 0.8902586967324329, 'I_gpi': 3.257613363814245, 'noise_stn_sigma': 5.437638454893978, 'noise_gpe_sigma': 88.74346911042753, 'noise_gpi_sigma': 90.33582214124968, 'g_stn_gpe_mult': 2.062333069331036, 'g_gpe_stn_mult': 0.30580080941983756, 'g_stn_gpi_mult': 3.140537091240584, 'g_gpe_gpi_mult': 0.8588326331076692}. Best is trial 98 with value: 0.5979484317983877.
[I 2026-05-28 02:02:44,392] Trial 391 finished with value: 1000000.0 and parameters: {'ISTN': 63.51677870550184, 'I_gpe': 0.8368490784688052, 'I_gpi': 3.361546535455464, 'noise_stn_sigma': 5.05370589394766, 'noise_gpe_sigma': 91.86710650846082, 'noise_gpi_sigma': 90.88514048789695, 'g_stn_gpe_mult': 1.9790046986482097, 'g_gpe_stn_mult': 0.25947983670684344, 'g_stn_gpi_mult': 3.072934414001564, 'g_gpe_gpi_mult': 0.8869178518799867}. Best is trial 98 with value: 0.5979484317983877.
[I 2026-05-28 02:02:45,399] Trial 392 finished with value: 7.141546110554075 and parameters: {'ISTN': 72.84911340492191, 'I_gpe': 0.8475784914164196, 'I_gpi': 3.068211079598935, 'noise_stn_sigma': 5.459827905071101, 'noise_gpe_sigma': 93.77621606005191, 'noise_gpi_sigma': 99.72681153628088, 'g_stn_gpe_mult': 1.9905566239578434, 'g_gpe_stn_mult': 0.3041017333854692, 'g_stn_gpi_mult': 2.873085940265013, 'g_gpe_gpi_mult': 0.8500541665184913}. Best is trial 98 with value: 0.5979484317983877.
[I 2026-05-28 02:02:46,407] Trial 393 finished with value: 7.15842848281318 and parameters: {'ISTN': 68.13580320367373, 'I_gpe': 0.7394388504581054, 'I_gpi': 3.368459453323185, 'noise_stn_sigma': 5.444583306080655, 'noise_gpe_sigma': 88.98694256245601, 'noise_gpi_sigma': 95.27061767394652, 'g_stn_gpe_mult': 1.7501075125514824, 'g_gpe_stn_mult': 0.23029593006022717, 'g_stn_gpi_mult': 3.11913086475795, 'g_gpe_gpi_mult': 0.8745497804711411}. Best is trial 98 with value: 0.5979484317983877.
[I 2026-05-28 02:02:47,416] Trial 394 finished with value: 17.67918512883677 and parameters: {'ISTN': 64.1961314413369, 'I_gpe': 0.7219160978153407, 'I_gpi': 3.2825587673675023, 'noise_stn_sigma': 4.9100829998884095, 'noise_gpe_sigma': 89.16886922352356, 'noise_gpi_sigma': 96.16201008190683, 'g_stn_gpe_mult': 1.9714302885607355, 'g_gpe_stn_mult': 0.24651985036330304, 'g_stn_gpi_mult': 3.2496704087804535, 'g_gpe_gpi_mult': 0.893879317658199}. Best is trial 98 with value: 0.5979484317983877.
[I 2026-05-28 02:02:48,424] Trial 395 finished with value: 16.102840007183143 and parameters: {'ISTN': 61.93731915787109, 'I_gpe': 0.7725727831729282, 'I_gpi': 3.5029810998237787, 'noise_stn_sigma': 5.240500090209979, 'noise_gpe_sigma': 86.98565350413564, 'noise_gpi_sigma': 91.77936017052835, 'g_stn_gpe_mult': 1.7568657692696714, 'g_gpe_stn_mult': 0.23088808461296367, 'g_stn_gpi_mult': 3.186860890127234, 'g_gpe_gpi_mult': 0.9158601382661622}. Best is trial 98 with value: 0.5979484317983877.
