[I 2026-05-28 01:39:09,161] A new study created in memory with name: sensitivity_weights_low_beta
[I 2026-05-28 01:39:11,594] Trial 0 finished with value: 118.6981958309091 and parameters: {'ISTN': 93.70861069626262, 'I_gpe': 3.827500072434707, 'I_gpi': 3.9279757672456204, 'noise_stn_sigma': 5.190609389379256, 'noise_gpe_sigma': 40.28242325751675, 'noise_gpi_sigma': 40.27928764370634, 'g_stn_gpe_mult': 1.703292642588698, 'g_gpe_stn_mult': 0.7063233020424546, 'g_stn_gpi_mult': 2.8033450352296265, 'g_gpe_gpi_mult': 0.9080725777960454}. Best is trial 0 with value: 118.6981958309091.
[I 2026-05-28 01:39:12,610] Trial 1 finished with value: 11.025792564639739 and parameters: {'ISTN': 102.18398227973381, 'I_gpe': 1.7822592367307524, 'I_gpi': 2.0402078942860182, 'noise_stn_sigma': 5.527278325084124, 'noise_gpe_sigma': 64.87605951987203, 'noise_gpi_sigma': 128.16311557229506, 'g_stn_gpe_mult': 3.8783201895114314, 'g_gpe_stn_mult': 0.4633636096255428, 'g_stn_gpi_mult': 1.9201572567197984, 'g_gpe_gpi_mult': 0.5716581854888545}. Best is trial 1 with value: 11.025792564639739.
[I 2026-05-28 01:39:13,619] Trial 2 finished with value: 11.717553680603384 and parameters: {'ISTN': 104.05697545714605, 'I_gpe': 1.6990806611446447, 'I_gpi': 2.1093322736015803, 'noise_stn_sigma': 4.391415413253829, 'noise_gpe_sigma': 95.78215145683166, 'noise_gpi_sigma': 112.26271914252017, 'g_stn_gpe_mult': 3.620508535432487, 'g_gpe_stn_mult': 0.48253375989294744, 'g_stn_gpi_mult': 2.4349864676102033, 'g_gpe_gpi_mult': 0.8838728082220315}. Best is trial 1 with value: 11.025792564639739.
[I 2026-05-28 01:39:14,629] Trial 3 finished with value: 19.142302096752022 and parameters: {'ISTN': 124.05768254138863, 'I_gpe': 2.4404639905642638, 'I_gpi': 2.929437307767527, 'noise_stn_sigma': 4.597526383157501, 'noise_gpe_sigma': 123.71799364703026, 'noise_gpi_sigma': 102.97034598752232, 'g_stn_gpe_mult': 3.0886712355338317, 'g_gpe_stn_mult': 0.27286655747132477, 'g_stn_gpi_mult': 3.5949342956186348, 'g_gpe_gpi_mult': 0.596177167198813}. Best is trial 1 with value: 11.025792564639739.
[I 2026-05-28 01:39:15,639] Trial 4 finished with value: 1.6289992144599559 and parameters: {'ISTN': 61.327006512303655, 'I_gpe': 2.322282146919423, 'I_gpi': 2.6397695163821506, 'noise_stn_sigma': 3.62253468740132, 'noise_gpe_sigma': 78.9240566977039, 'noise_gpi_sigma': 101.63027934654737, 'g_stn_gpe_mult': 3.374074127741162, 'g_gpe_stn_mult': 0.2130397972288703, 'g_stn_gpi_mult': 2.0912746715201935, 'g_gpe_gpi_mult': 0.6568869944818863}. Best is trial 4 with value: 1.6289992144599559.
[I 2026-05-28 01:39:16,647] Trial 5 finished with value: 18.830635329968114 and parameters: {'ISTN': 118.21835604782609, 'I_gpe': 1.5081892774313215, 'I_gpi': 3.899768098732145, 'noise_stn_sigma': 3.936086758513816, 'noise_gpe_sigma': 119.32152160252447, 'noise_gpi_sigma': 102.30543016488373, 'g_stn_gpe_mult': 2.9807792455418993, 'g_gpe_stn_mult': 0.5137698475759706, 'g_stn_gpi_mult': 2.9949380788413196, 'g_gpe_gpi_mult': 0.9635506695066518}. Best is trial 4 with value: 1.6289992144599559.
[I 2026-05-28 01:39:17,657] Trial 6 finished with value: 17.14827388735828 and parameters: {'ISTN': 121.61855037844573, 'I_gpe': 1.6513293219198029, 'I_gpi': 2.8432761902587727, 'noise_stn_sigma': 3.8480047711083603, 'noise_gpe_sigma': 74.143091992362, 'noise_gpi_sigma': 62.05518437298985, 'g_stn_gpe_mult': 3.3767409216885813, 'g_gpe_stn_mult': 0.39119594338519237, 'g_stn_gpi_mult': 2.347357900801299, 'g_gpe_gpi_mult': 0.4142625832855039}. Best is trial 4 with value: 1.6289992144599559.
[I 2026-05-28 01:39:18,664] Trial 7 finished with value: 13.293534600206563 and parameters: {'ISTN': 118.14807622329761, 'I_gpe': 1.5486294089623256, 'I_gpi': 2.4516321436833994, 'noise_stn_sigma': 2.679013017620471, 'noise_gpe_sigma': 56.04599877645517, 'noise_gpi_sigma': 116.28652710522236, 'g_stn_gpe_mult': 2.9922746566942053, 'g_gpe_stn_mult': 0.2955859336866355, 'g_stn_gpi_mult': 1.716124621409335, 'g_gpe_gpi_mult': 0.5179871881249729}. Best is trial 4 with value: 1.6289992144599559.
[I 2026-05-28 01:39:19,672] Trial 8 finished with value: 22.01553562839825 and parameters: {'ISTN': 125.24171270223263, 'I_gpe': 2.8526086943177944, 'I_gpi': 2.0678354736293487, 'noise_stn_sigma': 3.402302701760284, 'noise_gpe_sigma': 94.41082187084776, 'noise_gpi_sigma': 98.9600504549821, 'g_stn_gpe_mult': 3.6329764552383, 'g_gpe_stn_mult': 0.2538139817870882, 'g_stn_gpi_mult': 2.8573669779553246, 'g_gpe_gpi_mult': 0.7596331107049075}. Best is trial 4 with value: 1.6289992144599559.
[I 2026-05-28 01:39:20,682] Trial 9 finished with value: 14.176840663697874 and parameters: {'ISTN': 108.06144798180426, 'I_gpe': 2.088159593914187, 'I_gpi': 2.7321182722451014, 'noise_stn_sigma': 3.3524793808782456, 'noise_gpe_sigma': 48.88483497946666, 'noise_gpi_sigma': 129.93936748396976, 'g_stn_gpe_mult': 3.302290408301439, 'g_gpe_stn_mult': 0.5428025966104797, 'g_stn_gpi_mult': 2.2888222168539225, 'g_gpe_gpi_mult': 0.6716607335175118}. Best is trial 4 with value: 1.6289992144599559.
[I 2026-05-28 01:39:21,690] Trial 10 finished with value: 14.702097995423497 and parameters: {'ISTN': 105.28930217987374, 'I_gpe': 2.764126309775512, 'I_gpi': 1.33834956817683, 'noise_stn_sigma': 2.965503538344267, 'noise_gpe_sigma': 129.52996397114705, 'noise_gpi_sigma': 96.48201510531312, 'g_stn_gpe_mult': 3.0608279134787137, 'g_gpe_stn_mult': 0.462684887025272, 'g_stn_gpi_mult': 2.045535048975993, 'g_gpe_gpi_mult': 0.7985205433522264}. Best is trial 4 with value: 1.6289992144599559.
[I 2026-05-28 01:39:22,700] Trial 11 finished with value: 7.134066416548082 and parameters: {'ISTN': 102.14400472082812, 'I_gpe': 0.5507091935735311, 'I_gpi': 2.6373096453652223, 'noise_stn_sigma': 2.999108233086341, 'noise_gpe_sigma': 55.77065921556535, 'noise_gpi_sigma': 129.30761755038026, 'g_stn_gpe_mult': 4.113892668857416, 'g_gpe_stn_mult': 0.1632677526952767, 'g_stn_gpi_mult': 2.6820564858250684, 'g_gpe_gpi_mult': 1.0516245919404357}. Best is trial 4 with value: 1.6289992144599559.
[I 2026-05-28 01:39:23,712] Trial 12 finished with value: 9.485913400643007 and parameters: {'ISTN': 104.46831907959384, 'I_gpe': 1.2760168824661984, 'I_gpi': 2.6630017757936115, 'noise_stn_sigma': 4.2371023631252624, 'noise_gpe_sigma': 89.25826751090806, 'noise_gpi_sigma': 107.52212926882814, 'g_stn_gpe_mult': 3.787314691989813, 'g_gpe_stn_mult': 0.3375247018140348, 'g_stn_gpi_mult': 1.7724619264826256, 'g_gpe_gpi_mult': 0.34742962366493607}. Best is trial 4 with value: 1.6289992144599559.
[I 2026-05-28 01:39:24,722] Trial 13 finished with value: 5.367116978777931 and parameters: {'ISTN': 82.90203498216101, 'I_gpe': 1.42915685159274, 'I_gpi': 2.3862433229918065, 'noise_stn_sigma': 5.3843941677802984, 'noise_gpe_sigma': 62.498080758404974, 'noise_gpi_sigma': 129.26798954337553, 'g_stn_gpe_mult': 2.380704463301994, 'g_gpe_stn_mult': 0.4817803299637097, 'g_stn_gpi_mult': 2.5758880967620312, 'g_gpe_gpi_mult': 0.3555130808619469}. Best is trial 4 with value: 1.6289992144599559.
[I 2026-05-28 01:39:25,733] Trial 14 finished with value: 8.619829902509823 and parameters: {'ISTN': 92.17995156811143, 'I_gpe': 2.4811830827677985, 'I_gpi': 1.3308430548416772, 'noise_stn_sigma': 4.518205443507215, 'noise_gpe_sigma': 86.8060586744728, 'noise_gpi_sigma': 39.04744048362356, 'g_stn_gpe_mult': 2.9911533034956244, 'g_gpe_stn_mult': 0.3545802902041857, 'g_stn_gpi_mult': 2.483757992964135, 'g_gpe_gpi_mult': 0.6837913355277823}. Best is trial 4 with value: 1.6289992144599559.
[I 2026-05-28 01:39:26,742] Trial 15 finished with value: 6.002951017796909 and parameters: {'ISTN': 91.39180284838218, 'I_gpe': 1.896286511415514, 'I_gpi': 2.9379494565890587, 'noise_stn_sigma': 6.300334653315624, 'noise_gpe_sigma': 80.02341080753968, 'noise_gpi_sigma': 87.46805938338889, 'g_stn_gpe_mult': 3.7846496878611546, 'g_gpe_stn_mult': 0.24117874381836402, 'g_stn_gpi_mult': 1.8651094584226193, 'g_gpe_gpi_mult': 0.5745034894566592}. Best is trial 4 with value: 1.6289992144599559.
[I 2026-05-28 01:39:27,750] Trial 16 finished with value: 5.172121762504482 and parameters: {'ISTN': 79.93458390718946, 'I_gpe': 2.3729341971531133, 'I_gpi': 2.2270575013921245, 'noise_stn_sigma': 3.58422730417048, 'noise_gpe_sigma': 78.67761156389008, 'noise_gpi_sigma': 127.0169376034834, 'g_stn_gpe_mult': 3.7324695841798072, 'g_gpe_stn_mult': 0.24670664518038998, 'g_stn_gpi_mult': 1.5169365774745434, 'g_gpe_gpi_mult': 0.7128513444360196}. Best is trial 4 with value: 1.6289992144599559.
[I 2026-05-28 01:39:28,759] Trial 17 finished with value: 8.758174536169024 and parameters: {'ISTN': 80.8052553103822, 'I_gpe': 3.1039098048036577, 'I_gpi': 2.01368732574235, 'noise_stn_sigma': 4.34296543584212, 'noise_gpe_sigma': 73.51222786997835, 'noise_gpi_sigma': 95.4744724512088, 'g_stn_gpe_mult': 2.90627565723852, 'g_gpe_stn_mult': 0.276320909648042, 'g_stn_gpi_mult': 2.9443677225464153, 'g_gpe_gpi_mult': 0.2992260103789604}. Best is trial 4 with value: 1.6289992144599559.
[I 2026-05-28 01:39:29,766] Trial 18 finished with value: 3.9154920488075713 and parameters: {'ISTN': 62.93998566291471, 'I_gpe': 2.388737854182182, 'I_gpi': 1.0204131695863223, 'noise_stn_sigma': 7.1282482617641625, 'noise_gpe_sigma': 69.6329785425072, 'noise_gpi_sigma': 133.79180375511385, 'g_stn_gpe_mult': 3.0168873600966064, 'g_gpe_stn_mult': 0.30513293053763757, 'g_stn_gpi_mult': 2.0943357953235306, 'g_gpe_gpi_mult': 0.5878699536804166}. Best is trial 4 with value: 1.6289992144599559.
[I 2026-05-28 01:39:30,774] Trial 19 finished with value: 6.070695884376544 and parameters: {'ISTN': 84.34870280659365, 'I_gpe': 1.6710563670505214, 'I_gpi': 2.2380427895177135, 'noise_stn_sigma': 2.8350878205682437, 'noise_gpe_sigma': 70.3020323158768, 'noise_gpi_sigma': 100.36549718511475, 'g_stn_gpe_mult': 3.4001432578611346, 'g_gpe_stn_mult': 0.5029990424922508, 'g_stn_gpi_mult': 2.5619207934289, 'g_gpe_gpi_mult': 0.6511909339384829}. Best is trial 4 with value: 1.6289992144599559.
[I 2026-05-28 01:39:31,782] Trial 20 finished with value: 8.301568569921843 and parameters: {'ISTN': 88.21143290741492, 'I_gpe': 2.53052624119775, 'I_gpi': 1.8512675118487234, 'noise_stn_sigma': 4.816831583101285, 'noise_gpe_sigma': 30.680809834975665, 'noise_gpi_sigma': 126.62742727360434, 'g_stn_gpe_mult': 3.4083560548463403, 'g_gpe_stn_mult': 0.37812544952464155, 'g_stn_gpi_mult': 2.2381951542380407, 'g_gpe_gpi_mult': 0.4634249770768774}. Best is trial 4 with value: 1.6289992144599559.
[I 2026-05-28 01:39:32,792] Trial 21 finished with value: 2.554676672045149 and parameters: {'ISTN': 76.89959236174946, 'I_gpe': 0.6045286018468253, 'I_gpi': 1.0464651561507088, 'noise_stn_sigma': 5.15904616120133, 'noise_gpe_sigma': 89.36752653667365, 'noise_gpi_sigma': 131.18140218689882, 'g_stn_gpe_mult': 2.595863362939972, 'g_gpe_stn_mult': 0.21107843815490185, 'g_stn_gpi_mult': 2.0456080897434776, 'g_gpe_gpi_mult': 0.6590300779323817}. Best is trial 4 with value: 1.6289992144599559.
[I 2026-05-28 01:39:33,801] Trial 22 finished with value: 2.273867484061359 and parameters: {'ISTN': 70.27603201948554, 'I_gpe': 1.3164727419321003, 'I_gpi': 1.783889772798763, 'noise_stn_sigma': 4.837887524741106, 'noise_gpe_sigma': 68.84463101644971, 'noise_gpi_sigma': 143.65738136802042, 'g_stn_gpe_mult': 2.0596572636015407, 'g_gpe_stn_mult': 0.19186011161995692, 'g_stn_gpi_mult': 2.1616284359480353, 'g_gpe_gpi_mult': 0.5204842072909122}. Best is trial 4 with value: 1.6289992144599559.
[I 2026-05-28 01:39:34,809] Trial 23 finished with value: 3.3735293839904346 and parameters: {'ISTN': 67.27514929421862, 'I_gpe': 2.331956825974074, 'I_gpi': 1.4569869184255695, 'noise_stn_sigma': 5.982596561774191, 'noise_gpe_sigma': 55.72411802116002, 'noise_gpi_sigma': 118.4623311369034, 'g_stn_gpe_mult': 2.7142377701533698, 'g_gpe_stn_mult': 0.1280113275413642, 'g_stn_gpi_mult': 2.408009244608502, 'g_gpe_gpi_mult': 0.6579807273729465}. Best is trial 4 with value: 1.6289992144599559.
[I 2026-05-28 01:39:35,820] Trial 24 finished with value: 1.9673289016485018 and parameters: {'ISTN': 68.8278403112156, 'I_gpe': 1.2970396973982803, 'I_gpi': 1.336575260890828, 'noise_stn_sigma': 7.369629213871562, 'noise_gpe_sigma': 61.942229750130295, 'noise_gpi_sigma': 65.7867291285463, 'g_stn_gpe_mult': 2.2781216754688947, 'g_gpe_stn_mult': 0.24568886905229417, 'g_stn_gpi_mult': 1.957499215770432, 'g_gpe_gpi_mult': 0.5742380675510037}. Best is trial 4 with value: 1.6289992144599559.
[I 2026-05-28 01:39:36,829] Trial 25 finished with value: 4.9554319404273945 and parameters: {'ISTN': 75.62251777280368, 'I_gpe': 2.166044539955385, 'I_gpi': 1.2796532008265056, 'noise_stn_sigma': 6.071084124688659, 'noise_gpe_sigma': 109.74684127638035, 'noise_gpi_sigma': 113.8817738423443, 'g_stn_gpe_mult': 3.2651347392421255, 'g_gpe_stn_mult': 0.44917650024144096, 'g_stn_gpi_mult': 2.154599323590423, 'g_gpe_gpi_mult': 0.6228230895529014}. Best is trial 4 with value: 1.6289992144599559.
[I 2026-05-28 01:39:37,837] Trial 26 finished with value: 5.844070068666973 and parameters: {'ISTN': 90.09611563389404, 'I_gpe': 1.6115580033727288, 'I_gpi': 1.9648775754476766, 'noise_stn_sigma': 4.699014575421539, 'noise_gpe_sigma': 68.04247980329342, 'noise_gpi_sigma': 135.1044685801163, 'g_stn_gpe_mult': 3.8927388679126107, 'g_gpe_stn_mult': 0.2046077251202629, 'g_stn_gpi_mult': 2.2232872408905173, 'g_gpe_gpi_mult': 0.6094897119113765}. Best is trial 4 with value: 1.6289992144599559.
[I 2026-05-28 01:39:38,844] Trial 27 finished with value: 4.501281824993572 and parameters: {'ISTN': 76.01107125798437, 'I_gpe': 1.668963962145286, 'I_gpi': 1.4958131778258155, 'noise_stn_sigma': 3.756907504483694, 'noise_gpe_sigma': 59.7295823507431, 'noise_gpi_sigma': 127.78256016419509, 'g_stn_gpe_mult': 2.490324055486421, 'g_gpe_stn_mult': 0.3815734847572947, 'g_stn_gpi_mult': 1.9968406505738028, 'g_gpe_gpi_mult': 0.637773314317402}. Best is trial 4 with value: 1.6289992144599559.
[I 2026-05-28 01:39:39,855] Trial 28 finished with value: 5.496448362339641 and parameters: {'ISTN': 77.9664291743586, 'I_gpe': 2.581161692526, 'I_gpi': 3.1781528291796137, 'noise_stn_sigma': 4.813510922699528, 'noise_gpe_sigma': 71.74980670849979, 'noise_gpi_sigma': 113.30305134653676, 'g_stn_gpe_mult': 2.9169696293032024, 'g_gpe_stn_mult': 0.518658299975076, 'g_stn_gpi_mult': 1.7091632999711925, 'g_gpe_gpi_mult': 0.9422311991713326}. Best is trial 4 with value: 1.6289992144599559.
[I 2026-05-28 01:39:40,865] Trial 29 finished with value: 3.663851000864546 and parameters: {'ISTN': 66.26614397486645, 'I_gpe': 1.9518424541532668, 'I_gpi': 1.7721758029797336, 'noise_stn_sigma': 6.545250841853206, 'noise_gpe_sigma': 46.55675544494997, 'noise_gpi_sigma': 124.02524141425604, 'g_stn_gpe_mult': 3.513382767874274, 'g_gpe_stn_mult': 0.42277799918327585, 'g_stn_gpi_mult': 2.928359809134649, 'g_gpe_gpi_mult': 0.38808643895441}. Best is trial 4 with value: 1.6289992144599559.
[I 2026-05-28 01:39:41,873] Trial 30 finished with value: 4.958463118264052 and parameters: {'ISTN': 78.19175234897232, 'I_gpe': 1.8960715113784588, 'I_gpi': 1.4228826276044673, 'noise_stn_sigma': 6.3735795414492165, 'noise_gpe_sigma': 100.7276598234686, 'noise_gpi_sigma': 143.3486876319614, 'g_stn_gpe_mult': 3.9968945715179998, 'g_gpe_stn_mult': 0.3754920181101946, 'g_stn_gpi_mult': 2.3104377009182233, 'g_gpe_gpi_mult': 0.7438289898948982}. Best is trial 4 with value: 1.6289992144599559.
[I 2026-05-28 01:39:42,885] Trial 31 finished with value: 4.842530790521654 and parameters: {'ISTN': 87.19939870500896, 'I_gpe': 1.530279195781331, 'I_gpi': 1.7418667786935695, 'noise_stn_sigma': 7.8162421007054395, 'noise_gpe_sigma': 50.2723163039019, 'noise_gpi_sigma': 91.66049314035405, 'g_stn_gpe_mult': 1.585649260783196, 'g_gpe_stn_mult': 0.13694196992145188, 'g_stn_gpi_mult': 1.7947076563160493, 'g_gpe_gpi_mult': 0.350927036798911}. Best is trial 4 with value: 1.6289992144599559.
[I 2026-05-28 01:39:43,832] Trial 32 finished with value: 1000000.0 and parameters: {'ISTN': 68.38545144757397, 'I_gpe': 1.2774485657574972, 'I_gpi': 2.9229071769335517, 'noise_stn_sigma': 5.837295251886493, 'noise_gpe_sigma': 60.974798235010574, 'noise_gpi_sigma': 103.06893306288525, 'g_stn_gpe_mult': 1.9986825998645052, 'g_gpe_stn_mult': 0.13066714146885228, 'g_stn_gpi_mult': 1.7293790440702956, 'g_gpe_gpi_mult': 0.41915572125857503}. Best is trial 4 with value: 1.6289992144599559.
[I 2026-05-28 01:39:44,841] Trial 33 finished with value: 4.57098497817017 and parameters: {'ISTN': 84.39859334042956, 'I_gpe': 2.3000594158408845, 'I_gpi': 2.758540933171651, 'noise_stn_sigma': 5.168475998714197, 'noise_gpe_sigma': 80.03644165333162, 'noise_gpi_sigma': 68.62188793151567, 'g_stn_gpe_mult': 2.8096703016817366, 'g_gpe_stn_mult': 0.155262480384669, 'g_stn_gpi_mult': 1.9503385524713681, 'g_gpe_gpi_mult': 0.27124573456087764}. Best is trial 4 with value: 1.6289992144599559.
[I 2026-05-28 01:39:45,848] Trial 34 finished with value: 5.471023016819392 and parameters: {'ISTN': 93.34646553937593, 'I_gpe': 1.4317390628831468, 'I_gpi': 1.3062718160955669, 'noise_stn_sigma': 7.011613473897224, 'noise_gpe_sigma': 71.52829775914861, 'noise_gpi_sigma': 99.9813166612603, 'g_stn_gpe_mult': 1.885960388376609, 'g_gpe_stn_mult': 0.18134901074616633, 'g_stn_gpi_mult': 1.8322078862498343, 'g_gpe_gpi_mult': 0.7948867364302119}. Best is trial 4 with value: 1.6289992144599559.
[I 2026-05-28 01:39:46,858] Trial 35 finished with value: 2.6401678371623976 and parameters: {'ISTN': 63.63055842127491, 'I_gpe': 1.4059533980151464, 'I_gpi': 1.601529586044468, 'noise_stn_sigma': 5.836949938256721, 'noise_gpe_sigma': 94.77052337030354, 'noise_gpi_sigma': 68.30985570137648, 'g_stn_gpe_mult': 3.1096634810460895, 'g_gpe_stn_mult': 0.14171995758033776, 'g_stn_gpi_mult': 2.1958108509057754, 'g_gpe_gpi_mult': 0.4322689504703864}. Best is trial 4 with value: 1.6289992144599559.
[I 2026-05-28 01:39:47,863] Trial 36 finished with value: 5.60190839996627 and parameters: {'ISTN': 85.2518579932261, 'I_gpe': 1.886543076479647, 'I_gpi': 1.261780975011166, 'noise_stn_sigma': 6.52034168429056, 'noise_gpe_sigma': 96.692359363639, 'noise_gpi_sigma': 86.36008695069535, 'g_stn_gpe_mult': 2.585984873850137, 'g_gpe_stn_mult': 0.3194727733901599, 'g_stn_gpi_mult': 2.489403831086357, 'g_gpe_gpi_mult': 0.48047526563164017}. Best is trial 4 with value: 1.6289992144599559.
[I 2026-05-28 01:39:48,870] Trial 37 finished with value: 2.9986536372286166 and parameters: {'ISTN': 82.83690758534817, 'I_gpe': 1.5024004773138926, 'I_gpi': 1.8459066568024847, 'noise_stn_sigma': 7.654875919377381, 'noise_gpe_sigma': 122.94562639671102, 'noise_gpi_sigma': 114.62074329474609, 'g_stn_gpe_mult': 2.2018807454295954, 'g_gpe_stn_mult': 0.2604115447397106, 'g_stn_gpi_mult': 1.6006923420775476, 'g_gpe_gpi_mult': 0.5041900576775238}. Best is trial 4 with value: 1.6289992144599559.
[I 2026-05-28 01:39:49,879] Trial 38 finished with value: 5.651253629112411 and parameters: {'ISTN': 96.1787576891448, 'I_gpe': 1.1921603619050196, 'I_gpi': 1.7932546016956055, 'noise_stn_sigma': 6.741800600266183, 'noise_gpe_sigma': 97.30638194471358, 'noise_gpi_sigma': 93.63557769900943, 'g_stn_gpe_mult': 3.3089145960207307, 'g_gpe_stn_mult': 0.267150236972826, 'g_stn_gpi_mult': 2.1492853105933905, 'g_gpe_gpi_mult': 0.774545506351729}. Best is trial 4 with value: 1.6289992144599559.
[I 2026-05-28 01:39:50,888] Trial 39 finished with value: 4.152890725448797 and parameters: {'ISTN': 85.5234505180233, 'I_gpe': 0.9271940685862765, 'I_gpi': 1.6304738853288998, 'noise_stn_sigma': 7.4509491766454765, 'noise_gpe_sigma': 68.47917466831669, 'noise_gpi_sigma': 100.11062701640326, 'g_stn_gpe_mult': 3.063979511037899, 'g_gpe_stn_mult': 0.4100519452097181, 'g_stn_gpi_mult': 2.4071930442010547, 'g_gpe_gpi_mult': 0.8847992552212771}. Best is trial 4 with value: 1.6289992144599559.
[I 2026-05-28 01:39:51,896] Trial 40 finished with value: 6.243572182784524 and parameters: {'ISTN': 99.52514508954016, 'I_gpe': 0.8621154692148338, 'I_gpi': 1.861928971871232, 'noise_stn_sigma': 3.876348567717132, 'noise_gpe_sigma': 25.314407370072104, 'noise_gpi_sigma': 104.27013836825472, 'g_stn_gpe_mult': 2.0525293054019365, 'g_gpe_stn_mult': 0.15488546900086436, 'g_stn_gpi_mult': 1.9339533463315266, 'g_gpe_gpi_mult': 0.5199664763197347}. Best is trial 4 with value: 1.6289992144599559.
[I 2026-05-28 01:39:52,909] Trial 41 finished with value: 3.384929691012536 and parameters: {'ISTN': 79.74352403068048, 'I_gpe': 1.6482376370920426, 'I_gpi': 1.7266738312998804, 'noise_stn_sigma': 7.137179724744734, 'noise_gpe_sigma': 120.18982946871627, 'noise_gpi_sigma': 74.66110017097631, 'g_stn_gpe_mult': 3.069329861752826, 'g_gpe_stn_mult': 0.10547128210278099, 'g_stn_gpi_mult': 2.3449414888545173, 'g_gpe_gpi_mult': 0.4416590620511653}. Best is trial 4 with value: 1.6289992144599559.
[I 2026-05-28 01:39:53,917] Trial 42 finished with value: 9.210128704876286 and parameters: {'ISTN': 97.03643981546983, 'I_gpe': 2.3167940427292804, 'I_gpi': 2.296134196126184, 'noise_stn_sigma': 5.058462426795447, 'noise_gpe_sigma': 83.90786576965584, 'noise_gpi_sigma': 96.36382240836299, 'g_stn_gpe_mult': 3.36132140071535, 'g_gpe_stn_mult': 0.307437030427735, 'g_stn_gpi_mult': 1.6698752364573504, 'g_gpe_gpi_mult': 0.453099295636737}. Best is trial 4 with value: 1.6289992144599559.
[I 2026-05-28 01:39:54,927] Trial 43 finished with value: 5.644120511818539 and parameters: {'ISTN': 81.87356284997239, 'I_gpe': 2.0137079999097187, 'I_gpi': 1.3507658670984213, 'noise_stn_sigma': 4.202597397686473, 'noise_gpe_sigma': 65.6618840785846, 'noise_gpi_sigma': 53.828039124607386, 'g_stn_gpe_mult': 2.092681181244752, 'g_gpe_stn_mult': 0.3184480231066401, 'g_stn_gpi_mult': 1.948888558617057, 'g_gpe_gpi_mult': 0.3936234709120636}. Best is trial 4 with value: 1.6289992144599559.
