[I 2026-05-28 01:43:37,761] Trial 264 finished with value: 1.8520262109141616 and parameters: {'ISTN': 70.55699146805163, 'I_gpe': 0.7394840422762334, 'I_gpi': 1.950737750761558, 'noise_stn_sigma': 5.972934269253508, 'noise_gpe_sigma': 90.25678321670996, 'noise_gpi_sigma': 142.06972429182193, 'g_stn_gpe_mult': 1.7125392300392108, 'g_gpe_stn_mult': 0.21461554835242358, 'g_stn_gpi_mult': 2.597981110569403, 'g_gpe_gpi_mult': 0.5480660514999944}. Best is trial 209 with value: 0.38460119353143385.
[I 2026-05-28 01:43:38,771] Trial 265 finished with value: 3.011534131494842 and parameters: {'ISTN': 75.84388531408112, 'I_gpe': 0.6642123028673284, 'I_gpi': 2.982976363369002, 'noise_stn_sigma': 5.977754518638886, 'noise_gpe_sigma': 77.10883871656114, 'noise_gpi_sigma': 113.27773211462345, 'g_stn_gpe_mult': 1.8393750652347356, 'g_gpe_stn_mult': 0.2538439748997972, 'g_stn_gpi_mult': 2.996758944651853, 'g_gpe_gpi_mult': 0.6330284233143864}. Best is trial 209 with value: 0.38460119353143385.
[I 2026-05-28 01:43:39,779] Trial 266 finished with value: 2.7681505078374213 and parameters: {'ISTN': 72.84780163570588, 'I_gpe': 0.9492125873482835, 'I_gpi': 2.584259921885511, 'noise_stn_sigma': 6.620016077898335, 'noise_gpe_sigma': 81.78884517578959, 'noise_gpi_sigma': 125.73397168091327, 'g_stn_gpe_mult': 1.6738937163216296, 'g_gpe_stn_mult': 0.22050268363906192, 'g_stn_gpi_mult': 2.908631689275461, 'g_gpe_gpi_mult': 0.45220423391503156}. Best is trial 209 with value: 0.38460119353143385.
[I 2026-05-28 01:43:40,787] Trial 267 finished with value: 3.4980406930378125 and parameters: {'ISTN': 67.28337088853138, 'I_gpe': 1.4366423258738212, 'I_gpi': 2.5683718348673015, 'noise_stn_sigma': 5.668757724177833, 'noise_gpe_sigma': 66.25063296130654, 'noise_gpi_sigma': 121.3905807140462, 'g_stn_gpe_mult': 1.9744142374401084, 'g_gpe_stn_mult': 0.29563667185795944, 'g_stn_gpi_mult': 3.2039395761388354, 'g_gpe_gpi_mult': 0.4866546425507148}. Best is trial 209 with value: 0.38460119353143385.
[I 2026-05-28 01:43:41,796] Trial 268 finished with value: 2.017623639037075 and parameters: {'ISTN': 74.63238519148743, 'I_gpe': 0.7594822333759894, 'I_gpi': 2.2072518029898975, 'noise_stn_sigma': 4.884099146213224, 'noise_gpe_sigma': 80.0969461515806, 'noise_gpi_sigma': 142.30085274537072, 'g_stn_gpe_mult': 1.7798111063846123, 'g_gpe_stn_mult': 0.22274157429625044, 'g_stn_gpi_mult': 2.92573396848158, 'g_gpe_gpi_mult': 0.6197002033806012}. Best is trial 209 with value: 0.38460119353143385.
[I 2026-05-28 01:43:42,803] Trial 269 finished with value: 3.234822710995237 and parameters: {'ISTN': 83.52867222742015, 'I_gpe': 0.7336971446652035, 'I_gpi': 2.2435181094965935, 'noise_stn_sigma': 6.925414562212947, 'noise_gpe_sigma': 83.18719399929046, 'noise_gpi_sigma': 149.44966852445384, 'g_stn_gpe_mult': 1.7406909826448926, 'g_gpe_stn_mult': 0.3568267341273835, 'g_stn_gpi_mult': 3.0226780847893098, 'g_gpe_gpi_mult': 0.6713754924872344}. Best is trial 209 with value: 0.38460119353143385.
[I 2026-05-28 01:43:43,750] Trial 270 finished with value: 1000000.0 and parameters: {'ISTN': 76.57111754240127, 'I_gpe': 1.3266634484553321, 'I_gpi': 2.7573744897838974, 'noise_stn_sigma': 6.072463474655812, 'noise_gpe_sigma': 76.37803650276766, 'noise_gpi_sigma': 117.79201500729694, 'g_stn_gpe_mult': 2.132929990793709, 'g_gpe_stn_mult': 0.28454169759528786, 'g_stn_gpi_mult': 3.5319359449416012, 'g_gpe_gpi_mult': 0.6409787531402078}. Best is trial 209 with value: 0.38460119353143385.
[I 2026-05-28 01:43:44,761] Trial 271 finished with value: 2.0579079480055578 and parameters: {'ISTN': 85.89754752852747, 'I_gpe': 0.8879838326894895, 'I_gpi': 2.4152921547228257, 'noise_stn_sigma': 5.888704323528459, 'noise_gpe_sigma': 72.78493733499408, 'noise_gpi_sigma': 146.25556163458288, 'g_stn_gpe_mult': 1.9706305171412029, 'g_gpe_stn_mult': 0.1529094693053994, 'g_stn_gpi_mult': 2.843804730403, 'g_gpe_gpi_mult': 0.6230832854037089}. Best is trial 209 with value: 0.38460119353143385.
[I 2026-05-28 01:43:45,769] Trial 272 finished with value: 2.489071581614948 and parameters: {'ISTN': 72.14663276145023, 'I_gpe': 1.3003966875216357, 'I_gpi': 2.4126543105286853, 'noise_stn_sigma': 6.51877979613945, 'noise_gpe_sigma': 86.37258798452878, 'noise_gpi_sigma': 106.37269088113452, 'g_stn_gpe_mult': 2.0169331005901654, 'g_gpe_stn_mult': 0.24019855486805947, 'g_stn_gpi_mult': 2.4202923424803413, 'g_gpe_gpi_mult': 0.5313074562867646}. Best is trial 209 with value: 0.38460119353143385.
[I 2026-05-28 01:43:46,777] Trial 273 finished with value: 2.1424931208383065 and parameters: {'ISTN': 71.93284866234775, 'I_gpe': 0.8124360765877867, 'I_gpi': 1.917553942627006, 'noise_stn_sigma': 5.746326960790164, 'noise_gpe_sigma': 92.91032539837158, 'noise_gpi_sigma': 145.02368909671088, 'g_stn_gpe_mult': 1.66032597380165, 'g_gpe_stn_mult': 0.1876320565513651, 'g_stn_gpi_mult': 2.5630287237584937, 'g_gpe_gpi_mult': 0.593798622638354}. Best is trial 209 with value: 0.38460119353143385.
[I 2026-05-28 01:43:47,784] Trial 274 finished with value: 3.3632363680787183 and parameters: {'ISTN': 82.1522674476954, 'I_gpe': 1.06325577281008, 'I_gpi': 2.294922661878662, 'noise_stn_sigma': 5.830730839132574, 'noise_gpe_sigma': 84.66724154783577, 'noise_gpi_sigma': 136.22641434716138, 'g_stn_gpe_mult': 1.6342339173413911, 'g_gpe_stn_mult': 0.30721392371195166, 'g_stn_gpi_mult': 3.4375707353293317, 'g_gpe_gpi_mult': 0.644095896813563}. Best is trial 209 with value: 0.38460119353143385.
[I 2026-05-28 01:43:48,793] Trial 275 finished with value: 3.4232440428201727 and parameters: {'ISTN': 77.45741682994924, 'I_gpe': 0.9208643551954875, 'I_gpi': 2.464053197303644, 'noise_stn_sigma': 6.457960961093876, 'noise_gpe_sigma': 63.636823997451465, 'noise_gpi_sigma': 128.14922367214533, 'g_stn_gpe_mult': 2.350642398112048, 'g_gpe_stn_mult': 0.26211027118614216, 'g_stn_gpi_mult': 3.0881136798359927, 'g_gpe_gpi_mult': 0.6726220969893183}. Best is trial 209 with value: 0.38460119353143385.
[I 2026-05-28 01:43:49,802] Trial 276 finished with value: 3.3539780280196942 and parameters: {'ISTN': 69.82045067201776, 'I_gpe': 1.0757037120180541, 'I_gpi': 2.6975179155977207, 'noise_stn_sigma': 5.319309217229304, 'noise_gpe_sigma': 92.25722012308462, 'noise_gpi_sigma': 136.47578930069415, 'g_stn_gpe_mult': 1.6436232699752273, 'g_gpe_stn_mult': 0.24113668196369, 'g_stn_gpi_mult': 2.822399254769432, 'g_gpe_gpi_mult': 0.49309422932575686}. Best is trial 209 with value: 0.38460119353143385.
[I 2026-05-28 01:43:50,810] Trial 277 finished with value: 2.406202106599811 and parameters: {'ISTN': 73.62256680364129, 'I_gpe': 1.0261361963866704, 'I_gpi': 2.1017420594776843, 'noise_stn_sigma': 5.9298082112416575, 'noise_gpe_sigma': 91.80993122470731, 'noise_gpi_sigma': 130.17913066619676, 'g_stn_gpe_mult': 1.558876677447433, 'g_gpe_stn_mult': 0.21520088325796022, 'g_stn_gpi_mult': 2.6465848964427074, 'g_gpe_gpi_mult': 0.5052385068951784}. Best is trial 209 with value: 0.38460119353143385.
[I 2026-05-28 01:43:51,818] Trial 278 finished with value: 3.4988457639327115 and parameters: {'ISTN': 79.02517187242509, 'I_gpe': 1.4097381432840712, 'I_gpi': 2.903889834185099, 'noise_stn_sigma': 5.937071181125708, 'noise_gpe_sigma': 85.06863280030996, 'noise_gpi_sigma': 144.06488433023156, 'g_stn_gpe_mult': 1.9643225522886945, 'g_gpe_stn_mult': 0.17286308815351548, 'g_stn_gpi_mult': 3.03194873147351, 'g_gpe_gpi_mult': 0.6094347013427259}. Best is trial 209 with value: 0.38460119353143385.
[I 2026-05-28 01:43:52,828] Trial 279 finished with value: 3.111170203009685 and parameters: {'ISTN': 77.1163864628019, 'I_gpe': 1.0720479608214806, 'I_gpi': 2.4582829888297812, 'noise_stn_sigma': 5.967087658743392, 'noise_gpe_sigma': 86.4652383621106, 'noise_gpi_sigma': 120.22457806466441, 'g_stn_gpe_mult': 1.8495043266399347, 'g_gpe_stn_mult': 0.14395780186378943, 'g_stn_gpi_mult': 2.835135350049326, 'g_gpe_gpi_mult': 0.5883434165949561}. Best is trial 209 with value: 0.38460119353143385.
[I 2026-05-28 01:43:53,837] Trial 280 finished with value: 2.405752236363753 and parameters: {'ISTN': 71.41925130874546, 'I_gpe': 0.6709099945119793, 'I_gpi': 2.375251492397168, 'noise_stn_sigma': 6.46980074649861, 'noise_gpe_sigma': 74.48245758481904, 'noise_gpi_sigma': 136.0299251222072, 'g_stn_gpe_mult': 2.1988735021376247, 'g_gpe_stn_mult': 0.15716602614766945, 'g_stn_gpi_mult': 2.76199229130893, 'g_gpe_gpi_mult': 0.48452356669242885}. Best is trial 209 with value: 0.38460119353143385.
[I 2026-05-28 01:43:54,845] Trial 281 finished with value: 1.4344750619325521 and parameters: {'ISTN': 77.63065238752918, 'I_gpe': 0.808137097712764, 'I_gpi': 2.2864924630148593, 'noise_stn_sigma': 6.054699465760696, 'noise_gpe_sigma': 92.21032459414667, 'noise_gpi_sigma': 129.23624422389565, 'g_stn_gpe_mult': 1.859834864864704, 'g_gpe_stn_mult': 0.21406765046815052, 'g_stn_gpi_mult': 2.8700909200568203, 'g_gpe_gpi_mult': 0.5954790004078514}. Best is trial 209 with value: 0.38460119353143385.
[I 2026-05-28 01:43:55,855] Trial 282 finished with value: 2.830061472367443 and parameters: {'ISTN': 79.67731904719554, 'I_gpe': 0.9134008729651254, 'I_gpi': 2.3944395529563067, 'noise_stn_sigma': 5.4052182707144105, 'noise_gpe_sigma': 85.65025519451827, 'noise_gpi_sigma': 132.77232163472897, 'g_stn_gpe_mult': 2.0850046745395945, 'g_gpe_stn_mult': 0.23224463000027393, 'g_stn_gpi_mult': 2.5569193555635303, 'g_gpe_gpi_mult': 0.5905781188377932}. Best is trial 209 with value: 0.38460119353143385.
[I 2026-05-28 01:43:56,864] Trial 283 finished with value: 3.8404398336711063 and parameters: {'ISTN': 81.4798953203217, 'I_gpe': 1.1078631465905775, 'I_gpi': 2.121585971941152, 'noise_stn_sigma': 6.514839899353458, 'noise_gpe_sigma': 64.05818590135559, 'noise_gpi_sigma': 146.28640781402453, 'g_stn_gpe_mult': 2.005133141602704, 'g_gpe_stn_mult': 0.18205424225404432, 'g_stn_gpi_mult': 2.36458154507928, 'g_gpe_gpi_mult': 0.44297149162865546}. Best is trial 209 with value: 0.38460119353143385.
[I 2026-05-28 01:43:57,871] Trial 284 finished with value: 2.2413110105041105 and parameters: {'ISTN': 81.77401847355588, 'I_gpe': 0.9136283587774824, 'I_gpi': 2.2036706893105578, 'noise_stn_sigma': 6.329995040677834, 'noise_gpe_sigma': 78.98033416970034, 'noise_gpi_sigma': 127.27441140244179, 'g_stn_gpe_mult': 1.8038658954300502, 'g_gpe_stn_mult': 0.15415776676520865, 'g_stn_gpi_mult': 2.713414900277679, 'g_gpe_gpi_mult': 0.5515472816780659}. Best is trial 209 with value: 0.38460119353143385.
[I 2026-05-28 01:43:58,877] Trial 285 finished with value: 1.1299582536666013 and parameters: {'ISTN': 66.51612108847527, 'I_gpe': 1.0554082910169227, 'I_gpi': 2.22546240427258, 'noise_stn_sigma': 6.0530350906678745, 'noise_gpe_sigma': 54.01453106076818, 'noise_gpi_sigma': 138.85426915368782, 'g_stn_gpe_mult': 1.6077478318759264, 'g_gpe_stn_mult': 0.1281154721623562, 'g_stn_gpi_mult': 3.151150732787754, 'g_gpe_gpi_mult': 0.5840740644591289}. Best is trial 209 with value: 0.38460119353143385.
[I 2026-05-28 01:43:59,886] Trial 286 finished with value: 1.3291758921829766 and parameters: {'ISTN': 76.14652790446978, 'I_gpe': 0.6783711957254894, 'I_gpi': 1.547477344642109, 'noise_stn_sigma': 5.0606122069831505, 'noise_gpe_sigma': 86.55129162924781, 'noise_gpi_sigma': 132.94128035091097, 'g_stn_gpe_mult': 1.802143218195973, 'g_gpe_stn_mult': 0.20863129357082177, 'g_stn_gpi_mult': 2.7655609172672198, 'g_gpe_gpi_mult': 0.5841257747358927}. Best is trial 209 with value: 0.38460119353143385.
[I 2026-05-28 01:44:00,893] Trial 287 finished with value: 2.5083116008263975 and parameters: {'ISTN': 85.15586882138597, 'I_gpe': 0.6753722269282632, 'I_gpi': 1.921927933017761, 'noise_stn_sigma': 6.2782733272447215, 'noise_gpe_sigma': 84.38477003472667, 'noise_gpi_sigma': 144.9115050177237, 'g_stn_gpe_mult': 1.8164054797670708, 'g_gpe_stn_mult': 0.1846290574413941, 'g_stn_gpi_mult': 2.271423038185076, 'g_gpe_gpi_mult': 0.47534654884751565}. Best is trial 209 with value: 0.38460119353143385.
[I 2026-05-28 01:44:01,900] Trial 288 finished with value: 3.4190762499574365 and parameters: {'ISTN': 85.3843461424475, 'I_gpe': 0.8151203334103714, 'I_gpi': 2.5989013075139535, 'noise_stn_sigma': 5.703244087040382, 'noise_gpe_sigma': 71.2718203267136, 'noise_gpi_sigma': 132.93258569786803, 'g_stn_gpe_mult': 1.9341857322980962, 'g_gpe_stn_mult': 0.1113745395675752, 'g_stn_gpi_mult': 3.0113412564179347, 'g_gpe_gpi_mult': 0.6733631574139805}. Best is trial 209 with value: 0.38460119353143385.
[I 2026-05-28 01:44:02,908] Trial 289 finished with value: 2.6507135894807847 and parameters: {'ISTN': 77.46704733768573, 'I_gpe': 0.9054662303883934, 'I_gpi': 2.8351907777380516, 'noise_stn_sigma': 5.723030379743294, 'noise_gpe_sigma': 64.58112783657091, 'noise_gpi_sigma': 145.97489881728671, 'g_stn_gpe_mult': 1.9882466149538702, 'g_gpe_stn_mult': 0.13566384599381384, 'g_stn_gpi_mult': 2.6942507359226946, 'g_gpe_gpi_mult': 0.6291002409095721}. Best is trial 209 with value: 0.38460119353143385.
[I 2026-05-28 01:44:03,915] Trial 290 finished with value: 2.821572012141224 and parameters: {'ISTN': 76.16607034031783, 'I_gpe': 0.7054655962521059, 'I_gpi': 2.325203876413804, 'noise_stn_sigma': 6.303255986421863, 'noise_gpe_sigma': 84.35954105647367, 'noise_gpi_sigma': 130.42600126339195, 'g_stn_gpe_mult': 1.8257345758746681, 'g_gpe_stn_mult': 0.2894544315932858, 'g_stn_gpi_mult': 2.960147545153351, 'g_gpe_gpi_mult': 0.513424862193433}. Best is trial 209 with value: 0.38460119353143385.
[I 2026-05-28 01:44:04,924] Trial 291 finished with value: 1.5417404317826084 and parameters: {'ISTN': 74.24942374056641, 'I_gpe': 1.0132703636815534, 'I_gpi': 2.1076950489964266, 'noise_stn_sigma': 5.580675649175932, 'noise_gpe_sigma': 70.85607050268395, 'noise_gpi_sigma': 127.36146805937926, 'g_stn_gpe_mult': 1.846002149734165, 'g_gpe_stn_mult': 0.10200254688286663, 'g_stn_gpi_mult': 3.2710287882410936, 'g_gpe_gpi_mult': 0.6455221874517898}. Best is trial 209 with value: 0.38460119353143385.
[I 2026-05-28 01:44:05,935] Trial 292 finished with value: 2.479823957671119 and parameters: {'ISTN': 71.32422997183147, 'I_gpe': 1.1234263490099394, 'I_gpi': 2.1619465662417343, 'noise_stn_sigma': 6.022375905073022, 'noise_gpe_sigma': 75.79115185592592, 'noise_gpi_sigma': 140.0532835627747, 'g_stn_gpe_mult': 2.060725335298772, 'g_gpe_stn_mult': 0.10013269975700312, 'g_stn_gpi_mult': 2.919508268410679, 'g_gpe_gpi_mult': 0.6078904134944136}. Best is trial 209 with value: 0.38460119353143385.
[I 2026-05-28 01:44:06,944] Trial 293 finished with value: 3.3302382506499493 and parameters: {'ISTN': 83.34427668221097, 'I_gpe': 0.6421833315627179, 'I_gpi': 1.8790548474440438, 'noise_stn_sigma': 5.806087439257618, 'noise_gpe_sigma': 87.47691554365325, 'noise_gpi_sigma': 140.2434282855983, 'g_stn_gpe_mult': 1.628542953531471, 'g_gpe_stn_mult': 0.17043130852826396, 'g_stn_gpi_mult': 2.5342497176664236, 'g_gpe_gpi_mult': 0.5620219855132624}. Best is trial 209 with value: 0.38460119353143385.
[I 2026-05-28 01:44:07,955] Trial 294 finished with value: 2.9466336271421523 and parameters: {'ISTN': 74.65957537406885, 'I_gpe': 1.053906591153365, 'I_gpi': 1.8891113937498416, 'noise_stn_sigma': 5.503609026999346, 'noise_gpe_sigma': 74.15165638763582, 'noise_gpi_sigma': 126.58516772318508, 'g_stn_gpe_mult': 1.8559007831340364, 'g_gpe_stn_mult': 0.17031697155962117, 'g_stn_gpi_mult': 2.5567771972292945, 'g_gpe_gpi_mult': 0.5619329987252119}. Best is trial 209 with value: 0.38460119353143385.
[I 2026-05-28 01:44:08,961] Trial 295 finished with value: 1.69223543820532 and parameters: {'ISTN': 71.18492802059046, 'I_gpe': 0.7262870074605687, 'I_gpi': 1.7598684123129655, 'noise_stn_sigma': 5.294644042942821, 'noise_gpe_sigma': 79.05637663579247, 'noise_gpi_sigma': 135.8426045099625, 'g_stn_gpe_mult': 1.854684291723332, 'g_gpe_stn_mult': 0.10701350161337986, 'g_stn_gpi_mult': 2.632426212474046, 'g_gpe_gpi_mult': 0.6193091200965004}. Best is trial 209 with value: 0.38460119353143385.
[I 2026-05-28 01:44:09,970] Trial 296 finished with value: 1.577007768807293 and parameters: {'ISTN': 70.5261473036392, 'I_gpe': 1.0179393023535335, 'I_gpi': 2.229636847724551, 'noise_stn_sigma': 5.685372488182732, 'noise_gpe_sigma': 84.01617980440706, 'noise_gpi_sigma': 135.36222047115626, 'g_stn_gpe_mult': 1.660859140879563, 'g_gpe_stn_mult': 0.2862949735497884, 'g_stn_gpi_mult': 3.052011801264976, 'g_gpe_gpi_mult': 0.6005690707818374}. Best is trial 209 with value: 0.38460119353143385.
[I 2026-05-28 01:44:10,979] Trial 297 finished with value: 2.809229585258185 and parameters: {'ISTN': 72.16000967477545, 'I_gpe': 0.5522649601624786, 'I_gpi': 2.285042556259988, 'noise_stn_sigma': 5.986198272217984, 'noise_gpe_sigma': 86.08412841591222, 'noise_gpi_sigma': 142.18398750784758, 'g_stn_gpe_mult': 2.260105144481696, 'g_gpe_stn_mult': 0.18731307359868785, 'g_stn_gpi_mult': 2.720108190850971, 'g_gpe_gpi_mult': 0.6443797566816997}. Best is trial 209 with value: 0.38460119353143385.
[I 2026-05-28 01:44:11,988] Trial 298 finished with value: 3.163968631134526 and parameters: {'ISTN': 73.40274178240043, 'I_gpe': 0.7758914534929702, 'I_gpi': 2.2540571098401436, 'noise_stn_sigma': 5.684871834856004, 'noise_gpe_sigma': 62.56628586284592, 'noise_gpi_sigma': 139.54289179681868, 'g_stn_gpe_mult': 2.0233947629381643, 'g_gpe_stn_mult': 0.20715298821213024, 'g_stn_gpi_mult': 2.93666657548162, 'g_gpe_gpi_mult': 0.6472604035023239}. Best is trial 209 with value: 0.38460119353143385.
[I 2026-05-28 01:44:12,996] Trial 299 finished with value: 2.220339422305578 and parameters: {'ISTN': 79.940838902494, 'I_gpe': 1.1182207388477647, 'I_gpi': 1.5016134029229422, 'noise_stn_sigma': 5.93970503465805, 'noise_gpe_sigma': 88.48023040743254, 'noise_gpi_sigma': 137.92909178054276, 'g_stn_gpe_mult': 1.9016485350852648, 'g_gpe_stn_mult': 0.11059565449768137, 'g_stn_gpi_mult': 2.471318158594503, 'g_gpe_gpi_mult': 0.4585397471584209}. Best is trial 209 with value: 0.38460119353143385.
[I 2026-05-28 01:44:14,006] Trial 300 finished with value: 2.505552189320907 and parameters: {'ISTN': 62.559371232752966, 'I_gpe': 0.5289246735173433, 'I_gpi': 1.8459491306071651, 'noise_stn_sigma': 5.9879654426903794, 'noise_gpe_sigma': 70.69066073716499, 'noise_gpi_sigma': 136.39066240556357, 'g_stn_gpe_mult': 1.6629998703473605, 'g_gpe_stn_mult': 0.18309964820451832, 'g_stn_gpi_mult': 2.8508013514137978, 'g_gpe_gpi_mult': 0.4921581452519652}. Best is trial 209 with value: 0.38460119353143385.
[I 2026-05-28 01:44:15,016] Trial 301 finished with value: 2.577731359122057 and parameters: {'ISTN': 66.32910999375693, 'I_gpe': 0.9684382733685445, 'I_gpi': 2.0359241062317714, 'noise_stn_sigma': 6.264459425962855, 'noise_gpe_sigma': 52.433065323739946, 'noise_gpi_sigma': 114.8180150823037, 'g_stn_gpe_mult': 1.5689004201245702, 'g_gpe_stn_mult': 0.1488030614100862, 'g_stn_gpi_mult': 2.985731083894094, 'g_gpe_gpi_mult': 0.5808167726797626}. Best is trial 209 with value: 0.38460119353143385.
[I 2026-05-28 01:44:16,024] Trial 302 finished with value: 1.3446100615446561 and parameters: {'ISTN': 74.53317425404667, 'I_gpe': 1.2837612504690075, 'I_gpi': 2.1771253351065103, 'noise_stn_sigma': 5.539067952369088, 'noise_gpe_sigma': 75.18378693712478, 'noise_gpi_sigma': 125.91569796180603, 'g_stn_gpe_mult': 1.7639154473197423, 'g_gpe_stn_mult': 0.10969381590542762, 'g_stn_gpi_mult': 2.502825683362675, 'g_gpe_gpi_mult': 0.4664530275132151}. Best is trial 209 with value: 0.38460119353143385.
[I 2026-05-28 01:44:17,032] Trial 303 finished with value: 1.056911433445443 and parameters: {'ISTN': 76.10983134404998, 'I_gpe': 0.9016875103204622, 'I_gpi': 1.526529843987369, 'noise_stn_sigma': 6.309793260310067, 'noise_gpe_sigma': 82.36966835072957, 'noise_gpi_sigma': 137.51457857295097, 'g_stn_gpe_mult': 2.0155488546583253, 'g_gpe_stn_mult': 0.21466635618282698, 'g_stn_gpi_mult': 3.0034706931557826, 'g_gpe_gpi_mult': 0.7069300985364555}. Best is trial 209 with value: 0.38460119353143385.
[I 2026-05-28 01:44:18,041] Trial 304 finished with value: 3.026392997986841 and parameters: {'ISTN': 72.60072085015715, 'I_gpe': 1.0547451507285088, 'I_gpi': 1.5649411948827092, 'noise_stn_sigma': 5.14254041044212, 'noise_gpe_sigma': 92.04994908089078, 'noise_gpi_sigma': 149.7004404692164, 'g_stn_gpe_mult': 1.9756523453966346, 'g_gpe_stn_mult': 0.19539304166337063, 'g_stn_gpi_mult': 3.7125640497283086, 'g_gpe_gpi_mult': 0.736732835647153}. Best is trial 209 with value: 0.38460119353143385.
[I 2026-05-28 01:44:19,049] Trial 305 finished with value: 2.795297250361537 and parameters: {'ISTN': 76.37302270561726, 'I_gpe': 1.127314384252394, 'I_gpi': 2.4099729027528203, 'noise_stn_sigma': 5.535395012730138, 'noise_gpe_sigma': 80.68562581953864, 'noise_gpi_sigma': 143.7377979153885, 'g_stn_gpe_mult': 1.8726640848868938, 'g_gpe_stn_mult': 0.13616014502819807, 'g_stn_gpi_mult': 2.996772346575775, 'g_gpe_gpi_mult': 0.6249530077005441}. Best is trial 209 with value: 0.38460119353143385.
[I 2026-05-28 01:44:20,057] Trial 306 finished with value: 2.1010807201955854 and parameters: {'ISTN': 65.27578071146797, 'I_gpe': 0.7584827504318935, 'I_gpi': 2.2161417571920414, 'noise_stn_sigma': 5.451051991126219, 'noise_gpe_sigma': 70.88545163227991, 'noise_gpi_sigma': 146.3067552906851, 'g_stn_gpe_mult': 1.656053195248266, 'g_gpe_stn_mult': 0.14390501013299337, 'g_stn_gpi_mult': 3.323583840393088, 'g_gpe_gpi_mult': 0.6639691234469682}. Best is trial 209 with value: 0.38460119353143385.
[I 2026-05-28 01:44:21,071] Trial 307 finished with value: 2.389929242063196 and parameters: {'ISTN': 68.4504332554213, 'I_gpe': 1.178612820208568, 'I_gpi': 2.314852201301842, 'noise_stn_sigma': 5.489603396718573, 'noise_gpe_sigma': 73.90192456876514, 'noise_gpi_sigma': 106.80410880626758, 'g_stn_gpe_mult': 1.7117824031198272, 'g_gpe_stn_mult': 0.1762882173840423, 'g_stn_gpi_mult': 2.7689779848534517, 'g_gpe_gpi_mult': 0.5736174829487677}. Best is trial 209 with value: 0.38460119353143385.
