[I 2026-05-28 01:49:32,373] Trial 616 finished with value: 0.15305591783375766 and parameters: {'ISTN': 60.91523763422831, 'I_gpe': 1.2373097850873598, 'I_gpi': 1.6855380214296733, 'noise_stn_sigma': 3.2229236317806365, 'noise_gpe_sigma': 88.31299881596158, 'noise_gpi_sigma': 86.93355208949251, 'g_stn_gpe_mult': 2.956343185830428, 'g_gpe_stn_mult': 0.15454626378737193, 'g_stn_gpi_mult': 3.7022622837343118, 'g_gpe_gpi_mult': 0.7053250711899897}. Best is trial 615 with value: 0.14739028446966826.
[I 2026-05-28 01:49:33,381] Trial 617 finished with value: 0.7371429195386725 and parameters: {'ISTN': 60.51425921193884, 'I_gpe': 1.3525976583833108, 'I_gpi': 1.539286203747892, 'noise_stn_sigma': 3.26594041326445, 'noise_gpe_sigma': 81.12404839775725, 'noise_gpi_sigma': 78.40714972531109, 'g_stn_gpe_mult': 3.413653585097847, 'g_gpe_stn_mult': 0.12226830924838057, 'g_stn_gpi_mult': 3.9286965818756023, 'g_gpe_gpi_mult': 0.7284467281895677}. Best is trial 615 with value: 0.14739028446966826.
[I 2026-05-28 01:49:34,389] Trial 618 finished with value: 0.17412168945838408 and parameters: {'ISTN': 63.54545532215406, 'I_gpe': 1.241682163257047, 'I_gpi': 1.742122926670474, 'noise_stn_sigma': 2.570881636982617, 'noise_gpe_sigma': 86.37207809886675, 'noise_gpi_sigma': 78.46570544039014, 'g_stn_gpe_mult': 3.0593658543331634, 'g_gpe_stn_mult': 0.14410323723336374, 'g_stn_gpi_mult': 3.8795290284777666, 'g_gpe_gpi_mult': 0.8686689025726884}. Best is trial 615 with value: 0.14739028446966826.
[I 2026-05-28 01:49:35,400] Trial 619 finished with value: 0.1680816780350482 and parameters: {'ISTN': 62.59506763867886, 'I_gpe': 1.1315945850998914, 'I_gpi': 1.7564236618722364, 'noise_stn_sigma': 3.3736063283765367, 'noise_gpe_sigma': 88.53576844085238, 'noise_gpi_sigma': 76.0227882768086, 'g_stn_gpe_mult': 2.9689306405374256, 'g_gpe_stn_mult': 0.1350418202380378, 'g_stn_gpi_mult': 3.6751706249164284, 'g_gpe_gpi_mult': 0.7523772580365986}. Best is trial 615 with value: 0.14739028446966826.
[I 2026-05-28 01:49:36,411] Trial 620 finished with value: 1.0060356320193846 and parameters: {'ISTN': 62.4450352449188, 'I_gpe': 1.2845914985995863, 'I_gpi': 1.6725488178621881, 'noise_stn_sigma': 2.208246471691279, 'noise_gpe_sigma': 83.23985639861725, 'noise_gpi_sigma': 93.52171412658252, 'g_stn_gpe_mult': 3.0532205270769666, 'g_gpe_stn_mult': 0.1152770594975409, 'g_stn_gpi_mult': 3.6350061376489253, 'g_gpe_gpi_mult': 0.8172131125857234}. Best is trial 615 with value: 0.14739028446966826.
[I 2026-05-28 01:49:37,422] Trial 621 finished with value: 1.9461942152494813 and parameters: {'ISTN': 61.77600955629363, 'I_gpe': 1.330471090404546, 'I_gpi': 1.9414011141825402, 'noise_stn_sigma': 2.2918547116061405, 'noise_gpe_sigma': 81.38269284138988, 'noise_gpi_sigma': 78.12950962632269, 'g_stn_gpe_mult': 2.967093094644955, 'g_gpe_stn_mult': 0.11742599154068838, 'g_stn_gpi_mult': 3.956074017092443, 'g_gpe_gpi_mult': 0.7512356097950725}. Best is trial 615 with value: 0.14739028446966826.
[I 2026-05-28 01:49:38,430] Trial 622 finished with value: 0.2005437039445453 and parameters: {'ISTN': 64.88971018920137, 'I_gpe': 1.2386949437116734, 'I_gpi': 1.5473453596154698, 'noise_stn_sigma': 2.6389747141991173, 'noise_gpe_sigma': 93.68054527127768, 'noise_gpi_sigma': 71.43081347458758, 'g_stn_gpe_mult': 3.021273477741885, 'g_gpe_stn_mult': 0.157929542247842, 'g_stn_gpi_mult': 3.79163768826229, 'g_gpe_gpi_mult': 0.7961023665263216}. Best is trial 615 with value: 0.14739028446966826.
[I 2026-05-28 01:49:39,440] Trial 623 finished with value: 0.2172445179023197 and parameters: {'ISTN': 63.36960601152678, 'I_gpe': 0.9004091275837733, 'I_gpi': 1.6368936892813932, 'noise_stn_sigma': 3.2923937409861503, 'noise_gpe_sigma': 98.85452755416252, 'noise_gpi_sigma': 75.05551747506054, 'g_stn_gpe_mult': 3.199637159619348, 'g_gpe_stn_mult': 0.1632606092868889, 'g_stn_gpi_mult': 3.315613837948432, 'g_gpe_gpi_mult': 0.8063560966011998}. Best is trial 615 with value: 0.14739028446966826.
[I 2026-05-28 01:49:40,449] Trial 624 finished with value: 0.23942677426303857 and parameters: {'ISTN': 67.5814157201535, 'I_gpe': 1.271330569174953, 'I_gpi': 2.1494206604891373, 'noise_stn_sigma': 2.3651316049325635, 'noise_gpe_sigma': 84.95850906421164, 'noise_gpi_sigma': 72.66368078651999, 'g_stn_gpe_mult': 3.0808194942835283, 'g_gpe_stn_mult': 0.10811291245531823, 'g_stn_gpi_mult': 3.780448189421845, 'g_gpe_gpi_mult': 0.8195580354617986}. Best is trial 615 with value: 0.14739028446966826.
[I 2026-05-28 01:49:41,459] Trial 625 finished with value: 0.18625821163002876 and parameters: {'ISTN': 64.76975253959262, 'I_gpe': 1.1239243028785766, 'I_gpi': 1.9374279310390106, 'noise_stn_sigma': 2.5201275983097364, 'noise_gpe_sigma': 91.7142901868757, 'noise_gpi_sigma': 69.8407650887026, 'g_stn_gpe_mult': 3.1282880702362768, 'g_gpe_stn_mult': 0.15155879797934213, 'g_stn_gpi_mult': 3.725298924025352, 'g_gpe_gpi_mult': 0.7928709014879531}. Best is trial 615 with value: 0.14739028446966826.
[I 2026-05-28 01:49:42,468] Trial 626 finished with value: 0.16975627067116267 and parameters: {'ISTN': 62.91050096945433, 'I_gpe': 1.1529646635248036, 'I_gpi': 1.8089373572323917, 'noise_stn_sigma': 2.984326905717336, 'noise_gpe_sigma': 82.4014201337773, 'noise_gpi_sigma': 85.79257155786993, 'g_stn_gpe_mult': 2.8912126465132753, 'g_gpe_stn_mult': 0.1246445339947485, 'g_stn_gpi_mult': 3.4975366945228314, 'g_gpe_gpi_mult': 0.7627353001070798}. Best is trial 615 with value: 0.14739028446966826.
[I 2026-05-28 01:49:43,478] Trial 627 finished with value: 2.595962212266387 and parameters: {'ISTN': 60.20547116385845, 'I_gpe': 1.1730064371702882, 'I_gpi': 2.0668314735123117, 'noise_stn_sigma': 2.050358223616905, 'noise_gpe_sigma': 92.9061441833725, 'noise_gpi_sigma': 74.47782062659141, 'g_stn_gpe_mult': 2.820111751338319, 'g_gpe_stn_mult': 0.12846385231277085, 'g_stn_gpi_mult': 3.924406721899282, 'g_gpe_gpi_mult': 0.8002760644565696}. Best is trial 615 with value: 0.14739028446966826.
[I 2026-05-28 01:49:44,488] Trial 628 finished with value: 0.19958817025532313 and parameters: {'ISTN': 60.83097653779093, 'I_gpe': 1.0923996312734425, 'I_gpi': 1.8413604308536755, 'noise_stn_sigma': 2.546865656669885, 'noise_gpe_sigma': 96.04898895562913, 'noise_gpi_sigma': 81.82062163785605, 'g_stn_gpe_mult': 3.1818597388640804, 'g_gpe_stn_mult': 0.15568492560239927, 'g_stn_gpi_mult': 3.690057941715061, 'g_gpe_gpi_mult': 0.8120700851250018}. Best is trial 615 with value: 0.14739028446966826.
[I 2026-05-28 01:49:45,496] Trial 629 finished with value: 0.6715574311654054 and parameters: {'ISTN': 63.62599137163422, 'I_gpe': 0.8532868704602175, 'I_gpi': 1.7002032728626544, 'noise_stn_sigma': 3.725484064527808, 'noise_gpe_sigma': 93.1094153939756, 'noise_gpi_sigma': 71.58423567679566, 'g_stn_gpe_mult': 2.981012022352764, 'g_gpe_stn_mult': 0.23035491072641037, 'g_stn_gpi_mult': 3.6484129991923226, 'g_gpe_gpi_mult': 0.7693315242074279}. Best is trial 615 with value: 0.14739028446966826.
[I 2026-05-28 01:49:46,505] Trial 630 finished with value: 0.16769483407967697 and parameters: {'ISTN': 61.32442190001815, 'I_gpe': 1.2284404755297373, 'I_gpi': 1.7146572372273292, 'noise_stn_sigma': 2.544530555339872, 'noise_gpe_sigma': 80.01519481760342, 'noise_gpi_sigma': 70.53624588277698, 'g_stn_gpe_mult': 3.2102295798212754, 'g_gpe_stn_mult': 0.17509385223620014, 'g_stn_gpi_mult': 3.8169167984265355, 'g_gpe_gpi_mult': 0.9651417717596844}. Best is trial 615 with value: 0.14739028446966826.
[I 2026-05-28 01:49:47,514] Trial 631 finished with value: 0.32151139478257806 and parameters: {'ISTN': 66.50456474493457, 'I_gpe': 0.9928452927113129, 'I_gpi': 1.7645778989934924, 'noise_stn_sigma': 4.060925836473714, 'noise_gpe_sigma': 71.6181338591884, 'noise_gpi_sigma': 78.37890625400654, 'g_stn_gpe_mult': 2.5728547217721234, 'g_gpe_stn_mult': 0.1272612716331081, 'g_stn_gpi_mult': 3.7076801036988947, 'g_gpe_gpi_mult': 0.7792658404655266}. Best is trial 615 with value: 0.14739028446966826.
[I 2026-05-28 01:49:48,525] Trial 632 finished with value: 0.19532464535840122 and parameters: {'ISTN': 64.55009009037724, 'I_gpe': 1.360923939594116, 'I_gpi': 1.759961150349758, 'noise_stn_sigma': 2.4532504239150135, 'noise_gpe_sigma': 72.18261023649404, 'noise_gpi_sigma': 76.92084604242851, 'g_stn_gpe_mult': 3.218746322523388, 'g_gpe_stn_mult': 0.14251170111067274, 'g_stn_gpi_mult': 3.771423430267311, 'g_gpe_gpi_mult': 0.9782678994870972}. Best is trial 615 with value: 0.14739028446966826.
[I 2026-05-28 01:49:49,473] Trial 633 finished with value: 1000000.0 and parameters: {'ISTN': 72.01392943376561, 'I_gpe': 1.0189522774215551, 'I_gpi': 1.6613533487789973, 'noise_stn_sigma': 3.106685327313202, 'noise_gpe_sigma': 76.57354809864785, 'noise_gpi_sigma': 67.96769982614961, 'g_stn_gpe_mult': 2.955579915331723, 'g_gpe_stn_mult': 0.11489580139717931, 'g_stn_gpi_mult': 3.4356521634566946, 'g_gpe_gpi_mult': 0.8838260371624074}. Best is trial 615 with value: 0.14739028446966826.
[I 2026-05-28 01:49:50,482] Trial 634 finished with value: 0.1987764399060509 and parameters: {'ISTN': 62.814525700334755, 'I_gpe': 1.1862888084980863, 'I_gpi': 1.7062955971993345, 'noise_stn_sigma': 3.1195868526721795, 'noise_gpe_sigma': 75.90295149950053, 'noise_gpi_sigma': 80.07769810006742, 'g_stn_gpe_mult': 2.9273495064808204, 'g_gpe_stn_mult': 0.17553949522679452, 'g_stn_gpi_mult': 3.6833959048689495, 'g_gpe_gpi_mult': 0.8639885482820633}. Best is trial 615 with value: 0.14739028446966826.
[I 2026-05-28 01:49:51,492] Trial 635 finished with value: 0.31818553703780617 and parameters: {'ISTN': 62.40766929140247, 'I_gpe': 1.4306284998442425, 'I_gpi': 1.8021149423575697, 'noise_stn_sigma': 2.416961680504062, 'noise_gpe_sigma': 80.89617996069242, 'noise_gpi_sigma': 70.52263960502887, 'g_stn_gpe_mult': 3.2465277051722046, 'g_gpe_stn_mult': 0.14175007393178513, 'g_stn_gpi_mult': 3.8423332223483366, 'g_gpe_gpi_mult': 0.8736362553155586}. Best is trial 615 with value: 0.14739028446966826.
[I 2026-05-28 01:49:52,499] Trial 636 finished with value: 0.20350117020622824 and parameters: {'ISTN': 64.29191324065044, 'I_gpe': 1.1483313446972219, 'I_gpi': 2.010895449102878, 'noise_stn_sigma': 2.0937817202217612, 'noise_gpe_sigma': 85.74302562749972, 'noise_gpi_sigma': 73.04099996011533, 'g_stn_gpe_mult': 3.0780105110037486, 'g_gpe_stn_mult': 0.15073173111284538, 'g_stn_gpi_mult': 3.8010261588083223, 'g_gpe_gpi_mult': 0.8419391060205295}. Best is trial 615 with value: 0.14739028446966826.
[I 2026-05-28 01:49:53,508] Trial 637 finished with value: 0.22637550078126265 and parameters: {'ISTN': 66.46888070934453, 'I_gpe': 1.1358136900175975, 'I_gpi': 1.854621720916671, 'noise_stn_sigma': 3.1066848125828748, 'noise_gpe_sigma': 73.06972417101196, 'noise_gpi_sigma': 70.49915628403811, 'g_stn_gpe_mult': 2.9086303789705528, 'g_gpe_stn_mult': 0.13905318682415962, 'g_stn_gpi_mult': 3.6524802718466685, 'g_gpe_gpi_mult': 0.7903189668484114}. Best is trial 615 with value: 0.14739028446966826.
[I 2026-05-28 01:49:54,516] Trial 638 finished with value: 0.24739837950072896 and parameters: {'ISTN': 65.08230034437013, 'I_gpe': 1.0078418299761287, 'I_gpi': 1.5050609779778727, 'noise_stn_sigma': 2.3806546550619343, 'noise_gpe_sigma': 89.35522507358021, 'noise_gpi_sigma': 62.72048687363395, 'g_stn_gpe_mult': 3.0539351269527852, 'g_gpe_stn_mult': 0.17370747868139091, 'g_stn_gpi_mult': 3.625505993507811, 'g_gpe_gpi_mult': 0.8816051821846129}. Best is trial 615 with value: 0.14739028446966826.
[I 2026-05-28 01:49:55,524] Trial 639 finished with value: 0.17837294305491735 and parameters: {'ISTN': 63.03576611508549, 'I_gpe': 1.269019546744404, 'I_gpi': 1.880025361891488, 'noise_stn_sigma': 2.551666101647595, 'noise_gpe_sigma': 82.63931947514394, 'noise_gpi_sigma': 72.12215457759781, 'g_stn_gpe_mult': 3.0084706128436345, 'g_gpe_stn_mult': 0.17296559825942132, 'g_stn_gpi_mult': 3.8239617559690746, 'g_gpe_gpi_mult': 0.8287610006392085}. Best is trial 615 with value: 0.14739028446966826.
[I 2026-05-28 01:49:56,533] Trial 640 finished with value: 0.19008052698480785 and parameters: {'ISTN': 62.35331963836132, 'I_gpe': 1.0577290403169068, 'I_gpi': 1.7052064664504845, 'noise_stn_sigma': 2.878496476989966, 'noise_gpe_sigma': 93.25203616055886, 'noise_gpi_sigma': 77.82294243288085, 'g_stn_gpe_mult': 3.2932672620687686, 'g_gpe_stn_mult': 0.18032604752833542, 'g_stn_gpi_mult': 3.218151187169906, 'g_gpe_gpi_mult': 0.8313177414226767}. Best is trial 615 with value: 0.14739028446966826.
[I 2026-05-28 01:49:57,544] Trial 641 finished with value: 0.1968009321572577 and parameters: {'ISTN': 64.304724382261, 'I_gpe': 1.0264323455625473, 'I_gpi': 1.849564487664928, 'noise_stn_sigma': 2.6812004925710182, 'noise_gpe_sigma': 92.04800732045317, 'noise_gpi_sigma': 80.23049818281613, 'g_stn_gpe_mult': 3.2515154433485405, 'g_gpe_stn_mult': 0.17794100214263564, 'g_stn_gpi_mult': 3.631926590736023, 'g_gpe_gpi_mult': 0.892235185395361}. Best is trial 615 with value: 0.14739028446966826.
[I 2026-05-28 01:49:58,551] Trial 642 finished with value: 0.16729394301943512 and parameters: {'ISTN': 60.93851655379313, 'I_gpe': 1.3427730677028888, 'I_gpi': 1.9510147680644685, 'noise_stn_sigma': 3.1959487915560225, 'noise_gpe_sigma': 75.64425193455611, 'noise_gpi_sigma': 76.85303322928499, 'g_stn_gpe_mult': 3.189800972062757, 'g_gpe_stn_mult': 0.15037249449321768, 'g_stn_gpi_mult': 3.794461371316891, 'g_gpe_gpi_mult': 0.7779842828430426}. Best is trial 615 with value: 0.14739028446966826.
[I 2026-05-28 01:49:59,559] Trial 643 finished with value: 1.9242021455219898 and parameters: {'ISTN': 70.34854355740039, 'I_gpe': 0.9781209186647519, 'I_gpi': 1.931194663350808, 'noise_stn_sigma': 2.4036598416173414, 'noise_gpe_sigma': 86.0757391479725, 'noise_gpi_sigma': 68.1744238415493, 'g_stn_gpe_mult': 3.1515303986112504, 'g_gpe_stn_mult': 0.18312304534875962, 'g_stn_gpi_mult': 3.597545129725307, 'g_gpe_gpi_mult': 0.8518141534412036}. Best is trial 615 with value: 0.14739028446966826.
[I 2026-05-28 01:50:00,570] Trial 644 finished with value: 0.2027409534088737 and parameters: {'ISTN': 63.156307698798365, 'I_gpe': 0.9656611253385368, 'I_gpi': 2.006736856419965, 'noise_stn_sigma': 2.54684765123345, 'noise_gpe_sigma': 94.96880832442052, 'noise_gpi_sigma': 78.85351868717689, 'g_stn_gpe_mult': 3.5700933741873473, 'g_gpe_stn_mult': 0.16805055727814605, 'g_stn_gpi_mult': 3.9265190672852692, 'g_gpe_gpi_mult': 0.8608453529597064}. Best is trial 615 with value: 0.14739028446966826.
[I 2026-05-28 01:50:01,579] Trial 645 finished with value: 0.2571531560544038 and parameters: {'ISTN': 62.689231629652696, 'I_gpe': 1.2942171311230832, 'I_gpi': 1.512108965667751, 'noise_stn_sigma': 2.4653216618446585, 'noise_gpe_sigma': 81.25282663429113, 'noise_gpi_sigma': 75.18599543311522, 'g_stn_gpe_mult': 3.107895319004855, 'g_gpe_stn_mult': 0.15205625895313196, 'g_stn_gpi_mult': 3.5264778963735184, 'g_gpe_gpi_mult': 0.8955579505982596}. Best is trial 615 with value: 0.14739028446966826.
[I 2026-05-28 01:50:02,588] Trial 646 finished with value: 0.1864237578074801 and parameters: {'ISTN': 62.94144065689742, 'I_gpe': 1.2662472623135608, 'I_gpi': 1.7446529003665925, 'noise_stn_sigma': 2.4781522230966404, 'noise_gpe_sigma': 77.88961707617511, 'noise_gpi_sigma': 89.30236056441608, 'g_stn_gpe_mult': 3.0257783380701966, 'g_gpe_stn_mult': 0.19086048400072037, 'g_stn_gpi_mult': 3.766850266539918, 'g_gpe_gpi_mult': 0.8818475697180326}. Best is trial 615 with value: 0.14739028446966826.
[I 2026-05-28 01:50:03,600] Trial 647 finished with value: 0.22795975329297535 and parameters: {'ISTN': 64.88072697157776, 'I_gpe': 1.315062504827145, 'I_gpi': 1.7259597597230618, 'noise_stn_sigma': 2.033045631784841, 'noise_gpe_sigma': 88.91243567879299, 'noise_gpi_sigma': 61.99196061194597, 'g_stn_gpe_mult': 3.2331813822418622, 'g_gpe_stn_mult': 0.14102622132395662, 'g_stn_gpi_mult': 3.4880922053346857, 'g_gpe_gpi_mult': 0.7451431667399528}. Best is trial 615 with value: 0.14739028446966826.
[I 2026-05-28 01:50:04,609] Trial 648 finished with value: 0.6508648907936243 and parameters: {'ISTN': 66.1864271119641, 'I_gpe': 1.2029144324300072, 'I_gpi': 1.953078786839428, 'noise_stn_sigma': 1.9384269799772638, 'noise_gpe_sigma': 88.06642484094787, 'noise_gpi_sigma': 60.919074795182816, 'g_stn_gpe_mult': 3.430505996450119, 'g_gpe_stn_mult': 0.19559918805231452, 'g_stn_gpi_mult': 3.882560935386904, 'g_gpe_gpi_mult': 1.0072716421237031}. Best is trial 615 with value: 0.14739028446966826.
[I 2026-05-28 01:50:05,619] Trial 649 finished with value: 0.22715667891994706 and parameters: {'ISTN': 62.58571284487155, 'I_gpe': 1.3150469840590013, 'I_gpi': 1.4100025748943437, 'noise_stn_sigma': 2.359758135257033, 'noise_gpe_sigma': 77.36550482887434, 'noise_gpi_sigma': 73.05877928735532, 'g_stn_gpe_mult': 3.2615534398626966, 'g_gpe_stn_mult': 0.1645008011213202, 'g_stn_gpi_mult': 3.89793884454883, 'g_gpe_gpi_mult': 0.9512659913341561}. Best is trial 615 with value: 0.14739028446966826.
[I 2026-05-28 01:50:06,628] Trial 650 finished with value: 0.25908620096943724 and parameters: {'ISTN': 62.54585186918242, 'I_gpe': 1.301277583089933, 'I_gpi': 1.7223257671643868, 'noise_stn_sigma': 2.5084830388966948, 'noise_gpe_sigma': 78.27212370367809, 'noise_gpi_sigma': 86.03443783242521, 'g_stn_gpe_mult': 2.974162534184147, 'g_gpe_stn_mult': 0.11925249564831976, 'g_stn_gpi_mult': 3.535055433530643, 'g_gpe_gpi_mult': 0.8202328402921253}. Best is trial 615 with value: 0.14739028446966826.
[I 2026-05-28 01:50:07,639] Trial 651 finished with value: 0.4529992232835648 and parameters: {'ISTN': 64.44191556966221, 'I_gpe': 1.3296404953850534, 'I_gpi': 2.128937224360705, 'noise_stn_sigma': 3.385541071049794, 'noise_gpe_sigma': 68.77827787883652, 'noise_gpi_sigma': 83.02767451049581, 'g_stn_gpe_mult': 3.04595479961159, 'g_gpe_stn_mult': 0.19117226325889963, 'g_stn_gpi_mult': 3.8778897373449777, 'g_gpe_gpi_mult': 0.8032994546826}. Best is trial 615 with value: 0.14739028446966826.
[I 2026-05-28 01:50:08,588] Trial 652 finished with value: 1000000.0 and parameters: {'ISTN': 62.59796256522217, 'I_gpe': 1.195963443572957, 'I_gpi': 1.856183028142528, 'noise_stn_sigma': 3.1517838981065043, 'noise_gpe_sigma': 77.50589470726078, 'noise_gpi_sigma': 81.79011222415414, 'g_stn_gpe_mult': 3.3245838028453587, 'g_gpe_stn_mult': 0.14789514288914724, 'g_stn_gpi_mult': 3.6628036895169576, 'g_gpe_gpi_mult': 0.7797040689362165}. Best is trial 615 with value: 0.14739028446966826.
[I 2026-05-28 01:50:09,597] Trial 653 finished with value: 0.2475091325880651 and parameters: {'ISTN': 63.83735209792401, 'I_gpe': 1.4019005514028877, 'I_gpi': 1.959720561868011, 'noise_stn_sigma': 2.38571615966492, 'noise_gpe_sigma': 85.58921672678122, 'noise_gpi_sigma': 85.16877489288245, 'g_stn_gpe_mult': 3.7122400261345803, 'g_gpe_stn_mult': 0.1612688172750071, 'g_stn_gpi_mult': 3.9502294745130384, 'g_gpe_gpi_mult': 0.889465736270034}. Best is trial 615 with value: 0.14739028446966826.
[I 2026-05-28 01:50:10,606] Trial 654 finished with value: 0.29839342676292413 and parameters: {'ISTN': 63.113516880263504, 'I_gpe': 1.1155959146902548, 'I_gpi': 1.6967504356495384, 'noise_stn_sigma': 2.9842289674781077, 'noise_gpe_sigma': 76.77541329197855, 'noise_gpi_sigma': 79.86301577491902, 'g_stn_gpe_mult': 3.2413205852594578, 'g_gpe_stn_mult': 0.16255178442442839, 'g_stn_gpi_mult': 3.851423772926015, 'g_gpe_gpi_mult': 0.9194397526633187}. Best is trial 615 with value: 0.14739028446966826.
[I 2026-05-28 01:50:11,618] Trial 655 finished with value: 0.2809257088862193 and parameters: {'ISTN': 63.28893243398853, 'I_gpe': 1.3304694852624306, 'I_gpi': 1.8124068697725935, 'noise_stn_sigma': 3.232804723320872, 'noise_gpe_sigma': 75.85027847940758, 'noise_gpi_sigma': 72.5944932562335, 'g_stn_gpe_mult': 3.0535436797594286, 'g_gpe_stn_mult': 0.10739673002143228, 'g_stn_gpi_mult': 3.72198074272415, 'g_gpe_gpi_mult': 0.7175476864091148}. Best is trial 615 with value: 0.14739028446966826.
[I 2026-05-28 01:50:12,630] Trial 656 finished with value: 0.17904184664065317 and parameters: {'ISTN': 63.55370027313065, 'I_gpe': 1.2450031871913345, 'I_gpi': 1.9322795316424943, 'noise_stn_sigma': 3.486201497815483, 'noise_gpe_sigma': 85.17321375134628, 'noise_gpi_sigma': 85.57443306317398, 'g_stn_gpe_mult': 3.1424018989677984, 'g_gpe_stn_mult': 0.154967942534243, 'g_stn_gpi_mult': 3.4433796119905162, 'g_gpe_gpi_mult': 0.7772282082369519}. Best is trial 615 with value: 0.14739028446966826.
[I 2026-05-28 01:50:13,640] Trial 657 finished with value: 0.18480240613362472 and parameters: {'ISTN': 65.9958649150235, 'I_gpe': 1.2330297822678529, 'I_gpi': 1.8355810667164874, 'noise_stn_sigma': 2.4699291339512195, 'noise_gpe_sigma': 80.62474407865047, 'noise_gpi_sigma': 76.52349197311483, 'g_stn_gpe_mult': 3.321018844849966, 'g_gpe_stn_mult': 0.1300944390372789, 'g_stn_gpi_mult': 3.9645835827699347, 'g_gpe_gpi_mult': 0.8366400468398001}. Best is trial 615 with value: 0.14739028446966826.
[I 2026-05-28 01:50:14,648] Trial 658 finished with value: 0.19735029231340745 and parameters: {'ISTN': 65.06701024304385, 'I_gpe': 1.092535186565075, 'I_gpi': 1.8729420068991813, 'noise_stn_sigma': 3.069709904029484, 'noise_gpe_sigma': 88.94459118384073, 'noise_gpi_sigma': 89.50121871883283, 'g_stn_gpe_mult': 3.507711208830875, 'g_gpe_stn_mult': 0.15315020904402754, 'g_stn_gpi_mult': 3.9180195433610505, 'g_gpe_gpi_mult': 0.9208701405740407}. Best is trial 615 with value: 0.14739028446966826.
[I 2026-05-28 01:50:15,656] Trial 659 finished with value: 0.16793406816552325 and parameters: {'ISTN': 62.88855012703814, 'I_gpe': 1.1634348955374438, 'I_gpi': 1.8739370764023677, 'noise_stn_sigma': 2.872436911394794, 'noise_gpe_sigma': 79.58342318976975, 'noise_gpi_sigma': 86.63321615436756, 'g_stn_gpe_mult': 3.0980668897828623, 'g_gpe_stn_mult': 0.13190203223260852, 'g_stn_gpi_mult': 3.767835105159026, 'g_gpe_gpi_mult': 0.8053225756080957}. Best is trial 615 with value: 0.14739028446966826.
