[I 2026-05-28 02:18:18,901] Trial 308 finished with value: 0.569455721145701 and parameters: {'ISTN': 61.89029271031457, 'I_gpe': 1.224719748967365, 'I_gpi': 1.995424641750561, 'noise_stn_sigma': 4.141759833006841, 'noise_gpe_sigma': 111.01701831225535, 'noise_gpi_sigma': 104.68029253778799, 'g_stn_gpe_mult': 2.74725375557037, 'g_gpe_stn_mult': 0.14042054072124585, 'g_stn_gpi_mult': 2.4413907584616164, 'g_gpe_gpi_mult': 0.9229516722449529}. Best is trial 277 with value: 0.524336207388414.
[I 2026-05-28 02:18:19,912] Trial 309 finished with value: 0.6376139864166899 and parameters: {'ISTN': 66.1606652786698, 'I_gpe': 1.3124536019952382, 'I_gpi': 2.089268884581122, 'noise_stn_sigma': 3.50013835649883, 'noise_gpe_sigma': 112.27293602194075, 'noise_gpi_sigma': 110.49562872593836, 'g_stn_gpe_mult': 2.9108293147071347, 'g_gpe_stn_mult': 0.16613360888036596, 'g_stn_gpi_mult': 2.638884311583122, 'g_gpe_gpi_mult': 1.062777219829446}. Best is trial 277 with value: 0.524336207388414.
[I 2026-05-28 02:18:20,916] Trial 310 finished with value: 0.8717570724973385 and parameters: {'ISTN': 65.75605167670697, 'I_gpe': 0.9414111168709041, 'I_gpi': 2.043798672682385, 'noise_stn_sigma': 3.5567377427332105, 'noise_gpe_sigma': 116.84382007655897, 'noise_gpi_sigma': 104.0929052522464, 'g_stn_gpe_mult': 2.548238345479255, 'g_gpe_stn_mult': 0.1072255504520284, 'g_stn_gpi_mult': 2.8067987635995237, 'g_gpe_gpi_mult': 1.0371841798285353}. Best is trial 277 with value: 0.524336207388414.
[I 2026-05-28 02:18:21,925] Trial 311 finished with value: 0.5614043349421701 and parameters: {'ISTN': 63.457206684694846, 'I_gpe': 1.3350305520192238, 'I_gpi': 1.9846408256934371, 'noise_stn_sigma': 4.267279742526751, 'noise_gpe_sigma': 110.89490445675635, 'noise_gpi_sigma': 100.17202183058562, 'g_stn_gpe_mult': 2.8521099544805493, 'g_gpe_stn_mult': 0.12300449614019579, 'g_stn_gpi_mult': 2.533714540242185, 'g_gpe_gpi_mult': 0.9955832652447463}. Best is trial 277 with value: 0.524336207388414.
[I 2026-05-28 02:18:22,933] Trial 312 finished with value: 0.5653710879275574 and parameters: {'ISTN': 62.12625548284387, 'I_gpe': 1.2268701218787053, 'I_gpi': 2.3504367922234257, 'noise_stn_sigma': 4.393882117987087, 'noise_gpe_sigma': 110.42416075331823, 'noise_gpi_sigma': 109.85024946662014, 'g_stn_gpe_mult': 3.1280438058106808, 'g_gpe_stn_mult': 0.1253987452304781, 'g_stn_gpi_mult': 2.604665821540024, 'g_gpe_gpi_mult': 1.005749846537595}. Best is trial 277 with value: 0.524336207388414.
[I 2026-05-28 02:18:23,940] Trial 313 finished with value: 0.6087452927791692 and parameters: {'ISTN': 60.903886439594054, 'I_gpe': 0.9902954981114811, 'I_gpi': 1.7560591097662095, 'noise_stn_sigma': 3.9550200874484736, 'noise_gpe_sigma': 111.8311409985315, 'noise_gpi_sigma': 102.12589048117842, 'g_stn_gpe_mult': 2.8447745542459657, 'g_gpe_stn_mult': 0.1644876621121672, 'g_stn_gpi_mult': 2.5027208567812593, 'g_gpe_gpi_mult': 0.9642086984245433}. Best is trial 277 with value: 0.524336207388414.
[I 2026-05-28 02:18:24,947] Trial 314 finished with value: 0.5230400609574511 and parameters: {'ISTN': 61.825927772620666, 'I_gpe': 1.3817373464527525, 'I_gpi': 2.1421779265169416, 'noise_stn_sigma': 4.610185129325396, 'noise_gpe_sigma': 121.45170724591911, 'noise_gpi_sigma': 88.71597180794346, 'g_stn_gpe_mult': 2.8802332716846664, 'g_gpe_stn_mult': 0.123808897331027, 'g_stn_gpi_mult': 2.6797077290049023, 'g_gpe_gpi_mult': 0.8852195965979128}. Best is trial 314 with value: 0.5230400609574511.
[I 2026-05-28 02:18:25,953] Trial 315 finished with value: 0.6082342551546229 and parameters: {'ISTN': 62.562562445584824, 'I_gpe': 1.1242910550145686, 'I_gpi': 1.7550816599421264, 'noise_stn_sigma': 4.1224995613033615, 'noise_gpe_sigma': 115.14101745705557, 'noise_gpi_sigma': 107.2423442117633, 'g_stn_gpe_mult': 3.018181536448492, 'g_gpe_stn_mult': 0.16131568239251884, 'g_stn_gpi_mult': 2.734196507350796, 'g_gpe_gpi_mult': 0.9844400301690162}. Best is trial 314 with value: 0.5230400609574511.
[I 2026-05-28 02:18:26,961] Trial 316 finished with value: 0.774637822004966 and parameters: {'ISTN': 63.658425259530496, 'I_gpe': 1.3070709304132964, 'I_gpi': 1.7074846573866682, 'noise_stn_sigma': 3.534589175118796, 'noise_gpe_sigma': 106.67114711066961, 'noise_gpi_sigma': 87.69419260332549, 'g_stn_gpe_mult': 2.5018143525993044, 'g_gpe_stn_mult': 0.21555058482472084, 'g_stn_gpi_mult': 2.3170999170068463, 'g_gpe_gpi_mult': 0.9124784038742599}. Best is trial 314 with value: 0.5230400609574511.
[I 2026-05-28 02:18:27,966] Trial 317 finished with value: 0.5506503180902352 and parameters: {'ISTN': 61.49635713322274, 'I_gpe': 1.2350710788716732, 'I_gpi': 2.1354621010152313, 'noise_stn_sigma': 4.149936066591554, 'noise_gpe_sigma': 114.58772286971082, 'noise_gpi_sigma': 98.2473984889573, 'g_stn_gpe_mult': 2.5514654577310694, 'g_gpe_stn_mult': 0.10171036237665475, 'g_stn_gpi_mult': 2.842501608649118, 'g_gpe_gpi_mult': 0.9288126273359418}. Best is trial 314 with value: 0.5230400609574511.
[I 2026-05-28 02:18:28,974] Trial 318 finished with value: 0.6339249708431544 and parameters: {'ISTN': 62.53611812218782, 'I_gpe': 0.868621508264019, 'I_gpi': 1.8524093406326019, 'noise_stn_sigma': 3.8335733913990406, 'noise_gpe_sigma': 113.26278628334707, 'noise_gpi_sigma': 101.02739373036607, 'g_stn_gpe_mult': 2.8225808826343037, 'g_gpe_stn_mult': 0.1710521144685137, 'g_stn_gpi_mult': 2.644092451335727, 'g_gpe_gpi_mult': 1.0281141931498385}. Best is trial 314 with value: 0.5230400609574511.
[I 2026-05-28 02:18:29,981] Trial 319 finished with value: 0.593426107181886 and parameters: {'ISTN': 60.499066385660264, 'I_gpe': 0.9788495869202871, 'I_gpi': 2.1312998817471254, 'noise_stn_sigma': 4.011533882344402, 'noise_gpe_sigma': 119.81882273490027, 'noise_gpi_sigma': 108.16125910231092, 'g_stn_gpe_mult': 3.0499630466352032, 'g_gpe_stn_mult': 0.1002202405396323, 'g_stn_gpi_mult': 2.547637933913386, 'g_gpe_gpi_mult': 1.0578219650286453}. Best is trial 314 with value: 0.5230400609574511.
[I 2026-05-28 02:18:30,989] Trial 320 finished with value: 0.5384349097517681 and parameters: {'ISTN': 62.14341331823622, 'I_gpe': 1.479310137746808, 'I_gpi': 2.0442020437490758, 'noise_stn_sigma': 4.287812543625993, 'noise_gpe_sigma': 116.15694286255389, 'noise_gpi_sigma': 91.22543786341906, 'g_stn_gpe_mult': 2.7760618684671914, 'g_gpe_stn_mult': 0.11146440688023196, 'g_stn_gpi_mult': 2.8834587520466073, 'g_gpe_gpi_mult': 0.9040485293403249}. Best is trial 314 with value: 0.5230400609574511.
[I 2026-05-28 02:18:31,998] Trial 321 finished with value: 0.5906323859822046 and parameters: {'ISTN': 60.77174267019412, 'I_gpe': 1.3650227844082543, 'I_gpi': 1.5624357072684303, 'noise_stn_sigma': 5.158240346357607, 'noise_gpe_sigma': 112.89104356067543, 'noise_gpi_sigma': 104.02747168242284, 'g_stn_gpe_mult': 2.6758550733841435, 'g_gpe_stn_mult': 0.11063519633256422, 'g_stn_gpi_mult': 2.79791650913261, 'g_gpe_gpi_mult': 0.8626454861989896}. Best is trial 314 with value: 0.5230400609574511.
[I 2026-05-28 02:18:33,006] Trial 322 finished with value: 0.5338411513851308 and parameters: {'ISTN': 60.72556376206713, 'I_gpe': 1.433282036030847, 'I_gpi': 1.859510303690596, 'noise_stn_sigma': 4.053303467827941, 'noise_gpe_sigma': 127.81263040099797, 'noise_gpi_sigma': 85.5328867367193, 'g_stn_gpe_mult': 2.781810512853323, 'g_gpe_stn_mult': 0.13411587349027274, 'g_stn_gpi_mult': 2.3172768273792994, 'g_gpe_gpi_mult': 0.8984508815734182}. Best is trial 314 with value: 0.5230400609574511.
[I 2026-05-28 02:18:34,014] Trial 323 finished with value: 0.5458111840119402 and parameters: {'ISTN': 62.53427049567601, 'I_gpe': 1.4305314090517771, 'I_gpi': 1.7452572042226666, 'noise_stn_sigma': 4.64281693342873, 'noise_gpe_sigma': 111.56625442815353, 'noise_gpi_sigma': 92.79008596360075, 'g_stn_gpe_mult': 3.036596384136699, 'g_gpe_stn_mult': 0.10292284564851233, 'g_stn_gpi_mult': 2.7059278779696303, 'g_gpe_gpi_mult': 0.8086859263182917}. Best is trial 314 with value: 0.5230400609574511.
[I 2026-05-28 02:18:35,022] Trial 324 finished with value: 0.5895328643204806 and parameters: {'ISTN': 60.499865378449044, 'I_gpe': 1.5443462520547246, 'I_gpi': 2.175289655287464, 'noise_stn_sigma': 4.5180088905284155, 'noise_gpe_sigma': 125.0911973667797, 'noise_gpi_sigma': 88.72881973419047, 'g_stn_gpe_mult': 2.7780734248428836, 'g_gpe_stn_mult': 0.1646314358941568, 'g_stn_gpi_mult': 2.7550691046968567, 'g_gpe_gpi_mult': 0.8439053415384146}. Best is trial 314 with value: 0.5230400609574511.
[I 2026-05-28 02:18:36,032] Trial 325 finished with value: 0.8059394976565191 and parameters: {'ISTN': 64.50014964082715, 'I_gpe': 1.3562884922914298, 'I_gpi': 2.018504854523373, 'noise_stn_sigma': 4.245054584157328, 'noise_gpe_sigma': 116.09339030554777, 'noise_gpi_sigma': 89.41419774993015, 'g_stn_gpe_mult': 2.9155116841256685, 'g_gpe_stn_mult': 0.15474161928600594, 'g_stn_gpi_mult': 2.8187683656868088, 'g_gpe_gpi_mult': 0.9215909000352478}. Best is trial 314 with value: 0.5230400609574511.
[I 2026-05-28 02:18:37,041] Trial 326 finished with value: 0.7586400863786236 and parameters: {'ISTN': 62.46697355389636, 'I_gpe': 1.708697132929496, 'I_gpi': 2.483506475446231, 'noise_stn_sigma': 4.182643622271768, 'noise_gpe_sigma': 116.58192021147431, 'noise_gpi_sigma': 89.42460799499837, 'g_stn_gpe_mult': 2.7702751091959668, 'g_gpe_stn_mult': 0.14018038187540333, 'g_stn_gpi_mult': 2.5183796102979175, 'g_gpe_gpi_mult': 0.8816991715961886}. Best is trial 314 with value: 0.5230400609574511.
[I 2026-05-28 02:18:38,048] Trial 327 finished with value: 0.6000507906105322 and parameters: {'ISTN': 63.904346473712444, 'I_gpe': 1.338808815031548, 'I_gpi': 2.000897005619731, 'noise_stn_sigma': 3.855538490398676, 'noise_gpe_sigma': 109.12335172762786, 'noise_gpi_sigma': 107.57664227586503, 'g_stn_gpe_mult': 2.833709374116496, 'g_gpe_stn_mult': 0.15767057136108936, 'g_stn_gpi_mult': 2.397267854456363, 'g_gpe_gpi_mult': 0.9042296247821162}. Best is trial 314 with value: 0.5230400609574511.
[I 2026-05-28 02:18:39,057] Trial 328 finished with value: 0.5292280147615637 and parameters: {'ISTN': 61.74515919905669, 'I_gpe': 1.5373725925771078, 'I_gpi': 2.160595895924976, 'noise_stn_sigma': 4.573442930664287, 'noise_gpe_sigma': 123.65329039848089, 'noise_gpi_sigma': 83.80373843335434, 'g_stn_gpe_mult': 2.5015738454054253, 'g_gpe_stn_mult': 0.1273677063671727, 'g_stn_gpi_mult': 2.5053134988185497, 'g_gpe_gpi_mult': 0.9025203103180215}. Best is trial 314 with value: 0.5230400609574511.
[I 2026-05-28 02:18:40,067] Trial 329 finished with value: 0.5536786820661893 and parameters: {'ISTN': 61.87238763397162, 'I_gpe': 1.5572891335338952, 'I_gpi': 2.1727258022393974, 'noise_stn_sigma': 4.133696061790243, 'noise_gpe_sigma': 111.35344947010209, 'noise_gpi_sigma': 97.72467288770102, 'g_stn_gpe_mult': 2.9068902252373725, 'g_gpe_stn_mult': 0.1528874880281298, 'g_stn_gpi_mult': 2.7663014934699532, 'g_gpe_gpi_mult': 0.8999035103955091}. Best is trial 314 with value: 0.5230400609574511.
[I 2026-05-28 02:18:41,072] Trial 330 finished with value: 0.5193276612084204 and parameters: {'ISTN': 62.4115049713096, 'I_gpe': 1.4613612177841389, 'I_gpi': 2.008354333598818, 'noise_stn_sigma': 5.135730408803243, 'noise_gpe_sigma': 118.88854932923351, 'noise_gpi_sigma': 89.13190614579581, 'g_stn_gpe_mult': 2.5485058109463967, 'g_gpe_stn_mult': 0.12290335858327807, 'g_stn_gpi_mult': 2.7473995258683104, 'g_gpe_gpi_mult': 0.8726075335052002}. Best is trial 330 with value: 0.5193276612084204.
[I 2026-05-28 02:18:42,081] Trial 331 finished with value: 0.7575426029414991 and parameters: {'ISTN': 67.04699302763582, 'I_gpe': 1.5806069340811673, 'I_gpi': 2.3854811959075413, 'noise_stn_sigma': 4.829245143201801, 'noise_gpe_sigma': 130.25957026800475, 'noise_gpi_sigma': 85.39621577594855, 'g_stn_gpe_mult': 2.448715375277244, 'g_gpe_stn_mult': 0.12320592250631593, 'g_stn_gpi_mult': 2.502739125247575, 'g_gpe_gpi_mult': 0.8332465150824933}. Best is trial 330 with value: 0.5193276612084204.
[I 2026-05-28 02:18:43,091] Trial 332 finished with value: 1.0821355560009676 and parameters: {'ISTN': 61.80486579573585, 'I_gpe': 2.053063497840556, 'I_gpi': 2.0167570986481826, 'noise_stn_sigma': 5.502722629557141, 'noise_gpe_sigma': 123.48462766357763, 'noise_gpi_sigma': 73.99584028964148, 'g_stn_gpe_mult': 2.7490762448807144, 'g_gpe_stn_mult': 0.20079416578577342, 'g_stn_gpi_mult': 2.7904249241404693, 'g_gpe_gpi_mult': 0.8751118199402261}. Best is trial 330 with value: 0.5193276612084204.
[I 2026-05-28 02:18:44,098] Trial 333 finished with value: 0.5577644511930521 and parameters: {'ISTN': 64.08348965975456, 'I_gpe': 1.3592826146361376, 'I_gpi': 1.788090191402226, 'noise_stn_sigma': 3.9252075021572814, 'noise_gpe_sigma': 107.34862468942222, 'noise_gpi_sigma': 81.18853015046122, 'g_stn_gpe_mult': 2.6699966192434843, 'g_gpe_stn_mult': 0.11730060607371429, 'g_stn_gpi_mult': 2.9483020171207097, 'g_gpe_gpi_mult': 0.8708461936429448}. Best is trial 330 with value: 0.5193276612084204.
[I 2026-05-28 02:18:45,105] Trial 334 finished with value: 0.5482051098466538 and parameters: {'ISTN': 60.10120487254349, 'I_gpe': 0.990876265990428, 'I_gpi': 1.8827021708293423, 'noise_stn_sigma': 4.24944545726368, 'noise_gpe_sigma': 124.15425281826198, 'noise_gpi_sigma': 91.66555246763821, 'g_stn_gpe_mult': 2.6981486585641807, 'g_gpe_stn_mult': 0.11576552248649305, 'g_stn_gpi_mult': 2.5257323230719866, 'g_gpe_gpi_mult': 0.9469965619604939}. Best is trial 330 with value: 0.5193276612084204.
[I 2026-05-28 02:18:46,115] Trial 335 finished with value: 1.126326486302304 and parameters: {'ISTN': 62.9943878657806, 'I_gpe': 1.4368702837553524, 'I_gpi': 2.936386303767855, 'noise_stn_sigma': 4.083115831692249, 'noise_gpe_sigma': 122.04077646625484, 'noise_gpi_sigma': 82.94561188791886, 'g_stn_gpe_mult': 2.4279972927857916, 'g_gpe_stn_mult': 0.17213536898669862, 'g_stn_gpi_mult': 2.714064881608955, 'g_gpe_gpi_mult': 0.8789774676496496}. Best is trial 330 with value: 0.5193276612084204.
[I 2026-05-28 02:18:47,123] Trial 336 finished with value: 0.5659028454337843 and parameters: {'ISTN': 61.48712056340322, 'I_gpe': 1.6526005492931475, 'I_gpi': 2.5342633709793194, 'noise_stn_sigma': 4.614309465015959, 'noise_gpe_sigma': 114.50732669381006, 'noise_gpi_sigma': 89.57308092839584, 'g_stn_gpe_mult': 2.6817317919864916, 'g_gpe_stn_mult': 0.10938152648150533, 'g_stn_gpi_mult': 2.7953419081801743, 'g_gpe_gpi_mult': 0.9006248697824255}. Best is trial 330 with value: 0.5193276612084204.
[I 2026-05-28 02:18:48,130] Trial 337 finished with value: 0.9089355953545422 and parameters: {'ISTN': 63.994858156811674, 'I_gpe': 1.7867582228980403, 'I_gpi': 2.191305821351901, 'noise_stn_sigma': 5.002985082560148, 'noise_gpe_sigma': 116.55933321748095, 'noise_gpi_sigma': 72.98103284854693, 'g_stn_gpe_mult': 2.433596026870831, 'g_gpe_stn_mult': 0.1891127235511951, 'g_stn_gpi_mult': 2.4322069695975497, 'g_gpe_gpi_mult': 0.7742184266953158}. Best is trial 330 with value: 0.5193276612084204.
[I 2026-05-28 02:18:49,140] Trial 338 finished with value: 0.6382286332222862 and parameters: {'ISTN': 65.3717032971779, 'I_gpe': 1.1480327822906782, 'I_gpi': 1.7631152999522939, 'noise_stn_sigma': 4.800702855165847, 'noise_gpe_sigma': 134.47509205986938, 'noise_gpi_sigma': 100.72930655618832, 'g_stn_gpe_mult': 2.549104215991651, 'g_gpe_stn_mult': 0.1055482709068103, 'g_stn_gpi_mult': 2.6119088247391757, 'g_gpe_gpi_mult': 0.8878296313235978}. Best is trial 330 with value: 0.5193276612084204.
[I 2026-05-28 02:18:50,144] Trial 339 finished with value: 0.7608829580767692 and parameters: {'ISTN': 61.70224903186718, 'I_gpe': 1.156256904886515, 'I_gpi': 2.0684127514746855, 'noise_stn_sigma': 4.791278722601307, 'noise_gpe_sigma': 118.97583399396343, 'noise_gpi_sigma': 87.73541072504507, 'g_stn_gpe_mult': 2.5652564622507574, 'g_gpe_stn_mult': 0.17639004700714528, 'g_stn_gpi_mult': 2.6279709638459448, 'g_gpe_gpi_mult': 0.7762318593468052}. Best is trial 330 with value: 0.5193276612084204.
[I 2026-05-28 02:18:51,149] Trial 340 finished with value: 0.5834728353454968 and parameters: {'ISTN': 60.11246641974588, 'I_gpe': 1.1692613719699185, 'I_gpi': 1.8624274972427957, 'noise_stn_sigma': 4.907967244533401, 'noise_gpe_sigma': 121.29084634331245, 'noise_gpi_sigma': 112.44370249589893, 'g_stn_gpe_mult': 3.2770519641698987, 'g_gpe_stn_mult': 0.1485845402738407, 'g_stn_gpi_mult': 2.723379945318773, 'g_gpe_gpi_mult': 0.9819224689035742}. Best is trial 330 with value: 0.5193276612084204.
[I 2026-05-28 02:18:52,097] Trial 341 finished with value: 1000000.0 and parameters: {'ISTN': 61.13085540891744, 'I_gpe': 1.3236273022265859, 'I_gpi': 1.5799866729315166, 'noise_stn_sigma': 4.478784412334818, 'noise_gpe_sigma': 120.1166308753175, 'noise_gpi_sigma': 83.78473422692917, 'g_stn_gpe_mult': 2.546125500901576, 'g_gpe_stn_mult': 0.12801178032569474, 'g_stn_gpi_mult': 2.4519289039532053, 'g_gpe_gpi_mult': 0.8649551422360104}. Best is trial 330 with value: 0.5193276612084204.
[I 2026-05-28 02:18:53,103] Trial 342 finished with value: 0.5682677732757351 and parameters: {'ISTN': 60.831008908310274, 'I_gpe': 1.4322043327289709, 'I_gpi': 2.1767710479881517, 'noise_stn_sigma': 3.579251705964151, 'noise_gpe_sigma': 110.78148252875044, 'noise_gpi_sigma': 82.60200435505334, 'g_stn_gpe_mult': 3.2899231768157406, 'g_gpe_stn_mult': 0.15409575439120846, 'g_stn_gpi_mult': 2.5938562632530093, 'g_gpe_gpi_mult': 0.938059361601234}. Best is trial 330 with value: 0.5193276612084204.
[I 2026-05-28 02:18:54,109] Trial 343 finished with value: 0.5681963668226089 and parameters: {'ISTN': 62.21343620196783, 'I_gpe': 1.5224469655823978, 'I_gpi': 1.8240133897023552, 'noise_stn_sigma': 4.211070834656318, 'noise_gpe_sigma': 119.36192570409675, 'noise_gpi_sigma': 85.49143881965878, 'g_stn_gpe_mult': 2.7219594648843595, 'g_gpe_stn_mult': 0.19785807313462228, 'g_stn_gpi_mult': 2.8765593772209974, 'g_gpe_gpi_mult': 0.9609282569281392}. Best is trial 330 with value: 0.5193276612084204.
[I 2026-05-28 02:18:55,116] Trial 344 finished with value: 0.5591229792035045 and parameters: {'ISTN': 61.90071598336749, 'I_gpe': 1.3391110838190636, 'I_gpi': 1.78627510723891, 'noise_stn_sigma': 4.669043646566298, 'noise_gpe_sigma': 109.33291628356014, 'noise_gpi_sigma': 86.70440944892303, 'g_stn_gpe_mult': 2.644434461041782, 'g_gpe_stn_mult': 0.20135148008864706, 'g_stn_gpi_mult': 2.5766109668470145, 'g_gpe_gpi_mult': 0.9065614158373496}. Best is trial 330 with value: 0.5193276612084204.
[I 2026-05-28 02:18:56,121] Trial 345 finished with value: 0.8692253789042121 and parameters: {'ISTN': 64.85791491433766, 'I_gpe': 1.2536788857044343, 'I_gpi': 2.105887531210834, 'noise_stn_sigma': 4.199053305620651, 'noise_gpe_sigma': 122.29624173626726, 'noise_gpi_sigma': 87.24589779360761, 'g_stn_gpe_mult': 2.5045081772830002, 'g_gpe_stn_mult': 0.21189673471734616, 'g_stn_gpi_mult': 2.8159139406863356, 'g_gpe_gpi_mult': 0.825383436971709}. Best is trial 330 with value: 0.5193276612084204.
[I 2026-05-28 02:18:57,126] Trial 346 finished with value: 0.5592406740512086 and parameters: {'ISTN': 62.30133528105871, 'I_gpe': 1.2396047201660934, 'I_gpi': 1.8941853315942265, 'noise_stn_sigma': 4.33342478467282, 'noise_gpe_sigma': 108.15645042616985, 'noise_gpi_sigma': 91.01232506308378, 'g_stn_gpe_mult': 2.5350795458133066, 'g_gpe_stn_mult': 0.1390830889502895, 'g_stn_gpi_mult': 2.7419058800562577, 'g_gpe_gpi_mult': 0.9614531026683113}. Best is trial 330 with value: 0.5193276612084204.
[I 2026-05-28 02:18:58,134] Trial 347 finished with value: 0.6327156672353913 and parameters: {'ISTN': 62.06510957896445, 'I_gpe': 1.6126274363560966, 'I_gpi': 1.5881381794863605, 'noise_stn_sigma': 5.131464681304825, 'noise_gpe_sigma': 121.28585548870093, 'noise_gpi_sigma': 83.35995804511225, 'g_stn_gpe_mult': 2.7407932737768133, 'g_gpe_stn_mult': 0.1474221684243342, 'g_stn_gpi_mult': 2.2698364924570233, 'g_gpe_gpi_mult': 0.8711813982181318}. Best is trial 330 with value: 0.5193276612084204.
[I 2026-05-28 02:18:59,141] Trial 348 finished with value: 0.8674968549324529 and parameters: {'ISTN': 64.34681722558344, 'I_gpe': 1.1379626003016783, 'I_gpi': 1.7503046503352322, 'noise_stn_sigma': 4.257170432807209, 'noise_gpe_sigma': 117.70199252807538, 'noise_gpi_sigma': 85.88482030960608, 'g_stn_gpe_mult': 2.7096819305966156, 'g_gpe_stn_mult': 0.12242326347420342, 'g_stn_gpi_mult': 2.7465067362556916, 'g_gpe_gpi_mult': 1.005207328144347}. Best is trial 330 with value: 0.5193276612084204.
[I 2026-05-28 02:19:00,147] Trial 349 finished with value: 0.5563793656166789 and parameters: {'ISTN': 63.57070177217922, 'I_gpe': 0.8615169003358472, 'I_gpi': 2.016656559668287, 'noise_stn_sigma': 3.720801657648899, 'noise_gpe_sigma': 115.38788638156412, 'noise_gpi_sigma': 96.99621532611502, 'g_stn_gpe_mult': 2.8506235065353485, 'g_gpe_stn_mult': 0.10249474256522947, 'g_stn_gpi_mult': 2.6813775189496476, 'g_gpe_gpi_mult': 0.8617996887949617}. Best is trial 330 with value: 0.5193276612084204.
[I 2026-05-28 02:19:01,152] Trial 350 finished with value: 0.5252916573444064 and parameters: {'ISTN': 61.685934462529886, 'I_gpe': 1.335575362848127, 'I_gpi': 2.098433387000836, 'noise_stn_sigma': 4.741571060841622, 'noise_gpe_sigma': 114.91659749117422, 'noise_gpi_sigma': 77.23376540623833, 'g_stn_gpe_mult': 2.7412062723829633, 'g_gpe_stn_mult': 0.10159157116083731, 'g_stn_gpi_mult': 2.5093031388867253, 'g_gpe_gpi_mult': 0.8435326968428905}. Best is trial 330 with value: 0.5193276612084204.
[I 2026-05-28 02:19:02,159] Trial 351 finished with value: 0.5627989720891365 and parameters: {'ISTN': 64.97694353335328, 'I_gpe': 1.2876404572535969, 'I_gpi': 2.064496491135498, 'noise_stn_sigma': 4.180744283972317, 'noise_gpe_sigma': 106.62625590073142, 'noise_gpi_sigma': 83.56851065853914, 'g_stn_gpe_mult': 2.6834550403664164, 'g_gpe_stn_mult': 0.11205702855061384, 'g_stn_gpi_mult': 2.547984185470518, 'g_gpe_gpi_mult': 0.8681215545583252}. Best is trial 330 with value: 0.5193276612084204.
