[I 2026-05-28 21:24:31,591] Trial 748 finished with value: 1.8121497382756044 and parameters: {'ISTN': 76.8289792681772, 'I_gpe': 1.1131839713719822, 'I_gpi': 1.6504941263723307, 'noise_stn_sigma': 4.3602127673384885, 'noise_gpe_sigma': 115.47467464895777, 'noise_gpi_sigma': 71.24448573644251, 'g_stn_gpe_mult': 3.621450532611415, 'g_gpe_stn_mult': 0.22581723610991736, 'g_stn_gpi_mult': 1.93849036019063, 'g_gpe_gpi_mult': 0.23151007574946553}. Best is trial 348 with value: 0.8336165651046656.
[I 2026-05-28 21:24:32,608] Trial 749 finished with value: 1.1845787795634808 and parameters: {'ISTN': 78.06066745075415, 'I_gpe': 1.1075893090117128, 'I_gpi': 1.6064290422950298, 'noise_stn_sigma': 4.385100030718869, 'noise_gpe_sigma': 114.80049601274075, 'noise_gpi_sigma': 72.89432945684257, 'g_stn_gpe_mult': 3.595215513558256, 'g_gpe_stn_mult': 0.2045909997008627, 'g_stn_gpi_mult': 1.9594933462470898, 'g_gpe_gpi_mult': 0.2345086298379032}. Best is trial 348 with value: 0.8336165651046656.
[I 2026-05-28 21:24:33,626] Trial 750 finished with value: 1.7720950512282623 and parameters: {'ISTN': 77.59731820455951, 'I_gpe': 1.1282257799610282, 'I_gpi': 1.7150124885230937, 'noise_stn_sigma': 4.3643887359664815, 'noise_gpe_sigma': 114.1266429082047, 'noise_gpi_sigma': 70.60471640026174, 'g_stn_gpe_mult': 3.6301562856808838, 'g_gpe_stn_mult': 0.20976765430765631, 'g_stn_gpi_mult': 1.9543110228343534, 'g_gpe_gpi_mult': 0.23330515896897958}. Best is trial 348 with value: 0.8336165651046656.
[I 2026-05-28 21:24:34,646] Trial 751 finished with value: 2.151881416358055 and parameters: {'ISTN': 77.10985550435079, 'I_gpe': 1.1100628106596424, 'I_gpi': 1.5658943081067975, 'noise_stn_sigma': 4.460482279786012, 'noise_gpe_sigma': 114.97308172222853, 'noise_gpi_sigma': 72.07070363635694, 'g_stn_gpe_mult': 3.5994424434816152, 'g_gpe_stn_mult': 0.22095281638360526, 'g_stn_gpi_mult': 1.9762067583294674, 'g_gpe_gpi_mult': 0.22209126410117624}. Best is trial 348 with value: 0.8336165651046656.
[I 2026-05-28 21:24:35,663] Trial 752 finished with value: 1.4950836737735118 and parameters: {'ISTN': 76.16961157463392, 'I_gpe': 1.130136260081449, 'I_gpi': 1.6524412327933011, 'noise_stn_sigma': 4.436680864091532, 'noise_gpe_sigma': 116.88817757696549, 'noise_gpi_sigma': 70.09912567386007, 'g_stn_gpe_mult': 3.5977796629041476, 'g_gpe_stn_mult': 0.22115626765475663, 'g_stn_gpi_mult': 1.949663659187748, 'g_gpe_gpi_mult': 0.22701505202345915}. Best is trial 348 with value: 0.8336165651046656.
[I 2026-05-28 21:24:36,684] Trial 753 finished with value: 1.505855230332169 and parameters: {'ISTN': 77.0479325965579, 'I_gpe': 1.1199237802183473, 'I_gpi': 1.7555085603615403, 'noise_stn_sigma': 4.3638843079878304, 'noise_gpe_sigma': 114.45061908202223, 'noise_gpi_sigma': 69.08118905895404, 'g_stn_gpe_mult': 3.6097417495424313, 'g_gpe_stn_mult': 0.22752363614394247, 'g_stn_gpi_mult': 1.946009253915063, 'g_gpe_gpi_mult': 0.22085377239069426}. Best is trial 348 with value: 0.8336165651046656.
[I 2026-05-28 21:24:37,702] Trial 754 finished with value: 1.1133776104270436 and parameters: {'ISTN': 77.56229187290663, 'I_gpe': 1.0890163181519115, 'I_gpi': 1.680331057146874, 'noise_stn_sigma': 4.4616052064005345, 'noise_gpe_sigma': 114.97204683859012, 'noise_gpi_sigma': 71.07196616263207, 'g_stn_gpe_mult': 3.589174986497316, 'g_gpe_stn_mult': 0.2094714681255549, 'g_stn_gpi_mult': 1.9676884273647965, 'g_gpe_gpi_mult': 0.226606369107757}. Best is trial 348 with value: 0.8336165651046656.
[I 2026-05-28 21:24:38,722] Trial 755 finished with value: 1.3938528679867315 and parameters: {'ISTN': 77.2675895561768, 'I_gpe': 1.1298762807835625, 'I_gpi': 1.6830577478945798, 'noise_stn_sigma': 4.385320722589026, 'noise_gpe_sigma': 114.72246916958905, 'noise_gpi_sigma': 70.89038994312881, 'g_stn_gpe_mult': 3.543549077326882, 'g_gpe_stn_mult': 0.22331988021453467, 'g_stn_gpi_mult': 1.9844338386215412, 'g_gpe_gpi_mult': 0.22718081964165843}. Best is trial 348 with value: 0.8336165651046656.
[I 2026-05-28 21:24:39,738] Trial 756 finished with value: 1.4313790418980878 and parameters: {'ISTN': 77.04439191024736, 'I_gpe': 1.105725207005658, 'I_gpi': 1.5933186419729264, 'noise_stn_sigma': 4.351284376657486, 'noise_gpe_sigma': 115.10648701511197, 'noise_gpi_sigma': 70.96929867339313, 'g_stn_gpe_mult': 3.61260090216978, 'g_gpe_stn_mult': 0.21876595562762513, 'g_stn_gpi_mult': 1.9351081493168873, 'g_gpe_gpi_mult': 0.2082249681456913}. Best is trial 348 with value: 0.8336165651046656.
[I 2026-05-28 21:24:40,756] Trial 757 finished with value: 1.1487018742290767 and parameters: {'ISTN': 77.46597769862989, 'I_gpe': 1.1129379667641401, 'I_gpi': 1.693450789667725, 'noise_stn_sigma': 4.495218271699168, 'noise_gpe_sigma': 115.40739307186738, 'noise_gpi_sigma': 72.17892288443835, 'g_stn_gpe_mult': 3.6248216111251006, 'g_gpe_stn_mult': 0.21300817394988236, 'g_stn_gpi_mult': 1.9842355700181002, 'g_gpe_gpi_mult': 0.22505798028069923}. Best is trial 348 with value: 0.8336165651046656.
[I 2026-05-28 21:24:41,772] Trial 758 finished with value: 1.2860195547655708 and parameters: {'ISTN': 77.7494528429584, 'I_gpe': 1.100797455827417, 'I_gpi': 1.6145328640392755, 'noise_stn_sigma': 4.318993465991644, 'noise_gpe_sigma': 115.22736039501096, 'noise_gpi_sigma': 71.45461143185963, 'g_stn_gpe_mult': 3.6019357782790733, 'g_gpe_stn_mult': 0.21370476379293468, 'g_stn_gpi_mult': 2.019595819790879, 'g_gpe_gpi_mult': 0.22794125866064008}. Best is trial 348 with value: 0.8336165651046656.
[I 2026-05-28 21:24:42,790] Trial 759 finished with value: 1.9058314493147255 and parameters: {'ISTN': 77.38788602643635, 'I_gpe': 1.1155548578933165, 'I_gpi': 1.6949031939030377, 'noise_stn_sigma': 4.353449734908378, 'noise_gpe_sigma': 115.54165041134834, 'noise_gpi_sigma': 73.09970005332055, 'g_stn_gpe_mult': 3.5650207148660704, 'g_gpe_stn_mult': 0.2245014808482479, 'g_stn_gpi_mult': 1.9327944216434183, 'g_gpe_gpi_mult': 0.22686860418818877}. Best is trial 348 with value: 0.8336165651046656.
[I 2026-05-28 21:24:43,810] Trial 760 finished with value: 2.6832024212764405 and parameters: {'ISTN': 77.36043642970029, 'I_gpe': 1.1121274970821378, 'I_gpi': 1.6756182809153133, 'noise_stn_sigma': 4.434118406190091, 'noise_gpe_sigma': 113.82023899989585, 'noise_gpi_sigma': 71.6624467698183, 'g_stn_gpe_mult': 3.6706028531770745, 'g_gpe_stn_mult': 0.21764345957389092, 'g_stn_gpi_mult': 1.9272860845921378, 'g_gpe_gpi_mult': 0.22256895568403626}. Best is trial 348 with value: 0.8336165651046656.
[I 2026-05-28 21:24:44,829] Trial 761 finished with value: 1.3862234220151577 and parameters: {'ISTN': 77.83254023120972, 'I_gpe': 1.0953865710670887, 'I_gpi': 1.7409904082950565, 'noise_stn_sigma': 4.4733334556946485, 'noise_gpe_sigma': 116.8338485273992, 'noise_gpi_sigma': 71.13616949272225, 'g_stn_gpe_mult': 3.5753120963109994, 'g_gpe_stn_mult': 0.21029375113408988, 'g_stn_gpi_mult': 1.884457536663902, 'g_gpe_gpi_mult': 0.21737999514582107}. Best is trial 348 with value: 0.8336165651046656.
[I 2026-05-28 21:24:45,847] Trial 762 finished with value: 1.1495464389748997 and parameters: {'ISTN': 77.48317390259831, 'I_gpe': 1.0851886444661418, 'I_gpi': 1.622059388710616, 'noise_stn_sigma': 4.333834521080743, 'noise_gpe_sigma': 115.96126644781168, 'noise_gpi_sigma': 73.09790595953328, 'g_stn_gpe_mult': 3.6287699549626704, 'g_gpe_stn_mult': 0.21376263170441265, 'g_stn_gpi_mult': 1.941135504491034, 'g_gpe_gpi_mult': 0.22319040768549986}. Best is trial 348 with value: 0.8336165651046656.
[I 2026-05-28 21:24:46,867] Trial 763 finished with value: 1.1873149983000524 and parameters: {'ISTN': 77.81592270914076, 'I_gpe': 1.096397577923609, 'I_gpi': 1.5999913624121676, 'noise_stn_sigma': 4.436448604576688, 'noise_gpe_sigma': 112.82626855053607, 'noise_gpi_sigma': 73.88985014765468, 'g_stn_gpe_mult': 3.5911477471181303, 'g_gpe_stn_mult': 0.2170862759157095, 'g_stn_gpi_mult': 2.0088582364650738, 'g_gpe_gpi_mult': 0.23260761703206154}. Best is trial 348 with value: 0.8336165651046656.
[I 2026-05-28 21:24:47,887] Trial 764 finished with value: 1.131079398188833 and parameters: {'ISTN': 77.18252683473938, 'I_gpe': 1.1237783842431217, 'I_gpi': 1.7248282636188845, 'noise_stn_sigma': 4.454911268756975, 'noise_gpe_sigma': 116.20906226791757, 'noise_gpi_sigma': 70.53331841080575, 'g_stn_gpe_mult': 3.5904593763476957, 'g_gpe_stn_mult': 0.2185157870735322, 'g_stn_gpi_mult': 1.9864107830045998, 'g_gpe_gpi_mult': 0.2167719260671232}. Best is trial 348 with value: 0.8336165651046656.
[I 2026-05-28 21:24:48,905] Trial 765 finished with value: 1.1567648143820262 and parameters: {'ISTN': 77.28983857578633, 'I_gpe': 1.1168899885492505, 'I_gpi': 1.7327352292729628, 'noise_stn_sigma': 4.498851859906452, 'noise_gpe_sigma': 113.49805027810832, 'noise_gpi_sigma': 72.38715315220223, 'g_stn_gpe_mult': 3.6264682044950334, 'g_gpe_stn_mult': 0.20606098660928987, 'g_stn_gpi_mult': 1.9298893609528767, 'g_gpe_gpi_mult': 0.22060100405439448}. Best is trial 348 with value: 0.8336165651046656.
[I 2026-05-28 21:24:49,921] Trial 766 finished with value: 1.1305839955507497 and parameters: {'ISTN': 77.47340320520921, 'I_gpe': 1.0990889485540398, 'I_gpi': 1.7060375911345331, 'noise_stn_sigma': 4.420157533856209, 'noise_gpe_sigma': 114.7752549647181, 'noise_gpi_sigma': 70.59361581183161, 'g_stn_gpe_mult': 3.6240009782814417, 'g_gpe_stn_mult': 0.21439803200554808, 'g_stn_gpi_mult': 1.9667320942000073, 'g_gpe_gpi_mult': 0.2284278072513432}. Best is trial 348 with value: 0.8336165651046656.
[I 2026-05-28 21:24:50,940] Trial 767 finished with value: 1.1546791073779503 and parameters: {'ISTN': 77.89591824376046, 'I_gpe': 1.0877347392652612, 'I_gpi': 1.6184814754678936, 'noise_stn_sigma': 4.41593726887067, 'noise_gpe_sigma': 115.84951100065629, 'noise_gpi_sigma': 70.43158484631647, 'g_stn_gpe_mult': 3.603791383141327, 'g_gpe_stn_mult': 0.20553585324243323, 'g_stn_gpi_mult': 1.9537188648026595, 'g_gpe_gpi_mult': 0.21219288307415424}. Best is trial 348 with value: 0.8336165651046656.
[I 2026-05-28 21:24:51,956] Trial 768 finished with value: 1.117623132655907 and parameters: {'ISTN': 77.23552255934601, 'I_gpe': 1.0991541646039296, 'I_gpi': 1.6765504272277911, 'noise_stn_sigma': 4.404207794659443, 'noise_gpe_sigma': 115.65536460393817, 'noise_gpi_sigma': 70.69191503941059, 'g_stn_gpe_mult': 3.6172294229352357, 'g_gpe_stn_mult': 0.21328731377970858, 'g_stn_gpi_mult': 1.9487012973042865, 'g_gpe_gpi_mult': 0.20603725282614965}. Best is trial 348 with value: 0.8336165651046656.
[I 2026-05-28 21:24:52,976] Trial 769 finished with value: 1.3583680479313955 and parameters: {'ISTN': 77.47100176698055, 'I_gpe': 1.1124591653442228, 'I_gpi': 1.6300046161318757, 'noise_stn_sigma': 4.386928634383737, 'noise_gpe_sigma': 113.29720565449536, 'noise_gpi_sigma': 72.96259624937716, 'g_stn_gpe_mult': 3.625259028742677, 'g_gpe_stn_mult': 0.21579881468434417, 'g_stn_gpi_mult': 2.005974179391016, 'g_gpe_gpi_mult': 0.22589628391331967}. Best is trial 348 with value: 0.8336165651046656.
[I 2026-05-28 21:24:53,994] Trial 770 finished with value: 1.187703570695481 and parameters: {'ISTN': 78.1371096328462, 'I_gpe': 1.0883832110153002, 'I_gpi': 1.6068939619517226, 'noise_stn_sigma': 4.45481322306715, 'noise_gpe_sigma': 113.71232141428067, 'noise_gpi_sigma': 72.59565080946328, 'g_stn_gpe_mult': 3.6023678986495056, 'g_gpe_stn_mult': 0.20875039608594595, 'g_stn_gpi_mult': 1.9908038490871651, 'g_gpe_gpi_mult': 0.22114079526987798}. Best is trial 348 with value: 0.8336165651046656.
[I 2026-05-28 21:24:55,017] Trial 771 finished with value: 1.1280739321700872 and parameters: {'ISTN': 77.57484489437371, 'I_gpe': 1.0888459573594886, 'I_gpi': 1.693613161591054, 'noise_stn_sigma': 4.4801938707112114, 'noise_gpe_sigma': 115.08492563766394, 'noise_gpi_sigma': 70.66609114291472, 'g_stn_gpe_mult': 3.6028232115331558, 'g_gpe_stn_mult': 0.21176873694961018, 'g_stn_gpi_mult': 1.9537933951729771, 'g_gpe_gpi_mult': 0.2232877403042544}. Best is trial 348 with value: 0.8336165651046656.
[I 2026-05-28 21:24:56,037] Trial 772 finished with value: 1.7020180936997744 and parameters: {'ISTN': 77.00431892387275, 'I_gpe': 1.1092509255966823, 'I_gpi': 1.6736341639237038, 'noise_stn_sigma': 4.3671067598372915, 'noise_gpe_sigma': 115.32098069219431, 'noise_gpi_sigma': 71.86163577602511, 'g_stn_gpe_mult': 3.645544080803046, 'g_gpe_stn_mult': 0.21245701948742401, 'g_stn_gpi_mult': 1.930161860315221, 'g_gpe_gpi_mult': 0.210943762847909}. Best is trial 348 with value: 0.8336165651046656.
[I 2026-05-28 21:24:57,058] Trial 773 finished with value: 1.1030768916391707 and parameters: {'ISTN': 77.04923989849408, 'I_gpe': 1.1104690790939278, 'I_gpi': 1.6967964527791668, 'noise_stn_sigma': 4.458758660656839, 'noise_gpe_sigma': 115.75997850363638, 'noise_gpi_sigma': 71.65718439387592, 'g_stn_gpe_mult': 3.679786215901463, 'g_gpe_stn_mult': 0.21674069117310507, 'g_stn_gpi_mult': 1.9593169478638939, 'g_gpe_gpi_mult': 0.22990656584278266}. Best is trial 348 with value: 0.8336165651046656.
[I 2026-05-28 21:24:58,081] Trial 774 finished with value: 1.380167792620916 and parameters: {'ISTN': 77.42954731127118, 'I_gpe': 1.1074111024759397, 'I_gpi': 1.684226799616868, 'noise_stn_sigma': 4.369560387677322, 'noise_gpe_sigma': 115.96248494972802, 'noise_gpi_sigma': 70.82635917879654, 'g_stn_gpe_mult': 3.5718586304832916, 'g_gpe_stn_mult': 0.20619436818715564, 'g_stn_gpi_mult': 1.9803604979871476, 'g_gpe_gpi_mult': 0.21130963785662613}. Best is trial 348 with value: 0.8336165651046656.
[I 2026-05-28 21:24:59,101] Trial 775 finished with value: 1.903057692894879 and parameters: {'ISTN': 77.73757428248274, 'I_gpe': 1.1011727549886683, 'I_gpi': 1.6930929696091637, 'noise_stn_sigma': 4.3505842408568265, 'noise_gpe_sigma': 115.01124593380683, 'noise_gpi_sigma': 70.66548451301466, 'g_stn_gpe_mult': 3.643273434626537, 'g_gpe_stn_mult': 0.2130577012105465, 'g_stn_gpi_mult': 1.9392544292849507, 'g_gpe_gpi_mult': 0.2027639255434142}. Best is trial 348 with value: 0.8336165651046656.
[I 2026-05-28 21:25:00,120] Trial 776 finished with value: 1.321626613363987 and parameters: {'ISTN': 77.57470777610612, 'I_gpe': 1.0975498307216098, 'I_gpi': 1.6407249684024097, 'noise_stn_sigma': 4.351213837786534, 'noise_gpe_sigma': 115.46337911393704, 'noise_gpi_sigma': 71.81500022460514, 'g_stn_gpe_mult': 3.610184167399546, 'g_gpe_stn_mult': 0.21406332080354154, 'g_stn_gpi_mult': 1.995950972720054, 'g_gpe_gpi_mult': 0.21690468904821808}. Best is trial 348 with value: 0.8336165651046656.
[I 2026-05-28 21:25:01,139] Trial 777 finished with value: 1.1268779440971444 and parameters: {'ISTN': 77.78339451382921, 'I_gpe': 1.0883981388617974, 'I_gpi': 1.6633206542662193, 'noise_stn_sigma': 4.411798648054676, 'noise_gpe_sigma': 114.85135602865523, 'noise_gpi_sigma': 72.38018255759013, 'g_stn_gpe_mult': 3.600676736066396, 'g_gpe_stn_mult': 0.20615758344560298, 'g_stn_gpi_mult': 2.0672001909075997, 'g_gpe_gpi_mult': 0.22767530152683887}. Best is trial 348 with value: 0.8336165651046656.
[I 2026-05-28 21:25:02,159] Trial 778 finished with value: 1.1391795329658185 and parameters: {'ISTN': 77.15149899985313, 'I_gpe': 1.0985833018990347, 'I_gpi': 1.6742403978132572, 'noise_stn_sigma': 4.424705421588647, 'noise_gpe_sigma': 116.48523354927046, 'noise_gpi_sigma': 71.60837376771605, 'g_stn_gpe_mult': 3.5697384163680903, 'g_gpe_stn_mult': 0.21904143549321353, 'g_stn_gpi_mult': 1.9343953859160685, 'g_gpe_gpi_mult': 0.20830273209798716}. Best is trial 348 with value: 0.8336165651046656.
[I 2026-05-28 21:25:03,180] Trial 779 finished with value: 1.8818071938167635 and parameters: {'ISTN': 77.6255369408985, 'I_gpe': 1.1101823682031697, 'I_gpi': 1.7418059317891887, 'noise_stn_sigma': 4.427126096761127, 'noise_gpe_sigma': 115.52582509253274, 'noise_gpi_sigma': 70.79551936720252, 'g_stn_gpe_mult': 3.6338097289418547, 'g_gpe_stn_mult': 0.21187795447178767, 'g_stn_gpi_mult': 1.97707946508891, 'g_gpe_gpi_mult': 0.22066788879764104}. Best is trial 348 with value: 0.8336165651046656.
[I 2026-05-28 21:25:04,199] Trial 780 finished with value: 5.231510851072016 and parameters: {'ISTN': 76.5076396079056, 'I_gpe': 1.0936990248390681, 'I_gpi': 1.6270593525357335, 'noise_stn_sigma': 4.364755291535383, 'noise_gpe_sigma': 115.05718391904622, 'noise_gpi_sigma': 71.63484695173898, 'g_stn_gpe_mult': 3.6043215572984373, 'g_gpe_stn_mult': 0.21834092692780918, 'g_stn_gpi_mult': 1.958774232925693, 'g_gpe_gpi_mult': 0.20635899701389607}. Best is trial 348 with value: 0.8336165651046656.
[I 2026-05-28 21:25:05,220] Trial 781 finished with value: 3.4978689044587012 and parameters: {'ISTN': 76.49145253369716, 'I_gpe': 1.109898830408478, 'I_gpi': 1.7686190020930803, 'noise_stn_sigma': 4.529252769666735, 'noise_gpe_sigma': 116.09522905913259, 'noise_gpi_sigma': 72.37907025721921, 'g_stn_gpe_mult': 3.6415842690628226, 'g_gpe_stn_mult': 0.21055531059502372, 'g_stn_gpi_mult': 1.9607581059363997, 'g_gpe_gpi_mult': 0.2282507333847304}. Best is trial 348 with value: 0.8336165651046656.
[I 2026-05-28 21:25:06,241] Trial 782 finished with value: 1.1272400830666995 and parameters: {'ISTN': 77.30747850081522, 'I_gpe': 1.098599285027137, 'I_gpi': 1.6884178592471764, 'noise_stn_sigma': 4.49277077053989, 'noise_gpe_sigma': 114.53089422244558, 'noise_gpi_sigma': 72.86936263489453, 'g_stn_gpe_mult': 3.6308817327545038, 'g_gpe_stn_mult': 0.213573627209676, 'g_stn_gpi_mult': 1.971683300215264, 'g_gpe_gpi_mult': 0.24002957380890166}. Best is trial 348 with value: 0.8336165651046656.
[I 2026-05-28 21:25:07,260] Trial 783 finished with value: 2.15043496396644 and parameters: {'ISTN': 76.8611855861057, 'I_gpe': 1.1116402868009125, 'I_gpi': 1.7565242232931917, 'noise_stn_sigma': 4.428203436313303, 'noise_gpe_sigma': 113.83883563364229, 'noise_gpi_sigma': 72.47615802517198, 'g_stn_gpe_mult': 3.6787959010281286, 'g_gpe_stn_mult': 0.21412833011944332, 'g_stn_gpi_mult': 2.018995498662706, 'g_gpe_gpi_mult': 0.2304231765065873}. Best is trial 348 with value: 0.8336165651046656.
[I 2026-05-28 21:25:08,279] Trial 784 finished with value: 1.101612859260681 and parameters: {'ISTN': 77.33591482201561, 'I_gpe': 1.110545950445594, 'I_gpi': 1.637747535769604, 'noise_stn_sigma': 4.411239343673325, 'noise_gpe_sigma': 115.22517195753576, 'noise_gpi_sigma': 72.07700893850652, 'g_stn_gpe_mult': 3.639461351312869, 'g_gpe_stn_mult': 0.2115602458138729, 'g_stn_gpi_mult': 2.0049437246791646, 'g_gpe_gpi_mult': 0.2365593964519012}. Best is trial 348 with value: 0.8336165651046656.
[I 2026-05-28 21:25:09,298] Trial 785 finished with value: 2.790234756234609 and parameters: {'ISTN': 76.66574542680755, 'I_gpe': 1.1183252954905456, 'I_gpi': 1.6537796313492108, 'noise_stn_sigma': 4.422830560834095, 'noise_gpe_sigma': 116.08447610133793, 'noise_gpi_sigma': 72.19495238204817, 'g_stn_gpe_mult': 3.600967779687063, 'g_gpe_stn_mult': 0.21358281199974224, 'g_stn_gpi_mult': 2.018576524689373, 'g_gpe_gpi_mult': 0.21335645933165276}. Best is trial 348 with value: 0.8336165651046656.
[I 2026-05-28 21:25:10,315] Trial 786 finished with value: 3.6950091925064417 and parameters: {'ISTN': 77.3360295206674, 'I_gpe': 1.072874236025299, 'I_gpi': 1.6643864236999764, 'noise_stn_sigma': 4.482079195868522, 'noise_gpe_sigma': 115.81009658490932, 'noise_gpi_sigma': 72.16437748011302, 'g_stn_gpe_mult': 3.63618427568564, 'g_gpe_stn_mult': 0.20597099626510124, 'g_stn_gpi_mult': 1.9995670406483945, 'g_gpe_gpi_mult': 0.23525210225504606}. Best is trial 348 with value: 0.8336165651046656.
[I 2026-05-28 21:25:11,335] Trial 787 finished with value: 1.1086297730849342 and parameters: {'ISTN': 77.20326885662003, 'I_gpe': 1.087293660357234, 'I_gpi': 1.6781199984049446, 'noise_stn_sigma': 4.335747017157006, 'noise_gpe_sigma': 115.6069027621581, 'noise_gpi_sigma': 71.56744398857185, 'g_stn_gpe_mult': 3.6282696529076386, 'g_gpe_stn_mult': 0.21671855636283915, 'g_stn_gpi_mult': 1.987406179051381, 'g_gpe_gpi_mult': 0.2251981927321836}. Best is trial 348 with value: 0.8336165651046656.
[I 2026-05-28 21:25:12,355] Trial 788 finished with value: 1.1916269794836907 and parameters: {'ISTN': 77.56161443075395, 'I_gpe': 1.0797064297881431, 'I_gpi': 1.7000635775929087, 'noise_stn_sigma': 4.558696518654816, 'noise_gpe_sigma': 115.04670337810134, 'noise_gpi_sigma': 71.77003635704085, 'g_stn_gpe_mult': 3.6301361440247852, 'g_gpe_stn_mult': 0.21742288301940144, 'g_stn_gpi_mult': 2.0134945230924552, 'g_gpe_gpi_mult': 0.24632403441006034}. Best is trial 348 with value: 0.8336165651046656.
[I 2026-05-28 21:25:13,374] Trial 789 finished with value: 1.0910405663938532 and parameters: {'ISTN': 77.14264826764733, 'I_gpe': 1.0830499210991371, 'I_gpi': 1.6967699940570182, 'noise_stn_sigma': 4.385838216299454, 'noise_gpe_sigma': 116.5130867756481, 'noise_gpi_sigma': 70.56454052413187, 'g_stn_gpe_mult': 3.622783655860974, 'g_gpe_stn_mult': 0.21634494933328235, 'g_stn_gpi_mult': 1.9362736423734825, 'g_gpe_gpi_mult': 0.21464587446993527}. Best is trial 348 with value: 0.8336165651046656.
[I 2026-05-28 21:25:14,393] Trial 790 finished with value: 1.1157406218506816 and parameters: {'ISTN': 77.35543853242294, 'I_gpe': 1.0785077471402924, 'I_gpi': 1.6896638347339739, 'noise_stn_sigma': 4.497233148922691, 'noise_gpe_sigma': 115.33825348670157, 'noise_gpi_sigma': 72.36983654757944, 'g_stn_gpe_mult': 3.6720070952244814, 'g_gpe_stn_mult': 0.211570501394033, 'g_stn_gpi_mult': 1.90547092716948, 'g_gpe_gpi_mult': 0.227452104655723}. Best is trial 348 with value: 0.8336165651046656.
[I 2026-05-28 21:25:15,412] Trial 791 finished with value: 1.501572941528571 and parameters: {'ISTN': 77.72339130302296, 'I_gpe': 1.085983166616188, 'I_gpi': 1.6756043959597209, 'noise_stn_sigma': 4.371484338719894, 'noise_gpe_sigma': 116.9355309265723, 'noise_gpi_sigma': 72.5480211248747, 'g_stn_gpe_mult': 3.665732607239872, 'g_gpe_stn_mult': 0.20625964954849924, 'g_stn_gpi_mult': 1.9507369702043746, 'g_gpe_gpi_mult': 0.20834428032031874}. Best is trial 348 with value: 0.8336165651046656.
