[I 2026-05-28 21:14:48,346] Trial 176 finished with value: 10.128093596984694 and parameters: {'ISTN': 74.18476116081135, 'I_gpe': 1.3082473507234464, 'I_gpi': 1.9343062676747107, 'noise_stn_sigma': 3.3793218434696133, 'noise_gpe_sigma': 99.60609451386236, 'noise_gpi_sigma': 78.90042598565279, 'g_stn_gpe_mult': 4.186901247988885, 'g_gpe_stn_mult': 0.17416813675665133, 'g_stn_gpi_mult': 2.5070846174519694, 'g_gpe_gpi_mult': 0.5159923960167629}. Best is trial 144 with value: 0.9073438261862171.
[I 2026-05-28 21:14:49,364] Trial 177 finished with value: 5.404527575109185 and parameters: {'ISTN': 78.57070131932822, 'I_gpe': 1.2289150785216374, 'I_gpi': 1.957531672211263, 'noise_stn_sigma': 3.4796279926268174, 'noise_gpe_sigma': 102.6297645117345, 'noise_gpi_sigma': 75.82169825399157, 'g_stn_gpe_mult': 3.8912191944213976, 'g_gpe_stn_mult': 0.13292074778946197, 'g_stn_gpi_mult': 3.2209124275385053, 'g_gpe_gpi_mult': 0.4742026374166927}. Best is trial 144 with value: 0.9073438261862171.
[I 2026-05-28 21:14:50,386] Trial 178 finished with value: 2.8402733733158425 and parameters: {'ISTN': 81.3603627681617, 'I_gpe': 0.9440097501293209, 'I_gpi': 2.0481152560213576, 'noise_stn_sigma': 4.090333196973764, 'noise_gpe_sigma': 85.16908972653526, 'noise_gpi_sigma': 84.33284538448483, 'g_stn_gpe_mult': 3.5668793681884576, 'g_gpe_stn_mult': 0.22860524469245225, 'g_stn_gpi_mult': 2.5059408032755193, 'g_gpe_gpi_mult': 0.4626618631667802}. Best is trial 144 with value: 0.9073438261862171.
[I 2026-05-28 21:14:51,409] Trial 179 finished with value: 6.091003323148534 and parameters: {'ISTN': 75.97102001607557, 'I_gpe': 1.2025699179884564, 'I_gpi': 1.6940392007692493, 'noise_stn_sigma': 3.798895104058103, 'noise_gpe_sigma': 88.32223393221646, 'noise_gpi_sigma': 80.3786947497336, 'g_stn_gpe_mult': 3.9384276051535343, 'g_gpe_stn_mult': 0.22818722429734872, 'g_stn_gpi_mult': 2.8174268174413766, 'g_gpe_gpi_mult': 0.4742457062244436}. Best is trial 144 with value: 0.9073438261862171.
[I 2026-05-28 21:14:52,430] Trial 180 finished with value: 4.36235151331836 and parameters: {'ISTN': 64.50361427038266, 'I_gpe': 1.648123765369923, 'I_gpi': 1.8250529326340428, 'noise_stn_sigma': 3.7553988203053086, 'noise_gpe_sigma': 97.83876161301282, 'noise_gpi_sigma': 56.380951791491434, 'g_stn_gpe_mult': 4.276479598256291, 'g_gpe_stn_mult': 0.17261034534653397, 'g_stn_gpi_mult': 2.563541628958748, 'g_gpe_gpi_mult': 0.3366470427300949}. Best is trial 144 with value: 0.9073438261862171.
[I 2026-05-28 21:14:53,454] Trial 181 finished with value: 8.94982872966632 and parameters: {'ISTN': 80.10331393248941, 'I_gpe': 1.2936924808712735, 'I_gpi': 2.4867302790083143, 'noise_stn_sigma': 3.174567789568886, 'noise_gpe_sigma': 94.50783206332058, 'noise_gpi_sigma': 89.89465367745099, 'g_stn_gpe_mult': 3.836477185659236, 'g_gpe_stn_mult': 0.205491035642537, 'g_stn_gpi_mult': 2.769256042494345, 'g_gpe_gpi_mult': 0.40907654867957843}. Best is trial 144 with value: 0.9073438261862171.
[I 2026-05-28 21:14:54,472] Trial 182 finished with value: 5.841962978966801 and parameters: {'ISTN': 78.62981813716252, 'I_gpe': 1.1682923547186892, 'I_gpi': 1.7046142001225448, 'noise_stn_sigma': 4.122556569407281, 'noise_gpe_sigma': 95.10139303169497, 'noise_gpi_sigma': 77.79293678175048, 'g_stn_gpe_mult': 3.941752563291143, 'g_gpe_stn_mult': 0.2187127717221885, 'g_stn_gpi_mult': 2.5063579777166436, 'g_gpe_gpi_mult': 0.46227334793692115}. Best is trial 144 with value: 0.9073438261862171.
[I 2026-05-28 21:14:55,493] Trial 183 finished with value: 6.264680820346601 and parameters: {'ISTN': 80.13324437151272, 'I_gpe': 1.3419110632951559, 'I_gpi': 1.9161736752896408, 'noise_stn_sigma': 3.7667956865957883, 'noise_gpe_sigma': 88.47307781698215, 'noise_gpi_sigma': 64.17386802707756, 'g_stn_gpe_mult': 3.9441039394995796, 'g_gpe_stn_mult': 0.2375418787885332, 'g_stn_gpi_mult': 2.5926001593373598, 'g_gpe_gpi_mult': 0.43875438830274593}. Best is trial 144 with value: 0.9073438261862171.
[I 2026-05-28 21:14:56,525] Trial 184 finished with value: 14.569157089758033 and parameters: {'ISTN': 85.46469158373077, 'I_gpe': 1.6360209969002404, 'I_gpi': 1.3425378427995058, 'noise_stn_sigma': 4.291133086504124, 'noise_gpe_sigma': 99.16418298052697, 'noise_gpi_sigma': 49.74151171696088, 'g_stn_gpe_mult': 4.146849396133632, 'g_gpe_stn_mult': 0.26087791579272007, 'g_stn_gpi_mult': 2.8980008289035086, 'g_gpe_gpi_mult': 0.5067631926349098}. Best is trial 144 with value: 0.9073438261862171.
[I 2026-05-28 21:14:57,545] Trial 185 finished with value: 8.306648650879932 and parameters: {'ISTN': 77.68703073267062, 'I_gpe': 1.2420928904118909, 'I_gpi': 2.2110086870196377, 'noise_stn_sigma': 4.172050177463953, 'noise_gpe_sigma': 87.75013469122251, 'noise_gpi_sigma': 72.95753289205524, 'g_stn_gpe_mult': 3.7853890548523, 'g_gpe_stn_mult': 0.18448568514024316, 'g_stn_gpi_mult': 2.959738528707099, 'g_gpe_gpi_mult': 0.38025663085051675}. Best is trial 144 with value: 0.9073438261862171.
[I 2026-05-28 21:14:58,565] Trial 186 finished with value: 5.328345830649049 and parameters: {'ISTN': 69.2246003809012, 'I_gpe': 1.0505966913776226, 'I_gpi': 2.2485556272998624, 'noise_stn_sigma': 4.006926033086039, 'noise_gpe_sigma': 93.5767514779987, 'noise_gpi_sigma': 73.06244521333137, 'g_stn_gpe_mult': 4.213546022547437, 'g_gpe_stn_mult': 0.1657366369921296, 'g_stn_gpi_mult': 2.9447154444423695, 'g_gpe_gpi_mult': 0.47435357155118846}. Best is trial 144 with value: 0.9073438261862171.
[I 2026-05-28 21:14:59,582] Trial 187 finished with value: 8.424226067185872 and parameters: {'ISTN': 74.315298580522, 'I_gpe': 1.2041746904096553, 'I_gpi': 2.2258386303909132, 'noise_stn_sigma': 3.3695774435293315, 'noise_gpe_sigma': 92.93196031176065, 'noise_gpi_sigma': 79.34378958726134, 'g_stn_gpe_mult': 3.552799332040901, 'g_gpe_stn_mult': 0.13734401500306753, 'g_stn_gpi_mult': 2.728296871381664, 'g_gpe_gpi_mult': 0.32010629104980004}. Best is trial 144 with value: 0.9073438261862171.
[I 2026-05-28 21:15:00,603] Trial 188 finished with value: 2.98392964201272 and parameters: {'ISTN': 81.67503040903009, 'I_gpe': 0.980265452052101, 'I_gpi': 1.7457036557478576, 'noise_stn_sigma': 4.663652232749344, 'noise_gpe_sigma': 102.08454903476873, 'noise_gpi_sigma': 90.23505065523231, 'g_stn_gpe_mult': 3.438508456969347, 'g_gpe_stn_mult': 0.20146834686050902, 'g_stn_gpi_mult': 2.5484027726756615, 'g_gpe_gpi_mult': 0.34453680193807246}. Best is trial 144 with value: 0.9073438261862171.
[I 2026-05-28 21:15:01,625] Trial 189 finished with value: 8.82261319349671 and parameters: {'ISTN': 79.1443906554099, 'I_gpe': 0.8981384377240582, 'I_gpi': 2.2334482627219647, 'noise_stn_sigma': 3.50343379914042, 'noise_gpe_sigma': 91.00046249112769, 'noise_gpi_sigma': 91.46093927301946, 'g_stn_gpe_mult': 3.9240922998999155, 'g_gpe_stn_mult': 0.27706390821934, 'g_stn_gpi_mult': 2.650992230280268, 'g_gpe_gpi_mult': 0.4835276109821112}. Best is trial 144 with value: 0.9073438261862171.
[I 2026-05-28 21:15:02,645] Trial 190 finished with value: 5.6284155899425485 and parameters: {'ISTN': 77.5645389328882, 'I_gpe': 1.5617758306513976, 'I_gpi': 2.0538945607932946, 'noise_stn_sigma': 3.8742197249417982, 'noise_gpe_sigma': 88.18286900249203, 'noise_gpi_sigma': 73.74879920841404, 'g_stn_gpe_mult': 3.6489465655711237, 'g_gpe_stn_mult': 0.25887683602816836, 'g_stn_gpi_mult': 2.5937119085543316, 'g_gpe_gpi_mult': 0.4292905512101389}. Best is trial 144 with value: 0.9073438261862171.
[I 2026-05-28 21:15:03,667] Trial 191 finished with value: 9.832261109913668 and parameters: {'ISTN': 67.33728475871025, 'I_gpe': 1.2836623160957341, 'I_gpi': 1.798499038292239, 'noise_stn_sigma': 3.7055522777106455, 'noise_gpe_sigma': 93.09170002224995, 'noise_gpi_sigma': 85.13270219015996, 'g_stn_gpe_mult': 4.098348718325985, 'g_gpe_stn_mult': 0.25822185582731216, 'g_stn_gpi_mult': 2.4527023396173053, 'g_gpe_gpi_mult': 0.4179192111101744}. Best is trial 144 with value: 0.9073438261862171.
[I 2026-05-28 21:15:04,688] Trial 192 finished with value: 7.836222448331948 and parameters: {'ISTN': 73.88476504448195, 'I_gpe': 0.8063561596514197, 'I_gpi': 1.4398862787107432, 'noise_stn_sigma': 5.112630090975359, 'noise_gpe_sigma': 97.60503142331348, 'noise_gpi_sigma': 95.25398753456604, 'g_stn_gpe_mult': 3.2598696008536097, 'g_gpe_stn_mult': 0.14849779593645726, 'g_stn_gpi_mult': 2.422344416938202, 'g_gpe_gpi_mult': 0.40555403050324956}. Best is trial 144 with value: 0.9073438261862171.
[I 2026-05-28 21:15:05,711] Trial 193 finished with value: 5.640400174719673 and parameters: {'ISTN': 80.25443823554704, 'I_gpe': 1.2609501109385728, 'I_gpi': 2.047179885163308, 'noise_stn_sigma': 4.699628173120294, 'noise_gpe_sigma': 92.36964826156715, 'noise_gpi_sigma': 79.18060552000709, 'g_stn_gpe_mult': 3.8318261700793164, 'g_gpe_stn_mult': 0.23018941840201462, 'g_stn_gpi_mult': 2.724207828861478, 'g_gpe_gpi_mult': 0.4193402177460231}. Best is trial 144 with value: 0.9073438261862171.
[I 2026-05-28 21:15:06,732] Trial 194 finished with value: 12.011146435377112 and parameters: {'ISTN': 89.02515345004475, 'I_gpe': 0.7679932983976998, 'I_gpi': 1.7312053653639414, 'noise_stn_sigma': 3.397085270866663, 'noise_gpe_sigma': 91.03259902519842, 'noise_gpi_sigma': 92.89427008648748, 'g_stn_gpe_mult': 3.4700425568205997, 'g_gpe_stn_mult': 0.2494244794418655, 'g_stn_gpi_mult': 3.092651259332807, 'g_gpe_gpi_mult': 0.48246824068878447}. Best is trial 144 with value: 0.9073438261862171.
[I 2026-05-28 21:15:07,751] Trial 195 finished with value: 10.990941139989582 and parameters: {'ISTN': 78.91911432432273, 'I_gpe': 1.389075362584593, 'I_gpi': 2.3961656896700303, 'noise_stn_sigma': 4.559709229230917, 'noise_gpe_sigma': 93.77507278511669, 'noise_gpi_sigma': 80.55403654291624, 'g_stn_gpe_mult': 3.8622059379577136, 'g_gpe_stn_mult': 0.1335553818888637, 'g_stn_gpi_mult': 2.653755182077421, 'g_gpe_gpi_mult': 0.35658610166810034}. Best is trial 144 with value: 0.9073438261862171.
[I 2026-05-28 21:15:08,771] Trial 196 finished with value: 7.497239721974045 and parameters: {'ISTN': 82.67037790382236, 'I_gpe': 1.0662427911737353, 'I_gpi': 1.687831810901398, 'noise_stn_sigma': 3.8894641842776743, 'noise_gpe_sigma': 92.91312693778328, 'noise_gpi_sigma': 95.6250223240691, 'g_stn_gpe_mult': 3.7195026916105767, 'g_gpe_stn_mult': 0.2062739731915941, 'g_stn_gpi_mult': 2.520841470763788, 'g_gpe_gpi_mult': 0.5018892908009231}. Best is trial 144 with value: 0.9073438261862171.
[I 2026-05-28 21:15:09,793] Trial 197 finished with value: 8.120286044305086 and parameters: {'ISTN': 87.82186697154026, 'I_gpe': 0.9316267726179353, 'I_gpi': 1.163205891199426, 'noise_stn_sigma': 4.824828885395509, 'noise_gpe_sigma': 97.19162053440108, 'noise_gpi_sigma': 76.20041047573412, 'g_stn_gpe_mult': 3.8731886802072704, 'g_gpe_stn_mult': 0.30002854217250713, 'g_stn_gpi_mult': 2.636195935939082, 'g_gpe_gpi_mult': 0.35727260846498266}. Best is trial 144 with value: 0.9073438261862171.
[I 2026-05-28 21:15:10,814] Trial 198 finished with value: 10.424419565793734 and parameters: {'ISTN': 81.97696798476943, 'I_gpe': 1.4093500184683663, 'I_gpi': 1.4317663362419422, 'noise_stn_sigma': 4.804592656282347, 'noise_gpe_sigma': 78.07220609870248, 'noise_gpi_sigma': 97.18930449083109, 'g_stn_gpe_mult': 3.6869297565059247, 'g_gpe_stn_mult': 0.2566744376189704, 'g_stn_gpi_mult': 2.116121595995717, 'g_gpe_gpi_mult': 0.2867318499432555}. Best is trial 144 with value: 0.9073438261862171.
[I 2026-05-28 21:15:11,833] Trial 199 finished with value: 7.8187331050349975 and parameters: {'ISTN': 87.81309900866177, 'I_gpe': 0.9115585127975135, 'I_gpi': 2.0820914491373816, 'noise_stn_sigma': 5.190046432408714, 'noise_gpe_sigma': 99.73198931650765, 'noise_gpi_sigma': 80.90693249082531, 'g_stn_gpe_mult': 3.6360839968615695, 'g_gpe_stn_mult': 0.1945564377001678, 'g_stn_gpi_mult': 2.645739742038134, 'g_gpe_gpi_mult': 0.5400651428149814}. Best is trial 144 with value: 0.9073438261862171.
[I 2026-05-28 21:15:12,853] Trial 200 finished with value: 11.023795264102967 and parameters: {'ISTN': 76.00012462238021, 'I_gpe': 0.6783311367871925, 'I_gpi': 2.0543149954753286, 'noise_stn_sigma': 4.108331846610576, 'noise_gpe_sigma': 115.39651637229622, 'noise_gpi_sigma': 71.6148890376306, 'g_stn_gpe_mult': 3.6233941378887744, 'g_gpe_stn_mult': 0.2121814053646121, 'g_stn_gpi_mult': 2.672148611086067, 'g_gpe_gpi_mult': 0.3806185589992034}. Best is trial 144 with value: 0.9073438261862171.
[I 2026-05-28 21:15:13,814] Trial 201 finished with value: 1000000.0 and parameters: {'ISTN': 72.17936026782897, 'I_gpe': 1.3356534106064963, 'I_gpi': 1.944791012848521, 'noise_stn_sigma': 3.623525667105208, 'noise_gpe_sigma': 94.50366346562298, 'noise_gpi_sigma': 87.21184993914062, 'g_stn_gpe_mult': 3.629922889295379, 'g_gpe_stn_mult': 0.16310661790442976, 'g_stn_gpi_mult': 2.5268370737933217, 'g_gpe_gpi_mult': 0.45106351517353094}. Best is trial 144 with value: 0.9073438261862171.
[I 2026-05-28 21:15:14,832] Trial 202 finished with value: 8.71677440979336 and parameters: {'ISTN': 86.43884994518262, 'I_gpe': 1.155123450263155, 'I_gpi': 1.9498884673364079, 'noise_stn_sigma': 4.14339653410993, 'noise_gpe_sigma': 94.24238547831396, 'noise_gpi_sigma': 77.0489536921169, 'g_stn_gpe_mult': 3.8049550570987622, 'g_gpe_stn_mult': 0.18015211243263438, 'g_stn_gpi_mult': 2.7039456152462495, 'g_gpe_gpi_mult': 0.4736224796693835}. Best is trial 144 with value: 0.9073438261862171.
[I 2026-05-28 21:15:15,854] Trial 203 finished with value: 10.388829551275736 and parameters: {'ISTN': 85.17382065453128, 'I_gpe': 1.3063737681855452, 'I_gpi': 1.8862312170830644, 'noise_stn_sigma': 5.125503393276262, 'noise_gpe_sigma': 93.5936749666739, 'noise_gpi_sigma': 94.03972221801814, 'g_stn_gpe_mult': 3.321174762472743, 'g_gpe_stn_mult': 0.19850613672184775, 'g_stn_gpi_mult': 2.7832026917718755, 'g_gpe_gpi_mult': 0.4239236317895766}. Best is trial 144 with value: 0.9073438261862171.
[I 2026-05-28 21:15:16,875] Trial 204 finished with value: 6.361110612907795 and parameters: {'ISTN': 86.16393556390449, 'I_gpe': 0.835372581554886, 'I_gpi': 2.248063723674269, 'noise_stn_sigma': 4.634844230290335, 'noise_gpe_sigma': 88.0804718297486, 'noise_gpi_sigma': 95.90682280125836, 'g_stn_gpe_mult': 3.780213362253975, 'g_gpe_stn_mult': 0.17581793708759552, 'g_stn_gpi_mult': 2.3714260140720325, 'g_gpe_gpi_mult': 0.44795109021705415}. Best is trial 144 with value: 0.9073438261862171.
[I 2026-05-28 21:15:17,895] Trial 205 finished with value: 5.570690682148576 and parameters: {'ISTN': 71.02653203680917, 'I_gpe': 1.107102088644468, 'I_gpi': 1.2464034172410352, 'noise_stn_sigma': 4.311799119010548, 'noise_gpe_sigma': 101.94077742388043, 'noise_gpi_sigma': 68.33737477072617, 'g_stn_gpe_mult': 3.4155901933010155, 'g_gpe_stn_mult': 0.23523606630613053, 'g_stn_gpi_mult': 2.563875226374954, 'g_gpe_gpi_mult': 0.24637019780625316}. Best is trial 144 with value: 0.9073438261862171.
[I 2026-05-28 21:15:18,921] Trial 206 finished with value: 8.985874759128432 and parameters: {'ISTN': 81.77159676865648, 'I_gpe': 0.5808713699799616, 'I_gpi': 1.6974438634453564, 'noise_stn_sigma': 5.455280122005336, 'noise_gpe_sigma': 102.16827986748612, 'noise_gpi_sigma': 84.49710723314266, 'g_stn_gpe_mult': 3.333942888026276, 'g_gpe_stn_mult': 0.14932251116207904, 'g_stn_gpi_mult': 2.584087585439599, 'g_gpe_gpi_mult': 0.4432410961047376}. Best is trial 144 with value: 0.9073438261862171.
[I 2026-05-28 21:15:19,941] Trial 207 finished with value: 7.114785485592586 and parameters: {'ISTN': 85.51898371875129, 'I_gpe': 0.9950330549398309, 'I_gpi': 1.8648183559557363, 'noise_stn_sigma': 3.8515234311851585, 'noise_gpe_sigma': 99.80632892242738, 'noise_gpi_sigma': 75.64000144484513, 'g_stn_gpe_mult': 3.8273349029705748, 'g_gpe_stn_mult': 0.21368206223169875, 'g_stn_gpi_mult': 2.49198485037168, 'g_gpe_gpi_mult': 0.537020749516842}. Best is trial 144 with value: 0.9073438261862171.
[I 2026-05-28 21:15:20,961] Trial 208 finished with value: 8.30878475763655 and parameters: {'ISTN': 90.29972702980737, 'I_gpe': 0.9649040348369088, 'I_gpi': 1.8638604873696691, 'noise_stn_sigma': 3.9256621127733418, 'noise_gpe_sigma': 86.13119679994075, 'noise_gpi_sigma': 75.34039810865578, 'g_stn_gpe_mult': 3.149434750882188, 'g_gpe_stn_mult': 0.21017356065842605, 'g_stn_gpi_mult': 2.7461640358969754, 'g_gpe_gpi_mult': 0.4328847155020159}. Best is trial 144 with value: 0.9073438261862171.
[I 2026-05-28 21:15:21,921] Trial 209 finished with value: 1000000.0 and parameters: {'ISTN': 77.71587475213695, 'I_gpe': 0.9240608242671806, 'I_gpi': 1.3025857682852435, 'noise_stn_sigma': 4.779388259201306, 'noise_gpe_sigma': 93.6976657827898, 'noise_gpi_sigma': 87.76961192333081, 'g_stn_gpe_mult': 4.006020122008219, 'g_gpe_stn_mult': 0.23668276865391105, 'g_stn_gpi_mult': 2.9564123693510247, 'g_gpe_gpi_mult': 0.356230079734262}. Best is trial 144 with value: 0.9073438261862171.
[I 2026-05-28 21:15:22,946] Trial 210 finished with value: 11.89427371367478 and parameters: {'ISTN': 80.66750621294273, 'I_gpe': 1.0732167970012525, 'I_gpi': 1.9159349997405872, 'noise_stn_sigma': 4.504047337572839, 'noise_gpe_sigma': 86.59680558031586, 'noise_gpi_sigma': 83.42678568096049, 'g_stn_gpe_mult': 3.9239008756891285, 'g_gpe_stn_mult': 0.257931550306291, 'g_stn_gpi_mult': 2.917960750653273, 'g_gpe_gpi_mult': 0.6188756324743151}. Best is trial 144 with value: 0.9073438261862171.
[I 2026-05-28 21:15:23,965] Trial 211 finished with value: 9.783791623189764 and parameters: {'ISTN': 72.1069575761127, 'I_gpe': 0.7764375434274009, 'I_gpi': 1.9055992612869908, 'noise_stn_sigma': 4.440539856479705, 'noise_gpe_sigma': 94.23694709284895, 'noise_gpi_sigma': 78.34755665319373, 'g_stn_gpe_mult': 3.8481119919389526, 'g_gpe_stn_mult': 0.27667689172410137, 'g_stn_gpi_mult': 2.490172923813249, 'g_gpe_gpi_mult': 0.3748527069139645}. Best is trial 144 with value: 0.9073438261862171.
[I 2026-05-28 21:15:24,985] Trial 212 finished with value: 9.997061058238266 and parameters: {'ISTN': 79.56694963633312, 'I_gpe': 1.1292180692388678, 'I_gpi': 1.952998980714678, 'noise_stn_sigma': 4.626843326640601, 'noise_gpe_sigma': 87.05044992511071, 'noise_gpi_sigma': 67.90233536410375, 'g_stn_gpe_mult': 3.692753461147774, 'g_gpe_stn_mult': 0.2531911304931561, 'g_stn_gpi_mult': 2.5958180465783762, 'g_gpe_gpi_mult': 0.4948369292995088}. Best is trial 144 with value: 0.9073438261862171.
[I 2026-05-28 21:15:26,003] Trial 213 finished with value: 6.238763581028828 and parameters: {'ISTN': 77.99751153804439, 'I_gpe': 1.125479540855335, 'I_gpi': 1.7211656995696498, 'noise_stn_sigma': 4.591726845990941, 'noise_gpe_sigma': 87.99616136082643, 'noise_gpi_sigma': 79.21313078930561, 'g_stn_gpe_mult': 3.273803458630255, 'g_gpe_stn_mult': 0.2531775051068713, 'g_stn_gpi_mult': 2.8749311399128366, 'g_gpe_gpi_mult': 0.3179609422895404}. Best is trial 144 with value: 0.9073438261862171.
[I 2026-05-28 21:15:27,026] Trial 214 finished with value: 11.086467250543068 and parameters: {'ISTN': 78.48831580514207, 'I_gpe': 0.7650826919084642, 'I_gpi': 1.909595055745271, 'noise_stn_sigma': 4.11932741297613, 'noise_gpe_sigma': 87.04925824715838, 'noise_gpi_sigma': 86.0689110330509, 'g_stn_gpe_mult': 3.7392533867032953, 'g_gpe_stn_mult': 0.30872654414606837, 'g_stn_gpi_mult': 2.728593357785279, 'g_gpe_gpi_mult': 0.6084710324021045}. Best is trial 144 with value: 0.9073438261862171.
[I 2026-05-28 21:15:28,047] Trial 215 finished with value: 7.1331870880667845 and parameters: {'ISTN': 78.25883535359571, 'I_gpe': 0.9718495720235643, 'I_gpi': 1.912922631174758, 'noise_stn_sigma': 4.8573256525752395, 'noise_gpe_sigma': 104.48722392730701, 'noise_gpi_sigma': 71.29253015005776, 'g_stn_gpe_mult': 3.6154522503244775, 'g_gpe_stn_mult': 0.19655145659408607, 'g_stn_gpi_mult': 2.2040345395621435, 'g_gpe_gpi_mult': 0.322455253643391}. Best is trial 144 with value: 0.9073438261862171.
[I 2026-05-28 21:15:29,068] Trial 216 finished with value: 4.503788877218145 and parameters: {'ISTN': 78.09048362946862, 'I_gpe': 1.030786070845615, 'I_gpi': 1.727804271991535, 'noise_stn_sigma': 4.271685480524875, 'noise_gpe_sigma': 107.0867583217886, 'noise_gpi_sigma': 86.9956750049812, 'g_stn_gpe_mult': 3.768394816475762, 'g_gpe_stn_mult': 0.24743100136362675, 'g_stn_gpi_mult': 2.370205028176149, 'g_gpe_gpi_mult': 0.31383851341642205}. Best is trial 144 with value: 0.9073438261862171.
[I 2026-05-28 21:15:30,089] Trial 217 finished with value: 7.559245724120383 and parameters: {'ISTN': 70.55898556180566, 'I_gpe': 1.1633026396530457, 'I_gpi': 1.7015720095551465, 'noise_stn_sigma': 4.595110460432309, 'noise_gpe_sigma': 88.6612927547088, 'noise_gpi_sigma': 82.74008474366315, 'g_stn_gpe_mult': 4.131817939396234, 'g_gpe_stn_mult': 0.27105029653458723, 'g_stn_gpi_mult': 2.671602938591797, 'g_gpe_gpi_mult': 0.30906125699582876}. Best is trial 144 with value: 0.9073438261862171.
[I 2026-05-28 21:15:31,049] Trial 218 finished with value: 1000000.0 and parameters: {'ISTN': 80.56191939586753, 'I_gpe': 1.0905487280318051, 'I_gpi': 1.6896328140611527, 'noise_stn_sigma': 3.837813129921142, 'noise_gpe_sigma': 87.67223769302954, 'noise_gpi_sigma': 69.73286878957097, 'g_stn_gpe_mult': 3.7720134192221946, 'g_gpe_stn_mult': 0.2596184794901557, 'g_stn_gpi_mult': 2.554348282561632, 'g_gpe_gpi_mult': 0.3765664385900709}. Best is trial 144 with value: 0.9073438261862171.
[I 2026-05-28 21:15:32,072] Trial 219 finished with value: 12.962095801797831 and parameters: {'ISTN': 75.69631917799296, 'I_gpe': 1.400797279446116, 'I_gpi': 1.6608432734285867, 'noise_stn_sigma': 4.880465370923671, 'noise_gpe_sigma': 105.57529200910184, 'noise_gpi_sigma': 85.48835751198276, 'g_stn_gpe_mult': 3.4785227226849478, 'g_gpe_stn_mult': 0.2288733723106637, 'g_stn_gpi_mult': 2.597496900313955, 'g_gpe_gpi_mult': 0.3754083851219281}. Best is trial 144 with value: 0.9073438261862171.
