[I 2026-05-28 21:15:33,092] Trial 220 finished with value: 4.948585234750346 and parameters: {'ISTN': 73.65971639502516, 'I_gpe': 1.300010105380248, 'I_gpi': 1.8184024634258593, 'noise_stn_sigma': 4.1752712951670405, 'noise_gpe_sigma': 91.12100005755592, 'noise_gpi_sigma': 62.78720018670737, 'g_stn_gpe_mult': 3.802215817954665, 'g_gpe_stn_mult': 0.10514458070931791, 'g_stn_gpi_mult': 2.5665939871481607, 'g_gpe_gpi_mult': 0.3838577028974291}. Best is trial 144 with value: 0.9073438261862171.
[I 2026-05-28 21:15:34,118] Trial 221 finished with value: 12.202167763955437 and parameters: {'ISTN': 79.66575905397374, 'I_gpe': 0.9182118967569176, 'I_gpi': 1.975409424233992, 'noise_stn_sigma': 4.007325394793655, 'noise_gpe_sigma': 102.61370576948403, 'noise_gpi_sigma': 75.58158095138194, 'g_stn_gpe_mult': 3.531785336098858, 'g_gpe_stn_mult': 0.2695949598490601, 'g_stn_gpi_mult': 2.5765986085276924, 'g_gpe_gpi_mult': 0.27388918455355193}. Best is trial 144 with value: 0.9073438261862171.
[I 2026-05-28 21:15:35,139] Trial 222 finished with value: 5.9804973185703165 and parameters: {'ISTN': 84.06646342894935, 'I_gpe': 0.889248123405406, 'I_gpi': 1.6001493750238547, 'noise_stn_sigma': 4.050418445477058, 'noise_gpe_sigma': 94.40398121472323, 'noise_gpi_sigma': 76.98106144600322, 'g_stn_gpe_mult': 3.549210631510064, 'g_gpe_stn_mult': 0.18048801358843553, 'g_stn_gpi_mult': 2.5597750299801163, 'g_gpe_gpi_mult': 0.268415265881107}. Best is trial 144 with value: 0.9073438261862171.
[I 2026-05-28 21:15:36,158] Trial 223 finished with value: 7.736316652320469 and parameters: {'ISTN': 72.65818634083664, 'I_gpe': 1.089337139368813, 'I_gpi': 2.013402489485505, 'noise_stn_sigma': 4.542573410683287, 'noise_gpe_sigma': 94.47397613717733, 'noise_gpi_sigma': 90.91742806747895, 'g_stn_gpe_mult': 3.8820157664637263, 'g_gpe_stn_mult': 0.1992655501834763, 'g_stn_gpi_mult': 2.312477014032843, 'g_gpe_gpi_mult': 0.3854322744809766}. Best is trial 144 with value: 0.9073438261862171.
[I 2026-05-28 21:15:37,177] Trial 224 finished with value: 5.788346217992424 and parameters: {'ISTN': 72.08974199024595, 'I_gpe': 0.9679141473407767, 'I_gpi': 1.6507032690570766, 'noise_stn_sigma': 4.25832523633559, 'noise_gpe_sigma': 90.52146571559645, 'noise_gpi_sigma': 82.30887125746463, 'g_stn_gpe_mult': 3.583282447710737, 'g_gpe_stn_mult': 0.11066130799455548, 'g_stn_gpi_mult': 2.528799862639703, 'g_gpe_gpi_mult': 0.3490214618650502}. Best is trial 144 with value: 0.9073438261862171.
[I 2026-05-28 21:15:38,199] Trial 225 finished with value: 8.026287828590716 and parameters: {'ISTN': 74.18974998173712, 'I_gpe': 1.4451306540549618, 'I_gpi': 1.807664646470309, 'noise_stn_sigma': 4.588966187109163, 'noise_gpe_sigma': 91.29318241988193, 'noise_gpi_sigma': 84.31874175942072, 'g_stn_gpe_mult': 3.8019360832371545, 'g_gpe_stn_mult': 0.22155350503785215, 'g_stn_gpi_mult': 2.242196168174212, 'g_gpe_gpi_mult': 0.2496187594364207}. Best is trial 144 with value: 0.9073438261862171.
[I 2026-05-28 21:15:39,221] Trial 226 finished with value: 6.724537217918284 and parameters: {'ISTN': 79.15795685441525, 'I_gpe': 0.9571881394989782, 'I_gpi': 1.8773408979062451, 'noise_stn_sigma': 4.152259672321336, 'noise_gpe_sigma': 101.96045391802748, 'noise_gpi_sigma': 67.54029383894031, 'g_stn_gpe_mult': 3.757071133809367, 'g_gpe_stn_mult': 0.19488323762505075, 'g_stn_gpi_mult': 2.404908487526387, 'g_gpe_gpi_mult': 0.3243788113054408}. Best is trial 144 with value: 0.9073438261862171.
[I 2026-05-28 21:15:40,243] Trial 227 finished with value: 11.240047242754583 and parameters: {'ISTN': 75.10002867149959, 'I_gpe': 1.3807127507757049, 'I_gpi': 1.4629691384583412, 'noise_stn_sigma': 3.9218630502127247, 'noise_gpe_sigma': 95.07284360404509, 'noise_gpi_sigma': 78.14817533416215, 'g_stn_gpe_mult': 4.132340518151384, 'g_gpe_stn_mult': 0.2216120073468511, 'g_stn_gpi_mult': 2.6231597365771746, 'g_gpe_gpi_mult': 0.2620978533963831}. Best is trial 144 with value: 0.9073438261862171.
[I 2026-05-28 21:15:41,203] Trial 228 finished with value: 1000000.0 and parameters: {'ISTN': 80.41873908980476, 'I_gpe': 1.1127027807021923, 'I_gpi': 1.6980358241444369, 'noise_stn_sigma': 4.9610901843832735, 'noise_gpe_sigma': 98.85609457915945, 'noise_gpi_sigma': 78.3670583047826, 'g_stn_gpe_mult': 3.762788270234342, 'g_gpe_stn_mult': 0.2545902950985339, 'g_stn_gpi_mult': 2.1109201634570107, 'g_gpe_gpi_mult': 0.3122983598556839}. Best is trial 144 with value: 0.9073438261862171.
[I 2026-05-28 21:15:42,223] Trial 229 finished with value: 7.351603301803727 and parameters: {'ISTN': 80.68773154863929, 'I_gpe': 1.0820123087741536, 'I_gpi': 1.486160891987825, 'noise_stn_sigma': 4.74223017390487, 'noise_gpe_sigma': 99.39694542191997, 'noise_gpi_sigma': 70.08887001746535, 'g_stn_gpe_mult': 3.697856601918548, 'g_gpe_stn_mult': 0.22370710328485857, 'g_stn_gpi_mult': 2.4179081715142248, 'g_gpe_gpi_mult': 0.4633353090080383}. Best is trial 144 with value: 0.9073438261862171.
[I 2026-05-28 21:15:43,243] Trial 230 finished with value: 5.185090321891236 and parameters: {'ISTN': 73.97595811543482, 'I_gpe': 1.1605047869185259, 'I_gpi': 1.9380739585314504, 'noise_stn_sigma': 4.331512363923611, 'noise_gpe_sigma': 93.48838769848012, 'noise_gpi_sigma': 87.12604799190125, 'g_stn_gpe_mult': 4.093472226434923, 'g_gpe_stn_mult': 0.1598905739299346, 'g_stn_gpi_mult': 2.2044616340545438, 'g_gpe_gpi_mult': 0.26384704610344434}. Best is trial 144 with value: 0.9073438261862171.
[I 2026-05-28 21:15:44,262] Trial 231 finished with value: 10.011282698221844 and parameters: {'ISTN': 81.302127715303, 'I_gpe': 1.2679384350986485, 'I_gpi': 2.1737994188485623, 'noise_stn_sigma': 4.458139971627162, 'noise_gpe_sigma': 95.33435786403307, 'noise_gpi_sigma': 81.62959749808343, 'g_stn_gpe_mult': 3.439878675403997, 'g_gpe_stn_mult': 0.22226143460630632, 'g_stn_gpi_mult': 2.5355300228686177, 'g_gpe_gpi_mult': 0.2972145414107252}. Best is trial 144 with value: 0.9073438261862171.
[I 2026-05-28 21:15:45,281] Trial 232 finished with value: 9.313400381225971 and parameters: {'ISTN': 64.31560837566172, 'I_gpe': 0.8736647061964133, 'I_gpi': 1.7817020822418383, 'noise_stn_sigma': 4.0791345203322695, 'noise_gpe_sigma': 96.18779575765447, 'noise_gpi_sigma': 69.67011218195336, 'g_stn_gpe_mult': 3.409941636128196, 'g_gpe_stn_mult': 0.18128464958665697, 'g_stn_gpi_mult': 2.293046535946484, 'g_gpe_gpi_mult': 0.2636246518644323}. Best is trial 144 with value: 0.9073438261862171.
[I 2026-05-28 21:15:46,300] Trial 233 finished with value: 9.461937481540724 and parameters: {'ISTN': 77.26401190144892, 'I_gpe': 0.9268166815706154, 'I_gpi': 2.005324664804569, 'noise_stn_sigma': 4.077554559289569, 'noise_gpe_sigma': 87.9554084917121, 'noise_gpi_sigma': 89.63012785651856, 'g_stn_gpe_mult': 3.863536940692245, 'g_gpe_stn_mult': 0.2031924740194193, 'g_stn_gpi_mult': 2.224452826845448, 'g_gpe_gpi_mult': 0.22864464548650443}. Best is trial 144 with value: 0.9073438261862171.
[I 2026-05-28 21:15:47,320] Trial 234 finished with value: 3.509785877932685 and parameters: {'ISTN': 80.06194855583027, 'I_gpe': 0.9544779574280623, 'I_gpi': 1.6964356862225052, 'noise_stn_sigma': 4.7583706009033655, 'noise_gpe_sigma': 92.09429215668125, 'noise_gpi_sigma': 88.51259508548189, 'g_stn_gpe_mult': 3.963655399235906, 'g_gpe_stn_mult': 0.113982368663842, 'g_stn_gpi_mult': 2.509357167774297, 'g_gpe_gpi_mult': 0.33154388267376333}. Best is trial 144 with value: 0.9073438261862171.
[I 2026-05-28 21:15:48,341] Trial 235 finished with value: 5.986405202642207 and parameters: {'ISTN': 77.75853509443361, 'I_gpe': 1.4505924129484582, 'I_gpi': 1.7919018603648653, 'noise_stn_sigma': 4.207847492908025, 'noise_gpe_sigma': 85.38995061853632, 'noise_gpi_sigma': 77.60125217955165, 'g_stn_gpe_mult': 3.840337231715856, 'g_gpe_stn_mult': 0.20440026875103642, 'g_stn_gpi_mult': 2.4065306174422747, 'g_gpe_gpi_mult': 0.3725246229454279}. Best is trial 144 with value: 0.9073438261862171.
[I 2026-05-28 21:15:49,362] Trial 236 finished with value: 10.886481657332498 and parameters: {'ISTN': 75.10323512498924, 'I_gpe': 1.2561282766423498, 'I_gpi': 2.0855044697230523, 'noise_stn_sigma': 4.096114511314335, 'noise_gpe_sigma': 92.30073927096082, 'noise_gpi_sigma': 87.61569966071748, 'g_stn_gpe_mult': 4.204998001566231, 'g_gpe_stn_mult': 0.14655087706938416, 'g_stn_gpi_mult': 2.5703299174078458, 'g_gpe_gpi_mult': 0.4011366268082171}. Best is trial 144 with value: 0.9073438261862171.
[I 2026-05-28 21:15:50,383] Trial 237 finished with value: 9.053340280621184 and parameters: {'ISTN': 71.10537205893806, 'I_gpe': 0.8824830826863629, 'I_gpi': 1.9806566887545503, 'noise_stn_sigma': 3.944432753891215, 'noise_gpe_sigma': 92.60791313106255, 'noise_gpi_sigma': 79.75734763332909, 'g_stn_gpe_mult': 3.9448698010122465, 'g_gpe_stn_mult': 0.1267924205010007, 'g_stn_gpi_mult': 2.0965033387583585, 'g_gpe_gpi_mult': 0.3458950643743565}. Best is trial 144 with value: 0.9073438261862171.
[I 2026-05-28 21:15:51,402] Trial 238 finished with value: 4.895319594948179 and parameters: {'ISTN': 70.09592222433187, 'I_gpe': 1.2500794480024888, 'I_gpi': 1.4436467007309925, 'noise_stn_sigma': 3.924604549778953, 'noise_gpe_sigma': 88.18010643229582, 'noise_gpi_sigma': 70.76660517027108, 'g_stn_gpe_mult': 3.799666399465091, 'g_gpe_stn_mult': 0.1667378450774506, 'g_stn_gpi_mult': 2.5916589244938484, 'g_gpe_gpi_mult': 0.3400688397015088}. Best is trial 144 with value: 0.9073438261862171.
[I 2026-05-28 21:15:52,424] Trial 239 finished with value: 3.614480795059553 and parameters: {'ISTN': 76.37661194298235, 'I_gpe': 1.2387974196928822, 'I_gpi': 2.106022104299316, 'noise_stn_sigma': 4.588094592125865, 'noise_gpe_sigma': 98.21153295618146, 'noise_gpi_sigma': 88.0711937694864, 'g_stn_gpe_mult': 4.122239745309913, 'g_gpe_stn_mult': 0.10573146835078136, 'g_stn_gpi_mult': 2.3415634410671196, 'g_gpe_gpi_mult': 0.4430234260752235}. Best is trial 144 with value: 0.9073438261862171.
[I 2026-05-28 21:15:53,444] Trial 240 finished with value: 5.18088698257697 and parameters: {'ISTN': 70.87067079391059, 'I_gpe': 1.2250322145233992, 'I_gpi': 2.10691539035382, 'noise_stn_sigma': 3.9821654413113317, 'noise_gpe_sigma': 87.71464193968902, 'noise_gpi_sigma': 72.73215196934689, 'g_stn_gpe_mult': 3.777356975530395, 'g_gpe_stn_mult': 0.13394916301219023, 'g_stn_gpi_mult': 2.660439411554823, 'g_gpe_gpi_mult': 0.2502429037423619}. Best is trial 144 with value: 0.9073438261862171.
[I 2026-05-28 21:15:54,469] Trial 241 finished with value: 6.911644425741925 and parameters: {'ISTN': 79.19094352152149, 'I_gpe': 0.8401958724422618, 'I_gpi': 1.3393601194194071, 'noise_stn_sigma': 4.678334481649827, 'noise_gpe_sigma': 91.91368466776612, 'noise_gpi_sigma': 93.93640472517444, 'g_stn_gpe_mult': 3.4943934657892877, 'g_gpe_stn_mult': 0.10033616995585763, 'g_stn_gpi_mult': 2.9012477160475956, 'g_gpe_gpi_mult': 0.368474072621401}. Best is trial 144 with value: 0.9073438261862171.
[I 2026-05-28 21:15:55,491] Trial 242 finished with value: 4.370412293510998 and parameters: {'ISTN': 75.27705816503403, 'I_gpe': 1.129081849658415, 'I_gpi': 1.7699664709644902, 'noise_stn_sigma': 3.867193014646939, 'noise_gpe_sigma': 89.52474646810522, 'noise_gpi_sigma': 85.99579639016704, 'g_stn_gpe_mult': 3.8699985419178042, 'g_gpe_stn_mult': 0.12085426131961201, 'g_stn_gpi_mult': 2.355051126899708, 'g_gpe_gpi_mult': 0.3957717546841253}. Best is trial 144 with value: 0.9073438261862171.
[I 2026-05-28 21:15:56,511] Trial 243 finished with value: 5.321920387238914 and parameters: {'ISTN': 83.23455259005215, 'I_gpe': 1.2687461562588753, 'I_gpi': 1.846703307513057, 'noise_stn_sigma': 3.8979446916567424, 'noise_gpe_sigma': 91.59408860642279, 'noise_gpi_sigma': 80.34779600811858, 'g_stn_gpe_mult': 3.811806775945099, 'g_gpe_stn_mult': 0.1620005293511201, 'g_stn_gpi_mult': 2.476159510038729, 'g_gpe_gpi_mult': 0.36141382943549905}. Best is trial 144 with value: 0.9073438261862171.
[I 2026-05-28 21:15:57,532] Trial 244 finished with value: 4.924631800259215 and parameters: {'ISTN': 85.69571447461004, 'I_gpe': 1.0905586658523125, 'I_gpi': 1.9125626796124249, 'noise_stn_sigma': 4.840915491771664, 'noise_gpe_sigma': 97.75726649040716, 'noise_gpi_sigma': 84.42627706556708, 'g_stn_gpe_mult': 3.7454848691922233, 'g_gpe_stn_mult': 0.21738593843378656, 'g_stn_gpi_mult': 2.6872745776684033, 'g_gpe_gpi_mult': 0.4689831011540338}. Best is trial 144 with value: 0.9073438261862171.
[I 2026-05-28 21:15:58,553] Trial 245 finished with value: 9.529046591120874 and parameters: {'ISTN': 74.97770539800678, 'I_gpe': 1.341926012711477, 'I_gpi': 2.0546838647905323, 'noise_stn_sigma': 3.9192115687596205, 'noise_gpe_sigma': 88.1073081121837, 'noise_gpi_sigma': 83.0886438921994, 'g_stn_gpe_mult': 4.101680840396126, 'g_gpe_stn_mult': 0.13529939127005866, 'g_stn_gpi_mult': 2.5953168808813434, 'g_gpe_gpi_mult': 0.39949133103300355}. Best is trial 144 with value: 0.9073438261862171.
[I 2026-05-28 21:15:59,574] Trial 246 finished with value: 5.931127966848534 and parameters: {'ISTN': 75.08410551920866, 'I_gpe': 1.2320604550743144, 'I_gpi': 1.732487133445542, 'noise_stn_sigma': 4.160956895290131, 'noise_gpe_sigma': 73.77790630608608, 'noise_gpi_sigma': 94.50677463083349, 'g_stn_gpe_mult': 3.862595189200479, 'g_gpe_stn_mult': 0.11447099440128083, 'g_stn_gpi_mult': 2.7373372198452746, 'g_gpe_gpi_mult': 0.33061935150233945}. Best is trial 144 with value: 0.9073438261862171.
[I 2026-05-28 21:16:00,593] Trial 247 finished with value: 3.0730412486925864 and parameters: {'ISTN': 73.31917714096316, 'I_gpe': 1.387928718668877, 'I_gpi': 1.8948526722011862, 'noise_stn_sigma': 4.253571228391961, 'noise_gpe_sigma': 78.70408829611856, 'noise_gpi_sigma': 100.55786283356666, 'g_stn_gpe_mult': 4.2810025120973645, 'g_gpe_stn_mult': 0.11196062476931538, 'g_stn_gpi_mult': 2.8949951759009482, 'g_gpe_gpi_mult': 0.2975448572799425}. Best is trial 144 with value: 0.9073438261862171.
[I 2026-05-28 21:16:01,612] Trial 248 finished with value: 4.053301735686462 and parameters: {'ISTN': 77.75903641125008, 'I_gpe': 1.0889153303123555, 'I_gpi': 2.070457598195165, 'noise_stn_sigma': 4.442960319167916, 'noise_gpe_sigma': 83.45911954608681, 'noise_gpi_sigma': 74.58040358700622, 'g_stn_gpe_mult': 3.8777293856323034, 'g_gpe_stn_mult': 0.14247348388202524, 'g_stn_gpi_mult': 2.612793444848271, 'g_gpe_gpi_mult': 0.26595609418834737}. Best is trial 144 with value: 0.9073438261862171.
[I 2026-05-28 21:16:02,633] Trial 249 finished with value: 9.09549302932275 and parameters: {'ISTN': 75.52626270658008, 'I_gpe': 1.2563369376632645, 'I_gpi': 1.7668604391160825, 'noise_stn_sigma': 4.651344321648594, 'noise_gpe_sigma': 88.08255179531238, 'noise_gpi_sigma': 82.65859295028133, 'g_stn_gpe_mult': 3.93880297657189, 'g_gpe_stn_mult': 0.1274218738112379, 'g_stn_gpi_mult': 2.7898772478920084, 'g_gpe_gpi_mult': 0.4115168025494157}. Best is trial 144 with value: 0.9073438261862171.
[I 2026-05-28 21:16:03,657] Trial 250 finished with value: 6.330479326021412 and parameters: {'ISTN': 74.6278375727183, 'I_gpe': 1.1745427954871595, 'I_gpi': 1.9811272938111122, 'noise_stn_sigma': 4.770101873222286, 'noise_gpe_sigma': 84.3011670344327, 'noise_gpi_sigma': 93.5982896958261, 'g_stn_gpe_mult': 3.7961746677161003, 'g_gpe_stn_mult': 0.1329729039582659, 'g_stn_gpi_mult': 2.5422380100310074, 'g_gpe_gpi_mult': 0.31667458118613323}. Best is trial 144 with value: 0.9073438261862171.
[I 2026-05-28 21:16:04,675] Trial 251 finished with value: 7.391830911027724 and parameters: {'ISTN': 77.00513341513137, 'I_gpe': 1.3371195639896898, 'I_gpi': 1.6083323153201357, 'noise_stn_sigma': 3.614896522055526, 'noise_gpe_sigma': 79.44051825211318, 'noise_gpi_sigma': 87.0030337123871, 'g_stn_gpe_mult': 3.784828523704625, 'g_gpe_stn_mult': 0.16499024680174562, 'g_stn_gpi_mult': 2.5716151664235247, 'g_gpe_gpi_mult': 0.38002731748624896}. Best is trial 144 with value: 0.9073438261862171.
[I 2026-05-28 21:16:05,694] Trial 252 finished with value: 10.122749507709905 and parameters: {'ISTN': 76.31592994830211, 'I_gpe': 1.434094475753273, 'I_gpi': 1.8744801040649863, 'noise_stn_sigma': 4.104265585122141, 'noise_gpe_sigma': 77.44224927917088, 'noise_gpi_sigma': 95.20842690487811, 'g_stn_gpe_mult': 3.9462028628624726, 'g_gpe_stn_mult': 0.11182701238731718, 'g_stn_gpi_mult': 2.589974181482467, 'g_gpe_gpi_mult': 0.22562231658036852}. Best is trial 144 with value: 0.9073438261862171.
[I 2026-05-28 21:16:06,715] Trial 253 finished with value: 4.933639282256742 and parameters: {'ISTN': 78.34808058208412, 'I_gpe': 1.023961572312257, 'I_gpi': 1.933191671546972, 'noise_stn_sigma': 5.21309442320509, 'noise_gpe_sigma': 83.26046842402128, 'noise_gpi_sigma': 100.44813248492964, 'g_stn_gpe_mult': 4.15334102453375, 'g_gpe_stn_mult': 0.12873927138098934, 'g_stn_gpi_mult': 2.584405018776587, 'g_gpe_gpi_mult': 0.3550843063390475}. Best is trial 144 with value: 0.9073438261862171.
[I 2026-05-28 21:16:07,735] Trial 254 finished with value: 9.11673986018089 and parameters: {'ISTN': 75.61400846475196, 'I_gpe': 1.6048758640166487, 'I_gpi': 2.205166847690567, 'noise_stn_sigma': 4.757991771537766, 'noise_gpe_sigma': 84.5796397305689, 'noise_gpi_sigma': 93.60463065826, 'g_stn_gpe_mult': 4.164068212557989, 'g_gpe_stn_mult': 0.2003055135332767, 'g_stn_gpi_mult': 2.6170676513849926, 'g_gpe_gpi_mult': 0.405273477644024}. Best is trial 144 with value: 0.9073438261862171.
[I 2026-05-28 21:16:08,756] Trial 255 finished with value: 6.570612424424832 and parameters: {'ISTN': 73.52071741959297, 'I_gpe': 1.2572517243050245, 'I_gpi': 2.0250674915951343, 'noise_stn_sigma': 5.137267321153944, 'noise_gpe_sigma': 82.98002656241104, 'noise_gpi_sigma': 94.97039822038732, 'g_stn_gpe_mult': 4.204910423693231, 'g_gpe_stn_mult': 0.1135649686281922, 'g_stn_gpi_mult': 2.831276916898681, 'g_gpe_gpi_mult': 0.42642919680365443}. Best is trial 144 with value: 0.9073438261862171.
[I 2026-05-28 21:16:09,778] Trial 256 finished with value: 12.116687521581406 and parameters: {'ISTN': 69.5348632171889, 'I_gpe': 1.5810843876631018, 'I_gpi': 2.2017992949916283, 'noise_stn_sigma': 4.482766630651911, 'noise_gpe_sigma': 71.32012168599425, 'noise_gpi_sigma': 98.93292667880363, 'g_stn_gpe_mult': 4.376520257861183, 'g_gpe_stn_mult': 0.18195820801550633, 'g_stn_gpi_mult': 2.61531766274287, 'g_gpe_gpi_mult': 0.337636457792583}. Best is trial 144 with value: 0.9073438261862171.
[I 2026-05-28 21:16:10,806] Trial 257 finished with value: 7.914986677225937 and parameters: {'ISTN': 73.26617052850887, 'I_gpe': 1.3541494142124726, 'I_gpi': 2.055096447062168, 'noise_stn_sigma': 4.7492488066973255, 'noise_gpe_sigma': 76.58295327788707, 'noise_gpi_sigma': 102.3790132453603, 'g_stn_gpe_mult': 4.342653545039521, 'g_gpe_stn_mult': 0.14923985602842277, 'g_stn_gpi_mult': 2.5889695876835193, 'g_gpe_gpi_mult': 0.2984400791924284}. Best is trial 144 with value: 0.9073438261862171.
[I 2026-05-28 21:16:11,823] Trial 258 finished with value: 6.7488540025075725 and parameters: {'ISTN': 71.90158641739062, 'I_gpe': 0.8990701978936118, 'I_gpi': 1.466849263826402, 'noise_stn_sigma': 4.037790998131023, 'noise_gpe_sigma': 80.04961824261653, 'noise_gpi_sigma': 86.80080481864798, 'g_stn_gpe_mult': 4.104734714386052, 'g_gpe_stn_mult': 0.10729951132651849, 'g_stn_gpi_mult': 2.685981887281733, 'g_gpe_gpi_mult': 0.351567838604595}. Best is trial 144 with value: 0.9073438261862171.
[I 2026-05-28 21:16:12,850] Trial 259 finished with value: 5.073788431968952 and parameters: {'ISTN': 80.92852430861214, 'I_gpe': 1.374537776542067, 'I_gpi': 1.7490103491421762, 'noise_stn_sigma': 5.236284083385575, 'noise_gpe_sigma': 84.54498290755508, 'noise_gpi_sigma': 96.02294598816678, 'g_stn_gpe_mult': 3.6781677203546335, 'g_gpe_stn_mult': 0.15301013720596127, 'g_stn_gpi_mult': 2.6729395619517105, 'g_gpe_gpi_mult': 0.2733847802821526}. Best is trial 144 with value: 0.9073438261862171.
[I 2026-05-28 21:16:13,869] Trial 260 finished with value: 4.828635089882195 and parameters: {'ISTN': 69.0670040654911, 'I_gpe': 1.1772262347248783, 'I_gpi': 1.6318335439333902, 'noise_stn_sigma': 3.762219551833252, 'noise_gpe_sigma': 75.71441195626015, 'noise_gpi_sigma': 94.82316145176456, 'g_stn_gpe_mult': 3.801206604022635, 'g_gpe_stn_mult': 0.14602343402065207, 'g_stn_gpi_mult': 2.7910022374431303, 'g_gpe_gpi_mult': 0.33355597866529096}. Best is trial 144 with value: 0.9073438261862171.
[I 2026-05-28 21:16:14,891] Trial 261 finished with value: 5.5003317817366195 and parameters: {'ISTN': 78.10117397871821, 'I_gpe': 1.321385661990496, 'I_gpi': 2.06273274674935, 'noise_stn_sigma': 4.747223408022309, 'noise_gpe_sigma': 88.71998140598775, 'noise_gpi_sigma': 91.51892199364983, 'g_stn_gpe_mult': 3.9673619333229335, 'g_gpe_stn_mult': 0.1617647884332741, 'g_stn_gpi_mult': 2.60063192875531, 'g_gpe_gpi_mult': 0.2853177322909277}. Best is trial 144 with value: 0.9073438261862171.
[I 2026-05-28 21:16:15,913] Trial 262 finished with value: 4.636253250045792 and parameters: {'ISTN': 82.91752831946157, 'I_gpe': 1.3165468563671188, 'I_gpi': 1.8229682708909745, 'noise_stn_sigma': 4.864932111641404, 'noise_gpe_sigma': 78.28880758168972, 'noise_gpi_sigma': 93.17660786426306, 'g_stn_gpe_mult': 3.905160080587696, 'g_gpe_stn_mult': 0.16798663253862406, 'g_stn_gpi_mult': 2.8195854482233487, 'g_gpe_gpi_mult': 0.4305474157701297}. Best is trial 144 with value: 0.9073438261862171.
[I 2026-05-28 21:16:16,937] Trial 263 finished with value: 5.801971711706782 and parameters: {'ISTN': 76.13514016236934, 'I_gpe': 1.267564007705058, 'I_gpi': 2.0233511789232406, 'noise_stn_sigma': 5.110652776578093, 'noise_gpe_sigma': 88.63153181884141, 'noise_gpi_sigma': 96.6636885708597, 'g_stn_gpe_mult': 4.233664488234311, 'g_gpe_stn_mult': 0.1221125993943925, 'g_stn_gpi_mult': 2.5304060321285555, 'g_gpe_gpi_mult': 0.30559832410288523}. Best is trial 144 with value: 0.9073438261862171.
