[I 2026-05-28 21:19:17,546] Trial 440 finished with value: 8.225843748368757 and parameters: {'ISTN': 78.72485547377408, 'I_gpe': 1.050750326612814, 'I_gpi': 1.3762806849687115, 'noise_stn_sigma': 3.9722327578339187, 'noise_gpe_sigma': 118.62620262022071, 'noise_gpi_sigma': 79.35304932919291, 'g_stn_gpe_mult': 3.442684650881712, 'g_gpe_stn_mult': 0.16992282695400793, 'g_stn_gpi_mult': 2.1116374290271054, 'g_gpe_gpi_mult': 0.23795124141641694}. Best is trial 348 with value: 0.8336165651046656.
[I 2026-05-28 21:19:18,568] Trial 441 finished with value: 2.250728580764751 and parameters: {'ISTN': 73.25926598463019, 'I_gpe': 1.1155523903971276, 'I_gpi': 1.3583111259068317, 'noise_stn_sigma': 4.042916797363636, 'noise_gpe_sigma': 110.54134058446327, 'noise_gpi_sigma': 87.02560227680848, 'g_stn_gpe_mult': 3.7763060428040127, 'g_gpe_stn_mult': 0.20752800587959935, 'g_stn_gpi_mult': 2.4397782495795357, 'g_gpe_gpi_mult': 0.23548793200383394}. Best is trial 348 with value: 0.8336165651046656.
[I 2026-05-28 21:19:19,588] Trial 442 finished with value: 1.5395819290566493 and parameters: {'ISTN': 82.12049776423427, 'I_gpe': 1.1221734930278973, 'I_gpi': 1.2830409000200245, 'noise_stn_sigma': 4.463643422121802, 'noise_gpe_sigma': 108.14706813537882, 'noise_gpi_sigma': 82.31489547367221, 'g_stn_gpe_mult': 3.4646190016693788, 'g_gpe_stn_mult': 0.1700444191718944, 'g_stn_gpi_mult': 2.2872370827661355, 'g_gpe_gpi_mult': 0.26387698674582827}. Best is trial 348 with value: 0.8336165651046656.
[I 2026-05-28 21:19:20,606] Trial 443 finished with value: 8.778376857086439 and parameters: {'ISTN': 83.31999680656918, 'I_gpe': 0.887182286374287, 'I_gpi': 1.0631791938732278, 'noise_stn_sigma': 4.431646585627961, 'noise_gpe_sigma': 111.65788522402107, 'noise_gpi_sigma': 78.53520894584109, 'g_stn_gpe_mult': 3.570847545055467, 'g_gpe_stn_mult': 0.21166493651646856, 'g_stn_gpi_mult': 2.3296942336943838, 'g_gpe_gpi_mult': 0.3729587117814256}. Best is trial 348 with value: 0.8336165651046656.
[I 2026-05-28 21:19:21,629] Trial 444 finished with value: 9.179801778737449 and parameters: {'ISTN': 78.16218342641353, 'I_gpe': 0.9978301125684729, 'I_gpi': 1.4198209509955102, 'noise_stn_sigma': 4.237008803942157, 'noise_gpe_sigma': 117.52632747046155, 'noise_gpi_sigma': 76.71163926874377, 'g_stn_gpe_mult': 3.38984891368606, 'g_gpe_stn_mult': 0.1779110643366479, 'g_stn_gpi_mult': 2.1772126884957115, 'g_gpe_gpi_mult': 0.2716747080053018}. Best is trial 348 with value: 0.8336165651046656.
[I 2026-05-28 21:19:22,655] Trial 445 finished with value: 4.147312030088483 and parameters: {'ISTN': 81.12020608343266, 'I_gpe': 1.0469675586617941, 'I_gpi': 1.2284283197907637, 'noise_stn_sigma': 4.045254038178838, 'noise_gpe_sigma': 109.45719121446814, 'noise_gpi_sigma': 86.07564013599887, 'g_stn_gpe_mult': 3.67974039185225, 'g_gpe_stn_mult': 0.18940904457403257, 'g_stn_gpi_mult': 2.320148335378838, 'g_gpe_gpi_mult': 0.2585105778917658}. Best is trial 348 with value: 0.8336165651046656.
[I 2026-05-28 21:19:23,674] Trial 446 finished with value: 10.123426355876092 and parameters: {'ISTN': 85.08129022486541, 'I_gpe': 1.179789417142801, 'I_gpi': 1.476147421392553, 'noise_stn_sigma': 4.278761612359457, 'noise_gpe_sigma': 117.17777715633423, 'noise_gpi_sigma': 77.47931799885797, 'g_stn_gpe_mult': 3.4357171003587244, 'g_gpe_stn_mult': 0.20984654235023684, 'g_stn_gpi_mult': 2.238116696882914, 'g_gpe_gpi_mult': 0.28327458704376224}. Best is trial 348 with value: 0.8336165651046656.
[I 2026-05-28 21:19:24,696] Trial 447 finished with value: 6.230208480323351 and parameters: {'ISTN': 82.2289597589765, 'I_gpe': 1.172375249594465, 'I_gpi': 1.361822826191111, 'noise_stn_sigma': 4.422252291185301, 'noise_gpe_sigma': 118.73836856692535, 'noise_gpi_sigma': 83.82701411624855, 'g_stn_gpe_mult': 3.57026402007084, 'g_gpe_stn_mult': 0.20283918640006665, 'g_stn_gpi_mult': 2.3844470474127184, 'g_gpe_gpi_mult': 0.23311989801690391}. Best is trial 348 with value: 0.8336165651046656.
[I 2026-05-28 21:19:25,715] Trial 448 finished with value: 3.6966854211249998 and parameters: {'ISTN': 85.85267266993515, 'I_gpe': 1.0701638044170145, 'I_gpi': 1.1107867550906396, 'noise_stn_sigma': 4.535886861966364, 'noise_gpe_sigma': 115.54714712317374, 'noise_gpi_sigma': 79.78508373762023, 'g_stn_gpe_mult': 3.1560554484228707, 'g_gpe_stn_mult': 0.244086872365231, 'g_stn_gpi_mult': 2.1682050973560982, 'g_gpe_gpi_mult': 0.26525761506018974}. Best is trial 348 with value: 0.8336165651046656.
[I 2026-05-28 21:19:26,737] Trial 449 finished with value: 4.150896673835415 and parameters: {'ISTN': 84.00528153956762, 'I_gpe': 1.0517937417954264, 'I_gpi': 1.1465441651084456, 'noise_stn_sigma': 3.9814364591311464, 'noise_gpe_sigma': 123.10746055282007, 'noise_gpi_sigma': 80.57352062310886, 'g_stn_gpe_mult': 3.332655255193276, 'g_gpe_stn_mult': 0.2377308547605574, 'g_stn_gpi_mult': 2.308373846763632, 'g_gpe_gpi_mult': 0.31121347026926865}. Best is trial 348 with value: 0.8336165651046656.
[I 2026-05-28 21:19:27,757] Trial 450 finished with value: 2.30933067401938 and parameters: {'ISTN': 82.15043139131053, 'I_gpe': 1.011907833214912, 'I_gpi': 1.3919659376158797, 'noise_stn_sigma': 3.957912716839587, 'noise_gpe_sigma': 121.94681901793375, 'noise_gpi_sigma': 79.89667412891606, 'g_stn_gpe_mult': 3.33243332604983, 'g_gpe_stn_mult': 0.17782594786952682, 'g_stn_gpi_mult': 2.318508807542317, 'g_gpe_gpi_mult': 0.2011619270351651}. Best is trial 348 with value: 0.8336165651046656.
[I 2026-05-28 21:19:28,776] Trial 451 finished with value: 5.469012181381551 and parameters: {'ISTN': 78.70779234982999, 'I_gpe': 1.0762689203812081, 'I_gpi': 1.1385945397259707, 'noise_stn_sigma': 4.303556025745253, 'noise_gpe_sigma': 107.83951470529743, 'noise_gpi_sigma': 91.57442831148221, 'g_stn_gpe_mult': 3.468115405709601, 'g_gpe_stn_mult': 0.16832142171356645, 'g_stn_gpi_mult': 2.4532563128636995, 'g_gpe_gpi_mult': 0.24687243504334663}. Best is trial 348 with value: 0.8336165651046656.
[I 2026-05-28 21:19:29,797] Trial 452 finished with value: 6.289633533921472 and parameters: {'ISTN': 81.58042763336752, 'I_gpe': 1.0493889000559395, 'I_gpi': 1.3644072609532567, 'noise_stn_sigma': 4.631468757309562, 'noise_gpe_sigma': 109.06223006704356, 'noise_gpi_sigma': 81.89373077706223, 'g_stn_gpe_mult': 3.61985927226002, 'g_gpe_stn_mult': 0.19181050974564195, 'g_stn_gpi_mult': 2.3302270198284725, 'g_gpe_gpi_mult': 0.2521390581163214}. Best is trial 348 with value: 0.8336165651046656.
[I 2026-05-28 21:19:30,827] Trial 453 finished with value: 7.104371915724547 and parameters: {'ISTN': 77.1578365561892, 'I_gpe': 0.9985615570276234, 'I_gpi': 1.174618034921907, 'noise_stn_sigma': 4.363191326274642, 'noise_gpe_sigma': 114.62416029892445, 'noise_gpi_sigma': 82.41141023903208, 'g_stn_gpe_mult': 3.5615105500034625, 'g_gpe_stn_mult': 0.1992902804062492, 'g_stn_gpi_mult': 2.240702274351015, 'g_gpe_gpi_mult': 0.22086856239310174}. Best is trial 348 with value: 0.8336165651046656.
[I 2026-05-28 21:19:31,849] Trial 454 finished with value: 3.0315525045397975 and parameters: {'ISTN': 79.0325481922844, 'I_gpe': 1.0239967388723614, 'I_gpi': 1.5087678455167737, 'noise_stn_sigma': 3.9090805299861793, 'noise_gpe_sigma': 111.8253961299771, 'noise_gpi_sigma': 88.0790563177989, 'g_stn_gpe_mult': 3.601869518766152, 'g_gpe_stn_mult': 0.19237094619848694, 'g_stn_gpi_mult': 2.1787958915850987, 'g_gpe_gpi_mult': 0.21564174859841492}. Best is trial 348 with value: 0.8336165651046656.
[I 2026-05-28 21:19:32,869] Trial 455 finished with value: 1.4750749094599527 and parameters: {'ISTN': 78.74366241723101, 'I_gpe': 1.0139561524122973, 'I_gpi': 1.0364251735871652, 'noise_stn_sigma': 4.452880392606197, 'noise_gpe_sigma': 114.13053355116926, 'noise_gpi_sigma': 87.95201834811814, 'g_stn_gpe_mult': 3.6687133757985975, 'g_gpe_stn_mult': 0.21197641782632995, 'g_stn_gpi_mult': 2.3122806156315128, 'g_gpe_gpi_mult': 0.28407001123554154}. Best is trial 348 with value: 0.8336165651046656.
[I 2026-05-28 21:19:33,886] Trial 456 finished with value: 9.038334799248593 and parameters: {'ISTN': 81.43087391722923, 'I_gpe': 1.1491250020851307, 'I_gpi': 1.4252002325158621, 'noise_stn_sigma': 3.796227251575855, 'noise_gpe_sigma': 110.43727081570853, 'noise_gpi_sigma': 87.81003248730896, 'g_stn_gpe_mult': 3.4934507364777136, 'g_gpe_stn_mult': 0.19188004966086092, 'g_stn_gpi_mult': 2.3695857965018052, 'g_gpe_gpi_mult': 0.23276532576763795}. Best is trial 348 with value: 0.8336165651046656.
[I 2026-05-28 21:19:34,908] Trial 457 finished with value: 2.965153551711248 and parameters: {'ISTN': 82.44621813576263, 'I_gpe': 1.0983679226736407, 'I_gpi': 1.4949203378779254, 'noise_stn_sigma': 4.003776632943679, 'noise_gpe_sigma': 108.15119158997821, 'noise_gpi_sigma': 77.4100745085612, 'g_stn_gpe_mult': 3.4633883781091064, 'g_gpe_stn_mult': 0.1715326144128147, 'g_stn_gpi_mult': 2.4001300787374507, 'g_gpe_gpi_mult': 0.21364623874390382}. Best is trial 348 with value: 0.8336165651046656.
[I 2026-05-28 21:19:35,930] Trial 458 finished with value: 1.5439656903693013 and parameters: {'ISTN': 83.17894060893747, 'I_gpe': 1.0404379427382509, 'I_gpi': 1.1273463099301957, 'noise_stn_sigma': 4.1809250992903015, 'noise_gpe_sigma': 115.05318694543284, 'noise_gpi_sigma': 79.09497178156866, 'g_stn_gpe_mult': 3.60220509425052, 'g_gpe_stn_mult': 0.15963046581516643, 'g_stn_gpi_mult': 2.423065896955869, 'g_gpe_gpi_mult': 0.2548610493844415}. Best is trial 348 with value: 0.8336165651046656.
[I 2026-05-28 21:19:36,950] Trial 459 finished with value: 2.855749677833965 and parameters: {'ISTN': 78.46502463604996, 'I_gpe': 1.0888343736281023, 'I_gpi': 1.0228898077046829, 'noise_stn_sigma': 3.720860307481781, 'noise_gpe_sigma': 110.22248571205225, 'noise_gpi_sigma': 79.59910246316849, 'g_stn_gpe_mult': 3.499827044986067, 'g_gpe_stn_mult': 0.19595230712215617, 'g_stn_gpi_mult': 2.113526861262378, 'g_gpe_gpi_mult': 0.2459157637557613}. Best is trial 348 with value: 0.8336165651046656.
[I 2026-05-28 21:19:37,975] Trial 460 finished with value: 1.8596314627807007 and parameters: {'ISTN': 79.90684636391114, 'I_gpe': 1.0968373516384724, 'I_gpi': 1.3002918547135587, 'noise_stn_sigma': 4.26955358905374, 'noise_gpe_sigma': 112.74679286470379, 'noise_gpi_sigma': 80.99782742234086, 'g_stn_gpe_mult': 3.518432379718138, 'g_gpe_stn_mult': 0.20592630462818573, 'g_stn_gpi_mult': 2.4293799116038506, 'g_gpe_gpi_mult': 0.270920235361609}. Best is trial 348 with value: 0.8336165651046656.
[I 2026-05-28 21:19:38,998] Trial 461 finished with value: 3.4359752074528305 and parameters: {'ISTN': 78.07073457413063, 'I_gpe': 1.0207769912905935, 'I_gpi': 1.2471739513359485, 'noise_stn_sigma': 4.582496285102993, 'noise_gpe_sigma': 112.26190184775403, 'noise_gpi_sigma': 81.32006474823214, 'g_stn_gpe_mult': 3.5156368319321953, 'g_gpe_stn_mult': 0.2038040085089001, 'g_stn_gpi_mult': 2.3732078334777285, 'g_gpe_gpi_mult': 0.2920517899162418}. Best is trial 348 with value: 0.8336165651046656.
[I 2026-05-28 21:19:40,017] Trial 462 finished with value: 1.6133512311623794 and parameters: {'ISTN': 80.95311845818668, 'I_gpe': 1.0311313800160193, 'I_gpi': 1.071904214015623, 'noise_stn_sigma': 4.700120724859022, 'noise_gpe_sigma': 112.57098170392322, 'noise_gpi_sigma': 84.84960130313289, 'g_stn_gpe_mult': 3.5140925955040436, 'g_gpe_stn_mult': 0.1862818826792693, 'g_stn_gpi_mult': 2.358890753556648, 'g_gpe_gpi_mult': 0.2683414992463199}. Best is trial 348 with value: 0.8336165651046656.
[I 2026-05-28 21:19:41,038] Trial 463 finished with value: 2.3067378329062387 and parameters: {'ISTN': 80.66531346003725, 'I_gpe': 1.1040812169040741, 'I_gpi': 1.077163115039806, 'noise_stn_sigma': 4.396700818105801, 'noise_gpe_sigma': 113.31229074475557, 'noise_gpi_sigma': 79.40350809509643, 'g_stn_gpe_mult': 3.433903264428241, 'g_gpe_stn_mult': 0.1740674621765511, 'g_stn_gpi_mult': 2.4331027614044496, 'g_gpe_gpi_mult': 0.3142690947958497}. Best is trial 348 with value: 0.8336165651046656.
[I 2026-05-28 21:19:42,055] Trial 464 finished with value: 5.229472311991643 and parameters: {'ISTN': 78.81211782589432, 'I_gpe': 1.010158169398594, 'I_gpi': 1.3361030896473314, 'noise_stn_sigma': 4.542910926253038, 'noise_gpe_sigma': 114.93431419772084, 'noise_gpi_sigma': 86.91801930063501, 'g_stn_gpe_mult': 3.4619617198337562, 'g_gpe_stn_mult': 0.17632027057589084, 'g_stn_gpi_mult': 2.416928800894787, 'g_gpe_gpi_mult': 0.24404417000719308}. Best is trial 348 with value: 0.8336165651046656.
[I 2026-05-28 21:19:43,077] Trial 465 finished with value: 4.54392468003231 and parameters: {'ISTN': 81.93566007234891, 'I_gpe': 1.1103998171936103, 'I_gpi': 1.243959278774183, 'noise_stn_sigma': 4.600691291872431, 'noise_gpe_sigma': 115.17570399030797, 'noise_gpi_sigma': 85.39762464464705, 'g_stn_gpe_mult': 3.5314113405151932, 'g_gpe_stn_mult': 0.1953153797340558, 'g_stn_gpi_mult': 2.3052885026699332, 'g_gpe_gpi_mult': 0.2704090649506209}. Best is trial 348 with value: 0.8336165651046656.
[I 2026-05-28 21:19:44,102] Trial 466 finished with value: 2.198601531283891 and parameters: {'ISTN': 80.80686942076923, 'I_gpe': 1.1095107641474293, 'I_gpi': 1.2165545284432748, 'noise_stn_sigma': 4.353254396265178, 'noise_gpe_sigma': 110.70730842975537, 'noise_gpi_sigma': 84.8101840096738, 'g_stn_gpe_mult': 3.5833695083462884, 'g_gpe_stn_mult': 0.2111438152524872, 'g_stn_gpi_mult': 2.3134803733822213, 'g_gpe_gpi_mult': 0.2882158601935062}. Best is trial 348 with value: 0.8336165651046656.
[I 2026-05-28 21:19:45,126] Trial 467 finished with value: 5.52562723596432 and parameters: {'ISTN': 77.89774761284181, 'I_gpe': 0.9378483830401195, 'I_gpi': 1.3835756112001725, 'noise_stn_sigma': 3.9817001486763868, 'noise_gpe_sigma': 118.95736431098851, 'noise_gpi_sigma': 79.74911818505838, 'g_stn_gpe_mult': 3.7341980750813484, 'g_gpe_stn_mult': 0.19316078481690516, 'g_stn_gpi_mult': 2.242057630073288, 'g_gpe_gpi_mult': 0.22917026780139693}. Best is trial 348 with value: 0.8336165651046656.
[I 2026-05-28 21:19:46,147] Trial 468 finished with value: 3.8634459124837335 and parameters: {'ISTN': 77.5098954236052, 'I_gpe': 1.0124148766160788, 'I_gpi': 1.03125738633698, 'noise_stn_sigma': 4.29648201441332, 'noise_gpe_sigma': 115.11321049784976, 'noise_gpi_sigma': 81.68507671778522, 'g_stn_gpe_mult': 3.6338342333520086, 'g_gpe_stn_mult': 0.16082907449066614, 'g_stn_gpi_mult': 2.306808038792743, 'g_gpe_gpi_mult': 0.2322861903716847}. Best is trial 348 with value: 0.8336165651046656.
[I 2026-05-28 21:19:47,167] Trial 469 finished with value: 3.663983853889686 and parameters: {'ISTN': 78.2181697272633, 'I_gpe': 1.017448516046884, 'I_gpi': 1.1583996345350391, 'noise_stn_sigma': 4.320650408394995, 'noise_gpe_sigma': 114.48452216379985, 'noise_gpi_sigma': 78.05327879628439, 'g_stn_gpe_mult': 3.5760534025989648, 'g_gpe_stn_mult': 0.19822428394721836, 'g_stn_gpi_mult': 2.313482465745819, 'g_gpe_gpi_mult': 0.26428206416035593}. Best is trial 348 with value: 0.8336165651046656.
[I 2026-05-28 21:19:48,189] Trial 470 finished with value: 7.196507853268761 and parameters: {'ISTN': 78.62806391246943, 'I_gpe': 0.9961736633233718, 'I_gpi': 1.0369628925887286, 'noise_stn_sigma': 4.312744054172533, 'noise_gpe_sigma': 119.4897744864453, 'noise_gpi_sigma': 81.34182609750582, 'g_stn_gpe_mult': 3.6822444372817715, 'g_gpe_stn_mult': 0.18161831800285536, 'g_stn_gpi_mult': 2.431615111204673, 'g_gpe_gpi_mult': 0.257310128521417}. Best is trial 348 with value: 0.8336165651046656.
[I 2026-05-28 21:19:49,211] Trial 471 finished with value: 3.05299508891732 and parameters: {'ISTN': 80.23333097319744, 'I_gpe': 1.1286020466695477, 'I_gpi': 1.3819274818497291, 'noise_stn_sigma': 4.603299198723338, 'noise_gpe_sigma': 102.57670272548084, 'noise_gpi_sigma': 90.51888289401579, 'g_stn_gpe_mult': 3.7549675592492218, 'g_gpe_stn_mult': 0.175216335970232, 'g_stn_gpi_mult': 2.3230685448386343, 'g_gpe_gpi_mult': 0.2723394622064184}. Best is trial 348 with value: 0.8336165651046656.
[I 2026-05-28 21:19:50,232] Trial 472 finished with value: 5.542467725828611 and parameters: {'ISTN': 78.33867571848626, 'I_gpe': 1.0839847535506055, 'I_gpi': 1.0176209935184743, 'noise_stn_sigma': 4.418826693191818, 'noise_gpe_sigma': 116.5172271725765, 'noise_gpi_sigma': 79.72837770891425, 'g_stn_gpe_mult': 3.4575533603446367, 'g_gpe_stn_mult': 0.2118859766310433, 'g_stn_gpi_mult': 2.259618187666628, 'g_gpe_gpi_mult': 0.2601532413251127}. Best is trial 348 with value: 0.8336165651046656.
[I 2026-05-28 21:19:51,253] Trial 473 finished with value: 2.2409676622206414 and parameters: {'ISTN': 80.30079376193868, 'I_gpe': 1.1169740297481956, 'I_gpi': 1.2264204589283392, 'noise_stn_sigma': 4.549481675711685, 'noise_gpe_sigma': 104.99933639494975, 'noise_gpi_sigma': 86.89802812133614, 'g_stn_gpe_mult': 3.6918470795013185, 'g_gpe_stn_mult': 0.19330425243036098, 'g_stn_gpi_mult': 2.4554345733551273, 'g_gpe_gpi_mult': 0.31719867872892477}. Best is trial 348 with value: 0.8336165651046656.
[I 2026-05-28 21:19:52,278] Trial 474 finished with value: 10.610078374989355 and parameters: {'ISTN': 82.1489649639575, 'I_gpe': 0.9730827883089749, 'I_gpi': 1.0206050600002172, 'noise_stn_sigma': 4.398157490875841, 'noise_gpe_sigma': 113.88735416802028, 'noise_gpi_sigma': 79.83185652299787, 'g_stn_gpe_mult': 3.265041995214376, 'g_gpe_stn_mult': 0.16509767386433574, 'g_stn_gpi_mult': 2.2022835247819508, 'g_gpe_gpi_mult': 0.3043240805517841}. Best is trial 348 with value: 0.8336165651046656.
[I 2026-05-28 21:19:53,301] Trial 475 finished with value: 9.644537656516672 and parameters: {'ISTN': 83.8074124710432, 'I_gpe': 1.1756415195840253, 'I_gpi': 1.3961525724176296, 'noise_stn_sigma': 4.3988041066472885, 'noise_gpe_sigma': 107.18036802008899, 'noise_gpi_sigma': 86.85700752414944, 'g_stn_gpe_mult': 3.532758468584213, 'g_gpe_stn_mult': 0.21511131554105017, 'g_stn_gpi_mult': 2.3012636474761887, 'g_gpe_gpi_mult': 0.3100459552247017}. Best is trial 348 with value: 0.8336165651046656.
[I 2026-05-28 21:19:54,327] Trial 476 finished with value: 1.7493692486451504 and parameters: {'ISTN': 82.31495972098023, 'I_gpe': 1.0220439428243626, 'I_gpi': 1.1556292519180726, 'noise_stn_sigma': 4.603065099449906, 'noise_gpe_sigma': 112.58061749835684, 'noise_gpi_sigma': 86.92745440976802, 'g_stn_gpe_mult': 3.486953725476635, 'g_gpe_stn_mult': 0.17708583636293979, 'g_stn_gpi_mult': 2.180872074804256, 'g_gpe_gpi_mult': 0.27840618879574375}. Best is trial 348 with value: 0.8336165651046656.
[I 2026-05-28 21:19:55,349] Trial 477 finished with value: 1.3505893481384679 and parameters: {'ISTN': 79.5560263497303, 'I_gpe': 1.1100200886688745, 'I_gpi': 1.1746703727170587, 'noise_stn_sigma': 4.4918130354980885, 'noise_gpe_sigma': 110.57713884379717, 'noise_gpi_sigma': 80.80213615307406, 'g_stn_gpe_mult': 3.567235862221522, 'g_gpe_stn_mult': 0.1763673970963473, 'g_stn_gpi_mult': 2.2893803690680516, 'g_gpe_gpi_mult': 0.29396361324815323}. Best is trial 348 with value: 0.8336165651046656.
[I 2026-05-28 21:19:56,369] Trial 478 finished with value: 2.5857386932410567 and parameters: {'ISTN': 80.07325007932035, 'I_gpe': 1.0983066453275003, 'I_gpi': 1.154415753156087, 'noise_stn_sigma': 4.497977249410685, 'noise_gpe_sigma': 111.67456430952276, 'noise_gpi_sigma': 88.79337306087037, 'g_stn_gpe_mult': 3.4481859394578325, 'g_gpe_stn_mult': 0.20363622431035253, 'g_stn_gpi_mult': 2.369825866230264, 'g_gpe_gpi_mult': 0.291209235186529}. Best is trial 348 with value: 0.8336165651046656.
[I 2026-05-28 21:19:57,391] Trial 479 finished with value: 4.118532628078114 and parameters: {'ISTN': 78.60892863121876, 'I_gpe': 1.0793128217335366, 'I_gpi': 1.1225629605211318, 'noise_stn_sigma': 4.335693496412224, 'noise_gpe_sigma': 113.78069842370259, 'noise_gpi_sigma': 80.52480628814587, 'g_stn_gpe_mult': 3.5543020947392376, 'g_gpe_stn_mult': 0.1819877114263241, 'g_stn_gpi_mult': 2.3980098897479327, 'g_gpe_gpi_mult': 0.2363083690418189}. Best is trial 348 with value: 0.8336165651046656.
[I 2026-05-28 21:19:58,410] Trial 480 finished with value: 3.2506978363779124 and parameters: {'ISTN': 84.01697719441097, 'I_gpe': 1.0540575409642865, 'I_gpi': 1.175401610975634, 'noise_stn_sigma': 4.5920168785730215, 'noise_gpe_sigma': 111.06188463048574, 'noise_gpi_sigma': 85.7036266434649, 'g_stn_gpe_mult': 3.5906459047324986, 'g_gpe_stn_mult': 0.18024668405131733, 'g_stn_gpi_mult': 2.3794055244049512, 'g_gpe_gpi_mult': 0.2852068098403713}. Best is trial 348 with value: 0.8336165651046656.
[I 2026-05-28 21:19:59,430] Trial 481 finished with value: 5.202836624888183 and parameters: {'ISTN': 76.05057362092772, 'I_gpe': 1.0567743356499104, 'I_gpi': 1.0978456278967343, 'noise_stn_sigma': 4.636453945532814, 'noise_gpe_sigma': 112.1026147718506, 'noise_gpi_sigma': 85.8751997885647, 'g_stn_gpe_mult': 3.753457894999366, 'g_gpe_stn_mult': 0.1932363361814018, 'g_stn_gpi_mult': 2.22610537621557, 'g_gpe_gpi_mult': 0.2971880688972467}. Best is trial 348 with value: 0.8336165651046656.
[I 2026-05-28 21:20:00,453] Trial 482 finished with value: 2.469780826291373 and parameters: {'ISTN': 79.3953422222931, 'I_gpe': 1.0620762982095568, 'I_gpi': 1.0867376733451222, 'noise_stn_sigma': 4.491738622960581, 'noise_gpe_sigma': 105.8902018012464, 'noise_gpi_sigma': 85.7010483173698, 'g_stn_gpe_mult': 3.594427401831658, 'g_gpe_stn_mult': 0.17441829445766566, 'g_stn_gpi_mult': 2.2826581088514306, 'g_gpe_gpi_mult': 0.3174797904388864}. Best is trial 348 with value: 0.8336165651046656.
[I 2026-05-28 21:20:01,471] Trial 483 finished with value: 1.3862639588554504 and parameters: {'ISTN': 81.34638598926152, 'I_gpe': 1.0911922894778463, 'I_gpi': 1.340308429828236, 'noise_stn_sigma': 4.630090670816588, 'noise_gpe_sigma': 110.53069684087554, 'noise_gpi_sigma': 82.17767812283412, 'g_stn_gpe_mult': 3.5031153562363047, 'g_gpe_stn_mult': 0.16644791679266285, 'g_stn_gpi_mult': 2.253407525226506, 'g_gpe_gpi_mult': 0.24420072254578423}. Best is trial 348 with value: 0.8336165651046656.
