[I 2026-05-28 21:20:02,491] Trial 484 finished with value: 5.252866374626112 and parameters: {'ISTN': 81.06753313978177, 'I_gpe': 1.1624754086323605, 'I_gpi': 1.1611684488435814, 'noise_stn_sigma': 4.343920393573521, 'noise_gpe_sigma': 109.57639677040822, 'noise_gpi_sigma': 80.55452749857861, 'g_stn_gpe_mult': 3.3866170400760165, 'g_gpe_stn_mult': 0.19778838669200297, 'g_stn_gpi_mult': 2.1800224309886427, 'g_gpe_gpi_mult': 0.3329867832980229}. Best is trial 348 with value: 0.8336165651046656.
[I 2026-05-28 21:20:03,513] Trial 485 finished with value: 4.549846407182695 and parameters: {'ISTN': 80.96412269960871, 'I_gpe': 1.182431269505992, 'I_gpi': 1.2359570070513577, 'noise_stn_sigma': 4.606996117069012, 'noise_gpe_sigma': 109.67681576062331, 'noise_gpi_sigma': 77.79508388380003, 'g_stn_gpe_mult': 3.4912255357808757, 'g_gpe_stn_mult': 0.20538320273429295, 'g_stn_gpi_mult': 2.4067459772137703, 'g_gpe_gpi_mult': 0.3399272813443332}. Best is trial 348 with value: 0.8336165651046656.
[I 2026-05-28 21:20:04,534] Trial 486 finished with value: 9.257495647954704 and parameters: {'ISTN': 84.58148422841211, 'I_gpe': 1.1936585428270423, 'I_gpi': 1.0729114221920173, 'noise_stn_sigma': 4.407435656177287, 'noise_gpe_sigma': 107.11554242753296, 'noise_gpi_sigma': 83.43516968306595, 'g_stn_gpe_mult': 3.610964762447124, 'g_gpe_stn_mult': 0.19024083762080304, 'g_stn_gpi_mult': 2.351176513314109, 'g_gpe_gpi_mult': 0.30608602744519287}. Best is trial 348 with value: 0.8336165651046656.
[I 2026-05-28 21:20:05,557] Trial 487 finished with value: 5.782759695756472 and parameters: {'ISTN': 83.48630904992159, 'I_gpe': 0.9982796323101153, 'I_gpi': 1.1867637943810572, 'noise_stn_sigma': 4.354182474934034, 'noise_gpe_sigma': 116.688208051448, 'noise_gpi_sigma': 83.27808177303028, 'g_stn_gpe_mult': 3.3673913170493943, 'g_gpe_stn_mult': 0.17995932257942734, 'g_stn_gpi_mult': 2.1352892628124214, 'g_gpe_gpi_mult': 0.27302804707005035}. Best is trial 348 with value: 0.8336165651046656.
[I 2026-05-28 21:20:06,577] Trial 488 finished with value: 6.005350860072637 and parameters: {'ISTN': 77.27046609002645, 'I_gpe': 0.9590675812392285, 'I_gpi': 1.1202014248146301, 'noise_stn_sigma': 4.883690681188867, 'noise_gpe_sigma': 111.9851195893756, 'noise_gpi_sigma': 86.26208156923363, 'g_stn_gpe_mult': 3.64313910005601, 'g_gpe_stn_mult': 0.1702758355280407, 'g_stn_gpi_mult': 2.4733790661916712, 'g_gpe_gpi_mult': 0.2983993210315497}. Best is trial 348 with value: 0.8336165651046656.
[I 2026-05-28 21:20:07,596] Trial 489 finished with value: 1.643742899622242 and parameters: {'ISTN': 80.13182998313209, 'I_gpe': 1.08078400888288, 'I_gpi': 1.161154187625735, 'noise_stn_sigma': 4.41947560971721, 'noise_gpe_sigma': 108.81679058822442, 'noise_gpi_sigma': 81.27786411969404, 'g_stn_gpe_mult': 3.580893170011211, 'g_gpe_stn_mult': 0.19438369954978268, 'g_stn_gpi_mult': 2.425685715097111, 'g_gpe_gpi_mult': 0.31784478717167897}. Best is trial 348 with value: 0.8336165651046656.
[I 2026-05-28 21:20:08,617] Trial 490 finished with value: 5.458124517696021 and parameters: {'ISTN': 80.0013298144174, 'I_gpe': 0.9973499703569011, 'I_gpi': 1.019551945213291, 'noise_stn_sigma': 4.624222502798151, 'noise_gpe_sigma': 115.21220869585608, 'noise_gpi_sigma': 83.15572604118086, 'g_stn_gpe_mult': 3.6045133042701183, 'g_gpe_stn_mult': 0.17751161699645607, 'g_stn_gpi_mult': 2.2519421466052476, 'g_gpe_gpi_mult': 0.2597286433420753}. Best is trial 348 with value: 0.8336165651046656.
[I 2026-05-28 21:20:09,637] Trial 491 finished with value: 1.4215955076341378 and parameters: {'ISTN': 79.84327785778636, 'I_gpe': 1.0763806167071996, 'I_gpi': 1.2874021740294062, 'noise_stn_sigma': 4.637797985557272, 'noise_gpe_sigma': 109.530257588176, 'noise_gpi_sigma': 80.76142644387075, 'g_stn_gpe_mult': 3.5628544139607765, 'g_gpe_stn_mult': 0.1828103303695507, 'g_stn_gpi_mult': 2.2409653207150733, 'g_gpe_gpi_mult': 0.25984037084138395}. Best is trial 348 with value: 0.8336165651046656.
[I 2026-05-28 21:20:10,655] Trial 492 finished with value: 4.037933797468493 and parameters: {'ISTN': 82.94888502037932, 'I_gpe': 1.0560744032726672, 'I_gpi': 1.261268745906013, 'noise_stn_sigma': 4.759539993243685, 'noise_gpe_sigma': 110.37577981784847, 'noise_gpi_sigma': 79.27173782988126, 'g_stn_gpe_mult': 3.4871698889232565, 'g_gpe_stn_mult': 0.16680151064048665, 'g_stn_gpi_mult': 2.4082485600448233, 'g_gpe_gpi_mult': 0.2723127910714016}. Best is trial 348 with value: 0.8336165651046656.
[I 2026-05-28 21:20:11,674] Trial 493 finished with value: 1.4395938338774195 and parameters: {'ISTN': 81.06544212717758, 'I_gpe': 1.1500157639294115, 'I_gpi': 1.269127077623311, 'noise_stn_sigma': 4.577909144867024, 'noise_gpe_sigma': 104.38643336894837, 'noise_gpi_sigma': 83.41874025435283, 'g_stn_gpe_mult': 3.602808237500919, 'g_gpe_stn_mult': 0.16699528034200764, 'g_stn_gpi_mult': 2.194572502140989, 'g_gpe_gpi_mult': 0.2825864056980136}. Best is trial 348 with value: 0.8336165651046656.
[I 2026-05-28 21:20:12,695] Trial 494 finished with value: 1.4675583853894476 and parameters: {'ISTN': 81.96676226554139, 'I_gpe': 1.134415798032163, 'I_gpi': 1.2271731076837384, 'noise_stn_sigma': 4.525629841057211, 'noise_gpe_sigma': 102.3113511244098, 'noise_gpi_sigma': 84.22670910700431, 'g_stn_gpe_mult': 3.6865230695084574, 'g_gpe_stn_mult': 0.16360607209730918, 'g_stn_gpi_mult': 2.3796642875231804, 'g_gpe_gpi_mult': 0.33681527678699985}. Best is trial 348 with value: 0.8336165651046656.
[I 2026-05-28 21:20:13,714] Trial 495 finished with value: 5.321151514098201 and parameters: {'ISTN': 82.26230431090804, 'I_gpe': 1.1041944393308425, 'I_gpi': 1.4207723851411214, 'noise_stn_sigma': 4.57914650408361, 'noise_gpe_sigma': 111.13553420688895, 'noise_gpi_sigma': 78.26216523978559, 'g_stn_gpe_mult': 3.4304007567321086, 'g_gpe_stn_mult': 0.21051935288528945, 'g_stn_gpi_mult': 2.277705051302488, 'g_gpe_gpi_mult': 0.2637086143968471}. Best is trial 348 with value: 0.8336165651046656.
[I 2026-05-28 21:20:14,733] Trial 496 finished with value: 1.8527079198082075 and parameters: {'ISTN': 80.9367807013183, 'I_gpe': 1.0451404585499482, 'I_gpi': 1.3363560517079895, 'noise_stn_sigma': 4.2600013001697326, 'noise_gpe_sigma': 106.37349913146802, 'noise_gpi_sigma': 83.11848127950799, 'g_stn_gpe_mult': 3.5359233773092518, 'g_gpe_stn_mult': 0.16669102462116886, 'g_stn_gpi_mult': 2.3537239290609415, 'g_gpe_gpi_mult': 0.28863753971848677}. Best is trial 348 with value: 0.8336165651046656.
[I 2026-05-28 21:20:15,755] Trial 497 finished with value: 2.4825818264184587 and parameters: {'ISTN': 79.82391304222678, 'I_gpe': 0.9860421244397942, 'I_gpi': 1.0796769131596406, 'noise_stn_sigma': 4.625925896021179, 'noise_gpe_sigma': 120.05447841326374, 'noise_gpi_sigma': 80.89723358834587, 'g_stn_gpe_mult': 3.451720485046874, 'g_gpe_stn_mult': 0.2153898698742548, 'g_stn_gpi_mult': 2.213101233603462, 'g_gpe_gpi_mult': 0.30015569165926403}. Best is trial 348 with value: 0.8336165651046656.
[I 2026-05-28 21:20:16,776] Trial 498 finished with value: 1.4139884319537093 and parameters: {'ISTN': 79.74584230864508, 'I_gpe': 1.0530389425212108, 'I_gpi': 1.1634149869397894, 'noise_stn_sigma': 4.484227126369406, 'noise_gpe_sigma': 112.78268264101209, 'noise_gpi_sigma': 79.5401183525363, 'g_stn_gpe_mult': 3.4631880900142473, 'g_gpe_stn_mult': 0.19975171258807822, 'g_stn_gpi_mult': 2.3836269045040717, 'g_gpe_gpi_mult': 0.2760698349086588}. Best is trial 348 with value: 0.8336165651046656.
[I 2026-05-28 21:20:17,736] Trial 499 finished with value: 1000000.0 and parameters: {'ISTN': 79.21490827427799, 'I_gpe': 1.0099953898987128, 'I_gpi': 1.2321017836236021, 'noise_stn_sigma': 4.657369074479223, 'noise_gpe_sigma': 113.63103467243178, 'noise_gpi_sigma': 83.7081771556278, 'g_stn_gpe_mult': 3.4681042305834326, 'g_gpe_stn_mult': 0.1725633385172545, 'g_stn_gpi_mult': 2.323829894680742, 'g_gpe_gpi_mult': 0.2583098225346169}. Best is trial 348 with value: 0.8336165651046656.
[I 2026-05-28 21:20:18,758] Trial 500 finished with value: 9.46643827601649 and parameters: {'ISTN': 81.36682150723546, 'I_gpe': 1.1508865896951694, 'I_gpi': 1.2440939735517924, 'noise_stn_sigma': 4.304195870454665, 'noise_gpe_sigma': 114.57851078526387, 'noise_gpi_sigma': 78.03727832726014, 'g_stn_gpe_mult': 3.531099387159498, 'g_gpe_stn_mult': 0.20024980404634946, 'g_stn_gpi_mult': 2.242090287403589, 'g_gpe_gpi_mult': 0.268416101283622}. Best is trial 348 with value: 0.8336165651046656.
[I 2026-05-28 21:20:19,779] Trial 501 finished with value: 4.699874882432122 and parameters: {'ISTN': 79.96978915927856, 'I_gpe': 1.0693750353914466, 'I_gpi': 1.2869192128823839, 'noise_stn_sigma': 4.416893676107602, 'noise_gpe_sigma': 108.23846086323897, 'noise_gpi_sigma': 83.52965859817631, 'g_stn_gpe_mult': 3.4476954131302255, 'g_gpe_stn_mult': 0.20900607346074368, 'g_stn_gpi_mult': 2.328212539321789, 'g_gpe_gpi_mult': 0.27196260106058795}. Best is trial 348 with value: 0.8336165651046656.
[I 2026-05-28 21:20:20,814] Trial 502 finished with value: 1.8092021237604061 and parameters: {'ISTN': 81.14568949483252, 'I_gpe': 1.0734678066714871, 'I_gpi': 1.187001158658133, 'noise_stn_sigma': 4.2753511315135775, 'noise_gpe_sigma': 112.51311258221565, 'noise_gpi_sigma': 76.77036820292682, 'g_stn_gpe_mult': 3.431879053401328, 'g_gpe_stn_mult': 0.17444667244763334, 'g_stn_gpi_mult': 2.15396427864344, 'g_gpe_gpi_mult': 0.24311634050623696}. Best is trial 348 with value: 0.8336165651046656.
[I 2026-05-28 21:20:21,835] Trial 503 finished with value: 9.950016895056821 and parameters: {'ISTN': 78.88327065165544, 'I_gpe': 1.077095000203928, 'I_gpi': 1.1386691536663045, 'noise_stn_sigma': 4.7000083233165295, 'noise_gpe_sigma': 106.16827467989245, 'noise_gpi_sigma': 78.48217425275743, 'g_stn_gpe_mult': 3.6726517815324877, 'g_gpe_stn_mult': 0.1643139177765106, 'g_stn_gpi_mult': 2.4457315833793603, 'g_gpe_gpi_mult': 0.32542300000420793}. Best is trial 348 with value: 0.8336165651046656.
[I 2026-05-28 21:20:22,854] Trial 504 finished with value: 3.0264749395234114 and parameters: {'ISTN': 82.70663131080192, 'I_gpe': 1.0740991036138008, 'I_gpi': 1.1783421902461386, 'noise_stn_sigma': 4.635722892455228, 'noise_gpe_sigma': 109.19794329453521, 'noise_gpi_sigma': 82.77307190540122, 'g_stn_gpe_mult': 3.4785231545108917, 'g_gpe_stn_mult': 0.191153261554095, 'g_stn_gpi_mult': 2.4082083851795653, 'g_gpe_gpi_mult': 0.2647519288325416}. Best is trial 348 with value: 0.8336165651046656.
[I 2026-05-28 21:20:23,874] Trial 505 finished with value: 1.82346895928419 and parameters: {'ISTN': 80.39429626337537, 'I_gpe': 1.0699183211437684, 'I_gpi': 1.3212203090640817, 'noise_stn_sigma': 4.418533720036574, 'noise_gpe_sigma': 109.19692038849544, 'noise_gpi_sigma': 82.08931937231294, 'g_stn_gpe_mult': 3.6711176898044906, 'g_gpe_stn_mult': 0.17870328616275855, 'g_stn_gpi_mult': 2.2934218617125275, 'g_gpe_gpi_mult': 0.26754764221771227}. Best is trial 348 with value: 0.8336165651046656.
[I 2026-05-28 21:20:24,893] Trial 506 finished with value: 1.819190722645971 and parameters: {'ISTN': 80.60266795398073, 'I_gpe': 1.0582164340925306, 'I_gpi': 1.3798092768968084, 'noise_stn_sigma': 4.584080420678358, 'noise_gpe_sigma': 107.15706314236888, 'noise_gpi_sigma': 80.73497599320467, 'g_stn_gpe_mult': 3.625629585418596, 'g_gpe_stn_mult': 0.17868875206237395, 'g_stn_gpi_mult': 2.2333069591790036, 'g_gpe_gpi_mult': 0.2965884123369682}. Best is trial 348 with value: 0.8336165651046656.
[I 2026-05-28 21:20:25,914] Trial 507 finished with value: 1.9900663111338033 and parameters: {'ISTN': 77.73900435182668, 'I_gpe': 1.1159975440255576, 'I_gpi': 1.135170042868136, 'noise_stn_sigma': 4.673253068236549, 'noise_gpe_sigma': 108.19399150252096, 'noise_gpi_sigma': 79.87077551902934, 'g_stn_gpe_mult': 3.5450383385612256, 'g_gpe_stn_mult': 0.2018193942549102, 'g_stn_gpi_mult': 2.459479528973217, 'g_gpe_gpi_mult': 0.3074683489156437}. Best is trial 348 with value: 0.8336165651046656.
[I 2026-05-28 21:20:26,936] Trial 508 finished with value: 2.153081862531292 and parameters: {'ISTN': 81.48264922700405, 'I_gpe': 1.0432508086251508, 'I_gpi': 1.1680966616172843, 'noise_stn_sigma': 4.3705868092316695, 'noise_gpe_sigma': 107.64050847780582, 'noise_gpi_sigma': 79.31034383665826, 'g_stn_gpe_mult': 3.5582044562969717, 'g_gpe_stn_mult': 0.19074857798435005, 'g_stn_gpi_mult': 2.2676872895848836, 'g_gpe_gpi_mult': 0.26792120460780894}. Best is trial 348 with value: 0.8336165651046656.
[I 2026-05-28 21:20:27,957] Trial 509 finished with value: 7.486856129785306 and parameters: {'ISTN': 78.58457671419984, 'I_gpe': 1.0770675869352182, 'I_gpi': 1.3603006300743128, 'noise_stn_sigma': 4.453714647555882, 'noise_gpe_sigma': 106.18616633350751, 'noise_gpi_sigma': 81.81573076447677, 'g_stn_gpe_mult': 3.5990715019865878, 'g_gpe_stn_mult': 0.1635628633138218, 'g_stn_gpi_mult': 2.3618849728392606, 'g_gpe_gpi_mult': 0.2838106070912124}. Best is trial 348 with value: 0.8336165651046656.
[I 2026-05-28 21:20:28,979] Trial 510 finished with value: 4.953050357456926 and parameters: {'ISTN': 80.67172484403682, 'I_gpe': 1.0703652056025443, 'I_gpi': 1.2205574192277675, 'noise_stn_sigma': 4.397640678352472, 'noise_gpe_sigma': 112.45385520851082, 'noise_gpi_sigma': 80.65678271393854, 'g_stn_gpe_mult': 3.4577571807456806, 'g_gpe_stn_mult': 0.19948825551316024, 'g_stn_gpi_mult': 2.322135035761534, 'g_gpe_gpi_mult': 0.3069574255599559}. Best is trial 348 with value: 0.8336165651046656.
[I 2026-05-28 21:20:30,001] Trial 511 finished with value: 8.402813207956967 and parameters: {'ISTN': 79.24924440004555, 'I_gpe': 1.0317786477388649, 'I_gpi': 1.1963370989500053, 'noise_stn_sigma': 4.33868143590467, 'noise_gpe_sigma': 110.55450630055951, 'noise_gpi_sigma': 78.32714254447035, 'g_stn_gpe_mult': 3.47331437206659, 'g_gpe_stn_mult': 0.16673682950754615, 'g_stn_gpi_mult': 2.2675936733678457, 'g_gpe_gpi_mult': 0.2620657701026139}. Best is trial 348 with value: 0.8336165651046656.
[I 2026-05-28 21:20:31,020] Trial 512 finished with value: 1.4301276204399596 and parameters: {'ISTN': 81.33521757242023, 'I_gpe': 1.0714905283882414, 'I_gpi': 1.2312622058103648, 'noise_stn_sigma': 4.296967907200099, 'noise_gpe_sigma': 108.55232473038795, 'noise_gpi_sigma': 83.87426745148153, 'g_stn_gpe_mult': 3.7022398238369147, 'g_gpe_stn_mult': 0.16369666522472354, 'g_stn_gpi_mult': 2.207585935657987, 'g_gpe_gpi_mult': 0.24053476055585307}. Best is trial 348 with value: 0.8336165651046656.
[I 2026-05-28 21:20:32,040] Trial 513 finished with value: 3.539765537091041 and parameters: {'ISTN': 81.2594155062579, 'I_gpe': 1.098289985570756, 'I_gpi': 1.4212589605791215, 'noise_stn_sigma': 4.423423689415525, 'noise_gpe_sigma': 105.32925297444314, 'noise_gpi_sigma': 79.02572387361957, 'g_stn_gpe_mult': 3.49660967568228, 'g_gpe_stn_mult': 0.18970053141697824, 'g_stn_gpi_mult': 2.1331394220097466, 'g_gpe_gpi_mult': 0.2694944763902887}. Best is trial 348 with value: 0.8336165651046656.
[I 2026-05-28 21:20:33,060] Trial 514 finished with value: 3.8216911441789683 and parameters: {'ISTN': 80.1539658741786, 'I_gpe': 1.0770696240538897, 'I_gpi': 1.449694678777664, 'noise_stn_sigma': 4.271727320552427, 'noise_gpe_sigma': 110.85959610774668, 'noise_gpi_sigma': 79.57086137057755, 'g_stn_gpe_mult': 3.435757349154195, 'g_gpe_stn_mult': 0.1587477014691136, 'g_stn_gpi_mult': 2.2020232562519584, 'g_gpe_gpi_mult': 0.24379378059057505}. Best is trial 348 with value: 0.8336165651046656.
[I 2026-05-28 21:20:34,081] Trial 515 finished with value: 2.7392615917869945 and parameters: {'ISTN': 81.04719084810796, 'I_gpe': 1.0491567693011103, 'I_gpi': 1.2652222734851226, 'noise_stn_sigma': 4.213842331377725, 'noise_gpe_sigma': 110.76620803937034, 'noise_gpi_sigma': 78.51054703113255, 'g_stn_gpe_mult': 3.4258508690878804, 'g_gpe_stn_mult': 0.19387717883153643, 'g_stn_gpi_mult': 2.32417722004144, 'g_gpe_gpi_mult': 0.2837355662313088}. Best is trial 348 with value: 0.8336165651046656.
[I 2026-05-28 21:20:35,103] Trial 516 finished with value: 1.3809222294015409 and parameters: {'ISTN': 80.58144493761341, 'I_gpe': 1.117567486490516, 'I_gpi': 1.4369435941262, 'noise_stn_sigma': 4.5566286667960725, 'noise_gpe_sigma': 108.45775163834251, 'noise_gpi_sigma': 78.0571433917126, 'g_stn_gpe_mult': 3.5610999583874636, 'g_gpe_stn_mult': 0.18310770840720214, 'g_stn_gpi_mult': 2.3580713116432896, 'g_gpe_gpi_mult': 0.27112148619464355}. Best is trial 348 with value: 0.8336165651046656.
[I 2026-05-28 21:20:36,125] Trial 517 finished with value: 5.009263248475277 and parameters: {'ISTN': 78.67843015372813, 'I_gpe': 1.0296467904187008, 'I_gpi': 1.141313363207219, 'noise_stn_sigma': 4.4791520019867335, 'noise_gpe_sigma': 109.43404820079472, 'noise_gpi_sigma': 78.64057053630913, 'g_stn_gpe_mult': 3.654757383343313, 'g_gpe_stn_mult': 0.18327148263813348, 'g_stn_gpi_mult': 2.2090635507507015, 'g_gpe_gpi_mult': 0.2691984595067113}. Best is trial 348 with value: 0.8336165651046656.
[I 2026-05-28 21:20:37,144] Trial 518 finished with value: 1.7131987289664552 and parameters: {'ISTN': 78.96337720423176, 'I_gpe': 1.0504475641882636, 'I_gpi': 1.2384257559302374, 'noise_stn_sigma': 4.302609767145109, 'noise_gpe_sigma': 110.78501386610424, 'noise_gpi_sigma': 79.2903110534354, 'g_stn_gpe_mult': 3.6740774085416947, 'g_gpe_stn_mult': 0.2019630870559243, 'g_stn_gpi_mult': 2.3247084909448974, 'g_gpe_gpi_mult': 0.2537093087271601}. Best is trial 348 with value: 0.8336165651046656.
[I 2026-05-28 21:20:38,167] Trial 519 finished with value: 4.57306941179363 and parameters: {'ISTN': 80.78811552157237, 'I_gpe': 0.9836757963267411, 'I_gpi': 1.3867004529899596, 'noise_stn_sigma': 4.363766826996657, 'noise_gpe_sigma': 108.62849648627873, 'noise_gpi_sigma': 80.03836854995745, 'g_stn_gpe_mult': 3.513181508005996, 'g_gpe_stn_mult': 0.16536657113900888, 'g_stn_gpi_mult': 2.157661797393553, 'g_gpe_gpi_mult': 0.24467704896568238}. Best is trial 348 with value: 0.8336165651046656.
[I 2026-05-28 21:20:39,196] Trial 520 finished with value: 1.7883768789702161 and parameters: {'ISTN': 80.25849795584871, 'I_gpe': 1.1183622202185268, 'I_gpi': 1.2380714926359695, 'noise_stn_sigma': 4.207764848178348, 'noise_gpe_sigma': 110.02420547156261, 'noise_gpi_sigma': 74.36167784878648, 'g_stn_gpe_mult': 3.479457007239269, 'g_gpe_stn_mult': 0.1581990599808547, 'g_stn_gpi_mult': 2.2142604692533707, 'g_gpe_gpi_mult': 0.23483778600431182}. Best is trial 348 with value: 0.8336165651046656.
[I 2026-05-28 21:20:40,218] Trial 521 finished with value: 1.563591034818044 and parameters: {'ISTN': 79.68528659875705, 'I_gpe': 1.0609342906995016, 'I_gpi': 1.3079562787526182, 'noise_stn_sigma': 4.37343394105838, 'noise_gpe_sigma': 109.36369070061421, 'noise_gpi_sigma': 80.36456112322847, 'g_stn_gpe_mult': 3.5919964363106187, 'g_gpe_stn_mult': 0.18690369940972856, 'g_stn_gpi_mult': 2.3273189615487824, 'g_gpe_gpi_mult': 0.24169986537234422}. Best is trial 348 with value: 0.8336165651046656.
[I 2026-05-28 21:20:41,239] Trial 522 finished with value: 1.6683223146422956 and parameters: {'ISTN': 79.75892365694915, 'I_gpe': 1.0933533761023757, 'I_gpi': 1.4314593269887383, 'noise_stn_sigma': 4.383795029156877, 'noise_gpe_sigma': 111.41685474871599, 'noise_gpi_sigma': 76.79923117636321, 'g_stn_gpe_mult': 3.5570685682257883, 'g_gpe_stn_mult': 0.17852883824095062, 'g_stn_gpi_mult': 2.293620944691335, 'g_gpe_gpi_mult': 0.26381135119831645}. Best is trial 348 with value: 0.8336165651046656.
[I 2026-05-28 21:20:42,259] Trial 523 finished with value: 1.4040637984867517 and parameters: {'ISTN': 79.97872089318224, 'I_gpe': 1.0549241095750803, 'I_gpi': 1.203986654098917, 'noise_stn_sigma': 4.436522279874599, 'noise_gpe_sigma': 112.47097922096872, 'noise_gpi_sigma': 84.80656144380536, 'g_stn_gpe_mult': 3.6634693356840535, 'g_gpe_stn_mult': 0.1943467053437399, 'g_stn_gpi_mult': 2.337298505330902, 'g_gpe_gpi_mult': 0.297547815162422}. Best is trial 348 with value: 0.8336165651046656.
[I 2026-05-28 21:20:43,279] Trial 524 finished with value: 1.3212702124450817 and parameters: {'ISTN': 78.92021338081479, 'I_gpe': 1.0972842113637231, 'I_gpi': 1.2663690795898006, 'noise_stn_sigma': 4.495145530262382, 'noise_gpe_sigma': 108.51445496194414, 'noise_gpi_sigma': 80.51833578690395, 'g_stn_gpe_mult': 3.577241862533552, 'g_gpe_stn_mult': 0.1867228070713059, 'g_stn_gpi_mult': 2.293772162671031, 'g_gpe_gpi_mult': 0.2678674442996213}. Best is trial 348 with value: 0.8336165651046656.
[I 2026-05-28 21:20:44,299] Trial 525 finished with value: 1.7614772818114817 and parameters: {'ISTN': 79.83132625795083, 'I_gpe': 1.160024284842878, 'I_gpi': 1.307226970397311, 'noise_stn_sigma': 4.488105404800319, 'noise_gpe_sigma': 108.89496288164207, 'noise_gpi_sigma': 77.63212453601206, 'g_stn_gpe_mult': 3.565904995446976, 'g_gpe_stn_mult': 0.17783275955829464, 'g_stn_gpi_mult': 2.2675009451437553, 'g_gpe_gpi_mult': 0.26233029556533843}. Best is trial 348 with value: 0.8336165651046656.
[I 2026-05-28 21:20:45,319] Trial 526 finished with value: 2.2521555335336645 and parameters: {'ISTN': 81.32511025993757, 'I_gpe': 1.1000681920039352, 'I_gpi': 1.3413919014528175, 'noise_stn_sigma': 4.13650759872198, 'noise_gpe_sigma': 105.48944763458985, 'noise_gpi_sigma': 76.98995517616396, 'g_stn_gpe_mult': 3.6105390445602232, 'g_gpe_stn_mult': 0.16792709225020017, 'g_stn_gpi_mult': 2.2597636805391206, 'g_gpe_gpi_mult': 0.2635233198194467}. Best is trial 348 with value: 0.8336165651046656.
[I 2026-05-28 21:20:46,344] Trial 527 finished with value: 1.7304495092795 and parameters: {'ISTN': 80.34111860195284, 'I_gpe': 1.1385281714201847, 'I_gpi': 1.2755259312877305, 'noise_stn_sigma': 4.563835775172051, 'noise_gpe_sigma': 105.52405618123709, 'noise_gpi_sigma': 78.27270587879931, 'g_stn_gpe_mult': 3.511798036969909, 'g_gpe_stn_mult': 0.17980432692109324, 'g_stn_gpi_mult': 2.303508085795914, 'g_gpe_gpi_mult': 0.2807332764168352}. Best is trial 348 with value: 0.8336165651046656.
