[I 2026-05-28 21:27:30,862] Trial 924 finished with value: 1.0747342094217007 and parameters: {'ISTN': 76.72313959176091, 'I_gpe': 1.0841746159970156, 'I_gpi': 1.7556988253812027, 'noise_stn_sigma': 4.477877604705354, 'noise_gpe_sigma': 116.48113176589851, 'noise_gpi_sigma': 70.85101089510201, 'g_stn_gpe_mult': 3.6267196821004495, 'g_gpe_stn_mult': 0.22314589867868007, 'g_stn_gpi_mult': 1.9591273741218125, 'g_gpe_gpi_mult': 0.21910294683881204}. Best is trial 348 with value: 0.8336165651046656.
[I 2026-05-28 21:27:31,881] Trial 925 finished with value: 1.074019555693579 and parameters: {'ISTN': 76.5560309228451, 'I_gpe': 1.0842968713658472, 'I_gpi': 1.7368278190098825, 'noise_stn_sigma': 4.508274907740233, 'noise_gpe_sigma': 115.83399838100196, 'noise_gpi_sigma': 72.75523945953918, 'g_stn_gpe_mult': 3.6569088244426458, 'g_gpe_stn_mult': 0.22455948529469916, 'g_stn_gpi_mult': 2.0305083083797637, 'g_gpe_gpi_mult': 0.22469786903645889}. Best is trial 348 with value: 0.8336165651046656.
[I 2026-05-28 21:27:32,900] Trial 926 finished with value: 1.0383254322425277 and parameters: {'ISTN': 76.162093871307, 'I_gpe': 1.0899362746339911, 'I_gpi': 1.8126180616062273, 'noise_stn_sigma': 4.4162562051643945, 'noise_gpe_sigma': 115.63194934354601, 'noise_gpi_sigma': 71.54443403904703, 'g_stn_gpe_mult': 3.6021925047333436, 'g_gpe_stn_mult': 0.22958634177086693, 'g_stn_gpi_mult': 2.0026441748090447, 'g_gpe_gpi_mult': 0.2173901814777543}. Best is trial 348 with value: 0.8336165651046656.
[I 2026-05-28 21:27:33,923] Trial 927 finished with value: 1.067504553619606 and parameters: {'ISTN': 76.48530711799235, 'I_gpe': 1.0828355004834966, 'I_gpi': 1.7198929258377476, 'noise_stn_sigma': 4.33853810321671, 'noise_gpe_sigma': 116.10306883783512, 'noise_gpi_sigma': 73.24871519199513, 'g_stn_gpe_mult': 3.6590820142757554, 'g_gpe_stn_mult': 0.22888478556878875, 'g_stn_gpi_mult': 2.0338791335252457, 'g_gpe_gpi_mult': 0.22638566329543108}. Best is trial 348 with value: 0.8336165651046656.
[I 2026-05-28 21:27:34,945] Trial 928 finished with value: 1.0789122492804408 and parameters: {'ISTN': 76.60455674039768, 'I_gpe': 1.0909523679851358, 'I_gpi': 1.712476469726704, 'noise_stn_sigma': 4.441004780440975, 'noise_gpe_sigma': 114.04848898249297, 'noise_gpi_sigma': 72.56597531239967, 'g_stn_gpe_mult': 3.658819092761656, 'g_gpe_stn_mult': 0.22576753869512722, 'g_stn_gpi_mult': 2.0461310039209017, 'g_gpe_gpi_mult': 0.24395495302407544}. Best is trial 348 with value: 0.8336165651046656.
[I 2026-05-28 21:27:35,965] Trial 929 finished with value: 4.323442853362614 and parameters: {'ISTN': 75.56426148441747, 'I_gpe': 1.082167967273812, 'I_gpi': 1.8145178706669938, 'noise_stn_sigma': 4.373992238209331, 'noise_gpe_sigma': 115.11978422679626, 'noise_gpi_sigma': 70.10766317203482, 'g_stn_gpe_mult': 3.671333541953798, 'g_gpe_stn_mult': 0.22704671345368424, 'g_stn_gpi_mult': 2.032596411283546, 'g_gpe_gpi_mult': 0.20400512937850607}. Best is trial 348 with value: 0.8336165651046656.
[I 2026-05-28 21:27:36,986] Trial 930 finished with value: 1.1133508939718686 and parameters: {'ISTN': 77.14418206720586, 'I_gpe': 1.0822351976777744, 'I_gpi': 1.7450749767145766, 'noise_stn_sigma': 4.475713613433829, 'noise_gpe_sigma': 114.80057773130912, 'noise_gpi_sigma': 73.79566656900138, 'g_stn_gpe_mult': 3.6263985474131797, 'g_gpe_stn_mult': 0.22304192128426675, 'g_stn_gpi_mult': 2.101825246843508, 'g_gpe_gpi_mult': 0.22006454009671614}. Best is trial 348 with value: 0.8336165651046656.
[I 2026-05-28 21:27:38,005] Trial 931 finished with value: 1.0863548057941605 and parameters: {'ISTN': 76.76069605056176, 'I_gpe': 1.1003938076761086, 'I_gpi': 1.8119378488065883, 'noise_stn_sigma': 4.3712585990216315, 'noise_gpe_sigma': 115.21818377663469, 'noise_gpi_sigma': 71.12684300195855, 'g_stn_gpe_mult': 3.6197941618760066, 'g_gpe_stn_mult': 0.22253932523455283, 'g_stn_gpi_mult': 2.00308702559661, 'g_gpe_gpi_mult': 0.2039715533397416}. Best is trial 348 with value: 0.8336165651046656.
[I 2026-05-28 21:27:39,024] Trial 932 finished with value: 1.0710959383478513 and parameters: {'ISTN': 76.72103733391792, 'I_gpe': 1.0845782752274458, 'I_gpi': 1.713377990105654, 'noise_stn_sigma': 4.348660969789259, 'noise_gpe_sigma': 116.30929649120866, 'noise_gpi_sigma': 72.40814003596698, 'g_stn_gpe_mult': 3.626867991172849, 'g_gpe_stn_mult': 0.21978609054204928, 'g_stn_gpi_mult': 1.997372119760743, 'g_gpe_gpi_mult': 0.2241707847785738}. Best is trial 348 with value: 0.8336165651046656.
[I 2026-05-28 21:27:40,043] Trial 933 finished with value: 1.1106987544591895 and parameters: {'ISTN': 76.12004858322729, 'I_gpe': 1.0911777503643765, 'I_gpi': 1.7649897315357976, 'noise_stn_sigma': 4.4743401709656645, 'noise_gpe_sigma': 115.37645940979634, 'noise_gpi_sigma': 73.09548709999322, 'g_stn_gpe_mult': 3.620104026188352, 'g_gpe_stn_mult': 0.22686721718044348, 'g_stn_gpi_mult': 2.068103484122758, 'g_gpe_gpi_mult': 0.23733246111977016}. Best is trial 348 with value: 0.8336165651046656.
[I 2026-05-28 21:27:41,063] Trial 934 finished with value: 1.0445504180700165 and parameters: {'ISTN': 76.27678548517906, 'I_gpe': 1.0694495153874248, 'I_gpi': 1.689544272150282, 'noise_stn_sigma': 4.421726522370614, 'noise_gpe_sigma': 115.88707088087216, 'noise_gpi_sigma': 73.13111452483164, 'g_stn_gpe_mult': 3.6317438802236106, 'g_gpe_stn_mult': 0.22861289885556849, 'g_stn_gpi_mult': 2.0509780245963505, 'g_gpe_gpi_mult': 0.2268493252671735}. Best is trial 348 with value: 0.8336165651046656.
[I 2026-05-28 21:27:42,082] Trial 935 finished with value: 2.597162149912109 and parameters: {'ISTN': 76.83279987082881, 'I_gpe': 1.0581879776797494, 'I_gpi': 1.7435920742710085, 'noise_stn_sigma': 4.350380125020253, 'noise_gpe_sigma': 116.68788077304386, 'noise_gpi_sigma': 72.16694937193732, 'g_stn_gpe_mult': 3.6453034797291917, 'g_gpe_stn_mult': 0.22233620281197172, 'g_stn_gpi_mult': 2.0034383664381004, 'g_gpe_gpi_mult': 0.2221787067965546}. Best is trial 348 with value: 0.8336165651046656.
[I 2026-05-28 21:27:43,102] Trial 936 finished with value: 1.0812282548692083 and parameters: {'ISTN': 76.5524662714883, 'I_gpe': 1.0752970801703945, 'I_gpi': 1.709840625222142, 'noise_stn_sigma': 4.474590723037514, 'noise_gpe_sigma': 116.68166580537883, 'noise_gpi_sigma': 71.15758954538177, 'g_stn_gpe_mult': 3.6317455049543326, 'g_gpe_stn_mult': 0.22712841611791254, 'g_stn_gpi_mult': 2.0045691702093773, 'g_gpe_gpi_mult': 0.230521440825646}. Best is trial 348 with value: 0.8336165651046656.
[I 2026-05-28 21:27:44,121] Trial 937 finished with value: 1.0839003784757413 and parameters: {'ISTN': 76.76862874872884, 'I_gpe': 1.0893307368753895, 'I_gpi': 1.7425212155524608, 'noise_stn_sigma': 4.521997237093393, 'noise_gpe_sigma': 114.65676792949621, 'noise_gpi_sigma': 71.88122088042019, 'g_stn_gpe_mult': 3.623213533137937, 'g_gpe_stn_mult': 0.22295479886415678, 'g_stn_gpi_mult': 2.0926085718233214, 'g_gpe_gpi_mult': 0.24446844210353388}. Best is trial 348 with value: 0.8336165651046656.
[I 2026-05-28 21:27:45,141] Trial 938 finished with value: 1.0576775666803484 and parameters: {'ISTN': 76.28869635287737, 'I_gpe': 1.0961934481112614, 'I_gpi': 1.7672902632934453, 'noise_stn_sigma': 4.515245149030091, 'noise_gpe_sigma': 115.74380176034289, 'noise_gpi_sigma': 72.1324885251158, 'g_stn_gpe_mult': 3.6052329112411967, 'g_gpe_stn_mult': 0.2271585974204146, 'g_stn_gpi_mult': 1.993746907757937, 'g_gpe_gpi_mult': 0.23542932174824974}. Best is trial 348 with value: 0.8336165651046656.
[I 2026-05-28 21:27:46,161] Trial 939 finished with value: 1.090288754309558 and parameters: {'ISTN': 76.9459366713883, 'I_gpe': 1.0869552046291233, 'I_gpi': 1.7855799672044377, 'noise_stn_sigma': 4.430384360772957, 'noise_gpe_sigma': 115.17510173047884, 'noise_gpi_sigma': 71.3741685374186, 'g_stn_gpe_mult': 3.6164045727851, 'g_gpe_stn_mult': 0.22184196806520773, 'g_stn_gpi_mult': 2.0177432698338924, 'g_gpe_gpi_mult': 0.22413584586569854}. Best is trial 348 with value: 0.8336165651046656.
[I 2026-05-28 21:27:47,181] Trial 940 finished with value: 1.0331798261026386 and parameters: {'ISTN': 76.28359739245126, 'I_gpe': 1.0758561732745981, 'I_gpi': 1.7679696708116763, 'noise_stn_sigma': 4.447280214868293, 'noise_gpe_sigma': 116.29763512334607, 'noise_gpi_sigma': 72.95413766894717, 'g_stn_gpe_mult': 3.6449770233441345, 'g_gpe_stn_mult': 0.22943510287303015, 'g_stn_gpi_mult': 2.0138975298082475, 'g_gpe_gpi_mult': 0.22199767721459326}. Best is trial 348 with value: 0.8336165651046656.
[I 2026-05-28 21:27:48,200] Trial 941 finished with value: 1.1195468426418869 and parameters: {'ISTN': 76.63056173715503, 'I_gpe': 1.074473255265438, 'I_gpi': 1.7159360520633826, 'noise_stn_sigma': 4.399543853897168, 'noise_gpe_sigma': 115.69271009262131, 'noise_gpi_sigma': 73.38865884940574, 'g_stn_gpe_mult': 3.660649298675968, 'g_gpe_stn_mult': 0.22856443801800294, 'g_stn_gpi_mult': 2.0571747273405476, 'g_gpe_gpi_mult': 0.22124139217699937}. Best is trial 348 with value: 0.8336165651046656.
[I 2026-05-28 21:27:49,220] Trial 942 finished with value: 1.042544075576629 and parameters: {'ISTN': 76.04476724881201, 'I_gpe': 1.084646077746034, 'I_gpi': 1.712815806527492, 'noise_stn_sigma': 4.419636947165991, 'noise_gpe_sigma': 115.3590463801813, 'noise_gpi_sigma': 73.64011394954596, 'g_stn_gpe_mult': 3.6471816734913327, 'g_gpe_stn_mult': 0.2286544033351742, 'g_stn_gpi_mult': 2.0035727445197877, 'g_gpe_gpi_mult': 0.22803295661522732}. Best is trial 348 with value: 0.8336165651046656.
[I 2026-05-28 21:27:50,242] Trial 943 finished with value: 1.0627844811077212 and parameters: {'ISTN': 76.38217264801517, 'I_gpe': 1.0789685863770757, 'I_gpi': 1.7392691575808215, 'noise_stn_sigma': 4.5094879714183325, 'noise_gpe_sigma': 116.14796233794566, 'noise_gpi_sigma': 72.20072200935277, 'g_stn_gpe_mult': 3.649591558373951, 'g_gpe_stn_mult': 0.22811606256473543, 'g_stn_gpi_mult': 2.0173719701732606, 'g_gpe_gpi_mult': 0.23212814298018034}. Best is trial 348 with value: 0.8336165651046656.
[I 2026-05-28 21:27:51,260] Trial 944 finished with value: 1.0441216024517095 and parameters: {'ISTN': 75.99935451010414, 'I_gpe': 1.0869847733714946, 'I_gpi': 1.7568953822956028, 'noise_stn_sigma': 4.467978828247098, 'noise_gpe_sigma': 115.3928228741831, 'noise_gpi_sigma': 73.32490801360706, 'g_stn_gpe_mult': 3.670879830404781, 'g_gpe_stn_mult': 0.23454712912375492, 'g_stn_gpi_mult': 2.0697630160098535, 'g_gpe_gpi_mult': 0.23782855646997816}. Best is trial 348 with value: 0.8336165651046656.
[I 2026-05-28 21:27:52,281] Trial 945 finished with value: 1.2500325412668598 and parameters: {'ISTN': 75.76879829161561, 'I_gpe': 1.0715827792421742, 'I_gpi': 1.7750961057302588, 'noise_stn_sigma': 4.3842672293299305, 'noise_gpe_sigma': 115.34834102214468, 'noise_gpi_sigma': 72.56236055563696, 'g_stn_gpe_mult': 3.66151678808423, 'g_gpe_stn_mult': 0.23814248086362813, 'g_stn_gpi_mult': 2.0727201511730464, 'g_gpe_gpi_mult': 0.2192523293489959}. Best is trial 348 with value: 0.8336165651046656.
[I 2026-05-28 21:27:53,303] Trial 946 finished with value: 1.109781776560928 and parameters: {'ISTN': 76.06236782567092, 'I_gpe': 1.0862056772388855, 'I_gpi': 1.7957849369415162, 'noise_stn_sigma': 4.32145602268192, 'noise_gpe_sigma': 116.13915514471375, 'noise_gpi_sigma': 73.48119852698247, 'g_stn_gpe_mult': 3.645186444313239, 'g_gpe_stn_mult': 0.23050334367971806, 'g_stn_gpi_mult': 2.018564108143617, 'g_gpe_gpi_mult': 0.21769826773788506}. Best is trial 348 with value: 0.8336165651046656.
[I 2026-05-28 21:27:54,323] Trial 947 finished with value: 1.0311306190852276 and parameters: {'ISTN': 75.99342984811315, 'I_gpe': 1.090532874898615, 'I_gpi': 1.7054680691117556, 'noise_stn_sigma': 4.514297759399919, 'noise_gpe_sigma': 115.08249323342524, 'noise_gpi_sigma': 71.67828632629909, 'g_stn_gpe_mult': 3.627205232246637, 'g_gpe_stn_mult': 0.23190092400439466, 'g_stn_gpi_mult': 2.056597820045193, 'g_gpe_gpi_mult': 0.23915002975402305}. Best is trial 348 with value: 0.8336165651046656.
[I 2026-05-28 21:27:55,341] Trial 948 finished with value: 1.071408208380652 and parameters: {'ISTN': 75.74533953389887, 'I_gpe': 1.070909368291286, 'I_gpi': 1.7459409007816986, 'noise_stn_sigma': 4.433779565393133, 'noise_gpe_sigma': 116.52787330499214, 'noise_gpi_sigma': 73.46491768361902, 'g_stn_gpe_mult': 3.6586067416496153, 'g_gpe_stn_mult': 0.23182802546184608, 'g_stn_gpi_mult': 1.965623299117215, 'g_gpe_gpi_mult': 0.2267757136811762}. Best is trial 348 with value: 0.8336165651046656.
[I 2026-05-28 21:27:56,363] Trial 949 finished with value: 1.066203968613556 and parameters: {'ISTN': 76.38459908322788, 'I_gpe': 1.082949803024129, 'I_gpi': 1.7773978387094653, 'noise_stn_sigma': 4.484227091967739, 'noise_gpe_sigma': 116.14928153761392, 'noise_gpi_sigma': 74.1599876870378, 'g_stn_gpe_mult': 3.6620390451496245, 'g_gpe_stn_mult': 0.2292477704532694, 'g_stn_gpi_mult': 2.0350879136838254, 'g_gpe_gpi_mult': 0.22830483448855518}. Best is trial 348 with value: 0.8336165651046656.
[I 2026-05-28 21:27:57,381] Trial 950 finished with value: 1.0810626118420001 and parameters: {'ISTN': 76.11066880149062, 'I_gpe': 1.07657204231327, 'I_gpi': 1.7635355967519675, 'noise_stn_sigma': 4.451290572312478, 'noise_gpe_sigma': 116.37142434349065, 'noise_gpi_sigma': 71.31101820111161, 'g_stn_gpe_mult': 3.6405411088108313, 'g_gpe_stn_mult': 0.23114778158821106, 'g_stn_gpi_mult': 2.02493560707633, 'g_gpe_gpi_mult': 0.22419908003210057}. Best is trial 348 with value: 0.8336165651046656.
[I 2026-05-28 21:27:58,404] Trial 951 finished with value: 1.0384207367848595 and parameters: {'ISTN': 76.18806361354967, 'I_gpe': 1.0771207534649232, 'I_gpi': 1.6859028645559158, 'noise_stn_sigma': 4.485505413764491, 'noise_gpe_sigma': 115.57711046578001, 'noise_gpi_sigma': 73.67465538497626, 'g_stn_gpe_mult': 3.6406505564432523, 'g_gpe_stn_mult': 0.22873694704561343, 'g_stn_gpi_mult': 2.074651232917037, 'g_gpe_gpi_mult': 0.26037449813434277}. Best is trial 348 with value: 0.8336165651046656.
[I 2026-05-28 21:27:59,424] Trial 952 finished with value: 2.477702836198203 and parameters: {'ISTN': 75.45845737159077, 'I_gpe': 1.096726154395694, 'I_gpi': 1.74645766454675, 'noise_stn_sigma': 4.405748292870946, 'noise_gpe_sigma': 114.99505247895306, 'noise_gpi_sigma': 72.92062599280041, 'g_stn_gpe_mult': 3.6425812038468557, 'g_gpe_stn_mult': 0.23205167562063847, 'g_stn_gpi_mult': 2.0596237686475165, 'g_gpe_gpi_mult': 0.20916474506378827}. Best is trial 348 with value: 0.8336165651046656.
[I 2026-05-28 21:28:00,444] Trial 953 finished with value: 1.5879955885310046 and parameters: {'ISTN': 76.2578653844985, 'I_gpe': 1.076563578883941, 'I_gpi': 1.7250853962583896, 'noise_stn_sigma': 4.467786716037268, 'noise_gpe_sigma': 115.75991387915184, 'noise_gpi_sigma': 72.64652277771327, 'g_stn_gpe_mult': 3.6216843834257126, 'g_gpe_stn_mult': 0.23452264766329123, 'g_stn_gpi_mult': 2.037397840955479, 'g_gpe_gpi_mult': 0.22043790007131378}. Best is trial 348 with value: 0.8336165651046656.
[I 2026-05-28 21:28:01,463] Trial 954 finished with value: 1.4820045551176604 and parameters: {'ISTN': 76.42547866411378, 'I_gpe': 1.1012189250282944, 'I_gpi': 1.701320513790154, 'noise_stn_sigma': 4.501233126172304, 'noise_gpe_sigma': 115.47330194347627, 'noise_gpi_sigma': 72.71334244153596, 'g_stn_gpe_mult': 3.633396682252549, 'g_gpe_stn_mult': 0.22933585365517675, 'g_stn_gpi_mult': 2.069517961369603, 'g_gpe_gpi_mult': 0.24062965962699642}. Best is trial 348 with value: 0.8336165651046656.
[I 2026-05-28 21:28:02,481] Trial 955 finished with value: 1.0507180232688382 and parameters: {'ISTN': 76.43229930787238, 'I_gpe': 1.0843595873255643, 'I_gpi': 1.7436044070497867, 'noise_stn_sigma': 4.522826906027478, 'noise_gpe_sigma': 115.14217231872858, 'noise_gpi_sigma': 72.2962486772585, 'g_stn_gpe_mult': 3.6255420484369427, 'g_gpe_stn_mult': 0.22428098769717325, 'g_stn_gpi_mult': 2.0631921039656573, 'g_gpe_gpi_mult': 0.2372779609018857}. Best is trial 348 with value: 0.8336165651046656.
[I 2026-05-28 21:28:03,503] Trial 956 finished with value: 1.039578082064842 and parameters: {'ISTN': 75.65508246595454, 'I_gpe': 1.0817860092641434, 'I_gpi': 1.6990693622639532, 'noise_stn_sigma': 4.481901049062817, 'noise_gpe_sigma': 115.5938828498034, 'noise_gpi_sigma': 72.01726739723335, 'g_stn_gpe_mult': 3.6343421613464297, 'g_gpe_stn_mult': 0.23555695842251656, 'g_stn_gpi_mult': 2.0357637394192842, 'g_gpe_gpi_mult': 0.22732144469387594}. Best is trial 348 with value: 0.8336165651046656.
[I 2026-05-28 21:28:04,525] Trial 957 finished with value: 3.9155508449005785 and parameters: {'ISTN': 76.00946794404896, 'I_gpe': 1.087855031063013, 'I_gpi': 1.7233977879849065, 'noise_stn_sigma': 4.41311718127657, 'noise_gpe_sigma': 115.1015371301105, 'noise_gpi_sigma': 73.43078699624223, 'g_stn_gpe_mult': 3.6477804314698994, 'g_gpe_stn_mult': 0.22679425128005445, 'g_stn_gpi_mult': 2.0487025106753016, 'g_gpe_gpi_mult': 0.23591349013830942}. Best is trial 348 with value: 0.8336165651046656.
[I 2026-05-28 21:28:05,546] Trial 958 finished with value: 1.023273461059764 and parameters: {'ISTN': 75.53407262258821, 'I_gpe': 1.0890843190981503, 'I_gpi': 1.6792164299550547, 'noise_stn_sigma': 4.4762396905078, 'noise_gpe_sigma': 115.6857570392299, 'noise_gpi_sigma': 72.2932169316896, 'g_stn_gpe_mult': 3.6457410951550067, 'g_gpe_stn_mult': 0.23643162544955984, 'g_stn_gpi_mult': 2.045792397109735, 'g_gpe_gpi_mult': 0.23833744582890876}. Best is trial 348 with value: 0.8336165651046656.
[I 2026-05-28 21:28:06,568] Trial 959 finished with value: 1.0588669721562955 and parameters: {'ISTN': 76.12272786372448, 'I_gpe': 1.0849269683618552, 'I_gpi': 1.6884141010288212, 'noise_stn_sigma': 4.424891726046954, 'noise_gpe_sigma': 115.950703937241, 'noise_gpi_sigma': 72.35372052361645, 'g_stn_gpe_mult': 3.6341170199023813, 'g_gpe_stn_mult': 0.22964297109757467, 'g_stn_gpi_mult': 2.015390026093156, 'g_gpe_gpi_mult': 0.22336372887939343}. Best is trial 348 with value: 0.8336165651046656.
[I 2026-05-28 21:28:07,589] Trial 960 finished with value: 5.671843713212041 and parameters: {'ISTN': 75.76954588492987, 'I_gpe': 1.0783617918916115, 'I_gpi': 1.7559208413916279, 'noise_stn_sigma': 4.432151189912581, 'noise_gpe_sigma': 115.71488784526652, 'noise_gpi_sigma': 71.43794050817014, 'g_stn_gpe_mult': 3.6401974239313857, 'g_gpe_stn_mult': 0.2293795594315548, 'g_stn_gpi_mult': 1.986049566948827, 'g_gpe_gpi_mult': 0.2114852024720244}. Best is trial 348 with value: 0.8336165651046656.
[I 2026-05-28 21:28:08,610] Trial 961 finished with value: 5.6785522356116385 and parameters: {'ISTN': 75.43384088317468, 'I_gpe': 1.0721716796642582, 'I_gpi': 1.6411058516056096, 'noise_stn_sigma': 4.444966923103856, 'noise_gpe_sigma': 115.71129385733852, 'noise_gpi_sigma': 73.39614894526191, 'g_stn_gpe_mult': 3.661829145374781, 'g_gpe_stn_mult': 0.23414379743216227, 'g_stn_gpi_mult': 2.109975097327503, 'g_gpe_gpi_mult': 0.23325183493164992}. Best is trial 348 with value: 0.8336165651046656.
[I 2026-05-28 21:28:09,631] Trial 962 finished with value: 2.14881227884315 and parameters: {'ISTN': 75.64319545340635, 'I_gpe': 1.08606147655144, 'I_gpi': 1.6907482547164348, 'noise_stn_sigma': 4.445020146588774, 'noise_gpe_sigma': 115.71872748866616, 'noise_gpi_sigma': 72.85916064017835, 'g_stn_gpe_mult': 3.6581434280764755, 'g_gpe_stn_mult': 0.2315137898924031, 'g_stn_gpi_mult': 2.0763594246096115, 'g_gpe_gpi_mult': 0.23692478118772597}. Best is trial 348 with value: 0.8336165651046656.
[I 2026-05-28 21:28:10,649] Trial 963 finished with value: 1.021083314582393 and parameters: {'ISTN': 75.94467737010093, 'I_gpe': 1.0915303105070029, 'I_gpi': 1.7097880439447128, 'noise_stn_sigma': 4.45794788590887, 'noise_gpe_sigma': 114.93956285237698, 'noise_gpi_sigma': 73.2646628106547, 'g_stn_gpe_mult': 3.654511257507092, 'g_gpe_stn_mult': 0.2322888834854807, 'g_stn_gpi_mult': 2.0571734113968434, 'g_gpe_gpi_mult': 0.2534379928857439}. Best is trial 348 with value: 0.8336165651046656.
[I 2026-05-28 21:28:11,670] Trial 964 finished with value: 1.0685250419333168 and parameters: {'ISTN': 75.62332971277051, 'I_gpe': 1.106694431579672, 'I_gpi': 1.608385673709013, 'noise_stn_sigma': 4.517491328382308, 'noise_gpe_sigma': 115.1950069627609, 'noise_gpi_sigma': 73.8114697106009, 'g_stn_gpe_mult': 3.631747531354108, 'g_gpe_stn_mult': 0.2323542305281215, 'g_stn_gpi_mult': 2.1302660095220816, 'g_gpe_gpi_mult': 0.2610904718645393}. Best is trial 348 with value: 0.8336165651046656.
[I 2026-05-28 21:28:12,690] Trial 965 finished with value: 1.0055099082679348 and parameters: {'ISTN': 75.12475103141725, 'I_gpe': 1.098269862576446, 'I_gpi': 1.7832977855362913, 'noise_stn_sigma': 4.519403244320604, 'noise_gpe_sigma': 115.07138276198887, 'noise_gpi_sigma': 72.75914060703397, 'g_stn_gpe_mult': 3.669229465408547, 'g_gpe_stn_mult': 0.23953130118052568, 'g_stn_gpi_mult': 2.0638001908418175, 'g_gpe_gpi_mult': 0.2451369447571488}. Best is trial 348 with value: 0.8336165651046656.
[I 2026-05-28 21:28:13,711] Trial 966 finished with value: 1.0262904413431757 and parameters: {'ISTN': 75.50720000763471, 'I_gpe': 1.0944287230769376, 'I_gpi': 1.6981851429839092, 'noise_stn_sigma': 4.441603840391031, 'noise_gpe_sigma': 115.2860330446869, 'noise_gpi_sigma': 72.71841952638867, 'g_stn_gpe_mult': 3.639581444646579, 'g_gpe_stn_mult': 0.23864288429429875, 'g_stn_gpi_mult': 2.0992502677496727, 'g_gpe_gpi_mult': 0.25650527979591514}. Best is trial 348 with value: 0.8336165651046656.
[I 2026-05-28 21:28:14,735] Trial 967 finished with value: 1.0306144840039524 and parameters: {'ISTN': 75.90642936005689, 'I_gpe': 1.0958459916626198, 'I_gpi': 1.7078618705408344, 'noise_stn_sigma': 4.577225132882377, 'noise_gpe_sigma': 114.46354259551855, 'noise_gpi_sigma': 73.39151565791845, 'g_stn_gpe_mult': 3.633982044996871, 'g_gpe_stn_mult': 0.22707587159123024, 'g_stn_gpi_mult': 2.059381192780278, 'g_gpe_gpi_mult': 0.24816697314052277}. Best is trial 348 with value: 0.8336165651046656.
