[I 2026-05-28 21:18:32,665] Trial 396 finished with value: 2.3544470413316887 and parameters: {'ISTN': 79.8298218459353, 'I_gpe': 1.0324223081336328, 'I_gpi': 1.2812800186646314, 'noise_stn_sigma': 4.9200594005529625, 'noise_gpe_sigma': 106.52042611606443, 'noise_gpi_sigma': 77.24167738642069, 'g_stn_gpe_mult': 3.5372669069581586, 'g_gpe_stn_mult': 0.21584788849157927, 'g_stn_gpi_mult': 2.3367997479488176, 'g_gpe_gpi_mult': 0.327776115510772}. Best is trial 348 with value: 0.8336165651046656.
[I 2026-05-28 21:18:33,687] Trial 397 finished with value: 1.3147725326206974 and parameters: {'ISTN': 78.41670392018268, 'I_gpe': 1.0552077673783165, 'I_gpi': 1.3312997615971969, 'noise_stn_sigma': 4.5745195070892475, 'noise_gpe_sigma': 111.31563557561869, 'noise_gpi_sigma': 79.83904760545434, 'g_stn_gpe_mult': 3.459773042050581, 'g_gpe_stn_mult': 0.22365207795647415, 'g_stn_gpi_mult': 2.341298536149034, 'g_gpe_gpi_mult': 0.2555951015909468}. Best is trial 348 with value: 0.8336165651046656.
[I 2026-05-28 21:18:34,712] Trial 398 finished with value: 1.7852184319482278 and parameters: {'ISTN': 78.78406472392749, 'I_gpe': 1.1374511012985433, 'I_gpi': 1.499763842543666, 'noise_stn_sigma': 4.784477112014623, 'noise_gpe_sigma': 107.89090465432044, 'noise_gpi_sigma': 84.32115193997632, 'g_stn_gpe_mult': 3.517806989905835, 'g_gpe_stn_mult': 0.21114381752454175, 'g_stn_gpi_mult': 2.255599944483647, 'g_gpe_gpi_mult': 0.3650233544496103}. Best is trial 348 with value: 0.8336165651046656.
[I 2026-05-28 21:18:35,735] Trial 399 finished with value: 3.3744151952695987 and parameters: {'ISTN': 78.18515646663313, 'I_gpe': 1.0425609903226472, 'I_gpi': 1.156080663599636, 'noise_stn_sigma': 4.878797318620322, 'noise_gpe_sigma': 112.9023207121345, 'noise_gpi_sigma': 81.74952752523157, 'g_stn_gpe_mult': 3.5325740649340576, 'g_gpe_stn_mult': 0.2408048137469508, 'g_stn_gpi_mult': 2.4055526423647997, 'g_gpe_gpi_mult': 0.2626145408237594}. Best is trial 348 with value: 0.8336165651046656.
[I 2026-05-28 21:18:36,756] Trial 400 finished with value: 3.2438190142901906 and parameters: {'ISTN': 83.95985359779026, 'I_gpe': 1.0906836008848357, 'I_gpi': 1.7364919055413641, 'noise_stn_sigma': 4.936716811850884, 'noise_gpe_sigma': 112.44486972302785, 'noise_gpi_sigma': 84.12150702946306, 'g_stn_gpe_mult': 3.386658333319186, 'g_gpe_stn_mult': 0.21213863304962224, 'g_stn_gpi_mult': 2.147802643887154, 'g_gpe_gpi_mult': 0.2714975687478722}. Best is trial 348 with value: 0.8336165651046656.
[I 2026-05-28 21:18:37,776] Trial 401 finished with value: 7.822637468415538 and parameters: {'ISTN': 81.69483361261156, 'I_gpe': 1.1585733678796837, 'I_gpi': 1.4979751043504796, 'noise_stn_sigma': 4.743054598354731, 'noise_gpe_sigma': 111.57870953554784, 'noise_gpi_sigma': 86.26583741340366, 'g_stn_gpe_mult': 3.197166314027101, 'g_gpe_stn_mult': 0.23121158995117014, 'g_stn_gpi_mult': 2.1920920362509966, 'g_gpe_gpi_mult': 0.29253449555697475}. Best is trial 348 with value: 0.8336165651046656.
[I 2026-05-28 21:18:38,798] Trial 402 finished with value: 9.838451154397557 and parameters: {'ISTN': 79.22457127579571, 'I_gpe': 0.9439314114880725, 'I_gpi': 1.3857471658731926, 'noise_stn_sigma': 4.594246344977084, 'noise_gpe_sigma': 116.39305185086175, 'noise_gpi_sigma': 82.82825431659484, 'g_stn_gpe_mult': 3.6325780394354164, 'g_gpe_stn_mult': 0.21310693127169908, 'g_stn_gpi_mult': 2.320543665069276, 'g_gpe_gpi_mult': 0.2380813024965926}. Best is trial 348 with value: 0.8336165651046656.
[I 2026-05-28 21:18:39,818] Trial 403 finished with value: 10.127063996381386 and parameters: {'ISTN': 80.99887527246938, 'I_gpe': 1.107125137944796, 'I_gpi': 1.2777083108144984, 'noise_stn_sigma': 4.668050906398345, 'noise_gpe_sigma': 110.53605240558504, 'noise_gpi_sigma': 88.96753289615229, 'g_stn_gpe_mult': 3.6196298895082117, 'g_gpe_stn_mult': 0.24665884078390984, 'g_stn_gpi_mult': 2.3239075468912964, 'g_gpe_gpi_mult': 0.29522386034689213}. Best is trial 348 with value: 0.8336165651046656.
[I 2026-05-28 21:18:40,838] Trial 404 finished with value: 10.18691231257858 and parameters: {'ISTN': 79.27798717899618, 'I_gpe': 1.0648096985371587, 'I_gpi': 1.2969602461623242, 'noise_stn_sigma': 4.776284475225273, 'noise_gpe_sigma': 110.36705639868205, 'noise_gpi_sigma': 83.26759627815288, 'g_stn_gpe_mult': 3.5443961904106978, 'g_gpe_stn_mult': 0.16097901191896347, 'g_stn_gpi_mult': 2.33847451716582, 'g_gpe_gpi_mult': 0.3058123414007363}. Best is trial 348 with value: 0.8336165651046656.
[I 2026-05-28 21:18:41,857] Trial 405 finished with value: 2.778245963448943 and parameters: {'ISTN': 78.90401972875665, 'I_gpe': 1.067559203386022, 'I_gpi': 1.3589880075254435, 'noise_stn_sigma': 4.4252944645419845, 'noise_gpe_sigma': 107.52793507696222, 'noise_gpi_sigma': 82.69479753310665, 'g_stn_gpe_mult': 3.678703060326258, 'g_gpe_stn_mult': 0.17549738288826894, 'g_stn_gpi_mult': 2.483889945712278, 'g_gpe_gpi_mult': 0.2590641090028043}. Best is trial 348 with value: 0.8336165651046656.
[I 2026-05-28 21:18:42,879] Trial 406 finished with value: 1.1640142485718965 and parameters: {'ISTN': 77.21602046215193, 'I_gpe': 1.1393372104823194, 'I_gpi': 1.3960213462227993, 'noise_stn_sigma': 4.797322028572969, 'noise_gpe_sigma': 112.18392665857915, 'noise_gpi_sigma': 82.59272533255967, 'g_stn_gpe_mult': 3.514976377679926, 'g_gpe_stn_mult': 0.20763804787400547, 'g_stn_gpi_mult': 2.4120784335614758, 'g_gpe_gpi_mult': 0.30308459124780596}. Best is trial 348 with value: 0.8336165651046656.
[I 2026-05-28 21:18:43,899] Trial 407 finished with value: 7.147563034292165 and parameters: {'ISTN': 82.32162584168613, 'I_gpe': 1.2653306566740266, 'I_gpi': 1.761739703726264, 'noise_stn_sigma': 4.837801372084886, 'noise_gpe_sigma': 115.86050997070943, 'noise_gpi_sigma': 73.08820054434, 'g_stn_gpe_mult': 3.2893663128342725, 'g_gpe_stn_mult': 0.21718884536590444, 'g_stn_gpi_mult': 2.1370045048729316, 'g_gpe_gpi_mult': 0.3201958939494698}. Best is trial 348 with value: 0.8336165651046656.
[I 2026-05-28 21:18:44,918] Trial 408 finished with value: 3.6657957828028405 and parameters: {'ISTN': 78.18537704484311, 'I_gpe': 1.1338966500142784, 'I_gpi': 1.3310199105201728, 'noise_stn_sigma': 4.66696425865627, 'noise_gpe_sigma': 109.5889728649628, 'noise_gpi_sigma': 88.41386476188315, 'g_stn_gpe_mult': 3.4014686190736567, 'g_gpe_stn_mult': 0.23013954003121953, 'g_stn_gpi_mult': 2.4021739727912212, 'g_gpe_gpi_mult': 0.28379843140239797}. Best is trial 348 with value: 0.8336165651046656.
[I 2026-05-28 21:18:45,949] Trial 409 finished with value: 2.2483485319242105 and parameters: {'ISTN': 79.24526545160154, 'I_gpe': 1.1226795068994586, 'I_gpi': 1.2871762330726266, 'noise_stn_sigma': 4.607025743001342, 'noise_gpe_sigma': 115.41394837855101, 'noise_gpi_sigma': 82.67046656541152, 'g_stn_gpe_mult': 3.4268805887771814, 'g_gpe_stn_mult': 0.20599604050271775, 'g_stn_gpi_mult': 2.046010095737783, 'g_gpe_gpi_mult': 0.2504429166805453}. Best is trial 348 with value: 0.8336165651046656.
[I 2026-05-28 21:18:46,970] Trial 410 finished with value: 7.26888675254217 and parameters: {'ISTN': 76.58545601255004, 'I_gpe': 1.0669658585890758, 'I_gpi': 1.296982577782242, 'noise_stn_sigma': 4.276904718913307, 'noise_gpe_sigma': 103.13031225526937, 'noise_gpi_sigma': 81.12541942417188, 'g_stn_gpe_mult': 3.6222166985413082, 'g_gpe_stn_mult': 0.1961280867333026, 'g_stn_gpi_mult': 2.4265235927128934, 'g_gpe_gpi_mult': 0.3149187354776001}. Best is trial 348 with value: 0.8336165651046656.
[I 2026-05-28 21:18:47,991] Trial 411 finished with value: 8.404776535297858 and parameters: {'ISTN': 78.5254835743618, 'I_gpe': 1.2278647277024681, 'I_gpi': 1.314638546315912, 'noise_stn_sigma': 4.396627877749465, 'noise_gpe_sigma': 109.04768978517596, 'noise_gpi_sigma': 81.0319317976957, 'g_stn_gpe_mult': 3.5433741333519246, 'g_gpe_stn_mult': 0.17809354590939339, 'g_stn_gpi_mult': 2.3399478656431145, 'g_gpe_gpi_mult': 0.21937928235710588}. Best is trial 348 with value: 0.8336165651046656.
[I 2026-05-28 21:18:49,019] Trial 412 finished with value: 6.9396788993686425 and parameters: {'ISTN': 78.3200625582595, 'I_gpe': 1.2032750303114037, 'I_gpi': 1.611775687093356, 'noise_stn_sigma': 4.937852320525355, 'noise_gpe_sigma': 110.86798750085592, 'noise_gpi_sigma': 83.29584147051102, 'g_stn_gpe_mult': 3.54834689498583, 'g_gpe_stn_mult': 0.2226839881211114, 'g_stn_gpi_mult': 2.2951404716470307, 'g_gpe_gpi_mult': 0.2675243481511762}. Best is trial 348 with value: 0.8336165651046656.
[I 2026-05-28 21:18:50,040] Trial 413 finished with value: 7.6162736371349204 and parameters: {'ISTN': 77.78099167420591, 'I_gpe': 1.2105915992943532, 'I_gpi': 1.5474759274451724, 'noise_stn_sigma': 4.687843401024449, 'noise_gpe_sigma': 112.87199707438239, 'noise_gpi_sigma': 78.41535036506644, 'g_stn_gpe_mult': 3.575151245742151, 'g_gpe_stn_mult': 0.20329963240604088, 'g_stn_gpi_mult': 2.1967358305103435, 'g_gpe_gpi_mult': 0.2582158953849407}. Best is trial 348 with value: 0.8336165651046656.
[I 2026-05-28 21:18:51,057] Trial 414 finished with value: 1.3638285442931342 and parameters: {'ISTN': 80.01094987647843, 'I_gpe': 1.0797542408841283, 'I_gpi': 1.348488422932856, 'noise_stn_sigma': 4.255336522567129, 'noise_gpe_sigma': 116.9341485293307, 'noise_gpi_sigma': 80.0965007739094, 'g_stn_gpe_mult': 3.250803535174006, 'g_gpe_stn_mult': 0.20159284429209057, 'g_stn_gpi_mult': 2.2329126539478708, 'g_gpe_gpi_mult': 0.2656830110921483}. Best is trial 348 with value: 0.8336165651046656.
[I 2026-05-28 21:18:52,078] Trial 415 finished with value: 9.758832523794814 and parameters: {'ISTN': 81.16234472482624, 'I_gpe': 1.1160361379127122, 'I_gpi': 1.3136847595644219, 'noise_stn_sigma': 4.707756068616557, 'noise_gpe_sigma': 118.50792938829056, 'noise_gpi_sigma': 87.20776833039002, 'g_stn_gpe_mult': 3.492376656977439, 'g_gpe_stn_mult': 0.21840095403086068, 'g_stn_gpi_mult': 2.478589488645299, 'g_gpe_gpi_mult': 0.25040698759474356}. Best is trial 348 with value: 0.8336165651046656.
[I 2026-05-28 21:18:53,101] Trial 416 finished with value: 2.2466816636067777 and parameters: {'ISTN': 76.71580684759803, 'I_gpe': 1.200083022306115, 'I_gpi': 1.1474299935821524, 'noise_stn_sigma': 4.549437717763251, 'noise_gpe_sigma': 109.10474386743935, 'noise_gpi_sigma': 78.31553165741086, 'g_stn_gpe_mult': 3.595346947784564, 'g_gpe_stn_mult': 0.22334151064636606, 'g_stn_gpi_mult': 2.268056411809715, 'g_gpe_gpi_mult': 0.2564011839354256}. Best is trial 348 with value: 0.8336165651046656.
[I 2026-05-28 21:18:54,121] Trial 417 finished with value: 9.8528097844034 and parameters: {'ISTN': 83.99835060059769, 'I_gpe': 1.1580215504383387, 'I_gpi': 1.3999570795493006, 'noise_stn_sigma': 4.782353582997338, 'noise_gpe_sigma': 114.9682125806076, 'noise_gpi_sigma': 89.77113945295778, 'g_stn_gpe_mult': 3.5461396633995848, 'g_gpe_stn_mult': 0.2085578105236079, 'g_stn_gpi_mult': 2.3760380763525117, 'g_gpe_gpi_mult': 0.28983782712117856}. Best is trial 348 with value: 0.8336165651046656.
[I 2026-05-28 21:18:55,139] Trial 418 finished with value: 6.1944492972878225 and parameters: {'ISTN': 76.97571985111487, 'I_gpe': 1.2051408971598534, 'I_gpi': 1.3149799515384588, 'noise_stn_sigma': 4.525590147062525, 'noise_gpe_sigma': 115.2345046449809, 'noise_gpi_sigma': 81.7984623227417, 'g_stn_gpe_mult': 3.4059632348684556, 'g_gpe_stn_mult': 0.2117684449508857, 'g_stn_gpi_mult': 2.0725899630059628, 'g_gpe_gpi_mult': 0.27292920822165234}. Best is trial 348 with value: 0.8336165651046656.
[I 2026-05-28 21:18:56,157] Trial 419 finished with value: 2.911774248980527 and parameters: {'ISTN': 76.80856954287556, 'I_gpe': 1.2056150145348943, 'I_gpi': 1.3630400155594855, 'noise_stn_sigma': 4.706310667661832, 'noise_gpe_sigma': 108.85752353546899, 'noise_gpi_sigma': 82.97276072020168, 'g_stn_gpe_mult': 3.549637301058984, 'g_gpe_stn_mult': 0.2392041638822061, 'g_stn_gpi_mult': 2.1564013480237083, 'g_gpe_gpi_mult': 0.33229296227958727}. Best is trial 348 with value: 0.8336165651046656.
[I 2026-05-28 21:18:57,179] Trial 420 finished with value: 1.8041470510588915 and parameters: {'ISTN': 83.14836677085626, 'I_gpe': 1.0460800349585635, 'I_gpi': 1.3413820005836363, 'noise_stn_sigma': 4.629599374070461, 'noise_gpe_sigma': 114.25634374341513, 'noise_gpi_sigma': 80.28615646164633, 'g_stn_gpe_mult': 3.5244579800160016, 'g_gpe_stn_mult': 0.2211259601326359, 'g_stn_gpi_mult': 2.406391523518477, 'g_gpe_gpi_mult': 0.27556841370455565}. Best is trial 348 with value: 0.8336165651046656.
[I 2026-05-28 21:18:58,201] Trial 421 finished with value: 2.1215306250221664 and parameters: {'ISTN': 78.70921326102162, 'I_gpe': 1.0386824514943667, 'I_gpi': 1.036368344667479, 'noise_stn_sigma': 4.0765595663239775, 'noise_gpe_sigma': 116.10338236509149, 'noise_gpi_sigma': 75.10376189593214, 'g_stn_gpe_mult': 3.4564452233396756, 'g_gpe_stn_mult': 0.19345848275720087, 'g_stn_gpi_mult': 2.203534463088971, 'g_gpe_gpi_mult': 0.24613584692494223}. Best is trial 348 with value: 0.8336165651046656.
[I 2026-05-28 21:18:59,219] Trial 422 finished with value: 7.118652604055784 and parameters: {'ISTN': 79.72513214088303, 'I_gpe': 0.9112527566372353, 'I_gpi': 1.2548148048498091, 'noise_stn_sigma': 4.384283069533875, 'noise_gpe_sigma': 112.78239633125881, 'noise_gpi_sigma': 86.61296153782857, 'g_stn_gpe_mult': 3.455981384255074, 'g_gpe_stn_mult': 0.21603675021212088, 'g_stn_gpi_mult': 2.3264924239484914, 'g_gpe_gpi_mult': 0.23365906847845}. Best is trial 348 with value: 0.8336165651046656.
[I 2026-05-28 21:19:00,237] Trial 423 finished with value: 2.1862061778318944 and parameters: {'ISTN': 82.27600190482806, 'I_gpe': 1.0412279505420723, 'I_gpi': 1.4725627825385568, 'noise_stn_sigma': 4.5052493902111985, 'noise_gpe_sigma': 114.11975676191197, 'noise_gpi_sigma': 85.3579795606148, 'g_stn_gpe_mult': 3.320120075497088, 'g_gpe_stn_mult': 0.21039659061097982, 'g_stn_gpi_mult': 2.329957971992421, 'g_gpe_gpi_mult': 0.2817833287753656}. Best is trial 348 with value: 0.8336165651046656.
[I 2026-05-28 21:19:01,258] Trial 424 finished with value: 3.2396832133338815 and parameters: {'ISTN': 82.19107190878249, 'I_gpe': 1.0950989338520312, 'I_gpi': 1.348634349646972, 'noise_stn_sigma': 4.598555345058459, 'noise_gpe_sigma': 109.7651282494047, 'noise_gpi_sigma': 85.53866751949731, 'g_stn_gpe_mult': 3.5062244522831216, 'g_gpe_stn_mult': 0.18397012130264634, 'g_stn_gpi_mult': 2.281953513389826, 'g_gpe_gpi_mult': 0.2925080897231369}. Best is trial 348 with value: 0.8336165651046656.
[I 2026-05-28 21:19:02,279] Trial 425 finished with value: 4.903418892658636 and parameters: {'ISTN': 78.88019435006699, 'I_gpe': 0.975226375878218, 'I_gpi': 1.0780043318982369, 'noise_stn_sigma': 4.127364061205952, 'noise_gpe_sigma': 113.2146440251093, 'noise_gpi_sigma': 72.34463177971907, 'g_stn_gpe_mult': 3.684288978156634, 'g_gpe_stn_mult': 0.22949245154659503, 'g_stn_gpi_mult': 2.3460859872751656, 'g_gpe_gpi_mult': 0.22484260271831946}. Best is trial 348 with value: 0.8336165651046656.
[I 2026-05-28 21:19:03,239] Trial 426 finished with value: 1000000.0 and parameters: {'ISTN': 82.96723279880926, 'I_gpe': 1.2260639539259102, 'I_gpi': 1.2465632609828885, 'noise_stn_sigma': 4.090812314534757, 'noise_gpe_sigma': 105.56052876505342, 'noise_gpi_sigma': 78.00006931371286, 'g_stn_gpe_mult': 3.5747923705007816, 'g_gpe_stn_mult': 0.25394918086371143, 'g_stn_gpi_mult': 2.4397123194536197, 'g_gpe_gpi_mult': 0.4006695386963016}. Best is trial 348 with value: 0.8336165651046656.
[I 2026-05-28 21:19:04,259] Trial 427 finished with value: 4.569144007751264 and parameters: {'ISTN': 77.3315078137957, 'I_gpe': 1.0889878948217218, 'I_gpi': 1.0681519265276895, 'noise_stn_sigma': 4.819723099290723, 'noise_gpe_sigma': 111.63253883555413, 'noise_gpi_sigma': 79.58209587866571, 'g_stn_gpe_mult': 3.5512152568976214, 'g_gpe_stn_mult': 0.19844096231289865, 'g_stn_gpi_mult': 2.3798907761330623, 'g_gpe_gpi_mult': 0.2756671420750054}. Best is trial 348 with value: 0.8336165651046656.
[I 2026-05-28 21:19:05,282] Trial 428 finished with value: 4.833366662238788 and parameters: {'ISTN': 76.74218921113444, 'I_gpe': 1.0642385721618766, 'I_gpi': 1.400265562650507, 'noise_stn_sigma': 4.862868244578132, 'noise_gpe_sigma': 113.31655945851628, 'noise_gpi_sigma': 77.42594207011652, 'g_stn_gpe_mult': 3.4534619609459583, 'g_gpe_stn_mult': 0.2123191511803976, 'g_stn_gpi_mult': 2.331854521969696, 'g_gpe_gpi_mult': 0.2853916840069128}. Best is trial 348 with value: 0.8336165651046656.
[I 2026-05-28 21:19:06,302] Trial 429 finished with value: 2.4298859489002633 and parameters: {'ISTN': 77.97005354051085, 'I_gpe': 1.0223773156936011, 'I_gpi': 1.1618907063169401, 'noise_stn_sigma': 3.9601741456882897, 'noise_gpe_sigma': 114.58237794650508, 'noise_gpi_sigma': 77.55883605087615, 'g_stn_gpe_mult': 3.473563697923817, 'g_gpe_stn_mult': 0.20961586084471068, 'g_stn_gpi_mult': 2.1213477615701115, 'g_gpe_gpi_mult': 0.22980902985130122}. Best is trial 348 with value: 0.8336165651046656.
[I 2026-05-28 21:19:07,326] Trial 430 finished with value: 5.077280159192307 and parameters: {'ISTN': 82.1342401258335, 'I_gpe': 1.1068903486635715, 'I_gpi': 1.3917783788095308, 'noise_stn_sigma': 4.408689690216045, 'noise_gpe_sigma': 112.87223808486009, 'noise_gpi_sigma': 80.87059000306229, 'g_stn_gpe_mult': 3.4640169686369724, 'g_gpe_stn_mult': 0.1991054490668851, 'g_stn_gpi_mult': 2.385732019706311, 'g_gpe_gpi_mult': 0.2855733810840161}. Best is trial 348 with value: 0.8336165651046656.
[I 2026-05-28 21:19:08,350] Trial 431 finished with value: 6.149406744758363 and parameters: {'ISTN': 83.59362799318573, 'I_gpe': 1.0268171247743174, 'I_gpi': 1.3486178223085203, 'noise_stn_sigma': 4.340250388581812, 'noise_gpe_sigma': 125.85090754008672, 'noise_gpi_sigma': 81.95716928342677, 'g_stn_gpe_mult': 3.2768011714236502, 'g_gpe_stn_mult': 0.23825392712317137, 'g_stn_gpi_mult': 1.9744962735702556, 'g_gpe_gpi_mult': 0.2600636982466806}. Best is trial 348 with value: 0.8336165651046656.
[I 2026-05-28 21:19:09,371] Trial 432 finished with value: 8.30308299761178 and parameters: {'ISTN': 80.09455860489751, 'I_gpe': 1.1308685784431989, 'I_gpi': 1.2422157854463198, 'noise_stn_sigma': 4.558288633218659, 'noise_gpe_sigma': 116.90436092598009, 'noise_gpi_sigma': 74.76910156047846, 'g_stn_gpe_mult': 3.4346875532644034, 'g_gpe_stn_mult': 0.2275979778960254, 'g_stn_gpi_mult': 2.374701265250118, 'g_gpe_gpi_mult': 0.31795386761959}. Best is trial 348 with value: 0.8336165651046656.
[I 2026-05-28 21:19:10,395] Trial 433 finished with value: 3.0639169197325233 and parameters: {'ISTN': 80.66190363968333, 'I_gpe': 1.0433008897828953, 'I_gpi': 1.2476178182339035, 'noise_stn_sigma': 4.263389277813805, 'noise_gpe_sigma': 115.6235735547945, 'noise_gpi_sigma': 80.94725245027361, 'g_stn_gpe_mult': 3.309405931087426, 'g_gpe_stn_mult': 0.2336642090139464, 'g_stn_gpi_mult': 2.4908911716644875, 'g_gpe_gpi_mult': 0.22943555051104245}. Best is trial 348 with value: 0.8336165651046656.
[I 2026-05-28 21:19:11,415] Trial 434 finished with value: 1.8775168107492928 and parameters: {'ISTN': 80.2590294606741, 'I_gpe': 1.1520401834792953, 'I_gpi': 1.1174618834301187, 'noise_stn_sigma': 4.429771585606026, 'noise_gpe_sigma': 112.0812726601289, 'noise_gpi_sigma': 83.49353993850548, 'g_stn_gpe_mult': 3.3551570766102423, 'g_gpe_stn_mult': 0.19297393839247584, 'g_stn_gpi_mult': 2.452828178662407, 'g_gpe_gpi_mult': 0.2651930255528875}. Best is trial 348 with value: 0.8336165651046656.
[I 2026-05-28 21:19:12,439] Trial 435 finished with value: 7.270034496311203 and parameters: {'ISTN': 77.99349888354277, 'I_gpe': 0.9634930037414513, 'I_gpi': 1.139027559694397, 'noise_stn_sigma': 4.156479957314712, 'noise_gpe_sigma': 120.74886149382284, 'noise_gpi_sigma': 68.59864744108881, 'g_stn_gpe_mult': 3.4316273950101324, 'g_gpe_stn_mult': 0.18092516462331737, 'g_stn_gpi_mult': 2.134980934035571, 'g_gpe_gpi_mult': 0.2539671772785512}. Best is trial 348 with value: 0.8336165651046656.
[I 2026-05-28 21:19:13,457] Trial 436 finished with value: 2.065472879498172 and parameters: {'ISTN': 81.15332440973114, 'I_gpe': 1.0085486336970302, 'I_gpi': 1.2383317955483828, 'noise_stn_sigma': 3.934002589714109, 'noise_gpe_sigma': 110.92450544462933, 'noise_gpi_sigma': 81.0216299387612, 'g_stn_gpe_mult': 3.5798253964701705, 'g_gpe_stn_mult': 0.20836114360775748, 'g_stn_gpi_mult': 2.181674438239831, 'g_gpe_gpi_mult': 0.33772363651597076}. Best is trial 348 with value: 0.8336165651046656.
[I 2026-05-28 21:19:14,477] Trial 437 finished with value: 1.3556121950888627 and parameters: {'ISTN': 79.62329001462204, 'I_gpe': 1.08173233485688, 'I_gpi': 1.2520339147883093, 'noise_stn_sigma': 4.251706360214829, 'noise_gpe_sigma': 112.86642628484896, 'noise_gpi_sigma': 80.88107631156657, 'g_stn_gpe_mult': 3.6373379527866483, 'g_gpe_stn_mult': 0.1944599852364383, 'g_stn_gpi_mult': 2.3425107510465972, 'g_gpe_gpi_mult': 0.2913947360357905}. Best is trial 348 with value: 0.8336165651046656.
[I 2026-05-28 21:19:15,504] Trial 438 finished with value: 7.577166208284736 and parameters: {'ISTN': 80.09802934642728, 'I_gpe': 1.1166955866208939, 'I_gpi': 1.3679860957497663, 'noise_stn_sigma': 4.436291597250614, 'noise_gpe_sigma': 119.52951850337996, 'noise_gpi_sigma': 76.20734941215045, 'g_stn_gpe_mult': 3.4149415955025817, 'g_gpe_stn_mult': 0.23057194187951108, 'g_stn_gpi_mult': 2.1608937528562966, 'g_gpe_gpi_mult': 0.2242327294977282}. Best is trial 348 with value: 0.8336165651046656.
[I 2026-05-28 21:19:16,524] Trial 439 finished with value: 4.97957636007971 and parameters: {'ISTN': 74.49200641129931, 'I_gpe': 1.054036447879941, 'I_gpi': 1.1164535001510587, 'noise_stn_sigma': 4.4290593086585, 'noise_gpe_sigma': 116.97849981323435, 'noise_gpi_sigma': 80.4193011696535, 'g_stn_gpe_mult': 3.445882318694189, 'g_gpe_stn_mult': 0.2201152839735273, 'g_stn_gpi_mult': 2.3109283560358387, 'g_gpe_gpi_mult': 0.24829205755672892}. Best is trial 348 with value: 0.8336165651046656.
