[I 2026-05-28 21:13:18,620] Trial 88 finished with value: 11.53099236159212 and parameters: {'ISTN': 85.50788357095168, 'I_gpe': 0.7469986175072623, 'I_gpi': 1.4758870003587357, 'noise_stn_sigma': 4.027906012999293, 'noise_gpe_sigma': 102.1536477078106, 'noise_gpi_sigma': 83.39088323138894, 'g_stn_gpe_mult': 4.0936289852558625, 'g_gpe_stn_mult': 0.34126181370072906, 'g_stn_gpi_mult': 2.434963160497951, 'g_gpe_gpi_mult': 0.5203081245909764}. Best is trial 86 with value: 1.0376820003329708.
[I 2026-05-28 21:13:19,640] Trial 89 finished with value: 12.539741108255727 and parameters: {'ISTN': 86.93913002853816, 'I_gpe': 0.7877565162379524, 'I_gpi': 2.0933525551912515, 'noise_stn_sigma': 5.372570909027688, 'noise_gpe_sigma': 78.38271701536982, 'noise_gpi_sigma': 73.50012622340878, 'g_stn_gpe_mult': 3.784330642429908, 'g_gpe_stn_mult': 0.2254760677663046, 'g_stn_gpi_mult': 2.1994551289073527, 'g_gpe_gpi_mult': 0.5880506532409411}. Best is trial 86 with value: 1.0376820003329708.
[I 2026-05-28 21:13:20,659] Trial 90 finished with value: 7.311865911161251 and parameters: {'ISTN': 75.8810526314632, 'I_gpe': 1.4760569499710714, 'I_gpi': 2.040959943149907, 'noise_stn_sigma': 5.407806934712861, 'noise_gpe_sigma': 96.52959367257155, 'noise_gpi_sigma': 64.25430611303344, 'g_stn_gpe_mult': 3.5025901181392687, 'g_gpe_stn_mult': 0.36432526358610595, 'g_stn_gpi_mult': 2.7378314022917327, 'g_gpe_gpi_mult': 0.8000062748046535}. Best is trial 86 with value: 1.0376820003329708.
[I 2026-05-28 21:13:21,681] Trial 91 finished with value: 5.6977099692320206 and parameters: {'ISTN': 62.01090912320367, 'I_gpe': 1.511671949454849, 'I_gpi': 1.1658044668285288, 'noise_stn_sigma': 4.297143887148417, 'noise_gpe_sigma': 111.89622274549659, 'noise_gpi_sigma': 44.49377307791066, 'g_stn_gpe_mult': 2.8278725813293875, 'g_gpe_stn_mult': 0.31856537752172176, 'g_stn_gpi_mult': 2.510525587071932, 'g_gpe_gpi_mult': 0.7540637647896167}. Best is trial 86 with value: 1.0376820003329708.
[I 2026-05-28 21:13:22,700] Trial 92 finished with value: 13.157896088702733 and parameters: {'ISTN': 87.68253072119592, 'I_gpe': 1.491217986699621, 'I_gpi': 2.4382432194469814, 'noise_stn_sigma': 5.959099517216764, 'noise_gpe_sigma': 69.37693731218016, 'noise_gpi_sigma': 86.54786256274173, 'g_stn_gpe_mult': 3.812148308630937, 'g_gpe_stn_mult': 0.29101012771559864, 'g_stn_gpi_mult': 1.410128262131098, 'g_gpe_gpi_mult': 0.7170325496921592}. Best is trial 86 with value: 1.0376820003329708.
[I 2026-05-28 21:13:23,718] Trial 93 finished with value: 11.565955009247675 and parameters: {'ISTN': 73.32271364228217, 'I_gpe': 1.7185576136408949, 'I_gpi': 1.630764700345626, 'noise_stn_sigma': 7.203308879623685, 'noise_gpe_sigma': 88.20808907756927, 'noise_gpi_sigma': 70.04234201091091, 'g_stn_gpe_mult': 3.062509656049092, 'g_gpe_stn_mult': 0.4019695423481662, 'g_stn_gpi_mult': 2.4452530879929633, 'g_gpe_gpi_mult': 0.39578083715251566}. Best is trial 86 with value: 1.0376820003329708.
[I 2026-05-28 21:13:24,739] Trial 94 finished with value: 10.638476996873313 and parameters: {'ISTN': 80.33029879146446, 'I_gpe': 1.3459178903037352, 'I_gpi': 1.0992577165600903, 'noise_stn_sigma': 4.766143641137777, 'noise_gpe_sigma': 82.96691707069635, 'noise_gpi_sigma': 74.2835450295955, 'g_stn_gpe_mult': 3.9261813579488654, 'g_gpe_stn_mult': 0.31463363947988593, 'g_stn_gpi_mult': 2.6244414652785166, 'g_gpe_gpi_mult': 0.8260931551190307}. Best is trial 86 with value: 1.0376820003329708.
[I 2026-05-28 21:13:25,758] Trial 95 finished with value: 14.078591158412594 and parameters: {'ISTN': 90.52303246517131, 'I_gpe': 1.4513609187255014, 'I_gpi': 1.8498746722313015, 'noise_stn_sigma': 6.5942292482840035, 'noise_gpe_sigma': 78.6346977232559, 'noise_gpi_sigma': 92.13477515922756, 'g_stn_gpe_mult': 4.113295464481555, 'g_gpe_stn_mult': 0.2772916327385865, 'g_stn_gpi_mult': 1.6252403337359835, 'g_gpe_gpi_mult': 0.7408761711613001}. Best is trial 86 with value: 1.0376820003329708.
[I 2026-05-28 21:13:26,776] Trial 96 finished with value: 8.340983338465236 and parameters: {'ISTN': 80.922062487581, 'I_gpe': 1.5827056932686667, 'I_gpi': 2.2907033561014236, 'noise_stn_sigma': 3.961079723196881, 'noise_gpe_sigma': 111.70443613843636, 'noise_gpi_sigma': 67.35445603321479, 'g_stn_gpe_mult': 3.7534853819834075, 'g_gpe_stn_mult': 0.20555607612145335, 'g_stn_gpi_mult': 2.171104762541266, 'g_gpe_gpi_mult': 0.5731420181517196}. Best is trial 86 with value: 1.0376820003329708.
[I 2026-05-28 21:13:27,796] Trial 97 finished with value: 12.767121080941227 and parameters: {'ISTN': 101.52721433871505, 'I_gpe': 1.079896295371585, 'I_gpi': 1.3958181557889595, 'noise_stn_sigma': 5.386239826354653, 'noise_gpe_sigma': 78.6429376330257, 'noise_gpi_sigma': 107.53418707407016, 'g_stn_gpe_mult': 4.130855258768959, 'g_gpe_stn_mult': 0.15939497592605048, 'g_stn_gpi_mult': 2.2780037855961814, 'g_gpe_gpi_mult': 0.7449827344615152}. Best is trial 86 with value: 1.0376820003329708.
[I 2026-05-28 21:13:28,817] Trial 98 finished with value: 7.320801311517735 and parameters: {'ISTN': 76.02657686017221, 'I_gpe': 1.2637943764314616, 'I_gpi': 1.4875392351015315, 'noise_stn_sigma': 6.333211023868036, 'noise_gpe_sigma': 81.15345503340927, 'noise_gpi_sigma': 72.1699099382756, 'g_stn_gpe_mult': 2.8290083377769473, 'g_gpe_stn_mult': 0.24541114339925035, 'g_stn_gpi_mult': 2.169003708041643, 'g_gpe_gpi_mult': 0.6655210008467868}. Best is trial 86 with value: 1.0376820003329708.
[I 2026-05-28 21:13:29,840] Trial 99 finished with value: 9.221509424414304 and parameters: {'ISTN': 74.81736417601428, 'I_gpe': 1.560175768047169, 'I_gpi': 1.780633100859501, 'noise_stn_sigma': 4.341881917690497, 'noise_gpe_sigma': 92.0615948569683, 'noise_gpi_sigma': 79.86032846916461, 'g_stn_gpe_mult': 3.359814235219196, 'g_gpe_stn_mult': 0.21813693277572865, 'g_stn_gpi_mult': 2.186306351497108, 'g_gpe_gpi_mult': 0.5375396020781364}. Best is trial 86 with value: 1.0376820003329708.
[I 2026-05-28 21:13:30,862] Trial 100 finished with value: 15.720227953357098 and parameters: {'ISTN': 81.25083316618408, 'I_gpe': 2.0558739734189007, 'I_gpi': 1.4500054290998214, 'noise_stn_sigma': 5.883136290052253, 'noise_gpe_sigma': 97.8419925945798, 'noise_gpi_sigma': 107.33549103417957, 'g_stn_gpe_mult': 4.259273133754216, 'g_gpe_stn_mult': 0.1726021312630563, 'g_stn_gpi_mult': 2.748153645564485, 'g_gpe_gpi_mult': 0.5609723929013783}. Best is trial 86 with value: 1.0376820003329708.
[I 2026-05-28 21:13:31,884] Trial 101 finished with value: 8.92456260235743 and parameters: {'ISTN': 84.01867890746612, 'I_gpe': 1.6148655121706026, 'I_gpi': 1.7114569674446618, 'noise_stn_sigma': 5.1143604593991965, 'noise_gpe_sigma': 114.05075416686317, 'noise_gpi_sigma': 85.01239593947804, 'g_stn_gpe_mult': 2.844022004083096, 'g_gpe_stn_mult': 0.2623347959018525, 'g_stn_gpi_mult': 1.3597374644212854, 'g_gpe_gpi_mult': 0.6088196508164914}. Best is trial 86 with value: 1.0376820003329708.
[I 2026-05-28 21:13:32,902] Trial 102 finished with value: 4.4119229208424455 and parameters: {'ISTN': 72.26419960075378, 'I_gpe': 1.1092981441639502, 'I_gpi': 1.4434311129584967, 'noise_stn_sigma': 5.261617600017755, 'noise_gpe_sigma': 110.15874106095819, 'noise_gpi_sigma': 51.791634424804656, 'g_stn_gpe_mult': 3.0212877592428597, 'g_gpe_stn_mult': 0.12561358427751648, 'g_stn_gpi_mult': 2.659373014951725, 'g_gpe_gpi_mult': 0.560740323852623}. Best is trial 86 with value: 1.0376820003329708.
[I 2026-05-28 21:13:33,923] Trial 103 finished with value: 4.13097018803627 and parameters: {'ISTN': 69.4219784442677, 'I_gpe': 1.3752763205440663, 'I_gpi': 1.786835144799704, 'noise_stn_sigma': 2.662996265493584, 'noise_gpe_sigma': 87.17358034451739, 'noise_gpi_sigma': 44.62541450384806, 'g_stn_gpe_mult': 3.4616285106844717, 'g_gpe_stn_mult': 0.3034666054951014, 'g_stn_gpi_mult': 2.2262242784537145, 'g_gpe_gpi_mult': 0.5039047348276653}. Best is trial 86 with value: 1.0376820003329708.
[I 2026-05-28 21:13:34,950] Trial 104 finished with value: 11.787420931974042 and parameters: {'ISTN': 63.27776320753182, 'I_gpe': 1.555770854033344, 'I_gpi': 1.4198849648121297, 'noise_stn_sigma': 4.332186575276523, 'noise_gpe_sigma': 124.4746902291635, 'noise_gpi_sigma': 59.273217693293894, 'g_stn_gpe_mult': 3.612705278819708, 'g_gpe_stn_mult': 0.31410299006146847, 'g_stn_gpi_mult': 2.626572370767791, 'g_gpe_gpi_mult': 0.6529698691779847}. Best is trial 86 with value: 1.0376820003329708.
[I 2026-05-28 21:13:35,971] Trial 105 finished with value: 15.286789118389693 and parameters: {'ISTN': 76.00756573841193, 'I_gpe': 2.440464420918046, 'I_gpi': 1.5360930768932293, 'noise_stn_sigma': 3.5753389667512483, 'noise_gpe_sigma': 114.71224464841035, 'noise_gpi_sigma': 49.793704367871484, 'g_stn_gpe_mult': 2.7452729745498106, 'g_gpe_stn_mult': 0.25958817883918406, 'g_stn_gpi_mult': 2.423021001334703, 'g_gpe_gpi_mult': 0.5418174560084199}. Best is trial 86 with value: 1.0376820003329708.
[I 2026-05-28 21:13:36,991] Trial 106 finished with value: 6.421832314247772 and parameters: {'ISTN': 67.5972363877254, 'I_gpe': 1.7444659524473944, 'I_gpi': 1.5663444827271937, 'noise_stn_sigma': 3.2535932680727893, 'noise_gpe_sigma': 84.9738340178593, 'noise_gpi_sigma': 73.77895581016504, 'g_stn_gpe_mult': 2.63468740606272, 'g_gpe_stn_mult': 0.40525840987960104, 'g_stn_gpi_mult': 2.4053267192189614, 'g_gpe_gpi_mult': 0.5739395482104761}. Best is trial 86 with value: 1.0376820003329708.
[I 2026-05-28 21:13:38,007] Trial 107 finished with value: 12.211546352674558 and parameters: {'ISTN': 68.1979849071223, 'I_gpe': 1.8688473597562014, 'I_gpi': 1.1828691654232184, 'noise_stn_sigma': 4.634873838288443, 'noise_gpe_sigma': 115.96134851221679, 'noise_gpi_sigma': 26.134643238216384, 'g_stn_gpe_mult': 2.9796853042525395, 'g_gpe_stn_mult': 0.3026386373818855, 'g_stn_gpi_mult': 2.427999835444327, 'g_gpe_gpi_mult': 0.8197874933940665}. Best is trial 86 with value: 1.0376820003329708.
[I 2026-05-28 21:13:39,030] Trial 108 finished with value: 12.98967706219503 and parameters: {'ISTN': 78.49629180527423, 'I_gpe': 1.8626704392622593, 'I_gpi': 1.7791987606268327, 'noise_stn_sigma': 3.508799032338801, 'noise_gpe_sigma': 111.8140552754209, 'noise_gpi_sigma': 29.198933254402206, 'g_stn_gpe_mult': 3.0497503648246793, 'g_gpe_stn_mult': 0.34314260557291404, 'g_stn_gpi_mult': 2.172045699078595, 'g_gpe_gpi_mult': 0.6703279636360345}. Best is trial 86 with value: 1.0376820003329708.
[I 2026-05-28 21:13:40,047] Trial 109 finished with value: 6.3474192411584065 and parameters: {'ISTN': 75.89445221051646, 'I_gpe': 1.6409797580604577, 'I_gpi': 1.6037756529986855, 'noise_stn_sigma': 3.376832188046377, 'noise_gpe_sigma': 88.99162156692753, 'noise_gpi_sigma': 77.95542477913716, 'g_stn_gpe_mult': 3.619511247483308, 'g_gpe_stn_mult': 0.22981983874156167, 'g_stn_gpi_mult': 2.2090734645549928, 'g_gpe_gpi_mult': 0.6240223519646579}. Best is trial 86 with value: 1.0376820003329708.
[I 2026-05-28 21:13:41,068] Trial 110 finished with value: 10.329257858560574 and parameters: {'ISTN': 60.593276880714946, 'I_gpe': 1.7688659001343896, 'I_gpi': 1.8847808261612584, 'noise_stn_sigma': 4.995097807328029, 'noise_gpe_sigma': 105.79538889121535, 'noise_gpi_sigma': 70.95441356841157, 'g_stn_gpe_mult': 3.141586043572589, 'g_gpe_stn_mult': 0.4119651450989966, 'g_stn_gpi_mult': 2.2783579111385848, 'g_gpe_gpi_mult': 0.48720270818001393}. Best is trial 86 with value: 1.0376820003329708.
[I 2026-05-28 21:13:42,091] Trial 111 finished with value: 13.947783487491797 and parameters: {'ISTN': 81.41934777736608, 'I_gpe': 2.1192106419343677, 'I_gpi': 1.7318523725416397, 'noise_stn_sigma': 2.726452016857908, 'noise_gpe_sigma': 111.15317122607642, 'noise_gpi_sigma': 44.091719686303975, 'g_stn_gpe_mult': 3.772009548228822, 'g_gpe_stn_mult': 0.2619005950540248, 'g_stn_gpi_mult': 2.6368153053700123, 'g_gpe_gpi_mult': 0.5933024792793129}. Best is trial 86 with value: 1.0376820003329708.
[I 2026-05-28 21:13:43,110] Trial 112 finished with value: 8.31340307559709 and parameters: {'ISTN': 72.23922742481133, 'I_gpe': 1.8303084005234145, 'I_gpi': 1.0563471635022008, 'noise_stn_sigma': 4.231553350324205, 'noise_gpe_sigma': 95.31625932343096, 'noise_gpi_sigma': 43.23958086135149, 'g_stn_gpe_mult': 3.0359938172395937, 'g_gpe_stn_mult': 0.2597251554576814, 'g_stn_gpi_mult': 2.6544669501124494, 'g_gpe_gpi_mult': 0.6160423560472041}. Best is trial 86 with value: 1.0376820003329708.
[I 2026-05-28 21:13:44,130] Trial 113 finished with value: 9.70333936362536 and parameters: {'ISTN': 67.73918300231817, 'I_gpe': 1.7254891384424023, 'I_gpi': 1.9831674867656561, 'noise_stn_sigma': 3.006223765608499, 'noise_gpe_sigma': 66.38768371582245, 'noise_gpi_sigma': 77.11590382100599, 'g_stn_gpe_mult': 3.3793933783162693, 'g_gpe_stn_mult': 0.18323081643985747, 'g_stn_gpi_mult': 2.8421864745165806, 'g_gpe_gpi_mult': 0.6576522321456089}. Best is trial 86 with value: 1.0376820003329708.
[I 2026-05-28 21:13:45,149] Trial 114 finished with value: 14.54920297926747 and parameters: {'ISTN': 90.0831248913233, 'I_gpe': 1.8281773473889333, 'I_gpi': 1.9879997753903442, 'noise_stn_sigma': 2.9060414606879696, 'noise_gpe_sigma': 128.6012319018478, 'noise_gpi_sigma': 39.268729425856876, 'g_stn_gpe_mult': 2.579086708443657, 'g_gpe_stn_mult': 0.45304257290868577, 'g_stn_gpi_mult': 2.2182359887777023, 'g_gpe_gpi_mult': 0.8041999452560062}. Best is trial 86 with value: 1.0376820003329708.
[I 2026-05-28 21:13:46,168] Trial 115 finished with value: 12.019550370775823 and parameters: {'ISTN': 96.0915317764527, 'I_gpe': 0.8523583388427689, 'I_gpi': 1.203548625944084, 'noise_stn_sigma': 4.237102461702094, 'noise_gpe_sigma': 85.95752774183045, 'noise_gpi_sigma': 74.09543788453013, 'g_stn_gpe_mult': 3.700298753540626, 'g_gpe_stn_mult': 0.22238319401973822, 'g_stn_gpi_mult': 2.824662727496774, 'g_gpe_gpi_mult': 0.5679125076895333}. Best is trial 86 with value: 1.0376820003329708.
[I 2026-05-28 21:13:47,191] Trial 116 finished with value: 9.931353956022473 and parameters: {'ISTN': 73.41691379220092, 'I_gpe': 1.4523880289608573, 'I_gpi': 1.3460637988749966, 'noise_stn_sigma': 2.7215093163948074, 'noise_gpe_sigma': 111.8699361111203, 'noise_gpi_sigma': 81.34492859019821, 'g_stn_gpe_mult': 2.8930499791177473, 'g_gpe_stn_mult': 0.266791545628814, 'g_stn_gpi_mult': 1.9621854536112848, 'g_gpe_gpi_mult': 0.28460550734123136}. Best is trial 86 with value: 1.0376820003329708.
[I 2026-05-28 21:13:48,210] Trial 117 finished with value: 6.277450286537678 and parameters: {'ISTN': 72.11357168828889, 'I_gpe': 0.8595038706385357, 'I_gpi': 1.3016392828630856, 'noise_stn_sigma': 4.069668421826967, 'noise_gpe_sigma': 121.62598136436864, 'noise_gpi_sigma': 75.49825971656296, 'g_stn_gpe_mult': 2.7748542897207398, 'g_gpe_stn_mult': 0.19806270900813638, 'g_stn_gpi_mult': 2.5377616645992385, 'g_gpe_gpi_mult': 0.6437964686826375}. Best is trial 86 with value: 1.0376820003329708.
[I 2026-05-28 21:13:49,235] Trial 118 finished with value: 12.9853360924943 and parameters: {'ISTN': 72.28605543942861, 'I_gpe': 1.895906719354636, 'I_gpi': 1.5577644561705783, 'noise_stn_sigma': 4.251105535752733, 'noise_gpe_sigma': 86.10908786392572, 'noise_gpi_sigma': 74.0600062912705, 'g_stn_gpe_mult': 3.198906284677572, 'g_gpe_stn_mult': 0.3462027231137017, 'g_stn_gpi_mult': 2.661610846338201, 'g_gpe_gpi_mult': 0.48202546208613856}. Best is trial 86 with value: 1.0376820003329708.
[I 2026-05-28 21:13:50,253] Trial 119 finished with value: 17.83175773589902 and parameters: {'ISTN': 83.78152455207695, 'I_gpe': 2.614864149683682, 'I_gpi': 2.0258197465827372, 'noise_stn_sigma': 4.897058046921478, 'noise_gpe_sigma': 94.26228774925457, 'noise_gpi_sigma': 60.6215246473001, 'g_stn_gpe_mult': 3.1489212996834244, 'g_gpe_stn_mult': 0.2852416134625858, 'g_stn_gpi_mult': 2.5778737018473867, 'g_gpe_gpi_mult': 0.553479650358958}. Best is trial 86 with value: 1.0376820003329708.
[I 2026-05-28 21:13:51,274] Trial 120 finished with value: 4.661495314303733 and parameters: {'ISTN': 80.29080273050681, 'I_gpe': 1.1952064586065831, 'I_gpi': 2.210168376304827, 'noise_stn_sigma': 4.272783590338199, 'noise_gpe_sigma': 96.34310839740397, 'noise_gpi_sigma': 58.37493345167439, 'g_stn_gpe_mult': 2.667927544010213, 'g_gpe_stn_mult': 0.2550720312085846, 'g_stn_gpi_mult': 2.3995720882011398, 'g_gpe_gpi_mult': 0.5491566797570213}. Best is trial 86 with value: 1.0376820003329708.
[I 2026-05-28 21:13:52,297] Trial 121 finished with value: 9.12549923338035 and parameters: {'ISTN': 87.26916121855905, 'I_gpe': 0.6333249600156345, 'I_gpi': 1.4131806308849246, 'noise_stn_sigma': 4.275858106614789, 'noise_gpe_sigma': 104.56184367539825, 'noise_gpi_sigma': 26.763296499917068, 'g_stn_gpe_mult': 2.8019147618611817, 'g_gpe_stn_mult': 0.2797243318716045, 'g_stn_gpi_mult': 2.662228364657434, 'g_gpe_gpi_mult': 0.5072982084954286}. Best is trial 86 with value: 1.0376820003329708.
[I 2026-05-28 21:13:53,322] Trial 122 finished with value: 4.7329450869064225 and parameters: {'ISTN': 70.73907981471237, 'I_gpe': 0.9939213535298473, 'I_gpi': 1.636059976406596, 'noise_stn_sigma': 4.412887415878615, 'noise_gpe_sigma': 109.47131044683955, 'noise_gpi_sigma': 82.0508153154621, 'g_stn_gpe_mult': 3.4175500626507778, 'g_gpe_stn_mult': 0.11616981655551453, 'g_stn_gpi_mult': 2.185626250648629, 'g_gpe_gpi_mult': 0.33700906418915444}. Best is trial 86 with value: 1.0376820003329708.
[I 2026-05-28 21:13:54,345] Trial 123 finished with value: 8.299197186119322 and parameters: {'ISTN': 72.86065354485135, 'I_gpe': 1.1611861430388979, 'I_gpi': 1.9468162976997956, 'noise_stn_sigma': 4.683869405289876, 'noise_gpe_sigma': 87.49650062239637, 'noise_gpi_sigma': 58.790908005854206, 'g_stn_gpe_mult': 3.2685686128486404, 'g_gpe_stn_mult': 0.4398629273366932, 'g_stn_gpi_mult': 3.139435699873987, 'g_gpe_gpi_mult': 0.651001252802899}. Best is trial 86 with value: 1.0376820003329708.
[I 2026-05-28 21:13:55,380] Trial 124 finished with value: 10.544845182720996 and parameters: {'ISTN': 71.2498221582013, 'I_gpe': 1.0239394616206405, 'I_gpi': 2.124111308505774, 'noise_stn_sigma': 4.488735132988388, 'noise_gpe_sigma': 101.06468402995817, 'noise_gpi_sigma': 67.1128694684966, 'g_stn_gpe_mult': 3.320283388433694, 'g_gpe_stn_mult': 0.134715895916792, 'g_stn_gpi_mult': 2.8595613904841084, 'g_gpe_gpi_mult': 0.5064094850892078}. Best is trial 86 with value: 1.0376820003329708.
[I 2026-05-28 21:13:56,401] Trial 125 finished with value: 7.987216525556418 and parameters: {'ISTN': 83.73695827071104, 'I_gpe': 1.6971518123724638, 'I_gpi': 1.9864623085770234, 'noise_stn_sigma': 3.621443068147719, 'noise_gpe_sigma': 98.57836348293368, 'noise_gpi_sigma': 59.90659159916939, 'g_stn_gpe_mult': 2.8679023707821396, 'g_gpe_stn_mult': 0.26319776544684637, 'g_stn_gpi_mult': 1.7211998801624264, 'g_gpe_gpi_mult': 0.4052172408894079}. Best is trial 86 with value: 1.0376820003329708.
[I 2026-05-28 21:13:57,422] Trial 126 finished with value: 5.68158839809511 and parameters: {'ISTN': 68.40972312107995, 'I_gpe': 1.3620867218057373, 'I_gpi': 2.0888051250154436, 'noise_stn_sigma': 3.7636370306907163, 'noise_gpe_sigma': 111.54799903954387, 'noise_gpi_sigma': 57.57842537843612, 'g_stn_gpe_mult': 3.363394542355149, 'g_gpe_stn_mult': 0.17871827066321622, 'g_stn_gpi_mult': 2.481203295033777, 'g_gpe_gpi_mult': 0.2847242466405505}. Best is trial 86 with value: 1.0376820003329708.
[I 2026-05-28 21:13:58,444] Trial 127 finished with value: 7.6150468422102255 and parameters: {'ISTN': 67.963351878045, 'I_gpe': 1.0018663560319234, 'I_gpi': 2.035705499942124, 'noise_stn_sigma': 4.9047121059053715, 'noise_gpe_sigma': 72.82139825199347, 'noise_gpi_sigma': 78.6754946037131, 'g_stn_gpe_mult': 2.5228937672631186, 'g_gpe_stn_mult': 0.25916212867207766, 'g_stn_gpi_mult': 2.812323411481743, 'g_gpe_gpi_mult': 0.5410112881031279}. Best is trial 86 with value: 1.0376820003329708.
[I 2026-05-28 21:13:59,462] Trial 128 finished with value: 10.899127525454915 and parameters: {'ISTN': 76.00910168855846, 'I_gpe': 1.850124095561976, 'I_gpi': 1.6138308702899877, 'noise_stn_sigma': 5.505302898920896, 'noise_gpe_sigma': 97.29590895051732, 'noise_gpi_sigma': 56.22587961827239, 'g_stn_gpe_mult': 1.6626533457545185, 'g_gpe_stn_mult': 0.1655682671314115, 'g_stn_gpi_mult': 2.438059129603685, 'g_gpe_gpi_mult': 0.42644152292230786}. Best is trial 86 with value: 1.0376820003329708.
[I 2026-05-28 21:14:00,483] Trial 129 finished with value: 6.391314013859113 and parameters: {'ISTN': 80.07857545965305, 'I_gpe': 1.210928499507503, 'I_gpi': 2.0152830890660383, 'noise_stn_sigma': 4.5782997969909625, 'noise_gpe_sigma': 111.60609718230737, 'noise_gpi_sigma': 57.750458245854446, 'g_stn_gpe_mult': 3.240389326011485, 'g_gpe_stn_mult': 0.248925304095839, 'g_stn_gpi_mult': 2.605671071916501, 'g_gpe_gpi_mult': 0.6654649373050798}. Best is trial 86 with value: 1.0376820003329708.
[I 2026-05-28 21:14:01,504] Trial 130 finished with value: 7.56451032918426 and parameters: {'ISTN': 67.19322089452655, 'I_gpe': 1.9093996752554463, 'I_gpi': 1.1603687642842369, 'noise_stn_sigma': 4.379348061602671, 'noise_gpe_sigma': 73.71433445337932, 'noise_gpi_sigma': 64.12475222794322, 'g_stn_gpe_mult': 3.0997876301885574, 'g_gpe_stn_mult': 0.195234307983654, 'g_stn_gpi_mult': 2.4412574570641334, 'g_gpe_gpi_mult': 0.6353209732553469}. Best is trial 86 with value: 1.0376820003329708.
[I 2026-05-28 21:14:02,524] Trial 131 finished with value: 5.8212103546644896 and parameters: {'ISTN': 71.57173504394571, 'I_gpe': 0.6530141554573592, 'I_gpi': 1.5580292766428732, 'noise_stn_sigma': 3.2105248559101858, 'noise_gpe_sigma': 99.64031339109351, 'noise_gpi_sigma': 83.95109938555342, 'g_stn_gpe_mult': 3.9720330418832366, 'g_gpe_stn_mult': 0.1449847238086015, 'g_stn_gpi_mult': 2.3107956783299572, 'g_gpe_gpi_mult': 0.5351985321504849}. Best is trial 86 with value: 1.0376820003329708.
