[I 2026-05-28 21:12:33,846] Trial 44 finished with value: 14.951996631160782 and parameters: {'ISTN': 94.19325185956836, 'I_gpe': 1.735873576130126, 'I_gpi': 1.9295266470362986, 'noise_stn_sigma': 4.371362941086497, 'noise_gpe_sigma': 138.17339159421553, 'noise_gpi_sigma': 86.02353906356161, 'g_stn_gpe_mult': 4.245230285720195, 'g_gpe_stn_mult': 0.25892091560376507, 'g_stn_gpi_mult': 1.736257228199631, 'g_gpe_gpi_mult': 0.637808928733371}. Best is trial 37 with value: 3.4874316568856694.
[I 2026-05-28 21:12:34,866] Trial 45 finished with value: 11.855693714911359 and parameters: {'ISTN': 80.09036210254057, 'I_gpe': 1.1311106139777065, 'I_gpi': 1.3529253259781886, 'noise_stn_sigma': 4.740620463778067, 'noise_gpe_sigma': 82.3675913757563, 'noise_gpi_sigma': 77.81379617496964, 'g_stn_gpe_mult': 3.625147530016458, 'g_gpe_stn_mult': 0.45203420300883523, 'g_stn_gpi_mult': 2.6400195208767396, 'g_gpe_gpi_mult': 0.6115699750716613}. Best is trial 37 with value: 3.4874316568856694.
[I 2026-05-28 21:12:35,884] Trial 46 finished with value: 9.079473547537024 and parameters: {'ISTN': 67.4782300574502, 'I_gpe': 1.4524613078753894, 'I_gpi': 2.5437463672121803, 'noise_stn_sigma': 4.8508183476100974, 'noise_gpe_sigma': 82.0420347727495, 'noise_gpi_sigma': 94.7688655914896, 'g_stn_gpe_mult': 4.536226090158552, 'g_gpe_stn_mult': 0.3565068309888556, 'g_stn_gpi_mult': 1.9911175324948875, 'g_gpe_gpi_mult': 0.8119348955010945}. Best is trial 37 with value: 3.4874316568856694.
[I 2026-05-28 21:12:36,907] Trial 47 finished with value: 9.927991867959438 and parameters: {'ISTN': 73.64584277882835, 'I_gpe': 0.797100563336405, 'I_gpi': 1.2981093018392178, 'noise_stn_sigma': 6.24120039257084, 'noise_gpe_sigma': 123.67888498899248, 'noise_gpi_sigma': 93.01033472571481, 'g_stn_gpe_mult': 3.4069181761182366, 'g_gpe_stn_mult': 0.41144780113753976, 'g_stn_gpi_mult': 1.4610523871359473, 'g_gpe_gpi_mult': 0.8412294718051823}. Best is trial 37 with value: 3.4874316568856694.
[I 2026-05-28 21:12:37,927] Trial 48 finished with value: 11.42399472432538 and parameters: {'ISTN': 93.45668424470935, 'I_gpe': 1.1023884194544051, 'I_gpi': 1.2391360690574489, 'noise_stn_sigma': 5.101903095143083, 'noise_gpe_sigma': 88.40425307262718, 'noise_gpi_sigma': 96.19904218230836, 'g_stn_gpe_mult': 3.358873054056228, 'g_gpe_stn_mult': 0.28020246729738574, 'g_stn_gpi_mult': 2.0803912189896545, 'g_gpe_gpi_mult': 0.7303254937098249}. Best is trial 37 with value: 3.4874316568856694.
[I 2026-05-28 21:12:38,948] Trial 49 finished with value: 6.670651886308589 and parameters: {'ISTN': 76.31924617134088, 'I_gpe': 0.7047655268152453, 'I_gpi': 1.5101861210861314, 'noise_stn_sigma': 5.247408647638906, 'noise_gpe_sigma': 102.75376110638312, 'noise_gpi_sigma': 103.80575673632582, 'g_stn_gpe_mult': 3.838655827882046, 'g_gpe_stn_mult': 0.1859370518219931, 'g_stn_gpi_mult': 2.223033885316818, 'g_gpe_gpi_mult': 0.5135930168035925}. Best is trial 37 with value: 3.4874316568856694.
[I 2026-05-28 21:12:39,967] Trial 50 finished with value: 11.02468739316628 and parameters: {'ISTN': 91.54438887203898, 'I_gpe': 0.8128062492792083, 'I_gpi': 1.8113405828066973, 'noise_stn_sigma': 3.5784166609900754, 'noise_gpe_sigma': 84.69237790822312, 'noise_gpi_sigma': 111.52579090895047, 'g_stn_gpe_mult': 4.264628027153694, 'g_gpe_stn_mult': 0.32119861180012466, 'g_stn_gpi_mult': 2.3153676380830235, 'g_gpe_gpi_mult': 0.7198007650215843}. Best is trial 37 with value: 3.4874316568856694.
[I 2026-05-28 21:12:40,989] Trial 51 finished with value: 8.408365916290657 and parameters: {'ISTN': 66.14825027066964, 'I_gpe': 1.5402769016060585, 'I_gpi': 3.106192736169134, 'noise_stn_sigma': 4.780570373607269, 'noise_gpe_sigma': 83.37967418560193, 'noise_gpi_sigma': 87.56558193631399, 'g_stn_gpe_mult': 3.6255356943918398, 'g_gpe_stn_mult': 0.3769932351459121, 'g_stn_gpi_mult': 1.860690003883292, 'g_gpe_gpi_mult': 0.6341163179129801}. Best is trial 37 with value: 3.4874316568856694.
[I 2026-05-28 21:12:42,007] Trial 52 finished with value: 6.6098989073463965 and parameters: {'ISTN': 78.42725225129743, 'I_gpe': 1.2917393748376655, 'I_gpi': 2.4043852509935206, 'noise_stn_sigma': 4.339363515268531, 'noise_gpe_sigma': 115.767099803897, 'noise_gpi_sigma': 58.636836330278584, 'g_stn_gpe_mult': 4.692554470392289, 'g_gpe_stn_mult': 0.37944699459371634, 'g_stn_gpi_mult': 1.9697315215142388, 'g_gpe_gpi_mult': 0.6714688348423188}. Best is trial 37 with value: 3.4874316568856694.
[I 2026-05-28 21:12:43,027] Trial 53 finished with value: 13.197083097005798 and parameters: {'ISTN': 68.3625728883484, 'I_gpe': 0.6429625984282838, 'I_gpi': 2.292942332937938, 'noise_stn_sigma': 6.874133667228485, 'noise_gpe_sigma': 110.02929101422109, 'noise_gpi_sigma': 112.19822206734226, 'g_stn_gpe_mult': 4.001487143302594, 'g_gpe_stn_mult': 0.41426044589934574, 'g_stn_gpi_mult': 2.1317603241276784, 'g_gpe_gpi_mult': 0.7957175774188887}. Best is trial 37 with value: 3.4874316568856694.
[I 2026-05-28 21:12:44,049] Trial 54 finished with value: 5.149366005591609 and parameters: {'ISTN': 77.19255471488351, 'I_gpe': 1.0478327629936062, 'I_gpi': 1.2121850510970418, 'noise_stn_sigma': 7.098705950607361, 'noise_gpe_sigma': 97.17580113439674, 'noise_gpi_sigma': 97.60615945618916, 'g_stn_gpe_mult': 3.0114841512929953, 'g_gpe_stn_mult': 0.2722073353703845, 'g_stn_gpi_mult': 2.838435109597273, 'g_gpe_gpi_mult': 0.8544011989334297}. Best is trial 37 with value: 3.4874316568856694.
[I 2026-05-28 21:12:45,070] Trial 55 finished with value: 9.331003282510247 and parameters: {'ISTN': 74.73405057757736, 'I_gpe': 1.5330095484623854, 'I_gpi': 1.540126122043206, 'noise_stn_sigma': 5.174129709837553, 'noise_gpe_sigma': 112.40458430545145, 'noise_gpi_sigma': 91.31342232219534, 'g_stn_gpe_mult': 3.8310960770590823, 'g_gpe_stn_mult': 0.455487332584783, 'g_stn_gpi_mult': 2.267012788269364, 'g_gpe_gpi_mult': 0.6330995583931982}. Best is trial 37 with value: 3.4874316568856694.
[I 2026-05-28 21:12:46,089] Trial 56 finished with value: 11.572884047253375 and parameters: {'ISTN': 77.8938151906904, 'I_gpe': 1.0811498453143682, 'I_gpi': 2.756838088025876, 'noise_stn_sigma': 5.82032463362719, 'noise_gpe_sigma': 102.52161095785657, 'noise_gpi_sigma': 105.22551975943611, 'g_stn_gpe_mult': 4.397711913834904, 'g_gpe_stn_mult': 0.3001303649475486, 'g_stn_gpi_mult': 2.4950476659738525, 'g_gpe_gpi_mult': 0.5668684153156363}. Best is trial 37 with value: 3.4874316568856694.
[I 2026-05-28 21:12:47,107] Trial 57 finished with value: 8.136740259795316 and parameters: {'ISTN': 61.27462421526932, 'I_gpe': 1.3485936464168218, 'I_gpi': 3.28997637326176, 'noise_stn_sigma': 4.970882121446287, 'noise_gpe_sigma': 100.7348107914502, 'noise_gpi_sigma': 73.37995063914153, 'g_stn_gpe_mult': 4.003248097966104, 'g_gpe_stn_mult': 0.32851658706133247, 'g_stn_gpi_mult': 1.761786711964274, 'g_gpe_gpi_mult': 0.41697909540460043}. Best is trial 37 with value: 3.4874316568856694.
[I 2026-05-28 21:12:48,126] Trial 58 finished with value: 11.0183661258653 and parameters: {'ISTN': 97.23424560189675, 'I_gpe': 0.7644444549145996, 'I_gpi': 2.226746684636696, 'noise_stn_sigma': 6.003480133056732, 'noise_gpe_sigma': 81.92211463979918, 'noise_gpi_sigma': 82.09400105948049, 'g_stn_gpe_mult': 4.769341214973011, 'g_gpe_stn_mult': 0.34140305960140527, 'g_stn_gpi_mult': 2.539556572246025, 'g_gpe_gpi_mult': 0.49283600399567856}. Best is trial 37 with value: 3.4874316568856694.
[I 2026-05-28 21:12:49,143] Trial 59 finished with value: 9.35824355817552 and parameters: {'ISTN': 73.76359982275076, 'I_gpe': 1.3366909667662417, 'I_gpi': 2.043978990780409, 'noise_stn_sigma': 5.614307952587829, 'noise_gpe_sigma': 128.36177218896154, 'noise_gpi_sigma': 115.75987214233766, 'g_stn_gpe_mult': 3.2325427848684267, 'g_gpe_stn_mult': 0.383030936900571, 'g_stn_gpi_mult': 2.167481733950463, 'g_gpe_gpi_mult': 0.7991204276910149}. Best is trial 37 with value: 3.4874316568856694.
[I 2026-05-28 21:12:50,162] Trial 60 finished with value: 8.864395657972757 and parameters: {'ISTN': 83.29780971760694, 'I_gpe': 0.9241297314040615, 'I_gpi': 2.415466352107189, 'noise_stn_sigma': 5.2636343153114815, 'noise_gpe_sigma': 133.04865688871536, 'noise_gpi_sigma': 93.2960615991825, 'g_stn_gpe_mult': 3.5403572444986677, 'g_gpe_stn_mult': 0.17285608723368986, 'g_stn_gpi_mult': 2.082638352349937, 'g_gpe_gpi_mult': 0.40682276844758136}. Best is trial 37 with value: 3.4874316568856694.
[I 2026-05-28 21:12:51,185] Trial 61 finished with value: 11.336026234352243 and parameters: {'ISTN': 81.32991721646894, 'I_gpe': 1.610069597309249, 'I_gpi': 2.7677757491722526, 'noise_stn_sigma': 5.309034786061768, 'noise_gpe_sigma': 88.9280674707179, 'noise_gpi_sigma': 63.18179851478846, 'g_stn_gpe_mult': 3.3345589280812407, 'g_gpe_stn_mult': 0.24826054081656715, 'g_stn_gpi_mult': 2.4187683295830533, 'g_gpe_gpi_mult': 0.6725117947383107}. Best is trial 37 with value: 3.4874316568856694.
[I 2026-05-28 21:12:52,206] Trial 62 finished with value: 13.535041629408118 and parameters: {'ISTN': 89.35594787585683, 'I_gpe': 1.6139040232107957, 'I_gpi': 2.666629698653015, 'noise_stn_sigma': 5.7430959091575415, 'noise_gpe_sigma': 99.01567120586087, 'noise_gpi_sigma': 64.54592842639039, 'g_stn_gpe_mult': 4.208788931571288, 'g_gpe_stn_mult': 0.30041063813301294, 'g_stn_gpi_mult': 1.8574583778035032, 'g_gpe_gpi_mult': 0.5853239035325732}. Best is trial 37 with value: 3.4874316568856694.
[I 2026-05-28 21:12:53,225] Trial 63 finished with value: 8.995871821667007 and parameters: {'ISTN': 71.07298849833411, 'I_gpe': 0.8812404742116178, 'I_gpi': 2.358373950957003, 'noise_stn_sigma': 4.863263879114029, 'noise_gpe_sigma': 112.25291769744011, 'noise_gpi_sigma': 63.900898746666755, 'g_stn_gpe_mult': 4.285627799378469, 'g_gpe_stn_mult': 0.3095711834716743, 'g_stn_gpi_mult': 2.3442234102440884, 'g_gpe_gpi_mult': 0.6963048584310352}. Best is trial 37 with value: 3.4874316568856694.
[I 2026-05-28 21:12:54,246] Trial 64 finished with value: 5.275131285183278 and parameters: {'ISTN': 74.76268315274095, 'I_gpe': 0.6119218825639114, 'I_gpi': 1.1801197019679461, 'noise_stn_sigma': 5.6817165370000815, 'noise_gpe_sigma': 91.16476325244129, 'noise_gpi_sigma': 71.61900605538926, 'g_stn_gpe_mult': 3.8124453588931795, 'g_gpe_stn_mult': 0.2513236817791211, 'g_stn_gpi_mult': 2.3942201960170606, 'g_gpe_gpi_mult': 0.548629976291769}. Best is trial 37 with value: 3.4874316568856694.
[I 2026-05-28 21:12:55,267] Trial 65 finished with value: 13.885299895969439 and parameters: {'ISTN': 84.67576222924806, 'I_gpe': 1.3861014651973338, 'I_gpi': 1.887732410961602, 'noise_stn_sigma': 6.378431565213941, 'noise_gpe_sigma': 126.82663614031004, 'noise_gpi_sigma': 93.88923254890626, 'g_stn_gpe_mult': 3.824348041585639, 'g_gpe_stn_mult': 0.45225485107084007, 'g_stn_gpi_mult': 1.9701809840515252, 'g_gpe_gpi_mult': 0.7198351409183226}. Best is trial 37 with value: 3.4874316568856694.
[I 2026-05-28 21:12:56,226] Trial 66 finished with value: 1000000.0 and parameters: {'ISTN': 66.15736909662952, 'I_gpe': 1.7134596431360507, 'I_gpi': 1.992184233540733, 'noise_stn_sigma': 6.228280413105471, 'noise_gpe_sigma': 60.971338600161594, 'noise_gpi_sigma': 62.499563198703754, 'g_stn_gpe_mult': 3.8029504631887185, 'g_gpe_stn_mult': 0.33726277944405947, 'g_stn_gpi_mult': 1.6251325969237094, 'g_gpe_gpi_mult': 0.7671404627545393}. Best is trial 37 with value: 3.4874316568856694.
[I 2026-05-28 21:12:57,246] Trial 67 finished with value: 9.428697283719359 and parameters: {'ISTN': 74.253537766278, 'I_gpe': 1.7502180811977166, 'I_gpi': 1.949967341189538, 'noise_stn_sigma': 6.242875847420659, 'noise_gpe_sigma': 86.79413076700506, 'noise_gpi_sigma': 71.85487497277072, 'g_stn_gpe_mult': 3.473455184744105, 'g_gpe_stn_mult': 0.15419656328281034, 'g_stn_gpi_mult': 2.6331493824083108, 'g_gpe_gpi_mult': 0.5800719032503805}. Best is trial 37 with value: 3.4874316568856694.
[I 2026-05-28 21:12:58,270] Trial 68 finished with value: 9.648668166129735 and parameters: {'ISTN': 73.80086858244022, 'I_gpe': 1.1278084173869989, 'I_gpi': 1.6998337600356115, 'noise_stn_sigma': 5.49763939219493, 'noise_gpe_sigma': 91.64630628692748, 'noise_gpi_sigma': 75.39717536157211, 'g_stn_gpe_mult': 4.006455118243747, 'g_gpe_stn_mult': 0.4429262112923815, 'g_stn_gpi_mult': 2.029430198452852, 'g_gpe_gpi_mult': 0.7730099680844689}. Best is trial 37 with value: 3.4874316568856694.
[I 2026-05-28 21:12:59,289] Trial 69 finished with value: 16.423863425948035 and parameters: {'ISTN': 87.7672746908901, 'I_gpe': 2.158619606984657, 'I_gpi': 1.2913255260227197, 'noise_stn_sigma': 5.837709386881729, 'noise_gpe_sigma': 95.17613365882357, 'noise_gpi_sigma': 94.1083227628225, 'g_stn_gpe_mult': 3.0588250266675043, 'g_gpe_stn_mult': 0.2912596408418717, 'g_stn_gpi_mult': 2.250578792486167, 'g_gpe_gpi_mult': 0.7476935775752125}. Best is trial 37 with value: 3.4874316568856694.
[I 2026-05-28 21:13:00,308] Trial 70 finished with value: 6.532030884505577 and parameters: {'ISTN': 74.06849872768349, 'I_gpe': 0.9930847249310076, 'I_gpi': 2.2023348403700806, 'noise_stn_sigma': 6.2660198521676, 'noise_gpe_sigma': 78.08029525859826, 'noise_gpi_sigma': 89.85896612654996, 'g_stn_gpe_mult': 4.275765576199804, 'g_gpe_stn_mult': 0.44977384847383983, 'g_stn_gpi_mult': 2.2286000990530206, 'g_gpe_gpi_mult': 0.952220483157683}. Best is trial 37 with value: 3.4874316568856694.
[I 2026-05-28 21:13:01,332] Trial 71 finished with value: 10.115296894713868 and parameters: {'ISTN': 68.1137151859344, 'I_gpe': 1.8226432532083554, 'I_gpi': 2.060489889663119, 'noise_stn_sigma': 6.416567337921138, 'noise_gpe_sigma': 83.43486557199572, 'noise_gpi_sigma': 58.75196762181487, 'g_stn_gpe_mult': 3.2966499390673047, 'g_gpe_stn_mult': 0.26122456886586065, 'g_stn_gpi_mult': 2.5652783442488194, 'g_gpe_gpi_mult': 0.505696350328555}. Best is trial 37 with value: 3.4874316568856694.
[I 2026-05-28 21:13:02,351] Trial 72 finished with value: 13.514845862377395 and parameters: {'ISTN': 90.0663850257464, 'I_gpe': 0.6372601676109809, 'I_gpi': 2.2286863501186587, 'noise_stn_sigma': 4.594053608280287, 'noise_gpe_sigma': 86.04865752147079, 'noise_gpi_sigma': 54.02242530120914, 'g_stn_gpe_mult': 3.926146365419965, 'g_gpe_stn_mult': 0.4376665380551379, 'g_stn_gpi_mult': 2.144820593762997, 'g_gpe_gpi_mult': 0.7420140431587159}. Best is trial 37 with value: 3.4874316568856694.
[I 2026-05-28 21:13:03,375] Trial 73 finished with value: 11.468123505125387 and parameters: {'ISTN': 70.8622808219749, 'I_gpe': 1.0932835277884743, 'I_gpi': 1.8902519587429596, 'noise_stn_sigma': 5.59353651971367, 'noise_gpe_sigma': 103.08215847204576, 'noise_gpi_sigma': 68.64570723036816, 'g_stn_gpe_mult': 3.887395974650639, 'g_gpe_stn_mult': 0.29123333780269645, 'g_stn_gpi_mult': 2.509828448141366, 'g_gpe_gpi_mult': 0.5219575047027445}. Best is trial 37 with value: 3.4874316568856694.
[I 2026-05-28 21:13:04,398] Trial 74 finished with value: 9.564588685134318 and parameters: {'ISTN': 93.20513462372298, 'I_gpe': 0.7613201630317181, 'I_gpi': 1.5479851955265982, 'noise_stn_sigma': 6.357759350120287, 'noise_gpe_sigma': 76.40495255314585, 'noise_gpi_sigma': 59.31671716630641, 'g_stn_gpe_mult': 4.325771136004148, 'g_gpe_stn_mult': 0.2089138511291853, 'g_stn_gpi_mult': 2.554309295301886, 'g_gpe_gpi_mult': 0.8554172495926857}. Best is trial 37 with value: 3.4874316568856694.
[I 2026-05-28 21:13:05,419] Trial 75 finished with value: 7.140674085410099 and parameters: {'ISTN': 86.324741708442, 'I_gpe': 1.3633192577752535, 'I_gpi': 1.723869895336561, 'noise_stn_sigma': 4.881845602586596, 'noise_gpe_sigma': 105.35204849240664, 'noise_gpi_sigma': 90.91464797150513, 'g_stn_gpe_mult': 3.9700706885050545, 'g_gpe_stn_mult': 0.2717241422877268, 'g_stn_gpi_mult': 2.395230916807853, 'g_gpe_gpi_mult': 0.7521962089035785}. Best is trial 37 with value: 3.4874316568856694.
[I 2026-05-28 21:13:06,438] Trial 76 finished with value: 2.6092464929338215 and parameters: {'ISTN': 68.95049331296747, 'I_gpe': 1.054125290634163, 'I_gpi': 1.7784039571959283, 'noise_stn_sigma': 5.489019091286638, 'noise_gpe_sigma': 99.92056411413263, 'noise_gpi_sigma': 71.01002390242616, 'g_stn_gpe_mult': 3.3486502824278768, 'g_gpe_stn_mult': 0.11432727229825575, 'g_stn_gpi_mult': 2.422503825323105, 'g_gpe_gpi_mult': 0.4367318877097486}. Best is trial 76 with value: 2.6092464929338215.
[I 2026-05-28 21:13:07,459] Trial 77 finished with value: 5.001467535634972 and parameters: {'ISTN': 77.38627937063049, 'I_gpe': 0.9542782916103684, 'I_gpi': 1.4684760655038116, 'noise_stn_sigma': 6.399245879419704, 'noise_gpe_sigma': 80.27062435059909, 'noise_gpi_sigma': 74.09615762642956, 'g_stn_gpe_mult': 4.027061125130674, 'g_gpe_stn_mult': 0.30441065049315563, 'g_stn_gpi_mult': 2.3470343318267863, 'g_gpe_gpi_mult': 0.785415230473522}. Best is trial 76 with value: 2.6092464929338215.
[I 2026-05-28 21:13:08,479] Trial 78 finished with value: 15.186587036035757 and parameters: {'ISTN': 98.28208520383583, 'I_gpe': 1.0706515106349315, 'I_gpi': 1.9451245794587502, 'noise_stn_sigma': 5.622419503342093, 'noise_gpe_sigma': 77.99991577019966, 'noise_gpi_sigma': 53.84126779432771, 'g_stn_gpe_mult': 4.400706266240025, 'g_gpe_stn_mult': 0.26443459450321866, 'g_stn_gpi_mult': 2.755368289243821, 'g_gpe_gpi_mult': 0.6755663914915861}. Best is trial 76 with value: 2.6092464929338215.
[I 2026-05-28 21:13:09,499] Trial 79 finished with value: 12.128397989728267 and parameters: {'ISTN': 73.74938006873873, 'I_gpe': 1.6009163449238906, 'I_gpi': 1.4283844274923672, 'noise_stn_sigma': 5.262939331798651, 'noise_gpe_sigma': 88.95877906427937, 'noise_gpi_sigma': 110.86120860183354, 'g_stn_gpe_mult': 4.031644267430421, 'g_gpe_stn_mult': 0.35329211098207236, 'g_stn_gpi_mult': 2.6644515514322946, 'g_gpe_gpi_mult': 0.6541570367029672}. Best is trial 76 with value: 2.6092464929338215.
[I 2026-05-28 21:13:10,459] Trial 80 finished with value: 1000000.0 and parameters: {'ISTN': 84.53887083907532, 'I_gpe': 0.972776011657645, 'I_gpi': 2.272862040565127, 'noise_stn_sigma': 5.406514270474599, 'noise_gpe_sigma': 73.62528788724839, 'noise_gpi_sigma': 95.26520777657977, 'g_stn_gpe_mult': 4.092902666192982, 'g_gpe_stn_mult': 0.3139838075871934, 'g_stn_gpi_mult': 2.3609936409040055, 'g_gpe_gpi_mult': 0.6412039005794078}. Best is trial 76 with value: 2.6092464929338215.
[I 2026-05-28 21:13:11,479] Trial 81 finished with value: 13.195907066648736 and parameters: {'ISTN': 83.61359800040177, 'I_gpe': 0.8691678814601722, 'I_gpi': 1.9418239280182354, 'noise_stn_sigma': 5.6601022855029335, 'noise_gpe_sigma': 74.11733824377004, 'noise_gpi_sigma': 74.19847474358923, 'g_stn_gpe_mult': 3.5379049825055477, 'g_gpe_stn_mult': 0.2376231892017486, 'g_stn_gpi_mult': 2.634302222396481, 'g_gpe_gpi_mult': 0.5684690651081845}. Best is trial 76 with value: 2.6092464929338215.
[I 2026-05-28 21:13:12,499] Trial 82 finished with value: 8.7208097205659 and parameters: {'ISTN': 72.97707940640719, 'I_gpe': 1.7155966369911346, 'I_gpi': 2.7202243397224324, 'noise_stn_sigma': 5.434029731903438, 'noise_gpe_sigma': 108.0229772977382, 'noise_gpi_sigma': 39.68690054054255, 'g_stn_gpe_mult': 3.183938242132438, 'g_gpe_stn_mult': 0.2606751111510404, 'g_stn_gpi_mult': 1.7899570126373299, 'g_gpe_gpi_mult': 0.5673282865052645}. Best is trial 76 with value: 2.6092464929338215.
[I 2026-05-28 21:13:13,519] Trial 83 finished with value: 10.19937589383259 and parameters: {'ISTN': 92.07650697249369, 'I_gpe': 0.7542061082806517, 'I_gpi': 2.776285158196574, 'noise_stn_sigma': 6.670876357482518, 'noise_gpe_sigma': 104.70602438044276, 'noise_gpi_sigma': 93.5661011216129, 'g_stn_gpe_mult': 3.941402477511016, 'g_gpe_stn_mult': 0.1961945306777546, 'g_stn_gpi_mult': 2.724815508557927, 'g_gpe_gpi_mult': 0.5866172585058702}. Best is trial 76 with value: 2.6092464929338215.
[I 2026-05-28 21:13:14,541] Trial 84 finished with value: 5.8743700841662445 and parameters: {'ISTN': 94.03060592982999, 'I_gpe': 1.3921093721499653, 'I_gpi': 1.6008345370591646, 'noise_stn_sigma': 5.905393766862408, 'noise_gpe_sigma': 76.54251103956429, 'noise_gpi_sigma': 74.77884150961975, 'g_stn_gpe_mult': 3.909544243329711, 'g_gpe_stn_mult': 0.19181843733370296, 'g_stn_gpi_mult': 2.910734407983332, 'g_gpe_gpi_mult': 0.7954373755880517}. Best is trial 76 with value: 2.6092464929338215.
[I 2026-05-28 21:13:15,560] Trial 85 finished with value: 10.718701886763437 and parameters: {'ISTN': 95.29725709428337, 'I_gpe': 0.7702122807702164, 'I_gpi': 2.304809312970977, 'noise_stn_sigma': 6.909611306540936, 'noise_gpe_sigma': 108.87394669989006, 'noise_gpi_sigma': 73.1079304471298, 'g_stn_gpe_mult': 3.6093883099601767, 'g_gpe_stn_mult': 0.23821800407921015, 'g_stn_gpi_mult': 2.1637556943945615, 'g_gpe_gpi_mult': 0.6968208726425773}. Best is trial 76 with value: 2.6092464929338215.
[I 2026-05-28 21:13:16,580] Trial 86 finished with value: 1.0376820003329708 and parameters: {'ISTN': 67.99967508814706, 'I_gpe': 1.5311864507465371, 'I_gpi': 1.459299871685714, 'noise_stn_sigma': 4.310972355267842, 'noise_gpe_sigma': 78.53035353094094, 'noise_gpi_sigma': 74.68559604074436, 'g_stn_gpe_mult': 3.8820301967203203, 'g_gpe_stn_mult': 0.27516307912123406, 'g_stn_gpi_mult': 2.211914828757684, 'g_gpe_gpi_mult': 0.42475314437136785}. Best is trial 86 with value: 1.0376820003329708.
[I 2026-05-28 21:13:17,600] Trial 87 finished with value: 2.2393105599744905 and parameters: {'ISTN': 74.95740051683103, 'I_gpe': 0.919387689639948, 'I_gpi': 1.0353136126707785, 'noise_stn_sigma': 5.741809234537771, 'noise_gpe_sigma': 96.75617436518367, 'noise_gpi_sigma': 77.91621641907578, 'g_stn_gpe_mult': 3.758963158273978, 'g_gpe_stn_mult': 0.18924859878321598, 'g_stn_gpi_mult': 2.3099279081576958, 'g_gpe_gpi_mult': 0.6801656370639475}. Best is trial 86 with value: 1.0376820003329708.
