[I 2026-05-28 21:17:02,820] Trial 308 finished with value: 12.040109250626319 and parameters: {'ISTN': 78.71833066023257, 'I_gpe': 1.0249115623854297, 'I_gpi': 1.1082045089885357, 'noise_stn_sigma': 4.456838973718931, 'noise_gpe_sigma': 95.77685617457435, 'noise_gpi_sigma': 89.10525391534878, 'g_stn_gpe_mult': 3.71664664964393, 'g_gpe_stn_mult': 0.17367272227907637, 'g_stn_gpi_mult': 2.4415444140731957, 'g_gpe_gpi_mult': 0.3680826034570229}. Best is trial 144 with value: 0.9073438261862171.
[I 2026-05-28 21:17:03,840] Trial 309 finished with value: 4.920466485047143 and parameters: {'ISTN': 75.83583621070457, 'I_gpe': 1.0047969212247811, 'I_gpi': 1.3368001564173542, 'noise_stn_sigma': 4.783646314654723, 'noise_gpe_sigma': 87.67568539380399, 'noise_gpi_sigma': 80.85195903287709, 'g_stn_gpe_mult': 3.851854802901487, 'g_gpe_stn_mult': 0.1292365734545597, 'g_stn_gpi_mult': 2.7207821792675464, 'g_gpe_gpi_mult': 0.25807045292949277}. Best is trial 144 with value: 0.9073438261862171.
[I 2026-05-28 21:17:04,864] Trial 310 finished with value: 4.536499751780996 and parameters: {'ISTN': 77.36390049515951, 'I_gpe': 1.2803922841700868, 'I_gpi': 1.3588007301751202, 'noise_stn_sigma': 3.9991634666835147, 'noise_gpe_sigma': 83.26622164359651, 'noise_gpi_sigma': 72.18128529038974, 'g_stn_gpe_mult': 3.9513924362806474, 'g_gpe_stn_mult': 0.16859092084949992, 'g_stn_gpi_mult': 2.5222599622507147, 'g_gpe_gpi_mult': 0.3006139013782898}. Best is trial 144 with value: 0.9073438261862171.
[I 2026-05-28 21:17:05,888] Trial 311 finished with value: 4.093327888575301 and parameters: {'ISTN': 81.49809861767832, 'I_gpe': 1.2024775574384803, 'I_gpi': 1.3532680613718997, 'noise_stn_sigma': 4.424973347574676, 'noise_gpe_sigma': 86.39041709107715, 'noise_gpi_sigma': 83.94742174524379, 'g_stn_gpe_mult': 3.6887258067665547, 'g_gpe_stn_mult': 0.13760937837458478, 'g_stn_gpi_mult': 2.4468919605327417, 'g_gpe_gpi_mult': 0.3631916550464577}. Best is trial 144 with value: 0.9073438261862171.
[I 2026-05-28 21:17:06,919] Trial 312 finished with value: 5.881075007845784 and parameters: {'ISTN': 80.18492030825578, 'I_gpe': 1.3405978234970835, 'I_gpi': 1.3231593789452798, 'noise_stn_sigma': 4.1869575929499945, 'noise_gpe_sigma': 83.35584489308401, 'noise_gpi_sigma': 75.84188013537288, 'g_stn_gpe_mult': 3.472935829801692, 'g_gpe_stn_mult': 0.13876839144504557, 'g_stn_gpi_mult': 2.5711939913884567, 'g_gpe_gpi_mult': 0.2640419071765796}. Best is trial 144 with value: 0.9073438261862171.
[I 2026-05-28 21:17:07,945] Trial 313 finished with value: 5.265560118580656 and parameters: {'ISTN': 81.15868249123709, 'I_gpe': 1.115467013806231, 'I_gpi': 1.2150500995747675, 'noise_stn_sigma': 4.530394225170117, 'noise_gpe_sigma': 81.28152228031179, 'noise_gpi_sigma': 84.19006662839556, 'g_stn_gpe_mult': 4.013134290688079, 'g_gpe_stn_mult': 0.18610564881716318, 'g_stn_gpi_mult': 2.65132060347727, 'g_gpe_gpi_mult': 0.3508447558542754}. Best is trial 144 with value: 0.9073438261862171.
[I 2026-05-28 21:17:08,964] Trial 314 finished with value: 3.0722304955997872 and parameters: {'ISTN': 76.8259997937675, 'I_gpe': 0.9841851206632838, 'I_gpi': 1.3793216843420715, 'noise_stn_sigma': 5.157072983773085, 'noise_gpe_sigma': 102.65060213193883, 'noise_gpi_sigma': 79.52599538131477, 'g_stn_gpe_mult': 3.6379561865731893, 'g_gpe_stn_mult': 0.1421218265944417, 'g_stn_gpi_mult': 2.443001176189358, 'g_gpe_gpi_mult': 0.3310362511368131}. Best is trial 144 with value: 0.9073438261862171.
[I 2026-05-28 21:17:09,989] Trial 315 finished with value: 8.359589094453515 and parameters: {'ISTN': 81.61372749036516, 'I_gpe': 1.3073932455997554, 'I_gpi': 1.3889726047109572, 'noise_stn_sigma': 4.660546515600032, 'noise_gpe_sigma': 82.15373074155204, 'noise_gpi_sigma': 82.00608635753788, 'g_stn_gpe_mult': 3.6896565146620173, 'g_gpe_stn_mult': 0.22559189261930232, 'g_stn_gpi_mult': 2.565986075956759, 'g_gpe_gpi_mult': 0.31764189767855466}. Best is trial 144 with value: 0.9073438261862171.
[I 2026-05-28 21:17:11,015] Trial 316 finished with value: 7.7619829218804295 and parameters: {'ISTN': 79.19061742542642, 'I_gpe': 1.2558828857043633, 'I_gpi': 1.057873369238242, 'noise_stn_sigma': 4.2949857557268585, 'noise_gpe_sigma': 97.23921588468184, 'noise_gpi_sigma': 80.8067451104851, 'g_stn_gpe_mult': 3.2304557309241604, 'g_gpe_stn_mult': 0.14848908621922852, 'g_stn_gpi_mult': 2.5551220026456476, 'g_gpe_gpi_mult': 0.3644619463339369}. Best is trial 144 with value: 0.9073438261862171.
[I 2026-05-28 21:17:12,032] Trial 317 finished with value: 7.909692109050098 and parameters: {'ISTN': 75.24396131318174, 'I_gpe': 1.1885864020909125, 'I_gpi': 1.4689407858962102, 'noise_stn_sigma': 4.7745673275866105, 'noise_gpe_sigma': 92.00361010876537, 'noise_gpi_sigma': 70.34765237210436, 'g_stn_gpe_mult': 3.940312937471548, 'g_gpe_stn_mult': 0.12361916336039278, 'g_stn_gpi_mult': 2.3416612471586458, 'g_gpe_gpi_mult': 0.362608229077674}. Best is trial 144 with value: 0.9073438261862171.
[I 2026-05-28 21:17:13,053] Trial 318 finished with value: 5.651326598209577 and parameters: {'ISTN': 79.17539885953173, 'I_gpe': 1.1682771173249291, 'I_gpi': 1.3692714506059012, 'noise_stn_sigma': 4.0793939555081415, 'noise_gpe_sigma': 84.10540471656988, 'noise_gpi_sigma': 82.21595985811264, 'g_stn_gpe_mult': 4.091811478201579, 'g_gpe_stn_mult': 0.17616535535649042, 'g_stn_gpi_mult': 2.765992185534719, 'g_gpe_gpi_mult': 0.35330884041147087}. Best is trial 144 with value: 0.9073438261862171.
[I 2026-05-28 21:17:14,071] Trial 319 finished with value: 3.6211758916439982 and parameters: {'ISTN': 76.35622155545896, 'I_gpe': 1.3033580689289925, 'I_gpi': 1.4883921865696057, 'noise_stn_sigma': 3.88425290373298, 'noise_gpe_sigma': 82.9178950751076, 'noise_gpi_sigma': 76.84978287458824, 'g_stn_gpe_mult': 3.615003884270088, 'g_gpe_stn_mult': 0.21288270550027008, 'g_stn_gpi_mult': 2.63612702212284, 'g_gpe_gpi_mult': 0.3294003307699882}. Best is trial 144 with value: 0.9073438261862171.
[I 2026-05-28 21:17:15,093] Trial 320 finished with value: 8.228879733840374 and parameters: {'ISTN': 83.67321724850113, 'I_gpe': 0.9621572836454959, 'I_gpi': 1.1527092712299072, 'noise_stn_sigma': 4.687766325746618, 'noise_gpe_sigma': 82.50594405744498, 'noise_gpi_sigma': 85.25497654277646, 'g_stn_gpe_mult': 3.642527370695042, 'g_gpe_stn_mult': 0.23444860822670327, 'g_stn_gpi_mult': 2.6516005387893027, 'g_gpe_gpi_mult': 0.4407332465653141}. Best is trial 144 with value: 0.9073438261862171.
[I 2026-05-28 21:17:16,116] Trial 321 finished with value: 4.195078612131745 and parameters: {'ISTN': 73.2463880634695, 'I_gpe': 1.0552455116730872, 'I_gpi': 1.1046860721705245, 'noise_stn_sigma': 4.712913685770786, 'noise_gpe_sigma': 94.5533605935263, 'noise_gpi_sigma': 80.5615839363625, 'g_stn_gpe_mult': 3.879831465983433, 'g_gpe_stn_mult': 0.13206231164452983, 'g_stn_gpi_mult': 2.4158242151364737, 'g_gpe_gpi_mult': 0.3644369282541668}. Best is trial 144 with value: 0.9073438261862171.
[I 2026-05-28 21:17:17,142] Trial 322 finished with value: 3.0674977533340018 and parameters: {'ISTN': 73.70798115388868, 'I_gpe': 1.1359786461357197, 'I_gpi': 1.4142045075182814, 'noise_stn_sigma': 4.4966501855953105, 'noise_gpe_sigma': 80.72444216545787, 'noise_gpi_sigma': 84.29252838794218, 'g_stn_gpe_mult': 3.9865476499531676, 'g_gpe_stn_mult': 0.16357792219110256, 'g_stn_gpi_mult': 2.4751860721577748, 'g_gpe_gpi_mult': 0.32373856304295595}. Best is trial 144 with value: 0.9073438261862171.
[I 2026-05-28 21:17:18,165] Trial 323 finished with value: 7.666090846120408 and parameters: {'ISTN': 77.76417495231675, 'I_gpe': 1.1551279349717407, 'I_gpi': 1.0247443929197542, 'noise_stn_sigma': 4.489758028575151, 'noise_gpe_sigma': 83.85861556147107, 'noise_gpi_sigma': 84.30768197662225, 'g_stn_gpe_mult': 3.563598854847907, 'g_gpe_stn_mult': 0.1483687234065361, 'g_stn_gpi_mult': 2.4178022797299956, 'g_gpe_gpi_mult': 0.3080175841702659}. Best is trial 144 with value: 0.9073438261862171.
[I 2026-05-28 21:17:19,187] Trial 324 finished with value: 1.0798383442732138 and parameters: {'ISTN': 74.86626760601965, 'I_gpe': 1.0111679117351549, 'I_gpi': 1.3960943360603846, 'noise_stn_sigma': 4.740303115709895, 'noise_gpe_sigma': 98.0664596269188, 'noise_gpi_sigma': 83.66821438669115, 'g_stn_gpe_mult': 3.6839481029502568, 'g_gpe_stn_mult': 0.15189139122554018, 'g_stn_gpi_mult': 2.35088239100893, 'g_gpe_gpi_mult': 0.2894253343888341}. Best is trial 144 with value: 0.9073438261862171.
[I 2026-05-28 21:17:20,207] Trial 325 finished with value: 4.87361556995401 and parameters: {'ISTN': 80.23328722055737, 'I_gpe': 1.0768648147869533, 'I_gpi': 1.224619012473641, 'noise_stn_sigma': 4.622161279653884, 'noise_gpe_sigma': 97.95103070469207, 'noise_gpi_sigma': 80.86583290253306, 'g_stn_gpe_mult': 3.651778281652714, 'g_gpe_stn_mult': 0.177503699080501, 'g_stn_gpi_mult': 2.5001963835481513, 'g_gpe_gpi_mult': 0.3503618107516691}. Best is trial 144 with value: 0.9073438261862171.
[I 2026-05-28 21:17:21,227] Trial 326 finished with value: 6.7131386986001615 and parameters: {'ISTN': 76.72904219423862, 'I_gpe': 1.1390825393643753, 'I_gpi': 1.1790285310315924, 'noise_stn_sigma': 4.153628818505343, 'noise_gpe_sigma': 92.9906653614456, 'noise_gpi_sigma': 70.88567492257226, 'g_stn_gpe_mult': 3.3537254756571864, 'g_gpe_stn_mult': 0.20715772150634348, 'g_stn_gpi_mult': 2.581638207547496, 'g_gpe_gpi_mult': 0.3422606968968161}. Best is trial 144 with value: 0.9073438261862171.
[I 2026-05-28 21:17:22,247] Trial 327 finished with value: 6.651371546817482 and parameters: {'ISTN': 82.23595233676795, 'I_gpe': 1.1296953470524769, 'I_gpi': 1.2981573291853126, 'noise_stn_sigma': 5.1752007016911445, 'noise_gpe_sigma': 88.50764906528998, 'noise_gpi_sigma': 86.81120328507131, 'g_stn_gpe_mult': 3.5798608380734898, 'g_gpe_stn_mult': 0.10855242761402001, 'g_stn_gpi_mult': 2.5948090072564534, 'g_gpe_gpi_mult': 0.42456145200642925}. Best is trial 144 with value: 0.9073438261862171.
[I 2026-05-28 21:17:23,268] Trial 328 finished with value: 9.785081897929427 and parameters: {'ISTN': 76.83665005477684, 'I_gpe': 1.0592588312618478, 'I_gpi': 1.4576766850956546, 'noise_stn_sigma': 4.93028507714112, 'noise_gpe_sigma': 96.35634085782326, 'noise_gpi_sigma': 78.23696461082778, 'g_stn_gpe_mult': 3.7800262984362614, 'g_gpe_stn_mult': 0.19856112389176603, 'g_stn_gpi_mult': 2.5577271705890308, 'g_gpe_gpi_mult': 0.3237911703991434}. Best is trial 144 with value: 0.9073438261862171.
[I 2026-05-28 21:17:24,290] Trial 329 finished with value: 7.51071888592037 and parameters: {'ISTN': 79.73364494679822, 'I_gpe': 1.1282793429372333, 'I_gpi': 1.3112846248170462, 'noise_stn_sigma': 4.88734155020027, 'noise_gpe_sigma': 93.36675352993396, 'noise_gpi_sigma': 78.22503267248496, 'g_stn_gpe_mult': 3.6136654893507023, 'g_gpe_stn_mult': 0.14635725068467215, 'g_stn_gpi_mult': 2.3587861427587624, 'g_gpe_gpi_mult': 0.3788242229531856}. Best is trial 144 with value: 0.9073438261862171.
[I 2026-05-28 21:17:25,310] Trial 330 finished with value: 6.376764259450997 and parameters: {'ISTN': 76.2884141925101, 'I_gpe': 1.1488324708475695, 'I_gpi': 1.3157140285469247, 'noise_stn_sigma': 4.568961632724202, 'noise_gpe_sigma': 92.1353456242722, 'noise_gpi_sigma': 78.44506098507716, 'g_stn_gpe_mult': 3.8666224371027083, 'g_gpe_stn_mult': 0.1345426013015734, 'g_stn_gpi_mult': 2.5252485880977047, 'g_gpe_gpi_mult': 0.25348487953497534}. Best is trial 144 with value: 0.9073438261862171.
[I 2026-05-28 21:17:26,334] Trial 331 finished with value: 7.140243138519194 and parameters: {'ISTN': 74.48871919098438, 'I_gpe': 1.3083737191142755, 'I_gpi': 1.4695665538571732, 'noise_stn_sigma': 4.688409291430123, 'noise_gpe_sigma': 85.72885562700195, 'noise_gpi_sigma': 73.56425638941559, 'g_stn_gpe_mult': 3.6746144700533736, 'g_gpe_stn_mult': 0.14724906087434933, 'g_stn_gpi_mult': 2.514922006828944, 'g_gpe_gpi_mult': 0.30734537213745616}. Best is trial 144 with value: 0.9073438261862171.
[I 2026-05-28 21:17:27,359] Trial 332 finished with value: 7.839866541072856 and parameters: {'ISTN': 72.15771244201541, 'I_gpe': 1.1838599054165684, 'I_gpi': 1.4527761395244734, 'noise_stn_sigma': 4.635381685863936, 'noise_gpe_sigma': 80.67977819379638, 'noise_gpi_sigma': 83.26631829682859, 'g_stn_gpe_mult': 3.857474699026904, 'g_gpe_stn_mult': 0.14512452192795824, 'g_stn_gpi_mult': 2.825063463265873, 'g_gpe_gpi_mult': 0.2829223402062011}. Best is trial 144 with value: 0.9073438261862171.
[I 2026-05-28 21:17:28,382] Trial 333 finished with value: 7.6968471099155895 and parameters: {'ISTN': 80.68352815566988, 'I_gpe': 1.2200276168841848, 'I_gpi': 1.35360630776506, 'noise_stn_sigma': 5.1682567514123825, 'noise_gpe_sigma': 99.35706245990622, 'noise_gpi_sigma': 81.77774527231993, 'g_stn_gpe_mult': 3.758071837683161, 'g_gpe_stn_mult': 0.18498942812771887, 'g_stn_gpi_mult': 2.405053253554256, 'g_gpe_gpi_mult': 0.28612135902722047}. Best is trial 144 with value: 0.9073438261862171.
[I 2026-05-28 21:17:29,403] Trial 334 finished with value: 5.691091792677496 and parameters: {'ISTN': 80.35967552084364, 'I_gpe': 1.0344852586094726, 'I_gpi': 1.2750168000525839, 'noise_stn_sigma': 4.542643746265895, 'noise_gpe_sigma': 98.4439821057686, 'noise_gpi_sigma': 78.54479539359254, 'g_stn_gpe_mult': 3.6279016551969714, 'g_gpe_stn_mult': 0.13417945612254376, 'g_stn_gpi_mult': 2.1940614029984977, 'g_gpe_gpi_mult': 0.3034848513503122}. Best is trial 144 with value: 0.9073438261862171.
[I 2026-05-28 21:17:30,422] Trial 335 finished with value: 3.953432841104334 and parameters: {'ISTN': 74.35659456298136, 'I_gpe': 1.197284804974195, 'I_gpi': 1.434240313855493, 'noise_stn_sigma': 4.474290118434223, 'noise_gpe_sigma': 98.03486111244173, 'noise_gpi_sigma': 74.35739862823468, 'g_stn_gpe_mult': 3.7938870675715797, 'g_gpe_stn_mult': 0.1431688112272907, 'g_stn_gpi_mult': 2.5797804932215573, 'g_gpe_gpi_mult': 0.35560800374763035}. Best is trial 144 with value: 0.9073438261862171.
[I 2026-05-28 21:17:31,442] Trial 336 finished with value: 2.4621202395832773 and parameters: {'ISTN': 73.1161834986601, 'I_gpe': 1.0252463188627896, 'I_gpi': 1.0360955476663558, 'noise_stn_sigma': 4.988034746462352, 'noise_gpe_sigma': 95.3058172563043, 'noise_gpi_sigma': 83.72682387750156, 'g_stn_gpe_mult': 3.8228324373398097, 'g_gpe_stn_mult': 0.16406791077803956, 'g_stn_gpi_mult': 2.578918275714172, 'g_gpe_gpi_mult': 0.3533002268377099}. Best is trial 144 with value: 0.9073438261862171.
[I 2026-05-28 21:17:32,462] Trial 337 finished with value: 3.280573847034793 and parameters: {'ISTN': 74.66664193234482, 'I_gpe': 0.9012038663684905, 'I_gpi': 1.4663891504048912, 'noise_stn_sigma': 5.24210764881982, 'noise_gpe_sigma': 98.04538744264612, 'noise_gpi_sigma': 83.79116482913017, 'g_stn_gpe_mult': 3.763295784053154, 'g_gpe_stn_mult': 0.17740351587680298, 'g_stn_gpi_mult': 2.493660091001371, 'g_gpe_gpi_mult': 0.3129061280270147}. Best is trial 144 with value: 0.9073438261862171.
[I 2026-05-28 21:17:33,481] Trial 338 finished with value: 7.941383238249287 and parameters: {'ISTN': 74.50788711130888, 'I_gpe': 1.165187124621724, 'I_gpi': 1.2081031008662857, 'noise_stn_sigma': 4.567113320064352, 'noise_gpe_sigma': 97.05254033130932, 'noise_gpi_sigma': 80.55486589699461, 'g_stn_gpe_mult': 3.5628116979933893, 'g_gpe_stn_mult': 0.16460914294876677, 'g_stn_gpi_mult': 2.373237298956158, 'g_gpe_gpi_mult': 0.34475976896974814}. Best is trial 144 with value: 0.9073438261862171.
[I 2026-05-28 21:17:34,499] Trial 339 finished with value: 5.459600151646395 and parameters: {'ISTN': 76.9077224923133, 'I_gpe': 1.0116741539964416, 'I_gpi': 1.3423707202953812, 'noise_stn_sigma': 3.9617669535372695, 'noise_gpe_sigma': 93.52073194671969, 'noise_gpi_sigma': 84.50056837262755, 'g_stn_gpe_mult': 3.814013521883114, 'g_gpe_stn_mult': 0.17066370951055404, 'g_stn_gpi_mult': 2.417428805494541, 'g_gpe_gpi_mult': 0.35118068643681444}. Best is trial 144 with value: 0.9073438261862171.
[I 2026-05-28 21:17:35,523] Trial 340 finished with value: 6.301099459139865 and parameters: {'ISTN': 72.07139165342818, 'I_gpe': 0.9288182198605813, 'I_gpi': 1.1508130798498433, 'noise_stn_sigma': 4.5750581494279805, 'noise_gpe_sigma': 95.09093201709011, 'noise_gpi_sigma': 87.95991288805743, 'g_stn_gpe_mult': 3.841198365923119, 'g_gpe_stn_mult': 0.14525143121563253, 'g_stn_gpi_mult': 2.26277954220769, 'g_gpe_gpi_mult': 0.32731835824834166}. Best is trial 144 with value: 0.9073438261862171.
[I 2026-05-28 21:17:36,548] Trial 341 finished with value: 7.997556908594905 and parameters: {'ISTN': 75.80179808510393, 'I_gpe': 0.8751630323437409, 'I_gpi': 1.0492159412073703, 'noise_stn_sigma': 5.3255449280248435, 'noise_gpe_sigma': 102.63912219405012, 'noise_gpi_sigma': 79.8516304440233, 'g_stn_gpe_mult': 3.796632920040984, 'g_gpe_stn_mult': 0.15689758932530326, 'g_stn_gpi_mult': 2.464488002948386, 'g_gpe_gpi_mult': 0.3691985816846881}. Best is trial 144 with value: 0.9073438261862171.
[I 2026-05-28 21:17:37,569] Trial 342 finished with value: 11.757214958572934 and parameters: {'ISTN': 80.50708711159423, 'I_gpe': 0.955420808259902, 'I_gpi': 1.5045464107488375, 'noise_stn_sigma': 5.165908308751877, 'noise_gpe_sigma': 96.65923439381127, 'noise_gpi_sigma': 83.41776028351003, 'g_stn_gpe_mult': 3.5384247389065746, 'g_gpe_stn_mult': 0.17675392825327524, 'g_stn_gpi_mult': 2.4878062712835773, 'g_gpe_gpi_mult': 0.32698302664799805}. Best is trial 144 with value: 0.9073438261862171.
[I 2026-05-28 21:17:38,598] Trial 343 finished with value: 4.315426620381974 and parameters: {'ISTN': 73.1417959952127, 'I_gpe': 1.0223101112067672, 'I_gpi': 1.2699047198973115, 'noise_stn_sigma': 4.64041978686873, 'noise_gpe_sigma': 94.27235023086843, 'noise_gpi_sigma': 79.20980418660929, 'g_stn_gpe_mult': 3.9054821641377684, 'g_gpe_stn_mult': 0.13966313993245974, 'g_stn_gpi_mult': 2.3683667561616044, 'g_gpe_gpi_mult': 0.32594663861946305}. Best is trial 144 with value: 0.9073438261862171.
[I 2026-05-28 21:17:39,619] Trial 344 finished with value: 8.554095090603486 and parameters: {'ISTN': 75.91082989765545, 'I_gpe': 1.0619637397850359, 'I_gpi': 1.1943271143584702, 'noise_stn_sigma': 4.818985305109678, 'noise_gpe_sigma': 95.27272875777126, 'noise_gpi_sigma': 77.9144468752644, 'g_stn_gpe_mult': 3.79306574504628, 'g_gpe_stn_mult': 0.18788896579902647, 'g_stn_gpi_mult': 2.5755298973354273, 'g_gpe_gpi_mult': 0.32771796748439175}. Best is trial 144 with value: 0.9073438261862171.
[I 2026-05-28 21:17:40,638] Trial 345 finished with value: 13.714426554938132 and parameters: {'ISTN': 78.95036383735741, 'I_gpe': 0.9256899475031548, 'I_gpi': 1.4560080190279654, 'noise_stn_sigma': 5.114977661588806, 'noise_gpe_sigma': 96.06252914685102, 'noise_gpi_sigma': 83.1106502213512, 'g_stn_gpe_mult': 3.835438871335588, 'g_gpe_stn_mult': 0.1902375878748988, 'g_stn_gpi_mult': 2.4414116026876753, 'g_gpe_gpi_mult': 0.3410146887831633}. Best is trial 144 with value: 0.9073438261862171.
[I 2026-05-28 21:17:41,660] Trial 346 finished with value: 1.3994487597116134 and parameters: {'ISTN': 78.73646865732556, 'I_gpe': 1.0579197141739143, 'I_gpi': 1.5490663039785004, 'noise_stn_sigma': 4.88614214082923, 'noise_gpe_sigma': 106.96803555538318, 'noise_gpi_sigma': 72.05425119382645, 'g_stn_gpe_mult': 3.5957269589529495, 'g_gpe_stn_mult': 0.22092787281423076, 'g_stn_gpi_mult': 2.543922247790403, 'g_gpe_gpi_mult': 0.3439021721820861}. Best is trial 144 with value: 0.9073438261862171.
[I 2026-05-28 21:17:42,683] Trial 347 finished with value: 6.551483797861906 and parameters: {'ISTN': 77.37861056561755, 'I_gpe': 1.0787356045776777, 'I_gpi': 1.3095782377835687, 'noise_stn_sigma': 4.744670610030043, 'noise_gpe_sigma': 96.90698452676828, 'noise_gpi_sigma': 80.84888866181153, 'g_stn_gpe_mult': 3.663883480638161, 'g_gpe_stn_mult': 0.14647816583382128, 'g_stn_gpi_mult': 2.255499915757253, 'g_gpe_gpi_mult': 0.3596315981012571}. Best is trial 144 with value: 0.9073438261862171.
[I 2026-05-28 21:17:43,706] Trial 348 finished with value: 0.8336165651046656 and parameters: {'ISTN': 74.29238061352537, 'I_gpe': 1.0151673476726804, 'I_gpi': 1.349109958636837, 'noise_stn_sigma': 5.040219391817233, 'noise_gpe_sigma': 102.49651684957394, 'noise_gpi_sigma': 86.68506601625218, 'g_stn_gpe_mult': 3.7658927475482393, 'g_gpe_stn_mult': 0.17149012271882222, 'g_stn_gpi_mult': 2.5473988685599025, 'g_gpe_gpi_mult': 0.30192928048549295}. Best is trial 348 with value: 0.8336165651046656.
[I 2026-05-28 21:17:44,727] Trial 349 finished with value: 3.521224902541723 and parameters: {'ISTN': 76.47187427580094, 'I_gpe': 0.9942295647898822, 'I_gpi': 1.369266873056865, 'noise_stn_sigma': 4.451729016417165, 'noise_gpe_sigma': 94.5675983471818, 'noise_gpi_sigma': 82.78549686444109, 'g_stn_gpe_mult': 3.8676400879808837, 'g_gpe_stn_mult': 0.13403055731366437, 'g_stn_gpi_mult': 2.354659401438269, 'g_gpe_gpi_mult': 0.34459378171947475}. Best is trial 348 with value: 0.8336165651046656.
[I 2026-05-28 21:17:45,747] Trial 350 finished with value: 5.177183725207383 and parameters: {'ISTN': 67.8986668955189, 'I_gpe': 1.1601431991839553, 'I_gpi': 1.3044906366819533, 'noise_stn_sigma': 4.596983312961877, 'noise_gpe_sigma': 89.44270752952283, 'noise_gpi_sigma': 83.51040377270235, 'g_stn_gpe_mult': 3.636620932944461, 'g_gpe_stn_mult': 0.207436266947957, 'g_stn_gpi_mult': 2.374028998585131, 'g_gpe_gpi_mult': 0.3181026075591464}. Best is trial 348 with value: 0.8336165651046656.
[I 2026-05-28 21:17:46,777] Trial 351 finished with value: 6.872394135099104 and parameters: {'ISTN': 75.27488150349413, 'I_gpe': 1.0527987285339173, 'I_gpi': 1.408868352291063, 'noise_stn_sigma': 5.003873138506075, 'noise_gpe_sigma': 98.0171115515634, 'noise_gpi_sigma': 79.48785256027516, 'g_stn_gpe_mult': 3.854888948721902, 'g_gpe_stn_mult': 0.17437689649910432, 'g_stn_gpi_mult': 2.5776083028433945, 'g_gpe_gpi_mult': 0.31396354317707764}. Best is trial 348 with value: 0.8336165651046656.
