[I 2026-05-28 21:23:01,901] Trial 660 finished with value: 1.200625595321197 and parameters: {'ISTN': 78.30494045067681, 'I_gpe': 1.0844413756557858, 'I_gpi': 1.5957631488330226, 'noise_stn_sigma': 4.421711427719009, 'noise_gpe_sigma': 114.1371006114343, 'noise_gpi_sigma': 70.9028763745016, 'g_stn_gpe_mult': 3.6170434555711974, 'g_gpe_stn_mult': 0.19710611194245192, 'g_stn_gpi_mult': 1.9707966923780096, 'g_gpe_gpi_mult': 0.2675556791485012}. Best is trial 348 with value: 0.8336165651046656.
[I 2026-05-28 21:23:02,921] Trial 661 finished with value: 3.930278800901085 and parameters: {'ISTN': 79.42086760216598, 'I_gpe': 1.0630699805040669, 'I_gpi': 1.6628045899981672, 'noise_stn_sigma': 4.344784424014911, 'noise_gpe_sigma': 115.97830122575303, 'noise_gpi_sigma': 70.81374198402645, 'g_stn_gpe_mult': 3.5458582939427483, 'g_gpe_stn_mult': 0.18079423168814185, 'g_stn_gpi_mult': 1.9370009052659771, 'g_gpe_gpi_mult': 0.24151509988172626}. Best is trial 348 with value: 0.8336165651046656.
[I 2026-05-28 21:23:03,941] Trial 662 finished with value: 1.3293678902836874 and parameters: {'ISTN': 78.11112503099523, 'I_gpe': 1.0938702347484845, 'I_gpi': 1.6616346738985914, 'noise_stn_sigma': 4.301524311232281, 'noise_gpe_sigma': 114.30724632773564, 'noise_gpi_sigma': 76.53742984961528, 'g_stn_gpe_mult': 3.6004276622988476, 'g_gpe_stn_mult': 0.20060332013104382, 'g_stn_gpi_mult': 1.9523319915798072, 'g_gpe_gpi_mult': 0.26098611566657126}. Best is trial 348 with value: 0.8336165651046656.
[I 2026-05-28 21:23:04,961] Trial 663 finished with value: 1.2409892587824574 and parameters: {'ISTN': 78.92765251682003, 'I_gpe': 1.1284006791200178, 'I_gpi': 1.6159432839829364, 'noise_stn_sigma': 4.367189233059371, 'noise_gpe_sigma': 108.63199855472057, 'noise_gpi_sigma': 74.5990985170686, 'g_stn_gpe_mult': 3.6188908750011946, 'g_gpe_stn_mult': 0.2055513363284303, 'g_stn_gpi_mult': 2.0395570518138726, 'g_gpe_gpi_mult': 0.2519559574928907}. Best is trial 348 with value: 0.8336165651046656.
[I 2026-05-28 21:23:05,979] Trial 664 finished with value: 1.2124502409071047 and parameters: {'ISTN': 78.61855240147904, 'I_gpe': 1.1093505201841083, 'I_gpi': 1.575191157892125, 'noise_stn_sigma': 4.37601719092109, 'noise_gpe_sigma': 114.29379027680913, 'noise_gpi_sigma': 73.45422178680184, 'g_stn_gpe_mult': 3.5829056553774894, 'g_gpe_stn_mult': 0.1933724985033971, 'g_stn_gpi_mult': 1.9277352872259177, 'g_gpe_gpi_mult': 0.2293356388655072}. Best is trial 348 with value: 0.8336165651046656.
[I 2026-05-28 21:23:06,998] Trial 665 finished with value: 8.064888369279217 and parameters: {'ISTN': 80.00602362855341, 'I_gpe': 1.1473111575846373, 'I_gpi': 1.626213562634411, 'noise_stn_sigma': 4.420226872941913, 'noise_gpe_sigma': 112.094138500846, 'noise_gpi_sigma': 72.05694377439848, 'g_stn_gpe_mult': 3.5717008359626794, 'g_gpe_stn_mult': 0.20338587120270862, 'g_stn_gpi_mult': 2.0199984418334753, 'g_gpe_gpi_mult': 0.2575963832681649}. Best is trial 348 with value: 0.8336165651046656.
[I 2026-05-28 21:23:08,019] Trial 666 finished with value: 2.0575032305348238 and parameters: {'ISTN': 77.93006081333871, 'I_gpe': 1.1240822539766935, 'I_gpi': 1.772696737956509, 'noise_stn_sigma': 4.3416281489305995, 'noise_gpe_sigma': 115.11542013896613, 'noise_gpi_sigma': 70.22952760487499, 'g_stn_gpe_mult': 3.6082008108065575, 'g_gpe_stn_mult': 0.20265459118529972, 'g_stn_gpi_mult': 1.9311768960329454, 'g_gpe_gpi_mult': 0.24015488359296894}. Best is trial 348 with value: 0.8336165651046656.
[I 2026-05-28 21:23:09,039] Trial 667 finished with value: 1.504722595238734 and parameters: {'ISTN': 78.06364298685173, 'I_gpe': 1.0649614962593974, 'I_gpi': 1.6944931718563379, 'noise_stn_sigma': 4.492965688135627, 'noise_gpe_sigma': 112.04015409454506, 'noise_gpi_sigma': 71.55023210748182, 'g_stn_gpe_mult': 3.5933639076178205, 'g_gpe_stn_mult': 0.1944598642021022, 'g_stn_gpi_mult': 2.0093730068283864, 'g_gpe_gpi_mult': 0.2743021954089756}. Best is trial 348 with value: 0.8336165651046656.
[I 2026-05-28 21:23:10,058] Trial 668 finished with value: 1.2385569872059718 and parameters: {'ISTN': 78.86922819682523, 'I_gpe': 1.0652762407760383, 'I_gpi': 1.5708965356851592, 'noise_stn_sigma': 4.515499377340775, 'noise_gpe_sigma': 113.19053476512438, 'noise_gpi_sigma': 71.94738079299366, 'g_stn_gpe_mult': 3.589415067665386, 'g_gpe_stn_mult': 0.19353591593823127, 'g_stn_gpi_mult': 2.061592058055428, 'g_gpe_gpi_mult': 0.25163530136815393}. Best is trial 348 with value: 0.8336165651046656.
[I 2026-05-28 21:23:11,077] Trial 669 finished with value: 5.336015522919918 and parameters: {'ISTN': 77.58230839482903, 'I_gpe': 1.0845262792589203, 'I_gpi': 1.6533832280464962, 'noise_stn_sigma': 4.216436154446891, 'noise_gpe_sigma': 115.26905080224874, 'noise_gpi_sigma': 71.29437526060183, 'g_stn_gpe_mult': 3.6334829436906757, 'g_gpe_stn_mult': 0.18080137787452621, 'g_stn_gpi_mult': 1.872603028078406, 'g_gpe_gpi_mult': 0.2365976394798082}. Best is trial 348 with value: 0.8336165651046656.
[I 2026-05-28 21:23:12,096] Trial 670 finished with value: 1.5125381942456568 and parameters: {'ISTN': 78.27029626214093, 'I_gpe': 1.1045448189155493, 'I_gpi': 1.568600995338282, 'noise_stn_sigma': 4.396124467841572, 'noise_gpe_sigma': 115.4283100056424, 'noise_gpi_sigma': 71.66913427093178, 'g_stn_gpe_mult': 3.5136678070039027, 'g_gpe_stn_mult': 0.2081610501734943, 'g_stn_gpi_mult': 1.89400895170987, 'g_gpe_gpi_mult': 0.22815357857627974}. Best is trial 348 with value: 0.8336165651046656.
[I 2026-05-28 21:23:13,115] Trial 671 finished with value: 2.0316613481807964 and parameters: {'ISTN': 78.06392016623289, 'I_gpe': 1.0623329310968743, 'I_gpi': 1.4954660319173332, 'noise_stn_sigma': 4.269417819219859, 'noise_gpe_sigma': 116.44640328983748, 'noise_gpi_sigma': 74.0900399685647, 'g_stn_gpe_mult': 3.5508722945817945, 'g_gpe_stn_mult': 0.20242403276297005, 'g_stn_gpi_mult': 1.920804590252678, 'g_gpe_gpi_mult': 0.22735174810291806}. Best is trial 348 with value: 0.8336165651046656.
[I 2026-05-28 21:23:14,133] Trial 672 finished with value: 1.2468972495822592 and parameters: {'ISTN': 77.39675009342452, 'I_gpe': 1.1128596935117194, 'I_gpi': 1.624527869919595, 'noise_stn_sigma': 4.4390663140430044, 'noise_gpe_sigma': 112.21122278329088, 'noise_gpi_sigma': 72.61292790175621, 'g_stn_gpe_mult': 3.570501659122301, 'g_gpe_stn_mult': 0.20592408919294428, 'g_stn_gpi_mult': 1.9784316612552921, 'g_gpe_gpi_mult': 0.2433941719744305}. Best is trial 348 with value: 0.8336165651046656.
[I 2026-05-28 21:23:15,152] Trial 673 finished with value: 7.960864524707435 and parameters: {'ISTN': 75.92097691877926, 'I_gpe': 1.0940297917054922, 'I_gpi': 1.5123484815073165, 'noise_stn_sigma': 4.5328206053591344, 'noise_gpe_sigma': 116.48412643880212, 'noise_gpi_sigma': 74.96843627158506, 'g_stn_gpe_mult': 3.566949008682147, 'g_gpe_stn_mult': 0.20460417414349302, 'g_stn_gpi_mult': 1.8997872856067244, 'g_gpe_gpi_mult': 0.259584633300811}. Best is trial 348 with value: 0.8336165651046656.
[I 2026-05-28 21:23:16,170] Trial 674 finished with value: 3.349305438852558 and parameters: {'ISTN': 77.47029127983424, 'I_gpe': 1.122735473647186, 'I_gpi': 1.5781953627639038, 'noise_stn_sigma': 4.457631685315503, 'noise_gpe_sigma': 113.82186780845778, 'noise_gpi_sigma': 73.29893555649272, 'g_stn_gpe_mult': 3.534019730726019, 'g_gpe_stn_mult': 0.1917040832617623, 'g_stn_gpi_mult': 2.000159968096489, 'g_gpe_gpi_mult': 0.22097892230134858}. Best is trial 348 with value: 0.8336165651046656.
[I 2026-05-28 21:23:17,191] Trial 675 finished with value: 6.567524618002306 and parameters: {'ISTN': 77.71501551945988, 'I_gpe': 1.0873812895659112, 'I_gpi': 1.5756920092971005, 'noise_stn_sigma': 4.4246517730345785, 'noise_gpe_sigma': 112.1221263818478, 'noise_gpi_sigma': 75.52211204979946, 'g_stn_gpe_mult': 3.5810026932531294, 'g_gpe_stn_mult': 0.17874131056009263, 'g_stn_gpi_mult': 1.9771351440424159, 'g_gpe_gpi_mult': 0.25643399270770645}. Best is trial 348 with value: 0.8336165651046656.
[I 2026-05-28 21:23:18,210] Trial 676 finished with value: 2.677024980963732 and parameters: {'ISTN': 77.95676751330842, 'I_gpe': 1.0262895845963413, 'I_gpi': 1.4970893625214654, 'noise_stn_sigma': 4.522423070415908, 'noise_gpe_sigma': 116.28388678298926, 'noise_gpi_sigma': 71.28565912712202, 'g_stn_gpe_mult': 3.5370193192797554, 'g_gpe_stn_mult': 0.18450167677375387, 'g_stn_gpi_mult': 1.9693670590919163, 'g_gpe_gpi_mult': 0.24146210566015414}. Best is trial 348 with value: 0.8336165651046656.
[I 2026-05-28 21:23:19,229] Trial 677 finished with value: 1.341818043485783 and parameters: {'ISTN': 78.7438967674866, 'I_gpe': 1.110708126899853, 'I_gpi': 1.718267200283957, 'noise_stn_sigma': 4.534317327357326, 'noise_gpe_sigma': 114.47776643248976, 'noise_gpi_sigma': 70.5085113526415, 'g_stn_gpe_mult': 3.581521748558164, 'g_gpe_stn_mult': 0.19438893045634753, 'g_stn_gpi_mult': 1.9419026948130493, 'g_gpe_gpi_mult': 0.20670417547918224}. Best is trial 348 with value: 0.8336165651046656.
[I 2026-05-28 21:23:20,248] Trial 678 finished with value: 6.378316284523639 and parameters: {'ISTN': 77.41035237645897, 'I_gpe': 1.0299028777106964, 'I_gpi': 1.5126030543312772, 'noise_stn_sigma': 4.540898259850689, 'noise_gpe_sigma': 113.55719131439047, 'noise_gpi_sigma': 75.0308967808349, 'g_stn_gpe_mult': 3.6275528346109196, 'g_gpe_stn_mult': 0.18437457641111255, 'g_stn_gpi_mult': 1.936361556484544, 'g_gpe_gpi_mult': 0.23234824334968063}. Best is trial 348 with value: 0.8336165651046656.
[I 2026-05-28 21:23:21,268] Trial 679 finished with value: 1.6042585326202816 and parameters: {'ISTN': 79.25115587885674, 'I_gpe': 1.0897229744186974, 'I_gpi': 1.5855443656345316, 'noise_stn_sigma': 4.383474017791679, 'noise_gpe_sigma': 112.65792892596991, 'noise_gpi_sigma': 72.4309699149016, 'g_stn_gpe_mult': 3.5999276745712754, 'g_gpe_stn_mult': 0.19987849250913303, 'g_stn_gpi_mult': 1.8748962038307964, 'g_gpe_gpi_mult': 0.23152209080880437}. Best is trial 348 with value: 0.8336165651046656.
[I 2026-05-28 21:23:22,288] Trial 680 finished with value: 2.102105413815091 and parameters: {'ISTN': 77.58435856740002, 'I_gpe': 1.1275042257193642, 'I_gpi': 1.6333914679408585, 'noise_stn_sigma': 4.367850630898429, 'noise_gpe_sigma': 115.29104583916747, 'noise_gpi_sigma': 74.03720458285689, 'g_stn_gpe_mult': 3.606383537757437, 'g_gpe_stn_mult': 0.19626819073902552, 'g_stn_gpi_mult': 1.9142747832403826, 'g_gpe_gpi_mult': 0.22340545288782812}. Best is trial 348 with value: 0.8336165651046656.
[I 2026-05-28 21:23:23,307] Trial 681 finished with value: 1.450815253676133 and parameters: {'ISTN': 77.7499001347067, 'I_gpe': 1.1076969041905391, 'I_gpi': 1.468491169530043, 'noise_stn_sigma': 4.580305934843676, 'noise_gpe_sigma': 117.99136756689421, 'noise_gpi_sigma': 72.0476272784828, 'g_stn_gpe_mult': 3.634208345498636, 'g_gpe_stn_mult': 0.20216092734147315, 'g_stn_gpi_mult': 1.9375690395569913, 'g_gpe_gpi_mult': 0.23091087974342894}. Best is trial 348 with value: 0.8336165651046656.
[I 2026-05-28 21:23:24,324] Trial 682 finished with value: 1.4065971276298967 and parameters: {'ISTN': 78.24538771538376, 'I_gpe': 1.1022958383075023, 'I_gpi': 1.63040327459531, 'noise_stn_sigma': 4.453077738492581, 'noise_gpe_sigma': 111.4941698419081, 'noise_gpi_sigma': 73.12935409778984, 'g_stn_gpe_mult': 3.544027672685669, 'g_gpe_stn_mult': 0.19852081350930442, 'g_stn_gpi_mult': 1.8974113237534358, 'g_gpe_gpi_mult': 0.25574933834775604}. Best is trial 348 with value: 0.8336165651046656.
[I 2026-05-28 21:23:25,345] Trial 683 finished with value: 3.334363496946875 and parameters: {'ISTN': 77.31914258257221, 'I_gpe': 1.1341046057042703, 'I_gpi': 1.7545007443649765, 'noise_stn_sigma': 4.3437863868995175, 'noise_gpe_sigma': 111.60177665667196, 'noise_gpi_sigma': 74.25918275300077, 'g_stn_gpe_mult': 3.6003030646207144, 'g_gpe_stn_mult': 0.20004809099662468, 'g_stn_gpi_mult': 1.8775787301049225, 'g_gpe_gpi_mult': 0.20535328823899363}. Best is trial 348 with value: 0.8336165651046656.
[I 2026-05-28 21:23:26,363] Trial 684 finished with value: 3.333207679043816 and parameters: {'ISTN': 78.16851218454683, 'I_gpe': 1.1414268474685174, 'I_gpi': 1.6893442866975965, 'noise_stn_sigma': 4.431129709535329, 'noise_gpe_sigma': 115.06144811321604, 'noise_gpi_sigma': 68.65734560883885, 'g_stn_gpe_mult': 3.5461052846486427, 'g_gpe_stn_mult': 0.21203609197865297, 'g_stn_gpi_mult': 1.9593991833552729, 'g_gpe_gpi_mult': 0.2322021258528343}. Best is trial 348 with value: 0.8336165651046656.
[I 2026-05-28 21:23:27,382] Trial 685 finished with value: 1.2186149650037694 and parameters: {'ISTN': 78.43006728442626, 'I_gpe': 1.1041665095781537, 'I_gpi': 1.54208669710338, 'noise_stn_sigma': 4.529054523733704, 'noise_gpe_sigma': 112.26471497779626, 'noise_gpi_sigma': 73.86257879653682, 'g_stn_gpe_mult': 3.563791522973226, 'g_gpe_stn_mult': 0.1921113516020309, 'g_stn_gpi_mult': 1.961463307860235, 'g_gpe_gpi_mult': 0.2256138643964614}. Best is trial 348 with value: 0.8336165651046656.
[I 2026-05-28 21:23:28,400] Trial 686 finished with value: 2.4192421191932363 and parameters: {'ISTN': 78.06118464449591, 'I_gpe': 1.0914247732816182, 'I_gpi': 1.6444548555815406, 'noise_stn_sigma': 4.383688128467869, 'noise_gpe_sigma': 114.20964155477195, 'noise_gpi_sigma': 70.30048357369728, 'g_stn_gpe_mult': 3.5407640078548868, 'g_gpe_stn_mult': 0.21091519490145155, 'g_stn_gpi_mult': 1.9272723644846792, 'g_gpe_gpi_mult': 0.2236408876655883}. Best is trial 348 with value: 0.8336165651046656.
[I 2026-05-28 21:23:29,417] Trial 687 finished with value: 4.286742709162165 and parameters: {'ISTN': 77.8801354002933, 'I_gpe': 1.0857429748955492, 'I_gpi': 1.6774690112093573, 'noise_stn_sigma': 4.184124189145325, 'noise_gpe_sigma': 113.87158979792424, 'noise_gpi_sigma': 70.67277846693366, 'g_stn_gpe_mult': 3.530250532046609, 'g_gpe_stn_mult': 0.2100652246605807, 'g_stn_gpi_mult': 1.8432005688304423, 'g_gpe_gpi_mult': 0.22050400752833896}. Best is trial 348 with value: 0.8336165651046656.
[I 2026-05-28 21:23:30,434] Trial 688 finished with value: 1.163867465857656 and parameters: {'ISTN': 78.19728339099566, 'I_gpe': 1.113694806138891, 'I_gpi': 1.7293081345167596, 'noise_stn_sigma': 4.253017538765269, 'noise_gpe_sigma': 112.38941509176111, 'noise_gpi_sigma': 71.325981380793, 'g_stn_gpe_mult': 3.573181405601161, 'g_gpe_stn_mult': 0.20412614953338368, 'g_stn_gpi_mult': 1.958327931327136, 'g_gpe_gpi_mult': 0.2077746797227779}. Best is trial 348 with value: 0.8336165651046656.
[I 2026-05-28 21:23:31,455] Trial 689 finished with value: 1.177379657934598 and parameters: {'ISTN': 78.14332637229545, 'I_gpe': 1.0877578477410652, 'I_gpi': 1.7204898990485618, 'noise_stn_sigma': 4.736306121111779, 'noise_gpe_sigma': 115.19032487788586, 'noise_gpi_sigma': 69.6274620354167, 'g_stn_gpe_mult': 3.582677375205641, 'g_gpe_stn_mult': 0.20136632223179207, 'g_stn_gpi_mult': 1.9139349010703384, 'g_gpe_gpi_mult': 0.21525316658352392}. Best is trial 348 with value: 0.8336165651046656.
[I 2026-05-28 21:23:32,478] Trial 690 finished with value: 1.7382062509313436 and parameters: {'ISTN': 78.18727577521241, 'I_gpe': 1.1157815086358427, 'I_gpi': 1.6841642004583137, 'noise_stn_sigma': 4.575623682023041, 'noise_gpe_sigma': 114.5788798281479, 'noise_gpi_sigma': 71.0807736767676, 'g_stn_gpe_mult': 3.5289122915130156, 'g_gpe_stn_mult': 0.21810662388661242, 'g_stn_gpi_mult': 1.9066491996195967, 'g_gpe_gpi_mult': 0.2528557928596087}. Best is trial 348 with value: 0.8336165651046656.
[I 2026-05-28 21:23:33,496] Trial 691 finished with value: 4.49782529172141 and parameters: {'ISTN': 76.98473826668246, 'I_gpe': 1.143303870220895, 'I_gpi': 1.7671232233491865, 'noise_stn_sigma': 4.4563262047812575, 'noise_gpe_sigma': 112.41583782463209, 'noise_gpi_sigma': 70.93132902353602, 'g_stn_gpe_mult': 3.5666127789987683, 'g_gpe_stn_mult': 0.19746947418820066, 'g_stn_gpi_mult': 2.0177083627196737, 'g_gpe_gpi_mult': 0.21108694263072034}. Best is trial 348 with value: 0.8336165651046656.
[I 2026-05-28 21:23:34,515] Trial 692 finished with value: 1.2149020124965164 and parameters: {'ISTN': 78.47449134906891, 'I_gpe': 1.117922390125477, 'I_gpi': 1.634028546560626, 'noise_stn_sigma': 4.510698277053844, 'noise_gpe_sigma': 111.40503916156949, 'noise_gpi_sigma': 74.69069474484547, 'g_stn_gpe_mult': 3.5708562324975786, 'g_gpe_stn_mult': 0.20684317205473088, 'g_stn_gpi_mult': 2.0732026955402993, 'g_gpe_gpi_mult': 0.2126717176771787}. Best is trial 348 with value: 0.8336165651046656.
[I 2026-05-28 21:23:35,535] Trial 693 finished with value: 1.1665547789254047 and parameters: {'ISTN': 78.5002029941553, 'I_gpe': 1.083400251922437, 'I_gpi': 1.6328403745101783, 'noise_stn_sigma': 4.3936015088631075, 'noise_gpe_sigma': 111.33075042537578, 'noise_gpi_sigma': 74.85475063514556, 'g_stn_gpe_mult': 3.6346779946781096, 'g_gpe_stn_mult': 0.2011951389688295, 'g_stn_gpi_mult': 1.9888624754360655, 'g_gpe_gpi_mult': 0.2166726131630274}. Best is trial 348 with value: 0.8336165651046656.
[I 2026-05-28 21:23:36,555] Trial 694 finished with value: 2.077962948853589 and parameters: {'ISTN': 78.57955907958038, 'I_gpe': 1.1274820879615777, 'I_gpi': 1.6722882734278435, 'noise_stn_sigma': 4.281015462078388, 'noise_gpe_sigma': 111.66299737575554, 'noise_gpi_sigma': 70.32751410270524, 'g_stn_gpe_mult': 3.546280231657304, 'g_gpe_stn_mult': 0.20378123229663303, 'g_stn_gpi_mult': 2.006320731197812, 'g_gpe_gpi_mult': 0.20020595429130128}. Best is trial 348 with value: 0.8336165651046656.
[I 2026-05-28 21:23:37,574] Trial 695 finished with value: 1.2976969392368578 and parameters: {'ISTN': 77.80411777070893, 'I_gpe': 1.0996972502344158, 'I_gpi': 1.7001385351113685, 'noise_stn_sigma': 4.22101892721173, 'noise_gpe_sigma': 113.46285787261313, 'noise_gpi_sigma': 69.95732566333062, 'g_stn_gpe_mult': 3.526233994562376, 'g_gpe_stn_mult': 0.19885158790585555, 'g_stn_gpi_mult': 2.02529647427263, 'g_gpe_gpi_mult': 0.2279259996428411}. Best is trial 348 with value: 0.8336165651046656.
[I 2026-05-28 21:23:38,594] Trial 696 finished with value: 1.3247546458409223 and parameters: {'ISTN': 77.24185731977057, 'I_gpe': 1.100120312414838, 'I_gpi': 1.6695769486283756, 'noise_stn_sigma': 4.47288987579944, 'noise_gpe_sigma': 114.82727291369027, 'noise_gpi_sigma': 71.5154190448402, 'g_stn_gpe_mult': 3.4952863957377462, 'g_gpe_stn_mult': 0.21406663707310108, 'g_stn_gpi_mult': 1.9103438926977825, 'g_gpe_gpi_mult': 0.21107181877709028}. Best is trial 348 with value: 0.8336165651046656.
[I 2026-05-28 21:23:39,611] Trial 697 finished with value: 1.1972624248724257 and parameters: {'ISTN': 79.04273671586553, 'I_gpe': 1.1042651539148363, 'I_gpi': 1.8009543952794627, 'noise_stn_sigma': 4.599437754565724, 'noise_gpe_sigma': 113.85993363787449, 'noise_gpi_sigma': 70.4317096323945, 'g_stn_gpe_mult': 3.6238225851816805, 'g_gpe_stn_mult': 0.20493697940427322, 'g_stn_gpi_mult': 1.8840519318971785, 'g_gpe_gpi_mult': 0.20279339858352707}. Best is trial 348 with value: 0.8336165651046656.
[I 2026-05-28 21:23:40,633] Trial 698 finished with value: 1.1306301888845658 and parameters: {'ISTN': 77.77338844786269, 'I_gpe': 1.12381686188107, 'I_gpi': 1.6146378280458304, 'noise_stn_sigma': 4.514961071682766, 'noise_gpe_sigma': 114.10142832199706, 'noise_gpi_sigma': 71.41851744408746, 'g_stn_gpe_mult': 3.5230505605753324, 'g_gpe_stn_mult': 0.20163139830542737, 'g_stn_gpi_mult': 1.9836510239892213, 'g_gpe_gpi_mult': 0.23784109234244072}. Best is trial 348 with value: 0.8336165651046656.
[I 2026-05-28 21:23:41,654] Trial 699 finished with value: 3.6316242882064254 and parameters: {'ISTN': 77.98441202124197, 'I_gpe': 1.0727879479977687, 'I_gpi': 1.7283181360547164, 'noise_stn_sigma': 4.48844567715744, 'noise_gpe_sigma': 110.41572870724391, 'noise_gpi_sigma': 75.20426234818973, 'g_stn_gpe_mult': 3.5909905668563527, 'g_gpe_stn_mult': 0.19545867849949033, 'g_stn_gpi_mult': 1.995876370048128, 'g_gpe_gpi_mult': 0.2310380917953526}. Best is trial 348 with value: 0.8336165651046656.
[I 2026-05-28 21:23:42,672] Trial 700 finished with value: 1.189910190063125 and parameters: {'ISTN': 78.55383646590316, 'I_gpe': 1.1200985154492407, 'I_gpi': 1.7382295942462735, 'noise_stn_sigma': 4.493405964923031, 'noise_gpe_sigma': 112.06901583509045, 'noise_gpi_sigma': 72.43377245491371, 'g_stn_gpe_mult': 3.634074425546219, 'g_gpe_stn_mult': 0.1982459652867074, 'g_stn_gpi_mult': 1.9543841956578256, 'g_gpe_gpi_mult': 0.2488654946992423}. Best is trial 348 with value: 0.8336165651046656.
[I 2026-05-28 21:23:43,691] Trial 701 finished with value: 3.9300037756173634 and parameters: {'ISTN': 78.47976681202198, 'I_gpe': 1.1037491610129324, 'I_gpi': 1.649859367994409, 'noise_stn_sigma': 4.520245653725558, 'noise_gpe_sigma': 110.57111165400357, 'noise_gpi_sigma': 72.26493328904269, 'g_stn_gpe_mult': 3.6093326993468478, 'g_gpe_stn_mult': 0.1878077677335383, 'g_stn_gpi_mult': 2.027615314817014, 'g_gpe_gpi_mult': 0.20619565246723978}. Best is trial 348 with value: 0.8336165651046656.
[I 2026-05-28 21:23:44,708] Trial 702 finished with value: 2.7941665825485247 and parameters: {'ISTN': 77.41356385607519, 'I_gpe': 1.1001876869716625, 'I_gpi': 1.636032426658401, 'noise_stn_sigma': 4.553054806257114, 'noise_gpe_sigma': 112.22252660574392, 'noise_gpi_sigma': 70.89230147730999, 'g_stn_gpe_mult': 3.5946042252497454, 'g_gpe_stn_mult': 0.19676746439865622, 'g_stn_gpi_mult': 1.948049475943682, 'g_gpe_gpi_mult': 0.2095069283655794}. Best is trial 348 with value: 0.8336165651046656.
[I 2026-05-28 21:23:45,728] Trial 703 finished with value: 1.19635534797285 and parameters: {'ISTN': 78.96532002143007, 'I_gpe': 1.080035426867873, 'I_gpi': 1.6274095390754073, 'noise_stn_sigma': 4.373022269268056, 'noise_gpe_sigma': 113.78543077218413, 'noise_gpi_sigma': 73.82273605051438, 'g_stn_gpe_mult': 3.609534614390877, 'g_gpe_stn_mult': 0.1956081388749097, 'g_stn_gpi_mult': 1.9645214998555325, 'g_gpe_gpi_mult': 0.236321112909347}. Best is trial 348 with value: 0.8336165651046656.
