[I 2026-05-28 21:14:03,545] Trial 132 finished with value: 8.221124184950757 and parameters: {'ISTN': 74.9320198671105, 'I_gpe': 1.6207496793017686, 'I_gpi': 1.791640975490986, 'noise_stn_sigma': 4.156318884449828, 'noise_gpe_sigma': 97.38487307279958, 'noise_gpi_sigma': 94.00431778018435, 'g_stn_gpe_mult': 3.353872907971896, 'g_gpe_stn_mult': 0.2255402002648628, 'g_stn_gpi_mult': 2.7778656444438528, 'g_gpe_gpi_mult': 0.5402103652583887}. Best is trial 86 with value: 1.0376820003329708.
[I 2026-05-28 21:14:04,574] Trial 133 finished with value: 12.266797547470963 and parameters: {'ISTN': 63.08718978546819, 'I_gpe': 2.0634605509976645, 'I_gpi': 1.7136443136116892, 'noise_stn_sigma': 2.281821011274755, 'noise_gpe_sigma': 111.6838513211508, 'noise_gpi_sigma': 53.21729839298728, 'g_stn_gpe_mult': 2.3173827969505667, 'g_gpe_stn_mult': 0.26676527103673897, 'g_stn_gpi_mult': 2.852594544856789, 'g_gpe_gpi_mult': 0.36080265892715957}. Best is trial 86 with value: 1.0376820003329708.
[I 2026-05-28 21:14:05,596] Trial 134 finished with value: 6.727383626767267 and parameters: {'ISTN': 81.46956597231815, 'I_gpe': 1.162022363554571, 'I_gpi': 2.359066954448504, 'noise_stn_sigma': 4.950056991060105, 'noise_gpe_sigma': 109.66143086088022, 'noise_gpi_sigma': 84.43371198866377, 'g_stn_gpe_mult': 3.8233522455227136, 'g_gpe_stn_mult': 0.14059089136309538, 'g_stn_gpi_mult': 2.409589080161123, 'g_gpe_gpi_mult': 0.4434304978907285}. Best is trial 86 with value: 1.0376820003329708.
[I 2026-05-28 21:14:06,613] Trial 135 finished with value: 12.978454069224593 and parameters: {'ISTN': 95.25305257358383, 'I_gpe': 1.7953914679678113, 'I_gpi': 2.4017785691730262, 'noise_stn_sigma': 5.006878669436984, 'noise_gpe_sigma': 94.43308380814024, 'noise_gpi_sigma': 53.6766149529276, 'g_stn_gpe_mult': 2.8762889367066755, 'g_gpe_stn_mult': 0.10756909510179101, 'g_stn_gpi_mult': 2.698319129684226, 'g_gpe_gpi_mult': 0.5800268774759527}. Best is trial 86 with value: 1.0376820003329708.
[I 2026-05-28 21:14:07,634] Trial 136 finished with value: 6.740039426941648 and parameters: {'ISTN': 77.3647720617139, 'I_gpe': 1.1320103579864815, 'I_gpi': 2.139502197977009, 'noise_stn_sigma': 5.1066083951307935, 'noise_gpe_sigma': 98.79245155982372, 'noise_gpi_sigma': 97.53511403102408, 'g_stn_gpe_mult': 3.577102046388431, 'g_gpe_stn_mult': 0.13865528409435246, 'g_stn_gpi_mult': 1.8299676597470564, 'g_gpe_gpi_mult': 0.4168049031192578}. Best is trial 86 with value: 1.0376820003329708.
[I 2026-05-28 21:14:08,593] Trial 137 finished with value: 1000000.0 and parameters: {'ISTN': 74.27847458709253, 'I_gpe': 0.576582873750197, 'I_gpi': 1.7372505390408104, 'noise_stn_sigma': 3.821994462994984, 'noise_gpe_sigma': 103.357018897472, 'noise_gpi_sigma': 78.34363161482379, 'g_stn_gpe_mult': 3.7114169365973044, 'g_gpe_stn_mult': 0.12658983533562143, 'g_stn_gpi_mult': 2.0960911869198693, 'g_gpe_gpi_mult': 0.34241167007404344}. Best is trial 86 with value: 1.0376820003329708.
[I 2026-05-28 21:14:09,615] Trial 138 finished with value: 15.900366306099672 and parameters: {'ISTN': 90.23405235964222, 'I_gpe': 1.6745171563329118, 'I_gpi': 1.3390436180056557, 'noise_stn_sigma': 3.1275655618791385, 'noise_gpe_sigma': 82.76371144855653, 'noise_gpi_sigma': 48.5825723873872, 'g_stn_gpe_mult': 2.8949377319524383, 'g_gpe_stn_mult': 0.16047108022054185, 'g_stn_gpi_mult': 2.3820627354622568, 'g_gpe_gpi_mult': 0.21413214331677374}. Best is trial 86 with value: 1.0376820003329708.
[I 2026-05-28 21:14:10,632] Trial 139 finished with value: 8.80650885426676 and parameters: {'ISTN': 67.46552621052123, 'I_gpe': 1.4367073893110258, 'I_gpi': 1.7057470550924632, 'noise_stn_sigma': 5.792527500937538, 'noise_gpe_sigma': 118.17984498453868, 'noise_gpi_sigma': 67.56488131513653, 'g_stn_gpe_mult': 3.4398613882452858, 'g_gpe_stn_mult': 0.16428813954441884, 'g_stn_gpi_mult': 2.10859408264915, 'g_gpe_gpi_mult': 0.31628565012924403}. Best is trial 86 with value: 1.0376820003329708.
[I 2026-05-28 21:14:11,654] Trial 140 finished with value: 9.020463696310102 and parameters: {'ISTN': 76.84130837769271, 'I_gpe': 1.4315610452245964, 'I_gpi': 2.246019514600678, 'noise_stn_sigma': 3.8775683294298835, 'noise_gpe_sigma': 119.00119615537197, 'noise_gpi_sigma': 57.20126039576623, 'g_stn_gpe_mult': 3.299324956715573, 'g_gpe_stn_mult': 0.2215972736545332, 'g_stn_gpi_mult': 2.6374800471581814, 'g_gpe_gpi_mult': 0.3254079772422632}. Best is trial 86 with value: 1.0376820003329708.
[I 2026-05-28 21:14:12,674] Trial 141 finished with value: 8.663082602424213 and parameters: {'ISTN': 92.36603792779545, 'I_gpe': 1.3201720788060265, 'I_gpi': 2.308932564882318, 'noise_stn_sigma': 4.389347456779841, 'noise_gpe_sigma': 105.45626059900998, 'noise_gpi_sigma': 94.232457579531, 'g_stn_gpe_mult': 3.731895771269336, 'g_gpe_stn_mult': 0.19280604152957287, 'g_stn_gpi_mult': 2.154761751706998, 'g_gpe_gpi_mult': 0.6299736674459179}. Best is trial 86 with value: 1.0376820003329708.
[I 2026-05-28 21:14:13,707] Trial 142 finished with value: 6.05445788737002 and parameters: {'ISTN': 74.1701671612312, 'I_gpe': 1.3546459593793037, 'I_gpi': 1.6828569406274008, 'noise_stn_sigma': 5.223262164026405, 'noise_gpe_sigma': 101.70733619494756, 'noise_gpi_sigma': 47.50367113030116, 'g_stn_gpe_mult': 3.230701543714656, 'g_gpe_stn_mult': 0.17315466109107636, 'g_stn_gpi_mult': 2.8477482114507757, 'g_gpe_gpi_mult': 0.354770910615981}. Best is trial 86 with value: 1.0376820003329708.
[I 2026-05-28 21:14:14,728] Trial 143 finished with value: 4.584515471243648 and parameters: {'ISTN': 78.80006802711343, 'I_gpe': 1.016598307445809, 'I_gpi': 2.768498462253099, 'noise_stn_sigma': 3.1079369604624154, 'noise_gpe_sigma': 110.94799376699302, 'noise_gpi_sigma': 60.97905860543743, 'g_stn_gpe_mult': 3.701328151091802, 'g_gpe_stn_mult': 0.16684655402184076, 'g_stn_gpi_mult': 2.229603169775551, 'g_gpe_gpi_mult': 0.6903237639711381}. Best is trial 86 with value: 1.0376820003329708.
[I 2026-05-28 21:14:15,750] Trial 144 finished with value: 0.9073438261862171 and parameters: {'ISTN': 71.99552778214147, 'I_gpe': 0.9365053463220157, 'I_gpi': 1.0086488313336113, 'noise_stn_sigma': 4.458535354859244, 'noise_gpe_sigma': 115.40823287834165, 'noise_gpi_sigma': 85.21824624747501, 'g_stn_gpe_mult': 4.333190101344522, 'g_gpe_stn_mult': 0.1755656258888213, 'g_stn_gpi_mult': 2.437200862964585, 'g_gpe_gpi_mult': 0.6171238616152968}. Best is trial 144 with value: 0.9073438261862171.
[I 2026-05-28 21:14:16,768] Trial 145 finished with value: 5.9991712531866925 and parameters: {'ISTN': 62.78298667490225, 'I_gpe': 0.531007940955668, 'I_gpi': 1.805135447382482, 'noise_stn_sigma': 2.7614095401798426, 'noise_gpe_sigma': 121.94202140671506, 'noise_gpi_sigma': 97.48909121150375, 'g_stn_gpe_mult': 3.9126122079907364, 'g_gpe_stn_mult': 0.10829616679075255, 'g_stn_gpi_mult': 2.2987425171045297, 'g_gpe_gpi_mult': 0.4506535983988307}. Best is trial 144 with value: 0.9073438261862171.
[I 2026-05-28 21:14:17,788] Trial 146 finished with value: 7.747405074306258 and parameters: {'ISTN': 70.52444198548014, 'I_gpe': 0.9199160004074056, 'I_gpi': 1.9415092257617785, 'noise_stn_sigma': 3.9009843596514484, 'noise_gpe_sigma': 87.62697671445386, 'noise_gpi_sigma': 82.01235977003518, 'g_stn_gpe_mult': 2.8554471375267116, 'g_gpe_stn_mult': 0.2632370836573089, 'g_stn_gpi_mult': 2.3318638206227087, 'g_gpe_gpi_mult': 0.4591447225196338}. Best is trial 144 with value: 0.9073438261862171.
[I 2026-05-28 21:14:18,808] Trial 147 finished with value: 5.131353793657775 and parameters: {'ISTN': 72.91871484450668, 'I_gpe': 0.7190490480342833, 'I_gpi': 2.405960841365505, 'noise_stn_sigma': 2.6812163666647617, 'noise_gpe_sigma': 103.27711599234766, 'noise_gpi_sigma': 98.49434490539512, 'g_stn_gpe_mult': 3.511603148206726, 'g_gpe_stn_mult': 0.12040812994227286, 'g_stn_gpi_mult': 2.7034651140932477, 'g_gpe_gpi_mult': 0.30674741936832983}. Best is trial 144 with value: 0.9073438261862171.
[I 2026-05-28 21:14:19,826] Trial 148 finished with value: 6.624492097770069 and parameters: {'ISTN': 71.93281803890736, 'I_gpe': 0.8398334186890724, 'I_gpi': 1.7070962181835936, 'noise_stn_sigma': 4.755294452593134, 'noise_gpe_sigma': 95.12575368166036, 'noise_gpi_sigma': 57.767079444985825, 'g_stn_gpe_mult': 3.8771755931410814, 'g_gpe_stn_mult': 0.25794519503705626, 'g_stn_gpi_mult': 2.6290469400918597, 'g_gpe_gpi_mult': 0.43965022062562786}. Best is trial 144 with value: 0.9073438261862171.
[I 2026-05-28 21:14:20,844] Trial 149 finished with value: 2.254833754543028 and parameters: {'ISTN': 67.10965325485894, 'I_gpe': 0.5539461182617358, 'I_gpi': 2.2104438810589673, 'noise_stn_sigma': 3.6843706360160144, 'noise_gpe_sigma': 80.69019034963901, 'noise_gpi_sigma': 103.90213600158, 'g_stn_gpe_mult': 3.4396197655820764, 'g_gpe_stn_mult': 0.14740573171831184, 'g_stn_gpi_mult': 3.2820344049459966, 'g_gpe_gpi_mult': 0.46694504427118294}. Best is trial 144 with value: 0.9073438261862171.
[I 2026-05-28 21:14:21,862] Trial 150 finished with value: 3.907481968737575 and parameters: {'ISTN': 79.95062362004575, 'I_gpe': 1.0733006121525444, 'I_gpi': 1.8308606539418124, 'noise_stn_sigma': 3.076424782279427, 'noise_gpe_sigma': 115.52236674678569, 'noise_gpi_sigma': 75.5611922965432, 'g_stn_gpe_mult': 3.224805092428227, 'g_gpe_stn_mult': 0.12694242746516282, 'g_stn_gpi_mult': 2.391098641891694, 'g_gpe_gpi_mult': 0.23314008861210367}. Best is trial 144 with value: 0.9073438261862171.
[I 2026-05-28 21:14:22,883] Trial 151 finished with value: 1.6290013401824734 and parameters: {'ISTN': 70.20829101953875, 'I_gpe': 1.0921852790534898, 'I_gpi': 1.8495439407025884, 'noise_stn_sigma': 4.31620928190507, 'noise_gpe_sigma': 101.64915189108163, 'noise_gpi_sigma': 77.79463825493832, 'g_stn_gpe_mult': 3.7196106000201565, 'g_gpe_stn_mult': 0.2274439879136714, 'g_stn_gpi_mult': 2.918228924701464, 'g_gpe_gpi_mult': 0.5867324110133137}. Best is trial 144 with value: 0.9073438261862171.
[I 2026-05-28 21:14:23,907] Trial 152 finished with value: 6.230093080586906 and parameters: {'ISTN': 90.21782621717242, 'I_gpe': 1.0603113639181259, 'I_gpi': 2.1504895092341316, 'noise_stn_sigma': 4.533872042561367, 'noise_gpe_sigma': 89.88605671180056, 'noise_gpi_sigma': 85.12091673311481, 'g_stn_gpe_mult': 3.210033628249514, 'g_gpe_stn_mult': 0.12151581520839186, 'g_stn_gpi_mult': 2.767640358329426, 'g_gpe_gpi_mult': 0.6133209499349175}. Best is trial 144 with value: 0.9073438261862171.
[I 2026-05-28 21:14:24,929] Trial 153 finished with value: 9.970605117490402 and parameters: {'ISTN': 61.94978053785235, 'I_gpe': 0.8734704218916581, 'I_gpi': 1.811576827688457, 'noise_stn_sigma': 4.207202789651655, 'noise_gpe_sigma': 110.24378258683925, 'noise_gpi_sigma': 96.31995524560548, 'g_stn_gpe_mult': 4.10676238202587, 'g_gpe_stn_mult': 0.23145101131858065, 'g_stn_gpi_mult': 2.715224562313884, 'g_gpe_gpi_mult': 0.41740091424734954}. Best is trial 144 with value: 0.9073438261862171.
[I 2026-05-28 21:14:25,951] Trial 154 finished with value: 8.243597205206955 and parameters: {'ISTN': 64.75740108185533, 'I_gpe': 0.8623095513405616, 'I_gpi': 1.3083549319451675, 'noise_stn_sigma': 5.9183072168036155, 'noise_gpe_sigma': 127.93755636351264, 'noise_gpi_sigma': 66.36900371534995, 'g_stn_gpe_mult': 3.7939298002300816, 'g_gpe_stn_mult': 0.22636042699052064, 'g_stn_gpi_mult': 2.5130125610195617, 'g_gpe_gpi_mult': 0.4192537083389908}. Best is trial 144 with value: 0.9073438261862171.
[I 2026-05-28 21:14:26,975] Trial 155 finished with value: 5.007811577968647 and parameters: {'ISTN': 75.27521085944633, 'I_gpe': 1.402775965075251, 'I_gpi': 1.4630921795104204, 'noise_stn_sigma': 4.432925176640957, 'noise_gpe_sigma': 119.05464383279, 'noise_gpi_sigma': 79.5814246508902, 'g_stn_gpe_mult': 3.5973319270801207, 'g_gpe_stn_mult': 0.13977235713692282, 'g_stn_gpi_mult': 2.414290632709682, 'g_gpe_gpi_mult': 0.5086822978783733}. Best is trial 144 with value: 0.9073438261862171.
[I 2026-05-28 21:14:27,996] Trial 156 finished with value: 3.928180280679149 and parameters: {'ISTN': 60.11819282262057, 'I_gpe': 1.1819587233325248, 'I_gpi': 2.191569383769395, 'noise_stn_sigma': 4.372166963261259, 'noise_gpe_sigma': 120.82888953665412, 'noise_gpi_sigma': 95.95619007460652, 'g_stn_gpe_mult': 3.8618938874640363, 'g_gpe_stn_mult': 0.21897786255946394, 'g_stn_gpi_mult': 2.1597015274277487, 'g_gpe_gpi_mult': 0.6575663911734495}. Best is trial 144 with value: 0.9073438261862171.
[I 2026-05-28 21:14:29,016] Trial 157 finished with value: 2.46690218139392 and parameters: {'ISTN': 70.77231204765638, 'I_gpe': 1.008095317754767, 'I_gpi': 1.601873170077762, 'noise_stn_sigma': 2.7321242451960073, 'noise_gpe_sigma': 91.7899500429122, 'noise_gpi_sigma': 75.97775526832203, 'g_stn_gpe_mult': 4.116126281963531, 'g_gpe_stn_mult': 0.15884616879973054, 'g_stn_gpi_mult': 2.3156429813170565, 'g_gpe_gpi_mult': 0.4513742402896135}. Best is trial 144 with value: 0.9073438261862171.
[I 2026-05-28 21:14:30,037] Trial 158 finished with value: 9.006779905011634 and parameters: {'ISTN': 71.47664157331252, 'I_gpe': 1.2075958368949107, 'I_gpi': 2.6816887980295587, 'noise_stn_sigma': 2.124882801944013, 'noise_gpe_sigma': 105.2745182403681, 'noise_gpi_sigma': 61.286646062908154, 'g_stn_gpe_mult': 4.05124873844321, 'g_gpe_stn_mult': 0.2123002134046014, 'g_stn_gpi_mult': 2.5944278028096552, 'g_gpe_gpi_mult': 0.4578058719719387}. Best is trial 144 with value: 0.9073438261862171.
[I 2026-05-28 21:14:31,058] Trial 159 finished with value: 1.7900266100649742 and parameters: {'ISTN': 75.41765260273552, 'I_gpe': 1.2509446128397115, 'I_gpi': 2.499597487439547, 'noise_stn_sigma': 4.604993174971053, 'noise_gpe_sigma': 97.01911997372147, 'noise_gpi_sigma': 103.72486848805372, 'g_stn_gpe_mult': 3.6653345220237163, 'g_gpe_stn_mult': 0.1620408597168803, 'g_stn_gpi_mult': 2.4922235155209105, 'g_gpe_gpi_mult': 0.51821549760028}. Best is trial 144 with value: 0.9073438261862171.
[I 2026-05-28 21:14:32,077] Trial 160 finished with value: 2.4804874656428986 and parameters: {'ISTN': 82.98995938570968, 'I_gpe': 1.299393724132847, 'I_gpi': 1.5630043692282243, 'noise_stn_sigma': 5.083429668259148, 'noise_gpe_sigma': 97.08309201467019, 'noise_gpi_sigma': 95.49870652744633, 'g_stn_gpe_mult': 4.640182061942382, 'g_gpe_stn_mult': 0.25109248836778836, 'g_stn_gpi_mult': 2.4354620822971254, 'g_gpe_gpi_mult': 0.5590536324541276}. Best is trial 144 with value: 0.9073438261862171.
[I 2026-05-28 21:14:33,098] Trial 161 finished with value: 14.50258921694394 and parameters: {'ISTN': 76.16846204958325, 'I_gpe': 1.817789938494552, 'I_gpi': 1.4454133698242377, 'noise_stn_sigma': 3.9584129438777356, 'noise_gpe_sigma': 86.82431376765834, 'noise_gpi_sigma': 90.08324665135277, 'g_stn_gpe_mult': 4.024154182496787, 'g_gpe_stn_mult': 0.227908895831011, 'g_stn_gpi_mult': 2.2325436021874716, 'g_gpe_gpi_mult': 0.5957864718652386}. Best is trial 144 with value: 0.9073438261862171.
[I 2026-05-28 21:14:34,116] Trial 162 finished with value: 8.724798429822645 and parameters: {'ISTN': 75.17418692572215, 'I_gpe': 0.9490870507213035, 'I_gpi': 1.4653326764721495, 'noise_stn_sigma': 3.244015058980594, 'noise_gpe_sigma': 100.55333266604927, 'noise_gpi_sigma': 72.18937645315299, 'g_stn_gpe_mult': 3.655481045992947, 'g_gpe_stn_mult': 0.12055318247409863, 'g_stn_gpi_mult': 2.544800604116392, 'g_gpe_gpi_mult': 0.3240503510968783}. Best is trial 144 with value: 0.9073438261862171.
[I 2026-05-28 21:14:35,141] Trial 163 finished with value: 5.909675724562418 and parameters: {'ISTN': 74.90729417866594, 'I_gpe': 0.9953906464796437, 'I_gpi': 2.061441971443157, 'noise_stn_sigma': 4.040684430899743, 'noise_gpe_sigma': 99.20702543875228, 'noise_gpi_sigma': 75.71120934362821, 'g_stn_gpe_mult': 3.666057296650473, 'g_gpe_stn_mult': 0.11536629424891552, 'g_stn_gpi_mult': 3.2237204179088255, 'g_gpe_gpi_mult': 0.49304495438149176}. Best is trial 144 with value: 0.9073438261862171.
[I 2026-05-28 21:14:36,165] Trial 164 finished with value: 4.363973776213142 and parameters: {'ISTN': 74.41146900581272, 'I_gpe': 0.8410494351632467, 'I_gpi': 1.69160571657156, 'noise_stn_sigma': 3.4238533309859167, 'noise_gpe_sigma': 91.82244995790373, 'noise_gpi_sigma': 71.2986261986045, 'g_stn_gpe_mult': 4.008680115039494, 'g_gpe_stn_mult': 0.20844193357749935, 'g_stn_gpi_mult': 2.47919409381718, 'g_gpe_gpi_mult': 0.5567952973296564}. Best is trial 144 with value: 0.9073438261862171.
[I 2026-05-28 21:14:37,186] Trial 165 finished with value: 10.960418814920164 and parameters: {'ISTN': 68.09676015509059, 'I_gpe': 0.8522704436840172, 'I_gpi': 2.5550788621122216, 'noise_stn_sigma': 4.494070502037374, 'noise_gpe_sigma': 107.4457583077278, 'noise_gpi_sigma': 59.02932564109288, 'g_stn_gpe_mult': 4.005437304886056, 'g_gpe_stn_mult': 0.2252106466776832, 'g_stn_gpi_mult': 2.5723700007270307, 'g_gpe_gpi_mult': 0.37517196269368713}. Best is trial 144 with value: 0.9073438261862171.
[I 2026-05-28 21:14:38,145] Trial 166 finished with value: 1000000.0 and parameters: {'ISTN': 80.92289141799344, 'I_gpe': 0.9834573484517928, 'I_gpi': 1.796046601566442, 'noise_stn_sigma': 4.778046834779715, 'noise_gpe_sigma': 89.47348364408548, 'noise_gpi_sigma': 91.60840241515001, 'g_stn_gpe_mult': 4.230750057090125, 'g_gpe_stn_mult': 0.16452327288250415, 'g_stn_gpi_mult': 2.656401631417398, 'g_gpe_gpi_mult': 0.49113297795868194}. Best is trial 144 with value: 0.9073438261862171.
[I 2026-05-28 21:14:39,162] Trial 167 finished with value: 6.869081349670405 and parameters: {'ISTN': 77.57981032500295, 'I_gpe': 1.1872636630380842, 'I_gpi': 1.3508190063763796, 'noise_stn_sigma': 4.048243820415594, 'noise_gpe_sigma': 94.86308640287147, 'noise_gpi_sigma': 86.31906087918134, 'g_stn_gpe_mult': 3.474077852419582, 'g_gpe_stn_mult': 0.1861605825010037, 'g_stn_gpi_mult': 2.414403251959059, 'g_gpe_gpi_mult': 0.4415768389489407}. Best is trial 144 with value: 0.9073438261862171.
[I 2026-05-28 21:14:40,182] Trial 168 finished with value: 10.102912845246866 and parameters: {'ISTN': 77.62282499013416, 'I_gpe': 1.1340952796754937, 'I_gpi': 1.541959288281808, 'noise_stn_sigma': 3.4706652981803168, 'noise_gpe_sigma': 85.92173716549806, 'noise_gpi_sigma': 78.04424235177089, 'g_stn_gpe_mult': 3.4308713838553944, 'g_gpe_stn_mult': 0.2106448839522404, 'g_stn_gpi_mult': 2.5562967489791513, 'g_gpe_gpi_mult': 0.4729317573299803}. Best is trial 144 with value: 0.9073438261862171.
[I 2026-05-28 21:14:41,202] Trial 169 finished with value: 7.428722413080161 and parameters: {'ISTN': 78.53928719693857, 'I_gpe': 1.6973746938301004, 'I_gpi': 2.5576425842976303, 'noise_stn_sigma': 3.1079546600007166, 'noise_gpe_sigma': 94.57107244214852, 'noise_gpi_sigma': 89.99835154454196, 'g_stn_gpe_mult': 4.210650319272596, 'g_gpe_stn_mult': 0.13076270853245076, 'g_stn_gpi_mult': 2.456144291317192, 'g_gpe_gpi_mult': 0.41208598133892754}. Best is trial 144 with value: 0.9073438261862171.
[I 2026-05-28 21:14:42,221] Trial 170 finished with value: 9.098880857524277 and parameters: {'ISTN': 86.0511800040014, 'I_gpe': 1.427714253634214, 'I_gpi': 1.8865193617662939, 'noise_stn_sigma': 3.5659882893788617, 'noise_gpe_sigma': 87.79894548020383, 'noise_gpi_sigma': 100.35370952745627, 'g_stn_gpe_mult': 2.8760497900581408, 'g_gpe_stn_mult': 0.13858500621516537, 'g_stn_gpi_mult': 2.44260281190219, 'g_gpe_gpi_mult': 0.522333630750877}. Best is trial 144 with value: 0.9073438261862171.
[I 2026-05-28 21:14:43,240] Trial 171 finished with value: 8.755041007870672 and parameters: {'ISTN': 79.16891207921992, 'I_gpe': 1.504636305769563, 'I_gpi': 2.411378661724398, 'noise_stn_sigma': 4.30696089724777, 'noise_gpe_sigma': 105.88295150139453, 'noise_gpi_sigma': 96.50391162776963, 'g_stn_gpe_mult': 3.6547412384678672, 'g_gpe_stn_mult': 0.22730783759671638, 'g_stn_gpi_mult': 2.905523252971398, 'g_gpe_gpi_mult': 0.5759255773006172}. Best is trial 144 with value: 0.9073438261862171.
[I 2026-05-28 21:14:44,260] Trial 172 finished with value: 6.358976249762435 and parameters: {'ISTN': 67.66355448895952, 'I_gpe': 0.9396850291129091, 'I_gpi': 1.9703030697825032, 'noise_stn_sigma': 3.020404685982165, 'noise_gpe_sigma': 98.68314863404228, 'noise_gpi_sigma': 65.17053323447098, 'g_stn_gpe_mult': 3.9245277477377, 'g_gpe_stn_mult': 0.20060508024843582, 'g_stn_gpi_mult': 3.1956639827694895, 'g_gpe_gpi_mult': 0.5932738153167632}. Best is trial 144 with value: 0.9073438261862171.
[I 2026-05-28 21:14:45,281] Trial 173 finished with value: 12.31267979365636 and parameters: {'ISTN': 87.91407393110228, 'I_gpe': 1.3811722115100808, 'I_gpi': 2.0048757221964593, 'noise_stn_sigma': 4.857928269578039, 'noise_gpe_sigma': 94.18726091768535, 'noise_gpi_sigma': 72.01480211635422, 'g_stn_gpe_mult': 3.803123932305998, 'g_gpe_stn_mult': 0.16141357247811114, 'g_stn_gpi_mult': 2.3726617403913957, 'g_gpe_gpi_mult': 0.35781459287724127}. Best is trial 144 with value: 0.9073438261862171.
[I 2026-05-28 21:14:46,303] Trial 174 finished with value: 7.646804042894891 and parameters: {'ISTN': 80.69197919992277, 'I_gpe': 1.2277821808736185, 'I_gpi': 2.120799070947724, 'noise_stn_sigma': 3.679584069358418, 'noise_gpe_sigma': 104.28973016305703, 'noise_gpi_sigma': 79.4309936042821, 'g_stn_gpe_mult': 3.414625517792389, 'g_gpe_stn_mult': 0.11362385990235055, 'g_stn_gpi_mult': 2.6187951364006143, 'g_gpe_gpi_mult': 0.5578418818849011}. Best is trial 144 with value: 0.9073438261862171.
[I 2026-05-28 21:14:47,324] Trial 175 finished with value: 8.884941038979411 and parameters: {'ISTN': 83.04025138879645, 'I_gpe': 1.3063350974591708, 'I_gpi': 1.6444143545791248, 'noise_stn_sigma': 2.0470896276270256, 'noise_gpe_sigma': 99.32165974590893, 'noise_gpi_sigma': 81.44863041476432, 'g_stn_gpe_mult': 3.750670884130391, 'g_gpe_stn_mult': 0.16233884614407712, 'g_stn_gpi_mult': 2.721293191567666, 'g_gpe_gpi_mult': 0.3899367133810579}. Best is trial 144 with value: 0.9073438261862171.
