[I 2026-05-28 21:23:46,748] Trial 704 finished with value: 1.1895537172117987 and parameters: {'ISTN': 78.36524990103014, 'I_gpe': 1.1153173741160334, 'I_gpi': 1.626308623164806, 'noise_stn_sigma': 4.138406842567549, 'noise_gpe_sigma': 109.86007145929803, 'noise_gpi_sigma': 72.53933102084315, 'g_stn_gpe_mult': 3.660851606533522, 'g_gpe_stn_mult': 0.2020029885311263, 'g_stn_gpi_mult': 2.0072135088835226, 'g_gpe_gpi_mult': 0.20704395919774318}. Best is trial 348 with value: 0.8336165651046656.
[I 2026-05-28 21:23:47,766] Trial 705 finished with value: 1.8516745877283651 and parameters: {'ISTN': 77.93760325202037, 'I_gpe': 1.07844553549753, 'I_gpi': 1.575079441816628, 'noise_stn_sigma': 4.498588855109629, 'noise_gpe_sigma': 112.86624047994141, 'noise_gpi_sigma': 71.25474996263884, 'g_stn_gpe_mult': 3.6008749865066982, 'g_gpe_stn_mult': 0.19809786006837948, 'g_stn_gpi_mult': 1.9728404900267178, 'g_gpe_gpi_mult': 0.23215245701113146}. Best is trial 348 with value: 0.8336165651046656.
[I 2026-05-28 21:23:48,785] Trial 706 finished with value: 1.3266459830711426 and parameters: {'ISTN': 77.80817393054568, 'I_gpe': 1.1243455067124293, 'I_gpi': 1.64311830752768, 'noise_stn_sigma': 4.436399622025796, 'noise_gpe_sigma': 114.37942236217191, 'noise_gpi_sigma': 72.50590627078586, 'g_stn_gpe_mult': 3.593679648342124, 'g_gpe_stn_mult': 0.21135424526099644, 'g_stn_gpi_mult': 1.9936113769516917, 'g_gpe_gpi_mult': 0.2318134019720627}. Best is trial 348 with value: 0.8336165651046656.
[I 2026-05-28 21:23:49,802] Trial 707 finished with value: 1.453073874173152 and parameters: {'ISTN': 78.30361628093624, 'I_gpe': 1.1298287693498565, 'I_gpi': 1.6324472885272219, 'noise_stn_sigma': 4.548297612605474, 'noise_gpe_sigma': 114.75320627294599, 'noise_gpi_sigma': 71.16117916174576, 'g_stn_gpe_mult': 3.5311823646064155, 'g_gpe_stn_mult': 0.20115552352605587, 'g_stn_gpi_mult': 1.9934061924933273, 'g_gpe_gpi_mult': 0.2283860383368652}. Best is trial 348 with value: 0.8336165651046656.
[I 2026-05-28 21:23:50,822] Trial 708 finished with value: 1.2644872274668404 and parameters: {'ISTN': 80.06779441328258, 'I_gpe': 1.1208366516766148, 'I_gpi': 1.6731888003989157, 'noise_stn_sigma': 4.520861403815777, 'noise_gpe_sigma': 113.90878330318702, 'noise_gpi_sigma': 71.38118304242208, 'g_stn_gpe_mult': 3.566065139880262, 'g_gpe_stn_mult': 0.19358185485539464, 'g_stn_gpi_mult': 1.964985110657727, 'g_gpe_gpi_mult': 0.25303315273901494}. Best is trial 348 with value: 0.8336165651046656.
[I 2026-05-28 21:23:51,840] Trial 709 finished with value: 1.163956084276415 and parameters: {'ISTN': 77.96943581346365, 'I_gpe': 1.1012191010668486, 'I_gpi': 1.7269910643452153, 'noise_stn_sigma': 4.584430002898459, 'noise_gpe_sigma': 116.24538628332161, 'noise_gpi_sigma': 70.40215003858981, 'g_stn_gpe_mult': 3.5775130336766403, 'g_gpe_stn_mult': 0.2036509186177027, 'g_stn_gpi_mult': 1.911334043173094, 'g_gpe_gpi_mult': 0.24695501056120392}. Best is trial 348 with value: 0.8336165651046656.
[I 2026-05-28 21:23:52,861] Trial 710 finished with value: 1.2246745342025829 and parameters: {'ISTN': 78.82756480879199, 'I_gpe': 1.1323263944564341, 'I_gpi': 1.6050546406485708, 'noise_stn_sigma': 4.4634612987372595, 'noise_gpe_sigma': 112.22851096304015, 'noise_gpi_sigma': 71.39783760537406, 'g_stn_gpe_mult': 3.5476137816081184, 'g_gpe_stn_mult': 0.19454815956668675, 'g_stn_gpi_mult': 2.055331653796429, 'g_gpe_gpi_mult': 0.2511659077472381}. Best is trial 348 with value: 0.8336165651046656.
[I 2026-05-28 21:23:53,879] Trial 711 finished with value: 1.8701160137235404 and parameters: {'ISTN': 78.6761306483256, 'I_gpe': 1.09643849595869, 'I_gpi': 1.6497860769215034, 'noise_stn_sigma': 4.361906771219685, 'noise_gpe_sigma': 114.81024083357363, 'noise_gpi_sigma': 72.29691801654097, 'g_stn_gpe_mult': 3.5692307152586746, 'g_gpe_stn_mult': 0.21225595015230803, 'g_stn_gpi_mult': 1.9434780746344487, 'g_gpe_gpi_mult': 0.22109549114475285}. Best is trial 348 with value: 0.8336165651046656.
[I 2026-05-28 21:23:54,896] Trial 712 finished with value: 2.073656543482075 and parameters: {'ISTN': 78.75694070437527, 'I_gpe': 1.1368800864056001, 'I_gpi': 1.7698724065570393, 'noise_stn_sigma': 4.4011226590532235, 'noise_gpe_sigma': 111.11426466869091, 'noise_gpi_sigma': 72.0672401677189, 'g_stn_gpe_mult': 3.6399518540366724, 'g_gpe_stn_mult': 0.20518713704434305, 'g_stn_gpi_mult': 1.9341328720803297, 'g_gpe_gpi_mult': 0.23341032774446852}. Best is trial 348 with value: 0.8336165651046656.
[I 2026-05-28 21:23:55,914] Trial 713 finished with value: 1.7865257463321331 and parameters: {'ISTN': 78.73356832685684, 'I_gpe': 1.1119270085643445, 'I_gpi': 1.6597715235813983, 'noise_stn_sigma': 4.39351252156403, 'noise_gpe_sigma': 113.07442116390361, 'noise_gpi_sigma': 72.47568293266295, 'g_stn_gpe_mult': 3.6441943927719045, 'g_gpe_stn_mult': 0.19794413414969922, 'g_stn_gpi_mult': 1.953576146529004, 'g_gpe_gpi_mult': 0.23127034078771908}. Best is trial 348 with value: 0.8336165651046656.
[I 2026-05-28 21:23:56,934] Trial 714 finished with value: 2.7016718939268705 and parameters: {'ISTN': 77.72582562208714, 'I_gpe': 1.1620025878446727, 'I_gpi': 1.6131874277847904, 'noise_stn_sigma': 4.361795867220044, 'noise_gpe_sigma': 112.82495093598608, 'noise_gpi_sigma': 71.74528964543676, 'g_stn_gpe_mult': 3.5543221313479227, 'g_gpe_stn_mult': 0.20308709270551656, 'g_stn_gpi_mult': 1.95540893576537, 'g_gpe_gpi_mult': 0.25530632473428033}. Best is trial 348 with value: 0.8336165651046656.
[I 2026-05-28 21:23:57,955] Trial 715 finished with value: 2.352441734203773 and parameters: {'ISTN': 78.0129356864409, 'I_gpe': 1.0677417192585672, 'I_gpi': 1.6071592157813432, 'noise_stn_sigma': 4.269713689194427, 'noise_gpe_sigma': 112.45422401391961, 'noise_gpi_sigma': 70.57893563373526, 'g_stn_gpe_mult': 3.6251235323657847, 'g_gpe_stn_mult': 0.19149129638797385, 'g_stn_gpi_mult': 1.9225759008719197, 'g_gpe_gpi_mult': 0.24440536791863865}. Best is trial 348 with value: 0.8336165651046656.
[I 2026-05-28 21:23:58,976] Trial 716 finished with value: 2.016968358027187 and parameters: {'ISTN': 78.60839500459083, 'I_gpe': 1.0970172340080167, 'I_gpi': 1.6869557241533157, 'noise_stn_sigma': 4.2689075535559695, 'noise_gpe_sigma': 113.96601206001995, 'noise_gpi_sigma': 70.47043561015707, 'g_stn_gpe_mult': 3.58700369538443, 'g_gpe_stn_mult': 0.19162090340558635, 'g_stn_gpi_mult': 1.991810112315988, 'g_gpe_gpi_mult': 0.2263970371528855}. Best is trial 348 with value: 0.8336165651046656.
[I 2026-05-28 21:23:59,999] Trial 717 finished with value: 1.1792172246919737 and parameters: {'ISTN': 77.8922393755831, 'I_gpe': 1.1438988474515253, 'I_gpi': 1.6467178744856303, 'noise_stn_sigma': 4.380934247837325, 'noise_gpe_sigma': 113.71407790294612, 'noise_gpi_sigma': 74.25955286194224, 'g_stn_gpe_mult': 3.5716161786846063, 'g_gpe_stn_mult': 0.2062424393392194, 'g_stn_gpi_mult': 1.9793188073252548, 'g_gpe_gpi_mult': 0.22809024978984677}. Best is trial 348 with value: 0.8336165651046656.
[I 2026-05-28 21:24:01,018] Trial 718 finished with value: 1.511019271878418 and parameters: {'ISTN': 79.99855480566953, 'I_gpe': 1.1021279685707424, 'I_gpi': 1.6296446108867455, 'noise_stn_sigma': 4.411752588947323, 'noise_gpe_sigma': 112.67227790855728, 'noise_gpi_sigma': 72.30354325146283, 'g_stn_gpe_mult': 3.5717530945649694, 'g_gpe_stn_mult': 0.1944636413862916, 'g_stn_gpi_mult': 1.9618954288106294, 'g_gpe_gpi_mult': 0.23732339942328992}. Best is trial 348 with value: 0.8336165651046656.
[I 2026-05-28 21:24:02,036] Trial 719 finished with value: 1.1921365304330753 and parameters: {'ISTN': 78.39555198099588, 'I_gpe': 1.1082935320470306, 'I_gpi': 1.742215098124219, 'noise_stn_sigma': 4.413963466488681, 'noise_gpe_sigma': 113.49066595012742, 'noise_gpi_sigma': 72.19868396386447, 'g_stn_gpe_mult': 3.603086838091832, 'g_gpe_stn_mult': 0.20554479475425058, 'g_stn_gpi_mult': 1.941901559913422, 'g_gpe_gpi_mult': 0.20808393046289134}. Best is trial 348 with value: 0.8336165651046656.
[I 2026-05-28 21:24:03,052] Trial 720 finished with value: 1.1754111583224602 and parameters: {'ISTN': 78.20670669995401, 'I_gpe': 1.0815075557497633, 'I_gpi': 1.595173180098985, 'noise_stn_sigma': 4.391993259311103, 'noise_gpe_sigma': 115.12158203048814, 'noise_gpi_sigma': 71.17183887022307, 'g_stn_gpe_mult': 3.6237007197683715, 'g_gpe_stn_mult': 0.2038682531160821, 'g_stn_gpi_mult': 1.9395636782583756, 'g_gpe_gpi_mult': 0.24142568255418595}. Best is trial 348 with value: 0.8336165651046656.
[I 2026-05-28 21:24:04,073] Trial 721 finished with value: 1.6090177150424494 and parameters: {'ISTN': 77.44777457853407, 'I_gpe': 1.0799175647833656, 'I_gpi': 1.6709254893635976, 'noise_stn_sigma': 4.387486798128628, 'noise_gpe_sigma': 115.712806215666, 'noise_gpi_sigma': 71.35013806112775, 'g_stn_gpe_mult': 3.570249778567061, 'g_gpe_stn_mult': 0.21237372729962697, 'g_stn_gpi_mult': 1.9133164565064902, 'g_gpe_gpi_mult': 0.22480912215399843}. Best is trial 348 with value: 0.8336165651046656.
[I 2026-05-28 21:24:05,091] Trial 722 finished with value: 1.6270784882978395 and parameters: {'ISTN': 78.7085222347491, 'I_gpe': 1.104100149312008, 'I_gpi': 1.6663067929266349, 'noise_stn_sigma': 4.433384193555227, 'noise_gpe_sigma': 115.98450263336454, 'noise_gpi_sigma': 71.90313562511635, 'g_stn_gpe_mult': 3.6068797660317835, 'g_gpe_stn_mult': 0.20013119331154336, 'g_stn_gpi_mult': 1.8879029238183294, 'g_gpe_gpi_mult': 0.2125189495677531}. Best is trial 348 with value: 0.8336165651046656.
[I 2026-05-28 21:24:06,110] Trial 723 finished with value: 1.800971658758126 and parameters: {'ISTN': 78.51907371006544, 'I_gpe': 1.1170388857889417, 'I_gpi': 1.7009731788720108, 'noise_stn_sigma': 4.467792708343856, 'noise_gpe_sigma': 114.96737015546094, 'noise_gpi_sigma': 71.16846021426176, 'g_stn_gpe_mult': 3.62693159193404, 'g_gpe_stn_mult': 0.2066044790307388, 'g_stn_gpi_mult': 1.9499198465120398, 'g_gpe_gpi_mult': 0.24211998565974033}. Best is trial 348 with value: 0.8336165651046656.
[I 2026-05-28 21:24:07,128] Trial 724 finished with value: 2.2938115535655874 and parameters: {'ISTN': 80.13220363501269, 'I_gpe': 1.098914031449628, 'I_gpi': 1.68281712007435, 'noise_stn_sigma': 4.358061428194836, 'noise_gpe_sigma': 116.39155085859561, 'noise_gpi_sigma': 68.847342023838, 'g_stn_gpe_mult': 3.55498796308994, 'g_gpe_stn_mult': 0.19008838776659964, 'g_stn_gpi_mult': 1.9381386345954978, 'g_gpe_gpi_mult': 0.23113871234488192}. Best is trial 348 with value: 0.8336165651046656.
[I 2026-05-28 21:24:08,146] Trial 725 finished with value: 1.5759065574804827 and parameters: {'ISTN': 79.43986772607299, 'I_gpe': 1.1166862269204114, 'I_gpi': 1.5475296735233046, 'noise_stn_sigma': 4.4047700005064705, 'noise_gpe_sigma': 113.90253763729879, 'noise_gpi_sigma': 71.64536135558012, 'g_stn_gpe_mult': 3.579371803944672, 'g_gpe_stn_mult': 0.2017735628431735, 'g_stn_gpi_mult': 1.978398914293966, 'g_gpe_gpi_mult': 0.2455185309070469}. Best is trial 348 with value: 0.8336165651046656.
[I 2026-05-28 21:24:09,163] Trial 726 finished with value: 3.084737375015035 and parameters: {'ISTN': 79.06850573421698, 'I_gpe': 1.096604640632063, 'I_gpi': 1.6577693608015784, 'noise_stn_sigma': 4.574243654838132, 'noise_gpe_sigma': 116.01886495076795, 'noise_gpi_sigma': 72.24643849492838, 'g_stn_gpe_mult': 3.499808491999764, 'g_gpe_stn_mult': 0.20470686554923512, 'g_stn_gpi_mult': 1.9257438630879056, 'g_gpe_gpi_mult': 0.20325264744761948}. Best is trial 348 with value: 0.8336165651046656.
[I 2026-05-28 21:24:10,181] Trial 727 finished with value: 1.1841032847763324 and parameters: {'ISTN': 77.5681333381791, 'I_gpe': 1.1047249104188166, 'I_gpi': 1.5697783372899434, 'noise_stn_sigma': 4.4401177994685455, 'noise_gpe_sigma': 114.35312917244077, 'noise_gpi_sigma': 73.71128875913159, 'g_stn_gpe_mult': 3.600171578227693, 'g_gpe_stn_mult': 0.21354044021266166, 'g_stn_gpi_mult': 1.929853836354054, 'g_gpe_gpi_mult': 0.22666861824151588}. Best is trial 348 with value: 0.8336165651046656.
[I 2026-05-28 21:24:11,198] Trial 728 finished with value: 3.1087024051461434 and parameters: {'ISTN': 78.67830132962513, 'I_gpe': 1.1206853443039573, 'I_gpi': 1.5781272391045542, 'noise_stn_sigma': 4.342380578696739, 'noise_gpe_sigma': 114.5555762848629, 'noise_gpi_sigma': 72.6258100851972, 'g_stn_gpe_mult': 3.637095333142438, 'g_gpe_stn_mult': 0.20133463724618791, 'g_stn_gpi_mult': 1.978119832204135, 'g_gpe_gpi_mult': 0.22152314491691782}. Best is trial 348 with value: 0.8336165651046656.
[I 2026-05-28 21:24:12,216] Trial 729 finished with value: 1.1712004207505289 and parameters: {'ISTN': 78.10131862908938, 'I_gpe': 1.1078984267291054, 'I_gpi': 1.6899440277379623, 'noise_stn_sigma': 4.453269026524463, 'noise_gpe_sigma': 114.74076961310678, 'noise_gpi_sigma': 71.00600989358067, 'g_stn_gpe_mult': 3.615218679794208, 'g_gpe_stn_mult': 0.20112701550649276, 'g_stn_gpi_mult': 1.9354500247642352, 'g_gpe_gpi_mult': 0.24095899282755873}. Best is trial 348 with value: 0.8336165651046656.
[I 2026-05-28 21:24:13,234] Trial 730 finished with value: 1.1796644839305601 and parameters: {'ISTN': 77.67205789963555, 'I_gpe': 1.116570913791916, 'I_gpi': 1.5907013124300204, 'noise_stn_sigma': 4.433833197082193, 'noise_gpe_sigma': 114.56355023046027, 'noise_gpi_sigma': 73.46638120506336, 'g_stn_gpe_mult': 3.5978455771459266, 'g_gpe_stn_mult': 0.21080237293032417, 'g_stn_gpi_mult': 2.0376507591338715, 'g_gpe_gpi_mult': 0.24137417306186468}. Best is trial 348 with value: 0.8336165651046656.
[I 2026-05-28 21:24:14,254] Trial 731 finished with value: 1.2081605781826372 and parameters: {'ISTN': 78.60750152406175, 'I_gpe': 1.1103340984408532, 'I_gpi': 1.6693188343202487, 'noise_stn_sigma': 4.3924572398256645, 'noise_gpe_sigma': 112.06511441276248, 'noise_gpi_sigma': 72.72687294086884, 'g_stn_gpe_mult': 3.5951094511964845, 'g_gpe_stn_mult': 0.2003493305988286, 'g_stn_gpi_mult': 2.0279922391598735, 'g_gpe_gpi_mult': 0.23481438821098974}. Best is trial 348 with value: 0.8336165651046656.
[I 2026-05-28 21:24:15,272] Trial 732 finished with value: 1.1444590504898844 and parameters: {'ISTN': 77.07882853607433, 'I_gpe': 1.1219643822044616, 'I_gpi': 1.6379011860639858, 'noise_stn_sigma': 4.450024017795755, 'noise_gpe_sigma': 113.81671797844663, 'noise_gpi_sigma': 70.79604494965906, 'g_stn_gpe_mult': 3.588054555749155, 'g_gpe_stn_mult': 0.21440608581518095, 'g_stn_gpi_mult': 2.0139025919328786, 'g_gpe_gpi_mult': 0.2361541868253826}. Best is trial 348 with value: 0.8336165651046656.
[I 2026-05-28 21:24:16,292] Trial 733 finished with value: 1.2391005931361618 and parameters: {'ISTN': 77.51265249620522, 'I_gpe': 1.1106180062142657, 'I_gpi': 1.5806103106805496, 'noise_stn_sigma': 4.517263546964135, 'noise_gpe_sigma': 116.14521343140602, 'noise_gpi_sigma': 71.88632930234417, 'g_stn_gpe_mult': 3.5220337122716523, 'g_gpe_stn_mult': 0.21619805127622604, 'g_stn_gpi_mult': 1.9408337053764064, 'g_gpe_gpi_mult': 0.2590789680560777}. Best is trial 348 with value: 0.8336165651046656.
[I 2026-05-28 21:24:17,316] Trial 734 finished with value: 1.2218194830306965 and parameters: {'ISTN': 77.99628387270876, 'I_gpe': 1.1035664840721857, 'I_gpi': 1.6191106942115367, 'noise_stn_sigma': 4.393703414586222, 'noise_gpe_sigma': 115.66183925427451, 'noise_gpi_sigma': 74.13118229201056, 'g_stn_gpe_mult': 3.5873641892172556, 'g_gpe_stn_mult': 0.21667984484558345, 'g_stn_gpi_mult': 1.9640088020241246, 'g_gpe_gpi_mult': 0.24811428144073489}. Best is trial 348 with value: 0.8336165651046656.
[I 2026-05-28 21:24:18,337] Trial 735 finished with value: 1.2004150483933245 and parameters: {'ISTN': 77.5276851174644, 'I_gpe': 1.1070420262183307, 'I_gpi': 1.628822572234351, 'noise_stn_sigma': 4.458930149571799, 'noise_gpe_sigma': 115.84321205589566, 'noise_gpi_sigma': 71.02224068137858, 'g_stn_gpe_mult': 3.577510360942392, 'g_gpe_stn_mult': 0.22250347533185233, 'g_stn_gpi_mult': 1.93875653254768, 'g_gpe_gpi_mult': 0.23026406631449645}. Best is trial 348 with value: 0.8336165651046656.
[I 2026-05-28 21:24:19,356] Trial 736 finished with value: 1.2041642844790583 and parameters: {'ISTN': 78.28208886581399, 'I_gpe': 1.0908555544176692, 'I_gpi': 1.6593784644202934, 'noise_stn_sigma': 4.42347933325318, 'noise_gpe_sigma': 117.5383774418977, 'noise_gpi_sigma': 71.20912766029869, 'g_stn_gpe_mult': 3.606397574091197, 'g_gpe_stn_mult': 0.21082642884128505, 'g_stn_gpi_mult': 1.8695763644402859, 'g_gpe_gpi_mult': 0.21727548414250591}. Best is trial 348 with value: 0.8336165651046656.
[I 2026-05-28 21:24:20,376] Trial 737 finished with value: 2.7879867030241297 and parameters: {'ISTN': 78.0570032390731, 'I_gpe': 1.1219469227871475, 'I_gpi': 1.655789179687842, 'noise_stn_sigma': 4.437883405183655, 'noise_gpe_sigma': 116.18372417288975, 'noise_gpi_sigma': 71.18270986761651, 'g_stn_gpe_mult': 3.561806946778456, 'g_gpe_stn_mult': 0.2125455193182024, 'g_stn_gpi_mult': 1.952981354713741, 'g_gpe_gpi_mult': 0.23436319813702003}. Best is trial 348 with value: 0.8336165651046656.
[I 2026-05-28 21:24:21,395] Trial 738 finished with value: 3.31490854511335 and parameters: {'ISTN': 77.37306826515378, 'I_gpe': 1.1288677311863218, 'I_gpi': 1.6440661252708284, 'noise_stn_sigma': 4.391532620617722, 'noise_gpe_sigma': 114.90340298754964, 'noise_gpi_sigma': 72.55770324718964, 'g_stn_gpe_mult': 3.6233647979470875, 'g_gpe_stn_mult': 0.20505448284677866, 'g_stn_gpi_mult': 1.9692596235046955, 'g_gpe_gpi_mult': 0.2630735236879332}. Best is trial 348 with value: 0.8336165651046656.
[I 2026-05-28 21:24:22,415] Trial 739 finished with value: 2.622337550358872 and parameters: {'ISTN': 77.29197990309967, 'I_gpe': 1.144385727950138, 'I_gpi': 1.6651162769531918, 'noise_stn_sigma': 4.476042595762559, 'noise_gpe_sigma': 113.84798054981476, 'noise_gpi_sigma': 72.17242098249146, 'g_stn_gpe_mult': 3.608051504175231, 'g_gpe_stn_mult': 0.20868144196903554, 'g_stn_gpi_mult': 1.954050361721456, 'g_gpe_gpi_mult': 0.23487438919372772}. Best is trial 348 with value: 0.8336165651046656.
[I 2026-05-28 21:24:23,435] Trial 740 finished with value: 6.945776586127872 and parameters: {'ISTN': 78.37537705674333, 'I_gpe': 1.130258306098, 'I_gpi': 1.6022099697624517, 'noise_stn_sigma': 4.333601116050605, 'noise_gpe_sigma': 112.14351149620595, 'noise_gpi_sigma': 72.8002898403472, 'g_stn_gpe_mult': 3.6466167579745745, 'g_gpe_stn_mult': 0.2048998187983611, 'g_stn_gpi_mult': 2.017663348129982, 'g_gpe_gpi_mult': 0.25826051092078767}. Best is trial 348 with value: 0.8336165651046656.
[I 2026-05-28 21:24:24,455] Trial 741 finished with value: 1.1799934686786395 and parameters: {'ISTN': 78.01934144091864, 'I_gpe': 1.1020798634095745, 'I_gpi': 1.647345878913828, 'noise_stn_sigma': 4.440992009176086, 'noise_gpe_sigma': 115.41261888720283, 'noise_gpi_sigma': 69.96219136223567, 'g_stn_gpe_mult': 3.6231231746274872, 'g_gpe_stn_mult': 0.20715709391009546, 'g_stn_gpi_mult': 1.9433013447916505, 'g_gpe_gpi_mult': 0.23913043721748434}. Best is trial 348 with value: 0.8336165651046656.
[I 2026-05-28 21:24:25,474] Trial 742 finished with value: 1.1772441390716988 and parameters: {'ISTN': 77.88131266543421, 'I_gpe': 1.1130730992199591, 'I_gpi': 1.597241312962312, 'noise_stn_sigma': 4.4154763142845965, 'noise_gpe_sigma': 114.94500614347496, 'noise_gpi_sigma': 73.42051123458188, 'g_stn_gpe_mult': 3.579878788126132, 'g_gpe_stn_mult': 0.20566819924305318, 'g_stn_gpi_mult': 1.9273713973653686, 'g_gpe_gpi_mult': 0.23494127779930812}. Best is trial 348 with value: 0.8336165651046656.
[I 2026-05-28 21:24:26,493] Trial 743 finished with value: 1.151571887953663 and parameters: {'ISTN': 77.48974780112775, 'I_gpe': 1.1049395929095827, 'I_gpi': 1.7086563571833233, 'noise_stn_sigma': 4.323918703912648, 'noise_gpe_sigma': 113.7318163022021, 'noise_gpi_sigma': 70.7202705875785, 'g_stn_gpe_mult': 3.653594131470207, 'g_gpe_stn_mult': 0.2233898560643574, 'g_stn_gpi_mult': 1.9635958143579966, 'g_gpe_gpi_mult': 0.21784545030415853}. Best is trial 348 with value: 0.8336165651046656.
[I 2026-05-28 21:24:27,512] Trial 744 finished with value: 5.13860549578524 and parameters: {'ISTN': 77.43655003934101, 'I_gpe': 1.1561586234819756, 'I_gpi': 1.582097389472922, 'noise_stn_sigma': 4.423393309610868, 'noise_gpe_sigma': 115.62184268189266, 'noise_gpi_sigma': 71.94850629843862, 'g_stn_gpe_mult': 3.5566264239793166, 'g_gpe_stn_mult': 0.2200578744460378, 'g_stn_gpi_mult': 2.00258646299138, 'g_gpe_gpi_mult': 0.21779407846406176}. Best is trial 348 with value: 0.8336165651046656.
[I 2026-05-28 21:24:28,530] Trial 745 finished with value: 1.1357085798472997 and parameters: {'ISTN': 77.08186833612335, 'I_gpe': 1.1159876743540829, 'I_gpi': 1.6792271860776817, 'noise_stn_sigma': 4.424184215326005, 'noise_gpe_sigma': 115.70424992515123, 'noise_gpi_sigma': 71.80470393237172, 'g_stn_gpe_mult': 3.6285744442942707, 'g_gpe_stn_mult': 0.21611233859175327, 'g_stn_gpi_mult': 1.9288202716948981, 'g_gpe_gpi_mult': 0.2314109278482887}. Best is trial 348 with value: 0.8336165651046656.
[I 2026-05-28 21:24:29,551] Trial 746 finished with value: 1.7344938369153176 and parameters: {'ISTN': 77.52327212095959, 'I_gpe': 1.145915217588994, 'I_gpi': 1.7023822065471457, 'noise_stn_sigma': 4.436777379886065, 'noise_gpe_sigma': 113.52820883291375, 'noise_gpi_sigma': 71.16422086023195, 'g_stn_gpe_mult': 3.6080713177004036, 'g_gpe_stn_mult': 0.2096139027902884, 'g_stn_gpi_mult': 2.008308993617005, 'g_gpe_gpi_mult': 0.23311763257382018}. Best is trial 348 with value: 0.8336165651046656.
[I 2026-05-28 21:24:30,571] Trial 747 finished with value: 1.1294621618477478 and parameters: {'ISTN': 77.2971243514349, 'I_gpe': 1.1091424344535323, 'I_gpi': 1.6599298110253982, 'noise_stn_sigma': 4.397585398951197, 'noise_gpe_sigma': 114.19818777076325, 'noise_gpi_sigma': 71.59608244034519, 'g_stn_gpe_mult': 3.586386395374503, 'g_gpe_stn_mult': 0.2151210338298143, 'g_stn_gpi_mult': 1.9946180541759466, 'g_gpe_gpi_mult': 0.2208416830311522}. Best is trial 348 with value: 0.8336165651046656.
