[I 2026-05-28 21:22:17,048] Trial 616 finished with value: 1.2126031071978876 and parameters: {'ISTN': 79.21914326077336, 'I_gpe': 1.088872836708929, 'I_gpi': 1.5876386146647379, 'noise_stn_sigma': 4.391988629813883, 'noise_gpe_sigma': 112.6247467838762, 'noise_gpi_sigma': 71.85718501032736, 'g_stn_gpe_mult': 3.6087466320579766, 'g_gpe_stn_mult': 0.19106184596853534, 'g_stn_gpi_mult': 2.0924114825163462, 'g_gpe_gpi_mult': 0.2361912435135469}. Best is trial 348 with value: 0.8336165651046656.
[I 2026-05-28 21:22:18,064] Trial 617 finished with value: 1.2668841785026645 and parameters: {'ISTN': 79.2649141508776, 'I_gpe': 1.1139506713037504, 'I_gpi': 1.520892321828219, 'noise_stn_sigma': 4.5444537157922955, 'noise_gpe_sigma': 109.44177042124647, 'noise_gpi_sigma': 75.0137674679373, 'g_stn_gpe_mult': 3.67045297093769, 'g_gpe_stn_mult': 0.1981269463617693, 'g_stn_gpi_mult': 2.148522512383996, 'g_gpe_gpi_mult': 0.2503390335964774}. Best is trial 348 with value: 0.8336165651046656.
[I 2026-05-28 21:22:19,085] Trial 618 finished with value: 3.8560840172933775 and parameters: {'ISTN': 79.46799967277002, 'I_gpe': 1.1137432163830479, 'I_gpi': 1.4872160836777064, 'noise_stn_sigma': 4.380099286532717, 'noise_gpe_sigma': 107.29203424794977, 'noise_gpi_sigma': 73.45337445709976, 'g_stn_gpe_mult': 3.6247309786422868, 'g_gpe_stn_mult': 0.1952877980093363, 'g_stn_gpi_mult': 2.1296576638106792, 'g_gpe_gpi_mult': 0.25656267348758466}. Best is trial 348 with value: 0.8336165651046656.
[I 2026-05-28 21:22:20,106] Trial 619 finished with value: 1.563394974750924 and parameters: {'ISTN': 79.25754642207886, 'I_gpe': 1.0779723015789637, 'I_gpi': 1.5147637669004381, 'noise_stn_sigma': 4.407390507396639, 'noise_gpe_sigma': 111.54241998929292, 'noise_gpi_sigma': 72.20087406470826, 'g_stn_gpe_mult': 3.5368456428608486, 'g_gpe_stn_mult': 0.19958490601882878, 'g_stn_gpi_mult': 2.077647400118715, 'g_gpe_gpi_mult': 0.24422327384687426}. Best is trial 348 with value: 0.8336165651046656.
[I 2026-05-28 21:22:21,125] Trial 620 finished with value: 2.763380294330477 and parameters: {'ISTN': 79.50283285197989, 'I_gpe': 1.1090433844443988, 'I_gpi': 1.551574695568953, 'noise_stn_sigma': 4.270531000910153, 'noise_gpe_sigma': 107.92411862708146, 'noise_gpi_sigma': 71.9130801023341, 'g_stn_gpe_mult': 3.678647491814923, 'g_gpe_stn_mult': 0.1966722987820336, 'g_stn_gpi_mult': 2.198065225602909, 'g_gpe_gpi_mult': 0.22452275928798854}. Best is trial 348 with value: 0.8336165651046656.
[I 2026-05-28 21:22:22,147] Trial 621 finished with value: 1.2252467203048372 and parameters: {'ISTN': 79.34337835881676, 'I_gpe': 1.1166760667316409, 'I_gpi': 1.6976877578652054, 'noise_stn_sigma': 4.4299559991962845, 'noise_gpe_sigma': 109.87924897987381, 'noise_gpi_sigma': 72.20855668612359, 'g_stn_gpe_mult': 3.6145397423949057, 'g_gpe_stn_mult': 0.20255480954208754, 'g_stn_gpi_mult': 2.1181877621087706, 'g_gpe_gpi_mult': 0.24571595416309136}. Best is trial 348 with value: 0.8336165651046656.
[I 2026-05-28 21:22:23,165] Trial 622 finished with value: 2.1775986505910754 and parameters: {'ISTN': 77.23589976591296, 'I_gpe': 1.0888383214486717, 'I_gpi': 1.5388317667870255, 'noise_stn_sigma': 4.445709339428451, 'noise_gpe_sigma': 109.08504330961988, 'noise_gpi_sigma': 79.43196048457494, 'g_stn_gpe_mult': 3.675060166913179, 'g_gpe_stn_mult': 0.20958095047425174, 'g_stn_gpi_mult': 2.173946698772473, 'g_gpe_gpi_mult': 0.2679557152204609}. Best is trial 348 with value: 0.8336165651046656.
[I 2026-05-28 21:22:24,185] Trial 623 finished with value: 3.937090467650256 and parameters: {'ISTN': 77.86163454954063, 'I_gpe': 1.129690089523355, 'I_gpi': 1.485041807632705, 'noise_stn_sigma': 4.595947295509131, 'noise_gpe_sigma': 111.45006196374467, 'noise_gpi_sigma': 71.78015015178231, 'g_stn_gpe_mult': 3.4441516895841016, 'g_gpe_stn_mult': 0.18771488892933566, 'g_stn_gpi_mult': 2.1588207948152482, 'g_gpe_gpi_mult': 0.23232940092015078}. Best is trial 348 with value: 0.8336165651046656.
[I 2026-05-28 21:22:25,204] Trial 624 finished with value: 5.285930027615632 and parameters: {'ISTN': 80.13978107903944, 'I_gpe': 1.1562081715436952, 'I_gpi': 1.6064466532884958, 'noise_stn_sigma': 4.334123388902491, 'noise_gpe_sigma': 109.96645123132024, 'noise_gpi_sigma': 73.13248351346303, 'g_stn_gpe_mult': 3.524521819109733, 'g_gpe_stn_mult': 0.209302622350186, 'g_stn_gpi_mult': 2.095979204215547, 'g_gpe_gpi_mult': 0.23890874445183208}. Best is trial 348 with value: 0.8336165651046656.
[I 2026-05-28 21:22:26,222] Trial 625 finished with value: 1.7217918820649623 and parameters: {'ISTN': 80.28589989567507, 'I_gpe': 1.103121795126609, 'I_gpi': 1.535392913094868, 'noise_stn_sigma': 4.448314303127924, 'noise_gpe_sigma': 112.40224183053635, 'noise_gpi_sigma': 72.88037169537533, 'g_stn_gpe_mult': 3.5421856641772016, 'g_gpe_stn_mult': 0.1995867976014014, 'g_stn_gpi_mult': 2.086396020846979, 'g_gpe_gpi_mult': 0.2408582956133564}. Best is trial 348 with value: 0.8336165651046656.
[I 2026-05-28 21:22:27,241] Trial 626 finished with value: 1.2599668666201662 and parameters: {'ISTN': 79.5150003810521, 'I_gpe': 1.0974086658769755, 'I_gpi': 1.503184890541848, 'noise_stn_sigma': 4.382085947257341, 'noise_gpe_sigma': 109.11560377196477, 'noise_gpi_sigma': 74.36000693007165, 'g_stn_gpe_mult': 3.638599205332511, 'g_gpe_stn_mult': 0.2009014104839549, 'g_stn_gpi_mult': 2.182294657811629, 'g_gpe_gpi_mult': 0.24713702851424735}. Best is trial 348 with value: 0.8336165651046656.
[I 2026-05-28 21:22:28,259] Trial 627 finished with value: 1.882203898057822 and parameters: {'ISTN': 80.02492854106418, 'I_gpe': 1.07032420706332, 'I_gpi': 1.5953380035753046, 'noise_stn_sigma': 4.550450900542332, 'noise_gpe_sigma': 112.56108769220855, 'noise_gpi_sigma': 71.57520067118918, 'g_stn_gpe_mult': 3.5947116889040682, 'g_gpe_stn_mult': 0.18243136875841948, 'g_stn_gpi_mult': 2.210721046618417, 'g_gpe_gpi_mult': 0.24644001250391956}. Best is trial 348 with value: 0.8336165651046656.
[I 2026-05-28 21:22:29,279] Trial 628 finished with value: 1.3110687047478753 and parameters: {'ISTN': 79.13520186479334, 'I_gpe': 1.0829392620974247, 'I_gpi': 1.5081800550769335, 'noise_stn_sigma': 4.444759973492156, 'noise_gpe_sigma': 111.78508045396448, 'noise_gpi_sigma': 73.8879741909059, 'g_stn_gpe_mult': 3.597016561337929, 'g_gpe_stn_mult': 0.1897018849841527, 'g_stn_gpi_mult': 2.103629992657744, 'g_gpe_gpi_mult': 0.22046166667685965}. Best is trial 348 with value: 0.8336165651046656.
[I 2026-05-28 21:22:30,298] Trial 629 finished with value: 1.3186630437929843 and parameters: {'ISTN': 79.1284590702047, 'I_gpe': 1.0893545541132625, 'I_gpi': 1.5418211236214134, 'noise_stn_sigma': 4.291758154747283, 'noise_gpe_sigma': 113.65374647313978, 'noise_gpi_sigma': 72.9628104658384, 'g_stn_gpe_mult': 3.612457793143637, 'g_gpe_stn_mult': 0.1925017166026106, 'g_stn_gpi_mult': 2.0038866670957285, 'g_gpe_gpi_mult': 0.2410028245206678}. Best is trial 348 with value: 0.8336165651046656.
[I 2026-05-28 21:22:31,316] Trial 630 finished with value: 1.2581750201311643 and parameters: {'ISTN': 78.77656205901313, 'I_gpe': 1.0903032885533892, 'I_gpi': 1.4930721949295875, 'noise_stn_sigma': 4.182109558197451, 'noise_gpe_sigma': 111.16995833799261, 'noise_gpi_sigma': 71.5127501290192, 'g_stn_gpe_mult': 3.6419912088895057, 'g_gpe_stn_mult': 0.20572994558718793, 'g_stn_gpi_mult': 1.981543519764484, 'g_gpe_gpi_mult': 0.24334045607210536}. Best is trial 348 with value: 0.8336165651046656.
[I 2026-05-28 21:22:32,336] Trial 631 finished with value: 1.6585644352302862 and parameters: {'ISTN': 79.85946742459805, 'I_gpe': 1.0642513494791086, 'I_gpi': 1.5895836996627621, 'noise_stn_sigma': 4.376288589696225, 'noise_gpe_sigma': 112.37285855041709, 'noise_gpi_sigma': 70.9162481801674, 'g_stn_gpe_mult': 3.537079887501066, 'g_gpe_stn_mult': 0.18590934730732778, 'g_stn_gpi_mult': 2.0939311413487083, 'g_gpe_gpi_mult': 0.24649328664529863}. Best is trial 348 with value: 0.8336165651046656.
[I 2026-05-28 21:22:33,355] Trial 632 finished with value: 3.4896409791398355 and parameters: {'ISTN': 78.299047184039, 'I_gpe': 1.132137291801457, 'I_gpi': 1.5093349395349862, 'noise_stn_sigma': 4.189593338205839, 'noise_gpe_sigma': 111.74517996138422, 'noise_gpi_sigma': 72.1182844155391, 'g_stn_gpe_mult': 3.6103038836263095, 'g_gpe_stn_mult': 0.22013575024660204, 'g_stn_gpi_mult': 2.046223187692016, 'g_gpe_gpi_mult': 0.22730640588882106}. Best is trial 348 with value: 0.8336165651046656.
[I 2026-05-28 21:22:34,373] Trial 633 finished with value: 7.20893914296294 and parameters: {'ISTN': 79.63586104518511, 'I_gpe': 1.1549392174254796, 'I_gpi': 1.5755750806880369, 'noise_stn_sigma': 4.36343910210806, 'noise_gpe_sigma': 106.65713692087965, 'noise_gpi_sigma': 72.21186544802265, 'g_stn_gpe_mult': 3.6775386023665035, 'g_gpe_stn_mult': 0.22918835671042556, 'g_stn_gpi_mult': 2.124294434183725, 'g_gpe_gpi_mult': 0.2583689629444236}. Best is trial 348 with value: 0.8336165651046656.
[I 2026-05-28 21:22:35,392] Trial 634 finished with value: 1.5249035634219759 and parameters: {'ISTN': 79.32279053951461, 'I_gpe': 1.0812470577202213, 'I_gpi': 1.618857203968844, 'noise_stn_sigma': 4.368167736609037, 'noise_gpe_sigma': 111.96594408551462, 'noise_gpi_sigma': 70.29367610859589, 'g_stn_gpe_mult': 3.67805362605465, 'g_gpe_stn_mult': 0.20133257258434928, 'g_stn_gpi_mult': 2.0677397997814384, 'g_gpe_gpi_mult': 0.2672098678602451}. Best is trial 348 with value: 0.8336165651046656.
[I 2026-05-28 21:22:36,411] Trial 635 finished with value: 2.169985310757979 and parameters: {'ISTN': 78.41288268719802, 'I_gpe': 1.1297855110842527, 'I_gpi': 1.6176922797193862, 'noise_stn_sigma': 4.308947437056384, 'noise_gpe_sigma': 112.84408378596933, 'noise_gpi_sigma': 71.51364898150048, 'g_stn_gpe_mult': 3.575040062101254, 'g_gpe_stn_mult': 0.20932240561008453, 'g_stn_gpi_mult': 2.083243179607611, 'g_gpe_gpi_mult': 0.23841571588713378}. Best is trial 348 with value: 0.8336165651046656.
[I 2026-05-28 21:22:37,430] Trial 636 finished with value: 1.7199340308315716 and parameters: {'ISTN': 80.86314121535747, 'I_gpe': 1.1021593370782106, 'I_gpi': 1.6171429731943183, 'noise_stn_sigma': 4.367990888877021, 'noise_gpe_sigma': 110.56252272202885, 'noise_gpi_sigma': 71.15384399597706, 'g_stn_gpe_mult': 3.5482898284080413, 'g_gpe_stn_mult': 0.19977136031625073, 'g_stn_gpi_mult': 2.0779690025032, 'g_gpe_gpi_mult': 0.238491110922088}. Best is trial 348 with value: 0.8336165651046656.
[I 2026-05-28 21:22:38,448] Trial 637 finished with value: 1.1510508204466579 and parameters: {'ISTN': 78.49752397583246, 'I_gpe': 1.0960857709960727, 'I_gpi': 1.684138967243869, 'noise_stn_sigma': 4.25065590656639, 'noise_gpe_sigma': 109.32049407444445, 'noise_gpi_sigma': 73.46522303581119, 'g_stn_gpe_mult': 3.644841925100405, 'g_gpe_stn_mult': 0.1941858952333133, 'g_stn_gpi_mult': 2.0445224658614802, 'g_gpe_gpi_mult': 0.27399186631260325}. Best is trial 348 with value: 0.8336165651046656.
[I 2026-05-28 21:22:39,467] Trial 638 finished with value: 3.2596928316835108 and parameters: {'ISTN': 79.84533257522935, 'I_gpe': 1.1077110921115227, 'I_gpi': 1.6630609460681365, 'noise_stn_sigma': 4.41090184986451, 'noise_gpe_sigma': 108.83874684501467, 'noise_gpi_sigma': 69.53651982792265, 'g_stn_gpe_mult': 3.690851922625134, 'g_gpe_stn_mult': 0.20633158193301365, 'g_stn_gpi_mult': 2.0453609190654314, 'g_gpe_gpi_mult': 0.26057401799365093}. Best is trial 348 with value: 0.8336165651046656.
[I 2026-05-28 21:22:40,485] Trial 639 finished with value: 1.3037521695013374 and parameters: {'ISTN': 79.79303104041314, 'I_gpe': 1.1131947761643552, 'I_gpi': 1.5964150718054997, 'noise_stn_sigma': 4.402191081574264, 'noise_gpe_sigma': 111.87952515514569, 'noise_gpi_sigma': 72.62817166325809, 'g_stn_gpe_mult': 3.5703603526307806, 'g_gpe_stn_mult': 0.20135283587202396, 'g_stn_gpi_mult': 2.07399782457072, 'g_gpe_gpi_mult': 0.25274601402101526}. Best is trial 348 with value: 0.8336165651046656.
[I 2026-05-28 21:22:41,504] Trial 640 finished with value: 1.2412246747960813 and parameters: {'ISTN': 79.69305896096918, 'I_gpe': 1.0806246502969556, 'I_gpi': 1.64488685367756, 'noise_stn_sigma': 4.399381001472204, 'noise_gpe_sigma': 111.79062914086944, 'noise_gpi_sigma': 74.57141092251331, 'g_stn_gpe_mult': 3.634290862125368, 'g_gpe_stn_mult': 0.18933086201962313, 'g_stn_gpi_mult': 1.9953365646852137, 'g_gpe_gpi_mult': 0.21688360305127508}. Best is trial 348 with value: 0.8336165651046656.
[I 2026-05-28 21:22:42,522] Trial 641 finished with value: 4.975856812877695 and parameters: {'ISTN': 79.14764203334872, 'I_gpe': 1.1163867897301631, 'I_gpi': 1.7038363245224026, 'noise_stn_sigma': 4.288000263718371, 'noise_gpe_sigma': 109.73028524777759, 'noise_gpi_sigma': 72.06668267959782, 'g_stn_gpe_mult': 3.591184256255083, 'g_gpe_stn_mult': 0.210558367641907, 'g_stn_gpi_mult': 2.049199782422353, 'g_gpe_gpi_mult': 0.2636115651330994}. Best is trial 348 with value: 0.8336165651046656.
[I 2026-05-28 21:22:43,540] Trial 642 finished with value: 4.981865986536588 and parameters: {'ISTN': 78.74050733502199, 'I_gpe': 1.045959387455027, 'I_gpi': 1.5610966279945484, 'noise_stn_sigma': 4.200173662339722, 'noise_gpe_sigma': 112.92969785584654, 'noise_gpi_sigma': 73.98494598696658, 'g_stn_gpe_mult': 3.667310362647154, 'g_gpe_stn_mult': 0.18540558602421453, 'g_stn_gpi_mult': 2.0366009388826285, 'g_gpe_gpi_mult': 0.27335465199251874}. Best is trial 348 with value: 0.8336165651046656.
[I 2026-05-28 21:22:44,562] Trial 643 finished with value: 3.8250723062271987 and parameters: {'ISTN': 81.30486230838409, 'I_gpe': 1.1268456729877045, 'I_gpi': 1.6960499442589194, 'noise_stn_sigma': 4.25374233458889, 'noise_gpe_sigma': 107.76607107566214, 'noise_gpi_sigma': 73.51985303047455, 'g_stn_gpe_mult': 3.6661248068464944, 'g_gpe_stn_mult': 0.20054527150453605, 'g_stn_gpi_mult': 2.027914379912867, 'g_gpe_gpi_mult': 0.2492749990037862}. Best is trial 348 with value: 0.8336165651046656.
[I 2026-05-28 21:22:45,581] Trial 644 finished with value: 2.150155580687735 and parameters: {'ISTN': 78.53681212697558, 'I_gpe': 1.0860501137725391, 'I_gpi': 1.7206380982261933, 'noise_stn_sigma': 4.080461393235673, 'noise_gpe_sigma': 110.77983945611258, 'noise_gpi_sigma': 71.41385923281877, 'g_stn_gpe_mult': 3.634793091372745, 'g_gpe_stn_mult': 0.22064577882948477, 'g_stn_gpi_mult': 1.9934032395632038, 'g_gpe_gpi_mult': 0.2711492316850588}. Best is trial 348 with value: 0.8336165651046656.
[I 2026-05-28 21:22:46,602] Trial 645 finished with value: 1.2106446166953757 and parameters: {'ISTN': 78.83938133124192, 'I_gpe': 1.094279509126601, 'I_gpi': 1.674119508156096, 'noise_stn_sigma': 4.531553644190101, 'noise_gpe_sigma': 111.1723713560169, 'noise_gpi_sigma': 72.6823110752161, 'g_stn_gpe_mult': 3.6349937600010565, 'g_gpe_stn_mult': 0.19179401964852036, 'g_stn_gpi_mult': 2.023030570813167, 'g_gpe_gpi_mult': 0.24980730349150537}. Best is trial 348 with value: 0.8336165651046656.
[I 2026-05-28 21:22:47,622] Trial 646 finished with value: 1.6936455167480078 and parameters: {'ISTN': 79.407248076305, 'I_gpe': 1.098065871509546, 'I_gpi': 1.5677556385975133, 'noise_stn_sigma': 4.369689025836623, 'noise_gpe_sigma': 114.06792020370348, 'noise_gpi_sigma': 72.76126924689981, 'g_stn_gpe_mult': 3.5556362132442123, 'g_gpe_stn_mult': 0.20456514298605505, 'g_stn_gpi_mult': 2.027729215748899, 'g_gpe_gpi_mult': 0.24333875799368732}. Best is trial 348 with value: 0.8336165651046656.
[I 2026-05-28 21:22:48,642] Trial 647 finished with value: 3.0341705803048695 and parameters: {'ISTN': 78.47124500068878, 'I_gpe': 1.104272700107666, 'I_gpi': 1.7263685662145867, 'noise_stn_sigma': 4.362195754540723, 'noise_gpe_sigma': 108.4951759445014, 'noise_gpi_sigma': 77.51728707263743, 'g_stn_gpe_mult': 3.78205268486487, 'g_gpe_stn_mult': 0.1943032921131601, 'g_stn_gpi_mult': 2.003777722500505, 'g_gpe_gpi_mult': 0.24801844633450748}. Best is trial 348 with value: 0.8336165651046656.
[I 2026-05-28 21:22:49,662] Trial 648 finished with value: 5.538430700486548 and parameters: {'ISTN': 79.75771834125511, 'I_gpe': 1.1342340773623711, 'I_gpi': 1.802408862087723, 'noise_stn_sigma': 4.1819271414497, 'noise_gpe_sigma': 109.83927804557756, 'noise_gpi_sigma': 69.9083808293708, 'g_stn_gpe_mult': 3.605903302408484, 'g_gpe_stn_mult': 0.1907264629314897, 'g_stn_gpi_mult': 1.9284701542728593, 'g_gpe_gpi_mult': 0.23202157354237155}. Best is trial 348 with value: 0.8336165651046656.
[I 2026-05-28 21:22:50,682] Trial 649 finished with value: 5.018354146949076 and parameters: {'ISTN': 77.21991970596905, 'I_gpe': 1.0790237406426062, 'I_gpi': 1.5814391138487094, 'noise_stn_sigma': 4.272223358300437, 'noise_gpe_sigma': 112.78218362122357, 'noise_gpi_sigma': 71.5156585512706, 'g_stn_gpe_mult': 3.6426416506949844, 'g_gpe_stn_mult': 0.19178357111408506, 'g_stn_gpi_mult': 2.0264136668770325, 'g_gpe_gpi_mult': 0.23630473164919735}. Best is trial 348 with value: 0.8336165651046656.
[I 2026-05-28 21:22:51,703] Trial 650 finished with value: 2.34816528797909 and parameters: {'ISTN': 77.93847400714832, 'I_gpe': 1.0917891806684814, 'I_gpi': 1.609681382599916, 'noise_stn_sigma': 4.250379365287078, 'noise_gpe_sigma': 112.03496809171645, 'noise_gpi_sigma': 74.71020948686922, 'g_stn_gpe_mult': 3.6177777804675717, 'g_gpe_stn_mult': 0.20064796246485977, 'g_stn_gpi_mult': 2.0731824856991135, 'g_gpe_gpi_mult': 0.25062808979456164}. Best is trial 348 with value: 0.8336165651046656.
[I 2026-05-28 21:22:52,724] Trial 651 finished with value: 1.1643240796750667 and parameters: {'ISTN': 78.82509014627402, 'I_gpe': 1.0658858681592511, 'I_gpi': 1.6643458131225077, 'noise_stn_sigma': 4.433391688801137, 'noise_gpe_sigma': 113.53364039101861, 'noise_gpi_sigma': 74.97266327847206, 'g_stn_gpe_mult': 3.524399184614208, 'g_gpe_stn_mult': 0.19464404348877734, 'g_stn_gpi_mult': 1.9485285464204518, 'g_gpe_gpi_mult': 0.22623052540569835}. Best is trial 348 with value: 0.8336165651046656.
[I 2026-05-28 21:22:53,741] Trial 652 finished with value: 2.2014368487890015 and parameters: {'ISTN': 77.91604904061946, 'I_gpe': 1.110487319650335, 'I_gpi': 1.694050857408562, 'noise_stn_sigma': 4.43859932589109, 'noise_gpe_sigma': 110.46227996850284, 'noise_gpi_sigma': 72.82293212021708, 'g_stn_gpe_mult': 3.619057573173897, 'g_gpe_stn_mult': 0.20143255966195497, 'g_stn_gpi_mult': 1.9603507245398624, 'g_gpe_gpi_mult': 0.2592770303977409}. Best is trial 348 with value: 0.8336165651046656.
[I 2026-05-28 21:22:54,761] Trial 653 finished with value: 1.296640540338165 and parameters: {'ISTN': 79.6050499361505, 'I_gpe': 1.0852982352019698, 'I_gpi': 1.5250872385778493, 'noise_stn_sigma': 4.421690017839118, 'noise_gpe_sigma': 110.99269953388816, 'noise_gpi_sigma': 78.78965894543938, 'g_stn_gpe_mult': 3.5646413752193085, 'g_gpe_stn_mult': 0.19023506951278168, 'g_stn_gpi_mult': 2.067316511456618, 'g_gpe_gpi_mult': 0.26711659146625333}. Best is trial 348 with value: 0.8336165651046656.
[I 2026-05-28 21:22:55,781] Trial 654 finished with value: 1.1928097031924623 and parameters: {'ISTN': 78.75993116634878, 'I_gpe': 1.0923524514944185, 'I_gpi': 1.6430142805917671, 'noise_stn_sigma': 4.579137630059351, 'noise_gpe_sigma': 113.72712384022138, 'noise_gpi_sigma': 71.85548863244884, 'g_stn_gpe_mult': 3.61165744019888, 'g_gpe_stn_mult': 0.19661097060778943, 'g_stn_gpi_mult': 2.0636598514706535, 'g_gpe_gpi_mult': 0.2567097467152124}. Best is trial 348 with value: 0.8336165651046656.
[I 2026-05-28 21:22:56,800] Trial 655 finished with value: 1.2486048760703725 and parameters: {'ISTN': 79.98463013285647, 'I_gpe': 1.1265669887037988, 'I_gpi': 1.6749319754681156, 'noise_stn_sigma': 4.484496989435744, 'noise_gpe_sigma': 113.85504126217891, 'noise_gpi_sigma': 72.3438776686826, 'g_stn_gpe_mult': 3.4417686090942023, 'g_gpe_stn_mult': 0.19582595841022826, 'g_stn_gpi_mult': 2.0327656077792327, 'g_gpe_gpi_mult': 0.26854107572047825}. Best is trial 348 with value: 0.8336165651046656.
[I 2026-05-28 21:22:57,822] Trial 656 finished with value: 1.6426852172604267 and parameters: {'ISTN': 79.17673811447995, 'I_gpe': 1.0926119811984503, 'I_gpi': 1.808756969432097, 'noise_stn_sigma': 4.317144292079128, 'noise_gpe_sigma': 110.97553958408659, 'noise_gpi_sigma': 71.77818033475518, 'g_stn_gpe_mult': 3.626665851078381, 'g_gpe_stn_mult': 0.2053087700644597, 'g_stn_gpi_mult': 1.9510211327624825, 'g_gpe_gpi_mult': 0.26039178274273467}. Best is trial 348 with value: 0.8336165651046656.
[I 2026-05-28 21:22:58,842] Trial 657 finished with value: 1.379338332768924 and parameters: {'ISTN': 77.56567471081114, 'I_gpe': 1.0680619707057297, 'I_gpi': 1.5653021014568225, 'noise_stn_sigma': 4.440953177161768, 'noise_gpe_sigma': 111.89184343406275, 'noise_gpi_sigma': 74.75517489104755, 'g_stn_gpe_mult': 3.6746209834768093, 'g_gpe_stn_mult': 0.20225004556175918, 'g_stn_gpi_mult': 2.0351156833284003, 'g_gpe_gpi_mult': 0.2585532131455079}. Best is trial 348 with value: 0.8336165651046656.
[I 2026-05-28 21:22:59,862] Trial 658 finished with value: 1.1999430973947676 and parameters: {'ISTN': 79.53336472198036, 'I_gpe': 1.1125872091603863, 'I_gpi': 1.7090839003230704, 'noise_stn_sigma': 4.4276999839528965, 'noise_gpe_sigma': 111.50575761890519, 'noise_gpi_sigma': 70.1123814053513, 'g_stn_gpe_mult': 3.6069026117321434, 'g_gpe_stn_mult': 0.182867801554942, 'g_stn_gpi_mult': 1.916132362629967, 'g_gpe_gpi_mult': 0.2590324739862703}. Best is trial 348 with value: 0.8336165651046656.
[I 2026-05-28 21:23:00,882] Trial 659 finished with value: 1.1632573804058148 and parameters: {'ISTN': 78.01861640346053, 'I_gpe': 1.1031764448136254, 'I_gpi': 1.6415049977470528, 'noise_stn_sigma': 4.355208262101126, 'noise_gpe_sigma': 113.57574929088673, 'noise_gpi_sigma': 72.18785890093872, 'g_stn_gpe_mult': 3.6349296349568716, 'g_gpe_stn_mult': 0.2059206625060804, 'g_stn_gpi_mult': 1.976063406628238, 'g_gpe_gpi_mult': 0.2549253298362716}. Best is trial 348 with value: 0.8336165651046656.
