[I 2026-05-28 21:16:17,956] Trial 264 finished with value: 3.8503436801874003 and parameters: {'ISTN': 78.02087017382806, 'I_gpe': 1.1092145291889008, 'I_gpi': 1.2265672788213506, 'noise_stn_sigma': 4.400255892882338, 'noise_gpe_sigma': 92.5189480228757, 'noise_gpi_sigma': 87.36300616566893, 'g_stn_gpe_mult': 4.269912054123669, 'g_gpe_stn_mult': 0.14476891162040198, 'g_stn_gpi_mult': 2.783406961118318, 'g_gpe_gpi_mult': 0.24016293127720045}. Best is trial 144 with value: 0.9073438261862171.
[I 2026-05-28 21:16:18,978] Trial 265 finished with value: 8.666636445293987 and parameters: {'ISTN': 65.82479492834335, 'I_gpe': 0.9225497379035132, 'I_gpi': 1.6947246271442058, 'noise_stn_sigma': 5.1747004218886925, 'noise_gpe_sigma': 89.39021492053465, 'noise_gpi_sigma': 102.09086088005543, 'g_stn_gpe_mult': 3.691131283685626, 'g_gpe_stn_mult': 0.176564514652859, 'g_stn_gpi_mult': 2.6484199574535956, 'g_gpe_gpi_mult': 0.38493665033089935}. Best is trial 144 with value: 0.9073438261862171.
[I 2026-05-28 21:16:19,999] Trial 266 finished with value: 4.5584997828853755 and parameters: {'ISTN': 78.47387297749611, 'I_gpe': 1.2677548490865882, 'I_gpi': 1.9026896404309745, 'noise_stn_sigma': 4.606327590915432, 'noise_gpe_sigma': 85.4505769147762, 'noise_gpi_sigma': 95.28020936901228, 'g_stn_gpe_mult': 3.792604166139725, 'g_gpe_stn_mult': 0.2146678897107639, 'g_stn_gpi_mult': 2.6236425792537057, 'g_gpe_gpi_mult': 0.42456409654345406}. Best is trial 144 with value: 0.9073438261862171.
[I 2026-05-28 21:16:21,018] Trial 267 finished with value: 6.270185720772935 and parameters: {'ISTN': 70.03924013528058, 'I_gpe': 1.1997244040309174, 'I_gpi': 1.8010517512310753, 'noise_stn_sigma': 4.409968727104387, 'noise_gpe_sigma': 82.87066762539976, 'noise_gpi_sigma': 89.11479366655036, 'g_stn_gpe_mult': 3.700775068905545, 'g_gpe_stn_mult': 0.22617453170643206, 'g_stn_gpi_mult': 2.692999737945886, 'g_gpe_gpi_mult': 0.37678964041653407}. Best is trial 144 with value: 0.9073438261862171.
[I 2026-05-28 21:16:21,978] Trial 268 finished with value: 1000000.0 and parameters: {'ISTN': 67.03087146589961, 'I_gpe': 1.4789403397437704, 'I_gpi': 1.7754923922385752, 'noise_stn_sigma': 5.134933316235524, 'noise_gpe_sigma': 76.18097521243371, 'noise_gpi_sigma': 93.40767308426645, 'g_stn_gpe_mult': 4.060874425930233, 'g_gpe_stn_mult': 0.18902185969011454, 'g_stn_gpi_mult': 2.8482188543013267, 'g_gpe_gpi_mult': 0.4645591322018481}. Best is trial 144 with value: 0.9073438261862171.
[I 2026-05-28 21:16:22,999] Trial 269 finished with value: 7.459125773051568 and parameters: {'ISTN': 72.78750455615456, 'I_gpe': 1.3943863282652136, 'I_gpi': 1.6574198609750646, 'noise_stn_sigma': 4.8599339040091305, 'noise_gpe_sigma': 78.99227371026947, 'noise_gpi_sigma': 99.6207076820225, 'g_stn_gpe_mult': 3.5945979724857198, 'g_gpe_stn_mult': 0.1569105204792716, 'g_stn_gpi_mult': 2.7623749071192014, 'g_gpe_gpi_mult': 0.20893060437311006}. Best is trial 144 with value: 0.9073438261862171.
[I 2026-05-28 21:16:24,044] Trial 270 finished with value: 4.623031143114569 and parameters: {'ISTN': 81.64435185089819, 'I_gpe': 1.231084293770587, 'I_gpi': 1.7210398250336962, 'noise_stn_sigma': 4.622190972279702, 'noise_gpe_sigma': 72.11796484287173, 'noise_gpi_sigma': 107.87307048022856, 'g_stn_gpe_mult': 4.248721060873193, 'g_gpe_stn_mult': 0.13298643576126976, 'g_stn_gpi_mult': 2.8597124305972983, 'g_gpe_gpi_mult': 0.37585746395866604}. Best is trial 144 with value: 0.9073438261862171.
[I 2026-05-28 21:16:25,069] Trial 271 finished with value: 10.949402938199864 and parameters: {'ISTN': 73.15216789503512, 'I_gpe': 1.2953475458042627, 'I_gpi': 1.368704530506859, 'noise_stn_sigma': 3.929239884539135, 'noise_gpe_sigma': 73.8021807386638, 'noise_gpi_sigma': 92.10745563913572, 'g_stn_gpe_mult': 3.961844035336896, 'g_gpe_stn_mult': 0.22058057361667893, 'g_stn_gpi_mult': 2.848824467729488, 'g_gpe_gpi_mult': 0.23667348764909474}. Best is trial 144 with value: 0.9073438261862171.
[I 2026-05-28 21:16:26,097] Trial 272 finished with value: 6.648352545514774 and parameters: {'ISTN': 81.34153752284243, 'I_gpe': 1.478029731331795, 'I_gpi': 1.8580774216420237, 'noise_stn_sigma': 4.905280774039859, 'noise_gpe_sigma': 91.53009612179582, 'noise_gpi_sigma': 92.95643527569034, 'g_stn_gpe_mult': 3.9777092084301056, 'g_gpe_stn_mult': 0.16985122732486393, 'g_stn_gpi_mult': 2.7424216778623407, 'g_gpe_gpi_mult': 0.482024310031917}. Best is trial 144 with value: 0.9073438261862171.
[I 2026-05-28 21:16:27,120] Trial 273 finished with value: 10.334915954963725 and parameters: {'ISTN': 75.38893292612576, 'I_gpe': 1.2231984953777886, 'I_gpi': 1.780107044840535, 'noise_stn_sigma': 4.579671258340562, 'noise_gpe_sigma': 86.4411936687579, 'noise_gpi_sigma': 76.1514276115602, 'g_stn_gpe_mult': 4.083180396941528, 'g_gpe_stn_mult': 0.1935063976849301, 'g_stn_gpi_mult': 2.8929220638889985, 'g_gpe_gpi_mult': 0.24798728988523153}. Best is trial 144 with value: 0.9073438261862171.
[I 2026-05-28 21:16:28,140] Trial 274 finished with value: 4.784389205432277 and parameters: {'ISTN': 76.11758723276792, 'I_gpe': 1.3852071960935208, 'I_gpi': 1.4396746971823267, 'noise_stn_sigma': 4.2870710001430705, 'noise_gpe_sigma': 83.57109329052574, 'noise_gpi_sigma': 89.1012937111632, 'g_stn_gpe_mult': 3.8309549100568554, 'g_gpe_stn_mult': 0.15208239832358572, 'g_stn_gpi_mult': 2.538944146940494, 'g_gpe_gpi_mult': 0.3908192812831744}. Best is trial 144 with value: 0.9073438261862171.
[I 2026-05-28 21:16:29,162] Trial 275 finished with value: 10.784508199789828 and parameters: {'ISTN': 82.208257150581, 'I_gpe': 1.2472258968471759, 'I_gpi': 1.4098462360941553, 'noise_stn_sigma': 4.43893222628614, 'noise_gpe_sigma': 106.99085135418595, 'noise_gpi_sigma': 84.6574838520428, 'g_stn_gpe_mult': 4.022260150100678, 'g_gpe_stn_mult': 0.18242485383036433, 'g_stn_gpi_mult': 2.7747333021238436, 'g_gpe_gpi_mult': 0.23103275838388776}. Best is trial 144 with value: 0.9073438261862171.
[I 2026-05-28 21:16:30,182] Trial 276 finished with value: 7.159633619347953 and parameters: {'ISTN': 70.3207412649886, 'I_gpe': 1.3163409434034867, 'I_gpi': 1.809621383338375, 'noise_stn_sigma': 4.607581106287031, 'noise_gpe_sigma': 82.956228360999, 'noise_gpi_sigma': 92.85406653513394, 'g_stn_gpe_mult': 3.8812608466278316, 'g_gpe_stn_mult': 0.10221322000322444, 'g_stn_gpi_mult': 2.79185201102944, 'g_gpe_gpi_mult': 0.2981123105489372}. Best is trial 144 with value: 0.9073438261862171.
[I 2026-05-28 21:16:31,203] Trial 277 finished with value: 6.267439300993562 and parameters: {'ISTN': 77.29658126314007, 'I_gpe': 1.2739913146825672, 'I_gpi': 1.6541148325114188, 'noise_stn_sigma': 4.588346229835171, 'noise_gpe_sigma': 90.1325998420679, 'noise_gpi_sigma': 82.45732482777942, 'g_stn_gpe_mult': 3.9021589428212518, 'g_gpe_stn_mult': 0.15012075076015854, 'g_stn_gpi_mult': 2.7984772233615707, 'g_gpe_gpi_mult': 0.32181300010839353}. Best is trial 144 with value: 0.9073438261862171.
[I 2026-05-28 21:16:32,224] Trial 278 finished with value: 3.9150546124531806 and parameters: {'ISTN': 79.60246692206707, 'I_gpe': 0.8991465192958801, 'I_gpi': 1.0034442935355694, 'noise_stn_sigma': 4.839819585010906, 'noise_gpe_sigma': 90.4371723288081, 'noise_gpi_sigma': 94.5122332948857, 'g_stn_gpe_mult': 3.9513148467965644, 'g_gpe_stn_mult': 0.16461103487046636, 'g_stn_gpi_mult': 2.8789665787707697, 'g_gpe_gpi_mult': 0.4395226334574578}. Best is trial 144 with value: 0.9073438261862171.
[I 2026-05-28 21:16:33,244] Trial 279 finished with value: 6.967685230805753 and parameters: {'ISTN': 80.49846804643013, 'I_gpe': 1.190748507385336, 'I_gpi': 1.6319569099746463, 'noise_stn_sigma': 5.151609716610391, 'noise_gpe_sigma': 85.06141726758263, 'noise_gpi_sigma': 93.42485304183542, 'g_stn_gpe_mult': 4.04760981019183, 'g_gpe_stn_mult': 0.15783328834662697, 'g_stn_gpi_mult': 3.018145015559667, 'g_gpe_gpi_mult': 0.3520994408122925}. Best is trial 144 with value: 0.9073438261862171.
[I 2026-05-28 21:16:34,266] Trial 280 finished with value: 6.974829463896051 and parameters: {'ISTN': 71.2467703363607, 'I_gpe': 1.195226925686554, 'I_gpi': 1.445915558235248, 'noise_stn_sigma': 5.1841675252258765, 'noise_gpe_sigma': 87.83784197925846, 'noise_gpi_sigma': 82.13259705833488, 'g_stn_gpe_mult': 3.8534281684409777, 'g_gpe_stn_mult': 0.19426277874296338, 'g_stn_gpi_mult': 2.7587993719387938, 'g_gpe_gpi_mult': 0.5336193227464263}. Best is trial 144 with value: 0.9073438261862171.
[I 2026-05-28 21:16:35,285] Trial 281 finished with value: 2.6018996504712124 and parameters: {'ISTN': 74.98121492916528, 'I_gpe': 1.1400634215323775, 'I_gpi': 1.0610999678865287, 'noise_stn_sigma': 4.461240903363387, 'noise_gpe_sigma': 87.20179863618992, 'noise_gpi_sigma': 89.44820998479838, 'g_stn_gpe_mult': 3.7089082136758416, 'g_gpe_stn_mult': 0.17445957381714203, 'g_stn_gpi_mult': 2.713007296540703, 'g_gpe_gpi_mult': 0.38456469751122313}. Best is trial 144 with value: 0.9073438261862171.
[I 2026-05-28 21:16:36,306] Trial 282 finished with value: 9.004212410058717 and parameters: {'ISTN': 79.52517125571178, 'I_gpe': 1.225885535800605, 'I_gpi': 1.311085494724686, 'noise_stn_sigma': 4.1779574644321675, 'noise_gpe_sigma': 85.37198183540345, 'noise_gpi_sigma': 92.4327798592123, 'g_stn_gpe_mult': 3.7189591255506014, 'g_gpe_stn_mult': 0.17732651585930714, 'g_stn_gpi_mult': 2.9294632650177195, 'g_gpe_gpi_mult': 0.3842866993712484}. Best is trial 144 with value: 0.9073438261862171.
[I 2026-05-28 21:16:37,266] Trial 283 finished with value: 1000000.0 and parameters: {'ISTN': 87.23135991047057, 'I_gpe': 1.2347923789835478, 'I_gpi': 1.3718553537113194, 'noise_stn_sigma': 4.495763742168461, 'noise_gpe_sigma': 93.52556042327205, 'noise_gpi_sigma': 93.48400890484857, 'g_stn_gpe_mult': 3.9884078436376558, 'g_gpe_stn_mult': 0.1230497273793761, 'g_stn_gpi_mult': 2.8587864559064333, 'g_gpe_gpi_mult': 0.532103909934595}. Best is trial 144 with value: 0.9073438261862171.
[I 2026-05-28 21:16:38,285] Trial 284 finished with value: 2.992478854169091 and parameters: {'ISTN': 82.75793060540923, 'I_gpe': 1.1689955350192447, 'I_gpi': 1.3445417008677176, 'noise_stn_sigma': 5.545418382182826, 'noise_gpe_sigma': 96.20006646781562, 'noise_gpi_sigma': 72.58652048911821, 'g_stn_gpe_mult': 3.7212667562522697, 'g_gpe_stn_mult': 0.17262461383397765, 'g_stn_gpi_mult': 2.4158763815296433, 'g_gpe_gpi_mult': 0.42503387690138644}. Best is trial 144 with value: 0.9073438261862171.
[I 2026-05-28 21:16:39,306] Trial 285 finished with value: 7.331237163218517 and parameters: {'ISTN': 77.19203249489046, 'I_gpe': 1.0012415688569258, 'I_gpi': 1.373972299283737, 'noise_stn_sigma': 4.347749069586788, 'noise_gpe_sigma': 92.04614625541123, 'noise_gpi_sigma': 94.01774178117819, 'g_stn_gpe_mult': 4.2920361669180735, 'g_gpe_stn_mult': 0.17032322680189071, 'g_stn_gpi_mult': 2.531598649261874, 'g_gpe_gpi_mult': 0.4372902352227199}. Best is trial 144 with value: 0.9073438261862171.
[I 2026-05-28 21:16:40,336] Trial 286 finished with value: 11.218010450436756 and parameters: {'ISTN': 82.49099222411769, 'I_gpe': 0.8531062738019464, 'I_gpi': 1.1155496721298586, 'noise_stn_sigma': 4.7391536664067555, 'noise_gpe_sigma': 76.84592906884528, 'noise_gpi_sigma': 87.44748953835989, 'g_stn_gpe_mult': 3.7330217393927807, 'g_gpe_stn_mult': 0.13365445817045185, 'g_stn_gpi_mult': 2.889285882752216, 'g_gpe_gpi_mult': 0.34181992404305783}. Best is trial 144 with value: 0.9073438261862171.
[I 2026-05-28 21:16:41,362] Trial 287 finished with value: 6.227223660141213 and parameters: {'ISTN': 83.9830682541128, 'I_gpe': 1.0735395605322937, 'I_gpi': 1.0347588323728245, 'noise_stn_sigma': 4.719971141957244, 'noise_gpe_sigma': 85.53982973495478, 'noise_gpi_sigma': 95.31628664538229, 'g_stn_gpe_mult': 4.051490872394501, 'g_gpe_stn_mult': 0.17073074244206324, 'g_stn_gpi_mult': 2.9873637617151356, 'g_gpe_gpi_mult': 0.49318060052103035}. Best is trial 144 with value: 0.9073438261862171.
[I 2026-05-28 21:16:42,383] Trial 288 finished with value: 10.965137281514126 and parameters: {'ISTN': 79.00019604687569, 'I_gpe': 1.2203710424790146, 'I_gpi': 1.518306301414372, 'noise_stn_sigma': 4.693201036427023, 'noise_gpe_sigma': 95.49115571902156, 'noise_gpi_sigma': 79.9074178890952, 'g_stn_gpe_mult': 3.9409140159072984, 'g_gpe_stn_mult': 0.2083487286917468, 'g_stn_gpi_mult': 2.6565158154114483, 'g_gpe_gpi_mult': 0.34172330078727275}. Best is trial 144 with value: 0.9073438261862171.
[I 2026-05-28 21:16:43,405] Trial 289 finished with value: 6.262627420548318 and parameters: {'ISTN': 67.43099830750704, 'I_gpe': 1.03198776676576, 'I_gpi': 1.011808259628343, 'noise_stn_sigma': 3.998985606319346, 'noise_gpe_sigma': 87.04485099085133, 'noise_gpi_sigma': 100.62253279533, 'g_stn_gpe_mult': 4.197096612638511, 'g_gpe_stn_mult': 0.15415451694884952, 'g_stn_gpi_mult': 2.8229109177027802, 'g_gpe_gpi_mult': 0.2725219088521045}. Best is trial 144 with value: 0.9073438261862171.
[I 2026-05-28 21:16:44,427] Trial 290 finished with value: 6.239659542016455 and parameters: {'ISTN': 80.04697925777889, 'I_gpe': 1.1918595665318947, 'I_gpi': 1.4354956406288126, 'noise_stn_sigma': 4.794702677478308, 'noise_gpe_sigma': 86.83822053042644, 'noise_gpi_sigma': 85.93936500932836, 'g_stn_gpe_mult': 3.901970237428055, 'g_gpe_stn_mult': 0.16144321551394616, 'g_stn_gpi_mult': 2.711069160252304, 'g_gpe_gpi_mult': 0.30775971054490936}. Best is trial 144 with value: 0.9073438261862171.
[I 2026-05-28 21:16:45,448] Trial 291 finished with value: 6.313004976212692 and parameters: {'ISTN': 83.08068540447022, 'I_gpe': 0.9549196314007466, 'I_gpi': 1.1859698445010542, 'noise_stn_sigma': 4.71257521522214, 'noise_gpe_sigma': 84.70212904190001, 'noise_gpi_sigma': 94.10606049383998, 'g_stn_gpe_mult': 3.8091682221258356, 'g_gpe_stn_mult': 0.16331875615098965, 'g_stn_gpi_mult': 2.8694829865971583, 'g_gpe_gpi_mult': 0.43365585574383664}. Best is trial 144 with value: 0.9073438261862171.
[I 2026-05-28 21:16:46,472] Trial 292 finished with value: 3.6440105505992904 and parameters: {'ISTN': 80.66289764779859, 'I_gpe': 0.9227276818453449, 'I_gpi': 1.3148285770558812, 'noise_stn_sigma': 4.072023582132381, 'noise_gpe_sigma': 86.52038088959435, 'noise_gpi_sigma': 97.52674406132708, 'g_stn_gpe_mult': 3.9312588871660146, 'g_gpe_stn_mult': 0.11384671581176094, 'g_stn_gpi_mult': 2.379392016446023, 'g_gpe_gpi_mult': 0.2857745451292734}. Best is trial 144 with value: 0.9073438261862171.
[I 2026-05-28 21:16:47,493] Trial 293 finished with value: 1.8753308723824853 and parameters: {'ISTN': 77.10417763261691, 'I_gpe': 1.1000381440573248, 'I_gpi': 1.435669627990186, 'noise_stn_sigma': 4.5524886959450885, 'noise_gpe_sigma': 97.49341114443483, 'noise_gpi_sigma': 80.27925900146495, 'g_stn_gpe_mult': 3.602270316056482, 'g_gpe_stn_mult': 0.1302347781567448, 'g_stn_gpi_mult': 2.4445869100574202, 'g_gpe_gpi_mult': 0.37662130193945964}. Best is trial 144 with value: 0.9073438261862171.
[I 2026-05-28 21:16:48,514] Trial 294 finished with value: 7.430250376185275 and parameters: {'ISTN': 79.18102566127645, 'I_gpe': 1.2417824660652568, 'I_gpi': 1.487467781710198, 'noise_stn_sigma': 4.733255563933964, 'noise_gpe_sigma': 93.48948632188332, 'noise_gpi_sigma': 89.39815096223938, 'g_stn_gpe_mult': 3.9124073749443604, 'g_gpe_stn_mult': 0.18118795439938323, 'g_stn_gpi_mult': 2.5699767632330253, 'g_gpe_gpi_mult': 0.3637276199508831}. Best is trial 144 with value: 0.9073438261862171.
[I 2026-05-28 21:16:49,534] Trial 295 finished with value: 6.432468221185842 and parameters: {'ISTN': 79.21524622291138, 'I_gpe': 1.0183050476144844, 'I_gpi': 1.5641651664203535, 'noise_stn_sigma': 4.475950186865576, 'noise_gpe_sigma': 87.13809903539226, 'noise_gpi_sigma': 84.54718286453097, 'g_stn_gpe_mult': 3.7256940935289977, 'g_gpe_stn_mult': 0.1957770216951768, 'g_stn_gpi_mult': 2.5508524145496083, 'g_gpe_gpi_mult': 0.4025790954762786}. Best is trial 144 with value: 0.9073438261862171.
[I 2026-05-28 21:16:50,558] Trial 296 finished with value: 6.27117200306607 and parameters: {'ISTN': 80.08386568869912, 'I_gpe': 1.157495591406792, 'I_gpi': 1.0067896187896064, 'noise_stn_sigma': 5.149211051606228, 'noise_gpe_sigma': 84.95155069781275, 'noise_gpi_sigma': 78.99399233833208, 'g_stn_gpe_mult': 4.0165879849846435, 'g_gpe_stn_mult': 0.11185725047547278, 'g_stn_gpi_mult': 2.6642875629008347, 'g_gpe_gpi_mult': 0.4401445103510419}. Best is trial 144 with value: 0.9073438261862171.
[I 2026-05-28 21:16:51,581] Trial 297 finished with value: 9.007800009887575 and parameters: {'ISTN': 87.66151353376486, 'I_gpe': 1.0182670203429809, 'I_gpi': 1.6930476637934242, 'noise_stn_sigma': 4.69498692586192, 'noise_gpe_sigma': 87.24646796628086, 'noise_gpi_sigma': 89.53582019428669, 'g_stn_gpe_mult': 3.9987548993343878, 'g_gpe_stn_mult': 0.16934795749628184, 'g_stn_gpi_mult': 2.7133683021920363, 'g_gpe_gpi_mult': 0.31684462261400714}. Best is trial 144 with value: 0.9073438261862171.
[I 2026-05-28 21:16:52,602] Trial 298 finished with value: 10.31413345761708 and parameters: {'ISTN': 77.62029975667642, 'I_gpe': 1.2296656572247577, 'I_gpi': 1.2411480703376083, 'noise_stn_sigma': 5.151834049109011, 'noise_gpe_sigma': 87.99952494113386, 'noise_gpi_sigma': 84.49332249735137, 'g_stn_gpe_mult': 3.870096799877589, 'g_gpe_stn_mult': 0.1707426843931097, 'g_stn_gpi_mult': 2.6796451468689035, 'g_gpe_gpi_mult': 0.4940193827370481}. Best is trial 144 with value: 0.9073438261862171.
[I 2026-05-28 21:16:53,623] Trial 299 finished with value: 7.482946674325308 and parameters: {'ISTN': 77.37877183701988, 'I_gpe': 0.7398402701782008, 'I_gpi': 1.4502331971529347, 'noise_stn_sigma': 4.987349650305692, 'noise_gpe_sigma': 98.1355988372839, 'noise_gpi_sigma': 67.26256943715809, 'g_stn_gpe_mult': 3.8326665585946627, 'g_gpe_stn_mult': 0.13776977645723418, 'g_stn_gpi_mult': 2.376714680658691, 'g_gpe_gpi_mult': 0.39511954036923125}. Best is trial 144 with value: 0.9073438261862171.
[I 2026-05-28 21:16:54,644] Trial 300 finished with value: 3.0803281984271993 and parameters: {'ISTN': 71.08870990585847, 'I_gpe': 1.0884756527604686, 'I_gpi': 1.097099270771653, 'noise_stn_sigma': 4.878370063185493, 'noise_gpe_sigma': 86.09369303944531, 'noise_gpi_sigma': 78.56656771036657, 'g_stn_gpe_mult': 3.83619168578466, 'g_gpe_stn_mult': 0.20957928790529068, 'g_stn_gpi_mult': 2.5972326071342127, 'g_gpe_gpi_mult': 0.3609249983862229}. Best is trial 144 with value: 0.9073438261862171.
[I 2026-05-28 21:16:55,665] Trial 301 finished with value: 7.855223799257658 and parameters: {'ISTN': 66.80261276462753, 'I_gpe': 1.0622206208392233, 'I_gpi': 1.2085911422393965, 'noise_stn_sigma': 4.532052332636361, 'noise_gpe_sigma': 92.26560709981048, 'noise_gpi_sigma': 74.66561823022192, 'g_stn_gpe_mult': 3.692061685036931, 'g_gpe_stn_mult': 0.12560719382733113, 'g_stn_gpi_mult': 2.492354896605793, 'g_gpe_gpi_mult': 0.27929975624176495}. Best is trial 144 with value: 0.9073438261862171.
[I 2026-05-28 21:16:56,689] Trial 302 finished with value: 5.409663335936511 and parameters: {'ISTN': 81.13810865884363, 'I_gpe': 1.2408081680354024, 'I_gpi': 1.4391920033849979, 'noise_stn_sigma': 4.369389288215036, 'noise_gpe_sigma': 84.1923779048284, 'noise_gpi_sigma': 98.52024685141949, 'g_stn_gpe_mult': 3.9092398915382347, 'g_gpe_stn_mult': 0.11740851793815957, 'g_stn_gpi_mult': 2.600060022767706, 'g_gpe_gpi_mult': 0.3441971739844788}. Best is trial 144 with value: 0.9073438261862171.
[I 2026-05-28 21:16:57,710] Trial 303 finished with value: 7.3094999360301625 and parameters: {'ISTN': 69.31704149382358, 'I_gpe': 1.0924901282468742, 'I_gpi': 1.0316330825431785, 'noise_stn_sigma': 4.78321832860905, 'noise_gpe_sigma': 95.4238768921398, 'noise_gpi_sigma': 76.11882613682154, 'g_stn_gpe_mult': 3.9639557742095732, 'g_gpe_stn_mult': 0.15051980948602472, 'g_stn_gpi_mult': 2.6375305073128383, 'g_gpe_gpi_mult': 0.4137873735296038}. Best is trial 144 with value: 0.9073438261862171.
[I 2026-05-28 21:16:58,732] Trial 304 finished with value: 8.987372211700563 and parameters: {'ISTN': 66.28611910811927, 'I_gpe': 0.9815819067248398, 'I_gpi': 1.1332189064819418, 'noise_stn_sigma': 4.9300934089481325, 'noise_gpe_sigma': 100.11333543789765, 'noise_gpi_sigma': 74.3921613477757, 'g_stn_gpe_mult': 3.3982344967818405, 'g_gpe_stn_mult': 0.21047963542416115, 'g_stn_gpi_mult': 2.420392507349774, 'g_gpe_gpi_mult': 0.4728630253342333}. Best is trial 144 with value: 0.9073438261862171.
[I 2026-05-28 21:16:59,754] Trial 305 finished with value: 3.0046028919343906 and parameters: {'ISTN': 79.40841851147982, 'I_gpe': 1.2685054080420102, 'I_gpi': 1.2709440519598356, 'noise_stn_sigma': 4.668028391784801, 'noise_gpe_sigma': 86.3947032287259, 'noise_gpi_sigma': 82.31220443354454, 'g_stn_gpe_mult': 3.7173461922528035, 'g_gpe_stn_mult': 0.18313682657051328, 'g_stn_gpi_mult': 2.4277436003787045, 'g_gpe_gpi_mult': 0.3894584692921974}. Best is trial 144 with value: 0.9073438261862171.
[I 2026-05-28 21:17:00,775] Trial 306 finished with value: 8.732480553919045 and parameters: {'ISTN': 80.98927947239586, 'I_gpe': 0.9121253267442737, 'I_gpi': 1.308063218258982, 'noise_stn_sigma': 4.9417074998536945, 'noise_gpe_sigma': 90.27414034691002, 'noise_gpi_sigma': 72.87204313436933, 'g_stn_gpe_mult': 3.5639878714338757, 'g_gpe_stn_mult': 0.15553600362527328, 'g_stn_gpi_mult': 2.392561236850617, 'g_gpe_gpi_mult': 0.4041645737606997}. Best is trial 144 with value: 0.9073438261862171.
[I 2026-05-28 21:17:01,801] Trial 307 finished with value: 7.5438070515373195 and parameters: {'ISTN': 74.96825248851817, 'I_gpe': 0.9526863236644875, 'I_gpi': 1.6166346761096473, 'noise_stn_sigma': 4.713777592223897, 'noise_gpe_sigma': 95.44630516248756, 'noise_gpi_sigma': 91.15066185239345, 'g_stn_gpe_mult': 3.9666379748719622, 'g_gpe_stn_mult': 0.10093442170202566, 'g_stn_gpi_mult': 2.5370639391796534, 'g_gpe_gpi_mult': 0.28675530981653996}. Best is trial 144 with value: 0.9073438261862171.
