[I 2026-05-28 21:28:15,755] Trial 968 finished with value: 2.990415761228133 and parameters: {'ISTN': 75.53249593569214, 'I_gpe': 1.0749065880818462, 'I_gpi': 1.7129303330931431, 'noise_stn_sigma': 4.458269158798068, 'noise_gpe_sigma': 116.12652059373647, 'noise_gpi_sigma': 72.77162240453421, 'g_stn_gpe_mult': 3.673794349692859, 'g_gpe_stn_mult': 0.2337594824560752, 'g_stn_gpi_mult': 2.038128833600666, 'g_gpe_gpi_mult': 0.23885197764153335}. Best is trial 348 with value: 0.8336165651046656.
[I 2026-05-28 21:28:16,776] Trial 969 finished with value: 1.046281635321098 and parameters: {'ISTN': 75.91791261165672, 'I_gpe': 1.081608118103286, 'I_gpi': 1.6767186081972194, 'noise_stn_sigma': 4.454936730213689, 'noise_gpe_sigma': 115.22362264228079, 'noise_gpi_sigma': 72.94462354153822, 'g_stn_gpe_mult': 3.628961871816161, 'g_gpe_stn_mult': 0.23428918743606686, 'g_stn_gpi_mult': 2.0236677607040594, 'g_gpe_gpi_mult': 0.2541814873542989}. Best is trial 348 with value: 0.8336165651046656.
[I 2026-05-28 21:28:17,795] Trial 970 finished with value: 1.0235395133339293 and parameters: {'ISTN': 75.48571790451578, 'I_gpe': 1.0861504565723612, 'I_gpi': 1.6514554313884462, 'noise_stn_sigma': 4.42966093786622, 'noise_gpe_sigma': 114.34929035661499, 'noise_gpi_sigma': 73.49547402038047, 'g_stn_gpe_mult': 3.6740842972678096, 'g_gpe_stn_mult': 0.24111289620055643, 'g_stn_gpi_mult': 2.0709409173177833, 'g_gpe_gpi_mult': 0.24375109293258507}. Best is trial 348 with value: 0.8336165651046656.
[I 2026-05-28 21:28:18,817] Trial 971 finished with value: 4.178940534812891 and parameters: {'ISTN': 75.39282045620597, 'I_gpe': 1.108219891873312, 'I_gpi': 1.7190323508116112, 'noise_stn_sigma': 4.45343359339809, 'noise_gpe_sigma': 114.8630312749443, 'noise_gpi_sigma': 72.79740141246566, 'g_stn_gpe_mult': 3.6910339235063594, 'g_gpe_stn_mult': 0.2308856572530882, 'g_stn_gpi_mult': 2.0200926158215817, 'g_gpe_gpi_mult': 0.24735650616745913}. Best is trial 348 with value: 0.8336165651046656.
[I 2026-05-28 21:28:19,837] Trial 972 finished with value: 1.0074094276211978 and parameters: {'ISTN': 75.36038284990828, 'I_gpe': 1.0910272933901595, 'I_gpi': 1.7239987590301942, 'noise_stn_sigma': 4.560566169414893, 'noise_gpe_sigma': 115.77652389916793, 'noise_gpi_sigma': 72.76363944463029, 'g_stn_gpe_mult': 3.6606406280017305, 'g_gpe_stn_mult': 0.24005747699835067, 'g_stn_gpi_mult': 2.064036848113121, 'g_gpe_gpi_mult': 0.23907234702301922}. Best is trial 348 with value: 0.8336165651046656.
[I 2026-05-28 21:28:20,858] Trial 973 finished with value: 1.3210377152294488 and parameters: {'ISTN': 75.5452599329159, 'I_gpe': 1.084803812514004, 'I_gpi': 1.7556850770939945, 'noise_stn_sigma': 4.452628225189276, 'noise_gpe_sigma': 115.46134748344453, 'noise_gpi_sigma': 73.30759335653906, 'g_stn_gpe_mult': 3.663380883858867, 'g_gpe_stn_mult': 0.23394785701986887, 'g_stn_gpi_mult': 2.0162581171217147, 'g_gpe_gpi_mult': 0.24752448318953624}. Best is trial 348 with value: 0.8336165651046656.
[I 2026-05-28 21:28:21,876] Trial 974 finished with value: 3.39096479062806 and parameters: {'ISTN': 74.99267843541487, 'I_gpe': 1.0891461952989148, 'I_gpi': 1.8100969906087474, 'noise_stn_sigma': 4.408484693669781, 'noise_gpe_sigma': 116.55522384799954, 'noise_gpi_sigma': 72.71919180508436, 'g_stn_gpe_mult': 3.6536710823752836, 'g_gpe_stn_mult': 0.23745535490558095, 'g_stn_gpi_mult': 1.9710824161942957, 'g_gpe_gpi_mult': 0.21941625534243575}. Best is trial 348 with value: 0.8336165651046656.
[I 2026-05-28 21:28:22,894] Trial 975 finished with value: 1.0183017268916537 and parameters: {'ISTN': 75.50401130577588, 'I_gpe': 1.0942776439115112, 'I_gpi': 1.76175302218358, 'noise_stn_sigma': 4.541896540453321, 'noise_gpe_sigma': 114.8832473648175, 'noise_gpi_sigma': 73.09001853457215, 'g_stn_gpe_mult': 3.662628808726388, 'g_gpe_stn_mult': 0.23972456452803592, 'g_stn_gpi_mult': 2.061724342440006, 'g_gpe_gpi_mult': 0.2439814967079348}. Best is trial 348 with value: 0.8336165651046656.
[I 2026-05-28 21:28:23,915] Trial 976 finished with value: 1.0298123400813455 and parameters: {'ISTN': 76.06782438560325, 'I_gpe': 1.0883534695347001, 'I_gpi': 1.7499338636444408, 'noise_stn_sigma': 4.536609329743013, 'noise_gpe_sigma': 114.6391987408179, 'noise_gpi_sigma': 73.03623114831952, 'g_stn_gpe_mult': 3.681921100730719, 'g_gpe_stn_mult': 0.22940506711521866, 'g_stn_gpi_mult': 2.0632446176378014, 'g_gpe_gpi_mult': 0.2560720775905641}. Best is trial 348 with value: 0.8336165651046656.
[I 2026-05-28 21:28:24,936] Trial 977 finished with value: 1.015410452049695 and parameters: {'ISTN': 75.01953079713674, 'I_gpe': 1.094909674818532, 'I_gpi': 1.7093575730472033, 'noise_stn_sigma': 4.5234273226904484, 'noise_gpe_sigma': 114.7531902330457, 'noise_gpi_sigma': 72.75450174062598, 'g_stn_gpe_mult': 3.6950369597708765, 'g_gpe_stn_mult': 0.24410804445963905, 'g_stn_gpi_mult': 2.0578367417041683, 'g_gpe_gpi_mult': 0.25369837808177986}. Best is trial 348 with value: 0.8336165651046656.
[I 2026-05-28 21:28:25,956] Trial 978 finished with value: 1.033721599439337 and parameters: {'ISTN': 75.56488114138209, 'I_gpe': 1.0983631848080506, 'I_gpi': 1.6931130207895877, 'noise_stn_sigma': 4.507926003848779, 'noise_gpe_sigma': 114.5495025719863, 'noise_gpi_sigma': 73.29545998419881, 'g_stn_gpe_mult': 3.656999774899741, 'g_gpe_stn_mult': 0.2353796891474312, 'g_stn_gpi_mult': 2.0983618792330185, 'g_gpe_gpi_mult': 0.2582786806804535}. Best is trial 348 with value: 0.8336165651046656.
[I 2026-05-28 21:28:26,980] Trial 979 finished with value: 1.0539207256435914 and parameters: {'ISTN': 76.04019143725192, 'I_gpe': 1.09099000658735, 'I_gpi': 1.7708325228734472, 'noise_stn_sigma': 4.416695674621497, 'noise_gpe_sigma': 114.85244194394093, 'noise_gpi_sigma': 73.72444079931543, 'g_stn_gpe_mult': 3.6546518123910015, 'g_gpe_stn_mult': 0.23569222589300745, 'g_stn_gpi_mult': 2.0371102901754137, 'g_gpe_gpi_mult': 0.24089986241578393}. Best is trial 348 with value: 0.8336165651046656.
[I 2026-05-28 21:28:28,001] Trial 980 finished with value: 1.6559053721472594 and parameters: {'ISTN': 74.82500165323273, 'I_gpe': 1.0876139060996373, 'I_gpi': 1.7652367318858082, 'noise_stn_sigma': 4.444947019794942, 'noise_gpe_sigma': 114.76336637808556, 'noise_gpi_sigma': 72.71459519962357, 'g_stn_gpe_mult': 3.66292901589562, 'g_gpe_stn_mult': 0.24657977033702144, 'g_stn_gpi_mult': 2.0433886873909812, 'g_gpe_gpi_mult': 0.2514184167338957}. Best is trial 348 with value: 0.8336165651046656.
[I 2026-05-28 21:28:29,022] Trial 981 finished with value: 1.4319027896103516 and parameters: {'ISTN': 75.35328066217629, 'I_gpe': 1.1004731559797198, 'I_gpi': 1.7203428746562253, 'noise_stn_sigma': 4.541601786447255, 'noise_gpe_sigma': 115.01024993690024, 'noise_gpi_sigma': 74.90739665587023, 'g_stn_gpe_mult': 3.7016192087974806, 'g_gpe_stn_mult': 0.24342019680778304, 'g_stn_gpi_mult': 2.065401654218684, 'g_gpe_gpi_mult': 0.25122601062083477}. Best is trial 348 with value: 0.8336165651046656.
[I 2026-05-28 21:28:30,043] Trial 982 finished with value: 1.1120208078787774 and parameters: {'ISTN': 76.23554736883989, 'I_gpe': 1.0770755237087868, 'I_gpi': 1.6358215457575724, 'noise_stn_sigma': 4.484079213382244, 'noise_gpe_sigma': 114.32161442730971, 'noise_gpi_sigma': 74.72407863993149, 'g_stn_gpe_mult': 3.6520098095670113, 'g_gpe_stn_mult': 0.23538421342808594, 'g_stn_gpi_mult': 2.0458237056163346, 'g_gpe_gpi_mult': 0.24157716541162144}. Best is trial 348 with value: 0.8336165651046656.
[I 2026-05-28 21:28:31,063] Trial 983 finished with value: 2.985603212968135 and parameters: {'ISTN': 75.35681982380589, 'I_gpe': 1.0851426737435834, 'I_gpi': 1.6948635153511344, 'noise_stn_sigma': 4.542983530035807, 'noise_gpe_sigma': 115.45808415201023, 'noise_gpi_sigma': 73.07696033328779, 'g_stn_gpe_mult': 3.637517060118588, 'g_gpe_stn_mult': 0.23356931472761347, 'g_stn_gpi_mult': 2.0487349866657825, 'g_gpe_gpi_mult': 0.2327689367268525}. Best is trial 348 with value: 0.8336165651046656.
[I 2026-05-28 21:28:32,084] Trial 984 finished with value: 1.43859755729635 and parameters: {'ISTN': 75.01543128527406, 'I_gpe': 1.0943568472123637, 'I_gpi': 1.69013830626273, 'noise_stn_sigma': 4.510148955607265, 'noise_gpe_sigma': 115.70482583918493, 'noise_gpi_sigma': 73.28234825475553, 'g_stn_gpe_mult': 3.663526453929538, 'g_gpe_stn_mult': 0.2413229877986658, 'g_stn_gpi_mult': 2.040862054189337, 'g_gpe_gpi_mult': 0.2319139238901329}. Best is trial 348 with value: 0.8336165651046656.
[I 2026-05-28 21:28:33,103] Trial 985 finished with value: 1.0169464251048106 and parameters: {'ISTN': 75.35894242313, 'I_gpe': 1.0938578717838452, 'I_gpi': 1.6706712534628108, 'noise_stn_sigma': 4.516314622918635, 'noise_gpe_sigma': 114.43252715522344, 'noise_gpi_sigma': 72.96287808049989, 'g_stn_gpe_mult': 3.6361501211078964, 'g_gpe_stn_mult': 0.24034837330065834, 'g_stn_gpi_mult': 2.089398456558479, 'g_gpe_gpi_mult': 0.2532400155252379}. Best is trial 348 with value: 0.8336165651046656.
[I 2026-05-28 21:28:34,125] Trial 986 finished with value: 1.051264589095826 and parameters: {'ISTN': 75.7907766201113, 'I_gpe': 1.0844801381442912, 'I_gpi': 1.7440669006102842, 'noise_stn_sigma': 4.576650049116731, 'noise_gpe_sigma': 115.83733739251622, 'noise_gpi_sigma': 72.38164979276452, 'g_stn_gpe_mult': 3.6520018494042783, 'g_gpe_stn_mult': 0.23689970882003303, 'g_stn_gpi_mult': 2.0727395631104586, 'g_gpe_gpi_mult': 0.2398057703566604}. Best is trial 348 with value: 0.8336165651046656.
[I 2026-05-28 21:28:35,145] Trial 987 finished with value: 1.0457353636986437 and parameters: {'ISTN': 75.72390029417514, 'I_gpe': 1.0900665093204849, 'I_gpi': 1.715399510315911, 'noise_stn_sigma': 4.604704526731069, 'noise_gpe_sigma': 114.2367152030212, 'noise_gpi_sigma': 72.76232394032189, 'g_stn_gpe_mult': 3.678419983787301, 'g_gpe_stn_mult': 0.23905872446445467, 'g_stn_gpi_mult': 2.073868729579247, 'g_gpe_gpi_mult': 0.2638485508872595}. Best is trial 348 with value: 0.8336165651046656.
[I 2026-05-28 21:28:36,165] Trial 988 finished with value: 1.0158712748233332 and parameters: {'ISTN': 75.03228035047755, 'I_gpe': 1.088563923958803, 'I_gpi': 1.7066803699807427, 'noise_stn_sigma': 4.501045249142058, 'noise_gpe_sigma': 116.6570914207758, 'noise_gpi_sigma': 73.1138546782711, 'g_stn_gpe_mult': 3.639576235464236, 'g_gpe_stn_mult': 0.2437268655715381, 'g_stn_gpi_mult': 2.053729065720509, 'g_gpe_gpi_mult': 0.2345025149972328}. Best is trial 348 with value: 0.8336165651046656.
[I 2026-05-28 21:28:37,186] Trial 989 finished with value: 1.9571523186420337 and parameters: {'ISTN': 75.42810705766188, 'I_gpe': 1.1051905397317956, 'I_gpi': 1.7735387414809565, 'noise_stn_sigma': 4.584843238505355, 'noise_gpe_sigma': 112.5816438432367, 'noise_gpi_sigma': 75.04954515084327, 'g_stn_gpe_mult': 3.6732229812639856, 'g_gpe_stn_mult': 0.23009957126278904, 'g_stn_gpi_mult': 2.0525591630236013, 'g_gpe_gpi_mult': 0.2597496387686005}. Best is trial 348 with value: 0.8336165651046656.
[I 2026-05-28 21:28:38,205] Trial 990 finished with value: 1.001142781706744 and parameters: {'ISTN': 75.35514095242114, 'I_gpe': 1.0896323300640913, 'I_gpi': 1.762549545792261, 'noise_stn_sigma': 4.55144751087631, 'noise_gpe_sigma': 114.50766622181581, 'noise_gpi_sigma': 73.44486235076721, 'g_stn_gpe_mult': 3.6993159044410886, 'g_gpe_stn_mult': 0.24367436455976899, 'g_stn_gpi_mult': 2.095459769072058, 'g_gpe_gpi_mult': 0.24453995954694402}. Best is trial 348 with value: 0.8336165651046656.
[I 2026-05-28 21:28:39,227] Trial 991 finished with value: 1.0508496595637216 and parameters: {'ISTN': 75.94528052106395, 'I_gpe': 1.0804814095009756, 'I_gpi': 1.6827349817421648, 'noise_stn_sigma': 4.491594638695596, 'noise_gpe_sigma': 115.03620555858441, 'noise_gpi_sigma': 74.0887453076713, 'g_stn_gpe_mult': 3.6463904333069608, 'g_gpe_stn_mult': 0.23410677782986555, 'g_stn_gpi_mult': 2.083960197592718, 'g_gpe_gpi_mult': 0.23364150247246016}. Best is trial 348 with value: 0.8336165651046656.
[I 2026-05-28 21:28:40,249] Trial 992 finished with value: 1.044499281446429 and parameters: {'ISTN': 75.40559748814576, 'I_gpe': 1.1005348575164973, 'I_gpi': 1.6843668625468449, 'noise_stn_sigma': 4.6344574187179886, 'noise_gpe_sigma': 114.7070090660086, 'noise_gpi_sigma': 72.31214365072006, 'g_stn_gpe_mult': 3.646959490768781, 'g_gpe_stn_mult': 0.2361868262204737, 'g_stn_gpi_mult': 2.10686406022504, 'g_gpe_gpi_mult': 0.25961992318788807}. Best is trial 348 with value: 0.8336165651046656.
[I 2026-05-28 21:28:41,268] Trial 993 finished with value: 1.1746511046199275 and parameters: {'ISTN': 74.6724673502853, 'I_gpe': 1.0956469372303923, 'I_gpi': 1.7477628205168312, 'noise_stn_sigma': 4.55376342931277, 'noise_gpe_sigma': 115.72413842398626, 'noise_gpi_sigma': 73.50300568412062, 'g_stn_gpe_mult': 3.708366357066285, 'g_gpe_stn_mult': 0.2533066389057308, 'g_stn_gpi_mult': 2.103928406367686, 'g_gpe_gpi_mult': 0.24137642413432006}. Best is trial 348 with value: 0.8336165651046656.
[I 2026-05-28 21:28:42,288] Trial 994 finished with value: 1.2535843002387683 and parameters: {'ISTN': 75.65882363050271, 'I_gpe': 1.1020627354598584, 'I_gpi': 1.7325464792939802, 'noise_stn_sigma': 4.556938529394202, 'noise_gpe_sigma': 114.31817653672789, 'noise_gpi_sigma': 73.76218184287515, 'g_stn_gpe_mult': 3.66005744148829, 'g_gpe_stn_mult': 0.24063604980291384, 'g_stn_gpi_mult': 2.1543585828120912, 'g_gpe_gpi_mult': 0.25679069077865363}. Best is trial 348 with value: 0.8336165651046656.
[I 2026-05-28 21:28:43,307] Trial 995 finished with value: 1.037978855885613 and parameters: {'ISTN': 75.43308760520728, 'I_gpe': 1.10605498482402, 'I_gpi': 1.736464795360451, 'noise_stn_sigma': 4.467594801123269, 'noise_gpe_sigma': 114.51932543700762, 'noise_gpi_sigma': 73.43299184697716, 'g_stn_gpe_mult': 3.651529535043226, 'g_gpe_stn_mult': 0.24163179693931366, 'g_stn_gpi_mult': 2.038308960784816, 'g_gpe_gpi_mult': 0.25250373742383436}. Best is trial 348 with value: 0.8336165651046656.
[I 2026-05-28 21:28:44,325] Trial 996 finished with value: 0.9733019355343563 and parameters: {'ISTN': 74.57536386774389, 'I_gpe': 1.0937667769124975, 'I_gpi': 1.740157575552372, 'noise_stn_sigma': 4.529116755658626, 'noise_gpe_sigma': 114.82724474261805, 'noise_gpi_sigma': 73.73135401109968, 'g_stn_gpe_mult': 3.6880775184554753, 'g_gpe_stn_mult': 0.24750999785236938, 'g_stn_gpi_mult': 2.084019846223227, 'g_gpe_gpi_mult': 0.23957105056163971}. Best is trial 348 with value: 0.8336165651046656.
[I 2026-05-28 21:28:45,343] Trial 997 finished with value: 1.014907528719692 and parameters: {'ISTN': 75.65737128972067, 'I_gpe': 1.091436873872309, 'I_gpi': 1.769265648669359, 'noise_stn_sigma': 4.501583696877907, 'noise_gpe_sigma': 114.4095737627758, 'noise_gpi_sigma': 72.42127879914692, 'g_stn_gpe_mult': 3.6831900198839542, 'g_gpe_stn_mult': 0.23849066870606583, 'g_stn_gpi_mult': 2.1152683366707974, 'g_gpe_gpi_mult': 0.24297265636581938}. Best is trial 348 with value: 0.8336165651046656.
[I 2026-05-28 21:28:46,361] Trial 998 finished with value: 1.0077980884708606 and parameters: {'ISTN': 75.2074106888887, 'I_gpe': 1.082192136069429, 'I_gpi': 1.7103079374612409, 'noise_stn_sigma': 4.538392640387331, 'noise_gpe_sigma': 115.57232134352466, 'noise_gpi_sigma': 73.16661924220585, 'g_stn_gpe_mult': 3.6306358116857695, 'g_gpe_stn_mult': 0.24573748678357815, 'g_stn_gpi_mult': 2.0885029334053193, 'g_gpe_gpi_mult': 0.22599681329319052}. Best is trial 348 with value: 0.8336165651046656.
[I 2026-05-28 21:28:47,379] Trial 999 finished with value: 1.8126191332055697 and parameters: {'ISTN': 75.0065185700239, 'I_gpe': 1.1068352722879111, 'I_gpi': 1.8062660887378517, 'noise_stn_sigma': 4.543020044536033, 'noise_gpe_sigma': 114.7746019250501, 'noise_gpi_sigma': 72.95218666337271, 'g_stn_gpe_mult': 3.6923534344971056, 'g_gpe_stn_mult': 0.24209972201395952, 'g_stn_gpi_mult': 2.092416099073192, 'g_gpe_gpi_mult': 0.23895020323166447}. Best is trial 348 with value: 0.8336165651046656.
Condition: het010
Seed: 42, Trials: 1000
Bounds:
  ISTN: [60.0, 150.0]
  I_gpe: [0.5, 4.0]
  I_gpi: [1.0, 5.0]
  noise_stn_sigma: [1.0, 8.0]
  noise_gpe_sigma: [20.0, 150.0]
  noise_gpi_sigma: [20.0, 150.0]
  g_stn_gpe_mult: [1.5, 5.0]
  g_gpe_stn_mult: [0.1, 0.8]
  g_stn_gpi_mult: [1.0, 4.0]
  g_gpe_gpi_mult: [0.2, 1.2]
Weights: {'rate': 5.0, 'cv': 0.2, 'beta': 15.0}
JAX devices: [CudaDevice(id=0)]

Building simulator...
Warming up JIT...
JIT ready.


============================================================
DONE: het010 (seed=42)
  Time: 17.0 min
  Best loss: 0.8336
  STN: 37.1 Hz (target 27.5)
  GPe: 42.4 Hz (target 42.5)
  GPi: 69.7 Hz (target 82.5)
  GPe beta: 23.8%
  STN beta: 2.2%
  Synaptic multipliers:
    g_stn_gpe_mult: 3.766
    g_gpe_stn_mult: 0.171
    g_stn_gpi_mult: 2.547
    g_gpe_gpi_mult: 0.302
  Saved: results/sensitivity2/heterogeneity/het010.pkl
EXIT: 0
