[I 2026-05-28 21:11:46,474] A new study created in memory with name: sensitivity_het010
[I 2026-05-28 21:11:48,915] Trial 0 finished with value: 29.433811822756137 and parameters: {'ISTN': 93.70861069626262, 'I_gpe': 3.827500072434707, 'I_gpi': 3.9279757672456204, 'noise_stn_sigma': 5.190609389379256, 'noise_gpe_sigma': 40.28242325751675, 'noise_gpi_sigma': 40.27928764370634, 'g_stn_gpe_mult': 1.703292642588698, 'g_gpe_stn_mult': 0.7063233020424546, 'g_stn_gpi_mult': 2.8033450352296265, 'g_gpe_gpi_mult': 0.9080725777960454}. Best is trial 0 with value: 29.433811822756137.
[I 2026-05-28 21:11:49,945] Trial 1 finished with value: 19.24561867169723 and parameters: {'ISTN': 102.18398227973381, 'I_gpe': 1.7822592367307524, 'I_gpi': 2.0402078942860182, 'noise_stn_sigma': 5.527278325084124, 'noise_gpe_sigma': 64.87605951987203, 'noise_gpi_sigma': 128.16311557229506, 'g_stn_gpe_mult': 3.8783201895114314, 'g_gpe_stn_mult': 0.4633636096255428, 'g_stn_gpi_mult': 1.9201572567197984, 'g_gpe_gpi_mult': 0.5716581854888545}. Best is trial 1 with value: 19.24561867169723.
[I 2026-05-28 21:11:50,964] Trial 2 finished with value: 19.096961279905596 and parameters: {'ISTN': 104.05697545714605, 'I_gpe': 1.6990806611446447, 'I_gpi': 2.1093322736015803, 'noise_stn_sigma': 4.391415413253829, 'noise_gpe_sigma': 95.78215145683166, 'noise_gpi_sigma': 112.26271914252017, 'g_stn_gpe_mult': 3.620508535432487, 'g_gpe_stn_mult': 0.48253375989294744, 'g_stn_gpi_mult': 2.4349864676102033, 'g_gpe_gpi_mult': 0.8838728082220315}. Best is trial 2 with value: 19.096961279905596.
[I 2026-05-28 21:11:51,984] Trial 3 finished with value: 27.227866622069108 and parameters: {'ISTN': 124.05768254138863, 'I_gpe': 2.4404639905642638, 'I_gpi': 2.929437307767527, 'noise_stn_sigma': 4.597526383157501, 'noise_gpe_sigma': 123.71799364703026, 'noise_gpi_sigma': 102.97034598752232, 'g_stn_gpe_mult': 3.0886712355338317, 'g_gpe_stn_mult': 0.27286655747132477, 'g_stn_gpi_mult': 3.5949342956186348, 'g_gpe_gpi_mult': 0.596177167198813}. Best is trial 2 with value: 19.096961279905596.
[I 2026-05-28 21:11:53,005] Trial 4 finished with value: 3.8765537364863683 and parameters: {'ISTN': 61.327006512303655, 'I_gpe': 2.322282146919423, 'I_gpi': 2.6397695163821506, 'noise_stn_sigma': 3.62253468740132, 'noise_gpe_sigma': 78.9240566977039, 'noise_gpi_sigma': 101.63027934654737, 'g_stn_gpe_mult': 3.374074127741162, 'g_gpe_stn_mult': 0.2130397972288703, 'g_stn_gpi_mult': 2.0912746715201935, 'g_gpe_gpi_mult': 0.6568869944818863}. Best is trial 4 with value: 3.8765537364863683.
[I 2026-05-28 21:11:54,028] Trial 5 finished with value: 28.240283987938316 and parameters: {'ISTN': 118.21835604782609, 'I_gpe': 1.5081892774313215, 'I_gpi': 3.899768098732145, 'noise_stn_sigma': 3.936086758513816, 'noise_gpe_sigma': 119.32152160252447, 'noise_gpi_sigma': 102.30543016488373, 'g_stn_gpe_mult': 2.9807792455418993, 'g_gpe_stn_mult': 0.5137698475759706, 'g_stn_gpi_mult': 2.9949380788413196, 'g_gpe_gpi_mult': 0.9635506695066518}. Best is trial 4 with value: 3.8765537364863683.
[I 2026-05-28 21:11:55,048] Trial 6 finished with value: 25.9468442899919 and parameters: {'ISTN': 121.61855037844573, 'I_gpe': 1.6513293219198029, 'I_gpi': 2.8432761902587727, 'noise_stn_sigma': 3.8480047711083603, 'noise_gpe_sigma': 74.143091992362, 'noise_gpi_sigma': 62.05518437298985, 'g_stn_gpe_mult': 3.3767409216885813, 'g_gpe_stn_mult': 0.39119594338519237, 'g_stn_gpi_mult': 2.347357900801299, 'g_gpe_gpi_mult': 0.4142625832855039}. Best is trial 4 with value: 3.8765537364863683.
[I 2026-05-28 21:11:56,070] Trial 7 finished with value: 22.95567107085022 and parameters: {'ISTN': 118.14807622329761, 'I_gpe': 1.5486294089623256, 'I_gpi': 2.4516321436833994, 'noise_stn_sigma': 2.679013017620471, 'noise_gpe_sigma': 56.04599877645517, 'noise_gpi_sigma': 116.28652710522236, 'g_stn_gpe_mult': 2.9922746566942053, 'g_gpe_stn_mult': 0.2955859336866355, 'g_stn_gpi_mult': 1.716124621409335, 'g_gpe_gpi_mult': 0.5179871881249729}. Best is trial 4 with value: 3.8765537364863683.
[I 2026-05-28 21:11:57,089] Trial 8 finished with value: 32.357948509180545 and parameters: {'ISTN': 125.24171270223263, 'I_gpe': 2.8526086943177944, 'I_gpi': 2.0678354736293487, 'noise_stn_sigma': 3.402302701760284, 'noise_gpe_sigma': 94.41082187084776, 'noise_gpi_sigma': 98.9600504549821, 'g_stn_gpe_mult': 3.6329764552383, 'g_gpe_stn_mult': 0.2538139817870882, 'g_stn_gpi_mult': 2.8573669779553246, 'g_gpe_gpi_mult': 0.7596331107049075}. Best is trial 4 with value: 3.8765537364863683.
[I 2026-05-28 21:11:58,110] Trial 9 finished with value: 23.77575381148972 and parameters: {'ISTN': 108.06144798180426, 'I_gpe': 2.088159593914187, 'I_gpi': 2.7321182722451014, 'noise_stn_sigma': 3.3524793808782456, 'noise_gpe_sigma': 48.88483497946666, 'noise_gpi_sigma': 129.93936748396976, 'g_stn_gpe_mult': 3.302290408301439, 'g_gpe_stn_mult': 0.5428025966104797, 'g_stn_gpi_mult': 2.2888222168539225, 'g_gpe_gpi_mult': 0.6716607335175118}. Best is trial 4 with value: 3.8765537364863683.
[I 2026-05-28 21:11:59,130] Trial 10 finished with value: 24.56802934699487 and parameters: {'ISTN': 105.28930217987374, 'I_gpe': 2.764126309775512, 'I_gpi': 1.33834956817683, 'noise_stn_sigma': 2.965503538344267, 'noise_gpe_sigma': 129.52996397114705, 'noise_gpi_sigma': 96.48201510531312, 'g_stn_gpe_mult': 3.0608279134787137, 'g_gpe_stn_mult': 0.462684887025272, 'g_stn_gpi_mult': 2.045535048975993, 'g_gpe_gpi_mult': 0.7985205433522264}. Best is trial 4 with value: 3.8765537364863683.
[I 2026-05-28 21:12:00,152] Trial 11 finished with value: 20.66802996283082 and parameters: {'ISTN': 91.01202561044644, 'I_gpe': 2.7702195274285493, 'I_gpi': 2.4700773675621375, 'noise_stn_sigma': 6.264338221528082, 'noise_gpe_sigma': 43.63804211722858, 'noise_gpi_sigma': 143.00649507230492, 'g_stn_gpe_mult': 4.430154135991723, 'g_gpe_stn_mult': 0.15251433852659058, 'g_stn_gpi_mult': 2.8670496438310566, 'g_gpe_gpi_mult': 0.4450853707500477}. Best is trial 4 with value: 3.8765537364863683.
[I 2026-05-28 21:12:01,174] Trial 12 finished with value: 11.701385599302174 and parameters: {'ISTN': 92.23943641584998, 'I_gpe': 0.9076059287253593, 'I_gpi': 2.0217461746130088, 'noise_stn_sigma': 4.492055196072763, 'noise_gpe_sigma': 87.30859026256127, 'noise_gpi_sigma': 110.55785022466351, 'g_stn_gpe_mult': 3.0590925328811194, 'g_gpe_stn_mult': 0.38992249378637867, 'g_stn_gpi_mult': 2.6694390102538073, 'g_gpe_gpi_mult': 0.4817431922736006}. Best is trial 4 with value: 3.8765537364863683.
[I 2026-05-28 21:12:02,195] Trial 13 finished with value: 13.335068737953799 and parameters: {'ISTN': 98.2501371273615, 'I_gpe': 0.9305226633353474, 'I_gpi': 2.3552899310420288, 'noise_stn_sigma': 3.833429954488149, 'noise_gpe_sigma': 93.3485769421895, 'noise_gpi_sigma': 84.16702911415106, 'g_stn_gpe_mult': 4.498853928911168, 'g_gpe_stn_mult': 0.4034766639875137, 'g_stn_gpi_mult': 1.3646315577465622, 'g_gpe_gpi_mult': 0.5565336113645392}. Best is trial 4 with value: 3.8765537364863683.
[I 2026-05-28 21:12:03,215] Trial 14 finished with value: 19.01752521544009 and parameters: {'ISTN': 97.76678858408732, 'I_gpe': 2.6568073888292547, 'I_gpi': 4.212771563946491, 'noise_stn_sigma': 2.894719190335062, 'noise_gpe_sigma': 119.64120471379196, 'noise_gpi_sigma': 111.10691466390597, 'g_stn_gpe_mult': 3.037624376543155, 'g_gpe_stn_mult': 0.4805957908714874, 'g_stn_gpi_mult': 2.2865341491855338, 'g_gpe_gpi_mult': 0.6530559319719413}. Best is trial 4 with value: 3.8765537364863683.
[I 2026-05-28 21:12:04,236] Trial 15 finished with value: 14.62272189893756 and parameters: {'ISTN': 88.90702953949165, 'I_gpe': 1.4541513077232917, 'I_gpi': 2.9139741998772637, 'noise_stn_sigma': 2.54953902867887, 'noise_gpe_sigma': 55.74182395441248, 'noise_gpi_sigma': 105.29186991235493, 'g_stn_gpe_mult': 3.210142883886136, 'g_gpe_stn_mult': 0.4217749726602126, 'g_stn_gpi_mult': 2.7629094993547003, 'g_gpe_gpi_mult': 0.6272346608866746}. Best is trial 4 with value: 3.8765537364863683.
[I 2026-05-28 21:12:05,256] Trial 16 finished with value: 12.280840477784329 and parameters: {'ISTN': 68.83695690211161, 'I_gpe': 2.1854522772025406, 'I_gpi': 1.8034084501196919, 'noise_stn_sigma': 3.707699239733282, 'noise_gpe_sigma': 78.35571329898943, 'noise_gpi_sigma': 124.5829569092386, 'g_stn_gpe_mult': 3.3026049474624832, 'g_gpe_stn_mult': 0.3047896604969722, 'g_stn_gpi_mult': 2.2902773312651634, 'g_gpe_gpi_mult': 0.8027807554488986}. Best is trial 4 with value: 3.8765537364863683.
[I 2026-05-28 21:12:06,275] Trial 17 finished with value: 17.158452860505268 and parameters: {'ISTN': 98.42425761398381, 'I_gpe': 1.407905574841333, 'I_gpi': 3.2049661879227482, 'noise_stn_sigma': 2.3801038232388967, 'noise_gpe_sigma': 123.83798826911347, 'noise_gpi_sigma': 86.12555062003749, 'g_stn_gpe_mult': 3.565641347231007, 'g_gpe_stn_mult': 0.22624179045348444, 'g_stn_gpi_mult': 2.009559919721889, 'g_gpe_gpi_mult': 0.8835578214060935}. Best is trial 4 with value: 3.8765537364863683.
[I 2026-05-28 21:12:07,296] Trial 18 finished with value: 31.506084384874775 and parameters: {'ISTN': 119.87027752074079, 'I_gpe': 2.49453439560289, 'I_gpi': 2.3574729394786953, 'noise_stn_sigma': 3.774093887019455, 'noise_gpe_sigma': 118.54453586678368, 'noise_gpi_sigma': 92.30369723894796, 'g_stn_gpe_mult': 3.707490459001575, 'g_gpe_stn_mult': 0.5309671921366199, 'g_stn_gpi_mult': 2.8010509598289897, 'g_gpe_gpi_mult': 0.4531963647107637}. Best is trial 4 with value: 3.8765537364863683.
[I 2026-05-28 21:12:08,318] Trial 19 finished with value: 13.948452943352287 and parameters: {'ISTN': 93.60348922662911, 'I_gpe': 2.168744608102269, 'I_gpi': 2.8311672649659583, 'noise_stn_sigma': 5.7665226933556655, 'noise_gpe_sigma': 94.12088720392964, 'noise_gpi_sigma': 101.88996229631084, 'g_stn_gpe_mult': 3.399464957232546, 'g_gpe_stn_mult': 0.3318334768360236, 'g_stn_gpi_mult': 1.6457789169420576, 'g_gpe_gpi_mult': 0.6091525709117809}. Best is trial 4 with value: 3.8765537364863683.
[I 2026-05-28 21:12:09,345] Trial 20 finished with value: 15.137814282739368 and parameters: {'ISTN': 90.5277946220252, 'I_gpe': 1.1089940018184723, 'I_gpi': 2.711609703204026, 'noise_stn_sigma': 4.214518016369167, 'noise_gpe_sigma': 87.79890572559893, 'noise_gpi_sigma': 119.7898007010539, 'g_stn_gpe_mult': 4.171459886421194, 'g_gpe_stn_mult': 0.35738976536332057, 'g_stn_gpi_mult': 1.7974686113229361, 'g_gpe_gpi_mult': 0.9800443153591503}. Best is trial 4 with value: 3.8765537364863683.
[I 2026-05-28 21:12:10,366] Trial 21 finished with value: 12.678457596805874 and parameters: {'ISTN': 96.81797485451305, 'I_gpe': 0.9614032524497178, 'I_gpi': 2.146344173850539, 'noise_stn_sigma': 5.059661504269567, 'noise_gpe_sigma': 78.51182288469238, 'noise_gpi_sigma': 131.76581862204426, 'g_stn_gpe_mult': 3.7373315768635247, 'g_gpe_stn_mult': 0.40739776746010725, 'g_stn_gpi_mult': 2.2950487595946454, 'g_gpe_gpi_mult': 0.6836365982916794}. Best is trial 4 with value: 3.8765537364863683.
[I 2026-05-28 21:12:11,387] Trial 22 finished with value: 13.220490479546392 and parameters: {'ISTN': 75.75074145586954, 'I_gpe': 1.55009956200725, 'I_gpi': 1.5240195544284307, 'noise_stn_sigma': 4.639539993487819, 'noise_gpe_sigma': 105.20133061242946, 'noise_gpi_sigma': 93.91700388387993, 'g_stn_gpe_mult': 4.5201839254466485, 'g_gpe_stn_mult': 0.35866888839706823, 'g_stn_gpi_mult': 2.004946061399221, 'g_gpe_gpi_mult': 0.5563592360685263}. Best is trial 4 with value: 3.8765537364863683.
[I 2026-05-28 21:12:12,405] Trial 23 finished with value: 17.641779960407916 and parameters: {'ISTN': 105.60161575978711, 'I_gpe': 0.6344179550796222, 'I_gpi': 1.9267297572314181, 'noise_stn_sigma': 3.2589620050778945, 'noise_gpe_sigma': 107.09010826249835, 'noise_gpi_sigma': 133.86666212497602, 'g_stn_gpe_mult': 3.174309675001867, 'g_gpe_stn_mult': 0.42074452660009964, 'g_stn_gpi_mult': 2.9229375907490804, 'g_gpe_gpi_mult': 0.5336762841533139}. Best is trial 4 with value: 3.8765537364863683.
[I 2026-05-28 21:12:13,426] Trial 24 finished with value: 10.098832389817542 and parameters: {'ISTN': 77.87357341876995, 'I_gpe': 0.5375386912918705, 'I_gpi': 1.3669274370684152, 'noise_stn_sigma': 1.3788034907175422, 'noise_gpe_sigma': 115.60376831007486, 'noise_gpi_sigma': 109.97777938907706, 'g_stn_gpe_mult': 3.5945431078698853, 'g_gpe_stn_mult': 0.34304363351250994, 'g_stn_gpi_mult': 2.1311161083672743, 'g_gpe_gpi_mult': 0.7051909217474195}. Best is trial 4 with value: 3.8765537364863683.
[I 2026-05-28 21:12:14,451] Trial 25 finished with value: 12.1628424444627 and parameters: {'ISTN': 106.69922577275051, 'I_gpe': 0.965895626598753, 'I_gpi': 2.0050822753759387, 'noise_stn_sigma': 3.21804678587822, 'noise_gpe_sigma': 64.27698744704283, 'noise_gpi_sigma': 96.14558792836294, 'g_stn_gpe_mult': 3.3263911373074624, 'g_gpe_stn_mult': 0.34458721342320553, 'g_stn_gpi_mult': 2.235070517723336, 'g_gpe_gpi_mult': 0.5676702298429421}. Best is trial 4 with value: 3.8765537364863683.
[I 2026-05-28 21:12:15,474] Trial 26 finished with value: 17.292613182007955 and parameters: {'ISTN': 89.33748356404932, 'I_gpe': 2.4814031097823688, 'I_gpi': 1.5041455136226451, 'noise_stn_sigma': 4.317106802692169, 'noise_gpe_sigma': 87.64786971207731, 'noise_gpi_sigma': 116.46066098764841, 'g_stn_gpe_mult': 3.2956092746944115, 'g_gpe_stn_mult': 0.4056218402984306, 'g_stn_gpi_mult': 2.1943657549810203, 'g_gpe_gpi_mult': 0.6161781692285659}. Best is trial 4 with value: 3.8765537364863683.
[I 2026-05-28 21:12:16,505] Trial 27 finished with value: 14.443753744641038 and parameters: {'ISTN': 82.19837279464228, 'I_gpe': 2.2941192418433776, 'I_gpi': 1.5421090272033355, 'noise_stn_sigma': 4.343754542621539, 'noise_gpe_sigma': 53.82328520915812, 'noise_gpi_sigma': 148.945748805439, 'g_stn_gpe_mult': 3.134781178021976, 'g_gpe_stn_mult': 0.5404868810353215, 'g_stn_gpi_mult': 2.1765978748647683, 'g_gpe_gpi_mult': 0.4138609392409798}. Best is trial 4 with value: 3.8765537364863683.
[I 2026-05-28 21:12:17,525] Trial 28 finished with value: 9.26111805637203 and parameters: {'ISTN': 97.23678476065795, 'I_gpe': 0.9274753287737597, 'I_gpi': 3.0191938932745357, 'noise_stn_sigma': 5.328792030511312, 'noise_gpe_sigma': 105.07844280593899, 'noise_gpi_sigma': 106.78576345733381, 'g_stn_gpe_mult': 3.686980448581301, 'g_gpe_stn_mult': 0.19597183956364855, 'g_stn_gpi_mult': 1.822548965748387, 'g_gpe_gpi_mult': 0.804747862085134}. Best is trial 4 with value: 3.8765537364863683.
[I 2026-05-28 21:12:18,546] Trial 29 finished with value: 19.26792060929438 and parameters: {'ISTN': 108.74117809497835, 'I_gpe': 0.9090671922213671, 'I_gpi': 3.0375461815886964, 'noise_stn_sigma': 6.113605955038584, 'noise_gpe_sigma': 69.29697079676748, 'noise_gpi_sigma': 130.20687137387148, 'g_stn_gpe_mult': 3.027527758458625, 'g_gpe_stn_mult': 0.5874240733246053, 'g_stn_gpi_mult': 2.474926396188739, 'g_gpe_gpi_mult': 0.3410672745723043}. Best is trial 4 with value: 3.8765537364863683.
[I 2026-05-28 21:12:19,567] Trial 30 finished with value: 16.073265620904433 and parameters: {'ISTN': 86.00430706922387, 'I_gpe': 1.8041259757387147, 'I_gpi': 1.3659181315540465, 'noise_stn_sigma': 3.344522520270928, 'noise_gpe_sigma': 110.66206294035945, 'noise_gpi_sigma': 149.04801209034346, 'g_stn_gpe_mult': 2.9909472111944506, 'g_gpe_stn_mult': 0.4416028174795982, 'g_stn_gpi_mult': 1.8977301266116129, 'g_gpe_gpi_mult': 0.6839345261195249}. Best is trial 4 with value: 3.8765537364863683.
[I 2026-05-28 21:12:20,587] Trial 31 finished with value: 18.191901166384298 and parameters: {'ISTN': 121.64050068074587, 'I_gpe': 0.5575396719293839, 'I_gpi': 2.1011501918841873, 'noise_stn_sigma': 4.133223477813934, 'noise_gpe_sigma': 116.53934615914106, 'noise_gpi_sigma': 114.64192656609025, 'g_stn_gpe_mult': 4.1694076488621565, 'g_gpe_stn_mult': 0.4291088118019202, 'g_stn_gpi_mult': 1.923470902645187, 'g_gpe_gpi_mult': 0.597910060843543}. Best is trial 4 with value: 3.8765537364863683.
[I 2026-05-28 21:12:21,609] Trial 32 finished with value: 12.661006946218638 and parameters: {'ISTN': 99.79826585659208, 'I_gpe': 0.7018305948460988, 'I_gpi': 2.220009663693933, 'noise_stn_sigma': 4.399374832630205, 'noise_gpe_sigma': 104.19275518272369, 'noise_gpi_sigma': 91.22861579345572, 'g_stn_gpe_mult': 4.162707448762861, 'g_gpe_stn_mult': 0.3287835020043395, 'g_stn_gpi_mult': 2.379059460344013, 'g_gpe_gpi_mult': 0.45126535371740284}. Best is trial 4 with value: 3.8765537364863683.
[I 2026-05-28 21:12:22,629] Trial 33 finished with value: 11.826479402558801 and parameters: {'ISTN': 101.48150173185849, 'I_gpe': 1.0035922665924335, 'I_gpi': 2.2356506887233856, 'noise_stn_sigma': 5.969018282704008, 'noise_gpe_sigma': 82.6546188397449, 'noise_gpi_sigma': 58.61748100283822, 'g_stn_gpe_mult': 3.8473998472304363, 'g_gpe_stn_mult': 0.27943910557442836, 'g_stn_gpi_mult': 2.4080049355092537, 'g_gpe_gpi_mult': 0.6401134128548895}. Best is trial 4 with value: 3.8765537364863683.
[I 2026-05-28 21:12:23,650] Trial 34 finished with value: 8.602574371364327 and parameters: {'ISTN': 74.8370576395445, 'I_gpe': 1.3792025362256735, 'I_gpi': 2.4706385399440425, 'noise_stn_sigma': 4.0783914297226875, 'noise_gpe_sigma': 115.70474563062028, 'noise_gpi_sigma': 112.51695058821468, 'g_stn_gpe_mult': 3.64118602705962, 'g_gpe_stn_mult': 0.37154851240033837, 'g_stn_gpi_mult': 2.2252093321015227, 'g_gpe_gpi_mult': 0.7886647083751186}. Best is trial 4 with value: 3.8765537364863683.
[I 2026-05-28 21:12:24,672] Trial 35 finished with value: 6.711656555431512 and parameters: {'ISTN': 90.2362339075396, 'I_gpe': 0.6248289972138857, 'I_gpi': 1.3857757574534826, 'noise_stn_sigma': 4.508878152695969, 'noise_gpe_sigma': 86.19766212409053, 'noise_gpi_sigma': 90.4354501197208, 'g_stn_gpe_mult': 2.632989472767228, 'g_gpe_stn_mult': 0.47606048376468435, 'g_stn_gpi_mult': 1.9648803632971603, 'g_gpe_gpi_mult': 0.5554802062219197}. Best is trial 4 with value: 3.8765537364863683.
[I 2026-05-28 21:12:25,693] Trial 36 finished with value: 8.215566598148108 and parameters: {'ISTN': 78.73692150249222, 'I_gpe': 1.0537645957951411, 'I_gpi': 1.7870066925316652, 'noise_stn_sigma': 3.3351813260671572, 'noise_gpe_sigma': 116.33330220140718, 'noise_gpi_sigma': 90.46465651122513, 'g_stn_gpe_mult': 4.315083248587451, 'g_gpe_stn_mult': 0.337238915374052, 'g_stn_gpi_mult': 2.232848447599104, 'g_gpe_gpi_mult': 0.8533170063991804}. Best is trial 4 with value: 3.8765537364863683.
[I 2026-05-28 21:12:26,712] Trial 37 finished with value: 3.4874316568856694 and parameters: {'ISTN': 74.9111764129541, 'I_gpe': 1.5443404074985925, 'I_gpi': 2.0723296824347286, 'noise_stn_sigma': 5.806085738468619, 'noise_gpe_sigma': 74.66421849832332, 'noise_gpi_sigma': 124.43555245199845, 'g_stn_gpe_mult': 3.6213543525220198, 'g_gpe_stn_mult': 0.27111117144971897, 'g_stn_gpi_mult': 2.540930564743764, 'g_gpe_gpi_mult': 0.8505316644170149}. Best is trial 37 with value: 3.4874316568856694.
[I 2026-05-28 21:12:27,732] Trial 38 finished with value: 9.88556556114953 and parameters: {'ISTN': 81.9119435234914, 'I_gpe': 0.8977919563553892, 'I_gpi': 2.8423917282534807, 'noise_stn_sigma': 4.7430346955601115, 'noise_gpe_sigma': 108.30890057210706, 'noise_gpi_sigma': 140.68608930205082, 'g_stn_gpe_mult': 3.698963071832018, 'g_gpe_stn_mult': 0.5676979245621291, 'g_stn_gpi_mult': 1.4770042637444165, 'g_gpe_gpi_mult': 1.0389753694093227}. Best is trial 37 with value: 3.4874316568856694.
[I 2026-05-28 21:12:28,751] Trial 39 finished with value: 11.717227120313119 and parameters: {'ISTN': 97.94128668151149, 'I_gpe': 1.35725910895425, 'I_gpi': 3.3011612730595603, 'noise_stn_sigma': 3.6882686577618156, 'noise_gpe_sigma': 109.2292268654784, 'noise_gpi_sigma': 127.93673427302339, 'g_stn_gpe_mult': 2.7044479089509927, 'g_gpe_stn_mult': 0.30210696139420035, 'g_stn_gpi_mult': 2.1982284446393656, 'g_gpe_gpi_mult': 0.8030669505823029}. Best is trial 37 with value: 3.4874316568856694.
[I 2026-05-28 21:12:29,770] Trial 40 finished with value: 8.448296902894013 and parameters: {'ISTN': 81.14152541722679, 'I_gpe': 0.917202747811649, 'I_gpi': 1.7954100018653318, 'noise_stn_sigma': 2.95519845838666, 'noise_gpe_sigma': 110.07553717725321, 'noise_gpi_sigma': 98.1014435919606, 'g_stn_gpe_mult': 4.426609493750734, 'g_gpe_stn_mult': 0.2526071832571125, 'g_stn_gpi_mult': 2.2419739480133125, 'g_gpe_gpi_mult': 0.8701981811083759}. Best is trial 37 with value: 3.4874316568856694.
[I 2026-05-28 21:12:30,790] Trial 41 finished with value: 11.983926263240283 and parameters: {'ISTN': 78.53119432325984, 'I_gpe': 1.568611477134956, 'I_gpi': 2.2800478428297724, 'noise_stn_sigma': 3.799746146333228, 'noise_gpe_sigma': 93.08805077660159, 'noise_gpi_sigma': 111.56349213333056, 'g_stn_gpe_mult': 4.630707394592742, 'g_gpe_stn_mult': 0.2097553708398025, 'g_stn_gpi_mult': 2.582108895798116, 'g_gpe_gpi_mult': 0.8857768838382092}. Best is trial 37 with value: 3.4874316568856694.
[I 2026-05-28 21:12:31,810] Trial 42 finished with value: 13.521957636027683 and parameters: {'ISTN': 77.05584009804267, 'I_gpe': 1.719128661040613, 'I_gpi': 1.8092424279005708, 'noise_stn_sigma': 5.729424683761549, 'noise_gpe_sigma': 82.30470580322913, 'noise_gpi_sigma': 83.62934741417698, 'g_stn_gpe_mult': 3.2482448840021423, 'g_gpe_stn_mult': 0.4264734807121935, 'g_stn_gpi_mult': 2.878728067295162, 'g_gpe_gpi_mult': 0.6929243379108427}. Best is trial 37 with value: 3.4874316568856694.
[I 2026-05-28 21:12:32,828] Trial 43 finished with value: 5.150432549180855 and parameters: {'ISTN': 71.42866380193419, 'I_gpe': 1.0634837635449874, 'I_gpi': 2.974529808632405, 'noise_stn_sigma': 4.823807349818525, 'noise_gpe_sigma': 84.67615534005589, 'noise_gpi_sigma': 80.99802741023713, 'g_stn_gpe_mult': 3.900644914878488, 'g_gpe_stn_mult': 0.4230617000842334, 'g_stn_gpi_mult': 2.3863349705305374, 'g_gpe_gpi_mult': 0.521164297232745}. Best is trial 37 with value: 3.4874316568856694.
