[I 2026-05-28 21:26:01,133] Trial 836 finished with value: 1.5757546649024685 and parameters: {'ISTN': 77.4013770104742, 'I_gpe': 1.0910714178797238, 'I_gpi': 1.697436911145489, 'noise_stn_sigma': 4.389495660266334, 'noise_gpe_sigma': 114.6077217101046, 'noise_gpi_sigma': 70.0256120675721, 'g_stn_gpe_mult': 3.631746554937894, 'g_gpe_stn_mult': 0.21008263168641378, 'g_stn_gpi_mult': 1.9504235975761102, 'g_gpe_gpi_mult': 0.23360029207068783}. Best is trial 348 with value: 0.8336165651046656.
[I 2026-05-28 21:26:02,157] Trial 837 finished with value: 1.1447435760000657 and parameters: {'ISTN': 77.00578126838528, 'I_gpe': 1.0893530722002034, 'I_gpi': 1.6531309772463185, 'noise_stn_sigma': 4.4705081198142524, 'noise_gpe_sigma': 115.92496883409558, 'noise_gpi_sigma': 72.26476246238715, 'g_stn_gpe_mult': 3.607180193127166, 'g_gpe_stn_mult': 0.21469068542821315, 'g_stn_gpi_mult': 1.998784242298045, 'g_gpe_gpi_mult': 0.2365175147316011}. Best is trial 348 with value: 0.8336165651046656.
[I 2026-05-28 21:26:03,177] Trial 838 finished with value: 1.163009742223165 and parameters: {'ISTN': 76.97206346340369, 'I_gpe': 1.0839942569027898, 'I_gpi': 1.6373748859853876, 'noise_stn_sigma': 4.487744527570704, 'noise_gpe_sigma': 116.01236834488698, 'noise_gpi_sigma': 71.31885862612536, 'g_stn_gpe_mult': 3.6393637549094615, 'g_gpe_stn_mult': 0.2135296076722426, 'g_stn_gpi_mult': 1.9751196217869438, 'g_gpe_gpi_mult': 0.23405514948114714}. Best is trial 348 with value: 0.8336165651046656.
[I 2026-05-28 21:26:04,197] Trial 839 finished with value: 1.1794944376504375 and parameters: {'ISTN': 77.18503795545419, 'I_gpe': 1.0984300916759433, 'I_gpi': 1.6786231863637946, 'noise_stn_sigma': 4.434978082905607, 'noise_gpe_sigma': 115.65573418917351, 'noise_gpi_sigma': 70.18691121164854, 'g_stn_gpe_mult': 3.582620117165248, 'g_gpe_stn_mult': 0.21239236512194914, 'g_stn_gpi_mult': 1.958067184065413, 'g_gpe_gpi_mult': 0.2324609502945958}. Best is trial 348 with value: 0.8336165651046656.
[I 2026-05-28 21:26:05,217] Trial 840 finished with value: 1.5113005012122267 and parameters: {'ISTN': 77.23258394791489, 'I_gpe': 1.081068025233321, 'I_gpi': 1.647299302534731, 'noise_stn_sigma': 4.392687068814631, 'noise_gpe_sigma': 114.52181809439921, 'noise_gpi_sigma': 70.9099558100902, 'g_stn_gpe_mult': 3.6110136075922723, 'g_gpe_stn_mult': 0.21434031289047678, 'g_stn_gpi_mult': 1.9826266098137912, 'g_gpe_gpi_mult': 0.23259381277943247}. Best is trial 348 with value: 0.8336165651046656.
[I 2026-05-28 21:26:06,238] Trial 841 finished with value: 1.1050368464097966 and parameters: {'ISTN': 77.11454841874794, 'I_gpe': 1.0873429195120927, 'I_gpi': 1.6495966397623338, 'noise_stn_sigma': 4.498890992071313, 'noise_gpe_sigma': 115.31938786092023, 'noise_gpi_sigma': 71.49331634136577, 'g_stn_gpe_mult': 3.626114877336993, 'g_gpe_stn_mult': 0.2166794855398142, 'g_stn_gpi_mult': 2.0516890237075067, 'g_gpe_gpi_mult': 0.2402829540217898}. Best is trial 348 with value: 0.8336165651046656.
[I 2026-05-28 21:26:07,259] Trial 842 finished with value: 1.3625707191587926 and parameters: {'ISTN': 77.17445429509488, 'I_gpe': 1.0818389393753134, 'I_gpi': 1.6308935491386656, 'noise_stn_sigma': 4.499193599832538, 'noise_gpe_sigma': 114.7235439798103, 'noise_gpi_sigma': 71.49740589207872, 'g_stn_gpe_mult': 3.5948169596148727, 'g_gpe_stn_mult': 0.2149761126022421, 'g_stn_gpi_mult': 2.000758881219956, 'g_gpe_gpi_mult': 0.23879736158796117}. Best is trial 348 with value: 0.8336165651046656.
[I 2026-05-28 21:26:08,277] Trial 843 finished with value: 1.1100548453884616 and parameters: {'ISTN': 77.08511179402272, 'I_gpe': 1.0900642606705018, 'I_gpi': 1.6524852294512895, 'noise_stn_sigma': 4.564967334079544, 'noise_gpe_sigma': 115.02168216876109, 'noise_gpi_sigma': 70.44158305790526, 'g_stn_gpe_mult': 3.611932606963038, 'g_gpe_stn_mult': 0.2197775064339852, 'g_stn_gpi_mult': 2.042838502239257, 'g_gpe_gpi_mult': 0.24428328723706244}. Best is trial 348 with value: 0.8336165651046656.
[I 2026-05-28 21:26:09,296] Trial 844 finished with value: 1.1309372304543426 and parameters: {'ISTN': 77.4252613732186, 'I_gpe': 1.088055226534979, 'I_gpi': 1.6334540977890701, 'noise_stn_sigma': 4.536113421523176, 'noise_gpe_sigma': 114.34131853682833, 'noise_gpi_sigma': 73.206196404699, 'g_stn_gpe_mult': 3.6218031628708234, 'g_gpe_stn_mult': 0.21100257834292518, 'g_stn_gpi_mult': 2.008343662999679, 'g_gpe_gpi_mult': 0.25627103844738514}. Best is trial 348 with value: 0.8336165651046656.
[I 2026-05-28 21:26:10,314] Trial 845 finished with value: 1.3194330888028671 and parameters: {'ISTN': 77.46910674993168, 'I_gpe': 1.0704941167951283, 'I_gpi': 1.6295100178955253, 'noise_stn_sigma': 4.474222518356424, 'noise_gpe_sigma': 114.35247450818717, 'noise_gpi_sigma': 70.79186267001052, 'g_stn_gpe_mult': 3.5638160982389784, 'g_gpe_stn_mult': 0.2180703139974955, 'g_stn_gpi_mult': 2.0171030381352035, 'g_gpe_gpi_mult': 0.2392857895285764}. Best is trial 348 with value: 0.8336165651046656.
[I 2026-05-28 21:26:11,334] Trial 846 finished with value: 1.147142571162861 and parameters: {'ISTN': 76.80716285145358, 'I_gpe': 1.098813434849874, 'I_gpi': 1.6503475914271468, 'noise_stn_sigma': 4.461196738028346, 'noise_gpe_sigma': 115.30610194687559, 'noise_gpi_sigma': 71.20038863914422, 'g_stn_gpe_mult': 3.604790824182415, 'g_gpe_stn_mult': 0.21826798776175138, 'g_stn_gpi_mult': 1.999668322376665, 'g_gpe_gpi_mult': 0.24199481777419773}. Best is trial 348 with value: 0.8336165651046656.
[I 2026-05-28 21:26:12,354] Trial 847 finished with value: 1.1110864967264436 and parameters: {'ISTN': 76.85543894630831, 'I_gpe': 1.0942519218592759, 'I_gpi': 1.6707991984733697, 'noise_stn_sigma': 4.600379364471956, 'noise_gpe_sigma': 115.10075137877263, 'noise_gpi_sigma': 70.2009038203084, 'g_stn_gpe_mult': 3.6013119848959394, 'g_gpe_stn_mult': 0.2187077686924265, 'g_stn_gpi_mult': 2.0010577047912266, 'g_gpe_gpi_mult': 0.252845479963003}. Best is trial 348 with value: 0.8336165651046656.
[I 2026-05-28 21:26:13,374] Trial 848 finished with value: 3.363431639924392 and parameters: {'ISTN': 77.15747561793532, 'I_gpe': 1.0897393752413995, 'I_gpi': 1.6640826368851445, 'noise_stn_sigma': 4.503195536334063, 'noise_gpe_sigma': 114.61206470475622, 'noise_gpi_sigma': 70.34342661492714, 'g_stn_gpe_mult': 3.6470901868720516, 'g_gpe_stn_mult': 0.2103103277817426, 'g_stn_gpi_mult': 1.997606282794571, 'g_gpe_gpi_mult': 0.23892046512280415}. Best is trial 348 with value: 0.8336165651046656.
[I 2026-05-28 21:26:14,392] Trial 849 finished with value: 1.3214490738908662 and parameters: {'ISTN': 77.01445001528211, 'I_gpe': 1.0929792189864107, 'I_gpi': 1.6187884058829, 'noise_stn_sigma': 4.459157818643119, 'noise_gpe_sigma': 116.4007007489701, 'noise_gpi_sigma': 71.22284256446227, 'g_stn_gpe_mult': 3.6136509570022564, 'g_gpe_stn_mult': 0.22380512263153657, 'g_stn_gpi_mult': 1.9804169958438476, 'g_gpe_gpi_mult': 0.2427799902978141}. Best is trial 348 with value: 0.8336165651046656.
[I 2026-05-28 21:26:15,411] Trial 850 finished with value: 1.1104731013275986 and parameters: {'ISTN': 77.26382317424498, 'I_gpe': 1.096707206680208, 'I_gpi': 1.6469982241305545, 'noise_stn_sigma': 4.46169844495463, 'noise_gpe_sigma': 114.19165111109102, 'noise_gpi_sigma': 72.68912785203932, 'g_stn_gpe_mult': 3.63085663905677, 'g_gpe_stn_mult': 0.215487579982923, 'g_stn_gpi_mult': 2.058159347161427, 'g_gpe_gpi_mult': 0.2504001719464423}. Best is trial 348 with value: 0.8336165651046656.
[I 2026-05-28 21:26:16,432] Trial 851 finished with value: 1.1936665112856457 and parameters: {'ISTN': 77.96161906109087, 'I_gpe': 1.0987745363517973, 'I_gpi': 1.586050592771396, 'noise_stn_sigma': 4.613884433703683, 'noise_gpe_sigma': 114.6698758981459, 'noise_gpi_sigma': 73.49254629232898, 'g_stn_gpe_mult': 3.6216398574078235, 'g_gpe_stn_mult': 0.20843328076998427, 'g_stn_gpi_mult': 2.1101661010549337, 'g_gpe_gpi_mult': 0.26594833971632537}. Best is trial 348 with value: 0.8336165651046656.
[I 2026-05-28 21:26:17,455] Trial 852 finished with value: 1.0785277771069077 and parameters: {'ISTN': 76.71549274030954, 'I_gpe': 1.0807203722176224, 'I_gpi': 1.682692552017841, 'noise_stn_sigma': 4.398958184354419, 'noise_gpe_sigma': 114.83488174093236, 'noise_gpi_sigma': 72.21745285416773, 'g_stn_gpe_mult': 3.655631321640525, 'g_gpe_stn_mult': 0.21950101165213604, 'g_stn_gpi_mult': 2.0173206244558153, 'g_gpe_gpi_mult': 0.23427731234841703}. Best is trial 348 with value: 0.8336165651046656.
[I 2026-05-28 21:26:18,478] Trial 853 finished with value: 1.1475554440515179 and parameters: {'ISTN': 77.20590464782391, 'I_gpe': 1.098242451786275, 'I_gpi': 1.6010440585084649, 'noise_stn_sigma': 4.537941827761088, 'noise_gpe_sigma': 114.7030472667767, 'noise_gpi_sigma': 71.96693286730903, 'g_stn_gpe_mult': 3.6428187007967345, 'g_gpe_stn_mult': 0.21723879013496392, 'g_stn_gpi_mult': 2.098635685757559, 'g_gpe_gpi_mult': 0.26436591810337795}. Best is trial 348 with value: 0.8336165651046656.
[I 2026-05-28 21:26:19,498] Trial 854 finished with value: 1.1305702117933383 and parameters: {'ISTN': 77.10698421456492, 'I_gpe': 1.0871627951406504, 'I_gpi': 1.6530323566259355, 'noise_stn_sigma': 4.5834234995868055, 'noise_gpe_sigma': 115.51489023571725, 'noise_gpi_sigma': 71.22237338826642, 'g_stn_gpe_mult': 3.6315687721102456, 'g_gpe_stn_mult': 0.22091598785448285, 'g_stn_gpi_mult': 2.0621753929722537, 'g_gpe_gpi_mult': 0.2566727779630137}. Best is trial 348 with value: 0.8336165651046656.
[I 2026-05-28 21:26:20,518] Trial 855 finished with value: 1.1150181722208905 and parameters: {'ISTN': 76.75861235611742, 'I_gpe': 1.0846970162979122, 'I_gpi': 1.656556630410424, 'noise_stn_sigma': 4.542299266082602, 'noise_gpe_sigma': 115.38623863195579, 'noise_gpi_sigma': 71.08373733679755, 'g_stn_gpe_mult': 3.609067921697134, 'g_gpe_stn_mult': 0.22416801000037961, 'g_stn_gpi_mult': 2.0230781319417517, 'g_gpe_gpi_mult': 0.24285912173076493}. Best is trial 348 with value: 0.8336165651046656.
[I 2026-05-28 21:26:21,537] Trial 856 finished with value: 1.2643508113423279 and parameters: {'ISTN': 77.5931798389718, 'I_gpe': 1.121498577195493, 'I_gpi': 1.6907330854595628, 'noise_stn_sigma': 4.446276464833517, 'noise_gpe_sigma': 113.9541189576819, 'noise_gpi_sigma': 71.52769053295759, 'g_stn_gpe_mult': 3.6045209287522626, 'g_gpe_stn_mult': 0.20921427184518876, 'g_stn_gpi_mult': 2.0351467749594745, 'g_gpe_gpi_mult': 0.24357338023364183}. Best is trial 348 with value: 0.8336165651046656.
[I 2026-05-28 21:26:22,557] Trial 857 finished with value: 2.244365503681531 and parameters: {'ISTN': 77.5338779436423, 'I_gpe': 1.0771581220038962, 'I_gpi': 1.6298192454221536, 'noise_stn_sigma': 4.52948534920085, 'noise_gpe_sigma': 115.38579146633548, 'noise_gpi_sigma': 70.74360230640235, 'g_stn_gpe_mult': 3.586454825911018, 'g_gpe_stn_mult': 0.21587777040525685, 'g_stn_gpi_mult': 2.063220551498712, 'g_gpe_gpi_mult': 0.2542522424247503}. Best is trial 348 with value: 0.8336165651046656.
[I 2026-05-28 21:26:23,576] Trial 858 finished with value: 1.1589176239205379 and parameters: {'ISTN': 77.35208814430021, 'I_gpe': 1.0992071693802683, 'I_gpi': 1.6444331512774908, 'noise_stn_sigma': 4.552592240208683, 'noise_gpe_sigma': 114.89698558260143, 'noise_gpi_sigma': 71.60120826669238, 'g_stn_gpe_mult': 3.615763136283241, 'g_gpe_stn_mult': 0.21502070367931558, 'g_stn_gpi_mult': 2.0908617048927574, 'g_gpe_gpi_mult': 0.2601846579354871}. Best is trial 348 with value: 0.8336165651046656.
[I 2026-05-28 21:26:24,599] Trial 859 finished with value: 1.0885041955957078 and parameters: {'ISTN': 77.05186429700247, 'I_gpe': 1.096255799519175, 'I_gpi': 1.6270749224775896, 'noise_stn_sigma': 4.561986510365157, 'noise_gpe_sigma': 114.59835869474567, 'noise_gpi_sigma': 71.85606524368217, 'g_stn_gpe_mult': 3.6129721914865893, 'g_gpe_stn_mult': 0.21858031424079805, 'g_stn_gpi_mult': 2.0549036828755427, 'g_gpe_gpi_mult': 0.25857730104443605}. Best is trial 348 with value: 0.8336165651046656.
[I 2026-05-28 21:26:25,619] Trial 860 finished with value: 1.1155132048379757 and parameters: {'ISTN': 77.25778977606518, 'I_gpe': 1.078204337492871, 'I_gpi': 1.6221709222748621, 'noise_stn_sigma': 4.582992760002238, 'noise_gpe_sigma': 115.22815986781642, 'noise_gpi_sigma': 71.75069532652074, 'g_stn_gpe_mult': 3.6386989939925245, 'g_gpe_stn_mult': 0.21180895372997732, 'g_stn_gpi_mult': 2.0677216885609013, 'g_gpe_gpi_mult': 0.24474652367437094}. Best is trial 348 with value: 0.8336165651046656.
[I 2026-05-28 21:26:26,639] Trial 861 finished with value: 1.0814143581954145 and parameters: {'ISTN': 76.84207945979085, 'I_gpe': 1.0818217652642912, 'I_gpi': 1.6536517279362606, 'noise_stn_sigma': 4.478570815359958, 'noise_gpe_sigma': 115.69555652582247, 'noise_gpi_sigma': 71.81958256320146, 'g_stn_gpe_mult': 3.637964209461976, 'g_gpe_stn_mult': 0.21988019945422405, 'g_stn_gpi_mult': 2.056515916034045, 'g_gpe_gpi_mult': 0.24259362093335676}. Best is trial 348 with value: 0.8336165651046656.
[I 2026-05-28 21:26:27,658] Trial 862 finished with value: 1.857433312819331 and parameters: {'ISTN': 77.21249639391473, 'I_gpe': 1.0891874580998064, 'I_gpi': 1.6660263621864002, 'noise_stn_sigma': 4.430246607590097, 'noise_gpe_sigma': 114.4163895651048, 'noise_gpi_sigma': 72.22214160368122, 'g_stn_gpe_mult': 3.615645226599533, 'g_gpe_stn_mult': 0.21126414337102004, 'g_stn_gpi_mult': 2.0242265791290737, 'g_gpe_gpi_mult': 0.22399366012493765}. Best is trial 348 with value: 0.8336165651046656.
[I 2026-05-28 21:26:28,679] Trial 863 finished with value: 1.1151631342485187 and parameters: {'ISTN': 76.68454140077569, 'I_gpe': 1.0982300559786147, 'I_gpi': 1.658484108236424, 'noise_stn_sigma': 4.552370679578901, 'noise_gpe_sigma': 116.21216802227673, 'noise_gpi_sigma': 72.97641564046967, 'g_stn_gpe_mult': 3.6410193450864217, 'g_gpe_stn_mult': 0.2243612652916018, 'g_stn_gpi_mult': 2.0379065511658525, 'g_gpe_gpi_mult': 0.24680602271520494}. Best is trial 348 with value: 0.8336165651046656.
[I 2026-05-28 21:26:29,699] Trial 864 finished with value: 2.093317153087929 and parameters: {'ISTN': 76.67438871574336, 'I_gpe': 1.0908452962980375, 'I_gpi': 1.6916558699171758, 'noise_stn_sigma': 4.449489509175985, 'noise_gpe_sigma': 113.44485125315086, 'noise_gpi_sigma': 72.72286310053033, 'g_stn_gpe_mult': 3.6671823035234947, 'g_gpe_stn_mult': 0.21605843406610908, 'g_stn_gpi_mult': 2.0774229630494268, 'g_gpe_gpi_mult': 0.24984829970502148}. Best is trial 348 with value: 0.8336165651046656.
[I 2026-05-28 21:26:30,718] Trial 865 finished with value: 1.19453169224549 and parameters: {'ISTN': 76.84736833302951, 'I_gpe': 1.0820890151745675, 'I_gpi': 1.6587043280863472, 'noise_stn_sigma': 4.469831925388661, 'noise_gpe_sigma': 113.31337291975487, 'noise_gpi_sigma': 72.51703918665363, 'g_stn_gpe_mult': 3.677224671239926, 'g_gpe_stn_mult': 0.21353778501428844, 'g_stn_gpi_mult': 2.0221726237931374, 'g_gpe_gpi_mult': 0.2486722753725443}. Best is trial 348 with value: 0.8336165651046656.
[I 2026-05-28 21:26:31,738] Trial 866 finished with value: 1.1343588699253297 and parameters: {'ISTN': 77.2086104654033, 'I_gpe': 1.0815747558337212, 'I_gpi': 1.664655438305093, 'noise_stn_sigma': 4.466973339931927, 'noise_gpe_sigma': 114.95737905365694, 'noise_gpi_sigma': 71.08014409412479, 'g_stn_gpe_mult': 3.636650261973641, 'g_gpe_stn_mult': 0.21855758041354323, 'g_stn_gpi_mult': 2.0281516036679825, 'g_gpe_gpi_mult': 0.23843002209264574}. Best is trial 348 with value: 0.8336165651046656.
[I 2026-05-28 21:26:32,758] Trial 867 finished with value: 1.1125503585038032 and parameters: {'ISTN': 76.9171120004643, 'I_gpe': 1.0833187181162092, 'I_gpi': 1.6396901016907355, 'noise_stn_sigma': 4.460385170600588, 'noise_gpe_sigma': 115.21363960112858, 'noise_gpi_sigma': 73.62200829391912, 'g_stn_gpe_mult': 3.646992334555739, 'g_gpe_stn_mult': 0.21707758122561027, 'g_stn_gpi_mult': 2.054640735431422, 'g_gpe_gpi_mult': 0.255625426018222}. Best is trial 348 with value: 0.8336165651046656.
[I 2026-05-28 21:26:33,780] Trial 868 finished with value: 1.264677496446102 and parameters: {'ISTN': 77.15418270179102, 'I_gpe': 1.1050779175908774, 'I_gpi': 1.6585903297431335, 'noise_stn_sigma': 4.440116494783474, 'noise_gpe_sigma': 112.66796138056793, 'noise_gpi_sigma': 71.79982295814997, 'g_stn_gpe_mult': 3.6432279145777136, 'g_gpe_stn_mult': 0.2199397230572605, 'g_stn_gpi_mult': 2.07195366423682, 'g_gpe_gpi_mult': 0.24827710603526187}. Best is trial 348 with value: 0.8336165651046656.
[I 2026-05-28 21:26:34,801] Trial 869 finished with value: 1.0501594521868598 and parameters: {'ISTN': 76.36727722724203, 'I_gpe': 1.0848748305801794, 'I_gpi': 1.7058339751950298, 'noise_stn_sigma': 4.4618579484583805, 'noise_gpe_sigma': 115.6286269918711, 'noise_gpi_sigma': 71.04407865393227, 'g_stn_gpe_mult': 3.6311891412231865, 'g_gpe_stn_mult': 0.22534607626953823, 'g_stn_gpi_mult': 2.0203462101858043, 'g_gpe_gpi_mult': 0.22892598142759119}. Best is trial 348 with value: 0.8336165651046656.
[I 2026-05-28 21:26:35,819] Trial 870 finished with value: 1.0899813312027349 and parameters: {'ISTN': 76.68164272241134, 'I_gpe': 1.0941905231502576, 'I_gpi': 1.6256567429742699, 'noise_stn_sigma': 4.496877179748552, 'noise_gpe_sigma': 114.67142315830247, 'noise_gpi_sigma': 73.22878689238706, 'g_stn_gpe_mult': 3.6535084840199716, 'g_gpe_stn_mult': 0.22288078785855459, 'g_stn_gpi_mult': 2.057486229245824, 'g_gpe_gpi_mult': 0.23564637104144304}. Best is trial 348 with value: 0.8336165651046656.
[I 2026-05-28 21:26:36,838] Trial 871 finished with value: 1.1545489439082852 and parameters: {'ISTN': 77.15636796198245, 'I_gpe': 1.0855795686473537, 'I_gpi': 1.6282951731494786, 'noise_stn_sigma': 4.46932769622728, 'noise_gpe_sigma': 115.25818235067104, 'noise_gpi_sigma': 70.8918326802492, 'g_stn_gpe_mult': 3.645979898328547, 'g_gpe_stn_mult': 0.22121668381519743, 'g_stn_gpi_mult': 2.0645530675537165, 'g_gpe_gpi_mult': 0.2412534560015308}. Best is trial 348 with value: 0.8336165651046656.
[I 2026-05-28 21:26:37,856] Trial 872 finished with value: 1.1047770861411244 and parameters: {'ISTN': 76.99861803504439, 'I_gpe': 1.087534295799629, 'I_gpi': 1.6667758182665182, 'noise_stn_sigma': 4.470789812069943, 'noise_gpe_sigma': 115.11757997245567, 'noise_gpi_sigma': 71.50553893698981, 'g_stn_gpe_mult': 3.6401801463205796, 'g_gpe_stn_mult': 0.21659858170387758, 'g_stn_gpi_mult': 2.0120704365028965, 'g_gpe_gpi_mult': 0.23180611210067834}. Best is trial 348 with value: 0.8336165651046656.
[I 2026-05-28 21:26:38,877] Trial 873 finished with value: 1.0254940239456298 and parameters: {'ISTN': 76.08107879236886, 'I_gpe': 1.0859829974523825, 'I_gpi': 1.7272930995777065, 'noise_stn_sigma': 4.433288327875891, 'noise_gpe_sigma': 115.19553586535608, 'noise_gpi_sigma': 72.79775700324903, 'g_stn_gpe_mult': 3.672354474477997, 'g_gpe_stn_mult': 0.230607619521495, 'g_stn_gpi_mult': 2.0339487786546506, 'g_gpe_gpi_mult': 0.23320450204889145}. Best is trial 348 with value: 0.8336165651046656.
[I 2026-05-28 21:26:39,897] Trial 874 finished with value: 2.890557849869384 and parameters: {'ISTN': 76.72251816342833, 'I_gpe': 1.0622738480245482, 'I_gpi': 1.6709273758703085, 'noise_stn_sigma': 4.415386004590478, 'noise_gpe_sigma': 116.29865131455225, 'noise_gpi_sigma': 71.53140742947232, 'g_stn_gpe_mult': 3.6379831937589944, 'g_gpe_stn_mult': 0.21839067040377885, 'g_stn_gpi_mult': 2.0688763703186557, 'g_gpe_gpi_mult': 0.24329380787673727}. Best is trial 348 with value: 0.8336165651046656.
[I 2026-05-28 21:26:40,917] Trial 875 finished with value: 1.043438084113866 and parameters: {'ISTN': 76.07608107158046, 'I_gpe': 1.0823117807669083, 'I_gpi': 1.6588016376520298, 'noise_stn_sigma': 4.554739099642729, 'noise_gpe_sigma': 115.10903639287973, 'noise_gpi_sigma': 72.61726411946574, 'g_stn_gpe_mult': 3.6592631065803207, 'g_gpe_stn_mult': 0.22837725476159623, 'g_stn_gpi_mult': 2.068577647068079, 'g_gpe_gpi_mult': 0.24299832120564402}. Best is trial 348 with value: 0.8336165651046656.
[I 2026-05-28 21:26:41,939] Trial 876 finished with value: 2.3936625327118857 and parameters: {'ISTN': 76.32463189986221, 'I_gpe': 1.0893209824968721, 'I_gpi': 1.7173376540760001, 'noise_stn_sigma': 4.467312972064448, 'noise_gpe_sigma': 114.47744436921056, 'noise_gpi_sigma': 71.52153740209283, 'g_stn_gpe_mult': 3.6560784394525476, 'g_gpe_stn_mult': 0.22090672557182583, 'g_stn_gpi_mult': 2.0483753151105515, 'g_gpe_gpi_mult': 0.23469236601972854}. Best is trial 348 with value: 0.8336165651046656.
[I 2026-05-28 21:26:42,959] Trial 877 finished with value: 1.3834829518814535 and parameters: {'ISTN': 76.66854536607579, 'I_gpe': 1.082620305625174, 'I_gpi': 1.6658686984897237, 'noise_stn_sigma': 4.385785733922296, 'noise_gpe_sigma': 116.80905195532681, 'noise_gpi_sigma': 70.94545808959714, 'g_stn_gpe_mult': 3.63851730530905, 'g_gpe_stn_mult': 0.22667966063735584, 'g_stn_gpi_mult': 1.9906333833399672, 'g_gpe_gpi_mult': 0.2209058471799652}. Best is trial 348 with value: 0.8336165651046656.
[I 2026-05-28 21:26:43,979] Trial 878 finished with value: 1.1102620642500052 and parameters: {'ISTN': 76.71999869009906, 'I_gpe': 1.0870873577733733, 'I_gpi': 1.6464788390656873, 'noise_stn_sigma': 4.535103586486963, 'noise_gpe_sigma': 115.71310881286973, 'noise_gpi_sigma': 72.46816129900891, 'g_stn_gpe_mult': 3.6279090338056226, 'g_gpe_stn_mult': 0.22517399182733872, 'g_stn_gpi_mult': 2.0620750186629024, 'g_gpe_gpi_mult': 0.24317699463366793}. Best is trial 348 with value: 0.8336165651046656.
[I 2026-05-28 21:26:44,999] Trial 879 finished with value: 1.079632044802041 and parameters: {'ISTN': 76.67566036341137, 'I_gpe': 1.0810725273918171, 'I_gpi': 1.6423147482356542, 'noise_stn_sigma': 4.3635970791156655, 'noise_gpe_sigma': 115.8925980912629, 'noise_gpi_sigma': 72.65226885963821, 'g_stn_gpe_mult': 3.644931032291411, 'g_gpe_stn_mult': 0.22270518422233995, 'g_stn_gpi_mult': 2.047188028178139, 'g_gpe_gpi_mult': 0.22362241493900475}. Best is trial 348 with value: 0.8336165651046656.
