[I 2026-05-28 21:20:47,366] Trial 528 finished with value: 1.6908759487447846 and parameters: {'ISTN': 80.19526353494129, 'I_gpe': 1.068552025980495, 'I_gpi': 1.279888220341706, 'noise_stn_sigma': 4.350880291376666, 'noise_gpe_sigma': 112.07447724292786, 'noise_gpi_sigma': 80.86418725797947, 'g_stn_gpe_mult': 3.496203845239269, 'g_gpe_stn_mult': 0.18192656448073857, 'g_stn_gpi_mult': 2.2798319201912545, 'g_gpe_gpi_mult': 0.2729733175849167}. Best is trial 348 with value: 0.8336165651046656.
[I 2026-05-28 21:20:48,387] Trial 529 finished with value: 1.3127737019262145 and parameters: {'ISTN': 81.21064848655087, 'I_gpe': 1.038893224591141, 'I_gpi': 1.502947816498746, 'noise_stn_sigma': 4.597881702442942, 'noise_gpe_sigma': 111.75471656681339, 'noise_gpi_sigma': 77.22711691225322, 'g_stn_gpe_mult': 3.6060904523590116, 'g_gpe_stn_mult': 0.16691727683992522, 'g_stn_gpi_mult': 2.2746448915299213, 'g_gpe_gpi_mult': 0.2789517097892631}. Best is trial 348 with value: 0.8336165651046656.
[I 2026-05-28 21:20:49,409] Trial 530 finished with value: 1.394035140969637 and parameters: {'ISTN': 79.63837399164416, 'I_gpe': 1.1105157569350634, 'I_gpi': 1.1770247940493859, 'noise_stn_sigma': 4.346058091571093, 'noise_gpe_sigma': 110.59273226636157, 'noise_gpi_sigma': 81.62716423750621, 'g_stn_gpe_mult': 3.6051896986868224, 'g_gpe_stn_mult': 0.19190474848781292, 'g_stn_gpi_mult': 2.2774362916850945, 'g_gpe_gpi_mult': 0.26280228396432165}. Best is trial 348 with value: 0.8336165651046656.
[I 2026-05-28 21:20:50,434] Trial 531 finished with value: 7.162526015226496 and parameters: {'ISTN': 82.7674145193241, 'I_gpe': 1.0731469033917274, 'I_gpi': 1.360392126006409, 'noise_stn_sigma': 4.334628849229338, 'noise_gpe_sigma': 112.44011740817791, 'noise_gpi_sigma': 80.57676211857498, 'g_stn_gpe_mult': 3.6077830264133484, 'g_gpe_stn_mult': 0.18216132754825554, 'g_stn_gpi_mult': 2.26865834327675, 'g_gpe_gpi_mult': 0.28336364568849237}. Best is trial 348 with value: 0.8336165651046656.
[I 2026-05-28 21:20:51,456] Trial 532 finished with value: 1.8123381172335429 and parameters: {'ISTN': 78.26930873965844, 'I_gpe': 1.1026393869696602, 'I_gpi': 1.3115580293951292, 'noise_stn_sigma': 4.5980988372660265, 'noise_gpe_sigma': 108.88378958158003, 'noise_gpi_sigma': 81.22883790220953, 'g_stn_gpe_mult': 3.5812969585865737, 'g_gpe_stn_mult': 0.1849438852719175, 'g_stn_gpi_mult': 2.2515873830419033, 'g_gpe_gpi_mult': 0.2647608093155389}. Best is trial 348 with value: 0.8336165651046656.
[I 2026-05-28 21:20:52,475] Trial 533 finished with value: 1.572719329190365 and parameters: {'ISTN': 79.49168091622079, 'I_gpe': 1.1393594502598772, 'I_gpi': 1.370155540916568, 'noise_stn_sigma': 4.292858913019877, 'noise_gpe_sigma': 110.50436098337855, 'noise_gpi_sigma': 76.45810762874056, 'g_stn_gpe_mult': 3.5896229357677214, 'g_gpe_stn_mult': 0.18388791903004903, 'g_stn_gpi_mult': 2.2532377777852153, 'g_gpe_gpi_mult': 0.2557377269168194}. Best is trial 348 with value: 0.8336165651046656.
[I 2026-05-28 21:20:53,494] Trial 534 finished with value: 1.4887797786645174 and parameters: {'ISTN': 81.00949970087754, 'I_gpe': 1.1040019287891327, 'I_gpi': 1.3037126259014458, 'noise_stn_sigma': 4.418929213059734, 'noise_gpe_sigma': 111.32832062936583, 'noise_gpi_sigma': 75.8029993407174, 'g_stn_gpe_mult': 3.4897756754263156, 'g_gpe_stn_mult': 0.1688633278391578, 'g_stn_gpi_mult': 2.2625662647348674, 'g_gpe_gpi_mult': 0.23573771248409953}. Best is trial 348 with value: 0.8336165651046656.
[I 2026-05-28 21:20:54,513] Trial 535 finished with value: 1.9384851432899204 and parameters: {'ISTN': 79.38812185093889, 'I_gpe': 1.073883221547734, 'I_gpi': 1.3211438876524397, 'noise_stn_sigma': 4.318701522439125, 'noise_gpe_sigma': 111.12643838366229, 'noise_gpi_sigma': 74.07193198849612, 'g_stn_gpe_mult': 3.6650679893348594, 'g_gpe_stn_mult': 0.1787802137014639, 'g_stn_gpi_mult': 2.313281448200484, 'g_gpe_gpi_mult': 0.2558898824938324}. Best is trial 348 with value: 0.8336165651046656.
[I 2026-05-28 21:20:55,533] Trial 536 finished with value: 2.053009420066247 and parameters: {'ISTN': 82.36937834644155, 'I_gpe': 1.100425863340612, 'I_gpi': 1.4537874734580227, 'noise_stn_sigma': 4.396881971014309, 'noise_gpe_sigma': 108.93563386404352, 'noise_gpi_sigma': 74.78398273475383, 'g_stn_gpe_mult': 3.4527874748900262, 'g_gpe_stn_mult': 0.18581777365678498, 'g_stn_gpi_mult': 2.2126670784949325, 'g_gpe_gpi_mult': 0.25043151997699215}. Best is trial 348 with value: 0.8336165651046656.
[I 2026-05-28 21:20:56,555] Trial 537 finished with value: 1.7395490859009113 and parameters: {'ISTN': 80.80111599173765, 'I_gpe': 1.0268332230871995, 'I_gpi': 1.4502022580596359, 'noise_stn_sigma': 4.578228551321172, 'noise_gpe_sigma': 113.0012672230742, 'noise_gpi_sigma': 81.2549203923171, 'g_stn_gpe_mult': 3.6028809846677046, 'g_gpe_stn_mult': 0.17745680323397617, 'g_stn_gpi_mult': 2.1418156095427845, 'g_gpe_gpi_mult': 0.2969849485638424}. Best is trial 348 with value: 0.8336165651046656.
[I 2026-05-28 21:20:57,574] Trial 538 finished with value: 3.9930154117090084 and parameters: {'ISTN': 81.75317271047159, 'I_gpe': 1.0960032714134673, 'I_gpi': 1.355737261200862, 'noise_stn_sigma': 4.517125553361434, 'noise_gpe_sigma': 112.48047277595195, 'noise_gpi_sigma': 74.96648299606039, 'g_stn_gpe_mult': 3.5402059860919195, 'g_gpe_stn_mult': 0.18885110833268426, 'g_stn_gpi_mult': 2.2418521064945987, 'g_gpe_gpi_mult': 0.27805826466814354}. Best is trial 348 with value: 0.8336165651046656.
[I 2026-05-28 21:20:58,595] Trial 539 finished with value: 4.810510853562927 and parameters: {'ISTN': 80.5650048902707, 'I_gpe': 1.037991579815582, 'I_gpi': 1.293056372083114, 'noise_stn_sigma': 4.402057323170604, 'noise_gpe_sigma': 110.62413170892202, 'noise_gpi_sigma': 80.92078377926666, 'g_stn_gpe_mult': 3.548287358681773, 'g_gpe_stn_mult': 0.17768778636867477, 'g_stn_gpi_mult': 2.384907801699674, 'g_gpe_gpi_mult': 0.27127224519147874}. Best is trial 348 with value: 0.8336165651046656.
[I 2026-05-28 21:20:59,616] Trial 540 finished with value: 1.3210227711462703 and parameters: {'ISTN': 80.67655881852176, 'I_gpe': 1.0763150681187488, 'I_gpi': 1.4663092620008447, 'noise_stn_sigma': 4.4650383850772695, 'noise_gpe_sigma': 109.2015190952354, 'noise_gpi_sigma': 76.47287931821963, 'g_stn_gpe_mult': 3.7022792379227285, 'g_gpe_stn_mult': 0.15638603823009686, 'g_stn_gpi_mult': 2.2350375833335114, 'g_gpe_gpi_mult': 0.26557298154987763}. Best is trial 348 with value: 0.8336165651046656.
[I 2026-05-28 21:21:00,634] Trial 541 finished with value: 3.0318076724186183 and parameters: {'ISTN': 83.39491480433962, 'I_gpe': 1.0279762714714744, 'I_gpi': 1.329843842011178, 'noise_stn_sigma': 4.449063523042909, 'noise_gpe_sigma': 113.15230075181951, 'noise_gpi_sigma': 74.8076363572481, 'g_stn_gpe_mult': 3.489317040944787, 'g_gpe_stn_mult': 0.16436467331305676, 'g_stn_gpi_mult': 2.1181282149251723, 'g_gpe_gpi_mult': 0.2547322800341496}. Best is trial 348 with value: 0.8336165651046656.
[I 2026-05-28 21:21:01,594] Trial 542 finished with value: 1000000.0 and parameters: {'ISTN': 81.3627026663576, 'I_gpe': 1.1025628256904967, 'I_gpi': 1.4183576773702946, 'noise_stn_sigma': 4.532853588974527, 'noise_gpe_sigma': 108.60066059992943, 'noise_gpi_sigma': 77.4595828785279, 'g_stn_gpe_mult': 3.5635093603681636, 'g_gpe_stn_mult': 0.15307247786720074, 'g_stn_gpi_mult': 2.194345808280146, 'g_gpe_gpi_mult': 0.2557825173634076}. Best is trial 348 with value: 0.8336165651046656.
[I 2026-05-28 21:21:02,615] Trial 543 finished with value: 2.399471692141995 and parameters: {'ISTN': 81.51673471447454, 'I_gpe': 1.1196633543748566, 'I_gpi': 1.429120319130981, 'noise_stn_sigma': 4.533215612960738, 'noise_gpe_sigma': 112.11081413068548, 'noise_gpi_sigma': 80.67136679984912, 'g_stn_gpe_mult': 3.53025460550338, 'g_gpe_stn_mult': 0.17606297362152218, 'g_stn_gpi_mult': 2.334779155428338, 'g_gpe_gpi_mult': 0.25056868696154305}. Best is trial 348 with value: 0.8336165651046656.
[I 2026-05-28 21:21:03,636] Trial 544 finished with value: 1.6161224160434104 and parameters: {'ISTN': 80.13667911560138, 'I_gpe': 1.0915098756952815, 'I_gpi': 1.4796370826157739, 'noise_stn_sigma': 4.482227049568886, 'noise_gpe_sigma': 112.87744113514498, 'noise_gpi_sigma': 75.4390205131844, 'g_stn_gpe_mult': 3.6118888879151916, 'g_gpe_stn_mult': 0.17490534532148339, 'g_stn_gpi_mult': 2.2049129243177426, 'g_gpe_gpi_mult': 0.277181995067829}. Best is trial 348 with value: 0.8336165651046656.
[I 2026-05-28 21:21:04,657] Trial 545 finished with value: 2.6616724392758258 and parameters: {'ISTN': 80.30060820785728, 'I_gpe': 1.0911108925093997, 'I_gpi': 1.432875596092096, 'noise_stn_sigma': 4.414481680451274, 'noise_gpe_sigma': 113.47821296688846, 'noise_gpi_sigma': 79.15462245729213, 'g_stn_gpe_mult': 3.532232756194684, 'g_gpe_stn_mult': 0.1685181838529518, 'g_stn_gpi_mult': 2.162918703172294, 'g_gpe_gpi_mult': 0.24189901976241165}. Best is trial 348 with value: 0.8336165651046656.
[I 2026-05-28 21:21:05,676] Trial 546 finished with value: 2.2070275316817094 and parameters: {'ISTN': 79.66798098446426, 'I_gpe': 0.9835181007923895, 'I_gpi': 1.251129556364069, 'noise_stn_sigma': 4.3422367382850435, 'noise_gpe_sigma': 111.58034001795728, 'noise_gpi_sigma': 81.24653966297886, 'g_stn_gpe_mult': 3.680660399327461, 'g_gpe_stn_mult': 0.18236644633457688, 'g_stn_gpi_mult': 2.3177136121785247, 'g_gpe_gpi_mult': 0.25545046613400724}. Best is trial 348 with value: 0.8336165651046656.
[I 2026-05-28 21:21:06,697] Trial 547 finished with value: 5.5514059493069094 and parameters: {'ISTN': 79.51731701659726, 'I_gpe': 1.173992144485752, 'I_gpi': 1.4545928086111746, 'noise_stn_sigma': 4.251351529254428, 'noise_gpe_sigma': 111.28816030878743, 'noise_gpi_sigma': 77.41454350767494, 'g_stn_gpe_mult': 3.6688328392317318, 'g_gpe_stn_mult': 0.16460786621812745, 'g_stn_gpi_mult': 2.185854118083024, 'g_gpe_gpi_mult': 0.20626053613200973}. Best is trial 348 with value: 0.8336165651046656.
[I 2026-05-28 21:21:07,719] Trial 548 finished with value: 3.337673930046151 and parameters: {'ISTN': 78.22125147249855, 'I_gpe': 1.107100053687776, 'I_gpi': 1.472055616830728, 'noise_stn_sigma': 4.359938930668104, 'noise_gpe_sigma': 111.79762814076557, 'noise_gpi_sigma': 74.16877211269812, 'g_stn_gpe_mult': 3.598529374715883, 'g_gpe_stn_mult': 0.18905898743170266, 'g_stn_gpi_mult': 2.248947276775895, 'g_gpe_gpi_mult': 0.2764364739465817}. Best is trial 348 with value: 0.8336165651046656.
[I 2026-05-28 21:21:08,739] Trial 549 finished with value: 2.011759929887011 and parameters: {'ISTN': 79.86736611204952, 'I_gpe': 1.0908511027719725, 'I_gpi': 1.339709495131046, 'noise_stn_sigma': 4.46379329834141, 'noise_gpe_sigma': 109.23988466830124, 'noise_gpi_sigma': 76.83833375915663, 'g_stn_gpe_mult': 3.64248501859287, 'g_gpe_stn_mult': 0.15795811675854737, 'g_stn_gpi_mult': 2.18559910548653, 'g_gpe_gpi_mult': 0.2566292976757717}. Best is trial 348 with value: 0.8336165651046656.
[I 2026-05-28 21:21:09,758] Trial 550 finished with value: 4.558154342267187 and parameters: {'ISTN': 82.64512940001441, 'I_gpe': 1.1025768927977317, 'I_gpi': 1.2911988847704603, 'noise_stn_sigma': 4.37212593790152, 'noise_gpe_sigma': 111.10872914068538, 'noise_gpi_sigma': 79.45960270945206, 'g_stn_gpe_mult': 3.6175249476640254, 'g_gpe_stn_mult': 0.18387376002943784, 'g_stn_gpi_mult': 2.212561199308864, 'g_gpe_gpi_mult': 0.278204287338246}. Best is trial 348 with value: 0.8336165651046656.
[I 2026-05-28 21:21:10,778] Trial 551 finished with value: 3.283458879362531 and parameters: {'ISTN': 80.1195777695307, 'I_gpe': 1.0898555795294134, 'I_gpi': 1.4709369948194209, 'noise_stn_sigma': 4.233489989187463, 'noise_gpe_sigma': 107.62391594516453, 'noise_gpi_sigma': 77.6494656068368, 'g_stn_gpe_mult': 3.6379462838347245, 'g_gpe_stn_mult': 0.16497129000291405, 'g_stn_gpi_mult': 2.2214773582076806, 'g_gpe_gpi_mult': 0.27909538984655147}. Best is trial 348 with value: 0.8336165651046656.
[I 2026-05-28 21:21:11,797] Trial 552 finished with value: 8.67595761406707 and parameters: {'ISTN': 78.70081846038192, 'I_gpe': 1.1096927394184675, 'I_gpi': 1.3099513773497358, 'noise_stn_sigma': 4.193292374309161, 'noise_gpe_sigma': 109.16508756676598, 'noise_gpi_sigma': 78.39246788794654, 'g_stn_gpe_mult': 3.7515394970824234, 'g_gpe_stn_mult': 0.16572891923623997, 'g_stn_gpi_mult': 2.1673877756818434, 'g_gpe_gpi_mult': 0.2227430967659942}. Best is trial 348 with value: 0.8336165651046656.
[I 2026-05-28 21:21:12,817] Trial 553 finished with value: 7.855520932199273 and parameters: {'ISTN': 79.20914397368293, 'I_gpe': 0.9969505593216696, 'I_gpi': 1.455842375831189, 'noise_stn_sigma': 4.343945676215668, 'noise_gpe_sigma': 111.37836172486875, 'noise_gpi_sigma': 75.87635747368526, 'g_stn_gpe_mult': 3.685942355643312, 'g_gpe_stn_mult': 0.14874121865277934, 'g_stn_gpi_mult': 2.2491440288145395, 'g_gpe_gpi_mult': 0.25530958821361704}. Best is trial 348 with value: 0.8336165651046656.
[I 2026-05-28 21:21:13,837] Trial 554 finished with value: 1.2624721695975463 and parameters: {'ISTN': 80.04034628893743, 'I_gpe': 1.098860999946654, 'I_gpi': 1.5049572727451532, 'noise_stn_sigma': 4.254464558474822, 'noise_gpe_sigma': 111.3279194648535, 'noise_gpi_sigma': 76.82482668373751, 'g_stn_gpe_mult': 3.618843332936782, 'g_gpe_stn_mult': 0.1794450598549337, 'g_stn_gpi_mult': 2.163231600656423, 'g_gpe_gpi_mult': 0.2398137891491672}. Best is trial 348 with value: 0.8336165651046656.
[I 2026-05-28 21:21:14,857] Trial 555 finished with value: 3.7561761446496202 and parameters: {'ISTN': 80.32015413620536, 'I_gpe': 1.0684036152307037, 'I_gpi': 1.3641926255640602, 'noise_stn_sigma': 4.334495583303649, 'noise_gpe_sigma': 111.51662876155353, 'noise_gpi_sigma': 73.49446477721995, 'g_stn_gpe_mult': 3.650349336424748, 'g_gpe_stn_mult': 0.15869479025031052, 'g_stn_gpi_mult': 2.1956121624910203, 'g_gpe_gpi_mult': 0.2437189537628895}. Best is trial 348 with value: 0.8336165651046656.
[I 2026-05-28 21:21:15,877] Trial 556 finished with value: 5.47147179175881 and parameters: {'ISTN': 78.34649971205461, 'I_gpe': 1.0793419456481297, 'I_gpi': 1.4059786526266418, 'noise_stn_sigma': 4.306514314705359, 'noise_gpe_sigma': 113.71702483624235, 'noise_gpi_sigma': 77.45611532842, 'g_stn_gpe_mult': 3.6722825045534924, 'g_gpe_stn_mult': 0.17855664509447372, 'g_stn_gpi_mult': 2.1570805022820223, 'g_gpe_gpi_mult': 0.2574458359465332}. Best is trial 348 with value: 0.8336165651046656.
[I 2026-05-28 21:21:16,896] Trial 557 finished with value: 5.010755780077633 and parameters: {'ISTN': 81.50030753699663, 'I_gpe': 1.0369896446903382, 'I_gpi': 1.2703291631634885, 'noise_stn_sigma': 4.397305240391553, 'noise_gpe_sigma': 115.47313234669433, 'noise_gpi_sigma': 74.24975706505529, 'g_stn_gpe_mult': 3.5577028738580867, 'g_gpe_stn_mult': 0.18599718851493746, 'g_stn_gpi_mult': 2.2179069044286153, 'g_gpe_gpi_mult': 0.28014838739492165}. Best is trial 348 with value: 0.8336165651046656.
[I 2026-05-28 21:21:17,916] Trial 558 finished with value: 1.3645561048813348 and parameters: {'ISTN': 81.7511006191822, 'I_gpe': 1.0909347630109782, 'I_gpi': 1.4417475725210926, 'noise_stn_sigma': 4.6278288210458465, 'noise_gpe_sigma': 109.54492762292666, 'noise_gpi_sigma': 75.3571929974819, 'g_stn_gpe_mult': 3.6031461907358713, 'g_gpe_stn_mult': 0.1761795347468625, 'g_stn_gpi_mult': 2.232749951314956, 'g_gpe_gpi_mult': 0.2883843678062754}. Best is trial 348 with value: 0.8336165651046656.
[I 2026-05-28 21:21:18,932] Trial 559 finished with value: 4.757832283301361 and parameters: {'ISTN': 79.98300754395541, 'I_gpe': 1.037270081629195, 'I_gpi': 1.504541177808617, 'noise_stn_sigma': 4.4243993818336795, 'noise_gpe_sigma': 106.36044425442154, 'noise_gpi_sigma': 78.07597470893016, 'g_stn_gpe_mult': 3.690765723123749, 'g_gpe_stn_mult': 0.1508755212758935, 'g_stn_gpi_mult': 2.226921402378932, 'g_gpe_gpi_mult': 0.2468556857457579}. Best is trial 348 with value: 0.8336165651046656.
[I 2026-05-28 21:21:19,951] Trial 560 finished with value: 7.452454229594907 and parameters: {'ISTN': 79.45467961290026, 'I_gpe': 1.0524893553406258, 'I_gpi': 1.5568822123040833, 'noise_stn_sigma': 4.435046239055803, 'noise_gpe_sigma': 111.16910094838437, 'noise_gpi_sigma': 77.56414029771936, 'g_stn_gpe_mult': 3.7332717379565024, 'g_gpe_stn_mult': 0.14678253164025512, 'g_stn_gpi_mult': 2.1468762565807045, 'g_gpe_gpi_mult': 0.2353906624149118}. Best is trial 348 with value: 0.8336165651046656.
[I 2026-05-28 21:21:20,971] Trial 561 finished with value: 2.9430484211646233 and parameters: {'ISTN': 81.9827269678101, 'I_gpe': 1.037969129016861, 'I_gpi': 1.4657463924995866, 'noise_stn_sigma': 4.404345345470034, 'noise_gpe_sigma': 110.10267970678841, 'noise_gpi_sigma': 75.3460811483732, 'g_stn_gpe_mult': 3.5727772469974464, 'g_gpe_stn_mult': 0.17982926232952906, 'g_stn_gpi_mult': 2.2243037331750015, 'g_gpe_gpi_mult': 0.27244529257822364}. Best is trial 348 with value: 0.8336165651046656.
[I 2026-05-28 21:21:21,991] Trial 562 finished with value: 4.48805747836228 and parameters: {'ISTN': 78.05789258687157, 'I_gpe': 1.1807165465175635, 'I_gpi': 1.6127071548536929, 'noise_stn_sigma': 4.4639864806937775, 'noise_gpe_sigma': 111.45738474514881, 'noise_gpi_sigma': 76.93474739368145, 'g_stn_gpe_mult': 3.5423397193133246, 'g_gpe_stn_mult': 0.1855631123487086, 'g_stn_gpi_mult': 2.2464935973392333, 'g_gpe_gpi_mult': 0.2564779406763864}. Best is trial 348 with value: 0.8336165651046656.
[I 2026-05-28 21:21:23,009] Trial 563 finished with value: 1.3071815202259764 and parameters: {'ISTN': 80.7118633719482, 'I_gpe': 1.1150589120769785, 'I_gpi': 1.4846807759741527, 'noise_stn_sigma': 4.380518264926165, 'noise_gpe_sigma': 109.53892725233521, 'noise_gpi_sigma': 74.46056791039393, 'g_stn_gpe_mult': 3.566439084869531, 'g_gpe_stn_mult': 0.18554628071516166, 'g_stn_gpi_mult': 2.2055347014961946, 'g_gpe_gpi_mult': 0.2587590765870474}. Best is trial 348 with value: 0.8336165651046656.
[I 2026-05-28 21:21:24,030] Trial 564 finished with value: 4.011869001838452 and parameters: {'ISTN': 80.43826680462094, 'I_gpe': 1.1210423568968102, 'I_gpi': 1.5087487545299338, 'noise_stn_sigma': 4.41910810827661, 'noise_gpe_sigma': 109.47828610287013, 'noise_gpi_sigma': 74.10780025340824, 'g_stn_gpe_mult': 3.732305600602599, 'g_gpe_stn_mult': 0.16088873736141412, 'g_stn_gpi_mult': 2.1475141577118917, 'g_gpe_gpi_mult': 0.2592036545516284}. Best is trial 348 with value: 0.8336165651046656.
[I 2026-05-28 21:21:25,051] Trial 565 finished with value: 1.3517530481582358 and parameters: {'ISTN': 81.92489579458939, 'I_gpe': 1.0556856135272887, 'I_gpi': 1.5112362638811652, 'noise_stn_sigma': 4.444200561041523, 'noise_gpe_sigma': 110.48768293633567, 'noise_gpi_sigma': 74.67697715493559, 'g_stn_gpe_mult': 3.617724083475414, 'g_gpe_stn_mult': 0.1757025562605803, 'g_stn_gpi_mult': 2.1968056642963463, 'g_gpe_gpi_mult': 0.25538968110899835}. Best is trial 348 with value: 0.8336165651046656.
[I 2026-05-28 21:21:26,072] Trial 566 finished with value: 3.726849931440291 and parameters: {'ISTN': 79.89226693769564, 'I_gpe': 1.0947622932403855, 'I_gpi': 1.3732273223223592, 'noise_stn_sigma': 4.176487337945528, 'noise_gpe_sigma': 110.82163315824042, 'noise_gpi_sigma': 73.09825049384084, 'g_stn_gpe_mult': 3.5546316534569193, 'g_gpe_stn_mult': 0.1713775159764624, 'g_stn_gpi_mult': 2.171286577661043, 'g_gpe_gpi_mult': 0.2433162381748376}. Best is trial 348 with value: 0.8336165651046656.
[I 2026-05-28 21:21:27,092] Trial 567 finished with value: 2.8545589372523414 and parameters: {'ISTN': 80.93665405653269, 'I_gpe': 1.109270556632574, 'I_gpi': 1.5700026911459342, 'noise_stn_sigma': 4.297144579242862, 'noise_gpe_sigma': 109.59937796699887, 'noise_gpi_sigma': 74.80277144918175, 'g_stn_gpe_mult': 3.650082184182539, 'g_gpe_stn_mult': 0.1778570004875189, 'g_stn_gpi_mult': 2.226848756340324, 'g_gpe_gpi_mult': 0.2963159086940102}. Best is trial 348 with value: 0.8336165651046656.
[I 2026-05-28 21:21:28,113] Trial 568 finished with value: 1.3989672351739517 and parameters: {'ISTN': 81.9118922161752, 'I_gpe': 1.0979223055978669, 'I_gpi': 1.3772126167661662, 'noise_stn_sigma': 4.533291849933419, 'noise_gpe_sigma': 111.9784089874872, 'noise_gpi_sigma': 76.91383337904404, 'g_stn_gpe_mult': 3.5762039931250773, 'g_gpe_stn_mult': 0.17296723374690703, 'g_stn_gpi_mult': 2.2966557051028076, 'g_gpe_gpi_mult': 0.24817348860066296}. Best is trial 348 with value: 0.8336165651046656.
[I 2026-05-28 21:21:29,132] Trial 569 finished with value: 1.3250770857186052 and parameters: {'ISTN': 81.17933959793194, 'I_gpe': 1.073669860048897, 'I_gpi': 1.5236977751910867, 'noise_stn_sigma': 4.418508022662585, 'noise_gpe_sigma': 109.72637225437042, 'noise_gpi_sigma': 72.08982183426212, 'g_stn_gpe_mult': 3.5695186199471913, 'g_gpe_stn_mult': 0.16817470878364688, 'g_stn_gpi_mult': 2.1613113172586047, 'g_gpe_gpi_mult': 0.25900676923442534}. Best is trial 348 with value: 0.8336165651046656.
[I 2026-05-28 21:21:30,152] Trial 570 finished with value: 3.577145356037865 and parameters: {'ISTN': 79.66057747245003, 'I_gpe': 1.093365837151379, 'I_gpi': 1.4602576083812528, 'noise_stn_sigma': 4.278823426316956, 'noise_gpe_sigma': 107.26782321749808, 'noise_gpi_sigma': 77.59502812681977, 'g_stn_gpe_mult': 3.5658268395947843, 'g_gpe_stn_mult': 0.17503942496752298, 'g_stn_gpi_mult': 2.1929287396083277, 'g_gpe_gpi_mult': 0.28027480994977405}. Best is trial 348 with value: 0.8336165651046656.
[I 2026-05-28 21:21:31,171] Trial 571 finished with value: 1.8334647667036679 and parameters: {'ISTN': 81.31660568910063, 'I_gpe': 1.0921846789172571, 'I_gpi': 1.5472688349309767, 'noise_stn_sigma': 4.3528502454790114, 'noise_gpe_sigma': 107.97542947533736, 'noise_gpi_sigma': 72.0525879834218, 'g_stn_gpe_mult': 3.527158120147168, 'g_gpe_stn_mult': 0.17342166849901014, 'g_stn_gpi_mult': 2.215100692942092, 'g_gpe_gpi_mult': 0.23280969215931094}. Best is trial 348 with value: 0.8336165651046656.
