[I 2026-05-28 21:21:32,190] Trial 572 finished with value: 1.2323248285968456 and parameters: {'ISTN': 78.82546908143762, 'I_gpe': 1.1117411941688833, 'I_gpi': 1.5013610876012504, 'noise_stn_sigma': 4.156991464898512, 'noise_gpe_sigma': 109.90530925594628, 'noise_gpi_sigma': 73.50369805964925, 'g_stn_gpe_mult': 3.630328000324142, 'g_gpe_stn_mult': 0.20299032435150027, 'g_stn_gpi_mult': 2.240993207728903, 'g_gpe_gpi_mult': 0.2392629565349814}. Best is trial 348 with value: 0.8336165651046656.
[I 2026-05-28 21:21:33,210] Trial 573 finished with value: 7.046706419054571 and parameters: {'ISTN': 79.80345695643535, 'I_gpe': 1.1682559372494472, 'I_gpi': 1.5861663107116635, 'noise_stn_sigma': 4.310597900781978, 'noise_gpe_sigma': 107.87334166267247, 'noise_gpi_sigma': 75.67893962439871, 'g_stn_gpe_mult': 3.673504665162371, 'g_gpe_stn_mult': 0.16898671260650538, 'g_stn_gpi_mult': 2.1744848546423183, 'g_gpe_gpi_mult': 0.24219472550731577}. Best is trial 348 with value: 0.8336165651046656.
[I 2026-05-28 21:21:34,229] Trial 574 finished with value: 1.6177571236354058 and parameters: {'ISTN': 81.69615407129533, 'I_gpe': 1.0470305058915554, 'I_gpi': 1.4006221607212155, 'noise_stn_sigma': 4.45733281309716, 'noise_gpe_sigma': 110.34605103064541, 'noise_gpi_sigma': 74.1016907390597, 'g_stn_gpe_mult': 3.6710041658593187, 'g_gpe_stn_mult': 0.16337095811873487, 'g_stn_gpi_mult': 2.2046129555950564, 'g_gpe_gpi_mult': 0.27806085524788726}. Best is trial 348 with value: 0.8336165651046656.
[I 2026-05-28 21:21:35,246] Trial 575 finished with value: 3.076966281154061 and parameters: {'ISTN': 81.5595288413626, 'I_gpe': 1.0147081929534918, 'I_gpi': 1.456375897219127, 'noise_stn_sigma': 4.410416993285331, 'noise_gpe_sigma': 108.86252952578205, 'noise_gpi_sigma': 71.07133437577313, 'g_stn_gpe_mult': 3.557525016164924, 'g_gpe_stn_mult': 0.18062751537777683, 'g_stn_gpi_mult': 2.1183303413069368, 'g_gpe_gpi_mult': 0.23518400222433744}. Best is trial 348 with value: 0.8336165651046656.
[I 2026-05-28 21:21:36,267] Trial 576 finished with value: 2.224709440929748 and parameters: {'ISTN': 83.1084685191284, 'I_gpe': 1.1052855466964933, 'I_gpi': 1.6328518720010734, 'noise_stn_sigma': 4.330241719792001, 'noise_gpe_sigma': 107.22032424764404, 'noise_gpi_sigma': 74.28128435071827, 'g_stn_gpe_mult': 3.6267641468244696, 'g_gpe_stn_mult': 0.1711744201583214, 'g_stn_gpi_mult': 2.192752688621527, 'g_gpe_gpi_mult': 0.2744757033185429}. Best is trial 348 with value: 0.8336165651046656.
[I 2026-05-28 21:21:37,286] Trial 577 finished with value: 1.3304191389100022 and parameters: {'ISTN': 81.18666219046257, 'I_gpe': 1.0542893532160498, 'I_gpi': 1.5437900630309196, 'noise_stn_sigma': 4.365264386020112, 'noise_gpe_sigma': 113.12279562077383, 'noise_gpi_sigma': 72.20604838875263, 'g_stn_gpe_mult': 3.5448797906031326, 'g_gpe_stn_mult': 0.16818241467923017, 'g_stn_gpi_mult': 2.121090301929851, 'g_gpe_gpi_mult': 0.23994417380759614}. Best is trial 348 with value: 0.8336165651046656.
[I 2026-05-28 21:21:38,307] Trial 578 finished with value: 1.3674054397248887 and parameters: {'ISTN': 82.29931456712993, 'I_gpe': 1.096058295876667, 'I_gpi': 1.4593817975541103, 'noise_stn_sigma': 4.302885631683717, 'noise_gpe_sigma': 109.90101735270406, 'noise_gpi_sigma': 76.7261059525004, 'g_stn_gpe_mult': 3.548545092957476, 'g_gpe_stn_mult': 0.1691673341651871, 'g_stn_gpi_mult': 2.1834846554509904, 'g_gpe_gpi_mult': 0.24459247740405893}. Best is trial 348 with value: 0.8336165651046656.
[I 2026-05-28 21:21:39,328] Trial 579 finished with value: 1.6783551722258807 and parameters: {'ISTN': 82.59714659843875, 'I_gpe': 1.0484203670181738, 'I_gpi': 1.5048360448605662, 'noise_stn_sigma': 4.532584987567901, 'noise_gpe_sigma': 108.14326253991382, 'noise_gpi_sigma': 73.74534407930388, 'g_stn_gpe_mult': 3.605520643294176, 'g_gpe_stn_mult': 0.16640204324607266, 'g_stn_gpi_mult': 2.1876320870726085, 'g_gpe_gpi_mult': 0.25846315290090166}. Best is trial 348 with value: 0.8336165651046656.
[I 2026-05-28 21:21:40,346] Trial 580 finished with value: 2.427544012559914 and parameters: {'ISTN': 80.22089335294818, 'I_gpe': 1.1305296187856482, 'I_gpi': 1.5600007052233096, 'noise_stn_sigma': 4.296475060705937, 'noise_gpe_sigma': 109.08804562969587, 'noise_gpi_sigma': 74.02702584511009, 'g_stn_gpe_mult': 3.4716220883854234, 'g_gpe_stn_mult': 0.1808531513365949, 'g_stn_gpi_mult': 2.2016540221472303, 'g_gpe_gpi_mult': 0.24779753913031913}. Best is trial 348 with value: 0.8336165651046656.
[I 2026-05-28 21:21:41,368] Trial 581 finished with value: 1.3804952139784228 and parameters: {'ISTN': 79.92924240063287, 'I_gpe': 1.1130461304582007, 'I_gpi': 1.6166363036240279, 'noise_stn_sigma': 4.367336008684158, 'noise_gpe_sigma': 107.69491387403536, 'noise_gpi_sigma': 76.73498011133819, 'g_stn_gpe_mult': 3.654119266611089, 'g_gpe_stn_mult': 0.19810626300312242, 'g_stn_gpi_mult': 2.1638765609065875, 'g_gpe_gpi_mult': 0.2535861540030364}. Best is trial 348 with value: 0.8336165651046656.
[I 2026-05-28 21:21:42,390] Trial 582 finished with value: 2.2031595577181173 and parameters: {'ISTN': 79.35842157012053, 'I_gpe': 1.0249167226115214, 'I_gpi': 1.3749053220587255, 'noise_stn_sigma': 4.3054472645321535, 'noise_gpe_sigma': 111.0867941929049, 'noise_gpi_sigma': 72.68259101849635, 'g_stn_gpe_mult': 3.660451073887728, 'g_gpe_stn_mult': 0.1705290372456949, 'g_stn_gpi_mult': 2.228881222661558, 'g_gpe_gpi_mult': 0.24409429734362809}. Best is trial 348 with value: 0.8336165651046656.
[I 2026-05-28 21:21:43,408] Trial 583 finished with value: 5.134714762079525 and parameters: {'ISTN': 82.56350907370228, 'I_gpe': 1.116864135418196, 'I_gpi': 1.5433966415522145, 'noise_stn_sigma': 4.2803301843507375, 'noise_gpe_sigma': 113.2111152955366, 'noise_gpi_sigma': 67.82264832224018, 'g_stn_gpe_mult': 3.458624634533932, 'g_gpe_stn_mult': 0.18931816661558049, 'g_stn_gpi_mult': 2.103658922369384, 'g_gpe_gpi_mult': 0.24818042152507355}. Best is trial 348 with value: 0.8336165651046656.
[I 2026-05-28 21:21:44,428] Trial 584 finished with value: 3.0384011637089663 and parameters: {'ISTN': 80.03455136607894, 'I_gpe': 1.1130683238848236, 'I_gpi': 1.4670385377457453, 'noise_stn_sigma': 4.4004015996406025, 'noise_gpe_sigma': 109.52206733585749, 'noise_gpi_sigma': 78.25154642558624, 'g_stn_gpe_mult': 3.5854383314414267, 'g_gpe_stn_mult': 0.19966205887476718, 'g_stn_gpi_mult': 2.2200743473187243, 'g_gpe_gpi_mult': 0.24241258335513954}. Best is trial 348 with value: 0.8336165651046656.
[I 2026-05-28 21:21:45,447] Trial 585 finished with value: 4.849346292216499 and parameters: {'ISTN': 78.75990217446683, 'I_gpe': 1.0956740822220135, 'I_gpi': 1.5134071397009536, 'noise_stn_sigma': 4.486224855553476, 'noise_gpe_sigma': 108.20475376305704, 'noise_gpi_sigma': 79.13172059895939, 'g_stn_gpe_mult': 3.6752381385045063, 'g_gpe_stn_mult': 0.17076300305988623, 'g_stn_gpi_mult': 2.273199380647642, 'g_gpe_gpi_mult': 0.2431294620494704}. Best is trial 348 with value: 0.8336165651046656.
[I 2026-05-28 21:21:46,465] Trial 586 finished with value: 3.0325382682831297 and parameters: {'ISTN': 82.0677868884527, 'I_gpe': 1.0072522455236501, 'I_gpi': 1.3899100086746792, 'noise_stn_sigma': 4.354802759900664, 'noise_gpe_sigma': 113.85032259320147, 'noise_gpi_sigma': 70.67611308852024, 'g_stn_gpe_mult': 3.469878671962692, 'g_gpe_stn_mult': 0.19066504679304475, 'g_stn_gpi_mult': 2.188216717279504, 'g_gpe_gpi_mult': 0.26722998352589855}. Best is trial 348 with value: 0.8336165651046656.
[I 2026-05-28 21:21:47,483] Trial 587 finished with value: 1.875898151575813 and parameters: {'ISTN': 80.29384649678327, 'I_gpe': 1.1082228894480282, 'I_gpi': 1.4726128379341579, 'noise_stn_sigma': 4.225188150467959, 'noise_gpe_sigma': 111.52490421515047, 'noise_gpi_sigma': 73.7616687197951, 'g_stn_gpe_mult': 3.5395901952500446, 'g_gpe_stn_mult': 0.19698701077350517, 'g_stn_gpi_mult': 2.2627684941947876, 'g_gpe_gpi_mult': 0.2535422565527558}. Best is trial 348 with value: 0.8336165651046656.
[I 2026-05-28 21:21:48,502] Trial 588 finished with value: 3.138950304777292 and parameters: {'ISTN': 79.76353245368274, 'I_gpe': 1.1230467509516766, 'I_gpi': 1.3821019251924085, 'noise_stn_sigma': 4.159498447006163, 'noise_gpe_sigma': 112.21413575127679, 'noise_gpi_sigma': 71.33038992190697, 'g_stn_gpe_mult': 3.573448708965559, 'g_gpe_stn_mult': 0.18487973312465106, 'g_stn_gpi_mult': 2.146366478515983, 'g_gpe_gpi_mult': 0.24265832029792428}. Best is trial 348 with value: 0.8336165651046656.
[I 2026-05-28 21:21:49,521] Trial 589 finished with value: 1.4480711829717101 and parameters: {'ISTN': 80.01179336998699, 'I_gpe': 1.1087345548279972, 'I_gpi': 1.4520145973160274, 'noise_stn_sigma': 4.244042651179536, 'noise_gpe_sigma': 111.91333799367617, 'noise_gpi_sigma': 75.12417706152212, 'g_stn_gpe_mult': 3.5928845880053553, 'g_gpe_stn_mult': 0.19361930702905886, 'g_stn_gpi_mult': 2.1941404634955597, 'g_gpe_gpi_mult': 0.2613589742119955}. Best is trial 348 with value: 0.8336165651046656.
[I 2026-05-28 21:21:50,539] Trial 590 finished with value: 2.4111901276894585 and parameters: {'ISTN': 78.58400536480414, 'I_gpe': 1.0673703660486407, 'I_gpi': 1.3681466922304018, 'noise_stn_sigma': 4.2875902373583, 'noise_gpe_sigma': 113.25766244639023, 'noise_gpi_sigma': 78.2235621925861, 'g_stn_gpe_mult': 3.596067909146398, 'g_gpe_stn_mult': 0.1872526261957223, 'g_stn_gpi_mult': 2.2439161429170182, 'g_gpe_gpi_mult': 0.2369758565168546}. Best is trial 348 with value: 0.8336165651046656.
[I 2026-05-28 21:21:51,563] Trial 591 finished with value: 2.446339473894885 and parameters: {'ISTN': 81.29485889903707, 'I_gpe': 1.043386047773684, 'I_gpi': 1.4524944131545565, 'noise_stn_sigma': 4.174029856799589, 'noise_gpe_sigma': 108.9253239051519, 'noise_gpi_sigma': 74.39560066346613, 'g_stn_gpe_mult': 3.6850774725723148, 'g_gpe_stn_mult': 0.16808406544955715, 'g_stn_gpi_mult': 2.2059698624290927, 'g_gpe_gpi_mult': 0.2513867633643587}. Best is trial 348 with value: 0.8336165651046656.
[I 2026-05-28 21:21:52,582] Trial 592 finished with value: 1.257472073596821 and parameters: {'ISTN': 79.97355981707723, 'I_gpe': 1.1146923339856647, 'I_gpi': 1.5545863188615878, 'noise_stn_sigma': 4.424616134828861, 'noise_gpe_sigma': 110.17396038816537, 'noise_gpi_sigma': 71.1955656930146, 'g_stn_gpe_mult': 3.554262605727213, 'g_gpe_stn_mult': 0.1952970703377288, 'g_stn_gpi_mult': 2.207983879989846, 'g_gpe_gpi_mult': 0.26355479629078854}. Best is trial 348 with value: 0.8336165651046656.
[I 2026-05-28 21:21:53,602] Trial 593 finished with value: 4.832677552308196 and parameters: {'ISTN': 78.1775312018588, 'I_gpe': 1.1229637396333803, 'I_gpi': 1.5587558261748389, 'noise_stn_sigma': 4.026081463297026, 'noise_gpe_sigma': 107.69813810627892, 'noise_gpi_sigma': 72.60191218265413, 'g_stn_gpe_mult': 3.76751891516328, 'g_gpe_stn_mult': 0.1821865047240281, 'g_stn_gpi_mult': 2.1393347346304727, 'g_gpe_gpi_mult': 0.23859231446578963}. Best is trial 348 with value: 0.8336165651046656.
[I 2026-05-28 21:21:54,621] Trial 594 finished with value: 1.3345133844072883 and parameters: {'ISTN': 79.88076353886193, 'I_gpe': 1.103653666360454, 'I_gpi': 1.5199924462272234, 'noise_stn_sigma': 4.305803625623595, 'noise_gpe_sigma': 108.73158774895607, 'noise_gpi_sigma': 77.47932708620121, 'g_stn_gpe_mult': 3.6281391505267306, 'g_gpe_stn_mult': 0.1711819559508583, 'g_stn_gpi_mult': 2.201242548523885, 'g_gpe_gpi_mult': 0.24600497954882464}. Best is trial 348 with value: 0.8336165651046656.
[I 2026-05-28 21:21:55,641] Trial 595 finished with value: 1.2150474745330595 and parameters: {'ISTN': 78.1797891797998, 'I_gpe': 1.1058817916645258, 'I_gpi': 1.5010621945389477, 'noise_stn_sigma': 4.473395513527842, 'noise_gpe_sigma': 112.28275781721788, 'noise_gpi_sigma': 76.39520303327494, 'g_stn_gpe_mult': 3.644416438699041, 'g_gpe_stn_mult': 0.2015649483987377, 'g_stn_gpi_mult': 2.1057886954944447, 'g_gpe_gpi_mult': 0.2525804901787101}. Best is trial 348 with value: 0.8336165651046656.
[I 2026-05-28 21:21:56,660] Trial 596 finished with value: 1.2963604397606396 and parameters: {'ISTN': 80.32011234927857, 'I_gpe': 1.0463730709753851, 'I_gpi': 1.497220414116577, 'noise_stn_sigma': 4.3803615062484695, 'noise_gpe_sigma': 112.37928797696165, 'noise_gpi_sigma': 72.16295672614166, 'g_stn_gpe_mult': 3.5738072642068794, 'g_gpe_stn_mult': 0.1835145595814215, 'g_stn_gpi_mult': 2.270995884461188, 'g_gpe_gpi_mult': 0.26823020429193273}. Best is trial 348 with value: 0.8336165651046656.
[I 2026-05-28 21:21:57,682] Trial 597 finished with value: 5.93462095846857 and parameters: {'ISTN': 80.55249466987324, 'I_gpe': 1.0968503321897027, 'I_gpi': 1.4694696143609327, 'noise_stn_sigma': 4.564320417566698, 'noise_gpe_sigma': 112.58645770334391, 'noise_gpi_sigma': 77.62344480896388, 'g_stn_gpe_mult': 3.570685582139698, 'g_gpe_stn_mult': 0.21317426289490798, 'g_stn_gpi_mult': 2.1922737628377926, 'g_gpe_gpi_mult': 0.3020518786611882}. Best is trial 348 with value: 0.8336165651046656.
[I 2026-05-28 21:21:58,703] Trial 598 finished with value: 2.7208802082470944 and parameters: {'ISTN': 82.07786218974047, 'I_gpe': 1.0686035094378612, 'I_gpi': 1.4746319070082936, 'noise_stn_sigma': 4.241800502535661, 'noise_gpe_sigma': 113.56787384630817, 'noise_gpi_sigma': 74.11152944834049, 'g_stn_gpe_mult': 3.5509947023647195, 'g_gpe_stn_mult': 0.20259631477183798, 'g_stn_gpi_mult': 2.126382124290174, 'g_gpe_gpi_mult': 0.25170443683328275}. Best is trial 348 with value: 0.8336165651046656.
[I 2026-05-28 21:21:59,723] Trial 599 finished with value: 4.40465663900779 and parameters: {'ISTN': 81.53580264255743, 'I_gpe': 1.178009916328062, 'I_gpi': 1.8583761829823395, 'noise_stn_sigma': 4.254728798895456, 'noise_gpe_sigma': 106.21907025881859, 'noise_gpi_sigma': 70.02690578676246, 'g_stn_gpe_mult': 3.581094591678886, 'g_gpe_stn_mult': 0.18385354593808217, 'g_stn_gpi_mult': 2.0753800909754867, 'g_gpe_gpi_mult': 0.24330870312404235}. Best is trial 348 with value: 0.8336165651046656.
[I 2026-05-28 21:22:00,742] Trial 600 finished with value: 2.991807113753617 and parameters: {'ISTN': 80.40343459714626, 'I_gpe': 1.0923532786677734, 'I_gpi': 1.6759501218632922, 'noise_stn_sigma': 4.217426527719577, 'noise_gpe_sigma': 113.43649317932116, 'noise_gpi_sigma': 74.33892251050835, 'g_stn_gpe_mult': 3.5868587845678825, 'g_gpe_stn_mult': 0.1981323027261764, 'g_stn_gpi_mult': 2.096378486528865, 'g_gpe_gpi_mult': 0.21812997474921636}. Best is trial 348 with value: 0.8336165651046656.
[I 2026-05-28 21:22:01,763] Trial 601 finished with value: 3.6674902536182996 and parameters: {'ISTN': 80.26763907947657, 'I_gpe': 1.1297257470983655, 'I_gpi': 1.6122342830432441, 'noise_stn_sigma': 4.298584372651856, 'noise_gpe_sigma': 109.72093605793094, 'noise_gpi_sigma': 74.29310976607701, 'g_stn_gpe_mult': 3.5990193701876647, 'g_gpe_stn_mult': 0.19577616502275286, 'g_stn_gpi_mult': 2.127295988482196, 'g_gpe_gpi_mult': 0.2605838032069984}. Best is trial 348 with value: 0.8336165651046656.
[I 2026-05-28 21:22:02,783] Trial 602 finished with value: 4.779586512010432 and parameters: {'ISTN': 78.45721666704385, 'I_gpe': 1.153549596652916, 'I_gpi': 1.577506309048858, 'noise_stn_sigma': 4.171510446131714, 'noise_gpe_sigma': 111.96023674471002, 'noise_gpi_sigma': 73.3118599489558, 'g_stn_gpe_mult': 3.6013844455759196, 'g_gpe_stn_mult': 0.197132576735907, 'g_stn_gpi_mult': 2.158592895978672, 'g_gpe_gpi_mult': 0.21996528498741633}. Best is trial 348 with value: 0.8336165651046656.
[I 2026-05-28 21:22:03,802] Trial 603 finished with value: 1.4770714054450755 and parameters: {'ISTN': 78.9376003111933, 'I_gpe': 1.1060000415770195, 'I_gpi': 1.5264716681770545, 'noise_stn_sigma': 4.3861713731323615, 'noise_gpe_sigma': 108.86932671185313, 'noise_gpi_sigma': 73.48236586866804, 'g_stn_gpe_mult': 3.608618059312327, 'g_gpe_stn_mult': 0.20419884407491123, 'g_stn_gpi_mult': 2.1617313540898833, 'g_gpe_gpi_mult': 0.2705024316914817}. Best is trial 348 with value: 0.8336165651046656.
[I 2026-05-28 21:22:04,820] Trial 604 finished with value: 5.358795996407785 and parameters: {'ISTN': 77.68427572845565, 'I_gpe': 1.078363669423459, 'I_gpi': 1.5928343381154835, 'noise_stn_sigma': 4.630035316653624, 'noise_gpe_sigma': 113.83599970619234, 'noise_gpi_sigma': 73.07861058907778, 'g_stn_gpe_mult': 3.6133535116169813, 'g_gpe_stn_mult': 0.18808776258708215, 'g_stn_gpi_mult': 2.143469067260717, 'g_gpe_gpi_mult': 0.24664515639015208}. Best is trial 348 with value: 0.8336165651046656.
[I 2026-05-28 21:22:05,839] Trial 605 finished with value: 2.359826815741849 and parameters: {'ISTN': 79.58412528200844, 'I_gpe': 1.070316929202158, 'I_gpi': 1.4802892992411167, 'noise_stn_sigma': 4.459305176551615, 'noise_gpe_sigma': 113.2177587528476, 'noise_gpi_sigma': 73.79892946578914, 'g_stn_gpe_mult': 3.6356595160581993, 'g_gpe_stn_mult': 0.20099215202560117, 'g_stn_gpi_mult': 2.1266161752582855, 'g_gpe_gpi_mult': 0.2294583171143555}. Best is trial 348 with value: 0.8336165651046656.
[I 2026-05-28 21:22:06,858] Trial 606 finished with value: 9.362445065553207 and parameters: {'ISTN': 76.38405488689293, 'I_gpe': 1.0704714217975828, 'I_gpi': 1.4701594199042047, 'noise_stn_sigma': 4.5487446617711305, 'noise_gpe_sigma': 114.04656957542022, 'noise_gpi_sigma': 77.80179553896747, 'g_stn_gpe_mult': 3.616823800867179, 'g_gpe_stn_mult': 0.19614594410746033, 'g_stn_gpi_mult': 2.2056017372469032, 'g_gpe_gpi_mult': 0.25525825687164583}. Best is trial 348 with value: 0.8336165651046656.
[I 2026-05-28 21:22:07,875] Trial 607 finished with value: 3.495291151812358 and parameters: {'ISTN': 77.78292926658725, 'I_gpe': 1.1182365128850091, 'I_gpi': 1.7131589826258802, 'noise_stn_sigma': 4.490057273574976, 'noise_gpe_sigma': 108.31221902130602, 'noise_gpi_sigma': 76.94767022301954, 'g_stn_gpe_mult': 3.597439599169345, 'g_gpe_stn_mult': 0.20360116213979507, 'g_stn_gpi_mult': 2.114846616187027, 'g_gpe_gpi_mult': 0.2895055609875065}. Best is trial 348 with value: 0.8336165651046656.
[I 2026-05-28 21:22:08,896] Trial 608 finished with value: 1.2386057819179235 and parameters: {'ISTN': 80.1227606697154, 'I_gpe': 1.0963790297747424, 'I_gpi': 1.6055151845718543, 'noise_stn_sigma': 4.355141036166218, 'noise_gpe_sigma': 108.53054597402067, 'noise_gpi_sigma': 72.89812597731401, 'g_stn_gpe_mult': 3.687880088696146, 'g_gpe_stn_mult': 0.1918829472473519, 'g_stn_gpi_mult': 2.1813969275459897, 'g_gpe_gpi_mult': 0.23765238222334}. Best is trial 348 with value: 0.8336165651046656.
[I 2026-05-28 21:22:09,915] Trial 609 finished with value: 1.2760419294865217 and parameters: {'ISTN': 78.96698994959114, 'I_gpe': 1.1273223213658488, 'I_gpi': 1.4620394180500416, 'noise_stn_sigma': 4.388011071215413, 'noise_gpe_sigma': 114.02915231842731, 'noise_gpi_sigma': 76.21211442477015, 'g_stn_gpe_mult': 3.476567724147895, 'g_gpe_stn_mult': 0.2011895300402593, 'g_stn_gpi_mult': 2.130598534445543, 'g_gpe_gpi_mult': 0.26009340846325746}. Best is trial 348 with value: 0.8336165651046656.
[I 2026-05-28 21:22:10,935] Trial 610 finished with value: 7.504095459725446 and parameters: {'ISTN': 78.74116312089697, 'I_gpe': 1.1413190816099663, 'I_gpi': 1.4188799352890713, 'noise_stn_sigma': 4.531528122035304, 'noise_gpe_sigma': 106.2150813257527, 'noise_gpi_sigma': 76.98325275786036, 'g_stn_gpe_mult': 3.6644775590287266, 'g_gpe_stn_mult': 0.18448527907708037, 'g_stn_gpi_mult': 2.272927894506684, 'g_gpe_gpi_mult': 0.26358515255536086}. Best is trial 348 with value: 0.8336165651046656.
[I 2026-05-28 21:22:11,954] Trial 611 finished with value: 5.731974324331198 and parameters: {'ISTN': 79.89121074137717, 'I_gpe': 1.1615206230794413, 'I_gpi': 1.7218208364059446, 'noise_stn_sigma': 4.367269369266719, 'noise_gpe_sigma': 110.38537784892603, 'noise_gpi_sigma': 69.23220232128405, 'g_stn_gpe_mult': 3.642855719954513, 'g_gpe_stn_mult': 0.2029156741651699, 'g_stn_gpi_mult': 2.16254417680016, 'g_gpe_gpi_mult': 0.2517174011716632}. Best is trial 348 with value: 0.8336165651046656.
[I 2026-05-28 21:22:12,973] Trial 612 finished with value: 2.90369464295003 and parameters: {'ISTN': 79.44728525288384, 'I_gpe': 1.138898686989078, 'I_gpi': 1.5124573066049543, 'noise_stn_sigma': 4.392716954588963, 'noise_gpe_sigma': 107.09571223423787, 'noise_gpi_sigma': 75.62728328685753, 'g_stn_gpe_mult': 3.6923090763643303, 'g_gpe_stn_mult': 0.19672181877846806, 'g_stn_gpi_mult': 2.1482402490088646, 'g_gpe_gpi_mult': 0.27239933372779046}. Best is trial 348 with value: 0.8336165651046656.
[I 2026-05-28 21:22:13,996] Trial 613 finished with value: 1.2908586711711807 and parameters: {'ISTN': 79.81509765012555, 'I_gpe': 1.089128477650021, 'I_gpi': 1.451267879529261, 'noise_stn_sigma': 4.35760666205024, 'noise_gpe_sigma': 110.03934873372933, 'noise_gpi_sigma': 76.4857524139343, 'g_stn_gpe_mult': 3.6355806191991067, 'g_gpe_stn_mult': 0.19764329050431767, 'g_stn_gpi_mult': 2.1394069881927957, 'g_gpe_gpi_mult': 0.2364567932054618}. Best is trial 348 with value: 0.8336165651046656.
[I 2026-05-28 21:22:15,012] Trial 614 finished with value: 2.037739356171201 and parameters: {'ISTN': 79.5708149845543, 'I_gpe': 1.1123949557079977, 'I_gpi': 1.5473217136146937, 'noise_stn_sigma': 4.267622902363459, 'noise_gpe_sigma': 112.48192501229867, 'noise_gpi_sigma': 69.41924589775243, 'g_stn_gpe_mult': 3.6323488557593104, 'g_gpe_stn_mult': 0.20105928507628046, 'g_stn_gpi_mult': 2.1525344041994083, 'g_gpe_gpi_mult': 0.23720932707744832}. Best is trial 348 with value: 0.8336165651046656.
[I 2026-05-28 21:22:16,030] Trial 615 finished with value: 1.636785268978847 and parameters: {'ISTN': 81.1015439829483, 'I_gpe': 1.06361439061032, 'I_gpi': 1.4863222849267768, 'noise_stn_sigma': 4.333923890967461, 'noise_gpe_sigma': 108.70661580885402, 'noise_gpi_sigma': 73.61367456309965, 'g_stn_gpe_mult': 3.592086138580335, 'g_gpe_stn_mult': 0.18787176182059429, 'g_stn_gpi_mult': 2.1795159685503656, 'g_gpe_gpi_mult': 0.2477383264674648}. Best is trial 348 with value: 0.8336165651046656.
