[I 2026-05-28 21:25:16,430] Trial 792 finished with value: 1.1911724609684031 and parameters: {'ISTN': 76.7320093618606, 'I_gpe': 1.0977562722146414, 'I_gpi': 1.7259689943641168, 'noise_stn_sigma': 4.395300367968256, 'noise_gpe_sigma': 114.39213946034378, 'noise_gpi_sigma': 72.0676287940555, 'g_stn_gpe_mult': 3.6349012775397687, 'g_gpe_stn_mult': 0.21595124014115707, 'g_stn_gpi_mult': 1.9319157615899774, 'g_gpe_gpi_mult': 0.22140744281712793}. Best is trial 348 with value: 0.8336165651046656.
[I 2026-05-28 21:25:17,449] Trial 793 finished with value: 1.2360552910530567 and parameters: {'ISTN': 76.18865239465251, 'I_gpe': 1.1029118770033497, 'I_gpi': 1.6874789769401088, 'noise_stn_sigma': 4.3687100602964755, 'noise_gpe_sigma': 117.26284364547921, 'noise_gpi_sigma': 70.71719051500868, 'g_stn_gpe_mult': 3.6312346140485294, 'g_gpe_stn_mult': 0.22399228476933908, 'g_stn_gpi_mult': 1.9473186193326084, 'g_gpe_gpi_mult': 0.21563640809156473}. Best is trial 348 with value: 0.8336165651046656.
[I 2026-05-28 21:25:18,468] Trial 794 finished with value: 1.6469416763469913 and parameters: {'ISTN': 76.57193911101693, 'I_gpe': 1.1090082548816074, 'I_gpi': 1.687978338383671, 'noise_stn_sigma': 4.372477452801529, 'noise_gpe_sigma': 116.25847566543783, 'noise_gpi_sigma': 71.21349289388199, 'g_stn_gpe_mult': 3.666892820536359, 'g_gpe_stn_mult': 0.21216617315104142, 'g_stn_gpi_mult': 1.9641861193373182, 'g_gpe_gpi_mult': 0.22749351106734386}. Best is trial 348 with value: 0.8336165651046656.
[I 2026-05-28 21:25:19,489] Trial 795 finished with value: 1.0966668031954694 and parameters: {'ISTN': 77.23485558977416, 'I_gpe': 1.0930611187086814, 'I_gpi': 1.706873431303171, 'noise_stn_sigma': 4.396009274131342, 'noise_gpe_sigma': 115.264842950815, 'noise_gpi_sigma': 72.35123794951437, 'g_stn_gpe_mult': 3.621286166518498, 'g_gpe_stn_mult': 0.21479984201274116, 'g_stn_gpi_mult': 1.9590665640110785, 'g_gpe_gpi_mult': 0.2151366360413719}. Best is trial 348 with value: 0.8336165651046656.
[I 2026-05-28 21:25:20,510] Trial 796 finished with value: 1.1892054927104478 and parameters: {'ISTN': 76.90414647797073, 'I_gpe': 1.0887151002048978, 'I_gpi': 1.662942023491611, 'noise_stn_sigma': 4.3369771373084225, 'noise_gpe_sigma': 115.98978757686525, 'noise_gpi_sigma': 70.51862865524141, 'g_stn_gpe_mult': 3.6195773533629922, 'g_gpe_stn_mult': 0.2231064628687368, 'g_stn_gpi_mult': 1.982695776430417, 'g_gpe_gpi_mult': 0.213711633068567}. Best is trial 348 with value: 0.8336165651046656.
[I 2026-05-28 21:25:21,530] Trial 797 finished with value: 1.1721997845364367 and parameters: {'ISTN': 77.86011754384646, 'I_gpe': 1.078924068140521, 'I_gpi': 1.6540454313800668, 'noise_stn_sigma': 4.38131247430463, 'noise_gpe_sigma': 115.77420685107931, 'noise_gpi_sigma': 72.67322855602663, 'g_stn_gpe_mult': 3.6211839597375657, 'g_gpe_stn_mult': 0.21323807130325173, 'g_stn_gpi_mult': 1.9899642342208557, 'g_gpe_gpi_mult': 0.22377088332894346}. Best is trial 348 with value: 0.8336165651046656.
[I 2026-05-28 21:25:22,552] Trial 798 finished with value: 1.0901618942475972 and parameters: {'ISTN': 77.10730686073677, 'I_gpe': 1.090714875115388, 'I_gpi': 1.7020093898709714, 'noise_stn_sigma': 4.378701787498203, 'noise_gpe_sigma': 115.5325261498721, 'noise_gpi_sigma': 71.9078204122996, 'g_stn_gpe_mult': 3.6147062318445764, 'g_gpe_stn_mult': 0.2131924847118391, 'g_stn_gpi_mult': 1.9730155575583193, 'g_gpe_gpi_mult': 0.21506201999462468}. Best is trial 348 with value: 0.8336165651046656.
[I 2026-05-28 21:25:23,568] Trial 799 finished with value: 1.1221076675187287 and parameters: {'ISTN': 77.51785586574017, 'I_gpe': 1.0741132201554604, 'I_gpi': 1.7058352765979181, 'noise_stn_sigma': 4.364220068259536, 'noise_gpe_sigma': 115.37152168299943, 'noise_gpi_sigma': 69.56066699700497, 'g_stn_gpe_mult': 3.6331164110545133, 'g_gpe_stn_mult': 0.2130350239772379, 'g_stn_gpi_mult': 2.005243452791583, 'g_gpe_gpi_mult': 0.21409535744846617}. Best is trial 348 with value: 0.8336165651046656.
[I 2026-05-28 21:25:24,587] Trial 800 finished with value: 1.1246381980057936 and parameters: {'ISTN': 77.61936554648629, 'I_gpe': 1.0737525902818503, 'I_gpi': 1.6988423279989329, 'noise_stn_sigma': 4.356791062851006, 'noise_gpe_sigma': 116.42005435293599, 'noise_gpi_sigma': 70.24231937284324, 'g_stn_gpe_mult': 3.6179296244965817, 'g_gpe_stn_mult': 0.21223370327942215, 'g_stn_gpi_mult': 1.8904112373488273, 'g_gpe_gpi_mult': 0.21606449338118408}. Best is trial 348 with value: 0.8336165651046656.
[I 2026-05-28 21:25:25,608] Trial 801 finished with value: 1.1634550474835992 and parameters: {'ISTN': 77.7047475117368, 'I_gpe': 1.0869548206697228, 'I_gpi': 1.6467658800490552, 'noise_stn_sigma': 4.413520184492399, 'noise_gpe_sigma': 116.07912289978597, 'noise_gpi_sigma': 70.91047390385852, 'g_stn_gpe_mult': 3.5793983877135434, 'g_gpe_stn_mult': 0.21024475998757797, 'g_stn_gpi_mult': 1.9949285256501452, 'g_gpe_gpi_mult': 0.22535114432363357}. Best is trial 348 with value: 0.8336165651046656.
[I 2026-05-28 21:25:26,627] Trial 802 finished with value: 1.0803340092276223 and parameters: {'ISTN': 77.12046469165696, 'I_gpe': 1.0702441166323218, 'I_gpi': 1.6545845121497609, 'noise_stn_sigma': 4.352501299102712, 'noise_gpe_sigma': 115.80183746349283, 'noise_gpi_sigma': 70.71478934157216, 'g_stn_gpe_mult': 3.6505722838996104, 'g_gpe_stn_mult': 0.2170966657725752, 'g_stn_gpi_mult': 1.968982187515427, 'g_gpe_gpi_mult': 0.21086483377424475}. Best is trial 348 with value: 0.8336165651046656.
[I 2026-05-28 21:25:27,649] Trial 803 finished with value: 1.1149506200393846 and parameters: {'ISTN': 77.00948623042001, 'I_gpe': 1.09145243984351, 'I_gpi': 1.6412771566407574, 'noise_stn_sigma': 4.309378916492388, 'noise_gpe_sigma': 117.45442136597146, 'noise_gpi_sigma': 70.8918499996898, 'g_stn_gpe_mult': 3.5813551680733386, 'g_gpe_stn_mult': 0.21853371343574904, 'g_stn_gpi_mult': 1.9458619430610273, 'g_gpe_gpi_mult': 0.2054747597823822}. Best is trial 348 with value: 0.8336165651046656.
[I 2026-05-28 21:25:28,668] Trial 804 finished with value: 1.0969335375796248 and parameters: {'ISTN': 76.98376080107509, 'I_gpe': 1.0902057401608234, 'I_gpi': 1.691574815692292, 'noise_stn_sigma': 4.4018310013417405, 'noise_gpe_sigma': 114.96306504727366, 'noise_gpi_sigma': 72.24549772614172, 'g_stn_gpe_mult': 3.634441888653224, 'g_gpe_stn_mult': 0.21803939963532626, 'g_stn_gpi_mult': 1.9485927808554884, 'g_gpe_gpi_mult': 0.23879583815438896}. Best is trial 348 with value: 0.8336165651046656.
[I 2026-05-28 21:25:29,686] Trial 805 finished with value: 1.2294790058630742 and parameters: {'ISTN': 76.59396579265422, 'I_gpe': 1.0806305552991295, 'I_gpi': 1.7232251298600738, 'noise_stn_sigma': 4.290211119434659, 'noise_gpe_sigma': 116.60079574215348, 'noise_gpi_sigma': 70.98000998396068, 'g_stn_gpe_mult': 3.6413167253623238, 'g_gpe_stn_mult': 0.22625850656252472, 'g_stn_gpi_mult': 1.9846810944629831, 'g_gpe_gpi_mult': 0.21763625062680647}. Best is trial 348 with value: 0.8336165651046656.
[I 2026-05-28 21:25:30,706] Trial 806 finished with value: 1.7947685002006728 and parameters: {'ISTN': 76.82864272717146, 'I_gpe': 1.0895789925203658, 'I_gpi': 1.7154718638713473, 'noise_stn_sigma': 4.304466501648667, 'noise_gpe_sigma': 115.27515630445578, 'noise_gpi_sigma': 70.54631431011752, 'g_stn_gpe_mult': 3.633688333859286, 'g_gpe_stn_mult': 0.2192095994927103, 'g_stn_gpi_mult': 1.9678871476848625, 'g_gpe_gpi_mult': 0.2203602302371137}. Best is trial 348 with value: 0.8336165651046656.
[I 2026-05-28 21:25:31,728] Trial 807 finished with value: 1.7286798489707742 and parameters: {'ISTN': 77.23721228083004, 'I_gpe': 1.094564174416782, 'I_gpi': 1.6717366964263798, 'noise_stn_sigma': 4.392635746760196, 'noise_gpe_sigma': 114.71299356123616, 'noise_gpi_sigma': 72.15764374963666, 'g_stn_gpe_mult': 3.6260629927373658, 'g_gpe_stn_mult': 0.21224349670267556, 'g_stn_gpi_mult': 1.976000875836486, 'g_gpe_gpi_mult': 0.21684737621442896}. Best is trial 348 with value: 0.8336165651046656.
[I 2026-05-28 21:25:32,748] Trial 808 finished with value: 1.3312787653935982 and parameters: {'ISTN': 76.9008691485578, 'I_gpe': 1.0895015347004682, 'I_gpi': 1.70673925765077, 'noise_stn_sigma': 4.412024347403703, 'noise_gpe_sigma': 116.35948365804124, 'noise_gpi_sigma': 71.39622888073754, 'g_stn_gpe_mult': 3.601219860832041, 'g_gpe_stn_mult': 0.21681742871163762, 'g_stn_gpi_mult': 1.9936139554750232, 'g_gpe_gpi_mult': 0.20424261661583418}. Best is trial 348 with value: 0.8336165651046656.
[I 2026-05-28 21:25:33,768] Trial 809 finished with value: 1.1861801564080796 and parameters: {'ISTN': 77.8285650869721, 'I_gpe': 1.1144986501869438, 'I_gpi': 1.6811898657228068, 'noise_stn_sigma': 4.347487568883798, 'noise_gpe_sigma': 114.34947332467162, 'noise_gpi_sigma': 71.78568161223373, 'g_stn_gpe_mult': 3.5714107317311927, 'g_gpe_stn_mult': 0.2151227250210281, 'g_stn_gpi_mult': 1.9927672732025332, 'g_gpe_gpi_mult': 0.21318615066069546}. Best is trial 348 with value: 0.8336165651046656.
[I 2026-05-28 21:25:34,786] Trial 810 finished with value: 3.4383842398922013 and parameters: {'ISTN': 77.03398588052369, 'I_gpe': 1.0670574966785022, 'I_gpi': 1.7168781685882921, 'noise_stn_sigma': 4.416518148370335, 'noise_gpe_sigma': 115.79096473443448, 'noise_gpi_sigma': 70.23850402330125, 'g_stn_gpe_mult': 3.6050361478790602, 'g_gpe_stn_mult': 0.21684050900782148, 'g_stn_gpi_mult': 1.9494813427496576, 'g_gpe_gpi_mult': 0.23630148545083624}. Best is trial 348 with value: 0.8336165651046656.
[I 2026-05-28 21:25:35,808] Trial 811 finished with value: 1.6244474771145172 and parameters: {'ISTN': 77.05123600935062, 'I_gpe': 1.0759466798216362, 'I_gpi': 1.6985107310536192, 'noise_stn_sigma': 4.382303402987853, 'noise_gpe_sigma': 116.5565037555941, 'noise_gpi_sigma': 70.20075259022946, 'g_stn_gpe_mult': 3.6386811397975873, 'g_gpe_stn_mult': 0.21393320682025455, 'g_stn_gpi_mult': 2.0038537578657474, 'g_gpe_gpi_mult': 0.21956805669458784}. Best is trial 348 with value: 0.8336165651046656.
[I 2026-05-28 21:25:36,827] Trial 812 finished with value: 1.158691128264672 and parameters: {'ISTN': 77.53780132552032, 'I_gpe': 1.0789439572597088, 'I_gpi': 1.6202711076172607, 'noise_stn_sigma': 4.437675275440862, 'noise_gpe_sigma': 115.73838234139451, 'noise_gpi_sigma': 71.52969565863097, 'g_stn_gpe_mult': 3.6050633133504917, 'g_gpe_stn_mult': 0.21621138463960543, 'g_stn_gpi_mult': 1.9907203251689505, 'g_gpe_gpi_mult': 0.23206293459818994}. Best is trial 348 with value: 0.8336165651046656.
[I 2026-05-28 21:25:37,847] Trial 813 finished with value: 1.1018079628613306 and parameters: {'ISTN': 76.94379309083729, 'I_gpe': 1.0836001738921608, 'I_gpi': 1.658376668764393, 'noise_stn_sigma': 4.397853619627217, 'noise_gpe_sigma': 115.45507340508082, 'noise_gpi_sigma': 71.06292137265999, 'g_stn_gpe_mult': 3.6586683321115214, 'g_gpe_stn_mult': 0.21509668478281702, 'g_stn_gpi_mult': 1.9253418700627067, 'g_gpe_gpi_mult': 0.23501707106884712}. Best is trial 348 with value: 0.8336165651046656.
[I 2026-05-28 21:25:38,867] Trial 814 finished with value: 2.2409536878896428 and parameters: {'ISTN': 76.61155934693005, 'I_gpe': 1.06172676618503, 'I_gpi': 1.6363914462808393, 'noise_stn_sigma': 4.383559145007752, 'noise_gpe_sigma': 116.91005930712895, 'noise_gpi_sigma': 70.62942295289312, 'g_stn_gpe_mult': 3.634998764081866, 'g_gpe_stn_mult': 0.22065881725407577, 'g_stn_gpi_mult': 1.9183966295235997, 'g_gpe_gpi_mult': 0.2189604253777479}. Best is trial 348 with value: 0.8336165651046656.
[I 2026-05-28 21:25:39,886] Trial 815 finished with value: 1.165439664778876 and parameters: {'ISTN': 76.860404014084, 'I_gpe': 1.0754129456148616, 'I_gpi': 1.6400582137237403, 'noise_stn_sigma': 4.374835697865761, 'noise_gpe_sigma': 115.14400367860354, 'noise_gpi_sigma': 71.12537905295336, 'g_stn_gpe_mult': 3.628671459579464, 'g_gpe_stn_mult': 0.22058728987365123, 'g_stn_gpi_mult': 1.9681659689661335, 'g_gpe_gpi_mult': 0.21422418345510574}. Best is trial 348 with value: 0.8336165651046656.
[I 2026-05-28 21:25:40,905] Trial 816 finished with value: 4.587347222503983 and parameters: {'ISTN': 76.77529927927625, 'I_gpe': 1.0789820668675385, 'I_gpi': 1.685867713017291, 'noise_stn_sigma': 4.365161828134013, 'noise_gpe_sigma': 115.0591191460698, 'noise_gpi_sigma': 70.95050229601262, 'g_stn_gpe_mult': 3.648440324378796, 'g_gpe_stn_mult': 0.21155654880579566, 'g_stn_gpi_mult': 1.9884589269035586, 'g_gpe_gpi_mult': 0.21393107369120096}. Best is trial 348 with value: 0.8336165651046656.
[I 2026-05-28 21:25:41,928] Trial 817 finished with value: 1.5363462505729248 and parameters: {'ISTN': 77.1432961522424, 'I_gpe': 1.0836153550935261, 'I_gpi': 1.6495727632563015, 'noise_stn_sigma': 4.409847382756828, 'noise_gpe_sigma': 116.96454104777027, 'noise_gpi_sigma': 69.76229005069817, 'g_stn_gpe_mult': 3.6011457169528827, 'g_gpe_stn_mult': 0.22276870162573204, 'g_stn_gpi_mult': 1.9351008248235033, 'g_gpe_gpi_mult': 0.2100877466869688}. Best is trial 348 with value: 0.8336165651046656.
[I 2026-05-28 21:25:42,888] Trial 818 finished with value: 1000000.0 and parameters: {'ISTN': 78.1670751175359, 'I_gpe': 1.0835826389932972, 'I_gpi': 1.7037114934352724, 'noise_stn_sigma': 4.40707226987575, 'noise_gpe_sigma': 115.17633989532466, 'noise_gpi_sigma': 71.26526325736327, 'g_stn_gpe_mult': 3.6556408995357774, 'g_gpe_stn_mult': 0.21388777739488943, 'g_stn_gpi_mult': 1.9972342625995578, 'g_gpe_gpi_mult': 0.2227762057601395}. Best is trial 348 with value: 0.8336165651046656.
[I 2026-05-28 21:25:43,908] Trial 819 finished with value: 1.5008935663775917 and parameters: {'ISTN': 77.13568248924065, 'I_gpe': 1.0877430658088678, 'I_gpi': 1.6381763309038382, 'noise_stn_sigma': 4.304156912730031, 'noise_gpe_sigma': 116.22890125858996, 'noise_gpi_sigma': 70.71480015486861, 'g_stn_gpe_mult': 3.5787668043149496, 'g_gpe_stn_mult': 0.22276191657888894, 'g_stn_gpi_mult': 1.9715642551547021, 'g_gpe_gpi_mult': 0.21786941183825476}. Best is trial 348 with value: 0.8336165651046656.
[I 2026-05-28 21:25:44,926] Trial 820 finished with value: 2.378439520406637 and parameters: {'ISTN': 77.13167721126072, 'I_gpe': 1.0809404162928757, 'I_gpi': 1.6752078465233569, 'noise_stn_sigma': 4.327709628318195, 'noise_gpe_sigma': 115.15118946600728, 'noise_gpi_sigma': 71.05693768338077, 'g_stn_gpe_mult': 3.6824209243260446, 'g_gpe_stn_mult': 0.2111073783751798, 'g_stn_gpi_mult': 1.9392192024852952, 'g_gpe_gpi_mult': 0.22312360279714052}. Best is trial 348 with value: 0.8336165651046656.
[I 2026-05-28 21:25:45,949] Trial 821 finished with value: 1.1044229461877066 and parameters: {'ISTN': 77.03637954696828, 'I_gpe': 1.090629951188597, 'I_gpi': 1.670552125528479, 'noise_stn_sigma': 4.361524283001501, 'noise_gpe_sigma': 115.62218725489569, 'noise_gpi_sigma': 70.67336115219297, 'g_stn_gpe_mult': 3.623379370173451, 'g_gpe_stn_mult': 0.21603510556194375, 'g_stn_gpi_mult': 1.985436618073503, 'g_gpe_gpi_mult': 0.22528927863760878}. Best is trial 348 with value: 0.8336165651046656.
[I 2026-05-28 21:25:46,971] Trial 822 finished with value: 1.121429843410064 and parameters: {'ISTN': 77.15123375459396, 'I_gpe': 1.0914885722714245, 'I_gpi': 1.6259088506348305, 'noise_stn_sigma': 4.5043480254567445, 'noise_gpe_sigma': 116.05045055840081, 'noise_gpi_sigma': 72.40759418235552, 'g_stn_gpe_mult': 3.603647093190636, 'g_gpe_stn_mult': 0.21634764488959526, 'g_stn_gpi_mult': 1.9758955936247933, 'g_gpe_gpi_mult': 0.24346812619281516}. Best is trial 348 with value: 0.8336165651046656.
[I 2026-05-28 21:25:47,991] Trial 823 finished with value: 1.0980894955188687 and parameters: {'ISTN': 77.117778588123, 'I_gpe': 1.0876488453942756, 'I_gpi': 1.6438358669067035, 'noise_stn_sigma': 4.440329095036278, 'noise_gpe_sigma': 114.6839831674112, 'noise_gpi_sigma': 70.89760601975811, 'g_stn_gpe_mult': 3.6163255244197714, 'g_gpe_stn_mult': 0.21270742749197386, 'g_stn_gpi_mult': 2.003773347412405, 'g_gpe_gpi_mult': 0.23547787134940196}. Best is trial 348 with value: 0.8336165651046656.
[I 2026-05-28 21:25:48,951] Trial 824 finished with value: 1000000.0 and parameters: {'ISTN': 77.04045194222907, 'I_gpe': 1.0755949775071234, 'I_gpi': 1.66948254168956, 'noise_stn_sigma': 4.319759182839283, 'noise_gpe_sigma': 115.72023765213322, 'noise_gpi_sigma': 70.00909885812572, 'g_stn_gpe_mult': 3.662211959504527, 'g_gpe_stn_mult': 0.22189966162587943, 'g_stn_gpi_mult': 1.9441462051930558, 'g_gpe_gpi_mult': 0.23096094279045368}. Best is trial 348 with value: 0.8336165651046656.
[I 2026-05-28 21:25:49,972] Trial 825 finished with value: 1.3057547950288797 and parameters: {'ISTN': 76.51224369798166, 'I_gpe': 1.0864112842669047, 'I_gpi': 1.6182022180624744, 'noise_stn_sigma': 4.431537386460825, 'noise_gpe_sigma': 113.48138678018474, 'noise_gpi_sigma': 71.44248511999731, 'g_stn_gpe_mult': 3.637026258973947, 'g_gpe_stn_mult': 0.2219908345135112, 'g_stn_gpi_mult': 1.9972679953064418, 'g_gpe_gpi_mult': 0.24302647777245795}. Best is trial 348 with value: 0.8336165651046656.
[I 2026-05-28 21:25:50,992] Trial 826 finished with value: 1.5323910594564325 and parameters: {'ISTN': 77.19052456266067, 'I_gpe': 1.0814925060574738, 'I_gpi': 1.5736710495252622, 'noise_stn_sigma': 4.339760127769329, 'noise_gpe_sigma': 114.79948340598513, 'noise_gpi_sigma': 71.35256893851727, 'g_stn_gpe_mult': 3.6155809100516927, 'g_gpe_stn_mult': 0.2183095406580675, 'g_stn_gpi_mult': 1.968927207338231, 'g_gpe_gpi_mult': 0.23251054212080752}. Best is trial 348 with value: 0.8336165651046656.
[I 2026-05-28 21:25:52,012] Trial 827 finished with value: 5.151136366180301 and parameters: {'ISTN': 77.33026252112776, 'I_gpe': 1.0588713557789027, 'I_gpi': 1.5797070931318697, 'noise_stn_sigma': 4.389537531695056, 'noise_gpe_sigma': 115.69990277058608, 'noise_gpi_sigma': 72.20802151538103, 'g_stn_gpe_mult': 3.665913692384393, 'g_gpe_stn_mult': 0.20953825067235388, 'g_stn_gpi_mult': 1.9576302998204638, 'g_gpe_gpi_mult': 0.2300298479068306}. Best is trial 348 with value: 0.8336165651046656.
[I 2026-05-28 21:25:53,030] Trial 828 finished with value: 1.1354739844405182 and parameters: {'ISTN': 77.52233461188823, 'I_gpe': 1.0776859319897776, 'I_gpi': 1.6506830527629293, 'noise_stn_sigma': 4.4379773945266265, 'noise_gpe_sigma': 114.76227247098016, 'noise_gpi_sigma': 72.62907493080473, 'g_stn_gpe_mult': 3.644231707517096, 'g_gpe_stn_mult': 0.21351984517883404, 'g_stn_gpi_mult': 1.9605297608407617, 'g_gpe_gpi_mult': 0.23056595533222848}. Best is trial 348 with value: 0.8336165651046656.
[I 2026-05-28 21:25:54,052] Trial 829 finished with value: 1.5096337810262825 and parameters: {'ISTN': 77.20648376159974, 'I_gpe': 1.0752977386389468, 'I_gpi': 1.659503846386578, 'noise_stn_sigma': 4.429729655795848, 'noise_gpe_sigma': 115.61126496730623, 'noise_gpi_sigma': 73.40376764139435, 'g_stn_gpe_mult': 3.639918191180703, 'g_gpe_stn_mult': 0.21291127232124207, 'g_stn_gpi_mult': 1.9171207044503986, 'g_gpe_gpi_mult': 0.2297574235805968}. Best is trial 348 with value: 0.8336165651046656.
[I 2026-05-28 21:25:55,072] Trial 830 finished with value: 1.223917156744977 and parameters: {'ISTN': 76.82351316122785, 'I_gpe': 1.0625580306779225, 'I_gpi': 1.6643215910581044, 'noise_stn_sigma': 4.3846699680541334, 'noise_gpe_sigma': 116.18381127435286, 'noise_gpi_sigma': 69.47229572898027, 'g_stn_gpe_mult': 3.6287412365879215, 'g_gpe_stn_mult': 0.2227800439550267, 'g_stn_gpi_mult': 1.8914234593530117, 'g_gpe_gpi_mult': 0.22615428968655185}. Best is trial 348 with value: 0.8336165651046656.
[I 2026-05-28 21:25:56,093] Trial 831 finished with value: 1.1103080928634228 and parameters: {'ISTN': 77.26863394769353, 'I_gpe': 1.0898576154304904, 'I_gpi': 1.658544244092567, 'noise_stn_sigma': 4.482610804770713, 'noise_gpe_sigma': 113.99197648694694, 'noise_gpi_sigma': 70.95286885711207, 'g_stn_gpe_mult': 3.6115994395225455, 'g_gpe_stn_mult': 0.21392882954936898, 'g_stn_gpi_mult': 2.0245458258826607, 'g_gpe_gpi_mult': 0.23856123990585776}. Best is trial 348 with value: 0.8336165651046656.
[I 2026-05-28 21:25:57,111] Trial 832 finished with value: 1.1103854935210529 and parameters: {'ISTN': 77.24954959844922, 'I_gpe': 1.074927931842695, 'I_gpi': 1.6693348090191897, 'noise_stn_sigma': 4.5174922114435585, 'noise_gpe_sigma': 115.88554581622878, 'noise_gpi_sigma': 70.2319585086453, 'g_stn_gpe_mult': 3.614470255587065, 'g_gpe_stn_mult': 0.21593333981325757, 'g_stn_gpi_mult': 1.9795490426890208, 'g_gpe_gpi_mult': 0.244872448573759}. Best is trial 348 with value: 0.8336165651046656.
[I 2026-05-28 21:25:58,130] Trial 833 finished with value: 1.1167815677008044 and parameters: {'ISTN': 76.89279260843288, 'I_gpe': 1.115317641158922, 'I_gpi': 1.6712124122715073, 'noise_stn_sigma': 4.523649151233138, 'noise_gpe_sigma': 115.48579522606724, 'noise_gpi_sigma': 71.90894794189418, 'g_stn_gpe_mult': 3.618276516429385, 'g_gpe_stn_mult': 0.21695389398435927, 'g_stn_gpi_mult': 1.9721867322140436, 'g_gpe_gpi_mult': 0.24284073590365002}. Best is trial 348 with value: 0.8336165651046656.
[I 2026-05-28 21:25:59,152] Trial 834 finished with value: 1.1552832495538758 and parameters: {'ISTN': 77.02608090279679, 'I_gpe': 1.094875632661536, 'I_gpi': 1.6816954500694954, 'noise_stn_sigma': 4.451608993841233, 'noise_gpe_sigma': 115.26310624630212, 'noise_gpi_sigma': 70.52365464849923, 'g_stn_gpe_mult': 3.5962767517291017, 'g_gpe_stn_mult': 0.22414663138015045, 'g_stn_gpi_mult': 2.0214486109299896, 'g_gpe_gpi_mult': 0.23126450175771893}. Best is trial 348 with value: 0.8336165651046656.
[I 2026-05-28 21:26:00,113] Trial 835 finished with value: 1000000.0 and parameters: {'ISTN': 77.24458901324704, 'I_gpe': 1.0946938179041852, 'I_gpi': 1.6256101497351336, 'noise_stn_sigma': 4.4526695284876805, 'noise_gpe_sigma': 115.04835318217073, 'noise_gpi_sigma': 71.69054940827158, 'g_stn_gpe_mult': 3.6297197460659065, 'g_gpe_stn_mult': 0.2143849212576992, 'g_stn_gpi_mult': 2.009502800885846, 'g_gpe_gpi_mult': 0.237077004409047}. Best is trial 348 with value: 0.8336165651046656.
