[I 2026-05-28 21:26:46,019] Trial 880 finished with value: 1.214269600050213 and parameters: {'ISTN': 77.18760740232608, 'I_gpe': 1.0689157583773934, 'I_gpi': 1.7159538222430033, 'noise_stn_sigma': 4.461509570826083, 'noise_gpe_sigma': 116.91104445948142, 'noise_gpi_sigma': 69.64443684223008, 'g_stn_gpe_mult': 3.6375074499594873, 'g_gpe_stn_mult': 0.22246871718752692, 'g_stn_gpi_mult': 2.0389558957697282, 'g_gpe_gpi_mult': 0.23486292561061786}. Best is trial 348 with value: 0.8336165651046656.
[I 2026-05-28 21:26:47,041] Trial 881 finished with value: 1.1201917047191 and parameters: {'ISTN': 76.66859057720923, 'I_gpe': 1.1094184337757875, 'I_gpi': 1.6816213333252783, 'noise_stn_sigma': 4.627898806265483, 'noise_gpe_sigma': 115.36511069734325, 'noise_gpi_sigma': 71.31034040822531, 'g_stn_gpe_mult': 3.608769246571933, 'g_gpe_stn_mult': 0.22172832165596723, 'g_stn_gpi_mult': 2.055484128641694, 'g_gpe_gpi_mult': 0.2644576296686552}. Best is trial 348 with value: 0.8336165651046656.
[I 2026-05-28 21:26:48,062] Trial 882 finished with value: 1.042427987731611 and parameters: {'ISTN': 76.03054314738725, 'I_gpe': 1.086746299533021, 'I_gpi': 1.74740774737478, 'noise_stn_sigma': 4.526925328429647, 'noise_gpe_sigma': 115.09488744805165, 'noise_gpi_sigma': 71.70050132190372, 'g_stn_gpe_mult': 3.6729295338048615, 'g_gpe_stn_mult': 0.23094781744040094, 'g_stn_gpi_mult': 2.0111393570056633, 'g_gpe_gpi_mult': 0.23534498970798592}. Best is trial 348 with value: 0.8336165651046656.
[I 2026-05-28 21:26:49,081] Trial 883 finished with value: 1.9695866647814002 and parameters: {'ISTN': 75.94372664258466, 'I_gpe': 1.1151672197128106, 'I_gpi': 1.6630435594535342, 'noise_stn_sigma': 4.428723027689044, 'noise_gpe_sigma': 114.05064149076885, 'noise_gpi_sigma': 72.84686104326886, 'g_stn_gpe_mult': 3.6793404125174747, 'g_gpe_stn_mult': 0.22764083864431622, 'g_stn_gpi_mult': 2.0473052187141336, 'g_gpe_gpi_mult': 0.22768322737869537}. Best is trial 348 with value: 0.8336165651046656.
[I 2026-05-28 21:26:50,042] Trial 884 finished with value: 1000000.0 and parameters: {'ISTN': 76.17451350208991, 'I_gpe': 1.081463427104453, 'I_gpi': 1.6627660123731653, 'noise_stn_sigma': 4.478165428264161, 'noise_gpe_sigma': 114.3667730973265, 'noise_gpi_sigma': 73.1994722295671, 'g_stn_gpe_mult': 3.6783127397616817, 'g_gpe_stn_mult': 0.23100815268727215, 'g_stn_gpi_mult': 2.0214879495319638, 'g_gpe_gpi_mult': 0.23570375373076455}. Best is trial 348 with value: 0.8336165651046656.
[I 2026-05-28 21:26:51,062] Trial 885 finished with value: 1.2104396877359884 and parameters: {'ISTN': 76.49701728848481, 'I_gpe': 1.1010224787377814, 'I_gpi': 1.6980442761525771, 'noise_stn_sigma': 4.481092021633254, 'noise_gpe_sigma': 114.772915663625, 'noise_gpi_sigma': 74.10796568850617, 'g_stn_gpe_mult': 3.6780444683628097, 'g_gpe_stn_mult': 0.22626063432707721, 'g_stn_gpi_mult': 2.060254517048234, 'g_gpe_gpi_mult': 0.23244994857221052}. Best is trial 348 with value: 0.8336165651046656.
[I 2026-05-28 21:26:52,083] Trial 886 finished with value: 1.0722251990186087 and parameters: {'ISTN': 76.25059834123311, 'I_gpe': 1.0648696940318754, 'I_gpi': 1.6695216176122574, 'noise_stn_sigma': 4.431750511988005, 'noise_gpe_sigma': 116.28535133282452, 'noise_gpi_sigma': 71.26393322656874, 'g_stn_gpe_mult': 3.666332395918939, 'g_gpe_stn_mult': 0.2297908199628693, 'g_stn_gpi_mult': 2.040158216204067, 'g_gpe_gpi_mult': 0.23045868827666655}. Best is trial 348 with value: 0.8336165651046656.
[I 2026-05-28 21:26:53,101] Trial 887 finished with value: 1.0982582150218005 and parameters: {'ISTN': 76.601127440173, 'I_gpe': 1.0798128769354136, 'I_gpi': 1.667233531464293, 'noise_stn_sigma': 4.447045517090521, 'noise_gpe_sigma': 116.09713646199772, 'noise_gpi_sigma': 72.68056455965949, 'g_stn_gpe_mult': 3.649022383825532, 'g_gpe_stn_mult': 0.22335142625907647, 'g_stn_gpi_mult': 1.9737295821776137, 'g_gpe_gpi_mult': 0.23536989218389393}. Best is trial 348 with value: 0.8336165651046656.
[I 2026-05-28 21:26:54,120] Trial 888 finished with value: 1.2944692281300632 and parameters: {'ISTN': 76.87882827984737, 'I_gpe': 1.0889479447846058, 'I_gpi': 1.6593639755233094, 'noise_stn_sigma': 4.330715142203184, 'noise_gpe_sigma': 113.5334837675492, 'noise_gpi_sigma': 70.75665371391905, 'g_stn_gpe_mult': 3.656562033256082, 'g_gpe_stn_mult': 0.22324634811936217, 'g_stn_gpi_mult': 1.9880400244284204, 'g_gpe_gpi_mult': 0.2250988417361836}. Best is trial 348 with value: 0.8336165651046656.
[I 2026-05-28 21:26:55,140] Trial 889 finished with value: 1.0258703694895266 and parameters: {'ISTN': 76.21545835195879, 'I_gpe': 1.0795775221719688, 'I_gpi': 1.6872233822890177, 'noise_stn_sigma': 4.426880417393939, 'noise_gpe_sigma': 115.66833838128046, 'noise_gpi_sigma': 73.33971355045792, 'g_stn_gpe_mult': 3.6651291896985407, 'g_gpe_stn_mult': 0.2270848128013071, 'g_stn_gpi_mult': 2.03097137160099, 'g_gpe_gpi_mult': 0.23834728409463696}. Best is trial 348 with value: 0.8336165651046656.
[I 2026-05-28 21:26:56,163] Trial 890 finished with value: 1.0703718067447647 and parameters: {'ISTN': 76.29588337908382, 'I_gpe': 1.092212195185369, 'I_gpi': 1.6659130825530546, 'noise_stn_sigma': 4.460580464834987, 'noise_gpe_sigma': 116.05221373996763, 'noise_gpi_sigma': 72.34391947675073, 'g_stn_gpe_mult': 3.6593553253914823, 'g_gpe_stn_mult': 0.22877517768458125, 'g_stn_gpi_mult': 2.0534245201977166, 'g_gpe_gpi_mult': 0.2401514938309241}. Best is trial 348 with value: 0.8336165651046656.
[I 2026-05-28 21:26:57,186] Trial 891 finished with value: 1.2067083680642567 and parameters: {'ISTN': 76.92080990994226, 'I_gpe': 1.0775719370975159, 'I_gpi': 1.6733155312512626, 'noise_stn_sigma': 4.493788884235974, 'noise_gpe_sigma': 116.04143932787976, 'noise_gpi_sigma': 72.7716051134384, 'g_stn_gpe_mult': 3.657921178460578, 'g_gpe_stn_mult': 0.21632418010835364, 'g_stn_gpi_mult': 2.0487101508794554, 'g_gpe_gpi_mult': 0.24711316192010063}. Best is trial 348 with value: 0.8336165651046656.
[I 2026-05-28 21:26:58,208] Trial 892 finished with value: 1.1092661316279875 and parameters: {'ISTN': 76.37815620421796, 'I_gpe': 1.0828760118834067, 'I_gpi': 1.7133482237407622, 'noise_stn_sigma': 4.315355015379924, 'noise_gpe_sigma': 114.71113362473434, 'noise_gpi_sigma': 72.3715549780699, 'g_stn_gpe_mult': 3.678808117953955, 'g_gpe_stn_mult': 0.2323681143497487, 'g_stn_gpi_mult': 2.00131472900435, 'g_gpe_gpi_mult': 0.22987393054659133}. Best is trial 348 with value: 0.8336165651046656.
[I 2026-05-28 21:26:59,228] Trial 893 finished with value: 3.167310523152282 and parameters: {'ISTN': 75.92774199304873, 'I_gpe': 1.0909271490797559, 'I_gpi': 1.6732696950503394, 'noise_stn_sigma': 4.47789870705494, 'noise_gpe_sigma': 114.9328602059637, 'noise_gpi_sigma': 72.66455214682671, 'g_stn_gpe_mult': 3.682358928520713, 'g_gpe_stn_mult': 0.22330993206356026, 'g_stn_gpi_mult': 2.0516103878326435, 'g_gpe_gpi_mult': 0.2516139354579725}. Best is trial 348 with value: 0.8336165651046656.
[I 2026-05-28 21:27:00,249] Trial 894 finished with value: 1.2793483914387738 and parameters: {'ISTN': 77.03269651553956, 'I_gpe': 1.0988665662098478, 'I_gpi': 1.678172060798679, 'noise_stn_sigma': 4.407054747333737, 'noise_gpe_sigma': 115.11025301416608, 'noise_gpi_sigma': 71.37512314368718, 'g_stn_gpe_mult': 3.642299870203133, 'g_gpe_stn_mult': 0.22232835739518397, 'g_stn_gpi_mult': 2.0441329104602417, 'g_gpe_gpi_mult': 0.24513064893906233}. Best is trial 348 with value: 0.8336165651046656.
[I 2026-05-28 21:27:01,267] Trial 895 finished with value: 1.0888341839277134 and parameters: {'ISTN': 76.75290589778844, 'I_gpe': 1.0822869947722862, 'I_gpi': 1.7670636281124938, 'noise_stn_sigma': 4.396595750667669, 'noise_gpe_sigma': 116.39113173390278, 'noise_gpi_sigma': 72.55642736666624, 'g_stn_gpe_mult': 3.624965265536743, 'g_gpe_stn_mult': 0.2250724143102972, 'g_stn_gpi_mult': 1.9819682295352772, 'g_gpe_gpi_mult': 0.22845750067219994}. Best is trial 348 with value: 0.8336165651046656.
[I 2026-05-28 21:27:02,285] Trial 896 finished with value: 1.0445989736855017 and parameters: {'ISTN': 76.2176421964992, 'I_gpe': 1.0799183592348647, 'I_gpi': 1.737417856353781, 'noise_stn_sigma': 4.40714544699423, 'noise_gpe_sigma': 114.94088748829256, 'noise_gpi_sigma': 72.33472731658286, 'g_stn_gpe_mult': 3.642463730954838, 'g_gpe_stn_mult': 0.22718730711271537, 'g_stn_gpi_mult': 2.005872550823607, 'g_gpe_gpi_mult': 0.21857935790802432}. Best is trial 348 with value: 0.8336165651046656.
[I 2026-05-28 21:27:03,305] Trial 897 finished with value: 1.0967810766448947 and parameters: {'ISTN': 76.79673410068071, 'I_gpe': 1.069862417194467, 'I_gpi': 1.6622406876434361, 'noise_stn_sigma': 4.477039156825133, 'noise_gpe_sigma': 116.84762126637514, 'noise_gpi_sigma': 70.29147745322732, 'g_stn_gpe_mult': 3.6469413989042416, 'g_gpe_stn_mult': 0.22357552763346636, 'g_stn_gpi_mult': 2.0205222998064287, 'g_gpe_gpi_mult': 0.23759844292861299}. Best is trial 348 with value: 0.8336165651046656.
[I 2026-05-28 21:27:04,327] Trial 898 finished with value: 1.0666128238327865 and parameters: {'ISTN': 76.29054737441928, 'I_gpe': 1.0874073253013796, 'I_gpi': 1.694647058307232, 'noise_stn_sigma': 4.427807552751326, 'noise_gpe_sigma': 115.5385156745638, 'noise_gpi_sigma': 72.8851918605135, 'g_stn_gpe_mult': 3.6905051157938074, 'g_gpe_stn_mult': 0.2212746772979763, 'g_stn_gpi_mult': 2.0147365364932197, 'g_gpe_gpi_mult': 0.22936533702019635}. Best is trial 348 with value: 0.8336165651046656.
[I 2026-05-28 21:27:05,349] Trial 899 finished with value: 1.1945306788036982 and parameters: {'ISTN': 76.70524359209303, 'I_gpe': 1.0938218652342138, 'I_gpi': 1.7387213009500249, 'noise_stn_sigma': 4.511740694144585, 'noise_gpe_sigma': 116.47488794037145, 'noise_gpi_sigma': 74.03688349260824, 'g_stn_gpe_mult': 3.640560741678296, 'g_gpe_stn_mult': 0.22119004993658709, 'g_stn_gpi_mult': 1.967123309325721, 'g_gpe_gpi_mult': 0.23643914050672604}. Best is trial 348 with value: 0.8336165651046656.
[I 2026-05-28 21:27:06,369] Trial 900 finished with value: 1.0419050426982859 and parameters: {'ISTN': 75.89507396401628, 'I_gpe': 1.0980425342316125, 'I_gpi': 1.7697178423837507, 'noise_stn_sigma': 4.46576501805208, 'noise_gpe_sigma': 115.3912863335424, 'noise_gpi_sigma': 71.00146666095878, 'g_stn_gpe_mult': 3.6580436114894, 'g_gpe_stn_mult': 0.23073765426832793, 'g_stn_gpi_mult': 2.0060994199953575, 'g_gpe_gpi_mult': 0.2183202251267217}. Best is trial 348 with value: 0.8336165651046656.
[I 2026-05-28 21:27:07,390] Trial 901 finished with value: 1.0619113437677707 and parameters: {'ISTN': 76.63936346489312, 'I_gpe': 1.0776628949563143, 'I_gpi': 1.7511813786474182, 'noise_stn_sigma': 4.4583462028289205, 'noise_gpe_sigma': 114.83573854125352, 'noise_gpi_sigma': 72.45283112119141, 'g_stn_gpe_mult': 3.6615215094466027, 'g_gpe_stn_mult': 0.2216240519673844, 'g_stn_gpi_mult': 2.0261249048471965, 'g_gpe_gpi_mult': 0.22142355016850113}. Best is trial 348 with value: 0.8336165651046656.
[I 2026-05-28 21:27:08,412] Trial 902 finished with value: 1.2366898812259237 and parameters: {'ISTN': 76.52819470541851, 'I_gpe': 1.0714045104387235, 'I_gpi': 1.7144396199216103, 'noise_stn_sigma': 4.493566653993957, 'noise_gpe_sigma': 115.40454476512821, 'noise_gpi_sigma': 72.12968190784689, 'g_stn_gpe_mult': 3.6817447049124525, 'g_gpe_stn_mult': 0.2203507838041433, 'g_stn_gpi_mult': 1.9705901712783878, 'g_gpe_gpi_mult': 0.22104586679689622}. Best is trial 348 with value: 0.8336165651046656.
[I 2026-05-28 21:27:09,431] Trial 903 finished with value: 1.094324900325819 and parameters: {'ISTN': 75.63862121454761, 'I_gpe': 1.086167771509339, 'I_gpi': 1.7949424117613335, 'noise_stn_sigma': 4.46869746964674, 'noise_gpe_sigma': 115.31648917476238, 'noise_gpi_sigma': 71.21151450966423, 'g_stn_gpe_mult': 3.687596964440226, 'g_gpe_stn_mult': 0.23070398163594294, 'g_stn_gpi_mult': 2.0045808305282917, 'g_gpe_gpi_mult': 0.21658795018694643}. Best is trial 348 with value: 0.8336165651046656.
[I 2026-05-28 21:27:10,452] Trial 904 finished with value: 3.6590693423859553 and parameters: {'ISTN': 75.9571514377198, 'I_gpe': 1.0787202492809103, 'I_gpi': 1.7841096712693625, 'noise_stn_sigma': 4.355914890820909, 'noise_gpe_sigma': 116.95192821505063, 'noise_gpi_sigma': 71.6991057596396, 'g_stn_gpe_mult': 3.651770356392533, 'g_gpe_stn_mult': 0.2251874533328303, 'g_stn_gpi_mult': 1.9548841016100826, 'g_gpe_gpi_mult': 0.20532127309139064}. Best is trial 348 with value: 0.8336165651046656.
[I 2026-05-28 21:27:11,473] Trial 905 finished with value: 1.0829891545936485 and parameters: {'ISTN': 76.62507071294411, 'I_gpe': 1.1100355633727568, 'I_gpi': 1.7024814200277163, 'noise_stn_sigma': 4.472889546493894, 'noise_gpe_sigma': 114.2991871683639, 'noise_gpi_sigma': 72.24294736643098, 'g_stn_gpe_mult': 3.6459179144277027, 'g_gpe_stn_mult': 0.22250528510752948, 'g_stn_gpi_mult': 2.0405201914603315, 'g_gpe_gpi_mult': 0.2318684156390609}. Best is trial 348 with value: 0.8336165651046656.
[I 2026-05-28 21:27:12,494] Trial 906 finished with value: 1.0392646857404033 and parameters: {'ISTN': 76.27398877772143, 'I_gpe': 1.089739417361649, 'I_gpi': 1.7720832801479163, 'noise_stn_sigma': 4.372185673514129, 'noise_gpe_sigma': 115.57552324147365, 'noise_gpi_sigma': 71.62329800090805, 'g_stn_gpe_mult': 3.613042381173233, 'g_gpe_stn_mult': 0.22601663220289764, 'g_stn_gpi_mult': 2.008035610147151, 'g_gpe_gpi_mult': 0.2160939624233348}. Best is trial 348 with value: 0.8336165651046656.
[I 2026-05-28 21:27:13,513] Trial 907 finished with value: 1.0719371357500291 and parameters: {'ISTN': 76.57077810659763, 'I_gpe': 1.0817726361815005, 'I_gpi': 1.8167943383201104, 'noise_stn_sigma': 4.37062437436062, 'noise_gpe_sigma': 116.18659799143593, 'noise_gpi_sigma': 71.27228979797417, 'g_stn_gpe_mult': 3.650444944493966, 'g_gpe_stn_mult': 0.2230094326740316, 'g_stn_gpi_mult': 1.988562425357445, 'g_gpe_gpi_mult': 0.21095894175070729}. Best is trial 348 with value: 0.8336165651046656.
[I 2026-05-28 21:27:14,532] Trial 908 finished with value: 1.049431535793616 and parameters: {'ISTN': 76.35142638959185, 'I_gpe': 1.0902550665903012, 'I_gpi': 1.733366816161925, 'noise_stn_sigma': 4.363374672034941, 'noise_gpe_sigma': 115.47223065358345, 'noise_gpi_sigma': 72.62583625504803, 'g_stn_gpe_mult': 3.679228323789238, 'g_gpe_stn_mult': 0.22805186696716734, 'g_stn_gpi_mult': 2.028637418032077, 'g_gpe_gpi_mult': 0.226874399812164}. Best is trial 348 with value: 0.8336165651046656.
[I 2026-05-28 21:27:15,551] Trial 909 finished with value: 1.051016601715076 and parameters: {'ISTN': 76.32117450510411, 'I_gpe': 1.088752272016919, 'I_gpi': 1.7582526989048137, 'noise_stn_sigma': 4.440426801792484, 'noise_gpe_sigma': 114.5327491906382, 'noise_gpi_sigma': 72.06196605943113, 'g_stn_gpe_mult': 3.6810811990090273, 'g_gpe_stn_mult': 0.2256023404423897, 'g_stn_gpi_mult': 1.98700590105432, 'g_gpe_gpi_mult': 0.2380576267718165}. Best is trial 348 with value: 0.8336165651046656.
[I 2026-05-28 21:27:16,572] Trial 910 finished with value: 2.098749893551086 and parameters: {'ISTN': 75.44891794620551, 'I_gpe': 1.0755034603975018, 'I_gpi': 1.7648264205928166, 'noise_stn_sigma': 4.433368365132548, 'noise_gpe_sigma': 116.54509876226602, 'noise_gpi_sigma': 69.70388304139138, 'g_stn_gpe_mult': 3.7097949178619873, 'g_gpe_stn_mult': 0.23536508267527811, 'g_stn_gpi_mult': 1.9936005343419896, 'g_gpe_gpi_mult': 0.21061957428558742}. Best is trial 348 with value: 0.8336165651046656.
[I 2026-05-28 21:27:17,592] Trial 911 finished with value: 1.0842905316794427 and parameters: {'ISTN': 76.96580243666452, 'I_gpe': 1.0797795018388423, 'I_gpi': 1.7115269856174464, 'noise_stn_sigma': 4.382559099856827, 'noise_gpe_sigma': 114.22555120547868, 'noise_gpi_sigma': 74.15217353770183, 'g_stn_gpe_mult': 3.6444688621478063, 'g_gpe_stn_mult': 0.21929175361763015, 'g_stn_gpi_mult': 2.035131795180802, 'g_gpe_gpi_mult': 0.22846054782178213}. Best is trial 348 with value: 0.8336165651046656.
[I 2026-05-28 21:27:18,613] Trial 912 finished with value: 1.0885950153616184 and parameters: {'ISTN': 76.6836916243206, 'I_gpe': 1.0828379346305848, 'I_gpi': 1.7343356673002273, 'noise_stn_sigma': 4.493648918454922, 'noise_gpe_sigma': 115.95657358452256, 'noise_gpi_sigma': 72.68357432074663, 'g_stn_gpe_mult': 3.633195282274885, 'g_gpe_stn_mult': 0.2267110379118738, 'g_stn_gpi_mult': 2.0534295356309595, 'g_gpe_gpi_mult': 0.24097625402905432}. Best is trial 348 with value: 0.8336165651046656.
[I 2026-05-28 21:27:19,633] Trial 913 finished with value: 1.7909799654608831 and parameters: {'ISTN': 76.22061184346968, 'I_gpe': 1.1059486041995483, 'I_gpi': 1.7999073893609332, 'noise_stn_sigma': 4.370093585352755, 'noise_gpe_sigma': 114.12767153471255, 'noise_gpi_sigma': 71.91937907497245, 'g_stn_gpe_mult': 3.6732818527411983, 'g_gpe_stn_mult': 0.22749909002125174, 'g_stn_gpi_mult': 1.9985627238937997, 'g_gpe_gpi_mult': 0.22497405998843825}. Best is trial 348 with value: 0.8336165651046656.
[I 2026-05-28 21:27:20,653] Trial 914 finished with value: 1.0748768710408159 and parameters: {'ISTN': 76.81044680764514, 'I_gpe': 1.088776652382767, 'I_gpi': 1.7526893058362867, 'noise_stn_sigma': 4.411007965413634, 'noise_gpe_sigma': 116.04136972038698, 'noise_gpi_sigma': 72.09293772982461, 'g_stn_gpe_mult': 3.6160372113075336, 'g_gpe_stn_mult': 0.22212512275101587, 'g_stn_gpi_mult': 1.9566358222420017, 'g_gpe_gpi_mult': 0.23124466883319936}. Best is trial 348 with value: 0.8336165651046656.
[I 2026-05-28 21:27:21,675] Trial 915 finished with value: 3.4169174143890793 and parameters: {'ISTN': 75.72307365268236, 'I_gpe': 1.0782287220447273, 'I_gpi': 1.7143535514591195, 'noise_stn_sigma': 4.265606217949003, 'noise_gpe_sigma': 114.8069559351929, 'noise_gpi_sigma': 74.41664511458231, 'g_stn_gpe_mult': 3.6853778509291333, 'g_gpe_stn_mult': 0.23097248387911176, 'g_stn_gpi_mult': 2.0409782882552108, 'g_gpe_gpi_mult': 0.21946624014609123}. Best is trial 348 with value: 0.8336165651046656.
[I 2026-05-28 21:27:22,695] Trial 916 finished with value: 1.1316989439293503 and parameters: {'ISTN': 76.3503641650991, 'I_gpe': 1.0955263014545071, 'I_gpi': 1.7636878953751407, 'noise_stn_sigma': 4.425201726325605, 'noise_gpe_sigma': 116.30029567163545, 'noise_gpi_sigma': 69.88544184095176, 'g_stn_gpe_mult': 3.6060576065746073, 'g_gpe_stn_mult': 0.22271830995193093, 'g_stn_gpi_mult': 1.95806733080774, 'g_gpe_gpi_mult': 0.21409358152457003}. Best is trial 348 with value: 0.8336165651046656.
[I 2026-05-28 21:27:23,716] Trial 917 finished with value: 1.0350138291015476 and parameters: {'ISTN': 76.11619383097516, 'I_gpe': 1.0907374476780585, 'I_gpi': 1.7880318875668433, 'noise_stn_sigma': 4.379212222819175, 'noise_gpe_sigma': 115.42486750674207, 'noise_gpi_sigma': 71.93939220356972, 'g_stn_gpe_mult': 3.6648712615810206, 'g_gpe_stn_mult': 0.22490240518227425, 'g_stn_gpi_mult': 2.0448415777933953, 'g_gpe_gpi_mult': 0.2063678735635669}. Best is trial 348 with value: 0.8336165651046656.
[I 2026-05-28 21:27:24,736] Trial 918 finished with value: 1.0728699764057559 and parameters: {'ISTN': 76.1964432303399, 'I_gpe': 1.097617445977087, 'I_gpi': 1.7748585109985346, 'noise_stn_sigma': 4.3021615212625, 'noise_gpe_sigma': 114.49748102690378, 'noise_gpi_sigma': 72.44252643648304, 'g_stn_gpe_mult': 3.6556921457141933, 'g_gpe_stn_mult': 0.22835178232979947, 'g_stn_gpi_mult': 2.0080312103938467, 'g_gpe_gpi_mult': 0.21229644455997745}. Best is trial 348 with value: 0.8336165651046656.
[I 2026-05-28 21:27:25,757] Trial 919 finished with value: 1.07988882568021 and parameters: {'ISTN': 76.51638223163435, 'I_gpe': 1.068999112910279, 'I_gpi': 1.7732190155402563, 'noise_stn_sigma': 4.413687644846451, 'noise_gpe_sigma': 116.45898446196675, 'noise_gpi_sigma': 70.94114963266492, 'g_stn_gpe_mult': 3.6662942135644188, 'g_gpe_stn_mult': 0.22921548984311052, 'g_stn_gpi_mult': 2.0359725220711415, 'g_gpe_gpi_mult': 0.22633722090009684}. Best is trial 348 with value: 0.8336165651046656.
[I 2026-05-28 21:27:26,778] Trial 920 finished with value: 1.1030190837894887 and parameters: {'ISTN': 76.96145681294567, 'I_gpe': 1.0955392858783906, 'I_gpi': 1.70856945669986, 'noise_stn_sigma': 4.432174298786286, 'noise_gpe_sigma': 116.05646390495384, 'noise_gpi_sigma': 72.49647960493013, 'g_stn_gpe_mult': 3.6095236936468833, 'g_gpe_stn_mult': 0.22073343004346474, 'g_stn_gpi_mult': 2.0237963757153556, 'g_gpe_gpi_mult': 0.22478798491915147}. Best is trial 348 with value: 0.8336165651046656.
[I 2026-05-28 21:27:27,799] Trial 921 finished with value: 5.097447093086025 and parameters: {'ISTN': 76.25341862263967, 'I_gpe': 1.0791625610697881, 'I_gpi': 1.769984270228059, 'noise_stn_sigma': 4.266193226329602, 'noise_gpe_sigma': 113.92566947198029, 'noise_gpi_sigma': 72.97204377068863, 'g_stn_gpe_mult': 3.6635460392410932, 'g_gpe_stn_mult': 0.2235473845998192, 'g_stn_gpi_mult': 2.008540366620201, 'g_gpe_gpi_mult': 0.21148373054057093}. Best is trial 348 with value: 0.8336165651046656.
[I 2026-05-28 21:27:28,818] Trial 922 finished with value: 1.1395832569718984 and parameters: {'ISTN': 76.73584878930151, 'I_gpe': 1.09150333671646, 'I_gpi': 1.7740469656683344, 'noise_stn_sigma': 4.266776906080703, 'noise_gpe_sigma': 115.30030416949594, 'noise_gpi_sigma': 71.76138492001085, 'g_stn_gpe_mult': 3.6521099706277327, 'g_gpe_stn_mult': 0.2222777707748126, 'g_stn_gpi_mult': 1.9864015962300683, 'g_gpe_gpi_mult': 0.21916201689798726}. Best is trial 348 with value: 0.8336165651046656.
[I 2026-05-28 21:27:29,840] Trial 923 finished with value: 2.2816627176210824 and parameters: {'ISTN': 75.68319501999724, 'I_gpe': 1.0929388228428576, 'I_gpi': 1.783389612482908, 'noise_stn_sigma': 4.393099565164487, 'noise_gpe_sigma': 115.96050561990056, 'noise_gpi_sigma': 72.08558856191353, 'g_stn_gpe_mult': 3.633917827045726, 'g_gpe_stn_mult': 0.22278400810447774, 'g_stn_gpi_mult': 1.950904435076763, 'g_gpe_gpi_mult': 0.21284564108398354}. Best is trial 348 with value: 0.8336165651046656.
