[I 2026-05-28 21:17:47,797] Trial 352 finished with value: 4.533998599764525 and parameters: {'ISTN': 76.67237578859988, 'I_gpe': 1.0214117820426312, 'I_gpi': 1.324242587642985, 'noise_stn_sigma': 4.704249038946209, 'noise_gpe_sigma': 102.91711908343409, 'noise_gpi_sigma': 84.3878013275049, 'g_stn_gpe_mult': 3.6424728488760745, 'g_gpe_stn_mult': 0.1746408711313976, 'g_stn_gpi_mult': 2.573882919375657, 'g_gpe_gpi_mult': 0.3341878654876614}. Best is trial 348 with value: 0.8336165651046656.
[I 2026-05-28 21:17:48,817] Trial 353 finished with value: 6.002548524921831 and parameters: {'ISTN': 76.1436697694993, 'I_gpe': 0.9190754472998608, 'I_gpi': 1.3691731010171997, 'noise_stn_sigma': 5.243180281267129, 'noise_gpe_sigma': 108.10174271055493, 'noise_gpi_sigma': 80.76673139727741, 'g_stn_gpe_mult': 3.775976553795067, 'g_gpe_stn_mult': 0.15863652077005333, 'g_stn_gpi_mult': 2.46391176388296, 'g_gpe_gpi_mult': 0.3206398315025665}. Best is trial 348 with value: 0.8336165651046656.
[I 2026-05-28 21:17:49,841] Trial 354 finished with value: 4.791447170904869 and parameters: {'ISTN': 82.82734264717104, 'I_gpe': 1.0770299321764378, 'I_gpi': 1.5152593633662406, 'noise_stn_sigma': 4.616849414380976, 'noise_gpe_sigma': 98.12512127355176, 'noise_gpi_sigma': 80.38251677059797, 'g_stn_gpe_mult': 3.5928429645722537, 'g_gpe_stn_mult': 0.17595180850314363, 'g_stn_gpi_mult': 2.6497001761699175, 'g_gpe_gpi_mult': 0.38141980568289613}. Best is trial 348 with value: 0.8336165651046656.
[I 2026-05-28 21:17:50,860] Trial 355 finished with value: 8.353297325876142 and parameters: {'ISTN': 76.4776941917937, 'I_gpe': 1.0112586914709156, 'I_gpi': 1.4450514599156428, 'noise_stn_sigma': 5.35002324659004, 'noise_gpe_sigma': 105.91460284481636, 'noise_gpi_sigma': 79.45117112053268, 'g_stn_gpe_mult': 3.785903446339448, 'g_gpe_stn_mult': 0.20126839614393685, 'g_stn_gpi_mult': 2.482189579284358, 'g_gpe_gpi_mult': 0.3591924999511306}. Best is trial 348 with value: 0.8336165651046656.
[I 2026-05-28 21:17:51,881] Trial 356 finished with value: 9.82794360815312 and parameters: {'ISTN': 77.73692293675069, 'I_gpe': 0.9381517349945732, 'I_gpi': 1.4073158874373453, 'noise_stn_sigma': 4.880626547695421, 'noise_gpe_sigma': 95.33877974624639, 'noise_gpi_sigma': 82.88154508049044, 'g_stn_gpe_mult': 3.9223964368448456, 'g_gpe_stn_mult': 0.1779903298165721, 'g_stn_gpi_mult': 2.5149559323105484, 'g_gpe_gpi_mult': 0.3032277111000209}. Best is trial 348 with value: 0.8336165651046656.
[I 2026-05-28 21:17:52,903] Trial 357 finished with value: 6.761015857850143 and parameters: {'ISTN': 75.94489608336566, 'I_gpe': 0.9934545972325736, 'I_gpi': 1.2029359743431929, 'noise_stn_sigma': 5.527852312123144, 'noise_gpe_sigma': 105.18161026967623, 'noise_gpi_sigma': 71.86465134233234, 'g_stn_gpe_mult': 3.9828301490479303, 'g_gpe_stn_mult': 0.1706857919592018, 'g_stn_gpi_mult': 2.3564181413360097, 'g_gpe_gpi_mult': 0.30795143327360397}. Best is trial 348 with value: 0.8336165651046656.
[I 2026-05-28 21:17:53,925] Trial 358 finished with value: 11.472992494533809 and parameters: {'ISTN': 76.33650764666035, 'I_gpe': 1.0988289918778729, 'I_gpi': 1.0932142352353913, 'noise_stn_sigma': 5.57702469643513, 'noise_gpe_sigma': 95.93406431616859, 'noise_gpi_sigma': 85.2087523230687, 'g_stn_gpe_mult': 3.782546953966476, 'g_gpe_stn_mult': 0.1900592780429715, 'g_stn_gpi_mult': 2.590207428858275, 'g_gpe_gpi_mult': 0.35044893815128536}. Best is trial 348 with value: 0.8336165651046656.
[I 2026-05-28 21:17:54,947] Trial 359 finished with value: 5.985016056577381 and parameters: {'ISTN': 71.89843542159782, 'I_gpe': 1.1548404713546265, 'I_gpi': 1.440480832578382, 'noise_stn_sigma': 4.663860592878443, 'noise_gpe_sigma': 108.8531238401077, 'noise_gpi_sigma': 89.55076582555373, 'g_stn_gpe_mult': 3.7560811737475923, 'g_gpe_stn_mult': 0.1909940834070091, 'g_stn_gpi_mult': 2.3586423495339837, 'g_gpe_gpi_mult': 0.2475684687759495}. Best is trial 348 with value: 0.8336165651046656.
[I 2026-05-28 21:17:55,972] Trial 360 finished with value: 3.397899741397675 and parameters: {'ISTN': 75.36763495488631, 'I_gpe': 1.103937705773895, 'I_gpi': 1.4902596767024938, 'noise_stn_sigma': 4.46185674209205, 'noise_gpe_sigma': 103.03202173598663, 'noise_gpi_sigma': 80.08003729275764, 'g_stn_gpe_mult': 3.7105018880078284, 'g_gpe_stn_mult': 0.18098221693144648, 'g_stn_gpi_mult': 2.2934473011663687, 'g_gpe_gpi_mult': 0.2543200769582303}. Best is trial 348 with value: 0.8336165651046656.
[I 2026-05-28 21:17:56,993] Trial 361 finished with value: 7.7966102803507304 and parameters: {'ISTN': 77.66550102118373, 'I_gpe': 1.0868641640682153, 'I_gpi': 1.5482685759866985, 'noise_stn_sigma': 4.658758373500326, 'noise_gpe_sigma': 111.94208207194937, 'noise_gpi_sigma': 88.1551137425249, 'g_stn_gpe_mult': 3.806977252213767, 'g_gpe_stn_mult': 0.16770229936773767, 'g_stn_gpi_mult': 2.329895257043245, 'g_gpe_gpi_mult': 0.27465732405066823}. Best is trial 348 with value: 0.8336165651046656.
[I 2026-05-28 21:17:58,015] Trial 362 finished with value: 6.218506500569 and parameters: {'ISTN': 79.28231165880767, 'I_gpe': 1.0470195084927447, 'I_gpi': 1.148471020133215, 'noise_stn_sigma': 4.5750457992652045, 'noise_gpe_sigma': 110.57995813449254, 'noise_gpi_sigma': 74.14536901876525, 'g_stn_gpe_mult': 3.6767248243384194, 'g_gpe_stn_mult': 0.16593390049469448, 'g_stn_gpi_mult': 2.228176580509636, 'g_gpe_gpi_mult': 0.2190310375801533}. Best is trial 348 with value: 0.8336165651046656.
[I 2026-05-28 21:17:59,034] Trial 363 finished with value: 1.798367058991712 and parameters: {'ISTN': 75.3576618297391, 'I_gpe': 1.0237891262962935, 'I_gpi': 1.1831242268533593, 'noise_stn_sigma': 4.601365080642626, 'noise_gpe_sigma': 99.7652968807402, 'noise_gpi_sigma': 89.7285358872799, 'g_stn_gpe_mult': 3.386408657089645, 'g_gpe_stn_mult': 0.16709773085324825, 'g_stn_gpi_mult': 2.4604766225144545, 'g_gpe_gpi_mult': 0.36359415103239884}. Best is trial 348 with value: 0.8336165651046656.
[I 2026-05-28 21:18:00,054] Trial 364 finished with value: 3.504114340738955 and parameters: {'ISTN': 74.10251780578312, 'I_gpe': 1.1020842964250854, 'I_gpi': 1.4229435388807339, 'noise_stn_sigma': 4.914829623486776, 'noise_gpe_sigma': 106.10382003105147, 'noise_gpi_sigma': 75.40759604830752, 'g_stn_gpe_mult': 3.8064413901538012, 'g_gpe_stn_mult': 0.15063500990148493, 'g_stn_gpi_mult': 2.4279854813190225, 'g_gpe_gpi_mult': 0.2984194947443678}. Best is trial 348 with value: 0.8336165651046656.
[I 2026-05-28 21:18:01,076] Trial 365 finished with value: 3.309406428682344 and parameters: {'ISTN': 81.24538395669123, 'I_gpe': 1.0805483382731147, 'I_gpi': 1.4118541728683485, 'noise_stn_sigma': 4.547835673645585, 'noise_gpe_sigma': 94.91995132433361, 'noise_gpi_sigma': 83.48554812041101, 'g_stn_gpe_mult': 3.6360733907015095, 'g_gpe_stn_mult': 0.18144997218754, 'g_stn_gpi_mult': 2.509692224472818, 'g_gpe_gpi_mult': 0.3119906815011232}. Best is trial 348 with value: 0.8336165651046656.
[I 2026-05-28 21:18:02,096] Trial 366 finished with value: 1.2880169131418204 and parameters: {'ISTN': 79.66805636722711, 'I_gpe': 1.1510238035467066, 'I_gpi': 1.5204601041399108, 'noise_stn_sigma': 4.555455318646212, 'noise_gpe_sigma': 105.10679421200525, 'noise_gpi_sigma': 83.60085488225944, 'g_stn_gpe_mult': 3.5302947180247997, 'g_gpe_stn_mult': 0.20546361136451613, 'g_stn_gpi_mult': 2.308186389007826, 'g_gpe_gpi_mult': 0.3367401968758154}. Best is trial 348 with value: 0.8336165651046656.
[I 2026-05-28 21:18:03,115] Trial 367 finished with value: 9.5163715439159 and parameters: {'ISTN': 77.88292483537357, 'I_gpe': 1.1400811712034566, 'I_gpi': 1.448842416751216, 'noise_stn_sigma': 4.526131079869667, 'noise_gpe_sigma': 105.4931152605954, 'noise_gpi_sigma': 77.52435086667484, 'g_stn_gpe_mult': 3.6408216823652046, 'g_gpe_stn_mult': 0.16831560617410626, 'g_stn_gpi_mult': 2.54246274305189, 'g_gpe_gpi_mult': 0.2661829515845275}. Best is trial 348 with value: 0.8336165651046656.
[I 2026-05-28 21:18:04,134] Trial 368 finished with value: 8.440219696121465 and parameters: {'ISTN': 75.6242687194125, 'I_gpe': 1.074848278836039, 'I_gpi': 1.6377479909170145, 'noise_stn_sigma': 4.878701288398929, 'noise_gpe_sigma': 94.08304084986833, 'noise_gpi_sigma': 88.46086174078354, 'g_stn_gpe_mult': 3.6828317140363622, 'g_gpe_stn_mult': 0.1722067349970806, 'g_stn_gpi_mult': 2.5580237122740024, 'g_gpe_gpi_mult': 0.2875860271221652}. Best is trial 348 with value: 0.8336165651046656.
[I 2026-05-28 21:18:05,159] Trial 369 finished with value: 1.251224910035533 and parameters: {'ISTN': 79.91925183977546, 'I_gpe': 1.0455847005529169, 'I_gpi': 1.6364855862915306, 'noise_stn_sigma': 4.837552179529883, 'noise_gpe_sigma': 108.38894746466406, 'noise_gpi_sigma': 81.34711783925687, 'g_stn_gpe_mult': 3.6224654089360953, 'g_gpe_stn_mult': 0.19774973150512024, 'g_stn_gpi_mult': 2.4881681034335243, 'g_gpe_gpi_mult': 0.2909163314194746}. Best is trial 348 with value: 0.8336165651046656.
[I 2026-05-28 21:18:06,179] Trial 370 finished with value: 7.664490294358464 and parameters: {'ISTN': 77.0994333735367, 'I_gpe': 0.9591260736535436, 'I_gpi': 1.2000057264184858, 'noise_stn_sigma': 4.183647426374039, 'noise_gpe_sigma': 97.13591556790202, 'noise_gpi_sigma': 82.91996722275204, 'g_stn_gpe_mult': 3.9033941051291783, 'g_gpe_stn_mult': 0.17722423077438154, 'g_stn_gpi_mult': 2.350290835538379, 'g_gpe_gpi_mult': 0.27581327057840943}. Best is trial 348 with value: 0.8336165651046656.
[I 2026-05-28 21:18:07,140] Trial 371 finished with value: 1000000.0 and parameters: {'ISTN': 77.85248517795193, 'I_gpe': 1.0140326896575846, 'I_gpi': 1.5944509232244242, 'noise_stn_sigma': 4.933561817806357, 'noise_gpe_sigma': 106.2209971012094, 'noise_gpi_sigma': 88.68871190775658, 'g_stn_gpe_mult': 3.7554964038273146, 'g_gpe_stn_mult': 0.17078981646086966, 'g_stn_gpi_mult': 2.4002889182302187, 'g_gpe_gpi_mult': 0.30959753690255}. Best is trial 348 with value: 0.8336165651046656.
[I 2026-05-28 21:18:08,158] Trial 372 finished with value: 7.299667043582627 and parameters: {'ISTN': 81.10551442844391, 'I_gpe': 0.9723452378309145, 'I_gpi': 1.4224526362841137, 'noise_stn_sigma': 4.752290557131433, 'noise_gpe_sigma': 105.33273963205149, 'noise_gpi_sigma': 82.98206361111014, 'g_stn_gpe_mult': 3.440668176459097, 'g_gpe_stn_mult': 0.20787368321606303, 'g_stn_gpi_mult': 2.3741686889890454, 'g_gpe_gpi_mult': 0.32343877198676085}. Best is trial 348 with value: 0.8336165651046656.
[I 2026-05-28 21:18:09,178] Trial 373 finished with value: 6.748183239917904 and parameters: {'ISTN': 80.79883013693315, 'I_gpe': 0.8888443349914579, 'I_gpi': 1.3866929057559065, 'noise_stn_sigma': 4.426290510328257, 'noise_gpe_sigma': 113.04952718571526, 'noise_gpi_sigma': 74.56380663608763, 'g_stn_gpe_mult': 3.5345618601890787, 'g_gpe_stn_mult': 0.21844787322642553, 'g_stn_gpi_mult': 2.315666687733752, 'g_gpe_gpi_mult': 0.36561257084380994}. Best is trial 348 with value: 0.8336165651046656.
[I 2026-05-28 21:18:10,198] Trial 374 finished with value: 10.71990578927129 and parameters: {'ISTN': 80.15961895269506, 'I_gpe': 0.8969656060011475, 'I_gpi': 1.4887204844490305, 'noise_stn_sigma': 4.7689836974979265, 'noise_gpe_sigma': 106.05652125770702, 'noise_gpi_sigma': 91.36200299807116, 'g_stn_gpe_mult': 3.5605816343788046, 'g_gpe_stn_mult': 0.17765800659650868, 'g_stn_gpi_mult': 2.4982723194747756, 'g_gpe_gpi_mult': 0.3411788771922901}. Best is trial 348 with value: 0.8336165651046656.
[I 2026-05-28 21:18:11,220] Trial 375 finished with value: 2.153819611397877 and parameters: {'ISTN': 73.40212299974375, 'I_gpe': 0.9736208444623969, 'I_gpi': 1.1526680369591853, 'noise_stn_sigma': 4.767180187685163, 'noise_gpe_sigma': 111.67941927372759, 'noise_gpi_sigma': 81.0415163034203, 'g_stn_gpe_mult': 3.6407991998989466, 'g_gpe_stn_mult': 0.19520715141999634, 'g_stn_gpi_mult': 2.4736358677292474, 'g_gpe_gpi_mult': 0.2680828403607201}. Best is trial 348 with value: 0.8336165651046656.
[I 2026-05-28 21:18:12,244] Trial 376 finished with value: 7.299231957406266 and parameters: {'ISTN': 76.15532275266816, 'I_gpe': 1.1861611411428659, 'I_gpi': 1.4392940514601766, 'noise_stn_sigma': 4.8386100542370425, 'noise_gpe_sigma': 99.72211790054702, 'noise_gpi_sigma': 77.52510665002058, 'g_stn_gpe_mult': 3.5578274595953694, 'g_gpe_stn_mult': 0.18462202941364353, 'g_stn_gpi_mult': 2.5035187352606414, 'g_gpe_gpi_mult': 0.29803320083639595}. Best is trial 348 with value: 0.8336165651046656.
[I 2026-05-28 21:18:13,264] Trial 377 finished with value: 4.399711521597852 and parameters: {'ISTN': 80.88983526617797, 'I_gpe': 1.0066266439229785, 'I_gpi': 1.1984267816640426, 'noise_stn_sigma': 4.633251327971205, 'noise_gpe_sigma': 106.66915343329246, 'noise_gpi_sigma': 85.18167127233693, 'g_stn_gpe_mult': 3.785649374443632, 'g_gpe_stn_mult': 0.1612740808368296, 'g_stn_gpi_mult': 2.423293033982165, 'g_gpe_gpi_mult': 0.28947329662591403}. Best is trial 348 with value: 0.8336165651046656.
[I 2026-05-28 21:18:14,282] Trial 378 finished with value: 3.0336238706493353 and parameters: {'ISTN': 78.380826621629, 'I_gpe': 1.0477347808151634, 'I_gpi': 1.2483716946031382, 'noise_stn_sigma': 4.92034805723358, 'noise_gpe_sigma': 109.0598126332749, 'noise_gpi_sigma': 90.9297227823032, 'g_stn_gpe_mult': 3.6597871646380753, 'g_gpe_stn_mult': 0.21146248394150488, 'g_stn_gpi_mult': 2.4108524576717456, 'g_gpe_gpi_mult': 0.27043033031983543}. Best is trial 348 with value: 0.8336165651046656.
[I 2026-05-28 21:18:15,300] Trial 379 finished with value: 2.5849199416258823 and parameters: {'ISTN': 79.88927882162899, 'I_gpe': 1.1210318080116097, 'I_gpi': 1.6020910094428564, 'noise_stn_sigma': 4.783341746108958, 'noise_gpe_sigma': 104.28764501078975, 'noise_gpi_sigma': 88.90788941413203, 'g_stn_gpe_mult': 3.3968246838963996, 'g_gpe_stn_mult': 0.18758476094439042, 'g_stn_gpi_mult': 2.4510444523497172, 'g_gpe_gpi_mult': 0.33428296013551695}. Best is trial 348 with value: 0.8336165651046656.
[I 2026-05-28 21:18:16,327] Trial 380 finished with value: 7.5203781629269235 and parameters: {'ISTN': 77.27640206127413, 'I_gpe': 1.114707945016559, 'I_gpi': 1.504038892322513, 'noise_stn_sigma': 4.504410790335516, 'noise_gpe_sigma': 109.5386204294552, 'noise_gpi_sigma': 81.64244580585682, 'g_stn_gpe_mult': 3.4119064537656856, 'g_gpe_stn_mult': 0.1816420722840447, 'g_stn_gpi_mult': 2.4014281843085583, 'g_gpe_gpi_mult': 0.31270752780855504}. Best is trial 348 with value: 0.8336165651046656.
[I 2026-05-28 21:18:17,348] Trial 381 finished with value: 6.479572696750344 and parameters: {'ISTN': 79.64315072433085, 'I_gpe': 1.2058584971855097, 'I_gpi': 1.429826115761106, 'noise_stn_sigma': 4.654267521484229, 'noise_gpe_sigma': 109.14857566516056, 'noise_gpi_sigma': 83.3108983256133, 'g_stn_gpe_mult': 3.612947267978868, 'g_gpe_stn_mult': 0.18839424102441182, 'g_stn_gpi_mult': 2.293734432499694, 'g_gpe_gpi_mult': 0.316449852974633}. Best is trial 348 with value: 0.8336165651046656.
[I 2026-05-28 21:18:18,368] Trial 382 finished with value: 7.621039917059802 and parameters: {'ISTN': 74.58687107704284, 'I_gpe': 0.9075562315553312, 'I_gpi': 1.4132319717887167, 'noise_stn_sigma': 4.527248989905798, 'noise_gpe_sigma': 113.65658843992149, 'noise_gpi_sigma': 83.14077488639057, 'g_stn_gpe_mult': 3.542353631608162, 'g_gpe_stn_mult': 0.16316496394528174, 'g_stn_gpi_mult': 2.4836650593182226, 'g_gpe_gpi_mult': 0.2314782515500204}. Best is trial 348 with value: 0.8336165651046656.
[I 2026-05-28 21:18:19,389] Trial 383 finished with value: 3.71270459549765 and parameters: {'ISTN': 75.1762841137902, 'I_gpe': 0.9569104415158184, 'I_gpi': 1.272402803279074, 'noise_stn_sigma': 4.668872412826957, 'noise_gpe_sigma': 102.4215236211623, 'noise_gpi_sigma': 88.81919262025929, 'g_stn_gpe_mult': 3.5996638520704223, 'g_gpe_stn_mult': 0.18700539451256704, 'g_stn_gpi_mult': 2.7147785336636554, 'g_gpe_gpi_mult': 0.26467701124040777}. Best is trial 348 with value: 0.8336165651046656.
[I 2026-05-28 21:18:20,410] Trial 384 finished with value: 7.012486265087638 and parameters: {'ISTN': 74.48873483347451, 'I_gpe': 1.1293796566740884, 'I_gpi': 1.3035866565002523, 'noise_stn_sigma': 4.737257537712738, 'noise_gpe_sigma': 103.49682955256446, 'noise_gpi_sigma': 81.62277179541476, 'g_stn_gpe_mult': 3.5710986117095658, 'g_gpe_stn_mult': 0.2179661719716548, 'g_stn_gpi_mult': 2.5281930509347266, 'g_gpe_gpi_mult': 0.31649432665320887}. Best is trial 348 with value: 0.8336165651046656.
[I 2026-05-28 21:18:21,437] Trial 385 finished with value: 8.076347407898997 and parameters: {'ISTN': 73.90950876413817, 'I_gpe': 0.9725701808814176, 'I_gpi': 1.287445721944144, 'noise_stn_sigma': 4.683091213881286, 'noise_gpe_sigma': 114.30359112857978, 'noise_gpi_sigma': 83.22589653442611, 'g_stn_gpe_mult': 3.691289104718989, 'g_gpe_stn_mult': 0.23137703523316727, 'g_stn_gpi_mult': 2.4923233471104718, 'g_gpe_gpi_mult': 0.3253560117194275}. Best is trial 348 with value: 0.8336165651046656.
[I 2026-05-28 21:18:22,459] Trial 386 finished with value: 7.478668071204779 and parameters: {'ISTN': 82.21411641591962, 'I_gpe': 0.8459456450598465, 'I_gpi': 1.380415220121851, 'noise_stn_sigma': 5.272606317279883, 'noise_gpe_sigma': 115.94314774859873, 'noise_gpi_sigma': 90.62243242675034, 'g_stn_gpe_mult': 3.482512143833302, 'g_gpe_stn_mult': 0.22247995501908524, 'g_stn_gpi_mult': 2.5542454933297982, 'g_gpe_gpi_mult': 0.31273318479325707}. Best is trial 348 with value: 0.8336165651046656.
[I 2026-05-28 21:18:23,479] Trial 387 finished with value: 1.912062007821719 and parameters: {'ISTN': 80.4593870076922, 'I_gpe': 1.0473248854327912, 'I_gpi': 1.3108091355397147, 'noise_stn_sigma': 4.596207395535533, 'noise_gpe_sigma': 112.15563180622046, 'noise_gpi_sigma': 82.18059300892229, 'g_stn_gpe_mult': 3.611481088944487, 'g_gpe_stn_mult': 0.19973587330307102, 'g_stn_gpi_mult': 2.4265721943964893, 'g_gpe_gpi_mult': 0.25104270367953885}. Best is trial 348 with value: 0.8336165651046656.
[I 2026-05-28 21:18:24,498] Trial 388 finished with value: 4.113942664162914 and parameters: {'ISTN': 78.27895776190661, 'I_gpe': 1.0750725411449524, 'I_gpi': 1.2463881869281608, 'noise_stn_sigma': 4.72396035518037, 'noise_gpe_sigma': 100.7433723266012, 'noise_gpi_sigma': 79.47820533429704, 'g_stn_gpe_mult': 3.785198111014617, 'g_gpe_stn_mult': 0.15232865077564306, 'g_stn_gpi_mult': 2.4863621209198747, 'g_gpe_gpi_mult': 0.34421627041070557}. Best is trial 348 with value: 0.8336165651046656.
[I 2026-05-28 21:18:25,522] Trial 389 finished with value: 1.4205283308871473 and parameters: {'ISTN': 79.22309616130403, 'I_gpe': 1.1300925524191214, 'I_gpi': 1.563302516451491, 'noise_stn_sigma': 4.670366609695366, 'noise_gpe_sigma': 107.17973275170955, 'noise_gpi_sigma': 82.65116052334125, 'g_stn_gpe_mult': 3.51167197264393, 'g_gpe_stn_mult': 0.20492503147771812, 'g_stn_gpi_mult': 2.19295435417504, 'g_gpe_gpi_mult': 0.32778316499788207}. Best is trial 348 with value: 0.8336165651046656.
[I 2026-05-28 21:18:26,542] Trial 390 finished with value: 9.846277783169874 and parameters: {'ISTN': 78.26111324535871, 'I_gpe': 0.7938301378427179, 'I_gpi': 1.172056606641759, 'noise_stn_sigma': 4.5358118968792285, 'noise_gpe_sigma': 120.38736624820729, 'noise_gpi_sigma': 86.38898015755906, 'g_stn_gpe_mult': 3.4348353652380545, 'g_gpe_stn_mult': 0.22164162635453138, 'g_stn_gpi_mult': 2.414127748135937, 'g_gpe_gpi_mult': 0.3168974085860332}. Best is trial 348 with value: 0.8336165651046656.
[I 2026-05-28 21:18:27,561] Trial 391 finished with value: 7.5726979259785105 and parameters: {'ISTN': 76.36600233894687, 'I_gpe': 1.1593543263580774, 'I_gpi': 1.5233197648793433, 'noise_stn_sigma': 4.7504198742468295, 'noise_gpe_sigma': 105.81113173360642, 'noise_gpi_sigma': 80.30542609090887, 'g_stn_gpe_mult': 3.4789334326817647, 'g_gpe_stn_mult': 0.1958529738037384, 'g_stn_gpi_mult': 2.364630725169139, 'g_gpe_gpi_mult': 0.28328644682451776}. Best is trial 348 with value: 0.8336165651046656.
[I 2026-05-28 21:18:28,581] Trial 392 finished with value: 6.817508800848415 and parameters: {'ISTN': 76.64814203555221, 'I_gpe': 1.1857187983711344, 'I_gpi': 1.2024540717487873, 'noise_stn_sigma': 4.508439169722253, 'noise_gpe_sigma': 106.79824425596331, 'noise_gpi_sigma': 88.55278126710051, 'g_stn_gpe_mult': 3.7699994868576256, 'g_gpe_stn_mult': 0.17276305963222194, 'g_stn_gpi_mult': 2.1050982468508392, 'g_gpe_gpi_mult': 0.20887966266427543}. Best is trial 348 with value: 0.8336165651046656.
[I 2026-05-28 21:18:29,602] Trial 393 finished with value: 1.8050525958944976 and parameters: {'ISTN': 80.0158858363597, 'I_gpe': 1.0885389060803594, 'I_gpi': 1.299075603487805, 'noise_stn_sigma': 4.438223470076693, 'noise_gpe_sigma': 109.13206880274313, 'noise_gpi_sigma': 90.43168761558398, 'g_stn_gpe_mult': 3.5585045806407156, 'g_gpe_stn_mult': 0.17793004595544512, 'g_stn_gpi_mult': 2.3921781208110646, 'g_gpe_gpi_mult': 0.26245396928767684}. Best is trial 348 with value: 0.8336165651046656.
[I 2026-05-28 21:18:30,624] Trial 394 finished with value: 7.473952131738064 and parameters: {'ISTN': 74.84579194677079, 'I_gpe': 1.149033642010846, 'I_gpi': 1.2702856968680425, 'noise_stn_sigma': 4.4316871876825505, 'noise_gpe_sigma': 102.3546751893141, 'noise_gpi_sigma': 80.88334599835727, 'g_stn_gpe_mult': 3.490483609110159, 'g_gpe_stn_mult': 0.21802731098106568, 'g_stn_gpi_mult': 2.3813827005630563, 'g_gpe_gpi_mult': 0.2882051828708463}. Best is trial 348 with value: 0.8336165651046656.
[I 2026-05-28 21:18:31,644] Trial 395 finished with value: 6.086102596471988 and parameters: {'ISTN': 79.78287276959722, 'I_gpe': 1.0058245487138857, 'I_gpi': 1.3838706539044696, 'noise_stn_sigma': 4.540161624145565, 'noise_gpe_sigma': 103.74161243179844, 'noise_gpi_sigma': 86.0013855965554, 'g_stn_gpe_mult': 3.443848221033196, 'g_gpe_stn_mult': 0.18328814311504904, 'g_stn_gpi_mult': 2.4818198650530885, 'g_gpe_gpi_mult': 0.335780344941375}. Best is trial 348 with value: 0.8336165651046656.
