[I 2026-05-28 22:11:43,074] Trial 220 finished with value: 12.733695083885847 and parameters: {'ISTN': 114.56482844874986, 'I_gpe': 2.6075224806952764, 'I_gpi': 2.2444909087536393, 'noise_stn_sigma': 5.521896163711778, 'noise_gpe_sigma': 84.18230876933158, 'noise_gpi_sigma': 139.05799503931036, 'g_stn_gpe_mult': 3.8369084331682393, 'g_gpe_stn_mult': 0.6494540725647399, 'g_stn_gpi_mult': 2.543805474985328, 'g_gpe_gpi_mult': 0.8995668190459136}. Best is trial 190 with value: 3.821664796812887.
[I 2026-05-28 22:11:44,115] Trial 221 finished with value: 16.498067869412445 and parameters: {'ISTN': 110.61437495862884, 'I_gpe': 2.178589870586024, 'I_gpi': 1.9058266298503719, 'noise_stn_sigma': 6.460025352223334, 'noise_gpe_sigma': 111.5778064173868, 'noise_gpi_sigma': 130.86490655029246, 'g_stn_gpe_mult': 2.7308933842691143, 'g_gpe_stn_mult': 0.7737795653685882, 'g_stn_gpi_mult': 2.1857904811222073, 'g_gpe_gpi_mult': 0.7661136938382727}. Best is trial 190 with value: 3.821664796812887.
[I 2026-05-28 22:11:45,152] Trial 222 finished with value: 119.69706233730233 and parameters: {'ISTN': 109.51460133401153, 'I_gpe': 2.5238106693022577, 'I_gpi': 1.8133311070401414, 'noise_stn_sigma': 6.310012304915453, 'noise_gpe_sigma': 98.29913857679306, 'noise_gpi_sigma': 106.38443944545804, 'g_stn_gpe_mult': 2.8368468773774937, 'g_gpe_stn_mult': 0.7447131356003748, 'g_stn_gpi_mult': 2.764264412633161, 'g_gpe_gpi_mult': 0.6820814523776224}. Best is trial 190 with value: 3.821664796812887.
[I 2026-05-28 22:11:46,193] Trial 223 finished with value: 10.90183713244876 and parameters: {'ISTN': 88.39707004602475, 'I_gpe': 1.8975144111707951, 'I_gpi': 1.7341694093460407, 'noise_stn_sigma': 5.576954302453873, 'noise_gpe_sigma': 100.94123989904217, 'noise_gpi_sigma': 128.18423243709216, 'g_stn_gpe_mult': 2.4905942458138717, 'g_gpe_stn_mult': 0.6143501349251808, 'g_stn_gpi_mult': 2.9120582759722677, 'g_gpe_gpi_mult': 0.7191141028406605}. Best is trial 190 with value: 3.821664796812887.
[I 2026-05-28 22:11:47,230] Trial 224 finished with value: 15.334261363025252 and parameters: {'ISTN': 97.83489371959713, 'I_gpe': 2.0037567890717822, 'I_gpi': 1.8736381416442058, 'noise_stn_sigma': 5.439965991279702, 'noise_gpe_sigma': 99.11789557406547, 'noise_gpi_sigma': 103.85095702643005, 'g_stn_gpe_mult': 2.6872715315589524, 'g_gpe_stn_mult': 0.7843119105644649, 'g_stn_gpi_mult': 3.4562328362490384, 'g_gpe_gpi_mult': 0.7740171151244359}. Best is trial 190 with value: 3.821664796812887.
[I 2026-05-28 22:11:48,270] Trial 225 finished with value: 14.442082172546154 and parameters: {'ISTN': 92.10151515286037, 'I_gpe': 2.254104540526245, 'I_gpi': 1.7965332909125546, 'noise_stn_sigma': 5.64191952159987, 'noise_gpe_sigma': 130.8426156421616, 'noise_gpi_sigma': 122.47837906533628, 'g_stn_gpe_mult': 3.3092673610490495, 'g_gpe_stn_mult': 0.6416122813692173, 'g_stn_gpi_mult': 2.9731125571083075, 'g_gpe_gpi_mult': 0.7636771675264511}. Best is trial 190 with value: 3.821664796812887.
[I 2026-05-28 22:11:49,310] Trial 226 finished with value: 10.608682183163973 and parameters: {'ISTN': 111.1528087199145, 'I_gpe': 2.0832486498537937, 'I_gpi': 2.015109216052102, 'noise_stn_sigma': 6.215019284451169, 'noise_gpe_sigma': 90.42159403904667, 'noise_gpi_sigma': 125.49871695741155, 'g_stn_gpe_mult': 3.153352198244664, 'g_gpe_stn_mult': 0.7754121574456333, 'g_stn_gpi_mult': 2.714237159385985, 'g_gpe_gpi_mult': 0.8636599818758677}. Best is trial 190 with value: 3.821664796812887.
[I 2026-05-28 22:11:50,352] Trial 227 finished with value: 9.025351974408547 and parameters: {'ISTN': 131.1280123278715, 'I_gpe': 2.3264858208923975, 'I_gpi': 2.025540861851324, 'noise_stn_sigma': 4.666612804509041, 'noise_gpe_sigma': 104.4164892468691, 'noise_gpi_sigma': 110.77986548298739, 'g_stn_gpe_mult': 2.4102500696134457, 'g_gpe_stn_mult': 0.7377008089404578, 'g_stn_gpi_mult': 2.8230088029394618, 'g_gpe_gpi_mult': 0.9893081766422909}. Best is trial 190 with value: 3.821664796812887.
[I 2026-05-28 22:11:51,391] Trial 228 finished with value: 10.721883994990042 and parameters: {'ISTN': 114.8920048674011, 'I_gpe': 2.1940781295066047, 'I_gpi': 2.0441992044151513, 'noise_stn_sigma': 4.14160015099031, 'noise_gpe_sigma': 94.92249062490154, 'noise_gpi_sigma': 141.2873258671298, 'g_stn_gpe_mult': 3.38907445817773, 'g_gpe_stn_mult': 0.7480247619166469, 'g_stn_gpi_mult': 2.5170960843853742, 'g_gpe_gpi_mult': 0.6977237926679387}. Best is trial 190 with value: 3.821664796812887.
[I 2026-05-28 22:11:52,433] Trial 229 finished with value: 8.398675973809311 and parameters: {'ISTN': 96.78227152347316, 'I_gpe': 2.2180276404630677, 'I_gpi': 2.637752719892241, 'noise_stn_sigma': 5.153644830452827, 'noise_gpe_sigma': 96.6942255045042, 'noise_gpi_sigma': 135.9408909962828, 'g_stn_gpe_mult': 3.396697587458268, 'g_gpe_stn_mult': 0.5827536092213718, 'g_stn_gpi_mult': 2.929012757646558, 'g_gpe_gpi_mult': 0.8311047297313634}. Best is trial 190 with value: 3.821664796812887.
[I 2026-05-28 22:11:53,470] Trial 230 finished with value: 15.317033425919718 and parameters: {'ISTN': 97.78649447975278, 'I_gpe': 2.6961703204219125, 'I_gpi': 2.1721582281368583, 'noise_stn_sigma': 5.305273277860993, 'noise_gpe_sigma': 115.53972396442889, 'noise_gpi_sigma': 132.74437329304112, 'g_stn_gpe_mult': 2.715821014913146, 'g_gpe_stn_mult': 0.6311634815414214, 'g_stn_gpi_mult': 2.5950510021673243, 'g_gpe_gpi_mult': 0.4224135658597381}. Best is trial 190 with value: 3.821664796812887.
[I 2026-05-28 22:11:54,513] Trial 231 finished with value: 14.429278378702682 and parameters: {'ISTN': 95.40012673551234, 'I_gpe': 2.264906543445434, 'I_gpi': 2.906818060535408, 'noise_stn_sigma': 4.1623406926864925, 'noise_gpe_sigma': 93.3759783639011, 'noise_gpi_sigma': 113.56959093554735, 'g_stn_gpe_mult': 2.991943710677953, 'g_gpe_stn_mult': 0.5001524597875183, 'g_stn_gpi_mult': 3.0983129361442243, 'g_gpe_gpi_mult': 0.8469823446859099}. Best is trial 190 with value: 3.821664796812887.
[I 2026-05-28 22:11:55,554] Trial 232 finished with value: 14.712717449215287 and parameters: {'ISTN': 91.71315543016902, 'I_gpe': 1.9254397456548324, 'I_gpi': 2.2909799272900377, 'noise_stn_sigma': 5.372224978865035, 'noise_gpe_sigma': 87.37612236418988, 'noise_gpi_sigma': 108.59185221578477, 'g_stn_gpe_mult': 3.82008687343559, 'g_gpe_stn_mult': 0.7054484486666747, 'g_stn_gpi_mult': 2.478519173478838, 'g_gpe_gpi_mult': 0.7538965669010069}. Best is trial 190 with value: 3.821664796812887.
[I 2026-05-28 22:11:56,592] Trial 233 finished with value: 13.83221055847702 and parameters: {'ISTN': 109.81672574455173, 'I_gpe': 2.280333547233723, 'I_gpi': 2.37350979776968, 'noise_stn_sigma': 4.746203767712743, 'noise_gpe_sigma': 91.92884611749533, 'noise_gpi_sigma': 107.00860723212034, 'g_stn_gpe_mult': 2.825347272961113, 'g_gpe_stn_mult': 0.7310339186671344, 'g_stn_gpi_mult': 2.9625506579089516, 'g_gpe_gpi_mult': 1.0412740371706202}. Best is trial 190 with value: 3.821664796812887.
[I 2026-05-28 22:11:57,633] Trial 234 finished with value: 10.221859610049949 and parameters: {'ISTN': 114.69066430746634, 'I_gpe': 2.5497960890989995, 'I_gpi': 2.3448899528945772, 'noise_stn_sigma': 5.627387222614891, 'noise_gpe_sigma': 114.45630297053012, 'noise_gpi_sigma': 139.7902541834714, 'g_stn_gpe_mult': 2.6323189909655973, 'g_gpe_stn_mult': 0.665804665777103, 'g_stn_gpi_mult': 2.9185275695167308, 'g_gpe_gpi_mult': 0.8218272677795533}. Best is trial 190 with value: 3.821664796812887.
[I 2026-05-28 22:11:58,675] Trial 235 finished with value: 19.83924856651146 and parameters: {'ISTN': 105.86501065877593, 'I_gpe': 2.1084066641278794, 'I_gpi': 2.6537969748189214, 'noise_stn_sigma': 5.016558005754308, 'noise_gpe_sigma': 75.71249299087293, 'noise_gpi_sigma': 144.963448880383, 'g_stn_gpe_mult': 2.9036576953854305, 'g_gpe_stn_mult': 0.5313571044144283, 'g_stn_gpi_mult': 2.8932440945175584, 'g_gpe_gpi_mult': 0.9545953602637676}. Best is trial 190 with value: 3.821664796812887.
[I 2026-05-28 22:11:59,713] Trial 236 finished with value: 15.375186397739244 and parameters: {'ISTN': 93.61835981041807, 'I_gpe': 2.667301797105454, 'I_gpi': 2.1492909610531754, 'noise_stn_sigma': 6.65856151714634, 'noise_gpe_sigma': 118.34291978899581, 'noise_gpi_sigma': 101.89138034133396, 'g_stn_gpe_mult': 3.542251696564978, 'g_gpe_stn_mult': 0.5996851561984706, 'g_stn_gpi_mult': 3.1602809892223673, 'g_gpe_gpi_mult': 0.914356037983074}. Best is trial 190 with value: 3.821664796812887.
[I 2026-05-28 22:12:00,752] Trial 237 finished with value: 10.088459418512661 and parameters: {'ISTN': 110.8291693224549, 'I_gpe': 2.0944735878797816, 'I_gpi': 2.22479845350926, 'noise_stn_sigma': 4.514345793370466, 'noise_gpe_sigma': 98.86359644344729, 'noise_gpi_sigma': 137.48640697670203, 'g_stn_gpe_mult': 3.1269525535586675, 'g_gpe_stn_mult': 0.7740481444869619, 'g_stn_gpi_mult': 2.3434291979836757, 'g_gpe_gpi_mult': 0.9454235763312457}. Best is trial 190 with value: 3.821664796812887.
[I 2026-05-28 22:12:01,792] Trial 238 finished with value: 13.982524995667019 and parameters: {'ISTN': 101.43572756906269, 'I_gpe': 1.97083715642199, 'I_gpi': 2.064840576047623, 'noise_stn_sigma': 5.868504161024086, 'noise_gpe_sigma': 73.43860893724629, 'noise_gpi_sigma': 145.53229697256597, 'g_stn_gpe_mult': 3.297454541402073, 'g_gpe_stn_mult': 0.6186468595844965, 'g_stn_gpi_mult': 2.9112030389260184, 'g_gpe_gpi_mult': 0.7673869192309191}. Best is trial 190 with value: 3.821664796812887.
[I 2026-05-28 22:12:02,834] Trial 239 finished with value: 11.788421367317481 and parameters: {'ISTN': 115.17631405851611, 'I_gpe': 1.821924284173868, 'I_gpi': 2.2732447700837355, 'noise_stn_sigma': 6.066268344290347, 'noise_gpe_sigma': 73.98935815409367, 'noise_gpi_sigma': 124.61129347331352, 'g_stn_gpe_mult': 3.13787902186143, 'g_gpe_stn_mult': 0.6976740075794825, 'g_stn_gpi_mult': 3.244064894979174, 'g_gpe_gpi_mult': 0.7692033872000059}. Best is trial 190 with value: 3.821664796812887.
[I 2026-05-28 22:12:03,876] Trial 240 finished with value: 7.318077148103387 and parameters: {'ISTN': 112.70327233068947, 'I_gpe': 2.160166739470238, 'I_gpi': 1.0651879040508556, 'noise_stn_sigma': 5.838865033511181, 'noise_gpe_sigma': 103.19002780266432, 'noise_gpi_sigma': 131.3856128673135, 'g_stn_gpe_mult': 3.5491700002268733, 'g_gpe_stn_mult': 0.6364460582962524, 'g_stn_gpi_mult': 2.1826039597303186, 'g_gpe_gpi_mult': 0.7960972819006338}. Best is trial 190 with value: 3.821664796812887.
[I 2026-05-28 22:12:04,917] Trial 241 finished with value: 7.320554472186873 and parameters: {'ISTN': 109.46479294657306, 'I_gpe': 2.244240513907597, 'I_gpi': 1.8261580156606665, 'noise_stn_sigma': 5.866454160972025, 'noise_gpe_sigma': 97.76796312412857, 'noise_gpi_sigma': 131.52524889805176, 'g_stn_gpe_mult': 3.395790197335543, 'g_gpe_stn_mult': 0.6541459251595958, 'g_stn_gpi_mult': 2.5063791448676187, 'g_gpe_gpi_mult': 0.9245038224556179}. Best is trial 190 with value: 3.821664796812887.
[I 2026-05-28 22:12:05,957] Trial 242 finished with value: 13.766688647797896 and parameters: {'ISTN': 109.34925280859264, 'I_gpe': 2.1342531330188166, 'I_gpi': 1.5859180272948148, 'noise_stn_sigma': 4.730186040497523, 'noise_gpe_sigma': 107.0314107962878, 'noise_gpi_sigma': 131.81922638458707, 'g_stn_gpe_mult': 2.899213163923167, 'g_gpe_stn_mult': 0.6740969401078831, 'g_stn_gpi_mult': 2.0657749926207805, 'g_gpe_gpi_mult': 0.8610534110807175}. Best is trial 190 with value: 3.821664796812887.
[I 2026-05-28 22:12:06,999] Trial 243 finished with value: 9.462543273579804 and parameters: {'ISTN': 111.5346400260252, 'I_gpe': 2.255664723772643, 'I_gpi': 1.6446119122078886, 'noise_stn_sigma': 3.996140528410326, 'noise_gpe_sigma': 93.01185943863027, 'noise_gpi_sigma': 140.61827515259483, 'g_stn_gpe_mult': 2.8546590624057826, 'g_gpe_stn_mult': 0.6273745996684019, 'g_stn_gpi_mult': 2.5428357886392865, 'g_gpe_gpi_mult': 0.8922874445268205}. Best is trial 190 with value: 3.821664796812887.
[I 2026-05-28 22:12:08,040] Trial 244 finished with value: 14.875482866904704 and parameters: {'ISTN': 97.55358069044053, 'I_gpe': 2.334125633310259, 'I_gpi': 1.6282670121092768, 'noise_stn_sigma': 3.9507722294583667, 'noise_gpe_sigma': 99.77971388146786, 'noise_gpi_sigma': 128.47612802773057, 'g_stn_gpe_mult': 3.8571278192149405, 'g_gpe_stn_mult': 0.5209344681917089, 'g_stn_gpi_mult': 2.438455662538815, 'g_gpe_gpi_mult': 0.8550814055894762}. Best is trial 190 with value: 3.821664796812887.
[I 2026-05-28 22:12:09,084] Trial 245 finished with value: 11.121894841175848 and parameters: {'ISTN': 112.16575724813487, 'I_gpe': 2.09517029185169, 'I_gpi': 1.645413576076069, 'noise_stn_sigma': 6.312688983112632, 'noise_gpe_sigma': 96.88628271118299, 'noise_gpi_sigma': 95.12969104763656, 'g_stn_gpe_mult': 2.9065534218890554, 'g_gpe_stn_mult': 0.6134137534372185, 'g_stn_gpi_mult': 2.488420296226683, 'g_gpe_gpi_mult': 0.9044832071599118}. Best is trial 190 with value: 3.821664796812887.
[I 2026-05-28 22:12:10,127] Trial 246 finished with value: 4.878295906516484 and parameters: {'ISTN': 118.70853275364819, 'I_gpe': 2.4094932846803285, 'I_gpi': 2.2304024205765685, 'noise_stn_sigma': 4.339448912030366, 'noise_gpe_sigma': 104.87540695707112, 'noise_gpi_sigma': 131.33235212221354, 'g_stn_gpe_mult': 3.856297344856272, 'g_gpe_stn_mult': 0.6445987690543066, 'g_stn_gpi_mult': 1.8972825601187415, 'g_gpe_gpi_mult': 0.9246280004528202}. Best is trial 190 with value: 3.821664796812887.
[I 2026-05-28 22:12:11,171] Trial 247 finished with value: 11.91122651355838 and parameters: {'ISTN': 123.26061327619529, 'I_gpe': 2.0735888208591833, 'I_gpi': 2.1381587228802656, 'noise_stn_sigma': 4.388818515109396, 'noise_gpe_sigma': 108.39269057797348, 'noise_gpi_sigma': 111.23497150691968, 'g_stn_gpe_mult': 4.451827610831464, 'g_gpe_stn_mult': 0.6173269962671131, 'g_stn_gpi_mult': 2.1350626153908814, 'g_gpe_gpi_mult': 0.7884034535616191}. Best is trial 190 with value: 3.821664796812887.
[I 2026-05-28 22:12:12,207] Trial 248 finished with value: 17.000314866374755 and parameters: {'ISTN': 113.7478248620063, 'I_gpe': 2.511410402617553, 'I_gpi': 1.9837227135106832, 'noise_stn_sigma': 4.651150155377765, 'noise_gpe_sigma': 79.92370637331362, 'noise_gpi_sigma': 120.94156275029356, 'g_stn_gpe_mult': 3.37085295968138, 'g_gpe_stn_mult': 0.7361765238160574, 'g_stn_gpi_mult': 2.6671974338797573, 'g_gpe_gpi_mult': 0.9596134241733434}. Best is trial 190 with value: 3.821664796812887.
[I 2026-05-28 22:12:13,250] Trial 249 finished with value: 9.254022909339914 and parameters: {'ISTN': 110.75772289343607, 'I_gpe': 2.3255609708220915, 'I_gpi': 2.5042411629078303, 'noise_stn_sigma': 5.3962859634194915, 'noise_gpe_sigma': 108.3654905513906, 'noise_gpi_sigma': 135.40026465556033, 'g_stn_gpe_mult': 3.3860410473058535, 'g_gpe_stn_mult': 0.5993617528553031, 'g_stn_gpi_mult': 2.5585731889726078, 'g_gpe_gpi_mult': 0.8461784003987409}. Best is trial 190 with value: 3.821664796812887.
[I 2026-05-28 22:12:14,291] Trial 250 finished with value: 14.360019822157769 and parameters: {'ISTN': 103.56817813418573, 'I_gpe': 1.832962365641798, 'I_gpi': 2.157464472764511, 'noise_stn_sigma': 5.915366908771627, 'noise_gpe_sigma': 97.37119619029455, 'noise_gpi_sigma': 116.51946774702023, 'g_stn_gpe_mult': 3.5000781827310026, 'g_gpe_stn_mult': 0.5933271290212699, 'g_stn_gpi_mult': 2.3862856980647873, 'g_gpe_gpi_mult': 0.9382445208856687}. Best is trial 190 with value: 3.821664796812887.
[I 2026-05-28 22:12:15,336] Trial 251 finished with value: 10.231604117484315 and parameters: {'ISTN': 113.31215124364644, 'I_gpe': 2.2730245913817573, 'I_gpi': 2.7960190247966215, 'noise_stn_sigma': 5.618409592768495, 'noise_gpe_sigma': 99.3140003811291, 'noise_gpi_sigma': 139.8102392644354, 'g_stn_gpe_mult': 3.3578987635311695, 'g_gpe_stn_mult': 0.6606049822790485, 'g_stn_gpi_mult': 2.914984509665836, 'g_gpe_gpi_mult': 0.9891541659111383}. Best is trial 190 with value: 3.821664796812887.
[I 2026-05-28 22:12:16,378] Trial 252 finished with value: 10.896663476575705 and parameters: {'ISTN': 103.97530265090158, 'I_gpe': 2.3250360970124, 'I_gpi': 1.5779307168525611, 'noise_stn_sigma': 6.288653449438973, 'noise_gpe_sigma': 89.13019906547531, 'noise_gpi_sigma': 118.67393755451008, 'g_stn_gpe_mult': 3.730654806901079, 'g_gpe_stn_mult': 0.6371193443614516, 'g_stn_gpi_mult': 2.15510564118711, 'g_gpe_gpi_mult': 0.6635936779891449}. Best is trial 190 with value: 3.821664796812887.
[I 2026-05-28 22:12:17,420] Trial 253 finished with value: 5.849607611004577 and parameters: {'ISTN': 99.59149422576432, 'I_gpe': 2.6214486592838937, 'I_gpi': 1.8126091859775826, 'noise_stn_sigma': 4.368049829888189, 'noise_gpe_sigma': 108.35260839532143, 'noise_gpi_sigma': 115.84963124376105, 'g_stn_gpe_mult': 3.506323529301285, 'g_gpe_stn_mult': 0.5641321774843421, 'g_stn_gpi_mult': 2.2036910037495043, 'g_gpe_gpi_mult': 0.7132043621623758}. Best is trial 190 with value: 3.821664796812887.
[I 2026-05-28 22:12:18,460] Trial 254 finished with value: 16.67012139149364 and parameters: {'ISTN': 109.86880399367308, 'I_gpe': 2.5879738675716615, 'I_gpi': 2.206291742270013, 'noise_stn_sigma': 5.00315604963378, 'noise_gpe_sigma': 142.4084371824326, 'noise_gpi_sigma': 141.92840381731838, 'g_stn_gpe_mult': 3.841452983131208, 'g_gpe_stn_mult': 0.5473081708313456, 'g_stn_gpi_mult': 2.3146818540016474, 'g_gpe_gpi_mult': 0.8483005587331391}. Best is trial 190 with value: 3.821664796812887.
[I 2026-05-28 22:12:19,500] Trial 255 finished with value: 14.277274349188708 and parameters: {'ISTN': 96.56760077857203, 'I_gpe': 2.3957423077729145, 'I_gpi': 1.7049794707088253, 'noise_stn_sigma': 4.469470605456087, 'noise_gpe_sigma': 112.20419923396406, 'noise_gpi_sigma': 133.4989124734003, 'g_stn_gpe_mult': 4.0883562852954, 'g_gpe_stn_mult': 0.5090831032047013, 'g_stn_gpi_mult': 2.16173736460824, 'g_gpe_gpi_mult': 0.8237834837526641}. Best is trial 190 with value: 3.821664796812887.
[I 2026-05-28 22:12:20,541] Trial 256 finished with value: 12.611961623536336 and parameters: {'ISTN': 112.33876362288623, 'I_gpe': 2.6107662571951047, 'I_gpi': 1.4527244258239516, 'noise_stn_sigma': 5.589704484084457, 'noise_gpe_sigma': 142.85220562018074, 'noise_gpi_sigma': 125.5241063721178, 'g_stn_gpe_mult': 4.138858051899714, 'g_gpe_stn_mult': 0.6692127510109711, 'g_stn_gpi_mult': 2.37451405207236, 'g_gpe_gpi_mult': 0.9005322206774251}. Best is trial 190 with value: 3.821664796812887.
[I 2026-05-28 22:12:21,581] Trial 257 finished with value: 11.652928007751182 and parameters: {'ISTN': 111.8490272796889, 'I_gpe': 2.5553921546040983, 'I_gpi': 1.3618577747219158, 'noise_stn_sigma': 5.0568008677769765, 'noise_gpe_sigma': 127.0172647620074, 'noise_gpi_sigma': 113.80790968457346, 'g_stn_gpe_mult': 3.79237400450703, 'g_gpe_stn_mult': 0.6508764890469071, 'g_stn_gpi_mult': 2.2807565531624014, 'g_gpe_gpi_mult': 0.8126155444505738}. Best is trial 190 with value: 3.821664796812887.
[I 2026-05-28 22:12:22,623] Trial 258 finished with value: 13.751918164078416 and parameters: {'ISTN': 124.82336898432688, 'I_gpe': 2.2916635305583632, 'I_gpi': 1.4940231155058616, 'noise_stn_sigma': 4.811708269751536, 'noise_gpe_sigma': 83.44425782062366, 'noise_gpi_sigma': 115.10439537150158, 'g_stn_gpe_mult': 3.682245206422046, 'g_gpe_stn_mult': 0.6800846027692429, 'g_stn_gpi_mult': 2.032772631049142, 'g_gpe_gpi_mult': 0.8598500219882006}. Best is trial 190 with value: 3.821664796812887.
[I 2026-05-28 22:12:23,665] Trial 259 finished with value: 10.608051089935607 and parameters: {'ISTN': 111.81325735882791, 'I_gpe': 2.2589159994731802, 'I_gpi': 1.674685685795155, 'noise_stn_sigma': 3.8170164532191544, 'noise_gpe_sigma': 99.49533812156092, 'noise_gpi_sigma': 124.25630574595957, 'g_stn_gpe_mult': 3.3449813702074946, 'g_gpe_stn_mult': 0.6518714291396454, 'g_stn_gpi_mult': 2.457848464312982, 'g_gpe_gpi_mult': 0.7783379630928211}. Best is trial 190 with value: 3.821664796812887.
[I 2026-05-28 22:12:24,710] Trial 260 finished with value: 16.814930326471377 and parameters: {'ISTN': 123.6582434875541, 'I_gpe': 1.8379551866156998, 'I_gpi': 2.6675337627596196, 'noise_stn_sigma': 3.830959090086678, 'noise_gpe_sigma': 69.00290845345592, 'noise_gpi_sigma': 143.22603483627267, 'g_stn_gpe_mult': 3.053922748795551, 'g_gpe_stn_mult': 0.6891270907864475, 'g_stn_gpi_mult': 2.6635683845234124, 'g_gpe_gpi_mult': 1.145741621719018}. Best is trial 190 with value: 3.821664796812887.
[I 2026-05-28 22:12:25,754] Trial 261 finished with value: 12.241161067470719 and parameters: {'ISTN': 116.0753327896999, 'I_gpe': 2.5289134744103334, 'I_gpi': 2.1701162177159006, 'noise_stn_sigma': 3.9755349305739887, 'noise_gpe_sigma': 113.28194679263528, 'noise_gpi_sigma': 131.9947005506982, 'g_stn_gpe_mult': 3.353016083462845, 'g_gpe_stn_mult': 0.6096684302386755, 'g_stn_gpi_mult': 2.0853106351877226, 'g_gpe_gpi_mult': 0.7541007718765498}. Best is trial 190 with value: 3.821664796812887.
[I 2026-05-28 22:12:26,796] Trial 262 finished with value: 7.0542515596985 and parameters: {'ISTN': 114.20710594803751, 'I_gpe': 2.293138922717545, 'I_gpi': 1.4742268667877518, 'noise_stn_sigma': 5.276532124783195, 'noise_gpe_sigma': 108.4830281735687, 'noise_gpi_sigma': 112.77827242647274, 'g_stn_gpe_mult': 3.8127337421070764, 'g_gpe_stn_mult': 0.6288541155129805, 'g_stn_gpi_mult': 2.0770392974725675, 'g_gpe_gpi_mult': 0.7088872487788169}. Best is trial 190 with value: 3.821664796812887.
[I 2026-05-28 22:12:27,838] Trial 263 finished with value: 17.592039146056933 and parameters: {'ISTN': 106.2440536061124, 'I_gpe': 2.6399882015163985, 'I_gpi': 2.146280392075602, 'noise_stn_sigma': 3.6528591240102513, 'noise_gpe_sigma': 108.13765424769929, 'noise_gpi_sigma': 129.60318776678662, 'g_stn_gpe_mult': 3.4556398435631523, 'g_gpe_stn_mult': 0.5134170386408254, 'g_stn_gpi_mult': 2.121203726727804, 'g_gpe_gpi_mult': 0.6881879299878646}. Best is trial 190 with value: 3.821664796812887.
