[I 2026-05-28 22:07:51,708] A new study created in memory with name: sensitivity_K_high
[I 2026-05-28 22:07:54,140] Trial 0 finished with value: 132.27334036309827 and parameters: {'ISTN': 93.70861069626262, 'I_gpe': 3.827500072434707, 'I_gpi': 3.9279757672456204, 'noise_stn_sigma': 5.190609389379256, 'noise_gpe_sigma': 40.28242325751675, 'noise_gpi_sigma': 40.27928764370634, 'g_stn_gpe_mult': 1.703292642588698, 'g_gpe_stn_mult': 0.7063233020424546, 'g_stn_gpi_mult': 2.8033450352296265, 'g_gpe_gpi_mult': 0.9080725777960454}. Best is trial 0 with value: 132.27334036309827.
[I 2026-05-28 22:07:55,191] Trial 1 finished with value: 18.13853135828116 and parameters: {'ISTN': 102.18398227973381, 'I_gpe': 1.7822592367307524, 'I_gpi': 2.0402078942860182, 'noise_stn_sigma': 5.527278325084124, 'noise_gpe_sigma': 64.87605951987203, 'noise_gpi_sigma': 128.16311557229506, 'g_stn_gpe_mult': 3.8783201895114314, 'g_gpe_stn_mult': 0.4633636096255428, 'g_stn_gpi_mult': 1.9201572567197984, 'g_gpe_gpi_mult': 0.5716581854888545}. Best is trial 1 with value: 18.13853135828116.
[I 2026-05-28 22:07:56,235] Trial 2 finished with value: 18.78348562697572 and parameters: {'ISTN': 104.05697545714605, 'I_gpe': 1.6990806611446447, 'I_gpi': 2.1093322736015803, 'noise_stn_sigma': 4.391415413253829, 'noise_gpe_sigma': 95.78215145683166, 'noise_gpi_sigma': 112.26271914252017, 'g_stn_gpe_mult': 3.620508535432487, 'g_gpe_stn_mult': 0.48253375989294744, 'g_stn_gpi_mult': 2.4349864676102033, 'g_gpe_gpi_mult': 0.8838728082220315}. Best is trial 1 with value: 18.13853135828116.
[I 2026-05-28 22:07:57,278] Trial 3 finished with value: 38.66336615593647 and parameters: {'ISTN': 124.05768254138863, 'I_gpe': 2.4404639905642638, 'I_gpi': 2.929437307767527, 'noise_stn_sigma': 4.597526383157501, 'noise_gpe_sigma': 123.71799364703026, 'noise_gpi_sigma': 102.97034598752232, 'g_stn_gpe_mult': 3.0886712355338317, 'g_gpe_stn_mult': 0.27286655747132477, 'g_stn_gpi_mult': 3.5949342956186348, 'g_gpe_gpi_mult': 0.596177167198813}. Best is trial 1 with value: 18.13853135828116.
[I 2026-05-28 22:07:58,321] Trial 4 finished with value: 5.458825701614732 and parameters: {'ISTN': 61.327006512303655, 'I_gpe': 2.322282146919423, 'I_gpi': 2.6397695163821506, 'noise_stn_sigma': 3.62253468740132, 'noise_gpe_sigma': 78.9240566977039, 'noise_gpi_sigma': 101.63027934654737, 'g_stn_gpe_mult': 3.374074127741162, 'g_gpe_stn_mult': 0.2130397972288703, 'g_stn_gpi_mult': 2.0912746715201935, 'g_gpe_gpi_mult': 0.6568869944818863}. Best is trial 4 with value: 5.458825701614732.
[I 2026-05-28 22:07:59,363] Trial 5 finished with value: 29.40823163383029 and parameters: {'ISTN': 118.21835604782609, 'I_gpe': 1.5081892774313215, 'I_gpi': 3.899768098732145, 'noise_stn_sigma': 3.936086758513816, 'noise_gpe_sigma': 119.32152160252447, 'noise_gpi_sigma': 102.30543016488373, 'g_stn_gpe_mult': 2.9807792455418993, 'g_gpe_stn_mult': 0.5137698475759706, 'g_stn_gpi_mult': 2.9949380788413196, 'g_gpe_gpi_mult': 0.9635506695066518}. Best is trial 4 with value: 5.458825701614732.
[I 2026-05-28 22:08:00,406] Trial 6 finished with value: 33.35366490096773 and parameters: {'ISTN': 121.61855037844573, 'I_gpe': 1.6513293219198029, 'I_gpi': 2.8432761902587727, 'noise_stn_sigma': 3.8480047711083603, 'noise_gpe_sigma': 74.143091992362, 'noise_gpi_sigma': 62.05518437298985, 'g_stn_gpe_mult': 3.3767409216885813, 'g_gpe_stn_mult': 0.39119594338519237, 'g_stn_gpi_mult': 2.347357900801299, 'g_gpe_gpi_mult': 0.4142625832855039}. Best is trial 4 with value: 5.458825701614732.
[I 2026-05-28 22:08:01,450] Trial 7 finished with value: 27.837570997411326 and parameters: {'ISTN': 118.14807622329761, 'I_gpe': 1.5486294089623256, 'I_gpi': 2.4516321436833994, 'noise_stn_sigma': 2.679013017620471, 'noise_gpe_sigma': 56.04599877645517, 'noise_gpi_sigma': 116.28652710522236, 'g_stn_gpe_mult': 2.9922746566942053, 'g_gpe_stn_mult': 0.2955859336866355, 'g_stn_gpi_mult': 1.716124621409335, 'g_gpe_gpi_mult': 0.5179871881249729}. Best is trial 4 with value: 5.458825701614732.
[I 2026-05-28 22:08:02,495] Trial 8 finished with value: 43.59424735513727 and parameters: {'ISTN': 125.24171270223263, 'I_gpe': 2.8526086943177944, 'I_gpi': 2.0678354736293487, 'noise_stn_sigma': 3.402302701760284, 'noise_gpe_sigma': 94.41082187084776, 'noise_gpi_sigma': 98.9600504549821, 'g_stn_gpe_mult': 3.6329764552383, 'g_gpe_stn_mult': 0.2538139817870882, 'g_stn_gpi_mult': 2.8573669779553246, 'g_gpe_gpi_mult': 0.7596331107049075}. Best is trial 4 with value: 5.458825701614732.
[I 2026-05-28 22:08:03,536] Trial 9 finished with value: 19.37076659507767 and parameters: {'ISTN': 108.06144798180426, 'I_gpe': 2.088159593914187, 'I_gpi': 2.7321182722451014, 'noise_stn_sigma': 3.3524793808782456, 'noise_gpe_sigma': 48.88483497946666, 'noise_gpi_sigma': 129.93936748396976, 'g_stn_gpe_mult': 3.302290408301439, 'g_gpe_stn_mult': 0.5428025966104797, 'g_stn_gpi_mult': 2.2888222168539225, 'g_gpe_gpi_mult': 0.6716607335175118}. Best is trial 4 with value: 5.458825701614732.
[I 2026-05-28 22:08:04,578] Trial 10 finished with value: 17.95888724212668 and parameters: {'ISTN': 105.28930217987374, 'I_gpe': 2.764126309775512, 'I_gpi': 1.33834956817683, 'noise_stn_sigma': 2.965503538344267, 'noise_gpe_sigma': 129.52996397114705, 'noise_gpi_sigma': 96.48201510531312, 'g_stn_gpe_mult': 3.0608279134787137, 'g_gpe_stn_mult': 0.462684887025272, 'g_stn_gpi_mult': 2.045535048975993, 'g_gpe_gpi_mult': 0.7985205433522264}. Best is trial 4 with value: 5.458825701614732.
[I 2026-05-28 22:08:05,619] Trial 11 finished with value: 20.702334831113 and parameters: {'ISTN': 73.21837305651133, 'I_gpe': 2.904747678332778, 'I_gpi': 1.1303881671349194, 'noise_stn_sigma': 2.7635545414344924, 'noise_gpe_sigma': 64.79311156058472, 'noise_gpi_sigma': 69.60718933986266, 'g_stn_gpe_mult': 4.300035767715245, 'g_gpe_stn_mult': 0.46294371800456424, 'g_stn_gpi_mult': 1.7299149905228894, 'g_gpe_gpi_mult': 0.6831287337354146}. Best is trial 4 with value: 5.458825701614732.
[I 2026-05-28 22:08:06,663] Trial 12 finished with value: 19.04777436902795 and parameters: {'ISTN': 98.76571955836872, 'I_gpe': 3.1843157032359906, 'I_gpi': 1.6038347388134957, 'noise_stn_sigma': 2.9797582548778525, 'noise_gpe_sigma': 60.79284836782054, 'noise_gpi_sigma': 113.33927026980099, 'g_stn_gpe_mult': 3.4371446658369176, 'g_gpe_stn_mult': 0.45652545023299806, 'g_stn_gpi_mult': 1.8641214274318, 'g_gpe_gpi_mult': 0.8089138741626434}. Best is trial 4 with value: 5.458825701614732.
[I 2026-05-28 22:08:07,704] Trial 13 finished with value: 13.676413267137518 and parameters: {'ISTN': 79.23506811720021, 'I_gpe': 2.7311417580197572, 'I_gpi': 2.2277977868798917, 'noise_stn_sigma': 5.872530223084823, 'noise_gpe_sigma': 126.60418513979633, 'noise_gpi_sigma': 119.54668263458242, 'g_stn_gpe_mult': 3.596821358069403, 'g_gpe_stn_mult': 0.47066944131169075, 'g_stn_gpi_mult': 2.834430679438451, 'g_gpe_gpi_mult': 0.7471039448093855}. Best is trial 4 with value: 5.458825701614732.
[I 2026-05-28 22:08:08,748] Trial 14 finished with value: 27.032333823828527 and parameters: {'ISTN': 108.02971216186239, 'I_gpe': 2.429798548617772, 'I_gpi': 3.3291121097141243, 'noise_stn_sigma': 4.748060316547342, 'noise_gpe_sigma': 72.65269790724658, 'noise_gpi_sigma': 56.04962109534901, 'g_stn_gpe_mult': 2.807534369492309, 'g_gpe_stn_mult': 0.22117906986713537, 'g_stn_gpi_mult': 1.6371126373220175, 'g_gpe_gpi_mult': 0.5230208542653629}. Best is trial 4 with value: 5.458825701614732.
[I 2026-05-28 22:08:09,792] Trial 15 finished with value: 21.002383255544157 and parameters: {'ISTN': 90.20683859459005, 'I_gpe': 3.406529409028485, 'I_gpi': 2.645680668357671, 'noise_stn_sigma': 2.838930677251968, 'noise_gpe_sigma': 88.37906679682435, 'noise_gpi_sigma': 95.89845888400049, 'g_stn_gpe_mult': 3.9044340956304846, 'g_gpe_stn_mult': 0.3941448739058615, 'g_stn_gpi_mult': 2.1796266622379252, 'g_gpe_gpi_mult': 0.5598393663173635}. Best is trial 4 with value: 5.458825701614732.
[I 2026-05-28 22:08:10,835] Trial 16 finished with value: 13.713750114931628 and parameters: {'ISTN': 72.16740604697775, 'I_gpe': 1.8868067823355985, 'I_gpi': 2.1933856129154985, 'noise_stn_sigma': 2.8183508151496497, 'noise_gpe_sigma': 89.15784448984931, 'noise_gpi_sigma': 126.35999925777159, 'g_stn_gpe_mult': 3.338558882480818, 'g_gpe_stn_mult': 0.3455086668228674, 'g_stn_gpi_mult': 1.8676946046670748, 'g_gpe_gpi_mult': 0.5957970365884342}. Best is trial 4 with value: 5.458825701614732.
[I 2026-05-28 22:08:11,879] Trial 17 finished with value: 15.448246029531033 and parameters: {'ISTN': 73.93310348178386, 'I_gpe': 2.5048908442198203, 'I_gpi': 1.8440262664719083, 'noise_stn_sigma': 6.117680533208525, 'noise_gpe_sigma': 50.09465572177288, 'noise_gpi_sigma': 72.3791903404648, 'g_stn_gpe_mult': 3.2218395588680577, 'g_gpe_stn_mult': 0.34327260711644414, 'g_stn_gpi_mult': 2.230536136402984, 'g_gpe_gpi_mult': 0.43259367244175917}. Best is trial 4 with value: 5.458825701614732.
[I 2026-05-28 22:08:12,923] Trial 18 finished with value: 13.922309642304635 and parameters: {'ISTN': 66.4513064388144, 'I_gpe': 3.048351076522902, 'I_gpi': 1.461713368913891, 'noise_stn_sigma': 5.0534323441050955, 'noise_gpe_sigma': 131.3656769123577, 'noise_gpi_sigma': 98.90576746133259, 'g_stn_gpe_mult': 2.9362550706435995, 'g_gpe_stn_mult': 0.2823781808194551, 'g_stn_gpi_mult': 1.6899890000021351, 'g_gpe_gpi_mult': 0.3446377183456087}. Best is trial 4 with value: 5.458825701614732.
[I 2026-05-28 22:08:13,966] Trial 19 finished with value: 20.209985653587825 and parameters: {'ISTN': 97.52204178549063, 'I_gpe': 1.8977650739080514, 'I_gpi': 1.8820346671868458, 'noise_stn_sigma': 4.612557974606464, 'noise_gpe_sigma': 84.49240818476751, 'noise_gpi_sigma': 91.11176456526202, 'g_stn_gpe_mult': 3.054699420112677, 'g_gpe_stn_mult': 0.28050689729669787, 'g_stn_gpi_mult': 2.300301351815834, 'g_gpe_gpi_mult': 0.9158406789101918}. Best is trial 4 with value: 5.458825701614732.
[I 2026-05-28 22:08:15,009] Trial 20 finished with value: 6.724255026944988 and parameters: {'ISTN': 61.338961260111056, 'I_gpe': 1.9459942735440283, 'I_gpi': 2.9677678979144653, 'noise_stn_sigma': 4.020611117195258, 'noise_gpe_sigma': 104.8405481926553, 'noise_gpi_sigma': 130.2277836595132, 'g_stn_gpe_mult': 3.389615766088727, 'g_gpe_stn_mult': 0.15410412400676488, 'g_stn_gpi_mult': 3.2105273491859307, 'g_gpe_gpi_mult': 0.6190992322736888}. Best is trial 4 with value: 5.458825701614732.
[I 2026-05-28 22:08:16,050] Trial 21 finished with value: 13.116103420787123 and parameters: {'ISTN': 63.37689334942195, 'I_gpe': 2.366683786772622, 'I_gpi': 3.149321622559106, 'noise_stn_sigma': 3.9339935372708177, 'noise_gpe_sigma': 98.51167247404916, 'noise_gpi_sigma': 128.42031508231975, 'g_stn_gpe_mult': 3.628327115904675, 'g_gpe_stn_mult': 0.26801440479990163, 'g_stn_gpi_mult': 3.1863409008354546, 'g_gpe_gpi_mult': 0.817101720461243}. Best is trial 4 with value: 5.458825701614732.
[I 2026-05-28 22:08:17,094] Trial 22 finished with value: 11.668257999913202 and parameters: {'ISTN': 69.40294937905006, 'I_gpe': 2.040060358006455, 'I_gpi': 2.535683630066128, 'noise_stn_sigma': 4.700785496296795, 'noise_gpe_sigma': 91.79978653882284, 'noise_gpi_sigma': 135.3089200475771, 'g_stn_gpe_mult': 4.423048815080524, 'g_gpe_stn_mult': 0.1502403128696829, 'g_stn_gpi_mult': 1.9640779622076834, 'g_gpe_gpi_mult': 0.5381293699332197}. Best is trial 4 with value: 5.458825701614732.
[I 2026-05-28 22:08:18,136] Trial 23 finished with value: 14.980573152371477 and parameters: {'ISTN': 76.84394393895039, 'I_gpe': 2.0912464415660783, 'I_gpi': 3.073639460236515, 'noise_stn_sigma': 4.881082426772387, 'noise_gpe_sigma': 135.4761900061187, 'noise_gpi_sigma': 126.197208032059, 'g_stn_gpe_mult': 3.1964503854698645, 'g_gpe_stn_mult': 0.11862029380276347, 'g_stn_gpi_mult': 3.886023854601301, 'g_gpe_gpi_mult': 0.6389229135028072}. Best is trial 4 with value: 5.458825701614732.
[I 2026-05-28 22:08:19,178] Trial 24 finished with value: 10.064565884313126 and parameters: {'ISTN': 68.91552843599185, 'I_gpe': 1.3136683830781226, 'I_gpi': 2.0548256921115198, 'noise_stn_sigma': 7.5348233908470865, 'noise_gpe_sigma': 115.33431186733408, 'noise_gpi_sigma': 105.99470075149941, 'g_stn_gpe_mult': 4.243282512897986, 'g_gpe_stn_mult': 0.19820374851137273, 'g_stn_gpi_mult': 2.9339927296179056, 'g_gpe_gpi_mult': 0.8389775223553027}. Best is trial 4 with value: 5.458825701614732.
[I 2026-05-28 22:08:20,161] Trial 25 finished with value: 1000000.0 and parameters: {'ISTN': 70.13364715804772, 'I_gpe': 1.7351187391267957, 'I_gpi': 2.328327600359475, 'noise_stn_sigma': 3.70646780608977, 'noise_gpe_sigma': 106.77949697944723, 'noise_gpi_sigma': 97.3944714518489, 'g_stn_gpe_mult': 3.579633764008468, 'g_gpe_stn_mult': 0.34607658425174836, 'g_stn_gpi_mult': 3.4438039725148295, 'g_gpe_gpi_mult': 0.537134836525256}. Best is trial 4 with value: 5.458825701614732.
[I 2026-05-28 22:08:21,203] Trial 26 finished with value: 18.757404097850003 and parameters: {'ISTN': 76.6412700120745, 'I_gpe': 3.0209412895875656, 'I_gpi': 2.4915673870095434, 'noise_stn_sigma': 4.151603304538625, 'noise_gpe_sigma': 99.41359744934547, 'noise_gpi_sigma': 98.02981860070965, 'g_stn_gpe_mult': 3.1047184833607955, 'g_gpe_stn_mult': 0.1878853598675372, 'g_stn_gpi_mult': 2.218082380854895, 'g_gpe_gpi_mult': 0.6069064639647448}. Best is trial 4 with value: 5.458825701614732.
[I 2026-05-28 22:08:22,244] Trial 27 finished with value: 15.07940966166534 and parameters: {'ISTN': 72.71319509126893, 'I_gpe': 1.8531151429897625, 'I_gpi': 2.3798580543990897, 'noise_stn_sigma': 3.713124692776778, 'noise_gpe_sigma': 74.45126804137371, 'noise_gpi_sigma': 129.35610025418708, 'g_stn_gpe_mult': 3.8064748820893786, 'g_gpe_stn_mult': 0.270922169000498, 'g_stn_gpi_mult': 2.24908783785856, 'g_gpe_gpi_mult': 0.7554305864303201}. Best is trial 4 with value: 5.458825701614732.
[I 2026-05-28 22:08:23,281] Trial 28 finished with value: 120.78778635017453 and parameters: {'ISTN': 73.26398843570203, 'I_gpe': 2.2770923920170385, 'I_gpi': 2.5736986081426445, 'noise_stn_sigma': 4.63186261110219, 'noise_gpe_sigma': 89.14515966725483, 'noise_gpi_sigma': 120.58774086321354, 'g_stn_gpe_mult': 3.349629055419852, 'g_gpe_stn_mult': 0.6876410747587884, 'g_stn_gpi_mult': 2.4189017951163136, 'g_gpe_gpi_mult': 0.7145575738674572}. Best is trial 4 with value: 5.458825701614732.
[I 2026-05-28 22:08:24,323] Trial 29 finished with value: 6.578271070716369 and parameters: {'ISTN': 74.33613443072089, 'I_gpe': 2.5439166287419184, 'I_gpi': 4.7807101919747925, 'noise_stn_sigma': 4.23476958301746, 'noise_gpe_sigma': 103.49663327468615, 'noise_gpi_sigma': 131.85832198397128, 'g_stn_gpe_mult': 2.8210871592144677, 'g_gpe_stn_mult': 0.4744957275491387, 'g_stn_gpi_mult': 3.538178474403724, 'g_gpe_gpi_mult': 0.5911520809634538}. Best is trial 4 with value: 5.458825701614732.
[I 2026-05-28 22:08:25,365] Trial 30 finished with value: 9.341409860410232 and parameters: {'ISTN': 72.886116104334, 'I_gpe': 2.4509836186209943, 'I_gpi': 3.0589806468495375, 'noise_stn_sigma': 3.972426574542375, 'noise_gpe_sigma': 89.33444552519141, 'noise_gpi_sigma': 90.37744117791888, 'g_stn_gpe_mult': 1.9587756948391852, 'g_gpe_stn_mult': 0.17785161952687883, 'g_stn_gpi_mult': 2.6380405299167564, 'g_gpe_gpi_mult': 1.0151734746218053}. Best is trial 4 with value: 5.458825701614732.
[I 2026-05-28 22:08:26,409] Trial 31 finished with value: 20.38122052099197 and parameters: {'ISTN': 67.30992449371492, 'I_gpe': 2.999442845245917, 'I_gpi': 4.934905861944641, 'noise_stn_sigma': 1.6750343839359496, 'noise_gpe_sigma': 107.69318979841216, 'noise_gpi_sigma': 120.6972953665763, 'g_stn_gpe_mult': 3.6328589822001582, 'g_gpe_stn_mult': 0.278026477608878, 'g_stn_gpi_mult': 3.50240368766714, 'g_gpe_gpi_mult': 0.7889168162383828}. Best is trial 4 with value: 5.458825701614732.
[I 2026-05-28 22:08:27,453] Trial 32 finished with value: 17.843919846746168 and parameters: {'ISTN': 73.55976921758875, 'I_gpe': 2.65098875816685, 'I_gpi': 3.4874059435615377, 'noise_stn_sigma': 4.988256273033775, 'noise_gpe_sigma': 66.60253470792591, 'noise_gpi_sigma': 124.42949524714967, 'g_stn_gpe_mult': 2.3295424550776582, 'g_gpe_stn_mult': 0.2841358306149019, 'g_stn_gpi_mult': 2.6553501473778596, 'g_gpe_gpi_mult': 0.9264713424705626}. Best is trial 4 with value: 5.458825701614732.
[I 2026-05-28 22:08:28,495] Trial 33 finished with value: 10.986235006722797 and parameters: {'ISTN': 64.35977126805226, 'I_gpe': 2.8381147087279284, 'I_gpi': 3.7153464322613754, 'noise_stn_sigma': 3.911871001052769, 'noise_gpe_sigma': 121.37978175173605, 'noise_gpi_sigma': 101.9482026374852, 'g_stn_gpe_mult': 2.561026878137257, 'g_gpe_stn_mult': 0.244316135992117, 'g_stn_gpi_mult': 2.750437816277471, 'g_gpe_gpi_mult': 0.7995616324312744}. Best is trial 4 with value: 5.458825701614732.
[I 2026-05-28 22:08:29,538] Trial 34 finished with value: 17.55074161637098 and parameters: {'ISTN': 76.98982051498146, 'I_gpe': 1.7039509285875298, 'I_gpi': 4.2235148259519875, 'noise_stn_sigma': 4.521170051530042, 'noise_gpe_sigma': 84.46194340986897, 'noise_gpi_sigma': 118.38420749928295, 'g_stn_gpe_mult': 3.623220670923866, 'g_gpe_stn_mult': 0.2929851427114252, 'g_stn_gpi_mult': 3.482611644952275, 'g_gpe_gpi_mult': 0.8455775755357227}. Best is trial 4 with value: 5.458825701614732.
[I 2026-05-28 22:08:30,579] Trial 35 finished with value: 21.57816257970469 and parameters: {'ISTN': 76.71500522544193, 'I_gpe': 3.1077605001429864, 'I_gpi': 3.833629697482166, 'noise_stn_sigma': 2.9934521156152654, 'noise_gpe_sigma': 109.15889693065499, 'noise_gpi_sigma': 104.15135802225443, 'g_stn_gpe_mult': 2.2137485730525195, 'g_gpe_stn_mult': 0.2586514421125905, 'g_stn_gpi_mult': 3.8258779454077496, 'g_gpe_gpi_mult': 1.0190972568521375}. Best is trial 4 with value: 5.458825701614732.
[I 2026-05-28 22:08:31,623] Trial 36 finished with value: 14.755473644280048 and parameters: {'ISTN': 67.16803369022598, 'I_gpe': 1.7816112460376126, 'I_gpi': 3.8899059690570557, 'noise_stn_sigma': 3.4301884176538793, 'noise_gpe_sigma': 61.61491059741311, 'noise_gpi_sigma': 107.39355875147895, 'g_stn_gpe_mult': 3.2566856484519207, 'g_gpe_stn_mult': 0.2627887162221947, 'g_stn_gpi_mult': 3.1267855219977108, 'g_gpe_gpi_mult': 0.6529830526291945}. Best is trial 4 with value: 5.458825701614732.
[I 2026-05-28 22:08:32,666] Trial 37 finished with value: 16.912271508423185 and parameters: {'ISTN': 94.86280380290476, 'I_gpe': 1.4411394965093498, 'I_gpi': 3.8659109851975058, 'noise_stn_sigma': 4.213648050819399, 'noise_gpe_sigma': 100.3788258826198, 'noise_gpi_sigma': 146.5405595383678, 'g_stn_gpe_mult': 2.0438106468901194, 'g_gpe_stn_mult': 0.2050647860730192, 'g_stn_gpi_mult': 3.2479963248241903, 'g_gpe_gpi_mult': 0.7777755741116534}. Best is trial 4 with value: 5.458825701614732.
[I 2026-05-28 22:08:33,710] Trial 38 finished with value: 23.5413300985663 and parameters: {'ISTN': 99.78880750833346, 'I_gpe': 1.1694383876468262, 'I_gpi': 3.5209884159231324, 'noise_stn_sigma': 2.5131957744197364, 'noise_gpe_sigma': 124.14835735638579, 'noise_gpi_sigma': 147.22108617894472, 'g_stn_gpe_mult': 4.028269343447093, 'g_gpe_stn_mult': 0.27936039613354297, 'g_stn_gpi_mult': 3.3976144666635433, 'g_gpe_gpi_mult': 0.8136144186545555}. Best is trial 4 with value: 5.458825701614732.
[I 2026-05-28 22:08:34,753] Trial 39 finished with value: 16.00779741662391 and parameters: {'ISTN': 83.3336399405815, 'I_gpe': 1.5817148882029863, 'I_gpi': 3.9831341461290783, 'noise_stn_sigma': 6.039180638843306, 'noise_gpe_sigma': 126.46902872975369, 'noise_gpi_sigma': 116.16369943024814, 'g_stn_gpe_mult': 3.268804857722031, 'g_gpe_stn_mult': 0.48661184775074695, 'g_stn_gpi_mult': 3.5054589133242064, 'g_gpe_gpi_mult': 0.8696199648592662}. Best is trial 4 with value: 5.458825701614732.
[I 2026-05-28 22:08:35,798] Trial 40 finished with value: 21.91571653241661 and parameters: {'ISTN': 95.94693023937256, 'I_gpe': 1.474855089713088, 'I_gpi': 3.991593580334642, 'noise_stn_sigma': 5.145673663758457, 'noise_gpe_sigma': 132.6222107106732, 'noise_gpi_sigma': 122.7217192904129, 'g_stn_gpe_mult': 3.701827012859013, 'g_gpe_stn_mult': 0.28638798480968364, 'g_stn_gpi_mult': 3.5498306666144144, 'g_gpe_gpi_mult': 0.8072455641025691}. Best is trial 4 with value: 5.458825701614732.
[I 2026-05-28 22:08:36,842] Trial 41 finished with value: 14.358015612770313 and parameters: {'ISTN': 81.61801028950086, 'I_gpe': 1.9820000302392726, 'I_gpi': 3.1173270206738537, 'noise_stn_sigma': 5.254172077150086, 'noise_gpe_sigma': 77.61377235411787, 'noise_gpi_sigma': 125.33476021378192, 'g_stn_gpe_mult': 3.5919080940539048, 'g_gpe_stn_mult': 0.11030693866941285, 'g_stn_gpi_mult': 2.7696043124444025, 'g_gpe_gpi_mult': 0.8176898213191912}. Best is trial 4 with value: 5.458825701614732.
[I 2026-05-28 22:08:37,884] Trial 42 finished with value: 22.930672290373597 and parameters: {'ISTN': 91.45075605880496, 'I_gpe': 2.8208518476051854, 'I_gpi': 4.3981261557512115, 'noise_stn_sigma': 4.7996699087044465, 'noise_gpe_sigma': 90.65858017232401, 'noise_gpi_sigma': 98.18430380102407, 'g_stn_gpe_mult': 2.4859554379983075, 'g_gpe_stn_mult': 0.3959057855223288, 'g_stn_gpi_mult': 3.5304254352355873, 'g_gpe_gpi_mult': 0.7535549977188896}. Best is trial 4 with value: 5.458825701614732.
[I 2026-05-28 22:08:38,928] Trial 43 finished with value: 18.00592207824418 and parameters: {'ISTN': 74.40764563151865, 'I_gpe': 3.081281079674297, 'I_gpi': 3.1820098929487135, 'noise_stn_sigma': 2.817586514122288, 'noise_gpe_sigma': 60.58307029822217, 'noise_gpi_sigma': 105.06312560366605, 'g_stn_gpe_mult': 2.8779955900726137, 'g_gpe_stn_mult': 0.3875109079843285, 'g_stn_gpi_mult': 3.3063152651454253, 'g_gpe_gpi_mult': 0.8138716764789737}. Best is trial 4 with value: 5.458825701614732.
