[I 2026-05-28 22:00:01,044] Trial 528 finished with value: 0.1340402175188656 and parameters: {'ISTN': 61.133335080297485, 'I_gpe': 1.3705111647171253, 'I_gpi': 2.4549419016780254, 'noise_stn_sigma': 3.1165324099999454, 'noise_gpe_sigma': 104.26216809318123, 'noise_gpi_sigma': 83.35447665403065, 'g_stn_gpe_mult': 3.9781935192978284, 'g_gpe_stn_mult': 0.1294885468946713, 'g_stn_gpi_mult': 1.687894919653947, 'g_gpe_gpi_mult': 0.7059827241389907}. Best is trial 522 with value: 0.117843610724915.
[I 2026-05-28 22:00:02,023] Trial 529 finished with value: 0.1229455230281869 and parameters: {'ISTN': 61.263952228905545, 'I_gpe': 1.3988856448857467, 'I_gpi': 2.389769489518563, 'noise_stn_sigma': 2.8067586551625148, 'noise_gpe_sigma': 105.14863371356142, 'noise_gpi_sigma': 80.72773112804944, 'g_stn_gpe_mult': 3.944040687068835, 'g_gpe_stn_mult': 0.11648910178615927, 'g_stn_gpi_mult': 1.7050039067206768, 'g_gpe_gpi_mult': 0.6991716177223466}. Best is trial 522 with value: 0.117843610724915.
[I 2026-05-28 22:00:03,004] Trial 530 finished with value: 0.12505590006110237 and parameters: {'ISTN': 61.27504522609082, 'I_gpe': 1.4037757137747031, 'I_gpi': 2.3676144816887543, 'noise_stn_sigma': 3.270866753627619, 'noise_gpe_sigma': 103.94948759861714, 'noise_gpi_sigma': 80.71328632908732, 'g_stn_gpe_mult': 3.999388733215233, 'g_gpe_stn_mult': 0.1454551250233216, 'g_stn_gpi_mult': 1.7323120432374983, 'g_gpe_gpi_mult': 0.7060616918676419}. Best is trial 522 with value: 0.117843610724915.
[I 2026-05-28 22:00:03,984] Trial 531 finished with value: 0.12688126568984148 and parameters: {'ISTN': 61.6874135111901, 'I_gpe': 1.2742755104842725, 'I_gpi': 2.3677187865696023, 'noise_stn_sigma': 3.1243247162523704, 'noise_gpe_sigma': 108.6513507603704, 'noise_gpi_sigma': 79.8132970286874, 'g_stn_gpe_mult': 3.874413398294428, 'g_gpe_stn_mult': 0.13306633055957703, 'g_stn_gpi_mult': 1.70979978254241, 'g_gpe_gpi_mult': 0.708892494873544}. Best is trial 522 with value: 0.117843610724915.
[I 2026-05-28 22:00:04,962] Trial 532 finished with value: 0.12143087108290603 and parameters: {'ISTN': 60.29962951815214, 'I_gpe': 1.4621017951312065, 'I_gpi': 2.312995970389489, 'noise_stn_sigma': 3.1835867230496295, 'noise_gpe_sigma': 104.59483726395537, 'noise_gpi_sigma': 83.46501558032367, 'g_stn_gpe_mult': 3.8789686963800887, 'g_gpe_stn_mult': 0.13788260202732353, 'g_stn_gpi_mult': 1.7438422977082517, 'g_gpe_gpi_mult': 0.6957677302688563}. Best is trial 522 with value: 0.117843610724915.
[I 2026-05-28 22:00:05,941] Trial 533 finished with value: 0.12085267731059851 and parameters: {'ISTN': 61.26993947768525, 'I_gpe': 1.407049394716212, 'I_gpi': 2.382795171908959, 'noise_stn_sigma': 3.151191578109567, 'noise_gpe_sigma': 108.58196553818365, 'noise_gpi_sigma': 83.24004462133965, 'g_stn_gpe_mult': 3.7398765622252776, 'g_gpe_stn_mult': 0.12666086396587856, 'g_stn_gpi_mult': 1.6982403562597077, 'g_gpe_gpi_mult': 0.7197863713667063}. Best is trial 522 with value: 0.117843610724915.
[I 2026-05-28 22:00:06,921] Trial 534 finished with value: 0.11893138750955899 and parameters: {'ISTN': 61.149791797782996, 'I_gpe': 1.3437000665654433, 'I_gpi': 2.364820155941207, 'noise_stn_sigma': 3.337108222715421, 'noise_gpe_sigma': 104.60248093517623, 'noise_gpi_sigma': 81.60356988642025, 'g_stn_gpe_mult': 3.6557572519219033, 'g_gpe_stn_mult': 0.124971835935603, 'g_stn_gpi_mult': 1.7345914732582206, 'g_gpe_gpi_mult': 0.7038608851237838}. Best is trial 522 with value: 0.117843610724915.
[I 2026-05-28 22:00:07,898] Trial 535 finished with value: 0.12087121185361606 and parameters: {'ISTN': 60.52024173248356, 'I_gpe': 1.375798606079749, 'I_gpi': 2.417062884108501, 'noise_stn_sigma': 3.1661855174594216, 'noise_gpe_sigma': 105.79503554763362, 'noise_gpi_sigma': 82.63045875500944, 'g_stn_gpe_mult': 3.7276765589379264, 'g_gpe_stn_mult': 0.12865193875755332, 'g_stn_gpi_mult': 1.5949646196033376, 'g_gpe_gpi_mult': 0.7346413689857332}. Best is trial 522 with value: 0.117843610724915.
[I 2026-05-28 22:00:08,877] Trial 536 finished with value: 0.12160173012334713 and parameters: {'ISTN': 60.126779451899, 'I_gpe': 1.3807225777334666, 'I_gpi': 2.3341891505799266, 'noise_stn_sigma': 3.1887529770483787, 'noise_gpe_sigma': 108.56917751332918, 'noise_gpi_sigma': 78.84163223714967, 'g_stn_gpe_mult': 3.6759398480098584, 'g_gpe_stn_mult': 0.10639247386649635, 'g_stn_gpi_mult': 1.7960842022603556, 'g_gpe_gpi_mult': 0.7066253099778876}. Best is trial 522 with value: 0.117843610724915.
[I 2026-05-28 22:00:09,859] Trial 537 finished with value: 0.1214653427856947 and parameters: {'ISTN': 61.0298674811716, 'I_gpe': 1.3935875323737772, 'I_gpi': 2.364540831874711, 'noise_stn_sigma': 3.001839512767679, 'noise_gpe_sigma': 108.73106470188917, 'noise_gpi_sigma': 77.32162301635222, 'g_stn_gpe_mult': 3.911261749899197, 'g_gpe_stn_mult': 0.133939458307829, 'g_stn_gpi_mult': 1.705055683386543, 'g_gpe_gpi_mult': 0.6548102452741652}. Best is trial 522 with value: 0.117843610724915.
[I 2026-05-28 22:00:10,840] Trial 538 finished with value: 0.1220404421696499 and parameters: {'ISTN': 61.20614753207705, 'I_gpe': 1.3995775073958763, 'I_gpi': 2.342894962056718, 'noise_stn_sigma': 3.2711927684962037, 'noise_gpe_sigma': 107.71145287602475, 'noise_gpi_sigma': 76.92264866428013, 'g_stn_gpe_mult': 3.7772355318050073, 'g_gpe_stn_mult': 0.12291994904572673, 'g_stn_gpi_mult': 1.6880373093751035, 'g_gpe_gpi_mult': 0.7092817655041184}. Best is trial 522 with value: 0.117843610724915.
[I 2026-05-28 22:00:11,818] Trial 539 finished with value: 1.3571113605668894 and parameters: {'ISTN': 60.362351484363614, 'I_gpe': 1.2799397148376161, 'I_gpi': 2.3660983836489073, 'noise_stn_sigma': 3.342215534496836, 'noise_gpe_sigma': 104.23624893667659, 'noise_gpi_sigma': 83.81761475589383, 'g_stn_gpe_mult': 3.889275087839308, 'g_gpe_stn_mult': 0.12429320132573538, 'g_stn_gpi_mult': 1.702747200592877, 'g_gpe_gpi_mult': 0.7191470688537174}. Best is trial 522 with value: 0.117843610724915.
[I 2026-05-28 22:00:12,798] Trial 540 finished with value: 0.12795283356176232 and parameters: {'ISTN': 61.47034978910995, 'I_gpe': 1.372451691824839, 'I_gpi': 2.438386241456271, 'noise_stn_sigma': 2.836942310315136, 'noise_gpe_sigma': 103.62577817983477, 'noise_gpi_sigma': 80.47242976463772, 'g_stn_gpe_mult': 3.7660296014463053, 'g_gpe_stn_mult': 0.11960714218813508, 'g_stn_gpi_mult': 1.6471853886174532, 'g_gpe_gpi_mult': 0.6975503573918901}. Best is trial 522 with value: 0.117843610724915.
[I 2026-05-28 22:00:13,778] Trial 541 finished with value: 0.12587704957652981 and parameters: {'ISTN': 61.8588804051419, 'I_gpe': 1.3569786655654956, 'I_gpi': 2.3799406066463926, 'noise_stn_sigma': 2.809327882510994, 'noise_gpe_sigma': 102.54532833067474, 'noise_gpi_sigma': 82.01745310393156, 'g_stn_gpe_mult': 3.852736887196005, 'g_gpe_stn_mult': 0.12940334641429782, 'g_stn_gpi_mult': 1.685522283075819, 'g_gpe_gpi_mult': 0.7027785600285414}. Best is trial 522 with value: 0.117843610724915.
[I 2026-05-28 22:00:14,760] Trial 542 finished with value: 0.11927581787391026 and parameters: {'ISTN': 61.26306255664753, 'I_gpe': 1.3926779233635143, 'I_gpi': 2.338834143378199, 'noise_stn_sigma': 3.162174949473805, 'noise_gpe_sigma': 105.8765718061421, 'noise_gpi_sigma': 81.45331569337785, 'g_stn_gpe_mult': 3.732757366395644, 'g_gpe_stn_mult': 0.12294985993836555, 'g_stn_gpi_mult': 1.6489659526255722, 'g_gpe_gpi_mult': 0.6819065913296183}. Best is trial 522 with value: 0.117843610724915.
[I 2026-05-28 22:00:15,741] Trial 543 finished with value: 0.1226818509621545 and parameters: {'ISTN': 60.576466587740484, 'I_gpe': 1.2884472842493162, 'I_gpi': 2.260512903292506, 'noise_stn_sigma': 3.2419246315531183, 'noise_gpe_sigma': 106.18857521019451, 'noise_gpi_sigma': 87.19195421191593, 'g_stn_gpe_mult': 3.656342183348355, 'g_gpe_stn_mult': 0.12517549683200735, 'g_stn_gpi_mult': 1.644710332902803, 'g_gpe_gpi_mult': 0.7177796381019506}. Best is trial 522 with value: 0.117843610724915.
[I 2026-05-28 22:00:16,722] Trial 544 finished with value: 0.12102740597832441 and parameters: {'ISTN': 60.984075332201854, 'I_gpe': 1.3879673676658135, 'I_gpi': 2.408025482474165, 'noise_stn_sigma': 3.1430056478189634, 'noise_gpe_sigma': 104.23615672811195, 'noise_gpi_sigma': 82.85323832082499, 'g_stn_gpe_mult': 3.6822441993803365, 'g_gpe_stn_mult': 0.11023968829212631, 'g_stn_gpi_mult': 1.7671972379804035, 'g_gpe_gpi_mult': 0.7170572968981006}. Best is trial 522 with value: 0.117843610724915.
[I 2026-05-28 22:00:17,703] Trial 545 finished with value: 0.12104087364854713 and parameters: {'ISTN': 61.424947728004845, 'I_gpe': 1.3191054919626024, 'I_gpi': 2.3664720691295917, 'noise_stn_sigma': 3.191881329476648, 'noise_gpe_sigma': 100.98826792376272, 'noise_gpi_sigma': 84.30571184868285, 'g_stn_gpe_mult': 3.7881482121077217, 'g_gpe_stn_mult': 0.11498304871593731, 'g_stn_gpi_mult': 1.6686594952959939, 'g_gpe_gpi_mult': 0.7062748860200974}. Best is trial 522 with value: 0.117843610724915.
[I 2026-05-28 22:00:18,684] Trial 546 finished with value: 0.14928331733683123 and parameters: {'ISTN': 61.90791915687876, 'I_gpe': 1.2815246568200418, 'I_gpi': 2.3841369158297945, 'noise_stn_sigma': 3.3994366046089453, 'noise_gpe_sigma': 104.6647830447159, 'noise_gpi_sigma': 84.39791428265283, 'g_stn_gpe_mult': 3.6608833530836637, 'g_gpe_stn_mult': 0.16338279210126927, 'g_stn_gpi_mult': 1.733652268205102, 'g_gpe_gpi_mult': 0.7327523090915895}. Best is trial 522 with value: 0.117843610724915.
[I 2026-05-28 22:00:19,603] Trial 547 finished with value: 1000000.0 and parameters: {'ISTN': 61.28964408755782, 'I_gpe': 1.4301212243925392, 'I_gpi': 2.3950264549953832, 'noise_stn_sigma': 3.099749210196678, 'noise_gpe_sigma': 102.74626319684714, 'noise_gpi_sigma': 81.32035057001855, 'g_stn_gpe_mult': 3.731156189139769, 'g_gpe_stn_mult': 0.12243108531415312, 'g_stn_gpi_mult': 1.7195408616726622, 'g_gpe_gpi_mult': 0.7040914074077094}. Best is trial 522 with value: 0.117843610724915.
[I 2026-05-28 22:00:20,584] Trial 548 finished with value: 0.12610881654137887 and parameters: {'ISTN': 61.22377637881421, 'I_gpe': 1.4301335535945254, 'I_gpi': 2.4741042322609546, 'noise_stn_sigma': 3.249425258382218, 'noise_gpe_sigma': 105.10232018642922, 'noise_gpi_sigma': 84.10143037630135, 'g_stn_gpe_mult': 3.6682760492167796, 'g_gpe_stn_mult': 0.11011526693840028, 'g_stn_gpi_mult': 1.7402370086835277, 'g_gpe_gpi_mult': 0.746968161906864}. Best is trial 522 with value: 0.117843610724915.
[I 2026-05-28 22:00:21,564] Trial 549 finished with value: 0.12290285986648308 and parameters: {'ISTN': 60.68949396064007, 'I_gpe': 1.4153875721143536, 'I_gpi': 2.405454345094383, 'noise_stn_sigma': 3.2590714681658004, 'noise_gpe_sigma': 104.85735743504114, 'noise_gpi_sigma': 80.71196333298073, 'g_stn_gpe_mult': 3.741389787989879, 'g_gpe_stn_mult': 0.13580367931509968, 'g_stn_gpi_mult': 1.7002578422493317, 'g_gpe_gpi_mult': 0.6937898483107432}. Best is trial 522 with value: 0.117843610724915.
[I 2026-05-28 22:00:22,545] Trial 550 finished with value: 0.8947934764880485 and parameters: {'ISTN': 60.080640974996484, 'I_gpe': 1.2792936121071565, 'I_gpi': 2.4358697349169187, 'noise_stn_sigma': 3.0776501620585073, 'noise_gpe_sigma': 103.76023825411254, 'noise_gpi_sigma': 80.99947833971135, 'g_stn_gpe_mult': 3.6490503157674334, 'g_gpe_stn_mult': 0.14251323696217125, 'g_stn_gpi_mult': 1.675050402868868, 'g_gpe_gpi_mult': 0.7239255800452649}. Best is trial 522 with value: 0.117843610724915.
[I 2026-05-28 22:00:23,525] Trial 551 finished with value: 0.13077110666967684 and parameters: {'ISTN': 61.7902591765377, 'I_gpe': 1.3190341123951506, 'I_gpi': 2.4823940706776506, 'noise_stn_sigma': 2.986416049741135, 'noise_gpe_sigma': 103.69912495118984, 'noise_gpi_sigma': 83.84069273279216, 'g_stn_gpe_mult': 3.7432514754227744, 'g_gpe_stn_mult': 0.12566496305576955, 'g_stn_gpi_mult': 1.729670490150899, 'g_gpe_gpi_mult': 0.7158094003515842}. Best is trial 522 with value: 0.117843610724915.
[I 2026-05-28 22:00:24,507] Trial 552 finished with value: 0.12131274255572373 and parameters: {'ISTN': 61.801325961116625, 'I_gpe': 1.3779544416925444, 'I_gpi': 2.3662616235834704, 'noise_stn_sigma': 3.0712075676274297, 'noise_gpe_sigma': 104.398321579961, 'noise_gpi_sigma': 82.69522686255326, 'g_stn_gpe_mult': 3.7426412672816607, 'g_gpe_stn_mult': 0.1093751355832181, 'g_stn_gpi_mult': 1.6862422629516591, 'g_gpe_gpi_mult': 0.681864867106085}. Best is trial 522 with value: 0.117843610724915.
[I 2026-05-28 22:00:25,488] Trial 553 finished with value: 0.1412385538486866 and parameters: {'ISTN': 62.74967933136377, 'I_gpe': 1.3532667782111125, 'I_gpi': 2.320560840591255, 'noise_stn_sigma': 3.0604578558082163, 'noise_gpe_sigma': 107.80484471893405, 'noise_gpi_sigma': 87.14983657611792, 'g_stn_gpe_mult': 3.7459636547285875, 'g_gpe_stn_mult': 0.12682572212872753, 'g_stn_gpi_mult': 1.6967847235332125, 'g_gpe_gpi_mult': 0.7025551401890635}. Best is trial 522 with value: 0.117843610724915.
[I 2026-05-28 22:00:26,469] Trial 554 finished with value: 0.12583722815567117 and parameters: {'ISTN': 61.38644506094222, 'I_gpe': 1.3646967348822485, 'I_gpi': 2.4383121993394195, 'noise_stn_sigma': 3.0173285052456733, 'noise_gpe_sigma': 104.26359665540738, 'noise_gpi_sigma': 83.52120956562564, 'g_stn_gpe_mult': 3.589222145588145, 'g_gpe_stn_mult': 0.12823721779474823, 'g_stn_gpi_mult': 1.686502135353913, 'g_gpe_gpi_mult': 0.6814102196928886}. Best is trial 522 with value: 0.117843610724915.
[I 2026-05-28 22:00:27,447] Trial 555 finished with value: 0.11820590520293531 and parameters: {'ISTN': 60.81764627356002, 'I_gpe': 1.3984092736673976, 'I_gpi': 2.3383176628418, 'noise_stn_sigma': 3.0968234512671096, 'noise_gpe_sigma': 109.01774974567743, 'noise_gpi_sigma': 84.44121525502402, 'g_stn_gpe_mult': 3.6474028473673874, 'g_gpe_stn_mult': 0.12247814583419435, 'g_stn_gpi_mult': 1.7350191309817453, 'g_gpe_gpi_mult': 0.7064065659274219}. Best is trial 522 with value: 0.117843610724915.
[I 2026-05-28 22:00:28,425] Trial 556 finished with value: 0.1379707314645948 and parameters: {'ISTN': 61.61608895104246, 'I_gpe': 1.343539332172006, 'I_gpi': 2.384415413790853, 'noise_stn_sigma': 3.0336443130999844, 'noise_gpe_sigma': 106.25845145427772, 'noise_gpi_sigma': 82.15269113642735, 'g_stn_gpe_mult': 3.630437102837968, 'g_gpe_stn_mult': 0.11578480155648416, 'g_stn_gpi_mult': 1.6038966061680373, 'g_gpe_gpi_mult': 0.6938925571913042}. Best is trial 522 with value: 0.117843610724915.
[I 2026-05-28 22:00:29,404] Trial 557 finished with value: 0.12514259516933607 and parameters: {'ISTN': 61.23446572679987, 'I_gpe': 1.4134486612013615, 'I_gpi': 2.4104018444271147, 'noise_stn_sigma': 3.398509987980305, 'noise_gpe_sigma': 109.46081730198121, 'noise_gpi_sigma': 78.32549609715292, 'g_stn_gpe_mult': 3.6842671948037378, 'g_gpe_stn_mult': 0.11532919355128946, 'g_stn_gpi_mult': 1.673597021381371, 'g_gpe_gpi_mult': 0.6992833139874157}. Best is trial 522 with value: 0.117843610724915.
[I 2026-05-28 22:00:30,384] Trial 558 finished with value: 0.11988582058464123 and parameters: {'ISTN': 60.20507189358194, 'I_gpe': 1.4209430346152399, 'I_gpi': 2.3739776695895816, 'noise_stn_sigma': 3.2822085371733167, 'noise_gpe_sigma': 102.42975153289817, 'noise_gpi_sigma': 81.89920572604592, 'g_stn_gpe_mult': 3.769314668434531, 'g_gpe_stn_mult': 0.1330570529786988, 'g_stn_gpi_mult': 1.700004219237451, 'g_gpe_gpi_mult': 0.7202290885930918}. Best is trial 522 with value: 0.117843610724915.
[I 2026-05-28 22:00:31,362] Trial 559 finished with value: 0.1283578330212736 and parameters: {'ISTN': 62.181784100323995, 'I_gpe': 1.3745065507204581, 'I_gpi': 2.3411079787958267, 'noise_stn_sigma': 2.9699010665580867, 'noise_gpe_sigma': 102.2202340904554, 'noise_gpi_sigma': 88.48519759894677, 'g_stn_gpe_mult': 3.7392478787265397, 'g_gpe_stn_mult': 0.12437124378236872, 'g_stn_gpi_mult': 1.7478054193640147, 'g_gpe_gpi_mult': 0.7123906809588516}. Best is trial 522 with value: 0.117843610724915.
[I 2026-05-28 22:00:32,342] Trial 560 finished with value: 0.11913030161428932 and parameters: {'ISTN': 61.37100109401946, 'I_gpe': 1.3535528830080814, 'I_gpi': 2.306099011473333, 'noise_stn_sigma': 3.005139440653831, 'noise_gpe_sigma': 104.17480462112282, 'noise_gpi_sigma': 90.37007604956337, 'g_stn_gpe_mult': 3.6394694303623414, 'g_gpe_stn_mult': 0.12914779333033471, 'g_stn_gpi_mult': 1.6432468175987824, 'g_gpe_gpi_mult': 0.7020068571643514}. Best is trial 522 with value: 0.117843610724915.
[I 2026-05-28 22:00:33,321] Trial 561 finished with value: 0.12589564639486572 and parameters: {'ISTN': 61.49817348199078, 'I_gpe': 1.4269297917745176, 'I_gpi': 2.3752181155434733, 'noise_stn_sigma': 3.2399616438428405, 'noise_gpe_sigma': 105.99061957017602, 'noise_gpi_sigma': 84.67945363941367, 'g_stn_gpe_mult': 3.692421805367611, 'g_gpe_stn_mult': 0.13643735776239688, 'g_stn_gpi_mult': 1.7181037282011586, 'g_gpe_gpi_mult': 0.7075583138021431}. Best is trial 522 with value: 0.117843610724915.
[I 2026-05-28 22:00:34,300] Trial 562 finished with value: 0.12009560056906557 and parameters: {'ISTN': 60.445329108824154, 'I_gpe': 1.302306032520431, 'I_gpi': 2.2885873607799323, 'noise_stn_sigma': 2.9764169262566478, 'noise_gpe_sigma': 103.0678981961121, 'noise_gpi_sigma': 84.1369834581245, 'g_stn_gpe_mult': 3.6630305273831425, 'g_gpe_stn_mult': 0.1461437115635478, 'g_stn_gpi_mult': 1.6737782076989483, 'g_gpe_gpi_mult': 0.6704643655423987}. Best is trial 522 with value: 0.117843610724915.
[I 2026-05-28 22:00:35,282] Trial 563 finished with value: 0.11967776288809387 and parameters: {'ISTN': 60.574414394031415, 'I_gpe': 1.4089066111037818, 'I_gpi': 2.3460022798277684, 'noise_stn_sigma': 3.0593368324238086, 'noise_gpe_sigma': 104.82254800303242, 'noise_gpi_sigma': 83.54835879413365, 'g_stn_gpe_mult': 3.7015033103781634, 'g_gpe_stn_mult': 0.13623880085303192, 'g_stn_gpi_mult': 1.724018072752759, 'g_gpe_gpi_mult': 0.7054351680194639}. Best is trial 522 with value: 0.117843610724915.
[I 2026-05-28 22:00:36,264] Trial 564 finished with value: 0.12109506257432806 and parameters: {'ISTN': 61.54135206582991, 'I_gpe': 1.367519390776455, 'I_gpi': 2.350161503731537, 'noise_stn_sigma': 3.0226412619713647, 'noise_gpe_sigma': 105.6002752209859, 'noise_gpi_sigma': 85.5319816065309, 'g_stn_gpe_mult': 3.7508319329529263, 'g_gpe_stn_mult': 0.11808522648645671, 'g_stn_gpi_mult': 1.7038034477946744, 'g_gpe_gpi_mult': 0.6763052789360309}. Best is trial 522 with value: 0.117843610724915.
[I 2026-05-28 22:00:37,242] Trial 565 finished with value: 0.1221877768822941 and parameters: {'ISTN': 61.073108695977425, 'I_gpe': 1.4476617077162675, 'I_gpi': 2.3211509251308695, 'noise_stn_sigma': 3.1544769181762655, 'noise_gpe_sigma': 105.12247261874016, 'noise_gpi_sigma': 86.6774552693668, 'g_stn_gpe_mult': 3.7065665128946783, 'g_gpe_stn_mult': 0.13212490386109937, 'g_stn_gpi_mult': 1.6926369243231436, 'g_gpe_gpi_mult': 0.7070280804540705}. Best is trial 522 with value: 0.117843610724915.
[I 2026-05-28 22:00:38,224] Trial 566 finished with value: 0.11867631490584019 and parameters: {'ISTN': 61.19360976679218, 'I_gpe': 1.3757082565769756, 'I_gpi': 2.3478085920681306, 'noise_stn_sigma': 2.9978760693002307, 'noise_gpe_sigma': 107.02970107477894, 'noise_gpi_sigma': 83.03064133195188, 'g_stn_gpe_mult': 3.8142286655469158, 'g_gpe_stn_mult': 0.11605294306076075, 'g_stn_gpi_mult': 1.759210499925079, 'g_gpe_gpi_mult': 0.7187490069061542}. Best is trial 522 with value: 0.117843610724915.
[I 2026-05-28 22:00:39,203] Trial 567 finished with value: 0.12170362030432805 and parameters: {'ISTN': 60.63745943085977, 'I_gpe': 1.380066631131085, 'I_gpi': 2.426920776862017, 'noise_stn_sigma': 3.065669293642626, 'noise_gpe_sigma': 108.37940664368696, 'noise_gpi_sigma': 86.31391554568944, 'g_stn_gpe_mult': 3.6326079646127845, 'g_gpe_stn_mult': 0.14943873661590767, 'g_stn_gpi_mult': 1.668181988079679, 'g_gpe_gpi_mult': 0.7124128840085195}. Best is trial 522 with value: 0.117843610724915.
[I 2026-05-28 22:00:40,184] Trial 568 finished with value: 0.120021966228464 and parameters: {'ISTN': 60.0002260668654, 'I_gpe': 1.427478140957816, 'I_gpi': 2.2677136267212434, 'noise_stn_sigma': 3.3462503770773164, 'noise_gpe_sigma': 106.84769006703635, 'noise_gpi_sigma': 83.99500132353779, 'g_stn_gpe_mult': 3.707482199595051, 'g_gpe_stn_mult': 0.12505557332005243, 'g_stn_gpi_mult': 1.7466871861746376, 'g_gpe_gpi_mult': 0.6762392484519137}. Best is trial 522 with value: 0.117843610724915.
[I 2026-05-28 22:00:41,165] Trial 569 finished with value: 0.1189710764266424 and parameters: {'ISTN': 60.922306850660846, 'I_gpe': 1.4040340175818922, 'I_gpi': 2.3012379423925293, 'noise_stn_sigma': 3.0906198576569732, 'noise_gpe_sigma': 104.64377684549643, 'noise_gpi_sigma': 86.82656854461375, 'g_stn_gpe_mult': 3.7547405509035743, 'g_gpe_stn_mult': 0.1380949553503812, 'g_stn_gpi_mult': 1.7173154872816427, 'g_gpe_gpi_mult': 0.7276775586235755}. Best is trial 522 with value: 0.117843610724915.
[I 2026-05-28 22:00:42,149] Trial 570 finished with value: 0.12303577407611685 and parameters: {'ISTN': 61.57272830312644, 'I_gpe': 1.3226905416215144, 'I_gpi': 2.406397181941652, 'noise_stn_sigma': 3.0977843313560305, 'noise_gpe_sigma': 106.20622077297338, 'noise_gpi_sigma': 83.67745211835589, 'g_stn_gpe_mult': 3.610099386754618, 'g_gpe_stn_mult': 0.12918057127550173, 'g_stn_gpi_mult': 1.7467996051817387, 'g_gpe_gpi_mult': 0.7160370143983517}. Best is trial 522 with value: 0.117843610724915.
[I 2026-05-28 22:00:43,132] Trial 571 finished with value: 0.12014523359109326 and parameters: {'ISTN': 60.57224559193194, 'I_gpe': 1.4064421347501042, 'I_gpi': 2.2776197356763395, 'noise_stn_sigma': 3.091185109483285, 'noise_gpe_sigma': 108.72947285566495, 'noise_gpi_sigma': 82.85598003955573, 'g_stn_gpe_mult': 3.745442503266486, 'g_gpe_stn_mult': 0.12870367894648665, 'g_stn_gpi_mult': 1.7204444129542171, 'g_gpe_gpi_mult': 0.6871046031666274}. Best is trial 522 with value: 0.117843610724915.
