[I 2026-05-28 21:35:55,084] Trial 88 finished with value: 14.16723485552932 and parameters: {'ISTN': 69.68234150971251, 'I_gpe': 1.8245838987833698, 'I_gpi': 1.4890872829418866, 'noise_stn_sigma': 4.93637535673168, 'noise_gpe_sigma': 39.59991437289186, 'noise_gpi_sigma': 125.72618182284404, 'g_stn_gpe_mult': 2.8062701333414064, 'g_gpe_stn_mult': 0.1492963860459644, 'g_stn_gpi_mult': 2.6982541542406344, 'g_gpe_gpi_mult': 0.5944230114292217}. Best is trial 59 with value: 0.47094151913533877.
[I 2026-05-28 21:35:56,090] Trial 89 finished with value: 1.3613812548163937 and parameters: {'ISTN': 62.480716595469104, 'I_gpe': 1.8274291366320266, 'I_gpi': 1.0669151090311704, 'noise_stn_sigma': 4.13714430697457, 'noise_gpe_sigma': 91.84702808573408, 'noise_gpi_sigma': 111.24453951287093, 'g_stn_gpe_mult': 4.383823127447019, 'g_gpe_stn_mult': 0.1556562520400914, 'g_stn_gpi_mult': 2.020486661299593, 'g_gpe_gpi_mult': 0.5365901660659412}. Best is trial 59 with value: 0.47094151913533877.
[I 2026-05-28 21:35:57,097] Trial 90 finished with value: 17.531779990953556 and parameters: {'ISTN': 83.83776234447808, 'I_gpe': 1.8894809268656272, 'I_gpi': 1.7712938288222626, 'noise_stn_sigma': 3.7862206908798237, 'noise_gpe_sigma': 84.10262090426895, 'noise_gpi_sigma': 102.50685716186729, 'g_stn_gpe_mult': 3.0736026963951453, 'g_gpe_stn_mult': 0.3194786443948222, 'g_stn_gpi_mult': 3.221606230130733, 'g_gpe_gpi_mult': 0.6600974884500823}. Best is trial 59 with value: 0.47094151913533877.
[I 2026-05-28 21:35:58,106] Trial 91 finished with value: 15.383247979696472 and parameters: {'ISTN': 72.48976263600932, 'I_gpe': 2.2359452467066037, 'I_gpi': 1.93987366471484, 'noise_stn_sigma': 2.4820422643269016, 'noise_gpe_sigma': 74.55678117999258, 'noise_gpi_sigma': 81.4452257822253, 'g_stn_gpe_mult': 4.596298154657676, 'g_gpe_stn_mult': 0.3882343699000266, 'g_stn_gpi_mult': 2.8394012069234966, 'g_gpe_gpi_mult': 0.3791761411691642}. Best is trial 59 with value: 0.47094151913533877.
[I 2026-05-28 21:35:59,113] Trial 92 finished with value: 18.169448311377195 and parameters: {'ISTN': 75.60084940569554, 'I_gpe': 2.8832784296583513, 'I_gpi': 2.139744124888739, 'noise_stn_sigma': 2.4503182049022456, 'noise_gpe_sigma': 69.90976984746804, 'noise_gpi_sigma': 94.15852475854413, 'g_stn_gpe_mult': 3.7264783153382046, 'g_gpe_stn_mult': 0.26858758446955905, 'g_stn_gpi_mult': 2.6599425828880263, 'g_gpe_gpi_mult': 0.419879862254323}. Best is trial 59 with value: 0.47094151913533877.
[I 2026-05-28 21:36:00,119] Trial 93 finished with value: 8.992715450622724 and parameters: {'ISTN': 74.18507798691442, 'I_gpe': 2.096599996286294, 'I_gpi': 1.472908583420298, 'noise_stn_sigma': 2.9716685494193733, 'noise_gpe_sigma': 70.43577788561308, 'noise_gpi_sigma': 87.23816916300466, 'g_stn_gpe_mult': 3.0314835009837564, 'g_gpe_stn_mult': 0.13105946288068573, 'g_stn_gpi_mult': 2.2382864251078174, 'g_gpe_gpi_mult': 0.22044848531974662}. Best is trial 59 with value: 0.47094151913533877.
[I 2026-05-28 21:36:01,126] Trial 94 finished with value: 13.5369686623118 and parameters: {'ISTN': 79.19279170220634, 'I_gpe': 1.8303477702675173, 'I_gpi': 1.73652396829003, 'noise_stn_sigma': 2.736256308058284, 'noise_gpe_sigma': 104.94519704984044, 'noise_gpi_sigma': 109.99390927697154, 'g_stn_gpe_mult': 4.275822244158261, 'g_gpe_stn_mult': 0.10084784643312045, 'g_stn_gpi_mult': 2.3175737107336234, 'g_gpe_gpi_mult': 0.3780809923090301}. Best is trial 59 with value: 0.47094151913533877.
[I 2026-05-28 21:36:02,133] Trial 95 finished with value: 19.03515094323505 and parameters: {'ISTN': 84.68702699798163, 'I_gpe': 2.6165290456828347, 'I_gpi': 1.6561026954525357, 'noise_stn_sigma': 1.7777007254427533, 'noise_gpe_sigma': 111.08846747541381, 'noise_gpi_sigma': 97.63191489171052, 'g_stn_gpe_mult': 3.829631743975009, 'g_gpe_stn_mult': 0.281935210528489, 'g_stn_gpi_mult': 2.953678268237676, 'g_gpe_gpi_mult': 0.47135978883831103}. Best is trial 59 with value: 0.47094151913533877.
[I 2026-05-28 21:36:03,141] Trial 96 finished with value: 15.732631016009847 and parameters: {'ISTN': 81.89312146531803, 'I_gpe': 2.3611223551406026, 'I_gpi': 1.458745938987938, 'noise_stn_sigma': 3.3528431241747323, 'noise_gpe_sigma': 96.84149013341828, 'noise_gpi_sigma': 104.73995456572842, 'g_stn_gpe_mult': 3.2420113557264574, 'g_gpe_stn_mult': 0.20579831215429234, 'g_stn_gpi_mult': 2.7432089304892027, 'g_gpe_gpi_mult': 0.4593669974519126}. Best is trial 59 with value: 0.47094151913533877.
[I 2026-05-28 21:36:04,149] Trial 97 finished with value: 12.933586777557434 and parameters: {'ISTN': 65.91653742999183, 'I_gpe': 2.534812798263931, 'I_gpi': 1.867084670809979, 'noise_stn_sigma': 2.9630160155904735, 'noise_gpe_sigma': 84.652339835904, 'noise_gpi_sigma': 121.38975623911405, 'g_stn_gpe_mult': 2.7934641848029518, 'g_gpe_stn_mult': 0.22722008432545562, 'g_stn_gpi_mult': 2.778323222331497, 'g_gpe_gpi_mult': 0.5507609075061453}. Best is trial 59 with value: 0.47094151913533877.
[I 2026-05-28 21:36:05,153] Trial 98 finished with value: 1.3823907242690237 and parameters: {'ISTN': 60.74651462146239, 'I_gpe': 1.7600229844544513, 'I_gpi': 1.5616253913506124, 'noise_stn_sigma': 4.218445076614385, 'noise_gpe_sigma': 112.41848584974606, 'noise_gpi_sigma': 136.2297261265844, 'g_stn_gpe_mult': 3.623610573293396, 'g_gpe_stn_mult': 0.231092604072741, 'g_stn_gpi_mult': 2.1563037223552506, 'g_gpe_gpi_mult': 0.5847432032790808}. Best is trial 59 with value: 0.47094151913533877.
[I 2026-05-28 21:36:06,162] Trial 99 finished with value: 0.24317854242390916 and parameters: {'ISTN': 60.10845371613403, 'I_gpe': 1.0877179739137808, 'I_gpi': 1.536996732943558, 'noise_stn_sigma': 3.416240400357766, 'noise_gpe_sigma': 86.99764616567157, 'noise_gpi_sigma': 83.83392750898383, 'g_stn_gpe_mult': 3.252146258216676, 'g_gpe_stn_mult': 0.259339617339294, 'g_stn_gpi_mult': 3.1194841119196166, 'g_gpe_gpi_mult': 0.2458645124580039}. Best is trial 99 with value: 0.24317854242390916.
[I 2026-05-28 21:36:07,171] Trial 100 finished with value: 8.70736865812723 and parameters: {'ISTN': 64.79640761083184, 'I_gpe': 1.966639207053508, 'I_gpi': 1.9523270439545966, 'noise_stn_sigma': 3.5803168654808966, 'noise_gpe_sigma': 34.37322094644777, 'noise_gpi_sigma': 99.00733663582623, 'g_stn_gpe_mult': 4.127432246920593, 'g_gpe_stn_mult': 0.18909178718640168, 'g_stn_gpi_mult': 2.1698198177857893, 'g_gpe_gpi_mult': 0.5193914075854591}. Best is trial 99 with value: 0.24317854242390916.
[I 2026-05-28 21:36:08,181] Trial 101 finished with value: 4.264549992518504 and parameters: {'ISTN': 64.74939873195396, 'I_gpe': 1.5180753830609621, 'I_gpi': 2.3550513646927724, 'noise_stn_sigma': 3.1255838490079246, 'noise_gpe_sigma': 105.5332961996539, 'noise_gpi_sigma': 140.2214486839723, 'g_stn_gpe_mult': 3.458643206713115, 'g_gpe_stn_mult': 0.29156074729259374, 'g_stn_gpi_mult': 2.1934710731514384, 'g_gpe_gpi_mult': 0.2819861474310299}. Best is trial 99 with value: 0.24317854242390916.
[I 2026-05-28 21:36:09,189] Trial 102 finished with value: 3.3099437997252017 and parameters: {'ISTN': 63.247090274359174, 'I_gpe': 1.366006065701698, 'I_gpi': 1.715604891836136, 'noise_stn_sigma': 2.1408415458518, 'noise_gpe_sigma': 98.0202555470211, 'noise_gpi_sigma': 90.91757560332803, 'g_stn_gpe_mult': 3.9046700174968634, 'g_gpe_stn_mult': 0.3187772286017931, 'g_stn_gpi_mult': 2.7394328139559625, 'g_gpe_gpi_mult': 0.3639874508828862}. Best is trial 99 with value: 0.24317854242390916.
[I 2026-05-28 21:36:10,195] Trial 103 finished with value: 13.120153801371417 and parameters: {'ISTN': 64.08543496277905, 'I_gpe': 2.370130444700041, 'I_gpi': 1.078689390157006, 'noise_stn_sigma': 4.505126555345926, 'noise_gpe_sigma': 97.97190457370944, 'noise_gpi_sigma': 114.53621290256069, 'g_stn_gpe_mult': 3.6387222167272864, 'g_gpe_stn_mult': 0.31116600011506523, 'g_stn_gpi_mult': 2.624406388833295, 'g_gpe_gpi_mult': 0.3494612321268352}. Best is trial 99 with value: 0.24317854242390916.
[I 2026-05-28 21:36:11,203] Trial 104 finished with value: 6.186032615362541 and parameters: {'ISTN': 68.32195263215611, 'I_gpe': 1.5409112278954082, 'I_gpi': 1.3175173288250983, 'noise_stn_sigma': 2.380000933710236, 'noise_gpe_sigma': 74.3931328133638, 'noise_gpi_sigma': 131.5996061671658, 'g_stn_gpe_mult': 2.8700935696942858, 'g_gpe_stn_mult': 0.17883847074496484, 'g_stn_gpi_mult': 2.66984093712699, 'g_gpe_gpi_mult': 0.4515081614970389}. Best is trial 99 with value: 0.24317854242390916.
[I 2026-05-28 21:36:12,211] Trial 105 finished with value: 15.442640579820159 and parameters: {'ISTN': 76.4441766856417, 'I_gpe': 2.114656878281698, 'I_gpi': 1.6286721919258387, 'noise_stn_sigma': 3.93196996406346, 'noise_gpe_sigma': 85.10838441699636, 'noise_gpi_sigma': 123.31909646110257, 'g_stn_gpe_mult': 3.3204752891434888, 'g_gpe_stn_mult': 0.30318818500490896, 'g_stn_gpi_mult': 3.3262785842944687, 'g_gpe_gpi_mult': 0.4822224871347201}. Best is trial 99 with value: 0.24317854242390916.
[I 2026-05-28 21:36:13,219] Trial 106 finished with value: 13.979098620296483 and parameters: {'ISTN': 65.6715882677881, 'I_gpe': 1.5639382236240917, 'I_gpi': 1.207198772011487, 'noise_stn_sigma': 4.286071005325191, 'noise_gpe_sigma': 64.47833942779535, 'noise_gpi_sigma': 129.58417586581476, 'g_stn_gpe_mult': 2.6310810330537047, 'g_gpe_stn_mult': 0.2241702439442968, 'g_stn_gpi_mult': 2.6412992660647596, 'g_gpe_gpi_mult': 0.45482281005283415}. Best is trial 99 with value: 0.24317854242390916.
[I 2026-05-28 21:36:14,226] Trial 107 finished with value: 14.773503218965551 and parameters: {'ISTN': 73.01395470328623, 'I_gpe': 1.867418623203885, 'I_gpi': 1.758304402061905, 'noise_stn_sigma': 4.408568642511987, 'noise_gpe_sigma': 83.64707552873419, 'noise_gpi_sigma': 82.60716257314246, 'g_stn_gpe_mult': 3.5688178209801724, 'g_gpe_stn_mult': 0.21111899108672483, 'g_stn_gpi_mult': 3.2383828742486305, 'g_gpe_gpi_mult': 0.25630245562461235}. Best is trial 99 with value: 0.24317854242390916.
[I 2026-05-28 21:36:15,231] Trial 108 finished with value: 10.639213847881166 and parameters: {'ISTN': 64.44860230638346, 'I_gpe': 2.1575360196710154, 'I_gpi': 1.966970591909251, 'noise_stn_sigma': 5.351036868539191, 'noise_gpe_sigma': 87.9179520244357, 'noise_gpi_sigma': 106.26780228740617, 'g_stn_gpe_mult': 3.277126946071827, 'g_gpe_stn_mult': 0.25534766857893, 'g_stn_gpi_mult': 3.119353287855295, 'g_gpe_gpi_mult': 0.3744594958302084}. Best is trial 99 with value: 0.24317854242390916.
[I 2026-05-28 21:36:16,237] Trial 109 finished with value: 0.30747135685012855 and parameters: {'ISTN': 60.652896597478325, 'I_gpe': 1.7781719331187773, 'I_gpi': 2.003937618325568, 'noise_stn_sigma': 3.739232751124048, 'noise_gpe_sigma': 72.7564067325242, 'noise_gpi_sigma': 125.06241746956003, 'g_stn_gpe_mult': 3.529297025357675, 'g_gpe_stn_mult': 0.1577297060716407, 'g_stn_gpi_mult': 2.425012751771048, 'g_gpe_gpi_mult': 0.600658451178383}. Best is trial 99 with value: 0.24317854242390916.
[I 2026-05-28 21:36:17,246] Trial 110 finished with value: 11.924980633177034 and parameters: {'ISTN': 67.9640665887211, 'I_gpe': 0.9731224848639572, 'I_gpi': 1.0496920442685242, 'noise_stn_sigma': 4.5896053368595515, 'noise_gpe_sigma': 96.51473011551033, 'noise_gpi_sigma': 126.52677741630353, 'g_stn_gpe_mult': 3.323532426512627, 'g_gpe_stn_mult': 0.2508031289393459, 'g_stn_gpi_mult': 2.644086220165285, 'g_gpe_gpi_mult': 0.4521656384191962}. Best is trial 99 with value: 0.24317854242390916.
[I 2026-05-28 21:36:18,254] Trial 111 finished with value: 14.889932194236598 and parameters: {'ISTN': 81.74375137550408, 'I_gpe': 2.0951460134998108, 'I_gpi': 2.021360905355365, 'noise_stn_sigma': 2.834221050532741, 'noise_gpe_sigma': 100.71603723125628, 'noise_gpi_sigma': 106.04212532381939, 'g_stn_gpe_mult': 3.455903766832537, 'g_gpe_stn_mult': 0.21478665452981505, 'g_stn_gpi_mult': 3.0058671080885295, 'g_gpe_gpi_mult': 0.42845468116706986}. Best is trial 99 with value: 0.24317854242390916.
[I 2026-05-28 21:36:19,261] Trial 112 finished with value: 0.4997160806696667 and parameters: {'ISTN': 60.62699756430924, 'I_gpe': 1.7311923705486967, 'I_gpi': 1.4103127671690576, 'noise_stn_sigma': 4.092528879757504, 'noise_gpe_sigma': 83.41446135584803, 'noise_gpi_sigma': 108.30212679236308, 'g_stn_gpe_mult': 4.163328895789941, 'g_gpe_stn_mult': 0.2313390227948767, 'g_stn_gpi_mult': 2.763363198076506, 'g_gpe_gpi_mult': 0.4884688947013179}. Best is trial 99 with value: 0.24317854242390916.
[I 2026-05-28 21:36:20,265] Trial 113 finished with value: 12.347054057191393 and parameters: {'ISTN': 67.70859046554003, 'I_gpe': 1.699725975241316, 'I_gpi': 2.3608672407676408, 'noise_stn_sigma': 2.072787074029419, 'noise_gpe_sigma': 71.51721885644616, 'noise_gpi_sigma': 99.87523867154202, 'g_stn_gpe_mult': 3.4148390630334333, 'g_gpe_stn_mult': 0.35138053497160815, 'g_stn_gpi_mult': 2.339483593286001, 'g_gpe_gpi_mult': 0.622287789096456}. Best is trial 99 with value: 0.24317854242390916.
[I 2026-05-28 21:36:21,271] Trial 114 finished with value: 7.808494238593094 and parameters: {'ISTN': 61.21936127714511, 'I_gpe': 2.1506790137182885, 'I_gpi': 2.2861975738191265, 'noise_stn_sigma': 4.941372875321052, 'noise_gpe_sigma': 96.21296380158023, 'noise_gpi_sigma': 119.158046200264, 'g_stn_gpe_mult': 2.5350289695396357, 'g_gpe_stn_mult': 0.21525723502670058, 'g_stn_gpi_mult': 3.4730166042686212, 'g_gpe_gpi_mult': 0.3618790524536873}. Best is trial 99 with value: 0.24317854242390916.
[I 2026-05-28 21:36:22,276] Trial 115 finished with value: 12.254156502530366 and parameters: {'ISTN': 68.70815349385416, 'I_gpe': 1.725217607822665, 'I_gpi': 2.304806265965075, 'noise_stn_sigma': 3.127941712651377, 'noise_gpe_sigma': 117.93545054143955, 'noise_gpi_sigma': 133.72645599906423, 'g_stn_gpe_mult': 3.564517069742493, 'g_gpe_stn_mult': 0.299176547577705, 'g_stn_gpi_mult': 1.9889243907885448, 'g_gpe_gpi_mult': 0.6259339432876381}. Best is trial 99 with value: 0.24317854242390916.
[I 2026-05-28 21:36:23,280] Trial 116 finished with value: 3.0756622393129653 and parameters: {'ISTN': 70.3204111623792, 'I_gpe': 1.4651707999422516, 'I_gpi': 2.080207587259716, 'noise_stn_sigma': 4.089553174038299, 'noise_gpe_sigma': 96.98869967857318, 'noise_gpi_sigma': 115.40261564640701, 'g_stn_gpe_mult': 3.2469496792434285, 'g_gpe_stn_mult': 0.17815849549347657, 'g_stn_gpi_mult': 2.909699699314313, 'g_gpe_gpi_mult': 0.569891791476977}. Best is trial 99 with value: 0.24317854242390916.
[I 2026-05-28 21:36:24,286] Trial 117 finished with value: 15.074640420558072 and parameters: {'ISTN': 72.98651654015713, 'I_gpe': 1.7356109407547842, 'I_gpi': 1.7219829834072784, 'noise_stn_sigma': 3.564883522507947, 'noise_gpe_sigma': 88.382414570517, 'noise_gpi_sigma': 90.52667129461085, 'g_stn_gpe_mult': 3.8970145061720203, 'g_gpe_stn_mult': 0.32518055981306937, 'g_stn_gpi_mult': 2.6615679045327663, 'g_gpe_gpi_mult': 0.7250292345870888}. Best is trial 99 with value: 0.24317854242390916.
[I 2026-05-28 21:36:25,295] Trial 118 finished with value: 6.511088316610558 and parameters: {'ISTN': 66.31587542502317, 'I_gpe': 1.0702013864923334, 'I_gpi': 2.0263058359329422, 'noise_stn_sigma': 2.3603910467270532, 'noise_gpe_sigma': 90.42571127489367, 'noise_gpi_sigma': 126.04961766578982, 'g_stn_gpe_mult': 3.318827646136197, 'g_gpe_stn_mult': 0.29266421098772444, 'g_stn_gpi_mult': 2.8629954051213726, 'g_gpe_gpi_mult': 0.5560713065258787}. Best is trial 99 with value: 0.24317854242390916.
[I 2026-05-28 21:36:26,301] Trial 119 finished with value: 9.694637439768874 and parameters: {'ISTN': 76.5970129356308, 'I_gpe': 0.9303580471326487, 'I_gpi': 2.7126828272317085, 'noise_stn_sigma': 3.0109121908365495, 'noise_gpe_sigma': 95.66776440021545, 'noise_gpi_sigma': 109.01629223816366, 'g_stn_gpe_mult': 3.351802253275554, 'g_gpe_stn_mult': 0.22653145253107712, 'g_stn_gpi_mult': 3.188136198142643, 'g_gpe_gpi_mult': 0.538955975839573}. Best is trial 99 with value: 0.24317854242390916.
[I 2026-05-28 21:36:27,307] Trial 120 finished with value: 11.632702799800567 and parameters: {'ISTN': 74.66378977445216, 'I_gpe': 1.2025214992240736, 'I_gpi': 1.637862028100022, 'noise_stn_sigma': 3.89978310738739, 'noise_gpe_sigma': 97.10187658310018, 'noise_gpi_sigma': 111.97049343017292, 'g_stn_gpe_mult': 3.39947376210739, 'g_gpe_stn_mult': 0.4635944391272462, 'g_stn_gpi_mult': 2.4990797145483232, 'g_gpe_gpi_mult': 0.41468533841794836}. Best is trial 99 with value: 0.24317854242390916.
[I 2026-05-28 21:36:28,313] Trial 121 finished with value: 15.782439638465432 and parameters: {'ISTN': 84.35086731577495, 'I_gpe': 1.3049627891060664, 'I_gpi': 1.6455391680356837, 'noise_stn_sigma': 2.9446156449991356, 'noise_gpe_sigma': 75.65569057407203, 'noise_gpi_sigma': 111.37298694119453, 'g_stn_gpe_mult': 3.8739609130066515, 'g_gpe_stn_mult': 0.2285959082267572, 'g_stn_gpi_mult': 2.630346239230968, 'g_gpe_gpi_mult': 0.37909547196606846}. Best is trial 99 with value: 0.24317854242390916.
[I 2026-05-28 21:36:29,319] Trial 122 finished with value: 5.746272201259123 and parameters: {'ISTN': 66.2177521392351, 'I_gpe': 1.7019631793851349, 'I_gpi': 2.5466249781380954, 'noise_stn_sigma': 3.3083922079825774, 'noise_gpe_sigma': 97.62934088637732, 'noise_gpi_sigma': 109.44594199658657, 'g_stn_gpe_mult': 2.921785200575417, 'g_gpe_stn_mult': 0.2653147826208744, 'g_stn_gpi_mult': 3.511074328995126, 'g_gpe_gpi_mult': 0.42826588743665217}. Best is trial 99 with value: 0.24317854242390916.
[I 2026-05-28 21:36:30,325] Trial 123 finished with value: 16.448660713259066 and parameters: {'ISTN': 83.43677098533354, 'I_gpe': 2.050110856340642, 'I_gpi': 1.4265387372478888, 'noise_stn_sigma': 4.040990707173734, 'noise_gpe_sigma': 85.43464642323005, 'noise_gpi_sigma': 98.35643593761813, 'g_stn_gpe_mult': 3.4745255479183537, 'g_gpe_stn_mult': 0.25982405958236354, 'g_stn_gpi_mult': 3.3260314028950013, 'g_gpe_gpi_mult': 0.5240959099143444}. Best is trial 99 with value: 0.24317854242390916.
[I 2026-05-28 21:36:31,334] Trial 124 finished with value: 6.343514317885949 and parameters: {'ISTN': 65.64295517511637, 'I_gpe': 1.8227275515448835, 'I_gpi': 1.8437962253304745, 'noise_stn_sigma': 3.7846519534750236, 'noise_gpe_sigma': 81.77337740833616, 'noise_gpi_sigma': 127.04634302724327, 'g_stn_gpe_mult': 3.2675136171533263, 'g_gpe_stn_mult': 0.19372884741201857, 'g_stn_gpi_mult': 3.3516882653879616, 'g_gpe_gpi_mult': 0.4150233371038436}. Best is trial 99 with value: 0.24317854242390916.
[I 2026-05-28 21:36:32,339] Trial 125 finished with value: 11.926646311159795 and parameters: {'ISTN': 72.260135479513, 'I_gpe': 1.5023038990093909, 'I_gpi': 2.658415053100185, 'noise_stn_sigma': 4.189124642420841, 'noise_gpe_sigma': 106.05258520576959, 'noise_gpi_sigma': 117.31487236495404, 'g_stn_gpe_mult': 3.4616317518551383, 'g_gpe_stn_mult': 0.3345322688199342, 'g_stn_gpi_mult': 2.6346659056475294, 'g_gpe_gpi_mult': 0.5477608922316747}. Best is trial 99 with value: 0.24317854242390916.
[I 2026-05-28 21:36:33,344] Trial 126 finished with value: 13.909602298403048 and parameters: {'ISTN': 78.28329006616846, 'I_gpe': 1.5196802103363924, 'I_gpi': 2.128383781568013, 'noise_stn_sigma': 3.6653138390312154, 'noise_gpe_sigma': 95.80639771202027, 'noise_gpi_sigma': 130.24793879498128, 'g_stn_gpe_mult': 3.060143136291603, 'g_gpe_stn_mult': 0.3084821741519814, 'g_stn_gpi_mult': 3.4275785809006813, 'g_gpe_gpi_mult': 0.48208858528369014}. Best is trial 99 with value: 0.24317854242390916.
[I 2026-05-28 21:36:34,347] Trial 127 finished with value: 0.37629233260826606 and parameters: {'ISTN': 60.83642342045735, 'I_gpe': 1.4581571517075393, 'I_gpi': 1.472808498673492, 'noise_stn_sigma': 3.826342430512828, 'noise_gpe_sigma': 87.36573340075627, 'noise_gpi_sigma': 121.75248834709208, 'g_stn_gpe_mult': 3.046496165057769, 'g_gpe_stn_mult': 0.23814746337034276, 'g_stn_gpi_mult': 2.677037468092616, 'g_gpe_gpi_mult': 0.5603048800723565}. Best is trial 99 with value: 0.24317854242390916.
[I 2026-05-28 21:36:35,352] Trial 128 finished with value: 5.29664682773665 and parameters: {'ISTN': 63.965770788155126, 'I_gpe': 1.958517161521329, 'I_gpi': 1.90419682608065, 'noise_stn_sigma': 3.8043849247358854, 'noise_gpe_sigma': 85.3019327513893, 'noise_gpi_sigma': 110.23583473826406, 'g_stn_gpe_mult': 3.69321662703072, 'g_gpe_stn_mult': 0.1783938375561048, 'g_stn_gpi_mult': 2.7959420320145014, 'g_gpe_gpi_mult': 0.40271162199124444}. Best is trial 99 with value: 0.24317854242390916.
[I 2026-05-28 21:36:36,360] Trial 129 finished with value: 11.539987646250584 and parameters: {'ISTN': 70.72655953363008, 'I_gpe': 1.875901651162103, 'I_gpi': 1.8141197079434355, 'noise_stn_sigma': 3.6060899903155934, 'noise_gpe_sigma': 81.22247290985118, 'noise_gpi_sigma': 120.14148917352097, 'g_stn_gpe_mult': 3.493855063446988, 'g_gpe_stn_mult': 0.1591027411511601, 'g_stn_gpi_mult': 2.8220101397321544, 'g_gpe_gpi_mult': 0.5617190016487343}. Best is trial 99 with value: 0.24317854242390916.
[I 2026-05-28 21:36:37,367] Trial 130 finished with value: 7.398734080369817 and parameters: {'ISTN': 64.58160449965375, 'I_gpe': 1.819963956340977, 'I_gpi': 1.8059827849753345, 'noise_stn_sigma': 2.054689298725469, 'noise_gpe_sigma': 83.47783922045815, 'noise_gpi_sigma': 110.10641179875243, 'g_stn_gpe_mult': 3.232848779158642, 'g_gpe_stn_mult': 0.30405584586526757, 'g_stn_gpi_mult': 2.666077694295742, 'g_gpe_gpi_mult': 0.5101777691789757}. Best is trial 99 with value: 0.24317854242390916.
[I 2026-05-28 21:36:38,373] Trial 131 finished with value: 5.563378455069388 and parameters: {'ISTN': 62.692517485110315, 'I_gpe': 1.7404177926840938, 'I_gpi': 1.692191407492767, 'noise_stn_sigma': 4.243144491978577, 'noise_gpe_sigma': 82.59046771713692, 'noise_gpi_sigma': 110.91774091426403, 'g_stn_gpe_mult': 3.877904026765172, 'g_gpe_stn_mult': 0.24921192922145388, 'g_stn_gpi_mult': 2.753220800413333, 'g_gpe_gpi_mult': 0.2986138527133697}. Best is trial 99 with value: 0.24317854242390916.
