[I 2026-05-28 22:05:02,350] Trial 836 finished with value: 0.111595317216696 and parameters: {'ISTN': 60.90400417977919, 'I_gpe': 1.3462224526253392, 'I_gpi': 2.3198286451365076, 'noise_stn_sigma': 3.7487631115035382, 'noise_gpe_sigma': 122.73301870132629, 'noise_gpi_sigma': 87.30151368097151, 'g_stn_gpe_mult': 3.5307239780348234, 'g_gpe_stn_mult': 0.11360165562082625, 'g_stn_gpi_mult': 1.7423326787009046, 'g_gpe_gpi_mult': 0.7127457800795738}. Best is trial 801 with value: 0.10860807811774334.
[I 2026-05-28 22:05:03,329] Trial 837 finished with value: 0.1145482304900331 and parameters: {'ISTN': 60.429136622244165, 'I_gpe': 1.3402657981121133, 'I_gpi': 2.3727694079491704, 'noise_stn_sigma': 3.7505780485159765, 'noise_gpe_sigma': 118.29146261076885, 'noise_gpi_sigma': 84.87179102779437, 'g_stn_gpe_mult': 3.5385539395122674, 'g_gpe_stn_mult': 0.1177771282149213, 'g_stn_gpi_mult': 1.7405857996680603, 'g_gpe_gpi_mult': 0.7195025441248883}. Best is trial 801 with value: 0.10860807811774334.
[I 2026-05-28 22:05:04,309] Trial 838 finished with value: 0.12137226206302736 and parameters: {'ISTN': 60.70509210000167, 'I_gpe': 1.3426765001063723, 'I_gpi': 2.355452469941456, 'noise_stn_sigma': 3.768740191205091, 'noise_gpe_sigma': 119.5505249312073, 'noise_gpi_sigma': 84.70869338200703, 'g_stn_gpe_mult': 3.5267269859012274, 'g_gpe_stn_mult': 0.1148418611353032, 'g_stn_gpi_mult': 1.7051379459761744, 'g_gpe_gpi_mult': 0.7103534528142517}. Best is trial 801 with value: 0.10860807811774334.
[I 2026-05-28 22:05:05,287] Trial 839 finished with value: 0.1113559162874769 and parameters: {'ISTN': 60.60152271339026, 'I_gpe': 1.3547600209070234, 'I_gpi': 2.3334655778755824, 'noise_stn_sigma': 3.843781766240813, 'noise_gpe_sigma': 121.70301348371294, 'noise_gpi_sigma': 85.49754270251185, 'g_stn_gpe_mult': 3.5320780683874418, 'g_gpe_stn_mult': 0.11621327583468012, 'g_stn_gpi_mult': 1.749430938481709, 'g_gpe_gpi_mult': 0.7253982148933553}. Best is trial 801 with value: 0.10860807811774334.
[I 2026-05-28 22:05:06,264] Trial 840 finished with value: 0.11484671719357686 and parameters: {'ISTN': 60.249288218284, 'I_gpe': 1.337366144185753, 'I_gpi': 2.3172229638452757, 'noise_stn_sigma': 3.742708044144709, 'noise_gpe_sigma': 120.39450898003703, 'noise_gpi_sigma': 86.18071995993984, 'g_stn_gpe_mult': 3.5427128233011222, 'g_gpe_stn_mult': 0.12436837413730392, 'g_stn_gpi_mult': 1.738328982162656, 'g_gpe_gpi_mult': 0.7142619343132228}. Best is trial 801 with value: 0.10860807811774334.
[I 2026-05-28 22:05:07,246] Trial 841 finished with value: 0.10935054100917767 and parameters: {'ISTN': 60.44323929968662, 'I_gpe': 1.3317452331081467, 'I_gpi': 2.348474646462419, 'noise_stn_sigma': 3.8018901236416216, 'noise_gpe_sigma': 119.95249902202556, 'noise_gpi_sigma': 88.30822497944213, 'g_stn_gpe_mult': 3.4961866276627864, 'g_gpe_stn_mult': 0.12354711225571424, 'g_stn_gpi_mult': 1.7533725670687668, 'g_gpe_gpi_mult': 0.7229308858702854}. Best is trial 801 with value: 0.10860807811774334.
[I 2026-05-28 22:05:08,225] Trial 842 finished with value: 0.11028911394907631 and parameters: {'ISTN': 60.35871912684317, 'I_gpe': 1.3346899521333264, 'I_gpi': 2.3070376938443258, 'noise_stn_sigma': 3.7473175213007193, 'noise_gpe_sigma': 119.90568930040736, 'noise_gpi_sigma': 86.73324760475636, 'g_stn_gpe_mult': 3.5439497997813367, 'g_gpe_stn_mult': 0.120021885522332, 'g_stn_gpi_mult': 1.7284189441722255, 'g_gpe_gpi_mult': 0.7238804464955575}. Best is trial 801 with value: 0.10860807811774334.
[I 2026-05-28 22:05:09,205] Trial 843 finished with value: 0.10877080730262673 and parameters: {'ISTN': 60.300718389700634, 'I_gpe': 1.326860949093628, 'I_gpi': 2.3255749417820706, 'noise_stn_sigma': 3.8524989260115157, 'noise_gpe_sigma': 119.517923213559, 'noise_gpi_sigma': 86.75272839897691, 'g_stn_gpe_mult': 3.4886099194367173, 'g_gpe_stn_mult': 0.1291656380140866, 'g_stn_gpi_mult': 1.7456804379172235, 'g_gpe_gpi_mult': 0.7224384192166762}. Best is trial 801 with value: 0.10860807811774334.
[I 2026-05-28 22:05:10,185] Trial 844 finished with value: 0.5989896105000181 and parameters: {'ISTN': 60.897532234376854, 'I_gpe': 1.326224653755069, 'I_gpi': 2.3096609857185335, 'noise_stn_sigma': 3.8743844164210812, 'noise_gpe_sigma': 122.12761149748236, 'noise_gpi_sigma': 86.89298699875651, 'g_stn_gpe_mult': 3.528238886873591, 'g_gpe_stn_mult': 0.1080116197848641, 'g_stn_gpi_mult': 1.730527383395383, 'g_gpe_gpi_mult': 0.7273063574211351}. Best is trial 801 with value: 0.10860807811774334.
[I 2026-05-28 22:05:11,163] Trial 845 finished with value: 0.10974943187084184 and parameters: {'ISTN': 60.193813068233574, 'I_gpe': 1.3217373659303882, 'I_gpi': 2.311265231703141, 'noise_stn_sigma': 3.703715057736637, 'noise_gpe_sigma': 120.13506359514096, 'noise_gpi_sigma': 86.46287760134801, 'g_stn_gpe_mult': 3.5149444779571164, 'g_gpe_stn_mult': 0.12691200290675697, 'g_stn_gpi_mult': 1.7063331246892908, 'g_gpe_gpi_mult': 0.7209141493707822}. Best is trial 801 with value: 0.10860807811774334.
[I 2026-05-28 22:05:12,142] Trial 846 finished with value: 0.11016854786409251 and parameters: {'ISTN': 60.538497064489775, 'I_gpe': 1.3450164394323623, 'I_gpi': 2.3329142788966992, 'noise_stn_sigma': 3.7739483699629544, 'noise_gpe_sigma': 118.61918875849142, 'noise_gpi_sigma': 87.13409833111831, 'g_stn_gpe_mult': 3.53753298200791, 'g_gpe_stn_mult': 0.1188656520918941, 'g_stn_gpi_mult': 1.715540901675669, 'g_gpe_gpi_mult': 0.7227199271234954}. Best is trial 801 with value: 0.10860807811774334.
[I 2026-05-28 22:05:13,123] Trial 847 finished with value: 0.12121143871079305 and parameters: {'ISTN': 60.28084623294, 'I_gpe': 1.3292967861766223, 'I_gpi': 2.3214095331721203, 'noise_stn_sigma': 3.917852134751369, 'noise_gpe_sigma': 119.06616738197812, 'noise_gpi_sigma': 84.96244383284899, 'g_stn_gpe_mult': 3.52341285801749, 'g_gpe_stn_mult': 0.12514624862011944, 'g_stn_gpi_mult': 1.7238871074566617, 'g_gpe_gpi_mult': 0.7248389584102619}. Best is trial 801 with value: 0.10860807811774334.
[I 2026-05-28 22:05:14,102] Trial 848 finished with value: 0.11062265656460026 and parameters: {'ISTN': 60.54568919160898, 'I_gpe': 1.3375094684762208, 'I_gpi': 2.3379303452355553, 'noise_stn_sigma': 3.7818312860197274, 'noise_gpe_sigma': 118.7354185959461, 'noise_gpi_sigma': 86.47514982531628, 'g_stn_gpe_mult': 3.539015806812659, 'g_gpe_stn_mult': 0.11744853011364273, 'g_stn_gpi_mult': 1.7571847812828936, 'g_gpe_gpi_mult': 0.7405994951620234}. Best is trial 801 with value: 0.10860807811774334.
[I 2026-05-28 22:05:15,082] Trial 849 finished with value: 0.11111529116205622 and parameters: {'ISTN': 61.0034663682521, 'I_gpe': 1.326168027421536, 'I_gpi': 2.320968524992458, 'noise_stn_sigma': 3.7550256157682536, 'noise_gpe_sigma': 117.67826942046105, 'noise_gpi_sigma': 86.58312214632144, 'g_stn_gpe_mult': 3.5479157920876814, 'g_gpe_stn_mult': 0.11542174773761762, 'g_stn_gpi_mult': 1.7232158125790047, 'g_gpe_gpi_mult': 0.7104435847199972}. Best is trial 801 with value: 0.10860807811774334.
[I 2026-05-28 22:05:16,061] Trial 850 finished with value: 0.11007641214363018 and parameters: {'ISTN': 60.81966735895244, 'I_gpe': 1.331879287426376, 'I_gpi': 2.339141667283036, 'noise_stn_sigma': 3.83052522919917, 'noise_gpe_sigma': 121.40197147216742, 'noise_gpi_sigma': 89.05587839032822, 'g_stn_gpe_mult': 3.4732972904496173, 'g_gpe_stn_mult': 0.11509246089301449, 'g_stn_gpi_mult': 1.7289835313084236, 'g_gpe_gpi_mult': 0.7281303401407173}. Best is trial 801 with value: 0.10860807811774334.
[I 2026-05-28 22:05:17,042] Trial 851 finished with value: 0.11067921394145666 and parameters: {'ISTN': 60.484967403738935, 'I_gpe': 1.3178026442644368, 'I_gpi': 2.3618869597264087, 'noise_stn_sigma': 3.7702658921012953, 'noise_gpe_sigma': 115.1058637220251, 'noise_gpi_sigma': 87.01830621799971, 'g_stn_gpe_mult': 3.5794012850405257, 'g_gpe_stn_mult': 0.12769822299270972, 'g_stn_gpi_mult': 1.739533889480814, 'g_gpe_gpi_mult': 0.739060869907918}. Best is trial 801 with value: 0.10860807811774334.
[I 2026-05-28 22:05:18,021] Trial 852 finished with value: 0.10925945589066409 and parameters: {'ISTN': 60.159828326805275, 'I_gpe': 1.3289246782054487, 'I_gpi': 2.3580346615278307, 'noise_stn_sigma': 3.8992133749349858, 'noise_gpe_sigma': 122.08531431889251, 'noise_gpi_sigma': 85.50392444728872, 'g_stn_gpe_mult': 3.4680726611258286, 'g_gpe_stn_mult': 0.13160043689453227, 'g_stn_gpi_mult': 1.7329046559254424, 'g_gpe_gpi_mult': 0.7156444991432824}. Best is trial 801 with value: 0.10860807811774334.
[I 2026-05-28 22:05:18,999] Trial 853 finished with value: 0.373931446366634 and parameters: {'ISTN': 60.469801561656844, 'I_gpe': 1.339473295805464, 'I_gpi': 2.340250826715425, 'noise_stn_sigma': 3.76793392344579, 'noise_gpe_sigma': 117.95113572782816, 'noise_gpi_sigma': 87.01260172567554, 'g_stn_gpe_mult': 3.591189899139923, 'g_gpe_stn_mult': 0.1286145039299486, 'g_stn_gpi_mult': 1.7422058711388582, 'g_gpe_gpi_mult': 0.7320650230294055}. Best is trial 801 with value: 0.10860807811774334.
[I 2026-05-28 22:05:19,976] Trial 854 finished with value: 0.11006253084664028 and parameters: {'ISTN': 60.443926535305614, 'I_gpe': 1.3303489524503127, 'I_gpi': 2.3469424266859518, 'noise_stn_sigma': 3.7126823647811755, 'noise_gpe_sigma': 119.4136999150898, 'noise_gpi_sigma': 88.04847211226688, 'g_stn_gpe_mult': 3.527124503666477, 'g_gpe_stn_mult': 0.12738040078351368, 'g_stn_gpi_mult': 1.7473713844030432, 'g_gpe_gpi_mult': 0.7258017510675003}. Best is trial 801 with value: 0.10860807811774334.
[I 2026-05-28 22:05:20,955] Trial 855 finished with value: 0.1091149605747031 and parameters: {'ISTN': 60.28641095422764, 'I_gpe': 1.3305110951582586, 'I_gpi': 2.3206948712622912, 'noise_stn_sigma': 3.760227891333098, 'noise_gpe_sigma': 121.10730267078658, 'noise_gpi_sigma': 87.8074494098862, 'g_stn_gpe_mult': 3.4712491164069093, 'g_gpe_stn_mult': 0.12523155441572478, 'g_stn_gpi_mult': 1.7280964858463452, 'g_gpe_gpi_mult': 0.7258258262442587}. Best is trial 801 with value: 0.10860807811774334.
[I 2026-05-28 22:05:21,936] Trial 856 finished with value: 0.11224964906674885 and parameters: {'ISTN': 60.6021197778468, 'I_gpe': 1.3344573468928078, 'I_gpi': 2.3320533299632267, 'noise_stn_sigma': 3.9044733942069385, 'noise_gpe_sigma': 118.92346146786377, 'noise_gpi_sigma': 87.19515544527395, 'g_stn_gpe_mult': 3.478954111117791, 'g_gpe_stn_mult': 0.12980192124923595, 'g_stn_gpi_mult': 1.7161126499977224, 'g_gpe_gpi_mult': 0.7072442653203685}. Best is trial 801 with value: 0.10860807811774334.
[I 2026-05-28 22:05:22,913] Trial 857 finished with value: 0.11358258287437804 and parameters: {'ISTN': 60.443976287044926, 'I_gpe': 1.3115553211541382, 'I_gpi': 2.328202324872354, 'noise_stn_sigma': 3.797487554080562, 'noise_gpe_sigma': 119.04681212244078, 'noise_gpi_sigma': 88.79320513692089, 'g_stn_gpe_mult': 3.5319170204334616, 'g_gpe_stn_mult': 0.12081543990232041, 'g_stn_gpi_mult': 1.7264682363824688, 'g_gpe_gpi_mult': 0.7260200620536572}. Best is trial 801 with value: 0.10860807811774334.
[I 2026-05-28 22:05:23,893] Trial 858 finished with value: 0.10966680693602103 and parameters: {'ISTN': 60.51449549192549, 'I_gpe': 1.3329360114182505, 'I_gpi': 2.3463326470740014, 'noise_stn_sigma': 3.755513120929313, 'noise_gpe_sigma': 117.84940213300928, 'noise_gpi_sigma': 87.65296688657796, 'g_stn_gpe_mult': 3.5575600280714204, 'g_gpe_stn_mult': 0.12523590936228787, 'g_stn_gpi_mult': 1.7356663698369421, 'g_gpe_gpi_mult': 0.7224089780120084}. Best is trial 801 with value: 0.10860807811774334.
[I 2026-05-28 22:05:24,872] Trial 859 finished with value: 0.10964553604796722 and parameters: {'ISTN': 60.20433028908834, 'I_gpe': 1.334935060339237, 'I_gpi': 2.3266677251423857, 'noise_stn_sigma': 3.757354010085256, 'noise_gpe_sigma': 118.61177597045658, 'noise_gpi_sigma': 87.80456394573083, 'g_stn_gpe_mult': 3.5297377414689475, 'g_gpe_stn_mult': 0.12960195293260351, 'g_stn_gpi_mult': 1.7228075686350532, 'g_gpe_gpi_mult': 0.7297378184125307}. Best is trial 801 with value: 0.10860807811774334.
[I 2026-05-28 22:05:25,852] Trial 860 finished with value: 0.10937159073173014 and parameters: {'ISTN': 60.18496982252127, 'I_gpe': 1.320909820283389, 'I_gpi': 2.3416975320013043, 'noise_stn_sigma': 3.804632642269171, 'noise_gpe_sigma': 118.40204336111496, 'noise_gpi_sigma': 87.0620756136592, 'g_stn_gpe_mult': 3.509283180805438, 'g_gpe_stn_mult': 0.12416523916913524, 'g_stn_gpi_mult': 1.7707085609634499, 'g_gpe_gpi_mult': 0.730735097380818}. Best is trial 801 with value: 0.10860807811774334.
[I 2026-05-28 22:05:26,833] Trial 861 finished with value: 0.1099610754560538 and parameters: {'ISTN': 60.47352104668227, 'I_gpe': 1.3327988215694626, 'I_gpi': 2.353931536866333, 'noise_stn_sigma': 3.812585289306893, 'noise_gpe_sigma': 121.3567464950979, 'noise_gpi_sigma': 86.97979462078881, 'g_stn_gpe_mult': 3.4857406175646837, 'g_gpe_stn_mult': 0.12201215245302711, 'g_stn_gpi_mult': 1.7341817775305235, 'g_gpe_gpi_mult': 0.7242396646863662}. Best is trial 801 with value: 0.10860807811774334.
[I 2026-05-28 22:05:27,813] Trial 862 finished with value: 0.2463323534671468 and parameters: {'ISTN': 60.33549137225108, 'I_gpe': 1.3161058173390172, 'I_gpi': 2.3253274223462883, 'noise_stn_sigma': 3.8557897419647262, 'noise_gpe_sigma': 118.15803311098092, 'noise_gpi_sigma': 85.69722115690358, 'g_stn_gpe_mult': 3.502979483105425, 'g_gpe_stn_mult': 0.1208986505286076, 'g_stn_gpi_mult': 1.7355718568000196, 'g_gpe_gpi_mult': 0.7188874423104186}. Best is trial 801 with value: 0.10860807811774334.
[I 2026-05-28 22:05:28,793] Trial 863 finished with value: 0.11080320740655981 and parameters: {'ISTN': 60.53547273595405, 'I_gpe': 1.3445528113093463, 'I_gpi': 2.3704399032654457, 'noise_stn_sigma': 3.7363306502611784, 'noise_gpe_sigma': 121.07921827225034, 'noise_gpi_sigma': 86.97774755648217, 'g_stn_gpe_mult': 3.4570860720655974, 'g_gpe_stn_mult': 0.1270723807321607, 'g_stn_gpi_mult': 1.732271428314303, 'g_gpe_gpi_mult': 0.7322092249418979}. Best is trial 801 with value: 0.10860807811774334.
[I 2026-05-28 22:05:29,772] Trial 864 finished with value: 0.37567840387639606 and parameters: {'ISTN': 60.03121656514496, 'I_gpe': 1.3380331415568796, 'I_gpi': 2.3524535408618723, 'noise_stn_sigma': 3.8809658920219383, 'noise_gpe_sigma': 122.03167501846086, 'noise_gpi_sigma': 85.59862861076095, 'g_stn_gpe_mult': 3.452593867252344, 'g_gpe_stn_mult': 0.13213009376268414, 'g_stn_gpi_mult': 1.7395087754772842, 'g_gpe_gpi_mult': 0.7094034166353589}. Best is trial 801 with value: 0.10860807811774334.
[I 2026-05-28 22:05:30,752] Trial 865 finished with value: 0.10957022150769778 and parameters: {'ISTN': 60.318200784532905, 'I_gpe': 1.3387472533770348, 'I_gpi': 2.3480050396990118, 'noise_stn_sigma': 3.8044380513916694, 'noise_gpe_sigma': 122.44745502700412, 'noise_gpi_sigma': 88.21115649791318, 'g_stn_gpe_mult': 3.4376715093874477, 'g_gpe_stn_mult': 0.12696279231892388, 'g_stn_gpi_mult': 1.7408917878366212, 'g_gpe_gpi_mult': 0.7286619642834236}. Best is trial 801 with value: 0.10860807811774334.
[I 2026-05-28 22:05:31,730] Trial 866 finished with value: 0.11410846144699364 and parameters: {'ISTN': 60.49215640650768, 'I_gpe': 1.3170241895394574, 'I_gpi': 2.327599134892848, 'noise_stn_sigma': 3.802505723527896, 'noise_gpe_sigma': 120.21436504267221, 'noise_gpi_sigma': 87.23957214470477, 'g_stn_gpe_mult': 3.506311143511862, 'g_gpe_stn_mult': 0.12528546757386927, 'g_stn_gpi_mult': 1.7331487865623842, 'g_gpe_gpi_mult': 0.7197668523213003}. Best is trial 801 with value: 0.10860807811774334.
[I 2026-05-28 22:05:32,709] Trial 867 finished with value: 0.11281868740667444 and parameters: {'ISTN': 60.08356585387168, 'I_gpe': 1.3322488496055613, 'I_gpi': 2.382223032229325, 'noise_stn_sigma': 3.8849099271908987, 'noise_gpe_sigma': 121.67710492832758, 'noise_gpi_sigma': 86.59632581905352, 'g_stn_gpe_mult': 3.4570331221591575, 'g_gpe_stn_mult': 0.13155109232827547, 'g_stn_gpi_mult': 1.742541341455027, 'g_gpe_gpi_mult': 0.7307465835161155}. Best is trial 801 with value: 0.10860807811774334.
[I 2026-05-28 22:05:33,688] Trial 868 finished with value: 0.11111786028686267 and parameters: {'ISTN': 60.42642656988295, 'I_gpe': 1.3260781765972913, 'I_gpi': 2.2921433244744023, 'noise_stn_sigma': 3.8898301846707914, 'noise_gpe_sigma': 122.08396061011109, 'noise_gpi_sigma': 85.95633804340989, 'g_stn_gpe_mult': 3.460292780205963, 'g_gpe_stn_mult': 0.13091781940625918, 'g_stn_gpi_mult': 1.7472569476437512, 'g_gpe_gpi_mult': 0.7148495573886731}. Best is trial 801 with value: 0.10860807811774334.
[I 2026-05-28 22:05:34,666] Trial 869 finished with value: 0.1173563272137264 and parameters: {'ISTN': 60.38312424386668, 'I_gpe': 1.3364041692693642, 'I_gpi': 2.332235090258381, 'noise_stn_sigma': 3.6932275582209635, 'noise_gpe_sigma': 119.86678962559806, 'noise_gpi_sigma': 86.20201950386517, 'g_stn_gpe_mult': 3.5294301404251036, 'g_gpe_stn_mult': 0.12100773986964465, 'g_stn_gpi_mult': 1.7452439702939722, 'g_gpe_gpi_mult': 0.7161421927439544}. Best is trial 801 with value: 0.10860807811774334.
[I 2026-05-28 22:05:35,648] Trial 870 finished with value: 0.10908519513923907 and parameters: {'ISTN': 60.52025457656068, 'I_gpe': 1.3357786679749595, 'I_gpi': 2.3321052608602426, 'noise_stn_sigma': 3.819114687744553, 'noise_gpe_sigma': 121.14409505950424, 'noise_gpi_sigma': 85.15394474431409, 'g_stn_gpe_mult': 3.466900251762451, 'g_gpe_stn_mult': 0.1243980312177905, 'g_stn_gpi_mult': 1.7114860393037523, 'g_gpe_gpi_mult': 0.73044634137305}. Best is trial 801 with value: 0.10860807811774334.
[I 2026-05-28 22:05:36,628] Trial 871 finished with value: 0.1114715490290968 and parameters: {'ISTN': 60.75235728027001, 'I_gpe': 1.3338781096935355, 'I_gpi': 2.317713876562226, 'noise_stn_sigma': 3.7605107201749477, 'noise_gpe_sigma': 121.39626453042357, 'noise_gpi_sigma': 86.72927574138365, 'g_stn_gpe_mult': 3.5032264458591373, 'g_gpe_stn_mult': 0.12469650227449701, 'g_stn_gpi_mult': 1.751031609065621, 'g_gpe_gpi_mult': 0.7234015568274774}. Best is trial 801 with value: 0.10860807811774334.
[I 2026-05-28 22:05:37,605] Trial 872 finished with value: 0.11403003411871869 and parameters: {'ISTN': 60.37159012632899, 'I_gpe': 1.332301542763743, 'I_gpi': 2.328869320290228, 'noise_stn_sigma': 3.836197250061453, 'noise_gpe_sigma': 121.67552990634601, 'noise_gpi_sigma': 87.17147061181399, 'g_stn_gpe_mult': 3.4288212398849103, 'g_gpe_stn_mult': 0.12847868786401814, 'g_stn_gpi_mult': 1.7441697212625218, 'g_gpe_gpi_mult': 0.7235752416196779}. Best is trial 801 with value: 0.10860807811774334.
[I 2026-05-28 22:05:38,581] Trial 873 finished with value: 0.11201706914019975 and parameters: {'ISTN': 60.479614718668074, 'I_gpe': 1.3310106185159913, 'I_gpi': 2.371083136557418, 'noise_stn_sigma': 3.887036208734514, 'noise_gpe_sigma': 122.45332756217348, 'noise_gpi_sigma': 84.74174137145573, 'g_stn_gpe_mult': 3.4554835908323716, 'g_gpe_stn_mult': 0.1295592281687759, 'g_stn_gpi_mult': 1.7032571524089286, 'g_gpe_gpi_mult': 0.7383373995793641}. Best is trial 801 with value: 0.10860807811774334.
[I 2026-05-28 22:05:39,560] Trial 874 finished with value: 0.11114459270075695 and parameters: {'ISTN': 60.31780861078367, 'I_gpe': 1.3345472952574187, 'I_gpi': 2.3797290985374726, 'noise_stn_sigma': 3.8052698742929203, 'noise_gpe_sigma': 121.83555563661513, 'noise_gpi_sigma': 86.75472803235594, 'g_stn_gpe_mult': 3.505910556794764, 'g_gpe_stn_mult': 0.12207323033940874, 'g_stn_gpi_mult': 1.7353101056632845, 'g_gpe_gpi_mult': 0.7196689750545577}. Best is trial 801 with value: 0.10860807811774334.
[I 2026-05-28 22:05:40,538] Trial 875 finished with value: 0.10803973531654054 and parameters: {'ISTN': 60.243883542718294, 'I_gpe': 1.3387399432013916, 'I_gpi': 2.3416016750508577, 'noise_stn_sigma': 3.7436430553400992, 'noise_gpe_sigma': 120.28148153727189, 'noise_gpi_sigma': 85.28330991240409, 'g_stn_gpe_mult': 3.4923973814872857, 'g_gpe_stn_mult': 0.1255879142108378, 'g_stn_gpi_mult': 1.7254710823183679, 'g_gpe_gpi_mult': 0.7403233909370324}. Best is trial 875 with value: 0.10803973531654054.
[I 2026-05-28 22:05:41,518] Trial 876 finished with value: 0.10947500977358532 and parameters: {'ISTN': 60.246794660468765, 'I_gpe': 1.3345854106690063, 'I_gpi': 2.343970470952333, 'noise_stn_sigma': 3.908566450590686, 'noise_gpe_sigma': 121.23978308494225, 'noise_gpi_sigma': 86.08863917315631, 'g_stn_gpe_mult': 3.472272221518441, 'g_gpe_stn_mult': 0.12713364864717097, 'g_stn_gpi_mult': 1.7306085086256533, 'g_gpe_gpi_mult': 0.733485392289754}. Best is trial 875 with value: 0.10803973531654054.
[I 2026-05-28 22:05:42,499] Trial 877 finished with value: 0.11269585989622445 and parameters: {'ISTN': 60.86501728455161, 'I_gpe': 1.340945774506273, 'I_gpi': 2.3366329834354342, 'noise_stn_sigma': 3.8329275230357855, 'noise_gpe_sigma': 124.89695988394733, 'noise_gpi_sigma': 86.71802911218587, 'g_stn_gpe_mult': 3.402886817684141, 'g_gpe_stn_mult': 0.12257195055934957, 'g_stn_gpi_mult': 1.7292533222720718, 'g_gpe_gpi_mult': 0.7251555775235492}. Best is trial 875 with value: 0.10803973531654054.
[I 2026-05-28 22:05:43,419] Trial 878 finished with value: 1000000.0 and parameters: {'ISTN': 60.59983002983223, 'I_gpe': 1.3343118104087501, 'I_gpi': 2.341987480903149, 'noise_stn_sigma': 3.7227268357741954, 'noise_gpe_sigma': 120.31510558820108, 'noise_gpi_sigma': 86.3478634736462, 'g_stn_gpe_mult': 3.4821424256038127, 'g_gpe_stn_mult': 0.12284224319117004, 'g_stn_gpi_mult': 1.7197669333644816, 'g_gpe_gpi_mult': 0.7311799649845583}. Best is trial 875 with value: 0.10803973531654054.
[I 2026-05-28 22:05:44,399] Trial 879 finished with value: 0.22566410128712372 and parameters: {'ISTN': 60.690274641621784, 'I_gpe': 1.340558165772807, 'I_gpi': 2.342932964112107, 'noise_stn_sigma': 3.8177708056999853, 'noise_gpe_sigma': 122.97584582750844, 'noise_gpi_sigma': 84.63398121632363, 'g_stn_gpe_mult': 3.4462568076478037, 'g_gpe_stn_mult': 0.1217149393016867, 'g_stn_gpi_mult': 1.73042518713175, 'g_gpe_gpi_mult': 0.7146203159598892}. Best is trial 875 with value: 0.10803973531654054.
