[I 2026-05-28 22:02:10,285] Trial 660 finished with value: 0.11263082439123805 and parameters: {'ISTN': 60.54962177883215, 'I_gpe': 1.3342351025535755, 'I_gpi': 2.3421851787674104, 'noise_stn_sigma': 3.405608188457132, 'noise_gpe_sigma': 111.76840989317849, 'noise_gpi_sigma': 88.18912324769157, 'g_stn_gpe_mult': 3.7058524293086545, 'g_gpe_stn_mult': 0.12546861622155986, 'g_stn_gpi_mult': 1.7193293982040787, 'g_gpe_gpi_mult': 0.7038696101606334}. Best is trial 648 with value: 0.11256383473042018.
[I 2026-05-28 22:02:11,265] Trial 661 finished with value: 0.11734273216992946 and parameters: {'ISTN': 60.561300786328964, 'I_gpe': 1.3457322824766575, 'I_gpi': 2.4167315769256263, 'noise_stn_sigma': 3.3954927988828723, 'noise_gpe_sigma': 111.40251806022852, 'noise_gpi_sigma': 84.70140207342386, 'g_stn_gpe_mult': 3.7323982218257887, 'g_gpe_stn_mult': 0.12101433083859338, 'g_stn_gpi_mult': 1.7562733169720914, 'g_gpe_gpi_mult': 0.7218903518639381}. Best is trial 648 with value: 0.11256383473042018.
[I 2026-05-28 22:02:12,245] Trial 662 finished with value: 0.11562757625983879 and parameters: {'ISTN': 60.64461968513597, 'I_gpe': 1.298995393705623, 'I_gpi': 2.382812840214992, 'noise_stn_sigma': 3.452760505489696, 'noise_gpe_sigma': 110.15604411588342, 'noise_gpi_sigma': 88.70881631643705, 'g_stn_gpe_mult': 3.627081081251755, 'g_gpe_stn_mult': 0.11131411252902396, 'g_stn_gpi_mult': 1.7733632951964757, 'g_gpe_gpi_mult': 0.711773633310254}. Best is trial 648 with value: 0.11256383473042018.
[I 2026-05-28 22:02:13,223] Trial 663 finished with value: 0.11594655831408464 and parameters: {'ISTN': 60.31699347043949, 'I_gpe': 1.3417722950716753, 'I_gpi': 2.2787537688067356, 'noise_stn_sigma': 3.3456999142301758, 'noise_gpe_sigma': 113.75718305722955, 'noise_gpi_sigma': 88.70115597723799, 'g_stn_gpe_mult': 3.5397103435270147, 'g_gpe_stn_mult': 0.1188852602484757, 'g_stn_gpi_mult': 1.7617613761460258, 'g_gpe_gpi_mult': 0.7107494300631223}. Best is trial 648 with value: 0.11256383473042018.
[I 2026-05-28 22:02:14,201] Trial 664 finished with value: 0.521286107513899 and parameters: {'ISTN': 60.30393782704145, 'I_gpe': 1.3459268649409108, 'I_gpi': 2.3378705491899705, 'noise_stn_sigma': 3.405306453402735, 'noise_gpe_sigma': 111.97391152239871, 'noise_gpi_sigma': 86.14683629803616, 'g_stn_gpe_mult': 3.6998764618931714, 'g_gpe_stn_mult': 0.10470670827743281, 'g_stn_gpi_mult': 1.7476213773716478, 'g_gpe_gpi_mult': 0.7155145853616263}. Best is trial 648 with value: 0.11256383473042018.
[I 2026-05-28 22:02:15,181] Trial 665 finished with value: 0.23109316312354805 and parameters: {'ISTN': 60.93115435753545, 'I_gpe': 1.3142748656586336, 'I_gpi': 2.3239737267826968, 'noise_stn_sigma': 3.497782022426784, 'noise_gpe_sigma': 114.13022217765007, 'noise_gpi_sigma': 89.74123372407698, 'g_stn_gpe_mult': 3.543975184657896, 'g_gpe_stn_mult': 0.1400862285893495, 'g_stn_gpi_mult': 1.7899368129611803, 'g_gpe_gpi_mult': 0.6951773809349585}. Best is trial 648 with value: 0.11256383473042018.
[I 2026-05-28 22:02:16,163] Trial 666 finished with value: 0.11530451209165032 and parameters: {'ISTN': 60.167001470686486, 'I_gpe': 1.3342147534500106, 'I_gpi': 2.3822274130604506, 'noise_stn_sigma': 3.268456323434689, 'noise_gpe_sigma': 109.46879930474702, 'noise_gpi_sigma': 88.1170434915975, 'g_stn_gpe_mult': 3.744037041654911, 'g_gpe_stn_mult': 0.12674398660777964, 'g_stn_gpi_mult': 1.7251885232464084, 'g_gpe_gpi_mult': 0.7078774648926125}. Best is trial 648 with value: 0.11256383473042018.
[I 2026-05-28 22:02:17,138] Trial 667 finished with value: 0.11615637985165178 and parameters: {'ISTN': 60.73671156487733, 'I_gpe': 1.3552433444376109, 'I_gpi': 2.3576664340857896, 'noise_stn_sigma': 3.4783045176088785, 'noise_gpe_sigma': 112.12129452066176, 'noise_gpi_sigma': 87.82219972262338, 'g_stn_gpe_mult': 3.612927669290032, 'g_gpe_stn_mult': 0.1365231318678285, 'g_stn_gpi_mult': 1.7278818536963385, 'g_gpe_gpi_mult': 0.7101175637204464}. Best is trial 648 with value: 0.11256383473042018.
[I 2026-05-28 22:02:18,116] Trial 668 finished with value: 0.11450172344220794 and parameters: {'ISTN': 60.96530195309146, 'I_gpe': 1.351680212200076, 'I_gpi': 2.347322652631597, 'noise_stn_sigma': 3.467368579336925, 'noise_gpe_sigma': 115.17292236321276, 'noise_gpi_sigma': 85.7651881587666, 'g_stn_gpe_mult': 3.602337245116126, 'g_gpe_stn_mult': 0.12320404359178945, 'g_stn_gpi_mult': 1.7281504085325643, 'g_gpe_gpi_mult': 0.700118668614071}. Best is trial 648 with value: 0.11256383473042018.
[I 2026-05-28 22:02:19,092] Trial 669 finished with value: 0.12080333355540149 and parameters: {'ISTN': 60.49247585850647, 'I_gpe': 1.3625731359194382, 'I_gpi': 2.427322864843091, 'noise_stn_sigma': 3.342795956233442, 'noise_gpe_sigma': 109.9230701101309, 'noise_gpi_sigma': 87.20547119939928, 'g_stn_gpe_mult': 3.7480903187939063, 'g_gpe_stn_mult': 0.10808501814800978, 'g_stn_gpi_mult': 1.7153753416829882, 'g_gpe_gpi_mult': 0.7348092643807276}. Best is trial 648 with value: 0.11256383473042018.
[I 2026-05-28 22:02:20,070] Trial 670 finished with value: 0.11784070197146919 and parameters: {'ISTN': 60.52880865466684, 'I_gpe': 1.3535864809042115, 'I_gpi': 2.3014432990519813, 'noise_stn_sigma': 3.383185470960751, 'noise_gpe_sigma': 109.51301354631956, 'noise_gpi_sigma': 84.3625749051372, 'g_stn_gpe_mult': 3.7330493897014043, 'g_gpe_stn_mult': 0.10602287153280927, 'g_stn_gpi_mult': 1.7369467080118346, 'g_gpe_gpi_mult': 0.7035007872456089}. Best is trial 648 with value: 0.11256383473042018.
[I 2026-05-28 22:02:21,051] Trial 671 finished with value: 0.11443349841466366 and parameters: {'ISTN': 60.195242652063605, 'I_gpe': 1.3486920110937637, 'I_gpi': 2.399489145773402, 'noise_stn_sigma': 3.2801311411882, 'noise_gpe_sigma': 115.9827554837454, 'noise_gpi_sigma': 90.13072514874703, 'g_stn_gpe_mult': 3.5670231721517465, 'g_gpe_stn_mult': 0.12343515968219172, 'g_stn_gpi_mult': 1.764227346529738, 'g_gpe_gpi_mult': 0.7050902921701547}. Best is trial 648 with value: 0.11256383473042018.
[I 2026-05-28 22:02:22,029] Trial 672 finished with value: 0.11524585720859898 and parameters: {'ISTN': 60.41682446450074, 'I_gpe': 1.3821465251548166, 'I_gpi': 2.341377132401883, 'noise_stn_sigma': 3.396566323648965, 'noise_gpe_sigma': 113.08185001387133, 'noise_gpi_sigma': 85.71310306438292, 'g_stn_gpe_mult': 3.6180077028485433, 'g_gpe_stn_mult': 0.1275384937786006, 'g_stn_gpi_mult': 1.7190116990740865, 'g_gpe_gpi_mult': 0.7008862932643494}. Best is trial 648 with value: 0.11256383473042018.
[I 2026-05-28 22:02:23,010] Trial 673 finished with value: 0.11537310292791013 and parameters: {'ISTN': 61.44158284413405, 'I_gpe': 1.3268717824762306, 'I_gpi': 2.3941640740561208, 'noise_stn_sigma': 3.479204116411982, 'noise_gpe_sigma': 112.27304651964086, 'noise_gpi_sigma': 84.79681836306969, 'g_stn_gpe_mult': 3.659759236269337, 'g_gpe_stn_mult': 0.11010125327331705, 'g_stn_gpi_mult': 1.7297272399273087, 'g_gpe_gpi_mult': 0.7121139767914382}. Best is trial 648 with value: 0.11256383473042018.
[I 2026-05-28 22:02:23,991] Trial 674 finished with value: 0.1139843607736141 and parameters: {'ISTN': 60.59836699010232, 'I_gpe': 1.3816811440276027, 'I_gpi': 2.3721347675257425, 'noise_stn_sigma': 3.366092510335589, 'noise_gpe_sigma': 111.09064872741492, 'noise_gpi_sigma': 88.22913133154888, 'g_stn_gpe_mult': 3.5698300143071346, 'g_gpe_stn_mult': 0.12205177160394842, 'g_stn_gpi_mult': 1.718902212811513, 'g_gpe_gpi_mult': 0.7071548882726042}. Best is trial 648 with value: 0.11256383473042018.
[I 2026-05-28 22:02:24,969] Trial 675 finished with value: 0.11338510874068194 and parameters: {'ISTN': 60.51379860090953, 'I_gpe': 1.312182886714254, 'I_gpi': 2.392353002713413, 'noise_stn_sigma': 3.5239943891873553, 'noise_gpe_sigma': 111.89032719450049, 'noise_gpi_sigma': 85.61044556607952, 'g_stn_gpe_mult': 3.662970183979123, 'g_gpe_stn_mult': 0.12906665029920095, 'g_stn_gpi_mult': 1.7322248739408193, 'g_gpe_gpi_mult': 0.6925877283164257}. Best is trial 648 with value: 0.11256383473042018.
[I 2026-05-28 22:02:25,949] Trial 676 finished with value: 0.11637883871599937 and parameters: {'ISTN': 61.46148558510612, 'I_gpe': 1.3509728666482852, 'I_gpi': 2.3783227316660063, 'noise_stn_sigma': 3.337934382629943, 'noise_gpe_sigma': 114.07968746914065, 'noise_gpi_sigma': 84.61403336533363, 'g_stn_gpe_mult': 3.5164717935602883, 'g_gpe_stn_mult': 0.10503582141720193, 'g_stn_gpi_mult': 1.7468876441876047, 'g_gpe_gpi_mult': 0.6959951066971808}. Best is trial 648 with value: 0.11256383473042018.
[I 2026-05-28 22:02:26,927] Trial 677 finished with value: 0.1646395498364499 and parameters: {'ISTN': 61.06674026318037, 'I_gpe': 1.3099234238314532, 'I_gpi': 2.3424062614858405, 'noise_stn_sigma': 3.5209546844254587, 'noise_gpe_sigma': 112.78546968823699, 'noise_gpi_sigma': 86.4584874073503, 'g_stn_gpe_mult': 3.478086546610238, 'g_gpe_stn_mult': 0.12046822228632405, 'g_stn_gpi_mult': 1.6849887990872559, 'g_gpe_gpi_mult': 0.6939051895860788}. Best is trial 648 with value: 0.11256383473042018.
[I 2026-05-28 22:02:27,905] Trial 678 finished with value: 0.11276235406286791 and parameters: {'ISTN': 60.25499705910907, 'I_gpe': 1.3395520607611653, 'I_gpi': 2.37532178201813, 'noise_stn_sigma': 3.5175756124814432, 'noise_gpe_sigma': 112.16344770417854, 'noise_gpi_sigma': 85.05282513536454, 'g_stn_gpe_mult': 3.6096558786813535, 'g_gpe_stn_mult': 0.13804156732842227, 'g_stn_gpi_mult': 1.6900568581648876, 'g_gpe_gpi_mult': 0.7091683223485625}. Best is trial 648 with value: 0.11256383473042018.
[I 2026-05-28 22:02:28,884] Trial 679 finished with value: 0.11328692281025285 and parameters: {'ISTN': 60.912863580460176, 'I_gpe': 1.3291633975629724, 'I_gpi': 2.297479026138401, 'noise_stn_sigma': 3.448837864769394, 'noise_gpe_sigma': 116.17220998513858, 'noise_gpi_sigma': 87.56693574811027, 'g_stn_gpe_mult': 3.56544788523118, 'g_gpe_stn_mult': 0.11920301714990765, 'g_stn_gpi_mult': 1.7524535268279113, 'g_gpe_gpi_mult': 0.7066970970715263}. Best is trial 648 with value: 0.11256383473042018.
[I 2026-05-28 22:02:29,862] Trial 680 finished with value: 0.1171332812254818 and parameters: {'ISTN': 61.23029951628019, 'I_gpe': 1.357415774402528, 'I_gpi': 2.4098003980105114, 'noise_stn_sigma': 3.4326648921759033, 'noise_gpe_sigma': 115.18534806864531, 'noise_gpi_sigma': 87.29247993019023, 'g_stn_gpe_mult': 3.5449270217249254, 'g_gpe_stn_mult': 0.11523039562721464, 'g_stn_gpi_mult': 1.7281980991398145, 'g_gpe_gpi_mult': 0.7031821398096876}. Best is trial 648 with value: 0.11256383473042018.
[I 2026-05-28 22:02:30,843] Trial 681 finished with value: 0.3374911490323025 and parameters: {'ISTN': 61.408281257135826, 'I_gpe': 1.3714109309205063, 'I_gpi': 2.2730982482301325, 'noise_stn_sigma': 3.6818121544529347, 'noise_gpe_sigma': 113.66991087635874, 'noise_gpi_sigma': 83.9242400914238, 'g_stn_gpe_mult': 3.625449922653385, 'g_gpe_stn_mult': 0.1258156140378613, 'g_stn_gpi_mult': 1.6449224028715004, 'g_gpe_gpi_mult': 0.6946055171620915}. Best is trial 648 with value: 0.11256383473042018.
[I 2026-05-28 22:02:31,822] Trial 682 finished with value: 0.11422280592642269 and parameters: {'ISTN': 60.42459660352122, 'I_gpe': 1.305752463290664, 'I_gpi': 2.3906393779880997, 'noise_stn_sigma': 3.5601424932706687, 'noise_gpe_sigma': 112.28739905839754, 'noise_gpi_sigma': 87.72253469329915, 'g_stn_gpe_mult': 3.5757140159170278, 'g_gpe_stn_mult': 0.11686210213204509, 'g_stn_gpi_mult': 1.7364261066157745, 'g_gpe_gpi_mult': 0.7142746044201815}. Best is trial 648 with value: 0.11256383473042018.
[I 2026-05-28 22:02:32,802] Trial 683 finished with value: 0.11780251161366939 and parameters: {'ISTN': 60.78085274591599, 'I_gpe': 1.3828623413108059, 'I_gpi': 2.397750559138325, 'noise_stn_sigma': 3.3700267757260285, 'noise_gpe_sigma': 113.01051028122488, 'noise_gpi_sigma': 86.55297296325223, 'g_stn_gpe_mult': 3.670158629796455, 'g_gpe_stn_mult': 0.12493132765940629, 'g_stn_gpi_mult': 1.7072460447022753, 'g_gpe_gpi_mult': 0.7066287757581713}. Best is trial 648 with value: 0.11256383473042018.
[I 2026-05-28 22:02:33,781] Trial 684 finished with value: 0.1202570354445352 and parameters: {'ISTN': 61.64682482335236, 'I_gpe': 1.357811222674343, 'I_gpi': 2.3448096020906224, 'noise_stn_sigma': 3.289783011935254, 'noise_gpe_sigma': 112.65952077642245, 'noise_gpi_sigma': 85.93032963267059, 'g_stn_gpe_mult': 3.610065951628222, 'g_gpe_stn_mult': 0.1223454967619594, 'g_stn_gpi_mult': 1.7028993860306996, 'g_gpe_gpi_mult': 0.6971607870763138}. Best is trial 648 with value: 0.11256383473042018.
[I 2026-05-28 22:02:34,760] Trial 685 finished with value: 0.11088391199858377 and parameters: {'ISTN': 60.32827655600647, 'I_gpe': 1.333154882938922, 'I_gpi': 2.3929470051370245, 'noise_stn_sigma': 3.642168902364277, 'noise_gpe_sigma': 115.1588986085297, 'noise_gpi_sigma': 85.30128008043681, 'g_stn_gpe_mult': 3.5958965469553497, 'g_gpe_stn_mult': 0.1303542251824303, 'g_stn_gpi_mult': 1.726279147117848, 'g_gpe_gpi_mult': 0.7054292093867043}. Best is trial 685 with value: 0.11088391199858377.
[I 2026-05-28 22:02:35,740] Trial 686 finished with value: 0.11573783984740296 and parameters: {'ISTN': 60.66899016350128, 'I_gpe': 1.323316974971935, 'I_gpi': 2.3606788305998583, 'noise_stn_sigma': 3.371034688925537, 'noise_gpe_sigma': 111.68872267618406, 'noise_gpi_sigma': 85.13896238525884, 'g_stn_gpe_mult': 3.624980348680876, 'g_gpe_stn_mult': 0.1269656536574753, 'g_stn_gpi_mult': 1.7110953083682405, 'g_gpe_gpi_mult': 0.6976501843928047}. Best is trial 685 with value: 0.11088391199858377.
[I 2026-05-28 22:02:36,660] Trial 687 finished with value: 1000000.0 and parameters: {'ISTN': 60.18934378275522, 'I_gpe': 1.3109913768118882, 'I_gpi': 2.382839830724903, 'noise_stn_sigma': 3.3391403516418787, 'noise_gpe_sigma': 107.51740926242176, 'noise_gpi_sigma': 85.12735946412278, 'g_stn_gpe_mult': 3.646582589844668, 'g_gpe_stn_mult': 0.1307806635082039, 'g_stn_gpi_mult': 1.7312260732179912, 'g_gpe_gpi_mult': 0.70845735078092}. Best is trial 685 with value: 0.11088391199858377.
[I 2026-05-28 22:02:37,640] Trial 688 finished with value: 0.114602709867605 and parameters: {'ISTN': 60.12173513386815, 'I_gpe': 1.3405808265463155, 'I_gpi': 2.383043631790191, 'noise_stn_sigma': 3.288095276210262, 'noise_gpe_sigma': 111.84418261702132, 'noise_gpi_sigma': 86.08772979306352, 'g_stn_gpe_mult': 3.6095000495446232, 'g_gpe_stn_mult': 0.14430232372379315, 'g_stn_gpi_mult': 1.7469738423841812, 'g_gpe_gpi_mult': 0.7072747364629919}. Best is trial 685 with value: 0.11088391199858377.
[I 2026-05-28 22:02:38,620] Trial 689 finished with value: 0.11447036969220699 and parameters: {'ISTN': 61.000773717123955, 'I_gpe': 1.3424208694690076, 'I_gpi': 2.322439986678054, 'noise_stn_sigma': 3.3881977093142406, 'noise_gpe_sigma': 115.21390908686165, 'noise_gpi_sigma': 87.26777897264478, 'g_stn_gpe_mult': 3.7373032599187006, 'g_gpe_stn_mult': 0.11974074481494058, 'g_stn_gpi_mult': 1.6812240730600976, 'g_gpe_gpi_mult': 0.7086313904399009}. Best is trial 685 with value: 0.11088391199858377.
[I 2026-05-28 22:02:39,596] Trial 690 finished with value: 0.13741895593679188 and parameters: {'ISTN': 61.578308673851026, 'I_gpe': 1.3069784359788532, 'I_gpi': 2.322142936661652, 'noise_stn_sigma': 3.4157530978494277, 'noise_gpe_sigma': 112.50829844334648, 'noise_gpi_sigma': 87.87134048084141, 'g_stn_gpe_mult': 3.627961013359373, 'g_gpe_stn_mult': 0.1089370975411997, 'g_stn_gpi_mult': 1.7183904256946123, 'g_gpe_gpi_mult': 0.6955785341516185}. Best is trial 685 with value: 0.11088391199858377.
[I 2026-05-28 22:02:40,574] Trial 691 finished with value: 0.11316770137046363 and parameters: {'ISTN': 60.23917980759679, 'I_gpe': 1.3580580132953037, 'I_gpi': 2.3777940545830782, 'noise_stn_sigma': 3.583803439313088, 'noise_gpe_sigma': 112.32701459304957, 'noise_gpi_sigma': 89.25528329940958, 'g_stn_gpe_mult': 3.622184228931994, 'g_gpe_stn_mult': 0.12038340695776122, 'g_stn_gpi_mult': 1.6994840532168922, 'g_gpe_gpi_mult': 0.7248793703460468}. Best is trial 685 with value: 0.11088391199858377.
[I 2026-05-28 22:02:41,553] Trial 692 finished with value: 0.11470318947139194 and parameters: {'ISTN': 60.99194101311821, 'I_gpe': 1.3060195980411102, 'I_gpi': 2.3773378213723415, 'noise_stn_sigma': 3.4836179535315646, 'noise_gpe_sigma': 110.21960330363181, 'noise_gpi_sigma': 85.29671790407286, 'g_stn_gpe_mult': 3.703176917882889, 'g_gpe_stn_mult': 0.11308581927204202, 'g_stn_gpi_mult': 1.6816163664025048, 'g_gpe_gpi_mult': 0.7283277191242923}. Best is trial 685 with value: 0.11088391199858377.
[I 2026-05-28 22:02:42,532] Trial 693 finished with value: 0.11399388482627962 and parameters: {'ISTN': 60.797381217233124, 'I_gpe': 1.318214708457429, 'I_gpi': 2.349086017016745, 'noise_stn_sigma': 3.3575995534823293, 'noise_gpe_sigma': 112.63947705097698, 'noise_gpi_sigma': 85.3356020292294, 'g_stn_gpe_mult': 3.670632791024812, 'g_gpe_stn_mult': 0.11557866330211053, 'g_stn_gpi_mult': 1.7067690643518607, 'g_gpe_gpi_mult': 0.709798910231874}. Best is trial 685 with value: 0.11088391199858377.
[I 2026-05-28 22:02:43,511] Trial 694 finished with value: 0.11367744173198807 and parameters: {'ISTN': 60.74702266489438, 'I_gpe': 1.2688906047870292, 'I_gpi': 2.3928539957495474, 'noise_stn_sigma': 3.6943392819225593, 'noise_gpe_sigma': 115.13811127167139, 'noise_gpi_sigma': 86.46033985715145, 'g_stn_gpe_mult': 3.51459187749448, 'g_gpe_stn_mult': 0.12743038145529656, 'g_stn_gpi_mult': 1.6989674283117608, 'g_gpe_gpi_mult': 0.7044848633714162}. Best is trial 685 with value: 0.11088391199858377.
[I 2026-05-28 22:02:44,490] Trial 695 finished with value: 0.19418243941748176 and parameters: {'ISTN': 61.099321197890944, 'I_gpe': 1.371272633820836, 'I_gpi': 2.3703541934237857, 'noise_stn_sigma': 3.4187933027801174, 'noise_gpe_sigma': 112.19374474973927, 'noise_gpi_sigma': 86.44762384817886, 'g_stn_gpe_mult': 3.6091115679698675, 'g_gpe_stn_mult': 0.13319712719061305, 'g_stn_gpi_mult': 1.732072922479007, 'g_gpe_gpi_mult': 0.7058521651337564}. Best is trial 685 with value: 0.11088391199858377.
[I 2026-05-28 22:02:45,472] Trial 696 finished with value: 0.11512150887003082 and parameters: {'ISTN': 60.055729542992076, 'I_gpe': 1.3337410934711322, 'I_gpi': 2.4160650012855127, 'noise_stn_sigma': 3.6693114243050986, 'noise_gpe_sigma': 116.11379293396709, 'noise_gpi_sigma': 84.7535808991906, 'g_stn_gpe_mult': 3.5946837665976554, 'g_gpe_stn_mult': 0.1252241051660017, 'g_stn_gpi_mult': 1.7036378645692822, 'g_gpe_gpi_mult': 0.7168993386644871}. Best is trial 685 with value: 0.11088391199858377.
[I 2026-05-28 22:02:46,447] Trial 697 finished with value: 1.009539244821646 and parameters: {'ISTN': 60.6241200440677, 'I_gpe': 1.2898964934376393, 'I_gpi': 2.36134437660002, 'noise_stn_sigma': 3.5246472191508693, 'noise_gpe_sigma': 114.58408389791019, 'noise_gpi_sigma': 87.20686287104402, 'g_stn_gpe_mult': 3.4864219814239124, 'g_gpe_stn_mult': 0.1359056910705821, 'g_stn_gpi_mult': 1.7381836172255964, 'g_gpe_gpi_mult': 0.717297355966733}. Best is trial 685 with value: 0.11088391199858377.
[I 2026-05-28 22:02:47,427] Trial 698 finished with value: 0.11523606109269278 and parameters: {'ISTN': 60.36963939900706, 'I_gpe': 1.3000429977342933, 'I_gpi': 2.3190658316821118, 'noise_stn_sigma': 3.6026329296079025, 'noise_gpe_sigma': 115.42939720015073, 'noise_gpi_sigma': 87.05524489074838, 'g_stn_gpe_mult': 3.6535760424983232, 'g_gpe_stn_mult': 0.10804523316764204, 'g_stn_gpi_mult': 1.6975221987342466, 'g_gpe_gpi_mult': 0.7178661439073302}. Best is trial 685 with value: 0.11088391199858377.
[I 2026-05-28 22:02:48,406] Trial 699 finished with value: 0.11357562408994985 and parameters: {'ISTN': 61.14044577676727, 'I_gpe': 1.334019741583026, 'I_gpi': 2.368223506724002, 'noise_stn_sigma': 3.7676949807274074, 'noise_gpe_sigma': 114.97827520553729, 'noise_gpi_sigma': 83.72676980544156, 'g_stn_gpe_mult': 3.540123013996425, 'g_gpe_stn_mult': 0.11237812307699402, 'g_stn_gpi_mult': 1.6981918103965599, 'g_gpe_gpi_mult': 0.7064340494062211}. Best is trial 685 with value: 0.11088391199858377.
[I 2026-05-28 22:02:49,383] Trial 700 finished with value: 0.11522373710321936 and parameters: {'ISTN': 60.45317385156861, 'I_gpe': 1.3456690715684854, 'I_gpi': 2.373530052819744, 'noise_stn_sigma': 3.387653189521493, 'noise_gpe_sigma': 112.67276392859605, 'noise_gpi_sigma': 87.41088707445742, 'g_stn_gpe_mult': 3.651441928173709, 'g_gpe_stn_mult': 0.14223658382988297, 'g_stn_gpi_mult': 1.7211998223195777, 'g_gpe_gpi_mult': 0.7117440115766172}. Best is trial 685 with value: 0.11088391199858377.
[I 2026-05-28 22:02:50,362] Trial 701 finished with value: 0.11306717450326458 and parameters: {'ISTN': 60.04544365473331, 'I_gpe': 1.3617640766714885, 'I_gpi': 2.3759311941847665, 'noise_stn_sigma': 3.6617126603128614, 'noise_gpe_sigma': 115.22779800739553, 'noise_gpi_sigma': 85.32375182720851, 'g_stn_gpe_mult': 3.679121928756185, 'g_gpe_stn_mult': 0.1283833927383813, 'g_stn_gpi_mult': 1.696582597094668, 'g_gpe_gpi_mult': 0.7342006831066599}. Best is trial 685 with value: 0.11088391199858377.
[I 2026-05-28 22:02:51,340] Trial 702 finished with value: 0.11472463830923678 and parameters: {'ISTN': 61.08750680613811, 'I_gpe': 1.3636474154005453, 'I_gpi': 2.396622145779525, 'noise_stn_sigma': 3.4833850341987525, 'noise_gpe_sigma': 112.56749747828111, 'noise_gpi_sigma': 86.72468457797241, 'g_stn_gpe_mult': 3.551564227296412, 'g_gpe_stn_mult': 0.10746656876384907, 'g_stn_gpi_mult': 1.6716657152468235, 'g_gpe_gpi_mult': 0.7128541229959511}. Best is trial 685 with value: 0.11088391199858377.
[I 2026-05-28 22:02:52,318] Trial 703 finished with value: 0.11458237493505863 and parameters: {'ISTN': 60.47742439427537, 'I_gpe': 1.2819426889007406, 'I_gpi': 2.426040817764245, 'noise_stn_sigma': 3.625808384397976, 'noise_gpe_sigma': 112.02084194987336, 'noise_gpi_sigma': 87.45894904710744, 'g_stn_gpe_mult': 3.5979057133372385, 'g_gpe_stn_mult': 0.12556443854039545, 'g_stn_gpi_mult': 1.6577978006992615, 'g_gpe_gpi_mult': 0.7150786419907078}. Best is trial 685 with value: 0.11088391199858377.
