[I 2026-05-28 21:42:33,731] Trial 484 finished with value: 0.20149282400835278 and parameters: {'ISTN': 61.28947878572461, 'I_gpe': 1.0271056411438382, 'I_gpi': 2.0149277391167004, 'noise_stn_sigma': 2.9518249190806376, 'noise_gpe_sigma': 104.77675486752528, 'noise_gpi_sigma': 100.9537156359022, 'g_stn_gpe_mult': 3.6459312518219735, 'g_gpe_stn_mult': 0.12842751519973403, 'g_stn_gpi_mult': 2.890983851943905, 'g_gpe_gpi_mult': 0.7043687724006207}. Best is trial 483 with value: 0.132453131005289.
[I 2026-05-28 21:42:34,738] Trial 485 finished with value: 0.24580001364639045 and parameters: {'ISTN': 61.60340819666666, 'I_gpe': 1.0968727631063726, 'I_gpi': 2.112651553433544, 'noise_stn_sigma': 3.3962793279556482, 'noise_gpe_sigma': 104.7992353241912, 'noise_gpi_sigma': 101.41510152974833, 'g_stn_gpe_mult': 3.7011934367162693, 'g_gpe_stn_mult': 0.13223317870201412, 'g_stn_gpi_mult': 2.7856393685303837, 'g_gpe_gpi_mult': 0.6972877918087972}. Best is trial 483 with value: 0.132453131005289.
[I 2026-05-28 21:42:35,746] Trial 486 finished with value: 0.1337312615952216 and parameters: {'ISTN': 60.48851858778295, 'I_gpe': 1.1712733846571624, 'I_gpi': 2.053351098205622, 'noise_stn_sigma': 3.040668224998503, 'noise_gpe_sigma': 102.58660159701819, 'noise_gpi_sigma': 100.59753564019948, 'g_stn_gpe_mult': 3.6107991083664, 'g_gpe_stn_mult': 0.16101394802667485, 'g_stn_gpi_mult': 2.759661541140944, 'g_gpe_gpi_mult': 0.6379684045460398}. Best is trial 483 with value: 0.132453131005289.
[I 2026-05-28 21:42:36,755] Trial 487 finished with value: 0.14927138580146004 and parameters: {'ISTN': 61.256796856492244, 'I_gpe': 0.9895964246673519, 'I_gpi': 1.8918873247568913, 'noise_stn_sigma': 2.8342464798003437, 'noise_gpe_sigma': 108.30566713892392, 'noise_gpi_sigma': 93.82807909088615, 'g_stn_gpe_mult': 3.566958244375605, 'g_gpe_stn_mult': 0.15756253088746913, 'g_stn_gpi_mult': 2.8603937929614096, 'g_gpe_gpi_mult': 0.7235672853533985}. Best is trial 483 with value: 0.132453131005289.
[I 2026-05-28 21:42:37,761] Trial 488 finished with value: 0.20221828858259927 and parameters: {'ISTN': 61.8349552561089, 'I_gpe': 1.1788161051432557, 'I_gpi': 2.0991157242556393, 'noise_stn_sigma': 3.7867503766215505, 'noise_gpe_sigma': 106.55358115712026, 'noise_gpi_sigma': 93.76532395433473, 'g_stn_gpe_mult': 3.548902846367333, 'g_gpe_stn_mult': 0.1566979955542322, 'g_stn_gpi_mult': 2.945040161112595, 'g_gpe_gpi_mult': 0.7055350263196534}. Best is trial 483 with value: 0.132453131005289.
[I 2026-05-28 21:42:38,770] Trial 489 finished with value: 0.1545969522160016 and parameters: {'ISTN': 61.64228174280717, 'I_gpe': 1.1173391670109858, 'I_gpi': 2.002030560228844, 'noise_stn_sigma': 3.4924227694254095, 'noise_gpe_sigma': 103.66795346398413, 'noise_gpi_sigma': 100.39959031692135, 'g_stn_gpe_mult': 3.637117946740349, 'g_gpe_stn_mult': 0.1489302080784831, 'g_stn_gpi_mult': 2.8700153272037494, 'g_gpe_gpi_mult': 0.6850610459082008}. Best is trial 483 with value: 0.132453131005289.
[I 2026-05-28 21:42:39,776] Trial 490 finished with value: 0.1518002701369346 and parameters: {'ISTN': 60.98589792799405, 'I_gpe': 1.0018672762684542, 'I_gpi': 2.003266557450078, 'noise_stn_sigma': 3.306307530564249, 'noise_gpe_sigma': 108.29875354352913, 'noise_gpi_sigma': 92.23138736642892, 'g_stn_gpe_mult': 3.5274593727691843, 'g_gpe_stn_mult': 0.16308549952416532, 'g_stn_gpi_mult': 2.936547564874851, 'g_gpe_gpi_mult': 0.6813525387844492}. Best is trial 483 with value: 0.132453131005289.
[I 2026-05-28 21:42:40,784] Trial 491 finished with value: 0.1574936316239223 and parameters: {'ISTN': 61.90206560289415, 'I_gpe': 1.1683493131901561, 'I_gpi': 2.0331568752698512, 'noise_stn_sigma': 3.0614146555607067, 'noise_gpe_sigma': 104.25087760686958, 'noise_gpi_sigma': 94.83778802329563, 'g_stn_gpe_mult': 3.5023774570080177, 'g_gpe_stn_mult': 0.156145684407043, 'g_stn_gpi_mult': 2.7931584925732316, 'g_gpe_gpi_mult': 0.6446933915138486}. Best is trial 483 with value: 0.132453131005289.
[I 2026-05-28 21:42:41,793] Trial 492 finished with value: 0.15655303734103657 and parameters: {'ISTN': 61.88574653816933, 'I_gpe': 1.0638433402583065, 'I_gpi': 2.106296145933609, 'noise_stn_sigma': 3.0017229713183298, 'noise_gpe_sigma': 103.35652982953398, 'noise_gpi_sigma': 98.64069066843247, 'g_stn_gpe_mult': 3.5281441942090552, 'g_gpe_stn_mult': 0.13619735103481545, 'g_stn_gpi_mult': 2.8754634283978424, 'g_gpe_gpi_mult': 0.6896111743388414}. Best is trial 483 with value: 0.132453131005289.
[I 2026-05-28 21:42:42,798] Trial 493 finished with value: 0.14274532736308723 and parameters: {'ISTN': 60.38608758963202, 'I_gpe': 1.1697310126657516, 'I_gpi': 1.9574911524560272, 'noise_stn_sigma': 2.803295902956334, 'noise_gpe_sigma': 105.24754882331773, 'noise_gpi_sigma': 90.20375329314429, 'g_stn_gpe_mult': 3.5468439755407033, 'g_gpe_stn_mult': 0.14894997232479515, 'g_stn_gpi_mult': 2.743785720859802, 'g_gpe_gpi_mult': 0.6595189721141135}. Best is trial 483 with value: 0.132453131005289.
[I 2026-05-28 21:42:43,806] Trial 494 finished with value: 0.28078639876343003 and parameters: {'ISTN': 60.36304142218127, 'I_gpe': 1.0654016579587005, 'I_gpi': 2.0084629247954364, 'noise_stn_sigma': 2.6452634042284098, 'noise_gpe_sigma': 110.16985020594826, 'noise_gpi_sigma': 89.80148184269386, 'g_stn_gpe_mult': 3.6666642554920155, 'g_gpe_stn_mult': 0.1586118251610901, 'g_stn_gpi_mult': 2.762645475677277, 'g_gpe_gpi_mult': 0.7238855290015573}. Best is trial 483 with value: 0.132453131005289.
[I 2026-05-28 21:42:44,813] Trial 495 finished with value: 0.1802676511431725 and parameters: {'ISTN': 62.40509158737625, 'I_gpe': 1.3055694673513674, 'I_gpi': 2.1368788731665203, 'noise_stn_sigma': 3.2791252879169726, 'noise_gpe_sigma': 100.63032012785406, 'noise_gpi_sigma': 98.42539673293714, 'g_stn_gpe_mult': 3.56127955566999, 'g_gpe_stn_mult': 0.14490185611124595, 'g_stn_gpi_mult': 2.782859529945281, 'g_gpe_gpi_mult': 0.6645808843582826}. Best is trial 483 with value: 0.132453131005289.
[I 2026-05-28 21:42:45,821] Trial 496 finished with value: 0.1573400215182024 and parameters: {'ISTN': 61.24984184352784, 'I_gpe': 1.2114537373030712, 'I_gpi': 1.9396962958553368, 'noise_stn_sigma': 2.7973398497417703, 'noise_gpe_sigma': 104.46812560086688, 'noise_gpi_sigma': 95.82304927199372, 'g_stn_gpe_mult': 3.5434093715534383, 'g_gpe_stn_mult': 0.17153829288756373, 'g_stn_gpi_mult': 2.8092837557387877, 'g_gpe_gpi_mult': 0.7069496377910511}. Best is trial 483 with value: 0.132453131005289.
[I 2026-05-28 21:42:46,827] Trial 497 finished with value: 0.17454745166995195 and parameters: {'ISTN': 61.952315499804186, 'I_gpe': 1.17873666008377, 'I_gpi': 1.9974838422128731, 'noise_stn_sigma': 3.849655176955168, 'noise_gpe_sigma': 105.97580617218979, 'noise_gpi_sigma': 94.60194692397715, 'g_stn_gpe_mult': 3.502692634613072, 'g_gpe_stn_mult': 0.15392890433757636, 'g_stn_gpi_mult': 2.930687758834976, 'g_gpe_gpi_mult': 0.6620565182741815}. Best is trial 483 with value: 0.132453131005289.
[I 2026-05-28 21:42:47,835] Trial 498 finished with value: 0.15348605757126157 and parameters: {'ISTN': 60.78700071827969, 'I_gpe': 1.1348168276509316, 'I_gpi': 2.0901764719071463, 'noise_stn_sigma': 3.338720584787858, 'noise_gpe_sigma': 102.78641412700851, 'noise_gpi_sigma': 97.12851202143823, 'g_stn_gpe_mult': 3.5423193585724704, 'g_gpe_stn_mult': 0.17212628549352071, 'g_stn_gpi_mult': 2.8913309900193895, 'g_gpe_gpi_mult': 0.6856204804104735}. Best is trial 483 with value: 0.132453131005289.
[I 2026-05-28 21:42:48,843] Trial 499 finished with value: 0.1525022195357354 and parameters: {'ISTN': 61.625833943590735, 'I_gpe': 1.0860537484419504, 'I_gpi': 1.9305348306360814, 'noise_stn_sigma': 3.200536199228207, 'noise_gpe_sigma': 103.72098756647996, 'noise_gpi_sigma': 99.22101007259883, 'g_stn_gpe_mult': 3.499631731213181, 'g_gpe_stn_mult': 0.15641599240245113, 'g_stn_gpi_mult': 2.8693676803680823, 'g_gpe_gpi_mult': 0.6570519182368502}. Best is trial 483 with value: 0.132453131005289.
[I 2026-05-28 21:42:49,850] Trial 500 finished with value: 0.16654171054047517 and parameters: {'ISTN': 61.50937751944065, 'I_gpe': 1.1497203153092126, 'I_gpi': 1.9787135578239732, 'noise_stn_sigma': 2.9980445912726355, 'noise_gpe_sigma': 105.09567987932532, 'noise_gpi_sigma': 92.50706077874872, 'g_stn_gpe_mult': 3.600209720687479, 'g_gpe_stn_mult': 0.17466897378812765, 'g_stn_gpi_mult': 2.7684460652155836, 'g_gpe_gpi_mult': 0.6875719181323152}. Best is trial 483 with value: 0.132453131005289.
[I 2026-05-28 21:42:50,856] Trial 501 finished with value: 0.17269328895292077 and parameters: {'ISTN': 63.075071992095445, 'I_gpe': 1.0883897438171792, 'I_gpi': 2.0087655962398525, 'noise_stn_sigma': 3.0668898042933264, 'noise_gpe_sigma': 105.5986400474652, 'noise_gpi_sigma': 92.95514181416583, 'g_stn_gpe_mult': 3.394524898932379, 'g_gpe_stn_mult': 0.1413774651680681, 'g_stn_gpi_mult': 2.8532794851084935, 'g_gpe_gpi_mult': 0.6575912760600533}. Best is trial 483 with value: 0.132453131005289.
[I 2026-05-28 21:42:51,861] Trial 502 finished with value: 0.1797249236422019 and parameters: {'ISTN': 61.808058140040586, 'I_gpe': 1.1121760113002466, 'I_gpi': 1.944515065903715, 'noise_stn_sigma': 2.838321317464625, 'noise_gpe_sigma': 107.91223578481856, 'noise_gpi_sigma': 96.95605220828354, 'g_stn_gpe_mult': 3.644451085854361, 'g_gpe_stn_mult': 0.13969400406078641, 'g_stn_gpi_mult': 2.762253556194306, 'g_gpe_gpi_mult': 0.6856999042463885}. Best is trial 483 with value: 0.132453131005289.
[I 2026-05-28 21:42:52,869] Trial 503 finished with value: 0.51913232153395 and parameters: {'ISTN': 60.635211423314274, 'I_gpe': 0.9842620218862191, 'I_gpi': 1.9101840752512926, 'noise_stn_sigma': 2.793790891372368, 'noise_gpe_sigma': 106.20071985319731, 'noise_gpi_sigma': 93.82411050101733, 'g_stn_gpe_mult': 3.7995013738802177, 'g_gpe_stn_mult': 0.15935643800363875, 'g_stn_gpi_mult': 2.6785206102501258, 'g_gpe_gpi_mult': 0.6956939023821886}. Best is trial 483 with value: 0.132453131005289.
[I 2026-05-28 21:42:53,877] Trial 504 finished with value: 0.15567994988028272 and parameters: {'ISTN': 61.870093596714675, 'I_gpe': 1.1774859787847456, 'I_gpi': 2.0950228014368637, 'noise_stn_sigma': 3.094386367900106, 'noise_gpe_sigma': 107.72594074429603, 'noise_gpi_sigma': 92.57187044908345, 'g_stn_gpe_mult': 3.5859749774306477, 'g_gpe_stn_mult': 0.13386442377306734, 'g_stn_gpi_mult': 2.8268419201132007, 'g_gpe_gpi_mult': 0.6702679133184921}. Best is trial 483 with value: 0.132453131005289.
[I 2026-05-28 21:42:54,885] Trial 505 finished with value: 0.14547316279997524 and parameters: {'ISTN': 60.92571006142201, 'I_gpe': 1.1715538300814068, 'I_gpi': 1.8848333365908685, 'noise_stn_sigma': 2.711471143568007, 'noise_gpe_sigma': 105.43070493339324, 'noise_gpi_sigma': 95.16022877833326, 'g_stn_gpe_mult': 3.529433060027282, 'g_gpe_stn_mult': 0.1683735026174404, 'g_stn_gpi_mult': 2.8622292004827683, 'g_gpe_gpi_mult': 0.6492140530149659}. Best is trial 483 with value: 0.132453131005289.
[I 2026-05-28 21:42:55,894] Trial 506 finished with value: 0.15883096109768727 and parameters: {'ISTN': 60.927154525056885, 'I_gpe': 1.061901237343906, 'I_gpi': 1.9566247012815254, 'noise_stn_sigma': 2.8119462340307773, 'noise_gpe_sigma': 104.0887612533688, 'noise_gpi_sigma': 95.2921984969861, 'g_stn_gpe_mult': 3.5512363412355876, 'g_gpe_stn_mult': 0.1878998766868118, 'g_stn_gpi_mult': 2.899124322531044, 'g_gpe_gpi_mult': 0.6688954413221728}. Best is trial 483 with value: 0.132453131005289.
[I 2026-05-28 21:42:56,902] Trial 507 finished with value: 0.23070044920119598 and parameters: {'ISTN': 61.6082931735156, 'I_gpe': 0.9852937424516162, 'I_gpi': 1.9669990899908725, 'noise_stn_sigma': 2.967803486691925, 'noise_gpe_sigma': 103.57116734049806, 'noise_gpi_sigma': 90.89914802396191, 'g_stn_gpe_mult': 3.626589343064258, 'g_gpe_stn_mult': 0.12630440639360813, 'g_stn_gpi_mult': 2.710163232740715, 'g_gpe_gpi_mult': 0.6957381636144466}. Best is trial 483 with value: 0.132453131005289.
[I 2026-05-28 21:42:57,911] Trial 508 finished with value: 0.16294491719868673 and parameters: {'ISTN': 62.30281364166674, 'I_gpe': 1.1446363451872763, 'I_gpi': 2.0076353130454967, 'noise_stn_sigma': 2.9759885997971964, 'noise_gpe_sigma': 103.17402116124113, 'noise_gpi_sigma': 98.70221870621486, 'g_stn_gpe_mult': 3.528667511439467, 'g_gpe_stn_mult': 0.1526832698352469, 'g_stn_gpi_mult': 2.807155487423284, 'g_gpe_gpi_mult': 0.6364580928940515}. Best is trial 483 with value: 0.132453131005289.
[I 2026-05-28 21:42:58,919] Trial 509 finished with value: 0.14990982006369447 and parameters: {'ISTN': 60.90027774799402, 'I_gpe': 1.067906903773998, 'I_gpi': 1.8506865863886943, 'noise_stn_sigma': 2.8327880918710937, 'noise_gpe_sigma': 108.33707101935788, 'noise_gpi_sigma': 91.84984819644156, 'g_stn_gpe_mult': 3.5716333079282285, 'g_gpe_stn_mult': 0.17973244724358434, 'g_stn_gpi_mult': 2.794707591698739, 'g_gpe_gpi_mult': 0.6510133884418163}. Best is trial 483 with value: 0.132453131005289.
[I 2026-05-28 21:42:59,926] Trial 510 finished with value: 0.1530233007375411 and parameters: {'ISTN': 61.79027790152815, 'I_gpe': 1.0754492629862271, 'I_gpi': 1.923600378571134, 'noise_stn_sigma': 3.2187418145825415, 'noise_gpe_sigma': 104.1838306588161, 'noise_gpi_sigma': 97.58274891581955, 'g_stn_gpe_mult': 3.476400674569496, 'g_gpe_stn_mult': 0.13518146365675354, 'g_stn_gpi_mult': 2.8526589429755376, 'g_gpe_gpi_mult': 0.6869846954511787}. Best is trial 483 with value: 0.132453131005289.
[I 2026-05-28 21:43:00,935] Trial 511 finished with value: 0.1563668056616158 and parameters: {'ISTN': 61.690220548299436, 'I_gpe': 1.0458842275683948, 'I_gpi': 1.8947288054146816, 'noise_stn_sigma': 2.9291410113745213, 'noise_gpe_sigma': 104.78379490270315, 'noise_gpi_sigma': 93.22492208749229, 'g_stn_gpe_mult': 3.427710140551299, 'g_gpe_stn_mult': 0.15615525645946268, 'g_stn_gpi_mult': 2.8378767042913537, 'g_gpe_gpi_mult': 0.6529077805936996}. Best is trial 483 with value: 0.132453131005289.
[I 2026-05-28 21:43:01,943] Trial 512 finished with value: 0.1489075955248198 and parameters: {'ISTN': 60.65694439562143, 'I_gpe': 0.9419376449055437, 'I_gpi': 1.9968241120456958, 'noise_stn_sigma': 2.6589379599715914, 'noise_gpe_sigma': 110.21729276976875, 'noise_gpi_sigma': 92.65036650738914, 'g_stn_gpe_mult': 3.677394525324053, 'g_gpe_stn_mult': 0.16663098492537856, 'g_stn_gpi_mult': 2.8910502270057234, 'g_gpe_gpi_mult': 0.6662969576624709}. Best is trial 483 with value: 0.132453131005289.
[I 2026-05-28 21:43:02,949] Trial 513 finished with value: 0.17020576375068888 and parameters: {'ISTN': 62.680859393513636, 'I_gpe': 1.2228176123160344, 'I_gpi': 1.9909793511193847, 'noise_stn_sigma': 2.907549104910369, 'noise_gpe_sigma': 108.98325812007464, 'noise_gpi_sigma': 97.29138834777119, 'g_stn_gpe_mult': 3.604485776370449, 'g_gpe_stn_mult': 0.17393853354112976, 'g_stn_gpi_mult': 2.7277379384916816, 'g_gpe_gpi_mult': 0.6848031027715344}. Best is trial 483 with value: 0.132453131005289.
[I 2026-05-28 21:43:03,955] Trial 514 finished with value: 0.14815823930920416 and parameters: {'ISTN': 61.87956466004961, 'I_gpe': 1.0456256403873598, 'I_gpi': 2.0520282723904497, 'noise_stn_sigma': 2.922054118674999, 'noise_gpe_sigma': 102.61744037575262, 'noise_gpi_sigma': 97.66325250243297, 'g_stn_gpe_mult': 3.525293853109895, 'g_gpe_stn_mult': 0.1428110498822917, 'g_stn_gpi_mult': 2.7329512171311285, 'g_gpe_gpi_mult': 0.6891563186834673}. Best is trial 483 with value: 0.132453131005289.
[I 2026-05-28 21:43:04,962] Trial 515 finished with value: 0.1639706065906017 and parameters: {'ISTN': 62.568894522821466, 'I_gpe': 1.192258026288854, 'I_gpi': 1.9099570493595714, 'noise_stn_sigma': 2.941679775997012, 'noise_gpe_sigma': 104.18759738462907, 'noise_gpi_sigma': 92.30180814067784, 'g_stn_gpe_mult': 3.4888649938224985, 'g_gpe_stn_mult': 0.14222331462951793, 'g_stn_gpi_mult': 2.7701751381451682, 'g_gpe_gpi_mult': 0.6187288397893729}. Best is trial 483 with value: 0.132453131005289.
[I 2026-05-28 21:43:05,971] Trial 516 finished with value: 0.15562421300338503 and parameters: {'ISTN': 62.280360453049695, 'I_gpe': 1.189364507370752, 'I_gpi': 1.8164287633326275, 'noise_stn_sigma': 2.4455380625287555, 'noise_gpe_sigma': 105.7635109933828, 'noise_gpi_sigma': 97.41126293341561, 'g_stn_gpe_mult': 3.547813416874133, 'g_gpe_stn_mult': 0.14865709475295039, 'g_stn_gpi_mult': 2.756168312749847, 'g_gpe_gpi_mult': 0.6573492905064828}. Best is trial 483 with value: 0.132453131005289.
[I 2026-05-28 21:43:06,981] Trial 517 finished with value: 0.17611449519384026 and parameters: {'ISTN': 61.27341696640456, 'I_gpe': 1.0700945716974406, 'I_gpi': 1.7716632665037628, 'noise_stn_sigma': 2.838514084721246, 'noise_gpe_sigma': 108.10436569953784, 'noise_gpi_sigma': 91.57060795456597, 'g_stn_gpe_mult': 3.5719157857667523, 'g_gpe_stn_mult': 0.18203737563518269, 'g_stn_gpi_mult': 2.910570230748164, 'g_gpe_gpi_mult': 0.6629740757634333}. Best is trial 483 with value: 0.132453131005289.
[I 2026-05-28 21:43:07,989] Trial 518 finished with value: 0.1846030104338053 and parameters: {'ISTN': 62.79615425652264, 'I_gpe': 1.0689071815897293, 'I_gpi': 1.7332962163025192, 'noise_stn_sigma': 2.7398241779838974, 'noise_gpe_sigma': 107.41292630326434, 'noise_gpi_sigma': 91.48876202509956, 'g_stn_gpe_mult': 3.6713378526359888, 'g_gpe_stn_mult': 0.14661837216665724, 'g_stn_gpi_mult': 2.862449741736733, 'g_gpe_gpi_mult': 0.6422768517425678}. Best is trial 483 with value: 0.132453131005289.
[I 2026-05-28 21:43:09,000] Trial 519 finished with value: 0.17459560394258794 and parameters: {'ISTN': 63.47907632560861, 'I_gpe': 1.0524235072372488, 'I_gpi': 2.05022290956488, 'noise_stn_sigma': 2.8852944305723867, 'noise_gpe_sigma': 104.89285944131109, 'noise_gpi_sigma': 96.49198123824645, 'g_stn_gpe_mult': 3.566586512539641, 'g_gpe_stn_mult': 0.16553295528677647, 'g_stn_gpi_mult': 2.813285886085141, 'g_gpe_gpi_mult': 0.6902258282905345}. Best is trial 483 with value: 0.132453131005289.
[I 2026-05-28 21:43:10,010] Trial 520 finished with value: 0.15935686125511145 and parameters: {'ISTN': 60.98289832776104, 'I_gpe': 1.062806202166943, 'I_gpi': 1.9594397527632121, 'noise_stn_sigma': 3.0463972451262933, 'noise_gpe_sigma': 106.83653206510105, 'noise_gpi_sigma': 93.2178154317777, 'g_stn_gpe_mult': 3.4186413972397585, 'g_gpe_stn_mult': 0.13243736809994025, 'g_stn_gpi_mult': 2.8436254869400743, 'g_gpe_gpi_mult': 0.7010973848411013}. Best is trial 483 with value: 0.132453131005289.
[I 2026-05-28 21:43:11,022] Trial 521 finished with value: 0.15396723662805328 and parameters: {'ISTN': 60.86026012651045, 'I_gpe': 0.9691601831289762, 'I_gpi': 1.9775071148741965, 'noise_stn_sigma': 2.796936537691206, 'noise_gpe_sigma': 104.8656878580995, 'noise_gpi_sigma': 97.49143835094357, 'g_stn_gpe_mult': 3.5556792822231813, 'g_gpe_stn_mult': 0.1443755737218395, 'g_stn_gpi_mult': 2.8187405644053585, 'g_gpe_gpi_mult': 0.6660853822199182}. Best is trial 483 with value: 0.132453131005289.
[I 2026-05-28 21:43:12,031] Trial 522 finished with value: 0.39503528410481836 and parameters: {'ISTN': 61.38095591416884, 'I_gpe': 1.1037693625295142, 'I_gpi': 1.9251606387973468, 'noise_stn_sigma': 2.9027105102552997, 'noise_gpe_sigma': 103.47090187956074, 'noise_gpi_sigma': 98.31616054833681, 'g_stn_gpe_mult': 3.5358911636094703, 'g_gpe_stn_mult': 0.14381211976584427, 'g_stn_gpi_mult': 2.726354126587331, 'g_gpe_gpi_mult': 0.6926294810388554}. Best is trial 483 with value: 0.132453131005289.
[I 2026-05-28 21:43:13,038] Trial 523 finished with value: 0.15095769471767467 and parameters: {'ISTN': 60.76024195454191, 'I_gpe': 1.0298533349207917, 'I_gpi': 1.8416065636728292, 'noise_stn_sigma': 2.5536111409213786, 'noise_gpe_sigma': 104.2431470405921, 'noise_gpi_sigma': 94.44900704157347, 'g_stn_gpe_mult': 3.4229058909344214, 'g_gpe_stn_mult': 0.17433333567940196, 'g_stn_gpi_mult': 2.9434547501926294, 'g_gpe_gpi_mult': 0.6617182020813364}. Best is trial 483 with value: 0.132453131005289.
[I 2026-05-28 21:43:14,048] Trial 524 finished with value: 0.1478447421363505 and parameters: {'ISTN': 61.26148098781957, 'I_gpe': 1.0163762614879808, 'I_gpi': 1.9883627628624185, 'noise_stn_sigma': 2.7902265227076346, 'noise_gpe_sigma': 105.89106008017714, 'noise_gpi_sigma': 95.42857920543568, 'g_stn_gpe_mult': 3.4506834440291656, 'g_gpe_stn_mult': 0.15831074547707114, 'g_stn_gpi_mult': 2.7942966131470723, 'g_gpe_gpi_mult': 0.6583008332787796}. Best is trial 483 with value: 0.132453131005289.
[I 2026-05-28 21:43:15,055] Trial 525 finished with value: 0.177602366896749 and parameters: {'ISTN': 62.876731595978264, 'I_gpe': 1.0737046953985598, 'I_gpi': 2.021028264505852, 'noise_stn_sigma': 2.9231790253793335, 'noise_gpe_sigma': 105.83132760849303, 'noise_gpi_sigma': 95.79717659664735, 'g_stn_gpe_mult': 3.500276976692597, 'g_gpe_stn_mult': 0.15552892279545036, 'g_stn_gpi_mult': 2.7458525427620772, 'g_gpe_gpi_mult': 0.6712273082929603}. Best is trial 483 with value: 0.132453131005289.
[I 2026-05-28 21:43:16,059] Trial 526 finished with value: 0.14924501646568117 and parameters: {'ISTN': 60.39131072809915, 'I_gpe': 1.0532071465265718, 'I_gpi': 2.1203938494733654, 'noise_stn_sigma': 2.7875782768638984, 'noise_gpe_sigma': 104.41344506015298, 'noise_gpi_sigma': 94.66097503475778, 'g_stn_gpe_mult': 3.6592522638183786, 'g_gpe_stn_mult': 0.16692468128851096, 'g_stn_gpi_mult': 2.731823290210853, 'g_gpe_gpi_mult': 0.7032905596752517}. Best is trial 483 with value: 0.132453131005289.
[I 2026-05-28 21:43:17,067] Trial 527 finished with value: 0.15282177423734083 and parameters: {'ISTN': 61.609651026660394, 'I_gpe': 1.118356525545602, 'I_gpi': 2.072775908551937, 'noise_stn_sigma': 2.8052894186060247, 'noise_gpe_sigma': 105.40258848328462, 'noise_gpi_sigma': 94.3317308518414, 'g_stn_gpe_mult': 3.4735072228569717, 'g_gpe_stn_mult': 0.1636012798440682, 'g_stn_gpi_mult': 2.7181910574220454, 'g_gpe_gpi_mult': 0.6389527849263357}. Best is trial 483 with value: 0.132453131005289.
