[I 2026-05-28 22:06:28,405] Trial 924 finished with value: 0.11020277773748799 and parameters: {'ISTN': 60.397186379061345, 'I_gpe': 1.3305033171453742, 'I_gpi': 2.3555587499892563, 'noise_stn_sigma': 3.766679428221957, 'noise_gpe_sigma': 121.29633485418961, 'noise_gpi_sigma': 87.98305206720802, 'g_stn_gpe_mult': 3.4509052714775033, 'g_gpe_stn_mult': 0.1280392299529546, 'g_stn_gpi_mult': 1.7470033141033572, 'g_gpe_gpi_mult': 0.7359672853639705}. Best is trial 875 with value: 0.10803973531654054.
[I 2026-05-28 22:06:29,384] Trial 925 finished with value: 0.11006586497886427 and parameters: {'ISTN': 60.39137594883851, 'I_gpe': 1.324387168877982, 'I_gpi': 2.36243770938757, 'noise_stn_sigma': 3.775505507913873, 'noise_gpe_sigma': 119.39746231629401, 'noise_gpi_sigma': 85.90653982316964, 'g_stn_gpe_mult': 3.485205556666304, 'g_gpe_stn_mult': 0.12690960736112172, 'g_stn_gpi_mult': 1.7433526856008452, 'g_gpe_gpi_mult': 0.7351307737759565}. Best is trial 875 with value: 0.10803973531654054.
[I 2026-05-28 22:06:30,362] Trial 926 finished with value: 0.10927622430809557 and parameters: {'ISTN': 60.094073096690195, 'I_gpe': 1.326454141352976, 'I_gpi': 2.350283068761251, 'noise_stn_sigma': 3.859995680119638, 'noise_gpe_sigma': 121.40480691139754, 'noise_gpi_sigma': 87.160302761076, 'g_stn_gpe_mult': 3.472858112557213, 'g_gpe_stn_mult': 0.13206799369853378, 'g_stn_gpi_mult': 1.7633627123198825, 'g_gpe_gpi_mult': 0.7429225085770492}. Best is trial 875 with value: 0.10803973531654054.
[I 2026-05-28 22:06:31,340] Trial 927 finished with value: 0.1134101875752442 and parameters: {'ISTN': 60.54229535396246, 'I_gpe': 1.3348060106405075, 'I_gpi': 2.3620481945563068, 'noise_stn_sigma': 3.8044213577000616, 'noise_gpe_sigma': 121.23394804235447, 'noise_gpi_sigma': 84.85630528071634, 'g_stn_gpe_mult': 3.5088172625836953, 'g_gpe_stn_mult': 0.12642530158346155, 'g_stn_gpi_mult': 1.755724974638086, 'g_gpe_gpi_mult': 0.7289322326048147}. Best is trial 875 with value: 0.10803973531654054.
[I 2026-05-28 22:06:32,318] Trial 928 finished with value: 0.11011820705216357 and parameters: {'ISTN': 60.371396599147275, 'I_gpe': 1.3286687486148372, 'I_gpi': 2.330688447834789, 'noise_stn_sigma': 3.773787651746454, 'noise_gpe_sigma': 119.32796250377042, 'noise_gpi_sigma': 85.62704059036338, 'g_stn_gpe_mult': 3.5419386437944045, 'g_gpe_stn_mult': 0.1311386416857204, 'g_stn_gpi_mult': 1.7363250148636682, 'g_gpe_gpi_mult': 0.726268558933264}. Best is trial 875 with value: 0.10803973531654054.
[I 2026-05-28 22:06:33,295] Trial 929 finished with value: 0.10951660028991557 and parameters: {'ISTN': 60.09095149772456, 'I_gpe': 1.339750180727476, 'I_gpi': 2.3619832959127245, 'noise_stn_sigma': 3.9103091787788893, 'noise_gpe_sigma': 121.8708826650729, 'noise_gpi_sigma': 86.32598642129126, 'g_stn_gpe_mult': 3.4646322435371997, 'g_gpe_stn_mult': 0.12837104438545732, 'g_stn_gpi_mult': 1.7081449386031564, 'g_gpe_gpi_mult': 0.7457122259164211}. Best is trial 875 with value: 0.10803973531654054.
[I 2026-05-28 22:06:34,273] Trial 930 finished with value: 0.10952423448093522 and parameters: {'ISTN': 60.65366977161183, 'I_gpe': 1.302817641034129, 'I_gpi': 2.356499130626776, 'noise_stn_sigma': 3.8456956558013995, 'noise_gpe_sigma': 118.55429073539773, 'noise_gpi_sigma': 85.14596093141871, 'g_stn_gpe_mult': 3.5259064615143645, 'g_gpe_stn_mult': 0.12148692532905475, 'g_stn_gpi_mult': 1.756997526677047, 'g_gpe_gpi_mult': 0.7412808779046016}. Best is trial 875 with value: 0.10803973531654054.
[I 2026-05-28 22:06:35,252] Trial 931 finished with value: 0.10903917117787669 and parameters: {'ISTN': 60.5455312527172, 'I_gpe': 1.3260933538828819, 'I_gpi': 2.352308231631195, 'noise_stn_sigma': 3.9348056774150453, 'noise_gpe_sigma': 121.71351528851153, 'noise_gpi_sigma': 87.51520450827614, 'g_stn_gpe_mult': 3.452293942275637, 'g_gpe_stn_mult': 0.12454397644306517, 'g_stn_gpi_mult': 1.7380081155729457, 'g_gpe_gpi_mult': 0.7507047407682939}. Best is trial 875 with value: 0.10803973531654054.
[I 2026-05-28 22:06:36,231] Trial 932 finished with value: 0.10973944608254257 and parameters: {'ISTN': 60.39985556277259, 'I_gpe': 1.339383944432722, 'I_gpi': 2.3525396697855854, 'noise_stn_sigma': 3.838534743199148, 'noise_gpe_sigma': 121.27873734518933, 'noise_gpi_sigma': 86.69208497395482, 'g_stn_gpe_mult': 3.4917204564722173, 'g_gpe_stn_mult': 0.1212009856085611, 'g_stn_gpi_mult': 1.7476732407635707, 'g_gpe_gpi_mult': 0.7330905125821288}. Best is trial 875 with value: 0.10803973531654054.
[I 2026-05-28 22:06:37,211] Trial 933 finished with value: 0.16251495559014606 and parameters: {'ISTN': 60.29395704717798, 'I_gpe': 1.3366172098959113, 'I_gpi': 2.368651996859284, 'noise_stn_sigma': 3.8223690252750333, 'noise_gpe_sigma': 121.80757473765105, 'noise_gpi_sigma': 87.0419005116425, 'g_stn_gpe_mult': 3.467917514342709, 'g_gpe_stn_mult': 0.1252182858308163, 'g_stn_gpi_mult': 1.757258378238138, 'g_gpe_gpi_mult': 0.7377176442636182}. Best is trial 875 with value: 0.10803973531654054.
[I 2026-05-28 22:06:38,190] Trial 934 finished with value: 0.11004713947110509 and parameters: {'ISTN': 60.17377911734386, 'I_gpe': 1.3217787566165669, 'I_gpi': 2.344383823373235, 'noise_stn_sigma': 3.8079312190264774, 'noise_gpe_sigma': 120.12962229806436, 'noise_gpi_sigma': 85.01281533340551, 'g_stn_gpe_mult': 3.5183127915500734, 'g_gpe_stn_mult': 0.12387179415182989, 'g_stn_gpi_mult': 1.7495761604502802, 'g_gpe_gpi_mult': 0.7393538031483868}. Best is trial 875 with value: 0.10803973531654054.
[I 2026-05-28 22:06:39,168] Trial 935 finished with value: 0.10998147460844888 and parameters: {'ISTN': 60.311216195192145, 'I_gpe': 1.3197370394316357, 'I_gpi': 2.380599266119471, 'noise_stn_sigma': 3.8481734538253365, 'noise_gpe_sigma': 121.51093356054504, 'noise_gpi_sigma': 86.49875360691296, 'g_stn_gpe_mult': 3.4834928305372053, 'g_gpe_stn_mult': 0.1229617694317167, 'g_stn_gpi_mult': 1.7400041671850777, 'g_gpe_gpi_mult': 0.7346859766571621}. Best is trial 875 with value: 0.10803973531654054.
[I 2026-05-28 22:06:40,145] Trial 936 finished with value: 0.13878989787728674 and parameters: {'ISTN': 60.249889010095046, 'I_gpe': 1.329715712479903, 'I_gpi': 2.3599424669737594, 'noise_stn_sigma': 3.759918237468781, 'noise_gpe_sigma': 120.36915632518, 'noise_gpi_sigma': 86.69220389599415, 'g_stn_gpe_mult': 3.4907641940509793, 'g_gpe_stn_mult': 0.12730733894148433, 'g_stn_gpi_mult': 1.7376063804828537, 'g_gpe_gpi_mult': 0.7397908006234675}. Best is trial 875 with value: 0.10803973531654054.
[I 2026-05-28 22:06:41,122] Trial 937 finished with value: 0.14609828696945779 and parameters: {'ISTN': 60.19587865377388, 'I_gpe': 1.3198625770695225, 'I_gpi': 2.35932505242349, 'noise_stn_sigma': 3.8222587804899555, 'noise_gpe_sigma': 117.83131695708651, 'noise_gpi_sigma': 86.50193964950788, 'g_stn_gpe_mult': 3.558233064677981, 'g_gpe_stn_mult': 0.12864066253597448, 'g_stn_gpi_mult': 1.7331644559108028, 'g_gpe_gpi_mult': 0.7459613036971813}. Best is trial 875 with value: 0.10803973531654054.
[I 2026-05-28 22:06:42,101] Trial 938 finished with value: 0.14665345621247605 and parameters: {'ISTN': 60.27022008436227, 'I_gpe': 1.3126462279141908, 'I_gpi': 2.3290899611890827, 'noise_stn_sigma': 3.812657345868514, 'noise_gpe_sigma': 121.09745148517709, 'noise_gpi_sigma': 87.72931283263736, 'g_stn_gpe_mult': 3.4851413626246193, 'g_gpe_stn_mult': 0.1294139963661382, 'g_stn_gpi_mult': 1.7491002614351987, 'g_gpe_gpi_mult': 0.73847210973303}. Best is trial 875 with value: 0.10803973531654054.
[I 2026-05-28 22:06:43,082] Trial 939 finished with value: 0.1100490027904252 and parameters: {'ISTN': 60.35076992509235, 'I_gpe': 1.3186418334624532, 'I_gpi': 2.3575082792709523, 'noise_stn_sigma': 3.8743245948534986, 'noise_gpe_sigma': 120.42258625801732, 'noise_gpi_sigma': 87.6119121353605, 'g_stn_gpe_mult': 3.4924697737903396, 'g_gpe_stn_mult': 0.1271513829810873, 'g_stn_gpi_mult': 1.7380351865368604, 'g_gpe_gpi_mult': 0.7449830866905987}. Best is trial 875 with value: 0.10803973531654054.
[I 2026-05-28 22:06:44,063] Trial 940 finished with value: 0.11121283261172751 and parameters: {'ISTN': 60.10297625022931, 'I_gpe': 1.31808746174331, 'I_gpi': 2.367066802818145, 'noise_stn_sigma': 3.8508724862920287, 'noise_gpe_sigma': 120.5338063252428, 'noise_gpi_sigma': 85.9187681469266, 'g_stn_gpe_mult': 3.474532156667995, 'g_gpe_stn_mult': 0.12998707567650863, 'g_stn_gpi_mult': 1.754886091492882, 'g_gpe_gpi_mult': 0.7404961868943354}. Best is trial 875 with value: 0.10803973531654054.
[I 2026-05-28 22:06:45,041] Trial 941 finished with value: 0.11137291711792953 and parameters: {'ISTN': 60.79463892952447, 'I_gpe': 1.3215656794473665, 'I_gpi': 2.35435354704874, 'noise_stn_sigma': 3.9131852254477155, 'noise_gpe_sigma': 121.5829092084454, 'noise_gpi_sigma': 85.7205407930842, 'g_stn_gpe_mult': 3.501144097705727, 'g_gpe_stn_mult': 0.12076948877266808, 'g_stn_gpi_mult': 1.743557065609, 'g_gpe_gpi_mult': 0.7413440101141906}. Best is trial 875 with value: 0.10803973531654054.
[I 2026-05-28 22:06:45,961] Trial 942 finished with value: 1000000.0 and parameters: {'ISTN': 60.384129779823475, 'I_gpe': 1.335115777180765, 'I_gpi': 2.330979822775915, 'noise_stn_sigma': 3.8731158652340767, 'noise_gpe_sigma': 121.39910351554545, 'noise_gpi_sigma': 86.14052987583281, 'g_stn_gpe_mult': 3.4675112493314995, 'g_gpe_stn_mult': 0.1230752481399767, 'g_stn_gpi_mult': 1.7391210808732618, 'g_gpe_gpi_mult': 0.7354500562528647}. Best is trial 875 with value: 0.10803973531654054.
[I 2026-05-28 22:06:46,939] Trial 943 finished with value: 0.11015112854160508 and parameters: {'ISTN': 60.374580762551126, 'I_gpe': 1.3298817463017498, 'I_gpi': 2.355839783849363, 'noise_stn_sigma': 3.860768092614578, 'noise_gpe_sigma': 121.15842821576814, 'noise_gpi_sigma': 87.27401618310293, 'g_stn_gpe_mult': 3.4899345785978935, 'g_gpe_stn_mult': 0.12794537402695996, 'g_stn_gpi_mult': 1.7530430564745143, 'g_gpe_gpi_mult': 0.7406697226290497}. Best is trial 875 with value: 0.10803973531654054.
[I 2026-05-28 22:06:47,917] Trial 944 finished with value: 0.11028374157166793 and parameters: {'ISTN': 60.334197325195404, 'I_gpe': 1.327708462592053, 'I_gpi': 2.3635763891247605, 'noise_stn_sigma': 3.891788478986227, 'noise_gpe_sigma': 120.18831298624954, 'noise_gpi_sigma': 85.36599762452907, 'g_stn_gpe_mult': 3.5034530258357286, 'g_gpe_stn_mult': 0.13090106195582535, 'g_stn_gpi_mult': 1.7460330528900672, 'g_gpe_gpi_mult': 0.7424971253252852}. Best is trial 875 with value: 0.10803973531654054.
[I 2026-05-28 22:06:48,896] Trial 945 finished with value: 0.12856618315157992 and parameters: {'ISTN': 60.35797202135903, 'I_gpe': 1.3143242692995605, 'I_gpi': 2.358981184871504, 'noise_stn_sigma': 3.9482229496917642, 'noise_gpe_sigma': 121.49581122477876, 'noise_gpi_sigma': 85.21340766429512, 'g_stn_gpe_mult': 3.4785033512514687, 'g_gpe_stn_mult': 0.1265173968861667, 'g_stn_gpi_mult': 1.7497534473864291, 'g_gpe_gpi_mult': 0.7524216051080228}. Best is trial 875 with value: 0.10803973531654054.
[I 2026-05-28 22:06:49,872] Trial 946 finished with value: 0.11239703557593611 and parameters: {'ISTN': 60.48463456219941, 'I_gpe': 1.3281006469715115, 'I_gpi': 2.3799802310205687, 'noise_stn_sigma': 3.9538826224444494, 'noise_gpe_sigma': 121.9732882208581, 'noise_gpi_sigma': 85.93194536496495, 'g_stn_gpe_mult': 3.4322976697669585, 'g_gpe_stn_mult': 0.12259291228339729, 'g_stn_gpi_mult': 1.7359357264360562, 'g_gpe_gpi_mult': 0.7432588226202976}. Best is trial 875 with value: 0.10803973531654054.
[I 2026-05-28 22:06:50,849] Trial 947 finished with value: 0.7201817490398401 and parameters: {'ISTN': 60.286169938019874, 'I_gpe': 1.3318484948966351, 'I_gpi': 2.3275954040149287, 'noise_stn_sigma': 3.844381730439839, 'noise_gpe_sigma': 119.68243005604894, 'noise_gpi_sigma': 86.65868461262423, 'g_stn_gpe_mult': 3.5124609794742874, 'g_gpe_stn_mult': 0.12634399057438758, 'g_stn_gpi_mult': 1.7590637713631199, 'g_gpe_gpi_mult': 0.7475483838253476}. Best is trial 875 with value: 0.10803973531654054.
[I 2026-05-28 22:06:51,827] Trial 948 finished with value: 0.10927749846830477 and parameters: {'ISTN': 60.104521404327926, 'I_gpe': 1.3352746646992484, 'I_gpi': 2.3509013947995916, 'noise_stn_sigma': 3.8531687043974547, 'noise_gpe_sigma': 122.45528742524411, 'noise_gpi_sigma': 86.50641037503505, 'g_stn_gpe_mult': 3.438431816545087, 'g_gpe_stn_mult': 0.12750740848915484, 'g_stn_gpi_mult': 1.7403747743818778, 'g_gpe_gpi_mult': 0.7346720668162139}. Best is trial 875 with value: 0.10803973531654054.
[I 2026-05-28 22:06:52,804] Trial 949 finished with value: 0.1106711719682648 and parameters: {'ISTN': 60.43681358188623, 'I_gpe': 1.330044888789819, 'I_gpi': 2.3764866670860294, 'noise_stn_sigma': 3.9048305738994333, 'noise_gpe_sigma': 121.31963524206328, 'noise_gpi_sigma': 86.39429593688494, 'g_stn_gpe_mult': 3.4867900818285342, 'g_gpe_stn_mult': 0.12989203473804817, 'g_stn_gpi_mult': 1.7248846537177696, 'g_gpe_gpi_mult': 0.7382809600337334}. Best is trial 875 with value: 0.10803973531654054.
[I 2026-05-28 22:06:53,784] Trial 950 finished with value: 0.1091600936196873 and parameters: {'ISTN': 60.33599103141434, 'I_gpe': 1.3260568365714893, 'I_gpi': 2.3640800611628903, 'noise_stn_sigma': 3.8946207192019004, 'noise_gpe_sigma': 121.58146970383797, 'noise_gpi_sigma': 87.18864199838991, 'g_stn_gpe_mult': 3.4703875062222203, 'g_gpe_stn_mult': 0.12603923644587456, 'g_stn_gpi_mult': 1.7613826802649448, 'g_gpe_gpi_mult': 0.7490603573437855}. Best is trial 875 with value: 0.10803973531654054.
[I 2026-05-28 22:06:54,764] Trial 951 finished with value: 0.34761448383198423 and parameters: {'ISTN': 60.093271340637706, 'I_gpe': 1.329284987536668, 'I_gpi': 2.387134601399066, 'noise_stn_sigma': 3.9251866688423225, 'noise_gpe_sigma': 123.07298963387714, 'noise_gpi_sigma': 86.52121992317086, 'g_stn_gpe_mult': 3.404520554703428, 'g_gpe_stn_mult': 0.12584679165050944, 'g_stn_gpi_mult': 1.7491701679008496, 'g_gpe_gpi_mult': 0.7431809279639057}. Best is trial 875 with value: 0.10803973531654054.
[I 2026-05-28 22:06:55,741] Trial 952 finished with value: 0.14489387162054385 and parameters: {'ISTN': 60.361323142382425, 'I_gpe': 1.3402792220391704, 'I_gpi': 2.331064056796002, 'noise_stn_sigma': 3.815423768660311, 'noise_gpe_sigma': 120.74264144119229, 'noise_gpi_sigma': 87.33661412998534, 'g_stn_gpe_mult': 3.5077106279422137, 'g_gpe_stn_mult': 0.11920246055783464, 'g_stn_gpi_mult': 1.7648954872298281, 'g_gpe_gpi_mult': 0.7378073043422415}. Best is trial 875 with value: 0.10803973531654054.
[I 2026-05-28 22:06:56,718] Trial 953 finished with value: 0.11044138041574787 and parameters: {'ISTN': 60.49324401919518, 'I_gpe': 1.3151668110666765, 'I_gpi': 2.3505912561388707, 'noise_stn_sigma': 3.836446371965244, 'noise_gpe_sigma': 121.08151196256416, 'noise_gpi_sigma': 86.82147985442123, 'g_stn_gpe_mult': 3.4932469592561337, 'g_gpe_stn_mult': 0.12446594321538118, 'g_stn_gpi_mult': 1.7658889070152308, 'g_gpe_gpi_mult': 0.7465183946065683}. Best is trial 875 with value: 0.10803973531654054.
[I 2026-05-28 22:06:57,695] Trial 954 finished with value: 0.27380630418349217 and parameters: {'ISTN': 60.554226583354065, 'I_gpe': 1.337160440865539, 'I_gpi': 2.3649537146247863, 'noise_stn_sigma': 3.9036434504471087, 'noise_gpe_sigma': 122.24771050098254, 'noise_gpi_sigma': 87.28895850462403, 'g_stn_gpe_mult': 3.447123015667154, 'g_gpe_stn_mult': 0.12540629942506296, 'g_stn_gpi_mult': 1.757844968160959, 'g_gpe_gpi_mult': 0.7464318926120734}. Best is trial 875 with value: 0.10803973531654054.
[I 2026-05-28 22:06:58,675] Trial 955 finished with value: 0.11918769089548416 and parameters: {'ISTN': 60.18763264703235, 'I_gpe': 1.3239588753412153, 'I_gpi': 2.371687239299342, 'noise_stn_sigma': 3.9172233564673493, 'noise_gpe_sigma': 121.56921664928541, 'noise_gpi_sigma': 88.07073054134261, 'g_stn_gpe_mult': 3.4618444724139024, 'g_gpe_stn_mult': 0.12654978951964097, 'g_stn_gpi_mult': 1.7610859363912799, 'g_gpe_gpi_mult': 0.7455089858231145}. Best is trial 875 with value: 0.10803973531654054.
[I 2026-05-28 22:06:59,653] Trial 956 finished with value: 0.1096000349617177 and parameters: {'ISTN': 60.2135976844428, 'I_gpe': 1.3312874481337449, 'I_gpi': 2.3443784197248796, 'noise_stn_sigma': 3.843625845340674, 'noise_gpe_sigma': 121.73724339722241, 'noise_gpi_sigma': 86.64100051235152, 'g_stn_gpe_mult': 3.4858838640481737, 'g_gpe_stn_mult': 0.12657949171418995, 'g_stn_gpi_mult': 1.7504647904074342, 'g_gpe_gpi_mult': 0.7476499367082095}. Best is trial 875 with value: 0.10803973531654054.
[I 2026-05-28 22:07:00,633] Trial 957 finished with value: 0.11019639770950437 and parameters: {'ISTN': 60.251922462594, 'I_gpe': 1.3326069788703236, 'I_gpi': 2.3648197300534215, 'noise_stn_sigma': 3.8926780356832564, 'noise_gpe_sigma': 121.44245391468756, 'noise_gpi_sigma': 86.55589121811515, 'g_stn_gpe_mult': 3.4608448612954077, 'g_gpe_stn_mult': 0.12249293879799814, 'g_stn_gpi_mult': 1.7504406930145942, 'g_gpe_gpi_mult': 0.7372224377875656}. Best is trial 875 with value: 0.10803973531654054.
[I 2026-05-28 22:07:01,611] Trial 958 finished with value: 0.11011070108146663 and parameters: {'ISTN': 60.210120616372606, 'I_gpe': 1.3418961360632993, 'I_gpi': 2.3517625226682553, 'noise_stn_sigma': 3.8546769832313297, 'noise_gpe_sigma': 122.42497097648292, 'noise_gpi_sigma': 86.31494040141605, 'g_stn_gpe_mult': 3.460388102435676, 'g_gpe_stn_mult': 0.12704117896622583, 'g_stn_gpi_mult': 1.7429681914720687, 'g_gpe_gpi_mult': 0.7464655492154495}. Best is trial 875 with value: 0.10803973531654054.
[I 2026-05-28 22:07:02,588] Trial 959 finished with value: 0.18299886150255257 and parameters: {'ISTN': 60.459717041080495, 'I_gpe': 1.330911351456331, 'I_gpi': 2.3538068150381113, 'noise_stn_sigma': 3.876180751795612, 'noise_gpe_sigma': 121.17804879917422, 'noise_gpi_sigma': 85.9184864832821, 'g_stn_gpe_mult': 3.5022219512488424, 'g_gpe_stn_mult': 0.12329108075771363, 'g_stn_gpi_mult': 1.7498379692955872, 'g_gpe_gpi_mult': 0.7461390375589865}. Best is trial 875 with value: 0.10803973531654054.
[I 2026-05-28 22:07:03,566] Trial 960 finished with value: 0.10965083133149663 and parameters: {'ISTN': 60.130911143642706, 'I_gpe': 1.3252926572617139, 'I_gpi': 2.351760677635742, 'noise_stn_sigma': 3.8429827688831812, 'noise_gpe_sigma': 119.77751067007871, 'noise_gpi_sigma': 86.54455584224901, 'g_stn_gpe_mult': 3.5410796388475836, 'g_gpe_stn_mult': 0.12728193809142455, 'g_stn_gpi_mult': 1.748291511204627, 'g_gpe_gpi_mult': 0.7425108626616688}. Best is trial 875 with value: 0.10803973531654054.
[I 2026-05-28 22:07:04,548] Trial 961 finished with value: 0.10959443526568081 and parameters: {'ISTN': 60.35583137497721, 'I_gpe': 1.3343381213844432, 'I_gpi': 2.342908433674713, 'noise_stn_sigma': 3.838311046058252, 'noise_gpe_sigma': 122.24844411421347, 'noise_gpi_sigma': 85.80849585469801, 'g_stn_gpe_mult': 3.479161038588834, 'g_gpe_stn_mult': 0.11614390584059428, 'g_stn_gpi_mult': 1.7413066172014646, 'g_gpe_gpi_mult': 0.7433777119186875}. Best is trial 875 with value: 0.10803973531654054.
[I 2026-05-28 22:07:05,524] Trial 962 finished with value: 0.10946183335790721 and parameters: {'ISTN': 60.28227961118515, 'I_gpe': 1.3379615963676925, 'I_gpi': 2.353820916465054, 'noise_stn_sigma': 3.841700381415983, 'noise_gpe_sigma': 121.25265362715298, 'noise_gpi_sigma': 86.49598677019188, 'g_stn_gpe_mult': 3.4937833226393775, 'g_gpe_stn_mult': 0.12097599480983322, 'g_stn_gpi_mult': 1.7495794783040428, 'g_gpe_gpi_mult': 0.7432071783993417}. Best is trial 875 with value: 0.10803973531654054.
[I 2026-05-28 22:07:06,501] Trial 963 finished with value: 0.10927535604081709 and parameters: {'ISTN': 60.2583994808588, 'I_gpe': 1.3304178803996116, 'I_gpi': 2.352146696359287, 'noise_stn_sigma': 3.8867918881127546, 'noise_gpe_sigma': 121.4194874158609, 'noise_gpi_sigma': 87.28384552886614, 'g_stn_gpe_mult': 3.485153202244599, 'g_gpe_stn_mult': 0.12715848985493974, 'g_stn_gpi_mult': 1.7583113203786216, 'g_gpe_gpi_mult': 0.7401291655516131}. Best is trial 875 with value: 0.10803973531654054.
[I 2026-05-28 22:07:07,480] Trial 964 finished with value: 0.15883135080281444 and parameters: {'ISTN': 60.305019643786856, 'I_gpe': 1.3572718454219976, 'I_gpi': 2.33750670797419, 'noise_stn_sigma': 3.917738194494486, 'noise_gpe_sigma': 123.81474278552656, 'noise_gpi_sigma': 86.85007383690451, 'g_stn_gpe_mult': 3.4387700411809443, 'g_gpe_stn_mult': 0.12223254754673801, 'g_stn_gpi_mult': 1.748546391590136, 'g_gpe_gpi_mult': 0.7476632575693007}. Best is trial 875 with value: 0.10803973531654054.
[I 2026-05-28 22:07:08,460] Trial 965 finished with value: 0.10904662185625412 and parameters: {'ISTN': 60.03361838622258, 'I_gpe': 1.3387021872694533, 'I_gpi': 2.3485949453321098, 'noise_stn_sigma': 3.785278715198158, 'noise_gpe_sigma': 120.65623453075797, 'noise_gpi_sigma': 87.79608989890055, 'g_stn_gpe_mult': 3.4794447463303113, 'g_gpe_stn_mult': 0.1291330719980639, 'g_stn_gpi_mult': 1.7581700323913183, 'g_gpe_gpi_mult': 0.7339666408460008}. Best is trial 875 with value: 0.10803973531654054.
[I 2026-05-28 22:07:09,439] Trial 966 finished with value: 0.27609353952796806 and parameters: {'ISTN': 60.2319788239642, 'I_gpe': 1.341843527875955, 'I_gpi': 2.3503876740765692, 'noise_stn_sigma': 3.857673722433566, 'noise_gpe_sigma': 122.66165728437826, 'noise_gpi_sigma': 87.14713027366221, 'g_stn_gpe_mult': 3.4752027562093453, 'g_gpe_stn_mult': 0.12545906719828454, 'g_stn_gpi_mult': 1.7741079578855223, 'g_gpe_gpi_mult': 0.7392359322179625}. Best is trial 875 with value: 0.10803973531654054.
[I 2026-05-28 22:07:10,416] Trial 967 finished with value: 0.10852500721807896 and parameters: {'ISTN': 60.019193542492275, 'I_gpe': 1.334827818231828, 'I_gpi': 2.336937484390046, 'noise_stn_sigma': 3.8687640930286062, 'noise_gpe_sigma': 121.15389123810569, 'noise_gpi_sigma': 87.93733079910231, 'g_stn_gpe_mult': 3.4725997304892275, 'g_gpe_stn_mult': 0.1280164933720887, 'g_stn_gpi_mult': 1.7339839703588718, 'g_gpe_gpi_mult': 0.7487748420119653}. Best is trial 875 with value: 0.10803973531654054.
