[I 2026-05-28 22:03:36,329] Trial 748 finished with value: 0.11317924453979074 and parameters: {'ISTN': 61.15050110602411, 'I_gpe': 1.3375190609906558, 'I_gpi': 2.3473785748488725, 'noise_stn_sigma': 3.6796983553880653, 'noise_gpe_sigma': 120.75814810506054, 'noise_gpi_sigma': 85.1655852970676, 'g_stn_gpe_mult': 3.573030194394729, 'g_gpe_stn_mult': 0.11549190957707282, 'g_stn_gpi_mult': 1.6984265933031404, 'g_gpe_gpi_mult': 0.7284164110905562}. Best is trial 685 with value: 0.11088391199858377.
[I 2026-05-28 22:03:37,307] Trial 749 finished with value: 0.11055191077390113 and parameters: {'ISTN': 60.3335945787675, 'I_gpe': 1.3289566463889728, 'I_gpi': 2.3593101951291096, 'noise_stn_sigma': 3.7997199833634756, 'noise_gpe_sigma': 114.63687297334377, 'noise_gpi_sigma': 85.23566905390594, 'g_stn_gpe_mult': 3.607235048155441, 'g_gpe_stn_mult': 0.12868060828957673, 'g_stn_gpi_mult': 1.6998082823349077, 'g_gpe_gpi_mult': 0.7375643238823926}. Best is trial 749 with value: 0.11055191077390113.
[I 2026-05-28 22:03:38,284] Trial 750 finished with value: 0.11354060468465078 and parameters: {'ISTN': 60.9478242953752, 'I_gpe': 1.3367570790291146, 'I_gpi': 2.3509477026078964, 'noise_stn_sigma': 3.6948355633431555, 'noise_gpe_sigma': 117.70066197642834, 'noise_gpi_sigma': 88.98561935169961, 'g_stn_gpe_mult': 3.520943953335079, 'g_gpe_stn_mult': 0.12162210712226015, 'g_stn_gpi_mult': 1.6842312820195908, 'g_gpe_gpi_mult': 0.7444483142047693}. Best is trial 749 with value: 0.11055191077390113.
[I 2026-05-28 22:03:39,263] Trial 751 finished with value: 0.11553409663930524 and parameters: {'ISTN': 61.15140963801053, 'I_gpe': 1.3302643993569598, 'I_gpi': 2.3182820280814624, 'noise_stn_sigma': 3.743910826465952, 'noise_gpe_sigma': 115.01157655013454, 'noise_gpi_sigma': 82.66468153368285, 'g_stn_gpe_mult': 3.603455807865462, 'g_gpe_stn_mult': 0.11806003066303923, 'g_stn_gpi_mult': 1.658551665629021, 'g_gpe_gpi_mult': 0.7219643233824609}. Best is trial 749 with value: 0.11055191077390113.
[I 2026-05-28 22:03:40,242] Trial 752 finished with value: 0.11394059780635808 and parameters: {'ISTN': 61.5561049338363, 'I_gpe': 1.3649549754428034, 'I_gpi': 2.356392732635327, 'noise_stn_sigma': 3.851425769525617, 'noise_gpe_sigma': 118.51163933653257, 'noise_gpi_sigma': 85.6110934197439, 'g_stn_gpe_mult': 3.5518768280977824, 'g_gpe_stn_mult': 0.1044897326225809, 'g_stn_gpi_mult': 1.6723093645204177, 'g_gpe_gpi_mult': 0.7239655888541472}. Best is trial 749 with value: 0.11055191077390113.
[I 2026-05-28 22:03:41,219] Trial 753 finished with value: 0.11540924163103038 and parameters: {'ISTN': 61.30849710146808, 'I_gpe': 1.3142166340163324, 'I_gpi': 2.306105482928434, 'noise_stn_sigma': 3.723211526706659, 'noise_gpe_sigma': 121.41986970762612, 'noise_gpi_sigma': 89.11468351366531, 'g_stn_gpe_mult': 3.4982274076126054, 'g_gpe_stn_mult': 0.11535512687715171, 'g_stn_gpi_mult': 1.7023935712898, 'g_gpe_gpi_mult': 0.7365530308163339}. Best is trial 749 with value: 0.11055191077390113.
[I 2026-05-28 22:03:42,197] Trial 754 finished with value: 0.11069504526030756 and parameters: {'ISTN': 60.2415154737566, 'I_gpe': 1.3350123528891495, 'I_gpi': 2.361209418096567, 'noise_stn_sigma': 3.795014300616276, 'noise_gpe_sigma': 118.5853927862565, 'noise_gpi_sigma': 85.3955544482128, 'g_stn_gpe_mult': 3.6202870809741823, 'g_gpe_stn_mult': 0.12100626094473754, 'g_stn_gpi_mult': 1.6842589559436574, 'g_gpe_gpi_mult': 0.749161775595865}. Best is trial 749 with value: 0.11055191077390113.
[I 2026-05-28 22:03:43,175] Trial 755 finished with value: 0.11344247936992184 and parameters: {'ISTN': 61.274974235884194, 'I_gpe': 1.3501375270738447, 'I_gpi': 2.293284792048234, 'noise_stn_sigma': 3.697023386598758, 'noise_gpe_sigma': 118.43224956621212, 'noise_gpi_sigma': 85.67419931333467, 'g_stn_gpe_mult': 3.5875428893625525, 'g_gpe_stn_mult': 0.11159776006568992, 'g_stn_gpi_mult': 1.7460015543331617, 'g_gpe_gpi_mult': 0.7362560746649403}. Best is trial 749 with value: 0.11055191077390113.
[I 2026-05-28 22:03:44,154] Trial 756 finished with value: 0.36353276836352416 and parameters: {'ISTN': 60.75897124070921, 'I_gpe': 1.3368249684841655, 'I_gpi': 2.328450329832158, 'noise_stn_sigma': 3.805189889600483, 'noise_gpe_sigma': 118.46369415896278, 'noise_gpi_sigma': 83.49978792685214, 'g_stn_gpe_mult': 3.5461150402044446, 'g_gpe_stn_mult': 0.13002405609265066, 'g_stn_gpi_mult': 1.6664549109008537, 'g_gpe_gpi_mult': 0.7101701858303517}. Best is trial 749 with value: 0.11055191077390113.
[I 2026-05-28 22:03:45,131] Trial 757 finished with value: 0.11272566967773104 and parameters: {'ISTN': 60.91103462107892, 'I_gpe': 1.3354245906964504, 'I_gpi': 2.4043251256338403, 'noise_stn_sigma': 3.7391616010199002, 'noise_gpe_sigma': 116.81610806109703, 'noise_gpi_sigma': 85.9626217483462, 'g_stn_gpe_mult': 3.586755461142749, 'g_gpe_stn_mult': 0.11962025797911041, 'g_stn_gpi_mult': 1.6716619418372116, 'g_gpe_gpi_mult': 0.7524445718682593}. Best is trial 749 with value: 0.11055191077390113.
[I 2026-05-28 22:03:46,108] Trial 758 finished with value: 0.2194014727307803 and parameters: {'ISTN': 60.77746713122022, 'I_gpe': 1.3340603278921201, 'I_gpi': 2.3775592663187424, 'noise_stn_sigma': 3.6515201356960425, 'noise_gpe_sigma': 116.7216234675066, 'noise_gpi_sigma': 85.15237728183142, 'g_stn_gpe_mult': 3.676237848185224, 'g_gpe_stn_mult': 0.1241614277815823, 'g_stn_gpi_mult': 1.7156070331820077, 'g_gpe_gpi_mult': 0.7192055704981153}. Best is trial 749 with value: 0.11055191077390113.
[I 2026-05-28 22:03:47,088] Trial 759 finished with value: 0.1099646239948802 and parameters: {'ISTN': 60.72856556624861, 'I_gpe': 1.3071436747966643, 'I_gpi': 2.3390783988824455, 'noise_stn_sigma': 3.837730496014255, 'noise_gpe_sigma': 116.93693873460073, 'noise_gpi_sigma': 85.6262056727821, 'g_stn_gpe_mult': 3.5119267026674406, 'g_gpe_stn_mult': 0.11694248681707654, 'g_stn_gpi_mult': 1.7651659233544361, 'g_gpe_gpi_mult': 0.7348098449036218}. Best is trial 759 with value: 0.1099646239948802.
[I 2026-05-28 22:03:48,066] Trial 760 finished with value: 1.5073074580203099 and parameters: {'ISTN': 60.857553341792645, 'I_gpe': 1.296250672558492, 'I_gpi': 2.3461040391087336, 'noise_stn_sigma': 3.8262434441133504, 'noise_gpe_sigma': 116.79842751385608, 'noise_gpi_sigma': 87.5003716071455, 'g_stn_gpe_mult': 3.525667989359174, 'g_gpe_stn_mult': 0.1312963204842594, 'g_stn_gpi_mult': 1.638608775270707, 'g_gpe_gpi_mult': 0.7390621088458025}. Best is trial 759 with value: 0.1099646239948802.
[I 2026-05-28 22:03:49,046] Trial 761 finished with value: 0.1107376476221495 and parameters: {'ISTN': 60.79033042408265, 'I_gpe': 1.3147096695452585, 'I_gpi': 2.344758919457952, 'noise_stn_sigma': 3.6677929959363067, 'noise_gpe_sigma': 112.41200496853622, 'noise_gpi_sigma': 84.98453178011863, 'g_stn_gpe_mult': 3.701239664043002, 'g_gpe_stn_mult': 0.11951456901626874, 'g_stn_gpi_mult': 1.6862530552936692, 'g_gpe_gpi_mult': 0.7558559174072117}. Best is trial 759 with value: 0.1099646239948802.
[I 2026-05-28 22:03:50,026] Trial 762 finished with value: 2.0525087128627373 and parameters: {'ISTN': 60.17802696799613, 'I_gpe': 1.2944295305225832, 'I_gpi': 2.327268223275352, 'noise_stn_sigma': 3.887529304970619, 'noise_gpe_sigma': 114.19782593543084, 'noise_gpi_sigma': 84.47449551746732, 'g_stn_gpe_mult': 3.5398942894662024, 'g_gpe_stn_mult': 0.1290844530524752, 'g_stn_gpi_mult': 1.7060459463198334, 'g_gpe_gpi_mult': 0.7239582362601822}. Best is trial 759 with value: 0.1099646239948802.
[I 2026-05-28 22:03:51,003] Trial 763 finished with value: 2.410479653411007 and parameters: {'ISTN': 60.43894729798808, 'I_gpe': 1.2843831846332587, 'I_gpi': 2.433782436551751, 'noise_stn_sigma': 3.940959477550131, 'noise_gpe_sigma': 118.9708413767946, 'noise_gpi_sigma': 84.52808652557988, 'g_stn_gpe_mult': 3.4311873309275365, 'g_gpe_stn_mult': 0.11953927913981748, 'g_stn_gpi_mult': 1.7076389829704306, 'g_gpe_gpi_mult': 0.7378188573922413}. Best is trial 759 with value: 0.1099646239948802.
[I 2026-05-28 22:03:51,980] Trial 764 finished with value: 0.1297971517937052 and parameters: {'ISTN': 61.41457114812091, 'I_gpe': 1.3530225510867775, 'I_gpi': 2.314802226595088, 'noise_stn_sigma': 3.6204969565984166, 'noise_gpe_sigma': 116.6400730278943, 'noise_gpi_sigma': 86.03365678156773, 'g_stn_gpe_mult': 3.578923485211114, 'g_gpe_stn_mult': 0.11143841858180308, 'g_stn_gpi_mult': 1.7402880669381176, 'g_gpe_gpi_mult': 0.7437130495726141}. Best is trial 759 with value: 0.1099646239948802.
[I 2026-05-28 22:03:52,958] Trial 765 finished with value: 0.11146912218366528 and parameters: {'ISTN': 60.08988975031483, 'I_gpe': 1.3461196888845102, 'I_gpi': 2.416131788661075, 'noise_stn_sigma': 3.7539179906904936, 'noise_gpe_sigma': 114.95608419310992, 'noise_gpi_sigma': 87.60299442449522, 'g_stn_gpe_mult': 3.5935530607718227, 'g_gpe_stn_mult': 0.13193897046629627, 'g_stn_gpi_mult': 1.715898636670675, 'g_gpe_gpi_mult': 0.7645628973438905}. Best is trial 759 with value: 0.1099646239948802.
[I 2026-05-28 22:03:53,937] Trial 766 finished with value: 0.4122027825603669 and parameters: {'ISTN': 60.66445837618318, 'I_gpe': 1.3055679499672754, 'I_gpi': 2.343412627935038, 'noise_stn_sigma': 3.7529169699868077, 'noise_gpe_sigma': 116.7333764224629, 'noise_gpi_sigma': 87.8297093005037, 'g_stn_gpe_mult': 3.5802061843247786, 'g_gpe_stn_mult': 0.11943290926065309, 'g_stn_gpi_mult': 1.7318081251174327, 'g_gpe_gpi_mult': 0.7422086684524549}. Best is trial 759 with value: 0.1099646239948802.
[I 2026-05-28 22:03:54,916] Trial 767 finished with value: 0.11067441778161857 and parameters: {'ISTN': 60.40366106219922, 'I_gpe': 1.3287884462589488, 'I_gpi': 2.354621301326964, 'noise_stn_sigma': 3.8095049130653127, 'noise_gpe_sigma': 117.3140929958958, 'noise_gpi_sigma': 83.1744199944619, 'g_stn_gpe_mult': 3.6418645099559543, 'g_gpe_stn_mult': 0.12883281371475908, 'g_stn_gpi_mult': 1.7490856059749786, 'g_gpe_gpi_mult': 0.728296606136756}. Best is trial 759 with value: 0.1099646239948802.
[I 2026-05-28 22:03:55,896] Trial 768 finished with value: 0.11161105842770631 and parameters: {'ISTN': 60.42243827064403, 'I_gpe': 1.3392363936898442, 'I_gpi': 2.3461278862104047, 'noise_stn_sigma': 3.6584352638670268, 'noise_gpe_sigma': 115.3981808012249, 'noise_gpi_sigma': 84.91831685539266, 'g_stn_gpe_mult': 3.6144621405633486, 'g_gpe_stn_mult': 0.12754949664052143, 'g_stn_gpi_mult': 1.752028117679031, 'g_gpe_gpi_mult': 0.7306082309518314}. Best is trial 759 with value: 0.1099646239948802.
[I 2026-05-28 22:03:56,876] Trial 769 finished with value: 0.10981349645615729 and parameters: {'ISTN': 60.555265754090826, 'I_gpe': 1.31384113292673, 'I_gpi': 2.3930405301038435, 'noise_stn_sigma': 3.862468052116453, 'noise_gpe_sigma': 118.3380367232597, 'noise_gpi_sigma': 86.0629502792896, 'g_stn_gpe_mult': 3.456983627595752, 'g_gpe_stn_mult': 0.12649151657255797, 'g_stn_gpi_mult': 1.7270904986315414, 'g_gpe_gpi_mult': 0.7321222309600643}. Best is trial 769 with value: 0.10981349645615729.
[I 2026-05-28 22:03:57,854] Trial 770 finished with value: 0.22618699198838743 and parameters: {'ISTN': 60.220604487398745, 'I_gpe': 1.3032492869519623, 'I_gpi': 2.4107862378297753, 'noise_stn_sigma': 3.89022310456946, 'noise_gpe_sigma': 119.09305114468053, 'noise_gpi_sigma': 83.5751150867592, 'g_stn_gpe_mult': 3.52458291341069, 'g_gpe_stn_mult': 0.1285027515749419, 'g_stn_gpi_mult': 1.731831521878348, 'g_gpe_gpi_mult': 0.7399145901167858}. Best is trial 769 with value: 0.10981349645615729.
[I 2026-05-28 22:03:58,833] Trial 771 finished with value: 0.11576907488491561 and parameters: {'ISTN': 60.701855758574176, 'I_gpe': 1.3190987616166383, 'I_gpi': 2.3633668465038085, 'noise_stn_sigma': 3.7600429521824306, 'noise_gpe_sigma': 115.67909517069867, 'noise_gpi_sigma': 84.11284077090059, 'g_stn_gpe_mult': 3.553395888136452, 'g_gpe_stn_mult': 0.13351526522981763, 'g_stn_gpi_mult': 1.723689873213369, 'g_gpe_gpi_mult': 0.7282973190585937}. Best is trial 769 with value: 0.10981349645615729.
[I 2026-05-28 22:03:59,811] Trial 772 finished with value: 0.4368265570386334 and parameters: {'ISTN': 60.07892583930433, 'I_gpe': 1.3387527360467033, 'I_gpi': 2.383396066931664, 'noise_stn_sigma': 3.8861283390226484, 'noise_gpe_sigma': 118.2125122091004, 'noise_gpi_sigma': 85.27586112707012, 'g_stn_gpe_mult': 3.5786752541096902, 'g_gpe_stn_mult': 0.13323793487032645, 'g_stn_gpi_mult': 1.7211540065230087, 'g_gpe_gpi_mult': 0.7510802286354086}. Best is trial 769 with value: 0.10981349645615729.
[I 2026-05-28 22:04:00,790] Trial 773 finished with value: 0.11168803474861788 and parameters: {'ISTN': 60.35396131602882, 'I_gpe': 1.3072618293932574, 'I_gpi': 2.365683555156057, 'noise_stn_sigma': 3.7536862165368365, 'noise_gpe_sigma': 115.0840899344569, 'noise_gpi_sigma': 87.30071585362707, 'g_stn_gpe_mult': 3.6361879726179387, 'g_gpe_stn_mult': 0.133189016580355, 'g_stn_gpi_mult': 1.7259302936006287, 'g_gpe_gpi_mult': 0.7345996937029862}. Best is trial 769 with value: 0.10981349645615729.
[I 2026-05-28 22:04:01,771] Trial 774 finished with value: 1.2750687430185446 and parameters: {'ISTN': 60.65492943263206, 'I_gpe': 1.3378601761335618, 'I_gpi': 2.422765121724968, 'noise_stn_sigma': 3.86747133782313, 'noise_gpe_sigma': 114.42022672794778, 'noise_gpi_sigma': 85.48630420514148, 'g_stn_gpe_mult': 3.5516291438015806, 'g_gpe_stn_mult': 0.11814044197888905, 'g_stn_gpi_mult': 1.7040666390362285, 'g_gpe_gpi_mult': 0.7344647233752475}. Best is trial 769 with value: 0.10981349645615729.
[I 2026-05-28 22:04:02,752] Trial 775 finished with value: 1.1907331877164768 and parameters: {'ISTN': 60.211526248964816, 'I_gpe': 1.286519433287033, 'I_gpi': 2.380407005286429, 'noise_stn_sigma': 3.907433166571894, 'noise_gpe_sigma': 117.76022977732067, 'noise_gpi_sigma': 86.70413114881177, 'g_stn_gpe_mult': 3.537291333955991, 'g_gpe_stn_mult': 0.13031030997327614, 'g_stn_gpi_mult': 1.7159448217894626, 'g_gpe_gpi_mult': 0.749016145663429}. Best is trial 769 with value: 0.10981349645615729.
[I 2026-05-28 22:04:03,730] Trial 776 finished with value: 0.11255591415186586 and parameters: {'ISTN': 60.796547473981775, 'I_gpe': 1.3105651925018522, 'I_gpi': 2.3964221577981606, 'noise_stn_sigma': 3.7834719807161203, 'noise_gpe_sigma': 115.18428743266844, 'noise_gpi_sigma': 85.27141759425282, 'g_stn_gpe_mult': 3.6386588707413385, 'g_gpe_stn_mult': 0.11939083523471995, 'g_stn_gpi_mult': 1.7147115145338374, 'g_gpe_gpi_mult': 0.7456744496251413}. Best is trial 769 with value: 0.10981349645615729.
[I 2026-05-28 22:04:04,711] Trial 777 finished with value: 0.11988857474449317 and parameters: {'ISTN': 61.04187101931722, 'I_gpe': 1.3268255242537794, 'I_gpi': 2.421910801012717, 'noise_stn_sigma': 3.634558308153836, 'noise_gpe_sigma': 110.30113507110836, 'noise_gpi_sigma': 86.09210764713153, 'g_stn_gpe_mult': 3.66909910610025, 'g_gpe_stn_mult': 0.12168111418635792, 'g_stn_gpi_mult': 1.731480737519712, 'g_gpe_gpi_mult': 0.739783644117018}. Best is trial 769 with value: 0.10981349645615729.
[I 2026-05-28 22:04:05,691] Trial 778 finished with value: 0.11285816478015442 and parameters: {'ISTN': 60.96234222839682, 'I_gpe': 1.3266015731698513, 'I_gpi': 2.3864867224985655, 'noise_stn_sigma': 3.8429490612592723, 'noise_gpe_sigma': 117.97439666672759, 'noise_gpi_sigma': 82.81773460556923, 'g_stn_gpe_mult': 3.526053960315124, 'g_gpe_stn_mult': 0.11732651577860326, 'g_stn_gpi_mult': 1.7143111821232977, 'g_gpe_gpi_mult': 0.7428265893658019}. Best is trial 769 with value: 0.10981349645615729.
[I 2026-05-28 22:04:06,670] Trial 779 finished with value: 0.11226291149560866 and parameters: {'ISTN': 60.03190519256899, 'I_gpe': 1.3234439476967048, 'I_gpi': 2.4088093734515175, 'noise_stn_sigma': 3.7158876688170848, 'noise_gpe_sigma': 115.98418798960343, 'noise_gpi_sigma': 86.5773861794205, 'g_stn_gpe_mult': 3.542843977012943, 'g_gpe_stn_mult': 0.13261051913981287, 'g_stn_gpi_mult': 1.744235856394991, 'g_gpe_gpi_mult': 0.7329717939044318}. Best is trial 769 with value: 0.10981349645615729.
[I 2026-05-28 22:04:07,648] Trial 780 finished with value: 0.11514658110825257 and parameters: {'ISTN': 61.21400510372604, 'I_gpe': 1.3376261718050069, 'I_gpi': 2.339129195794574, 'noise_stn_sigma': 3.8655252717573596, 'noise_gpe_sigma': 117.34629574158268, 'noise_gpi_sigma': 84.68346132170701, 'g_stn_gpe_mult': 3.599417890861832, 'g_gpe_stn_mult': 0.1176685792554728, 'g_stn_gpi_mult': 1.7049967959690704, 'g_gpe_gpi_mult': 0.7543392796484956}. Best is trial 769 with value: 0.10981349645615729.
[I 2026-05-28 22:04:08,568] Trial 781 finished with value: 1000000.0 and parameters: {'ISTN': 60.770670253481896, 'I_gpe': 1.332629451429385, 'I_gpi': 2.4273253838267532, 'noise_stn_sigma': 3.6818049401945716, 'noise_gpe_sigma': 114.396244207168, 'noise_gpi_sigma': 86.17012339478346, 'g_stn_gpe_mult': 3.6981610321214236, 'g_gpe_stn_mult': 0.1282778951407143, 'g_stn_gpi_mult': 1.676439165144207, 'g_gpe_gpi_mult': 0.7495331320060434}. Best is trial 769 with value: 0.10981349645615729.
[I 2026-05-28 22:04:09,545] Trial 782 finished with value: 1.7569826403495379 and parameters: {'ISTN': 60.02462085024903, 'I_gpe': 1.2774218803435915, 'I_gpi': 2.4114719957557322, 'noise_stn_sigma': 3.9849829685483247, 'noise_gpe_sigma': 117.0670293494299, 'noise_gpi_sigma': 86.26410808481859, 'g_stn_gpe_mult': 3.587822017214963, 'g_gpe_stn_mult': 0.13736011491228742, 'g_stn_gpi_mult': 1.7539484166925678, 'g_gpe_gpi_mult': 0.7251694096564187}. Best is trial 769 with value: 0.10981349645615729.
[I 2026-05-28 22:04:10,464] Trial 783 finished with value: 1000000.0 and parameters: {'ISTN': 60.00450002634954, 'I_gpe': 1.312179149595848, 'I_gpi': 2.4073682457305643, 'noise_stn_sigma': 3.773593350615901, 'noise_gpe_sigma': 117.26804674404856, 'noise_gpi_sigma': 87.09526363640403, 'g_stn_gpe_mult': 3.6194125844269878, 'g_gpe_stn_mult': 0.1347229498952008, 'g_stn_gpi_mult': 1.7134792598087327, 'g_gpe_gpi_mult': 0.7429732617101121}. Best is trial 769 with value: 0.10981349645615729.
[I 2026-05-28 22:04:11,442] Trial 784 finished with value: 0.45743904303448074 and parameters: {'ISTN': 60.92764603005251, 'I_gpe': 1.2600319211584328, 'I_gpi': 2.3688089788128632, 'noise_stn_sigma': 3.994465759518251, 'noise_gpe_sigma': 117.08767437480456, 'noise_gpi_sigma': 87.55573050861, 'g_stn_gpe_mult': 3.563318752095186, 'g_gpe_stn_mult': 0.11059837080741905, 'g_stn_gpi_mult': 1.6918722270117625, 'g_gpe_gpi_mult': 0.7429591445551622}. Best is trial 769 with value: 0.10981349645615729.
[I 2026-05-28 22:04:12,420] Trial 785 finished with value: 0.11088683848247505 and parameters: {'ISTN': 60.79764090628702, 'I_gpe': 1.3350187754851754, 'I_gpi': 2.3651898679000323, 'noise_stn_sigma': 3.786634664021947, 'noise_gpe_sigma': 115.11644652466583, 'noise_gpi_sigma': 87.53172095672022, 'g_stn_gpe_mult': 3.619884955852511, 'g_gpe_stn_mult': 0.11121760616886803, 'g_stn_gpi_mult': 1.7392033112068348, 'g_gpe_gpi_mult': 0.7339080770527295}. Best is trial 769 with value: 0.10981349645615729.
[I 2026-05-28 22:04:13,400] Trial 786 finished with value: 0.11004331974257349 and parameters: {'ISTN': 60.66057498288723, 'I_gpe': 1.3262637009175404, 'I_gpi': 2.3246475225579184, 'noise_stn_sigma': 3.7540966684815724, 'noise_gpe_sigma': 118.35327427957313, 'noise_gpi_sigma': 84.55541421158749, 'g_stn_gpe_mult': 3.5994135576912885, 'g_gpe_stn_mult': 0.12240722846975129, 'g_stn_gpi_mult': 1.7551744844978026, 'g_gpe_gpi_mult': 0.7161553784385062}. Best is trial 769 with value: 0.10981349645615729.
[I 2026-05-28 22:04:14,379] Trial 787 finished with value: 0.16696358574246983 and parameters: {'ISTN': 60.268774080603805, 'I_gpe': 1.317771250372752, 'I_gpi': 2.397103012937027, 'noise_stn_sigma': 3.715503228460879, 'noise_gpe_sigma': 116.43360447438356, 'noise_gpi_sigma': 86.39668863802925, 'g_stn_gpe_mult': 3.5905289610078457, 'g_gpe_stn_mult': 0.12225837426884807, 'g_stn_gpi_mult': 1.7493888903822874, 'g_gpe_gpi_mult': 0.7501355143605244}. Best is trial 769 with value: 0.10981349645615729.
[I 2026-05-28 22:04:15,358] Trial 788 finished with value: 0.11886999705147952 and parameters: {'ISTN': 60.89742312514909, 'I_gpe': 1.3347514474049065, 'I_gpi': 2.4458329934404004, 'noise_stn_sigma': 3.779884397164067, 'noise_gpe_sigma': 115.2663075523019, 'noise_gpi_sigma': 85.72305864965105, 'g_stn_gpe_mult': 3.6411364941931827, 'g_gpe_stn_mult': 0.1291501832508999, 'g_stn_gpi_mult': 1.750505710701748, 'g_gpe_gpi_mult': 0.7300794992440927}. Best is trial 769 with value: 0.10981349645615729.
[I 2026-05-28 22:04:16,335] Trial 789 finished with value: 0.32183265494293106 and parameters: {'ISTN': 60.306946203356425, 'I_gpe': 1.3070777283923467, 'I_gpi': 2.390686728845869, 'noise_stn_sigma': 3.853324015017426, 'noise_gpe_sigma': 118.43891667056029, 'noise_gpi_sigma': 85.66174758372686, 'g_stn_gpe_mult': 3.519788926725436, 'g_gpe_stn_mult': 0.1226490635793718, 'g_stn_gpi_mult': 1.7371803962161438, 'g_gpe_gpi_mult': 0.743189115748341}. Best is trial 769 with value: 0.10981349645615729.
[I 2026-05-28 22:04:17,314] Trial 790 finished with value: 0.11237334459746944 and parameters: {'ISTN': 60.59762981397666, 'I_gpe': 1.3500592036628305, 'I_gpi': 2.359222006966631, 'noise_stn_sigma': 3.6645926164431195, 'noise_gpe_sigma': 115.33826989301723, 'noise_gpi_sigma': 85.71705132931594, 'g_stn_gpe_mult': 3.5634936348863535, 'g_gpe_stn_mult': 0.12185412590700684, 'g_stn_gpi_mult': 1.721166609331061, 'g_gpe_gpi_mult': 0.7164993451867134}. Best is trial 769 with value: 0.10981349645615729.
[I 2026-05-28 22:04:18,292] Trial 791 finished with value: 0.11502003915482995 and parameters: {'ISTN': 60.47885740446934, 'I_gpe': 1.3140064947644796, 'I_gpi': 2.4132389696420296, 'noise_stn_sigma': 3.887042843760978, 'noise_gpe_sigma': 116.16198532737933, 'noise_gpi_sigma': 86.07049035069508, 'g_stn_gpe_mult': 3.57543049637934, 'g_gpe_stn_mult': 0.1321401102385264, 'g_stn_gpi_mult': 1.7703570972714378, 'g_gpe_gpi_mult': 0.71488592300584}. Best is trial 769 with value: 0.10981349645615729.
