[I 2026-05-28 22:10:57,259] Trial 176 finished with value: 13.448986035530666 and parameters: {'ISTN': 89.89036846736697, 'I_gpe': 2.657976871032035, 'I_gpi': 2.8370434929517545, 'noise_stn_sigma': 5.412939528819271, 'noise_gpe_sigma': 104.47232180944003, 'noise_gpi_sigma': 128.75368355859763, 'g_stn_gpe_mult': 3.4590532893933705, 'g_gpe_stn_mult': 0.45786651048102645, 'g_stn_gpi_mult': 2.769855516477452, 'g_gpe_gpi_mult': 0.5749195331272747}. Best is trial 140 with value: 4.563450626887931.
[I 2026-05-28 22:10:58,304] Trial 177 finished with value: 19.850295186461654 and parameters: {'ISTN': 107.68743108025114, 'I_gpe': 2.447982057599559, 'I_gpi': 2.6171862426830406, 'noise_stn_sigma': 3.90351856163358, 'noise_gpe_sigma': 120.6574496115153, 'noise_gpi_sigma': 136.3652577089457, 'g_stn_gpe_mult': 3.0336917973287143, 'g_gpe_stn_mult': 0.5008077620899529, 'g_stn_gpi_mult': 2.8697297303157283, 'g_gpe_gpi_mult': 0.79547285015319}. Best is trial 140 with value: 4.563450626887931.
[I 2026-05-28 22:10:59,342] Trial 178 finished with value: 121.42845789204537 and parameters: {'ISTN': 84.02995815338913, 'I_gpe': 2.4616283156850285, 'I_gpi': 3.1953739357792146, 'noise_stn_sigma': 5.03366210244321, 'noise_gpe_sigma': 115.34863172857604, 'noise_gpi_sigma': 126.55729472037865, 'g_stn_gpe_mult': 2.3333146689026756, 'g_gpe_stn_mult': 0.6244905458285483, 'g_stn_gpi_mult': 2.8848210617463987, 'g_gpe_gpi_mult': 0.5036091163599999}. Best is trial 140 with value: 4.563450626887931.
[I 2026-05-28 22:11:00,388] Trial 179 finished with value: 8.613909469967245 and parameters: {'ISTN': 111.54018728260245, 'I_gpe': 1.8704688568905814, 'I_gpi': 1.9867833445113985, 'noise_stn_sigma': 5.0909138785757975, 'noise_gpe_sigma': 101.09295110115326, 'noise_gpi_sigma': 86.52194842927402, 'g_stn_gpe_mult': 3.1490942616547413, 'g_gpe_stn_mult': 0.6795726884879497, 'g_stn_gpi_mult': 2.863106612871616, 'g_gpe_gpi_mult': 0.8407302810960857}. Best is trial 140 with value: 4.563450626887931.
[I 2026-05-28 22:11:01,431] Trial 180 finished with value: 14.187426354252594 and parameters: {'ISTN': 96.32884550454082, 'I_gpe': 2.0677859971630204, 'I_gpi': 1.5860607669940003, 'noise_stn_sigma': 6.501582171405635, 'noise_gpe_sigma': 90.07957842569711, 'noise_gpi_sigma': 147.93684106454805, 'g_stn_gpe_mult': 3.721069760988407, 'g_gpe_stn_mult': 0.5328069591698852, 'g_stn_gpi_mult': 2.932082017452372, 'g_gpe_gpi_mult': 0.596239134823404}. Best is trial 140 with value: 4.563450626887931.
[I 2026-05-28 22:11:02,475] Trial 181 finished with value: 13.404470550665021 and parameters: {'ISTN': 117.80669549210448, 'I_gpe': 2.414278311800855, 'I_gpi': 2.2568905578816745, 'noise_stn_sigma': 4.710310572690208, 'noise_gpe_sigma': 92.87577498993005, 'noise_gpi_sigma': 136.0491683906418, 'g_stn_gpe_mult': 2.5113413427464977, 'g_gpe_stn_mult': 0.6143021260317846, 'g_stn_gpi_mult': 2.254196737555488, 'g_gpe_gpi_mult': 0.7708536231482501}. Best is trial 140 with value: 4.563450626887931.
[I 2026-05-28 22:11:03,518] Trial 182 finished with value: 13.87728182590539 and parameters: {'ISTN': 103.18431450706083, 'I_gpe': 2.2004552019804944, 'I_gpi': 2.411536310763231, 'noise_stn_sigma': 4.564058866870104, 'noise_gpe_sigma': 113.2233978601443, 'noise_gpi_sigma': 97.49359069288758, 'g_stn_gpe_mult': 3.289436073657004, 'g_gpe_stn_mult': 0.5433682776239912, 'g_stn_gpi_mult': 2.5696559430647263, 'g_gpe_gpi_mult': 0.7843551203486339}. Best is trial 140 with value: 4.563450626887931.
[I 2026-05-28 22:11:04,558] Trial 183 finished with value: 12.646361269199167 and parameters: {'ISTN': 114.13754084957347, 'I_gpe': 1.8622918850619365, 'I_gpi': 2.6771903948997844, 'noise_stn_sigma': 4.492188149936094, 'noise_gpe_sigma': 108.55795739621448, 'noise_gpi_sigma': 106.92628983512826, 'g_stn_gpe_mult': 3.4282793585605478, 'g_gpe_stn_mult': 0.6566923402434379, 'g_stn_gpi_mult': 2.5942335920135, 'g_gpe_gpi_mult': 0.7831630068740221}. Best is trial 140 with value: 4.563450626887931.
[I 2026-05-28 22:11:05,600] Trial 184 finished with value: 27.225441381898968 and parameters: {'ISTN': 128.7882842765391, 'I_gpe': 1.4229487761877593, 'I_gpi': 2.5150632761560985, 'noise_stn_sigma': 5.386194780324181, 'noise_gpe_sigma': 112.11140532946446, 'noise_gpi_sigma': 73.74695044587556, 'g_stn_gpe_mult': 4.199279016098904, 'g_gpe_stn_mult': 0.5934867851676843, 'g_stn_gpi_mult': 2.9126841455904504, 'g_gpe_gpi_mult': 0.6751371276536056}. Best is trial 140 with value: 4.563450626887931.
[I 2026-05-28 22:11:06,645] Trial 185 finished with value: 12.039407260353709 and parameters: {'ISTN': 111.09547086124698, 'I_gpe': 1.9944586885654514, 'I_gpi': 2.606895271921614, 'noise_stn_sigma': 5.584107735128973, 'noise_gpe_sigma': 111.38337018370062, 'noise_gpi_sigma': 116.52888246874082, 'g_stn_gpe_mult': 2.6710118523072905, 'g_gpe_stn_mult': 0.6666118449421018, 'g_stn_gpi_mult': 2.6547279379401454, 'g_gpe_gpi_mult': 0.6396405170618047}. Best is trial 140 with value: 4.563450626887931.
[I 2026-05-28 22:11:07,685] Trial 186 finished with value: 9.82113698747189 and parameters: {'ISTN': 102.80203245674076, 'I_gpe': 2.0870630109934605, 'I_gpi': 2.6450574952448473, 'noise_stn_sigma': 6.192404101026991, 'noise_gpe_sigma': 82.51286263757832, 'noise_gpi_sigma': 103.25638326067798, 'g_stn_gpe_mult': 2.772046793865198, 'g_gpe_stn_mult': 0.6402922830455736, 'g_stn_gpi_mult': 2.7900037121739185, 'g_gpe_gpi_mult': 0.7617004906769131}. Best is trial 140 with value: 4.563450626887931.
[I 2026-05-28 22:11:08,727] Trial 187 finished with value: 13.019421756202803 and parameters: {'ISTN': 89.70704689564722, 'I_gpe': 1.9651737989589249, 'I_gpi': 2.460492961121516, 'noise_stn_sigma': 5.378897476353379, 'noise_gpe_sigma': 103.66429857672459, 'noise_gpi_sigma': 101.00716012388565, 'g_stn_gpe_mult': 3.0501326144246033, 'g_gpe_stn_mult': 0.5272074516846039, 'g_stn_gpi_mult': 2.517007120906786, 'g_gpe_gpi_mult': 0.6770049488307102}. Best is trial 140 with value: 4.563450626887931.
[I 2026-05-28 22:11:09,770] Trial 188 finished with value: 12.348633093481126 and parameters: {'ISTN': 96.87139345921872, 'I_gpe': 2.527291472764619, 'I_gpi': 2.3930513663974726, 'noise_stn_sigma': 5.084521446392519, 'noise_gpe_sigma': 147.38883108465313, 'noise_gpi_sigma': 113.7683123783636, 'g_stn_gpe_mult': 2.7593811678162465, 'g_gpe_stn_mult': 0.4583130700248268, 'g_stn_gpi_mult': 2.3030076116921445, 'g_gpe_gpi_mult': 0.679203231576372}. Best is trial 140 with value: 4.563450626887931.
[I 2026-05-28 22:11:10,815] Trial 189 finished with value: 13.651020151274727 and parameters: {'ISTN': 105.42722057826207, 'I_gpe': 2.2213695920542675, 'I_gpi': 2.013951289144714, 'noise_stn_sigma': 4.4925464575034555, 'noise_gpe_sigma': 93.48054162075147, 'noise_gpi_sigma': 108.16973134160112, 'g_stn_gpe_mult': 2.790733913441408, 'g_gpe_stn_mult': 0.6048747025384165, 'g_stn_gpi_mult': 1.7995486247413641, 'g_gpe_gpi_mult': 0.8159749443484452}. Best is trial 140 with value: 4.563450626887931.
[I 2026-05-28 22:11:11,857] Trial 190 finished with value: 3.821664796812887 and parameters: {'ISTN': 120.84970411709222, 'I_gpe': 2.3777169273471146, 'I_gpi': 2.6035475109946162, 'noise_stn_sigma': 4.191645741519303, 'noise_gpe_sigma': 117.32969662245789, 'noise_gpi_sigma': 107.85061651497855, 'g_stn_gpe_mult': 3.1643263458689126, 'g_gpe_stn_mult': 0.6951885171625282, 'g_stn_gpi_mult': 2.430589203743346, 'g_gpe_gpi_mult': 0.7262151376758803}. Best is trial 190 with value: 3.821664796812887.
[I 2026-05-28 22:11:12,898] Trial 191 finished with value: 6.975015523070061 and parameters: {'ISTN': 104.93750925580302, 'I_gpe': 2.2036578969690903, 'I_gpi': 1.8909790966799822, 'noise_stn_sigma': 6.150403448468892, 'noise_gpe_sigma': 137.21974818411502, 'noise_gpi_sigma': 113.56198665265616, 'g_stn_gpe_mult': 2.8888138848791307, 'g_gpe_stn_mult': 0.6402470299359725, 'g_stn_gpi_mult': 2.9346287100110713, 'g_gpe_gpi_mult': 0.6034868354993067}. Best is trial 190 with value: 3.821664796812887.
[I 2026-05-28 22:11:13,937] Trial 192 finished with value: 20.027871820820824 and parameters: {'ISTN': 112.15649139907745, 'I_gpe': 1.5154809119930055, 'I_gpi': 3.179487186187634, 'noise_stn_sigma': 4.320136159386902, 'noise_gpe_sigma': 100.97818956209265, 'noise_gpi_sigma': 128.35029845804473, 'g_stn_gpe_mult': 2.5334779872135904, 'g_gpe_stn_mult': 0.6629502300557351, 'g_stn_gpi_mult': 2.343135265107718, 'g_gpe_gpi_mult': 0.9376592915649193}. Best is trial 190 with value: 3.821664796812887.
[I 2026-05-28 22:11:14,979] Trial 193 finished with value: 4.159530012967168 and parameters: {'ISTN': 104.60938818177581, 'I_gpe': 2.391403949991555, 'I_gpi': 2.767289570606435, 'noise_stn_sigma': 5.252351484504868, 'noise_gpe_sigma': 103.16760450251645, 'noise_gpi_sigma': 123.03719240045403, 'g_stn_gpe_mult': 3.0584131094094387, 'g_gpe_stn_mult': 0.5957365495484324, 'g_stn_gpi_mult': 2.458439526984917, 'g_gpe_gpi_mult': 0.69930585436993}. Best is trial 190 with value: 3.821664796812887.
[I 2026-05-28 22:11:16,019] Trial 194 finished with value: 8.441328996031364 and parameters: {'ISTN': 133.19736797081944, 'I_gpe': 2.737191457154237, 'I_gpi': 1.8608119635385232, 'noise_stn_sigma': 3.9612790872773447, 'noise_gpe_sigma': 119.07299245253013, 'noise_gpi_sigma': 73.18405193129217, 'g_stn_gpe_mult': 2.636420757285067, 'g_gpe_stn_mult': 0.7343213547870129, 'g_stn_gpi_mult': 2.748540851072387, 'g_gpe_gpi_mult': 0.8092445511487452}. Best is trial 190 with value: 3.821664796812887.
[I 2026-05-28 22:11:17,059] Trial 195 finished with value: 11.17460264555902 and parameters: {'ISTN': 102.79117201613809, 'I_gpe': 2.4230329932548984, 'I_gpi': 2.3242695577916606, 'noise_stn_sigma': 4.261028466194553, 'noise_gpe_sigma': 102.33489008246, 'noise_gpi_sigma': 101.10623270507375, 'g_stn_gpe_mult': 3.7571650915914274, 'g_gpe_stn_mult': 0.629161165795162, 'g_stn_gpi_mult': 2.315325958903213, 'g_gpe_gpi_mult': 0.6495093295512465}. Best is trial 190 with value: 3.821664796812887.
[I 2026-05-28 22:11:18,096] Trial 196 finished with value: 14.650805720915438 and parameters: {'ISTN': 115.77557204252057, 'I_gpe': 2.381720541354299, 'I_gpi': 3.2165834678749263, 'noise_stn_sigma': 5.317140703002712, 'noise_gpe_sigma': 120.70156812986197, 'noise_gpi_sigma': 117.28855123651473, 'g_stn_gpe_mult': 2.9636159444668957, 'g_gpe_stn_mult': 0.7518968296035243, 'g_stn_gpi_mult': 3.143446558865864, 'g_gpe_gpi_mult': 0.7207448182698066}. Best is trial 190 with value: 3.821664796812887.
[I 2026-05-28 22:11:19,134] Trial 197 finished with value: 12.2606539181606 and parameters: {'ISTN': 119.4733712676589, 'I_gpe': 2.615013271210172, 'I_gpi': 2.877407833442085, 'noise_stn_sigma': 7.147065714222736, 'noise_gpe_sigma': 93.52014408196284, 'noise_gpi_sigma': 124.44501114409582, 'g_stn_gpe_mult': 2.1422222084178566, 'g_gpe_stn_mult': 0.7406932627914057, 'g_stn_gpi_mult': 2.2924630339746805, 'g_gpe_gpi_mult': 0.7632997052616166}. Best is trial 190 with value: 3.821664796812887.
[I 2026-05-28 22:11:20,169] Trial 198 finished with value: 123.86121930670986 and parameters: {'ISTN': 114.08266593766176, 'I_gpe': 2.747395531100608, 'I_gpi': 1.8884113520505486, 'noise_stn_sigma': 7.061147114603256, 'noise_gpe_sigma': 79.04742257958279, 'noise_gpi_sigma': 118.84987348362183, 'g_stn_gpe_mult': 3.3110145640844415, 'g_gpe_stn_mult': 0.7711639853030847, 'g_stn_gpi_mult': 3.351399209576548, 'g_gpe_gpi_mult': 0.6510779974907901}. Best is trial 190 with value: 3.821664796812887.
[I 2026-05-28 22:11:21,212] Trial 199 finished with value: 12.63025885645408 and parameters: {'ISTN': 119.68578985366423, 'I_gpe': 2.3869882904147666, 'I_gpi': 3.774447819189426, 'noise_stn_sigma': 4.037256269436799, 'noise_gpe_sigma': 93.62613869337419, 'noise_gpi_sigma': 134.38845531268367, 'g_stn_gpe_mult': 2.8394203034817433, 'g_gpe_stn_mult': 0.6549008639593557, 'g_stn_gpi_mult': 2.380390663955058, 'g_gpe_gpi_mult': 0.6429382525318561}. Best is trial 190 with value: 3.821664796812887.
[I 2026-05-28 22:11:22,254] Trial 200 finished with value: 26.110511082474382 and parameters: {'ISTN': 123.92196916075054, 'I_gpe': 1.6556800432075547, 'I_gpi': 2.7828163885986217, 'noise_stn_sigma': 4.6913944135389904, 'noise_gpe_sigma': 107.31470421645714, 'noise_gpi_sigma': 86.88963197327323, 'g_stn_gpe_mult': 2.4153997295994682, 'g_gpe_stn_mult': 0.6603425841692249, 'g_stn_gpi_mult': 2.0530818942391313, 'g_gpe_gpi_mult': 0.6603432907146088}. Best is trial 190 with value: 3.821664796812887.
[I 2026-05-28 22:11:23,297] Trial 201 finished with value: 13.738415013858923 and parameters: {'ISTN': 108.06159802054128, 'I_gpe': 2.2956176169630877, 'I_gpi': 2.9450077861946524, 'noise_stn_sigma': 5.762604023925529, 'noise_gpe_sigma': 103.00013597222313, 'noise_gpi_sigma': 110.52529131248342, 'g_stn_gpe_mult': 2.462897243906675, 'g_gpe_stn_mult': 0.5542436646614401, 'g_stn_gpi_mult': 2.439817120006592, 'g_gpe_gpi_mult': 0.9032514911890934}. Best is trial 190 with value: 3.821664796812887.
[I 2026-05-28 22:11:24,339] Trial 202 finished with value: 9.292960687533359 and parameters: {'ISTN': 113.55992242963677, 'I_gpe': 2.1186200798874046, 'I_gpi': 2.1755189512655178, 'noise_stn_sigma': 5.483914845267191, 'noise_gpe_sigma': 107.0196956345318, 'noise_gpi_sigma': 115.0601495818494, 'g_stn_gpe_mult': 2.9795102713755903, 'g_gpe_stn_mult': 0.6400821840939956, 'g_stn_gpi_mult': 2.934597407494855, 'g_gpe_gpi_mult': 0.7902536827315976}. Best is trial 190 with value: 3.821664796812887.
[I 2026-05-28 22:11:25,383] Trial 203 finished with value: 16.83640896729888 and parameters: {'ISTN': 103.17216465709494, 'I_gpe': 2.2866068687258085, 'I_gpi': 1.8675622017280002, 'noise_stn_sigma': 4.802917548969278, 'noise_gpe_sigma': 117.95660300847919, 'noise_gpi_sigma': 92.7106306612322, 'g_stn_gpe_mult': 2.840905027546908, 'g_gpe_stn_mult': 0.5245355047647425, 'g_stn_gpi_mult': 2.53692130907649, 'g_gpe_gpi_mult': 0.5609191608320729}. Best is trial 190 with value: 3.821664796812887.
[I 2026-05-28 22:11:26,423] Trial 204 finished with value: 13.338672858874617 and parameters: {'ISTN': 101.26403534030399, 'I_gpe': 2.257940434629928, 'I_gpi': 2.0415151161298657, 'noise_stn_sigma': 4.976437376176781, 'noise_gpe_sigma': 107.56348948272931, 'noise_gpi_sigma': 141.10006441496773, 'g_stn_gpe_mult': 2.8102698825196164, 'g_gpe_stn_mult': 0.6423660491493527, 'g_stn_gpi_mult': 2.2260182880538366, 'g_gpe_gpi_mult': 0.6411132333360285}. Best is trial 190 with value: 3.821664796812887.
[I 2026-05-28 22:11:27,466] Trial 205 finished with value: 14.25519081542691 and parameters: {'ISTN': 90.93461261080616, 'I_gpe': 2.645530977929416, 'I_gpi': 3.967693841209839, 'noise_stn_sigma': 4.581519323003816, 'noise_gpe_sigma': 127.43453968121379, 'noise_gpi_sigma': 99.18731460814014, 'g_stn_gpe_mult': 3.20304656985957, 'g_gpe_stn_mult': 0.5001816942067983, 'g_stn_gpi_mult': 3.301173374937469, 'g_gpe_gpi_mult': 0.7809844052438093}. Best is trial 190 with value: 3.821664796812887.
[I 2026-05-28 22:11:28,507] Trial 206 finished with value: 10.64812673200682 and parameters: {'ISTN': 81.61480032440336, 'I_gpe': 2.493148567158258, 'I_gpi': 2.1651086193906632, 'noise_stn_sigma': 6.317217881717503, 'noise_gpe_sigma': 128.42670611679347, 'noise_gpi_sigma': 115.5120619465915, 'g_stn_gpe_mult': 3.436126381886388, 'g_gpe_stn_mult': 0.5570063801927986, 'g_stn_gpi_mult': 2.754483568068411, 'g_gpe_gpi_mult': 0.4936253199511313}. Best is trial 190 with value: 3.821664796812887.
[I 2026-05-28 22:11:29,550] Trial 207 finished with value: 8.67086892419525 and parameters: {'ISTN': 114.41793672328457, 'I_gpe': 2.340480904699474, 'I_gpi': 2.2775761794490084, 'noise_stn_sigma': 5.855580814896867, 'noise_gpe_sigma': 106.5704349200041, 'noise_gpi_sigma': 119.9356934488831, 'g_stn_gpe_mult': 3.4722946439336955, 'g_gpe_stn_mult': 0.6721996984334556, 'g_stn_gpi_mult': 2.7058052338339222, 'g_gpe_gpi_mult': 0.868093661370273}. Best is trial 190 with value: 3.821664796812887.
[I 2026-05-28 22:11:30,593] Trial 208 finished with value: 13.652362634965648 and parameters: {'ISTN': 91.24604887405145, 'I_gpe': 2.0147928496455614, 'I_gpi': 1.7536397126328271, 'noise_stn_sigma': 4.545241724716462, 'noise_gpe_sigma': 110.06744894588473, 'noise_gpi_sigma': 97.18155371092313, 'g_stn_gpe_mult': 3.248075771789578, 'g_gpe_stn_mult': 0.5935680865775963, 'g_stn_gpi_mult': 2.9633785148638703, 'g_gpe_gpi_mult': 0.8769846677589279}. Best is trial 190 with value: 3.821664796812887.
[I 2026-05-28 22:11:31,629] Trial 209 finished with value: 20.598073454928205 and parameters: {'ISTN': 110.06641195473554, 'I_gpe': 3.009932817785689, 'I_gpi': 2.751074338918583, 'noise_stn_sigma': 5.029104331364561, 'noise_gpe_sigma': 147.83898466553356, 'noise_gpi_sigma': 112.83565848669825, 'g_stn_gpe_mult': 2.633516442051986, 'g_gpe_stn_mult': 0.6524170388477037, 'g_stn_gpi_mult': 3.1759102648182314, 'g_gpe_gpi_mult': 0.660358894361502}. Best is trial 190 with value: 3.821664796812887.
[I 2026-05-28 22:11:32,671] Trial 210 finished with value: 14.341514826031688 and parameters: {'ISTN': 115.32476803559814, 'I_gpe': 2.2808979988308824, 'I_gpi': 2.119126602877382, 'noise_stn_sigma': 7.323356240991025, 'noise_gpe_sigma': 108.26818475851776, 'noise_gpi_sigma': 129.1060511537663, 'g_stn_gpe_mult': 3.1166566573852696, 'g_gpe_stn_mult': 0.6211553434285769, 'g_stn_gpi_mult': 3.283238662749389, 'g_gpe_gpi_mult': 0.5310470966003684}. Best is trial 190 with value: 3.821664796812887.
[I 2026-05-28 22:11:33,712] Trial 211 finished with value: 5.36183944882027 and parameters: {'ISTN': 107.39473203509749, 'I_gpe': 1.8698942696494392, 'I_gpi': 2.1206102412049264, 'noise_stn_sigma': 5.599196932531422, 'noise_gpe_sigma': 106.76785508286802, 'noise_gpi_sigma': 124.98874940597142, 'g_stn_gpe_mult': 2.847002821906053, 'g_gpe_stn_mult': 0.7831767763399605, 'g_stn_gpi_mult': 2.757990812748548, 'g_gpe_gpi_mult': 0.8071643391180034}. Best is trial 190 with value: 3.821664796812887.
[I 2026-05-28 22:11:34,753] Trial 212 finished with value: 12.101596156264804 and parameters: {'ISTN': 112.87973417996636, 'I_gpe': 2.267308098783869, 'I_gpi': 2.914503551734529, 'noise_stn_sigma': 5.021566250443761, 'noise_gpe_sigma': 104.61695716674211, 'noise_gpi_sigma': 141.18456055376032, 'g_stn_gpe_mult': 2.3279940121447096, 'g_gpe_stn_mult': 0.622419610406431, 'g_stn_gpi_mult': 3.0718466069827013, 'g_gpe_gpi_mult': 0.6624456312075118}. Best is trial 190 with value: 3.821664796812887.
[I 2026-05-28 22:11:35,793] Trial 213 finished with value: 11.507050717879578 and parameters: {'ISTN': 97.58355876281836, 'I_gpe': 2.3121629259807794, 'I_gpi': 1.5432099056780721, 'noise_stn_sigma': 4.387182046946551, 'noise_gpe_sigma': 105.582002179443, 'noise_gpi_sigma': 104.88614729561539, 'g_stn_gpe_mult': 3.2189731005781885, 'g_gpe_stn_mult': 0.6141403591334479, 'g_stn_gpi_mult': 2.8024183521045054, 'g_gpe_gpi_mult': 0.7436301964325334}. Best is trial 190 with value: 3.821664796812887.
[I 2026-05-28 22:11:36,832] Trial 214 finished with value: 19.703434249962562 and parameters: {'ISTN': 115.03028132483905, 'I_gpe': 2.2387222585449083, 'I_gpi': 2.3526046602300283, 'noise_stn_sigma': 6.196573462201503, 'noise_gpe_sigma': 120.57174827920893, 'noise_gpi_sigma': 133.84417933762634, 'g_stn_gpe_mult': 3.35877995132771, 'g_gpe_stn_mult': 0.564252007644207, 'g_stn_gpi_mult': 2.961255142010578, 'g_gpe_gpi_mult': 0.5995401657789103}. Best is trial 190 with value: 3.821664796812887.
[I 2026-05-28 22:11:37,873] Trial 215 finished with value: 11.407011468963194 and parameters: {'ISTN': 102.03121367330692, 'I_gpe': 2.173260085620309, 'I_gpi': 2.3440474729619236, 'noise_stn_sigma': 6.969763126178925, 'noise_gpe_sigma': 99.05682980134057, 'noise_gpi_sigma': 126.11573076535683, 'g_stn_gpe_mult': 3.117823427698511, 'g_gpe_stn_mult': 0.6227095690195993, 'g_stn_gpi_mult': 3.157321385329882, 'g_gpe_gpi_mult': 0.8844182141118166}. Best is trial 190 with value: 3.821664796812887.
[I 2026-05-28 22:11:38,913] Trial 216 finished with value: 15.777190273662422 and parameters: {'ISTN': 113.18995436271398, 'I_gpe': 1.9272798041399164, 'I_gpi': 2.373648922195315, 'noise_stn_sigma': 6.0093858749963385, 'noise_gpe_sigma': 114.62879198084846, 'noise_gpi_sigma': 128.0072961070444, 'g_stn_gpe_mult': 2.66347556770673, 'g_gpe_stn_mult': 0.6058671059624747, 'g_stn_gpi_mult': 2.9038121027540322, 'g_gpe_gpi_mult': 0.8046680832320785}. Best is trial 190 with value: 3.821664796812887.
[I 2026-05-28 22:11:39,955] Trial 217 finished with value: 11.393736237550282 and parameters: {'ISTN': 120.02818279002932, 'I_gpe': 2.1788039368278307, 'I_gpi': 1.6820443065748156, 'noise_stn_sigma': 4.616991844155762, 'noise_gpe_sigma': 99.4402105085074, 'noise_gpi_sigma': 137.88723855825089, 'g_stn_gpe_mult': 2.52861567649833, 'g_gpe_stn_mult': 0.756211909151653, 'g_stn_gpi_mult': 2.792725802862026, 'g_gpe_gpi_mult': 0.8185434636324798}. Best is trial 190 with value: 3.821664796812887.
[I 2026-05-28 22:11:40,996] Trial 218 finished with value: 14.077913768827008 and parameters: {'ISTN': 115.8325172648419, 'I_gpe': 2.3327945803217487, 'I_gpi': 2.450940402530846, 'noise_stn_sigma': 4.888623662887159, 'noise_gpe_sigma': 95.7911941467134, 'noise_gpi_sigma': 115.906226911408, 'g_stn_gpe_mult': 3.216311989526863, 'g_gpe_stn_mult': 0.7328242911204899, 'g_stn_gpi_mult': 2.732495311755077, 'g_gpe_gpi_mult': 0.6863611021344411}. Best is trial 190 with value: 3.821664796812887.
[I 2026-05-28 22:11:42,036] Trial 219 finished with value: 18.29205818383392 and parameters: {'ISTN': 112.01011232448744, 'I_gpe': 2.034031929496994, 'I_gpi': 1.370485793467356, 'noise_stn_sigma': 6.07318002417011, 'noise_gpe_sigma': 105.54563087155748, 'noise_gpi_sigma': 113.5480998381692, 'g_stn_gpe_mult': 3.0656501742906137, 'g_gpe_stn_mult': 0.5499461838997113, 'g_stn_gpi_mult': 2.698151047483141, 'g_gpe_gpi_mult': 0.7927645320902252}. Best is trial 190 with value: 3.821664796812887.
