[I 2026-05-28 21:54:16,749] Trial 176 finished with value: 0.3606201451288182 and parameters: {'ISTN': 66.45425077844307, 'I_gpe': 1.6799786389759577, 'I_gpi': 2.945781773866707, 'noise_stn_sigma': 3.6858055133398566, 'noise_gpe_sigma': 87.97963510858456, 'noise_gpi_sigma': 92.40843889978055, 'g_stn_gpe_mult': 3.3713857240376064, 'g_gpe_stn_mult': 0.19932335736485438, 'g_stn_gpi_mult': 1.3223385318967433, 'g_gpe_gpi_mult': 0.6762147985241052}. Best is trial 170 with value: 0.17199953844896734.
[I 2026-05-28 21:54:17,730] Trial 177 finished with value: 1.729819478975664 and parameters: {'ISTN': 63.99694563057993, 'I_gpe': 1.8784577291676139, 'I_gpi': 2.7986823411349366, 'noise_stn_sigma': 2.8996079972026596, 'noise_gpe_sigma': 73.65236769387113, 'noise_gpi_sigma': 71.7129877128302, 'g_stn_gpe_mult': 3.4926212595672173, 'g_gpe_stn_mult': 0.14583382806422324, 'g_stn_gpi_mult': 1.5930214091949781, 'g_gpe_gpi_mult': 0.6953278873508832}. Best is trial 170 with value: 0.17199953844896734.
[I 2026-05-28 21:54:18,711] Trial 178 finished with value: 8.33429781489279 and parameters: {'ISTN': 67.43489602345323, 'I_gpe': 1.866781367537023, 'I_gpi': 2.543953448672841, 'noise_stn_sigma': 2.4710530595015374, 'noise_gpe_sigma': 78.71272980918296, 'noise_gpi_sigma': 81.73691491896082, 'g_stn_gpe_mult': 3.348475743518961, 'g_gpe_stn_mult': 0.20891873256222182, 'g_stn_gpi_mult': 1.2949180440243195, 'g_gpe_gpi_mult': 0.5421742750687972}. Best is trial 170 with value: 0.17199953844896734.
[I 2026-05-28 21:54:19,689] Trial 179 finished with value: 0.20341191219269159 and parameters: {'ISTN': 63.96241669320434, 'I_gpe': 1.5709294359099435, 'I_gpi': 2.4350218434684754, 'noise_stn_sigma': 2.8620895178079864, 'noise_gpe_sigma': 84.34065274526631, 'noise_gpi_sigma': 74.17211588848923, 'g_stn_gpe_mult': 3.617162785488519, 'g_gpe_stn_mult': 0.1988382776683964, 'g_stn_gpi_mult': 1.5703087488562912, 'g_gpe_gpi_mult': 0.4452082856101304}. Best is trial 170 with value: 0.17199953844896734.
[I 2026-05-28 21:54:20,666] Trial 180 finished with value: 0.23422816193369944 and parameters: {'ISTN': 63.30877177884853, 'I_gpe': 1.536160475010036, 'I_gpi': 2.582785628699634, 'noise_stn_sigma': 2.72219380810313, 'noise_gpe_sigma': 82.22805764275938, 'noise_gpi_sigma': 73.91296234764714, 'g_stn_gpe_mult': 4.5381150192449216, 'g_gpe_stn_mult': 0.26887326103920095, 'g_stn_gpi_mult': 2.0511371674964254, 'g_gpe_gpi_mult': 0.5399973688572648}. Best is trial 170 with value: 0.17199953844896734.
[I 2026-05-28 21:54:21,647] Trial 181 finished with value: 4.07926767992674 and parameters: {'ISTN': 63.633631226002024, 'I_gpe': 1.9951804845152126, 'I_gpi': 2.5135750991596537, 'noise_stn_sigma': 2.7212720301190334, 'noise_gpe_sigma': 68.20339294419048, 'noise_gpi_sigma': 59.072654394118494, 'g_stn_gpe_mult': 3.6700037776935095, 'g_gpe_stn_mult': 0.2249507251919879, 'g_stn_gpi_mult': 1.9460038835220541, 'g_gpe_gpi_mult': 0.548889397447212}. Best is trial 170 with value: 0.17199953844896734.
[I 2026-05-28 21:54:22,625] Trial 182 finished with value: 1.8056660724263334 and parameters: {'ISTN': 65.19016733212521, 'I_gpe': 1.2945087197172283, 'I_gpi': 2.119119561109014, 'noise_stn_sigma': 3.6215687743293485, 'noise_gpe_sigma': 76.74466772218561, 'noise_gpi_sigma': 64.60757428624936, 'g_stn_gpe_mult': 3.9371960819931062, 'g_gpe_stn_mult': 0.2045211804201023, 'g_stn_gpi_mult': 1.8024232853481779, 'g_gpe_gpi_mult': 0.4759127182371961}. Best is trial 170 with value: 0.17199953844896734.
[I 2026-05-28 21:54:23,605] Trial 183 finished with value: 1.9609450341696921 and parameters: {'ISTN': 65.10577585654787, 'I_gpe': 1.4500448275042939, 'I_gpi': 2.3015644274101197, 'noise_stn_sigma': 3.2434208018968627, 'noise_gpe_sigma': 84.89189236995747, 'noise_gpi_sigma': 69.31546930966029, 'g_stn_gpe_mult': 3.988703245469626, 'g_gpe_stn_mult': 0.27018818312080417, 'g_stn_gpi_mult': 1.9514668293395596, 'g_gpe_gpi_mult': 0.4331893645072694}. Best is trial 170 with value: 0.17199953844896734.
[I 2026-05-28 21:54:24,584] Trial 184 finished with value: 9.63608382129823 and parameters: {'ISTN': 78.4795365756474, 'I_gpe': 1.205445165952485, 'I_gpi': 2.1411441282001933, 'noise_stn_sigma': 4.178849548516351, 'noise_gpe_sigma': 90.26079453124717, 'noise_gpi_sigma': 77.41863347121404, 'g_stn_gpe_mult': 3.9018887448218567, 'g_gpe_stn_mult': 0.3604813379077515, 'g_stn_gpi_mult': 1.672052904755359, 'g_gpe_gpi_mult': 0.3681449143017335}. Best is trial 170 with value: 0.17199953844896734.
[I 2026-05-28 21:54:25,561] Trial 185 finished with value: 4.860293700145835 and parameters: {'ISTN': 65.2681371752931, 'I_gpe': 1.881151070324646, 'I_gpi': 2.6125907822575907, 'noise_stn_sigma': 3.4393958878717155, 'noise_gpe_sigma': 90.38679862671194, 'noise_gpi_sigma': 68.27699299130242, 'g_stn_gpe_mult': 3.8408989131575666, 'g_gpe_stn_mult': 0.2093233381094986, 'g_stn_gpi_mult': 1.7552122940661645, 'g_gpe_gpi_mult': 0.5214548875372099}. Best is trial 170 with value: 0.17199953844896734.
[I 2026-05-28 21:54:26,540] Trial 186 finished with value: 0.24444443805354965 and parameters: {'ISTN': 61.63420297271417, 'I_gpe': 1.1765330771848004, 'I_gpi': 2.7374621705959465, 'noise_stn_sigma': 3.365915688755471, 'noise_gpe_sigma': 95.38288303054706, 'noise_gpi_sigma': 68.7066993568331, 'g_stn_gpe_mult': 3.9897483243061345, 'g_gpe_stn_mult': 0.1795469371552686, 'g_stn_gpi_mult': 1.532733816288901, 'g_gpe_gpi_mult': 0.5913035777793907}. Best is trial 170 with value: 0.17199953844896734.
[I 2026-05-28 21:54:27,518] Trial 187 finished with value: 0.282934020840305 and parameters: {'ISTN': 62.70269675292764, 'I_gpe': 1.869754779115358, 'I_gpi': 2.558626878667525, 'noise_stn_sigma': 2.655319948425583, 'noise_gpe_sigma': 80.15714212388207, 'noise_gpi_sigma': 71.04611672769278, 'g_stn_gpe_mult': 4.08475817524679, 'g_gpe_stn_mult': 0.19061442680699742, 'g_stn_gpi_mult': 1.8088997922412025, 'g_gpe_gpi_mult': 0.6404332838731246}. Best is trial 170 with value: 0.17199953844896734.
[I 2026-05-28 21:54:28,496] Trial 188 finished with value: 1.5026109047512328 and parameters: {'ISTN': 66.57189730405355, 'I_gpe': 1.772463739103193, 'I_gpi': 1.9378175433234195, 'noise_stn_sigma': 4.008388921116774, 'noise_gpe_sigma': 72.19111851922385, 'noise_gpi_sigma': 64.90445177644051, 'g_stn_gpe_mult': 4.27649567598997, 'g_gpe_stn_mult': 0.10571660786195332, 'g_stn_gpi_mult': 1.6834639764658328, 'g_gpe_gpi_mult': 0.5650277980347973}. Best is trial 170 with value: 0.17199953844896734.
[I 2026-05-28 21:54:29,475] Trial 189 finished with value: 4.563824331195181 and parameters: {'ISTN': 70.02370998774336, 'I_gpe': 1.7282357731175655, 'I_gpi': 1.9932140107229053, 'noise_stn_sigma': 3.26971692052757, 'noise_gpe_sigma': 85.55805778842884, 'noise_gpi_sigma': 75.9948433364168, 'g_stn_gpe_mult': 3.9022551113905912, 'g_gpe_stn_mult': 0.22864429542034803, 'g_stn_gpi_mult': 1.4685484927486336, 'g_gpe_gpi_mult': 0.48806269424770143}. Best is trial 170 with value: 0.17199953844896734.
[I 2026-05-28 21:54:30,453] Trial 190 finished with value: 5.3077673180854505 and parameters: {'ISTN': 66.2505320455627, 'I_gpe': 1.7251705119840746, 'I_gpi': 2.0323204990878967, 'noise_stn_sigma': 3.1090940266110323, 'noise_gpe_sigma': 88.39958418469644, 'noise_gpi_sigma': 59.36645348376822, 'g_stn_gpe_mult': 4.002527375696856, 'g_gpe_stn_mult': 0.2610967313209184, 'g_stn_gpi_mult': 1.9845423495045798, 'g_gpe_gpi_mult': 0.48434661537984397}. Best is trial 170 with value: 0.17199953844896734.
[I 2026-05-28 21:54:31,431] Trial 191 finished with value: 0.3820079224254672 and parameters: {'ISTN': 63.07421664498745, 'I_gpe': 1.70219341462529, 'I_gpi': 2.562501444080516, 'noise_stn_sigma': 2.862286618302778, 'noise_gpe_sigma': 97.98513250359252, 'noise_gpi_sigma': 60.672712075127194, 'g_stn_gpe_mult': 4.264528610792424, 'g_gpe_stn_mult': 0.219765668414504, 'g_stn_gpi_mult': 2.0630150633049587, 'g_gpe_gpi_mult': 0.5498465339253531}. Best is trial 170 with value: 0.17199953844896734.
[I 2026-05-28 21:54:32,410] Trial 192 finished with value: 3.0008697016868866 and parameters: {'ISTN': 67.148111442865, 'I_gpe': 2.093241108287988, 'I_gpi': 2.591411418975756, 'noise_stn_sigma': 3.938653031305366, 'noise_gpe_sigma': 82.44470098351776, 'noise_gpi_sigma': 75.52101698909128, 'g_stn_gpe_mult': 4.429935053511973, 'g_gpe_stn_mult': 0.19047287859113965, 'g_stn_gpi_mult': 1.9176995430069992, 'g_gpe_gpi_mult': 0.6421813720548821}. Best is trial 170 with value: 0.17199953844896734.
[I 2026-05-28 21:54:33,391] Trial 193 finished with value: 0.22884106941071097 and parameters: {'ISTN': 64.71571508996324, 'I_gpe': 1.512504517052389, 'I_gpi': 2.608161537110342, 'noise_stn_sigma': 2.946926936715153, 'noise_gpe_sigma': 80.33667523070841, 'noise_gpi_sigma': 61.40579228531913, 'g_stn_gpe_mult': 4.146741842203793, 'g_gpe_stn_mult': 0.15118223661734106, 'g_stn_gpi_mult': 1.5604074652330029, 'g_gpe_gpi_mult': 0.5843159444181558}. Best is trial 170 with value: 0.17199953844896734.
[I 2026-05-28 21:54:34,371] Trial 194 finished with value: 2.2603278501402473 and parameters: {'ISTN': 63.340246712830506, 'I_gpe': 1.2746746387173498, 'I_gpi': 2.708444543856351, 'noise_stn_sigma': 4.078562772982106, 'noise_gpe_sigma': 73.43543681688573, 'noise_gpi_sigma': 81.15089046988476, 'g_stn_gpe_mult': 4.012728422012506, 'g_gpe_stn_mult': 0.23023814344080495, 'g_stn_gpi_mult': 1.5399345604347259, 'g_gpe_gpi_mult': 0.6022599857183738}. Best is trial 170 with value: 0.17199953844896734.
[I 2026-05-28 21:54:35,349] Trial 195 finished with value: 1.9970014249444508 and parameters: {'ISTN': 67.07318267790184, 'I_gpe': 1.2741022015859462, 'I_gpi': 2.6030324154096256, 'noise_stn_sigma': 2.888128952039611, 'noise_gpe_sigma': 86.02648146596002, 'noise_gpi_sigma': 60.759174440628506, 'g_stn_gpe_mult': 3.6115109092203586, 'g_gpe_stn_mult': 0.15689078624262254, 'g_stn_gpi_mult': 1.5334007431882413, 'g_gpe_gpi_mult': 0.5196276079860023}. Best is trial 170 with value: 0.17199953844896734.
[I 2026-05-28 21:54:36,330] Trial 196 finished with value: 0.1866209401680383 and parameters: {'ISTN': 63.305664348553094, 'I_gpe': 1.64102621405806, 'I_gpi': 2.301141181120872, 'noise_stn_sigma': 2.780628010544703, 'noise_gpe_sigma': 79.36043113613911, 'noise_gpi_sigma': 84.32469494336083, 'g_stn_gpe_mult': 4.13039939816406, 'g_gpe_stn_mult': 0.16396705052675004, 'g_stn_gpi_mult': 1.9264294190968534, 'g_gpe_gpi_mult': 0.605783898506363}. Best is trial 170 with value: 0.17199953844896734.
[I 2026-05-28 21:54:37,307] Trial 197 finished with value: 0.4032695227781104 and parameters: {'ISTN': 64.19853038565948, 'I_gpe': 1.9566630762400012, 'I_gpi': 2.0150296380892962, 'noise_stn_sigma': 3.7328228528761374, 'noise_gpe_sigma': 70.13932625714122, 'noise_gpi_sigma': 62.81224981905782, 'g_stn_gpe_mult': 4.563320271602359, 'g_gpe_stn_mult': 0.2152307449401282, 'g_stn_gpi_mult': 1.5523310695397308, 'g_gpe_gpi_mult': 0.6344654139239714}. Best is trial 170 with value: 0.17199953844896734.
[I 2026-05-28 21:54:38,286] Trial 198 finished with value: 0.38974295675391313 and parameters: {'ISTN': 64.98361006750828, 'I_gpe': 1.7553707695576772, 'I_gpi': 1.6459552481513642, 'noise_stn_sigma': 3.043739261673365, 'noise_gpe_sigma': 72.81156252384733, 'noise_gpi_sigma': 50.17442613409161, 'g_stn_gpe_mult': 4.039329053342569, 'g_gpe_stn_mult': 0.12881133260470062, 'g_stn_gpi_mult': 2.197615527915129, 'g_gpe_gpi_mult': 0.58151210329409}. Best is trial 170 with value: 0.17199953844896734.
[I 2026-05-28 21:54:39,266] Trial 199 finished with value: 0.36116851680670303 and parameters: {'ISTN': 65.56777551348965, 'I_gpe': 1.4980429295076803, 'I_gpi': 2.847785317769427, 'noise_stn_sigma': 2.697639922863287, 'noise_gpe_sigma': 92.58822014948956, 'noise_gpi_sigma': 44.35976197664263, 'g_stn_gpe_mult': 4.210385643011733, 'g_gpe_stn_mult': 0.16472039520671425, 'g_stn_gpi_mult': 1.728242123260334, 'g_gpe_gpi_mult': 0.6322936752212647}. Best is trial 170 with value: 0.17199953844896734.
[I 2026-05-28 21:54:40,246] Trial 200 finished with value: 3.4395398126317502 and parameters: {'ISTN': 66.29482880412921, 'I_gpe': 1.779622382278728, 'I_gpi': 2.353993150669516, 'noise_stn_sigma': 2.7661979220446193, 'noise_gpe_sigma': 82.50051205258104, 'noise_gpi_sigma': 70.72803159813867, 'g_stn_gpe_mult': 4.066021953357061, 'g_gpe_stn_mult': 0.1792250975023743, 'g_stn_gpi_mult': 1.6089762253133664, 'g_gpe_gpi_mult': 0.6905609344623598}. Best is trial 170 with value: 0.17199953844896734.
[I 2026-05-28 21:54:41,227] Trial 201 finished with value: 0.2302846968904091 and parameters: {'ISTN': 66.84315799263806, 'I_gpe': 1.4657890882310949, 'I_gpi': 2.2729702557304865, 'noise_stn_sigma': 2.237402520178093, 'noise_gpe_sigma': 95.3004941962055, 'noise_gpi_sigma': 65.25068805650605, 'g_stn_gpe_mult': 3.853651699527621, 'g_gpe_stn_mult': 0.16955331382800046, 'g_stn_gpi_mult': 1.8222844803422409, 'g_gpe_gpi_mult': 0.49177780475409155}. Best is trial 170 with value: 0.17199953844896734.
[I 2026-05-28 21:54:42,207] Trial 202 finished with value: 0.26556382236299464 and parameters: {'ISTN': 65.14651193568176, 'I_gpe': 1.5008913375868673, 'I_gpi': 2.6640068386994162, 'noise_stn_sigma': 2.803465589593002, 'noise_gpe_sigma': 85.45575665528428, 'noise_gpi_sigma': 69.80955714835343, 'g_stn_gpe_mult': 4.247394052760098, 'g_gpe_stn_mult': 0.20700422205512564, 'g_stn_gpi_mult': 1.6742372785077535, 'g_gpe_gpi_mult': 0.5327101467425923}. Best is trial 170 with value: 0.17199953844896734.
[I 2026-05-28 21:54:43,189] Trial 203 finished with value: 2.787562758177869 and parameters: {'ISTN': 68.10133315396972, 'I_gpe': 1.8547235265419604, 'I_gpi': 2.1236781861396246, 'noise_stn_sigma': 2.8914468347825215, 'noise_gpe_sigma': 86.49687435424254, 'noise_gpi_sigma': 74.17570269631005, 'g_stn_gpe_mult': 4.487010064361188, 'g_gpe_stn_mult': 0.12801546272589856, 'g_stn_gpi_mult': 1.840088747542603, 'g_gpe_gpi_mult': 0.6202439800561501}. Best is trial 170 with value: 0.17199953844896734.
[I 2026-05-28 21:54:44,167] Trial 204 finished with value: 6.242903527396442 and parameters: {'ISTN': 65.10075163110322, 'I_gpe': 1.8759466082733798, 'I_gpi': 2.108194732326478, 'noise_stn_sigma': 3.014627403029837, 'noise_gpe_sigma': 70.15657504746713, 'noise_gpi_sigma': 62.654744530791625, 'g_stn_gpe_mult': 4.323624222802916, 'g_gpe_stn_mult': 0.1866082216578442, 'g_stn_gpi_mult': 1.9242097494475512, 'g_gpe_gpi_mult': 0.626840636672191}. Best is trial 170 with value: 0.17199953844896734.
[I 2026-05-28 21:54:45,143] Trial 205 finished with value: 1.9361496348867338 and parameters: {'ISTN': 62.23141434449227, 'I_gpe': 1.6368524825037767, 'I_gpi': 2.4482781557527646, 'noise_stn_sigma': 2.3092646447591214, 'noise_gpe_sigma': 81.41338155159211, 'noise_gpi_sigma': 61.228008746373064, 'g_stn_gpe_mult': 4.483625382088551, 'g_gpe_stn_mult': 0.1389692538862364, 'g_stn_gpi_mult': 1.9837426887917373, 'g_gpe_gpi_mult': 0.5274057747015443}. Best is trial 170 with value: 0.17199953844896734.
[I 2026-05-28 21:54:46,121] Trial 206 finished with value: 2.941603709211763 and parameters: {'ISTN': 64.65100687604165, 'I_gpe': 1.6733494647341347, 'I_gpi': 1.8587774210094241, 'noise_stn_sigma': 3.4236066804123477, 'noise_gpe_sigma': 98.89634538557708, 'noise_gpi_sigma': 75.51559819253896, 'g_stn_gpe_mult': 4.025506080860627, 'g_gpe_stn_mult': 0.25608411391916786, 'g_stn_gpi_mult': 1.8478522516941842, 'g_gpe_gpi_mult': 0.5535310423190809}. Best is trial 170 with value: 0.17199953844896734.
[I 2026-05-28 21:54:47,101] Trial 207 finished with value: 0.22815551980337487 and parameters: {'ISTN': 62.674058936828146, 'I_gpe': 1.2704875768627066, 'I_gpi': 2.6860117613896963, 'noise_stn_sigma': 2.5129067001562326, 'noise_gpe_sigma': 77.0477884910049, 'noise_gpi_sigma': 73.62847886637115, 'g_stn_gpe_mult': 4.043577331885791, 'g_gpe_stn_mult': 0.21058764253473922, 'g_stn_gpi_mult': 1.634259634664464, 'g_gpe_gpi_mult': 0.547305662601669}. Best is trial 170 with value: 0.17199953844896734.
[I 2026-05-28 21:54:48,082] Trial 208 finished with value: 1.917426366737122 and parameters: {'ISTN': 69.46475441762122, 'I_gpe': 1.4101725839178525, 'I_gpi': 2.5227051812057515, 'noise_stn_sigma': 3.0975542771101225, 'noise_gpe_sigma': 86.67293282210832, 'noise_gpi_sigma': 69.95657134975323, 'g_stn_gpe_mult': 4.472780144110432, 'g_gpe_stn_mult': 0.1390475473613785, 'g_stn_gpi_mult': 1.772860182346899, 'g_gpe_gpi_mult': 0.6518304308878624}. Best is trial 170 with value: 0.17199953844896734.
[I 2026-05-28 21:54:49,059] Trial 209 finished with value: 0.26372629450747004 and parameters: {'ISTN': 65.01991702429493, 'I_gpe': 1.7435984618745548, 'I_gpi': 2.4581225321622737, 'noise_stn_sigma': 3.8558254119172526, 'noise_gpe_sigma': 75.19141625817726, 'noise_gpi_sigma': 51.79397264899893, 'g_stn_gpe_mult': 4.020105593184757, 'g_gpe_stn_mult': 0.10754696708714444, 'g_stn_gpi_mult': 1.7580905501316149, 'g_gpe_gpi_mult': 0.571869432561553}. Best is trial 170 with value: 0.17199953844896734.
[I 2026-05-28 21:54:50,036] Trial 210 finished with value: 0.3167062523408141 and parameters: {'ISTN': 63.44007935298704, 'I_gpe': 1.271955742486891, 'I_gpi': 2.8787322448818617, 'noise_stn_sigma': 2.321779772314797, 'noise_gpe_sigma': 79.32339013629255, 'noise_gpi_sigma': 57.27270212252849, 'g_stn_gpe_mult': 4.476615327922122, 'g_gpe_stn_mult': 0.12804181335907772, 'g_stn_gpi_mult': 1.709910604159967, 'g_gpe_gpi_mult': 0.6292852531274913}. Best is trial 170 with value: 0.17199953844896734.
[I 2026-05-28 21:54:51,016] Trial 211 finished with value: 9.171926269665379 and parameters: {'ISTN': 73.14509485967882, 'I_gpe': 1.5979253882696844, 'I_gpi': 2.8396659369123114, 'noise_stn_sigma': 2.793057314670036, 'noise_gpe_sigma': 80.95689691454476, 'noise_gpi_sigma': 61.6648502160376, 'g_stn_gpe_mult': 3.8637991764427237, 'g_gpe_stn_mult': 0.19012310104780364, 'g_stn_gpi_mult': 1.8257896447285922, 'g_gpe_gpi_mult': 0.5090349408773394}. Best is trial 170 with value: 0.17199953844896734.
[I 2026-05-28 21:54:51,997] Trial 212 finished with value: 0.6357820781336997 and parameters: {'ISTN': 65.50826888701108, 'I_gpe': 1.670657051020254, 'I_gpi': 2.2472683854015867, 'noise_stn_sigma': 3.0144664912596593, 'noise_gpe_sigma': 81.46751908609446, 'noise_gpi_sigma': 59.47052731390229, 'g_stn_gpe_mult': 3.6588259657380555, 'g_gpe_stn_mult': 0.21351583570985683, 'g_stn_gpi_mult': 1.7907502781921374, 'g_gpe_gpi_mult': 0.46980605090004}. Best is trial 170 with value: 0.17199953844896734.
[I 2026-05-28 21:54:52,975] Trial 213 finished with value: 0.1949578516406476 and parameters: {'ISTN': 62.76381559430774, 'I_gpe': 1.4910448367960418, 'I_gpi': 2.654086225244754, 'noise_stn_sigma': 2.5404536470435213, 'noise_gpe_sigma': 82.38492856712065, 'noise_gpi_sigma': 78.55671305882731, 'g_stn_gpe_mult': 3.78690214064877, 'g_gpe_stn_mult': 0.23399515587291056, 'g_stn_gpi_mult': 1.4376357112093032, 'g_gpe_gpi_mult': 0.4990048381331407}. Best is trial 170 with value: 0.17199953844896734.
[I 2026-05-28 21:54:53,955] Trial 214 finished with value: 9.907242202501305 and parameters: {'ISTN': 74.99349387716519, 'I_gpe': 1.2778784219990706, 'I_gpi': 2.3099294917148048, 'noise_stn_sigma': 3.580516238540156, 'noise_gpe_sigma': 91.06593258354592, 'noise_gpi_sigma': 61.9359128117468, 'g_stn_gpe_mult': 3.6402942515226333, 'g_gpe_stn_mult': 0.23472206756827446, 'g_stn_gpi_mult': 1.8793458675415753, 'g_gpe_gpi_mult': 0.3891874208853215}. Best is trial 170 with value: 0.17199953844896734.
[I 2026-05-28 21:54:54,873] Trial 215 finished with value: 1000000.0 and parameters: {'ISTN': 65.28386387486468, 'I_gpe': 1.750340695981468, 'I_gpi': 2.575693962592344, 'noise_stn_sigma': 2.6518603178072366, 'noise_gpe_sigma': 78.76398660266642, 'noise_gpi_sigma': 65.67981142882711, 'g_stn_gpe_mult': 4.052236424089449, 'g_gpe_stn_mult': 0.1481314070810595, 'g_stn_gpi_mult': 1.8660104778097786, 'g_gpe_gpi_mult': 0.6485573527510176}. Best is trial 170 with value: 0.17199953844896734.
[I 2026-05-28 21:54:55,853] Trial 216 finished with value: 0.3338554732649008 and parameters: {'ISTN': 64.87266484678283, 'I_gpe': 1.4376708184259321, 'I_gpi': 2.9295986530177327, 'noise_stn_sigma': 2.622531657672787, 'noise_gpe_sigma': 89.82010253633396, 'noise_gpi_sigma': 66.13556039910945, 'g_stn_gpe_mult': 4.041791966789573, 'g_gpe_stn_mult': 0.1545656654390655, 'g_stn_gpi_mult': 1.8750518311532773, 'g_gpe_gpi_mult': 0.5787588530641978}. Best is trial 170 with value: 0.17199953844896734.
[I 2026-05-28 21:54:56,832] Trial 217 finished with value: 0.5349806823425259 and parameters: {'ISTN': 65.3008693963823, 'I_gpe': 1.4599168697021243, 'I_gpi': 3.1838169408031844, 'noise_stn_sigma': 2.4117810241962676, 'noise_gpe_sigma': 78.78030333504614, 'noise_gpi_sigma': 56.95213862969387, 'g_stn_gpe_mult': 3.610175011181588, 'g_gpe_stn_mult': 0.19845772813995996, 'g_stn_gpi_mult': 1.7523331004806697, 'g_gpe_gpi_mult': 0.48796534571443234}. Best is trial 170 with value: 0.17199953844896734.
[I 2026-05-28 21:54:57,811] Trial 218 finished with value: 0.2460948544576326 and parameters: {'ISTN': 63.87242754017644, 'I_gpe': 1.555129029398417, 'I_gpi': 2.5809596823887535, 'noise_stn_sigma': 2.5565442701299768, 'noise_gpe_sigma': 84.71338415134055, 'noise_gpi_sigma': 55.59717340679818, 'g_stn_gpe_mult': 4.036355262169158, 'g_gpe_stn_mult': 0.2064258084501353, 'g_stn_gpi_mult': 1.6590913687158624, 'g_gpe_gpi_mult': 0.4508638511349496}. Best is trial 170 with value: 0.17199953844896734.
[I 2026-05-28 21:54:58,791] Trial 219 finished with value: 0.16635565942603492 and parameters: {'ISTN': 60.023632056198394, 'I_gpe': 1.4239277544169415, 'I_gpi': 2.6338552148966174, 'noise_stn_sigma': 2.5899249979836605, 'noise_gpe_sigma': 88.75576108637023, 'noise_gpi_sigma': 75.54093570110197, 'g_stn_gpe_mult': 3.6114414891695845, 'g_gpe_stn_mult': 0.1431869874613127, 'g_stn_gpi_mult': 1.742863948501447, 'g_gpe_gpi_mult': 0.5711905944775473}. Best is trial 219 with value: 0.16635565942603492.
