[I 2026-05-28 22:20:52,528] Trial 748 finished with value: 5.913716324157441 and parameters: {'ISTN': 116.72953898396992, 'I_gpe': 2.1605383368434277, 'I_gpi': 1.7965204018107317, 'noise_stn_sigma': 4.174332325579531, 'noise_gpe_sigma': 114.85322428415387, 'noise_gpi_sigma': 140.35997264402934, 'g_stn_gpe_mult': 4.099581728840788, 'g_gpe_stn_mult': 0.6851104443725682, 'g_stn_gpi_mult': 1.4994220448993392, 'g_gpe_gpi_mult': 0.7205318770824365}. Best is trial 718 with value: 0.8160967237747627.
[I 2026-05-28 22:20:53,568] Trial 749 finished with value: 6.622517544509944 and parameters: {'ISTN': 117.99938185248476, 'I_gpe': 2.2222624628866963, 'I_gpi': 1.8392198713104893, 'noise_stn_sigma': 4.031568710798185, 'noise_gpe_sigma': 115.63632578067879, 'noise_gpi_sigma': 129.35896839885402, 'g_stn_gpe_mult': 4.218871664025115, 'g_gpe_stn_mult': 0.6924424974798914, 'g_stn_gpi_mult': 1.5309955638872492, 'g_gpe_gpi_mult': 0.7814574046420093}. Best is trial 718 with value: 0.8160967237747627.
[I 2026-05-28 22:20:54,611] Trial 750 finished with value: 3.804896219392125 and parameters: {'ISTN': 115.74548521498642, 'I_gpe': 2.24795802188527, 'I_gpi': 1.917606549465607, 'noise_stn_sigma': 4.52398930862476, 'noise_gpe_sigma': 117.52642096324684, 'noise_gpi_sigma': 136.46939380755632, 'g_stn_gpe_mult': 4.225022470426829, 'g_gpe_stn_mult': 0.6824165864852761, 'g_stn_gpi_mult': 1.6513973966019304, 'g_gpe_gpi_mult': 0.7349335843851945}. Best is trial 718 with value: 0.8160967237747627.
[I 2026-05-28 22:20:55,656] Trial 751 finished with value: 4.555633922577661 and parameters: {'ISTN': 116.1365152482142, 'I_gpe': 2.209710626793549, 'I_gpi': 1.7777827905307344, 'noise_stn_sigma': 3.8983406892187893, 'noise_gpe_sigma': 113.07559084941099, 'noise_gpi_sigma': 130.1752528357892, 'g_stn_gpe_mult': 4.121980402642568, 'g_gpe_stn_mult': 0.6790834261395808, 'g_stn_gpi_mult': 1.439041887236741, 'g_gpe_gpi_mult': 0.7359446053610588}. Best is trial 718 with value: 0.8160967237747627.
[I 2026-05-28 22:20:56,700] Trial 752 finished with value: 5.419652153980566 and parameters: {'ISTN': 117.79127437554351, 'I_gpe': 2.2930490050150905, 'I_gpi': 1.8489955431734968, 'noise_stn_sigma': 3.9974519549939234, 'noise_gpe_sigma': 115.82683548669594, 'noise_gpi_sigma': 142.35795410785886, 'g_stn_gpe_mult': 4.1307789111220385, 'g_gpe_stn_mult': 0.6753293737949804, 'g_stn_gpi_mult': 1.5563235115709704, 'g_gpe_gpi_mult': 0.7213578493664459}. Best is trial 718 with value: 0.8160967237747627.
[I 2026-05-28 22:20:57,740] Trial 753 finished with value: 6.892948132468446 and parameters: {'ISTN': 113.89275803414773, 'I_gpe': 2.219988401642148, 'I_gpi': 1.971279885169675, 'noise_stn_sigma': 4.628587858219779, 'noise_gpe_sigma': 118.46985602002434, 'noise_gpi_sigma': 144.6172788537296, 'g_stn_gpe_mult': 4.117041279777524, 'g_gpe_stn_mult': 0.6613432055170255, 'g_stn_gpi_mult': 1.6794329555433396, 'g_gpe_gpi_mult': 0.6972025791199978}. Best is trial 718 with value: 0.8160967237747627.
[I 2026-05-28 22:20:58,782] Trial 754 finished with value: 3.658710496839464 and parameters: {'ISTN': 114.91759914863084, 'I_gpe': 2.240621817829167, 'I_gpi': 1.9352179898630626, 'noise_stn_sigma': 4.251708775952767, 'noise_gpe_sigma': 113.97518103729851, 'noise_gpi_sigma': 137.635766186378, 'g_stn_gpe_mult': 4.32533723889585, 'g_gpe_stn_mult': 0.6896193913046706, 'g_stn_gpi_mult': 1.5563992270985314, 'g_gpe_gpi_mult': 0.7514740177798134}. Best is trial 718 with value: 0.8160967237747627.
[I 2026-05-28 22:20:59,823] Trial 755 finished with value: 0.934978184589904 and parameters: {'ISTN': 117.17757985716446, 'I_gpe': 2.20208104661134, 'I_gpi': 1.8618641983775053, 'noise_stn_sigma': 4.508181929984202, 'noise_gpe_sigma': 111.9295444588344, 'noise_gpi_sigma': 138.5229031712252, 'g_stn_gpe_mult': 4.191883153990721, 'g_gpe_stn_mult': 0.6846743098872098, 'g_stn_gpi_mult': 1.4859759161396107, 'g_gpe_gpi_mult': 0.7088881875630149}. Best is trial 718 with value: 0.8160967237747627.
[I 2026-05-28 22:21:00,865] Trial 756 finished with value: 3.4691569762108236 and parameters: {'ISTN': 114.83248653340453, 'I_gpe': 2.2626969734541227, 'I_gpi': 1.9465468477553358, 'noise_stn_sigma': 4.031121643477646, 'noise_gpe_sigma': 112.62474715247797, 'noise_gpi_sigma': 133.79366076171604, 'g_stn_gpe_mult': 3.9310184817719183, 'g_gpe_stn_mult': 0.6743089689713937, 'g_stn_gpi_mult': 1.5784968254920801, 'g_gpe_gpi_mult': 0.7535421374180324}. Best is trial 718 with value: 0.8160967237747627.
[I 2026-05-28 22:21:01,903] Trial 757 finished with value: 4.953778586401548 and parameters: {'ISTN': 114.85188044897853, 'I_gpe': 2.210444949944222, 'I_gpi': 1.8135930046629567, 'noise_stn_sigma': 4.170596476438765, 'noise_gpe_sigma': 113.27556499510551, 'noise_gpi_sigma': 136.451186337469, 'g_stn_gpe_mult': 4.3729407940305265, 'g_gpe_stn_mult': 0.6694442498194801, 'g_stn_gpi_mult': 1.6234513708065563, 'g_gpe_gpi_mult': 0.7335764975743417}. Best is trial 718 with value: 0.8160967237747627.
[I 2026-05-28 22:21:02,943] Trial 758 finished with value: 7.46963771033982 and parameters: {'ISTN': 119.42157202014278, 'I_gpe': 2.1978831313280676, 'I_gpi': 1.8939656730686512, 'noise_stn_sigma': 4.253902885995395, 'noise_gpe_sigma': 112.37312043606357, 'noise_gpi_sigma': 127.70425979290594, 'g_stn_gpe_mult': 4.209679432026728, 'g_gpe_stn_mult': 0.7055108306721036, 'g_stn_gpi_mult': 1.5855702514771723, 'g_gpe_gpi_mult': 0.7238374859628804}. Best is trial 718 with value: 0.8160967237747627.
[I 2026-05-28 22:21:03,986] Trial 759 finished with value: 5.046464992301571 and parameters: {'ISTN': 115.37596578418155, 'I_gpe': 2.1658723084484266, 'I_gpi': 1.682992942501317, 'noise_stn_sigma': 4.44133408618935, 'noise_gpe_sigma': 110.96344443150062, 'noise_gpi_sigma': 141.69431811025242, 'g_stn_gpe_mult': 4.083829734718714, 'g_gpe_stn_mult': 0.6875630473518412, 'g_stn_gpi_mult': 1.5845694740057108, 'g_gpe_gpi_mult': 0.7467440773802987}. Best is trial 718 with value: 0.8160967237747627.
[I 2026-05-28 22:21:05,030] Trial 760 finished with value: 6.826502378154059 and parameters: {'ISTN': 112.46665688612927, 'I_gpe': 2.2389094831806813, 'I_gpi': 1.8025100306938415, 'noise_stn_sigma': 4.270320802168268, 'noise_gpe_sigma': 119.28311946122534, 'noise_gpi_sigma': 135.99390052354147, 'g_stn_gpe_mult': 4.156694178412274, 'g_gpe_stn_mult': 0.6534435766000554, 'g_stn_gpi_mult': 1.6758036913463186, 'g_gpe_gpi_mult': 0.7538426400856169}. Best is trial 718 with value: 0.8160967237747627.
[I 2026-05-28 22:21:06,074] Trial 761 finished with value: 5.918980082488597 and parameters: {'ISTN': 118.5539987962513, 'I_gpe': 2.242412005247897, 'I_gpi': 1.7259743001305976, 'noise_stn_sigma': 4.4001902864610285, 'noise_gpe_sigma': 112.64009045837874, 'noise_gpi_sigma': 119.46949796281046, 'g_stn_gpe_mult': 4.24752200230007, 'g_gpe_stn_mult': 0.6997833611336892, 'g_stn_gpi_mult': 1.4201539064564097, 'g_gpe_gpi_mult': 0.7320019094470975}. Best is trial 718 with value: 0.8160967237747627.
[I 2026-05-28 22:21:07,117] Trial 762 finished with value: 2.9667923510535203 and parameters: {'ISTN': 116.43004994720218, 'I_gpe': 2.2251937735516365, 'I_gpi': 1.7277251470589727, 'noise_stn_sigma': 4.078737716764314, 'noise_gpe_sigma': 116.40624984924156, 'noise_gpi_sigma': 138.7197151958748, 'g_stn_gpe_mult': 4.299488450469596, 'g_gpe_stn_mult': 0.6802497646145738, 'g_stn_gpi_mult': 1.3706607666343003, 'g_gpe_gpi_mult': 0.7711736563027709}. Best is trial 718 with value: 0.8160967237747627.
[I 2026-05-28 22:21:08,156] Trial 763 finished with value: 3.46939784872106 and parameters: {'ISTN': 117.5214691153038, 'I_gpe': 2.257824753434294, 'I_gpi': 1.843875209734903, 'noise_stn_sigma': 4.2409179498486695, 'noise_gpe_sigma': 112.47610442313452, 'noise_gpi_sigma': 149.44015827504944, 'g_stn_gpe_mult': 4.043555479496363, 'g_gpe_stn_mult': 0.6915864843847801, 'g_stn_gpi_mult': 1.5772009838274905, 'g_gpe_gpi_mult': 0.7815665224150703}. Best is trial 718 with value: 0.8160967237747627.
[I 2026-05-28 22:21:09,198] Trial 764 finished with value: 2.1168667968018595 and parameters: {'ISTN': 116.12555030945072, 'I_gpe': 2.2220235460813007, 'I_gpi': 1.8920419325506348, 'noise_stn_sigma': 4.453344583620524, 'noise_gpe_sigma': 115.07751055902321, 'noise_gpi_sigma': 131.9380564489157, 'g_stn_gpe_mult': 4.16181581684175, 'g_gpe_stn_mult': 0.6910859998580116, 'g_stn_gpi_mult': 1.5001590078128704, 'g_gpe_gpi_mult': 0.6745121326894261}. Best is trial 718 with value: 0.8160967237747627.
[I 2026-05-28 22:21:10,240] Trial 765 finished with value: 7.6401121487856996 and parameters: {'ISTN': 117.03133728368475, 'I_gpe': 2.2320320858171487, 'I_gpi': 1.8557940701538005, 'noise_stn_sigma': 4.565788787368448, 'noise_gpe_sigma': 116.61948763089721, 'noise_gpi_sigma': 129.09371703286627, 'g_stn_gpe_mult': 4.253339982199028, 'g_gpe_stn_mult': 0.6935275354243633, 'g_stn_gpi_mult': 1.6748123461089053, 'g_gpe_gpi_mult': 0.7596078660824155}. Best is trial 718 with value: 0.8160967237747627.
[I 2026-05-28 22:21:11,282] Trial 766 finished with value: 12.199934853606798 and parameters: {'ISTN': 114.83273330385256, 'I_gpe': 2.2562519798280634, 'I_gpi': 1.8205161961617264, 'noise_stn_sigma': 4.355571212746785, 'noise_gpe_sigma': 113.10816201934199, 'noise_gpi_sigma': 133.61888941621768, 'g_stn_gpe_mult': 4.224887277983357, 'g_gpe_stn_mult': 0.6700316291975945, 'g_stn_gpi_mult': 1.590424875797504, 'g_gpe_gpi_mult': 0.7138297073299233}. Best is trial 718 with value: 0.8160967237747627.
[I 2026-05-28 22:21:12,324] Trial 767 finished with value: 0.775992504791496 and parameters: {'ISTN': 117.91756689755533, 'I_gpe': 2.1959453368974486, 'I_gpi': 2.0022783883412, 'noise_stn_sigma': 3.944603537277136, 'noise_gpe_sigma': 110.66613674869082, 'noise_gpi_sigma': 133.60832442858631, 'g_stn_gpe_mult': 4.3071785498385315, 'g_gpe_stn_mult': 0.6906896623404696, 'g_stn_gpi_mult': 1.4110407155408213, 'g_gpe_gpi_mult': 0.7437764654083996}. Best is trial 767 with value: 0.775992504791496.
[I 2026-05-28 22:21:13,366] Trial 768 finished with value: 8.094315275085938 and parameters: {'ISTN': 118.4062192895797, 'I_gpe': 2.1999089163583276, 'I_gpi': 1.905845782316239, 'noise_stn_sigma': 4.242749839310364, 'noise_gpe_sigma': 115.3760653230825, 'noise_gpi_sigma': 132.1259115835434, 'g_stn_gpe_mult': 4.380081817640041, 'g_gpe_stn_mult': 0.6916385985422963, 'g_stn_gpi_mult': 1.4520749487530349, 'g_gpe_gpi_mult': 0.7090844579818212}. Best is trial 767 with value: 0.775992504791496.
[I 2026-05-28 22:21:14,408] Trial 769 finished with value: 3.3137349221305006 and parameters: {'ISTN': 115.59086060751059, 'I_gpe': 2.2421784228288457, 'I_gpi': 1.8804282342957221, 'noise_stn_sigma': 4.309198072642523, 'noise_gpe_sigma': 115.24548372936856, 'noise_gpi_sigma': 146.9033989180389, 'g_stn_gpe_mult': 4.194223097921819, 'g_gpe_stn_mult': 0.6850962496341011, 'g_stn_gpi_mult': 1.5789926463068853, 'g_gpe_gpi_mult': 0.7547566878583216}. Best is trial 767 with value: 0.775992504791496.
[I 2026-05-28 22:21:15,451] Trial 770 finished with value: 7.269941064718308 and parameters: {'ISTN': 118.22346260982042, 'I_gpe': 2.257646955539313, 'I_gpi': 1.9960979409161834, 'noise_stn_sigma': 4.112987486390395, 'noise_gpe_sigma': 111.86404555545839, 'noise_gpi_sigma': 142.66681445571948, 'g_stn_gpe_mult': 4.153169301147516, 'g_gpe_stn_mult': 0.6922262595049875, 'g_stn_gpi_mult': 1.535011232083634, 'g_gpe_gpi_mult': 0.7759164422922251}. Best is trial 767 with value: 0.775992504791496.
[I 2026-05-28 22:21:16,496] Trial 771 finished with value: 3.592194759491094 and parameters: {'ISTN': 118.8692095507498, 'I_gpe': 2.1654276052403545, 'I_gpi': 1.8852009278661668, 'noise_stn_sigma': 4.187391773843694, 'noise_gpe_sigma': 115.13284747723154, 'noise_gpi_sigma': 136.87556893135292, 'g_stn_gpe_mult': 4.3909509853590905, 'g_gpe_stn_mult': 0.6917978812782443, 'g_stn_gpi_mult': 1.429665657415028, 'g_gpe_gpi_mult': 0.7388137676930577}. Best is trial 767 with value: 0.775992504791496.
[I 2026-05-28 22:21:17,537] Trial 772 finished with value: 2.199681540195666 and parameters: {'ISTN': 115.99950939080726, 'I_gpe': 2.2746597288038126, 'I_gpi': 2.031762718856587, 'noise_stn_sigma': 4.084258264522923, 'noise_gpe_sigma': 111.26377290136601, 'noise_gpi_sigma': 134.03386023677052, 'g_stn_gpe_mult': 4.174452863773288, 'g_gpe_stn_mult': 0.6870876408511967, 'g_stn_gpi_mult': 1.5030623952722804, 'g_gpe_gpi_mult': 0.7626829073254475}. Best is trial 767 with value: 0.775992504791496.
[I 2026-05-28 22:21:18,579] Trial 773 finished with value: 0.8436198028069716 and parameters: {'ISTN': 116.62867426762358, 'I_gpe': 2.2536424777855184, 'I_gpi': 2.1488797342945603, 'noise_stn_sigma': 4.17217987773927, 'noise_gpe_sigma': 116.23293466959035, 'noise_gpi_sigma': 131.0847822410898, 'g_stn_gpe_mult': 4.409793306977734, 'g_gpe_stn_mult': 0.6866450279523917, 'g_stn_gpi_mult': 1.466131005195919, 'g_gpe_gpi_mult': 0.7153046521091386}. Best is trial 767 with value: 0.775992504791496.
[I 2026-05-28 22:21:19,621] Trial 774 finished with value: 5.0491835010737915 and parameters: {'ISTN': 117.02024031241643, 'I_gpe': 2.269265552119691, 'I_gpi': 1.6960783993381146, 'noise_stn_sigma': 4.169884857816049, 'noise_gpe_sigma': 112.85011344060294, 'noise_gpi_sigma': 135.38652471245484, 'g_stn_gpe_mult': 4.19422395517875, 'g_gpe_stn_mult': 0.6886236906979757, 'g_stn_gpi_mult': 1.3630240465718209, 'g_gpe_gpi_mult': 0.7423959859307445}. Best is trial 767 with value: 0.775992504791496.
[I 2026-05-28 22:21:20,663] Trial 775 finished with value: 7.216538077496785 and parameters: {'ISTN': 113.77709135933446, 'I_gpe': 2.206057594975568, 'I_gpi': 1.9143759917683336, 'noise_stn_sigma': 4.110735030966799, 'noise_gpe_sigma': 112.36592502325725, 'noise_gpi_sigma': 136.01088127640827, 'g_stn_gpe_mult': 4.12802597631969, 'g_gpe_stn_mult': 0.679293358551019, 'g_stn_gpi_mult': 1.558907987385657, 'g_gpe_gpi_mult': 0.7546783674107431}. Best is trial 767 with value: 0.775992504791496.
[I 2026-05-28 22:21:21,706] Trial 776 finished with value: 7.770896542452781 and parameters: {'ISTN': 117.37618563110628, 'I_gpe': 2.1947359531603516, 'I_gpi': 1.8373062279646097, 'noise_stn_sigma': 4.064223477844698, 'noise_gpe_sigma': 110.32455808652254, 'noise_gpi_sigma': 127.73869848928685, 'g_stn_gpe_mult': 4.195176701310848, 'g_gpe_stn_mult': 0.6928471921898611, 'g_stn_gpi_mult': 1.366489237606529, 'g_gpe_gpi_mult': 0.7248568652894003}. Best is trial 767 with value: 0.775992504791496.
[I 2026-05-28 22:21:22,751] Trial 777 finished with value: 6.143181334468411 and parameters: {'ISTN': 119.7478684998068, 'I_gpe': 2.202851337461177, 'I_gpi': 1.625409076525779, 'noise_stn_sigma': 4.288623395906774, 'noise_gpe_sigma': 115.9391292615651, 'noise_gpi_sigma': 120.09743198380093, 'g_stn_gpe_mult': 4.358999142332198, 'g_gpe_stn_mult': 0.6900785533512045, 'g_stn_gpi_mult': 1.3079444845754227, 'g_gpe_gpi_mult': 0.6999703685867948}. Best is trial 767 with value: 0.775992504791496.
[I 2026-05-28 22:21:23,792] Trial 778 finished with value: 7.931911263482842 and parameters: {'ISTN': 118.98184949690835, 'I_gpe': 2.1887522440856113, 'I_gpi': 1.9657527378796693, 'noise_stn_sigma': 4.103299245248178, 'noise_gpe_sigma': 111.92858889161643, 'noise_gpi_sigma': 140.39769485824914, 'g_stn_gpe_mult': 4.109380079360575, 'g_gpe_stn_mult': 0.7029879188464004, 'g_stn_gpi_mult': 1.3632686002011474, 'g_gpe_gpi_mult': 0.7484559622963989}. Best is trial 767 with value: 0.775992504791496.
[I 2026-05-28 22:21:24,833] Trial 779 finished with value: 6.530186350400884 and parameters: {'ISTN': 115.20220703968374, 'I_gpe': 2.243467362108758, 'I_gpi': 1.8966563762476203, 'noise_stn_sigma': 4.399781510879943, 'noise_gpe_sigma': 117.66028578715657, 'noise_gpi_sigma': 134.55829963645806, 'g_stn_gpe_mult': 4.342633580223112, 'g_gpe_stn_mult': 0.6808568965199792, 'g_stn_gpi_mult': 1.4672435476072259, 'g_gpe_gpi_mult': 0.7176695388117413}. Best is trial 767 with value: 0.775992504791496.
[I 2026-05-28 22:21:25,876] Trial 780 finished with value: 7.530280557439416 and parameters: {'ISTN': 119.50853490296848, 'I_gpe': 2.2140215305098057, 'I_gpi': 1.938583083297708, 'noise_stn_sigma': 3.952809222651177, 'noise_gpe_sigma': 107.67448532936494, 'noise_gpi_sigma': 132.687038674336, 'g_stn_gpe_mult': 4.075190061427248, 'g_gpe_stn_mult': 0.6942532381078548, 'g_stn_gpi_mult': 1.4647119641791617, 'g_gpe_gpi_mult': 0.736299311865765}. Best is trial 767 with value: 0.775992504791496.
[I 2026-05-28 22:21:26,921] Trial 781 finished with value: 0.782308417644332 and parameters: {'ISTN': 116.8488946371534, 'I_gpe': 2.189850649518757, 'I_gpi': 2.1553935368754007, 'noise_stn_sigma': 4.319417764323884, 'noise_gpe_sigma': 121.69582922430774, 'noise_gpi_sigma': 139.7496937915207, 'g_stn_gpe_mult': 4.378578023869823, 'g_gpe_stn_mult': 0.6890534102827831, 'g_stn_gpi_mult': 1.5755800507989668, 'g_gpe_gpi_mult': 0.7066015685910998}. Best is trial 767 with value: 0.775992504791496.
[I 2026-05-28 22:21:27,963] Trial 782 finished with value: 3.3082849905297134 and parameters: {'ISTN': 116.8176435184931, 'I_gpe': 2.2424629078334717, 'I_gpi': 2.0313123894259686, 'noise_stn_sigma': 4.117067015860728, 'noise_gpe_sigma': 117.37044809197585, 'noise_gpi_sigma': 133.51381008281766, 'g_stn_gpe_mult': 4.459297925037393, 'g_gpe_stn_mult': 0.6852931655807862, 'g_stn_gpi_mult': 1.3860907087613819, 'g_gpe_gpi_mult': 0.6860012136230478}. Best is trial 767 with value: 0.775992504791496.
[I 2026-05-28 22:21:29,006] Trial 783 finished with value: 4.95361156365785 and parameters: {'ISTN': 115.97379645313893, 'I_gpe': 2.254834858931866, 'I_gpi': 2.005007125273896, 'noise_stn_sigma': 4.588868355203799, 'noise_gpe_sigma': 117.27501115052856, 'noise_gpi_sigma': 127.82583106385385, 'g_stn_gpe_mult': 4.363747687810401, 'g_gpe_stn_mult': 0.6787637562161952, 'g_stn_gpi_mult': 1.6217884238982188, 'g_gpe_gpi_mult': 0.6790806103495557}. Best is trial 767 with value: 0.775992504791496.
[I 2026-05-28 22:21:30,048] Trial 784 finished with value: 3.7056259063428882 and parameters: {'ISTN': 117.14874897152066, 'I_gpe': 2.303212121345804, 'I_gpi': 1.9813648256717888, 'noise_stn_sigma': 3.8415714204284708, 'noise_gpe_sigma': 116.45080257768689, 'noise_gpi_sigma': 136.2564928228839, 'g_stn_gpe_mult': 3.941950595680329, 'g_gpe_stn_mult': 0.7019814169101527, 'g_stn_gpi_mult': 1.475724546048036, 'g_gpe_gpi_mult': 0.8000297657272928}. Best is trial 767 with value: 0.775992504791496.
[I 2026-05-28 22:21:31,089] Trial 785 finished with value: 6.6134942334813225 and parameters: {'ISTN': 116.71226520753653, 'I_gpe': 2.174745126335556, 'I_gpi': 2.0703363968040924, 'noise_stn_sigma': 3.911163986753781, 'noise_gpe_sigma': 114.98276236550487, 'noise_gpi_sigma': 126.89222177239374, 'g_stn_gpe_mult': 4.207153838209324, 'g_gpe_stn_mult': 0.6892912684813773, 'g_stn_gpi_mult': 1.4779004953491734, 'g_gpe_gpi_mult': 0.7716738677626567}. Best is trial 767 with value: 0.775992504791496.
[I 2026-05-28 22:21:32,131] Trial 786 finished with value: 10.74141473299249 and parameters: {'ISTN': 118.34063147977469, 'I_gpe': 2.193078465020279, 'I_gpi': 1.9560369769441066, 'noise_stn_sigma': 4.122310154101257, 'noise_gpe_sigma': 115.5412466851172, 'noise_gpi_sigma': 132.1608442698302, 'g_stn_gpe_mult': 4.427804416334531, 'g_gpe_stn_mult': 0.7182369794347668, 'g_stn_gpi_mult': 1.3864466582782338, 'g_gpe_gpi_mult': 0.7260755774806074}. Best is trial 767 with value: 0.775992504791496.
[I 2026-05-28 22:21:33,173] Trial 787 finished with value: 2.580230847330767 and parameters: {'ISTN': 115.06434063134608, 'I_gpe': 2.2447001291374438, 'I_gpi': 2.0162250763926695, 'noise_stn_sigma': 4.037450674565328, 'noise_gpe_sigma': 108.79881999398508, 'noise_gpi_sigma': 131.50087660449532, 'g_stn_gpe_mult': 4.274571925645612, 'g_gpe_stn_mult': 0.6863328614476683, 'g_stn_gpi_mult': 1.5169869338917326, 'g_gpe_gpi_mult': 0.7316970866050228}. Best is trial 767 with value: 0.775992504791496.
[I 2026-05-28 22:21:34,212] Trial 788 finished with value: 3.869217840673225 and parameters: {'ISTN': 118.2584183518413, 'I_gpe': 2.3095905921005264, 'I_gpi': 2.122907580439117, 'noise_stn_sigma': 4.322537717029634, 'noise_gpe_sigma': 117.40785474550835, 'noise_gpi_sigma': 130.69119336831145, 'g_stn_gpe_mult': 4.6068561170090065, 'g_gpe_stn_mult': 0.7015119063690454, 'g_stn_gpi_mult': 1.3791272259018204, 'g_gpe_gpi_mult': 0.7049228554783553}. Best is trial 767 with value: 0.775992504791496.
[I 2026-05-28 22:21:35,251] Trial 789 finished with value: 1.7889981842568665 and parameters: {'ISTN': 114.26722143505647, 'I_gpe': 2.2766697227170374, 'I_gpi': 2.092425525770884, 'noise_stn_sigma': 4.020201524285666, 'noise_gpe_sigma': 110.90274813010636, 'noise_gpi_sigma': 141.20780018424324, 'g_stn_gpe_mult': 4.179726309555308, 'g_gpe_stn_mult': 0.6829748919079534, 'g_stn_gpi_mult': 1.5185863878402446, 'g_gpe_gpi_mult': 0.7613533002082455}. Best is trial 767 with value: 0.775992504791496.
[I 2026-05-28 22:21:36,293] Trial 790 finished with value: 4.182472640332737 and parameters: {'ISTN': 116.53510230133566, 'I_gpe': 2.2823075270876796, 'I_gpi': 2.0331080545769664, 'noise_stn_sigma': 4.154509813714224, 'noise_gpe_sigma': 116.56800887834012, 'noise_gpi_sigma': 144.0998829124528, 'g_stn_gpe_mult': 4.239513126577647, 'g_gpe_stn_mult': 0.6909117692655722, 'g_stn_gpi_mult': 1.3771542527560643, 'g_gpe_gpi_mult': 0.6871399234323392}. Best is trial 767 with value: 0.775992504791496.
[I 2026-05-28 22:21:37,334] Trial 791 finished with value: 5.838007226807285 and parameters: {'ISTN': 115.65678687570767, 'I_gpe': 2.162761979773781, 'I_gpi': 1.8367374606427993, 'noise_stn_sigma': 3.9131052665302515, 'noise_gpe_sigma': 111.17715671992909, 'noise_gpi_sigma': 135.84229577543533, 'g_stn_gpe_mult': 4.255037178117741, 'g_gpe_stn_mult': 0.6935378607419654, 'g_stn_gpi_mult': 1.5765983192256476, 'g_gpe_gpi_mult': 0.6984494529013401}. Best is trial 767 with value: 0.775992504791496.
