[I 2026-05-28 21:39:36,502] Trial 308 finished with value: 0.15392237377228016 and parameters: {'ISTN': 60.61761793698529, 'I_gpe': 1.1774910203579674, 'I_gpi': 1.8092261344553184, 'noise_stn_sigma': 2.830528419386327, 'noise_gpe_sigma': 105.9637586427957, 'noise_gpi_sigma': 94.56622582153838, 'g_stn_gpe_mult': 3.4875702639436033, 'g_gpe_stn_mult': 0.17458775031794127, 'g_stn_gpi_mult': 2.8238065530682137, 'g_gpe_gpi_mult': 0.6166337101223025}. Best is trial 261 with value: 0.15014689328990205.
[I 2026-05-28 21:39:37,508] Trial 309 finished with value: 0.181272437070537 and parameters: {'ISTN': 63.302674395704535, 'I_gpe': 1.2169460546489521, 'I_gpi': 1.9679634799527692, 'noise_stn_sigma': 2.547590181917676, 'noise_gpe_sigma': 104.59051607157039, 'noise_gpi_sigma': 102.62341548432038, 'g_stn_gpe_mult': 3.482673926350231, 'g_gpe_stn_mult': 0.18406599296103232, 'g_stn_gpi_mult': 2.9061851187760643, 'g_gpe_gpi_mult': 0.760171780932128}. Best is trial 261 with value: 0.15014689328990205.
[I 2026-05-28 21:39:38,513] Trial 310 finished with value: 0.25913644353469234 and parameters: {'ISTN': 60.642319822253164, 'I_gpe': 1.498535998201639, 'I_gpi': 1.6391384960883817, 'noise_stn_sigma': 3.085339111565265, 'noise_gpe_sigma': 105.32375251886064, 'noise_gpi_sigma': 101.01550563033427, 'g_stn_gpe_mult': 3.65594677713016, 'g_gpe_stn_mult': 0.20574954359039221, 'g_stn_gpi_mult': 2.7705424755328254, 'g_gpe_gpi_mult': 0.7501946989969046}. Best is trial 261 with value: 0.15014689328990205.
[I 2026-05-28 21:39:39,520] Trial 311 finished with value: 0.22468225215741522 and parameters: {'ISTN': 62.89272038793047, 'I_gpe': 1.1699401984371989, 'I_gpi': 1.7441917118469945, 'noise_stn_sigma': 2.54159645870457, 'noise_gpe_sigma': 101.67909159977258, 'noise_gpi_sigma': 96.42985479503331, 'g_stn_gpe_mult': 3.353255547598929, 'g_gpe_stn_mult': 0.13443513077627217, 'g_stn_gpi_mult': 2.8824315151002753, 'g_gpe_gpi_mult': 0.6658848727429671}. Best is trial 261 with value: 0.15014689328990205.
[I 2026-05-28 21:39:40,526] Trial 312 finished with value: 0.27041872130496714 and parameters: {'ISTN': 63.49554752067947, 'I_gpe': 1.3005372160864244, 'I_gpi': 1.5455729369924067, 'noise_stn_sigma': 2.868107429451067, 'noise_gpe_sigma': 100.6729138770222, 'noise_gpi_sigma': 104.64860539678396, 'g_stn_gpe_mult': 3.5359247213698533, 'g_gpe_stn_mult': 0.14384546692793843, 'g_stn_gpi_mult': 2.711082288634614, 'g_gpe_gpi_mult': 0.6610913201409397}. Best is trial 261 with value: 0.15014689328990205.
[I 2026-05-28 21:39:41,473] Trial 313 finished with value: 1000000.0 and parameters: {'ISTN': 60.78369144985266, 'I_gpe': 1.0580884558824533, 'I_gpi': 1.8747095010824835, 'noise_stn_sigma': 2.776562537272021, 'noise_gpe_sigma': 111.37806717115352, 'noise_gpi_sigma': 97.30767398861641, 'g_stn_gpe_mult': 3.300196214135614, 'g_gpe_stn_mult': 0.1855199936994299, 'g_stn_gpi_mult': 2.9042692027173764, 'g_gpe_gpi_mult': 0.6759366634300261}. Best is trial 261 with value: 0.15014689328990205.
[I 2026-05-28 21:39:42,481] Trial 314 finished with value: 0.308246469178953 and parameters: {'ISTN': 64.61754871208159, 'I_gpe': 1.1096228040236462, 'I_gpi': 1.7289218987028323, 'noise_stn_sigma': 2.2834561039827963, 'noise_gpe_sigma': 107.58524042158447, 'noise_gpi_sigma': 88.5487790504284, 'g_stn_gpe_mult': 3.330563594934581, 'g_gpe_stn_mult': 0.10499855539036666, 'g_stn_gpi_mult': 2.6226491356971335, 'g_gpe_gpi_mult': 0.5829599775446797}. Best is trial 261 with value: 0.15014689328990205.
[I 2026-05-28 21:39:43,487] Trial 315 finished with value: 0.18200840400123133 and parameters: {'ISTN': 63.11912743308645, 'I_gpe': 1.1637565523929088, 'I_gpi': 1.8734424432001662, 'noise_stn_sigma': 2.9862449334096706, 'noise_gpe_sigma': 103.85024976376924, 'noise_gpi_sigma': 103.40886190315781, 'g_stn_gpe_mult': 3.1781430160406425, 'g_gpe_stn_mult': 0.16705127167372974, 'g_stn_gpi_mult': 2.7568203965962255, 'g_gpe_gpi_mult': 0.640797956635895}. Best is trial 261 with value: 0.15014689328990205.
[I 2026-05-28 21:39:44,494] Trial 316 finished with value: 0.22094219801290693 and parameters: {'ISTN': 61.01161789210634, 'I_gpe': 0.6981230319585716, 'I_gpi': 1.8931671497406064, 'noise_stn_sigma': 1.881608809549284, 'noise_gpe_sigma': 113.74799237717554, 'noise_gpi_sigma': 91.17100568508816, 'g_stn_gpe_mult': 3.3383785980056215, 'g_gpe_stn_mult': 0.17514444675134386, 'g_stn_gpi_mult': 3.1019543894403836, 'g_gpe_gpi_mult': 0.6818506782296403}. Best is trial 261 with value: 0.15014689328990205.
[I 2026-05-28 21:39:45,501] Trial 317 finished with value: 0.9770236202327632 and parameters: {'ISTN': 60.53543787772873, 'I_gpe': 1.2377920693385533, 'I_gpi': 1.7697926817395593, 'noise_stn_sigma': 2.2227152212378476, 'noise_gpe_sigma': 103.60897674571997, 'noise_gpi_sigma': 87.0979423675737, 'g_stn_gpe_mult': 3.330137541870971, 'g_gpe_stn_mult': 0.14571621804722382, 'g_stn_gpi_mult': 2.594008763219913, 'g_gpe_gpi_mult': 0.694531863491774}. Best is trial 261 with value: 0.15014689328990205.
[I 2026-05-28 21:39:46,508] Trial 318 finished with value: 0.18462298688498885 and parameters: {'ISTN': 61.62194474609217, 'I_gpe': 1.2186644754782248, 'I_gpi': 2.00709816880529, 'noise_stn_sigma': 2.8221643925925974, 'noise_gpe_sigma': 113.06495141063647, 'noise_gpi_sigma': 96.61044557687195, 'g_stn_gpe_mult': 3.4666796356891685, 'g_gpe_stn_mult': 0.18767748111689078, 'g_stn_gpi_mult': 2.896330873342757, 'g_gpe_gpi_mult': 0.7014407144622918}. Best is trial 261 with value: 0.15014689328990205.
[I 2026-05-28 21:39:47,515] Trial 319 finished with value: 0.17572214031921987 and parameters: {'ISTN': 60.513882855064786, 'I_gpe': 1.4104727447616001, 'I_gpi': 1.982365515828528, 'noise_stn_sigma': 2.9501760840789264, 'noise_gpe_sigma': 101.90119036571933, 'noise_gpi_sigma': 105.06592959004806, 'g_stn_gpe_mult': 3.4579332502014433, 'g_gpe_stn_mult': 0.16826851690189665, 'g_stn_gpi_mult': 2.7460673400233757, 'g_gpe_gpi_mult': 0.6476072831620643}. Best is trial 261 with value: 0.15014689328990205.
[I 2026-05-28 21:39:48,520] Trial 320 finished with value: 0.3947976962144498 and parameters: {'ISTN': 63.03898923524397, 'I_gpe': 1.0686763100387384, 'I_gpi': 1.7672660482400322, 'noise_stn_sigma': 2.355809515089357, 'noise_gpe_sigma': 103.09687782186953, 'noise_gpi_sigma': 83.63681371019062, 'g_stn_gpe_mult': 3.3700454468499697, 'g_gpe_stn_mult': 0.10095734149114541, 'g_stn_gpi_mult': 2.5996210266416933, 'g_gpe_gpi_mult': 0.6558637588813976}. Best is trial 261 with value: 0.15014689328990205.
[I 2026-05-28 21:39:49,530] Trial 321 finished with value: 0.20269063971222048 and parameters: {'ISTN': 60.11976997061045, 'I_gpe': 1.3759917419949268, 'I_gpi': 1.649126706818758, 'noise_stn_sigma': 2.458022821017044, 'noise_gpe_sigma': 95.41899898394256, 'noise_gpi_sigma': 99.77024130430469, 'g_stn_gpe_mult': 3.1130788980281783, 'g_gpe_stn_mult': 0.17553469136320138, 'g_stn_gpi_mult': 2.67696133680948, 'g_gpe_gpi_mult': 0.6651629369767035}. Best is trial 261 with value: 0.15014689328990205.
[I 2026-05-28 21:39:50,540] Trial 322 finished with value: 0.45822571624142094 and parameters: {'ISTN': 61.986563049930524, 'I_gpe': 1.2770634318203091, 'I_gpi': 1.973863448651328, 'noise_stn_sigma': 2.724402730368122, 'noise_gpe_sigma': 105.24965972252473, 'noise_gpi_sigma': 106.10317861122985, 'g_stn_gpe_mult': 3.5023297641582563, 'g_gpe_stn_mult': 0.13008947392864087, 'g_stn_gpi_mult': 2.765270704020159, 'g_gpe_gpi_mult': 0.5426597991480517}. Best is trial 261 with value: 0.15014689328990205.
[I 2026-05-28 21:39:51,547] Trial 323 finished with value: 0.21458733249756481 and parameters: {'ISTN': 62.68039705500545, 'I_gpe': 1.0442997532981133, 'I_gpi': 1.713928777442916, 'noise_stn_sigma': 2.6562006931074076, 'noise_gpe_sigma': 100.61090605047242, 'noise_gpi_sigma': 104.96237504528517, 'g_stn_gpe_mult': 3.19739478031481, 'g_gpe_stn_mult': 0.16305997110719755, 'g_stn_gpi_mult': 2.6878022772088066, 'g_gpe_gpi_mult': 0.6473337936515411}. Best is trial 261 with value: 0.15014689328990205.
[I 2026-05-28 21:39:52,556] Trial 324 finished with value: 0.1709247294058076 and parameters: {'ISTN': 60.68443493893024, 'I_gpe': 1.1406272035791283, 'I_gpi': 1.8624008736795927, 'noise_stn_sigma': 2.6732947909302758, 'noise_gpe_sigma': 107.86582524741301, 'noise_gpi_sigma': 98.25802841146898, 'g_stn_gpe_mult': 3.4354313228423514, 'g_gpe_stn_mult': 0.19955474630015663, 'g_stn_gpi_mult': 2.8127541375189784, 'g_gpe_gpi_mult': 0.5990279517052193}. Best is trial 261 with value: 0.15014689328990205.
[I 2026-05-28 21:39:53,566] Trial 325 finished with value: 0.18050575470004832 and parameters: {'ISTN': 63.55723955367766, 'I_gpe': 1.1979979388958237, 'I_gpi': 1.9597383990820991, 'noise_stn_sigma': 2.5896948416845222, 'noise_gpe_sigma': 107.96765540349698, 'noise_gpi_sigma': 104.23010348238213, 'g_stn_gpe_mult': 3.463903640610727, 'g_gpe_stn_mult': 0.1767937387710094, 'g_stn_gpi_mult': 2.758524240210672, 'g_gpe_gpi_mult': 0.6732596027295346}. Best is trial 261 with value: 0.15014689328990205.
[I 2026-05-28 21:39:54,575] Trial 326 finished with value: 0.1729315776163279 and parameters: {'ISTN': 63.50613091127737, 'I_gpe': 0.9684866304971272, 'I_gpi': 2.0386262083531377, 'noise_stn_sigma': 2.7774517244499615, 'noise_gpe_sigma': 110.66418221348421, 'noise_gpi_sigma': 99.57365150461855, 'g_stn_gpe_mult': 3.324593352423467, 'g_gpe_stn_mult': 0.12087960131600362, 'g_stn_gpi_mult': 2.7792103597229443, 'g_gpe_gpi_mult': 0.7280932104631848}. Best is trial 261 with value: 0.15014689328990205.
[I 2026-05-28 21:39:55,582] Trial 327 finished with value: 0.21768825247461246 and parameters: {'ISTN': 61.927705233521856, 'I_gpe': 1.32300255992755, 'I_gpi': 1.7734196119197108, 'noise_stn_sigma': 3.0099162433404274, 'noise_gpe_sigma': 94.75649331600623, 'noise_gpi_sigma': 110.05415327981703, 'g_stn_gpe_mult': 3.633634908180333, 'g_gpe_stn_mult': 0.16198638635896728, 'g_stn_gpi_mult': 2.6618250157472514, 'g_gpe_gpi_mult': 0.6644118046483863}. Best is trial 261 with value: 0.15014689328990205.
[I 2026-05-28 21:39:56,589] Trial 328 finished with value: 0.9358777631322674 and parameters: {'ISTN': 60.77337628343235, 'I_gpe': 1.3100533537860308, 'I_gpi': 1.873099593312693, 'noise_stn_sigma': 2.7369015438509985, 'noise_gpe_sigma': 106.34867587542786, 'noise_gpi_sigma': 99.43165703388038, 'g_stn_gpe_mult': 3.4394723791509403, 'g_gpe_stn_mult': 0.1534266620166985, 'g_stn_gpi_mult': 2.994476230731493, 'g_gpe_gpi_mult': 0.5798659101839019}. Best is trial 261 with value: 0.15014689328990205.
[I 2026-05-28 21:39:57,595] Trial 329 finished with value: 0.15451047650737681 and parameters: {'ISTN': 60.22658650257061, 'I_gpe': 1.1213133720529473, 'I_gpi': 1.9156279423916338, 'noise_stn_sigma': 2.7849992880302024, 'noise_gpe_sigma': 100.9042562867872, 'noise_gpi_sigma': 104.18398143739721, 'g_stn_gpe_mult': 3.523119862129519, 'g_gpe_stn_mult': 0.19387297266021036, 'g_stn_gpi_mult': 2.7783828365786483, 'g_gpe_gpi_mult': 0.6818539466583428}. Best is trial 261 with value: 0.15014689328990205.
[I 2026-05-28 21:39:58,602] Trial 330 finished with value: 0.18968265519970445 and parameters: {'ISTN': 61.146896954392474, 'I_gpe': 1.3181914014915788, 'I_gpi': 1.724300611171045, 'noise_stn_sigma': 2.572367303739807, 'noise_gpe_sigma': 104.89560392546272, 'noise_gpi_sigma': 97.33339585703493, 'g_stn_gpe_mult': 3.2317799876769318, 'g_gpe_stn_mult': 0.17786169458321494, 'g_stn_gpi_mult': 2.9306201017815416, 'g_gpe_gpi_mult': 0.6268857696912618}. Best is trial 261 with value: 0.15014689328990205.
[I 2026-05-28 21:39:59,611] Trial 331 finished with value: 0.15603286836205332 and parameters: {'ISTN': 60.88511212147736, 'I_gpe': 1.0943230245968394, 'I_gpi': 1.8603954392417463, 'noise_stn_sigma': 3.2650881581728695, 'noise_gpe_sigma': 99.35752465821766, 'noise_gpi_sigma': 99.59982607625541, 'g_stn_gpe_mult': 3.460453447815804, 'g_gpe_stn_mult': 0.14912320896560746, 'g_stn_gpi_mult': 2.8032323736813964, 'g_gpe_gpi_mult': 0.7065504357851327}. Best is trial 261 with value: 0.15014689328990205.
[I 2026-05-28 21:40:00,618] Trial 332 finished with value: 0.19419684090449718 and parameters: {'ISTN': 62.57693672598618, 'I_gpe': 1.1893662083960321, 'I_gpi': 1.6941131922065173, 'noise_stn_sigma': 3.3083443697911092, 'noise_gpe_sigma': 104.04212677790464, 'noise_gpi_sigma': 92.74244541156737, 'g_stn_gpe_mult': 3.3952251326271736, 'g_gpe_stn_mult': 0.15277186130177217, 'g_stn_gpi_mult': 3.006619052336032, 'g_gpe_gpi_mult': 0.6327634457711515}. Best is trial 261 with value: 0.15014689328990205.
[I 2026-05-28 21:40:01,624] Trial 333 finished with value: 0.3428100647821621 and parameters: {'ISTN': 60.762984619451906, 'I_gpe': 1.176695916925184, 'I_gpi': 2.051625057193318, 'noise_stn_sigma': 2.9174010286248735, 'noise_gpe_sigma': 100.35300931237393, 'noise_gpi_sigma': 99.41387970412254, 'g_stn_gpe_mult': 3.643784339428229, 'g_gpe_stn_mult': 0.15110246729231033, 'g_stn_gpi_mult': 2.694444608968128, 'g_gpe_gpi_mult': 0.6826270730817143}. Best is trial 261 with value: 0.15014689328990205.
[I 2026-05-28 21:40:02,630] Trial 334 finished with value: 0.20795741941373705 and parameters: {'ISTN': 63.22662937474959, 'I_gpe': 1.259314702320328, 'I_gpi': 2.075228358270745, 'noise_stn_sigma': 2.5064533742301363, 'noise_gpe_sigma': 107.37647631368401, 'noise_gpi_sigma': 100.43770357150012, 'g_stn_gpe_mult': 3.493453271819689, 'g_gpe_stn_mult': 0.20224956415200085, 'g_stn_gpi_mult': 2.7754850239067066, 'g_gpe_gpi_mult': 0.6250095218501635}. Best is trial 261 with value: 0.15014689328990205.
[I 2026-05-28 21:40:03,637] Trial 335 finished with value: 0.16678684164079954 and parameters: {'ISTN': 61.97658418893875, 'I_gpe': 0.9775936901161908, 'I_gpi': 1.9452322811711062, 'noise_stn_sigma': 3.1143816554027306, 'noise_gpe_sigma': 106.87935998391288, 'noise_gpi_sigma': 104.16458604304108, 'g_stn_gpe_mult': 3.5411130352556013, 'g_gpe_stn_mult': 0.1356771708066186, 'g_stn_gpi_mult': 2.7440249597177546, 'g_gpe_gpi_mult': 0.6548223935491126}. Best is trial 261 with value: 0.15014689328990205.
[I 2026-05-28 21:40:04,645] Trial 336 finished with value: 0.17147389525779916 and parameters: {'ISTN': 60.669426358428915, 'I_gpe': 0.9232955693119469, 'I_gpi': 1.8303353617767468, 'noise_stn_sigma': 2.460057717381681, 'noise_gpe_sigma': 106.50483963639108, 'noise_gpi_sigma': 96.91107972983944, 'g_stn_gpe_mult': 3.619772433193094, 'g_gpe_stn_mult': 0.17038342186910393, 'g_stn_gpi_mult': 2.8597222560316697, 'g_gpe_gpi_mult': 0.6441118733522344}. Best is trial 261 with value: 0.15014689328990205.
[I 2026-05-28 21:40:05,650] Trial 337 finished with value: 0.17523890937225717 and parameters: {'ISTN': 62.207512770768545, 'I_gpe': 1.119785086243509, 'I_gpi': 2.0017485981461656, 'noise_stn_sigma': 2.683299278538099, 'noise_gpe_sigma': 104.84156374412068, 'noise_gpi_sigma': 103.59306861397728, 'g_stn_gpe_mult': 3.7265418435642834, 'g_gpe_stn_mult': 0.20090970973826955, 'g_stn_gpi_mult': 2.9248457483689663, 'g_gpe_gpi_mult': 0.6551026297747617}. Best is trial 261 with value: 0.15014689328990205.
[I 2026-05-28 21:40:06,659] Trial 338 finished with value: 0.26677458301014745 and parameters: {'ISTN': 64.07210990844253, 'I_gpe': 1.1560965955111349, 'I_gpi': 1.9181459609007203, 'noise_stn_sigma': 2.6613501002946522, 'noise_gpe_sigma': 100.74151402765428, 'noise_gpi_sigma': 105.68327281689571, 'g_stn_gpe_mult': 3.396151407881258, 'g_gpe_stn_mult': 0.2055659545926576, 'g_stn_gpi_mult': 2.5242990242298533, 'g_gpe_gpi_mult': 0.6593008607602413}. Best is trial 261 with value: 0.15014689328990205.
[I 2026-05-28 21:40:07,663] Trial 339 finished with value: 0.1803758311910151 and parameters: {'ISTN': 64.02790571825913, 'I_gpe': 1.0917851684127164, 'I_gpi': 2.005602189251646, 'noise_stn_sigma': 2.7228400067437124, 'noise_gpe_sigma': 113.6396309435221, 'noise_gpi_sigma': 101.841131234603, 'g_stn_gpe_mult': 3.2937391087703602, 'g_gpe_stn_mult': 0.16939869663656115, 'g_stn_gpi_mult': 2.7254971050775993, 'g_gpe_gpi_mult': 0.6755132857019155}. Best is trial 261 with value: 0.15014689328990205.
[I 2026-05-28 21:40:08,669] Trial 340 finished with value: 0.27491228356588787 and parameters: {'ISTN': 61.27433769716335, 'I_gpe': 1.1066213480690106, 'I_gpi': 1.939463623016065, 'noise_stn_sigma': 2.3111803202054606, 'noise_gpe_sigma': 105.67166509992079, 'noise_gpi_sigma': 100.3748771337887, 'g_stn_gpe_mult': 3.417955421873309, 'g_gpe_stn_mult': 0.20153198078609502, 'g_stn_gpi_mult': 2.67901026388549, 'g_gpe_gpi_mult': 0.6377141006534615}. Best is trial 261 with value: 0.15014689328990205.
[I 2026-05-28 21:40:09,676] Trial 341 finished with value: 0.15696766571768359 and parameters: {'ISTN': 60.869921484847104, 'I_gpe': 1.2263380689244867, 'I_gpi': 1.8893503480632248, 'noise_stn_sigma': 3.486246937537213, 'noise_gpe_sigma': 101.24143328267269, 'noise_gpi_sigma': 97.93490948498662, 'g_stn_gpe_mult': 3.4097865046282507, 'g_gpe_stn_mult': 0.1456094596983076, 'g_stn_gpi_mult': 2.862782594045974, 'g_gpe_gpi_mult': 0.6679657225142348}. Best is trial 261 with value: 0.15014689328990205.
[I 2026-05-28 21:40:10,681] Trial 342 finished with value: 0.17023804787322533 and parameters: {'ISTN': 60.49121362330709, 'I_gpe': 0.9226611867449191, 'I_gpi': 1.7691615811122245, 'noise_stn_sigma': 2.516234619063683, 'noise_gpe_sigma': 104.34296443107868, 'noise_gpi_sigma': 98.4330550360972, 'g_stn_gpe_mult': 3.641626133847186, 'g_gpe_stn_mult': 0.16909765294055082, 'g_stn_gpi_mult': 2.934788286082166, 'g_gpe_gpi_mult': 0.6713498741604449}. Best is trial 261 with value: 0.15014689328990205.
[I 2026-05-28 21:40:11,691] Trial 343 finished with value: 0.20573509615905794 and parameters: {'ISTN': 63.39641911086962, 'I_gpe': 0.9419762034731294, 'I_gpi': 2.153468781340397, 'noise_stn_sigma': 3.12110039521474, 'noise_gpe_sigma': 101.91884409404115, 'noise_gpi_sigma': 101.80957902533999, 'g_stn_gpe_mult': 3.41664835979836, 'g_gpe_stn_mult': 0.13375627735360152, 'g_stn_gpi_mult': 2.9496413394642973, 'g_gpe_gpi_mult': 0.6955593208179968}. Best is trial 261 with value: 0.15014689328990205.
[I 2026-05-28 21:40:12,698] Trial 344 finished with value: 0.16804910510070087 and parameters: {'ISTN': 62.586545614700114, 'I_gpe': 1.0714276691005094, 'I_gpi': 1.8753771776019872, 'noise_stn_sigma': 3.310123003939918, 'noise_gpe_sigma': 101.27727596154658, 'noise_gpi_sigma': 102.79365531706368, 'g_stn_gpe_mult': 3.300762975751402, 'g_gpe_stn_mult': 0.13780732239858703, 'g_stn_gpi_mult': 2.895657594303165, 'g_gpe_gpi_mult': 0.7288604325729051}. Best is trial 261 with value: 0.15014689328990205.
[I 2026-05-28 21:40:13,702] Trial 345 finished with value: 2.3256789542131093 and parameters: {'ISTN': 60.676959177065605, 'I_gpe': 1.1220887000767628, 'I_gpi': 1.798741942760842, 'noise_stn_sigma': 2.29793283927275, 'noise_gpe_sigma': 97.97231170899089, 'noise_gpi_sigma': 96.77428757512332, 'g_stn_gpe_mult': 3.4932834428115576, 'g_gpe_stn_mult': 0.12717536768612306, 'g_stn_gpi_mult': 2.7238162145772957, 'g_gpe_gpi_mult': 0.6740595013557169}. Best is trial 261 with value: 0.15014689328990205.
[I 2026-05-28 21:40:14,707] Trial 346 finished with value: 0.9790263200667703 and parameters: {'ISTN': 60.85924300465031, 'I_gpe': 1.4183135438727028, 'I_gpi': 1.7769868955746477, 'noise_stn_sigma': 2.730361178256472, 'noise_gpe_sigma': 101.1233148169613, 'noise_gpi_sigma': 110.5624452794632, 'g_stn_gpe_mult': 3.6096338358496696, 'g_gpe_stn_mult': 0.14045790008999415, 'g_stn_gpi_mult': 2.8110734665667794, 'g_gpe_gpi_mult': 0.659497003484156}. Best is trial 261 with value: 0.15014689328990205.
[I 2026-05-28 21:40:15,716] Trial 347 finished with value: 0.24896899072394615 and parameters: {'ISTN': 63.713024661758524, 'I_gpe': 1.1227022769271573, 'I_gpi': 1.7673748548681312, 'noise_stn_sigma': 3.2054417997160805, 'noise_gpe_sigma': 101.07911542184068, 'noise_gpi_sigma': 100.03894298690652, 'g_stn_gpe_mult': 3.6181190101926695, 'g_gpe_stn_mult': 0.15546371771652606, 'g_stn_gpi_mult': 2.5841827080216797, 'g_gpe_gpi_mult': 0.6683675079397983}. Best is trial 261 with value: 0.15014689328990205.
[I 2026-05-28 21:40:16,723] Trial 348 finished with value: 0.18880155220669692 and parameters: {'ISTN': 62.71660579336492, 'I_gpe': 1.0491454584070388, 'I_gpi': 1.9576985830269837, 'noise_stn_sigma': 3.1933782578341505, 'noise_gpe_sigma': 103.0986533894336, 'noise_gpi_sigma': 106.35917130375906, 'g_stn_gpe_mult': 3.6254908311673226, 'g_gpe_stn_mult': 0.1571710903733144, 'g_stn_gpi_mult': 2.8878504441873707, 'g_gpe_gpi_mult': 0.6803681914930533}. Best is trial 261 with value: 0.15014689328990205.
[I 2026-05-28 21:40:17,728] Trial 349 finished with value: 0.20435168904548895 and parameters: {'ISTN': 62.745171042734285, 'I_gpe': 1.0080334942964724, 'I_gpi': 1.7824225318867168, 'noise_stn_sigma': 3.0820642201383444, 'noise_gpe_sigma': 107.85238888192666, 'noise_gpi_sigma': 97.40279968245781, 'g_stn_gpe_mult': 3.6804748888235634, 'g_gpe_stn_mult': 0.15520282492384394, 'g_stn_gpi_mult': 2.636141475341846, 'g_gpe_gpi_mult': 0.7001598221050522}. Best is trial 261 with value: 0.15014689328990205.
[I 2026-05-28 21:40:18,736] Trial 350 finished with value: 1.5585915378859088 and parameters: {'ISTN': 63.88979762809325, 'I_gpe': 1.0677263511461943, 'I_gpi': 1.9378310725989505, 'noise_stn_sigma': 3.067532557047546, 'noise_gpe_sigma': 108.63514818128915, 'noise_gpi_sigma': 93.89580153989263, 'g_stn_gpe_mult': 3.08714579215434, 'g_gpe_stn_mult': 0.13685113728097426, 'g_stn_gpi_mult': 2.9646362384224574, 'g_gpe_gpi_mult': 0.6289362034426195}. Best is trial 261 with value: 0.15014689328990205.
[I 2026-05-28 21:40:19,744] Trial 351 finished with value: 0.14494938831422527 and parameters: {'ISTN': 62.0499484729507, 'I_gpe': 1.1885134814455265, 'I_gpi': 1.9443413675666192, 'noise_stn_sigma': 3.2193869452050787, 'noise_gpe_sigma': 99.38506106621142, 'noise_gpi_sigma': 101.16395778014653, 'g_stn_gpe_mult': 3.4188307549132393, 'g_gpe_stn_mult': 0.13982397818428033, 'g_stn_gpi_mult': 2.9445136276643202, 'g_gpe_gpi_mult': 0.6976952021995528}. Best is trial 351 with value: 0.14494938831422527.
