[I 2026-05-28 22:08:39,969] Trial 44 finished with value: 14.7992563390696 and parameters: {'ISTN': 86.30075746217632, 'I_gpe': 2.006518891753097, 'I_gpi': 1.7479509415033592, 'noise_stn_sigma': 3.7174642796175834, 'noise_gpe_sigma': 104.28631897574853, 'noise_gpi_sigma': 97.95302713556624, 'g_stn_gpe_mult': 2.5054217616630567, 'g_gpe_stn_mult': 0.1266280621806229, 'g_stn_gpi_mult': 3.238976510177695, 'g_gpe_gpi_mult': 0.5830020449549036}. Best is trial 4 with value: 5.458825701614732.
[I 2026-05-28 22:08:41,011] Trial 45 finished with value: 21.219407026089176 and parameters: {'ISTN': 76.34516950227572, 'I_gpe': 2.8680718520099138, 'I_gpi': 4.279519116018029, 'noise_stn_sigma': 3.8523228050209193, 'noise_gpe_sigma': 89.76607930416966, 'noise_gpi_sigma': 82.2080499993196, 'g_stn_gpe_mult': 2.366697316263454, 'g_gpe_stn_mult': 0.2576062845701066, 'g_stn_gpi_mult': 3.5862710444261428, 'g_gpe_gpi_mult': 0.8362375960275201}. Best is trial 4 with value: 5.458825701614732.
[I 2026-05-28 22:08:42,053] Trial 46 finished with value: 12.671503901863847 and parameters: {'ISTN': 66.32357428323795, 'I_gpe': 2.4039727105923183, 'I_gpi': 3.006038609111691, 'noise_stn_sigma': 4.892176942277339, 'noise_gpe_sigma': 63.152851747336456, 'noise_gpi_sigma': 99.38775562884038, 'g_stn_gpe_mult': 3.458798336529594, 'g_gpe_stn_mult': 0.2887879666766927, 'g_stn_gpi_mult': 2.8521867255933726, 'g_gpe_gpi_mult': 0.698635522378322}. Best is trial 4 with value: 5.458825701614732.
[I 2026-05-28 22:08:43,093] Trial 47 finished with value: 16.571542401716634 and parameters: {'ISTN': 74.13841676679229, 'I_gpe': 1.7337286021246703, 'I_gpi': 3.4223321720317275, 'noise_stn_sigma': 4.114166592553641, 'noise_gpe_sigma': 84.3735045687954, 'noise_gpi_sigma': 103.66986977133763, 'g_stn_gpe_mult': 3.4806346825789674, 'g_gpe_stn_mult': 0.33357017776200737, 'g_stn_gpi_mult': 3.036964655693564, 'g_gpe_gpi_mult': 0.5817277245092387}. Best is trial 4 with value: 5.458825701614732.
[I 2026-05-28 22:08:44,137] Trial 48 finished with value: 17.617987099420972 and parameters: {'ISTN': 73.81315184948177, 'I_gpe': 2.466646303458707, 'I_gpi': 3.7840765956413858, 'noise_stn_sigma': 4.037917857452513, 'noise_gpe_sigma': 126.00277438981082, 'noise_gpi_sigma': 96.93854586213915, 'g_stn_gpe_mult': 2.3814117199071796, 'g_gpe_stn_mult': 0.21770993561559376, 'g_stn_gpi_mult': 2.795038856550428, 'g_gpe_gpi_mult': 0.7129959296211248}. Best is trial 4 with value: 5.458825701614732.
[I 2026-05-28 22:08:45,181] Trial 49 finished with value: 11.848968865380913 and parameters: {'ISTN': 61.651995055505566, 'I_gpe': 3.034820815822305, 'I_gpi': 3.3355421191198062, 'noise_stn_sigma': 3.370517572534194, 'noise_gpe_sigma': 110.36056343807128, 'noise_gpi_sigma': 129.97742567087897, 'g_stn_gpe_mult': 2.518833776813537, 'g_gpe_stn_mult': 0.12958097232931498, 'g_stn_gpi_mult': 3.2322153887563583, 'g_gpe_gpi_mult': 0.6349581017844863}. Best is trial 4 with value: 5.458825701614732.
[I 2026-05-28 22:08:46,223] Trial 50 finished with value: 7.683612543551552 and parameters: {'ISTN': 69.3259871944128, 'I_gpe': 2.1971941930494037, 'I_gpi': 3.563828486687803, 'noise_stn_sigma': 3.188147368579315, 'noise_gpe_sigma': 97.81639837272458, 'noise_gpi_sigma': 102.13597274713482, 'g_stn_gpe_mult': 3.3103015062661036, 'g_gpe_stn_mult': 0.1129094133617678, 'g_stn_gpi_mult': 2.8577998463321665, 'g_gpe_gpi_mult': 0.8877669578800642}. Best is trial 4 with value: 5.458825701614732.
[I 2026-05-28 22:08:47,266] Trial 51 finished with value: 19.373205679332536 and parameters: {'ISTN': 78.53815762559287, 'I_gpe': 1.9541391396698085, 'I_gpi': 4.918719583117668, 'noise_stn_sigma': 3.270860229463814, 'noise_gpe_sigma': 89.65807425547857, 'noise_gpi_sigma': 94.11257096261318, 'g_stn_gpe_mult': 2.855194701285558, 'g_gpe_stn_mult': 0.3355917965824316, 'g_stn_gpi_mult': 2.670847172488928, 'g_gpe_gpi_mult': 0.9472622802418007}. Best is trial 4 with value: 5.458825701614732.
[I 2026-05-28 22:08:48,308] Trial 52 finished with value: 15.192838410522047 and parameters: {'ISTN': 83.93409521517634, 'I_gpe': 2.3112346258290644, 'I_gpi': 2.778324010026143, 'noise_stn_sigma': 5.768303911717087, 'noise_gpe_sigma': 119.20440949158251, 'noise_gpi_sigma': 142.680928109562, 'g_stn_gpe_mult': 3.1651242987636823, 'g_gpe_stn_mult': 0.36426538746402526, 'g_stn_gpi_mult': 2.8147944002183416, 'g_gpe_gpi_mult': 0.45939686688231907}. Best is trial 4 with value: 5.458825701614732.
[I 2026-05-28 22:08:49,349] Trial 53 finished with value: 23.47181312090402 and parameters: {'ISTN': 88.24627273743582, 'I_gpe': 2.4734873169408482, 'I_gpi': 4.591500490188271, 'noise_stn_sigma': 6.6717118608264805, 'noise_gpe_sigma': 93.1364006413705, 'noise_gpi_sigma': 138.64924929348143, 'g_stn_gpe_mult': 3.769574164193797, 'g_gpe_stn_mult': 0.3032542555356551, 'g_stn_gpi_mult': 3.462491245324312, 'g_gpe_gpi_mult': 0.6493434342040931}. Best is trial 4 with value: 5.458825701614732.
[I 2026-05-28 22:08:50,393] Trial 54 finished with value: 18.45344972675938 and parameters: {'ISTN': 76.26801149883454, 'I_gpe': 2.400087867901311, 'I_gpi': 4.015886137694769, 'noise_stn_sigma': 3.1112391548010683, 'noise_gpe_sigma': 81.08997260159157, 'noise_gpi_sigma': 120.98386166877224, 'g_stn_gpe_mult': 4.625168092701227, 'g_gpe_stn_mult': 0.14962797469258837, 'g_stn_gpi_mult': 3.256429462588531, 'g_gpe_gpi_mult': 0.7238592734459353}. Best is trial 4 with value: 5.458825701614732.
[I 2026-05-28 22:08:51,437] Trial 55 finished with value: 17.470752660699464 and parameters: {'ISTN': 78.50011933096214, 'I_gpe': 2.656211790137404, 'I_gpi': 3.1797027687132067, 'noise_stn_sigma': 4.610477627423924, 'noise_gpe_sigma': 92.65647080103719, 'noise_gpi_sigma': 119.30467689126613, 'g_stn_gpe_mult': 2.156951684482742, 'g_gpe_stn_mult': 0.3108837666692481, 'g_stn_gpi_mult': 3.2703965005999276, 'g_gpe_gpi_mult': 0.9000525726677848}. Best is trial 4 with value: 5.458825701614732.
[I 2026-05-28 22:08:52,478] Trial 56 finished with value: 22.259135472983267 and parameters: {'ISTN': 84.3212808089774, 'I_gpe': 2.6054299103248697, 'I_gpi': 3.9801246346684787, 'noise_stn_sigma': 4.214670663814484, 'noise_gpe_sigma': 75.91039207945846, 'noise_gpi_sigma': 136.9685912454238, 'g_stn_gpe_mult': 2.763046614786526, 'g_gpe_stn_mult': 0.16595254565701628, 'g_stn_gpi_mult': 3.910087456189877, 'g_gpe_gpi_mult': 0.8103012782389107}. Best is trial 4 with value: 5.458825701614732.
[I 2026-05-28 22:08:53,519] Trial 57 finished with value: 16.52504642676989 and parameters: {'ISTN': 66.25365222671404, 'I_gpe': 2.7198253763617357, 'I_gpi': 3.7846083163335984, 'noise_stn_sigma': 5.674929132083525, 'noise_gpe_sigma': 115.54569232154171, 'noise_gpi_sigma': 132.30846504354443, 'g_stn_gpe_mult': 3.490801995856428, 'g_gpe_stn_mult': 0.20988370382006566, 'g_stn_gpi_mult': 3.329576020331533, 'g_gpe_gpi_mult': 0.7226612929470615}. Best is trial 4 with value: 5.458825701614732.
[I 2026-05-28 22:08:54,562] Trial 58 finished with value: 18.696676336972246 and parameters: {'ISTN': 88.99285633964386, 'I_gpe': 1.6617340398962872, 'I_gpi': 3.569476859559496, 'noise_stn_sigma': 4.404083306716894, 'noise_gpe_sigma': 100.94846169572688, 'noise_gpi_sigma': 54.20151572919068, 'g_stn_gpe_mult': 3.3879154315235516, 'g_gpe_stn_mult': 0.20389735052532904, 'g_stn_gpi_mult': 2.713477312844217, 'g_gpe_gpi_mult': 1.0933538858146614}. Best is trial 4 with value: 5.458825701614732.
[I 2026-05-28 22:08:55,603] Trial 59 finished with value: 17.30526863196605 and parameters: {'ISTN': 72.95390659829036, 'I_gpe': 3.0317043518482976, 'I_gpi': 3.6783540545063858, 'noise_stn_sigma': 3.415202986571373, 'noise_gpe_sigma': 142.68882204165277, 'noise_gpi_sigma': 128.9028825387029, 'g_stn_gpe_mult': 2.7066769951539085, 'g_gpe_stn_mult': 0.15720559684513608, 'g_stn_gpi_mult': 3.408565646957479, 'g_gpe_gpi_mult': 0.8205667585022653}. Best is trial 4 with value: 5.458825701614732.
[I 2026-05-28 22:08:56,644] Trial 60 finished with value: 20.595423222072366 and parameters: {'ISTN': 64.44825182157614, 'I_gpe': 3.6577386508906735, 'I_gpi': 3.2913731101602806, 'noise_stn_sigma': 4.242115759257045, 'noise_gpe_sigma': 123.81849909987487, 'noise_gpi_sigma': 87.6067788123626, 'g_stn_gpe_mult': 2.938136649634932, 'g_gpe_stn_mult': 0.2580404573891492, 'g_stn_gpi_mult': 2.59015189999418, 'g_gpe_gpi_mult': 0.7195042076472224}. Best is trial 4 with value: 5.458825701614732.
[I 2026-05-28 22:08:57,686] Trial 61 finished with value: 23.905760546687212 and parameters: {'ISTN': 83.30043677874204, 'I_gpe': 3.0377742554368425, 'I_gpi': 3.0665902879493556, 'noise_stn_sigma': 3.550329972885523, 'noise_gpe_sigma': 86.92629678790423, 'noise_gpi_sigma': 120.6600914494965, 'g_stn_gpe_mult': 3.1516734976342766, 'g_gpe_stn_mult': 0.2308565661677315, 'g_stn_gpi_mult': 3.301247374124728, 'g_gpe_gpi_mult': 0.8645708178627534}. Best is trial 4 with value: 5.458825701614732.
[I 2026-05-28 22:08:58,726] Trial 62 finished with value: 21.272532744628702 and parameters: {'ISTN': 84.88292400506128, 'I_gpe': 3.1802916140194872, 'I_gpi': 2.2966467854877504, 'noise_stn_sigma': 7.008435253503048, 'noise_gpe_sigma': 116.36281920686528, 'noise_gpi_sigma': 130.30381424218683, 'g_stn_gpe_mult': 3.22799888194813, 'g_gpe_stn_mult': 0.34156709835457805, 'g_stn_gpi_mult': 3.063425479101166, 'g_gpe_gpi_mult': 0.547706131414609}. Best is trial 4 with value: 5.458825701614732.
[I 2026-05-28 22:08:59,767] Trial 63 finished with value: 14.75203554503081 and parameters: {'ISTN': 70.42208427654329, 'I_gpe': 2.8222007798441604, 'I_gpi': 2.9777808398372123, 'noise_stn_sigma': 5.34849599924394, 'noise_gpe_sigma': 119.51879708317438, 'noise_gpi_sigma': 146.73709748062728, 'g_stn_gpe_mult': 3.5619167775879483, 'g_gpe_stn_mult': 0.2564407545230888, 'g_stn_gpi_mult': 2.9471093870044482, 'g_gpe_gpi_mult': 0.3833154746374793}. Best is trial 4 with value: 5.458825701614732.
[I 2026-05-28 22:09:00,811] Trial 64 finished with value: 26.13110615391077 and parameters: {'ISTN': 95.69070450117721, 'I_gpe': 2.7124715575567695, 'I_gpi': 4.218309840595868, 'noise_stn_sigma': 4.054372327678519, 'noise_gpe_sigma': 87.9865294887829, 'noise_gpi_sigma': 119.28637367249536, 'g_stn_gpe_mult': 3.2383260474146667, 'g_gpe_stn_mult': 0.1816924655629372, 'g_stn_gpi_mult': 3.292989030788237, 'g_gpe_gpi_mult': 0.6445331537288801}. Best is trial 4 with value: 5.458825701614732.
[I 2026-05-28 22:09:01,855] Trial 65 finished with value: 18.314867450526872 and parameters: {'ISTN': 74.64331549527859, 'I_gpe': 2.903039844825713, 'I_gpi': 3.3908609211665492, 'noise_stn_sigma': 6.049942395184749, 'noise_gpe_sigma': 104.08325056859925, 'noise_gpi_sigma': 104.48647709100783, 'g_stn_gpe_mult': 3.4373081002262733, 'g_gpe_stn_mult': 0.3049187980032124, 'g_stn_gpi_mult': 2.962235831282616, 'g_gpe_gpi_mult': 0.6329247176606585}. Best is trial 4 with value: 5.458825701614732.
[I 2026-05-28 22:09:02,899] Trial 66 finished with value: 28.862238887933568 and parameters: {'ISTN': 108.64932132761167, 'I_gpe': 2.8095157434228155, 'I_gpi': 2.522833076353616, 'noise_stn_sigma': 5.28164505252722, 'noise_gpe_sigma': 117.96693912798445, 'noise_gpi_sigma': 137.61627902390626, 'g_stn_gpe_mult': 2.6971855543418664, 'g_gpe_stn_mult': 0.19207734714085217, 'g_stn_gpi_mult': 3.9227613347105623, 'g_gpe_gpi_mult': 0.6033047578211788}. Best is trial 4 with value: 5.458825701614732.
[I 2026-05-28 22:09:03,942] Trial 67 finished with value: 22.70384541628466 and parameters: {'ISTN': 79.31337943808312, 'I_gpe': 3.3430525394602117, 'I_gpi': 3.0827458925640516, 'noise_stn_sigma': 4.6468692986537015, 'noise_gpe_sigma': 131.79476346914115, 'noise_gpi_sigma': 97.57528468696829, 'g_stn_gpe_mult': 2.8272359827269398, 'g_gpe_stn_mult': 0.25402454881572867, 'g_stn_gpi_mult': 3.1995060539551603, 'g_gpe_gpi_mult': 0.6913139045049038}. Best is trial 4 with value: 5.458825701614732.
[I 2026-05-28 22:09:04,982] Trial 68 finished with value: 20.30677887372448 and parameters: {'ISTN': 100.52564776576875, 'I_gpe': 2.3963144623618753, 'I_gpi': 2.964232426428854, 'noise_stn_sigma': 5.240625050051873, 'noise_gpe_sigma': 144.38671975816553, 'noise_gpi_sigma': 113.1235621630525, 'g_stn_gpe_mult': 2.4074680304693237, 'g_gpe_stn_mult': 0.40315236091805917, 'g_stn_gpi_mult': 2.583052602926019, 'g_gpe_gpi_mult': 0.7875246897137504}. Best is trial 4 with value: 5.458825701614732.
[I 2026-05-28 22:09:05,965] Trial 69 finished with value: 1000000.0 and parameters: {'ISTN': 94.3382804260558, 'I_gpe': 2.4145281933627754, 'I_gpi': 3.9487423899014384, 'noise_stn_sigma': 5.959904517711744, 'noise_gpe_sigma': 115.17027392032335, 'noise_gpi_sigma': 104.0571111433397, 'g_stn_gpe_mult': 2.285268270777873, 'g_gpe_stn_mult': 0.27685965548812685, 'g_stn_gpi_mult': 2.953009555444927, 'g_gpe_gpi_mult': 0.7978034749471523}. Best is trial 4 with value: 5.458825701614732.
[I 2026-05-28 22:09:07,009] Trial 70 finished with value: 25.713626261192253 and parameters: {'ISTN': 94.76990648531282, 'I_gpe': 2.439078170558769, 'I_gpi': 4.6999836641835095, 'noise_stn_sigma': 5.072301278941118, 'noise_gpe_sigma': 111.19277309918766, 'noise_gpi_sigma': 123.88734511395943, 'g_stn_gpe_mult': 3.875869843191546, 'g_gpe_stn_mult': 0.3341012324696057, 'g_stn_gpi_mult': 2.7813923398391176, 'g_gpe_gpi_mult': 0.8916571750473861}. Best is trial 4 with value: 5.458825701614732.
[I 2026-05-28 22:09:08,054] Trial 71 finished with value: 24.887980034578128 and parameters: {'ISTN': 95.25487254060104, 'I_gpe': 2.933982148812424, 'I_gpi': 1.6673126978569524, 'noise_stn_sigma': 4.986979209183639, 'noise_gpe_sigma': 118.43863394195306, 'noise_gpi_sigma': 122.9247281617234, 'g_stn_gpe_mult': 3.237961866497585, 'g_gpe_stn_mult': 0.2580271805476584, 'g_stn_gpi_mult': 2.808488568949868, 'g_gpe_gpi_mult': 0.5419439870594034}. Best is trial 4 with value: 5.458825701614732.
[I 2026-05-28 22:09:09,096] Trial 72 finished with value: 20.114067576453788 and parameters: {'ISTN': 90.17269157532459, 'I_gpe': 2.43155249983799, 'I_gpi': 2.5524572961799907, 'noise_stn_sigma': 6.215729123739621, 'noise_gpe_sigma': 80.82046659285034, 'noise_gpi_sigma': 120.88580331185354, 'g_stn_gpe_mult': 3.0641190046027638, 'g_gpe_stn_mult': 0.37046551772855074, 'g_stn_gpi_mult': 2.677516192245725, 'g_gpe_gpi_mult': 0.44497302548224615}. Best is trial 4 with value: 5.458825701614732.
[I 2026-05-28 22:09:10,140] Trial 73 finished with value: 16.607701253275195 and parameters: {'ISTN': 64.05196165749128, 'I_gpe': 3.1624664653636527, 'I_gpi': 3.1721488010175465, 'noise_stn_sigma': 6.24308118202327, 'noise_gpe_sigma': 125.59029593601566, 'noise_gpi_sigma': 144.53471739397725, 'g_stn_gpe_mult': 3.496055920427663, 'g_gpe_stn_mult': 0.19590816337595646, 'g_stn_gpi_mult': 2.5504319938961606, 'g_gpe_gpi_mult': 0.2125171063188025}. Best is trial 4 with value: 5.458825701614732.
[I 2026-05-28 22:09:11,122] Trial 74 finished with value: 1000000.0 and parameters: {'ISTN': 62.24692973818162, 'I_gpe': 2.9273416656237994, 'I_gpi': 3.3819450314143533, 'noise_stn_sigma': 5.582098675650189, 'noise_gpe_sigma': 140.40351271310004, 'noise_gpi_sigma': 104.51982458305284, 'g_stn_gpe_mult': 4.485897432063822, 'g_gpe_stn_mult': 0.3666626045797725, 'g_stn_gpi_mult': 2.8644244687700597, 'g_gpe_gpi_mult': 0.513913706863363}. Best is trial 4 with value: 5.458825701614732.
[I 2026-05-28 22:09:12,164] Trial 75 finished with value: 20.977049096431276 and parameters: {'ISTN': 69.4025841513884, 'I_gpe': 3.0736598838719664, 'I_gpi': 3.5169686927071164, 'noise_stn_sigma': 3.7884527099797083, 'noise_gpe_sigma': 77.00628552152295, 'noise_gpi_sigma': 130.91611204698557, 'g_stn_gpe_mult': 3.5464693147679323, 'g_gpe_stn_mult': 0.14251885377662318, 'g_stn_gpi_mult': 2.3737413105827816, 'g_gpe_gpi_mult': 0.3722179183140669}. Best is trial 4 with value: 5.458825701614732.
[I 2026-05-28 22:09:13,205] Trial 76 finished with value: 14.345799165381607 and parameters: {'ISTN': 63.84760569059209, 'I_gpe': 2.37551590736719, 'I_gpi': 2.96302519908053, 'noise_stn_sigma': 6.139208205749555, 'noise_gpe_sigma': 137.31701384095294, 'noise_gpi_sigma': 98.24901096843011, 'g_stn_gpe_mult': 3.801160741451019, 'g_gpe_stn_mult': 0.29166096672881403, 'g_stn_gpi_mult': 3.5837115227053395, 'g_gpe_gpi_mult': 0.7241894916560345}. Best is trial 4 with value: 5.458825701614732.
[I 2026-05-28 22:09:14,246] Trial 77 finished with value: 16.123261891100398 and parameters: {'ISTN': 77.79436642067006, 'I_gpe': 2.889032558948063, 'I_gpi': 3.0447398034839077, 'noise_stn_sigma': 5.957499054864705, 'noise_gpe_sigma': 128.0504234046872, 'noise_gpi_sigma': 142.3923243976621, 'g_stn_gpe_mult': 3.4978461496412026, 'g_gpe_stn_mult': 0.3269217703299141, 'g_stn_gpi_mult': 2.6708890220052632, 'g_gpe_gpi_mult': 0.46519515827210395}. Best is trial 4 with value: 5.458825701614732.
[I 2026-05-28 22:09:15,286] Trial 78 finished with value: 19.758304096076476 and parameters: {'ISTN': 98.19135711062631, 'I_gpe': 1.8270567912530842, 'I_gpi': 2.682478134440292, 'noise_stn_sigma': 6.020355327573281, 'noise_gpe_sigma': 127.5351508584982, 'noise_gpi_sigma': 127.76874949120321, 'g_stn_gpe_mult': 3.600795988959752, 'g_gpe_stn_mult': 0.31309812807652915, 'g_stn_gpi_mult': 2.86936161601053, 'g_gpe_gpi_mult': 0.36958439009697647}. Best is trial 4 with value: 5.458825701614732.
[I 2026-05-28 22:09:16,330] Trial 79 finished with value: 24.401992362235084 and parameters: {'ISTN': 82.32777900449798, 'I_gpe': 3.407248207988724, 'I_gpi': 2.9865580229153665, 'noise_stn_sigma': 7.0954129126981895, 'noise_gpe_sigma': 110.20645836137322, 'noise_gpi_sigma': 119.6973640206782, 'g_stn_gpe_mult': 3.538923111567473, 'g_gpe_stn_mult': 0.28178700476426255, 'g_stn_gpi_mult': 3.1568095352310617, 'g_gpe_gpi_mult': 0.33864324020350145}. Best is trial 4 with value: 5.458825701614732.
[I 2026-05-28 22:09:17,373] Trial 80 finished with value: 23.71968874333619 and parameters: {'ISTN': 91.20099710570781, 'I_gpe': 2.7574305086828113, 'I_gpi': 2.875202398375979, 'noise_stn_sigma': 5.5187637357050425, 'noise_gpe_sigma': 115.89435578798665, 'noise_gpi_sigma': 110.62421439741374, 'g_stn_gpe_mult': 3.6525422306997264, 'g_gpe_stn_mult': 0.2181994777465667, 'g_stn_gpi_mult': 2.405614492307433, 'g_gpe_gpi_mult': 0.5792320663554693}. Best is trial 4 with value: 5.458825701614732.
[I 2026-05-28 22:09:18,417] Trial 81 finished with value: 14.446458146064217 and parameters: {'ISTN': 76.05117342958576, 'I_gpe': 2.5926741630572487, 'I_gpi': 3.039926601880178, 'noise_stn_sigma': 5.903275898465862, 'noise_gpe_sigma': 135.77365663035047, 'noise_gpi_sigma': 120.31626940334085, 'g_stn_gpe_mult': 4.140513048460333, 'g_gpe_stn_mult': 0.385472855285257, 'g_stn_gpi_mult': 3.3986998490533953, 'g_gpe_gpi_mult': 0.5771699306154623}. Best is trial 4 with value: 5.458825701614732.
[I 2026-05-28 22:09:19,458] Trial 82 finished with value: 17.39095346643341 and parameters: {'ISTN': 87.84798947240989, 'I_gpe': 2.550375517054828, 'I_gpi': 3.8182044073586416, 'noise_stn_sigma': 5.0586350501119135, 'noise_gpe_sigma': 124.96986922637191, 'noise_gpi_sigma': 116.53876948160435, 'g_stn_gpe_mult': 3.040611536290983, 'g_gpe_stn_mult': 0.4315554330413095, 'g_stn_gpi_mult': 1.9711266588204794, 'g_gpe_gpi_mult': 0.6324601166682378}. Best is trial 4 with value: 5.458825701614732.
[I 2026-05-28 22:09:20,500] Trial 83 finished with value: 23.069476372188422 and parameters: {'ISTN': 85.22701446621471, 'I_gpe': 3.545833075464072, 'I_gpi': 2.399582846585343, 'noise_stn_sigma': 4.417869798052302, 'noise_gpe_sigma': 132.0292742471475, 'noise_gpi_sigma': 114.56313659265119, 'g_stn_gpe_mult': 3.58954255389309, 'g_gpe_stn_mult': 0.3373673942230234, 'g_stn_gpi_mult': 3.563070213132448, 'g_gpe_gpi_mult': 0.47295671103554776}. Best is trial 4 with value: 5.458825701614732.
[I 2026-05-28 22:09:21,541] Trial 84 finished with value: 15.191358890263906 and parameters: {'ISTN': 85.0012571353036, 'I_gpe': 2.460017460230051, 'I_gpi': 1.8860737243720627, 'noise_stn_sigma': 7.0882437106691345, 'noise_gpe_sigma': 142.3783601899844, 'noise_gpi_sigma': 130.0352223797485, 'g_stn_gpe_mult': 3.9019237671960547, 'g_gpe_stn_mult': 0.3611608046618775, 'g_stn_gpi_mult': 3.3074516050391622, 'g_gpe_gpi_mult': 0.4900103334778675}. Best is trial 4 with value: 5.458825701614732.
[I 2026-05-28 22:09:22,584] Trial 85 finished with value: 14.737441487248624 and parameters: {'ISTN': 80.54831894203225, 'I_gpe': 2.505805268218665, 'I_gpi': 3.425475923339153, 'noise_stn_sigma': 5.827617088308326, 'noise_gpe_sigma': 125.72142718238024, 'noise_gpi_sigma': 100.41310659907425, 'g_stn_gpe_mult': 3.0093388358456132, 'g_gpe_stn_mult': 0.45250673844952227, 'g_stn_gpi_mult': 3.163001520687284, 'g_gpe_gpi_mult': 0.5317306261852593}. Best is trial 4 with value: 5.458825701614732.
[I 2026-05-28 22:09:23,624] Trial 86 finished with value: 13.535514976262105 and parameters: {'ISTN': 64.47699373340332, 'I_gpe': 2.2812222176786063, 'I_gpi': 2.5686489523937195, 'noise_stn_sigma': 7.760605364905171, 'noise_gpe_sigma': 143.55850865029163, 'noise_gpi_sigma': 101.97811957206449, 'g_stn_gpe_mult': 3.472320599405391, 'g_gpe_stn_mult': 0.230527543711102, 'g_stn_gpi_mult': 2.633293977029851, 'g_gpe_gpi_mult': 0.465710523777632}. Best is trial 4 with value: 5.458825701614732.
[I 2026-05-28 22:09:24,666] Trial 87 finished with value: 14.172213822933529 and parameters: {'ISTN': 61.912369361681066, 'I_gpe': 2.621915303321182, 'I_gpi': 2.9212149831916157, 'noise_stn_sigma': 6.939517332119115, 'noise_gpe_sigma': 138.13959866904543, 'noise_gpi_sigma': 121.72834793873615, 'g_stn_gpe_mult': 3.61005786264029, 'g_gpe_stn_mult': 0.20890412382867285, 'g_stn_gpi_mult': 3.095691469040039, 'g_gpe_gpi_mult': 0.5153498625610946}. Best is trial 4 with value: 5.458825701614732.
