[I 2026-05-28 21:52:50,741] Trial 88 finished with value: 12.8440063627001 and parameters: {'ISTN': 73.71682274912393, 'I_gpe': 1.7690570884350325, 'I_gpi': 3.33478825695951, 'noise_stn_sigma': 2.3147867629385193, 'noise_gpe_sigma': 56.60160261415592, 'noise_gpi_sigma': 72.3774874559605, 'g_stn_gpe_mult': 4.27910166597415, 'g_gpe_stn_mult': 0.3364126227829848, 'g_stn_gpi_mult': 2.0327895831112777, 'g_gpe_gpi_mult': 0.8691903832131678}. Best is trial 43 with value: 0.2901776284552785.
[I 2026-05-28 21:52:51,722] Trial 89 finished with value: 1.9581150160339986 and parameters: {'ISTN': 63.307745851806054, 'I_gpe': 2.424458271773534, 'I_gpi': 2.6643302625919674, 'noise_stn_sigma': 2.8210056000802517, 'noise_gpe_sigma': 92.69516247891285, 'noise_gpi_sigma': 67.40944615313734, 'g_stn_gpe_mult': 4.52045098570407, 'g_gpe_stn_mult': 0.3296874713197191, 'g_stn_gpi_mult': 2.272260463757384, 'g_gpe_gpi_mult': 0.8770199879126723}. Best is trial 43 with value: 0.2901776284552785.
[I 2026-05-28 21:52:52,700] Trial 90 finished with value: 14.937901997085767 and parameters: {'ISTN': 81.12197509108772, 'I_gpe': 2.1660965222870088, 'I_gpi': 3.4099624732390454, 'noise_stn_sigma': 4.169877007613913, 'noise_gpe_sigma': 108.4788676012498, 'noise_gpi_sigma': 75.07840550385909, 'g_stn_gpe_mult': 3.6001951892205777, 'g_gpe_stn_mult': 0.30427735434984415, 'g_stn_gpi_mult': 1.9040713536088272, 'g_gpe_gpi_mult': 0.7745170144716913}. Best is trial 43 with value: 0.2901776284552785.
[I 2026-05-28 21:52:53,679] Trial 91 finished with value: 2.716546614723659 and parameters: {'ISTN': 62.41770739953641, 'I_gpe': 2.1326102782525247, 'I_gpi': 2.944498453257008, 'noise_stn_sigma': 2.2035449154703235, 'noise_gpe_sigma': 105.89780996709395, 'noise_gpi_sigma': 92.47512637042868, 'g_stn_gpe_mult': 4.061572377148328, 'g_gpe_stn_mult': 0.31148843445854857, 'g_stn_gpi_mult': 1.8671527086711495, 'g_gpe_gpi_mult': 0.9660894947030803}. Best is trial 43 with value: 0.2901776284552785.
[I 2026-05-28 21:52:54,657] Trial 92 finished with value: 10.629597733189573 and parameters: {'ISTN': 76.17879099636576, 'I_gpe': 1.9086295935054844, 'I_gpi': 2.311206458050722, 'noise_stn_sigma': 5.73773207348897, 'noise_gpe_sigma': 82.92672383479655, 'noise_gpi_sigma': 66.65423361984608, 'g_stn_gpe_mult': 4.1131778879119825, 'g_gpe_stn_mult': 0.16739240170530295, 'g_stn_gpi_mult': 2.5711076215995923, 'g_gpe_gpi_mult': 0.7602502100538244}. Best is trial 43 with value: 0.2901776284552785.
[I 2026-05-28 21:52:55,634] Trial 93 finished with value: 13.175553334801599 and parameters: {'ISTN': 72.47660344282492, 'I_gpe': 2.779896255147038, 'I_gpi': 3.2972007645741352, 'noise_stn_sigma': 4.2167054344036625, 'noise_gpe_sigma': 59.998313746256805, 'noise_gpi_sigma': 88.28869079672799, 'g_stn_gpe_mult': 4.425883606086518, 'g_gpe_stn_mult': 0.31041002128718276, 'g_stn_gpi_mult': 1.1220832449513667, 'g_gpe_gpi_mult': 0.7137979625737203}. Best is trial 43 with value: 0.2901776284552785.
[I 2026-05-28 21:52:56,612] Trial 94 finished with value: 10.336789863461735 and parameters: {'ISTN': 70.28076807246568, 'I_gpe': 1.7955161471876675, 'I_gpi': 3.4501476430229765, 'noise_stn_sigma': 3.3448539318117203, 'noise_gpe_sigma': 94.9464091969314, 'noise_gpi_sigma': 60.33435064201897, 'g_stn_gpe_mult': 4.49786667691631, 'g_gpe_stn_mult': 0.3498478728047881, 'g_stn_gpi_mult': 1.9555062992857115, 'g_gpe_gpi_mult': 0.9272382977641416}. Best is trial 43 with value: 0.2901776284552785.
[I 2026-05-28 21:52:57,593] Trial 95 finished with value: 12.16156251496877 and parameters: {'ISTN': 80.24277721000455, 'I_gpe': 1.7636320608759484, 'I_gpi': 2.460256993004739, 'noise_stn_sigma': 5.085011762913449, 'noise_gpe_sigma': 66.11135695660708, 'noise_gpi_sigma': 60.5781922712022, 'g_stn_gpe_mult': 4.5292665684919164, 'g_gpe_stn_mult': 0.22985524661706996, 'g_stn_gpi_mult': 2.453649489202824, 'g_gpe_gpi_mult': 0.7649534117462096}. Best is trial 43 with value: 0.2901776284552785.
[I 2026-05-28 21:52:58,572] Trial 96 finished with value: 1.0951067657233724 and parameters: {'ISTN': 64.27238740348852, 'I_gpe': 2.2877931684260853, 'I_gpi': 2.305090102597286, 'noise_stn_sigma': 3.047580171254495, 'noise_gpe_sigma': 80.04283582881712, 'noise_gpi_sigma': 87.51309219246777, 'g_stn_gpe_mult': 3.9807037799166225, 'g_gpe_stn_mult': 0.14041899875994418, 'g_stn_gpi_mult': 1.3919438759950316, 'g_gpe_gpi_mult': 0.8410180455827365}. Best is trial 43 with value: 0.2901776284552785.
[I 2026-05-28 21:52:59,550] Trial 97 finished with value: 15.585541471626698 and parameters: {'ISTN': 86.08473437258424, 'I_gpe': 1.6679372021861418, 'I_gpi': 2.6793700429178378, 'noise_stn_sigma': 3.409062179787854, 'noise_gpe_sigma': 69.94099710956381, 'noise_gpi_sigma': 33.62652339764206, 'g_stn_gpe_mult': 4.347290040814896, 'g_gpe_stn_mult': 0.20408885058080706, 'g_stn_gpi_mult': 1.7687594217329192, 'g_gpe_gpi_mult': 0.7739417182261779}. Best is trial 43 with value: 0.2901776284552785.
[I 2026-05-28 21:53:00,530] Trial 98 finished with value: 3.5113754051857637 and parameters: {'ISTN': 65.37108628114325, 'I_gpe': 2.0550623742842262, 'I_gpi': 3.4634536447830357, 'noise_stn_sigma': 3.6094843889336716, 'noise_gpe_sigma': 96.8281113206485, 'noise_gpi_sigma': 76.19613881493734, 'g_stn_gpe_mult': 3.6918224116169247, 'g_gpe_stn_mult': 0.15810803833600867, 'g_stn_gpi_mult': 1.8737246262470812, 'g_gpe_gpi_mult': 0.7749643572408664}. Best is trial 43 with value: 0.2901776284552785.
[I 2026-05-28 21:53:01,508] Trial 99 finished with value: 15.022853784445118 and parameters: {'ISTN': 84.06650658357559, 'I_gpe': 1.9997196954385763, 'I_gpi': 3.595986522529879, 'noise_stn_sigma': 5.43783199491064, 'noise_gpe_sigma': 99.2855161868051, 'noise_gpi_sigma': 119.02667871657555, 'g_stn_gpe_mult': 3.755121834666433, 'g_gpe_stn_mult': 0.30238377408766903, 'g_stn_gpi_mult': 1.8045662359393992, 'g_gpe_gpi_mult': 0.7951872651754421}. Best is trial 43 with value: 0.2901776284552785.
[I 2026-05-28 21:53:02,489] Trial 100 finished with value: 11.014686337124402 and parameters: {'ISTN': 80.00700948708555, 'I_gpe': 1.464668837440049, 'I_gpi': 1.860552513263405, 'noise_stn_sigma': 3.2273096678332944, 'noise_gpe_sigma': 84.18443638450242, 'noise_gpi_sigma': 60.11661915979424, 'g_stn_gpe_mult': 4.682221726592573, 'g_gpe_stn_mult': 0.42042327451240125, 'g_stn_gpi_mult': 1.5132875700150872, 'g_gpe_gpi_mult': 0.6626225757570604}. Best is trial 43 with value: 0.2901776284552785.
[I 2026-05-28 21:53:03,468] Trial 101 finished with value: 1.1951088866980168 and parameters: {'ISTN': 62.71524116324196, 'I_gpe': 2.6918638698437265, 'I_gpi': 2.9650984629183523, 'noise_stn_sigma': 1.1128996869349579, 'noise_gpe_sigma': 82.3963699610803, 'noise_gpi_sigma': 59.299417147476206, 'g_stn_gpe_mult': 4.179176345619142, 'g_gpe_stn_mult': 0.12337688063327919, 'g_stn_gpi_mult': 1.8642866749897113, 'g_gpe_gpi_mult': 0.9809556945180384}. Best is trial 43 with value: 0.2901776284552785.
[I 2026-05-28 21:53:04,449] Trial 102 finished with value: 0.892257009607811 and parameters: {'ISTN': 63.95211296839686, 'I_gpe': 1.6112099211926507, 'I_gpi': 3.748726022066461, 'noise_stn_sigma': 2.232355050087426, 'noise_gpe_sigma': 83.95785354245238, 'noise_gpi_sigma': 83.73902256842581, 'g_stn_gpe_mult': 3.948624014859234, 'g_gpe_stn_mult': 0.1626074481766098, 'g_stn_gpi_mult': 1.669710677310491, 'g_gpe_gpi_mult': 0.7479865568181854}. Best is trial 43 with value: 0.2901776284552785.
[I 2026-05-28 21:53:05,427] Trial 103 finished with value: 10.896666221801128 and parameters: {'ISTN': 80.62212559208778, 'I_gpe': 2.0997662963734802, 'I_gpi': 1.8639994289178785, 'noise_stn_sigma': 3.6339974977516976, 'noise_gpe_sigma': 93.64969766676427, 'noise_gpi_sigma': 107.28119676550882, 'g_stn_gpe_mult': 3.696967278950675, 'g_gpe_stn_mult': 0.1635886429240913, 'g_stn_gpi_mult': 1.5938887080684083, 'g_gpe_gpi_mult': 0.7349850681650665}. Best is trial 43 with value: 0.2901776284552785.
[I 2026-05-28 21:53:06,405] Trial 104 finished with value: 2.522682572749777 and parameters: {'ISTN': 62.69001352392001, 'I_gpe': 1.9093377386861967, 'I_gpi': 2.8239830872670066, 'noise_stn_sigma': 4.43118383169013, 'noise_gpe_sigma': 103.68813975173282, 'noise_gpi_sigma': 87.68674831937267, 'g_stn_gpe_mult': 4.073612275044136, 'g_gpe_stn_mult': 0.12961484466722367, 'g_stn_gpi_mult': 1.6182803241185715, 'g_gpe_gpi_mult': 0.885381173608859}. Best is trial 43 with value: 0.2901776284552785.
[I 2026-05-28 21:53:07,380] Trial 105 finished with value: 5.320330495140795 and parameters: {'ISTN': 60.15621306140702, 'I_gpe': 2.710885666187445, 'I_gpi': 3.2132030354136716, 'noise_stn_sigma': 3.7429703217616797, 'noise_gpe_sigma': 102.29052688486269, 'noise_gpi_sigma': 78.84614096329034, 'g_stn_gpe_mult': 4.03960313282321, 'g_gpe_stn_mult': 0.12112393956564937, 'g_stn_gpi_mult': 1.6246997400466814, 'g_gpe_gpi_mult': 0.7496281581216597}. Best is trial 43 with value: 0.2901776284552785.
[I 2026-05-28 21:53:08,358] Trial 106 finished with value: 9.381597416018465 and parameters: {'ISTN': 67.04536567829528, 'I_gpe': 1.8693704014487194, 'I_gpi': 2.051204187297969, 'noise_stn_sigma': 3.3576209254748757, 'noise_gpe_sigma': 82.73283836874805, 'noise_gpi_sigma': 91.17622326291655, 'g_stn_gpe_mult': 3.2658711243198137, 'g_gpe_stn_mult': 0.22386459960346713, 'g_stn_gpi_mult': 2.1952483338686912, 'g_gpe_gpi_mult': 0.8609688920321283}. Best is trial 43 with value: 0.2901776284552785.
[I 2026-05-28 21:53:09,337] Trial 107 finished with value: 9.903267416406802 and parameters: {'ISTN': 73.23125918390903, 'I_gpe': 1.9751903450763246, 'I_gpi': 3.2760852243943406, 'noise_stn_sigma': 4.212997971952481, 'noise_gpe_sigma': 86.72280799008006, 'noise_gpi_sigma': 71.98463811762409, 'g_stn_gpe_mult': 4.279262430959417, 'g_gpe_stn_mult': 0.2848442721628738, 'g_stn_gpi_mult': 1.6182851973760894, 'g_gpe_gpi_mult': 0.7478998752823018}. Best is trial 43 with value: 0.2901776284552785.
[I 2026-05-28 21:53:10,314] Trial 108 finished with value: 12.441950889538477 and parameters: {'ISTN': 76.02927019539743, 'I_gpe': 2.0096257926714105, 'I_gpi': 2.592680376915924, 'noise_stn_sigma': 3.997131541948715, 'noise_gpe_sigma': 103.62833407727882, 'noise_gpi_sigma': 86.22024339063226, 'g_stn_gpe_mult': 3.91232957732496, 'g_gpe_stn_mult': 0.2916321463045842, 'g_stn_gpi_mult': 1.7403844366142383, 'g_gpe_gpi_mult': 0.642514087249261}. Best is trial 43 with value: 0.2901776284552785.
[I 2026-05-28 21:53:11,294] Trial 109 finished with value: 1.8375924657181906 and parameters: {'ISTN': 64.39464137972662, 'I_gpe': 2.2817802347363085, 'I_gpi': 2.203090450052699, 'noise_stn_sigma': 3.286065908586141, 'noise_gpe_sigma': 95.99448403136806, 'noise_gpi_sigma': 118.77648632305517, 'g_stn_gpe_mult': 3.967679985723761, 'g_gpe_stn_mult': 0.2047228210727568, 'g_stn_gpi_mult': 1.797347274443689, 'g_gpe_gpi_mult': 0.9062638276526434}. Best is trial 43 with value: 0.2901776284552785.
[I 2026-05-28 21:53:12,275] Trial 110 finished with value: 15.331308795557385 and parameters: {'ISTN': 87.24326390165928, 'I_gpe': 1.8438099002410353, 'I_gpi': 3.358847566084618, 'noise_stn_sigma': 4.8486824969470215, 'noise_gpe_sigma': 89.85025927905352, 'noise_gpi_sigma': 81.44052659868927, 'g_stn_gpe_mult': 3.9177322005777313, 'g_gpe_stn_mult': 0.3113502246781962, 'g_stn_gpi_mult': 1.6932235397519846, 'g_gpe_gpi_mult': 1.0073661952359114}. Best is trial 43 with value: 0.2901776284552785.
[I 2026-05-28 21:53:13,255] Trial 111 finished with value: 1.2182036708390824 and parameters: {'ISTN': 66.1593491447678, 'I_gpe': 1.6563388584666132, 'I_gpi': 3.9068519136616127, 'noise_stn_sigma': 1.651023902435285, 'noise_gpe_sigma': 69.1515383385764, 'noise_gpi_sigma': 73.2790448256635, 'g_stn_gpe_mult': 4.6116753343639605, 'g_gpe_stn_mult': 0.2410223612870654, 'g_stn_gpi_mult': 2.4485634254251165, 'g_gpe_gpi_mult': 0.6613782172601856}. Best is trial 43 with value: 0.2901776284552785.
[I 2026-05-28 21:53:14,232] Trial 112 finished with value: 6.411791056111201 and parameters: {'ISTN': 72.49269847538699, 'I_gpe': 1.8178066440235725, 'I_gpi': 3.4207673677050057, 'noise_stn_sigma': 2.185297319414195, 'noise_gpe_sigma': 106.65516637002918, 'noise_gpi_sigma': 81.8759104216071, 'g_stn_gpe_mult': 3.468078860532738, 'g_gpe_stn_mult': 0.11089798510478988, 'g_stn_gpi_mult': 1.6716051402667589, 'g_gpe_gpi_mult': 0.8628588222175952}. Best is trial 43 with value: 0.2901776284552785.
[I 2026-05-28 21:53:15,209] Trial 113 finished with value: 1.1885158682095907 and parameters: {'ISTN': 60.7099614501819, 'I_gpe': 2.368399051889613, 'I_gpi': 3.5886744946595273, 'noise_stn_sigma': 2.248558227802574, 'noise_gpe_sigma': 81.28491487529843, 'noise_gpi_sigma': 52.22366914252353, 'g_stn_gpe_mult': 4.110794057068461, 'g_gpe_stn_mult': 0.15606467628381326, 'g_stn_gpi_mult': 2.2212110546905754, 'g_gpe_gpi_mult': 0.6770849413047808}. Best is trial 43 with value: 0.2901776284552785.
[I 2026-05-28 21:53:16,188] Trial 114 finished with value: 4.366920535882681 and parameters: {'ISTN': 70.50872732690914, 'I_gpe': 2.2002411483604245, 'I_gpi': 3.145953280549075, 'noise_stn_sigma': 2.3098803011772455, 'noise_gpe_sigma': 101.29970324658235, 'noise_gpi_sigma': 104.69261128487115, 'g_stn_gpe_mult': 3.7144563955662404, 'g_gpe_stn_mult': 0.12032662887784917, 'g_stn_gpi_mult': 2.1473738519194763, 'g_gpe_gpi_mult': 0.932575569832347}. Best is trial 43 with value: 0.2901776284552785.
[I 2026-05-28 21:53:17,167] Trial 115 finished with value: 0.6761720350742799 and parameters: {'ISTN': 62.98659127884446, 'I_gpe': 2.383555994176747, 'I_gpi': 2.8110549329654115, 'noise_stn_sigma': 2.4949405279365173, 'noise_gpe_sigma': 91.16773743602405, 'noise_gpi_sigma': 60.32134365531242, 'g_stn_gpe_mult': 4.369239761317537, 'g_gpe_stn_mult': 0.1104275978509081, 'g_stn_gpi_mult': 1.913359288814681, 'g_gpe_gpi_mult': 0.6165298486462434}. Best is trial 43 with value: 0.2901776284552785.
[I 2026-05-28 21:53:18,145] Trial 116 finished with value: 14.222496533930254 and parameters: {'ISTN': 76.28881659226286, 'I_gpe': 1.631378480060178, 'I_gpi': 3.4186638863803083, 'noise_stn_sigma': 1.4128041448590691, 'noise_gpe_sigma': 80.93652374209324, 'noise_gpi_sigma': 88.88430765817178, 'g_stn_gpe_mult': 4.355284395123692, 'g_gpe_stn_mult': 0.310661399458814, 'g_stn_gpi_mult': 2.0224370294822167, 'g_gpe_gpi_mult': 0.9333184888406745}. Best is trial 43 with value: 0.2901776284552785.
[I 2026-05-28 21:53:19,122] Trial 117 finished with value: 0.4545764802920432 and parameters: {'ISTN': 69.32839117890894, 'I_gpe': 1.1120351282695997, 'I_gpi': 3.05163358017059, 'noise_stn_sigma': 2.809630544243716, 'noise_gpe_sigma': 77.75861811205513, 'noise_gpi_sigma': 71.04335406030725, 'g_stn_gpe_mult': 4.360767468564511, 'g_gpe_stn_mult': 0.14301259796276916, 'g_stn_gpi_mult': 1.652473089710439, 'g_gpe_gpi_mult': 0.7434130434501163}. Best is trial 43 with value: 0.2901776284552785.
[I 2026-05-28 21:53:20,099] Trial 118 finished with value: 8.10367444631502 and parameters: {'ISTN': 74.72834454116217, 'I_gpe': 1.8319901237528793, 'I_gpi': 3.498275866440694, 'noise_stn_sigma': 1.8924493861811287, 'noise_gpe_sigma': 71.19000612226966, 'noise_gpi_sigma': 100.63178769344232, 'g_stn_gpe_mult': 4.082555608394504, 'g_gpe_stn_mult': 0.11951422793513394, 'g_stn_gpi_mult': 1.5004633432070218, 'g_gpe_gpi_mult': 1.0164967668392597}. Best is trial 43 with value: 0.2901776284552785.
[I 2026-05-28 21:53:21,079] Trial 119 finished with value: 12.729040885227857 and parameters: {'ISTN': 80.40617566650147, 'I_gpe': 1.6424382728895912, 'I_gpi': 2.972516236706018, 'noise_stn_sigma': 1.7789870853962717, 'noise_gpe_sigma': 98.34211915673647, 'noise_gpi_sigma': 64.86613852341239, 'g_stn_gpe_mult': 4.276867092024059, 'g_gpe_stn_mult': 0.208754062116912, 'g_stn_gpi_mult': 2.1857315098313816, 'g_gpe_gpi_mult': 0.9974277678886012}. Best is trial 43 with value: 0.2901776284552785.
[I 2026-05-28 21:53:22,060] Trial 120 finished with value: 0.8312447340051582 and parameters: {'ISTN': 69.32204815567789, 'I_gpe': 1.2921186982024824, 'I_gpi': 3.7032590243734544, 'noise_stn_sigma': 1.8328654588582276, 'noise_gpe_sigma': 71.56343923888964, 'noise_gpi_sigma': 100.94072574171331, 'g_stn_gpe_mult': 4.114534785663015, 'g_gpe_stn_mult': 0.16748849209545902, 'g_stn_gpi_mult': 1.4383478777446888, 'g_gpe_gpi_mult': 1.0545386330858386}. Best is trial 43 with value: 0.2901776284552785.
[I 2026-05-28 21:53:23,038] Trial 121 finished with value: 1.7489129626476636 and parameters: {'ISTN': 62.87955381808293, 'I_gpe': 1.0230802899771783, 'I_gpi': 3.5858239720950844, 'noise_stn_sigma': 1.7854843975816599, 'noise_gpe_sigma': 76.8569734255909, 'noise_gpi_sigma': 53.689716660189, 'g_stn_gpe_mult': 4.377455676993183, 'g_gpe_stn_mult': 0.19817358996604323, 'g_stn_gpi_mult': 1.411556380319273, 'g_gpe_gpi_mult': 0.7267729567596246}. Best is trial 43 with value: 0.2901776284552785.
[I 2026-05-28 21:53:24,018] Trial 122 finished with value: 13.571127621745276 and parameters: {'ISTN': 80.54733012841331, 'I_gpe': 1.6493759155590004, 'I_gpi': 3.294543437808561, 'noise_stn_sigma': 3.0374189595068506, 'noise_gpe_sigma': 76.15083909183844, 'noise_gpi_sigma': 83.21849444988744, 'g_stn_gpe_mult': 4.461242402905697, 'g_gpe_stn_mult': 0.2224675521819669, 'g_stn_gpi_mult': 2.0961620462277426, 'g_gpe_gpi_mult': 0.6132012320096745}. Best is trial 43 with value: 0.2901776284552785.
[I 2026-05-28 21:53:24,997] Trial 123 finished with value: 1.2775481958719945 and parameters: {'ISTN': 70.41541776543926, 'I_gpe': 1.7058650945455154, 'I_gpi': 3.225240901021325, 'noise_stn_sigma': 2.636530206776148, 'noise_gpe_sigma': 85.60852652663047, 'noise_gpi_sigma': 65.3113444822561, 'g_stn_gpe_mult': 4.010825265310908, 'g_gpe_stn_mult': 0.21960268621239923, 'g_stn_gpi_mult': 1.664930848549156, 'g_gpe_gpi_mult': 0.5786005145170603}. Best is trial 43 with value: 0.2901776284552785.
[I 2026-05-28 21:53:25,975] Trial 124 finished with value: 5.355120567454924 and parameters: {'ISTN': 81.95024885346415, 'I_gpe': 1.4136622106117467, 'I_gpi': 3.31287389744101, 'noise_stn_sigma': 2.1048868316048748, 'noise_gpe_sigma': 91.32783496485652, 'noise_gpi_sigma': 90.22745025085275, 'g_stn_gpe_mult': 4.202098494070991, 'g_gpe_stn_mult': 0.11058963680679904, 'g_stn_gpi_mult': 1.8809104051373278, 'g_gpe_gpi_mult': 1.0782652396748622}. Best is trial 43 with value: 0.2901776284552785.
[I 2026-05-28 21:53:26,893] Trial 125 finished with value: 1000000.0 and parameters: {'ISTN': 73.63278388864919, 'I_gpe': 1.9034278146677506, 'I_gpi': 3.6234705447797895, 'noise_stn_sigma': 3.049765352455829, 'noise_gpe_sigma': 109.59258614177328, 'noise_gpi_sigma': 81.45163885263526, 'g_stn_gpe_mult': 4.042630860799033, 'g_gpe_stn_mult': 0.2173022103427873, 'g_stn_gpi_mult': 2.144024358038137, 'g_gpe_gpi_mult': 0.7396656228374594}. Best is trial 43 with value: 0.2901776284552785.
[I 2026-05-28 21:53:27,870] Trial 126 finished with value: 7.126010670703953 and parameters: {'ISTN': 69.69991370066775, 'I_gpe': 2.0378886366811195, 'I_gpi': 3.2564806943749223, 'noise_stn_sigma': 2.7941830313690135, 'noise_gpe_sigma': 87.8299847301369, 'noise_gpi_sigma': 50.213593259572704, 'g_stn_gpe_mult': 4.534887161307474, 'g_gpe_stn_mult': 0.2262200808282127, 'g_stn_gpi_mult': 1.5965592852700459, 'g_gpe_gpi_mult': 0.693524588515513}. Best is trial 43 with value: 0.2901776284552785.
[I 2026-05-28 21:53:28,847] Trial 127 finished with value: 0.4487620995138814 and parameters: {'ISTN': 63.680149754801214, 'I_gpe': 1.834315216325546, 'I_gpi': 3.0317378717479535, 'noise_stn_sigma': 1.3588182410187217, 'noise_gpe_sigma': 69.80002725194672, 'noise_gpi_sigma': 79.70545033808548, 'g_stn_gpe_mult': 4.284286577328462, 'g_gpe_stn_mult': 0.29063593312307145, 'g_stn_gpi_mult': 1.5843854700498718, 'g_gpe_gpi_mult': 0.7481803746900317}. Best is trial 43 with value: 0.2901776284552785.
[I 2026-05-28 21:53:29,826] Trial 128 finished with value: 3.80617275005619 and parameters: {'ISTN': 71.73645170867533, 'I_gpe': 1.7684331266983075, 'I_gpi': 2.881061159025303, 'noise_stn_sigma': 2.065453742600528, 'noise_gpe_sigma': 97.69766822030208, 'noise_gpi_sigma': 100.33350484266197, 'g_stn_gpe_mult': 3.9348287119543732, 'g_gpe_stn_mult': 0.22951135731657876, 'g_stn_gpi_mult': 2.2036793778601385, 'g_gpe_gpi_mult': 0.9580648362002118}. Best is trial 43 with value: 0.2901776284552785.
[I 2026-05-28 21:53:30,804] Trial 129 finished with value: 0.3908445805522933 and parameters: {'ISTN': 61.75068357398683, 'I_gpe': 1.44169142475875, 'I_gpi': 3.0685701267085217, 'noise_stn_sigma': 3.098934269339093, 'noise_gpe_sigma': 75.3531251076881, 'noise_gpi_sigma': 65.23094509671628, 'g_stn_gpe_mult': 4.230793515353273, 'g_gpe_stn_mult': 0.14030048542485074, 'g_stn_gpi_mult': 1.9660585509982105, 'g_gpe_gpi_mult': 0.6562176807181439}. Best is trial 43 with value: 0.2901776284552785.
[I 2026-05-28 21:53:31,782] Trial 130 finished with value: 1.162399144090564 and parameters: {'ISTN': 70.74008052983405, 'I_gpe': 1.7522704118412942, 'I_gpi': 2.86362449096966, 'noise_stn_sigma': 2.0351864649988674, 'noise_gpe_sigma': 80.42929011833024, 'noise_gpi_sigma': 85.1855582039295, 'g_stn_gpe_mult': 4.554582963553557, 'g_gpe_stn_mult': 0.22138969042804416, 'g_stn_gpi_mult': 1.8394930240489094, 'g_gpe_gpi_mult': 0.6174294131864713}. Best is trial 43 with value: 0.2901776284552785.
[I 2026-05-28 21:53:32,762] Trial 131 finished with value: 0.4416471463942087 and parameters: {'ISTN': 61.20095922703543, 'I_gpe': 1.8925839968174056, 'I_gpi': 2.6760871312520313, 'noise_stn_sigma': 1.9175023891953107, 'noise_gpe_sigma': 89.76025536759917, 'noise_gpi_sigma': 66.78469576889641, 'g_stn_gpe_mult': 3.756136281339506, 'g_gpe_stn_mult': 0.27102855937099646, 'g_stn_gpi_mult': 1.6811144754021035, 'g_gpe_gpi_mult': 0.5061341789109206}. Best is trial 43 with value: 0.2901776284552785.
