[I 2026-05-28 21:52:07,634] Trial 44 finished with value: 1000000.0 and parameters: {'ISTN': 92.3085554874192, 'I_gpe': 2.425639078390402, 'I_gpi': 2.7263589921343057, 'noise_stn_sigma': 4.002041297877065, 'noise_gpe_sigma': 78.91720885662394, 'noise_gpi_sigma': 95.31380111206148, 'g_stn_gpe_mult': 2.991393145534886, 'g_gpe_stn_mult': 0.32786187915165066, 'g_stn_gpi_mult': 1.9422118027099111, 'g_gpe_gpi_mult': 0.42013692912536804}. Best is trial 43 with value: 0.2901776284552785.
[I 2026-05-28 21:52:08,614] Trial 45 finished with value: 0.3725065247679013 and parameters: {'ISTN': 60.45586939656392, 'I_gpe': 1.296786596775309, 'I_gpi': 3.0071477084077385, 'noise_stn_sigma': 3.3353121221518935, 'noise_gpe_sigma': 102.29447400670526, 'noise_gpi_sigma': 57.993346213162496, 'g_stn_gpe_mult': 4.045888386100053, 'g_gpe_stn_mult': 0.3099710493565522, 'g_stn_gpi_mult': 2.1084308555030615, 'g_gpe_gpi_mult': 0.6651690475091354}. Best is trial 43 with value: 0.2901776284552785.
[I 2026-05-28 21:52:09,594] Trial 46 finished with value: 9.028380053846446 and parameters: {'ISTN': 77.93048971847035, 'I_gpe': 1.8149743853977207, 'I_gpi': 2.8869360283930505, 'noise_stn_sigma': 3.1458268829838456, 'noise_gpe_sigma': 104.65683049582995, 'noise_gpi_sigma': 46.449511469761106, 'g_stn_gpe_mult': 2.355535189258577, 'g_gpe_stn_mult': 0.2866050506354567, 'g_stn_gpi_mult': 2.958072665680856, 'g_gpe_gpi_mult': 0.6376203191873691}. Best is trial 43 with value: 0.2901776284552785.
[I 2026-05-28 21:52:10,574] Trial 47 finished with value: 13.340958573449331 and parameters: {'ISTN': 67.87451914505847, 'I_gpe': 1.4515237586790355, 'I_gpi': 1.0343757553709838, 'noise_stn_sigma': 2.0245278312819517, 'noise_gpe_sigma': 99.5219671890706, 'noise_gpi_sigma': 76.219026703395, 'g_stn_gpe_mult': 1.8229769528780198, 'g_gpe_stn_mult': 0.398355311374724, 'g_stn_gpi_mult': 1.204526876635539, 'g_gpe_gpi_mult': 0.6368347461461713}. Best is trial 43 with value: 0.2901776284552785.
[I 2026-05-28 21:52:11,552] Trial 48 finished with value: 6.458524931438259 and parameters: {'ISTN': 63.0151842480606, 'I_gpe': 2.0825877025510966, 'I_gpi': 2.2125312718124435, 'noise_stn_sigma': 4.281046671082019, 'noise_gpe_sigma': 99.3009230143625, 'noise_gpi_sigma': 72.2403201179507, 'g_stn_gpe_mult': 3.67801114622987, 'g_gpe_stn_mult': 0.11536470084850876, 'g_stn_gpi_mult': 1.6917426679846952, 'g_gpe_gpi_mult': 0.6892610545585451}. Best is trial 43 with value: 0.2901776284552785.
[I 2026-05-28 21:52:12,532] Trial 49 finished with value: 7.051013054410169 and parameters: {'ISTN': 63.57193435949739, 'I_gpe': 2.8786023163106598, 'I_gpi': 3.144923991410001, 'noise_stn_sigma': 2.6053542589492826, 'noise_gpe_sigma': 29.212391658369473, 'noise_gpi_sigma': 55.21694460299969, 'g_stn_gpe_mult': 2.6744295918372014, 'g_gpe_stn_mult': 0.20780479407629504, 'g_stn_gpi_mult': 1.1097011050781955, 'g_gpe_gpi_mult': 0.5102263715561866}. Best is trial 43 with value: 0.2901776284552785.
[I 2026-05-28 21:52:13,514] Trial 50 finished with value: 10.312478994964007 and parameters: {'ISTN': 66.02775634047362, 'I_gpe': 2.698189498366826, 'I_gpi': 1.3840398013452686, 'noise_stn_sigma': 3.093969468641455, 'noise_gpe_sigma': 48.27998973772657, 'noise_gpi_sigma': 75.6842647145303, 'g_stn_gpe_mult': 3.195718144114384, 'g_gpe_stn_mult': 0.1817186726324252, 'g_stn_gpi_mult': 1.1506324600036903, 'g_gpe_gpi_mult': 0.32852005376701343}. Best is trial 43 with value: 0.2901776284552785.
[I 2026-05-28 21:52:14,495] Trial 51 finished with value: 12.354335404301953 and parameters: {'ISTN': 87.11921768900754, 'I_gpe': 1.3198975836284998, 'I_gpi': 3.2491728252211076, 'noise_stn_sigma': 4.311010531792976, 'noise_gpe_sigma': 82.98202432527479, 'noise_gpi_sigma': 82.5098170275532, 'g_stn_gpe_mult': 4.533927126717509, 'g_gpe_stn_mult': 0.40326290404329745, 'g_stn_gpi_mult': 1.8249642373761714, 'g_gpe_gpi_mult': 1.013985225173688}. Best is trial 43 with value: 0.2901776284552785.
[I 2026-05-28 21:52:15,475] Trial 52 finished with value: 13.19424188299868 and parameters: {'ISTN': 80.84415125418431, 'I_gpe': 1.2755581057917835, 'I_gpi': 2.8739480538994244, 'noise_stn_sigma': 3.4862495415388755, 'noise_gpe_sigma': 64.06764827958423, 'noise_gpi_sigma': 100.87957047928288, 'g_stn_gpe_mult': 3.6719985868310516, 'g_gpe_stn_mult': 0.4384165806347823, 'g_stn_gpi_mult': 2.2819031972440924, 'g_gpe_gpi_mult': 0.7039503676493324}. Best is trial 43 with value: 0.2901776284552785.
[I 2026-05-28 21:52:16,455] Trial 53 finished with value: 8.047765592491007 and parameters: {'ISTN': 73.60732958822771, 'I_gpe': 2.2689744616340817, 'I_gpi': 2.0427798073972996, 'noise_stn_sigma': 4.018898798231092, 'noise_gpe_sigma': 116.50453298095182, 'noise_gpi_sigma': 58.804452629384144, 'g_stn_gpe_mult': 2.671075064311318, 'g_gpe_stn_mult': 0.11110259510065527, 'g_stn_gpi_mult': 1.7103322922860267, 'g_gpe_gpi_mult': 0.6064057302850973}. Best is trial 43 with value: 0.2901776284552785.
[I 2026-05-28 21:52:17,434] Trial 54 finished with value: 10.070917948750154 and parameters: {'ISTN': 88.75209203784804, 'I_gpe': 1.6398688675734887, 'I_gpi': 1.8116200789238945, 'noise_stn_sigma': 3.0658822444544738, 'noise_gpe_sigma': 121.14314064885951, 'noise_gpi_sigma': 71.23669019000684, 'g_stn_gpe_mult': 3.4216420282132605, 'g_gpe_stn_mult': 0.261666288195038, 'g_stn_gpi_mult': 1.955690453957871, 'g_gpe_gpi_mult': 0.732628959865494}. Best is trial 43 with value: 0.2901776284552785.
[I 2026-05-28 21:52:18,414] Trial 55 finished with value: 3.4600369518671377 and parameters: {'ISTN': 71.49760379748938, 'I_gpe': 1.6787368395204678, 'I_gpi': 2.1140329656893453, 'noise_stn_sigma': 2.6176145567588316, 'noise_gpe_sigma': 108.52921949344677, 'noise_gpi_sigma': 58.865516675318965, 'g_stn_gpe_mult': 3.4638638866659712, 'g_gpe_stn_mult': 0.23570015655388624, 'g_stn_gpi_mult': 1.1094727988666246, 'g_gpe_gpi_mult': 0.9236759209203711}. Best is trial 43 with value: 0.2901776284552785.
[I 2026-05-28 21:52:19,392] Trial 56 finished with value: 9.070915585459723 and parameters: {'ISTN': 65.65130111688481, 'I_gpe': 1.7649299512753305, 'I_gpi': 2.411834006677266, 'noise_stn_sigma': 3.8815221376304794, 'noise_gpe_sigma': 65.30443939837292, 'noise_gpi_sigma': 48.3350636474155, 'g_stn_gpe_mult': 2.9921707718035093, 'g_gpe_stn_mult': 0.20530319856100632, 'g_stn_gpi_mult': 1.5159353209896966, 'g_gpe_gpi_mult': 0.6306179567692332}. Best is trial 43 with value: 0.2901776284552785.
[I 2026-05-28 21:52:20,369] Trial 57 finished with value: 0.8641193788050852 and parameters: {'ISTN': 65.28258755732998, 'I_gpe': 1.898228171625243, 'I_gpi': 3.1309265210215345, 'noise_stn_sigma': 1.7396826212829999, 'noise_gpe_sigma': 67.34902674617442, 'noise_gpi_sigma': 33.71098452901309, 'g_stn_gpe_mult': 4.220465891676404, 'g_gpe_stn_mult': 0.21149150241383768, 'g_stn_gpi_mult': 2.0694023159354975, 'g_gpe_gpi_mult': 0.6110759630182636}. Best is trial 43 with value: 0.2901776284552785.
[I 2026-05-28 21:52:21,350] Trial 58 finished with value: 3.247503259783261 and parameters: {'ISTN': 66.47962731996029, 'I_gpe': 2.300985473790769, 'I_gpi': 2.6885909224826294, 'noise_stn_sigma': 1.832779023912846, 'noise_gpe_sigma': 75.78361086055872, 'noise_gpi_sigma': 75.29350190498414, 'g_stn_gpe_mult': 4.6116216248883575, 'g_gpe_stn_mult': 0.3137492885890547, 'g_stn_gpi_mult': 2.022966046372882, 'g_gpe_gpi_mult': 0.4717627328413252}. Best is trial 43 with value: 0.2901776284552785.
[I 2026-05-28 21:52:22,330] Trial 59 finished with value: 9.022902998728814 and parameters: {'ISTN': 89.03031036683352, 'I_gpe': 1.8242488063506879, 'I_gpi': 1.921956412105935, 'noise_stn_sigma': 2.26042920652015, 'noise_gpe_sigma': 113.09888481091882, 'noise_gpi_sigma': 76.9477249906055, 'g_stn_gpe_mult': 2.9555805083283935, 'g_gpe_stn_mult': 0.1457886044394369, 'g_stn_gpi_mult': 1.030722518981339, 'g_gpe_gpi_mult': 0.6471951876340037}. Best is trial 43 with value: 0.2901776284552785.
[I 2026-05-28 21:52:23,310] Trial 60 finished with value: 15.806039762223527 and parameters: {'ISTN': 84.19445046600322, 'I_gpe': 2.305805086234222, 'I_gpi': 1.9697399229655546, 'noise_stn_sigma': 2.192378351902953, 'noise_gpe_sigma': 56.36025946064526, 'noise_gpi_sigma': 67.65918231810534, 'g_stn_gpe_mult': 3.526014646321686, 'g_gpe_stn_mult': 0.3997433281631564, 'g_stn_gpi_mult': 1.4967367857425455, 'g_gpe_gpi_mult': 0.5634464336604843}. Best is trial 43 with value: 0.2901776284552785.
[I 2026-05-28 21:52:24,293] Trial 61 finished with value: 11.259511826886984 and parameters: {'ISTN': 66.35567667591191, 'I_gpe': 2.3340706086415155, 'I_gpi': 2.990156631259052, 'noise_stn_sigma': 2.736711706642545, 'noise_gpe_sigma': 107.25833202177694, 'noise_gpi_sigma': 27.462692599720967, 'g_stn_gpe_mult': 3.810294812899473, 'g_gpe_stn_mult': 0.3647455110758364, 'g_stn_gpi_mult': 2.001640373297196, 'g_gpe_gpi_mult': 0.7037786812892077}. Best is trial 43 with value: 0.2901776284552785.
[I 2026-05-28 21:52:25,273] Trial 62 finished with value: 10.769133621771491 and parameters: {'ISTN': 69.13392706656316, 'I_gpe': 2.348502116731798, 'I_gpi': 3.7083210165731813, 'noise_stn_sigma': 3.2837280885428726, 'noise_gpe_sigma': 90.11577151061674, 'noise_gpi_sigma': 24.773194567718374, 'g_stn_gpe_mult': 4.1754641627464615, 'g_gpe_stn_mult': 0.24984838528344447, 'g_stn_gpi_mult': 2.159954330542752, 'g_gpe_gpi_mult': 0.43835756398264947}. Best is trial 43 with value: 0.2901776284552785.
[I 2026-05-28 21:52:26,252] Trial 63 finished with value: 7.481134930349475 and parameters: {'ISTN': 70.62393732885421, 'I_gpe': 2.31596673404872, 'I_gpi': 2.6056545419237898, 'noise_stn_sigma': 1.2726708694232107, 'noise_gpe_sigma': 84.63410504392279, 'noise_gpi_sigma': 32.65420567619206, 'g_stn_gpe_mult': 4.791558685350109, 'g_gpe_stn_mult': 0.23129445684250308, 'g_stn_gpi_mult': 2.031458418422991, 'g_gpe_gpi_mult': 0.502835885040035}. Best is trial 43 with value: 0.2901776284552785.
[I 2026-05-28 21:52:27,231] Trial 64 finished with value: 6.231321152953507 and parameters: {'ISTN': 65.53087630121742, 'I_gpe': 2.1109783168370937, 'I_gpi': 1.8961889357619854, 'noise_stn_sigma': 3.7822833537409783, 'noise_gpe_sigma': 96.19139923518298, 'noise_gpi_sigma': 84.1836737860583, 'g_stn_gpe_mult': 4.554820642698366, 'g_gpe_stn_mult': 0.28946940498155116, 'g_stn_gpi_mult': 1.375915689783185, 'g_gpe_gpi_mult': 0.7568757943309763}. Best is trial 43 with value: 0.2901776284552785.
[I 2026-05-28 21:52:28,210] Trial 65 finished with value: 15.363965737593931 and parameters: {'ISTN': 84.79351713340286, 'I_gpe': 2.3154436614692075, 'I_gpi': 3.050650864950778, 'noise_stn_sigma': 2.5011874669155167, 'noise_gpe_sigma': 63.23042018845703, 'noise_gpi_sigma': 71.0921194250936, 'g_stn_gpe_mult': 3.623862391123465, 'g_gpe_stn_mult': 0.11617964928977308, 'g_stn_gpi_mult': 1.9272121029167124, 'g_gpe_gpi_mult': 0.46954789571183286}. Best is trial 43 with value: 0.2901776284552785.
[I 2026-05-28 21:52:29,189] Trial 66 finished with value: 15.07566655884612 and parameters: {'ISTN': 84.3345261734438, 'I_gpe': 2.2346794519002677, 'I_gpi': 3.3994663529414417, 'noise_stn_sigma': 4.174849409502462, 'noise_gpe_sigma': 118.9521615106662, 'noise_gpi_sigma': 69.24519260976454, 'g_stn_gpe_mult': 4.015037343973311, 'g_gpe_stn_mult': 0.30922073887449186, 'g_stn_gpi_mult': 1.5205538219894787, 'g_gpe_gpi_mult': 0.7603972764864722}. Best is trial 43 with value: 0.2901776284552785.
[I 2026-05-28 21:52:30,169] Trial 67 finished with value: 1.1346013256896643 and parameters: {'ISTN': 67.02566033067431, 'I_gpe': 1.7924012155670286, 'I_gpi': 3.8423457878721132, 'noise_stn_sigma': 1.8494403504863857, 'noise_gpe_sigma': 69.46208847309657, 'noise_gpi_sigma': 59.07924648484564, 'g_stn_gpe_mult': 4.6133068072417664, 'g_gpe_stn_mult': 0.22341529723795944, 'g_stn_gpi_mult': 1.7157161615416965, 'g_gpe_gpi_mult': 0.8196790411801402}. Best is trial 43 with value: 0.2901776284552785.
[I 2026-05-28 21:52:31,148] Trial 68 finished with value: 12.057946593695332 and parameters: {'ISTN': 76.3836142764974, 'I_gpe': 2.0683954424119793, 'I_gpi': 2.7755915756230842, 'noise_stn_sigma': 2.8842655383589904, 'noise_gpe_sigma': 59.8598071273703, 'noise_gpi_sigma': 62.930934868443565, 'g_stn_gpe_mult': 4.609603297171541, 'g_gpe_stn_mult': 0.2930802343847372, 'g_stn_gpi_mult': 1.7700890581050008, 'g_gpe_gpi_mult': 0.5695269067433006}. Best is trial 43 with value: 0.2901776284552785.
[I 2026-05-28 21:52:32,127] Trial 69 finished with value: 7.118789962720094 and parameters: {'ISTN': 73.74045152598521, 'I_gpe': 1.8686768205077993, 'I_gpi': 2.6734839475635077, 'noise_stn_sigma': 4.575433905591035, 'noise_gpe_sigma': 85.35061442016993, 'noise_gpi_sigma': 64.92279861860692, 'g_stn_gpe_mult': 3.3779373146630807, 'g_gpe_stn_mult': 0.16716517069954775, 'g_stn_gpi_mult': 1.9723287930396163, 'g_gpe_gpi_mult': 0.8713218889810928}. Best is trial 43 with value: 0.2901776284552785.
[I 2026-05-28 21:52:33,105] Trial 70 finished with value: 12.605084968035055 and parameters: {'ISTN': 80.44409126077691, 'I_gpe': 1.3440090189555023, 'I_gpi': 2.383776922749318, 'noise_stn_sigma': 2.715951945533683, 'noise_gpe_sigma': 64.90444641840551, 'noise_gpi_sigma': 67.7777853057823, 'g_stn_gpe_mult': 4.274996871514412, 'g_gpe_stn_mult': 0.40634978515030007, 'g_stn_gpi_mult': 1.681677855308782, 'g_gpe_gpi_mult': 0.40030797369809823}. Best is trial 43 with value: 0.2901776284552785.
[I 2026-05-28 21:52:34,085] Trial 71 finished with value: 12.25704187799801 and parameters: {'ISTN': 71.14793098478076, 'I_gpe': 2.1653572234939853, 'I_gpi': 3.166793607363746, 'noise_stn_sigma': 3.6529531767943784, 'noise_gpe_sigma': 105.39913702267978, 'noise_gpi_sigma': 47.94211402647473, 'g_stn_gpe_mult': 4.078597209887355, 'g_gpe_stn_mult': 0.20373125995620148, 'g_stn_gpi_mult': 1.9537631420209922, 'g_gpe_gpi_mult': 0.4759535342213083}. Best is trial 43 with value: 0.2901776284552785.
[I 2026-05-28 21:52:35,063] Trial 72 finished with value: 16.610011692160413 and parameters: {'ISTN': 92.14004702746587, 'I_gpe': 2.354325405620507, 'I_gpi': 2.441676789787714, 'noise_stn_sigma': 3.108289187716176, 'noise_gpe_sigma': 88.25381511122816, 'noise_gpi_sigma': 51.02633995497009, 'g_stn_gpe_mult': 4.740019931396164, 'g_gpe_stn_mult': 0.3383710981614786, 'g_stn_gpi_mult': 2.083132999486471, 'g_gpe_gpi_mult': 0.6817851767656098}. Best is trial 43 with value: 0.2901776284552785.
[I 2026-05-28 21:52:36,042] Trial 73 finished with value: 10.096112018416983 and parameters: {'ISTN': 73.73853961284355, 'I_gpe': 1.879584691403883, 'I_gpi': 1.9295914338193352, 'noise_stn_sigma': 2.483495410452054, 'noise_gpe_sigma': 65.83959752792339, 'noise_gpi_sigma': 58.741146246668535, 'g_stn_gpe_mult': 4.865714878568485, 'g_gpe_stn_mult': 0.284500949435449, 'g_stn_gpi_mult': 2.0616259866440245, 'g_gpe_gpi_mult': 0.5581248167556709}. Best is trial 43 with value: 0.2901776284552785.
[I 2026-05-28 21:52:37,023] Trial 74 finished with value: 15.82516115019065 and parameters: {'ISTN': 89.47336321317653, 'I_gpe': 1.5818129975386397, 'I_gpi': 3.2469486416812545, 'noise_stn_sigma': 1.4603774692793994, 'noise_gpe_sigma': 80.49273649767238, 'noise_gpi_sigma': 38.59453004180059, 'g_stn_gpe_mult': 4.148522591314835, 'g_gpe_stn_mult': 0.22545907315392133, 'g_stn_gpi_mult': 1.0536388859614236, 'g_gpe_gpi_mult': 0.48107501994889473}. Best is trial 43 with value: 0.2901776284552785.
[I 2026-05-28 21:52:38,002] Trial 75 finished with value: 4.977216829406505 and parameters: {'ISTN': 67.49804568437571, 'I_gpe': 2.064485439167507, 'I_gpi': 3.64022642993327, 'noise_stn_sigma': 2.679331217125106, 'noise_gpe_sigma': 98.79863451551921, 'noise_gpi_sigma': 80.03337746659108, 'g_stn_gpe_mult': 4.38675969221438, 'g_gpe_stn_mult': 0.2575730793562213, 'g_stn_gpi_mult': 1.9162599028362204, 'g_gpe_gpi_mult': 0.5625328531354932}. Best is trial 43 with value: 0.2901776284552785.
[I 2026-05-28 21:52:38,983] Trial 76 finished with value: 10.984873732006061 and parameters: {'ISTN': 72.47220383537999, 'I_gpe': 1.4730397042870658, 'I_gpi': 2.245249479235482, 'noise_stn_sigma': 3.8760132889135295, 'noise_gpe_sigma': 39.27120063211156, 'noise_gpi_sigma': 59.427667609119865, 'g_stn_gpe_mult': 4.639914488206291, 'g_gpe_stn_mult': 0.18334508035103864, 'g_stn_gpi_mult': 2.499000030178988, 'g_gpe_gpi_mult': 0.6996969420968777}. Best is trial 43 with value: 0.2901776284552785.
[I 2026-05-28 21:52:39,964] Trial 77 finished with value: 1.3694364850959624 and parameters: {'ISTN': 62.83428880501713, 'I_gpe': 2.242294620341141, 'I_gpi': 2.7512632775391426, 'noise_stn_sigma': 3.285066421156966, 'noise_gpe_sigma': 85.4972843608474, 'noise_gpi_sigma': 72.80359468700674, 'g_stn_gpe_mult': 4.276624143977985, 'g_gpe_stn_mult': 0.2553943058466315, 'g_stn_gpi_mult': 1.3944296386379356, 'g_gpe_gpi_mult': 0.8135294761204197}. Best is trial 43 with value: 0.2901776284552785.
[I 2026-05-28 21:52:40,945] Trial 78 finished with value: 2.9464731796973416 and parameters: {'ISTN': 62.866183100312355, 'I_gpe': 2.153534389831595, 'I_gpi': 2.640949878194445, 'noise_stn_sigma': 3.4062816283894657, 'noise_gpe_sigma': 125.9191249074378, 'noise_gpi_sigma': 57.36541399607042, 'g_stn_gpe_mult': 4.617572329020072, 'g_gpe_stn_mult': 0.3442922911710645, 'g_stn_gpi_mult': 2.0602955288184193, 'g_gpe_gpi_mult': 0.8355532703282618}. Best is trial 43 with value: 0.2901776284552785.
[I 2026-05-28 21:52:41,925] Trial 79 finished with value: 11.424042984078465 and parameters: {'ISTN': 76.08831548711768, 'I_gpe': 2.2779168352056685, 'I_gpi': 2.265553485175946, 'noise_stn_sigma': 1.9850627622357142, 'noise_gpe_sigma': 88.43458177191025, 'noise_gpi_sigma': 92.84880724588733, 'g_stn_gpe_mult': 4.101478247179904, 'g_gpe_stn_mult': 0.18401061430661383, 'g_stn_gpi_mult': 1.974529322040699, 'g_gpe_gpi_mult': 0.7368987447697137}. Best is trial 43 with value: 0.2901776284552785.
[I 2026-05-28 21:52:42,904] Trial 80 finished with value: 14.11282154507916 and parameters: {'ISTN': 79.29941693547326, 'I_gpe': 1.848203596579412, 'I_gpi': 3.7049690024464605, 'noise_stn_sigma': 1.0595288615113132, 'noise_gpe_sigma': 52.611680471968455, 'noise_gpi_sigma': 47.900170545973566, 'g_stn_gpe_mult': 4.57148601494962, 'g_gpe_stn_mult': 0.20619023059037828, 'g_stn_gpi_mult': 1.1990250297991314, 'g_gpe_gpi_mult': 0.7395701035645361}. Best is trial 43 with value: 0.2901776284552785.
[I 2026-05-28 21:52:43,886] Trial 81 finished with value: 1.353063597969137 and parameters: {'ISTN': 61.35550261021249, 'I_gpe': 2.320579356107142, 'I_gpi': 2.402342503620466, 'noise_stn_sigma': 3.4360729831515044, 'noise_gpe_sigma': 90.85858531918629, 'noise_gpi_sigma': 60.49849819020709, 'g_stn_gpe_mult': 4.100680614995657, 'g_gpe_stn_mult': 0.28976290531013704, 'g_stn_gpi_mult': 2.1351698116428763, 'g_gpe_gpi_mult': 0.8552739131455136}. Best is trial 43 with value: 0.2901776284552785.
[I 2026-05-28 21:52:44,865] Trial 82 finished with value: 15.493122450510052 and parameters: {'ISTN': 62.725506030953326, 'I_gpe': 3.2853133565718293, 'I_gpi': 4.098424155150725, 'noise_stn_sigma': 3.4517044272447484, 'noise_gpe_sigma': 109.759240598471, 'noise_gpi_sigma': 67.72787550878184, 'g_stn_gpe_mult': 4.3798974919123825, 'g_gpe_stn_mult': 0.34263806975803307, 'g_stn_gpi_mult': 2.2044701947135152, 'g_gpe_gpi_mult': 0.5294851658886783}. Best is trial 43 with value: 0.2901776284552785.
[I 2026-05-28 21:52:45,844] Trial 83 finished with value: 17.23132147597698 and parameters: {'ISTN': 85.0518806182404, 'I_gpe': 2.9004577038921022, 'I_gpi': 1.9410775319242062, 'noise_stn_sigma': 1.9783411966235893, 'noise_gpe_sigma': 93.23910600385003, 'noise_gpi_sigma': 51.63139147834934, 'g_stn_gpe_mult': 4.175229795835714, 'g_gpe_stn_mult': 0.3602810274358659, 'g_stn_gpi_mult': 1.6474213936217477, 'g_gpe_gpi_mult': 0.8363138362162816}. Best is trial 43 with value: 0.2901776284552785.
[I 2026-05-28 21:52:46,824] Trial 84 finished with value: 7.941168084852585 and parameters: {'ISTN': 66.93463726336013, 'I_gpe': 1.787131042459863, 'I_gpi': 2.15431762703411, 'noise_stn_sigma': 3.8863760229237294, 'noise_gpe_sigma': 112.45346965181366, 'noise_gpi_sigma': 75.63322987138218, 'g_stn_gpe_mult': 3.8959581478440017, 'g_gpe_stn_mult': 0.42590737545067947, 'g_stn_gpi_mult': 1.6641704754256916, 'g_gpe_gpi_mult': 0.8920078556302169}. Best is trial 43 with value: 0.2901776284552785.
[I 2026-05-28 21:52:47,805] Trial 85 finished with value: 16.69551229036227 and parameters: {'ISTN': 79.59379623009846, 'I_gpe': 3.0900868251029356, 'I_gpi': 2.315554628229531, 'noise_stn_sigma': 2.648238536224511, 'noise_gpe_sigma': 100.75333028551007, 'noise_gpi_sigma': 89.24705673041704, 'g_stn_gpe_mult': 4.3739477116872205, 'g_gpe_stn_mult': 0.3358716178503701, 'g_stn_gpi_mult': 1.7482230050658212, 'g_gpe_gpi_mult': 0.7801811907838068}. Best is trial 43 with value: 0.2901776284552785.
[I 2026-05-28 21:52:48,784] Trial 86 finished with value: 5.2182897924785205 and parameters: {'ISTN': 73.1026852227607, 'I_gpe': 1.4020045700233612, 'I_gpi': 2.9209165760409626, 'noise_stn_sigma': 4.114345400109487, 'noise_gpe_sigma': 105.90916741580635, 'noise_gpi_sigma': 98.04857682766966, 'g_stn_gpe_mult': 4.827826551070286, 'g_gpe_stn_mult': 0.29544266075894976, 'g_stn_gpi_mult': 1.7715144192753105, 'g_gpe_gpi_mult': 0.6693783287522133}. Best is trial 43 with value: 0.2901776284552785.
[I 2026-05-28 21:52:49,762] Trial 87 finished with value: 0.7195319034208915 and parameters: {'ISTN': 63.54492579632192, 'I_gpe': 1.7303675036965238, 'I_gpi': 2.679677019590295, 'noise_stn_sigma': 3.1199825787785023, 'noise_gpe_sigma': 93.26779338899708, 'noise_gpi_sigma': 84.87099612177425, 'g_stn_gpe_mult': 4.644426824299996, 'g_gpe_stn_mult': 0.2389687652801433, 'g_stn_gpi_mult': 1.5576973950330628, 'g_gpe_gpi_mult': 0.7538282988979894}. Best is trial 43 with value: 0.2901776284552785.
