[I 2026-05-28 22:17:03,492] Trial 528 finished with value: 5.774533687411099 and parameters: {'ISTN': 112.7208461082875, 'I_gpe': 2.4778188487014168, 'I_gpi': 2.1700822469316083, 'noise_stn_sigma': 4.969903321058718, 'noise_gpe_sigma': 104.38210983192185, 'noise_gpi_sigma': 115.86057212426415, 'g_stn_gpe_mult': 4.074666726581179, 'g_gpe_stn_mult': 0.6396734422818147, 'g_stn_gpi_mult': 2.011609444665239, 'g_gpe_gpi_mult': 0.7740853049926026}. Best is trial 516 with value: 0.9043779998207784.
[I 2026-05-28 22:17:04,535] Trial 529 finished with value: 7.729649276376126 and parameters: {'ISTN': 106.92050582563576, 'I_gpe': 2.4310803002285346, 'I_gpi': 2.1577637566258145, 'noise_stn_sigma': 4.806311406833037, 'noise_gpe_sigma': 95.32765080550317, 'noise_gpi_sigma': 99.31890444372343, 'g_stn_gpe_mult': 4.299867688615892, 'g_gpe_stn_mult': 0.6396400460071988, 'g_stn_gpi_mult': 1.9552459712890806, 'g_gpe_gpi_mult': 0.829765261172134}. Best is trial 516 with value: 0.9043779998207784.
[I 2026-05-28 22:17:05,578] Trial 530 finished with value: 5.479429110664864 and parameters: {'ISTN': 114.33272970209188, 'I_gpe': 2.340306733420654, 'I_gpi': 1.9863460410392726, 'noise_stn_sigma': 5.219709757261701, 'noise_gpe_sigma': 106.67989566553493, 'noise_gpi_sigma': 121.24217238764541, 'g_stn_gpe_mult': 4.132657569637656, 'g_gpe_stn_mult': 0.6439325761420411, 'g_stn_gpi_mult': 1.8498546651152723, 'g_gpe_gpi_mult': 0.7806789152769078}. Best is trial 516 with value: 0.9043779998207784.
[I 2026-05-28 22:17:06,621] Trial 531 finished with value: 3.289577640757545 and parameters: {'ISTN': 110.76747936635877, 'I_gpe': 2.320943311079277, 'I_gpi': 1.7721573369299026, 'noise_stn_sigma': 4.4801602664402775, 'noise_gpe_sigma': 106.19289463660408, 'noise_gpi_sigma': 114.8149877334246, 'g_stn_gpe_mult': 4.03480200984853, 'g_gpe_stn_mult': 0.6536290095873473, 'g_stn_gpi_mult': 1.9973464315582106, 'g_gpe_gpi_mult': 0.7709973929111367}. Best is trial 516 with value: 0.9043779998207784.
[I 2026-05-28 22:17:07,661] Trial 532 finished with value: 4.513541496695816 and parameters: {'ISTN': 110.87998054788932, 'I_gpe': 2.4464712024750517, 'I_gpi': 1.9817674225656088, 'noise_stn_sigma': 4.756158044742255, 'noise_gpe_sigma': 110.13223940873576, 'noise_gpi_sigma': 105.56151836667856, 'g_stn_gpe_mult': 4.008997066572857, 'g_gpe_stn_mult': 0.6531899355944597, 'g_stn_gpi_mult': 1.7357812109752233, 'g_gpe_gpi_mult': 0.8194541289232888}. Best is trial 516 with value: 0.9043779998207784.
[I 2026-05-28 22:17:08,705] Trial 533 finished with value: 4.24845499930257 and parameters: {'ISTN': 111.2256340925034, 'I_gpe': 2.4584277815020634, 'I_gpi': 1.8607701938565415, 'noise_stn_sigma': 4.461428297433185, 'noise_gpe_sigma': 107.8528927323538, 'noise_gpi_sigma': 121.1152269077676, 'g_stn_gpe_mult': 3.91207945600298, 'g_gpe_stn_mult': 0.6554554574926166, 'g_stn_gpi_mult': 1.710382422217315, 'g_gpe_gpi_mult': 0.7983278473691016}. Best is trial 516 with value: 0.9043779998207784.
[I 2026-05-28 22:17:09,748] Trial 534 finished with value: 3.7080547433862243 and parameters: {'ISTN': 113.71011399162524, 'I_gpe': 2.4700533066075416, 'I_gpi': 2.1371337924172, 'noise_stn_sigma': 4.57699566623002, 'noise_gpe_sigma': 110.29499321431773, 'noise_gpi_sigma': 121.71746898517426, 'g_stn_gpe_mult': 3.7543725786006106, 'g_gpe_stn_mult': 0.6760690142396266, 'g_stn_gpi_mult': 1.879141497579402, 'g_gpe_gpi_mult': 0.8217677352640957}. Best is trial 516 with value: 0.9043779998207784.
[I 2026-05-28 22:17:10,790] Trial 535 finished with value: 3.952725064065133 and parameters: {'ISTN': 115.4524032516121, 'I_gpe': 2.3580640699990365, 'I_gpi': 1.8519049115084567, 'noise_stn_sigma': 4.61480473576512, 'noise_gpe_sigma': 100.3248804841059, 'noise_gpi_sigma': 121.31466015687424, 'g_stn_gpe_mult': 3.885811409364668, 'g_gpe_stn_mult': 0.6702426236920427, 'g_stn_gpi_mult': 1.6657285063172933, 'g_gpe_gpi_mult': 0.7861674274168968}. Best is trial 516 with value: 0.9043779998207784.
[I 2026-05-28 22:17:11,833] Trial 536 finished with value: 1.122228067764264 and parameters: {'ISTN': 110.45373495816943, 'I_gpe': 2.3855397484301206, 'I_gpi': 1.9883311738634677, 'noise_stn_sigma': 4.770384526080905, 'noise_gpe_sigma': 118.62854336225861, 'noise_gpi_sigma': 126.95807944272107, 'g_stn_gpe_mult': 3.8047303766888523, 'g_gpe_stn_mult': 0.6363297781512794, 'g_stn_gpi_mult': 1.880857212499591, 'g_gpe_gpi_mult': 0.8038817782652674}. Best is trial 516 with value: 0.9043779998207784.
[I 2026-05-28 22:17:12,875] Trial 537 finished with value: 4.055529232682372 and parameters: {'ISTN': 107.93856201787693, 'I_gpe': 2.4012731062667547, 'I_gpi': 1.654870705442113, 'noise_stn_sigma': 5.043502658520698, 'noise_gpe_sigma': 107.52940301399575, 'noise_gpi_sigma': 110.8518017222449, 'g_stn_gpe_mult': 4.076110025726068, 'g_gpe_stn_mult': 0.6196729638462212, 'g_stn_gpi_mult': 2.0655486230967717, 'g_gpe_gpi_mult': 0.8569179477418649}. Best is trial 516 with value: 0.9043779998207784.
[I 2026-05-28 22:17:13,915] Trial 538 finished with value: 4.310709804387278 and parameters: {'ISTN': 108.28533865208027, 'I_gpe': 2.3755420396841713, 'I_gpi': 1.9495815867830064, 'noise_stn_sigma': 4.993733537283025, 'noise_gpe_sigma': 106.33280223543602, 'noise_gpi_sigma': 120.498633655146, 'g_stn_gpe_mult': 3.841799402504853, 'g_gpe_stn_mult': 0.647419141679377, 'g_stn_gpi_mult': 1.9125619841660468, 'g_gpe_gpi_mult': 0.7787997490515699}. Best is trial 516 with value: 0.9043779998207784.
[I 2026-05-28 22:17:14,958] Trial 539 finished with value: 7.061766348499222 and parameters: {'ISTN': 116.74627535238257, 'I_gpe': 2.3684822141252457, 'I_gpi': 2.0861004600533954, 'noise_stn_sigma': 4.493296833152015, 'noise_gpe_sigma': 106.3556880891368, 'noise_gpi_sigma': 110.34711820613511, 'g_stn_gpe_mult': 4.062906855486709, 'g_gpe_stn_mult': 0.6602857371213448, 'g_stn_gpi_mult': 1.880323376962353, 'g_gpe_gpi_mult': 0.7411564771136785}. Best is trial 516 with value: 0.9043779998207784.
[I 2026-05-28 22:17:15,998] Trial 540 finished with value: 9.531441270488306 and parameters: {'ISTN': 116.0014906342311, 'I_gpe': 2.36913086681343, 'I_gpi': 1.5633339942091666, 'noise_stn_sigma': 4.979992574285253, 'noise_gpe_sigma': 108.79962949567418, 'noise_gpi_sigma': 118.97879488012191, 'g_stn_gpe_mult': 4.061119999982354, 'g_gpe_stn_mult': 0.6845074583792419, 'g_stn_gpi_mult': 1.8086176919661674, 'g_gpe_gpi_mult': 0.849481892089982}. Best is trial 516 with value: 0.9043779998207784.
[I 2026-05-28 22:17:16,982] Trial 541 finished with value: 1000000.0 and parameters: {'ISTN': 108.40295030507082, 'I_gpe': 2.5162650945912852, 'I_gpi': 2.303103134946229, 'noise_stn_sigma': 4.392443822734253, 'noise_gpe_sigma': 111.02421583976805, 'noise_gpi_sigma': 131.37248584545085, 'g_stn_gpe_mult': 3.619594244954164, 'g_gpe_stn_mult': 0.6242333525162009, 'g_stn_gpi_mult': 1.9575909240191616, 'g_gpe_gpi_mult': 0.7633289133930907}. Best is trial 516 with value: 0.9043779998207784.
[I 2026-05-28 22:17:18,023] Trial 542 finished with value: 3.02428925391993 and parameters: {'ISTN': 111.24169421593105, 'I_gpe': 2.363702103932111, 'I_gpi': 2.154048587967825, 'noise_stn_sigma': 4.372309597690641, 'noise_gpe_sigma': 114.18828564419812, 'noise_gpi_sigma': 119.33797051034684, 'g_stn_gpe_mult': 3.873367550105326, 'g_gpe_stn_mult': 0.6468597787693469, 'g_stn_gpi_mult': 1.834033232502277, 'g_gpe_gpi_mult': 0.7931973666249184}. Best is trial 516 with value: 0.9043779998207784.
[I 2026-05-28 22:17:19,065] Trial 543 finished with value: 8.791384220701568 and parameters: {'ISTN': 112.58141137827968, 'I_gpe': 2.4703854331272472, 'I_gpi': 2.0744522105057994, 'noise_stn_sigma': 4.924030491667284, 'noise_gpe_sigma': 113.74483002409966, 'noise_gpi_sigma': 115.02605503148185, 'g_stn_gpe_mult': 4.015164653703743, 'g_gpe_stn_mult': 0.6383538990990245, 'g_stn_gpi_mult': 2.1149621193986103, 'g_gpe_gpi_mult': 0.8199997995101305}. Best is trial 516 with value: 0.9043779998207784.
[I 2026-05-28 22:17:20,106] Trial 544 finished with value: 3.382238668891345 and parameters: {'ISTN': 112.63535998166583, 'I_gpe': 2.3385144609696034, 'I_gpi': 1.986137197676197, 'noise_stn_sigma': 4.788699727274266, 'noise_gpe_sigma': 103.56328262430759, 'noise_gpi_sigma': 122.42962270403018, 'g_stn_gpe_mult': 3.7583869689344884, 'g_gpe_stn_mult': 0.6597978827577701, 'g_stn_gpi_mult': 1.9231057889828431, 'g_gpe_gpi_mult': 0.794259908938225}. Best is trial 516 with value: 0.9043779998207784.
[I 2026-05-28 22:17:21,147] Trial 545 finished with value: 6.202420314485854 and parameters: {'ISTN': 112.7160455247533, 'I_gpe': 2.4108758713303757, 'I_gpi': 2.214922266615331, 'noise_stn_sigma': 4.586830281549215, 'noise_gpe_sigma': 111.66513104387369, 'noise_gpi_sigma': 127.77241493521784, 'g_stn_gpe_mult': 3.8072200549265247, 'g_gpe_stn_mult': 0.6545334342582028, 'g_stn_gpi_mult': 2.0281722934547632, 'g_gpe_gpi_mult': 0.8443463701134069}. Best is trial 516 with value: 0.9043779998207784.
[I 2026-05-28 22:17:22,183] Trial 546 finished with value: 8.157868792813524 and parameters: {'ISTN': 110.9613608603783, 'I_gpe': 2.525644555630087, 'I_gpi': 1.7472820907134698, 'noise_stn_sigma': 5.129253651633699, 'noise_gpe_sigma': 116.47271069498757, 'noise_gpi_sigma': 129.0795108392938, 'g_stn_gpe_mult': 4.172451600914585, 'g_gpe_stn_mult': 0.6636055297806945, 'g_stn_gpi_mult': 1.9922071123341756, 'g_gpe_gpi_mult': 0.7804426151468125}. Best is trial 516 with value: 0.9043779998207784.
[I 2026-05-28 22:17:23,165] Trial 547 finished with value: 1000000.0 and parameters: {'ISTN': 114.33869697719024, 'I_gpe': 2.377292780722834, 'I_gpi': 1.8424423104931602, 'noise_stn_sigma': 4.414443811305504, 'noise_gpe_sigma': 116.01105322004342, 'noise_gpi_sigma': 127.5171063133891, 'g_stn_gpe_mult': 3.7834757219551802, 'g_gpe_stn_mult': 0.6415214759324047, 'g_stn_gpi_mult': 1.9025998358591563, 'g_gpe_gpi_mult': 0.9173860098394697}. Best is trial 516 with value: 0.9043779998207784.
[I 2026-05-28 22:17:24,207] Trial 548 finished with value: 7.383138070446586 and parameters: {'ISTN': 111.2889581775591, 'I_gpe': 2.2847396636352997, 'I_gpi': 1.7815627211500382, 'noise_stn_sigma': 5.019537445912263, 'noise_gpe_sigma': 106.72516717525052, 'noise_gpi_sigma': 121.46337596594341, 'g_stn_gpe_mult': 3.672847254894635, 'g_gpe_stn_mult': 0.6760012833334216, 'g_stn_gpi_mult': 2.003463859532456, 'g_gpe_gpi_mult': 0.8054733435133452}. Best is trial 516 with value: 0.9043779998207784.
[I 2026-05-28 22:17:25,248] Trial 549 finished with value: 2.4073491916329752 and parameters: {'ISTN': 111.02976074569618, 'I_gpe': 2.3174973410905175, 'I_gpi': 1.9801044526694418, 'noise_stn_sigma': 4.567407617344981, 'noise_gpe_sigma': 114.42303499749183, 'noise_gpi_sigma': 125.74615101803788, 'g_stn_gpe_mult': 3.899784302365937, 'g_gpe_stn_mult': 0.6477071184227319, 'g_stn_gpi_mult': 1.7761458421130545, 'g_gpe_gpi_mult': 0.7915194837908364}. Best is trial 516 with value: 0.9043779998207784.
[I 2026-05-28 22:17:26,290] Trial 550 finished with value: 4.608972964883166 and parameters: {'ISTN': 115.80826020538194, 'I_gpe': 2.47162331533018, 'I_gpi': 1.9682285895864786, 'noise_stn_sigma': 4.929566856522804, 'noise_gpe_sigma': 115.64321277366038, 'noise_gpi_sigma': 126.58212051666246, 'g_stn_gpe_mult': 3.8536838315628428, 'g_gpe_stn_mult': 0.6431785139593352, 'g_stn_gpi_mult': 1.9450648237275696, 'g_gpe_gpi_mult': 0.736021359662467}. Best is trial 516 with value: 0.9043779998207784.
[I 2026-05-28 22:17:27,332] Trial 551 finished with value: 0.9624698349852825 and parameters: {'ISTN': 109.45922830186609, 'I_gpe': 2.3133640878562254, 'I_gpi': 1.906006302091487, 'noise_stn_sigma': 4.481473338873618, 'noise_gpe_sigma': 112.32273038828878, 'noise_gpi_sigma': 118.01815726401055, 'g_stn_gpe_mult': 3.9186174409389425, 'g_gpe_stn_mult': 0.6453473079895273, 'g_stn_gpi_mult': 1.925076733426618, 'g_gpe_gpi_mult': 0.7087716740045196}. Best is trial 516 with value: 0.9043779998207784.
[I 2026-05-28 22:17:28,375] Trial 552 finished with value: 3.1953533289753517 and parameters: {'ISTN': 109.04128439430048, 'I_gpe': 2.343059566945877, 'I_gpi': 1.9698296706239522, 'noise_stn_sigma': 5.178335259329173, 'noise_gpe_sigma': 120.64172810443385, 'noise_gpi_sigma': 130.85743616750915, 'g_stn_gpe_mult': 3.986820376271991, 'g_gpe_stn_mult': 0.6140034549352777, 'g_stn_gpi_mult': 1.9163084066316862, 'g_gpe_gpi_mult': 0.7201402667432097}. Best is trial 516 with value: 0.9043779998207784.
[I 2026-05-28 22:17:29,417] Trial 553 finished with value: 5.022188397182015 and parameters: {'ISTN': 113.0660131851231, 'I_gpe': 2.357671672022364, 'I_gpi': 2.1492246363376455, 'noise_stn_sigma': 4.799339237016966, 'noise_gpe_sigma': 112.466644692627, 'noise_gpi_sigma': 125.27164350598234, 'g_stn_gpe_mult': 3.9056167494538783, 'g_gpe_stn_mult': 0.6872540271969974, 'g_stn_gpi_mult': 1.9666888737821187, 'g_gpe_gpi_mult': 0.7300939649888221}. Best is trial 516 with value: 0.9043779998207784.
[I 2026-05-28 22:17:30,461] Trial 554 finished with value: 4.0178769613187475 and parameters: {'ISTN': 106.99031572913513, 'I_gpe': 2.422111997984628, 'I_gpi': 2.0113079751774325, 'noise_stn_sigma': 4.819754619157653, 'noise_gpe_sigma': 110.6740278868163, 'noise_gpi_sigma': 124.12032806016147, 'g_stn_gpe_mult': 3.772147385280098, 'g_gpe_stn_mult': 0.6193307645249407, 'g_stn_gpi_mult': 2.0404092163545524, 'g_gpe_gpi_mult': 0.775236531261928}. Best is trial 516 with value: 0.9043779998207784.
[I 2026-05-28 22:17:31,502] Trial 555 finished with value: 5.6367758462236175 and parameters: {'ISTN': 111.65287183651787, 'I_gpe': 2.3493735583183506, 'I_gpi': 2.154950895408285, 'noise_stn_sigma': 4.765187781688967, 'noise_gpe_sigma': 115.99069528928348, 'noise_gpi_sigma': 129.25665651329217, 'g_stn_gpe_mult': 3.688795793265637, 'g_gpe_stn_mult': 0.646343315716996, 'g_stn_gpi_mult': 1.8990805239228128, 'g_gpe_gpi_mult': 0.737538261304951}. Best is trial 516 with value: 0.9043779998207784.
[I 2026-05-28 22:17:32,546] Trial 556 finished with value: 2.663020536078807 and parameters: {'ISTN': 109.02124399693881, 'I_gpe': 2.3202221563743937, 'I_gpi': 1.9876092067738491, 'noise_stn_sigma': 4.836557683728731, 'noise_gpe_sigma': 107.61937381751666, 'noise_gpi_sigma': 131.18058880424968, 'g_stn_gpe_mult': 3.891931722310428, 'g_gpe_stn_mult': 0.6296235765976673, 'g_stn_gpi_mult': 1.9123841747002959, 'g_gpe_gpi_mult': 0.7833525231379921}. Best is trial 516 with value: 0.9043779998207784.
[I 2026-05-28 22:17:33,588] Trial 557 finished with value: 3.572051397160407 and parameters: {'ISTN': 112.95579042821157, 'I_gpe': 2.4035817277928944, 'I_gpi': 1.9488383498642787, 'noise_stn_sigma': 4.162953948359769, 'noise_gpe_sigma': 110.47409575077326, 'noise_gpi_sigma': 134.60656078356132, 'g_stn_gpe_mult': 3.6229695388168675, 'g_gpe_stn_mult': 0.6445944560282033, 'g_stn_gpi_mult': 1.753963567582247, 'g_gpe_gpi_mult': 0.8076767961288065}. Best is trial 516 with value: 0.9043779998207784.
[I 2026-05-28 22:17:34,629] Trial 558 finished with value: 3.8579800856069033 and parameters: {'ISTN': 112.33330815321222, 'I_gpe': 2.360994786510836, 'I_gpi': 2.07375307090925, 'noise_stn_sigma': 4.386771948627247, 'noise_gpe_sigma': 109.76897025177566, 'noise_gpi_sigma': 115.54222769548184, 'g_stn_gpe_mult': 3.7591381375123616, 'g_gpe_stn_mult': 0.652747862587638, 'g_stn_gpi_mult': 1.6811300947291412, 'g_gpe_gpi_mult': 0.7818187365513545}. Best is trial 516 with value: 0.9043779998207784.
[I 2026-05-28 22:17:35,671] Trial 559 finished with value: 6.067907235397535 and parameters: {'ISTN': 109.87819006289902, 'I_gpe': 2.3992733377335047, 'I_gpi': 2.1726585881114184, 'noise_stn_sigma': 4.890743123950331, 'noise_gpe_sigma': 116.8222016501383, 'noise_gpi_sigma': 115.11184742768197, 'g_stn_gpe_mult': 4.009524299325806, 'g_gpe_stn_mult': 0.6676691726264623, 'g_stn_gpi_mult': 1.9163654565079236, 'g_gpe_gpi_mult': 0.7179319714019028}. Best is trial 516 with value: 0.9043779998207784.
[I 2026-05-28 22:17:36,714] Trial 560 finished with value: 6.803200417141075 and parameters: {'ISTN': 110.24774912847914, 'I_gpe': 2.3820752563447343, 'I_gpi': 2.3853064840798517, 'noise_stn_sigma': 5.133822945774041, 'noise_gpe_sigma': 109.3816765553176, 'noise_gpi_sigma': 121.71854931966409, 'g_stn_gpe_mult': 3.991533104658696, 'g_gpe_stn_mult': 0.6469738859789488, 'g_stn_gpi_mult': 2.0101546000948542, 'g_gpe_gpi_mult': 0.7414399145433634}. Best is trial 516 with value: 0.9043779998207784.
[I 2026-05-28 22:17:37,761] Trial 561 finished with value: 6.269177720078254 and parameters: {'ISTN': 112.12312312328908, 'I_gpe': 2.3719815566280813, 'I_gpi': 1.9061569593430439, 'noise_stn_sigma': 4.60884521886599, 'noise_gpe_sigma': 113.37906412500803, 'noise_gpi_sigma': 127.33069403936076, 'g_stn_gpe_mult': 3.975067009776982, 'g_gpe_stn_mult': 0.6239808450736923, 'g_stn_gpi_mult': 1.8367795962547557, 'g_gpe_gpi_mult': 0.7795121630136301}. Best is trial 516 with value: 0.9043779998207784.
[I 2026-05-28 22:17:38,803] Trial 562 finished with value: 8.86885088838508 and parameters: {'ISTN': 108.3100878627402, 'I_gpe': 2.2067737358873947, 'I_gpi': 1.9682414198051739, 'noise_stn_sigma': 4.420807389056851, 'noise_gpe_sigma': 116.7916574532298, 'noise_gpi_sigma': 133.62229728682536, 'g_stn_gpe_mult': 3.894425694242906, 'g_gpe_stn_mult': 0.6465214343359978, 'g_stn_gpi_mult': 1.704332292048848, 'g_gpe_gpi_mult': 0.6725192235799724}. Best is trial 516 with value: 0.9043779998207784.
[I 2026-05-28 22:17:39,845] Trial 563 finished with value: 2.7467320339996295 and parameters: {'ISTN': 109.35669302966303, 'I_gpe': 2.341129323708663, 'I_gpi': 2.039288160023734, 'noise_stn_sigma': 4.712915082201878, 'noise_gpe_sigma': 112.36586753379027, 'noise_gpi_sigma': 129.65844984464655, 'g_stn_gpe_mult': 3.8957866735299236, 'g_gpe_stn_mult': 0.6325797490564815, 'g_stn_gpi_mult': 1.7807920083305016, 'g_gpe_gpi_mult': 0.7557871893199919}. Best is trial 516 with value: 0.9043779998207784.
[I 2026-05-28 22:17:40,888] Trial 564 finished with value: 6.459789135007171 and parameters: {'ISTN': 104.57034715804977, 'I_gpe': 2.349945457025406, 'I_gpi': 1.8721371509538467, 'noise_stn_sigma': 4.990384681093275, 'noise_gpe_sigma': 115.69437927356539, 'noise_gpi_sigma': 121.59694217010924, 'g_stn_gpe_mult': 3.877729241587999, 'g_gpe_stn_mult': 0.626942420373922, 'g_stn_gpi_mult': 1.9969506630117277, 'g_gpe_gpi_mult': 0.7325860051714452}. Best is trial 516 with value: 0.9043779998207784.
[I 2026-05-28 22:17:41,930] Trial 565 finished with value: 8.153237787543402 and parameters: {'ISTN': 109.02910005912214, 'I_gpe': 2.4057882403121575, 'I_gpi': 1.874938099786042, 'noise_stn_sigma': 4.6744972247288725, 'noise_gpe_sigma': 114.02365122765347, 'noise_gpi_sigma': 127.5689581380817, 'g_stn_gpe_mult': 3.8790805149759446, 'g_gpe_stn_mult': 0.6115453385543596, 'g_stn_gpi_mult': 1.8729415947016372, 'g_gpe_gpi_mult': 0.7536061612570482}. Best is trial 516 with value: 0.9043779998207784.
[I 2026-05-28 22:17:42,972] Trial 566 finished with value: 5.985069286587867 and parameters: {'ISTN': 107.13666058013283, 'I_gpe': 2.2883174647862905, 'I_gpi': 2.217291709121821, 'noise_stn_sigma': 4.581795953699441, 'noise_gpe_sigma': 105.59649492737381, 'noise_gpi_sigma': 128.0344805048698, 'g_stn_gpe_mult': 3.8092735807502036, 'g_gpe_stn_mult': 0.6289214476448066, 'g_stn_gpi_mult': 1.964941583790159, 'g_gpe_gpi_mult': 0.795570688194412}. Best is trial 516 with value: 0.9043779998207784.
[I 2026-05-28 22:17:44,013] Trial 567 finished with value: 4.128053878362786 and parameters: {'ISTN': 110.61121114981742, 'I_gpe': 2.3348950081232807, 'I_gpi': 2.0145748452508236, 'noise_stn_sigma': 4.840562567729759, 'noise_gpe_sigma': 120.62815133292018, 'noise_gpi_sigma': 126.66932850461295, 'g_stn_gpe_mult': 4.1475013386340045, 'g_gpe_stn_mult': 0.6383988968491576, 'g_stn_gpi_mult': 1.903933323644503, 'g_gpe_gpi_mult': 0.7403452633684693}. Best is trial 516 with value: 0.9043779998207784.
[I 2026-05-28 22:17:45,054] Trial 568 finished with value: 8.05685174930239 and parameters: {'ISTN': 108.55553563884905, 'I_gpe': 2.415160716269845, 'I_gpi': 1.7837493855487052, 'noise_stn_sigma': 4.20650780999067, 'noise_gpe_sigma': 106.83642228197715, 'noise_gpi_sigma': 123.96638267137332, 'g_stn_gpe_mult': 3.9576483382863654, 'g_gpe_stn_mult': 0.6378370325410958, 'g_stn_gpi_mult': 1.7414162288213226, 'g_gpe_gpi_mult': 0.7578748890019193}. Best is trial 516 with value: 0.9043779998207784.
[I 2026-05-28 22:17:46,096] Trial 569 finished with value: 3.272879381583282 and parameters: {'ISTN': 106.88825186178423, 'I_gpe': 2.318946592350323, 'I_gpi': 1.912803418956949, 'noise_stn_sigma': 4.846465803523545, 'noise_gpe_sigma': 113.59857596566036, 'noise_gpi_sigma': 132.2030344089496, 'g_stn_gpe_mult': 3.8696754542950553, 'g_gpe_stn_mult': 0.6085985906690888, 'g_stn_gpi_mult': 1.9090440586506137, 'g_gpe_gpi_mult': 0.7819451663650061}. Best is trial 516 with value: 0.9043779998207784.
[I 2026-05-28 22:17:47,137] Trial 570 finished with value: 5.193147245225641 and parameters: {'ISTN': 113.75954446065582, 'I_gpe': 2.207858926282441, 'I_gpi': 1.9912249452023443, 'noise_stn_sigma': 4.869842998172649, 'noise_gpe_sigma': 110.42667018288138, 'noise_gpi_sigma': 126.28872451414826, 'g_stn_gpe_mult': 3.9895774465541596, 'g_gpe_stn_mult': 0.6567493289753589, 'g_stn_gpi_mult': 1.8837502154661643, 'g_gpe_gpi_mult': 0.7497316397662017}. Best is trial 516 with value: 0.9043779998207784.
[I 2026-05-28 22:17:48,183] Trial 571 finished with value: 9.539979414575791 and parameters: {'ISTN': 105.23535374392611, 'I_gpe': 2.346395946538503, 'I_gpi': 2.184546451848231, 'noise_stn_sigma': 4.58906907935015, 'noise_gpe_sigma': 117.340120105538, 'noise_gpi_sigma': 132.71645007664392, 'g_stn_gpe_mult': 3.913096708774229, 'g_gpe_stn_mult': 0.6140319450339822, 'g_stn_gpi_mult': 1.8475300285588099, 'g_gpe_gpi_mult': 0.7405259656195193}. Best is trial 516 with value: 0.9043779998207784.
