[I 2026-05-28 21:49:56,615] Trial 924 finished with value: 0.21777828262445248 and parameters: {'ISTN': 60.16474084496598, 'I_gpe': 1.1175369594398838, 'I_gpi': 2.07357562125089, 'noise_stn_sigma': 2.8822438846167606, 'noise_gpe_sigma': 105.17433163880895, 'noise_gpi_sigma': 86.76795617912403, 'g_stn_gpe_mult': 3.5676946374179117, 'g_gpe_stn_mult': 0.16631301905786816, 'g_stn_gpi_mult': 2.688654486861008, 'g_gpe_gpi_mult': 0.7928214089161612}. Best is trial 914 with value: 0.12598678831656998.
[I 2026-05-28 21:49:57,620] Trial 925 finished with value: 0.20664451707822415 and parameters: {'ISTN': 60.396159039922836, 'I_gpe': 1.106127584049231, 'I_gpi': 2.023130255644217, 'noise_stn_sigma': 2.779268389128345, 'noise_gpe_sigma': 108.18340462172714, 'noise_gpi_sigma': 83.52076948950011, 'g_stn_gpe_mult': 3.580093576674553, 'g_gpe_stn_mult': 0.1667043274383113, 'g_stn_gpi_mult': 2.650958414354113, 'g_gpe_gpi_mult': 0.8000051934929115}. Best is trial 914 with value: 0.12598678831656998.
[I 2026-05-28 21:49:58,626] Trial 926 finished with value: 0.41693962737336476 and parameters: {'ISTN': 60.06698163784945, 'I_gpe': 1.1120343604496292, 'I_gpi': 2.046448823765041, 'noise_stn_sigma': 2.784820496282163, 'noise_gpe_sigma': 105.47521555509871, 'noise_gpi_sigma': 84.3212253608333, 'g_stn_gpe_mult': 3.567308661175852, 'g_gpe_stn_mult': 0.16654004536859168, 'g_stn_gpi_mult': 2.6287306457318422, 'g_gpe_gpi_mult': 0.8041230452760293}. Best is trial 914 with value: 0.12598678831656998.
[I 2026-05-28 21:49:59,632] Trial 927 finished with value: 0.1408523485184266 and parameters: {'ISTN': 60.53618392834835, 'I_gpe': 1.0146998763809925, 'I_gpi': 2.0175379214944966, 'noise_stn_sigma': 2.722802273068048, 'noise_gpe_sigma': 107.80511328400526, 'noise_gpi_sigma': 84.77280575959006, 'g_stn_gpe_mult': 3.619931143173816, 'g_gpe_stn_mult': 0.16826955033231678, 'g_stn_gpi_mult': 2.665948246291735, 'g_gpe_gpi_mult': 0.7861415603694271}. Best is trial 914 with value: 0.12598678831656998.
[I 2026-05-28 21:50:00,639] Trial 928 finished with value: 0.14696434120299556 and parameters: {'ISTN': 60.687589515521815, 'I_gpe': 1.0470781306508818, 'I_gpi': 1.988491093092822, 'noise_stn_sigma': 2.857809029947447, 'noise_gpe_sigma': 109.65559130244318, 'noise_gpi_sigma': 83.87048874307818, 'g_stn_gpe_mult': 3.654515372608328, 'g_gpe_stn_mult': 0.16526273785286608, 'g_stn_gpi_mult': 2.7010373840794717, 'g_gpe_gpi_mult': 0.7988778930799108}. Best is trial 914 with value: 0.12598678831656998.
[I 2026-05-28 21:50:01,645] Trial 929 finished with value: 0.49340723915502743 and parameters: {'ISTN': 60.0730971098641, 'I_gpe': 1.1157169732488745, 'I_gpi': 2.0753045899771347, 'noise_stn_sigma': 2.6410756422271864, 'noise_gpe_sigma': 108.25153523750585, 'noise_gpi_sigma': 86.07540942057048, 'g_stn_gpe_mult': 3.5421120864015685, 'g_gpe_stn_mult': 0.16905627195015838, 'g_stn_gpi_mult': 2.6132003587112207, 'g_gpe_gpi_mult': 0.8112877701216588}. Best is trial 914 with value: 0.12598678831656998.
[I 2026-05-28 21:50:02,652] Trial 930 finished with value: 0.2106084620855303 and parameters: {'ISTN': 60.03571101639772, 'I_gpe': 1.04825814167884, 'I_gpi': 2.078604485886687, 'noise_stn_sigma': 2.7232613112334367, 'noise_gpe_sigma': 108.00302654474648, 'noise_gpi_sigma': 83.26152038167263, 'g_stn_gpe_mult': 3.714182166552552, 'g_gpe_stn_mult': 0.17349186837415811, 'g_stn_gpi_mult': 2.6553161027751986, 'g_gpe_gpi_mult': 0.8116632576942504}. Best is trial 914 with value: 0.12598678831656998.
[I 2026-05-28 21:50:03,659] Trial 931 finished with value: 0.13944585518053773 and parameters: {'ISTN': 60.92235819410167, 'I_gpe': 0.9980089683519668, 'I_gpi': 2.0074864857361128, 'noise_stn_sigma': 2.7137386922939495, 'noise_gpe_sigma': 109.77286503251584, 'noise_gpi_sigma': 84.4945114002811, 'g_stn_gpe_mult': 3.5747361123841968, 'g_gpe_stn_mult': 0.16869962989739345, 'g_stn_gpi_mult': 2.697560068194088, 'g_gpe_gpi_mult': 0.7816295471147832}. Best is trial 914 with value: 0.12598678831656998.
[I 2026-05-28 21:50:04,667] Trial 932 finished with value: 0.13486330090824913 and parameters: {'ISTN': 60.54599788625419, 'I_gpe': 1.0406052801815044, 'I_gpi': 2.02608788048364, 'noise_stn_sigma': 2.7919006916977627, 'noise_gpe_sigma': 106.86002375762216, 'noise_gpi_sigma': 88.59478123691342, 'g_stn_gpe_mult': 3.573183796363066, 'g_gpe_stn_mult': 0.1676417630837016, 'g_stn_gpi_mult': 2.6555657516737083, 'g_gpe_gpi_mult': 0.7756135511597853}. Best is trial 914 with value: 0.12598678831656998.
[I 2026-05-28 21:50:05,674] Trial 933 finished with value: 0.15131124581813596 and parameters: {'ISTN': 60.17698122624207, 'I_gpe': 1.1092188033455161, 'I_gpi': 2.0234407222853097, 'noise_stn_sigma': 2.6378685569277263, 'noise_gpe_sigma': 106.32650660810772, 'noise_gpi_sigma': 85.7615391099167, 'g_stn_gpe_mult': 3.4765099436988427, 'g_gpe_stn_mult': 0.17125430627240407, 'g_stn_gpi_mult': 2.620523428023062, 'g_gpe_gpi_mult': 0.7783831279684905}. Best is trial 914 with value: 0.12598678831656998.
[I 2026-05-28 21:50:06,682] Trial 934 finished with value: 0.232782144590757 and parameters: {'ISTN': 60.31037092461979, 'I_gpe': 1.1131968371443524, 'I_gpi': 2.030202716298805, 'noise_stn_sigma': 2.639503322591463, 'noise_gpe_sigma': 105.88716984411381, 'noise_gpi_sigma': 87.75381297425258, 'g_stn_gpe_mult': 3.5695569990425136, 'g_gpe_stn_mult': 0.1685497892261094, 'g_stn_gpi_mult': 2.625294200132866, 'g_gpe_gpi_mult': 0.7760250414725216}. Best is trial 914 with value: 0.12598678831656998.
[I 2026-05-28 21:50:07,685] Trial 935 finished with value: 0.1359993188334565 and parameters: {'ISTN': 60.2013639895955, 'I_gpe': 1.0473892536775846, 'I_gpi': 2.071804367371539, 'noise_stn_sigma': 2.7872216486500245, 'noise_gpe_sigma': 107.59648842487015, 'noise_gpi_sigma': 87.26295485043835, 'g_stn_gpe_mult': 3.5856262452304932, 'g_gpe_stn_mult': 0.1665642506180341, 'g_stn_gpi_mult': 2.6496366662406614, 'g_gpe_gpi_mult': 0.7750431612263535}. Best is trial 914 with value: 0.12598678831656998.
[I 2026-05-28 21:50:08,689] Trial 936 finished with value: 0.12886405053030675 and parameters: {'ISTN': 60.39729022524491, 'I_gpe': 1.1265985682601791, 'I_gpi': 2.0330547602331475, 'noise_stn_sigma': 2.7899157631514404, 'noise_gpe_sigma': 107.18878122493813, 'noise_gpi_sigma': 87.59101762269783, 'g_stn_gpe_mult': 3.552221916332675, 'g_gpe_stn_mult': 0.17053099590914614, 'g_stn_gpi_mult': 2.675821019488925, 'g_gpe_gpi_mult': 0.7664124179351084}. Best is trial 914 with value: 0.12598678831656998.
[I 2026-05-28 21:50:09,697] Trial 937 finished with value: 0.13304092552757202 and parameters: {'ISTN': 60.49439476051288, 'I_gpe': 1.1261348454791735, 'I_gpi': 2.0439958031830456, 'noise_stn_sigma': 2.5628558224942077, 'noise_gpe_sigma': 106.30983081006899, 'noise_gpi_sigma': 86.71274875847406, 'g_stn_gpe_mult': 3.436822919184223, 'g_gpe_stn_mult': 0.17037633215106035, 'g_stn_gpi_mult': 2.642396386612304, 'g_gpe_gpi_mult': 0.7641201271483353}. Best is trial 914 with value: 0.12598678831656998.
[I 2026-05-28 21:50:10,705] Trial 938 finished with value: 0.13019460963874088 and parameters: {'ISTN': 60.41877432007028, 'I_gpe': 1.1184209375751286, 'I_gpi': 1.9956416532567358, 'noise_stn_sigma': 2.822717647951041, 'noise_gpe_sigma': 106.62670314488415, 'noise_gpi_sigma': 85.64869550974284, 'g_stn_gpe_mult': 3.495928388516078, 'g_gpe_stn_mult': 0.16787811617219106, 'g_stn_gpi_mult': 2.68028357154654, 'g_gpe_gpi_mult': 0.7746274052013933}. Best is trial 914 with value: 0.12598678831656998.
[I 2026-05-28 21:50:11,711] Trial 939 finished with value: 0.14259394440829612 and parameters: {'ISTN': 60.711717408044755, 'I_gpe': 1.050799528238368, 'I_gpi': 2.028948295343624, 'noise_stn_sigma': 2.722112422165838, 'noise_gpe_sigma': 108.17779460001772, 'noise_gpi_sigma': 85.55832603140888, 'g_stn_gpe_mult': 3.5175738609924263, 'g_gpe_stn_mult': 0.1659349326466739, 'g_stn_gpi_mult': 2.681964220132803, 'g_gpe_gpi_mult': 0.7715785375180353}. Best is trial 914 with value: 0.12598678831656998.
[I 2026-05-28 21:50:12,720] Trial 940 finished with value: 0.28085736601433287 and parameters: {'ISTN': 60.143811285668754, 'I_gpe': 1.09501789019168, 'I_gpi': 2.0477525033644897, 'noise_stn_sigma': 2.7514303170235577, 'noise_gpe_sigma': 106.90605041927009, 'noise_gpi_sigma': 85.20205330974883, 'g_stn_gpe_mult': 3.563928592576587, 'g_gpe_stn_mult': 0.17048087586855365, 'g_stn_gpi_mult': 2.6530599317014953, 'g_gpe_gpi_mult': 0.7842840009372061}. Best is trial 914 with value: 0.12598678831656998.
[I 2026-05-28 21:50:13,728] Trial 941 finished with value: 0.1415853868291553 and parameters: {'ISTN': 60.91094882397076, 'I_gpe': 1.087322773833202, 'I_gpi': 2.052625938109207, 'noise_stn_sigma': 2.680894966180574, 'noise_gpe_sigma': 107.32736982196526, 'noise_gpi_sigma': 87.11981587940267, 'g_stn_gpe_mult': 3.56163321083678, 'g_gpe_stn_mult': 0.16727477326500395, 'g_stn_gpi_mult': 2.6300432286424167, 'g_gpe_gpi_mult': 0.7778324930882576}. Best is trial 914 with value: 0.12598678831656998.
[I 2026-05-28 21:50:14,734] Trial 942 finished with value: 0.13140291244881677 and parameters: {'ISTN': 60.55078805439512, 'I_gpe': 1.1312579856786946, 'I_gpi': 2.0220072344897186, 'noise_stn_sigma': 2.7876521086027264, 'noise_gpe_sigma': 106.16974379112295, 'noise_gpi_sigma': 88.26441228529114, 'g_stn_gpe_mult': 3.5394309963557573, 'g_gpe_stn_mult': 0.16686126257261497, 'g_stn_gpi_mult': 2.671093842478971, 'g_gpe_gpi_mult': 0.7822424920765434}. Best is trial 914 with value: 0.12598678831656998.
[I 2026-05-28 21:50:15,742] Trial 943 finished with value: 0.13763476386903598 and parameters: {'ISTN': 60.61686805152525, 'I_gpe': 1.1221941363062986, 'I_gpi': 2.023429120456856, 'noise_stn_sigma': 2.84400189909055, 'noise_gpe_sigma': 108.1429107541117, 'noise_gpi_sigma': 86.45247487963435, 'g_stn_gpe_mult': 3.5149258827724363, 'g_gpe_stn_mult': 0.16766938736983178, 'g_stn_gpi_mult': 2.675864919465211, 'g_gpe_gpi_mult': 0.7693541019669345}. Best is trial 914 with value: 0.12598678831656998.
[I 2026-05-28 21:50:16,751] Trial 944 finished with value: 0.13604614462650708 and parameters: {'ISTN': 60.50784850558527, 'I_gpe': 1.1224571354980548, 'I_gpi': 2.052223704584032, 'noise_stn_sigma': 2.7466200676850487, 'noise_gpe_sigma': 108.92361622418136, 'noise_gpi_sigma': 84.61401876014719, 'g_stn_gpe_mult': 3.543131055890624, 'g_gpe_stn_mult': 0.17222772508576922, 'g_stn_gpi_mult': 2.643904545039587, 'g_gpe_gpi_mult': 0.7937025862667657}. Best is trial 914 with value: 0.12598678831656998.
[I 2026-05-28 21:50:17,760] Trial 945 finished with value: 0.13030241125163955 and parameters: {'ISTN': 60.48632604588788, 'I_gpe': 1.1417743196343988, 'I_gpi': 2.06519422030281, 'noise_stn_sigma': 2.5516359667097572, 'noise_gpe_sigma': 108.36780727721143, 'noise_gpi_sigma': 85.38225006925005, 'g_stn_gpe_mult': 3.5229294326489566, 'g_gpe_stn_mult': 0.1713450018141816, 'g_stn_gpi_mult': 2.622059905780255, 'g_gpe_gpi_mult': 0.7822818745405169}. Best is trial 914 with value: 0.12598678831656998.
[I 2026-05-28 21:50:18,768] Trial 946 finished with value: 0.13440174923201487 and parameters: {'ISTN': 60.0891198136061, 'I_gpe': 1.133951274976164, 'I_gpi': 2.076116037148158, 'noise_stn_sigma': 2.628963549866858, 'noise_gpe_sigma': 105.13591712045142, 'noise_gpi_sigma': 87.24757404201948, 'g_stn_gpe_mult': 3.481296359369362, 'g_gpe_stn_mult': 0.1759418732124342, 'g_stn_gpi_mult': 2.6351122484430207, 'g_gpe_gpi_mult': 0.7770569634123969}. Best is trial 914 with value: 0.12598678831656998.
[I 2026-05-28 21:50:19,775] Trial 947 finished with value: 0.13828200033380883 and parameters: {'ISTN': 60.65032742700102, 'I_gpe': 1.1076856962993848, 'I_gpi': 1.9905615803776893, 'noise_stn_sigma': 2.7746661096132654, 'noise_gpe_sigma': 110.04598731347743, 'noise_gpi_sigma': 85.76677203376165, 'g_stn_gpe_mult': 3.561716392767221, 'g_gpe_stn_mult': 0.16994359443610688, 'g_stn_gpi_mult': 2.707007273470243, 'g_gpe_gpi_mult': 0.779324042096526}. Best is trial 914 with value: 0.12598678831656998.
[I 2026-05-28 21:50:20,783] Trial 948 finished with value: 0.13137502599018436 and parameters: {'ISTN': 60.150386348618206, 'I_gpe': 1.1878849861515222, 'I_gpi': 2.0370701473093673, 'noise_stn_sigma': 2.849215055130109, 'noise_gpe_sigma': 105.38294899779574, 'noise_gpi_sigma': 88.32116829845337, 'g_stn_gpe_mult': 3.501537991242242, 'g_gpe_stn_mult': 0.1680691890070634, 'g_stn_gpi_mult': 2.6576296884495534, 'g_gpe_gpi_mult': 0.77334641077648}. Best is trial 914 with value: 0.12598678831656998.
[I 2026-05-28 21:50:21,790] Trial 949 finished with value: 0.13286244262366254 and parameters: {'ISTN': 60.560532916118845, 'I_gpe': 1.1164695891690573, 'I_gpi': 2.0402430923125277, 'noise_stn_sigma': 2.794609197955104, 'noise_gpe_sigma': 106.68207083318858, 'noise_gpi_sigma': 85.1524258247382, 'g_stn_gpe_mult': 3.5054511075229575, 'g_gpe_stn_mult': 0.16924374555584798, 'g_stn_gpi_mult': 2.6287981361542885, 'g_gpe_gpi_mult': 0.7819643508419898}. Best is trial 914 with value: 0.12598678831656998.
[I 2026-05-28 21:50:22,800] Trial 950 finished with value: 0.13036614635660648 and parameters: {'ISTN': 60.3918847633064, 'I_gpe': 1.1355022040602885, 'I_gpi': 2.0364456367500363, 'noise_stn_sigma': 2.7203533664793134, 'noise_gpe_sigma': 108.28630050090058, 'noise_gpi_sigma': 86.55956518018029, 'g_stn_gpe_mult': 3.4937647692184104, 'g_gpe_stn_mult': 0.17184216166738542, 'g_stn_gpi_mult': 2.6689716039332443, 'g_gpe_gpi_mult': 0.762709113163514}. Best is trial 914 with value: 0.12598678831656998.
[I 2026-05-28 21:50:23,809] Trial 951 finished with value: 0.1367837931270831 and parameters: {'ISTN': 60.495067968520885, 'I_gpe': 1.0840253874726855, 'I_gpi': 2.0363835271170796, 'noise_stn_sigma': 2.6499163193159814, 'noise_gpe_sigma': 106.8601174610785, 'noise_gpi_sigma': 88.12221078974709, 'g_stn_gpe_mult': 3.5149854304426094, 'g_gpe_stn_mult': 0.1666301522771526, 'g_stn_gpi_mult': 2.642455927055994, 'g_gpe_gpi_mult': 0.7631113825745697}. Best is trial 914 with value: 0.12598678831656998.
[I 2026-05-28 21:50:24,816] Trial 952 finished with value: 0.13125351787138403 and parameters: {'ISTN': 60.54242372090428, 'I_gpe': 1.1726485455239293, 'I_gpi': 2.0235910949490963, 'noise_stn_sigma': 2.732861352068472, 'noise_gpe_sigma': 104.99342452070746, 'noise_gpi_sigma': 90.62231879572965, 'g_stn_gpe_mult': 3.4891678766410887, 'g_gpe_stn_mult': 0.16673991402662944, 'g_stn_gpi_mult': 2.647783760529777, 'g_gpe_gpi_mult': 0.766135666189879}. Best is trial 914 with value: 0.12598678831656998.
[I 2026-05-28 21:50:25,823] Trial 953 finished with value: 0.13702031715081345 and parameters: {'ISTN': 60.63197098313005, 'I_gpe': 1.1903595071969857, 'I_gpi': 2.0584557405036086, 'noise_stn_sigma': 2.6744587601035725, 'noise_gpe_sigma': 105.67271865979794, 'noise_gpi_sigma': 87.25232446905156, 'g_stn_gpe_mult': 3.5200334342990107, 'g_gpe_stn_mult': 0.1673215359213308, 'g_stn_gpi_mult': 2.6241303805336558, 'g_gpe_gpi_mult': 0.7710025159973573}. Best is trial 914 with value: 0.12598678831656998.
[I 2026-05-28 21:50:26,831] Trial 954 finished with value: 0.13454834672235252 and parameters: {'ISTN': 60.59845785202673, 'I_gpe': 1.1193543425709298, 'I_gpi': 2.0494941560262356, 'noise_stn_sigma': 2.7285095319531423, 'noise_gpe_sigma': 107.8130212390905, 'noise_gpi_sigma': 86.20560138325794, 'g_stn_gpe_mult': 3.546148620344463, 'g_gpe_stn_mult': 0.1734887501739742, 'g_stn_gpi_mult': 2.643412680029943, 'g_gpe_gpi_mult': 0.7847731343416575}. Best is trial 914 with value: 0.12598678831656998.
[I 2026-05-28 21:50:27,838] Trial 955 finished with value: 0.546638031414634 and parameters: {'ISTN': 60.1022198999759, 'I_gpe': 1.1240425940953398, 'I_gpi': 2.071520763417399, 'noise_stn_sigma': 2.7614610789870726, 'noise_gpe_sigma': 106.99211868481656, 'noise_gpi_sigma': 85.88517937658672, 'g_stn_gpe_mult': 3.5025070888336742, 'g_gpe_stn_mult': 0.1685781121226868, 'g_stn_gpi_mult': 2.637092242028414, 'g_gpe_gpi_mult': 0.7875998501726498}. Best is trial 914 with value: 0.12598678831656998.
[I 2026-05-28 21:50:28,843] Trial 956 finished with value: 0.13405497471347808 and parameters: {'ISTN': 60.482330994719334, 'I_gpe': 1.1916356507793835, 'I_gpi': 2.042244789188912, 'noise_stn_sigma': 2.655954162814594, 'noise_gpe_sigma': 107.69854839529353, 'noise_gpi_sigma': 87.28272623923321, 'g_stn_gpe_mult': 3.5273500788649743, 'g_gpe_stn_mult': 0.16915775846135958, 'g_stn_gpi_mult': 2.629864791727692, 'g_gpe_gpi_mult': 0.7750854501306597}. Best is trial 914 with value: 0.12598678831656998.
[I 2026-05-28 21:50:29,849] Trial 957 finished with value: 0.12859382617722134 and parameters: {'ISTN': 60.088348683689226, 'I_gpe': 1.1020800190880673, 'I_gpi': 2.0443826583191282, 'noise_stn_sigma': 2.646935160500556, 'noise_gpe_sigma': 107.0090084832943, 'noise_gpi_sigma': 87.3745079758042, 'g_stn_gpe_mult': 3.5130391567544077, 'g_gpe_stn_mult': 0.17259002444867355, 'g_stn_gpi_mult': 2.65852868828233, 'g_gpe_gpi_mult': 0.7722668921609988}. Best is trial 914 with value: 0.12598678831656998.
[I 2026-05-28 21:50:30,857] Trial 958 finished with value: 0.13247525606222077 and parameters: {'ISTN': 60.39809548821297, 'I_gpe': 1.1635986327449555, 'I_gpi': 2.0300516328263054, 'noise_stn_sigma': 2.652504911169053, 'noise_gpe_sigma': 109.02942753189564, 'noise_gpi_sigma': 86.80450354549193, 'g_stn_gpe_mult': 3.5519873571580995, 'g_gpe_stn_mult': 0.1737380630998689, 'g_stn_gpi_mult': 2.6456060110816177, 'g_gpe_gpi_mult': 0.7750102111623502}. Best is trial 914 with value: 0.12598678831656998.
[I 2026-05-28 21:50:31,864] Trial 959 finished with value: 0.13524804422490233 and parameters: {'ISTN': 60.594383409561786, 'I_gpe': 1.1659326978496902, 'I_gpi': 2.0577410446225404, 'noise_stn_sigma': 2.553094779521478, 'noise_gpe_sigma': 106.88183750821064, 'noise_gpi_sigma': 87.7093413034507, 'g_stn_gpe_mult': 3.513435580430597, 'g_gpe_stn_mult': 0.17182019982020724, 'g_stn_gpi_mult': 2.605683955336494, 'g_gpe_gpi_mult': 0.7756539991465163}. Best is trial 914 with value: 0.12598678831656998.
[I 2026-05-28 21:50:32,872] Trial 960 finished with value: 0.1331263304598197 and parameters: {'ISTN': 60.39469170170315, 'I_gpe': 1.2140787551400627, 'I_gpi': 2.071717697741538, 'noise_stn_sigma': 2.5732170906411485, 'noise_gpe_sigma': 105.97283838578603, 'noise_gpi_sigma': 88.23720276716698, 'g_stn_gpe_mult': 3.4280139851203653, 'g_gpe_stn_mult': 0.16716576306646513, 'g_stn_gpi_mult': 2.604432470735916, 'g_gpe_gpi_mult': 0.7691581634484088}. Best is trial 914 with value: 0.12598678831656998.
[I 2026-05-28 21:50:33,881] Trial 961 finished with value: 0.16902317749414086 and parameters: {'ISTN': 60.35564995994669, 'I_gpe': 1.094724370640347, 'I_gpi': 2.0121795302507266, 'noise_stn_sigma': 2.7119454538480943, 'noise_gpe_sigma': 106.6720389057989, 'noise_gpi_sigma': 90.81443759323463, 'g_stn_gpe_mult': 3.578824791768681, 'g_gpe_stn_mult': 0.16687667878730297, 'g_stn_gpi_mult': 2.6345330853341826, 'g_gpe_gpi_mult': 0.7672694728375911}. Best is trial 914 with value: 0.12598678831656998.
[I 2026-05-28 21:50:34,890] Trial 962 finished with value: 0.14938878602476652 and parameters: {'ISTN': 60.2130928034098, 'I_gpe': 1.119802468675367, 'I_gpi': 2.0373915417528274, 'noise_stn_sigma': 2.7129844895609927, 'noise_gpe_sigma': 106.39398910141267, 'noise_gpi_sigma': 89.94819000090125, 'g_stn_gpe_mult': 3.5143681150323953, 'g_gpe_stn_mult': 0.17077792302828604, 'g_stn_gpi_mult': 2.644173705073511, 'g_gpe_gpi_mult': 0.7689319304726665}. Best is trial 914 with value: 0.12598678831656998.
[I 2026-05-28 21:50:35,896] Trial 963 finished with value: 0.1309642927655241 and parameters: {'ISTN': 60.16351780859788, 'I_gpe': 1.107975405001784, 'I_gpi': 2.0570083021131085, 'noise_stn_sigma': 2.694968570420034, 'noise_gpe_sigma': 106.62517140140203, 'noise_gpi_sigma': 87.69471564684453, 'g_stn_gpe_mult': 3.4989626034161705, 'g_gpe_stn_mult': 0.17163844278927726, 'g_stn_gpi_mult': 2.684751792084976, 'g_gpe_gpi_mult': 0.7743041377552231}. Best is trial 914 with value: 0.12598678831656998.
[I 2026-05-28 21:50:36,903] Trial 964 finished with value: 0.1355874529868845 and parameters: {'ISTN': 60.26664898768244, 'I_gpe': 1.0577415218079862, 'I_gpi': 1.9948043162065758, 'noise_stn_sigma': 2.7343472587857023, 'noise_gpe_sigma': 108.57364998651107, 'noise_gpi_sigma': 87.6485054311937, 'g_stn_gpe_mult': 3.617159528607384, 'g_gpe_stn_mult': 0.17657253025501665, 'g_stn_gpi_mult': 2.6639498932841943, 'g_gpe_gpi_mult': 0.7910882368841945}. Best is trial 914 with value: 0.12598678831656998.
[I 2026-05-28 21:50:37,910] Trial 965 finished with value: 0.1620518498453702 and parameters: {'ISTN': 60.141220462571575, 'I_gpe': 1.143986357088649, 'I_gpi': 2.010933505883459, 'noise_stn_sigma': 2.8477746013821923, 'noise_gpe_sigma': 106.66585216930687, 'noise_gpi_sigma': 88.56910385718328, 'g_stn_gpe_mult': 3.456953003359998, 'g_gpe_stn_mult': 0.16947144904284456, 'g_stn_gpi_mult': 2.715829242735234, 'g_gpe_gpi_mult': 0.7560686062379007}. Best is trial 914 with value: 0.12598678831656998.
[I 2026-05-28 21:50:38,920] Trial 966 finished with value: 0.1299367756258773 and parameters: {'ISTN': 60.39750852413477, 'I_gpe': 1.1505212525953636, 'I_gpi': 2.007477313949379, 'noise_stn_sigma': 2.6918886012138348, 'noise_gpe_sigma': 107.21470677993422, 'noise_gpi_sigma': 86.72127423635723, 'g_stn_gpe_mult': 3.4741920353337803, 'g_gpe_stn_mult': 0.16907591200381625, 'g_stn_gpi_mult': 2.6354534573352604, 'g_gpe_gpi_mult': 0.7701560262127234}. Best is trial 914 with value: 0.12598678831656998.
[I 2026-05-28 21:50:39,925] Trial 967 finished with value: 0.1764778461532646 and parameters: {'ISTN': 60.31475979714028, 'I_gpe': 1.1379475216121353, 'I_gpi': 2.0123355472761024, 'noise_stn_sigma': 2.7504670590169815, 'noise_gpe_sigma': 106.70606972104679, 'noise_gpi_sigma': 86.78591217698866, 'g_stn_gpe_mult': 3.489309690635979, 'g_gpe_stn_mult': 0.1667873494670859, 'g_stn_gpi_mult': 2.656500517896985, 'g_gpe_gpi_mult': 0.7877311093559998}. Best is trial 914 with value: 0.12598678831656998.
