[I 2026-05-28 22:10:11,541] Trial 132 finished with value: 7.0443056304850895 and parameters: {'ISTN': 69.19872529008953, 'I_gpe': 2.1288783020782915, 'I_gpi': 2.607557068260465, 'noise_stn_sigma': 6.173527271908518, 'noise_gpe_sigma': 96.32894623896131, 'noise_gpi_sigma': 80.06992465104129, 'g_stn_gpe_mult': 3.7899660755864164, 'g_gpe_stn_mult': 0.5227845156321282, 'g_stn_gpi_mult': 2.623266784443024, 'g_gpe_gpi_mult': 0.6292559763722176}. Best is trial 4 with value: 5.458825701614732.
[I 2026-05-28 22:10:12,582] Trial 133 finished with value: 10.03557401598211 and parameters: {'ISTN': 104.51244726553287, 'I_gpe': 2.4519893400743937, 'I_gpi': 1.0806314247688162, 'noise_stn_sigma': 5.742414378856113, 'noise_gpe_sigma': 83.92174540483097, 'noise_gpi_sigma': 24.77500086480203, 'g_stn_gpe_mult': 4.344655536719944, 'g_gpe_stn_mult': 0.5928038395927668, 'g_stn_gpi_mult': 2.6183513117214137, 'g_gpe_gpi_mult': 0.6805634480565819}. Best is trial 4 with value: 5.458825701614732.
[I 2026-05-28 22:10:13,625] Trial 134 finished with value: 16.9340950809554 and parameters: {'ISTN': 97.15838683865252, 'I_gpe': 2.0675931367849896, 'I_gpi': 1.392627761297644, 'noise_stn_sigma': 4.700399389749515, 'noise_gpe_sigma': 83.82744172600036, 'noise_gpi_sigma': 75.38476650309767, 'g_stn_gpe_mult': 4.0742374140896285, 'g_gpe_stn_mult': 0.47425460660226837, 'g_stn_gpi_mult': 2.6449652805106334, 'g_gpe_gpi_mult': 0.42332739020054333}. Best is trial 4 with value: 5.458825701614732.
[I 2026-05-28 22:10:14,668] Trial 135 finished with value: 16.939687177542215 and parameters: {'ISTN': 133.26146179375542, 'I_gpe': 1.564776180318598, 'I_gpi': 1.4180423085297535, 'noise_stn_sigma': 5.167707797393116, 'noise_gpe_sigma': 115.89102282899701, 'noise_gpi_sigma': 43.65764672182219, 'g_stn_gpe_mult': 3.8974584597688335, 'g_gpe_stn_mult': 0.7065462732771647, 'g_stn_gpi_mult': 1.9197742702614826, 'g_gpe_gpi_mult': 0.3763248136259667}. Best is trial 4 with value: 5.458825701614732.
[I 2026-05-28 22:10:15,709] Trial 136 finished with value: 16.0307521383173 and parameters: {'ISTN': 84.43404187649617, 'I_gpe': 2.1509713098609344, 'I_gpi': 1.7804983922982753, 'noise_stn_sigma': 5.627496866873861, 'noise_gpe_sigma': 71.1208216601801, 'noise_gpi_sigma': 85.8312899433532, 'g_stn_gpe_mult': 3.913203054032445, 'g_gpe_stn_mult': 0.46994181681585134, 'g_stn_gpi_mult': 2.1840165397557927, 'g_gpe_gpi_mult': 0.6012419468852611}. Best is trial 4 with value: 5.458825701614732.
[I 2026-05-28 22:10:16,749] Trial 137 finished with value: 11.862124378636151 and parameters: {'ISTN': 75.5625859193706, 'I_gpe': 2.1771983740862915, 'I_gpi': 2.1237669003106436, 'noise_stn_sigma': 4.131646074237269, 'noise_gpe_sigma': 106.76464071470166, 'noise_gpi_sigma': 84.32221071821206, 'g_stn_gpe_mult': 3.4763453749218693, 'g_gpe_stn_mult': 0.42141023357681995, 'g_stn_gpi_mult': 2.82327956842661, 'g_gpe_gpi_mult': 0.6514619308632721}. Best is trial 4 with value: 5.458825701614732.
[I 2026-05-28 22:10:17,732] Trial 138 finished with value: 1000000.0 and parameters: {'ISTN': 116.8888698992559, 'I_gpe': 1.262606362544509, 'I_gpi': 2.423789931054654, 'noise_stn_sigma': 4.68197213890471, 'noise_gpe_sigma': 112.86266290440697, 'noise_gpi_sigma': 58.718291988224905, 'g_stn_gpe_mult': 3.2746293869896386, 'g_gpe_stn_mult': 0.45070755666357, 'g_stn_gpi_mult': 2.791398126265608, 'g_gpe_gpi_mult': 0.45616181714333925}. Best is trial 4 with value: 5.458825701614732.
[I 2026-05-28 22:10:18,772] Trial 139 finished with value: 25.50624529003689 and parameters: {'ISTN': 94.17002278224832, 'I_gpe': 2.7673618761416923, 'I_gpi': 2.9850217574283384, 'noise_stn_sigma': 5.792942573506791, 'noise_gpe_sigma': 92.55112382125705, 'noise_gpi_sigma': 100.49554150543185, 'g_stn_gpe_mult': 3.728890907902789, 'g_gpe_stn_mult': 0.2521424238932577, 'g_stn_gpi_mult': 2.474754799225209, 'g_gpe_gpi_mult': 0.6411482928621512}. Best is trial 4 with value: 5.458825701614732.
[I 2026-05-28 22:10:19,813] Trial 140 finished with value: 4.563450626887931 and parameters: {'ISTN': 99.39466531446294, 'I_gpe': 2.0361271884735683, 'I_gpi': 1.4683342469502134, 'noise_stn_sigma': 3.2812995006859693, 'noise_gpe_sigma': 123.62398257076784, 'noise_gpi_sigma': 56.816819392675825, 'g_stn_gpe_mult': 4.085661594146815, 'g_gpe_stn_mult': 0.5977320937947456, 'g_stn_gpi_mult': 2.602600463820762, 'g_gpe_gpi_mult': 0.3330787494417944}. Best is trial 140 with value: 4.563450626887931.
[I 2026-05-28 22:10:20,850] Trial 141 finished with value: 120.6274398187058 and parameters: {'ISTN': 87.79795263689908, 'I_gpe': 2.8328209922770253, 'I_gpi': 1.8624244523396516, 'noise_stn_sigma': 4.060292583184438, 'noise_gpe_sigma': 128.86991666116165, 'noise_gpi_sigma': 89.9891541224802, 'g_stn_gpe_mult': 3.657748052622275, 'g_gpe_stn_mult': 0.5858480365911721, 'g_stn_gpi_mult': 2.019875278013357, 'g_gpe_gpi_mult': 0.45641686170144735}. Best is trial 140 with value: 4.563450626887931.
[I 2026-05-28 22:10:21,888] Trial 142 finished with value: 117.3848271140271 and parameters: {'ISTN': 79.76825664101015, 'I_gpe': 2.855573941044473, 'I_gpi': 2.1193545935640765, 'noise_stn_sigma': 4.109712733379613, 'noise_gpe_sigma': 107.8268547481953, 'noise_gpi_sigma': 81.7723027548106, 'g_stn_gpe_mult': 4.230012885705223, 'g_gpe_stn_mult': 0.5497444106116552, 'g_stn_gpi_mult': 1.9468218761170077, 'g_gpe_gpi_mult': 0.5045810725849131}. Best is trial 140 with value: 4.563450626887931.
[I 2026-05-28 22:10:22,929] Trial 143 finished with value: 9.352204925535178 and parameters: {'ISTN': 95.21662500374825, 'I_gpe': 2.5833660048989957, 'I_gpi': 1.7305541524746575, 'noise_stn_sigma': 3.938797848385128, 'noise_gpe_sigma': 123.27115430126567, 'noise_gpi_sigma': 105.74175684184975, 'g_stn_gpe_mult': 2.5768905281531014, 'g_gpe_stn_mult': 0.5483435667884589, 'g_stn_gpi_mult': 2.5203826555959985, 'g_gpe_gpi_mult': 0.647102187178006}. Best is trial 140 with value: 4.563450626887931.
[I 2026-05-28 22:10:23,969] Trial 144 finished with value: 13.042762019266096 and parameters: {'ISTN': 61.95138455106342, 'I_gpe': 1.5862685712374478, 'I_gpi': 1.302653775777284, 'noise_stn_sigma': 5.595662554274118, 'noise_gpe_sigma': 106.09919387839089, 'noise_gpi_sigma': 66.21676502794952, 'g_stn_gpe_mult': 3.7675769490749444, 'g_gpe_stn_mult': 0.450207475202817, 'g_stn_gpi_mult': 2.6728370579335463, 'g_gpe_gpi_mult': 0.5715488440692973}. Best is trial 140 with value: 4.563450626887931.
[I 2026-05-28 22:10:25,011] Trial 145 finished with value: 17.92732203100626 and parameters: {'ISTN': 85.4842435937634, 'I_gpe': 2.906071139660372, 'I_gpi': 1.7123378335026236, 'noise_stn_sigma': 4.2543608051637385, 'noise_gpe_sigma': 107.63183197121877, 'noise_gpi_sigma': 40.02527579033401, 'g_stn_gpe_mult': 4.269529994706591, 'g_gpe_stn_mult': 0.39059002838629253, 'g_stn_gpi_mult': 2.7570552947238784, 'g_gpe_gpi_mult': 0.4399653432847985}. Best is trial 140 with value: 4.563450626887931.
[I 2026-05-28 22:10:26,051] Trial 146 finished with value: 17.91572119005694 and parameters: {'ISTN': 103.42116418663606, 'I_gpe': 2.139147839246051, 'I_gpi': 2.5347286217719502, 'noise_stn_sigma': 5.491353888773368, 'noise_gpe_sigma': 117.25163869295784, 'noise_gpi_sigma': 88.71758866342283, 'g_stn_gpe_mult': 3.4705515490371956, 'g_gpe_stn_mult': 0.5265233069205479, 'g_stn_gpi_mult': 3.3959070428539535, 'g_gpe_gpi_mult': 0.26039699507674285}. Best is trial 140 with value: 4.563450626887931.
[I 2026-05-28 22:10:27,093] Trial 147 finished with value: 18.4607495986508 and parameters: {'ISTN': 95.81623974123517, 'I_gpe': 2.5093011736418633, 'I_gpi': 2.1427104579184313, 'noise_stn_sigma': 5.198485528425878, 'noise_gpe_sigma': 125.5857869633761, 'noise_gpi_sigma': 63.63020196527846, 'g_stn_gpe_mult': 4.119345036424233, 'g_gpe_stn_mult': 0.39243259288403487, 'g_stn_gpi_mult': 2.4658584729596438, 'g_gpe_gpi_mult': 0.5483888251399851}. Best is trial 140 with value: 4.563450626887931.
[I 2026-05-28 22:10:28,135] Trial 148 finished with value: 11.1944605253312 and parameters: {'ISTN': 87.14073189586087, 'I_gpe': 2.324024100217743, 'I_gpi': 2.2529805745997096, 'noise_stn_sigma': 6.975289060926958, 'noise_gpe_sigma': 93.64479494293319, 'noise_gpi_sigma': 76.87451550108585, 'g_stn_gpe_mult': 3.399149115852784, 'g_gpe_stn_mult': 0.5142853498284196, 'g_stn_gpi_mult': 3.1569611929750714, 'g_gpe_gpi_mult': 0.6061330342993825}. Best is trial 140 with value: 4.563450626887931.
[I 2026-05-28 22:10:29,173] Trial 149 finished with value: 9.94068347701745 and parameters: {'ISTN': 95.32274714726324, 'I_gpe': 2.5352771741877427, 'I_gpi': 2.11423041448501, 'noise_stn_sigma': 4.62124293804108, 'noise_gpe_sigma': 76.90309300946586, 'noise_gpi_sigma': 107.74169397040735, 'g_stn_gpe_mult': 4.810054222509574, 'g_gpe_stn_mult': 0.6017644491130332, 'g_stn_gpi_mult': 2.964539590394925, 'g_gpe_gpi_mult': 0.3196372264164998}. Best is trial 140 with value: 4.563450626887931.
[I 2026-05-28 22:10:30,215] Trial 150 finished with value: 12.506826047821674 and parameters: {'ISTN': 76.58741244647479, 'I_gpe': 1.594023365449059, 'I_gpi': 2.638281523639924, 'noise_stn_sigma': 5.577044617593162, 'noise_gpe_sigma': 93.16847194506425, 'noise_gpi_sigma': 85.61710991073186, 'g_stn_gpe_mult': 3.8220794797110154, 'g_gpe_stn_mult': 0.46256512722623644, 'g_stn_gpi_mult': 2.13755877077861, 'g_gpe_gpi_mult': 0.4105177029511841}. Best is trial 140 with value: 4.563450626887931.
[I 2026-05-28 22:10:31,257] Trial 151 finished with value: 9.667823401428942 and parameters: {'ISTN': 75.33420172805107, 'I_gpe': 2.208647286265152, 'I_gpi': 1.8011613149090704, 'noise_stn_sigma': 4.4060177281915145, 'noise_gpe_sigma': 66.35761382632616, 'noise_gpi_sigma': 101.56695282062375, 'g_stn_gpe_mult': 3.8633214187674882, 'g_gpe_stn_mult': 0.4675650839139309, 'g_stn_gpi_mult': 2.7391316734303723, 'g_gpe_gpi_mult': 0.3134174103887864}. Best is trial 140 with value: 4.563450626887931.
[I 2026-05-28 22:10:32,297] Trial 152 finished with value: 8.400709062198517 and parameters: {'ISTN': 96.79319678959212, 'I_gpe': 2.775339076446659, 'I_gpi': 2.5152049502585943, 'noise_stn_sigma': 4.327272710516577, 'noise_gpe_sigma': 136.83480064213, 'noise_gpi_sigma': 115.5220877251737, 'g_stn_gpe_mult': 3.422863993742073, 'g_gpe_stn_mult': 0.5636939503056645, 'g_stn_gpi_mult': 2.002570994019222, 'g_gpe_gpi_mult': 0.69077663704968}. Best is trial 140 with value: 4.563450626887931.
[I 2026-05-28 22:10:33,333] Trial 153 finished with value: 122.0275174626829 and parameters: {'ISTN': 68.34491083679296, 'I_gpe': 2.999668565101014, 'I_gpi': 1.604917461276393, 'noise_stn_sigma': 4.8669115240894065, 'noise_gpe_sigma': 89.39403347422845, 'noise_gpi_sigma': 97.36676450048122, 'g_stn_gpe_mult': 3.68120663745701, 'g_gpe_stn_mult': 0.5083221923397956, 'g_stn_gpi_mult': 2.9327237776267965, 'g_gpe_gpi_mult': 0.4206932785737445}. Best is trial 140 with value: 4.563450626887931.
[I 2026-05-28 22:10:34,370] Trial 154 finished with value: 121.64086037087891 and parameters: {'ISTN': 79.91058328426793, 'I_gpe': 2.6472871684000987, 'I_gpi': 2.472515297334379, 'noise_stn_sigma': 3.904383110128228, 'noise_gpe_sigma': 90.8237337117849, 'noise_gpi_sigma': 87.2294975986479, 'g_stn_gpe_mult': 3.753109005204133, 'g_gpe_stn_mult': 0.5986517968043982, 'g_stn_gpi_mult': 3.100854903330116, 'g_gpe_gpi_mult': 0.334004073449645}. Best is trial 140 with value: 4.563450626887931.
[I 2026-05-28 22:10:35,415] Trial 155 finished with value: 10.185215341933745 and parameters: {'ISTN': 96.1828994539358, 'I_gpe': 2.1954260377181085, 'I_gpi': 1.9154891344842429, 'noise_stn_sigma': 4.4423411268771105, 'noise_gpe_sigma': 109.26009580634998, 'noise_gpi_sigma': 96.9553993126215, 'g_stn_gpe_mult': 4.341361017396874, 'g_gpe_stn_mult': 0.5152295322442734, 'g_stn_gpi_mult': 2.616281282317467, 'g_gpe_gpi_mult': 0.40037156884153546}. Best is trial 140 with value: 4.563450626887931.
[I 2026-05-28 22:10:36,397] Trial 156 finished with value: 1000000.0 and parameters: {'ISTN': 93.47796480667738, 'I_gpe': 3.364725664743656, 'I_gpi': 2.3068483951543257, 'noise_stn_sigma': 4.799175842858774, 'noise_gpe_sigma': 89.92184434103831, 'noise_gpi_sigma': 86.8219807638805, 'g_stn_gpe_mult': 3.2878904527784263, 'g_gpe_stn_mult': 0.585475430152506, 'g_stn_gpi_mult': 2.197826449070429, 'g_gpe_gpi_mult': 0.7907896009148516}. Best is trial 140 with value: 4.563450626887931.
[I 2026-05-28 22:10:37,439] Trial 157 finished with value: 11.642645040084199 and parameters: {'ISTN': 87.34334415114205, 'I_gpe': 1.7758859565599199, 'I_gpi': 2.33316650965262, 'noise_stn_sigma': 4.091889179877942, 'noise_gpe_sigma': 79.66966843647823, 'noise_gpi_sigma': 121.10153166045484, 'g_stn_gpe_mult': 3.454806798387211, 'g_gpe_stn_mult': 0.508257561685595, 'g_stn_gpi_mult': 2.555468922270091, 'g_gpe_gpi_mult': 0.588560789994601}. Best is trial 140 with value: 4.563450626887931.
[I 2026-05-28 22:10:38,481] Trial 158 finished with value: 8.71823040080347 and parameters: {'ISTN': 107.60767227419139, 'I_gpe': 1.979371184032539, 'I_gpi': 3.1325928289724296, 'noise_stn_sigma': 3.477539658335582, 'noise_gpe_sigma': 71.35314870485917, 'noise_gpi_sigma': 125.8476880113576, 'g_stn_gpe_mult': 2.9712015031928463, 'g_gpe_stn_mult': 0.6275964229258253, 'g_stn_gpi_mult': 3.1257813516133686, 'g_gpe_gpi_mult': 0.723869692375116}. Best is trial 140 with value: 4.563450626887931.
[I 2026-05-28 22:10:39,523] Trial 159 finished with value: 12.962455128523908 and parameters: {'ISTN': 85.4502137880671, 'I_gpe': 1.6877403059719025, 'I_gpi': 2.623442798046666, 'noise_stn_sigma': 3.715489755833817, 'noise_gpe_sigma': 88.67980425716136, 'noise_gpi_sigma': 96.94582105473543, 'g_stn_gpe_mult': 4.07556159431014, 'g_gpe_stn_mult': 0.5579654126569535, 'g_stn_gpi_mult': 2.0871011864750866, 'g_gpe_gpi_mult': 0.6168059154789565}. Best is trial 140 with value: 4.563450626887931.
[I 2026-05-28 22:10:40,568] Trial 160 finished with value: 23.063555606307148 and parameters: {'ISTN': 102.60380955760117, 'I_gpe': 1.1742653811635013, 'I_gpi': 2.8762078343450765, 'noise_stn_sigma': 3.9444449557813996, 'noise_gpe_sigma': 94.36479911828727, 'noise_gpi_sigma': 126.29595373125474, 'g_stn_gpe_mult': 3.4796480182536973, 'g_gpe_stn_mult': 0.4392431867463392, 'g_stn_gpi_mult': 2.5579365274760866, 'g_gpe_gpi_mult': 0.41646549985752385}. Best is trial 140 with value: 4.563450626887931.
[I 2026-05-28 22:10:41,612] Trial 161 finished with value: 18.556350490480458 and parameters: {'ISTN': 99.74664339987163, 'I_gpe': 2.2592347125950774, 'I_gpi': 1.8654318269305326, 'noise_stn_sigma': 6.444701133059034, 'noise_gpe_sigma': 98.69875824474947, 'noise_gpi_sigma': 114.94210261152615, 'g_stn_gpe_mult': 3.525215138508184, 'g_gpe_stn_mult': 0.4838534149078997, 'g_stn_gpi_mult': 1.883590932174505, 'g_gpe_gpi_mult': 0.6008824454020818}. Best is trial 140 with value: 4.563450626887931.
[I 2026-05-28 22:10:42,654] Trial 162 finished with value: 15.47998415950336 and parameters: {'ISTN': 85.43803570116188, 'I_gpe': 2.060634297262891, 'I_gpi': 2.971660699222679, 'noise_stn_sigma': 5.530406676232705, 'noise_gpe_sigma': 92.93402928286953, 'noise_gpi_sigma': 146.87381651495346, 'g_stn_gpe_mult': 3.1634567483392093, 'g_gpe_stn_mult': 0.43027343790947503, 'g_stn_gpi_mult': 2.8994332942581633, 'g_gpe_gpi_mult': 0.47203097990493903}. Best is trial 140 with value: 4.563450626887931.
[I 2026-05-28 22:10:43,698] Trial 163 finished with value: 17.89786517135785 and parameters: {'ISTN': 105.45079118932122, 'I_gpe': 1.8371613403675338, 'I_gpi': 3.2366232292821824, 'noise_stn_sigma': 2.6854978719888516, 'noise_gpe_sigma': 107.187181527181, 'noise_gpi_sigma': 110.18204067512471, 'g_stn_gpe_mult': 3.1323392375360273, 'g_gpe_stn_mult': 0.5807840386557983, 'g_stn_gpi_mult': 2.743221530523785, 'g_gpe_gpi_mult': 0.5015668562198542}. Best is trial 140 with value: 4.563450626887931.
[I 2026-05-28 22:10:44,742] Trial 164 finished with value: 12.385032206911262 and parameters: {'ISTN': 88.29415718921874, 'I_gpe': 1.7480413744165388, 'I_gpi': 2.6267658224920023, 'noise_stn_sigma': 4.77128669794004, 'noise_gpe_sigma': 90.56668852789356, 'noise_gpi_sigma': 125.12359575707839, 'g_stn_gpe_mult': 3.939574958516209, 'g_gpe_stn_mult': 0.5808277428225876, 'g_stn_gpi_mult': 2.6535189184499637, 'g_gpe_gpi_mult': 0.620746191265579}. Best is trial 140 with value: 4.563450626887931.
[I 2026-05-28 22:10:45,783] Trial 165 finished with value: 13.868156869856252 and parameters: {'ISTN': 94.199392775354, 'I_gpe': 2.214756037671646, 'I_gpi': 2.9954286988981194, 'noise_stn_sigma': 3.9816919875740364, 'noise_gpe_sigma': 122.53008210172096, 'noise_gpi_sigma': 138.2247496188514, 'g_stn_gpe_mult': 3.207093029712481, 'g_gpe_stn_mult': 0.6320414849323787, 'g_stn_gpi_mult': 3.4276320450966358, 'g_gpe_gpi_mult': 0.8341111444898137}. Best is trial 140 with value: 4.563450626887931.
[I 2026-05-28 22:10:46,827] Trial 166 finished with value: 13.238853381525956 and parameters: {'ISTN': 84.96334259555361, 'I_gpe': 1.981114828397056, 'I_gpi': 2.092939986557875, 'noise_stn_sigma': 3.7297804804831083, 'noise_gpe_sigma': 117.52363614749363, 'noise_gpi_sigma': 110.511988293577, 'g_stn_gpe_mult': 3.4123588285628266, 'g_gpe_stn_mult': 0.4366595325311171, 'g_stn_gpi_mult': 2.4374528354929126, 'g_gpe_gpi_mult': 0.6276701031694503}. Best is trial 140 with value: 4.563450626887931.
[I 2026-05-28 22:10:47,870] Trial 167 finished with value: 15.286777304635661 and parameters: {'ISTN': 94.19030035506844, 'I_gpe': 2.0056855368718227, 'I_gpi': 2.3180111146226476, 'noise_stn_sigma': 4.201810196872376, 'noise_gpe_sigma': 77.22873337831423, 'noise_gpi_sigma': 134.1576510366522, 'g_stn_gpe_mult': 2.8417561419884394, 'g_gpe_stn_mult': 0.5058138257707396, 'g_stn_gpi_mult': 2.2458318840621656, 'g_gpe_gpi_mult': 0.6262677080143759}. Best is trial 140 with value: 4.563450626887931.
[I 2026-05-28 22:10:48,910] Trial 168 finished with value: 10.295597530887433 and parameters: {'ISTN': 82.3657783619677, 'I_gpe': 2.8667594594142196, 'I_gpi': 3.603095267676866, 'noise_stn_sigma': 5.7003576154291045, 'noise_gpe_sigma': 110.55806781596085, 'noise_gpi_sigma': 119.4236426661763, 'g_stn_gpe_mult': 2.5679120287290393, 'g_gpe_stn_mult': 0.5359101390980924, 'g_stn_gpi_mult': 3.77051304035488, 'g_gpe_gpi_mult': 0.7595107354960777}. Best is trial 140 with value: 4.563450626887931.
[I 2026-05-28 22:10:49,954] Trial 169 finished with value: 14.593242629827564 and parameters: {'ISTN': 101.61707663256138, 'I_gpe': 2.2580955837797134, 'I_gpi': 3.2186444271018146, 'noise_stn_sigma': 4.824725070461639, 'noise_gpe_sigma': 101.7130252812948, 'noise_gpi_sigma': 54.26255240307433, 'g_stn_gpe_mult': 2.972450936486469, 'g_gpe_stn_mult': 0.5309121768242139, 'g_stn_gpi_mult': 2.6492440869611893, 'g_gpe_gpi_mult': 0.4039183496180543}. Best is trial 140 with value: 4.563450626887931.
[I 2026-05-28 22:10:50,996] Trial 170 finished with value: 11.108325730443454 and parameters: {'ISTN': 106.20949906892116, 'I_gpe': 2.260804206352282, 'I_gpi': 2.436872727710842, 'noise_stn_sigma': 3.1458220347794748, 'noise_gpe_sigma': 84.91499754376458, 'noise_gpi_sigma': 146.46706134224524, 'g_stn_gpe_mult': 2.9169852203291318, 'g_gpe_stn_mult': 0.5970551028294617, 'g_stn_gpi_mult': 1.32504100006059, 'g_gpe_gpi_mult': 0.500950089315146}. Best is trial 140 with value: 4.563450626887931.
[I 2026-05-28 22:10:52,041] Trial 171 finished with value: 13.400188220620333 and parameters: {'ISTN': 93.57288495087442, 'I_gpe': 2.004997419674671, 'I_gpi': 3.008294638256486, 'noise_stn_sigma': 5.052249878348738, 'noise_gpe_sigma': 122.54707076925473, 'noise_gpi_sigma': 130.52714291233735, 'g_stn_gpe_mult': 3.335072972704033, 'g_gpe_stn_mult': 0.500286861929207, 'g_stn_gpi_mult': 2.227653161803836, 'g_gpe_gpi_mult': 0.6713642797009456}. Best is trial 140 with value: 4.563450626887931.
[I 2026-05-28 22:10:53,085] Trial 172 finished with value: 16.358642506139287 and parameters: {'ISTN': 92.41833214409561, 'I_gpe': 1.9309562663410804, 'I_gpi': 2.64963039351516, 'noise_stn_sigma': 6.522060724132672, 'noise_gpe_sigma': 111.47018909054994, 'noise_gpi_sigma': 84.88155799036636, 'g_stn_gpe_mult': 3.5785595618685577, 'g_gpe_stn_mult': 0.46485116459558007, 'g_stn_gpi_mult': 2.760684453221496, 'g_gpe_gpi_mult': 0.6109454061341361}. Best is trial 140 with value: 4.563450626887931.
[I 2026-05-28 22:10:54,129] Trial 173 finished with value: 15.475682293134708 and parameters: {'ISTN': 103.23192520065595, 'I_gpe': 1.8674412199944221, 'I_gpi': 2.5723666389873547, 'noise_stn_sigma': 5.402900620483228, 'noise_gpe_sigma': 104.5306301822152, 'noise_gpi_sigma': 137.93738011294525, 'g_stn_gpe_mult': 2.490629395075782, 'g_gpe_stn_mult': 0.5814143017876992, 'g_stn_gpi_mult': 2.5318580116041485, 'g_gpe_gpi_mult': 0.3218837528640676}. Best is trial 140 with value: 4.563450626887931.
[I 2026-05-28 22:10:55,173] Trial 174 finished with value: 11.217875529357315 and parameters: {'ISTN': 108.4150969642333, 'I_gpe': 2.8433877411555937, 'I_gpi': 3.393177635877764, 'noise_stn_sigma': 4.4608036817761985, 'noise_gpe_sigma': 107.76381983830515, 'noise_gpi_sigma': 133.17830039196576, 'g_stn_gpe_mult': 2.824292411712286, 'g_gpe_stn_mult': 0.6121325518684297, 'g_stn_gpi_mult': 2.330115340240072, 'g_gpe_gpi_mult': 0.6213683821055713}. Best is trial 140 with value: 4.563450626887931.
[I 2026-05-28 22:10:56,216] Trial 175 finished with value: 16.37442203676666 and parameters: {'ISTN': 112.12196030063623, 'I_gpe': 2.440104983092464, 'I_gpi': 2.999928855838575, 'noise_stn_sigma': 6.106369153268161, 'noise_gpe_sigma': 117.44607770742793, 'noise_gpi_sigma': 94.38448170721247, 'g_stn_gpe_mult': 3.3313732402294907, 'g_gpe_stn_mult': 0.5517336856286424, 'g_stn_gpi_mult': 3.17184101327625, 'g_gpe_gpi_mult': 0.7394324723191099}. Best is trial 140 with value: 4.563450626887931.
