[I 2026-05-28 21:50:40,931] Trial 968 finished with value: 0.17082151957673242 and parameters: {'ISTN': 60.183797618305995, 'I_gpe': 1.1256238389454714, 'I_gpi': 2.0401090749499518, 'noise_stn_sigma': 2.658853053408591, 'noise_gpe_sigma': 106.5405591042148, 'noise_gpi_sigma': 88.86644701113435, 'g_stn_gpe_mult': 3.4692902656472513, 'g_gpe_stn_mult': 0.16913720655128123, 'g_stn_gpi_mult': 2.648723301220449, 'g_gpe_gpi_mult': 0.7585538051533371}. Best is trial 914 with value: 0.12598678831656998.
[I 2026-05-28 21:50:41,940] Trial 969 finished with value: 0.2680549196149826 and parameters: {'ISTN': 60.107439290457584, 'I_gpe': 1.1341887894481015, 'I_gpi': 2.0562914547818285, 'noise_stn_sigma': 2.5562284366965855, 'noise_gpe_sigma': 106.93241537295552, 'noise_gpi_sigma': 86.62617937562017, 'g_stn_gpe_mult': 3.504200445061914, 'g_gpe_stn_mult': 0.1728067788533436, 'g_stn_gpi_mult': 2.6717274147498538, 'g_gpe_gpi_mult': 0.7744700545701813}. Best is trial 914 with value: 0.12598678831656998.
[I 2026-05-28 21:50:42,947] Trial 970 finished with value: 0.1349752967304705 and parameters: {'ISTN': 60.85771103841959, 'I_gpe': 1.0970307353201165, 'I_gpi': 2.0224314635995793, 'noise_stn_sigma': 2.628603138282272, 'noise_gpe_sigma': 107.16953330889409, 'noise_gpi_sigma': 89.65228417122893, 'g_stn_gpe_mult': 3.5529601197884273, 'g_gpe_stn_mult': 0.16485868051761723, 'g_stn_gpi_mult': 2.696569208607915, 'g_gpe_gpi_mult': 0.7646512727901786}. Best is trial 914 with value: 0.12598678831656998.
[I 2026-05-28 21:50:43,955] Trial 971 finished with value: 0.13006105578783214 and parameters: {'ISTN': 60.27281453720581, 'I_gpe': 1.107799589238803, 'I_gpi': 2.0116436127090784, 'noise_stn_sigma': 2.602627239843479, 'noise_gpe_sigma': 106.39387341054328, 'noise_gpi_sigma': 86.93027569970502, 'g_stn_gpe_mult': 3.449422736955525, 'g_gpe_stn_mult': 0.17427008044797404, 'g_stn_gpi_mult': 2.6542279061825176, 'g_gpe_gpi_mult': 0.7747862516128743}. Best is trial 914 with value: 0.12598678831656998.
[I 2026-05-28 21:50:44,960] Trial 972 finished with value: 0.1297488955341086 and parameters: {'ISTN': 60.190246258110534, 'I_gpe': 1.1603660235226796, 'I_gpi': 2.033237231531115, 'noise_stn_sigma': 2.6614441554144825, 'noise_gpe_sigma': 107.48000965712947, 'noise_gpi_sigma': 87.60214067167838, 'g_stn_gpe_mult': 3.5184862121326477, 'g_gpe_stn_mult': 0.17522006448977273, 'g_stn_gpi_mult': 2.675612885905654, 'g_gpe_gpi_mult': 0.767793799968622}. Best is trial 914 with value: 0.12598678831656998.
[I 2026-05-28 21:50:45,968] Trial 973 finished with value: 0.1918175939446693 and parameters: {'ISTN': 60.29469473774496, 'I_gpe': 1.1290140777097648, 'I_gpi': 2.0351797741730335, 'noise_stn_sigma': 2.6377205311400167, 'noise_gpe_sigma': 107.16295720174514, 'noise_gpi_sigma': 87.2879335154481, 'g_stn_gpe_mult': 3.4441833644751547, 'g_gpe_stn_mult': 0.16742165155025535, 'g_stn_gpi_mult': 2.652976258904431, 'g_gpe_gpi_mult': 0.7664996482110737}. Best is trial 914 with value: 0.12598678831656998.
[I 2026-05-28 21:50:46,978] Trial 974 finished with value: 0.13022310112844132 and parameters: {'ISTN': 60.138461663362335, 'I_gpe': 1.2020638689730758, 'I_gpi': 2.030611729630008, 'noise_stn_sigma': 2.5994319989902097, 'noise_gpe_sigma': 105.63500983955724, 'noise_gpi_sigma': 89.93406944931084, 'g_stn_gpe_mult': 3.382271793664402, 'g_gpe_stn_mult': 0.1701837839789146, 'g_stn_gpi_mult': 2.6511468084560637, 'g_gpe_gpi_mult': 0.7492692078115846}. Best is trial 914 with value: 0.12598678831656998.
[I 2026-05-28 21:50:47,985] Trial 975 finished with value: 0.13269328044274642 and parameters: {'ISTN': 60.400650469547216, 'I_gpe': 1.1502426291260162, 'I_gpi': 2.0342689276987627, 'noise_stn_sigma': 2.7240094868289906, 'noise_gpe_sigma': 107.116235564355, 'noise_gpi_sigma': 87.67568701286885, 'g_stn_gpe_mult': 3.5017746761729778, 'g_gpe_stn_mult': 0.16966315541615065, 'g_stn_gpi_mult': 2.6877422809791414, 'g_gpe_gpi_mult': 0.7683966795540138}. Best is trial 914 with value: 0.12598678831656998.
[I 2026-05-28 21:50:48,995] Trial 976 finished with value: 0.18674848938225266 and parameters: {'ISTN': 60.11629053938679, 'I_gpe': 1.1103801075848025, 'I_gpi': 2.0634802849833873, 'noise_stn_sigma': 2.725606690588326, 'noise_gpe_sigma': 107.12502981196444, 'noise_gpi_sigma': 86.09312810336023, 'g_stn_gpe_mult': 3.488557160225919, 'g_gpe_stn_mult': 0.17061537304161206, 'g_stn_gpi_mult': 2.6711436594924467, 'g_gpe_gpi_mult': 0.7795874880544753}. Best is trial 914 with value: 0.12598678831656998.
[I 2026-05-28 21:50:50,002] Trial 977 finished with value: 0.13341588650884345 and parameters: {'ISTN': 60.459468676113964, 'I_gpe': 1.106332683027918, 'I_gpi': 1.9876789228955893, 'noise_stn_sigma': 2.666466039351044, 'noise_gpe_sigma': 107.20227896152547, 'noise_gpi_sigma': 86.40136917347684, 'g_stn_gpe_mult': 3.5245789622956463, 'g_gpe_stn_mult': 0.1720294876351017, 'g_stn_gpi_mult': 2.688301009727515, 'g_gpe_gpi_mult': 0.7643698689900735}. Best is trial 914 with value: 0.12598678831656998.
[I 2026-05-28 21:50:51,010] Trial 978 finished with value: 0.13302589127534895 and parameters: {'ISTN': 60.39014040231594, 'I_gpe': 1.0927834040302233, 'I_gpi': 2.0195277622397185, 'noise_stn_sigma': 2.6944264015187525, 'noise_gpe_sigma': 108.06224633859613, 'noise_gpi_sigma': 86.88457858241958, 'g_stn_gpe_mult': 3.54748579115786, 'g_gpe_stn_mult': 0.17083639851584853, 'g_stn_gpi_mult': 2.656691091002817, 'g_gpe_gpi_mult': 0.7838641535959201}. Best is trial 914 with value: 0.12598678831656998.
[I 2026-05-28 21:50:52,019] Trial 979 finished with value: 0.13205428365922386 and parameters: {'ISTN': 60.811326146078095, 'I_gpe': 1.134010653318163, 'I_gpi': 2.0540331290348144, 'noise_stn_sigma': 2.6643428285899233, 'noise_gpe_sigma': 106.43989349812612, 'noise_gpi_sigma': 88.63725249712677, 'g_stn_gpe_mult': 3.4621694168011157, 'g_gpe_stn_mult': 0.1635896106953026, 'g_stn_gpi_mult': 2.6544168140297275, 'g_gpe_gpi_mult': 0.7678880463303657}. Best is trial 914 with value: 0.12598678831656998.
[I 2026-05-28 21:50:53,027] Trial 980 finished with value: 0.2029670518433322 and parameters: {'ISTN': 60.6025149985336, 'I_gpe': 1.1248874021980608, 'I_gpi': 1.978922924878145, 'noise_stn_sigma': 2.7191112542813296, 'noise_gpe_sigma': 106.93135149239708, 'noise_gpi_sigma': 87.69965475650505, 'g_stn_gpe_mult': 3.491383577367813, 'g_gpe_stn_mult': 0.1637778406538627, 'g_stn_gpi_mult': 2.671368690260457, 'g_gpe_gpi_mult': 0.7564954983185292}. Best is trial 914 with value: 0.12598678831656998.
[I 2026-05-28 21:50:54,039] Trial 981 finished with value: 0.13968635571411095 and parameters: {'ISTN': 60.72045678438612, 'I_gpe': 1.16418508018401, 'I_gpi': 2.003672843793758, 'noise_stn_sigma': 2.574164748096818, 'noise_gpe_sigma': 107.19744388376554, 'noise_gpi_sigma': 88.42112748275117, 'g_stn_gpe_mult': 3.4735833497590405, 'g_gpe_stn_mult': 0.17421387326847948, 'g_stn_gpi_mult': 2.638779221172844, 'g_gpe_gpi_mult': 0.7563497571928288}. Best is trial 914 with value: 0.12598678831656998.
[I 2026-05-28 21:50:55,045] Trial 982 finished with value: 0.13580533377914475 and parameters: {'ISTN': 60.87385566581519, 'I_gpe': 1.1570964919514317, 'I_gpi': 1.992776288023911, 'noise_stn_sigma': 2.70896599846355, 'noise_gpe_sigma': 105.95768430809956, 'noise_gpi_sigma': 90.4966231323029, 'g_stn_gpe_mult': 3.5337684617579743, 'g_gpe_stn_mult': 0.16433912173509924, 'g_stn_gpi_mult': 2.689922277015022, 'g_gpe_gpi_mult': 0.754992328677742}. Best is trial 914 with value: 0.12598678831656998.
[I 2026-05-28 21:50:56,052] Trial 983 finished with value: 0.5601949380742554 and parameters: {'ISTN': 60.16631690079238, 'I_gpe': 1.1239071674596746, 'I_gpi': 1.996652033395598, 'noise_stn_sigma': 2.7381439849643536, 'noise_gpe_sigma': 106.58527882930785, 'noise_gpi_sigma': 88.72803011127694, 'g_stn_gpe_mult': 3.495795883056579, 'g_gpe_stn_mult': 0.16776337994756468, 'g_stn_gpi_mult': 2.6763739083423363, 'g_gpe_gpi_mult': 0.7721753579647705}. Best is trial 914 with value: 0.12598678831656998.
[I 2026-05-28 21:50:57,058] Trial 984 finished with value: 0.12915907851800093 and parameters: {'ISTN': 60.413795587102314, 'I_gpe': 1.1030765240359097, 'I_gpi': 1.985191012948587, 'noise_stn_sigma': 2.657552351657114, 'noise_gpe_sigma': 107.13679181471355, 'noise_gpi_sigma': 88.31643180547849, 'g_stn_gpe_mult': 3.5028124707436334, 'g_gpe_stn_mult': 0.17079489960014366, 'g_stn_gpi_mult': 2.6819674979658585, 'g_gpe_gpi_mult': 0.7674979282306498}. Best is trial 914 with value: 0.12598678831656998.
[I 2026-05-28 21:50:58,065] Trial 985 finished with value: 0.1290242470550502 and parameters: {'ISTN': 60.334370592197715, 'I_gpe': 1.1673335286262305, 'I_gpi': 2.0340923493560945, 'noise_stn_sigma': 2.6211835371919854, 'noise_gpe_sigma': 105.81921146552409, 'noise_gpi_sigma': 90.3170028568735, 'g_stn_gpe_mult': 3.4587143279306005, 'g_gpe_stn_mult': 0.16918573689934652, 'g_stn_gpi_mult': 2.688600627321854, 'g_gpe_gpi_mult': 0.7648525860276689}. Best is trial 914 with value: 0.12598678831656998.
[I 2026-05-28 21:50:59,072] Trial 986 finished with value: 0.1599370342858089 and parameters: {'ISTN': 60.33090071260081, 'I_gpe': 1.140431119158579, 'I_gpi': 2.048085327312979, 'noise_stn_sigma': 2.6953903286503067, 'noise_gpe_sigma': 106.40488260690852, 'noise_gpi_sigma': 87.42730072110975, 'g_stn_gpe_mult': 3.4678891875457314, 'g_gpe_stn_mult': 0.1690488223148176, 'g_stn_gpi_mult': 2.654567548839935, 'g_gpe_gpi_mult': 0.7722082576758207}. Best is trial 914 with value: 0.12598678831656998.
[I 2026-05-28 21:51:00,079] Trial 987 finished with value: 0.13283528951849016 and parameters: {'ISTN': 60.26620160003927, 'I_gpe': 1.2133986396167025, 'I_gpi': 2.042409718889049, 'noise_stn_sigma': 2.631080283958486, 'noise_gpe_sigma': 105.81089052393813, 'noise_gpi_sigma': 88.18741750914829, 'g_stn_gpe_mult': 3.43770602336159, 'g_gpe_stn_mult': 0.17357365428748617, 'g_stn_gpi_mult': 2.6695112603369036, 'g_gpe_gpi_mult': 0.7581093595350041}. Best is trial 914 with value: 0.12598678831656998.
[I 2026-05-28 21:51:01,085] Trial 988 finished with value: 0.13053622484406435 and parameters: {'ISTN': 60.43482965056413, 'I_gpe': 1.0913251402296882, 'I_gpi': 2.0153120693813227, 'noise_stn_sigma': 2.6502013444096217, 'noise_gpe_sigma': 107.67553222580676, 'noise_gpi_sigma': 88.39133296519195, 'g_stn_gpe_mult': 3.4821451940350103, 'g_gpe_stn_mult': 0.1677139961342034, 'g_stn_gpi_mult': 2.6793043131301744, 'g_gpe_gpi_mult': 0.7683098903274672}. Best is trial 914 with value: 0.12598678831656998.
[I 2026-05-28 21:51:02,091] Trial 989 finished with value: 0.13268345849809118 and parameters: {'ISTN': 60.063290344317686, 'I_gpe': 1.253387743916608, 'I_gpi': 2.0035058301779136, 'noise_stn_sigma': 2.6577962593923963, 'noise_gpe_sigma': 107.53254432795607, 'noise_gpi_sigma': 88.49220250135015, 'g_stn_gpe_mult': 3.4730125635647755, 'g_gpe_stn_mult': 0.17531464320329457, 'g_stn_gpi_mult': 2.623461038658466, 'g_gpe_gpi_mult': 0.7707793560339451}. Best is trial 914 with value: 0.12598678831656998.
[I 2026-05-28 21:51:03,098] Trial 990 finished with value: 0.1323321033388604 and parameters: {'ISTN': 60.425317372947646, 'I_gpe': 1.1627908556546185, 'I_gpi': 2.0443810007409926, 'noise_stn_sigma': 2.5393633657742902, 'noise_gpe_sigma': 106.2949529187447, 'noise_gpi_sigma': 87.28608213136867, 'g_stn_gpe_mult': 3.475732644392844, 'g_gpe_stn_mult': 0.17316766839439277, 'g_stn_gpi_mult': 2.6249801385930946, 'g_gpe_gpi_mult': 0.7691975446794963}. Best is trial 914 with value: 0.12598678831656998.
[I 2026-05-28 21:51:04,107] Trial 991 finished with value: 0.4007151710981556 and parameters: {'ISTN': 60.213887653230636, 'I_gpe': 1.1200529663779664, 'I_gpi': 2.0241348288132506, 'noise_stn_sigma': 2.6744772451981236, 'noise_gpe_sigma': 106.0117491822273, 'noise_gpi_sigma': 91.15261591625806, 'g_stn_gpe_mult': 3.53353733231401, 'g_gpe_stn_mult': 0.1688430104749436, 'g_stn_gpi_mult': 2.7110051102445967, 'g_gpe_gpi_mult': 0.7703812555482825}. Best is trial 914 with value: 0.12598678831656998.
[I 2026-05-28 21:51:05,115] Trial 992 finished with value: 0.1755020611161876 and parameters: {'ISTN': 60.24107386640703, 'I_gpe': 1.1833588465761187, 'I_gpi': 2.019264657550682, 'noise_stn_sigma': 2.7233115001242023, 'noise_gpe_sigma': 105.35721732061698, 'noise_gpi_sigma': 91.18384013243448, 'g_stn_gpe_mult': 3.412218006084345, 'g_gpe_stn_mult': 0.16893309576684995, 'g_stn_gpi_mult': 2.6882032547028434, 'g_gpe_gpi_mult': 0.7641461333664554}. Best is trial 914 with value: 0.12598678831656998.
[I 2026-05-28 21:51:06,123] Trial 993 finished with value: 0.1294417532596822 and parameters: {'ISTN': 60.61386028877716, 'I_gpe': 1.1214422195885376, 'I_gpi': 2.0330017381722536, 'noise_stn_sigma': 2.482011383600966, 'noise_gpe_sigma': 107.43289387125984, 'noise_gpi_sigma': 88.32339793936183, 'g_stn_gpe_mult': 3.4424168423309864, 'g_gpe_stn_mult': 0.17141320303001306, 'g_stn_gpi_mult': 2.6612684155177297, 'g_gpe_gpi_mult': 0.7661423360735544}. Best is trial 914 with value: 0.12598678831656998.
[I 2026-05-28 21:51:07,130] Trial 994 finished with value: 0.13205793922381215 and parameters: {'ISTN': 60.39285339907101, 'I_gpe': 1.1792526721388934, 'I_gpi': 2.0558345713060504, 'noise_stn_sigma': 2.5788838261938984, 'noise_gpe_sigma': 104.26805705259898, 'noise_gpi_sigma': 91.07344480606264, 'g_stn_gpe_mult': 3.4416908548512346, 'g_gpe_stn_mult': 0.1724283676218858, 'g_stn_gpi_mult': 2.6444401544314973, 'g_gpe_gpi_mult': 0.7678589598538719}. Best is trial 914 with value: 0.12598678831656998.
[I 2026-05-28 21:51:08,137] Trial 995 finished with value: 0.13696506893517052 and parameters: {'ISTN': 60.457155879948886, 'I_gpe': 1.1405721728932274, 'I_gpi': 1.9645371888207905, 'noise_stn_sigma': 2.6974403104199727, 'noise_gpe_sigma': 106.04810219315641, 'noise_gpi_sigma': 88.32064214694027, 'g_stn_gpe_mult': 3.504734294351642, 'g_gpe_stn_mult': 0.1738580271110483, 'g_stn_gpi_mult': 2.673070708546351, 'g_gpe_gpi_mult': 0.7622989537366538}. Best is trial 914 with value: 0.12598678831656998.
[I 2026-05-28 21:51:09,144] Trial 996 finished with value: 0.14605028908498185 and parameters: {'ISTN': 60.27119449615184, 'I_gpe': 1.1287202859388528, 'I_gpi': 2.0016045325722853, 'noise_stn_sigma': 2.538020643367367, 'noise_gpe_sigma': 107.33127870446793, 'noise_gpi_sigma': 88.79118897864033, 'g_stn_gpe_mult': 3.4724564347867832, 'g_gpe_stn_mult': 0.1712487854408472, 'g_stn_gpi_mult': 2.6668108768922356, 'g_gpe_gpi_mult': 0.7699440940845272}. Best is trial 914 with value: 0.12598678831656998.
[I 2026-05-28 21:51:10,152] Trial 997 finished with value: 0.1548885535561364 and parameters: {'ISTN': 60.49565219421466, 'I_gpe': 1.1467670730131458, 'I_gpi': 2.0584761577928092, 'noise_stn_sigma': 2.629415520437056, 'noise_gpe_sigma': 106.39371537497574, 'noise_gpi_sigma': 89.53229583366, 'g_stn_gpe_mult': 3.488230826304928, 'g_gpe_stn_mult': 0.1690867450162924, 'g_stn_gpi_mult': 2.6281563228382705, 'g_gpe_gpi_mult': 0.7739449967968823}. Best is trial 914 with value: 0.12598678831656998.
[I 2026-05-28 21:51:11,160] Trial 998 finished with value: 0.472701384508251 and parameters: {'ISTN': 60.400669630994855, 'I_gpe': 1.1006620949197383, 'I_gpi': 2.0220651543898613, 'noise_stn_sigma': 2.596673058087979, 'noise_gpe_sigma': 106.31946694828059, 'noise_gpi_sigma': 89.1325297839037, 'g_stn_gpe_mult': 3.4954022958895496, 'g_gpe_stn_mult': 0.16471087863019557, 'g_stn_gpi_mult': 2.7118388377249194, 'g_gpe_gpi_mult': 0.7804477615038754}. Best is trial 914 with value: 0.12598678831656998.
[I 2026-05-28 21:51:12,166] Trial 999 finished with value: 0.12988570879728661 and parameters: {'ISTN': 60.232645403255404, 'I_gpe': 1.1485636152117098, 'I_gpi': 2.0427751419075166, 'noise_stn_sigma': 2.586272344750432, 'noise_gpe_sigma': 107.66899946533036, 'noise_gpi_sigma': 87.99359539625668, 'g_stn_gpe_mult': 3.4750895101318084, 'g_gpe_stn_mult': 0.17508004288823506, 'g_stn_gpi_mult': 2.6311747301251653, 'g_gpe_gpi_mult': 0.7800288523561061}. Best is trial 914 with value: 0.12598678831656998.
Condition: K_default
Seed: 42, Trials: 1000
Bounds:
  ISTN: [60.0, 150.0]
  I_gpe: [0.5, 4.0]
  I_gpi: [1.0, 5.0]
  noise_stn_sigma: [1.0, 8.0]
  noise_gpe_sigma: [20.0, 150.0]
  noise_gpi_sigma: [20.0, 150.0]
  g_stn_gpe_mult: [1.5, 5.0]
  g_gpe_stn_mult: [0.1, 0.8]
  g_stn_gpi_mult: [1.0, 4.0]
  g_gpe_gpi_mult: [0.2, 1.2]
Weights: {'rate': 5.0, 'cv': 0.2, 'beta': 15.0}
JAX devices: [CudaDevice(id=0)]
Connectivity (indegrees): STN->GPe=15 GPe->STN=14 STN->GPi=30 GPe->GPi=10

Building simulator...
Warming up JIT...
JIT ready.


============================================================
DONE: K_default (seed=42)
  Time: 16.8 min
  Best loss: 0.1260
  STN: 29.2 Hz (target 27.5)
  GPe: 42.3 Hz (target 42.5)
  GPi: 83.1 Hz (target 82.5)
  GPe beta: 38.1%
  STN beta: 65.5%
  Synaptic multipliers:
    g_stn_gpe_mult: 3.590
    g_gpe_stn_mult: 0.169
    g_stn_gpi_mult: 2.670
    g_gpe_gpi_mult: 0.786
  Saved: results/sensitivity2/density/K_default.pkl
