[I 2026-05-28 22:23:55,806] Trial 924 finished with value: 10.857394892465313 and parameters: {'ISTN': 111.40865430289199, 'I_gpe': 2.2467322957884663, 'I_gpi': 2.0427584121897966, 'noise_stn_sigma': 3.522004818570606, 'noise_gpe_sigma': 110.93286730065341, 'noise_gpi_sigma': 136.43942060839896, 'g_stn_gpe_mult': 4.062765119214793, 'g_gpe_stn_mult': 0.6552111967016228, 'g_stn_gpi_mult': 1.34171909614873, 'g_gpe_gpi_mult': 0.805305992358617}. Best is trial 767 with value: 0.775992504791496.
[I 2026-05-28 22:23:56,848] Trial 925 finished with value: 6.752990942972878 and parameters: {'ISTN': 111.95064213395864, 'I_gpe': 2.2392479645115695, 'I_gpi': 2.0623607515930438, 'noise_stn_sigma': 3.652629557877743, 'noise_gpe_sigma': 110.35975646147692, 'noise_gpi_sigma': 130.74336492722475, 'g_stn_gpe_mult': 4.191611141912087, 'g_gpe_stn_mult': 0.6592320501507304, 'g_stn_gpi_mult': 1.3285349691517219, 'g_gpe_gpi_mult': 0.7674541617813055}. Best is trial 767 with value: 0.775992504791496.
[I 2026-05-28 22:23:57,892] Trial 926 finished with value: 1.8148127321174539 and parameters: {'ISTN': 111.44424066291975, 'I_gpe': 2.2604445908015705, 'I_gpi': 1.9854887606853409, 'noise_stn_sigma': 3.6495793846521223, 'noise_gpe_sigma': 114.56818609023944, 'noise_gpi_sigma': 135.31281039080662, 'g_stn_gpe_mult': 4.059985398991309, 'g_gpe_stn_mult': 0.6560460577769699, 'g_stn_gpi_mult': 1.4475342569762226, 'g_gpe_gpi_mult': 0.7669035767782459}. Best is trial 767 with value: 0.775992504791496.
[I 2026-05-28 22:23:58,934] Trial 927 finished with value: 6.796789021833325 and parameters: {'ISTN': 114.48804783874795, 'I_gpe': 2.228337612930878, 'I_gpi': 2.126704873356558, 'noise_stn_sigma': 3.69866365137154, 'noise_gpe_sigma': 113.40823008567432, 'noise_gpi_sigma': 134.65302622318688, 'g_stn_gpe_mult': 4.189317117054963, 'g_gpe_stn_mult': 0.6702507434601029, 'g_stn_gpi_mult': 1.3127879826395403, 'g_gpe_gpi_mult': 0.7380282701542658}. Best is trial 767 with value: 0.775992504791496.
[I 2026-05-28 22:23:59,977] Trial 928 finished with value: 3.7505948128674866 and parameters: {'ISTN': 115.22195406326377, 'I_gpe': 2.193866469605738, 'I_gpi': 1.9680450375777425, 'noise_stn_sigma': 3.5517775631288897, 'noise_gpe_sigma': 108.82818433334623, 'noise_gpi_sigma': 130.3180955166689, 'g_stn_gpe_mult': 4.207601846985943, 'g_gpe_stn_mult': 0.6774101613832403, 'g_stn_gpi_mult': 1.3203594660790425, 'g_gpe_gpi_mult': 0.740436934146719}. Best is trial 767 with value: 0.775992504791496.
[I 2026-05-28 22:24:01,020] Trial 929 finished with value: 3.3259617109225896 and parameters: {'ISTN': 111.48996357893739, 'I_gpe': 2.297329361622432, 'I_gpi': 2.0463239076165856, 'noise_stn_sigma': 4.006853355038858, 'noise_gpe_sigma': 110.59942798717496, 'noise_gpi_sigma': 137.44674070771822, 'g_stn_gpe_mult': 4.109061550350443, 'g_gpe_stn_mult': 0.6668471121723508, 'g_stn_gpi_mult': 1.4995416750072796, 'g_gpe_gpi_mult': 0.7646267216614135}. Best is trial 767 with value: 0.775992504791496.
[I 2026-05-28 22:24:02,060] Trial 930 finished with value: 6.562005469524544 and parameters: {'ISTN': 111.9156423740632, 'I_gpe': 2.193809725803823, 'I_gpi': 1.9797120324396524, 'noise_stn_sigma': 3.8162059314238004, 'noise_gpe_sigma': 113.81554032760835, 'noise_gpi_sigma': 129.41158147491453, 'g_stn_gpe_mult': 4.341069061961869, 'g_gpe_stn_mult': 0.6565074538962098, 'g_stn_gpi_mult': 1.3550813046123664, 'g_gpe_gpi_mult': 0.7395893447946342}. Best is trial 767 with value: 0.775992504791496.
[I 2026-05-28 22:24:03,104] Trial 931 finished with value: 0.9991193503186768 and parameters: {'ISTN': 114.07808534992043, 'I_gpe': 2.2588631371382184, 'I_gpi': 1.9822797495368878, 'noise_stn_sigma': 3.7500310017232388, 'noise_gpe_sigma': 115.32674261701978, 'noise_gpi_sigma': 132.82126492982417, 'g_stn_gpe_mult': 4.198201539527734, 'g_gpe_stn_mult': 0.6662755542227681, 'g_stn_gpi_mult': 1.4286689439375926, 'g_gpe_gpi_mult': 0.7664962941490081}. Best is trial 767 with value: 0.775992504791496.
[I 2026-05-28 22:24:04,145] Trial 932 finished with value: 0.84432922396694 and parameters: {'ISTN': 112.61772302709093, 'I_gpe': 2.265016244535888, 'I_gpi': 2.1142662922860938, 'noise_stn_sigma': 3.659807359774796, 'noise_gpe_sigma': 113.30494406587317, 'noise_gpi_sigma': 140.8004170181373, 'g_stn_gpe_mult': 4.190657586123653, 'g_gpe_stn_mult': 0.6657792828466436, 'g_stn_gpi_mult': 1.324366216236234, 'g_gpe_gpi_mult': 0.7579939556051427}. Best is trial 767 with value: 0.775992504791496.
[I 2026-05-28 22:24:05,186] Trial 933 finished with value: 6.194548206177589 and parameters: {'ISTN': 110.49626204530097, 'I_gpe': 2.30550234219263, 'I_gpi': 2.088629466144961, 'noise_stn_sigma': 3.8426278483581653, 'noise_gpe_sigma': 112.86190260955351, 'noise_gpi_sigma': 141.85736185764938, 'g_stn_gpe_mult': 3.9963816206677865, 'g_gpe_stn_mult': 0.657139510836347, 'g_stn_gpi_mult': 1.503103170681165, 'g_gpe_gpi_mult': 0.7564570746828072}. Best is trial 767 with value: 0.775992504791496.
[I 2026-05-28 22:24:06,229] Trial 934 finished with value: 7.167126629171446 and parameters: {'ISTN': 111.09565214115327, 'I_gpe': 2.2272531974822787, 'I_gpi': 2.1007172594425976, 'noise_stn_sigma': 3.7515157082502633, 'noise_gpe_sigma': 113.3749303721415, 'noise_gpi_sigma': 144.6823222741196, 'g_stn_gpe_mult': 4.140576811575805, 'g_gpe_stn_mult': 0.6635078984043699, 'g_stn_gpi_mult': 1.4488763764651398, 'g_gpe_gpi_mult': 0.736724084776732}. Best is trial 767 with value: 0.775992504791496.
[I 2026-05-28 22:24:07,212] Trial 935 finished with value: 1000000.0 and parameters: {'ISTN': 111.74599665775415, 'I_gpe': 2.2258705077736964, 'I_gpi': 2.089339149582511, 'noise_stn_sigma': 3.726393432696602, 'noise_gpe_sigma': 114.97163095901405, 'noise_gpi_sigma': 138.75845497031466, 'g_stn_gpe_mult': 4.15187215133319, 'g_gpe_stn_mult': 0.6658107457043402, 'g_stn_gpi_mult': 1.3123869858806203, 'g_gpe_gpi_mult': 0.745634095685378}. Best is trial 767 with value: 0.775992504791496.
[I 2026-05-28 22:24:08,253] Trial 936 finished with value: 1.6646000879421121 and parameters: {'ISTN': 110.85955518821348, 'I_gpe': 2.2275124279898306, 'I_gpi': 1.9981152185400228, 'noise_stn_sigma': 3.525267100238266, 'noise_gpe_sigma': 113.58130755928201, 'noise_gpi_sigma': 142.09688379225588, 'g_stn_gpe_mult': 4.092102522962407, 'g_gpe_stn_mult': 0.6520142044189186, 'g_stn_gpi_mult': 1.3733551936397976, 'g_gpe_gpi_mult': 0.7564875558299835}. Best is trial 767 with value: 0.775992504791496.
[I 2026-05-28 22:24:09,295] Trial 937 finished with value: 0.9046602999213051 and parameters: {'ISTN': 109.59032079801294, 'I_gpe': 2.303476366578211, 'I_gpi': 2.124078162718897, 'noise_stn_sigma': 3.7619739822545037, 'noise_gpe_sigma': 116.10002463579944, 'noise_gpi_sigma': 144.04937469583984, 'g_stn_gpe_mult': 3.972324814315166, 'g_gpe_stn_mult': 0.6439343304686841, 'g_stn_gpi_mult': 1.5356550218544447, 'g_gpe_gpi_mult': 0.7758137051017033}. Best is trial 767 with value: 0.775992504791496.
[I 2026-05-28 22:24:10,337] Trial 938 finished with value: 3.744916550927126 and parameters: {'ISTN': 111.42818942896558, 'I_gpe': 2.2653922357893665, 'I_gpi': 1.9932839671091964, 'noise_stn_sigma': 3.556820958992629, 'noise_gpe_sigma': 110.29483402957418, 'noise_gpi_sigma': 139.49933724075746, 'g_stn_gpe_mult': 3.9959150759289495, 'g_gpe_stn_mult': 0.6594841302048662, 'g_stn_gpi_mult': 1.4301109543175006, 'g_gpe_gpi_mult': 0.7757365578748594}. Best is trial 767 with value: 0.775992504791496.
[I 2026-05-28 22:24:11,380] Trial 939 finished with value: 4.363109231807385 and parameters: {'ISTN': 111.93218972284377, 'I_gpe': 2.259738517256671, 'I_gpi': 2.0461118309671695, 'noise_stn_sigma': 3.697505724969476, 'noise_gpe_sigma': 114.84328486557187, 'noise_gpi_sigma': 136.9187590434712, 'g_stn_gpe_mult': 4.089575818665235, 'g_gpe_stn_mult': 0.6590104045538967, 'g_stn_gpi_mult': 1.4277187169977457, 'g_gpe_gpi_mult': 0.7778911490535609}. Best is trial 767 with value: 0.775992504791496.
[I 2026-05-28 22:24:12,422] Trial 940 finished with value: 4.310418995667702 and parameters: {'ISTN': 112.37279372924726, 'I_gpe': 2.226061864723479, 'I_gpi': 2.0156550844753647, 'noise_stn_sigma': 3.7273140049896085, 'noise_gpe_sigma': 112.79353790432175, 'noise_gpi_sigma': 138.70944369236446, 'g_stn_gpe_mult': 4.057101130151093, 'g_gpe_stn_mult': 0.6657692484598136, 'g_stn_gpi_mult': 1.4162414400775811, 'g_gpe_gpi_mult': 0.736624315871943}. Best is trial 767 with value: 0.775992504791496.
[I 2026-05-28 22:24:13,465] Trial 941 finished with value: 6.939284188677924 and parameters: {'ISTN': 111.35230333515621, 'I_gpe': 2.264324617228612, 'I_gpi': 2.037694011338293, 'noise_stn_sigma': 3.785008447230139, 'noise_gpe_sigma': 114.07659622219582, 'noise_gpi_sigma': 135.93355088886256, 'g_stn_gpe_mult': 4.075714448318744, 'g_gpe_stn_mult': 0.6498324978442369, 'g_stn_gpi_mult': 1.4573577321324924, 'g_gpe_gpi_mult': 0.7639994908592798}. Best is trial 767 with value: 0.775992504791496.
[I 2026-05-28 22:24:14,504] Trial 942 finished with value: 5.275693998296154 and parameters: {'ISTN': 111.96650455696663, 'I_gpe': 2.2807971843488053, 'I_gpi': 2.0211551048297425, 'noise_stn_sigma': 3.603543532531884, 'noise_gpe_sigma': 114.32915109948233, 'noise_gpi_sigma': 139.84435189462877, 'g_stn_gpe_mult': 4.135382725908047, 'g_gpe_stn_mult': 0.6617053196926791, 'g_stn_gpi_mult': 1.4586245351630187, 'g_gpe_gpi_mult': 0.7844222483094518}. Best is trial 767 with value: 0.775992504791496.
[I 2026-05-28 22:24:15,548] Trial 943 finished with value: 2.4557126994373317 and parameters: {'ISTN': 111.80438127791845, 'I_gpe': 2.262926590555939, 'I_gpi': 2.0976807166149216, 'noise_stn_sigma': 3.6780448290639107, 'noise_gpe_sigma': 114.1464407856221, 'noise_gpi_sigma': 140.0580080339268, 'g_stn_gpe_mult': 4.211516903411335, 'g_gpe_stn_mult': 0.6554466482004802, 'g_stn_gpi_mult': 1.3587820278529739, 'g_gpe_gpi_mult': 0.765716125328247}. Best is trial 767 with value: 0.775992504791496.
[I 2026-05-28 22:24:16,589] Trial 944 finished with value: 3.079580909910093 and parameters: {'ISTN': 112.71373898464643, 'I_gpe': 2.2715669762132142, 'I_gpi': 2.02853895166166, 'noise_stn_sigma': 3.8823705247893994, 'noise_gpe_sigma': 116.26498940554063, 'noise_gpi_sigma': 136.65753193860206, 'g_stn_gpe_mult': 4.255163726471148, 'g_gpe_stn_mult': 0.6577571765784057, 'g_stn_gpi_mult': 1.450063905001044, 'g_gpe_gpi_mult': 0.7457515464341826}. Best is trial 767 with value: 0.775992504791496.
[I 2026-05-28 22:24:17,632] Trial 945 finished with value: 1.787246067621011 and parameters: {'ISTN': 110.54509344421464, 'I_gpe': 2.2637640111249, 'I_gpi': 2.0859064821572693, 'noise_stn_sigma': 3.899312571444869, 'noise_gpe_sigma': 116.53445382348113, 'noise_gpi_sigma': 138.55472747531502, 'g_stn_gpe_mult': 4.134110597388483, 'g_gpe_stn_mult': 0.6484823328348622, 'g_stn_gpi_mult': 1.5373383114751844, 'g_gpe_gpi_mult': 0.7300434004529823}. Best is trial 767 with value: 0.775992504791496.
[I 2026-05-28 22:24:18,673] Trial 946 finished with value: 0.8906700859023527 and parameters: {'ISTN': 111.7778543427192, 'I_gpe': 2.3183881901996175, 'I_gpi': 2.1010719621077447, 'noise_stn_sigma': 3.8499469224011973, 'noise_gpe_sigma': 118.18137830719435, 'noise_gpi_sigma': 142.48738821426264, 'g_stn_gpe_mult': 4.024827186887377, 'g_gpe_stn_mult': 0.6534818586974321, 'g_stn_gpi_mult': 1.4995702885787645, 'g_gpe_gpi_mult': 0.7636759898780783}. Best is trial 767 with value: 0.775992504791496.
[I 2026-05-28 22:24:19,717] Trial 947 finished with value: 3.15547112080947 and parameters: {'ISTN': 112.78414266992819, 'I_gpe': 2.2535145752647185, 'I_gpi': 2.044434226621665, 'noise_stn_sigma': 3.5592911112814543, 'noise_gpe_sigma': 112.9864639101407, 'noise_gpi_sigma': 136.77250243104442, 'g_stn_gpe_mult': 4.263616345002097, 'g_gpe_stn_mult': 0.6612786925919169, 'g_stn_gpi_mult': 1.4021115450769357, 'g_gpe_gpi_mult': 0.7340482689807495}. Best is trial 767 with value: 0.775992504791496.
[I 2026-05-28 22:24:20,760] Trial 948 finished with value: 4.9006049976753 and parameters: {'ISTN': 110.65020968784864, 'I_gpe': 2.275131288573024, 'I_gpi': 2.033575132481853, 'noise_stn_sigma': 3.666110325103766, 'noise_gpe_sigma': 115.88190259292593, 'noise_gpi_sigma': 144.7981530949534, 'g_stn_gpe_mult': 4.156773895532341, 'g_gpe_stn_mult': 0.6586136836617, 'g_stn_gpi_mult': 1.427550111348113, 'g_gpe_gpi_mult': 0.7944995156992596}. Best is trial 767 with value: 0.775992504791496.
[I 2026-05-28 22:24:21,803] Trial 949 finished with value: 8.663763306163741 and parameters: {'ISTN': 112.61479342246861, 'I_gpe': 2.277961884414898, 'I_gpi': 2.087824113270856, 'noise_stn_sigma': 3.95218053174744, 'noise_gpe_sigma': 114.91534395790015, 'noise_gpi_sigma': 139.79916692680405, 'g_stn_gpe_mult': 4.181456871712533, 'g_gpe_stn_mult': 0.660233158575492, 'g_stn_gpi_mult': 1.415007908457708, 'g_gpe_gpi_mult': 0.772943354754178}. Best is trial 767 with value: 0.775992504791496.
[I 2026-05-28 22:24:22,847] Trial 950 finished with value: 2.7904227424793695 and parameters: {'ISTN': 110.84639634138637, 'I_gpe': 2.2753545441805345, 'I_gpi': 2.133264052697527, 'noise_stn_sigma': 3.6973241235665655, 'noise_gpe_sigma': 115.40813032955796, 'noise_gpi_sigma': 141.63560250932528, 'g_stn_gpe_mult': 4.151906008115833, 'g_gpe_stn_mult': 0.6485962747914142, 'g_stn_gpi_mult': 1.3996841517792133, 'g_gpe_gpi_mult': 0.7445807380075591}. Best is trial 767 with value: 0.775992504791496.
[I 2026-05-28 22:24:23,891] Trial 951 finished with value: 5.040392239489376 and parameters: {'ISTN': 112.5502542292299, 'I_gpe': 2.2917233953239786, 'I_gpi': 1.978273587543883, 'noise_stn_sigma': 3.9882380826563537, 'noise_gpe_sigma': 116.07895400228564, 'noise_gpi_sigma': 134.36583615629843, 'g_stn_gpe_mult': 4.1862451997418475, 'g_gpe_stn_mult': 0.671073791871313, 'g_stn_gpi_mult': 1.4027852563269598, 'g_gpe_gpi_mult': 0.7568923964914405}. Best is trial 767 with value: 0.775992504791496.
[I 2026-05-28 22:24:24,937] Trial 952 finished with value: 1.2476699270540867 and parameters: {'ISTN': 110.29294224742819, 'I_gpe': 2.323746668832407, 'I_gpi': 2.1169259122157156, 'noise_stn_sigma': 3.515978973574052, 'noise_gpe_sigma': 114.94176018332007, 'noise_gpi_sigma': 145.47718583306357, 'g_stn_gpe_mult': 3.939613633345291, 'g_gpe_stn_mult': 0.646849654569687, 'g_stn_gpi_mult': 1.4752287125327368, 'g_gpe_gpi_mult': 0.774682249844562}. Best is trial 767 with value: 0.775992504791496.
[I 2026-05-28 22:24:25,982] Trial 953 finished with value: 5.406651339359155 and parameters: {'ISTN': 110.77653055245709, 'I_gpe': 2.2377201785480323, 'I_gpi': 2.095742360651266, 'noise_stn_sigma': 3.7859543060568126, 'noise_gpe_sigma': 115.47237592967366, 'noise_gpi_sigma': 144.1323478966599, 'g_stn_gpe_mult': 4.006936176730656, 'g_gpe_stn_mult': 0.6473720500574541, 'g_stn_gpi_mult': 1.4980745637298374, 'g_gpe_gpi_mult': 0.7500624902987088}. Best is trial 767 with value: 0.775992504791496.
[I 2026-05-28 22:24:27,027] Trial 954 finished with value: 9.930636413206317 and parameters: {'ISTN': 112.94004315035728, 'I_gpe': 2.289665522428465, 'I_gpi': 2.056128689555242, 'noise_stn_sigma': 3.8229085074220137, 'noise_gpe_sigma': 115.10272311622737, 'noise_gpi_sigma': 138.075587555372, 'g_stn_gpe_mult': 4.107414435330714, 'g_gpe_stn_mult': 0.6521958910464294, 'g_stn_gpi_mult': 1.4323807476131911, 'g_gpe_gpi_mult': 0.7439989299509118}. Best is trial 767 with value: 0.775992504791496.
[I 2026-05-28 22:24:28,069] Trial 955 finished with value: 2.1075780033590634 and parameters: {'ISTN': 112.56808881349403, 'I_gpe': 2.293553886918635, 'I_gpi': 2.1696977145075254, 'noise_stn_sigma': 3.821005195455008, 'noise_gpe_sigma': 116.31087656697547, 'noise_gpi_sigma': 139.6218303090249, 'g_stn_gpe_mult': 4.085231876148936, 'g_gpe_stn_mult': 0.6624305303267434, 'g_stn_gpi_mult': 1.413796056921277, 'g_gpe_gpi_mult': 0.7348024902785666}. Best is trial 767 with value: 0.775992504791496.
[I 2026-05-28 22:24:29,113] Trial 956 finished with value: 2.0274089863750535 and parameters: {'ISTN': 109.85112534458757, 'I_gpe': 2.2710155263350345, 'I_gpi': 2.059480312949959, 'noise_stn_sigma': 3.757722653951576, 'noise_gpe_sigma': 115.6277821218094, 'noise_gpi_sigma': 142.42827148321322, 'g_stn_gpe_mult': 4.091660192922584, 'g_gpe_stn_mult': 0.6451930250466853, 'g_stn_gpi_mult': 1.512524720081097, 'g_gpe_gpi_mult': 0.7442093489054209}. Best is trial 767 with value: 0.775992504791496.
[I 2026-05-28 22:24:30,160] Trial 957 finished with value: 4.476027016600181 and parameters: {'ISTN': 111.42981552886977, 'I_gpe': 2.3344975914000665, 'I_gpi': 2.090321110614327, 'noise_stn_sigma': 3.827964890102638, 'noise_gpe_sigma': 116.76409065984284, 'noise_gpi_sigma': 139.31491498725518, 'g_stn_gpe_mult': 4.041951437360866, 'g_gpe_stn_mult': 0.6589443137831786, 'g_stn_gpi_mult': 1.4689536688634917, 'g_gpe_gpi_mult': 0.7737887396236527}. Best is trial 767 with value: 0.775992504791496.
[I 2026-05-28 22:24:31,202] Trial 958 finished with value: 6.604150598968022 and parameters: {'ISTN': 110.21743849977744, 'I_gpe': 2.2898943959315505, 'I_gpi': 1.9959932033835521, 'noise_stn_sigma': 3.801616288688578, 'noise_gpe_sigma': 115.54250105863838, 'noise_gpi_sigma': 139.8584357347509, 'g_stn_gpe_mult': 4.1528043923798235, 'g_gpe_stn_mult': 0.6461105652380643, 'g_stn_gpi_mult': 1.4918955946589454, 'g_gpe_gpi_mult': 0.7508886144586746}. Best is trial 767 with value: 0.775992504791496.
[I 2026-05-28 22:24:32,244] Trial 959 finished with value: 4.659769316255789 and parameters: {'ISTN': 109.93821116205135, 'I_gpe': 2.308097616290542, 'I_gpi': 2.074909230316516, 'noise_stn_sigma': 3.8727753403354956, 'noise_gpe_sigma': 116.56812479522505, 'noise_gpi_sigma': 141.42519404816534, 'g_stn_gpe_mult': 3.994343501228267, 'g_gpe_stn_mult': 0.6404879748117064, 'g_stn_gpi_mult': 1.5636878338344071, 'g_gpe_gpi_mult': 0.7483356835954578}. Best is trial 767 with value: 0.775992504791496.
[I 2026-05-28 22:24:33,289] Trial 960 finished with value: 4.4612487147679305 and parameters: {'ISTN': 108.70344613645129, 'I_gpe': 2.3241546189001236, 'I_gpi': 2.2269692484698043, 'noise_stn_sigma': 3.817139693271141, 'noise_gpe_sigma': 118.63898598675604, 'noise_gpi_sigma': 147.04255717389793, 'g_stn_gpe_mult': 3.980404396809305, 'g_gpe_stn_mult': 0.6381680324014212, 'g_stn_gpi_mult': 1.5732461169520728, 'g_gpe_gpi_mult': 0.7486294425232967}. Best is trial 767 with value: 0.775992504791496.
[I 2026-05-28 22:24:34,334] Trial 961 finished with value: 5.610288787780998 and parameters: {'ISTN': 110.22295100781696, 'I_gpe': 2.285108434995739, 'I_gpi': 2.178184693284991, 'noise_stn_sigma': 3.890384627814555, 'noise_gpe_sigma': 116.71626267995988, 'noise_gpi_sigma': 144.1703655638218, 'g_stn_gpe_mult': 4.221909070551872, 'g_gpe_stn_mult': 0.6547034636793181, 'g_stn_gpi_mult': 1.4722307679296671, 'g_gpe_gpi_mult': 0.7434755069588339}. Best is trial 767 with value: 0.775992504791496.
[I 2026-05-28 22:24:35,379] Trial 962 finished with value: 3.621581034305409 and parameters: {'ISTN': 110.13330908753974, 'I_gpe': 2.2866151766563805, 'I_gpi': 2.1879033312615745, 'noise_stn_sigma': 3.804948325730418, 'noise_gpe_sigma': 117.02246914905282, 'noise_gpi_sigma': 143.92896017616772, 'g_stn_gpe_mult': 4.061177215288104, 'g_gpe_stn_mult': 0.6471852842126382, 'g_stn_gpi_mult': 1.4854961232697868, 'g_gpe_gpi_mult': 0.7481707347250359}. Best is trial 767 with value: 0.775992504791496.
[I 2026-05-28 22:24:36,423] Trial 963 finished with value: 6.411178141706791 and parameters: {'ISTN': 112.24355701374209, 'I_gpe': 2.3070418755019846, 'I_gpi': 2.13845646411783, 'noise_stn_sigma': 3.6584712186935393, 'noise_gpe_sigma': 117.45112757912295, 'noise_gpi_sigma': 140.4687981856103, 'g_stn_gpe_mult': 3.974670523786646, 'g_gpe_stn_mult': 0.6557297970762344, 'g_stn_gpi_mult': 1.4856146839750195, 'g_gpe_gpi_mult': 0.7522507619261427}. Best is trial 767 with value: 0.775992504791496.
[I 2026-05-28 22:24:37,466] Trial 964 finished with value: 3.0241867018003936 and parameters: {'ISTN': 113.9539363091101, 'I_gpe': 2.1818175279163237, 'I_gpi': 2.036087752081816, 'noise_stn_sigma': 3.709027576149056, 'noise_gpe_sigma': 114.36965217072171, 'noise_gpi_sigma': 137.30290946483456, 'g_stn_gpe_mult': 4.2296723362668, 'g_gpe_stn_mult': 0.6679335958847299, 'g_stn_gpi_mult': 1.3977866601042659, 'g_gpe_gpi_mult': 0.7381375194869}. Best is trial 767 with value: 0.775992504791496.
[I 2026-05-28 22:24:38,510] Trial 965 finished with value: 0.9073588641097392 and parameters: {'ISTN': 109.72503014050795, 'I_gpe': 2.3206476731799093, 'I_gpi': 2.0909102470440892, 'noise_stn_sigma': 3.88123677835921, 'noise_gpe_sigma': 118.02887920027362, 'noise_gpi_sigma': 138.7135548483795, 'g_stn_gpe_mult': 3.902487627550076, 'g_gpe_stn_mult': 0.6415850204206985, 'g_stn_gpi_mult': 1.6317740761816593, 'g_gpe_gpi_mult': 0.7466167325259472}. Best is trial 767 with value: 0.775992504791496.
[I 2026-05-28 22:24:39,552] Trial 966 finished with value: 3.407715790325117 and parameters: {'ISTN': 112.5647589400088, 'I_gpe': 2.2710789851718474, 'I_gpi': 2.040797208281, 'noise_stn_sigma': 3.756616827522601, 'noise_gpe_sigma': 119.23358492428116, 'noise_gpi_sigma': 139.70766683960903, 'g_stn_gpe_mult': 4.054128383631334, 'g_gpe_stn_mult': 0.6558431274989263, 'g_stn_gpi_mult': 1.4917299689933126, 'g_gpe_gpi_mult': 0.7242786811448367}. Best is trial 767 with value: 0.775992504791496.
[I 2026-05-28 22:24:40,596] Trial 967 finished with value: 4.7680283670493 and parameters: {'ISTN': 110.83556759980885, 'I_gpe': 2.2766044939177057, 'I_gpi': 2.134312001620046, 'noise_stn_sigma': 3.6427959351688135, 'noise_gpe_sigma': 111.26651407149092, 'noise_gpi_sigma': 138.97685594180479, 'g_stn_gpe_mult': 3.971965889684733, 'g_gpe_stn_mult': 0.657130399286172, 'g_stn_gpi_mult': 1.504907409036545, 'g_gpe_gpi_mult': 0.7590191072773875}. Best is trial 767 with value: 0.775992504791496.
