[I 2026-05-28 22:14:46,216] Trial 396 finished with value: 4.921711412833301 and parameters: {'ISTN': 118.46366375567315, 'I_gpe': 2.293671958011349, 'I_gpi': 1.5681322917316787, 'noise_stn_sigma': 4.6436121533237875, 'noise_gpe_sigma': 116.14116519516675, 'noise_gpi_sigma': 123.8569247699409, 'g_stn_gpe_mult': 4.566344773764982, 'g_gpe_stn_mult': 0.6975996740306737, 'g_stn_gpi_mult': 1.306895393867602, 'g_gpe_gpi_mult': 0.8417740197928814}. Best is trial 384 with value: 2.444481498250763.
[I 2026-05-28 22:14:47,258] Trial 397 finished with value: 8.934045343065328 and parameters: {'ISTN': 118.12539999275191, 'I_gpe': 2.305773289518088, 'I_gpi': 1.305195571280973, 'noise_stn_sigma': 4.931331344522535, 'noise_gpe_sigma': 128.94683468297785, 'noise_gpi_sigma': 116.69311636708744, 'g_stn_gpe_mult': 4.855063229940923, 'g_gpe_stn_mult': 0.6926759326487073, 'g_stn_gpi_mult': 1.5032001430936366, 'g_gpe_gpi_mult': 0.8279098538720655}. Best is trial 384 with value: 2.444481498250763.
[I 2026-05-28 22:14:48,300] Trial 398 finished with value: 14.204102746430394 and parameters: {'ISTN': 118.16731301639076, 'I_gpe': 1.9459924090112974, 'I_gpi': 1.442844110482342, 'noise_stn_sigma': 4.529743701630242, 'noise_gpe_sigma': 109.71952883977211, 'noise_gpi_sigma': 115.92974160054221, 'g_stn_gpe_mult': 4.529129225733227, 'g_gpe_stn_mult': 0.6839309172243331, 'g_stn_gpi_mult': 1.4604473656405554, 'g_gpe_gpi_mult': 0.8354021342379345}. Best is trial 384 with value: 2.444481498250763.
[I 2026-05-28 22:14:49,341] Trial 399 finished with value: 9.049788580940806 and parameters: {'ISTN': 119.59202327109159, 'I_gpe': 2.3360661442199087, 'I_gpi': 1.5793652048821332, 'noise_stn_sigma': 5.192847192069532, 'noise_gpe_sigma': 126.03015202005095, 'noise_gpi_sigma': 123.54369945220823, 'g_stn_gpe_mult': 4.947241892314216, 'g_gpe_stn_mult': 0.6847288461629252, 'g_stn_gpi_mult': 1.4883642634990728, 'g_gpe_gpi_mult': 0.893061925250979}. Best is trial 384 with value: 2.444481498250763.
[I 2026-05-28 22:14:50,383] Trial 400 finished with value: 12.877399634630635 and parameters: {'ISTN': 113.46082371035024, 'I_gpe': 2.0356301907032717, 'I_gpi': 1.4923560660699922, 'noise_stn_sigma': 4.337879033671344, 'noise_gpe_sigma': 127.24864905528834, 'noise_gpi_sigma': 108.83295413151939, 'g_stn_gpe_mult': 4.773641750422059, 'g_gpe_stn_mult': 0.615987108967995, 'g_stn_gpi_mult': 1.3242249946363365, 'g_gpe_gpi_mult': 0.8040932760426189}. Best is trial 384 with value: 2.444481498250763.
[I 2026-05-28 22:14:51,427] Trial 401 finished with value: 5.731135745563204 and parameters: {'ISTN': 116.40764428429108, 'I_gpe': 2.214569585977538, 'I_gpi': 1.2671328852672445, 'noise_stn_sigma': 4.7893745969178525, 'noise_gpe_sigma': 139.5092540062737, 'noise_gpi_sigma': 113.37599714052239, 'g_stn_gpe_mult': 4.686829240086427, 'g_gpe_stn_mult': 0.6752473812646155, 'g_stn_gpi_mult': 1.3836546427642904, 'g_gpe_gpi_mult': 0.8385508242179878}. Best is trial 384 with value: 2.444481498250763.
[I 2026-05-28 22:14:52,465] Trial 402 finished with value: 8.313874697977427 and parameters: {'ISTN': 121.32503402591246, 'I_gpe': 2.341181883716585, 'I_gpi': 1.4444969070364404, 'noise_stn_sigma': 4.230797885425662, 'noise_gpe_sigma': 113.80046190281097, 'noise_gpi_sigma': 117.28774966674052, 'g_stn_gpe_mult': 4.5400237670252785, 'g_gpe_stn_mult': 0.7422650501684657, 'g_stn_gpi_mult': 1.6052437997307392, 'g_gpe_gpi_mult': 0.8801302178782611}. Best is trial 384 with value: 2.444481498250763.
[I 2026-05-28 22:14:53,507] Trial 403 finished with value: 7.008953181011817 and parameters: {'ISTN': 118.28035457483904, 'I_gpe': 2.305849255266403, 'I_gpi': 1.792294117387622, 'noise_stn_sigma': 4.911596733104327, 'noise_gpe_sigma': 123.78895164567584, 'noise_gpi_sigma': 117.04487438989806, 'g_stn_gpe_mult': 4.517906720604945, 'g_gpe_stn_mult': 0.6887410426770579, 'g_stn_gpi_mult': 1.7857032309411434, 'g_gpe_gpi_mult': 0.9084664269272513}. Best is trial 384 with value: 2.444481498250763.
[I 2026-05-28 22:14:54,547] Trial 404 finished with value: 4.7910838610351885 and parameters: {'ISTN': 116.69735668128789, 'I_gpe': 2.2680111341712905, 'I_gpi': 1.5932233881997613, 'noise_stn_sigma': 3.9713782680861915, 'noise_gpe_sigma': 119.43816414713025, 'noise_gpi_sigma': 123.70883939897253, 'g_stn_gpe_mult': 4.178961338500105, 'g_gpe_stn_mult': 0.6638769697464394, 'g_stn_gpi_mult': 1.5633129650997093, 'g_gpe_gpi_mult': 0.800526066749637}. Best is trial 384 with value: 2.444481498250763.
[I 2026-05-28 22:14:55,587] Trial 405 finished with value: 8.139667326690006 and parameters: {'ISTN': 113.93445372970982, 'I_gpe': 2.3241342680083807, 'I_gpi': 1.6402394716068565, 'noise_stn_sigma': 3.72287544130604, 'noise_gpe_sigma': 111.05121320942669, 'noise_gpi_sigma': 128.91772698724668, 'g_stn_gpe_mult': 4.371840968669437, 'g_gpe_stn_mult': 0.672169608367209, 'g_stn_gpi_mult': 1.6874838723492913, 'g_gpe_gpi_mult': 0.9036904193406798}. Best is trial 384 with value: 2.444481498250763.
[I 2026-05-28 22:14:56,628] Trial 406 finished with value: 3.0247056490602917 and parameters: {'ISTN': 115.6280785536537, 'I_gpe': 2.2273476085545973, 'I_gpi': 1.4401793844796855, 'noise_stn_sigma': 4.655997423424049, 'noise_gpe_sigma': 115.81433653440969, 'noise_gpi_sigma': 123.2372630542497, 'g_stn_gpe_mult': 4.41023079149212, 'g_gpe_stn_mult': 0.6595859686475284, 'g_stn_gpi_mult': 1.5628072878610921, 'g_gpe_gpi_mult': 0.8457763497076778}. Best is trial 384 with value: 2.444481498250763.
[I 2026-05-28 22:14:57,669] Trial 407 finished with value: 5.386347443647698 and parameters: {'ISTN': 116.86686440836732, 'I_gpe': 2.33235178541258, 'I_gpi': 1.2168770206621211, 'noise_stn_sigma': 4.242316476868962, 'noise_gpe_sigma': 123.04357815442845, 'noise_gpi_sigma': 111.9148273046779, 'g_stn_gpe_mult': 4.415309412137258, 'g_gpe_stn_mult': 0.6871174773354561, 'g_stn_gpi_mult': 1.4641378426647136, 'g_gpe_gpi_mult': 0.7763556114971542}. Best is trial 384 with value: 2.444481498250763.
[I 2026-05-28 22:14:58,709] Trial 408 finished with value: 6.372763569221312 and parameters: {'ISTN': 113.59687703128158, 'I_gpe': 2.2552469994754096, 'I_gpi': 1.4045193603127388, 'noise_stn_sigma': 4.775635662713297, 'noise_gpe_sigma': 126.35060057740918, 'noise_gpi_sigma': 118.78533236140562, 'g_stn_gpe_mult': 4.440008048893706, 'g_gpe_stn_mult': 0.6623434852298751, 'g_stn_gpi_mult': 1.6454783068952463, 'g_gpe_gpi_mult': 0.9251352572458631}. Best is trial 384 with value: 2.444481498250763.
[I 2026-05-28 22:14:59,749] Trial 409 finished with value: 9.700816742688785 and parameters: {'ISTN': 124.27778256417609, 'I_gpe': 2.1859580853451495, 'I_gpi': 1.4873602858094408, 'noise_stn_sigma': 4.131824945669958, 'noise_gpe_sigma': 126.69127125996256, 'noise_gpi_sigma': 102.56697446923731, 'g_stn_gpe_mult': 4.565859270776151, 'g_gpe_stn_mult': 0.6981771492114572, 'g_stn_gpi_mult': 1.368423937023491, 'g_gpe_gpi_mult': 0.8450685472006638}. Best is trial 384 with value: 2.444481498250763.
[I 2026-05-28 22:15:00,791] Trial 410 finished with value: 6.948441972335033 and parameters: {'ISTN': 107.94107921937481, 'I_gpe': 2.4378365174145933, 'I_gpi': 1.8392654795341281, 'noise_stn_sigma': 3.999170760738023, 'noise_gpe_sigma': 111.73834279317283, 'noise_gpi_sigma': 120.73375680775409, 'g_stn_gpe_mult': 4.36885727304436, 'g_gpe_stn_mult': 0.6286826890204369, 'g_stn_gpi_mult': 1.6214543865486817, 'g_gpe_gpi_mult': 0.8910704105020433}. Best is trial 384 with value: 2.444481498250763.
[I 2026-05-28 22:15:01,832] Trial 411 finished with value: 6.852100318641312 and parameters: {'ISTN': 116.20469778432565, 'I_gpe': 2.33402591977125, 'I_gpi': 1.1888651022388408, 'noise_stn_sigma': 3.8134980081690872, 'noise_gpe_sigma': 122.12116670487518, 'noise_gpi_sigma': 119.43543535744486, 'g_stn_gpe_mult': 4.349186610478954, 'g_gpe_stn_mult': 0.701039967464879, 'g_stn_gpi_mult': 1.5525704495004413, 'g_gpe_gpi_mult': 0.8804538183661648}. Best is trial 384 with value: 2.444481498250763.
[I 2026-05-28 22:15:02,871] Trial 412 finished with value: 8.461771475006405 and parameters: {'ISTN': 121.24918104820816, 'I_gpe': 2.311233474293666, 'I_gpi': 1.6056681859426118, 'noise_stn_sigma': 4.631044620247268, 'noise_gpe_sigma': 117.80090341323157, 'noise_gpi_sigma': 113.2674507501372, 'g_stn_gpe_mult': 4.2425416534241815, 'g_gpe_stn_mult': 0.6833557335939324, 'g_stn_gpi_mult': 1.6665771333397634, 'g_gpe_gpi_mult': 0.7980745564836482}. Best is trial 384 with value: 2.444481498250763.
[I 2026-05-28 22:15:03,913] Trial 413 finished with value: 10.421501595980411 and parameters: {'ISTN': 119.49426143032284, 'I_gpe': 2.3332662890322524, 'I_gpi': 1.5582269662382577, 'noise_stn_sigma': 4.22440126016166, 'noise_gpe_sigma': 118.99218732230601, 'noise_gpi_sigma': 121.06016997162895, 'g_stn_gpe_mult': 4.0522073635804015, 'g_gpe_stn_mult': 0.6908337124287867, 'g_stn_gpi_mult': 1.5552522418560333, 'g_gpe_gpi_mult': 0.8081046306728792}. Best is trial 384 with value: 2.444481498250763.
[I 2026-05-28 22:15:04,956] Trial 414 finished with value: 3.1987827892284497 and parameters: {'ISTN': 107.76437878755465, 'I_gpe': 2.1779246231103326, 'I_gpi': 1.4097445657196481, 'noise_stn_sigma': 4.129570247596498, 'noise_gpe_sigma': 116.90965972939244, 'noise_gpi_sigma': 129.37212506854178, 'g_stn_gpe_mult': 4.150825317675979, 'g_gpe_stn_mult': 0.629967709459242, 'g_stn_gpi_mult': 1.6828475701902044, 'g_gpe_gpi_mult': 0.8853919072731526}. Best is trial 384 with value: 2.444481498250763.
[I 2026-05-28 22:15:05,996] Trial 415 finished with value: 6.460817990670535 and parameters: {'ISTN': 114.47959473524452, 'I_gpe': 2.1272575723226756, 'I_gpi': 1.6494352890721666, 'noise_stn_sigma': 4.499253617348282, 'noise_gpe_sigma': 124.58221372870369, 'noise_gpi_sigma': 117.05312986713112, 'g_stn_gpe_mult': 4.613110362751856, 'g_gpe_stn_mult': 0.6814557834176583, 'g_stn_gpi_mult': 1.7240591505929803, 'g_gpe_gpi_mult': 0.8785909814718087}. Best is trial 384 with value: 2.444481498250763.
[I 2026-05-28 22:15:07,041] Trial 416 finished with value: 7.007336924009577 and parameters: {'ISTN': 119.81516195568085, 'I_gpe': 2.3842567885974466, 'I_gpi': 1.2246517605120941, 'noise_stn_sigma': 4.48230023514415, 'noise_gpe_sigma': 128.2558039124985, 'noise_gpi_sigma': 129.65230176274952, 'g_stn_gpe_mult': 4.328469566856613, 'g_gpe_stn_mult': 0.687102858279116, 'g_stn_gpi_mult': 1.469535891337416, 'g_gpe_gpi_mult': 0.8748629699192341}. Best is trial 384 with value: 2.444481498250763.
[I 2026-05-28 22:15:08,082] Trial 417 finished with value: 8.464874305239237 and parameters: {'ISTN': 115.85456561182731, 'I_gpe': 2.0746035333061936, 'I_gpi': 1.5413038301160151, 'noise_stn_sigma': 4.624751400936461, 'noise_gpe_sigma': 117.11359435192125, 'noise_gpi_sigma': 118.22080236858783, 'g_stn_gpe_mult': 4.597035035803101, 'g_gpe_stn_mult': 0.7030661727321457, 'g_stn_gpi_mult': 1.7128381296058246, 'g_gpe_gpi_mult': 0.7934021816027619}. Best is trial 384 with value: 2.444481498250763.
[I 2026-05-28 22:15:09,125] Trial 418 finished with value: 3.867559618328756 and parameters: {'ISTN': 114.04501161829647, 'I_gpe': 2.3359167610162572, 'I_gpi': 1.4857957804788549, 'noise_stn_sigma': 4.524340064301224, 'noise_gpe_sigma': 112.9833875892433, 'noise_gpi_sigma': 132.59875430002654, 'g_stn_gpe_mult': 4.090208764196639, 'g_gpe_stn_mult': 0.67173203726655, 'g_stn_gpi_mult': 1.5162249563621293, 'g_gpe_gpi_mult': 0.8681563613386838}. Best is trial 384 with value: 2.444481498250763.
[I 2026-05-28 22:15:10,167] Trial 419 finished with value: 9.89317487452005 and parameters: {'ISTN': 119.26894509675665, 'I_gpe': 2.289315719980412, 'I_gpi': 1.3114676314718292, 'noise_stn_sigma': 5.156020256740421, 'noise_gpe_sigma': 118.37900522005012, 'noise_gpi_sigma': 127.11055449302476, 'g_stn_gpe_mult': 4.201925223328456, 'g_gpe_stn_mult': 0.6751055913138194, 'g_stn_gpi_mult': 1.4588117003855299, 'g_gpe_gpi_mult': 0.7905616298081279}. Best is trial 384 with value: 2.444481498250763.
[I 2026-05-28 22:15:11,209] Trial 420 finished with value: 5.514507400088307 and parameters: {'ISTN': 116.62712535317462, 'I_gpe': 2.1072861782996526, 'I_gpi': 1.4715223539227047, 'noise_stn_sigma': 4.345000141376445, 'noise_gpe_sigma': 127.62121830691112, 'noise_gpi_sigma': 123.87936837619735, 'g_stn_gpe_mult': 4.446791638271131, 'g_gpe_stn_mult': 0.6628602910045789, 'g_stn_gpi_mult': 1.7182692189737987, 'g_gpe_gpi_mult': 0.8122800135201997}. Best is trial 384 with value: 2.444481498250763.
[I 2026-05-28 22:15:12,253] Trial 421 finished with value: 8.17732743452984 and parameters: {'ISTN': 110.53592453317722, 'I_gpe': 2.2293816674713027, 'I_gpi': 1.165720937002353, 'noise_stn_sigma': 4.510958579684881, 'noise_gpe_sigma': 134.0631828207084, 'noise_gpi_sigma': 133.0012127656549, 'g_stn_gpe_mult': 4.076022970596523, 'g_gpe_stn_mult': 0.6469245175421575, 'g_stn_gpi_mult': 1.642949645395298, 'g_gpe_gpi_mult': 0.8224375615389463}. Best is trial 384 with value: 2.444481498250763.
[I 2026-05-28 22:15:13,294] Trial 422 finished with value: 6.253843139845228 and parameters: {'ISTN': 104.46299293372911, 'I_gpe': 2.3915774582803055, 'I_gpi': 1.4369501091168528, 'noise_stn_sigma': 4.2763146535022365, 'noise_gpe_sigma': 115.01536149778327, 'noise_gpi_sigma': 127.27285013446684, 'g_stn_gpe_mult': 4.146418234440687, 'g_gpe_stn_mult': 0.6420141825092673, 'g_stn_gpi_mult': 1.7652421275044907, 'g_gpe_gpi_mult': 0.8199082066761001}. Best is trial 384 with value: 2.444481498250763.
[I 2026-05-28 22:15:14,334] Trial 423 finished with value: 2.452184382774699 and parameters: {'ISTN': 109.77135655509089, 'I_gpe': 2.3431533624992857, 'I_gpi': 1.5524542093193325, 'noise_stn_sigma': 4.058857229919482, 'noise_gpe_sigma': 112.8836035378313, 'noise_gpi_sigma': 120.35137191534838, 'g_stn_gpe_mult': 4.314126666621438, 'g_gpe_stn_mult': 0.642667417752363, 'g_stn_gpi_mult': 1.6587811207697496, 'g_gpe_gpi_mult': 0.9011670116805024}. Best is trial 384 with value: 2.444481498250763.
[I 2026-05-28 22:15:15,377] Trial 424 finished with value: 3.369810399562418 and parameters: {'ISTN': 108.93454295990382, 'I_gpe': 2.2586274551967467, 'I_gpi': 1.5733676134870527, 'noise_stn_sigma': 4.332754311021901, 'noise_gpe_sigma': 115.64315090995116, 'noise_gpi_sigma': 129.75608199679428, 'g_stn_gpe_mult': 4.221293514906876, 'g_gpe_stn_mult': 0.6216985009580229, 'g_stn_gpi_mult': 1.86278443608609, 'g_gpe_gpi_mult': 0.9474594510804577}. Best is trial 384 with value: 2.444481498250763.
[I 2026-05-28 22:15:16,419] Trial 425 finished with value: 5.045991731339165 and parameters: {'ISTN': 112.13405520663312, 'I_gpe': 2.371085437786995, 'I_gpi': 1.4173669851680006, 'noise_stn_sigma': 4.558902562194553, 'noise_gpe_sigma': 127.62479798506129, 'noise_gpi_sigma': 143.5715116354673, 'g_stn_gpe_mult': 3.9553346817274915, 'g_gpe_stn_mult': 0.6886898437420854, 'g_stn_gpi_mult': 1.701362228947921, 'g_gpe_gpi_mult': 0.7700146183744878}. Best is trial 384 with value: 2.444481498250763.
[I 2026-05-28 22:15:17,402] Trial 426 finished with value: 1000000.0 and parameters: {'ISTN': 114.5234679948818, 'I_gpe': 2.1538323536603405, 'I_gpi': 1.0384166016128127, 'noise_stn_sigma': 4.532570337068296, 'noise_gpe_sigma': 117.16427102156942, 'noise_gpi_sigma': 125.2038852959615, 'g_stn_gpe_mult': 4.139637752439915, 'g_gpe_stn_mult': 0.6960893220711336, 'g_stn_gpi_mult': 1.7159459810677196, 'g_gpe_gpi_mult': 0.8099081318976178}. Best is trial 384 with value: 2.444481498250763.
[I 2026-05-28 22:15:18,446] Trial 427 finished with value: 13.205342991831866 and parameters: {'ISTN': 111.23594833818736, 'I_gpe': 2.0580597769646984, 'I_gpi': 1.5040554724607968, 'noise_stn_sigma': 4.409099895358114, 'noise_gpe_sigma': 116.17643599516747, 'noise_gpi_sigma': 132.45724994010166, 'g_stn_gpe_mult': 3.879745626529809, 'g_gpe_stn_mult': 0.6627349578908415, 'g_stn_gpi_mult': 1.909132392038483, 'g_gpe_gpi_mult': 0.8694678589832461}. Best is trial 384 with value: 2.444481498250763.
[I 2026-05-28 22:15:19,489] Trial 428 finished with value: 5.905004010396221 and parameters: {'ISTN': 101.8520969481871, 'I_gpe': 2.0716373412343403, 'I_gpi': 1.4424105473956723, 'noise_stn_sigma': 4.894200420429075, 'noise_gpe_sigma': 121.62720676949667, 'noise_gpi_sigma': 126.95440260961504, 'g_stn_gpe_mult': 4.223954046434194, 'g_gpe_stn_mult': 0.5764994818310146, 'g_stn_gpi_mult': 1.7640167749008677, 'g_gpe_gpi_mult': 0.6393819684723916}. Best is trial 384 with value: 2.444481498250763.
[I 2026-05-28 22:15:20,531] Trial 429 finished with value: 9.880741454769925 and parameters: {'ISTN': 107.42332134201656, 'I_gpe': 2.265069601978971, 'I_gpi': 1.2097925947097161, 'noise_stn_sigma': 4.636305194413014, 'noise_gpe_sigma': 131.49024597333351, 'noise_gpi_sigma': 134.9976515664087, 'g_stn_gpe_mult': 4.25556261496857, 'g_gpe_stn_mult': 0.6408824667629354, 'g_stn_gpi_mult': 1.5636156502404406, 'g_gpe_gpi_mult': 0.8017589255668272}. Best is trial 384 with value: 2.444481498250763.
[I 2026-05-28 22:15:21,571] Trial 430 finished with value: 3.7071097627023057 and parameters: {'ISTN': 112.93209233408551, 'I_gpe': 2.3409561009892013, 'I_gpi': 1.649335876270526, 'noise_stn_sigma': 4.14284848525817, 'noise_gpe_sigma': 118.48625140556943, 'noise_gpi_sigma': 128.10938567816333, 'g_stn_gpe_mult': 4.159202797203445, 'g_gpe_stn_mult': 0.6427098262574272, 'g_stn_gpi_mult': 1.711234104968639, 'g_gpe_gpi_mult': 0.9016889114766602}. Best is trial 384 with value: 2.444481498250763.
[I 2026-05-28 22:15:22,612] Trial 431 finished with value: 6.783262543120058 and parameters: {'ISTN': 107.80098180324413, 'I_gpe': 2.4232706914960223, 'I_gpi': 1.1523132692975802, 'noise_stn_sigma': 4.376369812219622, 'noise_gpe_sigma': 125.56280566766056, 'noise_gpi_sigma': 115.92750093173825, 'g_stn_gpe_mult': 4.651142555103832, 'g_gpe_stn_mult': 0.6105742165221055, 'g_stn_gpi_mult': 1.5149983273958096, 'g_gpe_gpi_mult': 0.8676889174787883}. Best is trial 384 with value: 2.444481498250763.
[I 2026-05-28 22:15:23,653] Trial 432 finished with value: 10.957143572877763 and parameters: {'ISTN': 108.92346168791693, 'I_gpe': 2.226215671306444, 'I_gpi': 1.5837486620421275, 'noise_stn_sigma': 4.523902124238392, 'noise_gpe_sigma': 114.94922060349704, 'noise_gpi_sigma': 122.52090212528168, 'g_stn_gpe_mult': 4.018956932127029, 'g_gpe_stn_mult': 0.6629648003856324, 'g_stn_gpi_mult': 1.8969675962751769, 'g_gpe_gpi_mult': 0.9033467342489068}. Best is trial 384 with value: 2.444481498250763.
[I 2026-05-28 22:15:24,693] Trial 433 finished with value: 4.887922865819544 and parameters: {'ISTN': 114.47189461108246, 'I_gpe': 2.3190149869967667, 'I_gpi': 1.779629125784722, 'noise_stn_sigma': 4.138462587249442, 'noise_gpe_sigma': 109.5695786080697, 'noise_gpi_sigma': 113.40962340077267, 'g_stn_gpe_mult': 4.207393407727416, 'g_gpe_stn_mult': 0.6580129398543997, 'g_stn_gpi_mult': 1.971741064390161, 'g_gpe_gpi_mult': 0.8986278814649551}. Best is trial 384 with value: 2.444481498250763.
[I 2026-05-28 22:15:25,735] Trial 434 finished with value: 5.110354573646001 and parameters: {'ISTN': 105.8528711832032, 'I_gpe': 2.398778323860815, 'I_gpi': 1.8857576130559017, 'noise_stn_sigma': 4.14325839952553, 'noise_gpe_sigma': 107.3705149156285, 'noise_gpi_sigma': 126.59561719727967, 'g_stn_gpe_mult': 4.23680432479953, 'g_gpe_stn_mult': 0.638309009617088, 'g_stn_gpi_mult': 1.9081516084661498, 'g_gpe_gpi_mult': 0.8709539756781528}. Best is trial 384 with value: 2.444481498250763.
[I 2026-05-28 22:15:26,777] Trial 435 finished with value: 12.962159585668708 and parameters: {'ISTN': 116.3400139982941, 'I_gpe': 2.180950153204856, 'I_gpi': 1.3506610025850052, 'noise_stn_sigma': 4.606188105016304, 'noise_gpe_sigma': 123.45484619429138, 'noise_gpi_sigma': 120.4771316058614, 'g_stn_gpe_mult': 4.139579382963738, 'g_gpe_stn_mult': 0.691002397312242, 'g_stn_gpi_mult': 1.6747909757061528, 'g_gpe_gpi_mult': 0.8977368379856614}. Best is trial 384 with value: 2.444481498250763.
[I 2026-05-28 22:15:27,821] Trial 436 finished with value: 2.4526440311245725 and parameters: {'ISTN': 106.25274351785761, 'I_gpe': 2.333612012009758, 'I_gpi': 1.374076142066784, 'noise_stn_sigma': 4.448788976132594, 'noise_gpe_sigma': 117.44093250347788, 'noise_gpi_sigma': 136.22165522603876, 'g_stn_gpe_mult': 3.9381459861620502, 'g_gpe_stn_mult': 0.5979043364570744, 'g_stn_gpi_mult': 1.6588204315109056, 'g_gpe_gpi_mult': 0.8911568549038591}. Best is trial 384 with value: 2.444481498250763.
[I 2026-05-28 22:15:28,862] Trial 437 finished with value: 4.319728887612238 and parameters: {'ISTN': 108.03804725301791, 'I_gpe': 2.4523556662781387, 'I_gpi': 1.7592121566494328, 'noise_stn_sigma': 4.271816370090123, 'noise_gpe_sigma': 117.78693020859444, 'noise_gpi_sigma': 131.84402031703448, 'g_stn_gpe_mult': 3.983570363795738, 'g_gpe_stn_mult': 0.6240823875995616, 'g_stn_gpi_mult': 1.7673310909022406, 'g_gpe_gpi_mult': 0.9201069921594986}. Best is trial 384 with value: 2.444481498250763.
[I 2026-05-28 22:15:29,904] Trial 438 finished with value: 5.49493413198351 and parameters: {'ISTN': 111.71244948059663, 'I_gpe': 2.378356362695107, 'I_gpi': 1.6131103062943706, 'noise_stn_sigma': 4.023934001118711, 'noise_gpe_sigma': 126.816267098569, 'noise_gpi_sigma': 120.67167607320636, 'g_stn_gpe_mult': 4.452598859958548, 'g_gpe_stn_mult': 0.6429781683097894, 'g_stn_gpi_mult': 1.6159649423168658, 'g_gpe_gpi_mult': 0.869191917965566}. Best is trial 384 with value: 2.444481498250763.
[I 2026-05-28 22:15:30,944] Trial 439 finished with value: 0.9363413093826806 and parameters: {'ISTN': 108.70052194301296, 'I_gpe': 2.265464812015039, 'I_gpi': 1.835033402028412, 'noise_stn_sigma': 3.983419348658254, 'noise_gpe_sigma': 115.26469314829525, 'noise_gpi_sigma': 117.27461852370116, 'g_stn_gpe_mult': 4.155563708447655, 'g_gpe_stn_mult': 0.6341697630697571, 'g_stn_gpi_mult': 1.664699140590327, 'g_gpe_gpi_mult': 0.8983815643304895}. Best is trial 439 with value: 0.9363413093826806.
