[I 2026-05-28 21:46:59,495] Trial 748 finished with value: 0.14143660227235821 and parameters: {'ISTN': 60.40389388124236, 'I_gpe': 1.0964191222311164, 'I_gpi': 2.06267739375363, 'noise_stn_sigma': 2.8545023226761788, 'noise_gpe_sigma': 106.05530173298014, 'noise_gpi_sigma': 92.20265956858404, 'g_stn_gpe_mult': 3.637109186427723, 'g_gpe_stn_mult': 0.1786435407040647, 'g_stn_gpi_mult': 2.644537532133595, 'g_gpe_gpi_mult': 0.7662681055182794}. Best is trial 609 with value: 0.1297953515744074.
[I 2026-05-28 21:47:00,502] Trial 749 finished with value: 0.1393507564530857 and parameters: {'ISTN': 60.820866431633014, 'I_gpe': 1.075633605262722, 'I_gpi': 2.06590594881619, 'noise_stn_sigma': 2.702632633232891, 'noise_gpe_sigma': 109.49247076554092, 'noise_gpi_sigma': 87.76059409681565, 'g_stn_gpe_mult': 3.527167895128537, 'g_gpe_stn_mult': 0.17183087748341458, 'g_stn_gpi_mult': 2.652862997606943, 'g_gpe_gpi_mult': 0.7630926832794966}. Best is trial 609 with value: 0.1297953515744074.
[I 2026-05-28 21:47:01,509] Trial 750 finished with value: 0.14242474913357267 and parameters: {'ISTN': 60.70141261230167, 'I_gpe': 1.071696594233836, 'I_gpi': 2.096446903243285, 'noise_stn_sigma': 3.0472130191603246, 'noise_gpe_sigma': 107.1154133569178, 'noise_gpi_sigma': 88.80480321077196, 'g_stn_gpe_mult': 3.560064875569304, 'g_gpe_stn_mult': 0.17000344901262876, 'g_stn_gpi_mult': 2.688229951072415, 'g_gpe_gpi_mult': 0.7761255985392777}. Best is trial 609 with value: 0.1297953515744074.
[I 2026-05-28 21:47:02,515] Trial 751 finished with value: 0.13888858404965726 and parameters: {'ISTN': 60.46394414239057, 'I_gpe': 1.0886660797843595, 'I_gpi': 2.0983857515926942, 'noise_stn_sigma': 2.922678570872682, 'noise_gpe_sigma': 107.33942488314894, 'noise_gpi_sigma': 84.22618058178233, 'g_stn_gpe_mult': 3.5420421521786616, 'g_gpe_stn_mult': 0.17005608190193883, 'g_stn_gpi_mult': 2.655762509703024, 'g_gpe_gpi_mult': 0.7811914029540912}. Best is trial 609 with value: 0.1297953515744074.
[I 2026-05-28 21:47:03,519] Trial 752 finished with value: 0.1431797411738336 and parameters: {'ISTN': 60.71227933452849, 'I_gpe': 1.04799881231625, 'I_gpi': 2.0551326001324073, 'noise_stn_sigma': 2.965398845756059, 'noise_gpe_sigma': 108.63942373496063, 'noise_gpi_sigma': 86.80144924202057, 'g_stn_gpe_mult': 3.4880084774366096, 'g_gpe_stn_mult': 0.1716697481667107, 'g_stn_gpi_mult': 2.6649748707995022, 'g_gpe_gpi_mult': 0.74625366547924}. Best is trial 609 with value: 0.1297953515744074.
[I 2026-05-28 21:47:04,526] Trial 753 finished with value: 0.14175558771136465 and parameters: {'ISTN': 61.23581163283835, 'I_gpe': 1.1122386647328275, 'I_gpi': 1.9777602571456865, 'noise_stn_sigma': 2.6673326100902766, 'noise_gpe_sigma': 107.56335114386886, 'noise_gpi_sigma': 88.82723091956899, 'g_stn_gpe_mult': 3.476654465324531, 'g_gpe_stn_mult': 0.17140268417911772, 'g_stn_gpi_mult': 2.691988980022138, 'g_gpe_gpi_mult': 0.7317675674585886}. Best is trial 609 with value: 0.1297953515744074.
[I 2026-05-28 21:47:05,532] Trial 754 finished with value: 0.13777250852106768 and parameters: {'ISTN': 60.47241414832091, 'I_gpe': 1.0658906296052817, 'I_gpi': 2.041750211003152, 'noise_stn_sigma': 2.838836332360117, 'noise_gpe_sigma': 107.52854232837572, 'noise_gpi_sigma': 85.71204308780379, 'g_stn_gpe_mult': 3.4609359020492585, 'g_gpe_stn_mult': 0.17798000164055575, 'g_stn_gpi_mult': 2.6499772901361878, 'g_gpe_gpi_mult': 0.7600113409135814}. Best is trial 609 with value: 0.1297953515744074.
[I 2026-05-28 21:47:06,539] Trial 755 finished with value: 0.14531262207285117 and parameters: {'ISTN': 61.04155193376309, 'I_gpe': 1.0967949066650187, 'I_gpi': 2.067609606886837, 'noise_stn_sigma': 2.7559014315388124, 'noise_gpe_sigma': 110.43442819878949, 'noise_gpi_sigma': 86.61672462833972, 'g_stn_gpe_mult': 3.5203801156057697, 'g_gpe_stn_mult': 0.17027631681088296, 'g_stn_gpi_mult': 2.7147558527975146, 'g_gpe_gpi_mult': 0.7545307666844479}. Best is trial 609 with value: 0.1297953515744074.
[I 2026-05-28 21:47:07,546] Trial 756 finished with value: 0.13886452628936974 and parameters: {'ISTN': 60.43249425799868, 'I_gpe': 1.177349793870932, 'I_gpi': 2.0717639919602022, 'noise_stn_sigma': 2.959072057484386, 'noise_gpe_sigma': 106.37260779986292, 'noise_gpi_sigma': 86.76113477967486, 'g_stn_gpe_mult': 3.5219147590524496, 'g_gpe_stn_mult': 0.17232341182816394, 'g_stn_gpi_mult': 2.639560102117882, 'g_gpe_gpi_mult': 0.7684665204129708}. Best is trial 609 with value: 0.1297953515744074.
[I 2026-05-28 21:47:08,552] Trial 757 finished with value: 0.14640070322921608 and parameters: {'ISTN': 60.341698673555555, 'I_gpe': 1.0147537300965668, 'I_gpi': 2.072612288859263, 'noise_stn_sigma': 2.7448765100156343, 'noise_gpe_sigma': 107.46170343047865, 'noise_gpi_sigma': 88.56166124943807, 'g_stn_gpe_mult': 3.53331919380388, 'g_gpe_stn_mult': 0.1811485932316266, 'g_stn_gpi_mult': 2.6594816393133796, 'g_gpe_gpi_mult': 0.7695343030684336}. Best is trial 609 with value: 0.1297953515744074.
[I 2026-05-28 21:47:09,559] Trial 758 finished with value: 0.13748913803616725 and parameters: {'ISTN': 60.57048841628254, 'I_gpe': 1.115867935436351, 'I_gpi': 2.041892142471663, 'noise_stn_sigma': 2.804868537476496, 'noise_gpe_sigma': 110.96195552530185, 'noise_gpi_sigma': 86.2351058733401, 'g_stn_gpe_mult': 3.5534867873230236, 'g_gpe_stn_mult': 0.1785208159116552, 'g_stn_gpi_mult': 2.6208928670994305, 'g_gpe_gpi_mult': 0.7803121744171666}. Best is trial 609 with value: 0.1297953515744074.
[I 2026-05-28 21:47:10,567] Trial 759 finished with value: 0.14075737551646592 and parameters: {'ISTN': 61.226553526908695, 'I_gpe': 1.0987243585844362, 'I_gpi': 2.0824853617899155, 'noise_stn_sigma': 2.8033325188771947, 'noise_gpe_sigma': 108.742204349601, 'noise_gpi_sigma': 89.29205692883804, 'g_stn_gpe_mult': 3.4647669514946635, 'g_gpe_stn_mult': 0.1615863137869188, 'g_stn_gpi_mult': 2.7046850739933346, 'g_gpe_gpi_mult': 0.7712436734391814}. Best is trial 609 with value: 0.1297953515744074.
[I 2026-05-28 21:47:11,575] Trial 760 finished with value: 0.14214184475487895 and parameters: {'ISTN': 61.133212023492966, 'I_gpe': 1.077157478208607, 'I_gpi': 2.0506430481974203, 'noise_stn_sigma': 2.7336650722818883, 'noise_gpe_sigma': 104.42746742813462, 'noise_gpi_sigma': 89.04963308098849, 'g_stn_gpe_mult': 3.523145647701253, 'g_gpe_stn_mult': 0.16853469805457755, 'g_stn_gpi_mult': 2.6151548204264348, 'g_gpe_gpi_mult': 0.7640996685192716}. Best is trial 609 with value: 0.1297953515744074.
[I 2026-05-28 21:47:12,586] Trial 761 finished with value: 0.14441553683755382 and parameters: {'ISTN': 60.09462393212913, 'I_gpe': 1.1607691148825192, 'I_gpi': 2.006233069271153, 'noise_stn_sigma': 2.986782169339461, 'noise_gpe_sigma': 106.06177373565745, 'noise_gpi_sigma': 88.13213762560093, 'g_stn_gpe_mult': 3.4420834540228427, 'g_gpe_stn_mult': 0.1826072746164915, 'g_stn_gpi_mult': 2.6948771484583354, 'g_gpe_gpi_mult': 0.7527627958967589}. Best is trial 609 with value: 0.1297953515744074.
[I 2026-05-28 21:47:13,591] Trial 762 finished with value: 0.1357019933440801 and parameters: {'ISTN': 60.27400824371352, 'I_gpe': 1.0649590442182537, 'I_gpi': 1.9783902701860745, 'noise_stn_sigma': 2.9900361617462696, 'noise_gpe_sigma': 110.9642788606699, 'noise_gpi_sigma': 86.7618878182593, 'g_stn_gpe_mult': 3.566615742047775, 'g_gpe_stn_mult': 0.1796656463113369, 'g_stn_gpi_mult': 2.683243331533999, 'g_gpe_gpi_mult': 0.7682923102759089}. Best is trial 609 with value: 0.1297953515744074.
[I 2026-05-28 21:47:14,598] Trial 763 finished with value: 0.13522955842585088 and parameters: {'ISTN': 60.19161075934273, 'I_gpe': 1.0762241549500133, 'I_gpi': 2.0369429621367, 'noise_stn_sigma': 2.8068960189285557, 'noise_gpe_sigma': 109.80665418064413, 'noise_gpi_sigma': 82.40725069495696, 'g_stn_gpe_mult': 3.6223391538371383, 'g_gpe_stn_mult': 0.17919282587291108, 'g_stn_gpi_mult': 2.651031621970052, 'g_gpe_gpi_mult': 0.7836440572465435}. Best is trial 609 with value: 0.1297953515744074.
[I 2026-05-28 21:47:15,608] Trial 764 finished with value: 0.15122922744880915 and parameters: {'ISTN': 60.93626130215534, 'I_gpe': 1.1103189255817316, 'I_gpi': 2.0949578632784376, 'noise_stn_sigma': 2.805705859353348, 'noise_gpe_sigma': 107.02915721573308, 'noise_gpi_sigma': 89.043843859745, 'g_stn_gpe_mult': 3.5038980797132213, 'g_gpe_stn_mult': 0.1789927656410304, 'g_stn_gpi_mult': 2.624627576150419, 'g_gpe_gpi_mult': 0.7705407998893887}. Best is trial 609 with value: 0.1297953515744074.
[I 2026-05-28 21:47:16,614] Trial 765 finished with value: 0.13946255588497236 and parameters: {'ISTN': 60.21969920860763, 'I_gpe': 1.1252679137211543, 'I_gpi': 2.04146443704876, 'noise_stn_sigma': 2.7404334220289215, 'noise_gpe_sigma': 108.62542635429465, 'noise_gpi_sigma': 85.26558089911295, 'g_stn_gpe_mult': 3.473273680428165, 'g_gpe_stn_mult': 0.1825651832431962, 'g_stn_gpi_mult': 2.6953745690860966, 'g_gpe_gpi_mult': 0.7411196724969071}. Best is trial 609 with value: 0.1297953515744074.
[I 2026-05-28 21:47:17,620] Trial 766 finished with value: 0.14505799072875336 and parameters: {'ISTN': 60.80784996409289, 'I_gpe': 1.1344408611128634, 'I_gpi': 2.017699592634262, 'noise_stn_sigma': 2.771161373465732, 'noise_gpe_sigma': 109.0611738771971, 'noise_gpi_sigma': 87.2893500121178, 'g_stn_gpe_mult': 3.508622519902966, 'g_gpe_stn_mult': 0.17583721086203896, 'g_stn_gpi_mult': 2.631394528717025, 'g_gpe_gpi_mult': 0.7635776375328875}. Best is trial 609 with value: 0.1297953515744074.
[I 2026-05-28 21:47:18,628] Trial 767 finished with value: 0.14185300132087392 and parameters: {'ISTN': 60.95528405389998, 'I_gpe': 1.0826205372117463, 'I_gpi': 2.043562424651139, 'noise_stn_sigma': 2.9998007093037526, 'noise_gpe_sigma': 109.39278635128352, 'noise_gpi_sigma': 86.22896365065529, 'g_stn_gpe_mult': 3.493431101680258, 'g_gpe_stn_mult': 0.1618246608155568, 'g_stn_gpi_mult': 2.6855114492176773, 'g_gpe_gpi_mult': 0.7729577555743592}. Best is trial 609 with value: 0.1297953515744074.
[I 2026-05-28 21:47:19,634] Trial 768 finished with value: 0.13862312525569587 and parameters: {'ISTN': 60.82984353240153, 'I_gpe': 1.0737924068421305, 'I_gpi': 2.04790076888183, 'noise_stn_sigma': 2.8859462539781826, 'noise_gpe_sigma': 108.3106669106915, 'noise_gpi_sigma': 88.64187579995988, 'g_stn_gpe_mult': 3.5112898586098322, 'g_gpe_stn_mult': 0.16809538538017121, 'g_stn_gpi_mult': 2.684516032734684, 'g_gpe_gpi_mult': 0.760981433543185}. Best is trial 609 with value: 0.1297953515744074.
[I 2026-05-28 21:47:20,641] Trial 769 finished with value: 0.14277321907212664 and parameters: {'ISTN': 60.84066966935955, 'I_gpe': 1.0538849761419937, 'I_gpi': 2.037667975566853, 'noise_stn_sigma': 2.76245406263594, 'noise_gpe_sigma': 110.50693827491222, 'noise_gpi_sigma': 84.61257968070579, 'g_stn_gpe_mult': 3.594540699183074, 'g_gpe_stn_mult': 0.17705337407951016, 'g_stn_gpi_mult': 2.6453305573665165, 'g_gpe_gpi_mult': 0.7722025105613737}. Best is trial 609 with value: 0.1297953515744074.
[I 2026-05-28 21:47:21,647] Trial 770 finished with value: 0.13237805205577427 and parameters: {'ISTN': 60.51347468499322, 'I_gpe': 1.0716387230511066, 'I_gpi': 2.043531095658361, 'noise_stn_sigma': 2.8594226539255314, 'noise_gpe_sigma': 109.71802625420015, 'noise_gpi_sigma': 83.2075779555596, 'g_stn_gpe_mult': 3.5483867354820195, 'g_gpe_stn_mult': 0.17016512572518572, 'g_stn_gpi_mult': 2.6835509696465607, 'g_gpe_gpi_mult': 0.7807480960801714}. Best is trial 609 with value: 0.1297953515744074.
[I 2026-05-28 21:47:22,656] Trial 771 finished with value: 0.1447956571075881 and parameters: {'ISTN': 60.827125460606396, 'I_gpe': 1.0177342970376957, 'I_gpi': 2.0017901799851914, 'noise_stn_sigma': 2.8656493668053566, 'noise_gpe_sigma': 110.75244403804831, 'noise_gpi_sigma': 83.7941318899105, 'g_stn_gpe_mult': 3.575757411525728, 'g_gpe_stn_mult': 0.17531855895951043, 'g_stn_gpi_mult': 2.695798209413873, 'g_gpe_gpi_mult': 0.7770471796938201}. Best is trial 609 with value: 0.1297953515744074.
[I 2026-05-28 21:47:23,663] Trial 772 finished with value: 0.13456453563252807 and parameters: {'ISTN': 60.41450345113775, 'I_gpe': 1.1179430881041448, 'I_gpi': 1.966748636427742, 'noise_stn_sigma': 2.8067290790585844, 'noise_gpe_sigma': 108.86457339797559, 'noise_gpi_sigma': 85.13143162758003, 'g_stn_gpe_mult': 3.5855600024955354, 'g_gpe_stn_mult': 0.17447248484670766, 'g_stn_gpi_mult': 2.6037299953070976, 'g_gpe_gpi_mult': 0.7718516406111899}. Best is trial 609 with value: 0.1297953515744074.
[I 2026-05-28 21:47:24,670] Trial 773 finished with value: 0.13351098191705701 and parameters: {'ISTN': 60.04548045377387, 'I_gpe': 1.0637586931863952, 'I_gpi': 2.049820679963397, 'noise_stn_sigma': 2.7390431152598724, 'noise_gpe_sigma': 109.60703485810097, 'noise_gpi_sigma': 81.46811693762328, 'g_stn_gpe_mult': 3.5658988428360074, 'g_gpe_stn_mult': 0.18245654241850848, 'g_stn_gpi_mult': 2.6676284375384753, 'g_gpe_gpi_mult': 0.7813077200512129}. Best is trial 609 with value: 0.1297953515744074.
[I 2026-05-28 21:47:25,677] Trial 774 finished with value: 0.14053612319631542 and parameters: {'ISTN': 60.66500188115862, 'I_gpe': 1.0665727817165207, 'I_gpi': 2.10834106805113, 'noise_stn_sigma': 2.8917147978773814, 'noise_gpe_sigma': 110.35657437783163, 'noise_gpi_sigma': 83.41741266003785, 'g_stn_gpe_mult': 3.539528857642057, 'g_gpe_stn_mult': 0.1630362494553817, 'g_stn_gpi_mult': 2.6827581401694838, 'g_gpe_gpi_mult': 0.780379308559572}. Best is trial 609 with value: 0.1297953515744074.
[I 2026-05-28 21:47:26,686] Trial 775 finished with value: 0.13074323964995382 and parameters: {'ISTN': 60.14658934555493, 'I_gpe': 1.1203226022699608, 'I_gpi': 2.0148811855545823, 'noise_stn_sigma': 2.8295420951028696, 'noise_gpe_sigma': 108.25921226902778, 'noise_gpi_sigma': 84.23065586118172, 'g_stn_gpe_mult': 3.49999443280194, 'g_gpe_stn_mult': 0.17594760772086038, 'g_stn_gpi_mult': 2.6868621155065644, 'g_gpe_gpi_mult': 0.7735178708956933}. Best is trial 609 with value: 0.1297953515744074.
[I 2026-05-28 21:47:27,695] Trial 776 finished with value: 0.1345256822111696 and parameters: {'ISTN': 60.37074016857068, 'I_gpe': 1.116068768371565, 'I_gpi': 2.0713017874568775, 'noise_stn_sigma': 2.872338534375442, 'noise_gpe_sigma': 110.28507471140719, 'noise_gpi_sigma': 82.2491877026183, 'g_stn_gpe_mult': 3.575140247999532, 'g_gpe_stn_mult': 0.174171759468145, 'g_stn_gpi_mult': 2.661129406480996, 'g_gpe_gpi_mult': 0.7945478007995657}. Best is trial 609 with value: 0.1297953515744074.
[I 2026-05-28 21:47:28,703] Trial 777 finished with value: 0.1448557298413861 and parameters: {'ISTN': 61.37345377788525, 'I_gpe': 1.0501775114859082, 'I_gpi': 2.0917479428473196, 'noise_stn_sigma': 2.7425824452072245, 'noise_gpe_sigma': 112.07007476667752, 'noise_gpi_sigma': 79.54169060768669, 'g_stn_gpe_mult': 3.5953404184624067, 'g_gpe_stn_mult': 0.16662692355565484, 'g_stn_gpi_mult': 2.628292121480124, 'g_gpe_gpi_mult': 0.8010987404283434}. Best is trial 609 with value: 0.1297953515744074.
[I 2026-05-28 21:47:29,713] Trial 778 finished with value: 0.13827112758023705 and parameters: {'ISTN': 60.780055108123975, 'I_gpe': 1.0987857060879902, 'I_gpi': 2.02755438175846, 'noise_stn_sigma': 3.0093241093371192, 'noise_gpe_sigma': 110.24740460154118, 'noise_gpi_sigma': 86.07887241567352, 'g_stn_gpe_mult': 3.5730289745683934, 'g_gpe_stn_mult': 0.16852610980752383, 'g_stn_gpi_mult': 2.684869115703556, 'g_gpe_gpi_mult': 0.7821314697565589}. Best is trial 609 with value: 0.1297953515744074.
[I 2026-05-28 21:47:30,717] Trial 779 finished with value: 0.1352158288722425 and parameters: {'ISTN': 60.564996709426765, 'I_gpe': 1.04977026597564, 'I_gpi': 2.014234902827599, 'noise_stn_sigma': 2.717530616933944, 'noise_gpe_sigma': 110.05849977847538, 'noise_gpi_sigma': 83.68247912776576, 'g_stn_gpe_mult': 3.578271987348124, 'g_gpe_stn_mult': 0.16919853188207815, 'g_stn_gpi_mult': 2.6706080754440618, 'g_gpe_gpi_mult': 0.7674658260495733}. Best is trial 609 with value: 0.1297953515744074.
[I 2026-05-28 21:47:31,723] Trial 780 finished with value: 0.14971398708365663 and parameters: {'ISTN': 60.464506704081735, 'I_gpe': 1.1307285039819561, 'I_gpi': 2.0685164175367694, 'noise_stn_sigma': 2.989984299839534, 'noise_gpe_sigma': 109.83303314319316, 'noise_gpi_sigma': 84.33948850113745, 'g_stn_gpe_mult': 3.543183003806355, 'g_gpe_stn_mult': 0.1818064796397334, 'g_stn_gpi_mult': 2.641963994867301, 'g_gpe_gpi_mult': 0.7878581228063677}. Best is trial 609 with value: 0.1297953515744074.
[I 2026-05-28 21:47:32,735] Trial 781 finished with value: 0.13808602966965516 and parameters: {'ISTN': 60.13649630902415, 'I_gpe': 1.0655074736530024, 'I_gpi': 2.0384694246826407, 'noise_stn_sigma': 2.746052321752167, 'noise_gpe_sigma': 113.20527674073558, 'noise_gpi_sigma': 82.03438293928198, 'g_stn_gpe_mult': 3.5678290970892528, 'g_gpe_stn_mult': 0.1866220895307236, 'g_stn_gpi_mult': 2.687373622893204, 'g_gpe_gpi_mult': 0.7832096024515824}. Best is trial 609 with value: 0.1297953515744074.
[I 2026-05-28 21:47:33,742] Trial 782 finished with value: 0.1337185938276687 and parameters: {'ISTN': 60.251498603103144, 'I_gpe': 1.1425354191039647, 'I_gpi': 1.9350594326295865, 'noise_stn_sigma': 2.808644072236628, 'noise_gpe_sigma': 107.87680940516705, 'noise_gpi_sigma': 83.06468634175599, 'g_stn_gpe_mult': 3.4513655804687335, 'g_gpe_stn_mult': 0.17934676270087824, 'g_stn_gpi_mult': 2.6385709821931966, 'g_gpe_gpi_mult': 0.7569917785766176}. Best is trial 609 with value: 0.1297953515744074.
[I 2026-05-28 21:47:34,749] Trial 783 finished with value: 0.13647989679188244 and parameters: {'ISTN': 60.63700380936879, 'I_gpe': 1.0892854783825787, 'I_gpi': 2.0906765123782933, 'noise_stn_sigma': 2.537268689022045, 'noise_gpe_sigma': 109.05917465819088, 'noise_gpi_sigma': 82.51509281996255, 'g_stn_gpe_mult': 3.52927163018279, 'g_gpe_stn_mult': 0.1749923641481116, 'g_stn_gpi_mult': 2.6089996288248103, 'g_gpe_gpi_mult': 0.7844870040272576}. Best is trial 609 with value: 0.1297953515744074.
[I 2026-05-28 21:47:35,696] Trial 784 finished with value: 1000000.0 and parameters: {'ISTN': 61.150563474942025, 'I_gpe': 1.0242108896384865, 'I_gpi': 1.9510075267983868, 'noise_stn_sigma': 2.717712748757318, 'noise_gpe_sigma': 109.66408086484698, 'noise_gpi_sigma': 86.6690621615782, 'g_stn_gpe_mult': 3.502482123218062, 'g_gpe_stn_mult': 0.160969094729282, 'g_stn_gpi_mult': 2.669015228426418, 'g_gpe_gpi_mult': 0.7562314072791452}. Best is trial 609 with value: 0.1297953515744074.
[I 2026-05-28 21:47:36,706] Trial 785 finished with value: 0.1455253279960075 and parameters: {'ISTN': 60.54990834026286, 'I_gpe': 1.0254300179276363, 'I_gpi': 2.057915425638363, 'noise_stn_sigma': 2.794515123676725, 'noise_gpe_sigma': 109.4812652888859, 'noise_gpi_sigma': 84.04144232825689, 'g_stn_gpe_mult': 3.5783413458598754, 'g_gpe_stn_mult': 0.16931721835337937, 'g_stn_gpi_mult': 2.616193241811308, 'g_gpe_gpi_mult': 0.7704405133724967}. Best is trial 609 with value: 0.1297953515744074.
[I 2026-05-28 21:47:37,711] Trial 786 finished with value: 0.1348783234056169 and parameters: {'ISTN': 60.38042666597702, 'I_gpe': 1.1651464916379284, 'I_gpi': 2.0370768244851063, 'noise_stn_sigma': 2.7367335962449824, 'noise_gpe_sigma': 107.03883706852963, 'noise_gpi_sigma': 85.39345363228365, 'g_stn_gpe_mult': 3.5978951243019406, 'g_gpe_stn_mult': 0.176335690480254, 'g_stn_gpi_mult': 2.601433487603794, 'g_gpe_gpi_mult': 0.7724903085146972}. Best is trial 609 with value: 0.1297953515744074.
[I 2026-05-28 21:47:38,720] Trial 787 finished with value: 0.14683069957344383 and parameters: {'ISTN': 60.581526480714494, 'I_gpe': 1.1755643046581434, 'I_gpi': 2.0251238630735804, 'noise_stn_sigma': 2.723109366676736, 'noise_gpe_sigma': 110.902515396257, 'noise_gpi_sigma': 83.35776560919052, 'g_stn_gpe_mult': 3.4496217292481424, 'g_gpe_stn_mult': 0.17949330355252296, 'g_stn_gpi_mult': 2.6869374451840824, 'g_gpe_gpi_mult': 0.7759502350303478}. Best is trial 609 with value: 0.1297953515744074.
[I 2026-05-28 21:47:39,727] Trial 788 finished with value: 0.14821513638609735 and parameters: {'ISTN': 60.35588804228806, 'I_gpe': 1.09088194506446, 'I_gpi': 2.040158034115295, 'noise_stn_sigma': 2.8037087565791845, 'noise_gpe_sigma': 109.61956839992719, 'noise_gpi_sigma': 82.6460878204029, 'g_stn_gpe_mult': 3.5171736455859888, 'g_gpe_stn_mult': 0.1904846152267482, 'g_stn_gpi_mult': 2.6218256827123643, 'g_gpe_gpi_mult': 0.7746571110180558}. Best is trial 609 with value: 0.1297953515744074.
[I 2026-05-28 21:47:40,733] Trial 789 finished with value: 0.138151218524467 and parameters: {'ISTN': 60.41573079894394, 'I_gpe': 1.0497113851517579, 'I_gpi': 1.9878858185203567, 'noise_stn_sigma': 2.8866757125016242, 'noise_gpe_sigma': 110.76777626493889, 'noise_gpi_sigma': 81.32302854865796, 'g_stn_gpe_mult': 3.5213323307030837, 'g_gpe_stn_mult': 0.17382163004754653, 'g_stn_gpi_mult': 2.6603831180590687, 'g_gpe_gpi_mult': 0.7939967239069465}. Best is trial 609 with value: 0.1297953515744074.
[I 2026-05-28 21:47:41,738] Trial 790 finished with value: 0.1377343051486074 and parameters: {'ISTN': 60.34690667890816, 'I_gpe': 1.1394549236206897, 'I_gpi': 2.1146895089153315, 'noise_stn_sigma': 2.839439316824392, 'noise_gpe_sigma': 108.51575419859113, 'noise_gpi_sigma': 84.74519190683465, 'g_stn_gpe_mult': 3.562361394745105, 'g_gpe_stn_mult': 0.17099603230255978, 'g_stn_gpi_mult': 2.6136053896810036, 'g_gpe_gpi_mult': 0.7906550474451424}. Best is trial 609 with value: 0.1297953515744074.
[I 2026-05-28 21:47:42,747] Trial 791 finished with value: 0.13997020279526096 and parameters: {'ISTN': 61.022633944524365, 'I_gpe': 1.128281659877536, 'I_gpi': 1.9617375381063313, 'noise_stn_sigma': 2.496910561731382, 'noise_gpe_sigma': 108.98837917932207, 'noise_gpi_sigma': 84.2414687211493, 'g_stn_gpe_mult': 3.475250428504222, 'g_gpe_stn_mult': 0.17372890104368277, 'g_stn_gpi_mult': 2.5889458197507667, 'g_gpe_gpi_mult': 0.7544012850065798}. Best is trial 609 with value: 0.1297953515744074.
