[I 2026-05-28 21:49:12,309] Trial 880 finished with value: 0.13513416853777643 and parameters: {'ISTN': 61.39776165317823, 'I_gpe': 1.1395297210921642, 'I_gpi': 2.043564259819367, 'noise_stn_sigma': 2.488199710059617, 'noise_gpe_sigma': 104.0674482288125, 'noise_gpi_sigma': 87.24628607773278, 'g_stn_gpe_mult': 3.539225999391496, 'g_gpe_stn_mult': 0.15830642781216914, 'g_stn_gpi_mult': 2.5680361361521737, 'g_gpe_gpi_mult': 0.7902557184800443}. Best is trial 845 with value: 0.12710756475260498.
[I 2026-05-28 21:49:13,319] Trial 881 finished with value: 0.13855275764028913 and parameters: {'ISTN': 60.18165617653231, 'I_gpe': 1.1840755886628023, 'I_gpi': 2.0852033491954542, 'noise_stn_sigma': 2.3848578838594765, 'noise_gpe_sigma': 105.89847425254627, 'noise_gpi_sigma': 82.44245678700676, 'g_stn_gpe_mult': 3.444918414738636, 'g_gpe_stn_mult': 0.1802971542925657, 'g_stn_gpi_mult': 2.5598460784710664, 'g_gpe_gpi_mult': 0.7821919367109906}. Best is trial 845 with value: 0.12710756475260498.
[I 2026-05-28 21:49:14,329] Trial 882 finished with value: 0.13626871538743526 and parameters: {'ISTN': 60.89113027624942, 'I_gpe': 1.0773460547695863, 'I_gpi': 2.068161572211618, 'noise_stn_sigma': 2.727556859965204, 'noise_gpe_sigma': 106.2991986819855, 'noise_gpi_sigma': 88.14788027513028, 'g_stn_gpe_mult': 3.574270285889761, 'g_gpe_stn_mult': 0.16770528477294538, 'g_stn_gpi_mult': 2.6111913837301706, 'g_gpe_gpi_mult': 0.7747267054069926}. Best is trial 845 with value: 0.12710756475260498.
[I 2026-05-28 21:49:15,338] Trial 883 finished with value: 0.13590700801321245 and parameters: {'ISTN': 60.43405157198666, 'I_gpe': 1.1218131470252068, 'I_gpi': 2.0979455846976025, 'noise_stn_sigma': 2.6765409104387823, 'noise_gpe_sigma': 104.75932489627144, 'noise_gpi_sigma': 88.14418236334619, 'g_stn_gpe_mult': 3.5030010790935555, 'g_gpe_stn_mult': 0.1758919258303105, 'g_stn_gpi_mult': 2.604615141194664, 'g_gpe_gpi_mult': 0.7704454134167691}. Best is trial 845 with value: 0.12710756475260498.
[I 2026-05-28 21:49:16,346] Trial 884 finished with value: 0.1313202457321475 and parameters: {'ISTN': 60.28011988493099, 'I_gpe': 1.1718651336589025, 'I_gpi': 2.0361648317303613, 'noise_stn_sigma': 2.6922282705490908, 'noise_gpe_sigma': 106.5283261866318, 'noise_gpi_sigma': 86.39513876263702, 'g_stn_gpe_mult': 3.5875516298088663, 'g_gpe_stn_mult': 0.17421793761955282, 'g_stn_gpi_mult': 2.590740716726775, 'g_gpe_gpi_mult': 0.7844086660455911}. Best is trial 845 with value: 0.12710756475260498.
[I 2026-05-28 21:49:17,356] Trial 885 finished with value: 0.1391867891344918 and parameters: {'ISTN': 60.90223704647072, 'I_gpe': 1.1542710100332003, 'I_gpi': 2.0573533155470396, 'noise_stn_sigma': 2.66013298403047, 'noise_gpe_sigma': 104.28025087511338, 'noise_gpi_sigma': 87.63284174129544, 'g_stn_gpe_mult': 3.481613089179587, 'g_gpe_stn_mult': 0.168305330787535, 'g_stn_gpi_mult': 2.5906886748417204, 'g_gpe_gpi_mult': 0.7779832718551114}. Best is trial 845 with value: 0.12710756475260498.
[I 2026-05-28 21:49:18,366] Trial 886 finished with value: 0.1316666622904179 and parameters: {'ISTN': 60.04949366475909, 'I_gpe': 1.1531067481282942, 'I_gpi': 2.0335955898445714, 'noise_stn_sigma': 2.584881044385515, 'noise_gpe_sigma': 106.11955574007985, 'noise_gpi_sigma': 86.78079353731543, 'g_stn_gpe_mult': 3.5349612920122038, 'g_gpe_stn_mult': 0.1773302916916767, 'g_stn_gpi_mult': 2.648210161406615, 'g_gpe_gpi_mult': 0.7719383757144265}. Best is trial 845 with value: 0.12710756475260498.
[I 2026-05-28 21:49:19,373] Trial 887 finished with value: 0.1294961987196812 and parameters: {'ISTN': 60.24542148739954, 'I_gpe': 1.1265768488618895, 'I_gpi': 2.060756865275997, 'noise_stn_sigma': 2.608330187103915, 'noise_gpe_sigma': 106.56638056012099, 'noise_gpi_sigma': 85.03027180526546, 'g_stn_gpe_mult': 3.5702951301929646, 'g_gpe_stn_mult': 0.17511745779995092, 'g_stn_gpi_mult': 2.586144128625583, 'g_gpe_gpi_mult': 0.7932642758084956}. Best is trial 845 with value: 0.12710756475260498.
[I 2026-05-28 21:49:20,380] Trial 888 finished with value: 0.1327152996377648 and parameters: {'ISTN': 60.16767994829867, 'I_gpe': 1.1438503389583135, 'I_gpi': 2.0776390363086588, 'noise_stn_sigma': 2.704282323598537, 'noise_gpe_sigma': 104.92275769704888, 'noise_gpi_sigma': 86.03197458991416, 'g_stn_gpe_mult': 3.4518686781008845, 'g_gpe_stn_mult': 0.17685108542437789, 'g_stn_gpi_mult': 2.614832270179197, 'g_gpe_gpi_mult': 0.7919231465484919}. Best is trial 845 with value: 0.12710756475260498.
[I 2026-05-28 21:49:21,384] Trial 889 finished with value: 0.15644017889023387 and parameters: {'ISTN': 60.21435330328581, 'I_gpe': 1.160488269099598, 'I_gpi': 2.0609484202567865, 'noise_stn_sigma': 2.6273948593514866, 'noise_gpe_sigma': 104.52743239645483, 'noise_gpi_sigma': 86.57257348326354, 'g_stn_gpe_mult': 3.5355672290702134, 'g_gpe_stn_mult': 0.17135153527677527, 'g_stn_gpi_mult': 2.601252266917443, 'g_gpe_gpi_mult': 0.7814583704709162}. Best is trial 845 with value: 0.12710756475260498.
[I 2026-05-28 21:49:22,388] Trial 890 finished with value: 0.13772237625733424 and parameters: {'ISTN': 60.457368400182204, 'I_gpe': 1.1676502063310799, 'I_gpi': 2.0574415881595867, 'noise_stn_sigma': 2.560647439778873, 'noise_gpe_sigma': 105.118905164059, 'noise_gpi_sigma': 86.40990342544953, 'g_stn_gpe_mult': 3.5205814981555985, 'g_gpe_stn_mult': 0.17631503718425132, 'g_stn_gpi_mult': 2.6084193068969586, 'g_gpe_gpi_mult': 0.7715309155233521}. Best is trial 845 with value: 0.12710756475260498.
[I 2026-05-28 21:49:23,395] Trial 891 finished with value: 0.3595160149701008 and parameters: {'ISTN': 60.56705761503412, 'I_gpe': 1.1439092312073926, 'I_gpi': 2.040664905821168, 'noise_stn_sigma': 2.6548589928536597, 'noise_gpe_sigma': 104.12319553402318, 'noise_gpi_sigma': 87.33856608404156, 'g_stn_gpe_mult': 3.5601530005894584, 'g_gpe_stn_mult': 0.16659614229940084, 'g_stn_gpi_mult': 2.625527749088298, 'g_gpe_gpi_mult': 0.775207277379613}. Best is trial 845 with value: 0.12710756475260498.
[I 2026-05-28 21:49:24,400] Trial 892 finished with value: 0.13268736142812237 and parameters: {'ISTN': 60.11701115943815, 'I_gpe': 1.1103947016710465, 'I_gpi': 2.09079341997887, 'noise_stn_sigma': 2.5974875473592935, 'noise_gpe_sigma': 107.30816554785164, 'noise_gpi_sigma': 86.02451205803268, 'g_stn_gpe_mult': 3.58865796138421, 'g_gpe_stn_mult': 0.18078709426107908, 'g_stn_gpi_mult': 2.604524838836167, 'g_gpe_gpi_mult': 0.8078633415236243}. Best is trial 845 with value: 0.12710756475260498.
[I 2026-05-28 21:49:25,407] Trial 893 finished with value: 0.13468046821855892 and parameters: {'ISTN': 60.355832216063995, 'I_gpe': 1.203480606209308, 'I_gpi': 2.112147401133697, 'noise_stn_sigma': 2.6574237212629725, 'noise_gpe_sigma': 103.78226311668539, 'noise_gpi_sigma': 87.55727748354442, 'g_stn_gpe_mult': 3.509585712308009, 'g_gpe_stn_mult': 0.17174892568957875, 'g_stn_gpi_mult': 2.6008529796408557, 'g_gpe_gpi_mult': 0.7944306970521553}. Best is trial 845 with value: 0.12710756475260498.
[I 2026-05-28 21:49:26,413] Trial 894 finished with value: 0.13991319894698365 and parameters: {'ISTN': 60.549957354086494, 'I_gpe': 1.1201165264550128, 'I_gpi': 2.0737613180400154, 'noise_stn_sigma': 2.6016882806636645, 'noise_gpe_sigma': 105.48919818138155, 'noise_gpi_sigma': 87.37575151861404, 'g_stn_gpe_mult': 3.5546816644857007, 'g_gpe_stn_mult': 0.17607470768034933, 'g_stn_gpi_mult': 2.6514239926698058, 'g_gpe_gpi_mult': 0.779325502202558}. Best is trial 845 with value: 0.12710756475260498.
[I 2026-05-28 21:49:27,420] Trial 895 finished with value: 0.1345943162991819 and parameters: {'ISTN': 60.702337810669334, 'I_gpe': 1.117057329284284, 'I_gpi': 2.044010235042184, 'noise_stn_sigma': 2.698891139327811, 'noise_gpe_sigma': 108.40390895009952, 'noise_gpi_sigma': 85.31184100963412, 'g_stn_gpe_mult': 3.570169089870082, 'g_gpe_stn_mult': 0.16623154413114932, 'g_stn_gpi_mult': 2.6467232252513355, 'g_gpe_gpi_mult': 0.7997767945200591}. Best is trial 845 with value: 0.12710756475260498.
[I 2026-05-28 21:49:28,424] Trial 896 finished with value: 0.12802613363097207 and parameters: {'ISTN': 60.17679667217895, 'I_gpe': 1.078759004218123, 'I_gpi': 2.0504756913497473, 'noise_stn_sigma': 2.633540946814925, 'noise_gpe_sigma': 108.11811389743266, 'noise_gpi_sigma': 84.73212947253992, 'g_stn_gpe_mult': 3.560335637678824, 'g_gpe_stn_mult': 0.17283389368381813, 'g_stn_gpi_mult': 2.6065339780327053, 'g_gpe_gpi_mult': 0.7957093823163197}. Best is trial 845 with value: 0.12710756475260498.
[I 2026-05-28 21:49:29,429] Trial 897 finished with value: 0.13001768359552218 and parameters: {'ISTN': 60.15971259822191, 'I_gpe': 1.1297113741245022, 'I_gpi': 2.0082543924458927, 'noise_stn_sigma': 2.6597440471300935, 'noise_gpe_sigma': 105.87881287260166, 'noise_gpi_sigma': 85.98422535108237, 'g_stn_gpe_mult': 3.5918781393108485, 'g_gpe_stn_mult': 0.17848896551648924, 'g_stn_gpi_mult': 2.6615643364324653, 'g_gpe_gpi_mult': 0.7703463341118824}. Best is trial 845 with value: 0.12710756475260498.
[I 2026-05-28 21:49:30,434] Trial 898 finished with value: 0.13692441225470137 and parameters: {'ISTN': 60.468901114201664, 'I_gpe': 1.1106865743400265, 'I_gpi': 2.0732549663288067, 'noise_stn_sigma': 2.658661101967926, 'noise_gpe_sigma': 105.49289310207888, 'noise_gpi_sigma': 85.49537140462019, 'g_stn_gpe_mult': 3.5924119268704238, 'g_gpe_stn_mult': 0.17115649810794875, 'g_stn_gpi_mult': 2.5895688544604543, 'g_gpe_gpi_mult': 0.7902990785850061}. Best is trial 845 with value: 0.12710756475260498.
[I 2026-05-28 21:49:31,440] Trial 899 finished with value: 0.13796260178951963 and parameters: {'ISTN': 60.93253821526699, 'I_gpe': 1.1437157058372702, 'I_gpi': 2.03911289191547, 'noise_stn_sigma': 2.834345405091461, 'noise_gpe_sigma': 106.82778864658565, 'noise_gpi_sigma': 86.16937180003639, 'g_stn_gpe_mult': 3.560091918369002, 'g_gpe_stn_mult': 0.16240409374263784, 'g_stn_gpi_mult': 2.613890247156241, 'g_gpe_gpi_mult': 0.7930526300556442}. Best is trial 845 with value: 0.12710756475260498.
[I 2026-05-28 21:49:32,447] Trial 900 finished with value: 0.13198472462061775 and parameters: {'ISTN': 60.279241895384885, 'I_gpe': 1.1028440109330928, 'I_gpi': 2.0530184633260617, 'noise_stn_sigma': 2.651267789555879, 'noise_gpe_sigma': 108.31442647085316, 'noise_gpi_sigma': 82.4930753146313, 'g_stn_gpe_mult': 3.539722940964302, 'g_gpe_stn_mult': 0.17673042867748143, 'g_stn_gpi_mult': 2.6187177334752754, 'g_gpe_gpi_mult': 0.7912029586975506}. Best is trial 845 with value: 0.12710756475260498.
[I 2026-05-28 21:49:33,457] Trial 901 finished with value: 0.19087366779572262 and parameters: {'ISTN': 60.35307852330667, 'I_gpe': 1.0847979205583616, 'I_gpi': 2.0419963670936667, 'noise_stn_sigma': 2.619582638605828, 'noise_gpe_sigma': 106.30144752714548, 'noise_gpi_sigma': 84.9336619411631, 'g_stn_gpe_mult': 3.5508906549304777, 'g_gpe_stn_mult': 0.16839103006525752, 'g_stn_gpi_mult': 2.6189232647288727, 'g_gpe_gpi_mult': 0.7881216735571537}. Best is trial 845 with value: 0.12710756475260498.
[I 2026-05-28 21:49:34,464] Trial 902 finished with value: 0.12920449036620305 and parameters: {'ISTN': 60.06381369412736, 'I_gpe': 1.0880700288015999, 'I_gpi': 2.0358399475804667, 'noise_stn_sigma': 2.7732551076032372, 'noise_gpe_sigma': 105.7153838072672, 'noise_gpi_sigma': 84.98817456134168, 'g_stn_gpe_mult': 3.5938587845937, 'g_gpe_stn_mult': 0.17138693920359074, 'g_stn_gpi_mult': 2.6218605159730104, 'g_gpe_gpi_mult': 0.7855765337064129}. Best is trial 845 with value: 0.12710756475260498.
[I 2026-05-28 21:49:35,469] Trial 903 finished with value: 0.13525741924654783 and parameters: {'ISTN': 60.47831808653453, 'I_gpe': 1.0934269335853584, 'I_gpi': 2.027969700457451, 'noise_stn_sigma': 2.550972100553534, 'noise_gpe_sigma': 108.76287249518775, 'noise_gpi_sigma': 83.14744159253365, 'g_stn_gpe_mult': 3.578185885148, 'g_gpe_stn_mult': 0.1758073493358659, 'g_stn_gpi_mult': 2.587089113102583, 'g_gpe_gpi_mult': 0.7862377984800071}. Best is trial 845 with value: 0.12710756475260498.
[I 2026-05-28 21:49:36,478] Trial 904 finished with value: 0.1292039809524368 and parameters: {'ISTN': 60.28279608794516, 'I_gpe': 1.0657389714737762, 'I_gpi': 2.0123531147624827, 'noise_stn_sigma': 2.688108379078201, 'noise_gpe_sigma': 109.35598827744185, 'noise_gpi_sigma': 84.05056344085808, 'g_stn_gpe_mult': 3.631035644447627, 'g_gpe_stn_mult': 0.17204982377443834, 'g_stn_gpi_mult': 2.6453880905159943, 'g_gpe_gpi_mult': 0.803252585630835}. Best is trial 845 with value: 0.12710756475260498.
[I 2026-05-28 21:49:37,484] Trial 905 finished with value: 0.14164556462412367 and parameters: {'ISTN': 60.44552768288714, 'I_gpe': 1.09422274977414, 'I_gpi': 2.0476374085096354, 'noise_stn_sigma': 2.625762872350485, 'noise_gpe_sigma': 105.80338716908662, 'noise_gpi_sigma': 86.67182000898522, 'g_stn_gpe_mult': 3.5220901806888385, 'g_gpe_stn_mult': 0.1764970524817575, 'g_stn_gpi_mult': 2.621108223030718, 'g_gpe_gpi_mult': 0.7790341912864835}. Best is trial 845 with value: 0.12710756475260498.
[I 2026-05-28 21:49:38,492] Trial 906 finished with value: 0.1438427564538238 and parameters: {'ISTN': 60.32386620346259, 'I_gpe': 1.0737647235466985, 'I_gpi': 2.036257801190608, 'noise_stn_sigma': 2.5910270128382678, 'noise_gpe_sigma': 109.13371531818868, 'noise_gpi_sigma': 85.13015055833547, 'g_stn_gpe_mult': 3.5671223400769967, 'g_gpe_stn_mult': 0.1720816920351975, 'g_stn_gpi_mult': 2.6522357369428784, 'g_gpe_gpi_mult': 0.7906069492774543}. Best is trial 845 with value: 0.12710756475260498.
[I 2026-05-28 21:49:39,498] Trial 907 finished with value: 0.131636518044287 and parameters: {'ISTN': 60.55390471335665, 'I_gpe': 1.0699142166042992, 'I_gpi': 2.0276645054224804, 'noise_stn_sigma': 2.619305450851468, 'noise_gpe_sigma': 108.54596108447748, 'noise_gpi_sigma': 83.40081192983989, 'g_stn_gpe_mult': 3.588319183029319, 'g_gpe_stn_mult': 0.16884685272102679, 'g_stn_gpi_mult': 2.66303078448711, 'g_gpe_gpi_mult': 0.80231298189767}. Best is trial 845 with value: 0.12710756475260498.
[I 2026-05-28 21:49:40,503] Trial 908 finished with value: 0.13429976616372816 and parameters: {'ISTN': 60.484750101216264, 'I_gpe': 1.1123221417395406, 'I_gpi': 2.0630672373451957, 'noise_stn_sigma': 2.569468146508452, 'noise_gpe_sigma': 106.55727993716734, 'noise_gpi_sigma': 86.06862653052849, 'g_stn_gpe_mult': 3.584078944411568, 'g_gpe_stn_mult': 0.17507870834836092, 'g_stn_gpi_mult': 2.611870927112156, 'g_gpe_gpi_mult': 0.7971542861135728}. Best is trial 845 with value: 0.12710756475260498.
[I 2026-05-28 21:49:41,509] Trial 909 finished with value: 0.12966694303314125 and parameters: {'ISTN': 60.24362045187214, 'I_gpe': 1.075322978036927, 'I_gpi': 2.038029933954805, 'noise_stn_sigma': 2.5584193412807013, 'noise_gpe_sigma': 107.086705936956, 'noise_gpi_sigma': 86.18313671905399, 'g_stn_gpe_mult': 3.6052467937858625, 'g_gpe_stn_mult': 0.1739708504034707, 'g_stn_gpi_mult': 2.603451275897284, 'g_gpe_gpi_mult': 0.7915050441221865}. Best is trial 845 with value: 0.12710756475260498.
[I 2026-05-28 21:49:42,514] Trial 910 finished with value: 0.1374022191317349 and parameters: {'ISTN': 60.554180655218, 'I_gpe': 1.131939110656932, 'I_gpi': 2.0159219973065254, 'noise_stn_sigma': 2.589601013786213, 'noise_gpe_sigma': 107.03712027341004, 'noise_gpi_sigma': 87.14307324629044, 'g_stn_gpe_mult': 3.518988468814151, 'g_gpe_stn_mult': 0.17172642642524028, 'g_stn_gpi_mult': 2.6204444254871064, 'g_gpe_gpi_mult': 0.7834442554385863}. Best is trial 845 with value: 0.12710756475260498.
[I 2026-05-28 21:49:43,522] Trial 911 finished with value: 0.15969116596842828 and parameters: {'ISTN': 60.622800561686844, 'I_gpe': 1.013394392199166, 'I_gpi': 2.0356469609138745, 'noise_stn_sigma': 2.736132043832904, 'noise_gpe_sigma': 108.36276343192422, 'noise_gpi_sigma': 85.77628219376385, 'g_stn_gpe_mult': 3.6668352673724622, 'g_gpe_stn_mult': 0.16119584515350238, 'g_stn_gpi_mult': 2.629823456716516, 'g_gpe_gpi_mult': 0.807041142423359}. Best is trial 845 with value: 0.12710756475260498.
[I 2026-05-28 21:49:44,528] Trial 912 finished with value: 0.1343094366169787 and parameters: {'ISTN': 60.26614872716031, 'I_gpe': 1.0529249152690139, 'I_gpi': 2.01652208833459, 'noise_stn_sigma': 2.8311588844896813, 'noise_gpe_sigma': 110.4580967127961, 'noise_gpi_sigma': 83.17628233431626, 'g_stn_gpe_mult': 3.667505452007566, 'g_gpe_stn_mult': 0.17100996517334785, 'g_stn_gpi_mult': 2.648403552760762, 'g_gpe_gpi_mult': 0.7972241974643897}. Best is trial 845 with value: 0.12710756475260498.
[I 2026-05-28 21:49:45,534] Trial 913 finished with value: 0.13174735879459804 and parameters: {'ISTN': 60.344505183692064, 'I_gpe': 1.091934679359687, 'I_gpi': 2.0515820930443622, 'noise_stn_sigma': 2.6658789465843586, 'noise_gpe_sigma': 106.83321134744699, 'noise_gpi_sigma': 83.78229669704052, 'g_stn_gpe_mult': 3.576721847840916, 'g_gpe_stn_mult': 0.17279685876875767, 'g_stn_gpi_mult': 2.6352256020775187, 'g_gpe_gpi_mult': 0.8107425348866417}. Best is trial 845 with value: 0.12710756475260498.
[I 2026-05-28 21:49:46,543] Trial 914 finished with value: 0.12598678831656998 and parameters: {'ISTN': 60.222410478928666, 'I_gpe': 1.1021413512381395, 'I_gpi': 2.0417789932810178, 'noise_stn_sigma': 2.8226762135316625, 'noise_gpe_sigma': 107.32202905158907, 'noise_gpi_sigma': 86.54890888562271, 'g_stn_gpe_mult': 3.590185832931328, 'g_gpe_stn_mult': 0.16913429897353674, 'g_stn_gpi_mult': 2.6697070898948656, 'g_gpe_gpi_mult': 0.7863667062546731}. Best is trial 914 with value: 0.12598678831656998.
[I 2026-05-28 21:49:47,550] Trial 915 finished with value: 0.2551001535809638 and parameters: {'ISTN': 60.249104796271325, 'I_gpe': 1.0638993420266583, 'I_gpi': 2.054488994456885, 'noise_stn_sigma': 2.566282469562732, 'noise_gpe_sigma': 108.03767333000164, 'noise_gpi_sigma': 86.19019226157141, 'g_stn_gpe_mult': 3.682765283984182, 'g_gpe_stn_mult': 0.1703328678398402, 'g_stn_gpi_mult': 2.5675396808470503, 'g_gpe_gpi_mult': 0.8193086806559962}. Best is trial 914 with value: 0.12598678831656998.
[I 2026-05-28 21:49:48,556] Trial 916 finished with value: 0.17538710614067796 and parameters: {'ISTN': 60.14762912763375, 'I_gpe': 1.105594380040455, 'I_gpi': 1.9770195148561827, 'noise_stn_sigma': 2.696964392600136, 'noise_gpe_sigma': 106.67253268560391, 'noise_gpi_sigma': 85.71594265152012, 'g_stn_gpe_mult': 3.5524770256464695, 'g_gpe_stn_mult': 0.17512478992396163, 'g_stn_gpi_mult': 2.67570403140792, 'g_gpe_gpi_mult': 0.7706382561909899}. Best is trial 914 with value: 0.12598678831656998.
[I 2026-05-28 21:49:49,562] Trial 917 finished with value: 0.13194198211525474 and parameters: {'ISTN': 60.35932142589812, 'I_gpe': 1.0405330795425825, 'I_gpi': 2.0022191717390285, 'noise_stn_sigma': 2.5554959970348916, 'noise_gpe_sigma': 108.12123028674294, 'noise_gpi_sigma': 83.49461072724573, 'g_stn_gpe_mult': 3.5836559402537467, 'g_gpe_stn_mult': 0.17399713464807634, 'g_stn_gpi_mult': 2.5869528942446856, 'g_gpe_gpi_mult': 0.7942144986303974}. Best is trial 914 with value: 0.12598678831656998.
[I 2026-05-28 21:49:50,570] Trial 918 finished with value: 0.12994663402705436 and parameters: {'ISTN': 60.5383881628186, 'I_gpe': 1.0775946059288943, 'I_gpi': 2.0452807558642894, 'noise_stn_sigma': 2.547097324129391, 'noise_gpe_sigma': 107.19792952796396, 'noise_gpi_sigma': 85.29573263507329, 'g_stn_gpe_mult': 3.593587551299856, 'g_gpe_stn_mult': 0.17108923577426166, 'g_stn_gpi_mult': 2.613727803275953, 'g_gpe_gpi_mult': 0.8038892212327731}. Best is trial 914 with value: 0.12598678831656998.
[I 2026-05-28 21:49:51,574] Trial 919 finished with value: 0.13570222160775364 and parameters: {'ISTN': 60.13682799554467, 'I_gpe': 1.0607086898506886, 'I_gpi': 2.0078954297823497, 'noise_stn_sigma': 2.621248810365564, 'noise_gpe_sigma': 107.2288094552705, 'noise_gpi_sigma': 86.36317868076222, 'g_stn_gpe_mult': 3.5566836336902883, 'g_gpe_stn_mult': 0.17627040089469737, 'g_stn_gpi_mult': 2.610444972386652, 'g_gpe_gpi_mult': 0.7737199703858102}. Best is trial 914 with value: 0.12598678831656998.
[I 2026-05-28 21:49:52,583] Trial 920 finished with value: 0.13622143407779358 and parameters: {'ISTN': 60.73867908642394, 'I_gpe': 1.0336476154776257, 'I_gpi': 1.9899782268048325, 'noise_stn_sigma': 2.755302275463233, 'noise_gpe_sigma': 109.08441091911277, 'noise_gpi_sigma': 85.89559345935442, 'g_stn_gpe_mult': 3.643431429483812, 'g_gpe_stn_mult': 0.16959265804231782, 'g_stn_gpi_mult': 2.652280983454406, 'g_gpe_gpi_mult': 0.7848341271021866}. Best is trial 914 with value: 0.12598678831656998.
[I 2026-05-28 21:49:53,593] Trial 921 finished with value: 0.417854589274597 and parameters: {'ISTN': 60.44032395705663, 'I_gpe': 1.1013660893211596, 'I_gpi': 1.9879336532729353, 'noise_stn_sigma': 2.6109455583667103, 'noise_gpe_sigma': 107.85881973978157, 'noise_gpi_sigma': 85.81977860519584, 'g_stn_gpe_mult': 3.608320022703345, 'g_gpe_stn_mult': 0.16876115069127431, 'g_stn_gpi_mult': 2.6279182572758284, 'g_gpe_gpi_mult': 0.7833497702601411}. Best is trial 914 with value: 0.12598678831656998.
[I 2026-05-28 21:49:54,601] Trial 922 finished with value: 0.1404263773015575 and parameters: {'ISTN': 60.77616436847054, 'I_gpe': 1.093690489470188, 'I_gpi': 2.0065056998114796, 'noise_stn_sigma': 2.7418017942336346, 'noise_gpe_sigma': 107.24235035105713, 'noise_gpi_sigma': 86.53959937746392, 'g_stn_gpe_mult': 3.5796431891396714, 'g_gpe_stn_mult': 0.16853639843811957, 'g_stn_gpi_mult': 2.6202711606888416, 'g_gpe_gpi_mult': 0.7791022276655675}. Best is trial 914 with value: 0.12598678831656998.
[I 2026-05-28 21:49:55,608] Trial 923 finished with value: 0.13066197417405045 and parameters: {'ISTN': 60.38426021564418, 'I_gpe': 1.094083322840345, 'I_gpi': 2.0476746907530012, 'noise_stn_sigma': 2.7269758434479736, 'noise_gpe_sigma': 107.74925981960591, 'noise_gpi_sigma': 85.96396926930444, 'g_stn_gpe_mult': 3.494680722992624, 'g_gpe_stn_mult': 0.16929878731164716, 'g_stn_gpi_mult': 2.6714400940051553, 'g_gpe_gpi_mult': 0.7774412756310813}. Best is trial 914 with value: 0.12598678831656998.
