[I 2026-05-28 22:22:24,085] Trial 836 finished with value: 5.117174300486678 and parameters: {'ISTN': 116.54470942308333, 'I_gpe': 2.234169172731457, 'I_gpi': 1.903334152349949, 'noise_stn_sigma': 3.7770533695899724, 'noise_gpe_sigma': 112.47576913596113, 'noise_gpi_sigma': 138.35398116627263, 'g_stn_gpe_mult': 4.16124227674487, 'g_gpe_stn_mult': 0.6897071147832783, 'g_stn_gpi_mult': 1.417661682991548, 'g_gpe_gpi_mult': 0.7432772932408829}. Best is trial 767 with value: 0.775992504791496.
[I 2026-05-28 22:22:25,127] Trial 837 finished with value: 4.724365366903151 and parameters: {'ISTN': 114.89718221032996, 'I_gpe': 2.2545236790003216, 'I_gpi': 1.9861284458855368, 'noise_stn_sigma': 3.9871019482248378, 'noise_gpe_sigma': 108.09205148965954, 'noise_gpi_sigma': 130.2459121948604, 'g_stn_gpe_mult': 4.449838798801423, 'g_gpe_stn_mult': 0.6862988850990211, 'g_stn_gpi_mult': 1.419027475202299, 'g_gpe_gpi_mult': 0.7017039817194493}. Best is trial 767 with value: 0.775992504791496.
[I 2026-05-28 22:22:26,169] Trial 838 finished with value: 9.70299664919769 and parameters: {'ISTN': 115.79308443287809, 'I_gpe': 2.261925814016155, 'I_gpi': 2.0170742495383496, 'noise_stn_sigma': 4.20237526962457, 'noise_gpe_sigma': 108.19686044495552, 'noise_gpi_sigma': 132.1267293594522, 'g_stn_gpe_mult': 4.349825458431607, 'g_gpe_stn_mult': 0.693766794708345, 'g_stn_gpi_mult': 1.45487988045083, 'g_gpe_gpi_mult': 0.7295886055551177}. Best is trial 767 with value: 0.775992504791496.
[I 2026-05-28 22:22:27,212] Trial 839 finished with value: 4.5578243584037965 and parameters: {'ISTN': 114.63900499517557, 'I_gpe': 2.2867852409832015, 'I_gpi': 1.9745545948140446, 'noise_stn_sigma': 3.9317689466793753, 'noise_gpe_sigma': 111.49086614712039, 'noise_gpi_sigma': 136.55639142531174, 'g_stn_gpe_mult': 4.1960664146473245, 'g_gpe_stn_mult': 0.6755282493527016, 'g_stn_gpi_mult': 1.4555970512273997, 'g_gpe_gpi_mult': 0.690999739044579}. Best is trial 767 with value: 0.775992504791496.
[I 2026-05-28 22:22:28,253] Trial 840 finished with value: 6.885808537194169 and parameters: {'ISTN': 115.68027014814896, 'I_gpe': 2.214985826967725, 'I_gpi': 1.944951640343103, 'noise_stn_sigma': 3.96639850965912, 'noise_gpe_sigma': 114.68073490382085, 'noise_gpi_sigma': 135.24392203136512, 'g_stn_gpe_mult': 4.354770707977597, 'g_gpe_stn_mult': 0.6920377272568924, 'g_stn_gpi_mult': 1.358278953549632, 'g_gpe_gpi_mult': 0.7158186889983118}. Best is trial 767 with value: 0.775992504791496.
[I 2026-05-28 22:22:29,295] Trial 841 finished with value: 7.224652466424644 and parameters: {'ISTN': 116.66380104431323, 'I_gpe': 2.219958559993117, 'I_gpi': 2.0462739244768153, 'noise_stn_sigma': 3.7216933653133175, 'noise_gpe_sigma': 107.60584360458617, 'noise_gpi_sigma': 140.17582698631043, 'g_stn_gpe_mult': 4.246579796761164, 'g_gpe_stn_mult': 0.693421604272872, 'g_stn_gpi_mult': 1.3681812102719408, 'g_gpe_gpi_mult': 0.7225153210432911}. Best is trial 767 with value: 0.775992504791496.
[I 2026-05-28 22:22:30,340] Trial 842 finished with value: 2.7674848210678062 and parameters: {'ISTN': 116.08568963921371, 'I_gpe': 2.2433593865161567, 'I_gpi': 2.064289416592952, 'noise_stn_sigma': 3.849341970012515, 'noise_gpe_sigma': 110.67529877974356, 'noise_gpi_sigma': 132.12654873928815, 'g_stn_gpe_mult': 4.20002405203904, 'g_gpe_stn_mult': 0.6760343693925726, 'g_stn_gpi_mult': 1.3491380703046445, 'g_gpe_gpi_mult': 0.7026485095639114}. Best is trial 767 with value: 0.775992504791496.
[I 2026-05-28 22:22:31,379] Trial 843 finished with value: 2.680488587225718 and parameters: {'ISTN': 115.06548959413585, 'I_gpe': 2.225274329164387, 'I_gpi': 2.000266998398694, 'noise_stn_sigma': 4.0305977358825835, 'noise_gpe_sigma': 110.5457846699573, 'noise_gpi_sigma': 140.2422244109821, 'g_stn_gpe_mult': 4.278652748611984, 'g_gpe_stn_mult': 0.6860937502128939, 'g_stn_gpi_mult': 1.3907375648691025, 'g_gpe_gpi_mult': 0.7308603972222698}. Best is trial 767 with value: 0.775992504791496.
[I 2026-05-28 22:22:32,420] Trial 844 finished with value: 6.298903242346613 and parameters: {'ISTN': 115.63201104935797, 'I_gpe': 2.2494667125804133, 'I_gpi': 2.2258686214312684, 'noise_stn_sigma': 3.901328871453453, 'noise_gpe_sigma': 110.85964366136572, 'noise_gpi_sigma': 138.77081288224957, 'g_stn_gpe_mult': 4.09568110175594, 'g_gpe_stn_mult': 0.6723052748774129, 'g_stn_gpi_mult': 1.4655335943775079, 'g_gpe_gpi_mult': 0.6564764596042993}. Best is trial 767 with value: 0.775992504791496.
[I 2026-05-28 22:22:33,461] Trial 845 finished with value: 0.8430868624780027 and parameters: {'ISTN': 114.44554595361129, 'I_gpe': 2.2123591408270538, 'I_gpi': 2.0322575576075823, 'noise_stn_sigma': 3.7498791320902933, 'noise_gpe_sigma': 112.52124463560241, 'noise_gpi_sigma': 132.3733741375663, 'g_stn_gpe_mult': 4.207554867761747, 'g_gpe_stn_mult': 0.6632658338550242, 'g_stn_gpi_mult': 1.345671133287663, 'g_gpe_gpi_mult': 0.7385816650966472}. Best is trial 767 with value: 0.775992504791496.
[I 2026-05-28 22:22:34,501] Trial 846 finished with value: 8.03690320909993 and parameters: {'ISTN': 115.61411824867709, 'I_gpe': 2.272582623953692, 'I_gpi': 1.9613970803518423, 'noise_stn_sigma': 3.749952537404148, 'noise_gpe_sigma': 110.68813425812057, 'noise_gpi_sigma': 133.79909877892584, 'g_stn_gpe_mult': 4.287228231145104, 'g_gpe_stn_mult': 0.6801903981527808, 'g_stn_gpi_mult': 1.3512569537719377, 'g_gpe_gpi_mult': 0.6862171042235805}. Best is trial 767 with value: 0.775992504791496.
[I 2026-05-28 22:22:35,543] Trial 847 finished with value: 6.66225383379309 and parameters: {'ISTN': 114.6125354483919, 'I_gpe': 2.265983482869983, 'I_gpi': 1.9918399771526887, 'noise_stn_sigma': 4.278306250460288, 'noise_gpe_sigma': 113.86233173919071, 'noise_gpi_sigma': 137.33452874582903, 'g_stn_gpe_mult': 4.333788926442985, 'g_gpe_stn_mult': 0.672630868172929, 'g_stn_gpi_mult': 1.465339676906285, 'g_gpe_gpi_mult': 0.6930617078150889}. Best is trial 767 with value: 0.775992504791496.
[I 2026-05-28 22:22:36,584] Trial 848 finished with value: 4.846264047892402 and parameters: {'ISTN': 115.57385231977067, 'I_gpe': 2.2425996077578976, 'I_gpi': 2.1477864568895755, 'noise_stn_sigma': 3.9674508369229637, 'noise_gpe_sigma': 105.96237259910092, 'noise_gpi_sigma': 133.70578433058768, 'g_stn_gpe_mult': 4.385507660479279, 'g_gpe_stn_mult': 0.6846864095853793, 'g_stn_gpi_mult': 1.326894582295864, 'g_gpe_gpi_mult': 0.6848674589019282}. Best is trial 767 with value: 0.775992504791496.
[I 2026-05-28 22:22:37,627] Trial 849 finished with value: 4.498355084032555 and parameters: {'ISTN': 114.66440253557272, 'I_gpe': 2.2210599930994146, 'I_gpi': 1.7948983292834135, 'noise_stn_sigma': 3.8133253587022002, 'noise_gpe_sigma': 109.24444024694868, 'noise_gpi_sigma': 131.24354147958474, 'g_stn_gpe_mult': 4.2135897975770185, 'g_gpe_stn_mult': 0.6849309786278587, 'g_stn_gpi_mult': 1.3827483589040193, 'g_gpe_gpi_mult': 0.6672292343483258}. Best is trial 767 with value: 0.775992504791496.
[I 2026-05-28 22:22:38,670] Trial 850 finished with value: 8.860361487797052 and parameters: {'ISTN': 115.30330650809672, 'I_gpe': 2.234114529801451, 'I_gpi': 2.1659712173326726, 'noise_stn_sigma': 3.545656942079646, 'noise_gpe_sigma': 108.86192445642354, 'noise_gpi_sigma': 144.28080406179038, 'g_stn_gpe_mult': 4.172283035287513, 'g_gpe_stn_mult': 0.6823093057938088, 'g_stn_gpi_mult': 1.3649339731367474, 'g_gpe_gpi_mult': 0.6961069511244466}. Best is trial 767 with value: 0.775992504791496.
[I 2026-05-28 22:22:39,714] Trial 851 finished with value: 3.1416468064011855 and parameters: {'ISTN': 109.94634857763961, 'I_gpe': 2.263246143109524, 'I_gpi': 2.1627688743612135, 'noise_stn_sigma': 3.9712673364495124, 'noise_gpe_sigma': 113.26236394411895, 'noise_gpi_sigma': 149.584533941859, 'g_stn_gpe_mult': 4.2546767641463275, 'g_gpe_stn_mult': 0.6545578554566222, 'g_stn_gpi_mult': 1.4359634268784647, 'g_gpe_gpi_mult': 0.7588940527127663}. Best is trial 767 with value: 0.775992504791496.
[I 2026-05-28 22:22:40,756] Trial 852 finished with value: 5.566261918295164 and parameters: {'ISTN': 116.11934402359843, 'I_gpe': 2.234416357844335, 'I_gpi': 1.8906574802193825, 'noise_stn_sigma': 4.156256607527689, 'noise_gpe_sigma': 113.09919199293421, 'noise_gpi_sigma': 125.01424662062911, 'g_stn_gpe_mult': 4.271720954150382, 'g_gpe_stn_mult': 0.67690477565405, 'g_stn_gpi_mult': 1.3940836105776058, 'g_gpe_gpi_mult': 0.7379635379620941}. Best is trial 767 with value: 0.775992504791496.
[I 2026-05-28 22:22:41,800] Trial 853 finished with value: 2.17960451962409 and parameters: {'ISTN': 113.02147995560468, 'I_gpe': 2.292287234446273, 'I_gpi': 2.2307532177611735, 'noise_stn_sigma': 3.9371987541981937, 'noise_gpe_sigma': 115.17892971471755, 'noise_gpi_sigma': 141.91690524679927, 'g_stn_gpe_mult': 4.163312911547618, 'g_gpe_stn_mult': 0.6703519460052395, 'g_stn_gpi_mult': 1.463635620645252, 'g_gpe_gpi_mult': 0.7512132568582808}. Best is trial 767 with value: 0.775992504791496.
[I 2026-05-28 22:22:42,845] Trial 854 finished with value: 3.3985118445013227 and parameters: {'ISTN': 113.75460837271532, 'I_gpe': 2.2343594056707485, 'I_gpi': 2.1748951045299454, 'noise_stn_sigma': 3.714495137794967, 'noise_gpe_sigma': 111.13274164106346, 'noise_gpi_sigma': 136.5639635997831, 'g_stn_gpe_mult': 4.152289010679118, 'g_gpe_stn_mult': 0.6687744524499785, 'g_stn_gpi_mult': 1.3264721185119688, 'g_gpe_gpi_mult': 0.7465762979263983}. Best is trial 767 with value: 0.775992504791496.
[I 2026-05-28 22:22:43,887] Trial 855 finished with value: 3.4678560597652335 and parameters: {'ISTN': 116.42831551925954, 'I_gpe': 2.1970752053975406, 'I_gpi': 2.0850933550141737, 'noise_stn_sigma': 3.7222043564514333, 'noise_gpe_sigma': 108.1673934111574, 'noise_gpi_sigma': 131.32375388677872, 'g_stn_gpe_mult': 4.26033625067466, 'g_gpe_stn_mult': 0.6775772487678239, 'g_stn_gpi_mult': 1.3258650795726732, 'g_gpe_gpi_mult': 0.7243238960114524}. Best is trial 767 with value: 0.775992504791496.
[I 2026-05-28 22:22:44,927] Trial 856 finished with value: 8.014095707023516 and parameters: {'ISTN': 115.01142464226506, 'I_gpe': 2.2239130987825613, 'I_gpi': 1.74912114301264, 'noise_stn_sigma': 4.034344348358385, 'noise_gpe_sigma': 110.85292945289595, 'noise_gpi_sigma': 135.86782570140736, 'g_stn_gpe_mult': 4.172983928011248, 'g_gpe_stn_mult': 0.696094372056225, 'g_stn_gpi_mult': 1.36918664068851, 'g_gpe_gpi_mult': 0.7274302775191854}. Best is trial 767 with value: 0.775992504791496.
[I 2026-05-28 22:22:45,969] Trial 857 finished with value: 3.676274372975298 and parameters: {'ISTN': 116.28375129325472, 'I_gpe': 2.18412909681934, 'I_gpi': 2.1055365210656234, 'noise_stn_sigma': 3.8696089129702194, 'noise_gpe_sigma': 111.52806806400598, 'noise_gpi_sigma': 140.85096807399708, 'g_stn_gpe_mult': 4.186935410677126, 'g_gpe_stn_mult': 0.6744942378332518, 'g_stn_gpi_mult': 1.3178476296735648, 'g_gpe_gpi_mult': 0.7108056405451293}. Best is trial 767 with value: 0.775992504791496.
[I 2026-05-28 22:22:47,011] Trial 858 finished with value: 1.5742172984545582 and parameters: {'ISTN': 113.16970116802878, 'I_gpe': 2.2647218480590494, 'I_gpi': 2.115821087269394, 'noise_stn_sigma': 3.90183136917794, 'noise_gpe_sigma': 111.7340982377763, 'noise_gpi_sigma': 141.58752862301463, 'g_stn_gpe_mult': 4.108761887939233, 'g_gpe_stn_mult': 0.6700331685284585, 'g_stn_gpi_mult': 1.3829348965148665, 'g_gpe_gpi_mult': 0.7395319345997944}. Best is trial 767 with value: 0.775992504791496.
[I 2026-05-28 22:22:48,051] Trial 859 finished with value: 3.8338731180301506 and parameters: {'ISTN': 115.04771157277725, 'I_gpe': 2.2400752673071693, 'I_gpi': 2.1324822271559776, 'noise_stn_sigma': 3.7822050456853087, 'noise_gpe_sigma': 110.39701770006832, 'noise_gpi_sigma': 139.64340849877635, 'g_stn_gpe_mult': 4.224675550566621, 'g_gpe_stn_mult': 0.6764045062492475, 'g_stn_gpi_mult': 1.3923467100729914, 'g_gpe_gpi_mult': 0.7527892042190167}. Best is trial 767 with value: 0.775992504791496.
[I 2026-05-28 22:22:49,091] Trial 860 finished with value: 1.2355450777665833 and parameters: {'ISTN': 112.50477676800665, 'I_gpe': 2.249150017949658, 'I_gpi': 2.0409780580789225, 'noise_stn_sigma': 3.797161556451695, 'noise_gpe_sigma': 113.69147869701199, 'noise_gpi_sigma': 138.15225536839174, 'g_stn_gpe_mult': 4.278264159722365, 'g_gpe_stn_mult': 0.6502274771629433, 'g_stn_gpi_mult': 1.3709708386165431, 'g_gpe_gpi_mult': 0.7208135069916615}. Best is trial 767 with value: 0.775992504791496.
[I 2026-05-28 22:22:50,136] Trial 861 finished with value: 0.8307038894390982 and parameters: {'ISTN': 112.71117571859466, 'I_gpe': 2.255186306779185, 'I_gpi': 2.1651159124560118, 'noise_stn_sigma': 3.83174773383267, 'noise_gpe_sigma': 111.34296979800482, 'noise_gpi_sigma': 140.55324335120355, 'g_stn_gpe_mult': 4.176622069216892, 'g_gpe_stn_mult': 0.6582640874766159, 'g_stn_gpi_mult': 1.46019121854915, 'g_gpe_gpi_mult': 0.7209806169794784}. Best is trial 767 with value: 0.775992504791496.
[I 2026-05-28 22:22:51,179] Trial 862 finished with value: 0.8687404680960052 and parameters: {'ISTN': 111.56822504584643, 'I_gpe': 2.213318588410876, 'I_gpi': 1.82533748713531, 'noise_stn_sigma': 4.0069010788557975, 'noise_gpe_sigma': 110.81621309352285, 'noise_gpi_sigma': 136.61949254170872, 'g_stn_gpe_mult': 4.21661613252857, 'g_gpe_stn_mult': 0.652272244979162, 'g_stn_gpi_mult': 1.3859860177548158, 'g_gpe_gpi_mult': 0.6951299097238708}. Best is trial 767 with value: 0.775992504791496.
[I 2026-05-28 22:22:52,223] Trial 863 finished with value: 4.764979345530195 and parameters: {'ISTN': 111.66672815229703, 'I_gpe': 2.2731508488490615, 'I_gpi': 2.2743356568908433, 'noise_stn_sigma': 3.73820654968773, 'noise_gpe_sigma': 110.09056578020177, 'noise_gpi_sigma': 140.3328006821837, 'g_stn_gpe_mult': 4.295757284211471, 'g_gpe_stn_mult': 0.6422030558931037, 'g_stn_gpi_mult': 1.3988433582151427, 'g_gpe_gpi_mult': 0.7551122031152049}. Best is trial 767 with value: 0.775992504791496.
[I 2026-05-28 22:22:53,265] Trial 864 finished with value: 4.992298070248619 and parameters: {'ISTN': 111.19055732764565, 'I_gpe': 2.257553158169982, 'I_gpi': 2.074622846915781, 'noise_stn_sigma': 4.173823097391357, 'noise_gpe_sigma': 116.49842857770504, 'noise_gpi_sigma': 144.3636991975165, 'g_stn_gpe_mult': 4.203255798099617, 'g_gpe_stn_mult': 0.6544686918688565, 'g_stn_gpi_mult': 1.594319056649292, 'g_gpe_gpi_mult': 0.7493792711139649}. Best is trial 767 with value: 0.775992504791496.
[I 2026-05-28 22:22:54,309] Trial 865 finished with value: 1.4474677832328096 and parameters: {'ISTN': 112.58832511574323, 'I_gpe': 2.256114279788444, 'I_gpi': 1.9724757701374425, 'noise_stn_sigma': 4.076072434096504, 'noise_gpe_sigma': 114.76445707007693, 'noise_gpi_sigma': 141.78143925975425, 'g_stn_gpe_mult': 4.200072238325426, 'g_gpe_stn_mult': 0.671327580887996, 'g_stn_gpi_mult': 1.4429952066841274, 'g_gpe_gpi_mult': 0.7838318881482043}. Best is trial 767 with value: 0.775992504791496.
[I 2026-05-28 22:22:55,350] Trial 866 finished with value: 4.368139093940642 and parameters: {'ISTN': 114.44080508563509, 'I_gpe': 2.268504452407922, 'I_gpi': 2.0436245917711338, 'noise_stn_sigma': 3.89306210137815, 'noise_gpe_sigma': 112.95772273854669, 'noise_gpi_sigma': 140.045456234734, 'g_stn_gpe_mult': 4.2152455379183476, 'g_gpe_stn_mult': 0.6666222062700022, 'g_stn_gpi_mult': 1.3821980123828097, 'g_gpe_gpi_mult': 0.7150427298535942}. Best is trial 767 with value: 0.775992504791496.
[I 2026-05-28 22:22:56,392] Trial 867 finished with value: 3.693221465099655 and parameters: {'ISTN': 110.45796380837601, 'I_gpe': 2.279348290523858, 'I_gpi': 2.1207761781450465, 'noise_stn_sigma': 3.711145514341756, 'noise_gpe_sigma': 112.95552460302336, 'noise_gpi_sigma': 141.36081867204376, 'g_stn_gpe_mult': 4.12907977095968, 'g_gpe_stn_mult': 0.6479904170437686, 'g_stn_gpi_mult': 1.5277979931129968, 'g_gpe_gpi_mult': 0.7752583424765456}. Best is trial 767 with value: 0.775992504791496.
[I 2026-05-28 22:22:57,435] Trial 868 finished with value: 3.9919766422265424 and parameters: {'ISTN': 112.3924301306011, 'I_gpe': 2.3142145511692043, 'I_gpi': 2.069060541562172, 'noise_stn_sigma': 4.210908156876258, 'noise_gpe_sigma': 118.54915861926591, 'noise_gpi_sigma': 143.95430032227074, 'g_stn_gpe_mult': 4.087882729382712, 'g_gpe_stn_mult': 0.6452007234889294, 'g_stn_gpi_mult': 1.484460449921127, 'g_gpe_gpi_mult': 0.7351512506530669}. Best is trial 767 with value: 0.775992504791496.
[I 2026-05-28 22:22:58,477] Trial 869 finished with value: 0.8556842355545253 and parameters: {'ISTN': 114.05550540835699, 'I_gpe': 2.2346082182062137, 'I_gpi': 2.1430473952458753, 'noise_stn_sigma': 3.973517062206311, 'noise_gpe_sigma': 114.04758251882296, 'noise_gpi_sigma': 135.4453719447104, 'g_stn_gpe_mult': 4.38143816226623, 'g_gpe_stn_mult': 0.6675802088790064, 'g_stn_gpi_mult': 1.3805114127539198, 'g_gpe_gpi_mult': 0.6839031314478762}. Best is trial 767 with value: 0.775992504791496.
[I 2026-05-28 22:22:59,518] Trial 870 finished with value: 0.8916435145326399 and parameters: {'ISTN': 110.43177063975884, 'I_gpe': 2.302279803639402, 'I_gpi': 2.166140947619188, 'noise_stn_sigma': 4.107323098320695, 'noise_gpe_sigma': 109.31711409331314, 'noise_gpi_sigma': 137.15175577211835, 'g_stn_gpe_mult': 4.150550609118662, 'g_gpe_stn_mult': 0.6424758034332406, 'g_stn_gpi_mult': 1.4428560160290484, 'g_gpe_gpi_mult': 0.7443381890086733}. Best is trial 767 with value: 0.775992504791496.
[I 2026-05-28 22:23:00,563] Trial 871 finished with value: 2.748848345893553 and parameters: {'ISTN': 114.20235275470446, 'I_gpe': 2.232289747681282, 'I_gpi': 2.208606265328098, 'noise_stn_sigma': 3.9131859046899886, 'noise_gpe_sigma': 115.81736538295526, 'noise_gpi_sigma': 142.22510338068457, 'g_stn_gpe_mult': 4.187612864217494, 'g_gpe_stn_mult': 0.6528321677538147, 'g_stn_gpi_mult': 1.47291638451456, 'g_gpe_gpi_mult': 0.6938524353122071}. Best is trial 767 with value: 0.775992504791496.
[I 2026-05-28 22:23:01,607] Trial 872 finished with value: 6.496101979997491 and parameters: {'ISTN': 113.88853448664321, 'I_gpe': 2.259899435889755, 'I_gpi': 2.1222083977574258, 'noise_stn_sigma': 3.976990313056457, 'noise_gpe_sigma': 114.70694487889156, 'noise_gpi_sigma': 133.74083389197986, 'g_stn_gpe_mult': 4.300093617202485, 'g_gpe_stn_mult': 0.6617081888423119, 'g_stn_gpi_mult': 1.4746456083782473, 'g_gpe_gpi_mult': 0.7107421709347435}. Best is trial 767 with value: 0.775992504791496.
[I 2026-05-28 22:23:02,650] Trial 873 finished with value: 2.4227204487702814 and parameters: {'ISTN': 112.58276964241284, 'I_gpe': 2.195686283820584, 'I_gpi': 1.8895344294832452, 'noise_stn_sigma': 3.783577991199456, 'noise_gpe_sigma': 109.71432075995017, 'noise_gpi_sigma': 138.6177280175745, 'g_stn_gpe_mult': 4.254111407219455, 'g_gpe_stn_mult': 0.6606493546034562, 'g_stn_gpi_mult': 1.3084756258942454, 'g_gpe_gpi_mult': 0.746920784924685}. Best is trial 767 with value: 0.775992504791496.
[I 2026-05-28 22:23:03,692] Trial 874 finished with value: 2.9823964905346836 and parameters: {'ISTN': 112.68881166244286, 'I_gpe': 2.2544947673274303, 'I_gpi': 2.191081261301929, 'noise_stn_sigma': 4.096242111484601, 'noise_gpe_sigma': 115.18124489250906, 'noise_gpi_sigma': 141.46177903040837, 'g_stn_gpe_mult': 4.158280894028598, 'g_gpe_stn_mult': 0.6713118619657262, 'g_stn_gpi_mult': 1.3435527234566138, 'g_gpe_gpi_mult': 0.7083894056120392}. Best is trial 767 with value: 0.775992504791496.
[I 2026-05-28 22:23:04,737] Trial 875 finished with value: 3.3201916607021773 and parameters: {'ISTN': 109.13465261186448, 'I_gpe': 2.2496824599815195, 'I_gpi': 2.0403145866328796, 'noise_stn_sigma': 3.7681246441175373, 'noise_gpe_sigma': 111.00132427989715, 'noise_gpi_sigma': 143.73697109645119, 'g_stn_gpe_mult': 4.179027322432937, 'g_gpe_stn_mult': 0.64037063252483, 'g_stn_gpi_mult': 1.4612503679173325, 'g_gpe_gpi_mult': 0.712448591070763}. Best is trial 767 with value: 0.775992504791496.
[I 2026-05-28 22:23:05,781] Trial 876 finished with value: 1.758278967124579 and parameters: {'ISTN': 113.0696919153707, 'I_gpe': 2.2752841695751527, 'I_gpi': 2.0553717971130263, 'noise_stn_sigma': 3.748360683436839, 'noise_gpe_sigma': 112.9304859871634, 'noise_gpi_sigma': 136.8593889430457, 'g_stn_gpe_mult': 4.172034766550398, 'g_gpe_stn_mult': 0.6664851083107801, 'g_stn_gpi_mult': 1.400411521032776, 'g_gpe_gpi_mult': 0.7477782337154391}. Best is trial 767 with value: 0.775992504791496.
[I 2026-05-28 22:23:06,823] Trial 877 finished with value: 10.385656442057266 and parameters: {'ISTN': 116.54350476670417, 'I_gpe': 2.1716914773224, 'I_gpi': 2.0123907263308514, 'noise_stn_sigma': 3.9295048093914633, 'noise_gpe_sigma': 111.71670232508444, 'noise_gpi_sigma': 132.55982258102102, 'g_stn_gpe_mult': 4.377414383269709, 'g_gpe_stn_mult': 0.6714372986724645, 'g_stn_gpi_mult': 1.312039072796207, 'g_gpe_gpi_mult': 0.667637017279012}. Best is trial 767 with value: 0.775992504791496.
[I 2026-05-28 22:23:07,867] Trial 878 finished with value: 0.9322064395003731 and parameters: {'ISTN': 110.48362375167574, 'I_gpe': 2.2482905512689286, 'I_gpi': 2.1576644246357803, 'noise_stn_sigma': 3.973370998410585, 'noise_gpe_sigma': 110.17049071421954, 'noise_gpi_sigma': 142.1839665378436, 'g_stn_gpe_mult': 4.1990268341562045, 'g_gpe_stn_mult': 0.6416174865081014, 'g_stn_gpi_mult': 1.4737662219093588, 'g_gpe_gpi_mult': 0.7000652835438892}. Best is trial 767 with value: 0.775992504791496.
[I 2026-05-28 22:23:08,908] Trial 879 finished with value: 5.489098669673022 and parameters: {'ISTN': 114.5505197508061, 'I_gpe': 2.2151338101053266, 'I_gpi': 2.1658977010774256, 'noise_stn_sigma': 3.8845767955427517, 'noise_gpe_sigma': 113.40879384384253, 'noise_gpi_sigma': 140.5911680639325, 'g_stn_gpe_mult': 4.435652089233237, 'g_gpe_stn_mult': 0.6687262271223446, 'g_stn_gpi_mult': 1.292899017174853, 'g_gpe_gpi_mult': 0.7060607496296174}. Best is trial 767 with value: 0.775992504791496.
