[I 2026-05-28 21:54:59,771] Trial 220 finished with value: 0.26151768203880954 and parameters: {'ISTN': 65.1308911595793, 'I_gpe': 1.8150108512060918, 'I_gpi': 2.159736178976444, 'noise_stn_sigma': 2.636916412362977, 'noise_gpe_sigma': 71.90357591538071, 'noise_gpi_sigma': 68.29933080221178, 'g_stn_gpe_mult': 4.32630427298292, 'g_gpe_stn_mult': 0.1267630646915453, 'g_stn_gpi_mult': 1.564240836486307, 'g_gpe_gpi_mult': 0.4815820221484222}. Best is trial 219 with value: 0.16635565942603492.
[I 2026-05-28 21:55:00,751] Trial 221 finished with value: 0.3932966113887696 and parameters: {'ISTN': 62.054223825024366, 'I_gpe': 1.8940030555506482, 'I_gpi': 2.8218154364820354, 'noise_stn_sigma': 2.640922993017164, 'noise_gpe_sigma': 79.973311141674, 'noise_gpi_sigma': 78.35643274951823, 'g_stn_gpe_mult': 3.911803845431236, 'g_gpe_stn_mult': 0.19347304167642054, 'g_stn_gpi_mult': 1.5019076098636563, 'g_gpe_gpi_mult': 0.5411273680936926}. Best is trial 219 with value: 0.16635565942603492.
[I 2026-05-28 21:55:01,727] Trial 222 finished with value: 0.24708490100679464 and parameters: {'ISTN': 65.64740577874282, 'I_gpe': 1.6883672546068185, 'I_gpi': 2.5381520132760516, 'noise_stn_sigma': 2.5575479923210898, 'noise_gpe_sigma': 80.01553783663121, 'noise_gpi_sigma': 67.25318628065413, 'g_stn_gpe_mult': 3.982520151141041, 'g_gpe_stn_mult': 0.14548668663529724, 'g_stn_gpi_mult': 1.556231269571723, 'g_gpe_gpi_mult': 0.610459532866344}. Best is trial 219 with value: 0.16635565942603492.
[I 2026-05-28 21:55:02,703] Trial 223 finished with value: 0.38156717520012956 and parameters: {'ISTN': 63.21819050546844, 'I_gpe': 1.2644802997576023, 'I_gpi': 3.0549448201600433, 'noise_stn_sigma': 1.7946184630497775, 'noise_gpe_sigma': 86.92326764317406, 'noise_gpi_sigma': 65.13357821238095, 'g_stn_gpe_mult': 4.1655789118180815, 'g_gpe_stn_mult': 0.18555081105732793, 'g_stn_gpi_mult': 1.522846222623485, 'g_gpe_gpi_mult': 0.5121380970861522}. Best is trial 219 with value: 0.16635565942603492.
[I 2026-05-28 21:55:03,680] Trial 224 finished with value: 0.2661720871165746 and parameters: {'ISTN': 68.69370082606224, 'I_gpe': 1.3641253884451738, 'I_gpi': 2.3657743609550526, 'noise_stn_sigma': 2.5938013938913382, 'noise_gpe_sigma': 88.95721889088793, 'noise_gpi_sigma': 65.30528191035978, 'g_stn_gpe_mult': 4.024800040567369, 'g_gpe_stn_mult': 0.11351828600987099, 'g_stn_gpi_mult': 1.7672977238255825, 'g_gpe_gpi_mult': 0.5090524453228231}. Best is trial 219 with value: 0.16635565942603492.
[I 2026-05-28 21:55:04,656] Trial 225 finished with value: 0.1951513084080264 and parameters: {'ISTN': 61.04878892671538, 'I_gpe': 1.404519608458203, 'I_gpi': 2.5939987205599744, 'noise_stn_sigma': 1.7485933661182118, 'noise_gpe_sigma': 94.72933797948926, 'noise_gpi_sigma': 72.72961918026908, 'g_stn_gpe_mult': 3.8112897325271122, 'g_gpe_stn_mult': 0.23212180256877352, 'g_stn_gpi_mult': 1.8125196544151168, 'g_gpe_gpi_mult': 0.5534102130737635}. Best is trial 219 with value: 0.16635565942603492.
[I 2026-05-28 21:55:05,633] Trial 226 finished with value: 0.27890868687742754 and parameters: {'ISTN': 64.31257059387897, 'I_gpe': 1.5493333284033741, 'I_gpi': 2.7499538505495287, 'noise_stn_sigma': 2.3935063863299444, 'noise_gpe_sigma': 74.61586665170493, 'noise_gpi_sigma': 72.26286117426558, 'g_stn_gpe_mult': 3.6972413466127074, 'g_gpe_stn_mult': 0.15708262975326054, 'g_stn_gpi_mult': 1.5939064510464207, 'g_gpe_gpi_mult': 0.514753501424535}. Best is trial 219 with value: 0.16635565942603492.
[I 2026-05-28 21:55:06,613] Trial 227 finished with value: 0.28763796188235163 and parameters: {'ISTN': 60.43106011474923, 'I_gpe': 1.813023867048412, 'I_gpi': 2.720689085650956, 'noise_stn_sigma': 2.4380942886777106, 'noise_gpe_sigma': 97.11845665604925, 'noise_gpi_sigma': 74.23181101486415, 'g_stn_gpe_mult': 3.4009999321557594, 'g_gpe_stn_mult': 0.21659994498701285, 'g_stn_gpi_mult': 1.8247553472384013, 'g_gpe_gpi_mult': 0.48944300220856174}. Best is trial 219 with value: 0.16635565942603492.
[I 2026-05-28 21:55:07,590] Trial 228 finished with value: 0.22060164303303892 and parameters: {'ISTN': 62.92831949487506, 'I_gpe': 1.3269607742094822, 'I_gpi': 2.7070220460887784, 'noise_stn_sigma': 2.337926205633331, 'noise_gpe_sigma': 81.9139722686049, 'noise_gpi_sigma': 81.27763305887865, 'g_stn_gpe_mult': 3.6294148263722894, 'g_gpe_stn_mult': 0.2351480891149752, 'g_stn_gpi_mult': 1.798144584469614, 'g_gpe_gpi_mult': 0.6089467573250344}. Best is trial 219 with value: 0.16635565942603492.
[I 2026-05-28 21:55:08,569] Trial 229 finished with value: 0.189115844907478 and parameters: {'ISTN': 63.673758577197844, 'I_gpe': 1.2341243027951514, 'I_gpi': 2.5057090845522403, 'noise_stn_sigma': 3.1300382102668443, 'noise_gpe_sigma': 82.18661846589927, 'noise_gpi_sigma': 76.97561281579411, 'g_stn_gpe_mult': 3.4190227554222212, 'g_gpe_stn_mult': 0.16774246349712374, 'g_stn_gpi_mult': 1.546557192798645, 'g_gpe_gpi_mult': 0.5588164033577077}. Best is trial 219 with value: 0.16635565942603492.
[I 2026-05-28 21:55:09,549] Trial 230 finished with value: 0.31846343101746555 and parameters: {'ISTN': 63.43206408315334, 'I_gpe': 1.41882250225549, 'I_gpi': 2.724999732332279, 'noise_stn_sigma': 1.8588537858637566, 'noise_gpe_sigma': 86.63392052886013, 'noise_gpi_sigma': 61.731537003358525, 'g_stn_gpe_mult': 3.833776000974441, 'g_gpe_stn_mult': 0.20630269481031302, 'g_stn_gpi_mult': 2.046690271199621, 'g_gpe_gpi_mult': 0.5132718212910995}. Best is trial 219 with value: 0.16635565942603492.
[I 2026-05-28 21:55:10,528] Trial 231 finished with value: 0.17627339579196424 and parameters: {'ISTN': 60.49116981440966, 'I_gpe': 1.523308635359731, 'I_gpi': 2.097647150868199, 'noise_stn_sigma': 2.5996918816158137, 'noise_gpe_sigma': 95.76634568496652, 'noise_gpi_sigma': 89.00427466357226, 'g_stn_gpe_mult': 3.5001201487340574, 'g_gpe_stn_mult': 0.21353870883196763, 'g_stn_gpi_mult': 1.6095480762023262, 'g_gpe_gpi_mult': 0.5677784184049166}. Best is trial 219 with value: 0.16635565942603492.
[I 2026-05-28 21:55:11,508] Trial 232 finished with value: 1.102842903717545 and parameters: {'ISTN': 70.6751226563576, 'I_gpe': 1.429793717558526, 'I_gpi': 2.742784677957481, 'noise_stn_sigma': 2.7404003102534538, 'noise_gpe_sigma': 85.59432334262387, 'noise_gpi_sigma': 89.0372173711202, 'g_stn_gpe_mult': 3.700662844675213, 'g_gpe_stn_mult': 0.12829676635208045, 'g_stn_gpi_mult': 1.3549218462877028, 'g_gpe_gpi_mult': 0.5541833841194896}. Best is trial 219 with value: 0.16635565942603492.
[I 2026-05-28 21:55:12,487] Trial 233 finished with value: 0.31376367775980574 and parameters: {'ISTN': 66.73459845926462, 'I_gpe': 1.4636948671937176, 'I_gpi': 2.648815198390156, 'noise_stn_sigma': 2.125605891325825, 'noise_gpe_sigma': 89.72941985587111, 'noise_gpi_sigma': 81.71049938852403, 'g_stn_gpe_mult': 3.7417458449032446, 'g_gpe_stn_mult': 0.2498943709597363, 'g_stn_gpi_mult': 1.781008579722637, 'g_gpe_gpi_mult': 0.6016029321836049}. Best is trial 219 with value: 0.16635565942603492.
[I 2026-05-28 21:55:13,467] Trial 234 finished with value: 0.1829344507913742 and parameters: {'ISTN': 61.847635824963376, 'I_gpe': 1.3388346481533406, 'I_gpi': 2.3933880365923086, 'noise_stn_sigma': 2.8563345487533036, 'noise_gpe_sigma': 80.16110035509132, 'noise_gpi_sigma': 66.81734411509392, 'g_stn_gpe_mult': 3.5649265530918752, 'g_gpe_stn_mult': 0.19442231292475196, 'g_stn_gpi_mult': 1.9044330685975162, 'g_gpe_gpi_mult': 0.5916055512696552}. Best is trial 219 with value: 0.16635565942603492.
[I 2026-05-28 21:55:14,446] Trial 235 finished with value: 0.4876215701652552 and parameters: {'ISTN': 65.71313773107914, 'I_gpe': 1.0364748421871406, 'I_gpi': 2.4268241255947878, 'noise_stn_sigma': 2.602524640630811, 'noise_gpe_sigma': 95.79227686063962, 'noise_gpi_sigma': 81.96441110104567, 'g_stn_gpe_mult': 3.385057368123472, 'g_gpe_stn_mult': 0.21156287378715605, 'g_stn_gpi_mult': 1.6876695960305934, 'g_gpe_gpi_mult': 0.5532595779358225}. Best is trial 219 with value: 0.16635565942603492.
[I 2026-05-28 21:55:15,424] Trial 236 finished with value: 2.8058640630083067 and parameters: {'ISTN': 69.29266139948183, 'I_gpe': 1.1828410067820538, 'I_gpi': 2.371964998663728, 'noise_stn_sigma': 3.023145116276435, 'noise_gpe_sigma': 83.78473970467499, 'noise_gpi_sigma': 89.13726170381673, 'g_stn_gpe_mult': 3.6397298660341764, 'g_gpe_stn_mult': 0.19823630572144052, 'g_stn_gpi_mult': 1.685420221445285, 'g_gpe_gpi_mult': 0.738658279302872}. Best is trial 219 with value: 0.16635565942603492.
[I 2026-05-28 21:55:16,401] Trial 237 finished with value: 0.4129706259033523 and parameters: {'ISTN': 67.01432934288741, 'I_gpe': 1.3817028277716727, 'I_gpi': 2.8713663250599164, 'noise_stn_sigma': 2.7582644662327653, 'noise_gpe_sigma': 87.11912656244901, 'noise_gpi_sigma': 69.6840781495665, 'g_stn_gpe_mult': 3.8206103750068987, 'g_gpe_stn_mult': 0.21334776178021375, 'g_stn_gpi_mult': 1.6030098051634571, 'g_gpe_gpi_mult': 0.49549477075670706}. Best is trial 219 with value: 0.16635565942603492.
[I 2026-05-28 21:55:17,381] Trial 238 finished with value: 0.21042061679160612 and parameters: {'ISTN': 61.941711148838905, 'I_gpe': 1.134799281179772, 'I_gpi': 2.6649800368350243, 'noise_stn_sigma': 2.446909683183849, 'noise_gpe_sigma': 76.42923363047753, 'noise_gpi_sigma': 79.26571793100268, 'g_stn_gpe_mult': 3.2641584142388855, 'g_gpe_stn_mult': 0.15784123152494536, 'g_stn_gpi_mult': 1.4423658950370013, 'g_gpe_gpi_mult': 0.5196834100883767}. Best is trial 219 with value: 0.16635565942603492.
[I 2026-05-28 21:55:18,358] Trial 239 finished with value: 0.36621175061493194 and parameters: {'ISTN': 66.8550773328533, 'I_gpe': 1.0004571979682786, 'I_gpi': 2.7361257675864374, 'noise_stn_sigma': 2.0982298684102245, 'noise_gpe_sigma': 70.54184142116927, 'noise_gpi_sigma': 58.95669832695349, 'g_stn_gpe_mult': 3.62221199452786, 'g_gpe_stn_mult': 0.14788329961131605, 'g_stn_gpi_mult': 1.9956994094287195, 'g_gpe_gpi_mult': 0.5988376156222864}. Best is trial 219 with value: 0.16635565942603492.
[I 2026-05-28 21:55:19,336] Trial 240 finished with value: 0.16694538540376613 and parameters: {'ISTN': 60.13428537791759, 'I_gpe': 1.5335498694592444, 'I_gpi': 2.6181442080398623, 'noise_stn_sigma': 2.1489669420916337, 'noise_gpe_sigma': 74.1701602937493, 'noise_gpi_sigma': 82.06983546810697, 'g_stn_gpe_mult': 3.687794468110475, 'g_gpe_stn_mult': 0.15658749866585864, 'g_stn_gpi_mult': 1.6906671665186583, 'g_gpe_gpi_mult': 0.6801117368052789}. Best is trial 219 with value: 0.16635565942603492.
[I 2026-05-28 21:55:20,315] Trial 241 finished with value: 0.15536132835664979 and parameters: {'ISTN': 61.554594465664636, 'I_gpe': 1.620774065593434, 'I_gpi': 2.1656757134896854, 'noise_stn_sigma': 2.455776601637573, 'noise_gpe_sigma': 92.92458087148208, 'noise_gpi_sigma': 83.04231849249727, 'g_stn_gpe_mult': 3.4236528358846288, 'g_gpe_stn_mult': 0.11531690480243949, 'g_stn_gpi_mult': 1.6679000463790714, 'g_gpe_gpi_mult': 0.52350710690225}. Best is trial 241 with value: 0.15536132835664979.
[I 2026-05-28 21:55:21,293] Trial 242 finished with value: 0.16805241680483884 and parameters: {'ISTN': 60.92567955547709, 'I_gpe': 1.2978566431634788, 'I_gpi': 2.1395696530666504, 'noise_stn_sigma': 2.3300261239882127, 'noise_gpe_sigma': 83.44583883699985, 'noise_gpi_sigma': 81.03530684778582, 'g_stn_gpe_mult': 3.7884562737147234, 'g_gpe_stn_mult': 0.20397410956037407, 'g_stn_gpi_mult': 1.646641570140583, 'g_gpe_gpi_mult': 0.6035815553214533}. Best is trial 241 with value: 0.15536132835664979.
[I 2026-05-28 21:55:22,271] Trial 243 finished with value: 0.186734031971175 and parameters: {'ISTN': 61.936341360101544, 'I_gpe': 1.2796067560767908, 'I_gpi': 2.323390056166116, 'noise_stn_sigma': 2.961000678614545, 'noise_gpe_sigma': 78.17413692945914, 'noise_gpi_sigma': 85.30206756035858, 'g_stn_gpe_mult': 3.736858182467308, 'g_gpe_stn_mult': 0.18780589332907366, 'g_stn_gpi_mult': 1.5282654894136822, 'g_gpe_gpi_mult': 0.5557720150917824}. Best is trial 241 with value: 0.15536132835664979.
[I 2026-05-28 21:55:23,251] Trial 244 finished with value: 0.3446203380029742 and parameters: {'ISTN': 61.70869591119586, 'I_gpe': 1.2668661721690841, 'I_gpi': 2.5984463787279006, 'noise_stn_sigma': 3.0932214266031717, 'noise_gpe_sigma': 90.18896745604353, 'noise_gpi_sigma': 69.27286212176203, 'g_stn_gpe_mult': 3.612441180630592, 'g_gpe_stn_mult': 0.24229348775882342, 'g_stn_gpi_mult': 1.5057455857512232, 'g_gpe_gpi_mult': 0.529911959298293}. Best is trial 241 with value: 0.15536132835664979.
[I 2026-05-28 21:55:24,229] Trial 245 finished with value: 1.374937231524454 and parameters: {'ISTN': 65.44296430817704, 'I_gpe': 1.1804205983249028, 'I_gpi': 2.522860147382832, 'noise_stn_sigma': 2.6059347407152034, 'noise_gpe_sigma': 79.94376345172542, 'noise_gpi_sigma': 78.51512551329029, 'g_stn_gpe_mult': 3.650377326132222, 'g_gpe_stn_mult': 0.19386838428993436, 'g_stn_gpi_mult': 2.136250639533607, 'g_gpe_gpi_mult': 0.6858474868568305}. Best is trial 241 with value: 0.15536132835664979.
[I 2026-05-28 21:55:25,208] Trial 246 finished with value: 0.16915795230434857 and parameters: {'ISTN': 63.41601051127779, 'I_gpe': 1.4148795356107107, 'I_gpi': 2.4598221804012743, 'noise_stn_sigma': 2.6365311757794156, 'noise_gpe_sigma': 102.38343744253447, 'noise_gpi_sigma': 75.77529336888227, 'g_stn_gpe_mult': 3.7429286868263754, 'g_gpe_stn_mult': 0.1865357314268701, 'g_stn_gpi_mult': 1.3870648696013546, 'g_gpe_gpi_mult': 0.6533892258028258}. Best is trial 241 with value: 0.15536132835664979.
[I 2026-05-28 21:55:26,187] Trial 247 finished with value: 6.572107586285948 and parameters: {'ISTN': 69.25556601772911, 'I_gpe': 1.6761573788400816, 'I_gpi': 2.733924479074708, 'noise_stn_sigma': 2.7588528904301906, 'noise_gpe_sigma': 99.64502898595107, 'noise_gpi_sigma': 63.49763135472988, 'g_stn_gpe_mult': 3.7750971864121583, 'g_gpe_stn_mult': 0.20075640283831828, 'g_stn_gpi_mult': 1.455566835386013, 'g_gpe_gpi_mult': 0.6651161305230564}. Best is trial 241 with value: 0.15536132835664979.
[I 2026-05-28 21:55:27,166] Trial 248 finished with value: 0.21054079064570105 and parameters: {'ISTN': 60.5067522252384, 'I_gpe': 1.6483213331573108, 'I_gpi': 2.6214946148918656, 'noise_stn_sigma': 2.605707396525921, 'noise_gpe_sigma': 78.09822285950668, 'noise_gpi_sigma': 86.39491691536483, 'g_stn_gpe_mult': 3.1774130178982527, 'g_gpe_stn_mult': 0.21609575453007873, 'g_stn_gpi_mult': 1.91543713135453, 'g_gpe_gpi_mult': 0.676729732933095}. Best is trial 241 with value: 0.15536132835664979.
[I 2026-05-28 21:55:28,145] Trial 249 finished with value: 0.3087188889568604 and parameters: {'ISTN': 62.58494181824963, 'I_gpe': 1.5781154235016077, 'I_gpi': 2.3857138502259803, 'noise_stn_sigma': 2.9503076210291437, 'noise_gpe_sigma': 89.95746837440296, 'noise_gpi_sigma': 80.57651363293425, 'g_stn_gpe_mult': 3.402513840848516, 'g_gpe_stn_mult': 0.19758901204696439, 'g_stn_gpi_mult': 1.6709247709325525, 'g_gpe_gpi_mult': 0.6557603971327357}. Best is trial 241 with value: 0.15536132835664979.
[I 2026-05-28 21:55:29,124] Trial 250 finished with value: 1.6819932752853122 and parameters: {'ISTN': 64.99914566545209, 'I_gpe': 1.2001284777681018, 'I_gpi': 2.4904654380394398, 'noise_stn_sigma': 2.606110363797643, 'noise_gpe_sigma': 86.39254939183876, 'noise_gpi_sigma': 71.29475152213783, 'g_stn_gpe_mult': 3.3489936214251386, 'g_gpe_stn_mult': 0.1964304602696682, 'g_stn_gpi_mult': 1.7781205451598765, 'g_gpe_gpi_mult': 0.6822836570000574}. Best is trial 241 with value: 0.15536132835664979.
[I 2026-05-28 21:55:30,105] Trial 251 finished with value: 0.199161319323814 and parameters: {'ISTN': 64.0089549718667, 'I_gpe': 1.6537780760565375, 'I_gpi': 2.3257196328094043, 'noise_stn_sigma': 1.9351761698185777, 'noise_gpe_sigma': 101.35519546666404, 'noise_gpi_sigma': 72.44479160958295, 'g_stn_gpe_mult': 3.71739729584655, 'g_gpe_stn_mult': 0.1212027011296719, 'g_stn_gpi_mult': 1.6880746728132452, 'g_gpe_gpi_mult': 0.5707571278105017}. Best is trial 241 with value: 0.15536132835664979.
[I 2026-05-28 21:55:31,084] Trial 252 finished with value: 0.17423391330364124 and parameters: {'ISTN': 63.68979183661201, 'I_gpe': 1.5110977517269337, 'I_gpi': 2.190626503564289, 'noise_stn_sigma': 3.475222630465004, 'noise_gpe_sigma': 96.15096935340523, 'noise_gpi_sigma': 84.03695017195861, 'g_stn_gpe_mult': 3.7999803919941524, 'g_gpe_stn_mult': 0.1410324593506209, 'g_stn_gpi_mult': 1.3214379840840513, 'g_gpe_gpi_mult': 0.6148077537927201}. Best is trial 241 with value: 0.15536132835664979.
[I 2026-05-28 21:55:32,062] Trial 253 finished with value: 0.502442066105207 and parameters: {'ISTN': 64.60920651925868, 'I_gpe': 1.0689299794801428, 'I_gpi': 2.24794985317221, 'noise_stn_sigma': 3.0108302150312753, 'noise_gpe_sigma': 85.15282721464284, 'noise_gpi_sigma': 83.87853112531775, 'g_stn_gpe_mult': 3.812281792547882, 'g_gpe_stn_mult': 0.14686375072330468, 'g_stn_gpi_mult': 1.4902368395952532, 'g_gpe_gpi_mult': 0.5350371391331556}. Best is trial 241 with value: 0.15536132835664979.
[I 2026-05-28 21:55:33,040] Trial 254 finished with value: 1.3995457341181683 and parameters: {'ISTN': 60.40134943002853, 'I_gpe': 1.124289334207099, 'I_gpi': 2.3373264947249575, 'noise_stn_sigma': 1.7747779298586828, 'noise_gpe_sigma': 84.99862750035393, 'noise_gpi_sigma': 90.49473069617437, 'g_stn_gpe_mult': 3.675151567539956, 'g_gpe_stn_mult': 0.11888967890832601, 'g_stn_gpi_mult': 1.4895279265991417, 'g_gpe_gpi_mult': 0.6131826742688349}. Best is trial 241 with value: 0.15536132835664979.
[I 2026-05-28 21:55:34,018] Trial 255 finished with value: 0.18281756765781793 and parameters: {'ISTN': 62.727066823017424, 'I_gpe': 1.1809177541407765, 'I_gpi': 2.1039945578579227, 'noise_stn_sigma': 2.747002387506433, 'noise_gpe_sigma': 79.10456137088227, 'noise_gpi_sigma': 88.78574596537901, 'g_stn_gpe_mult': 3.8547528555894828, 'g_gpe_stn_mult': 0.1320585917854913, 'g_stn_gpi_mult': 1.671039551825218, 'g_gpe_gpi_mult': 0.6211243181041117}. Best is trial 241 with value: 0.15536132835664979.
[I 2026-05-28 21:55:34,997] Trial 256 finished with value: 0.26165330983403867 and parameters: {'ISTN': 63.250643403898565, 'I_gpe': 1.2720268904847116, 'I_gpi': 2.0085294265181135, 'noise_stn_sigma': 1.975211672588403, 'noise_gpe_sigma': 92.06984632429628, 'noise_gpi_sigma': 100.5082539018631, 'g_stn_gpe_mult': 3.546161339430115, 'g_gpe_stn_mult': 0.10299323557407027, 'g_stn_gpi_mult': 1.4386591801241746, 'g_gpe_gpi_mult': 0.5837779725207699}. Best is trial 241 with value: 0.15536132835664979.
[I 2026-05-28 21:55:35,976] Trial 257 finished with value: 0.19521868952034346 and parameters: {'ISTN': 62.323170550715695, 'I_gpe': 1.180181318970893, 'I_gpi': 2.0142185480761365, 'noise_stn_sigma': 2.531603790842203, 'noise_gpe_sigma': 91.27369484365123, 'noise_gpi_sigma': 93.91946772588564, 'g_stn_gpe_mult': 3.5879056009858523, 'g_gpe_stn_mult': 0.12875030897210163, 'g_stn_gpi_mult': 1.4168910871794296, 'g_gpe_gpi_mult': 0.5405387135695865}. Best is trial 241 with value: 0.15536132835664979.
[I 2026-05-28 21:55:36,953] Trial 258 finished with value: 0.2764341195380564 and parameters: {'ISTN': 66.7404424875034, 'I_gpe': 1.7292291766166172, 'I_gpi': 2.0734810793108798, 'noise_stn_sigma': 2.878828180016975, 'noise_gpe_sigma': 89.57490207032181, 'noise_gpi_sigma': 74.28188845228931, 'g_stn_gpe_mult': 3.6972618763986476, 'g_gpe_stn_mult': 0.1198904493896072, 'g_stn_gpi_mult': 1.7475289847344544, 'g_gpe_gpi_mult': 0.5153567139993243}. Best is trial 241 with value: 0.15536132835664979.
[I 2026-05-28 21:55:37,935] Trial 259 finished with value: 0.1979918261005885 and parameters: {'ISTN': 62.21976278133154, 'I_gpe': 1.1145736639911106, 'I_gpi': 2.058321219108806, 'noise_stn_sigma': 2.819910913359879, 'noise_gpe_sigma': 94.69828137782478, 'noise_gpi_sigma': 79.88650138090874, 'g_stn_gpe_mult': 3.6773285575405703, 'g_gpe_stn_mult': 0.185403484894664, 'g_stn_gpi_mult': 1.6727649102487432, 'g_gpe_gpi_mult': 0.5366822311991971}. Best is trial 241 with value: 0.15536132835664979.
[I 2026-05-28 21:55:38,912] Trial 260 finished with value: 0.22250482590110493 and parameters: {'ISTN': 60.40446887373945, 'I_gpe': 1.7536597771115812, 'I_gpi': 2.133861727968506, 'noise_stn_sigma': 2.241030009588658, 'noise_gpe_sigma': 96.04775195062972, 'noise_gpi_sigma': 63.607138013508106, 'g_stn_gpe_mult': 3.528187430534877, 'g_gpe_stn_mult': 0.20350706942626, 'g_stn_gpi_mult': 2.0632686886730647, 'g_gpe_gpi_mult': 0.5337626572513813}. Best is trial 241 with value: 0.15536132835664979.
[I 2026-05-28 21:55:39,890] Trial 261 finished with value: 0.12582505476225536 and parameters: {'ISTN': 60.46033723237549, 'I_gpe': 1.3879862519251556, 'I_gpi': 2.4280499012205325, 'noise_stn_sigma': 2.935308891319916, 'noise_gpe_sigma': 96.18046715956545, 'noise_gpi_sigma': 78.51951054963129, 'g_stn_gpe_mult': 3.785056759547055, 'g_gpe_stn_mult': 0.156981568266484, 'g_stn_gpi_mult': 1.496389281405052, 'g_gpe_gpi_mult': 0.6548513671197982}. Best is trial 261 with value: 0.12582505476225536.
[I 2026-05-28 21:55:40,869] Trial 262 finished with value: 0.22672590797862718 and parameters: {'ISTN': 62.83279083527815, 'I_gpe': 1.4576928309193269, 'I_gpi': 1.9116303118513414, 'noise_stn_sigma': 3.3163223232411, 'noise_gpe_sigma': 93.7185916107979, 'noise_gpi_sigma': 76.97003344538115, 'g_stn_gpe_mult': 3.4883620601639924, 'g_gpe_stn_mult': 0.17875949087504645, 'g_stn_gpi_mult': 1.3316638102488827, 'g_gpe_gpi_mult': 0.5235011660584241}. Best is trial 261 with value: 0.12582505476225536.
[I 2026-05-28 21:55:41,845] Trial 263 finished with value: 0.3539648276732761 and parameters: {'ISTN': 61.35495557990715, 'I_gpe': 1.43778408032259, 'I_gpi': 1.8886906000717127, 'noise_stn_sigma': 3.5056758485094113, 'noise_gpe_sigma': 103.36625138149289, 'noise_gpi_sigma': 75.90590205181805, 'g_stn_gpe_mult': 3.447415460767843, 'g_gpe_stn_mult': 0.18299197168950562, 'g_stn_gpi_mult': 1.8688089541635078, 'g_gpe_gpi_mult': 0.4426818872470515}. Best is trial 261 with value: 0.12582505476225536.
