[I 2026-05-28 21:51:22,277] A new study created in memory with name: sensitivity_K_low
[I 2026-05-28 21:51:24,695] Trial 0 finished with value: 28.586665419074915 and parameters: {'ISTN': 93.70861069626262, 'I_gpe': 3.827500072434707, 'I_gpi': 3.9279757672456204, 'noise_stn_sigma': 5.190609389379256, 'noise_gpe_sigma': 40.28242325751675, 'noise_gpi_sigma': 40.27928764370634, 'g_stn_gpe_mult': 1.703292642588698, 'g_gpe_stn_mult': 0.7063233020424546, 'g_stn_gpi_mult': 2.8033450352296265, 'g_gpe_gpi_mult': 0.9080725777960454}. Best is trial 0 with value: 28.586665419074915.
[I 2026-05-28 21:51:25,682] Trial 1 finished with value: 18.362094173990187 and parameters: {'ISTN': 102.18398227973381, 'I_gpe': 1.7822592367307524, 'I_gpi': 2.0402078942860182, 'noise_stn_sigma': 5.527278325084124, 'noise_gpe_sigma': 64.87605951987203, 'noise_gpi_sigma': 128.16311557229506, 'g_stn_gpe_mult': 3.8783201895114314, 'g_gpe_stn_mult': 0.4633636096255428, 'g_stn_gpi_mult': 1.9201572567197984, 'g_gpe_gpi_mult': 0.5716581854888545}. Best is trial 1 with value: 18.362094173990187.
[I 2026-05-28 21:51:26,664] Trial 2 finished with value: 17.714777707846366 and parameters: {'ISTN': 104.05697545714605, 'I_gpe': 1.6990806611446447, 'I_gpi': 2.1093322736015803, 'noise_stn_sigma': 4.391415413253829, 'noise_gpe_sigma': 95.78215145683166, 'noise_gpi_sigma': 112.26271914252017, 'g_stn_gpe_mult': 3.620508535432487, 'g_gpe_stn_mult': 0.48253375989294744, 'g_stn_gpi_mult': 2.4349864676102033, 'g_gpe_gpi_mult': 0.8838728082220315}. Best is trial 2 with value: 17.714777707846366.
[I 2026-05-28 21:51:27,583] Trial 3 finished with value: 1000000.0 and parameters: {'ISTN': 124.05768254138863, 'I_gpe': 2.4404639905642638, 'I_gpi': 2.929437307767527, 'noise_stn_sigma': 4.597526383157501, 'noise_gpe_sigma': 123.71799364703026, 'noise_gpi_sigma': 102.97034598752232, 'g_stn_gpe_mult': 3.0886712355338317, 'g_gpe_stn_mult': 0.27286655747132477, 'g_stn_gpi_mult': 3.5949342956186348, 'g_gpe_gpi_mult': 0.596177167198813}. Best is trial 2 with value: 17.714777707846366.
[I 2026-05-28 21:51:28,562] Trial 4 finished with value: 5.688614744396383 and parameters: {'ISTN': 61.327006512303655, 'I_gpe': 2.322282146919423, 'I_gpi': 2.6397695163821506, 'noise_stn_sigma': 3.62253468740132, 'noise_gpe_sigma': 78.9240566977039, 'noise_gpi_sigma': 101.63027934654737, 'g_stn_gpe_mult': 3.374074127741162, 'g_gpe_stn_mult': 0.2130397972288703, 'g_stn_gpi_mult': 2.0912746715201935, 'g_gpe_gpi_mult': 0.6568869944818863}. Best is trial 4 with value: 5.688614744396383.
[I 2026-05-28 21:51:29,543] Trial 5 finished with value: 20.826299380163352 and parameters: {'ISTN': 118.21835604782609, 'I_gpe': 1.5081892774313215, 'I_gpi': 3.899768098732145, 'noise_stn_sigma': 3.936086758513816, 'noise_gpe_sigma': 119.32152160252447, 'noise_gpi_sigma': 102.30543016488373, 'g_stn_gpe_mult': 2.9807792455418993, 'g_gpe_stn_mult': 0.5137698475759706, 'g_stn_gpi_mult': 2.9949380788413196, 'g_gpe_gpi_mult': 0.9635506695066518}. Best is trial 4 with value: 5.688614744396383.
[I 2026-05-28 21:51:30,524] Trial 6 finished with value: 22.129652401925462 and parameters: {'ISTN': 121.61855037844573, 'I_gpe': 1.6513293219198029, 'I_gpi': 2.8432761902587727, 'noise_stn_sigma': 3.8480047711083603, 'noise_gpe_sigma': 74.143091992362, 'noise_gpi_sigma': 62.05518437298985, 'g_stn_gpe_mult': 3.3767409216885813, 'g_gpe_stn_mult': 0.39119594338519237, 'g_stn_gpi_mult': 2.347357900801299, 'g_gpe_gpi_mult': 0.4142625832855039}. Best is trial 4 with value: 5.688614744396383.
[I 2026-05-28 21:51:31,506] Trial 7 finished with value: 21.310464715667926 and parameters: {'ISTN': 118.14807622329761, 'I_gpe': 1.5486294089623256, 'I_gpi': 2.4516321436833994, 'noise_stn_sigma': 2.679013017620471, 'noise_gpe_sigma': 56.04599877645517, 'noise_gpi_sigma': 116.28652710522236, 'g_stn_gpe_mult': 2.9922746566942053, 'g_gpe_stn_mult': 0.2955859336866355, 'g_stn_gpi_mult': 1.716124621409335, 'g_gpe_gpi_mult': 0.5179871881249729}. Best is trial 4 with value: 5.688614744396383.
[I 2026-05-28 21:51:32,483] Trial 8 finished with value: 25.44186158406817 and parameters: {'ISTN': 125.24171270223263, 'I_gpe': 2.8526086943177944, 'I_gpi': 2.0678354736293487, 'noise_stn_sigma': 3.402302701760284, 'noise_gpe_sigma': 94.41082187084776, 'noise_gpi_sigma': 98.9600504549821, 'g_stn_gpe_mult': 3.6329764552383, 'g_gpe_stn_mult': 0.2538139817870882, 'g_stn_gpi_mult': 2.8573669779553246, 'g_gpe_gpi_mult': 0.7596331107049075}. Best is trial 4 with value: 5.688614744396383.
[I 2026-05-28 21:51:33,463] Trial 9 finished with value: 21.837675826577087 and parameters: {'ISTN': 108.06144798180426, 'I_gpe': 2.088159593914187, 'I_gpi': 2.7321182722451014, 'noise_stn_sigma': 3.3524793808782456, 'noise_gpe_sigma': 48.88483497946666, 'noise_gpi_sigma': 129.93936748396976, 'g_stn_gpe_mult': 3.302290408301439, 'g_gpe_stn_mult': 0.5428025966104797, 'g_stn_gpi_mult': 2.2888222168539225, 'g_gpe_gpi_mult': 0.6716607335175118}. Best is trial 4 with value: 5.688614744396383.
[I 2026-05-28 21:51:34,446] Trial 10 finished with value: 20.294711285728873 and parameters: {'ISTN': 105.28930217987374, 'I_gpe': 2.764126309775512, 'I_gpi': 1.33834956817683, 'noise_stn_sigma': 2.965503538344267, 'noise_gpe_sigma': 129.52996397114705, 'noise_gpi_sigma': 96.48201510531312, 'g_stn_gpe_mult': 3.0608279134787137, 'g_gpe_stn_mult': 0.462684887025272, 'g_stn_gpi_mult': 2.045535048975993, 'g_gpe_gpi_mult': 0.7985205433522264}. Best is trial 4 with value: 5.688614744396383.
[I 2026-05-28 21:51:35,428] Trial 11 finished with value: 13.726437236620603 and parameters: {'ISTN': 78.43528389046723, 'I_gpe': 2.865982167869069, 'I_gpi': 1.2683168678202659, 'noise_stn_sigma': 4.343926067245296, 'noise_gpe_sigma': 112.13882631456771, 'noise_gpi_sigma': 127.71656619189112, 'g_stn_gpe_mult': 3.369519691159665, 'g_gpe_stn_mult': 0.17024425795707682, 'g_stn_gpi_mult': 1.071227162811093, 'g_gpe_gpi_mult': 0.8240736404048554}. Best is trial 4 with value: 5.688614744396383.
[I 2026-05-28 21:51:36,409] Trial 12 finished with value: 21.66326549232687 and parameters: {'ISTN': 105.49279408555266, 'I_gpe': 2.783468108722979, 'I_gpi': 1.6507978209382985, 'noise_stn_sigma': 3.581968002638605, 'noise_gpe_sigma': 71.64825189262112, 'noise_gpi_sigma': 125.83841508532213, 'g_stn_gpe_mult': 3.4155030032878386, 'g_gpe_stn_mult': 0.4160330669890233, 'g_stn_gpi_mult': 1.6475522013112784, 'g_gpe_gpi_mult': 0.8422756076660891}. Best is trial 4 with value: 5.688614744396383.
[I 2026-05-28 21:51:37,389] Trial 13 finished with value: 13.95922025540341 and parameters: {'ISTN': 72.17170706286666, 'I_gpe': 2.0898753642225274, 'I_gpi': 2.7998045043315525, 'noise_stn_sigma': 4.710418114623289, 'noise_gpe_sigma': 110.85399812775813, 'noise_gpi_sigma': 131.52372660326444, 'g_stn_gpe_mult': 3.0308884588638314, 'g_gpe_stn_mult': 0.5679122469110595, 'g_stn_gpi_mult': 2.8940679481782525, 'g_gpe_gpi_mult': 0.8029557925934834}. Best is trial 4 with value: 5.688614744396383.
[I 2026-05-28 21:51:38,369] Trial 14 finished with value: 18.470024247292173 and parameters: {'ISTN': 114.4468672599312, 'I_gpe': 1.4143381123852494, 'I_gpi': 3.11050561846695, 'noise_stn_sigma': 4.42181003898821, 'noise_gpe_sigma': 39.51625584021856, 'noise_gpi_sigma': 79.12151282539507, 'g_stn_gpe_mult': 2.9341005251487946, 'g_gpe_stn_mult': 0.2407613537592072, 'g_stn_gpi_mult': 2.5868053288108834, 'g_gpe_gpi_mult': 0.6495468499477195}. Best is trial 4 with value: 5.688614744396383.
[I 2026-05-28 21:51:39,352] Trial 15 finished with value: 18.181708027753913 and parameters: {'ISTN': 89.4984463760391, 'I_gpe': 2.662439113886082, 'I_gpi': 1.828597600082045, 'noise_stn_sigma': 4.473226719843797, 'noise_gpe_sigma': 52.018801845431625, 'noise_gpi_sigma': 112.56637573338563, 'g_stn_gpe_mult': 3.187540512231422, 'g_gpe_stn_mult': 0.470337397059602, 'g_stn_gpi_mult': 2.3809282389347066, 'g_gpe_gpi_mult': 0.5583001122532372}. Best is trial 4 with value: 5.688614744396383.
[I 2026-05-28 21:51:40,331] Trial 16 finished with value: 12.540513830619052 and parameters: {'ISTN': 73.48178148510219, 'I_gpe': 2.2003813253247975, 'I_gpi': 1.7995608488660717, 'noise_stn_sigma': 4.1394039778313925, 'noise_gpe_sigma': 100.67843050306253, 'noise_gpi_sigma': 100.85427432179546, 'g_stn_gpe_mult': 3.4152695833622366, 'g_gpe_stn_mult': 0.255163810060183, 'g_stn_gpi_mult': 1.9008094602842662, 'g_gpe_gpi_mult': 0.6120663998500357}. Best is trial 4 with value: 5.688614744396383.
[I 2026-05-28 21:51:41,311] Trial 17 finished with value: 18.268125075325038 and parameters: {'ISTN': 102.63269273954339, 'I_gpe': 1.7768069774599826, 'I_gpi': 3.3813844998979974, 'noise_stn_sigma': 1.928918487858929, 'noise_gpe_sigma': 76.67653210259647, 'noise_gpi_sigma': 133.07393879471044, 'g_stn_gpe_mult': 2.8191219803523415, 'g_gpe_stn_mult': 0.27540502611273665, 'g_stn_gpi_mult': 2.453172801231558, 'g_gpe_gpi_mult': 0.4984683530703165}. Best is trial 4 with value: 5.688614744396383.
[I 2026-05-28 21:51:42,291] Trial 18 finished with value: 21.880159825153143 and parameters: {'ISTN': 129.4766857638425, 'I_gpe': 2.1911403581955677, 'I_gpi': 2.348098694601253, 'noise_stn_sigma': 4.70220307669073, 'noise_gpe_sigma': 84.48672009803136, 'noise_gpi_sigma': 98.04722837485538, 'g_stn_gpe_mult': 2.4933789655291223, 'g_gpe_stn_mult': 0.3720458396480819, 'g_stn_gpi_mult': 2.8498471448682507, 'g_gpe_gpi_mult': 0.9746969746496248}. Best is trial 4 with value: 5.688614744396383.
[I 2026-05-28 21:51:43,269] Trial 19 finished with value: 15.42704089340341 and parameters: {'ISTN': 93.85375687732675, 'I_gpe': 1.7738103040676614, 'I_gpi': 3.239436605576738, 'noise_stn_sigma': 3.858055238251215, 'noise_gpe_sigma': 86.06603262000806, 'noise_gpi_sigma': 102.32289640885755, 'g_stn_gpe_mult': 3.9127569416372676, 'g_gpe_stn_mult': 0.35587196923009534, 'g_stn_gpi_mult': 2.0165613807051472, 'g_gpe_gpi_mult': 0.9291852052775513}. Best is trial 4 with value: 5.688614744396383.
[I 2026-05-28 21:51:44,251] Trial 20 finished with value: 7.53038200093058 and parameters: {'ISTN': 79.1313062460815, 'I_gpe': 0.559184032557139, 'I_gpi': 3.3078900318946385, 'noise_stn_sigma': 1.8617869937825031, 'noise_gpe_sigma': 25.462068816176036, 'noise_gpi_sigma': 76.57072387179713, 'g_stn_gpe_mult': 4.566171001451201, 'g_gpe_stn_mult': 0.12267245234796544, 'g_stn_gpi_mult': 2.018866596738645, 'g_gpe_gpi_mult': 0.8229933578232678}. Best is trial 4 with value: 5.688614744396383.
[I 2026-05-28 21:51:45,231] Trial 21 finished with value: 7.756598883314714 and parameters: {'ISTN': 65.95583771498625, 'I_gpe': 2.256042788385046, 'I_gpi': 2.383607204157642, 'noise_stn_sigma': 2.9855947375002856, 'noise_gpe_sigma': 87.57792138191441, 'noise_gpi_sigma': 99.85919648303614, 'g_stn_gpe_mult': 3.682561345956629, 'g_gpe_stn_mult': 0.15726528960598204, 'g_stn_gpi_mult': 1.7203776985009867, 'g_gpe_gpi_mult': 0.906537296635761}. Best is trial 4 with value: 5.688614744396383.
[I 2026-05-28 21:51:46,209] Trial 22 finished with value: 12.399536894075538 and parameters: {'ISTN': 90.34851977612499, 'I_gpe': 1.0854035368580286, 'I_gpi': 3.790227633909857, 'noise_stn_sigma': 4.415805016677093, 'noise_gpe_sigma': 68.63946502530015, 'noise_gpi_sigma': 96.47904588485167, 'g_stn_gpe_mult': 3.390456347915403, 'g_gpe_stn_mult': 0.2801993471161439, 'g_stn_gpi_mult': 1.6623709211790232, 'g_gpe_gpi_mult': 0.5400163017178279}. Best is trial 4 with value: 5.688614744396383.
[I 2026-05-28 21:51:47,186] Trial 23 finished with value: 10.037710707196212 and parameters: {'ISTN': 85.21389658200154, 'I_gpe': 1.4638239811424547, 'I_gpi': 2.283026586134686, 'noise_stn_sigma': 2.886862142799659, 'noise_gpe_sigma': 97.95785495349239, 'noise_gpi_sigma': 81.01041068671292, 'g_stn_gpe_mult': 3.3741140895598147, 'g_gpe_stn_mult': 0.10304614940178423, 'g_stn_gpi_mult': 2.2728314761822426, 'g_gpe_gpi_mult': 1.0213005903508823}. Best is trial 4 with value: 5.688614744396383.
[I 2026-05-28 21:51:48,166] Trial 24 finished with value: 7.479511871110545 and parameters: {'ISTN': 71.44722294731092, 'I_gpe': 2.2890219175524695, 'I_gpi': 1.5845714187008124, 'noise_stn_sigma': 2.531128862712741, 'noise_gpe_sigma': 72.38410911409977, 'noise_gpi_sigma': 104.34556979957725, 'g_stn_gpe_mult': 3.6089628905733075, 'g_gpe_stn_mult': 0.14127616742531215, 'g_stn_gpi_mult': 1.8136796164516102, 'g_gpe_gpi_mult': 0.43628929347909867}. Best is trial 4 with value: 5.688614744396383.
[I 2026-05-28 21:51:49,144] Trial 25 finished with value: 14.631294342335211 and parameters: {'ISTN': 80.83201685774118, 'I_gpe': 1.4769306534077202, 'I_gpi': 1.4306342014996194, 'noise_stn_sigma': 3.586116040850332, 'noise_gpe_sigma': 72.6160171819975, 'noise_gpi_sigma': 76.81695437309551, 'g_stn_gpe_mult': 3.2032194298650034, 'g_gpe_stn_mult': 0.23613553118678837, 'g_stn_gpi_mult': 1.8469676957373877, 'g_gpe_gpi_mult': 0.7548855868370601}. Best is trial 4 with value: 5.688614744396383.
[I 2026-05-28 21:51:50,124] Trial 26 finished with value: 17.279344178196652 and parameters: {'ISTN': 89.33740981762125, 'I_gpe': 1.5315594040874385, 'I_gpi': 3.3332591015062794, 'noise_stn_sigma': 1.6674753511422806, 'noise_gpe_sigma': 58.3372636169333, 'noise_gpi_sigma': 109.14380440574578, 'g_stn_gpe_mult': 3.3377368548307205, 'g_gpe_stn_mult': 0.2504947956944069, 'g_stn_gpi_mult': 2.1165819913393764, 'g_gpe_gpi_mult': 0.7361264335311422}. Best is trial 4 with value: 5.688614744396383.
[I 2026-05-28 21:51:51,103] Trial 27 finished with value: 12.08407716161052 and parameters: {'ISTN': 71.07160182085723, 'I_gpe': 1.1562502393090468, 'I_gpi': 1.0432568735873617, 'noise_stn_sigma': 2.624348755213206, 'noise_gpe_sigma': 63.366711401552536, 'noise_gpi_sigma': 124.5032957274761, 'g_stn_gpe_mult': 4.192254045298853, 'g_gpe_stn_mult': 0.39183801582956734, 'g_stn_gpi_mult': 1.9837149129684133, 'g_gpe_gpi_mult': 0.9381106910317858}. Best is trial 4 with value: 5.688614744396383.
[I 2026-05-28 21:51:52,082] Trial 28 finished with value: 14.989479296409746 and parameters: {'ISTN': 75.77014539620447, 'I_gpe': 2.3324760462612737, 'I_gpi': 2.6354739350456997, 'noise_stn_sigma': 4.960204591684057, 'noise_gpe_sigma': 57.581345908887876, 'noise_gpi_sigma': 84.00484132038272, 'g_stn_gpe_mult': 4.130530994463074, 'g_gpe_stn_mult': 0.5492802323738498, 'g_stn_gpi_mult': 1.8940583810227327, 'g_gpe_gpi_mult': 0.8474000204532344}. Best is trial 4 with value: 5.688614744396383.
[I 2026-05-28 21:51:53,000] Trial 29 finished with value: 1000000.0 and parameters: {'ISTN': 71.75590864955164, 'I_gpe': 1.8624920093506365, 'I_gpi': 2.557508737617437, 'noise_stn_sigma': 1.744292736851267, 'noise_gpe_sigma': 119.38919414168245, 'noise_gpi_sigma': 96.12129687761448, 'g_stn_gpe_mult': 4.002410527176738, 'g_gpe_stn_mult': 0.17589803732596826, 'g_stn_gpi_mult': 1.580902458209654, 'g_gpe_gpi_mult': 0.7367927207305376}. Best is trial 4 with value: 5.688614744396383.
[I 2026-05-28 21:51:53,980] Trial 30 finished with value: 14.41777506590554 and parameters: {'ISTN': 77.64409961228854, 'I_gpe': 1.5221999340259527, 'I_gpi': 1.6095720073827793, 'noise_stn_sigma': 1.7146775733807937, 'noise_gpe_sigma': 58.25508811750111, 'noise_gpi_sigma': 99.84583718060455, 'g_stn_gpe_mult': 3.0584520138243185, 'g_gpe_stn_mult': 0.2913395653776313, 'g_stn_gpi_mult': 1.72792424758138, 'g_gpe_gpi_mult': 0.8305952290262975}. Best is trial 4 with value: 5.688614744396383.
[I 2026-05-28 21:51:54,961] Trial 31 finished with value: 14.927817623699884 and parameters: {'ISTN': 80.97369902130762, 'I_gpe': 1.4018815075627713, 'I_gpi': 1.8136886658064264, 'noise_stn_sigma': 2.56505912609621, 'noise_gpe_sigma': 50.853992496148415, 'noise_gpi_sigma': 34.65133992321684, 'g_stn_gpe_mult': 3.107505303125627, 'g_gpe_stn_mult': 0.14641776841742846, 'g_stn_gpi_mult': 1.3027838943183387, 'g_gpe_gpi_mult': 0.755050924903035}. Best is trial 4 with value: 5.688614744396383.
[I 2026-05-28 21:51:55,939] Trial 32 finished with value: 2.8988435611249788 and parameters: {'ISTN': 63.13221240612994, 'I_gpe': 2.446324078702534, 'I_gpi': 2.9690323487618078, 'noise_stn_sigma': 2.0266149669699685, 'noise_gpe_sigma': 68.84201614882335, 'noise_gpi_sigma': 115.08060755464975, 'g_stn_gpe_mult': 2.9496427415204716, 'g_gpe_stn_mult': 0.18319813282220712, 'g_stn_gpi_mult': 2.1848272639411643, 'g_gpe_gpi_mult': 0.6882403101777815}. Best is trial 32 with value: 2.8988435611249788.
[I 2026-05-28 21:51:56,921] Trial 33 finished with value: 5.59350853665801 and parameters: {'ISTN': 67.40630585401135, 'I_gpe': 2.571790220095008, 'I_gpi': 1.678300755638855, 'noise_stn_sigma': 1.8529082592175001, 'noise_gpe_sigma': 56.48323636335237, 'noise_gpi_sigma': 86.37640269495215, 'g_stn_gpe_mult': 3.7733693496728433, 'g_gpe_stn_mult': 0.17793304198735194, 'g_stn_gpi_mult': 1.6060532494337936, 'g_gpe_gpi_mult': 0.5536769744631487}. Best is trial 32 with value: 2.8988435611249788.
[I 2026-05-28 21:51:57,902] Trial 34 finished with value: 10.133124888653379 and parameters: {'ISTN': 73.84599042512714, 'I_gpe': 1.4239924686511714, 'I_gpi': 1.9552439411374172, 'noise_stn_sigma': 2.6974972020683277, 'noise_gpe_sigma': 96.93350568959644, 'noise_gpi_sigma': 79.72573619937185, 'g_stn_gpe_mult': 3.4114607931120524, 'g_gpe_stn_mult': 0.19243529513762786, 'g_stn_gpi_mult': 2.2457774029982693, 'g_gpe_gpi_mult': 0.9017849743706221}. Best is trial 32 with value: 2.8988435611249788.
[I 2026-05-28 21:51:58,883] Trial 35 finished with value: 0.436958269218763 and parameters: {'ISTN': 61.621269593785726, 'I_gpe': 2.0903106426152998, 'I_gpi': 2.589960627618168, 'noise_stn_sigma': 3.0401630133280815, 'noise_gpe_sigma': 51.14896569001143, 'noise_gpi_sigma': 50.41066264744843, 'g_stn_gpe_mult': 3.59995673323501, 'g_gpe_stn_mult': 0.21954271418747245, 'g_stn_gpi_mult': 2.244979187036395, 'g_gpe_gpi_mult': 0.43616287464835457}. Best is trial 35 with value: 0.436958269218763.
[I 2026-05-28 21:51:59,861] Trial 36 finished with value: 14.744579267673458 and parameters: {'ISTN': 80.66918951190631, 'I_gpe': 2.4121437389364706, 'I_gpi': 1.5451692285048115, 'noise_stn_sigma': 3.7828250415602103, 'noise_gpe_sigma': 80.16675439305041, 'noise_gpi_sigma': 100.46049107267702, 'g_stn_gpe_mult': 4.097226799393974, 'g_gpe_stn_mult': 0.34007087428085636, 'g_stn_gpi_mult': 2.0643490768745227, 'g_gpe_gpi_mult': 0.821958081152248}. Best is trial 35 with value: 0.436958269218763.
[I 2026-05-28 21:52:00,840] Trial 37 finished with value: 15.249766755244371 and parameters: {'ISTN': 84.93709899250669, 'I_gpe': 1.6041094975731385, 'I_gpi': 1.525867728267663, 'noise_stn_sigma': 1.2068125570436772, 'noise_gpe_sigma': 77.85629021160358, 'noise_gpi_sigma': 70.5801197923791, 'g_stn_gpe_mult': 3.311338302754731, 'g_gpe_stn_mult': 0.38757456613282737, 'g_stn_gpi_mult': 1.4125662813467277, 'g_gpe_gpi_mult': 0.8767453914067584}. Best is trial 35 with value: 0.436958269218763.
[I 2026-05-28 21:52:01,817] Trial 38 finished with value: 1.5073063326521043 and parameters: {'ISTN': 62.27006978539983, 'I_gpe': 1.3380393589655508, 'I_gpi': 1.506142114986564, 'noise_stn_sigma': 3.940251449529513, 'noise_gpe_sigma': 142.49492255402538, 'noise_gpi_sigma': 56.176575975142654, 'g_stn_gpe_mult': 3.1740965380513515, 'g_gpe_stn_mult': 0.13903588655497798, 'g_stn_gpi_mult': 1.2988519904526712, 'g_gpe_gpi_mult': 0.7204331694399604}. Best is trial 35 with value: 0.436958269218763.
[I 2026-05-28 21:52:02,795] Trial 39 finished with value: 11.124652689583588 and parameters: {'ISTN': 92.33527297861608, 'I_gpe': 1.3648645350821718, 'I_gpi': 1.7744117935804669, 'noise_stn_sigma': 2.819776090366342, 'noise_gpe_sigma': 118.30487681287205, 'noise_gpi_sigma': 98.63181655057029, 'g_stn_gpe_mult': 4.146783620134126, 'g_gpe_stn_mult': 0.24666148458810006, 'g_stn_gpi_mult': 2.31214198788014, 'g_gpe_gpi_mult': 0.5701621450676306}. Best is trial 35 with value: 0.436958269218763.
[I 2026-05-28 21:52:03,776] Trial 40 finished with value: 9.738325886525928 and parameters: {'ISTN': 74.77327156905329, 'I_gpe': 1.649886235070276, 'I_gpi': 3.056885898695654, 'noise_stn_sigma': 3.0925233186514918, 'noise_gpe_sigma': 83.17930439806074, 'noise_gpi_sigma': 86.99776183438021, 'g_stn_gpe_mult': 2.4156933768437776, 'g_gpe_stn_mult': 0.23727555481499943, 'g_stn_gpi_mult': 1.1034455180287852, 'g_gpe_gpi_mult': 0.6657406164918762}. Best is trial 35 with value: 0.436958269218763.
[I 2026-05-28 21:52:04,757] Trial 41 finished with value: 15.934594334109946 and parameters: {'ISTN': 76.75579108080929, 'I_gpe': 3.1224025573053895, 'I_gpi': 2.360536479643174, 'noise_stn_sigma': 2.861050047747844, 'noise_gpe_sigma': 70.20021814093772, 'noise_gpi_sigma': 62.916109892667905, 'g_stn_gpe_mult': 2.4910184707990015, 'g_gpe_stn_mult': 0.14847798902039952, 'g_stn_gpi_mult': 1.8745541399401011, 'g_gpe_gpi_mult': 0.677878748026413}. Best is trial 35 with value: 0.436958269218763.
[I 2026-05-28 21:52:05,736] Trial 42 finished with value: 12.632146458781534 and parameters: {'ISTN': 74.98099281028345, 'I_gpe': 1.857646479011017, 'I_gpi': 3.4141764338540574, 'noise_stn_sigma': 4.000265755747331, 'noise_gpe_sigma': 85.72975778326588, 'noise_gpi_sigma': 46.63609849578076, 'g_stn_gpe_mult': 3.8305988184395696, 'g_gpe_stn_mult': 0.3440971394778073, 'g_stn_gpi_mult': 2.0977828701070917, 'g_gpe_gpi_mult': 0.4958691277633592}. Best is trial 35 with value: 0.436958269218763.
[I 2026-05-28 21:52:06,715] Trial 43 finished with value: 0.2901776284552785 and parameters: {'ISTN': 69.71231367065721, 'I_gpe': 1.4090466586716157, 'I_gpi': 2.3296706445682007, 'noise_stn_sigma': 3.0106661066764633, 'noise_gpe_sigma': 80.05238844032012, 'noise_gpi_sigma': 71.37682813275345, 'g_stn_gpe_mult': 3.432379982929806, 'g_gpe_stn_mult': 0.2094584022277303, 'g_stn_gpi_mult': 1.6603442681958724, 'g_gpe_gpi_mult': 0.8429734232924062}. Best is trial 43 with value: 0.2901776284552785.
