[I 2026-05-28 21:40:20,751] Trial 352 finished with value: 0.152841350157523 and parameters: {'ISTN': 61.26500248848098, 'I_gpe': 1.0697067785219436, 'I_gpi': 1.8733047954828108, 'noise_stn_sigma': 3.282386642474065, 'noise_gpe_sigma': 105.97249986682327, 'noise_gpi_sigma': 100.12422436090401, 'g_stn_gpe_mult': 3.384764642087452, 'g_gpe_stn_mult': 0.14928288538540183, 'g_stn_gpi_mult': 2.8261521723649157, 'g_gpe_gpi_mult': 0.7112873546070675}. Best is trial 351 with value: 0.14494938831422527.
[I 2026-05-28 21:40:21,758] Trial 353 finished with value: 0.14948203701048204 and parameters: {'ISTN': 60.12817389507653, 'I_gpe': 1.0485324999328691, 'I_gpi': 1.846442373214916, 'noise_stn_sigma': 3.4297784442628574, 'noise_gpe_sigma': 102.50516356898443, 'noise_gpi_sigma': 97.17693078611124, 'g_stn_gpe_mult': 3.5255428958234813, 'g_gpe_stn_mult': 0.16567698112798984, 'g_stn_gpi_mult': 3.022680777699051, 'g_gpe_gpi_mult': 0.6933606499139906}. Best is trial 351 with value: 0.14494938831422527.
[I 2026-05-28 21:40:22,766] Trial 354 finished with value: 0.17803659317008216 and parameters: {'ISTN': 62.618871466174994, 'I_gpe': 1.222234103097259, 'I_gpi': 1.8988480712267093, 'noise_stn_sigma': 3.114441671215551, 'noise_gpe_sigma': 108.51975021887421, 'noise_gpi_sigma': 103.56431100968925, 'g_stn_gpe_mult': 3.566435593107555, 'g_gpe_stn_mult': 0.14932435627169277, 'g_stn_gpi_mult': 2.736403743234733, 'g_gpe_gpi_mult': 0.7522007052096984}. Best is trial 351 with value: 0.14494938831422527.
[I 2026-05-28 21:40:23,772] Trial 355 finished with value: 0.1591238979959327 and parameters: {'ISTN': 60.57540937181145, 'I_gpe': 0.994561273804415, 'I_gpi': 1.8775813736370313, 'noise_stn_sigma': 3.3923586319692802, 'noise_gpe_sigma': 98.44278390157284, 'noise_gpi_sigma': 101.76433163095577, 'g_stn_gpe_mult': 3.6450269384092233, 'g_gpe_stn_mult': 0.1526682024984617, 'g_stn_gpi_mult': 2.940203296722934, 'g_gpe_gpi_mult': 0.7086244953385998}. Best is trial 351 with value: 0.14494938831422527.
[I 2026-05-28 21:40:24,781] Trial 356 finished with value: 0.1880973620252725 and parameters: {'ISTN': 64.42034443142335, 'I_gpe': 1.264887875243216, 'I_gpi': 1.843308371534433, 'noise_stn_sigma': 3.422178403617323, 'noise_gpe_sigma': 100.45959136357293, 'noise_gpi_sigma': 101.87806177879646, 'g_stn_gpe_mult': 3.411480614834226, 'g_gpe_stn_mult': 0.13837112177823324, 'g_stn_gpi_mult': 2.9344495221317075, 'g_gpe_gpi_mult': 0.6799509325069016}. Best is trial 351 with value: 0.14494938831422527.
[I 2026-05-28 21:40:25,790] Trial 357 finished with value: 0.3298323869589621 and parameters: {'ISTN': 60.54280276715269, 'I_gpe': 1.05796940334532, 'I_gpi': 1.8335212843263269, 'noise_stn_sigma': 3.3260069063525206, 'noise_gpe_sigma': 97.80086824936356, 'noise_gpi_sigma': 95.59067572085658, 'g_stn_gpe_mult': 3.6347844446083326, 'g_gpe_stn_mult': 0.12285531312026499, 'g_stn_gpi_mult': 3.1648317961760632, 'g_gpe_gpi_mult': 0.6713330393919394}. Best is trial 351 with value: 0.14494938831422527.
[I 2026-05-28 21:40:26,795] Trial 358 finished with value: 0.16785129783704744 and parameters: {'ISTN': 62.14208045849399, 'I_gpe': 0.9973441802418156, 'I_gpi': 2.149150128568629, 'noise_stn_sigma': 3.6468539203239407, 'noise_gpe_sigma': 101.20012204018428, 'noise_gpi_sigma': 101.78643298607352, 'g_stn_gpe_mult': 3.5018976578451833, 'g_gpe_stn_mult': 0.10734914247788754, 'g_stn_gpi_mult': 2.9662545706106482, 'g_gpe_gpi_mult': 0.7124183492137566}. Best is trial 351 with value: 0.14494938831422527.
[I 2026-05-28 21:40:27,804] Trial 359 finished with value: 0.16891470610760392 and parameters: {'ISTN': 60.97369765052426, 'I_gpe': 1.2655617445235428, 'I_gpi': 1.9031673625845524, 'noise_stn_sigma': 3.402239079358985, 'noise_gpe_sigma': 100.19199251554504, 'noise_gpi_sigma': 95.16681862841682, 'g_stn_gpe_mult': 3.383956492390377, 'g_gpe_stn_mult': 0.17892422237069033, 'g_stn_gpi_mult': 2.906279380955292, 'g_gpe_gpi_mult': 0.6980323748681346}. Best is trial 351 with value: 0.14494938831422527.
[I 2026-05-28 21:40:28,811] Trial 360 finished with value: 0.25290127214094515 and parameters: {'ISTN': 60.469373534673515, 'I_gpe': 1.1447918169695854, 'I_gpi': 1.694581150908661, 'noise_stn_sigma': 2.9882178494202885, 'noise_gpe_sigma': 103.83694077824532, 'noise_gpi_sigma': 101.54961614504398, 'g_stn_gpe_mult': 3.3869676764231404, 'g_gpe_stn_mult': 0.15390748920724717, 'g_stn_gpi_mult': 2.8616016116145437, 'g_gpe_gpi_mult': 0.6122370226541332}. Best is trial 351 with value: 0.14494938831422527.
[I 2026-05-28 21:40:29,822] Trial 361 finished with value: 0.22548675368332707 and parameters: {'ISTN': 60.40318240626805, 'I_gpe': 0.9731128195976895, 'I_gpi': 2.125250214269381, 'noise_stn_sigma': 3.122875162135921, 'noise_gpe_sigma': 104.0781400957665, 'noise_gpi_sigma': 102.16423147492952, 'g_stn_gpe_mult': 3.4437816310286253, 'g_gpe_stn_mult': 0.12609697223417862, 'g_stn_gpi_mult': 2.8733650040653265, 'g_gpe_gpi_mult': 0.7157511247665886}. Best is trial 351 with value: 0.14494938831422527.
[I 2026-05-28 21:40:30,829] Trial 362 finished with value: 0.16047015649117408 and parameters: {'ISTN': 61.79293262853627, 'I_gpe': 1.181973369194465, 'I_gpi': 2.0097978225686566, 'noise_stn_sigma': 3.607220876528731, 'noise_gpe_sigma': 102.91447777214019, 'noise_gpi_sigma': 100.22091051313706, 'g_stn_gpe_mult': 3.450599537198725, 'g_gpe_stn_mult': 0.144878087098624, 'g_stn_gpi_mult': 2.9172050205342988, 'g_gpe_gpi_mult': 0.6834128337769916}. Best is trial 351 with value: 0.14494938831422527.
[I 2026-05-28 21:40:31,838] Trial 363 finished with value: 0.15369311581977205 and parameters: {'ISTN': 60.82469410509452, 'I_gpe': 1.188271241846669, 'I_gpi': 2.0556390475746458, 'noise_stn_sigma': 3.750666826098808, 'noise_gpe_sigma': 100.39937586496849, 'noise_gpi_sigma': 100.19562322365317, 'g_stn_gpe_mult': 3.3165677843172285, 'g_gpe_stn_mult': 0.1576448510761123, 'g_stn_gpi_mult': 3.085068765104401, 'g_gpe_gpi_mult': 0.6551937505365515}. Best is trial 351 with value: 0.14494938831422527.
[I 2026-05-28 21:40:32,844] Trial 364 finished with value: 0.172255041185086 and parameters: {'ISTN': 62.02278018400808, 'I_gpe': 1.1831986465392932, 'I_gpi': 1.870518097508971, 'noise_stn_sigma': 3.251404270513802, 'noise_gpe_sigma': 106.86596133828384, 'noise_gpi_sigma': 97.63016983003976, 'g_stn_gpe_mult': 3.453903894697418, 'g_gpe_stn_mult': 0.15403317801595745, 'g_stn_gpi_mult': 2.7865846762288564, 'g_gpe_gpi_mult': 0.7220288984028691}. Best is trial 351 with value: 0.14494938831422527.
[I 2026-05-28 21:40:33,851] Trial 365 finished with value: 0.15789349510812592 and parameters: {'ISTN': 60.98738244902638, 'I_gpe': 1.1463267317380403, 'I_gpi': 1.8869884437443938, 'noise_stn_sigma': 3.479054155821253, 'noise_gpe_sigma': 95.12128974499201, 'noise_gpi_sigma': 97.04647586162392, 'g_stn_gpe_mult': 3.368393713606065, 'g_gpe_stn_mult': 0.15588907531663734, 'g_stn_gpi_mult': 3.025286556836973, 'g_gpe_gpi_mult': 0.6958893662469313}. Best is trial 351 with value: 0.14494938831422527.
[I 2026-05-28 21:40:34,858] Trial 366 finished with value: 0.16813867894582427 and parameters: {'ISTN': 62.53842025377744, 'I_gpe': 1.2860564659155123, 'I_gpi': 1.9392798417175467, 'noise_stn_sigma': 3.069630324444477, 'noise_gpe_sigma': 102.34523033194284, 'noise_gpi_sigma': 97.49226806877179, 'g_stn_gpe_mult': 3.2720588529733377, 'g_gpe_stn_mult': 0.14050500364111015, 'g_stn_gpi_mult': 2.969503287003424, 'g_gpe_gpi_mult': 0.6623198655145035}. Best is trial 351 with value: 0.14494938831422527.
[I 2026-05-28 21:40:35,867] Trial 367 finished with value: 0.204146454740846 and parameters: {'ISTN': 60.372423542316064, 'I_gpe': 1.0960484679412237, 'I_gpi': 1.8549439981941762, 'noise_stn_sigma': 3.278757314121202, 'noise_gpe_sigma': 100.91050225972108, 'noise_gpi_sigma': 94.86653324292672, 'g_stn_gpe_mult': 3.5571377262675425, 'g_gpe_stn_mult': 0.1463327807512597, 'g_stn_gpi_mult': 2.8778547891329254, 'g_gpe_gpi_mult': 0.6822333214517017}. Best is trial 351 with value: 0.14494938831422527.
[I 2026-05-28 21:40:36,876] Trial 368 finished with value: 0.2309840069497112 and parameters: {'ISTN': 64.30484796338769, 'I_gpe': 1.0433526701085563, 'I_gpi': 1.767894541633885, 'noise_stn_sigma': 3.547384378415642, 'noise_gpe_sigma': 98.88286705635278, 'noise_gpi_sigma': 98.45486281324149, 'g_stn_gpe_mult': 3.326337610672063, 'g_gpe_stn_mult': 0.11679998907436415, 'g_stn_gpi_mult': 2.9900384227276637, 'g_gpe_gpi_mult': 0.7141882692041686}. Best is trial 351 with value: 0.14494938831422527.
[I 2026-05-28 21:40:37,883] Trial 369 finished with value: 0.19643715960371277 and parameters: {'ISTN': 63.14519054806124, 'I_gpe': 1.0093037632790627, 'I_gpi': 1.937887011276886, 'noise_stn_sigma': 3.0673929032573217, 'noise_gpe_sigma': 100.90303998504216, 'noise_gpi_sigma': 98.13602285706224, 'g_stn_gpe_mult': 3.3769495324399603, 'g_gpe_stn_mult': 0.1428570046743376, 'g_stn_gpi_mult': 2.9040562656642415, 'g_gpe_gpi_mult': 0.6597189940525936}. Best is trial 351 with value: 0.14494938831422527.
[I 2026-05-28 21:40:38,892] Trial 370 finished with value: 0.1795730777131111 and parameters: {'ISTN': 61.74090311705974, 'I_gpe': 1.1735290780173486, 'I_gpi': 2.093538500369246, 'noise_stn_sigma': 3.639116783122968, 'noise_gpe_sigma': 98.34427011879254, 'noise_gpi_sigma': 101.89625221274942, 'g_stn_gpe_mult': 3.604619500429717, 'g_gpe_stn_mult': 0.169135727028685, 'g_stn_gpi_mult': 2.9703266187954074, 'g_gpe_gpi_mult': 0.7451854311599453}. Best is trial 351 with value: 0.14494938831422527.
[I 2026-05-28 21:40:39,899] Trial 371 finished with value: 0.15009371886478948 and parameters: {'ISTN': 60.899603752912924, 'I_gpe': 1.3002566993376918, 'I_gpi': 2.0352198840926903, 'noise_stn_sigma': 3.6917363403943284, 'noise_gpe_sigma': 96.64355999018282, 'noise_gpi_sigma': 94.88371919076413, 'g_stn_gpe_mult': 3.2450321663803825, 'g_gpe_stn_mult': 0.1320882604519839, 'g_stn_gpi_mult': 3.0601184914789656, 'g_gpe_gpi_mult': 0.6954440542535058}. Best is trial 351 with value: 0.14494938831422527.
[I 2026-05-28 21:40:40,904] Trial 372 finished with value: 0.17500436830589516 and parameters: {'ISTN': 63.11316135035999, 'I_gpe': 1.1979039800401967, 'I_gpi': 2.0451326068798696, 'noise_stn_sigma': 3.401505243714136, 'noise_gpe_sigma': 101.39962757837495, 'noise_gpi_sigma': 101.0182046943807, 'g_stn_gpe_mult': 3.3936189243727926, 'g_gpe_stn_mult': 0.1669497216503221, 'g_stn_gpi_mult': 2.9599791222026286, 'g_gpe_gpi_mult': 0.6899828058373796}. Best is trial 351 with value: 0.14494938831422527.
[I 2026-05-28 21:40:41,912] Trial 373 finished with value: 0.17331331569737093 and parameters: {'ISTN': 60.74522986965717, 'I_gpe': 1.2566395592132955, 'I_gpi': 1.8467050410486925, 'noise_stn_sigma': 3.4019121053542833, 'noise_gpe_sigma': 97.70060712090778, 'noise_gpi_sigma': 100.41650804988865, 'g_stn_gpe_mult': 3.5104789994484342, 'g_gpe_stn_mult': 0.20215036576731832, 'g_stn_gpi_mult': 2.8678862327479613, 'g_gpe_gpi_mult': 0.7053029892050988}. Best is trial 351 with value: 0.14494938831422527.
[I 2026-05-28 21:40:42,919] Trial 374 finished with value: 0.9736885359109015 and parameters: {'ISTN': 63.27830544686667, 'I_gpe': 1.1475770004346404, 'I_gpi': 2.0318308810289065, 'noise_stn_sigma': 3.6565460557715426, 'noise_gpe_sigma': 100.27097029502806, 'noise_gpi_sigma': 97.4258086686469, 'g_stn_gpe_mult': 3.255962317043363, 'g_gpe_stn_mult': 0.13998780154074886, 'g_stn_gpi_mult': 2.9384792520164513, 'g_gpe_gpi_mult': 0.7232625135218707}. Best is trial 351 with value: 0.14494938831422527.
[I 2026-05-28 21:40:43,927] Trial 375 finished with value: 0.1562295359232358 and parameters: {'ISTN': 60.2824758544574, 'I_gpe': 1.3101767292393895, 'I_gpi': 2.023721256137307, 'noise_stn_sigma': 3.793491378632426, 'noise_gpe_sigma': 91.72172640659846, 'noise_gpi_sigma': 108.64305471390588, 'g_stn_gpe_mult': 3.377314501386833, 'g_gpe_stn_mult': 0.14154474386198096, 'g_stn_gpi_mult': 2.9206546967618148, 'g_gpe_gpi_mult': 0.672887910148298}. Best is trial 351 with value: 0.14494938831422527.
[I 2026-05-28 21:40:44,933] Trial 376 finished with value: 0.15593152937226032 and parameters: {'ISTN': 61.70937366477755, 'I_gpe': 1.1663658395270646, 'I_gpi': 1.9772261825792956, 'noise_stn_sigma': 3.7249172615909902, 'noise_gpe_sigma': 98.85977994885704, 'noise_gpi_sigma': 101.1482255875474, 'g_stn_gpe_mult': 3.4813374568977995, 'g_gpe_stn_mult': 0.13553014413075756, 'g_stn_gpi_mult': 3.083802676843416, 'g_gpe_gpi_mult': 0.6281520918595609}. Best is trial 351 with value: 0.14494938831422527.
[I 2026-05-28 21:40:45,940] Trial 377 finished with value: 0.17183440635680378 and parameters: {'ISTN': 61.30617802812541, 'I_gpe': 0.9982011678999985, 'I_gpi': 1.8250850325168755, 'noise_stn_sigma': 3.674838805756056, 'noise_gpe_sigma': 98.50306013539321, 'noise_gpi_sigma': 100.43613913272182, 'g_stn_gpe_mult': 3.410789509673994, 'g_gpe_stn_mult': 0.12077655707210017, 'g_stn_gpi_mult': 2.966815727475374, 'g_gpe_gpi_mult': 0.7081394674469501}. Best is trial 351 with value: 0.14494938831422527.
[I 2026-05-28 21:40:46,945] Trial 378 finished with value: 0.21441341051144328 and parameters: {'ISTN': 61.744446446887224, 'I_gpe': 1.2918391661326138, 'I_gpi': 1.8786082239085091, 'noise_stn_sigma': 3.0889150829544234, 'noise_gpe_sigma': 99.59254615813492, 'noise_gpi_sigma': 100.4114409474354, 'g_stn_gpe_mult': 3.3595898953851844, 'g_gpe_stn_mult': 0.13542922457795722, 'g_stn_gpi_mult': 2.8893681343719932, 'g_gpe_gpi_mult': 0.6634667711422102}. Best is trial 351 with value: 0.14494938831422527.
[I 2026-05-28 21:40:47,952] Trial 379 finished with value: 0.158290830891942 and parameters: {'ISTN': 61.66650718486168, 'I_gpe': 1.0732292730538986, 'I_gpi': 2.060815838468257, 'noise_stn_sigma': 3.4046011563646843, 'noise_gpe_sigma': 102.96146046951249, 'noise_gpi_sigma': 96.83320681355981, 'g_stn_gpe_mult': 3.2872265970605, 'g_gpe_stn_mult': 0.14211620086752128, 'g_stn_gpi_mult': 2.98132865997641, 'g_gpe_gpi_mult': 0.6728351179612972}. Best is trial 351 with value: 0.14494938831422527.
[I 2026-05-28 21:40:48,956] Trial 380 finished with value: 0.16296333030024357 and parameters: {'ISTN': 60.823060442266524, 'I_gpe': 1.051522389091621, 'I_gpi': 1.8551049215646687, 'noise_stn_sigma': 3.232024949827581, 'noise_gpe_sigma': 96.49193692333309, 'noise_gpi_sigma': 101.00855900954512, 'g_stn_gpe_mult': 3.4898286077256047, 'g_gpe_stn_mult': 0.1590165597203291, 'g_stn_gpi_mult': 3.0220902534272165, 'g_gpe_gpi_mult': 0.6769017115309721}. Best is trial 351 with value: 0.14494938831422527.
[I 2026-05-28 21:40:49,963] Trial 381 finished with value: 0.1551323064486823 and parameters: {'ISTN': 62.09537732761434, 'I_gpe': 1.1505940906182062, 'I_gpi': 2.098659025738387, 'noise_stn_sigma': 3.8137437423674267, 'noise_gpe_sigma': 96.19884020536364, 'noise_gpi_sigma': 100.18121222369636, 'g_stn_gpe_mult': 3.2784421745287444, 'g_gpe_stn_mult': 0.11259804255063097, 'g_stn_gpi_mult': 2.9867564045112767, 'g_gpe_gpi_mult': 0.6751616566329071}. Best is trial 351 with value: 0.14494938831422527.
[I 2026-05-28 21:40:50,971] Trial 382 finished with value: 0.26808415042474254 and parameters: {'ISTN': 61.12019651959037, 'I_gpe': 1.2820292730926464, 'I_gpi': 1.9913500857828712, 'noise_stn_sigma': 3.8207378653133865, 'noise_gpe_sigma': 90.80835038006722, 'noise_gpi_sigma': 99.78060411601801, 'g_stn_gpe_mult': 3.0723299768202765, 'g_gpe_stn_mult': 0.1340852673936221, 'g_stn_gpi_mult': 3.084420623166907, 'g_gpe_gpi_mult': 0.6658021313528337}. Best is trial 351 with value: 0.14494938831422527.
[I 2026-05-28 21:40:51,978] Trial 383 finished with value: 0.1701995697725944 and parameters: {'ISTN': 62.83636099537423, 'I_gpe': 1.1108123260620755, 'I_gpi': 1.8318869011334558, 'noise_stn_sigma': 3.26437931606909, 'noise_gpe_sigma': 92.03428399279986, 'noise_gpi_sigma': 98.01227703248507, 'g_stn_gpe_mult': 3.322387090200246, 'g_gpe_stn_mult': 0.12805904691994752, 'g_stn_gpi_mult': 3.0303013660622478, 'g_gpe_gpi_mult': 0.6554442322869121}. Best is trial 351 with value: 0.14494938831422527.
[I 2026-05-28 21:40:52,986] Trial 384 finished with value: 0.15530407828715706 and parameters: {'ISTN': 61.97086839599401, 'I_gpe': 1.1715713817454394, 'I_gpi': 1.9785064689296465, 'noise_stn_sigma': 3.5558955783950306, 'noise_gpe_sigma': 96.40247895142373, 'noise_gpi_sigma': 104.77338150740073, 'g_stn_gpe_mult': 3.488300087018341, 'g_gpe_stn_mult': 0.12529872591793637, 'g_stn_gpi_mult': 3.02170251487932, 'g_gpe_gpi_mult': 0.6616942496987714}. Best is trial 351 with value: 0.14494938831422527.
[I 2026-05-28 21:40:53,993] Trial 385 finished with value: 0.19205864540688516 and parameters: {'ISTN': 62.76882494350077, 'I_gpe': 1.125940541500297, 'I_gpi': 1.8938288394638125, 'noise_stn_sigma': 3.940727567676551, 'noise_gpe_sigma': 101.33759312934664, 'noise_gpi_sigma': 102.99128943064535, 'g_stn_gpe_mult': 3.3396900676280508, 'g_gpe_stn_mult': 0.13671290423218302, 'g_stn_gpi_mult': 2.996662920086044, 'g_gpe_gpi_mult': 0.6633556006055129}. Best is trial 351 with value: 0.14494938831422527.
[I 2026-05-28 21:40:54,999] Trial 386 finished with value: 0.20611141808151182 and parameters: {'ISTN': 65.10099187033587, 'I_gpe': 1.1223246683866708, 'I_gpi': 2.0036463545006384, 'noise_stn_sigma': 3.8426144708857644, 'noise_gpe_sigma': 101.1895050432948, 'noise_gpi_sigma': 89.71682104423452, 'g_stn_gpe_mult': 3.361304518589761, 'g_gpe_stn_mult': 0.10813956915241538, 'g_stn_gpi_mult': 2.974215674027948, 'g_gpe_gpi_mult': 0.7236181394209271}. Best is trial 351 with value: 0.14494938831422527.
[I 2026-05-28 21:40:56,005] Trial 387 finished with value: 0.31174941775447185 and parameters: {'ISTN': 60.580744865562075, 'I_gpe': 1.26790302963692, 'I_gpi': 2.082185420697105, 'noise_stn_sigma': 3.921279064535215, 'noise_gpe_sigma': 93.39087237881793, 'noise_gpi_sigma': 97.18635849656194, 'g_stn_gpe_mult': 3.2969882525670453, 'g_gpe_stn_mult': 0.14097023157257216, 'g_stn_gpi_mult': 2.957286658143096, 'g_gpe_gpi_mult': 0.6515957051900547}. Best is trial 351 with value: 0.14494938831422527.
[I 2026-05-28 21:40:57,012] Trial 388 finished with value: 0.15732075816118732 and parameters: {'ISTN': 60.086829965569656, 'I_gpe': 1.1400560744733022, 'I_gpi': 2.177518408011575, 'noise_stn_sigma': 3.2127060561638916, 'noise_gpe_sigma': 97.9384681365594, 'noise_gpi_sigma': 104.09196880096182, 'g_stn_gpe_mult': 3.3885830033816084, 'g_gpe_stn_mult': 0.17746122071111808, 'g_stn_gpi_mult': 2.988187271076289, 'g_gpe_gpi_mult': 0.6768596657798773}. Best is trial 351 with value: 0.14494938831422527.
[I 2026-05-28 21:40:58,017] Trial 389 finished with value: 0.19163833111978268 and parameters: {'ISTN': 60.71479241140634, 'I_gpe': 1.49124637320036, 'I_gpi': 2.148423006231914, 'noise_stn_sigma': 3.8472246987418925, 'noise_gpe_sigma': 98.6058998159587, 'noise_gpi_sigma': 103.2981250164367, 'g_stn_gpe_mult': 3.4305263615255237, 'g_gpe_stn_mult': 0.13735662827769357, 'g_stn_gpi_mult': 2.950883197485711, 'g_gpe_gpi_mult': 0.7097895244862253}. Best is trial 351 with value: 0.14494938831422527.
[I 2026-05-28 21:40:59,023] Trial 390 finished with value: 0.16522015888433228 and parameters: {'ISTN': 61.110514988491325, 'I_gpe': 1.1615494929834664, 'I_gpi': 1.8520068295567222, 'noise_stn_sigma': 4.286957883726275, 'noise_gpe_sigma': 97.44294405253893, 'noise_gpi_sigma': 95.4902212087381, 'g_stn_gpe_mult': 3.3215686745685606, 'g_gpe_stn_mult': 0.14797080703453527, 'g_stn_gpi_mult': 3.05458656756453, 'g_gpe_gpi_mult': 0.7158098172969394}. Best is trial 351 with value: 0.14494938831422527.
[I 2026-05-28 21:41:00,030] Trial 391 finished with value: 0.1552843662213186 and parameters: {'ISTN': 60.823775320717196, 'I_gpe': 1.2594314043222747, 'I_gpi': 2.014343792307401, 'noise_stn_sigma': 3.820967014690723, 'noise_gpe_sigma': 94.58616188774575, 'noise_gpi_sigma': 101.71338602593693, 'g_stn_gpe_mult': 3.2868900999895807, 'g_gpe_stn_mult': 0.1430310495963454, 'g_stn_gpi_mult': 2.985079472224302, 'g_gpe_gpi_mult': 0.698220563596378}. Best is trial 351 with value: 0.14494938831422527.
[I 2026-05-28 21:41:01,036] Trial 392 finished with value: 0.17019868880633351 and parameters: {'ISTN': 60.7239466924519, 'I_gpe': 1.3063949500602228, 'I_gpi': 2.0096591251007165, 'noise_stn_sigma': 3.6227661493079975, 'noise_gpe_sigma': 92.79075054814165, 'noise_gpi_sigma': 98.98283551283781, 'g_stn_gpe_mult': 3.0716020792175427, 'g_gpe_stn_mult': 0.2133909111223783, 'g_stn_gpi_mult': 3.0044544114944793, 'g_gpe_gpi_mult': 0.5759195202613892}. Best is trial 351 with value: 0.14494938831422527.
[I 2026-05-28 21:41:02,043] Trial 393 finished with value: 1.7618328595001282 and parameters: {'ISTN': 62.9480843732356, 'I_gpe': 1.1304913491954927, 'I_gpi': 2.094749710601529, 'noise_stn_sigma': 3.4030353919875758, 'noise_gpe_sigma': 93.21499484987874, 'noise_gpi_sigma': 102.32944754044436, 'g_stn_gpe_mult': 3.434630832843183, 'g_gpe_stn_mult': 0.147031371527892, 'g_stn_gpi_mult': 3.0839839341238164, 'g_gpe_gpi_mult': 0.6418446363718033}. Best is trial 351 with value: 0.14494938831422527.
[I 2026-05-28 21:41:03,051] Trial 394 finished with value: 1.4689590990946269 and parameters: {'ISTN': 64.237412914714, 'I_gpe': 1.2659419091649258, 'I_gpi': 1.9854472317629468, 'noise_stn_sigma': 3.876313786619986, 'noise_gpe_sigma': 100.14265952791362, 'noise_gpi_sigma': 99.56661053438668, 'g_stn_gpe_mult': 3.3055689793669254, 'g_gpe_stn_mult': 0.1294101556154891, 'g_stn_gpi_mult': 3.03812165440575, 'g_gpe_gpi_mult': 0.6940964177314638}. Best is trial 351 with value: 0.14494938831422527.
[I 2026-05-28 21:41:04,058] Trial 395 finished with value: 0.881930469302472 and parameters: {'ISTN': 60.050248645256254, 'I_gpe': 1.0976053350733173, 'I_gpi': 2.116500676694879, 'noise_stn_sigma': 3.5589380573187985, 'noise_gpe_sigma': 94.69546465691982, 'noise_gpi_sigma': 102.16581216502189, 'g_stn_gpe_mult': 3.5025826072541624, 'g_gpe_stn_mult': 0.12169817327108043, 'g_stn_gpi_mult': 3.0719545030658804, 'g_gpe_gpi_mult': 0.7134236358302681}. Best is trial 351 with value: 0.14494938831422527.
