[I 2026-05-28 21:34:24,089] A new study created in memory with name: sensitivity_K_default
[I 2026-05-28 21:34:26,553] Trial 0 finished with value: 130.5890493190323 and parameters: {'ISTN': 93.70861069626262, 'I_gpe': 3.827500072434707, 'I_gpi': 3.9279757672456204, 'noise_stn_sigma': 5.190609389379256, 'noise_gpe_sigma': 40.28242325751675, 'noise_gpi_sigma': 40.27928764370634, 'g_stn_gpe_mult': 1.703292642588698, 'g_gpe_stn_mult': 0.7063233020424546, 'g_stn_gpi_mult': 2.8033450352296265, 'g_gpe_gpi_mult': 0.9080725777960454}. Best is trial 0 with value: 130.5890493190323.
[I 2026-05-28 21:34:27,574] Trial 1 finished with value: 21.978873266617462 and parameters: {'ISTN': 102.18398227973381, 'I_gpe': 1.7822592367307524, 'I_gpi': 2.0402078942860182, 'noise_stn_sigma': 5.527278325084124, 'noise_gpe_sigma': 64.87605951987203, 'noise_gpi_sigma': 128.16311557229506, 'g_stn_gpe_mult': 3.8783201895114314, 'g_gpe_stn_mult': 0.4633636096255428, 'g_stn_gpi_mult': 1.9201572567197984, 'g_gpe_gpi_mult': 0.5716581854888545}. Best is trial 1 with value: 21.978873266617462.
[I 2026-05-28 21:34:28,583] Trial 2 finished with value: 22.900841800112747 and parameters: {'ISTN': 104.05697545714605, 'I_gpe': 1.6990806611446447, 'I_gpi': 2.1093322736015803, 'noise_stn_sigma': 4.391415413253829, 'noise_gpe_sigma': 95.78215145683166, 'noise_gpi_sigma': 112.26271914252017, 'g_stn_gpe_mult': 3.620508535432487, 'g_gpe_stn_mult': 0.48253375989294744, 'g_stn_gpi_mult': 2.4349864676102033, 'g_gpe_gpi_mult': 0.8838728082220315}. Best is trial 1 with value: 21.978873266617462.
[I 2026-05-28 21:34:29,592] Trial 3 finished with value: 28.209576850760012 and parameters: {'ISTN': 124.05768254138863, 'I_gpe': 2.4404639905642638, 'I_gpi': 2.929437307767527, 'noise_stn_sigma': 4.597526383157501, 'noise_gpe_sigma': 123.71799364703026, 'noise_gpi_sigma': 102.97034598752232, 'g_stn_gpe_mult': 3.0886712355338317, 'g_gpe_stn_mult': 0.27286655747132477, 'g_stn_gpi_mult': 3.5949342956186348, 'g_gpe_gpi_mult': 0.596177167198813}. Best is trial 1 with value: 21.978873266617462.
[I 2026-05-28 21:34:30,601] Trial 4 finished with value: 4.244078888969802 and parameters: {'ISTN': 61.327006512303655, 'I_gpe': 2.322282146919423, 'I_gpi': 2.6397695163821506, 'noise_stn_sigma': 3.62253468740132, 'noise_gpe_sigma': 78.9240566977039, 'noise_gpi_sigma': 101.63027934654737, 'g_stn_gpe_mult': 3.374074127741162, 'g_gpe_stn_mult': 0.2130397972288703, 'g_stn_gpi_mult': 2.0912746715201935, 'g_gpe_gpi_mult': 0.6568869944818863}. Best is trial 4 with value: 4.244078888969802.
[I 2026-05-28 21:34:31,610] Trial 5 finished with value: 28.872854667585475 and parameters: {'ISTN': 118.21835604782609, 'I_gpe': 1.5081892774313215, 'I_gpi': 3.899768098732145, 'noise_stn_sigma': 3.936086758513816, 'noise_gpe_sigma': 119.32152160252447, 'noise_gpi_sigma': 102.30543016488373, 'g_stn_gpe_mult': 2.9807792455418993, 'g_gpe_stn_mult': 0.5137698475759706, 'g_stn_gpi_mult': 2.9949380788413196, 'g_gpe_gpi_mult': 0.9635506695066518}. Best is trial 4 with value: 4.244078888969802.
[I 2026-05-28 21:34:32,558] Trial 6 finished with value: 1000000.0 and parameters: {'ISTN': 121.61855037844573, 'I_gpe': 1.6513293219198029, 'I_gpi': 2.8432761902587727, 'noise_stn_sigma': 3.8480047711083603, 'noise_gpe_sigma': 74.143091992362, 'noise_gpi_sigma': 62.05518437298985, 'g_stn_gpe_mult': 3.3767409216885813, 'g_gpe_stn_mult': 0.39119594338519237, 'g_stn_gpi_mult': 2.347357900801299, 'g_gpe_gpi_mult': 0.4142625832855039}. Best is trial 4 with value: 4.244078888969802.
[I 2026-05-28 21:34:33,566] Trial 7 finished with value: 25.18405618037407 and parameters: {'ISTN': 118.14807622329761, 'I_gpe': 1.5486294089623256, 'I_gpi': 2.4516321436833994, 'noise_stn_sigma': 2.679013017620471, 'noise_gpe_sigma': 56.04599877645517, 'noise_gpi_sigma': 116.28652710522236, 'g_stn_gpe_mult': 2.9922746566942053, 'g_gpe_stn_mult': 0.2955859336866355, 'g_stn_gpi_mult': 1.716124621409335, 'g_gpe_gpi_mult': 0.5179871881249729}. Best is trial 4 with value: 4.244078888969802.
[I 2026-05-28 21:34:34,574] Trial 8 finished with value: 33.33023600910059 and parameters: {'ISTN': 125.24171270223263, 'I_gpe': 2.8526086943177944, 'I_gpi': 2.0678354736293487, 'noise_stn_sigma': 3.402302701760284, 'noise_gpe_sigma': 94.41082187084776, 'noise_gpi_sigma': 98.9600504549821, 'g_stn_gpe_mult': 3.6329764552383, 'g_gpe_stn_mult': 0.2538139817870882, 'g_stn_gpi_mult': 2.8573669779553246, 'g_gpe_gpi_mult': 0.7596331107049075}. Best is trial 4 with value: 4.244078888969802.
[I 2026-05-28 21:34:35,583] Trial 9 finished with value: 25.88367035125033 and parameters: {'ISTN': 108.06144798180426, 'I_gpe': 2.088159593914187, 'I_gpi': 2.7321182722451014, 'noise_stn_sigma': 3.3524793808782456, 'noise_gpe_sigma': 48.88483497946666, 'noise_gpi_sigma': 129.93936748396976, 'g_stn_gpe_mult': 3.302290408301439, 'g_gpe_stn_mult': 0.5428025966104797, 'g_stn_gpi_mult': 2.2888222168539225, 'g_gpe_gpi_mult': 0.6716607335175118}. Best is trial 4 with value: 4.244078888969802.
[I 2026-05-28 21:34:36,591] Trial 10 finished with value: 25.461106169100926 and parameters: {'ISTN': 105.28930217987374, 'I_gpe': 2.764126309775512, 'I_gpi': 1.33834956817683, 'noise_stn_sigma': 2.965503538344267, 'noise_gpe_sigma': 129.52996397114705, 'noise_gpi_sigma': 96.48201510531312, 'g_stn_gpe_mult': 3.0608279134787137, 'g_gpe_stn_mult': 0.462684887025272, 'g_stn_gpi_mult': 2.045535048975993, 'g_gpe_gpi_mult': 0.7985205433522264}. Best is trial 4 with value: 4.244078888969802.
[I 2026-05-28 21:34:37,602] Trial 11 finished with value: 4.8500402435189 and parameters: {'ISTN': 68.5287530924136, 'I_gpe': 1.4602657127318823, 'I_gpi': 2.134413959722399, 'noise_stn_sigma': 6.259191507453895, 'noise_gpe_sigma': 85.97113018088042, 'noise_gpi_sigma': 118.57528582211498, 'g_stn_gpe_mult': 4.643196779835372, 'g_gpe_stn_mult': 0.11449563287554482, 'g_stn_gpi_mult': 1.5548739198489128, 'g_gpe_gpi_mult': 0.5006031053804081}. Best is trial 4 with value: 4.244078888969802.
[I 2026-05-28 21:34:38,611] Trial 12 finished with value: 16.424156986232106 and parameters: {'ISTN': 95.23144843597623, 'I_gpe': 0.9766983299372949, 'I_gpi': 2.8418538108114815, 'noise_stn_sigma': 5.4145583673661255, 'noise_gpe_sigma': 102.13412809234568, 'noise_gpi_sigma': 119.10389700226702, 'g_stn_gpe_mult': 3.908694772593558, 'g_gpe_stn_mult': 0.30940077188238846, 'g_stn_gpi_mult': 2.4162522569761746, 'g_gpe_gpi_mult': 0.6243953426369672}. Best is trial 4 with value: 4.244078888969802.
[I 2026-05-28 21:34:39,622] Trial 13 finished with value: 21.092670908497823 and parameters: {'ISTN': 105.19442456669755, 'I_gpe': 0.9874898251336937, 'I_gpi': 3.270226439133519, 'noise_stn_sigma': 3.203792230781222, 'noise_gpe_sigma': 71.14988524843051, 'noise_gpi_sigma': 128.94787006663535, 'g_stn_gpe_mult': 3.28600760313123, 'g_gpe_stn_mult': 0.42208150481016105, 'g_stn_gpi_mult': 1.2333802063250252, 'g_gpe_gpi_mult': 0.8215094015771098}. Best is trial 4 with value: 4.244078888969802.
[I 2026-05-28 21:34:40,630] Trial 14 finished with value: 22.812525172693224 and parameters: {'ISTN': 106.26287966499842, 'I_gpe': 2.5046964498485718, 'I_gpi': 2.0294825983306697, 'noise_stn_sigma': 3.3179307469832633, 'noise_gpe_sigma': 110.65535641164857, 'noise_gpi_sigma': 75.66385695778712, 'g_stn_gpe_mult': 2.5684663047496814, 'g_gpe_stn_mult': 0.2806777803735057, 'g_stn_gpi_mult': 2.5962926052817012, 'g_gpe_gpi_mult': 0.9968916781005228}. Best is trial 4 with value: 4.244078888969802.
[I 2026-05-28 21:34:41,641] Trial 15 finished with value: 16.598003038356467 and parameters: {'ISTN': 81.50771476689441, 'I_gpe': 1.308844085501279, 'I_gpi': 2.4583482761585067, 'noise_stn_sigma': 3.8259316776646317, 'noise_gpe_sigma': 75.91411890890265, 'noise_gpi_sigma': 104.20668234611153, 'g_stn_gpe_mult': 3.6971830328861977, 'g_gpe_stn_mult': 0.3899795437488224, 'g_stn_gpi_mult': 3.0953384204095036, 'g_gpe_gpi_mult': 0.7952325373149964}. Best is trial 4 with value: 4.244078888969802.
[I 2026-05-28 21:34:42,652] Trial 16 finished with value: 14.004388937574562 and parameters: {'ISTN': 72.66230043032827, 'I_gpe': 2.333777865782112, 'I_gpi': 2.002227333480486, 'noise_stn_sigma': 4.654525585884775, 'noise_gpe_sigma': 65.92709494617543, 'noise_gpi_sigma': 116.88321229782329, 'g_stn_gpe_mult': 3.9374208755883626, 'g_gpe_stn_mult': 0.2154113668489451, 'g_stn_gpi_mult': 2.0940079100078828, 'g_gpe_gpi_mult': 0.6358371364843638}. Best is trial 4 with value: 4.244078888969802.
[I 2026-05-28 21:34:43,662] Trial 17 finished with value: 22.048483723324615 and parameters: {'ISTN': 109.26133217065562, 'I_gpe': 2.195042197812213, 'I_gpi': 3.1105082626604204, 'noise_stn_sigma': 1.1424424661953672, 'noise_gpe_sigma': 90.54397966618903, 'noise_gpi_sigma': 106.83243093742311, 'g_stn_gpe_mult': 3.778796681866078, 'g_gpe_stn_mult': 0.19530228342590678, 'g_stn_gpi_mult': 2.057837282448232, 'g_gpe_gpi_mult': 0.8116055663623762}. Best is trial 4 with value: 4.244078888969802.
[I 2026-05-28 21:34:44,671] Trial 18 finished with value: 18.209988433606917 and parameters: {'ISTN': 86.15118463142352, 'I_gpe': 1.4927428611102642, 'I_gpi': 1.2561043039642374, 'noise_stn_sigma': 1.9526671206495931, 'noise_gpe_sigma': 51.68290186898851, 'noise_gpi_sigma': 124.90708584995748, 'g_stn_gpe_mult': 3.893910327903605, 'g_gpe_stn_mult': 0.3227755208648462, 'g_stn_gpi_mult': 1.557414420175669, 'g_gpe_gpi_mult': 1.0319146097051681}. Best is trial 4 with value: 4.244078888969802.
[I 2026-05-28 21:34:45,680] Trial 19 finished with value: 19.491715596036773 and parameters: {'ISTN': 93.23337702204867, 'I_gpe': 2.34437759893839, 'I_gpi': 2.6941559004649083, 'noise_stn_sigma': 4.321901139426037, 'noise_gpe_sigma': 104.30596411550562, 'noise_gpi_sigma': 110.31413871991198, 'g_stn_gpe_mult': 2.94020051617606, 'g_gpe_stn_mult': 0.41222587975663716, 'g_stn_gpi_mult': 1.540804041783029, 'g_gpe_gpi_mult': 0.6115973853852963}. Best is trial 4 with value: 4.244078888969802.
[I 2026-05-28 21:34:46,689] Trial 20 finished with value: 23.50788291038692 and parameters: {'ISTN': 103.53147192311044, 'I_gpe': 1.8603988365487445, 'I_gpi': 1.6741486665936238, 'noise_stn_sigma': 4.349372314285767, 'noise_gpe_sigma': 60.20227592624379, 'noise_gpi_sigma': 82.12697591954642, 'g_stn_gpe_mult': 3.5348280829418934, 'g_gpe_stn_mult': 0.43825172865818307, 'g_stn_gpi_mult': 2.081023548022383, 'g_gpe_gpi_mult': 0.5269648499934765}. Best is trial 4 with value: 4.244078888969802.
[I 2026-05-28 21:34:47,698] Trial 21 finished with value: 10.722943756464622 and parameters: {'ISTN': 69.43250865179475, 'I_gpe': 2.093668785928778, 'I_gpi': 1.1691351345368983, 'noise_stn_sigma': 5.009128562675746, 'noise_gpe_sigma': 83.27910186710076, 'noise_gpi_sigma': 125.65896195306382, 'g_stn_gpe_mult': 4.030195862803213, 'g_gpe_stn_mult': 0.2807001224462904, 'g_stn_gpi_mult': 1.8902130291797004, 'g_gpe_gpi_mult': 0.6523928608857017}. Best is trial 4 with value: 4.244078888969802.
[I 2026-05-28 21:34:48,706] Trial 22 finished with value: 21.518296342876713 and parameters: {'ISTN': 99.16201779115104, 'I_gpe': 1.924665566905499, 'I_gpi': 3.800410608333407, 'noise_stn_sigma': 5.114447561729484, 'noise_gpe_sigma': 75.19379559636515, 'noise_gpi_sigma': 127.70549141733348, 'g_stn_gpe_mult': 4.398141737462684, 'g_gpe_stn_mult': 0.2619073747108087, 'g_stn_gpi_mult': 1.4890474269233462, 'g_gpe_gpi_mult': 0.6333454818520381}. Best is trial 4 with value: 4.244078888969802.
[I 2026-05-28 21:34:49,715] Trial 23 finished with value: 9.54647925180822 and parameters: {'ISTN': 60.910833500932945, 'I_gpe': 2.102194046075258, 'I_gpi': 1.683814705016081, 'noise_stn_sigma': 5.577801794428969, 'noise_gpe_sigma': 80.44779872927752, 'noise_gpi_sigma': 110.6501541006955, 'g_stn_gpe_mult': 4.692791759786206, 'g_gpe_stn_mult': 0.40320135722586137, 'g_stn_gpi_mult': 2.150322524868572, 'g_gpe_gpi_mult': 0.37182700466283974}. Best is trial 4 with value: 4.244078888969802.
[I 2026-05-28 21:34:50,723] Trial 24 finished with value: 13.403564026389441 and parameters: {'ISTN': 78.97261890868737, 'I_gpe': 0.5918763957104641, 'I_gpi': 1.6386416760060425, 'noise_stn_sigma': 3.6205906520120115, 'noise_gpe_sigma': 71.48934430412515, 'noise_gpi_sigma': 123.33312148121308, 'g_stn_gpe_mult': 3.3356146036927847, 'g_gpe_stn_mult': 0.24761374450805565, 'g_stn_gpi_mult': 1.6829485149314434, 'g_gpe_gpi_mult': 0.5954060599918904}. Best is trial 4 with value: 4.244078888969802.
[I 2026-05-28 21:34:51,733] Trial 25 finished with value: 13.211001311283985 and parameters: {'ISTN': 72.53012232056474, 'I_gpe': 1.4914509286165847, 'I_gpi': 2.2971879657570247, 'noise_stn_sigma': 3.888309470083169, 'noise_gpe_sigma': 89.10330088957453, 'noise_gpi_sigma': 126.46594568403442, 'g_stn_gpe_mult': 3.985782516300409, 'g_gpe_stn_mult': 0.278379027083407, 'g_stn_gpi_mult': 2.5842257361349006, 'g_gpe_gpi_mult': 0.3859572886601156}. Best is trial 4 with value: 4.244078888969802.
[I 2026-05-28 21:34:52,741] Trial 26 finished with value: 15.270292030215105 and parameters: {'ISTN': 89.44301246485296, 'I_gpe': 1.6830748999456504, 'I_gpi': 3.46343984495223, 'noise_stn_sigma': 7.142459575503513, 'noise_gpe_sigma': 83.4326932135216, 'noise_gpi_sigma': 116.9187419368509, 'g_stn_gpe_mult': 4.429302107115252, 'g_gpe_stn_mult': 0.14820801962548746, 'g_stn_gpi_mult': 2.0644524428136624, 'g_gpe_gpi_mult': 0.3490243677681034}. Best is trial 4 with value: 4.244078888969802.
[I 2026-05-28 21:34:53,747] Trial 27 finished with value: 17.074150667410862 and parameters: {'ISTN': 94.97251190908162, 'I_gpe': 0.9898549938764989, 'I_gpi': 2.4557882209078876, 'noise_stn_sigma': 5.689606762287358, 'noise_gpe_sigma': 60.54964538760095, 'noise_gpi_sigma': 127.37520572902386, 'g_stn_gpe_mult': 4.894606429240007, 'g_gpe_stn_mult': 0.18952432307241282, 'g_stn_gpi_mult': 2.7011163160627465, 'g_gpe_gpi_mult': 0.720307937006913}. Best is trial 4 with value: 4.244078888969802.
[I 2026-05-28 21:34:54,755] Trial 28 finished with value: 13.12543399996461 and parameters: {'ISTN': 98.6184321613525, 'I_gpe': 2.3289341368789787, 'I_gpi': 2.6391429148700523, 'noise_stn_sigma': 5.760513169240633, 'noise_gpe_sigma': 104.0117109225722, 'noise_gpi_sigma': 115.46418100403122, 'g_stn_gpe_mult': 3.40293030381676, 'g_gpe_stn_mult': 0.1875585591545032, 'g_stn_gpi_mult': 3.1116374109947094, 'g_gpe_gpi_mult': 0.8437568948721736}. Best is trial 4 with value: 4.244078888969802.
[I 2026-05-28 21:34:55,702] Trial 29 finished with value: 1000000.0 and parameters: {'ISTN': 70.58409507364092, 'I_gpe': 1.4293832934680981, 'I_gpi': 1.2106079554969496, 'noise_stn_sigma': 3.2432369322231183, 'noise_gpe_sigma': 88.4772205972004, 'noise_gpi_sigma': 92.12000728113064, 'g_stn_gpe_mult': 2.638392370593724, 'g_gpe_stn_mult': 0.28782165564884693, 'g_stn_gpi_mult': 2.209150579356794, 'g_gpe_gpi_mult': 0.9577151490829754}. Best is trial 4 with value: 4.244078888969802.
[I 2026-05-28 21:34:56,709] Trial 30 finished with value: 13.273617879929438 and parameters: {'ISTN': 77.61406368324563, 'I_gpe': 1.3743606162961195, 'I_gpi': 1.6917954194558287, 'noise_stn_sigma': 3.0386469598344554, 'noise_gpe_sigma': 89.784371455351, 'noise_gpi_sigma': 109.34074664231102, 'g_stn_gpe_mult': 4.721883014273735, 'g_gpe_stn_mult': 0.19140860523336817, 'g_stn_gpi_mult': 2.480285916282865, 'g_gpe_gpi_mult': 0.5371505390982578}. Best is trial 4 with value: 4.244078888969802.
[I 2026-05-28 21:34:57,721] Trial 31 finished with value: 12.535025609184936 and parameters: {'ISTN': 71.3644299788277, 'I_gpe': 1.6840765769326835, 'I_gpi': 1.3898938034071193, 'noise_stn_sigma': 6.625511243400573, 'noise_gpe_sigma': 76.57247328199821, 'noise_gpi_sigma': 132.88309321049655, 'g_stn_gpe_mult': 4.260612332735775, 'g_gpe_stn_mult': 0.47874159742506517, 'g_stn_gpi_mult': 2.485035573953023, 'g_gpe_gpi_mult': 0.2595059801250956}. Best is trial 4 with value: 4.244078888969802.
[I 2026-05-28 21:34:58,729] Trial 32 finished with value: 4.779585885505346 and parameters: {'ISTN': 62.199224476365515, 'I_gpe': 2.264460150040855, 'I_gpi': 2.077628439255166, 'noise_stn_sigma': 3.9404630855571385, 'noise_gpe_sigma': 80.05657557443595, 'noise_gpi_sigma': 138.07958779287299, 'g_stn_gpe_mult': 2.8082445844169577, 'g_gpe_stn_mult': 0.2285398187798495, 'g_stn_gpi_mult': 2.3253409560498324, 'g_gpe_gpi_mult': 0.6590549829771861}. Best is trial 4 with value: 4.244078888969802.
[I 2026-05-28 21:34:59,736] Trial 33 finished with value: 14.003168818531446 and parameters: {'ISTN': 67.46762879305767, 'I_gpe': 2.2630356490119787, 'I_gpi': 1.8619444228511153, 'noise_stn_sigma': 4.626459910700337, 'noise_gpe_sigma': 57.70781548860465, 'noise_gpi_sigma': 123.46620895361768, 'g_stn_gpe_mult': 4.090393089397842, 'g_gpe_stn_mult': 0.28437315623773674, 'g_stn_gpi_mult': 1.5336956172601202, 'g_gpe_gpi_mult': 0.4782268051490261}. Best is trial 4 with value: 4.244078888969802.
[I 2026-05-28 21:35:00,746] Trial 34 finished with value: 15.460520724051722 and parameters: {'ISTN': 79.85704484816864, 'I_gpe': 1.9649528211503375, 'I_gpi': 1.6197486089868418, 'noise_stn_sigma': 5.082097592087837, 'noise_gpe_sigma': 118.18335367587055, 'noise_gpi_sigma': 137.64082246217617, 'g_stn_gpe_mult': 4.005652188392018, 'g_gpe_stn_mult': 0.36750420054287347, 'g_stn_gpi_mult': 2.662430176312608, 'g_gpe_gpi_mult': 0.43018616778446017}. Best is trial 4 with value: 4.244078888969802.
[I 2026-05-28 21:35:01,755] Trial 35 finished with value: 14.069481842443853 and parameters: {'ISTN': 74.32064534317715, 'I_gpe': 1.785906311032434, 'I_gpi': 1.1958444390699343, 'noise_stn_sigma': 5.0459055795256, 'noise_gpe_sigma': 120.03590242067834, 'noise_gpi_sigma': 131.8873130830127, 'g_stn_gpe_mult': 4.0462068002267575, 'g_gpe_stn_mult': 0.15913034294607442, 'g_stn_gpi_mult': 2.7766379813821485, 'g_gpe_gpi_mult': 0.2894420298461813}. Best is trial 4 with value: 4.244078888969802.
[I 2026-05-28 21:35:02,763] Trial 36 finished with value: 13.39898743135474 and parameters: {'ISTN': 75.55243021426578, 'I_gpe': 1.4161296502070293, 'I_gpi': 1.8270542300714074, 'noise_stn_sigma': 4.115376963337168, 'noise_gpe_sigma': 89.0249876112185, 'noise_gpi_sigma': 132.4922151060792, 'g_stn_gpe_mult': 4.300341311430815, 'g_gpe_stn_mult': 0.2585828007842756, 'g_stn_gpi_mult': 3.0284678402745273, 'g_gpe_gpi_mult': 0.3353905297386732}. Best is trial 4 with value: 4.244078888969802.
[I 2026-05-28 21:35:03,771] Trial 37 finished with value: 16.4670789904501 and parameters: {'ISTN': 83.51328655676059, 'I_gpe': 1.7655059874295636, 'I_gpi': 2.0274238758009364, 'noise_stn_sigma': 4.889094393279494, 'noise_gpe_sigma': 110.80012544105418, 'noise_gpi_sigma': 121.82144856494995, 'g_stn_gpe_mult': 3.834562467963921, 'g_gpe_stn_mult': 0.4970172943817668, 'g_stn_gpi_mult': 1.5080212423961008, 'g_gpe_gpi_mult': 0.20806904614175453}. Best is trial 4 with value: 4.244078888969802.
[I 2026-05-28 21:35:04,778] Trial 38 finished with value: 11.939308721886135 and parameters: {'ISTN': 80.57600629263386, 'I_gpe': 2.1246523680875837, 'I_gpi': 2.4668765096736323, 'noise_stn_sigma': 6.454132629033961, 'noise_gpe_sigma': 79.82002023050167, 'noise_gpi_sigma': 145.03545261591242, 'g_stn_gpe_mult': 2.9360939092350082, 'g_gpe_stn_mult': 0.35320200222767006, 'g_stn_gpi_mult': 2.431189183946495, 'g_gpe_gpi_mult': 0.7830271525767905}. Best is trial 4 with value: 4.244078888969802.
[I 2026-05-28 21:35:05,783] Trial 39 finished with value: 16.354070391863385 and parameters: {'ISTN': 85.20774660618383, 'I_gpe': 2.549254876891607, 'I_gpi': 1.328232514214767, 'noise_stn_sigma': 5.1412979483201084, 'noise_gpe_sigma': 126.2534585085801, 'noise_gpi_sigma': 107.15153648362134, 'g_stn_gpe_mult': 4.037947683347082, 'g_gpe_stn_mult': 0.43205931758307403, 'g_stn_gpi_mult': 2.1714222928706635, 'g_gpe_gpi_mult': 0.7955641654250107}. Best is trial 4 with value: 4.244078888969802.
[I 2026-05-28 21:35:06,789] Trial 40 finished with value: 12.968306057487265 and parameters: {'ISTN': 70.3343179230541, 'I_gpe': 1.1347446516331032, 'I_gpi': 1.6358867109170578, 'noise_stn_sigma': 4.073634339388208, 'noise_gpe_sigma': 86.7226884764006, 'noise_gpi_sigma': 121.75874750907306, 'g_stn_gpe_mult': 4.632786762087015, 'g_gpe_stn_mult': 0.25206975142591004, 'g_stn_gpi_mult': 2.7909508090598143, 'g_gpe_gpi_mult': 0.35801738566793473}. Best is trial 4 with value: 4.244078888969802.
[I 2026-05-28 21:35:07,797] Trial 41 finished with value: 15.327391693067383 and parameters: {'ISTN': 76.36515474287336, 'I_gpe': 1.5483495886997438, 'I_gpi': 2.8912652332327857, 'noise_stn_sigma': 3.097479180511673, 'noise_gpe_sigma': 95.35192782580536, 'noise_gpi_sigma': 141.73111969558528, 'g_stn_gpe_mult': 3.7174006674189815, 'g_gpe_stn_mult': 0.39941138794781084, 'g_stn_gpi_mult': 2.7680448612035873, 'g_gpe_gpi_mult': 0.5774052867226205}. Best is trial 4 with value: 4.244078888969802.
[I 2026-05-28 21:35:08,803] Trial 42 finished with value: 15.404401630634283 and parameters: {'ISTN': 74.48457855915541, 'I_gpe': 2.7253201112832053, 'I_gpi': 2.2225020993114137, 'noise_stn_sigma': 4.4519364217065975, 'noise_gpe_sigma': 57.85168988152796, 'noise_gpi_sigma': 122.50889907315351, 'g_stn_gpe_mult': 2.132752800846834, 'g_gpe_stn_mult': 0.3603960413908517, 'g_stn_gpi_mult': 2.5531199946072483, 'g_gpe_gpi_mult': 0.6250775290443191}. Best is trial 4 with value: 4.244078888969802.
[I 2026-05-28 21:35:09,809] Trial 43 finished with value: 15.422193355146337 and parameters: {'ISTN': 66.5225899050983, 'I_gpe': 2.6380629419178248, 'I_gpi': 2.088685967817046, 'noise_stn_sigma': 7.1917532913199524, 'noise_gpe_sigma': 50.88763372969521, 'noise_gpi_sigma': 121.47990463884948, 'g_stn_gpe_mult': 3.086027202809186, 'g_gpe_stn_mult': 0.46952453119384585, 'g_stn_gpi_mult': 2.1685685934195624, 'g_gpe_gpi_mult': 0.7904789597018276}. Best is trial 4 with value: 4.244078888969802.
