[I 2026-05-28 22:04:19,270] Trial 792 finished with value: 0.1096999451636691 and parameters: {'ISTN': 60.66552208322549, 'I_gpe': 1.326941817753296, 'I_gpi': 2.3463551440782453, 'noise_stn_sigma': 3.8749241190499752, 'noise_gpe_sigma': 117.76127801318522, 'noise_gpi_sigma': 84.43482488220756, 'g_stn_gpe_mult': 3.6068477774599668, 'g_gpe_stn_mult': 0.11657134181837445, 'g_stn_gpi_mult': 1.6963258477371004, 'g_gpe_gpi_mult': 0.7262494756219753}. Best is trial 792 with value: 0.1096999451636691.
[I 2026-05-28 22:04:20,248] Trial 793 finished with value: 0.14135896183335986 and parameters: {'ISTN': 60.83232803991897, 'I_gpe': 1.3725858160646007, 'I_gpi': 2.3429200086726727, 'noise_stn_sigma': 3.747369915019258, 'noise_gpe_sigma': 119.743568348401, 'noise_gpi_sigma': 85.2349320632629, 'g_stn_gpe_mult': 3.5630516803034737, 'g_gpe_stn_mult': 0.11611964588535637, 'g_stn_gpi_mult': 1.7566725125521199, 'g_gpe_gpi_mult': 0.7078634466187843}. Best is trial 792 with value: 0.1096999451636691.
[I 2026-05-28 22:04:21,225] Trial 794 finished with value: 0.15079145046785802 and parameters: {'ISTN': 60.59953198904646, 'I_gpe': 1.3776500596096133, 'I_gpi': 2.3658727642436905, 'noise_stn_sigma': 3.8043803768900224, 'noise_gpe_sigma': 117.11734878682766, 'noise_gpi_sigma': 84.98429166963575, 'g_stn_gpe_mult': 3.63294391513142, 'g_gpe_stn_mult': 0.119780062106089, 'g_stn_gpi_mult': 1.7681059987433783, 'g_gpe_gpi_mult': 0.7247114325122985}. Best is trial 792 with value: 0.1096999451636691.
[I 2026-05-28 22:04:22,204] Trial 795 finished with value: 0.12207605609997106 and parameters: {'ISTN': 60.78891992694377, 'I_gpe': 1.3117926819473245, 'I_gpi': 2.3675953541580546, 'noise_stn_sigma': 3.8228087884854354, 'noise_gpe_sigma': 116.49276748718222, 'noise_gpi_sigma': 85.21899941354347, 'g_stn_gpe_mult': 3.592104109340724, 'g_gpe_stn_mult': 0.11806690272898324, 'g_stn_gpi_mult': 1.7138925153439382, 'g_gpe_gpi_mult': 0.7147436787334343}. Best is trial 792 with value: 0.1096999451636691.
[I 2026-05-28 22:04:23,183] Trial 796 finished with value: 0.11104018347879199 and parameters: {'ISTN': 60.7916617921357, 'I_gpe': 1.337943218533154, 'I_gpi': 2.328119437353739, 'noise_stn_sigma': 3.67319064142594, 'noise_gpe_sigma': 117.14288126890892, 'noise_gpi_sigma': 84.05384932753945, 'g_stn_gpe_mult': 3.5618626708255934, 'g_gpe_stn_mult': 0.11754006529694348, 'g_stn_gpi_mult': 1.756815074983626, 'g_gpe_gpi_mult': 0.7050392166258048}. Best is trial 792 with value: 0.1096999451636691.
[I 2026-05-28 22:04:24,162] Trial 797 finished with value: 0.11330670512638766 and parameters: {'ISTN': 60.622096796392526, 'I_gpe': 1.30479234474969, 'I_gpi': 2.384438137379206, 'noise_stn_sigma': 3.6817693977081016, 'noise_gpe_sigma': 114.84349405784137, 'noise_gpi_sigma': 85.86145231788346, 'g_stn_gpe_mult': 3.6227624919434684, 'g_gpe_stn_mult': 0.1252220056909447, 'g_stn_gpi_mult': 1.7351459878236755, 'g_gpe_gpi_mult': 0.7159907210552665}. Best is trial 792 with value: 0.1096999451636691.
[I 2026-05-28 22:04:25,141] Trial 798 finished with value: 0.14540158700784964 and parameters: {'ISTN': 60.59282137433403, 'I_gpe': 1.3240667675367908, 'I_gpi': 2.373440800671875, 'noise_stn_sigma': 3.7962984723118542, 'noise_gpe_sigma': 115.900597208062, 'noise_gpi_sigma': 85.12013874222119, 'g_stn_gpe_mult': 3.5848599686607483, 'g_gpe_stn_mult': 0.11577168127599777, 'g_stn_gpi_mult': 1.7277869022613503, 'g_gpe_gpi_mult': 0.7127653852749403}. Best is trial 792 with value: 0.1096999451636691.
[I 2026-05-28 22:04:26,119] Trial 799 finished with value: 0.40538862057152564 and parameters: {'ISTN': 60.69934737252795, 'I_gpe': 1.3014315570414314, 'I_gpi': 2.3397044964690514, 'noise_stn_sigma': 3.7578679875679235, 'noise_gpe_sigma': 114.91821399510773, 'noise_gpi_sigma': 83.81788590530485, 'g_stn_gpe_mult': 3.5717845604317278, 'g_gpe_stn_mult': 0.10854077279554512, 'g_stn_gpi_mult': 1.7889343869900234, 'g_gpe_gpi_mult': 0.7151793858123285}. Best is trial 792 with value: 0.1096999451636691.
[I 2026-05-28 22:04:27,096] Trial 800 finished with value: 0.11858408657919958 and parameters: {'ISTN': 60.54270665097968, 'I_gpe': 1.3139755609695367, 'I_gpi': 2.375218778201152, 'noise_stn_sigma': 3.843649998803077, 'noise_gpe_sigma': 118.89789331392006, 'noise_gpi_sigma': 85.92874804856896, 'g_stn_gpe_mult': 3.497160399316071, 'g_gpe_stn_mult': 0.12210204065944419, 'g_stn_gpi_mult': 1.74031092914799, 'g_gpe_gpi_mult': 0.7365924218059621}. Best is trial 792 with value: 0.1096999451636691.
[I 2026-05-28 22:04:28,077] Trial 801 finished with value: 0.10860807811774334 and parameters: {'ISTN': 60.759450468655444, 'I_gpe': 1.3285897506374433, 'I_gpi': 2.3432300276606215, 'noise_stn_sigma': 3.7940553253888636, 'noise_gpe_sigma': 118.28735898101482, 'noise_gpi_sigma': 87.69904419374065, 'g_stn_gpe_mult': 3.5191519248904086, 'g_gpe_stn_mult': 0.11613986128941667, 'g_stn_gpi_mult': 1.7263402483381964, 'g_gpe_gpi_mult': 0.7165558389034692}. Best is trial 801 with value: 0.10860807811774334.
[I 2026-05-28 22:04:29,056] Trial 802 finished with value: 0.11043144652473758 and parameters: {'ISTN': 60.671777240476786, 'I_gpe': 1.3189461580546626, 'I_gpi': 2.3330942072430565, 'noise_stn_sigma': 3.723508622454505, 'noise_gpe_sigma': 117.71310710706109, 'noise_gpi_sigma': 84.7070643391933, 'g_stn_gpe_mult': 3.5975402949338107, 'g_gpe_stn_mult': 0.12377349792404478, 'g_stn_gpi_mult': 1.6886434776972417, 'g_gpe_gpi_mult': 0.7048590588752761}. Best is trial 801 with value: 0.10860807811774334.
[I 2026-05-28 22:04:30,035] Trial 803 finished with value: 0.11251152323581254 and parameters: {'ISTN': 60.74581375212195, 'I_gpe': 1.3548724954986082, 'I_gpi': 2.340129799385421, 'noise_stn_sigma': 3.6023900905174484, 'noise_gpe_sigma': 116.17375281152792, 'noise_gpi_sigma': 86.81548472112553, 'g_stn_gpe_mult': 3.6001791086425294, 'g_gpe_stn_mult': 0.12245460539031065, 'g_stn_gpi_mult': 1.744606821584307, 'g_gpe_gpi_mult': 0.6981127396919311}. Best is trial 801 with value: 0.10860807811774334.
[I 2026-05-28 22:04:31,015] Trial 804 finished with value: 0.11084090956670706 and parameters: {'ISTN': 60.28624682088252, 'I_gpe': 1.331211692609591, 'I_gpi': 2.3397938769122018, 'noise_stn_sigma': 3.853350378312771, 'noise_gpe_sigma': 119.92592495335259, 'noise_gpi_sigma': 85.81581306209868, 'g_stn_gpe_mult': 3.6151129572143494, 'g_gpe_stn_mult': 0.1286089173341644, 'g_stn_gpi_mult': 1.7351363625889913, 'g_gpe_gpi_mult': 0.733738409482833}. Best is trial 801 with value: 0.10860807811774334.
[I 2026-05-28 22:04:31,993] Trial 805 finished with value: 0.11381496889776921 and parameters: {'ISTN': 61.09983439325556, 'I_gpe': 1.327682294844487, 'I_gpi': 2.358059601173541, 'noise_stn_sigma': 3.719010332520136, 'noise_gpe_sigma': 119.26569056099747, 'noise_gpi_sigma': 83.96364177635172, 'g_stn_gpe_mult': 3.664748136754814, 'g_gpe_stn_mult': 0.11191077832193144, 'g_stn_gpi_mult': 1.7353297105196066, 'g_gpe_gpi_mult': 0.7050625387898934}. Best is trial 801 with value: 0.10860807811774334.
[I 2026-05-28 22:04:32,973] Trial 806 finished with value: 0.11004385524186644 and parameters: {'ISTN': 60.817060932854574, 'I_gpe': 1.3254939306813758, 'I_gpi': 2.333231240385566, 'noise_stn_sigma': 3.816169587484633, 'noise_gpe_sigma': 118.02778121274488, 'noise_gpi_sigma': 84.61416072269097, 'g_stn_gpe_mult': 3.6497580826131206, 'g_gpe_stn_mult': 0.117081922634377, 'g_stn_gpi_mult': 1.7288393600518481, 'g_gpe_gpi_mult': 0.7097698409262256}. Best is trial 801 with value: 0.10860807811774334.
[I 2026-05-28 22:04:33,953] Trial 807 finished with value: 0.10957957105102334 and parameters: {'ISTN': 60.49966453755989, 'I_gpe': 1.3365391048843445, 'I_gpi': 2.334978554517539, 'noise_stn_sigma': 3.822281514821754, 'noise_gpe_sigma': 117.69885118363236, 'noise_gpi_sigma': 84.36935347779071, 'g_stn_gpe_mult': 3.5561139091494427, 'g_gpe_stn_mult': 0.12475142302872588, 'g_stn_gpi_mult': 1.7229839019283975, 'g_gpe_gpi_mult': 0.7179639484990925}. Best is trial 801 with value: 0.10860807811774334.
[I 2026-05-28 22:04:34,932] Trial 808 finished with value: 0.11187327671733004 and parameters: {'ISTN': 60.35345593234263, 'I_gpe': 1.338821573299891, 'I_gpi': 2.353124137978801, 'noise_stn_sigma': 3.720637256551016, 'noise_gpe_sigma': 113.97278402937218, 'noise_gpi_sigma': 83.61191898788451, 'g_stn_gpe_mult': 3.58691037115508, 'g_gpe_stn_mult': 0.11973192545736229, 'g_stn_gpi_mult': 1.745460498549827, 'g_gpe_gpi_mult': 0.7017118819190096}. Best is trial 801 with value: 0.10860807811774334.
[I 2026-05-28 22:04:35,911] Trial 809 finished with value: 0.11431872051895885 and parameters: {'ISTN': 61.18728734211424, 'I_gpe': 1.32291606127193, 'I_gpi': 2.304230605889373, 'noise_stn_sigma': 3.8203066883508043, 'noise_gpe_sigma': 117.06096802543394, 'noise_gpi_sigma': 84.8512200650654, 'g_stn_gpe_mult': 3.5384651416392323, 'g_gpe_stn_mult': 0.11685586342276091, 'g_stn_gpi_mult': 1.7729889662067855, 'g_gpe_gpi_mult': 0.7103950193244819}. Best is trial 801 with value: 0.10860807811774334.
[I 2026-05-28 22:04:36,891] Trial 810 finished with value: 0.1103049753673431 and parameters: {'ISTN': 60.292617396260084, 'I_gpe': 1.3070286711784704, 'I_gpi': 2.3399527093242174, 'noise_stn_sigma': 3.816037311725461, 'noise_gpe_sigma': 118.58333978647309, 'noise_gpi_sigma': 87.48548043440934, 'g_stn_gpe_mult': 3.635967294426515, 'g_gpe_stn_mult': 0.11599740507876728, 'g_stn_gpi_mult': 1.7236691585867785, 'g_gpe_gpi_mult': 0.7329611409541186}. Best is trial 801 with value: 0.10860807811774334.
[I 2026-05-28 22:04:37,871] Trial 811 finished with value: 0.13937240327683406 and parameters: {'ISTN': 60.55178364548901, 'I_gpe': 1.3207275504088811, 'I_gpi': 2.38518490684395, 'noise_stn_sigma': 3.9389500704202445, 'noise_gpe_sigma': 118.24509479390449, 'noise_gpi_sigma': 85.71952927609429, 'g_stn_gpe_mult': 3.57210340020224, 'g_gpe_stn_mult': 0.11508584667855332, 'g_stn_gpi_mult': 1.7537542396929857, 'g_gpe_gpi_mult': 0.7204300024771437}. Best is trial 801 with value: 0.10860807811774334.
[I 2026-05-28 22:04:38,851] Trial 812 finished with value: 0.11162038551139819 and parameters: {'ISTN': 60.33008798423419, 'I_gpe': 1.3366761615566587, 'I_gpi': 2.339534756701962, 'noise_stn_sigma': 3.665490651177816, 'noise_gpe_sigma': 115.68091278877306, 'noise_gpi_sigma': 86.30240935729438, 'g_stn_gpe_mult': 3.560048947062293, 'g_gpe_stn_mult': 0.13388775458174015, 'g_stn_gpi_mult': 1.7379796299454522, 'g_gpe_gpi_mult': 0.7128919803778024}. Best is trial 801 with value: 0.10860807811774334.
[I 2026-05-28 22:04:39,829] Trial 813 finished with value: 0.11221103003410213 and parameters: {'ISTN': 60.86487395170927, 'I_gpe': 1.3408698599811415, 'I_gpi': 2.290470897188065, 'noise_stn_sigma': 3.7457159180697635, 'noise_gpe_sigma': 119.99027891583889, 'noise_gpi_sigma': 87.77228929112512, 'g_stn_gpe_mult': 3.5935885380660793, 'g_gpe_stn_mult': 0.10908214245974464, 'g_stn_gpi_mult': 1.7325360356606165, 'g_gpe_gpi_mult': 0.7150182287379963}. Best is trial 801 with value: 0.10860807811774334.
[I 2026-05-28 22:04:40,807] Trial 814 finished with value: 0.11136080298496662 and parameters: {'ISTN': 60.06050240924383, 'I_gpe': 1.3328420033122246, 'I_gpi': 2.3233219127819518, 'noise_stn_sigma': 3.7000963174701114, 'noise_gpe_sigma': 117.6446040221665, 'noise_gpi_sigma': 87.86924367761821, 'g_stn_gpe_mult': 3.6137092801463475, 'g_gpe_stn_mult': 0.12411195510647603, 'g_stn_gpi_mult': 1.73512715448188, 'g_gpe_gpi_mult': 0.7213566798365192}. Best is trial 801 with value: 0.10860807811774334.
[I 2026-05-28 22:04:41,788] Trial 815 finished with value: 0.11034587437212678 and parameters: {'ISTN': 60.22113369103009, 'I_gpe': 1.3272106483756896, 'I_gpi': 2.3062114584523896, 'noise_stn_sigma': 3.8093388223920956, 'noise_gpe_sigma': 118.01385835549999, 'noise_gpi_sigma': 85.5732672166977, 'g_stn_gpe_mult': 3.552374664782462, 'g_gpe_stn_mult': 0.12480285393612853, 'g_stn_gpi_mult': 1.7275337001278308, 'g_gpe_gpi_mult': 0.7180848670391466}. Best is trial 801 with value: 0.10860807811774334.
[I 2026-05-28 22:04:42,768] Trial 816 finished with value: 0.11494549988780237 and parameters: {'ISTN': 60.3606295135714, 'I_gpe': 1.337546165416727, 'I_gpi': 2.33947727080769, 'noise_stn_sigma': 3.874147248456317, 'noise_gpe_sigma': 117.86720699380747, 'noise_gpi_sigma': 84.57685567628779, 'g_stn_gpe_mult': 3.5538057321603977, 'g_gpe_stn_mult': 0.11279098767653943, 'g_stn_gpi_mult': 1.7498990204599665, 'g_gpe_gpi_mult': 0.7107486396379781}. Best is trial 801 with value: 0.10860807811774334.
[I 2026-05-28 22:04:43,747] Trial 817 finished with value: 0.11187608247772537 and parameters: {'ISTN': 60.55401588881421, 'I_gpe': 1.319856786811564, 'I_gpi': 2.3280451503553214, 'noise_stn_sigma': 3.778494213112385, 'noise_gpe_sigma': 115.75621418131306, 'noise_gpi_sigma': 87.47589352027002, 'g_stn_gpe_mult': 3.6034243830769226, 'g_gpe_stn_mult': 0.1278286726739533, 'g_stn_gpi_mult': 1.7263753744352028, 'g_gpe_gpi_mult': 0.7325315584242293}. Best is trial 801 with value: 0.10860807811774334.
[I 2026-05-28 22:04:44,728] Trial 818 finished with value: 0.11455242455743729 and parameters: {'ISTN': 61.60511396299547, 'I_gpe': 1.2870571722779036, 'I_gpi': 2.346275398895881, 'noise_stn_sigma': 3.885753439417183, 'noise_gpe_sigma': 119.40214457204199, 'noise_gpi_sigma': 84.85669677186966, 'g_stn_gpe_mult': 3.5389145160168267, 'g_gpe_stn_mult': 0.10909617867015613, 'g_stn_gpi_mult': 1.7519438154562748, 'g_gpe_gpi_mult': 0.7184660091008725}. Best is trial 801 with value: 0.10860807811774334.
[I 2026-05-28 22:04:45,706] Trial 819 finished with value: 0.11040366435322636 and parameters: {'ISTN': 60.4628563202654, 'I_gpe': 1.3252874475893672, 'I_gpi': 2.3529724387551383, 'noise_stn_sigma': 3.8576637177918705, 'noise_gpe_sigma': 117.27933248255721, 'noise_gpi_sigma': 87.11691362906855, 'g_stn_gpe_mult': 3.555823533490274, 'g_gpe_stn_mult': 0.1308120223780147, 'g_stn_gpi_mult': 1.6824314203483013, 'g_gpe_gpi_mult': 0.7182219513640924}. Best is trial 801 with value: 0.10860807811774334.
[I 2026-05-28 22:04:46,685] Trial 820 finished with value: 0.11056133126751828 and parameters: {'ISTN': 61.000704053959545, 'I_gpe': 1.3335524007134556, 'I_gpi': 2.3116672437252053, 'noise_stn_sigma': 3.7560394190819215, 'noise_gpe_sigma': 118.8277408071303, 'noise_gpi_sigma': 85.99022717402, 'g_stn_gpe_mult': 3.5922458134944093, 'g_gpe_stn_mult': 0.10901615468733988, 'g_stn_gpi_mult': 1.7517195510562535, 'g_gpe_gpi_mult': 0.6989713073204327}. Best is trial 801 with value: 0.10860807811774334.
[I 2026-05-28 22:04:47,667] Trial 821 finished with value: 0.2743709748892701 and parameters: {'ISTN': 60.62701201352568, 'I_gpe': 1.339630471856407, 'I_gpi': 2.3382654290834632, 'noise_stn_sigma': 3.7993952539977736, 'noise_gpe_sigma': 117.38027345555871, 'noise_gpi_sigma': 84.852693639883, 'g_stn_gpe_mult': 3.566960136188565, 'g_gpe_stn_mult': 0.11798140191182774, 'g_stn_gpi_mult': 1.7278509879109762, 'g_gpe_gpi_mult': 0.7039765362416854}. Best is trial 801 with value: 0.10860807811774334.
[I 2026-05-28 22:04:48,644] Trial 822 finished with value: 0.13917964197267865 and parameters: {'ISTN': 60.36732136033897, 'I_gpe': 1.3324584970212776, 'I_gpi': 2.3070491979503807, 'noise_stn_sigma': 3.7030450300426834, 'noise_gpe_sigma': 116.41299223185652, 'noise_gpi_sigma': 89.04065511197862, 'g_stn_gpe_mult': 3.633905292364911, 'g_gpe_stn_mult': 0.12128002444231728, 'g_stn_gpi_mult': 1.7354795042196454, 'g_gpe_gpi_mult': 0.7137264477986656}. Best is trial 801 with value: 0.10860807811774334.
[I 2026-05-28 22:04:49,624] Trial 823 finished with value: 0.1606602232026019 and parameters: {'ISTN': 60.40585209596686, 'I_gpe': 1.3364928843005288, 'I_gpi': 2.3088676340029783, 'noise_stn_sigma': 3.7232082297034514, 'noise_gpe_sigma': 115.48296267869605, 'noise_gpi_sigma': 85.9121458918115, 'g_stn_gpe_mult': 3.6112000816396788, 'g_gpe_stn_mult': 0.1154682549516238, 'g_stn_gpi_mult': 1.7112075337796662, 'g_gpe_gpi_mult': 0.7099684144435383}. Best is trial 801 with value: 0.10860807811774334.
[I 2026-05-28 22:04:50,605] Trial 824 finished with value: 0.1125802547776895 and parameters: {'ISTN': 60.69167825026159, 'I_gpe': 1.330908413384098, 'I_gpi': 2.3493017159986325, 'noise_stn_sigma': 3.799472364406034, 'noise_gpe_sigma': 119.58981685271593, 'noise_gpi_sigma': 84.16396107706274, 'g_stn_gpe_mult': 3.546630478719945, 'g_gpe_stn_mult': 0.12270129258948068, 'g_stn_gpi_mult': 1.7289191158158008, 'g_gpe_gpi_mult': 0.7229752498758755}. Best is trial 801 with value: 0.10860807811774334.
[I 2026-05-28 22:04:51,583] Trial 825 finished with value: 0.1122089301783898 and parameters: {'ISTN': 60.45105517172383, 'I_gpe': 1.3568005939258132, 'I_gpi': 2.3550087622971114, 'noise_stn_sigma': 3.719088765491615, 'noise_gpe_sigma': 120.08501328983063, 'noise_gpi_sigma': 85.96648006791246, 'g_stn_gpe_mult': 3.530857140055777, 'g_gpe_stn_mult': 0.12032131108864563, 'g_stn_gpi_mult': 1.7311432238645352, 'g_gpe_gpi_mult': 0.707448540083643}. Best is trial 801 with value: 0.10860807811774334.
[I 2026-05-28 22:04:52,563] Trial 826 finished with value: 0.24841702170597352 and parameters: {'ISTN': 60.561588432769454, 'I_gpe': 1.29751865028287, 'I_gpi': 2.313613296632856, 'noise_stn_sigma': 3.785211061585586, 'noise_gpe_sigma': 118.70067841141835, 'noise_gpi_sigma': 85.84628416915923, 'g_stn_gpe_mult': 3.624098204732571, 'g_gpe_stn_mult': 0.12417295687582952, 'g_stn_gpi_mult': 1.7157407539460554, 'g_gpe_gpi_mult': 0.7061552769513835}. Best is trial 801 with value: 0.10860807811774334.
[I 2026-05-28 22:04:53,541] Trial 827 finished with value: 0.17305943918322292 and parameters: {'ISTN': 60.442224611929, 'I_gpe': 1.3544057121748032, 'I_gpi': 2.2825301520337478, 'noise_stn_sigma': 3.705454566815083, 'noise_gpe_sigma': 118.9490359221526, 'noise_gpi_sigma': 85.69545069750073, 'g_stn_gpe_mult': 3.5144173929534164, 'g_gpe_stn_mult': 0.1231653534428041, 'g_stn_gpi_mult': 1.7331000920669717, 'g_gpe_gpi_mult': 0.7113416448517744}. Best is trial 801 with value: 0.10860807811774334.
[I 2026-05-28 22:04:54,521] Trial 828 finished with value: 0.5654130312921887 and parameters: {'ISTN': 60.55033295456937, 'I_gpe': 1.2951936673928852, 'I_gpi': 2.314901201358241, 'noise_stn_sigma': 3.858707691170091, 'noise_gpe_sigma': 116.76436540428804, 'noise_gpi_sigma': 86.8393611915413, 'g_stn_gpe_mult': 3.6137696739959586, 'g_gpe_stn_mult': 0.12378679926670388, 'g_stn_gpi_mult': 1.7083244023913604, 'g_gpe_gpi_mult': 0.7191729922668633}. Best is trial 801 with value: 0.10860807811774334.
[I 2026-05-28 22:04:55,498] Trial 829 finished with value: 0.16348498353717042 and parameters: {'ISTN': 60.18081668746676, 'I_gpe': 1.297069415459836, 'I_gpi': 2.3304650747403177, 'noise_stn_sigma': 3.9396993689893627, 'noise_gpe_sigma': 118.14852178569808, 'noise_gpi_sigma': 88.35348521099188, 'g_stn_gpe_mult': 3.59065389413019, 'g_gpe_stn_mult': 0.12652608371821705, 'g_stn_gpi_mult': 1.7250085088067562, 'g_gpe_gpi_mult': 0.7246495973205263}. Best is trial 801 with value: 0.10860807811774334.
[I 2026-05-28 22:04:56,476] Trial 830 finished with value: 0.11267275121841978 and parameters: {'ISTN': 60.217669874937535, 'I_gpe': 1.3241099682938202, 'I_gpi': 2.309646628271294, 'noise_stn_sigma': 3.8085893190556313, 'noise_gpe_sigma': 121.14907416096112, 'noise_gpi_sigma': 86.5427421320013, 'g_stn_gpe_mult': 3.4799707490670073, 'g_gpe_stn_mult': 0.12219875234687409, 'g_stn_gpi_mult': 1.7288388119054452, 'g_gpe_gpi_mult': 0.7250998124698744}. Best is trial 801 with value: 0.10860807811774334.
[I 2026-05-28 22:04:57,455] Trial 831 finished with value: 0.10971928074395312 and parameters: {'ISTN': 60.4463591539595, 'I_gpe': 1.3361847406130467, 'I_gpi': 2.3234199426228104, 'noise_stn_sigma': 3.693880498658985, 'noise_gpe_sigma': 118.16149401298883, 'noise_gpi_sigma': 86.55602935558656, 'g_stn_gpe_mult': 3.5815706715718103, 'g_gpe_stn_mult': 0.1199411449577513, 'g_stn_gpi_mult': 1.7159424647435229, 'g_gpe_gpi_mult': 0.7293995143939755}. Best is trial 801 with value: 0.10860807811774334.
[I 2026-05-28 22:04:58,434] Trial 832 finished with value: 0.28083375370688024 and parameters: {'ISTN': 60.86857835403623, 'I_gpe': 1.3091893512120347, 'I_gpi': 2.3376399903400467, 'noise_stn_sigma': 3.8333342790018143, 'noise_gpe_sigma': 119.4701706247393, 'noise_gpi_sigma': 85.39591667922713, 'g_stn_gpe_mult': 3.5680203829529487, 'g_gpe_stn_mult': 0.10829570557808516, 'g_stn_gpi_mult': 1.7151214173743337, 'g_gpe_gpi_mult': 0.7228472830998374}. Best is trial 801 with value: 0.10860807811774334.
[I 2026-05-28 22:04:59,415] Trial 833 finished with value: 2.07377028541949 and parameters: {'ISTN': 61.11650293973002, 'I_gpe': 1.3517950425049112, 'I_gpi': 2.329118558700345, 'noise_stn_sigma': 3.76939838525378, 'noise_gpe_sigma': 118.29153276854866, 'noise_gpi_sigma': 84.99658716734146, 'g_stn_gpe_mult': 3.5276131252907765, 'g_gpe_stn_mult': 0.10646575442928403, 'g_stn_gpi_mult': 1.7400512166761153, 'g_gpe_gpi_mult': 0.7204338392474758}. Best is trial 801 with value: 0.10860807811774334.
[I 2026-05-28 22:05:00,393] Trial 834 finished with value: 0.10931044232598774 and parameters: {'ISTN': 60.51589628720948, 'I_gpe': 1.318842979092322, 'I_gpi': 2.3416991136493053, 'noise_stn_sigma': 3.8313766257409765, 'noise_gpe_sigma': 118.17053818057481, 'noise_gpi_sigma': 87.43048723742125, 'g_stn_gpe_mult': 3.5259124416616014, 'g_gpe_stn_mult': 0.12479213397061276, 'g_stn_gpi_mult': 1.727673299916536, 'g_gpe_gpi_mult': 0.7352688538962229}. Best is trial 801 with value: 0.10860807811774334.
[I 2026-05-28 22:05:01,369] Trial 835 finished with value: 1.0508922081877192 and parameters: {'ISTN': 60.64849836239506, 'I_gpe': 1.345702547653943, 'I_gpi': 2.3434855799316097, 'noise_stn_sigma': 3.710825235773959, 'noise_gpe_sigma': 118.08794879172594, 'noise_gpi_sigma': 85.44340256989493, 'g_stn_gpe_mult': 3.5617175778273817, 'g_gpe_stn_mult': 0.12255273080261828, 'g_stn_gpi_mult': 1.7181858294730192, 'g_gpe_gpi_mult': 0.7134332663942318}. Best is trial 801 with value: 0.10860807811774334.
