[I 2026-05-28 21:35:10,818] Trial 44 finished with value: 18.37460675275401 and parameters: {'ISTN': 97.20782909870167, 'I_gpe': 2.206307883490831, 'I_gpi': 2.589591067023287, 'noise_stn_sigma': 4.27971281943849, 'noise_gpe_sigma': 91.73595161040765, 'noise_gpi_sigma': 119.80480022025608, 'g_stn_gpe_mult': 2.910738176315446, 'g_gpe_stn_mult': 0.45434077835931974, 'g_stn_gpi_mult': 2.182936918338405, 'g_gpe_gpi_mult': 0.8276428725270437}. Best is trial 4 with value: 4.244078888969802.
[I 2026-05-28 21:35:11,825] Trial 45 finished with value: 9.53433408850026 and parameters: {'ISTN': 64.66125437955641, 'I_gpe': 2.245601012820733, 'I_gpi': 1.9978923103122808, 'noise_stn_sigma': 6.078555616105749, 'noise_gpe_sigma': 54.90778692301581, 'noise_gpi_sigma': 121.97966219266976, 'g_stn_gpe_mult': 2.2913246934528315, 'g_gpe_stn_mult': 0.23807838918345992, 'g_stn_gpi_mult': 2.72440229553533, 'g_gpe_gpi_mult': 0.6365622232004942}. Best is trial 4 with value: 4.244078888969802.
[I 2026-05-28 21:35:12,835] Trial 46 finished with value: 14.790480410972853 and parameters: {'ISTN': 69.66237214976674, 'I_gpe': 2.2357463814902387, 'I_gpi': 1.7445841766022057, 'noise_stn_sigma': 6.288538450178969, 'noise_gpe_sigma': 55.818071311855434, 'noise_gpi_sigma': 138.26201042242553, 'g_stn_gpe_mult': 3.8246802442449472, 'g_gpe_stn_mult': 0.5238005685440518, 'g_stn_gpi_mult': 2.7065838945791083, 'g_gpe_gpi_mult': 0.4764212336442483}. Best is trial 4 with value: 4.244078888969802.
[I 2026-05-28 21:35:13,844] Trial 47 finished with value: 10.399376617656863 and parameters: {'ISTN': 70.63540788057425, 'I_gpe': 2.129422573729058, 'I_gpi': 3.8077463844624564, 'noise_stn_sigma': 7.892498876674827, 'noise_gpe_sigma': 92.02214386722724, 'noise_gpi_sigma': 132.37930973168966, 'g_stn_gpe_mult': 4.326040974768689, 'g_gpe_stn_mult': 0.4161280542618976, 'g_stn_gpi_mult': 2.40264831234609, 'g_gpe_gpi_mult': 0.6435957200975451}. Best is trial 4 with value: 4.244078888969802.
[I 2026-05-28 21:35:14,851] Trial 48 finished with value: 11.632545145539913 and parameters: {'ISTN': 72.68079588842245, 'I_gpe': 1.7725964062676773, 'I_gpi': 1.9453325110535327, 'noise_stn_sigma': 4.792521439367423, 'noise_gpe_sigma': 82.28265800597299, 'noise_gpi_sigma': 109.61605803840028, 'g_stn_gpe_mult': 3.2663621919243004, 'g_gpe_stn_mult': 0.17556756311912286, 'g_stn_gpi_mult': 2.4671359612996513, 'g_gpe_gpi_mult': 0.5396753770517453}. Best is trial 4 with value: 4.244078888969802.
[I 2026-05-28 21:35:15,863] Trial 49 finished with value: 12.202813389916443 and parameters: {'ISTN': 70.85433068993454, 'I_gpe': 2.4440743988743403, 'I_gpi': 1.9503651582098216, 'noise_stn_sigma': 3.0780021721125213, 'noise_gpe_sigma': 80.85509525686138, 'noise_gpi_sigma': 134.58911159418813, 'g_stn_gpe_mult': 2.744557155211887, 'g_gpe_stn_mult': 0.3557965804221289, 'g_stn_gpi_mult': 2.7031734937578884, 'g_gpe_gpi_mult': 0.7281180066416542}. Best is trial 4 with value: 4.244078888969802.
[I 2026-05-28 21:35:16,869] Trial 50 finished with value: 8.703080250657363 and parameters: {'ISTN': 64.9771727903454, 'I_gpe': 1.3165795101780562, 'I_gpi': 1.428145653845971, 'noise_stn_sigma': 6.442808764463264, 'noise_gpe_sigma': 89.75759945639382, 'noise_gpi_sigma': 135.06120801995462, 'g_stn_gpe_mult': 3.466857092150309, 'g_gpe_stn_mult': 0.31533257833602424, 'g_stn_gpi_mult': 2.809665239994151, 'g_gpe_gpi_mult': 0.6837492873603093}. Best is trial 4 with value: 4.244078888969802.
[I 2026-05-28 21:35:17,877] Trial 51 finished with value: 14.20520555434444 and parameters: {'ISTN': 70.37685941257585, 'I_gpe': 1.4477428706831392, 'I_gpi': 2.4289925293334997, 'noise_stn_sigma': 7.563505179167976, 'noise_gpe_sigma': 93.44820070708985, 'noise_gpi_sigma': 74.93348698982926, 'g_stn_gpe_mult': 3.9253683921089855, 'g_gpe_stn_mult': 0.43524353387284087, 'g_stn_gpi_mult': 3.040699786277381, 'g_gpe_gpi_mult': 0.8264975570816275}. Best is trial 4 with value: 4.244078888969802.
[I 2026-05-28 21:35:18,883] Trial 52 finished with value: 16.631938104951793 and parameters: {'ISTN': 90.87437728719495, 'I_gpe': 1.7369352031221101, 'I_gpi': 2.640878549266401, 'noise_stn_sigma': 3.546328622148211, 'noise_gpe_sigma': 88.58003372974399, 'noise_gpi_sigma': 139.7301779874938, 'g_stn_gpe_mult': 2.9575192481303345, 'g_gpe_stn_mult': 0.15701085156305533, 'g_stn_gpi_mult': 2.3888738846330853, 'g_gpe_gpi_mult': 0.7944758990525442}. Best is trial 4 with value: 4.244078888969802.
[I 2026-05-28 21:35:19,891] Trial 53 finished with value: 8.967406365575512 and parameters: {'ISTN': 71.93174046774607, 'I_gpe': 2.3612533161223714, 'I_gpi': 1.3638175177595122, 'noise_stn_sigma': 3.0934858803947107, 'noise_gpe_sigma': 93.05416554366008, 'noise_gpi_sigma': 92.21534765755906, 'g_stn_gpe_mult': 4.208045335784807, 'g_gpe_stn_mult': 0.49985250702491313, 'g_stn_gpi_mult': 2.3906560028725665, 'g_gpe_gpi_mult': 0.5595346506650087}. Best is trial 4 with value: 4.244078888969802.
[I 2026-05-28 21:35:20,897] Trial 54 finished with value: 15.091432566872012 and parameters: {'ISTN': 69.86509621865103, 'I_gpe': 1.1307264202217517, 'I_gpi': 2.788491783983388, 'noise_stn_sigma': 3.737058224122371, 'noise_gpe_sigma': 88.57574940372419, 'noise_gpi_sigma': 126.00051021214722, 'g_stn_gpe_mult': 3.8510709118239417, 'g_gpe_stn_mult': 0.28918406333478475, 'g_stn_gpi_mult': 2.262321177925741, 'g_gpe_gpi_mult': 0.7901387532301627}. Best is trial 4 with value: 4.244078888969802.
[I 2026-05-28 21:35:21,905] Trial 55 finished with value: 9.420829034641207 and parameters: {'ISTN': 62.444345039182785, 'I_gpe': 1.1061418688223306, 'I_gpi': 2.152936006811726, 'noise_stn_sigma': 6.829475198584354, 'noise_gpe_sigma': 76.28804031235063, 'noise_gpi_sigma': 106.01099796159079, 'g_stn_gpe_mult': 2.695782060886323, 'g_gpe_stn_mult': 0.23113598209295247, 'g_stn_gpi_mult': 2.223297582471111, 'g_gpe_gpi_mult': 0.5486949906753779}. Best is trial 4 with value: 4.244078888969802.
[I 2026-05-28 21:35:22,911] Trial 56 finished with value: 11.257496945860208 and parameters: {'ISTN': 82.73413763914117, 'I_gpe': 0.8302515302326366, 'I_gpi': 1.892638392030575, 'noise_stn_sigma': 6.443007745204766, 'noise_gpe_sigma': 103.38178782591292, 'noise_gpi_sigma': 135.09475958700597, 'g_stn_gpe_mult': 2.9957399306705117, 'g_gpe_stn_mult': 0.31720967161467084, 'g_stn_gpi_mult': 2.795331372267695, 'g_gpe_gpi_mult': 0.6254613194651901}. Best is trial 4 with value: 4.244078888969802.
[I 2026-05-28 21:35:23,917] Trial 57 finished with value: 10.71900571929205 and parameters: {'ISTN': 66.28402374653905, 'I_gpe': 1.541298334624912, 'I_gpi': 1.5143520337874723, 'noise_stn_sigma': 6.537914477353251, 'noise_gpe_sigma': 75.83973377221582, 'noise_gpi_sigma': 139.92111241104578, 'g_stn_gpe_mult': 3.1650380063431696, 'g_gpe_stn_mult': 0.30153562624268804, 'g_stn_gpi_mult': 3.4191028102259096, 'g_gpe_gpi_mult': 0.6322530166131782}. Best is trial 4 with value: 4.244078888969802.
[I 2026-05-28 21:35:24,923] Trial 58 finished with value: 12.771742526950653 and parameters: {'ISTN': 67.38724695992718, 'I_gpe': 1.7507869876217366, 'I_gpi': 1.5685782134118242, 'noise_stn_sigma': 7.644712169123213, 'noise_gpe_sigma': 86.68824250651394, 'noise_gpi_sigma': 81.56084421277026, 'g_stn_gpe_mult': 4.497208650997148, 'g_gpe_stn_mult': 0.4231935103719129, 'g_stn_gpi_mult': 2.5782167645930376, 'g_gpe_gpi_mult': 0.7025032676849432}. Best is trial 4 with value: 4.244078888969802.
[I 2026-05-28 21:35:25,934] Trial 59 finished with value: 0.47094151913533877 and parameters: {'ISTN': 64.35384289278208, 'I_gpe': 0.957691059907612, 'I_gpi': 2.5342804334761944, 'noise_stn_sigma': 6.42155690969757, 'noise_gpe_sigma': 82.58276513266227, 'noise_gpi_sigma': 129.35580690399973, 'g_stn_gpe_mult': 2.36528762275646, 'g_gpe_stn_mult': 0.1472844510142682, 'g_stn_gpi_mult': 3.054280428018302, 'g_gpe_gpi_mult': 0.35775698881645857}. Best is trial 59 with value: 0.47094151913533877.
[I 2026-05-28 21:35:26,941] Trial 60 finished with value: 17.959846315922267 and parameters: {'ISTN': 84.28759510696318, 'I_gpe': 2.136311197008591, 'I_gpi': 2.7943483445626183, 'noise_stn_sigma': 6.1923846757361165, 'noise_gpe_sigma': 40.744179243357465, 'noise_gpi_sigma': 117.09781474830126, 'g_stn_gpe_mult': 2.511853111378264, 'g_gpe_stn_mult': 0.49215841691501994, 'g_stn_gpi_mult': 2.6057864082093865, 'g_gpe_gpi_mult': 0.7912902291176076}. Best is trial 59 with value: 0.47094151913533877.
[I 2026-05-28 21:35:27,948] Trial 61 finished with value: 11.642192291700976 and parameters: {'ISTN': 67.64902359371887, 'I_gpe': 2.444729080682005, 'I_gpi': 1.0436758087763758, 'noise_stn_sigma': 4.323572986167125, 'noise_gpe_sigma': 84.02607019151091, 'noise_gpi_sigma': 108.34980394985242, 'g_stn_gpe_mult': 3.584035457431383, 'g_gpe_stn_mult': 0.2571749437805773, 'g_stn_gpi_mult': 3.083983673152607, 'g_gpe_gpi_mult': 0.40409421745325314}. Best is trial 59 with value: 0.47094151913533877.
[I 2026-05-28 21:35:28,957] Trial 62 finished with value: 13.428201306074795 and parameters: {'ISTN': 78.57585057592303, 'I_gpe': 1.465445812467323, 'I_gpi': 2.2774316709983724, 'noise_stn_sigma': 5.8465660522679705, 'noise_gpe_sigma': 95.4965053162251, 'noise_gpi_sigma': 130.2531666210411, 'g_stn_gpe_mult': 2.196179876313961, 'g_gpe_stn_mult': 0.28166486585644424, 'g_stn_gpi_mult': 3.6059049517866324, 'g_gpe_gpi_mult': 0.6206652021964247}. Best is trial 59 with value: 0.47094151913533877.
[I 2026-05-28 21:35:29,967] Trial 63 finished with value: 12.539244064884524 and parameters: {'ISTN': 68.45075311225987, 'I_gpe': 2.5318676675141725, 'I_gpi': 1.8302992576644102, 'noise_stn_sigma': 6.99394681214795, 'noise_gpe_sigma': 95.62544197892929, 'noise_gpi_sigma': 97.56508354768539, 'g_stn_gpe_mult': 2.6714074570691286, 'g_gpe_stn_mult': 0.20729931665837809, 'g_stn_gpi_mult': 2.7546648027607654, 'g_gpe_gpi_mult': 0.30446637524492465}. Best is trial 59 with value: 0.47094151913533877.
[I 2026-05-28 21:35:30,974] Trial 64 finished with value: 4.647735249808237 and parameters: {'ISTN': 64.43999419681816, 'I_gpe': 1.4800468021287005, 'I_gpi': 1.7469249418360713, 'noise_stn_sigma': 5.424031305218429, 'noise_gpe_sigma': 69.92841954902099, 'noise_gpi_sigma': 103.18145515343595, 'g_stn_gpe_mult': 2.940321704123983, 'g_gpe_stn_mult': 0.26008234450196654, 'g_stn_gpi_mult': 2.758573342652521, 'g_gpe_gpi_mult': 0.45283843258471246}. Best is trial 59 with value: 0.47094151913533877.
[I 2026-05-28 21:35:31,979] Trial 65 finished with value: 13.38335007971262 and parameters: {'ISTN': 67.88981798268318, 'I_gpe': 1.1965034153411733, 'I_gpi': 2.9735624758263945, 'noise_stn_sigma': 4.8199976909254785, 'noise_gpe_sigma': 65.23070865341168, 'noise_gpi_sigma': 134.09372714854072, 'g_stn_gpe_mult': 3.583357398459057, 'g_gpe_stn_mult': 0.29151288535016373, 'g_stn_gpi_mult': 3.191309740231619, 'g_gpe_gpi_mult': 0.5325225396761927}. Best is trial 59 with value: 0.47094151913533877.
[I 2026-05-28 21:35:32,986] Trial 66 finished with value: 12.737211949696688 and parameters: {'ISTN': 73.59247613757103, 'I_gpe': 2.2924160283782204, 'I_gpi': 2.249226348998495, 'noise_stn_sigma': 4.430679309194034, 'noise_gpe_sigma': 57.5465883129797, 'noise_gpi_sigma': 131.4329343169636, 'g_stn_gpe_mult': 3.141936975340756, 'g_gpe_stn_mult': 0.18542866514415868, 'g_stn_gpi_mult': 3.1518298831243845, 'g_gpe_gpi_mult': 0.8155893985868274}. Best is trial 59 with value: 0.47094151913533877.
[I 2026-05-28 21:35:33,994] Trial 67 finished with value: 14.950507304284818 and parameters: {'ISTN': 73.88727925127871, 'I_gpe': 2.2702810393121724, 'I_gpi': 1.5105682707955062, 'noise_stn_sigma': 5.194811327406415, 'noise_gpe_sigma': 111.90118010373368, 'noise_gpi_sigma': 111.42531777594776, 'g_stn_gpe_mult': 2.6389624559902733, 'g_gpe_stn_mult': 0.22644276977386948, 'g_stn_gpi_mult': 2.456112704093266, 'g_gpe_gpi_mult': 0.6022639420836291}. Best is trial 59 with value: 0.47094151913533877.
[I 2026-05-28 21:35:35,001] Trial 68 finished with value: 17.16903698894735 and parameters: {'ISTN': 84.04711815259274, 'I_gpe': 2.353552915632493, 'I_gpi': 3.2450015145736826, 'noise_stn_sigma': 5.08254103784189, 'noise_gpe_sigma': 83.63716066152844, 'noise_gpi_sigma': 89.78982815493598, 'g_stn_gpe_mult': 2.6660563425937136, 'g_gpe_stn_mult': 0.31387015670676327, 'g_stn_gpi_mult': 2.4770031198699547, 'g_gpe_gpi_mult': 0.6201669860892951}. Best is trial 59 with value: 0.47094151913533877.
[I 2026-05-28 21:35:36,010] Trial 69 finished with value: 14.567866312449464 and parameters: {'ISTN': 74.91925064302991, 'I_gpe': 2.0817951886952173, 'I_gpi': 2.553655683781707, 'noise_stn_sigma': 5.34218571493555, 'noise_gpe_sigma': 97.66952155302934, 'noise_gpi_sigma': 100.96014156026848, 'g_stn_gpe_mult': 3.782728367071175, 'g_gpe_stn_mult': 0.35918308057774684, 'g_stn_gpi_mult': 2.51041794421628, 'g_gpe_gpi_mult': 0.759609155618598}. Best is trial 59 with value: 0.47094151913533877.
[I 2026-05-28 21:35:37,016] Trial 70 finished with value: 19.262691493767797 and parameters: {'ISTN': 96.98408988389521, 'I_gpe': 1.2011479177328228, 'I_gpi': 1.5537813546243453, 'noise_stn_sigma': 4.728211045824617, 'noise_gpe_sigma': 66.18118003672971, 'noise_gpi_sigma': 93.96827126768905, 'g_stn_gpe_mult': 3.961487284442045, 'g_gpe_stn_mult': 0.4132330977426045, 'g_stn_gpi_mult': 2.3761678072871977, 'g_gpe_gpi_mult': 0.5218841439615184}. Best is trial 59 with value: 0.47094151913533877.
[I 2026-05-28 21:35:38,025] Trial 71 finished with value: 16.32844816932105 and parameters: {'ISTN': 78.0941098031129, 'I_gpe': 2.0429510904760413, 'I_gpi': 2.01526217856326, 'noise_stn_sigma': 6.423534678145641, 'noise_gpe_sigma': 66.5526514137483, 'noise_gpi_sigma': 90.36495183286705, 'g_stn_gpe_mult': 3.684310433442441, 'g_gpe_stn_mult': 0.40887295123663536, 'g_stn_gpi_mult': 3.2655844761279473, 'g_gpe_gpi_mult': 0.48507233834567104}. Best is trial 59 with value: 0.47094151913533877.
[I 2026-05-28 21:35:39,033] Trial 72 finished with value: 17.069805550322606 and parameters: {'ISTN': 81.07978480687555, 'I_gpe': 3.0468753023158657, 'I_gpi': 2.2587110289285928, 'noise_stn_sigma': 5.237892371257617, 'noise_gpe_sigma': 77.08827443681409, 'noise_gpi_sigma': 98.21683479655482, 'g_stn_gpe_mult': 3.2419632100889557, 'g_gpe_stn_mult': 0.20714188764825153, 'g_stn_gpi_mult': 3.307441804775623, 'g_gpe_gpi_mult': 0.40453577995823026}. Best is trial 59 with value: 0.47094151913533877.
[I 2026-05-28 21:35:40,038] Trial 73 finished with value: 14.655219625258894 and parameters: {'ISTN': 81.88320789574848, 'I_gpe': 1.5416137158268537, 'I_gpi': 2.1496708419422648, 'noise_stn_sigma': 6.357474520353232, 'noise_gpe_sigma': 87.77181108587091, 'noise_gpi_sigma': 120.40230647291614, 'g_stn_gpe_mult': 3.032298050292857, 'g_gpe_stn_mult': 0.11148128805058408, 'g_stn_gpi_mult': 2.105813570743205, 'g_gpe_gpi_mult': 0.5316314896906038}. Best is trial 59 with value: 0.47094151913533877.
[I 2026-05-28 21:35:41,046] Trial 74 finished with value: 8.70493439091112 and parameters: {'ISTN': 68.64033067110361, 'I_gpe': 1.0728446066738917, 'I_gpi': 1.3145586140983374, 'noise_stn_sigma': 3.5863543307756647, 'noise_gpe_sigma': 88.37525781295469, 'noise_gpi_sigma': 77.75462814212267, 'g_stn_gpe_mult': 2.8918924145136287, 'g_gpe_stn_mult': 0.17453680262157456, 'g_stn_gpi_mult': 2.555499487079407, 'g_gpe_gpi_mult': 0.5751781153532365}. Best is trial 59 with value: 0.47094151913533877.
[I 2026-05-28 21:35:42,053] Trial 75 finished with value: 18.69509826275665 and parameters: {'ISTN': 91.86792054517514, 'I_gpe': 2.536360672475631, 'I_gpi': 1.1228915985502184, 'noise_stn_sigma': 5.0198345016386225, 'noise_gpe_sigma': 77.65951466028349, 'noise_gpi_sigma': 117.78003971216103, 'g_stn_gpe_mult': 4.01706761714885, 'g_gpe_stn_mult': 0.18991138530542512, 'g_stn_gpi_mult': 1.864789113733919, 'g_gpe_gpi_mult': 0.3575428423371373}. Best is trial 59 with value: 0.47094151913533877.
[I 2026-05-28 21:35:43,061] Trial 76 finished with value: 19.25728104361573 and parameters: {'ISTN': 100.45195717161548, 'I_gpe': 1.740104803431866, 'I_gpi': 2.2217915276987736, 'noise_stn_sigma': 5.3508387487018085, 'noise_gpe_sigma': 90.48794818978968, 'noise_gpi_sigma': 111.51176265951734, 'g_stn_gpe_mult': 2.8390989564506093, 'g_gpe_stn_mult': 0.244063188045571, 'g_stn_gpi_mult': 2.211434249677802, 'g_gpe_gpi_mult': 0.2981121738610478}. Best is trial 59 with value: 0.47094151913533877.
[I 2026-05-28 21:35:44,069] Trial 77 finished with value: 13.73388480373151 and parameters: {'ISTN': 73.99912306711633, 'I_gpe': 1.8068656222636, 'I_gpi': 1.6163664917945684, 'noise_stn_sigma': 5.87964015415637, 'noise_gpe_sigma': 87.0604687685, 'noise_gpi_sigma': 106.84039869895503, 'g_stn_gpe_mult': 2.7048592314200537, 'g_gpe_stn_mult': 0.2287051344888537, 'g_stn_gpi_mult': 2.7901937731359334, 'g_gpe_gpi_mult': 0.48540401235433855}. Best is trial 59 with value: 0.47094151913533877.
[I 2026-05-28 21:35:45,076] Trial 78 finished with value: 13.111906084688375 and parameters: {'ISTN': 67.63001986730534, 'I_gpe': 2.6632247129746944, 'I_gpi': 2.2035617177384426, 'noise_stn_sigma': 5.920568822209884, 'noise_gpe_sigma': 69.87007805904089, 'noise_gpi_sigma': 81.07967445727924, 'g_stn_gpe_mult': 2.490599668878575, 'g_gpe_stn_mult': 0.3039618832921114, 'g_stn_gpi_mult': 2.7612058361908414, 'g_gpe_gpi_mult': 0.6676574477850545}. Best is trial 59 with value: 0.47094151913533877.
[I 2026-05-28 21:35:46,083] Trial 79 finished with value: 11.837925419184945 and parameters: {'ISTN': 75.80174988147763, 'I_gpe': 1.6361284534379348, 'I_gpi': 2.6035820393687015, 'noise_stn_sigma': 5.4800655710144515, 'noise_gpe_sigma': 64.78704467052279, 'noise_gpi_sigma': 96.63872345482463, 'g_stn_gpe_mult': 2.981061532148544, 'g_gpe_stn_mult': 0.12372925742142775, 'g_stn_gpi_mult': 2.765433287038012, 'g_gpe_gpi_mult': 0.31450825184507025}. Best is trial 59 with value: 0.47094151913533877.
[I 2026-05-28 21:35:47,091] Trial 80 finished with value: 8.429707146919096 and parameters: {'ISTN': 71.47180766270797, 'I_gpe': 1.9690616502752762, 'I_gpi': 1.132392501277052, 'noise_stn_sigma': 3.765722031206517, 'noise_gpe_sigma': 82.30594268314486, 'noise_gpi_sigma': 135.5711767003739, 'g_stn_gpe_mult': 4.019105161987975, 'g_gpe_stn_mult': 0.223460916502968, 'g_stn_gpi_mult': 2.5858591636992, 'g_gpe_gpi_mult': 0.37614575008994655}. Best is trial 59 with value: 0.47094151913533877.
[I 2026-05-28 21:35:48,097] Trial 81 finished with value: 14.541224165320633 and parameters: {'ISTN': 79.40311436134769, 'I_gpe': 1.9100049277160245, 'I_gpi': 1.3202288467233876, 'noise_stn_sigma': 3.7658388027926524, 'noise_gpe_sigma': 76.05765666588488, 'noise_gpi_sigma': 100.67028501474938, 'g_stn_gpe_mult': 2.831462144386758, 'g_gpe_stn_mult': 0.21416593725113137, 'g_stn_gpi_mult': 2.3055337014158415, 'g_gpe_gpi_mult': 0.4282848034953306}. Best is trial 59 with value: 0.47094151913533877.
[I 2026-05-28 21:35:49,103] Trial 82 finished with value: 17.811902824725696 and parameters: {'ISTN': 87.79278567532484, 'I_gpe': 1.958918039395067, 'I_gpi': 1.6076402496792381, 'noise_stn_sigma': 4.1714825054469555, 'noise_gpe_sigma': 67.36488371559548, 'noise_gpi_sigma': 109.7569921135976, 'g_stn_gpe_mult': 3.9419072260239556, 'g_gpe_stn_mult': 0.22098388636496957, 'g_stn_gpi_mult': 2.9680681677368597, 'g_gpe_gpi_mult': 0.38192275734513365}. Best is trial 59 with value: 0.47094151913533877.
[I 2026-05-28 21:35:50,111] Trial 83 finished with value: 3.6260578856707726 and parameters: {'ISTN': 64.46198648511908, 'I_gpe': 1.808221684832191, 'I_gpi': 1.3956771599981173, 'noise_stn_sigma': 4.882126330707094, 'noise_gpe_sigma': 90.21228081218867, 'noise_gpi_sigma': 81.4553996712943, 'g_stn_gpe_mult': 2.251941700387521, 'g_gpe_stn_mult': 0.3054936268417158, 'g_stn_gpi_mult': 3.0493051928299493, 'g_gpe_gpi_mult': 0.39920322643060535}. Best is trial 59 with value: 0.47094151913533877.
[I 2026-05-28 21:35:51,116] Trial 84 finished with value: 14.084509660571252 and parameters: {'ISTN': 75.84925439143736, 'I_gpe': 2.105886101431442, 'I_gpi': 1.8116446876620527, 'noise_stn_sigma': 3.3845611771317263, 'noise_gpe_sigma': 72.3268693809166, 'noise_gpi_sigma': 111.33051789383059, 'g_stn_gpe_mult': 3.184543906230335, 'g_gpe_stn_mult': 0.42193784899993614, 'g_stn_gpi_mult': 2.5679077400648755, 'g_gpe_gpi_mult': 0.3400439312411616}. Best is trial 59 with value: 0.47094151913533877.
[I 2026-05-28 21:35:52,124] Trial 85 finished with value: 0.5956767878826367 and parameters: {'ISTN': 67.15353598879035, 'I_gpe': 2.117373283986714, 'I_gpi': 1.922004361691966, 'noise_stn_sigma': 2.963955885863053, 'noise_gpe_sigma': 82.7891062292974, 'noise_gpi_sigma': 114.62005133913264, 'g_stn_gpe_mult': 3.589413029055919, 'g_gpe_stn_mult': 0.11220833178940184, 'g_stn_gpi_mult': 2.1785990208472406, 'g_gpe_gpi_mult': 0.24561215777265044}. Best is trial 59 with value: 0.47094151913533877.
[I 2026-05-28 21:35:53,130] Trial 86 finished with value: 12.250746105599774 and parameters: {'ISTN': 70.07338689207172, 'I_gpe': 1.9096697497848951, 'I_gpi': 1.5187155515127362, 'noise_stn_sigma': 3.780496533490743, 'noise_gpe_sigma': 84.92076480518476, 'noise_gpi_sigma': 136.53177008245046, 'g_stn_gpe_mult': 3.659402760590412, 'g_gpe_stn_mult': 0.22725141531956836, 'g_stn_gpi_mult': 3.4786567204951093, 'g_gpe_gpi_mult': 0.35467173372643535}. Best is trial 59 with value: 0.47094151913533877.
[I 2026-05-28 21:35:54,077] Trial 87 finished with value: 1000000.0 and parameters: {'ISTN': 64.7265553550688, 'I_gpe': 1.844747562133188, 'I_gpi': 1.3137071490661159, 'noise_stn_sigma': 3.856538833749171, 'noise_gpe_sigma': 76.83453316242418, 'noise_gpi_sigma': 125.19622053714468, 'g_stn_gpe_mult': 3.7307083779135572, 'g_gpe_stn_mult': 0.19129528513404154, 'g_stn_gpi_mult': 2.7432083358434736, 'g_gpe_gpi_mult': 0.42691742619056416}. Best is trial 59 with value: 0.47094151913533877.
