[I 2026-05-28 22:18:35,075] Trial 616 finished with value: 2.650671559737152 and parameters: {'ISTN': 109.94368740863312, 'I_gpe': 2.3144027853974802, 'I_gpi': 1.966769087742481, 'noise_stn_sigma': 4.390841871884646, 'noise_gpe_sigma': 111.99269357252996, 'noise_gpi_sigma': 124.85672314426373, 'g_stn_gpe_mult': 3.8761025100043986, 'g_gpe_stn_mult': 0.6346006534638741, 'g_stn_gpi_mult': 1.824014774933964, 'g_gpe_gpi_mult': 0.7570052994424126}. Best is trial 516 with value: 0.9043779998207784.
[I 2026-05-28 22:18:36,116] Trial 617 finished with value: 5.284355888966841 and parameters: {'ISTN': 113.53529846682815, 'I_gpe': 2.307212086393308, 'I_gpi': 1.780306902067072, 'noise_stn_sigma': 4.24373245338535, 'noise_gpe_sigma': 113.17059310871575, 'noise_gpi_sigma': 114.85616130030252, 'g_stn_gpe_mult': 4.04643729710113, 'g_gpe_stn_mult': 0.6638991537490772, 'g_stn_gpi_mult': 1.7578614074988228, 'g_gpe_gpi_mult': 0.7145423007395513}. Best is trial 516 with value: 0.9043779998207784.
[I 2026-05-28 22:18:37,161] Trial 618 finished with value: 3.023740145710595 and parameters: {'ISTN': 112.90934252450029, 'I_gpe': 2.2659113033508667, 'I_gpi': 1.7305872817469776, 'noise_stn_sigma': 4.338697541714772, 'noise_gpe_sigma': 106.46990223073489, 'noise_gpi_sigma': 117.04262335867392, 'g_stn_gpe_mult': 4.104530074302426, 'g_gpe_stn_mult': 0.655029257583473, 'g_stn_gpi_mult': 1.7986840683387144, 'g_gpe_gpi_mult': 0.7361492524339295}. Best is trial 516 with value: 0.9043779998207784.
[I 2026-05-28 22:18:38,204] Trial 619 finished with value: 6.077830443334358 and parameters: {'ISTN': 111.88972270948184, 'I_gpe': 2.2756843706955365, 'I_gpi': 1.8398160305622184, 'noise_stn_sigma': 4.159563904921951, 'noise_gpe_sigma': 108.26696273676768, 'noise_gpi_sigma': 125.42447403105143, 'g_stn_gpe_mult': 3.870107849979864, 'g_gpe_stn_mult': 0.6400109607290203, 'g_stn_gpi_mult': 1.8107746916907923, 'g_gpe_gpi_mult': 0.7701823719995577}. Best is trial 516 with value: 0.9043779998207784.
[I 2026-05-28 22:18:39,248] Trial 620 finished with value: 8.73095521306571 and parameters: {'ISTN': 111.84736585899924, 'I_gpe': 2.3578201519806403, 'I_gpi': 1.8412893915811925, 'noise_stn_sigma': 4.674712987178646, 'noise_gpe_sigma': 111.43012058495744, 'noise_gpi_sigma': 115.85244720640736, 'g_stn_gpe_mult': 4.095188500155041, 'g_gpe_stn_mult': 0.6470245704906145, 'g_stn_gpi_mult': 1.9508324644969837, 'g_gpe_gpi_mult': 0.7696834444793339}. Best is trial 516 with value: 0.9043779998207784.
[I 2026-05-28 22:18:40,290] Trial 621 finished with value: 6.334378050847025 and parameters: {'ISTN': 111.01182757325512, 'I_gpe': 2.3271068429157458, 'I_gpi': 1.9695744603909533, 'noise_stn_sigma': 4.101998714747832, 'noise_gpe_sigma': 110.50008314569519, 'noise_gpi_sigma': 125.46625994911798, 'g_stn_gpe_mult': 3.8894847564862296, 'g_gpe_stn_mult': 0.642529702742372, 'g_stn_gpi_mult': 1.7815364130486502, 'g_gpe_gpi_mult': 0.8006714675033713}. Best is trial 516 with value: 0.9043779998207784.
[I 2026-05-28 22:18:41,331] Trial 622 finished with value: 7.952839966900293 and parameters: {'ISTN': 113.90424549514455, 'I_gpe': 2.2575966946183215, 'I_gpi': 2.005806370496731, 'noise_stn_sigma': 4.453522177036043, 'noise_gpe_sigma': 110.1555819875638, 'noise_gpi_sigma': 109.49432648238079, 'g_stn_gpe_mult': 4.14335965994513, 'g_gpe_stn_mult': 0.6542283517382199, 'g_stn_gpi_mult': 1.6411983517614126, 'g_gpe_gpi_mult': 0.7579540425244145}. Best is trial 516 with value: 0.9043779998207784.
[I 2026-05-28 22:18:42,373] Trial 623 finished with value: 3.344502418752029 and parameters: {'ISTN': 112.5845593133562, 'I_gpe': 2.1536693307207564, 'I_gpi': 1.803085251569449, 'noise_stn_sigma': 4.451256843565422, 'noise_gpe_sigma': 117.59296985367479, 'noise_gpi_sigma': 131.82743658196958, 'g_stn_gpe_mult': 4.113639786881081, 'g_gpe_stn_mult': 0.6615536931831173, 'g_stn_gpi_mult': 1.8229217203740329, 'g_gpe_gpi_mult': 0.7496323079134821}. Best is trial 516 with value: 0.9043779998207784.
[I 2026-05-28 22:18:43,414] Trial 624 finished with value: 0.9303920388603346 and parameters: {'ISTN': 110.50285891978211, 'I_gpe': 2.340750984457207, 'I_gpi': 2.0143008229422135, 'noise_stn_sigma': 4.318810700056759, 'noise_gpe_sigma': 107.3284155464588, 'noise_gpi_sigma': 130.81818562673146, 'g_stn_gpe_mult': 4.033551472812671, 'g_gpe_stn_mult': 0.6480787332842856, 'g_stn_gpi_mult': 1.8007144615509594, 'g_gpe_gpi_mult': 0.7824320497524702}. Best is trial 516 with value: 0.9043779998207784.
[I 2026-05-28 22:18:44,456] Trial 625 finished with value: 6.522444995249572 and parameters: {'ISTN': 109.84098996156152, 'I_gpe': 2.355312312185786, 'I_gpi': 1.8789293281985266, 'noise_stn_sigma': 4.497168213496105, 'noise_gpe_sigma': 112.65817571272143, 'noise_gpi_sigma': 129.09459282014296, 'g_stn_gpe_mult': 4.052117044777153, 'g_gpe_stn_mult': 0.6391476344307278, 'g_stn_gpi_mult': 1.8452080477272732, 'g_gpe_gpi_mult': 0.773399506443271}. Best is trial 516 with value: 0.9043779998207784.
[I 2026-05-28 22:18:45,498] Trial 626 finished with value: 3.7693423929698735 and parameters: {'ISTN': 112.34593812124588, 'I_gpe': 2.295980514834688, 'I_gpi': 1.8401798893206307, 'noise_stn_sigma': 4.278076752121816, 'noise_gpe_sigma': 108.9568934851429, 'noise_gpi_sigma': 118.97839627426468, 'g_stn_gpe_mult': 4.084015233703282, 'g_gpe_stn_mult': 0.646611704144701, 'g_stn_gpi_mult': 1.731025799537223, 'g_gpe_gpi_mult': 0.7296394244981159}. Best is trial 516 with value: 0.9043779998207784.
[I 2026-05-28 22:18:46,538] Trial 627 finished with value: 7.792967082179395 and parameters: {'ISTN': 112.49538174311857, 'I_gpe': 2.297694784463735, 'I_gpi': 1.6603336444620374, 'noise_stn_sigma': 4.240380317806858, 'noise_gpe_sigma': 116.82567006204255, 'noise_gpi_sigma': 124.66741546031426, 'g_stn_gpe_mult': 3.9315379168184577, 'g_gpe_stn_mult': 0.6487837040935094, 'g_stn_gpi_mult': 1.7096051362112394, 'g_gpe_gpi_mult': 0.7613791787973243}. Best is trial 516 with value: 0.9043779998207784.
[I 2026-05-28 22:18:47,579] Trial 628 finished with value: 6.852221849058608 and parameters: {'ISTN': 110.83644441696222, 'I_gpe': 2.3025525206495336, 'I_gpi': 1.8814069616888944, 'noise_stn_sigma': 4.578222237358512, 'noise_gpe_sigma': 112.86876448705311, 'noise_gpi_sigma': 125.73521931673011, 'g_stn_gpe_mult': 3.947816352008103, 'g_gpe_stn_mult': 0.6409764573017199, 'g_stn_gpi_mult': 1.892473452181364, 'g_gpe_gpi_mult': 0.734415776266272}. Best is trial 516 with value: 0.9043779998207784.
[I 2026-05-28 22:18:48,622] Trial 629 finished with value: 6.807844689933275 and parameters: {'ISTN': 105.58787575635708, 'I_gpe': 2.3383998660343392, 'I_gpi': 1.9376533865722136, 'noise_stn_sigma': 4.689084770634899, 'noise_gpe_sigma': 109.73460943624782, 'noise_gpi_sigma': 127.39289546220488, 'g_stn_gpe_mult': 3.9236126743912068, 'g_gpe_stn_mult': 0.6159247465103003, 'g_stn_gpi_mult': 1.9237627636937455, 'g_gpe_gpi_mult': 0.7803352062443316}. Best is trial 516 with value: 0.9043779998207784.
[I 2026-05-28 22:18:49,663] Trial 630 finished with value: 10.26223849758059 and parameters: {'ISTN': 104.34016363278955, 'I_gpe': 2.322156866458039, 'I_gpi': 2.015037987588485, 'noise_stn_sigma': 4.504900402451829, 'noise_gpe_sigma': 105.43112084322647, 'noise_gpi_sigma': 126.27636985256561, 'g_stn_gpe_mult': 4.006570893122826, 'g_gpe_stn_mult': 0.5993114561824704, 'g_stn_gpi_mult': 1.9677439742299372, 'g_gpe_gpi_mult': 0.7648215371070866}. Best is trial 516 with value: 0.9043779998207784.
[I 2026-05-28 22:18:50,708] Trial 631 finished with value: 6.6001113159014935 and parameters: {'ISTN': 110.79774475506163, 'I_gpe': 2.3052294660615056, 'I_gpi': 1.7347002444590123, 'noise_stn_sigma': 4.105786295045701, 'noise_gpe_sigma': 109.93915926012559, 'noise_gpi_sigma': 130.51395962865809, 'g_stn_gpe_mult': 4.025081153778164, 'g_gpe_stn_mult': 0.6593762063040869, 'g_stn_gpi_mult': 1.709920032373929, 'g_gpe_gpi_mult': 0.801527927462585}. Best is trial 516 with value: 0.9043779998207784.
[I 2026-05-28 22:18:51,750] Trial 632 finished with value: 8.560444620565034 and parameters: {'ISTN': 112.90966178853127, 'I_gpe': 2.2675142551805343, 'I_gpi': 2.098115689898865, 'noise_stn_sigma': 4.133564887816448, 'noise_gpe_sigma': 105.97350937836678, 'noise_gpi_sigma': 121.5570756607471, 'g_stn_gpe_mult': 4.05948824715588, 'g_gpe_stn_mult': 0.6460353962738211, 'g_stn_gpi_mult': 1.7242010987058998, 'g_gpe_gpi_mult': 0.7457625883359997}. Best is trial 516 with value: 0.9043779998207784.
[I 2026-05-28 22:18:52,795] Trial 633 finished with value: 2.4408900386640946 and parameters: {'ISTN': 110.67985522626483, 'I_gpe': 2.2146012959855885, 'I_gpi': 2.194252482576147, 'noise_stn_sigma': 4.342026053551487, 'noise_gpe_sigma': 113.26863691848118, 'noise_gpi_sigma': 133.09313157913832, 'g_stn_gpe_mult': 4.187995528574865, 'g_gpe_stn_mult': 0.6307580392182188, 'g_stn_gpi_mult': 1.8966241283359908, 'g_gpe_gpi_mult': 0.7376240656575075}. Best is trial 516 with value: 0.9043779998207784.
[I 2026-05-28 22:18:53,837] Trial 634 finished with value: 7.125355173188516 and parameters: {'ISTN': 109.74409062763884, 'I_gpe': 2.2868438424008986, 'I_gpi': 1.910217064106377, 'noise_stn_sigma': 4.330538656419059, 'noise_gpe_sigma': 117.68935624936579, 'noise_gpi_sigma': 127.13394978239687, 'g_stn_gpe_mult': 4.079201427662401, 'g_gpe_stn_mult': 0.6404277544586916, 'g_stn_gpi_mult': 1.7293616758315076, 'g_gpe_gpi_mult': 0.7858956958561758}. Best is trial 516 with value: 0.9043779998207784.
[I 2026-05-28 22:18:54,879] Trial 635 finished with value: 3.180761163257139 and parameters: {'ISTN': 113.73656132161102, 'I_gpe': 2.298922396510846, 'I_gpi': 1.9448374536007176, 'noise_stn_sigma': 4.226216671173475, 'noise_gpe_sigma': 109.73226079799201, 'noise_gpi_sigma': 127.22317310447546, 'g_stn_gpe_mult': 4.098598646977965, 'g_gpe_stn_mult': 0.655410457048392, 'g_stn_gpi_mult': 1.6456363324942147, 'g_gpe_gpi_mult': 0.7651676477515179}. Best is trial 516 with value: 0.9043779998207784.
[I 2026-05-28 22:18:55,921] Trial 636 finished with value: 2.559161065327821 and parameters: {'ISTN': 112.10269506688414, 'I_gpe': 2.2095762111959205, 'I_gpi': 1.798864594291349, 'noise_stn_sigma': 4.158139194407058, 'noise_gpe_sigma': 108.90482197510624, 'noise_gpi_sigma': 129.59517136947787, 'g_stn_gpe_mult': 4.14447375112502, 'g_gpe_stn_mult': 0.6601084810457604, 'g_stn_gpi_mult': 1.7480980311532908, 'g_gpe_gpi_mult': 0.7833506780301829}. Best is trial 516 with value: 0.9043779998207784.
[I 2026-05-28 22:18:56,961] Trial 637 finished with value: 2.679300863192364 and parameters: {'ISTN': 108.4508154226615, 'I_gpe': 2.383546459256873, 'I_gpi': 1.8659141279778364, 'noise_stn_sigma': 4.678944848498091, 'noise_gpe_sigma': 112.28398322384855, 'noise_gpi_sigma': 127.20835225042627, 'g_stn_gpe_mult': 4.1841888638144615, 'g_gpe_stn_mult': 0.6373420080338646, 'g_stn_gpi_mult': 1.7653970171686533, 'g_gpe_gpi_mult': 0.7851682713224726}. Best is trial 516 with value: 0.9043779998207784.
[I 2026-05-28 22:18:58,004] Trial 638 finished with value: 5.35281122343418 and parameters: {'ISTN': 110.81601875071641, 'I_gpe': 2.241442761906219, 'I_gpi': 1.880713559367618, 'noise_stn_sigma': 4.363444328164172, 'noise_gpe_sigma': 118.57954594825749, 'noise_gpi_sigma': 126.40234011580705, 'g_stn_gpe_mult': 4.220639355614297, 'g_gpe_stn_mult': 0.6441055098856868, 'g_stn_gpi_mult': 1.815098215569103, 'g_gpe_gpi_mult': 0.7650160265480428}. Best is trial 516 with value: 0.9043779998207784.
[I 2026-05-28 22:18:59,045] Trial 639 finished with value: 1.8034355996753395 and parameters: {'ISTN': 112.20749478255595, 'I_gpe': 2.278055427624362, 'I_gpi': 1.9036781540721535, 'noise_stn_sigma': 4.273423808849179, 'noise_gpe_sigma': 110.43416156697405, 'noise_gpi_sigma': 130.13891207581332, 'g_stn_gpe_mult': 4.082760736787224, 'g_gpe_stn_mult': 0.6532795506029803, 'g_stn_gpi_mult': 1.7431782458107117, 'g_gpe_gpi_mult': 0.8040122832566532}. Best is trial 516 with value: 0.9043779998207784.
[I 2026-05-28 22:19:00,085] Trial 640 finished with value: 8.384191014093608 and parameters: {'ISTN': 113.96154484662009, 'I_gpe': 2.2416891751694226, 'I_gpi': 1.7380028583567433, 'noise_stn_sigma': 4.56494976350459, 'noise_gpe_sigma': 108.94595578880933, 'noise_gpi_sigma': 120.50048708545214, 'g_stn_gpe_mult': 4.0203612306470085, 'g_gpe_stn_mult': 0.6793807932371968, 'g_stn_gpi_mult': 1.8021739708836069, 'g_gpe_gpi_mult': 0.7805981938889708}. Best is trial 516 with value: 0.9043779998207784.
[I 2026-05-28 22:19:01,127] Trial 641 finished with value: 3.4810987446612702 and parameters: {'ISTN': 111.20392746273465, 'I_gpe': 2.2157162234571515, 'I_gpi': 1.9388478151089785, 'noise_stn_sigma': 4.132381649242279, 'noise_gpe_sigma': 107.90487471788194, 'noise_gpi_sigma': 126.5431256110521, 'g_stn_gpe_mult': 4.037025650596082, 'g_gpe_stn_mult': 0.6435137650388483, 'g_stn_gpi_mult': 1.8090389583419721, 'g_gpe_gpi_mult': 0.7466607181905756}. Best is trial 516 with value: 0.9043779998207784.
[I 2026-05-28 22:19:02,170] Trial 642 finished with value: 3.092927882007593 and parameters: {'ISTN': 107.11072422586726, 'I_gpe': 2.3295439741816715, 'I_gpi': 1.937212704823429, 'noise_stn_sigma': 4.449051323497738, 'noise_gpe_sigma': 113.23530072555123, 'noise_gpi_sigma': 134.67819990348207, 'g_stn_gpe_mult': 4.149213981777824, 'g_gpe_stn_mult': 0.6215107216464155, 'g_stn_gpi_mult': 1.7130591042577874, 'g_gpe_gpi_mult': 0.8011847835281352}. Best is trial 516 with value: 0.9043779998207784.
[I 2026-05-28 22:19:03,211] Trial 643 finished with value: 8.491151622282176 and parameters: {'ISTN': 112.58945416447082, 'I_gpe': 2.0924580340429184, 'I_gpi': 2.0092888861380476, 'noise_stn_sigma': 3.9812819997913733, 'noise_gpe_sigma': 111.50851518413555, 'noise_gpi_sigma': 128.3314718067333, 'g_stn_gpe_mult': 4.149839964250573, 'g_gpe_stn_mult': 0.6486238722713481, 'g_stn_gpi_mult': 1.7653033159807685, 'g_gpe_gpi_mult': 0.7926371918206694}. Best is trial 516 with value: 0.9043779998207784.
[I 2026-05-28 22:19:04,251] Trial 644 finished with value: 5.40962282099978 and parameters: {'ISTN': 109.05742827898769, 'I_gpe': 2.1819161462339425, 'I_gpi': 1.798553276412877, 'noise_stn_sigma': 4.026729971765786, 'noise_gpe_sigma': 106.91977649359713, 'noise_gpi_sigma': 124.13430352464798, 'g_stn_gpe_mult': 4.101301887894992, 'g_gpe_stn_mult': 0.6352661944774228, 'g_stn_gpi_mult': 1.6344943154155707, 'g_gpe_gpi_mult': 0.7313103256299927}. Best is trial 516 with value: 0.9043779998207784.
[I 2026-05-28 22:19:05,295] Trial 645 finished with value: 10.617712261408148 and parameters: {'ISTN': 113.69548674887395, 'I_gpe': 2.2748229022072195, 'I_gpi': 1.8921243189686434, 'noise_stn_sigma': 4.4935794839940275, 'noise_gpe_sigma': 109.15751790558339, 'noise_gpi_sigma': 129.79288509266587, 'g_stn_gpe_mult': 4.126124670521927, 'g_gpe_stn_mult': 0.6633143906774167, 'g_stn_gpi_mult': 1.8530419540800518, 'g_gpe_gpi_mult': 0.7941609338558415}. Best is trial 516 with value: 0.9043779998207784.
[I 2026-05-28 22:19:06,339] Trial 646 finished with value: 8.026477737822008 and parameters: {'ISTN': 111.36463781405939, 'I_gpe': 2.2337363220582658, 'I_gpi': 1.934191751408167, 'noise_stn_sigma': 4.6631746548484525, 'noise_gpe_sigma': 112.54053746257954, 'noise_gpi_sigma': 131.39833189981852, 'g_stn_gpe_mult': 4.155050689363698, 'g_gpe_stn_mult': 0.6346904716102764, 'g_stn_gpi_mult': 1.8426981878672188, 'g_gpe_gpi_mult': 0.7253390085701406}. Best is trial 516 with value: 0.9043779998207784.
[I 2026-05-28 22:19:07,382] Trial 647 finished with value: 5.169388779643192 and parameters: {'ISTN': 115.04394538729807, 'I_gpe': 2.198218109089191, 'I_gpi': 1.8530796058596581, 'noise_stn_sigma': 4.005420157701536, 'noise_gpe_sigma': 111.37511270433902, 'noise_gpi_sigma': 135.8251585951475, 'g_stn_gpe_mult': 4.1175301782261355, 'g_gpe_stn_mult': 0.6714321839374556, 'g_stn_gpi_mult': 1.6111662607421573, 'g_gpe_gpi_mult': 0.8390952007792687}. Best is trial 516 with value: 0.9043779998207784.
[I 2026-05-28 22:19:08,424] Trial 648 finished with value: 3.3192015341851064 and parameters: {'ISTN': 115.31830216195951, 'I_gpe': 2.2047335064182523, 'I_gpi': 1.8589743184876886, 'noise_stn_sigma': 4.0764187800108065, 'noise_gpe_sigma': 111.99466021201437, 'noise_gpi_sigma': 115.4222844267016, 'g_stn_gpe_mult': 4.344128039512626, 'g_gpe_stn_mult': 0.6624691403271247, 'g_stn_gpi_mult': 1.668331028617849, 'g_gpe_gpi_mult': 0.763063279121788}. Best is trial 516 with value: 0.9043779998207784.
[I 2026-05-28 22:19:09,465] Trial 649 finished with value: 4.667145183088596 and parameters: {'ISTN': 111.66020737324612, 'I_gpe': 2.3439497579548765, 'I_gpi': 1.9593944733129427, 'noise_stn_sigma': 4.506537119873271, 'noise_gpe_sigma': 109.23165108583841, 'noise_gpi_sigma': 132.43903172605621, 'g_stn_gpe_mult': 4.300602865361902, 'g_gpe_stn_mult': 0.6423480797813667, 'g_stn_gpi_mult': 1.709569757915411, 'g_gpe_gpi_mult': 0.7571171278909814}. Best is trial 516 with value: 0.9043779998207784.
[I 2026-05-28 22:19:10,505] Trial 650 finished with value: 5.384255913285293 and parameters: {'ISTN': 110.78071493937139, 'I_gpe': 2.3076082906084605, 'I_gpi': 2.0070403859976613, 'noise_stn_sigma': 4.340512492095357, 'noise_gpe_sigma': 111.70179016557746, 'noise_gpi_sigma': 134.8502068028901, 'g_stn_gpe_mult': 4.0893339573737695, 'g_gpe_stn_mult': 0.6379756649586324, 'g_stn_gpi_mult': 1.7265428663120048, 'g_gpe_gpi_mult': 0.7507870197123727}. Best is trial 516 with value: 0.9043779998207784.
[I 2026-05-28 22:19:11,551] Trial 651 finished with value: 8.137252622191378 and parameters: {'ISTN': 113.55211737170173, 'I_gpe': 2.2253185114188128, 'I_gpi': 1.999215879791638, 'noise_stn_sigma': 4.406410892917632, 'noise_gpe_sigma': 111.64236140079439, 'noise_gpi_sigma': 138.64708011247114, 'g_stn_gpe_mult': 4.211563344018909, 'g_gpe_stn_mult': 0.6497993711673596, 'g_stn_gpi_mult': 1.720353060844194, 'g_gpe_gpi_mult': 0.7845509773714272}. Best is trial 516 with value: 0.9043779998207784.
[I 2026-05-28 22:19:12,594] Trial 652 finished with value: 7.211114207468624 and parameters: {'ISTN': 109.77920262007048, 'I_gpe': 2.233068505148703, 'I_gpi': 2.084838760725974, 'noise_stn_sigma': 4.2514499696127865, 'noise_gpe_sigma': 110.10002161282398, 'noise_gpi_sigma': 129.19669261891295, 'g_stn_gpe_mult': 4.1473719411748355, 'g_gpe_stn_mult': 0.6384186805067035, 'g_stn_gpi_mult': 1.8091853624522027, 'g_gpe_gpi_mult': 0.7731139818399249}. Best is trial 516 with value: 0.9043779998207784.
[I 2026-05-28 22:19:13,636] Trial 653 finished with value: 3.8810199202199382 and parameters: {'ISTN': 116.26777330450022, 'I_gpe': 2.2203480230273573, 'I_gpi': 1.8775980928860543, 'noise_stn_sigma': 4.339169194506622, 'noise_gpe_sigma': 106.52576913225559, 'noise_gpi_sigma': 121.19224612719282, 'g_stn_gpe_mult': 4.404698181594544, 'g_gpe_stn_mult': 0.6767271470952259, 'g_stn_gpi_mult': 1.5409166035159894, 'g_gpe_gpi_mult': 0.7678006354369693}. Best is trial 516 with value: 0.9043779998207784.
[I 2026-05-28 22:19:14,678] Trial 654 finished with value: 4.355676491383102 and parameters: {'ISTN': 110.82896537572405, 'I_gpe': 2.247293019562098, 'I_gpi': 1.8835736841487747, 'noise_stn_sigma': 4.358491295615478, 'noise_gpe_sigma': 116.35606427980595, 'noise_gpi_sigma': 126.09602930083655, 'g_stn_gpe_mult': 4.211590198137278, 'g_gpe_stn_mult': 0.6394492074863888, 'g_stn_gpi_mult': 1.6666980068912913, 'g_gpe_gpi_mult': 0.7287956939219848}. Best is trial 516 with value: 0.9043779998207784.
[I 2026-05-28 22:19:15,723] Trial 655 finished with value: 4.3975775695748265 and parameters: {'ISTN': 110.48092936839753, 'I_gpe': 2.2252434794619935, 'I_gpi': 1.8406737985028327, 'noise_stn_sigma': 4.848360540950945, 'noise_gpe_sigma': 111.02480201529195, 'noise_gpi_sigma': 130.58185365083705, 'g_stn_gpe_mult': 4.340549958328004, 'g_gpe_stn_mult': 0.6480361053838242, 'g_stn_gpi_mult': 1.7818578813937314, 'g_gpe_gpi_mult': 0.7197092646795153}. Best is trial 516 with value: 0.9043779998207784.
[I 2026-05-28 22:19:16,767] Trial 656 finished with value: 8.6063068054391 and parameters: {'ISTN': 108.49426843837479, 'I_gpe': 2.344726026370833, 'I_gpi': 2.0707637637215113, 'noise_stn_sigma': 4.456144118028623, 'noise_gpe_sigma': 108.14539185531952, 'noise_gpi_sigma': 131.9495333056418, 'g_stn_gpe_mult': 4.00389976468197, 'g_gpe_stn_mult': 0.6203545955224995, 'g_stn_gpi_mult': 1.8779566503109388, 'g_gpe_gpi_mult': 0.7830799094757892}. Best is trial 516 with value: 0.9043779998207784.
[I 2026-05-28 22:19:17,812] Trial 657 finished with value: 6.48295414637043 and parameters: {'ISTN': 112.2950569322092, 'I_gpe': 2.2400825038255707, 'I_gpi': 2.0011457501799055, 'noise_stn_sigma': 4.1050723483382665, 'noise_gpe_sigma': 113.33888411780596, 'noise_gpi_sigma': 122.72075302614181, 'g_stn_gpe_mult': 4.256506618813207, 'g_gpe_stn_mult': 0.6438928767544109, 'g_stn_gpi_mult': 1.5951651867050523, 'g_gpe_gpi_mult': 0.7881051642913348}. Best is trial 516 with value: 0.9043779998207784.
[I 2026-05-28 22:19:18,855] Trial 658 finished with value: 6.214084079086656 and parameters: {'ISTN': 107.151531523897, 'I_gpe': 2.2417383978360355, 'I_gpi': 2.0510332902608828, 'noise_stn_sigma': 4.241671554472081, 'noise_gpe_sigma': 106.77610162470378, 'noise_gpi_sigma': 135.72788734089147, 'g_stn_gpe_mult': 4.113489428759253, 'g_gpe_stn_mult': 0.6248789706504447, 'g_stn_gpi_mult': 1.7864384299625553, 'g_gpe_gpi_mult': 0.7372853048116597}. Best is trial 516 with value: 0.9043779998207784.
[I 2026-05-28 22:19:19,898] Trial 659 finished with value: 10.389321745512435 and parameters: {'ISTN': 108.37146793189656, 'I_gpe': 2.288374173948423, 'I_gpi': 2.0404913585918125, 'noise_stn_sigma': 4.327215075188033, 'noise_gpe_sigma': 113.31795837852566, 'noise_gpi_sigma': 130.21599817835232, 'g_stn_gpe_mult': 4.194001794210234, 'g_gpe_stn_mult': 0.631734915006742, 'g_stn_gpi_mult': 1.700845253860847, 'g_gpe_gpi_mult': 0.7938824934938071}. Best is trial 516 with value: 0.9043779998207784.
