[I 2026-05-28 22:02:53,297] Trial 704 finished with value: 0.4700576277408758 and parameters: {'ISTN': 60.818884642255654, 'I_gpe': 1.2935368652367527, 'I_gpi': 2.381269067985687, 'noise_stn_sigma': 3.891736577911474, 'noise_gpe_sigma': 111.52587817803072, 'noise_gpi_sigma': 85.63304149554368, 'g_stn_gpe_mult': 3.651898870301401, 'g_gpe_stn_mult': 0.11761921304162555, 'g_stn_gpi_mult': 1.616275985687478, 'g_gpe_gpi_mult': 0.753284031378876}. Best is trial 685 with value: 0.11088391199858377.
[I 2026-05-28 22:02:54,278] Trial 705 finished with value: 0.11396181105499097 and parameters: {'ISTN': 60.12867344629674, 'I_gpe': 1.3573719000249915, 'I_gpi': 2.377488241232621, 'noise_stn_sigma': 3.709003654392152, 'noise_gpe_sigma': 112.67563513577255, 'noise_gpi_sigma': 81.56751078966143, 'g_stn_gpe_mult': 3.628597447458224, 'g_gpe_stn_mult': 0.12685696033113264, 'g_stn_gpi_mult': 1.7117919280092533, 'g_gpe_gpi_mult': 0.7039456176660934}. Best is trial 685 with value: 0.11088391199858377.
[I 2026-05-28 22:02:55,255] Trial 706 finished with value: 0.11359158699235884 and parameters: {'ISTN': 61.11125466543533, 'I_gpe': 1.3210915883455399, 'I_gpi': 2.4004077139935704, 'noise_stn_sigma': 3.652425062208784, 'noise_gpe_sigma': 112.46880226163097, 'noise_gpi_sigma': 87.81130357277075, 'g_stn_gpe_mult': 3.5834445704974796, 'g_gpe_stn_mult': 0.107479287597878, 'g_stn_gpi_mult': 1.7133658000226921, 'g_gpe_gpi_mult': 0.7211513710698543}. Best is trial 685 with value: 0.11088391199858377.
[I 2026-05-28 22:02:56,234] Trial 707 finished with value: 0.11445077859799103 and parameters: {'ISTN': 61.108988468884235, 'I_gpe': 1.36722433107923, 'I_gpi': 2.3843299231979436, 'noise_stn_sigma': 3.5189548471514205, 'noise_gpe_sigma': 114.80416948346952, 'noise_gpi_sigma': 88.03070162041315, 'g_stn_gpe_mult': 3.5713847450356977, 'g_gpe_stn_mult': 0.11270724957597167, 'g_stn_gpi_mult': 1.7094620996817975, 'g_gpe_gpi_mult': 0.7198045277016405}. Best is trial 685 with value: 0.11088391199858377.
[I 2026-05-28 22:02:57,214] Trial 708 finished with value: 0.5765531402143388 and parameters: {'ISTN': 61.68693527648167, 'I_gpe': 1.3155442725689164, 'I_gpi': 2.393748921599128, 'noise_stn_sigma': 3.4538083240640605, 'noise_gpe_sigma': 113.36227622500672, 'noise_gpi_sigma': 85.46387018521857, 'g_stn_gpe_mult': 3.5643827233225984, 'g_gpe_stn_mult': 0.12392393081796568, 'g_stn_gpi_mult': 1.6769670431359849, 'g_gpe_gpi_mult': 0.7010635399813103}. Best is trial 685 with value: 0.11088391199858377.
[I 2026-05-28 22:02:58,196] Trial 709 finished with value: 0.11724250936653022 and parameters: {'ISTN': 60.72826577734249, 'I_gpe': 1.3308670859246186, 'I_gpi': 2.4277817776369286, 'noise_stn_sigma': 3.5561731233571954, 'noise_gpe_sigma': 114.64779235833143, 'noise_gpi_sigma': 86.02049831545902, 'g_stn_gpe_mult': 3.4609210655251763, 'g_gpe_stn_mult': 0.11492207166193817, 'g_stn_gpi_mult': 1.7339373490399401, 'g_gpe_gpi_mult': 0.6932741368303248}. Best is trial 685 with value: 0.11088391199858377.
[I 2026-05-28 22:02:59,177] Trial 710 finished with value: 0.11631130260430339 and parameters: {'ISTN': 61.34205055464049, 'I_gpe': 1.3719479463310453, 'I_gpi': 2.3671020908981095, 'noise_stn_sigma': 3.4278469738587174, 'noise_gpe_sigma': 111.46600670963677, 'noise_gpi_sigma': 86.05328088941, 'g_stn_gpe_mult': 3.659406639751265, 'g_gpe_stn_mult': 0.11230937878136935, 'g_stn_gpi_mult': 1.663321325814162, 'g_gpe_gpi_mult': 0.7212551913005549}. Best is trial 685 with value: 0.11088391199858377.
[I 2026-05-28 22:03:00,156] Trial 711 finished with value: 0.11166406316201527 and parameters: {'ISTN': 61.17784097318722, 'I_gpe': 1.3025319309237895, 'I_gpi': 2.362613150747204, 'noise_stn_sigma': 3.7464932764734122, 'noise_gpe_sigma': 115.29657610838699, 'noise_gpi_sigma': 84.5475372670366, 'g_stn_gpe_mult': 3.6241789927427766, 'g_gpe_stn_mult': 0.10803362896684683, 'g_stn_gpi_mult': 1.7087497081595475, 'g_gpe_gpi_mult': 0.7169844528813536}. Best is trial 685 with value: 0.11088391199858377.
[I 2026-05-28 22:03:01,137] Trial 712 finished with value: 0.11601886195581548 and parameters: {'ISTN': 61.05935837699032, 'I_gpe': 1.3340724648455646, 'I_gpi': 2.3356616816402402, 'noise_stn_sigma': 3.553043294733691, 'noise_gpe_sigma': 115.87114040355738, 'noise_gpi_sigma': 89.43767663598298, 'g_stn_gpe_mult': 3.600849797493949, 'g_gpe_stn_mult': 0.12649166628432545, 'g_stn_gpi_mult': 1.703841855157533, 'g_gpe_gpi_mult': 0.7262689415814367}. Best is trial 685 with value: 0.11088391199858377.
[I 2026-05-28 22:03:02,116] Trial 713 finished with value: 0.3225054228933559 and parameters: {'ISTN': 60.84223328714565, 'I_gpe': 1.3470333092952058, 'I_gpi': 2.3817525256446253, 'noise_stn_sigma': 3.540795085843884, 'noise_gpe_sigma': 113.9294450289289, 'noise_gpi_sigma': 85.4712873666025, 'g_stn_gpe_mult': 3.629297833944953, 'g_gpe_stn_mult': 0.123189529755061, 'g_stn_gpi_mult': 1.7160008492226029, 'g_gpe_gpi_mult': 0.7168025321655866}. Best is trial 685 with value: 0.11088391199858377.
[I 2026-05-28 22:03:03,094] Trial 714 finished with value: 0.11702925984748173 and parameters: {'ISTN': 61.1741440481419, 'I_gpe': 1.3925980683942742, 'I_gpi': 2.344118943895866, 'noise_stn_sigma': 3.7472430925800233, 'noise_gpe_sigma': 110.3321576121608, 'noise_gpi_sigma': 86.63328179018588, 'g_stn_gpe_mult': 3.661863945145733, 'g_gpe_stn_mult': 0.11923723616988882, 'g_stn_gpi_mult': 1.6628587845188894, 'g_gpe_gpi_mult': 0.7137960750201291}. Best is trial 685 with value: 0.11088391199858377.
[I 2026-05-28 22:03:04,074] Trial 715 finished with value: 0.11225861652987372 and parameters: {'ISTN': 60.41243391123557, 'I_gpe': 1.3380817623966728, 'I_gpi': 2.3775696600678327, 'noise_stn_sigma': 3.781556873067697, 'noise_gpe_sigma': 117.28391921532186, 'noise_gpi_sigma': 85.64841657572511, 'g_stn_gpe_mult': 3.5553077720839394, 'g_gpe_stn_mult': 0.13455426899456333, 'g_stn_gpi_mult': 1.6888149681769682, 'g_gpe_gpi_mult': 0.7316407712536077}. Best is trial 685 with value: 0.11088391199858377.
[I 2026-05-28 22:03:05,053] Trial 716 finished with value: 0.11670596601363457 and parameters: {'ISTN': 60.618949309835656, 'I_gpe': 1.3606994705108824, 'I_gpi': 2.4271541563454204, 'noise_stn_sigma': 3.5790963093560757, 'noise_gpe_sigma': 114.28703029774566, 'noise_gpi_sigma': 85.04720743452869, 'g_stn_gpe_mult': 3.618688838265129, 'g_gpe_stn_mult': 0.10864217669203932, 'g_stn_gpi_mult': 1.644587458810784, 'g_gpe_gpi_mult': 0.7339117717253181}. Best is trial 685 with value: 0.11088391199858377.
[I 2026-05-28 22:03:06,032] Trial 717 finished with value: 0.11623265475464346 and parameters: {'ISTN': 61.36902546149819, 'I_gpe': 1.3657604178358094, 'I_gpi': 2.379112721633987, 'noise_stn_sigma': 3.6815016899560233, 'noise_gpe_sigma': 114.44733503315737, 'noise_gpi_sigma': 86.02699533031017, 'g_stn_gpe_mult': 3.7027854759081706, 'g_gpe_stn_mult': 0.11021939043741055, 'g_stn_gpi_mult': 1.7033441793683304, 'g_gpe_gpi_mult': 0.7088623602220168}. Best is trial 685 with value: 0.11088391199858377.
[I 2026-05-28 22:03:07,013] Trial 718 finished with value: 0.11623560730372753 and parameters: {'ISTN': 61.017372320468226, 'I_gpe': 1.3233681893775375, 'I_gpi': 2.354345659065367, 'noise_stn_sigma': 3.5999916775721976, 'noise_gpe_sigma': 113.56641476424583, 'noise_gpi_sigma': 83.87445396557885, 'g_stn_gpe_mult': 3.6731911091804927, 'g_gpe_stn_mult': 0.12861929650489928, 'g_stn_gpi_mult': 1.6562237305340666, 'g_gpe_gpi_mult': 0.7199860632759252}. Best is trial 685 with value: 0.11088391199858377.
[I 2026-05-28 22:03:07,993] Trial 719 finished with value: 0.11197636444807481 and parameters: {'ISTN': 60.79289443369291, 'I_gpe': 1.3405718864225726, 'I_gpi': 2.371579454645658, 'noise_stn_sigma': 3.6395847109384993, 'noise_gpe_sigma': 118.63196148648827, 'noise_gpi_sigma': 86.39420886772754, 'g_stn_gpe_mult': 3.603835521216136, 'g_gpe_stn_mult': 0.11404989001800661, 'g_stn_gpi_mult': 1.7182304548525036, 'g_gpe_gpi_mult': 0.7249151280263777}. Best is trial 685 with value: 0.11088391199858377.
[I 2026-05-28 22:03:08,974] Trial 720 finished with value: 0.11393210849884182 and parameters: {'ISTN': 60.31343354971993, 'I_gpe': 1.328481355485915, 'I_gpi': 2.390089449260195, 'noise_stn_sigma': 3.6914335981647084, 'noise_gpe_sigma': 111.37732867704501, 'noise_gpi_sigma': 83.78078270453796, 'g_stn_gpe_mult': 3.60206021964303, 'g_gpe_stn_mult': 0.11906602547155695, 'g_stn_gpi_mult': 1.7301808790697604, 'g_gpe_gpi_mult': 0.7156906780232462}. Best is trial 685 with value: 0.11088391199858377.
[I 2026-05-28 22:03:09,954] Trial 721 finished with value: 0.2553388038482638 and parameters: {'ISTN': 60.15607672257354, 'I_gpe': 1.3267983748003778, 'I_gpi': 2.382620369418974, 'noise_stn_sigma': 3.626379198736608, 'noise_gpe_sigma': 114.79649354353852, 'noise_gpi_sigma': 85.58779660273419, 'g_stn_gpe_mult': 3.708431818739962, 'g_gpe_stn_mult': 0.11422191321073932, 'g_stn_gpi_mult': 1.6946705418653214, 'g_gpe_gpi_mult': 0.7397914136712171}. Best is trial 685 with value: 0.11088391199858377.
[I 2026-05-28 22:03:10,933] Trial 722 finished with value: 0.11596472400910937 and parameters: {'ISTN': 61.41609043610733, 'I_gpe': 1.2983914027448542, 'I_gpi': 2.377889730193894, 'noise_stn_sigma': 3.53996236649962, 'noise_gpe_sigma': 112.05039674929341, 'noise_gpi_sigma': 86.31601509438497, 'g_stn_gpe_mult': 3.673893048628613, 'g_gpe_stn_mult': 0.11225502447166845, 'g_stn_gpi_mult': 1.7065828103312803, 'g_gpe_gpi_mult': 0.715632150119653}. Best is trial 685 with value: 0.11088391199858377.
[I 2026-05-28 22:03:11,913] Trial 723 finished with value: 0.11949404922598417 and parameters: {'ISTN': 61.294709196846064, 'I_gpe': 1.3025452346058555, 'I_gpi': 2.4074861125143214, 'noise_stn_sigma': 3.763801792058185, 'noise_gpe_sigma': 115.46605042208743, 'noise_gpi_sigma': 83.2047317044586, 'g_stn_gpe_mult': 3.6565278982452005, 'g_gpe_stn_mult': 0.1243539261014802, 'g_stn_gpi_mult': 1.6798875535379807, 'g_gpe_gpi_mult': 0.7168447536206293}. Best is trial 685 with value: 0.11088391199858377.
[I 2026-05-28 22:03:12,892] Trial 724 finished with value: 0.5547955412074411 and parameters: {'ISTN': 60.93270470244226, 'I_gpe': 1.269265201265494, 'I_gpi': 2.3878039494500514, 'noise_stn_sigma': 3.7849855747729975, 'noise_gpe_sigma': 113.39962035290147, 'noise_gpi_sigma': 87.73679082343718, 'g_stn_gpe_mult': 3.712232445051, 'g_gpe_stn_mult': 0.12748250101461198, 'g_stn_gpi_mult': 1.7830918897743544, 'g_gpe_gpi_mult': 0.7091863308030277}. Best is trial 685 with value: 0.11088391199858377.
[I 2026-05-28 22:03:13,871] Trial 725 finished with value: 0.11477930478069279 and parameters: {'ISTN': 61.16164563222085, 'I_gpe': 1.3211491521445216, 'I_gpi': 2.333358709419699, 'noise_stn_sigma': 3.764039021358424, 'noise_gpe_sigma': 118.91966555751294, 'noise_gpi_sigma': 87.44364261503266, 'g_stn_gpe_mult': 3.547119092826339, 'g_gpe_stn_mult': 0.1309381929770856, 'g_stn_gpi_mult': 1.7271447105320574, 'g_gpe_gpi_mult': 0.719086680869504}. Best is trial 685 with value: 0.11088391199858377.
[I 2026-05-28 22:03:14,849] Trial 726 finished with value: 0.11301599514382475 and parameters: {'ISTN': 60.54575741630462, 'I_gpe': 1.2757735120686475, 'I_gpi': 2.3558838551994996, 'noise_stn_sigma': 3.6500195748502047, 'noise_gpe_sigma': 109.2477013821625, 'noise_gpi_sigma': 88.75599151282871, 'g_stn_gpe_mult': 3.6217698173433757, 'g_gpe_stn_mult': 0.12169627571818462, 'g_stn_gpi_mult': 1.6870576198243057, 'g_gpe_gpi_mult': 0.7474258429214624}. Best is trial 685 with value: 0.11088391199858377.
[I 2026-05-28 22:03:15,829] Trial 727 finished with value: 0.11358936444566586 and parameters: {'ISTN': 60.910186397569106, 'I_gpe': 1.3506624750761076, 'I_gpi': 2.3484763664963437, 'noise_stn_sigma': 3.5631635763186855, 'noise_gpe_sigma': 117.06297549184171, 'noise_gpi_sigma': 86.20710090384206, 'g_stn_gpe_mult': 3.572479844633689, 'g_gpe_stn_mult': 0.11479508650636314, 'g_stn_gpi_mult': 1.664488020895859, 'g_gpe_gpi_mult': 0.7354568293903736}. Best is trial 685 with value: 0.11088391199858377.
[I 2026-05-28 22:03:16,807] Trial 728 finished with value: 0.1146268116071437 and parameters: {'ISTN': 61.87258298516313, 'I_gpe': 1.308349116346834, 'I_gpi': 2.3735993737105563, 'noise_stn_sigma': 3.7071193860997314, 'noise_gpe_sigma': 117.64710247288434, 'noise_gpi_sigma': 87.4518816329875, 'g_stn_gpe_mult': 3.563947172422508, 'g_gpe_stn_mult': 0.10569518805530088, 'g_stn_gpi_mult': 1.7095279364934175, 'g_gpe_gpi_mult': 0.7150626093444776}. Best is trial 685 with value: 0.11088391199858377.
[I 2026-05-28 22:03:17,788] Trial 729 finished with value: 0.1117880632916481 and parameters: {'ISTN': 60.71109564704513, 'I_gpe': 1.3297099050156969, 'I_gpi': 2.3933010915666992, 'noise_stn_sigma': 3.7385608281678118, 'noise_gpe_sigma': 114.99869763511994, 'noise_gpi_sigma': 83.80927464919972, 'g_stn_gpe_mult': 3.6602643737822604, 'g_gpe_stn_mult': 0.1234630313374289, 'g_stn_gpi_mult': 1.692090660024561, 'g_gpe_gpi_mult': 0.710574708349722}. Best is trial 685 with value: 0.11088391199858377.
[I 2026-05-28 22:03:18,764] Trial 730 finished with value: 0.11288739233222206 and parameters: {'ISTN': 60.71810856433221, 'I_gpe': 1.3331022939187458, 'I_gpi': 2.4259965036173456, 'noise_stn_sigma': 3.8634538544883505, 'noise_gpe_sigma': 119.40092929905151, 'noise_gpi_sigma': 86.18990417919852, 'g_stn_gpe_mult': 3.5157316501485325, 'g_gpe_stn_mult': 0.11721963039142175, 'g_stn_gpi_mult': 1.6665256462338394, 'g_gpe_gpi_mult': 0.7369354398219798}. Best is trial 685 with value: 0.11088391199858377.
[I 2026-05-28 22:03:19,744] Trial 731 finished with value: 0.11331128383819586 and parameters: {'ISTN': 60.59022361228055, 'I_gpe': 1.2975715851537117, 'I_gpi': 2.3659045432027863, 'noise_stn_sigma': 3.8105864894528505, 'noise_gpe_sigma': 110.93647939021002, 'noise_gpi_sigma': 83.29190086147932, 'g_stn_gpe_mult': 3.646037005979148, 'g_gpe_stn_mult': 0.1117409276807996, 'g_stn_gpi_mult': 1.7017733753139017, 'g_gpe_gpi_mult': 0.7327231555597344}. Best is trial 685 with value: 0.11088391199858377.
[I 2026-05-28 22:03:20,724] Trial 732 finished with value: 0.323942478355127 and parameters: {'ISTN': 61.17814748361738, 'I_gpe': 1.3407965473189727, 'I_gpi': 2.3429956908020775, 'noise_stn_sigma': 3.784614161442371, 'noise_gpe_sigma': 115.39775410328362, 'noise_gpi_sigma': 86.04412616889394, 'g_stn_gpe_mult': 3.6573387259436245, 'g_gpe_stn_mult': 0.10043866272938656, 'g_stn_gpi_mult': 1.6541258739547313, 'g_gpe_gpi_mult': 0.7346671904464643}. Best is trial 685 with value: 0.11088391199858377.
[I 2026-05-28 22:03:21,703] Trial 733 finished with value: 0.11390817809656954 and parameters: {'ISTN': 60.77678171396838, 'I_gpe': 1.376595268637392, 'I_gpi': 2.3271339967164293, 'noise_stn_sigma': 3.5176348586992874, 'noise_gpe_sigma': 118.9186735404785, 'noise_gpi_sigma': 88.2614930216659, 'g_stn_gpe_mult': 3.601319913538035, 'g_gpe_stn_mult': 0.1141239290208936, 'g_stn_gpi_mult': 1.727991349739572, 'g_gpe_gpi_mult': 0.7254165881268029}. Best is trial 685 with value: 0.11088391199858377.
[I 2026-05-28 22:03:22,680] Trial 734 finished with value: 0.11418961896565298 and parameters: {'ISTN': 60.654610089917846, 'I_gpe': 1.307560194952067, 'I_gpi': 2.411101124175045, 'noise_stn_sigma': 3.6713899160861665, 'noise_gpe_sigma': 117.48202076929086, 'noise_gpi_sigma': 86.76482584011019, 'g_stn_gpe_mult': 3.6670570095049335, 'g_gpe_stn_mult': 0.12213309002234611, 'g_stn_gpi_mult': 1.7431029361564863, 'g_gpe_gpi_mult': 0.7342497735233862}. Best is trial 685 with value: 0.11088391199858377.
[I 2026-05-28 22:03:23,660] Trial 735 finished with value: 0.11263397535753017 and parameters: {'ISTN': 61.256156157358866, 'I_gpe': 1.3011924689393344, 'I_gpi': 2.3521979525740493, 'noise_stn_sigma': 3.787244240444968, 'noise_gpe_sigma': 119.71869259739022, 'noise_gpi_sigma': 87.96215004859653, 'g_stn_gpe_mult': 3.5834911175168394, 'g_gpe_stn_mult': 0.11178120735515999, 'g_stn_gpi_mult': 1.672510766946519, 'g_gpe_gpi_mult': 0.7381483298195208}. Best is trial 685 with value: 0.11088391199858377.
[I 2026-05-28 22:03:24,640] Trial 736 finished with value: 0.5339852846267762 and parameters: {'ISTN': 60.81021233857972, 'I_gpe': 1.269130802896095, 'I_gpi': 2.4446620597539637, 'noise_stn_sigma': 3.8809548621284016, 'noise_gpe_sigma': 120.6888311751952, 'noise_gpi_sigma': 87.41686853243473, 'g_stn_gpe_mult': 3.456099139014546, 'g_gpe_stn_mult': 0.1286629035168451, 'g_stn_gpi_mult': 1.6714471760818037, 'g_gpe_gpi_mult': 0.7313824151164492}. Best is trial 685 with value: 0.11088391199858377.
[I 2026-05-28 22:03:25,618] Trial 737 finished with value: 0.11339559711234128 and parameters: {'ISTN': 61.41642576437139, 'I_gpe': 1.3177804551584775, 'I_gpi': 2.3905785004319666, 'noise_stn_sigma': 3.765688652701232, 'noise_gpe_sigma': 117.76226066057299, 'noise_gpi_sigma': 86.81877748550252, 'g_stn_gpe_mult': 3.553500844808642, 'g_gpe_stn_mult': 0.10859202783456838, 'g_stn_gpi_mult': 1.7025250258396454, 'g_gpe_gpi_mult': 0.7337851687018706}. Best is trial 685 with value: 0.11088391199858377.
[I 2026-05-28 22:03:26,597] Trial 738 finished with value: 0.12036701522756046 and parameters: {'ISTN': 60.7522371207178, 'I_gpe': 1.390513557705383, 'I_gpi': 2.437253639645477, 'noise_stn_sigma': 3.6518810752792383, 'noise_gpe_sigma': 116.69477071465063, 'noise_gpi_sigma': 83.43098664029374, 'g_stn_gpe_mult': 3.670030811511416, 'g_gpe_stn_mult': 0.12059856387837362, 'g_stn_gpi_mult': 1.7102212200737523, 'g_gpe_gpi_mult': 0.7185132629684603}. Best is trial 685 with value: 0.11088391199858377.
[I 2026-05-28 22:03:27,574] Trial 739 finished with value: 0.9449581449980975 and parameters: {'ISTN': 61.103510429449145, 'I_gpe': 1.35217905472252, 'I_gpi': 2.3619809676143717, 'noise_stn_sigma': 3.868875699668184, 'noise_gpe_sigma': 116.16195894144047, 'noise_gpi_sigma': 85.4471508370965, 'g_stn_gpe_mult': 3.6069792058794614, 'g_gpe_stn_mult': 0.11779228616176927, 'g_stn_gpi_mult': 1.683617733253316, 'g_gpe_gpi_mult': 0.7176131398363266}. Best is trial 685 with value: 0.11088391199858377.
[I 2026-05-28 22:03:28,550] Trial 740 finished with value: 0.11710634159800556 and parameters: {'ISTN': 61.04576649350244, 'I_gpe': 1.356330413635507, 'I_gpi': 2.391336500084588, 'noise_stn_sigma': 3.6453716194239045, 'noise_gpe_sigma': 112.81718335520259, 'noise_gpi_sigma': 82.155262635925, 'g_stn_gpe_mult': 3.741537423741442, 'g_gpe_stn_mult': 0.1256487040588584, 'g_stn_gpi_mult': 1.6850295318603228, 'g_gpe_gpi_mult': 0.7357764433677476}. Best is trial 685 with value: 0.11088391199858377.
[I 2026-05-28 22:03:29,530] Trial 741 finished with value: 0.14548578533970885 and parameters: {'ISTN': 60.987395505489, 'I_gpe': 1.3122799838043, 'I_gpi': 2.3724600488325387, 'noise_stn_sigma': 3.807602326254201, 'noise_gpe_sigma': 117.26015205039452, 'noise_gpi_sigma': 86.62659067358553, 'g_stn_gpe_mult': 3.5715756781027785, 'g_gpe_stn_mult': 0.12002545367288843, 'g_stn_gpi_mult': 1.639012712606466, 'g_gpe_gpi_mult': 0.7519936307196824}. Best is trial 685 with value: 0.11088391199858377.
[I 2026-05-28 22:03:30,449] Trial 742 finished with value: 1000000.0 and parameters: {'ISTN': 60.2239384675209, 'I_gpe': 1.337320006523002, 'I_gpi': 2.384268478794998, 'noise_stn_sigma': 3.886443525067425, 'noise_gpe_sigma': 115.82715780881945, 'noise_gpi_sigma': 84.75370464784777, 'g_stn_gpe_mult': 3.6159160284925136, 'g_gpe_stn_mult': 0.13121713144975145, 'g_stn_gpi_mult': 1.7157145655669614, 'g_gpe_gpi_mult': 0.7364594066330281}. Best is trial 685 with value: 0.11088391199858377.
[I 2026-05-28 22:03:31,430] Trial 743 finished with value: 0.2839055265901319 and parameters: {'ISTN': 61.121940125460725, 'I_gpe': 1.2848402876794323, 'I_gpi': 2.3416152510220476, 'noise_stn_sigma': 3.5659517294157346, 'noise_gpe_sigma': 119.36573677443616, 'noise_gpi_sigma': 87.87114246755392, 'g_stn_gpe_mult': 3.4968001670491238, 'g_gpe_stn_mult': 0.1182593410567753, 'g_stn_gpi_mult': 1.692324502552058, 'g_gpe_gpi_mult': 0.7216928899838138}. Best is trial 685 with value: 0.11088391199858377.
[I 2026-05-28 22:03:32,409] Trial 744 finished with value: 0.11906913884224485 and parameters: {'ISTN': 62.282593313595086, 'I_gpe': 1.3258230794014048, 'I_gpi': 2.334059285997071, 'noise_stn_sigma': 3.7749621854054496, 'noise_gpe_sigma': 115.12465237699679, 'noise_gpi_sigma': 84.51407622652017, 'g_stn_gpe_mult': 3.618761587417116, 'g_gpe_stn_mult': 0.10276081529017612, 'g_stn_gpi_mult': 1.7215969737856562, 'g_gpe_gpi_mult': 0.710237578012429}. Best is trial 685 with value: 0.11088391199858377.
[I 2026-05-28 22:03:33,389] Trial 745 finished with value: 0.11134890063941401 and parameters: {'ISTN': 60.82622949698376, 'I_gpe': 1.3313615360701436, 'I_gpi': 2.3335277309442666, 'noise_stn_sigma': 3.7920224930972513, 'noise_gpe_sigma': 119.99207739691329, 'noise_gpi_sigma': 86.99915679548268, 'g_stn_gpe_mult': 3.5701370919814317, 'g_gpe_stn_mult': 0.12318704151410015, 'g_stn_gpi_mult': 1.684521736798736, 'g_gpe_gpi_mult': 0.7344502585297548}. Best is trial 685 with value: 0.11088391199858377.
[I 2026-05-28 22:03:34,370] Trial 746 finished with value: 0.1151923271707612 and parameters: {'ISTN': 61.348091168639264, 'I_gpe': 1.3302429647841418, 'I_gpi': 2.341588233343349, 'noise_stn_sigma': 3.6726829875497273, 'noise_gpe_sigma': 115.24332338023072, 'noise_gpi_sigma': 90.23483463231912, 'g_stn_gpe_mult': 3.586901683412894, 'g_gpe_stn_mult': 0.11280869764232788, 'g_stn_gpi_mult': 1.6961039986892474, 'g_gpe_gpi_mult': 0.7375909756621812}. Best is trial 685 with value: 0.11088391199858377.
[I 2026-05-28 22:03:35,351] Trial 747 finished with value: 0.11758582431052876 and parameters: {'ISTN': 60.75835098141324, 'I_gpe': 1.3051348021724063, 'I_gpi': 2.3382649404624765, 'noise_stn_sigma': 3.7005854663229716, 'noise_gpe_sigma': 115.843386065244, 'noise_gpi_sigma': 87.26887113652315, 'g_stn_gpe_mult': 3.567875845927443, 'g_gpe_stn_mult': 0.10931191210200215, 'g_stn_gpi_mult': 1.7097390790641742, 'g_gpe_gpi_mult': 0.7218364845910463}. Best is trial 685 with value: 0.11088391199858377.
