[I 2026-05-28 21:37:23,624] Trial 176 finished with value: 1000000.0 and parameters: {'ISTN': 68.25111143969244, 'I_gpe': 1.9893825032782997, 'I_gpi': 2.1048951453420015, 'noise_stn_sigma': 3.0907499721613854, 'noise_gpe_sigma': 89.26496007921678, 'noise_gpi_sigma': 120.08239342640508, 'g_stn_gpe_mult': 3.4187610737583163, 'g_gpe_stn_mult': 0.15034685280158389, 'g_stn_gpi_mult': 2.6661745114213877, 'g_gpe_gpi_mult': 0.5952789162205654}. Best is trial 99 with value: 0.24317854242390916.
[I 2026-05-28 21:37:24,631] Trial 177 finished with value: 0.37736516900520384 and parameters: {'ISTN': 61.67597548584457, 'I_gpe': 1.7547385415136592, 'I_gpi': 2.5286788647377088, 'noise_stn_sigma': 3.606411714609504, 'noise_gpe_sigma': 99.62233135729927, 'noise_gpi_sigma': 117.97994813573293, 'g_stn_gpe_mult': 3.8882590737005205, 'g_gpe_stn_mult': 0.17590183349825575, 'g_stn_gpi_mult': 2.5351385794053884, 'g_gpe_gpi_mult': 0.7045685282682561}. Best is trial 99 with value: 0.24317854242390916.
[I 2026-05-28 21:37:25,637] Trial 178 finished with value: 0.8232111486649238 and parameters: {'ISTN': 62.97601242483824, 'I_gpe': 1.8990364002895623, 'I_gpi': 1.9641821253638985, 'noise_stn_sigma': 3.2505190231788106, 'noise_gpe_sigma': 80.44143796626189, 'noise_gpi_sigma': 115.96869955363427, 'g_stn_gpe_mult': 3.862587844074302, 'g_gpe_stn_mult': 0.17920604103260562, 'g_stn_gpi_mult': 2.4399251559630333, 'g_gpe_gpi_mult': 0.483029672004096}. Best is trial 99 with value: 0.24317854242390916.
[I 2026-05-28 21:37:26,644] Trial 179 finished with value: 12.526769686385506 and parameters: {'ISTN': 72.04190343971233, 'I_gpe': 1.6863716953952652, 'I_gpi': 2.2531547757199526, 'noise_stn_sigma': 4.842005552319252, 'noise_gpe_sigma': 85.0465466314343, 'noise_gpi_sigma': 101.53549223516197, 'g_stn_gpe_mult': 3.327569931874499, 'g_gpe_stn_mult': 0.18882091975878545, 'g_stn_gpi_mult': 3.0561628250392303, 'g_gpe_gpi_mult': 0.5690143044504266}. Best is trial 99 with value: 0.24317854242390916.
[I 2026-05-28 21:37:27,651] Trial 180 finished with value: 13.613112565745602 and parameters: {'ISTN': 74.93935145523142, 'I_gpe': 1.9559989432300542, 'I_gpi': 2.302539303429927, 'noise_stn_sigma': 3.3661352646683333, 'noise_gpe_sigma': 74.05660356580566, 'noise_gpi_sigma': 128.75424926707947, 'g_stn_gpe_mult': 3.3660007252447937, 'g_gpe_stn_mult': 0.114236300628665, 'g_stn_gpi_mult': 2.9934061445385316, 'g_gpe_gpi_mult': 0.4578851741798176}. Best is trial 99 with value: 0.24317854242390916.
[I 2026-05-28 21:37:28,656] Trial 181 finished with value: 0.5564971140498244 and parameters: {'ISTN': 65.54492967458512, 'I_gpe': 1.793705759997025, 'I_gpi': 1.828065262164071, 'noise_stn_sigma': 3.172679960401079, 'noise_gpe_sigma': 90.3188106796297, 'noise_gpi_sigma': 127.26218614966325, 'g_stn_gpe_mult': 4.003792962495043, 'g_gpe_stn_mult': 0.1487002981590107, 'g_stn_gpi_mult': 2.6429839334999103, 'g_gpe_gpi_mult': 0.5806458584460342}. Best is trial 99 with value: 0.24317854242390916.
[I 2026-05-28 21:37:29,662] Trial 182 finished with value: 6.875185804120418 and parameters: {'ISTN': 66.69117609917221, 'I_gpe': 1.9983177288169252, 'I_gpi': 2.444105753947571, 'noise_stn_sigma': 3.4050889502072175, 'noise_gpe_sigma': 85.79984759624676, 'noise_gpi_sigma': 118.4808520684791, 'g_stn_gpe_mult': 3.4630627648171, 'g_gpe_stn_mult': 0.15295859465164333, 'g_stn_gpi_mult': 2.565392404903071, 'g_gpe_gpi_mult': 0.6678305327079064}. Best is trial 99 with value: 0.24317854242390916.
[I 2026-05-28 21:37:30,669] Trial 183 finished with value: 1.08675664617693 and parameters: {'ISTN': 63.955639237287855, 'I_gpe': 1.9946238384370907, 'I_gpi': 2.504249802963121, 'noise_stn_sigma': 3.3399688325239603, 'noise_gpe_sigma': 85.28568996434959, 'noise_gpi_sigma': 108.57762371979824, 'g_stn_gpe_mult': 3.746944866433728, 'g_gpe_stn_mult': 0.17938260429536595, 'g_stn_gpi_mult': 2.5652649332076924, 'g_gpe_gpi_mult': 0.598669192979812}. Best is trial 99 with value: 0.24317854242390916.
[I 2026-05-28 21:37:31,678] Trial 184 finished with value: 10.182865630602913 and parameters: {'ISTN': 73.88551862931591, 'I_gpe': 2.1936749311468704, 'I_gpi': 2.7279454587747742, 'noise_stn_sigma': 3.4192060630515115, 'noise_gpe_sigma': 83.94315223282814, 'noise_gpi_sigma': 87.49239035068598, 'g_stn_gpe_mult': 3.5399023821599696, 'g_gpe_stn_mult': 0.18608483457711192, 'g_stn_gpi_mult': 2.9100312772235193, 'g_gpe_gpi_mult': 0.636837537054143}. Best is trial 99 with value: 0.24317854242390916.
[I 2026-05-28 21:37:32,687] Trial 185 finished with value: 0.3322933099394715 and parameters: {'ISTN': 63.67812551311921, 'I_gpe': 1.617025457798591, 'I_gpi': 2.0029198964865813, 'noise_stn_sigma': 3.3861283156459607, 'noise_gpe_sigma': 80.41241407479771, 'noise_gpi_sigma': 109.74321951485936, 'g_stn_gpe_mult': 3.860092389300321, 'g_gpe_stn_mult': 0.1859846737173829, 'g_stn_gpi_mult': 2.605442642308366, 'g_gpe_gpi_mult': 0.664525772076465}. Best is trial 99 with value: 0.24317854242390916.
[I 2026-05-28 21:37:33,692] Trial 186 finished with value: 0.23012565241787394 and parameters: {'ISTN': 60.056074383720144, 'I_gpe': 1.662901571173417, 'I_gpi': 2.247037512673483, 'noise_stn_sigma': 3.8079702621060534, 'noise_gpe_sigma': 87.09721827341966, 'noise_gpi_sigma': 104.35853542955874, 'g_stn_gpe_mult': 3.7013125294381455, 'g_gpe_stn_mult': 0.11688535281014303, 'g_stn_gpi_mult': 2.343232743161555, 'g_gpe_gpi_mult': 0.7763526439099924}. Best is trial 186 with value: 0.23012565241787394.
[I 2026-05-28 21:37:34,699] Trial 187 finished with value: 0.2879712345412295 and parameters: {'ISTN': 62.96109929174539, 'I_gpe': 1.570867596662508, 'I_gpi': 2.0906571580864455, 'noise_stn_sigma': 3.5881076054558547, 'noise_gpe_sigma': 92.69459059369838, 'noise_gpi_sigma': 123.1202298894902, 'g_stn_gpe_mult': 4.136011067143863, 'g_gpe_stn_mult': 0.18248373481133637, 'g_stn_gpi_mult': 2.47692210215835, 'g_gpe_gpi_mult': 0.6953507640776322}. Best is trial 186 with value: 0.23012565241787394.
[I 2026-05-28 21:37:35,706] Trial 188 finished with value: 9.390387216985998 and parameters: {'ISTN': 68.66218616233841, 'I_gpe': 1.7780534363767335, 'I_gpi': 2.2921694907518146, 'noise_stn_sigma': 3.353834441804267, 'noise_gpe_sigma': 80.5770084711225, 'noise_gpi_sigma': 135.67032507802804, 'g_stn_gpe_mult': 3.5096482706766787, 'g_gpe_stn_mult': 0.22316443498249983, 'g_stn_gpi_mult': 2.6271776866599583, 'g_gpe_gpi_mult': 0.7827577983971912}. Best is trial 186 with value: 0.23012565241787394.
[I 2026-05-28 21:37:36,714] Trial 189 finished with value: 4.067431293308393 and parameters: {'ISTN': 69.84205371826897, 'I_gpe': 1.5825248490702446, 'I_gpi': 2.450740222344643, 'noise_stn_sigma': 2.976276228486295, 'noise_gpe_sigma': 90.8522219781009, 'noise_gpi_sigma': 110.22765177153387, 'g_stn_gpe_mult': 3.6680026097683247, 'g_gpe_stn_mult': 0.19327564810429154, 'g_stn_gpi_mult': 2.7878749814412362, 'g_gpe_gpi_mult': 0.6966468177565234}. Best is trial 186 with value: 0.23012565241787394.
[I 2026-05-28 21:37:37,720] Trial 190 finished with value: 4.680335178418823 and parameters: {'ISTN': 63.52457456464577, 'I_gpe': 1.983750817319257, 'I_gpi': 2.2488630497022397, 'noise_stn_sigma': 3.004565589178289, 'noise_gpe_sigma': 91.59460852121616, 'noise_gpi_sigma': 113.71259058637297, 'g_stn_gpe_mult': 3.7088271736733125, 'g_gpe_stn_mult': 0.23075402822972993, 'g_stn_gpi_mult': 2.542095943723794, 'g_gpe_gpi_mult': 0.6047766354052513}. Best is trial 186 with value: 0.23012565241787394.
[I 2026-05-28 21:37:38,731] Trial 191 finished with value: 0.2424212420373774 and parameters: {'ISTN': 63.39721883588759, 'I_gpe': 1.4873073803293777, 'I_gpi': 2.1228130758322195, 'noise_stn_sigma': 3.7166806435480537, 'noise_gpe_sigma': 95.66315331287537, 'noise_gpi_sigma': 100.57875767583546, 'g_stn_gpe_mult': 3.8586644099485414, 'g_gpe_stn_mult': 0.1738277657228579, 'g_stn_gpi_mult': 2.5521158290979935, 'g_gpe_gpi_mult': 0.5454587891297551}. Best is trial 186 with value: 0.23012565241787394.
[I 2026-05-28 21:37:39,740] Trial 192 finished with value: 0.1882710477553659 and parameters: {'ISTN': 62.62375949282972, 'I_gpe': 0.9717742716046464, 'I_gpi': 1.9805093556245135, 'noise_stn_sigma': 4.26643604789439, 'noise_gpe_sigma': 99.51196838769008, 'noise_gpi_sigma': 104.37515990610433, 'g_stn_gpe_mult': 3.361899889316917, 'g_gpe_stn_mult': 0.18257211258109413, 'g_stn_gpi_mult': 2.560087015495233, 'g_gpe_gpi_mult': 0.7451584952184815}. Best is trial 192 with value: 0.1882710477553659.
[I 2026-05-28 21:37:40,748] Trial 193 finished with value: 0.26666599401650537 and parameters: {'ISTN': 63.80699189281936, 'I_gpe': 1.6586464752611176, 'I_gpi': 2.0073695866069685, 'noise_stn_sigma': 3.8426846817910274, 'noise_gpe_sigma': 83.04705828461196, 'noise_gpi_sigma': 114.78070535441232, 'g_stn_gpe_mult': 4.137525798470765, 'g_gpe_stn_mult': 0.14614973803918047, 'g_stn_gpi_mult': 2.341980688781473, 'g_gpe_gpi_mult': 0.7342040173550457}. Best is trial 192 with value: 0.1882710477553659.
[I 2026-05-28 21:37:41,755] Trial 194 finished with value: 4.525531366880806 and parameters: {'ISTN': 66.92937348834269, 'I_gpe': 1.419773632159641, 'I_gpi': 2.517379783428133, 'noise_stn_sigma': 3.8514909422721373, 'noise_gpe_sigma': 101.37283129384382, 'noise_gpi_sigma': 135.9599980431299, 'g_stn_gpe_mult': 3.5540822774588032, 'g_gpe_stn_mult': 0.17511969522787935, 'g_stn_gpi_mult': 2.578511641561562, 'g_gpe_gpi_mult': 0.5988053625509593}. Best is trial 192 with value: 0.1882710477553659.
[I 2026-05-28 21:37:42,762] Trial 195 finished with value: 10.888739700087754 and parameters: {'ISTN': 69.47187212455928, 'I_gpe': 1.8292591882533935, 'I_gpi': 2.0181222674262362, 'noise_stn_sigma': 4.0536518288464185, 'noise_gpe_sigma': 84.14083201857555, 'noise_gpi_sigma': 122.9898618765014, 'g_stn_gpe_mult': 3.843272475116587, 'g_gpe_stn_mult': 0.13958571872356199, 'g_stn_gpi_mult': 2.305755313733771, 'g_gpe_gpi_mult': 0.6026759151743646}. Best is trial 192 with value: 0.1882710477553659.
[I 2026-05-28 21:37:43,769] Trial 196 finished with value: 0.231680854130947 and parameters: {'ISTN': 63.37248451821623, 'I_gpe': 1.2964306942269204, 'I_gpi': 2.31486215379345, 'noise_stn_sigma': 3.2631737093537505, 'noise_gpe_sigma': 102.13703905199132, 'noise_gpi_sigma': 105.00396838915778, 'g_stn_gpe_mult': 4.095214798355316, 'g_gpe_stn_mult': 0.1276952465263188, 'g_stn_gpi_mult': 2.5079361999393224, 'g_gpe_gpi_mult': 0.6994564984255907}. Best is trial 192 with value: 0.1882710477553659.
[I 2026-05-28 21:37:44,779] Trial 197 finished with value: 0.4796954115363471 and parameters: {'ISTN': 61.029267872830815, 'I_gpe': 1.3868321899648672, 'I_gpi': 2.057191250404209, 'noise_stn_sigma': 3.6082958782878247, 'noise_gpe_sigma': 73.80169046660332, 'noise_gpi_sigma': 88.40168237434945, 'g_stn_gpe_mult': 4.1909985953188755, 'g_gpe_stn_mult': 0.21286244721556663, 'g_stn_gpi_mult': 2.697922191448797, 'g_gpe_gpi_mult': 0.8157976554299078}. Best is trial 192 with value: 0.1882710477553659.
[I 2026-05-28 21:37:45,726] Trial 198 finished with value: 1000000.0 and parameters: {'ISTN': 65.58301761468333, 'I_gpe': 1.212178108321741, 'I_gpi': 1.4920492982920242, 'noise_stn_sigma': 3.72593529153764, 'noise_gpe_sigma': 89.41030640398094, 'noise_gpi_sigma': 79.7969338722538, 'g_stn_gpe_mult': 3.9469303321622697, 'g_gpe_stn_mult': 0.1459606115420172, 'g_stn_gpi_mult': 2.170656824422746, 'g_gpe_gpi_mult': 0.6304001075218257}. Best is trial 192 with value: 0.1882710477553659.
[I 2026-05-28 21:37:46,731] Trial 199 finished with value: 0.3509572807540605 and parameters: {'ISTN': 64.08580162493709, 'I_gpe': 1.382652971985139, 'I_gpi': 2.355018739372752, 'noise_stn_sigma': 4.774666954226671, 'noise_gpe_sigma': 93.10354328551927, 'noise_gpi_sigma': 119.03083662718335, 'g_stn_gpe_mult': 4.244804937587489, 'g_gpe_stn_mult': 0.15242791060584715, 'g_stn_gpi_mult': 2.59419461100606, 'g_gpe_gpi_mult': 0.7759382606812653}. Best is trial 192 with value: 0.1882710477553659.
[I 2026-05-28 21:37:47,739] Trial 200 finished with value: 0.40237734114535606 and parameters: {'ISTN': 65.91367754221952, 'I_gpe': 1.2369413654116275, 'I_gpi': 2.2447562098024583, 'noise_stn_sigma': 3.1881526284838695, 'noise_gpe_sigma': 83.32453618343919, 'noise_gpi_sigma': 111.8333690452926, 'g_stn_gpe_mult': 4.10651223188464, 'g_gpe_stn_mult': 0.18393653033167956, 'g_stn_gpi_mult': 2.3650488919810497, 'g_gpe_gpi_mult': 0.7262964403628132}. Best is trial 192 with value: 0.1882710477553659.
[I 2026-05-28 21:37:48,747] Trial 201 finished with value: 0.2184310876878823 and parameters: {'ISTN': 65.32812690020924, 'I_gpe': 1.000441969761483, 'I_gpi': 2.368596660681842, 'noise_stn_sigma': 3.098621008858862, 'noise_gpe_sigma': 105.05336212779831, 'noise_gpi_sigma': 105.22493879897849, 'g_stn_gpe_mult': 3.973775332907057, 'g_gpe_stn_mult': 0.11358276903178388, 'g_stn_gpi_mult': 2.0584287389883595, 'g_gpe_gpi_mult': 0.6607297076050768}. Best is trial 192 with value: 0.1882710477553659.
[I 2026-05-28 21:37:49,754] Trial 202 finished with value: 0.18735368100217945 and parameters: {'ISTN': 62.88393549076503, 'I_gpe': 1.3067962412415568, 'I_gpi': 1.9246812826166428, 'noise_stn_sigma': 3.3261854688174988, 'noise_gpe_sigma': 99.51110978916222, 'noise_gpi_sigma': 92.99834268881922, 'g_stn_gpe_mult': 3.7577801367155326, 'g_gpe_stn_mult': 0.14663398682045076, 'g_stn_gpi_mult': 2.481010241508811, 'g_gpe_gpi_mult': 0.7346557053359282}. Best is trial 202 with value: 0.18735368100217945.
[I 2026-05-28 21:37:50,761] Trial 203 finished with value: 12.849114922333989 and parameters: {'ISTN': 70.37475127194212, 'I_gpe': 0.9095084473128066, 'I_gpi': 1.9991725826113131, 'noise_stn_sigma': 3.645815935526727, 'noise_gpe_sigma': 101.58972963543272, 'noise_gpi_sigma': 116.6147440087956, 'g_stn_gpe_mult': 3.566420731723564, 'g_gpe_stn_mult': 0.24482144575555226, 'g_stn_gpi_mult': 2.7055917956855806, 'g_gpe_gpi_mult': 0.70314803932919}. Best is trial 202 with value: 0.18735368100217945.
[I 2026-05-28 21:37:51,769] Trial 204 finished with value: 6.14350847406247 and parameters: {'ISTN': 65.79017890970341, 'I_gpe': 1.2899870647133205, 'I_gpi': 2.185048108340559, 'noise_stn_sigma': 4.0651303006254125, 'noise_gpe_sigma': 82.67425846391623, 'noise_gpi_sigma': 115.11095553080415, 'g_stn_gpe_mult': 3.8407365656838754, 'g_gpe_stn_mult': 0.2672173456210203, 'g_stn_gpi_mult': 2.584241095108815, 'g_gpe_gpi_mult': 0.7519929056866532}. Best is trial 202 with value: 0.18735368100217945.
[I 2026-05-28 21:37:52,776] Trial 205 finished with value: 0.20558544918096647 and parameters: {'ISTN': 60.4193860592201, 'I_gpe': 1.4426528127854605, 'I_gpi': 2.1595758096939983, 'noise_stn_sigma': 2.9817423881758147, 'noise_gpe_sigma': 95.05142508478913, 'noise_gpi_sigma': 114.95369485904483, 'g_stn_gpe_mult': 3.4808899616125997, 'g_gpe_stn_mult': 0.20028541404643974, 'g_stn_gpi_mult': 2.425858810726724, 'g_gpe_gpi_mult': 0.6511732153490205}. Best is trial 202 with value: 0.18735368100217945.
[I 2026-05-28 21:37:53,782] Trial 206 finished with value: 2.933061480657513 and parameters: {'ISTN': 65.64186730326803, 'I_gpe': 0.7097864207688835, 'I_gpi': 1.8557387133704943, 'noise_stn_sigma': 3.8773382831078953, 'noise_gpe_sigma': 109.45978078542694, 'noise_gpi_sigma': 109.44953014513288, 'g_stn_gpe_mult': 4.212341397895458, 'g_gpe_stn_mult': 0.20347735939225767, 'g_stn_gpi_mult': 2.1641178429917827, 'g_gpe_gpi_mult': 0.8696311020216618}. Best is trial 202 with value: 0.18735368100217945.
[I 2026-05-28 21:37:54,791] Trial 207 finished with value: 9.148489175616021 and parameters: {'ISTN': 72.00992005492, 'I_gpe': 1.3307394692368537, 'I_gpi': 1.7609721822959177, 'noise_stn_sigma': 4.218300257545244, 'noise_gpe_sigma': 103.67323987993836, 'noise_gpi_sigma': 130.193595454438, 'g_stn_gpe_mult': 3.9396889280287164, 'g_gpe_stn_mult': 0.11935405747305981, 'g_stn_gpi_mult': 2.4374485954396654, 'g_gpe_gpi_mult': 0.6893140786331582}. Best is trial 202 with value: 0.18735368100217945.
[I 2026-05-28 21:37:55,799] Trial 208 finished with value: 14.0683699743097 and parameters: {'ISTN': 70.91978818956844, 'I_gpe': 1.1737224418202579, 'I_gpi': 1.8160769649111135, 'noise_stn_sigma': 4.090027146846621, 'noise_gpe_sigma': 99.08420552461709, 'noise_gpi_sigma': 104.80615456881468, 'g_stn_gpe_mult': 3.287255284672801, 'g_gpe_stn_mult': 0.15695476390975094, 'g_stn_gpi_mult': 2.6026204671449222, 'g_gpe_gpi_mult': 0.7074013531270704}. Best is trial 202 with value: 0.18735368100217945.
[I 2026-05-28 21:37:56,807] Trial 209 finished with value: 0.19801177711732657 and parameters: {'ISTN': 66.09253712142664, 'I_gpe': 1.018818571544763, 'I_gpi': 2.025244197568184, 'noise_stn_sigma': 3.4717209148286754, 'noise_gpe_sigma': 109.04308962650009, 'noise_gpi_sigma': 104.89232922342691, 'g_stn_gpe_mult': 3.7657550799027417, 'g_gpe_stn_mult': 0.11118964427487525, 'g_stn_gpi_mult': 2.492357004442526, 'g_gpe_gpi_mult': 0.7107376586700274}. Best is trial 202 with value: 0.18735368100217945.
[I 2026-05-28 21:37:57,813] Trial 210 finished with value: 0.36182632520367863 and parameters: {'ISTN': 60.84700298315723, 'I_gpe': 1.506558502635601, 'I_gpi': 1.9622982347853684, 'noise_stn_sigma': 3.6887016773483867, 'noise_gpe_sigma': 85.81455816968725, 'noise_gpi_sigma': 98.09134742228932, 'g_stn_gpe_mult': 3.1328867664565, 'g_gpe_stn_mult': 0.12226116025541776, 'g_stn_gpi_mult': 2.4998122642585883, 'g_gpe_gpi_mult': 0.5865041131687401}. Best is trial 202 with value: 0.18735368100217945.
[I 2026-05-28 21:37:58,820] Trial 211 finished with value: 14.542760425990904 and parameters: {'ISTN': 73.88711335181809, 'I_gpe': 1.0555977786619657, 'I_gpi': 1.8495809787086772, 'noise_stn_sigma': 3.2425931625402784, 'noise_gpe_sigma': 93.52576957706756, 'noise_gpi_sigma': 95.79942018015933, 'g_stn_gpe_mult': 3.5308925092151826, 'g_gpe_stn_mult': 0.22922792155222604, 'g_stn_gpi_mult': 2.607123456161956, 'g_gpe_gpi_mult': 0.7094916856737088}. Best is trial 202 with value: 0.18735368100217945.
[I 2026-05-28 21:37:59,826] Trial 212 finished with value: 0.48321734249983267 and parameters: {'ISTN': 67.35271377787763, 'I_gpe': 1.5788494214070212, 'I_gpi': 1.6507505928766857, 'noise_stn_sigma': 3.2987847212696004, 'noise_gpe_sigma': 95.77361696604625, 'noise_gpi_sigma': 101.2289174906111, 'g_stn_gpe_mult': 3.2716186279743344, 'g_gpe_stn_mult': 0.14560985691479317, 'g_stn_gpi_mult': 2.773401144934973, 'g_gpe_gpi_mult': 0.5809053436098724}. Best is trial 202 with value: 0.18735368100217945.
[I 2026-05-28 21:38:00,835] Trial 213 finished with value: 1.5752365727435422 and parameters: {'ISTN': 62.82761209496079, 'I_gpe': 1.8207416119058313, 'I_gpi': 2.141104098503493, 'noise_stn_sigma': 3.442922715233838, 'noise_gpe_sigma': 100.41005544134846, 'noise_gpi_sigma': 95.53281183370831, 'g_stn_gpe_mult': 3.402489364252894, 'g_gpe_stn_mult': 0.16469766429793564, 'g_stn_gpi_mult': 2.2900344663219245, 'g_gpe_gpi_mult': 0.7990593269069708}. Best is trial 202 with value: 0.18735368100217945.
[I 2026-05-28 21:38:01,840] Trial 214 finished with value: 13.223695590334712 and parameters: {'ISTN': 75.07454731381719, 'I_gpe': 1.5849626609025942, 'I_gpi': 2.127289711628322, 'noise_stn_sigma': 2.4545080037530886, 'noise_gpe_sigma': 88.2409087806697, 'noise_gpi_sigma': 86.17740404685736, 'g_stn_gpe_mult': 3.2880000099923126, 'g_gpe_stn_mult': 0.20679523636189748, 'g_stn_gpi_mult': 2.6146799369110942, 'g_gpe_gpi_mult': 0.4367084480282737}. Best is trial 202 with value: 0.18735368100217945.
[I 2026-05-28 21:38:02,849] Trial 215 finished with value: 1.35831986381621 and parameters: {'ISTN': 65.10674226246395, 'I_gpe': 1.0281568583236735, 'I_gpi': 1.633069517510623, 'noise_stn_sigma': 3.9690824023496942, 'noise_gpe_sigma': 101.88658846972827, 'noise_gpi_sigma': 115.86986855025448, 'g_stn_gpe_mult': 4.0240726787666095, 'g_gpe_stn_mult': 0.17755298651534257, 'g_stn_gpi_mult': 2.546502763465179, 'g_gpe_gpi_mult': 0.7383432368651262}. Best is trial 202 with value: 0.18735368100217945.
[I 2026-05-28 21:38:03,856] Trial 216 finished with value: 0.19988398556853762 and parameters: {'ISTN': 60.81253807698077, 'I_gpe': 0.7966358645128637, 'I_gpi': 2.18317098489678, 'noise_stn_sigma': 3.620985469883289, 'noise_gpe_sigma': 96.53375461246166, 'noise_gpi_sigma': 103.85549116011958, 'g_stn_gpe_mult': 3.774915602256908, 'g_gpe_stn_mult': 0.22132520370084346, 'g_stn_gpi_mult': 2.357301105409057, 'g_gpe_gpi_mult': 0.7184848203189644}. Best is trial 202 with value: 0.18735368100217945.
[I 2026-05-28 21:38:04,861] Trial 217 finished with value: 0.5183904327266453 and parameters: {'ISTN': 62.25873321352933, 'I_gpe': 0.9145382664725199, 'I_gpi': 1.7869708262729387, 'noise_stn_sigma': 3.0843490200630463, 'noise_gpe_sigma': 100.69450504178835, 'noise_gpi_sigma': 90.27781918758721, 'g_stn_gpe_mult': 3.0520628265290317, 'g_gpe_stn_mult': 0.25453787447979426, 'g_stn_gpi_mult': 2.5768165922661224, 'g_gpe_gpi_mult': 0.781977445630964}. Best is trial 202 with value: 0.18735368100217945.
[I 2026-05-28 21:38:05,868] Trial 218 finished with value: 0.2105664632738745 and parameters: {'ISTN': 64.98879668704079, 'I_gpe': 1.157545151967905, 'I_gpi': 2.1620985717117485, 'noise_stn_sigma': 3.187439943944693, 'noise_gpe_sigma': 95.19077101604226, 'noise_gpi_sigma': 96.41102709437384, 'g_stn_gpe_mult': 3.301109494424872, 'g_gpe_stn_mult': 0.1127293287603724, 'g_stn_gpi_mult': 2.7878568632046323, 'g_gpe_gpi_mult': 0.7153247374315155}. Best is trial 202 with value: 0.18735368100217945.
[I 2026-05-28 21:38:06,875] Trial 219 finished with value: 4.467210467560664 and parameters: {'ISTN': 71.70760088717903, 'I_gpe': 1.1783286111808406, 'I_gpi': 2.235018968756177, 'noise_stn_sigma': 3.3039340411721723, 'noise_gpe_sigma': 87.02249009010002, 'noise_gpi_sigma': 105.23018279124526, 'g_stn_gpe_mult': 3.4318287871006268, 'g_gpe_stn_mult': 0.17318313328595175, 'g_stn_gpi_mult': 2.705125898511628, 'g_gpe_gpi_mult': 0.6475414055436134}. Best is trial 202 with value: 0.18735368100217945.
