[I 2026-05-28 22:13:14,619] Trial 308 finished with value: 8.371554189207984 and parameters: {'ISTN': 115.7055745445211, 'I_gpe': 2.2947427387834347, 'I_gpi': 1.6804256596828484, 'noise_stn_sigma': 5.044492130618104, 'noise_gpe_sigma': 130.09701297591891, 'noise_gpi_sigma': 104.22067593357778, 'g_stn_gpe_mult': 4.03238331719103, 'g_gpe_stn_mult': 0.6820288401135831, 'g_stn_gpi_mult': 2.013471834761547, 'g_gpe_gpi_mult': 0.731093129626126}. Best is trial 190 with value: 3.821664796812887.
[I 2026-05-28 22:13:15,661] Trial 309 finished with value: 8.306337361374842 and parameters: {'ISTN': 118.25839060613407, 'I_gpe': 2.1256010186848737, 'I_gpi': 1.8131300460750441, 'noise_stn_sigma': 5.382451786574465, 'noise_gpe_sigma': 117.97227538879208, 'noise_gpi_sigma': 137.48097068283067, 'g_stn_gpe_mult': 3.4956469008632967, 'g_gpe_stn_mult': 0.6634455059601027, 'g_stn_gpi_mult': 2.0318181768070813, 'g_gpe_gpi_mult': 0.6811454535758334}. Best is trial 190 with value: 3.821664796812887.
[I 2026-05-28 22:13:16,702] Trial 310 finished with value: 3.600712669026893 and parameters: {'ISTN': 119.48766078859153, 'I_gpe': 2.2952708482706665, 'I_gpi': 1.9512703162341196, 'noise_stn_sigma': 4.455950945896182, 'noise_gpe_sigma': 106.43083292334256, 'noise_gpi_sigma': 133.7400969690292, 'g_stn_gpe_mult': 3.8975885462425066, 'g_gpe_stn_mult': 0.6479639604107211, 'g_stn_gpi_mult': 1.5490647306249286, 'g_gpe_gpi_mult': 0.8220489417235335}. Best is trial 310 with value: 3.600712669026893.
[I 2026-05-28 22:13:17,745] Trial 311 finished with value: 6.638395516379636 and parameters: {'ISTN': 121.93008746784301, 'I_gpe': 2.130346978970258, 'I_gpi': 1.9190184546091467, 'noise_stn_sigma': 4.890922994288882, 'noise_gpe_sigma': 106.63107137696728, 'noise_gpi_sigma': 128.6007173676971, 'g_stn_gpe_mult': 3.970464865252266, 'g_gpe_stn_mult': 0.6647100682161718, 'g_stn_gpi_mult': 1.620837640883607, 'g_gpe_gpi_mult': 0.6979109448193974}. Best is trial 310 with value: 3.600712669026893.
[I 2026-05-28 22:13:18,787] Trial 312 finished with value: 8.052045419797563 and parameters: {'ISTN': 124.1842078926396, 'I_gpe': 2.0207552703763674, 'I_gpi': 2.1241003212964813, 'noise_stn_sigma': 5.216527746638062, 'noise_gpe_sigma': 104.10977173004225, 'noise_gpi_sigma': 120.91517090846395, 'g_stn_gpe_mult': 3.9087718820944857, 'g_gpe_stn_mult': 0.6714563362947251, 'g_stn_gpi_mult': 1.5694466727200824, 'g_gpe_gpi_mult': 0.9261475381103987}. Best is trial 310 with value: 3.600712669026893.
[I 2026-05-28 22:13:19,828] Trial 313 finished with value: 6.022379046456349 and parameters: {'ISTN': 107.48269210205682, 'I_gpe': 2.182222586167489, 'I_gpi': 1.6872246403636009, 'noise_stn_sigma': 5.295206303613015, 'noise_gpe_sigma': 122.61447957323857, 'noise_gpi_sigma': 130.58486674788014, 'g_stn_gpe_mult': 3.8166993614820868, 'g_gpe_stn_mult': 0.6285075637596422, 'g_stn_gpi_mult': 1.881197316294438, 'g_gpe_gpi_mult': 0.7136759709726188}. Best is trial 310 with value: 3.600712669026893.
[I 2026-05-28 22:13:20,868] Trial 314 finished with value: 10.99592700852393 and parameters: {'ISTN': 123.25309526198683, 'I_gpe': 2.349753598709647, 'I_gpi': 1.8128251337575725, 'noise_stn_sigma': 3.2042467581739578, 'noise_gpe_sigma': 120.9379746135176, 'noise_gpi_sigma': 129.5097779207054, 'g_stn_gpe_mult': 4.207315329691793, 'g_gpe_stn_mult': 0.6667040121482806, 'g_stn_gpi_mult': 1.286699219140086, 'g_gpe_gpi_mult': 0.7422033912948782}. Best is trial 310 with value: 3.600712669026893.
[I 2026-05-28 22:13:21,910] Trial 315 finished with value: 5.22846158300877 and parameters: {'ISTN': 113.31774023866731, 'I_gpe': 2.0755772989054977, 'I_gpi': 1.2846950068611742, 'noise_stn_sigma': 4.896044400313031, 'noise_gpe_sigma': 107.02314234796108, 'noise_gpi_sigma': 117.50061066028792, 'g_stn_gpe_mult': 3.861742017226543, 'g_gpe_stn_mult': 0.6551336573803798, 'g_stn_gpi_mult': 1.829938343358291, 'g_gpe_gpi_mult': 0.8200561415684835}. Best is trial 310 with value: 3.600712669026893.
[I 2026-05-28 22:13:22,951] Trial 316 finished with value: 8.636791885579424 and parameters: {'ISTN': 135.9302759562242, 'I_gpe': 1.9425654551122125, 'I_gpi': 1.718693003001883, 'noise_stn_sigma': 4.918765128025116, 'noise_gpe_sigma': 115.7821746895312, 'noise_gpi_sigma': 119.86573068394158, 'g_stn_gpe_mult': 4.673355524815063, 'g_gpe_stn_mult': 0.6978954056608645, 'g_stn_gpi_mult': 1.4497083911155582, 'g_gpe_gpi_mult': 0.8170802519942351}. Best is trial 310 with value: 3.600712669026893.
[I 2026-05-28 22:13:23,990] Trial 317 finished with value: 6.048000107019118 and parameters: {'ISTN': 125.9056678231798, 'I_gpe': 2.628463516425208, 'I_gpi': 2.070492004273194, 'noise_stn_sigma': 4.062772828194408, 'noise_gpe_sigma': 121.30871188476247, 'noise_gpi_sigma': 128.4411570346955, 'g_stn_gpe_mult': 3.463800389157461, 'g_gpe_stn_mult': 0.696431446915499, 'g_stn_gpi_mult': 1.5104761901644732, 'g_gpe_gpi_mult': 0.7108213469403477}. Best is trial 310 with value: 3.600712669026893.
[I 2026-05-28 22:13:25,032] Trial 318 finished with value: 7.7455314875256756 and parameters: {'ISTN': 110.09613741260391, 'I_gpe': 2.0549636683324715, 'I_gpi': 2.0904945241562913, 'noise_stn_sigma': 5.2607104864778576, 'noise_gpe_sigma': 126.9389252471286, 'noise_gpi_sigma': 127.38284450449237, 'g_stn_gpe_mult': 3.644032690532271, 'g_gpe_stn_mult': 0.6448197296220725, 'g_stn_gpi_mult': 2.1538086067409177, 'g_gpe_gpi_mult': 0.7298664620535156}. Best is trial 310 with value: 3.600712669026893.
[I 2026-05-28 22:13:26,076] Trial 319 finished with value: 12.615058145803335 and parameters: {'ISTN': 120.3115160027703, 'I_gpe': 1.9899541350815189, 'I_gpi': 1.802779177987061, 'noise_stn_sigma': 5.206569893387557, 'noise_gpe_sigma': 110.1882014643757, 'noise_gpi_sigma': 114.94131001639263, 'g_stn_gpe_mult': 3.8301879801661007, 'g_gpe_stn_mult': 0.739259401488222, 'g_stn_gpi_mult': 2.115378412049319, 'g_gpe_gpi_mult': 0.8777748855409058}. Best is trial 310 with value: 3.600712669026893.
[I 2026-05-28 22:13:27,115] Trial 320 finished with value: 14.05054466947435 and parameters: {'ISTN': 109.48998381495505, 'I_gpe': 2.002694888235866, 'I_gpi': 1.0493659045857089, 'noise_stn_sigma': 5.363950791473273, 'noise_gpe_sigma': 121.4855527486342, 'noise_gpi_sigma': 115.8036216285185, 'g_stn_gpe_mult': 4.445437861913118, 'g_gpe_stn_mult': 0.7060933565352495, 'g_stn_gpi_mult': 1.717070049637695, 'g_gpe_gpi_mult': 0.6344614077336903}. Best is trial 310 with value: 3.600712669026893.
[I 2026-05-28 22:13:28,158] Trial 321 finished with value: 10.485076034677126 and parameters: {'ISTN': 119.3814819461063, 'I_gpe': 2.023922395563194, 'I_gpi': 2.2310125235036957, 'noise_stn_sigma': 3.862921797930116, 'noise_gpe_sigma': 119.0344094481991, 'noise_gpi_sigma': 143.8422037743597, 'g_stn_gpe_mult': 3.774701647324271, 'g_gpe_stn_mult': 0.7036255113851816, 'g_stn_gpi_mult': 1.8906051456540893, 'g_gpe_gpi_mult': 0.7305766488875605}. Best is trial 310 with value: 3.600712669026893.
[I 2026-05-28 22:13:29,199] Trial 322 finished with value: 12.032001184030225 and parameters: {'ISTN': 105.53433291260923, 'I_gpe': 2.061513478738023, 'I_gpi': 2.074389237253195, 'noise_stn_sigma': 4.239029043498494, 'noise_gpe_sigma': 105.0314267529221, 'noise_gpi_sigma': 140.87025539720594, 'g_stn_gpe_mult': 3.4606566838944506, 'g_gpe_stn_mult': 0.6599559019705079, 'g_stn_gpi_mult': 1.8639811282838346, 'g_gpe_gpi_mult': 0.7854268483669335}. Best is trial 310 with value: 3.600712669026893.
[I 2026-05-28 22:13:30,241] Trial 323 finished with value: 12.486440598271152 and parameters: {'ISTN': 116.41509896266541, 'I_gpe': 2.069642501236152, 'I_gpi': 1.888554877343391, 'noise_stn_sigma': 4.43710005680459, 'noise_gpe_sigma': 107.9828524690354, 'noise_gpi_sigma': 137.1373996850492, 'g_stn_gpe_mult': 4.351877303497157, 'g_gpe_stn_mult': 0.6604769111435277, 'g_stn_gpi_mult': 1.7159342365387356, 'g_gpe_gpi_mult': 0.7601286722651561}. Best is trial 310 with value: 3.600712669026893.
[I 2026-05-28 22:13:31,282] Trial 324 finished with value: 2.5302890667987397 and parameters: {'ISTN': 110.69064457772538, 'I_gpe': 2.1596430756828724, 'I_gpi': 1.6080530230696282, 'noise_stn_sigma': 5.715587181139442, 'noise_gpe_sigma': 120.67916933933041, 'noise_gpi_sigma': 138.0132049380597, 'g_stn_gpe_mult': 3.894923814659041, 'g_gpe_stn_mult': 0.6350753360475776, 'g_stn_gpi_mult': 1.8092820182960188, 'g_gpe_gpi_mult': 0.7596347133402377}. Best is trial 324 with value: 2.5302890667987397.
[I 2026-05-28 22:13:32,321] Trial 325 finished with value: 6.487322655990241 and parameters: {'ISTN': 120.87255030243216, 'I_gpe': 2.270213897300323, 'I_gpi': 1.3476986381186278, 'noise_stn_sigma': 5.024726628024069, 'noise_gpe_sigma': 115.42975005551808, 'noise_gpi_sigma': 126.5847582330622, 'g_stn_gpe_mult': 3.89550345612654, 'g_gpe_stn_mult': 0.6598257523847837, 'g_stn_gpi_mult': 1.6032010267727665, 'g_gpe_gpi_mult': 0.743479185821343}. Best is trial 324 with value: 2.5302890667987397.
[I 2026-05-28 22:13:33,364] Trial 326 finished with value: 4.335386429724709 and parameters: {'ISTN': 114.91843501450299, 'I_gpe': 2.3065591312224516, 'I_gpi': 1.510916810076481, 'noise_stn_sigma': 4.692186842624112, 'noise_gpe_sigma': 111.0407624689629, 'noise_gpi_sigma': 105.37916153839456, 'g_stn_gpe_mult': 4.29767317226593, 'g_gpe_stn_mult': 0.6491887411294187, 'g_stn_gpi_mult': 1.4203476530078702, 'g_gpe_gpi_mult': 0.6161363272404967}. Best is trial 324 with value: 2.5302890667987397.
[I 2026-05-28 22:13:34,405] Trial 327 finished with value: 6.4431684049679046 and parameters: {'ISTN': 125.88540385397962, 'I_gpe': 1.969860975890871, 'I_gpi': 1.488910701677265, 'noise_stn_sigma': 4.566729034673446, 'noise_gpe_sigma': 118.06132512706006, 'noise_gpi_sigma': 120.32816755489137, 'g_stn_gpe_mult': 3.9481175828154194, 'g_gpe_stn_mult': 0.715907769822217, 'g_stn_gpi_mult': 1.828662864861061, 'g_gpe_gpi_mult': 0.9776095989639577}. Best is trial 324 with value: 2.5302890667987397.
[I 2026-05-28 22:13:35,448] Trial 328 finished with value: 4.207675723660513 and parameters: {'ISTN': 115.77356425675433, 'I_gpe': 2.2428828810178913, 'I_gpi': 1.5496070032727909, 'noise_stn_sigma': 5.306311799956411, 'noise_gpe_sigma': 119.1185597586422, 'noise_gpi_sigma': 124.41651803667915, 'g_stn_gpe_mult': 3.480775921001107, 'g_gpe_stn_mult': 0.6989062021548981, 'g_stn_gpi_mult': 1.7831705664973814, 'g_gpe_gpi_mult': 0.6994867556880378}. Best is trial 324 with value: 2.5302890667987397.
[I 2026-05-28 22:13:36,493] Trial 329 finished with value: 12.668270509460138 and parameters: {'ISTN': 116.1822612941005, 'I_gpe': 1.9835000036760801, 'I_gpi': 1.172592633668931, 'noise_stn_sigma': 4.82318182926102, 'noise_gpe_sigma': 121.48383929131819, 'noise_gpi_sigma': 125.42218610467428, 'g_stn_gpe_mult': 4.001346668273234, 'g_gpe_stn_mult': 0.6762254602262082, 'g_stn_gpi_mult': 1.756617436571151, 'g_gpe_gpi_mult': 0.7987025155027423}. Best is trial 324 with value: 2.5302890667987397.
[I 2026-05-28 22:13:37,536] Trial 330 finished with value: 9.816260643888448 and parameters: {'ISTN': 111.6278515080194, 'I_gpe': 2.3776711282324747, 'I_gpi': 2.0120603356091094, 'noise_stn_sigma': 4.765741383999756, 'noise_gpe_sigma': 122.93580611593399, 'noise_gpi_sigma': 138.2892152468376, 'g_stn_gpe_mult': 3.7148451453032427, 'g_gpe_stn_mult': 0.6122015538075736, 'g_stn_gpi_mult': 1.9869187573914298, 'g_gpe_gpi_mult': 0.7193905877138029}. Best is trial 324 with value: 2.5302890667987397.
[I 2026-05-28 22:13:38,577] Trial 331 finished with value: 3.9958710430302817 and parameters: {'ISTN': 116.3514713120068, 'I_gpe': 2.3097698833339084, 'I_gpi': 1.5337166215477143, 'noise_stn_sigma': 5.056211410945266, 'noise_gpe_sigma': 133.68945208896605, 'noise_gpi_sigma': 134.86830469389378, 'g_stn_gpe_mult': 4.339632186903183, 'g_gpe_stn_mult': 0.6544400106291293, 'g_stn_gpi_mult': 1.5826413020851378, 'g_gpe_gpi_mult': 0.7998439177823802}. Best is trial 324 with value: 2.5302890667987397.
[I 2026-05-28 22:13:39,617] Trial 332 finished with value: 8.392982250273734 and parameters: {'ISTN': 122.71086165195136, 'I_gpe': 2.432423705219299, 'I_gpi': 2.2652333153703146, 'noise_stn_sigma': 5.007470264742812, 'noise_gpe_sigma': 126.95654188889817, 'noise_gpi_sigma': 136.83585946361399, 'g_stn_gpe_mult': 3.9306097291075175, 'g_gpe_stn_mult': 0.6427632882217409, 'g_stn_gpi_mult': 1.5905806068836625, 'g_gpe_gpi_mult': 0.9236117139906681}. Best is trial 324 with value: 2.5302890667987397.
[I 2026-05-28 22:13:40,659] Trial 333 finished with value: 12.485040929587184 and parameters: {'ISTN': 110.01011869918293, 'I_gpe': 2.455855809731755, 'I_gpi': 1.0068801066445872, 'noise_stn_sigma': 5.272838365408464, 'noise_gpe_sigma': 131.31911997141015, 'noise_gpi_sigma': 116.1107532905384, 'g_stn_gpe_mult': 3.682356303679583, 'g_gpe_stn_mult': 0.68345517755164, 'g_stn_gpi_mult': 1.640435185462915, 'g_gpe_gpi_mult': 0.7701531773645263}. Best is trial 324 with value: 2.5302890667987397.
[I 2026-05-28 22:13:41,696] Trial 334 finished with value: 7.958938876611476 and parameters: {'ISTN': 109.74187631681318, 'I_gpe': 2.356095763135716, 'I_gpi': 1.0916964638132551, 'noise_stn_sigma': 5.5856986401889746, 'noise_gpe_sigma': 115.88353658864837, 'noise_gpi_sigma': 121.1133168853565, 'g_stn_gpe_mult': 4.138156022476072, 'g_gpe_stn_mult': 0.6728104305141185, 'g_stn_gpi_mult': 1.9174333584354046, 'g_gpe_gpi_mult': 0.6217282147864143}. Best is trial 324 with value: 2.5302890667987397.
[I 2026-05-28 22:13:42,738] Trial 335 finished with value: 12.900323918305975 and parameters: {'ISTN': 116.46955570777729, 'I_gpe': 2.0493671388613883, 'I_gpi': 1.055340951308113, 'noise_stn_sigma': 4.623381477088712, 'noise_gpe_sigma': 96.83824538108006, 'noise_gpi_sigma': 100.0215475729078, 'g_stn_gpe_mult': 3.729911925428357, 'g_gpe_stn_mult': 0.7486078832968447, 'g_stn_gpi_mult': 1.9413706384457212, 'g_gpe_gpi_mult': 0.7528192181144124}. Best is trial 324 with value: 2.5302890667987397.
[I 2026-05-28 22:13:43,779] Trial 336 finished with value: 9.096249741078951 and parameters: {'ISTN': 103.33934972080787, 'I_gpe': 2.348731160459748, 'I_gpi': 1.4943082664548104, 'noise_stn_sigma': 4.48372604953304, 'noise_gpe_sigma': 104.66648077516169, 'noise_gpi_sigma': 123.36862019773102, 'g_stn_gpe_mult': 3.834658554529976, 'g_gpe_stn_mult': 0.6240073840975429, 'g_stn_gpi_mult': 1.856215833112762, 'g_gpe_gpi_mult': 0.6578469027091021}. Best is trial 324 with value: 2.5302890667987397.
[I 2026-05-28 22:13:44,821] Trial 337 finished with value: 7.6354533774860025 and parameters: {'ISTN': 116.6610313911047, 'I_gpe': 2.0850182733310727, 'I_gpi': 1.2615179694777376, 'noise_stn_sigma': 5.730396515653245, 'noise_gpe_sigma': 124.34084028019772, 'noise_gpi_sigma': 112.76690969014935, 'g_stn_gpe_mult': 3.6119830008370806, 'g_gpe_stn_mult': 0.6330045326256047, 'g_stn_gpi_mult': 1.722267705383683, 'g_gpe_gpi_mult': 0.8160070957639363}. Best is trial 324 with value: 2.5302890667987397.
[I 2026-05-28 22:13:45,862] Trial 338 finished with value: 5.635220630295925 and parameters: {'ISTN': 114.2424756701634, 'I_gpe': 2.128460085315497, 'I_gpi': 1.4441281428580244, 'noise_stn_sigma': 5.410298415947058, 'noise_gpe_sigma': 123.35576741996539, 'noise_gpi_sigma': 116.6260262946595, 'g_stn_gpe_mult': 4.132972683042455, 'g_gpe_stn_mult': 0.7045901748896611, 'g_stn_gpi_mult': 1.554662608858424, 'g_gpe_gpi_mult': 0.6490596273309861}. Best is trial 324 with value: 2.5302890667987397.
[I 2026-05-28 22:13:46,905] Trial 339 finished with value: 9.364839147014898 and parameters: {'ISTN': 118.86277174589944, 'I_gpe': 2.282630586359158, 'I_gpi': 1.6522052207144426, 'noise_stn_sigma': 5.698597371502999, 'noise_gpe_sigma': 107.19764954802123, 'noise_gpi_sigma': 136.58897389786915, 'g_stn_gpe_mult': 3.8718314779985965, 'g_gpe_stn_mult': 0.692376927813892, 'g_stn_gpi_mult': 1.5326892992914225, 'g_gpe_gpi_mult': 0.6435085377704965}. Best is trial 324 with value: 2.5302890667987397.
[I 2026-05-28 22:13:47,947] Trial 340 finished with value: 12.866415516332879 and parameters: {'ISTN': 111.29843867710676, 'I_gpe': 1.9645088693390782, 'I_gpi': 1.6948896784174146, 'noise_stn_sigma': 5.238057809477443, 'noise_gpe_sigma': 108.25827314172331, 'noise_gpi_sigma': 122.57568383466142, 'g_stn_gpe_mult': 3.6732330588923037, 'g_gpe_stn_mult': 0.6671833393884772, 'g_stn_gpi_mult': 1.8943421892937622, 'g_gpe_gpi_mult': 0.6547604152400832}. Best is trial 324 with value: 2.5302890667987397.
[I 2026-05-28 22:13:48,988] Trial 341 finished with value: 10.446082105961006 and parameters: {'ISTN': 118.89689302184462, 'I_gpe': 2.3308153759297903, 'I_gpi': 1.3801026404323675, 'noise_stn_sigma': 5.432618003791805, 'noise_gpe_sigma': 144.61679620599517, 'noise_gpi_sigma': 126.34027764785353, 'g_stn_gpe_mult': 4.515002958889126, 'g_gpe_stn_mult': 0.6754367570502454, 'g_stn_gpi_mult': 1.3606570889723888, 'g_gpe_gpi_mult': 0.7312410367546958}. Best is trial 324 with value: 2.5302890667987397.
[I 2026-05-28 22:13:49,971] Trial 342 finished with value: 1000000.0 and parameters: {'ISTN': 110.41455104545165, 'I_gpe': 2.4760054681961474, 'I_gpi': 1.3341488628755604, 'noise_stn_sigma': 4.769782643702484, 'noise_gpe_sigma': 117.47113582591095, 'noise_gpi_sigma': 117.30923838818957, 'g_stn_gpe_mult': 4.523774462666781, 'g_gpe_stn_mult': 0.6174026917815209, 'g_stn_gpi_mult': 1.4484620264095576, 'g_gpe_gpi_mult': 0.6749029372604751}. Best is trial 324 with value: 2.5302890667987397.
[I 2026-05-28 22:13:51,013] Trial 343 finished with value: 10.76909132815508 and parameters: {'ISTN': 116.78799557742434, 'I_gpe': 2.1028795188580154, 'I_gpi': 1.106428068395169, 'noise_stn_sigma': 5.570474372970226, 'noise_gpe_sigma': 132.84375830403127, 'noise_gpi_sigma': 142.3803663963078, 'g_stn_gpe_mult': 3.9292176914657007, 'g_gpe_stn_mult': 0.658361630092692, 'g_stn_gpi_mult': 1.4800287648870678, 'g_gpe_gpi_mult': 0.8151513074869763}. Best is trial 324 with value: 2.5302890667987397.
[I 2026-05-28 22:13:52,053] Trial 344 finished with value: 9.750111602276291 and parameters: {'ISTN': 119.70532103828363, 'I_gpe': 2.529562312195793, 'I_gpi': 1.056655959997793, 'noise_stn_sigma': 5.566855873486917, 'noise_gpe_sigma': 138.94300862328822, 'noise_gpi_sigma': 137.6727556753431, 'g_stn_gpe_mult': 4.28898928266698, 'g_gpe_stn_mult': 0.6591805279150731, 'g_stn_gpi_mult': 1.6502652914549572, 'g_gpe_gpi_mult': 0.7775833649298016}. Best is trial 324 with value: 2.5302890667987397.
[I 2026-05-28 22:13:53,095] Trial 345 finished with value: 7.913483325975129 and parameters: {'ISTN': 111.95094486355404, 'I_gpe': 2.471059379877798, 'I_gpi': 1.6415384989565487, 'noise_stn_sigma': 4.9317476494938095, 'noise_gpe_sigma': 125.69855402272763, 'noise_gpi_sigma': 114.00973488151594, 'g_stn_gpe_mult': 4.329876776538448, 'g_gpe_stn_mult': 0.638632799143134, 'g_stn_gpi_mult': 1.4532336037465396, 'g_gpe_gpi_mult': 0.7780911077691417}. Best is trial 324 with value: 2.5302890667987397.
[I 2026-05-28 22:13:54,136] Trial 346 finished with value: 11.319976411970114 and parameters: {'ISTN': 106.0371359185869, 'I_gpe': 2.4675386099300485, 'I_gpi': 1.098563950765596, 'noise_stn_sigma': 5.740293483867821, 'noise_gpe_sigma': 131.28087366741414, 'noise_gpi_sigma': 102.92106308477697, 'g_stn_gpe_mult': 4.238369448920396, 'g_gpe_stn_mult': 0.568729561866416, 'g_stn_gpi_mult': 1.5121407045358364, 'g_gpe_gpi_mult': 0.638025320589752}. Best is trial 324 with value: 2.5302890667987397.
[I 2026-05-28 22:13:55,178] Trial 347 finished with value: 6.5596333265632545 and parameters: {'ISTN': 113.43385606597306, 'I_gpe': 2.156210186445848, 'I_gpi': 1.7955392844494351, 'noise_stn_sigma': 5.399283026951275, 'noise_gpe_sigma': 126.4691243266547, 'noise_gpi_sigma': 120.98245661861458, 'g_stn_gpe_mult': 4.590765399096898, 'g_gpe_stn_mult': 0.6220401389637397, 'g_stn_gpi_mult': 1.8247244179120516, 'g_gpe_gpi_mult': 0.6993145937663299}. Best is trial 324 with value: 2.5302890667987397.
[I 2026-05-28 22:13:56,219] Trial 348 finished with value: 9.536823028553195 and parameters: {'ISTN': 113.67137554458316, 'I_gpe': 2.3224359268518215, 'I_gpi': 1.4220725227665427, 'noise_stn_sigma': 5.1601819555275235, 'noise_gpe_sigma': 124.44613061369171, 'noise_gpi_sigma': 130.86676464761985, 'g_stn_gpe_mult': 4.089167763946594, 'g_gpe_stn_mult': 0.6026666706345366, 'g_stn_gpi_mult': 1.4142921664477903, 'g_gpe_gpi_mult': 0.7509106947278203}. Best is trial 324 with value: 2.5302890667987397.
[I 2026-05-28 22:13:57,259] Trial 349 finished with value: 6.881449031223865 and parameters: {'ISTN': 115.24950302220131, 'I_gpe': 2.2927655570964847, 'I_gpi': 2.0834456851000946, 'noise_stn_sigma': 5.489844229036516, 'noise_gpe_sigma': 122.1023576644277, 'noise_gpi_sigma': 125.17129846223928, 'g_stn_gpe_mult': 4.19297589992524, 'g_gpe_stn_mult': 0.6591853532809754, 'g_stn_gpi_mult': 1.8857291384033554, 'g_gpe_gpi_mult': 0.7353594349574382}. Best is trial 324 with value: 2.5302890667987397.
[I 2026-05-28 22:13:58,301] Trial 350 finished with value: 12.702049369124957 and parameters: {'ISTN': 102.88726941898912, 'I_gpe': 1.7943764659663861, 'I_gpi': 1.3309498002513735, 'noise_stn_sigma': 5.4068877483304, 'noise_gpe_sigma': 114.65427974736943, 'noise_gpi_sigma': 125.67659868245, 'g_stn_gpe_mult': 4.187976198779414, 'g_gpe_stn_mult': 0.63746632176256, 'g_stn_gpi_mult': 1.8590357767423205, 'g_gpe_gpi_mult': 0.8293865826350981}. Best is trial 324 with value: 2.5302890667987397.
[I 2026-05-28 22:13:59,343] Trial 351 finished with value: 5.35358456861244 and parameters: {'ISTN': 116.13752643132302, 'I_gpe': 2.313050603232558, 'I_gpi': 1.8549180489395845, 'noise_stn_sigma': 4.947529074623102, 'noise_gpe_sigma': 127.42253046573327, 'noise_gpi_sigma': 118.89547033687911, 'g_stn_gpe_mult': 4.312950266594388, 'g_gpe_stn_mult': 0.6227665029084286, 'g_stn_gpi_mult': 1.8110243369924202, 'g_gpe_gpi_mult': 0.7853114899825946}. Best is trial 324 with value: 2.5302890667987397.
