[I 2026-05-28 21:48:28,005] Trial 836 finished with value: 0.14397969318624154 and parameters: {'ISTN': 60.638662082511686, 'I_gpe': 1.2127778802669935, 'I_gpi': 1.9952578305633129, 'noise_stn_sigma': 2.8184293812489276, 'noise_gpe_sigma': 105.92096348825636, 'noise_gpi_sigma': 84.59028713681512, 'g_stn_gpe_mult': 3.44143443647857, 'g_gpe_stn_mult': 0.17380181972818198, 'g_stn_gpi_mult': 2.597446680062127, 'g_gpe_gpi_mult': 0.7674157847609879}. Best is trial 811 with value: 0.12748945227995567.
[I 2026-05-28 21:48:29,013] Trial 837 finished with value: 0.14204988562364115 and parameters: {'ISTN': 60.239269284192936, 'I_gpe': 1.1315806272114834, 'I_gpi': 2.088212286387888, 'noise_stn_sigma': 2.679095439376138, 'noise_gpe_sigma': 106.4042521136605, 'noise_gpi_sigma': 85.09562415569803, 'g_stn_gpe_mult': 3.4829758702699003, 'g_gpe_stn_mult': 0.18248386189284968, 'g_stn_gpi_mult': 2.595760946082053, 'g_gpe_gpi_mult': 0.7671480153906958}. Best is trial 811 with value: 0.12748945227995567.
[I 2026-05-28 21:48:30,018] Trial 838 finished with value: 0.12988611270255482 and parameters: {'ISTN': 60.165143914637405, 'I_gpe': 1.1506745602533588, 'I_gpi': 2.085357698966021, 'noise_stn_sigma': 2.558155471040701, 'noise_gpe_sigma': 107.78757580940258, 'noise_gpi_sigma': 85.24363711439149, 'g_stn_gpe_mult': 3.429574239702688, 'g_gpe_stn_mult': 0.1778992743599656, 'g_stn_gpi_mult': 2.6307081897233577, 'g_gpe_gpi_mult': 0.773250191586295}. Best is trial 811 with value: 0.12748945227995567.
[I 2026-05-28 21:48:31,023] Trial 839 finished with value: 0.13121408342150928 and parameters: {'ISTN': 60.24329244100206, 'I_gpe': 1.1730486010968744, 'I_gpi': 2.0739012634894665, 'noise_stn_sigma': 2.703529190957525, 'noise_gpe_sigma': 105.99107348172254, 'noise_gpi_sigma': 84.707942890531, 'g_stn_gpe_mult': 3.5233686536824935, 'g_gpe_stn_mult': 0.1775239929806396, 'g_stn_gpi_mult': 2.5717503094503606, 'g_gpe_gpi_mult': 0.7755776118788074}. Best is trial 811 with value: 0.12748945227995567.
[I 2026-05-28 21:48:32,030] Trial 840 finished with value: 0.13294455548806383 and parameters: {'ISTN': 60.459829749317564, 'I_gpe': 1.186101619308571, 'I_gpi': 2.0055114259590523, 'noise_stn_sigma': 2.6016959589967126, 'noise_gpe_sigma': 105.05794398785191, 'noise_gpi_sigma': 86.03096372294675, 'g_stn_gpe_mult': 3.4650820148640813, 'g_gpe_stn_mult': 0.17243984809187457, 'g_stn_gpi_mult': 2.606111375424878, 'g_gpe_gpi_mult': 0.758010596292221}. Best is trial 811 with value: 0.12748945227995567.
[I 2026-05-28 21:48:33,035] Trial 841 finished with value: 0.12962849042763738 and parameters: {'ISTN': 60.22671185891824, 'I_gpe': 1.1489183212242535, 'I_gpi': 2.069917649958703, 'noise_stn_sigma': 2.4939239231990316, 'noise_gpe_sigma': 103.8137142767369, 'noise_gpi_sigma': 86.33748349502906, 'g_stn_gpe_mult': 3.4188271057496635, 'g_gpe_stn_mult': 0.17821884210996614, 'g_stn_gpi_mult': 2.5640931762204247, 'g_gpe_gpi_mult': 0.7723984178807821}. Best is trial 811 with value: 0.12748945227995567.
[I 2026-05-28 21:48:34,043] Trial 842 finished with value: 0.15236671457600906 and parameters: {'ISTN': 60.25424222029535, 'I_gpe': 1.1657570128273407, 'I_gpi': 2.0442372824250863, 'noise_stn_sigma': 2.5178162012601097, 'noise_gpe_sigma': 107.20241032879419, 'noise_gpi_sigma': 84.51034480551502, 'g_stn_gpe_mult': 3.4666119851801405, 'g_gpe_stn_mult': 0.1718215876908929, 'g_stn_gpi_mult': 2.5927355687370977, 'g_gpe_gpi_mult': 0.7752371609518987}. Best is trial 811 with value: 0.12748945227995567.
[I 2026-05-28 21:48:35,051] Trial 843 finished with value: 0.13115415093194482 and parameters: {'ISTN': 60.50177840444703, 'I_gpe': 1.1458432381181853, 'I_gpi': 2.111596998266923, 'noise_stn_sigma': 2.444641348371553, 'noise_gpe_sigma': 104.16008562845383, 'noise_gpi_sigma': 85.7147511950926, 'g_stn_gpe_mult': 3.4684005314142743, 'g_gpe_stn_mult': 0.1724618007447029, 'g_stn_gpi_mult': 2.5538661447937097, 'g_gpe_gpi_mult': 0.7902109058912523}. Best is trial 811 with value: 0.12748945227995567.
[I 2026-05-28 21:48:36,059] Trial 844 finished with value: 0.13143680450839848 and parameters: {'ISTN': 60.13022442968436, 'I_gpe': 1.1945589015289175, 'I_gpi': 2.0382351486409496, 'noise_stn_sigma': 2.4677770179687823, 'noise_gpe_sigma': 107.49844705844659, 'noise_gpi_sigma': 81.1140944757598, 'g_stn_gpe_mult': 3.3666265527974764, 'g_gpe_stn_mult': 0.17635380055197658, 'g_stn_gpi_mult': 2.562463696146611, 'g_gpe_gpi_mult': 0.7844435818467477}. Best is trial 811 with value: 0.12748945227995567.
[I 2026-05-28 21:48:37,067] Trial 845 finished with value: 0.12710756475260498 and parameters: {'ISTN': 60.47966076594713, 'I_gpe': 1.1764067805760088, 'I_gpi': 2.03487478683245, 'noise_stn_sigma': 2.4245996532856124, 'noise_gpe_sigma': 107.48503296444628, 'noise_gpi_sigma': 87.06377938665862, 'g_stn_gpe_mult': 3.489816274623842, 'g_gpe_stn_mult': 0.16991320987945768, 'g_stn_gpi_mult': 2.596816867408096, 'g_gpe_gpi_mult': 0.7792193499278459}. Best is trial 845 with value: 0.12710756475260498.
[I 2026-05-28 21:48:38,072] Trial 846 finished with value: 0.13139698865586433 and parameters: {'ISTN': 60.37505502755408, 'I_gpe': 1.1336487745105313, 'I_gpi': 2.095397066925788, 'noise_stn_sigma': 2.5727121435798415, 'noise_gpe_sigma': 107.18490276899668, 'noise_gpi_sigma': 85.49658430731539, 'g_stn_gpe_mult': 3.4334994443928126, 'g_gpe_stn_mult': 0.17205441391243037, 'g_stn_gpi_mult': 2.600022754090836, 'g_gpe_gpi_mult': 0.7771804899002919}. Best is trial 845 with value: 0.12710756475260498.
[I 2026-05-28 21:48:39,079] Trial 847 finished with value: 0.5640704137853889 and parameters: {'ISTN': 60.23519079577829, 'I_gpe': 1.1401060636247764, 'I_gpi': 2.147609749272374, 'noise_stn_sigma': 2.499295650893224, 'noise_gpe_sigma': 106.76197250597353, 'noise_gpi_sigma': 83.38454186490802, 'g_stn_gpe_mult': 3.47983541556992, 'g_gpe_stn_mult': 0.16932482408792487, 'g_stn_gpi_mult': 2.549880439661078, 'g_gpe_gpi_mult': 0.810215604751247}. Best is trial 845 with value: 0.12710756475260498.
[I 2026-05-28 21:48:40,085] Trial 848 finished with value: 0.1315850995272941 and parameters: {'ISTN': 60.0974704285373, 'I_gpe': 1.1236609935503683, 'I_gpi': 2.0637802725842924, 'noise_stn_sigma': 2.5604809853173665, 'noise_gpe_sigma': 109.1549362676662, 'noise_gpi_sigma': 84.16557720742907, 'g_stn_gpe_mult': 3.5188934792440603, 'g_gpe_stn_mult': 0.18003578855019364, 'g_stn_gpi_mult': 2.5961824493729186, 'g_gpe_gpi_mult': 0.7899154316881969}. Best is trial 845 with value: 0.12710756475260498.
[I 2026-05-28 21:48:41,092] Trial 849 finished with value: 0.14003032712694358 and parameters: {'ISTN': 60.8873864737614, 'I_gpe': 1.0607755445934246, 'I_gpi': 2.070056303467596, 'noise_stn_sigma': 2.530855204263325, 'noise_gpe_sigma': 107.78118308003845, 'noise_gpi_sigma': 84.36497849409105, 'g_stn_gpe_mult': 3.446373760868244, 'g_gpe_stn_mult': 0.17172929283017052, 'g_stn_gpi_mult': 2.6350611199716094, 'g_gpe_gpi_mult': 0.7812325607564261}. Best is trial 845 with value: 0.12710756475260498.
[I 2026-05-28 21:48:42,098] Trial 850 finished with value: 0.13871437884706078 and parameters: {'ISTN': 60.40008797320286, 'I_gpe': 1.1987572406547864, 'I_gpi': 2.0635129701450943, 'noise_stn_sigma': 2.454030077771015, 'noise_gpe_sigma': 104.53981320667111, 'noise_gpi_sigma': 85.68223238201014, 'g_stn_gpe_mult': 3.332487555204014, 'g_gpe_stn_mult': 0.17748271524735298, 'g_stn_gpi_mult': 2.5694589809804262, 'g_gpe_gpi_mult': 0.7690788847098722}. Best is trial 845 with value: 0.12710756475260498.
[I 2026-05-28 21:48:43,107] Trial 851 finished with value: 0.13403525885294248 and parameters: {'ISTN': 60.658561947891116, 'I_gpe': 1.069106567142642, 'I_gpi': 2.0466445463466343, 'noise_stn_sigma': 2.608699685550881, 'noise_gpe_sigma': 108.92013359922161, 'noise_gpi_sigma': 86.20472002471443, 'g_stn_gpe_mult': 3.5546362490896994, 'g_gpe_stn_mult': 0.1729141564200854, 'g_stn_gpi_mult': 2.698309817313106, 'g_gpe_gpi_mult': 0.7708120335802591}. Best is trial 845 with value: 0.12710756475260498.
[I 2026-05-28 21:48:44,114] Trial 852 finished with value: 0.13347590575586274 and parameters: {'ISTN': 60.22874191556505, 'I_gpe': 1.2440548472102457, 'I_gpi': 2.023783841114942, 'noise_stn_sigma': 2.372569066788306, 'noise_gpe_sigma': 103.69459629926814, 'noise_gpi_sigma': 87.2127554801951, 'g_stn_gpe_mult': 3.400024300456269, 'g_gpe_stn_mult': 0.17359812982228423, 'g_stn_gpi_mult': 2.5773081265722926, 'g_gpe_gpi_mult': 0.7545145813472789}. Best is trial 845 with value: 0.12710756475260498.
[I 2026-05-28 21:48:45,121] Trial 853 finished with value: 0.137718079688145 and parameters: {'ISTN': 60.917558657353524, 'I_gpe': 1.1361354143465827, 'I_gpi': 2.0242153876089763, 'noise_stn_sigma': 2.64702298786364, 'noise_gpe_sigma': 107.95821712976802, 'noise_gpi_sigma': 86.98580599695366, 'g_stn_gpe_mult': 3.538678361966009, 'g_gpe_stn_mult': 0.17102108266840182, 'g_stn_gpi_mult': 2.6121112758720515, 'g_gpe_gpi_mult': 0.7669832827876701}. Best is trial 845 with value: 0.12710756475260498.
[I 2026-05-28 21:48:46,129] Trial 854 finished with value: 0.13663517145349358 and parameters: {'ISTN': 60.51105277390704, 'I_gpe': 1.183331766988946, 'I_gpi': 2.054511468227253, 'noise_stn_sigma': 2.545501783811499, 'noise_gpe_sigma': 107.48970724650493, 'noise_gpi_sigma': 85.39399529271631, 'g_stn_gpe_mult': 3.514923524449924, 'g_gpe_stn_mult': 0.17335027425514307, 'g_stn_gpi_mult': 2.585343879180116, 'g_gpe_gpi_mult': 0.7910821178353695}. Best is trial 845 with value: 0.12710756475260498.
[I 2026-05-28 21:48:47,135] Trial 855 finished with value: 0.3169311058242624 and parameters: {'ISTN': 60.347309253228964, 'I_gpe': 1.117742273964537, 'I_gpi': 2.0691287342851936, 'noise_stn_sigma': 2.507827474045914, 'noise_gpe_sigma': 105.22747975476612, 'noise_gpi_sigma': 85.58967100349537, 'g_stn_gpe_mult': 3.4490151142680165, 'g_gpe_stn_mult': 0.1673390012996038, 'g_stn_gpi_mult': 2.5631142561147393, 'g_gpe_gpi_mult': 0.7725736677131636}. Best is trial 845 with value: 0.12710756475260498.
[I 2026-05-28 21:48:48,142] Trial 856 finished with value: 0.14174532503054527 and parameters: {'ISTN': 60.95605631089559, 'I_gpe': 1.1282395443234343, 'I_gpi': 2.068472917526077, 'noise_stn_sigma': 2.4709778163815637, 'noise_gpe_sigma': 103.75608298856345, 'noise_gpi_sigma': 84.21975910758924, 'g_stn_gpe_mult': 3.3833673274218965, 'g_gpe_stn_mult': 0.16889962394464575, 'g_stn_gpi_mult': 2.600510060157074, 'g_gpe_gpi_mult': 0.7629661004476}. Best is trial 845 with value: 0.12710756475260498.
[I 2026-05-28 21:48:49,150] Trial 857 finished with value: 0.1634937222105808 and parameters: {'ISTN': 60.485014438089436, 'I_gpe': 1.0977630955736424, 'I_gpi': 2.039593042713463, 'noise_stn_sigma': 2.4866960288433027, 'noise_gpe_sigma': 106.07454679905192, 'noise_gpi_sigma': 85.72676676765131, 'g_stn_gpe_mult': 3.5186157573880195, 'g_gpe_stn_mult': 0.16682573181268573, 'g_stn_gpi_mult': 2.5724686341921195, 'g_gpe_gpi_mult': 0.7899075498799675}. Best is trial 845 with value: 0.12710756475260498.
[I 2026-05-28 21:48:50,159] Trial 858 finished with value: 0.13106843919759634 and parameters: {'ISTN': 60.717477417251324, 'I_gpe': 1.1327474105866397, 'I_gpi': 2.0601605485633034, 'noise_stn_sigma': 2.6169862731244615, 'noise_gpe_sigma': 106.60700713172922, 'noise_gpi_sigma': 85.55262307327058, 'g_stn_gpe_mult': 3.51259302794024, 'g_gpe_stn_mult': 0.16758617184949376, 'g_stn_gpi_mult': 2.6138134455361044, 'g_gpe_gpi_mult': 0.7795149772688628}. Best is trial 845 with value: 0.12710756475260498.
[I 2026-05-28 21:48:51,169] Trial 859 finished with value: 0.13027000924060833 and parameters: {'ISTN': 60.07581763749468, 'I_gpe': 1.1317927475427618, 'I_gpi': 2.0450887749292903, 'noise_stn_sigma': 2.5484463999588742, 'noise_gpe_sigma': 107.3793591300926, 'noise_gpi_sigma': 85.09963319855996, 'g_stn_gpe_mult': 3.509315437793886, 'g_gpe_stn_mult': 0.17850342156551802, 'g_stn_gpi_mult': 2.5895034716178005, 'g_gpe_gpi_mult': 0.778182422685757}. Best is trial 845 with value: 0.12710756475260498.
[I 2026-05-28 21:48:52,176] Trial 860 finished with value: 0.5898458437897098 and parameters: {'ISTN': 60.38103022829191, 'I_gpe': 1.1417232097758077, 'I_gpi': 2.0752970908263455, 'noise_stn_sigma': 2.464659753370289, 'noise_gpe_sigma': 108.14255530512021, 'noise_gpi_sigma': 87.61796320434773, 'g_stn_gpe_mult': 3.4744811466611694, 'g_gpe_stn_mult': 0.16908528836501252, 'g_stn_gpi_mult': 2.6269684109117906, 'g_gpe_gpi_mult': 0.7807914541158556}. Best is trial 845 with value: 0.12710756475260498.
[I 2026-05-28 21:48:53,184] Trial 861 finished with value: 0.13027914183052616 and parameters: {'ISTN': 60.50484012880496, 'I_gpe': 1.1542760332834483, 'I_gpi': 2.0256706691240254, 'noise_stn_sigma': 2.5486510843703005, 'noise_gpe_sigma': 106.31693459382515, 'noise_gpi_sigma': 85.27114411106301, 'g_stn_gpe_mult': 3.4941414329522766, 'g_gpe_stn_mult': 0.1713763500576295, 'g_stn_gpi_mult': 2.634344417389619, 'g_gpe_gpi_mult': 0.7668844143560529}. Best is trial 845 with value: 0.12710756475260498.
[I 2026-05-28 21:48:54,190] Trial 862 finished with value: 0.1344960835979403 and parameters: {'ISTN': 60.08422586844408, 'I_gpe': 1.2187384768486056, 'I_gpi': 2.029515756271234, 'noise_stn_sigma': 2.491491493117583, 'noise_gpe_sigma': 105.51176150628719, 'noise_gpi_sigma': 88.10438915778587, 'g_stn_gpe_mult': 3.5079940517018304, 'g_gpe_stn_mult': 0.1829082525846438, 'g_stn_gpi_mult': 2.577187336979719, 'g_gpe_gpi_mult': 0.7600953277715934}. Best is trial 845 with value: 0.12710756475260498.
[I 2026-05-28 21:48:55,198] Trial 863 finished with value: 0.1357049275762769 and parameters: {'ISTN': 60.40335060284843, 'I_gpe': 1.125136597321399, 'I_gpi': 2.0820738384137147, 'noise_stn_sigma': 2.5028217992402535, 'noise_gpe_sigma': 106.51292824137863, 'noise_gpi_sigma': 84.25117297336602, 'g_stn_gpe_mult': 3.5000061575804087, 'g_gpe_stn_mult': 0.1770543066899905, 'g_stn_gpi_mult': 2.6599421449725673, 'g_gpe_gpi_mult': 0.7823773960621909}. Best is trial 845 with value: 0.12710756475260498.
[I 2026-05-28 21:48:56,202] Trial 864 finished with value: 0.1647751191978745 and parameters: {'ISTN': 60.48118190991418, 'I_gpe': 1.1725883747280432, 'I_gpi': 2.0437891890770965, 'noise_stn_sigma': 2.730251946267279, 'noise_gpe_sigma': 104.87680145238906, 'noise_gpi_sigma': 88.00710170460307, 'g_stn_gpe_mult': 3.520974303106655, 'g_gpe_stn_mult': 0.16614939836030887, 'g_stn_gpi_mult': 2.618426569279572, 'g_gpe_gpi_mult': 0.7813430584550407}. Best is trial 845 with value: 0.12710756475260498.
[I 2026-05-28 21:48:57,208] Trial 865 finished with value: 0.1286746682478745 and parameters: {'ISTN': 60.34460237794425, 'I_gpe': 1.1245515982691612, 'I_gpi': 2.0618863409381825, 'noise_stn_sigma': 2.604137910516153, 'noise_gpe_sigma': 105.02350185312066, 'noise_gpi_sigma': 87.57886125803174, 'g_stn_gpe_mult': 3.5454716994462707, 'g_gpe_stn_mult': 0.16984088957861335, 'g_stn_gpi_mult': 2.557814104909601, 'g_gpe_gpi_mult': 0.785955611672809}. Best is trial 845 with value: 0.12710756475260498.
[I 2026-05-28 21:48:58,215] Trial 866 finished with value: 0.13541428922535811 and parameters: {'ISTN': 60.59626404452971, 'I_gpe': 1.1686236356474584, 'I_gpi': 2.043020762495476, 'noise_stn_sigma': 2.5339014509882647, 'noise_gpe_sigma': 106.51051162911043, 'noise_gpi_sigma': 85.36026243664703, 'g_stn_gpe_mult': 3.484179533009063, 'g_gpe_stn_mult': 0.17334364136701616, 'g_stn_gpi_mult': 2.578439580527576, 'g_gpe_gpi_mult': 0.7670923286724065}. Best is trial 845 with value: 0.12710756475260498.
[I 2026-05-28 21:48:59,222] Trial 867 finished with value: 0.134078908049961 and parameters: {'ISTN': 60.64418057490261, 'I_gpe': 1.1112711256165286, 'I_gpi': 2.0550420933808073, 'noise_stn_sigma': 2.558152260838927, 'noise_gpe_sigma': 106.7114583318161, 'noise_gpi_sigma': 87.3244540835339, 'g_stn_gpe_mult': 3.555717036330607, 'g_gpe_stn_mult': 0.16702245765649687, 'g_stn_gpi_mult': 2.6458182711019362, 'g_gpe_gpi_mult': 0.7777651000481227}. Best is trial 845 with value: 0.12710756475260498.
[I 2026-05-28 21:49:00,228] Trial 868 finished with value: 0.14604492423604967 and parameters: {'ISTN': 60.81948903463423, 'I_gpe': 1.1435983329418358, 'I_gpi': 2.035489796342458, 'noise_stn_sigma': 2.7505859680083162, 'noise_gpe_sigma': 106.40477702681896, 'noise_gpi_sigma': 88.03465317654191, 'g_stn_gpe_mult': 3.489942138583794, 'g_gpe_stn_mult': 0.17287088713044274, 'g_stn_gpi_mult': 2.5924649880702497, 'g_gpe_gpi_mult': 0.7701184147901388}. Best is trial 845 with value: 0.12710756475260498.
[I 2026-05-28 21:49:01,234] Trial 869 finished with value: 0.13332112918716618 and parameters: {'ISTN': 60.108219196681254, 'I_gpe': 1.2124668100445324, 'I_gpi': 2.0542068456566493, 'noise_stn_sigma': 2.4961387683513503, 'noise_gpe_sigma': 105.43160886720607, 'noise_gpi_sigma': 85.05641339934351, 'g_stn_gpe_mult': 3.407550386912, 'g_gpe_stn_mult': 0.17449739835033337, 'g_stn_gpi_mult': 2.6059204149766932, 'g_gpe_gpi_mult': 0.7722169196890749}. Best is trial 845 with value: 0.12710756475260498.
[I 2026-05-28 21:49:02,242] Trial 870 finished with value: 0.1305020930600436 and parameters: {'ISTN': 60.08446327822018, 'I_gpe': 1.1181757139991118, 'I_gpi': 2.0558241720834163, 'noise_stn_sigma': 2.57734766814911, 'noise_gpe_sigma': 104.54158495937033, 'noise_gpi_sigma': 86.98539869292286, 'g_stn_gpe_mult': 3.494195616636347, 'g_gpe_stn_mult': 0.18037100882358606, 'g_stn_gpi_mult': 2.6458021209468003, 'g_gpe_gpi_mult': 0.7634051834902795}. Best is trial 845 with value: 0.12710756475260498.
[I 2026-05-28 21:49:03,251] Trial 871 finished with value: 0.13647169788508545 and parameters: {'ISTN': 60.82046135271982, 'I_gpe': 1.1310256865102837, 'I_gpi': 2.0206849716912436, 'noise_stn_sigma': 2.6911238477778894, 'noise_gpe_sigma': 104.9853375497586, 'noise_gpi_sigma': 85.44718957402135, 'g_stn_gpe_mult': 3.5060992757347957, 'g_gpe_stn_mult': 0.1687995034513029, 'g_stn_gpi_mult': 2.5919662597549067, 'g_gpe_gpi_mult': 0.7847133945250824}. Best is trial 845 with value: 0.12710756475260498.
[I 2026-05-28 21:49:04,259] Trial 872 finished with value: 0.1299065016257097 and parameters: {'ISTN': 60.391154986059405, 'I_gpe': 1.122190436735628, 'I_gpi': 2.0475255541518056, 'noise_stn_sigma': 2.5041779392942813, 'noise_gpe_sigma': 104.97815832294312, 'noise_gpi_sigma': 85.17309538661765, 'g_stn_gpe_mult': 3.470090288426578, 'g_gpe_stn_mult': 0.17322008034228148, 'g_stn_gpi_mult': 2.592158099215867, 'g_gpe_gpi_mult': 0.7770453276858811}. Best is trial 845 with value: 0.12710756475260498.
[I 2026-05-28 21:49:05,265] Trial 873 finished with value: 0.13467605504592634 and parameters: {'ISTN': 60.49576874321521, 'I_gpe': 1.156474529006358, 'I_gpi': 2.0125527122702174, 'noise_stn_sigma': 2.5069329019761186, 'noise_gpe_sigma': 105.01789389008222, 'noise_gpi_sigma': 89.2659531551679, 'g_stn_gpe_mult': 3.537613433062243, 'g_gpe_stn_mult': 0.17522496769551507, 'g_stn_gpi_mult': 2.616718488701755, 'g_gpe_gpi_mult': 0.753534057353973}. Best is trial 845 with value: 0.12710756475260498.
[I 2026-05-28 21:49:06,272] Trial 874 finished with value: 0.47056548597785874 and parameters: {'ISTN': 60.53954201960273, 'I_gpe': 1.1583579654618963, 'I_gpi': 2.0442632216039542, 'noise_stn_sigma': 2.633775609526319, 'noise_gpe_sigma': 105.45938546010709, 'noise_gpi_sigma': 86.08155604065257, 'g_stn_gpe_mult': 3.5182258616396673, 'g_gpe_stn_mult': 0.15760646692971075, 'g_stn_gpi_mult': 2.615206175823274, 'g_gpe_gpi_mult': 0.776256331942164}. Best is trial 845 with value: 0.12710756475260498.
[I 2026-05-28 21:49:07,276] Trial 875 finished with value: 0.14125958699872415 and parameters: {'ISTN': 60.330189405934824, 'I_gpe': 1.1696180886515424, 'I_gpi': 2.0882027413427426, 'noise_stn_sigma': 2.410382166270626, 'noise_gpe_sigma': 105.41809787073636, 'noise_gpi_sigma': 85.53607609950534, 'g_stn_gpe_mult': 3.5208637610819604, 'g_gpe_stn_mult': 0.17275137471803678, 'g_stn_gpi_mult': 2.5879682126211687, 'g_gpe_gpi_mult': 0.7648801841986783}. Best is trial 845 with value: 0.12710756475260498.
[I 2026-05-28 21:49:08,283] Trial 876 finished with value: 0.13154815357921573 and parameters: {'ISTN': 60.48647109432589, 'I_gpe': 1.0897332750794362, 'I_gpi': 2.033277132785657, 'noise_stn_sigma': 2.5333166901699733, 'noise_gpe_sigma': 104.93223739771092, 'noise_gpi_sigma': 87.59487294579125, 'g_stn_gpe_mult': 3.523363767471211, 'g_gpe_stn_mult': 0.16893414392934444, 'g_stn_gpi_mult': 2.6042109810687633, 'g_gpe_gpi_mult': 0.761379554505218}. Best is trial 845 with value: 0.12710756475260498.
[I 2026-05-28 21:49:09,289] Trial 877 finished with value: 0.1398629280474475 and parameters: {'ISTN': 60.77009387823836, 'I_gpe': 1.2095698350415476, 'I_gpi': 2.057119237008101, 'noise_stn_sigma': 2.497763124684172, 'noise_gpe_sigma': 103.55696791783038, 'noise_gpi_sigma': 87.6935864505648, 'g_stn_gpe_mult': 3.4489297247966473, 'g_gpe_stn_mult': 0.17105851727538815, 'g_stn_gpi_mult': 2.556943506810106, 'g_gpe_gpi_mult': 0.7785922391886169}. Best is trial 845 with value: 0.12710756475260498.
[I 2026-05-28 21:49:10,295] Trial 878 finished with value: 0.1277431725172843 and parameters: {'ISTN': 60.097338652972155, 'I_gpe': 1.1428523903432108, 'I_gpi': 2.061120241364117, 'noise_stn_sigma': 2.6497102392576837, 'noise_gpe_sigma': 106.08609841627091, 'noise_gpi_sigma': 86.16417201226332, 'g_stn_gpe_mult': 3.5489076828104484, 'g_gpe_stn_mult': 0.1766233199975608, 'g_stn_gpi_mult': 2.6117154447800797, 'g_gpe_gpi_mult': 0.7860790048155564}. Best is trial 845 with value: 0.12710756475260498.
[I 2026-05-28 21:49:11,302] Trial 879 finished with value: 0.1295815809754144 and parameters: {'ISTN': 60.30675379500553, 'I_gpe': 1.1968854186364548, 'I_gpi': 2.0533930394412945, 'noise_stn_sigma': 2.656456224737236, 'noise_gpe_sigma': 103.44388796463663, 'noise_gpi_sigma': 87.50053199868904, 'g_stn_gpe_mult': 3.445402049239727, 'g_gpe_stn_mult': 0.16957551387319092, 'g_stn_gpi_mult': 2.6286778223965683, 'g_gpe_gpi_mult': 0.766684732761441}. Best is trial 845 with value: 0.12710756475260498.
