[I 2026-05-28 22:00:44,110] Trial 572 finished with value: 0.1251803625381999 and parameters: {'ISTN': 60.41414814815402, 'I_gpe': 1.4291115366958056, 'I_gpi': 2.3865922153484984, 'noise_stn_sigma': 2.88229796143147, 'noise_gpe_sigma': 107.3145022434689, 'noise_gpi_sigma': 79.99742160083218, 'g_stn_gpe_mult': 3.7540269365065075, 'g_gpe_stn_mult': 0.12228413118827332, 'g_stn_gpi_mult': 1.8571774862373074, 'g_gpe_gpi_mult': 0.7029899891376532}. Best is trial 522 with value: 0.117843610724915.
[I 2026-05-28 22:00:45,089] Trial 573 finished with value: 0.12532818338251148 and parameters: {'ISTN': 62.29950047709864, 'I_gpe': 1.42171973777765, 'I_gpi': 2.341400987823569, 'noise_stn_sigma': 3.1935856863511045, 'noise_gpe_sigma': 106.01307715508105, 'noise_gpi_sigma': 80.45272350817206, 'g_stn_gpe_mult': 3.778606291285276, 'g_gpe_stn_mult': 0.10636149256785657, 'g_stn_gpi_mult': 1.7501433514462914, 'g_gpe_gpi_mult': 0.705240408353853}. Best is trial 522 with value: 0.117843610724915.
[I 2026-05-28 22:00:46,068] Trial 574 finished with value: 0.11725300880093929 and parameters: {'ISTN': 60.68651938074048, 'I_gpe': 1.3808638309091639, 'I_gpi': 2.2958939739883535, 'noise_stn_sigma': 3.1315166346002803, 'noise_gpe_sigma': 105.94343685231951, 'noise_gpi_sigma': 86.90316869863051, 'g_stn_gpe_mult': 3.851169290177195, 'g_gpe_stn_mult': 0.12074699114757499, 'g_stn_gpi_mult': 1.7533496242309219, 'g_gpe_gpi_mult': 0.7462901992121556}. Best is trial 574 with value: 0.11725300880093929.
[I 2026-05-28 22:00:47,046] Trial 575 finished with value: 0.12287368449015325 and parameters: {'ISTN': 62.38982291464743, 'I_gpe': 1.3749822063447654, 'I_gpi': 2.298816255276284, 'noise_stn_sigma': 3.359135449272576, 'noise_gpe_sigma': 108.3869070510544, 'noise_gpi_sigma': 79.7659596545216, 'g_stn_gpe_mult': 3.8756744848703892, 'g_gpe_stn_mult': 0.10656699178158975, 'g_stn_gpi_mult': 1.730332764152534, 'g_gpe_gpi_mult': 0.7187390859126257}. Best is trial 574 with value: 0.11725300880093929.
[I 2026-05-28 22:00:48,025] Trial 576 finished with value: 0.12008923113362395 and parameters: {'ISTN': 61.15871170087803, 'I_gpe': 1.32683392981258, 'I_gpi': 2.3669497547083083, 'noise_stn_sigma': 3.2853302042409878, 'noise_gpe_sigma': 106.67168349323931, 'noise_gpi_sigma': 81.02824729771123, 'g_stn_gpe_mult': 3.812648469360441, 'g_gpe_stn_mult': 0.12911652365764775, 'g_stn_gpi_mult': 1.7105330369466993, 'g_gpe_gpi_mult': 0.7157528210036566}. Best is trial 574 with value: 0.11725300880093929.
[I 2026-05-28 22:00:49,005] Trial 577 finished with value: 0.11614220740805577 and parameters: {'ISTN': 60.49461945835913, 'I_gpe': 1.3777504536531469, 'I_gpi': 2.3062327432830476, 'noise_stn_sigma': 3.1990360712582384, 'noise_gpe_sigma': 107.59792526388136, 'noise_gpi_sigma': 86.04567504093217, 'g_stn_gpe_mult': 3.6307304227594517, 'g_gpe_stn_mult': 0.12119544882816342, 'g_stn_gpi_mult': 1.7517258078581515, 'g_gpe_gpi_mult': 0.706441191028796}. Best is trial 577 with value: 0.11614220740805577.
[I 2026-05-28 22:00:49,983] Trial 578 finished with value: 0.12020594523820474 and parameters: {'ISTN': 61.901868197829195, 'I_gpe': 1.3564919409178313, 'I_gpi': 2.3626701637167375, 'noise_stn_sigma': 3.0156590857657566, 'noise_gpe_sigma': 107.88134290509478, 'noise_gpi_sigma': 85.34102107192857, 'g_stn_gpe_mult': 3.7634631617448444, 'g_gpe_stn_mult': 0.11616201141743256, 'g_stn_gpi_mult': 1.6999677171354368, 'g_gpe_gpi_mult': 0.7061993900481791}. Best is trial 577 with value: 0.11614220740805577.
[I 2026-05-28 22:00:50,962] Trial 579 finished with value: 0.11942803598142941 and parameters: {'ISTN': 60.6012483580551, 'I_gpe': 1.3551969274430964, 'I_gpi': 2.24895901844432, 'noise_stn_sigma': 3.165715203785034, 'noise_gpe_sigma': 106.08071297972802, 'noise_gpi_sigma': 84.66545290529781, 'g_stn_gpe_mult': 3.7979602515077557, 'g_gpe_stn_mult': 0.12434452359091858, 'g_stn_gpi_mult': 1.6852802741451687, 'g_gpe_gpi_mult': 0.7221980874852214}. Best is trial 577 with value: 0.11614220740805577.
[I 2026-05-28 22:00:51,941] Trial 580 finished with value: 0.123901960405113 and parameters: {'ISTN': 60.8474872494594, 'I_gpe': 1.427903080783429, 'I_gpi': 2.3899859303665725, 'noise_stn_sigma': 3.0424139475539937, 'noise_gpe_sigma': 107.03040332598653, 'noise_gpi_sigma': 82.89964342119771, 'g_stn_gpe_mult': 3.718996880848429, 'g_gpe_stn_mult': 0.13130303424498596, 'g_stn_gpi_mult': 1.7155088244910948, 'g_gpe_gpi_mult': 0.6832662945355825}. Best is trial 577 with value: 0.11614220740805577.
[I 2026-05-28 22:00:52,922] Trial 581 finished with value: 0.11978782995403293 and parameters: {'ISTN': 60.71614505047262, 'I_gpe': 1.361397963796362, 'I_gpi': 2.357142234910766, 'noise_stn_sigma': 2.9489739142890614, 'noise_gpe_sigma': 103.94577916782772, 'noise_gpi_sigma': 85.95086006108153, 'g_stn_gpe_mult': 3.684552357578295, 'g_gpe_stn_mult': 0.12119621292256677, 'g_stn_gpi_mult': 1.6942150949701162, 'g_gpe_gpi_mult': 0.7421168516982388}. Best is trial 577 with value: 0.11614220740805577.
[I 2026-05-28 22:00:53,901] Trial 582 finished with value: 0.11983595539489761 and parameters: {'ISTN': 60.813214625776915, 'I_gpe': 1.409518903096314, 'I_gpi': 2.2316794243752014, 'noise_stn_sigma': 3.276101146600225, 'noise_gpe_sigma': 107.15898710672818, 'noise_gpi_sigma': 85.94885385807733, 'g_stn_gpe_mult': 3.8368024692685125, 'g_gpe_stn_mult': 0.11720510703132664, 'g_stn_gpi_mult': 1.79783049250722, 'g_gpe_gpi_mult': 0.7302710837666451}. Best is trial 577 with value: 0.11614220740805577.
[I 2026-05-28 22:00:54,881] Trial 583 finished with value: 0.12202875370613771 and parameters: {'ISTN': 61.74595660898984, 'I_gpe': 1.3482268633182692, 'I_gpi': 2.324619067174694, 'noise_stn_sigma': 2.915576414479413, 'noise_gpe_sigma': 104.34899826154007, 'noise_gpi_sigma': 81.84758479645518, 'g_stn_gpe_mult': 3.72696617940825, 'g_gpe_stn_mult': 0.11917189637776089, 'g_stn_gpi_mult': 1.6855436508702866, 'g_gpe_gpi_mult': 0.704070271171735}. Best is trial 577 with value: 0.11614220740805577.
[I 2026-05-28 22:00:55,859] Trial 584 finished with value: 0.12020619401754358 and parameters: {'ISTN': 60.84723696344555, 'I_gpe': 1.3483236419748548, 'I_gpi': 2.322752281154366, 'noise_stn_sigma': 3.0839442097481835, 'noise_gpe_sigma': 103.24809211067469, 'noise_gpi_sigma': 83.24570397959756, 'g_stn_gpe_mult': 3.776701700628627, 'g_gpe_stn_mult': 0.11300562566464357, 'g_stn_gpi_mult': 1.6691547580635067, 'g_gpe_gpi_mult': 0.724192859234136}. Best is trial 577 with value: 0.11614220740805577.
[I 2026-05-28 22:00:56,838] Trial 585 finished with value: 0.12264323175032456 and parameters: {'ISTN': 60.59765295392357, 'I_gpe': 1.377319937341623, 'I_gpi': 2.277092795731292, 'noise_stn_sigma': 3.09856496827305, 'noise_gpe_sigma': 101.50966265918981, 'noise_gpi_sigma': 88.88310100675787, 'g_stn_gpe_mult': 3.8357795799887757, 'g_gpe_stn_mult': 0.10539215448502132, 'g_stn_gpi_mult': 1.684011713575937, 'g_gpe_gpi_mult': 0.7386685235035391}. Best is trial 577 with value: 0.11614220740805577.
[I 2026-05-28 22:00:57,817] Trial 586 finished with value: 0.20156958015103119 and parameters: {'ISTN': 61.23562100646245, 'I_gpe': 1.3574302754756964, 'I_gpi': 2.301041254563942, 'noise_stn_sigma': 3.396009321574813, 'noise_gpe_sigma': 107.53843328973676, 'noise_gpi_sigma': 81.77605792740715, 'g_stn_gpe_mult': 3.781293285599505, 'g_gpe_stn_mult': 0.1489838409946124, 'g_stn_gpi_mult': 1.7623612697760807, 'g_gpe_gpi_mult': 0.7086135787484102}. Best is trial 577 with value: 0.11614220740805577.
[I 2026-05-28 22:00:58,797] Trial 587 finished with value: 0.11668852785680386 and parameters: {'ISTN': 60.79903622813039, 'I_gpe': 1.3652782128515586, 'I_gpi': 2.3236838483888604, 'noise_stn_sigma': 3.1244001232920087, 'noise_gpe_sigma': 105.92026406274147, 'noise_gpi_sigma': 83.76892502373002, 'g_stn_gpe_mult': 3.77368507664165, 'g_gpe_stn_mult': 0.12519776107349068, 'g_stn_gpi_mult': 1.74442479274257, 'g_gpe_gpi_mult': 0.6946672632389972}. Best is trial 577 with value: 0.11614220740805577.
[I 2026-05-28 22:00:59,777] Trial 588 finished with value: 0.11939487765555863 and parameters: {'ISTN': 60.429935428401535, 'I_gpe': 1.293424732657832, 'I_gpi': 2.2709034967250057, 'noise_stn_sigma': 3.386712219347259, 'noise_gpe_sigma': 103.76409036553372, 'noise_gpi_sigma': 85.20640088244096, 'g_stn_gpe_mult': 3.8327280394422596, 'g_gpe_stn_mult': 0.10290449518112962, 'g_stn_gpi_mult': 1.7078662551946844, 'g_gpe_gpi_mult': 0.7135621289420206}. Best is trial 577 with value: 0.11614220740805577.
[I 2026-05-28 22:01:00,758] Trial 589 finished with value: 0.11939564504878057 and parameters: {'ISTN': 60.142648916731915, 'I_gpe': 1.3682354489456623, 'I_gpi': 2.3704135508164024, 'noise_stn_sigma': 3.1501668021449847, 'noise_gpe_sigma': 106.23369700009565, 'noise_gpi_sigma': 83.40776079078009, 'g_stn_gpe_mult': 3.770848366545351, 'g_gpe_stn_mult': 0.12224511560617105, 'g_stn_gpi_mult': 1.7509524810319326, 'g_gpe_gpi_mult': 0.7193223131700437}. Best is trial 577 with value: 0.11614220740805577.
[I 2026-05-28 22:01:01,738] Trial 590 finished with value: 0.11934973142457315 and parameters: {'ISTN': 60.91725118514858, 'I_gpe': 1.36555770963409, 'I_gpi': 2.3306755033894113, 'noise_stn_sigma': 3.2787238384152473, 'noise_gpe_sigma': 104.0743565018983, 'noise_gpi_sigma': 83.2167494971205, 'g_stn_gpe_mult': 3.831082076424326, 'g_gpe_stn_mult': 0.10002746563405347, 'g_stn_gpi_mult': 1.7393007772561604, 'g_gpe_gpi_mult': 0.7159793614557319}. Best is trial 577 with value: 0.11614220740805577.
[I 2026-05-28 22:01:02,718] Trial 591 finished with value: 0.11950793300320642 and parameters: {'ISTN': 60.30631426793942, 'I_gpe': 1.3784028319414918, 'I_gpi': 2.365018531870936, 'noise_stn_sigma': 3.396677100762122, 'noise_gpe_sigma': 106.67653458317423, 'noise_gpi_sigma': 81.72130183738321, 'g_stn_gpe_mult': 3.788527134127022, 'g_gpe_stn_mult': 0.10124104938354131, 'g_stn_gpi_mult': 1.747285124122687, 'g_gpe_gpi_mult': 0.6855663407199076}. Best is trial 577 with value: 0.11614220740805577.
[I 2026-05-28 22:01:03,697] Trial 592 finished with value: 0.1195769313888555 and parameters: {'ISTN': 60.34012586876818, 'I_gpe': 1.3727409162842015, 'I_gpi': 2.2782908006872633, 'noise_stn_sigma': 3.23732035294433, 'noise_gpe_sigma': 101.49815285370353, 'noise_gpi_sigma': 84.1196116233809, 'g_stn_gpe_mult': 3.8106192986612353, 'g_gpe_stn_mult': 0.12623110642470714, 'g_stn_gpi_mult': 1.7182410857095434, 'g_gpe_gpi_mult': 0.6985443624221004}. Best is trial 577 with value: 0.11614220740805577.
[I 2026-05-28 22:01:04,676] Trial 593 finished with value: 0.11944906171813831 and parameters: {'ISTN': 60.47773603077513, 'I_gpe': 1.324487975676485, 'I_gpi': 2.3469585512552866, 'noise_stn_sigma': 3.2041974688076444, 'noise_gpe_sigma': 103.06700342714902, 'noise_gpi_sigma': 86.97636012543968, 'g_stn_gpe_mult': 3.8622253792121395, 'g_gpe_stn_mult': 0.11795514337172468, 'g_stn_gpi_mult': 1.75639286135861, 'g_gpe_gpi_mult': 0.725771611393841}. Best is trial 577 with value: 0.11614220740805577.
[I 2026-05-28 22:01:05,654] Trial 594 finished with value: 0.12041841899703098 and parameters: {'ISTN': 60.372194741131416, 'I_gpe': 1.3572627909162283, 'I_gpi': 2.314189580795304, 'noise_stn_sigma': 3.1337968188287517, 'noise_gpe_sigma': 101.4180941122158, 'noise_gpi_sigma': 83.48095505961805, 'g_stn_gpe_mult': 3.7701072548701853, 'g_gpe_stn_mult': 0.12372829779899312, 'g_stn_gpi_mult': 1.7175038038095942, 'g_gpe_gpi_mult': 0.7079072796243531}. Best is trial 577 with value: 0.11614220740805577.
[I 2026-05-28 22:01:06,633] Trial 595 finished with value: 0.11821613253466708 and parameters: {'ISTN': 61.12026548596857, 'I_gpe': 1.3689562871571133, 'I_gpi': 2.3089475072044294, 'noise_stn_sigma': 3.2191906801570203, 'noise_gpe_sigma': 107.77867610672003, 'noise_gpi_sigma': 81.21750129965822, 'g_stn_gpe_mult': 3.7065536530979752, 'g_gpe_stn_mult': 0.10596852816825768, 'g_stn_gpi_mult': 1.687568946254173, 'g_gpe_gpi_mult': 0.707449883922795}. Best is trial 577 with value: 0.11614220740805577.
[I 2026-05-28 22:01:07,610] Trial 596 finished with value: 0.1183657030372527 and parameters: {'ISTN': 61.2639172747335, 'I_gpe': 1.3180702372602608, 'I_gpi': 2.287481512214581, 'noise_stn_sigma': 3.3751373321985474, 'noise_gpe_sigma': 101.57474049416065, 'noise_gpi_sigma': 85.38869649096834, 'g_stn_gpe_mult': 3.761491181605023, 'g_gpe_stn_mult': 0.11694112174476592, 'g_stn_gpi_mult': 1.7390508881975153, 'g_gpe_gpi_mult': 0.6889028376390954}. Best is trial 577 with value: 0.11614220740805577.
[I 2026-05-28 22:01:08,588] Trial 597 finished with value: 0.11821781335605279 and parameters: {'ISTN': 60.23273569389303, 'I_gpe': 1.4103819355801865, 'I_gpi': 2.333263754149067, 'noise_stn_sigma': 3.222972482318152, 'noise_gpe_sigma': 107.82737472945378, 'noise_gpi_sigma': 83.71537499249189, 'g_stn_gpe_mult': 3.7644346975362675, 'g_gpe_stn_mult': 0.13528321831740323, 'g_stn_gpi_mult': 1.745874931355509, 'g_gpe_gpi_mult': 0.7161085023658169}. Best is trial 577 with value: 0.11614220740805577.
[I 2026-05-28 22:01:09,567] Trial 598 finished with value: 0.11825891845820413 and parameters: {'ISTN': 60.96426390560608, 'I_gpe': 1.29764390891475, 'I_gpi': 2.289988243769381, 'noise_stn_sigma': 3.3134967202040375, 'noise_gpe_sigma': 105.13742959206253, 'noise_gpi_sigma': 80.85401912162267, 'g_stn_gpe_mult': 3.8994083025426893, 'g_gpe_stn_mult': 0.11906779512434384, 'g_stn_gpi_mult': 1.7490858204634196, 'g_gpe_gpi_mult': 0.6972379553876668}. Best is trial 577 with value: 0.11614220740805577.
[I 2026-05-28 22:01:10,547] Trial 599 finished with value: 0.12094518231414728 and parameters: {'ISTN': 60.81127390754137, 'I_gpe': 1.3843210009578466, 'I_gpi': 2.3295119104564668, 'noise_stn_sigma': 2.754341384965637, 'noise_gpe_sigma': 100.3029924853525, 'noise_gpi_sigma': 86.1577948575243, 'g_stn_gpe_mult': 4.008808026473149, 'g_gpe_stn_mult': 0.1262331004500242, 'g_stn_gpi_mult': 1.6818603482667664, 'g_gpe_gpi_mult': 0.705115874968423}. Best is trial 577 with value: 0.11614220740805577.
[I 2026-05-28 22:01:11,526] Trial 600 finished with value: 0.12264232265040301 and parameters: {'ISTN': 61.09870057682119, 'I_gpe': 1.3209903648721901, 'I_gpi': 2.4041842352730614, 'noise_stn_sigma': 3.093803522137062, 'noise_gpe_sigma': 102.08966413146625, 'noise_gpi_sigma': 81.43509171409542, 'g_stn_gpe_mult': 3.971308929604058, 'g_gpe_stn_mult': 0.10990050694974711, 'g_stn_gpi_mult': 1.7503844015787353, 'g_gpe_gpi_mult': 0.7198824288285075}. Best is trial 577 with value: 0.11614220740805577.
[I 2026-05-28 22:01:12,506] Trial 601 finished with value: 0.11998440541215946 and parameters: {'ISTN': 60.873482412150736, 'I_gpe': 1.3640398174068133, 'I_gpi': 2.2626990145595975, 'noise_stn_sigma': 3.138165659848242, 'noise_gpe_sigma': 106.3737625067236, 'noise_gpi_sigma': 84.48462630550834, 'g_stn_gpe_mult': 3.8036218186108157, 'g_gpe_stn_mult': 0.11767917726640774, 'g_stn_gpi_mult': 1.6865049303959596, 'g_gpe_gpi_mult': 0.7123573052753616}. Best is trial 577 with value: 0.11614220740805577.
[I 2026-05-28 22:01:13,484] Trial 602 finished with value: 0.11948943785214704 and parameters: {'ISTN': 60.26937564940688, 'I_gpe': 1.4012784197976362, 'I_gpi': 2.326678283834677, 'noise_stn_sigma': 3.194636607996919, 'noise_gpe_sigma': 106.84735369741652, 'noise_gpi_sigma': 82.13173315439826, 'g_stn_gpe_mult': 3.8617803845464813, 'g_gpe_stn_mult': 0.10891054825326535, 'g_stn_gpi_mult': 1.691910009530801, 'g_gpe_gpi_mult': 0.7374190826319804}. Best is trial 577 with value: 0.11614220740805577.
[I 2026-05-28 22:01:14,463] Trial 603 finished with value: 0.11661507033658469 and parameters: {'ISTN': 61.02457203803562, 'I_gpe': 1.3619844922023818, 'I_gpi': 2.293194685105016, 'noise_stn_sigma': 3.2836609444456806, 'noise_gpe_sigma': 107.32946169031965, 'noise_gpi_sigma': 85.06841459398615, 'g_stn_gpe_mult': 3.763270279166824, 'g_gpe_stn_mult': 0.12030476748219239, 'g_stn_gpi_mult': 1.7154027586874288, 'g_gpe_gpi_mult': 0.708417386179554}. Best is trial 577 with value: 0.11614220740805577.
[I 2026-05-28 22:01:15,445] Trial 604 finished with value: 0.12031814311892923 and parameters: {'ISTN': 60.9770426091953, 'I_gpe': 1.3593137220267701, 'I_gpi': 2.4022688074785097, 'noise_stn_sigma': 3.1933278169815975, 'noise_gpe_sigma': 103.33579784815029, 'noise_gpi_sigma': 81.76996673267999, 'g_stn_gpe_mult': 3.776022627793929, 'g_gpe_stn_mult': 0.1126417267984001, 'g_stn_gpi_mult': 1.7523676418209697, 'g_gpe_gpi_mult': 0.7011278791758575}. Best is trial 577 with value: 0.11614220740805577.
[I 2026-05-28 22:01:16,426] Trial 605 finished with value: 0.11757774361648685 and parameters: {'ISTN': 61.25013507343147, 'I_gpe': 1.310049971074842, 'I_gpi': 2.3352938765103843, 'noise_stn_sigma': 3.279617066024009, 'noise_gpe_sigma': 106.19993571255735, 'noise_gpi_sigma': 80.78812865272897, 'g_stn_gpe_mult': 3.812053976858339, 'g_gpe_stn_mult': 0.10595598312216556, 'g_stn_gpi_mult': 1.7331311008443753, 'g_gpe_gpi_mult': 0.713019296967073}. Best is trial 577 with value: 0.11614220740805577.
[I 2026-05-28 22:01:17,404] Trial 606 finished with value: 0.11869812886589091 and parameters: {'ISTN': 60.82482400228582, 'I_gpe': 1.3796560764486892, 'I_gpi': 2.3644212305549273, 'noise_stn_sigma': 3.3807295489031985, 'noise_gpe_sigma': 104.58931827757654, 'noise_gpi_sigma': 80.72376860916401, 'g_stn_gpe_mult': 3.6706205580451896, 'g_gpe_stn_mult': 0.10873704507190007, 'g_stn_gpi_mult': 1.7245719976691671, 'g_gpe_gpi_mult': 0.7105626239440506}. Best is trial 577 with value: 0.11614220740805577.
[I 2026-05-28 22:01:18,381] Trial 607 finished with value: 0.11971982395986885 and parameters: {'ISTN': 61.407831068098936, 'I_gpe': 1.3732810284038837, 'I_gpi': 2.2934435757517218, 'noise_stn_sigma': 3.1502485413894488, 'noise_gpe_sigma': 102.99200578583498, 'noise_gpi_sigma': 87.99537720203432, 'g_stn_gpe_mult': 3.7021699079934045, 'g_gpe_stn_mult': 0.11688640443307621, 'g_stn_gpi_mult': 1.6731173009634068, 'g_gpe_gpi_mult': 0.7043174565478301}. Best is trial 577 with value: 0.11614220740805577.
[I 2026-05-28 22:01:19,359] Trial 608 finished with value: 0.118505137573597 and parameters: {'ISTN': 61.331677762728496, 'I_gpe': 1.352596915224693, 'I_gpi': 2.336380810854271, 'noise_stn_sigma': 3.0681196969421087, 'noise_gpe_sigma': 108.54451321781256, 'noise_gpi_sigma': 83.55270371061317, 'g_stn_gpe_mult': 3.788844881326043, 'g_gpe_stn_mult': 0.11500616442675904, 'g_stn_gpi_mult': 1.734937155009733, 'g_gpe_gpi_mult': 0.722215979341458}. Best is trial 577 with value: 0.11614220740805577.
[I 2026-05-28 22:01:20,340] Trial 609 finished with value: 0.12015046242087016 and parameters: {'ISTN': 60.41255834421759, 'I_gpe': 1.368965266000095, 'I_gpi': 2.2759624408859214, 'noise_stn_sigma': 3.408839674203037, 'noise_gpe_sigma': 104.48787024249708, 'noise_gpi_sigma': 81.19723613302685, 'g_stn_gpe_mult': 3.7944131078669474, 'g_gpe_stn_mult': 0.11686732958563287, 'g_stn_gpi_mult': 1.6497310556360465, 'g_gpe_gpi_mult': 0.7017827522003133}. Best is trial 577 with value: 0.11614220740805577.
[I 2026-05-28 22:01:21,320] Trial 610 finished with value: 0.11594155406705796 and parameters: {'ISTN': 60.500638623229484, 'I_gpe': 1.3860552731932048, 'I_gpi': 2.3629036489168724, 'noise_stn_sigma': 3.2528921752002464, 'noise_gpe_sigma': 111.37788552145462, 'noise_gpi_sigma': 82.7760651824107, 'g_stn_gpe_mult': 3.6255072978914584, 'g_gpe_stn_mult': 0.11817172593137447, 'g_stn_gpi_mult': 1.7036169175154634, 'g_gpe_gpi_mult': 0.6991774514901916}. Best is trial 610 with value: 0.11594155406705796.
[I 2026-05-28 22:01:22,300] Trial 611 finished with value: 0.1198759165203872 and parameters: {'ISTN': 61.44138324387214, 'I_gpe': 1.3530665668298876, 'I_gpi': 2.322324697777156, 'noise_stn_sigma': 3.406867911677978, 'noise_gpe_sigma': 108.30666018998309, 'noise_gpi_sigma': 80.26365549111665, 'g_stn_gpe_mult': 3.8316268824609825, 'g_gpe_stn_mult': 0.12195171808831799, 'g_stn_gpi_mult': 1.7028561509198483, 'g_gpe_gpi_mult': 0.6986023841596294}. Best is trial 610 with value: 0.11594155406705796.
[I 2026-05-28 22:01:23,279] Trial 612 finished with value: 0.11629109355734443 and parameters: {'ISTN': 61.4052460749408, 'I_gpe': 1.353840770138758, 'I_gpi': 2.304689551162118, 'noise_stn_sigma': 3.3802834284554697, 'noise_gpe_sigma': 110.76615346398074, 'noise_gpi_sigma': 83.43522554365398, 'g_stn_gpe_mult': 3.633007204545358, 'g_gpe_stn_mult': 0.10677850772486126, 'g_stn_gpi_mult': 1.7410777269019029, 'g_gpe_gpi_mult': 0.6962623295960029}. Best is trial 610 with value: 0.11594155406705796.
[I 2026-05-28 22:01:24,256] Trial 613 finished with value: 0.11747553159174039 and parameters: {'ISTN': 61.02744680000055, 'I_gpe': 1.350127050027447, 'I_gpi': 2.3437121256873223, 'noise_stn_sigma': 3.1672271458899783, 'noise_gpe_sigma': 110.11973988889281, 'noise_gpi_sigma': 84.34469354361157, 'g_stn_gpe_mult': 3.6673774874707914, 'g_gpe_stn_mult': 0.10757374921853594, 'g_stn_gpi_mult': 1.7207353819072582, 'g_gpe_gpi_mult': 0.716299511757911}. Best is trial 610 with value: 0.11594155406705796.
[I 2026-05-28 22:01:25,233] Trial 614 finished with value: 0.11859999265752884 and parameters: {'ISTN': 60.95772938217858, 'I_gpe': 1.3825093713215022, 'I_gpi': 2.312367530702642, 'noise_stn_sigma': 3.241263752090589, 'noise_gpe_sigma': 110.07401309012461, 'noise_gpi_sigma': 83.16200048111376, 'g_stn_gpe_mult': 3.828859744387256, 'g_gpe_stn_mult': 0.12281816970211946, 'g_stn_gpi_mult': 1.7251253553206418, 'g_gpe_gpi_mult': 0.7147630637765636}. Best is trial 610 with value: 0.11594155406705796.
[I 2026-05-28 22:01:26,212] Trial 615 finished with value: 0.12375280953030535 and parameters: {'ISTN': 60.118453571128434, 'I_gpe': 1.3488443823328997, 'I_gpi': 2.3579795557232455, 'noise_stn_sigma': 3.17898467014627, 'noise_gpe_sigma': 110.54264420505999, 'noise_gpi_sigma': 82.459766616467, 'g_stn_gpe_mult': 3.689576991634734, 'g_gpe_stn_mult': 0.11779777519036708, 'g_stn_gpi_mult': 1.7710947680944862, 'g_gpe_gpi_mult': 0.7051262262035018}. Best is trial 610 with value: 0.11594155406705796.
