[I 2026-05-28 22:21:38,376] Trial 792 finished with value: 7.05013654265819 and parameters: {'ISTN': 116.69479026913996, 'I_gpe': 2.2380937734985835, 'I_gpi': 1.976911152333027, 'noise_stn_sigma': 4.6393391155584425, 'noise_gpe_sigma': 116.99595327289995, 'noise_gpi_sigma': 135.96409222386794, 'g_stn_gpe_mult': 4.356217729588335, 'g_gpe_stn_mult': 0.6853147100319649, 'g_stn_gpi_mult': 1.5189258290340122, 'g_gpe_gpi_mult': 0.7207201909487724}. Best is trial 767 with value: 0.775992504791496.
[I 2026-05-28 22:21:39,418] Trial 793 finished with value: 9.425950785224872 and parameters: {'ISTN': 116.46613309835334, 'I_gpe': 2.3070866039950086, 'I_gpi': 2.1484531061393373, 'noise_stn_sigma': 4.168408732799248, 'noise_gpe_sigma': 112.75166601469854, 'noise_gpi_sigma': 128.08096562259266, 'g_stn_gpe_mult': 4.387594839111099, 'g_gpe_stn_mult': 0.6916568638963426, 'g_stn_gpi_mult': 1.5284148322548343, 'g_gpe_gpi_mult': 0.7350418647257384}. Best is trial 767 with value: 0.775992504791496.
[I 2026-05-28 22:21:40,456] Trial 794 finished with value: 1.718765269958449 and parameters: {'ISTN': 115.1567719170884, 'I_gpe': 2.341478318800112, 'I_gpi': 2.033587732305225, 'noise_stn_sigma': 4.1534224516119576, 'noise_gpe_sigma': 117.26806246026851, 'noise_gpi_sigma': 137.3560921896708, 'g_stn_gpe_mult': 4.356216284760982, 'g_gpe_stn_mult': 0.6815920629386847, 'g_stn_gpi_mult': 1.6300495300582696, 'g_gpe_gpi_mult': 0.7308613880068311}. Best is trial 767 with value: 0.775992504791496.
[I 2026-05-28 22:21:41,499] Trial 795 finished with value: 5.206158333834405 and parameters: {'ISTN': 116.38673388916678, 'I_gpe': 2.191109284999433, 'I_gpi': 2.0347885739284512, 'noise_stn_sigma': 4.411956448857751, 'noise_gpe_sigma': 112.71972917464137, 'noise_gpi_sigma': 137.1449710117098, 'g_stn_gpe_mult': 4.272115202276167, 'g_gpe_stn_mult': 0.6906511753819727, 'g_stn_gpi_mult': 1.5310085199255585, 'g_gpe_gpi_mult': 0.7049119711066063}. Best is trial 767 with value: 0.775992504791496.
[I 2026-05-28 22:21:42,542] Trial 796 finished with value: 2.1497676233669374 and parameters: {'ISTN': 115.2597760294415, 'I_gpe': 2.248267312892385, 'I_gpi': 2.2417702555922108, 'noise_stn_sigma': 4.154471474408343, 'noise_gpe_sigma': 113.8558928486161, 'noise_gpi_sigma': 130.75516826489306, 'g_stn_gpe_mult': 4.177506486558272, 'g_gpe_stn_mult': 0.6839476552942313, 'g_stn_gpi_mult': 1.551283291315615, 'g_gpe_gpi_mult': 0.7159158913906982}. Best is trial 767 with value: 0.775992504791496.
[I 2026-05-28 22:21:43,525] Trial 797 finished with value: 1000000.0 and parameters: {'ISTN': 115.58065089571316, 'I_gpe': 2.1608500890265, 'I_gpi': 2.125592530349179, 'noise_stn_sigma': 4.077201356129379, 'noise_gpe_sigma': 112.7643978263562, 'noise_gpi_sigma': 142.45390341254807, 'g_stn_gpe_mult': 4.144917018257175, 'g_gpe_stn_mult': 0.6898064103151815, 'g_stn_gpi_mult': 1.5707675537276264, 'g_gpe_gpi_mult': 0.7338954613216957}. Best is trial 767 with value: 0.775992504791496.
[I 2026-05-28 22:21:44,566] Trial 798 finished with value: 1.3819265392572946 and parameters: {'ISTN': 117.04033922151424, 'I_gpe': 2.2157268909355694, 'I_gpi': 2.0843082550328553, 'noise_stn_sigma': 4.320322634218124, 'noise_gpe_sigma': 112.79188747473792, 'noise_gpi_sigma': 137.32320856892989, 'g_stn_gpe_mult': 4.241468350564578, 'g_gpe_stn_mult': 0.6877736609309733, 'g_stn_gpi_mult': 1.5554674927882872, 'g_gpe_gpi_mult': 0.6945589605645994}. Best is trial 767 with value: 0.775992504791496.
[I 2026-05-28 22:21:45,609] Trial 799 finished with value: 6.9200931687701495 and parameters: {'ISTN': 115.24683842217081, 'I_gpe': 2.1881460226197174, 'I_gpi': 2.222335371156221, 'noise_stn_sigma': 4.18468725364337, 'noise_gpe_sigma': 117.58212819194866, 'noise_gpi_sigma': 135.96315372183994, 'g_stn_gpe_mult': 4.233078500987836, 'g_gpe_stn_mult': 0.6698210943556566, 'g_stn_gpi_mult': 1.6318839586543565, 'g_gpe_gpi_mult': 0.6539875284480978}. Best is trial 767 with value: 0.775992504791496.
[I 2026-05-28 22:21:46,652] Trial 800 finished with value: 6.315142135511465 and parameters: {'ISTN': 120.05252734232774, 'I_gpe': 2.13164272425667, 'I_gpi': 1.9461723062661784, 'noise_stn_sigma': 4.0850870455588755, 'noise_gpe_sigma': 120.09106025438976, 'noise_gpi_sigma': 130.481583504875, 'g_stn_gpe_mult': 4.4124405178914525, 'g_gpe_stn_mult': 0.7081113198950588, 'g_stn_gpi_mult': 1.4125093866151581, 'g_gpe_gpi_mult': 0.7040959229368116}. Best is trial 767 with value: 0.775992504791496.
[I 2026-05-28 22:21:47,696] Trial 801 finished with value: 2.2519224952237793 and parameters: {'ISTN': 115.61139519535078, 'I_gpe': 2.2168807438097593, 'I_gpi': 2.2180135957859277, 'noise_stn_sigma': 3.9733752710792185, 'noise_gpe_sigma': 111.11211915812153, 'noise_gpi_sigma': 144.88665868692652, 'g_stn_gpe_mult': 4.225022267548626, 'g_gpe_stn_mult': 0.6848666002500853, 'g_stn_gpi_mult': 1.4759114573233474, 'g_gpe_gpi_mult': 0.7089877585620945}. Best is trial 767 with value: 0.775992504791496.
[I 2026-05-28 22:21:48,738] Trial 802 finished with value: 3.4858198665753184 and parameters: {'ISTN': 114.08149857934117, 'I_gpe': 2.3052509855806083, 'I_gpi': 2.0918593771923417, 'noise_stn_sigma': 3.9901188377162518, 'noise_gpe_sigma': 111.47639845104142, 'noise_gpi_sigma': 131.9884243429417, 'g_stn_gpe_mult': 4.229226659636264, 'g_gpe_stn_mult': 0.6662602645040436, 'g_stn_gpi_mult': 1.5658440039154709, 'g_gpe_gpi_mult': 0.7198759632078569}. Best is trial 767 with value: 0.775992504791496.
[I 2026-05-28 22:21:49,779] Trial 803 finished with value: 11.289527986836573 and parameters: {'ISTN': 116.7898139558165, 'I_gpe': 2.18458750437894, 'I_gpi': 2.1226988591426434, 'noise_stn_sigma': 3.8935456795579166, 'noise_gpe_sigma': 106.36594079396151, 'noise_gpi_sigma': 129.16013674914083, 'g_stn_gpe_mult': 4.178062763460309, 'g_gpe_stn_mult': 0.7030561155677396, 'g_stn_gpi_mult': 1.4216146835806327, 'g_gpe_gpi_mult': 0.7164993496367793}. Best is trial 767 with value: 0.775992504791496.
[I 2026-05-28 22:21:50,822] Trial 804 finished with value: 2.709670448957222 and parameters: {'ISTN': 115.18861538162568, 'I_gpe': 2.2828125909902495, 'I_gpi': 2.181605241763222, 'noise_stn_sigma': 4.394408569072528, 'noise_gpe_sigma': 115.44091962818723, 'noise_gpi_sigma': 140.7873945191369, 'g_stn_gpe_mult': 4.402792611332397, 'g_gpe_stn_mult': 0.680398651331478, 'g_stn_gpi_mult': 1.554825100532826, 'g_gpe_gpi_mult': 0.7860364019803214}. Best is trial 767 with value: 0.775992504791496.
[I 2026-05-28 22:21:51,862] Trial 805 finished with value: 7.4814405375706565 and parameters: {'ISTN': 115.14936051791585, 'I_gpe': 2.2803082250319866, 'I_gpi': 2.258419318896361, 'noise_stn_sigma': 4.36369022740347, 'noise_gpe_sigma': 108.49819373687762, 'noise_gpi_sigma': 128.9390306398655, 'g_stn_gpe_mult': 4.323701621859156, 'g_gpe_stn_mult': 0.6817532786996755, 'g_stn_gpi_mult': 1.7032070725111494, 'g_gpe_gpi_mult': 0.7237760826350497}. Best is trial 767 with value: 0.775992504791496.
[I 2026-05-28 22:21:52,903] Trial 806 finished with value: 10.737912790578294 and parameters: {'ISTN': 114.04178384037041, 'I_gpe': 2.25386888002878, 'I_gpi': 2.1297099794476324, 'noise_stn_sigma': 4.445319219484405, 'noise_gpe_sigma': 110.15765658905299, 'noise_gpi_sigma': 132.9097454670898, 'g_stn_gpe_mult': 4.3461384016261615, 'g_gpe_stn_mult': 0.674686126037206, 'g_stn_gpi_mult': 1.6158760926838738, 'g_gpe_gpi_mult': 0.7174296675433083}. Best is trial 767 with value: 0.775992504791496.
[I 2026-05-28 22:21:53,944] Trial 807 finished with value: 3.964369839510077 and parameters: {'ISTN': 114.63482869536458, 'I_gpe': 2.268214680892403, 'I_gpi': 2.0801133424857663, 'noise_stn_sigma': 4.225112478235047, 'noise_gpe_sigma': 115.46256886537459, 'noise_gpi_sigma': 138.56662569884784, 'g_stn_gpe_mult': 4.166459932182452, 'g_gpe_stn_mult': 0.6791028828688178, 'g_stn_gpi_mult': 1.5599550928559434, 'g_gpe_gpi_mult': 0.7268857037068643}. Best is trial 767 with value: 0.775992504791496.
[I 2026-05-28 22:21:54,985] Trial 808 finished with value: 6.356367702533759 and parameters: {'ISTN': 117.73920988045928, 'I_gpe': 2.186376698066317, 'I_gpi': 1.9291825436848253, 'noise_stn_sigma': 4.219476298041659, 'noise_gpe_sigma': 111.78957928817775, 'noise_gpi_sigma': 129.48013095864576, 'g_stn_gpe_mult': 4.086209791365811, 'g_gpe_stn_mult': 0.6932227715484696, 'g_stn_gpi_mult': 1.5312214278172116, 'g_gpe_gpi_mult': 0.670306722834719}. Best is trial 767 with value: 0.775992504791496.
[I 2026-05-28 22:21:56,023] Trial 809 finished with value: 7.924370568104703 and parameters: {'ISTN': 114.60499646224406, 'I_gpe': 2.279705232862262, 'I_gpi': 2.1258354618672137, 'noise_stn_sigma': 4.419198966304654, 'noise_gpe_sigma': 110.90954013521672, 'noise_gpi_sigma': 139.88229276869663, 'g_stn_gpe_mult': 4.083297448130092, 'g_gpe_stn_mult': 0.6977849891649927, 'g_stn_gpi_mult': 1.5035647910457368, 'g_gpe_gpi_mult': 0.6905005708200158}. Best is trial 767 with value: 0.775992504791496.
[I 2026-05-28 22:21:57,006] Trial 810 finished with value: 1000000.0 and parameters: {'ISTN': 117.35529401398392, 'I_gpe': 2.2403524998079956, 'I_gpi': 2.2233481353482967, 'noise_stn_sigma': 4.336463478733956, 'noise_gpe_sigma': 113.2166482461821, 'noise_gpi_sigma': 140.53108613427963, 'g_stn_gpe_mult': 4.537288318357017, 'g_gpe_stn_mult': 0.6741152364835787, 'g_stn_gpi_mult': 1.5009649733874775, 'g_gpe_gpi_mult': 0.734484392785393}. Best is trial 767 with value: 0.775992504791496.
[I 2026-05-28 22:21:58,045] Trial 811 finished with value: 5.582492489634946 and parameters: {'ISTN': 114.305664546547, 'I_gpe': 2.2960225900927917, 'I_gpi': 2.2974991016332553, 'noise_stn_sigma': 4.056137312614857, 'noise_gpe_sigma': 111.71362011679636, 'noise_gpi_sigma': 141.06682213874123, 'g_stn_gpe_mult': 4.309970054561418, 'g_gpe_stn_mult': 0.6736432589670254, 'g_stn_gpi_mult': 1.6742855023465575, 'g_gpe_gpi_mult': 0.7039178556631214}. Best is trial 767 with value: 0.775992504791496.
[I 2026-05-28 22:21:59,087] Trial 812 finished with value: 9.383713508003138 and parameters: {'ISTN': 117.17786642173265, 'I_gpe': 2.2205651416743843, 'I_gpi': 2.0625334056547118, 'noise_stn_sigma': 3.749403689449188, 'noise_gpe_sigma': 112.54922640091658, 'noise_gpi_sigma': 132.62748139139472, 'g_stn_gpe_mult': 4.174824727806421, 'g_gpe_stn_mult': 0.6866957414114399, 'g_stn_gpi_mult': 1.3871230461656627, 'g_gpe_gpi_mult': 0.7515723457465728}. Best is trial 767 with value: 0.775992504791496.
[I 2026-05-28 22:22:00,126] Trial 813 finished with value: 4.455674620447014 and parameters: {'ISTN': 113.90539837431709, 'I_gpe': 2.245545694389586, 'I_gpi': 1.9971409185538618, 'noise_stn_sigma': 4.248903553750983, 'noise_gpe_sigma': 114.6653923068729, 'noise_gpi_sigma': 146.73481093099207, 'g_stn_gpe_mult': 4.427703949544036, 'g_gpe_stn_mult': 0.6728930693947613, 'g_stn_gpi_mult': 1.4709474702041236, 'g_gpe_gpi_mult': 0.7260476410312753}. Best is trial 767 with value: 0.775992504791496.
[I 2026-05-28 22:22:01,165] Trial 814 finished with value: 0.8244017711527163 and parameters: {'ISTN': 115.49940626358321, 'I_gpe': 2.209109503029531, 'I_gpi': 2.0138286302138235, 'noise_stn_sigma': 3.9263013605785817, 'noise_gpe_sigma': 112.758312294867, 'noise_gpi_sigma': 139.14176247451746, 'g_stn_gpe_mult': 4.367922624057544, 'g_gpe_stn_mult': 0.6922349889763959, 'g_stn_gpi_mult': 1.3767773321080594, 'g_gpe_gpi_mult': 0.7079603018286849}. Best is trial 767 with value: 0.775992504791496.
[I 2026-05-28 22:22:02,209] Trial 815 finished with value: 3.011955587759693 and parameters: {'ISTN': 113.50944683384708, 'I_gpe': 2.2554128384471084, 'I_gpi': 2.1722294001346, 'noise_stn_sigma': 4.081234658804983, 'noise_gpe_sigma': 113.35973184869003, 'noise_gpi_sigma': 139.44504971928134, 'g_stn_gpe_mult': 4.169945593772999, 'g_gpe_stn_mult': 0.6762464433898063, 'g_stn_gpi_mult': 1.4653941077385908, 'g_gpe_gpi_mult': 0.7273504259501093}. Best is trial 767 with value: 0.775992504791496.
[I 2026-05-28 22:22:03,248] Trial 816 finished with value: 2.7535774263052444 and parameters: {'ISTN': 112.79048835543098, 'I_gpe': 2.344874284919173, 'I_gpi': 2.2054200228422105, 'noise_stn_sigma': 4.171334562393595, 'noise_gpe_sigma': 114.24573418367434, 'noise_gpi_sigma': 138.80238924507546, 'g_stn_gpe_mult': 4.237900188469944, 'g_gpe_stn_mult': 0.6716941780698076, 'g_stn_gpi_mult': 1.6489309970447668, 'g_gpe_gpi_mult': 0.7332270080927668}. Best is trial 767 with value: 0.775992504791496.
[I 2026-05-28 22:22:04,287] Trial 817 finished with value: 1.3438545918584779 and parameters: {'ISTN': 117.26651918899506, 'I_gpe': 2.199754914615113, 'I_gpi': 2.220345364423565, 'noise_stn_sigma': 3.966715692746816, 'noise_gpe_sigma': 112.89808163736885, 'noise_gpi_sigma': 135.3357635143729, 'g_stn_gpe_mult': 4.353731039523801, 'g_gpe_stn_mult': 0.6822047764485256, 'g_stn_gpi_mult': 1.3594786063793132, 'g_gpe_gpi_mult': 0.7019746155454176}. Best is trial 767 with value: 0.775992504791496.
[I 2026-05-28 22:22:05,330] Trial 818 finished with value: 8.684273190268309 and parameters: {'ISTN': 113.99898246752167, 'I_gpe': 2.197476739134406, 'I_gpi': 2.27425493705205, 'noise_stn_sigma': 4.2547692064711615, 'noise_gpe_sigma': 115.73378200105236, 'noise_gpi_sigma': 143.94112769424333, 'g_stn_gpe_mult': 4.280883137447216, 'g_gpe_stn_mult': 0.6581694542382397, 'g_stn_gpi_mult': 1.706805382988705, 'g_gpe_gpi_mult': 0.7329373917724602}. Best is trial 767 with value: 0.775992504791496.
[I 2026-05-28 22:22:06,374] Trial 819 finished with value: 8.365352256588219 and parameters: {'ISTN': 116.55212012226681, 'I_gpe': 2.2381881451937238, 'I_gpi': 2.2733254537508367, 'noise_stn_sigma': 4.075899411210082, 'noise_gpe_sigma': 106.59545530556446, 'noise_gpi_sigma': 139.5321290393356, 'g_stn_gpe_mult': 4.187335187620615, 'g_gpe_stn_mult': 0.6892162380140704, 'g_stn_gpi_mult': 1.4172397411873412, 'g_gpe_gpi_mult': 0.7339455105309514}. Best is trial 767 with value: 0.775992504791496.
[I 2026-05-28 22:22:07,416] Trial 820 finished with value: 3.21997896453165 and parameters: {'ISTN': 113.11502854500864, 'I_gpe': 2.2726317179840985, 'I_gpi': 1.9644607591222196, 'noise_stn_sigma': 4.2278074791709415, 'noise_gpe_sigma': 113.2808457048979, 'noise_gpi_sigma': 140.6520271017311, 'g_stn_gpe_mult': 4.3637254687206815, 'g_gpe_stn_mult': 0.6651613640531179, 'g_stn_gpi_mult': 1.6015171929891618, 'g_gpe_gpi_mult': 0.7476462163331463}. Best is trial 767 with value: 0.775992504791496.
[I 2026-05-28 22:22:08,458] Trial 821 finished with value: 2.7778886481165364 and parameters: {'ISTN': 115.66469214300334, 'I_gpe': 2.293320864584305, 'I_gpi': 2.087609853677839, 'noise_stn_sigma': 4.142302087126087, 'noise_gpe_sigma': 113.99426092929978, 'noise_gpi_sigma': 135.3296154590808, 'g_stn_gpe_mult': 4.333162219477334, 'g_gpe_stn_mult': 0.6833441340756831, 'g_stn_gpi_mult': 1.5511035217119746, 'g_gpe_gpi_mult': 0.7291235920970736}. Best is trial 767 with value: 0.775992504791496.
[I 2026-05-28 22:22:09,500] Trial 822 finished with value: 1.9808021569874035 and parameters: {'ISTN': 116.7239893248474, 'I_gpe': 2.2022117121281326, 'I_gpi': 1.9280031367509691, 'noise_stn_sigma': 3.819075206103145, 'noise_gpe_sigma': 108.05706012617871, 'noise_gpi_sigma': 133.41834646654672, 'g_stn_gpe_mult': 4.460732633989137, 'g_gpe_stn_mult': 0.6957197460312908, 'g_stn_gpi_mult': 1.2806464525712795, 'g_gpe_gpi_mult': 0.7225832188533028}. Best is trial 767 with value: 0.775992504791496.
[I 2026-05-28 22:22:10,540] Trial 823 finished with value: 5.945085940078 and parameters: {'ISTN': 115.56477967899767, 'I_gpe': 2.2816617113674695, 'I_gpi': 2.015826355658384, 'noise_stn_sigma': 4.016260223400769, 'noise_gpe_sigma': 113.81201862890006, 'noise_gpi_sigma': 128.5692670834615, 'g_stn_gpe_mult': 4.386403605243975, 'g_gpe_stn_mult': 0.6912579737238337, 'g_stn_gpi_mult': 1.412187597426195, 'g_gpe_gpi_mult': 0.7269823463810454}. Best is trial 767 with value: 0.775992504791496.
[I 2026-05-28 22:22:11,583] Trial 824 finished with value: 4.169419941393266 and parameters: {'ISTN': 116.30152891475257, 'I_gpe': 2.2130003167781966, 'I_gpi': 2.0774142585253186, 'noise_stn_sigma': 4.055347450782492, 'noise_gpe_sigma': 116.27690489207075, 'noise_gpi_sigma': 140.97760788191144, 'g_stn_gpe_mult': 4.165244530320311, 'g_gpe_stn_mult': 0.6846384904265207, 'g_stn_gpi_mult': 1.5419353717229571, 'g_gpe_gpi_mult': 0.6951239720922908}. Best is trial 767 with value: 0.775992504791496.
[I 2026-05-28 22:22:12,622] Trial 825 finished with value: 3.246790496814085 and parameters: {'ISTN': 114.969633404365, 'I_gpe': 2.23900335668821, 'I_gpi': 1.8880351042613426, 'noise_stn_sigma': 4.246068507996865, 'noise_gpe_sigma': 114.81988806704211, 'noise_gpi_sigma': 129.07127349479504, 'g_stn_gpe_mult': 4.32063539655849, 'g_gpe_stn_mult': 0.6930032880391562, 'g_stn_gpi_mult': 1.3123661496476315, 'g_gpe_gpi_mult': 0.6809386477752246}. Best is trial 767 with value: 0.775992504791496.
[I 2026-05-28 22:22:13,662] Trial 826 finished with value: 9.246115438335403 and parameters: {'ISTN': 117.4788141168177, 'I_gpe': 2.218649996208124, 'I_gpi': 2.1414684791065595, 'noise_stn_sigma': 4.227495226666195, 'noise_gpe_sigma': 117.80154865826614, 'noise_gpi_sigma': 136.73158931317582, 'g_stn_gpe_mult': 4.45324826005419, 'g_gpe_stn_mult': 0.6965326708464283, 'g_stn_gpi_mult': 1.3169161090613786, 'g_gpe_gpi_mult': 0.6937666980491595}. Best is trial 767 with value: 0.775992504791496.
[I 2026-05-28 22:22:14,706] Trial 827 finished with value: 6.66472526362598 and parameters: {'ISTN': 115.77555960581395, 'I_gpe': 2.2050011779152707, 'I_gpi': 2.2299235731978597, 'noise_stn_sigma': 3.8032780413578138, 'noise_gpe_sigma': 114.95125777159134, 'noise_gpi_sigma': 136.3858193057718, 'g_stn_gpe_mult': 4.4952074550716485, 'g_gpe_stn_mult': 0.6898585243020084, 'g_stn_gpi_mult': 1.3680035028542283, 'g_gpe_gpi_mult': 0.6591798521726795}. Best is trial 767 with value: 0.775992504791496.
[I 2026-05-28 22:22:15,747] Trial 828 finished with value: 6.0181301201206345 and parameters: {'ISTN': 114.46981723975867, 'I_gpe': 2.1839789887759467, 'I_gpi': 2.1556312831297544, 'noise_stn_sigma': 3.9642313993278444, 'noise_gpe_sigma': 108.89684529353977, 'noise_gpi_sigma': 132.92367086841836, 'g_stn_gpe_mult': 4.353155709821479, 'g_gpe_stn_mult': 0.6795948316604409, 'g_stn_gpi_mult': 1.4064188713618377, 'g_gpe_gpi_mult': 0.6936109603527821}. Best is trial 767 with value: 0.775992504791496.
[I 2026-05-28 22:22:16,787] Trial 829 finished with value: 6.300350429846514 and parameters: {'ISTN': 114.39130565823766, 'I_gpe': 2.1882111356559557, 'I_gpi': 2.231736963554919, 'noise_stn_sigma': 3.8526614800846657, 'noise_gpe_sigma': 104.78258106817425, 'noise_gpi_sigma': 139.38306471014357, 'g_stn_gpe_mult': 4.317239087615432, 'g_gpe_stn_mult': 0.6863734466184971, 'g_stn_gpi_mult': 1.3841919902683077, 'g_gpe_gpi_mult': 0.6885855208519492}. Best is trial 767 with value: 0.775992504791496.
[I 2026-05-28 22:22:17,828] Trial 830 finished with value: 6.7405879571685645 and parameters: {'ISTN': 113.89308852142375, 'I_gpe': 2.208384554491278, 'I_gpi': 2.1522029036494583, 'noise_stn_sigma': 3.859586341318757, 'noise_gpe_sigma': 114.92955818281209, 'noise_gpi_sigma': 148.35262904536248, 'g_stn_gpe_mult': 4.11510113496824, 'g_gpe_stn_mult': 0.6882094728125808, 'g_stn_gpi_mult': 1.4226157559431873, 'g_gpe_gpi_mult': 0.7346820363959143}. Best is trial 767 with value: 0.775992504791496.
[I 2026-05-28 22:22:18,872] Trial 831 finished with value: 7.511477653865951 and parameters: {'ISTN': 116.96055955830079, 'I_gpe': 2.1872280640994983, 'I_gpi': 1.9125972440442247, 'noise_stn_sigma': 3.9275842603900966, 'noise_gpe_sigma': 109.66085474793846, 'noise_gpi_sigma': 128.80010100502494, 'g_stn_gpe_mult': 4.363171633155053, 'g_gpe_stn_mult': 0.6993731601915764, 'g_stn_gpi_mult': 1.2395970189285095, 'g_gpe_gpi_mult': 0.694333497210354}. Best is trial 767 with value: 0.775992504791496.
[I 2026-05-28 22:22:19,914] Trial 832 finished with value: 11.21001057393425 and parameters: {'ISTN': 115.8568443230911, 'I_gpe': 2.2137921427645857, 'I_gpi': 2.0455959662710557, 'noise_stn_sigma': 4.022480526529657, 'noise_gpe_sigma': 108.46044007660838, 'noise_gpi_sigma': 127.56913331573315, 'g_stn_gpe_mult': 4.19864379461796, 'g_gpe_stn_mult': 0.6956552401260224, 'g_stn_gpi_mult': 1.4620039406127487, 'g_gpe_gpi_mult': 0.7010638825990978}. Best is trial 767 with value: 0.775992504791496.
[I 2026-05-28 22:22:20,955] Trial 833 finished with value: 5.266235461753514 and parameters: {'ISTN': 114.72569778912687, 'I_gpe': 2.3175608903417713, 'I_gpi': 2.0242229690235503, 'noise_stn_sigma': 3.9624374140672582, 'noise_gpe_sigma': 106.58012377568137, 'noise_gpi_sigma': 127.00832792935661, 'g_stn_gpe_mult': 4.2957818174621005, 'g_gpe_stn_mult': 0.6715425997744147, 'g_stn_gpi_mult': 1.4090887700805053, 'g_gpe_gpi_mult': 0.7274470052321931}. Best is trial 767 with value: 0.775992504791496.
[I 2026-05-28 22:22:21,999] Trial 834 finished with value: 2.872666054390521 and parameters: {'ISTN': 116.87714011875791, 'I_gpe': 2.1906151099615663, 'I_gpi': 2.1760645108739354, 'noise_stn_sigma': 3.7839959555034937, 'noise_gpe_sigma': 110.22488087632289, 'noise_gpi_sigma': 132.99063962298487, 'g_stn_gpe_mult': 4.379865292839391, 'g_gpe_stn_mult': 0.6856391581540371, 'g_stn_gpi_mult': 1.2731242313881304, 'g_gpe_gpi_mult': 0.68011989844645}. Best is trial 767 with value: 0.775992504791496.
[I 2026-05-28 22:22:23,043] Trial 835 finished with value: 7.1330959212998755 and parameters: {'ISTN': 117.38708908437533, 'I_gpe': 2.2273927751620457, 'I_gpi': 1.9437517523029673, 'noise_stn_sigma': 4.102604568372528, 'noise_gpe_sigma': 110.75157532655514, 'noise_gpi_sigma': 129.7150381759442, 'g_stn_gpe_mult': 4.460449052563161, 'g_gpe_stn_mult': 0.6929298234305366, 'g_stn_gpi_mult': 1.3455456756676756, 'g_gpe_gpi_mult': 0.7146169133832696}. Best is trial 767 with value: 0.775992504791496.
