[I 2026-05-28 22:20:06,679] Trial 704 finished with value: 3.799714347599062 and parameters: {'ISTN': 115.64023262686553, 'I_gpe': 2.2404779795031633, 'I_gpi': 1.9879929057227925, 'noise_stn_sigma': 4.4966049617773525, 'noise_gpe_sigma': 123.36556671808621, 'noise_gpi_sigma': 135.99287469692183, 'g_stn_gpe_mult': 4.5491894257153564, 'g_gpe_stn_mult': 0.6625794357563021, 'g_stn_gpi_mult': 1.6040686955453367, 'g_gpe_gpi_mult': 0.7675378292158681}. Best is trial 516 with value: 0.9043779998207784.
[I 2026-05-28 22:20:07,720] Trial 705 finished with value: 2.701075210716086 and parameters: {'ISTN': 115.37931165486462, 'I_gpe': 2.287894147551743, 'I_gpi': 1.9644820054865115, 'noise_stn_sigma': 4.583744350537342, 'noise_gpe_sigma': 112.66793972013258, 'noise_gpi_sigma': 127.99251005983312, 'g_stn_gpe_mult': 4.222725365247095, 'g_gpe_stn_mult': 0.679219409781627, 'g_stn_gpi_mult': 1.6805498563889554, 'g_gpe_gpi_mult': 0.737406051394355}. Best is trial 516 with value: 0.9043779998207784.
[I 2026-05-28 22:20:08,761] Trial 706 finished with value: 4.581090738666639 and parameters: {'ISTN': 114.56392178086702, 'I_gpe': 2.272824873372165, 'I_gpi': 1.841212157183931, 'noise_stn_sigma': 4.5812598666306945, 'noise_gpe_sigma': 113.24773594249282, 'noise_gpi_sigma': 126.51835215340506, 'g_stn_gpe_mult': 4.34360405896856, 'g_gpe_stn_mult': 0.6605893615824853, 'g_stn_gpi_mult': 1.782633129561598, 'g_gpe_gpi_mult': 0.7580039703363504}. Best is trial 516 with value: 0.9043779998207784.
[I 2026-05-28 22:20:09,800] Trial 707 finished with value: 7.565324141884651 and parameters: {'ISTN': 115.15983703023838, 'I_gpe': 2.3039952662762793, 'I_gpi': 1.8062558631823404, 'noise_stn_sigma': 4.455171800191494, 'noise_gpe_sigma': 113.43180208041522, 'noise_gpi_sigma': 122.88217987909667, 'g_stn_gpe_mult': 4.181737487470292, 'g_gpe_stn_mult': 0.6583629448224594, 'g_stn_gpi_mult': 1.7557272260565235, 'g_gpe_gpi_mult': 0.7324908322450123}. Best is trial 516 with value: 0.9043779998207784.
[I 2026-05-28 22:20:10,842] Trial 708 finished with value: 6.54073090301017 and parameters: {'ISTN': 115.29354226351805, 'I_gpe': 2.247900305324432, 'I_gpi': 2.0216980494293066, 'noise_stn_sigma': 4.671445267678331, 'noise_gpe_sigma': 114.75295558166783, 'noise_gpi_sigma': 121.58391547379733, 'g_stn_gpe_mult': 4.182186238012626, 'g_gpe_stn_mult': 0.648962459489809, 'g_stn_gpi_mult': 1.8318831287734114, 'g_gpe_gpi_mult': 0.7051473121008451}. Best is trial 516 with value: 0.9043779998207784.
[I 2026-05-28 22:20:11,884] Trial 709 finished with value: 8.116633567893627 and parameters: {'ISTN': 116.31655677209854, 'I_gpe': 2.2707528392227254, 'I_gpi': 1.8372178140761621, 'noise_stn_sigma': 4.774348977951266, 'noise_gpe_sigma': 110.4174527787658, 'noise_gpi_sigma': 115.23467382354178, 'g_stn_gpe_mult': 4.309599193050583, 'g_gpe_stn_mult': 0.6775093975644553, 'g_stn_gpi_mult': 1.833202598669056, 'g_gpe_gpi_mult': 0.7013157854443299}. Best is trial 516 with value: 0.9043779998207784.
[I 2026-05-28 22:20:12,925] Trial 710 finished with value: 5.652213013169489 and parameters: {'ISTN': 113.35083293972414, 'I_gpe': 2.3549834343782106, 'I_gpi': 1.9831432946191652, 'noise_stn_sigma': 4.614298839415751, 'noise_gpe_sigma': 117.46167775534515, 'noise_gpi_sigma': 130.43767882338148, 'g_stn_gpe_mult': 4.0841619099465465, 'g_gpe_stn_mult': 0.6439096181749909, 'g_stn_gpi_mult': 1.8281824860546319, 'g_gpe_gpi_mult': 0.7380751495316873}. Best is trial 516 with value: 0.9043779998207784.
[I 2026-05-28 22:20:13,966] Trial 711 finished with value: 4.075711530414495 and parameters: {'ISTN': 115.39265537437231, 'I_gpe': 2.219386520596442, 'I_gpi': 1.9367140985930513, 'noise_stn_sigma': 4.670538051127865, 'noise_gpe_sigma': 119.14069958172644, 'noise_gpi_sigma': 135.0531925960467, 'g_stn_gpe_mult': 4.396265223789142, 'g_gpe_stn_mult': 0.6796937341634605, 'g_stn_gpi_mult': 1.676118306549652, 'g_gpe_gpi_mult': 0.7800648911781889}. Best is trial 516 with value: 0.9043779998207784.
[I 2026-05-28 22:20:15,008] Trial 712 finished with value: 2.109372079799203 and parameters: {'ISTN': 114.49267996988539, 'I_gpe': 2.257688414512405, 'I_gpi': 1.990303337838228, 'noise_stn_sigma': 4.434078715273823, 'noise_gpe_sigma': 113.01002335487647, 'noise_gpi_sigma': 129.1899594092747, 'g_stn_gpe_mult': 4.083928004836034, 'g_gpe_stn_mult': 0.6864656875729617, 'g_stn_gpi_mult': 1.6272472844896648, 'g_gpe_gpi_mult': 0.7707508708595401}. Best is trial 516 with value: 0.9043779998207784.
[I 2026-05-28 22:20:16,049] Trial 713 finished with value: 4.189020089989813 and parameters: {'ISTN': 115.85403078828645, 'I_gpe': 2.245417677029283, 'I_gpi': 2.0075187244859274, 'noise_stn_sigma': 4.397132149019263, 'noise_gpe_sigma': 114.40161898923111, 'noise_gpi_sigma': 129.60928076525437, 'g_stn_gpe_mult': 4.35043393934445, 'g_gpe_stn_mult': 0.6811343707044375, 'g_stn_gpi_mult': 1.613545210227836, 'g_gpe_gpi_mult': 0.7440963714081161}. Best is trial 516 with value: 0.9043779998207784.
[I 2026-05-28 22:20:17,089] Trial 714 finished with value: 4.018191296489319 and parameters: {'ISTN': 114.40305319643133, 'I_gpe': 2.4092388436306287, 'I_gpi': 1.8967537800185301, 'noise_stn_sigma': 4.885292574174743, 'noise_gpe_sigma': 113.94640952008663, 'noise_gpi_sigma': 125.63245546128707, 'g_stn_gpe_mult': 4.4251871297060745, 'g_gpe_stn_mult': 0.6831864384997027, 'g_stn_gpi_mult': 1.6042623451370024, 'g_gpe_gpi_mult': 0.7546306239099945}. Best is trial 516 with value: 0.9043779998207784.
[I 2026-05-28 22:20:18,133] Trial 715 finished with value: 7.6149438950986905 and parameters: {'ISTN': 114.94830497654704, 'I_gpe': 2.293487691485278, 'I_gpi': 2.036277730477291, 'noise_stn_sigma': 4.531343014535406, 'noise_gpe_sigma': 109.21581317247956, 'noise_gpi_sigma': 129.2821274879682, 'g_stn_gpe_mult': 4.466145872070195, 'g_gpe_stn_mult': 0.6468551635417117, 'g_stn_gpi_mult': 1.5579928349655465, 'g_gpe_gpi_mult': 0.763144296677716}. Best is trial 516 with value: 0.9043779998207784.
[I 2026-05-28 22:20:19,178] Trial 716 finished with value: 5.600417090510882 and parameters: {'ISTN': 114.85688543436466, 'I_gpe': 2.243577050291934, 'I_gpi': 1.7668420146010826, 'noise_stn_sigma': 4.368022166055411, 'noise_gpe_sigma': 111.32128203178762, 'noise_gpi_sigma': 132.20339806732386, 'g_stn_gpe_mult': 4.4036287358545145, 'g_gpe_stn_mult': 0.6647774060097822, 'g_stn_gpi_mult': 1.6671219532261823, 'g_gpe_gpi_mult': 0.7606673508695463}. Best is trial 516 with value: 0.9043779998207784.
[I 2026-05-28 22:20:20,217] Trial 717 finished with value: 5.697696771856566 and parameters: {'ISTN': 118.17491694310704, 'I_gpe': 2.304884629953603, 'I_gpi': 1.872941628370754, 'noise_stn_sigma': 4.639903100681747, 'noise_gpe_sigma': 117.6544887758527, 'noise_gpi_sigma': 130.62422461520174, 'g_stn_gpe_mult': 4.396384480906344, 'g_gpe_stn_mult': 0.7040571694080294, 'g_stn_gpi_mult': 1.6294352141664652, 'g_gpe_gpi_mult': 0.7610260625056964}. Best is trial 516 with value: 0.9043779998207784.
[I 2026-05-28 22:20:21,258] Trial 718 finished with value: 0.8160967237747627 and parameters: {'ISTN': 115.04622157083774, 'I_gpe': 2.1908142441194656, 'I_gpi': 1.886006291273163, 'noise_stn_sigma': 4.715145762629354, 'noise_gpe_sigma': 113.57584687117847, 'noise_gpi_sigma': 129.5309788728955, 'g_stn_gpe_mult': 4.396236947836943, 'g_gpe_stn_mult': 0.6781246422663472, 'g_stn_gpi_mult': 1.574354626314063, 'g_gpe_gpi_mult': 0.7171509061811481}. Best is trial 718 with value: 0.8160967237747627.
[I 2026-05-28 22:20:22,298] Trial 719 finished with value: 1.5527724373529541 and parameters: {'ISTN': 115.96318800554965, 'I_gpe': 2.23124609214078, 'I_gpi': 1.928798968111499, 'noise_stn_sigma': 4.381158789796753, 'noise_gpe_sigma': 117.91261457964394, 'noise_gpi_sigma': 137.189265338599, 'g_stn_gpe_mult': 4.18204390480498, 'g_gpe_stn_mult': 0.6793670330946369, 'g_stn_gpi_mult': 1.6766644059250388, 'g_gpe_gpi_mult': 0.7716276321004869}. Best is trial 718 with value: 0.8160967237747627.
[I 2026-05-28 22:20:23,337] Trial 720 finished with value: 2.6234326168098 and parameters: {'ISTN': 114.61517414193588, 'I_gpe': 2.2771690843182286, 'I_gpi': 2.064961673502732, 'noise_stn_sigma': 4.602612875778648, 'noise_gpe_sigma': 116.98858271383402, 'noise_gpi_sigma': 129.16763008925565, 'g_stn_gpe_mult': 4.50179742298205, 'g_gpe_stn_mult': 0.6597362223751467, 'g_stn_gpi_mult': 1.6806553761917709, 'g_gpe_gpi_mult': 0.7523471690950208}. Best is trial 718 with value: 0.8160967237747627.
[I 2026-05-28 22:20:24,379] Trial 721 finished with value: 10.277235669015049 and parameters: {'ISTN': 114.93394192886066, 'I_gpe': 2.201873426188466, 'I_gpi': 1.7163423550571673, 'noise_stn_sigma': 4.465643394436333, 'noise_gpe_sigma': 115.55425358597796, 'noise_gpi_sigma': 124.24343063726145, 'g_stn_gpe_mult': 4.3676661696447345, 'g_gpe_stn_mult': 0.6961873140290045, 'g_stn_gpi_mult': 1.5828890306682264, 'g_gpe_gpi_mult': 0.7321509047694756}. Best is trial 718 with value: 0.8160967237747627.
[I 2026-05-28 22:20:25,424] Trial 722 finished with value: 7.071597074916391 and parameters: {'ISTN': 118.13896125988727, 'I_gpe': 2.1717321044359057, 'I_gpi': 1.91463259373695, 'noise_stn_sigma': 4.53914810683756, 'noise_gpe_sigma': 110.7527891453774, 'noise_gpi_sigma': 121.01121485581366, 'g_stn_gpe_mult': 4.413680840477147, 'g_gpe_stn_mult': 0.6940014002319495, 'g_stn_gpi_mult': 1.5564765978883097, 'g_gpe_gpi_mult': 0.7414688181420763}. Best is trial 718 with value: 0.8160967237747627.
[I 2026-05-28 22:20:26,466] Trial 723 finished with value: 7.332142358438774 and parameters: {'ISTN': 116.11782551689403, 'I_gpe': 2.171099467991572, 'I_gpi': 1.8292814528781653, 'noise_stn_sigma': 4.887554196095259, 'noise_gpe_sigma': 115.08706285008807, 'noise_gpi_sigma': 131.19429993940378, 'g_stn_gpe_mult': 4.399619169871, 'g_gpe_stn_mult': 0.6738713834392576, 'g_stn_gpi_mult': 1.6626928026681962, 'g_gpe_gpi_mult': 0.7124938240106933}. Best is trial 718 with value: 0.8160967237747627.
[I 2026-05-28 22:20:27,508] Trial 724 finished with value: 3.1077135405934246 and parameters: {'ISTN': 119.25503861420347, 'I_gpe': 2.223554675004338, 'I_gpi': 1.9844557890416996, 'noise_stn_sigma': 4.879226495688999, 'noise_gpe_sigma': 120.96873066897517, 'noise_gpi_sigma': 120.44693135437488, 'g_stn_gpe_mult': 4.302558320581779, 'g_gpe_stn_mult': 0.6938787357089518, 'g_stn_gpi_mult': 1.737797422549935, 'g_gpe_gpi_mult': 0.7380834785763499}. Best is trial 718 with value: 0.8160967237747627.
[I 2026-05-28 22:20:28,552] Trial 725 finished with value: 7.7180772871718615 and parameters: {'ISTN': 114.74919873758684, 'I_gpe': 2.244804901074806, 'I_gpi': 2.009144996087411, 'noise_stn_sigma': 4.695785575604729, 'noise_gpe_sigma': 116.38139748142807, 'noise_gpi_sigma': 133.68875818390197, 'g_stn_gpe_mult': 4.026502637662065, 'g_gpe_stn_mult': 0.6588642063836283, 'g_stn_gpi_mult': 1.678589402915356, 'g_gpe_gpi_mult': 0.7482585179717056}. Best is trial 718 with value: 0.8160967237747627.
[I 2026-05-28 22:20:29,596] Trial 726 finished with value: 7.163108074190928 and parameters: {'ISTN': 111.94821200120454, 'I_gpe': 2.230765677821962, 'I_gpi': 1.8701301642135957, 'noise_stn_sigma': 4.606949908565802, 'noise_gpe_sigma': 110.37239989178559, 'noise_gpi_sigma': 114.51222241298599, 'g_stn_gpe_mult': 4.357108329487909, 'g_gpe_stn_mult': 0.6645950228884401, 'g_stn_gpi_mult': 1.6548941690141699, 'g_gpe_gpi_mult': 0.7699793743447754}. Best is trial 718 with value: 0.8160967237747627.
[I 2026-05-28 22:20:30,638] Trial 727 finished with value: 2.8976489694827627 and parameters: {'ISTN': 113.4416320993268, 'I_gpe': 2.2111184497612175, 'I_gpi': 1.8376632146211218, 'noise_stn_sigma': 4.34029603090902, 'noise_gpe_sigma': 109.55659469751251, 'noise_gpi_sigma': 131.24180787539638, 'g_stn_gpe_mult': 4.1926217731754205, 'g_gpe_stn_mult': 0.6716217159677543, 'g_stn_gpi_mult': 1.5391170070309723, 'g_gpe_gpi_mult': 0.7482303170279312}. Best is trial 718 with value: 0.8160967237747627.
[I 2026-05-28 22:20:31,681] Trial 728 finished with value: 3.55667560536037 and parameters: {'ISTN': 117.21532549614018, 'I_gpe': 2.2170398101202, 'I_gpi': 1.9987496563897378, 'noise_stn_sigma': 4.481702839130497, 'noise_gpe_sigma': 112.31225307264337, 'noise_gpi_sigma': 134.59510842109796, 'g_stn_gpe_mult': 4.209165916580596, 'g_gpe_stn_mult': 0.6837263669705522, 'g_stn_gpi_mult': 1.6194386195264927, 'g_gpe_gpi_mult': 0.7904139607461018}. Best is trial 718 with value: 0.8160967237747627.
[I 2026-05-28 22:20:32,724] Trial 729 finished with value: 5.61898038084164 and parameters: {'ISTN': 116.23155975046124, 'I_gpe': 2.2345676433407835, 'I_gpi': 1.871700880416975, 'noise_stn_sigma': 4.8416031510346675, 'noise_gpe_sigma': 115.32529937395523, 'noise_gpi_sigma': 129.67921497124885, 'g_stn_gpe_mult': 4.38437833548519, 'g_gpe_stn_mult': 0.6824745069008098, 'g_stn_gpi_mult': 1.636096835118817, 'g_gpe_gpi_mult': 0.7062908407568556}. Best is trial 718 with value: 0.8160967237747627.
[I 2026-05-28 22:20:33,764] Trial 730 finished with value: 3.783128649197212 and parameters: {'ISTN': 111.79917168193435, 'I_gpe': 2.2695001937454187, 'I_gpi': 1.8512938308830946, 'noise_stn_sigma': 4.5846137893434715, 'noise_gpe_sigma': 112.99478086752823, 'noise_gpi_sigma': 140.05234183534552, 'g_stn_gpe_mult': 4.167697593225373, 'g_gpe_stn_mult': 0.6608051228103757, 'g_stn_gpi_mult': 1.765785522056949, 'g_gpe_gpi_mult': 0.7701562037320537}. Best is trial 718 with value: 0.8160967237747627.
[I 2026-05-28 22:20:34,805] Trial 731 finished with value: 6.082803655876359 and parameters: {'ISTN': 116.39920356358944, 'I_gpe': 2.22583807457222, 'I_gpi': 2.0350525841881595, 'noise_stn_sigma': 4.719993937248219, 'noise_gpe_sigma': 116.93387188015653, 'noise_gpi_sigma': 123.00792469921906, 'g_stn_gpe_mult': 4.439817909240938, 'g_gpe_stn_mult': 0.6720807733594055, 'g_stn_gpi_mult': 1.6250450727559296, 'g_gpe_gpi_mult': 0.7349206268022497}. Best is trial 718 with value: 0.8160967237747627.
[I 2026-05-28 22:20:35,846] Trial 732 finished with value: 9.971285073028458 and parameters: {'ISTN': 117.44680413300915, 'I_gpe': 2.2550803446733036, 'I_gpi': 2.0081224253970107, 'noise_stn_sigma': 4.704785289662687, 'noise_gpe_sigma': 110.86649253142267, 'noise_gpi_sigma': 128.9645222368353, 'g_stn_gpe_mult': 4.247383373672313, 'g_gpe_stn_mult': 0.682948065553371, 'g_stn_gpi_mult': 1.510764389143697, 'g_gpe_gpi_mult': 0.71827464892061}. Best is trial 718 with value: 0.8160967237747627.
[I 2026-05-28 22:20:36,887] Trial 733 finished with value: 3.268454153587142 and parameters: {'ISTN': 117.21261122335231, 'I_gpe': 2.2079083322655335, 'I_gpi': 1.8868438032097585, 'noise_stn_sigma': 3.968780474207035, 'noise_gpe_sigma': 111.58330253956959, 'noise_gpi_sigma': 131.3938104862455, 'g_stn_gpe_mult': 4.067034939053199, 'g_gpe_stn_mult': 0.6853197149413077, 'g_stn_gpi_mult': 1.4454123938086427, 'g_gpe_gpi_mult': 0.759687600359304}. Best is trial 718 with value: 0.8160967237747627.
[I 2026-05-28 22:20:37,930] Trial 734 finished with value: 8.573498524038905 and parameters: {'ISTN': 116.85431554635707, 'I_gpe': 2.1229024222153554, 'I_gpi': 1.853026813034936, 'noise_stn_sigma': 4.253021588055614, 'noise_gpe_sigma': 114.53437584655856, 'noise_gpi_sigma': 128.36584827562427, 'g_stn_gpe_mult': 4.151889483095646, 'g_gpe_stn_mult': 0.6844747513873067, 'g_stn_gpi_mult': 1.6465729883517455, 'g_gpe_gpi_mult': 0.715598985595906}. Best is trial 718 with value: 0.8160967237747627.
[I 2026-05-28 22:20:38,971] Trial 735 finished with value: 3.8747757224474446 and parameters: {'ISTN': 114.81712064438398, 'I_gpe': 2.182881030785232, 'I_gpi': 2.009965946923764, 'noise_stn_sigma': 4.528145561367964, 'noise_gpe_sigma': 110.54758789551333, 'noise_gpi_sigma': 134.957780295556, 'g_stn_gpe_mult': 4.005444566774955, 'g_gpe_stn_mult': 0.6804381834665346, 'g_stn_gpi_mult': 1.5845610856096712, 'g_gpe_gpi_mult': 0.7338874390290528}. Best is trial 718 with value: 0.8160967237747627.
[I 2026-05-28 22:20:40,015] Trial 736 finished with value: 7.734350765623579 and parameters: {'ISTN': 111.44002560009292, 'I_gpe': 2.1813914608625655, 'I_gpi': 2.001953763928187, 'noise_stn_sigma': 4.5453266998643995, 'noise_gpe_sigma': 110.85908259160156, 'noise_gpi_sigma': 140.71832042588366, 'g_stn_gpe_mult': 3.9550776039419597, 'g_gpe_stn_mult': 0.6679790394667237, 'g_stn_gpi_mult': 1.812079647854178, 'g_gpe_gpi_mult': 0.7819776067149724}. Best is trial 718 with value: 0.8160967237747627.
[I 2026-05-28 22:20:41,057] Trial 737 finished with value: 5.620378361494115 and parameters: {'ISTN': 114.88447952936474, 'I_gpe': 2.2156681260738917, 'I_gpi': 2.0587350347304714, 'noise_stn_sigma': 4.374884079320369, 'noise_gpe_sigma': 110.99514217693834, 'noise_gpi_sigma': 134.26420033578864, 'g_stn_gpe_mult': 4.1450409277104505, 'g_gpe_stn_mult': 0.6830348815004403, 'g_stn_gpi_mult': 1.6294987942111687, 'g_gpe_gpi_mult': 0.749173680762599}. Best is trial 718 with value: 0.8160967237747627.
[I 2026-05-28 22:20:42,100] Trial 738 finished with value: 4.653197398995503 and parameters: {'ISTN': 116.8746911265056, 'I_gpe': 2.22596053939981, 'I_gpi': 1.7332679115330425, 'noise_stn_sigma': 4.314521343320699, 'noise_gpe_sigma': 114.18894694989206, 'noise_gpi_sigma': 131.51785452724766, 'g_stn_gpe_mult': 4.368388756149399, 'g_gpe_stn_mult': 0.6817230390114429, 'g_stn_gpi_mult': 1.5916761954481469, 'g_gpe_gpi_mult': 0.7275368439833254}. Best is trial 718 with value: 0.8160967237747627.
[I 2026-05-28 22:20:43,143] Trial 739 finished with value: 8.244958976724003 and parameters: {'ISTN': 115.92710710992961, 'I_gpe': 2.299518555543634, 'I_gpi': 1.9471803447024811, 'noise_stn_sigma': 4.667246079397627, 'noise_gpe_sigma': 116.64844628199162, 'noise_gpi_sigma': 133.03601266827195, 'g_stn_gpe_mult': 4.203278976643049, 'g_gpe_stn_mult': 0.6850725823857745, 'g_stn_gpi_mult': 1.6139671955224322, 'g_gpe_gpi_mult': 0.7414006902314483}. Best is trial 718 with value: 0.8160967237747627.
[I 2026-05-28 22:20:44,185] Trial 740 finished with value: 4.816068596880967 and parameters: {'ISTN': 114.98124706745122, 'I_gpe': 2.2045301983824173, 'I_gpi': 1.7184568603911905, 'noise_stn_sigma': 4.587634593487229, 'noise_gpe_sigma': 115.39682543458959, 'noise_gpi_sigma': 121.61033267935132, 'g_stn_gpe_mult': 4.473310394531266, 'g_gpe_stn_mult': 0.6783041136374446, 'g_stn_gpi_mult': 1.5495050953587048, 'g_gpe_gpi_mult': 0.7032957950404268}. Best is trial 718 with value: 0.8160967237747627.
[I 2026-05-28 22:20:45,229] Trial 741 finished with value: 7.5524784602808674 and parameters: {'ISTN': 116.71718852216114, 'I_gpe': 2.216162899492203, 'I_gpi': 1.8474452259523806, 'noise_stn_sigma': 4.451515054596655, 'noise_gpe_sigma': 113.77985724010111, 'noise_gpi_sigma': 132.5695701763705, 'g_stn_gpe_mult': 4.044882844735061, 'g_gpe_stn_mult': 0.6951536696542862, 'g_stn_gpi_mult': 1.625131920344686, 'g_gpe_gpi_mult': 0.7695590769951304}. Best is trial 718 with value: 0.8160967237747627.
[I 2026-05-28 22:20:46,271] Trial 742 finished with value: 5.440857195016084 and parameters: {'ISTN': 116.40781300098897, 'I_gpe': 2.254652455857797, 'I_gpi': 1.806441004221456, 'noise_stn_sigma': 3.892938561067778, 'noise_gpe_sigma': 115.75713572290802, 'noise_gpi_sigma': 130.6933797916414, 'g_stn_gpe_mult': 4.1468725584344615, 'g_gpe_stn_mult': 0.6830728297498709, 'g_stn_gpi_mult': 1.5130085762000427, 'g_gpe_gpi_mult': 0.7940679338826322}. Best is trial 718 with value: 0.8160967237747627.
[I 2026-05-28 22:20:47,316] Trial 743 finished with value: 10.794758991908251 and parameters: {'ISTN': 116.09790715696987, 'I_gpe': 2.0970214558879396, 'I_gpi': 1.946836060916613, 'noise_stn_sigma': 4.516629429855618, 'noise_gpe_sigma': 116.52517188065485, 'noise_gpi_sigma': 142.4070502683556, 'g_stn_gpe_mult': 4.30445077534513, 'g_gpe_stn_mult': 0.6816026813510556, 'g_stn_gpi_mult': 1.527297821139582, 'g_gpe_gpi_mult': 0.7194045982600503}. Best is trial 718 with value: 0.8160967237747627.
[I 2026-05-28 22:20:48,358] Trial 744 finished with value: 6.930743613111214 and parameters: {'ISTN': 116.47341302010524, 'I_gpe': 2.2290066620585027, 'I_gpi': 1.9640434571776255, 'noise_stn_sigma': 3.8829039714281675, 'noise_gpe_sigma': 107.71543085507595, 'noise_gpi_sigma': 130.94812064318188, 'g_stn_gpe_mult': 4.214464294777324, 'g_gpe_stn_mult': 0.7051821039864545, 'g_stn_gpi_mult': 1.373308149258701, 'g_gpe_gpi_mult': 0.7317307907040072}. Best is trial 718 with value: 0.8160967237747627.
[I 2026-05-28 22:20:49,399] Trial 745 finished with value: 0.8622596887353026 and parameters: {'ISTN': 115.1306730345344, 'I_gpe': 2.210686071624543, 'I_gpi': 1.7842087970650706, 'noise_stn_sigma': 4.2280057096956085, 'noise_gpe_sigma': 113.4038787208306, 'noise_gpi_sigma': 139.10401625552868, 'g_stn_gpe_mult': 4.132172147813434, 'g_gpe_stn_mult': 0.6767557581666187, 'g_stn_gpi_mult': 1.6052744465785018, 'g_gpe_gpi_mult': 0.7475326453976661}. Best is trial 718 with value: 0.8160967237747627.
[I 2026-05-28 22:20:50,442] Trial 746 finished with value: 2.106933581230389 and parameters: {'ISTN': 115.21463675717885, 'I_gpe': 2.273034708326171, 'I_gpi': 1.91691586903488, 'noise_stn_sigma': 4.517745934889363, 'noise_gpe_sigma': 113.44052041415488, 'noise_gpi_sigma': 129.31658972824624, 'g_stn_gpe_mult': 4.322950368558761, 'g_gpe_stn_mult': 0.6809719010138993, 'g_stn_gpi_mult': 1.597350278734468, 'g_gpe_gpi_mult': 0.7147753135609802}. Best is trial 718 with value: 0.8160967237747627.
[I 2026-05-28 22:20:51,484] Trial 747 finished with value: 6.262915037501808 and parameters: {'ISTN': 117.16322805149025, 'I_gpe': 2.1914075581278523, 'I_gpi': 1.978156397618059, 'noise_stn_sigma': 4.245223574435988, 'noise_gpe_sigma': 111.88765421161791, 'noise_gpi_sigma': 133.01361756930714, 'g_stn_gpe_mult': 4.282100701399813, 'g_gpe_stn_mult': 0.6767352950751326, 'g_stn_gpi_mult': 1.4905471690559406, 'g_gpe_gpi_mult': 0.7330435043304131}. Best is trial 718 with value: 0.8160967237747627.
