[I 2026-05-28 21:38:52,198] Trial 264 finished with value: 0.23466344815592152 and parameters: {'ISTN': 66.30305775152532, 'I_gpe': 1.3945682722540007, 'I_gpi': 1.7321434721590787, 'noise_stn_sigma': 2.3553866182949754, 'noise_gpe_sigma': 89.4651227720693, 'noise_gpi_sigma': 96.67963455896414, 'g_stn_gpe_mult': 3.7183882748843247, 'g_gpe_stn_mult': 0.13994065862250132, 'g_stn_gpi_mult': 2.7881823558178365, 'g_gpe_gpi_mult': 0.6386831689322507}. Best is trial 261 with value: 0.15014689328990205.
[I 2026-05-28 21:38:53,206] Trial 265 finished with value: 1.18582909196063 and parameters: {'ISTN': 68.86301891106284, 'I_gpe': 1.175709312291485, 'I_gpi': 2.046870543114588, 'noise_stn_sigma': 2.544750457879317, 'noise_gpe_sigma': 101.64444373861191, 'noise_gpi_sigma': 83.9620752583505, 'g_stn_gpe_mult': 3.916085836028372, 'g_gpe_stn_mult': 0.14574676799202135, 'g_stn_gpi_mult': 2.960971922803238, 'g_gpe_gpi_mult': 0.5538415529068432}. Best is trial 261 with value: 0.15014689328990205.
[I 2026-05-28 21:38:54,214] Trial 266 finished with value: 0.18235513413529605 and parameters: {'ISTN': 62.5882060065469, 'I_gpe': 1.32806907564754, 'I_gpi': 2.1131329002994494, 'noise_stn_sigma': 2.8915489569523887, 'noise_gpe_sigma': 97.25548254455767, 'noise_gpi_sigma': 88.08677505508258, 'g_stn_gpe_mult': 3.268605741770128, 'g_gpe_stn_mult': 0.15271673007555311, 'g_stn_gpi_mult': 2.7564444128025425, 'g_gpe_gpi_mult': 0.5991759045507759}. Best is trial 261 with value: 0.15014689328990205.
[I 2026-05-28 21:38:55,220] Trial 267 finished with value: 0.35463578692354114 and parameters: {'ISTN': 66.02095073589916, 'I_gpe': 1.5021536384297272, 'I_gpi': 2.213865719401379, 'noise_stn_sigma': 2.9062111542572984, 'noise_gpe_sigma': 93.43078301109932, 'noise_gpi_sigma': 93.8349439067646, 'g_stn_gpe_mult': 3.5984404745339793, 'g_gpe_stn_mult': 0.16044394169090703, 'g_stn_gpi_mult': 2.7754093224868557, 'g_gpe_gpi_mult': 0.648769252203467}. Best is trial 261 with value: 0.15014689328990205.
[I 2026-05-28 21:38:56,227] Trial 268 finished with value: 0.28651799346634804 and parameters: {'ISTN': 61.81462318389523, 'I_gpe': 1.346534752610056, 'I_gpi': 2.1975345141426845, 'noise_stn_sigma': 3.2645202942587552, 'noise_gpe_sigma': 99.56208196365532, 'noise_gpi_sigma': 87.54752099898458, 'g_stn_gpe_mult': 3.4137998869574684, 'g_gpe_stn_mult': 0.12722038367118932, 'g_stn_gpi_mult': 3.344608001231835, 'g_gpe_gpi_mult': 0.6573433048085475}. Best is trial 261 with value: 0.15014689328990205.
[I 2026-05-28 21:38:57,235] Trial 269 finished with value: 0.28767121274249474 and parameters: {'ISTN': 62.13421957106781, 'I_gpe': 1.073620143858887, 'I_gpi': 1.8712286125174935, 'noise_stn_sigma': 3.616872480648677, 'noise_gpe_sigma': 103.96722027250786, 'noise_gpi_sigma': 101.7757534757861, 'g_stn_gpe_mult': 4.014520114748049, 'g_gpe_stn_mult': 0.12105795522505636, 'g_stn_gpi_mult': 2.65841417311598, 'g_gpe_gpi_mult': 0.670589975625246}. Best is trial 261 with value: 0.15014689328990205.
[I 2026-05-28 21:38:58,240] Trial 270 finished with value: 0.28258098458185843 and parameters: {'ISTN': 63.38642498902325, 'I_gpe': 1.0627351048963725, 'I_gpi': 1.9543625747013795, 'noise_stn_sigma': 2.4091595846972655, 'noise_gpe_sigma': 94.13151919170161, 'noise_gpi_sigma': 80.3622486372863, 'g_stn_gpe_mult': 3.554059654544745, 'g_gpe_stn_mult': 0.23091882265693672, 'g_stn_gpi_mult': 2.8713435054789604, 'g_gpe_gpi_mult': 0.7358901590908962}. Best is trial 261 with value: 0.15014689328990205.
[I 2026-05-28 21:38:59,248] Trial 271 finished with value: 0.2764784644931416 and parameters: {'ISTN': 63.94960696693396, 'I_gpe': 1.1660963312593418, 'I_gpi': 1.7561812673789379, 'noise_stn_sigma': 3.05990058091854, 'noise_gpe_sigma': 93.89647474083657, 'noise_gpi_sigma': 84.82831193664201, 'g_stn_gpe_mult': 3.4989502699230215, 'g_gpe_stn_mult': 0.10505310856767276, 'g_stn_gpi_mult': 2.7319358621681804, 'g_gpe_gpi_mult': 0.6794015309613125}. Best is trial 261 with value: 0.15014689328990205.
[I 2026-05-28 21:39:00,254] Trial 272 finished with value: 0.1735523871384107 and parameters: {'ISTN': 64.23453284374678, 'I_gpe': 1.1900418241308879, 'I_gpi': 1.9823216711708742, 'noise_stn_sigma': 2.763401245197244, 'noise_gpe_sigma': 96.5920656854471, 'noise_gpi_sigma': 82.15111349754707, 'g_stn_gpe_mult': 3.057850477744907, 'g_gpe_stn_mult': 0.11737564270986034, 'g_stn_gpi_mult': 3.050261199418101, 'g_gpe_gpi_mult': 0.5639003031238177}. Best is trial 261 with value: 0.15014689328990205.
[I 2026-05-28 21:39:01,263] Trial 273 finished with value: 0.22943032034104535 and parameters: {'ISTN': 64.99737502287721, 'I_gpe': 1.4629359109091782, 'I_gpi': 2.15600664709467, 'noise_stn_sigma': 3.11657773576293, 'noise_gpe_sigma': 88.10496153943404, 'noise_gpi_sigma': 105.93822866257122, 'g_stn_gpe_mult': 3.7390796521527103, 'g_gpe_stn_mult': 0.12395812755513133, 'g_stn_gpi_mult': 2.7784353754765285, 'g_gpe_gpi_mult': 0.6763087165907999}. Best is trial 261 with value: 0.15014689328990205.
[I 2026-05-28 21:39:02,268] Trial 274 finished with value: 0.15758863103865953 and parameters: {'ISTN': 61.77208703975579, 'I_gpe': 1.2473682403264386, 'I_gpi': 1.8837522327608123, 'noise_stn_sigma': 2.83201303827029, 'noise_gpe_sigma': 105.66059937200382, 'noise_gpi_sigma': 93.50548804556433, 'g_stn_gpe_mult': 3.4595492400999865, 'g_gpe_stn_mult': 0.14956896168518233, 'g_stn_gpi_mult': 2.593525778478104, 'g_gpe_gpi_mult': 0.7445197168551128}. Best is trial 261 with value: 0.15014689328990205.
[I 2026-05-28 21:39:03,277] Trial 275 finished with value: 0.1938087888653835 and parameters: {'ISTN': 62.23683049083084, 'I_gpe': 1.0982839733154093, 'I_gpi': 1.7028931699843834, 'noise_stn_sigma': 3.641171003046136, 'noise_gpe_sigma': 104.75720518592495, 'noise_gpi_sigma': 88.97959359685781, 'g_stn_gpe_mult': 3.4774719216153436, 'g_gpe_stn_mult': 0.15148175663019853, 'g_stn_gpi_mult': 2.99238784074184, 'g_gpe_gpi_mult': 0.5290288459377652}. Best is trial 261 with value: 0.15014689328990205.
[I 2026-05-28 21:39:04,283] Trial 276 finished with value: 0.17708435968392808 and parameters: {'ISTN': 62.031606986922924, 'I_gpe': 1.342969464589265, 'I_gpi': 2.0988436420320475, 'noise_stn_sigma': 2.923837486461606, 'noise_gpe_sigma': 94.98804609735778, 'noise_gpi_sigma': 106.05953741756178, 'g_stn_gpe_mult': 3.202339192761672, 'g_gpe_stn_mult': 0.18977567015794367, 'g_stn_gpi_mult': 2.655352260238966, 'g_gpe_gpi_mult': 0.6713903244781974}. Best is trial 261 with value: 0.15014689328990205.
[I 2026-05-28 21:39:05,289] Trial 277 finished with value: 0.18230805820471618 and parameters: {'ISTN': 61.601415690593555, 'I_gpe': 1.2431118608423675, 'I_gpi': 2.156080260565633, 'noise_stn_sigma': 2.8006527196983333, 'noise_gpe_sigma': 94.7425639208656, 'noise_gpi_sigma': 101.66475346132464, 'g_stn_gpe_mult': 3.61788999855479, 'g_gpe_stn_mult': 0.14714746958744068, 'g_stn_gpi_mult': 2.6730670506538106, 'g_gpe_gpi_mult': 0.705254377339801}. Best is trial 261 with value: 0.15014689328990205.
[I 2026-05-28 21:39:06,296] Trial 278 finished with value: 0.3655745382986091 and parameters: {'ISTN': 64.97489156446613, 'I_gpe': 0.7212213501717313, 'I_gpi': 2.0129179389680973, 'noise_stn_sigma': 2.36337188023799, 'noise_gpe_sigma': 95.67453788924662, 'noise_gpi_sigma': 82.51190279479026, 'g_stn_gpe_mult': 3.4044480596964126, 'g_gpe_stn_mult': 0.10831456038117063, 'g_stn_gpi_mult': 2.8204107357460653, 'g_gpe_gpi_mult': 0.7110680407977639}. Best is trial 261 with value: 0.15014689328990205.
[I 2026-05-28 21:39:07,304] Trial 279 finished with value: 0.20315739258019433 and parameters: {'ISTN': 62.34233846566519, 'I_gpe': 0.9149072023290447, 'I_gpi': 2.2293902337931177, 'noise_stn_sigma': 3.1054569077798684, 'noise_gpe_sigma': 94.9501125926195, 'noise_gpi_sigma': 99.00548200014, 'g_stn_gpe_mult': 3.4427575279088227, 'g_gpe_stn_mult': 0.14672502623471603, 'g_stn_gpi_mult': 2.935349119869933, 'g_gpe_gpi_mult': 0.6561348682175043}. Best is trial 261 with value: 0.15014689328990205.
[I 2026-05-28 21:39:08,309] Trial 280 finished with value: 0.24787591796596714 and parameters: {'ISTN': 65.22872982094869, 'I_gpe': 0.7877124183315123, 'I_gpi': 1.826928837000449, 'noise_stn_sigma': 2.7647042602033567, 'noise_gpe_sigma': 97.1117527317589, 'noise_gpi_sigma': 94.22024788426427, 'g_stn_gpe_mult': 3.5573300521718134, 'g_gpe_stn_mult': 0.1718168830456977, 'g_stn_gpi_mult': 2.903648802067827, 'g_gpe_gpi_mult': 0.8642804279289393}. Best is trial 261 with value: 0.15014689328990205.
[I 2026-05-28 21:39:09,316] Trial 281 finished with value: 0.2629001671558996 and parameters: {'ISTN': 61.20227206682673, 'I_gpe': 1.1721914873831967, 'I_gpi': 1.9409867929104085, 'noise_stn_sigma': 2.755535249214199, 'noise_gpe_sigma': 100.04902290592938, 'noise_gpi_sigma': 90.55321036169364, 'g_stn_gpe_mult': 3.421529043087431, 'g_gpe_stn_mult': 0.19789581857134428, 'g_stn_gpi_mult': 2.830180327570319, 'g_gpe_gpi_mult': 0.6399511916987921}. Best is trial 261 with value: 0.15014689328990205.
[I 2026-05-28 21:39:10,322] Trial 282 finished with value: 0.17335529725881046 and parameters: {'ISTN': 61.327517489427464, 'I_gpe': 1.3571985344337536, 'I_gpi': 1.9361390816723532, 'noise_stn_sigma': 3.151271029152773, 'noise_gpe_sigma': 105.00738465510334, 'noise_gpi_sigma': 96.69751828927396, 'g_stn_gpe_mult': 3.3560586601787232, 'g_gpe_stn_mult': 0.19653798160011604, 'g_stn_gpi_mult': 2.8268079415584104, 'g_gpe_gpi_mult': 0.6740094948597419}. Best is trial 261 with value: 0.15014689328990205.
[I 2026-05-28 21:39:11,327] Trial 283 finished with value: 0.4070465941300648 and parameters: {'ISTN': 60.98303383249573, 'I_gpe': 1.4355458635934215, 'I_gpi': 1.7731628081208708, 'noise_stn_sigma': 2.8900307736725246, 'noise_gpe_sigma': 106.424621173911, 'noise_gpi_sigma': 97.28730648989882, 'g_stn_gpe_mult': 3.04040285734379, 'g_gpe_stn_mult': 0.10812549988791062, 'g_stn_gpi_mult': 2.5361830862427297, 'g_gpe_gpi_mult': 0.6309727237763776}. Best is trial 261 with value: 0.15014689328990205.
[I 2026-05-28 21:39:12,335] Trial 284 finished with value: 1.186921043810511 and parameters: {'ISTN': 60.59670496262414, 'I_gpe': 0.9827433172887192, 'I_gpi': 1.8314872359288765, 'noise_stn_sigma': 2.7580849437005655, 'noise_gpe_sigma': 90.55991066274653, 'noise_gpi_sigma': 79.74014386571167, 'g_stn_gpe_mult': 2.924155530319177, 'g_gpe_stn_mult': 0.10339287113511783, 'g_stn_gpi_mult': 3.0112079371100435, 'g_gpe_gpi_mult': 0.635893089938455}. Best is trial 261 with value: 0.15014689328990205.
[I 2026-05-28 21:39:13,339] Trial 285 finished with value: 0.19927227190317237 and parameters: {'ISTN': 60.860772589360465, 'I_gpe': 1.3538657415761217, 'I_gpi': 1.6709751465415297, 'noise_stn_sigma': 2.295115224419698, 'noise_gpe_sigma': 110.16121787651117, 'noise_gpi_sigma': 88.59772211390708, 'g_stn_gpe_mult': 3.237684147472285, 'g_gpe_stn_mult': 0.1920040181957664, 'g_stn_gpi_mult': 2.96873121251879, 'g_gpe_gpi_mult': 0.6181706761066879}. Best is trial 261 with value: 0.15014689328990205.
[I 2026-05-28 21:39:14,345] Trial 286 finished with value: 0.42159129090401226 and parameters: {'ISTN': 65.3153825619031, 'I_gpe': 1.3345631141263372, 'I_gpi': 1.508240326465983, 'noise_stn_sigma': 2.9073661931732064, 'noise_gpe_sigma': 94.72199386261863, 'noise_gpi_sigma': 91.76266997856695, 'g_stn_gpe_mult': 3.453172447317796, 'g_gpe_stn_mult': 0.188209700466742, 'g_stn_gpi_mult': 2.801989042902152, 'g_gpe_gpi_mult': 0.7210607845885053}. Best is trial 261 with value: 0.15014689328990205.
[I 2026-05-28 21:39:15,352] Trial 287 finished with value: 0.2347626670524294 and parameters: {'ISTN': 62.3170629805196, 'I_gpe': 1.5227254057946586, 'I_gpi': 1.774781175367146, 'noise_stn_sigma': 2.511576009084325, 'noise_gpe_sigma': 96.76417209947773, 'noise_gpi_sigma': 103.7386388332271, 'g_stn_gpe_mult': 3.2462179953353845, 'g_gpe_stn_mult': 0.14554143626521857, 'g_stn_gpi_mult': 2.603217451610842, 'g_gpe_gpi_mult': 0.6388532638367213}. Best is trial 261 with value: 0.15014689328990205.
[I 2026-05-28 21:39:16,359] Trial 288 finished with value: 0.17781092883453145 and parameters: {'ISTN': 62.170464024533594, 'I_gpe': 0.9772126336511302, 'I_gpi': 2.1165480194942203, 'noise_stn_sigma': 2.9440727292130946, 'noise_gpe_sigma': 100.91865064893872, 'noise_gpi_sigma': 92.79827531798706, 'g_stn_gpe_mult': 3.147939576643752, 'g_gpe_stn_mult': 0.13989378351272055, 'g_stn_gpi_mult': 3.0360890958222457, 'g_gpe_gpi_mult': 0.7081339365261419}. Best is trial 261 with value: 0.15014689328990205.
[I 2026-05-28 21:39:17,364] Trial 289 finished with value: 0.19742448794845333 and parameters: {'ISTN': 63.37032612826222, 'I_gpe': 1.011822639851463, 'I_gpi': 2.1379950608173424, 'noise_stn_sigma': 2.455790441827648, 'noise_gpe_sigma': 106.56458052584689, 'noise_gpi_sigma': 100.49741128267411, 'g_stn_gpe_mult': 3.909566094158137, 'g_gpe_stn_mult': 0.19872435143874861, 'g_stn_gpi_mult': 2.6685157260746077, 'g_gpe_gpi_mult': 0.7420189541249838}. Best is trial 261 with value: 0.15014689328990205.
[I 2026-05-28 21:39:18,372] Trial 290 finished with value: 0.21897012647783198 and parameters: {'ISTN': 63.315266827922294, 'I_gpe': 1.1009729159468948, 'I_gpi': 1.8066322445143554, 'noise_stn_sigma': 2.5748959399124756, 'noise_gpe_sigma': 109.1688478292237, 'noise_gpi_sigma': 91.27614596281487, 'g_stn_gpe_mult': 3.4171322134785815, 'g_gpe_stn_mult': 0.20451770456926813, 'g_stn_gpi_mult': 2.7123297951639698, 'g_gpe_gpi_mult': 0.6202279408338176}. Best is trial 261 with value: 0.15014689328990205.
[I 2026-05-28 21:39:19,381] Trial 291 finished with value: 0.1861745966515363 and parameters: {'ISTN': 62.49257734197353, 'I_gpe': 1.2851611669236744, 'I_gpi': 1.8545016983897007, 'noise_stn_sigma': 2.6107854501231293, 'noise_gpe_sigma': 107.74649883461147, 'noise_gpi_sigma': 102.94815178326141, 'g_stn_gpe_mult': 3.3875774539858474, 'g_gpe_stn_mult': 0.17445171805029203, 'g_stn_gpi_mult': 2.6611666745109614, 'g_gpe_gpi_mult': 0.678024864481197}. Best is trial 261 with value: 0.15014689328990205.
[I 2026-05-28 21:39:20,390] Trial 292 finished with value: 3.725267378923569 and parameters: {'ISTN': 66.19665124963691, 'I_gpe': 0.8980665183231741, 'I_gpi': 2.0534093199510166, 'noise_stn_sigma': 3.597390187476112, 'noise_gpe_sigma': 116.43829726170115, 'noise_gpi_sigma': 95.42775719942748, 'g_stn_gpe_mult': 3.5972536020580033, 'g_gpe_stn_mult': 0.16185204923105936, 'g_stn_gpi_mult': 2.573269996446527, 'g_gpe_gpi_mult': 0.7486395721688921}. Best is trial 261 with value: 0.15014689328990205.
[I 2026-05-28 21:39:21,399] Trial 293 finished with value: 0.23426826694416403 and parameters: {'ISTN': 63.570113169764824, 'I_gpe': 0.8893179658095565, 'I_gpi': 2.015858625371905, 'noise_stn_sigma': 3.230805729166913, 'noise_gpe_sigma': 111.6155632867421, 'noise_gpi_sigma': 87.72338807284316, 'g_stn_gpe_mult': 3.1575752461823816, 'g_gpe_stn_mult': 0.18966416169108916, 'g_stn_gpi_mult': 2.943283393189206, 'g_gpe_gpi_mult': 0.7076516698023088}. Best is trial 261 with value: 0.15014689328990205.
[I 2026-05-28 21:39:22,405] Trial 294 finished with value: 0.19446720889916852 and parameters: {'ISTN': 64.0757538797278, 'I_gpe': 0.9509123941681907, 'I_gpi': 1.8279530869890426, 'noise_stn_sigma': 2.970289971766316, 'noise_gpe_sigma': 105.37466937518221, 'noise_gpi_sigma': 91.54655266062768, 'g_stn_gpe_mult': 3.5334168010062417, 'g_gpe_stn_mult': 0.17376254335452213, 'g_stn_gpi_mult': 2.9020020949229033, 'g_gpe_gpi_mult': 0.7112086377445668}. Best is trial 261 with value: 0.15014689328990205.
[I 2026-05-28 21:39:23,414] Trial 295 finished with value: 0.22316253052322982 and parameters: {'ISTN': 62.38748911067232, 'I_gpe': 1.2826684068804926, 'I_gpi': 1.6262097865583967, 'noise_stn_sigma': 2.980443354280739, 'noise_gpe_sigma': 107.2689614902248, 'noise_gpi_sigma': 86.36685486504133, 'g_stn_gpe_mult': 3.541009095259461, 'g_gpe_stn_mult': 0.15553169807504785, 'g_stn_gpi_mult': 2.6866010126568183, 'g_gpe_gpi_mult': 0.7086779904271934}. Best is trial 261 with value: 0.15014689328990205.
[I 2026-05-28 21:39:24,424] Trial 296 finished with value: 0.18569739093675824 and parameters: {'ISTN': 60.36457866918633, 'I_gpe': 1.3705772702986594, 'I_gpi': 1.8029438775458315, 'noise_stn_sigma': 3.465945889356059, 'noise_gpe_sigma': 101.99329708223767, 'noise_gpi_sigma': 98.11293677764394, 'g_stn_gpe_mult': 3.4711465622192907, 'g_gpe_stn_mult': 0.20576980738298706, 'g_stn_gpi_mult': 2.824012106459568, 'g_gpe_gpi_mult': 0.6877497071711836}. Best is trial 261 with value: 0.15014689328990205.
[I 2026-05-28 21:39:25,433] Trial 297 finished with value: 0.1913865742861104 and parameters: {'ISTN': 64.98801332043713, 'I_gpe': 0.8972883503815853, 'I_gpi': 1.7986932800619237, 'noise_stn_sigma': 2.6539982271627167, 'noise_gpe_sigma': 116.18384466137896, 'noise_gpi_sigma': 98.12184430049402, 'g_stn_gpe_mult': 3.6547952741374754, 'g_gpe_stn_mult': 0.13537246375030698, 'g_stn_gpi_mult': 2.8457611360727757, 'g_gpe_gpi_mult': 0.7034773584740703}. Best is trial 261 with value: 0.15014689328990205.
[I 2026-05-28 21:39:26,440] Trial 298 finished with value: 0.1798213186041811 and parameters: {'ISTN': 60.21966398325614, 'I_gpe': 1.2889748876087594, 'I_gpi': 1.9196247980206766, 'noise_stn_sigma': 2.4892787600755497, 'noise_gpe_sigma': 100.4161395727883, 'noise_gpi_sigma': 88.47157338601178, 'g_stn_gpe_mult': 3.329820606510718, 'g_gpe_stn_mult': 0.18299627024295168, 'g_stn_gpi_mult': 2.833145562960139, 'g_gpe_gpi_mult': 0.6751619475386418}. Best is trial 261 with value: 0.15014689328990205.
[I 2026-05-28 21:39:27,446] Trial 299 finished with value: 2.1219490200334827 and parameters: {'ISTN': 65.20686915114297, 'I_gpe': 0.7739666561958215, 'I_gpi': 1.879022418129085, 'noise_stn_sigma': 3.0522204370812918, 'noise_gpe_sigma': 116.43189652312769, 'noise_gpi_sigma': 97.01558613885236, 'g_stn_gpe_mult': 3.397015907014387, 'g_gpe_stn_mult': 0.19021459243414107, 'g_stn_gpi_mult': 3.1432110585904853, 'g_gpe_gpi_mult': 0.7453536075565983}. Best is trial 261 with value: 0.15014689328990205.
[I 2026-05-28 21:39:28,453] Trial 300 finished with value: 0.20679090904520983 and parameters: {'ISTN': 62.305782063473224, 'I_gpe': 1.2349902046009842, 'I_gpi': 2.273023485435358, 'noise_stn_sigma': 2.4005983452556006, 'noise_gpe_sigma': 98.61899504139207, 'noise_gpi_sigma': 92.84788235290796, 'g_stn_gpe_mult': 3.433025602705233, 'g_gpe_stn_mult': 0.16610284646610535, 'g_stn_gpi_mult': 2.969766466387244, 'g_gpe_gpi_mult': 0.6611736192961601}. Best is trial 261 with value: 0.15014689328990205.
[I 2026-05-28 21:39:29,459] Trial 301 finished with value: 0.1817994048455363 and parameters: {'ISTN': 63.101381057838964, 'I_gpe': 1.2373220484763878, 'I_gpi': 1.8295691458160244, 'noise_stn_sigma': 2.3684561215007474, 'noise_gpe_sigma': 111.21406544940395, 'noise_gpi_sigma': 94.9058253414281, 'g_stn_gpe_mult': 3.35629900339418, 'g_gpe_stn_mult': 0.13749026161499947, 'g_stn_gpi_mult': 2.611330531384745, 'g_gpe_gpi_mult': 0.7731122989661807}. Best is trial 261 with value: 0.15014689328990205.
[I 2026-05-28 21:39:30,467] Trial 302 finished with value: 0.3061290301309422 and parameters: {'ISTN': 63.06932605642951, 'I_gpe': 1.3869538591417694, 'I_gpi': 1.963146873493856, 'noise_stn_sigma': 3.2971861311596444, 'noise_gpe_sigma': 101.1905044996361, 'noise_gpi_sigma': 94.05949445997962, 'g_stn_gpe_mult': 3.502456348443897, 'g_gpe_stn_mult': 0.21654460877119436, 'g_stn_gpi_mult': 2.978650875780655, 'g_gpe_gpi_mult': 0.614718568484522}. Best is trial 261 with value: 0.15014689328990205.
[I 2026-05-28 21:39:31,473] Trial 303 finished with value: 0.16567458073488323 and parameters: {'ISTN': 61.186198603030036, 'I_gpe': 1.0797892983122475, 'I_gpi': 1.7779989897726924, 'noise_stn_sigma': 2.308934717650525, 'noise_gpe_sigma': 97.80426403356442, 'noise_gpi_sigma': 98.45056500346365, 'g_stn_gpe_mult': 3.301080682090009, 'g_gpe_stn_mult': 0.16060226443653208, 'g_stn_gpi_mult': 2.6427482662541792, 'g_gpe_gpi_mult': 0.676963424733857}. Best is trial 261 with value: 0.15014689328990205.
[I 2026-05-28 21:39:32,478] Trial 304 finished with value: 0.19159678722410406 and parameters: {'ISTN': 60.34462528392018, 'I_gpe': 0.8219785553216904, 'I_gpi': 2.097321393888264, 'noise_stn_sigma': 3.093449801930468, 'noise_gpe_sigma': 105.39163455800333, 'noise_gpi_sigma': 98.33585047178245, 'g_stn_gpe_mult': 3.142012734611954, 'g_gpe_stn_mult': 0.20459715746721135, 'g_stn_gpi_mult': 2.8742276955028463, 'g_gpe_gpi_mult': 0.6278911798504923}. Best is trial 261 with value: 0.15014689328990205.
[I 2026-05-28 21:39:33,485] Trial 305 finished with value: 0.23210441118134403 and parameters: {'ISTN': 62.557935528323206, 'I_gpe': 1.435803529053785, 'I_gpi': 1.8437743782523723, 'noise_stn_sigma': 2.424030913175297, 'noise_gpe_sigma': 107.27774439521339, 'noise_gpi_sigma': 102.00311090682132, 'g_stn_gpe_mult': 3.5386178898072465, 'g_gpe_stn_mult': 0.20164078624504567, 'g_stn_gpi_mult': 2.8474074269032323, 'g_gpe_gpi_mult': 0.7806571388831969}. Best is trial 261 with value: 0.15014689328990205.
[I 2026-05-28 21:39:34,491] Trial 306 finished with value: 0.17633173362186877 and parameters: {'ISTN': 65.16350660525485, 'I_gpe': 1.172363797411684, 'I_gpi': 1.8482960818730374, 'noise_stn_sigma': 2.732953170329207, 'noise_gpe_sigma': 110.36750301247429, 'noise_gpi_sigma': 94.2626037023651, 'g_stn_gpe_mult': 3.1170571776329874, 'g_gpe_stn_mult': 0.13382599641796267, 'g_stn_gpi_mult': 2.8424892913918045, 'g_gpe_gpi_mult': 0.7192078354009341}. Best is trial 261 with value: 0.15014689328990205.
[I 2026-05-28 21:39:35,497] Trial 307 finished with value: 0.1844862732716586 and parameters: {'ISTN': 61.53682073764929, 'I_gpe': 1.112977008633266, 'I_gpi': 1.8548187069145226, 'noise_stn_sigma': 2.7079190683995273, 'noise_gpe_sigma': 108.67523713897732, 'noise_gpi_sigma': 105.40938560264622, 'g_stn_gpe_mult': 3.48203560358545, 'g_gpe_stn_mult': 0.18735426699632796, 'g_stn_gpi_mult': 2.5770097115023116, 'g_gpe_gpi_mult': 0.7392189034007481}. Best is trial 261 with value: 0.15014689328990205.
