[I 2026-05-28 21:47:43,752] Trial 792 finished with value: 0.13588931941072127 and parameters: {'ISTN': 60.23323011012921, 'I_gpe': 1.156792860967469, 'I_gpi': 2.016605773895022, 'noise_stn_sigma': 2.596000209776749, 'noise_gpe_sigma': 110.35796206627147, 'noise_gpi_sigma': 82.62006995730334, 'g_stn_gpe_mult': 3.471581399162077, 'g_gpe_stn_mult': 0.17718264450291255, 'g_stn_gpi_mult': 2.6244119700925754, 'g_gpe_gpi_mult': 0.7646408157114113}. Best is trial 609 with value: 0.1297953515744074.
[I 2026-05-28 21:47:44,759] Trial 793 finished with value: 0.13810595391229752 and parameters: {'ISTN': 60.39524094043525, 'I_gpe': 1.0923058544754525, 'I_gpi': 2.088767018616978, 'noise_stn_sigma': 2.685848634700399, 'noise_gpe_sigma': 108.24216813312837, 'noise_gpi_sigma': 83.22063147618643, 'g_stn_gpe_mult': 3.547824206729528, 'g_gpe_stn_mult': 0.17497884207540854, 'g_stn_gpi_mult': 2.5689190339052184, 'g_gpe_gpi_mult': 0.7848880762973025}. Best is trial 609 with value: 0.1297953515744074.
[I 2026-05-28 21:47:45,768] Trial 794 finished with value: 0.13621356990985198 and parameters: {'ISTN': 60.18575740648954, 'I_gpe': 1.104058139896462, 'I_gpi': 2.0331659213097053, 'noise_stn_sigma': 2.7174654368590243, 'noise_gpe_sigma': 107.2859673160218, 'noise_gpi_sigma': 82.68639830365132, 'g_stn_gpe_mult': 3.486626872697009, 'g_gpe_stn_mult': 0.18013764685588024, 'g_stn_gpi_mult': 2.593511076770512, 'g_gpe_gpi_mult': 0.7560464101855322}. Best is trial 609 with value: 0.1297953515744074.
[I 2026-05-28 21:47:46,774] Trial 795 finished with value: 0.13533851948449147 and parameters: {'ISTN': 60.15253200195879, 'I_gpe': 1.1444685399436305, 'I_gpi': 2.0119242270370714, 'noise_stn_sigma': 2.6516840200164884, 'noise_gpe_sigma': 109.74469969881781, 'noise_gpi_sigma': 84.43518618050501, 'g_stn_gpe_mult': 3.518007039114391, 'g_gpe_stn_mult': 0.1831743851880021, 'g_stn_gpi_mult': 2.635960687911792, 'g_gpe_gpi_mult': 0.7691106741214979}. Best is trial 609 with value: 0.1297953515744074.
[I 2026-05-28 21:47:47,779] Trial 796 finished with value: 0.13790244595790963 and parameters: {'ISTN': 60.79281486461679, 'I_gpe': 1.1161527701373446, 'I_gpi': 2.025550483187328, 'noise_stn_sigma': 2.6649534056765636, 'noise_gpe_sigma': 107.7215670172307, 'noise_gpi_sigma': 85.64338838600423, 'g_stn_gpe_mult': 3.5857234312050954, 'g_gpe_stn_mult': 0.17186508865184313, 'g_stn_gpi_mult': 2.577459846505264, 'g_gpe_gpi_mult': 0.7780036524536775}. Best is trial 609 with value: 0.1297953515744074.
[I 2026-05-28 21:47:48,786] Trial 797 finished with value: 0.13910472489219927 and parameters: {'ISTN': 60.30313193951838, 'I_gpe': 1.1239826088670224, 'I_gpi': 1.973821079111466, 'noise_stn_sigma': 2.783674380015878, 'noise_gpe_sigma': 107.83137394211309, 'noise_gpi_sigma': 86.42283497917201, 'g_stn_gpe_mult': 3.523082826480672, 'g_gpe_stn_mult': 0.17931681894396706, 'g_stn_gpi_mult': 2.657860284116785, 'g_gpe_gpi_mult': 0.767570262751474}. Best is trial 609 with value: 0.1297953515744074.
[I 2026-05-28 21:47:49,792] Trial 798 finished with value: 0.14666406410558652 and parameters: {'ISTN': 60.83275371207329, 'I_gpe': 1.1529537697027659, 'I_gpi': 2.0184011534710296, 'noise_stn_sigma': 2.89813098569694, 'noise_gpe_sigma': 107.33607526483331, 'noise_gpi_sigma': 83.59817456420882, 'g_stn_gpe_mult': 3.590222850089141, 'g_gpe_stn_mult': 0.173388854983989, 'g_stn_gpi_mult': 2.6235213370764607, 'g_gpe_gpi_mult': 0.7888622690073737}. Best is trial 609 with value: 0.1297953515744074.
[I 2026-05-28 21:47:50,799] Trial 799 finished with value: 0.14853677581697636 and parameters: {'ISTN': 60.14898450843992, 'I_gpe': 1.178428631140279, 'I_gpi': 1.9548032517925353, 'noise_stn_sigma': 2.6268213039567714, 'noise_gpe_sigma': 106.82456632654453, 'noise_gpi_sigma': 84.85653781963543, 'g_stn_gpe_mult': 3.5784163776946305, 'g_gpe_stn_mult': 0.18436402916214076, 'g_stn_gpi_mult': 2.5687700674363803, 'g_gpe_gpi_mult': 0.7661922756379331}. Best is trial 609 with value: 0.1297953515744074.
[I 2026-05-28 21:47:51,805] Trial 800 finished with value: 0.13859072254092966 and parameters: {'ISTN': 60.38534990040778, 'I_gpe': 1.1189707373268907, 'I_gpi': 1.948043108311297, 'noise_stn_sigma': 2.762163212426525, 'noise_gpe_sigma': 110.86369357972897, 'noise_gpi_sigma': 80.19367574815156, 'g_stn_gpe_mult': 3.5451446475502917, 'g_gpe_stn_mult': 0.17845490447098594, 'g_stn_gpi_mult': 2.620569367192748, 'g_gpe_gpi_mult': 0.7852512747750884}. Best is trial 609 with value: 0.1297953515744074.
[I 2026-05-28 21:47:52,814] Trial 801 finished with value: 0.13337865977933205 and parameters: {'ISTN': 60.53406184409551, 'I_gpe': 1.1647761876705065, 'I_gpi': 2.0380643501453757, 'noise_stn_sigma': 2.672532690403802, 'noise_gpe_sigma': 106.2004714754894, 'noise_gpi_sigma': 87.36520779291854, 'g_stn_gpe_mult': 3.485997360011817, 'g_gpe_stn_mult': 0.1724848652758786, 'g_stn_gpi_mult': 2.624255739290562, 'g_gpe_gpi_mult': 0.7587579247989915}. Best is trial 609 with value: 0.1297953515744074.
[I 2026-05-28 21:47:53,821] Trial 802 finished with value: 0.13555085522716126 and parameters: {'ISTN': 60.37326459207647, 'I_gpe': 1.1826035136607127, 'I_gpi': 2.0348630549960642, 'noise_stn_sigma': 2.668357302304218, 'noise_gpe_sigma': 109.94274336651034, 'noise_gpi_sigma': 83.42025199553387, 'g_stn_gpe_mult': 3.4485201483696377, 'g_gpe_stn_mult': 0.17295977975309973, 'g_stn_gpi_mult': 2.644669246771939, 'g_gpe_gpi_mult': 0.7768164217859583}. Best is trial 609 with value: 0.1297953515744074.
[I 2026-05-28 21:47:54,830] Trial 803 finished with value: 0.14595025040665977 and parameters: {'ISTN': 60.611458743650815, 'I_gpe': 1.2079102635241687, 'I_gpi': 2.0070693788818543, 'noise_stn_sigma': 2.713269255858796, 'noise_gpe_sigma': 110.1590362447538, 'noise_gpi_sigma': 84.36140241183865, 'g_stn_gpe_mult': 3.4936041630989654, 'g_gpe_stn_mult': 0.17849991768474938, 'g_stn_gpi_mult': 2.6524744392599766, 'g_gpe_gpi_mult': 0.7720378816393629}. Best is trial 609 with value: 0.1297953515744074.
[I 2026-05-28 21:47:55,835] Trial 804 finished with value: 0.13679427047308462 and parameters: {'ISTN': 60.34531403500735, 'I_gpe': 1.028737881732483, 'I_gpi': 2.0418988391094874, 'noise_stn_sigma': 2.5889398731641187, 'noise_gpe_sigma': 108.48268610981124, 'noise_gpi_sigma': 82.0041435444524, 'g_stn_gpe_mult': 3.516405945180093, 'g_gpe_stn_mult': 0.16996155077646752, 'g_stn_gpi_mult': 2.644021859505664, 'g_gpe_gpi_mult': 0.7715260985377885}. Best is trial 609 with value: 0.1297953515744074.
[I 2026-05-28 21:47:56,843] Trial 805 finished with value: 0.12781675256731181 and parameters: {'ISTN': 60.15279595625993, 'I_gpe': 1.1516824672290111, 'I_gpi': 2.073201370613183, 'noise_stn_sigma': 2.5815346493968763, 'noise_gpe_sigma': 106.6377655471551, 'noise_gpi_sigma': 84.64542087443844, 'g_stn_gpe_mult': 3.4140824194431936, 'g_gpe_stn_mult': 0.17938074164941414, 'g_stn_gpi_mult': 2.5783665308483643, 'g_gpe_gpi_mult': 0.7790824454537371}. Best is trial 805 with value: 0.12781675256731181.
[I 2026-05-28 21:47:57,851] Trial 806 finished with value: 0.13208979689775407 and parameters: {'ISTN': 60.09830955037755, 'I_gpe': 1.1407893632331194, 'I_gpi': 2.0773921245699496, 'noise_stn_sigma': 2.5534111306987635, 'noise_gpe_sigma': 107.74487012925545, 'noise_gpi_sigma': 84.23395741384749, 'g_stn_gpe_mult': 3.4630195976212557, 'g_gpe_stn_mult': 0.17952017069763504, 'g_stn_gpi_mult': 2.623496930297376, 'g_gpe_gpi_mult': 0.766953324454865}. Best is trial 805 with value: 0.12781675256731181.
[I 2026-05-28 21:47:58,857] Trial 807 finished with value: 0.13569071769842886 and parameters: {'ISTN': 60.397977215200946, 'I_gpe': 1.1410884026568124, 'I_gpi': 2.015436935826262, 'noise_stn_sigma': 2.634019639365196, 'noise_gpe_sigma': 110.2651513259293, 'noise_gpi_sigma': 81.74593905184425, 'g_stn_gpe_mult': 3.514277891760254, 'g_gpe_stn_mult': 0.17726176626485962, 'g_stn_gpi_mult': 2.6242780605238076, 'g_gpe_gpi_mult': 0.7656156049449483}. Best is trial 805 with value: 0.12781675256731181.
[I 2026-05-28 21:47:59,865] Trial 808 finished with value: 0.13788076806594107 and parameters: {'ISTN': 60.300975536883236, 'I_gpe': 1.1916481980846108, 'I_gpi': 2.0293192398769677, 'noise_stn_sigma': 2.708261124560287, 'noise_gpe_sigma': 109.06220304074667, 'noise_gpi_sigma': 84.5627036825352, 'g_stn_gpe_mult': 3.5098312517858155, 'g_gpe_stn_mult': 0.178685941174958, 'g_stn_gpi_mult': 2.5561795721443246, 'g_gpe_gpi_mult': 0.7724121777281612}. Best is trial 805 with value: 0.12781675256731181.
[I 2026-05-28 21:48:00,872] Trial 809 finished with value: 0.15363930986627197 and parameters: {'ISTN': 60.57072373461894, 'I_gpe': 1.1954991890899604, 'I_gpi': 2.04062355175183, 'noise_stn_sigma': 2.6264821694060725, 'noise_gpe_sigma': 108.39168021490791, 'noise_gpi_sigma': 81.69655543015085, 'g_stn_gpe_mult': 3.562994683409269, 'g_gpe_stn_mult': 0.18698598574555977, 'g_stn_gpi_mult': 2.611932065936034, 'g_gpe_gpi_mult': 0.7726293762256371}. Best is trial 805 with value: 0.12781675256731181.
[I 2026-05-28 21:48:01,880] Trial 810 finished with value: 0.14714626575079012 and parameters: {'ISTN': 60.1028814011188, 'I_gpe': 1.1845101517214869, 'I_gpi': 1.9849638480660718, 'noise_stn_sigma': 2.6398079076113006, 'noise_gpe_sigma': 109.19997330417569, 'noise_gpi_sigma': 81.1488965250235, 'g_stn_gpe_mult': 3.4692878786619135, 'g_gpe_stn_mult': 0.18788680877453334, 'g_stn_gpi_mult': 2.5667531051333397, 'g_gpe_gpi_mult': 0.7775029405843266}. Best is trial 805 with value: 0.12781675256731181.
[I 2026-05-28 21:48:02,889] Trial 811 finished with value: 0.12748945227995567 and parameters: {'ISTN': 60.12665884776611, 'I_gpe': 1.1604281499832543, 'I_gpi': 2.0920211595879454, 'noise_stn_sigma': 2.462057239235589, 'noise_gpe_sigma': 105.94153860817076, 'noise_gpi_sigma': 86.62596841492213, 'g_stn_gpe_mult': 3.380151436456895, 'g_gpe_stn_mult': 0.17908226741873906, 'g_stn_gpi_mult': 2.6070734926814443, 'g_gpe_gpi_mult': 0.7630289856875077}. Best is trial 811 with value: 0.12748945227995567.
[I 2026-05-28 21:48:03,897] Trial 812 finished with value: 0.4390516244989644 and parameters: {'ISTN': 60.40131347625743, 'I_gpe': 1.181965896467689, 'I_gpi': 2.024642860296627, 'noise_stn_sigma': 2.7641447400946006, 'noise_gpe_sigma': 108.48078706844709, 'noise_gpi_sigma': 80.35510747210034, 'g_stn_gpe_mult': 3.455052860414827, 'g_gpe_stn_mult': 0.17556176455946956, 'g_stn_gpi_mult': 2.6293243825295765, 'g_gpe_gpi_mult': 0.7824471033821203}. Best is trial 811 with value: 0.12748945227995567.
[I 2026-05-28 21:48:04,905] Trial 813 finished with value: 0.13472053120219865 and parameters: {'ISTN': 60.13601275225983, 'I_gpe': 1.0596408560316015, 'I_gpi': 2.08052536593858, 'noise_stn_sigma': 2.5222662980313606, 'noise_gpe_sigma': 107.27394479059943, 'noise_gpi_sigma': 85.4926542406689, 'g_stn_gpe_mult': 3.4660007313635197, 'g_gpe_stn_mult': 0.17468464543307993, 'g_stn_gpi_mult': 2.668728757957791, 'g_gpe_gpi_mult': 0.7565520829806014}. Best is trial 811 with value: 0.12748945227995567.
[I 2026-05-28 21:48:05,910] Trial 814 finished with value: 0.1355694718355359 and parameters: {'ISTN': 60.35751904190927, 'I_gpe': 1.096870965377637, 'I_gpi': 2.0797832278082717, 'noise_stn_sigma': 2.5592461244263958, 'noise_gpe_sigma': 107.720360400123, 'noise_gpi_sigma': 83.19831557624507, 'g_stn_gpe_mult': 3.4605274972322264, 'g_gpe_stn_mult': 0.1766650872540732, 'g_stn_gpi_mult': 2.675426433401714, 'g_gpe_gpi_mult': 0.7699599989134001}. Best is trial 811 with value: 0.12748945227995567.
[I 2026-05-28 21:48:06,917] Trial 815 finished with value: 0.1288593036159416 and parameters: {'ISTN': 60.17850042035159, 'I_gpe': 1.190868257793709, 'I_gpi': 2.0666606987264604, 'noise_stn_sigma': 2.5945248845086115, 'noise_gpe_sigma': 106.5352249594014, 'noise_gpi_sigma': 83.72243121129037, 'g_stn_gpe_mult': 3.4388010616611195, 'g_gpe_stn_mult': 0.1700994091946657, 'g_stn_gpi_mult': 2.6123605522402307, 'g_gpe_gpi_mult': 0.7736639261841405}. Best is trial 811 with value: 0.12748945227995567.
[I 2026-05-28 21:48:07,923] Trial 816 finished with value: 0.13812521976398695 and parameters: {'ISTN': 60.770874202032154, 'I_gpe': 1.1238096449021522, 'I_gpi': 2.0346970304421914, 'noise_stn_sigma': 2.610437162005728, 'noise_gpe_sigma': 106.01870243079318, 'noise_gpi_sigma': 84.48811722374776, 'g_stn_gpe_mult': 3.3970660132070245, 'g_gpe_stn_mult': 0.17911680064286667, 'g_stn_gpi_mult': 2.5546112877144145, 'g_gpe_gpi_mult': 0.7833702368125677}. Best is trial 811 with value: 0.12748945227995567.
[I 2026-05-28 21:48:08,928] Trial 817 finished with value: 0.13943778532096207 and parameters: {'ISTN': 60.64732366418969, 'I_gpe': 1.1438030726925563, 'I_gpi': 2.1002237031103634, 'noise_stn_sigma': 2.6862540443582006, 'noise_gpe_sigma': 107.46361282143457, 'noise_gpi_sigma': 83.30153840324053, 'g_stn_gpe_mult': 3.5219399818377743, 'g_gpe_stn_mult': 0.1713834871556315, 'g_stn_gpi_mult': 2.6010268628748245, 'g_gpe_gpi_mult': 0.7975013474674746}. Best is trial 811 with value: 0.12748945227995567.
[I 2026-05-28 21:48:09,936] Trial 818 finished with value: 0.1929212022605727 and parameters: {'ISTN': 61.01703915470057, 'I_gpe': 1.1634162801248786, 'I_gpi': 2.007559367158165, 'noise_stn_sigma': 2.4390181483538464, 'noise_gpe_sigma': 104.93285491885442, 'noise_gpi_sigma': 87.11911365419896, 'g_stn_gpe_mult': 3.440199911288064, 'g_gpe_stn_mult': 0.18572392404352156, 'g_stn_gpi_mult': 2.5787368976008676, 'g_gpe_gpi_mult': 0.7664701039442776}. Best is trial 811 with value: 0.12748945227995567.
[I 2026-05-28 21:48:10,943] Trial 819 finished with value: 0.13760274665039113 and parameters: {'ISTN': 60.25411148390765, 'I_gpe': 1.2079199856706544, 'I_gpi': 2.1199902802086923, 'noise_stn_sigma': 2.7264232629940484, 'noise_gpe_sigma': 108.12423961100049, 'noise_gpi_sigma': 85.25561335373365, 'g_stn_gpe_mult': 3.4337936070697923, 'g_gpe_stn_mult': 0.17518342005498488, 'g_stn_gpi_mult': 2.6135898918458578, 'g_gpe_gpi_mult': 0.7909104372048799}. Best is trial 811 with value: 0.12748945227995567.
[I 2026-05-28 21:48:11,948] Trial 820 finished with value: 0.13271883981268565 and parameters: {'ISTN': 60.135328387071276, 'I_gpe': 1.1378333069855864, 'I_gpi': 2.0890624707756844, 'noise_stn_sigma': 2.5687275587931397, 'noise_gpe_sigma': 106.89272780332287, 'noise_gpi_sigma': 86.04243284781411, 'g_stn_gpe_mult': 3.405553128727873, 'g_gpe_stn_mult': 0.17621195531807265, 'g_stn_gpi_mult': 2.6258680492183872, 'g_gpe_gpi_mult': 0.7777356992536653}. Best is trial 811 with value: 0.12748945227995567.
[I 2026-05-28 21:48:12,957] Trial 821 finished with value: 0.15543461559542102 and parameters: {'ISTN': 60.19179999155204, 'I_gpe': 1.1275439060740184, 'I_gpi': 2.1165244400464847, 'noise_stn_sigma': 2.655913148821983, 'noise_gpe_sigma': 104.77106367349108, 'noise_gpi_sigma': 87.66905313158827, 'g_stn_gpe_mult': 3.38919553841305, 'g_gpe_stn_mult': 0.17165625367940862, 'g_stn_gpi_mult': 2.610582475192822, 'g_gpe_gpi_mult': 0.7677802756833598}. Best is trial 811 with value: 0.12748945227995567.
[I 2026-05-28 21:48:13,962] Trial 822 finished with value: 0.12993416016507245 and parameters: {'ISTN': 60.07029369754776, 'I_gpe': 1.1721855754178687, 'I_gpi': 2.064191394489244, 'noise_stn_sigma': 2.5944237305660574, 'noise_gpe_sigma': 104.43761348186491, 'noise_gpi_sigma': 87.52540976206518, 'g_stn_gpe_mult': 3.4895599874314795, 'g_gpe_stn_mult': 0.18029246360385398, 'g_stn_gpi_mult': 2.6236518780704916, 'g_gpe_gpi_mult': 0.7579201743441382}. Best is trial 811 with value: 0.12748945227995567.
[I 2026-05-28 21:48:14,967] Trial 823 finished with value: 1.119311413435361 and parameters: {'ISTN': 60.14351827145925, 'I_gpe': 1.1478850501319648, 'I_gpi': 2.1341991684838386, 'noise_stn_sigma': 2.4395185338156997, 'noise_gpe_sigma': 104.39110472769252, 'noise_gpi_sigma': 88.55031053846925, 'g_stn_gpe_mult': 3.361900900344535, 'g_gpe_stn_mult': 0.1673591036336889, 'g_stn_gpi_mult': 2.6059489447438495, 'g_gpe_gpi_mult': 0.7577104037964344}. Best is trial 811 with value: 0.12748945227995567.
[I 2026-05-28 21:48:15,974] Trial 824 finished with value: 0.13594091509256892 and parameters: {'ISTN': 60.7628928932069, 'I_gpe': 1.1514748325167197, 'I_gpi': 1.9927942149219207, 'noise_stn_sigma': 2.6936326745032817, 'noise_gpe_sigma': 106.81723981363353, 'noise_gpi_sigma': 86.20015758285086, 'g_stn_gpe_mult': 3.4332243059810614, 'g_gpe_stn_mult': 0.1728403755539303, 'g_stn_gpi_mult': 2.5969775617157254, 'g_gpe_gpi_mult': 0.7638681928126141}. Best is trial 811 with value: 0.12748945227995567.
[I 2026-05-28 21:48:16,984] Trial 825 finished with value: 0.3729505791978029 and parameters: {'ISTN': 60.05258610460568, 'I_gpe': 1.2506115343827662, 'I_gpi': 2.083094748851212, 'noise_stn_sigma': 2.43413764350869, 'noise_gpe_sigma': 103.92924138399542, 'noise_gpi_sigma': 88.14350666835708, 'g_stn_gpe_mult': 3.402977949092267, 'g_gpe_stn_mult': 0.16537424604912837, 'g_stn_gpi_mult': 2.601215852470512, 'g_gpe_gpi_mult': 0.7419857051678771}. Best is trial 811 with value: 0.12748945227995567.
[I 2026-05-28 21:48:17,991] Trial 826 finished with value: 0.13653408463077726 and parameters: {'ISTN': 60.29294478108897, 'I_gpe': 1.2307413266766234, 'I_gpi': 2.0934116104843676, 'noise_stn_sigma': 2.4694524373847315, 'noise_gpe_sigma': 104.83369160480686, 'noise_gpi_sigma': 83.16907041472115, 'g_stn_gpe_mult': 3.357989931598412, 'g_gpe_stn_mult': 0.16918556017147923, 'g_stn_gpi_mult': 2.576010594351903, 'g_gpe_gpi_mult': 0.7700232649977696}. Best is trial 811 with value: 0.12748945227995567.
[I 2026-05-28 21:48:18,998] Trial 827 finished with value: 0.1754968252182903 and parameters: {'ISTN': 60.92608838303854, 'I_gpe': 1.1571002539016175, 'I_gpi': 2.106823907920999, 'noise_stn_sigma': 2.5456836417070106, 'noise_gpe_sigma': 106.2533322396633, 'noise_gpi_sigma': 85.49144695054463, 'g_stn_gpe_mult': 3.487646958768534, 'g_gpe_stn_mult': 0.163408651658904, 'g_stn_gpi_mult': 2.5637103134883703, 'g_gpe_gpi_mult': 0.7800262747509261}. Best is trial 811 with value: 0.12748945227995567.
[I 2026-05-28 21:48:20,005] Trial 828 finished with value: 0.14218935679148653 and parameters: {'ISTN': 60.72794982920929, 'I_gpe': 1.2061430356583558, 'I_gpi': 2.036443490075679, 'noise_stn_sigma': 2.712448014460468, 'noise_gpe_sigma': 106.67649713964683, 'noise_gpi_sigma': 85.96198920606304, 'g_stn_gpe_mult': 3.4405336925156744, 'g_gpe_stn_mult': 0.1729927932114329, 'g_stn_gpi_mult': 2.602139025864581, 'g_gpe_gpi_mult': 0.7768611681994155}. Best is trial 811 with value: 0.12748945227995567.
[I 2026-05-28 21:48:21,014] Trial 829 finished with value: 0.1411764618274224 and parameters: {'ISTN': 60.61022647286933, 'I_gpe': 1.1104204594202889, 'I_gpi': 2.079211319959751, 'noise_stn_sigma': 2.377308899343838, 'noise_gpe_sigma': 108.19241327080049, 'noise_gpi_sigma': 84.70333160308805, 'g_stn_gpe_mult': 3.460541693874095, 'g_gpe_stn_mult': 0.18000130847770243, 'g_stn_gpi_mult': 2.6525447475089905, 'g_gpe_gpi_mult': 0.7698737654656436}. Best is trial 811 with value: 0.12748945227995567.
[I 2026-05-28 21:48:22,023] Trial 830 finished with value: 0.17303008100175477 and parameters: {'ISTN': 60.300845002644, 'I_gpe': 1.109362877968218, 'I_gpi': 2.010750524868632, 'noise_stn_sigma': 2.5614987634495288, 'noise_gpe_sigma': 108.96093718532568, 'noise_gpi_sigma': 83.61796979458187, 'g_stn_gpe_mult': 3.5220254974716516, 'g_gpe_stn_mult': 0.17045620548984003, 'g_stn_gpi_mult': 2.6047555561710407, 'g_gpe_gpi_mult': 0.779793120043631}. Best is trial 811 with value: 0.12748945227995567.
[I 2026-05-28 21:48:23,033] Trial 831 finished with value: 0.13725359970357723 and parameters: {'ISTN': 60.471856607967965, 'I_gpe': 1.2498750131787464, 'I_gpi': 2.080789747080722, 'noise_stn_sigma': 2.5093975741043337, 'noise_gpe_sigma': 103.94343047085621, 'noise_gpi_sigma': 87.4922185652617, 'g_stn_gpe_mult': 3.4234804937966135, 'g_gpe_stn_mult': 0.1725064392929251, 'g_stn_gpi_mult': 2.5814035076719093, 'g_gpe_gpi_mult': 0.769347016647727}. Best is trial 811 with value: 0.12748945227995567.
[I 2026-05-28 21:48:24,041] Trial 832 finished with value: 0.12895113671098585 and parameters: {'ISTN': 60.19404878343789, 'I_gpe': 1.1695740880587175, 'I_gpi': 2.0883123136883377, 'noise_stn_sigma': 2.559081342034181, 'noise_gpe_sigma': 106.02962992960133, 'noise_gpi_sigma': 84.60313897301515, 'g_stn_gpe_mult': 3.438148650230703, 'g_gpe_stn_mult': 0.17366995496290757, 'g_stn_gpi_mult': 2.5738259974412045, 'g_gpe_gpi_mult': 0.7999556130668566}. Best is trial 811 with value: 0.12748945227995567.
[I 2026-05-28 21:48:25,046] Trial 833 finished with value: 0.1429253652296752 and parameters: {'ISTN': 60.18544646798183, 'I_gpe': 1.1825153364624037, 'I_gpi': 2.1593475172140453, 'noise_stn_sigma': 2.5773750045721364, 'noise_gpe_sigma': 105.18366113903619, 'noise_gpi_sigma': 83.30817064571679, 'g_stn_gpe_mult': 3.4258666354414897, 'g_gpe_stn_mult': 0.17982071705233815, 'g_stn_gpi_mult': 2.6238994995044576, 'g_gpe_gpi_mult': 0.7801949839957141}. Best is trial 811 with value: 0.12748945227995567.
[I 2026-05-28 21:48:26,050] Trial 834 finished with value: 0.13803027388263356 and parameters: {'ISTN': 60.83269867776688, 'I_gpe': 1.166078247141865, 'I_gpi': 2.105672337457152, 'noise_stn_sigma': 2.5906514896556923, 'noise_gpe_sigma': 101.85665047434094, 'noise_gpi_sigma': 89.45752315834619, 'g_stn_gpe_mult': 3.475986681058631, 'g_gpe_stn_mult': 0.16980783052181653, 'g_stn_gpi_mult': 2.5966106571571457, 'g_gpe_gpi_mult': 0.7774526241345021}. Best is trial 811 with value: 0.12748945227995567.
[I 2026-05-28 21:48:26,998] Trial 835 finished with value: 1000000.0 and parameters: {'ISTN': 60.66674953563006, 'I_gpe': 1.1814397745976908, 'I_gpi': 2.070766728784233, 'noise_stn_sigma': 2.4734610965217794, 'noise_gpe_sigma': 105.63087350730915, 'noise_gpi_sigma': 86.4171567601644, 'g_stn_gpe_mult': 3.414165429434673, 'g_gpe_stn_mult': 0.17790632448180438, 'g_stn_gpi_mult': 2.609971361787423, 'g_gpe_gpi_mult': 0.7590986981640753}. Best is trial 811 with value: 0.12748945227995567.
