[I 2026-05-28 21:38:07,882] Trial 220 finished with value: 4.018684855617115 and parameters: {'ISTN': 65.43891362335093, 'I_gpe': 0.900214906258513, 'I_gpi': 2.324471943243379, 'noise_stn_sigma': 4.323231037363085, 'noise_gpe_sigma': 107.66695306598263, 'noise_gpi_sigma': 101.25294364553245, 'g_stn_gpe_mult': 3.266549634832428, 'g_gpe_stn_mult': 0.1162438229252776, 'g_stn_gpi_mult': 2.3926894994894243, 'g_gpe_gpi_mult': 0.7608186500795966}. Best is trial 202 with value: 0.18735368100217945.
[I 2026-05-28 21:38:08,888] Trial 221 finished with value: 0.26573729411336 and parameters: {'ISTN': 60.746322574613224, 'I_gpe': 1.2145738260343504, 'I_gpi': 1.6526665943170777, 'noise_stn_sigma': 2.865584985189318, 'noise_gpe_sigma': 89.24713745906712, 'noise_gpi_sigma': 98.07614088313622, 'g_stn_gpe_mult': 3.78197479008668, 'g_gpe_stn_mult': 0.25765483187083227, 'g_stn_gpi_mult': 2.75029211203587, 'g_gpe_gpi_mult': 0.7201823284718338}. Best is trial 202 with value: 0.18735368100217945.
[I 2026-05-28 21:38:09,894] Trial 222 finished with value: 0.9990527278028869 and parameters: {'ISTN': 65.85160209262192, 'I_gpe': 1.3598713098063242, 'I_gpi': 1.6843056698700873, 'noise_stn_sigma': 3.099931548469158, 'noise_gpe_sigma': 93.09791696706135, 'noise_gpi_sigma': 118.09063470256821, 'g_stn_gpe_mult': 3.4588831422706026, 'g_gpe_stn_mult': 0.18695549189253358, 'g_stn_gpi_mult': 2.5632500717230378, 'g_gpe_gpi_mult': 0.7246561330608621}. Best is trial 202 with value: 0.18735368100217945.
[I 2026-05-28 21:38:10,902] Trial 223 finished with value: 0.2732112027298038 and parameters: {'ISTN': 60.75246198055837, 'I_gpe': 1.6532174878152257, 'I_gpi': 2.326403309064621, 'noise_stn_sigma': 3.0011064541245593, 'noise_gpe_sigma': 90.33948957265093, 'noise_gpi_sigma': 97.96930051157369, 'g_stn_gpe_mult': 3.1197386796134805, 'g_gpe_stn_mult': 0.1789670957276971, 'g_stn_gpi_mult': 2.7381210883581977, 'g_gpe_gpi_mult': 0.5089214346682491}. Best is trial 202 with value: 0.18735368100217945.
[I 2026-05-28 21:38:11,910] Trial 224 finished with value: 6.652178918500149 and parameters: {'ISTN': 73.43464916381585, 'I_gpe': 0.9902137632492476, 'I_gpi': 2.1181200723402367, 'noise_stn_sigma': 3.5106376844270426, 'noise_gpe_sigma': 84.85176993535099, 'noise_gpi_sigma': 112.22457757354682, 'g_stn_gpe_mult': 3.245961582369866, 'g_gpe_stn_mult': 0.10897609686248189, 'g_stn_gpi_mult': 2.340306001679104, 'g_gpe_gpi_mult': 0.6559411927713743}. Best is trial 202 with value: 0.18735368100217945.
[I 2026-05-28 21:38:12,917] Trial 225 finished with value: 1.1922758819462214 and parameters: {'ISTN': 62.018602936888584, 'I_gpe': 0.8901464840546776, 'I_gpi': 2.1805139148844113, 'noise_stn_sigma': 3.8241614742606034, 'noise_gpe_sigma': 109.47386660922942, 'noise_gpi_sigma': 104.23961272435834, 'g_stn_gpe_mult': 3.352273007926411, 'g_gpe_stn_mult': 0.23247749809190588, 'g_stn_gpi_mult': 2.709544546624128, 'g_gpe_gpi_mult': 0.5191144308292563}. Best is trial 202 with value: 0.18735368100217945.
[I 2026-05-28 21:38:13,922] Trial 226 finished with value: 1.4873682402928545 and parameters: {'ISTN': 65.81452772552919, 'I_gpe': 1.3028703180070005, 'I_gpi': 1.7289526534309954, 'noise_stn_sigma': 3.190538971322261, 'noise_gpe_sigma': 99.01869057026835, 'noise_gpi_sigma': 91.84598790015106, 'g_stn_gpe_mult': 3.3904334193718797, 'g_gpe_stn_mult': 0.18131084552357069, 'g_stn_gpi_mult': 2.50929931187741, 'g_gpe_gpi_mult': 0.7283165824883038}. Best is trial 202 with value: 0.18735368100217945.
[I 2026-05-28 21:38:14,928] Trial 227 finished with value: 12.234388625209919 and parameters: {'ISTN': 76.02878386480494, 'I_gpe': 1.0444131744262541, 'I_gpi': 2.2529858966125147, 'noise_stn_sigma': 3.9138015258682772, 'noise_gpe_sigma': 83.01290546906444, 'noise_gpi_sigma': 115.53351022015002, 'g_stn_gpe_mult': 3.3325846862956316, 'g_gpe_stn_mult': 0.23099482203850805, 'g_stn_gpi_mult': 2.859052128890964, 'g_gpe_gpi_mult': 0.6544100234627392}. Best is trial 202 with value: 0.18735368100217945.
[I 2026-05-28 21:38:15,936] Trial 228 finished with value: 14.06874639793545 and parameters: {'ISTN': 64.89543713780597, 'I_gpe': 1.239234073536064, 'I_gpi': 2.0376720707430502, 'noise_stn_sigma': 4.3427118964904, 'noise_gpe_sigma': 114.7367362877775, 'noise_gpi_sigma': 98.6297421592188, 'g_stn_gpe_mult': 3.7379268059359316, 'g_gpe_stn_mult': 0.24620583690793982, 'g_stn_gpi_mult': 2.6043999233411275, 'g_gpe_gpi_mult': 0.6582568500739912}. Best is trial 202 with value: 0.18735368100217945.
[I 2026-05-28 21:38:16,945] Trial 229 finished with value: 1.16252950514568 and parameters: {'ISTN': 66.4644406632857, 'I_gpe': 1.0672948195003866, 'I_gpi': 2.3369221372945157, 'noise_stn_sigma': 3.718952511678295, 'noise_gpe_sigma': 109.60811079186904, 'noise_gpi_sigma': 98.11453595717855, 'g_stn_gpe_mult': 3.72796493639148, 'g_gpe_stn_mult': 0.1672566980072442, 'g_stn_gpi_mult': 2.2833375180639646, 'g_gpe_gpi_mult': 0.8553228970942652}. Best is trial 202 with value: 0.18735368100217945.
[I 2026-05-28 21:38:17,950] Trial 230 finished with value: 7.716418536566037 and parameters: {'ISTN': 66.72405732584615, 'I_gpe': 1.0019136890162366, 'I_gpi': 1.9442886467973113, 'noise_stn_sigma': 4.3274910127468225, 'noise_gpe_sigma': 99.52124416606605, 'noise_gpi_sigma': 98.30058892623185, 'g_stn_gpe_mult': 2.8853576662578693, 'g_gpe_stn_mult': 0.19651943466607472, 'g_stn_gpi_mult': 2.785102384993542, 'g_gpe_gpi_mult': 0.5543761510139398}. Best is trial 202 with value: 0.18735368100217945.
[I 2026-05-28 21:38:18,959] Trial 231 finished with value: 0.3509942189828697 and parameters: {'ISTN': 61.73900122122608, 'I_gpe': 1.8626516037691987, 'I_gpi': 2.408401579842786, 'noise_stn_sigma': 3.3157103544949087, 'noise_gpe_sigma': 86.2310029061267, 'noise_gpi_sigma': 109.2079101454747, 'g_stn_gpe_mult': 3.087460567048049, 'g_gpe_stn_mult': 0.1834274221643889, 'g_stn_gpi_mult': 2.5694203910584066, 'g_gpe_gpi_mult': 0.620189981185471}. Best is trial 202 with value: 0.18735368100217945.
[I 2026-05-28 21:38:19,965] Trial 232 finished with value: 13.649373507135492 and parameters: {'ISTN': 73.01411165527011, 'I_gpe': 1.6003205608319264, 'I_gpi': 1.7612646594656658, 'noise_stn_sigma': 3.7386650401164294, 'noise_gpe_sigma': 76.47466292321444, 'noise_gpi_sigma': 102.65301570234574, 'g_stn_gpe_mult': 3.777608187931076, 'g_gpe_stn_mult': 0.1945710847179683, 'g_stn_gpi_mult': 2.428944355079869, 'g_gpe_gpi_mult': 0.7759306265617618}. Best is trial 202 with value: 0.18735368100217945.
[I 2026-05-28 21:38:20,973] Trial 233 finished with value: 11.367448394724224 and parameters: {'ISTN': 68.80647488576344, 'I_gpe': 1.086883905696419, 'I_gpi': 2.3181521769813536, 'noise_stn_sigma': 2.6416108164611156, 'noise_gpe_sigma': 90.69033885074703, 'noise_gpi_sigma': 97.47918626475025, 'g_stn_gpe_mult': 3.247095441348635, 'g_gpe_stn_mult': 0.18797333104911967, 'g_stn_gpi_mult': 2.679098366620142, 'g_gpe_gpi_mult': 0.7169782545207002}. Best is trial 202 with value: 0.18735368100217945.
[I 2026-05-28 21:38:21,982] Trial 234 finished with value: 0.1709791141537347 and parameters: {'ISTN': 60.939895451058554, 'I_gpe': 1.0317238113786305, 'I_gpi': 1.9946983348434033, 'noise_stn_sigma': 3.0450189804832317, 'noise_gpe_sigma': 99.47669452896851, 'noise_gpi_sigma': 93.5438678350695, 'g_stn_gpe_mult': 3.3614633613973526, 'g_gpe_stn_mult': 0.20632002350456152, 'g_stn_gpi_mult': 3.0344156739879673, 'g_gpe_gpi_mult': 0.5441749102590888}. Best is trial 234 with value: 0.1709791141537347.
[I 2026-05-28 21:38:22,989] Trial 235 finished with value: 0.2753078017964099 and parameters: {'ISTN': 64.76821263347985, 'I_gpe': 1.384478120974277, 'I_gpi': 1.802078594804446, 'noise_stn_sigma': 2.946490343862152, 'noise_gpe_sigma': 84.23066320650696, 'noise_gpi_sigma': 108.12267000564617, 'g_stn_gpe_mult': 3.253663255910257, 'g_gpe_stn_mult': 0.17073886132901328, 'g_stn_gpi_mult': 2.5085799411202787, 'g_gpe_gpi_mult': 0.5230979349349656}. Best is trial 234 with value: 0.1709791141537347.
[I 2026-05-28 21:38:23,996] Trial 236 finished with value: 1.1057610214190514 and parameters: {'ISTN': 68.34581400611482, 'I_gpe': 1.679453447030571, 'I_gpi': 2.103473664473881, 'noise_stn_sigma': 1.8042553902206682, 'noise_gpe_sigma': 91.45124701246542, 'noise_gpi_sigma': 111.66130957716983, 'g_stn_gpe_mult': 3.7638500735759908, 'g_gpe_stn_mult': 0.15207055134820502, 'g_stn_gpi_mult': 2.197926658049541, 'g_gpe_gpi_mult': 0.6847165552370205}. Best is trial 234 with value: 0.1709791141537347.
[I 2026-05-28 21:38:25,002] Trial 237 finished with value: 4.267650760719905 and parameters: {'ISTN': 66.32042717377665, 'I_gpe': 1.038058767529224, 'I_gpi': 1.8152893997505792, 'noise_stn_sigma': 3.166111918123742, 'noise_gpe_sigma': 81.35911299035108, 'noise_gpi_sigma': 100.13249319024483, 'g_stn_gpe_mult': 3.6706640644765685, 'g_gpe_stn_mult': 0.26062773360926295, 'g_stn_gpi_mult': 2.9871836368362654, 'g_gpe_gpi_mult': 0.7004869549130115}. Best is trial 234 with value: 0.1709791141537347.
[I 2026-05-28 21:38:26,009] Trial 238 finished with value: 0.43136625332061496 and parameters: {'ISTN': 62.686702025016025, 'I_gpe': 1.6195740096578994, 'I_gpi': 1.2898812679932812, 'noise_stn_sigma': 3.6163801716717514, 'noise_gpe_sigma': 93.66871321587797, 'noise_gpi_sigma': 93.52319855369215, 'g_stn_gpe_mult': 3.6127969075484203, 'g_gpe_stn_mult': 0.14992287504860966, 'g_stn_gpi_mult': 2.675021656106624, 'g_gpe_gpi_mult': 0.6327593914971532}. Best is trial 234 with value: 0.1709791141537347.
[I 2026-05-28 21:38:27,017] Trial 239 finished with value: 2.3560825650141473 and parameters: {'ISTN': 63.238019901013544, 'I_gpe': 0.704494711368512, 'I_gpi': 1.4611386228430823, 'noise_stn_sigma': 2.6771622433372295, 'noise_gpe_sigma': 118.75840534548291, 'noise_gpi_sigma': 92.16557086339633, 'g_stn_gpe_mult': 3.9465106800749394, 'g_gpe_stn_mult': 0.25052292444228935, 'g_stn_gpi_mult': 2.5194239308952344, 'g_gpe_gpi_mult': 0.6302217451331379}. Best is trial 234 with value: 0.1709791141537347.
[I 2026-05-28 21:38:28,024] Trial 240 finished with value: 0.18745787565128635 and parameters: {'ISTN': 60.473828824494284, 'I_gpe': 1.443022502179989, 'I_gpi': 2.0944945155309873, 'noise_stn_sigma': 2.886889389866631, 'noise_gpe_sigma': 105.42659945136663, 'noise_gpi_sigma': 91.44079559769202, 'g_stn_gpe_mult': 3.6869917267951626, 'g_gpe_stn_mult': 0.17518004697698428, 'g_stn_gpi_mult': 2.3904667383318667, 'g_gpe_gpi_mult': 0.8271422898593639}. Best is trial 234 with value: 0.1709791141537347.
[I 2026-05-28 21:38:29,032] Trial 241 finished with value: 1.2509371494626271 and parameters: {'ISTN': 64.40866777531828, 'I_gpe': 1.077037280303642, 'I_gpi': 1.8468210631540836, 'noise_stn_sigma': 3.987090833730499, 'noise_gpe_sigma': 94.43739259856466, 'noise_gpi_sigma': 103.32752294398918, 'g_stn_gpe_mult': 2.8656473376212377, 'g_gpe_stn_mult': 0.1778058059391321, 'g_stn_gpi_mult': 2.92008461081597, 'g_gpe_gpi_mult': 0.8015060054014223}. Best is trial 234 with value: 0.1709791141537347.
[I 2026-05-28 21:38:30,039] Trial 242 finished with value: 0.2490413172725278 and parameters: {'ISTN': 61.38096914298738, 'I_gpe': 1.3585554272504885, 'I_gpi': 1.8760849935632145, 'noise_stn_sigma': 3.2734361997417354, 'noise_gpe_sigma': 109.20812322017034, 'noise_gpi_sigma': 93.67472033535189, 'g_stn_gpe_mult': 3.389580032512307, 'g_gpe_stn_mult': 0.23523630488035582, 'g_stn_gpi_mult': 2.610298588084964, 'g_gpe_gpi_mult': 0.6087956090762768}. Best is trial 234 with value: 0.1709791141537347.
[I 2026-05-28 21:38:31,047] Trial 243 finished with value: 1.1814540513220297 and parameters: {'ISTN': 61.246459078835265, 'I_gpe': 1.187357687944354, 'I_gpi': 1.9905139598258328, 'noise_stn_sigma': 2.8570999569272693, 'noise_gpe_sigma': 101.48574731643555, 'noise_gpi_sigma': 84.75051167009876, 'g_stn_gpe_mult': 3.482795376999824, 'g_gpe_stn_mult': 0.27244843386102197, 'g_stn_gpi_mult': 2.77434780690957, 'g_gpe_gpi_mult': 0.6734369788366403}. Best is trial 234 with value: 0.1709791141537347.
[I 2026-05-28 21:38:32,053] Trial 244 finished with value: 0.23318724904718316 and parameters: {'ISTN': 61.56887825826915, 'I_gpe': 0.9620762738241349, 'I_gpi': 2.3938298162015097, 'noise_stn_sigma': 2.8041013184909724, 'noise_gpe_sigma': 102.54433090057401, 'noise_gpi_sigma': 95.58638796260139, 'g_stn_gpe_mult': 3.704250127054698, 'g_gpe_stn_mult': 0.19548459756171208, 'g_stn_gpi_mult': 2.819598767539453, 'g_gpe_gpi_mult': 0.852074227962508}. Best is trial 234 with value: 0.1709791141537347.
[I 2026-05-28 21:38:33,059] Trial 245 finished with value: 0.20287293294153272 and parameters: {'ISTN': 64.95816948524276, 'I_gpe': 1.2314454660677465, 'I_gpi': 1.78984587051208, 'noise_stn_sigma': 2.544897621090077, 'noise_gpe_sigma': 97.80844913233045, 'noise_gpi_sigma': 86.22077035011911, 'g_stn_gpe_mult': 3.5334812218270293, 'g_gpe_stn_mult': 0.12887269427586565, 'g_stn_gpi_mult': 2.387436791125268, 'g_gpe_gpi_mult': 0.5018059672071467}. Best is trial 234 with value: 0.1709791141537347.
[I 2026-05-28 21:38:34,065] Trial 246 finished with value: 0.3645617745725317 and parameters: {'ISTN': 60.30461781430519, 'I_gpe': 1.127490992621639, 'I_gpi': 1.427426044643962, 'noise_stn_sigma': 3.225494420544738, 'noise_gpe_sigma': 92.45461827873049, 'noise_gpi_sigma': 108.88777447131274, 'g_stn_gpe_mult': 3.259664477274036, 'g_gpe_stn_mult': 0.2651655401587597, 'g_stn_gpi_mult': 2.574189925453198, 'g_gpe_gpi_mult': 0.6549396009686925}. Best is trial 234 with value: 0.1709791141537347.
[I 2026-05-28 21:38:35,071] Trial 247 finished with value: 8.450349578449194 and parameters: {'ISTN': 65.45476027442074, 'I_gpe': 1.3705544311265254, 'I_gpi': 1.2179921713584552, 'noise_stn_sigma': 2.706357549312307, 'noise_gpe_sigma': 83.4891949488785, 'noise_gpi_sigma': 117.64730194771661, 'g_stn_gpe_mult': 3.566343508216663, 'g_gpe_stn_mult': 0.2423171890187928, 'g_stn_gpi_mult': 2.6775947890093477, 'g_gpe_gpi_mult': 0.6289212193169624}. Best is trial 234 with value: 0.1709791141537347.
[I 2026-05-28 21:38:36,079] Trial 248 finished with value: 0.20190605643390339 and parameters: {'ISTN': 64.27663746236838, 'I_gpe': 1.406002308552067, 'I_gpi': 1.9657673243997444, 'noise_stn_sigma': 2.3940124513074004, 'noise_gpe_sigma': 85.23532914553101, 'noise_gpi_sigma': 96.37734835230742, 'g_stn_gpe_mult': 3.695998465511453, 'g_gpe_stn_mult': 0.1660964673105439, 'g_stn_gpi_mult': 2.514450675150409, 'g_gpe_gpi_mult': 0.8014519394213724}. Best is trial 234 with value: 0.1709791141537347.
[I 2026-05-28 21:38:37,089] Trial 249 finished with value: 0.22338385861328744 and parameters: {'ISTN': 64.23973813656289, 'I_gpe': 0.9469972586652139, 'I_gpi': 1.73631487326226, 'noise_stn_sigma': 3.1727322579953245, 'noise_gpe_sigma': 95.01509073328425, 'noise_gpi_sigma': 100.099176043707, 'g_stn_gpe_mult': 3.5824856588336065, 'g_gpe_stn_mult': 0.17121031733256056, 'g_stn_gpi_mult': 2.693296471419603, 'g_gpe_gpi_mult': 0.689663379832528}. Best is trial 234 with value: 0.1709791141537347.
[I 2026-05-28 21:38:38,095] Trial 250 finished with value: 0.21504745915599674 and parameters: {'ISTN': 64.34184980421392, 'I_gpe': 1.0801227020656405, 'I_gpi': 1.7542831374720498, 'noise_stn_sigma': 2.3314828594066057, 'noise_gpe_sigma': 101.27254976824806, 'noise_gpi_sigma': 102.46699604381561, 'g_stn_gpe_mult': 3.445340884175998, 'g_gpe_stn_mult': 0.14872117072515764, 'g_stn_gpi_mult': 2.4140831667370772, 'g_gpe_gpi_mult': 0.6295259018112256}. Best is trial 234 with value: 0.1709791141537347.
[I 2026-05-28 21:38:39,103] Trial 251 finished with value: 0.6650763736503789 and parameters: {'ISTN': 68.47965259120149, 'I_gpe': 1.2215595995203767, 'I_gpi': 1.6578465817534265, 'noise_stn_sigma': 3.4907573341439013, 'noise_gpe_sigma': 91.64739480949056, 'noise_gpi_sigma': 111.6872558398137, 'g_stn_gpe_mult': 3.8223567477253675, 'g_gpe_stn_mult': 0.1295624696927919, 'g_stn_gpi_mult': 2.340995790661538, 'g_gpe_gpi_mult': 0.7735988951676103}. Best is trial 234 with value: 0.1709791141537347.
[I 2026-05-28 21:38:40,110] Trial 252 finished with value: 3.6493093847842037 and parameters: {'ISTN': 65.81617845412967, 'I_gpe': 0.9462254623846774, 'I_gpi': 1.6956337408979587, 'noise_stn_sigma': 2.1965073396135826, 'noise_gpe_sigma': 91.00343510824285, 'noise_gpi_sigma': 85.18168421923069, 'g_stn_gpe_mult': 3.067689993890491, 'g_gpe_stn_mult': 0.2330329659681827, 'g_stn_gpi_mult': 2.4639828282908796, 'g_gpe_gpi_mult': 0.6912690869665958}. Best is trial 234 with value: 0.1709791141537347.
[I 2026-05-28 21:38:41,118] Trial 253 finished with value: 0.2585120241927673 and parameters: {'ISTN': 63.36478684812456, 'I_gpe': 0.9693478242241595, 'I_gpi': 1.5764445148376462, 'noise_stn_sigma': 2.20105872986248, 'noise_gpe_sigma': 91.25830751817163, 'noise_gpi_sigma': 79.97262613087841, 'g_stn_gpe_mult': 3.7187072713198517, 'g_gpe_stn_mult': 0.19538380327292745, 'g_stn_gpi_mult': 2.7311640380659608, 'g_gpe_gpi_mult': 0.7084477932251569}. Best is trial 234 with value: 0.1709791141537347.
[I 2026-05-28 21:38:42,125] Trial 254 finished with value: 0.164896661755928 and parameters: {'ISTN': 62.16749466246929, 'I_gpe': 1.0050445595121817, 'I_gpi': 1.9391242637046329, 'noise_stn_sigma': 3.5005819112453587, 'noise_gpe_sigma': 104.12757476019694, 'noise_gpi_sigma': 89.36882019299873, 'g_stn_gpe_mult': 3.8342741929558146, 'g_gpe_stn_mult': 0.15049696504216237, 'g_stn_gpi_mult': 2.749790089148899, 'g_gpe_gpi_mult': 0.7346681540177429}. Best is trial 254 with value: 0.164896661755928.
[I 2026-05-28 21:38:43,131] Trial 255 finished with value: 0.1895878678009447 and parameters: {'ISTN': 62.851979866390856, 'I_gpe': 0.824922106964121, 'I_gpi': 2.0489814136331423, 'noise_stn_sigma': 2.257747273012442, 'noise_gpe_sigma': 96.70250199201796, 'noise_gpi_sigma': 89.57264715390639, 'g_stn_gpe_mult': 3.7068251288567295, 'g_gpe_stn_mult': 0.1895322215385326, 'g_stn_gpi_mult': 2.871857105651663, 'g_gpe_gpi_mult': 0.7272803909560741}. Best is trial 254 with value: 0.164896661755928.
[I 2026-05-28 21:38:44,138] Trial 256 finished with value: 0.23865345718054354 and parameters: {'ISTN': 65.58777303110642, 'I_gpe': 1.2043642748413859, 'I_gpi': 2.104663916349982, 'noise_stn_sigma': 3.6426268119237313, 'noise_gpe_sigma': 97.92552701590185, 'noise_gpi_sigma': 82.8732075967765, 'g_stn_gpe_mult': 3.440543854163119, 'g_gpe_stn_mult': 0.15337104590009942, 'g_stn_gpi_mult': 2.918509668485734, 'g_gpe_gpi_mult': 0.6504553893939202}. Best is trial 254 with value: 0.164896661755928.
[I 2026-05-28 21:38:45,147] Trial 257 finished with value: 0.18007164620677812 and parameters: {'ISTN': 62.8374236793131, 'I_gpe': 1.222310340293258, 'I_gpi': 1.794419940163221, 'noise_stn_sigma': 2.984343522832792, 'noise_gpe_sigma': 93.47583722584757, 'noise_gpi_sigma': 80.46359644789541, 'g_stn_gpe_mult': 3.450133836663168, 'g_gpe_stn_mult': 0.17058055260619984, 'g_stn_gpi_mult': 2.8733492511476655, 'g_gpe_gpi_mult': 0.6463120418756219}. Best is trial 254 with value: 0.164896661755928.
[I 2026-05-28 21:38:46,155] Trial 258 finished with value: 0.2886511173459169 and parameters: {'ISTN': 70.72004332533632, 'I_gpe': 1.1145222625992586, 'I_gpi': 1.945964612757261, 'noise_stn_sigma': 1.7205355452095439, 'noise_gpe_sigma': 84.33949679803204, 'noise_gpi_sigma': 90.85051884354615, 'g_stn_gpe_mult': 3.497503675713716, 'g_gpe_stn_mult': 0.10067171367842496, 'g_stn_gpi_mult': 2.3756927001193677, 'g_gpe_gpi_mult': 0.6439326119704435}. Best is trial 254 with value: 0.164896661755928.
[I 2026-05-28 21:38:47,161] Trial 259 finished with value: 0.3226165178530627 and parameters: {'ISTN': 62.251158112581706, 'I_gpe': 1.7325774983494053, 'I_gpi': 2.048877295148314, 'noise_stn_sigma': 2.302738269470058, 'noise_gpe_sigma': 96.22056328125583, 'noise_gpi_sigma': 76.87177743946249, 'g_stn_gpe_mult': 3.335894000446779, 'g_gpe_stn_mult': 0.21103549641735475, 'g_stn_gpi_mult': 2.416214956031647, 'g_gpe_gpi_mult': 0.7152115066500404}. Best is trial 254 with value: 0.164896661755928.
[I 2026-05-28 21:38:48,167] Trial 260 finished with value: 11.192825138716081 and parameters: {'ISTN': 71.75836626620054, 'I_gpe': 1.3555147975821515, 'I_gpi': 1.757679080657093, 'noise_stn_sigma': 3.510093586138821, 'noise_gpe_sigma': 101.8291892790606, 'noise_gpi_sigma': 100.4208363335101, 'g_stn_gpe_mult': 3.188964039581764, 'g_gpe_stn_mult': 0.2112181650159926, 'g_stn_gpi_mult': 2.879417792370998, 'g_gpe_gpi_mult': 0.7385093217417877}. Best is trial 254 with value: 0.164896661755928.
[I 2026-05-28 21:38:49,176] Trial 261 finished with value: 0.15014689328990205 and parameters: {'ISTN': 60.915831814268635, 'I_gpe': 1.0560836078962301, 'I_gpi': 1.9951022388610578, 'noise_stn_sigma': 3.11056269739958, 'noise_gpe_sigma': 97.25946353618768, 'noise_gpi_sigma': 94.13507903219, 'g_stn_gpe_mult': 3.45127917008527, 'g_gpe_stn_mult': 0.129508960818838, 'g_stn_gpi_mult': 2.772740620032497, 'g_gpe_gpi_mult': 0.6037561009371644}. Best is trial 261 with value: 0.15014689328990205.
[I 2026-05-28 21:38:50,183] Trial 262 finished with value: 0.20900103577849488 and parameters: {'ISTN': 64.36840539214826, 'I_gpe': 1.133490185869003, 'I_gpi': 1.9173589353087304, 'noise_stn_sigma': 3.183447439371479, 'noise_gpe_sigma': 101.06360474218005, 'noise_gpi_sigma': 106.25322347073345, 'g_stn_gpe_mult': 3.8865944426515453, 'g_gpe_stn_mult': 0.17693739217763194, 'g_stn_gpi_mult': 2.638591964100578, 'g_gpe_gpi_mult': 0.7964573213745649}. Best is trial 261 with value: 0.15014689328990205.
[I 2026-05-28 21:38:51,191] Trial 263 finished with value: 0.2729947768294149 and parameters: {'ISTN': 61.198396833698666, 'I_gpe': 1.1057968623319088, 'I_gpi': 1.8356467828764145, 'noise_stn_sigma': 3.47315645788285, 'noise_gpe_sigma': 104.9101750889921, 'noise_gpi_sigma': 64.0836238496714, 'g_stn_gpe_mult': 3.9372748408630787, 'g_gpe_stn_mult': 0.11857560676855594, 'g_stn_gpi_mult': 3.008797836048144, 'g_gpe_gpi_mult': 0.7685240176601258}. Best is trial 261 with value: 0.15014689328990205.
