[I 2026-05-28 22:09:25,707] Trial 88 finished with value: 22.30740647366519 and parameters: {'ISTN': 81.42378050518673, 'I_gpe': 2.8701654139576216, 'I_gpi': 3.1655349743947525, 'noise_stn_sigma': 6.589964127637197, 'noise_gpe_sigma': 120.26875121251743, 'noise_gpi_sigma': 97.78443498319486, 'g_stn_gpe_mult': 3.977092259596481, 'g_gpe_stn_mult': 0.17286101269040066, 'g_stn_gpi_mult': 3.3860960349365588, 'g_gpe_gpi_mult': 0.8050690777985248}. Best is trial 4 with value: 5.458825701614732.
[I 2026-05-28 22:09:26,746] Trial 89 finished with value: 13.762610930013722 and parameters: {'ISTN': 73.50521435073478, 'I_gpe': 2.6630595010752725, 'I_gpi': 2.876269733787528, 'noise_stn_sigma': 5.39710236361048, 'noise_gpe_sigma': 143.23461925651344, 'noise_gpi_sigma': 113.58049717166203, 'g_stn_gpe_mult': 3.9467051421531565, 'g_gpe_stn_mult': 0.3492405237078905, 'g_stn_gpi_mult': 3.1614769465906885, 'g_gpe_gpi_mult': 0.6903886401254583}. Best is trial 4 with value: 5.458825701614732.
[I 2026-05-28 22:09:27,789] Trial 90 finished with value: 17.774509343799497 and parameters: {'ISTN': 86.90752140472773, 'I_gpe': 2.843360711857499, 'I_gpi': 2.7066231537732737, 'noise_stn_sigma': 7.257204536114173, 'noise_gpe_sigma': 110.49911627779906, 'noise_gpi_sigma': 112.79716031546576, 'g_stn_gpe_mult': 3.9229621968901887, 'g_gpe_stn_mult': 0.4010632134565597, 'g_stn_gpi_mult': 2.5528924853563875, 'g_gpe_gpi_mult': 0.5098232683811553}. Best is trial 4 with value: 5.458825701614732.
[I 2026-05-28 22:09:28,831] Trial 91 finished with value: 15.748189892125485 and parameters: {'ISTN': 88.1342961610011, 'I_gpe': 2.4711118954047064, 'I_gpi': 1.827643245006302, 'noise_stn_sigma': 6.301215282705169, 'noise_gpe_sigma': 132.41682706238612, 'noise_gpi_sigma': 109.49239466140567, 'g_stn_gpe_mult': 2.8493212003145194, 'g_gpe_stn_mult': 0.22879077324794517, 'g_stn_gpi_mult': 2.787436675259524, 'g_gpe_gpi_mult': 0.8968595073365615}. Best is trial 4 with value: 5.458825701614732.
[I 2026-05-28 22:09:29,874] Trial 92 finished with value: 30.107005244799733 and parameters: {'ISTN': 99.08156426002552, 'I_gpe': 2.8049038693301767, 'I_gpi': 3.1979548056079583, 'noise_stn_sigma': 7.831453459811334, 'noise_gpe_sigma': 108.74943217105637, 'noise_gpi_sigma': 110.80202393076266, 'g_stn_gpe_mult': 4.633168933093762, 'g_gpe_stn_mult': 0.2766178755507428, 'g_stn_gpi_mult': 2.8378284449463185, 'g_gpe_gpi_mult': 0.38621415387604907}. Best is trial 4 with value: 5.458825701614732.
[I 2026-05-28 22:09:30,914] Trial 93 finished with value: 11.904936669326478 and parameters: {'ISTN': 76.14536828877726, 'I_gpe': 2.858469848249244, 'I_gpi': 2.611209103185121, 'noise_stn_sigma': 7.665506899629609, 'noise_gpe_sigma': 127.22053568969343, 'noise_gpi_sigma': 109.81266662286136, 'g_stn_gpe_mult': 3.996546895973758, 'g_gpe_stn_mult': 0.4484494760757649, 'g_stn_gpi_mult': 3.1909523803677233, 'g_gpe_gpi_mult': 0.8178261788660179}. Best is trial 4 with value: 5.458825701614732.
[I 2026-05-28 22:09:31,957] Trial 94 finished with value: 14.746758364265117 and parameters: {'ISTN': 74.57413587451204, 'I_gpe': 1.8821197283781939, 'I_gpi': 2.3758072457950075, 'noise_stn_sigma': 6.153828383975431, 'noise_gpe_sigma': 123.56369583260144, 'noise_gpi_sigma': 86.27584931735394, 'g_stn_gpe_mult': 3.576864196702379, 'g_gpe_stn_mult': 0.26837996981778683, 'g_stn_gpi_mult': 2.8206409677510473, 'g_gpe_gpi_mult': 0.6738745096538217}. Best is trial 4 with value: 5.458825701614732.
[I 2026-05-28 22:09:32,999] Trial 95 finished with value: 23.26425042076387 and parameters: {'ISTN': 88.2634552627626, 'I_gpe': 2.510449600156602, 'I_gpi': 3.339588607784635, 'noise_stn_sigma': 6.8108701699705305, 'noise_gpe_sigma': 101.72131643144013, 'noise_gpi_sigma': 115.21331559956465, 'g_stn_gpe_mult': 4.755684618086137, 'g_gpe_stn_mult': 0.27305327425483783, 'g_stn_gpi_mult': 2.621773325709677, 'g_gpe_gpi_mult': 0.5140257093922604}. Best is trial 4 with value: 5.458825701614732.
[I 2026-05-28 22:09:34,040] Trial 96 finished with value: 18.873459560112018 and parameters: {'ISTN': 80.89538784937714, 'I_gpe': 3.1486886319460092, 'I_gpi': 1.4929494398947487, 'noise_stn_sigma': 4.63727227827823, 'noise_gpe_sigma': 133.3945152933498, 'noise_gpi_sigma': 118.95364301148328, 'g_stn_gpe_mult': 3.675726451065147, 'g_gpe_stn_mult': 0.38024135583473717, 'g_stn_gpi_mult': 3.291339492299449, 'g_gpe_gpi_mult': 0.4191840620552743}. Best is trial 4 with value: 5.458825701614732.
[I 2026-05-28 22:09:35,082] Trial 97 finished with value: 12.636635204464506 and parameters: {'ISTN': 63.42882739341636, 'I_gpe': 2.0226987580423645, 'I_gpi': 3.552361043090375, 'noise_stn_sigma': 7.449727491018402, 'noise_gpe_sigma': 84.23675946037564, 'noise_gpi_sigma': 106.1780494739499, 'g_stn_gpe_mult': 4.043018727964117, 'g_gpe_stn_mult': 0.33353362729355274, 'g_stn_gpi_mult': 2.919179055819688, 'g_gpe_gpi_mult': 0.6603630084630852}. Best is trial 4 with value: 5.458825701614732.
[I 2026-05-28 22:09:36,122] Trial 98 finished with value: 11.556093963719809 and parameters: {'ISTN': 72.75974664968794, 'I_gpe': 2.098373716420542, 'I_gpi': 2.6610549300070296, 'noise_stn_sigma': 5.6301095415363, 'noise_gpe_sigma': 134.19705723490586, 'noise_gpi_sigma': 106.04556810108765, 'g_stn_gpe_mult': 3.830493195632878, 'g_gpe_stn_mult': 0.19403170464255667, 'g_stn_gpi_mult': 2.6504025505501803, 'g_gpe_gpi_mult': 0.7747318036385964}. Best is trial 4 with value: 5.458825701614732.
[I 2026-05-28 22:09:37,166] Trial 99 finished with value: 11.020109314058903 and parameters: {'ISTN': 78.6863924460301, 'I_gpe': 2.8830682217253996, 'I_gpi': 1.4741388034594252, 'noise_stn_sigma': 6.835873805514112, 'noise_gpe_sigma': 144.5349830487218, 'noise_gpi_sigma': 66.94619979886772, 'g_stn_gpe_mult': 4.862184249613897, 'g_gpe_stn_mult': 0.42260683252103715, 'g_stn_gpi_mult': 3.050495889953583, 'g_gpe_gpi_mult': 0.3443723745499109}. Best is trial 4 with value: 5.458825701614732.
[I 2026-05-28 22:09:38,211] Trial 100 finished with value: 12.342591979038955 and parameters: {'ISTN': 64.36800698890949, 'I_gpe': 2.396423398849244, 'I_gpi': 2.7592104137600275, 'noise_stn_sigma': 7.032728180254757, 'noise_gpe_sigma': 143.6772612100417, 'noise_gpi_sigma': 78.51489947283368, 'g_stn_gpe_mult': 3.9108024113834134, 'g_gpe_stn_mult': 0.27866366847853963, 'g_stn_gpi_mult': 2.526558172024557, 'g_gpe_gpi_mult': 0.6759335690053616}. Best is trial 4 with value: 5.458825701614732.
[I 2026-05-28 22:09:39,255] Trial 101 finished with value: 14.148811131816942 and parameters: {'ISTN': 83.5576528109879, 'I_gpe': 1.5114763149136576, 'I_gpi': 1.3536164697300914, 'noise_stn_sigma': 7.256552053311842, 'noise_gpe_sigma': 117.64155941324465, 'noise_gpi_sigma': 88.32483601644056, 'g_stn_gpe_mult': 3.8639386065959362, 'g_gpe_stn_mult': 0.2145658860008709, 'g_stn_gpi_mult': 2.93316385534557, 'g_gpe_gpi_mult': 0.7558084878853744}. Best is trial 4 with value: 5.458825701614732.
[I 2026-05-28 22:09:40,298] Trial 102 finished with value: 15.373706060981096 and parameters: {'ISTN': 61.637382682771005, 'I_gpe': 3.2123899957137425, 'I_gpi': 2.5552044814652612, 'noise_stn_sigma': 6.710161342818012, 'noise_gpe_sigma': 123.96148348718371, 'noise_gpi_sigma': 82.38367856993987, 'g_stn_gpe_mult': 4.590448076984309, 'g_gpe_stn_mult': 0.24080683963272495, 'g_stn_gpi_mult': 3.3623067996673317, 'g_gpe_gpi_mult': 0.6699726756847884}. Best is trial 4 with value: 5.458825701614732.
[I 2026-05-28 22:09:41,337] Trial 103 finished with value: 13.11455606004263 and parameters: {'ISTN': 79.27936573762722, 'I_gpe': 2.656376727018887, 'I_gpi': 2.548985820937629, 'noise_stn_sigma': 5.547794027148101, 'noise_gpe_sigma': 99.14717597253062, 'noise_gpi_sigma': 55.382779697096296, 'g_stn_gpe_mult': 4.026096908810508, 'g_gpe_stn_mult': 0.46077146484341036, 'g_stn_gpi_mult': 2.366354926834402, 'g_gpe_gpi_mult': 0.49235360873209194}. Best is trial 4 with value: 5.458825701614732.
[I 2026-05-28 22:09:42,380] Trial 104 finished with value: 23.789627943576132 and parameters: {'ISTN': 87.52415423559225, 'I_gpe': 2.8583977522528303, 'I_gpi': 1.2746869009762574, 'noise_stn_sigma': 5.504849937675019, 'noise_gpe_sigma': 129.9824987467536, 'noise_gpi_sigma': 103.8064665675399, 'g_stn_gpe_mult': 4.320489205784801, 'g_gpe_stn_mult': 0.22982847657139996, 'g_stn_gpi_mult': 2.30988834142904, 'g_gpe_gpi_mult': 0.5397129006950291}. Best is trial 4 with value: 5.458825701614732.
[I 2026-05-28 22:09:43,421] Trial 105 finished with value: 22.18713205539709 and parameters: {'ISTN': 91.77475402114459, 'I_gpe': 2.6919005124816326, 'I_gpi': 1.861398646833019, 'noise_stn_sigma': 5.868649985127455, 'noise_gpe_sigma': 133.88105940762085, 'noise_gpi_sigma': 118.22252540929817, 'g_stn_gpe_mult': 3.7392714170738266, 'g_gpe_stn_mult': 0.21399152592586784, 'g_stn_gpi_mult': 2.4513562381844443, 'g_gpe_gpi_mult': 0.5272486931671536}. Best is trial 4 with value: 5.458825701614732.
[I 2026-05-28 22:09:44,461] Trial 106 finished with value: 19.21054194455036 and parameters: {'ISTN': 90.40290947284173, 'I_gpe': 2.5306951194518974, 'I_gpi': 1.6670233266047934, 'noise_stn_sigma': 5.481899119462487, 'noise_gpe_sigma': 130.73939150057532, 'noise_gpi_sigma': 77.28381535740789, 'g_stn_gpe_mult': 4.534755064317297, 'g_gpe_stn_mult': 0.3609712639696221, 'g_stn_gpi_mult': 1.8339688947333341, 'g_gpe_gpi_mult': 0.4978242648166841}. Best is trial 4 with value: 5.458825701614732.
[I 2026-05-28 22:09:45,501] Trial 107 finished with value: 16.47230333690423 and parameters: {'ISTN': 75.28704227503714, 'I_gpe': 2.6902043162164198, 'I_gpi': 2.0254006195340235, 'noise_stn_sigma': 5.211619390267656, 'noise_gpe_sigma': 148.55238163788172, 'noise_gpi_sigma': 107.28021780904632, 'g_stn_gpe_mult': 3.8329627427971733, 'g_gpe_stn_mult': 0.2825873355712674, 'g_stn_gpi_mult': 2.558080850404367, 'g_gpe_gpi_mult': 0.5379338514234571}. Best is trial 4 with value: 5.458825701614732.
[I 2026-05-28 22:09:46,544] Trial 108 finished with value: 13.707609671281162 and parameters: {'ISTN': 79.81311034674997, 'I_gpe': 2.3671532703529943, 'I_gpi': 1.748787309438987, 'noise_stn_sigma': 6.99515007565631, 'noise_gpe_sigma': 128.76919065391877, 'noise_gpi_sigma': 40.09568610959871, 'g_stn_gpe_mult': 4.3371227479037335, 'g_gpe_stn_mult': 0.4460640523266224, 'g_stn_gpi_mult': 2.9514433642306095, 'g_gpe_gpi_mult': 0.39817446019291813}. Best is trial 4 with value: 5.458825701614732.
[I 2026-05-28 22:09:47,587] Trial 109 finished with value: 13.95317749599863 and parameters: {'ISTN': 88.19653554047242, 'I_gpe': 2.663424480500988, 'I_gpi': 1.9210929849464526, 'noise_stn_sigma': 5.772623103890032, 'noise_gpe_sigma': 98.00328580881416, 'noise_gpi_sigma': 95.99228799119827, 'g_stn_gpe_mult': 3.944751397034793, 'g_gpe_stn_mult': 0.42977659400334434, 'g_stn_gpi_mult': 2.733461957345533, 'g_gpe_gpi_mult': 0.5802565390239035}. Best is trial 4 with value: 5.458825701614732.
[I 2026-05-28 22:09:48,629] Trial 110 finished with value: 17.22279601988079 and parameters: {'ISTN': 71.20691061512204, 'I_gpe': 3.0617741142151176, 'I_gpi': 2.403712697136657, 'noise_stn_sigma': 7.25370272979436, 'noise_gpe_sigma': 147.17357487499385, 'noise_gpi_sigma': 72.80337465838241, 'g_stn_gpe_mult': 4.480084228703888, 'g_gpe_stn_mult': 0.358434001069748, 'g_stn_gpi_mult': 2.6263707316663463, 'g_gpe_gpi_mult': 0.552328152998786}. Best is trial 4 with value: 5.458825701614732.
[I 2026-05-28 22:09:49,672] Trial 111 finished with value: 31.604369867460996 and parameters: {'ISTN': 103.42682021727651, 'I_gpe': 3.165814557679881, 'I_gpi': 1.3666417628851881, 'noise_stn_sigma': 6.520971014491796, 'noise_gpe_sigma': 111.62144092729076, 'noise_gpi_sigma': 60.14918811239417, 'g_stn_gpe_mult': 4.7429098010786275, 'g_gpe_stn_mult': 0.3302202450500695, 'g_stn_gpi_mult': 2.5014015589005356, 'g_gpe_gpi_mult': 0.38242567859635335}. Best is trial 4 with value: 5.458825701614732.
[I 2026-05-28 22:09:50,712] Trial 112 finished with value: 18.360229812773415 and parameters: {'ISTN': 73.36241118246585, 'I_gpe': 3.1221075400215095, 'I_gpi': 2.6083856240280845, 'noise_stn_sigma': 5.954098003866215, 'noise_gpe_sigma': 143.11290537362646, 'noise_gpi_sigma': 120.9426372765495, 'g_stn_gpe_mult': 3.3530797217827555, 'g_gpe_stn_mult': 0.4558168094805578, 'g_stn_gpi_mult': 3.008221167627173, 'g_gpe_gpi_mult': 0.33445916827680794}. Best is trial 4 with value: 5.458825701614732.
[I 2026-05-28 22:09:51,754] Trial 113 finished with value: 16.344210252989782 and parameters: {'ISTN': 90.18415437308464, 'I_gpe': 1.5187133004824764, 'I_gpi': 2.4980381619171803, 'noise_stn_sigma': 5.667422821370597, 'noise_gpe_sigma': 91.72635031906611, 'noise_gpi_sigma': 59.381159063906935, 'g_stn_gpe_mult': 3.3761136384889747, 'g_gpe_stn_mult': 0.43865671348882895, 'g_stn_gpi_mult': 2.559074654566043, 'g_gpe_gpi_mult': 0.2847810845788877}. Best is trial 4 with value: 5.458825701614732.
[I 2026-05-28 22:09:52,797] Trial 114 finished with value: 17.73187716269377 and parameters: {'ISTN': 75.94543309679055, 'I_gpe': 2.7339347874943463, 'I_gpi': 2.6044170712083172, 'noise_stn_sigma': 6.448866168654905, 'noise_gpe_sigma': 82.48594025413871, 'noise_gpi_sigma': 33.88645743506991, 'g_stn_gpe_mult': 3.6114946903355607, 'g_gpe_stn_mult': 0.31498459283491287, 'g_stn_gpi_mult': 2.987164290808819, 'g_gpe_gpi_mult': 0.5891752695035855}. Best is trial 4 with value: 5.458825701614732.
[I 2026-05-28 22:09:53,838] Trial 115 finished with value: 17.01710532663739 and parameters: {'ISTN': 89.47824811515306, 'I_gpe': 1.5347633370482041, 'I_gpi': 1.470333594717767, 'noise_stn_sigma': 5.133793751668185, 'noise_gpe_sigma': 82.83748726072895, 'noise_gpi_sigma': 61.965941338115044, 'g_stn_gpe_mult': 4.3706989888343415, 'g_gpe_stn_mult': 0.3058527487254352, 'g_stn_gpi_mult': 3.014477495152824, 'g_gpe_gpi_mult': 0.7669243660020968}. Best is trial 4 with value: 5.458825701614732.
[I 2026-05-28 22:09:54,881] Trial 116 finished with value: 16.85101700139602 and parameters: {'ISTN': 87.31126522228047, 'I_gpe': 2.9149133077005542, 'I_gpi': 2.425562321312037, 'noise_stn_sigma': 7.017211848108066, 'noise_gpe_sigma': 132.5827040440431, 'noise_gpi_sigma': 87.28310515390176, 'g_stn_gpe_mult': 3.046110382889313, 'g_gpe_stn_mult': 0.36575571202035584, 'g_stn_gpi_mult': 3.411317796860855, 'g_gpe_gpi_mult': 0.6362411569216724}. Best is trial 4 with value: 5.458825701614732.
[I 2026-05-28 22:09:55,921] Trial 117 finished with value: 14.588475477318044 and parameters: {'ISTN': 83.10797241310327, 'I_gpe': 2.7962389519768163, 'I_gpi': 1.8501612534384346, 'noise_stn_sigma': 4.224341107971775, 'noise_gpe_sigma': 86.54240465709056, 'noise_gpi_sigma': 55.941236675355015, 'g_stn_gpe_mult': 3.2138488573853614, 'g_gpe_stn_mult': 0.49826321520052486, 'g_stn_gpi_mult': 3.0131598559581922, 'g_gpe_gpi_mult': 0.6724835648641356}. Best is trial 4 with value: 5.458825701614732.
[I 2026-05-28 22:09:56,961] Trial 118 finished with value: 15.422657745316704 and parameters: {'ISTN': 87.81775113333521, 'I_gpe': 2.2610103373265455, 'I_gpi': 1.950001335439226, 'noise_stn_sigma': 6.927744812933962, 'noise_gpe_sigma': 120.65529733590913, 'noise_gpi_sigma': 33.801440776402494, 'g_stn_gpe_mult': 4.354571977505675, 'g_gpe_stn_mult': 0.43917643499373826, 'g_stn_gpi_mult': 3.397438747398713, 'g_gpe_gpi_mult': 0.5199943194848466}. Best is trial 4 with value: 5.458825701614732.
[I 2026-05-28 22:09:58,003] Trial 119 finished with value: 20.148976443516233 and parameters: {'ISTN': 110.23919471857889, 'I_gpe': 2.3489782131262444, 'I_gpi': 1.6361578159543528, 'noise_stn_sigma': 7.999671657000233, 'noise_gpe_sigma': 98.1613046392543, 'noise_gpi_sigma': 28.287750356612722, 'g_stn_gpe_mult': 4.527402818381934, 'g_gpe_stn_mult': 0.5261778050694701, 'g_stn_gpi_mult': 3.105537602009488, 'g_gpe_gpi_mult': 0.34037293281507974}. Best is trial 4 with value: 5.458825701614732.
[I 2026-05-28 22:09:59,047] Trial 120 finished with value: 12.958427772351286 and parameters: {'ISTN': 88.91659077040535, 'I_gpe': 1.9521526689617545, 'I_gpi': 1.6958608126295989, 'noise_stn_sigma': 6.054594675726931, 'noise_gpe_sigma': 107.16613395286572, 'noise_gpi_sigma': 60.55069029148032, 'g_stn_gpe_mult': 3.647730491415505, 'g_gpe_stn_mult': 0.5962414944807644, 'g_stn_gpi_mult': 2.6817176860233354, 'g_gpe_gpi_mult': 0.4872312122668305}. Best is trial 4 with value: 5.458825701614732.
[I 2026-05-28 22:10:00,086] Trial 121 finished with value: 18.75720874431333 and parameters: {'ISTN': 83.47548004448673, 'I_gpe': 2.7301339536715616, 'I_gpi': 1.191184473258673, 'noise_stn_sigma': 6.031513255011282, 'noise_gpe_sigma': 75.69292916534577, 'noise_gpi_sigma': 94.61684671075173, 'g_stn_gpe_mult': 4.377188631203854, 'g_gpe_stn_mult': 0.56082288628966, 'g_stn_gpi_mult': 2.992924515843911, 'g_gpe_gpi_mult': 0.3965074897492781}. Best is trial 4 with value: 5.458825701614732.
[I 2026-05-28 22:10:01,127] Trial 122 finished with value: 18.099333628893078 and parameters: {'ISTN': 73.91722004820247, 'I_gpe': 2.8456887795821744, 'I_gpi': 2.533732226099387, 'noise_stn_sigma': 6.842660232221984, 'noise_gpe_sigma': 128.4155992415728, 'noise_gpi_sigma': 89.00560922365803, 'g_stn_gpe_mult': 4.184659095895691, 'g_gpe_stn_mult': 0.3296617137621505, 'g_stn_gpi_mult': 3.7337499182130394, 'g_gpe_gpi_mult': 0.5709651986279538}. Best is trial 4 with value: 5.458825701614732.
[I 2026-05-28 22:10:02,165] Trial 123 finished with value: 120.20241900711608 and parameters: {'ISTN': 102.00907517879637, 'I_gpe': 2.689855502144706, 'I_gpi': 2.2946735725615266, 'noise_stn_sigma': 5.820629583582488, 'noise_gpe_sigma': 63.478357149198025, 'noise_gpi_sigma': 68.77504299723554, 'g_stn_gpe_mult': 2.592881138965971, 'g_gpe_stn_mult': 0.7016011907726276, 'g_stn_gpi_mult': 2.5112611316092837, 'g_gpe_gpi_mult': 0.6550375580481347}. Best is trial 4 with value: 5.458825701614732.
[I 2026-05-28 22:10:03,203] Trial 124 finished with value: 18.06898958481772 and parameters: {'ISTN': 88.19853486025676, 'I_gpe': 3.212231257713296, 'I_gpi': 2.5420180922786266, 'noise_stn_sigma': 5.87417052750498, 'noise_gpe_sigma': 113.82358855269895, 'noise_gpi_sigma': 65.4196778247151, 'g_stn_gpe_mult': 4.111916925189781, 'g_gpe_stn_mult': 0.49751712900355594, 'g_stn_gpi_mult': 2.8535532613532055, 'g_gpe_gpi_mult': 0.6323702362812205}. Best is trial 4 with value: 5.458825701614732.
[I 2026-05-28 22:10:04,247] Trial 125 finished with value: 14.737617680240339 and parameters: {'ISTN': 76.70017842100401, 'I_gpe': 1.2761340621243553, 'I_gpi': 2.37680047775532, 'noise_stn_sigma': 5.833881620247718, 'noise_gpe_sigma': 96.15493912232209, 'noise_gpi_sigma': 49.860928076754334, 'g_stn_gpe_mult': 3.4712949382875813, 'g_gpe_stn_mult': 0.31108251864118547, 'g_stn_gpi_mult': 3.5555710622519783, 'g_gpe_gpi_mult': 0.6719658216141046}. Best is trial 4 with value: 5.458825701614732.
[I 2026-05-28 22:10:05,287] Trial 126 finished with value: 20.83744998911464 and parameters: {'ISTN': 80.34806237188724, 'I_gpe': 2.7944582580932487, 'I_gpi': 2.325725275115559, 'noise_stn_sigma': 6.166323671787196, 'noise_gpe_sigma': 100.61494037561197, 'noise_gpi_sigma': 78.2683292957745, 'g_stn_gpe_mult': 4.027827709794959, 'g_gpe_stn_mult': 0.23892870507033853, 'g_stn_gpi_mult': 3.1080854526544233, 'g_gpe_gpi_mult': 0.7699901051702069}. Best is trial 4 with value: 5.458825701614732.
[I 2026-05-28 22:10:06,324] Trial 127 finished with value: 120.79073278963904 and parameters: {'ISTN': 81.06411982463962, 'I_gpe': 1.8974626001005843, 'I_gpi': 1.8150198605641235, 'noise_stn_sigma': 3.7544068307286467, 'noise_gpe_sigma': 67.16510455403548, 'noise_gpi_sigma': 74.76646655096826, 'g_stn_gpe_mult': 4.4258664608772005, 'g_gpe_stn_mult': 0.7922064800427083, 'g_stn_gpi_mult': 3.5200523700495325, 'g_gpe_gpi_mult': 0.5766829276853707}. Best is trial 4 with value: 5.458825701614732.
[I 2026-05-28 22:10:07,369] Trial 128 finished with value: 15.865226070588196 and parameters: {'ISTN': 102.26628670571709, 'I_gpe': 2.264682679374913, 'I_gpi': 1.5110021014410422, 'noise_stn_sigma': 4.550931538079458, 'noise_gpe_sigma': 115.9860119736419, 'noise_gpi_sigma': 67.393113465771, 'g_stn_gpe_mult': 4.203838298932358, 'g_gpe_stn_mult': 0.4989583294001505, 'g_stn_gpi_mult': 2.255217846866495, 'g_gpe_gpi_mult': 0.36975285346457765}. Best is trial 4 with value: 5.458825701614732.
[I 2026-05-28 22:10:08,411] Trial 129 finished with value: 5.729961981618808 and parameters: {'ISTN': 102.30403935542552, 'I_gpe': 2.517480541133936, 'I_gpi': 2.0312401702217224, 'noise_stn_sigma': 5.478746101493304, 'noise_gpe_sigma': 116.5865592490152, 'noise_gpi_sigma': 51.53542438328346, 'g_stn_gpe_mult': 3.2024277370780982, 'g_gpe_stn_mult': 0.5583786645645185, 'g_stn_gpi_mult': 2.8831157854331173, 'g_gpe_gpi_mult': 0.648467490466988}. Best is trial 4 with value: 5.458825701614732.
[I 2026-05-28 22:10:09,453] Trial 130 finished with value: 13.782978892905357 and parameters: {'ISTN': 97.63698592914747, 'I_gpe': 1.4339120260753648, 'I_gpi': 2.5798544036519866, 'noise_stn_sigma': 5.180164233072484, 'noise_gpe_sigma': 90.2227532097241, 'noise_gpi_sigma': 86.94023850719465, 'g_stn_gpe_mult': 4.286859269851078, 'g_gpe_stn_mult': 0.5879608639078351, 'g_stn_gpi_mult': 2.825834477098641, 'g_gpe_gpi_mult': 0.43996987331213916}. Best is trial 4 with value: 5.458825701614732.
[I 2026-05-28 22:10:10,497] Trial 131 finished with value: 8.537402765308103 and parameters: {'ISTN': 90.59766276329181, 'I_gpe': 2.1279515081623415, 'I_gpi': 2.31273723612954, 'noise_stn_sigma': 7.123092210562398, 'noise_gpe_sigma': 138.50097062201417, 'noise_gpi_sigma': 93.81962715073001, 'g_stn_gpe_mult': 2.759432790227433, 'g_gpe_stn_mult': 0.5014271544188397, 'g_stn_gpi_mult': 3.1690889949707737, 'g_gpe_gpi_mult': 0.6436903700559059}. Best is trial 4 with value: 5.458825701614732.
