[I 2026-05-28 21:59:17,971] Trial 484 finished with value: 0.12423463964041699 and parameters: {'ISTN': 60.845969847144204, 'I_gpe': 1.2973731656648608, 'I_gpi': 2.266820168198893, 'noise_stn_sigma': 2.8832876802876255, 'noise_gpe_sigma': 100.202611983904, 'noise_gpi_sigma': 82.10312956171529, 'g_stn_gpe_mult': 3.802915263939732, 'g_gpe_stn_mult': 0.13253752528596704, 'g_stn_gpi_mult': 1.6891297124183242, 'g_gpe_gpi_mult': 0.6797365532131273}. Best is trial 345 with value: 0.11807019291566243.
[I 2026-05-28 21:59:18,949] Trial 485 finished with value: 0.12466239433357815 and parameters: {'ISTN': 61.05021747347004, 'I_gpe': 1.2668737799078413, 'I_gpi': 2.374298267171244, 'noise_stn_sigma': 2.773587333254546, 'noise_gpe_sigma': 95.10376586429946, 'noise_gpi_sigma': 87.10260729944001, 'g_stn_gpe_mult': 3.82912454232755, 'g_gpe_stn_mult': 0.13130059746343958, 'g_stn_gpi_mult': 1.7354571851743408, 'g_gpe_gpi_mult': 0.6887620991757668}. Best is trial 345 with value: 0.11807019291566243.
[I 2026-05-28 21:59:19,929] Trial 486 finished with value: 0.12392981556051541 and parameters: {'ISTN': 61.08275636116711, 'I_gpe': 1.3365806401594396, 'I_gpi': 2.3994830173257355, 'noise_stn_sigma': 2.8603397445491714, 'noise_gpe_sigma': 98.66683707446131, 'noise_gpi_sigma': 85.81353203376926, 'g_stn_gpe_mult': 3.894279841231027, 'g_gpe_stn_mult': 0.10240140806041058, 'g_stn_gpi_mult': 1.6419796080334617, 'g_gpe_gpi_mult': 0.677467037871669}. Best is trial 345 with value: 0.11807019291566243.
[I 2026-05-28 21:59:20,907] Trial 487 finished with value: 0.12308209835026465 and parameters: {'ISTN': 61.47335234777372, 'I_gpe': 1.3544166202760222, 'I_gpi': 2.3351257903326896, 'noise_stn_sigma': 3.285531303171067, 'noise_gpe_sigma': 101.13048520193477, 'noise_gpi_sigma': 82.22999068731912, 'g_stn_gpe_mult': 3.7674424757824934, 'g_gpe_stn_mult': 0.13679447823064664, 'g_stn_gpi_mult': 1.6205279775737254, 'g_gpe_gpi_mult': 0.7035459473470629}. Best is trial 345 with value: 0.11807019291566243.
[I 2026-05-28 21:59:21,887] Trial 488 finished with value: 0.31033418151562375 and parameters: {'ISTN': 61.90360306643538, 'I_gpe': 1.297788882217223, 'I_gpi': 2.356863591542174, 'noise_stn_sigma': 2.9373419871821964, 'noise_gpe_sigma': 95.83144920556727, 'noise_gpi_sigma': 91.05127199990432, 'g_stn_gpe_mult': 3.894359571677187, 'g_gpe_stn_mult': 0.1148920442375826, 'g_stn_gpi_mult': 1.6459446604514507, 'g_gpe_gpi_mult': 0.7646399514297428}. Best is trial 345 with value: 0.11807019291566243.
[I 2026-05-28 21:59:22,867] Trial 489 finished with value: 0.12534568112720462 and parameters: {'ISTN': 62.051899789883436, 'I_gpe': 1.3194699547441173, 'I_gpi': 2.3413292981606264, 'noise_stn_sigma': 2.829529029387425, 'noise_gpe_sigma': 94.5834219951833, 'noise_gpi_sigma': 86.35460101796784, 'g_stn_gpe_mult': 3.864539965579739, 'g_gpe_stn_mult': 0.11425558164776195, 'g_stn_gpi_mult': 1.6709942190624134, 'g_gpe_gpi_mult': 0.7030741197904442}. Best is trial 345 with value: 0.11807019291566243.
[I 2026-05-28 21:59:23,845] Trial 490 finished with value: 0.43913313894278727 and parameters: {'ISTN': 61.73843002100085, 'I_gpe': 1.2931622149289996, 'I_gpi': 2.345257051027446, 'noise_stn_sigma': 3.20686963619053, 'noise_gpe_sigma': 99.32465719819045, 'noise_gpi_sigma': 86.00042367405588, 'g_stn_gpe_mult': 3.811089060952825, 'g_gpe_stn_mult': 0.10339692652567117, 'g_stn_gpi_mult': 1.6572679132032064, 'g_gpe_gpi_mult': 0.73630297813132}. Best is trial 345 with value: 0.11807019291566243.
[I 2026-05-28 21:59:24,824] Trial 491 finished with value: 0.128202464482844 and parameters: {'ISTN': 61.79000627569708, 'I_gpe': 1.305516706873941, 'I_gpi': 2.402317887535722, 'noise_stn_sigma': 2.9949512127287914, 'noise_gpe_sigma': 100.95346127933736, 'noise_gpi_sigma': 84.09736627060002, 'g_stn_gpe_mult': 3.7621430644384026, 'g_gpe_stn_mult': 0.12435936368929071, 'g_stn_gpi_mult': 1.70625128712906, 'g_gpe_gpi_mult': 0.695773090551473}. Best is trial 345 with value: 0.11807019291566243.
[I 2026-05-28 21:59:25,803] Trial 492 finished with value: 0.123909629040131 and parameters: {'ISTN': 61.2793238150661, 'I_gpe': 1.3374676850944165, 'I_gpi': 2.226148823213763, 'noise_stn_sigma': 3.0656421777947793, 'noise_gpe_sigma': 102.25979638690795, 'noise_gpi_sigma': 81.50055862961526, 'g_stn_gpe_mult': 3.852167116322848, 'g_gpe_stn_mult': 0.11900312021331078, 'g_stn_gpi_mult': 1.7269831420473116, 'g_gpe_gpi_mult': 0.6752081246849453}. Best is trial 345 with value: 0.11807019291566243.
[I 2026-05-28 21:59:26,783] Trial 493 finished with value: 0.12621654578609184 and parameters: {'ISTN': 61.01820589948864, 'I_gpe': 1.2978624031248895, 'I_gpi': 2.470117891278165, 'noise_stn_sigma': 2.9022277300181774, 'noise_gpe_sigma': 103.24661451581115, 'noise_gpi_sigma': 83.84335545236868, 'g_stn_gpe_mult': 3.8548907510489796, 'g_gpe_stn_mult': 0.1185527887078328, 'g_stn_gpi_mult': 1.622504076249153, 'g_gpe_gpi_mult': 0.7109002196430099}. Best is trial 345 with value: 0.11807019291566243.
[I 2026-05-28 21:59:27,761] Trial 494 finished with value: 0.3511298990083987 and parameters: {'ISTN': 61.01251964597383, 'I_gpe': 1.2976753096326088, 'I_gpi': 2.2708460576938863, 'noise_stn_sigma': 3.2820805794208927, 'noise_gpe_sigma': 104.68544285581525, 'noise_gpi_sigma': 85.47592800700909, 'g_stn_gpe_mult': 3.7631275747952113, 'g_gpe_stn_mult': 0.10331295138570595, 'g_stn_gpi_mult': 1.581676572849256, 'g_gpe_gpi_mult': 0.6813171901355903}. Best is trial 345 with value: 0.11807019291566243.
[I 2026-05-28 21:59:28,741] Trial 495 finished with value: 0.12827147209313836 and parameters: {'ISTN': 62.42756360200198, 'I_gpe': 1.2599419294772016, 'I_gpi': 2.313125492575365, 'noise_stn_sigma': 3.101099805122634, 'noise_gpe_sigma': 101.21057790792727, 'noise_gpi_sigma': 81.84288856804619, 'g_stn_gpe_mult': 3.639661970520732, 'g_gpe_stn_mult': 0.10604298170081662, 'g_stn_gpi_mult': 1.6747042262174432, 'g_gpe_gpi_mult': 0.6833757599527197}. Best is trial 345 with value: 0.11807019291566243.
[I 2026-05-28 21:59:29,718] Trial 496 finished with value: 0.1249596508837889 and parameters: {'ISTN': 62.04053450754386, 'I_gpe': 1.4162979325063092, 'I_gpi': 2.2936110824122853, 'noise_stn_sigma': 2.9121319457008057, 'noise_gpe_sigma': 101.66139637962804, 'noise_gpi_sigma': 85.25753167090056, 'g_stn_gpe_mult': 3.8230490751840214, 'g_gpe_stn_mult': 0.11061307861551405, 'g_stn_gpi_mult': 1.574514284004572, 'g_gpe_gpi_mult': 0.6979771081814734}. Best is trial 345 with value: 0.11807019291566243.
[I 2026-05-28 21:59:30,696] Trial 497 finished with value: 1.0068241022542386 and parameters: {'ISTN': 61.194537861832785, 'I_gpe': 1.3253118904194392, 'I_gpi': 2.3623068606533075, 'noise_stn_sigma': 3.4999858129836654, 'noise_gpe_sigma': 95.82047826500563, 'noise_gpi_sigma': 81.72785636100919, 'g_stn_gpe_mult': 3.669555870679269, 'g_gpe_stn_mult': 0.14692309909107404, 'g_stn_gpi_mult': 1.6848653748583509, 'g_gpe_gpi_mult': 0.7047817929281155}. Best is trial 345 with value: 0.11807019291566243.
[I 2026-05-28 21:59:31,674] Trial 498 finished with value: 0.36994675309804204 and parameters: {'ISTN': 61.64513291910619, 'I_gpe': 1.3287083442989567, 'I_gpi': 2.260187614982894, 'noise_stn_sigma': 3.254119374152204, 'noise_gpe_sigma': 97.86260038793557, 'noise_gpi_sigma': 85.49321651121872, 'g_stn_gpe_mult': 3.76330100894896, 'g_gpe_stn_mult': 0.12208792696258516, 'g_stn_gpi_mult': 1.6640816198709398, 'g_gpe_gpi_mult': 0.6793251274841944}. Best is trial 345 with value: 0.11807019291566243.
[I 2026-05-28 21:59:32,652] Trial 499 finished with value: 0.47495340908087136 and parameters: {'ISTN': 61.41688811217123, 'I_gpe': 1.39351276699585, 'I_gpi': 2.346028892416407, 'noise_stn_sigma': 3.049459946044017, 'noise_gpe_sigma': 98.58398666104752, 'noise_gpi_sigma': 82.42157425908158, 'g_stn_gpe_mult': 3.779588715470346, 'g_gpe_stn_mult': 0.13642245500869646, 'g_stn_gpi_mult': 1.7053111858241794, 'g_gpe_gpi_mult': 0.6690619348451499}. Best is trial 345 with value: 0.11807019291566243.
[I 2026-05-28 21:59:33,632] Trial 500 finished with value: 0.1266489585778822 and parameters: {'ISTN': 62.578693229203814, 'I_gpe': 1.3444600888054423, 'I_gpi': 2.3916682190940977, 'noise_stn_sigma': 3.0429758715258255, 'noise_gpe_sigma': 99.21845726557382, 'noise_gpi_sigma': 85.34144671470136, 'g_stn_gpe_mult': 3.8397697902522245, 'g_gpe_stn_mult': 0.11086328349611571, 'g_stn_gpi_mult': 1.6039138895240346, 'g_gpe_gpi_mult': 0.705416020990834}. Best is trial 345 with value: 0.11807019291566243.
[I 2026-05-28 21:59:34,612] Trial 501 finished with value: 0.14324798383649803 and parameters: {'ISTN': 63.07186458911081, 'I_gpe': 1.3781293372956562, 'I_gpi': 2.3085239298485183, 'noise_stn_sigma': 2.947947737464594, 'noise_gpe_sigma': 107.70123896151341, 'noise_gpi_sigma': 82.06974599523016, 'g_stn_gpe_mult': 3.8374537711241614, 'g_gpe_stn_mult': 0.11749533806673013, 'g_stn_gpi_mult': 1.6303121346311253, 'g_gpe_gpi_mult': 0.6912012499782864}. Best is trial 345 with value: 0.11807019291566243.
[I 2026-05-28 21:59:35,591] Trial 502 finished with value: 0.23787394926703426 and parameters: {'ISTN': 61.112663252378866, 'I_gpe': 1.309516953944664, 'I_gpi': 2.345657678855833, 'noise_stn_sigma': 3.036905160715914, 'noise_gpe_sigma': 101.58361290854353, 'noise_gpi_sigma': 86.75482663162434, 'g_stn_gpe_mult': 3.6083843737256243, 'g_gpe_stn_mult': 0.12844011573162578, 'g_stn_gpi_mult': 1.5647445946963878, 'g_gpe_gpi_mult': 0.6703774840642158}. Best is trial 345 with value: 0.11807019291566243.
[I 2026-05-28 21:59:36,568] Trial 503 finished with value: 0.12428826916740526 and parameters: {'ISTN': 61.49563513596931, 'I_gpe': 1.3493793067694466, 'I_gpi': 2.4111641399235793, 'noise_stn_sigma': 2.651544618771294, 'noise_gpe_sigma': 103.24064679710199, 'noise_gpi_sigma': 85.79186014120899, 'g_stn_gpe_mult': 3.8396732496763373, 'g_gpe_stn_mult': 0.12017216235936554, 'g_stn_gpi_mult': 1.6654231034998337, 'g_gpe_gpi_mult': 0.7139468620451446}. Best is trial 345 with value: 0.11807019291566243.
[I 2026-05-28 21:59:37,548] Trial 504 finished with value: 0.1328109190618484 and parameters: {'ISTN': 61.62074600301437, 'I_gpe': 1.3150715865494211, 'I_gpi': 2.1707021107432354, 'noise_stn_sigma': 2.9775684737157304, 'noise_gpe_sigma': 103.62001210720528, 'noise_gpi_sigma': 81.13837863737534, 'g_stn_gpe_mult': 3.9042532927822213, 'g_gpe_stn_mult': 0.12472390819312067, 'g_stn_gpi_mult': 1.6429616407545062, 'g_gpe_gpi_mult': 0.6726289849906113}. Best is trial 345 with value: 0.11807019291566243.
[I 2026-05-28 21:59:38,528] Trial 505 finished with value: 0.12292606190136496 and parameters: {'ISTN': 61.254154709405555, 'I_gpe': 1.3827547269638438, 'I_gpi': 2.3081930934741015, 'noise_stn_sigma': 2.754756999281617, 'noise_gpe_sigma': 100.34072973071831, 'noise_gpi_sigma': 84.72791566185295, 'g_stn_gpe_mult': 3.8286981592187104, 'g_gpe_stn_mult': 0.11701014280376325, 'g_stn_gpi_mult': 1.6551960694108907, 'g_gpe_gpi_mult': 0.7176901434283998}. Best is trial 345 with value: 0.11807019291566243.
[I 2026-05-28 21:59:39,507] Trial 506 finished with value: 0.12809370992249888 and parameters: {'ISTN': 60.58967220702422, 'I_gpe': 1.254467244130855, 'I_gpi': 2.2582780241680274, 'noise_stn_sigma': 3.139803588536239, 'noise_gpe_sigma': 104.20213893473586, 'noise_gpi_sigma': 78.72043508789386, 'g_stn_gpe_mult': 3.7786363101802993, 'g_gpe_stn_mult': 0.10226291857630174, 'g_stn_gpi_mult': 1.7043265579981326, 'g_gpe_gpi_mult': 0.710455449365589}. Best is trial 345 with value: 0.11807019291566243.
[I 2026-05-28 21:59:40,486] Trial 507 finished with value: 0.1191538745269774 and parameters: {'ISTN': 61.610399494098054, 'I_gpe': 1.358421198049684, 'I_gpi': 2.250248820753174, 'noise_stn_sigma': 3.2570806387332762, 'noise_gpe_sigma': 103.70514025889211, 'noise_gpi_sigma': 83.8096436684215, 'g_stn_gpe_mult': 3.9873249670643096, 'g_gpe_stn_mult': 0.10197025150480629, 'g_stn_gpi_mult': 1.7373376956471696, 'g_gpe_gpi_mult': 0.7005295063455284}. Best is trial 345 with value: 0.11807019291566243.
[I 2026-05-28 21:59:41,465] Trial 508 finished with value: 0.30427210657414283 and parameters: {'ISTN': 62.52507557473076, 'I_gpe': 1.2881546859089528, 'I_gpi': 2.2978553486706135, 'noise_stn_sigma': 3.010171347827777, 'noise_gpe_sigma': 101.84632558144052, 'noise_gpi_sigma': 85.12888102760138, 'g_stn_gpe_mult': 3.801601659796039, 'g_gpe_stn_mult': 0.12166881235773862, 'g_stn_gpi_mult': 1.5835457675025055, 'g_gpe_gpi_mult': 0.7056685494562622}. Best is trial 345 with value: 0.11807019291566243.
[I 2026-05-28 21:59:42,444] Trial 509 finished with value: 0.12642678744525146 and parameters: {'ISTN': 62.15983848326585, 'I_gpe': 1.3207876347794074, 'I_gpi': 2.384361774027182, 'noise_stn_sigma': 2.654942033422339, 'noise_gpe_sigma': 99.25772612050143, 'noise_gpi_sigma': 81.72820638047963, 'g_stn_gpe_mult': 4.063916983690172, 'g_gpe_stn_mult': 0.10904812652141886, 'g_stn_gpi_mult': 1.6893226486598794, 'g_gpe_gpi_mult': 0.696403880431633}. Best is trial 345 with value: 0.11807019291566243.
[I 2026-05-28 21:59:43,423] Trial 510 finished with value: 0.1221026493326873 and parameters: {'ISTN': 61.47507284361837, 'I_gpe': 1.409059268846808, 'I_gpi': 2.2838541670057295, 'noise_stn_sigma': 3.1913423842985327, 'noise_gpe_sigma': 104.30346947615648, 'noise_gpi_sigma': 81.03616313463826, 'g_stn_gpe_mult': 3.7832834943519233, 'g_gpe_stn_mult': 0.11086190842605145, 'g_stn_gpi_mult': 1.6172623106845512, 'g_gpe_gpi_mult': 0.699611342337181}. Best is trial 345 with value: 0.11807019291566243.
[I 2026-05-28 21:59:44,401] Trial 511 finished with value: 0.1235293093129317 and parameters: {'ISTN': 62.13751704955167, 'I_gpe': 1.393089791189876, 'I_gpi': 2.404632855372178, 'noise_stn_sigma': 3.097215158564289, 'noise_gpe_sigma': 104.441814423006, 'noise_gpi_sigma': 81.61181037876307, 'g_stn_gpe_mult': 3.854230937483087, 'g_gpe_stn_mult': 0.10216598168227857, 'g_stn_gpi_mult': 1.7118523904993053, 'g_gpe_gpi_mult': 0.70707086547021}. Best is trial 345 with value: 0.11807019291566243.
[I 2026-05-28 21:59:45,378] Trial 512 finished with value: 0.12782236548029766 and parameters: {'ISTN': 60.82258025979063, 'I_gpe': 1.3873209274621976, 'I_gpi': 2.20450198102086, 'noise_stn_sigma': 3.1835836506240827, 'noise_gpe_sigma': 99.07435553833446, 'noise_gpi_sigma': 82.51102490397088, 'g_stn_gpe_mult': 3.9777531048274017, 'g_gpe_stn_mult': 0.10927304134894987, 'g_stn_gpi_mult': 1.7117880931768683, 'g_gpe_gpi_mult': 0.7268143312774307}. Best is trial 345 with value: 0.11807019291566243.
[I 2026-05-28 21:59:46,358] Trial 513 finished with value: 0.13193641799462266 and parameters: {'ISTN': 61.50750447540138, 'I_gpe': 1.4084255617416468, 'I_gpi': 2.1689543976136396, 'noise_stn_sigma': 3.316623330103873, 'noise_gpe_sigma': 99.86879393203274, 'noise_gpi_sigma': 85.02771789839335, 'g_stn_gpe_mult': 3.933655603308849, 'g_gpe_stn_mult': 0.1279810037451813, 'g_stn_gpi_mult': 1.7326610425962028, 'g_gpe_gpi_mult': 0.7146203815651924}. Best is trial 345 with value: 0.11807019291566243.
[I 2026-05-28 21:59:47,338] Trial 514 finished with value: 0.12345912391196558 and parameters: {'ISTN': 61.68486754183411, 'I_gpe': 1.3392833862773599, 'I_gpi': 2.3581652380679294, 'noise_stn_sigma': 3.4035123443878192, 'noise_gpe_sigma': 103.46878480676826, 'noise_gpi_sigma': 80.44956963899946, 'g_stn_gpe_mult': 3.9528066971056504, 'g_gpe_stn_mult': 0.12360195716796481, 'g_stn_gpi_mult': 1.7721842514113453, 'g_gpe_gpi_mult': 0.688352846464872}. Best is trial 345 with value: 0.11807019291566243.
[I 2026-05-28 21:59:48,317] Trial 515 finished with value: 0.12879057081886133 and parameters: {'ISTN': 62.21514478067095, 'I_gpe': 1.2862779175079075, 'I_gpi': 2.4063656750806244, 'noise_stn_sigma': 3.0897118416030533, 'noise_gpe_sigma': 99.71888499390208, 'noise_gpi_sigma': 83.72900724538796, 'g_stn_gpe_mult': 3.788573405284451, 'g_gpe_stn_mult': 0.11547316744571591, 'g_stn_gpi_mult': 1.6929199393672945, 'g_gpe_gpi_mult': 0.7079220150396011}. Best is trial 345 with value: 0.11807019291566243.
[I 2026-05-28 21:59:49,295] Trial 516 finished with value: 0.1229797662766601 and parameters: {'ISTN': 61.36455578225617, 'I_gpe': 1.3562320625160584, 'I_gpi': 2.3497999336935855, 'noise_stn_sigma': 2.984379959142344, 'noise_gpe_sigma': 100.02293580567911, 'noise_gpi_sigma': 81.75507439996309, 'g_stn_gpe_mult': 4.005798589091412, 'g_gpe_stn_mult': 0.14022129017633106, 'g_stn_gpi_mult': 1.6374851586406334, 'g_gpe_gpi_mult': 0.7054482169501413}. Best is trial 345 with value: 0.11807019291566243.
[I 2026-05-28 21:59:50,273] Trial 517 finished with value: 0.13041706043200985 and parameters: {'ISTN': 60.9763376787986, 'I_gpe': 1.4969544491462232, 'I_gpi': 2.2298600502134613, 'noise_stn_sigma': 3.0666954594861027, 'noise_gpe_sigma': 101.91775328342314, 'noise_gpi_sigma': 82.0930988436667, 'g_stn_gpe_mult': 3.9736279991106223, 'g_gpe_stn_mult': 0.111741687773347, 'g_stn_gpi_mult': 1.7127544703616828, 'g_gpe_gpi_mult': 0.710781071752626}. Best is trial 345 with value: 0.11807019291566243.
[I 2026-05-28 21:59:51,255] Trial 518 finished with value: 0.49992204982625216 and parameters: {'ISTN': 60.324583212860595, 'I_gpe': 1.3567593161860527, 'I_gpi': 2.172329308414607, 'noise_stn_sigma': 3.290953093355938, 'noise_gpe_sigma': 101.4495872627178, 'noise_gpi_sigma': 78.04525933069228, 'g_stn_gpe_mult': 3.8176390317379414, 'g_gpe_stn_mult': 0.10433222605691264, 'g_stn_gpi_mult': 1.7818041404754827, 'g_gpe_gpi_mult': 0.6970545801447767}. Best is trial 345 with value: 0.11807019291566243.
[I 2026-05-28 21:59:52,235] Trial 519 finished with value: 0.14809393484506445 and parameters: {'ISTN': 63.36572867556381, 'I_gpe': 1.3663242824873352, 'I_gpi': 2.247383566207091, 'noise_stn_sigma': 3.303473752240799, 'noise_gpe_sigma': 104.54573480950043, 'noise_gpi_sigma': 81.7041285921268, 'g_stn_gpe_mult': 3.9652006804614954, 'g_gpe_stn_mult': 0.11448942964516605, 'g_stn_gpi_mult': 1.7643384052789248, 'g_gpe_gpi_mult': 0.7033236855911}. Best is trial 345 with value: 0.11807019291566243.
[I 2026-05-28 21:59:53,214] Trial 520 finished with value: 0.12179616124139143 and parameters: {'ISTN': 60.4076857616288, 'I_gpe': 1.3883571246180006, 'I_gpi': 2.3667872765497853, 'noise_stn_sigma': 3.3569314006974698, 'noise_gpe_sigma': 105.42592310262805, 'noise_gpi_sigma': 78.18107988494222, 'g_stn_gpe_mult': 3.850708545173312, 'g_gpe_stn_mult': 0.10530177246544088, 'g_stn_gpi_mult': 1.6804601850212983, 'g_gpe_gpi_mult': 0.7209826081793049}. Best is trial 345 with value: 0.11807019291566243.
[I 2026-05-28 21:59:54,195] Trial 521 finished with value: 0.12208996367173884 and parameters: {'ISTN': 60.40362691963636, 'I_gpe': 1.3717264610009527, 'I_gpi': 2.3762767705870975, 'noise_stn_sigma': 3.191732978233927, 'noise_gpe_sigma': 102.71515190002273, 'noise_gpi_sigma': 78.05535051957327, 'g_stn_gpe_mult': 3.95825881435546, 'g_gpe_stn_mult': 0.12242078782011918, 'g_stn_gpi_mult': 1.691470456499135, 'g_gpe_gpi_mult': 0.6958072418318562}. Best is trial 345 with value: 0.11807019291566243.
[I 2026-05-28 21:59:55,175] Trial 522 finished with value: 0.117843610724915 and parameters: {'ISTN': 61.0795065662805, 'I_gpe': 1.3362411403496202, 'I_gpi': 2.3118723933430627, 'noise_stn_sigma': 3.1835816372309274, 'noise_gpe_sigma': 107.19053823193555, 'noise_gpi_sigma': 84.03760037927196, 'g_stn_gpe_mult': 3.785114361265384, 'g_gpe_stn_mult': 0.13168746989382418, 'g_stn_gpi_mult': 1.6872419959098064, 'g_gpe_gpi_mult': 0.7054173894184863}. Best is trial 522 with value: 0.117843610724915.
[I 2026-05-28 21:59:56,155] Trial 523 finished with value: 0.1257236385457589 and parameters: {'ISTN': 60.64539939244213, 'I_gpe': 1.3103579868570314, 'I_gpi': 2.435563540152155, 'noise_stn_sigma': 3.3207819160584835, 'noise_gpe_sigma': 105.8394231816107, 'noise_gpi_sigma': 81.64887847629396, 'g_stn_gpe_mult': 3.8977253723883125, 'g_gpe_stn_mult': 0.1569159389470188, 'g_stn_gpi_mult': 1.8092645994467096, 'g_gpe_gpi_mult': 0.6971843538084423}. Best is trial 522 with value: 0.117843610724915.
[I 2026-05-28 21:59:57,134] Trial 524 finished with value: 0.12232836265599088 and parameters: {'ISTN': 60.38583257408476, 'I_gpe': 1.439226986520355, 'I_gpi': 2.3995200833552137, 'noise_stn_sigma': 3.2240210048422626, 'noise_gpe_sigma': 103.97053307817923, 'noise_gpi_sigma': 80.14871314687319, 'g_stn_gpe_mult': 3.9015150997212364, 'g_gpe_stn_mult': 0.13396840429278734, 'g_stn_gpi_mult': 1.6965072294959291, 'g_gpe_gpi_mult': 0.7084824476027007}. Best is trial 522 with value: 0.117843610724915.
[I 2026-05-28 21:59:58,113] Trial 525 finished with value: 0.12695326948171967 and parameters: {'ISTN': 61.781803416400074, 'I_gpe': 1.455285208071275, 'I_gpi': 2.3631370796197633, 'noise_stn_sigma': 3.187393199467085, 'noise_gpe_sigma': 102.55275585616492, 'noise_gpi_sigma': 81.17573284187318, 'g_stn_gpe_mult': 3.894758812413043, 'g_gpe_stn_mult': 0.11802833938308152, 'g_stn_gpi_mult': 1.6746216773787619, 'g_gpe_gpi_mult': 0.7219507781232635}. Best is trial 522 with value: 0.117843610724915.
[I 2026-05-28 21:59:59,091] Trial 526 finished with value: 0.1346006534722249 and parameters: {'ISTN': 61.36306155175998, 'I_gpe': 1.3585836813981862, 'I_gpi': 2.4481355524434485, 'noise_stn_sigma': 3.2981596453674205, 'noise_gpe_sigma': 97.60119225535085, 'noise_gpi_sigma': 81.32439617293915, 'g_stn_gpe_mult': 3.798086943082683, 'g_gpe_stn_mult': 0.14784181485244938, 'g_stn_gpi_mult': 1.7015781650176707, 'g_gpe_gpi_mult': 0.6817700143102688}. Best is trial 522 with value: 0.117843610724915.
[I 2026-05-28 22:00:00,067] Trial 527 finished with value: 0.12392593057583613 and parameters: {'ISTN': 60.86758608592494, 'I_gpe': 1.4712182659519413, 'I_gpi': 2.3388288893279436, 'noise_stn_sigma': 3.153566545455849, 'noise_gpe_sigma': 104.21111821156886, 'noise_gpi_sigma': 82.18535929175016, 'g_stn_gpe_mult': 3.8240850706583593, 'g_gpe_stn_mult': 0.13030901631143693, 'g_stn_gpi_mult': 1.6081518219920687, 'g_gpe_gpi_mult': 0.7133601482488734}. Best is trial 522 with value: 0.117843610724915.
