[I 2026-05-28 21:43:18,077] Trial 528 finished with value: 0.14733688281738846 and parameters: {'ISTN': 60.55846399929589, 'I_gpe': 1.0624934062405167, 'I_gpi': 1.9513163399153892, 'noise_stn_sigma': 2.9369905548209436, 'noise_gpe_sigma': 100.29861757998528, 'noise_gpi_sigma': 94.79876945320264, 'g_stn_gpe_mult': 3.4658002402817756, 'g_gpe_stn_mult': 0.15142377242515126, 'g_stn_gpi_mult': 2.8343307057993337, 'g_gpe_gpi_mult': 0.6742352499306634}. Best is trial 483 with value: 0.132453131005289.
[I 2026-05-28 21:43:19,090] Trial 529 finished with value: 0.7178805112581683 and parameters: {'ISTN': 61.19028640096107, 'I_gpe': 1.2196064364769803, 'I_gpi': 1.8349423969326926, 'noise_stn_sigma': 2.7884012326225296, 'noise_gpe_sigma': 106.53717754094592, 'noise_gpi_sigma': 95.07670999032106, 'g_stn_gpe_mult': 3.5500619313455397, 'g_gpe_stn_mult': 0.1357400897113493, 'g_stn_gpi_mult': 2.712212984492213, 'g_gpe_gpi_mult': 0.6934297787429202}. Best is trial 483 with value: 0.132453131005289.
[I 2026-05-28 21:43:20,096] Trial 530 finished with value: 0.16078600707945798 and parameters: {'ISTN': 61.6984595174494, 'I_gpe': 0.9728504977379281, 'I_gpi': 2.006325705944056, 'noise_stn_sigma': 2.850461894322864, 'noise_gpe_sigma': 104.29975320704776, 'noise_gpi_sigma': 95.5271468948694, 'g_stn_gpe_mult': 3.4646528431887287, 'g_gpe_stn_mult': 0.165406911499073, 'g_stn_gpi_mult': 2.899575575060607, 'g_gpe_gpi_mult': 0.6708926225046065}. Best is trial 483 with value: 0.132453131005289.
[I 2026-05-28 21:43:21,105] Trial 531 finished with value: 0.1566931984544436 and parameters: {'ISTN': 61.581982639656104, 'I_gpe': 1.0143581116172466, 'I_gpi': 2.1276606206315014, 'noise_stn_sigma': 2.8626293246223637, 'noise_gpe_sigma': 102.67103788183594, 'noise_gpi_sigma': 94.54732854794746, 'g_stn_gpe_mult': 3.4063842514377023, 'g_gpe_stn_mult': 0.14729726934997484, 'g_stn_gpi_mult': 2.833248525260745, 'g_gpe_gpi_mult': 0.6609657914184028}. Best is trial 483 with value: 0.132453131005289.
[I 2026-05-28 21:43:22,110] Trial 532 finished with value: 0.14039289930026413 and parameters: {'ISTN': 60.18300940971632, 'I_gpe': 1.0135658604939848, 'I_gpi': 1.9114825355660856, 'noise_stn_sigma': 2.7962831245463065, 'noise_gpe_sigma': 101.13147368367572, 'noise_gpi_sigma': 95.32977458800715, 'g_stn_gpe_mult': 3.5213021892256573, 'g_gpe_stn_mult': 0.17395848527070815, 'g_stn_gpi_mult': 2.8579806181157608, 'g_gpe_gpi_mult': 0.6952256473873977}. Best is trial 483 with value: 0.132453131005289.
[I 2026-05-28 21:43:23,115] Trial 533 finished with value: 0.15111441226872951 and parameters: {'ISTN': 61.89193251203146, 'I_gpe': 1.0668370467206336, 'I_gpi': 2.0335421871874866, 'noise_stn_sigma': 2.971739614813025, 'noise_gpe_sigma': 101.6959371297975, 'noise_gpi_sigma': 92.29416688315092, 'g_stn_gpe_mult': 3.484674804965919, 'g_gpe_stn_mult': 0.14553456126763983, 'g_stn_gpi_mult': 2.7939678962425267, 'g_gpe_gpi_mult': 0.7176429717324708}. Best is trial 483 with value: 0.132453131005289.
[I 2026-05-28 21:43:24,125] Trial 534 finished with value: 0.15941283902731312 and parameters: {'ISTN': 61.27770895918394, 'I_gpe': 1.0740318675188558, 'I_gpi': 2.0187578108716213, 'noise_stn_sigma': 3.245741660572131, 'noise_gpe_sigma': 98.53413470137903, 'noise_gpi_sigma': 92.35444214739951, 'g_stn_gpe_mult': 3.582077576137084, 'g_gpe_stn_mult': 0.14108241987885586, 'g_stn_gpi_mult': 2.8110456700632414, 'g_gpe_gpi_mult': 0.6887016019524439}. Best is trial 483 with value: 0.132453131005289.
[I 2026-05-28 21:43:25,135] Trial 535 finished with value: 0.14758093458664973 and parameters: {'ISTN': 61.75609631320739, 'I_gpe': 1.1039009843216285, 'I_gpi': 1.972848179734949, 'noise_stn_sigma': 2.993482006205892, 'noise_gpe_sigma': 106.24648608267916, 'noise_gpi_sigma': 90.10450751892824, 'g_stn_gpe_mult': 3.5201423588922314, 'g_gpe_stn_mult': 0.1375547685775288, 'g_stn_gpi_mult': 2.788833806774791, 'g_gpe_gpi_mult': 0.7007587651326119}. Best is trial 483 with value: 0.132453131005289.
[I 2026-05-28 21:43:26,143] Trial 536 finished with value: 1.396089019746496 and parameters: {'ISTN': 60.455292209091965, 'I_gpe': 1.1230899757157438, 'I_gpi': 2.071395256486514, 'noise_stn_sigma': 3.0303919496982656, 'noise_gpe_sigma': 95.09878193039988, 'noise_gpi_sigma': 95.31863061449812, 'g_stn_gpe_mult': 3.5179773387144135, 'g_gpe_stn_mult': 0.12292134306833488, 'g_stn_gpi_mult': 2.7927301580016115, 'g_gpe_gpi_mult': 0.7023686811074787}. Best is trial 483 with value: 0.132453131005289.
[I 2026-05-28 21:43:27,152] Trial 537 finished with value: 0.16320824397299002 and parameters: {'ISTN': 61.05909917985028, 'I_gpe': 0.9528007824948141, 'I_gpi': 1.983398686953866, 'noise_stn_sigma': 2.864193350584447, 'noise_gpe_sigma': 101.87354915418155, 'noise_gpi_sigma': 102.75911455865248, 'g_stn_gpe_mult': 3.380334251228801, 'g_gpe_stn_mult': 0.14527634619318386, 'g_stn_gpi_mult': 2.8271037160131662, 'g_gpe_gpi_mult': 0.6715597209366917}. Best is trial 483 with value: 0.132453131005289.
[I 2026-05-28 21:43:28,163] Trial 538 finished with value: 0.22487732195336974 and parameters: {'ISTN': 61.928206053003656, 'I_gpe': 1.150408844125923, 'I_gpi': 1.9745588764013935, 'noise_stn_sigma': 3.0241992835993656, 'noise_gpe_sigma': 99.61846313641433, 'noise_gpi_sigma': 95.63111757996754, 'g_stn_gpe_mult': 3.436110634934634, 'g_gpe_stn_mult': 0.13370506631485415, 'g_stn_gpi_mult': 2.854039260325787, 'g_gpe_gpi_mult': 0.6768983710647323}. Best is trial 483 with value: 0.132453131005289.
[I 2026-05-28 21:43:29,171] Trial 539 finished with value: 0.14486244162816228 and parameters: {'ISTN': 60.63087209628048, 'I_gpe': 1.0353666431150756, 'I_gpi': 1.9517883227590078, 'noise_stn_sigma': 2.63412294099761, 'noise_gpe_sigma': 101.79457523157704, 'noise_gpi_sigma': 92.88161239821669, 'g_stn_gpe_mult': 3.4526429188197216, 'g_gpe_stn_mult': 0.1532846333746979, 'g_stn_gpi_mult': 2.7479409527128187, 'g_gpe_gpi_mult': 0.644836482793254}. Best is trial 483 with value: 0.132453131005289.
[I 2026-05-28 21:43:30,177] Trial 540 finished with value: 0.16337600066035943 and parameters: {'ISTN': 62.79151926101405, 'I_gpe': 0.9696529303295105, 'I_gpi': 1.95935969738452, 'noise_stn_sigma': 2.772660458778892, 'noise_gpe_sigma': 105.22914931226303, 'noise_gpi_sigma': 96.20965914859079, 'g_stn_gpe_mult': 3.5729731604952666, 'g_gpe_stn_mult': 0.12914886394461594, 'g_stn_gpi_mult': 2.7118604928529617, 'g_gpe_gpi_mult': 0.685407985433595}. Best is trial 483 with value: 0.132453131005289.
[I 2026-05-28 21:43:31,184] Trial 541 finished with value: 0.16027806221317872 and parameters: {'ISTN': 62.38726171355444, 'I_gpe': 0.9090812091660709, 'I_gpi': 1.9161305694613335, 'noise_stn_sigma': 2.3379081449276313, 'noise_gpe_sigma': 105.92423422905131, 'noise_gpi_sigma': 95.28749268868393, 'g_stn_gpe_mult': 3.555700556936448, 'g_gpe_stn_mult': 0.1553945421885765, 'g_stn_gpi_mult': 2.774812417999623, 'g_gpe_gpi_mult': 0.6688591207789281}. Best is trial 483 with value: 0.132453131005289.
[I 2026-05-28 21:43:32,190] Trial 542 finished with value: 0.1563704915946731 and parameters: {'ISTN': 61.073990829068634, 'I_gpe': 1.0343006526968916, 'I_gpi': 1.907518036432178, 'noise_stn_sigma': 2.783024242897485, 'noise_gpe_sigma': 103.68519924162568, 'noise_gpi_sigma': 98.0644245282666, 'g_stn_gpe_mult': 3.4938136937469038, 'g_gpe_stn_mult': 0.1585382339096021, 'g_stn_gpi_mult': 2.805091030933756, 'g_gpe_gpi_mult': 0.678215860377487}. Best is trial 483 with value: 0.132453131005289.
[I 2026-05-28 21:43:33,198] Trial 543 finished with value: 0.17399833563330808 and parameters: {'ISTN': 61.452446825036084, 'I_gpe': 1.0028865040077977, 'I_gpi': 1.7961317570119997, 'noise_stn_sigma': 2.5866885821961594, 'noise_gpe_sigma': 102.62371192305764, 'noise_gpi_sigma': 94.16607519877593, 'g_stn_gpe_mult': 3.317007179430009, 'g_gpe_stn_mult': 0.16436933123191474, 'g_stn_gpi_mult': 2.827809013128316, 'g_gpe_gpi_mult': 0.6370081601936255}. Best is trial 483 with value: 0.132453131005289.
[I 2026-05-28 21:43:34,208] Trial 544 finished with value: 0.5679978946962789 and parameters: {'ISTN': 60.729708036659446, 'I_gpe': 1.0231954875280547, 'I_gpi': 1.9487121800723464, 'noise_stn_sigma': 2.74806550599135, 'noise_gpe_sigma': 100.21197916718506, 'noise_gpi_sigma': 92.72207701952162, 'g_stn_gpe_mult': 3.551248055085171, 'g_gpe_stn_mult': 0.151911241724491, 'g_stn_gpi_mult': 2.717650863365532, 'g_gpe_gpi_mult': 0.685774740458738}. Best is trial 483 with value: 0.132453131005289.
[I 2026-05-28 21:43:35,155] Trial 545 finished with value: 1000000.0 and parameters: {'ISTN': 60.50579646190399, 'I_gpe': 1.0220352125274685, 'I_gpi': 1.9514779288916286, 'noise_stn_sigma': 2.652443501619155, 'noise_gpe_sigma': 105.18028445334848, 'noise_gpi_sigma': 93.85524757775482, 'g_stn_gpe_mult': 3.5862456602004755, 'g_gpe_stn_mult': 0.17402349152049568, 'g_stn_gpi_mult': 2.740723956604156, 'g_gpe_gpi_mult': 0.6546243301908624}. Best is trial 483 with value: 0.132453131005289.
[I 2026-05-28 21:43:36,165] Trial 546 finished with value: 0.16430243530694966 and parameters: {'ISTN': 61.486081961036234, 'I_gpe': 0.9590635020081892, 'I_gpi': 2.036618612962829, 'noise_stn_sigma': 3.01238475783346, 'noise_gpe_sigma': 102.74351831308107, 'noise_gpi_sigma': 88.00164992320623, 'g_stn_gpe_mult': 3.548842603607286, 'g_gpe_stn_mult': 0.16962570850660677, 'g_stn_gpi_mult': 2.9272898596435826, 'g_gpe_gpi_mult': 0.679151045970896}. Best is trial 483 with value: 0.132453131005289.
[I 2026-05-28 21:43:37,172] Trial 547 finished with value: 0.16043189550086626 and parameters: {'ISTN': 61.54013331409129, 'I_gpe': 1.000092316108387, 'I_gpi': 1.8409652073261857, 'noise_stn_sigma': 2.678252233777897, 'noise_gpe_sigma': 101.97837984449001, 'noise_gpi_sigma': 94.09164982336206, 'g_stn_gpe_mult': 3.543180264620184, 'g_gpe_stn_mult': 0.15493488955805093, 'g_stn_gpi_mult': 2.761596487085646, 'g_gpe_gpi_mult': 0.6788114484911707}. Best is trial 483 with value: 0.132453131005289.
[I 2026-05-28 21:43:38,179] Trial 548 finished with value: 0.14768694687216957 and parameters: {'ISTN': 61.053834561133, 'I_gpe': 1.0803120840327503, 'I_gpi': 1.9393110387231656, 'noise_stn_sigma': 2.804629046990651, 'noise_gpe_sigma': 101.15783389832072, 'noise_gpi_sigma': 88.68509171080771, 'g_stn_gpe_mult': 3.509856476578479, 'g_gpe_stn_mult': 0.157601362931737, 'g_stn_gpi_mult': 2.6953865400479726, 'g_gpe_gpi_mult': 0.7022353368985021}. Best is trial 483 with value: 0.132453131005289.
[I 2026-05-28 21:43:39,186] Trial 549 finished with value: 0.20905487883041798 and parameters: {'ISTN': 60.592184043816026, 'I_gpe': 0.9979010936030903, 'I_gpi': 1.8474592701421826, 'noise_stn_sigma': 2.822186953645503, 'noise_gpe_sigma': 102.23954990552203, 'noise_gpi_sigma': 94.39735124613293, 'g_stn_gpe_mult': 3.465443438047986, 'g_gpe_stn_mult': 0.1597708825745513, 'g_stn_gpi_mult': 2.828131866426263, 'g_gpe_gpi_mult': 0.6738979386465884}. Best is trial 483 with value: 0.132453131005289.
[I 2026-05-28 21:43:40,195] Trial 550 finished with value: 0.1538894203228193 and parameters: {'ISTN': 60.88267967564557, 'I_gpe': 0.9686021212055322, 'I_gpi': 1.9840794498665892, 'noise_stn_sigma': 2.826914308710188, 'noise_gpe_sigma': 105.60462397093634, 'noise_gpi_sigma': 90.84791176216112, 'g_stn_gpe_mult': 3.5675296396971077, 'g_gpe_stn_mult': 0.13528353697644863, 'g_stn_gpi_mult': 2.8478099347919317, 'g_gpe_gpi_mult': 0.6752440726850848}. Best is trial 483 with value: 0.132453131005289.
[I 2026-05-28 21:43:41,205] Trial 551 finished with value: 0.16844311405788692 and parameters: {'ISTN': 62.376651118793944, 'I_gpe': 0.8896608835512789, 'I_gpi': 2.0072975775374844, 'noise_stn_sigma': 2.639026840836884, 'noise_gpe_sigma': 105.87368590923057, 'noise_gpi_sigma': 89.09179301989944, 'g_stn_gpe_mult': 3.4692551019634017, 'g_gpe_stn_mult': 0.14528059943499827, 'g_stn_gpi_mult': 2.7378441127884345, 'g_gpe_gpi_mult': 0.6908855969856039}. Best is trial 483 with value: 0.132453131005289.
[I 2026-05-28 21:43:42,211] Trial 552 finished with value: 0.22248167628756993 and parameters: {'ISTN': 62.009749434050754, 'I_gpe': 0.956173120875866, 'I_gpi': 2.0224650531956954, 'noise_stn_sigma': 2.701582889515759, 'noise_gpe_sigma': 103.61407131206782, 'noise_gpi_sigma': 94.3759495870941, 'g_stn_gpe_mult': 3.571126233910677, 'g_gpe_stn_mult': 0.12421252769417537, 'g_stn_gpi_mult': 2.6610034996604153, 'g_gpe_gpi_mult': 0.7401223590112072}. Best is trial 483 with value: 0.132453131005289.
[I 2026-05-28 21:43:43,218] Trial 553 finished with value: 0.17802923757727465 and parameters: {'ISTN': 62.98665906806947, 'I_gpe': 0.9598339748665723, 'I_gpi': 1.993239429121016, 'noise_stn_sigma': 2.871052524342406, 'noise_gpe_sigma': 105.56098071343568, 'noise_gpi_sigma': 89.63007304724131, 'g_stn_gpe_mult': 3.6367455621959817, 'g_gpe_stn_mult': 0.15362694142476682, 'g_stn_gpi_mult': 2.682842617106439, 'g_gpe_gpi_mult': 0.690893629661895}. Best is trial 483 with value: 0.132453131005289.
[I 2026-05-28 21:43:44,223] Trial 554 finished with value: 0.39871665822415125 and parameters: {'ISTN': 61.644527588554745, 'I_gpe': 0.8941493234617534, 'I_gpi': 2.01013825664531, 'noise_stn_sigma': 2.8955115940854412, 'noise_gpe_sigma': 101.76936966182652, 'noise_gpi_sigma': 92.74475341567239, 'g_stn_gpe_mult': 3.5345856855634654, 'g_gpe_stn_mult': 0.13653337805723392, 'g_stn_gpi_mult': 2.824084265557371, 'g_gpe_gpi_mult': 0.7138635533161863}. Best is trial 483 with value: 0.132453131005289.
[I 2026-05-28 21:43:45,230] Trial 555 finished with value: 0.1507444806346928 and parameters: {'ISTN': 62.09230356186275, 'I_gpe': 1.0301667799270597, 'I_gpi': 1.959754853094715, 'noise_stn_sigma': 2.9913771013006123, 'noise_gpe_sigma': 105.13326681367485, 'noise_gpi_sigma': 91.09541066884458, 'g_stn_gpe_mult': 3.571585135030824, 'g_gpe_stn_mult': 0.1291871426227678, 'g_stn_gpi_mult': 2.7309086789771984, 'g_gpe_gpi_mult': 0.7048885955955493}. Best is trial 483 with value: 0.132453131005289.
[I 2026-05-28 21:43:46,236] Trial 556 finished with value: 0.23702011443913668 and parameters: {'ISTN': 60.82125090839185, 'I_gpe': 0.9625077525365566, 'I_gpi': 1.9622517915513535, 'noise_stn_sigma': 2.876591309017792, 'noise_gpe_sigma': 99.16328613253819, 'noise_gpi_sigma': 91.2182904988019, 'g_stn_gpe_mult': 3.525183089032023, 'g_gpe_stn_mult': 0.14551877000108648, 'g_stn_gpi_mult': 2.7284835800108644, 'g_gpe_gpi_mult': 0.716147827092174}. Best is trial 483 with value: 0.132453131005289.
[I 2026-05-28 21:43:47,242] Trial 557 finished with value: 0.6815094711845215 and parameters: {'ISTN': 61.04766295860535, 'I_gpe': 1.1544846927983445, 'I_gpi': 1.9319101481193992, 'noise_stn_sigma': 2.987944966145852, 'noise_gpe_sigma': 98.72595846196973, 'noise_gpi_sigma': 90.0966440534703, 'g_stn_gpe_mult': 3.4538890451997193, 'g_gpe_stn_mult': 0.13202038507601596, 'g_stn_gpi_mult': 2.775524751977453, 'g_gpe_gpi_mult': 0.6622086401160661}. Best is trial 483 with value: 0.132453131005289.
[I 2026-05-28 21:43:48,250] Trial 558 finished with value: 0.1859166231753146 and parameters: {'ISTN': 61.09348394148575, 'I_gpe': 1.0715798514969173, 'I_gpi': 1.8608131978426168, 'noise_stn_sigma': 2.656405582883002, 'noise_gpe_sigma': 105.50917241669154, 'noise_gpi_sigma': 88.43739163002603, 'g_stn_gpe_mult': 3.4971918894586937, 'g_gpe_stn_mult': 0.15424266747734128, 'g_stn_gpi_mult': 2.844417483636227, 'g_gpe_gpi_mult': 0.6787453651934157}. Best is trial 483 with value: 0.132453131005289.
[I 2026-05-28 21:43:49,259] Trial 559 finished with value: 0.17510059349560966 and parameters: {'ISTN': 63.43413122888679, 'I_gpe': 0.9296616361501916, 'I_gpi': 2.0062124783979565, 'noise_stn_sigma': 2.615037055153808, 'noise_gpe_sigma': 109.017408302787, 'noise_gpi_sigma': 90.99137126009393, 'g_stn_gpe_mult': 3.6148008617714797, 'g_gpe_stn_mult': 0.1574595032313924, 'g_stn_gpi_mult': 2.749544325786715, 'g_gpe_gpi_mult': 0.7117282281511372}. Best is trial 483 with value: 0.132453131005289.
[I 2026-05-28 21:43:50,268] Trial 560 finished with value: 0.15013073055089846 and parameters: {'ISTN': 61.3741384420692, 'I_gpe': 0.9182972755449696, 'I_gpi': 2.0359026027165728, 'noise_stn_sigma': 2.8661952986347154, 'noise_gpe_sigma': 106.1071449407139, 'noise_gpi_sigma': 89.95593728239056, 'g_stn_gpe_mult': 3.6860504183324627, 'g_gpe_stn_mult': 0.16106487952569118, 'g_stn_gpi_mult': 2.7582183938989813, 'g_gpe_gpi_mult': 0.737986665549506}. Best is trial 483 with value: 0.132453131005289.
[I 2026-05-28 21:43:51,277] Trial 561 finished with value: 0.17796655616180618 and parameters: {'ISTN': 63.17161066174064, 'I_gpe': 1.0206325015025761, 'I_gpi': 2.0416164559259036, 'noise_stn_sigma': 2.736074916813351, 'noise_gpe_sigma': 104.78443558187799, 'noise_gpi_sigma': 92.51488746650818, 'g_stn_gpe_mult': 3.6271261126379954, 'g_gpe_stn_mult': 0.14977240138017853, 'g_stn_gpi_mult': 2.7435660158689004, 'g_gpe_gpi_mult': 0.7102352759310337}. Best is trial 483 with value: 0.132453131005289.
[I 2026-05-28 21:43:52,282] Trial 562 finished with value: 0.17436451733233188 and parameters: {'ISTN': 61.254797041102925, 'I_gpe': 1.0230863177784797, 'I_gpi': 2.047908685766241, 'noise_stn_sigma': 2.9142642234531895, 'noise_gpe_sigma': 105.86700062296201, 'noise_gpi_sigma': 85.83699947046539, 'g_stn_gpe_mult': 3.5257824681115095, 'g_gpe_stn_mult': 0.14736693323454628, 'g_stn_gpi_mult': 2.603314306848456, 'g_gpe_gpi_mult': 0.7454715187426344}. Best is trial 483 with value: 0.132453131005289.
[I 2026-05-28 21:43:53,289] Trial 563 finished with value: 0.15811381971111907 and parameters: {'ISTN': 61.581174091129455, 'I_gpe': 0.9999925462314957, 'I_gpi': 2.1074530874728596, 'noise_stn_sigma': 2.8930204520008616, 'noise_gpe_sigma': 105.14311319116258, 'noise_gpi_sigma': 90.77727511753329, 'g_stn_gpe_mult': 3.593307412856581, 'g_gpe_stn_mult': 0.1556043499983652, 'g_stn_gpi_mult': 2.721924351691051, 'g_gpe_gpi_mult': 0.7195329212060271}. Best is trial 483 with value: 0.132453131005289.
[I 2026-05-28 21:43:54,296] Trial 564 finished with value: 0.1714535966476482 and parameters: {'ISTN': 61.37742426128621, 'I_gpe': 0.8080729857809118, 'I_gpi': 2.0146743200881487, 'noise_stn_sigma': 2.9640266083724294, 'noise_gpe_sigma': 106.84261879458143, 'noise_gpi_sigma': 90.74705006382375, 'g_stn_gpe_mult': 3.719448070996699, 'g_gpe_stn_mult': 0.14020495034118619, 'g_stn_gpi_mult': 2.711404327535562, 'g_gpe_gpi_mult': 0.7204143868867021}. Best is trial 483 with value: 0.132453131005289.
[I 2026-05-28 21:43:55,302] Trial 565 finished with value: 0.16249077217023994 and parameters: {'ISTN': 62.85328366390934, 'I_gpe': 0.9799416475592887, 'I_gpi': 2.0644827770960763, 'noise_stn_sigma': 2.883993826544632, 'noise_gpe_sigma': 105.14832801794877, 'noise_gpi_sigma': 90.87693485986199, 'g_stn_gpe_mult': 3.6685258442953157, 'g_gpe_stn_mult': 0.13793853247182056, 'g_stn_gpi_mult': 2.739444152369581, 'g_gpe_gpi_mult': 0.7112173098394876}. Best is trial 483 with value: 0.132453131005289.
[I 2026-05-28 21:43:56,309] Trial 566 finished with value: 0.15087127033270825 and parameters: {'ISTN': 61.062964269114104, 'I_gpe': 1.0069034359589843, 'I_gpi': 1.9994128485830927, 'noise_stn_sigma': 3.15130826831236, 'noise_gpe_sigma': 105.81471140404751, 'noise_gpi_sigma': 92.75974831172113, 'g_stn_gpe_mult': 3.5769684165644837, 'g_gpe_stn_mult': 0.16985313812563083, 'g_stn_gpi_mult': 2.816064600180905, 'g_gpe_gpi_mult': 0.71197009579456}. Best is trial 483 with value: 0.132453131005289.
[I 2026-05-28 21:43:57,317] Trial 567 finished with value: 0.15590872625190458 and parameters: {'ISTN': 62.088751530899046, 'I_gpe': 0.9254224436465786, 'I_gpi': 2.017964535290166, 'noise_stn_sigma': 2.6836794020772317, 'noise_gpe_sigma': 104.80885449064463, 'noise_gpi_sigma': 92.23532660144026, 'g_stn_gpe_mult': 3.690862850007249, 'g_gpe_stn_mult': 0.15459145727236726, 'g_stn_gpi_mult': 2.686693982233078, 'g_gpe_gpi_mult': 0.7567740957420881}. Best is trial 483 with value: 0.132453131005289.
[I 2026-05-28 21:43:58,323] Trial 568 finished with value: 0.34506372028396587 and parameters: {'ISTN': 61.019862540613865, 'I_gpe': 1.1004611101096629, 'I_gpi': 1.9775152371590696, 'noise_stn_sigma': 2.7150110189014653, 'noise_gpe_sigma': 107.58870521856997, 'noise_gpi_sigma': 89.44597610231314, 'g_stn_gpe_mult': 3.6196563679080818, 'g_gpe_stn_mult': 0.14687285512843357, 'g_stn_gpi_mult': 2.721888183653311, 'g_gpe_gpi_mult': 0.6745473374558595}. Best is trial 483 with value: 0.132453131005289.
[I 2026-05-28 21:43:59,332] Trial 569 finished with value: 0.17777474492142567 and parameters: {'ISTN': 63.09276162072463, 'I_gpe': 0.9613256860188378, 'I_gpi': 2.0858077842312177, 'noise_stn_sigma': 3.074616176166353, 'noise_gpe_sigma': 105.90916703157507, 'noise_gpi_sigma': 93.68677769309808, 'g_stn_gpe_mult': 3.647358576499798, 'g_gpe_stn_mult': 0.14347686224100015, 'g_stn_gpi_mult': 2.7111051846875944, 'g_gpe_gpi_mult': 0.7192183638021541}. Best is trial 483 with value: 0.132453131005289.
[I 2026-05-28 21:44:00,341] Trial 570 finished with value: 0.17540987846283865 and parameters: {'ISTN': 62.79083250705905, 'I_gpe': 0.9185019291415233, 'I_gpi': 2.0182996094427743, 'noise_stn_sigma': 2.7097856380489818, 'noise_gpe_sigma': 107.38102863609869, 'noise_gpi_sigma': 91.84801943259106, 'g_stn_gpe_mult': 3.5277728161221487, 'g_gpe_stn_mult': 0.1653063408011689, 'g_stn_gpi_mult': 2.7399230814963866, 'g_gpe_gpi_mult': 0.7346946387146662}. Best is trial 483 with value: 0.132453131005289.
[I 2026-05-28 21:44:01,350] Trial 571 finished with value: 0.19589806697167808 and parameters: {'ISTN': 60.02265294999462, 'I_gpe': 1.0748322202037843, 'I_gpi': 1.987087384055384, 'noise_stn_sigma': 3.114858909191769, 'noise_gpe_sigma': 102.62139173582409, 'noise_gpi_sigma': 90.59826592126532, 'g_stn_gpe_mult': 3.634347138107387, 'g_gpe_stn_mult': 0.1645676337366884, 'g_stn_gpi_mult': 2.7609118640713075, 'g_gpe_gpi_mult': 0.7171380162319074}. Best is trial 483 with value: 0.132453131005289.
