[I 2026-05-28 22:19:20,939] Trial 660 finished with value: 5.7566528312215715 and parameters: {'ISTN': 107.753987527249, 'I_gpe': 2.248635372779085, 'I_gpi': 2.0369736322617777, 'noise_stn_sigma': 4.329974349725054, 'noise_gpe_sigma': 112.7535556736704, 'noise_gpi_sigma': 129.91296720632542, 'g_stn_gpe_mult': 4.276996512958521, 'g_gpe_stn_mult': 0.6219763064259345, 'g_stn_gpi_mult': 1.6534811531489344, 'g_gpe_gpi_mult': 0.7585477276111872}. Best is trial 516 with value: 0.9043779998207784.
[I 2026-05-28 22:19:21,981] Trial 661 finished with value: 12.585050756510674 and parameters: {'ISTN': 113.87500441325221, 'I_gpe': 2.189359690307186, 'I_gpi': 1.736947531676547, 'noise_stn_sigma': 4.485139490918781, 'noise_gpe_sigma': 106.70735170706698, 'noise_gpi_sigma': 124.77644327369393, 'g_stn_gpe_mult': 4.412614454596928, 'g_gpe_stn_mult': 0.6569060493410022, 'g_stn_gpi_mult': 1.448962356039921, 'g_gpe_gpi_mult': 0.7243475878418089}. Best is trial 516 with value: 0.9043779998207784.
[I 2026-05-28 22:19:23,024] Trial 662 finished with value: 2.3702408916103535 and parameters: {'ISTN': 113.88769508015022, 'I_gpe': 2.26667007571663, 'I_gpi': 1.9987163443653464, 'noise_stn_sigma': 4.815076786698629, 'noise_gpe_sigma': 108.40934624647662, 'noise_gpi_sigma': 124.24014291921516, 'g_stn_gpe_mult': 4.293656447127564, 'g_gpe_stn_mult': 0.6667305103647562, 'g_stn_gpi_mult': 1.6205686755683706, 'g_gpe_gpi_mult': 0.7597652135652424}. Best is trial 516 with value: 0.9043779998207784.
[I 2026-05-28 22:19:24,067] Trial 663 finished with value: 6.790410090524157 and parameters: {'ISTN': 110.77873186332542, 'I_gpe': 2.2636282261892697, 'I_gpi': 1.9163718523589552, 'noise_stn_sigma': 4.4912350124368965, 'noise_gpe_sigma': 109.2810610764775, 'noise_gpi_sigma': 129.12309608497083, 'g_stn_gpe_mult': 4.201677876167347, 'g_gpe_stn_mult': 0.6533033345307859, 'g_stn_gpi_mult': 1.8903111779039006, 'g_gpe_gpi_mult': 0.7636597362724642}. Best is trial 516 with value: 0.9043779998207784.
[I 2026-05-28 22:19:25,110] Trial 664 finished with value: 7.374047048838767 and parameters: {'ISTN': 112.3117149544089, 'I_gpe': 2.2064685901714904, 'I_gpi': 1.8248070435509627, 'noise_stn_sigma': 4.672291151993191, 'noise_gpe_sigma': 111.33650696695167, 'noise_gpi_sigma': 124.6787826659757, 'g_stn_gpe_mult': 4.456487439393975, 'g_gpe_stn_mult': 0.6642211353385359, 'g_stn_gpi_mult': 1.6249350853785853, 'g_gpe_gpi_mult': 0.7083781038531849}. Best is trial 516 with value: 0.9043779998207784.
[I 2026-05-28 22:19:26,152] Trial 665 finished with value: 3.396275156225105 and parameters: {'ISTN': 110.90988676331594, 'I_gpe': 2.2830421551361124, 'I_gpi': 1.8727568161513968, 'noise_stn_sigma': 4.2832763834576495, 'noise_gpe_sigma': 108.7513698303587, 'noise_gpi_sigma': 130.22727460477518, 'g_stn_gpe_mult': 4.310196544307151, 'g_gpe_stn_mult': 0.6645040170776059, 'g_stn_gpi_mult': 1.703049344016124, 'g_gpe_gpi_mult': 0.7714024443134833}. Best is trial 516 with value: 0.9043779998207784.
[I 2026-05-28 22:19:27,191] Trial 666 finished with value: 4.121247786566077 and parameters: {'ISTN': 113.88879185233355, 'I_gpe': 2.2244390219638976, 'I_gpi': 1.7628000528808023, 'noise_stn_sigma': 4.304146953925141, 'noise_gpe_sigma': 110.07773197600271, 'noise_gpi_sigma': 115.803496690107, 'g_stn_gpe_mult': 4.339847968860418, 'g_gpe_stn_mult': 0.6738772780992568, 'g_stn_gpi_mult': 1.502657581061033, 'g_gpe_gpi_mult': 0.7607049003912227}. Best is trial 516 with value: 0.9043779998207784.
[I 2026-05-28 22:19:28,233] Trial 667 finished with value: 4.97706854090749 and parameters: {'ISTN': 113.0384682947111, 'I_gpe': 2.179905209026941, 'I_gpi': 1.9989349996420254, 'noise_stn_sigma': 4.162910377919971, 'noise_gpe_sigma': 107.18751389691144, 'noise_gpi_sigma': 127.5013947288992, 'g_stn_gpe_mult': 4.220845053801906, 'g_gpe_stn_mult': 0.6434999479544762, 'g_stn_gpi_mult': 1.6237276420779696, 'g_gpe_gpi_mult': 0.7734856924089231}. Best is trial 516 with value: 0.9043779998207784.
[I 2026-05-28 22:19:29,274] Trial 668 finished with value: 5.718425784263413 and parameters: {'ISTN': 110.90210239413528, 'I_gpe': 2.2232919568934126, 'I_gpi': 1.9141970634764705, 'noise_stn_sigma': 4.322329333639241, 'noise_gpe_sigma': 112.62976859984899, 'noise_gpi_sigma': 133.80487951871146, 'g_stn_gpe_mult': 4.277693342042059, 'g_gpe_stn_mult': 0.6313765590654057, 'g_stn_gpi_mult': 1.6617154448256204, 'g_gpe_gpi_mult': 0.7495143515244158}. Best is trial 516 with value: 0.9043779998207784.
[I 2026-05-28 22:19:30,315] Trial 669 finished with value: 10.14531046029279 and parameters: {'ISTN': 111.9287576690117, 'I_gpe': 2.1586607426784394, 'I_gpi': 1.7744720529364506, 'noise_stn_sigma': 4.7368153524486285, 'noise_gpe_sigma': 106.73997201635467, 'noise_gpi_sigma': 115.78948791999282, 'g_stn_gpe_mult': 4.427470566318764, 'g_gpe_stn_mult': 0.6539415849902362, 'g_stn_gpi_mult': 1.4926775424994154, 'g_gpe_gpi_mult': 0.7036848749775466}. Best is trial 516 with value: 0.9043779998207784.
[I 2026-05-28 22:19:31,358] Trial 670 finished with value: 6.034598241979398 and parameters: {'ISTN': 114.09964359133903, 'I_gpe': 2.180380455881008, 'I_gpi': 1.7860342415473396, 'noise_stn_sigma': 4.524392559457863, 'noise_gpe_sigma': 112.88336461836111, 'noise_gpi_sigma': 123.31755496090658, 'g_stn_gpe_mult': 4.640484029929681, 'g_gpe_stn_mult': 0.6741557899719597, 'g_stn_gpi_mult': 1.5821963843225462, 'g_gpe_gpi_mult': 0.735301722324986}. Best is trial 516 with value: 0.9043779998207784.
[I 2026-05-28 22:19:32,402] Trial 671 finished with value: 10.427818224901591 and parameters: {'ISTN': 114.87176232583157, 'I_gpe': 2.269969779912953, 'I_gpi': 1.8726186730199381, 'noise_stn_sigma': 4.583892397657284, 'noise_gpe_sigma': 109.83003132437268, 'noise_gpi_sigma': 124.73331807428345, 'g_stn_gpe_mult': 4.545274783188875, 'g_gpe_stn_mult': 0.6882733292954059, 'g_stn_gpi_mult': 1.4280355095201522, 'g_gpe_gpi_mult': 0.7981917188984995}. Best is trial 516 with value: 0.9043779998207784.
[I 2026-05-28 22:19:33,444] Trial 672 finished with value: 2.995830228687532 and parameters: {'ISTN': 112.60790921205133, 'I_gpe': 2.3030771152227145, 'I_gpi': 1.8927765488737385, 'noise_stn_sigma': 4.498591569690335, 'noise_gpe_sigma': 109.34327364583442, 'noise_gpi_sigma': 120.866369847998, 'g_stn_gpe_mult': 4.358595927897358, 'g_gpe_stn_mult': 0.6637335157387062, 'g_stn_gpi_mult': 1.713175647901357, 'g_gpe_gpi_mult': 0.7674061460895318}. Best is trial 516 with value: 0.9043779998207784.
[I 2026-05-28 22:19:34,486] Trial 673 finished with value: 4.612797598052558 and parameters: {'ISTN': 113.713654277331, 'I_gpe': 2.414677880834075, 'I_gpi': 2.143255714481004, 'noise_stn_sigma': 4.7029878530482865, 'noise_gpe_sigma': 109.13694381760801, 'noise_gpi_sigma': 121.75525812222004, 'g_stn_gpe_mult': 4.58878839642872, 'g_gpe_stn_mult': 0.6642213193923778, 'g_stn_gpi_mult': 1.5452966593180224, 'g_gpe_gpi_mult': 0.7536328165621784}. Best is trial 516 with value: 0.9043779998207784.
[I 2026-05-28 22:19:35,530] Trial 674 finished with value: 10.01065753026143 and parameters: {'ISTN': 112.7776949249149, 'I_gpe': 2.3260047654135443, 'I_gpi': 1.7801368046896855, 'noise_stn_sigma': 4.335964115732616, 'noise_gpe_sigma': 109.05507060818364, 'noise_gpi_sigma': 126.07495803608914, 'g_stn_gpe_mult': 4.414815667895624, 'g_gpe_stn_mult': 0.655250206981821, 'g_stn_gpi_mult': 1.5942447919136442, 'g_gpe_gpi_mult': 0.754976085617526}. Best is trial 516 with value: 0.9043779998207784.
[I 2026-05-28 22:19:36,572] Trial 675 finished with value: 4.044229266500872 and parameters: {'ISTN': 112.71160196231108, 'I_gpe': 2.349486778030173, 'I_gpi': 2.0190809880332723, 'noise_stn_sigma': 4.523400414355234, 'noise_gpe_sigma': 103.35296651723658, 'noise_gpi_sigma': 129.12313056536948, 'g_stn_gpe_mult': 4.257726640354575, 'g_gpe_stn_mult': 0.671400385187208, 'g_stn_gpi_mult': 1.6220609249749272, 'g_gpe_gpi_mult': 0.743951000326385}. Best is trial 516 with value: 0.9043779998207784.
[I 2026-05-28 22:19:37,612] Trial 676 finished with value: 6.839319514591422 and parameters: {'ISTN': 113.14514219973191, 'I_gpe': 2.31743767478606, 'I_gpi': 1.9358953925507905, 'noise_stn_sigma': 4.578873290527794, 'noise_gpe_sigma': 114.17414814926674, 'noise_gpi_sigma': 128.71040050212525, 'g_stn_gpe_mult': 4.48654933326484, 'g_gpe_stn_mult': 0.6805472385963954, 'g_stn_gpi_mult': 1.5257209133018161, 'g_gpe_gpi_mult': 0.7097194801914235}. Best is trial 516 with value: 0.9043779998207784.
[I 2026-05-28 22:19:38,652] Trial 677 finished with value: 3.908611838426668 and parameters: {'ISTN': 114.0012486400808, 'I_gpe': 2.201727951806883, 'I_gpi': 1.6989827548308238, 'noise_stn_sigma': 4.208061089945167, 'noise_gpe_sigma': 111.12468378061537, 'noise_gpi_sigma': 114.29896957178832, 'g_stn_gpe_mult': 4.374571215539923, 'g_gpe_stn_mult': 0.6601726967416526, 'g_stn_gpi_mult': 1.5344177880766823, 'g_gpe_gpi_mult': 0.7140765043182746}. Best is trial 516 with value: 0.9043779998207784.
[I 2026-05-28 22:19:39,693] Trial 678 finished with value: 4.834922945238258 and parameters: {'ISTN': 112.57934219518697, 'I_gpe': 2.300638613073721, 'I_gpi': 2.1143609597951443, 'noise_stn_sigma': 4.193242768408076, 'noise_gpe_sigma': 108.14064863218994, 'noise_gpi_sigma': 127.22274035983271, 'g_stn_gpe_mult': 4.405407471156822, 'g_gpe_stn_mult': 0.6791548337379255, 'g_stn_gpi_mult': 1.4998073825533127, 'g_gpe_gpi_mult': 0.7424303432420614}. Best is trial 516 with value: 0.9043779998207784.
[I 2026-05-28 22:19:40,734] Trial 679 finished with value: 3.386620039863822 and parameters: {'ISTN': 116.86980794852084, 'I_gpe': 2.1520466469337762, 'I_gpi': 1.9331073178130245, 'noise_stn_sigma': 4.372991202202832, 'noise_gpe_sigma': 107.40550259329873, 'noise_gpi_sigma': 118.824287468635, 'g_stn_gpe_mult': 4.433638531920723, 'g_gpe_stn_mult': 0.6893731004046324, 'g_stn_gpi_mult': 1.5619596885383211, 'g_gpe_gpi_mult': 0.7621946703012754}. Best is trial 516 with value: 0.9043779998207784.
[I 2026-05-28 22:19:41,776] Trial 680 finished with value: 5.525985186004416 and parameters: {'ISTN': 115.2518314069002, 'I_gpe': 2.3028304420606593, 'I_gpi': 1.8582121115915093, 'noise_stn_sigma': 4.384240667301462, 'noise_gpe_sigma': 106.98004999798542, 'noise_gpi_sigma': 117.6940463922381, 'g_stn_gpe_mult': 4.3935194753337115, 'g_gpe_stn_mult': 0.6668393247463104, 'g_stn_gpi_mult': 1.4571503185800891, 'g_gpe_gpi_mult': 0.770942787342975}. Best is trial 516 with value: 0.9043779998207784.
[I 2026-05-28 22:19:42,818] Trial 681 finished with value: 4.842444905929771 and parameters: {'ISTN': 114.51058551095119, 'I_gpe': 2.3591313746102385, 'I_gpi': 1.9256196190687207, 'noise_stn_sigma': 4.21262877329872, 'noise_gpe_sigma': 114.29929452021038, 'noise_gpi_sigma': 113.60251128765599, 'g_stn_gpe_mult': 4.111523178395816, 'g_gpe_stn_mult': 0.655390018518183, 'g_stn_gpi_mult': 1.6047293151259034, 'g_gpe_gpi_mult': 0.7790385940157114}. Best is trial 516 with value: 0.9043779998207784.
[I 2026-05-28 22:19:43,861] Trial 682 finished with value: 4.047713768256271 and parameters: {'ISTN': 112.95049588656465, 'I_gpe': 2.226052784862575, 'I_gpi': 1.6680053502115588, 'noise_stn_sigma': 4.376750228829907, 'noise_gpe_sigma': 109.57541927151657, 'noise_gpi_sigma': 122.34076079104454, 'g_stn_gpe_mult': 4.401750110701671, 'g_gpe_stn_mult': 0.6675853666534568, 'g_stn_gpi_mult': 1.715481559240905, 'g_gpe_gpi_mult': 0.7424174788225724}. Best is trial 516 with value: 0.9043779998207784.
[I 2026-05-28 22:19:44,901] Trial 683 finished with value: 9.099331667044213 and parameters: {'ISTN': 118.25888337687935, 'I_gpe': 2.214235316330785, 'I_gpi': 1.8177088163942523, 'noise_stn_sigma': 4.3810485384790905, 'noise_gpe_sigma': 106.33925096680362, 'noise_gpi_sigma': 121.75632066488205, 'g_stn_gpe_mult': 4.6102281967071965, 'g_gpe_stn_mult': 0.7002627158817833, 'g_stn_gpi_mult': 1.4800431800190605, 'g_gpe_gpi_mult': 0.7647895133455043}. Best is trial 516 with value: 0.9043779998207784.
[I 2026-05-28 22:19:45,944] Trial 684 finished with value: 4.425114243035945 and parameters: {'ISTN': 114.87262489427647, 'I_gpe': 2.2548350599509015, 'I_gpi': 1.976594977488761, 'noise_stn_sigma': 4.628808249346748, 'noise_gpe_sigma': 108.25206998174882, 'noise_gpi_sigma': 115.1282635123166, 'g_stn_gpe_mult': 4.437116859559097, 'g_gpe_stn_mult': 0.6559887038914572, 'g_stn_gpi_mult': 1.6350320097988371, 'g_gpe_gpi_mult': 0.701607296933239}. Best is trial 516 with value: 0.9043779998207784.
[I 2026-05-28 22:19:46,985] Trial 685 finished with value: 8.876551146444875 and parameters: {'ISTN': 113.827126936855, 'I_gpe': 2.2819857228226503, 'I_gpi': 1.8747516333248138, 'noise_stn_sigma': 4.312814546266191, 'noise_gpe_sigma': 108.104665893486, 'noise_gpi_sigma': 121.85375463903738, 'g_stn_gpe_mult': 4.273118165608084, 'g_gpe_stn_mult': 0.6742666427035177, 'g_stn_gpi_mult': 1.737506667635015, 'g_gpe_gpi_mult': 0.7994914438464866}. Best is trial 516 with value: 0.9043779998207784.
[I 2026-05-28 22:19:47,968] Trial 686 finished with value: 1000000.0 and parameters: {'ISTN': 114.4352830563528, 'I_gpe': 2.208284392308596, 'I_gpi': 1.9226075960966407, 'noise_stn_sigma': 4.404967183422503, 'noise_gpe_sigma': 106.56055032345009, 'noise_gpi_sigma': 115.36020984531847, 'g_stn_gpe_mult': 4.410112801459666, 'g_gpe_stn_mult': 0.675895833430554, 'g_stn_gpi_mult': 1.6077447602713786, 'g_gpe_gpi_mult': 0.7210390437964997}. Best is trial 516 with value: 0.9043779998207784.
[I 2026-05-28 22:19:49,010] Trial 687 finished with value: 7.628374438376803 and parameters: {'ISTN': 115.23079546248282, 'I_gpe': 2.153273768506037, 'I_gpi': 1.766115936018216, 'noise_stn_sigma': 4.209805388635274, 'noise_gpe_sigma': 102.35395500536772, 'noise_gpi_sigma': 113.8821516652808, 'g_stn_gpe_mult': 4.536463243761234, 'g_gpe_stn_mult': 0.6847825711792516, 'g_stn_gpi_mult': 1.474645065519482, 'g_gpe_gpi_mult': 0.7079914924284745}. Best is trial 516 with value: 0.9043779998207784.
[I 2026-05-28 22:19:50,053] Trial 688 finished with value: 7.567778210778146 and parameters: {'ISTN': 115.08835571653437, 'I_gpe': 2.196249166029318, 'I_gpi': 2.0012242267980795, 'noise_stn_sigma': 4.484782252017991, 'noise_gpe_sigma': 102.74399480148752, 'noise_gpi_sigma': 120.91184032140119, 'g_stn_gpe_mult': 4.545150204393805, 'g_gpe_stn_mult': 0.6796864324029812, 'g_stn_gpi_mult': 1.518049004026357, 'g_gpe_gpi_mult': 0.7423078071660352}. Best is trial 516 with value: 0.9043779998207784.
[I 2026-05-28 22:19:51,094] Trial 689 finished with value: 6.82489195262845 and parameters: {'ISTN': 115.90948649959547, 'I_gpe': 2.2703326078518993, 'I_gpi': 1.9299757041926546, 'noise_stn_sigma': 4.732434004460137, 'noise_gpe_sigma': 116.07052501460785, 'noise_gpi_sigma': 110.53057073282058, 'g_stn_gpe_mult': 4.500952061204114, 'g_gpe_stn_mult': 0.6871862054488251, 'g_stn_gpi_mult': 1.6716027021048714, 'g_gpe_gpi_mult': 0.7574600588875657}. Best is trial 516 with value: 0.9043779998207784.
[I 2026-05-28 22:19:52,137] Trial 690 finished with value: 1.0517340821151178 and parameters: {'ISTN': 115.15256730008589, 'I_gpe': 2.2048193412976103, 'I_gpi': 1.772093412129089, 'noise_stn_sigma': 4.643305005651657, 'noise_gpe_sigma': 113.3841389545653, 'noise_gpi_sigma': 115.89160872845224, 'g_stn_gpe_mult': 4.371841907254607, 'g_gpe_stn_mult': 0.6684965289682763, 'g_stn_gpi_mult': 1.7036944513922214, 'g_gpe_gpi_mult': 0.692686294614708}. Best is trial 516 with value: 0.9043779998207784.
[I 2026-05-28 22:19:53,121] Trial 691 finished with value: 1000000.0 and parameters: {'ISTN': 112.98468991026243, 'I_gpe': 2.144622564513579, 'I_gpi': 1.6682030373316894, 'noise_stn_sigma': 4.657336937586106, 'noise_gpe_sigma': 117.33098222526691, 'noise_gpi_sigma': 120.01066672181014, 'g_stn_gpe_mult': 4.338528223962062, 'g_gpe_stn_mult': 0.6537793168827243, 'g_stn_gpi_mult': 1.7275820100728239, 'g_gpe_gpi_mult': 0.70686337803806}. Best is trial 516 with value: 0.9043779998207784.
[I 2026-05-28 22:19:54,165] Trial 692 finished with value: 2.1157457443659977 and parameters: {'ISTN': 113.6762050781863, 'I_gpe': 2.2684696784226293, 'I_gpi': 1.825660415793224, 'noise_stn_sigma': 4.440506991456801, 'noise_gpe_sigma': 116.45267526239975, 'noise_gpi_sigma': 128.78627544252282, 'g_stn_gpe_mult': 4.202343626752411, 'g_gpe_stn_mult': 0.6638412619696085, 'g_stn_gpi_mult': 1.7642933594398456, 'g_gpe_gpi_mult': 0.7465096698589357}. Best is trial 516 with value: 0.9043779998207784.
[I 2026-05-28 22:19:55,208] Trial 693 finished with value: 2.0844602968627175 and parameters: {'ISTN': 114.60553096136377, 'I_gpe': 2.290380771447909, 'I_gpi': 1.9481089971510535, 'noise_stn_sigma': 4.53321616341994, 'noise_gpe_sigma': 113.18205846327875, 'noise_gpi_sigma': 126.92794669395354, 'g_stn_gpe_mult': 4.378461615408867, 'g_gpe_stn_mult': 0.6576917866423673, 'g_stn_gpi_mult': 1.6682107437596039, 'g_gpe_gpi_mult': 0.7324108957459388}. Best is trial 516 with value: 0.9043779998207784.
[I 2026-05-28 22:19:56,248] Trial 694 finished with value: 4.529276527659183 and parameters: {'ISTN': 116.98980959101186, 'I_gpe': 2.2476204689160992, 'I_gpi': 1.6560640042722061, 'noise_stn_sigma': 4.271478354762389, 'noise_gpe_sigma': 114.0048055154658, 'noise_gpi_sigma': 109.28865207523313, 'g_stn_gpe_mult': 4.400858902129775, 'g_gpe_stn_mult': 0.6848217245222823, 'g_stn_gpi_mult': 1.6554355396765015, 'g_gpe_gpi_mult': 0.6861349017221535}. Best is trial 516 with value: 0.9043779998207784.
[I 2026-05-28 22:19:57,292] Trial 695 finished with value: 10.443240707701666 and parameters: {'ISTN': 110.16391176060837, 'I_gpe': 2.2340305780519216, 'I_gpi': 1.7358008293437728, 'noise_stn_sigma': 4.50753299407268, 'noise_gpe_sigma': 114.93384793874405, 'noise_gpi_sigma': 118.21810903238863, 'g_stn_gpe_mult': 4.3636344652607635, 'g_gpe_stn_mult': 0.6229562727620223, 'g_stn_gpi_mult': 1.720009982797963, 'g_gpe_gpi_mult': 0.7521102237813135}. Best is trial 516 with value: 0.9043779998207784.
[I 2026-05-28 22:19:58,336] Trial 696 finished with value: 7.656553721108322 and parameters: {'ISTN': 116.66751942266237, 'I_gpe': 2.2126320938053023, 'I_gpi': 1.7351605863590636, 'noise_stn_sigma': 4.46183043360813, 'noise_gpe_sigma': 112.63085707426603, 'noise_gpi_sigma': 111.12557986485004, 'g_stn_gpe_mult': 4.365170582327619, 'g_gpe_stn_mult': 0.6794766369568619, 'g_stn_gpi_mult': 1.6966920071089728, 'g_gpe_gpi_mult': 0.7533555836030601}. Best is trial 516 with value: 0.9043779998207784.
[I 2026-05-28 22:19:59,378] Trial 697 finished with value: 8.76758188363592 and parameters: {'ISTN': 117.08584526764125, 'I_gpe': 2.2850418782127893, 'I_gpi': 1.6488418590642204, 'noise_stn_sigma': 4.7417208914659295, 'noise_gpe_sigma': 112.39559291374414, 'noise_gpi_sigma': 112.71603484759305, 'g_stn_gpe_mult': 4.437842657462222, 'g_gpe_stn_mult': 0.6899440185081144, 'g_stn_gpi_mult': 1.6353609518013479, 'g_gpe_gpi_mult': 0.6604778611826618}. Best is trial 516 with value: 0.9043779998207784.
[I 2026-05-28 22:20:00,422] Trial 698 finished with value: 9.086302775388665 and parameters: {'ISTN': 114.1840958189612, 'I_gpe': 2.2807685327873584, 'I_gpi': 1.7068661741855575, 'noise_stn_sigma': 4.360661759810602, 'noise_gpe_sigma': 117.04414856270827, 'noise_gpi_sigma': 119.53331003971118, 'g_stn_gpe_mult': 4.442738874663223, 'g_gpe_stn_mult': 0.6454604951513276, 'g_stn_gpi_mult': 1.6147438804949328, 'g_gpe_gpi_mult': 0.7566641907997651}. Best is trial 516 with value: 0.9043779998207784.
[I 2026-05-28 22:20:01,464] Trial 699 finished with value: 2.7041022322493955 and parameters: {'ISTN': 115.3577812858141, 'I_gpe': 2.2590861946174687, 'I_gpi': 1.9601728884178873, 'noise_stn_sigma': 4.6828671558358534, 'noise_gpe_sigma': 115.88817309644404, 'noise_gpi_sigma': 123.89747405512064, 'g_stn_gpe_mult': 4.291207779531683, 'g_gpe_stn_mult': 0.6446198043429756, 'g_stn_gpi_mult': 1.7796306068911216, 'g_gpe_gpi_mult': 0.7014776985074405}. Best is trial 516 with value: 0.9043779998207784.
[I 2026-05-28 22:20:02,507] Trial 700 finished with value: 2.686405913268711 and parameters: {'ISTN': 112.37719307663829, 'I_gpe': 2.282080237888093, 'I_gpi': 1.9190592621406704, 'noise_stn_sigma': 4.90677994937726, 'noise_gpe_sigma': 111.22913745504874, 'noise_gpi_sigma': 119.44838345652545, 'g_stn_gpe_mult': 4.3065576924506335, 'g_gpe_stn_mult': 0.6569686400364043, 'g_stn_gpi_mult': 1.7666751004269365, 'g_gpe_gpi_mult': 0.6896876744109621}. Best is trial 516 with value: 0.9043779998207784.
[I 2026-05-28 22:20:03,551] Trial 701 finished with value: 7.6605082194529475 and parameters: {'ISTN': 114.37221119699285, 'I_gpe': 2.26055245818165, 'I_gpi': 1.8694181825719092, 'noise_stn_sigma': 4.396016588968203, 'noise_gpe_sigma': 117.20939059613686, 'noise_gpi_sigma': 132.96024299965677, 'g_stn_gpe_mult': 4.287652519747738, 'g_gpe_stn_mult': 0.6577033512257747, 'g_stn_gpi_mult': 1.621051553964901, 'g_gpe_gpi_mult': 0.6889976062297345}. Best is trial 516 with value: 0.9043779998207784.
[I 2026-05-28 22:20:04,593] Trial 702 finished with value: 5.106207729051898 and parameters: {'ISTN': 116.20893282086753, 'I_gpe': 2.2882319225406333, 'I_gpi': 1.8159874575342119, 'noise_stn_sigma': 4.531239208746184, 'noise_gpe_sigma': 113.25525118311145, 'noise_gpi_sigma': 125.3755927552534, 'g_stn_gpe_mult': 4.321008925868327, 'g_gpe_stn_mult': 0.6771698394261314, 'g_stn_gpi_mult': 1.5771420307388753, 'g_gpe_gpi_mult': 0.7066039375270539}. Best is trial 516 with value: 0.9043779998207784.
[I 2026-05-28 22:20:05,636] Trial 703 finished with value: 7.257925024862889 and parameters: {'ISTN': 114.38104507178508, 'I_gpe': 2.239442016069121, 'I_gpi': 2.082376163347005, 'noise_stn_sigma': 4.443665098644949, 'noise_gpe_sigma': 114.39956322027709, 'noise_gpi_sigma': 126.90382124393392, 'g_stn_gpe_mult': 4.366075833062648, 'g_gpe_stn_mult': 0.666240558489024, 'g_stn_gpi_mult': 1.762770910444796, 'g_gpe_gpi_mult': 0.7378036544300646}. Best is trial 516 with value: 0.9043779998207784.
