[I 2026-05-28 22:01:27,190] Trial 616 finished with value: 0.1166190487388815 and parameters: {'ISTN': 61.06875053117558, 'I_gpe': 1.3800997481268034, 'I_gpi': 2.320711929760703, 'noise_stn_sigma': 3.1629863962451603, 'noise_gpe_sigma': 107.71351059591714, 'noise_gpi_sigma': 83.17437266710311, 'g_stn_gpe_mult': 3.8034435765516243, 'g_gpe_stn_mult': 0.11288883206222339, 'g_stn_gpi_mult': 1.7030913856010301, 'g_gpe_gpi_mult': 0.7001583926342065}. Best is trial 610 with value: 0.11594155406705796.
[I 2026-05-28 22:01:28,169] Trial 617 finished with value: 0.11711340415983175 and parameters: {'ISTN': 61.59219387677485, 'I_gpe': 1.345354495071858, 'I_gpi': 2.34636005705244, 'noise_stn_sigma': 3.2636817034819807, 'noise_gpe_sigma': 110.27827901464829, 'noise_gpi_sigma': 83.7789450869179, 'g_stn_gpe_mult': 3.671832475831216, 'g_gpe_stn_mult': 0.11056312723917656, 'g_stn_gpi_mult': 1.6834430770058693, 'g_gpe_gpi_mult': 0.6938288298007564}. Best is trial 610 with value: 0.11594155406705796.
[I 2026-05-28 22:01:29,147] Trial 618 finished with value: 0.11691761201636629 and parameters: {'ISTN': 60.79118502423447, 'I_gpe': 1.3576671899841983, 'I_gpi': 2.3491691835811537, 'noise_stn_sigma': 3.305348656753746, 'noise_gpe_sigma': 110.17714371234982, 'noise_gpi_sigma': 84.20550334612547, 'g_stn_gpe_mult': 3.693719394614752, 'g_gpe_stn_mult': 0.10948970987602812, 'g_stn_gpi_mult': 1.760115226923506, 'g_gpe_gpi_mult': 0.6986879350020831}. Best is trial 610 with value: 0.11594155406705796.
[I 2026-05-28 22:01:30,126] Trial 619 finished with value: 0.11815943462371234 and parameters: {'ISTN': 60.43583142115978, 'I_gpe': 1.358125993687266, 'I_gpi': 2.34344133272762, 'noise_stn_sigma': 3.181207844398781, 'noise_gpe_sigma': 107.02189545544203, 'noise_gpi_sigma': 85.52298300811539, 'g_stn_gpe_mult': 3.773510921775581, 'g_gpe_stn_mult': 0.11601040978228012, 'g_stn_gpi_mult': 1.7301022916724724, 'g_gpe_gpi_mult': 0.702090906110584}. Best is trial 610 with value: 0.11594155406705796.
[I 2026-05-28 22:01:31,107] Trial 620 finished with value: 0.11795207506651884 and parameters: {'ISTN': 60.73983172958793, 'I_gpe': 1.3715931402076025, 'I_gpi': 2.3776456859295463, 'noise_stn_sigma': 3.287436346173628, 'noise_gpe_sigma': 112.04988200536211, 'noise_gpi_sigma': 81.28704625034658, 'g_stn_gpe_mult': 3.7632395433823933, 'g_gpe_stn_mult': 0.110348996950147, 'g_stn_gpi_mult': 1.7268562508250045, 'g_gpe_gpi_mult': 0.7175338289910957}. Best is trial 610 with value: 0.11594155406705796.
[I 2026-05-28 22:01:32,087] Trial 621 finished with value: 0.12148920546037466 and parameters: {'ISTN': 60.14737862571496, 'I_gpe': 1.3729496624371933, 'I_gpi': 2.2502343565875202, 'noise_stn_sigma': 3.247301409037545, 'noise_gpe_sigma': 111.98463827420038, 'noise_gpi_sigma': 84.01012803569778, 'g_stn_gpe_mult': 3.6868368021891085, 'g_gpe_stn_mult': 0.10224118669909472, 'g_stn_gpi_mult': 1.7567041131964327, 'g_gpe_gpi_mult': 0.7021418053538342}. Best is trial 610 with value: 0.11594155406705796.
[I 2026-05-28 22:01:33,063] Trial 622 finished with value: 0.3749390601549002 and parameters: {'ISTN': 60.428480601976034, 'I_gpe': 1.3547666174331154, 'I_gpi': 2.2724359928101854, 'noise_stn_sigma': 3.539712286694613, 'noise_gpe_sigma': 109.88884785917261, 'noise_gpi_sigma': 84.40324687312766, 'g_stn_gpe_mult': 3.5332617718676005, 'g_gpe_stn_mult': 0.10878875321328925, 'g_stn_gpi_mult': 1.6974350760613401, 'g_gpe_gpi_mult': 0.6995406077890558}. Best is trial 610 with value: 0.11594155406705796.
[I 2026-05-28 22:01:34,043] Trial 623 finished with value: 0.11679326868909082 and parameters: {'ISTN': 60.82459760358481, 'I_gpe': 1.3654729474568925, 'I_gpi': 2.354964970032599, 'noise_stn_sigma': 3.128076409231338, 'noise_gpe_sigma': 110.81986116511021, 'noise_gpi_sigma': 87.7246763701826, 'g_stn_gpe_mult': 3.6354661056127657, 'g_gpe_stn_mult': 0.12648204753264614, 'g_stn_gpi_mult': 1.7288920925377669, 'g_gpe_gpi_mult': 0.7048229854828498}. Best is trial 610 with value: 0.11594155406705796.
[I 2026-05-28 22:01:35,024] Trial 624 finished with value: 0.12026795348371883 and parameters: {'ISTN': 61.57635317143981, 'I_gpe': 1.3865436350182136, 'I_gpi': 2.345582934455116, 'noise_stn_sigma': 3.207505502747405, 'noise_gpe_sigma': 110.25254184306635, 'noise_gpi_sigma': 83.45209854854829, 'g_stn_gpe_mult': 3.721546876908337, 'g_gpe_stn_mult': 0.11266753225277328, 'g_stn_gpi_mult': 1.7291542998671583, 'g_gpe_gpi_mult': 0.71751268741717}. Best is trial 610 with value: 0.11594155406705796.
[I 2026-05-28 22:01:36,001] Trial 625 finished with value: 0.11580900536383809 and parameters: {'ISTN': 61.51471193646823, 'I_gpe': 1.348263152152669, 'I_gpi': 2.3256028314223016, 'noise_stn_sigma': 3.2006446417953094, 'noise_gpe_sigma': 108.9505797565796, 'noise_gpi_sigma': 84.88389635221222, 'g_stn_gpe_mult': 3.717646879221422, 'g_gpe_stn_mult': 0.10166431995685282, 'g_stn_gpi_mult': 1.7465205340349392, 'g_gpe_gpi_mult': 0.7075911020503731}. Best is trial 625 with value: 0.11580900536383809.
[I 2026-05-28 22:01:36,982] Trial 626 finished with value: 0.11497360716503889 and parameters: {'ISTN': 60.88565365577964, 'I_gpe': 1.3519175067616045, 'I_gpi': 2.3461265172518955, 'noise_stn_sigma': 3.3820574268763184, 'noise_gpe_sigma': 111.90885819208596, 'noise_gpi_sigma': 83.27252951443467, 'g_stn_gpe_mult': 3.634562257140471, 'g_gpe_stn_mult': 0.11203281786159916, 'g_stn_gpi_mult': 1.73607087789614, 'g_gpe_gpi_mult': 0.703876998158447}. Best is trial 626 with value: 0.11497360716503889.
[I 2026-05-28 22:01:37,962] Trial 627 finished with value: 0.1175728220079467 and parameters: {'ISTN': 61.38882774140506, 'I_gpe': 1.3779307881326472, 'I_gpi': 2.3232492688862054, 'noise_stn_sigma': 3.3251262463158198, 'noise_gpe_sigma': 109.37314699798344, 'noise_gpi_sigma': 83.44454531436807, 'g_stn_gpe_mult': 3.676034458507361, 'g_gpe_stn_mult': 0.10775416475144964, 'g_stn_gpi_mult': 1.7415142704802582, 'g_gpe_gpi_mult': 0.6952664174526364}. Best is trial 626 with value: 0.11497360716503889.
[I 2026-05-28 22:01:38,942] Trial 628 finished with value: 0.11675135114473244 and parameters: {'ISTN': 61.095528984614916, 'I_gpe': 1.3647752864888856, 'I_gpi': 2.3659489410307035, 'noise_stn_sigma': 3.2106396904866354, 'noise_gpe_sigma': 108.47083388961758, 'noise_gpi_sigma': 83.67125140972475, 'g_stn_gpe_mult': 3.706507052208557, 'g_gpe_stn_mult': 0.11422767580561924, 'g_stn_gpi_mult': 1.7103104221297634, 'g_gpe_gpi_mult': 0.6990362125801513}. Best is trial 626 with value: 0.11497360716503889.
[I 2026-05-28 22:01:39,921] Trial 629 finished with value: 0.1180070458922203 and parameters: {'ISTN': 61.04771878904919, 'I_gpe': 1.373676299997253, 'I_gpi': 2.259849306072442, 'noise_stn_sigma': 3.252903664006872, 'noise_gpe_sigma': 106.69033570039805, 'noise_gpi_sigma': 84.53740676958327, 'g_stn_gpe_mult': 3.7802523467714346, 'g_gpe_stn_mult': 0.11405711210787403, 'g_stn_gpi_mult': 1.7676903138267002, 'g_gpe_gpi_mult': 0.7013461827382084}. Best is trial 626 with value: 0.11497360716503889.
[I 2026-05-28 22:01:40,900] Trial 630 finished with value: 0.11642536312905609 and parameters: {'ISTN': 60.500807784708165, 'I_gpe': 1.3542016276262332, 'I_gpi': 2.2750484736734173, 'noise_stn_sigma': 3.393329652159416, 'noise_gpe_sigma': 107.6908892506903, 'noise_gpi_sigma': 85.8566213881148, 'g_stn_gpe_mult': 3.8182675423962853, 'g_gpe_stn_mult': 0.11976978475114888, 'g_stn_gpi_mult': 1.7966264222970503, 'g_gpe_gpi_mult': 0.7054392746474485}. Best is trial 626 with value: 0.11497360716503889.
[I 2026-05-28 22:01:41,879] Trial 631 finished with value: 0.11892309863699191 and parameters: {'ISTN': 60.812726279895706, 'I_gpe': 1.3982018054216407, 'I_gpi': 2.3268784566379557, 'noise_stn_sigma': 3.125795703139806, 'noise_gpe_sigma': 111.30458211639991, 'noise_gpi_sigma': 84.53800026700496, 'g_stn_gpe_mult': 3.705188401333788, 'g_gpe_stn_mult': 0.10466515914704705, 'g_stn_gpi_mult': 1.7370832470277704, 'g_gpe_gpi_mult': 0.7004453950152378}. Best is trial 626 with value: 0.11497360716503889.
[I 2026-05-28 22:01:42,857] Trial 632 finished with value: 0.11394719100870884 and parameters: {'ISTN': 60.9020627185361, 'I_gpe': 1.348539738725402, 'I_gpi': 2.3376649642335394, 'noise_stn_sigma': 3.349411230065912, 'noise_gpe_sigma': 109.05959205176106, 'noise_gpi_sigma': 87.05155948926395, 'g_stn_gpe_mult': 3.740865253925006, 'g_gpe_stn_mult': 0.12399408644117807, 'g_stn_gpi_mult': 1.7474346396242864, 'g_gpe_gpi_mult': 0.7269974795970078}. Best is trial 632 with value: 0.11394719100870884.
[I 2026-05-28 22:01:43,837] Trial 633 finished with value: 0.1165587873674828 and parameters: {'ISTN': 61.478399511323595, 'I_gpe': 1.2852040369286648, 'I_gpi': 2.3488994596823507, 'noise_stn_sigma': 3.559413605080474, 'noise_gpe_sigma': 111.830624985689, 'noise_gpi_sigma': 85.01246321387202, 'g_stn_gpe_mult': 3.6746105489474488, 'g_gpe_stn_mult': 0.10690906402917527, 'g_stn_gpi_mult': 1.7812256002066962, 'g_gpe_gpi_mult': 0.7128951527501821}. Best is trial 632 with value: 0.11394719100870884.
[I 2026-05-28 22:01:44,815] Trial 634 finished with value: 0.11965523138187405 and parameters: {'ISTN': 60.952053844841544, 'I_gpe': 1.3588594744145162, 'I_gpi': 2.2575020628241567, 'noise_stn_sigma': 3.299530062200817, 'noise_gpe_sigma': 110.1797632889378, 'noise_gpi_sigma': 83.80410870364739, 'g_stn_gpe_mult': 3.7090353301656447, 'g_gpe_stn_mult': 0.10546737972238779, 'g_stn_gpi_mult': 1.8125824533581674, 'g_gpe_gpi_mult': 0.7026143014409338}. Best is trial 632 with value: 0.11394719100870884.
[I 2026-05-28 22:01:45,793] Trial 635 finished with value: 0.11586330708993099 and parameters: {'ISTN': 61.19711693311516, 'I_gpe': 1.381670232555552, 'I_gpi': 2.3203481166457, 'noise_stn_sigma': 3.2802889893047276, 'noise_gpe_sigma': 109.20938420821729, 'noise_gpi_sigma': 85.12533976904537, 'g_stn_gpe_mult': 3.7236791991711584, 'g_gpe_stn_mult': 0.10665322521511562, 'g_stn_gpi_mult': 1.7351596523857438, 'g_gpe_gpi_mult': 0.7233763074047357}. Best is trial 632 with value: 0.11394719100870884.
[I 2026-05-28 22:01:46,773] Trial 636 finished with value: 0.1158488074717881 and parameters: {'ISTN': 61.431575757275006, 'I_gpe': 1.3390921873263926, 'I_gpi': 2.349633278239037, 'noise_stn_sigma': 3.2070851346052045, 'noise_gpe_sigma': 111.07016546398788, 'noise_gpi_sigma': 84.63300802070312, 'g_stn_gpe_mult': 3.7361723356136163, 'g_gpe_stn_mult': 0.10344921682796038, 'g_stn_gpi_mult': 1.7246820474808815, 'g_gpe_gpi_mult': 0.7049939909104688}. Best is trial 632 with value: 0.11394719100870884.
[I 2026-05-28 22:01:47,753] Trial 637 finished with value: 0.11951124058983932 and parameters: {'ISTN': 60.74899199652589, 'I_gpe': 1.3835479565178215, 'I_gpi': 2.2288114552895486, 'noise_stn_sigma': 3.4164571516109334, 'noise_gpe_sigma': 110.01996955072478, 'noise_gpi_sigma': 83.65352453236483, 'g_stn_gpe_mult': 3.7308169543624348, 'g_gpe_stn_mult': 0.10603204591466835, 'g_stn_gpi_mult': 1.7393286111062316, 'g_gpe_gpi_mult': 0.6878302520704185}. Best is trial 632 with value: 0.11394719100870884.
[I 2026-05-28 22:01:48,734] Trial 638 finished with value: 0.11623792370944037 and parameters: {'ISTN': 61.33928187138691, 'I_gpe': 1.3202735594212829, 'I_gpi': 2.304017421624586, 'noise_stn_sigma': 3.3772255948853394, 'noise_gpe_sigma': 109.76340655791796, 'noise_gpi_sigma': 83.31991137919007, 'g_stn_gpe_mult': 3.7476941710374874, 'g_gpe_stn_mult': 0.10065731607341591, 'g_stn_gpi_mult': 1.8123260798501462, 'g_gpe_gpi_mult': 0.6957327962515092}. Best is trial 632 with value: 0.11394719100870884.
[I 2026-05-28 22:01:49,713] Trial 639 finished with value: 0.1160964383632555 and parameters: {'ISTN': 61.5447144808248, 'I_gpe': 1.356796334351447, 'I_gpi': 2.3028338486725937, 'noise_stn_sigma': 3.2460812855824863, 'noise_gpe_sigma': 110.31656449529616, 'noise_gpi_sigma': 85.36390256176533, 'g_stn_gpe_mult': 3.6884170314333544, 'g_gpe_stn_mult': 0.10388332102673974, 'g_stn_gpi_mult': 1.7353056968691756, 'g_gpe_gpi_mult': 0.7045188536111093}. Best is trial 632 with value: 0.11394719100870884.
[I 2026-05-28 22:01:50,696] Trial 640 finished with value: 0.11697615215413609 and parameters: {'ISTN': 61.239016490611654, 'I_gpe': 1.326293142560235, 'I_gpi': 2.324359748277755, 'noise_stn_sigma': 3.1772875596799346, 'noise_gpe_sigma': 106.3084202709606, 'noise_gpi_sigma': 83.3064318354042, 'g_stn_gpe_mult': 3.729660396654499, 'g_gpe_stn_mult': 0.11615076643557846, 'g_stn_gpi_mult': 1.7032516968291795, 'g_gpe_gpi_mult': 0.6926250029969847}. Best is trial 632 with value: 0.11394719100870884.
[I 2026-05-28 22:01:51,678] Trial 641 finished with value: 0.1148529422235915 and parameters: {'ISTN': 61.28166902611151, 'I_gpe': 1.3198416962590929, 'I_gpi': 2.3254052743613625, 'noise_stn_sigma': 3.3481363023067563, 'noise_gpe_sigma': 109.12743831942687, 'noise_gpi_sigma': 85.48208015269186, 'g_stn_gpe_mult': 3.724091699026009, 'g_gpe_stn_mult': 0.11652979465325763, 'g_stn_gpi_mult': 1.7432300858264476, 'g_gpe_gpi_mult': 0.6955619889070982}. Best is trial 632 with value: 0.11394719100870884.
[I 2026-05-28 22:01:52,656] Trial 642 finished with value: 0.12158108109988042 and parameters: {'ISTN': 61.11448847455757, 'I_gpe': 1.3891586156124083, 'I_gpi': 2.2558310462127715, 'noise_stn_sigma': 3.284513946212173, 'noise_gpe_sigma': 110.1817839889294, 'noise_gpi_sigma': 87.41841326890474, 'g_stn_gpe_mult': 3.7898412328911997, 'g_gpe_stn_mult': 0.11586213105358845, 'g_stn_gpi_mult': 1.772696484972702, 'g_gpe_gpi_mult': 0.7309138651946507}. Best is trial 632 with value: 0.11394719100870884.
[I 2026-05-28 22:01:53,638] Trial 643 finished with value: 0.11493322765387555 and parameters: {'ISTN': 61.33233397132849, 'I_gpe': 1.2790061204518324, 'I_gpi': 2.3334225010325405, 'noise_stn_sigma': 3.3027274289961257, 'noise_gpe_sigma': 111.75100200952748, 'noise_gpi_sigma': 84.7499391724699, 'g_stn_gpe_mult': 3.738331868064793, 'g_gpe_stn_mult': 0.105363520636971, 'g_stn_gpi_mult': 1.725881509954846, 'g_gpe_gpi_mult': 0.7093725561449806}. Best is trial 632 with value: 0.11394719100870884.
[I 2026-05-28 22:01:54,618] Trial 644 finished with value: 0.12169066747855548 and parameters: {'ISTN': 61.700728608934355, 'I_gpe': 1.313081596651624, 'I_gpi': 2.2355021551085414, 'noise_stn_sigma': 3.402105753130536, 'noise_gpe_sigma': 110.56260745126119, 'noise_gpi_sigma': 86.87648715338915, 'g_stn_gpe_mult': 3.688643404357303, 'g_gpe_stn_mult': 0.11416902996525913, 'g_stn_gpi_mult': 1.783659838629584, 'g_gpe_gpi_mult': 0.6875775353785101}. Best is trial 632 with value: 0.11394719100870884.
[I 2026-05-28 22:01:55,597] Trial 645 finished with value: 0.11677683067452152 and parameters: {'ISTN': 60.7499809515236, 'I_gpe': 1.3520750150185414, 'I_gpi': 2.3921704090749225, 'noise_stn_sigma': 3.325601672006038, 'noise_gpe_sigma': 108.73638177231626, 'noise_gpi_sigma': 85.0571929923292, 'g_stn_gpe_mult': 3.6965801647351606, 'g_gpe_stn_mult': 0.11568890531189355, 'g_stn_gpi_mult': 1.7445790014148346, 'g_gpe_gpi_mult': 0.7287342912610015}. Best is trial 632 with value: 0.11394719100870884.
[I 2026-05-28 22:01:56,576] Trial 646 finished with value: 0.11489269868539242 and parameters: {'ISTN': 60.6355834571053, 'I_gpe': 1.3375494033398223, 'I_gpi': 2.334908538293829, 'noise_stn_sigma': 3.1810257298479274, 'noise_gpe_sigma': 108.34027348990196, 'noise_gpi_sigma': 88.07728929089998, 'g_stn_gpe_mult': 3.705432500368467, 'g_gpe_stn_mult': 0.1262975693167766, 'g_stn_gpi_mult': 1.737627274324907, 'g_gpe_gpi_mult': 0.7172179597986088}. Best is trial 632 with value: 0.11394719100870884.
[I 2026-05-28 22:01:57,556] Trial 647 finished with value: 0.12081188535788821 and parameters: {'ISTN': 61.44633439619434, 'I_gpe': 1.3498413259165045, 'I_gpi': 2.288519248832472, 'noise_stn_sigma': 3.0727389503321647, 'noise_gpe_sigma': 107.33882008093211, 'noise_gpi_sigma': 89.0208705898961, 'g_stn_gpe_mult': 3.754801437996328, 'g_gpe_stn_mult': 0.1202257114414673, 'g_stn_gpi_mult': 1.7653158616675315, 'g_gpe_gpi_mult': 0.7122038638136869}. Best is trial 632 with value: 0.11394719100870884.
[I 2026-05-28 22:01:58,536] Trial 648 finished with value: 0.11256383473042018 and parameters: {'ISTN': 60.950418589483384, 'I_gpe': 1.348615706323552, 'I_gpi': 2.35015044746192, 'noise_stn_sigma': 3.3699463574456026, 'noise_gpe_sigma': 114.74364411416282, 'noise_gpi_sigma': 85.262363245504, 'g_stn_gpe_mult': 3.6051435303863846, 'g_gpe_stn_mult': 0.11487125821861299, 'g_stn_gpi_mult': 1.7280742593452527, 'g_gpe_gpi_mult': 0.6994039903803663}. Best is trial 648 with value: 0.11256383473042018.
[I 2026-05-28 22:01:59,515] Trial 649 finished with value: 0.11876843416833734 and parameters: {'ISTN': 60.97344095320225, 'I_gpe': 1.4090996140158816, 'I_gpi': 2.3352565091984423, 'noise_stn_sigma': 3.1946899245096443, 'noise_gpe_sigma': 109.9389567248926, 'noise_gpi_sigma': 87.72164167304682, 'g_stn_gpe_mult': 3.6970576160172746, 'g_gpe_stn_mult': 0.11232338377957637, 'g_stn_gpi_mult': 1.7802597237302533, 'g_gpe_gpi_mult': 0.7178888810640192}. Best is trial 648 with value: 0.11256383473042018.
[I 2026-05-28 22:02:00,492] Trial 650 finished with value: 0.11750785357898556 and parameters: {'ISTN': 61.34484984156777, 'I_gpe': 1.3747442445198002, 'I_gpi': 2.290691409809313, 'noise_stn_sigma': 3.2211359407830003, 'noise_gpe_sigma': 108.21003328068156, 'noise_gpi_sigma': 86.99152958277874, 'g_stn_gpe_mult': 3.742557203362986, 'g_gpe_stn_mult': 0.11078242011201947, 'g_stn_gpi_mult': 1.7348157703255258, 'g_gpe_gpi_mult': 0.7124634128287166}. Best is trial 648 with value: 0.11256383473042018.
[I 2026-05-28 22:02:01,473] Trial 651 finished with value: 0.11673822622716831 and parameters: {'ISTN': 61.066796443643554, 'I_gpe': 1.3580281293271075, 'I_gpi': 2.3887510473256643, 'noise_stn_sigma': 3.237548762035147, 'noise_gpe_sigma': 109.33949472801453, 'noise_gpi_sigma': 86.40013215664916, 'g_stn_gpe_mult': 3.6766042130515433, 'g_gpe_stn_mult': 0.12023688556918286, 'g_stn_gpi_mult': 1.7503450731200645, 'g_gpe_gpi_mult': 0.731867340459756}. Best is trial 648 with value: 0.11256383473042018.
[I 2026-05-28 22:02:02,453] Trial 652 finished with value: 0.1144233125096895 and parameters: {'ISTN': 60.80177973301646, 'I_gpe': 1.3514487444351202, 'I_gpi': 2.3132540564389084, 'noise_stn_sigma': 3.414452837297869, 'noise_gpe_sigma': 109.9688535547192, 'noise_gpi_sigma': 85.33969529645167, 'g_stn_gpe_mult': 3.7010991509791045, 'g_gpe_stn_mult': 0.11331691721540149, 'g_stn_gpi_mult': 1.7175883193544423, 'g_gpe_gpi_mult': 0.7104757705584948}. Best is trial 648 with value: 0.11256383473042018.
[I 2026-05-28 22:02:03,433] Trial 653 finished with value: 0.11368742295473494 and parameters: {'ISTN': 60.74436000479348, 'I_gpe': 1.3322547830907603, 'I_gpi': 2.359411390393902, 'noise_stn_sigma': 3.4310036191069697, 'noise_gpe_sigma': 113.789742375591, 'noise_gpi_sigma': 86.66339749721767, 'g_stn_gpe_mult': 3.507710613532976, 'g_gpe_stn_mult': 0.11535749349939871, 'g_stn_gpi_mult': 1.7855054621474333, 'g_gpe_gpi_mult': 0.7163729231746248}. Best is trial 648 with value: 0.11256383473042018.
[I 2026-05-28 22:02:04,412] Trial 654 finished with value: 0.11601562202250437 and parameters: {'ISTN': 60.75595505608264, 'I_gpe': 1.3402072620286871, 'I_gpi': 2.387385800170548, 'noise_stn_sigma': 3.3641893753453065, 'noise_gpe_sigma': 112.903667523292, 'noise_gpi_sigma': 85.23500578397142, 'g_stn_gpe_mult': 3.646370863182169, 'g_gpe_stn_mult': 0.12810782797515707, 'g_stn_gpi_mult': 1.689292003223346, 'g_gpe_gpi_mult': 0.7009978476578884}. Best is trial 648 with value: 0.11256383473042018.
[I 2026-05-28 22:02:05,392] Trial 655 finished with value: 0.11618778989791795 and parameters: {'ISTN': 60.46738559768069, 'I_gpe': 1.4011346565416862, 'I_gpi': 2.3625072645376415, 'noise_stn_sigma': 3.2956035955254723, 'noise_gpe_sigma': 113.11400127136231, 'noise_gpi_sigma': 85.06012614967536, 'g_stn_gpe_mult': 3.65025951359945, 'g_gpe_stn_mult': 0.12361851473270322, 'g_stn_gpi_mult': 1.7361352352859547, 'g_gpe_gpi_mult': 0.7279970717191095}. Best is trial 648 with value: 0.11256383473042018.
[I 2026-05-28 22:02:06,370] Trial 656 finished with value: 0.11598975894954434 and parameters: {'ISTN': 61.23942246280888, 'I_gpe': 1.3057340069913759, 'I_gpi': 2.32298340703462, 'noise_stn_sigma': 3.381843302793013, 'noise_gpe_sigma': 108.7251061569195, 'noise_gpi_sigma': 83.76725069323409, 'g_stn_gpe_mult': 3.771699356220143, 'g_gpe_stn_mult': 0.11276673066170402, 'g_stn_gpi_mult': 1.7507863337182505, 'g_gpe_gpi_mult': 0.704539785611024}. Best is trial 648 with value: 0.11256383473042018.
[I 2026-05-28 22:02:07,349] Trial 657 finished with value: 0.11506480170970088 and parameters: {'ISTN': 61.518762081160126, 'I_gpe': 1.3295991196140486, 'I_gpi': 2.3431383646238544, 'noise_stn_sigma': 3.404515213872971, 'noise_gpe_sigma': 113.11181354800378, 'noise_gpi_sigma': 87.57537265584813, 'g_stn_gpe_mult': 3.611906260937445, 'g_gpe_stn_mult': 0.10993817058970448, 'g_stn_gpi_mult': 1.699923556272525, 'g_gpe_gpi_mult': 0.7036111917337682}. Best is trial 648 with value: 0.11256383473042018.
[I 2026-05-28 22:02:08,328] Trial 658 finished with value: 0.11426959402144835 and parameters: {'ISTN': 60.00651298024562, 'I_gpe': 1.3593293769797374, 'I_gpi': 2.3230238055278836, 'noise_stn_sigma': 3.4092606949932467, 'noise_gpe_sigma': 111.13483155317803, 'noise_gpi_sigma': 85.17788553485325, 'g_stn_gpe_mult': 3.7855459357572796, 'g_gpe_stn_mult': 0.12281379202652483, 'g_stn_gpi_mult': 1.7469729879738647, 'g_gpe_gpi_mult': 0.7210140781980741}. Best is trial 648 with value: 0.11256383473042018.
[I 2026-05-28 22:02:09,305] Trial 659 finished with value: 0.11418322649058828 and parameters: {'ISTN': 60.80997946303444, 'I_gpe': 1.320969514118515, 'I_gpi': 2.34449172504148, 'noise_stn_sigma': 3.340687009011356, 'noise_gpe_sigma': 110.5154841111254, 'noise_gpi_sigma': 87.45598810400305, 'g_stn_gpe_mult': 3.704348891600955, 'g_gpe_stn_mult': 0.11511088303920132, 'g_stn_gpi_mult': 1.7182287835582717, 'g_gpe_gpi_mult': 0.7012978871052729}. Best is trial 648 with value: 0.11256383473042018.
