[I 2026-05-28 21:46:15,175] Trial 704 finished with value: 0.15767252601380694 and parameters: {'ISTN': 60.650147851781526, 'I_gpe': 0.9301344763974538, 'I_gpi': 2.1449496354181825, 'noise_stn_sigma': 2.8808503636574594, 'noise_gpe_sigma': 105.57772611086813, 'noise_gpi_sigma': 89.83543329707221, 'g_stn_gpe_mult': 3.6798477801829526, 'g_gpe_stn_mult': 0.15774457965739047, 'g_stn_gpi_mult': 2.7232221632111404, 'g_gpe_gpi_mult': 0.8032931127157121}. Best is trial 609 with value: 0.1297953515744074.
[I 2026-05-28 21:46:16,183] Trial 705 finished with value: 0.13142616787936826 and parameters: {'ISTN': 60.02169240775591, 'I_gpe': 1.1781182246648625, 'I_gpi': 2.071564175866089, 'noise_stn_sigma': 2.9275799863145395, 'noise_gpe_sigma': 106.61759618641533, 'noise_gpi_sigma': 86.09969532373532, 'g_stn_gpe_mult': 3.5144003280333607, 'g_gpe_stn_mult': 0.17522159272992827, 'g_stn_gpi_mult': 2.5790981511467983, 'g_gpe_gpi_mult': 0.7816668934380229}. Best is trial 609 with value: 0.1297953515744074.
[I 2026-05-28 21:46:17,192] Trial 706 finished with value: 0.142512225163311 and parameters: {'ISTN': 60.66385664911223, 'I_gpe': 1.0819172015271405, 'I_gpi': 2.0291612769625273, 'noise_stn_sigma': 2.8362508248776264, 'noise_gpe_sigma': 108.25274817002786, 'noise_gpi_sigma': 88.23335603889427, 'g_stn_gpe_mult': 3.556269767437105, 'g_gpe_stn_mult': 0.17638633920984723, 'g_stn_gpi_mult': 2.6361889354944896, 'g_gpe_gpi_mult': 0.7851726879650642}. Best is trial 609 with value: 0.1297953515744074.
[I 2026-05-28 21:46:18,200] Trial 707 finished with value: 0.135846389083561 and parameters: {'ISTN': 60.820895684115314, 'I_gpe': 1.08766464447731, 'I_gpi': 2.0442309106271606, 'noise_stn_sigma': 2.7391897241901297, 'noise_gpe_sigma': 107.73901249052352, 'noise_gpi_sigma': 85.96883340125635, 'g_stn_gpe_mult': 3.471064648098003, 'g_gpe_stn_mult': 0.1746978514121421, 'g_stn_gpi_mult': 2.624629127963172, 'g_gpe_gpi_mult': 0.7675612368237046}. Best is trial 609 with value: 0.1297953515744074.
[I 2026-05-28 21:46:19,205] Trial 708 finished with value: 0.15332058403947202 and parameters: {'ISTN': 61.002938673094434, 'I_gpe': 1.1146397227605376, 'I_gpi': 2.027375841257718, 'noise_stn_sigma': 2.822274537617882, 'noise_gpe_sigma': 109.58863462028235, 'noise_gpi_sigma': 83.26424963619286, 'g_stn_gpe_mult': 3.4833023884271412, 'g_gpe_stn_mult': 0.17782079235255005, 'g_stn_gpi_mult': 2.7393859633132114, 'g_gpe_gpi_mult': 0.7781637154870436}. Best is trial 609 with value: 0.1297953515744074.
[I 2026-05-28 21:46:20,210] Trial 709 finished with value: 0.2654356319151774 and parameters: {'ISTN': 60.850134256930495, 'I_gpe': 1.1056889746048721, 'I_gpi': 2.0648556809486323, 'noise_stn_sigma': 3.000809481152291, 'noise_gpe_sigma': 109.42230517925513, 'noise_gpi_sigma': 86.73898389098848, 'g_stn_gpe_mult': 3.5543959073587463, 'g_gpe_stn_mult': 0.15302941318009777, 'g_stn_gpi_mult': 2.638287599980953, 'g_gpe_gpi_mult': 0.7735184986370967}. Best is trial 609 with value: 0.1297953515744074.
[I 2026-05-28 21:46:21,216] Trial 710 finished with value: 0.1351639427234388 and parameters: {'ISTN': 60.230282652473655, 'I_gpe': 1.1055938771270242, 'I_gpi': 2.087700340955239, 'noise_stn_sigma': 2.9551859431859233, 'noise_gpe_sigma': 105.82557860146079, 'noise_gpi_sigma': 86.75994786027388, 'g_stn_gpe_mult': 3.4668398293822933, 'g_gpe_stn_mult': 0.1731623569893047, 'g_stn_gpi_mult': 2.7211910434066247, 'g_gpe_gpi_mult': 0.7618548909823302}. Best is trial 609 with value: 0.1297953515744074.
[I 2026-05-28 21:46:22,222] Trial 711 finished with value: 0.14124891283749486 and parameters: {'ISTN': 60.86881916091455, 'I_gpe': 1.1906141110062136, 'I_gpi': 2.0528437999994145, 'noise_stn_sigma': 2.6906666791795164, 'noise_gpe_sigma': 106.56262440923156, 'noise_gpi_sigma': 88.26744221440546, 'g_stn_gpe_mult': 3.5114527649091816, 'g_gpe_stn_mult': 0.173286661817244, 'g_stn_gpi_mult': 2.593695049608942, 'g_gpe_gpi_mult': 0.7799372917008707}. Best is trial 609 with value: 0.1297953515744074.
[I 2026-05-28 21:46:23,229] Trial 712 finished with value: 0.16062372251167814 and parameters: {'ISTN': 61.384844892359084, 'I_gpe': 1.180057022242237, 'I_gpi': 2.1116389950928336, 'noise_stn_sigma': 3.0720115714157163, 'noise_gpe_sigma': 108.08561640992909, 'noise_gpi_sigma': 82.88540979903385, 'g_stn_gpe_mult': 3.543097852739814, 'g_gpe_stn_mult': 0.16217565295305694, 'g_stn_gpi_mult': 2.651954140034177, 'g_gpe_gpi_mult': 0.798739743134425}. Best is trial 609 with value: 0.1297953515744074.
[I 2026-05-28 21:46:24,237] Trial 713 finished with value: 0.14491119610636427 and parameters: {'ISTN': 60.529257099650195, 'I_gpe': 1.1730301642673973, 'I_gpi': 2.0545520950553047, 'noise_stn_sigma': 2.934818632962827, 'noise_gpe_sigma': 106.71450167259167, 'noise_gpi_sigma': 85.03755464930796, 'g_stn_gpe_mult': 3.4525442915470927, 'g_gpe_stn_mult': 0.17639195699693666, 'g_stn_gpi_mult': 2.6549163252642303, 'g_gpe_gpi_mult': 0.7756937347949733}. Best is trial 609 with value: 0.1297953515744074.
[I 2026-05-28 21:46:25,246] Trial 714 finished with value: 0.1657529094427059 and parameters: {'ISTN': 60.75025390977555, 'I_gpe': 1.147972862650025, 'I_gpi': 2.1257479605385754, 'noise_stn_sigma': 2.9592453987612943, 'noise_gpe_sigma': 107.58629216046842, 'noise_gpi_sigma': 88.30804343221008, 'g_stn_gpe_mult': 3.5652796488388265, 'g_gpe_stn_mult': 0.18606457495127537, 'g_stn_gpi_mult': 2.6466644472768768, 'g_gpe_gpi_mult': 0.7396476803501995}. Best is trial 609 with value: 0.1297953515744074.
[I 2026-05-28 21:46:26,253] Trial 715 finished with value: 0.14705008585419557 and parameters: {'ISTN': 61.16468500347334, 'I_gpe': 1.0498993712829447, 'I_gpi': 2.0765850803630883, 'noise_stn_sigma': 2.719542969110413, 'noise_gpe_sigma': 108.53615359714973, 'noise_gpi_sigma': 83.20499209084767, 'g_stn_gpe_mult': 3.5571668049162017, 'g_gpe_stn_mult': 0.16760012151222667, 'g_stn_gpi_mult': 2.6346979770596066, 'g_gpe_gpi_mult': 0.7871070238907354}. Best is trial 609 with value: 0.1297953515744074.
[I 2026-05-28 21:46:27,260] Trial 716 finished with value: 0.1395339868643182 and parameters: {'ISTN': 60.36890311654752, 'I_gpe': 1.2612256520384697, 'I_gpi': 2.0477974330774242, 'noise_stn_sigma': 2.8804851272279968, 'noise_gpe_sigma': 108.44940028771698, 'noise_gpi_sigma': 86.78171298238745, 'g_stn_gpe_mult': 3.4814693194414845, 'g_gpe_stn_mult': 0.17167614824507593, 'g_stn_gpi_mult': 2.641984608467027, 'g_gpe_gpi_mult': 0.7693907524103896}. Best is trial 609 with value: 0.1297953515744074.
[I 2026-05-28 21:46:28,269] Trial 717 finished with value: 0.1573783340673169 and parameters: {'ISTN': 61.368993646379934, 'I_gpe': 1.1848584627991734, 'I_gpi': 2.096862926545401, 'noise_stn_sigma': 2.897258739041461, 'noise_gpe_sigma': 107.66651560664152, 'noise_gpi_sigma': 89.24693886486561, 'g_stn_gpe_mult': 3.460967813396853, 'g_gpe_stn_mult': 0.17032357791352037, 'g_stn_gpi_mult': 2.592704116537143, 'g_gpe_gpi_mult': 0.7607222667968618}. Best is trial 609 with value: 0.1297953515744074.
[I 2026-05-28 21:46:29,276] Trial 718 finished with value: 0.14015517832376648 and parameters: {'ISTN': 60.8439496020746, 'I_gpe': 1.1569603167204154, 'I_gpi': 2.075366695459423, 'noise_stn_sigma': 2.7861594027284218, 'noise_gpe_sigma': 106.13607804137523, 'noise_gpi_sigma': 86.46450852181387, 'g_stn_gpe_mult': 3.4767346654207514, 'g_gpe_stn_mult': 0.16919842366809024, 'g_stn_gpi_mult': 2.718280574381619, 'g_gpe_gpi_mult': 0.7586133287315087}. Best is trial 609 with value: 0.1297953515744074.
[I 2026-05-28 21:46:30,284] Trial 719 finished with value: 0.14050594465194235 and parameters: {'ISTN': 61.003276855733496, 'I_gpe': 1.156009100528645, 'I_gpi': 2.1069698332906426, 'noise_stn_sigma': 2.825041401197152, 'noise_gpe_sigma': 107.26657265791353, 'noise_gpi_sigma': 84.90508811398682, 'g_stn_gpe_mult': 3.4746039509884072, 'g_gpe_stn_mult': 0.1606631090001334, 'g_stn_gpi_mult': 2.575579773089374, 'g_gpe_gpi_mult': 0.8011864897651082}. Best is trial 609 with value: 0.1297953515744074.
[I 2026-05-28 21:46:31,290] Trial 720 finished with value: 0.14413527436489182 and parameters: {'ISTN': 60.72257332116781, 'I_gpe': 1.068055381541944, 'I_gpi': 2.0421369035630788, 'noise_stn_sigma': 3.016944048400985, 'noise_gpe_sigma': 105.26441273760963, 'noise_gpi_sigma': 89.88822488622249, 'g_stn_gpe_mult': 3.523675892864377, 'g_gpe_stn_mult': 0.17168226584719048, 'g_stn_gpi_mult': 2.660854562074376, 'g_gpe_gpi_mult': 0.7929522222627061}. Best is trial 609 with value: 0.1297953515744074.
[I 2026-05-28 21:46:32,297] Trial 721 finished with value: 0.17132672912033922 and parameters: {'ISTN': 60.62029189929358, 'I_gpe': 1.3320610741127537, 'I_gpi': 2.198305199209396, 'noise_stn_sigma': 3.22749832957974, 'noise_gpe_sigma': 107.40617961292739, 'noise_gpi_sigma': 86.64024986378828, 'g_stn_gpe_mult': 3.463794100235523, 'g_gpe_stn_mult': 0.16496436303693784, 'g_stn_gpi_mult': 2.715278800368307, 'g_gpe_gpi_mult': 0.7843474451192769}. Best is trial 609 with value: 0.1297953515744074.
[I 2026-05-28 21:46:33,305] Trial 722 finished with value: 0.14820677146598843 and parameters: {'ISTN': 61.29635366715904, 'I_gpe': 1.1740768324145017, 'I_gpi': 2.0506839438409346, 'noise_stn_sigma': 2.6147942915818376, 'noise_gpe_sigma': 109.23475059087534, 'noise_gpi_sigma': 83.21355232777967, 'g_stn_gpe_mult': 3.4407743710860097, 'g_gpe_stn_mult': 0.17390942004145796, 'g_stn_gpi_mult': 2.59676242974231, 'g_gpe_gpi_mult': 0.7879445997269214}. Best is trial 609 with value: 0.1297953515744074.
[I 2026-05-28 21:46:34,313] Trial 723 finished with value: 0.15352524738326975 and parameters: {'ISTN': 61.251490304774514, 'I_gpe': 1.1176688074224166, 'I_gpi': 2.0211289769634555, 'noise_stn_sigma': 2.946903503351513, 'noise_gpe_sigma': 108.47760461860317, 'noise_gpi_sigma': 85.59440382961716, 'g_stn_gpe_mult': 3.54268227290361, 'g_gpe_stn_mult': 0.17144040985861783, 'g_stn_gpi_mult': 2.6588432494623664, 'g_gpe_gpi_mult': 0.788946139741385}. Best is trial 609 with value: 0.1297953515744074.
[I 2026-05-28 21:46:35,318] Trial 724 finished with value: 0.14505566160652542 and parameters: {'ISTN': 60.67756245412361, 'I_gpe': 1.0607568598640906, 'I_gpi': 2.1456299761481477, 'noise_stn_sigma': 2.5899172293345565, 'noise_gpe_sigma': 107.8451031496476, 'noise_gpi_sigma': 86.02611007435104, 'g_stn_gpe_mult': 3.4905096218774174, 'g_gpe_stn_mult': 0.178747816401363, 'g_stn_gpi_mult': 2.72912928563991, 'g_gpe_gpi_mult': 0.7943038385443382}. Best is trial 609 with value: 0.1297953515744074.
[I 2026-05-28 21:46:36,323] Trial 725 finished with value: 0.16292462158757934 and parameters: {'ISTN': 61.27564893187793, 'I_gpe': 1.1968590874156948, 'I_gpi': 2.0488736697921843, 'noise_stn_sigma': 2.771281364675386, 'noise_gpe_sigma': 104.75724697451017, 'noise_gpi_sigma': 88.47593222503596, 'g_stn_gpe_mult': 3.492082858402505, 'g_gpe_stn_mult': 0.17579200187045307, 'g_stn_gpi_mult': 2.7273078386216705, 'g_gpe_gpi_mult': 0.7429687530142557}. Best is trial 609 with value: 0.1297953515744074.
[I 2026-05-28 21:46:37,330] Trial 726 finished with value: 0.14762786441535206 and parameters: {'ISTN': 62.387195490795996, 'I_gpe': 1.0932918515769419, 'I_gpi': 2.0382299881844412, 'noise_stn_sigma': 2.4285193642198273, 'noise_gpe_sigma': 107.21690481834419, 'noise_gpi_sigma': 86.47052643972005, 'g_stn_gpe_mult': 3.4509304163680783, 'g_gpe_stn_mult': 0.14619865227989218, 'g_stn_gpi_mult': 2.5673921171845238, 'g_gpe_gpi_mult': 0.7718398702384699}. Best is trial 609 with value: 0.1297953515744074.
[I 2026-05-28 21:46:38,337] Trial 727 finished with value: 0.16100184442771762 and parameters: {'ISTN': 61.03390374610691, 'I_gpe': 1.2745745761769793, 'I_gpi': 1.9932038485677386, 'noise_stn_sigma': 2.7462404074802995, 'noise_gpe_sigma': 106.88270798170585, 'noise_gpi_sigma': 87.04091366331009, 'g_stn_gpe_mult': 3.484489936149094, 'g_gpe_stn_mult': 0.17014633765789466, 'g_stn_gpi_mult': 2.5771001639734914, 'g_gpe_gpi_mult': 0.7505235654672104}. Best is trial 609 with value: 0.1297953515744074.
[I 2026-05-28 21:46:39,343] Trial 728 finished with value: 0.16530138548954965 and parameters: {'ISTN': 61.02338792507559, 'I_gpe': 1.2548727473593624, 'I_gpi': 2.0727575643786054, 'noise_stn_sigma': 2.821810206791179, 'noise_gpe_sigma': 105.09495771029458, 'noise_gpi_sigma': 87.3649412727755, 'g_stn_gpe_mult': 3.3928067407474574, 'g_gpe_stn_mult': 0.1804347404320769, 'g_stn_gpi_mult': 2.6427059881605395, 'g_gpe_gpi_mult': 0.7698920148725754}. Best is trial 609 with value: 0.1297953515744074.
[I 2026-05-28 21:46:40,351] Trial 729 finished with value: 0.1366893807756652 and parameters: {'ISTN': 60.41885231606713, 'I_gpe': 1.1184748029212126, 'I_gpi': 2.0579105161497684, 'noise_stn_sigma': 2.907868110688892, 'noise_gpe_sigma': 109.17423511626181, 'noise_gpi_sigma': 84.85774715958799, 'g_stn_gpe_mult': 3.5299628550700417, 'g_gpe_stn_mult': 0.17253969099915273, 'g_stn_gpi_mult': 2.6557061801389805, 'g_gpe_gpi_mult': 0.7798387997794318}. Best is trial 609 with value: 0.1297953515744074.
[I 2026-05-28 21:46:41,361] Trial 730 finished with value: 0.14206424479356897 and parameters: {'ISTN': 60.84968961244803, 'I_gpe': 1.1966287006220246, 'I_gpi': 2.0183793631204923, 'noise_stn_sigma': 2.9898725805609345, 'noise_gpe_sigma': 105.24995965648243, 'noise_gpi_sigma': 92.02819120510883, 'g_stn_gpe_mult': 3.4683836761278974, 'g_gpe_stn_mult': 0.16662437021063248, 'g_stn_gpi_mult': 2.6342707728448906, 'g_gpe_gpi_mult': 0.7547081568989964}. Best is trial 609 with value: 0.1297953515744074.
[I 2026-05-28 21:46:42,370] Trial 731 finished with value: 0.174617722178558 and parameters: {'ISTN': 60.75880711036897, 'I_gpe': 1.1484547338061044, 'I_gpi': 2.117804071131041, 'noise_stn_sigma': 3.0122138538079524, 'noise_gpe_sigma': 106.0385508663927, 'noise_gpi_sigma': 87.51310881657956, 'g_stn_gpe_mult': 3.453363511506391, 'g_gpe_stn_mult': 0.15073137504251877, 'g_stn_gpi_mult': 2.709763789538594, 'g_gpe_gpi_mult': 0.7880112539816868}. Best is trial 609 with value: 0.1297953515744074.
[I 2026-05-28 21:46:43,375] Trial 732 finished with value: 0.1389168867923463 and parameters: {'ISTN': 60.583520577335086, 'I_gpe': 1.1017328985739452, 'I_gpi': 2.114189068783059, 'noise_stn_sigma': 2.9297122827693287, 'noise_gpe_sigma': 105.02747887184384, 'noise_gpi_sigma': 89.20002960305268, 'g_stn_gpe_mult': 3.545691647085921, 'g_gpe_stn_mult': 0.1629760625289842, 'g_stn_gpi_mult': 2.6052146709302235, 'g_gpe_gpi_mult': 0.7769319529955849}. Best is trial 609 with value: 0.1297953515744074.
[I 2026-05-28 21:46:44,383] Trial 733 finished with value: 0.141606151792065 and parameters: {'ISTN': 60.98420933636484, 'I_gpe': 1.0849984025662511, 'I_gpi': 2.025661716856904, 'noise_stn_sigma': 2.610814107103285, 'noise_gpe_sigma': 108.7141937699133, 'noise_gpi_sigma': 90.6811715870201, 'g_stn_gpe_mult': 3.6089399264704896, 'g_gpe_stn_mult': 0.17174847619391506, 'g_stn_gpi_mult': 2.6438141233647685, 'g_gpe_gpi_mult': 0.7423685672873621}. Best is trial 609 with value: 0.1297953515744074.
[I 2026-05-28 21:46:45,387] Trial 734 finished with value: 0.15166417895504006 and parameters: {'ISTN': 61.09556567393701, 'I_gpe': 1.1931399668935254, 'I_gpi': 1.9983067402213468, 'noise_stn_sigma': 2.7755273408556578, 'noise_gpe_sigma': 108.93213361545735, 'noise_gpi_sigma': 90.38709458007517, 'g_stn_gpe_mult': 3.537719676596507, 'g_gpe_stn_mult': 0.17220184801506033, 'g_stn_gpi_mult': 2.65394439044364, 'g_gpe_gpi_mult': 0.7761625422765019}. Best is trial 609 with value: 0.1297953515744074.
[I 2026-05-28 21:46:46,396] Trial 735 finished with value: 0.14098156399392958 and parameters: {'ISTN': 61.25343308951296, 'I_gpe': 1.1277610358927406, 'I_gpi': 2.04326570067572, 'noise_stn_sigma': 2.659625301515592, 'noise_gpe_sigma': 106.55886212259593, 'noise_gpi_sigma': 88.0345674724692, 'g_stn_gpe_mult': 3.5829801561506756, 'g_gpe_stn_mult': 0.1715353856165331, 'g_stn_gpi_mult': 2.568564089729436, 'g_gpe_gpi_mult': 0.7842509367566042}. Best is trial 609 with value: 0.1297953515744074.
[I 2026-05-28 21:46:47,403] Trial 736 finished with value: 0.15397179292980154 and parameters: {'ISTN': 61.22571723323968, 'I_gpe': 1.125874016499074, 'I_gpi': 2.0274416706589276, 'noise_stn_sigma': 2.5091458853094744, 'noise_gpe_sigma': 109.67911508151909, 'noise_gpi_sigma': 83.99292396797932, 'g_stn_gpe_mult': 3.5051417903916837, 'g_gpe_stn_mult': 0.18189045605458704, 'g_stn_gpi_mult': 2.573239070824803, 'g_gpe_gpi_mult': 0.8032405123581012}. Best is trial 609 with value: 0.1297953515744074.
[I 2026-05-28 21:46:48,410] Trial 737 finished with value: 0.15032887982707313 and parameters: {'ISTN': 61.57504888007627, 'I_gpe': 1.0868004974907055, 'I_gpi': 2.0821590710529883, 'noise_stn_sigma': 2.6896239744121084, 'noise_gpe_sigma': 108.02597892545045, 'noise_gpi_sigma': 88.47265207907348, 'g_stn_gpe_mult': 3.5401952495461035, 'g_gpe_stn_mult': 0.1696054393102753, 'g_stn_gpi_mult': 2.6160910715994317, 'g_gpe_gpi_mult': 0.7865484153500559}. Best is trial 609 with value: 0.1297953515744074.
[I 2026-05-28 21:46:49,416] Trial 738 finished with value: 0.14238270606057588 and parameters: {'ISTN': 60.22500955208546, 'I_gpe': 1.1207428142543487, 'I_gpi': 2.0690125926807497, 'noise_stn_sigma': 2.984852076552663, 'noise_gpe_sigma': 110.22759703906563, 'noise_gpi_sigma': 88.73523899516752, 'g_stn_gpe_mult': 3.54682439565042, 'g_gpe_stn_mult': 0.1817940699918516, 'g_stn_gpi_mult': 2.695131857072212, 'g_gpe_gpi_mult': 0.7672321416405672}. Best is trial 609 with value: 0.1297953515744074.
[I 2026-05-28 21:46:50,423] Trial 739 finished with value: 0.1541388832007769 and parameters: {'ISTN': 61.43415300333787, 'I_gpe': 1.1238946224037838, 'I_gpi': 2.0963363410602582, 'noise_stn_sigma': 2.9213502096740287, 'noise_gpe_sigma': 108.70545991621692, 'noise_gpi_sigma': 85.88624935505166, 'g_stn_gpe_mult': 3.5310161125047346, 'g_gpe_stn_mult': 0.16498476070966406, 'g_stn_gpi_mult': 2.6092848990364224, 'g_gpe_gpi_mult': 0.7748714838192508}. Best is trial 609 with value: 0.1297953515744074.
[I 2026-05-28 21:46:51,431] Trial 740 finished with value: 0.14861151075716306 and parameters: {'ISTN': 60.44023795198927, 'I_gpe': 1.201460209441355, 'I_gpi': 2.0873976396467806, 'noise_stn_sigma': 3.101366314275362, 'noise_gpe_sigma': 106.0011144096625, 'noise_gpi_sigma': 88.49781270511771, 'g_stn_gpe_mult': 3.5055269303308862, 'g_gpe_stn_mult': 0.17540249373379763, 'g_stn_gpi_mult': 2.748401165110678, 'g_gpe_gpi_mult': 0.7681864199018731}. Best is trial 609 with value: 0.1297953515744074.
[I 2026-05-28 21:46:52,440] Trial 741 finished with value: 0.13969544762970565 and parameters: {'ISTN': 60.183714502864596, 'I_gpe': 1.1173530732329078, 'I_gpi': 2.0699482085095138, 'noise_stn_sigma': 2.869216614417767, 'noise_gpe_sigma': 105.80559013828662, 'noise_gpi_sigma': 87.56181532590556, 'g_stn_gpe_mult': 3.507372816537439, 'g_gpe_stn_mult': 0.18025192092898923, 'g_stn_gpi_mult': 2.6594494434218925, 'g_gpe_gpi_mult': 0.7688791918148623}. Best is trial 609 with value: 0.1297953515744074.
[I 2026-05-28 21:46:53,447] Trial 742 finished with value: 0.14142523189335013 and parameters: {'ISTN': 60.962296954081964, 'I_gpe': 1.1186508942417284, 'I_gpi': 2.056469979700495, 'noise_stn_sigma': 2.6704441360061724, 'noise_gpe_sigma': 109.78290349974127, 'noise_gpi_sigma': 88.20197610551718, 'g_stn_gpe_mult': 3.5279684992459712, 'g_gpe_stn_mult': 0.1717301125206825, 'g_stn_gpi_mult': 2.6561448472226306, 'g_gpe_gpi_mult': 0.7484432852929737}. Best is trial 609 with value: 0.1297953515744074.
[I 2026-05-28 21:46:54,455] Trial 743 finished with value: 0.14728786118727283 and parameters: {'ISTN': 60.78659098661404, 'I_gpe': 1.0157822463223283, 'I_gpi': 2.0213757272116304, 'noise_stn_sigma': 3.0084785378661016, 'noise_gpe_sigma': 105.24155993748056, 'noise_gpi_sigma': 91.2218305526199, 'g_stn_gpe_mult': 3.6456804348456733, 'g_gpe_stn_mult': 0.16452090818694576, 'g_stn_gpi_mult': 2.688432922159589, 'g_gpe_gpi_mult': 0.7833030074887672}. Best is trial 609 with value: 0.1297953515744074.
[I 2026-05-28 21:46:55,463] Trial 744 finished with value: 0.17187332128741245 and parameters: {'ISTN': 62.68988827193125, 'I_gpe': 1.057783569494595, 'I_gpi': 2.0991062827312685, 'noise_stn_sigma': 2.6548637456547555, 'noise_gpe_sigma': 106.6041644695608, 'noise_gpi_sigma': 90.99384222125512, 'g_stn_gpe_mult': 3.5870569199452897, 'g_gpe_stn_mult': 0.16480002264204957, 'g_stn_gpi_mult': 2.538713914851094, 'g_gpe_gpi_mult': 0.7658825770113336}. Best is trial 609 with value: 0.1297953515744074.
[I 2026-05-28 21:46:56,471] Trial 745 finished with value: 0.14163573375322883 and parameters: {'ISTN': 60.50438012991851, 'I_gpe': 1.115535260501804, 'I_gpi': 2.0324258521675898, 'noise_stn_sigma': 2.940623638886777, 'noise_gpe_sigma': 107.45540349601782, 'noise_gpi_sigma': 90.6322005851834, 'g_stn_gpe_mult': 3.572532042949194, 'g_gpe_stn_mult': 0.17718209386666064, 'g_stn_gpi_mult': 2.648282738374219, 'g_gpe_gpi_mult': 0.7605044930503524}. Best is trial 609 with value: 0.1297953515744074.
[I 2026-05-28 21:46:57,479] Trial 746 finished with value: 0.15363318476574703 and parameters: {'ISTN': 61.40452919859902, 'I_gpe': 1.0736725915320733, 'I_gpi': 2.116947999933866, 'noise_stn_sigma': 3.026623683882892, 'noise_gpe_sigma': 107.90567689468851, 'noise_gpi_sigma': 87.22737136905542, 'g_stn_gpe_mult': 3.5726063787881452, 'g_gpe_stn_mult': 0.16251913283508868, 'g_stn_gpi_mult': 2.6146013197372966, 'g_gpe_gpi_mult': 0.7867501633308631}. Best is trial 609 with value: 0.1297953515744074.
[I 2026-05-28 21:46:58,486] Trial 747 finished with value: 0.1398314422859398 and parameters: {'ISTN': 60.90367322889937, 'I_gpe': 1.049406879073906, 'I_gpi': 2.074818994245253, 'noise_stn_sigma': 2.8499683380193304, 'noise_gpe_sigma': 106.96162818613989, 'noise_gpi_sigma': 89.8524949350663, 'g_stn_gpe_mult': 3.5843615869319945, 'g_gpe_stn_mult': 0.15799146581099963, 'g_stn_gpi_mult': 2.606724377128922, 'g_gpe_gpi_mult': 0.777480589996635}. Best is trial 609 with value: 0.1297953515744074.
