[I 2026-05-28 21:41:05,065] Trial 396 finished with value: 0.15702699100449738 and parameters: {'ISTN': 60.53864883488631, 'I_gpe': 1.0468693150346056, 'I_gpi': 1.9717655632606592, 'noise_stn_sigma': 3.9799059918817843, 'noise_gpe_sigma': 97.71385217890035, 'noise_gpi_sigma': 97.7377092564902, 'g_stn_gpe_mult': 3.339070731785124, 'g_gpe_stn_mult': 0.11424828271326709, 'g_stn_gpi_mult': 2.997859441301973, 'g_gpe_gpi_mult': 0.6868717177719205}. Best is trial 351 with value: 0.14494938831422527.
[I 2026-05-28 21:41:06,072] Trial 397 finished with value: 0.1410511207285251 and parameters: {'ISTN': 60.24942531626762, 'I_gpe': 1.2401170514043995, 'I_gpi': 2.0137840661086703, 'noise_stn_sigma': 3.9912344772505386, 'noise_gpe_sigma': 95.10647956626805, 'noise_gpi_sigma': 99.31392903491987, 'g_stn_gpe_mult': 3.359505047533457, 'g_gpe_stn_mult': 0.14002925660780816, 'g_stn_gpi_mult': 3.0718961454740628, 'g_gpe_gpi_mult': 0.6342903572383355}. Best is trial 397 with value: 0.1410511207285251.
[I 2026-05-28 21:41:07,080] Trial 398 finished with value: 0.1734430399150085 and parameters: {'ISTN': 63.50863000797127, 'I_gpe': 1.1005112538498203, 'I_gpi': 2.003236184750002, 'noise_stn_sigma': 3.899196928753649, 'noise_gpe_sigma': 96.53236932043089, 'noise_gpi_sigma': 106.35077169616238, 'g_stn_gpe_mult': 3.2961615049181505, 'g_gpe_stn_mult': 0.10303282512080535, 'g_stn_gpi_mult': 3.0335316981873963, 'g_gpe_gpi_mult': 0.7022932725742064}. Best is trial 397 with value: 0.1410511207285251.
[I 2026-05-28 21:41:08,086] Trial 399 finished with value: 0.16164690880149754 and parameters: {'ISTN': 60.730189817044156, 'I_gpe': 1.0643115486703223, 'I_gpi': 1.9827063129403544, 'noise_stn_sigma': 4.085827476374618, 'noise_gpe_sigma': 98.49727658921205, 'noise_gpi_sigma': 98.60090185958316, 'g_stn_gpe_mult': 3.398303344251739, 'g_gpe_stn_mult': 0.15828909485396747, 'g_stn_gpi_mult': 3.070405663784216, 'g_gpe_gpi_mult': 0.6288999900769371}. Best is trial 397 with value: 0.1410511207285251.
[I 2026-05-28 21:41:09,093] Trial 400 finished with value: 0.1811152601415586 and parameters: {'ISTN': 61.711820162861095, 'I_gpe': 1.207300401703153, 'I_gpi': 2.2453905179241334, 'noise_stn_sigma': 4.090745260805171, 'noise_gpe_sigma': 90.06618886601231, 'noise_gpi_sigma': 106.50111608690985, 'g_stn_gpe_mult': 3.050840351944397, 'g_gpe_stn_mult': 0.11025926114700027, 'g_stn_gpi_mult': 3.047026245835728, 'g_gpe_gpi_mult': 0.64342933538895}. Best is trial 397 with value: 0.1410511207285251.
[I 2026-05-28 21:41:10,101] Trial 401 finished with value: 0.1561830406118595 and parameters: {'ISTN': 60.16828771707032, 'I_gpe': 0.9837924677974461, 'I_gpi': 1.9968684841698998, 'noise_stn_sigma': 3.6352665193443716, 'noise_gpe_sigma': 98.37674946512027, 'noise_gpi_sigma': 103.56766997319328, 'g_stn_gpe_mult': 3.4201619710511757, 'g_gpe_stn_mult': 0.16725129306484549, 'g_stn_gpi_mult': 2.932502624000236, 'g_gpe_gpi_mult': 0.6251513507209068}. Best is trial 397 with value: 0.1410511207285251.
[I 2026-05-28 21:41:11,107] Trial 402 finished with value: 0.1586782405924605 and parameters: {'ISTN': 61.53256722336587, 'I_gpe': 1.2184190479619699, 'I_gpi': 2.033480652012949, 'noise_stn_sigma': 3.9948751364308466, 'noise_gpe_sigma': 94.27848559900384, 'noise_gpi_sigma': 102.01309036329914, 'g_stn_gpe_mult': 3.5168377848260475, 'g_gpe_stn_mult': 0.1273803888578566, 'g_stn_gpi_mult': 3.1056867517049556, 'g_gpe_gpi_mult': 0.7070307410917029}. Best is trial 397 with value: 0.1410511207285251.
[I 2026-05-28 21:41:12,112] Trial 403 finished with value: 0.16507258394832708 and parameters: {'ISTN': 60.58934116705645, 'I_gpe': 0.9663774045413429, 'I_gpi': 1.8919029943714119, 'noise_stn_sigma': 3.786551268840645, 'noise_gpe_sigma': 96.62869890425982, 'noise_gpi_sigma': 100.34687488501392, 'g_stn_gpe_mult': 3.5471749028247, 'g_gpe_stn_mult': 0.1439436648360666, 'g_stn_gpi_mult': 2.9446184239487923, 'g_gpe_gpi_mult': 0.7034824845696377}. Best is trial 397 with value: 0.1410511207285251.
[I 2026-05-28 21:41:13,120] Trial 404 finished with value: 0.13863131688596095 and parameters: {'ISTN': 60.70495409517008, 'I_gpe': 1.189209653539816, 'I_gpi': 2.0576966698697063, 'noise_stn_sigma': 3.9241248702650804, 'noise_gpe_sigma': 99.70832089403613, 'noise_gpi_sigma': 100.20122210811239, 'g_stn_gpe_mult': 3.4533973170230343, 'g_gpe_stn_mult': 0.1304051551119505, 'g_stn_gpi_mult': 2.9618591967104244, 'g_gpe_gpi_mult': 0.730964375371099}. Best is trial 404 with value: 0.13863131688596095.
[I 2026-05-28 21:41:14,129] Trial 405 finished with value: 0.1497992298208958 and parameters: {'ISTN': 60.39237864878377, 'I_gpe': 1.3485029061262215, 'I_gpi': 2.0822657883172684, 'noise_stn_sigma': 4.344151731406338, 'noise_gpe_sigma': 95.90505156314924, 'noise_gpi_sigma': 95.44728789344572, 'g_stn_gpe_mult': 3.389264207374131, 'g_gpe_stn_mult': 0.11731804911029092, 'g_stn_gpi_mult': 3.1475977554449743, 'g_gpe_gpi_mult': 0.65595428637683}. Best is trial 404 with value: 0.13863131688596095.
[I 2026-05-28 21:41:15,135] Trial 406 finished with value: 0.16236202043973932 and parameters: {'ISTN': 61.44118405777384, 'I_gpe': 1.301601713704458, 'I_gpi': 1.8215527766813353, 'noise_stn_sigma': 4.29146714587862, 'noise_gpe_sigma': 90.91189888914936, 'noise_gpi_sigma': 98.79209061539419, 'g_stn_gpe_mult': 3.3166039619027847, 'g_gpe_stn_mult': 0.12330564722111825, 'g_stn_gpi_mult': 3.174215364782226, 'g_gpe_gpi_mult': 0.6023602241557438}. Best is trial 404 with value: 0.13863131688596095.
[I 2026-05-28 21:41:16,145] Trial 407 finished with value: 0.148788125046318 and parameters: {'ISTN': 61.88634444652261, 'I_gpe': 1.186646249122845, 'I_gpi': 1.9346507899762075, 'noise_stn_sigma': 3.717471548652175, 'noise_gpe_sigma': 98.70853137756345, 'noise_gpi_sigma': 102.31943040631312, 'g_stn_gpe_mult': 3.4290713532355053, 'g_gpe_stn_mult': 0.11564221791958534, 'g_stn_gpi_mult': 2.9233267373731717, 'g_gpe_gpi_mult': 0.662513749146671}. Best is trial 404 with value: 0.13863131688596095.
[I 2026-05-28 21:41:17,155] Trial 408 finished with value: 0.26490906419072524 and parameters: {'ISTN': 60.66539028889702, 'I_gpe': 1.2140122027311147, 'I_gpi': 2.2439042302174608, 'noise_stn_sigma': 3.6337419287199526, 'noise_gpe_sigma': 96.59197056008756, 'noise_gpi_sigma': 98.88020388526584, 'g_stn_gpe_mult': 3.1507365975505874, 'g_gpe_stn_mult': 0.13895985056529903, 'g_stn_gpi_mult': 3.177455681917259, 'g_gpe_gpi_mult': 0.6289932988539768}. Best is trial 404 with value: 0.13863131688596095.
[I 2026-05-28 21:41:18,162] Trial 409 finished with value: 0.14698246472688817 and parameters: {'ISTN': 60.03807581940823, 'I_gpe': 1.2244965081307733, 'I_gpi': 1.7982813322830382, 'noise_stn_sigma': 4.095954179431219, 'noise_gpe_sigma': 96.87165168797847, 'noise_gpi_sigma': 98.04590342023698, 'g_stn_gpe_mult': 3.329846105018847, 'g_gpe_stn_mult': 0.14096407676298978, 'g_stn_gpi_mult': 3.1034818261439363, 'g_gpe_gpi_mult': 0.6563067660812345}. Best is trial 404 with value: 0.13863131688596095.
[I 2026-05-28 21:41:19,169] Trial 410 finished with value: 0.17371573251121683 and parameters: {'ISTN': 61.627685252194766, 'I_gpe': 1.3400588664544484, 'I_gpi': 2.0607700298936473, 'noise_stn_sigma': 4.241186037155418, 'noise_gpe_sigma': 98.33785645323505, 'noise_gpi_sigma': 95.19902485441649, 'g_stn_gpe_mult': 3.1576894005378073, 'g_gpe_stn_mult': 0.1293953921841886, 'g_stn_gpi_mult': 3.115644092855782, 'g_gpe_gpi_mult': 0.6574264966931147}. Best is trial 404 with value: 0.13863131688596095.
[I 2026-05-28 21:41:20,179] Trial 411 finished with value: 0.20157803601584504 and parameters: {'ISTN': 62.61173527879588, 'I_gpe': 1.3956882382202476, 'I_gpi': 2.0126614811171137, 'noise_stn_sigma': 3.8274108397715647, 'noise_gpe_sigma': 100.73026197077209, 'noise_gpi_sigma': 99.04421393204181, 'g_stn_gpe_mult': 3.4169274090709223, 'g_gpe_stn_mult': 0.1462257495762214, 'g_stn_gpi_mult': 3.009504196294001, 'g_gpe_gpi_mult': 0.6496089311297988}. Best is trial 404 with value: 0.13863131688596095.
[I 2026-05-28 21:41:21,187] Trial 412 finished with value: 0.21170192127197734 and parameters: {'ISTN': 61.794575126364265, 'I_gpe': 1.1669917108312406, 'I_gpi': 1.8809112392748766, 'noise_stn_sigma': 3.882047095128586, 'noise_gpe_sigma': 96.91390684424012, 'noise_gpi_sigma': 98.66481191478036, 'g_stn_gpe_mult': 3.418119124459931, 'g_gpe_stn_mult': 0.10958127490579869, 'g_stn_gpi_mult': 2.9062621507885136, 'g_gpe_gpi_mult': 0.6786353010762272}. Best is trial 404 with value: 0.13863131688596095.
[I 2026-05-28 21:41:22,195] Trial 413 finished with value: 0.1561281558522827 and parameters: {'ISTN': 60.427923489420294, 'I_gpe': 1.3101440672779767, 'I_gpi': 1.9321110935054828, 'noise_stn_sigma': 3.623150535648659, 'noise_gpe_sigma': 97.52720716397926, 'noise_gpi_sigma': 101.95441506934411, 'g_stn_gpe_mult': 3.412141379594573, 'g_gpe_stn_mult': 0.13734050691067967, 'g_stn_gpi_mult': 2.9731827403300106, 'g_gpe_gpi_mult': 0.7195172064473314}. Best is trial 404 with value: 0.13863131688596095.
[I 2026-05-28 21:41:23,204] Trial 414 finished with value: 0.18088994808238687 and parameters: {'ISTN': 62.4028423980538, 'I_gpe': 1.087464177113378, 'I_gpi': 2.09821856801068, 'noise_stn_sigma': 3.751460466337055, 'noise_gpe_sigma': 103.28515151131306, 'noise_gpi_sigma': 98.94268077592544, 'g_stn_gpe_mult': 3.5092258217130587, 'g_gpe_stn_mult': 0.14192096989334937, 'g_stn_gpi_mult': 2.837234971747849, 'g_gpe_gpi_mult': 0.6812295345998507}. Best is trial 404 with value: 0.13863131688596095.
[I 2026-05-28 21:41:24,211] Trial 415 finished with value: 0.1994841708017796 and parameters: {'ISTN': 61.12186300445375, 'I_gpe': 1.1471254245678115, 'I_gpi': 1.9149308943605372, 'noise_stn_sigma': 3.976231193521997, 'noise_gpe_sigma': 95.7661099795428, 'noise_gpi_sigma': 94.62332854386524, 'g_stn_gpe_mult': 3.5766749083932603, 'g_gpe_stn_mult': 0.11601723798846134, 'g_stn_gpi_mult': 3.0377876425352817, 'g_gpe_gpi_mult': 0.6546483178772438}. Best is trial 404 with value: 0.13863131688596095.
[I 2026-05-28 21:41:25,218] Trial 416 finished with value: 0.19601046103915468 and parameters: {'ISTN': 61.94484769959353, 'I_gpe': 1.4573796138456476, 'I_gpi': 1.9064462739570045, 'noise_stn_sigma': 4.014280084164862, 'noise_gpe_sigma': 96.94828170692597, 'noise_gpi_sigma': 97.49282213404115, 'g_stn_gpe_mult': 3.28536488506968, 'g_gpe_stn_mult': 0.15067627229546565, 'g_stn_gpi_mult': 2.956256338196773, 'g_gpe_gpi_mult': 0.6419548743332384}. Best is trial 404 with value: 0.13863131688596095.
[I 2026-05-28 21:41:26,225] Trial 417 finished with value: 0.682414525873233 and parameters: {'ISTN': 62.126173366044405, 'I_gpe': 1.1364915740436667, 'I_gpi': 2.022857288466655, 'noise_stn_sigma': 3.975223928183851, 'noise_gpe_sigma': 91.9707790102423, 'noise_gpi_sigma': 99.25978193526983, 'g_stn_gpe_mult': 3.4760851415850658, 'g_gpe_stn_mult': 0.10188171837097094, 'g_stn_gpi_mult': 3.066157031252623, 'g_gpe_gpi_mult': 0.67242823742705}. Best is trial 404 with value: 0.13863131688596095.
[I 2026-05-28 21:41:27,232] Trial 418 finished with value: 2.108690627085249 and parameters: {'ISTN': 62.63776104854407, 'I_gpe': 1.0926775384532523, 'I_gpi': 1.9446944860298663, 'noise_stn_sigma': 3.690072609001075, 'noise_gpe_sigma': 100.1481021256885, 'noise_gpi_sigma': 104.78216526548725, 'g_stn_gpe_mult': 3.420180239651967, 'g_gpe_stn_mult': 0.15931283500128357, 'g_stn_gpi_mult': 2.9286838011763616, 'g_gpe_gpi_mult': 0.6993542020125443}. Best is trial 404 with value: 0.13863131688596095.
[I 2026-05-28 21:41:28,240] Trial 419 finished with value: 0.22286536877468985 and parameters: {'ISTN': 60.90201327663686, 'I_gpe': 1.3352867717279684, 'I_gpi': 1.7666503460890772, 'noise_stn_sigma': 3.5373724512167253, 'noise_gpe_sigma': 94.67892558899212, 'noise_gpi_sigma': 106.55274593752851, 'g_stn_gpe_mult': 3.2787179068228376, 'g_gpe_stn_mult': 0.11790051522278623, 'g_stn_gpi_mult': 2.8938072854110874, 'g_gpe_gpi_mult': 0.6353528124769892}. Best is trial 404 with value: 0.13863131688596095.
[I 2026-05-28 21:41:29,248] Trial 420 finished with value: 0.2099438955019032 and parameters: {'ISTN': 61.92942461859091, 'I_gpe': 1.2506215850596005, 'I_gpi': 2.0093500539066063, 'noise_stn_sigma': 4.43539396916505, 'noise_gpe_sigma': 99.22649375678192, 'noise_gpi_sigma': 95.74669579534246, 'g_stn_gpe_mult': 3.23222595458788, 'g_gpe_stn_mult': 0.1422931079234124, 'g_stn_gpi_mult': 3.0624346852167608, 'g_gpe_gpi_mult': 0.6438481699272187}. Best is trial 404 with value: 0.13863131688596095.
[I 2026-05-28 21:41:30,257] Trial 421 finished with value: 0.1829521723139961 and parameters: {'ISTN': 61.89451275858883, 'I_gpe': 1.3575332246123368, 'I_gpi': 1.957137885477716, 'noise_stn_sigma': 3.807757679333755, 'noise_gpe_sigma': 100.06626459479148, 'noise_gpi_sigma': 101.67942812464904, 'g_stn_gpe_mult': 3.4492935897833004, 'g_gpe_stn_mult': 0.14429105131543826, 'g_stn_gpi_mult': 2.8203184515284567, 'g_gpe_gpi_mult': 0.6258526166464985}. Best is trial 404 with value: 0.13863131688596095.
[I 2026-05-28 21:41:31,265] Trial 422 finished with value: 0.17881884488370423 and parameters: {'ISTN': 63.28185110599415, 'I_gpe': 1.3379250503569324, 'I_gpi': 2.020633378602352, 'noise_stn_sigma': 3.4878839142794242, 'noise_gpe_sigma': 97.56508016408858, 'noise_gpi_sigma': 97.30403284837278, 'g_stn_gpe_mult': 3.4248304196686252, 'g_gpe_stn_mult': 0.16380014312749303, 'g_stn_gpi_mult': 2.901992344739426, 'g_gpe_gpi_mult': 0.690410646726219}. Best is trial 404 with value: 0.13863131688596095.
[I 2026-05-28 21:41:32,272] Trial 423 finished with value: 0.16996831677138488 and parameters: {'ISTN': 62.1428873434248, 'I_gpe': 1.2377328607522644, 'I_gpi': 2.0519459689803554, 'noise_stn_sigma': 3.7329836845280564, 'noise_gpe_sigma': 98.56281905611195, 'noise_gpi_sigma': 94.96573991848973, 'g_stn_gpe_mult': 3.3958401031887835, 'g_gpe_stn_mult': 0.1378607889891728, 'g_stn_gpi_mult': 2.9704805010307753, 'g_gpe_gpi_mult': 0.7183102819366807}. Best is trial 404 with value: 0.13863131688596095.
[I 2026-05-28 21:41:33,279] Trial 424 finished with value: 0.14140550141016325 and parameters: {'ISTN': 60.992337362899, 'I_gpe': 1.237463998352272, 'I_gpi': 1.9321699172232298, 'noise_stn_sigma': 3.505644938075189, 'noise_gpe_sigma': 100.79093713971011, 'noise_gpi_sigma': 95.00755636618636, 'g_stn_gpe_mult': 3.5080507835461896, 'g_gpe_stn_mult': 0.12645056316004913, 'g_stn_gpi_mult': 2.918687264945398, 'g_gpe_gpi_mult': 0.7070062143634508}. Best is trial 404 with value: 0.13863131688596095.
[I 2026-05-28 21:41:34,285] Trial 425 finished with value: 0.1855328980740405 and parameters: {'ISTN': 63.826844058168426, 'I_gpe': 1.2421550115320188, 'I_gpi': 1.9669302802106488, 'noise_stn_sigma': 3.5710224514655557, 'noise_gpe_sigma': 95.87943565411972, 'noise_gpi_sigma': 106.09013813347427, 'g_stn_gpe_mult': 3.53766728620415, 'g_gpe_stn_mult': 0.15952951925841682, 'g_stn_gpi_mult': 2.8662643703579938, 'g_gpe_gpi_mult': 0.62156917601982}. Best is trial 404 with value: 0.13863131688596095.
[I 2026-05-28 21:41:35,290] Trial 426 finished with value: 0.17288970613636043 and parameters: {'ISTN': 61.62704213302229, 'I_gpe': 0.9664324115462374, 'I_gpi': 1.9889061391875469, 'noise_stn_sigma': 3.9900761588730687, 'noise_gpe_sigma': 100.6935960455468, 'noise_gpi_sigma': 102.0303013161515, 'g_stn_gpe_mult': 3.750548409237963, 'g_gpe_stn_mult': 0.14942163486900384, 'g_stn_gpi_mult': 2.8384547178398636, 'g_gpe_gpi_mult': 0.7282686295107745}. Best is trial 404 with value: 0.13863131688596095.
[I 2026-05-28 21:41:36,299] Trial 427 finished with value: 0.20266530820312775 and parameters: {'ISTN': 61.33603721508721, 'I_gpe': 1.302749004250117, 'I_gpi': 1.948049939512447, 'noise_stn_sigma': 3.4056561056504995, 'noise_gpe_sigma': 99.6019248370352, 'noise_gpi_sigma': 105.11333095998624, 'g_stn_gpe_mult': 3.4970250835576353, 'g_gpe_stn_mult': 0.12583575462095292, 'g_stn_gpi_mult': 2.846527443324094, 'g_gpe_gpi_mult': 0.7004732311243327}. Best is trial 404 with value: 0.13863131688596095.
[I 2026-05-28 21:41:37,305] Trial 428 finished with value: 0.1743354151815182 and parameters: {'ISTN': 62.73274370684179, 'I_gpe': 1.2217675697979065, 'I_gpi': 1.8960851920004755, 'noise_stn_sigma': 3.6078069667436763, 'noise_gpe_sigma': 98.30915174481213, 'noise_gpi_sigma': 103.40879264842405, 'g_stn_gpe_mult': 3.3790975865026827, 'g_gpe_stn_mult': 0.12065175308839257, 'g_stn_gpi_mult': 2.96235218693974, 'g_gpe_gpi_mult': 0.713584198751599}. Best is trial 404 with value: 0.13863131688596095.
[I 2026-05-28 21:41:38,314] Trial 429 finished with value: 0.1846229699680611 and parameters: {'ISTN': 62.048128326865964, 'I_gpe': 1.3535110504561643, 'I_gpi': 1.8859427361535417, 'noise_stn_sigma': 3.8253842127964353, 'noise_gpe_sigma': 99.73835647504232, 'noise_gpi_sigma': 99.59319627721155, 'g_stn_gpe_mult': 3.4279290806302893, 'g_gpe_stn_mult': 0.16420504965429442, 'g_stn_gpi_mult': 2.8838158824585207, 'g_gpe_gpi_mult': 0.6251146153980498}. Best is trial 404 with value: 0.13863131688596095.
[I 2026-05-28 21:41:39,322] Trial 430 finished with value: 0.16086692435928251 and parameters: {'ISTN': 61.73479268714476, 'I_gpe': 1.1577312560970785, 'I_gpi': 2.0386965907745864, 'noise_stn_sigma': 3.6452336016373246, 'noise_gpe_sigma': 99.25477576291725, 'noise_gpi_sigma': 97.88752649909138, 'g_stn_gpe_mult': 3.4626550554919087, 'g_gpe_stn_mult': 0.13106476927314104, 'g_stn_gpi_mult': 2.926786934938362, 'g_gpe_gpi_mult': 0.6917586451613458}. Best is trial 404 with value: 0.13863131688596095.
[I 2026-05-28 21:41:40,332] Trial 431 finished with value: 0.17100977200173859 and parameters: {'ISTN': 63.62530672153989, 'I_gpe': 0.9771872377532984, 'I_gpi': 2.0173615103264844, 'noise_stn_sigma': 3.4099417642158176, 'noise_gpe_sigma': 102.38493590909765, 'noise_gpi_sigma': 96.68912221973912, 'g_stn_gpe_mult': 3.5799600176393955, 'g_gpe_stn_mult': 0.11139041821767175, 'g_stn_gpi_mult': 2.7329671821015253, 'g_gpe_gpi_mult': 0.7118639006755927}. Best is trial 404 with value: 0.13863131688596095.
[I 2026-05-28 21:41:41,339] Trial 432 finished with value: 0.17692984795875816 and parameters: {'ISTN': 60.1191873338071, 'I_gpe': 1.1319392802464918, 'I_gpi': 1.9872588467344812, 'noise_stn_sigma': 3.7625905272419424, 'noise_gpe_sigma': 101.07202018071479, 'noise_gpi_sigma': 95.09595286897631, 'g_stn_gpe_mult': 3.4375038293728055, 'g_gpe_stn_mult': 0.1379965315281679, 'g_stn_gpi_mult': 3.0439203291295183, 'g_gpe_gpi_mult': 0.7209434120104408}. Best is trial 404 with value: 0.13863131688596095.
[I 2026-05-28 21:41:42,347] Trial 433 finished with value: 0.16783752918127376 and parameters: {'ISTN': 61.133201020525604, 'I_gpe': 1.153092398027119, 'I_gpi': 1.9014453453781333, 'noise_stn_sigma': 3.678106398795938, 'noise_gpe_sigma': 100.42673002743011, 'noise_gpi_sigma': 89.96756323206486, 'g_stn_gpe_mult': 3.5773067153276137, 'g_gpe_stn_mult': 0.13322738669966347, 'g_stn_gpi_mult': 3.0868416455320706, 'g_gpe_gpi_mult': 0.6938907841405525}. Best is trial 404 with value: 0.13863131688596095.
[I 2026-05-28 21:41:43,354] Trial 434 finished with value: 0.15260803146640536 and parameters: {'ISTN': 60.802623919679405, 'I_gpe': 1.0623095014099135, 'I_gpi': 2.046987191191773, 'noise_stn_sigma': 3.4946651129349293, 'noise_gpe_sigma': 97.07419726396174, 'noise_gpi_sigma': 96.51192988816855, 'g_stn_gpe_mult': 3.36257242031482, 'g_gpe_stn_mult': 0.15297387533406787, 'g_stn_gpi_mult': 2.8965027376144925, 'g_gpe_gpi_mult': 0.6855191120198185}. Best is trial 404 with value: 0.13863131688596095.
[I 2026-05-28 21:41:44,361] Trial 435 finished with value: 0.14902031833036636 and parameters: {'ISTN': 61.23436568426453, 'I_gpe': 1.1196914806536449, 'I_gpi': 2.021088391404342, 'noise_stn_sigma': 3.372854518503192, 'noise_gpe_sigma': 103.32852054240567, 'noise_gpi_sigma': 93.63686266517882, 'g_stn_gpe_mult': 3.452699397332825, 'g_gpe_stn_mult': 0.153604823785511, 'g_stn_gpi_mult': 2.9585072061654714, 'g_gpe_gpi_mult': 0.746277878624001}. Best is trial 404 with value: 0.13863131688596095.
[I 2026-05-28 21:41:45,365] Trial 436 finished with value: 0.17916431454893392 and parameters: {'ISTN': 62.04636871377926, 'I_gpe': 1.1731198441620183, 'I_gpi': 2.0775450809929614, 'noise_stn_sigma': 3.8299879386551265, 'noise_gpe_sigma': 96.53083523295628, 'noise_gpi_sigma': 100.78619758383722, 'g_stn_gpe_mult': 3.378551229442242, 'g_gpe_stn_mult': 0.14650381627680076, 'g_stn_gpi_mult': 2.8554913203913226, 'g_gpe_gpi_mult': 0.7137891471655464}. Best is trial 404 with value: 0.13863131688596095.
[I 2026-05-28 21:41:46,373] Trial 437 finished with value: 0.1457049430038189 and parameters: {'ISTN': 60.77550132955101, 'I_gpe': 1.2716451697482745, 'I_gpi': 2.050062287788932, 'noise_stn_sigma': 3.8603677555653904, 'noise_gpe_sigma': 98.07541379252156, 'noise_gpi_sigma': 95.21363156411964, 'g_stn_gpe_mult': 3.3990162263951684, 'g_gpe_stn_mult': 0.13423091905662007, 'g_stn_gpi_mult': 2.9111240727998435, 'g_gpe_gpi_mult': 0.7008624529830156}. Best is trial 404 with value: 0.13863131688596095.
[I 2026-05-28 21:41:47,379] Trial 438 finished with value: 0.1577316845358322 and parameters: {'ISTN': 62.82373245335955, 'I_gpe': 1.2077493835552844, 'I_gpi': 2.0256203889555526, 'noise_stn_sigma': 3.506073486540803, 'noise_gpe_sigma': 104.37453612930784, 'noise_gpi_sigma': 94.11729173628846, 'g_stn_gpe_mult': 3.576674739875623, 'g_gpe_stn_mult': 0.12213104127076374, 'g_stn_gpi_mult': 2.8301695781468577, 'g_gpe_gpi_mult': 0.7117265768704348}. Best is trial 404 with value: 0.13863131688596095.
[I 2026-05-28 21:41:48,386] Trial 439 finished with value: 0.15492950994086227 and parameters: {'ISTN': 61.57703182655714, 'I_gpe': 1.2092060282282757, 'I_gpi': 1.860412638508114, 'noise_stn_sigma': 3.791557575151412, 'noise_gpe_sigma': 103.70972887748306, 'noise_gpi_sigma': 93.92337463386401, 'g_stn_gpe_mult': 3.5035589239209055, 'g_gpe_stn_mult': 0.13672486234362152, 'g_stn_gpi_mult': 2.9281153038857783, 'g_gpe_gpi_mult': 0.6943279246425613}. Best is trial 404 with value: 0.13863131688596095.
