[I 2026-05-28 21:57:51,806] Trial 396 finished with value: 0.12795396044054813 and parameters: {'ISTN': 61.27510313437314, 'I_gpe': 1.4330252321860668, 'I_gpi': 2.3488474368344017, 'noise_stn_sigma': 3.0837121131936867, 'noise_gpe_sigma': 94.65941302378263, 'noise_gpi_sigma': 81.16443448015636, 'g_stn_gpe_mult': 4.1753224031864615, 'g_gpe_stn_mult': 0.14280911374960387, 'g_stn_gpi_mult': 1.6562035596823719, 'g_gpe_gpi_mult': 0.7549288459939232}. Best is trial 345 with value: 0.11807019291566243.
[I 2026-05-28 21:57:52,785] Trial 397 finished with value: 0.14905662688257196 and parameters: {'ISTN': 61.665837060355685, 'I_gpe': 1.420866870096122, 'I_gpi': 2.2292865140998455, 'noise_stn_sigma': 3.3779615576864406, 'noise_gpe_sigma': 98.12464228376265, 'noise_gpi_sigma': 85.78016493081701, 'g_stn_gpe_mult': 4.050498604244703, 'g_gpe_stn_mult': 0.1775386088965632, 'g_stn_gpi_mult': 1.7521656751321935, 'g_gpe_gpi_mult': 0.7145973352931381}. Best is trial 345 with value: 0.11807019291566243.
[I 2026-05-28 21:57:53,765] Trial 398 finished with value: 0.1416711630679169 and parameters: {'ISTN': 61.081894680685046, 'I_gpe': 1.3606598856240164, 'I_gpi': 2.2380923070425354, 'noise_stn_sigma': 3.148497071731745, 'noise_gpe_sigma': 96.9423313646704, 'noise_gpi_sigma': 84.08476671223019, 'g_stn_gpe_mult': 3.993401770258287, 'g_gpe_stn_mult': 0.17290406061907243, 'g_stn_gpi_mult': 1.766989653974937, 'g_gpe_gpi_mult': 0.6777295127967777}. Best is trial 345 with value: 0.11807019291566243.
[I 2026-05-28 21:57:54,743] Trial 399 finished with value: 0.11959684414372174 and parameters: {'ISTN': 60.27570872498686, 'I_gpe': 1.3878376490995694, 'I_gpi': 2.3681271472382965, 'noise_stn_sigma': 3.5402130649034564, 'noise_gpe_sigma': 93.76549392435585, 'noise_gpi_sigma': 80.54999479402514, 'g_stn_gpe_mult': 3.8959951405411912, 'g_gpe_stn_mult': 0.1392974895909668, 'g_stn_gpi_mult': 1.6886880588042477, 'g_gpe_gpi_mult': 0.6986304333125349}. Best is trial 345 with value: 0.11807019291566243.
[I 2026-05-28 21:57:55,723] Trial 400 finished with value: 0.1608893910636667 and parameters: {'ISTN': 62.81940052277382, 'I_gpe': 1.3239428418079306, 'I_gpi': 2.1762553715086392, 'noise_stn_sigma': 3.2933830672537887, 'noise_gpe_sigma': 101.43511480223522, 'noise_gpi_sigma': 84.11605733447962, 'g_stn_gpe_mult': 3.941834646754819, 'g_gpe_stn_mult': 0.15313549266951454, 'g_stn_gpi_mult': 1.5937855353055823, 'g_gpe_gpi_mult': 0.6907748152937061}. Best is trial 345 with value: 0.11807019291566243.
[I 2026-05-28 21:57:56,703] Trial 401 finished with value: 1.0593655160490592 and parameters: {'ISTN': 61.684907467795746, 'I_gpe': 1.3745657190855654, 'I_gpi': 2.3039280527327732, 'noise_stn_sigma': 3.4532409332226166, 'noise_gpe_sigma': 94.30001588290216, 'noise_gpi_sigma': 84.24345510372699, 'g_stn_gpe_mult': 3.9783343122032893, 'g_gpe_stn_mult': 0.16986590171065277, 'g_stn_gpi_mult': 1.7017954723777304, 'g_gpe_gpi_mult': 0.7183363531651827}. Best is trial 345 with value: 0.11807019291566243.
[I 2026-05-28 21:57:57,681] Trial 402 finished with value: 0.14478200966763827 and parameters: {'ISTN': 61.41835732862514, 'I_gpe': 1.3775598181472604, 'I_gpi': 2.195993031099661, 'noise_stn_sigma': 3.397967574232305, 'noise_gpe_sigma': 94.05385723471548, 'noise_gpi_sigma': 84.98311533280905, 'g_stn_gpe_mult': 3.984699611817767, 'g_gpe_stn_mult': 0.15658505505014342, 'g_stn_gpi_mult': 1.5864073541263566, 'g_gpe_gpi_mult': 0.7185775475133274}. Best is trial 345 with value: 0.11807019291566243.
[I 2026-05-28 21:57:58,660] Trial 403 finished with value: 0.12029059465187622 and parameters: {'ISTN': 60.71921242645767, 'I_gpe': 1.3579541778095774, 'I_gpi': 2.3781646993245014, 'noise_stn_sigma': 3.13770071298132, 'noise_gpe_sigma': 93.8146252304215, 'noise_gpi_sigma': 82.37092017601938, 'g_stn_gpe_mult': 3.9624277432339916, 'g_gpe_stn_mult': 0.13967819924043426, 'g_stn_gpi_mult': 1.5413155221229975, 'g_gpe_gpi_mult': 0.7142773404750296}. Best is trial 345 with value: 0.11807019291566243.
[I 2026-05-28 21:57:59,637] Trial 404 finished with value: 0.15875070416882456 and parameters: {'ISTN': 63.36820754648838, 'I_gpe': 1.2668323450698669, 'I_gpi': 2.3574892281735362, 'noise_stn_sigma': 3.1183592145797983, 'noise_gpe_sigma': 94.77358352186127, 'noise_gpi_sigma': 81.29590102558706, 'g_stn_gpe_mult': 4.038235820571094, 'g_gpe_stn_mult': 0.14575641753366167, 'g_stn_gpi_mult': 1.6358848856211403, 'g_gpe_gpi_mult': 0.7319957025869863}. Best is trial 345 with value: 0.11807019291566243.
[I 2026-05-28 21:58:00,615] Trial 405 finished with value: 0.1268482266603737 and parameters: {'ISTN': 60.21037861371833, 'I_gpe': 1.4541625493297918, 'I_gpi': 2.2378580375642194, 'noise_stn_sigma': 3.3787581274513285, 'noise_gpe_sigma': 92.6438253698547, 'noise_gpi_sigma': 81.3655723343264, 'g_stn_gpe_mult': 4.1263119209241275, 'g_gpe_stn_mult': 0.14205420959351586, 'g_stn_gpi_mult': 1.679817472246916, 'g_gpe_gpi_mult': 0.723142911619522}. Best is trial 345 with value: 0.11807019291566243.
[I 2026-05-28 21:58:01,596] Trial 406 finished with value: 0.15656683855622977 and parameters: {'ISTN': 62.321263613702826, 'I_gpe': 1.3468533720094837, 'I_gpi': 2.3819647579552132, 'noise_stn_sigma': 3.4478695479542103, 'noise_gpe_sigma': 93.52488455544086, 'noise_gpi_sigma': 77.2937530813478, 'g_stn_gpe_mult': 4.170607951164225, 'g_gpe_stn_mult': 0.15778359131543856, 'g_stn_gpi_mult': 1.635372347061752, 'g_gpe_gpi_mult': 0.715719576641989}. Best is trial 345 with value: 0.11807019291566243.
[I 2026-05-28 21:58:02,574] Trial 407 finished with value: 0.125429176238959 and parameters: {'ISTN': 60.06978209591286, 'I_gpe': 1.3696688266974935, 'I_gpi': 2.3118398099390927, 'noise_stn_sigma': 3.3699605261553196, 'noise_gpe_sigma': 97.02766149059705, 'noise_gpi_sigma': 83.35493035178521, 'g_stn_gpe_mult': 3.9331254595267744, 'g_gpe_stn_mult': 0.17926427920479382, 'g_stn_gpi_mult': 1.703414906695507, 'g_gpe_gpi_mult': 0.7101922931893419}. Best is trial 345 with value: 0.11807019291566243.
[I 2026-05-28 21:58:03,554] Trial 408 finished with value: 0.133177985077149 and parameters: {'ISTN': 60.49440537649049, 'I_gpe': 1.5361620078715665, 'I_gpi': 2.386530101890335, 'noise_stn_sigma': 3.0614390025593607, 'noise_gpe_sigma': 98.12083386562072, 'noise_gpi_sigma': 78.36983977737384, 'g_stn_gpe_mult': 3.9397467308089444, 'g_gpe_stn_mult': 0.13942579103677816, 'g_stn_gpi_mult': 1.612726835675248, 'g_gpe_gpi_mult': 0.7179614984938913}. Best is trial 345 with value: 0.11807019291566243.
[I 2026-05-28 21:58:04,534] Trial 409 finished with value: 0.12971618026306533 and parameters: {'ISTN': 61.06557234730774, 'I_gpe': 1.3137307563694876, 'I_gpi': 2.2918090276346854, 'noise_stn_sigma': 3.423379349296221, 'noise_gpe_sigma': 95.17426472974795, 'noise_gpi_sigma': 79.45500277336976, 'g_stn_gpe_mult': 4.047863424661585, 'g_gpe_stn_mult': 0.1493916199704863, 'g_stn_gpi_mult': 1.6696793308330657, 'g_gpe_gpi_mult': 0.6919409688956899}. Best is trial 345 with value: 0.11807019291566243.
[I 2026-05-28 21:58:05,513] Trial 410 finished with value: 0.12414394306502155 and parameters: {'ISTN': 60.972779262105064, 'I_gpe': 1.4471374857701576, 'I_gpi': 2.300687116598609, 'noise_stn_sigma': 3.2056186966514124, 'noise_gpe_sigma': 96.29830471922517, 'noise_gpi_sigma': 80.61329408367463, 'g_stn_gpe_mult': 4.1018609666527, 'g_gpe_stn_mult': 0.13025188548859198, 'g_stn_gpi_mult': 1.7353334326530523, 'g_gpe_gpi_mult': 0.7116581266393804}. Best is trial 345 with value: 0.11807019291566243.
[I 2026-05-28 21:58:06,492] Trial 411 finished with value: 0.13647359764269554 and parameters: {'ISTN': 61.58860801555632, 'I_gpe': 1.4043789739530355, 'I_gpi': 2.2931597585531636, 'noise_stn_sigma': 3.326347951094759, 'noise_gpe_sigma': 95.98751848055714, 'noise_gpi_sigma': 84.71794115551477, 'g_stn_gpe_mult': 4.014060217544419, 'g_gpe_stn_mult': 0.12021568203911495, 'g_stn_gpi_mult': 1.7098102951415068, 'g_gpe_gpi_mult': 0.7191062611684005}. Best is trial 345 with value: 0.11807019291566243.
[I 2026-05-28 21:58:07,469] Trial 412 finished with value: 0.12170677980717132 and parameters: {'ISTN': 60.78556886529133, 'I_gpe': 1.371480346268686, 'I_gpi': 2.3504933260695133, 'noise_stn_sigma': 3.363686641482112, 'noise_gpe_sigma': 93.0267826184872, 'noise_gpi_sigma': 80.54096338918336, 'g_stn_gpe_mult': 4.0024802462829765, 'g_gpe_stn_mult': 0.13704778293172953, 'g_stn_gpi_mult': 1.5388687809919674, 'g_gpe_gpi_mult': 0.6931451406229903}. Best is trial 345 with value: 0.11807019291566243.
[I 2026-05-28 21:58:08,450] Trial 413 finished with value: 0.12421544164107373 and parameters: {'ISTN': 60.99562153020338, 'I_gpe': 1.398173745046393, 'I_gpi': 2.257621703363454, 'noise_stn_sigma': 3.4744395856391415, 'noise_gpe_sigma': 95.26974834336724, 'noise_gpi_sigma': 81.20955068562702, 'g_stn_gpe_mult': 4.0027828552182365, 'g_gpe_stn_mult': 0.14344851808073117, 'g_stn_gpi_mult': 1.612468859802875, 'g_gpe_gpi_mult': 0.6942766774872737}. Best is trial 345 with value: 0.11807019291566243.
[I 2026-05-28 21:58:09,429] Trial 414 finished with value: 0.12000155634339725 and parameters: {'ISTN': 60.01602002254252, 'I_gpe': 1.3971846238673593, 'I_gpi': 2.313568486456205, 'noise_stn_sigma': 3.2326820833965906, 'noise_gpe_sigma': 97.44260090244248, 'noise_gpi_sigma': 81.94696087406719, 'g_stn_gpe_mult': 3.835290841826167, 'g_gpe_stn_mult': 0.1513604730651661, 'g_stn_gpi_mult': 1.7401030102903787, 'g_gpe_gpi_mult': 0.7175301317991434}. Best is trial 345 with value: 0.11807019291566243.
[I 2026-05-28 21:58:10,408] Trial 415 finished with value: 0.12299706057936191 and parameters: {'ISTN': 60.88682467041719, 'I_gpe': 1.2747298787629022, 'I_gpi': 2.335275449652722, 'noise_stn_sigma': 3.0145614955146263, 'noise_gpe_sigma': 93.9876453552672, 'noise_gpi_sigma': 84.51776942675897, 'g_stn_gpe_mult': 3.9502191369053916, 'g_gpe_stn_mult': 0.13513761801255603, 'g_stn_gpi_mult': 1.6022124007608909, 'g_gpe_gpi_mult': 0.7089409543267386}. Best is trial 345 with value: 0.11807019291566243.
[I 2026-05-28 21:58:11,387] Trial 416 finished with value: 0.12777016277575762 and parameters: {'ISTN': 60.96869201180932, 'I_gpe': 1.4911843823008124, 'I_gpi': 2.2685386477008227, 'noise_stn_sigma': 3.176064133424798, 'noise_gpe_sigma': 99.01233279814592, 'noise_gpi_sigma': 84.57093325963496, 'g_stn_gpe_mult': 4.0515839669791465, 'g_gpe_stn_mult': 0.13561004745517738, 'g_stn_gpi_mult': 1.629465637107723, 'g_gpe_gpi_mult': 0.7044484537639872}. Best is trial 345 with value: 0.11807019291566243.
[I 2026-05-28 21:58:12,367] Trial 417 finished with value: 0.13668385444297995 and parameters: {'ISTN': 61.82277573267259, 'I_gpe': 1.24833439253503, 'I_gpi': 2.4018803024625424, 'noise_stn_sigma': 3.122223924467229, 'noise_gpe_sigma': 95.3796652100879, 'noise_gpi_sigma': 80.46607120465785, 'g_stn_gpe_mult': 4.009649214831841, 'g_gpe_stn_mult': 0.13988342342567234, 'g_stn_gpi_mult': 1.5852405140712897, 'g_gpe_gpi_mult': 0.714368762643288}. Best is trial 345 with value: 0.11807019291566243.
[I 2026-05-28 21:58:13,347] Trial 418 finished with value: 0.14918933303663867 and parameters: {'ISTN': 61.69502585033126, 'I_gpe': 1.453654065512271, 'I_gpi': 2.2896977700238312, 'noise_stn_sigma': 3.35868114796447, 'noise_gpe_sigma': 98.90200344430836, 'noise_gpi_sigma': 81.78041002244895, 'g_stn_gpe_mult': 3.9124142232648924, 'g_gpe_stn_mult': 0.1591242604819, 'g_stn_gpi_mult': 1.623981269990911, 'g_gpe_gpi_mult': 0.7205335403190205}. Best is trial 345 with value: 0.11807019291566243.
[I 2026-05-28 21:58:14,325] Trial 419 finished with value: 0.14197968325694155 and parameters: {'ISTN': 61.23212395464117, 'I_gpe': 1.4894692528817344, 'I_gpi': 2.3314557051929947, 'noise_stn_sigma': 3.2126081708304195, 'noise_gpe_sigma': 98.02934620963813, 'noise_gpi_sigma': 78.15554210430224, 'g_stn_gpe_mult': 4.037179409284111, 'g_gpe_stn_mult': 0.15287756627223995, 'g_stn_gpi_mult': 1.5487363738487756, 'g_gpe_gpi_mult': 0.7093156544763033}. Best is trial 345 with value: 0.11807019291566243.
[I 2026-05-28 21:58:15,304] Trial 420 finished with value: 0.123558558843918 and parameters: {'ISTN': 61.04574242649947, 'I_gpe': 1.4308707417558661, 'I_gpi': 2.3557071180483984, 'noise_stn_sigma': 3.022936148622046, 'noise_gpe_sigma': 93.36040389033771, 'noise_gpi_sigma': 83.01078305543143, 'g_stn_gpe_mult': 4.1220747233159365, 'g_gpe_stn_mult': 0.1344944706076664, 'g_stn_gpi_mult': 1.711852790203967, 'g_gpe_gpi_mult': 0.7561002442673315}. Best is trial 345 with value: 0.11807019291566243.
[I 2026-05-28 21:58:16,282] Trial 421 finished with value: 0.12563828467241153 and parameters: {'ISTN': 60.33458161554483, 'I_gpe': 1.3539863349136139, 'I_gpi': 2.3686188858975052, 'noise_stn_sigma': 3.2326154652414134, 'noise_gpe_sigma': 98.78464302950994, 'noise_gpi_sigma': 80.39044159275639, 'g_stn_gpe_mult': 3.9941415610262814, 'g_gpe_stn_mult': 0.17494479369463264, 'g_stn_gpi_mult': 1.6479015007134585, 'g_gpe_gpi_mult': 0.7001338919136506}. Best is trial 345 with value: 0.11807019291566243.
[I 2026-05-28 21:58:17,258] Trial 422 finished with value: 0.1444853421440207 and parameters: {'ISTN': 62.35729491448975, 'I_gpe': 1.315037469986878, 'I_gpi': 2.3353748284519398, 'noise_stn_sigma': 3.0378112352783595, 'noise_gpe_sigma': 93.12651451261598, 'noise_gpi_sigma': 82.16774788446244, 'g_stn_gpe_mult': 3.9686412071782025, 'g_gpe_stn_mult': 0.14690257638167145, 'g_stn_gpi_mult': 1.6509952757242519, 'g_gpe_gpi_mult': 0.6973154796128047}. Best is trial 345 with value: 0.11807019291566243.
[I 2026-05-28 21:58:18,234] Trial 423 finished with value: 0.12606313840359082 and parameters: {'ISTN': 61.153440132457305, 'I_gpe': 1.3389450177024722, 'I_gpi': 2.26484929789304, 'noise_stn_sigma': 3.1509057411355936, 'noise_gpe_sigma': 94.32141974738305, 'noise_gpi_sigma': 82.97038900771588, 'g_stn_gpe_mult': 3.8954071318342027, 'g_gpe_stn_mult': 0.12580232741357505, 'g_stn_gpi_mult': 1.6162238849365553, 'g_gpe_gpi_mult': 0.706877454732795}. Best is trial 345 with value: 0.11807019291566243.
[I 2026-05-28 21:58:19,214] Trial 424 finished with value: 0.12505715938157347 and parameters: {'ISTN': 60.20512353675662, 'I_gpe': 1.3985615229602768, 'I_gpi': 2.286234037628799, 'noise_stn_sigma': 3.0704088057803958, 'noise_gpe_sigma': 96.15484821280256, 'noise_gpi_sigma': 82.15045283982985, 'g_stn_gpe_mult': 4.001520853772737, 'g_gpe_stn_mult': 0.12250763893328206, 'g_stn_gpi_mult': 1.6690399897379447, 'g_gpe_gpi_mult': 0.7049819687873484}. Best is trial 345 with value: 0.11807019291566243.
[I 2026-05-28 21:58:20,193] Trial 425 finished with value: 0.1607651645157912 and parameters: {'ISTN': 62.24614761885243, 'I_gpe': 1.297271048376908, 'I_gpi': 2.469517366417996, 'noise_stn_sigma': 3.2484438093068415, 'noise_gpe_sigma': 96.96567123269283, 'noise_gpi_sigma': 79.30047232940953, 'g_stn_gpe_mult': 4.020607730173135, 'g_gpe_stn_mult': 0.17104641129614323, 'g_stn_gpi_mult': 1.7322870974094138, 'g_gpe_gpi_mult': 0.7267642851771348}. Best is trial 345 with value: 0.11807019291566243.
[I 2026-05-28 21:58:21,172] Trial 426 finished with value: 0.6812403532187473 and parameters: {'ISTN': 60.44216379830016, 'I_gpe': 1.3404626003195363, 'I_gpi': 2.23265436085996, 'noise_stn_sigma': 3.5643549295962043, 'noise_gpe_sigma': 93.97335579332754, 'noise_gpi_sigma': 80.25842585727439, 'g_stn_gpe_mult': 4.128152058082982, 'g_gpe_stn_mult': 0.13028415210149724, 'g_stn_gpi_mult': 1.6782133642440544, 'g_gpe_gpi_mult': 0.7614770664011814}. Best is trial 345 with value: 0.11807019291566243.
[I 2026-05-28 21:58:22,149] Trial 427 finished with value: 0.12346189732586933 and parameters: {'ISTN': 60.079139446413905, 'I_gpe': 1.415544203163042, 'I_gpi': 2.4222302298853466, 'noise_stn_sigma': 3.0656388881094836, 'noise_gpe_sigma': 95.46080177471349, 'noise_gpi_sigma': 84.46403512278135, 'g_stn_gpe_mult': 4.027673534626469, 'g_gpe_stn_mult': 0.14721977273017914, 'g_stn_gpi_mult': 1.685551557214959, 'g_gpe_gpi_mult': 0.7316574616795055}. Best is trial 345 with value: 0.11807019291566243.
[I 2026-05-28 21:58:23,128] Trial 428 finished with value: 0.12508008093003775 and parameters: {'ISTN': 61.20334897294656, 'I_gpe': 1.451769053003395, 'I_gpi': 2.3816052585501524, 'noise_stn_sigma': 3.1327699073865496, 'noise_gpe_sigma': 95.42732130147594, 'noise_gpi_sigma': 83.47045603935963, 'g_stn_gpe_mult': 3.8928721251815137, 'g_gpe_stn_mult': 0.13533692725479476, 'g_stn_gpi_mult': 1.67486150402537, 'g_gpe_gpi_mult': 0.7369631897009585}. Best is trial 345 with value: 0.11807019291566243.
[I 2026-05-28 21:58:24,107] Trial 429 finished with value: 0.1417536988911944 and parameters: {'ISTN': 61.177337093303, 'I_gpe': 1.3669623816066858, 'I_gpi': 2.3476437316442085, 'noise_stn_sigma': 3.251066782283786, 'noise_gpe_sigma': 96.82736287839211, 'noise_gpi_sigma': 78.50351487864734, 'g_stn_gpe_mult': 3.965098805910677, 'g_gpe_stn_mult': 0.17287060304768276, 'g_stn_gpi_mult': 1.670440656549385, 'g_gpe_gpi_mult': 0.6868319249362665}. Best is trial 345 with value: 0.11807019291566243.
[I 2026-05-28 21:58:25,086] Trial 430 finished with value: 0.1201233222063305 and parameters: {'ISTN': 60.56535488031687, 'I_gpe': 1.3323961724531284, 'I_gpi': 2.3313745666841394, 'noise_stn_sigma': 3.181735891075432, 'noise_gpe_sigma': 96.31981561455186, 'noise_gpi_sigma': 81.3376618229253, 'g_stn_gpe_mult': 3.9560967077352185, 'g_gpe_stn_mult': 0.12888177218687175, 'g_stn_gpi_mult': 1.637544543100388, 'g_gpe_gpi_mult': 0.722243720909975}. Best is trial 345 with value: 0.11807019291566243.
[I 2026-05-28 21:58:26,066] Trial 431 finished with value: 0.134454943852493 and parameters: {'ISTN': 60.82144061534166, 'I_gpe': 1.4353386001518151, 'I_gpi': 2.478738161825747, 'noise_stn_sigma': 3.090001820070358, 'noise_gpe_sigma': 93.46695627849076, 'noise_gpi_sigma': 78.13531125420576, 'g_stn_gpe_mult': 4.099183354808214, 'g_gpe_stn_mult': 0.12631611825893763, 'g_stn_gpi_mult': 1.7140395857797972, 'g_gpe_gpi_mult': 0.7573890825612528}. Best is trial 345 with value: 0.11807019291566243.
[I 2026-05-28 21:58:27,044] Trial 432 finished with value: 0.13137566475717222 and parameters: {'ISTN': 61.35418949274107, 'I_gpe': 1.4316849151912352, 'I_gpi': 2.341142571930468, 'noise_stn_sigma': 3.082685076007781, 'noise_gpe_sigma': 97.98023179691151, 'noise_gpi_sigma': 82.2031476373822, 'g_stn_gpe_mult': 4.008945514262402, 'g_gpe_stn_mult': 0.14767988385884234, 'g_stn_gpi_mult': 1.7064071792634516, 'g_gpe_gpi_mult': 0.7378907135877086}. Best is trial 345 with value: 0.11807019291566243.
[I 2026-05-28 21:58:28,020] Trial 433 finished with value: 0.12194872226696732 and parameters: {'ISTN': 60.77375290718417, 'I_gpe': 1.3438254536733039, 'I_gpi': 2.4190105267266286, 'noise_stn_sigma': 2.9564546520593664, 'noise_gpe_sigma': 94.62841794289773, 'noise_gpi_sigma': 88.33967271311766, 'g_stn_gpe_mult': 3.9793102938035854, 'g_gpe_stn_mult': 0.14340541230651346, 'g_stn_gpi_mult': 1.610730521629848, 'g_gpe_gpi_mult': 0.7149539625559937}. Best is trial 345 with value: 0.11807019291566243.
[I 2026-05-28 21:58:28,999] Trial 434 finished with value: 0.12396367273207257 and parameters: {'ISTN': 60.18647425731547, 'I_gpe': 1.4840415314496815, 'I_gpi': 2.3051896159410896, 'noise_stn_sigma': 3.2833783216099772, 'noise_gpe_sigma': 97.53538950779038, 'noise_gpi_sigma': 83.52698037816853, 'g_stn_gpe_mult': 4.05374895574546, 'g_gpe_stn_mult': 0.1481009392009902, 'g_stn_gpi_mult': 1.671167332697285, 'g_gpe_gpi_mult': 0.7377420726759318}. Best is trial 345 with value: 0.11807019291566243.
[I 2026-05-28 21:58:29,977] Trial 435 finished with value: 0.12547882855540438 and parameters: {'ISTN': 60.35247259645915, 'I_gpe': 1.3901075288622526, 'I_gpi': 2.242897734051245, 'noise_stn_sigma': 3.048481526502435, 'noise_gpe_sigma': 94.27888609797891, 'noise_gpi_sigma': 84.07759794006213, 'g_stn_gpe_mult': 4.12394343698531, 'g_gpe_stn_mult': 0.1309477272757445, 'g_stn_gpi_mult': 1.6742364038542639, 'g_gpe_gpi_mult': 0.7153039610912577}. Best is trial 345 with value: 0.11807019291566243.
[I 2026-05-28 21:58:30,956] Trial 436 finished with value: 0.1309450596253507 and parameters: {'ISTN': 60.85188315237287, 'I_gpe': 1.4613595777810755, 'I_gpi': 2.2712566939626564, 'noise_stn_sigma': 3.236901965029829, 'noise_gpe_sigma': 98.26510683565563, 'noise_gpi_sigma': 79.19946642577446, 'g_stn_gpe_mult': 3.9495833468676964, 'g_gpe_stn_mult': 0.14798595092768538, 'g_stn_gpi_mult': 1.6952382064247655, 'g_gpe_gpi_mult': 0.7171141495095164}. Best is trial 345 with value: 0.11807019291566243.
[I 2026-05-28 21:58:31,936] Trial 437 finished with value: 0.12645630073215286 and parameters: {'ISTN': 61.86561474744122, 'I_gpe': 1.3717236446318994, 'I_gpi': 2.3075479289825847, 'noise_stn_sigma': 3.102690180504975, 'noise_gpe_sigma': 98.24691977215656, 'noise_gpi_sigma': 82.71091796749616, 'g_stn_gpe_mult': 3.9679799496721353, 'g_gpe_stn_mult': 0.12569718306706887, 'g_stn_gpi_mult': 1.627546926504255, 'g_gpe_gpi_mult': 0.7043189222615014}. Best is trial 345 with value: 0.11807019291566243.
[I 2026-05-28 21:58:32,913] Trial 438 finished with value: 0.12693143368236876 and parameters: {'ISTN': 60.4530478174525, 'I_gpe': 1.3778852666155244, 'I_gpi': 2.395270367096564, 'noise_stn_sigma': 3.0617717285162382, 'noise_gpe_sigma': 92.72394020294396, 'noise_gpi_sigma': 81.78763599239483, 'g_stn_gpe_mult': 3.992143584335403, 'g_gpe_stn_mult': 0.11475779491909124, 'g_stn_gpi_mult': 1.7159666265357647, 'g_gpe_gpi_mult': 0.7325752237286081}. Best is trial 345 with value: 0.11807019291566243.
[I 2026-05-28 21:58:33,895] Trial 439 finished with value: 0.12173401413975049 and parameters: {'ISTN': 60.085506519076624, 'I_gpe': 1.346404300753198, 'I_gpi': 2.3380613834691073, 'noise_stn_sigma': 2.960934934326149, 'noise_gpe_sigma': 94.42512691589579, 'noise_gpi_sigma': 84.1941024017847, 'g_stn_gpe_mult': 3.909084604765047, 'g_gpe_stn_mult': 0.13720643093515336, 'g_stn_gpi_mult': 1.6644152784174175, 'g_gpe_gpi_mult': 0.7389761776791721}. Best is trial 345 with value: 0.11807019291566243.
