[I 2026-05-28 21:57:08,873] Trial 352 finished with value: 0.1691226682989897 and parameters: {'ISTN': 65.56368089184045, 'I_gpe': 1.2684281274712603, 'I_gpi': 2.3066566745437176, 'noise_stn_sigma': 3.674027600778394, 'noise_gpe_sigma': 92.79319144310021, 'noise_gpi_sigma': 85.77818565480496, 'g_stn_gpe_mult': 4.029449530335983, 'g_gpe_stn_mult': 0.10526724910374734, 'g_stn_gpi_mult': 1.571339322462286, 'g_gpe_gpi_mult': 0.7241512895036142}. Best is trial 345 with value: 0.11807019291566243.
[I 2026-05-28 21:57:09,852] Trial 353 finished with value: 0.1431439686712797 and parameters: {'ISTN': 61.069263131967745, 'I_gpe': 1.310667133254041, 'I_gpi': 2.3842044247824075, 'noise_stn_sigma': 3.50712736681361, 'noise_gpe_sigma': 93.12318146567951, 'noise_gpi_sigma': 85.48479119447813, 'g_stn_gpe_mult': 3.781455579108598, 'g_gpe_stn_mult': 0.18476976042891025, 'g_stn_gpi_mult': 1.5853127697426646, 'g_gpe_gpi_mult': 0.69604865404256}. Best is trial 345 with value: 0.11807019291566243.
[I 2026-05-28 21:57:10,831] Trial 354 finished with value: 0.5984876186286583 and parameters: {'ISTN': 63.82437640360125, 'I_gpe': 1.2983317391304579, 'I_gpi': 2.295188290294137, 'noise_stn_sigma': 3.3372102102290837, 'noise_gpe_sigma': 90.96152842223157, 'noise_gpi_sigma': 72.6926320356808, 'g_stn_gpe_mult': 3.9354885559967454, 'g_gpe_stn_mult': 0.1864136065813921, 'g_stn_gpi_mult': 1.6704413703575915, 'g_gpe_gpi_mult': 0.611674311908452}. Best is trial 345 with value: 0.11807019291566243.
[I 2026-05-28 21:57:11,808] Trial 355 finished with value: 0.544078950778894 and parameters: {'ISTN': 61.84400875254232, 'I_gpe': 1.2261973249808138, 'I_gpi': 2.345523034770607, 'noise_stn_sigma': 3.853910761305318, 'noise_gpe_sigma': 96.34548957685337, 'noise_gpi_sigma': 82.98031772151195, 'g_stn_gpe_mult': 3.6942393772957662, 'g_gpe_stn_mult': 0.18487422631692513, 'g_stn_gpi_mult': 1.5714221718087378, 'g_gpe_gpi_mult': 0.7030003071224464}. Best is trial 345 with value: 0.11807019291566243.
[I 2026-05-28 21:57:12,727] Trial 356 finished with value: 1000000.0 and parameters: {'ISTN': 64.18434199266036, 'I_gpe': 1.4261157845947543, 'I_gpi': 2.39269439064976, 'noise_stn_sigma': 3.7938551170962302, 'noise_gpe_sigma': 94.04370299204383, 'noise_gpi_sigma': 80.6552527412431, 'g_stn_gpe_mult': 3.9742121630311757, 'g_gpe_stn_mult': 0.15453206142665793, 'g_stn_gpi_mult': 1.6282637593557592, 'g_gpe_gpi_mult': 0.7110707469727024}. Best is trial 345 with value: 0.11807019291566243.
[I 2026-05-28 21:57:13,705] Trial 357 finished with value: 0.7597189787637204 and parameters: {'ISTN': 62.84581493963502, 'I_gpe': 1.200553188011146, 'I_gpi': 2.526274338015252, 'noise_stn_sigma': 3.5567395057428652, 'noise_gpe_sigma': 96.53202865755469, 'noise_gpi_sigma': 85.11186067722306, 'g_stn_gpe_mult': 3.7621310850847496, 'g_gpe_stn_mult': 0.14908985659313873, 'g_stn_gpi_mult': 1.4518917942484157, 'g_gpe_gpi_mult': 0.6541645487330064}. Best is trial 345 with value: 0.11807019291566243.
[I 2026-05-28 21:57:14,682] Trial 358 finished with value: 0.5414441450364086 and parameters: {'ISTN': 61.11231627837488, 'I_gpe': 1.341964721673669, 'I_gpi': 2.205120208625731, 'noise_stn_sigma': 3.4082642545239823, 'noise_gpe_sigma': 103.03239425373985, 'noise_gpi_sigma': 82.90286963985258, 'g_stn_gpe_mult': 3.688168851819458, 'g_gpe_stn_mult': 0.20719910506083844, 'g_stn_gpi_mult': 1.564834888454453, 'g_gpe_gpi_mult': 0.5939597214931007}. Best is trial 345 with value: 0.11807019291566243.
[I 2026-05-28 21:57:15,660] Trial 359 finished with value: 0.15095744319639895 and parameters: {'ISTN': 62.61597671202839, 'I_gpe': 1.3381972397910857, 'I_gpi': 2.2783968651613056, 'noise_stn_sigma': 3.3962044677137033, 'noise_gpe_sigma': 94.6987508595842, 'noise_gpi_sigma': 84.29273992008801, 'g_stn_gpe_mult': 4.028816416214653, 'g_gpe_stn_mult': 0.1873602599990123, 'g_stn_gpi_mult': 1.644011488018922, 'g_gpe_gpi_mult': 0.7285667966026845}. Best is trial 345 with value: 0.11807019291566243.
[I 2026-05-28 21:57:16,639] Trial 360 finished with value: 0.14952974392029406 and parameters: {'ISTN': 60.13455833360701, 'I_gpe': 1.4638005577404805, 'I_gpi': 2.4398287830413277, 'noise_stn_sigma': 3.4103018662409106, 'noise_gpe_sigma': 95.38644759953331, 'noise_gpi_sigma': 71.68737030845767, 'g_stn_gpe_mult': 3.8746327526061033, 'g_gpe_stn_mult': 0.17310715109484126, 'g_stn_gpi_mult': 1.7314493141689826, 'g_gpe_gpi_mult': 0.6636252534622584}. Best is trial 345 with value: 0.11807019291566243.
[I 2026-05-28 21:57:17,619] Trial 361 finished with value: 0.14316575060612785 and parameters: {'ISTN': 60.10515292264542, 'I_gpe': 1.3924897733760098, 'I_gpi': 2.455240348626952, 'noise_stn_sigma': 3.266225301970074, 'noise_gpe_sigma': 99.66647420547766, 'noise_gpi_sigma': 84.12153757966655, 'g_stn_gpe_mult': 3.86373963367029, 'g_gpe_stn_mult': 0.20446931866580534, 'g_stn_gpi_mult': 1.6229050255814208, 'g_gpe_gpi_mult': 0.7050048326058624}. Best is trial 345 with value: 0.11807019291566243.
[I 2026-05-28 21:57:18,599] Trial 362 finished with value: 0.13233017567097388 and parameters: {'ISTN': 60.694021070155145, 'I_gpe': 1.4233333847680005, 'I_gpi': 2.268018071334846, 'noise_stn_sigma': 3.532874802813987, 'noise_gpe_sigma': 92.97396247520432, 'noise_gpi_sigma': 83.9981015536296, 'g_stn_gpe_mult': 3.833667003521227, 'g_gpe_stn_mult': 0.16198163399228177, 'g_stn_gpi_mult': 1.6708969335791208, 'g_gpe_gpi_mult': 0.7141692460916933}. Best is trial 345 with value: 0.11807019291566243.
[I 2026-05-28 21:57:19,578] Trial 363 finished with value: 0.1537766662749247 and parameters: {'ISTN': 60.80222076285613, 'I_gpe': 1.1285925664069953, 'I_gpi': 2.3171954121434086, 'noise_stn_sigma': 3.5901978709873004, 'noise_gpe_sigma': 94.52455204037625, 'noise_gpi_sigma': 83.24742020388027, 'g_stn_gpe_mult': 3.6929728743181736, 'g_gpe_stn_mult': 0.19447584046395544, 'g_stn_gpi_mult': 1.4603964974732753, 'g_gpe_gpi_mult': 0.6925566544493442}. Best is trial 345 with value: 0.11807019291566243.
[I 2026-05-28 21:57:20,556] Trial 364 finished with value: 0.1267403738901106 and parameters: {'ISTN': 60.07239543123851, 'I_gpe': 1.385164140695104, 'I_gpi': 2.366674931844445, 'noise_stn_sigma': 3.2385536084299957, 'noise_gpe_sigma': 96.99433490593, 'noise_gpi_sigma': 86.17475701252297, 'g_stn_gpe_mult': 3.969677650480084, 'g_gpe_stn_mult': 0.18356683869061996, 'g_stn_gpi_mult': 1.7281774316373149, 'g_gpe_gpi_mult': 0.6918589310625782}. Best is trial 345 with value: 0.11807019291566243.
[I 2026-05-28 21:57:21,533] Trial 365 finished with value: 0.1619352492533854 and parameters: {'ISTN': 62.318619120230196, 'I_gpe': 1.3860011495531523, 'I_gpi': 2.3647409563203627, 'noise_stn_sigma': 3.7965217975701293, 'noise_gpe_sigma': 95.5720714559152, 'noise_gpi_sigma': 82.68026033121271, 'g_stn_gpe_mult': 3.834907710972445, 'g_gpe_stn_mult': 0.17204556195001103, 'g_stn_gpi_mult': 1.529442861179887, 'g_gpe_gpi_mult': 0.6782622082036893}. Best is trial 345 with value: 0.11807019291566243.
[I 2026-05-28 21:57:22,513] Trial 366 finished with value: 0.15186311413183512 and parameters: {'ISTN': 61.203466378666974, 'I_gpe': 1.3847117443379156, 'I_gpi': 2.1979697555748228, 'noise_stn_sigma': 3.625261132376784, 'noise_gpe_sigma': 97.14659308608115, 'noise_gpi_sigma': 84.38709117111225, 'g_stn_gpe_mult': 3.801610044563314, 'g_gpe_stn_mult': 0.21818544481393673, 'g_stn_gpi_mult': 1.6670789005147348, 'g_gpe_gpi_mult': 0.682313761757978}. Best is trial 345 with value: 0.11807019291566243.
[I 2026-05-28 21:57:23,490] Trial 367 finished with value: 0.24155073848507164 and parameters: {'ISTN': 60.33951953220723, 'I_gpe': 1.4786742487119264, 'I_gpi': 2.461515660445157, 'noise_stn_sigma': 3.3813443564433894, 'noise_gpe_sigma': 96.83967249366195, 'noise_gpi_sigma': 80.9829185861824, 'g_stn_gpe_mult': 3.876048290599003, 'g_gpe_stn_mult': 0.18493874798764454, 'g_stn_gpi_mult': 1.610622157724759, 'g_gpe_gpi_mult': 0.7026858754197849}. Best is trial 345 with value: 0.11807019291566243.
[I 2026-05-28 21:57:24,468] Trial 368 finished with value: 0.16107164863986156 and parameters: {'ISTN': 63.20748774176846, 'I_gpe': 1.274507200099825, 'I_gpi': 2.4117498833252724, 'noise_stn_sigma': 3.8991596307625334, 'noise_gpe_sigma': 97.90544710898182, 'noise_gpi_sigma': 81.67129427103374, 'g_stn_gpe_mult': 3.9341046485767226, 'g_gpe_stn_mult': 0.17693918905902525, 'g_stn_gpi_mult': 1.6488055779396822, 'g_gpe_gpi_mult': 0.7273011082449821}. Best is trial 345 with value: 0.11807019291566243.
[I 2026-05-28 21:57:25,447] Trial 369 finished with value: 0.15762775569837567 and parameters: {'ISTN': 61.19136329427799, 'I_gpe': 1.4348826371025423, 'I_gpi': 2.4204288852273335, 'noise_stn_sigma': 3.6543987531724964, 'noise_gpe_sigma': 94.48525296143771, 'noise_gpi_sigma': 79.20709725014797, 'g_stn_gpe_mult': 3.839314941693841, 'g_gpe_stn_mult': 0.20760183056562562, 'g_stn_gpi_mult': 1.744106694412442, 'g_gpe_gpi_mult': 0.6868117141438731}. Best is trial 345 with value: 0.11807019291566243.
[I 2026-05-28 21:57:26,427] Trial 370 finished with value: 0.1618315936990717 and parameters: {'ISTN': 63.431247667032935, 'I_gpe': 1.3927865199649918, 'I_gpi': 2.3304569502921573, 'noise_stn_sigma': 3.3862168488676594, 'noise_gpe_sigma': 87.65483315883279, 'noise_gpi_sigma': 84.21339111929032, 'g_stn_gpe_mult': 3.922218787727172, 'g_gpe_stn_mult': 0.13897795760168957, 'g_stn_gpi_mult': 1.5384937640830125, 'g_gpe_gpi_mult': 0.6883651598965618}. Best is trial 345 with value: 0.11807019291566243.
[I 2026-05-28 21:57:27,407] Trial 371 finished with value: 0.13210532872098513 and parameters: {'ISTN': 60.38300615777209, 'I_gpe': 1.4123625667640853, 'I_gpi': 2.3769221545953267, 'noise_stn_sigma': 3.3463272927839047, 'noise_gpe_sigma': 97.59178792912776, 'noise_gpi_sigma': 84.2917265478015, 'g_stn_gpe_mult': 3.7229059249305654, 'g_gpe_stn_mult': 0.1762662352505752, 'g_stn_gpi_mult': 1.5978511747103858, 'g_gpe_gpi_mult': 0.6849328860214078}. Best is trial 345 with value: 0.11807019291566243.
[I 2026-05-28 21:57:28,385] Trial 372 finished with value: 0.14976224968919385 and parameters: {'ISTN': 61.80558163394502, 'I_gpe': 1.3809584216062483, 'I_gpi': 2.3824739007399454, 'noise_stn_sigma': 3.4730732057725713, 'noise_gpe_sigma': 96.01008443009471, 'noise_gpi_sigma': 82.88854448500864, 'g_stn_gpe_mult': 3.9371236203283293, 'g_gpe_stn_mult': 0.1755263402389199, 'g_stn_gpi_mult': 1.7409534541126102, 'g_gpe_gpi_mult': 0.7194405155386498}. Best is trial 345 with value: 0.11807019291566243.
[I 2026-05-28 21:57:29,365] Trial 373 finished with value: 0.15612783029617702 and parameters: {'ISTN': 62.95154940938943, 'I_gpe': 1.4392162566700204, 'I_gpi': 2.3118065259551344, 'noise_stn_sigma': 3.4720109240662356, 'noise_gpe_sigma': 98.43777941947607, 'noise_gpi_sigma': 81.04533423511172, 'g_stn_gpe_mult': 4.0501362453936425, 'g_gpe_stn_mult': 0.19121545848385502, 'g_stn_gpi_mult': 1.6177291519054104, 'g_gpe_gpi_mult': 0.7621813243426361}. Best is trial 345 with value: 0.11807019291566243.
[I 2026-05-28 21:57:30,344] Trial 374 finished with value: 0.1538329772507949 and parameters: {'ISTN': 61.44106845286385, 'I_gpe': 1.4597805334424767, 'I_gpi': 2.3742822625675273, 'noise_stn_sigma': 3.2571428723350935, 'noise_gpe_sigma': 94.08165252523328, 'noise_gpi_sigma': 80.44317574964904, 'g_stn_gpe_mult': 3.7864412936550065, 'g_gpe_stn_mult': 0.17292111973165897, 'g_stn_gpi_mult': 1.7177404042440636, 'g_gpe_gpi_mult': 0.6975233333640201}. Best is trial 345 with value: 0.11807019291566243.
[I 2026-05-28 21:57:31,320] Trial 375 finished with value: 0.15123887448447537 and parameters: {'ISTN': 60.468225536386186, 'I_gpe': 1.4079331206037675, 'I_gpi': 2.1560393665070956, 'noise_stn_sigma': 3.710278652762046, 'noise_gpe_sigma': 98.62767436170867, 'noise_gpi_sigma': 79.5702574374206, 'g_stn_gpe_mult': 3.952014136034519, 'g_gpe_stn_mult': 0.18740168428643406, 'g_stn_gpi_mult': 1.6265680301290433, 'g_gpe_gpi_mult': 0.6615746385685264}. Best is trial 345 with value: 0.11807019291566243.
[I 2026-05-28 21:57:32,299] Trial 376 finished with value: 0.14480315139317443 and parameters: {'ISTN': 60.20706164909284, 'I_gpe': 1.259876259970206, 'I_gpi': 2.4910568367927004, 'noise_stn_sigma': 3.3566703404858638, 'noise_gpe_sigma': 98.06709797231353, 'noise_gpi_sigma': 83.1199635676036, 'g_stn_gpe_mult': 3.963280176182957, 'g_gpe_stn_mult': 0.19564706734446968, 'g_stn_gpi_mult': 1.7408027091684002, 'g_gpe_gpi_mult': 0.6868549716096922}. Best is trial 345 with value: 0.11807019291566243.
[I 2026-05-28 21:57:33,279] Trial 377 finished with value: 0.1403051697169493 and parameters: {'ISTN': 60.70824966198548, 'I_gpe': 1.4282005790088275, 'I_gpi': 2.272055014475688, 'noise_stn_sigma': 3.0307870415639195, 'noise_gpe_sigma': 92.57525398238192, 'noise_gpi_sigma': 81.26037400481343, 'g_stn_gpe_mult': 3.974392494423913, 'g_gpe_stn_mult': 0.17716522814600272, 'g_stn_gpi_mult': 1.6465946437077514, 'g_gpe_gpi_mult': 0.6698765002001127}. Best is trial 345 with value: 0.11807019291566243.
[I 2026-05-28 21:57:34,255] Trial 378 finished with value: 0.12208980737952585 and parameters: {'ISTN': 60.72449033809215, 'I_gpe': 1.3954288073153989, 'I_gpi': 2.2615932046743215, 'noise_stn_sigma': 3.4616335135886933, 'noise_gpe_sigma': 95.31170603231043, 'noise_gpi_sigma': 85.58003403211352, 'g_stn_gpe_mult': 3.95749532063986, 'g_gpe_stn_mult': 0.13759329399340686, 'g_stn_gpi_mult': 1.6375026972127222, 'g_gpe_gpi_mult': 0.722811425641243}. Best is trial 345 with value: 0.11807019291566243.
[I 2026-05-28 21:57:35,231] Trial 379 finished with value: 0.16360543721738127 and parameters: {'ISTN': 61.44286133292444, 'I_gpe': 1.3121160251371604, 'I_gpi': 2.5288866892513457, 'noise_stn_sigma': 3.2355856991343086, 'noise_gpe_sigma': 90.28448008780184, 'noise_gpi_sigma': 83.00132165296655, 'g_stn_gpe_mult': 3.8409327242497926, 'g_gpe_stn_mult': 0.17796626083880793, 'g_stn_gpi_mult': 1.7875106037548714, 'g_gpe_gpi_mult': 0.7620261913112338}. Best is trial 345 with value: 0.11807019291566243.
[I 2026-05-28 21:57:36,210] Trial 380 finished with value: 0.14825504233632875 and parameters: {'ISTN': 61.61202366149847, 'I_gpe': 1.3491058886136982, 'I_gpi': 2.3419545755355546, 'noise_stn_sigma': 3.340282259728882, 'noise_gpe_sigma': 92.24665543187673, 'noise_gpi_sigma': 85.31154303469324, 'g_stn_gpe_mult': 4.081461080851885, 'g_gpe_stn_mult': 0.18062827526246397, 'g_stn_gpi_mult': 1.6015320257545658, 'g_gpe_gpi_mult': 0.7049470565665232}. Best is trial 345 with value: 0.11807019291566243.
[I 2026-05-28 21:57:37,191] Trial 381 finished with value: 0.12192187970083582 and parameters: {'ISTN': 60.01325910996384, 'I_gpe': 1.417709549083799, 'I_gpi': 2.2693240885231907, 'noise_stn_sigma': 3.1958003522794667, 'noise_gpe_sigma': 94.82178586014643, 'noise_gpi_sigma': 84.56971136002926, 'g_stn_gpe_mult': 3.8789031829444975, 'g_gpe_stn_mult': 0.16762066627799938, 'g_stn_gpi_mult': 1.7109362979192715, 'g_gpe_gpi_mult': 0.6794449012632938}. Best is trial 345 with value: 0.11807019291566243.
[I 2026-05-28 21:57:38,168] Trial 382 finished with value: 0.16296313848888858 and parameters: {'ISTN': 61.21711601467276, 'I_gpe': 1.4505614282196837, 'I_gpi': 2.118790104907819, 'noise_stn_sigma': 3.325804443473374, 'noise_gpe_sigma': 96.60227377122945, 'noise_gpi_sigma': 86.81986653108663, 'g_stn_gpe_mult': 3.799067910679751, 'g_gpe_stn_mult': 0.16850944556772657, 'g_stn_gpi_mult': 1.593899372606434, 'g_gpe_gpi_mult': 0.6926853694420889}. Best is trial 345 with value: 0.11807019291566243.
[I 2026-05-28 21:57:39,147] Trial 383 finished with value: 0.1606478890051196 and parameters: {'ISTN': 62.899475714939456, 'I_gpe': 1.3651879768167334, 'I_gpi': 2.179499213455263, 'noise_stn_sigma': 3.3012588439659636, 'noise_gpe_sigma': 90.9313312924706, 'noise_gpi_sigma': 85.08779578036115, 'g_stn_gpe_mult': 3.993252880581336, 'g_gpe_stn_mult': 0.14056457005501952, 'g_stn_gpi_mult': 1.584860960880811, 'g_gpe_gpi_mult': 0.6899378919189574}. Best is trial 345 with value: 0.11807019291566243.
[I 2026-05-28 21:57:40,124] Trial 384 finished with value: 0.12982688193122888 and parameters: {'ISTN': 60.73044890545722, 'I_gpe': 1.375122136448445, 'I_gpi': 2.3377003605854956, 'noise_stn_sigma': 3.41905736711536, 'noise_gpe_sigma': 93.70562429529465, 'noise_gpi_sigma': 84.79103784688313, 'g_stn_gpe_mult': 4.0468207034112345, 'g_gpe_stn_mult': 0.16828216868079715, 'g_stn_gpi_mult': 1.658485053449695, 'g_gpe_gpi_mult': 0.6836625351651437}. Best is trial 345 with value: 0.11807019291566243.
[I 2026-05-28 21:57:41,104] Trial 385 finished with value: 0.13449081286933204 and parameters: {'ISTN': 60.34355811673819, 'I_gpe': 1.4983971531832427, 'I_gpi': 2.3253247863649653, 'noise_stn_sigma': 3.492030516386811, 'noise_gpe_sigma': 92.54566314431288, 'noise_gpi_sigma': 81.58407097068354, 'g_stn_gpe_mult': 3.916484234938865, 'g_gpe_stn_mult': 0.17018948211208906, 'g_stn_gpi_mult': 1.718151683506592, 'g_gpe_gpi_mult': 0.6940692261293544}. Best is trial 345 with value: 0.11807019291566243.
[I 2026-05-28 21:57:42,081] Trial 386 finished with value: 0.15794565267041666 and parameters: {'ISTN': 62.45898450643322, 'I_gpe': 1.4096386321711534, 'I_gpi': 2.44781085579259, 'noise_stn_sigma': 3.008827888088476, 'noise_gpe_sigma': 91.858404889724, 'noise_gpi_sigma': 80.1733793616654, 'g_stn_gpe_mult': 3.759797742326982, 'g_gpe_stn_mult': 0.14910377854168416, 'g_stn_gpi_mult': 1.6920131374949314, 'g_gpe_gpi_mult': 0.6834641017805301}. Best is trial 345 with value: 0.11807019291566243.
[I 2026-05-28 21:57:43,058] Trial 387 finished with value: 0.1456580670608626 and parameters: {'ISTN': 60.461293503022574, 'I_gpe': 1.3273427744479454, 'I_gpi': 2.2413420207812598, 'noise_stn_sigma': 3.352845265205616, 'noise_gpe_sigma': 96.26671180149249, 'noise_gpi_sigma': 84.08609843234488, 'g_stn_gpe_mult': 3.8279655809339523, 'g_gpe_stn_mult': 0.17229597434236316, 'g_stn_gpi_mult': 1.69184944104438, 'g_gpe_gpi_mult': 0.7121845673984089}. Best is trial 345 with value: 0.11807019291566243.
[I 2026-05-28 21:57:44,037] Trial 388 finished with value: 0.12117741099297814 and parameters: {'ISTN': 60.60241407907634, 'I_gpe': 1.4287196471141455, 'I_gpi': 2.2967369255026897, 'noise_stn_sigma': 3.265537736050498, 'noise_gpe_sigma': 99.88867077775376, 'noise_gpi_sigma': 85.35933765831318, 'g_stn_gpe_mult': 4.111332675941701, 'g_gpe_stn_mult': 0.14869055035660042, 'g_stn_gpi_mult': 1.6681344792087751, 'g_gpe_gpi_mult': 0.7352519843941614}. Best is trial 345 with value: 0.11807019291566243.
[I 2026-05-28 21:57:45,013] Trial 389 finished with value: 0.16291480173544376 and parameters: {'ISTN': 62.2734698143225, 'I_gpe': 1.307245935272133, 'I_gpi': 2.3291692570114453, 'noise_stn_sigma': 3.349517658919972, 'noise_gpe_sigma': 101.703932969178, 'noise_gpi_sigma': 76.96854995844625, 'g_stn_gpe_mult': 3.856854027202753, 'g_gpe_stn_mult': 0.20513330214651276, 'g_stn_gpi_mult': 1.679933952190243, 'g_gpe_gpi_mult': 0.7120129759148259}. Best is trial 345 with value: 0.11807019291566243.
[I 2026-05-28 21:57:45,990] Trial 390 finished with value: 0.1581004979303357 and parameters: {'ISTN': 61.76008247038886, 'I_gpe': 1.457724115022133, 'I_gpi': 2.333598904810776, 'noise_stn_sigma': 3.3587716699304146, 'noise_gpe_sigma': 94.5185213505304, 'noise_gpi_sigma': 76.69641465715891, 'g_stn_gpe_mult': 3.765773249195096, 'g_gpe_stn_mult': 0.18387656130006558, 'g_stn_gpi_mult': 1.6172450551483868, 'g_gpe_gpi_mult': 0.6999581453288996}. Best is trial 345 with value: 0.11807019291566243.
[I 2026-05-28 21:57:46,970] Trial 391 finished with value: 0.12684326221718545 and parameters: {'ISTN': 60.815659456487595, 'I_gpe': 1.3485823561924202, 'I_gpi': 2.3506218302643465, 'noise_stn_sigma': 3.29141013444657, 'noise_gpe_sigma': 99.22938753369543, 'noise_gpi_sigma': 86.73099247264864, 'g_stn_gpe_mult': 3.959904348647279, 'g_gpe_stn_mult': 0.1630400117698454, 'g_stn_gpi_mult': 1.653645391448236, 'g_gpe_gpi_mult': 0.70657358059494}. Best is trial 345 with value: 0.11807019291566243.
[I 2026-05-28 21:57:47,890] Trial 392 finished with value: 1000000.0 and parameters: {'ISTN': 61.08433491001755, 'I_gpe': 1.4269554996167715, 'I_gpi': 2.2900063935359753, 'noise_stn_sigma': 3.746213850596411, 'noise_gpe_sigma': 96.93282364218486, 'noise_gpi_sigma': 92.98156865576357, 'g_stn_gpe_mult': 3.8299448360116317, 'g_gpe_stn_mult': 0.10816805935027417, 'g_stn_gpi_mult': 1.6094195681813168, 'g_gpe_gpi_mult': 0.7349239858098471}. Best is trial 345 with value: 0.11807019291566243.
[I 2026-05-28 21:57:48,869] Trial 393 finished with value: 0.15532416772350296 and parameters: {'ISTN': 62.05008160647891, 'I_gpe': 1.4837215421703618, 'I_gpi': 2.2310398054325282, 'noise_stn_sigma': 3.327425374233186, 'noise_gpe_sigma': 93.37086588875611, 'noise_gpi_sigma': 85.71512609084859, 'g_stn_gpe_mult': 4.041035482201378, 'g_gpe_stn_mult': 0.14655074683213382, 'g_stn_gpi_mult': 1.598122941180943, 'g_gpe_gpi_mult': 0.7105258045544518}. Best is trial 345 with value: 0.11807019291566243.
[I 2026-05-28 21:57:49,849] Trial 394 finished with value: 0.13393931446622453 and parameters: {'ISTN': 61.10946560416876, 'I_gpe': 1.2702451721711125, 'I_gpi': 2.359690568260625, 'noise_stn_sigma': 3.4616505006437746, 'noise_gpe_sigma': 95.2820706659571, 'noise_gpi_sigma': 83.2496825333062, 'g_stn_gpe_mult': 4.052650562533744, 'g_gpe_stn_mult': 0.1659209901035229, 'g_stn_gpi_mult': 1.613949945564645, 'g_gpe_gpi_mult': 0.7115770104287245}. Best is trial 345 with value: 0.11807019291566243.
[I 2026-05-28 21:57:50,827] Trial 395 finished with value: 0.12340349272704848 and parameters: {'ISTN': 60.345722888430124, 'I_gpe': 1.4279949426591114, 'I_gpi': 2.3075136355279784, 'noise_stn_sigma': 3.085211094845848, 'noise_gpe_sigma': 96.40615818513547, 'noise_gpi_sigma': 82.28188481325418, 'g_stn_gpe_mult': 4.083258671769927, 'g_gpe_stn_mult': 0.16589881445041627, 'g_stn_gpi_mult': 1.5918005830521742, 'g_gpe_gpi_mult': 0.6945964462620229}. Best is trial 345 with value: 0.11807019291566243.
