[I 2026-05-28 22:17:49,224] Trial 572 finished with value: 4.972929343785144 and parameters: {'ISTN': 109.96834463942258, 'I_gpe': 2.3156375695331315, 'I_gpi': 2.3144087482570255, 'noise_stn_sigma': 4.956703648313862, 'noise_gpe_sigma': 108.82104931012891, 'noise_gpi_sigma': 136.3020397089397, 'g_stn_gpe_mult': 4.110716583921856, 'g_gpe_stn_mult': 0.6371334407045931, 'g_stn_gpi_mult': 1.6751468652618584, 'g_gpe_gpi_mult': 0.7793794145153834}. Best is trial 516 with value: 0.9043779998207784.
[I 2026-05-28 22:17:50,267] Trial 573 finished with value: 5.502946371620658 and parameters: {'ISTN': 110.73525483515462, 'I_gpe': 2.253203628793522, 'I_gpi': 1.9792243934551252, 'noise_stn_sigma': 4.967084291611541, 'noise_gpe_sigma': 118.87811761366196, 'noise_gpi_sigma': 138.37635671895066, 'g_stn_gpe_mult': 4.060079363425782, 'g_gpe_stn_mult': 0.6108336499929549, 'g_stn_gpi_mult': 1.7965241595809998, 'g_gpe_gpi_mult': 0.7291124570407881}. Best is trial 516 with value: 0.9043779998207784.
[I 2026-05-28 22:17:51,308] Trial 574 finished with value: 2.525122919441777 and parameters: {'ISTN': 109.06764557553377, 'I_gpe': 2.3349403039413485, 'I_gpi': 1.7186960765343262, 'noise_stn_sigma': 4.872304156807571, 'noise_gpe_sigma': 114.38688678926981, 'noise_gpi_sigma': 125.2288725798983, 'g_stn_gpe_mult': 4.085885659261043, 'g_gpe_stn_mult': 0.6329293457382413, 'g_stn_gpi_mult': 1.8887854248957632, 'g_gpe_gpi_mult': 0.8010326089298252}. Best is trial 516 with value: 0.9043779998207784.
[I 2026-05-28 22:17:52,348] Trial 575 finished with value: 6.889399066143145 and parameters: {'ISTN': 104.53643203562689, 'I_gpe': 2.4119195134529954, 'I_gpi': 2.0514031823850516, 'noise_stn_sigma': 4.7277691341380725, 'noise_gpe_sigma': 118.66679016312776, 'noise_gpi_sigma': 133.0294678037586, 'g_stn_gpe_mult': 3.7781222403544588, 'g_gpe_stn_mult': 0.6356735794324423, 'g_stn_gpi_mult': 1.8147787136086335, 'g_gpe_gpi_mult': 0.8093289732639466}. Best is trial 516 with value: 0.9043779998207784.
[I 2026-05-28 22:17:53,390] Trial 576 finished with value: 3.390103143843592 and parameters: {'ISTN': 108.92100670647818, 'I_gpe': 2.4211954918094514, 'I_gpi': 1.9946842256957162, 'noise_stn_sigma': 5.125928811495617, 'noise_gpe_sigma': 117.37200592763487, 'noise_gpi_sigma': 131.26098256990534, 'g_stn_gpe_mult': 4.00882055101477, 'g_gpe_stn_mult': 0.6188593283351529, 'g_stn_gpi_mult': 2.0082500266029255, 'g_gpe_gpi_mult': 0.7144715436127287}. Best is trial 516 with value: 0.9043779998207784.
[I 2026-05-28 22:17:54,433] Trial 577 finished with value: 4.473192644981527 and parameters: {'ISTN': 106.62688288221727, 'I_gpe': 2.3423261408192384, 'I_gpi': 1.963861988585828, 'noise_stn_sigma': 4.5835213146425, 'noise_gpe_sigma': 112.73626663409813, 'noise_gpi_sigma': 138.90708397069767, 'g_stn_gpe_mult': 3.75814635402209, 'g_gpe_stn_mult': 0.6209255107231092, 'g_stn_gpi_mult': 1.9410027441541662, 'g_gpe_gpi_mult': 0.7887488921420069}. Best is trial 516 with value: 0.9043779998207784.
[I 2026-05-28 22:17:55,473] Trial 578 finished with value: 6.684027339177507 and parameters: {'ISTN': 111.89993456731378, 'I_gpe': 2.384874675073851, 'I_gpi': 2.0144096103496762, 'noise_stn_sigma': 4.453650584699403, 'noise_gpe_sigma': 118.35007448042363, 'noise_gpi_sigma': 131.88600477240462, 'g_stn_gpe_mult': 3.96415776620418, 'g_gpe_stn_mult': 0.6335966799933362, 'g_stn_gpi_mult': 1.8815168048470456, 'g_gpe_gpi_mult': 0.7619098690644988}. Best is trial 516 with value: 0.9043779998207784.
[I 2026-05-28 22:17:56,515] Trial 579 finished with value: 4.729629752275807 and parameters: {'ISTN': 106.67901388278796, 'I_gpe': 2.3923041543109704, 'I_gpi': 1.8299130679703195, 'noise_stn_sigma': 4.797536504868772, 'noise_gpe_sigma': 118.27759549773633, 'noise_gpi_sigma': 127.20937191466975, 'g_stn_gpe_mult': 3.9132613403424426, 'g_gpe_stn_mult': 0.6239144266539903, 'g_stn_gpi_mult': 1.8780886432964932, 'g_gpe_gpi_mult': 0.7474315255673569}. Best is trial 516 with value: 0.9043779998207784.
[I 2026-05-28 22:17:57,557] Trial 580 finished with value: 5.291617463788571 and parameters: {'ISTN': 109.06938839420857, 'I_gpe': 2.260974265784437, 'I_gpi': 2.270536411603581, 'noise_stn_sigma': 4.611062454670114, 'noise_gpe_sigma': 114.83148427875742, 'noise_gpi_sigma': 133.0224381590927, 'g_stn_gpe_mult': 3.8671018502665113, 'g_gpe_stn_mult': 0.6317719266578912, 'g_stn_gpi_mult': 1.8917096477568747, 'g_gpe_gpi_mult': 0.7303745251587772}. Best is trial 516 with value: 0.9043779998207784.
[I 2026-05-28 22:17:58,599] Trial 581 finished with value: 5.459118120066035 and parameters: {'ISTN': 104.06393112509468, 'I_gpe': 2.365666563417564, 'I_gpi': 1.6648437379142562, 'noise_stn_sigma': 5.048807882439112, 'noise_gpe_sigma': 114.70989826814824, 'noise_gpi_sigma': 129.13725384996332, 'g_stn_gpe_mult': 4.113466978544375, 'g_gpe_stn_mult': 0.5926617066568156, 'g_stn_gpi_mult': 1.86520822066045, 'g_gpe_gpi_mult': 0.7270237064440968}. Best is trial 516 with value: 0.9043779998207784.
[I 2026-05-28 22:17:59,642] Trial 582 finished with value: 6.163753526214022 and parameters: {'ISTN': 112.53769984565415, 'I_gpe': 2.317761553051442, 'I_gpi': 1.862939584899598, 'noise_stn_sigma': 4.914115019676321, 'noise_gpe_sigma': 121.95097615179445, 'noise_gpi_sigma': 125.25975719999198, 'g_stn_gpe_mult': 4.021143584298644, 'g_gpe_stn_mult': 0.6473514889881834, 'g_stn_gpi_mult': 1.8753638821898468, 'g_gpe_gpi_mult': 0.802897026719813}. Best is trial 516 with value: 0.9043779998207784.
[I 2026-05-28 22:18:00,683] Trial 583 finished with value: 5.194410625090694 and parameters: {'ISTN': 104.69924653158503, 'I_gpe': 2.4284930697633964, 'I_gpi': 2.081761734311524, 'noise_stn_sigma': 5.00963194618318, 'noise_gpe_sigma': 107.91122815004006, 'noise_gpi_sigma': 131.66017088885246, 'g_stn_gpe_mult': 3.6727110727004186, 'g_gpe_stn_mult': 0.6160463183119533, 'g_stn_gpi_mult': 2.1107197910890747, 'g_gpe_gpi_mult': 0.8081560085748842}. Best is trial 516 with value: 0.9043779998207784.
[I 2026-05-28 22:18:01,725] Trial 584 finished with value: 3.5235185910733504 and parameters: {'ISTN': 107.8933293143738, 'I_gpe': 2.354038729338443, 'I_gpi': 1.6915204561340853, 'noise_stn_sigma': 4.756481927982415, 'noise_gpe_sigma': 110.25635389114079, 'noise_gpi_sigma': 125.8281745233656, 'g_stn_gpe_mult': 4.084796833859074, 'g_gpe_stn_mult': 0.6261353166596136, 'g_stn_gpi_mult': 1.7516328036074904, 'g_gpe_gpi_mult': 0.7397397976113431}. Best is trial 516 with value: 0.9043779998207784.
[I 2026-05-28 22:18:02,766] Trial 585 finished with value: 5.174154980214542 and parameters: {'ISTN': 110.66781500863647, 'I_gpe': 2.2700519510864003, 'I_gpi': 1.512383608345747, 'noise_stn_sigma': 4.9262898844118785, 'noise_gpe_sigma': 119.54076041501773, 'noise_gpi_sigma': 125.96943271144991, 'g_stn_gpe_mult': 4.133676352125886, 'g_gpe_stn_mult': 0.6448524666704163, 'g_stn_gpi_mult': 1.7894833028600983, 'g_gpe_gpi_mult': 0.6977292400679505}. Best is trial 516 with value: 0.9043779998207784.
[I 2026-05-28 22:18:03,809] Trial 586 finished with value: 4.527894179117589 and parameters: {'ISTN': 110.76306737078829, 'I_gpe': 2.3824495428229624, 'I_gpi': 2.031455691295533, 'noise_stn_sigma': 4.794047409848634, 'noise_gpe_sigma': 108.59427263013636, 'noise_gpi_sigma': 119.98283200457918, 'g_stn_gpe_mult': 3.807012065257601, 'g_gpe_stn_mult': 0.6259349015380412, 'g_stn_gpi_mult': 2.0287640150946014, 'g_gpe_gpi_mult': 0.8166137346344338}. Best is trial 516 with value: 0.9043779998207784.
[I 2026-05-28 22:18:04,850] Trial 587 finished with value: 5.7560094836074835 and parameters: {'ISTN': 109.11243833570006, 'I_gpe': 2.351250298480118, 'I_gpi': 2.0328965334864812, 'noise_stn_sigma': 4.784036577042547, 'noise_gpe_sigma': 110.09028219971805, 'noise_gpi_sigma': 126.55699686664012, 'g_stn_gpe_mult': 4.05678569105515, 'g_gpe_stn_mult': 0.6311425114563618, 'g_stn_gpi_mult': 1.888230235529559, 'g_gpe_gpi_mult': 0.7496633827122898}. Best is trial 516 with value: 0.9043779998207784.
[I 2026-05-28 22:18:05,894] Trial 588 finished with value: 7.563683081431553 and parameters: {'ISTN': 107.04921572552831, 'I_gpe': 2.3435001889786773, 'I_gpi': 2.01820278686667, 'noise_stn_sigma': 4.823279501232779, 'noise_gpe_sigma': 114.33895622408049, 'noise_gpi_sigma': 130.34781066448568, 'g_stn_gpe_mult': 3.97608746943643, 'g_gpe_stn_mult': 0.6452743151171039, 'g_stn_gpi_mult': 1.9184315543300094, 'g_gpe_gpi_mult': 0.8388551991438904}. Best is trial 516 with value: 0.9043779998207784.
[I 2026-05-28 22:18:06,937] Trial 589 finished with value: 8.03185913818667 and parameters: {'ISTN': 106.7391039971443, 'I_gpe': 2.3603097887341233, 'I_gpi': 1.8964974600295752, 'noise_stn_sigma': 4.7307979168989185, 'noise_gpe_sigma': 113.12236969266817, 'noise_gpi_sigma': 125.15973495856113, 'g_stn_gpe_mult': 4.096980552848688, 'g_gpe_stn_mult': 0.6291890134937671, 'g_stn_gpi_mult': 1.9114927103484836, 'g_gpe_gpi_mult': 0.7793223577425514}. Best is trial 516 with value: 0.9043779998207784.
[I 2026-05-28 22:18:07,980] Trial 590 finished with value: 4.580389045691169 and parameters: {'ISTN': 111.0010168387659, 'I_gpe': 2.298985526678492, 'I_gpi': 1.7846866444355198, 'noise_stn_sigma': 4.365419060354373, 'noise_gpe_sigma': 115.43550793692972, 'noise_gpi_sigma': 125.14070898713402, 'g_stn_gpe_mult': 4.094005532390111, 'g_gpe_stn_mult': 0.6483141335945269, 'g_stn_gpi_mult': 1.7654852326583312, 'g_gpe_gpi_mult': 0.7721853281554045}. Best is trial 516 with value: 0.9043779998207784.
[I 2026-05-28 22:18:09,025] Trial 591 finished with value: 6.264027238792788 and parameters: {'ISTN': 109.38904062714103, 'I_gpe': 2.2964524129656843, 'I_gpi': 1.8317629671300042, 'noise_stn_sigma': 4.542455925492391, 'noise_gpe_sigma': 110.12588884013864, 'noise_gpi_sigma': 124.21335949055387, 'g_stn_gpe_mult': 3.875891549704282, 'g_gpe_stn_mult': 0.6409348903869505, 'g_stn_gpi_mult': 1.8960057072915628, 'g_gpe_gpi_mult': 0.679871394099482}. Best is trial 516 with value: 0.9043779998207784.
[I 2026-05-28 22:18:10,067] Trial 592 finished with value: 4.813545783620834 and parameters: {'ISTN': 110.41139303272091, 'I_gpe': 2.3738954205415377, 'I_gpi': 1.657279356806792, 'noise_stn_sigma': 4.6282421650131855, 'noise_gpe_sigma': 115.1722328471071, 'noise_gpi_sigma': 126.69584072322698, 'g_stn_gpe_mult': 3.997570924543359, 'g_gpe_stn_mult': 0.6371041778434443, 'g_stn_gpi_mult': 1.6673024411839819, 'g_gpe_gpi_mult': 0.7710627817154383}. Best is trial 516 with value: 0.9043779998207784.
[I 2026-05-28 22:18:11,109] Trial 593 finished with value: 3.919228153726314 and parameters: {'ISTN': 113.46644298238269, 'I_gpe': 2.371587367975833, 'I_gpi': 1.7656263613571677, 'noise_stn_sigma': 4.851609864456178, 'noise_gpe_sigma': 106.75566339523355, 'noise_gpi_sigma': 111.92009323035715, 'g_stn_gpe_mult': 3.8860870308981954, 'g_gpe_stn_mult': 0.654308005044837, 'g_stn_gpi_mult': 1.8787658925427073, 'g_gpe_gpi_mult': 0.7087969331759756}. Best is trial 516 with value: 0.9043779998207784.
[I 2026-05-28 22:18:12,152] Trial 594 finished with value: 6.300565259348024 and parameters: {'ISTN': 108.07887579114322, 'I_gpe': 2.3732669900376506, 'I_gpi': 1.842868233764304, 'noise_stn_sigma': 4.497324019081942, 'noise_gpe_sigma': 107.53494212770768, 'noise_gpi_sigma': 123.4186395543365, 'g_stn_gpe_mult': 3.988038020641695, 'g_gpe_stn_mult': 0.6134122034208246, 'g_stn_gpi_mult': 1.8706955356013188, 'g_gpe_gpi_mult': 0.7264147788218136}. Best is trial 516 with value: 0.9043779998207784.
[I 2026-05-28 22:18:13,196] Trial 595 finished with value: 8.609481112758592 and parameters: {'ISTN': 110.0833451070133, 'I_gpe': 2.387811070709036, 'I_gpi': 1.9093187952079225, 'noise_stn_sigma': 5.173772314835518, 'noise_gpe_sigma': 108.01284103779851, 'noise_gpi_sigma': 125.69214228970097, 'g_stn_gpe_mult': 4.100925134301267, 'g_gpe_stn_mult': 0.6212144336307521, 'g_stn_gpi_mult': 1.7563740215672417, 'g_gpe_gpi_mult': 0.7766814816749195}. Best is trial 516 with value: 0.9043779998207784.
[I 2026-05-28 22:18:14,236] Trial 596 finished with value: 6.308845572672805 and parameters: {'ISTN': 109.77347123580086, 'I_gpe': 2.363642521196496, 'I_gpi': 1.6219862825228606, 'noise_stn_sigma': 4.566680838691089, 'noise_gpe_sigma': 113.0601220450692, 'noise_gpi_sigma': 133.32191160801412, 'g_stn_gpe_mult': 3.946701337501266, 'g_gpe_stn_mult': 0.6442915544841644, 'g_stn_gpi_mult': 1.7724912080082027, 'g_gpe_gpi_mult': 0.7372802375954655}. Best is trial 516 with value: 0.9043779998207784.
[I 2026-05-28 22:18:15,279] Trial 597 finished with value: 6.4238894921107335 and parameters: {'ISTN': 109.82860629635451, 'I_gpe': 2.3585219938788606, 'I_gpi': 2.0072087987946343, 'noise_stn_sigma': 4.848309931268637, 'noise_gpe_sigma': 114.28105866334366, 'noise_gpi_sigma': 137.14438294450457, 'g_stn_gpe_mult': 4.032503967104054, 'g_gpe_stn_mult': 0.6255193205559303, 'g_stn_gpi_mult': 1.7888281917657938, 'g_gpe_gpi_mult': 0.8386465546899675}. Best is trial 516 with value: 0.9043779998207784.
[I 2026-05-28 22:18:16,323] Trial 598 finished with value: 6.002608297204554 and parameters: {'ISTN': 110.56475302294251, 'I_gpe': 2.2525719852082218, 'I_gpi': 1.802740749715848, 'noise_stn_sigma': 4.92497272952443, 'noise_gpe_sigma': 117.6137777569404, 'noise_gpi_sigma': 126.54502084917759, 'g_stn_gpe_mult': 4.210716199088864, 'g_gpe_stn_mult': 0.642963197824518, 'g_stn_gpi_mult': 1.8176078138331646, 'g_gpe_gpi_mult': 0.7418622689344192}. Best is trial 516 with value: 0.9043779998207784.
[I 2026-05-28 22:18:17,366] Trial 599 finished with value: 3.7783167885637763 and parameters: {'ISTN': 114.11183214693324, 'I_gpe': 2.289972687913881, 'I_gpi': 1.692065072230086, 'noise_stn_sigma': 4.189487095275767, 'noise_gpe_sigma': 110.74066504106192, 'noise_gpi_sigma': 107.52945717003662, 'g_stn_gpe_mult': 4.228760693842796, 'g_gpe_stn_mult': 0.6592184112320368, 'g_stn_gpi_mult': 1.5046185224588884, 'g_gpe_gpi_mult': 0.7699719138307091}. Best is trial 516 with value: 0.9043779998207784.
[I 2026-05-28 22:18:18,408] Trial 600 finished with value: 9.678478748027755 and parameters: {'ISTN': 111.29804560664593, 'I_gpe': 2.2631517979904334, 'I_gpi': 1.6432701542575687, 'noise_stn_sigma': 4.893864636753284, 'noise_gpe_sigma': 108.90967527003816, 'noise_gpi_sigma': 116.64407021026466, 'g_stn_gpe_mult': 4.359085981739842, 'g_gpe_stn_mult': 0.6490727946285496, 'g_stn_gpi_mult': 1.7502577079366821, 'g_gpe_gpi_mult': 0.7489956253114904}. Best is trial 516 with value: 0.9043779998207784.
[I 2026-05-28 22:18:19,455] Trial 601 finished with value: 3.612383954478501 and parameters: {'ISTN': 114.1639878419046, 'I_gpe': 2.3379461303641, 'I_gpi': 1.7114276915456577, 'noise_stn_sigma': 4.4028854368103465, 'noise_gpe_sigma': 104.94194466157037, 'noise_gpi_sigma': 110.42871317520117, 'g_stn_gpe_mult': 4.113793917664081, 'g_gpe_stn_mult': 0.6654874980810093, 'g_stn_gpi_mult': 1.570415374054649, 'g_gpe_gpi_mult': 0.7848723491556129}. Best is trial 516 with value: 0.9043779998207784.
[I 2026-05-28 22:18:20,497] Trial 602 finished with value: 5.302727409355213 and parameters: {'ISTN': 115.54501387802175, 'I_gpe': 2.261046076100415, 'I_gpi': 1.6691616578311548, 'noise_stn_sigma': 4.245017766148049, 'noise_gpe_sigma': 109.83936176398903, 'noise_gpi_sigma': 112.0125874814447, 'g_stn_gpe_mult': 4.2025667641149305, 'g_gpe_stn_mult': 0.6803167610603937, 'g_stn_gpi_mult': 1.3791783917113496, 'g_gpe_gpi_mult': 0.7241404408041179}. Best is trial 516 with value: 0.9043779998207784.
[I 2026-05-28 22:18:21,539] Trial 603 finished with value: 3.4154903240465613 and parameters: {'ISTN': 112.53853559873176, 'I_gpe': 2.306823400677335, 'I_gpi': 1.8124815515134518, 'noise_stn_sigma': 4.346069913815539, 'noise_gpe_sigma': 106.50388872394069, 'noise_gpi_sigma': 113.97459321068892, 'g_stn_gpe_mult': 4.119165441760514, 'g_gpe_stn_mult': 0.6410356319386302, 'g_stn_gpi_mult': 1.6983427716191797, 'g_gpe_gpi_mult': 0.7636020141470448}. Best is trial 516 with value: 0.9043779998207784.
[I 2026-05-28 22:18:22,580] Trial 604 finished with value: 2.218048510114988 and parameters: {'ISTN': 115.4313245503125, 'I_gpe': 2.2778279889413446, 'I_gpi': 1.710702510674682, 'noise_stn_sigma': 4.4474541036346835, 'noise_gpe_sigma': 117.92615767750398, 'noise_gpi_sigma': 106.20114637238306, 'g_stn_gpe_mult': 4.072682830060712, 'g_gpe_stn_mult': 0.6718176312546099, 'g_stn_gpi_mult': 1.7256192615608457, 'g_gpe_gpi_mult': 0.7438575191380841}. Best is trial 516 with value: 0.9043779998207784.
[I 2026-05-28 22:18:23,621] Trial 605 finished with value: 6.688069310251611 and parameters: {'ISTN': 115.04324043601736, 'I_gpe': 2.4056089702813157, 'I_gpi': 1.6495656851470508, 'noise_stn_sigma': 4.446760342827906, 'noise_gpe_sigma': 116.21952530728359, 'noise_gpi_sigma': 112.22314551196749, 'g_stn_gpe_mult': 4.25029838155539, 'g_gpe_stn_mult': 0.6564982865067911, 'g_stn_gpi_mult': 1.61004858189507, 'g_gpe_gpi_mult': 0.7283071941535273}. Best is trial 516 with value: 0.9043779998207784.
[I 2026-05-28 22:18:24,664] Trial 606 finished with value: 7.723163124404377 and parameters: {'ISTN': 112.37620200934694, 'I_gpe': 2.263133008224307, 'I_gpi': 1.9302942814495272, 'noise_stn_sigma': 4.744204716723553, 'noise_gpe_sigma': 120.24078744859257, 'noise_gpi_sigma': 117.425334566484, 'g_stn_gpe_mult': 4.072886802517891, 'g_gpe_stn_mult': 0.6487526016735674, 'g_stn_gpi_mult': 1.7196844020335913, 'g_gpe_gpi_mult': 0.7400105358973799}. Best is trial 516 with value: 0.9043779998207784.
[I 2026-05-28 22:18:25,705] Trial 607 finished with value: 9.795340227722777 and parameters: {'ISTN': 114.9300845391894, 'I_gpe': 2.2680670576658466, 'I_gpi': 2.0348559735892895, 'noise_stn_sigma': 4.441557403706939, 'noise_gpe_sigma': 106.17695407522889, 'noise_gpi_sigma': 108.25113417177285, 'g_stn_gpe_mult': 4.031971534338643, 'g_gpe_stn_mult': 0.6641308035317876, 'g_stn_gpi_mult': 1.7297522107278271, 'g_gpe_gpi_mult': 0.8440273137264027}. Best is trial 516 with value: 0.9043779998207784.
[I 2026-05-28 22:18:26,746] Trial 608 finished with value: 7.993769541766972 and parameters: {'ISTN': 115.76395301354282, 'I_gpe': 2.3798245751435965, 'I_gpi': 1.6305541997275959, 'noise_stn_sigma': 4.05759172920305, 'noise_gpe_sigma': 109.33145945810274, 'noise_gpi_sigma': 114.36169023645563, 'g_stn_gpe_mult': 4.001466363285916, 'g_gpe_stn_mult': 0.6583820869118043, 'g_stn_gpi_mult': 1.5645937333210993, 'g_gpe_gpi_mult': 0.7659574233584321}. Best is trial 516 with value: 0.9043779998207784.
[I 2026-05-28 22:18:27,785] Trial 609 finished with value: 5.217578208581954 and parameters: {'ISTN': 112.64103226901345, 'I_gpe': 2.2733331907743475, 'I_gpi': 1.8025419917214778, 'noise_stn_sigma': 4.994863637645894, 'noise_gpe_sigma': 109.2005481709137, 'noise_gpi_sigma': 111.69607579859941, 'g_stn_gpe_mult': 4.286489952124004, 'g_gpe_stn_mult': 0.665762429217199, 'g_stn_gpi_mult': 1.6526861180933448, 'g_gpe_gpi_mult': 0.725945869466712}. Best is trial 516 with value: 0.9043779998207784.
[I 2026-05-28 22:18:28,826] Trial 610 finished with value: 1.1160802477412084 and parameters: {'ISTN': 110.7544896046231, 'I_gpe': 2.3266333291054204, 'I_gpi': 1.8038274723504932, 'noise_stn_sigma': 4.4041095325064274, 'noise_gpe_sigma': 110.30621724712104, 'noise_gpi_sigma': 129.981821318894, 'g_stn_gpe_mult': 3.8743417785560914, 'g_gpe_stn_mult': 0.6478789126063124, 'g_stn_gpi_mult': 1.8435641422856714, 'g_gpe_gpi_mult': 0.7610734072577849}. Best is trial 516 with value: 0.9043779998207784.
[I 2026-05-28 22:18:29,866] Trial 611 finished with value: 3.5977890964950987 and parameters: {'ISTN': 107.9322822966953, 'I_gpe': 2.36660939322497, 'I_gpi': 1.80040638850281, 'noise_stn_sigma': 4.620621177314215, 'noise_gpe_sigma': 118.29948886022717, 'noise_gpi_sigma': 128.69162666230665, 'g_stn_gpe_mult': 4.124183965861398, 'g_gpe_stn_mult': 0.6335844416077944, 'g_stn_gpi_mult': 1.8430580877627758, 'g_gpe_gpi_mult': 0.7630974139565918}. Best is trial 516 with value: 0.9043779998207784.
[I 2026-05-28 22:18:30,906] Trial 612 finished with value: 7.1440859569509545 and parameters: {'ISTN': 112.53130227742808, 'I_gpe': 2.27413393469625, 'I_gpi': 1.62746741491845, 'noise_stn_sigma': 4.441098817511879, 'noise_gpe_sigma': 108.52241948858381, 'noise_gpi_sigma': 112.71990872589154, 'g_stn_gpe_mult': 4.156732114081898, 'g_gpe_stn_mult': 0.6631044490066702, 'g_stn_gpi_mult': 1.7128978388599647, 'g_gpe_gpi_mult': 0.7021164493496228}. Best is trial 516 with value: 0.9043779998207784.
[I 2026-05-28 22:18:31,948] Trial 613 finished with value: 7.975090426659096 and parameters: {'ISTN': 114.20243430123998, 'I_gpe': 2.340881585011953, 'I_gpi': 1.7735358308692248, 'noise_stn_sigma': 4.375788800491483, 'noise_gpe_sigma': 107.04966878620382, 'noise_gpi_sigma': 113.0594896956562, 'g_stn_gpe_mult': 3.9112526520881716, 'g_gpe_stn_mult': 0.6649355455960654, 'g_stn_gpi_mult': 1.7998497722790994, 'g_gpe_gpi_mult': 0.7438341014707743}. Best is trial 516 with value: 0.9043779998207784.
[I 2026-05-28 22:18:32,989] Trial 614 finished with value: 3.8557840448429133 and parameters: {'ISTN': 107.72245372087642, 'I_gpe': 2.3690841768737387, 'I_gpi': 1.8737154687653699, 'noise_stn_sigma': 4.418001930425291, 'noise_gpe_sigma': 112.1820272198044, 'noise_gpi_sigma': 121.92542068328547, 'g_stn_gpe_mult': 3.972323129641167, 'g_gpe_stn_mult': 0.6299039736819401, 'g_stn_gpi_mult': 1.8795778975764028, 'g_gpe_gpi_mult': 0.8009331072328987}. Best is trial 516 with value: 0.9043779998207784.
[I 2026-05-28 22:18:34,032] Trial 615 finished with value: 12.04914033058073 and parameters: {'ISTN': 115.01204945014842, 'I_gpe': 2.350997865529466, 'I_gpi': 1.8362213450119238, 'noise_stn_sigma': 4.448665775784681, 'noise_gpe_sigma': 105.79436452336937, 'noise_gpi_sigma': 116.70407659331266, 'g_stn_gpe_mult': 4.095302670412686, 'g_gpe_stn_mult': 0.6534787874251949, 'g_stn_gpi_mult': 1.7468379886261194, 'g_gpe_gpi_mult': 0.7750863547813105}. Best is trial 516 with value: 0.9043779998207784.
