[I 2026-05-28 21:44:46,558] Trial 616 finished with value: 0.13899849843289142 and parameters: {'ISTN': 60.59782763008977, 'I_gpe': 1.0856964811123144, 'I_gpi': 2.0011610429844167, 'noise_stn_sigma': 3.2868670606384645, 'noise_gpe_sigma': 110.6620651546366, 'noise_gpi_sigma': 88.60256219730255, 'g_stn_gpe_mult': 3.531994108977907, 'g_gpe_stn_mult': 0.1615236532652315, 'g_stn_gpi_mult': 2.8553056327599937, 'g_gpe_gpi_mult': 0.751124177165065}. Best is trial 609 with value: 0.1297953515744074.
[I 2026-05-28 21:44:47,567] Trial 617 finished with value: 0.15727666763816886 and parameters: {'ISTN': 61.016233148958776, 'I_gpe': 1.0731533274745848, 'I_gpi': 2.0824047359393356, 'noise_stn_sigma': 2.8342195270562778, 'noise_gpe_sigma': 114.75000883297545, 'noise_gpi_sigma': 85.73354531087921, 'g_stn_gpe_mult': 3.6114335967782454, 'g_gpe_stn_mult': 0.1787755174535423, 'g_stn_gpi_mult': 2.8049984068335654, 'g_gpe_gpi_mult': 0.7601366449060603}. Best is trial 609 with value: 0.1297953515744074.
[I 2026-05-28 21:44:48,576] Trial 618 finished with value: 0.1338321805514147 and parameters: {'ISTN': 60.433807786847055, 'I_gpe': 1.0976753311468863, 'I_gpi': 2.074087598693615, 'noise_stn_sigma': 3.012720243839726, 'noise_gpe_sigma': 113.60587828559014, 'noise_gpi_sigma': 84.25460539663696, 'g_stn_gpe_mult': 3.668690278202139, 'g_gpe_stn_mult': 0.17529677995624593, 'g_stn_gpi_mult': 2.723858840317024, 'g_gpe_gpi_mult': 0.7381647883068054}. Best is trial 609 with value: 0.1297953515744074.
[I 2026-05-28 21:44:49,584] Trial 619 finished with value: 0.17103228547484042 and parameters: {'ISTN': 62.60844191850816, 'I_gpe': 1.1159011325403574, 'I_gpi': 1.9685101062731523, 'noise_stn_sigma': 2.778686000315566, 'noise_gpe_sigma': 113.02909109053893, 'noise_gpi_sigma': 90.98508295953033, 'g_stn_gpe_mult': 3.6139164325750603, 'g_gpe_stn_mult': 0.16117217599011063, 'g_stn_gpi_mult': 2.7122981835825692, 'g_gpe_gpi_mult': 0.7914035483042472}. Best is trial 609 with value: 0.1297953515744074.
[I 2026-05-28 21:44:50,591] Trial 620 finished with value: 0.1555415710486268 and parameters: {'ISTN': 61.21723460423644, 'I_gpe': 1.183994584977294, 'I_gpi': 2.1395409468090256, 'noise_stn_sigma': 3.114992768716902, 'noise_gpe_sigma': 113.13472245492275, 'noise_gpi_sigma': 83.36111775191395, 'g_stn_gpe_mult': 3.557513072704683, 'g_gpe_stn_mult': 0.14611136965960778, 'g_stn_gpi_mult': 2.7145295756352383, 'g_gpe_gpi_mult': 0.7717045715829547}. Best is trial 609 with value: 0.1297953515744074.
[I 2026-05-28 21:44:51,599] Trial 621 finished with value: 0.142650642821775 and parameters: {'ISTN': 60.819317191281314, 'I_gpe': 1.1086076387790116, 'I_gpi': 2.071668514810353, 'noise_stn_sigma': 3.184672258081062, 'noise_gpe_sigma': 110.1464411732307, 'noise_gpi_sigma': 89.04051730804323, 'g_stn_gpe_mult': 3.6383049301242774, 'g_gpe_stn_mult': 0.16474122608809838, 'g_stn_gpi_mult': 2.876717334283022, 'g_gpe_gpi_mult': 0.7335171147090547}. Best is trial 609 with value: 0.1297953515744074.
[I 2026-05-28 21:44:52,608] Trial 622 finished with value: 0.14806540696202358 and parameters: {'ISTN': 60.53466489116319, 'I_gpe': 0.9916136185972295, 'I_gpi': 2.0989309847669855, 'noise_stn_sigma': 3.328919658062458, 'noise_gpe_sigma': 110.19544681547787, 'noise_gpi_sigma': 84.20403383555661, 'g_stn_gpe_mult': 3.685530357635959, 'g_gpe_stn_mult': 0.17156461078669805, 'g_stn_gpi_mult': 2.742499509347862, 'g_gpe_gpi_mult': 0.8025471839124847}. Best is trial 609 with value: 0.1297953515744074.
[I 2026-05-28 21:44:53,617] Trial 623 finished with value: 0.16901143678437605 and parameters: {'ISTN': 60.41356341415506, 'I_gpe': 1.1668803420911078, 'I_gpi': 2.1111657619968485, 'noise_stn_sigma': 3.398884215817888, 'noise_gpe_sigma': 119.25594815699303, 'noise_gpi_sigma': 79.84099158607393, 'g_stn_gpe_mult': 3.5610649207964764, 'g_gpe_stn_mult': 0.18383255389180053, 'g_stn_gpi_mult': 2.643642395110485, 'g_gpe_gpi_mult': 0.7449850132793581}. Best is trial 609 with value: 0.1297953515744074.
[I 2026-05-28 21:44:54,565] Trial 624 finished with value: 1000000.0 and parameters: {'ISTN': 60.12150554638183, 'I_gpe': 1.1308272131096362, 'I_gpi': 2.029369499161897, 'noise_stn_sigma': 2.9246209771053677, 'noise_gpe_sigma': 111.87610388135529, 'noise_gpi_sigma': 79.67872421079444, 'g_stn_gpe_mult': 3.6549173054725768, 'g_gpe_stn_mult': 0.19545167370067745, 'g_stn_gpi_mult': 2.763715738940279, 'g_gpe_gpi_mult': 0.7082341531459924}. Best is trial 609 with value: 0.1297953515744074.
[I 2026-05-28 21:44:55,574] Trial 625 finished with value: 0.15556520495537693 and parameters: {'ISTN': 60.30675574967283, 'I_gpe': 1.177459654786178, 'I_gpi': 2.082911194042045, 'noise_stn_sigma': 2.9936810539154703, 'noise_gpe_sigma': 113.49011460920104, 'noise_gpi_sigma': 80.9132978173921, 'g_stn_gpe_mult': 3.6591167689282846, 'g_gpe_stn_mult': 0.18145944403905323, 'g_stn_gpi_mult': 2.7411114583974383, 'g_gpe_gpi_mult': 0.7537837585330895}. Best is trial 609 with value: 0.1297953515744074.
[I 2026-05-28 21:44:56,583] Trial 626 finished with value: 0.13768949196839825 and parameters: {'ISTN': 60.105515447806695, 'I_gpe': 1.101725178938044, 'I_gpi': 2.057639408777585, 'noise_stn_sigma': 3.235555676872841, 'noise_gpe_sigma': 110.1754907025159, 'noise_gpi_sigma': 85.77548806499826, 'g_stn_gpe_mult': 3.575695073614175, 'g_gpe_stn_mult': 0.1621157613274657, 'g_stn_gpi_mult': 2.8441433181987246, 'g_gpe_gpi_mult': 0.7220069539499694}. Best is trial 609 with value: 0.1297953515744074.
[I 2026-05-28 21:44:57,588] Trial 627 finished with value: 0.14209216114640844 and parameters: {'ISTN': 60.891100579271686, 'I_gpe': 1.2726226976532269, 'I_gpi': 1.9871831518793197, 'noise_stn_sigma': 3.116709656980766, 'noise_gpe_sigma': 113.9429141328676, 'noise_gpi_sigma': 83.28696100046503, 'g_stn_gpe_mult': 3.4534028107500427, 'g_gpe_stn_mult': 0.153748796996183, 'g_stn_gpi_mult': 2.7412417264002986, 'g_gpe_gpi_mult': 0.7405250211384296}. Best is trial 609 with value: 0.1297953515744074.
[I 2026-05-28 21:44:58,596] Trial 628 finished with value: 0.1465153436432864 and parameters: {'ISTN': 61.07933607251152, 'I_gpe': 1.0865492872667017, 'I_gpi': 2.0412006455117773, 'noise_stn_sigma': 3.0528185063070414, 'noise_gpe_sigma': 114.77498838189439, 'noise_gpi_sigma': 84.54744116280435, 'g_stn_gpe_mult': 3.672528806799275, 'g_gpe_stn_mult': 0.1625192417880686, 'g_stn_gpi_mult': 2.7045656025028215, 'g_gpe_gpi_mult': 0.7527303407520467}. Best is trial 609 with value: 0.1297953515744074.
[I 2026-05-28 21:44:59,603] Trial 629 finished with value: 0.14206760963715964 and parameters: {'ISTN': 60.46563753916702, 'I_gpe': 1.049313812325508, 'I_gpi': 2.0518462846464134, 'noise_stn_sigma': 2.727350267630329, 'noise_gpe_sigma': 111.00669462560907, 'noise_gpi_sigma': 83.664522801151, 'g_stn_gpe_mult': 3.670859649498271, 'g_gpe_stn_mult': 0.1870748036080404, 'g_stn_gpi_mult': 2.6946248047559966, 'g_gpe_gpi_mult': 0.7810957124786109}. Best is trial 609 with value: 0.1297953515744074.
[I 2026-05-28 21:45:00,610] Trial 630 finished with value: 0.20966052048015077 and parameters: {'ISTN': 60.14036208972066, 'I_gpe': 1.2397617850571638, 'I_gpi': 1.9802256375987768, 'noise_stn_sigma': 3.3737538148175883, 'noise_gpe_sigma': 108.70061038055006, 'noise_gpi_sigma': 83.97634154402111, 'g_stn_gpe_mult': 3.564448796061199, 'g_gpe_stn_mult': 0.16178342737963664, 'g_stn_gpi_mult': 2.879506677730761, 'g_gpe_gpi_mult': 0.7066355282312626}. Best is trial 609 with value: 0.1297953515744074.
[I 2026-05-28 21:45:01,618] Trial 631 finished with value: 0.1387809878121224 and parameters: {'ISTN': 60.35061059969457, 'I_gpe': 1.142510448924357, 'I_gpi': 2.123249593769251, 'noise_stn_sigma': 2.778327545671008, 'noise_gpe_sigma': 109.71025743095966, 'noise_gpi_sigma': 87.68138603178333, 'g_stn_gpe_mult': 3.6169628998618286, 'g_gpe_stn_mult': 0.1695226385331216, 'g_stn_gpi_mult': 2.6621475204603686, 'g_gpe_gpi_mult': 0.7616037768522319}. Best is trial 609 with value: 0.1297953515744074.
[I 2026-05-28 21:45:02,625] Trial 632 finished with value: 0.1523846340812937 and parameters: {'ISTN': 61.47823483113262, 'I_gpe': 0.9825754728805831, 'I_gpi': 1.9950263656522047, 'noise_stn_sigma': 2.819153786050387, 'noise_gpe_sigma': 111.22158950298042, 'noise_gpi_sigma': 83.91922427538724, 'g_stn_gpe_mult': 3.5446360060185054, 'g_gpe_stn_mult': 0.16858177985325845, 'g_stn_gpi_mult': 2.819838993561506, 'g_gpe_gpi_mult': 0.7054700541496728}. Best is trial 609 with value: 0.1297953515744074.
[I 2026-05-28 21:45:03,635] Trial 633 finished with value: 0.15668196538148618 and parameters: {'ISTN': 61.31101013005006, 'I_gpe': 1.0433000971564044, 'I_gpi': 2.1467618329965914, 'noise_stn_sigma': 3.35170152091759, 'noise_gpe_sigma': 110.1191394338767, 'noise_gpi_sigma': 79.35749581555382, 'g_stn_gpe_mult': 3.6054944743196096, 'g_gpe_stn_mult': 0.15034163206873552, 'g_stn_gpi_mult': 2.869461646436843, 'g_gpe_gpi_mult': 0.7330490852245057}. Best is trial 609 with value: 0.1297953515744074.
[I 2026-05-28 21:45:04,642] Trial 634 finished with value: 0.13482425877790793 and parameters: {'ISTN': 60.36843642331129, 'I_gpe': 1.1403884892916412, 'I_gpi': 2.053083270510395, 'noise_stn_sigma': 3.009480850004951, 'noise_gpe_sigma': 108.32112983078244, 'noise_gpi_sigma': 82.42578282996018, 'g_stn_gpe_mult': 3.526060713104321, 'g_gpe_stn_mult': 0.1642125535597606, 'g_stn_gpi_mult': 2.7729406576160196, 'g_gpe_gpi_mult': 0.7767545402833236}. Best is trial 609 with value: 0.1297953515744074.
[I 2026-05-28 21:45:05,652] Trial 635 finished with value: 0.1495091239976875 and parameters: {'ISTN': 60.84768566446455, 'I_gpe': 1.1108216358115228, 'I_gpi': 1.9714196397739747, 'noise_stn_sigma': 2.933558582434428, 'noise_gpe_sigma': 113.51566582657904, 'noise_gpi_sigma': 82.84154574641195, 'g_stn_gpe_mult': 3.531290409815796, 'g_gpe_stn_mult': 0.18000273387021049, 'g_stn_gpi_mult': 2.7904183800074005, 'g_gpe_gpi_mult': 0.7371447835166045}. Best is trial 609 with value: 0.1297953515744074.
[I 2026-05-28 21:45:06,660] Trial 636 finished with value: 0.3091211543970682 and parameters: {'ISTN': 60.04444583431104, 'I_gpe': 1.1809686896653746, 'I_gpi': 2.018056951922067, 'noise_stn_sigma': 3.034166618722139, 'noise_gpe_sigma': 107.77207716441485, 'noise_gpi_sigma': 87.93484897791532, 'g_stn_gpe_mult': 3.533247017892979, 'g_gpe_stn_mult': 0.1581372117566222, 'g_stn_gpi_mult': 2.7509263549647276, 'g_gpe_gpi_mult': 0.6996066697195715}. Best is trial 609 with value: 0.1297953515744074.
[I 2026-05-28 21:45:07,669] Trial 637 finished with value: 0.19922486046799157 and parameters: {'ISTN': 60.468983098398716, 'I_gpe': 1.0825335220734695, 'I_gpi': 2.140825146882814, 'noise_stn_sigma': 3.0841600478385742, 'noise_gpe_sigma': 113.61881863492518, 'noise_gpi_sigma': 85.30635264975815, 'g_stn_gpe_mult': 3.52024478893955, 'g_gpe_stn_mult': 0.15360993556482808, 'g_stn_gpi_mult': 2.7610811531142656, 'g_gpe_gpi_mult': 0.7924418744273534}. Best is trial 609 with value: 0.1297953515744074.
[I 2026-05-28 21:45:08,677] Trial 638 finished with value: 0.147787147915997 and parameters: {'ISTN': 60.67331378627446, 'I_gpe': 1.1131136864227358, 'I_gpi': 2.146350340742247, 'noise_stn_sigma': 3.0713651989841373, 'noise_gpe_sigma': 109.5971910091091, 'noise_gpi_sigma': 79.73321473479663, 'g_stn_gpe_mult': 3.620746680280402, 'g_gpe_stn_mult': 0.16048991028421025, 'g_stn_gpi_mult': 2.7385950523523293, 'g_gpe_gpi_mult': 0.7771784774891144}. Best is trial 609 with value: 0.1297953515744074.
[I 2026-05-28 21:45:09,685] Trial 639 finished with value: 0.14795678139003623 and parameters: {'ISTN': 60.81959968475688, 'I_gpe': 1.2054275687242564, 'I_gpi': 2.048153841925558, 'noise_stn_sigma': 3.0139824051250854, 'noise_gpe_sigma': 111.9607904616348, 'noise_gpi_sigma': 84.55416668789117, 'g_stn_gpe_mult': 3.525808966366858, 'g_gpe_stn_mult': 0.16934557285305857, 'g_stn_gpi_mult': 2.776584142053742, 'g_gpe_gpi_mult': 0.7382742860926039}. Best is trial 609 with value: 0.1297953515744074.
[I 2026-05-28 21:45:10,692] Trial 640 finished with value: 0.2222134169842777 and parameters: {'ISTN': 61.58807034173341, 'I_gpe': 1.1439179764106893, 'I_gpi': 1.9820453027265723, 'noise_stn_sigma': 2.7987748030040285, 'noise_gpe_sigma': 113.09959644179365, 'noise_gpi_sigma': 88.11999498356373, 'g_stn_gpe_mult': 3.6963371741592903, 'g_gpe_stn_mult': 0.15841605977857515, 'g_stn_gpi_mult': 2.680138307160295, 'g_gpe_gpi_mult': 0.7477204039765408}. Best is trial 609 with value: 0.1297953515744074.
[I 2026-05-28 21:45:11,701] Trial 641 finished with value: 0.491454506312632 and parameters: {'ISTN': 61.257407008651015, 'I_gpe': 1.0892172780473888, 'I_gpi': 2.079767959942612, 'noise_stn_sigma': 2.8569578655911307, 'noise_gpe_sigma': 107.35860204736517, 'noise_gpi_sigma': 85.21951723864981, 'g_stn_gpe_mult': 3.594281228756661, 'g_gpe_stn_mult': 0.15211489021534375, 'g_stn_gpi_mult': 2.6709969656842185, 'g_gpe_gpi_mult': 0.7541014269590318}. Best is trial 609 with value: 0.1297953515744074.
[I 2026-05-28 21:45:12,707] Trial 642 finished with value: 0.1654215099614156 and parameters: {'ISTN': 61.575854258773695, 'I_gpe': 1.2179519546126927, 'I_gpi': 2.003154360706888, 'noise_stn_sigma': 3.173257063189018, 'noise_gpe_sigma': 113.4803415468526, 'noise_gpi_sigma': 83.9738601158032, 'g_stn_gpe_mult': 3.5493243854347334, 'g_gpe_stn_mult': 0.15932526690190063, 'g_stn_gpi_mult': 2.7652197161022425, 'g_gpe_gpi_mult': 0.7789063958695239}. Best is trial 609 with value: 0.1297953515744074.
[I 2026-05-28 21:45:13,714] Trial 643 finished with value: 0.17224975056987057 and parameters: {'ISTN': 61.61809201908241, 'I_gpe': 1.3023019988931361, 'I_gpi': 2.1515013068837012, 'noise_stn_sigma': 3.1022403583364464, 'noise_gpe_sigma': 108.79355565206976, 'noise_gpi_sigma': 83.18653912280456, 'g_stn_gpe_mult': 3.4470266030265413, 'g_gpe_stn_mult': 0.1550324959342946, 'g_stn_gpi_mult': 2.7835049532678857, 'g_gpe_gpi_mult': 0.7670406409297092}. Best is trial 609 with value: 0.1297953515744074.
[I 2026-05-28 21:45:14,723] Trial 644 finished with value: 0.16920036756557977 and parameters: {'ISTN': 63.20636424529848, 'I_gpe': 1.1491756439878118, 'I_gpi': 2.023707073181434, 'noise_stn_sigma': 2.7248142380107274, 'noise_gpe_sigma': 110.74266569338752, 'noise_gpi_sigma': 83.73530829461978, 'g_stn_gpe_mult': 3.587891465760245, 'g_gpe_stn_mult': 0.1380233587243425, 'g_stn_gpi_mult': 2.6025975676598216, 'g_gpe_gpi_mult': 0.7553588903998847}. Best is trial 609 with value: 0.1297953515744074.
[I 2026-05-28 21:45:15,730] Trial 645 finished with value: 0.1579433392435371 and parameters: {'ISTN': 61.37665146414919, 'I_gpe': 1.2284870033865662, 'I_gpi': 2.0502682433261867, 'noise_stn_sigma': 3.356700268207915, 'noise_gpe_sigma': 106.76793412265319, 'noise_gpi_sigma': 82.50139543072407, 'g_stn_gpe_mult': 3.5121214000028784, 'g_gpe_stn_mult': 0.14682027026609817, 'g_stn_gpi_mult': 2.6890407901577404, 'g_gpe_gpi_mult': 0.7814825432116448}. Best is trial 609 with value: 0.1297953515744074.
[I 2026-05-28 21:45:16,737] Trial 646 finished with value: 0.15269314708107193 and parameters: {'ISTN': 60.41963823916467, 'I_gpe': 1.084881410807804, 'I_gpi': 2.166860847405902, 'noise_stn_sigma': 3.086927578473789, 'noise_gpe_sigma': 109.84654528396022, 'noise_gpi_sigma': 82.57328595007613, 'g_stn_gpe_mult': 3.639471218469143, 'g_gpe_stn_mult': 0.14937336295230208, 'g_stn_gpi_mult': 2.731919062251859, 'g_gpe_gpi_mult': 0.8093207898097721}. Best is trial 609 with value: 0.1297953515744074.
[I 2026-05-28 21:45:17,744] Trial 647 finished with value: 0.17688201371297835 and parameters: {'ISTN': 61.71139304036435, 'I_gpe': 1.204490160949761, 'I_gpi': 2.1936310984605756, 'noise_stn_sigma': 3.240182122677646, 'noise_gpe_sigma': 109.32947185178334, 'noise_gpi_sigma': 84.35525605751121, 'g_stn_gpe_mult': 3.5975146151872597, 'g_gpe_stn_mult': 0.14127538425954378, 'g_stn_gpi_mult': 2.708150653031309, 'g_gpe_gpi_mult': 0.8198363413961509}. Best is trial 609 with value: 0.1297953515744074.
[I 2026-05-28 21:45:18,750] Trial 648 finished with value: 0.1432012425480539 and parameters: {'ISTN': 60.83405795241843, 'I_gpe': 1.1149996234246782, 'I_gpi': 2.1046927871093186, 'noise_stn_sigma': 3.133849652121957, 'noise_gpe_sigma': 111.06701198779149, 'noise_gpi_sigma': 85.08483529079466, 'g_stn_gpe_mult': 3.6128190024822806, 'g_gpe_stn_mult': 0.14991797944189555, 'g_stn_gpi_mult': 2.6996485858700043, 'g_gpe_gpi_mult': 0.7497405025189074}. Best is trial 609 with value: 0.1297953515744074.
[I 2026-05-28 21:45:19,756] Trial 649 finished with value: 0.147381357951579 and parameters: {'ISTN': 60.42649820519286, 'I_gpe': 1.1779257614348373, 'I_gpi': 2.1680241335317785, 'noise_stn_sigma': 3.020200344420428, 'noise_gpe_sigma': 113.28123738761327, 'noise_gpi_sigma': 83.46690873569642, 'g_stn_gpe_mult': 3.5537904378243534, 'g_gpe_stn_mult': 0.17139420692349347, 'g_stn_gpi_mult': 2.6826841816415277, 'g_gpe_gpi_mult': 0.7995994139753482}. Best is trial 609 with value: 0.1297953515744074.
[I 2026-05-28 21:45:20,762] Trial 650 finished with value: 0.13954253920655035 and parameters: {'ISTN': 61.03251107487565, 'I_gpe': 1.1718496741613273, 'I_gpi': 2.089901542413344, 'noise_stn_sigma': 3.0540304257723276, 'noise_gpe_sigma': 108.8556804632648, 'noise_gpi_sigma': 84.66624840683762, 'g_stn_gpe_mult': 3.507358287732887, 'g_gpe_stn_mult': 0.1568539217106672, 'g_stn_gpi_mult': 2.7095506488219456, 'g_gpe_gpi_mult': 0.7915954874319269}. Best is trial 609 with value: 0.1297953515744074.
[I 2026-05-28 21:45:21,770] Trial 651 finished with value: 0.1789728518767106 and parameters: {'ISTN': 61.81533389073455, 'I_gpe': 1.1712086196592932, 'I_gpi': 2.194459091203371, 'noise_stn_sigma': 3.138577175009449, 'noise_gpe_sigma': 117.04513600430892, 'noise_gpi_sigma': 81.77280243063264, 'g_stn_gpe_mult': 3.613926667857549, 'g_gpe_stn_mult': 0.15768923472614219, 'g_stn_gpi_mult': 2.6672271117288067, 'g_gpe_gpi_mult': 0.7962331173863137}. Best is trial 609 with value: 0.1297953515744074.
[I 2026-05-28 21:45:22,775] Trial 652 finished with value: 0.1395305457362578 and parameters: {'ISTN': 61.17697246029498, 'I_gpe': 1.1011451874900926, 'I_gpi': 2.0404782589208645, 'noise_stn_sigma': 2.9468654038200546, 'noise_gpe_sigma': 112.8129509001946, 'noise_gpi_sigma': 83.38851574559393, 'g_stn_gpe_mult': 3.5020275582047664, 'g_gpe_stn_mult': 0.15708609197682555, 'g_stn_gpi_mult': 2.6952340045668315, 'g_gpe_gpi_mult': 0.7765580079855445}. Best is trial 609 with value: 0.1297953515744074.
[I 2026-05-28 21:45:23,782] Trial 653 finished with value: 0.4446545136814221 and parameters: {'ISTN': 60.76753641917105, 'I_gpe': 1.2009897616880427, 'I_gpi': 2.2122986620185587, 'noise_stn_sigma': 3.4785372214954413, 'noise_gpe_sigma': 111.82733276972904, 'noise_gpi_sigma': 85.90802960360752, 'g_stn_gpe_mult': 3.4669442006769597, 'g_gpe_stn_mult': 0.1428410887832693, 'g_stn_gpi_mult': 2.812372076999357, 'g_gpe_gpi_mult': 0.7587915393417444}. Best is trial 609 with value: 0.1297953515744074.
[I 2026-05-28 21:45:24,790] Trial 654 finished with value: 0.1418747364233429 and parameters: {'ISTN': 60.75051400781486, 'I_gpe': 1.1000072560780436, 'I_gpi': 2.0344386791970615, 'noise_stn_sigma': 3.278083828234042, 'noise_gpe_sigma': 109.79745207310452, 'noise_gpi_sigma': 85.2787179887722, 'g_stn_gpe_mult': 3.638207733281866, 'g_gpe_stn_mult': 0.15850374945991638, 'g_stn_gpi_mult': 2.703705328985542, 'g_gpe_gpi_mult': 0.7762051911128163}. Best is trial 609 with value: 0.1297953515744074.
[I 2026-05-28 21:45:25,795] Trial 655 finished with value: 0.18239181183387812 and parameters: {'ISTN': 60.723931158629654, 'I_gpe': 0.9881392051385254, 'I_gpi': 2.18871047692451, 'noise_stn_sigma': 3.1857832460856876, 'noise_gpe_sigma': 114.14220815070888, 'noise_gpi_sigma': 88.22995928835232, 'g_stn_gpe_mult': 3.67501154024135, 'g_gpe_stn_mult': 0.14791063235806612, 'g_stn_gpi_mult': 2.747842525166283, 'g_gpe_gpi_mult': 0.7868852600520939}. Best is trial 609 with value: 0.1297953515744074.
[I 2026-05-28 21:45:26,806] Trial 656 finished with value: 0.14846928439422377 and parameters: {'ISTN': 61.59111972601403, 'I_gpe': 1.0882721607772885, 'I_gpi': 2.094039436817921, 'noise_stn_sigma': 2.650551842791014, 'noise_gpe_sigma': 111.55989891757581, 'noise_gpi_sigma': 82.97980869394729, 'g_stn_gpe_mult': 3.5715125365102045, 'g_gpe_stn_mult': 0.15902784799494443, 'g_stn_gpi_mult': 2.6832592405160014, 'g_gpe_gpi_mult': 0.7647477991440568}. Best is trial 609 with value: 0.1297953515744074.
[I 2026-05-28 21:45:27,813] Trial 657 finished with value: 0.14056144722258132 and parameters: {'ISTN': 61.286888396847175, 'I_gpe': 1.1803715447203618, 'I_gpi': 2.070294955134715, 'noise_stn_sigma': 3.3038290578941245, 'noise_gpe_sigma': 108.60783179811145, 'noise_gpi_sigma': 82.60231533121372, 'g_stn_gpe_mult': 3.4665921623455027, 'g_gpe_stn_mult': 0.15216700175560122, 'g_stn_gpi_mult': 2.704579109729543, 'g_gpe_gpi_mult': 0.7751278179104253}. Best is trial 609 with value: 0.1297953515744074.
[I 2026-05-28 21:45:28,817] Trial 658 finished with value: 0.16482520821639407 and parameters: {'ISTN': 62.79463846127546, 'I_gpe': 1.0353863205922804, 'I_gpi': 2.070629937719736, 'noise_stn_sigma': 3.197584637699239, 'noise_gpe_sigma': 107.72914614573435, 'noise_gpi_sigma': 87.04511928262569, 'g_stn_gpe_mult': 3.6001548344300525, 'g_gpe_stn_mult': 0.12800548235109382, 'g_stn_gpi_mult': 2.68269835763493, 'g_gpe_gpi_mult': 0.7598250183318898}. Best is trial 609 with value: 0.1297953515744074.
[I 2026-05-28 21:45:29,821] Trial 659 finished with value: 0.16360568962552904 and parameters: {'ISTN': 60.60134436901052, 'I_gpe': 1.102002035300203, 'I_gpi': 2.1130681450076434, 'noise_stn_sigma': 3.0474884113749856, 'noise_gpe_sigma': 110.05101824047351, 'noise_gpi_sigma': 81.39133882349776, 'g_stn_gpe_mult': 3.5408931586435464, 'g_gpe_stn_mult': 0.15294815215783478, 'g_stn_gpi_mult': 2.660524820513791, 'g_gpe_gpi_mult': 0.7920571944414645}. Best is trial 609 with value: 0.1297953515744074.
