[I 2026-05-28 21:58:34,873] Trial 440 finished with value: 0.12184293661279129 and parameters: {'ISTN': 60.010818176284005, 'I_gpe': 1.4597918809467687, 'I_gpi': 2.3191286101284767, 'noise_stn_sigma': 2.9498274312764354, 'noise_gpe_sigma': 95.50001664834579, 'noise_gpi_sigma': 86.64975523366238, 'g_stn_gpe_mult': 3.9836880072911995, 'g_gpe_stn_mult': 0.1362921009851215, 'g_stn_gpi_mult': 1.6848921240176973, 'g_gpe_gpi_mult': 0.7017750348274017}. Best is trial 345 with value: 0.11807019291566243.
[I 2026-05-28 21:58:35,854] Trial 441 finished with value: 0.12601354632183998 and parameters: {'ISTN': 60.15431096036216, 'I_gpe': 1.3507287187099144, 'I_gpi': 2.397565703570275, 'noise_stn_sigma': 2.942252141788725, 'noise_gpe_sigma': 91.46819968467808, 'noise_gpi_sigma': 82.75443119371783, 'g_stn_gpe_mult': 3.8935737447252072, 'g_gpe_stn_mult': 0.17406870882058387, 'g_stn_gpi_mult': 1.710514550781324, 'g_gpe_gpi_mult': 0.7127088458727446}. Best is trial 345 with value: 0.11807019291566243.
[I 2026-05-28 21:58:36,833] Trial 442 finished with value: 0.12093141572554086 and parameters: {'ISTN': 60.07807003736822, 'I_gpe': 1.4058869295739187, 'I_gpi': 2.39734510763813, 'noise_stn_sigma': 2.9642110612406447, 'noise_gpe_sigma': 97.00737250254895, 'noise_gpi_sigma': 85.42022002660728, 'g_stn_gpe_mult': 3.9411870857763622, 'g_gpe_stn_mult': 0.1371322971114376, 'g_stn_gpi_mult': 1.6577041720163375, 'g_gpe_gpi_mult': 0.7292351898999005}. Best is trial 345 with value: 0.11807019291566243.
[I 2026-05-28 21:58:37,814] Trial 443 finished with value: 0.12741254792879553 and parameters: {'ISTN': 61.60173463200708, 'I_gpe': 1.413757709353449, 'I_gpi': 2.2198164049567817, 'noise_stn_sigma': 3.062082948329104, 'noise_gpe_sigma': 98.81565318448612, 'noise_gpi_sigma': 85.45695290674585, 'g_stn_gpe_mult': 3.882046187587773, 'g_gpe_stn_mult': 0.116419919529614, 'g_stn_gpi_mult': 1.6878858104253294, 'g_gpe_gpi_mult': 0.7410556388368648}. Best is trial 345 with value: 0.11807019291566243.
[I 2026-05-28 21:58:38,796] Trial 444 finished with value: 0.12317934517990642 and parameters: {'ISTN': 60.51436794211484, 'I_gpe': 1.4618613445284665, 'I_gpi': 2.3230272619376064, 'noise_stn_sigma': 2.8146710298937028, 'noise_gpe_sigma': 97.98509853873765, 'noise_gpi_sigma': 85.10086808455422, 'g_stn_gpe_mult': 4.099797795766605, 'g_gpe_stn_mult': 0.14830486881518906, 'g_stn_gpi_mult': 1.652009178237758, 'g_gpe_gpi_mult': 0.7324014066166382}. Best is trial 345 with value: 0.11807019291566243.
[I 2026-05-28 21:58:39,773] Trial 445 finished with value: 0.12104239364539594 and parameters: {'ISTN': 60.51778509595916, 'I_gpe': 1.3597068539720927, 'I_gpi': 2.338915372192365, 'noise_stn_sigma': 2.874812426887165, 'noise_gpe_sigma': 95.23250333263857, 'noise_gpi_sigma': 85.31945776494968, 'g_stn_gpe_mult': 3.906034317458291, 'g_gpe_stn_mult': 0.14604802093208752, 'g_stn_gpi_mult': 1.6838161181997446, 'g_gpe_gpi_mult': 0.6956640185441731}. Best is trial 345 with value: 0.11807019291566243.
[I 2026-05-28 21:58:40,749] Trial 446 finished with value: 0.12408083571057446 and parameters: {'ISTN': 60.3336097333089, 'I_gpe': 1.3623053662738434, 'I_gpi': 2.4058566441860965, 'noise_stn_sigma': 3.1552096022289824, 'noise_gpe_sigma': 93.10804979335377, 'noise_gpi_sigma': 83.35539938890562, 'g_stn_gpe_mult': 3.849011852546925, 'g_gpe_stn_mult': 0.16799053651210677, 'g_stn_gpi_mult': 1.625236961106486, 'g_gpe_gpi_mult': 0.7143274190482931}. Best is trial 345 with value: 0.11807019291566243.
[I 2026-05-28 21:58:41,728] Trial 447 finished with value: 0.12265805224642647 and parameters: {'ISTN': 60.9162470820174, 'I_gpe': 1.3921767978076236, 'I_gpi': 2.402554657556662, 'noise_stn_sigma': 3.045867298962885, 'noise_gpe_sigma': 95.57955747807493, 'noise_gpi_sigma': 85.52655682332689, 'g_stn_gpe_mult': 3.8694175262505612, 'g_gpe_stn_mult': 0.13366596670808323, 'g_stn_gpi_mult': 1.6954818828670484, 'g_gpe_gpi_mult': 0.73652633554526}. Best is trial 345 with value: 0.11807019291566243.
[I 2026-05-28 21:58:42,709] Trial 448 finished with value: 0.1289766927110287 and parameters: {'ISTN': 60.674443762819465, 'I_gpe': 1.395774510576052, 'I_gpi': 2.4208914817201324, 'noise_stn_sigma': 2.873791925139561, 'noise_gpe_sigma': 95.73378170718064, 'noise_gpi_sigma': 79.41518002590115, 'g_stn_gpe_mult': 4.009713363912593, 'g_gpe_stn_mult': 0.12049640163549658, 'g_stn_gpi_mult': 1.655544336053203, 'g_gpe_gpi_mult': 0.7159750261046864}. Best is trial 345 with value: 0.11807019291566243.
[I 2026-05-28 21:58:43,689] Trial 449 finished with value: 0.13048097665787958 and parameters: {'ISTN': 60.30168685046139, 'I_gpe': 1.3148281221744693, 'I_gpi': 2.2868101122086717, 'noise_stn_sigma': 2.824977096379884, 'noise_gpe_sigma': 93.32996705639529, 'noise_gpi_sigma': 85.91590234103185, 'g_stn_gpe_mult': 4.034532410426701, 'g_gpe_stn_mult': 0.11153711762720084, 'g_stn_gpi_mult': 1.6461054518576141, 'g_gpe_gpi_mult': 0.7533071636098363}. Best is trial 345 with value: 0.11807019291566243.
[I 2026-05-28 21:58:44,669] Trial 450 finished with value: 0.12544489148299404 and parameters: {'ISTN': 60.80675309294708, 'I_gpe': 1.3097635762667026, 'I_gpi': 2.410332141756646, 'noise_stn_sigma': 2.7836282464397915, 'noise_gpe_sigma': 95.69344199322589, 'noise_gpi_sigma': 85.40906129821097, 'g_stn_gpe_mult': 4.16189443442505, 'g_gpe_stn_mult': 0.14488255702914438, 'g_stn_gpi_mult': 1.6133467739100844, 'g_gpe_gpi_mult': 0.7165754908341031}. Best is trial 345 with value: 0.11807019291566243.
[I 2026-05-28 21:58:45,649] Trial 451 finished with value: 0.12219295685914076 and parameters: {'ISTN': 61.006138594685254, 'I_gpe': 1.3851936738636663, 'I_gpi': 2.395753604102944, 'noise_stn_sigma': 2.936398178402812, 'noise_gpe_sigma': 98.45025589720747, 'noise_gpi_sigma': 87.22626041255768, 'g_stn_gpe_mult': 4.0343505705496705, 'g_gpe_stn_mult': 0.14374093267717253, 'g_stn_gpi_mult': 1.5702793413387472, 'g_gpe_gpi_mult': 0.7403685282268877}. Best is trial 345 with value: 0.11807019291566243.
[I 2026-05-28 21:58:46,630] Trial 452 finished with value: 0.12212358051084476 and parameters: {'ISTN': 61.27417895418467, 'I_gpe': 1.3470883499016386, 'I_gpi': 2.3904652118980554, 'noise_stn_sigma': 2.8766909229941824, 'noise_gpe_sigma': 94.1387888364963, 'noise_gpi_sigma': 85.53413884080503, 'g_stn_gpe_mult': 4.016315681883655, 'g_gpe_stn_mult': 0.12133931869907183, 'g_stn_gpi_mult': 1.714184116734674, 'g_gpe_gpi_mult': 0.7193412190873145}. Best is trial 345 with value: 0.11807019291566243.
[I 2026-05-28 21:58:47,611] Trial 453 finished with value: 0.12636827136166218 and parameters: {'ISTN': 61.2481389563732, 'I_gpe': 1.3693795329006568, 'I_gpi': 2.4629077517584355, 'noise_stn_sigma': 2.7746431562653564, 'noise_gpe_sigma': 96.09926544694635, 'noise_gpi_sigma': 84.8264284279626, 'g_stn_gpe_mult': 3.9834659114623587, 'g_gpe_stn_mult': 0.1335155523809826, 'g_stn_gpi_mult': 1.6183888289907165, 'g_gpe_gpi_mult': 0.7283686716361717}. Best is trial 345 with value: 0.11807019291566243.
[I 2026-05-28 21:58:48,588] Trial 454 finished with value: 0.12976670367522913 and parameters: {'ISTN': 60.78833263238173, 'I_gpe': 1.40572269396287, 'I_gpi': 2.4580857082428964, 'noise_stn_sigma': 2.897219884765658, 'noise_gpe_sigma': 92.4566505588454, 'noise_gpi_sigma': 85.18946817433978, 'g_stn_gpe_mult': 3.9511164424683405, 'g_gpe_stn_mult': 0.1138338527831694, 'g_stn_gpi_mult': 1.7507273398618033, 'g_gpe_gpi_mult': 0.7503075320672132}. Best is trial 345 with value: 0.11807019291566243.
[I 2026-05-28 21:58:49,570] Trial 455 finished with value: 0.12387888138008202 and parameters: {'ISTN': 61.02226516063357, 'I_gpe': 1.3885973417284605, 'I_gpi': 2.401772948427438, 'noise_stn_sigma': 2.8054841032314712, 'noise_gpe_sigma': 98.11809866256804, 'noise_gpi_sigma': 82.05092834596681, 'g_stn_gpe_mult': 4.067607676487263, 'g_gpe_stn_mult': 0.12874056122143926, 'g_stn_gpi_mult': 1.6205893129059474, 'g_gpe_gpi_mult': 0.7229723487844244}. Best is trial 345 with value: 0.11807019291566243.
[I 2026-05-28 21:58:50,550] Trial 456 finished with value: 0.13167785272043606 and parameters: {'ISTN': 61.298665568377686, 'I_gpe': 1.3293941094501291, 'I_gpi': 2.4617109169523017, 'noise_stn_sigma': 2.9153614048326353, 'noise_gpe_sigma': 96.45745469935605, 'noise_gpi_sigma': 82.51507390202495, 'g_stn_gpe_mult': 3.9734328513027513, 'g_gpe_stn_mult': 0.13908000524247105, 'g_stn_gpi_mult': 1.6137563854786565, 'g_gpe_gpi_mult': 0.7037346178779675}. Best is trial 345 with value: 0.11807019291566243.
[I 2026-05-28 21:58:51,528] Trial 457 finished with value: 0.12138382616716936 and parameters: {'ISTN': 60.71325497780381, 'I_gpe': 1.3903597591953343, 'I_gpi': 2.4032119861414163, 'noise_stn_sigma': 2.9843145377696625, 'noise_gpe_sigma': 97.88492025005235, 'noise_gpi_sigma': 86.18973676838598, 'g_stn_gpe_mult': 3.9137601431968476, 'g_gpe_stn_mult': 0.12797143695014354, 'g_stn_gpi_mult': 1.6307865183089734, 'g_gpe_gpi_mult': 0.7284280587072889}. Best is trial 345 with value: 0.11807019291566243.
[I 2026-05-28 21:58:52,506] Trial 458 finished with value: 0.12355491720256494 and parameters: {'ISTN': 60.80941918952587, 'I_gpe': 1.326204701743234, 'I_gpi': 2.2863560976359114, 'noise_stn_sigma': 2.9117772263547135, 'noise_gpe_sigma': 94.73216307767045, 'noise_gpi_sigma': 88.48730849840645, 'g_stn_gpe_mult': 3.899478776996258, 'g_gpe_stn_mult': 0.12236868503442443, 'g_stn_gpi_mult': 1.636858796156741, 'g_gpe_gpi_mult': 0.7211526587919543}. Best is trial 345 with value: 0.11807019291566243.
[I 2026-05-28 21:58:53,485] Trial 459 finished with value: 0.12346926107609128 and parameters: {'ISTN': 60.87981113198324, 'I_gpe': 1.4418692614001754, 'I_gpi': 2.4052382692325214, 'noise_stn_sigma': 3.1029225710665904, 'noise_gpe_sigma': 97.83533121499829, 'noise_gpi_sigma': 82.60830192089125, 'g_stn_gpe_mult': 3.7907466163196033, 'g_gpe_stn_mult': 0.11589698112444334, 'g_stn_gpi_mult': 1.591623835483381, 'g_gpe_gpi_mult': 0.7268337006909362}. Best is trial 345 with value: 0.11807019291566243.
[I 2026-05-28 21:58:54,462] Trial 460 finished with value: 0.1257618448772847 and parameters: {'ISTN': 60.06900848001086, 'I_gpe': 1.3646313254831761, 'I_gpi': 2.4317043802716665, 'noise_stn_sigma': 2.8794138485709464, 'noise_gpe_sigma': 94.17037470025792, 'noise_gpi_sigma': 86.80015065842147, 'g_stn_gpe_mult': 3.9068515952582294, 'g_gpe_stn_mult': 0.14186768950638617, 'g_stn_gpi_mult': 1.6780693504832067, 'g_gpe_gpi_mult': 0.7289159638615281}. Best is trial 345 with value: 0.11807019291566243.
[I 2026-05-28 21:58:55,439] Trial 461 finished with value: 0.12287459617718752 and parameters: {'ISTN': 60.49768756292943, 'I_gpe': 1.3255203707192509, 'I_gpi': 2.38812707013364, 'noise_stn_sigma': 3.0401129906638387, 'noise_gpe_sigma': 98.18528483818805, 'noise_gpi_sigma': 84.39925263084213, 'g_stn_gpe_mult': 3.958033183688006, 'g_gpe_stn_mult': 0.1089617307902405, 'g_stn_gpi_mult': 1.6082927768476223, 'g_gpe_gpi_mult': 0.7217601690001969}. Best is trial 345 with value: 0.11807019291566243.
[I 2026-05-28 21:58:56,417] Trial 462 finished with value: 0.12786871162265978 and parameters: {'ISTN': 61.50533063180948, 'I_gpe': 1.3640116888318712, 'I_gpi': 2.4587816900156483, 'noise_stn_sigma': 2.981388701526726, 'noise_gpe_sigma': 95.07259690988393, 'noise_gpi_sigma': 84.17287682990792, 'g_stn_gpe_mult': 3.929973116000378, 'g_gpe_stn_mult': 0.11042418536312999, 'g_stn_gpi_mult': 1.650833288949114, 'g_gpe_gpi_mult': 0.7167620797239109}. Best is trial 345 with value: 0.11807019291566243.
[I 2026-05-28 21:58:57,398] Trial 463 finished with value: 0.12268735279414879 and parameters: {'ISTN': 61.88413028925329, 'I_gpe': 1.3626781975286977, 'I_gpi': 2.3064235533507116, 'noise_stn_sigma': 3.0505903573058957, 'noise_gpe_sigma': 96.30420751700504, 'noise_gpi_sigma': 84.34479831473837, 'g_stn_gpe_mult': 4.001414147724866, 'g_gpe_stn_mult': 0.11218973831736687, 'g_stn_gpi_mult': 1.7021001601962003, 'g_gpe_gpi_mult': 0.7152595437694997}. Best is trial 345 with value: 0.11807019291566243.
[I 2026-05-28 21:58:58,378] Trial 464 finished with value: 0.12947606179196924 and parameters: {'ISTN': 62.069950434181756, 'I_gpe': 1.4431033743553614, 'I_gpi': 2.4395387806013784, 'noise_stn_sigma': 2.9534809757190996, 'noise_gpe_sigma': 101.94554043751405, 'noise_gpi_sigma': 89.11751517264238, 'g_stn_gpe_mult': 3.9365347509181774, 'g_gpe_stn_mult': 0.11553310660753563, 'g_stn_gpi_mult': 1.5449243126824708, 'g_gpe_gpi_mult': 0.7545802266202115}. Best is trial 345 with value: 0.11807019291566243.
[I 2026-05-28 21:58:59,356] Trial 465 finished with value: 0.1269851584198514 and parameters: {'ISTN': 62.21169575727019, 'I_gpe': 1.3764063446185593, 'I_gpi': 2.4366643925188898, 'noise_stn_sigma': 3.012449731479527, 'noise_gpe_sigma': 95.66372698787248, 'noise_gpi_sigma': 85.30083580369661, 'g_stn_gpe_mult': 3.943561293450235, 'g_gpe_stn_mult': 0.10973807088563792, 'g_stn_gpi_mult': 1.5878134178046088, 'g_gpe_gpi_mult': 0.7346145705543636}. Best is trial 345 with value: 0.11807019291566243.
[I 2026-05-28 21:59:00,337] Trial 466 finished with value: 0.12405961489783804 and parameters: {'ISTN': 61.05267998511122, 'I_gpe': 1.3249837446118782, 'I_gpi': 2.384007468414234, 'noise_stn_sigma': 3.113773259166843, 'noise_gpe_sigma': 94.87272152119206, 'noise_gpi_sigma': 80.92935146249495, 'g_stn_gpe_mult': 4.0429536006088895, 'g_gpe_stn_mult': 0.12445026965710454, 'g_stn_gpi_mult': 1.6313595311298115, 'g_gpe_gpi_mult': 0.7039131488166501}. Best is trial 345 with value: 0.11807019291566243.
[I 2026-05-28 21:59:01,315] Trial 467 finished with value: 0.1417932105356013 and parameters: {'ISTN': 60.58286612365433, 'I_gpe': 1.3424739717248249, 'I_gpi': 2.414724090412241, 'noise_stn_sigma': 3.168003345604175, 'noise_gpe_sigma': 96.91032455118275, 'noise_gpi_sigma': 87.56956999160879, 'g_stn_gpe_mult': 4.0290602530814885, 'g_gpe_stn_mult': 0.11876666720159532, 'g_stn_gpi_mult': 1.668277588986797, 'g_gpe_gpi_mult': 0.7387724843480266}. Best is trial 345 with value: 0.11807019291566243.
[I 2026-05-28 21:59:02,293] Trial 468 finished with value: 0.12194334714495098 and parameters: {'ISTN': 61.264021201763335, 'I_gpe': 1.3698549252887053, 'I_gpi': 2.379092643601974, 'noise_stn_sigma': 2.7451271399901307, 'noise_gpe_sigma': 96.5437405203358, 'noise_gpi_sigma': 87.60967857138908, 'g_stn_gpe_mult': 3.9070439406301016, 'g_gpe_stn_mult': 0.12458726022260976, 'g_stn_gpi_mult': 1.662068357430535, 'g_gpe_gpi_mult': 0.7105979726631317}. Best is trial 345 with value: 0.11807019291566243.
[I 2026-05-28 21:59:03,272] Trial 469 finished with value: 0.14378437278804426 and parameters: {'ISTN': 60.438454643375174, 'I_gpe': 1.3554969790614684, 'I_gpi': 2.3734910290939277, 'noise_stn_sigma': 2.9026345215894205, 'noise_gpe_sigma': 98.47879861117084, 'noise_gpi_sigma': 87.04675615478533, 'g_stn_gpe_mult': 3.9923785970745373, 'g_gpe_stn_mult': 0.11977750373972833, 'g_stn_gpi_mult': 1.623763603811599, 'g_gpe_gpi_mult': 0.7187351028985625}. Best is trial 345 with value: 0.11807019291566243.
[I 2026-05-28 21:59:04,251] Trial 470 finished with value: 0.1235432741756488 and parameters: {'ISTN': 61.22558985996986, 'I_gpe': 1.437511568564117, 'I_gpi': 2.357973272739337, 'noise_stn_sigma': 2.807026560062532, 'noise_gpe_sigma': 98.64469327668603, 'noise_gpi_sigma': 84.7578852901981, 'g_stn_gpe_mult': 3.941699137175853, 'g_gpe_stn_mult': 0.12871739134525265, 'g_stn_gpi_mult': 1.636559165994362, 'g_gpe_gpi_mult': 0.7074410747651447}. Best is trial 345 with value: 0.11807019291566243.
[I 2026-05-28 21:59:05,235] Trial 471 finished with value: 0.12288770955268877 and parameters: {'ISTN': 61.35819872270637, 'I_gpe': 1.257496323238328, 'I_gpi': 2.4012545831558874, 'noise_stn_sigma': 2.900614666991439, 'noise_gpe_sigma': 98.27784409271679, 'noise_gpi_sigma': 88.33505153927555, 'g_stn_gpe_mult': 3.8727447808004314, 'g_gpe_stn_mult': 0.1216887244379157, 'g_stn_gpi_mult': 1.604818385268725, 'g_gpe_gpi_mult': 0.7181758671663954}. Best is trial 345 with value: 0.11807019291566243.
[I 2026-05-28 21:59:06,215] Trial 472 finished with value: 0.12243523647799612 and parameters: {'ISTN': 61.31078599371941, 'I_gpe': 1.3169641140591963, 'I_gpi': 2.3140954570571637, 'noise_stn_sigma': 3.104348221241596, 'noise_gpe_sigma': 99.14024247494746, 'noise_gpi_sigma': 84.30687270352665, 'g_stn_gpe_mult': 3.864622081379157, 'g_gpe_stn_mult': 0.11851627817049877, 'g_stn_gpi_mult': 1.691124087678404, 'g_gpe_gpi_mult': 0.7153896945029985}. Best is trial 345 with value: 0.11807019291566243.
[I 2026-05-28 21:59:07,197] Trial 473 finished with value: 0.12674238854800376 and parameters: {'ISTN': 61.523147109455664, 'I_gpe': 1.405351238818492, 'I_gpi': 2.4193767779513418, 'noise_stn_sigma': 2.6112067202055185, 'noise_gpe_sigma': 97.43282135368453, 'noise_gpi_sigma': 85.13744080622973, 'g_stn_gpe_mult': 4.051658870874263, 'g_gpe_stn_mult': 0.10675296806199058, 'g_stn_gpi_mult': 1.6772279933862455, 'g_gpe_gpi_mult': 0.7219412216485575}. Best is trial 345 with value: 0.11807019291566243.
[I 2026-05-28 21:59:08,177] Trial 474 finished with value: 0.12731300770932058 and parameters: {'ISTN': 61.33630042760512, 'I_gpe': 1.2716227970133969, 'I_gpi': 2.275618853300204, 'noise_stn_sigma': 2.911777111204336, 'noise_gpe_sigma': 93.83583327451834, 'noise_gpi_sigma': 85.67217355071654, 'g_stn_gpe_mult': 3.7932669013833356, 'g_gpe_stn_mult': 0.1214174090189938, 'g_stn_gpi_mult': 1.5627554736840823, 'g_gpe_gpi_mult': 0.6895204009293696}. Best is trial 345 with value: 0.11807019291566243.
[I 2026-05-28 21:59:09,157] Trial 475 finished with value: 0.13525406331996304 and parameters: {'ISTN': 61.85379162686427, 'I_gpe': 1.4087123955894694, 'I_gpi': 2.5009766064775056, 'noise_stn_sigma': 2.6914836279834966, 'noise_gpe_sigma': 96.951620896235, 'noise_gpi_sigma': 80.67108476414725, 'g_stn_gpe_mult': 3.968032356812559, 'g_gpe_stn_mult': 0.12391206370050105, 'g_stn_gpi_mult': 1.6595385197590198, 'g_gpe_gpi_mult': 0.6953949254240699}. Best is trial 345 with value: 0.11807019291566243.
[I 2026-05-28 21:59:10,134] Trial 476 finished with value: 0.1285418166261322 and parameters: {'ISTN': 61.69877977611172, 'I_gpe': 1.3118404913258126, 'I_gpi': 2.430658132196375, 'noise_stn_sigma': 2.96054344025521, 'noise_gpe_sigma': 93.07347038766855, 'noise_gpi_sigma': 83.91188498006548, 'g_stn_gpe_mult': 3.924496131831883, 'g_gpe_stn_mult': 0.1240227105345823, 'g_stn_gpi_mult': 1.584743272528048, 'g_gpe_gpi_mult': 0.7170748203368011}. Best is trial 345 with value: 0.11807019291566243.
[I 2026-05-28 21:59:11,113] Trial 477 finished with value: 0.12549443460074963 and parameters: {'ISTN': 62.006895904288854, 'I_gpe': 1.324561555507619, 'I_gpi': 2.3425342631370407, 'noise_stn_sigma': 2.8478124506278366, 'noise_gpe_sigma': 94.66760107915496, 'noise_gpi_sigma': 84.45008312985105, 'g_stn_gpe_mult': 3.9444908597968285, 'g_gpe_stn_mult': 0.108465768058611, 'g_stn_gpi_mult': 1.6892784557570395, 'g_gpe_gpi_mult': 0.7093763397129684}. Best is trial 345 with value: 0.11807019291566243.
[I 2026-05-28 21:59:12,093] Trial 478 finished with value: 0.12482832802232095 and parameters: {'ISTN': 61.608707854706005, 'I_gpe': 1.3666863615252047, 'I_gpi': 2.3806629094599066, 'noise_stn_sigma': 2.827045120580806, 'noise_gpe_sigma': 98.83721988393219, 'noise_gpi_sigma': 84.39760902621644, 'g_stn_gpe_mult': 3.9703812424062934, 'g_gpe_stn_mult': 0.13309834052600922, 'g_stn_gpi_mult': 1.6191359944249986, 'g_gpe_gpi_mult': 0.7183527696518879}. Best is trial 345 with value: 0.11807019291566243.
[I 2026-05-28 21:59:13,072] Trial 479 finished with value: 0.1237767895644519 and parameters: {'ISTN': 61.429295919213445, 'I_gpe': 1.3876992444609804, 'I_gpi': 2.2491982064429994, 'noise_stn_sigma': 3.0647897434291056, 'noise_gpe_sigma': 97.19011798734307, 'noise_gpi_sigma': 85.56163734270773, 'g_stn_gpe_mult': 3.996288783874026, 'g_gpe_stn_mult': 0.11233797537468058, 'g_stn_gpi_mult': 1.695287289723619, 'g_gpe_gpi_mult': 0.7046387055185948}. Best is trial 345 with value: 0.11807019291566243.
[I 2026-05-28 21:59:14,053] Trial 480 finished with value: 0.12668091943341128 and parameters: {'ISTN': 61.66220487123202, 'I_gpe': 1.4209911172069942, 'I_gpi': 2.415564001037515, 'noise_stn_sigma': 2.8412574747270423, 'noise_gpe_sigma': 94.6040270680963, 'noise_gpi_sigma': 86.48272272046374, 'g_stn_gpe_mult': 3.9733533011415356, 'g_gpe_stn_mult': 0.11615994526487783, 'g_stn_gpi_mult': 1.628761701961615, 'g_gpe_gpi_mult': 0.7112291374410153}. Best is trial 345 with value: 0.11807019291566243.
[I 2026-05-28 21:59:15,032] Trial 481 finished with value: 0.12109651806668104 and parameters: {'ISTN': 60.857042037025856, 'I_gpe': 1.3368746785849768, 'I_gpi': 2.3473985108243265, 'noise_stn_sigma': 3.0469122702599374, 'noise_gpe_sigma': 99.85492456521916, 'noise_gpi_sigma': 84.20080712063651, 'g_stn_gpe_mult': 3.8135481741895325, 'g_gpe_stn_mult': 0.11500131979980156, 'g_stn_gpi_mult': 1.6726921813803122, 'g_gpe_gpi_mult': 0.6959517634107981}. Best is trial 345 with value: 0.11807019291566243.
[I 2026-05-28 21:59:16,012] Trial 482 finished with value: 0.12410436538813545 and parameters: {'ISTN': 61.894148998220814, 'I_gpe': 1.3205658557348747, 'I_gpi': 2.2946992296923194, 'noise_stn_sigma': 2.8240875613359195, 'noise_gpe_sigma': 99.89606653181835, 'noise_gpi_sigma': 84.63856597015304, 'g_stn_gpe_mult': 3.9184265516846577, 'g_gpe_stn_mult': 0.11010911604115993, 'g_stn_gpi_mult': 1.6393683229330382, 'g_gpe_gpi_mult': 0.7194309694078425}. Best is trial 345 with value: 0.11807019291566243.
[I 2026-05-28 21:59:16,992] Trial 483 finished with value: 0.12888236762008085 and parameters: {'ISTN': 61.66618833476534, 'I_gpe': 1.2539259810824364, 'I_gpi': 2.412127539207431, 'noise_stn_sigma': 3.2529287607857937, 'noise_gpe_sigma': 98.1909169370097, 'noise_gpi_sigma': 84.26050366822744, 'g_stn_gpe_mult': 3.9520536297414277, 'g_gpe_stn_mult': 0.13486296587742208, 'g_stn_gpi_mult': 1.653789805956292, 'g_gpe_gpi_mult': 0.7188262487836006}. Best is trial 345 with value: 0.11807019291566243.
