[I 2026-05-28 22:23:09,953] Trial 880 finished with value: 7.3107137688975365 and parameters: {'ISTN': 114.80575970082664, 'I_gpe': 2.197903064393869, 'I_gpi': 2.1212980030764026, 'noise_stn_sigma': 3.9601691718353207, 'noise_gpe_sigma': 113.52228626172622, 'noise_gpi_sigma': 132.8802064030782, 'g_stn_gpe_mult': 4.054280115773501, 'g_gpe_stn_mult': 0.6613093928512523, 'g_stn_gpi_mult': 1.3230253724590342, 'g_gpe_gpi_mult': 0.6909527862040415}. Best is trial 767 with value: 0.775992504791496.
[I 2026-05-28 22:23:10,997] Trial 881 finished with value: 1.961026008609598 and parameters: {'ISTN': 113.77276784979604, 'I_gpe': 2.145970659425988, 'I_gpi': 1.9955777991020378, 'noise_stn_sigma': 3.4038758509080798, 'noise_gpe_sigma': 106.44614859215827, 'noise_gpi_sigma': 135.58692141378015, 'g_stn_gpe_mult': 4.253963649290315, 'g_gpe_stn_mult': 0.6742991834725764, 'g_stn_gpi_mult': 1.1750165360238771, 'g_gpe_gpi_mult': 0.7437552531374894}. Best is trial 767 with value: 0.775992504791496.
[I 2026-05-28 22:23:12,037] Trial 882 finished with value: 1.386988271399153 and parameters: {'ISTN': 110.35599238199929, 'I_gpe': 2.2819221950083404, 'I_gpi': 2.0287172672030507, 'noise_stn_sigma': 3.71249034804418, 'noise_gpe_sigma': 110.30279656811564, 'noise_gpi_sigma': 140.14556656797924, 'g_stn_gpe_mult': 4.030568590610847, 'g_gpe_stn_mult': 0.6451988601789023, 'g_stn_gpi_mult': 1.4161734410119717, 'g_gpe_gpi_mult': 0.7548795181956565}. Best is trial 767 with value: 0.775992504791496.
[I 2026-05-28 22:23:13,081] Trial 883 finished with value: 2.7195199182244143 and parameters: {'ISTN': 109.71716210845756, 'I_gpe': 2.207182666278464, 'I_gpi': 2.0911842222557846, 'noise_stn_sigma': 4.134744703331956, 'noise_gpe_sigma': 114.8863190730203, 'noise_gpi_sigma': 139.7304650785717, 'g_stn_gpe_mult': 4.20464970040249, 'g_gpe_stn_mult': 0.6510528426771568, 'g_stn_gpi_mult': 1.4079516239773957, 'g_gpe_gpi_mult': 0.7131233879263137}. Best is trial 767 with value: 0.775992504791496.
[I 2026-05-28 22:23:14,124] Trial 884 finished with value: 3.7289560784721365 and parameters: {'ISTN': 111.94514673330627, 'I_gpe': 2.2996258623715407, 'I_gpi': 2.1027793942416455, 'noise_stn_sigma': 4.010382663588647, 'noise_gpe_sigma': 114.66591723050267, 'noise_gpi_sigma': 139.79754710456064, 'g_stn_gpe_mult': 4.194855257595824, 'g_gpe_stn_mult': 0.6553665910587333, 'g_stn_gpi_mult': 1.3823796311770282, 'g_gpe_gpi_mult': 0.7444059410808872}. Best is trial 767 with value: 0.775992504791496.
[I 2026-05-28 22:23:15,173] Trial 885 finished with value: 6.662505372832241 and parameters: {'ISTN': 112.44825464003839, 'I_gpe': 2.22303227567323, 'I_gpi': 1.9743410593085717, 'noise_stn_sigma': 3.9792879832202357, 'noise_gpe_sigma': 114.16345023327918, 'noise_gpi_sigma': 139.27342102471926, 'g_stn_gpe_mult': 4.184502580472023, 'g_gpe_stn_mult': 0.668178747837481, 'g_stn_gpi_mult': 1.4567511085276679, 'g_gpe_gpi_mult': 0.7119868565340826}. Best is trial 767 with value: 0.775992504791496.
[I 2026-05-28 22:23:16,213] Trial 886 finished with value: 7.077574404626659 and parameters: {'ISTN': 110.85794462973618, 'I_gpe': 2.295953747936341, 'I_gpi': 2.2363509250110702, 'noise_stn_sigma': 3.775452287552014, 'noise_gpe_sigma': 111.03342689720039, 'noise_gpi_sigma': 140.36356717179117, 'g_stn_gpe_mult': 4.214085729771837, 'g_gpe_stn_mult': 0.6407256308361701, 'g_stn_gpi_mult': 1.450375967422891, 'g_gpe_gpi_mult': 0.712785850285115}. Best is trial 767 with value: 0.775992504791496.
[I 2026-05-28 22:23:17,255] Trial 887 finished with value: 3.9107425222736723 and parameters: {'ISTN': 112.13505326463611, 'I_gpe': 2.255259675871365, 'I_gpi': 2.1956705938407266, 'noise_stn_sigma': 3.7783348436093793, 'noise_gpe_sigma': 112.45129044192713, 'noise_gpi_sigma': 147.7417391998444, 'g_stn_gpe_mult': 4.223270680276229, 'g_gpe_stn_mult': 0.6579226910640519, 'g_stn_gpi_mult': 1.3899786962727798, 'g_gpe_gpi_mult': 0.7603578914419}. Best is trial 767 with value: 0.775992504791496.
[I 2026-05-28 22:23:18,296] Trial 888 finished with value: 4.282186971966066 and parameters: {'ISTN': 106.53193827239484, 'I_gpe': 2.301487276523138, 'I_gpi': 2.1634265992105393, 'noise_stn_sigma': 4.067376291270614, 'noise_gpe_sigma': 111.84124042635794, 'noise_gpi_sigma': 148.51756436347216, 'g_stn_gpe_mult': 4.2935795335049285, 'g_gpe_stn_mult': 0.6267836215535365, 'g_stn_gpi_mult': 1.3528488982851956, 'g_gpe_gpi_mult': 0.7296792876992517}. Best is trial 767 with value: 0.775992504791496.
[I 2026-05-28 22:23:19,339] Trial 889 finished with value: 5.772590444205272 and parameters: {'ISTN': 112.67176731718713, 'I_gpe': 2.2427813175785687, 'I_gpi': 2.104506109663097, 'noise_stn_sigma': 3.91865206933128, 'noise_gpe_sigma': 111.3156772616047, 'noise_gpi_sigma': 141.25938343397178, 'g_stn_gpe_mult': 4.23986942941136, 'g_gpe_stn_mult': 0.6574156957380805, 'g_stn_gpi_mult': 1.4656029720621633, 'g_gpe_gpi_mult': 0.7387245617944365}. Best is trial 767 with value: 0.775992504791496.
[I 2026-05-28 22:23:20,379] Trial 890 finished with value: 2.7896687070497546 and parameters: {'ISTN': 111.91608853256244, 'I_gpe': 2.2280883366930206, 'I_gpi': 2.1606197713896567, 'noise_stn_sigma': 3.8121006373432307, 'noise_gpe_sigma': 110.7527760567978, 'noise_gpi_sigma': 138.17437939159583, 'g_stn_gpe_mult': 4.248546080229575, 'g_gpe_stn_mult': 0.6617563863518172, 'g_stn_gpi_mult': 1.4154790447464571, 'g_gpe_gpi_mult': 0.720796298496877}. Best is trial 767 with value: 0.775992504791496.
[I 2026-05-28 22:23:21,420] Trial 891 finished with value: 4.608146186656724 and parameters: {'ISTN': 109.89116069060017, 'I_gpe': 2.2929200300519677, 'I_gpi': 2.187098945704494, 'noise_stn_sigma': 4.032248704625152, 'noise_gpe_sigma': 114.1638553458012, 'noise_gpi_sigma': 140.73585508540094, 'g_stn_gpe_mult': 4.122255428854188, 'g_gpe_stn_mult': 0.6467793539347937, 'g_stn_gpi_mult': 1.3918338056706654, 'g_gpe_gpi_mult': 0.7314855106590579}. Best is trial 767 with value: 0.775992504791496.
[I 2026-05-28 22:23:22,463] Trial 892 finished with value: 6.783050584559471 and parameters: {'ISTN': 115.85614663030262, 'I_gpe': 2.147173296030304, 'I_gpi': 1.9785680906230267, 'noise_stn_sigma': 3.6073911657574143, 'noise_gpe_sigma': 111.13189747806781, 'noise_gpi_sigma': 137.59955577019926, 'g_stn_gpe_mult': 4.218780670243206, 'g_gpe_stn_mult': 0.6806301280307722, 'g_stn_gpi_mult': 1.2915260274297546, 'g_gpe_gpi_mult': 0.7625081673621688}. Best is trial 767 with value: 0.775992504791496.
[I 2026-05-28 22:23:23,508] Trial 893 finished with value: 5.120848335453507 and parameters: {'ISTN': 110.58207516680339, 'I_gpe': 2.31691191630084, 'I_gpi': 2.060934886841224, 'noise_stn_sigma': 3.777493679083841, 'noise_gpe_sigma': 113.44057463169881, 'noise_gpi_sigma': 143.19908167036343, 'g_stn_gpe_mult': 4.084415305828418, 'g_gpe_stn_mult': 0.6516053901082975, 'g_stn_gpi_mult': 1.4358913916645135, 'g_gpe_gpi_mult': 0.7516299856993651}. Best is trial 767 with value: 0.775992504791496.
[I 2026-05-28 22:23:24,552] Trial 894 finished with value: 4.282881678129082 and parameters: {'ISTN': 114.61962520213208, 'I_gpe': 2.2404602476082314, 'I_gpi': 2.1606958683428816, 'noise_stn_sigma': 3.906367192188162, 'noise_gpe_sigma': 112.36119228330261, 'noise_gpi_sigma': 141.49157178354454, 'g_stn_gpe_mult': 4.089452001441831, 'g_gpe_stn_mult': 0.6622784122525938, 'g_stn_gpi_mult': 1.402773974396042, 'g_gpe_gpi_mult': 0.7258503439529489}. Best is trial 767 with value: 0.775992504791496.
[I 2026-05-28 22:23:25,594] Trial 895 finished with value: 3.8131850203966007 and parameters: {'ISTN': 113.63768623364278, 'I_gpe': 2.200847097431499, 'I_gpi': 2.0594814432514807, 'noise_stn_sigma': 3.9691334194110044, 'noise_gpe_sigma': 106.98331918736204, 'noise_gpi_sigma': 130.58199337967727, 'g_stn_gpe_mult': 4.178426519403789, 'g_gpe_stn_mult': 0.6774809981504334, 'g_stn_gpi_mult': 1.2631467920222788, 'g_gpe_gpi_mult': 0.7452796055516819}. Best is trial 767 with value: 0.775992504791496.
[I 2026-05-28 22:23:26,635] Trial 896 finished with value: 7.183335143236058 and parameters: {'ISTN': 113.38844726630327, 'I_gpe': 2.1987669054519836, 'I_gpi': 2.115688335256624, 'noise_stn_sigma': 3.572809092901308, 'noise_gpe_sigma': 107.89095514824085, 'noise_gpi_sigma': 132.8118619333498, 'g_stn_gpe_mult': 4.2217869142593925, 'g_gpe_stn_mult': 0.6785627297584871, 'g_stn_gpi_mult': 1.2906649699591868, 'g_gpe_gpi_mult': 0.7449568917215916}. Best is trial 767 with value: 0.775992504791496.
[I 2026-05-28 22:23:27,675] Trial 897 finished with value: 6.648501062390238 and parameters: {'ISTN': 112.21940927860545, 'I_gpe': 2.2082293433265576, 'I_gpi': 2.0744787429761606, 'noise_stn_sigma': 3.883239980621401, 'noise_gpe_sigma': 112.99354241569151, 'noise_gpi_sigma': 137.6193562330194, 'g_stn_gpe_mult': 4.113448933947148, 'g_gpe_stn_mult': 0.653359958951744, 'g_stn_gpi_mult': 1.366543256657605, 'g_gpe_gpi_mult': 0.6769809407369429}. Best is trial 767 with value: 0.775992504791496.
[I 2026-05-28 22:23:28,715] Trial 898 finished with value: 1.952838541630541 and parameters: {'ISTN': 112.25251410789113, 'I_gpe': 2.274200466287694, 'I_gpi': 2.078332111487467, 'noise_stn_sigma': 3.6986388760276725, 'noise_gpe_sigma': 113.69840572865051, 'noise_gpi_sigma': 136.44128417309435, 'g_stn_gpe_mult': 4.244004442499747, 'g_gpe_stn_mult': 0.6566676443664478, 'g_stn_gpi_mult': 1.3142430507659904, 'g_gpe_gpi_mult': 0.7485738756288309}. Best is trial 767 with value: 0.775992504791496.
[I 2026-05-28 22:23:29,758] Trial 899 finished with value: 9.95191495160767 and parameters: {'ISTN': 110.30406763895702, 'I_gpe': 2.2689504979055544, 'I_gpi': 2.0348418281656677, 'noise_stn_sigma': 4.105444284976363, 'noise_gpe_sigma': 107.69222434580337, 'noise_gpi_sigma': 130.43835614442696, 'g_stn_gpe_mult': 4.241842494794579, 'g_gpe_stn_mult': 0.6508395071120125, 'g_stn_gpi_mult': 1.3741698301897467, 'g_gpe_gpi_mult': 0.7556526122939522}. Best is trial 767 with value: 0.775992504791496.
[I 2026-05-28 22:23:30,797] Trial 900 finished with value: 6.454327030370022 and parameters: {'ISTN': 113.63833528270258, 'I_gpe': 2.234048742987006, 'I_gpi': 2.0405197924821996, 'noise_stn_sigma': 3.4408607238468187, 'noise_gpe_sigma': 106.76140677285716, 'noise_gpi_sigma': 129.7515273456463, 'g_stn_gpe_mult': 4.098759073900837, 'g_gpe_stn_mult': 0.664498758225792, 'g_stn_gpi_mult': 1.2861218840701236, 'g_gpe_gpi_mult': 0.7350025216329072}. Best is trial 767 with value: 0.775992504791496.
[I 2026-05-28 22:23:31,838] Trial 901 finished with value: 5.867217982305411 and parameters: {'ISTN': 111.98802171942091, 'I_gpe': 2.307009426209799, 'I_gpi': 2.196427214001183, 'noise_stn_sigma': 3.7358232931830946, 'noise_gpe_sigma': 113.08968718765335, 'noise_gpi_sigma': 135.64730221324018, 'g_stn_gpe_mult': 4.148803873026087, 'g_gpe_stn_mult': 0.660643480767066, 'g_stn_gpi_mult': 1.3693404277596548, 'g_gpe_gpi_mult': 0.7516975328571169}. Best is trial 767 with value: 0.775992504791496.
[I 2026-05-28 22:23:32,878] Trial 902 finished with value: 2.9986864893352303 and parameters: {'ISTN': 111.73064157673213, 'I_gpe': 2.3053727305304923, 'I_gpi': 2.0606494303961695, 'noise_stn_sigma': 3.9225665824838813, 'noise_gpe_sigma': 117.0339620161933, 'noise_gpi_sigma': 132.65152631466816, 'g_stn_gpe_mult': 4.206848470599547, 'g_gpe_stn_mult': 0.6555127013824243, 'g_stn_gpi_mult': 1.4008822321312917, 'g_gpe_gpi_mult': 0.7285368834035413}. Best is trial 767 with value: 0.775992504791496.
[I 2026-05-28 22:23:33,919] Trial 903 finished with value: 5.673149005650192 and parameters: {'ISTN': 113.70344190255386, 'I_gpe': 2.225244288075016, 'I_gpi': 2.08352244416961, 'noise_stn_sigma': 3.6336714881290213, 'noise_gpe_sigma': 114.43062028436606, 'noise_gpi_sigma': 137.42533526428326, 'g_stn_gpe_mult': 4.27376344177258, 'g_gpe_stn_mult': 0.6690243867629247, 'g_stn_gpi_mult': 1.2431698927009374, 'g_gpe_gpi_mult': 0.7462093993650418}. Best is trial 767 with value: 0.775992504791496.
[I 2026-05-28 22:23:34,962] Trial 904 finished with value: 1.6158953071524211 and parameters: {'ISTN': 113.99354756641854, 'I_gpe': 2.203452933379884, 'I_gpi': 1.9973936252423645, 'noise_stn_sigma': 3.7091660322111797, 'noise_gpe_sigma': 109.02228439218781, 'noise_gpi_sigma': 128.01044545997365, 'g_stn_gpe_mult': 4.316235201238695, 'g_gpe_stn_mult': 0.6779141872520297, 'g_stn_gpi_mult': 1.3123103303792003, 'g_gpe_gpi_mult': 0.7328868601601308}. Best is trial 767 with value: 0.775992504791496.
[I 2026-05-28 22:23:36,005] Trial 905 finished with value: 4.804281744596388 and parameters: {'ISTN': 111.98126498543061, 'I_gpe': 2.27295264510665, 'I_gpi': 2.220590294959325, 'noise_stn_sigma': 3.9902874241837543, 'noise_gpe_sigma': 112.90091385347645, 'noise_gpi_sigma': 139.01629687461227, 'g_stn_gpe_mult': 4.0466689354757435, 'g_gpe_stn_mult': 0.6461917238647491, 'g_stn_gpi_mult': 1.3896809790403206, 'g_gpe_gpi_mult': 0.7504377287845971}. Best is trial 767 with value: 0.775992504791496.
[I 2026-05-28 22:23:37,048] Trial 906 finished with value: 5.419399733386937 and parameters: {'ISTN': 113.56398591199795, 'I_gpe': 2.236962529962425, 'I_gpi': 2.16108193215633, 'noise_stn_sigma': 3.8240062371490766, 'noise_gpe_sigma': 106.79925333522728, 'noise_gpi_sigma': 133.74185782922672, 'g_stn_gpe_mult': 4.192880500229862, 'g_gpe_stn_mult': 0.6766403401421909, 'g_stn_gpi_mult': 1.3119733074713256, 'g_gpe_gpi_mult': 0.7408927820283}. Best is trial 767 with value: 0.775992504791496.
[I 2026-05-28 22:23:38,090] Trial 907 finished with value: 4.99965075435923 and parameters: {'ISTN': 115.57079058170272, 'I_gpe': 2.2415693748138246, 'I_gpi': 2.135899443102212, 'noise_stn_sigma': 3.611838920868403, 'noise_gpe_sigma': 109.24305328638873, 'noise_gpi_sigma': 131.33734356700222, 'g_stn_gpe_mult': 4.297557469464282, 'g_gpe_stn_mult': 0.6815926480361906, 'g_stn_gpi_mult': 1.3337952934616242, 'g_gpe_gpi_mult': 0.7417932152885749}. Best is trial 767 with value: 0.775992504791496.
[I 2026-05-28 22:23:39,131] Trial 908 finished with value: 0.883072390136804 and parameters: {'ISTN': 113.10251376464845, 'I_gpe': 2.2591288488624364, 'I_gpi': 2.039593600191747, 'noise_stn_sigma': 3.732206403600424, 'noise_gpe_sigma': 110.12514239637034, 'noise_gpi_sigma': 137.07546901744274, 'g_stn_gpe_mult': 4.097095099251929, 'g_gpe_stn_mult': 0.6591431689517041, 'g_stn_gpi_mult': 1.3815268268287844, 'g_gpe_gpi_mult': 0.7727652721207294}. Best is trial 767 with value: 0.775992504791496.
[I 2026-05-28 22:23:40,173] Trial 909 finished with value: 9.157988414608514 and parameters: {'ISTN': 113.94582500674719, 'I_gpe': 2.2788093458183005, 'I_gpi': 2.0850150900774107, 'noise_stn_sigma': 3.9936548094090742, 'noise_gpe_sigma': 115.34123644039049, 'noise_gpi_sigma': 138.5226274995191, 'g_stn_gpe_mult': 4.214420620759986, 'g_gpe_stn_mult': 0.6706821372736743, 'g_stn_gpi_mult': 1.3946347446444356, 'g_gpe_gpi_mult': 0.77023962746753}. Best is trial 767 with value: 0.775992504791496.
[I 2026-05-28 22:23:41,214] Trial 910 finished with value: 8.260667324510287 and parameters: {'ISTN': 114.9776858688775, 'I_gpe': 2.1949572412403713, 'I_gpi': 1.904808064309417, 'noise_stn_sigma': 3.5367781459912315, 'noise_gpe_sigma': 113.99845192467512, 'noise_gpi_sigma': 137.1200234895672, 'g_stn_gpe_mult': 4.253897900077542, 'g_gpe_stn_mult': 0.6689889688256802, 'g_stn_gpi_mult': 1.233889371612651, 'g_gpe_gpi_mult': 0.7138520122145204}. Best is trial 767 with value: 0.775992504791496.
[I 2026-05-28 22:23:42,258] Trial 911 finished with value: 5.484701203293175 and parameters: {'ISTN': 113.57256126319814, 'I_gpe': 2.243109565881774, 'I_gpi': 2.022150538552865, 'noise_stn_sigma': 3.6860169005965013, 'noise_gpe_sigma': 111.2750532144648, 'noise_gpi_sigma': 132.69269956107274, 'g_stn_gpe_mult': 4.361741736312138, 'g_gpe_stn_mult': 0.6592871425793142, 'g_stn_gpi_mult': 1.2879310539676778, 'g_gpe_gpi_mult': 0.7160046204992447}. Best is trial 767 with value: 0.775992504791496.
[I 2026-05-28 22:23:43,301] Trial 912 finished with value: 4.23453927927946 and parameters: {'ISTN': 114.29285822993091, 'I_gpe': 2.2720841539377283, 'I_gpi': 1.9869575504684194, 'noise_stn_sigma': 3.8449243491792116, 'noise_gpe_sigma': 112.93343123131321, 'noise_gpi_sigma': 124.95705429288904, 'g_stn_gpe_mult': 4.231479433542671, 'g_gpe_stn_mult': 0.6691985018571102, 'g_stn_gpi_mult': 1.3170968308401991, 'g_gpe_gpi_mult': 0.7368961318172296}. Best is trial 767 with value: 0.775992504791496.
[I 2026-05-28 22:23:44,342] Trial 913 finished with value: 3.7540768030236022 and parameters: {'ISTN': 112.26349658294701, 'I_gpe': 2.2306979927461414, 'I_gpi': 2.0112819066470893, 'noise_stn_sigma': 3.6551003709950813, 'noise_gpe_sigma': 107.43822992115886, 'noise_gpi_sigma': 135.0411347435897, 'g_stn_gpe_mult': 4.0872652044247175, 'g_gpe_stn_mult': 0.6670948044249607, 'g_stn_gpi_mult': 1.380400413552312, 'g_gpe_gpi_mult': 0.7452737917634531}. Best is trial 767 with value: 0.775992504791496.
[I 2026-05-28 22:23:45,385] Trial 914 finished with value: 0.8822926149511541 and parameters: {'ISTN': 112.76812043397989, 'I_gpe': 2.281341585365782, 'I_gpi': 2.0805666842260306, 'noise_stn_sigma': 3.9712849993254293, 'noise_gpe_sigma': 114.20947204495313, 'noise_gpi_sigma': 134.03169263648826, 'g_stn_gpe_mult': 4.137767002756056, 'g_gpe_stn_mult': 0.6566302711476582, 'g_stn_gpi_mult': 1.4567468160104884, 'g_gpe_gpi_mult': 0.7104859893391788}. Best is trial 767 with value: 0.775992504791496.
[I 2026-05-28 22:23:46,428] Trial 915 finished with value: 3.552286675396725 and parameters: {'ISTN': 115.55737780717735, 'I_gpe': 2.2072296816231436, 'I_gpi': 2.1689091286991418, 'noise_stn_sigma': 3.4402544554701167, 'noise_gpe_sigma': 110.3721199591517, 'noise_gpi_sigma': 136.89733017623183, 'g_stn_gpe_mult': 4.27760091429545, 'g_gpe_stn_mult': 0.6714548573326251, 'g_stn_gpi_mult': 1.211412503105916, 'g_gpe_gpi_mult': 0.7524065754773572}. Best is trial 767 with value: 0.775992504791496.
[I 2026-05-28 22:23:47,467] Trial 916 finished with value: 1.6002451736596368 and parameters: {'ISTN': 111.57790224939816, 'I_gpe': 2.271291350525437, 'I_gpi': 2.073677043207256, 'noise_stn_sigma': 4.0439807290055665, 'noise_gpe_sigma': 113.7948438895482, 'noise_gpi_sigma': 136.5203444880146, 'g_stn_gpe_mult': 4.118987845912038, 'g_gpe_stn_mult': 0.6537505171024324, 'g_stn_gpi_mult': 1.5393873114101186, 'g_gpe_gpi_mult': 0.7624899532894893}. Best is trial 767 with value: 0.775992504791496.
[I 2026-05-28 22:23:48,511] Trial 917 finished with value: 2.28585476086588 and parameters: {'ISTN': 111.03248882508937, 'I_gpe': 2.230016841685832, 'I_gpi': 2.0329614938018667, 'noise_stn_sigma': 3.6986074903473476, 'noise_gpe_sigma': 109.92308756537673, 'noise_gpi_sigma': 135.55765526425887, 'g_stn_gpe_mult': 4.18174132801273, 'g_gpe_stn_mult': 0.6544721468715239, 'g_stn_gpi_mult': 1.2915936185905943, 'g_gpe_gpi_mult': 0.7945135894158739}. Best is trial 767 with value: 0.775992504791496.
[I 2026-05-28 22:23:49,554] Trial 918 finished with value: 0.7899638981093949 and parameters: {'ISTN': 112.60440187557415, 'I_gpe': 2.2380397005600727, 'I_gpi': 2.0562197165180307, 'noise_stn_sigma': 3.5705794126373593, 'noise_gpe_sigma': 110.32863408073047, 'noise_gpi_sigma': 139.03537676199466, 'g_stn_gpe_mult': 4.163461710255051, 'g_gpe_stn_mult': 0.664192705003504, 'g_stn_gpi_mult': 1.3432055854542193, 'g_gpe_gpi_mult': 0.7621198618196383}. Best is trial 767 with value: 0.775992504791496.
[I 2026-05-28 22:23:50,597] Trial 919 finished with value: 2.574350235858314 and parameters: {'ISTN': 113.68137519418501, 'I_gpe': 2.2952224099869287, 'I_gpi': 2.0323434414372863, 'noise_stn_sigma': 3.9436931178405814, 'noise_gpe_sigma': 110.42037584371437, 'noise_gpi_sigma': 131.35325851784535, 'g_stn_gpe_mult': 4.116895131446496, 'g_gpe_stn_mult': 0.6705533855795517, 'g_stn_gpi_mult': 1.3052640549505212, 'g_gpe_gpi_mult': 0.7751787068390887}. Best is trial 767 with value: 0.775992504791496.
[I 2026-05-28 22:23:51,638] Trial 920 finished with value: 6.397430582802098 and parameters: {'ISTN': 112.56122722579381, 'I_gpe': 2.2530169569458653, 'I_gpi': 2.038717180036891, 'noise_stn_sigma': 3.8957344313080293, 'noise_gpe_sigma': 115.45899767553223, 'noise_gpi_sigma': 131.50724648567063, 'g_stn_gpe_mult': 4.312261382199761, 'g_gpe_stn_mult': 0.6633509217681269, 'g_stn_gpi_mult': 1.374927981461562, 'g_gpe_gpi_mult': 0.7382738625603524}. Best is trial 767 with value: 0.775992504791496.
[I 2026-05-28 22:23:52,681] Trial 921 finished with value: 2.166358913356003 and parameters: {'ISTN': 112.299524675909, 'I_gpe': 2.2197938940969615, 'I_gpi': 2.0891458767605284, 'noise_stn_sigma': 3.7336778293688204, 'noise_gpe_sigma': 111.27114515096635, 'noise_gpi_sigma': 140.824672590748, 'g_stn_gpe_mult': 4.186246976560491, 'g_gpe_stn_mult': 0.665962442441848, 'g_stn_gpi_mult': 1.4130664751244808, 'g_gpe_gpi_mult': 0.7220190381924072}. Best is trial 767 with value: 0.775992504791496.
[I 2026-05-28 22:23:53,724] Trial 922 finished with value: 3.322236959496404 and parameters: {'ISTN': 113.52580495573959, 'I_gpe': 2.23589459213708, 'I_gpi': 2.043033199749744, 'noise_stn_sigma': 3.7112119972046904, 'noise_gpe_sigma': 112.01856678583718, 'noise_gpi_sigma': 141.4070600242177, 'g_stn_gpe_mult': 4.097416996967812, 'g_gpe_stn_mult': 0.662004605561649, 'g_stn_gpi_mult': 1.3475649505522185, 'g_gpe_gpi_mult': 0.7460177420126657}. Best is trial 767 with value: 0.775992504791496.
[I 2026-05-28 22:23:54,764] Trial 923 finished with value: 4.0577678281569804 and parameters: {'ISTN': 110.4281467275259, 'I_gpe': 2.313488247502838, 'I_gpi': 2.0909763200735396, 'noise_stn_sigma': 3.5182042574840278, 'noise_gpe_sigma': 111.48940599793146, 'noise_gpi_sigma': 139.2801488995794, 'g_stn_gpe_mult': 4.054604924393307, 'g_gpe_stn_mult': 0.6559153317055924, 'g_stn_gpi_mult': 1.3911412191002004, 'g_gpe_gpi_mult': 0.7708455034392734}. Best is trial 767 with value: 0.775992504791496.
