[I 2026-05-28 22:15:31,987] Trial 440 finished with value: 1.1508352744018555 and parameters: {'ISTN': 114.09066735320656, 'I_gpe': 2.4106001568992577, 'I_gpi': 1.6117983311979969, 'noise_stn_sigma': 4.208604566147736, 'noise_gpe_sigma': 118.50320814472903, 'noise_gpi_sigma': 119.46035958406571, 'g_stn_gpe_mult': 3.9182449771236003, 'g_gpe_stn_mult': 0.6673826702939953, 'g_stn_gpi_mult': 1.8405380549349766, 'g_gpe_gpi_mult': 0.8425371528792736}. Best is trial 439 with value: 0.9363413093826806.
[I 2026-05-28 22:15:33,028] Trial 441 finished with value: 2.985963670338789 and parameters: {'ISTN': 114.49344547016807, 'I_gpe': 2.2784279474049285, 'I_gpi': 1.186060771429799, 'noise_stn_sigma': 4.49429424039658, 'noise_gpe_sigma': 115.8423909532536, 'noise_gpi_sigma': 126.39294476160552, 'g_stn_gpe_mult': 4.0407791597502225, 'g_gpe_stn_mult': 0.6779515706543148, 'g_stn_gpi_mult': 1.4854594067925555, 'g_gpe_gpi_mult': 0.9122429010933628}. Best is trial 439 with value: 0.9363413093826806.
[I 2026-05-28 22:15:34,070] Trial 442 finished with value: 3.4771400584242125 and parameters: {'ISTN': 110.78109579142874, 'I_gpe': 2.3655696835397526, 'I_gpi': 1.699916872519983, 'noise_stn_sigma': 3.636607484562024, 'noise_gpe_sigma': 118.92045863379117, 'noise_gpi_sigma': 126.59291348589542, 'g_stn_gpe_mult': 4.1448610718862415, 'g_gpe_stn_mult': 0.628387814142412, 'g_stn_gpi_mult': 1.7303020037524297, 'g_gpe_gpi_mult': 0.823741989774537}. Best is trial 439 with value: 0.9363413093826806.
[I 2026-05-28 22:15:35,112] Trial 443 finished with value: 2.6556262768646626 and parameters: {'ISTN': 107.52821379529942, 'I_gpe': 2.3965528872455515, 'I_gpi': 2.1412117353567677, 'noise_stn_sigma': 4.310887997082304, 'noise_gpe_sigma': 112.52211237016357, 'noise_gpi_sigma': 111.09498681367954, 'g_stn_gpe_mult': 4.219566937535088, 'g_gpe_stn_mult': 0.6518046403347116, 'g_stn_gpi_mult': 1.7016749579273798, 'g_gpe_gpi_mult': 0.8520619384144223}. Best is trial 439 with value: 0.9363413093826806.
[I 2026-05-28 22:15:36,155] Trial 444 finished with value: 4.2773939649925135 and parameters: {'ISTN': 108.75912436873693, 'I_gpe': 2.5294621895097396, 'I_gpi': 1.9728349031173193, 'noise_stn_sigma': 3.9292001956305547, 'noise_gpe_sigma': 118.76984472900814, 'noise_gpi_sigma': 132.77831645377097, 'g_stn_gpe_mult': 3.755132657541393, 'g_gpe_stn_mult': 0.6205029115983383, 'g_stn_gpi_mult': 1.6335924371276274, 'g_gpe_gpi_mult': 0.8615153443151506}. Best is trial 439 with value: 0.9363413093826806.
[I 2026-05-28 22:15:37,196] Trial 445 finished with value: 5.517919708715488 and parameters: {'ISTN': 114.57281983454365, 'I_gpe': 2.3450738366063533, 'I_gpi': 1.932600055815776, 'noise_stn_sigma': 3.8199420860365776, 'noise_gpe_sigma': 105.71745333501839, 'noise_gpi_sigma': 115.29786149608606, 'g_stn_gpe_mult': 3.8362146834515403, 'g_gpe_stn_mult': 0.6317782460770618, 'g_stn_gpi_mult': 1.8793421129853054, 'g_gpe_gpi_mult': 0.9580216223073224}. Best is trial 439 with value: 0.9363413093826806.
[I 2026-05-28 22:15:38,239] Trial 446 finished with value: 2.196594450801398 and parameters: {'ISTN': 107.63847418322288, 'I_gpe': 2.259690075128742, 'I_gpi': 1.983985568199732, 'noise_stn_sigma': 4.3122395461529415, 'noise_gpe_sigma': 117.55375824788825, 'noise_gpi_sigma': 134.77513668614984, 'g_stn_gpe_mult': 3.931215668567307, 'g_gpe_stn_mult': 0.611083242751426, 'g_stn_gpi_mult': 1.8652049826563526, 'g_gpe_gpi_mult': 0.8309207887396461}. Best is trial 439 with value: 0.9363413093826806.
[I 2026-05-28 22:15:39,221] Trial 447 finished with value: 1000000.0 and parameters: {'ISTN': 111.09153637993117, 'I_gpe': 2.08820752660521, 'I_gpi': 1.5901202303566668, 'noise_stn_sigma': 4.072665907845903, 'noise_gpe_sigma': 113.87575210298613, 'noise_gpi_sigma': 130.07249361046087, 'g_stn_gpe_mult': 3.8440592984462745, 'g_gpe_stn_mult': 0.6442526038655956, 'g_stn_gpi_mult': 1.771010812157444, 'g_gpe_gpi_mult': 0.8562578642449343}. Best is trial 439 with value: 0.9363413093826806.
[I 2026-05-28 22:15:40,261] Trial 448 finished with value: 3.0070310268145426 and parameters: {'ISTN': 113.3010902074354, 'I_gpe': 2.3552799761820102, 'I_gpi': 1.9171979996065875, 'noise_stn_sigma': 3.685422408516991, 'noise_gpe_sigma': 113.93211896016216, 'noise_gpi_sigma': 122.7264772245607, 'g_stn_gpe_mult': 3.8583796245687116, 'g_gpe_stn_mult': 0.6528992105199991, 'g_stn_gpi_mult': 1.7106916551274787, 'g_gpe_gpi_mult': 1.01261165246282}. Best is trial 439 with value: 0.9363413093826806.
[I 2026-05-28 22:15:41,302] Trial 449 finished with value: 5.514768321076017 and parameters: {'ISTN': 101.42390859233518, 'I_gpe': 2.2355024941568327, 'I_gpi': 1.9946591850526945, 'noise_stn_sigma': 4.437148142067726, 'noise_gpe_sigma': 113.4233480248384, 'noise_gpi_sigma': 123.12030148988178, 'g_stn_gpe_mult': 3.834074008438723, 'g_gpe_stn_mult': 0.5962265133286406, 'g_stn_gpi_mult': 1.8882626672290086, 'g_gpe_gpi_mult': 0.948996006603549}. Best is trial 439 with value: 0.9363413093826806.
[I 2026-05-28 22:15:42,342] Trial 450 finished with value: 10.201908742356768 and parameters: {'ISTN': 104.71745864420413, 'I_gpe': 2.2595455280646934, 'I_gpi': 1.7510118031669593, 'noise_stn_sigma': 3.7051443409738822, 'noise_gpe_sigma': 124.65682225873454, 'noise_gpi_sigma': 135.54647285785816, 'g_stn_gpe_mult': 3.6142947509733028, 'g_gpe_stn_mult': 0.6290889022413086, 'g_stn_gpi_mult': 1.7484363280888888, 'g_gpe_gpi_mult': 0.9241011784581976}. Best is trial 439 with value: 0.9363413093826806.
[I 2026-05-28 22:15:43,383] Trial 451 finished with value: 4.2422955252669805 and parameters: {'ISTN': 111.54005774223947, 'I_gpe': 2.2247530638078485, 'I_gpi': 1.5641831054161814, 'noise_stn_sigma': 4.507658739212673, 'noise_gpe_sigma': 107.75762869589495, 'noise_gpi_sigma': 130.2843872593378, 'g_stn_gpe_mult': 4.224466323448784, 'g_gpe_stn_mult': 0.6429578877799053, 'g_stn_gpi_mult': 1.6677696448673496, 'g_gpe_gpi_mult': 0.8344309834966501}. Best is trial 439 with value: 0.9363413093826806.
[I 2026-05-28 22:15:44,427] Trial 452 finished with value: 8.854470389642948 and parameters: {'ISTN': 107.49552736254331, 'I_gpe': 2.2897638360645676, 'I_gpi': 1.7108636634883085, 'noise_stn_sigma': 4.356514855966205, 'noise_gpe_sigma': 122.92341780296593, 'noise_gpi_sigma': 121.16290809052848, 'g_stn_gpe_mult': 4.014993988331208, 'g_gpe_stn_mult': 0.6528903381235749, 'g_stn_gpi_mult': 1.644582570549404, 'g_gpe_gpi_mult': 0.8989983578098222}. Best is trial 439 with value: 0.9363413093826806.
[I 2026-05-28 22:15:45,468] Trial 453 finished with value: 4.202341043997742 and parameters: {'ISTN': 104.00071107324632, 'I_gpe': 2.3698638059287793, 'I_gpi': 1.9149531912234703, 'noise_stn_sigma': 4.427574852669039, 'noise_gpe_sigma': 113.12462637095808, 'noise_gpi_sigma': 131.80187524865676, 'g_stn_gpe_mult': 4.3018403177511715, 'g_gpe_stn_mult': 0.6172694856840502, 'g_stn_gpi_mult': 1.6682916084212538, 'g_gpe_gpi_mult': 0.9508487507328667}. Best is trial 439 with value: 0.9363413093826806.
[I 2026-05-28 22:15:46,509] Trial 454 finished with value: 9.404330226125904 and parameters: {'ISTN': 103.66744645143771, 'I_gpe': 2.312403129084389, 'I_gpi': 1.9136528630898963, 'noise_stn_sigma': 4.2496102579273325, 'noise_gpe_sigma': 114.68542605415752, 'noise_gpi_sigma': 118.09623322475619, 'g_stn_gpe_mult': 4.096636778501434, 'g_gpe_stn_mult': 0.6377310603358494, 'g_stn_gpi_mult': 2.0039526320443217, 'g_gpe_gpi_mult': 0.8055200494191161}. Best is trial 439 with value: 0.9363413093826806.
[I 2026-05-28 22:15:47,549] Trial 455 finished with value: 6.218721810683758 and parameters: {'ISTN': 106.44011266175764, 'I_gpe': 2.305441630805165, 'I_gpi': 1.730783890973886, 'noise_stn_sigma': 4.109246684265246, 'noise_gpe_sigma': 121.54112280027242, 'noise_gpi_sigma': 133.46580108451928, 'g_stn_gpe_mult': 4.393168951348832, 'g_gpe_stn_mult': 0.6256967765146974, 'g_stn_gpi_mult': 1.7229049999357062, 'g_gpe_gpi_mult': 0.9006507521192157}. Best is trial 439 with value: 0.9363413093826806.
[I 2026-05-28 22:15:48,594] Trial 456 finished with value: 1.0574866196678436 and parameters: {'ISTN': 109.53098064358824, 'I_gpe': 2.1935199175082687, 'I_gpi': 1.9909953605063877, 'noise_stn_sigma': 4.091752179469768, 'noise_gpe_sigma': 106.68421091162027, 'noise_gpi_sigma': 121.26249920464463, 'g_stn_gpe_mult': 4.1015852742763546, 'g_gpe_stn_mult': 0.6449424376138753, 'g_stn_gpi_mult': 1.7837493329776963, 'g_gpe_gpi_mult': 0.8024316222972303}. Best is trial 439 with value: 0.9363413093826806.
[I 2026-05-28 22:15:49,636] Trial 457 finished with value: 3.9061939770720238 and parameters: {'ISTN': 111.72192603438069, 'I_gpe': 2.280862182475764, 'I_gpi': 2.10663705306188, 'noise_stn_sigma': 4.474994449504912, 'noise_gpe_sigma': 112.70639464599016, 'noise_gpi_sigma': 119.59692566775753, 'g_stn_gpe_mult': 3.8118836284185376, 'g_gpe_stn_mult': 0.671304773218019, 'g_stn_gpi_mult': 1.675122392038237, 'g_gpe_gpi_mult': 0.8188400981500366}. Best is trial 439 with value: 0.9363413093826806.
[I 2026-05-28 22:15:50,678] Trial 458 finished with value: 8.489114683607232 and parameters: {'ISTN': 114.0120387907315, 'I_gpe': 2.1599188759813828, 'I_gpi': 2.0573962528166243, 'noise_stn_sigma': 4.547937984538932, 'noise_gpe_sigma': 120.77180384775534, 'noise_gpi_sigma': 132.70386688221342, 'g_stn_gpe_mult': 4.074935427338721, 'g_gpe_stn_mult': 0.6647805534588707, 'g_stn_gpi_mult': 1.715451189211039, 'g_gpe_gpi_mult': 0.869730071858742}. Best is trial 439 with value: 0.9363413093826806.
[I 2026-05-28 22:15:51,722] Trial 459 finished with value: 10.091936027470286 and parameters: {'ISTN': 107.87755849017856, 'I_gpe': 2.481336495809811, 'I_gpi': 2.366318410247334, 'noise_stn_sigma': 4.622569730873889, 'noise_gpe_sigma': 112.73161033281828, 'noise_gpi_sigma': 129.0632162490725, 'g_stn_gpe_mult': 4.308706439557097, 'g_gpe_stn_mult': 0.6020326908736653, 'g_stn_gpi_mult': 1.8950626370350618, 'g_gpe_gpi_mult': 0.877958761083703}. Best is trial 439 with value: 0.9363413093826806.
[I 2026-05-28 22:15:52,763] Trial 460 finished with value: 4.856863423297299 and parameters: {'ISTN': 111.00936419549095, 'I_gpe': 2.3339346929817855, 'I_gpi': 1.9358198791098395, 'noise_stn_sigma': 3.9320419828256274, 'noise_gpe_sigma': 116.86342177651709, 'noise_gpi_sigma': 128.31328442355698, 'g_stn_gpe_mult': 4.0468638216665465, 'g_gpe_stn_mult': 0.6516859982120277, 'g_stn_gpi_mult': 1.6088768839712162, 'g_gpe_gpi_mult': 0.8654376628015925}. Best is trial 439 with value: 0.9363413093826806.
[I 2026-05-28 22:15:53,805] Trial 461 finished with value: 1.5343759051414467 and parameters: {'ISTN': 111.71163831409152, 'I_gpe': 2.3033576192934992, 'I_gpi': 2.0025357297181703, 'noise_stn_sigma': 4.441963935087738, 'noise_gpe_sigma': 107.83524802487626, 'noise_gpi_sigma': 128.66930865574466, 'g_stn_gpe_mult': 4.1039934001342875, 'g_gpe_stn_mult': 0.626680661163482, 'g_stn_gpi_mult': 1.7843274193279908, 'g_gpe_gpi_mult': 0.7666185994840653}. Best is trial 439 with value: 0.9363413093826806.
[I 2026-05-28 22:15:54,845] Trial 462 finished with value: 6.212499916711491 and parameters: {'ISTN': 109.5526106528032, 'I_gpe': 2.2667381626492666, 'I_gpi': 1.9521943879797508, 'noise_stn_sigma': 3.956855962984013, 'noise_gpe_sigma': 109.37510065830348, 'noise_gpi_sigma': 124.63379528984484, 'g_stn_gpe_mult': 3.9779091417047368, 'g_gpe_stn_mult': 0.6510683657384814, 'g_stn_gpi_mult': 1.7695844110561132, 'g_gpe_gpi_mult': 0.7560994382154491}. Best is trial 439 with value: 0.9363413093826806.
[I 2026-05-28 22:15:55,886] Trial 463 finished with value: 2.489207800512233 and parameters: {'ISTN': 108.76137678833096, 'I_gpe': 2.427131389696048, 'I_gpi': 2.168487593913972, 'noise_stn_sigma': 4.446891832442503, 'noise_gpe_sigma': 116.48801539853005, 'noise_gpi_sigma': 120.34691079381285, 'g_stn_gpe_mult': 4.098151741267638, 'g_gpe_stn_mult': 0.6497073200782514, 'g_stn_gpi_mult': 1.7637738420441096, 'g_gpe_gpi_mult': 0.7617975987735752}. Best is trial 439 with value: 0.9363413093826806.
[I 2026-05-28 22:15:56,928] Trial 464 finished with value: 5.539436903841152 and parameters: {'ISTN': 110.73153551810917, 'I_gpe': 2.294416284583801, 'I_gpi': 1.9576924718741653, 'noise_stn_sigma': 4.1282491775445695, 'noise_gpe_sigma': 111.75905767633468, 'noise_gpi_sigma': 134.63623008912424, 'g_stn_gpe_mult': 4.0246104144506605, 'g_gpe_stn_mult': 0.6416197323571745, 'g_stn_gpi_mult': 1.5371747633644908, 'g_gpe_gpi_mult': 0.764313963234535}. Best is trial 439 with value: 0.9363413093826806.
[I 2026-05-28 22:15:57,967] Trial 465 finished with value: 9.678135013177814 and parameters: {'ISTN': 108.1417192987629, 'I_gpe': 2.216703335179232, 'I_gpi': 1.804947684296356, 'noise_stn_sigma': 4.317231824297618, 'noise_gpe_sigma': 109.10078666698227, 'noise_gpi_sigma': 128.92239810932583, 'g_stn_gpe_mult': 4.042198975765558, 'g_gpe_stn_mult': 0.6640191843635004, 'g_stn_gpi_mult': 1.7413590934411123, 'g_gpe_gpi_mult': 0.7619541795773317}. Best is trial 439 with value: 0.9363413093826806.
[I 2026-05-28 22:15:59,013] Trial 466 finished with value: 1.5464953228170113 and parameters: {'ISTN': 108.07551999879227, 'I_gpe': 2.2786151625897384, 'I_gpi': 2.1171913589230993, 'noise_stn_sigma': 4.580225973859389, 'noise_gpe_sigma': 105.6569766155967, 'noise_gpi_sigma': 115.29408417781474, 'g_stn_gpe_mult': 3.950019559037408, 'g_gpe_stn_mult': 0.6273798904990756, 'g_stn_gpi_mult': 1.909688672246931, 'g_gpe_gpi_mult': 0.7320714995831132}. Best is trial 439 with value: 0.9363413093826806.
[I 2026-05-28 22:16:00,057] Trial 467 finished with value: 6.729882315103672 and parameters: {'ISTN': 117.55517544015109, 'I_gpe': 2.139136944506175, 'I_gpi': 1.828983339858014, 'noise_stn_sigma': 4.737743559528799, 'noise_gpe_sigma': 108.51345768309362, 'noise_gpi_sigma': 130.06833028736128, 'g_stn_gpe_mult': 4.1264832248723895, 'g_gpe_stn_mult': 0.668890303507243, 'g_stn_gpi_mult': 1.5516615317573588, 'g_gpe_gpi_mult': 0.9097563310608863}. Best is trial 439 with value: 0.9363413093826806.
[I 2026-05-28 22:16:01,100] Trial 468 finished with value: 3.494423807123953 and parameters: {'ISTN': 114.55801325347822, 'I_gpe': 2.3602486052656486, 'I_gpi': 1.988732736599046, 'noise_stn_sigma': 3.9816173719378725, 'noise_gpe_sigma': 110.04957490437147, 'noise_gpi_sigma': 122.91286853963156, 'g_stn_gpe_mult': 3.987783973107307, 'g_gpe_stn_mult': 0.6807966972913801, 'g_stn_gpi_mult': 1.6326254054092046, 'g_gpe_gpi_mult': 0.8627714666064523}. Best is trial 439 with value: 0.9363413093826806.
[I 2026-05-28 22:16:02,142] Trial 469 finished with value: 2.0919101634478996 and parameters: {'ISTN': 114.48861321076468, 'I_gpe': 2.286995207230994, 'I_gpi': 1.9644275849569333, 'noise_stn_sigma': 4.423221337299751, 'noise_gpe_sigma': 109.5722523874188, 'noise_gpi_sigma': 123.71732942370562, 'g_stn_gpe_mult': 4.183381903449657, 'g_gpe_stn_mult': 0.653230978578341, 'g_stn_gpi_mult': 1.738719749388933, 'g_gpe_gpi_mult': 0.828464130473606}. Best is trial 439 with value: 0.9363413093826806.
[I 2026-05-28 22:16:03,182] Trial 470 finished with value: 4.708616615290824 and parameters: {'ISTN': 112.85616848656943, 'I_gpe': 2.2375517725025604, 'I_gpi': 2.221734121339027, 'noise_stn_sigma': 4.269206070518491, 'noise_gpe_sigma': 105.94322197350047, 'noise_gpi_sigma': 121.72643871067864, 'g_stn_gpe_mult': 4.088346355311886, 'g_gpe_stn_mult': 0.6754418608457429, 'g_stn_gpi_mult': 1.5976814721361623, 'g_gpe_gpi_mult': 0.8438850495583525}. Best is trial 439 with value: 0.9363413093826806.
[I 2026-05-28 22:16:04,227] Trial 471 finished with value: 10.49718504536695 and parameters: {'ISTN': 111.57103007120415, 'I_gpe': 2.4122939935801075, 'I_gpi': 2.1026872208650644, 'noise_stn_sigma': 4.253034219093893, 'noise_gpe_sigma': 106.23749392248001, 'noise_gpi_sigma': 112.27640525306548, 'g_stn_gpe_mult': 4.262414878945957, 'g_gpe_stn_mult': 0.6267526966213797, 'g_stn_gpi_mult': 1.884188299223614, 'g_gpe_gpi_mult': 0.7161592118407141}. Best is trial 439 with value: 0.9363413093826806.
[I 2026-05-28 22:16:05,272] Trial 472 finished with value: 1.3514598660035628 and parameters: {'ISTN': 115.7628550711886, 'I_gpe': 2.3085847991486848, 'I_gpi': 1.6690626353084657, 'noise_stn_sigma': 4.371007312737956, 'noise_gpe_sigma': 103.93850276093501, 'noise_gpi_sigma': 117.29898986758718, 'g_stn_gpe_mult': 4.179772212461624, 'g_gpe_stn_mult': 0.6559675484633413, 'g_stn_gpi_mult': 1.702284201705591, 'g_gpe_gpi_mult': 0.7645771399798473}. Best is trial 439 with value: 0.9363413093826806.
[I 2026-05-28 22:16:06,314] Trial 473 finished with value: 5.154906903680669 and parameters: {'ISTN': 104.66960468701765, 'I_gpe': 2.3366240851866915, 'I_gpi': 2.240957139746788, 'noise_stn_sigma': 4.539901720855666, 'noise_gpe_sigma': 105.46393610532623, 'noise_gpi_sigma': 133.25374895931714, 'g_stn_gpe_mult': 3.8247259424803652, 'g_gpe_stn_mult': 0.5973470957648193, 'g_stn_gpi_mult': 2.0199376689727107, 'g_gpe_gpi_mult': 0.7972442537883571}. Best is trial 439 with value: 0.9363413093826806.
[I 2026-05-28 22:16:07,356] Trial 474 finished with value: 8.668531519224796 and parameters: {'ISTN': 114.10579539954162, 'I_gpe': 2.45741220474048, 'I_gpi': 1.9607879049607746, 'noise_stn_sigma': 4.679638437727092, 'noise_gpe_sigma': 121.74688617680414, 'noise_gpi_sigma': 105.43555411088832, 'g_stn_gpe_mult': 4.241154077972295, 'g_gpe_stn_mult': 0.6419978681824368, 'g_stn_gpi_mult': 1.7332234172954197, 'g_gpe_gpi_mult': 0.7539506971785503}. Best is trial 439 with value: 0.9363413093826806.
[I 2026-05-28 22:16:08,339] Trial 475 finished with value: 1000000.0 and parameters: {'ISTN': 103.00391932506253, 'I_gpe': 2.2385258035982996, 'I_gpi': 1.9024445475623284, 'noise_stn_sigma': 4.826774922110715, 'noise_gpe_sigma': 113.46360592584593, 'noise_gpi_sigma': 131.10252649021743, 'g_stn_gpe_mult': 4.217914322211155, 'g_gpe_stn_mult': 0.5906192818791386, 'g_stn_gpi_mult': 1.967410813431604, 'g_gpe_gpi_mult': 0.8120539134350315}. Best is trial 439 with value: 0.9363413093826806.
[I 2026-05-28 22:16:09,381] Trial 476 finished with value: 2.424432763253944 and parameters: {'ISTN': 110.6363808487278, 'I_gpe': 2.307916457316109, 'I_gpi': 2.1726253891271563, 'noise_stn_sigma': 4.522849731356768, 'noise_gpe_sigma': 112.49516277171843, 'noise_gpi_sigma': 115.98003948336184, 'g_stn_gpe_mult': 4.352095769870396, 'g_gpe_stn_mult': 0.6316813281310638, 'g_stn_gpi_mult': 1.8045928289481723, 'g_gpe_gpi_mult': 0.8408600014218632}. Best is trial 439 with value: 0.9363413093826806.
[I 2026-05-28 22:16:10,424] Trial 477 finished with value: 3.9556683693186603 and parameters: {'ISTN': 113.95769546788034, 'I_gpe': 2.3686527574030714, 'I_gpi': 2.0279257135517086, 'noise_stn_sigma': 4.669959905691458, 'noise_gpe_sigma': 110.4184812202728, 'noise_gpi_sigma': 123.53663826960819, 'g_stn_gpe_mult': 4.022558970852655, 'g_gpe_stn_mult': 0.6338649022006423, 'g_stn_gpi_mult': 1.914183151530354, 'g_gpe_gpi_mult': 0.8143696729653724}. Best is trial 439 with value: 0.9363413093826806.
[I 2026-05-28 22:16:11,464] Trial 478 finished with value: 6.368494333457508 and parameters: {'ISTN': 107.00249363946241, 'I_gpe': 2.318010451142348, 'I_gpi': 2.0364500050429353, 'noise_stn_sigma': 4.402353881004249, 'noise_gpe_sigma': 107.4751094723227, 'noise_gpi_sigma': 124.37763844137882, 'g_stn_gpe_mult': 4.15875148640703, 'g_gpe_stn_mult': 0.593810613863966, 'g_stn_gpi_mult': 1.7170217509618397, 'g_gpe_gpi_mult': 0.7623350143404339}. Best is trial 439 with value: 0.9363413093826806.
[I 2026-05-28 22:16:12,506] Trial 479 finished with value: 6.446607985348092 and parameters: {'ISTN': 115.92996065233645, 'I_gpe': 2.3109417642976133, 'I_gpi': 1.8839275384802918, 'noise_stn_sigma': 4.180960470794828, 'noise_gpe_sigma': 109.62991678871467, 'noise_gpi_sigma': 127.62570495101758, 'g_stn_gpe_mult': 3.9207035498283362, 'g_gpe_stn_mult': 0.6611750800290668, 'g_stn_gpi_mult': 1.6679166014624462, 'g_gpe_gpi_mult': 0.7933823486017979}. Best is trial 439 with value: 0.9363413093826806.
[I 2026-05-28 22:16:13,552] Trial 480 finished with value: 5.2950796228163375 and parameters: {'ISTN': 108.57397583035119, 'I_gpe': 2.194860785374336, 'I_gpi': 2.2440145879701414, 'noise_stn_sigma': 4.476934350401821, 'noise_gpe_sigma': 112.30848247077525, 'noise_gpi_sigma': 124.39440085460214, 'g_stn_gpe_mult': 4.052921763108225, 'g_gpe_stn_mult': 0.6326736021113211, 'g_stn_gpi_mult': 1.877512898629792, 'g_gpe_gpi_mult': 0.7912640481620159}. Best is trial 439 with value: 0.9363413093826806.
[I 2026-05-28 22:16:14,596] Trial 481 finished with value: 9.87352407693426 and parameters: {'ISTN': 120.1152757963452, 'I_gpe': 2.4096517421794594, 'I_gpi': 2.0955388482229838, 'noise_stn_sigma': 4.4630652216886135, 'noise_gpe_sigma': 102.25237970806799, 'noise_gpi_sigma': 119.58662940078575, 'g_stn_gpe_mult': 3.874837725342139, 'g_gpe_stn_mult': 0.6841239707999132, 'g_stn_gpi_mult': 1.8269562830912873, 'g_gpe_gpi_mult': 0.8212901821409084}. Best is trial 439 with value: 0.9363413093826806.
[I 2026-05-28 22:16:15,637] Trial 482 finished with value: 5.358241864468641 and parameters: {'ISTN': 110.32948402022228, 'I_gpe': 2.4411842649971844, 'I_gpi': 1.9600337372987853, 'noise_stn_sigma': 4.332209873305093, 'noise_gpe_sigma': 105.85364126866602, 'noise_gpi_sigma': 118.7123415454929, 'g_stn_gpe_mult': 3.9450717491405025, 'g_gpe_stn_mult': 0.6198562848781232, 'g_stn_gpi_mult': 1.8543703562371534, 'g_gpe_gpi_mult': 0.7862189947242564}. Best is trial 439 with value: 0.9363413093826806.
[I 2026-05-28 22:16:16,679] Trial 483 finished with value: 9.66892542145192 and parameters: {'ISTN': 113.79072402154584, 'I_gpe': 2.2701389507565994, 'I_gpi': 1.8003411024363234, 'noise_stn_sigma': 4.24071642269565, 'noise_gpe_sigma': 105.74663614677742, 'noise_gpi_sigma': 127.00193385182635, 'g_stn_gpe_mult': 4.478083937359994, 'g_gpe_stn_mult': 0.6480408172985389, 'g_stn_gpi_mult': 1.6979649561598036, 'g_gpe_gpi_mult': 0.8251131095425817}. Best is trial 439 with value: 0.9363413093826806.
