[I 2026-05-28 22:14:00,384] Trial 352 finished with value: 5.844161073856998 and parameters: {'ISTN': 116.280536135174, 'I_gpe': 2.301327358764509, 'I_gpi': 1.8815950818782576, 'noise_stn_sigma': 5.700900644872514, 'noise_gpe_sigma': 122.28501955169716, 'noise_gpi_sigma': 118.34625943343916, 'g_stn_gpe_mult': 4.463439016386296, 'g_gpe_stn_mult': 0.6696368743975674, 'g_stn_gpi_mult': 1.6369833739690733, 'g_gpe_gpi_mult': 0.7221496936207195}. Best is trial 324 with value: 2.5302890667987397.
[I 2026-05-28 22:14:01,426] Trial 353 finished with value: 9.117790276931634 and parameters: {'ISTN': 114.34548660318072, 'I_gpe': 2.387635925473745, 'I_gpi': 1.7797330273807979, 'noise_stn_sigma': 5.0343850220122635, 'noise_gpe_sigma': 135.11296067382312, 'noise_gpi_sigma': 130.05403663337972, 'g_stn_gpe_mult': 4.519721586787309, 'g_gpe_stn_mult': 0.6181933877877895, 'g_stn_gpi_mult': 1.481216383295361, 'g_gpe_gpi_mult': 0.7019148552755701}. Best is trial 324 with value: 2.5302890667987397.
[I 2026-05-28 22:14:02,469] Trial 354 finished with value: 7.581981969618231 and parameters: {'ISTN': 120.814321131051, 'I_gpe': 2.3854648497504596, 'I_gpi': 1.68311227078068, 'noise_stn_sigma': 5.4636469526584985, 'noise_gpe_sigma': 120.13812911784586, 'noise_gpi_sigma': 101.1717539752029, 'g_stn_gpe_mult': 4.30527833261038, 'g_gpe_stn_mult': 0.6817145181184663, 'g_stn_gpi_mult': 1.7107157832653253, 'g_gpe_gpi_mult': 0.6210913996631608}. Best is trial 324 with value: 2.5302890667987397.
[I 2026-05-28 22:14:03,512] Trial 355 finished with value: 7.566843215671953 and parameters: {'ISTN': 113.57229546783984, 'I_gpe': 2.207456430415239, 'I_gpi': 1.3678556273631541, 'noise_stn_sigma': 4.794798392259969, 'noise_gpe_sigma': 131.0338362583809, 'noise_gpi_sigma': 119.66588859813427, 'g_stn_gpe_mult': 4.51690536739306, 'g_gpe_stn_mult': 0.6164053172103973, 'g_stn_gpi_mult': 1.4442193425956837, 'g_gpe_gpi_mult': 0.7138123557088707}. Best is trial 324 with value: 2.5302890667987397.
[I 2026-05-28 22:14:04,555] Trial 356 finished with value: 10.877775660500733 and parameters: {'ISTN': 119.13718439681189, 'I_gpe': 2.368384349294355, 'I_gpi': 1.8032356041530893, 'noise_stn_sigma': 5.017843716271271, 'noise_gpe_sigma': 120.4353349917071, 'noise_gpi_sigma': 127.41775317940385, 'g_stn_gpe_mult': 4.095977668700547, 'g_gpe_stn_mult': 0.612945538344003, 'g_stn_gpi_mult': 1.8383216702949041, 'g_gpe_gpi_mult': 0.7688227695639309}. Best is trial 324 with value: 2.5302890667987397.
[I 2026-05-28 22:14:05,595] Trial 357 finished with value: 8.212358826507087 and parameters: {'ISTN': 113.53205905386113, 'I_gpe': 2.446484161554299, 'I_gpi': 1.3426800826063021, 'noise_stn_sigma': 4.649914718876813, 'noise_gpe_sigma': 147.4827332295335, 'noise_gpi_sigma': 135.6372901036729, 'g_stn_gpe_mult': 4.477789722187477, 'g_gpe_stn_mult': 0.6036014056879718, 'g_stn_gpi_mult': 1.7223939070944114, 'g_gpe_gpi_mult': 0.7760105860662991}. Best is trial 324 with value: 2.5302890667987397.
[I 2026-05-28 22:14:06,637] Trial 358 finished with value: 2.7235462576540987 and parameters: {'ISTN': 123.61584184515458, 'I_gpe': 2.2277686851119043, 'I_gpi': 1.4734397165225948, 'noise_stn_sigma': 4.515090885578694, 'noise_gpe_sigma': 124.1716664073362, 'noise_gpi_sigma': 122.73982584823996, 'g_stn_gpe_mult': 4.658727234341221, 'g_gpe_stn_mult': 0.706953334881375, 'g_stn_gpi_mult': 1.5770223330428084, 'g_gpe_gpi_mult': 0.8443312893441266}. Best is trial 324 with value: 2.5302890667987397.
[I 2026-05-28 22:14:07,680] Trial 359 finished with value: 8.650266118499054 and parameters: {'ISTN': 98.2985374096101, 'I_gpe': 2.317987782712671, 'I_gpi': 2.0021157419237072, 'noise_stn_sigma': 5.631032782579313, 'noise_gpe_sigma': 112.99244092601207, 'noise_gpi_sigma': 136.40977446059253, 'g_stn_gpe_mult': 4.467329063968725, 'g_gpe_stn_mult': 0.6039753713705962, 'g_stn_gpi_mult': 1.7172354845550182, 'g_gpe_gpi_mult': 0.7823213411956238}. Best is trial 324 with value: 2.5302890667987397.
[I 2026-05-28 22:14:08,722] Trial 360 finished with value: 8.523095271050261 and parameters: {'ISTN': 102.71628942011093, 'I_gpe': 2.3818693124744943, 'I_gpi': 1.8530310536605357, 'noise_stn_sigma': 5.82737469710327, 'noise_gpe_sigma': 119.30861107214706, 'noise_gpi_sigma': 131.88060915237836, 'g_stn_gpe_mult': 4.372196347863252, 'g_gpe_stn_mult': 0.5873346596934698, 'g_stn_gpi_mult': 2.0508690633379647, 'g_gpe_gpi_mult': 0.6925134122702692}. Best is trial 324 with value: 2.5302890667987397.
[I 2026-05-28 22:14:09,761] Trial 361 finished with value: 5.370033248655732 and parameters: {'ISTN': 118.44895536030896, 'I_gpe': 2.301218553603091, 'I_gpi': 1.6318402102105503, 'noise_stn_sigma': 4.846786414267104, 'noise_gpe_sigma': 118.23867415762447, 'noise_gpi_sigma': 119.88584185308949, 'g_stn_gpe_mult': 4.905382209432117, 'g_gpe_stn_mult': 0.692237236174587, 'g_stn_gpi_mult': 1.238125151529666, 'g_gpe_gpi_mult': 0.7386918910550451}. Best is trial 324 with value: 2.5302890667987397.
[I 2026-05-28 22:14:10,799] Trial 362 finished with value: 13.90354781735487 and parameters: {'ISTN': 131.86169774894947, 'I_gpe': 2.562436909642092, 'I_gpi': 1.1931918086296192, 'noise_stn_sigma': 4.950675012141274, 'noise_gpe_sigma': 133.42378728448386, 'noise_gpi_sigma': 129.60210043039967, 'g_stn_gpe_mult': 4.677644365626195, 'g_gpe_stn_mult': 0.7677441063514773, 'g_stn_gpi_mult': 1.3786634910399416, 'g_gpe_gpi_mult': 0.8201247548385919}. Best is trial 324 with value: 2.5302890667987397.
[I 2026-05-28 22:14:11,843] Trial 363 finished with value: 3.7575808190542164 and parameters: {'ISTN': 108.48271339099388, 'I_gpe': 2.286975909259042, 'I_gpi': 1.8990533147037019, 'noise_stn_sigma': 4.395191094577537, 'noise_gpe_sigma': 138.5313810440993, 'noise_gpi_sigma': 130.12133458213648, 'g_stn_gpe_mult': 4.243532688718023, 'g_gpe_stn_mult': 0.6163155216340551, 'g_stn_gpi_mult': 1.6513436311024625, 'g_gpe_gpi_mult': 0.9113614356120834}. Best is trial 324 with value: 2.5302890667987397.
[I 2026-05-28 22:14:12,884] Trial 364 finished with value: 6.023255032951464 and parameters: {'ISTN': 125.79277489453018, 'I_gpe': 2.200673182319106, 'I_gpi': 1.9212170303644625, 'noise_stn_sigma': 5.095377979003281, 'noise_gpe_sigma': 128.5566333723964, 'noise_gpi_sigma': 122.81294065648662, 'g_stn_gpe_mult': 4.734573619723716, 'g_gpe_stn_mult': 0.7372311383885441, 'g_stn_gpi_mult': 1.7481864451397322, 'g_gpe_gpi_mult': 0.7549192512482015}. Best is trial 324 with value: 2.5302890667987397.
[I 2026-05-28 22:14:13,926] Trial 365 finished with value: 12.738780250279365 and parameters: {'ISTN': 116.00141748826175, 'I_gpe': 2.5026531210385716, 'I_gpi': 1.6611053954204391, 'noise_stn_sigma': 4.6678512130507634, 'noise_gpe_sigma': 126.57603823345326, 'noise_gpi_sigma': 120.12222177229276, 'g_stn_gpe_mult': 4.267154716022196, 'g_gpe_stn_mult': 0.6129553339174493, 'g_stn_gpi_mult': 1.837254473978352, 'g_gpe_gpi_mult': 0.7721386248066722}. Best is trial 324 with value: 2.5302890667987397.
[I 2026-05-28 22:14:14,967] Trial 366 finished with value: 4.461419227219415 and parameters: {'ISTN': 116.46808561516356, 'I_gpe': 2.2597093233258656, 'I_gpi': 1.5992115147260575, 'noise_stn_sigma': 4.0762577853492425, 'noise_gpe_sigma': 115.53587965126485, 'noise_gpi_sigma': 124.38786452097217, 'g_stn_gpe_mult': 4.239895368094659, 'g_gpe_stn_mult': 0.6784971385675276, 'g_stn_gpi_mult': 1.4699378283227613, 'g_gpe_gpi_mult': 0.8003468472754873}. Best is trial 324 with value: 2.5302890667987397.
[I 2026-05-28 22:14:16,009] Trial 367 finished with value: 10.24189047956859 and parameters: {'ISTN': 123.48585261925606, 'I_gpe': 2.4222341586127385, 'I_gpi': 1.680350548195856, 'noise_stn_sigma': 5.20556889147261, 'noise_gpe_sigma': 124.31143052508583, 'noise_gpi_sigma': 112.23380168211968, 'g_stn_gpe_mult': 4.490390096403797, 'g_gpe_stn_mult': 0.7054147330785259, 'g_stn_gpi_mult': 1.7100024347068095, 'g_gpe_gpi_mult': 0.8344597352892145}. Best is trial 324 with value: 2.5302890667987397.
[I 2026-05-28 22:14:17,051] Trial 368 finished with value: 16.60095665994847 and parameters: {'ISTN': 114.61164397120461, 'I_gpe': 2.225190788104767, 'I_gpi': 1.7932831258731525, 'noise_stn_sigma': 4.604190431260363, 'noise_gpe_sigma': 124.544770372535, 'noise_gpi_sigma': 109.31977503963142, 'g_stn_gpe_mult': 4.767012477669733, 'g_gpe_stn_mult': 0.5897174454523115, 'g_stn_gpi_mult': 1.9035133431646598, 'g_gpe_gpi_mult': 0.7721147417957293}. Best is trial 324 with value: 2.5302890667987397.
[I 2026-05-28 22:14:18,092] Trial 369 finished with value: 2.540892212250876 and parameters: {'ISTN': 123.80662220871447, 'I_gpe': 2.337010237000098, 'I_gpi': 1.8548126304849752, 'noise_stn_sigma': 4.5853100236613855, 'noise_gpe_sigma': 109.3413472654997, 'noise_gpi_sigma': 117.67029139385481, 'g_stn_gpe_mult': 4.57585251148625, 'g_gpe_stn_mult': 0.6638534029113372, 'g_stn_gpi_mult': 1.5607713815632405, 'g_gpe_gpi_mult': 0.8235255284434593}. Best is trial 324 with value: 2.5302890667987397.
[I 2026-05-28 22:14:19,134] Trial 370 finished with value: 9.558161798528323 and parameters: {'ISTN': 119.31891281719909, 'I_gpe': 2.3297746019660446, 'I_gpi': 1.1475122938263511, 'noise_stn_sigma': 5.507379256691027, 'noise_gpe_sigma': 137.9663326252733, 'noise_gpi_sigma': 128.8738714967277, 'g_stn_gpe_mult': 4.47288755546208, 'g_gpe_stn_mult': 0.6404975374941434, 'g_stn_gpi_mult': 1.590239072799757, 'g_gpe_gpi_mult': 0.6972947372412137}. Best is trial 324 with value: 2.5302890667987397.
[I 2026-05-28 22:14:20,179] Trial 371 finished with value: 6.636416408526297 and parameters: {'ISTN': 114.15800130470114, 'I_gpe': 2.2657169923973646, 'I_gpi': 1.853014994331489, 'noise_stn_sigma': 4.813393291005529, 'noise_gpe_sigma': 130.00114928480002, 'noise_gpi_sigma': 126.8070453966149, 'g_stn_gpe_mult': 4.142231308387979, 'g_gpe_stn_mult': 0.6521396856887914, 'g_stn_gpi_mult': 1.7644056627773996, 'g_gpe_gpi_mult': 0.8421581887135157}. Best is trial 324 with value: 2.5302890667987397.
[I 2026-05-28 22:14:21,220] Trial 372 finished with value: 5.170789790414756 and parameters: {'ISTN': 124.52002342122167, 'I_gpe': 2.2505905129969497, 'I_gpi': 1.7873326929289273, 'noise_stn_sigma': 4.506922406078875, 'noise_gpe_sigma': 115.69022027873916, 'noise_gpi_sigma': 112.390525409703, 'g_stn_gpe_mult': 4.510695081182771, 'g_gpe_stn_mult': 0.6738674376346621, 'g_stn_gpi_mult': 1.574982512965557, 'g_gpe_gpi_mult': 0.8212141945030953}. Best is trial 324 with value: 2.5302890667987397.
[I 2026-05-28 22:14:22,263] Trial 373 finished with value: 6.300871047513543 and parameters: {'ISTN': 126.03294749909067, 'I_gpe': 2.2068313663066057, 'I_gpi': 1.9752864536178907, 'noise_stn_sigma': 4.129254094708702, 'noise_gpe_sigma': 117.86299509769466, 'noise_gpi_sigma': 104.7699045423698, 'g_stn_gpe_mult': 4.275617329603097, 'g_gpe_stn_mult': 0.6659800240578511, 'g_stn_gpi_mult': 1.107369790488061, 'g_gpe_gpi_mult': 0.7773682421649921}. Best is trial 324 with value: 2.5302890667987397.
[I 2026-05-28 22:14:23,305] Trial 374 finished with value: 4.356734196353188 and parameters: {'ISTN': 119.09829877774452, 'I_gpe': 2.183704619804831, 'I_gpi': 1.6206963886258583, 'noise_stn_sigma': 5.414768687812854, 'noise_gpe_sigma': 121.60757322562868, 'noise_gpi_sigma': 118.70358553499493, 'g_stn_gpe_mult': 4.366637836853435, 'g_gpe_stn_mult': 0.6593381172317939, 'g_stn_gpi_mult': 1.6441742980706708, 'g_gpe_gpi_mult': 0.814239310528972}. Best is trial 324 with value: 2.5302890667987397.
[I 2026-05-28 22:14:24,348] Trial 375 finished with value: 9.575093146223915 and parameters: {'ISTN': 108.62433828736019, 'I_gpe': 2.232065063317, 'I_gpi': 1.6425710068451738, 'noise_stn_sigma': 3.949688814482502, 'noise_gpe_sigma': 105.75915374417403, 'noise_gpi_sigma': 112.52968260759327, 'g_stn_gpe_mult': 4.046204050560062, 'g_gpe_stn_mult': 0.615845562407048, 'g_stn_gpi_mult': 1.6176638683871802, 'g_gpe_gpi_mult': 0.7897296572880312}. Best is trial 324 with value: 2.5302890667987397.
[I 2026-05-28 22:14:25,391] Trial 376 finished with value: 8.004196093678619 and parameters: {'ISTN': 114.66374776319144, 'I_gpe': 2.3401987883215187, 'I_gpi': 1.6287257350847335, 'noise_stn_sigma': 3.8077792611002925, 'noise_gpe_sigma': 115.96596239520714, 'noise_gpi_sigma': 131.52023886959685, 'g_stn_gpe_mult': 4.60132762738652, 'g_gpe_stn_mult': 0.6369789971072145, 'g_stn_gpi_mult': 1.580428537420683, 'g_gpe_gpi_mult': 0.794060110930616}. Best is trial 324 with value: 2.5302890667987397.
[I 2026-05-28 22:14:26,430] Trial 377 finished with value: 8.56978994989584 and parameters: {'ISTN': 111.43846740578306, 'I_gpe': 2.5595024710523253, 'I_gpi': 1.9450689163016173, 'noise_stn_sigma': 4.711300046166898, 'noise_gpe_sigma': 116.74003824280226, 'noise_gpi_sigma': 118.33937178359193, 'g_stn_gpe_mult': 4.113764582272303, 'g_gpe_stn_mult': 0.6384433302525766, 'g_stn_gpi_mult': 1.6871273852562927, 'g_gpe_gpi_mult': 0.720972937632617}. Best is trial 324 with value: 2.5302890667987397.
[I 2026-05-28 22:14:27,470] Trial 378 finished with value: 3.8514771581323797 and parameters: {'ISTN': 110.25036786492834, 'I_gpe': 2.347488256417293, 'I_gpi': 1.813201586531014, 'noise_stn_sigma': 4.622979835276419, 'noise_gpe_sigma': 115.35705833013566, 'noise_gpi_sigma': 106.26928477247766, 'g_stn_gpe_mult': 4.263200633834748, 'g_gpe_stn_mult': 0.6446164890391226, 'g_stn_gpi_mult': 1.905912734691873, 'g_gpe_gpi_mult': 0.8545835491307867}. Best is trial 324 with value: 2.5302890667987397.
[I 2026-05-28 22:14:28,513] Trial 379 finished with value: 4.115287585654547 and parameters: {'ISTN': 120.55656612659327, 'I_gpe': 2.200312996914233, 'I_gpi': 1.6692949421195253, 'noise_stn_sigma': 4.947825565468882, 'noise_gpe_sigma': 118.91978205540333, 'noise_gpi_sigma': 123.86883595573067, 'g_stn_gpe_mult': 4.658686784289058, 'g_gpe_stn_mult': 0.7037013682863279, 'g_stn_gpi_mult': 1.615843998105726, 'g_gpe_gpi_mult': 0.8791731069617554}. Best is trial 324 with value: 2.5302890667987397.
[I 2026-05-28 22:14:29,553] Trial 380 finished with value: 5.485982419956998 and parameters: {'ISTN': 118.47606463697625, 'I_gpe': 2.2208635838686215, 'I_gpi': 1.8299328622936586, 'noise_stn_sigma': 4.347093493356338, 'noise_gpe_sigma': 109.19585446956201, 'noise_gpi_sigma': 124.50840656780998, 'g_stn_gpe_mult': 4.387148018715823, 'g_gpe_stn_mult': 0.696149098026388, 'g_stn_gpi_mult': 1.3925976999054028, 'g_gpe_gpi_mult': 0.8575793056825287}. Best is trial 324 with value: 2.5302890667987397.
[I 2026-05-28 22:14:30,594] Trial 381 finished with value: 5.401475856860061 and parameters: {'ISTN': 116.83354235563101, 'I_gpe': 2.385233037240419, 'I_gpi': 2.0470197013929425, 'noise_stn_sigma': 4.698635882635228, 'noise_gpe_sigma': 121.15527388491604, 'noise_gpi_sigma': 121.04074932431101, 'g_stn_gpe_mult': 4.536411978073689, 'g_gpe_stn_mult': 0.7131156408554327, 'g_stn_gpi_mult': 1.5844207452058774, 'g_gpe_gpi_mult': 0.8214781786066518}. Best is trial 324 with value: 2.5302890667987397.
[I 2026-05-28 22:14:31,638] Trial 382 finished with value: 6.553803016768532 and parameters: {'ISTN': 110.08514997413434, 'I_gpe': 2.3331927643999704, 'I_gpi': 2.038319723220717, 'noise_stn_sigma': 4.734418539489349, 'noise_gpe_sigma': 107.32648663122075, 'noise_gpi_sigma': 116.69933306907099, 'g_stn_gpe_mult': 4.134539080378077, 'g_gpe_stn_mult': 0.5965412984313863, 'g_stn_gpi_mult': 1.7481939774373987, 'g_gpe_gpi_mult': 0.8872319314047723}. Best is trial 324 with value: 2.5302890667987397.
[I 2026-05-28 22:14:32,681] Trial 383 finished with value: 15.211605082261343 and parameters: {'ISTN': 111.02892057800068, 'I_gpe': 2.299834686556134, 'I_gpi': 1.3673538899622426, 'noise_stn_sigma': 5.1068386336512495, 'noise_gpe_sigma': 118.68009948974978, 'noise_gpi_sigma': 105.1447185238047, 'g_stn_gpe_mult': 4.581719039437242, 'g_gpe_stn_mult': 0.5837928155982883, 'g_stn_gpi_mult': 1.7804651938742566, 'g_gpe_gpi_mult': 0.868516969684445}. Best is trial 324 with value: 2.5302890667987397.
[I 2026-05-28 22:14:33,722] Trial 384 finished with value: 2.444481498250763 and parameters: {'ISTN': 115.67044474081217, 'I_gpe': 2.181857152164055, 'I_gpi': 1.3673634713624718, 'noise_stn_sigma': 4.6078668694689515, 'noise_gpe_sigma': 120.30550209095132, 'noise_gpi_sigma': 118.62098385384807, 'g_stn_gpe_mult': 4.654600279930371, 'g_gpe_stn_mult': 0.6641012624076889, 'g_stn_gpi_mult': 1.63602633941368, 'g_gpe_gpi_mult': 0.8598567469429803}. Best is trial 384 with value: 2.444481498250763.
[I 2026-05-28 22:14:34,764] Trial 385 finished with value: 6.3703869961696125 and parameters: {'ISTN': 118.30106045322168, 'I_gpe': 1.9816870669857158, 'I_gpi': 1.5367239201996161, 'noise_stn_sigma': 5.239512007196208, 'noise_gpe_sigma': 110.12074609469354, 'noise_gpi_sigma': 120.17645017617167, 'g_stn_gpe_mult': 4.404740112238038, 'g_gpe_stn_mult': 0.6906004061491173, 'g_stn_gpi_mult': 1.6416868384289125, 'g_gpe_gpi_mult': 0.8791932102033295}. Best is trial 384 with value: 2.444481498250763.
[I 2026-05-28 22:14:35,805] Trial 386 finished with value: 7.083610680872082 and parameters: {'ISTN': 127.6854587762407, 'I_gpe': 2.19452930164423, 'I_gpi': 1.8090913777788264, 'noise_stn_sigma': 5.122554330329686, 'noise_gpe_sigma': 109.74944478176754, 'noise_gpi_sigma': 94.61070340977432, 'g_stn_gpe_mult': 4.501608076060017, 'g_gpe_stn_mult': 0.7038508863259709, 'g_stn_gpi_mult': 1.8241679126573938, 'g_gpe_gpi_mult': 0.9444217851071117}. Best is trial 384 with value: 2.444481498250763.
[I 2026-05-28 22:14:36,846] Trial 387 finished with value: 8.071845141477716 and parameters: {'ISTN': 117.96546264038531, 'I_gpe': 2.510428620551508, 'I_gpi': 1.8575294729067287, 'noise_stn_sigma': 4.9995867703637265, 'noise_gpe_sigma': 113.20239404941016, 'noise_gpi_sigma': 121.23585865063637, 'g_stn_gpe_mult': 4.288306184116127, 'g_gpe_stn_mult': 0.6654831545691832, 'g_stn_gpi_mult': 1.720532251851667, 'g_gpe_gpi_mult': 0.8744537371284917}. Best is trial 384 with value: 2.444481498250763.
[I 2026-05-28 22:14:37,886] Trial 388 finished with value: 3.2634850701408515 and parameters: {'ISTN': 114.73261151252453, 'I_gpe': 2.3104129984570068, 'I_gpi': 1.5692394076850185, 'noise_stn_sigma': 4.6676777226435515, 'noise_gpe_sigma': 118.51962569633679, 'noise_gpi_sigma': 113.12252499701589, 'g_stn_gpe_mult': 4.642182994076672, 'g_gpe_stn_mult': 0.6568740770413714, 'g_stn_gpi_mult': 1.5441800422543954, 'g_gpe_gpi_mult': 0.6564792337417644}. Best is trial 384 with value: 2.444481498250763.
[I 2026-05-28 22:14:38,925] Trial 389 finished with value: 9.613116457512744 and parameters: {'ISTN': 121.46361028746068, 'I_gpe': 2.262676796166425, 'I_gpi': 2.215943137778642, 'noise_stn_sigma': 4.416120348844868, 'noise_gpe_sigma': 125.86389847828488, 'noise_gpi_sigma': 123.28734876852991, 'g_stn_gpe_mult': 4.540620864465025, 'g_gpe_stn_mult': 0.704886048334649, 'g_stn_gpi_mult': 1.5602551106038833, 'g_gpe_gpi_mult': 0.8532121177553178}. Best is trial 384 with value: 2.444481498250763.
[I 2026-05-28 22:14:39,966] Trial 390 finished with value: 7.257590248807343 and parameters: {'ISTN': 122.88460923395027, 'I_gpe': 2.107141118301066, 'I_gpi': 1.7599552277522064, 'noise_stn_sigma': 5.1579498380624, 'noise_gpe_sigma': 114.37680215135222, 'noise_gpi_sigma': 110.25854375514152, 'g_stn_gpe_mult': 3.906460169338616, 'g_gpe_stn_mult': 0.6994560787395743, 'g_stn_gpi_mult': 1.5539337721569046, 'g_gpe_gpi_mult': 0.93957209030281}. Best is trial 384 with value: 2.444481498250763.
[I 2026-05-28 22:14:41,010] Trial 391 finished with value: 7.068986584230136 and parameters: {'ISTN': 116.82108250263012, 'I_gpe': 2.2081809645020627, 'I_gpi': 1.527274647885383, 'noise_stn_sigma': 4.851959964602267, 'noise_gpe_sigma': 123.83336639772001, 'noise_gpi_sigma': 108.18395083451993, 'g_stn_gpe_mult': 4.515852270229473, 'g_gpe_stn_mult': 0.6681528644486786, 'g_stn_gpi_mult': 1.4697503899096502, 'g_gpe_gpi_mult': 0.7934731964808266}. Best is trial 384 with value: 2.444481498250763.
[I 2026-05-28 22:14:42,051] Trial 392 finished with value: 11.364774379049557 and parameters: {'ISTN': 109.55341212171294, 'I_gpe': 2.222655467647571, 'I_gpi': 1.2331175283598146, 'noise_stn_sigma': 5.548067860033994, 'noise_gpe_sigma': 121.23801191646848, 'noise_gpi_sigma': 128.3553113938836, 'g_stn_gpe_mult': 4.7816756314374365, 'g_gpe_stn_mult': 0.5694755622879645, 'g_stn_gpi_mult': 1.683107627298401, 'g_gpe_gpi_mult': 0.7137251064781429}. Best is trial 384 with value: 2.444481498250763.
[I 2026-05-28 22:14:43,094] Trial 393 finished with value: 11.180241898925733 and parameters: {'ISTN': 112.8201879811505, 'I_gpe': 2.3205056437933207, 'I_gpi': 1.4806160619920496, 'noise_stn_sigma': 4.611967309548167, 'noise_gpe_sigma': 120.97436624003507, 'noise_gpi_sigma': 118.57027744387543, 'g_stn_gpe_mult': 4.774683300484028, 'g_gpe_stn_mult': 0.6197405628015618, 'g_stn_gpi_mult': 1.8636071935270007, 'g_gpe_gpi_mult': 0.8170030901721885}. Best is trial 384 with value: 2.444481498250763.
[I 2026-05-28 22:14:44,135] Trial 394 finished with value: 5.693060803094251 and parameters: {'ISTN': 114.01190143043905, 'I_gpe': 2.235883783203099, 'I_gpi': 1.3897968466471173, 'noise_stn_sigma': 4.915283191436149, 'noise_gpe_sigma': 132.06405015731139, 'noise_gpi_sigma': 121.39826297504382, 'g_stn_gpe_mult': 4.390730695019778, 'g_gpe_stn_mult': 0.6626577557843181, 'g_stn_gpi_mult': 1.5462657765923513, 'g_gpe_gpi_mult': 0.8676691343423308}. Best is trial 384 with value: 2.444481498250763.
[I 2026-05-28 22:14:45,176] Trial 395 finished with value: 4.179675797297833 and parameters: {'ISTN': 112.24722318630444, 'I_gpe': 2.302101649642553, 'I_gpi': 1.6461586635277072, 'noise_stn_sigma': 4.0241781777543455, 'noise_gpe_sigma': 118.2339937683598, 'noise_gpi_sigma': 115.76227402250508, 'g_stn_gpe_mult': 4.4477104933789215, 'g_gpe_stn_mult': 0.6664163415836315, 'g_stn_gpi_mult': 1.687998123994006, 'g_gpe_gpi_mult': 0.8661023653946729}. Best is trial 384 with value: 2.444481498250763.
