[I 2026-05-28 21:41:49,391] Trial 440 finished with value: 0.14142081218673977 and parameters: {'ISTN': 60.13751885140495, 'I_gpe': 1.1645570553384612, 'I_gpi': 2.081896275271766, 'noise_stn_sigma': 3.75482408926169, 'noise_gpe_sigma': 101.19714520802854, 'noise_gpi_sigma': 91.274184692053, 'g_stn_gpe_mult': 3.546523159414355, 'g_gpe_stn_mult': 0.15930512295071764, 'g_stn_gpi_mult': 2.996794418964357, 'g_gpe_gpi_mult': 0.7114794922439454}. Best is trial 404 with value: 0.13863131688596095.
[I 2026-05-28 21:41:50,399] Trial 441 finished with value: 0.19683957767153687 and parameters: {'ISTN': 60.679849720775316, 'I_gpe': 1.124601305485523, 'I_gpi': 2.096420754189238, 'noise_stn_sigma': 4.315229123972724, 'noise_gpe_sigma': 101.27219153196472, 'noise_gpi_sigma': 93.2675468642658, 'g_stn_gpe_mult': 3.464968417316291, 'g_gpe_stn_mult': 0.17086012272741646, 'g_stn_gpi_mult': 2.9865815603229415, 'g_gpe_gpi_mult': 0.6921611418606142}. Best is trial 404 with value: 0.13863131688596095.
[I 2026-05-28 21:41:51,407] Trial 442 finished with value: 0.1646466251971121 and parameters: {'ISTN': 62.217384366625936, 'I_gpe': 1.1883032311290775, 'I_gpi': 2.07268115689438, 'noise_stn_sigma': 3.672987480819237, 'noise_gpe_sigma': 102.70366116313373, 'noise_gpi_sigma': 90.84639272883693, 'g_stn_gpe_mult': 3.3748297789014634, 'g_gpe_stn_mult': 0.13261969925727907, 'g_stn_gpi_mult': 2.9046648227720384, 'g_gpe_gpi_mult': 0.7144187261085624}. Best is trial 404 with value: 0.13863131688596095.
[I 2026-05-28 21:41:52,416] Trial 443 finished with value: 0.19131986697883108 and parameters: {'ISTN': 64.31519697240724, 'I_gpe': 1.2673248494015332, 'I_gpi': 2.0066237414041055, 'noise_stn_sigma': 3.4753525707039663, 'noise_gpe_sigma': 99.08143214308724, 'noise_gpi_sigma': 93.88164658711088, 'g_stn_gpe_mult': 3.3282149824661773, 'g_gpe_stn_mult': 0.12338466585759332, 'g_stn_gpi_mult': 2.8919188830078353, 'g_gpe_gpi_mult': 0.7198579482271659}. Best is trial 404 with value: 0.13863131688596095.
[I 2026-05-28 21:41:53,424] Trial 444 finished with value: 0.1596367359613042 and parameters: {'ISTN': 60.42716338149098, 'I_gpe': 1.0241032470815308, 'I_gpi': 2.122289651729684, 'noise_stn_sigma': 3.46596290333535, 'noise_gpe_sigma': 100.50924571102475, 'noise_gpi_sigma': 89.23482584401285, 'g_stn_gpe_mult': 3.4386511865554406, 'g_gpe_stn_mult': 0.1714115149443855, 'g_stn_gpi_mult': 2.9587875502976604, 'g_gpe_gpi_mult': 0.750370385512477}. Best is trial 404 with value: 0.13863131688596095.
[I 2026-05-28 21:41:54,430] Trial 445 finished with value: 0.18004319741984126 and parameters: {'ISTN': 60.55726126868475, 'I_gpe': 1.1560912157627157, 'I_gpi': 2.1828939046903635, 'noise_stn_sigma': 3.620542241096594, 'noise_gpe_sigma': 101.81337725375373, 'noise_gpi_sigma': 95.39819441052249, 'g_stn_gpe_mult': 3.5931813824473915, 'g_gpe_stn_mult': 0.11695047364321107, 'g_stn_gpi_mult': 2.7952362087364495, 'g_gpe_gpi_mult': 0.7429255850690708}. Best is trial 404 with value: 0.13863131688596095.
[I 2026-05-28 21:41:55,439] Trial 446 finished with value: 0.13542374009959782 and parameters: {'ISTN': 60.06558102790219, 'I_gpe': 1.1209275899594395, 'I_gpi': 2.056108660261689, 'noise_stn_sigma': 3.295065914672983, 'noise_gpe_sigma': 106.03732973019302, 'noise_gpi_sigma': 90.44622781017742, 'g_stn_gpe_mult': 3.444518486764864, 'g_gpe_stn_mult': 0.16644713092590152, 'g_stn_gpi_mult': 3.002182811744572, 'g_gpe_gpi_mult': 0.703577082525565}. Best is trial 446 with value: 0.13542374009959782.
[I 2026-05-28 21:41:56,449] Trial 447 finished with value: 0.18766607289136408 and parameters: {'ISTN': 62.70845802372405, 'I_gpe': 1.1869016271592479, 'I_gpi': 2.111718073879711, 'noise_stn_sigma': 3.7148988785914563, 'noise_gpe_sigma': 100.14378622339214, 'noise_gpi_sigma': 95.58308323557817, 'g_stn_gpe_mult': 3.4441189366330875, 'g_gpe_stn_mult': 0.1369035685410363, 'g_stn_gpi_mult': 2.957051062025462, 'g_gpe_gpi_mult': 0.6809950392711501}. Best is trial 446 with value: 0.13542374009959782.
[I 2026-05-28 21:41:57,457] Trial 448 finished with value: 0.1566743254889016 and parameters: {'ISTN': 61.473281251661795, 'I_gpe': 1.017438906599256, 'I_gpi': 2.1320738831095047, 'noise_stn_sigma': 3.778084626834855, 'noise_gpe_sigma': 101.49497244867, 'noise_gpi_sigma': 95.81440375171252, 'g_stn_gpe_mult': 3.6041666037298294, 'g_gpe_stn_mult': 0.12432249624345391, 'g_stn_gpi_mult': 2.923144884177248, 'g_gpe_gpi_mult': 0.7618619652803347}. Best is trial 446 with value: 0.13542374009959782.
[I 2026-05-28 21:41:58,463] Trial 449 finished with value: 0.15138382271596937 and parameters: {'ISTN': 61.31936605956422, 'I_gpe': 1.1226603294388302, 'I_gpi': 1.8619240140242672, 'noise_stn_sigma': 3.353506864907112, 'noise_gpe_sigma': 105.4454706534765, 'noise_gpi_sigma': 95.52212199233597, 'g_stn_gpe_mult': 3.5490838583815076, 'g_gpe_stn_mult': 0.15355643085840073, 'g_stn_gpi_mult': 2.855542818747594, 'g_gpe_gpi_mult': 0.727366036619532}. Best is trial 446 with value: 0.13542374009959782.
[I 2026-05-28 21:41:59,469] Trial 450 finished with value: 0.6155881343594425 and parameters: {'ISTN': 62.44729431579085, 'I_gpe': 1.0579752069337527, 'I_gpi': 2.1659117281432825, 'noise_stn_sigma': 3.9029963884919496, 'noise_gpe_sigma': 97.91198927873282, 'noise_gpi_sigma': 94.52312921800154, 'g_stn_gpe_mult': 3.5598632192081223, 'g_gpe_stn_mult': 0.14320504517706634, 'g_stn_gpi_mult': 3.03126335254058, 'g_gpe_gpi_mult': 0.7481806093916978}. Best is trial 446 with value: 0.13542374009959782.
[I 2026-05-28 21:42:00,476] Trial 451 finished with value: 0.2619780672704356 and parameters: {'ISTN': 60.65865921827314, 'I_gpe': 1.1028519738430336, 'I_gpi': 1.8533459708311895, 'noise_stn_sigma': 3.122897866581159, 'noise_gpe_sigma': 102.3263092341781, 'noise_gpi_sigma': 90.8942445978621, 'g_stn_gpe_mult': 3.59705335544967, 'g_gpe_stn_mult': 0.14811671486293954, 'g_stn_gpi_mult': 2.8724245645736124, 'g_gpe_gpi_mult': 0.7528195575815522}. Best is trial 446 with value: 0.13542374009959782.
[I 2026-05-28 21:42:01,484] Trial 452 finished with value: 0.13802345344512512 and parameters: {'ISTN': 60.106748576444915, 'I_gpe': 1.083892030255837, 'I_gpi': 2.0140353869613357, 'noise_stn_sigma': 3.328336441018254, 'noise_gpe_sigma': 109.91120185200225, 'noise_gpi_sigma': 95.4688868539761, 'g_stn_gpe_mult': 3.5352153386178093, 'g_gpe_stn_mult': 0.17015357046372287, 'g_stn_gpi_mult': 2.9135824788221343, 'g_gpe_gpi_mult': 0.712696865952835}. Best is trial 446 with value: 0.13542374009959782.
[I 2026-05-28 21:42:02,492] Trial 453 finished with value: 0.14302882735852618 and parameters: {'ISTN': 60.38329631626091, 'I_gpe': 1.1786900138271785, 'I_gpi': 2.088361909033975, 'noise_stn_sigma': 3.595523650041824, 'noise_gpe_sigma': 104.36400039377331, 'noise_gpi_sigma': 94.47768326209663, 'g_stn_gpe_mult': 3.528647634219179, 'g_gpe_stn_mult': 0.14027444383447246, 'g_stn_gpi_mult': 2.8452580642577168, 'g_gpe_gpi_mult': 0.7237885842117351}. Best is trial 446 with value: 0.13542374009959782.
[I 2026-05-28 21:42:03,500] Trial 454 finished with value: 0.21357586668250259 and parameters: {'ISTN': 63.049002474388764, 'I_gpe': 1.0106265774739338, 'I_gpi': 2.256852456861884, 'noise_stn_sigma': 3.201544990130947, 'noise_gpe_sigma': 110.44956044474968, 'noise_gpi_sigma': 90.12797366643495, 'g_stn_gpe_mult': 3.513811828944052, 'g_gpe_stn_mult': 0.15221760543874455, 'g_stn_gpi_mult': 2.84833579212368, 'g_gpe_gpi_mult': 0.7407404021327857}. Best is trial 446 with value: 0.13542374009959782.
[I 2026-05-28 21:42:04,509] Trial 455 finished with value: 0.15016076248875726 and parameters: {'ISTN': 61.14891683650808, 'I_gpe': 1.2816787509388945, 'I_gpi': 2.089900891937944, 'noise_stn_sigma': 3.213169557729018, 'noise_gpe_sigma': 106.65646871781158, 'noise_gpi_sigma': 90.39798098910865, 'g_stn_gpe_mult': 3.609671499727554, 'g_gpe_stn_mult': 0.1491107975525993, 'g_stn_gpi_mult': 2.8152475093106784, 'g_gpe_gpi_mult': 0.7198741393374735}. Best is trial 446 with value: 0.13542374009959782.
[I 2026-05-28 21:42:05,516] Trial 456 finished with value: 0.14459956482913647 and parameters: {'ISTN': 60.73428541420979, 'I_gpe': 1.0280927616435693, 'I_gpi': 1.9859920007417844, 'noise_stn_sigma': 3.4123652517026395, 'noise_gpe_sigma': 103.78658678145521, 'noise_gpi_sigma': 87.7799838208221, 'g_stn_gpe_mult': 3.5385452751323916, 'g_gpe_stn_mult': 0.1388120524685765, 'g_stn_gpi_mult': 3.06546548367033, 'g_gpe_gpi_mult': 0.740792798448263}. Best is trial 446 with value: 0.13542374009959782.
[I 2026-05-28 21:42:06,523] Trial 457 finished with value: 0.2516967073791295 and parameters: {'ISTN': 60.71559057290062, 'I_gpe': 1.1851843778818654, 'I_gpi': 2.1761422509703756, 'noise_stn_sigma': 3.4078056038328652, 'noise_gpe_sigma': 100.91781652359916, 'noise_gpi_sigma': 93.3502372882382, 'g_stn_gpe_mult': 3.2492936835246162, 'g_gpe_stn_mult': 0.11837430547747993, 'g_stn_gpi_mult': 2.9839919456694517, 'g_gpe_gpi_mult': 0.7188926046689483}. Best is trial 446 with value: 0.13542374009959782.
[I 2026-05-28 21:42:07,529] Trial 458 finished with value: 0.15737589218620085 and parameters: {'ISTN': 61.24014995579267, 'I_gpe': 1.167502507197828, 'I_gpi': 2.1454322607097955, 'noise_stn_sigma': 3.1670710509767313, 'noise_gpe_sigma': 103.30371488709078, 'noise_gpi_sigma': 97.55940098313803, 'g_stn_gpe_mult': 3.4730351418339493, 'g_gpe_stn_mult': 0.15892077274946065, 'g_stn_gpi_mult': 2.9969798693597194, 'g_gpe_gpi_mult': 0.7542778279385782}. Best is trial 446 with value: 0.13542374009959782.
[I 2026-05-28 21:42:08,539] Trial 459 finished with value: 0.2306910785312688 and parameters: {'ISTN': 62.3769838279971, 'I_gpe': 1.0585588223452653, 'I_gpi': 2.125529537703461, 'noise_stn_sigma': 3.3609522485605963, 'noise_gpe_sigma': 103.71653447449914, 'noise_gpi_sigma': 92.1228903993544, 'g_stn_gpe_mult': 3.399878106954111, 'g_gpe_stn_mult': 0.15895105047760744, 'g_stn_gpi_mult': 2.970026982046531, 'g_gpe_gpi_mult': 0.7401507464739745}. Best is trial 446 with value: 0.13542374009959782.
[I 2026-05-28 21:42:09,549] Trial 460 finished with value: 0.1485652909547415 and parameters: {'ISTN': 60.89742315091967, 'I_gpe': 1.1050951752368827, 'I_gpi': 2.0614201596965747, 'noise_stn_sigma': 3.2155451626775338, 'noise_gpe_sigma': 105.89521186149787, 'noise_gpi_sigma': 91.65645290036069, 'g_stn_gpe_mult': 3.4130349776682474, 'g_gpe_stn_mult': 0.1493797794841147, 'g_stn_gpi_mult': 2.9422373410111575, 'g_gpe_gpi_mult': 0.7127122103806465}. Best is trial 446 with value: 0.13542374009959782.
[I 2026-05-28 21:42:10,557] Trial 461 finished with value: 0.1927828052162532 and parameters: {'ISTN': 62.865067094151705, 'I_gpe': 1.1343515108617621, 'I_gpi': 2.139937800173079, 'noise_stn_sigma': 3.4281616905424066, 'noise_gpe_sigma': 107.55918011540587, 'noise_gpi_sigma': 91.86782339031802, 'g_stn_gpe_mult': 3.5902548049843808, 'g_gpe_stn_mult': 0.14683129546728999, 'g_stn_gpi_mult': 2.988054187428771, 'g_gpe_gpi_mult': 0.7151280150296107}. Best is trial 446 with value: 0.13542374009959782.
[I 2026-05-28 21:42:11,564] Trial 462 finished with value: 0.14214425228816197 and parameters: {'ISTN': 60.037539833711065, 'I_gpe': 1.0854895374374531, 'I_gpi': 2.0488671040869946, 'noise_stn_sigma': 3.2142587473927757, 'noise_gpe_sigma': 103.50137623354648, 'noise_gpi_sigma': 96.88783190293758, 'g_stn_gpe_mult': 3.5504106660499524, 'g_gpe_stn_mult': 0.16254827140117056, 'g_stn_gpi_mult': 2.904680614620947, 'g_gpe_gpi_mult': 0.6930454282211183}. Best is trial 446 with value: 0.13542374009959782.
[I 2026-05-28 21:42:12,569] Trial 463 finished with value: 0.15714491153336324 and parameters: {'ISTN': 61.60862413760789, 'I_gpe': 1.1892725505821633, 'I_gpi': 2.0141617811641965, 'noise_stn_sigma': 3.0417258346748435, 'noise_gpe_sigma': 104.58001331848642, 'noise_gpi_sigma': 93.67822133712163, 'g_stn_gpe_mult': 3.414719138726229, 'g_gpe_stn_mult': 0.15618709375625034, 'g_stn_gpi_mult': 2.986934968156937, 'g_gpe_gpi_mult': 0.7098094082597168}. Best is trial 446 with value: 0.13542374009959782.
[I 2026-05-28 21:42:13,577] Trial 464 finished with value: 0.15529056524549034 and parameters: {'ISTN': 60.417947293337456, 'I_gpe': 0.9677864991212386, 'I_gpi': 1.9062816254154085, 'noise_stn_sigma': 3.3239797942443468, 'noise_gpe_sigma': 105.50796970847819, 'noise_gpi_sigma': 97.59289028324815, 'g_stn_gpe_mult': 3.5032915456618667, 'g_gpe_stn_mult': 0.1438390480520379, 'g_stn_gpi_mult': 2.981418672543794, 'g_gpe_gpi_mult': 0.6873362357952968}. Best is trial 446 with value: 0.13542374009959782.
[I 2026-05-28 21:42:14,587] Trial 465 finished with value: 0.16783603839686687 and parameters: {'ISTN': 61.146520788658385, 'I_gpe': 1.0484291354677486, 'I_gpi': 2.029405441997461, 'noise_stn_sigma': 3.413870539819424, 'noise_gpe_sigma': 105.29993932653554, 'noise_gpi_sigma': 95.42557906120642, 'g_stn_gpe_mult': 3.4958208748565265, 'g_gpe_stn_mult': 0.171179978368653, 'g_stn_gpi_mult': 2.9409295814627883, 'g_gpe_gpi_mult': 0.6770649966526521}. Best is trial 446 with value: 0.13542374009959782.
[I 2026-05-28 21:42:15,594] Trial 466 finished with value: 1.0150078098288462 and parameters: {'ISTN': 62.384632979123, 'I_gpe': 1.106121917735185, 'I_gpi': 1.990646184117774, 'noise_stn_sigma': 3.5005902283444694, 'noise_gpe_sigma': 106.05259098645041, 'noise_gpi_sigma': 89.43335231031823, 'g_stn_gpe_mult': 3.5123532151443406, 'g_gpe_stn_mult': 0.16218460885023728, 'g_stn_gpi_mult': 2.9229736455841966, 'g_gpe_gpi_mult': 0.7076237708051114}. Best is trial 446 with value: 0.13542374009959782.
[I 2026-05-28 21:42:16,603] Trial 467 finished with value: 0.1568139747313531 and parameters: {'ISTN': 60.142474247839544, 'I_gpe': 1.006129063964646, 'I_gpi': 2.104633866518067, 'noise_stn_sigma': 3.837809265291069, 'noise_gpe_sigma': 111.62995978469995, 'noise_gpi_sigma': 93.71718227074817, 'g_stn_gpe_mult': 3.435330725699236, 'g_gpe_stn_mult': 0.12241981723248369, 'g_stn_gpi_mult': 2.9621348403251857, 'g_gpe_gpi_mult': 0.726027531713159}. Best is trial 446 with value: 0.13542374009959782.
[I 2026-05-28 21:42:17,608] Trial 468 finished with value: 0.1567593219052125 and parameters: {'ISTN': 61.76355981534692, 'I_gpe': 1.0688537293535174, 'I_gpi': 2.1271215419195215, 'noise_stn_sigma': 3.437887744278949, 'noise_gpe_sigma': 105.0594820282013, 'noise_gpi_sigma': 97.03104649559707, 'g_stn_gpe_mult': 3.5580029237098625, 'g_gpe_stn_mult': 0.12956064274986093, 'g_stn_gpi_mult': 2.9311069451552885, 'g_gpe_gpi_mult': 0.7459888493174338}. Best is trial 446 with value: 0.13542374009959782.
[I 2026-05-28 21:42:18,618] Trial 469 finished with value: 0.4982325370563234 and parameters: {'ISTN': 60.157574036101344, 'I_gpe': 1.1426676888402196, 'I_gpi': 2.1116233615112696, 'noise_stn_sigma': 3.4242313357673675, 'noise_gpe_sigma': 107.26221679733676, 'noise_gpi_sigma': 93.28120527660994, 'g_stn_gpe_mult': 3.4916244045813114, 'g_gpe_stn_mult': 0.13480426013000762, 'g_stn_gpi_mult': 2.9629729352977883, 'g_gpe_gpi_mult': 0.704777894948007}. Best is trial 446 with value: 0.13542374009959782.
[I 2026-05-28 21:42:19,623] Trial 470 finished with value: 0.15426338926100236 and parameters: {'ISTN': 62.23725614035618, 'I_gpe': 1.1216889614038688, 'I_gpi': 2.035450884627548, 'noise_stn_sigma': 3.384568520240613, 'noise_gpe_sigma': 107.78315045994538, 'noise_gpi_sigma': 95.48931924236918, 'g_stn_gpe_mult': 3.4839837754654, 'g_gpe_stn_mult': 0.1286458597363398, 'g_stn_gpi_mult': 2.832421014422202, 'g_gpe_gpi_mult': 0.7306892867765429}. Best is trial 446 with value: 0.13542374009959782.
[I 2026-05-28 21:42:20,634] Trial 471 finished with value: 0.14948636096661108 and parameters: {'ISTN': 61.11606388496189, 'I_gpe': 1.168102661544964, 'I_gpi': 2.1267784864979946, 'noise_stn_sigma': 3.2845288736678344, 'noise_gpe_sigma': 100.96734668285956, 'noise_gpi_sigma': 97.07474914090825, 'g_stn_gpe_mult': 3.5553579543867593, 'g_gpe_stn_mult': 0.11592617882403403, 'g_stn_gpi_mult': 2.8662338974098525, 'g_gpe_gpi_mult': 0.7173491049815282}. Best is trial 446 with value: 0.13542374009959782.
[I 2026-05-28 21:42:21,641] Trial 472 finished with value: 0.15307549614794677 and parameters: {'ISTN': 60.92577179996039, 'I_gpe': 1.2237076924960866, 'I_gpi': 2.1358971098549535, 'noise_stn_sigma': 3.422028061913731, 'noise_gpe_sigma': 102.84316234569874, 'noise_gpi_sigma': 98.94161684295729, 'g_stn_gpe_mult': 3.423423483885372, 'g_gpe_stn_mult': 0.15007376875148848, 'g_stn_gpi_mult': 2.9503523000925473, 'g_gpe_gpi_mult': 0.6823993300134772}. Best is trial 446 with value: 0.13542374009959782.
[I 2026-05-28 21:42:22,650] Trial 473 finished with value: 0.1559617062564915 and parameters: {'ISTN': 60.75160084942227, 'I_gpe': 0.8922133733583371, 'I_gpi': 2.06364835124226, 'noise_stn_sigma': 3.040048024167489, 'noise_gpe_sigma': 110.00168660582061, 'noise_gpi_sigma': 93.40547781500777, 'g_stn_gpe_mult': 3.5975890356858637, 'g_gpe_stn_mult': 0.1583290683131386, 'g_stn_gpi_mult': 2.8903212210526714, 'g_gpe_gpi_mult': 0.7405704293223245}. Best is trial 446 with value: 0.13542374009959782.
[I 2026-05-28 21:42:23,660] Trial 474 finished with value: 0.3865152184771522 and parameters: {'ISTN': 60.72145437170818, 'I_gpe': 1.331030061824696, 'I_gpi': 1.9387686716445292, 'noise_stn_sigma': 3.5785404905954374, 'noise_gpe_sigma': 102.05948115279085, 'noise_gpi_sigma': 94.17254206906979, 'g_stn_gpe_mult': 3.576084229586978, 'g_gpe_stn_mult': 0.11861681202019773, 'g_stn_gpi_mult': 2.959220798560605, 'g_gpe_gpi_mult': 0.7099152996281706}. Best is trial 446 with value: 0.13542374009959782.
[I 2026-05-28 21:42:24,667] Trial 475 finished with value: 0.15719306325781038 and parameters: {'ISTN': 60.58568047303492, 'I_gpe': 0.9003846043487591, 'I_gpi': 2.0324573679770213, 'noise_stn_sigma': 3.3882933315661687, 'noise_gpe_sigma': 106.24765614979567, 'noise_gpi_sigma': 90.10551423156477, 'g_stn_gpe_mult': 3.440558445946056, 'g_gpe_stn_mult': 0.14596926748980965, 'g_stn_gpi_mult': 3.0024511102105724, 'g_gpe_gpi_mult': 0.7394387267613816}. Best is trial 446 with value: 0.13542374009959782.
[I 2026-05-28 21:42:25,675] Trial 476 finished with value: 0.425628000828325 and parameters: {'ISTN': 61.63141942402905, 'I_gpe': 1.1313861134269, 'I_gpi': 1.910832382238096, 'noise_stn_sigma': 3.2639207011902887, 'noise_gpe_sigma': 104.22445106797306, 'noise_gpi_sigma': 92.98485258365295, 'g_stn_gpe_mult': 3.423648439299977, 'g_gpe_stn_mult': 0.11992710112122941, 'g_stn_gpi_mult': 2.908208853832704, 'g_gpe_gpi_mult': 0.7045153808649092}. Best is trial 446 with value: 0.13542374009959782.
[I 2026-05-28 21:42:26,682] Trial 477 finished with value: 0.15198467234923072 and parameters: {'ISTN': 61.875851117877104, 'I_gpe': 1.110415005361539, 'I_gpi': 2.0389234836049326, 'noise_stn_sigma': 3.287147198129519, 'noise_gpe_sigma': 108.2304829521012, 'noise_gpi_sigma': 93.1475986139113, 'g_stn_gpe_mult': 3.5464490742308574, 'g_gpe_stn_mult': 0.14689414375852716, 'g_stn_gpi_mult': 2.926918807115514, 'g_gpe_gpi_mult': 0.6949194150601663}. Best is trial 446 with value: 0.13542374009959782.
[I 2026-05-28 21:42:27,690] Trial 478 finished with value: 0.1529568497297212 and parameters: {'ISTN': 61.16819982994451, 'I_gpe': 1.0135334543288872, 'I_gpi': 2.0125889247868853, 'noise_stn_sigma': 3.2433195539975035, 'noise_gpe_sigma': 103.30854417163744, 'noise_gpi_sigma': 97.89203975608442, 'g_stn_gpe_mult': 3.4967923093316386, 'g_gpe_stn_mult': 0.1408547029696774, 'g_stn_gpi_mult': 2.9694602427260786, 'g_gpe_gpi_mult': 0.7304967794648549}. Best is trial 446 with value: 0.13542374009959782.
[I 2026-05-28 21:42:28,698] Trial 479 finished with value: 0.1388562242083191 and parameters: {'ISTN': 60.290260440900276, 'I_gpe': 1.1196747358736459, 'I_gpi': 1.9935050448594258, 'noise_stn_sigma': 3.2870686057011924, 'noise_gpe_sigma': 105.26140009834569, 'noise_gpi_sigma': 98.26094663305246, 'g_stn_gpe_mult': 3.5306094167231294, 'g_gpe_stn_mult': 0.17344378069686603, 'g_stn_gpi_mult': 2.923239838161528, 'g_gpe_gpi_mult': 0.667431422989663}. Best is trial 446 with value: 0.13542374009959782.
[I 2026-05-28 21:42:29,704] Trial 480 finished with value: 0.15151841735612218 and parameters: {'ISTN': 60.96531188643308, 'I_gpe': 1.008369086182523, 'I_gpi': 1.9329252974048645, 'noise_stn_sigma': 3.2926802652771108, 'noise_gpe_sigma': 105.87349504262694, 'noise_gpi_sigma': 93.84486575776772, 'g_stn_gpe_mult': 3.524111257776595, 'g_gpe_stn_mult': 0.14737457611126983, 'g_stn_gpi_mult': 2.8339983434119187, 'g_gpe_gpi_mult': 0.7202255090531198}. Best is trial 446 with value: 0.13542374009959782.
[I 2026-05-28 21:42:30,712] Trial 481 finished with value: 0.17206091124769687 and parameters: {'ISTN': 61.662762915721196, 'I_gpe': 1.0716240040088394, 'I_gpi': 2.1319904984735256, 'noise_stn_sigma': 3.416419749076464, 'noise_gpe_sigma': 107.68282810436561, 'noise_gpi_sigma': 98.33533770786477, 'g_stn_gpe_mult': 3.4192432356128766, 'g_gpe_stn_mult': 0.15827958326352273, 'g_stn_gpi_mult': 3.00168642465173, 'g_gpe_gpi_mult': 0.6687723971887444}. Best is trial 446 with value: 0.13542374009959782.
[I 2026-05-28 21:42:31,718] Trial 482 finished with value: 0.1530670857025238 and parameters: {'ISTN': 61.35574518844663, 'I_gpe': 1.1200187168492077, 'I_gpi': 2.0034499908027095, 'noise_stn_sigma': 3.378275616815897, 'noise_gpe_sigma': 101.93363878893628, 'noise_gpi_sigma': 98.02454425635035, 'g_stn_gpe_mult': 3.520154523001793, 'g_gpe_stn_mult': 0.13603723116514738, 'g_stn_gpi_mult': 2.983053825687826, 'g_gpe_gpi_mult': 0.6872520183353406}. Best is trial 446 with value: 0.13542374009959782.
[I 2026-05-28 21:42:32,723] Trial 483 finished with value: 0.132453131005289 and parameters: {'ISTN': 60.70980119220546, 'I_gpe': 1.19239002560717, 'I_gpi': 2.0286041673855726, 'noise_stn_sigma': 3.0653038436943327, 'noise_gpe_sigma': 105.36397547034241, 'noise_gpi_sigma': 91.92647403624349, 'g_stn_gpe_mult': 3.5246098208609817, 'g_gpe_stn_mult': 0.15864586678464598, 'g_stn_gpi_mult': 2.810850583064685, 'g_gpe_gpi_mult': 0.6870113159169577}. Best is trial 483 with value: 0.132453131005289.
