[I 2026-05-28 22:16:17,722] Trial 484 finished with value: 11.217384700992572 and parameters: {'ISTN': 114.38366835842947, 'I_gpe': 2.402559427008932, 'I_gpi': 1.4671614946157252, 'noise_stn_sigma': 4.723358576852794, 'noise_gpe_sigma': 114.95084153474586, 'noise_gpi_sigma': 114.66291407548319, 'g_stn_gpe_mult': 4.172537340635827, 'g_gpe_stn_mult': 0.6222054601015046, 'g_stn_gpi_mult': 1.802619880570292, 'g_gpe_gpi_mult': 0.7397723161016911}. Best is trial 439 with value: 0.9363413093826806.
[I 2026-05-28 22:16:18,763] Trial 485 finished with value: 5.572338567340611 and parameters: {'ISTN': 113.18844892698996, 'I_gpe': 2.3139124890917584, 'I_gpi': 1.8813810780518285, 'noise_stn_sigma': 5.194478614008399, 'noise_gpe_sigma': 111.92360454666327, 'noise_gpi_sigma': 118.62439435613454, 'g_stn_gpe_mult': 4.2913364282006246, 'g_gpe_stn_mult': 0.6269047605518387, 'g_stn_gpi_mult': 2.091481015054917, 'g_gpe_gpi_mult': 0.7417009933272851}. Best is trial 439 with value: 0.9363413093826806.
[I 2026-05-28 22:16:19,746] Trial 486 finished with value: 1000000.0 and parameters: {'ISTN': 108.97762121977027, 'I_gpe': 2.1381529783473563, 'I_gpi': 1.8503134353427326, 'noise_stn_sigma': 4.407909727229053, 'noise_gpe_sigma': 112.38809541260568, 'noise_gpi_sigma': 115.43905333978103, 'g_stn_gpe_mult': 4.0274957643446925, 'g_gpe_stn_mult': 0.6164398336346785, 'g_stn_gpi_mult': 2.006318105730314, 'g_gpe_gpi_mult': 0.788552489813577}. Best is trial 439 with value: 0.9363413093826806.
[I 2026-05-28 22:16:20,786] Trial 487 finished with value: 11.088004135388951 and parameters: {'ISTN': 113.8548940459593, 'I_gpe': 2.230833103518391, 'I_gpi': 1.4585323170206628, 'noise_stn_sigma': 4.426391941478097, 'noise_gpe_sigma': 109.035168360877, 'noise_gpi_sigma': 112.58965761179988, 'g_stn_gpe_mult': 4.4019352340913045, 'g_gpe_stn_mult': 0.6648149818991866, 'g_stn_gpi_mult': 1.43957988525732, 'g_gpe_gpi_mult': 0.76530745381854}. Best is trial 439 with value: 0.9363413093826806.
[I 2026-05-28 22:16:21,826] Trial 488 finished with value: 6.8889953491907 and parameters: {'ISTN': 112.52158918103049, 'I_gpe': 2.381448231925181, 'I_gpi': 2.5173187875957526, 'noise_stn_sigma': 4.671769139082913, 'noise_gpe_sigma': 97.05699333154074, 'noise_gpi_sigma': 118.94955707336555, 'g_stn_gpe_mult': 4.197682732201065, 'g_gpe_stn_mult': 0.647820125546552, 'g_stn_gpi_mult': 1.854459739062376, 'g_gpe_gpi_mult': 0.7816041566911356}. Best is trial 439 with value: 0.9363413093826806.
[I 2026-05-28 22:16:22,869] Trial 489 finished with value: 6.059237932485954 and parameters: {'ISTN': 109.71247895463434, 'I_gpe': 2.349256580137686, 'I_gpi': 2.0072117918889627, 'noise_stn_sigma': 4.921857668624061, 'noise_gpe_sigma': 108.70323646608429, 'noise_gpi_sigma': 115.20370685438712, 'g_stn_gpe_mult': 4.154925944303031, 'g_gpe_stn_mult': 0.6343953023212617, 'g_stn_gpi_mult': 2.011077492396148, 'g_gpe_gpi_mult': 0.8060282753923509}. Best is trial 439 with value: 0.9363413093826806.
[I 2026-05-28 22:16:23,913] Trial 490 finished with value: 10.756126808430617 and parameters: {'ISTN': 116.57707737993505, 'I_gpe': 2.2399873546752094, 'I_gpi': 1.9277693483622078, 'noise_stn_sigma': 4.244438333835326, 'noise_gpe_sigma': 98.99044703003875, 'noise_gpi_sigma': 111.77468249230671, 'g_stn_gpe_mult': 4.22572035448103, 'g_gpe_stn_mult': 0.6788777411628103, 'g_stn_gpi_mult': 1.7137610496441682, 'g_gpe_gpi_mult': 0.8015543649266925}. Best is trial 439 with value: 0.9363413093826806.
[I 2026-05-28 22:16:24,955] Trial 491 finished with value: 7.100158298565015 and parameters: {'ISTN': 111.6663429394397, 'I_gpe': 2.42519135938164, 'I_gpi': 2.020293092809043, 'noise_stn_sigma': 4.80061137962477, 'noise_gpe_sigma': 104.58148786528261, 'noise_gpi_sigma': 119.69688565121282, 'g_stn_gpe_mult': 4.006830771353511, 'g_gpe_stn_mult': 0.6394540163194202, 'g_stn_gpi_mult': 2.095446217050332, 'g_gpe_gpi_mult': 0.7258575544572967}. Best is trial 439 with value: 0.9363413093826806.
[I 2026-05-28 22:16:25,996] Trial 492 finished with value: 9.501578533964803 and parameters: {'ISTN': 108.0813796775849, 'I_gpe': 2.2590570133538277, 'I_gpi': 1.8563579978639468, 'noise_stn_sigma': 4.580082556764971, 'noise_gpe_sigma': 98.80330833646785, 'noise_gpi_sigma': 119.53740539841694, 'g_stn_gpe_mult': 4.117575265579481, 'g_gpe_stn_mult': 0.6335286103025676, 'g_stn_gpi_mult': 2.084734567968269, 'g_gpe_gpi_mult': 0.8413202910110431}. Best is trial 439 with value: 0.9363413093826806.
[I 2026-05-28 22:16:27,037] Trial 493 finished with value: 7.014609361998521 and parameters: {'ISTN': 113.01761312925308, 'I_gpe': 2.350402112218222, 'I_gpi': 1.7725207353658994, 'noise_stn_sigma': 4.446318827283809, 'noise_gpe_sigma': 108.19301167813371, 'noise_gpi_sigma': 116.5354011689658, 'g_stn_gpe_mult': 4.077288810594156, 'g_gpe_stn_mult': 0.6199708322209632, 'g_stn_gpi_mult': 1.89802115049, 'g_gpe_gpi_mult': 0.6688862221911065}. Best is trial 439 with value: 0.9363413093826806.
[I 2026-05-28 22:16:28,079] Trial 494 finished with value: 4.127219075123617 and parameters: {'ISTN': 115.70501678922713, 'I_gpe': 2.2498838601657596, 'I_gpi': 1.6255233146527566, 'noise_stn_sigma': 4.302975293150425, 'noise_gpe_sigma': 109.71799985573954, 'noise_gpi_sigma': 113.8092021951834, 'g_stn_gpe_mult': 4.395822483901957, 'g_gpe_stn_mult': 0.6487023009779586, 'g_stn_gpi_mult': 1.587999421805598, 'g_gpe_gpi_mult': 0.7620172926240907}. Best is trial 439 with value: 0.9363413093826806.
[I 2026-05-28 22:16:29,120] Trial 495 finished with value: 6.758156361679424 and parameters: {'ISTN': 109.4731226012888, 'I_gpe': 2.4115497690218, 'I_gpi': 2.3901687003290712, 'noise_stn_sigma': 4.327183260461146, 'noise_gpe_sigma': 100.4495300956393, 'noise_gpi_sigma': 116.63012695882239, 'g_stn_gpe_mult': 3.8239555133917045, 'g_gpe_stn_mult': 0.6489507958671791, 'g_stn_gpi_mult': 2.143665382729082, 'g_gpe_gpi_mult': 0.7822064926618031}. Best is trial 439 with value: 0.9363413093826806.
[I 2026-05-28 22:16:30,162] Trial 496 finished with value: 3.6275895975335133 and parameters: {'ISTN': 106.97656937103031, 'I_gpe': 2.3900744807380536, 'I_gpi': 2.0237824639989377, 'noise_stn_sigma': 4.678824011497482, 'noise_gpe_sigma': 104.00825238406013, 'noise_gpi_sigma': 109.50903963797056, 'g_stn_gpe_mult': 4.235842924034733, 'g_gpe_stn_mult': 0.6191754635313748, 'g_stn_gpi_mult': 1.7636996845460529, 'g_gpe_gpi_mult': 0.7508590528880923}. Best is trial 439 with value: 0.9363413093826806.
[I 2026-05-28 22:16:31,205] Trial 497 finished with value: 5.348223339512992 and parameters: {'ISTN': 110.10224463955237, 'I_gpe': 2.570006290414523, 'I_gpi': 2.3649781414898716, 'noise_stn_sigma': 4.971979847251017, 'noise_gpe_sigma': 112.62316138126515, 'noise_gpi_sigma': 137.81107239641545, 'g_stn_gpe_mult': 3.6862686940188, 'g_gpe_stn_mult': 0.632711042594824, 'g_stn_gpi_mult': 2.0291606614890156, 'g_gpe_gpi_mult': 0.853339821941685}. Best is trial 439 with value: 0.9363413093826806.
[I 2026-05-28 22:16:32,246] Trial 498 finished with value: 9.792228210281763 and parameters: {'ISTN': 109.22615187155552, 'I_gpe': 2.481460467002531, 'I_gpi': 2.3064637505824184, 'noise_stn_sigma': 4.7671285373923995, 'noise_gpe_sigma': 107.27778267960842, 'noise_gpi_sigma': 122.50964977371443, 'g_stn_gpe_mult': 4.149072099532307, 'g_gpe_stn_mult': 0.623227795759303, 'g_stn_gpi_mult': 2.0526275088981296, 'g_gpe_gpi_mult': 0.8524998108835831}. Best is trial 439 with value: 0.9363413093826806.
[I 2026-05-28 22:16:33,289] Trial 499 finished with value: 2.2227656191812604 and parameters: {'ISTN': 107.3397748508118, 'I_gpe': 2.444031374100132, 'I_gpi': 1.959104760379482, 'noise_stn_sigma': 5.148589351192315, 'noise_gpe_sigma': 106.65084743986077, 'noise_gpi_sigma': 118.73675376857503, 'g_stn_gpe_mult': 3.956246740922106, 'g_gpe_stn_mult': 0.6176424219017327, 'g_stn_gpi_mult': 2.1260039571401212, 'g_gpe_gpi_mult': 0.812040774286829}. Best is trial 439 with value: 0.9363413093826806.
[I 2026-05-28 22:16:34,332] Trial 500 finished with value: 8.28116651036096 and parameters: {'ISTN': 111.56288177925211, 'I_gpe': 2.3558840155042984, 'I_gpi': 2.53976657719652, 'noise_stn_sigma': 4.7614010696660705, 'noise_gpe_sigma': 103.70568361312264, 'noise_gpi_sigma': 125.33840489584654, 'g_stn_gpe_mult': 3.971903412987591, 'g_gpe_stn_mult': 0.6086693354283728, 'g_stn_gpi_mult': 2.002910308802436, 'g_gpe_gpi_mult': 0.7513626358663881}. Best is trial 439 with value: 0.9363413093826806.
[I 2026-05-28 22:16:35,374] Trial 501 finished with value: 10.460135301804662 and parameters: {'ISTN': 105.84298830012301, 'I_gpe': 2.4964700082803946, 'I_gpi': 1.8908354508819316, 'noise_stn_sigma': 4.735781263030953, 'noise_gpe_sigma': 116.02380401487115, 'noise_gpi_sigma': 120.82640555907079, 'g_stn_gpe_mult': 3.893321293858792, 'g_gpe_stn_mult': 0.6308660468116215, 'g_stn_gpi_mult': 1.9479745144323544, 'g_gpe_gpi_mult': 0.7462108648983274}. Best is trial 439 with value: 0.9363413093826806.
[I 2026-05-28 22:16:36,415] Trial 502 finished with value: 15.450310608296556 and parameters: {'ISTN': 101.60150314775046, 'I_gpe': 2.5076741903553232, 'I_gpi': 2.513896156543478, 'noise_stn_sigma': 5.103613060344516, 'noise_gpe_sigma': 102.45612000857226, 'noise_gpi_sigma': 118.65603995316373, 'g_stn_gpe_mult': 4.059653862880183, 'g_gpe_stn_mult': 0.5532800037581297, 'g_stn_gpi_mult': 2.1275250594121693, 'g_gpe_gpi_mult': 0.737224293559966}. Best is trial 439 with value: 0.9363413093826806.
[I 2026-05-28 22:16:37,457] Trial 503 finished with value: 9.303467655012227 and parameters: {'ISTN': 116.26653089439114, 'I_gpe': 2.367436379271611, 'I_gpi': 1.658776606169977, 'noise_stn_sigma': 4.44951799674066, 'noise_gpe_sigma': 97.69753146204224, 'noise_gpi_sigma': 115.74288458231965, 'g_stn_gpe_mult': 4.440897804509487, 'g_gpe_stn_mult': 0.6555767518545197, 'g_stn_gpi_mult': 1.6341285889872252, 'g_gpe_gpi_mult': 0.859261382506233}. Best is trial 439 with value: 0.9363413093826806.
[I 2026-05-28 22:16:38,498] Trial 504 finished with value: 8.636012593999414 and parameters: {'ISTN': 104.64428045857129, 'I_gpe': 2.247687355104235, 'I_gpi': 1.770522808589849, 'noise_stn_sigma': 4.44305302045612, 'noise_gpe_sigma': 107.60163221909343, 'noise_gpi_sigma': 116.07432138492501, 'g_stn_gpe_mult': 3.940769469033858, 'g_gpe_stn_mult': 0.6260557859003464, 'g_stn_gpi_mult': 1.9712645137904525, 'g_gpe_gpi_mult': 0.811295008592386}. Best is trial 439 with value: 0.9363413093826806.
[I 2026-05-28 22:16:39,539] Trial 505 finished with value: 7.302475912859157 and parameters: {'ISTN': 109.457634929031, 'I_gpe': 2.303920751226323, 'I_gpi': 1.9729426996754174, 'noise_stn_sigma': 5.373474508150311, 'noise_gpe_sigma': 108.26561987885881, 'noise_gpi_sigma': 114.04927739722913, 'g_stn_gpe_mult': 4.2562664820683, 'g_gpe_stn_mult': 0.643508687789759, 'g_stn_gpi_mult': 1.840281655839806, 'g_gpe_gpi_mult': 0.7389653046412499}. Best is trial 439 with value: 0.9363413093826806.
[I 2026-05-28 22:16:40,581] Trial 506 finished with value: 3.546202787922968 and parameters: {'ISTN': 110.85105797753748, 'I_gpe': 2.4386624827571177, 'I_gpi': 2.0146526557771542, 'noise_stn_sigma': 5.378537162510653, 'noise_gpe_sigma': 112.64000453827322, 'noise_gpi_sigma': 117.23548006686838, 'g_stn_gpe_mult': 4.374193383150558, 'g_gpe_stn_mult': 0.6557520204803426, 'g_stn_gpi_mult': 1.9223784521474967, 'g_gpe_gpi_mult': 0.8163083990144664}. Best is trial 439 with value: 0.9363413093826806.
[I 2026-05-28 22:16:41,624] Trial 507 finished with value: 7.1203838583404995 and parameters: {'ISTN': 115.93695374209025, 'I_gpe': 2.4422775237058003, 'I_gpi': 1.6634311266107666, 'noise_stn_sigma': 4.226820214853529, 'noise_gpe_sigma': 101.94882503165452, 'noise_gpi_sigma': 122.51924381622058, 'g_stn_gpe_mult': 3.9958073396469445, 'g_gpe_stn_mult': 0.6552650955379259, 'g_stn_gpi_mult': 1.7840120907505046, 'g_gpe_gpi_mult': 0.812382956120097}. Best is trial 439 with value: 0.9363413093826806.
[I 2026-05-28 22:16:42,667] Trial 508 finished with value: 5.933664298059891 and parameters: {'ISTN': 106.02027456054985, 'I_gpe': 2.406440175882502, 'I_gpi': 2.2100880221487795, 'noise_stn_sigma': 4.654416237931923, 'noise_gpe_sigma': 107.25899817873893, 'noise_gpi_sigma': 117.01256428526561, 'g_stn_gpe_mult': 4.204901311851347, 'g_gpe_stn_mult': 0.6249629015147097, 'g_stn_gpi_mult': 1.9188317246907753, 'g_gpe_gpi_mult': 0.7411854423736641}. Best is trial 439 with value: 0.9363413093826806.
[I 2026-05-28 22:16:43,707] Trial 509 finished with value: 8.339781300809362 and parameters: {'ISTN': 109.24141575139362, 'I_gpe': 2.444970359061667, 'I_gpi': 1.6424256140221305, 'noise_stn_sigma': 5.239509112116055, 'noise_gpe_sigma': 108.72458738315763, 'noise_gpi_sigma': 115.5064687449175, 'g_stn_gpe_mult': 4.3753050389424395, 'g_gpe_stn_mult': 0.625008978317597, 'g_stn_gpi_mult': 1.7814204781824985, 'g_gpe_gpi_mult': 0.7680507592845109}. Best is trial 439 with value: 0.9363413093826806.
[I 2026-05-28 22:16:44,746] Trial 510 finished with value: 6.307445407734547 and parameters: {'ISTN': 107.5575326064417, 'I_gpe': 2.4880761923126133, 'I_gpi': 2.1358288209019776, 'noise_stn_sigma': 4.687875000758266, 'noise_gpe_sigma': 109.29559751531508, 'noise_gpi_sigma': 124.51522264894021, 'g_stn_gpe_mult': 3.861170614795997, 'g_gpe_stn_mult': 0.6148308910831815, 'g_stn_gpi_mult': 1.7929031027045985, 'g_gpe_gpi_mult': 0.8157137250646143}. Best is trial 439 with value: 0.9363413093826806.
[I 2026-05-28 22:16:45,788] Trial 511 finished with value: 11.420766554348916 and parameters: {'ISTN': 112.39029568493206, 'I_gpe': 2.5581559344832376, 'I_gpi': 2.1293285406274203, 'noise_stn_sigma': 5.11371178659454, 'noise_gpe_sigma': 116.08963973553924, 'noise_gpi_sigma': 119.74748377669445, 'g_stn_gpe_mult': 4.1201018813025225, 'g_gpe_stn_mult': 0.6358453517438979, 'g_stn_gpi_mult': 1.9613984300683545, 'g_gpe_gpi_mult': 0.8047153681434513}. Best is trial 439 with value: 0.9363413093826806.
[I 2026-05-28 22:16:46,831] Trial 512 finished with value: 8.012036356559747 and parameters: {'ISTN': 110.65510222567141, 'I_gpe': 2.3318023281553213, 'I_gpi': 1.6797979776897947, 'noise_stn_sigma': 4.551446116537277, 'noise_gpe_sigma': 117.52638225899547, 'noise_gpi_sigma': 122.68829933138292, 'g_stn_gpe_mult': 4.3856158112126895, 'g_gpe_stn_mult': 0.6769758822163494, 'g_stn_gpi_mult': 1.7967844198798906, 'g_gpe_gpi_mult': 0.8463388734815154}. Best is trial 439 with value: 0.9363413093826806.
[I 2026-05-28 22:16:47,873] Trial 513 finished with value: 1.5786196250317965 and parameters: {'ISTN': 107.43506209682775, 'I_gpe': 2.3468638468446237, 'I_gpi': 2.0413072882282908, 'noise_stn_sigma': 4.477340275718979, 'noise_gpe_sigma': 103.85438435980468, 'noise_gpi_sigma': 111.26262733247141, 'g_stn_gpe_mult': 4.078706654103291, 'g_gpe_stn_mult': 0.6151395114266083, 'g_stn_gpi_mult': 1.651927723121873, 'g_gpe_gpi_mult': 0.7849069515796336}. Best is trial 439 with value: 0.9363413093826806.
[I 2026-05-28 22:16:48,915] Trial 514 finished with value: 4.751942502713218 and parameters: {'ISTN': 112.56456258171097, 'I_gpe': 2.5365632227757247, 'I_gpi': 2.0236734996639, 'noise_stn_sigma': 4.317963612255547, 'noise_gpe_sigma': 108.71452672048629, 'noise_gpi_sigma': 112.7960082420809, 'g_stn_gpe_mult': 3.869148918206701, 'g_gpe_stn_mult': 0.6490131302218964, 'g_stn_gpi_mult': 1.9765586538682136, 'g_gpe_gpi_mult': 0.8292316882248936}. Best is trial 439 with value: 0.9363413093826806.
[I 2026-05-28 22:16:49,956] Trial 515 finished with value: 7.376823310510766 and parameters: {'ISTN': 108.79352880921948, 'I_gpe': 2.4723476188013853, 'I_gpi': 2.4117000589272957, 'noise_stn_sigma': 4.965084091427971, 'noise_gpe_sigma': 114.80459552394862, 'noise_gpi_sigma': 110.7785819782516, 'g_stn_gpe_mult': 4.259271900930097, 'g_gpe_stn_mult': 0.6152501609806296, 'g_stn_gpi_mult': 2.060260927050472, 'g_gpe_gpi_mult': 0.7807565114840567}. Best is trial 439 with value: 0.9363413093826806.
[I 2026-05-28 22:16:50,995] Trial 516 finished with value: 0.9043779998207784 and parameters: {'ISTN': 113.5603995149628, 'I_gpe': 2.318572021152775, 'I_gpi': 2.0645963208685116, 'noise_stn_sigma': 5.160665592079239, 'noise_gpe_sigma': 103.23684219730893, 'noise_gpi_sigma': 103.45476955025187, 'g_stn_gpe_mult': 4.256874036919058, 'g_gpe_stn_mult': 0.6820067636166046, 'g_stn_gpi_mult': 1.9097893329305555, 'g_gpe_gpi_mult': 0.7823170711462355}. Best is trial 516 with value: 0.9043779998207784.
[I 2026-05-28 22:16:52,036] Trial 517 finished with value: 4.303349169489921 and parameters: {'ISTN': 111.20205178201091, 'I_gpe': 2.412146136435939, 'I_gpi': 1.9327683118052055, 'noise_stn_sigma': 5.33210098147045, 'noise_gpe_sigma': 109.28453545497116, 'noise_gpi_sigma': 125.96188373838312, 'g_stn_gpe_mult': 4.430234839008774, 'g_gpe_stn_mult': 0.6325403952256266, 'g_stn_gpi_mult': 1.7797352022512007, 'g_gpe_gpi_mult': 0.8209191934543096}. Best is trial 516 with value: 0.9043779998207784.
[I 2026-05-28 22:16:53,079] Trial 518 finished with value: 8.459534817513173 and parameters: {'ISTN': 111.33037019788573, 'I_gpe': 2.3201954293503935, 'I_gpi': 2.0871726504671395, 'noise_stn_sigma': 5.2298182989658475, 'noise_gpe_sigma': 109.74510629439773, 'noise_gpi_sigma': 115.569058992975, 'g_stn_gpe_mult': 4.561329313105711, 'g_gpe_stn_mult': 0.6485182721469942, 'g_stn_gpi_mult': 1.9570916835864538, 'g_gpe_gpi_mult': 0.8855314433697972}. Best is trial 516 with value: 0.9043779998207784.
[I 2026-05-28 22:16:54,119] Trial 519 finished with value: 3.557189088584736 and parameters: {'ISTN': 113.33749750054004, 'I_gpe': 2.3484681441573345, 'I_gpi': 1.8979701573660037, 'noise_stn_sigma': 4.436497087644691, 'noise_gpe_sigma': 109.82871054165645, 'noise_gpi_sigma': 118.58972960235772, 'g_stn_gpe_mult': 3.963897427950889, 'g_gpe_stn_mult': 0.6254278256454424, 'g_stn_gpi_mult': 1.8483014416498795, 'g_gpe_gpi_mult': 0.8192268374926617}. Best is trial 516 with value: 0.9043779998207784.
[I 2026-05-28 22:16:55,158] Trial 520 finished with value: 12.63820743289323 and parameters: {'ISTN': 111.88402970144708, 'I_gpe': 2.5994858517264303, 'I_gpi': 2.3281830128906766, 'noise_stn_sigma': 4.75175329217883, 'noise_gpe_sigma': 113.84366825068314, 'noise_gpi_sigma': 123.30718710592353, 'g_stn_gpe_mult': 3.935837713434643, 'g_gpe_stn_mult': 0.6729978640503994, 'g_stn_gpi_mult': 1.8335215230849222, 'g_gpe_gpi_mult': 0.8562190748621201}. Best is trial 516 with value: 0.9043779998207784.
[I 2026-05-28 22:16:56,202] Trial 521 finished with value: 5.088499559695099 and parameters: {'ISTN': 111.20616755979468, 'I_gpe': 2.374318459964127, 'I_gpi': 2.074302920035655, 'noise_stn_sigma': 4.72158897518872, 'noise_gpe_sigma': 106.03177049317293, 'noise_gpi_sigma': 115.6327750857376, 'g_stn_gpe_mult': 4.175451238049602, 'g_gpe_stn_mult': 0.6585217869459288, 'g_stn_gpi_mult': 1.7525996616792279, 'g_gpe_gpi_mult': 0.7694087703313062}. Best is trial 516 with value: 0.9043779998207784.
[I 2026-05-28 22:16:57,245] Trial 522 finished with value: 9.771614008834486 and parameters: {'ISTN': 109.96044545023412, 'I_gpe': 2.4474892787838423, 'I_gpi': 2.1135820651883632, 'noise_stn_sigma': 4.649378653474685, 'noise_gpe_sigma': 96.8951784961553, 'noise_gpi_sigma': 107.20135186618526, 'g_stn_gpe_mult': 4.071330810048863, 'g_gpe_stn_mult': 0.6335220054075826, 'g_stn_gpi_mult': 1.8542650025105596, 'g_gpe_gpi_mult': 0.7954195731102083}. Best is trial 516 with value: 0.9043779998207784.
[I 2026-05-28 22:16:58,287] Trial 523 finished with value: 8.777967102394317 and parameters: {'ISTN': 115.0154903170402, 'I_gpe': 2.343853066718635, 'I_gpi': 1.9492330233274229, 'noise_stn_sigma': 5.493474939547195, 'noise_gpe_sigma': 101.96353552904039, 'noise_gpi_sigma': 119.39333648837227, 'g_stn_gpe_mult': 4.45621978783179, 'g_gpe_stn_mult': 0.6535494767496385, 'g_stn_gpi_mult': 1.9745502131369912, 'g_gpe_gpi_mult': 0.7330336314869925}. Best is trial 516 with value: 0.9043779998207784.
[I 2026-05-28 22:16:59,330] Trial 524 finished with value: 6.108083454371261 and parameters: {'ISTN': 112.59498048900258, 'I_gpe': 2.4098684980664244, 'I_gpi': 2.096967847125847, 'noise_stn_sigma': 5.238596519884796, 'noise_gpe_sigma': 106.32698302437885, 'noise_gpi_sigma': 112.28887687262998, 'g_stn_gpe_mult': 4.160792876430783, 'g_gpe_stn_mult': 0.652963552137051, 'g_stn_gpi_mult': 1.780616603817598, 'g_gpe_gpi_mult': 0.7741583736666726}. Best is trial 516 with value: 0.9043779998207784.
[I 2026-05-28 22:17:00,371] Trial 525 finished with value: 8.28885984768266 and parameters: {'ISTN': 111.73014654496717, 'I_gpe': 2.3575950040651668, 'I_gpi': 2.100093591448023, 'noise_stn_sigma': 5.0691878129389, 'noise_gpe_sigma': 104.9675655594753, 'noise_gpi_sigma': 107.79644345641982, 'g_stn_gpe_mult': 4.030647494502161, 'g_gpe_stn_mult': 0.6267658778081949, 'g_stn_gpi_mult': 1.787336874503798, 'g_gpe_gpi_mult': 0.8086141860453648}. Best is trial 516 with value: 0.9043779998207784.
[I 2026-05-28 22:17:01,411] Trial 526 finished with value: 3.4831967230830965 and parameters: {'ISTN': 113.10431478540312, 'I_gpe': 2.369023297486141, 'I_gpi': 1.7025730056428645, 'noise_stn_sigma': 4.615189041878969, 'noise_gpe_sigma': 107.97952208790255, 'noise_gpi_sigma': 105.14430725562471, 'g_stn_gpe_mult': 3.929545788376042, 'g_gpe_stn_mult': 0.6647388420069091, 'g_stn_gpi_mult': 1.8730732252978555, 'g_gpe_gpi_mult': 0.8190550846777336}. Best is trial 516 with value: 0.9043779998207784.
[I 2026-05-28 22:17:02,451] Trial 527 finished with value: 9.278598775314357 and parameters: {'ISTN': 111.6194211569807, 'I_gpe': 2.3733390515840487, 'I_gpi': 2.1240788252773424, 'noise_stn_sigma': 5.35003768054584, 'noise_gpe_sigma': 110.53722404270957, 'noise_gpi_sigma': 102.7548958050858, 'g_stn_gpe_mult': 3.9991243916268946, 'g_gpe_stn_mult': 0.6469207469205116, 'g_stn_gpi_mult': 1.8279078566506022, 'g_gpe_gpi_mult': 0.7601711662199155}. Best is trial 516 with value: 0.9043779998207784.
