[I 2026-05-28 21:55:42,823] Trial 264 finished with value: 0.6048028272311894 and parameters: {'ISTN': 65.37616360045588, 'I_gpe': 1.7217319458224485, 'I_gpi': 2.260574180151438, 'noise_stn_sigma': 2.4246634960386766, 'noise_gpe_sigma': 91.54642390677998, 'noise_gpi_sigma': 81.96746684828008, 'g_stn_gpe_mult': 3.665487426555459, 'g_gpe_stn_mult': 0.18689897917871331, 'g_stn_gpi_mult': 1.6032971695355709, 'g_gpe_gpi_mult': 0.5860325831381261}. Best is trial 261 with value: 0.12582505476225536.
[I 2026-05-28 21:55:43,802] Trial 265 finished with value: 0.6397399851759213 and parameters: {'ISTN': 70.9561007872981, 'I_gpe': 1.5015778783263307, 'I_gpi': 2.2099403906329664, 'noise_stn_sigma': 2.2877871329498616, 'noise_gpe_sigma': 99.17594976024357, 'noise_gpi_sigma': 83.47764740194468, 'g_stn_gpe_mult': 3.7664086884426102, 'g_gpe_stn_mult': 0.102653393661332, 'g_stn_gpi_mult': 1.597238380921017, 'g_gpe_gpi_mult': 0.6410099790178669}. Best is trial 261 with value: 0.12582505476225536.
[I 2026-05-28 21:55:44,782] Trial 266 finished with value: 0.17342638447950104 and parameters: {'ISTN': 63.3760949870074, 'I_gpe': 1.252436090440593, 'I_gpi': 2.412275724587198, 'noise_stn_sigma': 2.7562049880239057, 'noise_gpe_sigma': 93.57888904710775, 'noise_gpi_sigma': 79.38347421438338, 'g_stn_gpe_mult': 3.9135595497254325, 'g_gpe_stn_mult': 0.18932914980075416, 'g_stn_gpi_mult': 1.6673364488597278, 'g_gpe_gpi_mult': 0.6444432499548542}. Best is trial 261 with value: 0.12582505476225536.
[I 2026-05-28 21:55:45,760] Trial 267 finished with value: 1.781561366454636 and parameters: {'ISTN': 66.816712700106, 'I_gpe': 1.3978883761345222, 'I_gpi': 2.2446675516892167, 'noise_stn_sigma': 2.8460762717027035, 'noise_gpe_sigma': 93.76381888053832, 'noise_gpi_sigma': 76.56067396982954, 'g_stn_gpe_mult': 3.722595686210966, 'g_gpe_stn_mult': 0.17815460032401814, 'g_stn_gpi_mult': 1.7625814810790414, 'g_gpe_gpi_mult': 0.5797945918810142}. Best is trial 261 with value: 0.12582505476225536.
[I 2026-05-28 21:55:46,738] Trial 268 finished with value: 0.18943969571505462 and parameters: {'ISTN': 64.3867146408833, 'I_gpe': 1.4118692149856302, 'I_gpi': 2.072390981736823, 'noise_stn_sigma': 3.0478709507840263, 'noise_gpe_sigma': 81.77589026995986, 'noise_gpi_sigma': 73.82699783551871, 'g_stn_gpe_mult': 3.9232900521944023, 'g_gpe_stn_mult': 0.10898406830587898, 'g_stn_gpi_mult': 1.8019547201339827, 'g_gpe_gpi_mult': 0.6900974976739174}. Best is trial 261 with value: 0.12582505476225536.
[I 2026-05-28 21:55:47,717] Trial 269 finished with value: 0.33500176580238583 and parameters: {'ISTN': 60.98076957816214, 'I_gpe': 1.3806911295944855, 'I_gpi': 2.236101271581262, 'noise_stn_sigma': 2.9912714147689328, 'noise_gpe_sigma': 96.46942391642575, 'noise_gpi_sigma': 75.12895281221263, 'g_stn_gpe_mult': 3.3624158329968314, 'g_gpe_stn_mult': 0.11494524712410002, 'g_stn_gpi_mult': 1.3131285443274852, 'g_gpe_gpi_mult': 0.5788563319179669}. Best is trial 261 with value: 0.12582505476225536.
[I 2026-05-28 21:55:48,697] Trial 270 finished with value: 0.2688501434271192 and parameters: {'ISTN': 65.37481578574653, 'I_gpe': 1.427124613395507, 'I_gpi': 1.9322042295729311, 'noise_stn_sigma': 2.93473513851251, 'noise_gpe_sigma': 90.76498938194105, 'noise_gpi_sigma': 93.27104033092859, 'g_stn_gpe_mult': 4.096343165223382, 'g_gpe_stn_mult': 0.17570225616311066, 'g_stn_gpi_mult': 1.556405752204255, 'g_gpe_gpi_mult': 0.5592138623451128}. Best is trial 261 with value: 0.12582505476225536.
[I 2026-05-28 21:55:49,677] Trial 271 finished with value: 0.4657507215801795 and parameters: {'ISTN': 65.51353635084517, 'I_gpe': 1.3113938662228748, 'I_gpi': 2.3382378864598037, 'noise_stn_sigma': 2.886453772647122, 'noise_gpe_sigma': 89.57653597636332, 'noise_gpi_sigma': 61.87167704400381, 'g_stn_gpe_mult': 3.732670997710401, 'g_gpe_stn_mult': 0.1463303014919283, 'g_stn_gpi_mult': 1.606840318849509, 'g_gpe_gpi_mult': 0.5403378449967917}. Best is trial 261 with value: 0.12582505476225536.
[I 2026-05-28 21:55:50,654] Trial 272 finished with value: 0.1794326931113473 and parameters: {'ISTN': 65.21530650345115, 'I_gpe': 1.471174805286257, 'I_gpi': 2.318128518379626, 'noise_stn_sigma': 2.8948578478269833, 'noise_gpe_sigma': 91.86517229704198, 'noise_gpi_sigma': 69.48406254153156, 'g_stn_gpe_mult': 4.377678363782305, 'g_gpe_stn_mult': 0.14636760556786071, 'g_stn_gpi_mult': 1.5290711269145754, 'g_gpe_gpi_mult': 0.6545832497914983}. Best is trial 261 with value: 0.12582505476225536.
[I 2026-05-28 21:55:51,632] Trial 273 finished with value: 0.37163079891160067 and parameters: {'ISTN': 63.078963180117725, 'I_gpe': 1.5972205226665084, 'I_gpi': 2.3649859917573948, 'noise_stn_sigma': 3.119611067056562, 'noise_gpe_sigma': 90.00646460227075, 'noise_gpi_sigma': 72.85868792480991, 'g_stn_gpe_mult': 3.497603308864484, 'g_gpe_stn_mult': 0.18593743237636565, 'g_stn_gpi_mult': 1.805766950287449, 'g_gpe_gpi_mult': 0.626387527068319}. Best is trial 261 with value: 0.12582505476225536.
[I 2026-05-28 21:55:52,611] Trial 274 finished with value: 0.21523476103080486 and parameters: {'ISTN': 61.74140017010488, 'I_gpe': 1.1288717581805585, 'I_gpi': 1.9962445822044899, 'noise_stn_sigma': 2.8064209312748156, 'noise_gpe_sigma': 94.54648652851519, 'noise_gpi_sigma': 78.35757110361217, 'g_stn_gpe_mult': 3.7394074109189535, 'g_gpe_stn_mult': 0.19635378351899874, 'g_stn_gpi_mult': 1.515030959688378, 'g_gpe_gpi_mult': 0.6113197453253996}. Best is trial 261 with value: 0.12582505476225536.
[I 2026-05-28 21:55:53,530] Trial 275 finished with value: 1000000.0 and parameters: {'ISTN': 62.13213340879212, 'I_gpe': 1.2994390411883863, 'I_gpi': 2.789653740705394, 'noise_stn_sigma': 2.8255719192808626, 'noise_gpe_sigma': 87.6736700123754, 'noise_gpi_sigma': 84.66325136054962, 'g_stn_gpe_mult': 3.7916242680842425, 'g_gpe_stn_mult': 0.17010485863309988, 'g_stn_gpi_mult': 1.3399767822173216, 'g_gpe_gpi_mult': 0.6292603328875406}. Best is trial 261 with value: 0.12582505476225536.
[I 2026-05-28 21:55:54,509] Trial 276 finished with value: 0.18236818382962044 and parameters: {'ISTN': 63.415155819867906, 'I_gpe': 1.138649242114063, 'I_gpi': 2.420701563139461, 'noise_stn_sigma': 2.9897527301983544, 'noise_gpe_sigma': 98.93343623626103, 'noise_gpi_sigma': 71.21524096587311, 'g_stn_gpe_mult': 3.751338250117619, 'g_gpe_stn_mult': 0.21605231111616457, 'g_stn_gpi_mult': 1.7285344743630169, 'g_gpe_gpi_mult': 0.6793500006074187}. Best is trial 261 with value: 0.12582505476225536.
[I 2026-05-28 21:55:55,488] Trial 277 finished with value: 0.14776740863820242 and parameters: {'ISTN': 60.65445527094541, 'I_gpe': 1.41260147609561, 'I_gpi': 2.2491596446841737, 'noise_stn_sigma': 3.1061586345637817, 'noise_gpe_sigma': 96.41979058111932, 'noise_gpi_sigma': 77.93239243261087, 'g_stn_gpe_mult': 3.61864159142948, 'g_gpe_stn_mult': 0.20214561334177872, 'g_stn_gpi_mult': 1.6545417335291028, 'g_gpe_gpi_mult': 0.6376754581192778}. Best is trial 261 with value: 0.12582505476225536.
[I 2026-05-28 21:55:56,466] Trial 278 finished with value: 0.23877570388118097 and parameters: {'ISTN': 64.17682532695282, 'I_gpe': 1.5591199133052853, 'I_gpi': 1.9586163653375743, 'noise_stn_sigma': 3.10150722949682, 'noise_gpe_sigma': 106.15433232417894, 'noise_gpi_sigma': 82.43667904281112, 'g_stn_gpe_mult': 4.078075897855113, 'g_gpe_stn_mult': 0.14953188460431258, 'g_stn_gpi_mult': 1.4084154916656342, 'g_gpe_gpi_mult': 0.6204155841673185}. Best is trial 261 with value: 0.12582505476225536.
[I 2026-05-28 21:55:57,445] Trial 279 finished with value: 0.15371676532727047 and parameters: {'ISTN': 62.14509755502648, 'I_gpe': 1.4678710140379851, 'I_gpi': 2.298332646514959, 'noise_stn_sigma': 3.455944235278593, 'noise_gpe_sigma': 98.25826713017176, 'noise_gpi_sigma': 76.15241969044864, 'g_stn_gpe_mult': 3.8173728119778083, 'g_gpe_stn_mult': 0.1475338020229789, 'g_stn_gpi_mult': 1.5900710450139548, 'g_gpe_gpi_mult': 0.7050820810832332}. Best is trial 261 with value: 0.12582505476225536.
[I 2026-05-28 21:55:58,422] Trial 280 finished with value: 0.517605956371975 and parameters: {'ISTN': 66.41116910017077, 'I_gpe': 1.338872154368639, 'I_gpi': 1.5612594186219066, 'noise_stn_sigma': 3.303128089377609, 'noise_gpe_sigma': 104.26613140339677, 'noise_gpi_sigma': 85.22106283771349, 'g_stn_gpe_mult': 3.7199478958615506, 'g_gpe_stn_mult': 0.16558174048119098, 'g_stn_gpi_mult': 1.6890964521127025, 'g_gpe_gpi_mult': 0.6694810686966526}. Best is trial 261 with value: 0.12582505476225536.
[I 2026-05-28 21:55:59,401] Trial 281 finished with value: 0.1609388482730206 and parameters: {'ISTN': 62.29247275725478, 'I_gpe': 1.3502798868594588, 'I_gpi': 2.3252835855915928, 'noise_stn_sigma': 3.4266312359508744, 'noise_gpe_sigma': 95.27807855237435, 'noise_gpi_sigma': 72.19011529555867, 'g_stn_gpe_mult': 3.672191250132509, 'g_gpe_stn_mult': 0.1848940805975256, 'g_stn_gpi_mult': 1.7502822929693473, 'g_gpe_gpi_mult': 0.6206092113418338}. Best is trial 261 with value: 0.12582505476225536.
[I 2026-05-28 21:56:00,377] Trial 282 finished with value: 0.17026845209899133 and parameters: {'ISTN': 61.51904099177999, 'I_gpe': 1.4556100622885173, 'I_gpi': 2.144162770287074, 'noise_stn_sigma': 3.1721270448816705, 'noise_gpe_sigma': 91.93807857907525, 'noise_gpi_sigma': 68.23993309279791, 'g_stn_gpe_mult': 3.7532844071353093, 'g_gpe_stn_mult': 0.16395196495901548, 'g_stn_gpi_mult': 1.6234079367787704, 'g_gpe_gpi_mult': 0.6053340969194028}. Best is trial 261 with value: 0.12582505476225536.
[I 2026-05-28 21:56:01,353] Trial 283 finished with value: 0.22624886113067447 and parameters: {'ISTN': 67.23154383581057, 'I_gpe': 1.5146674907336848, 'I_gpi': 2.2927120184791883, 'noise_stn_sigma': 3.7501915249217594, 'noise_gpe_sigma': 97.124212569308, 'noise_gpi_sigma': 75.97098546047334, 'g_stn_gpe_mult': 3.8864350449158724, 'g_gpe_stn_mult': 0.10126641309683754, 'g_stn_gpi_mult': 1.641810998751075, 'g_gpe_gpi_mult': 0.7151170904427193}. Best is trial 261 with value: 0.12582505476225536.
[I 2026-05-28 21:56:02,329] Trial 284 finished with value: 0.14512594398476894 and parameters: {'ISTN': 60.24275970423169, 'I_gpe': 1.3788485058352764, 'I_gpi': 2.208792391316964, 'noise_stn_sigma': 3.3786701278856204, 'noise_gpe_sigma': 97.90663931568518, 'noise_gpi_sigma': 77.96508844332058, 'g_stn_gpe_mult': 3.6251858633174288, 'g_gpe_stn_mult': 0.1983310666997548, 'g_stn_gpi_mult': 1.5679279998809816, 'g_gpe_gpi_mult': 0.6521703827164214}. Best is trial 261 with value: 0.12582505476225536.
[I 2026-05-28 21:56:03,308] Trial 285 finished with value: 0.20200547356593396 and parameters: {'ISTN': 60.76699187295227, 'I_gpe': 1.411886552704873, 'I_gpi': 1.9630975002278488, 'noise_stn_sigma': 3.638772941494789, 'noise_gpe_sigma': 91.92020601848112, 'noise_gpi_sigma': 71.46894881752343, 'g_stn_gpe_mult': 3.496120768779482, 'g_gpe_stn_mult': 0.2267290904940285, 'g_stn_gpi_mult': 1.7288121975366408, 'g_gpe_gpi_mult': 0.6711915610211112}. Best is trial 261 with value: 0.12582505476225536.
[I 2026-05-28 21:56:04,284] Trial 286 finished with value: 0.23540846517743008 and parameters: {'ISTN': 65.42932446639722, 'I_gpe': 1.5114736254828007, 'I_gpi': 2.3499982686519956, 'noise_stn_sigma': 3.6070361757327953, 'noise_gpe_sigma': 81.67349722789686, 'noise_gpi_sigma': 76.55745000501662, 'g_stn_gpe_mult': 3.8364160586815284, 'g_gpe_stn_mult': 0.19050196839589578, 'g_stn_gpi_mult': 1.6075553782492358, 'g_gpe_gpi_mult': 0.6335401185451708}. Best is trial 261 with value: 0.12582505476225536.
[I 2026-05-28 21:56:05,261] Trial 287 finished with value: 0.9690803358772904 and parameters: {'ISTN': 62.83762958800575, 'I_gpe': 1.3766028740348424, 'I_gpi': 2.140598130230212, 'noise_stn_sigma': 3.6978303669057913, 'noise_gpe_sigma': 96.46655208264947, 'noise_gpi_sigma': 73.79141972459882, 'g_stn_gpe_mult': 3.8275629417285293, 'g_gpe_stn_mult': 0.1437997066842594, 'g_stn_gpi_mult': 1.4056558155759313, 'g_gpe_gpi_mult': 0.705702907345463}. Best is trial 261 with value: 0.12582505476225536.
[I 2026-05-28 21:56:06,241] Trial 288 finished with value: 0.15111740638987578 and parameters: {'ISTN': 61.94362508158255, 'I_gpe': 1.3493089278881132, 'I_gpi': 2.373654012297885, 'noise_stn_sigma': 2.7236308314966844, 'noise_gpe_sigma': 100.42994209236625, 'noise_gpi_sigma': 74.95393973419348, 'g_stn_gpe_mult': 3.7430762097149337, 'g_gpe_stn_mult': 0.2425303993737856, 'g_stn_gpi_mult': 1.5354045659142115, 'g_gpe_gpi_mult': 0.612931332041105}. Best is trial 261 with value: 0.12582505476225536.
[I 2026-05-28 21:56:07,221] Trial 289 finished with value: 1.0329334675778168 and parameters: {'ISTN': 65.88754989790696, 'I_gpe': 1.1767786180023199, 'I_gpi': 2.548010788247902, 'noise_stn_sigma': 3.181984703556099, 'noise_gpe_sigma': 91.9493415438705, 'noise_gpi_sigma': 57.173367711898, 'g_stn_gpe_mult': 4.002775355358716, 'g_gpe_stn_mult': 0.1767769123363816, 'g_stn_gpi_mult': 1.8776117808088952, 'g_gpe_gpi_mult': 0.6765700154408869}. Best is trial 261 with value: 0.12582505476225536.
[I 2026-05-28 21:56:08,201] Trial 290 finished with value: 0.36265658389226285 and parameters: {'ISTN': 62.289349895174425, 'I_gpe': 1.4729558734969987, 'I_gpi': 2.3256264624286525, 'noise_stn_sigma': 3.44606771818289, 'noise_gpe_sigma': 94.5073272740318, 'noise_gpi_sigma': 66.99842400618155, 'g_stn_gpe_mult': 3.5333340504759994, 'g_gpe_stn_mult': 0.17900751001197251, 'g_stn_gpi_mult': 1.8128460525936059, 'g_gpe_gpi_mult': 0.6829161988048336}. Best is trial 261 with value: 0.12582505476225536.
[I 2026-05-28 21:56:09,180] Trial 291 finished with value: 0.6319460864430548 and parameters: {'ISTN': 63.832398155221284, 'I_gpe': 1.2657964752946025, 'I_gpi': 2.52365699057158, 'noise_stn_sigma': 3.825124928126698, 'noise_gpe_sigma': 94.05463727878255, 'noise_gpi_sigma': 70.68866623414637, 'g_stn_gpe_mult': 3.728718794211184, 'g_gpe_stn_mult': 0.17216120216924213, 'g_stn_gpi_mult': 1.5904717998642213, 'g_gpe_gpi_mult': 0.7068131597538645}. Best is trial 261 with value: 0.12582505476225536.
[I 2026-05-28 21:56:10,160] Trial 292 finished with value: 0.16436854998612388 and parameters: {'ISTN': 61.526143592393794, 'I_gpe': 1.5463152080468143, 'I_gpi': 2.430880248406017, 'noise_stn_sigma': 2.9174941218661488, 'noise_gpe_sigma': 95.41923843845102, 'noise_gpi_sigma': 59.24422591212305, 'g_stn_gpe_mult': 3.888125876322034, 'g_gpe_stn_mult': 0.136861229642584, 'g_stn_gpi_mult': 1.6704116861587044, 'g_gpe_gpi_mult': 0.6656708907150455}. Best is trial 261 with value: 0.12582505476225536.
[I 2026-05-28 21:56:11,137] Trial 293 finished with value: 0.1713966045143921 and parameters: {'ISTN': 61.670240084127634, 'I_gpe': 1.5260365671499747, 'I_gpi': 2.1594510788462573, 'noise_stn_sigma': 3.5703371736377583, 'noise_gpe_sigma': 100.75100021434363, 'noise_gpi_sigma': 74.44855970145315, 'g_stn_gpe_mult': 3.883100824366068, 'g_gpe_stn_mult': 0.16208408674761104, 'g_stn_gpi_mult': 1.5100318198550622, 'g_gpe_gpi_mult': 0.6795945878201897}. Best is trial 261 with value: 0.12582505476225536.
[I 2026-05-28 21:56:12,115] Trial 294 finished with value: 0.18847630441831634 and parameters: {'ISTN': 63.50701773927593, 'I_gpe': 1.347266956942645, 'I_gpi': 2.4338293373279347, 'noise_stn_sigma': 3.47673181230799, 'noise_gpe_sigma': 96.78116485362617, 'noise_gpi_sigma': 70.07500625593079, 'g_stn_gpe_mult': 3.8398935705274937, 'g_gpe_stn_mult': 0.20781499836351225, 'g_stn_gpi_mult': 1.5819380536093341, 'g_gpe_gpi_mult': 0.6528998281209601}. Best is trial 261 with value: 0.12582505476225536.
[I 2026-05-28 21:56:13,093] Trial 295 finished with value: 0.19550868100122937 and parameters: {'ISTN': 65.06640850990784, 'I_gpe': 1.1477984742745588, 'I_gpi': 2.257090436205524, 'noise_stn_sigma': 3.411064202647742, 'noise_gpe_sigma': 94.15695786709495, 'noise_gpi_sigma': 80.2201419858604, 'g_stn_gpe_mult': 3.494661229486468, 'g_gpe_stn_mult': 0.17211610286776532, 'g_stn_gpi_mult': 1.706789202441444, 'g_gpe_gpi_mult': 0.7131128649671961}. Best is trial 261 with value: 0.12582505476225536.
[I 2026-05-28 21:56:14,073] Trial 296 finished with value: 0.8166501598666496 and parameters: {'ISTN': 64.27370150440233, 'I_gpe': 1.2659477664959926, 'I_gpi': 2.1446288620265874, 'noise_stn_sigma': 3.1699774215376384, 'noise_gpe_sigma': 105.3514567707525, 'noise_gpi_sigma': 72.80656311479305, 'g_stn_gpe_mult': 3.681632009186948, 'g_gpe_stn_mult': 0.2060353868041177, 'g_stn_gpi_mult': 1.4571868677325885, 'g_gpe_gpi_mult': 0.5680764733266237}. Best is trial 261 with value: 0.12582505476225536.
[I 2026-05-28 21:56:15,054] Trial 297 finished with value: 0.27262024679943503 and parameters: {'ISTN': 62.50502210206638, 'I_gpe': 1.2642303466317455, 'I_gpi': 2.402212209205386, 'noise_stn_sigma': 3.142348354177589, 'noise_gpe_sigma': 97.64300633512431, 'noise_gpi_sigma': 60.931076263618266, 'g_stn_gpe_mult': 3.8070799438537937, 'g_gpe_stn_mult': 0.227425716930167, 'g_stn_gpi_mult': 1.5524126911114928, 'g_gpe_gpi_mult': 0.7170444610991691}. Best is trial 261 with value: 0.12582505476225536.
[I 2026-05-28 21:56:16,031] Trial 298 finished with value: 0.24377501041630556 and parameters: {'ISTN': 66.78875547442232, 'I_gpe': 1.405571887583177, 'I_gpi': 2.5626378094700133, 'noise_stn_sigma': 2.9458054006423513, 'noise_gpe_sigma': 85.5245924995879, 'noise_gpi_sigma': 72.31206970805185, 'g_stn_gpe_mult': 3.6292156674911644, 'g_gpe_stn_mult': 0.14047819227011518, 'g_stn_gpi_mult': 1.6540181702499357, 'g_gpe_gpi_mult': 0.6217347714441048}. Best is trial 261 with value: 0.12582505476225536.
[I 2026-05-28 21:56:17,010] Trial 299 finished with value: 0.1968561888563553 and parameters: {'ISTN': 64.66891532570536, 'I_gpe': 1.327915059230218, 'I_gpi': 2.2389373128796226, 'noise_stn_sigma': 3.48473540203912, 'noise_gpe_sigma': 90.9020300625021, 'noise_gpi_sigma': 71.87077216223922, 'g_stn_gpe_mult': 3.931619098145047, 'g_gpe_stn_mult': 0.18578244861272947, 'g_stn_gpi_mult': 1.42785373799012, 'g_gpe_gpi_mult': 0.7387515414748125}. Best is trial 261 with value: 0.12582505476225536.
[I 2026-05-28 21:56:17,987] Trial 300 finished with value: 0.3341111892236225 and parameters: {'ISTN': 64.25237730883224, 'I_gpe': 1.1793497043223666, 'I_gpi': 2.2210968466430105, 'noise_stn_sigma': 3.021873540826578, 'noise_gpe_sigma': 104.80102531018848, 'noise_gpi_sigma': 82.36459099454619, 'g_stn_gpe_mult': 3.696139326379578, 'g_gpe_stn_mult': 0.2314779187181507, 'g_stn_gpi_mult': 1.6570637432198587, 'g_gpe_gpi_mult': 0.6264962267593418}. Best is trial 261 with value: 0.12582505476225536.
[I 2026-05-28 21:56:18,964] Trial 301 finished with value: 0.2104152117543517 and parameters: {'ISTN': 61.955295923635276, 'I_gpe': 1.5998873108670293, 'I_gpi': 2.346471401482569, 'noise_stn_sigma': 2.7447541741816, 'noise_gpe_sigma': 98.56170851327737, 'noise_gpi_sigma': 54.81363317962834, 'g_stn_gpe_mult': 4.066906330661496, 'g_gpe_stn_mult': 0.186363729912911, 'g_stn_gpi_mult': 1.4580072423370263, 'g_gpe_gpi_mult': 0.6497595773202818}. Best is trial 261 with value: 0.12582505476225536.
[I 2026-05-28 21:56:19,942] Trial 302 finished with value: 1.7039913096700134 and parameters: {'ISTN': 66.03894245871449, 'I_gpe': 1.2895364656282962, 'I_gpi': 2.2068630662807425, 'noise_stn_sigma': 3.5062529368597657, 'noise_gpe_sigma': 92.72430162451359, 'noise_gpi_sigma': 75.93765373311444, 'g_stn_gpe_mult': 3.686277781983196, 'g_gpe_stn_mult': 0.1313951262198749, 'g_stn_gpi_mult': 1.7391787529401879, 'g_gpe_gpi_mult': 0.6848397786102631}. Best is trial 261 with value: 0.12582505476225536.
[I 2026-05-28 21:56:20,923] Trial 303 finished with value: 0.16234882264734876 and parameters: {'ISTN': 60.3877572202764, 'I_gpe': 1.501083197885418, 'I_gpi': 2.149684621380475, 'noise_stn_sigma': 3.4527869643151337, 'noise_gpe_sigma': 100.65657553010846, 'noise_gpi_sigma': 74.89033441156994, 'g_stn_gpe_mult': 4.050803096727993, 'g_gpe_stn_mult': 0.1982186575753889, 'g_stn_gpi_mult': 1.763666633001161, 'g_gpe_gpi_mult': 0.6773650114620031}. Best is trial 261 with value: 0.12582505476225536.
[I 2026-05-28 21:56:21,902] Trial 304 finished with value: 0.1510103398809565 and parameters: {'ISTN': 62.4799452519637, 'I_gpe': 1.406811535354582, 'I_gpi': 2.317988736393646, 'noise_stn_sigma': 3.48238527753773, 'noise_gpe_sigma': 107.32829499005688, 'noise_gpi_sigma': 81.0817135375364, 'g_stn_gpe_mult': 3.5525313054931473, 'g_gpe_stn_mult': 0.19576545317851557, 'g_stn_gpi_mult': 1.8331029696875412, 'g_gpe_gpi_mult': 0.6097445649448301}. Best is trial 261 with value: 0.12582505476225536.
[I 2026-05-28 21:56:22,878] Trial 305 finished with value: 0.24960040877862638 and parameters: {'ISTN': 64.26052434976573, 'I_gpe': 1.6897722199807583, 'I_gpi': 2.232169560806018, 'noise_stn_sigma': 2.7621198556404645, 'noise_gpe_sigma': 89.20042612160906, 'noise_gpi_sigma': 67.51993948203464, 'g_stn_gpe_mult': 4.0420038785136825, 'g_gpe_stn_mult': 0.1995398029451358, 'g_stn_gpi_mult': 1.673453266071617, 'g_gpe_gpi_mult': 0.7129667949908878}. Best is trial 261 with value: 0.12582505476225536.
[I 2026-05-28 21:56:23,859] Trial 306 finished with value: 0.2218654297899103 and parameters: {'ISTN': 63.937490527732095, 'I_gpe': 1.6301429533262084, 'I_gpi': 2.151762614773589, 'noise_stn_sigma': 3.1716679193653556, 'noise_gpe_sigma': 100.35835740605486, 'noise_gpi_sigma': 57.83345153817721, 'g_stn_gpe_mult': 3.830265331621521, 'g_gpe_stn_mult': 0.14711926787739227, 'g_stn_gpi_mult': 1.3481397110744684, 'g_gpe_gpi_mult': 0.6525235812616608}. Best is trial 261 with value: 0.12582505476225536.
[I 2026-05-28 21:56:24,838] Trial 307 finished with value: 0.19422054041511166 and parameters: {'ISTN': 61.88800798399985, 'I_gpe': 1.4625837736364393, 'I_gpi': 2.5908769676303085, 'noise_stn_sigma': 2.6475469506059293, 'noise_gpe_sigma': 94.13226114392198, 'noise_gpi_sigma': 63.37418618931917, 'g_stn_gpe_mult': 3.9743175090622476, 'g_gpe_stn_mult': 0.16054661562577183, 'g_stn_gpi_mult': 1.4531411853228886, 'g_gpe_gpi_mult': 0.7324428355450412}. Best is trial 261 with value: 0.12582505476225536.
