[I 2026-05-28 21:53:33,742] Trial 132 finished with value: 12.436221337935171 and parameters: {'ISTN': 71.84606066130036, 'I_gpe': 1.7641937085999222, 'I_gpi': 2.811628385835072, 'noise_stn_sigma': 2.8391210445296005, 'noise_gpe_sigma': 68.97296118362726, 'noise_gpi_sigma': 62.217356225606224, 'g_stn_gpe_mult': 4.0632538571397205, 'g_gpe_stn_mult': 0.2955388749142226, 'g_stn_gpi_mult': 1.5118853337239417, 'g_gpe_gpi_mult': 0.7326595160720355}. Best is trial 43 with value: 0.2901776284552785.
[I 2026-05-28 21:53:34,721] Trial 133 finished with value: 14.604266879595318 and parameters: {'ISTN': 80.48004956635985, 'I_gpe': 1.9866706938567154, 'I_gpi': 3.4098638907837913, 'noise_stn_sigma': 2.996728111738022, 'noise_gpe_sigma': 84.38155699452173, 'noise_gpi_sigma': 78.4502771872967, 'g_stn_gpe_mult': 3.694041747126888, 'g_gpe_stn_mult': 0.2349115156327273, 'g_stn_gpi_mult': 1.6109043034296857, 'g_gpe_gpi_mult': 0.8791839322662913}. Best is trial 43 with value: 0.2901776284552785.
[I 2026-05-28 21:53:35,700] Trial 134 finished with value: 8.177406265343786 and parameters: {'ISTN': 71.8691576069421, 'I_gpe': 1.300761905239734, 'I_gpi': 3.395454808791846, 'noise_stn_sigma': 3.404985603641611, 'noise_gpe_sigma': 81.35067820192941, 'noise_gpi_sigma': 70.29036961532286, 'g_stn_gpe_mult': 4.586743603253801, 'g_gpe_stn_mult': 0.2118891389188563, 'g_stn_gpi_mult': 1.93292655280575, 'g_gpe_gpi_mult': 0.6728569209703683}. Best is trial 43 with value: 0.2901776284552785.
[I 2026-05-28 21:53:36,679] Trial 135 finished with value: 3.0230871882407384 and parameters: {'ISTN': 68.78141928353813, 'I_gpe': 1.708760788739635, 'I_gpi': 2.9606778727249266, 'noise_stn_sigma': 2.5078556149147833, 'noise_gpe_sigma': 86.75614443331085, 'noise_gpi_sigma': 53.87157564965099, 'g_stn_gpe_mult': 3.8350843290368366, 'g_gpe_stn_mult': 0.28254572623936713, 'g_stn_gpi_mult': 1.625425668852368, 'g_gpe_gpi_mult': 0.8466535805684952}. Best is trial 43 with value: 0.2901776284552785.
[I 2026-05-28 21:53:37,658] Trial 136 finished with value: 8.66841235631416 and parameters: {'ISTN': 73.8192796234748, 'I_gpe': 1.4574878767829904, 'I_gpi': 3.114305019234285, 'noise_stn_sigma': 3.5405536475374833, 'noise_gpe_sigma': 83.09621387670244, 'noise_gpi_sigma': 55.6875639024209, 'g_stn_gpe_mult': 4.525782701204583, 'g_gpe_stn_mult': 0.25363134308080604, 'g_stn_gpi_mult': 1.511364336310442, 'g_gpe_gpi_mult': 0.7327942821041884}. Best is trial 43 with value: 0.2901776284552785.
[I 2026-05-28 21:53:38,637] Trial 137 finished with value: 5.408956070202767 and parameters: {'ISTN': 74.17794260799855, 'I_gpe': 1.803298026143622, 'I_gpi': 2.9261397399116866, 'noise_stn_sigma': 2.7701638184982187, 'noise_gpe_sigma': 87.18424561883528, 'noise_gpi_sigma': 84.05359831649683, 'g_stn_gpe_mult': 4.32439663840009, 'g_gpe_stn_mult': 0.27190930351428044, 'g_stn_gpi_mult': 1.6507667834984867, 'g_gpe_gpi_mult': 0.7159670885343279}. Best is trial 43 with value: 0.2901776284552785.
[I 2026-05-28 21:53:39,614] Trial 138 finished with value: 0.4648720997639155 and parameters: {'ISTN': 66.50398851397959, 'I_gpe': 2.0823041697320064, 'I_gpi': 2.5598035566234345, 'noise_stn_sigma': 1.0293430509326866, 'noise_gpe_sigma': 99.88568800620355, 'noise_gpi_sigma': 57.66268436876705, 'g_stn_gpe_mult': 4.28308926598941, 'g_gpe_stn_mult': 0.14740826590322123, 'g_stn_gpi_mult': 2.0953420210558624, 'g_gpe_gpi_mult': 0.5816666183102996}. Best is trial 43 with value: 0.2901776284552785.
[I 2026-05-28 21:53:40,591] Trial 139 finished with value: 4.980441795411879 and parameters: {'ISTN': 72.84588625508448, 'I_gpe': 1.4556583114392965, 'I_gpi': 3.165748463538065, 'noise_stn_sigma': 2.045617797653977, 'noise_gpe_sigma': 84.1394865676396, 'noise_gpi_sigma': 69.19002498530051, 'g_stn_gpe_mult': 4.021883573292152, 'g_gpe_stn_mult': 0.18897217471537492, 'g_stn_gpi_mult': 1.623660968882028, 'g_gpe_gpi_mult': 0.7432071124586215}. Best is trial 43 with value: 0.2901776284552785.
[I 2026-05-28 21:53:41,569] Trial 140 finished with value: 11.741494664219722 and parameters: {'ISTN': 76.20020405055634, 'I_gpe': 1.4111836286398443, 'I_gpi': 3.168324590409191, 'noise_stn_sigma': 2.310793014347799, 'noise_gpe_sigma': 69.72152377976428, 'noise_gpi_sigma': 84.74389091890271, 'g_stn_gpe_mult': 4.889282993733646, 'g_gpe_stn_mult': 0.2226369291582163, 'g_stn_gpi_mult': 2.295484884122198, 'g_gpe_gpi_mult': 0.6267282147061238}. Best is trial 43 with value: 0.2901776284552785.
[I 2026-05-28 21:53:42,550] Trial 141 finished with value: 0.2520061420965616 and parameters: {'ISTN': 65.19257723126844, 'I_gpe': 1.5902978237027872, 'I_gpi': 2.6599595618525953, 'noise_stn_sigma': 2.6854018564664273, 'noise_gpe_sigma': 82.13167705126907, 'noise_gpi_sigma': 65.54861128679735, 'g_stn_gpe_mult': 4.359746658656302, 'g_gpe_stn_mult': 0.12717333494881305, 'g_stn_gpi_mult': 1.8859404248791956, 'g_gpe_gpi_mult': 0.6437777862982264}. Best is trial 141 with value: 0.2520061420965616.
[I 2026-05-28 21:53:43,530] Trial 142 finished with value: 0.4255683404049486 and parameters: {'ISTN': 66.09448124124211, 'I_gpe': 1.6599619158853722, 'I_gpi': 2.928478315720552, 'noise_stn_sigma': 2.1993453398692733, 'noise_gpe_sigma': 72.27845926307482, 'noise_gpi_sigma': 58.259985557500364, 'g_stn_gpe_mult': 3.793985962553221, 'g_gpe_stn_mult': 0.1567355118202407, 'g_stn_gpi_mult': 2.0380674878135223, 'g_gpe_gpi_mult': 0.5957635097300594}. Best is trial 141 with value: 0.2520061420965616.
[I 2026-05-28 21:53:44,507] Trial 143 finished with value: 0.3772391362122281 and parameters: {'ISTN': 67.08386848134141, 'I_gpe': 1.6480140993044998, 'I_gpi': 2.9322413621041648, 'noise_stn_sigma': 2.235468643989287, 'noise_gpe_sigma': 70.07846620729741, 'noise_gpi_sigma': 69.31928505340466, 'g_stn_gpe_mult': 3.3834194565083466, 'g_gpe_stn_mult': 0.1188017203577941, 'g_stn_gpi_mult': 1.7631243309763704, 'g_gpe_gpi_mult': 0.7778869562170938}. Best is trial 141 with value: 0.2520061420965616.
[I 2026-05-28 21:53:45,486] Trial 144 finished with value: 0.2444255025367682 and parameters: {'ISTN': 61.2225670463205, 'I_gpe': 1.3119419884890307, 'I_gpi': 2.6663739796413224, 'noise_stn_sigma': 3.1488826773171787, 'noise_gpe_sigma': 108.58831118955925, 'noise_gpi_sigma': 47.19312263825074, 'g_stn_gpe_mult': 3.5523625867483135, 'g_gpe_stn_mult': 0.26004126355184276, 'g_stn_gpi_mult': 1.9750565909935216, 'g_gpe_gpi_mult': 0.615683044035904}. Best is trial 144 with value: 0.2444255025367682.
[I 2026-05-28 21:53:46,464] Trial 145 finished with value: 0.493984491290845 and parameters: {'ISTN': 65.37293047584556, 'I_gpe': 2.1480174706257404, 'I_gpi': 2.032775711488029, 'noise_stn_sigma': 1.695930646360224, 'noise_gpe_sigma': 79.75386240994564, 'noise_gpi_sigma': 45.5602602039023, 'g_stn_gpe_mult': 4.264688171993827, 'g_gpe_stn_mult': 0.22768787050391376, 'g_stn_gpi_mult': 1.5358197910555815, 'g_gpe_gpi_mult': 0.5397343681587654}. Best is trial 144 with value: 0.2444255025367682.
[I 2026-05-28 21:53:47,444] Trial 146 finished with value: 14.39739047454833 and parameters: {'ISTN': 79.189885530343, 'I_gpe': 1.833515280846691, 'I_gpi': 3.1551744172299876, 'noise_stn_sigma': 1.6146082669292747, 'noise_gpe_sigma': 92.67638351389193, 'noise_gpi_sigma': 56.62453854398227, 'g_stn_gpe_mult': 4.270097994259558, 'g_gpe_stn_mult': 0.2924003035298862, 'g_stn_gpi_mult': 1.6188548410761763, 'g_gpe_gpi_mult': 0.7828211370907014}. Best is trial 144 with value: 0.2444255025367682.
[I 2026-05-28 21:53:48,423] Trial 147 finished with value: 0.8313216494791029 and parameters: {'ISTN': 66.70582231038867, 'I_gpe': 1.8212909631626406, 'I_gpi': 2.6656444703212, 'noise_stn_sigma': 1.9224301114597537, 'noise_gpe_sigma': 70.00310244868183, 'noise_gpi_sigma': 59.09440204518437, 'g_stn_gpe_mult': 4.170400641221318, 'g_gpe_stn_mult': 0.2647155263619661, 'g_stn_gpi_mult': 1.611351956154702, 'g_gpe_gpi_mult': 0.5179283969188173}. Best is trial 144 with value: 0.2444255025367682.
[I 2026-05-28 21:53:49,402] Trial 148 finished with value: 0.3974587008006188 and parameters: {'ISTN': 60.69266563520075, 'I_gpe': 1.4071618262906969, 'I_gpi': 3.105668876361872, 'noise_stn_sigma': 1.2559204014907759, 'noise_gpe_sigma': 95.98287326163195, 'noise_gpi_sigma': 54.22234716848604, 'g_stn_gpe_mult': 3.8088633983162996, 'g_gpe_stn_mult': 0.26791089772158655, 'g_stn_gpi_mult': 1.2597222571579885, 'g_gpe_gpi_mult': 0.653840632082837}. Best is trial 144 with value: 0.2444255025367682.
[I 2026-05-28 21:53:50,380] Trial 149 finished with value: 6.4606141478861305 and parameters: {'ISTN': 64.74344963024272, 'I_gpe': 1.6595531044247134, 'I_gpi': 2.8412456805809585, 'noise_stn_sigma': 2.180590793763038, 'noise_gpe_sigma': 103.39585407097066, 'noise_gpi_sigma': 52.519595126888746, 'g_stn_gpe_mult': 2.7179964224898274, 'g_gpe_stn_mult': 0.3230194089377615, 'g_stn_gpi_mult': 1.5294146854417754, 'g_gpe_gpi_mult': 0.7124907779863459}. Best is trial 144 with value: 0.2444255025367682.
[I 2026-05-28 21:53:51,359] Trial 150 finished with value: 4.056779840147246 and parameters: {'ISTN': 60.19810479741976, 'I_gpe': 2.1751094118381715, 'I_gpi': 3.3095874803256353, 'noise_stn_sigma': 2.479658634407711, 'noise_gpe_sigma': 104.87388526699708, 'noise_gpi_sigma': 52.09675242437079, 'g_stn_gpe_mult': 3.7154538349721493, 'g_gpe_stn_mult': 0.3189791839879143, 'g_stn_gpi_mult': 2.080657913175486, 'g_gpe_gpi_mult': 0.716234687435181}. Best is trial 144 with value: 0.2444255025367682.
[I 2026-05-28 21:53:52,339] Trial 151 finished with value: 4.304791058321875 and parameters: {'ISTN': 64.96932050912349, 'I_gpe': 1.2139089522217819, 'I_gpi': 2.883981617664105, 'noise_stn_sigma': 3.1303159880214757, 'noise_gpe_sigma': 79.8565220690912, 'noise_gpi_sigma': 62.403058953259944, 'g_stn_gpe_mult': 3.44345908331592, 'g_gpe_stn_mult': 0.26019545727656185, 'g_stn_gpi_mult': 2.4254667093041657, 'g_gpe_gpi_mult': 0.7704361304951577}. Best is trial 144 with value: 0.2444255025367682.
[I 2026-05-28 21:53:53,314] Trial 152 finished with value: 1.898008112946937 and parameters: {'ISTN': 70.08650231430836, 'I_gpe': 1.7852035883352115, 'I_gpi': 2.419848156253077, 'noise_stn_sigma': 2.830989231840848, 'noise_gpe_sigma': 94.21553708984587, 'noise_gpi_sigma': 59.28603358042932, 'g_stn_gpe_mult': 4.220624506777537, 'g_gpe_stn_mult': 0.2079040483858815, 'g_stn_gpi_mult': 1.5983365764869364, 'g_gpe_gpi_mult': 0.4292651882024143}. Best is trial 144 with value: 0.2444255025367682.
[I 2026-05-28 21:53:54,294] Trial 153 finished with value: 9.845959209138583 and parameters: {'ISTN': 73.49402560896321, 'I_gpe': 1.1458801363487896, 'I_gpi': 2.807761560108013, 'noise_stn_sigma': 2.3513644593836283, 'noise_gpe_sigma': 94.70054340398035, 'noise_gpi_sigma': 48.853843117190834, 'g_stn_gpe_mult': 3.678263232869339, 'g_gpe_stn_mult': 0.2230199778831204, 'g_stn_gpi_mult': 2.3861607390808572, 'g_gpe_gpi_mult': 0.7212415538923598}. Best is trial 144 with value: 0.2444255025367682.
[I 2026-05-28 21:53:55,272] Trial 154 finished with value: 5.442594468515359 and parameters: {'ISTN': 70.04146346256144, 'I_gpe': 1.6152906413334882, 'I_gpi': 2.4738219598468354, 'noise_stn_sigma': 3.036915530538873, 'noise_gpe_sigma': 87.0736498988704, 'noise_gpi_sigma': 50.304843502194146, 'g_stn_gpe_mult': 3.664651323263758, 'g_gpe_stn_mult': 0.15187091396352173, 'g_stn_gpi_mult': 2.2589983144113672, 'g_gpe_gpi_mult': 0.8023938457035911}. Best is trial 144 with value: 0.2444255025367682.
[I 2026-05-28 21:53:56,249] Trial 155 finished with value: 4.793321192243362 and parameters: {'ISTN': 63.21448577697559, 'I_gpe': 1.0764278794864457, 'I_gpi': 3.133860397546569, 'noise_stn_sigma': 2.5386616987435264, 'noise_gpe_sigma': 90.10236085663993, 'noise_gpi_sigma': 49.40891392437372, 'g_stn_gpe_mult': 3.40510046844357, 'g_gpe_stn_mult': 0.28275049361946514, 'g_stn_gpi_mult': 2.1211135716764375, 'g_gpe_gpi_mult': 0.6549651184740948}. Best is trial 144 with value: 0.2444255025367682.
[I 2026-05-28 21:53:57,229] Trial 156 finished with value: 11.165355243909453 and parameters: {'ISTN': 79.309135936817, 'I_gpe': 1.1900724281421478, 'I_gpi': 2.494232244830287, 'noise_stn_sigma': 2.525122860807377, 'noise_gpe_sigma': 106.622202372786, 'noise_gpi_sigma': 73.91252462229123, 'g_stn_gpe_mult': 3.759846193627557, 'g_gpe_stn_mult': 0.1299839992241238, 'g_stn_gpi_mult': 1.6889235901011894, 'g_gpe_gpi_mult': 0.5482247676144876}. Best is trial 144 with value: 0.2444255025367682.
[I 2026-05-28 21:53:58,207] Trial 157 finished with value: 8.090574483145918 and parameters: {'ISTN': 76.4798258960735, 'I_gpe': 1.6573175323649967, 'I_gpi': 3.0016654115343364, 'noise_stn_sigma': 3.1577079506927626, 'noise_gpe_sigma': 82.07884324911822, 'noise_gpi_sigma': 51.902857245273566, 'g_stn_gpe_mult': 3.561209049103803, 'g_gpe_stn_mult': 0.24609746202333863, 'g_stn_gpi_mult': 1.844907307374473, 'g_gpe_gpi_mult': 0.6634274781546713}. Best is trial 144 with value: 0.2444255025367682.
[I 2026-05-28 21:53:59,187] Trial 158 finished with value: 15.336987690395294 and parameters: {'ISTN': 81.29238007962977, 'I_gpe': 2.128439349188441, 'I_gpi': 3.207196724000465, 'noise_stn_sigma': 3.5409290322650384, 'noise_gpe_sigma': 110.32883060027454, 'noise_gpi_sigma': 74.38972097899074, 'g_stn_gpe_mult': 4.044422662667923, 'g_gpe_stn_mult': 0.26434748238912376, 'g_stn_gpi_mult': 1.9230229000246069, 'g_gpe_gpi_mult': 0.6341274333999667}. Best is trial 144 with value: 0.2444255025367682.
[I 2026-05-28 21:54:00,166] Trial 159 finished with value: 0.6872266829339853 and parameters: {'ISTN': 66.52341839710078, 'I_gpe': 1.3292678195690004, 'I_gpi': 2.299594466692043, 'noise_stn_sigma': 3.748052222060446, 'noise_gpe_sigma': 66.72861792305875, 'noise_gpi_sigma': 66.52770537122169, 'g_stn_gpe_mult': 3.606364103863711, 'g_gpe_stn_mult': 0.2200772503223009, 'g_stn_gpi_mult': 1.7132010074893547, 'g_gpe_gpi_mult': 0.5988310969649672}. Best is trial 144 with value: 0.2444255025367682.
[I 2026-05-28 21:54:01,145] Trial 160 finished with value: 0.2925172537539765 and parameters: {'ISTN': 62.30676071141038, 'I_gpe': 1.9643407511453381, 'I_gpi': 2.535210453735284, 'noise_stn_sigma': 2.3557672080181704, 'noise_gpe_sigma': 85.22073719057646, 'noise_gpi_sigma': 73.95979665058394, 'g_stn_gpe_mult': 4.17833607773982, 'g_gpe_stn_mult': 0.12174770760601965, 'g_stn_gpi_mult': 1.6111114315923443, 'g_gpe_gpi_mult': 0.7044749523311948}. Best is trial 144 with value: 0.2444255025367682.
[I 2026-05-28 21:54:02,125] Trial 161 finished with value: 4.789092039862865 and parameters: {'ISTN': 67.02170933553494, 'I_gpe': 1.8881006315232876, 'I_gpi': 2.8338683537923055, 'noise_stn_sigma': 3.0599742740143863, 'noise_gpe_sigma': 57.30642385094186, 'noise_gpi_sigma': 63.33138238301294, 'g_stn_gpe_mult': 4.107215900972772, 'g_gpe_stn_mult': 0.12426015835992099, 'g_stn_gpi_mult': 1.52506789783422, 'g_gpe_gpi_mult': 0.4999646296947338}. Best is trial 144 with value: 0.2444255025367682.
[I 2026-05-28 21:54:03,104] Trial 162 finished with value: 1.5598527576864618 and parameters: {'ISTN': 63.55224587369457, 'I_gpe': 1.787425609409989, 'I_gpi': 2.135669651605915, 'noise_stn_sigma': 2.8789622224763893, 'noise_gpe_sigma': 81.54057590434533, 'noise_gpi_sigma': 45.125776968114934, 'g_stn_gpe_mult': 4.086237712742148, 'g_gpe_stn_mult': 0.211859724745657, 'g_stn_gpi_mult': 1.8399285789878594, 'g_gpe_gpi_mult': 0.45237253785323767}. Best is trial 144 with value: 0.2444255025367682.
[I 2026-05-28 21:54:04,081] Trial 163 finished with value: 0.23572554322688274 and parameters: {'ISTN': 67.88751981962909, 'I_gpe': 1.6589148044196262, 'I_gpi': 2.435637176189723, 'noise_stn_sigma': 1.960211826347726, 'noise_gpe_sigma': 83.60146445763482, 'noise_gpi_sigma': 71.66976761172731, 'g_stn_gpe_mult': 4.054989565616939, 'g_gpe_stn_mult': 0.20432921862603196, 'g_stn_gpi_mult': 1.579367910980598, 'g_gpe_gpi_mult': 0.62292041970977}. Best is trial 163 with value: 0.23572554322688274.
[I 2026-05-28 21:54:05,059] Trial 164 finished with value: 0.30384070708997385 and parameters: {'ISTN': 61.893887958441745, 'I_gpe': 1.9486603596736485, 'I_gpi': 2.47945693441548, 'noise_stn_sigma': 3.1807312423712175, 'noise_gpe_sigma': 94.99956229311555, 'noise_gpi_sigma': 66.87933921243888, 'g_stn_gpe_mult': 3.675739763813012, 'g_gpe_stn_mult': 0.2138999960189611, 'g_stn_gpi_mult': 1.8085664779734567, 'g_gpe_gpi_mult': 0.5540554660901115}. Best is trial 163 with value: 0.23572554322688274.
[I 2026-05-28 21:54:06,037] Trial 165 finished with value: 0.6466955018195821 and parameters: {'ISTN': 66.75084922092668, 'I_gpe': 1.4805408639760949, 'I_gpi': 2.7619483757910954, 'noise_stn_sigma': 2.0929200498600817, 'noise_gpe_sigma': 98.52199364518269, 'noise_gpi_sigma': 51.528072424513425, 'g_stn_gpe_mult': 3.9777218817092126, 'g_gpe_stn_mult': 0.26705828762232287, 'g_stn_gpi_mult': 1.7106616403706796, 'g_gpe_gpi_mult': 0.5526164225308354}. Best is trial 163 with value: 0.23572554322688274.
[I 2026-05-28 21:54:07,014] Trial 166 finished with value: 10.274990339923908 and parameters: {'ISTN': 72.15023104877193, 'I_gpe': 1.706296341187944, 'I_gpi': 2.9070354502266227, 'noise_stn_sigma': 2.944733578207746, 'noise_gpe_sigma': 68.8508698526444, 'noise_gpi_sigma': 69.97016660161376, 'g_stn_gpe_mult': 4.387316980439136, 'g_gpe_stn_mult': 0.20723737188097788, 'g_stn_gpi_mult': 2.3779383518700867, 'g_gpe_gpi_mult': 0.6044829766766069}. Best is trial 163 with value: 0.23572554322688274.
[I 2026-05-28 21:54:07,991] Trial 167 finished with value: 0.7820010179357095 and parameters: {'ISTN': 60.839624213840935, 'I_gpe': 1.8735599205724593, 'I_gpi': 2.048346295313194, 'noise_stn_sigma': 3.2204414307712765, 'noise_gpe_sigma': 75.38681287276717, 'noise_gpi_sigma': 67.8469365489756, 'g_stn_gpe_mult': 3.695507683440481, 'g_gpe_stn_mult': 0.15415894394596807, 'g_stn_gpi_mult': 1.5495386787644692, 'g_gpe_gpi_mult': 0.5099104438387676}. Best is trial 163 with value: 0.23572554322688274.
[I 2026-05-28 21:54:08,969] Trial 168 finished with value: 2.1513335802633113 and parameters: {'ISTN': 67.96761437271192, 'I_gpe': 1.6650341358752323, 'I_gpi': 1.965084245275148, 'noise_stn_sigma': 2.759378401610308, 'noise_gpe_sigma': 79.59957663039623, 'noise_gpi_sigma': 66.91636431572908, 'g_stn_gpe_mult': 4.320851900400181, 'g_gpe_stn_mult': 0.28218519467489545, 'g_stn_gpi_mult': 2.725319935372069, 'g_gpe_gpi_mult': 0.5630257105694307}. Best is trial 163 with value: 0.23572554322688274.
[I 2026-05-28 21:54:09,949] Trial 169 finished with value: 0.6266013852806931 and parameters: {'ISTN': 68.18169606036935, 'I_gpe': 1.5827906333120727, 'I_gpi': 2.3238813703056906, 'noise_stn_sigma': 2.488277459554399, 'noise_gpe_sigma': 80.90972691836387, 'noise_gpi_sigma': 85.59329470575517, 'g_stn_gpe_mult': 4.914347024838591, 'g_gpe_stn_mult': 0.28543787162365053, 'g_stn_gpi_mult': 1.493651567199481, 'g_gpe_gpi_mult': 0.6122119170267848}. Best is trial 163 with value: 0.23572554322688274.
[I 2026-05-28 21:54:10,928] Trial 170 finished with value: 0.17199953844896734 and parameters: {'ISTN': 62.81482974403394, 'I_gpe': 1.4564585991105883, 'I_gpi': 2.4823912300832602, 'noise_stn_sigma': 3.9656422244794145, 'noise_gpe_sigma': 83.509560794368, 'noise_gpi_sigma': 73.69672680711713, 'g_stn_gpe_mult': 3.3471141042599597, 'g_gpe_stn_mult': 0.143384992972616, 'g_stn_gpi_mult': 1.1156354651740266, 'g_gpe_gpi_mult': 0.5003504565816457}. Best is trial 170 with value: 0.17199953844896734.
[I 2026-05-28 21:54:11,909] Trial 171 finished with value: 8.48457692204609 and parameters: {'ISTN': 69.09536177186638, 'I_gpe': 2.0196904332677574, 'I_gpi': 2.852277529360775, 'noise_stn_sigma': 3.7212542419451484, 'noise_gpe_sigma': 83.97635536454598, 'noise_gpi_sigma': 65.09115879505406, 'g_stn_gpe_mult': 3.9729051041259904, 'g_gpe_stn_mult': 0.17172213567836403, 'g_stn_gpi_mult': 1.4604119057876332, 'g_gpe_gpi_mult': 0.5261608147422094}. Best is trial 170 with value: 0.17199953844896734.
[I 2026-05-28 21:54:12,888] Trial 172 finished with value: 1.6797594285255903 and parameters: {'ISTN': 67.80435278009223, 'I_gpe': 1.5379330779841744, 'I_gpi': 1.8137841662253193, 'noise_stn_sigma': 3.2630372556547567, 'noise_gpe_sigma': 103.68402826239227, 'noise_gpi_sigma': 55.798693600503576, 'g_stn_gpe_mult': 3.898048028462421, 'g_gpe_stn_mult': 0.1698043829258661, 'g_stn_gpi_mult': 1.4851106542370502, 'g_gpe_gpi_mult': 0.5110611221618008}. Best is trial 170 with value: 0.17199953844896734.
[I 2026-05-28 21:54:13,868] Trial 173 finished with value: 7.732406003974055 and parameters: {'ISTN': 65.73036462386452, 'I_gpe': 2.0120681058894347, 'I_gpi': 2.930846415430063, 'noise_stn_sigma': 2.9954285490272357, 'noise_gpe_sigma': 76.66575483172524, 'noise_gpi_sigma': 99.10896357147321, 'g_stn_gpe_mult': 3.7317952473823257, 'g_gpe_stn_mult': 0.21903822689201968, 'g_stn_gpi_mult': 1.719425817029685, 'g_gpe_gpi_mult': 0.5936559946595863}. Best is trial 170 with value: 0.17199953844896734.
[I 2026-05-28 21:54:14,850] Trial 174 finished with value: 0.1881162314373682 and parameters: {'ISTN': 61.552764205818576, 'I_gpe': 1.4166291454713433, 'I_gpi': 2.137477029664507, 'noise_stn_sigma': 3.7607085973579766, 'noise_gpe_sigma': 79.0082530498677, 'noise_gpi_sigma': 56.50926325147754, 'g_stn_gpe_mult': 3.9258586016962616, 'g_gpe_stn_mult': 0.2314597316634606, 'g_stn_gpi_mult': 1.9395750969286616, 'g_gpe_gpi_mult': 0.5317433201478614}. Best is trial 170 with value: 0.17199953844896734.
[I 2026-05-28 21:54:15,769] Trial 175 finished with value: 1000000.0 and parameters: {'ISTN': 72.25910654278312, 'I_gpe': 1.6852510448220746, 'I_gpi': 2.7502851391714134, 'noise_stn_sigma': 3.3971891674691213, 'noise_gpe_sigma': 78.52337337700394, 'noise_gpi_sigma': 59.15080972790494, 'g_stn_gpe_mult': 3.963636949130513, 'g_gpe_stn_mult': 0.2552661346712355, 'g_stn_gpi_mult': 1.699782115542969, 'g_gpe_gpi_mult': 0.3532385084284849}. Best is trial 170 with value: 0.17199953844896734.
