[I 2026-05-28 22:05:45,380] Trial 880 finished with value: 0.11286782937514318 and parameters: {'ISTN': 60.9734708788963, 'I_gpe': 1.3151346249551583, 'I_gpi': 2.37081286518329, 'noise_stn_sigma': 3.8593037458307284, 'noise_gpe_sigma': 123.11468770722854, 'noise_gpi_sigma': 88.32155986806491, 'g_stn_gpe_mult': 3.4727775261093887, 'g_gpe_stn_mult': 0.1190469394734291, 'g_stn_gpi_mult': 1.745299737125552, 'g_gpe_gpi_mult': 0.7330471834977506}. Best is trial 875 with value: 0.10803973531654054.
[I 2026-05-28 22:05:46,360] Trial 881 finished with value: 0.11198233529958637 and parameters: {'ISTN': 60.72096493647186, 'I_gpe': 1.3423618426333246, 'I_gpi': 2.348542075576982, 'noise_stn_sigma': 3.8783044088993845, 'noise_gpe_sigma': 119.018836524861, 'noise_gpi_sigma': 83.20619755824782, 'g_stn_gpe_mult': 3.574134873551794, 'g_gpe_stn_mult': 0.11747488402215094, 'g_stn_gpi_mult': 1.7076124939070254, 'g_gpe_gpi_mult': 0.7437300189802172}. Best is trial 875 with value: 0.10803973531654054.
[I 2026-05-28 22:05:47,341] Trial 882 finished with value: 0.1095785585482916 and parameters: {'ISTN': 60.22906035058477, 'I_gpe': 1.3248328026712743, 'I_gpi': 2.3518316122544887, 'noise_stn_sigma': 3.895192464293167, 'noise_gpe_sigma': 121.05008014606679, 'noise_gpi_sigma': 85.79788565507751, 'g_stn_gpe_mult': 3.469410020485047, 'g_gpe_stn_mult': 0.12932902444015854, 'g_stn_gpi_mult': 1.726229298306126, 'g_gpe_gpi_mult': 0.7472069824577148}. Best is trial 875 with value: 0.10803973531654054.
[I 2026-05-28 22:05:48,321] Trial 883 finished with value: 0.11834973151303822 and parameters: {'ISTN': 60.32351680549991, 'I_gpe': 1.3606811851473244, 'I_gpi': 2.307219813213944, 'noise_stn_sigma': 3.781266143312512, 'noise_gpe_sigma': 120.34931787466564, 'noise_gpi_sigma': 86.1233644600003, 'g_stn_gpe_mult': 3.4662161089966643, 'g_gpe_stn_mult': 0.12902687450605135, 'g_stn_gpi_mult': 1.739678634788746, 'g_gpe_gpi_mult': 0.7291702212557039}. Best is trial 875 with value: 0.10803973531654054.
[I 2026-05-28 22:05:49,301] Trial 884 finished with value: 0.11038879743207747 and parameters: {'ISTN': 60.099311083347914, 'I_gpe': 1.3311912290568149, 'I_gpi': 2.317923927143273, 'noise_stn_sigma': 3.7835591981501193, 'noise_gpe_sigma': 121.05718907564193, 'noise_gpi_sigma': 84.98618893252984, 'g_stn_gpe_mult': 3.4789502147757485, 'g_gpe_stn_mult': 0.13227319880297203, 'g_stn_gpi_mult': 1.7295409784964206, 'g_gpe_gpi_mult': 0.7346765367396249}. Best is trial 875 with value: 0.10803973531654054.
[I 2026-05-28 22:05:50,279] Trial 885 finished with value: 0.11298077156375927 and parameters: {'ISTN': 60.39661531397628, 'I_gpe': 1.341894585971278, 'I_gpi': 2.338952686351539, 'noise_stn_sigma': 3.8089247348934254, 'noise_gpe_sigma': 120.63509439953759, 'noise_gpi_sigma': 86.51430127117116, 'g_stn_gpe_mult': 3.5128994231726347, 'g_gpe_stn_mult': 0.13260004795692695, 'g_stn_gpi_mult': 1.7363285981477565, 'g_gpe_gpi_mult': 0.7288561829818054}. Best is trial 875 with value: 0.10803973531654054.
[I 2026-05-28 22:05:51,260] Trial 886 finished with value: 0.3930603972210331 and parameters: {'ISTN': 60.41254002089989, 'I_gpe': 1.328480457986084, 'I_gpi': 2.361586114741981, 'noise_stn_sigma': 3.7646647687243537, 'noise_gpe_sigma': 121.56965188269491, 'noise_gpi_sigma': 85.76041769238016, 'g_stn_gpe_mult': 3.463482733777467, 'g_gpe_stn_mult': 0.11947845693249573, 'g_stn_gpi_mult': 1.743464704363633, 'g_gpe_gpi_mult': 0.7381042805101272}. Best is trial 875 with value: 0.10803973531654054.
[I 2026-05-28 22:05:52,238] Trial 887 finished with value: 0.11522413910038663 and parameters: {'ISTN': 60.41159482683145, 'I_gpe': 1.3382460669744258, 'I_gpi': 2.3506378919933653, 'noise_stn_sigma': 3.853721995101489, 'noise_gpe_sigma': 123.00759164326826, 'noise_gpi_sigma': 84.0205548474404, 'g_stn_gpe_mult': 3.4615097851915206, 'g_gpe_stn_mult': 0.1258335116554297, 'g_stn_gpi_mult': 1.7216555787094219, 'g_gpe_gpi_mult': 0.7298683955603589}. Best is trial 875 with value: 0.10803973531654054.
[I 2026-05-28 22:05:53,219] Trial 888 finished with value: 0.39588466578800097 and parameters: {'ISTN': 60.60304084359088, 'I_gpe': 1.3189199554260058, 'I_gpi': 2.3056137699012145, 'noise_stn_sigma': 3.835051468112278, 'noise_gpe_sigma': 121.30316207846998, 'noise_gpi_sigma': 84.7550958858334, 'g_stn_gpe_mult': 3.3944009103571715, 'g_gpe_stn_mult': 0.12122069524301239, 'g_stn_gpi_mult': 1.7324764513927273, 'g_gpe_gpi_mult': 0.7224253113909653}. Best is trial 875 with value: 0.10803973531654054.
[I 2026-05-28 22:05:54,200] Trial 889 finished with value: 0.11074212022881384 and parameters: {'ISTN': 60.18198813881381, 'I_gpe': 1.3395985510427992, 'I_gpi': 2.368289097794078, 'noise_stn_sigma': 3.7970374853146396, 'noise_gpe_sigma': 121.32181846562105, 'noise_gpi_sigma': 85.4528973880893, 'g_stn_gpe_mult': 3.484551571299286, 'g_gpe_stn_mult': 0.1285273048634494, 'g_stn_gpi_mult': 1.7211031172422677, 'g_gpe_gpi_mult': 0.7298785139289576}. Best is trial 875 with value: 0.10803973531654054.
[I 2026-05-28 22:05:55,180] Trial 890 finished with value: 0.11098830724597586 and parameters: {'ISTN': 60.577405684754645, 'I_gpe': 1.3469644406919938, 'I_gpi': 2.360881270934466, 'noise_stn_sigma': 3.766940632601229, 'noise_gpe_sigma': 120.74285550934414, 'noise_gpi_sigma': 85.35247814411353, 'g_stn_gpe_mult': 3.4999459840769367, 'g_gpe_stn_mult': 0.12309590654079165, 'g_stn_gpi_mult': 1.7289537764055205, 'g_gpe_gpi_mult': 0.7354894469092905}. Best is trial 875 with value: 0.10803973531654054.
[I 2026-05-28 22:05:56,160] Trial 891 finished with value: 0.4564551965012323 and parameters: {'ISTN': 60.24969298080694, 'I_gpe': 1.3410101073879328, 'I_gpi': 2.375129898629961, 'noise_stn_sigma': 3.8349692051903252, 'noise_gpe_sigma': 122.39494446196154, 'noise_gpi_sigma': 87.13742099583973, 'g_stn_gpe_mult': 3.4506569868504493, 'g_gpe_stn_mult': 0.12814237613731425, 'g_stn_gpi_mult': 1.7292130161398154, 'g_gpe_gpi_mult': 0.7299435401119774}. Best is trial 875 with value: 0.10803973531654054.
[I 2026-05-28 22:05:57,139] Trial 892 finished with value: 0.10959391753373093 and parameters: {'ISTN': 60.71503196172543, 'I_gpe': 1.3084113345759387, 'I_gpi': 2.3329688445011936, 'noise_stn_sigma': 3.829656465835287, 'noise_gpe_sigma': 119.27907334274101, 'noise_gpi_sigma': 84.14024694034596, 'g_stn_gpe_mult': 3.503075792718427, 'g_gpe_stn_mult': 0.11990761409381948, 'g_stn_gpi_mult': 1.734701596664809, 'g_gpe_gpi_mult': 0.7387179045055601}. Best is trial 875 with value: 0.10803973531654054.
[I 2026-05-28 22:05:58,118] Trial 893 finished with value: 0.11038604072023088 and parameters: {'ISTN': 60.17186224220103, 'I_gpe': 1.3531500715380453, 'I_gpi': 2.346612064835116, 'noise_stn_sigma': 3.85981361742506, 'noise_gpe_sigma': 121.99099087694641, 'noise_gpi_sigma': 86.2749300554152, 'g_stn_gpe_mult': 3.4305879651068043, 'g_gpe_stn_mult': 0.12434997320448213, 'g_stn_gpi_mult': 1.7151954564548433, 'g_gpe_gpi_mult': 0.7412659545333569}. Best is trial 875 with value: 0.10803973531654054.
[I 2026-05-28 22:05:59,098] Trial 894 finished with value: 0.11106628719148309 and parameters: {'ISTN': 60.58369011637431, 'I_gpe': 1.329132658304962, 'I_gpi': 2.360312803752125, 'noise_stn_sigma': 3.834333818383519, 'noise_gpe_sigma': 120.68372301675127, 'noise_gpi_sigma': 85.70385074783577, 'g_stn_gpe_mult': 3.4293424238121397, 'g_gpe_stn_mult': 0.1275078469182399, 'g_stn_gpi_mult': 1.7397201397059232, 'g_gpe_gpi_mult': 0.7284335298186788}. Best is trial 875 with value: 0.10803973531654054.
[I 2026-05-28 22:06:00,077] Trial 895 finished with value: 0.2316580496687865 and parameters: {'ISTN': 60.20425725307626, 'I_gpe': 1.3114140716022038, 'I_gpi': 2.3716853041208976, 'noise_stn_sigma': 3.834941602065216, 'noise_gpe_sigma': 118.89221868744845, 'noise_gpi_sigma': 85.96556599145799, 'g_stn_gpe_mult': 3.535359021945374, 'g_gpe_stn_mult': 0.12989836886389433, 'g_stn_gpi_mult': 1.7688332590019076, 'g_gpe_gpi_mult': 0.7353051966988737}. Best is trial 875 with value: 0.10803973531654054.
[I 2026-05-28 22:06:01,055] Trial 896 finished with value: 0.2492212167865605 and parameters: {'ISTN': 60.02069793920919, 'I_gpe': 1.3135454203722905, 'I_gpi': 2.3247305676415775, 'noise_stn_sigma': 3.868988259374821, 'noise_gpe_sigma': 119.26148189336793, 'noise_gpi_sigma': 84.7924508746764, 'g_stn_gpe_mult': 3.5274124221792857, 'g_gpe_stn_mult': 0.1300421402867154, 'g_stn_gpi_mult': 1.7374163438299592, 'g_gpe_gpi_mult': 0.7318826971970689}. Best is trial 875 with value: 0.10803973531654054.
[I 2026-05-28 22:06:02,033] Trial 897 finished with value: 0.11108923782412373 and parameters: {'ISTN': 60.14823448892291, 'I_gpe': 1.33069019197081, 'I_gpi': 2.382408749853264, 'noise_stn_sigma': 3.752206894038462, 'noise_gpe_sigma': 120.42587490349386, 'noise_gpi_sigma': 85.65346921101614, 'g_stn_gpe_mult': 3.460188856152735, 'g_gpe_stn_mult': 0.13531250341623816, 'g_stn_gpi_mult': 1.714166750639353, 'g_gpe_gpi_mult': 0.7277396617614043}. Best is trial 875 with value: 0.10803973531654054.
[I 2026-05-28 22:06:03,014] Trial 898 finished with value: 0.11079682231026303 and parameters: {'ISTN': 60.479011785779655, 'I_gpe': 1.3440826339047809, 'I_gpi': 2.342942427721612, 'noise_stn_sigma': 3.8431428333496793, 'noise_gpe_sigma': 120.70955659792884, 'noise_gpi_sigma': 85.82518316224919, 'g_stn_gpe_mult': 3.509679040153374, 'g_gpe_stn_mult': 0.12400106621735726, 'g_stn_gpi_mult': 1.7139164238895057, 'g_gpe_gpi_mult': 0.7329061328257187}. Best is trial 875 with value: 0.10803973531654054.
[I 2026-05-28 22:06:03,991] Trial 899 finished with value: 0.11011315610640142 and parameters: {'ISTN': 60.258234877173805, 'I_gpe': 1.334052880754026, 'I_gpi': 2.3441397985166557, 'noise_stn_sigma': 3.8119276165770075, 'noise_gpe_sigma': 120.27878792483364, 'noise_gpi_sigma': 87.99446238014033, 'g_stn_gpe_mult': 3.534855079097755, 'g_gpe_stn_mult': 0.13028678683578457, 'g_stn_gpi_mult': 1.758404388238672, 'g_gpe_gpi_mult': 0.7416524799801953}. Best is trial 875 with value: 0.10803973531654054.
[I 2026-05-28 22:06:04,970] Trial 900 finished with value: 0.10888840909764276 and parameters: {'ISTN': 60.1011113031506, 'I_gpe': 1.3245744050774881, 'I_gpi': 2.3431491884305498, 'noise_stn_sigma': 3.893757927276168, 'noise_gpe_sigma': 118.3902640054169, 'noise_gpi_sigma': 84.70703201413383, 'g_stn_gpe_mult': 3.5252015333246804, 'g_gpe_stn_mult': 0.13685180160025331, 'g_stn_gpi_mult': 1.7181334425918497, 'g_gpe_gpi_mult': 0.7386732778256269}. Best is trial 875 with value: 0.10803973531654054.
[I 2026-05-28 22:06:05,950] Trial 901 finished with value: 0.13920420741579043 and parameters: {'ISTN': 60.29502234481392, 'I_gpe': 1.3083623676587188, 'I_gpi': 2.3423739213631816, 'noise_stn_sigma': 3.883005222343752, 'noise_gpe_sigma': 118.80404457048708, 'noise_gpi_sigma': 85.53319687368062, 'g_stn_gpe_mult': 3.53839831174066, 'g_gpe_stn_mult': 0.12845839104288845, 'g_stn_gpi_mult': 1.7444487067618812, 'g_gpe_gpi_mult': 0.7337495490579098}. Best is trial 875 with value: 0.10803973531654054.
[I 2026-05-28 22:06:06,928] Trial 902 finished with value: 0.1677838114324173 and parameters: {'ISTN': 60.30631553090897, 'I_gpe': 1.3095868092397187, 'I_gpi': 2.324656029270594, 'noise_stn_sigma': 3.9271578248573613, 'noise_gpe_sigma': 119.82935986897682, 'noise_gpi_sigma': 84.44177678808771, 'g_stn_gpe_mult': 3.523149955699061, 'g_gpe_stn_mult': 0.12607704322128296, 'g_stn_gpi_mult': 1.7581489908540742, 'g_gpe_gpi_mult': 0.7466314855605072}. Best is trial 875 with value: 0.10803973531654054.
[I 2026-05-28 22:06:07,848] Trial 903 finished with value: 1000000.0 and parameters: {'ISTN': 60.02136208006221, 'I_gpe': 1.323990459699834, 'I_gpi': 2.3455412151969606, 'noise_stn_sigma': 3.852330734059167, 'noise_gpe_sigma': 119.16141037198327, 'noise_gpi_sigma': 86.62399699644965, 'g_stn_gpe_mult': 3.4834722729375374, 'g_gpe_stn_mult': 0.13305651074597832, 'g_stn_gpi_mult': 1.7465651381713507, 'g_gpe_gpi_mult': 0.7439700033785475}. Best is trial 875 with value: 0.10803973531654054.
[I 2026-05-28 22:06:08,827] Trial 904 finished with value: 0.10883246466469264 and parameters: {'ISTN': 60.21961954541116, 'I_gpe': 1.332905657011777, 'I_gpi': 2.3706784497242985, 'noise_stn_sigma': 3.9182099076016903, 'noise_gpe_sigma': 122.06878225825011, 'noise_gpi_sigma': 85.76640552216611, 'g_stn_gpe_mult': 3.4599072179112182, 'g_gpe_stn_mult': 0.12796188946081785, 'g_stn_gpi_mult': 1.7298099233522914, 'g_gpe_gpi_mult': 0.7370647819898506}. Best is trial 875 with value: 0.10803973531654054.
[I 2026-05-28 22:06:09,804] Trial 905 finished with value: 0.11101613105336074 and parameters: {'ISTN': 60.58389737162726, 'I_gpe': 1.3294887048647643, 'I_gpi': 2.3188122223394982, 'noise_stn_sigma': 3.8603433474186892, 'noise_gpe_sigma': 117.47920276866121, 'noise_gpi_sigma': 84.35480459450734, 'g_stn_gpe_mult': 3.5610274930988477, 'g_gpe_stn_mult': 0.1285008646889121, 'g_stn_gpi_mult': 1.7275632277876012, 'g_gpe_gpi_mult': 0.7346976204258893}. Best is trial 875 with value: 0.10803973531654054.
[I 2026-05-28 22:06:10,782] Trial 906 finished with value: 0.10976055514848103 and parameters: {'ISTN': 60.228878431475984, 'I_gpe': 1.3250463689024115, 'I_gpi': 2.3606009966863706, 'noise_stn_sigma': 3.8790236206376667, 'noise_gpe_sigma': 119.92712993237241, 'noise_gpi_sigma': 85.37916377001164, 'g_stn_gpe_mult': 3.497363488021052, 'g_gpe_stn_mult': 0.13120558909974414, 'g_stn_gpi_mult': 1.7037221130118625, 'g_gpe_gpi_mult': 0.7285297126084878}. Best is trial 875 with value: 0.10803973531654054.
[I 2026-05-28 22:06:11,762] Trial 907 finished with value: 0.26583756037696676 and parameters: {'ISTN': 60.39917263947132, 'I_gpe': 1.3156853284846801, 'I_gpi': 2.391024911548784, 'noise_stn_sigma': 3.922094547792694, 'noise_gpe_sigma': 120.4877241923372, 'noise_gpi_sigma': 86.27654998993512, 'g_stn_gpe_mult': 3.470680503747501, 'g_gpe_stn_mult': 0.13038990601004122, 'g_stn_gpi_mult': 1.7303455926557276, 'g_gpe_gpi_mult': 0.7320566049680168}. Best is trial 875 with value: 0.10803973531654054.
[I 2026-05-28 22:06:12,743] Trial 908 finished with value: 0.11029682539884429 and parameters: {'ISTN': 60.75969719539913, 'I_gpe': 1.327693017306021, 'I_gpi': 2.355619809909272, 'noise_stn_sigma': 3.8080330400786773, 'noise_gpe_sigma': 118.95770009211608, 'noise_gpi_sigma': 85.51598392690909, 'g_stn_gpe_mult': 3.527667152365275, 'g_gpe_stn_mult': 0.1220690613768321, 'g_stn_gpi_mult': 1.7304646208594994, 'g_gpe_gpi_mult': 0.7362425552878047}. Best is trial 875 with value: 0.10803973531654054.
[I 2026-05-28 22:06:13,722] Trial 909 finished with value: 0.5340881609912171 and parameters: {'ISTN': 60.5495457695639, 'I_gpe': 1.3117729716118292, 'I_gpi': 2.3466660361417, 'noise_stn_sigma': 3.8922614564023648, 'noise_gpe_sigma': 118.05160517611685, 'noise_gpi_sigma': 85.6027756902877, 'g_stn_gpe_mult': 3.5210691900026596, 'g_gpe_stn_mult': 0.12297621943244623, 'g_stn_gpi_mult': 1.7212042510731245, 'g_gpe_gpi_mult': 0.7507504647656296}. Best is trial 875 with value: 0.10803973531654054.
[I 2026-05-28 22:06:14,700] Trial 910 finished with value: 0.11019142524802716 and parameters: {'ISTN': 60.073937612180785, 'I_gpe': 1.3288723139361454, 'I_gpi': 2.3587832819179813, 'noise_stn_sigma': 3.7955928375944024, 'noise_gpe_sigma': 119.96421154554565, 'noise_gpi_sigma': 85.53142849934089, 'g_stn_gpe_mult': 3.443460744155886, 'g_gpe_stn_mult': 0.13339997212482146, 'g_stn_gpi_mult': 1.7624437594624502, 'g_gpe_gpi_mult': 0.7464560261574906}. Best is trial 875 with value: 0.10803973531654054.
[I 2026-05-28 22:06:15,680] Trial 911 finished with value: 0.1621624154417629 and parameters: {'ISTN': 60.25609283289618, 'I_gpe': 1.3314482622576858, 'I_gpi': 2.3471020383830314, 'noise_stn_sigma': 3.858952738532084, 'noise_gpe_sigma': 123.41962185438938, 'noise_gpi_sigma': 84.8405698817718, 'g_stn_gpe_mult': 3.458972533073479, 'g_gpe_stn_mult': 0.12827898455147357, 'g_stn_gpi_mult': 1.7394188349850266, 'g_gpe_gpi_mult': 0.7328138938547615}. Best is trial 875 with value: 0.10803973531654054.
[I 2026-05-28 22:06:16,657] Trial 912 finished with value: 0.1105093647462438 and parameters: {'ISTN': 60.23545276994138, 'I_gpe': 1.3221954003966734, 'I_gpi': 2.373640739587321, 'noise_stn_sigma': 3.9376818248143026, 'noise_gpe_sigma': 122.73871492667293, 'noise_gpi_sigma': 87.04316029785515, 'g_stn_gpe_mult': 3.424270621858217, 'g_gpe_stn_mult': 0.1307201265297431, 'g_stn_gpi_mult': 1.7394209014223099, 'g_gpe_gpi_mult': 0.734912938018049}. Best is trial 875 with value: 0.10803973531654054.
[I 2026-05-28 22:06:17,635] Trial 913 finished with value: 0.11293993382711424 and parameters: {'ISTN': 60.24371293071536, 'I_gpe': 1.3358272035437435, 'I_gpi': 2.3660561552182573, 'noise_stn_sigma': 3.855387218612118, 'noise_gpe_sigma': 120.01609983883384, 'noise_gpi_sigma': 84.68000008260616, 'g_stn_gpe_mult': 3.4690147773068523, 'g_gpe_stn_mult': 0.13624872609354136, 'g_stn_gpi_mult': 1.718571574834141, 'g_gpe_gpi_mult': 0.7380219572357127}. Best is trial 875 with value: 0.10803973531654054.
[I 2026-05-28 22:06:18,614] Trial 914 finished with value: 0.11015919210189203 and parameters: {'ISTN': 60.1922773146235, 'I_gpe': 1.3287763963430432, 'I_gpi': 2.358888202638324, 'noise_stn_sigma': 3.794452485552507, 'noise_gpe_sigma': 120.32286693751868, 'noise_gpi_sigma': 86.76716170945363, 'g_stn_gpe_mult': 3.475709389603081, 'g_gpe_stn_mult': 0.13050612753315854, 'g_stn_gpi_mult': 1.7545398177953486, 'g_gpe_gpi_mult': 0.72857381508706}. Best is trial 875 with value: 0.10803973531654054.
[I 2026-05-28 22:06:19,592] Trial 915 finished with value: 0.11090040779161613 and parameters: {'ISTN': 60.18649607239691, 'I_gpe': 1.3287973468862497, 'I_gpi': 2.347385308014972, 'noise_stn_sigma': 3.947011446663865, 'noise_gpe_sigma': 121.79893914639656, 'noise_gpi_sigma': 82.78380270298881, 'g_stn_gpe_mult': 3.4779533243568164, 'g_gpe_stn_mult': 0.12627079160520666, 'g_stn_gpi_mult': 1.7297394630648628, 'g_gpe_gpi_mult': 0.7269306983040256}. Best is trial 875 with value: 0.10803973531654054.
[I 2026-05-28 22:06:20,572] Trial 916 finished with value: 0.12002512759400533 and parameters: {'ISTN': 60.277306680222, 'I_gpe': 1.3362656192877127, 'I_gpi': 2.3511572856013254, 'noise_stn_sigma': 3.802473327837049, 'noise_gpe_sigma': 118.86179055601141, 'noise_gpi_sigma': 87.4120144900033, 'g_stn_gpe_mult': 3.507260071017821, 'g_gpe_stn_mult': 0.1253558754034882, 'g_stn_gpi_mult': 1.727828147729069, 'g_gpe_gpi_mult': 0.7389386700139793}. Best is trial 875 with value: 0.10803973531654054.
[I 2026-05-28 22:06:21,549] Trial 917 finished with value: 0.11076385361806136 and parameters: {'ISTN': 60.32194228653027, 'I_gpe': 1.3397096861564612, 'I_gpi': 2.3803378722859967, 'noise_stn_sigma': 3.9255289863435108, 'noise_gpe_sigma': 120.89222353083785, 'noise_gpi_sigma': 85.0404217778891, 'g_stn_gpe_mult': 3.5143746392020887, 'g_gpe_stn_mult': 0.12804977814449445, 'g_stn_gpi_mult': 1.7101943974581744, 'g_gpe_gpi_mult': 0.7451654879773666}. Best is trial 875 with value: 0.10803973531654054.
[I 2026-05-28 22:06:22,529] Trial 918 finished with value: 0.11006934831228343 and parameters: {'ISTN': 60.38463961278054, 'I_gpe': 1.3305708518085297, 'I_gpi': 2.351468716622206, 'noise_stn_sigma': 3.8731984769963184, 'noise_gpe_sigma': 120.11535808453708, 'noise_gpi_sigma': 83.94516393038998, 'g_stn_gpe_mult': 3.4999700933009414, 'g_gpe_stn_mult': 0.12918679167619457, 'g_stn_gpi_mult': 1.7282073303846954, 'g_gpe_gpi_mult': 0.739048750430046}. Best is trial 875 with value: 0.10803973531654054.
[I 2026-05-28 22:06:23,506] Trial 919 finished with value: 0.11258284489236324 and parameters: {'ISTN': 60.396381272541944, 'I_gpe': 1.3117780319232968, 'I_gpi': 2.407311449029643, 'noise_stn_sigma': 3.922580687386285, 'noise_gpe_sigma': 120.62997742977255, 'noise_gpi_sigma': 86.21291467475665, 'g_stn_gpe_mult': 3.464269845058582, 'g_gpe_stn_mult': 0.12810830106854326, 'g_stn_gpi_mult': 1.7151024247678934, 'g_gpe_gpi_mult': 0.7372350293714258}. Best is trial 875 with value: 0.10803973531654054.
[I 2026-05-28 22:06:24,484] Trial 920 finished with value: 0.10852738955140491 and parameters: {'ISTN': 60.548371032542114, 'I_gpe': 1.3380942288833764, 'I_gpi': 2.3492264442241417, 'noise_stn_sigma': 3.8714022485082555, 'noise_gpe_sigma': 122.23997903668081, 'noise_gpi_sigma': 86.77987023435689, 'g_stn_gpe_mult': 3.470565505264875, 'g_gpe_stn_mult': 0.1238329354132117, 'g_stn_gpi_mult': 1.745534227939554, 'g_gpe_gpi_mult': 0.7355874385508223}. Best is trial 875 with value: 0.10803973531654054.
[I 2026-05-28 22:06:25,465] Trial 921 finished with value: 0.4308064993536823 and parameters: {'ISTN': 60.299906625405626, 'I_gpe': 1.3254568940883353, 'I_gpi': 2.3286164559784783, 'noise_stn_sigma': 3.9115569022265775, 'noise_gpe_sigma': 122.18821675296856, 'noise_gpi_sigma': 85.3668699709431, 'g_stn_gpe_mult': 3.47583930570626, 'g_gpe_stn_mult': 0.12511598924444156, 'g_stn_gpi_mult': 1.7400963103120755, 'g_gpe_gpi_mult': 0.726886007012598}. Best is trial 875 with value: 0.10803973531654054.
[I 2026-05-28 22:06:26,445] Trial 922 finished with value: 0.11164328714099635 and parameters: {'ISTN': 60.591974042858794, 'I_gpe': 1.3393026502267584, 'I_gpi': 2.352507799735551, 'noise_stn_sigma': 3.878600926251869, 'noise_gpe_sigma': 122.65176732635695, 'noise_gpi_sigma': 86.62962452376487, 'g_stn_gpe_mult': 3.4813921573450535, 'g_gpe_stn_mult': 0.1270564429717496, 'g_stn_gpi_mult': 1.74568479058347, 'g_gpe_gpi_mult': 0.7259887899258761}. Best is trial 875 with value: 0.10803973531654054.
[I 2026-05-28 22:06:27,426] Trial 923 finished with value: 0.11106052405550879 and parameters: {'ISTN': 60.29050469543749, 'I_gpe': 1.3466349160344087, 'I_gpi': 2.385470628008389, 'noise_stn_sigma': 3.8251695717212137, 'noise_gpe_sigma': 122.66177196894765, 'noise_gpi_sigma': 86.19163204735196, 'g_stn_gpe_mult': 3.4395651708549684, 'g_gpe_stn_mult': 0.1332802943726053, 'g_stn_gpi_mult': 1.7237032274247328, 'g_gpe_gpi_mult': 0.7275943258358963}. Best is trial 875 with value: 0.10803973531654054.
