[I 2026-05-28 22:12:28,880] Trial 264 finished with value: 17.33434347000497 and parameters: {'ISTN': 104.69191627622736, 'I_gpe': 1.8434700796837071, 'I_gpi': 2.075229942325252, 'noise_stn_sigma': 4.4163448825481915, 'noise_gpe_sigma': 96.55682017384186, 'noise_gpi_sigma': 125.13452461625891, 'g_stn_gpe_mult': 2.5342204733292633, 'g_gpe_stn_mult': 0.5336763597639972, 'g_stn_gpi_mult': 2.2962054130611316, 'g_gpe_gpi_mult': 0.823586970578166}. Best is trial 190 with value: 3.821664796812887.
[I 2026-05-28 22:12:29,916] Trial 265 finished with value: 116.56173667463209 and parameters: {'ISTN': 101.36732592929718, 'I_gpe': 2.6653529021365654, 'I_gpi': 1.709233964203209, 'noise_stn_sigma': 3.580038342473488, 'noise_gpe_sigma': 108.40112863363888, 'noise_gpi_sigma': 98.57320391837963, 'g_stn_gpe_mult': 3.5022088374640457, 'g_gpe_stn_mult': 0.6609912628420223, 'g_stn_gpi_mult': 2.58614865471165, 'g_gpe_gpi_mult': 0.8595259137578835}. Best is trial 190 with value: 3.821664796812887.
[I 2026-05-28 22:12:30,955] Trial 266 finished with value: 7.240371574719942 and parameters: {'ISTN': 117.11538064543711, 'I_gpe': 2.4385047061564924, 'I_gpi': 1.5173832089449517, 'noise_stn_sigma': 4.5094652922119725, 'noise_gpe_sigma': 112.83977818759406, 'noise_gpi_sigma': 113.43979214753065, 'g_stn_gpe_mult': 3.5614612537314807, 'g_gpe_stn_mult': 0.7132491436171151, 'g_stn_gpi_mult': 2.297411418601654, 'g_gpe_gpi_mult': 0.6869494618446572}. Best is trial 190 with value: 3.821664796812887.
[I 2026-05-28 22:12:31,995] Trial 267 finished with value: 121.571283529684 and parameters: {'ISTN': 113.31470764985738, 'I_gpe': 2.5091692766014964, 'I_gpi': 1.4762723929884825, 'noise_stn_sigma': 4.48707949668149, 'noise_gpe_sigma': 109.13499570866539, 'noise_gpi_sigma': 122.46679472173523, 'g_stn_gpe_mult': 3.2937651865349857, 'g_gpe_stn_mult': 0.7536206413080937, 'g_stn_gpi_mult': 2.41528713918171, 'g_gpe_gpi_mult': 0.8406733317439901}. Best is trial 190 with value: 3.821664796812887.
[I 2026-05-28 22:12:33,039] Trial 268 finished with value: 9.016432757159343 and parameters: {'ISTN': 99.7760022350007, 'I_gpe': 2.5317618660236554, 'I_gpi': 1.4799729022303871, 'noise_stn_sigma': 4.957325718389333, 'noise_gpe_sigma': 120.07025627116677, 'noise_gpi_sigma': 147.7684756639814, 'g_stn_gpe_mult': 3.5867243923506664, 'g_gpe_stn_mult': 0.5506010294086454, 'g_stn_gpi_mult': 2.628359898228197, 'g_gpe_gpi_mult': 0.6888327194689519}. Best is trial 190 with value: 3.821664796812887.
[I 2026-05-28 22:12:34,082] Trial 269 finished with value: 14.28747101331675 and parameters: {'ISTN': 116.69108212245885, 'I_gpe': 2.7349721320056597, 'I_gpi': 2.2945660201202847, 'noise_stn_sigma': 4.946435852239287, 'noise_gpe_sigma': 118.57880891519136, 'noise_gpi_sigma': 121.01423101872399, 'g_stn_gpe_mult': 3.1851304798895748, 'g_gpe_stn_mult': 0.5800648369484817, 'g_stn_gpi_mult': 2.5144242073483345, 'g_gpe_gpi_mult': 0.980420396709939}. Best is trial 190 with value: 3.821664796812887.
[I 2026-05-28 22:12:35,125] Trial 270 finished with value: 9.78790584231145 and parameters: {'ISTN': 98.46583805823347, 'I_gpe': 2.2992984348501593, 'I_gpi': 1.8973722018236845, 'noise_stn_sigma': 5.850688543502285, 'noise_gpe_sigma': 113.6946496108641, 'noise_gpi_sigma': 120.09640565571175, 'g_stn_gpe_mult': 3.6856328106460365, 'g_gpe_stn_mult': 0.5159129586708932, 'g_stn_gpi_mult': 2.4286261787259624, 'g_gpe_gpi_mult': 0.645680298899741}. Best is trial 190 with value: 3.821664796812887.
[I 2026-05-28 22:12:36,167] Trial 271 finished with value: 6.113455728184965 and parameters: {'ISTN': 116.36460095545443, 'I_gpe': 2.511500311298975, 'I_gpi': 1.8710451257131437, 'noise_stn_sigma': 4.3309675871221796, 'noise_gpe_sigma': 117.94392841746729, 'noise_gpi_sigma': 148.29076603053022, 'g_stn_gpe_mult': 3.731890688276673, 'g_gpe_stn_mult': 0.6778407494925233, 'g_stn_gpi_mult': 1.779988296247034, 'g_gpe_gpi_mult': 0.7027464300048676}. Best is trial 190 with value: 3.821664796812887.
[I 2026-05-28 22:12:37,211] Trial 272 finished with value: 10.731467917459703 and parameters: {'ISTN': 91.46178260712368, 'I_gpe': 2.417636055829392, 'I_gpi': 1.9072613557272329, 'noise_stn_sigma': 4.429204530341792, 'noise_gpe_sigma': 107.82462600177908, 'noise_gpi_sigma': 132.11697786838107, 'g_stn_gpe_mult': 4.028544743641179, 'g_gpe_stn_mult': 0.5074596080301225, 'g_stn_gpi_mult': 2.244611418962989, 'g_gpe_gpi_mult': 0.6187995918186573}. Best is trial 190 with value: 3.821664796812887.
[I 2026-05-28 22:12:38,250] Trial 273 finished with value: 7.993628546312542 and parameters: {'ISTN': 114.87602516169048, 'I_gpe': 2.489739245779943, 'I_gpi': 1.205208079279406, 'noise_stn_sigma': 4.549614893427266, 'noise_gpe_sigma': 118.24722634636167, 'noise_gpi_sigma': 130.86216387938464, 'g_stn_gpe_mult': 3.381784644885725, 'g_gpe_stn_mult': 0.708624009379319, 'g_stn_gpi_mult': 2.206009854675636, 'g_gpe_gpi_mult': 0.8857423979214092}. Best is trial 190 with value: 3.821664796812887.
[I 2026-05-28 22:12:39,292] Trial 274 finished with value: 9.787429053593375 and parameters: {'ISTN': 103.79301188387672, 'I_gpe': 2.404791235579735, 'I_gpi': 2.235640267609949, 'noise_stn_sigma': 4.6177140098477505, 'noise_gpe_sigma': 110.54066717269554, 'noise_gpi_sigma': 125.38366880066515, 'g_stn_gpe_mult': 3.311005553132322, 'g_gpe_stn_mult': 0.5280554402228389, 'g_stn_gpi_mult': 2.7886965133010024, 'g_gpe_gpi_mult': 0.7380493200430833}. Best is trial 190 with value: 3.821664796812887.
[I 2026-05-28 22:12:40,331] Trial 275 finished with value: 13.51518616167948 and parameters: {'ISTN': 127.82330575137905, 'I_gpe': 2.6019890528357714, 'I_gpi': 1.4724158568270664, 'noise_stn_sigma': 3.7371177194470153, 'noise_gpe_sigma': 107.96896412772524, 'noise_gpi_sigma': 110.77856200913013, 'g_stn_gpe_mult': 3.251444863493461, 'g_gpe_stn_mult': 0.64736461644228, 'g_stn_gpi_mult': 2.45222382366681, 'g_gpe_gpi_mult': 0.7717430000557612}. Best is trial 190 with value: 3.821664796812887.
[I 2026-05-28 22:12:41,376] Trial 276 finished with value: 9.270701334349743 and parameters: {'ISTN': 113.74081410691011, 'I_gpe': 2.311914987526058, 'I_gpi': 1.9104724332889944, 'noise_stn_sigma': 5.787684457227821, 'noise_gpe_sigma': 109.83829386770721, 'noise_gpi_sigma': 126.07458710900403, 'g_stn_gpe_mult': 3.75871038158732, 'g_gpe_stn_mult': 0.6128230904069744, 'g_stn_gpi_mult': 2.1361555027639514, 'g_gpe_gpi_mult': 0.8952816587961558}. Best is trial 190 with value: 3.821664796812887.
[I 2026-05-28 22:12:42,418] Trial 277 finished with value: 4.0708968191854735 and parameters: {'ISTN': 118.89228485182159, 'I_gpe': 2.2682830180671747, 'I_gpi': 1.3426099295625638, 'noise_stn_sigma': 4.936280976400193, 'noise_gpe_sigma': 109.35639158388562, 'noise_gpi_sigma': 116.12163797456016, 'g_stn_gpe_mult': 3.70228411971088, 'g_gpe_stn_mult': 0.6741251827814336, 'g_stn_gpi_mult': 2.224949815456778, 'g_gpe_gpi_mult': 0.8341050138085899}. Best is trial 190 with value: 3.821664796812887.
[I 2026-05-28 22:12:43,461] Trial 278 finished with value: 10.583582346934907 and parameters: {'ISTN': 106.2264622601927, 'I_gpe': 2.387181500982303, 'I_gpi': 1.2602347313493107, 'noise_stn_sigma': 4.188613090309184, 'noise_gpe_sigma': 96.51322635324026, 'noise_gpi_sigma': 94.80646096295955, 'g_stn_gpe_mult': 4.237094515343184, 'g_gpe_stn_mult': 0.5926525875920089, 'g_stn_gpi_mult': 1.9685571248727707, 'g_gpe_gpi_mult': 0.614173224938402}. Best is trial 190 with value: 3.821664796812887.
[I 2026-05-28 22:12:44,502] Trial 279 finished with value: 11.672374605517764 and parameters: {'ISTN': 107.34389893086745, 'I_gpe': 2.5045488068293666, 'I_gpi': 1.1536169134404823, 'noise_stn_sigma': 5.162315740468587, 'noise_gpe_sigma': 123.12844663870614, 'noise_gpi_sigma': 111.21349356254215, 'g_stn_gpe_mult': 3.971620655487578, 'g_gpe_stn_mult': 0.5799449091741996, 'g_stn_gpi_mult': 2.1942156433177034, 'g_gpe_gpi_mult': 0.7654039830349841}. Best is trial 190 with value: 3.821664796812887.
[I 2026-05-28 22:12:45,540] Trial 280 finished with value: 14.200500347801428 and parameters: {'ISTN': 112.14285279768742, 'I_gpe': 2.639705584793493, 'I_gpi': 1.5451639051791826, 'noise_stn_sigma': 5.355893317692046, 'noise_gpe_sigma': 129.70772418546977, 'noise_gpi_sigma': 119.99040740867594, 'g_stn_gpe_mult': 3.7501082004842465, 'g_gpe_stn_mult': 0.699298714715846, 'g_stn_gpi_mult': 1.8414884663073663, 'g_gpe_gpi_mult': 0.6339133422042893}. Best is trial 190 with value: 3.821664796812887.
[I 2026-05-28 22:12:46,581] Trial 281 finished with value: 10.304058216493189 and parameters: {'ISTN': 115.67735315984527, 'I_gpe': 2.557760058681916, 'I_gpi': 1.2534464227241064, 'noise_stn_sigma': 5.529905047497214, 'noise_gpe_sigma': 122.99482041993033, 'noise_gpi_sigma': 130.5189320605895, 'g_stn_gpe_mult': 3.7848147881298533, 'g_gpe_stn_mult': 0.672007344896747, 'g_stn_gpi_mult': 2.1500885159154404, 'g_gpe_gpi_mult': 0.8249171182589232}. Best is trial 190 with value: 3.821664796812887.
[I 2026-05-28 22:12:47,620] Trial 282 finished with value: 8.180878969789289 and parameters: {'ISTN': 114.60426261618143, 'I_gpe': 2.2231229996449926, 'I_gpi': 1.3600609081237152, 'noise_stn_sigma': 5.340830894133246, 'noise_gpe_sigma': 123.52118410464503, 'noise_gpi_sigma': 119.17794208488456, 'g_stn_gpe_mult': 3.455227979937567, 'g_gpe_stn_mult': 0.6746316222094589, 'g_stn_gpi_mult': 2.309292823635583, 'g_gpe_gpi_mult': 0.8567752327594975}. Best is trial 190 with value: 3.821664796812887.
[I 2026-05-28 22:12:48,659] Trial 283 finished with value: 8.540982156108095 and parameters: {'ISTN': 124.5357980952705, 'I_gpe': 1.9893736105306379, 'I_gpi': 1.1352296095095085, 'noise_stn_sigma': 3.586571218012624, 'noise_gpe_sigma': 109.87398481438775, 'noise_gpi_sigma': 120.66520036284822, 'g_stn_gpe_mult': 3.5191739789270793, 'g_gpe_stn_mult': 0.6678628064416172, 'g_stn_gpi_mult': 1.8767378852284815, 'g_gpe_gpi_mult': 0.8422827913239019}. Best is trial 190 with value: 3.821664796812887.
[I 2026-05-28 22:12:49,699] Trial 284 finished with value: 6.907213742154443 and parameters: {'ISTN': 118.19996011097439, 'I_gpe': 2.5750283033480184, 'I_gpi': 1.2906834549698138, 'noise_stn_sigma': 4.2975027889307, 'noise_gpe_sigma': 108.41305858757076, 'noise_gpi_sigma': 119.82868745774005, 'g_stn_gpe_mult': 4.516792022398279, 'g_gpe_stn_mult': 0.6666434650663436, 'g_stn_gpi_mult': 2.022906688321965, 'g_gpe_gpi_mult': 0.5539104195224814}. Best is trial 190 with value: 3.821664796812887.
[I 2026-05-28 22:12:50,739] Trial 285 finished with value: 6.821277869487878 and parameters: {'ISTN': 119.62321080111141, 'I_gpe': 2.216820473541108, 'I_gpi': 1.1079242018167614, 'noise_stn_sigma': 5.256361431001823, 'noise_gpe_sigma': 143.38986413091646, 'noise_gpi_sigma': 125.18932413335206, 'g_stn_gpe_mult': 3.9365112322325704, 'g_gpe_stn_mult': 0.6916707429986014, 'g_stn_gpi_mult': 1.7474782312572263, 'g_gpe_gpi_mult': 0.772542513306627}. Best is trial 190 with value: 3.821664796812887.
[I 2026-05-28 22:12:51,776] Trial 286 finished with value: 119.03571620676155 and parameters: {'ISTN': 113.26512296012777, 'I_gpe': 2.5201838468750206, 'I_gpi': 1.4849755728685756, 'noise_stn_sigma': 4.603220473787699, 'noise_gpe_sigma': 131.97847755445565, 'noise_gpi_sigma': 134.7667696573235, 'g_stn_gpe_mult': 3.5759982330017666, 'g_gpe_stn_mult': 0.7772754828241086, 'g_stn_gpi_mult': 2.4070209875401964, 'g_gpe_gpi_mult': 0.7999616828784661}. Best is trial 190 with value: 3.821664796812887.
[I 2026-05-28 22:12:52,817] Trial 287 finished with value: 9.623336612657324 and parameters: {'ISTN': 127.7380467400329, 'I_gpe': 2.0966300097638078, 'I_gpi': 1.3250264490525128, 'noise_stn_sigma': 4.32995236226438, 'noise_gpe_sigma': 112.46142431936933, 'noise_gpi_sigma': 128.5452284594193, 'g_stn_gpe_mult': 3.666499905762894, 'g_gpe_stn_mult': 0.7678380462690909, 'g_stn_gpi_mult': 2.001268124928365, 'g_gpe_gpi_mult': 0.9373265501477805}. Best is trial 190 with value: 3.821664796812887.
[I 2026-05-28 22:12:53,860] Trial 288 finished with value: 8.890707482573104 and parameters: {'ISTN': 108.63757609322188, 'I_gpe': 2.224562110170147, 'I_gpi': 1.8003515331537274, 'noise_stn_sigma': 5.178043287072251, 'noise_gpe_sigma': 109.98516907271652, 'noise_gpi_sigma': 121.33832975598611, 'g_stn_gpe_mult': 4.131151630976411, 'g_gpe_stn_mult': 0.6166564257254111, 'g_stn_gpi_mult': 2.2423198992336566, 'g_gpe_gpi_mult': 0.7089534064084706}. Best is trial 190 with value: 3.821664796812887.
[I 2026-05-28 22:12:54,899] Trial 289 finished with value: 16.533631673891193 and parameters: {'ISTN': 105.19739461285423, 'I_gpe': 2.2326526732141168, 'I_gpi': 2.3910238252378955, 'noise_stn_sigma': 4.786085696247056, 'noise_gpe_sigma': 108.13343720283646, 'noise_gpi_sigma': 120.8425845849323, 'g_stn_gpe_mult': 3.4137345603729354, 'g_gpe_stn_mult': 0.5266268699483091, 'g_stn_gpi_mult': 2.3972150129860514, 'g_gpe_gpi_mult': 0.9035812856338596}. Best is trial 190 with value: 3.821664796812887.
[I 2026-05-28 22:12:55,939] Trial 290 finished with value: 12.00608793185372 and parameters: {'ISTN': 111.21563687136457, 'I_gpe': 2.4470932559360365, 'I_gpi': 1.0162782075108439, 'noise_stn_sigma': 5.194350325256427, 'noise_gpe_sigma': 130.17042697848768, 'noise_gpi_sigma': 138.2041526264276, 'g_stn_gpe_mult': 3.7146645646446226, 'g_gpe_stn_mult': 0.6392023254374152, 'g_stn_gpi_mult': 1.9159713657422879, 'g_gpe_gpi_mult': 0.8770402406902322}. Best is trial 190 with value: 3.821664796812887.
[I 2026-05-28 22:12:56,983] Trial 291 finished with value: 6.8568986200585895 and parameters: {'ISTN': 124.92278099764528, 'I_gpe': 2.0972735160326246, 'I_gpi': 1.2788975414127626, 'noise_stn_sigma': 4.557046914526818, 'noise_gpe_sigma': 128.79383027450356, 'noise_gpi_sigma': 116.48827483481496, 'g_stn_gpe_mult': 3.5365656611483014, 'g_gpe_stn_mult': 0.702462299633141, 'g_stn_gpi_mult': 1.7439133081716693, 'g_gpe_gpi_mult': 0.8108356880551859}. Best is trial 190 with value: 3.821664796812887.
[I 2026-05-28 22:12:58,025] Trial 292 finished with value: 14.33566556485108 and parameters: {'ISTN': 107.01914730085788, 'I_gpe': 2.470754156583137, 'I_gpi': 1.9857927520816139, 'noise_stn_sigma': 4.699835889099992, 'noise_gpe_sigma': 148.88005008542737, 'noise_gpi_sigma': 136.8291481051146, 'g_stn_gpe_mult': 3.5968593158804443, 'g_gpe_stn_mult': 0.5435953701762453, 'g_stn_gpi_mult': 2.045264190639239, 'g_gpe_gpi_mult': 0.8834545973902039}. Best is trial 190 with value: 3.821664796812887.
[I 2026-05-28 22:12:59,067] Trial 293 finished with value: 8.164726699720148 and parameters: {'ISTN': 127.83752670096247, 'I_gpe': 2.309183252239244, 'I_gpi': 1.392672094374607, 'noise_stn_sigma': 5.6856691522755, 'noise_gpe_sigma': 125.55803527935583, 'noise_gpi_sigma': 124.20976060860473, 'g_stn_gpe_mult': 4.288636387056599, 'g_gpe_stn_mult': 0.7464583077301249, 'g_stn_gpi_mult': 1.960974129213852, 'g_gpe_gpi_mult': 0.6946369449299963}. Best is trial 190 with value: 3.821664796812887.
[I 2026-05-28 22:13:00,107] Trial 294 finished with value: 6.638123644310139 and parameters: {'ISTN': 110.15295496848933, 'I_gpe': 2.449241483753639, 'I_gpi': 1.6101689615947652, 'noise_stn_sigma': 5.43981558249393, 'noise_gpe_sigma': 123.61649671119204, 'noise_gpi_sigma': 117.6092569498053, 'g_stn_gpe_mult': 3.907621215834019, 'g_gpe_stn_mult': 0.6416088281500012, 'g_stn_gpi_mult': 2.1282926836303417, 'g_gpe_gpi_mult': 0.7691416674172742}. Best is trial 190 with value: 3.821664796812887.
[I 2026-05-28 22:13:01,148] Trial 295 finished with value: 14.742115631968268 and parameters: {'ISTN': 113.79433691798455, 'I_gpe': 2.241377386554179, 'I_gpi': 1.2916560396340144, 'noise_stn_sigma': 5.1007454064062205, 'noise_gpe_sigma': 126.40245965371133, 'noise_gpi_sigma': 107.93791995778494, 'g_stn_gpe_mult': 3.915894045125724, 'g_gpe_stn_mult': 0.567873277427476, 'g_stn_gpi_mult': 2.056479812997533, 'g_gpe_gpi_mult': 0.7431633435611562}. Best is trial 190 with value: 3.821664796812887.
[I 2026-05-28 22:13:02,188] Trial 296 finished with value: 12.689157736508662 and parameters: {'ISTN': 123.27780031732453, 'I_gpe': 2.511871137184225, 'I_gpi': 1.3924879822574543, 'noise_stn_sigma': 4.394817398450622, 'noise_gpe_sigma': 122.94614652312926, 'noise_gpi_sigma': 122.18804971467303, 'g_stn_gpe_mult': 4.308518637837092, 'g_gpe_stn_mult': 0.6371830881685631, 'g_stn_gpi_mult': 1.5310984361642195, 'g_gpe_gpi_mult': 0.7913540372121186}. Best is trial 190 with value: 3.821664796812887.
[I 2026-05-28 22:13:03,231] Trial 297 finished with value: 12.605902119218202 and parameters: {'ISTN': 110.07084722553114, 'I_gpe': 1.8934490596556919, 'I_gpi': 1.9850830413885354, 'noise_stn_sigma': 5.517662204773239, 'noise_gpe_sigma': 128.49419818021903, 'noise_gpi_sigma': 114.22815385097128, 'g_stn_gpe_mult': 3.509828553198459, 'g_gpe_stn_mult': 0.6351663644546504, 'g_stn_gpi_mult': 2.219341476055739, 'g_gpe_gpi_mult': 0.8093425547001336}. Best is trial 190 with value: 3.821664796812887.
[I 2026-05-28 22:13:04,267] Trial 298 finished with value: 12.384141065811333 and parameters: {'ISTN': 112.60580067286256, 'I_gpe': 2.807480881759846, 'I_gpi': 2.1870791185525174, 'noise_stn_sigma': 3.9491669368697213, 'noise_gpe_sigma': 133.30642824490076, 'noise_gpi_sigma': 132.86779523596078, 'g_stn_gpe_mult': 3.9451018042879635, 'g_gpe_stn_mult': 0.6488979055471152, 'g_stn_gpi_mult': 1.6203807177278033, 'g_gpe_gpi_mult': 0.7356877125844576}. Best is trial 190 with value: 3.821664796812887.
[I 2026-05-28 22:13:05,249] Trial 299 finished with value: 1000000.0 and parameters: {'ISTN': 98.19966614679097, 'I_gpe': 2.139126590467337, 'I_gpi': 1.7329181642379046, 'noise_stn_sigma': 5.70890745456368, 'noise_gpe_sigma': 125.57083694106156, 'noise_gpi_sigma': 121.93064800664793, 'g_stn_gpe_mult': 3.7960477664997465, 'g_gpe_stn_mult': 0.5738741042060447, 'g_stn_gpi_mult': 1.9763556613662923, 'g_gpe_gpi_mult': 0.6050254376190491}. Best is trial 190 with value: 3.821664796812887.
[I 2026-05-28 22:13:06,292] Trial 300 finished with value: 10.142798419736575 and parameters: {'ISTN': 123.14396494760206, 'I_gpe': 2.3774477727565677, 'I_gpi': 1.3563494638166864, 'noise_stn_sigma': 4.8178386837470635, 'noise_gpe_sigma': 119.05553524137832, 'noise_gpi_sigma': 131.51937947534077, 'g_stn_gpe_mult': 4.333249686775879, 'g_gpe_stn_mult': 0.6158889649537579, 'g_stn_gpi_mult': 2.081913324932947, 'g_gpe_gpi_mult': 0.6530716373643357}. Best is trial 190 with value: 3.821664796812887.
[I 2026-05-28 22:13:07,337] Trial 301 finished with value: 12.518519022695308 and parameters: {'ISTN': 111.00918812970254, 'I_gpe': 2.097594660134466, 'I_gpi': 1.5462811643866052, 'noise_stn_sigma': 5.867987583978119, 'noise_gpe_sigma': 122.7948561173897, 'noise_gpi_sigma': 130.2553859878848, 'g_stn_gpe_mult': 3.25649625274758, 'g_gpe_stn_mult': 0.6799878556750119, 'g_stn_gpi_mult': 2.0970574918154083, 'g_gpe_gpi_mult': 0.9279722745704826}. Best is trial 190 with value: 3.821664796812887.
[I 2026-05-28 22:13:08,377] Trial 302 finished with value: 11.236539327235707 and parameters: {'ISTN': 103.92778349879521, 'I_gpe': 2.6479932637325745, 'I_gpi': 2.0246015906891204, 'noise_stn_sigma': 5.3491724295428495, 'noise_gpe_sigma': 139.38306778239274, 'noise_gpi_sigma': 132.9797465387961, 'g_stn_gpe_mult': 3.7544724349238936, 'g_gpe_stn_mult': 0.6144761326988996, 'g_stn_gpi_mult': 1.908743668226809, 'g_gpe_gpi_mult': 0.7554268197434049}. Best is trial 190 with value: 3.821664796812887.
[I 2026-05-28 22:13:09,419] Trial 303 finished with value: 12.007604001612014 and parameters: {'ISTN': 123.251455107939, 'I_gpe': 2.533445762290917, 'I_gpi': 1.5146619839384903, 'noise_stn_sigma': 5.692885558174079, 'noise_gpe_sigma': 127.07205256980774, 'noise_gpi_sigma': 108.25236345153017, 'g_stn_gpe_mult': 3.308598166031989, 'g_gpe_stn_mult': 0.7208000922655848, 'g_stn_gpi_mult': 2.1523465305061427, 'g_gpe_gpi_mult': 0.7798244618421852}. Best is trial 190 with value: 3.821664796812887.
[I 2026-05-28 22:13:10,458] Trial 304 finished with value: 11.306928077457949 and parameters: {'ISTN': 117.08576347205242, 'I_gpe': 2.641449253355434, 'I_gpi': 1.4488302050019248, 'noise_stn_sigma': 5.904639037451904, 'noise_gpe_sigma': 125.63646809814902, 'noise_gpi_sigma': 106.2440559125765, 'g_stn_gpe_mult': 3.7596680347694678, 'g_gpe_stn_mult': 0.6877196793747049, 'g_stn_gpi_mult': 2.390590086553863, 'g_gpe_gpi_mult': 0.7162810600844849}. Best is trial 190 with value: 3.821664796812887.
[I 2026-05-28 22:13:11,496] Trial 305 finished with value: 9.745136014280302 and parameters: {'ISTN': 120.34573977589542, 'I_gpe': 2.565989981909082, 'I_gpi': 1.5208331915541164, 'noise_stn_sigma': 5.275766687896039, 'noise_gpe_sigma': 125.18087969668389, 'noise_gpi_sigma': 117.52185519442722, 'g_stn_gpe_mult': 4.25445006844676, 'g_gpe_stn_mult': 0.6769079812817805, 'g_stn_gpi_mult': 1.7022149954088217, 'g_gpe_gpi_mult': 0.7479880198198681}. Best is trial 190 with value: 3.821664796812887.
[I 2026-05-28 22:13:12,536] Trial 306 finished with value: 11.26111866561111 and parameters: {'ISTN': 113.19807651427578, 'I_gpe': 2.0796996655237505, 'I_gpi': 1.2860000873741408, 'noise_stn_sigma': 6.524261550335318, 'noise_gpe_sigma': 138.41384142180084, 'noise_gpi_sigma': 123.46899870677433, 'g_stn_gpe_mult': 3.6964180352728224, 'g_gpe_stn_mult': 0.6551885934712401, 'g_stn_gpi_mult': 1.927933631716087, 'g_gpe_gpi_mult': 0.7955815216932611}. Best is trial 190 with value: 3.821664796812887.
[I 2026-05-28 22:13:13,579] Trial 307 finished with value: 11.152978196533692 and parameters: {'ISTN': 112.58044363111418, 'I_gpe': 2.439600493381387, 'I_gpi': 1.9814438178234737, 'noise_stn_sigma': 4.837793156704199, 'noise_gpe_sigma': 127.1614224251621, 'noise_gpi_sigma': 126.83592974690178, 'g_stn_gpe_mult': 3.130475316056265, 'g_gpe_stn_mult': 0.6633781794314098, 'g_stn_gpi_mult': 1.858495175222618, 'g_gpe_gpi_mult': 0.8001470165221893}. Best is trial 190 with value: 3.821664796812887.
