[I 2026-05-28 22:07:11,395] Trial 968 finished with value: 0.11024653753300552 and parameters: {'ISTN': 60.119687358014225, 'I_gpe': 1.3279070892360076, 'I_gpi': 2.36394367857434, 'noise_stn_sigma': 3.8350969552104535, 'noise_gpe_sigma': 120.5300498879006, 'noise_gpi_sigma': 86.18534266593102, 'g_stn_gpe_mult': 3.498027862576949, 'g_gpe_stn_mult': 0.12598852436662866, 'g_stn_gpi_mult': 1.7474119956067948, 'g_gpe_gpi_mult': 0.7386862740993139}. Best is trial 875 with value: 0.10803973531654054.
[I 2026-05-28 22:07:12,375] Trial 969 finished with value: 0.17804258294721087 and parameters: {'ISTN': 60.08812817803673, 'I_gpe': 1.3233428867991712, 'I_gpi': 2.34467399199838, 'noise_stn_sigma': 3.9035126015996817, 'noise_gpe_sigma': 121.5664310466198, 'noise_gpi_sigma': 86.43105848671962, 'g_stn_gpe_mult': 3.499159830575178, 'g_gpe_stn_mult': 0.13134027996452496, 'g_stn_gpi_mult': 1.75800118609029, 'g_gpe_gpi_mult': 0.7427824672324017}. Best is trial 875 with value: 0.10803973531654054.
[I 2026-05-28 22:07:13,356] Trial 970 finished with value: 0.60322095858387 and parameters: {'ISTN': 60.512780130201705, 'I_gpe': 1.321749413198659, 'I_gpi': 2.320395020195129, 'noise_stn_sigma': 3.8677943395595853, 'noise_gpe_sigma': 121.86710312593887, 'noise_gpi_sigma': 85.77799879273286, 'g_stn_gpe_mult': 3.4743682039703176, 'g_gpe_stn_mult': 0.12297742911951329, 'g_stn_gpi_mult': 1.7592499407076976, 'g_gpe_gpi_mult': 0.7364387542499302}. Best is trial 875 with value: 0.10803973531654054.
[I 2026-05-28 22:07:14,334] Trial 971 finished with value: 0.12927702605293262 and parameters: {'ISTN': 60.092856181943304, 'I_gpe': 1.3540272160612918, 'I_gpi': 2.3491078815318778, 'noise_stn_sigma': 3.8178517590091063, 'noise_gpe_sigma': 120.85396628495268, 'noise_gpi_sigma': 86.36286473423351, 'g_stn_gpe_mult': 3.4909930393340227, 'g_gpe_stn_mult': 0.12578279743779008, 'g_stn_gpi_mult': 1.7370979150137187, 'g_gpe_gpi_mult': 0.7441382027242747}. Best is trial 875 with value: 0.10803973531654054.
[I 2026-05-28 22:07:15,254] Trial 972 finished with value: 1000000.0 and parameters: {'ISTN': 60.24223357496648, 'I_gpe': 1.3247006558720509, 'I_gpi': 2.3417919695706715, 'noise_stn_sigma': 3.861259672299994, 'noise_gpe_sigma': 120.21444312373887, 'noise_gpi_sigma': 87.47892160304895, 'g_stn_gpe_mult': 3.468013661465746, 'g_gpe_stn_mult': 0.12442036318569741, 'g_stn_gpi_mult': 1.754058090288538, 'g_gpe_gpi_mult': 0.7404390646623755}. Best is trial 875 with value: 0.10803973531654054.
[I 2026-05-28 22:07:16,234] Trial 973 finished with value: 0.11203274659471435 and parameters: {'ISTN': 60.06307321994803, 'I_gpe': 1.3364726777278566, 'I_gpi': 2.3505217599447246, 'noise_stn_sigma': 3.8173990828379374, 'noise_gpe_sigma': 121.086328308631, 'noise_gpi_sigma': 86.80347764845853, 'g_stn_gpe_mult': 3.5090894046294645, 'g_gpe_stn_mult': 0.12531950937032213, 'g_stn_gpi_mult': 1.7511833270362467, 'g_gpe_gpi_mult': 0.73996409479653}. Best is trial 875 with value: 0.10803973531654054.
[I 2026-05-28 22:07:17,214] Trial 974 finished with value: 0.27862315320559294 and parameters: {'ISTN': 60.44742248918146, 'I_gpe': 1.3479013961964532, 'I_gpi': 2.3433169448916717, 'noise_stn_sigma': 3.8420244050856196, 'noise_gpe_sigma': 121.70873126653989, 'noise_gpi_sigma': 87.17479466196845, 'g_stn_gpe_mult': 3.4943997530727113, 'g_gpe_stn_mult': 0.12177170755655609, 'g_stn_gpi_mult': 1.742127483692776, 'g_gpe_gpi_mult': 0.7390716116501896}. Best is trial 875 with value: 0.10803973531654054.
[I 2026-05-28 22:07:18,194] Trial 975 finished with value: 0.10856586854308549 and parameters: {'ISTN': 60.267022295439894, 'I_gpe': 1.3280011217008185, 'I_gpi': 2.335394849675622, 'noise_stn_sigma': 3.8251589333328444, 'noise_gpe_sigma': 120.74933424287946, 'noise_gpi_sigma': 87.87513187232622, 'g_stn_gpe_mult': 3.476778491988862, 'g_gpe_stn_mult': 0.12461018122674743, 'g_stn_gpi_mult': 1.7560326547284841, 'g_gpe_gpi_mult': 0.7411865662856176}. Best is trial 875 with value: 0.10803973531654054.
[I 2026-05-28 22:07:19,175] Trial 976 finished with value: 0.13614127502362894 and parameters: {'ISTN': 60.288589350422036, 'I_gpe': 1.3346885106619446, 'I_gpi': 2.3563624133167123, 'noise_stn_sigma': 3.8194124004363226, 'noise_gpe_sigma': 121.70570538872781, 'noise_gpi_sigma': 87.54860029486765, 'g_stn_gpe_mult': 3.4737703762525047, 'g_gpe_stn_mult': 0.12250254924065108, 'g_stn_gpi_mult': 1.7511602092424141, 'g_gpe_gpi_mult': 0.7488683879899389}. Best is trial 875 with value: 0.10803973531654054.
[I 2026-05-28 22:07:20,154] Trial 977 finished with value: 0.11950593884434654 and parameters: {'ISTN': 60.21826943092907, 'I_gpe': 1.3343935533249378, 'I_gpi': 2.336873790692457, 'noise_stn_sigma': 3.8322259954056945, 'noise_gpe_sigma': 121.31305037949487, 'noise_gpi_sigma': 87.0791226887328, 'g_stn_gpe_mult': 3.450941433767833, 'g_gpe_stn_mult': 0.12669800219215527, 'g_stn_gpi_mult': 1.7347801310546167, 'g_gpe_gpi_mult': 0.7370395923266415}. Best is trial 875 with value: 0.10803973531654054.
[I 2026-05-28 22:07:21,132] Trial 978 finished with value: 0.1090153608115355 and parameters: {'ISTN': 60.052200022158345, 'I_gpe': 1.3396131544520091, 'I_gpi': 2.3442536652315713, 'noise_stn_sigma': 3.8855406747396066, 'noise_gpe_sigma': 121.93058363553284, 'noise_gpi_sigma': 87.80426558991738, 'g_stn_gpe_mult': 3.4538036712864653, 'g_gpe_stn_mult': 0.12790481869167042, 'g_stn_gpi_mult': 1.7450807612081065, 'g_gpe_gpi_mult': 0.7473075496757784}. Best is trial 875 with value: 0.10803973531654054.
[I 2026-05-28 22:07:22,111] Trial 979 finished with value: 0.7313730346508224 and parameters: {'ISTN': 60.20700018616917, 'I_gpe': 1.3309623394611863, 'I_gpi': 2.3448335892874423, 'noise_stn_sigma': 3.812152970176365, 'noise_gpe_sigma': 120.8127445077833, 'noise_gpi_sigma': 87.44400316776394, 'g_stn_gpe_mult': 3.5153900282140182, 'g_gpe_stn_mult': 0.12950386281753926, 'g_stn_gpi_mult': 1.7563430605501078, 'g_gpe_gpi_mult': 0.7431192104007067}. Best is trial 875 with value: 0.10803973531654054.
[I 2026-05-28 22:07:23,091] Trial 980 finished with value: 0.6890844955098832 and parameters: {'ISTN': 60.00978275342979, 'I_gpe': 1.3332601401335362, 'I_gpi': 2.3321484360012366, 'noise_stn_sigma': 3.813929173872653, 'noise_gpe_sigma': 121.32229672850481, 'noise_gpi_sigma': 87.70135654665705, 'g_stn_gpe_mult': 3.4899033800138386, 'g_gpe_stn_mult': 0.12810779289309163, 'g_stn_gpi_mult': 1.7358640941190322, 'g_gpe_gpi_mult': 0.7325524872157121}. Best is trial 875 with value: 0.10803973531654054.
[I 2026-05-28 22:07:24,069] Trial 981 finished with value: 0.10815505748868193 and parameters: {'ISTN': 60.31834885022501, 'I_gpe': 1.3306606867912811, 'I_gpi': 2.3368631222355245, 'noise_stn_sigma': 3.904394656975596, 'noise_gpe_sigma': 121.32533416608365, 'noise_gpi_sigma': 88.17214282129981, 'g_stn_gpe_mult': 3.4740723948986636, 'g_gpe_stn_mult': 0.12653532374008386, 'g_stn_gpi_mult': 1.7546881786061317, 'g_gpe_gpi_mult': 0.7443521979590653}. Best is trial 875 with value: 0.10803973531654054.
[I 2026-05-28 22:07:25,047] Trial 982 finished with value: 0.41142407300479383 and parameters: {'ISTN': 60.03372962463512, 'I_gpe': 1.3189512715719507, 'I_gpi': 2.313849544521397, 'noise_stn_sigma': 3.831850994524334, 'noise_gpe_sigma': 120.63386803406863, 'noise_gpi_sigma': 89.09956227461952, 'g_stn_gpe_mult': 3.470603881123706, 'g_gpe_stn_mult': 0.13230211640417838, 'g_stn_gpi_mult': 1.7578186000943445, 'g_gpe_gpi_mult': 0.7389934671361542}. Best is trial 875 with value: 0.10803973531654054.
[I 2026-05-28 22:07:26,027] Trial 983 finished with value: 0.23715369706107442 and parameters: {'ISTN': 60.09673629825354, 'I_gpe': 1.329366142721216, 'I_gpi': 2.3445453789412074, 'noise_stn_sigma': 3.834145829317255, 'noise_gpe_sigma': 120.30806068587692, 'noise_gpi_sigma': 86.28833297944517, 'g_stn_gpe_mult': 3.4882446472626234, 'g_gpe_stn_mult': 0.1318499503456285, 'g_stn_gpi_mult': 1.756742767311389, 'g_gpe_gpi_mult': 0.7414624884698777}. Best is trial 875 with value: 0.10803973531654054.
[I 2026-05-28 22:07:27,007] Trial 984 finished with value: 0.10963666308006048 and parameters: {'ISTN': 60.07212896155431, 'I_gpe': 1.3310976581537304, 'I_gpi': 2.3437562817655744, 'noise_stn_sigma': 3.8217324675264295, 'noise_gpe_sigma': 120.60056895726304, 'noise_gpi_sigma': 87.32342637481561, 'g_stn_gpe_mult': 3.4603274668834514, 'g_gpe_stn_mult': 0.1246767944067887, 'g_stn_gpi_mult': 1.7507406570985853, 'g_gpe_gpi_mult': 0.7394039890314863}. Best is trial 875 with value: 0.10803973531654054.
[I 2026-05-28 22:07:27,984] Trial 985 finished with value: 0.10931028809918181 and parameters: {'ISTN': 60.263759466089994, 'I_gpe': 1.3346872369047842, 'I_gpi': 2.336391123720518, 'noise_stn_sigma': 3.9022203296733844, 'noise_gpe_sigma': 122.23038618481225, 'noise_gpi_sigma': 87.750923198221, 'g_stn_gpe_mult': 3.470210017606558, 'g_gpe_stn_mult': 0.1253985829214138, 'g_stn_gpi_mult': 1.7451909503670522, 'g_gpe_gpi_mult': 0.7363361505821275}. Best is trial 875 with value: 0.10803973531654054.
[I 2026-05-28 22:07:28,963] Trial 986 finished with value: 0.10891015921434612 and parameters: {'ISTN': 60.16694439667858, 'I_gpe': 1.3326791689126285, 'I_gpi': 2.3501274538349524, 'noise_stn_sigma': 3.8104397523502582, 'noise_gpe_sigma': 121.40151765848654, 'noise_gpi_sigma': 87.12303012709621, 'g_stn_gpe_mult': 3.4784361660256553, 'g_gpe_stn_mult': 0.12688224073604415, 'g_stn_gpi_mult': 1.7596660907900927, 'g_gpe_gpi_mult': 0.7392114630252207}. Best is trial 875 with value: 0.10803973531654054.
[I 2026-05-28 22:07:29,940] Trial 987 finished with value: 0.10955628098005794 and parameters: {'ISTN': 60.38901111770124, 'I_gpe': 1.3271005083015746, 'I_gpi': 2.3347910689574984, 'noise_stn_sigma': 3.855945509049363, 'noise_gpe_sigma': 122.09545028886538, 'noise_gpi_sigma': 87.87692495511331, 'g_stn_gpe_mult': 3.4425651636976555, 'g_gpe_stn_mult': 0.12333094019728574, 'g_stn_gpi_mult': 1.7447651316318886, 'g_gpe_gpi_mult': 0.7399793678604167}. Best is trial 875 with value: 0.10803973531654054.
[I 2026-05-28 22:07:30,920] Trial 988 finished with value: 0.12070197728121321 and parameters: {'ISTN': 60.16238937376566, 'I_gpe': 1.3302914034347584, 'I_gpi': 2.3367814475139137, 'noise_stn_sigma': 3.89401004072365, 'noise_gpe_sigma': 121.09646738664551, 'noise_gpi_sigma': 88.00617773627242, 'g_stn_gpe_mult': 3.471067431889301, 'g_gpe_stn_mult': 0.125994377034267, 'g_stn_gpi_mult': 1.7448734455723658, 'g_gpe_gpi_mult': 0.7539537063717197}. Best is trial 875 with value: 0.10803973531654054.
[I 2026-05-28 22:07:31,899] Trial 989 finished with value: 0.18898349716247903 and parameters: {'ISTN': 60.03524858888672, 'I_gpe': 1.336179647435646, 'I_gpi': 2.319280470375274, 'noise_stn_sigma': 3.915568274409857, 'noise_gpe_sigma': 121.6547562929795, 'noise_gpi_sigma': 87.39634756875962, 'g_stn_gpe_mult': 3.4581601948335208, 'g_gpe_stn_mult': 0.12426145515499068, 'g_stn_gpi_mult': 1.7459179279787098, 'g_gpe_gpi_mult': 0.7286341091315058}. Best is trial 875 with value: 0.10803973531654054.
[I 2026-05-28 22:07:32,878] Trial 990 finished with value: 0.1093610745892562 and parameters: {'ISTN': 60.251313950428354, 'I_gpe': 1.3229765704462952, 'I_gpi': 2.349113971997622, 'noise_stn_sigma': 3.8855365036834355, 'noise_gpe_sigma': 121.35430463155936, 'noise_gpi_sigma': 86.9066054869615, 'g_stn_gpe_mult': 3.4671315159150895, 'g_gpe_stn_mult': 0.1277349108436358, 'g_stn_gpi_mult': 1.750456989076948, 'g_gpe_gpi_mult': 0.743991920049722}. Best is trial 875 with value: 0.10803973531654054.
[I 2026-05-28 22:07:33,858] Trial 991 finished with value: 0.10940093078445347 and parameters: {'ISTN': 60.34487289186368, 'I_gpe': 1.3320025667540258, 'I_gpi': 2.3316578921104263, 'noise_stn_sigma': 3.9036406768024454, 'noise_gpe_sigma': 122.54007846086176, 'noise_gpi_sigma': 86.8704163030706, 'g_stn_gpe_mult': 3.47643062672944, 'g_gpe_stn_mult': 0.12303542084595392, 'g_stn_gpi_mult': 1.7604448226480218, 'g_gpe_gpi_mult': 0.7397358451657057}. Best is trial 875 with value: 0.10803973531654054.
[I 2026-05-28 22:07:34,837] Trial 992 finished with value: 0.10883207130012854 and parameters: {'ISTN': 60.079103807232975, 'I_gpe': 1.3388512939613808, 'I_gpi': 2.3484697187915398, 'noise_stn_sigma': 3.863699090715749, 'noise_gpe_sigma': 120.49359217387986, 'noise_gpi_sigma': 86.33396619089649, 'g_stn_gpe_mult': 3.4922868775527927, 'g_gpe_stn_mult': 0.12898988571769188, 'g_stn_gpi_mult': 1.7524965908682124, 'g_gpe_gpi_mult': 0.7403907108538199}. Best is trial 875 with value: 0.10803973531654054.
[I 2026-05-28 22:07:35,816] Trial 993 finished with value: 0.11240731032492146 and parameters: {'ISTN': 60.36832467921313, 'I_gpe': 1.3327442624980792, 'I_gpi': 2.342627070003794, 'noise_stn_sigma': 3.8386333078381787, 'noise_gpe_sigma': 121.15319159014555, 'noise_gpi_sigma': 88.77045449028049, 'g_stn_gpe_mult': 3.4787236313943453, 'g_gpe_stn_mult': 0.1250448162673855, 'g_stn_gpi_mult': 1.767228174390055, 'g_gpe_gpi_mult': 0.7441772397966393}. Best is trial 875 with value: 0.10803973531654054.
[I 2026-05-28 22:07:36,794] Trial 994 finished with value: 0.10901615935152675 and parameters: {'ISTN': 60.42030935598855, 'I_gpe': 1.3390767208917371, 'I_gpi': 2.3445362204303866, 'noise_stn_sigma': 3.819264681582684, 'noise_gpe_sigma': 120.93079923520311, 'noise_gpi_sigma': 87.04824817489136, 'g_stn_gpe_mult': 3.5003657399841166, 'g_gpe_stn_mult': 0.12533303679301497, 'g_stn_gpi_mult': 1.7509477226545669, 'g_gpe_gpi_mult': 0.7327218667574251}. Best is trial 875 with value: 0.10803973531654054.
[I 2026-05-28 22:07:37,772] Trial 995 finished with value: 0.10907134804078732 and parameters: {'ISTN': 60.36173136407104, 'I_gpe': 1.3358538267742093, 'I_gpi': 2.332988870631329, 'noise_stn_sigma': 3.9154417941130206, 'noise_gpe_sigma': 121.5677811109893, 'noise_gpi_sigma': 87.89921859443707, 'g_stn_gpe_mult': 3.4657469028956385, 'g_gpe_stn_mult': 0.1273627236309987, 'g_stn_gpi_mult': 1.7288351407445137, 'g_gpe_gpi_mult': 0.741275006443034}. Best is trial 875 with value: 0.10803973531654054.
[I 2026-05-28 22:07:38,749] Trial 996 finished with value: 0.10842082053870453 and parameters: {'ISTN': 60.13027707096336, 'I_gpe': 1.3346005724515475, 'I_gpi': 2.331008892090682, 'noise_stn_sigma': 3.8669171421737003, 'noise_gpe_sigma': 121.40815982962998, 'noise_gpi_sigma': 88.39580874720065, 'g_stn_gpe_mult': 3.4701478692344763, 'g_gpe_stn_mult': 0.12465803317593653, 'g_stn_gpi_mult': 1.7604764576164889, 'g_gpe_gpi_mult': 0.7421752627336606}. Best is trial 875 with value: 0.10803973531654054.
[I 2026-05-28 22:07:39,727] Trial 997 finished with value: 0.5794506083537417 and parameters: {'ISTN': 60.401324934129704, 'I_gpe': 1.3302849718884076, 'I_gpi': 2.355202881241055, 'noise_stn_sigma': 3.84182105412267, 'noise_gpe_sigma': 121.53023223169836, 'noise_gpi_sigma': 87.47389319453792, 'g_stn_gpe_mult': 3.458209361719625, 'g_gpe_stn_mult': 0.12492215256182632, 'g_stn_gpi_mult': 1.7532581350410494, 'g_gpe_gpi_mult': 0.7344376277120361}. Best is trial 875 with value: 0.10803973531654054.
[I 2026-05-28 22:07:40,708] Trial 998 finished with value: 0.2911036547638635 and parameters: {'ISTN': 60.16467683092529, 'I_gpe': 1.3337694083878293, 'I_gpi': 2.322737443745769, 'noise_stn_sigma': 3.853107872511814, 'noise_gpe_sigma': 122.61202048215152, 'noise_gpi_sigma': 87.4768084554652, 'g_stn_gpe_mult': 3.4676747956122655, 'g_gpe_stn_mult': 0.12559385775851378, 'g_stn_gpi_mult': 1.765003863473594, 'g_gpe_gpi_mult': 0.7458373338267446}. Best is trial 875 with value: 0.10803973531654054.
[I 2026-05-28 22:07:41,685] Trial 999 finished with value: 0.10937345590159518 and parameters: {'ISTN': 60.18348986403945, 'I_gpe': 1.3412980804292622, 'I_gpi': 2.350996008606308, 'noise_stn_sigma': 3.8509083076962622, 'noise_gpe_sigma': 121.53585795687918, 'noise_gpi_sigma': 88.34850283893324, 'g_stn_gpe_mult': 3.451509735948422, 'g_gpe_stn_mult': 0.12775770752755683, 'g_stn_gpi_mult': 1.760030442634703, 'g_gpe_gpi_mult': 0.7356915990834838}. Best is trial 875 with value: 0.10803973531654054.
Condition: K_low
Seed: 42, Trials: 1000
Bounds:
  ISTN: [60.0, 150.0]
  I_gpe: [0.5, 4.0]
  I_gpi: [1.0, 5.0]
  noise_stn_sigma: [1.0, 8.0]
  noise_gpe_sigma: [20.0, 150.0]
  noise_gpi_sigma: [20.0, 150.0]
  g_stn_gpe_mult: [1.5, 5.0]
  g_gpe_stn_mult: [0.1, 0.8]
  g_stn_gpi_mult: [1.0, 4.0]
  g_gpe_gpi_mult: [0.2, 1.2]
Weights: {'rate': 5.0, 'cv': 0.2, 'beta': 15.0}
JAX devices: [CudaDevice(id=0)]
Connectivity (indegrees): STN->GPe=7 GPe->STN=7 STN->GPi=15 GPe->GPi=5

Building simulator...
Warming up JIT...
JIT ready.


============================================================
DONE: K_low (seed=42)
  Time: 16.3 min
  Best loss: 0.1080
  STN: 27.4 Hz (target 27.5)
  GPe: 42.9 Hz (target 42.5)
  GPi: 82.4 Hz (target 82.5)
  GPe beta: 23.0%
  STN beta: 78.9%
  Synaptic multipliers:
    g_stn_gpe_mult: 3.492
    g_gpe_stn_mult: 0.126
    g_stn_gpi_mult: 1.725
    g_gpe_gpi_mult: 0.740
  Saved: results/sensitivity2/density/K_low.pkl
