[I 2026-05-28 21:44:02,357] Trial 572 finished with value: 0.13866417040173554 and parameters: {'ISTN': 61.034840348051134, 'I_gpe': 1.1404919288657387, 'I_gpi': 2.1115745531388788, 'noise_stn_sigma': 2.894483071830045, 'noise_gpe_sigma': 107.20258727835667, 'noise_gpi_sigma': 88.27990126471536, 'g_stn_gpe_mult': 3.489655357658142, 'g_gpe_stn_mult': 0.16184556725417984, 'g_stn_gpi_mult': 2.7671642493157647, 'g_gpe_gpi_mult': 0.7444192612951108}. Best is trial 483 with value: 0.132453131005289.
[I 2026-05-28 21:44:03,305] Trial 573 finished with value: 1000000.0 and parameters: {'ISTN': 62.15351514754814, 'I_gpe': 1.1109501431162982, 'I_gpi': 2.0484299111991615, 'noise_stn_sigma': 2.780801301336519, 'noise_gpe_sigma': 101.94664137080517, 'noise_gpi_sigma': 94.52446157529049, 'g_stn_gpe_mult': 3.550468601156837, 'g_gpe_stn_mult': 0.1706411889372974, 'g_stn_gpi_mult': 2.7522812696426917, 'g_gpe_gpi_mult': 0.7017886062967436}. Best is trial 483 with value: 0.132453131005289.
[I 2026-05-28 21:44:04,313] Trial 574 finished with value: 0.16531409508109904 and parameters: {'ISTN': 62.98984738738426, 'I_gpe': 0.9086083206499642, 'I_gpi': 1.9996486412179602, 'noise_stn_sigma': 2.823178493133946, 'noise_gpe_sigma': 108.17789941463944, 'noise_gpi_sigma': 93.89187880431241, 'g_stn_gpe_mult': 3.6559720645788474, 'g_gpe_stn_mult': 0.14385232243925375, 'g_stn_gpi_mult': 2.665001422951767, 'g_gpe_gpi_mult': 0.7122352007959769}. Best is trial 483 with value: 0.132453131005289.
[I 2026-05-28 21:44:05,319] Trial 575 finished with value: 0.18510168054413262 and parameters: {'ISTN': 60.31087330023194, 'I_gpe': 1.0240372963874462, 'I_gpi': 1.943816447333631, 'noise_stn_sigma': 3.178417250879281, 'noise_gpe_sigma': 103.64985791127701, 'noise_gpi_sigma': 93.8061725657764, 'g_stn_gpe_mult': 3.6160376134651453, 'g_gpe_stn_mult': 0.1391263305307494, 'g_stn_gpi_mult': 2.7492175892709834, 'g_gpe_gpi_mult': 0.7489477325875624}. Best is trial 483 with value: 0.132453131005289.
[I 2026-05-28 21:44:06,327] Trial 576 finished with value: 0.14908935302091794 and parameters: {'ISTN': 60.95508999925663, 'I_gpe': 0.9542325091220913, 'I_gpi': 1.9586198661936849, 'noise_stn_sigma': 2.9021061333534863, 'noise_gpe_sigma': 102.81156453407165, 'noise_gpi_sigma': 93.07187798197492, 'g_stn_gpe_mult': 3.498876127884162, 'g_gpe_stn_mult': 0.16815346623399763, 'g_stn_gpi_mult': 2.7440212118517833, 'g_gpe_gpi_mult': 0.6793504144772011}. Best is trial 483 with value: 0.132453131005289.
[I 2026-05-28 21:44:07,333] Trial 577 finished with value: 0.15176636356423828 and parameters: {'ISTN': 61.01008625715248, 'I_gpe': 1.0179318461111744, 'I_gpi': 2.088684404454476, 'noise_stn_sigma': 3.2908159711180045, 'noise_gpe_sigma': 104.11768863803859, 'noise_gpi_sigma': 96.16258396960356, 'g_stn_gpe_mult': 3.625279158770552, 'g_gpe_stn_mult': 0.15118375091498537, 'g_stn_gpi_mult': 2.783080288538158, 'g_gpe_gpi_mult': 0.7235008404556189}. Best is trial 483 with value: 0.132453131005289.
[I 2026-05-28 21:44:08,341] Trial 578 finished with value: 0.15184654914734264 and parameters: {'ISTN': 61.3519078820943, 'I_gpe': 0.9474900270611349, 'I_gpi': 2.0990455956183407, 'noise_stn_sigma': 3.019381624137782, 'noise_gpe_sigma': 102.29780059271778, 'noise_gpi_sigma': 92.17176071825783, 'g_stn_gpe_mult': 3.630875601081528, 'g_gpe_stn_mult': 0.16645049553690466, 'g_stn_gpi_mult': 2.680982588330788, 'g_gpe_gpi_mult': 0.7301522843647277}. Best is trial 483 with value: 0.132453131005289.
[I 2026-05-28 21:44:09,350] Trial 579 finished with value: 0.15315257285621983 and parameters: {'ISTN': 61.1335529227621, 'I_gpe': 0.9425002221278436, 'I_gpi': 1.9102843659541815, 'noise_stn_sigma': 2.946316177240011, 'noise_gpe_sigma': 104.67464835842135, 'noise_gpi_sigma': 94.4790567791136, 'g_stn_gpe_mult': 3.651892139908565, 'g_gpe_stn_mult': 0.15943977404986867, 'g_stn_gpi_mult': 2.714688235199472, 'g_gpe_gpi_mult': 0.7127185320442737}. Best is trial 483 with value: 0.132453131005289.
[I 2026-05-28 21:44:10,359] Trial 580 finished with value: 0.1464197468128671 and parameters: {'ISTN': 60.034629193211664, 'I_gpe': 1.0282470377138697, 'I_gpi': 2.102222253271112, 'noise_stn_sigma': 3.0533703333044357, 'noise_gpe_sigma': 101.88793322774835, 'noise_gpi_sigma': 89.5418734542352, 'g_stn_gpe_mult': 3.619703563967368, 'g_gpe_stn_mult': 0.16657709563160128, 'g_stn_gpi_mult': 2.823330938050292, 'g_gpe_gpi_mult': 0.7233084355175052}. Best is trial 483 with value: 0.132453131005289.
[I 2026-05-28 21:44:11,369] Trial 581 finished with value: 0.15517070820095266 and parameters: {'ISTN': 60.81938942241677, 'I_gpe': 1.1851271899162175, 'I_gpi': 1.9278300204140075, 'noise_stn_sigma': 2.8827613839714394, 'noise_gpe_sigma': 105.30651239291021, 'noise_gpi_sigma': 91.13490475698217, 'g_stn_gpe_mult': 3.5745984534667166, 'g_gpe_stn_mult': 0.17711358270288552, 'g_stn_gpi_mult': 2.739134958735995, 'g_gpe_gpi_mult': 0.6961720278738215}. Best is trial 483 with value: 0.132453131005289.
[I 2026-05-28 21:44:12,378] Trial 582 finished with value: 0.15571053996847292 and parameters: {'ISTN': 62.05227414089967, 'I_gpe': 0.9522644459062253, 'I_gpi': 2.0954458994475695, 'noise_stn_sigma': 2.7584430654408076, 'noise_gpe_sigma': 104.96788276852331, 'noise_gpi_sigma': 91.1197421001263, 'g_stn_gpe_mult': 3.5304977662640713, 'g_gpe_stn_mult': 0.15127524858801683, 'g_stn_gpi_mult': 2.8097350261942626, 'g_gpe_gpi_mult': 0.7434575166414206}. Best is trial 483 with value: 0.132453131005289.
[I 2026-05-28 21:44:13,388] Trial 583 finished with value: 0.22091282537527074 and parameters: {'ISTN': 60.260642074735046, 'I_gpe': 1.1863825898157958, 'I_gpi': 2.156363377979152, 'noise_stn_sigma': 3.3937677876072474, 'noise_gpe_sigma': 101.28923494337835, 'noise_gpi_sigma': 88.681509938153, 'g_stn_gpe_mult': 3.4826135954904847, 'g_gpe_stn_mult': 0.14401547825925848, 'g_stn_gpi_mult': 2.760568557105256, 'g_gpe_gpi_mult': 0.7600810302331815}. Best is trial 483 with value: 0.132453131005289.
[I 2026-05-28 21:44:14,396] Trial 584 finished with value: 0.1372719164371431 and parameters: {'ISTN': 60.247009149697206, 'I_gpe': 1.0598312876636644, 'I_gpi': 2.003920549353926, 'noise_stn_sigma': 2.86281084583827, 'noise_gpe_sigma': 106.87228653574144, 'noise_gpi_sigma': 88.43838110941908, 'g_stn_gpe_mult': 3.6626061558624725, 'g_gpe_stn_mult': 0.1832552844688179, 'g_stn_gpi_mult': 2.734334127896866, 'g_gpe_gpi_mult': 0.7291180264187871}. Best is trial 483 with value: 0.132453131005289.
[I 2026-05-28 21:44:15,402] Trial 585 finished with value: 0.38918846112159244 and parameters: {'ISTN': 60.41945142782636, 'I_gpe': 1.1120675414647951, 'I_gpi': 2.002437394399534, 'noise_stn_sigma': 2.9483135939657306, 'noise_gpe_sigma': 103.6602323280002, 'noise_gpi_sigma': 89.64640655536252, 'g_stn_gpe_mult': 3.590565858739493, 'g_gpe_stn_mult': 0.1583060268928309, 'g_stn_gpi_mult': 2.787744012384099, 'g_gpe_gpi_mult': 0.7076664772651784}. Best is trial 483 with value: 0.132453131005289.
[I 2026-05-28 21:44:16,408] Trial 586 finished with value: 0.18853781050476148 and parameters: {'ISTN': 62.79181296612128, 'I_gpe': 1.0642344315578396, 'I_gpi': 2.208560179291589, 'noise_stn_sigma': 3.0904807006896533, 'noise_gpe_sigma': 105.39147381190028, 'noise_gpi_sigma': 86.70382772927637, 'g_stn_gpe_mult': 3.5362456359921577, 'g_gpe_stn_mult': 0.14960475538918025, 'g_stn_gpi_mult': 2.7120203524368875, 'g_gpe_gpi_mult': 0.7835158158981095}. Best is trial 483 with value: 0.132453131005289.
[I 2026-05-28 21:44:17,416] Trial 587 finished with value: 0.1474939523882303 and parameters: {'ISTN': 60.290233694095065, 'I_gpe': 1.0641178935497613, 'I_gpi': 2.1330916308900396, 'noise_stn_sigma': 2.9669841690569445, 'noise_gpe_sigma': 106.96363346063588, 'noise_gpi_sigma': 85.64418009093663, 'g_stn_gpe_mult': 3.542713435003988, 'g_gpe_stn_mult': 0.1709328982993843, 'g_stn_gpi_mult': 2.7861745109175584, 'g_gpe_gpi_mult': 0.7320995518903777}. Best is trial 483 with value: 0.132453131005289.
[I 2026-05-28 21:44:18,422] Trial 588 finished with value: 0.15052293502432454 and parameters: {'ISTN': 60.41149683134741, 'I_gpe': 1.0130316487203093, 'I_gpi': 2.10719978389825, 'noise_stn_sigma': 3.1144931441282377, 'noise_gpe_sigma': 105.00983515285048, 'noise_gpi_sigma': 88.17591581761884, 'g_stn_gpe_mult': 3.566629796678224, 'g_gpe_stn_mult': 0.13528943894272222, 'g_stn_gpi_mult': 2.8124449432405556, 'g_gpe_gpi_mult': 0.7398987177350427}. Best is trial 483 with value: 0.132453131005289.
[I 2026-05-28 21:44:19,427] Trial 589 finished with value: 0.1902706136422984 and parameters: {'ISTN': 60.68573850034294, 'I_gpe': 1.065501759321276, 'I_gpi': 2.0889825020599426, 'noise_stn_sigma': 2.950718966584411, 'noise_gpe_sigma': 108.09931629858966, 'noise_gpi_sigma': 88.22320957887983, 'g_stn_gpe_mult': 3.5770754705519963, 'g_gpe_stn_mult': 0.15726460128078468, 'g_stn_gpi_mult': 2.7484858885372354, 'g_gpe_gpi_mult': 0.7272146026653392}. Best is trial 483 with value: 0.132453131005289.
[I 2026-05-28 21:44:20,435] Trial 590 finished with value: 0.1566015984494501 and parameters: {'ISTN': 60.788163588119936, 'I_gpe': 0.9442578127724272, 'I_gpi': 2.1300309283921894, 'noise_stn_sigma': 2.8504980795697534, 'noise_gpe_sigma': 109.66898494376913, 'noise_gpi_sigma': 89.6938603608105, 'g_stn_gpe_mult': 3.6762834902569765, 'g_gpe_stn_mult': 0.1715726382201334, 'g_stn_gpi_mult': 2.7929846904894786, 'g_gpe_gpi_mult': 0.7406564820634147}. Best is trial 483 with value: 0.132453131005289.
[I 2026-05-28 21:44:21,442] Trial 591 finished with value: 0.16266992943782502 and parameters: {'ISTN': 60.8718239779757, 'I_gpe': 0.9618601705461604, 'I_gpi': 2.017579614031913, 'noise_stn_sigma': 3.027033909737129, 'noise_gpe_sigma': 108.14623164650772, 'noise_gpi_sigma': 90.9231490677609, 'g_stn_gpe_mult': 3.697084145611045, 'g_gpe_stn_mult': 0.19033619362146398, 'g_stn_gpi_mult': 2.7696642946159518, 'g_gpe_gpi_mult': 0.7000959605406853}. Best is trial 483 with value: 0.132453131005289.
[I 2026-05-28 21:44:22,450] Trial 592 finished with value: 0.14143621847659646 and parameters: {'ISTN': 60.65484041352161, 'I_gpe': 1.13113788926373, 'I_gpi': 1.9210683382951237, 'noise_stn_sigma': 2.6821289046216856, 'noise_gpe_sigma': 108.31368533745278, 'noise_gpi_sigma': 88.4599940109778, 'g_stn_gpe_mult': 3.539271055732619, 'g_gpe_stn_mult': 0.17698138345314424, 'g_stn_gpi_mult': 2.661159172030634, 'g_gpe_gpi_mult': 0.7098956711007176}. Best is trial 483 with value: 0.132453131005289.
[I 2026-05-28 21:44:23,457] Trial 593 finished with value: 0.17592681614505043 and parameters: {'ISTN': 60.83474681051645, 'I_gpe': 1.0869495451642386, 'I_gpi': 1.9384383818710256, 'noise_stn_sigma': 3.102114692632118, 'noise_gpe_sigma': 105.02258394589353, 'noise_gpi_sigma': 94.7687632038349, 'g_stn_gpe_mult': 3.63660742295254, 'g_gpe_stn_mult': 0.15162026928700986, 'g_stn_gpi_mult': 2.814235884870195, 'g_gpe_gpi_mult': 0.6819596773578165}. Best is trial 483 with value: 0.132453131005289.
[I 2026-05-28 21:44:24,463] Trial 594 finished with value: 0.20309295650313292 and parameters: {'ISTN': 60.00519852392425, 'I_gpe': 0.7932978246921509, 'I_gpi': 2.0026727618800786, 'noise_stn_sigma': 2.980388740113401, 'noise_gpe_sigma': 107.42154474226889, 'noise_gpi_sigma': 88.78183830828569, 'g_stn_gpe_mult': 3.722134129914243, 'g_gpe_stn_mult': 0.1735808785839707, 'g_stn_gpi_mult': 2.8191482456429133, 'g_gpe_gpi_mult': 0.7230061900824187}. Best is trial 483 with value: 0.132453131005289.
[I 2026-05-28 21:44:25,470] Trial 595 finished with value: 0.44752807808733386 and parameters: {'ISTN': 60.52266789489218, 'I_gpe': 1.0392913818077996, 'I_gpi': 1.987651535757692, 'noise_stn_sigma': 2.928136641951453, 'noise_gpe_sigma': 107.99462730031559, 'noise_gpi_sigma': 85.3919793362041, 'g_stn_gpe_mult': 3.5831916113948017, 'g_gpe_stn_mult': 0.14742153830484547, 'g_stn_gpi_mult': 2.8495131659639186, 'g_gpe_gpi_mult': 0.7553115149876668}. Best is trial 483 with value: 0.132453131005289.
[I 2026-05-28 21:44:26,478] Trial 596 finished with value: 0.32820369789607545 and parameters: {'ISTN': 60.44052885376146, 'I_gpe': 1.1252100762275812, 'I_gpi': 2.091797791109448, 'noise_stn_sigma': 2.931900869222614, 'noise_gpe_sigma': 109.32844231159453, 'noise_gpi_sigma': 87.92835586938205, 'g_stn_gpe_mult': 3.697081372467094, 'g_gpe_stn_mult': 0.20011856189999824, 'g_stn_gpi_mult': 2.7879741578953383, 'g_gpe_gpi_mult': 0.7437781872464491}. Best is trial 483 with value: 0.132453131005289.
[I 2026-05-28 21:44:27,485] Trial 597 finished with value: 0.14044213581391474 and parameters: {'ISTN': 60.495376393212716, 'I_gpe': 1.088315794089214, 'I_gpi': 2.039826496807364, 'noise_stn_sigma': 2.7086773771976964, 'noise_gpe_sigma': 111.76472791480153, 'noise_gpi_sigma': 79.72192890057542, 'g_stn_gpe_mult': 3.56067250470378, 'g_gpe_stn_mult': 0.17135873794149084, 'g_stn_gpi_mult': 2.722266284032613, 'g_gpe_gpi_mult': 0.757300481474714}. Best is trial 483 with value: 0.132453131005289.
[I 2026-05-28 21:44:28,491] Trial 598 finished with value: 0.15008292081880514 and parameters: {'ISTN': 60.88685660030287, 'I_gpe': 1.0384822061327859, 'I_gpi': 2.0988923252329537, 'noise_stn_sigma': 3.294473792459866, 'noise_gpe_sigma': 108.9432551128465, 'noise_gpi_sigma': 85.55269676107574, 'g_stn_gpe_mult': 3.607840255312066, 'g_gpe_stn_mult': 0.16808252088555242, 'g_stn_gpi_mult': 2.731737198720329, 'g_gpe_gpi_mult': 0.7552389213730988}. Best is trial 483 with value: 0.132453131005289.
[I 2026-05-28 21:44:29,499] Trial 599 finished with value: 0.15271535060549998 and parameters: {'ISTN': 60.61679935251774, 'I_gpe': 0.9679245980858207, 'I_gpi': 2.0703962606104245, 'noise_stn_sigma': 3.2548016998561473, 'noise_gpe_sigma': 104.75651219889167, 'noise_gpi_sigma': 88.85433846840051, 'g_stn_gpe_mult': 3.6152982126551563, 'g_gpe_stn_mult': 0.15972935717410128, 'g_stn_gpi_mult': 2.827425035297788, 'g_gpe_gpi_mult': 0.7453346700035648}. Best is trial 483 with value: 0.132453131005289.
[I 2026-05-28 21:44:30,506] Trial 600 finished with value: 0.14899571276038176 and parameters: {'ISTN': 60.37301919230006, 'I_gpe': 1.0857938932313331, 'I_gpi': 2.123156101757494, 'noise_stn_sigma': 3.389315642300279, 'noise_gpe_sigma': 104.62715421184238, 'noise_gpi_sigma': 90.31555501588026, 'g_stn_gpe_mult': 3.472167112169454, 'g_gpe_stn_mult': 0.15633133728263487, 'g_stn_gpi_mult': 2.8562091061123565, 'g_gpe_gpi_mult': 0.7443511693447347}. Best is trial 483 with value: 0.132453131005289.
[I 2026-05-28 21:44:31,515] Trial 601 finished with value: 0.13892533789904254 and parameters: {'ISTN': 60.462960310408675, 'I_gpe': 1.1064154643134598, 'I_gpi': 2.0668342111627633, 'noise_stn_sigma': 3.138320706046282, 'noise_gpe_sigma': 112.33539705382285, 'noise_gpi_sigma': 85.72653784989214, 'g_stn_gpe_mult': 3.5800003244385796, 'g_gpe_stn_mult': 0.17114976587257702, 'g_stn_gpi_mult': 2.756572824633644, 'g_gpe_gpi_mult': 0.7663922634900613}. Best is trial 483 with value: 0.132453131005289.
[I 2026-05-28 21:44:32,522] Trial 602 finished with value: 0.16099927877327525 and parameters: {'ISTN': 61.341207903765195, 'I_gpe': 1.1906150956111565, 'I_gpi': 2.0440516471102246, 'noise_stn_sigma': 3.2305724529972304, 'noise_gpe_sigma': 104.58378237168277, 'noise_gpi_sigma': 85.39483631312517, 'g_stn_gpe_mult': 3.478769121532298, 'g_gpe_stn_mult': 0.14245194963268232, 'g_stn_gpi_mult': 2.770305479319005, 'g_gpe_gpi_mult': 0.7008790098765794}. Best is trial 483 with value: 0.132453131005289.
[I 2026-05-28 21:44:33,528] Trial 603 finished with value: 0.14856055316055475 and parameters: {'ISTN': 61.22899104912507, 'I_gpe': 1.0833637380189476, 'I_gpi': 1.9601226945745143, 'noise_stn_sigma': 2.9329137012425988, 'noise_gpe_sigma': 110.75040584245359, 'noise_gpi_sigma': 83.70695484270021, 'g_stn_gpe_mult': 3.637046450564732, 'g_gpe_stn_mult': 0.17473207679703762, 'g_stn_gpi_mult': 2.739903325522472, 'g_gpe_gpi_mult': 0.7550498680433582}. Best is trial 483 with value: 0.132453131005289.
[I 2026-05-28 21:44:34,535] Trial 604 finished with value: 0.20458756460131886 and parameters: {'ISTN': 60.01522390390371, 'I_gpe': 1.096480475859489, 'I_gpi': 2.1154101556856357, 'noise_stn_sigma': 2.9077645138822152, 'noise_gpe_sigma': 102.36635797500126, 'noise_gpi_sigma': 85.83363161603233, 'g_stn_gpe_mult': 3.5489196827644616, 'g_gpe_stn_mult': 0.16200823498753586, 'g_stn_gpi_mult': 2.74774830824931, 'g_gpe_gpi_mult': 0.7553431209468433}. Best is trial 483 with value: 0.132453131005289.
[I 2026-05-28 21:44:35,543] Trial 605 finished with value: 0.1482968536272599 and parameters: {'ISTN': 61.595795867282526, 'I_gpe': 1.0032986922422218, 'I_gpi': 2.061518033795953, 'noise_stn_sigma': 2.750882765935522, 'noise_gpe_sigma': 110.37585638920467, 'noise_gpi_sigma': 85.171964031672, 'g_stn_gpe_mult': 3.6943380404360564, 'g_gpe_stn_mult': 0.16083149187726303, 'g_stn_gpi_mult': 2.758465267592083, 'g_gpe_gpi_mult': 0.745712645558033}. Best is trial 483 with value: 0.132453131005289.
[I 2026-05-28 21:44:36,549] Trial 606 finished with value: 0.6724761861191885 and parameters: {'ISTN': 60.193673797351956, 'I_gpe': 1.1710566068061223, 'I_gpi': 1.9570402349052902, 'noise_stn_sigma': 2.5188577465265736, 'noise_gpe_sigma': 107.01782009415567, 'noise_gpi_sigma': 84.58545852840041, 'g_stn_gpe_mult': 3.4420217312959496, 'g_gpe_stn_mult': 0.15539516528065914, 'g_stn_gpi_mult': 2.7503924412951664, 'g_gpe_gpi_mult': 0.734067887728346}. Best is trial 483 with value: 0.132453131005289.
[I 2026-05-28 21:44:37,555] Trial 607 finished with value: 0.16092235280011652 and parameters: {'ISTN': 60.5142832910017, 'I_gpe': 1.0845870166068496, 'I_gpi': 2.150310549267356, 'noise_stn_sigma': 2.9219390010031434, 'noise_gpe_sigma': 110.56379587582587, 'noise_gpi_sigma': 86.1646349314914, 'g_stn_gpe_mult': 3.7697716688818956, 'g_gpe_stn_mult': 0.18953475145022092, 'g_stn_gpi_mult': 2.7769350847300767, 'g_gpe_gpi_mult': 0.8038233126811962}. Best is trial 483 with value: 0.132453131005289.
[I 2026-05-28 21:44:38,562] Trial 608 finished with value: 0.14937675729053537 and parameters: {'ISTN': 61.24655424377645, 'I_gpe': 1.0603350176412676, 'I_gpi': 2.0579469854648447, 'noise_stn_sigma': 3.1383462380239733, 'noise_gpe_sigma': 110.61398744815804, 'noise_gpi_sigma': 80.27170136893074, 'g_stn_gpe_mult': 3.492585658648042, 'g_gpe_stn_mult': 0.1646496324491027, 'g_stn_gpi_mult': 2.726385740464301, 'g_gpe_gpi_mult': 0.7770129676822668}. Best is trial 483 with value: 0.132453131005289.
[I 2026-05-28 21:44:39,570] Trial 609 finished with value: 0.1297953515744074 and parameters: {'ISTN': 60.56778242565451, 'I_gpe': 1.1018205402563148, 'I_gpi': 2.0028470634708437, 'noise_stn_sigma': 2.9954943040461313, 'noise_gpe_sigma': 110.55516809235539, 'noise_gpi_sigma': 88.86181292593477, 'g_stn_gpe_mult': 3.599182760162438, 'g_gpe_stn_mult': 0.1649991153100438, 'g_stn_gpi_mult': 2.7678384455907126, 'g_gpe_gpi_mult': 0.7615757569060431}. Best is trial 609 with value: 0.1297953515744074.
[I 2026-05-28 21:44:40,517] Trial 610 finished with value: 1000000.0 and parameters: {'ISTN': 60.653295371564454, 'I_gpe': 1.0537067625791008, 'I_gpi': 1.9421064120393197, 'noise_stn_sigma': 2.373976161035827, 'noise_gpe_sigma': 113.45867132995863, 'noise_gpi_sigma': 78.28428469698045, 'g_stn_gpe_mult': 3.5423199186015966, 'g_gpe_stn_mult': 0.16820896366451604, 'g_stn_gpi_mult': 2.690625264917002, 'g_gpe_gpi_mult': 0.7685524547256399}. Best is trial 609 with value: 0.1297953515744074.
[I 2026-05-28 21:44:41,527] Trial 611 finished with value: 0.18088100815375954 and parameters: {'ISTN': 62.96953473535984, 'I_gpe': 1.043268094145359, 'I_gpi': 2.102782129193938, 'noise_stn_sigma': 3.407484689553055, 'noise_gpe_sigma': 113.1009307784415, 'noise_gpi_sigma': 89.14052337263274, 'g_stn_gpe_mult': 3.685616025651866, 'g_gpe_stn_mult': 0.1397458562113123, 'g_stn_gpi_mult': 2.796409372667613, 'g_gpe_gpi_mult': 0.8038224342039662}. Best is trial 609 with value: 0.1297953515744074.
[I 2026-05-28 21:44:42,533] Trial 612 finished with value: 0.16460422122685148 and parameters: {'ISTN': 61.293726971763384, 'I_gpe': 1.087277878698371, 'I_gpi': 2.041750694037627, 'noise_stn_sigma': 2.875685479781428, 'noise_gpe_sigma': 115.50936565597212, 'noise_gpi_sigma': 82.11185327999922, 'g_stn_gpe_mult': 3.720819024434532, 'g_gpe_stn_mult': 0.18703053558495686, 'g_stn_gpi_mult': 2.719984411299907, 'g_gpe_gpi_mult': 0.768278176297029}. Best is trial 609 with value: 0.1297953515744074.
[I 2026-05-28 21:44:43,539] Trial 613 finished with value: 0.134872578539162 and parameters: {'ISTN': 60.02090492712122, 'I_gpe': 1.182761344047944, 'I_gpi': 2.0299378139232287, 'noise_stn_sigma': 2.8207949043229013, 'noise_gpe_sigma': 110.18525970958717, 'noise_gpi_sigma': 84.23756486281292, 'g_stn_gpe_mult': 3.5637232806950805, 'g_gpe_stn_mult': 0.17911379921465942, 'g_stn_gpi_mult': 2.772161312209838, 'g_gpe_gpi_mult': 0.7403878472214194}. Best is trial 609 with value: 0.1297953515744074.
[I 2026-05-28 21:44:44,545] Trial 614 finished with value: 0.15388557332986302 and parameters: {'ISTN': 62.41400254304248, 'I_gpe': 1.1739377471134067, 'I_gpi': 1.9942589513773283, 'noise_stn_sigma': 3.268273751606548, 'noise_gpe_sigma': 111.56429857281422, 'noise_gpi_sigma': 89.32190200850405, 'g_stn_gpe_mult': 3.5575707784953083, 'g_gpe_stn_mult': 0.14236893090655156, 'g_stn_gpi_mult': 2.7659536525307153, 'g_gpe_gpi_mult': 0.7526884850031477}. Best is trial 609 with value: 0.1297953515744074.
[I 2026-05-28 21:44:45,552] Trial 615 finished with value: 0.2011668092231841 and parameters: {'ISTN': 60.18281953220806, 'I_gpe': 1.0823847215098257, 'I_gpi': 2.02457505809511, 'noise_stn_sigma': 2.9090045478934243, 'noise_gpe_sigma': 110.20500065214196, 'noise_gpi_sigma': 83.0634620686705, 'g_stn_gpe_mult': 3.6281480991608634, 'g_gpe_stn_mult': 0.1519159988291583, 'g_stn_gpi_mult': 2.732919111633409, 'g_gpe_gpi_mult': 0.733063292139392}. Best is trial 609 with value: 0.1297953515744074.
