[I 2026-05-28 21:36:39,380] Trial 132 finished with value: 7.522726866648837 and parameters: {'ISTN': 65.10445161700704, 'I_gpe': 2.240912429807101, 'I_gpi': 1.4309124653290368, 'noise_stn_sigma': 3.0427633177279887, 'noise_gpe_sigma': 95.37728653001503, 'noise_gpi_sigma': 113.4848214737812, 'g_stn_gpe_mult': 3.294068049335793, 'g_gpe_stn_mult': 0.18556296892663102, 'g_stn_gpi_mult': 2.9399021170520734, 'g_gpe_gpi_mult': 0.5545047275259587}. Best is trial 99 with value: 0.24317854242390916.
[I 2026-05-28 21:36:40,387] Trial 133 finished with value: 5.453371957914431 and parameters: {'ISTN': 69.16562229695609, 'I_gpe': 2.137737760928243, 'I_gpi': 1.4018256498720882, 'noise_stn_sigma': 2.396244157030253, 'noise_gpe_sigma': 69.78776131521235, 'noise_gpi_sigma': 134.844557664736, 'g_stn_gpe_mult': 3.139413470933494, 'g_gpe_stn_mult': 0.12255107766421225, 'g_stn_gpi_mult': 2.618841692746652, 'g_gpe_gpi_mult': 0.4887337344871806}. Best is trial 99 with value: 0.24317854242390916.
[I 2026-05-28 21:36:41,394] Trial 134 finished with value: 4.563190372552656 and parameters: {'ISTN': 63.07913996791505, 'I_gpe': 1.9390271664242158, 'I_gpi': 2.0658880163383304, 'noise_stn_sigma': 4.02980392432019, 'noise_gpe_sigma': 74.79655592567605, 'noise_gpi_sigma': 101.50131523419054, 'g_stn_gpe_mult': 3.1829360250013083, 'g_gpe_stn_mult': 0.15692273876071514, 'g_stn_gpi_mult': 2.7500156458742806, 'g_gpe_gpi_mult': 0.4113410190781027}. Best is trial 99 with value: 0.24317854242390916.
[I 2026-05-28 21:36:42,401] Trial 135 finished with value: 12.263579961873809 and parameters: {'ISTN': 73.35669226050652, 'I_gpe': 1.434057875807456, 'I_gpi': 2.583336397784948, 'noise_stn_sigma': 4.834401093770028, 'noise_gpe_sigma': 101.87335266091323, 'noise_gpi_sigma': 95.41129694608784, 'g_stn_gpe_mult': 2.8297114032451423, 'g_gpe_stn_mult': 0.2603471842615026, 'g_stn_gpi_mult': 2.9392227247708798, 'g_gpe_gpi_mult': 0.3866712978271457}. Best is trial 99 with value: 0.24317854242390916.
[I 2026-05-28 21:36:43,409] Trial 136 finished with value: 1.5150136702078691 and parameters: {'ISTN': 63.0791785160705, 'I_gpe': 2.438752576331521, 'I_gpi': 1.6599690815594124, 'noise_stn_sigma': 4.020512304388562, 'noise_gpe_sigma': 86.3888854202535, 'noise_gpi_sigma': 104.14656209951923, 'g_stn_gpe_mult': 3.042716878193634, 'g_gpe_stn_mult': 0.15319449709810065, 'g_stn_gpi_mult': 2.680422070250451, 'g_gpe_gpi_mult': 0.48065532592099697}. Best is trial 99 with value: 0.24317854242390916.
[I 2026-05-28 21:36:44,413] Trial 137 finished with value: 2.899444850678878 and parameters: {'ISTN': 63.678893489141586, 'I_gpe': 2.177164708846372, 'I_gpi': 1.8211463288775025, 'noise_stn_sigma': 3.5037482280513537, 'noise_gpe_sigma': 83.74818212099487, 'noise_gpi_sigma': 127.94833930128482, 'g_stn_gpe_mult': 3.5739513529231703, 'g_gpe_stn_mult': 0.17791624765232666, 'g_stn_gpi_mult': 2.8041591505881236, 'g_gpe_gpi_mult': 0.44166644538742605}. Best is trial 99 with value: 0.24317854242390916.
[I 2026-05-28 21:36:45,418] Trial 138 finished with value: 7.376865628100749 and parameters: {'ISTN': 67.99945443600438, 'I_gpe': 1.530040312141737, 'I_gpi': 1.7864815663265419, 'noise_stn_sigma': 3.672118756198449, 'noise_gpe_sigma': 112.42483028604649, 'noise_gpi_sigma': 133.0328792637933, 'g_stn_gpe_mult': 3.045943337602112, 'g_gpe_stn_mult': 0.350181929284623, 'g_stn_gpi_mult': 2.6627765942145896, 'g_gpe_gpi_mult': 0.2778385990879859}. Best is trial 99 with value: 0.24317854242390916.
[I 2026-05-28 21:36:46,423] Trial 139 finished with value: 3.5119238231785186 and parameters: {'ISTN': 68.03892228434053, 'I_gpe': 1.713625491347736, 'I_gpi': 1.5784354311797213, 'noise_stn_sigma': 3.609277249503262, 'noise_gpe_sigma': 89.69921917908694, 'noise_gpi_sigma': 126.90550542458384, 'g_stn_gpe_mult': 2.9724157094622967, 'g_gpe_stn_mult': 0.1465967273365355, 'g_stn_gpi_mult': 2.831466495593092, 'g_gpe_gpi_mult': 0.4532135725944516}. Best is trial 99 with value: 0.24317854242390916.
[I 2026-05-28 21:36:47,429] Trial 140 finished with value: 11.050616675722072 and parameters: {'ISTN': 70.79322108670488, 'I_gpe': 1.696215358173875, 'I_gpi': 2.7644063343036374, 'noise_stn_sigma': 3.7617745282546355, 'noise_gpe_sigma': 82.23912228613695, 'noise_gpi_sigma': 108.14402413724964, 'g_stn_gpe_mult': 3.4762925192135015, 'g_gpe_stn_mult': 0.19960034856653924, 'g_stn_gpi_mult': 3.043598219006026, 'g_gpe_gpi_mult': 0.3884766227947845}. Best is trial 99 with value: 0.24317854242390916.
[I 2026-05-28 21:36:48,436] Trial 141 finished with value: 0.35014016395753983 and parameters: {'ISTN': 64.6308122129354, 'I_gpe': 1.783928772155713, 'I_gpi': 2.1536500483986494, 'noise_stn_sigma': 2.919178829728396, 'noise_gpe_sigma': 83.46999643648527, 'noise_gpi_sigma': 127.46041382301786, 'g_stn_gpe_mult': 3.4983541533323708, 'g_gpe_stn_mult': 0.1553121671139652, 'g_stn_gpi_mult': 2.6188828665063033, 'g_gpe_gpi_mult': 0.5091907881932551}. Best is trial 99 with value: 0.24317854242390916.
[I 2026-05-28 21:36:49,443] Trial 142 finished with value: 9.973991461519223 and parameters: {'ISTN': 70.78616559059078, 'I_gpe': 1.9710493439754997, 'I_gpi': 2.2153114715069595, 'noise_stn_sigma': 2.895059045910599, 'noise_gpe_sigma': 73.92690784868941, 'noise_gpi_sigma': 121.01095536273873, 'g_stn_gpe_mult': 3.2850141242672413, 'g_gpe_stn_mult': 0.1334958076663785, 'g_stn_gpi_mult': 2.3873340494415585, 'g_gpe_gpi_mult': 0.4633198464345796}. Best is trial 99 with value: 0.24317854242390916.
[I 2026-05-28 21:36:50,450] Trial 143 finished with value: 10.525590414425364 and parameters: {'ISTN': 65.9350421164347, 'I_gpe': 1.8414151470633877, 'I_gpi': 1.7764115823483229, 'noise_stn_sigma': 4.0146153938079445, 'noise_gpe_sigma': 81.77727063441966, 'noise_gpi_sigma': 115.02468157832945, 'g_stn_gpe_mult': 3.0762686457677275, 'g_gpe_stn_mult': 0.17687769710648465, 'g_stn_gpi_mult': 3.2661212634701293, 'g_gpe_gpi_mult': 0.37489618566125316}. Best is trial 99 with value: 0.24317854242390916.
[I 2026-05-28 21:36:51,454] Trial 144 finished with value: 14.507862091359007 and parameters: {'ISTN': 77.7131862262103, 'I_gpe': 1.6195035625200127, 'I_gpi': 1.4339347699280902, 'noise_stn_sigma': 3.822774723718084, 'noise_gpe_sigma': 61.722981667066854, 'noise_gpi_sigma': 110.79465201220982, 'g_stn_gpe_mult': 3.2577292502165704, 'g_gpe_stn_mult': 0.14700182365982123, 'g_stn_gpi_mult': 2.551999838692005, 'g_gpe_gpi_mult': 0.5444452121402492}. Best is trial 99 with value: 0.24317854242390916.
[I 2026-05-28 21:36:52,462] Trial 145 finished with value: 12.529030094981183 and parameters: {'ISTN': 65.43499871316645, 'I_gpe': 1.7663414390583938, 'I_gpi': 1.444033890116995, 'noise_stn_sigma': 3.8251157618199287, 'noise_gpe_sigma': 85.95134003924659, 'noise_gpi_sigma': 102.15373244009353, 'g_stn_gpe_mult': 2.828452913362888, 'g_gpe_stn_mult': 0.21749193316172347, 'g_stn_gpi_mult': 2.765538494119129, 'g_gpe_gpi_mult': 0.4553259371235272}. Best is trial 99 with value: 0.24317854242390916.
[I 2026-05-28 21:36:53,468] Trial 146 finished with value: 12.814718150940658 and parameters: {'ISTN': 70.04569328064603, 'I_gpe': 2.4507996937552674, 'I_gpi': 1.1072102885837816, 'noise_stn_sigma': 3.838834013610655, 'noise_gpe_sigma': 94.7834956168033, 'noise_gpi_sigma': 122.07394932337128, 'g_stn_gpe_mult': 3.600988251708977, 'g_gpe_stn_mult': 0.2590802862159646, 'g_stn_gpi_mult': 2.8465547341530817, 'g_gpe_gpi_mult': 0.4830741998282004}. Best is trial 99 with value: 0.24317854242390916.
[I 2026-05-28 21:36:54,474] Trial 147 finished with value: 13.333128423009967 and parameters: {'ISTN': 72.02660887998312, 'I_gpe': 1.9716378235565954, 'I_gpi': 1.9764634933204877, 'noise_stn_sigma': 3.4584810671067108, 'noise_gpe_sigma': 69.75298448427128, 'noise_gpi_sigma': 114.44468947630752, 'g_stn_gpe_mult': 3.2649463717036022, 'g_gpe_stn_mult': 0.30546061931288826, 'g_stn_gpi_mult': 3.0086965561588896, 'g_gpe_gpi_mult': 0.49262315576988336}. Best is trial 99 with value: 0.24317854242390916.
[I 2026-05-28 21:36:55,484] Trial 148 finished with value: 7.723907499049139 and parameters: {'ISTN': 69.98975203562132, 'I_gpe': 2.5364535719365358, 'I_gpi': 1.6918838257769526, 'noise_stn_sigma': 4.583862038053594, 'noise_gpe_sigma': 93.09152786428677, 'noise_gpi_sigma': 104.14720828406087, 'g_stn_gpe_mult': 3.6347822343550384, 'g_gpe_stn_mult': 0.15159372105778207, 'g_stn_gpi_mult': 2.734042518767977, 'g_gpe_gpi_mult': 0.3338154494735375}. Best is trial 99 with value: 0.24317854242390916.
[I 2026-05-28 21:36:56,491] Trial 149 finished with value: 16.134199714791283 and parameters: {'ISTN': 81.16540174295797, 'I_gpe': 2.574122445759485, 'I_gpi': 1.7985070384322672, 'noise_stn_sigma': 3.2670212216312695, 'noise_gpe_sigma': 64.70899587579925, 'noise_gpi_sigma': 107.40937671836386, 'g_stn_gpe_mult': 3.5495506317858685, 'g_gpe_stn_mult': 0.2723991737385576, 'g_stn_gpi_mult': 2.5664837297656318, 'g_gpe_gpi_mult': 0.5533492968222627}. Best is trial 99 with value: 0.24317854242390916.
[I 2026-05-28 21:36:57,496] Trial 150 finished with value: 11.566734928008502 and parameters: {'ISTN': 66.48638017507787, 'I_gpe': 1.6996397170781121, 'I_gpi': 1.8704250803143452, 'noise_stn_sigma': 4.601976536727345, 'noise_gpe_sigma': 86.45041792674782, 'noise_gpi_sigma': 125.11418847389, 'g_stn_gpe_mult': 3.288781169176456, 'g_gpe_stn_mult': 0.29557626620401845, 'g_stn_gpi_mult': 2.920381688634208, 'g_gpe_gpi_mult': 0.4114459932133879}. Best is trial 99 with value: 0.24317854242390916.
[I 2026-05-28 21:36:58,504] Trial 151 finished with value: 10.331841995601563 and parameters: {'ISTN': 65.13791628061584, 'I_gpe': 1.7648192328671042, 'I_gpi': 1.8145283170691693, 'noise_stn_sigma': 4.185776876975672, 'noise_gpe_sigma': 95.53102649806566, 'noise_gpi_sigma': 95.50421057826291, 'g_stn_gpe_mult': 3.759729312731654, 'g_gpe_stn_mult': 0.1981959466465, 'g_stn_gpi_mult': 2.739870311899654, 'g_gpe_gpi_mult': 0.4555528872689328}. Best is trial 99 with value: 0.24317854242390916.
[I 2026-05-28 21:36:59,512] Trial 152 finished with value: 13.328342328608398 and parameters: {'ISTN': 70.35314498656922, 'I_gpe': 2.0148013421151347, 'I_gpi': 2.0498912993391674, 'noise_stn_sigma': 3.3185348501407463, 'noise_gpe_sigma': 88.87910900105989, 'noise_gpi_sigma': 138.27665457069378, 'g_stn_gpe_mult': 2.7915763415102393, 'g_gpe_stn_mult': 0.14701552381111327, 'g_stn_gpi_mult': 2.4133793132595027, 'g_gpe_gpi_mult': 0.3901701564620012}. Best is trial 99 with value: 0.24317854242390916.
[I 2026-05-28 21:37:00,516] Trial 153 finished with value: 10.125317723418418 and parameters: {'ISTN': 67.7479137038898, 'I_gpe': 1.9681563728822202, 'I_gpi': 1.4888488481246327, 'noise_stn_sigma': 4.118716811451733, 'noise_gpe_sigma': 85.11256618261157, 'noise_gpi_sigma': 114.89611496792321, 'g_stn_gpe_mult': 2.9561432501751326, 'g_gpe_stn_mult': 0.23667586805321336, 'g_stn_gpi_mult': 2.9899594714542688, 'g_gpe_gpi_mult': 0.3431373958248328}. Best is trial 99 with value: 0.24317854242390916.
[I 2026-05-28 21:37:01,523] Trial 154 finished with value: 0.9057766312151782 and parameters: {'ISTN': 62.39233552632545, 'I_gpe': 2.30430574476606, 'I_gpi': 2.2496797541124818, 'noise_stn_sigma': 3.586741839678558, 'noise_gpe_sigma': 88.39618214378604, 'noise_gpi_sigma': 103.84985409966413, 'g_stn_gpe_mult': 3.271277262599254, 'g_gpe_stn_mult': 0.1497123519475081, 'g_stn_gpi_mult': 2.7778211009857077, 'g_gpe_gpi_mult': 0.6171729268949087}. Best is trial 99 with value: 0.24317854242390916.
[I 2026-05-28 21:37:02,531] Trial 155 finished with value: 14.470641982728647 and parameters: {'ISTN': 72.69158668771787, 'I_gpe': 2.1680653809852632, 'I_gpi': 1.9608389270923794, 'noise_stn_sigma': 3.297669822212757, 'noise_gpe_sigma': 93.67990517549102, 'noise_gpi_sigma': 110.82221746568864, 'g_stn_gpe_mult': 3.548894999074424, 'g_gpe_stn_mult': 0.2283050916014394, 'g_stn_gpi_mult': 2.4645180188345788, 'g_gpe_gpi_mult': 0.3971010980888071}. Best is trial 99 with value: 0.24317854242390916.
[I 2026-05-28 21:37:03,537] Trial 156 finished with value: 12.062947556829583 and parameters: {'ISTN': 70.83601353710665, 'I_gpe': 2.8077769632319036, 'I_gpi': 1.5289821131709012, 'noise_stn_sigma': 3.22357209265355, 'noise_gpe_sigma': 87.55213571363966, 'noise_gpi_sigma': 127.63349273028574, 'g_stn_gpe_mult': 4.08180773450407, 'g_gpe_stn_mult': 0.13105343512982381, 'g_stn_gpi_mult': 2.7838124861854787, 'g_gpe_gpi_mult': 0.5224915204005955}. Best is trial 99 with value: 0.24317854242390916.
[I 2026-05-28 21:37:04,545] Trial 157 finished with value: 9.873789146008153 and parameters: {'ISTN': 72.78063729726989, 'I_gpe': 1.6531367681282398, 'I_gpi': 2.3168406205648178, 'noise_stn_sigma': 4.274957275062153, 'noise_gpe_sigma': 85.67221066381707, 'noise_gpi_sigma': 111.29207607469782, 'g_stn_gpe_mult': 3.4455222380213932, 'g_gpe_stn_mult': 0.14984807882715057, 'g_stn_gpi_mult': 2.5312116032756724, 'g_gpe_gpi_mult': 0.46983256115021627}. Best is trial 99 with value: 0.24317854242390916.
[I 2026-05-28 21:37:05,551] Trial 158 finished with value: 14.084989540212785 and parameters: {'ISTN': 73.24872430731526, 'I_gpe': 2.1306584508189204, 'I_gpi': 2.7369427910061503, 'noise_stn_sigma': 4.760918155057608, 'noise_gpe_sigma': 76.63911520870592, 'noise_gpi_sigma': 123.70747237983042, 'g_stn_gpe_mult': 3.4059105266661467, 'g_gpe_stn_mult': 0.11735096560686928, 'g_stn_gpi_mult': 2.5278525395032037, 'g_gpe_gpi_mult': 0.6089464025756078}. Best is trial 99 with value: 0.24317854242390916.
[I 2026-05-28 21:37:06,561] Trial 159 finished with value: 9.91606027162498 and parameters: {'ISTN': 69.05423190821001, 'I_gpe': 1.6212879699993645, 'I_gpi': 2.3403462608176975, 'noise_stn_sigma': 4.186176727766659, 'noise_gpe_sigma': 95.17920772377532, 'noise_gpi_sigma': 122.28668755351116, 'g_stn_gpe_mult': 3.5631700216212026, 'g_gpe_stn_mult': 0.2072654309304756, 'g_stn_gpi_mult': 2.215685904052281, 'g_gpe_gpi_mult': 0.4011451627904468}. Best is trial 99 with value: 0.24317854242390916.
[I 2026-05-28 21:37:07,569] Trial 160 finished with value: 15.589932104023081 and parameters: {'ISTN': 86.64193937377453, 'I_gpe': 1.9772989295589307, 'I_gpi': 2.485820288590477, 'noise_stn_sigma': 4.625031153256064, 'noise_gpe_sigma': 88.02171316620048, 'noise_gpi_sigma': 110.5311005542189, 'g_stn_gpe_mult': 3.4763916564832122, 'g_gpe_stn_mult': 0.1796235116956642, 'g_stn_gpi_mult': 2.5856089542923635, 'g_gpe_gpi_mult': 0.3756632957968929}. Best is trial 99 with value: 0.24317854242390916.
[I 2026-05-28 21:37:08,578] Trial 161 finished with value: 2.308334961213187 and parameters: {'ISTN': 67.66417462006747, 'I_gpe': 1.6999198743951767, 'I_gpi': 2.0020006770184375, 'noise_stn_sigma': 3.931444512664018, 'noise_gpe_sigma': 93.12988174870799, 'noise_gpi_sigma': 113.70276893617987, 'g_stn_gpe_mult': 3.1588764768032727, 'g_gpe_stn_mult': 0.12393927927727388, 'g_stn_gpi_mult': 2.5544681731513372, 'g_gpe_gpi_mult': 0.6280064871101855}. Best is trial 99 with value: 0.24317854242390916.
[I 2026-05-28 21:37:09,588] Trial 162 finished with value: 4.39507364446401 and parameters: {'ISTN': 69.93935094520714, 'I_gpe': 1.8953244037005972, 'I_gpi': 2.2993131823080635, 'noise_stn_sigma': 3.660612681734472, 'noise_gpe_sigma': 73.01041248073105, 'noise_gpi_sigma': 120.95851040004777, 'g_stn_gpe_mult': 3.771335692768655, 'g_gpe_stn_mult': 0.1051084621534561, 'g_stn_gpi_mult': 2.2192559549077844, 'g_gpe_gpi_mult': 0.5688722863717635}. Best is trial 99 with value: 0.24317854242390916.
[I 2026-05-28 21:37:10,597] Trial 163 finished with value: 14.167321582458719 and parameters: {'ISTN': 71.16126152795799, 'I_gpe': 1.8418221165286648, 'I_gpi': 1.905388721247739, 'noise_stn_sigma': 4.589955384502043, 'noise_gpe_sigma': 76.107855449948, 'noise_gpi_sigma': 119.51082964478162, 'g_stn_gpe_mult': 3.4339636904986084, 'g_gpe_stn_mult': 0.21998702618259125, 'g_stn_gpi_mult': 2.480568869687299, 'g_gpe_gpi_mult': 0.5117569450423965}. Best is trial 99 with value: 0.24317854242390916.
[I 2026-05-28 21:37:11,604] Trial 164 finished with value: 11.664812323557893 and parameters: {'ISTN': 69.04836650287638, 'I_gpe': 2.2805564783420573, 'I_gpi': 2.1029485699287775, 'noise_stn_sigma': 3.8785073640722807, 'noise_gpe_sigma': 89.18856639349069, 'noise_gpi_sigma': 116.58719489437614, 'g_stn_gpe_mult': 3.713514075386997, 'g_gpe_stn_mult': 0.13344928089924862, 'g_stn_gpi_mult': 2.5444798447529933, 'g_gpe_gpi_mult': 0.5397754530359482}. Best is trial 99 with value: 0.24317854242390916.
[I 2026-05-28 21:37:12,611] Trial 165 finished with value: 13.624717591532296 and parameters: {'ISTN': 76.05746438768324, 'I_gpe': 1.6186802384913914, 'I_gpi': 1.945580367636949, 'noise_stn_sigma': 3.9951640935223196, 'noise_gpe_sigma': 92.71735888868047, 'noise_gpi_sigma': 97.61080512075705, 'g_stn_gpe_mult': 3.7597785234829724, 'g_gpe_stn_mult': 0.13982714556099948, 'g_stn_gpi_mult': 2.3005582598599696, 'g_gpe_gpi_mult': 0.4342397690704055}. Best is trial 99 with value: 0.24317854242390916.
[I 2026-05-28 21:37:13,619] Trial 166 finished with value: 12.685237212975313 and parameters: {'ISTN': 66.24571053289922, 'I_gpe': 2.3604567783506987, 'I_gpi': 2.3883822056172277, 'noise_stn_sigma': 4.114316999879143, 'noise_gpe_sigma': 80.60355553338165, 'noise_gpi_sigma': 101.75621468858311, 'g_stn_gpe_mult': 3.3700283836214395, 'g_gpe_stn_mult': 0.18773133618620425, 'g_stn_gpi_mult': 2.5114734729422565, 'g_gpe_gpi_mult': 0.4818409873363506}. Best is trial 99 with value: 0.24317854242390916.
[I 2026-05-28 21:37:14,624] Trial 167 finished with value: 2.5104642216486974 and parameters: {'ISTN': 65.50533954311442, 'I_gpe': 2.0023520873454594, 'I_gpi': 2.6328774714776757, 'noise_stn_sigma': 3.712735467229483, 'noise_gpe_sigma': 83.47838994115108, 'noise_gpi_sigma': 114.26287786455136, 'g_stn_gpe_mult': 3.5276886773877956, 'g_gpe_stn_mult': 0.14126991198682515, 'g_stn_gpi_mult': 2.4500654260896395, 'g_gpe_gpi_mult': 0.6299050124105494}. Best is trial 99 with value: 0.24317854242390916.
[I 2026-05-28 21:37:15,631] Trial 168 finished with value: 8.257721487886739 and parameters: {'ISTN': 71.81918288682628, 'I_gpe': 1.834935057685253, 'I_gpi': 2.5828508145735363, 'noise_stn_sigma': 3.4467201821843543, 'noise_gpe_sigma': 79.06290376832922, 'noise_gpi_sigma': 117.23410610784296, 'g_stn_gpe_mult': 3.5034791952299096, 'g_gpe_stn_mult': 0.16242865452348307, 'g_stn_gpi_mult': 2.5765712801737717, 'g_gpe_gpi_mult': 0.6051738404993418}. Best is trial 99 with value: 0.24317854242390916.
[I 2026-05-28 21:37:16,635] Trial 169 finished with value: 11.852860805343175 and parameters: {'ISTN': 65.52750057890614, 'I_gpe': 2.0143081398655402, 'I_gpi': 1.484147175301422, 'noise_stn_sigma': 4.287010821900271, 'noise_gpe_sigma': 77.54212216722598, 'noise_gpi_sigma': 111.08686939730423, 'g_stn_gpe_mult': 2.6455644822802515, 'g_gpe_stn_mult': 0.19839545717672397, 'g_stn_gpi_mult': 2.5634055745421245, 'g_gpe_gpi_mult': 0.6118392580694746}. Best is trial 99 with value: 0.24317854242390916.
[I 2026-05-28 21:37:17,643] Trial 170 finished with value: 2.3216234636447304 and parameters: {'ISTN': 61.08205075668201, 'I_gpe': 2.0051523599705137, 'I_gpi': 2.683410544241902, 'noise_stn_sigma': 3.745841798530138, 'noise_gpe_sigma': 86.02982695259739, 'noise_gpi_sigma': 127.64188147352982, 'g_stn_gpe_mult': 3.813433063958359, 'g_gpe_stn_mult': 0.23462276391038908, 'g_stn_gpi_mult': 2.8507099561191467, 'g_gpe_gpi_mult': 0.6579454885332404}. Best is trial 99 with value: 0.24317854242390916.
[I 2026-05-28 21:37:18,650] Trial 171 finished with value: 0.42689638031988475 and parameters: {'ISTN': 65.26251488053154, 'I_gpe': 1.8236944035499045, 'I_gpi': 2.0488174738001304, 'noise_stn_sigma': 3.3315016895216254, 'noise_gpe_sigma': 73.18747572641647, 'noise_gpi_sigma': 108.02903731244652, 'g_stn_gpe_mult': 3.457364366548489, 'g_gpe_stn_mult': 0.12709132852774135, 'g_stn_gpi_mult': 2.6603578071035043, 'g_gpe_gpi_mult': 0.6658138063188261}. Best is trial 99 with value: 0.24317854242390916.
[I 2026-05-28 21:37:19,659] Trial 172 finished with value: 6.305491153176575 and parameters: {'ISTN': 66.24684735468665, 'I_gpe': 2.0308000082258464, 'I_gpi': 1.8521047960902506, 'noise_stn_sigma': 3.3996701361275905, 'noise_gpe_sigma': 81.95726708359223, 'noise_gpi_sigma': 106.15072599163058, 'g_stn_gpe_mult': 3.440632877955287, 'g_gpe_stn_mult': 0.24991551755845776, 'g_stn_gpi_mult': 2.932863782110198, 'g_gpe_gpi_mult': 0.5586399827023711}. Best is trial 99 with value: 0.24317854242390916.
[I 2026-05-28 21:37:20,665] Trial 173 finished with value: 12.402043364651927 and parameters: {'ISTN': 71.65683785629973, 'I_gpe': 2.287975772778422, 'I_gpi': 2.8439557856003352, 'noise_stn_sigma': 3.40636480068216, 'noise_gpe_sigma': 68.76931154545264, 'noise_gpi_sigma': 118.5543309743043, 'g_stn_gpe_mult': 3.226864999203555, 'g_gpe_stn_mult': 0.1838916553553409, 'g_stn_gpi_mult': 2.664628322738751, 'g_gpe_gpi_mult': 0.662968527129693}. Best is trial 99 with value: 0.24317854242390916.
[I 2026-05-28 21:37:21,671] Trial 174 finished with value: 3.2922262308887658 and parameters: {'ISTN': 67.90974748739592, 'I_gpe': 2.0401825162107814, 'I_gpi': 2.305436162131225, 'noise_stn_sigma': 3.8958664725837275, 'noise_gpe_sigma': 89.37089932150327, 'noise_gpi_sigma': 114.77117449084881, 'g_stn_gpe_mult': 3.1979607283556937, 'g_gpe_stn_mult': 0.10502463626726329, 'g_stn_gpi_mult': 2.603316872838145, 'g_gpe_gpi_mult': 0.7554998653085048}. Best is trial 99 with value: 0.24317854242390916.
[I 2026-05-28 21:37:22,677] Trial 175 finished with value: 9.854135973144286 and parameters: {'ISTN': 73.99604747297602, 'I_gpe': 2.172960364335176, 'I_gpi': 1.7751146005667178, 'noise_stn_sigma': 4.320674643864802, 'noise_gpe_sigma': 92.34376329139037, 'noise_gpi_sigma': 104.79455497995488, 'g_stn_gpe_mult': 3.3964347882903327, 'g_gpe_stn_mult': 0.19736897793297964, 'g_stn_gpi_mult': 2.7961699278655665, 'g_gpe_gpi_mult': 0.5930619270866788}. Best is trial 99 with value: 0.24317854242390916.
