[I 2026-05-28 22:24:41,639] Trial 968 finished with value: 7.0279189484839995 and parameters: {'ISTN': 109.26249555659598, 'I_gpe': 2.3339321811713907, 'I_gpi': 2.162284936189644, 'noise_stn_sigma': 3.7548248963602835, 'noise_gpe_sigma': 118.35237324778174, 'noise_gpi_sigma': 144.10387993673305, 'g_stn_gpe_mult': 3.975641419913863, 'g_gpe_stn_mult': 0.6450400248791788, 'g_stn_gpi_mult': 1.5037405695782118, 'g_gpe_gpi_mult': 0.772631362989741}. Best is trial 767 with value: 0.775992504791496.
[I 2026-05-28 22:24:42,682] Trial 969 finished with value: 1.3954448720145523 and parameters: {'ISTN': 112.18727112523894, 'I_gpe': 2.3156717170883088, 'I_gpi': 2.0732661059726074, 'noise_stn_sigma': 3.4560886473919363, 'noise_gpe_sigma': 117.08249017605061, 'noise_gpi_sigma': 143.51893411762845, 'g_stn_gpe_mult': 3.9711175902917284, 'g_gpe_stn_mult': 0.6600738984537512, 'g_stn_gpi_mult': 1.461714741712509, 'g_gpe_gpi_mult': 0.7679642879889503}. Best is trial 767 with value: 0.775992504791496.
[I 2026-05-28 22:24:43,724] Trial 970 finished with value: 5.659620536746631 and parameters: {'ISTN': 112.22740938824911, 'I_gpe': 2.332471461883461, 'I_gpi': 2.142664157251229, 'noise_stn_sigma': 3.6526162014189345, 'noise_gpe_sigma': 119.12910859866312, 'noise_gpi_sigma': 142.39007320341312, 'g_stn_gpe_mult': 4.168278587656514, 'g_gpe_stn_mult': 0.6533379615702991, 'g_stn_gpi_mult': 1.545167694723625, 'g_gpe_gpi_mult': 0.7553631030808063}. Best is trial 767 with value: 0.775992504791496.
[I 2026-05-28 22:24:44,767] Trial 971 finished with value: 1.6735246009919202 and parameters: {'ISTN': 111.33853005453781, 'I_gpe': 2.3668857354364405, 'I_gpi': 2.175171266002814, 'noise_stn_sigma': 3.5703245401495805, 'noise_gpe_sigma': 119.35960285016476, 'noise_gpi_sigma': 142.53887191987218, 'g_stn_gpe_mult': 3.9971405512730995, 'g_gpe_stn_mult': 0.6491394896035625, 'g_stn_gpi_mult': 1.5136330388784551, 'g_gpe_gpi_mult': 0.7695433642189853}. Best is trial 767 with value: 0.775992504791496.
[I 2026-05-28 22:24:45,809] Trial 972 finished with value: 3.6983697081824287 and parameters: {'ISTN': 109.49637552811097, 'I_gpe': 2.2807670926151014, 'I_gpi': 2.0580841159855723, 'noise_stn_sigma': 3.811482492682351, 'noise_gpe_sigma': 115.37248780303771, 'noise_gpi_sigma': 141.38183339336257, 'g_stn_gpe_mult': 4.0412049262220915, 'g_gpe_stn_mult': 0.6395626091367983, 'g_stn_gpi_mult': 1.5385394929861036, 'g_gpe_gpi_mult': 0.7594916206478175}. Best is trial 767 with value: 0.775992504791496.
[I 2026-05-28 22:24:46,852] Trial 973 finished with value: 1.413719568356883 and parameters: {'ISTN': 111.37045513586916, 'I_gpe': 2.3099611108303684, 'I_gpi': 2.1721635576084206, 'noise_stn_sigma': 3.7551161592116955, 'noise_gpe_sigma': 119.16191750691252, 'noise_gpi_sigma': 144.62782835808719, 'g_stn_gpe_mult': 3.9602567609775514, 'g_gpe_stn_mult': 0.6579990195933797, 'g_stn_gpi_mult': 1.5285408810252215, 'g_gpe_gpi_mult': 0.7638170888816664}. Best is trial 767 with value: 0.775992504791496.
[I 2026-05-28 22:24:47,894] Trial 974 finished with value: 5.6562385786330465 and parameters: {'ISTN': 113.03371222150989, 'I_gpe': 2.3041174571935925, 'I_gpi': 2.1427108941471245, 'noise_stn_sigma': 3.7304219735679203, 'noise_gpe_sigma': 118.93544290243813, 'noise_gpi_sigma': 144.39911580962684, 'g_stn_gpe_mult': 4.068166562736819, 'g_gpe_stn_mult': 0.6539015507057763, 'g_stn_gpi_mult': 1.4834609890175958, 'g_gpe_gpi_mult': 0.7427787102820642}. Best is trial 767 with value: 0.775992504791496.
[I 2026-05-28 22:24:48,937] Trial 975 finished with value: 3.1414158634030196 and parameters: {'ISTN': 110.78144509105235, 'I_gpe': 2.2725057769543056, 'I_gpi': 2.1206389672882793, 'noise_stn_sigma': 3.8663453247963457, 'noise_gpe_sigma': 116.38979934310656, 'noise_gpi_sigma': 140.69343430445886, 'g_stn_gpe_mult': 4.028909425775958, 'g_gpe_stn_mult': 0.6459994859143028, 'g_stn_gpi_mult': 1.5723252339055582, 'g_gpe_gpi_mult': 0.7450730307126727}. Best is trial 767 with value: 0.775992504791496.
[I 2026-05-28 22:24:49,982] Trial 976 finished with value: 0.8789859957260254 and parameters: {'ISTN': 111.80953772292912, 'I_gpe': 2.2949003982861416, 'I_gpi': 2.203311800547164, 'noise_stn_sigma': 3.781857748920039, 'noise_gpe_sigma': 116.81060639681897, 'noise_gpi_sigma': 138.8600999611475, 'g_stn_gpe_mult': 4.04070620131392, 'g_gpe_stn_mult': 0.6549312771870656, 'g_stn_gpi_mult': 1.4561194185130133, 'g_gpe_gpi_mult': 0.7466356773250689}. Best is trial 767 with value: 0.775992504791496.
[I 2026-05-28 22:24:51,025] Trial 977 finished with value: 4.238498185492238 and parameters: {'ISTN': 111.31757143696424, 'I_gpe': 2.27364543840492, 'I_gpi': 2.0448801145303843, 'noise_stn_sigma': 3.7116858057134015, 'noise_gpe_sigma': 119.83319974141216, 'noise_gpi_sigma': 138.75989415911363, 'g_stn_gpe_mult': 4.105525313751371, 'g_gpe_stn_mult': 0.6474802556812405, 'g_stn_gpi_mult': 1.5447255529487487, 'g_gpe_gpi_mult': 0.7563160299258584}. Best is trial 767 with value: 0.775992504791496.
[I 2026-05-28 22:24:52,068] Trial 978 finished with value: 1.7948020099219149 and parameters: {'ISTN': 112.46605001137885, 'I_gpe': 2.280313610080621, 'I_gpi': 2.0139446376198076, 'noise_stn_sigma': 3.634925561436467, 'noise_gpe_sigma': 115.2843064658261, 'noise_gpi_sigma': 136.37301835625124, 'g_stn_gpe_mult': 4.042350382816713, 'g_gpe_stn_mult': 0.6604810713609383, 'g_stn_gpi_mult': 1.4671687062879564, 'g_gpe_gpi_mult': 0.7464342710612353}. Best is trial 767 with value: 0.775992504791496.
[I 2026-05-28 22:24:53,051] Trial 979 finished with value: 1000000.0 and parameters: {'ISTN': 111.9178818524377, 'I_gpe': 2.2855633571631038, 'I_gpi': 2.1599952536376903, 'noise_stn_sigma': 3.7737435278479605, 'noise_gpe_sigma': 117.77660755857772, 'noise_gpi_sigma': 142.9059369090797, 'g_stn_gpe_mult': 3.872276055932593, 'g_gpe_stn_mult': 0.6517669140000152, 'g_stn_gpi_mult': 1.5785041604220815, 'g_gpe_gpi_mult': 0.7582330369482173}. Best is trial 767 with value: 0.775992504791496.
[I 2026-05-28 22:24:54,094] Trial 980 finished with value: 3.538556469733527 and parameters: {'ISTN': 111.6867353349898, 'I_gpe': 2.2639204122526, 'I_gpi': 2.0545516748766106, 'noise_stn_sigma': 3.7962956462544035, 'noise_gpe_sigma': 121.55451864577962, 'noise_gpi_sigma': 142.12753432910026, 'g_stn_gpe_mult': 4.003521471402253, 'g_gpe_stn_mult': 0.6567090143809091, 'g_stn_gpi_mult': 1.612202449910034, 'g_gpe_gpi_mult': 0.7358112180264311}. Best is trial 767 with value: 0.775992504791496.
[I 2026-05-28 22:24:55,139] Trial 981 finished with value: 2.3318309774806596 and parameters: {'ISTN': 110.61736138923939, 'I_gpe': 2.339307103963126, 'I_gpi': 2.269303146246366, 'noise_stn_sigma': 3.640845416092948, 'noise_gpe_sigma': 118.84453669721634, 'noise_gpi_sigma': 139.55511804323334, 'g_stn_gpe_mult': 3.935760269148309, 'g_gpe_stn_mult': 0.6533815311166892, 'g_stn_gpi_mult': 1.5263980755682667, 'g_gpe_gpi_mult': 0.7426104712874988}. Best is trial 767 with value: 0.775992504791496.
[I 2026-05-28 22:24:56,183] Trial 982 finished with value: 4.376946427397839 and parameters: {'ISTN': 111.55593145009215, 'I_gpe': 2.366585775244415, 'I_gpi': 2.162164188365896, 'noise_stn_sigma': 3.239622052393256, 'noise_gpe_sigma': 115.74571262209254, 'noise_gpi_sigma': 139.96056294379838, 'g_stn_gpe_mult': 3.9634744236002666, 'g_gpe_stn_mult': 0.6569937540730038, 'g_stn_gpi_mult': 1.4406119290037163, 'g_gpe_gpi_mult': 0.7826363383830799}. Best is trial 767 with value: 0.775992504791496.
[I 2026-05-28 22:24:57,227] Trial 983 finished with value: 2.3735586858333377 and parameters: {'ISTN': 112.82363948215723, 'I_gpe': 2.2621125886215543, 'I_gpi': 2.0846430110985326, 'noise_stn_sigma': 3.479584770357247, 'noise_gpe_sigma': 117.43983023396935, 'noise_gpi_sigma': 140.15881517773158, 'g_stn_gpe_mult': 4.0591201698954515, 'g_gpe_stn_mult': 0.6526039161007736, 'g_stn_gpi_mult': 1.4346922536839888, 'g_gpe_gpi_mult': 0.7624745854847703}. Best is trial 767 with value: 0.775992504791496.
[I 2026-05-28 22:24:58,271] Trial 984 finished with value: 2.5326880762522026 and parameters: {'ISTN': 112.07952591135121, 'I_gpe': 2.261092707506457, 'I_gpi': 2.112463459773279, 'noise_stn_sigma': 3.525154216053752, 'noise_gpe_sigma': 115.07358232135931, 'noise_gpi_sigma': 138.5140163451822, 'g_stn_gpe_mult': 4.026639251728543, 'g_gpe_stn_mult': 0.6559662594910469, 'g_stn_gpi_mult': 1.4510966966928112, 'g_gpe_gpi_mult': 0.7442050253353314}. Best is trial 767 with value: 0.775992504791496.
[I 2026-05-28 22:24:59,315] Trial 985 finished with value: 1.437719039442785 and parameters: {'ISTN': 109.99353073006085, 'I_gpe': 2.324602505023434, 'I_gpi': 2.154975276122256, 'noise_stn_sigma': 3.5813855598056135, 'noise_gpe_sigma': 115.80228248780921, 'noise_gpi_sigma': 143.26133436819077, 'g_stn_gpe_mult': 3.9598779530829624, 'g_gpe_stn_mult': 0.64371028436669, 'g_stn_gpi_mult': 1.5257154552708325, 'g_gpe_gpi_mult': 0.7867182601058242}. Best is trial 767 with value: 0.775992504791496.
[I 2026-05-28 22:25:00,358] Trial 986 finished with value: 4.212015376108561 and parameters: {'ISTN': 111.86458729990864, 'I_gpe': 2.3118076139312294, 'I_gpi': 2.090802381559068, 'noise_stn_sigma': 3.7433378129962662, 'noise_gpe_sigma': 119.80899497029964, 'noise_gpi_sigma': 141.45390140675022, 'g_stn_gpe_mult': 4.0498634882171025, 'g_gpe_stn_mult': 0.65446999110498, 'g_stn_gpi_mult': 1.4554826915107955, 'g_gpe_gpi_mult': 0.7531608960589407}. Best is trial 767 with value: 0.775992504791496.
[I 2026-05-28 22:25:01,401] Trial 987 finished with value: 3.025500970053651 and parameters: {'ISTN': 111.13622379836619, 'I_gpe': 2.365185579598982, 'I_gpi': 2.281568143225282, 'noise_stn_sigma': 3.7609406612489686, 'noise_gpe_sigma': 118.97627932308892, 'noise_gpi_sigma': 145.70808660260053, 'g_stn_gpe_mult': 3.9846475578028735, 'g_gpe_stn_mult': 0.6550782677555234, 'g_stn_gpi_mult': 1.5314191595656341, 'g_gpe_gpi_mult': 0.771314570055903}. Best is trial 767 with value: 0.775992504791496.
[I 2026-05-28 22:25:02,444] Trial 988 finished with value: 4.249673121602261 and parameters: {'ISTN': 110.78450679051767, 'I_gpe': 2.272647715311818, 'I_gpi': 2.084822397133127, 'noise_stn_sigma': 3.617409142324074, 'noise_gpe_sigma': 115.4685543749867, 'noise_gpi_sigma': 138.58238977999594, 'g_stn_gpe_mult': 4.042977273375865, 'g_gpe_stn_mult': 0.64434695019616, 'g_stn_gpi_mult': 1.4306047334381984, 'g_gpe_gpi_mult': 0.743748360575111}. Best is trial 767 with value: 0.775992504791496.
[I 2026-05-28 22:25:03,487] Trial 989 finished with value: 2.514761687274318 and parameters: {'ISTN': 112.85779106119053, 'I_gpe': 2.3335365909635946, 'I_gpi': 2.3533345054776973, 'noise_stn_sigma': 3.6579171310607688, 'noise_gpe_sigma': 122.9189615275186, 'noise_gpi_sigma': 140.06024259013026, 'g_stn_gpe_mult': 4.047206625319054, 'g_gpe_stn_mult': 0.6545242720951252, 'g_stn_gpi_mult': 1.59198071676523, 'g_gpe_gpi_mult': 0.7806994605312094}. Best is trial 767 with value: 0.775992504791496.
[I 2026-05-28 22:25:04,529] Trial 990 finished with value: 2.5728866391710077 and parameters: {'ISTN': 111.61777008367838, 'I_gpe': 2.3553302483921605, 'I_gpi': 2.154238536592035, 'noise_stn_sigma': 3.839710259809317, 'noise_gpe_sigma': 119.73822772414405, 'noise_gpi_sigma': 139.4048531568214, 'g_stn_gpe_mult': 3.9465854700129714, 'g_gpe_stn_mult': 0.654951375416875, 'g_stn_gpi_mult': 1.5733700135270738, 'g_gpe_gpi_mult': 0.7416274233289388}. Best is trial 767 with value: 0.775992504791496.
[I 2026-05-28 22:25:05,576] Trial 991 finished with value: 5.971938110007634 and parameters: {'ISTN': 110.88986088326152, 'I_gpe': 2.2959485073747117, 'I_gpi': 2.0788443092151505, 'noise_stn_sigma': 3.2786277976746323, 'noise_gpe_sigma': 117.5101979518936, 'noise_gpi_sigma': 139.37918512604654, 'g_stn_gpe_mult': 3.9560145772908144, 'g_gpe_stn_mult': 0.6519781471853122, 'g_stn_gpi_mult': 1.465491291577301, 'g_gpe_gpi_mult': 0.7876844786568156}. Best is trial 767 with value: 0.775992504791496.
[I 2026-05-28 22:25:06,619] Trial 992 finished with value: 1.4891334225560258 and parameters: {'ISTN': 110.41760185858891, 'I_gpe': 2.3616188804385114, 'I_gpi': 2.2165659611261095, 'noise_stn_sigma': 3.5088608676704767, 'noise_gpe_sigma': 118.75385884811074, 'noise_gpi_sigma': 148.96021551048625, 'g_stn_gpe_mult': 3.962346099200716, 'g_gpe_stn_mult': 0.6470544882095781, 'g_stn_gpi_mult': 1.5293989430124864, 'g_gpe_gpi_mult': 0.7980893010038244}. Best is trial 767 with value: 0.775992504791496.
[I 2026-05-28 22:25:07,663] Trial 993 finished with value: 2.039111477418232 and parameters: {'ISTN': 110.75820551861824, 'I_gpe': 2.3282227380221823, 'I_gpi': 2.180432584142368, 'noise_stn_sigma': 3.753958904504932, 'noise_gpe_sigma': 117.41178553748178, 'noise_gpi_sigma': 140.8329226579603, 'g_stn_gpe_mult': 3.910765029043242, 'g_gpe_stn_mult': 0.6398407548047454, 'g_stn_gpi_mult': 1.5758626739636963, 'g_gpe_gpi_mult': 0.730881495092712}. Best is trial 767 with value: 0.775992504791496.
[I 2026-05-28 22:25:08,707] Trial 994 finished with value: 2.007604979204653 and parameters: {'ISTN': 109.36793454781576, 'I_gpe': 2.376091597233608, 'I_gpi': 2.177121981961184, 'noise_stn_sigma': 3.6179503894342453, 'noise_gpe_sigma': 120.88285597208825, 'noise_gpi_sigma': 143.61814081831864, 'g_stn_gpe_mult': 3.8647596753240085, 'g_gpe_stn_mult': 0.6314772475330979, 'g_stn_gpi_mult': 1.6079385234203618, 'g_gpe_gpi_mult': 0.7974546945920649}. Best is trial 767 with value: 0.775992504791496.
[I 2026-05-28 22:25:09,750] Trial 995 finished with value: 4.910525183063458 and parameters: {'ISTN': 111.17919158849361, 'I_gpe': 2.3346778709425733, 'I_gpi': 2.2961405043803937, 'noise_stn_sigma': 3.564151187407258, 'noise_gpe_sigma': 114.94200386813317, 'noise_gpi_sigma': 139.00999707797803, 'g_stn_gpe_mult': 4.056595190018298, 'g_gpe_stn_mult': 0.6485422057889357, 'g_stn_gpi_mult': 1.4876401068725094, 'g_gpe_gpi_mult': 0.7899802919876089}. Best is trial 767 with value: 0.775992504791496.
[I 2026-05-28 22:25:10,792] Trial 996 finished with value: 4.771169715058532 and parameters: {'ISTN': 110.70074171540438, 'I_gpe': 2.3318703011954085, 'I_gpi': 2.1860873064719177, 'noise_stn_sigma': 3.6185227143496634, 'noise_gpe_sigma': 116.72304662425147, 'noise_gpi_sigma': 139.58865700604724, 'g_stn_gpe_mult': 3.9614747554618504, 'g_gpe_stn_mult': 0.6518156848454042, 'g_stn_gpi_mult': 1.572194821015192, 'g_gpe_gpi_mult': 0.7468199088244394}. Best is trial 767 with value: 0.775992504791496.
[I 2026-05-28 22:25:11,835] Trial 997 finished with value: 2.4144807768350494 and parameters: {'ISTN': 111.7261196442073, 'I_gpe': 2.3399347757077456, 'I_gpi': 2.1336325692691087, 'noise_stn_sigma': 3.7452454255828664, 'noise_gpe_sigma': 119.98050501914052, 'noise_gpi_sigma': 139.43121643277777, 'g_stn_gpe_mult': 3.9272525479640885, 'g_gpe_stn_mult': 0.6525420937744902, 'g_stn_gpi_mult': 1.545180682495213, 'g_gpe_gpi_mult': 0.7853633257352202}. Best is trial 767 with value: 0.775992504791496.
[I 2026-05-28 22:25:12,878] Trial 998 finished with value: 4.225434329156499 and parameters: {'ISTN': 110.23050569530659, 'I_gpe': 2.2567028218999603, 'I_gpi': 2.0187232637396075, 'noise_stn_sigma': 3.488814609464516, 'noise_gpe_sigma': 115.76471555846902, 'noise_gpi_sigma': 140.1833717050514, 'g_stn_gpe_mult': 4.020137121298011, 'g_gpe_stn_mult': 0.6483770915186565, 'g_stn_gpi_mult': 1.5248566604479339, 'g_gpe_gpi_mult': 0.7580715960182711}. Best is trial 767 with value: 0.775992504791496.
[I 2026-05-28 22:25:13,918] Trial 999 finished with value: 1.2947113520126199 and parameters: {'ISTN': 112.10714831891426, 'I_gpe': 2.3651150879520833, 'I_gpi': 2.165582001613555, 'noise_stn_sigma': 3.8018194509804077, 'noise_gpe_sigma': 120.27301741820523, 'noise_gpi_sigma': 138.45890194335647, 'g_stn_gpe_mult': 4.0111596521544595, 'g_gpe_stn_mult': 0.6526458156561228, 'g_stn_gpi_mult': 1.5716016045854146, 'g_gpe_gpi_mult': 0.753081253822308}. Best is trial 767 with value: 0.775992504791496.
Condition: K_high
Seed: 42, Trials: 1000
Bounds:
  ISTN: [60.0, 150.0]
  I_gpe: [0.5, 4.0]
  I_gpi: [1.0, 5.0]
  noise_stn_sigma: [1.0, 8.0]
  noise_gpe_sigma: [20.0, 150.0]
  noise_gpi_sigma: [20.0, 150.0]
  g_stn_gpe_mult: [1.5, 5.0]
  g_gpe_stn_mult: [0.1, 0.8]
  g_stn_gpi_mult: [1.0, 4.0]
  g_gpe_gpi_mult: [0.2, 1.2]
Weights: {'rate': 5.0, 'cv': 0.2, 'beta': 15.0}
JAX devices: [CudaDevice(id=0)]
Connectivity (indegrees): STN->GPe=22 GPe->STN=21 STN->GPi=45 GPe->GPi=15

Building simulator...
Warming up JIT...
JIT ready.


============================================================
DONE: K_high (seed=42)
  Time: 17.4 min
  Best loss: 0.7760
  STN: 28.0 Hz (target 27.5)
  GPe: 57.0 Hz (target 42.5)
  GPi: 78.9 Hz (target 82.5)
  GPe beta: 19.6%
  STN beta: 4.4%
  Synaptic multipliers:
    g_stn_gpe_mult: 4.307
    g_gpe_stn_mult: 0.691
    g_stn_gpi_mult: 1.411
    g_gpe_gpi_mult: 0.744
  Saved: results/sensitivity2/density/K_high.pkl
