[I 2026-05-28 21:45:30,829] Trial 660 finished with value: 0.13949840480803122 and parameters: {'ISTN': 60.38753634248295, 'I_gpe': 1.0387892642129002, 'I_gpi': 2.0938449092135585, 'noise_stn_sigma': 3.1661300853399768, 'noise_gpe_sigma': 110.05852572136587, 'noise_gpi_sigma': 80.92508589422454, 'g_stn_gpe_mult': 3.562047695057714, 'g_gpe_stn_mult': 0.15849234997565576, 'g_stn_gpi_mult': 2.720684533715878, 'g_gpe_gpi_mult': 0.7990725761967783}. Best is trial 609 with value: 0.1297953515744074.
[I 2026-05-28 21:45:31,836] Trial 661 finished with value: 0.13698910537085682 and parameters: {'ISTN': 60.41912569274757, 'I_gpe': 1.0285942076949484, 'I_gpi': 2.067470267014885, 'noise_stn_sigma': 3.069677163597929, 'noise_gpe_sigma': 110.96138808601029, 'noise_gpi_sigma': 81.92443687704633, 'g_stn_gpe_mult': 3.6205395354190313, 'g_gpe_stn_mult': 0.15480221922546453, 'g_stn_gpi_mult': 2.670434006618304, 'g_gpe_gpi_mult': 0.7939942832824496}. Best is trial 609 with value: 0.1297953515744074.
[I 2026-05-28 21:45:32,845] Trial 662 finished with value: 0.2763778141615068 and parameters: {'ISTN': 61.13879131337554, 'I_gpe': 1.0723736705406735, 'I_gpi': 2.1655700763141086, 'noise_stn_sigma': 3.1446960480187003, 'noise_gpe_sigma': 110.87603353439165, 'noise_gpi_sigma': 79.53153976662844, 'g_stn_gpe_mult': 3.483269323204561, 'g_gpe_stn_mult': 0.14215120956852773, 'g_stn_gpi_mult': 2.683438499632432, 'g_gpe_gpi_mult': 0.7674409191064244}. Best is trial 609 with value: 0.1297953515744074.
[I 2026-05-28 21:45:33,850] Trial 663 finished with value: 0.20179777694888226 and parameters: {'ISTN': 60.96814901070381, 'I_gpe': 1.1338944802029598, 'I_gpi': 2.1144418898694983, 'noise_stn_sigma': 2.9086934135202585, 'noise_gpe_sigma': 114.4801640428832, 'noise_gpi_sigma': 80.15405198594036, 'g_stn_gpe_mult': 3.5232287101103537, 'g_gpe_stn_mult': 0.1497709552371872, 'g_stn_gpi_mult': 2.672390569002519, 'g_gpe_gpi_mult': 0.8239803550076861}. Best is trial 609 with value: 0.1297953515744074.
[I 2026-05-28 21:45:34,857] Trial 664 finished with value: 0.14618995836004825 and parameters: {'ISTN': 61.44538546668474, 'I_gpe': 1.0585868856242313, 'I_gpi': 1.9951146749752824, 'noise_stn_sigma': 2.8940146757517855, 'noise_gpe_sigma': 111.28294086947025, 'noise_gpi_sigma': 83.83000659035295, 'g_stn_gpe_mult': 3.430167395053806, 'g_gpe_stn_mult': 0.15569634356426648, 'g_stn_gpi_mult': 2.7430962793487095, 'g_gpe_gpi_mult': 0.7667517070185614}. Best is trial 609 with value: 0.1297953515744074.
[I 2026-05-28 21:45:35,865] Trial 665 finished with value: 0.18192096744283834 and parameters: {'ISTN': 63.278485560765354, 'I_gpe': 0.9971809515037275, 'I_gpi': 2.0949862334990055, 'noise_stn_sigma': 3.017848581926398, 'noise_gpe_sigma': 115.96084312816804, 'noise_gpi_sigma': 78.93970753330998, 'g_stn_gpe_mult': 3.684725059746207, 'g_gpe_stn_mult': 0.14678654263653176, 'g_stn_gpi_mult': 2.643768166414952, 'g_gpe_gpi_mult': 0.8128920734435374}. Best is trial 609 with value: 0.1297953515744074.
[I 2026-05-28 21:45:36,873] Trial 666 finished with value: 0.14909696671228498 and parameters: {'ISTN': 60.82334964935517, 'I_gpe': 1.0261507611423428, 'I_gpi': 1.996485347776084, 'noise_stn_sigma': 2.85329097668652, 'noise_gpe_sigma': 109.75010027383, 'noise_gpi_sigma': 81.17799784623259, 'g_stn_gpe_mult': 3.5874295980493507, 'g_gpe_stn_mult': 0.16440892287321363, 'g_stn_gpi_mult': 2.7394622866661194, 'g_gpe_gpi_mult': 0.7457518548359194}. Best is trial 609 with value: 0.1297953515744074.
[I 2026-05-28 21:45:37,880] Trial 667 finished with value: 0.16832302278568279 and parameters: {'ISTN': 61.81532928096683, 'I_gpe': 0.9622900595217556, 'I_gpi': 2.079268915235528, 'noise_stn_sigma': 3.134643300759755, 'noise_gpe_sigma': 112.18724975513378, 'noise_gpi_sigma': 81.25920639707257, 'g_stn_gpe_mult': 3.583917860252835, 'g_gpe_stn_mult': 0.1623262522599628, 'g_stn_gpi_mult': 2.7200962245884304, 'g_gpe_gpi_mult': 0.8061019637148503}. Best is trial 609 with value: 0.1297953515744074.
[I 2026-05-28 21:45:38,889] Trial 668 finished with value: 0.14744107728088676 and parameters: {'ISTN': 61.08777899249078, 'I_gpe': 1.0597714174049875, 'I_gpi': 2.0144313853313767, 'noise_stn_sigma': 2.8710644321306273, 'noise_gpe_sigma': 111.54031125223787, 'noise_gpi_sigma': 81.80603320237522, 'g_stn_gpe_mult': 3.588302929980864, 'g_gpe_stn_mult': 0.17598817808662137, 'g_stn_gpi_mult': 2.6788430078895322, 'g_gpe_gpi_mult': 0.7853623091848536}. Best is trial 609 with value: 0.1297953515744074.
[I 2026-05-28 21:45:39,898] Trial 669 finished with value: 0.1426873413768674 and parameters: {'ISTN': 60.03597589310719, 'I_gpe': 1.0741680963928477, 'I_gpi': 2.0723339064478297, 'noise_stn_sigma': 2.9757566651457767, 'noise_gpe_sigma': 111.93958423214337, 'noise_gpi_sigma': 77.9098251027859, 'g_stn_gpe_mult': 3.5601833420499034, 'g_gpe_stn_mult': 0.1711468408463246, 'g_stn_gpi_mult': 2.6688524162851115, 'g_gpe_gpi_mult': 0.7670490344725565}. Best is trial 609 with value: 0.1297953515744074.
[I 2026-05-28 21:45:40,903] Trial 670 finished with value: 0.13864183258625712 and parameters: {'ISTN': 60.301525638469094, 'I_gpe': 1.133927418840773, 'I_gpi': 2.0185309450963422, 'noise_stn_sigma': 3.076420354813133, 'noise_gpe_sigma': 108.40669060675651, 'noise_gpi_sigma': 88.18743075513758, 'g_stn_gpe_mult': 3.4285675661277373, 'g_gpe_stn_mult': 0.1533063340244611, 'g_stn_gpi_mult': 2.743575523885192, 'g_gpe_gpi_mult': 0.7526467672901485}. Best is trial 609 with value: 0.1297953515744074.
[I 2026-05-28 21:45:41,914] Trial 671 finished with value: 0.14899852397828986 and parameters: {'ISTN': 60.53095423245363, 'I_gpe': 0.9731839341666632, 'I_gpi': 2.1087260820197877, 'noise_stn_sigma': 3.0313337275670227, 'noise_gpe_sigma': 111.5899775102733, 'noise_gpi_sigma': 79.6364747414365, 'g_stn_gpe_mult': 3.621596303240755, 'g_gpe_stn_mult': 0.14408312218142244, 'g_stn_gpi_mult': 2.5938913193553064, 'g_gpe_gpi_mult': 0.8131918555825635}. Best is trial 609 with value: 0.1297953515744074.
[I 2026-05-28 21:45:42,922] Trial 672 finished with value: 0.136529791056836 and parameters: {'ISTN': 60.21598539806348, 'I_gpe': 1.0766259576184618, 'I_gpi': 2.0606988340813315, 'noise_stn_sigma': 2.9131634092393357, 'noise_gpe_sigma': 110.91323181784176, 'noise_gpi_sigma': 84.35435104823864, 'g_stn_gpe_mult': 3.4619079470073353, 'g_gpe_stn_mult': 0.16192904325087237, 'g_stn_gpi_mult': 2.6803578100779673, 'g_gpe_gpi_mult': 0.783368469408231}. Best is trial 609 with value: 0.1297953515744074.
[I 2026-05-28 21:45:43,928] Trial 673 finished with value: 0.16161810795700426 and parameters: {'ISTN': 60.236958393135055, 'I_gpe': 0.9427366271958867, 'I_gpi': 2.1522207929799198, 'noise_stn_sigma': 3.0861784082324344, 'noise_gpe_sigma': 114.1078474265995, 'noise_gpi_sigma': 77.69896869250373, 'g_stn_gpe_mult': 3.414536339718466, 'g_gpe_stn_mult': 0.15116733812520589, 'g_stn_gpi_mult': 2.666105215151048, 'g_gpe_gpi_mult': 0.7992701925388244}. Best is trial 609 with value: 0.1297953515744074.
[I 2026-05-28 21:45:44,935] Trial 674 finished with value: 0.34871398893940586 and parameters: {'ISTN': 60.55466613413235, 'I_gpe': 1.0234146535926176, 'I_gpi': 2.0989172064436588, 'noise_stn_sigma': 3.3588177644533905, 'noise_gpe_sigma': 108.44712109519615, 'noise_gpi_sigma': 87.77189314839426, 'g_stn_gpe_mult': 3.633597626841465, 'g_gpe_stn_mult': 0.14222652390172164, 'g_stn_gpi_mult': 2.6228565897078053, 'g_gpe_gpi_mult': 0.812654316695167}. Best is trial 609 with value: 0.1297953515744074.
[I 2026-05-28 21:45:45,942] Trial 675 finished with value: 0.3851592346807316 and parameters: {'ISTN': 60.10923493253502, 'I_gpe': 1.1669709217362882, 'I_gpi': 2.049045600728647, 'noise_stn_sigma': 2.9889273550407327, 'noise_gpe_sigma': 109.98839794422092, 'noise_gpi_sigma': 82.17813559492903, 'g_stn_gpe_mult': 3.481124759006966, 'g_gpe_stn_mult': 0.16370754742992655, 'g_stn_gpi_mult': 2.6825750158974833, 'g_gpe_gpi_mult': 0.7423950483490871}. Best is trial 609 with value: 0.1297953515744074.
[I 2026-05-28 21:45:46,950] Trial 676 finished with value: 0.13874192075273387 and parameters: {'ISTN': 60.607414999605474, 'I_gpe': 0.9621021437186509, 'I_gpi': 2.0442077994139085, 'noise_stn_sigma': 2.654014223941481, 'noise_gpe_sigma': 107.84143677792306, 'noise_gpi_sigma': 85.64946894456818, 'g_stn_gpe_mult': 3.614939849984122, 'g_gpe_stn_mult': 0.17171077730334133, 'g_stn_gpi_mult': 2.6403197064746005, 'g_gpe_gpi_mult': 0.7716014224099343}. Best is trial 609 with value: 0.1297953515744074.
[I 2026-05-28 21:45:47,960] Trial 677 finished with value: 0.1493936796752773 and parameters: {'ISTN': 60.752978341481, 'I_gpe': 1.0402132862572806, 'I_gpi': 2.0777156717884298, 'noise_stn_sigma': 3.0113428469447796, 'noise_gpe_sigma': 113.52413211493864, 'noise_gpi_sigma': 76.37612930493879, 'g_stn_gpe_mult': 3.581439916597135, 'g_gpe_stn_mult': 0.16182089823922124, 'g_stn_gpi_mult': 2.7332730986101197, 'g_gpe_gpi_mult': 0.8012399162405328}. Best is trial 609 with value: 0.1297953515744074.
[I 2026-05-28 21:45:48,967] Trial 678 finished with value: 0.13918569476278256 and parameters: {'ISTN': 60.87709688600899, 'I_gpe': 1.036464726544713, 'I_gpi': 2.0509844074274133, 'noise_stn_sigma': 2.9573423250434523, 'noise_gpe_sigma': 110.31433160421534, 'noise_gpi_sigma': 86.6444084660325, 'g_stn_gpe_mult': 3.594731186561528, 'g_gpe_stn_mult': 0.15901393073644354, 'g_stn_gpi_mult': 2.709903184901439, 'g_gpe_gpi_mult': 0.76027704998646}. Best is trial 609 with value: 0.1297953515744074.
[I 2026-05-28 21:45:49,976] Trial 679 finished with value: 0.3052794544841672 and parameters: {'ISTN': 61.60809558388373, 'I_gpe': 1.0192825385379831, 'I_gpi': 1.9825206212402429, 'noise_stn_sigma': 2.7951474133830074, 'noise_gpe_sigma': 113.37433087064964, 'noise_gpi_sigma': 81.30619319417428, 'g_stn_gpe_mult': 3.5923422865558976, 'g_gpe_stn_mult': 0.15244830210952015, 'g_stn_gpi_mult': 2.6865986531144, 'g_gpe_gpi_mult': 0.7880551328860328}. Best is trial 609 with value: 0.1297953515744074.
[I 2026-05-28 21:45:50,984] Trial 680 finished with value: 0.14908364344178832 and parameters: {'ISTN': 60.82403855247492, 'I_gpe': 0.961928181784519, 'I_gpi': 2.10170148209464, 'noise_stn_sigma': 2.8269515648889882, 'noise_gpe_sigma': 111.21562427916196, 'noise_gpi_sigma': 81.32711760263813, 'g_stn_gpe_mult': 3.5768064283912233, 'g_gpe_stn_mult': 0.1679095900309665, 'g_stn_gpi_mult': 2.640656559803063, 'g_gpe_gpi_mult': 0.7745474768819085}. Best is trial 609 with value: 0.1297953515744074.
[I 2026-05-28 21:45:51,993] Trial 681 finished with value: 0.14853836815286053 and parameters: {'ISTN': 61.09703107209506, 'I_gpe': 1.0193353397611031, 'I_gpi': 1.9981786014146787, 'noise_stn_sigma': 2.743159858248222, 'noise_gpe_sigma': 103.65348141653806, 'noise_gpi_sigma': 86.39702484081413, 'g_stn_gpe_mult': 3.516035139441934, 'g_gpe_stn_mult': 0.1727199694513386, 'g_stn_gpi_mult': 2.586685202848192, 'g_gpe_gpi_mult': 0.733069781574549}. Best is trial 609 with value: 0.1297953515744074.
[I 2026-05-28 21:45:53,003] Trial 682 finished with value: 0.14724257661186563 and parameters: {'ISTN': 60.930689035845745, 'I_gpe': 0.9772806912702438, 'I_gpi': 2.096670640147985, 'noise_stn_sigma': 2.8006717709829574, 'noise_gpe_sigma': 110.3910300784094, 'noise_gpi_sigma': 86.81664515202944, 'g_stn_gpe_mult': 3.488678291486214, 'g_gpe_stn_mult': 0.14927605279229106, 'g_stn_gpi_mult': 2.6352465208473594, 'g_gpe_gpi_mult': 0.802641523750327}. Best is trial 609 with value: 0.1297953515744074.
[I 2026-05-28 21:45:54,012] Trial 683 finished with value: 0.20099982814208964 and parameters: {'ISTN': 60.485547436435574, 'I_gpe': 1.1535542767759643, 'I_gpi': 2.121144922190847, 'noise_stn_sigma': 3.168634526439075, 'noise_gpe_sigma': 113.27217743162775, 'noise_gpi_sigma': 83.09375815471553, 'g_stn_gpe_mult': 3.49781054037302, 'g_gpe_stn_mult': 0.1560087373352049, 'g_stn_gpi_mult': 2.6724472731795776, 'g_gpe_gpi_mult': 0.7959739353454716}. Best is trial 609 with value: 0.1297953515744074.
[I 2026-05-28 21:45:55,022] Trial 684 finished with value: 0.1551751482003255 and parameters: {'ISTN': 61.19744666782223, 'I_gpe': 0.9252228931389161, 'I_gpi': 2.0361428345127623, 'noise_stn_sigma': 3.019445956124642, 'noise_gpe_sigma': 109.63038039234627, 'noise_gpi_sigma': 83.87327181774651, 'g_stn_gpe_mult': 3.597812221701347, 'g_gpe_stn_mult': 0.16462443674207144, 'g_stn_gpi_mult': 2.737759083461877, 'g_gpe_gpi_mult': 0.7736905530020972}. Best is trial 609 with value: 0.1297953515744074.
[I 2026-05-28 21:45:56,032] Trial 685 finished with value: 0.14531092096491235 and parameters: {'ISTN': 60.445006949483776, 'I_gpe': 1.0690757027536537, 'I_gpi': 2.0395879820315326, 'noise_stn_sigma': 2.6657364511278, 'noise_gpe_sigma': 110.45714365415598, 'noise_gpi_sigma': 87.2961405278604, 'g_stn_gpe_mult': 3.522116882692151, 'g_gpe_stn_mult': 0.1735153941374184, 'g_stn_gpi_mult': 2.613549021166647, 'g_gpe_gpi_mult': 0.7732841003171791}. Best is trial 609 with value: 0.1297953515744074.
[I 2026-05-28 21:45:57,040] Trial 686 finished with value: 0.1386206862927393 and parameters: {'ISTN': 60.28466692383279, 'I_gpe': 0.9980795646780329, 'I_gpi': 2.012335743568927, 'noise_stn_sigma': 2.950213282529465, 'noise_gpe_sigma': 109.6425745735496, 'noise_gpi_sigma': 84.77417478175447, 'g_stn_gpe_mult': 3.5292380414242137, 'g_gpe_stn_mult': 0.15870130220627907, 'g_stn_gpi_mult': 2.7405101814719175, 'g_gpe_gpi_mult': 0.7703049044593664}. Best is trial 609 with value: 0.1297953515744074.
[I 2026-05-28 21:45:58,046] Trial 687 finished with value: 0.16229608550625632 and parameters: {'ISTN': 60.05890727681606, 'I_gpe': 1.0365444575221472, 'I_gpi': 2.080223895002603, 'noise_stn_sigma': 3.087492406434402, 'noise_gpe_sigma': 109.75951005163984, 'noise_gpi_sigma': 84.31017530983407, 'g_stn_gpe_mult': 3.4159785845702153, 'g_gpe_stn_mult': 0.14651106720987025, 'g_stn_gpi_mult': 2.79895716377757, 'g_gpe_gpi_mult': 0.776163495354721}. Best is trial 609 with value: 0.1297953515744074.
[I 2026-05-28 21:45:59,055] Trial 688 finished with value: 0.3859596071344379 and parameters: {'ISTN': 60.277946261668426, 'I_gpe': 1.064937330640534, 'I_gpi': 2.102796503487584, 'noise_stn_sigma': 3.071545094200665, 'noise_gpe_sigma': 109.92655308940041, 'noise_gpi_sigma': 85.27392202065836, 'g_stn_gpe_mult': 3.4803916116200586, 'g_gpe_stn_mult': 0.14865246243263203, 'g_stn_gpi_mult': 2.702394010687991, 'g_gpe_gpi_mult': 0.7997904046762099}. Best is trial 609 with value: 0.1297953515744074.
[I 2026-05-28 21:46:00,064] Trial 689 finished with value: 0.13917694112201667 and parameters: {'ISTN': 60.12774475733178, 'I_gpe': 1.045945016039978, 'I_gpi': 2.008897516339454, 'noise_stn_sigma': 3.1226944085300246, 'noise_gpe_sigma': 107.20814181217162, 'noise_gpi_sigma': 88.08158756927224, 'g_stn_gpe_mult': 3.6925011348187953, 'g_gpe_stn_mult': 0.1649280350294593, 'g_stn_gpi_mult': 2.659327629952254, 'g_gpe_gpi_mult': 0.7860287395951364}. Best is trial 609 with value: 0.1297953515744074.
[I 2026-05-28 21:46:01,070] Trial 690 finished with value: 0.16497527745359175 and parameters: {'ISTN': 62.00809628647017, 'I_gpe': 0.9148557950961658, 'I_gpi': 2.0018908528231254, 'noise_stn_sigma': 2.9819509654430307, 'noise_gpe_sigma': 108.93264262858479, 'noise_gpi_sigma': 86.8164886703295, 'g_stn_gpe_mult': 3.5911031936558517, 'g_gpe_stn_mult': 0.14170539636991, 'g_stn_gpi_mult': 2.6660162386149877, 'g_gpe_gpi_mult': 0.7852828136152232}. Best is trial 609 with value: 0.1297953515744074.
[I 2026-05-28 21:46:02,078] Trial 691 finished with value: 0.14703366434644968 and parameters: {'ISTN': 60.15680044290287, 'I_gpe': 0.9298535396055345, 'I_gpi': 2.00694732404733, 'noise_stn_sigma': 2.8203377921529835, 'noise_gpe_sigma': 110.11898822436451, 'noise_gpi_sigma': 85.00015579481054, 'g_stn_gpe_mult': 3.4908058851082133, 'g_gpe_stn_mult': 0.16757651024744896, 'g_stn_gpi_mult': 2.6755802700204674, 'g_gpe_gpi_mult': 0.7479783869166323}. Best is trial 609 with value: 0.1297953515744074.
[I 2026-05-28 21:46:03,083] Trial 692 finished with value: 0.15042778862009742 and parameters: {'ISTN': 60.37734851050855, 'I_gpe': 0.9107948853427247, 'I_gpi': 2.054341268964566, 'noise_stn_sigma': 2.6934032582534053, 'noise_gpe_sigma': 110.63513174850182, 'noise_gpi_sigma': 81.60606833895162, 'g_stn_gpe_mult': 3.5787235715045567, 'g_gpe_stn_mult': 0.1659824817563612, 'g_stn_gpi_mult': 2.7045677912883876, 'g_gpe_gpi_mult': 0.7998180444665395}. Best is trial 609 with value: 0.1297953515744074.
[I 2026-05-28 21:46:04,089] Trial 693 finished with value: 0.14579112163973654 and parameters: {'ISTN': 60.153809214011275, 'I_gpe': 0.9525246912989582, 'I_gpi': 2.063557010061811, 'noise_stn_sigma': 2.7177288415263448, 'noise_gpe_sigma': 108.89734430251568, 'noise_gpi_sigma': 86.01633782853087, 'g_stn_gpe_mult': 3.659530308727666, 'g_gpe_stn_mult': 0.16003509004961497, 'g_stn_gpi_mult': 2.6709897066257673, 'g_gpe_gpi_mult': 0.7944744494492613}. Best is trial 609 with value: 0.1297953515744074.
[I 2026-05-28 21:46:05,098] Trial 694 finished with value: 0.14441737485153247 and parameters: {'ISTN': 61.0580869029075, 'I_gpe': 1.0498037961419882, 'I_gpi': 2.024187800308904, 'noise_stn_sigma': 3.0937697727037596, 'noise_gpe_sigma': 107.74345630293288, 'noise_gpi_sigma': 87.04183965785121, 'g_stn_gpe_mult': 3.47714239892668, 'g_gpe_stn_mult': 0.14731173316917587, 'g_stn_gpi_mult': 2.78105942181502, 'g_gpe_gpi_mult': 0.7756351786298212}. Best is trial 609 with value: 0.1297953515744074.
[I 2026-05-28 21:46:06,105] Trial 695 finished with value: 0.15857327445063035 and parameters: {'ISTN': 60.08186083611041, 'I_gpe': 1.0012296954474422, 'I_gpi': 2.00134508696373, 'noise_stn_sigma': 2.8942459314374114, 'noise_gpe_sigma': 114.31007278623646, 'noise_gpi_sigma': 83.81847592977621, 'g_stn_gpe_mult': 3.613225371739013, 'g_gpe_stn_mult': 0.15912847710809977, 'g_stn_gpi_mult': 2.6614285348677837, 'g_gpe_gpi_mult': 0.7462174619553026}. Best is trial 609 with value: 0.1297953515744074.
[I 2026-05-28 21:46:07,113] Trial 696 finished with value: 0.163344191633411 and parameters: {'ISTN': 60.837091307457506, 'I_gpe': 1.0207470409747823, 'I_gpi': 1.9854116379473852, 'noise_stn_sigma': 3.0217938537637257, 'noise_gpe_sigma': 108.3053739528038, 'noise_gpi_sigma': 85.63616589361159, 'g_stn_gpe_mult': 3.4882319090608194, 'g_gpe_stn_mult': 0.14525498766108894, 'g_stn_gpi_mult': 2.6908030521562707, 'g_gpe_gpi_mult': 0.780947424365404}. Best is trial 609 with value: 0.1297953515744074.
[I 2026-05-28 21:46:08,119] Trial 697 finished with value: 0.14667172002198262 and parameters: {'ISTN': 60.99083536791615, 'I_gpe': 1.0560250864683138, 'I_gpi': 1.959592676848437, 'noise_stn_sigma': 2.89750668161673, 'noise_gpe_sigma': 103.61121286059745, 'noise_gpi_sigma': 88.36327474194398, 'g_stn_gpe_mult': 3.4963939969369977, 'g_gpe_stn_mult': 0.15748914280631024, 'g_stn_gpi_mult': 2.74247815804634, 'g_gpe_gpi_mult': 0.7616394421214558}. Best is trial 609 with value: 0.1297953515744074.
[I 2026-05-28 21:46:09,129] Trial 698 finished with value: 0.13502682868768145 and parameters: {'ISTN': 60.03083196777238, 'I_gpe': 1.0523706712008352, 'I_gpi': 2.0546367322973875, 'noise_stn_sigma': 2.9870037151929294, 'noise_gpe_sigma': 111.38935200159231, 'noise_gpi_sigma': 82.73944605924092, 'g_stn_gpe_mult': 3.550467437803415, 'g_gpe_stn_mult': 0.1749937847320483, 'g_stn_gpi_mult': 2.643643288518681, 'g_gpe_gpi_mult': 0.7901631070413491}. Best is trial 609 with value: 0.1297953515744074.
[I 2026-05-28 21:46:10,134] Trial 699 finished with value: 0.15691310240571524 and parameters: {'ISTN': 60.7392063149663, 'I_gpe': 0.9512751084015205, 'I_gpi': 2.0934478854409377, 'noise_stn_sigma': 3.320902835201652, 'noise_gpe_sigma': 108.28903806201996, 'noise_gpi_sigma': 84.14960204072966, 'g_stn_gpe_mult': 3.549673640865698, 'g_gpe_stn_mult': 0.15372486080199488, 'g_stn_gpi_mult': 2.769733728753382, 'g_gpe_gpi_mult': 0.7901812998187696}. Best is trial 609 with value: 0.1297953515744074.
[I 2026-05-28 21:46:11,143] Trial 700 finished with value: 0.13479148828078702 and parameters: {'ISTN': 60.5325408424037, 'I_gpe': 1.0863063589418913, 'I_gpi': 2.028192175359309, 'noise_stn_sigma': 2.666350533521991, 'noise_gpe_sigma': 107.87664710214955, 'noise_gpi_sigma': 86.72452740262037, 'g_stn_gpe_mult': 3.560479136166045, 'g_gpe_stn_mult': 0.17451999551938402, 'g_stn_gpi_mult': 2.6229506092707267, 'g_gpe_gpi_mult': 0.767098258482285}. Best is trial 609 with value: 0.1297953515744074.
[I 2026-05-28 21:46:12,154] Trial 701 finished with value: 0.1510414664709211 and parameters: {'ISTN': 60.81611703311896, 'I_gpe': 0.9591431589921751, 'I_gpi': 2.0579736880547066, 'noise_stn_sigma': 2.904457900896571, 'noise_gpe_sigma': 106.78399980569678, 'noise_gpi_sigma': 85.35568424209929, 'g_stn_gpe_mult': 3.516544634748846, 'g_gpe_stn_mult': 0.14609804920915398, 'g_stn_gpi_mult': 2.667236348784173, 'g_gpe_gpi_mult': 0.7755928852232816}. Best is trial 609 with value: 0.1297953515744074.
[I 2026-05-28 21:46:13,162] Trial 702 finished with value: 0.14267054049015906 and parameters: {'ISTN': 60.18794207291951, 'I_gpe': 0.9736937107878043, 'I_gpi': 2.0201627762575107, 'noise_stn_sigma': 2.7619868273055292, 'noise_gpe_sigma': 107.46888032935408, 'noise_gpi_sigma': 83.83401876293325, 'g_stn_gpe_mult': 3.554453442978258, 'g_gpe_stn_mult': 0.1648574583711372, 'g_stn_gpi_mult': 2.6100553146855057, 'g_gpe_gpi_mult': 0.7734701364693692}. Best is trial 609 with value: 0.1297953515744074.
[I 2026-05-28 21:46:14,169] Trial 703 finished with value: 0.13603245495584337 and parameters: {'ISTN': 60.07716555973457, 'I_gpe': 1.0280395363990507, 'I_gpi': 2.0157358286699747, 'noise_stn_sigma': 2.7905070021862364, 'noise_gpe_sigma': 110.12097934001193, 'noise_gpi_sigma': 87.5562303677973, 'g_stn_gpe_mult': 3.562754975575501, 'g_gpe_stn_mult': 0.17157849226324545, 'g_stn_gpi_mult': 2.738172019709605, 'g_gpe_gpi_mult': 0.7786922348612253}. Best is trial 609 with value: 0.1297953515744074.
