[I 2026-05-28 21:56:25,816] Trial 308 finished with value: 0.5337562763393274 and parameters: {'ISTN': 61.517238901141845, 'I_gpe': 1.3059544337125444, 'I_gpi': 2.3706008728829917, 'noise_stn_sigma': 3.441535935808309, 'noise_gpe_sigma': 98.83503017099882, 'noise_gpi_sigma': 63.99434055290543, 'g_stn_gpe_mult': 3.7170064753876932, 'g_gpe_stn_mult': 0.15647027733144897, 'g_stn_gpi_mult': 1.633268013094964, 'g_gpe_gpi_mult': 0.7053588887690374}. Best is trial 261 with value: 0.12582505476225536.
[I 2026-05-28 21:56:26,793] Trial 309 finished with value: 0.227376286098905 and parameters: {'ISTN': 64.69696039833363, 'I_gpe': 1.7389310434188643, 'I_gpi': 2.2862371583509606, 'noise_stn_sigma': 2.8901432656506207, 'noise_gpe_sigma': 94.28818018079846, 'noise_gpi_sigma': 65.82815776615487, 'g_stn_gpe_mult': 3.960581392511273, 'g_gpe_stn_mult': 0.15257918158021053, 'g_stn_gpi_mult': 1.6449704687932647, 'g_gpe_gpi_mult': 0.7327725676545536}. Best is trial 261 with value: 0.12582505476225536.
[I 2026-05-28 21:56:27,771] Trial 310 finished with value: 0.17905438838601354 and parameters: {'ISTN': 62.48669993310468, 'I_gpe': 1.435619643056829, 'I_gpi': 2.3826528300072307, 'noise_stn_sigma': 3.023937072932278, 'noise_gpe_sigma': 79.39579759318556, 'noise_gpi_sigma': 68.8727101400909, 'g_stn_gpe_mult': 3.9678965317067973, 'g_gpe_stn_mult': 0.18387104324471076, 'g_stn_gpi_mult': 1.6810101141036795, 'g_gpe_gpi_mult': 0.6848859080764196}. Best is trial 261 with value: 0.12582505476225536.
[I 2026-05-28 21:56:28,752] Trial 311 finished with value: 0.16378648111283203 and parameters: {'ISTN': 62.30091570505077, 'I_gpe': 1.5226501435787625, 'I_gpi': 2.254968773919871, 'noise_stn_sigma': 3.3041674583651917, 'noise_gpe_sigma': 95.70492477944397, 'noise_gpi_sigma': 78.17422176437174, 'g_stn_gpe_mult': 3.6955145395090163, 'g_gpe_stn_mult': 0.1912145879771803, 'g_stn_gpi_mult': 1.8392517736452922, 'g_gpe_gpi_mult': 0.6828382065460733}. Best is trial 261 with value: 0.12582505476225536.
[I 2026-05-28 21:56:29,732] Trial 312 finished with value: 0.17483865868135684 and parameters: {'ISTN': 62.508516097580475, 'I_gpe': 1.4081519319895885, 'I_gpi': 2.3699760225456172, 'noise_stn_sigma': 3.3279145028856987, 'noise_gpe_sigma': 91.25756332709601, 'noise_gpi_sigma': 64.82329771678596, 'g_stn_gpe_mult': 3.6319034063391955, 'g_gpe_stn_mult': 0.22676220981485978, 'g_stn_gpi_mult': 1.867763250001258, 'g_gpe_gpi_mult': 0.6487839210727482}. Best is trial 261 with value: 0.12582505476225536.
[I 2026-05-28 21:56:30,710] Trial 313 finished with value: 0.16601859505349628 and parameters: {'ISTN': 61.53076121058153, 'I_gpe': 1.421938799610852, 'I_gpi': 2.1228655816755557, 'noise_stn_sigma': 3.4567185427661853, 'noise_gpe_sigma': 104.61903115941763, 'noise_gpi_sigma': 73.0971233695891, 'g_stn_gpe_mult': 3.8611012794875137, 'g_gpe_stn_mult': 0.16878363079953154, 'g_stn_gpi_mult': 1.6336913009530805, 'g_gpe_gpi_mult': 0.6791957713404886}. Best is trial 261 with value: 0.12582505476225536.
[I 2026-05-28 21:56:31,692] Trial 314 finished with value: 0.1790465798702947 and parameters: {'ISTN': 62.59309252068874, 'I_gpe': 1.1048498435905934, 'I_gpi': 2.378216671517613, 'noise_stn_sigma': 3.030333312451512, 'noise_gpe_sigma': 92.03106142207294, 'noise_gpi_sigma': 88.61309131217944, 'g_stn_gpe_mult': 3.6648623979776116, 'g_gpe_stn_mult': 0.18689800499015802, 'g_stn_gpi_mult': 1.7721840653082748, 'g_gpe_gpi_mult': 0.634223550710767}. Best is trial 261 with value: 0.12582505476225536.
[I 2026-05-28 21:56:32,671] Trial 315 finished with value: 0.1587410217669027 and parameters: {'ISTN': 62.302470843774785, 'I_gpe': 1.3602578013110613, 'I_gpi': 2.4199881291748997, 'noise_stn_sigma': 3.541519643598629, 'noise_gpe_sigma': 105.87855754736898, 'noise_gpi_sigma': 71.76975120916583, 'g_stn_gpe_mult': 3.618589671044937, 'g_gpe_stn_mult': 0.2105926485435983, 'g_stn_gpi_mult': 1.6730803756357928, 'g_gpe_gpi_mult': 0.6886091661357044}. Best is trial 261 with value: 0.12582505476225536.
[I 2026-05-28 21:56:33,649] Trial 316 finished with value: 2.805220467885546 and parameters: {'ISTN': 65.02048144201913, 'I_gpe': 1.3740331711514786, 'I_gpi': 2.2262696896195777, 'noise_stn_sigma': 3.505849615306238, 'noise_gpe_sigma': 92.33163061828628, 'noise_gpi_sigma': 77.01120193978866, 'g_stn_gpe_mult': 3.3492941647084518, 'g_gpe_stn_mult': 0.1999362920850743, 'g_stn_gpi_mult': 1.9858436076225676, 'g_gpe_gpi_mult': 0.5876975554301613}. Best is trial 261 with value: 0.12582505476225536.
[I 2026-05-28 21:56:34,629] Trial 317 finished with value: 0.1407053427176304 and parameters: {'ISTN': 61.25892408866105, 'I_gpe': 1.3486567167634766, 'I_gpi': 2.3725144388178077, 'noise_stn_sigma': 3.678593788861926, 'noise_gpe_sigma': 92.4270034393253, 'noise_gpi_sigma': 82.72844881075655, 'g_stn_gpe_mult': 3.7650507203192944, 'g_gpe_stn_mult': 0.16748620842403275, 'g_stn_gpi_mult': 1.5373754025588133, 'g_gpe_gpi_mult': 0.6949419120469306}. Best is trial 261 with value: 0.12582505476225536.
[I 2026-05-28 21:56:35,606] Trial 318 finished with value: 0.17656297222511613 and parameters: {'ISTN': 62.7217971901526, 'I_gpe': 1.4228257229870496, 'I_gpi': 2.0725540608949338, 'noise_stn_sigma': 3.349141599391843, 'noise_gpe_sigma': 106.85529836416853, 'noise_gpi_sigma': 70.06642728952775, 'g_stn_gpe_mult': 4.030981255109642, 'g_gpe_stn_mult': 0.18153392087738562, 'g_stn_gpi_mult': 1.7913629491045926, 'g_gpe_gpi_mult': 0.662346567506841}. Best is trial 261 with value: 0.12582505476225536.
[I 2026-05-28 21:56:36,586] Trial 319 finished with value: 0.16252792761094542 and parameters: {'ISTN': 60.19800164497716, 'I_gpe': 1.4295950981588021, 'I_gpi': 2.388803664878962, 'noise_stn_sigma': 3.4091962841797563, 'noise_gpe_sigma': 107.06772044852771, 'noise_gpi_sigma': 66.00691097185728, 'g_stn_gpe_mult': 3.714002408745468, 'g_gpe_stn_mult': 0.2216542874250122, 'g_stn_gpi_mult': 1.9416413358046039, 'g_gpe_gpi_mult': 0.6361512820703329}. Best is trial 261 with value: 0.12582505476225536.
[I 2026-05-28 21:56:37,565] Trial 320 finished with value: 0.15569522525184204 and parameters: {'ISTN': 61.12447640394667, 'I_gpe': 1.2769792490906073, 'I_gpi': 2.4771363282006957, 'noise_stn_sigma': 3.0542151486804276, 'noise_gpe_sigma': 89.08823582012111, 'noise_gpi_sigma': 90.1734184866583, 'g_stn_gpe_mult': 3.9086347353262143, 'g_gpe_stn_mult': 0.19531306456972075, 'g_stn_gpi_mult': 1.7873361466785533, 'g_gpe_gpi_mult': 0.6527830245430111}. Best is trial 261 with value: 0.12582505476225536.
[I 2026-05-28 21:56:38,545] Trial 321 finished with value: 0.18558058859090906 and parameters: {'ISTN': 60.09782465207455, 'I_gpe': 1.489052424704391, 'I_gpi': 2.6316140934284444, 'noise_stn_sigma': 3.0888979378927557, 'noise_gpe_sigma': 84.96612863410614, 'noise_gpi_sigma': 82.37061482455734, 'g_stn_gpe_mult': 3.98656967322317, 'g_gpe_stn_mult': 0.24530257579031342, 'g_stn_gpi_mult': 1.5936369412765146, 'g_gpe_gpi_mult': 0.6897312272648142}. Best is trial 261 with value: 0.12582505476225536.
[I 2026-05-28 21:56:39,523] Trial 322 finished with value: 0.914453568306959 and parameters: {'ISTN': 60.36571804981376, 'I_gpe': 1.125778611765465, 'I_gpi': 2.6468811848138203, 'noise_stn_sigma': 3.5686252122384516, 'noise_gpe_sigma': 95.18956307126955, 'noise_gpi_sigma': 74.48337502709158, 'g_stn_gpe_mult': 3.792868517094937, 'g_gpe_stn_mult': 0.17836794690434715, 'g_stn_gpi_mult': 1.9836835821752379, 'g_gpe_gpi_mult': 0.6660507765356425}. Best is trial 261 with value: 0.12582505476225536.
[I 2026-05-28 21:56:40,500] Trial 323 finished with value: 0.202410619216469 and parameters: {'ISTN': 61.44041209761828, 'I_gpe': 1.2036963824145455, 'I_gpi': 2.6484200103977527, 'noise_stn_sigma': 3.5443813846375107, 'noise_gpe_sigma': 85.14871047511565, 'noise_gpi_sigma': 81.91632838644091, 'g_stn_gpe_mult': 3.7267008911963138, 'g_gpe_stn_mult': 0.22290854564800205, 'g_stn_gpi_mult': 1.5743389836357184, 'g_gpe_gpi_mult': 0.7100067302042392}. Best is trial 261 with value: 0.12582505476225536.
[I 2026-05-28 21:56:41,479] Trial 324 finished with value: 0.21569037002229846 and parameters: {'ISTN': 61.96157054739307, 'I_gpe': 1.268844343556344, 'I_gpi': 2.5347355028388727, 'noise_stn_sigma': 3.803598239480512, 'noise_gpe_sigma': 100.14668881096607, 'noise_gpi_sigma': 80.05164458596023, 'g_stn_gpe_mult': 3.943633240558606, 'g_gpe_stn_mult': 0.18973189906525956, 'g_stn_gpi_mult': 1.6640682609250326, 'g_gpe_gpi_mult': 0.7160513405077165}. Best is trial 261 with value: 0.12582505476225536.
[I 2026-05-28 21:56:42,458] Trial 325 finished with value: 1.6930842455459836 and parameters: {'ISTN': 63.19894416560689, 'I_gpe': 1.283253040161815, 'I_gpi': 2.3955548265930116, 'noise_stn_sigma': 3.4476772080180544, 'noise_gpe_sigma': 98.68834537759368, 'noise_gpi_sigma': 84.18848060409039, 'g_stn_gpe_mult': 3.6793411814586063, 'g_gpe_stn_mult': 0.21076782203879835, 'g_stn_gpi_mult': 1.7035695681961744, 'g_gpe_gpi_mult': 0.6960644472543784}. Best is trial 261 with value: 0.12582505476225536.
[I 2026-05-28 21:56:43,436] Trial 326 finished with value: 0.15907819657441385 and parameters: {'ISTN': 61.710365595708915, 'I_gpe': 1.4207235648460057, 'I_gpi': 2.4185531763187313, 'noise_stn_sigma': 4.075750774691427, 'noise_gpe_sigma': 97.48633852895074, 'noise_gpi_sigma': 74.03329468764437, 'g_stn_gpe_mult': 3.696181142786166, 'g_gpe_stn_mult': 0.15793676174938892, 'g_stn_gpi_mult': 1.7480767417585796, 'g_gpe_gpi_mult': 0.7097882813243821}. Best is trial 261 with value: 0.12582505476225536.
[I 2026-05-28 21:56:44,416] Trial 327 finished with value: 0.17893980546870267 and parameters: {'ISTN': 61.00941215742871, 'I_gpe': 1.47848972901483, 'I_gpi': 2.558303731113246, 'noise_stn_sigma': 3.565576265416922, 'noise_gpe_sigma': 94.50085348938909, 'noise_gpi_sigma': 70.36530212617603, 'g_stn_gpe_mult': 3.5244982570883483, 'g_gpe_stn_mult': 0.23929147337397907, 'g_stn_gpi_mult': 1.75808586389085, 'g_gpe_gpi_mult': 0.6260781740725511}. Best is trial 261 with value: 0.12582505476225536.
[I 2026-05-28 21:56:45,396] Trial 328 finished with value: 0.13284245591118424 and parameters: {'ISTN': 60.25167609435314, 'I_gpe': 1.364772671621734, 'I_gpi': 2.319290509203461, 'noise_stn_sigma': 3.3051303564047165, 'noise_gpe_sigma': 102.6584064848642, 'noise_gpi_sigma': 83.84049480455553, 'g_stn_gpe_mult': 3.9152016705839063, 'g_gpe_stn_mult': 0.19508759741247994, 'g_stn_gpi_mult': 1.6482706823264293, 'g_gpe_gpi_mult': 0.6629380580833566}. Best is trial 261 with value: 0.12582505476225536.
[I 2026-05-28 21:56:46,375] Trial 329 finished with value: 0.25049520852564816 and parameters: {'ISTN': 60.64814072397871, 'I_gpe': 1.4661034553307846, 'I_gpi': 2.4844378244692824, 'noise_stn_sigma': 3.7337005716328355, 'noise_gpe_sigma': 98.17467923227792, 'noise_gpi_sigma': 80.8104964906501, 'g_stn_gpe_mult': 3.615426397678008, 'g_gpe_stn_mult': 0.20824642318553044, 'g_stn_gpi_mult': 1.6302862999993277, 'g_gpe_gpi_mult': 0.6925766127434287}. Best is trial 261 with value: 0.12582505476225536.
[I 2026-05-28 21:56:47,352] Trial 330 finished with value: 0.154739065188034 and parameters: {'ISTN': 62.42611987736519, 'I_gpe': 1.395393281558458, 'I_gpi': 2.385471989942232, 'noise_stn_sigma': 3.4269975762853377, 'noise_gpe_sigma': 90.37715301890474, 'noise_gpi_sigma': 80.34503825679354, 'g_stn_gpe_mult': 4.0650572027007374, 'g_gpe_stn_mult': 0.19305914860121545, 'g_stn_gpi_mult': 1.6971562075883422, 'g_gpe_gpi_mult': 0.7265128204308622}. Best is trial 261 with value: 0.12582505476225536.
[I 2026-05-28 21:56:48,331] Trial 331 finished with value: 0.1556648031072659 and parameters: {'ISTN': 61.28618772353332, 'I_gpe': 1.3690022820192231, 'I_gpi': 2.2739779804419293, 'noise_stn_sigma': 3.6276523704242245, 'noise_gpe_sigma': 91.23066967319217, 'noise_gpi_sigma': 74.18447958369379, 'g_stn_gpe_mult': 3.805308447548912, 'g_gpe_stn_mult': 0.18393155606112624, 'g_stn_gpi_mult': 1.5037654340115951, 'g_gpe_gpi_mult': 0.6223588601901227}. Best is trial 261 with value: 0.12582505476225536.
[I 2026-05-28 21:56:49,306] Trial 332 finished with value: 0.2539069146247822 and parameters: {'ISTN': 64.4263533786384, 'I_gpe': 1.2573872259300631, 'I_gpi': 2.1892626003595543, 'noise_stn_sigma': 3.787957721453207, 'noise_gpe_sigma': 86.84199870057766, 'noise_gpi_sigma': 74.24218605363889, 'g_stn_gpe_mult': 4.174386711572387, 'g_gpe_stn_mult': 0.15316476095266912, 'g_stn_gpi_mult': 1.6259983591818612, 'g_gpe_gpi_mult': 0.6486850512610414}. Best is trial 261 with value: 0.12582505476225536.
[I 2026-05-28 21:56:50,287] Trial 333 finished with value: 0.13026336566023494 and parameters: {'ISTN': 60.66975701288508, 'I_gpe': 1.363405164697236, 'I_gpi': 2.2208701057221143, 'noise_stn_sigma': 3.676604816366509, 'noise_gpe_sigma': 97.47274304809353, 'noise_gpi_sigma': 89.20559597986961, 'g_stn_gpe_mult': 3.6115304080433015, 'g_gpe_stn_mult': 0.1600382466940265, 'g_stn_gpi_mult': 1.575460016148493, 'g_gpe_gpi_mult': 0.6968376689411828}. Best is trial 261 with value: 0.12582505476225536.
[I 2026-05-28 21:56:51,265] Trial 334 finished with value: 0.16859254656793718 and parameters: {'ISTN': 62.95160188569688, 'I_gpe': 1.4665534173347954, 'I_gpi': 2.4965857201851827, 'noise_stn_sigma': 3.2591890192267474, 'noise_gpe_sigma': 100.51815346256684, 'noise_gpi_sigma': 85.9465058345202, 'g_stn_gpe_mult': 4.004300334623, 'g_gpe_stn_mult': 0.18685203027924183, 'g_stn_gpi_mult': 1.842124369046711, 'g_gpe_gpi_mult': 0.679020411730826}. Best is trial 261 with value: 0.12582505476225536.
[I 2026-05-28 21:56:52,244] Trial 335 finished with value: 0.1616689222388384 and parameters: {'ISTN': 62.15169580692492, 'I_gpe': 1.3320693555082972, 'I_gpi': 2.222625469646799, 'noise_stn_sigma': 4.289482059751915, 'noise_gpe_sigma': 106.74735555344775, 'noise_gpi_sigma': 73.5077212494999, 'g_stn_gpe_mult': 3.90437297293936, 'g_gpe_stn_mult': 0.22412151764219002, 'g_stn_gpi_mult': 1.6594561079481949, 'g_gpe_gpi_mult': 0.7543972288574177}. Best is trial 261 with value: 0.12582505476225536.
[I 2026-05-28 21:56:53,222] Trial 336 finished with value: 0.3174178547816747 and parameters: {'ISTN': 60.57558437011595, 'I_gpe': 1.2710868169882636, 'I_gpi': 2.354891145364645, 'noise_stn_sigma': 4.076091175104106, 'noise_gpe_sigma': 98.86241816647454, 'noise_gpi_sigma': 83.78902270907841, 'g_stn_gpe_mult': 3.97456249222622, 'g_gpe_stn_mult': 0.21597336150322038, 'g_stn_gpi_mult': 1.7159534616566354, 'g_gpe_gpi_mult': 0.695725825073862}. Best is trial 261 with value: 0.12582505476225536.
[I 2026-05-28 21:56:54,201] Trial 337 finished with value: 1.6778793811712036 and parameters: {'ISTN': 64.55517972480052, 'I_gpe': 1.2043597603689462, 'I_gpi': 2.428814229393552, 'noise_stn_sigma': 3.460998164200352, 'noise_gpe_sigma': 97.43241296503157, 'noise_gpi_sigma': 90.91413090420028, 'g_stn_gpe_mult': 3.8866710072763366, 'g_gpe_stn_mult': 0.20347604287129156, 'g_stn_gpi_mult': 1.660026758593916, 'g_gpe_gpi_mult': 0.6684938579393722}. Best is trial 261 with value: 0.12582505476225536.
[I 2026-05-28 21:56:55,179] Trial 338 finished with value: 0.20289243732064122 and parameters: {'ISTN': 61.797596200633215, 'I_gpe': 1.6460247550322789, 'I_gpi': 2.556578313154099, 'noise_stn_sigma': 3.2134281382217846, 'noise_gpe_sigma': 94.04825857501407, 'noise_gpi_sigma': 77.98677563336898, 'g_stn_gpe_mult': 3.696976895789969, 'g_gpe_stn_mult': 0.21883496018497234, 'g_stn_gpi_mult': 1.8127432430516766, 'g_gpe_gpi_mult': 0.6937647875904794}. Best is trial 261 with value: 0.12582505476225536.
[I 2026-05-28 21:56:56,157] Trial 339 finished with value: 0.1338792829100478 and parameters: {'ISTN': 60.68926978161025, 'I_gpe': 1.497820049214727, 'I_gpi': 2.2553133638089338, 'noise_stn_sigma': 3.47784159422317, 'noise_gpe_sigma': 103.2423801455782, 'noise_gpi_sigma': 75.98385471119593, 'g_stn_gpe_mult': 3.802491749242194, 'g_gpe_stn_mult': 0.15737461157840152, 'g_stn_gpi_mult': 1.845056132177024, 'g_gpe_gpi_mult': 0.7051287390635552}. Best is trial 261 with value: 0.12582505476225536.
[I 2026-05-28 21:56:57,135] Trial 340 finished with value: 0.624604299845349 and parameters: {'ISTN': 60.00838385334199, 'I_gpe': 1.54717659325906, 'I_gpi': 2.4990907374264895, 'noise_stn_sigma': 3.4831520875514514, 'noise_gpe_sigma': 100.50339113485514, 'noise_gpi_sigma': 81.99939901846867, 'g_stn_gpe_mult': 3.9477964556339105, 'g_gpe_stn_mult': 0.2149911978022196, 'g_stn_gpi_mult': 1.8146364446528576, 'g_gpe_gpi_mult': 0.7186208446855453}. Best is trial 261 with value: 0.12582505476225536.
[I 2026-05-28 21:56:58,115] Trial 341 finished with value: 0.5301221645098995 and parameters: {'ISTN': 60.02665071784326, 'I_gpe': 1.4255677906737685, 'I_gpi': 2.0557979036375476, 'noise_stn_sigma': 3.7166384949795233, 'noise_gpe_sigma': 94.97028698353812, 'noise_gpi_sigma': 85.01804215821669, 'g_stn_gpe_mult': 3.5535467144270965, 'g_gpe_stn_mult': 0.14405566546713672, 'g_stn_gpi_mult': 1.6269553506914316, 'g_gpe_gpi_mult': 0.6427420205606008}. Best is trial 261 with value: 0.12582505476225536.
[I 2026-05-28 21:56:59,091] Trial 342 finished with value: 0.5339136895323038 and parameters: {'ISTN': 61.85456507528983, 'I_gpe': 1.3746465778471841, 'I_gpi': 2.2725534043696936, 'noise_stn_sigma': 3.994698509202767, 'noise_gpe_sigma': 100.14767582955685, 'noise_gpi_sigma': 80.24552646371293, 'g_stn_gpe_mult': 3.847090828538586, 'g_gpe_stn_mult': 0.17307973632616253, 'g_stn_gpi_mult': 1.8129732405262953, 'g_gpe_gpi_mult': 0.76811970516553}. Best is trial 261 with value: 0.12582505476225536.
[I 2026-05-28 21:57:00,069] Trial 343 finished with value: 0.28364032980974785 and parameters: {'ISTN': 63.21928643748533, 'I_gpe': 1.5005704665878699, 'I_gpi': 2.3445700706520447, 'noise_stn_sigma': 3.486855771873321, 'noise_gpe_sigma': 104.2138336399036, 'noise_gpi_sigma': 81.453534274097, 'g_stn_gpe_mult': 3.68243558202063, 'g_gpe_stn_mult': 0.11098348965491088, 'g_stn_gpi_mult': 1.6353613509913791, 'g_gpe_gpi_mult': 0.6918417376717924}. Best is trial 261 with value: 0.12582505476225536.
[I 2026-05-28 21:57:01,048] Trial 344 finished with value: 0.18451649892200955 and parameters: {'ISTN': 62.79743640439972, 'I_gpe': 1.4744813740498766, 'I_gpi': 2.060790821659385, 'noise_stn_sigma': 3.3867224966122143, 'noise_gpe_sigma': 99.5820705915093, 'noise_gpi_sigma': 76.99330037697376, 'g_stn_gpe_mult': 3.5462829850972257, 'g_gpe_stn_mult': 0.1340340668821623, 'g_stn_gpi_mult': 1.5972008885231874, 'g_gpe_gpi_mult': 0.6866134646658113}. Best is trial 261 with value: 0.12582505476225536.
[I 2026-05-28 21:57:02,025] Trial 345 finished with value: 0.11807019291566243 and parameters: {'ISTN': 60.266764808624345, 'I_gpe': 1.3765300342164903, 'I_gpi': 2.3500633775855864, 'noise_stn_sigma': 3.798506015815279, 'noise_gpe_sigma': 96.26798590791869, 'noise_gpi_sigma': 81.91027262266353, 'g_stn_gpe_mult': 3.9195501012229883, 'g_gpe_stn_mult': 0.14536431937821395, 'g_stn_gpi_mult': 1.7136651529175997, 'g_gpe_gpi_mult': 0.7251499303974591}. Best is trial 345 with value: 0.11807019291566243.
[I 2026-05-28 21:57:03,003] Trial 346 finished with value: 0.16668452431905523 and parameters: {'ISTN': 61.30707587422102, 'I_gpe': 1.540694693401564, 'I_gpi': 2.1279706381240047, 'noise_stn_sigma': 3.3413383543066337, 'noise_gpe_sigma': 99.5280793644668, 'noise_gpi_sigma': 81.38000715302726, 'g_stn_gpe_mult': 3.7584965977749363, 'g_gpe_stn_mult': 0.1606899071834248, 'g_stn_gpi_mult': 1.6586645718776758, 'g_gpe_gpi_mult': 0.7072843908776918}. Best is trial 345 with value: 0.11807019291566243.
[I 2026-05-28 21:57:03,982] Trial 347 finished with value: 0.157966913303492 and parameters: {'ISTN': 62.09876274296681, 'I_gpe': 1.4286759393988084, 'I_gpi': 2.20065386421315, 'noise_stn_sigma': 3.619631105369587, 'noise_gpe_sigma': 94.35344910771757, 'noise_gpi_sigma': 82.11282144116106, 'g_stn_gpe_mult': 3.7855846173228307, 'g_gpe_stn_mult': 0.22041498104894997, 'g_stn_gpi_mult': 1.5960143902009376, 'g_gpe_gpi_mult': 0.6308941262907111}. Best is trial 345 with value: 0.11807019291566243.
[I 2026-05-28 21:57:04,960] Trial 348 finished with value: 0.6662147187153993 and parameters: {'ISTN': 62.539326079729754, 'I_gpe': 1.3841298267040023, 'I_gpi': 2.2468518965789652, 'noise_stn_sigma': 3.2935223787968426, 'noise_gpe_sigma': 99.50567807929085, 'noise_gpi_sigma': 86.66196939604147, 'g_stn_gpe_mult': 3.732152231063719, 'g_gpe_stn_mult': 0.1609606262912846, 'g_stn_gpi_mult': 1.7332188230316947, 'g_gpe_gpi_mult': 0.6931506423162612}. Best is trial 345 with value: 0.11807019291566243.
[I 2026-05-28 21:57:05,937] Trial 349 finished with value: 0.15753279577155108 and parameters: {'ISTN': 61.783490479841454, 'I_gpe': 1.2879601552448185, 'I_gpi': 2.284676985473056, 'noise_stn_sigma': 3.651895477753319, 'noise_gpe_sigma': 92.41135809440716, 'noise_gpi_sigma': 77.34827710848083, 'g_stn_gpe_mult': 3.916189703605911, 'g_gpe_stn_mult': 0.19838374055621136, 'g_stn_gpi_mult': 1.61269438210724, 'g_gpe_gpi_mult': 0.6642896810378033}. Best is trial 345 with value: 0.11807019291566243.
[I 2026-05-28 21:57:06,916] Trial 350 finished with value: 1.905889751989581 and parameters: {'ISTN': 63.109928685532104, 'I_gpe': 1.2959960732004836, 'I_gpi': 2.059368794680531, 'noise_stn_sigma': 4.2863692882976325, 'noise_gpe_sigma': 106.2618699275737, 'noise_gpi_sigma': 81.05141764456766, 'g_stn_gpe_mult': 3.5788673894959047, 'g_gpe_stn_mult': 0.1072679397447383, 'g_stn_gpi_mult': 1.412116025973333, 'g_gpe_gpi_mult': 0.6862452558730032}. Best is trial 345 with value: 0.11807019291566243.
[I 2026-05-28 21:57:07,896] Trial 351 finished with value: 0.15290319395250712 and parameters: {'ISTN': 62.46346346355053, 'I_gpe': 1.319462967617111, 'I_gpi': 2.3051448492424864, 'noise_stn_sigma': 3.8177234441240953, 'noise_gpe_sigma': 94.77329664280208, 'noise_gpi_sigma': 81.64305042576736, 'g_stn_gpe_mult': 3.9768586111311435, 'g_gpe_stn_mult': 0.1686250399914838, 'g_stn_gpi_mult': 1.6079321123236605, 'g_gpe_gpi_mult': 0.6834660758418967}. Best is trial 345 with value: 0.11807019291566243.
