[I 2026-05-28 22:25:24,235] A new study created in memory with name: hh_healthy_450
[I 2026-05-28 22:25:26,715] Trial 0 finished with value: 107.89288440195048 and parameters: {'ISTN': 130.0426405643089, 'I_gpe': 6.042271454095107, 'I_gpi': 1.0008006237214142, 'noise_stn_sigma': 1.8604965768432788, 'noise_gpe_sigma': 23.208030173540173, 'noise_gpi_sigma': 18.310473529191803, 'g_stn_gpe_mult': 0.7793903170665064, 'g_gpe_stn_mult': 1.0183410905645716, 'g_stn_gpi_mult': 1.095151211346005, 'g_gpe_gpi_mult': 1.3082251010050354}. Best is trial 0 with value: 107.89288440195048.
[I 2026-05-28 22:25:27,723] Trial 1 finished with value: 106.33268249349068 and parameters: {'ISTN': 150.4131713848128, 'I_gpe': 4.355846284971808, 'I_gpi': 3.954295531969772, 'noise_stn_sigma': 2.233480198474464, 'noise_gpe_sigma': 71.61699410929403, 'noise_gpi_sigma': 51.723922836250416, 'g_stn_gpe_mult': 1.6099429995408128, 'g_gpe_stn_mult': 1.2934581014807722, 'g_stn_gpi_mult': 1.2405702752638559, 'g_gpe_gpi_mult': 0.9972605892934611}. Best is trial 1 with value: 106.33268249349068.
[I 2026-05-28 22:25:28,731] Trial 2 finished with value: 107.77507485955924 and parameters: {'ISTN': 134.44799932060485, 'I_gpe': 5.8787757878896, 'I_gpi': 4.100969741486361, 'noise_stn_sigma': 1.8166816534396046, 'noise_gpe_sigma': 81.06564113770628, 'noise_gpi_sigma': 52.10793576504074, 'g_stn_gpe_mult': 1.0754834251827177, 'g_gpe_stn_mult': 0.8112929945583378, 'g_stn_gpi_mult': 1.186946853708128, 'g_gpe_gpi_mult': 1.5048423360517422}. Best is trial 1 with value: 106.33268249349068.
[I 2026-05-28 22:25:29,739] Trial 3 finished with value: 106.73153417887943 and parameters: {'ISTN': 145.75113278348465, 'I_gpe': 3.9388844520799187, 'I_gpi': 4.298718646430995, 'noise_stn_sigma': 2.1404409933438444, 'noise_gpe_sigma': 37.41784050573372, 'noise_gpi_sigma': 48.174669569481196, 'g_stn_gpe_mult': 1.0932683318751333, 'g_gpe_stn_mult': 1.3308402256165417, 'g_stn_gpi_mult': 1.0764188327837698, 'g_gpe_gpi_mult': 1.5742543545520309}. Best is trial 1 with value: 106.33268249349068.
[I 2026-05-28 22:25:30,744] Trial 4 finished with value: 107.28322612620835 and parameters: {'ISTN': 138.4909616626179, 'I_gpe': 3.7754231621490764, 'I_gpi': 4.899907554688397, 'noise_stn_sigma': 2.871125818261836, 'noise_gpe_sigma': 64.05441130144729, 'noise_gpi_sigma': 58.65638508667676, 'g_stn_gpe_mult': 1.1310937253857332, 'g_gpe_stn_mult': 0.9743682871350874, 'g_stn_gpi_mult': 1.3301819323136743, 'g_gpe_gpi_mult': 1.0208627000540007}. Best is trial 1 with value: 106.33268249349068.
[I 2026-05-28 22:25:31,751] Trial 5 finished with value: 106.12056354689598 and parameters: {'ISTN': 138.38921413249955, 'I_gpe': 4.717605161255724, 'I_gpi': 3.5070965323767314, 'noise_stn_sigma': 2.8080520303087253, 'noise_gpe_sigma': 48.57855738327288, 'noise_gpi_sigma': 42.14433613446522, 'g_stn_gpe_mult': 0.9707816456487444, 'g_gpe_stn_mult': 0.9503853469680796, 'g_stn_gpi_mult': 1.092971092542152, 'g_gpe_gpi_mult': 1.434330241429765}. Best is trial 5 with value: 106.12056354689598.
[I 2026-05-28 22:25:32,755] Trial 6 finished with value: 109.20701361917435 and parameters: {'ISTN': 107.38522154333197, 'I_gpe': 4.850470061837608, 'I_gpi': 5.568979138067535, 'noise_stn_sigma': 3.683363117860173, 'noise_gpe_sigma': 54.64014479307028, 'noise_gpi_sigma': 52.23735534290183, 'g_stn_gpe_mult': 1.404606578194457, 'g_gpe_stn_mult': 1.329250655697583, 'g_stn_gpi_mult': 0.957195282943394, 'g_gpe_gpi_mult': 1.6598275078512135}. Best is trial 5 with value: 106.12056354689598.
[I 2026-05-28 22:25:33,760] Trial 7 finished with value: 105.66386423188244 and parameters: {'ISTN': 172.23221064690895, 'I_gpe': 4.793665469675317, 'I_gpi': 2.5857094811724, 'noise_stn_sigma': 3.0594322875717843, 'noise_gpe_sigma': 45.178803084809154, 'noise_gpi_sigma': 63.203362450951914, 'g_stn_gpe_mult': 1.0960024707250533, 'g_gpe_stn_mult': 1.06648788125384, 'g_stn_gpi_mult': 1.7015941650212345, 'g_gpe_gpi_mult': 1.4439193819606508}. Best is trial 7 with value: 105.66386423188244.
[I 2026-05-28 22:25:34,707] Trial 8 finished with value: 1000000.0 and parameters: {'ISTN': 152.70142402398915, 'I_gpe': 4.995119210709619, 'I_gpi': 4.322751791045084, 'noise_stn_sigma': 2.839902139710771, 'noise_gpe_sigma': 43.86577180998958, 'noise_gpi_sigma': 63.0085273246184, 'g_stn_gpe_mult': 1.1447893905788247, 'g_gpe_stn_mult': 0.9995602990672813, 'g_stn_gpi_mult': 1.2963001951683786, 'g_gpe_gpi_mult': 1.2237492835078827}. Best is trial 7 with value: 105.66386423188244.
[I 2026-05-28 22:25:35,711] Trial 9 finished with value: 105.76881087208261 and parameters: {'ISTN': 145.15203689842235, 'I_gpe': 4.052522571200715, 'I_gpi': 3.4254008206577176, 'noise_stn_sigma': 2.718987693063831, 'noise_gpe_sigma': 53.030099176426816, 'noise_gpi_sigma': 53.472589878564904, 'g_stn_gpe_mult': 1.0593834330288245, 'g_gpe_stn_mult': 1.1932271361491886, 'g_stn_gpi_mult': 0.9901643421963926, 'g_gpe_gpi_mult': 0.7118581136286402}. Best is trial 7 with value: 105.66386423188244.
[I 2026-05-28 22:25:36,714] Trial 10 finished with value: 106.81993282475915 and parameters: {'ISTN': 127.76260628625866, 'I_gpe': 4.6701683254275395, 'I_gpi': 4.230908339578352, 'noise_stn_sigma': 3.581336470880401, 'noise_gpe_sigma': 52.377610345350384, 'noise_gpi_sigma': 65.51695953746307, 'g_stn_gpe_mult': 0.9408347193201175, 'g_gpe_stn_mult': 0.9109913152668863, 'g_stn_gpi_mult': 1.3328485367715504, 'g_gpe_gpi_mult': 1.6920615296125958}. Best is trial 7 with value: 105.66386423188244.
[I 2026-05-28 22:25:37,718] Trial 11 finished with value: 105.76884484988344 and parameters: {'ISTN': 176.37734727368417, 'I_gpe': 4.480447285657343, 'I_gpi': 3.289959472144524, 'noise_stn_sigma': 2.1771225389227897, 'noise_gpe_sigma': 56.386617191747625, 'noise_gpi_sigma': 61.76970720618656, 'g_stn_gpe_mult': 1.5515201411187758, 'g_gpe_stn_mult': 1.3832821019211818, 'g_stn_gpi_mult': 1.4591237091131686, 'g_gpe_gpi_mult': 1.3454914826302231}. Best is trial 7 with value: 105.66386423188244.
[I 2026-05-28 22:25:38,729] Trial 12 finished with value: 61.770344674687976 and parameters: {'ISTN': 176.4447811180997, 'I_gpe': 3.08744364160513, 'I_gpi': 3.244015902947862, 'noise_stn_sigma': 3.6122063707895733, 'noise_gpe_sigma': 56.04376157079335, 'noise_gpi_sigma': 47.17061874541212, 'g_stn_gpe_mult': 1.2479222458023012, 'g_gpe_stn_mult': 1.120213888059411, 'g_stn_gpi_mult': 1.2788741866855953, 'g_gpe_gpi_mult': 1.3915120570640278}. Best is trial 12 with value: 61.770344674687976.
[I 2026-05-28 22:25:39,738] Trial 13 finished with value: 106.40709918551343 and parameters: {'ISTN': 154.7652626311857, 'I_gpe': 5.523631546103213, 'I_gpi': 3.0243847794583854, 'noise_stn_sigma': 2.369055589597284, 'noise_gpe_sigma': 62.96188741699687, 'noise_gpi_sigma': 83.94802474570797, 'g_stn_gpe_mult': 1.3578531641978249, 'g_gpe_stn_mult': 1.48147123070921, 'g_stn_gpi_mult': 1.3760611686502136, 'g_gpe_gpi_mult': 0.9916618278426355}. Best is trial 12 with value: 61.770344674687976.
[I 2026-05-28 22:25:40,742] Trial 14 finished with value: 105.71800082542214 and parameters: {'ISTN': 154.68869692562572, 'I_gpe': 4.892400806657212, 'I_gpi': 2.659617506644544, 'noise_stn_sigma': 2.4089806853524887, 'noise_gpe_sigma': 54.190403833080445, 'noise_gpi_sigma': 68.58078046864978, 'g_stn_gpe_mult': 0.6460937006361908, 'g_gpe_stn_mult': 1.3920761178849188, 'g_stn_gpi_mult': 1.3205045903036852, 'g_gpe_gpi_mult': 1.2666610690586793}. Best is trial 12 with value: 61.770344674687976.
[I 2026-05-28 22:25:41,747] Trial 15 finished with value: 107.28974665719943 and parameters: {'ISTN': 155.2181069665773, 'I_gpe': 6.058103037157432, 'I_gpi': 1.6768509957999862, 'noise_stn_sigma': 1.5669176508282343, 'noise_gpe_sigma': 37.12779369940965, 'noise_gpi_sigma': 85.96071829884163, 'g_stn_gpe_mult': 1.145334435691621, 'g_gpe_stn_mult': 0.9572776664770326, 'g_stn_gpi_mult': 1.4354761048769396, 'g_gpe_gpi_mult': 1.2254021837527316}. Best is trial 12 with value: 61.770344674687976.
[I 2026-05-28 22:25:42,750] Trial 16 finished with value: 105.48176927295209 and parameters: {'ISTN': 156.9849259989594, 'I_gpe': 3.9736710162296727, 'I_gpi': 2.9567074399213142, 'noise_stn_sigma': 2.0476947409575277, 'noise_gpe_sigma': 32.50895200262285, 'noise_gpi_sigma': 55.12185358616601, 'g_stn_gpe_mult': 0.7996324325858217, 'g_gpe_stn_mult': 1.0259066800361745, 'g_stn_gpi_mult': 1.2489941116061998, 'g_gpe_gpi_mult': 1.2547156268250446}. Best is trial 12 with value: 61.770344674687976.
[I 2026-05-28 22:25:43,754] Trial 17 finished with value: 106.61369699164239 and parameters: {'ISTN': 131.383191415587, 'I_gpe': 5.052594359710925, 'I_gpi': 3.799091677112353, 'noise_stn_sigma': 3.529090807679081, 'noise_gpe_sigma': 44.59166304775325, 'noise_gpi_sigma': 52.129154566433655, 'g_stn_gpe_mult': 0.8871459320905972, 'g_gpe_stn_mult': 1.1490425832835558, 'g_stn_gpi_mult': 1.433653997122677, 'g_gpe_gpi_mult': 1.0643993546111266}. Best is trial 12 with value: 61.770344674687976.
[I 2026-05-28 22:25:44,758] Trial 18 finished with value: 105.83151217148371 and parameters: {'ISTN': 163.02882698220304, 'I_gpe': 4.8556016908119375, 'I_gpi': 2.934729332571453, 'noise_stn_sigma': 1.7477426314934263, 'noise_gpe_sigma': 43.14361778180528, 'noise_gpi_sigma': 55.99885349383743, 'g_stn_gpe_mult': 0.8812268241925104, 'g_gpe_stn_mult': 1.1162095973044432, 'g_stn_gpi_mult': 0.956683065863288, 'g_gpe_gpi_mult': 1.0743730024076494}. Best is trial 12 with value: 61.770344674687976.
[I 2026-05-28 22:25:45,770] Trial 19 finished with value: 45.49598079298513 and parameters: {'ISTN': 146.14681747693203, 'I_gpe': 3.4177979825728113, 'I_gpi': 5.275027501834486, 'noise_stn_sigma': 3.9499784645551905, 'noise_gpe_sigma': 42.57761560680395, 'noise_gpi_sigma': 53.58086545168979, 'g_stn_gpe_mult': 0.9098380184215975, 'g_gpe_stn_mult': 0.8838002298428245, 'g_stn_gpi_mult': 1.422513280188161, 'g_gpe_gpi_mult': 1.3830253620908772}. Best is trial 19 with value: 45.49598079298513.
[I 2026-05-28 22:25:46,778] Trial 20 finished with value: 106.1806221443953 and parameters: {'ISTN': 155.8584516809899, 'I_gpe': 5.3839515742247395, 'I_gpi': 1.9507583230827434, 'noise_stn_sigma': 1.7775006838239968, 'noise_gpe_sigma': 70.88010708309695, 'noise_gpi_sigma': 74.18694556769438, 'g_stn_gpe_mult': 0.9021773518787004, 'g_gpe_stn_mult': 1.345680540069089, 'g_stn_gpi_mult': 1.5106084798958517, 'g_gpe_gpi_mult': 1.2278604714605104}. Best is trial 19 with value: 45.49598079298513.
[I 2026-05-28 22:25:47,785] Trial 21 finished with value: 105.35992423918583 and parameters: {'ISTN': 185.14542396455343, 'I_gpe': 4.124798233472378, 'I_gpi': 2.4832118356349877, 'noise_stn_sigma': 4.048103643996328, 'noise_gpe_sigma': 41.0560614910025, 'noise_gpi_sigma': 60.99627338113246, 'g_stn_gpe_mult': 1.022855607264527, 'g_gpe_stn_mult': 1.1972152951777701, 'g_stn_gpi_mult': 1.7942430785613146, 'g_gpe_gpi_mult': 1.735622786565246}. Best is trial 19 with value: 45.49598079298513.
[I 2026-05-28 22:25:48,787] Trial 22 finished with value: 106.53913147747356 and parameters: {'ISTN': 182.67115460946434, 'I_gpe': 5.1293639915311875, 'I_gpi': 3.5647792652354724, 'noise_stn_sigma': 3.0353152656732605, 'noise_gpe_sigma': 45.795447438896105, 'noise_gpi_sigma': 26.892338402344272, 'g_stn_gpe_mult': 0.7796314407165992, 'g_gpe_stn_mult': 0.9672442140911471, 'g_stn_gpi_mult': 1.051809859941845, 'g_gpe_gpi_mult': 1.4572151790592272}. Best is trial 19 with value: 45.49598079298513.
[I 2026-05-28 22:25:49,795] Trial 23 finished with value: 81.90450277399708 and parameters: {'ISTN': 164.4414465708823, 'I_gpe': 2.685303014155689, 'I_gpi': 3.60486691554737, 'noise_stn_sigma': 3.9568755476100748, 'noise_gpe_sigma': 46.50184945617591, 'noise_gpi_sigma': 70.54872219662508, 'g_stn_gpe_mult': 0.919691616290095, 'g_gpe_stn_mult': 1.0951351484971674, 'g_stn_gpi_mult': 1.5562479962441906, 'g_gpe_gpi_mult': 1.4812203645190583}. Best is trial 19 with value: 45.49598079298513.
[I 2026-05-28 22:25:50,798] Trial 24 finished with value: 110.99256401907843 and parameters: {'ISTN': 158.79536193739392, 'I_gpe': 5.120103308014261, 'I_gpi': 6.306038028491235, 'noise_stn_sigma': 3.4151143563152124, 'noise_gpe_sigma': 52.28965959788604, 'noise_gpi_sigma': 70.19330816280845, 'g_stn_gpe_mult': 1.3494813409376116, 'g_gpe_stn_mult': 1.220897703570691, 'g_stn_gpi_mult': 1.4381953410717883, 'g_gpe_gpi_mult': 1.7206573670595993}. Best is trial 19 with value: 45.49598079298513.
[I 2026-05-28 22:25:51,804] Trial 25 finished with value: 3.4682330250577924 and parameters: {'ISTN': 140.36165926006385, 'I_gpe': 5.073160266150748, 'I_gpi': 3.7200067188926402, 'noise_stn_sigma': 2.428482432324364, 'noise_gpe_sigma': 37.709600473524844, 'noise_gpi_sigma': 64.99429874308187, 'g_stn_gpe_mult': 0.6321820984400898, 'g_gpe_stn_mult': 0.6760696809671127, 'g_stn_gpi_mult': 1.659117709815673, 'g_gpe_gpi_mult': 1.455957937986471}. Best is trial 25 with value: 3.4682330250577924.
[I 2026-05-28 22:25:52,807] Trial 26 finished with value: 106.39938648521016 and parameters: {'ISTN': 177.14176018495917, 'I_gpe': 5.100860375178964, 'I_gpi': 3.5366516493069597, 'noise_stn_sigma': 3.287908781455714, 'noise_gpe_sigma': 54.92226125078953, 'noise_gpi_sigma': 53.44441138728464, 'g_stn_gpe_mult': 0.9620564708909329, 'g_gpe_stn_mult': 0.9856817632975989, 'g_stn_gpi_mult': 1.5743098734465182, 'g_gpe_gpi_mult': 1.5486177333629896}. Best is trial 25 with value: 3.4682330250577924.
[I 2026-05-28 22:25:53,810] Trial 27 finished with value: 105.54079736249025 and parameters: {'ISTN': 140.45344118716707, 'I_gpe': 3.3412268815494715, 'I_gpi': 3.639661092385133, 'noise_stn_sigma': 3.7657311651535657, 'noise_gpe_sigma': 49.331275449362074, 'noise_gpi_sigma': 46.24288783796672, 'g_stn_gpe_mult': 1.049016220678148, 'g_gpe_stn_mult': 1.0938833651954547, 'g_stn_gpi_mult': 1.246228393401078, 'g_gpe_gpi_mult': 1.4887424860837624}. Best is trial 25 with value: 3.4682330250577924.
[I 2026-05-28 22:25:54,819] Trial 28 finished with value: 26.430260800772697 and parameters: {'ISTN': 160.8599737468664, 'I_gpe': 3.329028291410227, 'I_gpi': 4.586443709858244, 'noise_stn_sigma': 3.1488497073025354, 'noise_gpe_sigma': 27.466144591672723, 'noise_gpi_sigma': 29.791941510193098, 'g_stn_gpe_mult': 1.2556257500727441, 'g_gpe_stn_mult': 1.0083598590910046, 'g_stn_gpi_mult': 1.2487874878123222, 'g_gpe_gpi_mult': 1.2242490858857666}. Best is trial 25 with value: 3.4682330250577924.
[I 2026-05-28 22:25:55,766] Trial 29 finished with value: 1000000.0 and parameters: {'ISTN': 128.0803523178382, 'I_gpe': 2.939898364728352, 'I_gpi': 3.0713344217160174, 'noise_stn_sigma': 2.156485966990553, 'noise_gpe_sigma': 51.242009213252594, 'noise_gpi_sigma': 54.49532631752087, 'g_stn_gpe_mult': 0.6118472562974686, 'g_gpe_stn_mult': 0.8535444706156916, 'g_stn_gpi_mult': 1.2142285388996872, 'g_gpe_gpi_mult': 1.4081982023938702}. Best is trial 25 with value: 3.4682330250577924.
[I 2026-05-28 22:25:56,775] Trial 30 finished with value: 183.71601565507737 and parameters: {'ISTN': 189.30126569370734, 'I_gpe': 3.741085343684806, 'I_gpi': 4.29448332766497, 'noise_stn_sigma': 3.46138874639098, 'noise_gpe_sigma': 44.42924526885869, 'noise_gpi_sigma': 45.07555416862767, 'g_stn_gpe_mult': 0.6209401744769221, 'g_gpe_stn_mult': 0.6563549207656223, 'g_stn_gpi_mult': 1.6250190223233216, 'g_gpe_gpi_mult': 1.62969057310039}. Best is trial 25 with value: 3.4682330250577924.
[I 2026-05-28 22:25:57,786] Trial 31 finished with value: 43.11921643771132 and parameters: {'ISTN': 148.47371082378595, 'I_gpe': 3.164294039156964, 'I_gpi': 3.5486852166921943, 'noise_stn_sigma': 3.920448929816705, 'noise_gpe_sigma': 36.7702833262349, 'noise_gpi_sigma': 54.71945317737895, 'g_stn_gpe_mult': 1.0771492753249579, 'g_gpe_stn_mult': 0.9459587766359734, 'g_stn_gpi_mult': 1.5264345845557605, 'g_gpe_gpi_mult': 1.6635780667183009}. Best is trial 25 with value: 3.4682330250577924.
[I 2026-05-28 22:25:58,790] Trial 32 finished with value: 105.71078255444024 and parameters: {'ISTN': 166.88125918449518, 'I_gpe': 4.209388718643431, 'I_gpi': 3.361143840893745, 'noise_stn_sigma': 2.7628195548587215, 'noise_gpe_sigma': 53.85176401115154, 'noise_gpi_sigma': 65.39375623151923, 'g_stn_gpe_mult': 1.2117481665278356, 'g_gpe_stn_mult': 1.1643068221349084, 'g_stn_gpi_mult': 1.520482588206316, 'g_gpe_gpi_mult': 1.3931154174784834}. Best is trial 25 with value: 3.4682330250577924.
[I 2026-05-28 22:25:59,802] Trial 33 finished with value: 66.04768531964788 and parameters: {'ISTN': 164.5310224729214, 'I_gpe': 4.82899472919382, 'I_gpi': 4.156094731002506, 'noise_stn_sigma': 3.1348356239496606, 'noise_gpe_sigma': 30.156908300539122, 'noise_gpi_sigma': 59.39829904308567, 'g_stn_gpe_mult': 0.9992080651414064, 'g_gpe_stn_mult': 0.7414319449501658, 'g_stn_gpi_mult': 1.4766989628353773, 'g_gpe_gpi_mult': 1.3676964844389214}. Best is trial 25 with value: 3.4682330250577924.
[I 2026-05-28 22:26:00,814] Trial 34 finished with value: 104.81253521586724 and parameters: {'ISTN': 154.45344230654297, 'I_gpe': 4.318084675654425, 'I_gpi': 2.748508363290344, 'noise_stn_sigma': 3.4264032371165065, 'noise_gpe_sigma': 50.90169626633769, 'noise_gpi_sigma': 54.57569626769587, 'g_stn_gpe_mult': 0.7254626900250449, 'g_gpe_stn_mult': 0.5917899807454895, 'g_stn_gpi_mult': 1.1480156365884944, 'g_gpe_gpi_mult': 1.4400851016172205}. Best is trial 25 with value: 3.4682330250577924.
[I 2026-05-28 22:26:01,818] Trial 35 finished with value: 105.44286819806715 and parameters: {'ISTN': 157.97658213006963, 'I_gpe': 3.3499689755340656, 'I_gpi': 3.0573894928313123, 'noise_stn_sigma': 1.662610776521517, 'noise_gpe_sigma': 56.429198502051605, 'noise_gpi_sigma': 45.24415603719322, 'g_stn_gpe_mult': 0.6432085508834156, 'g_gpe_stn_mult': 1.202569763806682, 'g_stn_gpi_mult': 1.8133128156200908, 'g_gpe_gpi_mult': 1.0914829344704335}. Best is trial 25 with value: 3.4682330250577924.
[I 2026-05-28 22:26:02,826] Trial 36 finished with value: 97.98695200118112 and parameters: {'ISTN': 151.82165614812033, 'I_gpe': 3.5473157260201216, 'I_gpi': 4.955292071406198, 'noise_stn_sigma': 4.569032184683024, 'noise_gpe_sigma': 43.042189250481655, 'noise_gpi_sigma': 58.852358756671556, 'g_stn_gpe_mult': 0.8176442992165309, 'g_gpe_stn_mult': 0.5504863213916011, 'g_stn_gpi_mult': 1.6454055749360215, 'g_gpe_gpi_mult': 1.4912850996317717}. Best is trial 25 with value: 3.4682330250577924.
[I 2026-05-28 22:26:03,835] Trial 37 finished with value: 74.42598801695476 and parameters: {'ISTN': 155.0651673473452, 'I_gpe': 3.2814121815645656, 'I_gpi': 3.578902097459239, 'noise_stn_sigma': 3.9224387132747087, 'noise_gpe_sigma': 40.663393738371155, 'noise_gpi_sigma': 48.5462170295996, 'g_stn_gpe_mult': 0.7729179859287444, 'g_gpe_stn_mult': 0.8928640670274988, 'g_stn_gpi_mult': 1.3979680351881374, 'g_gpe_gpi_mult': 1.6620449551198972}. Best is trial 25 with value: 3.4682330250577924.
[I 2026-05-28 22:26:04,837] Trial 38 finished with value: 107.80390062551943 and parameters: {'ISTN': 159.53512883760993, 'I_gpe': 4.520607819936299, 'I_gpi': 4.866905858912481, 'noise_stn_sigma': 3.804290793021941, 'noise_gpe_sigma': 22.794114941526544, 'noise_gpi_sigma': 53.965642409994906, 'g_stn_gpe_mult': 0.9010737454378313, 'g_gpe_stn_mult': 1.0510412641993596, 'g_stn_gpi_mult': 1.4429577599186836, 'g_gpe_gpi_mult': 1.5205828816948284}. Best is trial 25 with value: 3.4682330250577924.
[I 2026-05-28 22:26:05,841] Trial 39 finished with value: 108.80838758708224 and parameters: {'ISTN': 147.7004592179672, 'I_gpe': 6.63013358497036, 'I_gpi': 3.914430060238998, 'noise_stn_sigma': 3.3624646885582754, 'noise_gpe_sigma': 42.61669055580991, 'noise_gpi_sigma': 68.19179505388735, 'g_stn_gpe_mult': 0.5100686897392561, 'g_gpe_stn_mult': 1.0687473994283816, 'g_stn_gpi_mult': 1.413582807343333, 'g_gpe_gpi_mult': 1.342188338994926}. Best is trial 25 with value: 3.4682330250577924.
[I 2026-05-28 22:26:06,848] Trial 40 finished with value: 106.89811362324807 and parameters: {'ISTN': 161.77331734066325, 'I_gpe': 5.316592579305575, 'I_gpi': 3.8768277047549877, 'noise_stn_sigma': 2.6670104340101943, 'noise_gpe_sigma': 35.475930013563186, 'noise_gpi_sigma': 95.99396957847402, 'g_stn_gpe_mult': 0.8751110444827106, 'g_gpe_stn_mult': 0.7558241442914622, 'g_stn_gpi_mult': 1.9280403870143088, 'g_gpe_gpi_mult': 1.3405098060218168}. Best is trial 25 with value: 3.4682330250577924.
[I 2026-05-28 22:26:07,858] Trial 41 finished with value: 101.58176799596214 and parameters: {'ISTN': 159.4024982767275, 'I_gpe': 3.949657353937287, 'I_gpi': 3.885780581300979, 'noise_stn_sigma': 3.5732690668901768, 'noise_gpe_sigma': 59.97393656304922, 'noise_gpi_sigma': 48.814701024975776, 'g_stn_gpe_mult': 0.8049378754341809, 'g_gpe_stn_mult': 0.7664131191703556, 'g_stn_gpi_mult': 1.2891590862525875, 'g_gpe_gpi_mult': 1.6173400623657703}. Best is trial 25 with value: 3.4682330250577924.
[I 2026-05-28 22:26:08,872] Trial 42 finished with value: 98.42001378246202 and parameters: {'ISTN': 152.30345491228417, 'I_gpe': 2.9675039146030833, 'I_gpi': 4.472644364129926, 'noise_stn_sigma': 4.11096306179552, 'noise_gpe_sigma': 33.39165238341626, 'noise_gpi_sigma': 46.07832099536615, 'g_stn_gpe_mult': 0.8644561453909743, 'g_gpe_stn_mult': 0.6591703304149052, 'g_stn_gpi_mult': 1.616699051429879, 'g_gpe_gpi_mult': 1.6463785984102972}. Best is trial 25 with value: 3.4682330250577924.
[I 2026-05-28 22:26:09,881] Trial 43 finished with value: 34.12918320282771 and parameters: {'ISTN': 135.15727404400195, 'I_gpe': 2.881243480265268, 'I_gpi': 3.0370702949237454, 'noise_stn_sigma': 4.566387108036907, 'noise_gpe_sigma': 51.962738082536674, 'noise_gpi_sigma': 78.50456608187707, 'g_stn_gpe_mult': 1.1303724515783875, 'g_gpe_stn_mult': 0.9179421940199222, 'g_stn_gpi_mult': 1.6046179315632014, 'g_gpe_gpi_mult': 1.4539862182640988}. Best is trial 25 with value: 3.4682330250577924.
