[I 2026-05-28 23:06:17,058] Trial 396 finished with value: 1.0244324913086544 and parameters: {'ISTN': 95.40531392360933, 'I_gpe': 3.4281694679419865, 'I_gpi': 1.6297612344072956, 'noise_stn_sigma': 2.7230233492760054, 'noise_gpe_sigma': 46.990064664956286, 'noise_gpi_sigma': 32.5594281387186, 'g_stn_gpe_mult': 1.4391772526875681, 'g_gpe_stn_mult': 0.7256255688563309, 'g_stn_gpi_mult': 1.7899345199522212, 'g_gpe_gpi_mult': 1.2751164861209925}. Best is trial 99 with value: 0.2422004780435466.
[I 2026-05-28 23:06:18,064] Trial 397 finished with value: 0.5721524535454569 and parameters: {'ISTN': 92.50643973891192, 'I_gpe': 2.9599523399139143, 'I_gpi': 2.2491981407147903, 'noise_stn_sigma': 2.8811774282161844, 'noise_gpe_sigma': 46.1203047290982, 'noise_gpi_sigma': 42.63628735873414, 'g_stn_gpe_mult': 1.415379223573355, 'g_gpe_stn_mult': 0.7971449645003781, 'g_stn_gpi_mult': 1.7037154005504114, 'g_gpe_gpi_mult': 1.3551044259062208}. Best is trial 99 with value: 0.2422004780435466.
[I 2026-05-28 23:06:19,069] Trial 398 finished with value: 0.24473323459557725 and parameters: {'ISTN': 101.06460744579721, 'I_gpe': 3.553787831237827, 'I_gpi': 1.910062345908819, 'noise_stn_sigma': 2.275139403703676, 'noise_gpe_sigma': 36.00042859261668, 'noise_gpi_sigma': 31.810721513223793, 'g_stn_gpe_mult': 1.5480480185727195, 'g_gpe_stn_mult': 0.7088693068151292, 'g_stn_gpi_mult': 1.7594165682104894, 'g_gpe_gpi_mult': 1.325375790851231}. Best is trial 99 with value: 0.2422004780435466.
[I 2026-05-28 23:06:20,077] Trial 399 finished with value: 0.7771251153207994 and parameters: {'ISTN': 102.18538550662909, 'I_gpe': 3.074612930558219, 'I_gpi': 2.8755946881535346, 'noise_stn_sigma': 2.321518435628919, 'noise_gpe_sigma': 36.80762431589619, 'noise_gpi_sigma': 41.15600588521077, 'g_stn_gpe_mult': 1.6425188572714613, 'g_gpe_stn_mult': 0.7869177604415649, 'g_stn_gpi_mult': 1.6528436143007643, 'g_gpe_gpi_mult': 1.4333097788939668}. Best is trial 99 with value: 0.2422004780435466.
[I 2026-05-28 23:06:21,079] Trial 400 finished with value: 2.9936253534965935 and parameters: {'ISTN': 85.29808893575901, 'I_gpe': 2.919415131941839, 'I_gpi': 2.3708374630197984, 'noise_stn_sigma': 2.1754886581162127, 'noise_gpe_sigma': 40.73487182474216, 'noise_gpi_sigma': 29.400336101519223, 'g_stn_gpe_mult': 1.5087214559795745, 'g_gpe_stn_mult': 0.7886297437143929, 'g_stn_gpi_mult': 1.6418000101908132, 'g_gpe_gpi_mult': 1.3827190294220917}. Best is trial 99 with value: 0.2422004780435466.
[I 2026-05-28 23:06:22,087] Trial 401 finished with value: 4.364000587859575 and parameters: {'ISTN': 99.10014440352757, 'I_gpe': 2.9545445393680985, 'I_gpi': 2.0522900886790962, 'noise_stn_sigma': 2.4732842363036394, 'noise_gpe_sigma': 35.042581365171245, 'noise_gpi_sigma': 34.571565067038094, 'g_stn_gpe_mult': 1.5598880562018893, 'g_gpe_stn_mult': 0.7476480690929956, 'g_stn_gpi_mult': 1.8126087054308253, 'g_gpe_gpi_mult': 1.330136519971618}. Best is trial 99 with value: 0.2422004780435466.
[I 2026-05-28 23:06:23,035] Trial 402 finished with value: 1000000.0 and parameters: {'ISTN': 98.78602152554997, 'I_gpe': 3.3796261440105173, 'I_gpi': 1.5623013935332661, 'noise_stn_sigma': 2.421206999062031, 'noise_gpe_sigma': 34.933282793850296, 'noise_gpi_sigma': 43.15248760452517, 'g_stn_gpe_mult': 1.4176711917150042, 'g_gpe_stn_mult': 0.7638529902730533, 'g_stn_gpi_mult': 1.7412051176017027, 'g_gpe_gpi_mult': 1.395944929546336}. Best is trial 99 with value: 0.2422004780435466.
[I 2026-05-28 23:06:24,044] Trial 403 finished with value: 0.4369339427080955 and parameters: {'ISTN': 89.3616614169953, 'I_gpe': 3.1139644669901014, 'I_gpi': 1.831922221952758, 'noise_stn_sigma': 2.3834784530790176, 'noise_gpe_sigma': 43.50904453448687, 'noise_gpi_sigma': 31.51154833047924, 'g_stn_gpe_mult': 1.4460746377093132, 'g_gpe_stn_mult': 0.7095635220916436, 'g_stn_gpi_mult': 1.6125867074926126, 'g_gpe_gpi_mult': 1.345381471715904}. Best is trial 99 with value: 0.2422004780435466.
[I 2026-05-28 23:06:25,049] Trial 404 finished with value: 0.3228496576810375 and parameters: {'ISTN': 103.24407532201569, 'I_gpe': 3.443813618705594, 'I_gpi': 1.6336010276846307, 'noise_stn_sigma': 2.663341210810958, 'noise_gpe_sigma': 35.64607274410166, 'noise_gpi_sigma': 31.61823480812203, 'g_stn_gpe_mult': 1.4446593652860045, 'g_gpe_stn_mult': 0.7356011935715167, 'g_stn_gpi_mult': 1.6358301294304929, 'g_gpe_gpi_mult': 1.4629272658758667}. Best is trial 99 with value: 0.2422004780435466.
[I 2026-05-28 23:06:26,055] Trial 405 finished with value: 0.23261025483141634 and parameters: {'ISTN': 96.6483664213336, 'I_gpe': 3.1425383997842573, 'I_gpi': 2.0277342986008495, 'noise_stn_sigma': 2.5764224201319967, 'noise_gpe_sigma': 48.35566508294463, 'noise_gpi_sigma': 32.24502791879692, 'g_stn_gpe_mult': 1.564170949278578, 'g_gpe_stn_mult': 0.7665828654884916, 'g_stn_gpi_mult': 1.769879673597877, 'g_gpe_gpi_mult': 1.3495888847538098}. Best is trial 405 with value: 0.23261025483141634.
[I 2026-05-28 23:06:27,061] Trial 406 finished with value: 4.959034117110605 and parameters: {'ISTN': 90.89867913504258, 'I_gpe': 3.0004843624674433, 'I_gpi': 2.5552989346148163, 'noise_stn_sigma': 2.7460741075847115, 'noise_gpe_sigma': 32.92970053270503, 'noise_gpi_sigma': 38.871206441827084, 'g_stn_gpe_mult': 1.4853292498671422, 'g_gpe_stn_mult': 0.6805731168899891, 'g_stn_gpi_mult': 1.7593158397679836, 'g_gpe_gpi_mult': 1.348347063025294}. Best is trial 405 with value: 0.23261025483141634.
[I 2026-05-28 23:06:28,064] Trial 407 finished with value: 0.41924685567664804 and parameters: {'ISTN': 92.76345013782063, 'I_gpe': 3.280494381064055, 'I_gpi': 1.9410970757916468, 'noise_stn_sigma': 2.643230225710306, 'noise_gpe_sigma': 42.60730407312465, 'noise_gpi_sigma': 38.59156065104651, 'g_stn_gpe_mult': 1.3493104102661215, 'g_gpe_stn_mult': 0.7274752739813127, 'g_stn_gpi_mult': 1.7804158196284439, 'g_gpe_gpi_mult': 1.1449641736869867}. Best is trial 405 with value: 0.23261025483141634.
[I 2026-05-28 23:06:29,069] Trial 408 finished with value: 0.7935456966024218 and parameters: {'ISTN': 102.0553826989909, 'I_gpe': 3.3915456786920983, 'I_gpi': 1.3830954841830083, 'noise_stn_sigma': 2.720235154862125, 'noise_gpe_sigma': 37.58358392254955, 'noise_gpi_sigma': 45.4216519527763, 'g_stn_gpe_mult': 1.50324961181141, 'g_gpe_stn_mult': 0.7578225981853088, 'g_stn_gpi_mult': 1.6153794907952563, 'g_gpe_gpi_mult': 1.3714691915528476}. Best is trial 405 with value: 0.23261025483141634.
[I 2026-05-28 23:06:30,076] Trial 409 finished with value: 1.5165938605964877 and parameters: {'ISTN': 107.29014450696019, 'I_gpe': 3.3379426388770805, 'I_gpi': 1.7028165286707433, 'noise_stn_sigma': 2.5026319309613156, 'noise_gpe_sigma': 43.35984511658376, 'noise_gpi_sigma': 47.10935216273713, 'g_stn_gpe_mult': 1.5753930785912216, 'g_gpe_stn_mult': 0.759630343879488, 'g_stn_gpi_mult': 1.705268322435324, 'g_gpe_gpi_mult': 1.181330178386982}. Best is trial 405 with value: 0.23261025483141634.
[I 2026-05-28 23:06:31,078] Trial 410 finished with value: 104.83815284368464 and parameters: {'ISTN': 91.51612027017556, 'I_gpe': 3.4692091033594035, 'I_gpi': 1.8446177005043933, 'noise_stn_sigma': 2.3780186946148043, 'noise_gpe_sigma': 42.09792592409779, 'noise_gpi_sigma': 47.81509272087302, 'g_stn_gpe_mult': 1.5441703305858248, 'g_gpe_stn_mult': 0.7410824345151519, 'g_stn_gpi_mult': 1.6493116294078793, 'g_gpe_gpi_mult': 1.3041237971624209}. Best is trial 405 with value: 0.23261025483141634.
[I 2026-05-28 23:06:32,084] Trial 411 finished with value: 1.6880349526422405 and parameters: {'ISTN': 104.16998112685575, 'I_gpe': 3.3860263164224147, 'I_gpi': 1.9581103790535355, 'noise_stn_sigma': 2.5184636606303856, 'noise_gpe_sigma': 40.536130920931626, 'noise_gpi_sigma': 31.73138581995233, 'g_stn_gpe_mult': 1.4879868799541338, 'g_gpe_stn_mult': 0.7872946793278783, 'g_stn_gpi_mult': 1.6998726274773144, 'g_gpe_gpi_mult': 1.3131117262705152}. Best is trial 405 with value: 0.23261025483141634.
[I 2026-05-28 23:06:33,088] Trial 412 finished with value: 0.8186414787064669 and parameters: {'ISTN': 92.01984858186623, 'I_gpe': 2.930573428240744, 'I_gpi': 2.375498442612921, 'noise_stn_sigma': 2.6999631728144395, 'noise_gpe_sigma': 52.957889047970234, 'noise_gpi_sigma': 34.533530466939126, 'g_stn_gpe_mult': 1.5149492829275986, 'g_gpe_stn_mult': 0.7585509359344962, 'g_stn_gpi_mult': 1.7692330778328067, 'g_gpe_gpi_mult': 1.4156399243330386}. Best is trial 405 with value: 0.23261025483141634.
[I 2026-05-28 23:06:34,093] Trial 413 finished with value: 3.094561204517487 and parameters: {'ISTN': 97.5971024106196, 'I_gpe': 2.9743148011121106, 'I_gpi': 2.0290485774214075, 'noise_stn_sigma': 2.266963438904252, 'noise_gpe_sigma': 49.3700446924412, 'noise_gpi_sigma': 32.936783735903504, 'g_stn_gpe_mult': 1.5825918658250122, 'g_gpe_stn_mult': 0.7457302100445578, 'g_stn_gpi_mult': 1.6424276707345316, 'g_gpe_gpi_mult': 1.291767450265867}. Best is trial 405 with value: 0.23261025483141634.
[I 2026-05-28 23:06:35,100] Trial 414 finished with value: 1.1155591498469875 and parameters: {'ISTN': 97.58519876817834, 'I_gpe': 3.183846436654755, 'I_gpi': 1.7070530094453715, 'noise_stn_sigma': 2.338897659548184, 'noise_gpe_sigma': 40.461119770148926, 'noise_gpi_sigma': 31.732279249448695, 'g_stn_gpe_mult': 1.5028691232398315, 'g_gpe_stn_mult': 0.7331705787518119, 'g_stn_gpi_mult': 1.5476794288916111, 'g_gpe_gpi_mult': 1.3748812814704725}. Best is trial 405 with value: 0.23261025483141634.
[I 2026-05-28 23:06:36,105] Trial 415 finished with value: 2.2209401973194005 and parameters: {'ISTN': 89.70673603407155, 'I_gpe': 3.4652531211339395, 'I_gpi': 2.253045087282659, 'noise_stn_sigma': 2.1742919305240695, 'noise_gpe_sigma': 33.554320466470145, 'noise_gpi_sigma': 34.30314830502841, 'g_stn_gpe_mult': 1.414920605920925, 'g_gpe_stn_mult': 0.6931168832197628, 'g_stn_gpi_mult': 1.725394090459533, 'g_gpe_gpi_mult': 1.3484737781938412}. Best is trial 405 with value: 0.23261025483141634.
[I 2026-05-28 23:06:37,110] Trial 416 finished with value: 1.6752719856715184 and parameters: {'ISTN': 95.49551756457903, 'I_gpe': 2.7417259829514515, 'I_gpi': 1.8858332633904502, 'noise_stn_sigma': 2.758330531975313, 'noise_gpe_sigma': 49.54187178029778, 'noise_gpi_sigma': 39.248929302143466, 'g_stn_gpe_mult': 1.5314481628836052, 'g_gpe_stn_mult': 0.8035416163984906, 'g_stn_gpi_mult': 1.6458455951124322, 'g_gpe_gpi_mult': 1.240137031854588}. Best is trial 405 with value: 0.23261025483141634.
[I 2026-05-28 23:06:38,113] Trial 417 finished with value: 4.934377437797328 and parameters: {'ISTN': 96.88844838829084, 'I_gpe': 3.48773619430661, 'I_gpi': 1.4054548443676624, 'noise_stn_sigma': 3.0190334158960335, 'noise_gpe_sigma': 44.61817515313325, 'noise_gpi_sigma': 36.25175244976831, 'g_stn_gpe_mult': 1.4147268941879583, 'g_gpe_stn_mult': 0.7738303581609234, 'g_stn_gpi_mult': 1.7676676611806894, 'g_gpe_gpi_mult': 1.2940725988372699}. Best is trial 405 with value: 0.23261025483141634.
[I 2026-05-28 23:06:39,114] Trial 418 finished with value: 4.870730034071932 and parameters: {'ISTN': 88.70059054573038, 'I_gpe': 2.9156407470487493, 'I_gpi': 1.6676989175854948, 'noise_stn_sigma': 2.700298759143663, 'noise_gpe_sigma': 47.500778214870316, 'noise_gpi_sigma': 37.37371458147264, 'g_stn_gpe_mult': 1.5167852025642925, 'g_gpe_stn_mult': 0.8483518519581092, 'g_stn_gpi_mult': 1.5620792131658483, 'g_gpe_gpi_mult': 1.4112980692611643}. Best is trial 405 with value: 0.23261025483141634.
[I 2026-05-28 23:06:40,122] Trial 419 finished with value: 1.2640160025305223 and parameters: {'ISTN': 94.90764495841084, 'I_gpe': 3.479579010060258, 'I_gpi': 2.0049768366275007, 'noise_stn_sigma': 2.4719231258053744, 'noise_gpe_sigma': 41.32265282565087, 'noise_gpi_sigma': 27.531164840355533, 'g_stn_gpe_mult': 1.335769283604171, 'g_gpe_stn_mult': 0.6666075871720465, 'g_stn_gpi_mult': 1.6376838752666907, 'g_gpe_gpi_mult': 1.2228093972924574}. Best is trial 405 with value: 0.23261025483141634.
[I 2026-05-28 23:06:41,129] Trial 420 finished with value: 0.41209121439772894 and parameters: {'ISTN': 97.69101607153023, 'I_gpe': 2.9467098647421555, 'I_gpi': 2.405447099069802, 'noise_stn_sigma': 2.7379772925035386, 'noise_gpe_sigma': 47.248172784043135, 'noise_gpi_sigma': 34.39950856769322, 'g_stn_gpe_mult': 1.5266477393784306, 'g_gpe_stn_mult': 0.8046918546191071, 'g_stn_gpi_mult': 1.687474872501498, 'g_gpe_gpi_mult': 1.3511440261067098}. Best is trial 405 with value: 0.23261025483141634.
[I 2026-05-28 23:06:42,137] Trial 421 finished with value: 0.2677755042361746 and parameters: {'ISTN': 91.8361685847955, 'I_gpe': 2.9093007227521603, 'I_gpi': 2.3596347423482147, 'noise_stn_sigma': 2.9230536138600707, 'noise_gpe_sigma': 56.37035509099929, 'noise_gpi_sigma': 38.08095412860581, 'g_stn_gpe_mult': 1.5747668752142334, 'g_gpe_stn_mult': 0.8023559290963195, 'g_stn_gpi_mult': 1.755635136856814, 'g_gpe_gpi_mult': 1.2822874488834752}. Best is trial 405 with value: 0.23261025483141634.
[I 2026-05-28 23:06:43,144] Trial 422 finished with value: 4.2779792306083495 and parameters: {'ISTN': 93.82177711959721, 'I_gpe': 2.8249733986328267, 'I_gpi': 1.8159184251568408, 'noise_stn_sigma': 2.750149347476855, 'noise_gpe_sigma': 44.233827593092585, 'noise_gpi_sigma': 38.53736001740039, 'g_stn_gpe_mult': 1.49039451817297, 'g_gpe_stn_mult': 0.7468799683088357, 'g_stn_gpi_mult': 1.6801899722068017, 'g_gpe_gpi_mult': 1.3179310157861708}. Best is trial 405 with value: 0.23261025483141634.
[I 2026-05-28 23:06:44,153] Trial 423 finished with value: 1.4352587631029667 and parameters: {'ISTN': 87.938765557956, 'I_gpe': 2.6279252069325674, 'I_gpi': 2.490161858399592, 'noise_stn_sigma': 3.052768847409628, 'noise_gpe_sigma': 58.57846925816855, 'noise_gpi_sigma': 31.068721750519238, 'g_stn_gpe_mult': 1.4412611674698554, 'g_gpe_stn_mult': 0.7855467763835446, 'g_stn_gpi_mult': 1.5876244253151364, 'g_gpe_gpi_mult': 1.4168834216418797}. Best is trial 405 with value: 0.23261025483141634.
[I 2026-05-28 23:06:45,163] Trial 424 finished with value: 3.6114873760300292 and parameters: {'ISTN': 101.1288733208401, 'I_gpe': 3.544826519939628, 'I_gpi': 1.8454236227636533, 'noise_stn_sigma': 2.661786125734613, 'noise_gpe_sigma': 48.64508355586398, 'noise_gpi_sigma': 28.97788798852511, 'g_stn_gpe_mult': 1.4205715263060612, 'g_gpe_stn_mult': 0.6771361479744398, 'g_stn_gpi_mult': 1.725888714897816, 'g_gpe_gpi_mult': 1.3251383312576097}. Best is trial 405 with value: 0.23261025483141634.
[I 2026-05-28 23:06:46,170] Trial 425 finished with value: 1.434013375993941 and parameters: {'ISTN': 92.16991966259425, 'I_gpe': 2.3929040834626254, 'I_gpi': 2.356529310621561, 'noise_stn_sigma': 2.655048351352513, 'noise_gpe_sigma': 46.473123457246466, 'noise_gpi_sigma': 31.540992793236185, 'g_stn_gpe_mult': 1.3615586062747405, 'g_gpe_stn_mult': 0.8670726115305337, 'g_stn_gpi_mult': 1.6340863019385163, 'g_gpe_gpi_mult': 1.5082738426226567}. Best is trial 405 with value: 0.23261025483141634.
[I 2026-05-28 23:06:47,118] Trial 426 finished with value: 1000000.0 and parameters: {'ISTN': 94.6236223316089, 'I_gpe': 2.819292448278662, 'I_gpi': 2.458758221060717, 'noise_stn_sigma': 2.856477858662452, 'noise_gpe_sigma': 48.38115734261362, 'noise_gpi_sigma': 26.30885403825867, 'g_stn_gpe_mult': 1.4272683947266185, 'g_gpe_stn_mult': 0.7636263464424543, 'g_stn_gpi_mult': 1.7607631523126288, 'g_gpe_gpi_mult': 1.4264826566010593}. Best is trial 405 with value: 0.23261025483141634.
[I 2026-05-28 23:06:48,127] Trial 427 finished with value: 0.2117915759851754 and parameters: {'ISTN': 85.60626165187854, 'I_gpe': 3.091734563418091, 'I_gpi': 2.136718041762226, 'noise_stn_sigma': 2.871911604175335, 'noise_gpe_sigma': 51.519006463670266, 'noise_gpi_sigma': 32.46561876112895, 'g_stn_gpe_mult': 1.5121342147637695, 'g_gpe_stn_mult': 0.7025472099677893, 'g_stn_gpi_mult': 1.737070314398877, 'g_gpe_gpi_mult': 1.2718952099726404}. Best is trial 427 with value: 0.2117915759851754.
[I 2026-05-28 23:06:49,134] Trial 428 finished with value: 1.1174235784519384 and parameters: {'ISTN': 89.51526018010911, 'I_gpe': 2.8721850316430872, 'I_gpi': 2.0924604758905416, 'noise_stn_sigma': 2.473700504675061, 'noise_gpe_sigma': 56.18920264227582, 'noise_gpi_sigma': 29.77391634121127, 'g_stn_gpe_mult': 1.4249907855490254, 'g_gpe_stn_mult': 0.8115223254251398, 'g_stn_gpi_mult': 1.6660504797690767, 'g_gpe_gpi_mult': 1.3308254349416242}. Best is trial 427 with value: 0.2117915759851754.
[I 2026-05-28 23:06:50,137] Trial 429 finished with value: 2.0741723751597383 and parameters: {'ISTN': 96.09125225520901, 'I_gpe': 3.1367293333264477, 'I_gpi': 2.3964255710589155, 'noise_stn_sigma': 2.7509442993203055, 'noise_gpe_sigma': 48.24469251437422, 'noise_gpi_sigma': 40.06241825016304, 'g_stn_gpe_mult': 1.553907947426554, 'g_gpe_stn_mult': 0.8015817269811856, 'g_stn_gpi_mult': 1.5345194306302412, 'g_gpe_gpi_mult': 1.328842684294143}. Best is trial 427 with value: 0.2117915759851754.
[I 2026-05-28 23:06:51,143] Trial 430 finished with value: 4.71005429798428 and parameters: {'ISTN': 101.64854878809547, 'I_gpe': 2.6803381107087847, 'I_gpi': 2.4156615044380434, 'noise_stn_sigma': 2.637429063953193, 'noise_gpe_sigma': 52.164515925619206, 'noise_gpi_sigma': 31.851372878261905, 'g_stn_gpe_mult': 1.5179309744756293, 'g_gpe_stn_mult': 0.8329532678627691, 'g_stn_gpi_mult': 1.607051470454095, 'g_gpe_gpi_mult': 1.318458746942714}. Best is trial 427 with value: 0.2117915759851754.
[I 2026-05-28 23:06:52,148] Trial 431 finished with value: 0.5676254687121719 and parameters: {'ISTN': 89.15718755961473, 'I_gpe': 2.6425182473822293, 'I_gpi': 1.7683346249682277, 'noise_stn_sigma': 2.8083546720661596, 'noise_gpe_sigma': 47.40915330666683, 'noise_gpi_sigma': 36.06426046689835, 'g_stn_gpe_mult': 1.4778809941674393, 'g_gpe_stn_mult': 0.8382110446401655, 'g_stn_gpi_mult': 1.7951267993265256, 'g_gpe_gpi_mult': 1.405343641121684}. Best is trial 427 with value: 0.2117915759851754.
[I 2026-05-28 23:06:53,157] Trial 432 finished with value: 0.4405523599050023 and parameters: {'ISTN': 89.76126208174908, 'I_gpe': 3.047328213863455, 'I_gpi': 2.4369208554310573, 'noise_stn_sigma': 2.5301118008521106, 'noise_gpe_sigma': 50.83790709189561, 'noise_gpi_sigma': 33.95168103452259, 'g_stn_gpe_mult': 1.496310394149907, 'g_gpe_stn_mult': 0.7252193752314782, 'g_stn_gpi_mult': 1.7135791345198623, 'g_gpe_gpi_mult': 1.218546719029875}. Best is trial 427 with value: 0.2117915759851754.
[I 2026-05-28 23:06:54,164] Trial 433 finished with value: 0.4267957320933506 and parameters: {'ISTN': 82.41395832864268, 'I_gpe': 3.0256717571059637, 'I_gpi': 1.8036602807368272, 'noise_stn_sigma': 2.8228334890503133, 'noise_gpe_sigma': 53.1712121135222, 'noise_gpi_sigma': 27.481079827761935, 'g_stn_gpe_mult': 1.4654218696617656, 'g_gpe_stn_mult': 0.7109773183709119, 'g_stn_gpi_mult': 1.7152605938697807, 'g_gpe_gpi_mult': 1.3054087715620242}. Best is trial 427 with value: 0.2117915759851754.
[I 2026-05-28 23:06:55,169] Trial 434 finished with value: 2.315579009562989 and parameters: {'ISTN': 89.21280958792882, 'I_gpe': 3.319487877554013, 'I_gpi': 2.091187768308628, 'noise_stn_sigma': 3.0972878430913937, 'noise_gpe_sigma': 58.58120051052748, 'noise_gpi_sigma': 28.1286850518992, 'g_stn_gpe_mult': 1.6346067282284609, 'g_gpe_stn_mult': 0.6528085946408969, 'g_stn_gpi_mult': 1.65895938220053, 'g_gpe_gpi_mult': 1.3920737454454066}. Best is trial 427 with value: 0.2117915759851754.
[I 2026-05-28 23:06:56,174] Trial 435 finished with value: 1.3110794836736095 and parameters: {'ISTN': 84.60072999060596, 'I_gpe': 3.116569028173685, 'I_gpi': 1.8451087809561415, 'noise_stn_sigma': 3.0990777087225387, 'noise_gpe_sigma': 58.40959885294003, 'noise_gpi_sigma': 32.50176322469692, 'g_stn_gpe_mult': 1.3571260920227362, 'g_gpe_stn_mult': 0.6658238281791966, 'g_stn_gpi_mult': 1.8808127045702365, 'g_gpe_gpi_mult': 1.1345559501344575}. Best is trial 427 with value: 0.2117915759851754.
[I 2026-05-28 23:06:57,180] Trial 436 finished with value: 2.1939777836418477 and parameters: {'ISTN': 89.81449911482893, 'I_gpe': 3.011383699462012, 'I_gpi': 2.604639624495828, 'noise_stn_sigma': 2.6039788830863104, 'noise_gpe_sigma': 48.98550849333621, 'noise_gpi_sigma': 29.819182605533857, 'g_stn_gpe_mult': 1.5068111871732581, 'g_gpe_stn_mult': 0.7935579908483399, 'g_stn_gpi_mult': 1.687949555919842, 'g_gpe_gpi_mult': 1.256687372703755}. Best is trial 427 with value: 0.2117915759851754.
[I 2026-05-28 23:06:58,186] Trial 437 finished with value: 0.5385657876812087 and parameters: {'ISTN': 85.86654200088037, 'I_gpe': 2.4756936642492464, 'I_gpi': 2.481862594949293, 'noise_stn_sigma': 2.923874999385423, 'noise_gpe_sigma': 53.321944049685264, 'noise_gpi_sigma': 31.876830126791514, 'g_stn_gpe_mult': 1.4446702033780157, 'g_gpe_stn_mult': 0.8527118597707081, 'g_stn_gpi_mult': 1.622130627023613, 'g_gpe_gpi_mult': 1.349426227656115}. Best is trial 427 with value: 0.2117915759851754.
[I 2026-05-28 23:06:59,192] Trial 438 finished with value: 0.8658288537892131 and parameters: {'ISTN': 91.84211887136166, 'I_gpe': 3.129127775982381, 'I_gpi': 1.5809642150852603, 'noise_stn_sigma': 2.6548959343341276, 'noise_gpe_sigma': 53.04672238684119, 'noise_gpi_sigma': 32.10945328070083, 'g_stn_gpe_mult': 1.5214064222986143, 'g_gpe_stn_mult': 0.717877141990126, 'g_stn_gpi_mult': 1.7587743374872178, 'g_gpe_gpi_mult': 1.2151291297053135}. Best is trial 427 with value: 0.2117915759851754.
[I 2026-05-28 23:07:00,194] Trial 439 finished with value: 4.265654666015639 and parameters: {'ISTN': 86.5498729718447, 'I_gpe': 2.820300002970264, 'I_gpi': 1.764447773434126, 'noise_stn_sigma': 2.6167194747344573, 'noise_gpe_sigma': 47.37222805653971, 'noise_gpi_sigma': 34.727591657862774, 'g_stn_gpe_mult': 1.4576443768534233, 'g_gpe_stn_mult': 0.8339556017113625, 'g_stn_gpi_mult': 1.736309210217901, 'g_gpe_gpi_mult': 1.2481265740882008}. Best is trial 427 with value: 0.2117915759851754.
