[I 2026-05-28 22:49:55,471] Trial 440 finished with value: 0.7585721398948015 and parameters: {'ISTN': 186.18262792409467, 'I_gpe': 2.6014186886453308, 'I_gpi': 2.9429563626864264, 'noise_stn_sigma': 2.2280427604261144, 'noise_gpe_sigma': 49.90275036787503, 'noise_gpi_sigma': 63.5270087267267, 'g_stn_gpe_mult': 1.3910816256803225, 'g_gpe_stn_mult': 1.556549887351789, 'g_stn_gpi_mult': 1.5328562203095988, 'g_gpe_gpi_mult': 1.53739426423406}. Best is trial 431 with value: 0.33745089428538294.
[I 2026-05-28 22:49:56,477] Trial 441 finished with value: 1.9548035391216025 and parameters: {'ISTN': 181.96956121548538, 'I_gpe': 2.7636045256685406, 'I_gpi': 2.55888494024878, 'noise_stn_sigma': 2.191824405945029, 'noise_gpe_sigma': 56.832042341830615, 'noise_gpi_sigma': 69.41526828036855, 'g_stn_gpe_mult': 1.1673063137816284, 'g_gpe_stn_mult': 1.421904524479267, 'g_stn_gpi_mult': 1.5414306354492935, 'g_gpe_gpi_mult': 1.4288715762117534}. Best is trial 431 with value: 0.33745089428538294.
[I 2026-05-28 22:49:57,477] Trial 442 finished with value: 1.6250104313328557 and parameters: {'ISTN': 181.30818583515043, 'I_gpe': 2.5876966465250177, 'I_gpi': 2.6484989677119204, 'noise_stn_sigma': 2.0832396425535378, 'noise_gpe_sigma': 45.88610368630139, 'noise_gpi_sigma': 65.24179078551691, 'g_stn_gpe_mult': 1.1871187191512411, 'g_gpe_stn_mult': 1.5366273945837503, 'g_stn_gpi_mult': 1.6879479053573094, 'g_gpe_gpi_mult': 1.5404036632949407}. Best is trial 431 with value: 0.33745089428538294.
[I 2026-05-28 22:49:58,483] Trial 443 finished with value: 24.247782778610105 and parameters: {'ISTN': 186.76388389557573, 'I_gpe': 2.349758131629115, 'I_gpi': 2.3728173922587485, 'noise_stn_sigma': 1.7982545496971505, 'noise_gpe_sigma': 43.798986450633365, 'noise_gpi_sigma': 60.93812377010241, 'g_stn_gpe_mult': 1.2583199648241148, 'g_gpe_stn_mult': 1.5120237195397515, 'g_stn_gpi_mult': 1.5139492826686138, 'g_gpe_gpi_mult': 1.6171994273068762}. Best is trial 431 with value: 0.33745089428538294.
[I 2026-05-28 22:49:59,487] Trial 444 finished with value: 1.6433744951845437 and parameters: {'ISTN': 179.49793834923628, 'I_gpe': 2.406220857058431, 'I_gpi': 2.3573834601475236, 'noise_stn_sigma': 2.368706748488613, 'noise_gpe_sigma': 49.405751863802706, 'noise_gpi_sigma': 64.0594448183609, 'g_stn_gpe_mult': 1.3382505310195885, 'g_gpe_stn_mult': 1.5435924018592195, 'g_stn_gpi_mult': 1.668380791261515, 'g_gpe_gpi_mult': 1.557817074778162}. Best is trial 431 with value: 0.33745089428538294.
[I 2026-05-28 22:50:00,487] Trial 445 finished with value: 3.4033654272993497 and parameters: {'ISTN': 176.90676342359077, 'I_gpe': 2.798148497594627, 'I_gpi': 2.3368559044567645, 'noise_stn_sigma': 2.011253280841529, 'noise_gpe_sigma': 42.83776195598731, 'noise_gpi_sigma': 55.86267780860939, 'g_stn_gpe_mult': 1.3068204396742413, 'g_gpe_stn_mult': 1.448230668981791, 'g_stn_gpi_mult': 1.54231030305621, 'g_gpe_gpi_mult': 1.4771752389665371}. Best is trial 431 with value: 0.33745089428538294.
[I 2026-05-28 22:50:01,488] Trial 446 finished with value: 1.8306855835889067 and parameters: {'ISTN': 184.4254327467113, 'I_gpe': 2.4894469494800213, 'I_gpi': 2.4516161065440825, 'noise_stn_sigma': 2.293930719531642, 'noise_gpe_sigma': 43.54550036814397, 'noise_gpi_sigma': 68.27372749337502, 'g_stn_gpe_mult': 1.3118525146490525, 'g_gpe_stn_mult': 1.6211060714200405, 'g_stn_gpi_mult': 1.611357267142325, 'g_gpe_gpi_mult': 1.50950479280666}. Best is trial 431 with value: 0.33745089428538294.
[I 2026-05-28 22:50:02,488] Trial 447 finished with value: 4.145337586528809 and parameters: {'ISTN': 181.26884614569303, 'I_gpe': 2.6989643209577054, 'I_gpi': 2.4849754113974645, 'noise_stn_sigma': 2.4107875319919096, 'noise_gpe_sigma': 45.846402951877245, 'noise_gpi_sigma': 66.0879873005521, 'g_stn_gpe_mult': 1.1968203539982736, 'g_gpe_stn_mult': 1.542904595988467, 'g_stn_gpi_mult': 1.569245935461911, 'g_gpe_gpi_mult': 1.4488399999840387}. Best is trial 431 with value: 0.33745089428538294.
[I 2026-05-28 22:50:03,433] Trial 448 finished with value: 1000000.0 and parameters: {'ISTN': 175.09164954759373, 'I_gpe': 2.6535218248951735, 'I_gpi': 2.8170513431648367, 'noise_stn_sigma': 2.1467570870003234, 'noise_gpe_sigma': 48.85067171631102, 'noise_gpi_sigma': 56.28876390760676, 'g_stn_gpe_mult': 1.3238842123477839, 'g_gpe_stn_mult': 1.4679309615956018, 'g_stn_gpi_mult': 1.5573223707903425, 'g_gpe_gpi_mult': 1.468297141416642}. Best is trial 431 with value: 0.33745089428538294.
[I 2026-05-28 22:50:04,436] Trial 449 finished with value: 0.5075672461426228 and parameters: {'ISTN': 181.99606060131853, 'I_gpe': 2.304468450218092, 'I_gpi': 2.191081259029798, 'noise_stn_sigma': 2.066789167494139, 'noise_gpe_sigma': 45.88005784195094, 'noise_gpi_sigma': 60.1506033921019, 'g_stn_gpe_mult': 1.3402554977903571, 'g_gpe_stn_mult': 1.6429502780388772, 'g_stn_gpi_mult': 1.5069791591521415, 'g_gpe_gpi_mult': 1.4373158553524295}. Best is trial 431 with value: 0.33745089428538294.
[I 2026-05-28 22:50:05,438] Trial 450 finished with value: 1.8762221091631628 and parameters: {'ISTN': 179.44212530477353, 'I_gpe': 2.4145399332680273, 'I_gpi': 2.6391112855225787, 'noise_stn_sigma': 2.570183219706351, 'noise_gpe_sigma': 50.47166830804935, 'noise_gpi_sigma': 60.478150332470676, 'g_stn_gpe_mult': 1.287784631966561, 'g_gpe_stn_mult': 1.621386786923066, 'g_stn_gpi_mult': 1.6520068753808324, 'g_gpe_gpi_mult': 1.4321781630982355}. Best is trial 431 with value: 0.33745089428538294.
[I 2026-05-28 22:50:06,441] Trial 451 finished with value: 0.41250615751355546 and parameters: {'ISTN': 185.558636799951, 'I_gpe': 2.6294530150998603, 'I_gpi': 2.6196399926966025, 'noise_stn_sigma': 2.307887527139645, 'noise_gpe_sigma': 47.03109016919287, 'noise_gpi_sigma': 68.05689647023684, 'g_stn_gpe_mult': 1.2846959912899631, 'g_gpe_stn_mult': 1.5170091786263327, 'g_stn_gpi_mult': 1.5700256575640912, 'g_gpe_gpi_mult': 1.537190914594553}. Best is trial 431 with value: 0.33745089428538294.
[I 2026-05-28 22:50:07,442] Trial 452 finished with value: 1.3845081265199215 and parameters: {'ISTN': 182.80211898000925, 'I_gpe': 2.455329381388132, 'I_gpi': 2.1804074170801266, 'noise_stn_sigma': 2.092007835007716, 'noise_gpe_sigma': 51.227587549129744, 'noise_gpi_sigma': 63.63906952714455, 'g_stn_gpe_mult': 1.2398077402575611, 'g_gpe_stn_mult': 1.6227769843070112, 'g_stn_gpi_mult': 1.6156741883421148, 'g_gpe_gpi_mult': 1.4858919397178414}. Best is trial 431 with value: 0.33745089428538294.
[I 2026-05-28 22:50:08,442] Trial 453 finished with value: 4.013847644824347 and parameters: {'ISTN': 187.63546638890148, 'I_gpe': 2.6167336420660723, 'I_gpi': 2.6487240434122787, 'noise_stn_sigma': 2.1802081670269873, 'noise_gpe_sigma': 51.407011606888446, 'noise_gpi_sigma': 63.97068119842124, 'g_stn_gpe_mult': 1.3970202001280472, 'g_gpe_stn_mult': 1.6395093608585443, 'g_stn_gpi_mult': 1.5721171642428162, 'g_gpe_gpi_mult': 1.466054057872237}. Best is trial 431 with value: 0.33745089428538294.
[I 2026-05-28 22:50:09,441] Trial 454 finished with value: 3.780647471122957 and parameters: {'ISTN': 178.90574859664912, 'I_gpe': 2.6931541443094402, 'I_gpi': 2.4107002683907632, 'noise_stn_sigma': 2.2167897137219024, 'noise_gpe_sigma': 44.61604980378389, 'noise_gpi_sigma': 56.24120636989222, 'g_stn_gpe_mult': 1.2770008304876863, 'g_gpe_stn_mult': 1.5228367107289436, 'g_stn_gpi_mult': 1.6276942482465229, 'g_gpe_gpi_mult': 1.4399672966505053}. Best is trial 431 with value: 0.33745089428538294.
[I 2026-05-28 22:50:10,443] Trial 455 finished with value: 2.2967115542951766 and parameters: {'ISTN': 186.58277566374056, 'I_gpe': 2.577471005136851, 'I_gpi': 2.904245527356618, 'noise_stn_sigma': 2.0976292284333544, 'noise_gpe_sigma': 50.86862821311495, 'noise_gpi_sigma': 64.98072524070889, 'g_stn_gpe_mult': 1.3276829948726734, 'g_gpe_stn_mult': 1.6110689354478431, 'g_stn_gpi_mult': 1.672352338321811, 'g_gpe_gpi_mult': 1.4771232776667336}. Best is trial 431 with value: 0.33745089428538294.
[I 2026-05-28 22:50:11,446] Trial 456 finished with value: 0.4083968390287536 and parameters: {'ISTN': 181.98534432137788, 'I_gpe': 2.5818368265265814, 'I_gpi': 2.329586716838739, 'noise_stn_sigma': 2.0964597268799032, 'noise_gpe_sigma': 42.325129956004986, 'noise_gpi_sigma': 59.76335136254102, 'g_stn_gpe_mult': 1.3139343841469593, 'g_gpe_stn_mult': 1.4999557000159236, 'g_stn_gpi_mult': 1.5823320561462593, 'g_gpe_gpi_mult': 1.5291025016192563}. Best is trial 431 with value: 0.33745089428538294.
[I 2026-05-28 22:50:12,447] Trial 457 finished with value: 0.6575525952247212 and parameters: {'ISTN': 175.4885850887074, 'I_gpe': 2.3574201670126333, 'I_gpi': 1.9540851833979995, 'noise_stn_sigma': 2.023659514544898, 'noise_gpe_sigma': 43.63400783107254, 'noise_gpi_sigma': 62.268487080816875, 'g_stn_gpe_mult': 1.2718580998132085, 'g_gpe_stn_mult': 1.5661986088823383, 'g_stn_gpi_mult': 1.5251181186831926, 'g_gpe_gpi_mult': 1.5189136200494624}. Best is trial 431 with value: 0.33745089428538294.
[I 2026-05-28 22:50:13,448] Trial 458 finished with value: 2.5091095563316985 and parameters: {'ISTN': 177.43993054554937, 'I_gpe': 2.276358507638739, 'I_gpi': 2.394346201262122, 'noise_stn_sigma': 1.9034371378417658, 'noise_gpe_sigma': 46.864387400797504, 'noise_gpi_sigma': 68.95538221678032, 'g_stn_gpe_mult': 1.3242790299453973, 'g_gpe_stn_mult': 1.5732497881082608, 'g_stn_gpi_mult': 1.60039134749921, 'g_gpe_gpi_mult': 1.462623701987654}. Best is trial 431 with value: 0.33745089428538294.
[I 2026-05-28 22:50:14,450] Trial 459 finished with value: 2.6003497397078967 and parameters: {'ISTN': 179.40580352484, 'I_gpe': 2.4592540801398965, 'I_gpi': 2.8884997994597, 'noise_stn_sigma': 2.062929287183761, 'noise_gpe_sigma': 45.50653359633272, 'noise_gpi_sigma': 59.51357591847794, 'g_stn_gpe_mult': 1.4039413942608059, 'g_gpe_stn_mult': 1.6041754644113297, 'g_stn_gpi_mult': 1.504496031712134, 'g_gpe_gpi_mult': 1.4018572593603527}. Best is trial 431 with value: 0.33745089428538294.
[I 2026-05-28 22:50:15,453] Trial 460 finished with value: 0.7655918831006076 and parameters: {'ISTN': 182.48761789073205, 'I_gpe': 2.369828719592417, 'I_gpi': 2.429626530472796, 'noise_stn_sigma': 2.0080316581912925, 'noise_gpe_sigma': 45.35877494233598, 'noise_gpi_sigma': 63.899998971867156, 'g_stn_gpe_mult': 1.2977620786493593, 'g_gpe_stn_mult': 1.6279148978292761, 'g_stn_gpi_mult': 1.6158397990060296, 'g_gpe_gpi_mult': 1.5446418007224754}. Best is trial 431 with value: 0.33745089428538294.
[I 2026-05-28 22:50:16,456] Trial 461 finished with value: 1.5509134119346706 and parameters: {'ISTN': 186.42999602324647, 'I_gpe': 2.4844177769300915, 'I_gpi': 2.313333472761367, 'noise_stn_sigma': 2.2155529465937125, 'noise_gpe_sigma': 39.86523330595366, 'noise_gpi_sigma': 64.41181205192024, 'g_stn_gpe_mult': 1.2658886746510758, 'g_gpe_stn_mult': 1.5484286322849738, 'g_stn_gpi_mult': 1.5655722402808498, 'g_gpe_gpi_mult': 1.5473848293183932}. Best is trial 431 with value: 0.33745089428538294.
[I 2026-05-28 22:50:17,458] Trial 462 finished with value: 0.5557569055841876 and parameters: {'ISTN': 184.72831202135512, 'I_gpe': 2.616812716439559, 'I_gpi': 2.20197576968706, 'noise_stn_sigma': 2.2228954884549186, 'noise_gpe_sigma': 41.4392378872746, 'noise_gpi_sigma': 60.114626786092074, 'g_stn_gpe_mult': 1.2520185464270603, 'g_gpe_stn_mult': 1.52432341735869, 'g_stn_gpi_mult': 1.6219548576935878, 'g_gpe_gpi_mult': 1.5282336248313104}. Best is trial 431 with value: 0.33745089428538294.
[I 2026-05-28 22:50:18,456] Trial 463 finished with value: 3.1680157965103284 and parameters: {'ISTN': 188.8425095528212, 'I_gpe': 2.6849079333915853, 'I_gpi': 2.3683886852028664, 'noise_stn_sigma': 2.0948269733837703, 'noise_gpe_sigma': 41.65443530538452, 'noise_gpi_sigma': 59.74463891388865, 'g_stn_gpe_mult': 1.3181289598796404, 'g_gpe_stn_mult': 1.5776096186080235, 'g_stn_gpi_mult': 1.557120589321594, 'g_gpe_gpi_mult': 1.5648696946766276}. Best is trial 431 with value: 0.33745089428538294.
[I 2026-05-28 22:50:19,460] Trial 464 finished with value: 0.4717545531943936 and parameters: {'ISTN': 184.8343385804837, 'I_gpe': 2.549302030664818, 'I_gpi': 2.2190112627469634, 'noise_stn_sigma': 2.4205033827320173, 'noise_gpe_sigma': 43.32879548812771, 'noise_gpi_sigma': 64.1224337898804, 'g_stn_gpe_mult': 1.2798223237004147, 'g_gpe_stn_mult': 1.5363284591691766, 'g_stn_gpi_mult': 1.62220875576984, 'g_gpe_gpi_mult': 1.609607309771606}. Best is trial 431 with value: 0.33745089428538294.
[I 2026-05-28 22:50:20,462] Trial 465 finished with value: 1.6171210397642761 and parameters: {'ISTN': 184.19142104047154, 'I_gpe': 2.622313546178245, 'I_gpi': 2.08279392406961, 'noise_stn_sigma': 2.2549740163256065, 'noise_gpe_sigma': 42.08035611625803, 'noise_gpi_sigma': 64.68915156472306, 'g_stn_gpe_mult': 1.2772808925814505, 'g_gpe_stn_mult': 1.5468306924115907, 'g_stn_gpi_mult': 1.6225774523240608, 'g_gpe_gpi_mult': 1.5136397183762913}. Best is trial 431 with value: 0.33745089428538294.
[I 2026-05-28 22:50:21,465] Trial 466 finished with value: 0.4334766336948264 and parameters: {'ISTN': 188.53338673036527, 'I_gpe': 2.5709079145423437, 'I_gpi': 2.011619105398212, 'noise_stn_sigma': 1.9908807399922783, 'noise_gpe_sigma': 39.78843974021289, 'noise_gpi_sigma': 59.36460468437146, 'g_stn_gpe_mult': 1.252434262987672, 'g_gpe_stn_mult': 1.5465419011796842, 'g_stn_gpi_mult': 1.5096300937406448, 'g_gpe_gpi_mult': 1.5024236356952827}. Best is trial 431 with value: 0.33745089428538294.
[I 2026-05-28 22:50:22,469] Trial 467 finished with value: 5.277295880924892 and parameters: {'ISTN': 178.73811948509206, 'I_gpe': 2.428384978713667, 'I_gpi': 2.4910385069866714, 'noise_stn_sigma': 2.373602737398686, 'noise_gpe_sigma': 45.83287158576005, 'noise_gpi_sigma': 69.27547675101869, 'g_stn_gpe_mult': 1.3869793064347054, 'g_gpe_stn_mult': 1.486192782288573, 'g_stn_gpi_mult': 1.5323033005248607, 'g_gpe_gpi_mult': 1.5153702799797095}. Best is trial 431 with value: 0.33745089428538294.
[I 2026-05-28 22:50:23,467] Trial 468 finished with value: 0.710252302479763 and parameters: {'ISTN': 179.83606903559163, 'I_gpe': 2.671960897354928, 'I_gpi': 2.598069281936176, 'noise_stn_sigma': 2.3352896485735615, 'noise_gpe_sigma': 44.4092230318679, 'noise_gpi_sigma': 60.25928823246921, 'g_stn_gpe_mult': 1.3153279939108868, 'g_gpe_stn_mult': 1.4890719421950864, 'g_stn_gpi_mult': 1.5666318493058693, 'g_gpe_gpi_mult': 1.5283396916449967}. Best is trial 431 with value: 0.33745089428538294.
[I 2026-05-28 22:50:24,466] Trial 469 finished with value: 0.6234632729542655 and parameters: {'ISTN': 182.51976320745206, 'I_gpe': 2.487601807905315, 'I_gpi': 2.509469454847454, 'noise_stn_sigma': 2.2108095717279044, 'noise_gpe_sigma': 41.177879232968465, 'noise_gpi_sigma': 63.62981124580978, 'g_stn_gpe_mult': 1.3298198736995577, 'g_gpe_stn_mult': 1.5335400123431489, 'g_stn_gpi_mult': 1.5548992012893754, 'g_gpe_gpi_mult': 1.5176071530345903}. Best is trial 431 with value: 0.33745089428538294.
[I 2026-05-28 22:50:25,468] Trial 470 finished with value: 0.4049129203370045 and parameters: {'ISTN': 179.3307088677381, 'I_gpe': 2.624307651207987, 'I_gpi': 2.3487749395428157, 'noise_stn_sigma': 2.162874636759747, 'noise_gpe_sigma': 42.559263817759884, 'noise_gpi_sigma': 61.50817756158208, 'g_stn_gpe_mult': 1.3410810174314092, 'g_gpe_stn_mult': 1.4693295290734294, 'g_stn_gpi_mult': 1.532230539513265, 'g_gpe_gpi_mult': 1.573563631075241}. Best is trial 431 with value: 0.33745089428538294.
[I 2026-05-28 22:50:26,470] Trial 471 finished with value: 0.5694230874453317 and parameters: {'ISTN': 181.80393252609326, 'I_gpe': 2.6752336738343705, 'I_gpi': 2.7992158657582715, 'noise_stn_sigma': 2.173001241984121, 'noise_gpe_sigma': 41.49864648232663, 'noise_gpi_sigma': 63.68437511899578, 'g_stn_gpe_mult': 1.2812980038615267, 'g_gpe_stn_mult': 1.4689311469047277, 'g_stn_gpi_mult': 1.5412124577433286, 'g_gpe_gpi_mult': 1.529964285215146}. Best is trial 431 with value: 0.33745089428538294.
[I 2026-05-28 22:50:27,469] Trial 472 finished with value: 0.3357286261281975 and parameters: {'ISTN': 185.98362423349954, 'I_gpe': 2.7925169319269445, 'I_gpi': 2.3858630607399, 'noise_stn_sigma': 2.1622565843946777, 'noise_gpe_sigma': 43.550825875248485, 'noise_gpi_sigma': 58.18847390298566, 'g_stn_gpe_mult': 1.20775294947627, 'g_gpe_stn_mult': 1.4531253689075816, 'g_stn_gpi_mult': 1.5226746099351471, 'g_gpe_gpi_mult': 1.5604289843771124}. Best is trial 472 with value: 0.3357286261281975.
[I 2026-05-28 22:50:28,472] Trial 473 finished with value: 0.8233328311795868 and parameters: {'ISTN': 183.81236481796864, 'I_gpe': 2.438880714893301, 'I_gpi': 2.0460683320557784, 'noise_stn_sigma': 2.259948332951775, 'noise_gpe_sigma': 39.84481053417363, 'noise_gpi_sigma': 60.355336729069734, 'g_stn_gpe_mult': 1.4109582916498289, 'g_gpe_stn_mult': 1.5906048867170948, 'g_stn_gpi_mult': 1.5727738954047603, 'g_gpe_gpi_mult': 1.4908347615612652}. Best is trial 472 with value: 0.3357286261281975.
[I 2026-05-28 22:50:29,474] Trial 474 finished with value: 0.7629080890647394 and parameters: {'ISTN': 179.92287137671366, 'I_gpe': 2.5455608578496336, 'I_gpi': 2.5485932490550827, 'noise_stn_sigma': 1.8829252430285963, 'noise_gpe_sigma': 42.834682097213474, 'noise_gpi_sigma': 66.13857837697145, 'g_stn_gpe_mult': 1.2009461151014083, 'g_gpe_stn_mult': 1.492585726382293, 'g_stn_gpi_mult': 1.446915226067919, 'g_gpe_gpi_mult': 1.5676858040034762}. Best is trial 472 with value: 0.3357286261281975.
[I 2026-05-28 22:50:30,475] Trial 475 finished with value: 0.3990889404623698 and parameters: {'ISTN': 192.71660521437576, 'I_gpe': 2.6431189780668456, 'I_gpi': 2.00033598041321, 'noise_stn_sigma': 1.978382293533815, 'noise_gpe_sigma': 39.84182480301696, 'noise_gpi_sigma': 63.84329965959296, 'g_stn_gpe_mult': 1.378357511124113, 'g_gpe_stn_mult': 1.5602757507049818, 'g_stn_gpi_mult': 1.5369285819301426, 'g_gpe_gpi_mult': 1.5221387935676016}. Best is trial 472 with value: 0.3357286261281975.
[I 2026-05-28 22:50:31,476] Trial 476 finished with value: 0.5706146886678087 and parameters: {'ISTN': 182.9821527007892, 'I_gpe': 2.6305061187460312, 'I_gpi': 2.44776353751577, 'noise_stn_sigma': 1.905432074047362, 'noise_gpe_sigma': 40.146557170372304, 'noise_gpi_sigma': 62.551762042636284, 'g_stn_gpe_mult': 1.3419681143349047, 'g_gpe_stn_mult': 1.479712597244596, 'g_stn_gpi_mult': 1.4918178657066776, 'g_gpe_gpi_mult': 1.610133652789432}. Best is trial 472 with value: 0.3357286261281975.
[I 2026-05-28 22:50:32,479] Trial 477 finished with value: 0.899912525258902 and parameters: {'ISTN': 182.87655331740422, 'I_gpe': 2.523563436604461, 'I_gpi': 2.2727358769409056, 'noise_stn_sigma': 2.0376561664241715, 'noise_gpe_sigma': 40.58120074155408, 'noise_gpi_sigma': 59.045241028168064, 'g_stn_gpe_mult': 1.289286935721531, 'g_gpe_stn_mult': 1.5616815045437042, 'g_stn_gpi_mult': 1.5325132067102365, 'g_gpe_gpi_mult': 1.5572813472080496}. Best is trial 472 with value: 0.3357286261281975.
[I 2026-05-28 22:50:33,482] Trial 478 finished with value: 0.9559279568055483 and parameters: {'ISTN': 186.08498536046955, 'I_gpe': 2.717270444505723, 'I_gpi': 2.197899882820872, 'noise_stn_sigma': 2.2792694523104258, 'noise_gpe_sigma': 41.37786344008362, 'noise_gpi_sigma': 63.950554578113454, 'g_stn_gpe_mult': 1.337161983983142, 'g_gpe_stn_mult': 1.4976605191078545, 'g_stn_gpi_mult': 1.5109651159258393, 'g_gpe_gpi_mult': 1.5520255309463438}. Best is trial 472 with value: 0.3357286261281975.
[I 2026-05-28 22:50:34,485] Trial 479 finished with value: 0.5079005689807816 and parameters: {'ISTN': 181.13753820408007, 'I_gpe': 2.599808724908894, 'I_gpi': 1.937242122532869, 'noise_stn_sigma': 2.2335165791732248, 'noise_gpe_sigma': 40.3533942920095, 'noise_gpi_sigma': 57.90372364676844, 'g_stn_gpe_mult': 1.2304676755243362, 'g_gpe_stn_mult': 1.4871436551457597, 'g_stn_gpi_mult': 1.5500370699685286, 'g_gpe_gpi_mult': 1.5724347436529926}. Best is trial 472 with value: 0.3357286261281975.
[I 2026-05-28 22:50:35,487] Trial 480 finished with value: 0.4135925780932135 and parameters: {'ISTN': 180.964421563281, 'I_gpe': 2.5346754689930284, 'I_gpi': 2.108236416592623, 'noise_stn_sigma': 2.0381936083670826, 'noise_gpe_sigma': 41.14938706865894, 'noise_gpi_sigma': 62.80744351146698, 'g_stn_gpe_mult': 1.3587279239434433, 'g_gpe_stn_mult': 1.5113870953728714, 'g_stn_gpi_mult': 1.5722040860282689, 'g_gpe_gpi_mult': 1.5563536737900814}. Best is trial 472 with value: 0.3357286261281975.
[I 2026-05-28 22:50:36,489] Trial 481 finished with value: 0.41372464357073424 and parameters: {'ISTN': 178.35491016536682, 'I_gpe': 2.673281415811042, 'I_gpi': 2.045080171295652, 'noise_stn_sigma': 2.1935546102204926, 'noise_gpe_sigma': 37.69832445227139, 'noise_gpi_sigma': 62.07488986527579, 'g_stn_gpe_mult': 1.2964540015859707, 'g_gpe_stn_mult': 1.420480260108294, 'g_stn_gpi_mult': 1.5205074416916022, 'g_gpe_gpi_mult': 1.5036665469790458}. Best is trial 472 with value: 0.3357286261281975.
[I 2026-05-28 22:50:37,493] Trial 482 finished with value: 0.8400592953670163 and parameters: {'ISTN': 182.89507932868122, 'I_gpe': 2.560647935674968, 'I_gpi': 2.1066339619092638, 'noise_stn_sigma': 2.191463958368047, 'noise_gpe_sigma': 42.15513140704605, 'noise_gpi_sigma': 60.088774542953644, 'g_stn_gpe_mult': 1.3184668316723112, 'g_gpe_stn_mult': 1.5026637448014752, 'g_stn_gpi_mult': 1.5940739449448063, 'g_gpe_gpi_mult': 1.5709803507812075}. Best is trial 472 with value: 0.3357286261281975.
[I 2026-05-28 22:50:38,495] Trial 483 finished with value: 0.3629339998342591 and parameters: {'ISTN': 193.7831213325827, 'I_gpe': 2.831163516966906, 'I_gpi': 2.031383457235747, 'noise_stn_sigma': 2.079713990009324, 'noise_gpe_sigma': 43.35630979110548, 'noise_gpi_sigma': 57.65271514486857, 'g_stn_gpe_mult': 1.263059886434717, 'g_gpe_stn_mult': 1.4882130278902264, 'g_stn_gpi_mult': 1.4787446109775497, 'g_gpe_gpi_mult': 1.5168568651152246}. Best is trial 472 with value: 0.3357286261281975.
