[I 2026-05-28 23:00:23,602] Trial 44 finished with value: 105.7656808059545 and parameters: {'ISTN': 90.79243484056947, 'I_gpe': 3.3051324297509295, 'I_gpi': 3.371213231773859, 'noise_stn_sigma': 2.533508657017621, 'noise_gpe_sigma': 27.656769786781577, 'noise_gpi_sigma': 51.06567107136173, 'g_stn_gpe_mult': 1.3775391346981052, 'g_gpe_stn_mult': 0.9015139582344542, 'g_stn_gpi_mult': 1.2802496642142023, 'g_gpe_gpi_mult': 0.8431736077939573}. Best is trial 29 with value: 2.360120079056383.
[I 2026-05-28 23:00:24,610] Trial 45 finished with value: 1.6554206166041756 and parameters: {'ISTN': 101.69001978711228, 'I_gpe': 2.5008543967654, 'I_gpi': 1.7123728969238972, 'noise_stn_sigma': 1.6903340784531176, 'noise_gpe_sigma': 48.91891137494179, 'noise_gpi_sigma': 49.962678750969026, 'g_stn_gpe_mult': 1.1454876061309598, 'g_gpe_stn_mult': 0.9139521782113085, 'g_stn_gpi_mult': 1.519822734340409, 'g_gpe_gpi_mult': 1.488469850959154}. Best is trial 45 with value: 1.6554206166041756.
[I 2026-05-28 23:00:25,618] Trial 46 finished with value: 75.28635068541278 and parameters: {'ISTN': 151.16294685292883, 'I_gpe': 1.8335505758046455, 'I_gpi': 3.0835914059202474, 'noise_stn_sigma': 2.0009619449386298, 'noise_gpe_sigma': 34.47455572197198, 'noise_gpi_sigma': 40.454639510839044, 'g_stn_gpe_mult': 1.3569518694428253, 'g_gpe_stn_mult': 0.5095336059916797, 'g_stn_gpi_mult': 1.4635701960329743, 'g_gpe_gpi_mult': 1.180288493683377}. Best is trial 45 with value: 1.6554206166041756.
[I 2026-05-28 23:00:26,624] Trial 47 finished with value: 37.96033664036181 and parameters: {'ISTN': 115.4618662312225, 'I_gpe': 2.6024758249221147, 'I_gpi': 3.5494865717934956, 'noise_stn_sigma': 3.029090817591784, 'noise_gpe_sigma': 48.950874072828775, 'noise_gpi_sigma': 41.09817904312898, 'g_stn_gpe_mult': 1.2515110509618297, 'g_gpe_stn_mult': 0.6053017343994712, 'g_stn_gpi_mult': 1.5026164341592403, 'g_gpe_gpi_mult': 0.900620881227203}. Best is trial 45 with value: 1.6554206166041756.
[I 2026-05-28 23:00:27,626] Trial 48 finished with value: 4.3859114788555384 and parameters: {'ISTN': 139.0833557318757, 'I_gpe': 3.6187057138473513, 'I_gpi': 4.539395236371547, 'noise_stn_sigma': 2.8350007089803433, 'noise_gpe_sigma': 57.20942987768154, 'noise_gpi_sigma': 38.44466401698784, 'g_stn_gpe_mult': 1.6321120189370624, 'g_gpe_stn_mult': 0.9626724788953005, 'g_stn_gpi_mult': 1.1207851462397205, 'g_gpe_gpi_mult': 1.3124304695647684}. Best is trial 45 with value: 1.6554206166041756.
[I 2026-05-28 23:00:28,631] Trial 49 finished with value: 56.01402104143803 and parameters: {'ISTN': 135.70411775715345, 'I_gpe': 2.577899810883459, 'I_gpi': 4.160734794999177, 'noise_stn_sigma': 1.4804992737527862, 'noise_gpe_sigma': 66.6246584483672, 'noise_gpi_sigma': 52.53571719212264, 'g_stn_gpe_mult': 1.3224770916258666, 'g_gpe_stn_mult': 0.8512702053544182, 'g_stn_gpi_mult': 1.1216653888384052, 'g_gpe_gpi_mult': 1.0040852758482894}. Best is trial 45 with value: 1.6554206166041756.
[I 2026-05-28 23:00:29,631] Trial 50 finished with value: 106.08887922856869 and parameters: {'ISTN': 135.48768815770632, 'I_gpe': 4.85121966297714, 'I_gpi': 3.2861817060316825, 'noise_stn_sigma': 3.108033995523735, 'noise_gpe_sigma': 38.439098729853605, 'noise_gpi_sigma': 40.58771877276693, 'g_stn_gpe_mult': 1.3904936558511904, 'g_gpe_stn_mult': 0.9680961440065302, 'g_stn_gpi_mult': 1.2034891521371274, 'g_gpe_gpi_mult': 0.8168757744255009}. Best is trial 45 with value: 1.6554206166041756.
[I 2026-05-28 23:00:30,640] Trial 51 finished with value: 39.53248357999056 and parameters: {'ISTN': 133.30978357764673, 'I_gpe': 3.095535160214328, 'I_gpi': 2.846526728235422, 'noise_stn_sigma': 1.807136618117016, 'noise_gpe_sigma': 47.85808138828856, 'noise_gpi_sigma': 46.27356516968864, 'g_stn_gpe_mult': 1.027270331028011, 'g_gpe_stn_mult': 0.8368874837780063, 'g_stn_gpi_mult': 1.4813029073909894, 'g_gpe_gpi_mult': 1.435808884639906}. Best is trial 45 with value: 1.6554206166041756.
[I 2026-05-28 23:00:31,646] Trial 52 finished with value: 30.296554817222663 and parameters: {'ISTN': 124.28679130545899, 'I_gpe': 3.383110591530126, 'I_gpi': 2.4336877131776062, 'noise_stn_sigma': 2.6751183268419862, 'noise_gpe_sigma': 56.57252518014509, 'noise_gpi_sigma': 50.576525245050604, 'g_stn_gpe_mult': 1.0962962024163319, 'g_gpe_stn_mult': 0.7447221484317993, 'g_stn_gpi_mult': 1.3559736806602574, 'g_gpe_gpi_mult': 1.5177862018274244}. Best is trial 45 with value: 1.6554206166041756.
[I 2026-05-28 23:00:32,651] Trial 53 finished with value: 57.0027720980583 and parameters: {'ISTN': 133.36975124814288, 'I_gpe': 1.2570817372055074, 'I_gpi': 4.0126067371835665, 'noise_stn_sigma': 2.36578020864604, 'noise_gpe_sigma': 52.652869435648434, 'noise_gpi_sigma': 47.172192900714236, 'g_stn_gpe_mult': 1.1885432646698795, 'g_gpe_stn_mult': 0.5743511363708467, 'g_stn_gpi_mult': 1.3635829478944723, 'g_gpe_gpi_mult': 1.491157125708865}. Best is trial 45 with value: 1.6554206166041756.
[I 2026-05-28 23:00:33,656] Trial 54 finished with value: 2.0792873178904396 and parameters: {'ISTN': 113.89159386782373, 'I_gpe': 3.1422688336734654, 'I_gpi': 3.6671937416333154, 'noise_stn_sigma': 2.720511145392455, 'noise_gpe_sigma': 51.10533375663529, 'noise_gpi_sigma': 50.08192658912394, 'g_stn_gpe_mult': 1.3718660079489338, 'g_gpe_stn_mult': 0.9079281769870299, 'g_stn_gpi_mult': 1.3693161337869553, 'g_gpe_gpi_mult': 1.4679030692386195}. Best is trial 45 with value: 1.6554206166041756.
[I 2026-05-28 23:00:34,658] Trial 55 finished with value: 105.77678460554176 and parameters: {'ISTN': 94.18999503796081, 'I_gpe': 2.5530424217541956, 'I_gpi': 3.3482830805360018, 'noise_stn_sigma': 2.472098150661889, 'noise_gpe_sigma': 44.08088266042491, 'noise_gpi_sigma': 39.25183315473052, 'g_stn_gpe_mult': 1.28241912434388, 'g_gpe_stn_mult': 1.0588179732319867, 'g_stn_gpi_mult': 1.2528427130892674, 'g_gpe_gpi_mult': 1.1734893373247743}. Best is trial 45 with value: 1.6554206166041756.
[I 2026-05-28 23:00:35,663] Trial 56 finished with value: 24.220392547981394 and parameters: {'ISTN': 123.12193781866085, 'I_gpe': 2.852933386415181, 'I_gpi': 2.2511784792084444, 'noise_stn_sigma': 1.3782035012665559, 'noise_gpe_sigma': 61.459399161409905, 'noise_gpi_sigma': 40.49416173239989, 'g_stn_gpe_mult': 1.529597832283769, 'g_gpe_stn_mult': 0.8461710207321251, 'g_stn_gpi_mult': 1.2249760292540213, 'g_gpe_gpi_mult': 1.303819335552078}. Best is trial 45 with value: 1.6554206166041756.
[I 2026-05-28 23:00:36,665] Trial 57 finished with value: 105.27303036263407 and parameters: {'ISTN': 133.53641404848443, 'I_gpe': 3.390014017394914, 'I_gpi': 2.382780839517256, 'noise_stn_sigma': 2.6142745424237175, 'noise_gpe_sigma': 76.50671197769512, 'noise_gpi_sigma': 46.95144148613854, 'g_stn_gpe_mult': 1.4527228414314624, 'g_gpe_stn_mult': 1.2153331861805956, 'g_stn_gpi_mult': 1.3864483010758428, 'g_gpe_gpi_mult': 1.240321387058922}. Best is trial 45 with value: 1.6554206166041756.
[I 2026-05-28 23:00:37,671] Trial 58 finished with value: 75.13257178089816 and parameters: {'ISTN': 141.01929818047267, 'I_gpe': 1.692479584694076, 'I_gpi': 3.279390435340237, 'noise_stn_sigma': 2.8240257739410106, 'noise_gpe_sigma': 52.561345890264576, 'noise_gpi_sigma': 38.31700523685022, 'g_stn_gpe_mult': 0.8311897701712998, 'g_gpe_stn_mult': 0.8811280345663912, 'g_stn_gpi_mult': 1.4208187953353737, 'g_gpe_gpi_mult': 0.9059752872998381}. Best is trial 45 with value: 1.6554206166041756.
[I 2026-05-28 23:00:38,676] Trial 59 finished with value: 1.137696267992646 and parameters: {'ISTN': 116.99813876341, 'I_gpe': 2.762059029082446, 'I_gpi': 3.4817547109766243, 'noise_stn_sigma': 2.1459775447961764, 'noise_gpe_sigma': 55.80892426422789, 'noise_gpi_sigma': 63.13377516353194, 'g_stn_gpe_mult': 0.8428718443845437, 'g_gpe_stn_mult': 0.9912188836645093, 'g_stn_gpi_mult': 1.5259068830519076, 'g_gpe_gpi_mult': 1.118185431851086}. Best is trial 59 with value: 1.137696267992646.
[I 2026-05-28 23:00:39,678] Trial 60 finished with value: 105.07230020081596 and parameters: {'ISTN': 114.50870514219832, 'I_gpe': 2.629875275762677, 'I_gpi': 2.1008278265612272, 'noise_stn_sigma': 1.5183809320060053, 'noise_gpe_sigma': 67.21030525933814, 'noise_gpi_sigma': 41.88433623561926, 'g_stn_gpe_mult': 1.2133406157612592, 'g_gpe_stn_mult': 1.1699988005455608, 'g_stn_gpi_mult': 1.674523565867189, 'g_gpe_gpi_mult': 1.439282723703096}. Best is trial 59 with value: 1.137696267992646.
[I 2026-05-28 23:00:40,683] Trial 61 finished with value: 105.69077091263951 and parameters: {'ISTN': 120.04985345418933, 'I_gpe': 2.592140098944956, 'I_gpi': 3.066450077599478, 'noise_stn_sigma': 2.778295984269309, 'noise_gpe_sigma': 59.63735068658982, 'noise_gpi_sigma': 53.09692972077042, 'g_stn_gpe_mult': 1.1023421490950263, 'g_gpe_stn_mult': 1.3274286536027826, 'g_stn_gpi_mult': 1.402537761859461, 'g_gpe_gpi_mult': 1.74535524616662}. Best is trial 59 with value: 1.137696267992646.
[I 2026-05-28 23:00:41,691] Trial 62 finished with value: 26.671165853410102 and parameters: {'ISTN': 119.01899696733832, 'I_gpe': 3.227211491263735, 'I_gpi': 3.0228079079847494, 'noise_stn_sigma': 2.407012895407666, 'noise_gpe_sigma': 54.05163287557498, 'noise_gpi_sigma': 64.96037729232269, 'g_stn_gpe_mult': 0.8427756621082697, 'g_gpe_stn_mult': 0.7442726040994807, 'g_stn_gpi_mult': 1.5780133749011336, 'g_gpe_gpi_mult': 1.2584741516669995}. Best is trial 59 with value: 1.137696267992646.
[I 2026-05-28 23:00:42,697] Trial 63 finished with value: 17.546301904618613 and parameters: {'ISTN': 130.94873828303258, 'I_gpe': 3.17786470613114, 'I_gpi': 3.998472361352462, 'noise_stn_sigma': 2.2851990609209896, 'noise_gpe_sigma': 47.28842489377721, 'noise_gpi_sigma': 51.6824426815915, 'g_stn_gpe_mult': 1.4686039757635314, 'g_gpe_stn_mult': 0.8749214967966229, 'g_stn_gpi_mult': 1.6568767421020765, 'g_gpe_gpi_mult': 1.3002655563183296}. Best is trial 59 with value: 1.137696267992646.
[I 2026-05-28 23:00:43,698] Trial 64 finished with value: 105.90550038253878 and parameters: {'ISTN': 155.52873935988555, 'I_gpe': 3.2497348314461854, 'I_gpi': 3.6128086763856153, 'noise_stn_sigma': 2.3987734332138655, 'noise_gpe_sigma': 66.44394598282551, 'noise_gpi_sigma': 49.434464305798535, 'g_stn_gpe_mult': 1.3696425931433691, 'g_gpe_stn_mult': 1.290305727477826, 'g_stn_gpi_mult': 1.1557833333895027, 'g_gpe_gpi_mult': 1.314793067687019}. Best is trial 59 with value: 1.137696267992646.
[I 2026-05-28 23:00:44,705] Trial 65 finished with value: 25.444457509549288 and parameters: {'ISTN': 110.06979917704336, 'I_gpe': 3.2876450358000735, 'I_gpi': 2.0563234237770187, 'noise_stn_sigma': 1.4962279088737966, 'noise_gpe_sigma': 33.67527657864393, 'noise_gpi_sigma': 55.945178527945835, 'g_stn_gpe_mult': 1.3084932000442686, 'g_gpe_stn_mult': 0.6232318962258934, 'g_stn_gpi_mult': 1.4638991716925764, 'g_gpe_gpi_mult': 1.4625339093700243}. Best is trial 59 with value: 1.137696267992646.
[I 2026-05-28 23:00:45,713] Trial 66 finished with value: 25.088342170377818 and parameters: {'ISTN': 118.98134345930814, 'I_gpe': 2.2797529852654757, 'I_gpi': 3.565693854857997, 'noise_stn_sigma': 3.0754644801672115, 'noise_gpe_sigma': 58.190204459554984, 'noise_gpi_sigma': 63.89669578081687, 'g_stn_gpe_mult': 1.0645605740210067, 'g_gpe_stn_mult': 0.9641992449196195, 'g_stn_gpi_mult': 1.3883783160322425, 'g_gpe_gpi_mult': 1.3055727947562972}. Best is trial 59 with value: 1.137696267992646.
[I 2026-05-28 23:00:46,714] Trial 67 finished with value: 105.69916887477314 and parameters: {'ISTN': 109.77537618241551, 'I_gpe': 3.6756235430787028, 'I_gpi': 3.399017479630091, 'noise_stn_sigma': 1.834728016817368, 'noise_gpe_sigma': 50.49075343160518, 'noise_gpi_sigma': 54.144190055743906, 'g_stn_gpe_mult': 1.3091261197082424, 'g_gpe_stn_mult': 1.1458475873205098, 'g_stn_gpi_mult': 1.5488806430151656, 'g_gpe_gpi_mult': 1.5278015829171028}. Best is trial 59 with value: 1.137696267992646.
[I 2026-05-28 23:00:47,722] Trial 68 finished with value: 44.75014700846557 and parameters: {'ISTN': 128.17695552150505, 'I_gpe': 2.429329623502655, 'I_gpi': 3.266810907973242, 'noise_stn_sigma': 2.136606371428723, 'noise_gpe_sigma': 45.697622813641686, 'noise_gpi_sigma': 62.9649891958333, 'g_stn_gpe_mult': 0.820629915330666, 'g_gpe_stn_mult': 0.8997004167609821, 'g_stn_gpi_mult': 1.381044379995364, 'g_gpe_gpi_mult': 1.01101794008739}. Best is trial 59 with value: 1.137696267992646.
[I 2026-05-28 23:00:48,723] Trial 69 finished with value: 107.09687516774355 and parameters: {'ISTN': 111.15375069096682, 'I_gpe': 3.1599906776189473, 'I_gpi': 4.549711456489906, 'noise_stn_sigma': 2.734166440320851, 'noise_gpe_sigma': 49.85463457098563, 'noise_gpi_sigma': 54.018970528098095, 'g_stn_gpe_mult': 1.2504442085246161, 'g_gpe_stn_mult': 1.0155976097616835, 'g_stn_gpi_mult': 1.214418189457779, 'g_gpe_gpi_mult': 1.173042634622607}. Best is trial 59 with value: 1.137696267992646.
[I 2026-05-28 23:00:49,728] Trial 70 finished with value: 37.84944049483228 and parameters: {'ISTN': 121.50904552361716, 'I_gpe': 1.1221882851639902, 'I_gpi': 3.2034602931251426, 'noise_stn_sigma': 2.532730720227906, 'noise_gpe_sigma': 37.759433695362006, 'noise_gpi_sigma': 73.9512718360784, 'g_stn_gpe_mult': 1.213576947626752, 'g_gpe_stn_mult': 1.206515473388119, 'g_stn_gpi_mult': 1.6290106393699082, 'g_gpe_gpi_mult': 1.1828709713235663}. Best is trial 59 with value: 1.137696267992646.
[I 2026-05-28 23:00:50,736] Trial 71 finished with value: 45.58223087722202 and parameters: {'ISTN': 122.5266223381803, 'I_gpe': 2.467331982973422, 'I_gpi': 2.569887571104776, 'noise_stn_sigma': 1.9756583808074915, 'noise_gpe_sigma': 39.54994032493819, 'noise_gpi_sigma': 56.45880371429037, 'g_stn_gpe_mult': 1.4637108020199308, 'g_gpe_stn_mult': 0.6925663058124029, 'g_stn_gpi_mult': 1.5737530288033685, 'g_gpe_gpi_mult': 1.6076785600010401}. Best is trial 59 with value: 1.137696267992646.
[I 2026-05-28 23:00:51,742] Trial 72 finished with value: 49.35656295323212 and parameters: {'ISTN': 130.84088568651384, 'I_gpe': 3.6495871378792253, 'I_gpi': 2.7119976875117775, 'noise_stn_sigma': 1.8257608138637051, 'noise_gpe_sigma': 34.44956751624771, 'noise_gpi_sigma': 65.31531618404888, 'g_stn_gpe_mult': 1.5272821147312388, 'g_gpe_stn_mult': 0.6691668355996909, 'g_stn_gpi_mult': 1.4603704240324318, 'g_gpe_gpi_mult': 1.4215942022406003}. Best is trial 59 with value: 1.137696267992646.
[I 2026-05-28 23:00:52,747] Trial 73 finished with value: 105.60127117626524 and parameters: {'ISTN': 137.73836208726152, 'I_gpe': 3.661192314374208, 'I_gpi': 3.7421363837384423, 'noise_stn_sigma': 2.574894553067738, 'noise_gpe_sigma': 40.93786889071, 'noise_gpi_sigma': 69.5043159215907, 'g_stn_gpe_mult': 1.0087369756674627, 'g_gpe_stn_mult': 0.9617865550014543, 'g_stn_gpi_mult': 1.430425996151675, 'g_gpe_gpi_mult': 1.368892034169853}. Best is trial 59 with value: 1.137696267992646.
[I 2026-05-28 23:00:53,750] Trial 74 finished with value: 4.124721629975499 and parameters: {'ISTN': 135.1564881340506, 'I_gpe': 3.1696759436435578, 'I_gpi': 3.04020657568551, 'noise_stn_sigma': 2.012599402893235, 'noise_gpe_sigma': 25.408806941223418, 'noise_gpi_sigma': 59.077953992356754, 'g_stn_gpe_mult': 1.295120757131714, 'g_gpe_stn_mult': 1.0339721206884178, 'g_stn_gpi_mult': 1.648488196454416, 'g_gpe_gpi_mult': 1.405644665807724}. Best is trial 59 with value: 1.137696267992646.
[I 2026-05-28 23:00:54,758] Trial 75 finished with value: 19.02645571934644 and parameters: {'ISTN': 119.38140491375293, 'I_gpe': 3.097454412216156, 'I_gpi': 3.6533067606243015, 'noise_stn_sigma': 2.2037566448807007, 'noise_gpe_sigma': 53.8984786519947, 'noise_gpi_sigma': 70.03594891433414, 'g_stn_gpe_mult': 1.5542415511461538, 'g_gpe_stn_mult': 0.8013128758883151, 'g_stn_gpi_mult': 1.6631828004945834, 'g_gpe_gpi_mult': 1.357202944195174}. Best is trial 59 with value: 1.137696267992646.
[I 2026-05-28 23:00:55,764] Trial 76 finished with value: 51.45677988019226 and parameters: {'ISTN': 127.34499757929386, 'I_gpe': 2.9052941518665785, 'I_gpi': 3.1461494817464213, 'noise_stn_sigma': 2.3072326668286784, 'noise_gpe_sigma': 36.07250582193845, 'noise_gpi_sigma': 65.29402471041084, 'g_stn_gpe_mult': 1.130223764040283, 'g_gpe_stn_mult': 0.6330166477927097, 'g_stn_gpi_mult': 1.3503273384714423, 'g_gpe_gpi_mult': 1.4425548723526003}. Best is trial 59 with value: 1.137696267992646.
[I 2026-05-28 23:00:56,772] Trial 77 finished with value: 35.47657349554059 and parameters: {'ISTN': 118.6002268138138, 'I_gpe': 3.2131125212034055, 'I_gpi': 2.962101185471564, 'noise_stn_sigma': 2.0640773372169434, 'noise_gpe_sigma': 34.89151590805251, 'noise_gpi_sigma': 52.8942209000936, 'g_stn_gpe_mult': 1.2223503414293642, 'g_gpe_stn_mult': 0.6769171802806089, 'g_stn_gpi_mult': 1.9570647715393412, 'g_gpe_gpi_mult': 1.5051313801771933}. Best is trial 59 with value: 1.137696267992646.
[I 2026-05-28 23:00:57,772] Trial 78 finished with value: 105.62444354800664 and parameters: {'ISTN': 112.79961825876586, 'I_gpe': 4.441654531819144, 'I_gpi': 3.0775520202326474, 'noise_stn_sigma': 1.6032856543224925, 'noise_gpe_sigma': 46.10560819602087, 'noise_gpi_sigma': 73.26251734537885, 'g_stn_gpe_mult': 1.1037244596010698, 'g_gpe_stn_mult': 1.0530935117647322, 'g_stn_gpi_mult': 1.285910243936065, 'g_gpe_gpi_mult': 1.124976011990449}. Best is trial 59 with value: 1.137696267992646.
[I 2026-05-28 23:00:58,780] Trial 79 finished with value: 47.42103382224301 and parameters: {'ISTN': 130.292544954007, 'I_gpe': 1.4943007646175355, 'I_gpi': 2.51287803482651, 'noise_stn_sigma': 2.157832263565982, 'noise_gpe_sigma': 49.85780490500851, 'noise_gpi_sigma': 67.19678775998366, 'g_stn_gpe_mult': 1.25857486968976, 'g_gpe_stn_mult': 1.0687815552847773, 'g_stn_gpi_mult': 1.4723503021147888, 'g_gpe_gpi_mult': 1.679140574576759}. Best is trial 59 with value: 1.137696267992646.
[I 2026-05-28 23:00:59,787] Trial 80 finished with value: 46.735075562535286 and parameters: {'ISTN': 123.92195069240739, 'I_gpe': 1.62593300585425, 'I_gpi': 3.0584266187530975, 'noise_stn_sigma': 2.6408054189381294, 'noise_gpe_sigma': 34.95071263791941, 'noise_gpi_sigma': 69.20000288889801, 'g_stn_gpe_mult': 1.2195976939526787, 'g_gpe_stn_mult': 0.632431910104154, 'g_stn_gpi_mult': 1.770810366690044, 'g_gpe_gpi_mult': 1.4272434260855478}. Best is trial 59 with value: 1.137696267992646.
[I 2026-05-28 23:01:00,794] Trial 81 finished with value: 14.396552574302854 and parameters: {'ISTN': 114.05812330714818, 'I_gpe': 3.314110281801067, 'I_gpi': 2.79408309419201, 'noise_stn_sigma': 1.9845688921942668, 'noise_gpe_sigma': 38.73527572135361, 'noise_gpi_sigma': 60.71516604961512, 'g_stn_gpe_mult': 1.4009955345029232, 'g_gpe_stn_mult': 0.7406503304719644, 'g_stn_gpi_mult': 1.6699475453126844, 'g_gpe_gpi_mult': 1.5153652850941637}. Best is trial 59 with value: 1.137696267992646.
[I 2026-05-28 23:01:01,796] Trial 82 finished with value: 2.775412616712665 and parameters: {'ISTN': 139.87786577166298, 'I_gpe': 3.2551894861982698, 'I_gpi': 4.7880106103720195, 'noise_stn_sigma': 2.411131994521239, 'noise_gpe_sigma': 53.59193739002091, 'noise_gpi_sigma': 57.354165757768506, 'g_stn_gpe_mult': 1.5927727289736189, 'g_gpe_stn_mult': 1.0236333741507182, 'g_stn_gpi_mult': 1.2679959884597616, 'g_gpe_gpi_mult': 1.3674549847368829}. Best is trial 59 with value: 1.137696267992646.
[I 2026-05-28 23:01:02,802] Trial 83 finished with value: 26.122354191232365 and parameters: {'ISTN': 138.77910318386787, 'I_gpe': 3.553844292612189, 'I_gpi': 1.6084662415702646, 'noise_stn_sigma': 2.7022187320312736, 'noise_gpe_sigma': 36.24062260040333, 'noise_gpi_sigma': 66.92756247417925, 'g_stn_gpe_mult': 1.3991549569219328, 'g_gpe_stn_mult': 0.8214861848451676, 'g_stn_gpi_mult': 1.646652493136287, 'g_gpe_gpi_mult': 1.3632834794296782}. Best is trial 59 with value: 1.137696267992646.
[I 2026-05-28 23:01:03,809] Trial 84 finished with value: 36.28360598671975 and parameters: {'ISTN': 123.41514913420906, 'I_gpe': 1.9511452230160027, 'I_gpi': 3.3343875045306666, 'noise_stn_sigma': 2.377207805307949, 'noise_gpe_sigma': 47.28596968836782, 'noise_gpi_sigma': 51.51407643249852, 'g_stn_gpe_mult': 1.3725412394381316, 'g_gpe_stn_mult': 0.9771138042144938, 'g_stn_gpi_mult': 1.6560458536617555, 'g_gpe_gpi_mult': 1.1950464887168377}. Best is trial 59 with value: 1.137696267992646.
[I 2026-05-28 23:01:04,815] Trial 85 finished with value: 38.39472134296516 and parameters: {'ISTN': 119.04217342767772, 'I_gpe': 2.582291497608913, 'I_gpi': 2.0672662724954662, 'noise_stn_sigma': 1.879157837969049, 'noise_gpe_sigma': 25.867451105333323, 'noise_gpi_sigma': 74.94063543891131, 'g_stn_gpe_mult': 1.392760588935651, 'g_gpe_stn_mult': 0.720675095581857, 'g_stn_gpi_mult': 1.7372750517937015, 'g_gpe_gpi_mult': 1.5927202979231923}. Best is trial 59 with value: 1.137696267992646.
[I 2026-05-28 23:01:05,823] Trial 86 finished with value: 2.933102016269589 and parameters: {'ISTN': 116.60559111867218, 'I_gpe': 3.177739435709983, 'I_gpi': 3.8493398739235407, 'noise_stn_sigma': 1.760329921108092, 'noise_gpe_sigma': 38.61936878887329, 'noise_gpi_sigma': 59.96103229840898, 'g_stn_gpe_mult': 1.4764326923293387, 'g_gpe_stn_mult': 0.8398051129741316, 'g_stn_gpi_mult': 1.6982550961215948, 'g_gpe_gpi_mult': 1.6464273381910854}. Best is trial 59 with value: 1.137696267992646.
[I 2026-05-28 23:01:06,828] Trial 87 finished with value: 43.04901959949734 and parameters: {'ISTN': 123.98397558313893, 'I_gpe': 3.4216782503725014, 'I_gpi': 4.038154182536634, 'noise_stn_sigma': 2.4069541723826653, 'noise_gpe_sigma': 26.42408931141274, 'noise_gpi_sigma': 85.3713863821641, 'g_stn_gpe_mult': 1.1541460794092668, 'g_gpe_stn_mult': 0.6747992860856084, 'g_stn_gpi_mult': 1.7288918466832102, 'g_gpe_gpi_mult': 1.6578472002215296}. Best is trial 59 with value: 1.137696267992646.
