[I 2026-05-28 22:49:11,442] Trial 396 finished with value: 2.5777463398359974 and parameters: {'ISTN': 184.22467177311648, 'I_gpe': 2.3370451803974674, 'I_gpi': 2.657699462360851, 'noise_stn_sigma': 2.127529443859382, 'noise_gpe_sigma': 44.28283095439024, 'noise_gpi_sigma': 65.59499229716224, 'g_stn_gpe_mult': 1.4085641751963163, 'g_gpe_stn_mult': 1.5834728307756976, 'g_stn_gpi_mult': 1.6119174400087164, 'g_gpe_gpi_mult': 1.548604659054471}. Best is trial 308 with value: 0.5017134834754137.
[I 2026-05-28 22:49:12,445] Trial 397 finished with value: 2.038591117914615 and parameters: {'ISTN': 182.74030486402197, 'I_gpe': 2.2542735937370764, 'I_gpi': 2.0628855599653377, 'noise_stn_sigma': 2.066100313462907, 'noise_gpe_sigma': 44.83249034593134, 'noise_gpi_sigma': 61.03756054312195, 'g_stn_gpe_mult': 1.4289650205794961, 'g_gpe_stn_mult': 1.6298149263053119, 'g_stn_gpi_mult': 1.5769342112100844, 'g_gpe_gpi_mult': 1.4250602337699718}. Best is trial 308 with value: 0.5017134834754137.
[I 2026-05-28 22:49:13,447] Trial 398 finished with value: 2.2744320190729463 and parameters: {'ISTN': 185.29715177844128, 'I_gpe': 2.59891023213775, 'I_gpi': 2.4200501108005232, 'noise_stn_sigma': 2.3255606471288846, 'noise_gpe_sigma': 47.218211403506345, 'noise_gpi_sigma': 68.29682976701503, 'g_stn_gpe_mult': 1.507214461799734, 'g_gpe_stn_mult': 1.5843287359485019, 'g_stn_gpi_mult': 1.699183326827341, 'g_gpe_gpi_mult': 1.5279813182767459}. Best is trial 308 with value: 0.5017134834754137.
[I 2026-05-28 22:49:14,448] Trial 399 finished with value: 0.40277137557037257 and parameters: {'ISTN': 184.02461121287178, 'I_gpe': 2.514756198707413, 'I_gpi': 2.167814548496989, 'noise_stn_sigma': 2.036979792046335, 'noise_gpe_sigma': 44.137228939687226, 'noise_gpi_sigma': 61.467138062538794, 'g_stn_gpe_mult': 1.3310708784567493, 'g_gpe_stn_mult': 1.5440695101092246, 'g_stn_gpi_mult': 1.5546900793579703, 'g_gpe_gpi_mult': 1.4294741635382617}. Best is trial 399 with value: 0.40277137557037257.
[I 2026-05-28 22:49:15,449] Trial 400 finished with value: 0.8226422435064403 and parameters: {'ISTN': 180.90592566482843, 'I_gpe': 2.3437207196549856, 'I_gpi': 2.1824009066803742, 'noise_stn_sigma': 2.877038906763219, 'noise_gpe_sigma': 43.52804331471366, 'noise_gpi_sigma': 61.3353062879954, 'g_stn_gpe_mult': 1.5570973536021027, 'g_gpe_stn_mult': 1.6315296015447112, 'g_stn_gpi_mult': 1.6393437487528097, 'g_gpe_gpi_mult': 1.4162813815034467}. Best is trial 399 with value: 0.40277137557037257.
[I 2026-05-28 22:49:16,455] Trial 401 finished with value: 3.48766303371213 and parameters: {'ISTN': 177.19497794643542, 'I_gpe': 1.941863654992044, 'I_gpi': 2.064965323185599, 'noise_stn_sigma': 2.1289211485313677, 'noise_gpe_sigma': 39.69473375739388, 'noise_gpi_sigma': 58.48287803946838, 'g_stn_gpe_mult': 1.4323065175069782, 'g_gpe_stn_mult': 1.710722287834789, 'g_stn_gpi_mult': 1.6691230204633263, 'g_gpe_gpi_mult': 1.4468528499397701}. Best is trial 399 with value: 0.40277137557037257.
[I 2026-05-28 22:49:17,457] Trial 402 finished with value: 2.9740695452022865 and parameters: {'ISTN': 178.3810446699726, 'I_gpe': 2.6764559305620654, 'I_gpi': 2.3912639443820414, 'noise_stn_sigma': 2.168887143369257, 'noise_gpe_sigma': 43.82997876585511, 'noise_gpi_sigma': 64.92292115996645, 'g_stn_gpe_mult': 1.3979498808926438, 'g_gpe_stn_mult': 1.5074327733463133, 'g_stn_gpi_mult': 1.5940608005786494, 'g_gpe_gpi_mult': 1.444755930582461}. Best is trial 399 with value: 0.40277137557037257.
[I 2026-05-28 22:49:18,460] Trial 403 finished with value: 1.3209613456877902 and parameters: {'ISTN': 182.9340447112283, 'I_gpe': 2.2817195004965507, 'I_gpi': 2.3115474694101423, 'noise_stn_sigma': 1.862036461666897, 'noise_gpe_sigma': 41.634315472833805, 'noise_gpi_sigma': 68.39414889906654, 'g_stn_gpe_mult': 1.4090466238079742, 'g_gpe_stn_mult': 1.6158581200747884, 'g_stn_gpi_mult': 1.5729318083928079, 'g_gpe_gpi_mult': 1.526839029010335}. Best is trial 399 with value: 0.40277137557037257.
[I 2026-05-28 22:49:19,463] Trial 404 finished with value: 4.4124499391146825 and parameters: {'ISTN': 187.1907538407943, 'I_gpe': 2.3692126961669535, 'I_gpi': 2.1824899430815474, 'noise_stn_sigma': 2.166548659332184, 'noise_gpe_sigma': 46.934356783416135, 'noise_gpi_sigma': 66.89386173078111, 'g_stn_gpe_mult': 1.2931416021519575, 'g_gpe_stn_mult': 1.587915367209914, 'g_stn_gpi_mult': 1.6720886256279115, 'g_gpe_gpi_mult': 1.3823801123365778}. Best is trial 399 with value: 0.40277137557037257.
[I 2026-05-28 22:49:20,462] Trial 405 finished with value: 0.6037993868334701 and parameters: {'ISTN': 192.03724069001316, 'I_gpe': 2.787869312334916, 'I_gpi': 2.3761293527437353, 'noise_stn_sigma': 2.17176288920224, 'noise_gpe_sigma': 45.18863682973336, 'noise_gpi_sigma': 64.61871789315299, 'g_stn_gpe_mult': 1.2880969610408493, 'g_gpe_stn_mult': 1.5121065125031512, 'g_stn_gpi_mult': 1.6270545047722829, 'g_gpe_gpi_mult': 1.4854842956817227}. Best is trial 399 with value: 0.40277137557037257.
[I 2026-05-28 22:49:21,464] Trial 406 finished with value: 4.884005378171841 and parameters: {'ISTN': 187.57111575082746, 'I_gpe': 2.329609911728728, 'I_gpi': 2.0560289591222913, 'noise_stn_sigma': 2.252428819660153, 'noise_gpe_sigma': 47.00729070206488, 'noise_gpi_sigma': 64.96845949279725, 'g_stn_gpe_mult': 1.4053583065394473, 'g_gpe_stn_mult': 1.5968298886922592, 'g_stn_gpi_mult': 1.6122980336780264, 'g_gpe_gpi_mult': 1.4665695909931014}. Best is trial 399 with value: 0.40277137557037257.
[I 2026-05-28 22:49:22,409] Trial 407 finished with value: 1000000.0 and parameters: {'ISTN': 181.96994080983671, 'I_gpe': 2.093297000621897, 'I_gpi': 1.5373420298341904, 'noise_stn_sigma': 2.3360666328636706, 'noise_gpe_sigma': 39.20828495144688, 'noise_gpi_sigma': 54.706015546242, 'g_stn_gpe_mult': 1.4778328328179182, 'g_gpe_stn_mult': 1.6550523112720528, 'g_stn_gpi_mult': 1.5766967452223548, 'g_gpe_gpi_mult': 1.2775018504292324}. Best is trial 399 with value: 0.40277137557037257.
[I 2026-05-28 22:49:23,413] Trial 408 finished with value: 4.3941943474523075 and parameters: {'ISTN': 184.38833729088807, 'I_gpe': 2.2071975235060464, 'I_gpi': 2.306877128437585, 'noise_stn_sigma': 2.1209501999960736, 'noise_gpe_sigma': 44.531634014183574, 'noise_gpi_sigma': 63.73898492638374, 'g_stn_gpe_mult': 1.41135375010956, 'g_gpe_stn_mult': 1.6464413203639652, 'g_stn_gpi_mult': 1.646560749506569, 'g_gpe_gpi_mult': 1.5548560910659581}. Best is trial 399 with value: 0.40277137557037257.
[I 2026-05-28 22:49:24,417] Trial 409 finished with value: 11.228314233348705 and parameters: {'ISTN': 174.02768845778945, 'I_gpe': 2.070794914480013, 'I_gpi': 2.49507266871806, 'noise_stn_sigma': 1.9295945761281166, 'noise_gpe_sigma': 44.31083083269664, 'noise_gpi_sigma': 59.31626113571626, 'g_stn_gpe_mult': 1.393400739801013, 'g_gpe_stn_mult': 1.588025246844516, 'g_stn_gpi_mult': 1.6116744839634893, 'g_gpe_gpi_mult': 1.352852861040755}. Best is trial 399 with value: 0.40277137557037257.
[I 2026-05-28 22:49:25,418] Trial 410 finished with value: 1.6815258851689316 and parameters: {'ISTN': 196.0011907403446, 'I_gpe': 2.7398392026932568, 'I_gpi': 2.2600647236409146, 'noise_stn_sigma': 1.8621856341688339, 'noise_gpe_sigma': 48.6793698809843, 'noise_gpi_sigma': 63.03468499963354, 'g_stn_gpe_mult': 1.3342805850271149, 'g_gpe_stn_mult': 1.5883676880841215, 'g_stn_gpi_mult': 1.6318754157347932, 'g_gpe_gpi_mult': 1.4777055535660517}. Best is trial 399 with value: 0.40277137557037257.
[I 2026-05-28 22:49:26,418] Trial 411 finished with value: 3.3536229099377173 and parameters: {'ISTN': 194.4654157897379, 'I_gpe': 2.7228604527203086, 'I_gpi': 1.9256636593375789, 'noise_stn_sigma': 2.050069646160673, 'noise_gpe_sigma': 46.404364750940324, 'noise_gpi_sigma': 68.4511740716485, 'g_stn_gpe_mult': 1.4139439175343005, 'g_gpe_stn_mult': 1.610275531684208, 'g_stn_gpi_mult': 1.551620508128163, 'g_gpe_gpi_mult': 1.494121692618888}. Best is trial 399 with value: 0.40277137557037257.
[I 2026-05-28 22:49:27,422] Trial 412 finished with value: 1.309363014552452 and parameters: {'ISTN': 189.260102215879, 'I_gpe': 2.495713584230733, 'I_gpi': 2.0661058456907178, 'noise_stn_sigma': 2.045624066624101, 'noise_gpe_sigma': 43.41193571046807, 'noise_gpi_sigma': 60.57277295425108, 'g_stn_gpe_mult': 1.3321744749173448, 'g_gpe_stn_mult': 1.5679429545916395, 'g_stn_gpi_mult': 1.712223819980855, 'g_gpe_gpi_mult': 1.5430715395397545}. Best is trial 399 with value: 0.40277137557037257.
[I 2026-05-28 22:49:28,423] Trial 413 finished with value: 1.2523337477260472 and parameters: {'ISTN': 190.04515871513615, 'I_gpe': 2.5521720305897677, 'I_gpi': 2.2386904969807144, 'noise_stn_sigma': 1.9596407224394898, 'noise_gpe_sigma': 41.55892171712252, 'noise_gpi_sigma': 61.060026536071724, 'g_stn_gpe_mult': 1.4266996069710547, 'g_gpe_stn_mult': 1.611792537249761, 'g_stn_gpi_mult': 1.6440665211799952, 'g_gpe_gpi_mult': 1.5319384870866395}. Best is trial 399 with value: 0.40277137557037257.
[I 2026-05-28 22:49:29,425] Trial 414 finished with value: 1.044415477504313 and parameters: {'ISTN': 182.69739431338272, 'I_gpe': 2.5421896526872434, 'I_gpi': 2.207073656929836, 'noise_stn_sigma': 2.1792940484596954, 'noise_gpe_sigma': 41.12495733890742, 'noise_gpi_sigma': 63.95605576590157, 'g_stn_gpe_mult': 1.4184727868799272, 'g_gpe_stn_mult': 1.5593036987537974, 'g_stn_gpi_mult': 1.4993795783160677, 'g_gpe_gpi_mult': 1.3801167499085227}. Best is trial 399 with value: 0.40277137557037257.
[I 2026-05-28 22:49:30,428] Trial 415 finished with value: 0.7917471681823466 and parameters: {'ISTN': 187.52346637851966, 'I_gpe': 2.5468905008019163, 'I_gpi': 2.2303760269128134, 'noise_stn_sigma': 2.418198386715467, 'noise_gpe_sigma': 50.4241648816222, 'noise_gpi_sigma': 64.35323422779167, 'g_stn_gpe_mult': 1.2801874652887315, 'g_gpe_stn_mult': 1.5931637144412476, 'g_stn_gpi_mult': 1.6119783018406244, 'g_gpe_gpi_mult': 1.461424586731427}. Best is trial 399 with value: 0.40277137557037257.
[I 2026-05-28 22:49:31,429] Trial 416 finished with value: 2.4491595056785744 and parameters: {'ISTN': 195.89837997123078, 'I_gpe': 2.8646119868860516, 'I_gpi': 2.4738533851084155, 'noise_stn_sigma': 1.8738534029892955, 'noise_gpe_sigma': 48.28059570383857, 'noise_gpi_sigma': 65.47273812297047, 'g_stn_gpe_mult': 1.4250335860701648, 'g_gpe_stn_mult': 1.5564782846629774, 'g_stn_gpi_mult': 1.6123425726959124, 'g_gpe_gpi_mult': 1.4219970967549362}. Best is trial 399 with value: 0.40277137557037257.
[I 2026-05-28 22:49:32,433] Trial 417 finished with value: 0.6462012691292969 and parameters: {'ISTN': 184.96187627481729, 'I_gpe': 2.452463401782749, 'I_gpi': 2.151490139859248, 'noise_stn_sigma': 2.0729310202951803, 'noise_gpe_sigma': 48.96023666562866, 'noise_gpi_sigma': 62.493491797120434, 'g_stn_gpe_mult': 1.2195654743394146, 'g_gpe_stn_mult': 1.6072911303073005, 'g_stn_gpi_mult': 1.6059526673959144, 'g_gpe_gpi_mult': 1.5019711207934245}. Best is trial 399 with value: 0.40277137557037257.
[I 2026-05-28 22:49:33,433] Trial 418 finished with value: 4.889579245448488 and parameters: {'ISTN': 183.8878968506255, 'I_gpe': 2.6781059403474985, 'I_gpi': 2.4113050065067596, 'noise_stn_sigma': 1.8627131516601603, 'noise_gpe_sigma': 40.525674926759535, 'noise_gpi_sigma': 63.46966422399366, 'g_stn_gpe_mult': 1.42543834678587, 'g_gpe_stn_mult': 1.6014542144109967, 'g_stn_gpi_mult': 1.6222510571868454, 'g_gpe_gpi_mult': 1.3806960080411956}. Best is trial 399 with value: 0.40277137557037257.
[I 2026-05-28 22:49:34,430] Trial 419 finished with value: 2.1433836374015436 and parameters: {'ISTN': 189.8915835013916, 'I_gpe': 2.7860151471853287, 'I_gpi': 2.5773545601376555, 'noise_stn_sigma': 1.6662069495443927, 'noise_gpe_sigma': 41.590793767036985, 'noise_gpi_sigma': 61.00160587246575, 'g_stn_gpe_mult': 1.3179595741672465, 'g_gpe_stn_mult': 1.5250088428479471, 'g_stn_gpi_mult': 1.6745780507484693, 'g_gpe_gpi_mult': 1.432052447754464}. Best is trial 399 with value: 0.40277137557037257.
[I 2026-05-28 22:49:35,435] Trial 420 finished with value: 7.051513064095229 and parameters: {'ISTN': 189.4913655040013, 'I_gpe': 2.439740649274878, 'I_gpi': 2.350035291299475, 'noise_stn_sigma': 2.155187635177427, 'noise_gpe_sigma': 49.847943032204114, 'noise_gpi_sigma': 61.39585262428499, 'g_stn_gpe_mult': 1.3340677779015109, 'g_gpe_stn_mult': 1.5530700601307295, 'g_stn_gpi_mult': 1.5484162939097088, 'g_gpe_gpi_mult': 1.4885063709934}. Best is trial 399 with value: 0.40277137557037257.
[I 2026-05-28 22:49:36,436] Trial 421 finished with value: 1.5237350415631516 and parameters: {'ISTN': 189.5462132130742, 'I_gpe': 2.73735838924184, 'I_gpi': 2.5513494113164312, 'noise_stn_sigma': 1.9234839758489022, 'noise_gpe_sigma': 48.12547644401309, 'noise_gpi_sigma': 55.95002347409887, 'g_stn_gpe_mult': 1.3148564771362439, 'g_gpe_stn_mult': 1.5446609564249028, 'g_stn_gpi_mult': 1.5658408069687204, 'g_gpe_gpi_mult': 1.5405113042969023}. Best is trial 399 with value: 0.40277137557037257.
[I 2026-05-28 22:49:37,440] Trial 422 finished with value: 20.671568443555195 and parameters: {'ISTN': 182.4230323495757, 'I_gpe': 2.294428435543595, 'I_gpi': 1.9759225216058427, 'noise_stn_sigma': 2.09792179968481, 'noise_gpe_sigma': 48.60512552203459, 'noise_gpi_sigma': 58.20412354441077, 'g_stn_gpe_mult': 1.2692459750981109, 'g_gpe_stn_mult': 1.5322100985561484, 'g_stn_gpi_mult': 1.627405712057802, 'g_gpe_gpi_mult': 1.4215967988042466}. Best is trial 399 with value: 0.40277137557037257.
[I 2026-05-28 22:49:38,445] Trial 423 finished with value: 4.099498494691703 and parameters: {'ISTN': 182.9537000014401, 'I_gpe': 2.2535819611384103, 'I_gpi': 1.9418396356025391, 'noise_stn_sigma': 2.208355761521439, 'noise_gpe_sigma': 48.939470155077416, 'noise_gpi_sigma': 65.40085714866973, 'g_stn_gpe_mult': 1.2591510892416902, 'g_gpe_stn_mult': 1.6200160923650526, 'g_stn_gpi_mult': 1.6781176409582677, 'g_gpe_gpi_mult': 1.460137334960275}. Best is trial 399 with value: 0.40277137557037257.
[I 2026-05-28 22:49:39,448] Trial 424 finished with value: 0.5328802992451054 and parameters: {'ISTN': 175.8091144915366, 'I_gpe': 2.2384449396412394, 'I_gpi': 2.0456645221424257, 'noise_stn_sigma': 2.1752289347526332, 'noise_gpe_sigma': 46.66371915797996, 'noise_gpi_sigma': 62.82914558018245, 'g_stn_gpe_mult': 1.3349131456385255, 'g_gpe_stn_mult': 1.62663508780776, 'g_stn_gpi_mult': 1.6148991610542227, 'g_gpe_gpi_mult': 1.4921609322780356}. Best is trial 399 with value: 0.40277137557037257.
[I 2026-05-28 22:49:40,451] Trial 425 finished with value: 3.868270278615447 and parameters: {'ISTN': 191.95268653322705, 'I_gpe': 2.7383339397600386, 'I_gpi': 2.4119184740815633, 'noise_stn_sigma': 2.15496352116908, 'noise_gpe_sigma': 48.15016148112465, 'noise_gpi_sigma': 55.91416834418058, 'g_stn_gpe_mult': 1.419065270141575, 'g_gpe_stn_mult': 1.4601176332949675, 'g_stn_gpi_mult': 1.5198694057756001, 'g_gpe_gpi_mult': 1.4665205052130836}. Best is trial 399 with value: 0.40277137557037257.
[I 2026-05-28 22:49:41,452] Trial 426 finished with value: 3.6490540292572446 and parameters: {'ISTN': 189.52071673207192, 'I_gpe': 2.4568086331616175, 'I_gpi': 2.581168935109949, 'noise_stn_sigma': 2.088323115692786, 'noise_gpe_sigma': 43.27829145203034, 'noise_gpi_sigma': 66.23110999915446, 'g_stn_gpe_mult': 1.5348487435987266, 'g_gpe_stn_mult': 1.7049034990239416, 'g_stn_gpi_mult': 1.6260032415620294, 'g_gpe_gpi_mult': 1.336577469974528}. Best is trial 399 with value: 0.40277137557037257.
[I 2026-05-28 22:49:42,453] Trial 427 finished with value: 2.1980660946383077 and parameters: {'ISTN': 184.08529802110775, 'I_gpe': 2.5059047385749205, 'I_gpi': 1.9042769085631557, 'noise_stn_sigma': 2.301269904798988, 'noise_gpe_sigma': 42.16246002251766, 'noise_gpi_sigma': 56.46289890936806, 'g_stn_gpe_mult': 1.3477866867565704, 'g_gpe_stn_mult': 1.6071947234222321, 'g_stn_gpi_mult': 1.5266547332455076, 'g_gpe_gpi_mult': 1.4810324830238328}. Best is trial 399 with value: 0.40277137557037257.
[I 2026-05-28 22:49:43,452] Trial 428 finished with value: 3.0824471313547472 and parameters: {'ISTN': 178.65984313115138, 'I_gpe': 2.977535828264828, 'I_gpi': 2.3744159325085743, 'noise_stn_sigma': 2.1935948168917725, 'noise_gpe_sigma': 49.67225697281663, 'noise_gpi_sigma': 51.68101938830737, 'g_stn_gpe_mult': 1.1079475899159028, 'g_gpe_stn_mult': 1.4231287180989165, 'g_stn_gpi_mult': 1.54306544526044, 'g_gpe_gpi_mult': 1.3895087085474942}. Best is trial 399 with value: 0.40277137557037257.
[I 2026-05-28 22:49:44,454] Trial 429 finished with value: 0.5030154829729986 and parameters: {'ISTN': 186.9881336434743, 'I_gpe': 2.6698493109398838, 'I_gpi': 2.7343089907978686, 'noise_stn_sigma': 1.9015403533985173, 'noise_gpe_sigma': 49.54797185733974, 'noise_gpi_sigma': 58.34769304360047, 'g_stn_gpe_mult': 1.2762993974540628, 'g_gpe_stn_mult': 1.5081012963925708, 'g_stn_gpi_mult': 1.5606505467623184, 'g_gpe_gpi_mult': 1.495752099311803}. Best is trial 399 with value: 0.40277137557037257.
[I 2026-05-28 22:49:45,456] Trial 430 finished with value: 0.7410109111531422 and parameters: {'ISTN': 183.73026794645483, 'I_gpe': 2.4409398994140004, 'I_gpi': 2.095591549838658, 'noise_stn_sigma': 2.2920567052084193, 'noise_gpe_sigma': 48.538757453166674, 'noise_gpi_sigma': 63.17365914529971, 'g_stn_gpe_mult': 1.3531240962129203, 'g_gpe_stn_mult': 1.60701395140916, 'g_stn_gpi_mult': 1.6493627330710243, 'g_gpe_gpi_mult': 1.481522153757087}. Best is trial 399 with value: 0.40277137557037257.
[I 2026-05-28 22:49:46,460] Trial 431 finished with value: 0.33745089428538294 and parameters: {'ISTN': 185.50478851748565, 'I_gpe': 2.704153740810542, 'I_gpi': 2.355326598765248, 'noise_stn_sigma': 1.8598238479031795, 'noise_gpe_sigma': 47.29826763926852, 'noise_gpi_sigma': 63.58035354619169, 'g_stn_gpe_mult': 1.0961414665789122, 'g_gpe_stn_mult': 1.4871570072030726, 'g_stn_gpi_mult': 1.5322006547969358, 'g_gpe_gpi_mult': 1.4692323174763067}. Best is trial 431 with value: 0.33745089428538294.
[I 2026-05-28 22:49:47,461] Trial 432 finished with value: 0.5075429268844524 and parameters: {'ISTN': 184.0369569384039, 'I_gpe': 2.555678815126909, 'I_gpi': 2.7362224141573517, 'noise_stn_sigma': 2.1789154889894453, 'noise_gpe_sigma': 52.21759156320025, 'noise_gpi_sigma': 61.401311139835414, 'g_stn_gpe_mult': 1.3745195974472022, 'g_gpe_stn_mult': 1.5462607172400655, 'g_stn_gpi_mult': 1.6344113925153438, 'g_gpe_gpi_mult': 1.456496619298919}. Best is trial 431 with value: 0.33745089428538294.
[I 2026-05-28 22:49:48,461] Trial 433 finished with value: 0.7348303343141026 and parameters: {'ISTN': 181.53604747250432, 'I_gpe': 2.439964631547298, 'I_gpi': 2.585485076739019, 'noise_stn_sigma': 2.40932917872824, 'noise_gpe_sigma': 54.77101640312565, 'noise_gpi_sigma': 65.41034434928352, 'g_stn_gpe_mult': 1.3349049641270234, 'g_gpe_stn_mult': 1.6025769561303551, 'g_stn_gpi_mult': 1.611250646131559, 'g_gpe_gpi_mult': 1.5633839863746224}. Best is trial 431 with value: 0.33745089428538294.
[I 2026-05-28 22:49:49,465] Trial 434 finished with value: 11.393892347948759 and parameters: {'ISTN': 175.3125417989467, 'I_gpe': 2.151693655342211, 'I_gpi': 2.481374935130299, 'noise_stn_sigma': 2.214214967923345, 'noise_gpe_sigma': 50.76696832383788, 'noise_gpi_sigma': 58.444314602278936, 'g_stn_gpe_mult': 1.3386308670674465, 'g_gpe_stn_mult': 1.565604113102209, 'g_stn_gpi_mult': 1.6047535094111374, 'g_gpe_gpi_mult': 1.5371960952257528}. Best is trial 431 with value: 0.33745089428538294.
[I 2026-05-28 22:49:50,467] Trial 435 finished with value: 1.3638037908367586 and parameters: {'ISTN': 195.3628730071938, 'I_gpe': 2.891341223274788, 'I_gpi': 2.6282107401188766, 'noise_stn_sigma': 2.071761148986126, 'noise_gpe_sigma': 50.69451074858451, 'noise_gpi_sigma': 62.564208341872174, 'g_stn_gpe_mult': 1.3268123511132108, 'g_gpe_stn_mult': 1.5299566708468149, 'g_stn_gpi_mult': 1.6106722557032351, 'g_gpe_gpi_mult': 1.4927243986014989}. Best is trial 431 with value: 0.33745089428538294.
[I 2026-05-28 22:49:51,466] Trial 436 finished with value: 3.404643948798765 and parameters: {'ISTN': 181.7351357982123, 'I_gpe': 2.6425308622164554, 'I_gpi': 2.7346276514432413, 'noise_stn_sigma': 1.8395817286143168, 'noise_gpe_sigma': 43.147653123729185, 'noise_gpi_sigma': 55.88588768105643, 'g_stn_gpe_mult': 1.3423979062738935, 'g_gpe_stn_mult': 1.5696837533010097, 'g_stn_gpi_mult': 1.5759400858234032, 'g_gpe_gpi_mult': 1.3954299446877965}. Best is trial 431 with value: 0.33745089428538294.
[I 2026-05-28 22:49:52,467] Trial 437 finished with value: 0.7491547063124948 and parameters: {'ISTN': 181.0221114421284, 'I_gpe': 2.48244474014445, 'I_gpi': 2.539678923615562, 'noise_stn_sigma': 2.2208491033720774, 'noise_gpe_sigma': 43.870706448835726, 'noise_gpi_sigma': 57.650876436417924, 'g_stn_gpe_mult': 1.372947085836515, 'g_gpe_stn_mult': 1.5625461796065079, 'g_stn_gpi_mult': 1.5767990443839432, 'g_gpe_gpi_mult': 1.4566470213782743}. Best is trial 431 with value: 0.33745089428538294.
[I 2026-05-28 22:49:53,470] Trial 438 finished with value: 1.1830529159254475 and parameters: {'ISTN': 185.7437102518686, 'I_gpe': 2.664885219387096, 'I_gpi': 2.1538105904721343, 'noise_stn_sigma': 2.0919105713222086, 'noise_gpe_sigma': 46.74058727553067, 'noise_gpi_sigma': 62.670268484929416, 'g_stn_gpe_mult': 1.2524022679384084, 'g_gpe_stn_mult': 1.4822871908801551, 'g_stn_gpi_mult': 1.532287781957856, 'g_gpe_gpi_mult': 1.5538437337747313}. Best is trial 431 with value: 0.33745089428538294.
[I 2026-05-28 22:49:54,471] Trial 439 finished with value: 0.4639087343235567 and parameters: {'ISTN': 179.78169003385744, 'I_gpe': 2.480904917778974, 'I_gpi': 2.440350162752681, 'noise_stn_sigma': 2.1606464559250442, 'noise_gpe_sigma': 46.273315862993485, 'noise_gpi_sigma': 65.36383653053184, 'g_stn_gpe_mult': 1.3335465501205144, 'g_gpe_stn_mult': 1.5299884225331857, 'g_stn_gpi_mult': 1.6440536731327247, 'g_gpe_gpi_mult': 1.5438478282464105}. Best is trial 431 with value: 0.33745089428538294.
