[I 2026-05-28 23:03:20,399] Trial 220 finished with value: 4.434581355007108 and parameters: {'ISTN': 84.24274953039344, 'I_gpe': 2.1590246048370583, 'I_gpi': 2.5573849828220814, 'noise_stn_sigma': 1.9275791064479306, 'noise_gpe_sigma': 30.531088312283405, 'noise_gpi_sigma': 46.34913776238891, 'g_stn_gpe_mult': 1.218856498022748, 'g_gpe_stn_mult': 0.8084691667548004, 'g_stn_gpi_mult': 1.6469983500350467, 'g_gpe_gpi_mult': 1.7031330207287263}. Best is trial 99 with value: 0.2422004780435466.
[I 2026-05-28 23:03:21,406] Trial 221 finished with value: 4.544587342369624 and parameters: {'ISTN': 101.77819507824739, 'I_gpe': 2.4414217053449883, 'I_gpi': 3.0178380371504763, 'noise_stn_sigma': 1.842872599941381, 'noise_gpe_sigma': 33.693822773433624, 'noise_gpi_sigma': 31.06104845363973, 'g_stn_gpe_mult': 1.5619800672045223, 'g_gpe_stn_mult': 0.8791886736324015, 'g_stn_gpi_mult': 1.5678124100165869, 'g_gpe_gpi_mult': 1.7027370664018593}. Best is trial 99 with value: 0.2422004780435466.
[I 2026-05-28 23:03:22,412] Trial 222 finished with value: 7.4864778997359425 and parameters: {'ISTN': 81.10390126825841, 'I_gpe': 1.9611565810866365, 'I_gpi': 3.026000394927144, 'noise_stn_sigma': 1.4873191733669273, 'noise_gpe_sigma': 31.772940453793993, 'noise_gpi_sigma': 53.48337466585118, 'g_stn_gpe_mult': 1.5089205697011887, 'g_gpe_stn_mult': 0.7506692878207423, 'g_stn_gpi_mult': 1.7964540146385652, 'g_gpe_gpi_mult': 1.7024029353437617}. Best is trial 99 with value: 0.2422004780435466.
[I 2026-05-28 23:03:23,413] Trial 223 finished with value: 105.28674076047754 and parameters: {'ISTN': 95.50826147968996, 'I_gpe': 2.330979994391324, 'I_gpi': 2.2303365155051176, 'noise_stn_sigma': 1.7569797150930555, 'noise_gpe_sigma': 39.86847901618718, 'noise_gpi_sigma': 35.993615223873064, 'g_stn_gpe_mult': 1.392433794529476, 'g_gpe_stn_mult': 1.0891599039704556, 'g_stn_gpi_mult': 1.5695762378345581, 'g_gpe_gpi_mult': 1.8304244161128627}. Best is trial 99 with value: 0.2422004780435466.
[I 2026-05-28 23:03:24,414] Trial 224 finished with value: 105.7590351729848 and parameters: {'ISTN': 99.43127248787579, 'I_gpe': 2.9227250926514543, 'I_gpi': 3.474569211970256, 'noise_stn_sigma': 2.8905668014199093, 'noise_gpe_sigma': 43.118654403547055, 'noise_gpi_sigma': 24.186903744165043, 'g_stn_gpe_mult': 1.3466453307918296, 'g_gpe_stn_mult': 0.9498047220979259, 'g_stn_gpi_mult': 1.396516936388411, 'g_gpe_gpi_mult': 1.4844592362805302}. Best is trial 99 with value: 0.2422004780435466.
[I 2026-05-28 23:03:25,421] Trial 225 finished with value: 5.222106035955971 and parameters: {'ISTN': 94.8443405320598, 'I_gpe': 3.184989933083638, 'I_gpi': 2.961143861429804, 'noise_stn_sigma': 2.2009043627874547, 'noise_gpe_sigma': 25.137679596301517, 'noise_gpi_sigma': 25.93885365247172, 'g_stn_gpe_mult': 1.3960768946031084, 'g_gpe_stn_mult': 0.6731051215794303, 'g_stn_gpi_mult': 1.3654624568512421, 'g_gpe_gpi_mult': 1.5926426066822121}. Best is trial 99 with value: 0.2422004780435466.
[I 2026-05-28 23:03:26,424] Trial 226 finished with value: 0.8485686267813788 and parameters: {'ISTN': 84.24555230356914, 'I_gpe': 2.748708404523112, 'I_gpi': 2.689577167998507, 'noise_stn_sigma': 2.3979114577084752, 'noise_gpe_sigma': 40.919656506403115, 'noise_gpi_sigma': 36.360106510161714, 'g_stn_gpe_mult': 1.5061495273091483, 'g_gpe_stn_mult': 0.7735469431871489, 'g_stn_gpi_mult': 1.576320246091146, 'g_gpe_gpi_mult': 1.6132211239676324}. Best is trial 99 with value: 0.2422004780435466.
[I 2026-05-28 23:03:27,429] Trial 227 finished with value: 4.77721999107849 and parameters: {'ISTN': 97.8257932318769, 'I_gpe': 2.9905162506188967, 'I_gpi': 2.6302333401962352, 'noise_stn_sigma': 2.981744132942353, 'noise_gpe_sigma': 35.37505040251416, 'noise_gpi_sigma': 36.109497839853404, 'g_stn_gpe_mult': 1.4227968395970896, 'g_gpe_stn_mult': 0.7350319209483847, 'g_stn_gpi_mult': 1.6108106952693046, 'g_gpe_gpi_mult': 1.4801950599518885}. Best is trial 99 with value: 0.2422004780435466.
[I 2026-05-28 23:03:28,430] Trial 228 finished with value: 104.93936328240511 and parameters: {'ISTN': 92.2171794700064, 'I_gpe': 3.5419855623860133, 'I_gpi': 2.075704656566583, 'noise_stn_sigma': 2.2643424164433243, 'noise_gpe_sigma': 39.686948787283725, 'noise_gpi_sigma': 41.44533067385548, 'g_stn_gpe_mult': 1.4007956931538832, 'g_gpe_stn_mult': 0.7338223409864142, 'g_stn_gpi_mult': 1.6439234918191485, 'g_gpe_gpi_mult': 1.598805802646627}. Best is trial 99 with value: 0.2422004780435466.
[I 2026-05-28 23:03:29,434] Trial 229 finished with value: 3.807914222239763 and parameters: {'ISTN': 81.79708696312368, 'I_gpe': 2.271929910203438, 'I_gpi': 1.8068800693416167, 'noise_stn_sigma': 2.0052046922257967, 'noise_gpe_sigma': 29.672058067645256, 'noise_gpi_sigma': 35.528538344320964, 'g_stn_gpe_mult': 1.5633405119262396, 'g_gpe_stn_mult': 0.9188552430230256, 'g_stn_gpi_mult': 1.517204170570116, 'g_gpe_gpi_mult': 1.8629522163079328}. Best is trial 99 with value: 0.2422004780435466.
[I 2026-05-28 23:03:30,435] Trial 230 finished with value: 105.53182101397584 and parameters: {'ISTN': 101.14667632115773, 'I_gpe': 3.5141345465304954, 'I_gpi': 3.116595728412521, 'noise_stn_sigma': 1.7946277418059893, 'noise_gpe_sigma': 49.23105755296716, 'noise_gpi_sigma': 41.38282625348997, 'g_stn_gpe_mult': 1.309825281953398, 'g_gpe_stn_mult': 0.8691160544030402, 'g_stn_gpi_mult': 1.6049933948618476, 'g_gpe_gpi_mult': 1.6917064598358584}. Best is trial 99 with value: 0.2422004780435466.
[I 2026-05-28 23:03:31,442] Trial 231 finished with value: 0.5681529725396203 and parameters: {'ISTN': 95.79213806543143, 'I_gpe': 3.6514066237981213, 'I_gpi': 1.3686812281117247, 'noise_stn_sigma': 2.338606012244746, 'noise_gpe_sigma': 35.16806746518232, 'noise_gpi_sigma': 30.86241744467081, 'g_stn_gpe_mult': 1.5252344676565608, 'g_gpe_stn_mult': 0.667405438080342, 'g_stn_gpi_mult': 1.649427544866231, 'g_gpe_gpi_mult': 1.581803395972059}. Best is trial 99 with value: 0.2422004780435466.
[I 2026-05-28 23:03:32,444] Trial 232 finished with value: 105.76201013801114 and parameters: {'ISTN': 95.44452004443545, 'I_gpe': 2.9357459429547674, 'I_gpi': 1.491917747956356, 'noise_stn_sigma': 2.4237129041171777, 'noise_gpe_sigma': 39.49152663245708, 'noise_gpi_sigma': 31.04679707052254, 'g_stn_gpe_mult': 1.3075179857655042, 'g_gpe_stn_mult': 0.9856445897703937, 'g_stn_gpi_mult': 1.6493567424181452, 'g_gpe_gpi_mult': 1.672834179510257}. Best is trial 99 with value: 0.2422004780435466.
[I 2026-05-28 23:03:33,447] Trial 233 finished with value: 3.2340016950890367 and parameters: {'ISTN': 85.80970335944204, 'I_gpe': 3.372777930917818, 'I_gpi': 2.721358181502325, 'noise_stn_sigma': 2.7858483324967884, 'noise_gpe_sigma': 35.55721993081144, 'noise_gpi_sigma': 29.167367573624936, 'g_stn_gpe_mult': 1.5341457557137141, 'g_gpe_stn_mult': 0.701736347145888, 'g_stn_gpi_mult': 1.4117805714418366, 'g_gpe_gpi_mult': 1.9817111832835668}. Best is trial 99 with value: 0.2422004780435466.
[I 2026-05-28 23:03:34,452] Trial 234 finished with value: 10.652883605476278 and parameters: {'ISTN': 83.30713277447485, 'I_gpe': 1.8226434937015854, 'I_gpi': 3.539376916872742, 'noise_stn_sigma': 1.6523301455488562, 'noise_gpe_sigma': 45.75326572457058, 'noise_gpi_sigma': 34.15538398734548, 'g_stn_gpe_mult': 1.521921597498477, 'g_gpe_stn_mult': 0.8547502139508414, 'g_stn_gpi_mult': 1.250231123788424, 'g_gpe_gpi_mult': 1.7026433251229396}. Best is trial 99 with value: 0.2422004780435466.
[I 2026-05-28 23:03:35,459] Trial 235 finished with value: 1.4298794189502129 and parameters: {'ISTN': 93.7060454071663, 'I_gpe': 2.8578977528288028, 'I_gpi': 2.503976945599086, 'noise_stn_sigma': 1.7015716115473092, 'noise_gpe_sigma': 18.910601544631497, 'noise_gpi_sigma': 28.746092476463833, 'g_stn_gpe_mult': 1.3123128607558734, 'g_gpe_stn_mult': 0.8080982148274727, 'g_stn_gpi_mult': 1.751273070684291, 'g_gpe_gpi_mult': 1.6790852247287944}. Best is trial 99 with value: 0.2422004780435466.
[I 2026-05-28 23:03:36,461] Trial 236 finished with value: 105.48139474961643 and parameters: {'ISTN': 82.10452074149579, 'I_gpe': 2.8868856188862013, 'I_gpi': 2.0870304283902446, 'noise_stn_sigma': 2.384635139144272, 'noise_gpe_sigma': 36.259304491499506, 'noise_gpi_sigma': 40.099076378914276, 'g_stn_gpe_mult': 1.504450378013339, 'g_gpe_stn_mult': 0.8460569352063785, 'g_stn_gpi_mult': 1.4569080537295613, 'g_gpe_gpi_mult': 1.5640913528811882}. Best is trial 99 with value: 0.2422004780435466.
[I 2026-05-28 23:03:37,469] Trial 237 finished with value: 2.3502027934683913 and parameters: {'ISTN': 100.17082807664201, 'I_gpe': 3.1389389508433543, 'I_gpi': 1.761049506861842, 'noise_stn_sigma': 2.2987913757509437, 'noise_gpe_sigma': 34.03244651759155, 'noise_gpi_sigma': 42.40005776249081, 'g_stn_gpe_mult': 1.557168265044176, 'g_gpe_stn_mult': 0.7379047783866561, 'g_stn_gpi_mult': 1.4788144916090116, 'g_gpe_gpi_mult': 1.50629504621253}. Best is trial 99 with value: 0.2422004780435466.
[I 2026-05-28 23:03:38,472] Trial 238 finished with value: 3.89038431771265 and parameters: {'ISTN': 81.45561788301866, 'I_gpe': 2.2732578214024537, 'I_gpi': 3.7293569411145535, 'noise_stn_sigma': 1.7878861198473577, 'noise_gpe_sigma': 28.623531051460073, 'noise_gpi_sigma': 31.181634537447867, 'g_stn_gpe_mult': 1.4962136716308452, 'g_gpe_stn_mult': 0.8946994133902615, 'g_stn_gpi_mult': 1.6083300190273393, 'g_gpe_gpi_mult': 1.5653010740902344}. Best is trial 99 with value: 0.2422004780435466.
[I 2026-05-28 23:03:39,473] Trial 239 finished with value: 105.55239029246025 and parameters: {'ISTN': 83.00091716264875, 'I_gpe': 2.7307408690396695, 'I_gpi': 1.5657795842072422, 'noise_stn_sigma': 1.8680714045051114, 'noise_gpe_sigma': 37.797355663946675, 'noise_gpi_sigma': 39.926093124898216, 'g_stn_gpe_mult': 1.3557856153632413, 'g_gpe_stn_mult': 0.863992287699282, 'g_stn_gpi_mult': 1.6910460376797998, 'g_gpe_gpi_mult': 1.4724893581737275}. Best is trial 99 with value: 0.2422004780435466.
[I 2026-05-28 23:03:40,477] Trial 240 finished with value: 10.096475089583073 and parameters: {'ISTN': 96.14627695943335, 'I_gpe': 2.577741835001471, 'I_gpi': 2.640424769082638, 'noise_stn_sigma': 2.3258968254038046, 'noise_gpe_sigma': 40.95286558977045, 'noise_gpi_sigma': 25.325515232960136, 'g_stn_gpe_mult': 1.4913490152066675, 'g_gpe_stn_mult': 0.7448000554925235, 'g_stn_gpi_mult': 1.3435445709643026, 'g_gpe_gpi_mult': 1.8733428570201158}. Best is trial 99 with value: 0.2422004780435466.
[I 2026-05-28 23:03:41,481] Trial 241 finished with value: 5.115220825304678 and parameters: {'ISTN': 86.55207303126451, 'I_gpe': 3.9630207325010907, 'I_gpi': 1.187520557645735, 'noise_stn_sigma': 2.4085866588651617, 'noise_gpe_sigma': 16.880566381327988, 'noise_gpi_sigma': 35.32000526003448, 'g_stn_gpe_mult': 1.3126077788147752, 'g_gpe_stn_mult': 0.6095583158777357, 'g_stn_gpi_mult': 1.5982977046471625, 'g_gpe_gpi_mult': 1.294605849869661}. Best is trial 99 with value: 0.2422004780435466.
[I 2026-05-28 23:03:42,481] Trial 242 finished with value: 105.50568961984239 and parameters: {'ISTN': 83.80938598017485, 'I_gpe': 3.187849076344058, 'I_gpi': 1.8109774032472434, 'noise_stn_sigma': 2.5059129663319406, 'noise_gpe_sigma': 38.5113333334093, 'noise_gpi_sigma': 40.61662486731542, 'g_stn_gpe_mult': 1.5426955034734613, 'g_gpe_stn_mult': 0.9818656002262192, 'g_stn_gpi_mult': 1.370315848023552, 'g_gpe_gpi_mult': 1.5592950333031175}. Best is trial 99 with value: 0.2422004780435466.
[I 2026-05-28 23:03:43,483] Trial 243 finished with value: 105.72411745457858 and parameters: {'ISTN': 87.8991563453605, 'I_gpe': 4.26744735756196, 'I_gpi': 1.653392456051845, 'noise_stn_sigma': 2.104675855032769, 'noise_gpe_sigma': 16.3683863803393, 'noise_gpi_sigma': 30.13976146390727, 'g_stn_gpe_mult': 1.619018051903384, 'g_gpe_stn_mult': 0.587023377001912, 'g_stn_gpi_mult': 1.8460897619715442, 'g_gpe_gpi_mult': 1.771645042989588}. Best is trial 99 with value: 0.2422004780435466.
[I 2026-05-28 23:03:44,482] Trial 244 finished with value: 105.57963400410009 and parameters: {'ISTN': 96.39196550869869, 'I_gpe': 3.0378193035994596, 'I_gpi': 1.7311341693163511, 'noise_stn_sigma': 1.9434792187671195, 'noise_gpe_sigma': 41.512197777925, 'noise_gpi_sigma': 37.04317154140854, 'g_stn_gpe_mult': 1.4564605205605843, 'g_gpe_stn_mult': 0.9931093042125951, 'g_stn_gpi_mult': 1.4777859119487426, 'g_gpe_gpi_mult': 1.951134122919953}. Best is trial 99 with value: 0.2422004780435466.
[I 2026-05-28 23:03:45,488] Trial 245 finished with value: 19.74744090219433 and parameters: {'ISTN': 115.65530153726385, 'I_gpe': 3.0971561438408446, 'I_gpi': 2.2686840727376056, 'noise_stn_sigma': 2.642722555118812, 'noise_gpe_sigma': 37.39411163152889, 'noise_gpi_sigma': 37.498507757629426, 'g_stn_gpe_mult': 1.5098136953814039, 'g_gpe_stn_mult': 0.759035091382884, 'g_stn_gpi_mult': 1.505153286371359, 'g_gpe_gpi_mult': 1.3950069793638413}. Best is trial 99 with value: 0.2422004780435466.
[I 2026-05-28 23:03:46,495] Trial 246 finished with value: 11.09914827959438 and parameters: {'ISTN': 101.6474152397509, 'I_gpe': 2.859471968688612, 'I_gpi': 2.470582464646551, 'noise_stn_sigma': 1.6936106741953718, 'noise_gpe_sigma': 34.900609848952456, 'noise_gpi_sigma': 43.38196608966992, 'g_stn_gpe_mult': 1.6506364709732515, 'g_gpe_stn_mult': 0.726767298277942, 'g_stn_gpi_mult': 1.8301995786925236, 'g_gpe_gpi_mult': 1.8345975568330752}. Best is trial 99 with value: 0.2422004780435466.
[I 2026-05-28 23:03:47,497] Trial 247 finished with value: 105.59098852374464 and parameters: {'ISTN': 83.03623452367079, 'I_gpe': 3.6088027580042827, 'I_gpi': 1.6464241538280258, 'noise_stn_sigma': 2.5951520594521, 'noise_gpe_sigma': 32.26253450788406, 'noise_gpi_sigma': 33.08416199586402, 'g_stn_gpe_mult': 1.3046414194080462, 'g_gpe_stn_mult': 0.7772422034917312, 'g_stn_gpi_mult': 1.625207072405888, 'g_gpe_gpi_mult': 1.2634763275026821}. Best is trial 99 with value: 0.2422004780435466.
[I 2026-05-28 23:03:48,500] Trial 248 finished with value: 105.57655817782616 and parameters: {'ISTN': 93.04052055780022, 'I_gpe': 3.8564992696898726, 'I_gpi': 1.6431065219956007, 'noise_stn_sigma': 2.3523038211384497, 'noise_gpe_sigma': 33.6852052211125, 'noise_gpi_sigma': 38.37290983535269, 'g_stn_gpe_mult': 1.438639962797803, 'g_gpe_stn_mult': 0.7393441043981318, 'g_stn_gpi_mult': 1.7656017485501012, 'g_gpe_gpi_mult': 1.563840987280323}. Best is trial 99 with value: 0.2422004780435466.
[I 2026-05-28 23:03:49,505] Trial 249 finished with value: 15.05364609774298 and parameters: {'ISTN': 101.89814579964447, 'I_gpe': 2.876800845287219, 'I_gpi': 1.414935396443721, 'noise_stn_sigma': 2.421424348580871, 'noise_gpe_sigma': 26.26379986342139, 'noise_gpi_sigma': 25.340205082730094, 'g_stn_gpe_mult': 1.1960791101242476, 'g_gpe_stn_mult': 0.7071419319338832, 'g_stn_gpi_mult': 1.886972644310746, 'g_gpe_gpi_mult': 1.4412175066700206}. Best is trial 99 with value: 0.2422004780435466.
[I 2026-05-28 23:03:50,513] Trial 250 finished with value: 10.33035276334101 and parameters: {'ISTN': 96.76837897871249, 'I_gpe': 2.9657887886556598, 'I_gpi': 1.2801757878124975, 'noise_stn_sigma': 2.791661702563058, 'noise_gpe_sigma': 37.79036275617261, 'noise_gpi_sigma': 30.407171686853665, 'g_stn_gpe_mult': 1.4187234103716584, 'g_gpe_stn_mult': 0.6826266671856468, 'g_stn_gpi_mult': 1.3967575131367123, 'g_gpe_gpi_mult': 1.6697577028106636}. Best is trial 99 with value: 0.2422004780435466.
[I 2026-05-28 23:03:51,515] Trial 251 finished with value: 105.23787234589543 and parameters: {'ISTN': 96.80056205866109, 'I_gpe': 3.693652052791075, 'I_gpi': 2.3252244451680806, 'noise_stn_sigma': 2.4740537189306933, 'noise_gpe_sigma': 22.328486848301676, 'noise_gpi_sigma': 24.562897061176955, 'g_stn_gpe_mult': 1.1387620883629743, 'g_gpe_stn_mult': 0.7424751573135089, 'g_stn_gpi_mult': 1.5749638140907656, 'g_gpe_gpi_mult': 1.4364815164409934}. Best is trial 99 with value: 0.2422004780435466.
[I 2026-05-28 23:03:52,522] Trial 252 finished with value: 4.535192280616084 and parameters: {'ISTN': 99.15433327640628, 'I_gpe': 3.7933257195749763, 'I_gpi': 1.7967947029369458, 'noise_stn_sigma': 2.0448376519854814, 'noise_gpe_sigma': 25.505832163028664, 'noise_gpi_sigma': 13.011412754248019, 'g_stn_gpe_mult': 1.283377315001404, 'g_gpe_stn_mult': 0.6140154604197756, 'g_stn_gpi_mult': 1.6249349008530902, 'g_gpe_gpi_mult': 1.5645331627384167}. Best is trial 99 with value: 0.2422004780435466.
[I 2026-05-28 23:03:53,522] Trial 253 finished with value: 4.350784592128173 and parameters: {'ISTN': 87.68830344224719, 'I_gpe': 3.0754943986118177, 'I_gpi': 1.8362298202252088, 'noise_stn_sigma': 1.8644169601604392, 'noise_gpe_sigma': 31.933932854016284, 'noise_gpi_sigma': 32.00049509341005, 'g_stn_gpe_mult': 1.5387444810702835, 'g_gpe_stn_mult': 0.7722478974680458, 'g_stn_gpi_mult': 1.6352388040216805, 'g_gpe_gpi_mult': 1.982443819229264}. Best is trial 99 with value: 0.2422004780435466.
[I 2026-05-28 23:03:54,528] Trial 254 finished with value: 1.836748569438609 and parameters: {'ISTN': 89.39722367531152, 'I_gpe': 3.1131818314796997, 'I_gpi': 2.3563969076240783, 'noise_stn_sigma': 2.6756676875179277, 'noise_gpe_sigma': 24.157868453435864, 'noise_gpi_sigma': 36.35687895463373, 'g_stn_gpe_mult': 1.4847826773679236, 'g_gpe_stn_mult': 0.7432727037161292, 'g_stn_gpi_mult': 1.7385862020630067, 'g_gpe_gpi_mult': 1.5448185780337023}. Best is trial 99 with value: 0.2422004780435466.
[I 2026-05-28 23:03:55,534] Trial 255 finished with value: 1.2489236973003088 and parameters: {'ISTN': 91.20827459554627, 'I_gpe': 2.8470936071077313, 'I_gpi': 1.5104841016325135, 'noise_stn_sigma': 2.5743153534435055, 'noise_gpe_sigma': 32.046113866944175, 'noise_gpi_sigma': 34.94626915094664, 'g_stn_gpe_mult': 1.3239362671565549, 'g_gpe_stn_mult': 0.8005649000700172, 'g_stn_gpi_mult': 1.6988610194326295, 'g_gpe_gpi_mult': 1.5771595229998783}. Best is trial 99 with value: 0.2422004780435466.
[I 2026-05-28 23:03:56,535] Trial 256 finished with value: 105.48282668743572 and parameters: {'ISTN': 94.39029620789124, 'I_gpe': 4.0581278019618185, 'I_gpi': 1.0706090347293704, 'noise_stn_sigma': 2.516010720131522, 'noise_gpe_sigma': 14.476262830635239, 'noise_gpi_sigma': 23.924095603294795, 'g_stn_gpe_mult': 1.3910482501749586, 'g_gpe_stn_mult': 0.6382628508548944, 'g_stn_gpi_mult': 1.641599352472332, 'g_gpe_gpi_mult': 1.5921483514077417}. Best is trial 99 with value: 0.2422004780435466.
[I 2026-05-28 23:03:57,542] Trial 257 finished with value: 26.49616571575197 and parameters: {'ISTN': 103.62888060520615, 'I_gpe': 2.9718599231455674, 'I_gpi': 1.0854826515680673, 'noise_stn_sigma': 1.8801373871550997, 'noise_gpe_sigma': 26.717979071404194, 'noise_gpi_sigma': 25.750519112954713, 'g_stn_gpe_mult': 1.4734069264882272, 'g_gpe_stn_mult': 0.5002185338373585, 'g_stn_gpi_mult': 1.547811829321928, 'g_gpe_gpi_mult': 1.4952811307656102}. Best is trial 99 with value: 0.2422004780435466.
[I 2026-05-28 23:03:58,549] Trial 258 finished with value: 35.6572556793016 and parameters: {'ISTN': 115.4886859736014, 'I_gpe': 4.008785708935764, 'I_gpi': 1.6909683791573014, 'noise_stn_sigma': 2.9751372301888113, 'noise_gpe_sigma': 29.71320138152429, 'noise_gpi_sigma': 30.6826641699789, 'g_stn_gpe_mult': 1.413572608712034, 'g_gpe_stn_mult': 0.545087836172041, 'g_stn_gpi_mult': 1.6556130052087528, 'g_gpe_gpi_mult': 1.4474290323046006}. Best is trial 99 with value: 0.2422004780435466.
[I 2026-05-28 23:03:59,552] Trial 259 finished with value: 106.05988141220197 and parameters: {'ISTN': 101.11686037520697, 'I_gpe': 4.018018750339257, 'I_gpi': 1.1153717638446738, 'noise_stn_sigma': 2.6705349670458642, 'noise_gpe_sigma': 24.509852172407868, 'noise_gpi_sigma': 20.67310631302798, 'g_stn_gpe_mult': 1.2192803709612812, 'g_gpe_stn_mult': 0.8475331191384253, 'g_stn_gpi_mult': 1.7172318013212164, 'g_gpe_gpi_mult': 1.5090060858155199}. Best is trial 99 with value: 0.2422004780435466.
[I 2026-05-28 23:04:00,557] Trial 260 finished with value: 6.155073858284542 and parameters: {'ISTN': 99.99742578989381, 'I_gpe': 3.8380665103127147, 'I_gpi': 1.4760322613050092, 'noise_stn_sigma': 2.470611737914615, 'noise_gpe_sigma': 26.53416909643027, 'noise_gpi_sigma': 28.54344604001122, 'g_stn_gpe_mult': 1.197877261318836, 'g_gpe_stn_mult': 0.6103184017705485, 'g_stn_gpi_mult': 1.8324909458486904, 'g_gpe_gpi_mult': 1.3908455442833447}. Best is trial 99 with value: 0.2422004780435466.
[I 2026-05-28 23:04:01,560] Trial 261 finished with value: 105.30282587267038 and parameters: {'ISTN': 96.09370810607011, 'I_gpe': 3.194516956962, 'I_gpi': 1.7513994956153929, 'noise_stn_sigma': 2.819568955996204, 'noise_gpe_sigma': 36.059875546629605, 'noise_gpi_sigma': 29.198255799938213, 'g_stn_gpe_mult': 1.3650975016734774, 'g_gpe_stn_mult': 0.8521617864797982, 'g_stn_gpi_mult': 1.6789515992171522, 'g_gpe_gpi_mult': 1.4656352364349643}. Best is trial 99 with value: 0.2422004780435466.
[I 2026-05-28 23:04:02,561] Trial 262 finished with value: 105.46320267840674 and parameters: {'ISTN': 85.68813369176564, 'I_gpe': 3.1642035970104714, 'I_gpi': 1.9940276852468637, 'noise_stn_sigma': 2.470168656633211, 'noise_gpe_sigma': 38.92368675196513, 'noise_gpi_sigma': 32.365953695679764, 'g_stn_gpe_mult': 1.4810899691785653, 'g_gpe_stn_mult': 0.812473077555138, 'g_stn_gpi_mult': 1.8324233707083888, 'g_gpe_gpi_mult': 1.5174650416012494}. Best is trial 99 with value: 0.2422004780435466.
[I 2026-05-28 23:04:03,569] Trial 263 finished with value: 0.7557260667852912 and parameters: {'ISTN': 90.7983849369294, 'I_gpe': 3.2834412021159696, 'I_gpi': 2.496634612609073, 'noise_stn_sigma': 2.637181638730194, 'noise_gpe_sigma': 23.74710264483406, 'noise_gpi_sigma': 27.069171740207118, 'g_stn_gpe_mult': 1.5126248035648677, 'g_gpe_stn_mult': 0.7067753948093844, 'g_stn_gpi_mult': 1.7390478273836485, 'g_gpe_gpi_mult': 1.704870820871916}. Best is trial 99 with value: 0.2422004780435466.
