[I 2026-05-28 23:07:01,196] Trial 440 finished with value: 0.8483359639211383 and parameters: {'ISTN': 86.05727562164782, 'I_gpe': 2.967982701632826, 'I_gpi': 2.269970582518032, 'noise_stn_sigma': 3.088377352781756, 'noise_gpe_sigma': 58.695646521160604, 'noise_gpi_sigma': 30.068472720029682, 'g_stn_gpe_mult': 1.5393276642182947, 'g_gpe_stn_mult': 0.7721297885524918, 'g_stn_gpi_mult': 1.757633594166143, 'g_gpe_gpi_mult': 1.2240144640583006}. Best is trial 427 with value: 0.2117915759851754.
[I 2026-05-28 23:07:02,197] Trial 441 finished with value: 3.873009304256154 and parameters: {'ISTN': 95.64335514519416, 'I_gpe': 3.3201293693221134, 'I_gpi': 1.8591668932872683, 'noise_stn_sigma': 2.805054514952698, 'noise_gpe_sigma': 53.131881071234204, 'noise_gpi_sigma': 28.537945234063624, 'g_stn_gpe_mult': 1.5087731118374326, 'g_gpe_stn_mult': 0.7916233567408971, 'g_stn_gpi_mult': 1.6072598217316334, 'g_gpe_gpi_mult': 1.2095658453881308}. Best is trial 427 with value: 0.2117915759851754.
[I 2026-05-28 23:07:03,204] Trial 442 finished with value: 0.4884330120402964 and parameters: {'ISTN': 81.11118121124785, 'I_gpe': 3.0749770886590926, 'I_gpi': 2.2796957418983363, 'noise_stn_sigma': 2.678421561955007, 'noise_gpe_sigma': 54.229332946841275, 'noise_gpi_sigma': 27.390449407653055, 'g_stn_gpe_mult': 1.5149135288348068, 'g_gpe_stn_mult': 0.6967178988607663, 'g_stn_gpi_mult': 1.722545037745982, 'g_gpe_gpi_mult': 1.2886506421695807}. Best is trial 427 with value: 0.2117915759851754.
[I 2026-05-28 23:07:04,211] Trial 443 finished with value: 8.497030852387958 and parameters: {'ISTN': 103.91385961559173, 'I_gpe': 3.290039748219682, 'I_gpi': 2.1910494142571553, 'noise_stn_sigma': 2.721433351225287, 'noise_gpe_sigma': 43.86832417828275, 'noise_gpi_sigma': 32.49586612653504, 'g_stn_gpe_mult': 1.4930788638238175, 'g_gpe_stn_mult': 0.7026905133609107, 'g_stn_gpi_mult': 1.5534646464406994, 'g_gpe_gpi_mult': 1.3226477007204327}. Best is trial 427 with value: 0.2117915759851754.
[I 2026-05-28 23:07:05,220] Trial 444 finished with value: 0.41976346807306686 and parameters: {'ISTN': 87.18539581799476, 'I_gpe': 2.713477050062421, 'I_gpi': 1.6148429886666609, 'noise_stn_sigma': 2.2924218748031073, 'noise_gpe_sigma': 56.93142502625258, 'noise_gpi_sigma': 28.898435186974936, 'g_stn_gpe_mult': 1.571743194524689, 'g_gpe_stn_mult': 0.7932104651085332, 'g_stn_gpi_mult': 1.6353693679080445, 'g_gpe_gpi_mult': 1.4052014334559857}. Best is trial 427 with value: 0.2117915759851754.
[I 2026-05-28 23:07:06,222] Trial 445 finished with value: 3.6938458832281658 and parameters: {'ISTN': 87.18966208222638, 'I_gpe': 3.11525542023411, 'I_gpi': 2.0073916027015626, 'noise_stn_sigma': 2.949577153439268, 'noise_gpe_sigma': 50.00444689801098, 'noise_gpi_sigma': 27.089247398418586, 'g_stn_gpe_mult': 1.3971978921097716, 'g_gpe_stn_mult': 0.7810222884800843, 'g_stn_gpi_mult': 1.747223702502444, 'g_gpe_gpi_mult': 1.2754864474656555}. Best is trial 427 with value: 0.2117915759851754.
[I 2026-05-28 23:07:07,225] Trial 446 finished with value: 4.161127587024549 and parameters: {'ISTN': 85.18736759347323, 'I_gpe': 2.892759409695958, 'I_gpi': 2.498022866672783, 'noise_stn_sigma': 2.9618776104194557, 'noise_gpe_sigma': 45.37548812399866, 'noise_gpi_sigma': 29.336865206997878, 'g_stn_gpe_mult': 1.4436795889549239, 'g_gpe_stn_mult': 0.8141923963740463, 'g_stn_gpi_mult': 1.6390932892191241, 'g_gpe_gpi_mult': 1.3198398824982214}. Best is trial 427 with value: 0.2117915759851754.
[I 2026-05-28 23:07:08,232] Trial 447 finished with value: 0.5700145293663218 and parameters: {'ISTN': 87.65146954022269, 'I_gpe': 3.272367489815383, 'I_gpi': 1.3541253331946583, 'noise_stn_sigma': 2.7655280563647198, 'noise_gpe_sigma': 49.45840704663578, 'noise_gpi_sigma': 31.32170940908044, 'g_stn_gpe_mult': 1.430436269615935, 'g_gpe_stn_mult': 0.6789945913905953, 'g_stn_gpi_mult': 1.7910077551246963, 'g_gpe_gpi_mult': 1.2298133033633285}. Best is trial 427 with value: 0.2117915759851754.
[I 2026-05-28 23:07:09,237] Trial 448 finished with value: 0.42199131387361355 and parameters: {'ISTN': 85.11551739242438, 'I_gpe': 2.9335270593602276, 'I_gpi': 1.5329345883414023, 'noise_stn_sigma': 2.6071182420092187, 'noise_gpe_sigma': 56.37031247401293, 'noise_gpi_sigma': 31.345498537083117, 'g_stn_gpe_mult': 1.379528109086916, 'g_gpe_stn_mult': 0.7511463141869783, 'g_stn_gpi_mult': 1.6902017662478526, 'g_gpe_gpi_mult': 1.310886083710314}. Best is trial 427 with value: 0.2117915759851754.
[I 2026-05-28 23:07:10,245] Trial 449 finished with value: 0.44250910675321975 and parameters: {'ISTN': 90.6410178591023, 'I_gpe': 2.73022176695611, 'I_gpi': 2.6356391257780776, 'noise_stn_sigma': 2.7309042042690423, 'noise_gpe_sigma': 51.8782355485787, 'noise_gpi_sigma': 32.84790702650298, 'g_stn_gpe_mult': 1.520783614841834, 'g_gpe_stn_mult': 0.8050448039546322, 'g_stn_gpi_mult': 1.656797421395667, 'g_gpe_gpi_mult': 1.2509617823075754}. Best is trial 427 with value: 0.2117915759851754.
[I 2026-05-28 23:07:11,249] Trial 450 finished with value: 3.125210145136747 and parameters: {'ISTN': 85.65771174695837, 'I_gpe': 3.142911150720795, 'I_gpi': 2.1463768955187135, 'noise_stn_sigma': 2.7175562134365854, 'noise_gpe_sigma': 48.2633350656816, 'noise_gpi_sigma': 37.734399746477166, 'g_stn_gpe_mult': 1.3858768558624426, 'g_gpe_stn_mult': 0.7492907228659574, 'g_stn_gpi_mult': 1.7198511660933455, 'g_gpe_gpi_mult': 1.3340740381566674}. Best is trial 427 with value: 0.2117915759851754.
[I 2026-05-28 23:07:12,256] Trial 451 finished with value: 0.5827398558510101 and parameters: {'ISTN': 84.00533927335991, 'I_gpe': 2.895658605945802, 'I_gpi': 2.016904119350538, 'noise_stn_sigma': 2.213784329227681, 'noise_gpe_sigma': 53.749390920979835, 'noise_gpi_sigma': 29.284483161953997, 'g_stn_gpe_mult': 1.439276659017711, 'g_gpe_stn_mult': 0.7182425033639128, 'g_stn_gpi_mult': 1.7432941120259977, 'g_gpe_gpi_mult': 1.2138106984319548}. Best is trial 427 with value: 0.2117915759851754.
[I 2026-05-28 23:07:13,262] Trial 452 finished with value: 0.5511756675498726 and parameters: {'ISTN': 84.85618420325642, 'I_gpe': 2.414940532458072, 'I_gpi': 1.6504044481220437, 'noise_stn_sigma': 2.2873731560062662, 'noise_gpe_sigma': 69.14501309443153, 'noise_gpi_sigma': 29.7636306216698, 'g_stn_gpe_mult': 1.4916641121528962, 'g_gpe_stn_mult': 0.851766736926701, 'g_stn_gpi_mult': 1.6423972746303181, 'g_gpe_gpi_mult': 1.358748748566929}. Best is trial 427 with value: 0.2117915759851754.
[I 2026-05-28 23:07:14,265] Trial 453 finished with value: 4.26230394388571 and parameters: {'ISTN': 101.63030479971945, 'I_gpe': 3.18384881964227, 'I_gpi': 2.093707966220963, 'noise_stn_sigma': 2.2721165947641278, 'noise_gpe_sigma': 47.00511009563597, 'noise_gpi_sigma': 35.85323227562907, 'g_stn_gpe_mult': 1.6044276463545262, 'g_gpe_stn_mult': 0.8583892982215264, 'g_stn_gpi_mult': 1.7767055080824121, 'g_gpe_gpi_mult': 1.3760073170622034}. Best is trial 427 with value: 0.2117915759851754.
[I 2026-05-28 23:07:15,272] Trial 454 finished with value: 2.241771216590525 and parameters: {'ISTN': 83.30474884744606, 'I_gpe': 2.8686650229812205, 'I_gpi': 1.979783681160748, 'noise_stn_sigma': 2.326734154487486, 'noise_gpe_sigma': 49.67684156098055, 'noise_gpi_sigma': 36.06069579024137, 'g_stn_gpe_mult': 1.4338043967668552, 'g_gpe_stn_mult': 0.7793077643433283, 'g_stn_gpi_mult': 1.7212907715929653, 'g_gpe_gpi_mult': 1.3637306471876947}. Best is trial 427 with value: 0.2117915759851754.
[I 2026-05-28 23:07:16,279] Trial 455 finished with value: 0.3598298578023386 and parameters: {'ISTN': 89.21224743371378, 'I_gpe': 3.1187686741656058, 'I_gpi': 1.5891688395445036, 'noise_stn_sigma': 2.7316375855302026, 'noise_gpe_sigma': 57.8116905968307, 'noise_gpi_sigma': 34.69669720548032, 'g_stn_gpe_mult': 1.430296326527963, 'g_gpe_stn_mult': 0.7235504417144916, 'g_stn_gpi_mult': 1.5981407459233457, 'g_gpe_gpi_mult': 1.2741887856624885}. Best is trial 427 with value: 0.2117915759851754.
[I 2026-05-28 23:07:17,286] Trial 456 finished with value: 1.0490212277716777 and parameters: {'ISTN': 90.71825735522185, 'I_gpe': 2.943617496758219, 'I_gpi': 1.8872275304612511, 'noise_stn_sigma': 2.60386473199978, 'noise_gpe_sigma': 55.6903019014286, 'noise_gpi_sigma': 34.76339659511201, 'g_stn_gpe_mult': 1.5846669926471333, 'g_gpe_stn_mult': 0.7470600487117183, 'g_stn_gpi_mult': 1.6498009325680847, 'g_gpe_gpi_mult': 1.3852589717093962}. Best is trial 427 with value: 0.2117915759851754.
[I 2026-05-28 23:07:18,294] Trial 457 finished with value: 1.0865200485422752 and parameters: {'ISTN': 104.63313344466384, 'I_gpe': 2.972847671916348, 'I_gpi': 2.3883993977464977, 'noise_stn_sigma': 2.6312713710757567, 'noise_gpe_sigma': 53.680060965050146, 'noise_gpi_sigma': 27.934743024717253, 'g_stn_gpe_mult': 1.58018671316527, 'g_gpe_stn_mult': 0.8297958132743382, 'g_stn_gpi_mult': 1.6189770958607757, 'g_gpe_gpi_mult': 1.3272332947577592}. Best is trial 427 with value: 0.2117915759851754.
[I 2026-05-28 23:07:19,299] Trial 458 finished with value: 3.8662575178013867 and parameters: {'ISTN': 96.461366137997, 'I_gpe': 2.799491476433544, 'I_gpi': 2.054908185092041, 'noise_stn_sigma': 2.4577010941198356, 'noise_gpe_sigma': 49.69375971921123, 'noise_gpi_sigma': 34.32701721518992, 'g_stn_gpe_mult': 1.6338561099352775, 'g_gpe_stn_mult': 0.7702410991252662, 'g_stn_gpi_mult': 1.6595946851720056, 'g_gpe_gpi_mult': 1.2772088786359088}. Best is trial 427 with value: 0.2117915759851754.
[I 2026-05-28 23:07:20,303] Trial 459 finished with value: 0.3158355984466494 and parameters: {'ISTN': 86.16527974900299, 'I_gpe': 2.7769578244010864, 'I_gpi': 1.838130466443979, 'noise_stn_sigma': 2.369218447386741, 'noise_gpe_sigma': 56.16669612601928, 'noise_gpi_sigma': 28.236761220145517, 'g_stn_gpe_mult': 1.5705450400326122, 'g_gpe_stn_mult': 0.7728789253761523, 'g_stn_gpi_mult': 1.695845934972119, 'g_gpe_gpi_mult': 1.3438512965045746}. Best is trial 427 with value: 0.2117915759851754.
[I 2026-05-28 23:07:21,309] Trial 460 finished with value: 0.33327478369045005 and parameters: {'ISTN': 87.2649812227125, 'I_gpe': 2.755740026297611, 'I_gpi': 2.4448646778576766, 'noise_stn_sigma': 2.019933676231811, 'noise_gpe_sigma': 58.0810429711177, 'noise_gpi_sigma': 32.87366273578228, 'g_stn_gpe_mult': 1.5914559348431814, 'g_gpe_stn_mult': 0.7799836498307895, 'g_stn_gpi_mult': 1.5885740286767165, 'g_gpe_gpi_mult': 1.426568923898349}. Best is trial 427 with value: 0.2117915759851754.
[I 2026-05-28 23:07:22,317] Trial 461 finished with value: 4.9778465117772885 and parameters: {'ISTN': 94.23844793134757, 'I_gpe': 2.738152096991665, 'I_gpi': 2.154076127554368, 'noise_stn_sigma': 1.9811406189500558, 'noise_gpe_sigma': 56.6432955751944, 'noise_gpi_sigma': 30.702549065926053, 'g_stn_gpe_mult': 1.6601555224504836, 'g_gpe_stn_mult': 0.7572263775055231, 'g_stn_gpi_mult': 1.566827211018049, 'g_gpe_gpi_mult': 1.4448724119110619}. Best is trial 427 with value: 0.2117915759851754.
[I 2026-05-28 23:07:23,326] Trial 462 finished with value: 0.2983075698606823 and parameters: {'ISTN': 87.08136134913077, 'I_gpe': 2.7391171547615145, 'I_gpi': 2.3964390482809064, 'noise_stn_sigma': 2.577860740107646, 'noise_gpe_sigma': 55.29612339125104, 'noise_gpi_sigma': 34.59234227266538, 'g_stn_gpe_mult': 1.6372954547203418, 'g_gpe_stn_mult': 0.7887660414035639, 'g_stn_gpi_mult': 1.7033049266338254, 'g_gpe_gpi_mult': 1.317533736234317}. Best is trial 427 with value: 0.2117915759851754.
[I 2026-05-28 23:07:24,331] Trial 463 finished with value: 1.3036389024187978 and parameters: {'ISTN': 83.27210875061134, 'I_gpe': 2.989139179785956, 'I_gpi': 1.8448603365926348, 'noise_stn_sigma': 2.2153839407535054, 'noise_gpe_sigma': 70.89125511287546, 'noise_gpi_sigma': 29.593197093917624, 'g_stn_gpe_mult': 1.5773865439110863, 'g_gpe_stn_mult': 0.7625678227568183, 'g_stn_gpi_mult': 1.7510866031476138, 'g_gpe_gpi_mult': 1.3132060878386815}. Best is trial 427 with value: 0.2117915759851754.
[I 2026-05-28 23:07:25,336] Trial 464 finished with value: 1.5454575355107922 and parameters: {'ISTN': 96.05615794292478, 'I_gpe': 3.050228339945353, 'I_gpi': 1.62971361703659, 'noise_stn_sigma': 2.3194325475791047, 'noise_gpe_sigma': 61.23308917216702, 'noise_gpi_sigma': 33.651606844048274, 'g_stn_gpe_mult': 1.484170659968139, 'g_gpe_stn_mult': 0.7500892685898615, 'g_stn_gpi_mult': 1.7119526351473193, 'g_gpe_gpi_mult': 1.3411318709124787}. Best is trial 427 with value: 0.2117915759851754.
[I 2026-05-28 23:07:26,343] Trial 465 finished with value: 2.205031371068816 and parameters: {'ISTN': 87.84963754287375, 'I_gpe': 2.728229943122134, 'I_gpi': 1.6160610849086643, 'noise_stn_sigma': 2.3177814942877033, 'noise_gpe_sigma': 64.09752332504173, 'noise_gpi_sigma': 32.6017142079133, 'g_stn_gpe_mult': 1.579139035191595, 'g_gpe_stn_mult': 0.7501118520938843, 'g_stn_gpi_mult': 1.6660070402392089, 'g_gpe_gpi_mult': 1.4189931162661562}. Best is trial 427 with value: 0.2117915759851754.
[I 2026-05-28 23:07:27,351] Trial 466 finished with value: 0.4279014433141207 and parameters: {'ISTN': 89.20984856765558, 'I_gpe': 2.6065085151168343, 'I_gpi': 2.2587551222670417, 'noise_stn_sigma': 2.746058899390769, 'noise_gpe_sigma': 54.65582456959557, 'noise_gpi_sigma': 34.119190904337074, 'g_stn_gpe_mult': 1.5165131894166388, 'g_gpe_stn_mult': 0.8464663136552161, 'g_stn_gpi_mult': 1.6464042203671494, 'g_gpe_gpi_mult': 1.3638773308087164}. Best is trial 427 with value: 0.2117915759851754.
[I 2026-05-28 23:07:28,358] Trial 467 finished with value: 0.5110241940399762 and parameters: {'ISTN': 86.81417368126696, 'I_gpe': 2.684001877726682, 'I_gpi': 1.776250739667585, 'noise_stn_sigma': 2.440177581427127, 'noise_gpe_sigma': 56.42607842635455, 'noise_gpi_sigma': 36.68491473397958, 'g_stn_gpe_mult': 1.5488549318872165, 'g_gpe_stn_mult': 0.7805558369432439, 'g_stn_gpi_mult': 1.5794599719137428, 'g_gpe_gpi_mult': 1.528824991579228}. Best is trial 427 with value: 0.2117915759851754.
[I 2026-05-28 23:07:29,365] Trial 468 finished with value: 0.630643475478591 and parameters: {'ISTN': 88.2169638675619, 'I_gpe': 2.8926370914454993, 'I_gpi': 2.850074022139675, 'noise_stn_sigma': 2.4398480464419787, 'noise_gpe_sigma': 66.7787474554148, 'noise_gpi_sigma': 32.72938909022665, 'g_stn_gpe_mult': 1.655534288739291, 'g_gpe_stn_mult': 0.7963800582150332, 'g_stn_gpi_mult': 1.484802389895391, 'g_gpe_gpi_mult': 1.2920967303468456}. Best is trial 427 with value: 0.2117915759851754.
[I 2026-05-28 23:07:30,373] Trial 469 finished with value: 0.40890296135550125 and parameters: {'ISTN': 84.10613658830286, 'I_gpe': 2.605677941346123, 'I_gpi': 2.0867786713874845, 'noise_stn_sigma': 1.641440006163448, 'noise_gpe_sigma': 54.996074884905, 'noise_gpi_sigma': 24.276223378000175, 'g_stn_gpe_mult': 1.5808513970533886, 'g_gpe_stn_mult': 0.7869145129344657, 'g_stn_gpi_mult': 1.6230179779629532, 'g_gpe_gpi_mult': 1.521381918885006}. Best is trial 427 with value: 0.2117915759851754.
[I 2026-05-28 23:07:31,382] Trial 470 finished with value: 0.21828443607937306 and parameters: {'ISTN': 94.40555804858705, 'I_gpe': 3.0335322208309345, 'I_gpi': 2.31948151725261, 'noise_stn_sigma': 2.348975442780141, 'noise_gpe_sigma': 57.65279046898062, 'noise_gpi_sigma': 32.12865131274566, 'g_stn_gpe_mult': 1.69249429150216, 'g_gpe_stn_mult': 0.7728015928827076, 'g_stn_gpi_mult': 1.6698872618867915, 'g_gpe_gpi_mult': 1.3051659318216764}. Best is trial 427 with value: 0.2117915759851754.
[I 2026-05-28 23:07:32,387] Trial 471 finished with value: 0.9579526008785492 and parameters: {'ISTN': 88.76122767243325, 'I_gpe': 2.7347273816115694, 'I_gpi': 2.138600131885627, 'noise_stn_sigma': 2.326354994668633, 'noise_gpe_sigma': 54.88354668318487, 'noise_gpi_sigma': 31.52501075484049, 'g_stn_gpe_mult': 1.7576693432477806, 'g_gpe_stn_mult': 0.830003227003257, 'g_stn_gpi_mult': 1.6615978019694893, 'g_gpe_gpi_mult': 1.4346653158773146}. Best is trial 427 with value: 0.2117915759851754.
[I 2026-05-28 23:07:33,393] Trial 472 finished with value: 1.1377466252893909 and parameters: {'ISTN': 84.2938396145098, 'I_gpe': 2.2102242206663876, 'I_gpi': 2.1905498830559083, 'noise_stn_sigma': 2.5506988688868564, 'noise_gpe_sigma': 67.68592641372749, 'noise_gpi_sigma': 37.65537309177709, 'g_stn_gpe_mult': 1.733296795396114, 'g_gpe_stn_mult': 0.8585211789050664, 'g_stn_gpi_mult': 1.587951583469692, 'g_gpe_gpi_mult': 1.2014783095020178}. Best is trial 427 with value: 0.2117915759851754.
[I 2026-05-28 23:07:34,400] Trial 473 finished with value: 0.3585221566116206 and parameters: {'ISTN': 88.38499734750269, 'I_gpe': 2.728738362208828, 'I_gpi': 2.0653673532436763, 'noise_stn_sigma': 1.9776428642337947, 'noise_gpe_sigma': 58.21413078723545, 'noise_gpi_sigma': 29.86997281681416, 'g_stn_gpe_mult': 1.5564956369860514, 'g_gpe_stn_mult': 0.7937260940391693, 'g_stn_gpi_mult': 1.640922478309625, 'g_gpe_gpi_mult': 1.2320105806811434}. Best is trial 427 with value: 0.2117915759851754.
[I 2026-05-28 23:07:35,405] Trial 474 finished with value: 0.698088821443636 and parameters: {'ISTN': 86.57997783192438, 'I_gpe': 2.5607016321191667, 'I_gpi': 1.816431210928461, 'noise_stn_sigma': 1.9370463947138516, 'noise_gpe_sigma': 60.63816660843241, 'noise_gpi_sigma': 30.063309361709393, 'g_stn_gpe_mult': 1.6541807333048635, 'g_gpe_stn_mult': 0.85090273916466, 'g_stn_gpi_mult': 1.6351913385616639, 'g_gpe_gpi_mult': 1.3739703076047356}. Best is trial 427 with value: 0.2117915759851754.
[I 2026-05-28 23:07:36,412] Trial 475 finished with value: 0.5628486693427543 and parameters: {'ISTN': 87.83403382923125, 'I_gpe': 2.7929261092251148, 'I_gpi': 1.6367172364746332, 'noise_stn_sigma': 2.4160091949506524, 'noise_gpe_sigma': 52.60199812139056, 'noise_gpi_sigma': 24.062965444712063, 'g_stn_gpe_mult': 1.5574734026144506, 'g_gpe_stn_mult': 0.7667178196983552, 'g_stn_gpi_mult': 1.6109900971432993, 'g_gpe_gpi_mult': 1.3420033726657048}. Best is trial 427 with value: 0.2117915759851754.
[I 2026-05-28 23:07:37,419] Trial 476 finished with value: 1.1457386968156005 and parameters: {'ISTN': 96.59458540134679, 'I_gpe': 2.6968374632422485, 'I_gpi': 2.630748161987392, 'noise_stn_sigma': 2.3127335537399962, 'noise_gpe_sigma': 45.74401272887003, 'noise_gpi_sigma': 36.70908010241979, 'g_stn_gpe_mult': 1.5995660674324137, 'g_gpe_stn_mult': 0.8259584753773748, 'g_stn_gpi_mult': 1.7518634219340434, 'g_gpe_gpi_mult': 1.4969617475915789}. Best is trial 427 with value: 0.2117915759851754.
[I 2026-05-28 23:07:38,426] Trial 477 finished with value: 0.23325868556776994 and parameters: {'ISTN': 98.89285208336855, 'I_gpe': 3.094381509998404, 'I_gpi': 1.9472748363701182, 'noise_stn_sigma': 2.354162301598344, 'noise_gpe_sigma': 53.46137312789384, 'noise_gpi_sigma': 28.795124452027157, 'g_stn_gpe_mult': 1.6195839216725603, 'g_gpe_stn_mult': 0.7878895170303692, 'g_stn_gpi_mult': 1.622838441745048, 'g_gpe_gpi_mult': 1.395838404356444}. Best is trial 427 with value: 0.2117915759851754.
[I 2026-05-28 23:07:39,432] Trial 478 finished with value: 0.3252631923068914 and parameters: {'ISTN': 81.59045526329697, 'I_gpe': 2.8174637474718622, 'I_gpi': 2.219226549193116, 'noise_stn_sigma': 2.8480528812726242, 'noise_gpe_sigma': 48.911670709700175, 'noise_gpi_sigma': 33.47433189660626, 'g_stn_gpe_mult': 1.690867720165106, 'g_gpe_stn_mult': 0.7392277655561623, 'g_stn_gpi_mult': 1.7220546946431727, 'g_gpe_gpi_mult': 1.453537750844042}. Best is trial 427 with value: 0.2117915759851754.
[I 2026-05-28 23:07:40,442] Trial 479 finished with value: 4.873732804797816 and parameters: {'ISTN': 98.39869171015143, 'I_gpe': 2.55802257199646, 'I_gpi': 2.4381627535492516, 'noise_stn_sigma': 2.4778864003064527, 'noise_gpe_sigma': 65.5180496864279, 'noise_gpi_sigma': 40.17832693357415, 'g_stn_gpe_mult': 1.6471331101411675, 'g_gpe_stn_mult': 0.8367623296226208, 'g_stn_gpi_mult': 1.6881695501654734, 'g_gpe_gpi_mult': 1.298240933822567}. Best is trial 427 with value: 0.2117915759851754.
[I 2026-05-28 23:07:41,442] Trial 480 finished with value: 4.267935734984993 and parameters: {'ISTN': 92.28950347854595, 'I_gpe': 3.1322383751834986, 'I_gpi': 1.724763542358866, 'noise_stn_sigma': 2.1894236499349464, 'noise_gpe_sigma': 52.08661655033779, 'noise_gpi_sigma': 29.468134771930313, 'g_stn_gpe_mult': 1.6313355051585339, 'g_gpe_stn_mult': 0.8104951782114911, 'g_stn_gpi_mult': 1.6043879697621717, 'g_gpe_gpi_mult': 1.3858107684424845}. Best is trial 427 with value: 0.2117915759851754.
[I 2026-05-28 23:07:42,454] Trial 481 finished with value: 0.3222001037378945 and parameters: {'ISTN': 87.2156758219621, 'I_gpe': 2.8028204132307413, 'I_gpi': 2.2023668109836887, 'noise_stn_sigma': 2.602797893435088, 'noise_gpe_sigma': 61.21995991281653, 'noise_gpi_sigma': 30.975854313440408, 'g_stn_gpe_mult': 1.6337318760176571, 'g_gpe_stn_mult': 0.7717727851688095, 'g_stn_gpi_mult': 1.5742552854724767, 'g_gpe_gpi_mult': 1.2674709650714213}. Best is trial 427 with value: 0.2117915759851754.
[I 2026-05-28 23:07:43,460] Trial 482 finished with value: 1.0567493828263792 and parameters: {'ISTN': 88.89307126122424, 'I_gpe': 2.730829642952174, 'I_gpi': 1.740034064490323, 'noise_stn_sigma': 2.182581706747003, 'noise_gpe_sigma': 53.46157741130194, 'noise_gpi_sigma': 29.453585462660833, 'g_stn_gpe_mult': 1.5880867622388188, 'g_gpe_stn_mult': 0.8286492629194508, 'g_stn_gpi_mult': 1.667920319268675, 'g_gpe_gpi_mult': 1.4677392903877107}. Best is trial 427 with value: 0.2117915759851754.
[I 2026-05-28 23:07:44,465] Trial 483 finished with value: 0.5443175418201052 and parameters: {'ISTN': 99.22159725994146, 'I_gpe': 2.7728238555311155, 'I_gpi': 1.4607385773842956, 'noise_stn_sigma': 2.483982437682845, 'noise_gpe_sigma': 64.06768149656986, 'noise_gpi_sigma': 28.395401125644952, 'g_stn_gpe_mult': 1.5518634143823062, 'g_gpe_stn_mult': 0.862701028342214, 'g_stn_gpi_mult': 1.6358675227719441, 'g_gpe_gpi_mult': 1.3204100015491527}. Best is trial 427 with value: 0.2117915759851754.
