[I 2026-05-28 22:47:43,367] Trial 308 finished with value: 0.5017134834754137 and parameters: {'ISTN': 182.11687656009246, 'I_gpe': 2.3431974137787073, 'I_gpi': 2.2065179943364868, 'noise_stn_sigma': 2.708777591491432, 'noise_gpe_sigma': 37.22228017447276, 'noise_gpi_sigma': 57.57779021045589, 'g_stn_gpe_mult': 1.4192613578247735, 'g_gpe_stn_mult': 1.6005016932922795, 'g_stn_gpi_mult': 1.6321755385094214, 'g_gpe_gpi_mult': 1.5203792487030796}. Best is trial 308 with value: 0.5017134834754137.
[I 2026-05-28 22:47:44,366] Trial 309 finished with value: 105.20495218142193 and parameters: {'ISTN': 164.13834881430847, 'I_gpe': 2.5018569799315413, 'I_gpi': 2.330143728372804, 'noise_stn_sigma': 2.416636762431026, 'noise_gpe_sigma': 36.84219546659345, 'noise_gpi_sigma': 47.98072234838395, 'g_stn_gpe_mult': 1.4083450682758147, 'g_gpe_stn_mult': 1.5583127443442124, 'g_stn_gpi_mult': 1.3690053234166693, 'g_gpe_gpi_mult': 1.3420307215224758}. Best is trial 308 with value: 0.5017134834754137.
[I 2026-05-28 22:47:45,368] Trial 310 finished with value: 1.3937711464262186 and parameters: {'ISTN': 155.48165342275433, 'I_gpe': 2.142841683665594, 'I_gpi': 3.1350270156172186, 'noise_stn_sigma': 2.205268775424228, 'noise_gpe_sigma': 28.024883743424812, 'noise_gpi_sigma': 59.71040710955436, 'g_stn_gpe_mult': 1.4746269800370768, 'g_gpe_stn_mult': 1.5193988341235385, 'g_stn_gpi_mult': 1.4795107990731682, 'g_gpe_gpi_mult': 1.5432939952496583}. Best is trial 308 with value: 0.5017134834754137.
[I 2026-05-28 22:47:46,372] Trial 311 finished with value: 16.1913164271076 and parameters: {'ISTN': 177.3472175726156, 'I_gpe': 2.1798513018837076, 'I_gpi': 2.518717919538305, 'noise_stn_sigma': 2.260995282722809, 'noise_gpe_sigma': 41.01625250439406, 'noise_gpi_sigma': 58.3184902515183, 'g_stn_gpe_mult': 1.4693408100108387, 'g_gpe_stn_mult': 1.533613466575332, 'g_stn_gpi_mult': 1.5035801118154875, 'g_gpe_gpi_mult': 1.4642591303456265}. Best is trial 308 with value: 0.5017134834754137.
[I 2026-05-28 22:47:47,376] Trial 312 finished with value: 7.172477402023928 and parameters: {'ISTN': 171.7870097915847, 'I_gpe': 2.4552914494757103, 'I_gpi': 2.3109232709418457, 'noise_stn_sigma': 2.556316801247965, 'noise_gpe_sigma': 43.48614189447302, 'noise_gpi_sigma': 61.484158430172016, 'g_stn_gpe_mult': 1.4746607360018371, 'g_gpe_stn_mult': 1.400002899174376, 'g_stn_gpi_mult': 1.5879134104631285, 'g_gpe_gpi_mult': 1.2325280431195103}. Best is trial 308 with value: 0.5017134834754137.
[I 2026-05-28 22:47:48,373] Trial 313 finished with value: 4.5012892676603 and parameters: {'ISTN': 180.3665187732365, 'I_gpe': 2.4653729591651103, 'I_gpi': 1.7941379017815327, 'noise_stn_sigma': 2.208667866197585, 'noise_gpe_sigma': 31.799854331471114, 'noise_gpi_sigma': 52.091628435479464, 'g_stn_gpe_mult': 1.425864075068434, 'g_gpe_stn_mult': 1.6223303556250053, 'g_stn_gpi_mult': 1.6425779514718875, 'g_gpe_gpi_mult': 1.4853761188946588}. Best is trial 308 with value: 0.5017134834754137.
[I 2026-05-28 22:47:49,369] Trial 314 finished with value: 4.6081062468820315 and parameters: {'ISTN': 176.03311673313652, 'I_gpe': 2.648575649714936, 'I_gpi': 4.044775889781244, 'noise_stn_sigma': 2.174326450693783, 'noise_gpe_sigma': 42.06998344721805, 'noise_gpi_sigma': 55.46794828454359, 'g_stn_gpe_mult': 1.4145802426852057, 'g_gpe_stn_mult': 1.5170780244923907, 'g_stn_gpi_mult': 1.6348851680363539, 'g_gpe_gpi_mult': 1.51905331229597}. Best is trial 308 with value: 0.5017134834754137.
[I 2026-05-28 22:47:50,369] Trial 315 finished with value: 4.117916926258074 and parameters: {'ISTN': 187.98989256135653, 'I_gpe': 2.704579647736862, 'I_gpi': 2.1103007393745825, 'noise_stn_sigma': 2.7965622508222006, 'noise_gpe_sigma': 37.526582776872964, 'noise_gpi_sigma': 59.896731421022, 'g_stn_gpe_mult': 1.4613300783126664, 'g_gpe_stn_mult': 1.5662395909498692, 'g_stn_gpi_mult': 1.648306696941178, 'g_gpe_gpi_mult': 1.4299197380258888}. Best is trial 308 with value: 0.5017134834754137.
[I 2026-05-28 22:47:51,374] Trial 316 finished with value: 15.813589890009329 and parameters: {'ISTN': 172.92056928319235, 'I_gpe': 1.9950062202940948, 'I_gpi': 2.0897449603557154, 'noise_stn_sigma': 1.8324542205373013, 'noise_gpe_sigma': 30.600848254296853, 'noise_gpi_sigma': 37.76013502496056, 'g_stn_gpe_mult': 1.4187285225399382, 'g_gpe_stn_mult': 1.5728602306621609, 'g_stn_gpi_mult': 1.5227652284069464, 'g_gpe_gpi_mult': 1.797745034421737}. Best is trial 308 with value: 0.5017134834754137.
[I 2026-05-28 22:47:52,375] Trial 317 finished with value: 3.559269039711101 and parameters: {'ISTN': 161.59668597269535, 'I_gpe': 2.150206471560927, 'I_gpi': 3.3539219638934465, 'noise_stn_sigma': 2.1970140263691587, 'noise_gpe_sigma': 31.52743651747889, 'noise_gpi_sigma': 64.24179405715817, 'g_stn_gpe_mult': 1.4357008703766692, 'g_gpe_stn_mult': 1.6277620624818923, 'g_stn_gpi_mult': 1.587657789560382, 'g_gpe_gpi_mult': 1.4965982759666119}. Best is trial 308 with value: 0.5017134834754137.
[I 2026-05-28 22:47:53,377] Trial 318 finished with value: 0.7655644189000761 and parameters: {'ISTN': 174.60159216793645, 'I_gpe': 2.0333605428352794, 'I_gpi': 1.7102427375103182, 'noise_stn_sigma': 2.1146327212182587, 'noise_gpe_sigma': 32.828342365052414, 'noise_gpi_sigma': 52.218390697116426, 'g_stn_gpe_mult': 1.4610679927191221, 'g_gpe_stn_mult': 1.717555589326111, 'g_stn_gpi_mult': 1.6921112548424875, 'g_gpe_gpi_mult': 1.3702213594799977}. Best is trial 308 with value: 0.5017134834754137.
[I 2026-05-28 22:47:54,375] Trial 319 finished with value: 3.336266084003781 and parameters: {'ISTN': 175.19031725184715, 'I_gpe': 2.314034509247148, 'I_gpi': 1.8985379448224207, 'noise_stn_sigma': 2.8211742928043133, 'noise_gpe_sigma': 44.34014993985041, 'noise_gpi_sigma': 61.1789471665223, 'g_stn_gpe_mult': 1.4296969474006724, 'g_gpe_stn_mult': 1.6629429502270339, 'g_stn_gpi_mult': 1.6565654123115967, 'g_gpe_gpi_mult': 1.2648317656343964}. Best is trial 308 with value: 0.5017134834754137.
[I 2026-05-28 22:47:55,376] Trial 320 finished with value: 105.47666861979373 and parameters: {'ISTN': 194.76881450408365, 'I_gpe': 2.8875652211883596, 'I_gpi': 1.8234339982442758, 'noise_stn_sigma': 2.238696595956757, 'noise_gpe_sigma': 45.10333569041219, 'noise_gpi_sigma': 57.213869126125175, 'g_stn_gpe_mult': 1.2819327994488727, 'g_gpe_stn_mult': 1.6520987991653104, 'g_stn_gpi_mult': 1.6167440472314485, 'g_gpe_gpi_mult': 1.591141157524564}. Best is trial 308 with value: 0.5017134834754137.
[I 2026-05-28 22:47:56,382] Trial 321 finished with value: 1.020159962594604 and parameters: {'ISTN': 166.42034064433608, 'I_gpe': 1.8663942552398607, 'I_gpi': 1.7165622680234887, 'noise_stn_sigma': 2.829237497153174, 'noise_gpe_sigma': 45.3989815744547, 'noise_gpi_sigma': 47.38656271141813, 'g_stn_gpe_mult': 1.5979050212614516, 'g_gpe_stn_mult': 1.735269133551527, 'g_stn_gpi_mult': 1.7542206839031462, 'g_gpe_gpi_mult': 1.2727435881783422}. Best is trial 308 with value: 0.5017134834754137.
[I 2026-05-28 22:47:57,381] Trial 322 finished with value: 5.196345381138056 and parameters: {'ISTN': 158.74941908333633, 'I_gpe': 2.1504169077933972, 'I_gpi': 1.6316002473070612, 'noise_stn_sigma': 2.3945455775199056, 'noise_gpe_sigma': 32.60765910390707, 'noise_gpi_sigma': 48.08263968032753, 'g_stn_gpe_mult': 1.5938714961785019, 'g_gpe_stn_mult': 1.6859157931021154, 'g_stn_gpi_mult': 1.7146075769115892, 'g_gpe_gpi_mult': 1.3684858653315768}. Best is trial 308 with value: 0.5017134834754137.
[I 2026-05-28 22:47:58,385] Trial 323 finished with value: 2.1802223880973153 and parameters: {'ISTN': 166.86185374240512, 'I_gpe': 1.6607681769487446, 'I_gpi': 1.6445797654878864, 'noise_stn_sigma': 2.273862539069147, 'noise_gpe_sigma': 42.20035351820031, 'noise_gpi_sigma': 56.709042929228595, 'g_stn_gpe_mult': 1.4227650874496145, 'g_gpe_stn_mult': 1.8261059720728152, 'g_stn_gpi_mult': 1.722434512922269, 'g_gpe_gpi_mult': 1.2346752330697401}. Best is trial 308 with value: 0.5017134834754137.
[I 2026-05-28 22:47:59,386] Trial 324 finished with value: 2.174122622773601 and parameters: {'ISTN': 180.89849621371113, 'I_gpe': 2.1546447864628284, 'I_gpi': 1.7095878196729588, 'noise_stn_sigma': 2.2156059835865145, 'noise_gpe_sigma': 33.20863883712433, 'noise_gpi_sigma': 61.06225864463376, 'g_stn_gpe_mult': 1.576207359827856, 'g_gpe_stn_mult': 1.7610436993554854, 'g_stn_gpi_mult': 1.5980619546448016, 'g_gpe_gpi_mult': 1.3534176970623997}. Best is trial 308 with value: 0.5017134834754137.
[I 2026-05-28 22:48:00,390] Trial 325 finished with value: 1.7647400363016617 and parameters: {'ISTN': 176.54424219506723, 'I_gpe': 2.011224264902015, 'I_gpi': 1.9915796011841194, 'noise_stn_sigma': 2.588255436763421, 'noise_gpe_sigma': 36.79232449615892, 'noise_gpi_sigma': 64.07510529561041, 'g_stn_gpe_mult': 1.40560748314188, 'g_gpe_stn_mult': 1.695117379805543, 'g_stn_gpi_mult': 1.6564494987812786, 'g_gpe_gpi_mult': 1.3777071713512412}. Best is trial 308 with value: 0.5017134834754137.
[I 2026-05-28 22:48:01,390] Trial 326 finished with value: 2.8635635306241736 and parameters: {'ISTN': 178.75963334736463, 'I_gpe': 2.386949601113429, 'I_gpi': 1.458568648761645, 'noise_stn_sigma': 2.337608729830968, 'noise_gpe_sigma': 41.58148252016139, 'noise_gpi_sigma': 59.24936759656826, 'g_stn_gpe_mult': 1.1489123462760906, 'g_gpe_stn_mult': 1.6460135584001014, 'g_stn_gpi_mult': 1.6710620993319227, 'g_gpe_gpi_mult': 1.3049964232071483}. Best is trial 308 with value: 0.5017134834754137.
[I 2026-05-28 22:48:02,391] Trial 327 finished with value: 1.2491205783830392 and parameters: {'ISTN': 166.9668540951679, 'I_gpe': 1.9611875116570667, 'I_gpi': 3.2740489077673676, 'noise_stn_sigma': 2.2897491022616836, 'noise_gpe_sigma': 44.68185490638681, 'noise_gpi_sigma': 65.06241795589787, 'g_stn_gpe_mult': 1.5229613441823402, 'g_gpe_stn_mult': 1.691948895474162, 'g_stn_gpi_mult': 1.7654012643765808, 'g_gpe_gpi_mult': 1.3174327416634697}. Best is trial 308 with value: 0.5017134834754137.
[I 2026-05-28 22:48:03,389] Trial 328 finished with value: 4.020370469583835 and parameters: {'ISTN': 178.15282338535275, 'I_gpe': 2.502381828510459, 'I_gpi': 1.943184452288172, 'noise_stn_sigma': 2.6542326294383205, 'noise_gpe_sigma': 37.258615364130904, 'noise_gpi_sigma': 57.86827577370216, 'g_stn_gpe_mult': 1.5104416221778787, 'g_gpe_stn_mult': 1.6158586586625545, 'g_stn_gpi_mult': 1.5749664791125564, 'g_gpe_gpi_mult': 1.4588735217643571}. Best is trial 308 with value: 0.5017134834754137.
[I 2026-05-28 22:48:04,391] Trial 329 finished with value: 0.867227775327743 and parameters: {'ISTN': 178.19402551768525, 'I_gpe': 2.0907005327556156, 'I_gpi': 2.2638524361475727, 'noise_stn_sigma': 2.2821064095127674, 'noise_gpe_sigma': 39.89106874388537, 'noise_gpi_sigma': 63.11067748441359, 'g_stn_gpe_mult': 1.4630293647359096, 'g_gpe_stn_mult': 1.743769590444778, 'g_stn_gpi_mult': 1.763711965624702, 'g_gpe_gpi_mult': 1.4347234424965274}. Best is trial 308 with value: 0.5017134834754137.
[I 2026-05-28 22:48:05,392] Trial 330 finished with value: 1.527365409716745 and parameters: {'ISTN': 179.2661918825948, 'I_gpe': 2.1532653125718424, 'I_gpi': 1.778052383126699, 'noise_stn_sigma': 2.586200684244768, 'noise_gpe_sigma': 32.549367898961435, 'noise_gpi_sigma': 48.516318597965785, 'g_stn_gpe_mult': 1.5613256766272914, 'g_gpe_stn_mult': 1.7339613815847452, 'g_stn_gpi_mult': 1.6426451075766253, 'g_gpe_gpi_mult': 1.2739195625833062}. Best is trial 308 with value: 0.5017134834754137.
[I 2026-05-28 22:48:06,397] Trial 331 finished with value: 7.714980339706316 and parameters: {'ISTN': 156.92027641378712, 'I_gpe': 1.8081150179715344, 'I_gpi': 2.110282574768678, 'noise_stn_sigma': 2.25474456960286, 'noise_gpe_sigma': 35.03313003451774, 'noise_gpi_sigma': 58.7433313876961, 'g_stn_gpe_mult': 1.451023522419321, 'g_gpe_stn_mult': 1.5833111671115652, 'g_stn_gpi_mult': 1.6781972718451148, 'g_gpe_gpi_mult': 1.4556054234788531}. Best is trial 308 with value: 0.5017134834754137.
[I 2026-05-28 22:48:07,398] Trial 332 finished with value: 0.7075985183081372 and parameters: {'ISTN': 169.87916549895522, 'I_gpe': 1.9191656947283597, 'I_gpi': 1.999726673220969, 'noise_stn_sigma': 2.089636021767201, 'noise_gpe_sigma': 36.965671911978674, 'noise_gpi_sigma': 60.90240689964298, 'g_stn_gpe_mult': 1.2817639457342564, 'g_gpe_stn_mult': 1.7346590741859906, 'g_stn_gpi_mult': 1.722923482220633, 'g_gpe_gpi_mult': 1.694541172142539}. Best is trial 308 with value: 0.5017134834754137.
[I 2026-05-28 22:48:08,403] Trial 333 finished with value: 46.83246627830702 and parameters: {'ISTN': 173.84827732113624, 'I_gpe': 1.4650489922761123, 'I_gpi': 2.374300624833943, 'noise_stn_sigma': 2.514666863250397, 'noise_gpe_sigma': 41.863528354897156, 'noise_gpi_sigma': 54.720120375106546, 'g_stn_gpe_mult': 1.6116095010996798, 'g_gpe_stn_mult': 1.7429392782397328, 'g_stn_gpi_mult': 1.4956972526450905, 'g_gpe_gpi_mult': 1.311189106926006}. Best is trial 308 with value: 0.5017134834754137.
[I 2026-05-28 22:48:09,404] Trial 334 finished with value: 0.8341260480475662 and parameters: {'ISTN': 167.56156483512015, 'I_gpe': 1.9625623106291734, 'I_gpi': 2.6733941808028767, 'noise_stn_sigma': 2.888191573311928, 'noise_gpe_sigma': 35.87146988546573, 'noise_gpi_sigma': 59.8305944134779, 'g_stn_gpe_mult': 1.6245321264537704, 'g_gpe_stn_mult': 1.701075667903921, 'g_stn_gpi_mult': 1.725139066099558, 'g_gpe_gpi_mult': 1.1571793746116739}. Best is trial 308 with value: 0.5017134834754137.
[I 2026-05-28 22:48:10,405] Trial 335 finished with value: 0.9013287882489232 and parameters: {'ISTN': 192.24012572724345, 'I_gpe': 1.970054563855936, 'I_gpi': 1.5426308581327883, 'noise_stn_sigma': 2.3272652823513953, 'noise_gpe_sigma': 29.074950391161558, 'noise_gpi_sigma': 59.83981726317136, 'g_stn_gpe_mult': 1.6585165228885574, 'g_gpe_stn_mult': 1.9069440580555357, 'g_stn_gpi_mult': 1.697971087794938, 'g_gpe_gpi_mult': 1.0945966632360835}. Best is trial 308 with value: 0.5017134834754137.
[I 2026-05-28 22:48:11,409] Trial 336 finished with value: 12.314388883805792 and parameters: {'ISTN': 174.73291554573717, 'I_gpe': 1.7384150582291449, 'I_gpi': 1.6219502930239407, 'noise_stn_sigma': 2.976620846359494, 'noise_gpe_sigma': 43.545825291063785, 'noise_gpi_sigma': 67.36255574283928, 'g_stn_gpe_mult': 1.475423263166478, 'g_gpe_stn_mult': 1.762845980526896, 'g_stn_gpi_mult': 1.7755637808668563, 'g_gpe_gpi_mult': 1.1640070205355615}. Best is trial 308 with value: 0.5017134834754137.
[I 2026-05-28 22:48:12,408] Trial 337 finished with value: 4.0457547770549445 and parameters: {'ISTN': 173.54088982622287, 'I_gpe': 1.9839380837413738, 'I_gpi': 2.3919087796265073, 'noise_stn_sigma': 2.171402504256095, 'noise_gpe_sigma': 44.6482304021418, 'noise_gpi_sigma': 54.833284393534775, 'g_stn_gpe_mult': 1.6526360241291256, 'g_gpe_stn_mult': 1.8981408861949918, 'g_stn_gpi_mult': 1.6192855485633655, 'g_gpe_gpi_mult': 1.3886741814063939}. Best is trial 308 with value: 0.5017134834754137.
[I 2026-05-28 22:48:13,413] Trial 338 finished with value: 19.13625533512465 and parameters: {'ISTN': 168.30456512995357, 'I_gpe': 1.708075772436132, 'I_gpi': 2.05210706597913, 'noise_stn_sigma': 2.670175426870302, 'noise_gpe_sigma': 35.90852127382159, 'noise_gpi_sigma': 50.49566804067842, 'g_stn_gpe_mult': 1.6382675099816346, 'g_gpe_stn_mult': 1.686943247827538, 'g_stn_gpi_mult': 1.784867968043607, 'g_gpe_gpi_mult': 1.3297535474566762}. Best is trial 308 with value: 0.5017134834754137.
[I 2026-05-28 22:48:14,413] Trial 339 finished with value: 3.864501221850777 and parameters: {'ISTN': 175.47194738345436, 'I_gpe': 2.235553193241974, 'I_gpi': 2.5100554855780395, 'noise_stn_sigma': 2.702586897803061, 'noise_gpe_sigma': 41.05972885918588, 'noise_gpi_sigma': 48.52792135494798, 'g_stn_gpe_mult': 1.3937796174246109, 'g_gpe_stn_mult': 1.7036434304295023, 'g_stn_gpi_mult': 1.8647376830859057, 'g_gpe_gpi_mult': 1.2978187022592538}. Best is trial 308 with value: 0.5017134834754137.
[I 2026-05-28 22:48:15,412] Trial 340 finished with value: 2.8221827843375564 and parameters: {'ISTN': 182.1588270255965, 'I_gpe': 2.204876955240042, 'I_gpi': 2.001488160529758, 'noise_stn_sigma': 2.6820128916728962, 'noise_gpe_sigma': 44.80484757305296, 'noise_gpi_sigma': 60.116936257683356, 'g_stn_gpe_mult': 1.5970806045743728, 'g_gpe_stn_mult': 1.769218427454384, 'g_stn_gpi_mult': 1.8702728528045447, 'g_gpe_gpi_mult': 1.2832105755556564}. Best is trial 308 with value: 0.5017134834754137.
[I 2026-05-28 22:48:16,414] Trial 341 finished with value: 1.0498714253979642 and parameters: {'ISTN': 175.07775319101285, 'I_gpe': 2.2257718503679884, 'I_gpi': 2.593336582877644, 'noise_stn_sigma': 2.3426041299618943, 'noise_gpe_sigma': 40.25725837181671, 'noise_gpi_sigma': 60.271972983278275, 'g_stn_gpe_mult': 1.349913542974192, 'g_gpe_stn_mult': 1.5861752045697068, 'g_stn_gpi_mult': 1.6719123865416443, 'g_gpe_gpi_mult': 1.528506985808398}. Best is trial 308 with value: 0.5017134834754137.
[I 2026-05-28 22:48:17,415] Trial 342 finished with value: 2.5233926090678738 and parameters: {'ISTN': 184.23555555349805, 'I_gpe': 1.937623408706688, 'I_gpi': 2.2766275166476992, 'noise_stn_sigma': 1.6080045816068929, 'noise_gpe_sigma': 37.58971831977525, 'noise_gpi_sigma': 67.36109982671218, 'g_stn_gpe_mult': 1.4693243365499258, 'g_gpe_stn_mult': 1.771468130010287, 'g_stn_gpi_mult': 1.7015033712173127, 'g_gpe_gpi_mult': 1.3748186950208312}. Best is trial 308 with value: 0.5017134834754137.
[I 2026-05-28 22:48:18,412] Trial 343 finished with value: 4.010897072238354 and parameters: {'ISTN': 155.61796932527596, 'I_gpe': 1.9530304376742058, 'I_gpi': 2.1641069067164187, 'noise_stn_sigma': 2.5158253012963625, 'noise_gpe_sigma': 29.42478332047296, 'noise_gpi_sigma': 57.9740429887322, 'g_stn_gpe_mult': 1.3589258882966728, 'g_gpe_stn_mult': 1.7053243129734326, 'g_stn_gpi_mult': 1.806531598554515, 'g_gpe_gpi_mult': 1.4415022695620237}. Best is trial 308 with value: 0.5017134834754137.
[I 2026-05-28 22:48:19,416] Trial 344 finished with value: 2.295482852683425 and parameters: {'ISTN': 161.74415741903033, 'I_gpe': 1.9612919044783057, 'I_gpi': 1.6514189062209115, 'noise_stn_sigma': 2.2521571504162727, 'noise_gpe_sigma': 37.56370156713102, 'noise_gpi_sigma': 59.28434817480552, 'g_stn_gpe_mult': 1.3927168372505576, 'g_gpe_stn_mult': 1.584966362823613, 'g_stn_gpi_mult': 1.691469615857991, 'g_gpe_gpi_mult': 1.52430989684478}. Best is trial 308 with value: 0.5017134834754137.
[I 2026-05-28 22:48:20,417] Trial 345 finished with value: 3.13582146647904 and parameters: {'ISTN': 184.8206315650183, 'I_gpe': 2.1636117545787683, 'I_gpi': 2.401633044390034, 'noise_stn_sigma': 2.139437760819596, 'noise_gpe_sigma': 37.49256444025027, 'noise_gpi_sigma': 64.94828023320994, 'g_stn_gpe_mult': 1.5074699257646, 'g_gpe_stn_mult': 1.6647054067719296, 'g_stn_gpi_mult': 1.7066079304432245, 'g_gpe_gpi_mult': 1.2938898637062832}. Best is trial 308 with value: 0.5017134834754137.
[I 2026-05-28 22:48:21,415] Trial 346 finished with value: 4.009924911788914 and parameters: {'ISTN': 197.0940490536379, 'I_gpe': 2.488539418796565, 'I_gpi': 1.573209915802036, 'noise_stn_sigma': 1.9366766071285753, 'noise_gpe_sigma': 28.949920950082074, 'noise_gpi_sigma': 67.06234500304595, 'g_stn_gpe_mult': 1.390056079129591, 'g_gpe_stn_mult': 1.72756656549562, 'g_stn_gpi_mult': 1.8353813555241283, 'g_gpe_gpi_mult': 1.4844458019054063}. Best is trial 308 with value: 0.5017134834754137.
[I 2026-05-28 22:48:22,413] Trial 347 finished with value: 3.8400626651674186 and parameters: {'ISTN': 186.72344704107513, 'I_gpe': 2.3094842664024195, 'I_gpi': 2.0587908310072787, 'noise_stn_sigma': 2.132527593118305, 'noise_gpe_sigma': 41.91608432762234, 'noise_gpi_sigma': 53.50014874290275, 'g_stn_gpe_mult': 1.4344285650729445, 'g_gpe_stn_mult': 1.8066409284113987, 'g_stn_gpi_mult': 1.6070139129294883, 'g_gpe_gpi_mult': 1.366367426227387}. Best is trial 308 with value: 0.5017134834754137.
[I 2026-05-28 22:48:23,414] Trial 348 finished with value: 105.15305194623389 and parameters: {'ISTN': 170.49267030619444, 'I_gpe': 2.2473308057685113, 'I_gpi': 2.3656039546366188, 'noise_stn_sigma': 2.0329807738677523, 'noise_gpe_sigma': 30.25676764611364, 'noise_gpi_sigma': 60.90201581506523, 'g_stn_gpe_mult': 1.4748283424051807, 'g_gpe_stn_mult': 1.726971539606138, 'g_stn_gpi_mult': 1.772922010586908, 'g_gpe_gpi_mult': 1.378208735844891}. Best is trial 308 with value: 0.5017134834754137.
[I 2026-05-28 22:48:24,416] Trial 349 finished with value: 1.2304230364439404 and parameters: {'ISTN': 182.3652288529476, 'I_gpe': 2.101288963215155, 'I_gpi': 2.0622861662717598, 'noise_stn_sigma': 2.4246946559805167, 'noise_gpe_sigma': 40.379398074839585, 'noise_gpi_sigma': 50.06308990407589, 'g_stn_gpe_mult': 1.5981572154620602, 'g_gpe_stn_mult': 1.7844908162939634, 'g_stn_gpi_mult': 1.6743038713230405, 'g_gpe_gpi_mult': 1.3370431654837902}. Best is trial 308 with value: 0.5017134834754137.
[I 2026-05-28 22:48:25,420] Trial 350 finished with value: 6.011303957225314 and parameters: {'ISTN': 160.51462343500643, 'I_gpe': 1.8107018245717534, 'I_gpi': 2.2872478522074786, 'noise_stn_sigma': 2.9489320541499584, 'noise_gpe_sigma': 50.392727806278494, 'noise_gpi_sigma': 62.44571276408079, 'g_stn_gpe_mult': 1.303525006067482, 'g_gpe_stn_mult': 1.6573109684433085, 'g_stn_gpi_mult': 1.9390751221848253, 'g_gpe_gpi_mult': 1.5723869078876145}. Best is trial 308 with value: 0.5017134834754137.
[I 2026-05-28 22:48:26,422] Trial 351 finished with value: 0.757579693166109 and parameters: {'ISTN': 170.17525726117475, 'I_gpe': 2.1275802462002806, 'I_gpi': 2.0859639434903414, 'noise_stn_sigma': 2.427544205616369, 'noise_gpe_sigma': 40.17081609557022, 'noise_gpi_sigma': 60.82071655246714, 'g_stn_gpe_mult': 1.4647783703127435, 'g_gpe_stn_mult': 1.6469598697463947, 'g_stn_gpi_mult': 1.6312793055841994, 'g_gpe_gpi_mult': 1.441016139675007}. Best is trial 308 with value: 0.5017134834754137.
