[I 2026-05-28 22:30:36,277] Trial 308 finished with value: 0.25413308990423583 and parameters: {'ISTN': 132.006497245131, 'I_gpe': 3.4931860176221026, 'I_gpi': 2.336040759845071, 'noise_stn_sigma': 1.7093322715743282, 'noise_gpe_sigma': 96.57258701209535, 'noise_gpi_sigma': 58.97944083547624, 'g_stn_gpe_mult': 1.3064456985794224, 'g_gpe_stn_mult': 0.9278776582289474, 'g_stn_gpi_mult': 1.4914015854950213, 'g_gpe_gpi_mult': 1.1601711310337874}. Best is trial 308 with value: 0.25413308990423583.
[I 2026-05-28 22:30:37,284] Trial 309 finished with value: 4.112119966498902 and parameters: {'ISTN': 94.40299704809632, 'I_gpe': 4.188112978188663, 'I_gpi': 3.983188339054455, 'noise_stn_sigma': 2.1526489496738996, 'noise_gpe_sigma': 71.35638939975922, 'noise_gpi_sigma': 54.80159353640188, 'g_stn_gpe_mult': 1.383229380056179, 'g_gpe_stn_mult': 0.5638031815864708, 'g_stn_gpi_mult': 1.5202614015749227, 'g_gpe_gpi_mult': 1.1822630080317307}. Best is trial 308 with value: 0.25413308990423583.
[I 2026-05-28 22:30:38,293] Trial 310 finished with value: 1.3089831090777895 and parameters: {'ISTN': 106.85855668800528, 'I_gpe': 3.0794389397642736, 'I_gpi': 2.860538086773294, 'noise_stn_sigma': 1.647629612922524, 'noise_gpe_sigma': 91.82107259910777, 'noise_gpi_sigma': 61.446422604602716, 'g_stn_gpe_mult': 1.3139953191639213, 'g_gpe_stn_mult': 0.8360135301893932, 'g_stn_gpi_mult': 1.4811163972911283, 'g_gpe_gpi_mult': 0.9096501075929313}. Best is trial 308 with value: 0.25413308990423583.
[I 2026-05-28 22:30:39,296] Trial 311 finished with value: 4.344517361329639 and parameters: {'ISTN': 85.03263989895068, 'I_gpe': 2.332918552206219, 'I_gpi': 3.4496781207025182, 'noise_stn_sigma': 1.4413732415826082, 'noise_gpe_sigma': 73.7481226153039, 'noise_gpi_sigma': 44.95932194273348, 'g_stn_gpe_mult': 1.6744345273682624, 'g_gpe_stn_mult': 0.9783275261327481, 'g_stn_gpi_mult': 1.3535388449273338, 'g_gpe_gpi_mult': 1.2973042004861235}. Best is trial 308 with value: 0.25413308990423583.
[I 2026-05-28 22:30:40,301] Trial 312 finished with value: 105.35552765054416 and parameters: {'ISTN': 103.25574879801863, 'I_gpe': 2.946690733888267, 'I_gpi': 1.3934708449309932, 'noise_stn_sigma': 1.7366319026567434, 'noise_gpe_sigma': 93.09319208779705, 'noise_gpi_sigma': 64.08321181829896, 'g_stn_gpe_mult': 1.5787987348889092, 'g_gpe_stn_mult': 1.044540743933986, 'g_stn_gpi_mult': 1.458378356802957, 'g_gpe_gpi_mult': 1.1207170138730305}. Best is trial 308 with value: 0.25413308990423583.
[I 2026-05-28 22:30:41,310] Trial 313 finished with value: 5.760408325071708 and parameters: {'ISTN': 131.9668574122868, 'I_gpe': 3.3519383946666688, 'I_gpi': 2.754175627642285, 'noise_stn_sigma': 2.179105695246462, 'noise_gpe_sigma': 95.83874944927926, 'noise_gpi_sigma': 50.995699619625206, 'g_stn_gpe_mult': 1.4020111882510564, 'g_gpe_stn_mult': 0.9141987397319378, 'g_stn_gpi_mult': 1.348316039455127, 'g_gpe_gpi_mult': 0.8511635151839108}. Best is trial 308 with value: 0.25413308990423583.
[I 2026-05-28 22:30:42,315] Trial 314 finished with value: 2.177050560364382 and parameters: {'ISTN': 129.16670407614222, 'I_gpe': 3.9509258817532356, 'I_gpi': 2.085115066197897, 'noise_stn_sigma': 1.45043403574364, 'noise_gpe_sigma': 97.64717005396948, 'noise_gpi_sigma': 69.27540786833951, 'g_stn_gpe_mult': 1.5668370789654003, 'g_gpe_stn_mult': 0.863052609156479, 'g_stn_gpi_mult': 1.3473955911683233, 'g_gpe_gpi_mult': 0.6775117033438545}. Best is trial 308 with value: 0.25413308990423583.
[I 2026-05-28 22:30:43,322] Trial 315 finished with value: 1.2882057013359147 and parameters: {'ISTN': 110.73998947038328, 'I_gpe': 4.833527399402601, 'I_gpi': 2.3911117434498212, 'noise_stn_sigma': 1.0073309650790057, 'noise_gpe_sigma': 98.14274761659824, 'noise_gpi_sigma': 70.02578566945294, 'g_stn_gpe_mult': 1.526953787219004, 'g_gpe_stn_mult': 0.6091584660518254, 'g_stn_gpi_mult': 1.9604199930417758, 'g_gpe_gpi_mult': 0.8736552030712073}. Best is trial 308 with value: 0.25413308990423583.
[I 2026-05-28 22:30:44,322] Trial 316 finished with value: 106.01082696744461 and parameters: {'ISTN': 120.10545871862263, 'I_gpe': 5.071104250902591, 'I_gpi': 1.5762924332696757, 'noise_stn_sigma': 0.9845105281256903, 'noise_gpe_sigma': 97.79482975597168, 'noise_gpi_sigma': 50.101878843826434, 'g_stn_gpe_mult': 1.0062474415462748, 'g_gpe_stn_mult': 0.7325394554641325, 'g_stn_gpi_mult': 1.6922667515250331, 'g_gpe_gpi_mult': 0.9988856866122944}. Best is trial 308 with value: 0.25413308990423583.
[I 2026-05-28 22:30:45,332] Trial 317 finished with value: 3.890194474486127 and parameters: {'ISTN': 102.45523243490115, 'I_gpe': 3.5862245785972933, 'I_gpi': 2.4312256680229853, 'noise_stn_sigma': 1.560989183934139, 'noise_gpe_sigma': 85.92912982520514, 'noise_gpi_sigma': 61.20862583759753, 'g_stn_gpe_mult': 1.4482479567482633, 'g_gpe_stn_mult': 0.6892245093027495, 'g_stn_gpi_mult': 1.7188370208992665, 'g_gpe_gpi_mult': 1.1847539240273925}. Best is trial 308 with value: 0.25413308990423583.
[I 2026-05-28 22:30:46,337] Trial 318 finished with value: 32.138419090214526 and parameters: {'ISTN': 113.80693151607363, 'I_gpe': 4.414632647749491, 'I_gpi': 2.9236190266359374, 'noise_stn_sigma': 2.31176428505729, 'noise_gpe_sigma': 94.66185962842162, 'noise_gpi_sigma': 81.87072736560637, 'g_stn_gpe_mult': 1.4129398760799654, 'g_gpe_stn_mult': 0.5322526561646019, 'g_stn_gpi_mult': 1.7490544097832, 'g_gpe_gpi_mult': 0.8699330320921831}. Best is trial 308 with value: 0.25413308990423583.
[I 2026-05-28 22:30:47,347] Trial 319 finished with value: 7.601248381982852 and parameters: {'ISTN': 92.42387431652583, 'I_gpe': 4.140898492924616, 'I_gpi': 3.24342558378099, 'noise_stn_sigma': 1.402348099995367, 'noise_gpe_sigma': 72.01852793328666, 'noise_gpi_sigma': 45.782668045936994, 'g_stn_gpe_mult': 1.466096500498998, 'g_gpe_stn_mult': 0.530928576441607, 'g_stn_gpi_mult': 1.5770749875361907, 'g_gpe_gpi_mult': 0.9443755165790715}. Best is trial 308 with value: 0.25413308990423583.
[I 2026-05-28 22:30:48,354] Trial 320 finished with value: 9.591687974960287 and parameters: {'ISTN': 97.78728510823777, 'I_gpe': 4.3298420962185755, 'I_gpi': 4.202767948843484, 'noise_stn_sigma': 1.629882282734707, 'noise_gpe_sigma': 78.46193661024121, 'noise_gpi_sigma': 56.1233865892076, 'g_stn_gpe_mult': 1.2596452222976442, 'g_gpe_stn_mult': 0.5435043419576643, 'g_stn_gpi_mult': 1.5058826396495533, 'g_gpe_gpi_mult': 1.039055311950131}. Best is trial 308 with value: 0.25413308990423583.
[I 2026-05-28 22:30:49,359] Trial 321 finished with value: 3.8997321692044786 and parameters: {'ISTN': 107.03540304420228, 'I_gpe': 4.541483513765754, 'I_gpi': 3.0942934355212457, 'noise_stn_sigma': 2.165307605228949, 'noise_gpe_sigma': 89.33157190739563, 'noise_gpi_sigma': 70.32166631121729, 'g_stn_gpe_mult': 1.440955152802431, 'g_gpe_stn_mult': 0.653034593150774, 'g_stn_gpi_mult': 1.953905855850504, 'g_gpe_gpi_mult': 0.7831217253921083}. Best is trial 308 with value: 0.25413308990423583.
[I 2026-05-28 22:30:50,367] Trial 322 finished with value: 5.721486046774001 and parameters: {'ISTN': 106.19120115631337, 'I_gpe': 4.878882954386508, 'I_gpi': 2.1370230018256593, 'noise_stn_sigma': 1.5649815617712304, 'noise_gpe_sigma': 93.81962632772195, 'noise_gpi_sigma': 75.5593810274882, 'g_stn_gpe_mult': 1.6711020738245432, 'g_gpe_stn_mult': 0.5353526726833651, 'g_stn_gpi_mult': 1.799350627367905, 'g_gpe_gpi_mult': 1.0302951986292836}. Best is trial 308 with value: 0.25413308990423583.
[I 2026-05-28 22:30:51,369] Trial 323 finished with value: 105.22629412798261 and parameters: {'ISTN': 105.44270891960106, 'I_gpe': 3.8825776162840047, 'I_gpi': 2.7351533001634802, 'noise_stn_sigma': 0.6828335574135169, 'noise_gpe_sigma': 93.35171674725606, 'noise_gpi_sigma': 67.37784098032154, 'g_stn_gpe_mult': 1.5173472257809721, 'g_gpe_stn_mult': 0.8218441781524227, 'g_stn_gpi_mult': 1.8497906294814452, 'g_gpe_gpi_mult': 0.8675308255056653}. Best is trial 308 with value: 0.25413308990423583.
[I 2026-05-28 22:30:52,377] Trial 324 finished with value: 2.5165338558219266 and parameters: {'ISTN': 131.22692829514352, 'I_gpe': 4.522758739623728, 'I_gpi': 3.3913158691276077, 'noise_stn_sigma': 2.3423530339898573, 'noise_gpe_sigma': 79.71854378989852, 'noise_gpi_sigma': 46.06620118883923, 'g_stn_gpe_mult': 1.6247495548180357, 'g_gpe_stn_mult': 0.7021336790085908, 'g_stn_gpi_mult': 1.6702688142521491, 'g_gpe_gpi_mult': 1.081884433494202}. Best is trial 308 with value: 0.25413308990423583.
[I 2026-05-28 22:30:53,385] Trial 325 finished with value: 12.188491600657052 and parameters: {'ISTN': 123.36323227442988, 'I_gpe': 4.251266893443161, 'I_gpi': 2.339300649712312, 'noise_stn_sigma': 1.1051173227657403, 'noise_gpe_sigma': 83.77147984155441, 'noise_gpi_sigma': 65.05543777695978, 'g_stn_gpe_mult': 1.8156748307863069, 'g_gpe_stn_mult': 0.6646548017619707, 'g_stn_gpi_mult': 1.3769971327448352, 'g_gpe_gpi_mult': 1.0914419615586954}. Best is trial 308 with value: 0.25413308990423583.
[I 2026-05-28 22:30:54,332] Trial 326 finished with value: 1000000.0 and parameters: {'ISTN': 118.59741430039799, 'I_gpe': 3.6468967807512374, 'I_gpi': 2.0162694925444513, 'noise_stn_sigma': 1.1377085256842483, 'noise_gpe_sigma': 87.93798591279892, 'noise_gpi_sigma': 58.82285314310597, 'g_stn_gpe_mult': 1.3235848041550502, 'g_gpe_stn_mult': 0.7053908062816179, 'g_stn_gpi_mult': 1.407535411699543, 'g_gpe_gpi_mult': 1.1841047639201638}. Best is trial 308 with value: 0.25413308990423583.
[I 2026-05-28 22:30:55,335] Trial 327 finished with value: 105.23641158809698 and parameters: {'ISTN': 119.23746429557984, 'I_gpe': 3.9756319345217137, 'I_gpi': 2.344505905115687, 'noise_stn_sigma': 1.3433378677365773, 'noise_gpe_sigma': 96.99689555273994, 'noise_gpi_sigma': 67.14653476968158, 'g_stn_gpe_mult': 1.4957552543792108, 'g_gpe_stn_mult': 1.0001340781430708, 'g_stn_gpi_mult': 1.7706664631496434, 'g_gpe_gpi_mult': 1.2048210336380647}. Best is trial 308 with value: 0.25413308990423583.
[I 2026-05-28 22:30:56,346] Trial 328 finished with value: 49.40114036535414 and parameters: {'ISTN': 126.9172291154721, 'I_gpe': 3.533066471081723, 'I_gpi': 1.7060623788002773, 'noise_stn_sigma': 0.7154988459194633, 'noise_gpe_sigma': 85.95966225124126, 'noise_gpi_sigma': 50.765762283100635, 'g_stn_gpe_mult': 1.500110893008947, 'g_gpe_stn_mult': 0.6352962373759854, 'g_stn_gpi_mult': 1.8735721151341251, 'g_gpe_gpi_mult': 0.8770648560027983}. Best is trial 308 with value: 0.25413308990423583.
[I 2026-05-28 22:30:57,351] Trial 329 finished with value: 0.8965824966668727 and parameters: {'ISTN': 93.13286287744529, 'I_gpe': 3.0979246078588623, 'I_gpi': 1.7109257520835421, 'noise_stn_sigma': 1.0144207487584567, 'noise_gpe_sigma': 86.94498002357858, 'noise_gpi_sigma': 67.39072879851079, 'g_stn_gpe_mult': 1.6361469003137183, 'g_gpe_stn_mult': 0.7967441587907498, 'g_stn_gpi_mult': 1.4997599618677724, 'g_gpe_gpi_mult': 0.6469121278861366}. Best is trial 308 with value: 0.25413308990423583.
[I 2026-05-28 22:30:58,356] Trial 330 finished with value: 3.8863028659197214 and parameters: {'ISTN': 130.27123450719031, 'I_gpe': 3.4818805215658184, 'I_gpi': 1.2935037076413018, 'noise_stn_sigma': 1.5413316412291562, 'noise_gpe_sigma': 80.74805864075806, 'noise_gpi_sigma': 66.60559204807024, 'g_stn_gpe_mult': 1.5371666678312454, 'g_gpe_stn_mult': 0.9885611656585732, 'g_stn_gpi_mult': 1.329184110556872, 'g_gpe_gpi_mult': 0.8707700785201576}. Best is trial 308 with value: 0.25413308990423583.
[I 2026-05-28 22:30:59,366] Trial 331 finished with value: 21.65841853079093 and parameters: {'ISTN': 117.76498066794153, 'I_gpe': 3.9418438664051134, 'I_gpi': 2.0023540809912728, 'noise_stn_sigma': 2.366067624324794, 'noise_gpe_sigma': 92.12546395624115, 'noise_gpi_sigma': 47.83875532562703, 'g_stn_gpe_mult': 1.1438180131365292, 'g_gpe_stn_mult': 0.6540466281428925, 'g_stn_gpi_mult': 1.7722198427420168, 'g_gpe_gpi_mult': 0.771674599714582}. Best is trial 308 with value: 0.25413308990423583.
[I 2026-05-28 22:31:00,373] Trial 332 finished with value: 0.545276586845347 and parameters: {'ISTN': 111.21550496586761, 'I_gpe': 4.246964158837426, 'I_gpi': 3.043797576907491, 'noise_stn_sigma': 1.4786787126031018, 'noise_gpe_sigma': 87.72622847205211, 'noise_gpi_sigma': 52.00034296730679, 'g_stn_gpe_mult': 1.6200122529510526, 'g_gpe_stn_mult': 0.6703785484235277, 'g_stn_gpi_mult': 1.8842639310649425, 'g_gpe_gpi_mult': 0.6272538862164615}. Best is trial 308 with value: 0.25413308990423583.
[I 2026-05-28 22:31:01,376] Trial 333 finished with value: 105.58684048318209 and parameters: {'ISTN': 141.06022966695002, 'I_gpe': 4.759546588567187, 'I_gpi': 2.381151561464489, 'noise_stn_sigma': 2.036858967825576, 'noise_gpe_sigma': 66.56868220620248, 'noise_gpi_sigma': 54.323467122359176, 'g_stn_gpe_mult': 1.4494492577321554, 'g_gpe_stn_mult': 0.8708240021892242, 'g_stn_gpi_mult': 1.888704258296985, 'g_gpe_gpi_mult': 1.0885364772441959}. Best is trial 308 with value: 0.25413308990423583.
[I 2026-05-28 22:31:02,384] Trial 334 finished with value: 28.411207294909705 and parameters: {'ISTN': 114.8189952052506, 'I_gpe': 4.58797401993502, 'I_gpi': 2.742366402796895, 'noise_stn_sigma': 1.627909147659749, 'noise_gpe_sigma': 94.27274525643466, 'noise_gpi_sigma': 51.56378023615579, 'g_stn_gpe_mult': 1.773963758074121, 'g_gpe_stn_mult': 0.5407246436348858, 'g_stn_gpi_mult': 1.6606817007357386, 'g_gpe_gpi_mult': 0.7641164020090517}. Best is trial 308 with value: 0.25413308990423583.
[I 2026-05-28 22:31:03,387] Trial 335 finished with value: 105.28733025421832 and parameters: {'ISTN': 100.5275192692151, 'I_gpe': 4.204352638492081, 'I_gpi': 2.295996133970033, 'noise_stn_sigma': 1.8457153982403858, 'noise_gpe_sigma': 95.0217834914537, 'noise_gpi_sigma': 63.10213293967354, 'g_stn_gpe_mult': 1.496563269327479, 'g_gpe_stn_mult': 0.7970483382821557, 'g_stn_gpi_mult': 1.4981875380633722, 'g_gpe_gpi_mult': 0.5206266179054283}. Best is trial 308 with value: 0.25413308990423583.
[I 2026-05-28 22:31:04,390] Trial 336 finished with value: 106.32907535471385 and parameters: {'ISTN': 116.16502323410813, 'I_gpe': 4.769814554919419, 'I_gpi': 3.8247877778311423, 'noise_stn_sigma': 1.3272939361462373, 'noise_gpe_sigma': 94.09757087994852, 'noise_gpi_sigma': 69.42148481373438, 'g_stn_gpe_mult': 1.402251036661677, 'g_gpe_stn_mult': 0.7177665203587982, 'g_stn_gpi_mult': 1.8008985863760105, 'g_gpe_gpi_mult': 0.675412623475248}. Best is trial 308 with value: 0.25413308990423583.
[I 2026-05-28 22:31:05,394] Trial 337 finished with value: 105.31251512189571 and parameters: {'ISTN': 123.02755798965171, 'I_gpe': 3.6039491543716493, 'I_gpi': 2.746900578450003, 'noise_stn_sigma': 1.4656226098536203, 'noise_gpe_sigma': 71.17006657613567, 'noise_gpi_sigma': 53.20031589358283, 'g_stn_gpe_mult': 1.50777850288006, 'g_gpe_stn_mult': 1.0201993335970458, 'g_stn_gpi_mult': 1.518740146669058, 'g_gpe_gpi_mult': 0.9398194658878316}. Best is trial 308 with value: 0.25413308990423583.
[I 2026-05-28 22:31:06,398] Trial 338 finished with value: 105.35024245547112 and parameters: {'ISTN': 122.93233374114317, 'I_gpe': 4.234322224526238, 'I_gpi': 2.6973864358712865, 'noise_stn_sigma': 1.4647682472001762, 'noise_gpe_sigma': 80.93962215152656, 'noise_gpi_sigma': 64.40453458168827, 'g_stn_gpe_mult': 1.3396752978995534, 'g_gpe_stn_mult': 0.8845078461976805, 'g_stn_gpi_mult': 1.6215285107074093, 'g_gpe_gpi_mult': 0.8437780672736988}. Best is trial 308 with value: 0.25413308990423583.
[I 2026-05-28 22:31:07,406] Trial 339 finished with value: 0.8043038855317335 and parameters: {'ISTN': 118.19022649966016, 'I_gpe': 2.8938367859937966, 'I_gpi': 1.2876968398066646, 'noise_stn_sigma': 1.5831637994866319, 'noise_gpe_sigma': 82.46427549796346, 'noise_gpi_sigma': 52.209401091361535, 'g_stn_gpe_mult': 1.3814681165631855, 'g_gpe_stn_mult': 0.9738730981619798, 'g_stn_gpi_mult': 1.8113406168936403, 'g_gpe_gpi_mult': 0.8446721840634972}. Best is trial 308 with value: 0.25413308990423583.
[I 2026-05-28 22:31:08,408] Trial 340 finished with value: 105.47294513161836 and parameters: {'ISTN': 101.04355230191513, 'I_gpe': 3.8312346923145775, 'I_gpi': 3.2043260650091123, 'noise_stn_sigma': 1.8402319085950238, 'noise_gpe_sigma': 60.09434199166731, 'noise_gpi_sigma': 63.9356034676092, 'g_stn_gpe_mult': 1.5873782353200694, 'g_gpe_stn_mult': 0.7704522730748207, 'g_stn_gpi_mult': 1.4266108751715283, 'g_gpe_gpi_mult': 0.9927264693442015}. Best is trial 308 with value: 0.25413308990423583.
[I 2026-05-28 22:31:09,418] Trial 341 finished with value: 44.99203410679594 and parameters: {'ISTN': 131.57688606693256, 'I_gpe': 4.591456901074748, 'I_gpi': 3.3908915648748845, 'noise_stn_sigma': 0.625329565080874, 'noise_gpe_sigma': 76.25254244145901, 'noise_gpi_sigma': 40.36326092885918, 'g_stn_gpe_mult': 1.4286378304635243, 'g_gpe_stn_mult': 0.6069242043456302, 'g_stn_gpi_mult': 1.8441434062227102, 'g_gpe_gpi_mult': 0.76022782933477}. Best is trial 308 with value: 0.25413308990423583.
[I 2026-05-28 22:31:10,420] Trial 342 finished with value: 4.748959458429948 and parameters: {'ISTN': 106.96429173780304, 'I_gpe': 3.0971585736354434, 'I_gpi': 3.296795011914894, 'noise_stn_sigma': 1.7594548365710276, 'noise_gpe_sigma': 85.1994326748936, 'noise_gpi_sigma': 48.52837104350126, 'g_stn_gpe_mult': 1.8268043561948497, 'g_gpe_stn_mult': 0.9828729288237963, 'g_stn_gpi_mult': 1.4997628778356185, 'g_gpe_gpi_mult': 0.6459286073822317}. Best is trial 308 with value: 0.25413308990423583.
[I 2026-05-28 22:31:11,422] Trial 343 finished with value: 105.170577722308 and parameters: {'ISTN': 90.96668915954005, 'I_gpe': 3.3141004018227025, 'I_gpi': 1.6380800511531162, 'noise_stn_sigma': 2.393294421346833, 'noise_gpe_sigma': 67.44635536659541, 'noise_gpi_sigma': 56.910606796744716, 'g_stn_gpe_mult': 1.512081304605646, 'g_gpe_stn_mult': 0.8222128896339712, 'g_stn_gpi_mult': 1.7295557674143187, 'g_gpe_gpi_mult': 0.7949518473770852}. Best is trial 308 with value: 0.25413308990423583.
[I 2026-05-28 22:31:12,424] Trial 344 finished with value: 2.93560297944286 and parameters: {'ISTN': 123.46766559145772, 'I_gpe': 3.9605471062668047, 'I_gpi': 3.1536942346459202, 'noise_stn_sigma': 1.5099174801157966, 'noise_gpe_sigma': 97.12283721923784, 'noise_gpi_sigma': 59.68492008118155, 'g_stn_gpe_mult': 1.5451902622181364, 'g_gpe_stn_mult': 0.8328468456555518, 'g_stn_gpi_mult': 1.6658093112771817, 'g_gpe_gpi_mult': 0.8096545236957716}. Best is trial 308 with value: 0.25413308990423583.
[I 2026-05-28 22:31:13,426] Trial 345 finished with value: 105.28540676261194 and parameters: {'ISTN': 113.04965990042044, 'I_gpe': 4.164148535148158, 'I_gpi': 2.401184145824395, 'noise_stn_sigma': 1.5936534208622921, 'noise_gpe_sigma': 98.91502768070315, 'noise_gpi_sigma': 53.67124202541569, 'g_stn_gpe_mult': 1.6747728709566312, 'g_gpe_stn_mult': 0.8855886391129605, 'g_stn_gpi_mult': 1.748750197886051, 'g_gpe_gpi_mult': 0.7654786556343646}. Best is trial 308 with value: 0.25413308990423583.
[I 2026-05-28 22:31:14,429] Trial 346 finished with value: 105.26625689124282 and parameters: {'ISTN': 119.84445804136723, 'I_gpe': 3.7942300276907974, 'I_gpi': 2.2111676287948088, 'noise_stn_sigma': 2.279274505540659, 'noise_gpe_sigma': 70.53606805965651, 'noise_gpi_sigma': 51.7905350204836, 'g_stn_gpe_mult': 1.3083549999166821, 'g_gpe_stn_mult': 0.9440448653871052, 'g_stn_gpi_mult': 1.606113008234694, 'g_gpe_gpi_mult': 0.6582934561603615}. Best is trial 308 with value: 0.25413308990423583.
[I 2026-05-28 22:31:15,430] Trial 347 finished with value: 105.41729243824855 and parameters: {'ISTN': 114.75735065000154, 'I_gpe': 3.634110193846296, 'I_gpi': 2.9781822774502107, 'noise_stn_sigma': 1.8604433658927007, 'noise_gpe_sigma': 85.5310835929187, 'noise_gpi_sigma': 39.08757492223029, 'g_stn_gpe_mult': 1.396705186164425, 'g_gpe_stn_mult': 0.9197284094171414, 'g_stn_gpi_mult': 1.6672672063474272, 'g_gpe_gpi_mult': 0.6960706001958912}. Best is trial 308 with value: 0.25413308990423583.
[I 2026-05-28 22:31:16,437] Trial 348 finished with value: 40.02860375257992 and parameters: {'ISTN': 126.75765558764137, 'I_gpe': 2.713172179418947, 'I_gpi': 1.5259094538020337, 'noise_stn_sigma': 2.3275864092985, 'noise_gpe_sigma': 85.36145937794123, 'noise_gpi_sigma': 60.486344241097555, 'g_stn_gpe_mult': 1.5635396839607882, 'g_gpe_stn_mult': 0.801351156324733, 'g_stn_gpi_mult': 1.6793024700756114, 'g_gpe_gpi_mult': 0.5525822401092182}. Best is trial 308 with value: 0.25413308990423583.
[I 2026-05-28 22:31:17,446] Trial 349 finished with value: 3.636261105365784 and parameters: {'ISTN': 100.21937422052015, 'I_gpe': 2.9200442233344774, 'I_gpi': 1.9485383109401178, 'noise_stn_sigma': 1.7419812172319695, 'noise_gpe_sigma': 59.59887975867048, 'noise_gpi_sigma': 62.09687514552223, 'g_stn_gpe_mult': 1.6541783272486876, 'g_gpe_stn_mult': 0.7777780622888064, 'g_stn_gpi_mult': 1.357466598806949, 'g_gpe_gpi_mult': 0.9434509266330221}. Best is trial 308 with value: 0.25413308990423583.
[I 2026-05-28 22:31:18,453] Trial 350 finished with value: 15.056062868533973 and parameters: {'ISTN': 105.43705809440432, 'I_gpe': 3.0813302954382733, 'I_gpi': 3.366939749382578, 'noise_stn_sigma': 2.3062706271695648, 'noise_gpe_sigma': 80.26411699000091, 'noise_gpi_sigma': 43.647389816695224, 'g_stn_gpe_mult': 1.7142760641133834, 'g_gpe_stn_mult': 0.7100024324785366, 'g_stn_gpi_mult': 1.6147994476467773, 'g_gpe_gpi_mult': 0.7829057277304351}. Best is trial 308 with value: 0.25413308990423583.
[I 2026-05-28 22:31:19,457] Trial 351 finished with value: 107.1957445010068 and parameters: {'ISTN': 132.3628984835249, 'I_gpe': 4.858058461367278, 'I_gpi': 4.444017276479704, 'noise_stn_sigma': 1.2296616358372425, 'noise_gpe_sigma': 90.41367786071912, 'noise_gpi_sigma': 65.15005953798965, 'g_stn_gpe_mult': 1.4720875248309255, 'g_gpe_stn_mult': 0.7734943837101, 'g_stn_gpi_mult': 1.8327629112849781, 'g_gpe_gpi_mult': 0.8795819534639846}. Best is trial 308 with value: 0.25413308990423583.
