[I 2026-05-28 22:36:58,143] Trial 176 finished with value: 106.9028182173055 and parameters: {'ISTN': 121.05855940441242, 'I_gpe': 4.391390739680735, 'I_gpi': 4.334120105506864, 'noise_stn_sigma': 4.112139628173965, 'noise_gpe_sigma': 27.28992283442892, 'noise_gpi_sigma': 52.44773531947658, 'g_stn_gpe_mult': 1.748592403234468, 'g_gpe_stn_mult': 0.9983222274643262, 'g_stn_gpi_mult': 1.6440837350433402, 'g_gpe_gpi_mult': 1.6143564535660646}. Best is trial 102 with value: 0.29735011365907316.
[I 2026-05-28 22:36:59,150] Trial 177 finished with value: 66.66019705813981 and parameters: {'ISTN': 135.7804673457326, 'I_gpe': 2.5074067941331752, 'I_gpi': 4.519386541387773, 'noise_stn_sigma': 4.013712313192282, 'noise_gpe_sigma': 64.48443880323737, 'noise_gpi_sigma': 33.57823800286772, 'g_stn_gpe_mult': 1.6734059964726131, 'g_gpe_stn_mult': 0.6889649252605755, 'g_stn_gpi_mult': 1.3689305914818561, 'g_gpe_gpi_mult': 1.4784962907799115}. Best is trial 102 with value: 0.29735011365907316.
[I 2026-05-28 22:37:00,153] Trial 178 finished with value: 106.6032841239142 and parameters: {'ISTN': 128.3120431943116, 'I_gpe': 3.0706840880623396, 'I_gpi': 4.120702685271018, 'noise_stn_sigma': 4.273097595765882, 'noise_gpe_sigma': 26.55471867734797, 'noise_gpi_sigma': 45.64499261826974, 'g_stn_gpe_mult': 1.5351828879382583, 'g_gpe_stn_mult': 1.2146208842428892, 'g_stn_gpi_mult': 1.5720370708906473, 'g_gpe_gpi_mult': 1.4472601915189343}. Best is trial 102 with value: 0.29735011365907316.
[I 2026-05-28 22:37:01,162] Trial 179 finished with value: 30.45808028566141 and parameters: {'ISTN': 124.02096914172897, 'I_gpe': 4.100734306040923, 'I_gpi': 3.120342471550237, 'noise_stn_sigma': 4.526252480200925, 'noise_gpe_sigma': 43.12874103934387, 'noise_gpi_sigma': 35.501011572617884, 'g_stn_gpe_mult': 1.912829612460269, 'g_gpe_stn_mult': 0.6272523555665537, 'g_stn_gpi_mult': 1.4251566000536466, 'g_gpe_gpi_mult': 1.5182906789607735}. Best is trial 102 with value: 0.29735011365907316.
[I 2026-05-28 22:37:02,170] Trial 180 finished with value: 53.090314975594445 and parameters: {'ISTN': 129.56160388198577, 'I_gpe': 2.043923982084163, 'I_gpi': 4.140178740893636, 'noise_stn_sigma': 4.350653998962074, 'noise_gpe_sigma': 50.11636835056424, 'noise_gpi_sigma': 58.408367051769005, 'g_stn_gpe_mult': 1.469091726476202, 'g_gpe_stn_mult': 0.8499818238294998, 'g_stn_gpi_mult': 1.5577356012112658, 'g_gpe_gpi_mult': 1.6870358037911033}. Best is trial 102 with value: 0.29735011365907316.
[I 2026-05-28 22:37:03,177] Trial 181 finished with value: 107.55968745931527 and parameters: {'ISTN': 116.58186477202418, 'I_gpe': 3.6095787284111114, 'I_gpi': 4.854035735826663, 'noise_stn_sigma': 4.227227148853721, 'noise_gpe_sigma': 54.262538318769714, 'noise_gpi_sigma': 36.4069322669738, 'g_stn_gpe_mult': 1.6190884158009604, 'g_gpe_stn_mult': 1.1583492002965408, 'g_stn_gpi_mult': 1.4491754576561349, 'g_gpe_gpi_mult': 1.273722071637327}. Best is trial 102 with value: 0.29735011365907316.
[I 2026-05-28 22:37:04,183] Trial 182 finished with value: 106.39522079169996 and parameters: {'ISTN': 128.02805594365506, 'I_gpe': 4.105097736388771, 'I_gpi': 4.024633812697164, 'noise_stn_sigma': 3.668052990371751, 'noise_gpe_sigma': 49.50433908769011, 'noise_gpi_sigma': 39.95071400270995, 'g_stn_gpe_mult': 1.6073548567456435, 'g_gpe_stn_mult': 0.9128627555471377, 'g_stn_gpi_mult': 1.3445899693624028, 'g_gpe_gpi_mult': 1.7582148462019427}. Best is trial 102 with value: 0.29735011365907316.
[I 2026-05-28 22:37:05,190] Trial 183 finished with value: 3.7976481156202877 and parameters: {'ISTN': 121.66747438318417, 'I_gpe': 4.155558640692473, 'I_gpi': 5.124958036657136, 'noise_stn_sigma': 3.329902732916818, 'noise_gpe_sigma': 46.71374959810882, 'noise_gpi_sigma': 37.04569201672942, 'g_stn_gpe_mult': 1.683983328996139, 'g_gpe_stn_mult': 0.7314900050872994, 'g_stn_gpi_mult': 1.502660700455734, 'g_gpe_gpi_mult': 1.3684024466063698}. Best is trial 102 with value: 0.29735011365907316.
[I 2026-05-28 22:37:06,200] Trial 184 finished with value: 25.739012923400136 and parameters: {'ISTN': 110.53743425693494, 'I_gpe': 1.6407103151258624, 'I_gpi': 4.3640532174614055, 'noise_stn_sigma': 3.756129257772686, 'noise_gpe_sigma': 47.70902988991078, 'noise_gpi_sigma': 27.78212687889, 'g_stn_gpe_mult': 1.490915244322595, 'g_gpe_stn_mult': 0.9906692036785318, 'g_stn_gpi_mult': 1.866386815029552, 'g_gpe_gpi_mult': 1.4702678842299715}. Best is trial 102 with value: 0.29735011365907316.
[I 2026-05-28 22:37:07,211] Trial 185 finished with value: 23.912178538720955 and parameters: {'ISTN': 123.54954629918701, 'I_gpe': 3.3904375169232193, 'I_gpi': 3.927177097231377, 'noise_stn_sigma': 4.2650008033905475, 'noise_gpe_sigma': 45.68638207829422, 'noise_gpi_sigma': 38.475005241002606, 'g_stn_gpe_mult': 1.5277938565227969, 'g_gpe_stn_mult': 0.7636512865100048, 'g_stn_gpi_mult': 1.1690515232531884, 'g_gpe_gpi_mult': 1.51065117254393}. Best is trial 102 with value: 0.29735011365907316.
[I 2026-05-28 22:37:08,161] Trial 186 finished with value: 1000000.0 and parameters: {'ISTN': 113.39368721133607, 'I_gpe': 2.6764633555259874, 'I_gpi': 4.238671958022224, 'noise_stn_sigma': 3.3327503478504004, 'noise_gpe_sigma': 46.75165130991459, 'noise_gpi_sigma': 24.15455253603483, 'g_stn_gpe_mult': 1.372483698391049, 'g_gpe_stn_mult': 0.765925257839083, 'g_stn_gpi_mult': 1.3637271718499295, 'g_gpe_gpi_mult': 1.5387643753503124}. Best is trial 102 with value: 0.29735011365907316.
[I 2026-05-28 22:37:09,171] Trial 187 finished with value: 55.491214523765876 and parameters: {'ISTN': 133.18028448157952, 'I_gpe': 2.436683441459991, 'I_gpi': 4.231547832236849, 'noise_stn_sigma': 3.8516479902259326, 'noise_gpe_sigma': 59.27360013877014, 'noise_gpi_sigma': 45.32561433715991, 'g_stn_gpe_mult': 1.760065432933246, 'g_gpe_stn_mult': 0.8164627931148265, 'g_stn_gpi_mult': 1.4673008895813122, 'g_gpe_gpi_mult': 1.4854202776544745}. Best is trial 102 with value: 0.29735011365907316.
[I 2026-05-28 22:37:10,179] Trial 188 finished with value: 4.556345925557063 and parameters: {'ISTN': 185.51700650967328, 'I_gpe': 3.9103606821956314, 'I_gpi': 4.7559456226279195, 'noise_stn_sigma': 3.0175175421158587, 'noise_gpe_sigma': 44.203439796518886, 'noise_gpi_sigma': 29.845247854069765, 'g_stn_gpe_mult': 1.2134091241567604, 'g_gpe_stn_mult': 1.0618866122437722, 'g_stn_gpi_mult': 1.6762776784663023, 'g_gpe_gpi_mult': 1.426103322253071}. Best is trial 102 with value: 0.29735011365907316.
[I 2026-05-28 22:37:11,187] Trial 189 finished with value: 25.72402760951748 and parameters: {'ISTN': 129.96913318623837, 'I_gpe': 3.221429224047161, 'I_gpi': 3.291901742060853, 'noise_stn_sigma': 3.4660330689835703, 'noise_gpe_sigma': 45.94064627628716, 'noise_gpi_sigma': 27.00469813150287, 'g_stn_gpe_mult': 1.4312758494194313, 'g_gpe_stn_mult': 0.8329566407906113, 'g_stn_gpi_mult': 1.530055416614607, 'g_gpe_gpi_mult': 1.5889302914151893}. Best is trial 102 with value: 0.29735011365907316.
[I 2026-05-28 22:37:12,190] Trial 190 finished with value: 4.02532200706541 and parameters: {'ISTN': 141.23406181134376, 'I_gpe': 3.3526794867797585, 'I_gpi': 2.7220077674459455, 'noise_stn_sigma': 4.2892536300562485, 'noise_gpe_sigma': 38.81173304436685, 'noise_gpi_sigma': 43.342686459824186, 'g_stn_gpe_mult': 1.5172743805337499, 'g_gpe_stn_mult': 1.0524234761066797, 'g_stn_gpi_mult': 1.40713329114357, 'g_gpe_gpi_mult': 1.5096540116550394}. Best is trial 102 with value: 0.29735011365907316.
[I 2026-05-28 22:37:13,200] Trial 191 finished with value: 57.463762023385804 and parameters: {'ISTN': 145.9331068427271, 'I_gpe': 3.02733614798893, 'I_gpi': 4.277052605994523, 'noise_stn_sigma': 2.904240260189765, 'noise_gpe_sigma': 53.93923363439221, 'noise_gpi_sigma': 40.96850640208392, 'g_stn_gpe_mult': 1.6434343438056942, 'g_gpe_stn_mult': 0.8816990310244104, 'g_stn_gpi_mult': 1.3800928683185232, 'g_gpe_gpi_mult': 1.2473545061971278}. Best is trial 102 with value: 0.29735011365907316.
[I 2026-05-28 22:37:14,210] Trial 192 finished with value: 80.57919340260678 and parameters: {'ISTN': 153.32078459151398, 'I_gpe': 2.919332724057896, 'I_gpi': 5.587442878560158, 'noise_stn_sigma': 4.314684795220872, 'noise_gpe_sigma': 26.198082275766566, 'noise_gpi_sigma': 45.56510363289765, 'g_stn_gpe_mult': 1.702410964013902, 'g_gpe_stn_mult': 0.8909447995855825, 'g_stn_gpi_mult': 1.179125012631033, 'g_gpe_gpi_mult': 1.6624573608507909}. Best is trial 102 with value: 0.29735011365907316.
[I 2026-05-28 22:37:15,214] Trial 193 finished with value: 105.84976085564611 and parameters: {'ISTN': 154.43373792067365, 'I_gpe': 3.9731617134804473, 'I_gpi': 3.5122954553919423, 'noise_stn_sigma': 3.59434697038993, 'noise_gpe_sigma': 59.1205687784869, 'noise_gpi_sigma': 34.845360109836164, 'g_stn_gpe_mult': 1.6246306582904815, 'g_gpe_stn_mult': 1.0608739760188766, 'g_stn_gpi_mult': 1.6026327598097863, 'g_gpe_gpi_mult': 1.369899588840201}. Best is trial 102 with value: 0.29735011365907316.
[I 2026-05-28 22:37:16,224] Trial 194 finished with value: 37.93405753348685 and parameters: {'ISTN': 142.95421080277325, 'I_gpe': 3.8539946489467094, 'I_gpi': 4.885142204983325, 'noise_stn_sigma': 3.9679983102957204, 'noise_gpe_sigma': 42.04106098523029, 'noise_gpi_sigma': 32.245432653404904, 'g_stn_gpe_mult': 1.9040204605922235, 'g_gpe_stn_mult': 0.7695443994320741, 'g_stn_gpi_mult': 1.3640345684797226, 'g_gpe_gpi_mult': 1.396715937290073}. Best is trial 102 with value: 0.29735011365907316.
[I 2026-05-28 22:37:17,227] Trial 195 finished with value: 107.07729399077913 and parameters: {'ISTN': 142.76804654548764, 'I_gpe': 3.661667378405561, 'I_gpi': 4.541681903017041, 'noise_stn_sigma': 3.811953265918518, 'noise_gpe_sigma': 42.81100961202615, 'noise_gpi_sigma': 44.86255170685218, 'g_stn_gpe_mult': 1.6196216357310258, 'g_gpe_stn_mult': 1.100087714957439, 'g_stn_gpi_mult': 1.630193630446795, 'g_gpe_gpi_mult': 1.2838407686871594}. Best is trial 102 with value: 0.29735011365907316.
[I 2026-05-28 22:37:18,230] Trial 196 finished with value: 107.76709771295526 and parameters: {'ISTN': 141.82035488820588, 'I_gpe': 4.473983208348217, 'I_gpi': 4.857353592569664, 'noise_stn_sigma': 3.483306668245154, 'noise_gpe_sigma': 49.051282951606645, 'noise_gpi_sigma': 28.782027127050146, 'g_stn_gpe_mult': 1.380568606763533, 'g_gpe_stn_mult': 0.9091341579578827, 'g_stn_gpi_mult': 1.4260399964075403, 'g_gpe_gpi_mult': 1.535500287786053}. Best is trial 102 with value: 0.29735011365907316.
[I 2026-05-28 22:37:19,232] Trial 197 finished with value: 106.93425105073658 and parameters: {'ISTN': 115.49156324637912, 'I_gpe': 4.72198681497593, 'I_gpi': 4.2305982335502605, 'noise_stn_sigma': 3.6624605601604325, 'noise_gpe_sigma': 38.29871869254208, 'noise_gpi_sigma': 45.67650790952716, 'g_stn_gpe_mult': 1.9362219922308666, 'g_gpe_stn_mult': 0.7570793713101902, 'g_stn_gpi_mult': 1.2872911141258974, 'g_gpe_gpi_mult': 1.7451409083741773}. Best is trial 102 with value: 0.29735011365907316.
[I 2026-05-28 22:37:20,236] Trial 198 finished with value: 107.5655787578753 and parameters: {'ISTN': 165.98626585503297, 'I_gpe': 3.740713801707759, 'I_gpi': 4.998701620209024, 'noise_stn_sigma': 2.518263681060911, 'noise_gpe_sigma': 37.11370367330278, 'noise_gpi_sigma': 34.20771532607988, 'g_stn_gpe_mult': 1.5367188446889846, 'g_gpe_stn_mult': 1.0938982421727674, 'g_stn_gpi_mult': 1.538239798499118, 'g_gpe_gpi_mult': 1.2972574050542232}. Best is trial 102 with value: 0.29735011365907316.
[I 2026-05-28 22:37:21,243] Trial 199 finished with value: 2.8923830714978567 and parameters: {'ISTN': 126.73560388845473, 'I_gpe': 3.7122563807626627, 'I_gpi': 4.790720146180384, 'noise_stn_sigma': 3.393283825253511, 'noise_gpe_sigma': 48.544699719021544, 'noise_gpi_sigma': 44.145558060365445, 'g_stn_gpe_mult': 1.3722122453131598, 'g_gpe_stn_mult': 0.8432214154675391, 'g_stn_gpi_mult': 1.3040799298792134, 'g_gpe_gpi_mult': 1.5278861910440056}. Best is trial 102 with value: 0.29735011365907316.
[I 2026-05-28 22:37:22,246] Trial 200 finished with value: 107.18359386498813 and parameters: {'ISTN': 136.21925311240432, 'I_gpe': 4.149698073071889, 'I_gpi': 4.620171395195356, 'noise_stn_sigma': 3.960983776582202, 'noise_gpe_sigma': 37.39460387241614, 'noise_gpi_sigma': 48.87125734426587, 'g_stn_gpe_mult': 1.4584225538911824, 'g_gpe_stn_mult': 1.0560476710262552, 'g_stn_gpi_mult': 1.546179993425286, 'g_gpe_gpi_mult': 1.5284621682946873}. Best is trial 102 with value: 0.29735011365907316.
[I 2026-05-28 22:37:23,256] Trial 201 finished with value: 47.683560602020314 and parameters: {'ISTN': 123.42529905045366, 'I_gpe': 2.4573752292295925, 'I_gpi': 4.406160012152118, 'noise_stn_sigma': 3.9221340567653757, 'noise_gpe_sigma': 56.71634342832126, 'noise_gpi_sigma': 39.402567537043666, 'g_stn_gpe_mult': 1.8828955069850366, 'g_gpe_stn_mult': 0.6917996835950422, 'g_stn_gpi_mult': 1.2416475780324991, 'g_gpe_gpi_mult': 1.2424896802404304}. Best is trial 102 with value: 0.29735011365907316.
[I 2026-05-28 22:37:24,265] Trial 202 finished with value: 62.233937387979644 and parameters: {'ISTN': 146.8762304491543, 'I_gpe': 3.799684022562626, 'I_gpi': 5.296670948883808, 'noise_stn_sigma': 4.317492974551535, 'noise_gpe_sigma': 24.962172915290154, 'noise_gpi_sigma': 32.18323023206957, 'g_stn_gpe_mult': 1.4045421628673058, 'g_gpe_stn_mult': 0.762224283779839, 'g_stn_gpi_mult': 1.4249322780064375, 'g_gpe_gpi_mult': 1.4759811163188201}. Best is trial 102 with value: 0.29735011365907316.
[I 2026-05-28 22:37:25,268] Trial 203 finished with value: 107.50277003479422 and parameters: {'ISTN': 117.77419555973029, 'I_gpe': 4.092032460805177, 'I_gpi': 4.775586467910632, 'noise_stn_sigma': 3.334544527524885, 'noise_gpe_sigma': 42.91041137587987, 'noise_gpi_sigma': 33.4971133659413, 'g_stn_gpe_mult': 1.7504259599727927, 'g_gpe_stn_mult': 1.015098555705326, 'g_stn_gpi_mult': 1.586152498372448, 'g_gpe_gpi_mult': 1.357699334292208}. Best is trial 102 with value: 0.29735011365907316.
[I 2026-05-28 22:37:26,277] Trial 204 finished with value: 3.8771054758109753 and parameters: {'ISTN': 117.33696298256723, 'I_gpe': 3.675922566302547, 'I_gpi': 5.168231227068308, 'noise_stn_sigma': 3.780688835629094, 'noise_gpe_sigma': 43.95130862761843, 'noise_gpi_sigma': 50.850453780007115, 'g_stn_gpe_mult': 1.7373494624482384, 'g_gpe_stn_mult': 0.7703072497118781, 'g_stn_gpi_mult': 1.4440036166604582, 'g_gpe_gpi_mult': 1.7180294611716702}. Best is trial 102 with value: 0.29735011365907316.
[I 2026-05-28 22:37:27,279] Trial 205 finished with value: 109.67958397241752 and parameters: {'ISTN': 126.16885859564036, 'I_gpe': 4.510327320530764, 'I_gpi': 5.850572100495981, 'noise_stn_sigma': 3.6594727727555867, 'noise_gpe_sigma': 42.97469930709746, 'noise_gpi_sigma': 38.28727958256724, 'g_stn_gpe_mult': 1.6101654997979085, 'g_gpe_stn_mult': 0.7823848760017401, 'g_stn_gpi_mult': 1.3588330182111987, 'g_gpe_gpi_mult': 1.4420581223361628}. Best is trial 102 with value: 0.29735011365907316.
[I 2026-05-28 22:37:28,285] Trial 206 finished with value: 106.76927568165796 and parameters: {'ISTN': 122.56413382931815, 'I_gpe': 4.675033715115943, 'I_gpi': 4.123237710691248, 'noise_stn_sigma': 3.195860228206806, 'noise_gpe_sigma': 43.78249293580486, 'noise_gpi_sigma': 44.78574866017182, 'g_stn_gpe_mult': 1.2982137248343595, 'g_gpe_stn_mult': 0.758378737747965, 'g_stn_gpi_mult': 1.0966723594591494, 'g_gpe_gpi_mult': 1.3347495243852627}. Best is trial 102 with value: 0.29735011365907316.
[I 2026-05-28 22:37:29,294] Trial 207 finished with value: 48.0632676840367 and parameters: {'ISTN': 149.1805907161138, 'I_gpe': 3.647497937442993, 'I_gpi': 5.291960987230907, 'noise_stn_sigma': 3.623418523571871, 'noise_gpe_sigma': 44.40924778915345, 'noise_gpi_sigma': 36.937977233347084, 'g_stn_gpe_mult': 1.6070819648511239, 'g_gpe_stn_mult': 0.8287683863992009, 'g_stn_gpi_mult': 0.9934896609093845, 'g_gpe_gpi_mult': 1.2834933847469077}. Best is trial 102 with value: 0.29735011365907316.
[I 2026-05-28 22:37:30,299] Trial 208 finished with value: 107.81004375346471 and parameters: {'ISTN': 145.64287903157458, 'I_gpe': 3.676916327884917, 'I_gpi': 4.9879665502889186, 'noise_stn_sigma': 3.7746547050742936, 'noise_gpe_sigma': 39.67400754745149, 'noise_gpi_sigma': 46.582747347725125, 'g_stn_gpe_mult': 1.4536363918068027, 'g_gpe_stn_mult': 1.0444323278656475, 'g_stn_gpi_mult': 1.1306071057123845, 'g_gpe_gpi_mult': 1.38309752163842}. Best is trial 102 with value: 0.29735011365907316.
[I 2026-05-28 22:37:31,307] Trial 209 finished with value: 12.887724954354415 and parameters: {'ISTN': 124.06742585959847, 'I_gpe': 3.1913450521786038, 'I_gpi': 4.8190519388266475, 'noise_stn_sigma': 4.166113917300732, 'noise_gpe_sigma': 41.228150243096906, 'noise_gpi_sigma': 47.04148893221309, 'g_stn_gpe_mult': 1.43842392979761, 'g_gpe_stn_mult': 0.8573147482497441, 'g_stn_gpi_mult': 1.0835400781846694, 'g_gpe_gpi_mult': 1.570122749363748}. Best is trial 102 with value: 0.29735011365907316.
[I 2026-05-28 22:37:32,313] Trial 210 finished with value: 108.43692413668067 and parameters: {'ISTN': 116.65299211637516, 'I_gpe': 4.399383008666536, 'I_gpi': 5.234154231674563, 'noise_stn_sigma': 3.525222359717219, 'noise_gpe_sigma': 54.021731495968176, 'noise_gpi_sigma': 22.559832724033072, 'g_stn_gpe_mult': 1.5966827240250188, 'g_gpe_stn_mult': 0.8112711253839153, 'g_stn_gpi_mult': 1.386019439921189, 'g_gpe_gpi_mult': 1.5607586150791344}. Best is trial 102 with value: 0.29735011365907316.
[I 2026-05-28 22:37:33,325] Trial 211 finished with value: 26.204649727756053 and parameters: {'ISTN': 137.14792439736686, 'I_gpe': 2.9642244950742276, 'I_gpi': 4.63462471212933, 'noise_stn_sigma': 3.1765047620823825, 'noise_gpe_sigma': 53.70967134812041, 'noise_gpi_sigma': 45.23104295897698, 'g_stn_gpe_mult': 1.7806690805442127, 'g_gpe_stn_mult': 0.9288985412061485, 'g_stn_gpi_mult': 1.5367170444552443, 'g_gpe_gpi_mult': 1.3213206649308589}. Best is trial 102 with value: 0.29735011365907316.
[I 2026-05-28 22:37:34,335] Trial 212 finished with value: 50.6900306081795 and parameters: {'ISTN': 125.19583116820536, 'I_gpe': 2.9290034018618902, 'I_gpi': 4.729522969569975, 'noise_stn_sigma': 4.061599201621631, 'noise_gpe_sigma': 34.25146869636683, 'noise_gpi_sigma': 48.64971491111208, 'g_stn_gpe_mult': 1.3333253389219741, 'g_gpe_stn_mult': 0.5659121777243894, 'g_stn_gpi_mult': 1.1438880891606003, 'g_gpe_gpi_mult': 1.4942094074242327}. Best is trial 102 with value: 0.29735011365907316.
[I 2026-05-28 22:37:35,338] Trial 213 finished with value: 106.80418995843182 and parameters: {'ISTN': 111.71513413223622, 'I_gpe': 3.801144626444131, 'I_gpi': 4.38251050488769, 'noise_stn_sigma': 4.634980979817019, 'noise_gpe_sigma': 49.76050478358572, 'noise_gpi_sigma': 47.99588388307439, 'g_stn_gpe_mult': 1.6660061382185969, 'g_gpe_stn_mult': 0.9220339482825329, 'g_stn_gpi_mult': 1.0366799161022189, 'g_gpe_gpi_mult': 1.693108404901515}. Best is trial 102 with value: 0.29735011365907316.
[I 2026-05-28 22:37:36,345] Trial 214 finished with value: 16.843691684481236 and parameters: {'ISTN': 121.42245233688814, 'I_gpe': 3.8933960292673184, 'I_gpi': 5.589385350266874, 'noise_stn_sigma': 3.41538018938717, 'noise_gpe_sigma': 38.52302381087664, 'noise_gpi_sigma': 54.074324365501475, 'g_stn_gpe_mult': 1.5151373564117572, 'g_gpe_stn_mult': 0.704406590800887, 'g_stn_gpi_mult': 1.3104154100541368, 'g_gpe_gpi_mult': 1.5515019710289226}. Best is trial 102 with value: 0.29735011365907316.
[I 2026-05-28 22:37:37,353] Trial 215 finished with value: 47.11475086562299 and parameters: {'ISTN': 122.5046893408265, 'I_gpe': 3.5084729973728606, 'I_gpi': 3.818821451074132, 'noise_stn_sigma': 4.287320280920092, 'noise_gpe_sigma': 45.82249993663491, 'noise_gpi_sigma': 40.385263769785546, 'g_stn_gpe_mult': 1.5528823637732387, 'g_gpe_stn_mult': 0.5647750104826248, 'g_stn_gpi_mult': 1.0688250027921868, 'g_gpe_gpi_mult': 1.4385433993786936}. Best is trial 102 with value: 0.29735011365907316.
[I 2026-05-28 22:37:38,362] Trial 216 finished with value: 3.4956510204318008 and parameters: {'ISTN': 151.55432238062457, 'I_gpe': 3.609840101520919, 'I_gpi': 4.466122147922425, 'noise_stn_sigma': 3.4875158246739533, 'noise_gpe_sigma': 46.230552365932226, 'noise_gpi_sigma': 41.290385133117226, 'g_stn_gpe_mult': 1.4862767087765287, 'g_gpe_stn_mult': 1.0121474163375934, 'g_stn_gpi_mult': 1.5315189516798184, 'g_gpe_gpi_mult': 1.553978713992676}. Best is trial 102 with value: 0.29735011365907316.
[I 2026-05-28 22:37:39,366] Trial 217 finished with value: 5.944910629328217 and parameters: {'ISTN': 122.49006723002844, 'I_gpe': 4.28961021453209, 'I_gpi': 5.0868634471993435, 'noise_stn_sigma': 4.191636693198966, 'noise_gpe_sigma': 36.2604149731278, 'noise_gpi_sigma': 34.94549978141642, 'g_stn_gpe_mult': 1.5601890805583034, 'g_gpe_stn_mult': 0.7333531566536704, 'g_stn_gpi_mult': 1.3450349145331406, 'g_gpe_gpi_mult': 1.7040641985035705}. Best is trial 102 with value: 0.29735011365907316.
[I 2026-05-28 22:37:40,373] Trial 218 finished with value: 44.031564696089795 and parameters: {'ISTN': 119.71689633554357, 'I_gpe': 3.1263485647851343, 'I_gpi': 4.724720466939793, 'noise_stn_sigma': 4.584589711381773, 'noise_gpe_sigma': 35.73909560312845, 'noise_gpi_sigma': 45.727721633036865, 'g_stn_gpe_mult': 1.7588424178949662, 'g_gpe_stn_mult': 0.583199554473428, 'g_stn_gpi_mult': 1.3767247773526514, 'g_gpe_gpi_mult': 1.6474516883905488}. Best is trial 102 with value: 0.29735011365907316.
[I 2026-05-28 22:37:41,382] Trial 219 finished with value: 3.4758163830619377 and parameters: {'ISTN': 119.51492334615396, 'I_gpe': 4.035221283369813, 'I_gpi': 4.906489752595935, 'noise_stn_sigma': 4.14533711663627, 'noise_gpe_sigma': 35.587556467151984, 'noise_gpi_sigma': 49.20491192877637, 'g_stn_gpe_mult': 1.525348376009475, 'g_gpe_stn_mult': 0.7234423347785737, 'g_stn_gpi_mult': 1.273413660211649, 'g_gpe_gpi_mult': 1.743213817958422}. Best is trial 102 with value: 0.29735011365907316.
