[I 2026-05-28 23:02:36,245] Trial 176 finished with value: 2.62524891153095 and parameters: {'ISTN': 104.77197828111092, 'I_gpe': 3.0742617057344144, 'I_gpi': 1.6553712471118311, 'noise_stn_sigma': 3.5687051734744086, 'noise_gpe_sigma': 51.68827807249194, 'noise_gpi_sigma': 31.80477625427751, 'g_stn_gpe_mult': 1.270058370805458, 'g_gpe_stn_mult': 0.890131678660145, 'g_stn_gpi_mult': 1.8723855692086753, 'g_gpe_gpi_mult': 1.2973533277155591}. Best is trial 99 with value: 0.2422004780435466.
[I 2026-05-28 23:02:37,251] Trial 177 finished with value: 26.244663509697382 and parameters: {'ISTN': 117.25295656310598, 'I_gpe': 2.565869766840935, 'I_gpi': 2.47790862383201, 'noise_stn_sigma': 1.5256806433743768, 'noise_gpe_sigma': 15.932576980729545, 'noise_gpi_sigma': 51.47650973515495, 'g_stn_gpe_mult': 1.4491772664000666, 'g_gpe_stn_mult': 0.8434935864565094, 'g_stn_gpi_mult': 1.5706991196091122, 'g_gpe_gpi_mult': 1.7183787742217205}. Best is trial 99 with value: 0.2422004780435466.
[I 2026-05-28 23:02:38,199] Trial 178 finished with value: 1000000.0 and parameters: {'ISTN': 103.75628886626997, 'I_gpe': 3.2272507104633776, 'I_gpi': 3.86562245513791, 'noise_stn_sigma': 1.575420281318254, 'noise_gpe_sigma': 50.54104735768551, 'noise_gpi_sigma': 63.3692204643868, 'g_stn_gpe_mult': 1.585650666996868, 'g_gpe_stn_mult': 0.8541988795657454, 'g_stn_gpi_mult': 1.1420585536768542, 'g_gpe_gpi_mult': 1.5479640573710989}. Best is trial 99 with value: 0.2422004780435466.
[I 2026-05-28 23:02:39,209] Trial 179 finished with value: 3.3541979780640454 and parameters: {'ISTN': 103.80661362167632, 'I_gpe': 3.0341146460597073, 'I_gpi': 2.8633108334677386, 'noise_stn_sigma': 2.7373851861460907, 'noise_gpe_sigma': 48.54589097837311, 'noise_gpi_sigma': 53.134021893159215, 'g_stn_gpe_mult': 1.375133101935489, 'g_gpe_stn_mult': 0.7806185268907784, 'g_stn_gpi_mult': 1.4997842984981344, 'g_gpe_gpi_mult': 1.5852448153520173}. Best is trial 99 with value: 0.2422004780435466.
[I 2026-05-28 23:02:40,157] Trial 180 finished with value: 1000000.0 and parameters: {'ISTN': 98.42072695880962, 'I_gpe': 4.5604771175651795, 'I_gpi': 3.897466248941748, 'noise_stn_sigma': 2.4466287348840003, 'noise_gpe_sigma': 28.72520418727101, 'noise_gpi_sigma': 40.61800255694531, 'g_stn_gpe_mult': 1.624703703405548, 'g_gpe_stn_mult': 0.7266718790390767, 'g_stn_gpi_mult': 1.4426188882482478, 'g_gpe_gpi_mult': 1.9262332477736535}. Best is trial 99 with value: 0.2422004780435466.
[I 2026-05-28 23:02:41,166] Trial 181 finished with value: 23.307085769584063 and parameters: {'ISTN': 110.0061115377712, 'I_gpe': 2.418309845731077, 'I_gpi': 1.6611039271422545, 'noise_stn_sigma': 3.027310152002481, 'noise_gpe_sigma': 47.43293490508062, 'noise_gpi_sigma': 32.50666806183344, 'g_stn_gpe_mult': 1.6264088959011032, 'g_gpe_stn_mult': 0.7797494671283834, 'g_stn_gpi_mult': 1.4149132689502675, 'g_gpe_gpi_mult': 1.5135189538163967}. Best is trial 99 with value: 0.2422004780435466.
[I 2026-05-28 23:02:42,170] Trial 182 finished with value: 5.509664656921844 and parameters: {'ISTN': 94.5807593296841, 'I_gpe': 2.878262853514432, 'I_gpi': 4.4444256051856, 'noise_stn_sigma': 2.142935464198237, 'noise_gpe_sigma': 43.38997350163004, 'noise_gpi_sigma': 44.61702055501627, 'g_stn_gpe_mult': 1.6481672540838317, 'g_gpe_stn_mult': 0.8711726440039769, 'g_stn_gpi_mult': 1.446959954883102, 'g_gpe_gpi_mult': 1.6546469593752942}. Best is trial 99 with value: 0.2422004780435466.
[I 2026-05-28 23:02:43,178] Trial 183 finished with value: 10.66212935027585 and parameters: {'ISTN': 119.55844819478926, 'I_gpe': 3.274723699846769, 'I_gpi': 3.519657326190432, 'noise_stn_sigma': 2.74569526707122, 'noise_gpe_sigma': 42.97820563686066, 'noise_gpi_sigma': 30.768221136173683, 'g_stn_gpe_mult': 1.6176354694630593, 'g_gpe_stn_mult': 0.8009192554264017, 'g_stn_gpi_mult': 1.6713619576786578, 'g_gpe_gpi_mult': 1.6684108107397553}. Best is trial 99 with value: 0.2422004780435466.
[I 2026-05-28 23:02:44,187] Trial 184 finished with value: 21.48313893032522 and parameters: {'ISTN': 107.49197303736943, 'I_gpe': 2.359945170489831, 'I_gpi': 3.477789298019284, 'noise_stn_sigma': 2.9100435215357425, 'noise_gpe_sigma': 46.73108903325828, 'noise_gpi_sigma': 37.92305992789997, 'g_stn_gpe_mult': 1.4986547832368373, 'g_gpe_stn_mult': 0.8012542181984549, 'g_stn_gpi_mult': 1.67486590087154, 'g_gpe_gpi_mult': 1.4761710577587914}. Best is trial 99 with value: 0.2422004780435466.
[I 2026-05-28 23:02:45,195] Trial 185 finished with value: 33.186797107302354 and parameters: {'ISTN': 116.63775042299125, 'I_gpe': 2.4077204693145813, 'I_gpi': 4.02917921071983, 'noise_stn_sigma': 2.5899508974066068, 'noise_gpe_sigma': 48.060955917415924, 'noise_gpi_sigma': 48.18453342266518, 'g_stn_gpe_mult': 1.2209319192712689, 'g_gpe_stn_mult': 0.8083705803129912, 'g_stn_gpi_mult': 1.5517665402596004, 'g_gpe_gpi_mult': 1.04610693072947}. Best is trial 99 with value: 0.2422004780435466.
[I 2026-05-28 23:02:46,205] Trial 186 finished with value: 4.974535275207298 and parameters: {'ISTN': 95.18092558305031, 'I_gpe': 2.880851569460642, 'I_gpi': 3.4548900121643698, 'noise_stn_sigma': 3.007341381337178, 'noise_gpe_sigma': 45.77323469848554, 'noise_gpi_sigma': 42.406649303244336, 'g_stn_gpe_mult': 1.3829000043532524, 'g_gpe_stn_mult': 0.7540917598626182, 'g_stn_gpi_mult': 1.7781787770214512, 'g_gpe_gpi_mult': 1.442032750167435}. Best is trial 99 with value: 0.2422004780435466.
[I 2026-05-28 23:02:47,212] Trial 187 finished with value: 10.217159348736686 and parameters: {'ISTN': 103.04073016445462, 'I_gpe': 2.245912631770013, 'I_gpi': 3.523244164038981, 'noise_stn_sigma': 2.388578705596186, 'noise_gpe_sigma': 49.39613197795171, 'noise_gpi_sigma': 46.76483578896695, 'g_stn_gpe_mult': 1.7077543315839876, 'g_gpe_stn_mult': 0.8996892288579135, 'g_stn_gpi_mult': 1.7756516371781927, 'g_gpe_gpi_mult': 1.3356655987667865}. Best is trial 99 with value: 0.2422004780435466.
[I 2026-05-28 23:02:48,215] Trial 188 finished with value: 105.75892588465636 and parameters: {'ISTN': 88.72233605436428, 'I_gpe': 2.645798136691466, 'I_gpi': 3.1276357896005087, 'noise_stn_sigma': 2.054709856913794, 'noise_gpe_sigma': 51.19397713227834, 'noise_gpi_sigma': 31.303274368580777, 'g_stn_gpe_mult': 1.43957226354936, 'g_gpe_stn_mult': 0.9979736717631383, 'g_stn_gpi_mult': 1.623549123446817, 'g_gpe_gpi_mult': 1.6508312923016875}. Best is trial 99 with value: 0.2422004780435466.
[I 2026-05-28 23:02:49,223] Trial 189 finished with value: 17.50577515785994 and parameters: {'ISTN': 99.42807085856884, 'I_gpe': 2.6263157932733687, 'I_gpi': 3.515504340886948, 'noise_stn_sigma': 2.577310332966586, 'noise_gpe_sigma': 42.45307368016561, 'noise_gpi_sigma': 59.42650473452729, 'g_stn_gpe_mult': 1.555134862778786, 'g_gpe_stn_mult': 0.683307703395544, 'g_stn_gpi_mult': 1.8589655860507117, 'g_gpe_gpi_mult': 1.5591578361308893}. Best is trial 99 with value: 0.2422004780435466.
[I 2026-05-28 23:02:50,225] Trial 190 finished with value: 105.356656197152 and parameters: {'ISTN': 92.23633605283703, 'I_gpe': 3.3418933134651847, 'I_gpi': 2.7884309900437962, 'noise_stn_sigma': 2.743940239282686, 'noise_gpe_sigma': 54.483918924307034, 'noise_gpi_sigma': 65.3547250174534, 'g_stn_gpe_mult': 1.4161804402119038, 'g_gpe_stn_mult': 1.130147693255319, 'g_stn_gpi_mult': 1.6955768154124748, 'g_gpe_gpi_mult': 1.3857090514463422}. Best is trial 99 with value: 0.2422004780435466.
[I 2026-05-28 23:02:51,233] Trial 191 finished with value: 16.644020818001664 and parameters: {'ISTN': 93.72061773372775, 'I_gpe': 2.150229206071696, 'I_gpi': 3.641738155675643, 'noise_stn_sigma': 2.5313798765478026, 'noise_gpe_sigma': 32.28477009131497, 'noise_gpi_sigma': 56.62582522805858, 'g_stn_gpe_mult': 1.521443033776918, 'g_gpe_stn_mult': 0.6750432757189944, 'g_stn_gpi_mult': 1.8014013938434092, 'g_gpe_gpi_mult': 1.5222684452125796}. Best is trial 99 with value: 0.2422004780435466.
[I 2026-05-28 23:02:52,235] Trial 192 finished with value: 106.2385904085356 and parameters: {'ISTN': 102.1461555349496, 'I_gpe': 3.0164324495814507, 'I_gpi': 4.117711143914695, 'noise_stn_sigma': 2.0582593543403327, 'noise_gpe_sigma': 41.973019043026284, 'noise_gpi_sigma': 49.86644270455325, 'g_stn_gpe_mult': 1.714515012500825, 'g_gpe_stn_mult': 0.9260711531604837, 'g_stn_gpi_mult': 1.7201535921875482, 'g_gpe_gpi_mult': 1.506500687209082}. Best is trial 99 with value: 0.2422004780435466.
[I 2026-05-28 23:02:53,243] Trial 193 finished with value: 3.4609263186610915 and parameters: {'ISTN': 80.38160248335315, 'I_gpe': 2.2151965334311505, 'I_gpi': 2.712273455934838, 'noise_stn_sigma': 2.1612735632087934, 'noise_gpe_sigma': 28.585212012885, 'noise_gpi_sigma': 44.18046831577462, 'g_stn_gpe_mult': 1.500170525565128, 'g_gpe_stn_mult': 0.7663352654393996, 'g_stn_gpi_mult': 1.531700893691375, 'g_gpe_gpi_mult': 1.6292922901979103}. Best is trial 99 with value: 0.2422004780435466.
[I 2026-05-28 23:02:54,247] Trial 194 finished with value: 5.567837036266772 and parameters: {'ISTN': 120.83327033091292, 'I_gpe': 3.224880907359501, 'I_gpi': 4.402188477606866, 'noise_stn_sigma': 2.372296191040608, 'noise_gpe_sigma': 54.92409365414749, 'noise_gpi_sigma': 31.760439989771385, 'g_stn_gpe_mult': 1.5657489927658559, 'g_gpe_stn_mult': 0.9679885129748328, 'g_stn_gpi_mult': 1.5350481867396968, 'g_gpe_gpi_mult': 1.6503947530073506}. Best is trial 99 with value: 0.2422004780435466.
[I 2026-05-28 23:02:55,253] Trial 195 finished with value: 14.3466592746969 and parameters: {'ISTN': 94.69142538835425, 'I_gpe': 1.9397250539294815, 'I_gpi': 3.0824720085057336, 'noise_stn_sigma': 2.7397819838387756, 'noise_gpe_sigma': 42.469754789994504, 'noise_gpi_sigma': 37.27577719038126, 'g_stn_gpe_mult': 1.2926249889525818, 'g_gpe_stn_mult': 0.8016710906964808, 'g_stn_gpi_mult': 1.8704690523577843, 'g_gpe_gpi_mult': 1.3221849264968983}. Best is trial 99 with value: 0.2422004780435466.
[I 2026-05-28 23:02:56,259] Trial 196 finished with value: 6.049851174865139 and parameters: {'ISTN': 86.4903057836381, 'I_gpe': 2.4948983858321814, 'I_gpi': 3.8415269840552417, 'noise_stn_sigma': 2.8806858472370545, 'noise_gpe_sigma': 42.46990674702821, 'noise_gpi_sigma': 43.9626846194195, 'g_stn_gpe_mult': 1.6932131755523119, 'g_gpe_stn_mult': 0.7321038113924198, 'g_stn_gpi_mult': 1.6073980846619567, 'g_gpe_gpi_mult': 1.573220390121636}. Best is trial 99 with value: 0.2422004780435466.
[I 2026-05-28 23:02:57,266] Trial 197 finished with value: 7.622629112026546 and parameters: {'ISTN': 110.27163340431366, 'I_gpe': 3.3130410794560676, 'I_gpi': 4.087671906196258, 'noise_stn_sigma': 2.727519230083286, 'noise_gpe_sigma': 58.74865375882447, 'noise_gpi_sigma': 56.57991556725127, 'g_stn_gpe_mult': 1.4685942612274054, 'g_gpe_stn_mult': 0.7625893265381309, 'g_stn_gpi_mult': 1.658878802034502, 'g_gpe_gpi_mult': 1.470372382481614}. Best is trial 99 with value: 0.2422004780435466.
[I 2026-05-28 23:02:58,274] Trial 198 finished with value: 18.693818163808874 and parameters: {'ISTN': 111.09209803469699, 'I_gpe': 3.052897699094295, 'I_gpi': 3.0138221928239783, 'noise_stn_sigma': 2.574681712507426, 'noise_gpe_sigma': 52.64232904593973, 'noise_gpi_sigma': 43.8725930040151, 'g_stn_gpe_mult': 1.3224424926511722, 'g_gpe_stn_mult': 0.7437707557373509, 'g_stn_gpi_mult': 1.817783158184846, 'g_gpe_gpi_mult': 1.2351678761253881}. Best is trial 99 with value: 0.2422004780435466.
[I 2026-05-28 23:02:59,281] Trial 199 finished with value: 20.046518148908728 and parameters: {'ISTN': 111.65619608590052, 'I_gpe': 2.739835832798354, 'I_gpi': 2.3357133333666313, 'noise_stn_sigma': 3.345707315597637, 'noise_gpe_sigma': 49.657789994073696, 'noise_gpi_sigma': 39.30674930120299, 'g_stn_gpe_mult': 1.5327346299198947, 'g_gpe_stn_mult': 0.7878586086015341, 'g_stn_gpi_mult': 1.861992944814203, 'g_gpe_gpi_mult': 1.2233992236925304}. Best is trial 99 with value: 0.2422004780435466.
[I 2026-05-28 23:03:00,281] Trial 200 finished with value: 106.32869238632325 and parameters: {'ISTN': 105.42711755470494, 'I_gpe': 2.852132462749365, 'I_gpi': 3.917079093310033, 'noise_stn_sigma': 2.6689147858128983, 'noise_gpe_sigma': 53.82117812782448, 'noise_gpi_sigma': 48.3072529310282, 'g_stn_gpe_mult': 1.631926794854551, 'g_gpe_stn_mult': 1.1290343570215176, 'g_stn_gpi_mult': 1.5271070634782447, 'g_gpe_gpi_mult': 1.4934960668387087}. Best is trial 99 with value: 0.2422004780435466.
[I 2026-05-28 23:03:01,290] Trial 201 finished with value: 10.635869327464524 and parameters: {'ISTN': 89.56688598519042, 'I_gpe': 2.734602766905274, 'I_gpi': 3.2838697198312374, 'noise_stn_sigma': 1.478534491092379, 'noise_gpe_sigma': 46.67335350106719, 'noise_gpi_sigma': 51.034579798020275, 'g_stn_gpe_mult': 1.3264004288229598, 'g_gpe_stn_mult': 0.6503389216046378, 'g_stn_gpi_mult': 1.706589869925227, 'g_gpe_gpi_mult': 1.6171350844073356}. Best is trial 99 with value: 0.2422004780435466.
[I 2026-05-28 23:03:02,290] Trial 202 finished with value: 105.25378994125468 and parameters: {'ISTN': 82.75491782701883, 'I_gpe': 2.4326700068727254, 'I_gpi': 2.961036646072939, 'noise_stn_sigma': 1.695748437551223, 'noise_gpe_sigma': 40.47204212145363, 'noise_gpi_sigma': 33.212796873280965, 'g_stn_gpe_mult': 1.5360705866726603, 'g_gpe_stn_mult': 0.9402309589507082, 'g_stn_gpi_mult': 1.479973008009111, 'g_gpe_gpi_mult': 1.904388074147767}. Best is trial 99 with value: 0.2422004780435466.
[I 2026-05-28 23:03:03,298] Trial 203 finished with value: 3.2595148076626868 and parameters: {'ISTN': 87.56823053454069, 'I_gpe': 1.8568117644732614, 'I_gpi': 2.838087259865068, 'noise_stn_sigma': 1.9393517681219228, 'noise_gpe_sigma': 33.42903984556407, 'noise_gpi_sigma': 47.36573807232815, 'g_stn_gpe_mult': 1.181636889382659, 'g_gpe_stn_mult': 0.9583173308395223, 'g_stn_gpi_mult': 1.4558812993124273, 'g_gpe_gpi_mult': 1.538486236782815}. Best is trial 99 with value: 0.2422004780435466.
[I 2026-05-28 23:03:04,306] Trial 204 finished with value: 18.72947945555079 and parameters: {'ISTN': 99.45503248278433, 'I_gpe': 1.9797013729136577, 'I_gpi': 3.6518072814228844, 'noise_stn_sigma': 2.737587504269347, 'noise_gpe_sigma': 34.78530581614126, 'noise_gpi_sigma': 35.288865817370294, 'g_stn_gpe_mult': 1.812248896270503, 'g_gpe_stn_mult': 0.7913801126311006, 'g_stn_gpi_mult': 1.6228897566482121, 'g_gpe_gpi_mult': 1.5180997470996496}. Best is trial 99 with value: 0.2422004780435466.
[I 2026-05-28 23:03:05,310] Trial 205 finished with value: 0.5274944754024171 and parameters: {'ISTN': 92.39439126353908, 'I_gpe': 2.379238019983147, 'I_gpi': 1.6869008898340199, 'noise_stn_sigma': 2.1648785078325163, 'noise_gpe_sigma': 47.82963622694597, 'noise_gpi_sigma': 37.666215253092496, 'g_stn_gpe_mult': 1.542560835249037, 'g_gpe_stn_mult': 0.9166225137275182, 'g_stn_gpi_mult': 1.6898896061064057, 'g_gpe_gpi_mult': 1.7938215694817865}. Best is trial 99 with value: 0.2422004780435466.
[I 2026-05-28 23:03:06,317] Trial 206 finished with value: 7.287473643321076 and parameters: {'ISTN': 101.26845092507561, 'I_gpe': 2.808486737388168, 'I_gpi': 3.160677766475757, 'noise_stn_sigma': 1.9978446220656076, 'noise_gpe_sigma': 39.92135620368815, 'noise_gpi_sigma': 34.43698385365373, 'g_stn_gpe_mult': 1.5831205455053694, 'g_gpe_stn_mult': 0.7759649520796579, 'g_stn_gpi_mult': 1.6295595316449212, 'g_gpe_gpi_mult': 1.687916258383126}. Best is trial 99 with value: 0.2422004780435466.
[I 2026-05-28 23:03:07,324] Trial 207 finished with value: 19.516797337831882 and parameters: {'ISTN': 95.45291092957947, 'I_gpe': 1.0382615064824157, 'I_gpi': 4.033217171465121, 'noise_stn_sigma': 2.0454240331765607, 'noise_gpe_sigma': 36.550134741267414, 'noise_gpi_sigma': 30.877811034272955, 'g_stn_gpe_mult': 1.597342829754536, 'g_gpe_stn_mult': 0.9137562089330734, 'g_stn_gpi_mult': 1.3727654158842992, 'g_gpe_gpi_mult': 1.599252137395009}. Best is trial 99 with value: 0.2422004780435466.
[I 2026-05-28 23:03:08,328] Trial 208 finished with value: 4.454402056777756 and parameters: {'ISTN': 92.73998347422669, 'I_gpe': 2.449831503147304, 'I_gpi': 3.2493413738430266, 'noise_stn_sigma': 2.666342280474458, 'noise_gpe_sigma': 43.37587231332821, 'noise_gpi_sigma': 39.33368316424033, 'g_stn_gpe_mult': 1.1769434659585827, 'g_gpe_stn_mult': 0.9747579201441482, 'g_stn_gpi_mult': 1.7025524809178827, 'g_gpe_gpi_mult': 1.6299180742454284}. Best is trial 99 with value: 0.2422004780435466.
[I 2026-05-28 23:03:09,335] Trial 209 finished with value: 5.214053622380131 and parameters: {'ISTN': 99.0785997240076, 'I_gpe': 2.503815495990697, 'I_gpi': 3.728048263435981, 'noise_stn_sigma': 2.2200844633677628, 'noise_gpe_sigma': 41.53430390750107, 'noise_gpi_sigma': 42.10145199609608, 'g_stn_gpe_mult': 1.335475959280672, 'g_gpe_stn_mult': 0.8530864622755335, 'g_stn_gpi_mult': 1.6370386621987032, 'g_gpe_gpi_mult': 1.5675775324668404}. Best is trial 99 with value: 0.2422004780435466.
[I 2026-05-28 23:03:10,339] Trial 210 finished with value: 106.33533125091766 and parameters: {'ISTN': 84.6691173133091, 'I_gpe': 2.5966382036956634, 'I_gpi': 3.7695460488973156, 'noise_stn_sigma': 2.080251001713581, 'noise_gpe_sigma': 38.07662251673906, 'noise_gpi_sigma': 39.272826623605056, 'g_stn_gpe_mult': 1.481027624619648, 'g_gpe_stn_mult': 1.0578000350966903, 'g_stn_gpi_mult': 1.3570024686383688, 'g_gpe_gpi_mult': 1.994943045099262}. Best is trial 99 with value: 0.2422004780435466.
[I 2026-05-28 23:03:11,346] Trial 211 finished with value: 0.6239592822432881 and parameters: {'ISTN': 88.99946799826292, 'I_gpe': 3.1899410468144356, 'I_gpi': 2.1345069978679323, 'noise_stn_sigma': 1.942325751904775, 'noise_gpe_sigma': 24.805555335999223, 'noise_gpi_sigma': 32.025784084907414, 'g_stn_gpe_mult': 1.4790295037926002, 'g_gpe_stn_mult': 0.6736396619460439, 'g_stn_gpi_mult': 1.5628986969489915, 'g_gpe_gpi_mult': 1.7396788298357013}. Best is trial 99 with value: 0.2422004780435466.
[I 2026-05-28 23:03:12,351] Trial 212 finished with value: 2.008862141591985 and parameters: {'ISTN': 89.05166181298796, 'I_gpe': 1.7614751569437512, 'I_gpi': 2.483549044602006, 'noise_stn_sigma': 3.067575375275829, 'noise_gpe_sigma': 40.57386830323054, 'noise_gpi_sigma': 40.51505903546453, 'g_stn_gpe_mult': 1.3568280413232785, 'g_gpe_stn_mult': 1.023261213855074, 'g_stn_gpi_mult': 1.5574590604995795, 'g_gpe_gpi_mult': 1.6799172934811941}. Best is trial 99 with value: 0.2422004780435466.
[I 2026-05-28 23:03:13,354] Trial 213 finished with value: 3.2854691160596463 and parameters: {'ISTN': 95.69166765761517, 'I_gpe': 2.520010640860755, 'I_gpi': 1.8905122961186172, 'noise_stn_sigma': 2.6465816057447644, 'noise_gpe_sigma': 45.61396975173273, 'noise_gpi_sigma': 44.60882084783161, 'g_stn_gpe_mult': 1.3210942767126552, 'g_gpe_stn_mult': 0.9699163585752221, 'g_stn_gpi_mult': 1.737031894252454, 'g_gpe_gpi_mult': 1.5517978334683544}. Best is trial 99 with value: 0.2422004780435466.
[I 2026-05-28 23:03:14,362] Trial 214 finished with value: 1.2567680825225858 and parameters: {'ISTN': 102.75989433705922, 'I_gpe': 2.2276461724179146, 'I_gpi': 2.1900072316523076, 'noise_stn_sigma': 1.8297843431162817, 'noise_gpe_sigma': 39.641986827898734, 'noise_gpi_sigma': 34.43419617858868, 'g_stn_gpe_mult': 1.5232144369769673, 'g_gpe_stn_mult': 1.000907147706953, 'g_stn_gpi_mult': 1.5050873438339054, 'g_gpe_gpi_mult': 1.7245076162773805}. Best is trial 99 with value: 0.2422004780435466.
[I 2026-05-28 23:03:15,368] Trial 215 finished with value: 10.729641283572452 and parameters: {'ISTN': 87.77359069808244, 'I_gpe': 1.6685659360194522, 'I_gpi': 3.451629915487875, 'noise_stn_sigma': 1.559301644571253, 'noise_gpe_sigma': 48.88864992792923, 'noise_gpi_sigma': 38.25128909771398, 'g_stn_gpe_mult': 1.4717990739676103, 'g_gpe_stn_mult': 0.8427256196386219, 'g_stn_gpi_mult': 1.5321644981030378, 'g_gpe_gpi_mult': 1.8088006960063872}. Best is trial 99 with value: 0.2422004780435466.
[I 2026-05-28 23:03:16,375] Trial 216 finished with value: 13.942833091261676 and parameters: {'ISTN': 96.51692367071612, 'I_gpe': 1.7274454350803436, 'I_gpi': 2.9603008678225717, 'noise_stn_sigma': 2.0852073982612342, 'noise_gpe_sigma': 22.510545911835067, 'noise_gpi_sigma': 42.83099765506917, 'g_stn_gpe_mult': 1.4800608096753611, 'g_gpe_stn_mult': 0.9196363353709629, 'g_stn_gpi_mult': 1.8481007485552272, 'g_gpe_gpi_mult': 1.7213380233200217}. Best is trial 99 with value: 0.2422004780435466.
[I 2026-05-28 23:03:17,383] Trial 217 finished with value: 4.51118517470803 and parameters: {'ISTN': 84.8002573541576, 'I_gpe': 1.836163027582735, 'I_gpi': 3.220300455879953, 'noise_stn_sigma': 1.4182001605364225, 'noise_gpe_sigma': 44.78314295310356, 'noise_gpi_sigma': 39.95147439735648, 'g_stn_gpe_mult': 1.5318254094821149, 'g_gpe_stn_mult': 0.9058591946900272, 'g_stn_gpi_mult': 1.5628157189625729, 'g_gpe_gpi_mult': 1.7819493541614075}. Best is trial 99 with value: 0.2422004780435466.
[I 2026-05-28 23:03:18,384] Trial 218 finished with value: 105.28455029153825 and parameters: {'ISTN': 100.85243192703302, 'I_gpe': 2.913143099016868, 'I_gpi': 3.272951464254554, 'noise_stn_sigma': 2.2213745674070706, 'noise_gpe_sigma': 29.330329578190906, 'noise_gpi_sigma': 44.41125416499839, 'g_stn_gpe_mult': 1.4809737429414316, 'g_gpe_stn_mult': 0.9307429075024192, 'g_stn_gpi_mult': 1.5821915271941427, 'g_gpe_gpi_mult': 1.7363576616034275}. Best is trial 99 with value: 0.2422004780435466.
[I 2026-05-28 23:03:19,390] Trial 219 finished with value: 1.3847075039138876 and parameters: {'ISTN': 97.79961268220207, 'I_gpe': 2.5465027984754087, 'I_gpi': 3.075951511980355, 'noise_stn_sigma': 1.610655609590378, 'noise_gpe_sigma': 41.41391426091249, 'noise_gpi_sigma': 48.694838508880366, 'g_stn_gpe_mult': 1.6232468192077538, 'g_gpe_stn_mult': 0.8696922122651672, 'g_stn_gpi_mult': 1.8925511979636116, 'g_gpe_gpi_mult': 1.6569452158251128}. Best is trial 99 with value: 0.2422004780435466.
