[I 2026-05-28 22:40:39,301] Trial 396 finished with value: 3.511453017894348 and parameters: {'ISTN': 127.41025272173056, 'I_gpe': 3.3848853427117254, 'I_gpi': 4.08541229328557, 'noise_stn_sigma': 4.068370033430306, 'noise_gpe_sigma': 41.7380385796575, 'noise_gpi_sigma': 65.00010877825272, 'g_stn_gpe_mult': 1.0601299483387636, 'g_gpe_stn_mult': 0.8788963884027492, 'g_stn_gpi_mult': 0.6558047544638876, 'g_gpe_gpi_mult': 1.3920970652189075}. Best is trial 102 with value: 0.29735011365907316.
[I 2026-05-28 22:40:40,307] Trial 397 finished with value: 107.41999723274277 and parameters: {'ISTN': 127.67783834441906, 'I_gpe': 4.136702917201835, 'I_gpi': 4.734785682281128, 'noise_stn_sigma': 4.348472368712231, 'noise_gpe_sigma': 29.817037467568078, 'noise_gpi_sigma': 58.79864464441541, 'g_stn_gpe_mult': 1.1335208586120686, 'g_gpe_stn_mult': 0.931774112014935, 'g_stn_gpi_mult': 0.8667275944289032, 'g_gpe_gpi_mult': 1.5866843946521905}. Best is trial 102 with value: 0.29735011365907316.
[I 2026-05-28 22:40:41,316] Trial 398 finished with value: 16.403251918743912 and parameters: {'ISTN': 138.52292405461506, 'I_gpe': 3.170123856187899, 'I_gpi': 3.479842919612711, 'noise_stn_sigma': 4.480969162869153, 'noise_gpe_sigma': 44.1404862852318, 'noise_gpi_sigma': 64.29683931984053, 'g_stn_gpe_mult': 1.266853408503355, 'g_gpe_stn_mult': 0.9412046740931096, 'g_stn_gpi_mult': 0.762793513983361, 'g_gpe_gpi_mult': 1.671490801553344}. Best is trial 102 with value: 0.29735011365907316.
[I 2026-05-28 22:40:42,318] Trial 399 finished with value: 106.6314891679618 and parameters: {'ISTN': 145.1049476091514, 'I_gpe': 3.9877770333963793, 'I_gpi': 4.243275725364214, 'noise_stn_sigma': 4.163933812443787, 'noise_gpe_sigma': 42.402051893972, 'noise_gpi_sigma': 58.26344537785015, 'g_stn_gpe_mult': 1.073825198927771, 'g_gpe_stn_mult': 0.9735554998340599, 'g_stn_gpi_mult': 0.7491662876061849, 'g_gpe_gpi_mult': 1.691389421321389}. Best is trial 102 with value: 0.29735011365907316.
[I 2026-05-28 22:40:43,328] Trial 400 finished with value: 76.742966186034 and parameters: {'ISTN': 143.93106600103522, 'I_gpe': 3.531458739722509, 'I_gpi': 5.031553728644147, 'noise_stn_sigma': 3.7138659860447345, 'noise_gpe_sigma': 44.86719063154381, 'noise_gpi_sigma': 71.2207531385689, 'g_stn_gpe_mult': 1.111439303578436, 'g_gpe_stn_mult': 0.7271155942912144, 'g_stn_gpi_mult': 0.7711641440266777, 'g_gpe_gpi_mult': 1.6353806895820946}. Best is trial 102 with value: 0.29735011365907316.
[I 2026-05-28 22:40:44,337] Trial 401 finished with value: 15.863154590363287 and parameters: {'ISTN': 135.10913298030164, 'I_gpe': 3.257561564630887, 'I_gpi': 4.228290941013543, 'noise_stn_sigma': 3.5787822777367593, 'noise_gpe_sigma': 40.14822760382374, 'noise_gpi_sigma': 70.03417558922166, 'g_stn_gpe_mult': 1.0843597161642986, 'g_gpe_stn_mult': 0.9012445827147744, 'g_stn_gpi_mult': 0.6413734987724058, 'g_gpe_gpi_mult': 1.5974422740014376}. Best is trial 102 with value: 0.29735011365907316.
[I 2026-05-28 22:40:45,341] Trial 402 finished with value: 105.77084841891052 and parameters: {'ISTN': 113.77802165080459, 'I_gpe': 3.9713434675506396, 'I_gpi': 3.7184334354614728, 'noise_stn_sigma': 3.9830727627795905, 'noise_gpe_sigma': 36.51795569649931, 'noise_gpi_sigma': 58.50105778966852, 'g_stn_gpe_mult': 1.5270239332907152, 'g_gpe_stn_mult': 0.7851547354574386, 'g_stn_gpi_mult': 0.8398004064163274, 'g_gpe_gpi_mult': 1.7497454062660558}. Best is trial 102 with value: 0.29735011365907316.
[I 2026-05-28 22:40:46,348] Trial 403 finished with value: 3.11377354677688 and parameters: {'ISTN': 127.0363818016516, 'I_gpe': 3.5581881441442516, 'I_gpi': 4.655816451376841, 'noise_stn_sigma': 4.33296120388294, 'noise_gpe_sigma': 31.989416852244222, 'noise_gpi_sigma': 63.187832712646816, 'g_stn_gpe_mult': 1.179191053248475, 'g_gpe_stn_mult': 0.8871779569770906, 'g_stn_gpi_mult': 0.7132037976277968, 'g_gpe_gpi_mult': 1.4274818481076124}. Best is trial 102 with value: 0.29735011365907316.
[I 2026-05-28 22:40:47,351] Trial 404 finished with value: 106.78370488813562 and parameters: {'ISTN': 108.06739142125305, 'I_gpe': 3.9966489505870992, 'I_gpi': 4.383128263349492, 'noise_stn_sigma': 4.336278239238093, 'noise_gpe_sigma': 43.46838203179502, 'noise_gpi_sigma': 69.6109636637355, 'g_stn_gpe_mult': 1.292517588795981, 'g_gpe_stn_mult': 0.7837626223100602, 'g_stn_gpi_mult': 0.7142048729598999, 'g_gpe_gpi_mult': 1.7280222042429025}. Best is trial 102 with value: 0.29735011365907316.
[I 2026-05-28 22:40:48,361] Trial 405 finished with value: 9.962496936597676 and parameters: {'ISTN': 134.40629184973892, 'I_gpe': 3.5750066738748716, 'I_gpi': 4.172119690421524, 'noise_stn_sigma': 4.094876446602612, 'noise_gpe_sigma': 47.477729911950675, 'noise_gpi_sigma': 78.91265454113358, 'g_stn_gpe_mult': 1.3861839530135651, 'g_gpe_stn_mult': 0.8509990884976866, 'g_stn_gpi_mult': 0.6925086216516346, 'g_gpe_gpi_mult': 1.542525171076432}. Best is trial 102 with value: 0.29735011365907316.
[I 2026-05-28 22:40:49,369] Trial 406 finished with value: 28.738403197110472 and parameters: {'ISTN': 115.35464027603784, 'I_gpe': 3.2564586869568304, 'I_gpi': 5.859959212859891, 'noise_stn_sigma': 4.311031471736472, 'noise_gpe_sigma': 32.82518461620987, 'noise_gpi_sigma': 83.40927627360833, 'g_stn_gpe_mult': 1.4048073381391342, 'g_gpe_stn_mult': 0.7063371794944002, 'g_stn_gpi_mult': 0.9680991493221942, 'g_gpe_gpi_mult': 1.8080918116468143}. Best is trial 102 with value: 0.29735011365907316.
[I 2026-05-28 22:40:50,377] Trial 407 finished with value: 29.50823292179952 and parameters: {'ISTN': 119.45674244298391, 'I_gpe': 1.8555389467294257, 'I_gpi': 4.0532437071358345, 'noise_stn_sigma': 4.3211022465906, 'noise_gpe_sigma': 40.74045461434096, 'noise_gpi_sigma': 70.00425578638115, 'g_stn_gpe_mult': 1.658831832326062, 'g_gpe_stn_mult': 1.022915172227613, 'g_stn_gpi_mult': 0.5466248414283836, 'g_gpe_gpi_mult': 1.750440833834031}. Best is trial 102 with value: 0.29735011365907316.
[I 2026-05-28 22:40:51,327] Trial 408 finished with value: 1000000.0 and parameters: {'ISTN': 124.48368096698897, 'I_gpe': 3.750904896836185, 'I_gpi': 4.361457628666285, 'noise_stn_sigma': 3.4587233664605987, 'noise_gpe_sigma': 34.78597440861459, 'noise_gpi_sigma': 63.163189937616025, 'g_stn_gpe_mult': 1.3981638399110634, 'g_gpe_stn_mult': 0.8074779398627783, 'g_stn_gpi_mult': 0.8986458623847042, 'g_gpe_gpi_mult': 1.4713218001847908}. Best is trial 102 with value: 0.29735011365907316.
[I 2026-05-28 22:40:52,337] Trial 409 finished with value: 1.9856666395061426 and parameters: {'ISTN': 115.4902069493946, 'I_gpe': 3.620984543726972, 'I_gpi': 3.522614569055771, 'noise_stn_sigma': 3.2854941619316826, 'noise_gpe_sigma': 38.42071820637139, 'noise_gpi_sigma': 68.94686667323728, 'g_stn_gpe_mult': 1.022191653390928, 'g_gpe_stn_mult': 0.765347996124242, 'g_stn_gpi_mult': 0.7506278583465306, 'g_gpe_gpi_mult': 1.5057747667429198}. Best is trial 102 with value: 0.29735011365907316.
[I 2026-05-28 22:40:53,348] Trial 410 finished with value: 23.531282144407125 and parameters: {'ISTN': 132.40005010257687, 'I_gpe': 2.9458068082522066, 'I_gpi': 4.65443786807387, 'noise_stn_sigma': 3.8222111938099674, 'noise_gpe_sigma': 25.365572996712885, 'noise_gpi_sigma': 65.8798149812433, 'g_stn_gpe_mult': 1.00412229160386, 'g_gpe_stn_mult': 0.9290127210036075, 'g_stn_gpi_mult': 0.8076491536921093, 'g_gpe_gpi_mult': 1.5307547994080124}. Best is trial 102 with value: 0.29735011365907316.
[I 2026-05-28 22:40:54,359] Trial 411 finished with value: 30.535686627669058 and parameters: {'ISTN': 138.86131002916426, 'I_gpe': 3.8308936470158024, 'I_gpi': 5.194195982901151, 'noise_stn_sigma': 3.5581931665525217, 'noise_gpe_sigma': 32.916116158648364, 'noise_gpi_sigma': 62.711473966011276, 'g_stn_gpe_mult': 1.2466659085652785, 'g_gpe_stn_mult': 0.775499164671898, 'g_stn_gpi_mult': 0.612411642482098, 'g_gpe_gpi_mult': 1.4063321017446182}. Best is trial 102 with value: 0.29735011365907316.
[I 2026-05-28 22:40:55,368] Trial 412 finished with value: 23.660168412173714 and parameters: {'ISTN': 120.5195534706458, 'I_gpe': 3.2523182429461075, 'I_gpi': 4.21493482386531, 'noise_stn_sigma': 3.9520634844753664, 'noise_gpe_sigma': 44.525591731897194, 'noise_gpi_sigma': 68.75572752777643, 'g_stn_gpe_mult': 1.008380120816072, 'g_gpe_stn_mult': 0.7800735631143282, 'g_stn_gpi_mult': 0.5621623496366017, 'g_gpe_gpi_mult': 1.3857135968387824}. Best is trial 102 with value: 0.29735011365907316.
[I 2026-05-28 22:40:56,378] Trial 413 finished with value: 1.207613037746444 and parameters: {'ISTN': 114.29948265343704, 'I_gpe': 2.8544658873487334, 'I_gpi': 3.6584967714676546, 'noise_stn_sigma': 3.794870219146587, 'noise_gpe_sigma': 38.04385440818473, 'noise_gpi_sigma': 79.86798752019803, 'g_stn_gpe_mult': 0.9865859596944491, 'g_gpe_stn_mult': 0.9603846357612056, 'g_stn_gpi_mult': 0.7128869776620333, 'g_gpe_gpi_mult': 1.4866550280783721}. Best is trial 102 with value: 0.29735011365907316.
[I 2026-05-28 22:40:57,384] Trial 414 finished with value: 2.8068919151204605 and parameters: {'ISTN': 126.1594178053752, 'I_gpe': 2.960678619493641, 'I_gpi': 4.5613031572312694, 'noise_stn_sigma': 3.330026096498621, 'noise_gpe_sigma': 46.55492137242526, 'noise_gpi_sigma': 72.03603649387045, 'g_stn_gpe_mult': 1.2975447363562775, 'g_gpe_stn_mult': 1.0363050153266389, 'g_stn_gpi_mult': 0.908430336525287, 'g_gpe_gpi_mult': 1.5371168133707855}. Best is trial 102 with value: 0.29735011365907316.
[I 2026-05-28 22:40:58,392] Trial 415 finished with value: 9.19258490551032 and parameters: {'ISTN': 130.63845484980675, 'I_gpe': 4.119379014075429, 'I_gpi': 3.9061504128536537, 'noise_stn_sigma': 3.458692070204202, 'noise_gpe_sigma': 35.56325080514081, 'noise_gpi_sigma': 65.82941046766959, 'g_stn_gpe_mult': 0.8939102411534535, 'g_gpe_stn_mult': 0.7368145794133624, 'g_stn_gpi_mult': 0.7479077690939459, 'g_gpe_gpi_mult': 1.3753892147710127}. Best is trial 102 with value: 0.29735011365907316.
[I 2026-05-28 22:40:59,399] Trial 416 finished with value: 1.285647873386337 and parameters: {'ISTN': 115.17913706560714, 'I_gpe': 3.0380656666800534, 'I_gpi': 4.015624490256387, 'noise_stn_sigma': 3.4684977907445282, 'noise_gpe_sigma': 55.5628374148069, 'noise_gpi_sigma': 72.15939194253585, 'g_stn_gpe_mult': 1.3728722373862285, 'g_gpe_stn_mult': 0.9102718596582583, 'g_stn_gpi_mult': 0.652826214752704, 'g_gpe_gpi_mult': 1.5686357343820099}. Best is trial 102 with value: 0.29735011365907316.
[I 2026-05-28 22:41:00,407] Trial 417 finished with value: 8.157866276230976 and parameters: {'ISTN': 114.68581357756193, 'I_gpe': 3.66931064507992, 'I_gpi': 3.84210189227907, 'noise_stn_sigma': 3.705767831912617, 'noise_gpe_sigma': 27.789662605777774, 'noise_gpi_sigma': 66.83176091156434, 'g_stn_gpe_mult': 0.8830671554713252, 'g_gpe_stn_mult': 0.7250734797611158, 'g_stn_gpi_mult': 0.5192245425106929, 'g_gpe_gpi_mult': 1.4355845633755469}. Best is trial 102 with value: 0.29735011365907316.
[I 2026-05-28 22:41:01,416] Trial 418 finished with value: 6.549023434272446 and parameters: {'ISTN': 140.3941059206759, 'I_gpe': 3.386789720470292, 'I_gpi': 4.656670749510364, 'noise_stn_sigma': 3.825323734360105, 'noise_gpe_sigma': 37.78615540024377, 'noise_gpi_sigma': 59.234898036581875, 'g_stn_gpe_mult': 1.0928187924435595, 'g_gpe_stn_mult': 0.9377131668869267, 'g_stn_gpi_mult': 0.7432490586397651, 'g_gpe_gpi_mult': 1.7071932637238465}. Best is trial 102 with value: 0.29735011365907316.
[I 2026-05-28 22:41:02,428] Trial 419 finished with value: 2.956294730738145 and parameters: {'ISTN': 111.62290679939892, 'I_gpe': 3.159931302269013, 'I_gpi': 3.756608780230665, 'noise_stn_sigma': 3.1687235726422704, 'noise_gpe_sigma': 37.51861980693241, 'noise_gpi_sigma': 77.62255212428147, 'g_stn_gpe_mult': 0.8738168824132237, 'g_gpe_stn_mult': 0.8237090753947622, 'g_stn_gpi_mult': 0.7213182744201051, 'g_gpe_gpi_mult': 1.4391249992153639}. Best is trial 102 with value: 0.29735011365907316.
[I 2026-05-28 22:41:03,439] Trial 420 finished with value: 29.001935484212954 and parameters: {'ISTN': 130.21521917542077, 'I_gpe': 3.4014740109322283, 'I_gpi': 4.1244518606743625, 'noise_stn_sigma': 4.19426206252694, 'noise_gpe_sigma': 26.931992121732854, 'noise_gpi_sigma': 55.41678497924923, 'g_stn_gpe_mult': 1.0805601813404206, 'g_gpe_stn_mult': 0.7992482153135819, 'g_stn_gpi_mult': 0.6833133177156797, 'g_gpe_gpi_mult': 1.6832827163326445}. Best is trial 102 with value: 0.29735011365907316.
[I 2026-05-28 22:41:04,449] Trial 421 finished with value: 3.562908583893861 and parameters: {'ISTN': 130.6352165497356, 'I_gpe': 3.100189755923326, 'I_gpi': 4.644522519217777, 'noise_stn_sigma': 3.820700298419512, 'noise_gpe_sigma': 44.69026083656397, 'noise_gpi_sigma': 65.56723789363282, 'g_stn_gpe_mult': 1.096374948866552, 'g_gpe_stn_mult': 0.9670868809011135, 'g_stn_gpi_mult': 0.5578576196695845, 'g_gpe_gpi_mult': 1.4184042376887835}. Best is trial 102 with value: 0.29735011365907316.
[I 2026-05-28 22:41:05,459] Trial 422 finished with value: 8.583973936837587 and parameters: {'ISTN': 119.59057905590205, 'I_gpe': 3.300080323343343, 'I_gpi': 4.231600840218628, 'noise_stn_sigma': 3.935475962717098, 'noise_gpe_sigma': 46.10394452685152, 'noise_gpi_sigma': 83.71796082763694, 'g_stn_gpe_mult': 1.1340279970578597, 'g_gpe_stn_mult': 0.8246209542532246, 'g_stn_gpi_mult': 0.7532847861691464, 'g_gpe_gpi_mult': 1.6260154521568664}. Best is trial 102 with value: 0.29735011365907316.
[I 2026-05-28 22:41:06,461] Trial 423 finished with value: 105.62401404057668 and parameters: {'ISTN': 104.65578989207228, 'I_gpe': 3.5331243170683373, 'I_gpi': 3.2855777773959605, 'noise_stn_sigma': 3.923651423649973, 'noise_gpe_sigma': 31.950564892306463, 'noise_gpi_sigma': 67.47679983180024, 'g_stn_gpe_mult': 1.2605945950757749, 'g_gpe_stn_mult': 0.9851481583257209, 'g_stn_gpi_mult': 0.8133773614882094, 'g_gpe_gpi_mult': 1.6637806285597845}. Best is trial 102 with value: 0.29735011365907316.
[I 2026-05-28 22:41:07,461] Trial 424 finished with value: 106.80286721602222 and parameters: {'ISTN': 108.95516433571149, 'I_gpe': 3.3931832856459216, 'I_gpi': 4.409570772912465, 'noise_stn_sigma': 3.2247928203166363, 'noise_gpe_sigma': 47.509092826284764, 'noise_gpi_sigma': 76.72776357490808, 'g_stn_gpe_mult': 1.4017490870344442, 'g_gpe_stn_mult': 0.9601426832008395, 'g_stn_gpi_mult': 0.6705891257119763, 'g_gpe_gpi_mult': 1.521064693815544}. Best is trial 102 with value: 0.29735011365907316.
[I 2026-05-28 22:41:08,471] Trial 425 finished with value: 14.085906334952973 and parameters: {'ISTN': 97.36785387359396, 'I_gpe': 1.8945426803825747, 'I_gpi': 5.3278626142617345, 'noise_stn_sigma': 3.695020886121508, 'noise_gpe_sigma': 53.53708497124205, 'noise_gpi_sigma': 87.99056606355066, 'g_stn_gpe_mult': 1.4902693123553694, 'g_gpe_stn_mult': 0.9197024910085188, 'g_stn_gpi_mult': 0.5255866135419845, 'g_gpe_gpi_mult': 1.54195776148676}. Best is trial 102 with value: 0.29735011365907316.
[I 2026-05-28 22:41:09,481] Trial 426 finished with value: 7.724570277895643 and parameters: {'ISTN': 102.1587350216264, 'I_gpe': 2.2390816670488327, 'I_gpi': 4.50405024177131, 'noise_stn_sigma': 3.5430916009363465, 'noise_gpe_sigma': 50.42575292398777, 'noise_gpi_sigma': 82.15195087355524, 'g_stn_gpe_mult': 1.2902764802539757, 'g_gpe_stn_mult': 0.9484154977833842, 'g_stn_gpi_mult': 0.9954632502820797, 'g_gpe_gpi_mult': 1.5853772820692011}. Best is trial 102 with value: 0.29735011365907316.
[I 2026-05-28 22:41:10,484] Trial 427 finished with value: 105.50107108063722 and parameters: {'ISTN': 134.45578634222986, 'I_gpe': 3.664942377634981, 'I_gpi': 3.1484963420022307, 'noise_stn_sigma': 4.087066051322767, 'noise_gpe_sigma': 47.42477182191341, 'noise_gpi_sigma': 68.97003811684053, 'g_stn_gpe_mult': 0.895735310551218, 'g_gpe_stn_mult': 0.9962515521501486, 'g_stn_gpi_mult': 0.6408105048532485, 'g_gpe_gpi_mult': 1.296527065828509}. Best is trial 102 with value: 0.29735011365907316.
[I 2026-05-28 22:41:11,491] Trial 428 finished with value: 2.2748497261641165 and parameters: {'ISTN': 116.49242188059216, 'I_gpe': 2.9418707514294438, 'I_gpi': 4.204922092571699, 'noise_stn_sigma': 4.132422104198666, 'noise_gpe_sigma': 30.896247657174932, 'noise_gpi_sigma': 75.9517561181348, 'g_stn_gpe_mult': 1.2347293359625302, 'g_gpe_stn_mult': 0.9142851682803717, 'g_stn_gpi_mult': 0.5323933901669623, 'g_gpe_gpi_mult': 1.4479904560824164}. Best is trial 102 with value: 0.29735011365907316.
[I 2026-05-28 22:41:12,441] Trial 429 finished with value: 1000000.0 and parameters: {'ISTN': 123.75683416302668, 'I_gpe': 2.538485289820367, 'I_gpi': 5.274255513266656, 'noise_stn_sigma': 3.912773181333443, 'noise_gpe_sigma': 37.421712966883874, 'noise_gpi_sigma': 71.2313043832552, 'g_stn_gpe_mult': 1.3943146887532734, 'g_gpe_stn_mult': 0.9713895683844539, 'g_stn_gpi_mult': 0.6821898159078819, 'g_gpe_gpi_mult': 1.546560812968915}. Best is trial 102 with value: 0.29735011365907316.
[I 2026-05-28 22:41:13,445] Trial 430 finished with value: 106.88599767133766 and parameters: {'ISTN': 114.63148014070691, 'I_gpe': 2.8936680753964987, 'I_gpi': 4.422221490333532, 'noise_stn_sigma': 4.151915883932684, 'noise_gpe_sigma': 39.223802725919484, 'noise_gpi_sigma': 86.28883089815737, 'g_stn_gpe_mult': 1.165666371849437, 'g_gpe_stn_mult': 1.0979243718634246, 'g_stn_gpi_mult': 0.5520101741334577, 'g_gpe_gpi_mult': 1.490524129687368}. Best is trial 102 with value: 0.29735011365907316.
[I 2026-05-28 22:41:14,453] Trial 431 finished with value: 2.8174367257632085 and parameters: {'ISTN': 123.46105199119032, 'I_gpe': 3.467616929468731, 'I_gpi': 4.347596689597565, 'noise_stn_sigma': 4.398438711504922, 'noise_gpe_sigma': 43.16324274047235, 'noise_gpi_sigma': 68.49284723207342, 'g_stn_gpe_mult': 1.5474242677845758, 'g_gpe_stn_mult': 0.8919711099799391, 'g_stn_gpi_mult': 0.7191852819837179, 'g_gpe_gpi_mult': 1.690722828841915}. Best is trial 102 with value: 0.29735011365907316.
[I 2026-05-28 22:41:15,461] Trial 432 finished with value: 1.383335289262461 and parameters: {'ISTN': 124.12994581321455, 'I_gpe': 3.52965106800899, 'I_gpi': 3.4460022411542743, 'noise_stn_sigma': 3.434147839881586, 'noise_gpe_sigma': 39.091131354080076, 'noise_gpi_sigma': 54.799741276487794, 'g_stn_gpe_mult': 1.1649214037600315, 'g_gpe_stn_mult': 0.8672077338279001, 'g_stn_gpi_mult': 1.0880763951236354, 'g_gpe_gpi_mult': 1.4867672932101534}. Best is trial 102 with value: 0.29735011365907316.
[I 2026-05-28 22:41:16,471] Trial 433 finished with value: 1.9150509358670287 and parameters: {'ISTN': 121.65327751397669, 'I_gpe': 3.233782111954016, 'I_gpi': 4.442541994014303, 'noise_stn_sigma': 3.3724128647291667, 'noise_gpe_sigma': 28.022880095581954, 'noise_gpi_sigma': 69.15744971936402, 'g_stn_gpe_mult': 1.2879204182310207, 'g_gpe_stn_mult': 0.8882712945522563, 'g_stn_gpi_mult': 0.6784248900582744, 'g_gpe_gpi_mult': 1.3249359002188839}. Best is trial 102 with value: 0.29735011365907316.
[I 2026-05-28 22:41:17,479] Trial 434 finished with value: 4.963067479959441 and parameters: {'ISTN': 102.65889988562097, 'I_gpe': 3.482495437365858, 'I_gpi': 5.618889119977417, 'noise_stn_sigma': 3.8710669116430063, 'noise_gpe_sigma': 35.46495205833199, 'noise_gpi_sigma': 63.77842558168451, 'g_stn_gpe_mult': 1.3638477788823917, 'g_gpe_stn_mult': 0.7158166402222845, 'g_stn_gpi_mult': 0.6720930070645859, 'g_gpe_gpi_mult': 1.6292856332174854}. Best is trial 102 with value: 0.29735011365907316.
[I 2026-05-28 22:41:18,490] Trial 435 finished with value: 17.721055384028663 and parameters: {'ISTN': 118.60320554797872, 'I_gpe': 2.395616690552451, 'I_gpi': 4.450868438510185, 'noise_stn_sigma': 4.290130698527399, 'noise_gpe_sigma': 52.89979429477539, 'noise_gpi_sigma': 70.63330951682755, 'g_stn_gpe_mult': 1.4221960900513968, 'g_gpe_stn_mult': 0.9731790191310422, 'g_stn_gpi_mult': 0.9467345654558663, 'g_gpe_gpi_mult': 1.3586133964165072}. Best is trial 102 with value: 0.29735011365907316.
[I 2026-05-28 22:41:19,500] Trial 436 finished with value: 22.704598982903192 and parameters: {'ISTN': 133.9266988869446, 'I_gpe': 2.3350977845499776, 'I_gpi': 4.334288162071066, 'noise_stn_sigma': 3.917884054037182, 'noise_gpe_sigma': 41.676736142138935, 'noise_gpi_sigma': 68.18744705567067, 'g_stn_gpe_mult': 1.3351663258534514, 'g_gpe_stn_mult': 1.0999654948878133, 'g_stn_gpi_mult': 0.6882239764032012, 'g_gpe_gpi_mult': 1.4673569787574532}. Best is trial 102 with value: 0.29735011365907316.
[I 2026-05-28 22:41:20,508] Trial 437 finished with value: 2.300329297505549 and parameters: {'ISTN': 122.10779209936739, 'I_gpe': 3.065492594953448, 'I_gpi': 4.33353626207354, 'noise_stn_sigma': 3.096037691501322, 'noise_gpe_sigma': 51.526583652602476, 'noise_gpi_sigma': 85.80914663249945, 'g_stn_gpe_mult': 1.02078352502325, 'g_gpe_stn_mult': 0.9311407315249389, 'g_stn_gpi_mult': 0.5868029185118324, 'g_gpe_gpi_mult': 1.521348363695615}. Best is trial 102 with value: 0.29735011365907316.
[I 2026-05-28 22:41:21,516] Trial 438 finished with value: 2.0207280363044813 and parameters: {'ISTN': 116.15128496555201, 'I_gpe': 3.1520183405587865, 'I_gpi': 4.3104083648625515, 'noise_stn_sigma': 4.136724493625542, 'noise_gpe_sigma': 36.66482159844026, 'noise_gpi_sigma': 72.83291734920863, 'g_stn_gpe_mult': 1.354284447043319, 'g_gpe_stn_mult': 0.8693783608692769, 'g_stn_gpi_mult': 0.5923651850999927, 'g_gpe_gpi_mult': 1.6049763052154287}. Best is trial 102 with value: 0.29735011365907316.
[I 2026-05-28 22:41:22,520] Trial 439 finished with value: 107.67352272920006 and parameters: {'ISTN': 113.43182323314689, 'I_gpe': 3.30293283052506, 'I_gpi': 4.981235471146253, 'noise_stn_sigma': 3.780345443615065, 'noise_gpe_sigma': 38.830817283151276, 'noise_gpi_sigma': 90.33793253263832, 'g_stn_gpe_mult': 0.9906123287019248, 'g_gpe_stn_mult': 0.9656055239032579, 'g_stn_gpi_mult': 0.7483048134032735, 'g_gpe_gpi_mult': 1.4524257161990761}. Best is trial 102 with value: 0.29735011365907316.
