[I 2026-05-28 22:33:58,573] A new study created in memory with name: hh_healthy_450
[I 2026-05-28 22:34:01,035] Trial 0 finished with value: 108.79410516845272 and parameters: {'ISTN': 89.15699472487486, 'I_gpe': 6.459431545680802, 'I_gpi': 4.068864620086254, 'noise_stn_sigma': 3.7555933002392354, 'noise_gpe_sigma': 98.01905607969424, 'noise_gpi_sigma': 58.46462833693903, 'g_stn_gpe_mult': 1.251680695489907, 'g_gpe_stn_mult': 0.6080767000396423, 'g_stn_gpi_mult': 0.9026584701528068, 'g_gpe_gpi_mult': 1.2498237512383399}. Best is trial 0 with value: 108.79410516845272.
[I 2026-05-28 22:34:02,051] Trial 1 finished with value: 112.12760517703819 and parameters: {'ISTN': 109.13231751235458, 'I_gpe': 3.6803617741799286, 'I_gpi': 6.979242026124715, 'noise_stn_sigma': 3.5028857860668605, 'noise_gpe_sigma': 61.99363746750216, 'noise_gpi_sigma': 25.988641036687387, 'g_stn_gpe_mult': 1.5358143302788023, 'g_gpe_stn_mult': 1.3798644497392867, 'g_stn_gpi_mult': 1.553505445080434, 'g_gpe_gpi_mult': 1.3877393038153432}. Best is trial 0 with value: 108.79410516845272.
[I 2026-05-28 22:34:03,069] Trial 2 finished with value: 105.38491133601183 and parameters: {'ISTN': 161.03411962658495, 'I_gpe': 4.27937240955735, 'I_gpi': 2.4166568120331755, 'noise_stn_sigma': 3.052905681189431, 'noise_gpe_sigma': 51.262838560378086, 'noise_gpi_sigma': 60.27984204602172, 'g_stn_gpe_mult': 1.2915608086079977, 'g_gpe_stn_mult': 1.4612619022116748, 'g_stn_gpi_mult': 1.6121757872477787, 'g_gpe_gpi_mult': 1.1577545483888523}. Best is trial 2 with value: 105.38491133601183.
[I 2026-05-28 22:34:04,078] Trial 3 finished with value: 106.7204366185979 and parameters: {'ISTN': 173.79427020559513, 'I_gpe': 5.744397166905455, 'I_gpi': 1.8670737605661483, 'noise_stn_sigma': 2.061383723863207, 'noise_gpe_sigma': 47.85303790322607, 'noise_gpi_sigma': 39.52541139319986, 'g_stn_gpe_mult': 1.3833596986046943, 'g_gpe_stn_mult': 1.3948659710498421, 'g_stn_gpi_mult': 1.0524200419553935, 'g_gpe_gpi_mult': 1.9165053803109509}. Best is trial 2 with value: 105.38491133601183.
[I 2026-05-28 22:34:05,085] Trial 4 finished with value: 5.7325018735441375 and parameters: {'ISTN': 174.7735800949766, 'I_gpe': 3.6203684624609553, 'I_gpi': 6.19773205936171, 'noise_stn_sigma': 2.7638911908708077, 'noise_gpe_sigma': 42.83945946472709, 'noise_gpi_sigma': 36.768758458448374, 'g_stn_gpe_mult': 1.3807818168932455, 'g_gpe_stn_mult': 1.1093463806931618, 'g_stn_gpi_mult': 1.3453321030241858, 'g_gpe_gpi_mult': 1.11236176540941}. Best is trial 4 with value: 5.7325018735441375.
[I 2026-05-28 22:34:06,090] Trial 5 finished with value: 107.5585065348899 and parameters: {'ISTN': 140.94805496173495, 'I_gpe': 5.348722089794981, 'I_gpi': 4.439683921680336, 'noise_stn_sigma': 3.2434418833944503, 'noise_gpe_sigma': 86.98436741853146, 'noise_gpi_sigma': 60.3640128647695, 'g_stn_gpe_mult': 1.3548682274289652, 'g_gpe_stn_mult': 0.9425449352221527, 'g_stn_gpi_mult': 1.346484807068311, 'g_gpe_gpi_mult': 1.4706224217832518}. Best is trial 4 with value: 5.7325018735441375.
[I 2026-05-28 22:34:07,097] Trial 6 finished with value: 113.72957162902985 and parameters: {'ISTN': 142.29891142612797, 'I_gpe': 6.023354749766443, 'I_gpi': 7.006851113088834, 'noise_stn_sigma': 3.1910719561585426, 'noise_gpe_sigma': 60.64038848717427, 'noise_gpi_sigma': 77.89963339425532, 'g_stn_gpe_mult': 1.016634428950153, 'g_gpe_stn_mult': 1.5225712388453656, 'g_stn_gpi_mult': 1.2603092216157203, 'g_gpe_gpi_mult': 1.4895229765090838}. Best is trial 4 with value: 5.7325018735441375.
[I 2026-05-28 22:34:08,106] Trial 7 finished with value: 100.86176229376093 and parameters: {'ISTN': 158.9206373376556, 'I_gpe': 5.2431832415512405, 'I_gpi': 2.0703060721614555, 'noise_stn_sigma': 3.5313115799212196, 'noise_gpe_sigma': 47.44382640958468, 'noise_gpi_sigma': 51.93000990663712, 'g_stn_gpe_mult': 1.035077215503472, 'g_gpe_stn_mult': 0.6397171197379891, 'g_stn_gpi_mult': 1.3656394742971267, 'g_gpe_gpi_mult': 1.5092132296117495}. Best is trial 4 with value: 5.7325018735441375.
[I 2026-05-28 22:34:09,108] Trial 8 finished with value: 110.47404417657404 and parameters: {'ISTN': 138.6010643409924, 'I_gpe': 5.096436946067369, 'I_gpi': 6.061096740959421, 'noise_stn_sigma': 2.6844882216421064, 'noise_gpe_sigma': 53.0924373190869, 'noise_gpi_sigma': 57.372810920991796, 'g_stn_gpe_mult': 0.8344117248246048, 'g_gpe_stn_mult': 1.156498329766747, 'g_stn_gpi_mult': 1.3299829621290655, 'g_gpe_gpi_mult': 1.0993289015437784}. Best is trial 4 with value: 5.7325018735441375.
[I 2026-05-28 22:34:10,112] Trial 9 finished with value: 108.00229763887329 and parameters: {'ISTN': 151.1573910355308, 'I_gpe': 4.923633231168059, 'I_gpi': 4.9107150428275235, 'noise_stn_sigma': 2.0049381770806436, 'noise_gpe_sigma': 73.07059861195293, 'noise_gpi_sigma': 71.94124870117409, 'g_stn_gpe_mult': 1.5080296649414673, 'g_gpe_stn_mult': 1.0401652332921396, 'g_stn_gpi_mult': 1.0135026934138607, 'g_gpe_gpi_mult': 0.6939565340860234}. Best is trial 4 with value: 5.7325018735441375.
[I 2026-05-28 22:34:11,116] Trial 10 finished with value: 107.28116322355069 and parameters: {'ISTN': 126.60387632972828, 'I_gpe': 5.577798749411706, 'I_gpi': 3.9420977087625797, 'noise_stn_sigma': 3.500845190210945, 'noise_gpe_sigma': 39.16591844708823, 'noise_gpi_sigma': 68.05403932849018, 'g_stn_gpe_mult': 1.593937615726949, 'g_gpe_stn_mult': 1.6262428216673206, 'g_stn_gpi_mult': 0.883487047424653, 'g_gpe_gpi_mult': 1.3323807826918528}. Best is trial 4 with value: 5.7325018735441375.
[I 2026-05-28 22:34:12,122] Trial 11 finished with value: 107.32067494603034 and parameters: {'ISTN': 156.15207022149792, 'I_gpe': 5.046046576830476, 'I_gpi': 4.328549736958404, 'noise_stn_sigma': 1.647347676935092, 'noise_gpe_sigma': 42.993714120689305, 'noise_gpi_sigma': 32.567313559192485, 'g_stn_gpe_mult': 1.4365252662409136, 'g_gpe_stn_mult': 1.321496697659367, 'g_stn_gpi_mult': 1.3526618771084193, 'g_gpe_gpi_mult': 1.229072246371134}. Best is trial 4 with value: 5.7325018735441375.
[I 2026-05-28 22:34:13,125] Trial 12 finished with value: 109.77926591899882 and parameters: {'ISTN': 185.95969716284154, 'I_gpe': 6.2422597419638475, 'I_gpi': 5.005027798719751, 'noise_stn_sigma': 3.1819637180226943, 'noise_gpe_sigma': 55.801223398854766, 'noise_gpi_sigma': 55.15949196235923, 'g_stn_gpe_mult': 1.4154382202688636, 'g_gpe_stn_mult': 0.9395600479280481, 'g_stn_gpi_mult': 1.6024973307248085, 'g_gpe_gpi_mult': 0.9644750641905464}. Best is trial 4 with value: 5.7325018735441375.
[I 2026-05-28 22:34:14,136] Trial 13 finished with value: 31.869045850877562 and parameters: {'ISTN': 164.96501990701444, 'I_gpe': 3.922075608390709, 'I_gpi': 4.68069447631241, 'noise_stn_sigma': 3.5185211190709693, 'noise_gpe_sigma': 46.86016132532459, 'noise_gpi_sigma': 28.963738683865692, 'g_stn_gpe_mult': 1.3971598911136947, 'g_gpe_stn_mult': 0.9038312872445693, 'g_stn_gpi_mult': 1.4142531840173729, 'g_gpe_gpi_mult': 1.3699622119727506}. Best is trial 4 with value: 5.7325018735441375.
[I 2026-05-28 22:34:15,140] Trial 14 finished with value: 106.1358431944365 and parameters: {'ISTN': 179.7893762978878, 'I_gpe': 4.111583791223361, 'I_gpi': 3.684374253264532, 'noise_stn_sigma': 2.476770509009892, 'noise_gpe_sigma': 29.385536462454624, 'noise_gpi_sigma': 26.463772445811827, 'g_stn_gpe_mult': 1.4748387656611928, 'g_gpe_stn_mult': 1.5312705021784159, 'g_stn_gpi_mult': 1.254961284186066, 'g_gpe_gpi_mult': 1.4008540456448197}. Best is trial 4 with value: 5.7325018735441375.
[I 2026-05-28 22:34:16,143] Trial 15 finished with value: 106.06294362829975 and parameters: {'ISTN': 161.22303959881435, 'I_gpe': 5.24171171926043, 'I_gpi': 2.6625672887642633, 'noise_stn_sigma': 1.7851078733738097, 'noise_gpe_sigma': 47.110550391600476, 'noise_gpi_sigma': 46.89598893550795, 'g_stn_gpe_mult': 1.642648468261315, 'g_gpe_stn_mult': 1.2772602788755578, 'g_stn_gpi_mult': 1.7408620152863077, 'g_gpe_gpi_mult': 1.5491598086278864}. Best is trial 4 with value: 5.7325018735441375.
[I 2026-05-28 22:34:17,146] Trial 16 finished with value: 107.62515276867438 and parameters: {'ISTN': 165.53913038653275, 'I_gpe': 4.8075813238517, 'I_gpi': 4.60005961888173, 'noise_stn_sigma': 3.4386797230955524, 'noise_gpe_sigma': 43.81036571519027, 'noise_gpi_sigma': 15.85274743902057, 'g_stn_gpe_mult': 1.8127300947240055, 'g_gpe_stn_mult': 0.9235741271185317, 'g_stn_gpi_mult': 1.6118801182790907, 'g_gpe_gpi_mult': 1.309719335081581}. Best is trial 4 with value: 5.7325018735441375.
[I 2026-05-28 22:34:18,153] Trial 17 finished with value: 3.2114035696374432 and parameters: {'ISTN': 179.5169584893789, 'I_gpe': 4.305716871437514, 'I_gpi': 4.50330138390199, 'noise_stn_sigma': 3.560598107713516, 'noise_gpe_sigma': 48.41227044439484, 'noise_gpi_sigma': 45.0096640308887, 'g_stn_gpe_mult': 1.734367906019981, 'g_gpe_stn_mult': 0.979089312666997, 'g_stn_gpi_mult': 0.7527992965967544, 'g_gpe_gpi_mult': 1.132345489529953}. Best is trial 17 with value: 3.2114035696374432.
[I 2026-05-28 22:34:19,160] Trial 18 finished with value: 120.77817351304257 and parameters: {'ISTN': 173.05814665769338, 'I_gpe': 6.625412408503332, 'I_gpi': 3.4246083300693106, 'noise_stn_sigma': 2.358277463940476, 'noise_gpe_sigma': 71.44277933414321, 'noise_gpi_sigma': 50.461641410052, 'g_stn_gpe_mult': 1.0501191695429626, 'g_gpe_stn_mult': 0.6467658894122772, 'g_stn_gpi_mult': 1.5745396286069586, 'g_gpe_gpi_mult': 1.6272929251782942}. Best is trial 17 with value: 3.2114035696374432.
[I 2026-05-28 22:34:20,162] Trial 19 finished with value: 106.48191437566985 and parameters: {'ISTN': 160.43170644984735, 'I_gpe': 4.902393897206315, 'I_gpi': 3.7249129359276485, 'noise_stn_sigma': 3.6401382454817486, 'noise_gpe_sigma': 39.114523494987, 'noise_gpi_sigma': 48.5656178915425, 'g_stn_gpe_mult': 1.2412768725329677, 'g_gpe_stn_mult': 1.0087078483995437, 'g_stn_gpi_mult': 0.7566881504111334, 'g_gpe_gpi_mult': 0.9607156459553234}. Best is trial 17 with value: 3.2114035696374432.
[I 2026-05-28 22:34:21,168] Trial 20 finished with value: 2.456514862785335 and parameters: {'ISTN': 175.851943311051, 'I_gpe': 3.504175081346376, 'I_gpi': 3.702976519047948, 'noise_stn_sigma': 2.809525225106945, 'noise_gpe_sigma': 35.85780525678712, 'noise_gpi_sigma': 26.474502245319577, 'g_stn_gpe_mult': 1.2700785106124544, 'g_gpe_stn_mult': 1.1611031588511207, 'g_stn_gpi_mult': 1.4245451643078544, 'g_gpe_gpi_mult': 1.442920178686216}. Best is trial 20 with value: 2.456514862785335.
[I 2026-05-28 22:34:22,172] Trial 21 finished with value: 107.60543716588329 and parameters: {'ISTN': 165.01102713681814, 'I_gpe': 4.735898823548775, 'I_gpi': 4.614394281457349, 'noise_stn_sigma': 4.100013537631249, 'noise_gpe_sigma': 36.24379571705134, 'noise_gpi_sigma': 12.950582210062421, 'g_stn_gpe_mult': 1.5821793830781459, 'g_gpe_stn_mult': 1.3449088220591192, 'g_stn_gpi_mult': 1.3205468587656215, 'g_gpe_gpi_mult': 1.6104097553219716}. Best is trial 20 with value: 2.456514862785335.
[I 2026-05-28 22:34:23,183] Trial 22 finished with value: 103.25168265238544 and parameters: {'ISTN': 161.4685969162132, 'I_gpe': 3.741597832322699, 'I_gpi': 4.006512391777084, 'noise_stn_sigma': 4.1120856670150765, 'noise_gpe_sigma': 31.58492650390905, 'noise_gpi_sigma': 13.301924467486728, 'g_stn_gpe_mult': 1.5132676731711676, 'g_gpe_stn_mult': 0.7717735540943065, 'g_stn_gpi_mult': 1.2736860516031565, 'g_gpe_gpi_mult': 1.653987476334077}. Best is trial 20 with value: 2.456514862785335.
[I 2026-05-28 22:34:24,192] Trial 23 finished with value: 202.83503667528126 and parameters: {'ISTN': 191.82087474144313, 'I_gpe': 3.6809293109473615, 'I_gpi': 4.8363791821588045, 'noise_stn_sigma': 3.5398654580078337, 'noise_gpe_sigma': 32.06005866625594, 'noise_gpi_sigma': 17.237231673931085, 'g_stn_gpe_mult': 1.2168138989528896, 'g_gpe_stn_mult': 0.7860825679473464, 'g_stn_gpi_mult': 1.561198332450672, 'g_gpe_gpi_mult': 1.7481052936596826}. Best is trial 20 with value: 2.456514862785335.
[I 2026-05-28 22:34:25,204] Trial 24 finished with value: 173.9458465308512 and parameters: {'ISTN': 185.63960474113628, 'I_gpe': 3.2078683309075853, 'I_gpi': 5.3517847292144065, 'noise_stn_sigma': 1.937361928451944, 'noise_gpe_sigma': 24.63040068515543, 'noise_gpi_sigma': 19.59280443567283, 'g_stn_gpe_mult': 1.364421935784434, 'g_gpe_stn_mult': 0.9347013431726142, 'g_stn_gpi_mult': 1.1402012732678148, 'g_gpe_gpi_mult': 1.5735972725688652}. Best is trial 20 with value: 2.456514862785335.
[I 2026-05-28 22:34:26,207] Trial 25 finished with value: 108.01040152523387 and parameters: {'ISTN': 164.62538845187123, 'I_gpe': 3.963517045971073, 'I_gpi': 5.038781651894467, 'noise_stn_sigma': 3.8219763401833577, 'noise_gpe_sigma': 36.149043368396505, 'noise_gpi_sigma': 18.978147135278977, 'g_stn_gpe_mult': 1.4792410682722155, 'g_gpe_stn_mult': 1.322020578914116, 'g_stn_gpi_mult': 1.2018052707110467, 'g_gpe_gpi_mult': 1.1652934614253363}. Best is trial 20 with value: 2.456514862785335.
[I 2026-05-28 22:34:27,217] Trial 26 finished with value: 88.28650682239865 and parameters: {'ISTN': 148.85565243928107, 'I_gpe': 1.8997803309589012, 'I_gpi': 4.113627679529477, 'noise_stn_sigma': 3.4529632563704227, 'noise_gpe_sigma': 43.499037487977546, 'noise_gpi_sigma': 38.631140420485636, 'g_stn_gpe_mult': 1.2511365552977947, 'g_gpe_stn_mult': 0.8079588881548037, 'g_stn_gpi_mult': 1.7395852832090053, 'g_gpe_gpi_mult': 1.1259582065643001}. Best is trial 20 with value: 2.456514862785335.
[I 2026-05-28 22:34:28,223] Trial 27 finished with value: 108.10436082932208 and parameters: {'ISTN': 198.8905363498846, 'I_gpe': 5.136003311967441, 'I_gpi': 4.740977410192074, 'noise_stn_sigma': 4.588060607966267, 'noise_gpe_sigma': 27.596603894654372, 'noise_gpi_sigma': 13.756641384539762, 'g_stn_gpe_mult': 1.524840998923768, 'g_gpe_stn_mult': 1.2542448463411822, 'g_stn_gpi_mult': 1.1287820652718605, 'g_gpe_gpi_mult': 1.1656816826218548}. Best is trial 20 with value: 2.456514862785335.
[I 2026-05-28 22:34:29,228] Trial 28 finished with value: 106.80804276523284 and parameters: {'ISTN': 182.86820315824718, 'I_gpe': 4.0525374494933, 'I_gpi': 4.309859698725999, 'noise_stn_sigma': 3.854522133546706, 'noise_gpe_sigma': 19.83529675492185, 'noise_gpi_sigma': 51.5031254999448, 'g_stn_gpe_mult': 1.138450824468559, 'g_gpe_stn_mult': 1.3326190769549366, 'g_stn_gpi_mult': 1.1455594020226578, 'g_gpe_gpi_mult': 1.158621453958141}. Best is trial 20 with value: 2.456514862785335.
[I 2026-05-28 22:34:30,237] Trial 29 finished with value: 117.64175447159167 and parameters: {'ISTN': 165.24053717896737, 'I_gpe': 3.389666575090588, 'I_gpi': 4.114771774033633, 'noise_stn_sigma': 2.7970267305189918, 'noise_gpe_sigma': 49.121897662681185, 'noise_gpi_sigma': 45.2277745424229, 'g_stn_gpe_mult': 1.4236638241434214, 'g_gpe_stn_mult': 0.8178361257310278, 'g_stn_gpi_mult': 1.147126337804016, 'g_gpe_gpi_mult': 0.8394308119283018}. Best is trial 20 with value: 2.456514862785335.
[I 2026-05-28 22:34:31,245] Trial 30 finished with value: 72.93920327875696 and parameters: {'ISTN': 166.35847699251298, 'I_gpe': 3.3972455914466293, 'I_gpi': 3.0035210935425454, 'noise_stn_sigma': 2.3453841241481355, 'noise_gpe_sigma': 45.9590428059422, 'noise_gpi_sigma': 33.23927828747097, 'g_stn_gpe_mult': 1.4110069321483258, 'g_gpe_stn_mult': 0.9428922507961462, 'g_stn_gpi_mult': 1.1299232642445014, 'g_gpe_gpi_mult': 0.9983214988432088}. Best is trial 20 with value: 2.456514862785335.
[I 2026-05-28 22:34:32,256] Trial 31 finished with value: 135.9975078463916 and parameters: {'ISTN': 170.3812610977124, 'I_gpe': 3.2008107079651102, 'I_gpi': 3.329807509519518, 'noise_stn_sigma': 3.337699020577539, 'noise_gpe_sigma': 39.434515501608786, 'noise_gpi_sigma': 46.85324397731196, 'g_stn_gpe_mult': 0.8078779649818083, 'g_gpe_stn_mult': 0.8127937033451829, 'g_stn_gpi_mult': 1.032763575625843, 'g_gpe_gpi_mult': 1.0768529980623085}. Best is trial 20 with value: 2.456514862785335.
[I 2026-05-28 22:34:33,266] Trial 32 finished with value: 125.80558962380456 and parameters: {'ISTN': 179.62953814467954, 'I_gpe': 3.3353050486609175, 'I_gpi': 1.8865820802842588, 'noise_stn_sigma': 3.3234087637647285, 'noise_gpe_sigma': 49.154704960399194, 'noise_gpi_sigma': 18.75156483097548, 'g_stn_gpe_mult': 1.4882885961904675, 'g_gpe_stn_mult': 0.9500552424257336, 'g_stn_gpi_mult': 0.9316308938429185, 'g_gpe_gpi_mult': 0.9802100727293523}. Best is trial 20 with value: 2.456514862785335.
[I 2026-05-28 22:34:34,276] Trial 33 finished with value: 160.30748059307484 and parameters: {'ISTN': 188.13247731392448, 'I_gpe': 2.675995111858466, 'I_gpi': 2.3240731199322004, 'noise_stn_sigma': 3.6888593701814747, 'noise_gpe_sigma': 29.071105668821097, 'noise_gpi_sigma': 23.995748977524336, 'g_stn_gpe_mult': 1.3738785092528416, 'g_gpe_stn_mult': 1.0812306344415403, 'g_stn_gpi_mult': 1.5016267237067922, 'g_gpe_gpi_mult': 1.2119702974291082}. Best is trial 20 with value: 2.456514862785335.
[I 2026-05-28 22:34:35,282] Trial 34 finished with value: 3.8401846456190363 and parameters: {'ISTN': 169.64621714296902, 'I_gpe': 4.549751048682603, 'I_gpi': 2.872932278521862, 'noise_stn_sigma': 3.1015531828533582, 'noise_gpe_sigma': 42.57053599566716, 'noise_gpi_sigma': 58.39753082701679, 'g_stn_gpe_mult': 1.675008892162755, 'g_gpe_stn_mult': 0.8957239862419493, 'g_stn_gpi_mult': 1.257516673290336, 'g_gpe_gpi_mult': 1.405579049759031}. Best is trial 20 with value: 2.456514862785335.
[I 2026-05-28 22:34:36,291] Trial 35 finished with value: 134.81346222139962 and parameters: {'ISTN': 172.52053652250726, 'I_gpe': 2.596168150425164, 'I_gpi': 3.9755866218481133, 'noise_stn_sigma': 2.443482508907522, 'noise_gpe_sigma': 29.32613979534593, 'noise_gpi_sigma': 32.68097344441206, 'g_stn_gpe_mult': 1.3426463490233915, 'g_gpe_stn_mult': 0.6702561521779007, 'g_stn_gpi_mult': 1.1869556884662318, 'g_gpe_gpi_mult': 1.201862652667495}. Best is trial 20 with value: 2.456514862785335.
[I 2026-05-28 22:34:37,296] Trial 36 finished with value: 106.00219120343114 and parameters: {'ISTN': 133.50572273009527, 'I_gpe': 3.5193565952776193, 'I_gpi': 3.665428425003755, 'noise_stn_sigma': 2.613808144126525, 'noise_gpe_sigma': 67.87831648738415, 'noise_gpi_sigma': 23.84482423883149, 'g_stn_gpe_mult': 0.9114969698505111, 'g_gpe_stn_mult': 1.265421387898553, 'g_stn_gpi_mult': 1.6451570650590313, 'g_gpe_gpi_mult': 1.2515960703944649}. Best is trial 20 with value: 2.456514862785335.
[I 2026-05-28 22:34:38,304] Trial 37 finished with value: 1.4786219451064522 and parameters: {'ISTN': 170.38856982545764, 'I_gpe': 3.4024511825811485, 'I_gpi': 3.9945247180737313, 'noise_stn_sigma': 3.4302931536296257, 'noise_gpe_sigma': 48.51458380428387, 'noise_gpi_sigma': 26.729254139770017, 'g_stn_gpe_mult': 1.1681663893553385, 'g_gpe_stn_mult': 1.1507676114599845, 'g_stn_gpi_mult': 1.461130164371503, 'g_gpe_gpi_mult': 1.0776365903605831}. Best is trial 37 with value: 1.4786219451064522.
[I 2026-05-28 22:34:39,316] Trial 38 finished with value: 151.7553118305229 and parameters: {'ISTN': 177.85614004265153, 'I_gpe': 2.349754192116377, 'I_gpi': 4.757850697810981, 'noise_stn_sigma': 2.7164524361403166, 'noise_gpe_sigma': 33.11507192921876, 'noise_gpi_sigma': 31.465747309481717, 'g_stn_gpe_mult': 1.6386206094094808, 'g_gpe_stn_mult': 0.806258812409051, 'g_stn_gpi_mult': 1.3632303812388247, 'g_gpe_gpi_mult': 1.5428150358910846}. Best is trial 37 with value: 1.4786219451064522.
[I 2026-05-28 22:34:40,327] Trial 39 finished with value: 174.4336920766528 and parameters: {'ISTN': 184.53129676476817, 'I_gpe': 1.302728884063799, 'I_gpi': 5.847234498253109, 'noise_stn_sigma': 3.098864987145041, 'noise_gpe_sigma': 23.689041186275027, 'noise_gpi_sigma': 33.93961655426996, 'g_stn_gpe_mult': 1.3473265913214767, 'g_gpe_stn_mult': 1.079325012287912, 'g_stn_gpi_mult': 1.0772990411977807, 'g_gpe_gpi_mult': 1.099431343018842}. Best is trial 37 with value: 1.4786219451064522.
[I 2026-05-28 22:34:41,335] Trial 40 finished with value: 85.6458301027395 and parameters: {'ISTN': 146.17700816805052, 'I_gpe': 2.6721609802237825, 'I_gpi': 4.38560939644313, 'noise_stn_sigma': 2.608902845368928, 'noise_gpe_sigma': 55.32159171186787, 'noise_gpi_sigma': 44.341509182943426, 'g_stn_gpe_mult': 1.751236167786399, 'g_gpe_stn_mult': 0.7498731620660124, 'g_stn_gpi_mult': 1.2141937931449367, 'g_gpe_gpi_mult': 1.0022242952920943}. Best is trial 37 with value: 1.4786219451064522.
[I 2026-05-28 22:34:42,345] Trial 41 finished with value: 115.34801186163888 and parameters: {'ISTN': 159.79294220443825, 'I_gpe': 4.2550632519143345, 'I_gpi': 3.873419884387093, 'noise_stn_sigma': 3.861929648339039, 'noise_gpe_sigma': 38.29328187422163, 'noise_gpi_sigma': 29.637571755003957, 'g_stn_gpe_mult': 1.3257926266212579, 'g_gpe_stn_mult': 0.6096607774841304, 'g_stn_gpi_mult': 1.5440157489928337, 'g_gpe_gpi_mult': 1.1141921507834818}. Best is trial 37 with value: 1.4786219451064522.
[I 2026-05-28 22:34:43,354] Trial 42 finished with value: 104.67512925441221 and parameters: {'ISTN': 166.9642124724349, 'I_gpe': 3.46591966702418, 'I_gpi': 1.5686601537484552, 'noise_stn_sigma': 3.506455330467782, 'noise_gpe_sigma': 49.837230421865925, 'noise_gpi_sigma': 48.712734802316156, 'g_stn_gpe_mult': 1.3275368022458074, 'g_gpe_stn_mult': 0.8612904331422908, 'g_stn_gpi_mult': 1.688739993149515, 'g_gpe_gpi_mult': 0.8410141424104682}. Best is trial 37 with value: 1.4786219451064522.
[I 2026-05-28 22:34:44,361] Trial 43 finished with value: 27.275811068861824 and parameters: {'ISTN': 128.7831275304821, 'I_gpe': 3.5329797624078054, 'I_gpi': 3.262050403643695, 'noise_stn_sigma': 3.045324437406463, 'noise_gpe_sigma': 44.49613699629315, 'noise_gpi_sigma': 54.78293157540209, 'g_stn_gpe_mult': 1.4318912682837304, 'g_gpe_stn_mult': 0.7594237787924377, 'g_stn_gpi_mult': 1.5829096897915047, 'g_gpe_gpi_mult': 1.325721542084657}. Best is trial 37 with value: 1.4786219451064522.
