[I 2026-05-28 22:36:13,810] Trial 132 finished with value: 106.31672204795365 and parameters: {'ISTN': 129.5100758757392, 'I_gpe': 5.351029093418282, 'I_gpi': 3.0060420244901844, 'noise_stn_sigma': 4.0448928845001575, 'noise_gpe_sigma': 51.19273198835628, 'noise_gpi_sigma': 29.490707027248327, 'g_stn_gpe_mult': 0.7647735070353341, 'g_gpe_stn_mult': 0.9313285553504695, 'g_stn_gpi_mult': 1.2796174937878722, 'g_gpe_gpi_mult': 1.456265691169516}. Best is trial 102 with value: 0.29735011365907316.
[I 2026-05-28 22:36:14,822] Trial 133 finished with value: 43.35897553090251 and parameters: {'ISTN': 120.64059624496507, 'I_gpe': 3.008663764518136, 'I_gpi': 1.6978348468922215, 'noise_stn_sigma': 4.1268430861131, 'noise_gpe_sigma': 43.76507267064347, 'noise_gpi_sigma': 44.002391712982345, 'g_stn_gpe_mult': 1.0387601180597552, 'g_gpe_stn_mult': 0.5096213018656812, 'g_stn_gpi_mult': 1.4300887761342012, 'g_gpe_gpi_mult': 1.4126162177932895}. Best is trial 102 with value: 0.29735011365907316.
[I 2026-05-28 22:36:15,832] Trial 134 finished with value: 76.57677857888062 and parameters: {'ISTN': 144.78788228169324, 'I_gpe': 3.3015113043137814, 'I_gpi': 2.588718576426628, 'noise_stn_sigma': 3.943668027581095, 'noise_gpe_sigma': 28.764467171179753, 'noise_gpi_sigma': 52.78411663646555, 'g_stn_gpe_mult': 1.1796301089630377, 'g_gpe_stn_mult': 0.7445184950841095, 'g_stn_gpi_mult': 1.1068165597739603, 'g_gpe_gpi_mult': 1.2165756784215676}. Best is trial 102 with value: 0.29735011365907316.
[I 2026-05-28 22:36:16,841] Trial 135 finished with value: 75.44967192549407 and parameters: {'ISTN': 144.11467373796523, 'I_gpe': 4.03576469250895, 'I_gpi': 2.356414663115932, 'noise_stn_sigma': 4.430905705435885, 'noise_gpe_sigma': 60.426395789694574, 'noise_gpi_sigma': 40.41874871969107, 'g_stn_gpe_mult': 0.9966221490096178, 'g_gpe_stn_mult': 0.6644945672808812, 'g_stn_gpi_mult': 0.7371998274398499, 'g_gpe_gpi_mult': 1.7426192064415411}. Best is trial 102 with value: 0.29735011365907316.
[I 2026-05-28 22:36:17,845] Trial 136 finished with value: 106.25288903953037 and parameters: {'ISTN': 122.07336376367857, 'I_gpe': 5.385507943021022, 'I_gpi': 2.1028003384235014, 'noise_stn_sigma': 3.6299752871807027, 'noise_gpe_sigma': 52.23637471162082, 'noise_gpi_sigma': 29.66012544204407, 'g_stn_gpe_mult': 1.5037266012868549, 'g_gpe_stn_mult': 0.7000548892399037, 'g_stn_gpi_mult': 1.3748829357649464, 'g_gpe_gpi_mult': 1.6834916853527848}. Best is trial 102 with value: 0.29735011365907316.
[I 2026-05-28 22:36:18,852] Trial 137 finished with value: 59.21447944850471 and parameters: {'ISTN': 146.88390447685202, 'I_gpe': 2.473745977438601, 'I_gpi': 3.617094811371061, 'noise_stn_sigma': 3.742455505235811, 'noise_gpe_sigma': 46.56773780707959, 'noise_gpi_sigma': 33.62876973128536, 'g_stn_gpe_mult': 1.33523519858429, 'g_gpe_stn_mult': 1.0144581214687571, 'g_stn_gpi_mult': 1.5376999171081036, 'g_gpe_gpi_mult': 1.5548867687478918}. Best is trial 102 with value: 0.29735011365907316.
[I 2026-05-28 22:36:19,861] Trial 138 finished with value: 41.197591469964905 and parameters: {'ISTN': 154.3488867449297, 'I_gpe': 4.020912539397076, 'I_gpi': 3.788262025061314, 'noise_stn_sigma': 4.224666023585096, 'noise_gpe_sigma': 37.092305703888314, 'noise_gpi_sigma': 52.1833871567851, 'g_stn_gpe_mult': 1.3681536592543373, 'g_gpe_stn_mult': 0.8106133985256921, 'g_stn_gpi_mult': 1.0004558154380534, 'g_gpe_gpi_mult': 1.647712595765898}. Best is trial 102 with value: 0.29735011365907316.
[I 2026-05-28 22:36:20,872] Trial 139 finished with value: 35.90493450055561 and parameters: {'ISTN': 114.77183868185203, 'I_gpe': 2.624359318463923, 'I_gpi': 3.061127189694007, 'noise_stn_sigma': 4.71676893014098, 'noise_gpe_sigma': 43.76506589448684, 'noise_gpi_sigma': 53.53560838721615, 'g_stn_gpe_mult': 1.2666449690321104, 'g_gpe_stn_mult': 0.5545438001531976, 'g_stn_gpi_mult': 1.0970715423223654, 'g_gpe_gpi_mult': 1.447606988771049}. Best is trial 102 with value: 0.29735011365907316.
[I 2026-05-28 22:36:21,881] Trial 140 finished with value: 42.66220825047986 and parameters: {'ISTN': 121.46861896525402, 'I_gpe': 4.4059074196862955, 'I_gpi': 2.7533798596506207, 'noise_stn_sigma': 4.290376335941302, 'noise_gpe_sigma': 39.27605135853054, 'noise_gpi_sigma': 44.064055483193115, 'g_stn_gpe_mult': 0.9665552008717853, 'g_gpe_stn_mult': 0.5364201214529702, 'g_stn_gpi_mult': 1.3109711962585209, 'g_gpe_gpi_mult': 1.707581800409256}. Best is trial 102 with value: 0.29735011365907316.
[I 2026-05-28 22:36:22,892] Trial 141 finished with value: 5.695652164875738 and parameters: {'ISTN': 98.16230500595492, 'I_gpe': 3.9989107166401148, 'I_gpi': 4.348231877532634, 'noise_stn_sigma': 4.709701831218095, 'noise_gpe_sigma': 37.183689513817896, 'noise_gpi_sigma': 63.53650313339741, 'g_stn_gpe_mult': 1.033256775093613, 'g_gpe_stn_mult': 0.6080249690015379, 'g_stn_gpi_mult': 1.3099206899708618, 'g_gpe_gpi_mult': 1.6104386772758912}. Best is trial 102 with value: 0.29735011365907316.
[I 2026-05-28 22:36:23,902] Trial 142 finished with value: 64.04590872615852 and parameters: {'ISTN': 133.68533554314794, 'I_gpe': 4.604170108181161, 'I_gpi': 1.3397062589276731, 'noise_stn_sigma': 4.471010220090766, 'noise_gpe_sigma': 55.24736285274395, 'noise_gpi_sigma': 72.272553173033, 'g_stn_gpe_mult': 1.2718263201611077, 'g_gpe_stn_mult': 0.5200343167220053, 'g_stn_gpi_mult': 1.0324387901081622, 'g_gpe_gpi_mult': 1.5812862655691386}. Best is trial 102 with value: 0.29735011365907316.
[I 2026-05-28 22:36:24,912] Trial 143 finished with value: 53.69022474326463 and parameters: {'ISTN': 127.85718879323795, 'I_gpe': 4.344555283071365, 'I_gpi': 2.9439833362464105, 'noise_stn_sigma': 4.084392699195357, 'noise_gpe_sigma': 41.77087902359919, 'noise_gpi_sigma': 59.31873269507522, 'g_stn_gpe_mult': 1.361420345596993, 'g_gpe_stn_mult': 0.5014499210605942, 'g_stn_gpi_mult': 1.0215237675174371, 'g_gpe_gpi_mult': 1.4824920216655184}. Best is trial 102 with value: 0.29735011365907316.
[I 2026-05-28 22:36:25,920] Trial 144 finished with value: 81.9310860051687 and parameters: {'ISTN': 145.00727110556568, 'I_gpe': 2.8530515615948384, 'I_gpi': 2.7871393406248703, 'noise_stn_sigma': 3.430163573585806, 'noise_gpe_sigma': 47.49930134121091, 'noise_gpi_sigma': 42.961900826581555, 'g_stn_gpe_mult': 1.0599275577302643, 'g_gpe_stn_mult': 0.7543962431526074, 'g_stn_gpi_mult': 1.2405788687198183, 'g_gpe_gpi_mult': 1.5201606907744756}. Best is trial 102 with value: 0.29735011365907316.
[I 2026-05-28 22:36:26,930] Trial 145 finished with value: 19.427750855952493 and parameters: {'ISTN': 100.09571475196334, 'I_gpe': 3.743504528671306, 'I_gpi': 2.7499528038026106, 'noise_stn_sigma': 4.983351386818502, 'noise_gpe_sigma': 40.81587605240284, 'noise_gpi_sigma': 40.93037612921344, 'g_stn_gpe_mult': 1.6529266753044662, 'g_gpe_stn_mult': 0.5160976114790641, 'g_stn_gpi_mult': 1.3469360327225681, 'g_gpe_gpi_mult': 1.5808066476436824}. Best is trial 102 with value: 0.29735011365907316.
[I 2026-05-28 22:36:27,940] Trial 146 finished with value: 41.55166627573611 and parameters: {'ISTN': 122.03539068610166, 'I_gpe': 2.485747141890927, 'I_gpi': 3.656039343117729, 'noise_stn_sigma': 3.5908667160391037, 'noise_gpe_sigma': 50.704428856515406, 'noise_gpi_sigma': 42.44154235276089, 'g_stn_gpe_mult': 1.334524752120431, 'g_gpe_stn_mult': 0.7848149920749354, 'g_stn_gpi_mult': 1.1171062668096061, 'g_gpe_gpi_mult': 1.617711291148876}. Best is trial 102 with value: 0.29735011365907316.
[I 2026-05-28 22:36:28,952] Trial 147 finished with value: 47.18721366566338 and parameters: {'ISTN': 125.12007983881736, 'I_gpe': 2.602758751209275, 'I_gpi': 3.780218837811258, 'noise_stn_sigma': 3.9686049633406872, 'noise_gpe_sigma': 44.82009264458733, 'noise_gpi_sigma': 37.51259593177681, 'g_stn_gpe_mult': 1.1396764114749884, 'g_gpe_stn_mult': 0.7591246620845795, 'g_stn_gpi_mult': 1.4086705438861862, 'g_gpe_gpi_mult': 1.465252608953044}. Best is trial 102 with value: 0.29735011365907316.
[I 2026-05-28 22:36:29,957] Trial 148 finished with value: 3.788430988519861 and parameters: {'ISTN': 109.25381352160416, 'I_gpe': 3.6651169067313245, 'I_gpi': 4.304352896723954, 'noise_stn_sigma': 3.9071813878165167, 'noise_gpe_sigma': 36.946984062743326, 'noise_gpi_sigma': 44.28250565259297, 'g_stn_gpe_mult': 1.4339007794692686, 'g_gpe_stn_mult': 0.7755832241390948, 'g_stn_gpi_mult': 1.3694421018282834, 'g_gpe_gpi_mult': 1.6272898949879142}. Best is trial 102 with value: 0.29735011365907316.
[I 2026-05-28 22:36:30,966] Trial 149 finished with value: 25.629854928970193 and parameters: {'ISTN': 103.97587719069931, 'I_gpe': 2.741377685309404, 'I_gpi': 2.2062104842866708, 'noise_stn_sigma': 4.534352379275194, 'noise_gpe_sigma': 51.04493342286955, 'noise_gpi_sigma': 72.86447036700599, 'g_stn_gpe_mult': 0.9505799108541495, 'g_gpe_stn_mult': 0.5020807191031136, 'g_stn_gpi_mult': 1.4998143365940662, 'g_gpe_gpi_mult': 1.6219332908463215}. Best is trial 102 with value: 0.29735011365907316.
[I 2026-05-28 22:36:31,976] Trial 150 finished with value: 51.50722411517498 and parameters: {'ISTN': 128.02405408323062, 'I_gpe': 3.0813634968492982, 'I_gpi': 2.587282090109278, 'noise_stn_sigma': 3.649256549032525, 'noise_gpe_sigma': 37.9835710992888, 'noise_gpi_sigma': 61.43325157396784, 'g_stn_gpe_mult': 1.0289463516099708, 'g_gpe_stn_mult': 0.5236368209578999, 'g_stn_gpi_mult': 1.1367708325478936, 'g_gpe_gpi_mult': 1.5561281257909851}. Best is trial 102 with value: 0.29735011365907316.
[I 2026-05-28 22:36:32,984] Trial 151 finished with value: 3.620095983767468 and parameters: {'ISTN': 100.36169327751129, 'I_gpe': 2.774949636017509, 'I_gpi': 4.633858249309401, 'noise_stn_sigma': 4.270598541846946, 'noise_gpe_sigma': 43.65453283467362, 'noise_gpi_sigma': 41.18461109224938, 'g_stn_gpe_mult': 1.5154636587265367, 'g_gpe_stn_mult': 0.9142986098368927, 'g_stn_gpi_mult': 1.4493381370455092, 'g_gpe_gpi_mult': 1.8294644971973792}. Best is trial 102 with value: 0.29735011365907316.
[I 2026-05-28 22:36:33,989] Trial 152 finished with value: 105.65101526120952 and parameters: {'ISTN': 106.13379713883249, 'I_gpe': 3.690635111436409, 'I_gpi': 3.3041646192541547, 'noise_stn_sigma': 3.815386177742765, 'noise_gpe_sigma': 39.339388478896154, 'noise_gpi_sigma': 52.76809419657959, 'g_stn_gpe_mult': 1.2839609177361009, 'g_gpe_stn_mult': 0.8092528084838496, 'g_stn_gpi_mult': 1.2586304764773004, 'g_gpe_gpi_mult': 1.4511274062142714}. Best is trial 102 with value: 0.29735011365907316.
[I 2026-05-28 22:36:34,997] Trial 153 finished with value: 19.64011768227398 and parameters: {'ISTN': 93.4634214136698, 'I_gpe': 3.4360161721577596, 'I_gpi': 5.076192802948057, 'noise_stn_sigma': 4.724810166492876, 'noise_gpe_sigma': 57.93791657384671, 'noise_gpi_sigma': 54.77657702694803, 'g_stn_gpe_mult': 1.2143837530422052, 'g_gpe_stn_mult': 0.5060229700541312, 'g_stn_gpi_mult': 1.3669074997864021, 'g_gpe_gpi_mult': 1.5436677566765473}. Best is trial 102 with value: 0.29735011365907316.
[I 2026-05-28 22:36:36,001] Trial 154 finished with value: 106.58821314012488 and parameters: {'ISTN': 117.36011560775664, 'I_gpe': 3.872678691870314, 'I_gpi': 4.207906308673974, 'noise_stn_sigma': 4.50519198006979, 'noise_gpe_sigma': 32.003929091178016, 'noise_gpi_sigma': 52.167758574859675, 'g_stn_gpe_mult': 1.3171273696315147, 'g_gpe_stn_mult': 0.8731825372016961, 'g_stn_gpi_mult': 1.0472295614254, 'g_gpe_gpi_mult': 1.9822595403781533}. Best is trial 102 with value: 0.29735011365907316.
[I 2026-05-28 22:36:37,012] Trial 155 finished with value: 7.144114554868271 and parameters: {'ISTN': 115.28372458911764, 'I_gpe': 3.0449557276738277, 'I_gpi': 2.643127600704905, 'noise_stn_sigma': 4.967256751012748, 'noise_gpe_sigma': 55.02182851921954, 'noise_gpi_sigma': 55.48797453095279, 'g_stn_gpe_mult': 1.5947909490616456, 'g_gpe_stn_mult': 0.8467118278578628, 'g_stn_gpi_mult': 1.4824531161019616, 'g_gpe_gpi_mult': 1.6491644884176004}. Best is trial 102 with value: 0.29735011365907316.
[I 2026-05-28 22:36:38,014] Trial 156 finished with value: 106.05428355379105 and parameters: {'ISTN': 117.39613201922222, 'I_gpe': 4.5693582423307255, 'I_gpi': 3.5523368367291974, 'noise_stn_sigma': 3.2464119482371743, 'noise_gpe_sigma': 46.096286354960704, 'noise_gpi_sigma': 49.50880757434859, 'g_stn_gpe_mult': 1.210943315925839, 'g_gpe_stn_mult': 0.7213197100320395, 'g_stn_gpi_mult': 1.1444749853275913, 'g_gpe_gpi_mult': 1.8757303757304913}. Best is trial 102 with value: 0.29735011365907316.
[I 2026-05-28 22:36:39,021] Trial 157 finished with value: 4.928409058232336 and parameters: {'ISTN': 119.25844658602384, 'I_gpe': 3.507508734207532, 'I_gpi': 3.4605080504086136, 'noise_stn_sigma': 3.710536541005671, 'noise_gpe_sigma': 39.30026230816537, 'noise_gpi_sigma': 37.61253064904177, 'g_stn_gpe_mult': 1.5985737860981144, 'g_gpe_stn_mult': 0.8947407184569911, 'g_stn_gpi_mult': 1.516233950828451, 'g_gpe_gpi_mult': 1.5367587068332509}. Best is trial 102 with value: 0.29735011365907316.
[I 2026-05-28 22:36:40,028] Trial 158 finished with value: 10.89630080644233 and parameters: {'ISTN': 81.93623145827169, 'I_gpe': 3.1875093456347026, 'I_gpi': 5.336926858999848, 'noise_stn_sigma': 4.4040679112178385, 'noise_gpe_sigma': 23.5215859573236, 'noise_gpi_sigma': 42.95674916358129, 'g_stn_gpe_mult': 1.4166232354168085, 'g_gpe_stn_mult': 0.5497771910797543, 'g_stn_gpi_mult': 1.4619434772493975, 'g_gpe_gpi_mult': 1.7043406206088203}. Best is trial 102 with value: 0.29735011365907316.
[I 2026-05-28 22:36:41,034] Trial 159 finished with value: 5.2983613864698995 and parameters: {'ISTN': 98.27572169785151, 'I_gpe': 5.083243887791952, 'I_gpi': 3.091714031201969, 'noise_stn_sigma': 3.6985983805938503, 'noise_gpe_sigma': 45.3833825468132, 'noise_gpi_sigma': 55.521652417596655, 'g_stn_gpe_mult': 1.4803149103099482, 'g_gpe_stn_mult': 0.5370271507552501, 'g_stn_gpi_mult': 1.4511881587758344, 'g_gpe_gpi_mult': 1.3751152463866922}. Best is trial 102 with value: 0.29735011365907316.
[I 2026-05-28 22:36:42,044] Trial 160 finished with value: 17.99324903622039 and parameters: {'ISTN': 96.50073197016272, 'I_gpe': 2.390431221190989, 'I_gpi': 3.9440138034320844, 'noise_stn_sigma': 3.7394469470594154, 'noise_gpe_sigma': 66.78161033415785, 'noise_gpi_sigma': 46.80087179241617, 'g_stn_gpe_mult': 1.4755927332307492, 'g_gpe_stn_mult': 0.6625957435345122, 'g_stn_gpi_mult': 1.4719207383009392, 'g_gpe_gpi_mult': 1.612090631632405}. Best is trial 102 with value: 0.29735011365907316.
[I 2026-05-28 22:36:43,055] Trial 161 finished with value: 8.246253725418603 and parameters: {'ISTN': 116.65884229534646, 'I_gpe': 3.360045699766072, 'I_gpi': 6.137433038546289, 'noise_stn_sigma': 3.6414962605660675, 'noise_gpe_sigma': 50.90811416071215, 'noise_gpi_sigma': 50.62262257506424, 'g_stn_gpe_mult': 1.8625866210747524, 'g_gpe_stn_mult': 0.8066962630176092, 'g_stn_gpi_mult': 1.6721489608434477, 'g_gpe_gpi_mult': 1.5841124457502418}. Best is trial 102 with value: 0.29735011365907316.
[I 2026-05-28 22:36:44,062] Trial 162 finished with value: 3.6888643996416954 and parameters: {'ISTN': 142.41077627216802, 'I_gpe': 4.516001785529763, 'I_gpi': 4.694590045522187, 'noise_stn_sigma': 4.109504426609092, 'noise_gpe_sigma': 34.84112767823367, 'noise_gpi_sigma': 44.26351988176207, 'g_stn_gpe_mult': 1.2063356025418437, 'g_gpe_stn_mult': 0.7488538575014378, 'g_stn_gpi_mult': 1.4802578030686087, 'g_gpe_gpi_mult': 1.445442646961535}. Best is trial 102 with value: 0.29735011365907316.
[I 2026-05-28 22:36:45,066] Trial 163 finished with value: 105.39329925855026 and parameters: {'ISTN': 95.35213426017988, 'I_gpe': 2.8858591271182745, 'I_gpi': 2.9806268990208618, 'noise_stn_sigma': 4.455002309902712, 'noise_gpe_sigma': 38.002698137197484, 'noise_gpi_sigma': 38.35494033328625, 'g_stn_gpe_mult': 1.202282581402626, 'g_gpe_stn_mult': 0.9566343023704901, 'g_stn_gpi_mult': 1.2922884546736984, 'g_gpe_gpi_mult': 1.575686833943191}. Best is trial 102 with value: 0.29735011365907316.
[I 2026-05-28 22:36:46,072] Trial 164 finished with value: 105.62978575417858 and parameters: {'ISTN': 103.6413746204454, 'I_gpe': 4.495621604187509, 'I_gpi': 2.8833085738156496, 'noise_stn_sigma': 3.705421197789108, 'noise_gpe_sigma': 52.04180093758131, 'noise_gpi_sigma': 29.337403956272365, 'g_stn_gpe_mult': 1.5134409650076213, 'g_gpe_stn_mult': 0.6565765102431877, 'g_stn_gpi_mult': 1.9526538086899639, 'g_gpe_gpi_mult': 1.6048464120176007}. Best is trial 102 with value: 0.29735011365907316.
[I 2026-05-28 22:36:47,075] Trial 165 finished with value: 107.03447596406656 and parameters: {'ISTN': 112.53968315528112, 'I_gpe': 5.642189848926884, 'I_gpi': 3.5503825113172565, 'noise_stn_sigma': 4.258541132267235, 'noise_gpe_sigma': 38.946865415443895, 'noise_gpi_sigma': 38.669454080117774, 'g_stn_gpe_mult': 1.554739911142249, 'g_gpe_stn_mult': 0.956964003929051, 'g_stn_gpi_mult': 1.2412581923366108, 'g_gpe_gpi_mult': 1.7133713404935973}. Best is trial 102 with value: 0.29735011365907316.
[I 2026-05-28 22:36:48,082] Trial 166 finished with value: 13.515649957737017 and parameters: {'ISTN': 123.45340825017544, 'I_gpe': 2.269454892473521, 'I_gpi': 3.5588657760279414, 'noise_stn_sigma': 4.213555434453345, 'noise_gpe_sigma': 63.81396744891465, 'noise_gpi_sigma': 53.86936721491933, 'g_stn_gpe_mult': 1.8360136806837342, 'g_gpe_stn_mult': 1.0686211749485828, 'g_stn_gpi_mult': 1.3457925639259827, 'g_gpe_gpi_mult': 1.5538000585739302}. Best is trial 102 with value: 0.29735011365907316.
[I 2026-05-28 22:36:49,087] Trial 167 finished with value: 105.84826684925481 and parameters: {'ISTN': 104.80860360097817, 'I_gpe': 4.382702589632125, 'I_gpi': 3.414053948501095, 'noise_stn_sigma': 4.7263491792213985, 'noise_gpe_sigma': 47.48601259445785, 'noise_gpi_sigma': 53.457935260053524, 'g_stn_gpe_mult': 1.201948588312627, 'g_gpe_stn_mult': 0.83576254011442, 'g_stn_gpi_mult': 1.771234388491222, 'g_gpe_gpi_mult': 1.7823831597385527}. Best is trial 102 with value: 0.29735011365907316.
[I 2026-05-28 22:36:50,090] Trial 168 finished with value: 106.12049554779772 and parameters: {'ISTN': 134.36325579926185, 'I_gpe': 3.7162621981952437, 'I_gpi': 3.8906278536679757, 'noise_stn_sigma': 4.212389263848796, 'noise_gpe_sigma': 63.245865337070356, 'noise_gpi_sigma': 52.81172944491633, 'g_stn_gpe_mult': 1.6280434930680394, 'g_gpe_stn_mult': 0.9979368144021862, 'g_stn_gpi_mult': 1.5496476856540395, 'g_gpe_gpi_mult': 1.050834363287529}. Best is trial 102 with value: 0.29735011365907316.
[I 2026-05-28 22:36:51,100] Trial 169 finished with value: 44.41104190593232 and parameters: {'ISTN': 142.04875402872224, 'I_gpe': 2.74013721843383, 'I_gpi': 1.8690855024591118, 'noise_stn_sigma': 4.183676311024675, 'noise_gpe_sigma': 43.41382969067775, 'noise_gpi_sigma': 33.716778585562025, 'g_stn_gpe_mult': 1.6340655998182676, 'g_gpe_stn_mult': 0.9459227764069468, 'g_stn_gpi_mult': 1.7791135881181517, 'g_gpe_gpi_mult': 1.627034915539042}. Best is trial 102 with value: 0.29735011365907316.
[I 2026-05-28 22:36:52,105] Trial 170 finished with value: 105.64034213446423 and parameters: {'ISTN': 140.62383575026746, 'I_gpe': 2.553085142009583, 'I_gpi': 3.6981164410277616, 'noise_stn_sigma': 4.09078770055285, 'noise_gpe_sigma': 38.61680904027344, 'noise_gpi_sigma': 56.71467390837541, 'g_stn_gpe_mult': 1.69054286287566, 'g_gpe_stn_mult': 1.3785764694567473, 'g_stn_gpi_mult': 1.8285610328389486, 'g_gpe_gpi_mult': 1.483582674744175}. Best is trial 102 with value: 0.29735011365907316.
[I 2026-05-28 22:36:53,116] Trial 171 finished with value: 85.60435399813217 and parameters: {'ISTN': 144.72604980589648, 'I_gpe': 3.049092278349725, 'I_gpi': 5.524122778594075, 'noise_stn_sigma': 4.314175909492208, 'noise_gpe_sigma': 55.19324900692354, 'noise_gpi_sigma': 25.652323441163066, 'g_stn_gpe_mult': 1.2212298416257943, 'g_gpe_stn_mult': 0.6506912873176227, 'g_stn_gpi_mult': 1.3813085952292155, 'g_gpe_gpi_mult': 1.1491616823465547}. Best is trial 102 with value: 0.29735011365907316.
[I 2026-05-28 22:36:54,121] Trial 172 finished with value: 4.418130303530093 and parameters: {'ISTN': 101.99390148567687, 'I_gpe': 3.960848796960618, 'I_gpi': 3.460629283098701, 'noise_stn_sigma': 3.0553668688163422, 'noise_gpe_sigma': 33.69445082892058, 'noise_gpi_sigma': 37.494586286404626, 'g_stn_gpe_mult': 1.3452467042550325, 'g_gpe_stn_mult': 0.692603792313347, 'g_stn_gpi_mult': 1.3157581473188649, 'g_gpe_gpi_mult': 1.5805766106401438}. Best is trial 102 with value: 0.29735011365907316.
[I 2026-05-28 22:36:55,129] Trial 173 finished with value: 13.000991239874473 and parameters: {'ISTN': 133.25089806295492, 'I_gpe': 3.6849894662264586, 'I_gpi': 2.9968693953426326, 'noise_stn_sigma': 3.6058005251075476, 'noise_gpe_sigma': 46.766398960859426, 'noise_gpi_sigma': 27.243697827954588, 'g_stn_gpe_mult': 1.6065805356885074, 'g_gpe_stn_mult': 0.8028023236868459, 'g_stn_gpi_mult': 1.4276240308189685, 'g_gpe_gpi_mult': 1.6269588398721693}. Best is trial 102 with value: 0.29735011365907316.
[I 2026-05-28 22:36:56,136] Trial 174 finished with value: 4.127962544673891 and parameters: {'ISTN': 151.14881116306577, 'I_gpe': 3.312119513679928, 'I_gpi': 4.966932891199523, 'noise_stn_sigma': 4.241353800101855, 'noise_gpe_sigma': 55.19022196377868, 'noise_gpi_sigma': 37.11818747775243, 'g_stn_gpe_mult': 1.6567935759914418, 'g_gpe_stn_mult': 1.1040912143472412, 'g_stn_gpi_mult': 1.4654833897615849, 'g_gpe_gpi_mult': 1.3030195105989133}. Best is trial 102 with value: 0.29735011365907316.
[I 2026-05-28 22:36:57,139] Trial 175 finished with value: 111.39508268334 and parameters: {'ISTN': 146.17572748178594, 'I_gpe': 4.338847896965967, 'I_gpi': 6.629751416064811, 'noise_stn_sigma': 3.621526625941586, 'noise_gpe_sigma': 53.17646905999397, 'noise_gpi_sigma': 34.552693703379376, 'g_stn_gpe_mult': 1.6320286932234183, 'g_gpe_stn_mult': 1.107856293413532, 'g_stn_gpi_mult': 1.4135312527308885, 'g_gpe_gpi_mult': 1.3565969828825983}. Best is trial 102 with value: 0.29735011365907316.
