[I 2026-05-28 22:51:04,324] A new study created in memory with name: hh_healthy_450
[I 2026-05-28 22:51:06,724] Trial 0 finished with value: 105.36830947089524 and parameters: {'ISTN': 163.5763022717434, 'I_gpe': 3.0029753446526564, 'I_gpi': 2.587960174949422, 'noise_stn_sigma': 2.9809164608730105, 'noise_gpe_sigma': 74.75220728070067, 'noise_gpi_sigma': 48.07958141120149, 'g_stn_gpe_mult': 1.9711462975769232, 'g_gpe_stn_mult': 1.527244607877295, 'g_stn_gpi_mult': 1.2213978522265414, 'g_gpe_gpi_mult': 1.0881762772912258}. Best is trial 0 with value: 105.36830947089524.
[I 2026-05-28 22:51:07,729] Trial 1 finished with value: 110.47579118027578 and parameters: {'ISTN': 127.81498547501144, 'I_gpe': 5.027834000789698, 'I_gpi': 6.104107092431547, 'noise_stn_sigma': 2.4543678682095025, 'noise_gpe_sigma': 87.4043583878254, 'noise_gpi_sigma': 43.81688567879886, 'g_stn_gpe_mult': 0.8340480842770562, 'g_gpe_stn_mult': 1.1030879076939906, 'g_stn_gpi_mult': 1.4255440561760895, 'g_gpe_gpi_mult': 1.231495385023178}. Best is trial 0 with value: 105.36830947089524.
[I 2026-05-28 22:51:08,729] Trial 2 finished with value: 110.11091103487071 and parameters: {'ISTN': 140.85866433254063, 'I_gpe': 4.088308772441755, 'I_gpi': 6.1069476977333785, 'noise_stn_sigma': 3.995882260456022, 'noise_gpe_sigma': 48.89431555821152, 'noise_gpi_sigma': 31.004108983659993, 'g_stn_gpe_mult': 0.7778509906722382, 'g_gpe_stn_mult': 1.226053100589427, 'g_stn_gpi_mult': 1.5136809549680166, 'g_gpe_gpi_mult': 1.5943376929468447}. Best is trial 0 with value: 105.36830947089524.
[I 2026-05-28 22:51:09,731] Trial 3 finished with value: 107.57677936964515 and parameters: {'ISTN': 174.74904851074012, 'I_gpe': 3.6899924005765006, 'I_gpi': 4.906252584626741, 'noise_stn_sigma': 2.83270641729757, 'noise_gpe_sigma': 70.6387290857179, 'noise_gpi_sigma': 53.64812127672606, 'g_stn_gpe_mult': 0.9899993594970784, 'g_gpe_stn_mult': 1.5265282026869844, 'g_stn_gpi_mult': 0.9707773401923343, 'g_gpe_gpi_mult': 1.2343801529379215}. Best is trial 0 with value: 105.36830947089524.
[I 2026-05-28 22:51:10,734] Trial 4 finished with value: 7.578273895982184 and parameters: {'ISTN': 172.1663813556247, 'I_gpe': 4.346294166255313, 'I_gpi': 5.992572735182503, 'noise_stn_sigma': 3.4660053245039033, 'noise_gpe_sigma': 64.02334084500174, 'noise_gpi_sigma': 59.03286259562751, 'g_stn_gpe_mult': 1.0839286764407876, 'g_gpe_stn_mult': 0.9631389252324398, 'g_stn_gpi_mult': 1.1745010106969493, 'g_gpe_gpi_mult': 0.9133581970149927}. Best is trial 4 with value: 7.578273895982184.
[I 2026-05-28 22:51:11,740] Trial 5 finished with value: 92.50872732114179 and parameters: {'ISTN': 150.84726165917812, 'I_gpe': 1.8972917016789528, 'I_gpi': 4.270270575266359, 'noise_stn_sigma': 3.619170745692682, 'noise_gpe_sigma': 50.08206349045679, 'noise_gpi_sigma': 55.24321541657228, 'g_stn_gpe_mult': 1.0000729791449705, 'g_gpe_stn_mult': 0.9391177643820042, 'g_stn_gpi_mult': 1.099128362400838, 'g_gpe_gpi_mult': 1.3365941606271874}. Best is trial 4 with value: 7.578273895982184.
[I 2026-05-28 22:51:12,742] Trial 6 finished with value: 110.11012757649677 and parameters: {'ISTN': 165.33799498521344, 'I_gpe': 5.820074909468895, 'I_gpi': 5.5657375999616026, 'noise_stn_sigma': 2.2944208252011307, 'noise_gpe_sigma': 75.49588500118713, 'noise_gpi_sigma': 52.682924305967745, 'g_stn_gpe_mult': 1.2370392060844795, 'g_gpe_stn_mult': 1.2352912893526702, 'g_stn_gpi_mult': 1.7829797985647338, 'g_gpe_gpi_mult': 1.5086832853703633}. Best is trial 4 with value: 7.578273895982184.
[I 2026-05-28 22:51:13,742] Trial 7 finished with value: 110.51389544339345 and parameters: {'ISTN': 106.59705323817447, 'I_gpe': 5.955197232674982, 'I_gpi': 5.645794977574537, 'noise_stn_sigma': 3.1368234812471876, 'noise_gpe_sigma': 60.592340836068445, 'noise_gpi_sigma': 66.76849281026641, 'g_stn_gpe_mult': 1.5975546834760241, 'g_gpe_stn_mult': 1.0983366693067762, 'g_stn_gpi_mult': 1.3096239233436755, 'g_gpe_gpi_mult': 1.1133358513677813}. Best is trial 4 with value: 7.578273895982184.
[I 2026-05-28 22:51:14,744] Trial 8 finished with value: 105.88422230675803 and parameters: {'ISTN': 153.86885419066755, 'I_gpe': 3.6443899147861143, 'I_gpi': 1.1197797128385663, 'noise_stn_sigma': 1.939718513014939, 'noise_gpe_sigma': 55.13798134003504, 'noise_gpi_sigma': 50.54445370986099, 'g_stn_gpe_mult': 0.9188225920924279, 'g_gpe_stn_mult': 1.324648962114169, 'g_stn_gpi_mult': 1.273461818536508, 'g_gpe_gpi_mult': 0.9116055120083659}. Best is trial 4 with value: 7.578273895982184.
[I 2026-05-28 22:51:15,745] Trial 9 finished with value: 107.56224028370116 and parameters: {'ISTN': 125.21472483025538, 'I_gpe': 5.076651708486434, 'I_gpi': 4.517568676060469, 'noise_stn_sigma': 2.5079689984148525, 'noise_gpe_sigma': 32.14290818678526, 'noise_gpi_sigma': 60.09826130383814, 'g_stn_gpe_mult': 1.1307550995020703, 'g_gpe_stn_mult': 1.6908254205776583, 'g_stn_gpi_mult': 1.4109884180233938, 'g_gpe_gpi_mult': 1.5040402570618037}. Best is trial 4 with value: 7.578273895982184.
[I 2026-05-28 22:51:16,748] Trial 10 finished with value: 114.44302241010409 and parameters: {'ISTN': 145.02200581194967, 'I_gpe': 7.517959382528031, 'I_gpi': 1.3020645942729674, 'noise_stn_sigma': 3.292052400591465, 'noise_gpe_sigma': 35.03982453790488, 'noise_gpi_sigma': 43.5401233827818, 'g_stn_gpe_mult': 1.1369479202568176, 'g_gpe_stn_mult': 1.3669976894877174, 'g_stn_gpi_mult': 1.2315393894868538, 'g_gpe_gpi_mult': 1.2609258510542956}. Best is trial 4 with value: 7.578273895982184.
[I 2026-05-28 22:51:17,750] Trial 11 finished with value: 106.1463181123099 and parameters: {'ISTN': 169.5481519583802, 'I_gpe': 5.036146312956285, 'I_gpi': 3.332617181711184, 'noise_stn_sigma': 2.2831130635720527, 'noise_gpe_sigma': 62.352402561299385, 'noise_gpi_sigma': 53.48493719972524, 'g_stn_gpe_mult': 0.9454641915294393, 'g_gpe_stn_mult': 1.042043649311103, 'g_stn_gpi_mult': 1.276191122749194, 'g_gpe_gpi_mult': 1.3134835463766974}. Best is trial 4 with value: 7.578273895982184.
[I 2026-05-28 22:51:18,759] Trial 12 finished with value: 101.09153421473476 and parameters: {'ISTN': 163.26354176957835, 'I_gpe': 2.304756093845804, 'I_gpi': 6.601534728870204, 'noise_stn_sigma': 3.9210954995966434, 'noise_gpe_sigma': 22.553683868146074, 'noise_gpi_sigma': 47.912382850471374, 'g_stn_gpe_mult': 0.8787912944376034, 'g_gpe_stn_mult': 1.154957936970654, 'g_stn_gpi_mult': 0.8296856298266202, 'g_gpe_gpi_mult': 1.2517655876660148}. Best is trial 4 with value: 7.578273895982184.
[I 2026-05-28 22:51:19,765] Trial 13 finished with value: 159.5463570716739 and parameters: {'ISTN': 197.16465710176783, 'I_gpe': 2.9477674949878683, 'I_gpi': 3.6264534285880097, 'noise_stn_sigma': 4.205891709027005, 'noise_gpe_sigma': 50.67242306832038, 'noise_gpi_sigma': 12.753462407915784, 'g_stn_gpe_mult': 1.2635867991410608, 'g_gpe_stn_mult': 1.1491034638692232, 'g_stn_gpi_mult': 1.0204586192827543, 'g_gpe_gpi_mult': 1.0287537836001657}. Best is trial 4 with value: 7.578273895982184.
[I 2026-05-28 22:51:20,772] Trial 14 finished with value: 180.25618240905126 and parameters: {'ISTN': 188.46092621230693, 'I_gpe': 3.3758971947879943, 'I_gpi': 4.10704043921891, 'noise_stn_sigma': 4.206949019232706, 'noise_gpe_sigma': 63.334082283842164, 'noise_gpi_sigma': 44.58216015399179, 'g_stn_gpe_mult': 1.3448458421901384, 'g_gpe_stn_mult': 0.9074776798479842, 'g_stn_gpi_mult': 1.0789378668025034, 'g_gpe_gpi_mult': 0.851617896994385}. Best is trial 4 with value: 7.578273895982184.
[I 2026-05-28 22:51:21,773] Trial 15 finished with value: 106.5533998900884 and parameters: {'ISTN': 152.1222506614847, 'I_gpe': 3.621372122779264, 'I_gpi': 4.486544903496222, 'noise_stn_sigma': 2.44279711606634, 'noise_gpe_sigma': 39.13980764925985, 'noise_gpi_sigma': 53.72663353745172, 'g_stn_gpe_mult': 1.1773201738977872, 'g_gpe_stn_mult': 1.0532572231674742, 'g_stn_gpi_mult': 0.8715123464959411, 'g_gpe_gpi_mult': 1.2645376934566586}. Best is trial 4 with value: 7.578273895982184.
[I 2026-05-28 22:51:22,775] Trial 16 finished with value: 107.86646991809882 and parameters: {'ISTN': 169.59381317240857, 'I_gpe': 3.9170296739484742, 'I_gpi': 5.0572712541843545, 'noise_stn_sigma': 3.8682956340536525, 'noise_gpe_sigma': 58.355434348483605, 'noise_gpi_sigma': 66.43286789260746, 'g_stn_gpe_mult': 0.5904564551885512, 'g_gpe_stn_mult': 1.392770305719607, 'g_stn_gpi_mult': 1.6527987479898782, 'g_gpe_gpi_mult': 1.255942473634064}. Best is trial 4 with value: 7.578273895982184.
[I 2026-05-28 22:51:23,783] Trial 17 finished with value: 150.65848738162407 and parameters: {'ISTN': 174.57413450879915, 'I_gpe': 2.8954212943089255, 'I_gpi': 4.049165219453458, 'noise_stn_sigma': 3.1390855163707574, 'noise_gpe_sigma': 59.2342025389126, 'noise_gpi_sigma': 68.43521034213899, 'g_stn_gpe_mult': 1.2629153145539276, 'g_gpe_stn_mult': 0.7958625995226007, 'g_stn_gpi_mult': 1.286453666318755, 'g_gpe_gpi_mult': 0.8102956393671932}. Best is trial 4 with value: 7.578273895982184.
[I 2026-05-28 22:51:24,786] Trial 18 finished with value: 111.84711011728601 and parameters: {'ISTN': 147.06556323544683, 'I_gpe': 4.377708354024686, 'I_gpi': 6.846771997387244, 'noise_stn_sigma': 2.0150601868761626, 'noise_gpe_sigma': 72.87613774573083, 'noise_gpi_sigma': 71.19492249717456, 'g_stn_gpe_mult': 1.4404011786164888, 'g_gpe_stn_mult': 1.6083751129721104, 'g_stn_gpi_mult': 1.378314875409375, 'g_gpe_gpi_mult': 0.8786788167758338}. Best is trial 4 with value: 7.578273895982184.
[I 2026-05-28 22:51:25,789] Trial 19 finished with value: 3.10580806338353 and parameters: {'ISTN': 177.46453990817895, 'I_gpe': 4.37999978480269, 'I_gpi': 4.562187637245046, 'noise_stn_sigma': 3.5551369838422975, 'noise_gpe_sigma': 39.5949870504052, 'noise_gpi_sigma': 37.72471711202638, 'g_stn_gpe_mult': 1.1332801998634643, 'g_gpe_stn_mult': 0.9495197347066344, 'g_stn_gpi_mult': 1.3990250254536736, 'g_gpe_gpi_mult': 1.1780303179461713}. Best is trial 19 with value: 3.10580806338353.
[I 2026-05-28 22:51:26,796] Trial 20 finished with value: 149.4561679302257 and parameters: {'ISTN': 197.66504059885355, 'I_gpe': 3.558616996887706, 'I_gpi': 4.690783169829036, 'noise_stn_sigma': 2.8696953781388723, 'noise_gpe_sigma': 41.93897059860384, 'noise_gpi_sigma': 51.32731997164889, 'g_stn_gpe_mult': 0.7982460243108672, 'g_gpe_stn_mult': 1.0586066674906651, 'g_stn_gpi_mult': 1.5168410084133424, 'g_gpe_gpi_mult': 1.2291498310555935}. Best is trial 19 with value: 3.10580806338353.
[I 2026-05-28 22:51:27,798] Trial 21 finished with value: 107.78957450087147 and parameters: {'ISTN': 135.5114557782514, 'I_gpe': 3.8900684340914586, 'I_gpi': 5.010396499781818, 'noise_stn_sigma': 2.3531107406861094, 'noise_gpe_sigma': 52.03630927220279, 'noise_gpi_sigma': 64.59244851321895, 'g_stn_gpe_mult': 0.8482609875940856, 'g_gpe_stn_mult': 0.9523668064600416, 'g_stn_gpi_mult': 1.326209699852052, 'g_gpe_gpi_mult': 1.091106234174355}. Best is trial 19 with value: 3.10580806338353.
[I 2026-05-28 22:51:28,799] Trial 22 finished with value: 107.47936749516506 and parameters: {'ISTN': 162.29374426885272, 'I_gpe': 5.51105240661878, 'I_gpi': 4.1272760996900155, 'noise_stn_sigma': 2.228948848564792, 'noise_gpe_sigma': 47.84939601662417, 'noise_gpi_sigma': 50.43039942099925, 'g_stn_gpe_mult': 1.1447334041781447, 'g_gpe_stn_mult': 1.1405271573758633, 'g_stn_gpi_mult': 1.5663965206755233, 'g_gpe_gpi_mult': 1.1410703358704464}. Best is trial 19 with value: 3.10580806338353.
[I 2026-05-28 22:51:29,802] Trial 23 finished with value: 107.3729059516549 and parameters: {'ISTN': 191.43891669790645, 'I_gpe': 5.481020672655831, 'I_gpi': 4.117391183920656, 'noise_stn_sigma': 3.246984034984558, 'noise_gpe_sigma': 39.69999765182327, 'noise_gpi_sigma': 84.68118542869348, 'g_stn_gpe_mult': 1.0762013178994223, 'g_gpe_stn_mult': 1.3867719210611722, 'g_stn_gpi_mult': 1.5456034824111187, 'g_gpe_gpi_mult': 1.1195447223569974}. Best is trial 19 with value: 3.10580806338353.
[I 2026-05-28 22:51:30,803] Trial 24 finished with value: 107.35248302531865 and parameters: {'ISTN': 150.96077182095325, 'I_gpe': 4.204067547842418, 'I_gpi': 4.692973626351947, 'noise_stn_sigma': 3.3098004363269333, 'noise_gpe_sigma': 46.94121977908084, 'noise_gpi_sigma': 42.002710322404496, 'g_stn_gpe_mult': 0.7528272096997707, 'g_gpe_stn_mult': 1.0856941020265771, 'g_stn_gpi_mult': 1.1548093672256525, 'g_gpe_gpi_mult': 1.0406540042502743}. Best is trial 19 with value: 3.10580806338353.
[I 2026-05-28 22:51:31,804] Trial 25 finished with value: 6.1817353704216265 and parameters: {'ISTN': 191.42879614886925, 'I_gpe': 2.8291672010429227, 'I_gpi': 5.159127472577952, 'noise_stn_sigma': 3.8641546017568076, 'noise_gpe_sigma': 12.350517730739872, 'noise_gpi_sigma': 44.83374148944068, 'g_stn_gpe_mult': 1.223003033361242, 'g_gpe_stn_mult': 1.4894160585242207, 'g_stn_gpi_mult': 0.9228689993154948, 'g_gpe_gpi_mult': 0.60236018649353}. Best is trial 19 with value: 3.10580806338353.
[I 2026-05-28 22:51:32,804] Trial 26 finished with value: 107.45853498616553 and parameters: {'ISTN': 172.9487740460445, 'I_gpe': 4.010078790994427, 'I_gpi': 4.736207275966434, 'noise_stn_sigma': 3.558663683224368, 'noise_gpe_sigma': 31.88752533221575, 'noise_gpi_sigma': 36.84324765980019, 'g_stn_gpe_mult': 1.210366174098193, 'g_gpe_stn_mult': 1.071304925782064, 'g_stn_gpi_mult': 1.1174085097425608, 'g_gpe_gpi_mult': 0.865258193179288}. Best is trial 19 with value: 3.10580806338353.
[I 2026-05-28 22:51:33,807] Trial 27 finished with value: 132.80963357373307 and parameters: {'ISTN': 168.46451575215292, 'I_gpe': 2.7577019549489687, 'I_gpi': 2.850606432404864, 'noise_stn_sigma': 3.1921372877981318, 'noise_gpe_sigma': 37.480808995709644, 'noise_gpi_sigma': 41.11646153824638, 'g_stn_gpe_mult': 0.7458822456780594, 'g_gpe_stn_mult': 0.9147595271116477, 'g_stn_gpi_mult': 1.5575442597281204, 'g_gpe_gpi_mult': 1.1888726001524645}. Best is trial 19 with value: 3.10580806338353.
[I 2026-05-28 22:51:34,812] Trial 28 finished with value: 4.845230269623528 and parameters: {'ISTN': 159.79222220623956, 'I_gpe': 3.308760381956781, 'I_gpi': 4.071213805478818, 'noise_stn_sigma': 4.310075845586265, 'noise_gpe_sigma': 42.82561561594053, 'noise_gpi_sigma': 51.92047884536883, 'g_stn_gpe_mult': 0.9112515847720212, 'g_gpe_stn_mult': 1.0836798255405296, 'g_stn_gpi_mult': 0.7895804929922898, 'g_gpe_gpi_mult': 0.8888842908354184}. Best is trial 19 with value: 3.10580806338353.
[I 2026-05-28 22:51:35,815] Trial 29 finished with value: 2.900653941683222 and parameters: {'ISTN': 174.39284598576677, 'I_gpe': 3.7686539325586383, 'I_gpi': 4.4823067455024646, 'noise_stn_sigma': 2.6724034078963568, 'noise_gpe_sigma': 43.08641165118836, 'noise_gpi_sigma': 47.704536974747164, 'g_stn_gpe_mult': 1.0685462402977892, 'g_gpe_stn_mult': 1.080532124188542, 'g_stn_gpi_mult': 1.743137072620589, 'g_gpe_gpi_mult': 1.1562936830540744}. Best is trial 29 with value: 2.900653941683222.
[I 2026-05-28 22:51:36,818] Trial 30 finished with value: 3.3056125571595194 and parameters: {'ISTN': 190.07107150979013, 'I_gpe': 3.4820091002274323, 'I_gpi': 3.203955388750578, 'noise_stn_sigma': 2.5686116070896334, 'noise_gpe_sigma': 39.35348593077373, 'noise_gpi_sigma': 27.985036879275057, 'g_stn_gpe_mult': 0.986301920850355, 'g_gpe_stn_mult': 1.2746050999654917, 'g_stn_gpi_mult': 1.4519823034287365, 'g_gpe_gpi_mult': 0.8352504830974967}. Best is trial 29 with value: 2.900653941683222.
[I 2026-05-28 22:51:37,819] Trial 31 finished with value: 107.19518030074795 and parameters: {'ISTN': 172.93382724527467, 'I_gpe': 3.4315962588965525, 'I_gpi': 4.587694859130268, 'noise_stn_sigma': 2.0281115847311924, 'noise_gpe_sigma': 43.819376452884605, 'noise_gpi_sigma': 37.10076380334988, 'g_stn_gpe_mult': 1.2670192747832476, 'g_gpe_stn_mult': 1.4025601685932187, 'g_stn_gpi_mult': 1.5096247136616665, 'g_gpe_gpi_mult': 1.0514998653490049}. Best is trial 29 with value: 2.900653941683222.
[I 2026-05-28 22:51:38,767] Trial 32 finished with value: 1000000.0 and parameters: {'ISTN': 181.52425559725197, 'I_gpe': 2.927614940263041, 'I_gpi': 2.896157622774478, 'noise_stn_sigma': 2.763542776216495, 'noise_gpe_sigma': 43.85218196939264, 'noise_gpi_sigma': 23.628763995663714, 'g_stn_gpe_mult': 1.118336778459733, 'g_gpe_stn_mult': 1.0291675968060947, 'g_stn_gpi_mult': 1.5480254823576902, 'g_gpe_gpi_mult': 1.0750695220523339}. Best is trial 29 with value: 2.900653941683222.
[I 2026-05-28 22:51:39,767] Trial 33 finished with value: 105.76610856213473 and parameters: {'ISTN': 157.45472824616138, 'I_gpe': 3.579804937978392, 'I_gpi': 3.382347062102048, 'noise_stn_sigma': 3.404057623248337, 'noise_gpe_sigma': 46.25860455913111, 'noise_gpi_sigma': 30.015985935457348, 'g_stn_gpe_mult': 1.0892534216671979, 'g_gpe_stn_mult': 1.233512742682947, 'g_stn_gpi_mult': 1.4154360118208111, 'g_gpe_gpi_mult': 0.7597784349333674}. Best is trial 29 with value: 2.900653941683222.
[I 2026-05-28 22:51:40,773] Trial 34 finished with value: 11.681331292040209 and parameters: {'ISTN': 184.6104194016503, 'I_gpe': 4.1807654981916365, 'I_gpi': 2.523701175253196, 'noise_stn_sigma': 3.7450795855526224, 'noise_gpe_sigma': 10.336676532277062, 'noise_gpi_sigma': 42.9965078958227, 'g_stn_gpe_mult': 0.9211061251151103, 'g_gpe_stn_mult': 0.9653817157584242, 'g_stn_gpi_mult': 1.779611892611562, 'g_gpe_gpi_mult': 1.2544615677247888}. Best is trial 29 with value: 2.900653941683222.
[I 2026-05-28 22:51:41,779] Trial 35 finished with value: 1.6969728962836053 and parameters: {'ISTN': 189.73502823751818, 'I_gpe': 2.9201102355544424, 'I_gpi': 3.706147985538038, 'noise_stn_sigma': 3.0767701957827924, 'noise_gpe_sigma': 48.694417152722416, 'noise_gpi_sigma': 38.39986631964481, 'g_stn_gpe_mult': 1.1806638488948091, 'g_gpe_stn_mult': 1.4171762408876232, 'g_stn_gpi_mult': 0.9900649228936127, 'g_gpe_gpi_mult': 1.0057790637009074}. Best is trial 35 with value: 1.6969728962836053.
[I 2026-05-28 22:51:42,782] Trial 36 finished with value: 4.545493141526479 and parameters: {'ISTN': 163.92728955054054, 'I_gpe': 2.8697722575975058, 'I_gpi': 5.547055957463604, 'noise_stn_sigma': 3.537311265544434, 'noise_gpe_sigma': 43.06509139035586, 'noise_gpi_sigma': 57.65007652705382, 'g_stn_gpe_mult': 0.9287595681586016, 'g_gpe_stn_mult': 1.293489122460059, 'g_stn_gpi_mult': 1.2948833981990227, 'g_gpe_gpi_mult': 0.839283472898235}. Best is trial 35 with value: 1.6969728962836053.
[I 2026-05-28 22:51:43,782] Trial 37 finished with value: 106.8116053974782 and parameters: {'ISTN': 184.49296825532053, 'I_gpe': 4.96292382838278, 'I_gpi': 3.9781116945322608, 'noise_stn_sigma': 2.791089090537926, 'noise_gpe_sigma': 39.12898272990243, 'noise_gpi_sigma': 47.93444312297936, 'g_stn_gpe_mult': 0.9368905007260842, 'g_gpe_stn_mult': 1.17931868030864, 'g_stn_gpi_mult': 1.6604881052379992, 'g_gpe_gpi_mult': 0.7055969082518554}. Best is trial 35 with value: 1.6969728962836053.
[I 2026-05-28 22:51:44,788] Trial 38 finished with value: 6.702464624402958 and parameters: {'ISTN': 163.2304175262197, 'I_gpe': 3.252343028204787, 'I_gpi': 4.535470515090937, 'noise_stn_sigma': 2.6256280912321226, 'noise_gpe_sigma': 23.385945113116893, 'noise_gpi_sigma': 38.99371148028344, 'g_stn_gpe_mult': 1.1829009408212015, 'g_gpe_stn_mult': 1.0826772594943999, 'g_stn_gpi_mult': 1.0691516224548798, 'g_gpe_gpi_mult': 1.150720175380825}. Best is trial 35 with value: 1.6969728962836053.
[I 2026-05-28 22:51:45,789] Trial 39 finished with value: 105.5668409117109 and parameters: {'ISTN': 165.48640272415332, 'I_gpe': 4.500752116617038, 'I_gpi': 2.888320711726907, 'noise_stn_sigma': 2.75088701391634, 'noise_gpe_sigma': 61.9154991997072, 'noise_gpi_sigma': 51.820526901127494, 'g_stn_gpe_mult': 0.9598162394883313, 'g_gpe_stn_mult': 1.3214344202723205, 'g_stn_gpi_mult': 1.3660981594290114, 'g_gpe_gpi_mult': 0.7918283037583165}. Best is trial 35 with value: 1.6969728962836053.
[I 2026-05-28 22:51:46,796] Trial 40 finished with value: 152.75417505748894 and parameters: {'ISTN': 174.95273166712542, 'I_gpe': 2.659731735556866, 'I_gpi': 3.72040671935884, 'noise_stn_sigma': 2.5243011335963197, 'noise_gpe_sigma': 34.20005698174259, 'noise_gpi_sigma': 22.851343174320192, 'g_stn_gpe_mult': 1.1845155428279532, 'g_gpe_stn_mult': 0.861687068769448, 'g_stn_gpi_mult': 1.9164423181526518, 'g_gpe_gpi_mult': 1.3597873990156457}. Best is trial 35 with value: 1.6969728962836053.
[I 2026-05-28 22:51:47,798] Trial 41 finished with value: 107.02287431716387 and parameters: {'ISTN': 175.39947484990643, 'I_gpe': 3.873816667216007, 'I_gpi': 4.477927180835389, 'noise_stn_sigma': 4.116860753868227, 'noise_gpe_sigma': 31.33761284622833, 'noise_gpi_sigma': 46.41197956397576, 'g_stn_gpe_mult': 0.8167402587874326, 'g_gpe_stn_mult': 1.5206795067301901, 'g_stn_gpi_mult': 1.1669574471351394, 'g_gpe_gpi_mult': 0.9342419787335535}. Best is trial 35 with value: 1.6969728962836053.
[I 2026-05-28 22:51:48,798] Trial 42 finished with value: 6.754211184836551 and parameters: {'ISTN': 157.41607293393966, 'I_gpe': 2.320524648222528, 'I_gpi': 5.096112390227135, 'noise_stn_sigma': 3.2107741062981217, 'noise_gpe_sigma': 16.90604244674963, 'noise_gpi_sigma': 56.016545957735815, 'g_stn_gpe_mult': 1.175809435222134, 'g_gpe_stn_mult': 1.4903699797372303, 'g_stn_gpi_mult': 0.7669041330343009, 'g_gpe_gpi_mult': 1.1410964308368947}. Best is trial 35 with value: 1.6969728962836053.
[I 2026-05-28 22:51:49,804] Trial 43 finished with value: 197.92363242524988 and parameters: {'ISTN': 196.73258361551487, 'I_gpe': 1.41598298942574, 'I_gpi': 6.227687200587688, 'noise_stn_sigma': 4.156484811457242, 'noise_gpe_sigma': 26.49766381974147, 'noise_gpi_sigma': 33.463277156425384, 'g_stn_gpe_mult': 1.1282924938192216, 'g_gpe_stn_mult': 0.9878955108848343, 'g_stn_gpi_mult': 0.9481670393016992, 'g_gpe_gpi_mult': 0.7400633130068519}. Best is trial 35 with value: 1.6969728962836053.
