[I 2026-05-28 22:59:37,075] A new study created in memory with name: hh_healthy_450
[I 2026-05-28 22:59:39,487] Trial 0 finished with value: 106.92497378561609 and parameters: {'ISTN': 150.56174226744776, 'I_gpe': 5.893761233771078, 'I_gpi': 2.317063720269542, 'noise_stn_sigma': 0.6971385368608917, 'noise_gpe_sigma': 28.451705715485993, 'noise_gpi_sigma': 19.545658702863914, 'g_stn_gpe_mult': 1.5908602155266822, 'g_gpe_stn_mult': 1.5191007852877123, 'g_stn_gpi_mult': 1.2107685551123277, 'g_gpe_gpi_mult': 1.172443736720457}. Best is trial 0 with value: 106.92497378561609.
[I 2026-05-28 22:59:40,440] Trial 1 finished with value: 1000000.0 and parameters: {'ISTN': 112.57902000504407, 'I_gpe': 3.3353067701159262, 'I_gpi': 4.794266350821332, 'noise_stn_sigma': 2.2680405762474782, 'noise_gpe_sigma': 80.77422778045252, 'noise_gpi_sigma': 32.0847058331342, 'g_stn_gpe_mult': 1.5612864471308947, 'g_gpe_stn_mult': 0.8525067202734418, 'g_stn_gpi_mult': 0.9556177568422848, 'g_gpe_gpi_mult': 0.9028813785770184}. Best is trial 0 with value: 106.92497378561609.
[I 2026-05-28 22:59:41,442] Trial 2 finished with value: 105.49776319935377 and parameters: {'ISTN': 150.29501693110365, 'I_gpe': 3.0989332512013843, 'I_gpi': 3.6884861464540055, 'noise_stn_sigma': 3.0936697121339756, 'noise_gpe_sigma': 74.3714308326322, 'noise_gpi_sigma': 58.26160950783999, 'g_stn_gpe_mult': 1.0947784711747839, 'g_gpe_stn_mult': 1.2848657354621118, 'g_stn_gpi_mult': 1.0242749789415861, 'g_gpe_gpi_mult': 1.2100423243318108}. Best is trial 2 with value: 105.49776319935377.
[I 2026-05-28 22:59:42,443] Trial 3 finished with value: 107.432470376145 and parameters: {'ISTN': 112.85977460730943, 'I_gpe': 4.042396857797566, 'I_gpi': 4.763234636286481, 'noise_stn_sigma': 1.5204340779226437, 'noise_gpe_sigma': 38.6531105475316, 'noise_gpi_sigma': 57.62551215311546, 'g_stn_gpe_mult': 0.9030541345910452, 'g_gpe_stn_mult': 1.7690017774279325, 'g_stn_gpi_mult': 1.0354588654061656, 'g_gpe_gpi_mult': 1.5080553697911323}. Best is trial 2 with value: 105.49776319935377.
[I 2026-05-28 22:59:43,447] Trial 4 finished with value: 111.26225399417865 and parameters: {'ISTN': 129.8026597656854, 'I_gpe': 5.1863304733970645, 'I_gpi': 6.388904927286612, 'noise_stn_sigma': 1.7048989289204628, 'noise_gpe_sigma': 55.11521353791062, 'noise_gpi_sigma': 59.336837439203734, 'g_stn_gpe_mult': 0.7933566402805948, 'g_gpe_stn_mult': 1.1760783862355118, 'g_stn_gpi_mult': 1.0745691282416314, 'g_gpe_gpi_mult': 1.3184411965094398}. Best is trial 2 with value: 105.49776319935377.
[I 2026-05-28 22:59:44,447] Trial 5 finished with value: 105.97530689327374 and parameters: {'ISTN': 133.4364805877595, 'I_gpe': 4.412342540647517, 'I_gpi': 3.5662192383947673, 'noise_stn_sigma': 2.5524746707387465, 'noise_gpe_sigma': 60.22289525391562, 'noise_gpi_sigma': 48.186744769575704, 'g_stn_gpe_mult': 1.5587671276219872, 'g_gpe_stn_mult': 1.211768902116558, 'g_stn_gpi_mult': 0.9510953572751908, 'g_gpe_gpi_mult': 1.4615548537631953}. Best is trial 2 with value: 105.49776319935377.
[I 2026-05-28 22:59:45,446] Trial 6 finished with value: 107.1810913506093 and parameters: {'ISTN': 141.23549386358854, 'I_gpe': 4.934520207388342, 'I_gpi': 4.317756395796314, 'noise_stn_sigma': 2.9494905298672047, 'noise_gpe_sigma': 46.31672140492789, 'noise_gpi_sigma': 46.28314585490883, 'g_stn_gpe_mult': 1.0681884668908321, 'g_gpe_stn_mult': 1.1925433502923024, 'g_stn_gpi_mult': 1.4134630977746427, 'g_gpe_gpi_mult': 1.2993886269743289}. Best is trial 2 with value: 105.49776319935377.
[I 2026-05-28 22:59:46,453] Trial 7 finished with value: 8.779359362297399 and parameters: {'ISTN': 150.65552537651308, 'I_gpe': 4.747400511917283, 'I_gpi': 5.053084622156691, 'noise_stn_sigma': 2.73406321046655, 'noise_gpe_sigma': 56.44350014134141, 'noise_gpi_sigma': 51.8521908200411, 'g_stn_gpe_mult': 1.3631920248898381, 'g_gpe_stn_mult': 0.7348172540162389, 'g_stn_gpi_mult': 1.611219446768485, 'g_gpe_gpi_mult': 0.9789626349050179}. Best is trial 7 with value: 8.779359362297399.
[I 2026-05-28 22:59:47,453] Trial 8 finished with value: 107.95821200885389 and parameters: {'ISTN': 113.48297550702404, 'I_gpe': 5.509635254773705, 'I_gpi': 4.492099508194201, 'noise_stn_sigma': 3.6001186390220554, 'noise_gpe_sigma': 35.84386207892342, 'noise_gpi_sigma': 59.84447473301537, 'g_stn_gpe_mult': 1.2527175058588065, 'g_gpe_stn_mult': 1.1610650569222978, 'g_stn_gpi_mult': 1.373833279325635, 'g_gpe_gpi_mult': 1.125566200601291}. Best is trial 7 with value: 8.779359362297399.
[I 2026-05-28 22:59:48,455] Trial 9 finished with value: 107.72034909267867 and parameters: {'ISTN': 172.6404003710896, 'I_gpe': 2.936874864528794, 'I_gpi': 4.853763688311025, 'noise_stn_sigma': 3.1286272003934985, 'noise_gpe_sigma': 35.89068991135554, 'noise_gpi_sigma': 34.67761473090296, 'g_stn_gpe_mult': 0.9115767322047887, 'g_gpe_stn_mult': 1.7865693590212275, 'g_stn_gpi_mult': 1.3981884596614993, 'g_gpe_gpi_mult': 1.3505313955128748}. Best is trial 7 with value: 8.779359362297399.
[I 2026-05-28 22:59:49,457] Trial 10 finished with value: 105.57115790732882 and parameters: {'ISTN': 123.02225335170627, 'I_gpe': 4.555057880526936, 'I_gpi': 2.6649323010376014, 'noise_stn_sigma': 3.2678431410281097, 'noise_gpe_sigma': 47.6441786431412, 'noise_gpi_sigma': 41.78350394519872, 'g_stn_gpe_mult': 1.133917561949627, 'g_gpe_stn_mult': 1.1207057648552619, 'g_stn_gpi_mult': 0.964201170552569, 'g_gpe_gpi_mult': 1.1981076277848217}. Best is trial 7 with value: 8.779359362297399.
[I 2026-05-28 22:59:50,460] Trial 11 finished with value: 108.02820612807918 and parameters: {'ISTN': 136.99372480759672, 'I_gpe': 5.029617196701629, 'I_gpi': 4.882766798970049, 'noise_stn_sigma': 3.5110860176662464, 'noise_gpe_sigma': 84.01651713751401, 'noise_gpi_sigma': 49.99883071638139, 'g_stn_gpe_mult': 1.2345649963055392, 'g_gpe_stn_mult': 1.2893701990395963, 'g_stn_gpi_mult': 1.693215186197345, 'g_gpe_gpi_mult': 1.1924404729704536}. Best is trial 7 with value: 8.779359362297399.
[I 2026-05-28 22:59:51,462] Trial 12 finished with value: 110.8784302711247 and parameters: {'ISTN': 139.31459432401624, 'I_gpe': 5.60370583707326, 'I_gpi': 6.002570801205, 'noise_stn_sigma': 2.467782431767559, 'noise_gpe_sigma': 60.49767521020041, 'noise_gpi_sigma': 49.16229654571454, 'g_stn_gpe_mult': 1.174910934735124, 'g_gpe_stn_mult': 1.0121200164783075, 'g_stn_gpi_mult': 1.4858051041808502, 'g_gpe_gpi_mult': 0.9995952685553471}. Best is trial 7 with value: 8.779359362297399.
[I 2026-05-28 22:59:52,465] Trial 13 finished with value: 105.27664050002605 and parameters: {'ISTN': 89.0905213374548, 'I_gpe': 3.3812099123283113, 'I_gpi': 2.174989560031571, 'noise_stn_sigma': 3.3391074907644507, 'noise_gpe_sigma': 54.260720200896884, 'noise_gpi_sigma': 56.77534697505973, 'g_stn_gpe_mult': 1.0156186828048626, 'g_gpe_stn_mult': 0.7875777990828521, 'g_stn_gpi_mult': 1.69567384126935, 'g_gpe_gpi_mult': 1.3285002821035974}. Best is trial 7 with value: 8.779359362297399.
[I 2026-05-28 22:59:53,465] Trial 14 finished with value: 106.94796299447073 and parameters: {'ISTN': 168.5469539581527, 'I_gpe': 5.786749286527113, 'I_gpi': 3.2066433237705088, 'noise_stn_sigma': 3.2395707163852943, 'noise_gpe_sigma': 31.153664236256105, 'noise_gpi_sigma': 46.74695640681641, 'g_stn_gpe_mult': 1.0428651057612326, 'g_gpe_stn_mult': 0.9962565325928255, 'g_stn_gpi_mult': 1.0837145922323461, 'g_gpe_gpi_mult': 1.0843893888258054}. Best is trial 7 with value: 8.779359362297399.
[I 2026-05-28 22:59:54,474] Trial 15 finished with value: 56.89357273736152 and parameters: {'ISTN': 143.92422915888423, 'I_gpe': 2.05214042933426, 'I_gpi': 3.665315774939321, 'noise_stn_sigma': 2.6326593856482465, 'noise_gpe_sigma': 69.7139896223884, 'noise_gpi_sigma': 43.447544304192654, 'g_stn_gpe_mult': 1.3619840046759226, 'g_gpe_stn_mult': 1.0904743463780933, 'g_stn_gpi_mult': 1.228482464032997, 'g_gpe_gpi_mult': 0.8482660785294389}. Best is trial 7 with value: 8.779359362297399.
[I 2026-05-28 22:59:55,478] Trial 16 finished with value: 108.51975408025565 and parameters: {'ISTN': 134.26831043478433, 'I_gpe': 4.389691729274091, 'I_gpi': 5.310641830171947, 'noise_stn_sigma': 2.868771275996866, 'noise_gpe_sigma': 39.28747665067151, 'noise_gpi_sigma': 53.52802307197832, 'g_stn_gpe_mult': 1.1707982470138698, 'g_gpe_stn_mult': 1.2438044759024778, 'g_stn_gpi_mult': 1.3220206219207677, 'g_gpe_gpi_mult': 1.1678358139894778}. Best is trial 7 with value: 8.779359362297399.
[I 2026-05-28 22:59:56,485] Trial 17 finished with value: 46.48463312640158 and parameters: {'ISTN': 130.60441862184427, 'I_gpe': 4.389513469198972, 'I_gpi': 4.768278178537193, 'noise_stn_sigma': 2.6860335912945144, 'noise_gpe_sigma': 41.396296279484346, 'noise_gpi_sigma': 45.17525648864929, 'g_stn_gpe_mult': 0.9397764279946534, 'g_gpe_stn_mult': 0.625041271163575, 'g_stn_gpi_mult': 1.6142051935825108, 'g_gpe_gpi_mult': 0.7031669660298306}. Best is trial 7 with value: 8.779359362297399.
[I 2026-05-28 22:59:57,488] Trial 18 finished with value: 109.0415273878328 and parameters: {'ISTN': 160.4946250267534, 'I_gpe': 5.745157472306124, 'I_gpi': 5.078750465103647, 'noise_stn_sigma': 3.292401303214124, 'noise_gpe_sigma': 81.50100690690797, 'noise_gpi_sigma': 68.09849706165333, 'g_stn_gpe_mult': 1.0269095909320956, 'g_gpe_stn_mult': 0.7617939349660718, 'g_stn_gpi_mult': 1.4243742346611, 'g_gpe_gpi_mult': 1.072300130524775}. Best is trial 7 with value: 8.779359362297399.
[I 2026-05-28 22:59:58,491] Trial 19 finished with value: 105.8727311166584 and parameters: {'ISTN': 143.3014118436139, 'I_gpe': 5.15351480090555, 'I_gpi': 2.3710171628760515, 'noise_stn_sigma': 2.0298022352252216, 'noise_gpe_sigma': 70.71496058055405, 'noise_gpi_sigma': 65.57099654155152, 'g_stn_gpe_mult': 1.3948072323624205, 'g_gpe_stn_mult': 1.3439738009996955, 'g_stn_gpi_mult': 0.9505328399884811, 'g_gpe_gpi_mult': 1.3070904127812855}. Best is trial 7 with value: 8.779359362297399.
[I 2026-05-28 22:59:59,492] Trial 20 finished with value: 107.46811317513472 and parameters: {'ISTN': 159.02961213862153, 'I_gpe': 5.428839635306923, 'I_gpi': 4.12870787052702, 'noise_stn_sigma': 3.7442785190220613, 'noise_gpe_sigma': 45.21782782698869, 'noise_gpi_sigma': 26.206495813844207, 'g_stn_gpe_mult': 1.4320287656899526, 'g_gpe_stn_mult': 0.7538222420354137, 'g_stn_gpi_mult': 1.2470619269136054, 'g_gpe_gpi_mult': 0.914227834503859}. Best is trial 7 with value: 8.779359362297399.
[I 2026-05-28 23:00:00,500] Trial 21 finished with value: 90.98620335546377 and parameters: {'ISTN': 150.43780067953438, 'I_gpe': 1.7725894819684775, 'I_gpi': 4.044966130275629, 'noise_stn_sigma': 3.1702766605035784, 'noise_gpe_sigma': 63.67141011052457, 'noise_gpi_sigma': 52.374629668485184, 'g_stn_gpe_mult': 1.0559855121224908, 'g_gpe_stn_mult': 0.9817696751058327, 'g_stn_gpi_mult': 1.8211355631751203, 'g_gpe_gpi_mult': 1.1145532723098348}. Best is trial 7 with value: 8.779359362297399.
[I 2026-05-28 23:00:01,503] Trial 22 finished with value: 108.78988721523183 and parameters: {'ISTN': 123.51843677412498, 'I_gpe': 5.5376425868712, 'I_gpi': 4.995295690755009, 'noise_stn_sigma': 1.8883306908862931, 'noise_gpe_sigma': 62.099901176364355, 'noise_gpi_sigma': 47.9756912382685, 'g_stn_gpe_mult': 1.24743161786732, 'g_gpe_stn_mult': 0.7362289043501318, 'g_stn_gpi_mult': 1.6222497257429045, 'g_gpe_gpi_mult': 1.0842166009556748}. Best is trial 7 with value: 8.779359362297399.
[I 2026-05-28 23:00:02,509] Trial 23 finished with value: 52.97924254851966 and parameters: {'ISTN': 134.665596311292, 'I_gpe': 2.369082438120949, 'I_gpi': 3.407627759421972, 'noise_stn_sigma': 1.6685096691031969, 'noise_gpe_sigma': 50.91370853834543, 'noise_gpi_sigma': 77.36084973930214, 'g_stn_gpe_mult': 1.2687644507524753, 'g_gpe_stn_mult': 0.9064913731662902, 'g_stn_gpi_mult': 1.64699170132495, 'g_gpe_gpi_mult': 1.0699580240237152}. Best is trial 7 with value: 8.779359362297399.
[I 2026-05-28 23:00:03,509] Trial 24 finished with value: 105.74050544386863 and parameters: {'ISTN': 125.62017324707149, 'I_gpe': 3.8544990142530744, 'I_gpi': 3.4423148973153155, 'noise_stn_sigma': 3.158605729163726, 'noise_gpe_sigma': 81.27470639213622, 'noise_gpi_sigma': 36.84974541074281, 'g_stn_gpe_mult': 0.9136998998514579, 'g_gpe_stn_mult': 1.231254606854658, 'g_stn_gpi_mult': 1.5742607100914592, 'g_gpe_gpi_mult': 0.9819679934803045}. Best is trial 7 with value: 8.779359362297399.
[I 2026-05-28 23:00:04,508] Trial 25 finished with value: 106.0808656835894 and parameters: {'ISTN': 130.79262560974075, 'I_gpe': 5.105378557086896, 'I_gpi': 2.9544707315319205, 'noise_stn_sigma': 1.8690529936396587, 'noise_gpe_sigma': 61.45839840387269, 'noise_gpi_sigma': 23.005622988888724, 'g_stn_gpe_mult': 1.6417978977216923, 'g_gpe_stn_mult': 0.9330607379303102, 'g_stn_gpi_mult': 1.1465049530167228, 'g_gpe_gpi_mult': 0.8937303722790351}. Best is trial 7 with value: 8.779359362297399.
[I 2026-05-28 23:00:05,508] Trial 26 finished with value: 105.47517954335791 and parameters: {'ISTN': 164.6051825792769, 'I_gpe': 4.426535318362938, 'I_gpi': 2.4845521120639558, 'noise_stn_sigma': 2.549562776483374, 'noise_gpe_sigma': 39.17931152664322, 'noise_gpi_sigma': 57.518716312342214, 'g_stn_gpe_mult': 1.2513430366373601, 'g_gpe_stn_mult': 1.129393245024778, 'g_stn_gpi_mult': 1.2741715727548424, 'g_gpe_gpi_mult': 0.6594269301201103}. Best is trial 7 with value: 8.779359362297399.
[I 2026-05-28 23:00:06,514] Trial 27 finished with value: 135.1281713670733 and parameters: {'ISTN': 170.0597504788424, 'I_gpe': 2.369642507478808, 'I_gpi': 3.9728362462540945, 'noise_stn_sigma': 2.555404950690534, 'noise_gpe_sigma': 40.76305207179461, 'noise_gpi_sigma': 39.02657639288368, 'g_stn_gpe_mult': 1.0445768576160726, 'g_gpe_stn_mult': 0.8503117810860119, 'g_stn_gpi_mult': 1.1202673730555375, 'g_gpe_gpi_mult': 1.0842221583995737}. Best is trial 7 with value: 8.779359362297399.
[I 2026-05-28 23:00:07,520] Trial 28 finished with value: 4.480343453981662 and parameters: {'ISTN': 104.76542033992007, 'I_gpe': 2.3569738604044446, 'I_gpi': 2.9705199592831693, 'noise_stn_sigma': 2.8340584534275437, 'noise_gpe_sigma': 40.47037436849535, 'noise_gpi_sigma': 62.159887413415866, 'g_stn_gpe_mult': 1.2214533111811743, 'g_gpe_stn_mult': 0.9445221011473173, 'g_stn_gpi_mult': 1.2534170809739138, 'g_gpe_gpi_mult': 1.005306398327873}. Best is trial 28 with value: 4.480343453981662.
[I 2026-05-28 23:00:08,528] Trial 29 finished with value: 2.360120079056383 and parameters: {'ISTN': 136.87913880329296, 'I_gpe': 3.930109047818256, 'I_gpi': 4.399581790251778, 'noise_stn_sigma': 2.969265120617816, 'noise_gpe_sigma': 58.93829352081402, 'noise_gpi_sigma': 35.01576321959867, 'g_stn_gpe_mult': 1.4723901793833594, 'g_gpe_stn_mult': 0.8342232189897105, 'g_stn_gpi_mult': 1.2749452806662582, 'g_gpe_gpi_mult': 0.9796742207466997}. Best is trial 29 with value: 2.360120079056383.
[I 2026-05-28 23:00:09,526] Trial 30 finished with value: 105.73009196015903 and parameters: {'ISTN': 154.48752630974337, 'I_gpe': 4.087138426530754, 'I_gpi': 1.3180318115681855, 'noise_stn_sigma': 3.0325410730092313, 'noise_gpe_sigma': 69.78182786687495, 'noise_gpi_sigma': 52.75900799987555, 'g_stn_gpe_mult': 0.9656956323594157, 'g_gpe_stn_mult': 1.1439571315894481, 'g_stn_gpi_mult': 1.343346764939257, 'g_gpe_gpi_mult': 0.9250244525318605}. Best is trial 29 with value: 2.360120079056383.
[I 2026-05-28 23:00:10,533] Trial 31 finished with value: 39.596673803480925 and parameters: {'ISTN': 117.8624862561408, 'I_gpe': 1.4432071967460591, 'I_gpi': 3.4495933443998963, 'noise_stn_sigma': 3.00338917273327, 'noise_gpe_sigma': 36.02373720422601, 'noise_gpi_sigma': 60.7493761085147, 'g_stn_gpe_mult': 1.1435034598165261, 'g_gpe_stn_mult': 0.784240891953885, 'g_stn_gpi_mult': 1.2980723650701602, 'g_gpe_gpi_mult': 0.6778683383124229}. Best is trial 29 with value: 2.360120079056383.
[I 2026-05-28 23:00:11,539] Trial 32 finished with value: 73.70479528347018 and parameters: {'ISTN': 138.45533042702903, 'I_gpe': 3.4337439206046256, 'I_gpi': 5.757823050718091, 'noise_stn_sigma': 2.3763067869256442, 'noise_gpe_sigma': 68.5826580567653, 'noise_gpi_sigma': 71.02979726196422, 'g_stn_gpe_mult': 1.366305605209998, 'g_gpe_stn_mult': 0.6266925468066934, 'g_stn_gpi_mult': 1.6608599162527178, 'g_gpe_gpi_mult': 1.3023200450685783}. Best is trial 29 with value: 2.360120079056383.
[I 2026-05-28 23:00:12,547] Trial 33 finished with value: 59.61472732512061 and parameters: {'ISTN': 171.1691372637351, 'I_gpe': 2.9375301765689956, 'I_gpi': 5.969848398082484, 'noise_stn_sigma': 2.252206517633608, 'noise_gpe_sigma': 37.87410701244699, 'noise_gpi_sigma': 52.72834495469457, 'g_stn_gpe_mult': 1.6820590384527085, 'g_gpe_stn_mult': 1.1030105868046614, 'g_stn_gpi_mult': 1.2585970209756423, 'g_gpe_gpi_mult': 0.6797670194814196}. Best is trial 29 with value: 2.360120079056383.
[I 2026-05-28 23:00:13,553] Trial 34 finished with value: 37.21480844833812 and parameters: {'ISTN': 140.6354072551585, 'I_gpe': 3.1735007318725863, 'I_gpi': 3.8930599519043425, 'noise_stn_sigma': 2.8522335414349462, 'noise_gpe_sigma': 49.552750802197615, 'noise_gpi_sigma': 44.205368705678694, 'g_stn_gpe_mult': 1.2460161978775597, 'g_gpe_stn_mult': 0.889612300825642, 'g_stn_gpi_mult': 1.1780491538224795, 'g_gpe_gpi_mult': 1.062239869358998}. Best is trial 29 with value: 2.360120079056383.
[I 2026-05-28 23:00:14,558] Trial 35 finished with value: 47.58428983547718 and parameters: {'ISTN': 126.04034938716957, 'I_gpe': 4.712745300953561, 'I_gpi': 4.556696439467188, 'noise_stn_sigma': 2.8196060823915974, 'noise_gpe_sigma': 35.60191872598726, 'noise_gpi_sigma': 46.560060401676076, 'g_stn_gpe_mult': 1.4561616452985744, 'g_gpe_stn_mult': 0.5547119631223737, 'g_stn_gpi_mult': 1.3345040978136058, 'g_gpe_gpi_mult': 1.2744417163434605}. Best is trial 29 with value: 2.360120079056383.
[I 2026-05-28 23:00:15,561] Trial 36 finished with value: 106.87477312338116 and parameters: {'ISTN': 142.06966312962365, 'I_gpe': 3.9744076601776563, 'I_gpi': 4.483987835058177, 'noise_stn_sigma': 2.891189509288237, 'noise_gpe_sigma': 73.47941863239546, 'noise_gpi_sigma': 73.55348139264458, 'g_stn_gpe_mult': 1.4334220517699803, 'g_gpe_stn_mult': 1.016483627586397, 'g_stn_gpi_mult': 1.4127338685819952, 'g_gpe_gpi_mult': 1.078015149258678}. Best is trial 29 with value: 2.360120079056383.
[I 2026-05-28 23:00:16,566] Trial 37 finished with value: 46.44882644160248 and parameters: {'ISTN': 125.64095260387285, 'I_gpe': 1.9768688092481383, 'I_gpi': 4.806273665215307, 'noise_stn_sigma': 2.693399390312446, 'noise_gpe_sigma': 76.93497345395645, 'noise_gpi_sigma': 43.32638020230331, 'g_stn_gpe_mult': 1.13821089765785, 'g_gpe_stn_mult': 0.9188049423408196, 'g_stn_gpi_mult': 1.3744060528920743, 'g_gpe_gpi_mult': 1.0394640176468446}. Best is trial 29 with value: 2.360120079056383.
[I 2026-05-28 23:00:17,571] Trial 38 finished with value: 55.93483803136599 and parameters: {'ISTN': 131.7701705993986, 'I_gpe': 1.907312933836732, 'I_gpi': 3.645115745689799, 'noise_stn_sigma': 2.4509372775323985, 'noise_gpe_sigma': 39.50251439728318, 'noise_gpi_sigma': 57.71494432370113, 'g_stn_gpe_mult': 1.1896449028207847, 'g_gpe_stn_mult': 0.9250595220031426, 'g_stn_gpi_mult': 1.5996700661666372, 'g_gpe_gpi_mult': 0.6879415592996454}. Best is trial 29 with value: 2.360120079056383.
[I 2026-05-28 23:00:18,579] Trial 39 finished with value: 16.758311516063504 and parameters: {'ISTN': 129.066386435253, 'I_gpe': 2.717461473024344, 'I_gpi': 2.395159788388571, 'noise_stn_sigma': 2.0097074458098074, 'noise_gpe_sigma': 54.052161485857575, 'noise_gpi_sigma': 42.68895217981115, 'g_stn_gpe_mult': 1.434414895310625, 'g_gpe_stn_mult': 0.9685307363389795, 'g_stn_gpi_mult': 1.689975006685672, 'g_gpe_gpi_mult': 1.2549345413100799}. Best is trial 29 with value: 2.360120079056383.
[I 2026-05-28 23:00:19,586] Trial 40 finished with value: 58.33214582570744 and parameters: {'ISTN': 130.04516499913748, 'I_gpe': 2.795424394726848, 'I_gpi': 4.219716645353223, 'noise_stn_sigma': 3.855105701393457, 'noise_gpe_sigma': 52.114564596507456, 'noise_gpi_sigma': 43.36518965184773, 'g_stn_gpe_mult': 1.38237345674391, 'g_gpe_stn_mult': 0.5837769438681772, 'g_stn_gpi_mult': 1.3709275305855442, 'g_gpe_gpi_mult': 1.1932444963470772}. Best is trial 29 with value: 2.360120079056383.
[I 2026-05-28 23:00:20,590] Trial 41 finished with value: 105.38768457038077 and parameters: {'ISTN': 115.63406021738501, 'I_gpe': 3.1479237681355405, 'I_gpi': 2.2953691826498965, 'noise_stn_sigma': 2.1540192163537064, 'noise_gpe_sigma': 36.612996868733276, 'noise_gpi_sigma': 44.476271702196016, 'g_stn_gpe_mult': 1.4078138296706189, 'g_gpe_stn_mult': 1.0106890671045279, 'g_stn_gpi_mult': 1.3271393313161401, 'g_gpe_gpi_mult': 1.0498835225339125}. Best is trial 29 with value: 2.360120079056383.
[I 2026-05-28 23:00:21,595] Trial 42 finished with value: 79.28882488053053 and parameters: {'ISTN': 147.10457383764424, 'I_gpe': 2.735583558609286, 'I_gpi': 4.169944928731736, 'noise_stn_sigma': 1.2718989267707792, 'noise_gpe_sigma': 54.899528266717105, 'noise_gpi_sigma': 46.19005552823759, 'g_stn_gpe_mult': 1.2810728527990114, 'g_gpe_stn_mult': 0.849967333502659, 'g_stn_gpi_mult': 1.337354004762677, 'g_gpe_gpi_mult': 0.9200168309188719}. Best is trial 29 with value: 2.360120079056383.
[I 2026-05-28 23:00:22,600] Trial 43 finished with value: 56.78484346973463 and parameters: {'ISTN': 130.5531528407056, 'I_gpe': 2.365214969197008, 'I_gpi': 2.7495127922736238, 'noise_stn_sigma': 3.0206870419232685, 'noise_gpe_sigma': 72.85977063454783, 'noise_gpi_sigma': 34.35867038901195, 'g_stn_gpe_mult': 1.4247276280057062, 'g_gpe_stn_mult': 0.6496331012414226, 'g_stn_gpi_mult': 1.3444861419760772, 'g_gpe_gpi_mult': 1.1304381931346121}. Best is trial 29 with value: 2.360120079056383.
