[I 2026-05-28 22:57:43,818] Trial 396 finished with value: 105.34724354267759 and parameters: {'ISTN': 101.90513320625787, 'I_gpe': 3.6728674775031935, 'I_gpi': 1.7075791405864729, 'noise_stn_sigma': 4.083941665040882, 'noise_gpe_sigma': 23.644823584226778, 'noise_gpi_sigma': 67.80502758886496, 'g_stn_gpe_mult': 1.6673677467901693, 'g_gpe_stn_mult': 0.7830752893723273, 'g_stn_gpi_mult': 1.6860660084465293, 'g_gpe_gpi_mult': 1.2025129604409095}. Best is trial 198 with value: 0.17123825394474032.
[I 2026-05-28 22:57:44,825] Trial 397 finished with value: 2.0749018253584617 and parameters: {'ISTN': 89.71340801439366, 'I_gpe': 3.2875502830924703, 'I_gpi': 1.3177398495064396, 'noise_stn_sigma': 4.679681356890027, 'noise_gpe_sigma': 38.85846584614095, 'noise_gpi_sigma': 68.72987380407827, 'g_stn_gpe_mult': 1.4807797433089422, 'g_gpe_stn_mult': 0.6685420944191101, 'g_stn_gpi_mult': 1.675448129518277, 'g_gpe_gpi_mult': 1.033820858455469}. Best is trial 198 with value: 0.17123825394474032.
[I 2026-05-28 22:57:45,826] Trial 398 finished with value: 4.691956176820135 and parameters: {'ISTN': 97.0676796000759, 'I_gpe': 3.452945903476212, 'I_gpi': 1.433729399800547, 'noise_stn_sigma': 4.008315463629007, 'noise_gpe_sigma': 34.03396237064551, 'noise_gpi_sigma': 76.08733580148652, 'g_stn_gpe_mult': 1.5250803672140072, 'g_gpe_stn_mult': 0.7721305117170845, 'g_stn_gpi_mult': 1.6090834725119454, 'g_gpe_gpi_mult': 1.0787484867992168}. Best is trial 198 with value: 0.17123825394474032.
[I 2026-05-28 22:57:46,828] Trial 399 finished with value: 1.975617338307277 and parameters: {'ISTN': 122.80587132985175, 'I_gpe': 3.187605297782931, 'I_gpi': 1.7982166933951933, 'noise_stn_sigma': 3.500345577769011, 'noise_gpe_sigma': 27.2999248493894, 'noise_gpi_sigma': 66.24669435684503, 'g_stn_gpe_mult': 1.466313280310221, 'g_gpe_stn_mult': 0.9400564532609605, 'g_stn_gpi_mult': 1.8537808645246132, 'g_gpe_gpi_mult': 0.7018056558669029}. Best is trial 198 with value: 0.17123825394474032.
[I 2026-05-28 22:57:47,835] Trial 400 finished with value: 0.7096238422357964 and parameters: {'ISTN': 101.22017135671274, 'I_gpe': 4.0144854229599, 'I_gpi': 2.281584278000209, 'noise_stn_sigma': 4.392908257200617, 'noise_gpe_sigma': 40.05519464610275, 'noise_gpi_sigma': 63.63906052527656, 'g_stn_gpe_mult': 1.4440542060620536, 'g_gpe_stn_mult': 0.6385058866387194, 'g_stn_gpi_mult': 1.660515803039817, 'g_gpe_gpi_mult': 1.002672843242021}. Best is trial 198 with value: 0.17123825394474032.
[I 2026-05-28 22:57:48,843] Trial 401 finished with value: 3.1571561105597468 and parameters: {'ISTN': 103.5847447684235, 'I_gpe': 3.7077788600698005, 'I_gpi': 2.017677980559629, 'noise_stn_sigma': 4.411513658643024, 'noise_gpe_sigma': 31.443277491702606, 'noise_gpi_sigma': 55.276748851790046, 'g_stn_gpe_mult': 1.480529555900927, 'g_gpe_stn_mult': 0.6687180593921699, 'g_stn_gpi_mult': 1.7426675983155424, 'g_gpe_gpi_mult': 0.9107244533689698}. Best is trial 198 with value: 0.17123825394474032.
[I 2026-05-28 22:57:49,851] Trial 402 finished with value: 2.5120019171674786 and parameters: {'ISTN': 107.53166955470158, 'I_gpe': 4.235623528228244, 'I_gpi': 3.215638666861178, 'noise_stn_sigma': 4.689510200988926, 'noise_gpe_sigma': 27.991478553971085, 'noise_gpi_sigma': 68.06752108008233, 'g_stn_gpe_mult': 1.4455257188469544, 'g_gpe_stn_mult': 0.6275075949802567, 'g_stn_gpi_mult': 1.9876016554409222, 'g_gpe_gpi_mult': 0.8412533926458631}. Best is trial 198 with value: 0.17123825394474032.
[I 2026-05-28 22:57:50,853] Trial 403 finished with value: 3.0549096448078474 and parameters: {'ISTN': 99.62841319111718, 'I_gpe': 3.9271461318523273, 'I_gpi': 1.8693648476132134, 'noise_stn_sigma': 3.772227263141456, 'noise_gpe_sigma': 39.50800949071986, 'noise_gpi_sigma': 66.60673268278666, 'g_stn_gpe_mult': 1.5867042819400494, 'g_gpe_stn_mult': 0.6837769608625436, 'g_stn_gpi_mult': 1.6992504216182358, 'g_gpe_gpi_mult': 0.947279238703239}. Best is trial 198 with value: 0.17123825394474032.
[I 2026-05-28 22:57:51,861] Trial 404 finished with value: 16.043714329550053 and parameters: {'ISTN': 122.4136169431298, 'I_gpe': 3.1612420284876968, 'I_gpi': 2.1003084014793716, 'noise_stn_sigma': 4.304409212839591, 'noise_gpe_sigma': 41.30252405193905, 'noise_gpi_sigma': 60.87756796930942, 'g_stn_gpe_mult': 1.3323099941336012, 'g_gpe_stn_mult': 0.8284862669831576, 'g_stn_gpi_mult': 1.5635990650828637, 'g_gpe_gpi_mult': 1.1188970340196263}. Best is trial 198 with value: 0.17123825394474032.
[I 2026-05-28 22:57:52,867] Trial 405 finished with value: 16.86865406495201 and parameters: {'ISTN': 107.1046055101641, 'I_gpe': 3.808679437615943, 'I_gpi': 2.99568881930479, 'noise_stn_sigma': 4.4868976583564635, 'noise_gpe_sigma': 37.91712688872679, 'noise_gpi_sigma': 60.859119562857316, 'g_stn_gpe_mult': 1.3101052298744318, 'g_gpe_stn_mult': 0.6169397634181895, 'g_stn_gpi_mult': 1.7169496631050327, 'g_gpe_gpi_mult': 1.0880081604558598}. Best is trial 198 with value: 0.17123825394474032.
[I 2026-05-28 22:57:53,872] Trial 406 finished with value: 1.835918176713145 and parameters: {'ISTN': 109.66738604151448, 'I_gpe': 4.131131259866953, 'I_gpi': 1.8828687273448454, 'noise_stn_sigma': 3.8809029828159933, 'noise_gpe_sigma': 24.7983333915309, 'noise_gpi_sigma': 72.06109420424491, 'g_stn_gpe_mult': 1.3887343775247492, 'g_gpe_stn_mult': 0.6866829841091806, 'g_stn_gpi_mult': 1.772042772297076, 'g_gpe_gpi_mult': 1.133538661058464}. Best is trial 198 with value: 0.17123825394474032.
[I 2026-05-28 22:57:54,878] Trial 407 finished with value: 1.5653769825853667 and parameters: {'ISTN': 100.42910923509713, 'I_gpe': 3.1038013849274244, 'I_gpi': 1.3036524815864665, 'noise_stn_sigma': 4.427490358080155, 'noise_gpe_sigma': 46.408428343439994, 'noise_gpi_sigma': 64.98063141450997, 'g_stn_gpe_mult': 1.4668618113779175, 'g_gpe_stn_mult': 0.8361460806945795, 'g_stn_gpi_mult': 1.8096754054024968, 'g_gpe_gpi_mult': 1.0481691088783012}. Best is trial 198 with value: 0.17123825394474032.
[I 2026-05-28 22:57:55,883] Trial 408 finished with value: 3.738847438507493 and parameters: {'ISTN': 95.75727125293179, 'I_gpe': 3.902327421945871, 'I_gpi': 1.728412378499114, 'noise_stn_sigma': 4.133591766550941, 'noise_gpe_sigma': 31.313134496525763, 'noise_gpi_sigma': 68.77151889717214, 'g_stn_gpe_mult': 1.5525419287806512, 'g_gpe_stn_mult': 0.676968318174389, 'g_stn_gpi_mult': 1.7325840010598055, 'g_gpe_gpi_mult': 0.9356309321036826}. Best is trial 198 with value: 0.17123825394474032.
[I 2026-05-28 22:57:56,883] Trial 409 finished with value: 105.28819256915446 and parameters: {'ISTN': 99.09512962760996, 'I_gpe': 3.676191593118635, 'I_gpi': 1.8269452546189795, 'noise_stn_sigma': 3.862739708937933, 'noise_gpe_sigma': 36.66808848704332, 'noise_gpi_sigma': 64.51528044219593, 'g_stn_gpe_mult': 1.4460917147304264, 'g_gpe_stn_mult': 0.766490478551213, 'g_stn_gpi_mult': 1.7340468229373507, 'g_gpe_gpi_mult': 0.8867692187454526}. Best is trial 198 with value: 0.17123825394474032.
[I 2026-05-28 22:57:57,886] Trial 410 finished with value: 1.9255679789565183 and parameters: {'ISTN': 97.86583982414443, 'I_gpe': 3.1482044565263787, 'I_gpi': 1.484618786939479, 'noise_stn_sigma': 3.900743279902307, 'noise_gpe_sigma': 34.54886924055562, 'noise_gpi_sigma': 54.69607150019918, 'g_stn_gpe_mult': 1.5345810453679114, 'g_gpe_stn_mult': 0.8034656529520601, 'g_stn_gpi_mult': 1.7209958567683479, 'g_gpe_gpi_mult': 1.0414548561610577}. Best is trial 198 with value: 0.17123825394474032.
[I 2026-05-28 22:57:58,889] Trial 411 finished with value: 4.3119135101631825 and parameters: {'ISTN': 88.0650402064462, 'I_gpe': 3.1064966176068443, 'I_gpi': 1.8942227419878028, 'noise_stn_sigma': 4.658917157661865, 'noise_gpe_sigma': 40.647705150782556, 'noise_gpi_sigma': 74.89073421301693, 'g_stn_gpe_mult': 1.5501880398843109, 'g_gpe_stn_mult': 0.8046973358265077, 'g_stn_gpi_mult': 1.7134504328987763, 'g_gpe_gpi_mult': 1.1542268285077422}. Best is trial 198 with value: 0.17123825394474032.
[I 2026-05-28 22:57:59,891] Trial 412 finished with value: 1.8072714953785531 and parameters: {'ISTN': 109.21033131636884, 'I_gpe': 3.4002843300931365, 'I_gpi': 1.3506059765225098, 'noise_stn_sigma': 4.242144918617308, 'noise_gpe_sigma': 30.05617571965506, 'noise_gpi_sigma': 61.05742358362875, 'g_stn_gpe_mult': 1.4129451370507269, 'g_gpe_stn_mult': 0.8165269795459144, 'g_stn_gpi_mult': 1.776406958189347, 'g_gpe_gpi_mult': 1.06134167122387}. Best is trial 198 with value: 0.17123825394474032.
[I 2026-05-28 22:58:00,892] Trial 413 finished with value: 105.50536590071209 and parameters: {'ISTN': 104.68363389952249, 'I_gpe': 3.793808411305622, 'I_gpi': 1.3470906006371206, 'noise_stn_sigma': 3.9746663435504703, 'noise_gpe_sigma': 37.29408482203737, 'noise_gpi_sigma': 54.08413646448443, 'g_stn_gpe_mult': 1.487779489539657, 'g_gpe_stn_mult': 0.7763557736193119, 'g_stn_gpi_mult': 1.839183853288171, 'g_gpe_gpi_mult': 1.0455717688021675}. Best is trial 198 with value: 0.17123825394474032.
[I 2026-05-28 22:58:01,896] Trial 414 finished with value: 7.858543638405049 and parameters: {'ISTN': 108.8977301030963, 'I_gpe': 3.744604960944875, 'I_gpi': 1.2440908199346532, 'noise_stn_sigma': 4.548697572428029, 'noise_gpe_sigma': 40.074360201704806, 'noise_gpi_sigma': 69.99705744930526, 'g_stn_gpe_mult': 1.4572240234059195, 'g_gpe_stn_mult': 0.677138405616611, 'g_stn_gpi_mult': 1.6556815836758958, 'g_gpe_gpi_mult': 1.1890921149257883}. Best is trial 198 with value: 0.17123825394474032.
[I 2026-05-28 22:58:02,896] Trial 415 finished with value: 4.478640428679916 and parameters: {'ISTN': 98.95626958827147, 'I_gpe': 3.475869784902065, 'I_gpi': 2.4581300109507978, 'noise_stn_sigma': 4.128379725730368, 'noise_gpe_sigma': 33.94819938418421, 'noise_gpi_sigma': 70.38075534691721, 'g_stn_gpe_mult': 1.5156218575041391, 'g_gpe_stn_mult': 0.7846198724805833, 'g_stn_gpi_mult': 1.8110362485508165, 'g_gpe_gpi_mult': 0.9738004985934554}. Best is trial 198 with value: 0.17123825394474032.
[I 2026-05-28 22:58:03,896] Trial 416 finished with value: 4.02366726029659 and parameters: {'ISTN': 113.18183834484199, 'I_gpe': 3.557371685797357, 'I_gpi': 2.1183987252976806, 'noise_stn_sigma': 4.100168600760542, 'noise_gpe_sigma': 39.955877168035244, 'noise_gpi_sigma': 63.95600430920843, 'g_stn_gpe_mult': 1.460121364409766, 'g_gpe_stn_mult': 0.8435554306897088, 'g_stn_gpi_mult': 1.754091206615208, 'g_gpe_gpi_mult': 1.0806296985216923}. Best is trial 198 with value: 0.17123825394474032.
[I 2026-05-28 22:58:04,897] Trial 417 finished with value: 105.41608675443578 and parameters: {'ISTN': 111.85398074877989, 'I_gpe': 3.4522610078500646, 'I_gpi': 1.752895902527289, 'noise_stn_sigma': 4.484350827300422, 'noise_gpe_sigma': 48.3955558041592, 'noise_gpi_sigma': 62.22838647404116, 'g_stn_gpe_mult': 1.3574635246704507, 'g_gpe_stn_mult': 0.9136278071863604, 'g_stn_gpi_mult': 1.770876035444161, 'g_gpe_gpi_mult': 1.0306422155921626}. Best is trial 198 with value: 0.17123825394474032.
[I 2026-05-28 22:58:05,899] Trial 418 finished with value: 104.93141257997436 and parameters: {'ISTN': 103.9579320114663, 'I_gpe': 3.3932901527541395, 'I_gpi': 2.285424555256615, 'noise_stn_sigma': 4.972393150736387, 'noise_gpe_sigma': 46.58543614334538, 'noise_gpi_sigma': 61.17869122847699, 'g_stn_gpe_mult': 1.506270300334883, 'g_gpe_stn_mult': 0.8682817537083376, 'g_stn_gpi_mult': 1.7389334392826343, 'g_gpe_gpi_mult': 1.119548596322109}. Best is trial 198 with value: 0.17123825394474032.
[I 2026-05-28 22:58:06,902] Trial 419 finished with value: 2.634143031759127 and parameters: {'ISTN': 100.3983469990059, 'I_gpe': 3.9348441673856382, 'I_gpi': 1.7096665126331307, 'noise_stn_sigma': 4.865216577146012, 'noise_gpe_sigma': 32.108268414778365, 'noise_gpi_sigma': 63.2411396316992, 'g_stn_gpe_mult': 1.4890997454085066, 'g_gpe_stn_mult': 0.6904206758098641, 'g_stn_gpi_mult': 1.9010360979917218, 'g_gpe_gpi_mult': 1.1809096235748882}. Best is trial 198 with value: 0.17123825394474032.
[I 2026-05-28 22:58:07,905] Trial 420 finished with value: 105.14804961432762 and parameters: {'ISTN': 111.89672907351681, 'I_gpe': 3.571270803452556, 'I_gpi': 1.8926626186181958, 'noise_stn_sigma': 4.24357656428433, 'noise_gpe_sigma': 38.47715694719554, 'noise_gpi_sigma': 59.783089435812315, 'g_stn_gpe_mult': 1.314263960011317, 'g_gpe_stn_mult': 0.8731108126009095, 'g_stn_gpi_mult': 1.6199641353393839, 'g_gpe_gpi_mult': 0.9927905343413833}. Best is trial 198 with value: 0.17123825394474032.
[I 2026-05-28 22:58:08,912] Trial 421 finished with value: 0.34975273680261465 and parameters: {'ISTN': 121.70864260009976, 'I_gpe': 3.721650576846223, 'I_gpi': 2.536135166354766, 'noise_stn_sigma': 4.8646561885257436, 'noise_gpe_sigma': 37.09811707307517, 'noise_gpi_sigma': 60.67494780750416, 'g_stn_gpe_mult': 1.4559601454022904, 'g_gpe_stn_mult': 0.8003532334733674, 'g_stn_gpi_mult': 1.8426252158951544, 'g_gpe_gpi_mult': 1.226132098623045}. Best is trial 198 with value: 0.17123825394474032.
[I 2026-05-28 22:58:09,913] Trial 422 finished with value: 4.728650515369982 and parameters: {'ISTN': 99.73496552532436, 'I_gpe': 3.4721735133345804, 'I_gpi': 1.3613946479917531, 'noise_stn_sigma': 4.737054792623937, 'noise_gpe_sigma': 29.486677811751644, 'noise_gpi_sigma': 72.53394030794196, 'g_stn_gpe_mult': 1.5566700574588803, 'g_gpe_stn_mult': 0.7922825357539732, 'g_stn_gpi_mult': 1.8855888847061377, 'g_gpe_gpi_mult': 1.0986640387023425}. Best is trial 198 with value: 0.17123825394474032.
[I 2026-05-28 22:58:10,919] Trial 423 finished with value: 1.0423386513480026 and parameters: {'ISTN': 111.43893496737718, 'I_gpe': 3.50690308479066, 'I_gpi': 1.7456560212235823, 'noise_stn_sigma': 4.462742050819566, 'noise_gpe_sigma': 36.83470155191068, 'noise_gpi_sigma': 74.57841535568902, 'g_stn_gpe_mult': 1.2992674320182647, 'g_gpe_stn_mult': 0.8076021995955898, 'g_stn_gpi_mult': 1.8319005544046445, 'g_gpe_gpi_mult': 0.9677473130228011}. Best is trial 198 with value: 0.17123825394474032.
[I 2026-05-28 22:58:11,922] Trial 424 finished with value: 3.7223575246237 and parameters: {'ISTN': 105.76951014450324, 'I_gpe': 3.2271175009407944, 'I_gpi': 1.5935041629399613, 'noise_stn_sigma': 4.554286866978451, 'noise_gpe_sigma': 36.70831266404839, 'noise_gpi_sigma': 69.04126230717031, 'g_stn_gpe_mult': 1.4358527534083072, 'g_gpe_stn_mult': 0.8721963247344602, 'g_stn_gpi_mult': 1.81382896911367, 'g_gpe_gpi_mult': 1.1624194419623795}. Best is trial 198 with value: 0.17123825394474032.
[I 2026-05-28 22:58:12,928] Trial 425 finished with value: 1.1697881123137117 and parameters: {'ISTN': 111.52952118107027, 'I_gpe': 3.766554999559578, 'I_gpi': 1.7454499280622544, 'noise_stn_sigma': 4.565264956618019, 'noise_gpe_sigma': 37.34491598986091, 'noise_gpi_sigma': 50.55781618081191, 'g_stn_gpe_mult': 1.5039424014502571, 'g_gpe_stn_mult': 0.7607430445051702, 'g_stn_gpi_mult': 1.8795273684239449, 'g_gpe_gpi_mult': 1.0388965464592281}. Best is trial 198 with value: 0.17123825394474032.
[I 2026-05-28 22:58:13,929] Trial 426 finished with value: 2.306155005675825 and parameters: {'ISTN': 117.47482420467182, 'I_gpe': 3.9064529034397033, 'I_gpi': 1.9389518275693547, 'noise_stn_sigma': 4.488585402228981, 'noise_gpe_sigma': 37.23857624868871, 'noise_gpi_sigma': 72.31346700144582, 'g_stn_gpe_mult': 1.49969363756702, 'g_gpe_stn_mult': 0.7748751787449517, 'g_stn_gpi_mult': 1.7057741145266088, 'g_gpe_gpi_mult': 1.1735793757468738}. Best is trial 198 with value: 0.17123825394474032.
[I 2026-05-28 22:58:14,931] Trial 427 finished with value: 105.58043115724705 and parameters: {'ISTN': 110.77386149993421, 'I_gpe': 3.7055195174985336, 'I_gpi': 1.2602665914121698, 'noise_stn_sigma': 4.893558066318306, 'noise_gpe_sigma': 34.88490174078851, 'noise_gpi_sigma': 66.710408574383, 'g_stn_gpe_mult': 1.1923818168856113, 'g_gpe_stn_mult': 0.8323343110479633, 'g_stn_gpi_mult': 1.8737597558178223, 'g_gpe_gpi_mult': 1.2707680901296579}. Best is trial 198 with value: 0.17123825394474032.
[I 2026-05-28 22:58:15,936] Trial 428 finished with value: 1.0420585005684029 and parameters: {'ISTN': 103.84987585641382, 'I_gpe': 3.400747867004721, 'I_gpi': 1.551927925071893, 'noise_stn_sigma': 4.632513587466601, 'noise_gpe_sigma': 32.40911066901819, 'noise_gpi_sigma': 58.976673720439365, 'g_stn_gpe_mult': 1.4508483168575195, 'g_gpe_stn_mult': 0.782632188655586, 'g_stn_gpi_mult': 1.9252710283364047, 'g_gpe_gpi_mult': 1.2145387633931208}. Best is trial 198 with value: 0.17123825394474032.
[I 2026-05-28 22:58:16,936] Trial 429 finished with value: 105.13763319803097 and parameters: {'ISTN': 112.27531902303127, 'I_gpe': 3.5245588181753, 'I_gpi': 1.9536321292809529, 'noise_stn_sigma': 3.983194955506056, 'noise_gpe_sigma': 32.07956931696013, 'noise_gpi_sigma': 63.05659053246748, 'g_stn_gpe_mult': 1.4930601163363373, 'g_gpe_stn_mult': 0.9151673206986268, 'g_stn_gpi_mult': 1.7363338040439258, 'g_gpe_gpi_mult': 1.0991204107653134}. Best is trial 198 with value: 0.17123825394474032.
[I 2026-05-28 22:58:17,940] Trial 430 finished with value: 3.6846829919798947 and parameters: {'ISTN': 112.71565805426977, 'I_gpe': 3.7130624823675857, 'I_gpi': 1.284242539231769, 'noise_stn_sigma': 4.162073300391203, 'noise_gpe_sigma': 38.72326103990614, 'noise_gpi_sigma': 55.843739360868135, 'g_stn_gpe_mult': 1.596003279442024, 'g_gpe_stn_mult': 0.8007029541430435, 'g_stn_gpi_mult': 1.8091032462116563, 'g_gpe_gpi_mult': 1.1375854602369433}. Best is trial 198 with value: 0.17123825394474032.
[I 2026-05-28 22:58:18,947] Trial 431 finished with value: 0.35990615555762095 and parameters: {'ISTN': 126.89205441938456, 'I_gpe': 3.369218189904424, 'I_gpi': 2.317722813508874, 'noise_stn_sigma': 4.765466169897267, 'noise_gpe_sigma': 42.13324351631431, 'noise_gpi_sigma': 64.32502797681835, 'g_stn_gpe_mult': 1.4507297989302412, 'g_gpe_stn_mult': 0.9214240379747648, 'g_stn_gpi_mult': 1.80563805518716, 'g_gpe_gpi_mult': 1.353460266007056}. Best is trial 198 with value: 0.17123825394474032.
[I 2026-05-28 22:58:19,953] Trial 432 finished with value: 7.553397000275719 and parameters: {'ISTN': 121.36395083180119, 'I_gpe': 3.304126581722472, 'I_gpi': 2.5675826996395683, 'noise_stn_sigma': 4.368129593783028, 'noise_gpe_sigma': 28.844061128399648, 'noise_gpi_sigma': 67.63019221089004, 'g_stn_gpe_mult': 1.5497579551608667, 'g_gpe_stn_mult': 0.8194358665462367, 'g_stn_gpi_mult': 1.867886082152134, 'g_gpe_gpi_mult': 0.9400195388945167}. Best is trial 198 with value: 0.17123825394474032.
[I 2026-05-28 22:58:20,959] Trial 433 finished with value: 0.7108013972993118 and parameters: {'ISTN': 114.5166371086029, 'I_gpe': 3.490443990076499, 'I_gpi': 2.0985462677306654, 'noise_stn_sigma': 4.707944037571249, 'noise_gpe_sigma': 33.26506614373001, 'noise_gpi_sigma': 58.45655765027866, 'g_stn_gpe_mult': 1.309278808833725, 'g_gpe_stn_mult': 0.8238408819279743, 'g_stn_gpi_mult': 1.81322572069549, 'g_gpe_gpi_mult': 1.068274437362918}. Best is trial 198 with value: 0.17123825394474032.
[I 2026-05-28 22:58:21,964] Trial 434 finished with value: 5.588164252813257 and parameters: {'ISTN': 112.54755343953056, 'I_gpe': 4.131211987010972, 'I_gpi': 1.8490128764325466, 'noise_stn_sigma': 4.747107565822967, 'noise_gpe_sigma': 36.07242251448652, 'noise_gpi_sigma': 58.608531938827014, 'g_stn_gpe_mult': 1.4669766924291454, 'g_gpe_stn_mult': 0.6552236462400823, 'g_stn_gpi_mult': 1.9657757918345942, 'g_gpe_gpi_mult': 1.1132448215075956}. Best is trial 198 with value: 0.17123825394474032.
[I 2026-05-28 22:58:22,970] Trial 435 finished with value: 0.3715673547936395 and parameters: {'ISTN': 116.00173913205983, 'I_gpe': 4.028169764101747, 'I_gpi': 2.1578332355849517, 'noise_stn_sigma': 4.16317295369222, 'noise_gpe_sigma': 21.873035062373212, 'noise_gpi_sigma': 67.27313649307484, 'g_stn_gpe_mult': 1.3657230383104673, 'g_gpe_stn_mult': 0.7170165984700947, 'g_stn_gpi_mult': 1.7205584788030264, 'g_gpe_gpi_mult': 1.1019559256104619}. Best is trial 198 with value: 0.17123825394474032.
[I 2026-05-28 22:58:23,976] Trial 436 finished with value: 8.48163659134654 and parameters: {'ISTN': 103.90704086989766, 'I_gpe': 4.424079549516371, 'I_gpi': 2.8345250243332205, 'noise_stn_sigma': 4.886831923167576, 'noise_gpe_sigma': 34.07905036176682, 'noise_gpi_sigma': 68.18377574933783, 'g_stn_gpe_mult': 1.5161910918000194, 'g_gpe_stn_mult': 0.5649006619280148, 'g_stn_gpi_mult': 1.8496077876508723, 'g_gpe_gpi_mult': 1.2437426816674804}. Best is trial 198 with value: 0.17123825394474032.
[I 2026-05-28 22:58:24,983] Trial 437 finished with value: 0.2120570870929786 and parameters: {'ISTN': 122.88675131541703, 'I_gpe': 3.1297031245001525, 'I_gpi': 2.3722723913231905, 'noise_stn_sigma': 4.271409224470068, 'noise_gpe_sigma': 41.976489666843776, 'noise_gpi_sigma': 58.18308811057178, 'g_stn_gpe_mult': 1.648056061011287, 'g_gpe_stn_mult': 0.9303014662315907, 'g_stn_gpi_mult': 1.8634231078711347, 'g_gpe_gpi_mult': 1.1706243522958941}. Best is trial 198 with value: 0.17123825394474032.
[I 2026-05-28 22:58:25,991] Trial 438 finished with value: 0.28521266486110247 and parameters: {'ISTN': 121.41707553347273, 'I_gpe': 3.7854459357480335, 'I_gpi': 2.4593121324656586, 'noise_stn_sigma': 4.349802296268678, 'noise_gpe_sigma': 38.88524444865598, 'noise_gpi_sigma': 63.04622325119963, 'g_stn_gpe_mult': 1.5488674184347164, 'g_gpe_stn_mult': 0.7798009526387659, 'g_stn_gpi_mult': 1.657826837816095, 'g_gpe_gpi_mult': 1.2128019044849394}. Best is trial 198 with value: 0.17123825394474032.
[I 2026-05-28 22:58:26,994] Trial 439 finished with value: 3.6166617219665986 and parameters: {'ISTN': 111.95947697068841, 'I_gpe': 3.4445164034715896, 'I_gpi': 1.7722364793674694, 'noise_stn_sigma': 4.635107195533781, 'noise_gpe_sigma': 34.93459586848914, 'noise_gpi_sigma': 53.28197050887375, 'g_stn_gpe_mult': 1.4281607296423278, 'g_gpe_stn_mult': 0.8492888068121055, 'g_stn_gpi_mult': 1.8987508152198656, 'g_gpe_gpi_mult': 1.2027070122306305}. Best is trial 198 with value: 0.17123825394474032.
