[I 2026-05-28 22:48:27,422] Trial 352 finished with value: 4.394911912267624 and parameters: {'ISTN': 176.9187615471797, 'I_gpe': 1.9832037735529422, 'I_gpi': 2.432421465170592, 'noise_stn_sigma': 2.454543086935641, 'noise_gpe_sigma': 40.382734001822584, 'noise_gpi_sigma': 57.468285586366754, 'g_stn_gpe_mult': 1.3927202397186824, 'g_gpe_stn_mult': 1.6791328449779492, 'g_stn_gpi_mult': 1.752002627017822, 'g_gpe_gpi_mult': 1.4916551301936138}. Best is trial 308 with value: 0.5017134834754137.
[I 2026-05-28 22:48:28,425] Trial 353 finished with value: 0.805808341842387 and parameters: {'ISTN': 187.42885052460608, 'I_gpe': 2.3142511256323046, 'I_gpi': 1.9356747739592506, 'noise_stn_sigma': 2.3115176254346417, 'noise_gpe_sigma': 39.5703443452527, 'noise_gpi_sigma': 62.30954481345051, 'g_stn_gpe_mult': 1.4176234280609028, 'g_gpe_stn_mult': 1.6925630515440664, 'g_stn_gpi_mult': 1.6566841901572191, 'g_gpe_gpi_mult': 1.4004213600268964}. Best is trial 308 with value: 0.5017134834754137.
[I 2026-05-28 22:48:29,427] Trial 354 finished with value: 2.0080861620735795 and parameters: {'ISTN': 175.08638611641834, 'I_gpe': 2.263016722915527, 'I_gpi': 3.003193733529236, 'noise_stn_sigma': 2.6528680546717114, 'noise_gpe_sigma': 46.50973303551305, 'noise_gpi_sigma': 55.944204065294265, 'g_stn_gpe_mult': 1.343958622637746, 'g_gpe_stn_mult': 1.5781102731367775, 'g_stn_gpi_mult': 1.6551565680557792, 'g_gpe_gpi_mult': 1.5746861517726591}. Best is trial 308 with value: 0.5017134834754137.
[I 2026-05-28 22:48:30,428] Trial 355 finished with value: 0.5358990510271139 and parameters: {'ISTN': 181.24608389151035, 'I_gpe': 2.3582437080107725, 'I_gpi': 2.2657624564330883, 'noise_stn_sigma': 2.070607400838865, 'noise_gpe_sigma': 42.18028915716926, 'noise_gpi_sigma': 66.7188248941671, 'g_stn_gpe_mult': 1.356594779444677, 'g_gpe_stn_mult': 1.6096807206829744, 'g_stn_gpi_mult': 1.6433296672459774, 'g_gpe_gpi_mult': 1.4056455220445254}. Best is trial 308 with value: 0.5017134834754137.
[I 2026-05-28 22:48:31,427] Trial 356 finished with value: 4.964045653628315 and parameters: {'ISTN': 170.20155464625614, 'I_gpe': 2.2949265103744647, 'I_gpi': 2.4687980120095188, 'noise_stn_sigma': 2.403065878313993, 'noise_gpe_sigma': 40.29923339334291, 'noise_gpi_sigma': 58.72489986983411, 'g_stn_gpe_mult': 1.5180765771027969, 'g_gpe_stn_mult': 1.7169440699127825, 'g_stn_gpi_mult': 1.6184813050239537, 'g_gpe_gpi_mult': 1.3863943643960632}. Best is trial 308 with value: 0.5017134834754137.
[I 2026-05-28 22:48:32,430] Trial 357 finished with value: 0.7169073779026757 and parameters: {'ISTN': 184.82434921089992, 'I_gpe': 2.180777083342271, 'I_gpi': 1.7301023796534658, 'noise_stn_sigma': 2.0079650217714655, 'noise_gpe_sigma': 38.06947152734064, 'noise_gpi_sigma': 69.77082116084392, 'g_stn_gpe_mult': 1.5049787602189244, 'g_gpe_stn_mult': 1.732931799585864, 'g_stn_gpi_mult': 1.5046363643020784, 'g_gpe_gpi_mult': 1.439868412183373}. Best is trial 308 with value: 0.5017134834754137.
[I 2026-05-28 22:48:33,432] Trial 358 finished with value: 20.74664366192859 and parameters: {'ISTN': 171.7035768544432, 'I_gpe': 1.702313152302713, 'I_gpi': 2.0981151569279053, 'noise_stn_sigma': 2.280102493364348, 'noise_gpe_sigma': 50.76952707816814, 'noise_gpi_sigma': 71.60210536058992, 'g_stn_gpe_mult': 1.4395037656859113, 'g_gpe_stn_mult': 1.7269240264763708, 'g_stn_gpi_mult': 1.6975669292917026, 'g_gpe_gpi_mult': 1.4064505937695517}. Best is trial 308 with value: 0.5017134834754137.
[I 2026-05-28 22:48:34,435] Trial 359 finished with value: 55.39072666541335 and parameters: {'ISTN': 175.98228973724255, 'I_gpe': 1.6250496942084236, 'I_gpi': 2.0943430262242475, 'noise_stn_sigma': 1.9448775746725544, 'noise_gpe_sigma': 30.814950501313458, 'noise_gpi_sigma': 51.14545478275782, 'g_stn_gpe_mult': 1.4160347568182585, 'g_gpe_stn_mult': 1.6833822115630623, 'g_stn_gpi_mult': 1.734506956839626, 'g_gpe_gpi_mult': 1.2895021472737302}. Best is trial 308 with value: 0.5017134834754137.
[I 2026-05-28 22:48:35,439] Trial 360 finished with value: 4.051604758956227 and parameters: {'ISTN': 175.97589836581164, 'I_gpe': 1.9350698159425357, 'I_gpi': 2.273360259108374, 'noise_stn_sigma': 1.9358204228554567, 'noise_gpe_sigma': 32.516865534726456, 'noise_gpi_sigma': 47.09538602070124, 'g_stn_gpe_mult': 1.4549516310768245, 'g_gpe_stn_mult': 1.6857389998779801, 'g_stn_gpi_mult': 1.6146070824659706, 'g_gpe_gpi_mult': 1.4441587602635466}. Best is trial 308 with value: 0.5017134834754137.
[I 2026-05-28 22:48:36,385] Trial 361 finished with value: 1000000.0 and parameters: {'ISTN': 178.31614255952366, 'I_gpe': 2.2282341323566235, 'I_gpi': 1.7173736218428513, 'noise_stn_sigma': 2.125301242248146, 'noise_gpe_sigma': 46.688055808326745, 'noise_gpi_sigma': 69.39335200819812, 'g_stn_gpe_mult': 1.3372939301240885, 'g_gpe_stn_mult': 1.755836053184577, 'g_stn_gpi_mult': 1.7166217029756003, 'g_gpe_gpi_mult': 1.5062409599644386}. Best is trial 308 with value: 0.5017134834754137.
[I 2026-05-28 22:48:37,385] Trial 362 finished with value: 1.2966063532693148 and parameters: {'ISTN': 178.95003675297104, 'I_gpe': 2.270924468280992, 'I_gpi': 2.3832356712511844, 'noise_stn_sigma': 2.217340678891416, 'noise_gpe_sigma': 46.41871910495992, 'noise_gpi_sigma': 63.16330556887217, 'g_stn_gpe_mult': 1.4723055171025607, 'g_gpe_stn_mult': 1.6659689567498481, 'g_stn_gpi_mult': 1.6456036130837621, 'g_gpe_gpi_mult': 1.3610795373881572}. Best is trial 308 with value: 0.5017134834754137.
[I 2026-05-28 22:48:38,384] Trial 363 finished with value: 4.962136142238947 and parameters: {'ISTN': 172.96087947238738, 'I_gpe': 2.2590233074339343, 'I_gpi': 1.7099239141846274, 'noise_stn_sigma': 2.380958701682851, 'noise_gpe_sigma': 34.39106074291878, 'noise_gpi_sigma': 70.30551343397576, 'g_stn_gpe_mult': 1.5199497557775936, 'g_gpe_stn_mult': 1.7130023114264785, 'g_stn_gpi_mult': 1.4351489438030325, 'g_gpe_gpi_mult': 1.2997241974532687}. Best is trial 308 with value: 0.5017134834754137.
[I 2026-05-28 22:48:39,382] Trial 364 finished with value: 4.4501259448466035 and parameters: {'ISTN': 190.64119048686507, 'I_gpe': 2.4898084890112764, 'I_gpi': 2.442495135262517, 'noise_stn_sigma': 2.336530266659327, 'noise_gpe_sigma': 39.15431051048567, 'noise_gpi_sigma': 64.66640502272139, 'g_stn_gpe_mult': 1.4466949235251676, 'g_gpe_stn_mult': 1.7344586668497277, 'g_stn_gpi_mult': 1.6855572025022956, 'g_gpe_gpi_mult': 1.4884206261259887}. Best is trial 308 with value: 0.5017134834754137.
[I 2026-05-28 22:48:40,384] Trial 365 finished with value: 7.398837071318672 and parameters: {'ISTN': 173.73098480179135, 'I_gpe': 2.2131196993161977, 'I_gpi': 2.01408547389347, 'noise_stn_sigma': 2.226518319491387, 'noise_gpe_sigma': 37.59804026786445, 'noise_gpi_sigma': 65.34040488944358, 'g_stn_gpe_mult': 1.4897010465313083, 'g_gpe_stn_mult': 1.5286550886989474, 'g_stn_gpi_mult': 1.5999950642934455, 'g_gpe_gpi_mult': 1.3847176122548686}. Best is trial 308 with value: 0.5017134834754137.
[I 2026-05-28 22:48:41,383] Trial 366 finished with value: 3.192543931423012 and parameters: {'ISTN': 174.62924704789566, 'I_gpe': 2.2734904119206596, 'I_gpi': 1.382868514564248, 'noise_stn_sigma': 2.142411354212281, 'noise_gpe_sigma': 37.7473666965047, 'noise_gpi_sigma': 60.6906297918291, 'g_stn_gpe_mult': 1.3303647007657389, 'g_gpe_stn_mult': 1.6566575252810873, 'g_stn_gpi_mult': 1.5867181982439431, 'g_gpe_gpi_mult': 1.401865057986307}. Best is trial 308 with value: 0.5017134834754137.
[I 2026-05-28 22:48:42,386] Trial 367 finished with value: 1.9114228985491548 and parameters: {'ISTN': 185.74177181923363, 'I_gpe': 2.456279666026206, 'I_gpi': 2.2105793365182924, 'noise_stn_sigma': 1.862826275697335, 'noise_gpe_sigma': 40.112588769304026, 'noise_gpi_sigma': 65.07543300079689, 'g_stn_gpe_mult': 1.490235808541147, 'g_gpe_stn_mult': 1.6338684040545377, 'g_stn_gpi_mult': 1.6055587720895939, 'g_gpe_gpi_mult': 1.4856597702592131}. Best is trial 308 with value: 0.5017134834754137.
[I 2026-05-28 22:48:43,388] Trial 368 finished with value: 7.949074226599873 and parameters: {'ISTN': 168.44074322395443, 'I_gpe': 1.8896962332605107, 'I_gpi': 2.698356153559782, 'noise_stn_sigma': 2.1461931150036193, 'noise_gpe_sigma': 35.93035151808129, 'noise_gpi_sigma': 69.37303132914812, 'g_stn_gpe_mult': 1.4288365026656722, 'g_gpe_stn_mult': 1.6270549914907653, 'g_stn_gpi_mult': 1.6240928925385416, 'g_gpe_gpi_mult': 1.4679765205630206}. Best is trial 308 with value: 0.5017134834754137.
[I 2026-05-28 22:48:44,390] Trial 369 finished with value: 4.79748908413446 and parameters: {'ISTN': 178.13012373531396, 'I_gpe': 1.9309175911020968, 'I_gpi': 1.798731743866397, 'noise_stn_sigma': 1.8699036516040406, 'noise_gpe_sigma': 37.856331382028074, 'noise_gpi_sigma': 61.804734191917, 'g_stn_gpe_mult': 1.4196168839561452, 'g_gpe_stn_mult': 1.7093863566712098, 'g_stn_gpi_mult': 1.6857159922830656, 'g_gpe_gpi_mult': 1.4835771472266548}. Best is trial 308 with value: 0.5017134834754137.
[I 2026-05-28 22:48:45,393] Trial 370 finished with value: 10.752263800604034 and parameters: {'ISTN': 186.22838638504422, 'I_gpe': 2.3774453521778804, 'I_gpi': 2.106753871994922, 'noise_stn_sigma': 2.4282531391331483, 'noise_gpe_sigma': 50.08437737265621, 'noise_gpi_sigma': 71.37583709117864, 'g_stn_gpe_mult': 1.4047410358561137, 'g_gpe_stn_mult': 1.5317332608938465, 'g_stn_gpi_mult': 1.6122577258902717, 'g_gpe_gpi_mult': 1.3184904875450838}. Best is trial 308 with value: 0.5017134834754137.
[I 2026-05-28 22:48:46,394] Trial 371 finished with value: 3.8989150926301845 and parameters: {'ISTN': 182.43626386423185, 'I_gpe': 2.45380314454771, 'I_gpi': 2.4348875855753187, 'noise_stn_sigma': 2.271183828149372, 'noise_gpe_sigma': 42.665808567206454, 'noise_gpi_sigma': 64.32612788210918, 'g_stn_gpe_mult': 1.5695269343372529, 'g_gpe_stn_mult': 1.667959940194546, 'g_stn_gpi_mult': 1.5586595498578293, 'g_gpe_gpi_mult': 1.3391413519567092}. Best is trial 308 with value: 0.5017134834754137.
[I 2026-05-28 22:48:47,397] Trial 372 finished with value: 1.5186029948033257 and parameters: {'ISTN': 189.00041685029097, 'I_gpe': 2.301394817539133, 'I_gpi': 1.9653232997339003, 'noise_stn_sigma': 2.1032088486408913, 'noise_gpe_sigma': 44.17003614685224, 'noise_gpi_sigma': 63.535093210680735, 'g_stn_gpe_mult': 1.4014819608584759, 'g_gpe_stn_mult': 1.6627186987253662, 'g_stn_gpi_mult': 1.6677709426471545, 'g_gpe_gpi_mult': 1.4144144288661182}. Best is trial 308 with value: 0.5017134834754137.
[I 2026-05-28 22:48:48,397] Trial 373 finished with value: 0.8311797189266277 and parameters: {'ISTN': 191.8527719489315, 'I_gpe': 2.440185828235127, 'I_gpi': 1.7244825643719024, 'noise_stn_sigma': 2.380498457948579, 'noise_gpe_sigma': 34.710453678703274, 'noise_gpi_sigma': 66.55954841187962, 'g_stn_gpe_mult': 1.3539663737663523, 'g_gpe_stn_mult': 1.6446020370525003, 'g_stn_gpi_mult': 1.6672710552974528, 'g_gpe_gpi_mult': 1.5212970212884733}. Best is trial 308 with value: 0.5017134834754137.
[I 2026-05-28 22:48:49,399] Trial 374 finished with value: 3.38856354550891 and parameters: {'ISTN': 188.15116914677276, 'I_gpe': 2.508598954466652, 'I_gpi': 2.6727747839256706, 'noise_stn_sigma': 2.1142153820972767, 'noise_gpe_sigma': 43.606920737476486, 'noise_gpi_sigma': 66.75901635985436, 'g_stn_gpe_mult': 1.4704736246865813, 'g_gpe_stn_mult': 1.6644080809403061, 'g_stn_gpi_mult': 1.6708387884333975, 'g_gpe_gpi_mult': 1.3394482541868609}. Best is trial 308 with value: 0.5017134834754137.
[I 2026-05-28 22:48:50,401] Trial 375 finished with value: 3.1845146698221667 and parameters: {'ISTN': 178.96703891354892, 'I_gpe': 2.084658063007227, 'I_gpi': 1.5834733718575058, 'noise_stn_sigma': 2.2140506777152646, 'noise_gpe_sigma': 37.3908126069242, 'noise_gpi_sigma': 71.90150690245133, 'g_stn_gpe_mult': 1.4742212649961433, 'g_gpe_stn_mult': 1.8114496551066006, 'g_stn_gpi_mult': 1.6690352594722557, 'g_gpe_gpi_mult': 1.3281782084854437}. Best is trial 308 with value: 0.5017134834754137.
[I 2026-05-28 22:48:51,404] Trial 376 finished with value: 2.8188867150364985 and parameters: {'ISTN': 172.45900830751174, 'I_gpe': 1.8913119786108723, 'I_gpi': 2.0300197623610288, 'noise_stn_sigma': 1.9821299412760864, 'noise_gpe_sigma': 43.947104441093515, 'noise_gpi_sigma': 64.3689773015171, 'g_stn_gpe_mult': 1.469660020059562, 'g_gpe_stn_mult': 1.721311261250932, 'g_stn_gpi_mult': 1.6143266634868723, 'g_gpe_gpi_mult': 1.4826797763113442}. Best is trial 308 with value: 0.5017134834754137.
[I 2026-05-28 22:48:52,404] Trial 377 finished with value: 4.861727353313403 and parameters: {'ISTN': 180.4669060806149, 'I_gpe': 2.4615014325190883, 'I_gpi': 1.9359076679891696, 'noise_stn_sigma': 2.4211951373747436, 'noise_gpe_sigma': 42.232038644559374, 'noise_gpi_sigma': 68.78745618702722, 'g_stn_gpe_mult': 1.5857821408199566, 'g_gpe_stn_mult': 1.698881454644196, 'g_stn_gpi_mult': 1.7357193761562366, 'g_gpe_gpi_mult': 1.3871172606756468}. Best is trial 308 with value: 0.5017134834754137.
[I 2026-05-28 22:48:53,404] Trial 378 finished with value: 4.792894957373176 and parameters: {'ISTN': 182.9121545562353, 'I_gpe': 2.4886194437776155, 'I_gpi': 1.7123428610722913, 'noise_stn_sigma': 2.2470999104928797, 'noise_gpe_sigma': 46.10696647914393, 'noise_gpi_sigma': 68.46387153721491, 'g_stn_gpe_mult': 1.4725701896833623, 'g_gpe_stn_mult': 1.7091507354720152, 'g_stn_gpi_mult': 1.6481852778222421, 'g_gpe_gpi_mult': 1.23428715869176}. Best is trial 308 with value: 0.5017134834754137.
[I 2026-05-28 22:48:54,405] Trial 379 finished with value: 3.8634072586492536 and parameters: {'ISTN': 184.4516706515965, 'I_gpe': 2.5151478139470766, 'I_gpi': 2.5027313078410964, 'noise_stn_sigma': 1.89450831168144, 'noise_gpe_sigma': 46.04625131672134, 'noise_gpi_sigma': 60.52571575928922, 'g_stn_gpe_mult': 1.4087050162990744, 'g_gpe_stn_mult': 1.6710053128644886, 'g_stn_gpi_mult': 1.6233585685587832, 'g_gpe_gpi_mult': 1.3880251883437402}. Best is trial 308 with value: 0.5017134834754137.
[I 2026-05-28 22:48:55,403] Trial 380 finished with value: 105.31311529080325 and parameters: {'ISTN': 181.85891668829484, 'I_gpe': 2.431366926961541, 'I_gpi': 2.0765414885947666, 'noise_stn_sigma': 1.9946934869121913, 'noise_gpe_sigma': 38.01526653229361, 'noise_gpi_sigma': 60.56517995556186, 'g_stn_gpe_mult': 1.4134659795022337, 'g_gpe_stn_mult': 1.7346544590461888, 'g_stn_gpi_mult': 1.6531436512258488, 'g_gpe_gpi_mult': 1.4345993403788304}. Best is trial 308 with value: 0.5017134834754137.
[I 2026-05-28 22:48:56,407] Trial 381 finished with value: 17.108526778736383 and parameters: {'ISTN': 191.9137322738103, 'I_gpe': 2.3168902713677086, 'I_gpi': 2.0596905923778035, 'noise_stn_sigma': 2.259300575168778, 'noise_gpe_sigma': 40.39413742014257, 'noise_gpi_sigma': 60.13581375193982, 'g_stn_gpe_mult': 1.3727290918052704, 'g_gpe_stn_mult': 1.5744748339015666, 'g_stn_gpi_mult': 1.6554645235710423, 'g_gpe_gpi_mult': 1.4831906245499227}. Best is trial 308 with value: 0.5017134834754137.
[I 2026-05-28 22:48:57,410] Trial 382 finished with value: 1.0331360504019662 and parameters: {'ISTN': 188.80711918349652, 'I_gpe': 2.249276898950373, 'I_gpi': 1.4693122842706965, 'noise_stn_sigma': 2.1666653036009387, 'noise_gpe_sigma': 44.4811441184206, 'noise_gpi_sigma': 71.90743929182608, 'g_stn_gpe_mult': 1.2796943904017843, 'g_gpe_stn_mult': 1.6979693252617167, 'g_stn_gpi_mult': 1.6232731905002673, 'g_gpe_gpi_mult': 1.4935955202418352}. Best is trial 308 with value: 0.5017134834754137.
[I 2026-05-28 22:48:58,413] Trial 383 finished with value: 2.8403507698743318 and parameters: {'ISTN': 179.9052732284792, 'I_gpe': 2.1453822238944404, 'I_gpi': 1.29177835832954, 'noise_stn_sigma': 2.184976282590063, 'noise_gpe_sigma': 33.97266421457705, 'noise_gpi_sigma': 66.79168295515014, 'g_stn_gpe_mult': 1.3946883756936412, 'g_gpe_stn_mult': 1.7717291231995371, 'g_stn_gpi_mult': 1.593440917415776, 'g_gpe_gpi_mult': 1.4393960733772424}. Best is trial 308 with value: 0.5017134834754137.
[I 2026-05-28 22:48:59,415] Trial 384 finished with value: 1.320076066666915 and parameters: {'ISTN': 180.99304321317902, 'I_gpe': 2.3192499187438798, 'I_gpi': 1.8926435351757707, 'noise_stn_sigma': 1.959436436475641, 'noise_gpe_sigma': 35.09371678494019, 'noise_gpi_sigma': 63.29086714758686, 'g_stn_gpe_mult': 1.4133992688620725, 'g_gpe_stn_mult': 1.6451220301066876, 'g_stn_gpi_mult': 1.6447191472036269, 'g_gpe_gpi_mult': 1.4046175851933924}. Best is trial 308 with value: 0.5017134834754137.
[I 2026-05-28 22:49:00,419] Trial 385 finished with value: 1.1631236614189986 and parameters: {'ISTN': 183.38895382300035, 'I_gpe': 2.135783426858266, 'I_gpi': 1.936582048155696, 'noise_stn_sigma': 1.8633992831613224, 'noise_gpe_sigma': 43.54844103884703, 'noise_gpi_sigma': 64.71254363530983, 'g_stn_gpe_mult': 1.4671954353706986, 'g_gpe_stn_mult': 1.7059142078028906, 'g_stn_gpi_mult': 1.693786215479025, 'g_gpe_gpi_mult': 1.464188128394917}. Best is trial 308 with value: 0.5017134834754137.
[I 2026-05-28 22:49:01,419] Trial 386 finished with value: 1.700801087982401 and parameters: {'ISTN': 174.97935589741883, 'I_gpe': 2.0789955467923757, 'I_gpi': 2.12218607632295, 'noise_stn_sigma': 2.6124986246748256, 'noise_gpe_sigma': 42.607310727802634, 'noise_gpi_sigma': 65.10826664358582, 'g_stn_gpe_mult': 1.4566521625583866, 'g_gpe_stn_mult': 1.7508462157978655, 'g_stn_gpi_mult': 1.7346283458310605, 'g_gpe_gpi_mult': 1.5702248840104693}. Best is trial 308 with value: 0.5017134834754137.
[I 2026-05-28 22:49:02,419] Trial 387 finished with value: 1.0913596052044194 and parameters: {'ISTN': 189.97670761170667, 'I_gpe': 2.236824454025328, 'I_gpi': 2.131087205352908, 'noise_stn_sigma': 2.178520534586992, 'noise_gpe_sigma': 41.841377909514065, 'noise_gpi_sigma': 65.2933059936085, 'g_stn_gpe_mult': 1.3367251064258219, 'g_gpe_stn_mult': 1.7097492696581467, 'g_stn_gpi_mult': 1.6048686066793088, 'g_gpe_gpi_mult': 1.5040077343708438}. Best is trial 308 with value: 0.5017134834754137.
[I 2026-05-28 22:49:03,423] Trial 388 finished with value: 2.0590868927753267 and parameters: {'ISTN': 191.21937342606793, 'I_gpe': 2.4663307255441778, 'I_gpi': 1.5791259959870148, 'noise_stn_sigma': 2.3117290551518654, 'noise_gpe_sigma': 38.15822969060991, 'noise_gpi_sigma': 57.93657915180427, 'g_stn_gpe_mult': 1.4000121623655855, 'g_gpe_stn_mult': 1.6685840123474924, 'g_stn_gpi_mult': 1.652211126656929, 'g_gpe_gpi_mult': 1.27690462746579}. Best is trial 308 with value: 0.5017134834754137.
[I 2026-05-28 22:49:04,426] Trial 389 finished with value: 0.9935029771843565 and parameters: {'ISTN': 190.01863615020966, 'I_gpe': 2.6414250372077666, 'I_gpi': 2.1287801045724732, 'noise_stn_sigma': 2.258432811099172, 'noise_gpe_sigma': 41.229327552465584, 'noise_gpi_sigma': 59.956367921531545, 'g_stn_gpe_mult': 1.3770239769711798, 'g_gpe_stn_mult': 1.5094349543089802, 'g_stn_gpi_mult': 1.666349049926376, 'g_gpe_gpi_mult': 1.5330660329656811}. Best is trial 308 with value: 0.5017134834754137.
[I 2026-05-28 22:49:05,429] Trial 390 finished with value: 0.7973808381702335 and parameters: {'ISTN': 183.5584302974414, 'I_gpe': 2.1962358139263767, 'I_gpi': 2.178030642435302, 'noise_stn_sigma': 2.2296746711186577, 'noise_gpe_sigma': 49.62994385824277, 'noise_gpi_sigma': 70.6930934186595, 'g_stn_gpe_mult': 1.512856917218194, 'g_gpe_stn_mult': 1.6921634602645872, 'g_stn_gpi_mult': 1.6077367965711544, 'g_gpe_gpi_mult': 1.5313389880596773}. Best is trial 308 with value: 0.5017134834754137.
[I 2026-05-28 22:49:06,432] Trial 391 finished with value: 0.6555448521064465 and parameters: {'ISTN': 182.99065643297433, 'I_gpe': 2.2318537138878316, 'I_gpi': 2.174663094364397, 'noise_stn_sigma': 2.2061115967523035, 'noise_gpe_sigma': 43.27123052080371, 'noise_gpi_sigma': 66.11337432746657, 'g_stn_gpe_mult': 1.415775199684973, 'g_gpe_stn_mult': 1.6961585679780322, 'g_stn_gpi_mult': 1.7064270196231974, 'g_gpe_gpi_mult': 1.474101546600317}. Best is trial 308 with value: 0.5017134834754137.
[I 2026-05-28 22:49:07,432] Trial 392 finished with value: 5.140424334308549 and parameters: {'ISTN': 187.9805435362517, 'I_gpe': 2.429949637227174, 'I_gpi': 1.2847271860446599, 'noise_stn_sigma': 2.3784886619333747, 'noise_gpe_sigma': 32.5849771921562, 'noise_gpi_sigma': 55.036452257308426, 'g_stn_gpe_mult': 1.3200584468399896, 'g_gpe_stn_mult': 1.7304250930438028, 'g_stn_gpi_mult': 1.5994928848330907, 'g_gpe_gpi_mult': 1.367385918173379}. Best is trial 308 with value: 0.5017134834754137.
[I 2026-05-28 22:49:08,434] Trial 393 finished with value: 1.534387052140566 and parameters: {'ISTN': 190.40582569759192, 'I_gpe': 2.4528219998639207, 'I_gpi': 1.5364027498119495, 'noise_stn_sigma': 2.2613164529222005, 'noise_gpe_sigma': 50.06200677788241, 'noise_gpi_sigma': 64.45054861059256, 'g_stn_gpe_mult': 1.3906174702396847, 'g_gpe_stn_mult': 1.6736100569354317, 'g_stn_gpi_mult': 1.576270164613227, 'g_gpe_gpi_mult': 1.5236606880299024}. Best is trial 308 with value: 0.5017134834754137.
[I 2026-05-28 22:49:09,436] Trial 394 finished with value: 0.545576919224953 and parameters: {'ISTN': 189.4903652918931, 'I_gpe': 2.3293843114489183, 'I_gpi': 2.2868369148904715, 'noise_stn_sigma': 1.7900180071944836, 'noise_gpe_sigma': 47.21229992368019, 'noise_gpi_sigma': 64.76010521224566, 'g_stn_gpe_mult': 1.3955988849881389, 'g_gpe_stn_mult': 1.6857314335514018, 'g_stn_gpi_mult': 1.6660637256895876, 'g_gpe_gpi_mult': 1.460441628911082}. Best is trial 308 with value: 0.5017134834754137.
[I 2026-05-28 22:49:10,440] Trial 395 finished with value: 18.583276526845328 and parameters: {'ISTN': 186.47727683920428, 'I_gpe': 2.1280500421750386, 'I_gpi': 2.0486824257939755, 'noise_stn_sigma': 2.205784141329965, 'noise_gpe_sigma': 53.78180768061118, 'noise_gpi_sigma': 68.82526177125936, 'g_stn_gpe_mult': 1.3881599581167896, 'g_gpe_stn_mult': 1.6474610060411852, 'g_stn_gpi_mult': 1.658359336563242, 'g_gpe_gpi_mult': 1.5718287512168407}. Best is trial 308 with value: 0.5017134834754137.
