[I 2026-05-28 22:54:03,159] Trial 176 finished with value: 106.17721763364727 and parameters: {'ISTN': 119.33971190715616, 'I_gpe': 3.596921925340986, 'I_gpi': 3.8414448406652157, 'noise_stn_sigma': 3.9980837891199887, 'noise_gpe_sigma': 49.11606472885244, 'noise_gpi_sigma': 32.715589391568244, 'g_stn_gpe_mult': 1.814612903459704, 'g_gpe_stn_mult': 0.9237836744660206, 'g_stn_gpi_mult': 1.2816826663067182, 'g_gpe_gpi_mult': 1.0235952160628903}. Best is trial 165 with value: 0.3686096745257854.
[I 2026-05-28 22:54:04,158] Trial 177 finished with value: 106.00560000873055 and parameters: {'ISTN': 141.6017833667761, 'I_gpe': 3.4878623896786545, 'I_gpi': 3.67794247528077, 'noise_stn_sigma': 3.080728247544121, 'noise_gpe_sigma': 61.21118248200818, 'noise_gpi_sigma': 32.28727130017518, 'g_stn_gpe_mult': 1.645650294201421, 'g_gpe_stn_mult': 1.2198197326017717, 'g_stn_gpi_mult': 0.9387341469453607, 'g_gpe_gpi_mult': 0.9160259622461555}. Best is trial 165 with value: 0.3686096745257854.
[I 2026-05-28 22:54:05,158] Trial 178 finished with value: 105.58213439508549 and parameters: {'ISTN': 127.53678617085029, 'I_gpe': 3.518641697275222, 'I_gpi': 1.4913185956946502, 'noise_stn_sigma': 3.4690539988892355, 'noise_gpe_sigma': 51.670126870689025, 'noise_gpi_sigma': 55.722990159702945, 'g_stn_gpe_mult': 1.6562530544322782, 'g_gpe_stn_mult': 1.0443952415799522, 'g_stn_gpi_mult': 1.2583023199905126, 'g_gpe_gpi_mult': 1.0112655412716358}. Best is trial 165 with value: 0.3686096745257854.
[I 2026-05-28 22:54:06,164] Trial 179 finished with value: 38.94905621942668 and parameters: {'ISTN': 118.32228521887146, 'I_gpe': 1.1895019109680505, 'I_gpi': 2.7797313311129197, 'noise_stn_sigma': 3.5353168041210408, 'noise_gpe_sigma': 22.322821190193448, 'noise_gpi_sigma': 35.73113808388098, 'g_stn_gpe_mult': 1.9851558183515974, 'g_gpe_stn_mult': 0.9191461915678132, 'g_stn_gpi_mult': 1.4672539683869057, 'g_gpe_gpi_mult': 1.1756103052125044}. Best is trial 165 with value: 0.3686096745257854.
[I 2026-05-28 22:54:07,172] Trial 180 finished with value: 47.70903678487376 and parameters: {'ISTN': 144.0355305280442, 'I_gpe': 2.597370511468898, 'I_gpi': 5.173419543233316, 'noise_stn_sigma': 4.376781164151778, 'noise_gpe_sigma': 37.450798738784655, 'noise_gpi_sigma': 57.42191081122309, 'g_stn_gpe_mult': 1.547220243318728, 'g_gpe_stn_mult': 1.0024443522905688, 'g_stn_gpi_mult': 1.3718323882037562, 'g_gpe_gpi_mult': 1.2289898993295427}. Best is trial 165 with value: 0.3686096745257854.
[I 2026-05-28 22:54:08,184] Trial 181 finished with value: 53.06544424026636 and parameters: {'ISTN': 127.92585792793139, 'I_gpe': 1.418584992286553, 'I_gpi': 3.4400926336905284, 'noise_stn_sigma': 3.641240476807433, 'noise_gpe_sigma': 42.873086883390435, 'noise_gpi_sigma': 52.03851514816116, 'g_stn_gpe_mult': 1.5333948380649525, 'g_gpe_stn_mult': 0.901424200726521, 'g_stn_gpi_mult': 1.7640876080891006, 'g_gpe_gpi_mult': 1.006137319741944}. Best is trial 165 with value: 0.3686096745257854.
[I 2026-05-28 22:54:09,188] Trial 182 finished with value: 105.56795026570131 and parameters: {'ISTN': 104.592661328668, 'I_gpe': 2.1144306934463097, 'I_gpi': 2.710020062573275, 'noise_stn_sigma': 3.7046781752068187, 'noise_gpe_sigma': 47.042173585256954, 'noise_gpi_sigma': 50.40911442681027, 'g_stn_gpe_mult': 1.9563948348215057, 'g_gpe_stn_mult': 1.2632138084652555, 'g_stn_gpi_mult': 1.6971315725094185, 'g_gpe_gpi_mult': 1.0457151565437053}. Best is trial 165 with value: 0.3686096745257854.
[I 2026-05-28 22:54:10,191] Trial 183 finished with value: 106.02851093923056 and parameters: {'ISTN': 109.38457492444269, 'I_gpe': 3.1536964577658346, 'I_gpi': 3.6768233452053574, 'noise_stn_sigma': 4.429932886906835, 'noise_gpe_sigma': 47.113341785122486, 'noise_gpi_sigma': 50.0305691934809, 'g_stn_gpe_mult': 1.5598297759280921, 'g_gpe_stn_mult': 1.0813225154943171, 'g_stn_gpi_mult': 1.810252206029951, 'g_gpe_gpi_mult': 1.2084160597841094}. Best is trial 165 with value: 0.3686096745257854.
[I 2026-05-28 22:54:11,189] Trial 184 finished with value: 105.18568023328251 and parameters: {'ISTN': 126.02140466506884, 'I_gpe': 3.3967493436840757, 'I_gpi': 1.8021640475292187, 'noise_stn_sigma': 3.543566904551794, 'noise_gpe_sigma': 71.74515631361228, 'noise_gpi_sigma': 53.275483773404844, 'g_stn_gpe_mult': 1.7582262608556172, 'g_gpe_stn_mult': 1.0306123003898016, 'g_stn_gpi_mult': 1.5832860360120335, 'g_gpe_gpi_mult': 1.698782444555321}. Best is trial 165 with value: 0.3686096745257854.
[I 2026-05-28 22:54:12,191] Trial 185 finished with value: 105.57565100414028 and parameters: {'ISTN': 108.3457549389671, 'I_gpe': 3.3712080947197087, 'I_gpi': 3.2112767568619724, 'noise_stn_sigma': 3.994797228264829, 'noise_gpe_sigma': 51.85723329976029, 'noise_gpi_sigma': 55.42810098625648, 'g_stn_gpe_mult': 1.9414256886407855, 'g_gpe_stn_mult': 1.069567180816997, 'g_stn_gpi_mult': 1.58791945890993, 'g_gpe_gpi_mult': 1.4286298615571054}. Best is trial 165 with value: 0.3686096745257854.
[I 2026-05-28 22:54:13,199] Trial 186 finished with value: 42.50564268517025 and parameters: {'ISTN': 121.18988086511753, 'I_gpe': 1.1327332736372635, 'I_gpi': 1.3695500773388942, 'noise_stn_sigma': 2.744425358286472, 'noise_gpe_sigma': 66.48703891121197, 'noise_gpi_sigma': 51.14295826385571, 'g_stn_gpe_mult': 1.7513245562970634, 'g_gpe_stn_mult': 0.9392522173446263, 'g_stn_gpi_mult': 1.4362702934501905, 'g_gpe_gpi_mult': 1.1305198925588702}. Best is trial 165 with value: 0.3686096745257854.
[I 2026-05-28 22:54:14,207] Trial 187 finished with value: 40.75534986404006 and parameters: {'ISTN': 118.65234250978524, 'I_gpe': 1.5307100150938855, 'I_gpi': 4.0292223738866015, 'noise_stn_sigma': 4.891118981900239, 'noise_gpe_sigma': 58.19644621583986, 'noise_gpi_sigma': 52.406666580096115, 'g_stn_gpe_mult': 1.7955023350326083, 'g_gpe_stn_mult': 0.7809014354585808, 'g_stn_gpi_mult': 1.3248156626267704, 'g_gpe_gpi_mult': 1.1998448857641315}. Best is trial 165 with value: 0.3686096745257854.
[I 2026-05-28 22:54:15,213] Trial 188 finished with value: 7.437830904248589 and parameters: {'ISTN': 95.91737905625311, 'I_gpe': 2.001456718769883, 'I_gpi': 2.059398210309144, 'noise_stn_sigma': 4.095731223786268, 'noise_gpe_sigma': 68.92719161992584, 'noise_gpi_sigma': 54.49346198827228, 'g_stn_gpe_mult': 1.6505404056071078, 'g_gpe_stn_mult': 0.92457319056457, 'g_stn_gpi_mult': 1.6992460807522627, 'g_gpe_gpi_mult': 0.8545541140083592}. Best is trial 165 with value: 0.3686096745257854.
[I 2026-05-28 22:54:16,220] Trial 189 finished with value: 69.0972181459314 and parameters: {'ISTN': 150.5579925741278, 'I_gpe': 2.635455943772497, 'I_gpi': 4.329382053902272, 'noise_stn_sigma': 2.996883312083124, 'noise_gpe_sigma': 39.03502050170668, 'noise_gpi_sigma': 47.41390797367089, 'g_stn_gpe_mult': 1.6529771719967306, 'g_gpe_stn_mult': 0.9734091404229792, 'g_stn_gpi_mult': 1.0477575421062773, 'g_gpe_gpi_mult': 1.141115856947208}. Best is trial 165 with value: 0.3686096745257854.
[I 2026-05-28 22:54:17,228] Trial 190 finished with value: 2.236010234653582 and parameters: {'ISTN': 123.76806622035129, 'I_gpe': 3.379867973866725, 'I_gpi': 3.4318299549450497, 'noise_stn_sigma': 3.706416348824094, 'noise_gpe_sigma': 29.897158516864263, 'noise_gpi_sigma': 57.81779512070333, 'g_stn_gpe_mult': 1.915324517052098, 'g_gpe_stn_mult': 0.8418377169000542, 'g_stn_gpi_mult': 1.3849110776231297, 'g_gpe_gpi_mult': 1.1013249827631724}. Best is trial 165 with value: 0.3686096745257854.
[I 2026-05-28 22:54:18,237] Trial 191 finished with value: 30.406267505724408 and parameters: {'ISTN': 113.54913538420647, 'I_gpe': 2.4272067956685306, 'I_gpi': 2.9378185458025348, 'noise_stn_sigma': 4.273910597000861, 'noise_gpe_sigma': 42.55689332977206, 'noise_gpi_sigma': 57.22127275520034, 'g_stn_gpe_mult': 1.6335474003533292, 'g_gpe_stn_mult': 0.7384205871317836, 'g_stn_gpi_mult': 1.2829619157432053, 'g_gpe_gpi_mult': 1.343930872322502}. Best is trial 165 with value: 0.3686096745257854.
[I 2026-05-28 22:54:19,246] Trial 192 finished with value: 6.921888815581274 and parameters: {'ISTN': 115.83580542721477, 'I_gpe': 2.56801666881623, 'I_gpi': 2.683765753185538, 'noise_stn_sigma': 3.5312980994925764, 'noise_gpe_sigma': 48.64914132347132, 'noise_gpi_sigma': 51.12972558228294, 'g_stn_gpe_mult': 1.9092051371154264, 'g_gpe_stn_mult': 0.9477886041458953, 'g_stn_gpi_mult': 1.0619333450783324, 'g_gpe_gpi_mult': 1.1032667936038614}. Best is trial 165 with value: 0.3686096745257854.
[I 2026-05-28 22:54:20,253] Trial 193 finished with value: 1.6996222704923214 and parameters: {'ISTN': 118.91894828156595, 'I_gpe': 2.519863299692588, 'I_gpi': 3.143405869397296, 'noise_stn_sigma': 4.162167165627034, 'noise_gpe_sigma': 50.57615758412565, 'noise_gpi_sigma': 73.6277378898885, 'g_stn_gpe_mult': 1.7892145430738153, 'g_gpe_stn_mult': 1.0488884941586614, 'g_stn_gpi_mult': 1.4730041915394512, 'g_gpe_gpi_mult': 1.1914866811581848}. Best is trial 165 with value: 0.3686096745257854.
[I 2026-05-28 22:54:21,254] Trial 194 finished with value: 105.78802765159165 and parameters: {'ISTN': 113.50819587031225, 'I_gpe': 3.2227581318169647, 'I_gpi': 3.466619707376877, 'noise_stn_sigma': 3.552758949350911, 'noise_gpe_sigma': 58.88404928508965, 'noise_gpi_sigma': 49.17331899448964, 'g_stn_gpe_mult': 1.7472015007053883, 'g_gpe_stn_mult': 1.176123320260124, 'g_stn_gpi_mult': 1.382574968638115, 'g_gpe_gpi_mult': 1.2808337531460794}. Best is trial 165 with value: 0.3686096745257854.
[I 2026-05-28 22:54:22,259] Trial 195 finished with value: 29.327283405011652 and parameters: {'ISTN': 117.56808337406069, 'I_gpe': 1.6684976741956516, 'I_gpi': 3.470079217920453, 'noise_stn_sigma': 3.819963077620074, 'noise_gpe_sigma': 39.73413033264278, 'noise_gpi_sigma': 55.234222391157836, 'g_stn_gpe_mult': 1.6852570221209944, 'g_gpe_stn_mult': 1.0340045613728102, 'g_stn_gpi_mult': 1.2031819230728538, 'g_gpe_gpi_mult': 1.1056736021357982}. Best is trial 165 with value: 0.3686096745257854.
[I 2026-05-28 22:54:23,261] Trial 196 finished with value: 104.9590631898495 and parameters: {'ISTN': 104.96714717892974, 'I_gpe': 3.273940486327072, 'I_gpi': 2.3077597496366264, 'noise_stn_sigma': 3.6180657938197873, 'noise_gpe_sigma': 50.74296203798503, 'noise_gpi_sigma': 54.894140335853365, 'g_stn_gpe_mult': 1.823875578716475, 'g_gpe_stn_mult': 0.8995914185751908, 'g_stn_gpi_mult': 1.5607172146662809, 'g_gpe_gpi_mult': 1.2829505282899702}. Best is trial 165 with value: 0.3686096745257854.
[I 2026-05-28 22:54:24,262] Trial 197 finished with value: 105.70178326984443 and parameters: {'ISTN': 117.51034019701802, 'I_gpe': 4.549844800476462, 'I_gpi': 3.030165976616648, 'noise_stn_sigma': 3.4146908729423737, 'noise_gpe_sigma': 34.344344238815154, 'noise_gpi_sigma': 54.94651309954623, 'g_stn_gpe_mult': 1.8246165931153047, 'g_gpe_stn_mult': 0.9566505954327541, 'g_stn_gpi_mult': 1.5998956564137028, 'g_gpe_gpi_mult': 1.2007175704114135}. Best is trial 165 with value: 0.3686096745257854.
[I 2026-05-28 22:54:25,266] Trial 198 finished with value: 0.17123825394474032 and parameters: {'ISTN': 127.94861935248217, 'I_gpe': 3.125559424734009, 'I_gpi': 2.3033040149490267, 'noise_stn_sigma': 2.875983818175979, 'noise_gpe_sigma': 57.186777295171, 'noise_gpi_sigma': 47.942226269394276, 'g_stn_gpe_mult': 1.873123702816987, 'g_gpe_stn_mult': 0.9692941693255871, 'g_stn_gpi_mult': 1.4835356027498083, 'g_gpe_gpi_mult': 0.85876012784849}. Best is trial 198 with value: 0.17123825394474032.
[I 2026-05-28 22:54:26,273] Trial 199 finished with value: 15.156119154378775 and parameters: {'ISTN': 122.92600706878969, 'I_gpe': 2.3311735885569966, 'I_gpi': 4.222444531940284, 'noise_stn_sigma': 4.319442139659617, 'noise_gpe_sigma': 34.643475729857116, 'noise_gpi_sigma': 38.84423606009591, 'g_stn_gpe_mult': 1.736728305987807, 'g_gpe_stn_mult': 1.0267682059383376, 'g_stn_gpi_mult': 1.578203336750112, 'g_gpe_gpi_mult': 0.8213330399592862}. Best is trial 198 with value: 0.17123825394474032.
[I 2026-05-28 22:54:27,283] Trial 200 finished with value: 7.5802445491873245 and parameters: {'ISTN': 92.42363475784721, 'I_gpe': 2.3453310828803957, 'I_gpi': 2.643454175806246, 'noise_stn_sigma': 4.241118074057578, 'noise_gpe_sigma': 52.75291629636285, 'noise_gpi_sigma': 57.71403940849253, 'g_stn_gpe_mult': 1.8388350153284971, 'g_gpe_stn_mult': 0.7924302240522875, 'g_stn_gpi_mult': 1.258275498026469, 'g_gpe_gpi_mult': 1.2013437306436034}. Best is trial 198 with value: 0.17123825394474032.
[I 2026-05-28 22:54:28,284] Trial 201 finished with value: 105.59529419551441 and parameters: {'ISTN': 143.9594569560372, 'I_gpe': 4.6439861830790345, 'I_gpi': 2.4205960280576484, 'noise_stn_sigma': 2.8013167795911724, 'noise_gpe_sigma': 46.691027634679415, 'noise_gpi_sigma': 39.97559091971792, 'g_stn_gpe_mult': 1.9576799876204012, 'g_gpe_stn_mult': 0.8485660309780032, 'g_stn_gpi_mult': 1.2639817117544931, 'g_gpe_gpi_mult': 0.9972211951060286}. Best is trial 198 with value: 0.17123825394474032.
[I 2026-05-28 22:54:29,291] Trial 202 finished with value: 5.067420071095136 and parameters: {'ISTN': 120.65792277892346, 'I_gpe': 3.01959863169418, 'I_gpi': 2.9083727017541072, 'noise_stn_sigma': 2.7125593336621656, 'noise_gpe_sigma': 59.01518954858221, 'noise_gpi_sigma': 40.26639642897402, 'g_stn_gpe_mult': 1.749685953971445, 'g_gpe_stn_mult': 0.8902101749617153, 'g_stn_gpi_mult': 1.1380874330288222, 'g_gpe_gpi_mult': 0.9610852121573322}. Best is trial 198 with value: 0.17123825394474032.
[I 2026-05-28 22:54:30,297] Trial 203 finished with value: 14.700669798597929 and parameters: {'ISTN': 124.18667857925519, 'I_gpe': 2.5894567301608706, 'I_gpi': 1.774762288223961, 'noise_stn_sigma': 3.5336705764561036, 'noise_gpe_sigma': 57.844029492578635, 'noise_gpi_sigma': 56.19418810766266, 'g_stn_gpe_mult': 1.9631526277189904, 'g_gpe_stn_mult': 0.9610827182747295, 'g_stn_gpi_mult': 1.5682796913799082, 'g_gpe_gpi_mult': 1.1532583836467636}. Best is trial 198 with value: 0.17123825394474032.
[I 2026-05-28 22:54:31,303] Trial 204 finished with value: 1.11024857374543 and parameters: {'ISTN': 131.43808686855095, 'I_gpe': 3.2490223094668464, 'I_gpi': 2.1045238762075558, 'noise_stn_sigma': 3.1416428499468774, 'noise_gpe_sigma': 66.43652556556063, 'noise_gpi_sigma': 53.824720008205574, 'g_stn_gpe_mult': 1.9669119484191213, 'g_gpe_stn_mult': 0.9919814539857843, 'g_stn_gpi_mult': 1.3314979646063798, 'g_gpe_gpi_mult': 0.8688463750815654}. Best is trial 198 with value: 0.17123825394474032.
[I 2026-05-28 22:54:32,307] Trial 205 finished with value: 22.624902929424795 and parameters: {'ISTN': 121.47416485411588, 'I_gpe': 3.566330875469141, 'I_gpi': 3.213025115068919, 'noise_stn_sigma': 4.237716549265095, 'noise_gpe_sigma': 57.48830613380997, 'noise_gpi_sigma': 69.62587291164816, 'g_stn_gpe_mult': 1.6087361848436557, 'g_gpe_stn_mult': 0.7207569096582401, 'g_stn_gpi_mult': 1.5114179437684738, 'g_gpe_gpi_mult': 0.8626188216251973}. Best is trial 198 with value: 0.17123825394474032.
[I 2026-05-28 22:54:33,310] Trial 206 finished with value: 3.2167091315040093 and parameters: {'ISTN': 135.8943165665589, 'I_gpe': 3.27839843276461, 'I_gpi': 3.0693493400404046, 'noise_stn_sigma': 3.0903669015386273, 'noise_gpe_sigma': 66.60537062677291, 'noise_gpi_sigma': 59.121007194555034, 'g_stn_gpe_mult': 1.7185010015828057, 'g_gpe_stn_mult': 1.0469414394409957, 'g_stn_gpi_mult': 1.3503351503932226, 'g_gpe_gpi_mult': 0.9158740535705693}. Best is trial 198 with value: 0.17123825394474032.
[I 2026-05-28 22:54:34,314] Trial 207 finished with value: 0.42867142210652337 and parameters: {'ISTN': 132.49059902076146, 'I_gpe': 2.716370346852167, 'I_gpi': 2.628442215158674, 'noise_stn_sigma': 3.5184135296638432, 'noise_gpe_sigma': 40.34893265438616, 'noise_gpi_sigma': 54.002843271696555, 'g_stn_gpe_mult': 1.7398627335918742, 'g_gpe_stn_mult': 1.09213800934539, 'g_stn_gpi_mult': 1.6553304698382416, 'g_gpe_gpi_mult': 0.8232202936299534}. Best is trial 198 with value: 0.17123825394474032.
[I 2026-05-28 22:54:35,321] Trial 208 finished with value: 48.99397979972386 and parameters: {'ISTN': 115.15222229196283, 'I_gpe': 1.0730729381373285, 'I_gpi': 3.073106349406778, 'noise_stn_sigma': 3.857364360383897, 'noise_gpe_sigma': 47.6517137601342, 'noise_gpi_sigma': 64.5584267721334, 'g_stn_gpe_mult': 1.9074090091126763, 'g_gpe_stn_mult': 0.9304374261467698, 'g_stn_gpi_mult': 1.8492392275237202, 'g_gpe_gpi_mult': 1.2264145344013166}. Best is trial 198 with value: 0.17123825394474032.
[I 2026-05-28 22:54:36,327] Trial 209 finished with value: 5.505263873220031 and parameters: {'ISTN': 120.11566296061562, 'I_gpe': 2.9259184888560785, 'I_gpi': 3.8345828251097562, 'noise_stn_sigma': 3.6471816408778066, 'noise_gpe_sigma': 44.189768235146666, 'noise_gpi_sigma': 48.486959349763474, 'g_stn_gpe_mult': 1.776557407970056, 'g_gpe_stn_mult': 0.9088968309423738, 'g_stn_gpi_mult': 0.9829417487716787, 'g_gpe_gpi_mult': 0.7824546347672072}. Best is trial 198 with value: 0.17123825394474032.
[I 2026-05-28 22:54:37,334] Trial 210 finished with value: 6.881819910028018 and parameters: {'ISTN': 113.16424141756342, 'I_gpe': 2.8156248666890007, 'I_gpi': 3.099483898067631, 'noise_stn_sigma': 4.00916652222761, 'noise_gpe_sigma': 55.931173050835646, 'noise_gpi_sigma': 61.913336652121565, 'g_stn_gpe_mult': 1.8056745694303593, 'g_gpe_stn_mult': 0.8816364463851318, 'g_stn_gpi_mult': 1.5702105202722227, 'g_gpe_gpi_mult': 0.7869421018518403}. Best is trial 198 with value: 0.17123825394474032.
[I 2026-05-28 22:54:38,341] Trial 211 finished with value: 21.168961742809895 and parameters: {'ISTN': 103.80947704495179, 'I_gpe': 1.9703196745813703, 'I_gpi': 3.240511249683193, 'noise_stn_sigma': 4.0284977481746775, 'noise_gpe_sigma': 70.11702856318354, 'noise_gpi_sigma': 53.72240250403522, 'g_stn_gpe_mult': 1.8294667681893864, 'g_gpe_stn_mult': 0.7869257162429693, 'g_stn_gpi_mult': 1.5460514100103617, 'g_gpe_gpi_mult': 0.5643240920032813}. Best is trial 198 with value: 0.17123825394474032.
[I 2026-05-28 22:54:39,349] Trial 212 finished with value: 37.501642017278044 and parameters: {'ISTN': 135.7165641493455, 'I_gpe': 2.2745632513580354, 'I_gpi': 3.65110716541823, 'noise_stn_sigma': 3.4251297509677245, 'noise_gpe_sigma': 51.80896643153946, 'noise_gpi_sigma': 66.49700318896973, 'g_stn_gpe_mult': 1.71015292516877, 'g_gpe_stn_mult': 1.0426332219324508, 'g_stn_gpi_mult': 1.6656584034498703, 'g_gpe_gpi_mult': 0.8821294253150296}. Best is trial 198 with value: 0.17123825394474032.
[I 2026-05-28 22:54:40,349] Trial 213 finished with value: 105.3291976476485 and parameters: {'ISTN': 120.3276527028643, 'I_gpe': 3.242967112573966, 'I_gpi': 2.0733609190077154, 'noise_stn_sigma': 3.525575929482818, 'noise_gpe_sigma': 62.469776480083134, 'noise_gpi_sigma': 65.26814928752282, 'g_stn_gpe_mult': 1.8432808165807468, 'g_gpe_stn_mult': 1.110433731570652, 'g_stn_gpi_mult': 1.6772164694093816, 'g_gpe_gpi_mult': 0.7693199346384889}. Best is trial 198 with value: 0.17123825394474032.
[I 2026-05-28 22:54:41,349] Trial 214 finished with value: 105.57754251781826 and parameters: {'ISTN': 109.45846259832227, 'I_gpe': 2.285408649357617, 'I_gpi': 2.7587908556518768, 'noise_stn_sigma': 3.24330920839853, 'noise_gpe_sigma': 45.31625967053199, 'noise_gpi_sigma': 57.729201012617395, 'g_stn_gpe_mult': 1.615691646810581, 'g_gpe_stn_mult': 1.2554668224572887, 'g_stn_gpi_mult': 1.4155052556543621, 'g_gpe_gpi_mult': 0.8537611999979583}. Best is trial 198 with value: 0.17123825394474032.
[I 2026-05-28 22:54:42,352] Trial 215 finished with value: 0.43081418097741525 and parameters: {'ISTN': 127.81765933029675, 'I_gpe': 2.9326596953664907, 'I_gpi': 2.819651695636304, 'noise_stn_sigma': 3.186025559358423, 'noise_gpe_sigma': 47.79874565267482, 'noise_gpi_sigma': 58.810905121847554, 'g_stn_gpe_mult': 1.9393192944636182, 'g_gpe_stn_mult': 1.025952005040033, 'g_stn_gpi_mult': 1.528336038389166, 'g_gpe_gpi_mult': 0.6167534516347731}. Best is trial 198 with value: 0.17123825394474032.
[I 2026-05-28 22:54:43,358] Trial 216 finished with value: 1.5499201554774347 and parameters: {'ISTN': 139.52671135815868, 'I_gpe': 2.5531223874381874, 'I_gpi': 3.124458561646837, 'noise_stn_sigma': 3.2081965411693263, 'noise_gpe_sigma': 53.29165673503045, 'noise_gpi_sigma': 71.06636142952618, 'g_stn_gpe_mult': 1.7731995834242025, 'g_gpe_stn_mult': 1.1925084737655793, 'g_stn_gpi_mult': 1.5710960489728911, 'g_gpe_gpi_mult': 0.6958610929970682}. Best is trial 198 with value: 0.17123825394474032.
[I 2026-05-28 22:54:44,363] Trial 217 finished with value: 2.2154557326512334 and parameters: {'ISTN': 116.4569641090632, 'I_gpe': 2.7907185427174896, 'I_gpi': 3.26630216759263, 'noise_stn_sigma': 2.4015710705005455, 'noise_gpe_sigma': 53.73160962506382, 'noise_gpi_sigma': 50.25825241243721, 'g_stn_gpe_mult': 1.584657651060595, 'g_gpe_stn_mult': 0.939743181647668, 'g_stn_gpi_mult': 1.3771637131691288, 'g_gpe_gpi_mult': 0.5994181570806908}. Best is trial 198 with value: 0.17123825394474032.
[I 2026-05-28 22:54:45,365] Trial 218 finished with value: 105.88480155504345 and parameters: {'ISTN': 118.29761539754077, 'I_gpe': 2.8512130450087216, 'I_gpi': 3.5358427693159755, 'noise_stn_sigma': 2.7606511119018062, 'noise_gpe_sigma': 51.26325559089423, 'noise_gpi_sigma': 35.63674896840752, 'g_stn_gpe_mult': 1.5976759293842848, 'g_gpe_stn_mult': 1.1303807599627036, 'g_stn_gpi_mult': 1.320458870055705, 'g_gpe_gpi_mult': 0.6955973699520194}. Best is trial 198 with value: 0.17123825394474032.
[I 2026-05-28 22:54:46,365] Trial 219 finished with value: 105.37453448797221 and parameters: {'ISTN': 129.99807404987638, 'I_gpe': 3.0388285221156712, 'I_gpi': 2.3615183386631227, 'noise_stn_sigma': 3.5199965769780546, 'noise_gpe_sigma': 47.36761586286324, 'noise_gpi_sigma': 51.030094377817925, 'g_stn_gpe_mult': 1.8947680104057827, 'g_gpe_stn_mult': 1.2835978688506438, 'g_stn_gpi_mult': 1.7904464944653458, 'g_gpe_gpi_mult': 0.8991618038669447}. Best is trial 198 with value: 0.17123825394474032.
