[I 2026-05-28 22:29:52,045] Trial 264 finished with value: 10.80561961874922 and parameters: {'ISTN': 108.46338699959158, 'I_gpe': 2.364111243153831, 'I_gpi': 2.328309467825976, 'noise_stn_sigma': 1.789642136793352, 'noise_gpe_sigma': 53.69440903844819, 'noise_gpi_sigma': 47.23593415106086, 'g_stn_gpe_mult': 1.1078224723582204, 'g_gpe_stn_mult': 0.926267171317494, 'g_stn_gpi_mult': 1.6695994255407642, 'g_gpe_gpi_mult': 0.9197430822981154}. Best is trial 174 with value: 0.4176381792428698.
[I 2026-05-28 22:29:53,052] Trial 265 finished with value: 7.72179246582999 and parameters: {'ISTN': 102.5825818519053, 'I_gpe': 3.6529453801342506, 'I_gpi': 3.2370401158169257, 'noise_stn_sigma': 1.866942474240077, 'noise_gpe_sigma': 79.42912481346123, 'noise_gpi_sigma': 46.21612265649266, 'g_stn_gpe_mult': 1.248063991403874, 'g_gpe_stn_mult': 0.6575570676481792, 'g_stn_gpi_mult': 1.7282832892835238, 'g_gpe_gpi_mult': 0.8704920646621276}. Best is trial 174 with value: 0.4176381792428698.
[I 2026-05-28 22:29:54,059] Trial 266 finished with value: 37.34811435599151 and parameters: {'ISTN': 120.42106107779853, 'I_gpe': 3.7484017431249073, 'I_gpi': 4.404783327792524, 'noise_stn_sigma': 2.4563418969733624, 'noise_gpe_sigma': 77.4417641822089, 'noise_gpi_sigma': 53.33093466565306, 'g_stn_gpe_mult': 0.812379025874819, 'g_gpe_stn_mult': 0.6468598567047381, 'g_stn_gpi_mult': 1.5669878247272755, 'g_gpe_gpi_mult': 1.1062475053527874}. Best is trial 174 with value: 0.4176381792428698.
[I 2026-05-28 22:29:55,060] Trial 267 finished with value: 105.34264419923916 and parameters: {'ISTN': 90.30638355676284, 'I_gpe': 3.230533182101351, 'I_gpi': 2.0015291747966835, 'noise_stn_sigma': 1.9236544995129305, 'noise_gpe_sigma': 77.98302678893913, 'noise_gpi_sigma': 49.912224292961945, 'g_stn_gpe_mult': 1.1101420297725886, 'g_gpe_stn_mult': 1.0252598745044805, 'g_stn_gpi_mult': 1.7223575522275718, 'g_gpe_gpi_mult': 1.3858561435839343}. Best is trial 174 with value: 0.4176381792428698.
[I 2026-05-28 22:29:56,068] Trial 268 finished with value: 1.40197028198241 and parameters: {'ISTN': 85.22823326829452, 'I_gpe': 3.260765228160883, 'I_gpi': 3.0108996367034417, 'noise_stn_sigma': 0.8269706821341208, 'noise_gpe_sigma': 67.56570364524632, 'noise_gpi_sigma': 59.63364203786017, 'g_stn_gpe_mult': 1.2897489952377843, 'g_gpe_stn_mult': 0.6482296312957379, 'g_stn_gpi_mult': 1.674486503556032, 'g_gpe_gpi_mult': 0.8855413249920747}. Best is trial 174 with value: 0.4176381792428698.
[I 2026-05-28 22:29:57,077] Trial 269 finished with value: 1.531277843347648 and parameters: {'ISTN': 80.18615696420532, 'I_gpe': 2.47279774934857, 'I_gpi': 1.902487649536872, 'noise_stn_sigma': 1.5524863206360557, 'noise_gpe_sigma': 52.23105388152857, 'noise_gpi_sigma': 42.03876175591184, 'g_stn_gpe_mult': 1.0370123925106656, 'g_gpe_stn_mult': 0.7493466540146617, 'g_stn_gpi_mult': 1.5179883532874652, 'g_gpe_gpi_mult': 1.281515744643102}. Best is trial 174 with value: 0.4176381792428698.
[I 2026-05-28 22:29:58,082] Trial 270 finished with value: 105.3155757480095 and parameters: {'ISTN': 99.52226144967673, 'I_gpe': 4.047468575163049, 'I_gpi': 2.2419085885635477, 'noise_stn_sigma': 1.4722519737185795, 'noise_gpe_sigma': 59.815455872904955, 'noise_gpi_sigma': 52.19770005103581, 'g_stn_gpe_mult': 1.038973234450489, 'g_gpe_stn_mult': 1.083939057261543, 'g_stn_gpi_mult': 1.6572037566697297, 'g_gpe_gpi_mult': 0.9302657766464191}. Best is trial 174 with value: 0.4176381792428698.
[I 2026-05-28 22:29:59,085] Trial 271 finished with value: 5.238127003827004 and parameters: {'ISTN': 89.02194961299666, 'I_gpe': 2.955033880824632, 'I_gpi': 3.688502632401613, 'noise_stn_sigma': 0.9124623063885334, 'noise_gpe_sigma': 72.92088849630008, 'noise_gpi_sigma': 52.8327426436218, 'g_stn_gpe_mult': 1.4436404776215004, 'g_gpe_stn_mult': 0.8638617474507231, 'g_stn_gpi_mult': 1.6682385884813287, 'g_gpe_gpi_mult': 1.3490659741311615}. Best is trial 174 with value: 0.4176381792428698.
[I 2026-05-28 22:30:00,088] Trial 272 finished with value: 5.904686699549032 and parameters: {'ISTN': 87.53542887664176, 'I_gpe': 4.08593755055124, 'I_gpi': 4.101488737052158, 'noise_stn_sigma': 1.0242963786264483, 'noise_gpe_sigma': 69.71861128549423, 'noise_gpi_sigma': 41.42170768666962, 'g_stn_gpe_mult': 1.5630755545842465, 'g_gpe_stn_mult': 0.629794461321618, 'g_stn_gpi_mult': 1.7251312981395335, 'g_gpe_gpi_mult': 0.9834687031410478}. Best is trial 174 with value: 0.4176381792428698.
[I 2026-05-28 22:30:01,098] Trial 273 finished with value: 7.436013180284915 and parameters: {'ISTN': 101.31857206769942, 'I_gpe': 2.627888785960721, 'I_gpi': 3.1567717538516904, 'noise_stn_sigma': 1.1298036777751066, 'noise_gpe_sigma': 78.32264277220273, 'noise_gpi_sigma': 47.38765383409867, 'g_stn_gpe_mult': 1.2345276579667646, 'g_gpe_stn_mult': 0.8395681620279253, 'g_stn_gpi_mult': 1.6813799746354727, 'g_gpe_gpi_mult': 0.9665563275318326}. Best is trial 174 with value: 0.4176381792428698.
[I 2026-05-28 22:30:02,108] Trial 274 finished with value: 2.4516353657331322 and parameters: {'ISTN': 89.1233595789982, 'I_gpe': 4.407990295863044, 'I_gpi': 3.9591280776238236, 'noise_stn_sigma': 0.7368026559751697, 'noise_gpe_sigma': 79.56131196454152, 'noise_gpi_sigma': 71.06279618698781, 'g_stn_gpe_mult': 1.3365107889580816, 'g_gpe_stn_mult': 0.5203885373884709, 'g_stn_gpi_mult': 1.5746176114111545, 'g_gpe_gpi_mult': 0.9544167465179993}. Best is trial 174 with value: 0.4176381792428698.
[I 2026-05-28 22:30:03,110] Trial 275 finished with value: 105.31244115467733 and parameters: {'ISTN': 82.35116140589716, 'I_gpe': 2.9658152693286075, 'I_gpi': 3.517812219203031, 'noise_stn_sigma': 1.4825291200488295, 'noise_gpe_sigma': 73.1091747072856, 'noise_gpi_sigma': 48.93748943965668, 'g_stn_gpe_mult': 1.2801163679905136, 'g_gpe_stn_mult': 0.8277635005945226, 'g_stn_gpi_mult': 1.6291442711746833, 'g_gpe_gpi_mult': 1.2471987396602395}. Best is trial 174 with value: 0.4176381792428698.
[I 2026-05-28 22:30:04,118] Trial 276 finished with value: 13.316226268581987 and parameters: {'ISTN': 94.64697369095343, 'I_gpe': 3.9768896948712222, 'I_gpi': 3.82998973782047, 'noise_stn_sigma': 1.4103637304695031, 'noise_gpe_sigma': 85.4080849607371, 'noise_gpi_sigma': 59.170019376175674, 'g_stn_gpe_mult': 0.954334250969775, 'g_gpe_stn_mult': 0.534902990756971, 'g_stn_gpi_mult': 1.4548314488746095, 'g_gpe_gpi_mult': 0.8032511891615344}. Best is trial 174 with value: 0.4176381792428698.
[I 2026-05-28 22:30:05,128] Trial 277 finished with value: 5.443306988827938 and parameters: {'ISTN': 81.8694336938879, 'I_gpe': 2.7273399209049516, 'I_gpi': 4.614005970051074, 'noise_stn_sigma': 1.4851748441404504, 'noise_gpe_sigma': 52.61171047678271, 'noise_gpi_sigma': 42.10445985823822, 'g_stn_gpe_mult': 1.1266468639773217, 'g_gpe_stn_mult': 0.682086437617488, 'g_stn_gpi_mult': 1.5491896557072828, 'g_gpe_gpi_mult': 0.9473207113538773}. Best is trial 174 with value: 0.4176381792428698.
[I 2026-05-28 22:30:06,130] Trial 278 finished with value: 105.77151064841182 and parameters: {'ISTN': 89.45077384913114, 'I_gpe': 3.926463793361239, 'I_gpi': 3.547709795005066, 'noise_stn_sigma': 1.4015930912148136, 'noise_gpe_sigma': 95.84560332802664, 'noise_gpi_sigma': 58.74720467629202, 'g_stn_gpe_mult': 1.2710756032914285, 'g_gpe_stn_mult': 0.7832788403480941, 'g_stn_gpi_mult': 1.5943392759234947, 'g_gpe_gpi_mult': 1.1061352332070196}. Best is trial 174 with value: 0.4176381792428698.
[I 2026-05-28 22:30:07,135] Trial 279 finished with value: 106.03367079304007 and parameters: {'ISTN': 105.59178854878016, 'I_gpe': 5.0479859925629285, 'I_gpi': 3.2110591234022503, 'noise_stn_sigma': 0.8987149132731231, 'noise_gpe_sigma': 78.65000252482334, 'noise_gpi_sigma': 64.96821792761358, 'g_stn_gpe_mult': 1.0223560108576972, 'g_gpe_stn_mult': 0.7608084274166603, 'g_stn_gpi_mult': 1.8004622863636628, 'g_gpe_gpi_mult': 1.2352569830662816}. Best is trial 174 with value: 0.4176381792428698.
[I 2026-05-28 22:30:08,145] Trial 280 finished with value: 9.422437883981253 and parameters: {'ISTN': 89.95492412211641, 'I_gpe': 2.9479309203801174, 'I_gpi': 3.7336754876634, 'noise_stn_sigma': 1.6271198430494487, 'noise_gpe_sigma': 71.95849529124584, 'noise_gpi_sigma': 54.78503899784611, 'g_stn_gpe_mult': 1.2002270868940097, 'g_gpe_stn_mult': 0.6504432299192355, 'g_stn_gpi_mult': 1.804377282928458, 'g_gpe_gpi_mult': 1.2739057184809446}. Best is trial 174 with value: 0.4176381792428698.
[I 2026-05-28 22:30:09,156] Trial 281 finished with value: 10.179958058467149 and parameters: {'ISTN': 105.39007213731357, 'I_gpe': 3.7432140310635003, 'I_gpi': 3.8305488737326097, 'noise_stn_sigma': 1.4822586391058223, 'noise_gpe_sigma': 65.07558536304606, 'noise_gpi_sigma': 58.596697886931814, 'g_stn_gpe_mult': 1.1072152289319037, 'g_gpe_stn_mult': 0.6536118503445731, 'g_stn_gpi_mult': 1.6939473316482365, 'g_gpe_gpi_mult': 1.1251918377540142}. Best is trial 174 with value: 0.4176381792428698.
[I 2026-05-28 22:30:10,163] Trial 282 finished with value: 4.280837829697966 and parameters: {'ISTN': 109.6246849431398, 'I_gpe': 5.174422232305217, 'I_gpi': 5.243102870353902, 'noise_stn_sigma': 1.4125685820421006, 'noise_gpe_sigma': 92.70654903590932, 'noise_gpi_sigma': 57.51217332183945, 'g_stn_gpe_mult': 1.270670790423141, 'g_gpe_stn_mult': 0.5477872146884115, 'g_stn_gpi_mult': 1.9045520552706015, 'g_gpe_gpi_mult': 0.6949171175307802}. Best is trial 174 with value: 0.4176381792428698.
[I 2026-05-28 22:30:11,174] Trial 283 finished with value: 5.717796796723396 and parameters: {'ISTN': 95.25066824327259, 'I_gpe': 3.853989914286518, 'I_gpi': 5.876585275869217, 'noise_stn_sigma': 2.5193074501941766, 'noise_gpe_sigma': 46.94889639548379, 'noise_gpi_sigma': 49.22205538639069, 'g_stn_gpe_mult': 1.01696315271447, 'g_gpe_stn_mult': 0.6187088251251264, 'g_stn_gpi_mult': 1.6933121968605263, 'g_gpe_gpi_mult': 1.0328479535090795}. Best is trial 174 with value: 0.4176381792428698.
[I 2026-05-28 22:30:12,180] Trial 284 finished with value: 3.068545466933539 and parameters: {'ISTN': 81.80843266166623, 'I_gpe': 3.9862091126555144, 'I_gpi': 2.4311877616925024, 'noise_stn_sigma': 0.5437335001964827, 'noise_gpe_sigma': 80.41645766218655, 'noise_gpi_sigma': 66.85108163265879, 'g_stn_gpe_mult': 1.3331884343369427, 'g_gpe_stn_mult': 0.6003553253494798, 'g_stn_gpi_mult': 1.3859085049775937, 'g_gpe_gpi_mult': 1.1460108428361602}. Best is trial 174 with value: 0.4176381792428698.
[I 2026-05-28 22:30:13,186] Trial 285 finished with value: 5.928388165282403 and parameters: {'ISTN': 88.94760409181677, 'I_gpe': 3.283718562594597, 'I_gpi': 4.352473009933922, 'noise_stn_sigma': 1.2708421058753867, 'noise_gpe_sigma': 74.73675788948192, 'noise_gpi_sigma': 35.55102814987763, 'g_stn_gpe_mult': 1.0562532901325759, 'g_gpe_stn_mult': 0.6420001441728684, 'g_stn_gpi_mult': 1.3860059191302603, 'g_gpe_gpi_mult': 0.9815708543048927}. Best is trial 174 with value: 0.4176381792428698.
[I 2026-05-28 22:30:14,189] Trial 286 finished with value: 106.34953602270811 and parameters: {'ISTN': 92.47563225460382, 'I_gpe': 3.872601771645157, 'I_gpi': 4.127191193539102, 'noise_stn_sigma': 0.8560210998868769, 'noise_gpe_sigma': 88.08377553770792, 'noise_gpi_sigma': 76.57585621281467, 'g_stn_gpe_mult': 0.7293968477866354, 'g_gpe_stn_mult': 0.7406598861721905, 'g_stn_gpi_mult': 1.7355320111483825, 'g_gpe_gpi_mult': 1.0478773740315772}. Best is trial 174 with value: 0.4176381792428698.
[I 2026-05-28 22:30:15,189] Trial 287 finished with value: 106.38368089408792 and parameters: {'ISTN': 82.45046655999391, 'I_gpe': 3.8174765053286213, 'I_gpi': 4.358817851921054, 'noise_stn_sigma': 1.1117630107024195, 'noise_gpe_sigma': 57.723734094318004, 'noise_gpi_sigma': 49.53213133407111, 'g_stn_gpe_mult': 1.507568322404539, 'g_gpe_stn_mult': 0.6410646052006127, 'g_stn_gpi_mult': 1.5828553138848114, 'g_gpe_gpi_mult': 0.7802717736085684}. Best is trial 174 with value: 0.4176381792428698.
[I 2026-05-28 22:30:16,200] Trial 288 finished with value: 3.4635841905765408 and parameters: {'ISTN': 109.3482780005986, 'I_gpe': 3.7468889044255045, 'I_gpi': 2.899282835004855, 'noise_stn_sigma': 1.7514105516935832, 'noise_gpe_sigma': 93.6614836445084, 'noise_gpi_sigma': 43.9089628075804, 'g_stn_gpe_mult': 1.0993661091682099, 'g_gpe_stn_mult': 0.7115313243868087, 'g_stn_gpi_mult': 1.8173849751180382, 'g_gpe_gpi_mult': 0.9113852861778495}. Best is trial 174 with value: 0.4176381792428698.
[I 2026-05-28 22:30:17,208] Trial 289 finished with value: 1.0478459802909998 and parameters: {'ISTN': 89.61322728756424, 'I_gpe': 3.1938721854137437, 'I_gpi': 3.309873656191634, 'noise_stn_sigma': 1.0465321702543364, 'noise_gpe_sigma': 87.68305890154693, 'noise_gpi_sigma': 66.1124994245367, 'g_stn_gpe_mult': 1.3518871545147728, 'g_gpe_stn_mult': 0.7093072857525538, 'g_stn_gpi_mult': 1.6092566116339713, 'g_gpe_gpi_mult': 1.0328117484270862}. Best is trial 174 with value: 0.4176381792428698.
[I 2026-05-28 22:30:18,218] Trial 290 finished with value: 3.6708317079803545 and parameters: {'ISTN': 93.4211833105978, 'I_gpe': 4.5553021806878204, 'I_gpi': 5.030634934764025, 'noise_stn_sigma': 1.1411215418094045, 'noise_gpe_sigma': 79.15335566306888, 'noise_gpi_sigma': 81.32067908838262, 'g_stn_gpe_mult': 1.4433486864593343, 'g_gpe_stn_mult': 0.5567838742846635, 'g_stn_gpi_mult': 1.704446942090101, 'g_gpe_gpi_mult': 0.9466706643669243}. Best is trial 174 with value: 0.4176381792428698.
[I 2026-05-28 22:30:19,226] Trial 291 finished with value: 11.199410745278758 and parameters: {'ISTN': 100.22086445497871, 'I_gpe': 3.9467650877778557, 'I_gpi': 2.6599165685015578, 'noise_stn_sigma': 0.5868108766769499, 'noise_gpe_sigma': 99.90386538847723, 'noise_gpi_sigma': 64.3200501988371, 'g_stn_gpe_mult': 1.2042628126955544, 'g_gpe_stn_mult': 0.5853958715974826, 'g_stn_gpi_mult': 1.692824840456669, 'g_gpe_gpi_mult': 1.0285459053617432}. Best is trial 174 with value: 0.4176381792428698.
[I 2026-05-28 22:30:20,236] Trial 292 finished with value: 5.408080307738852 and parameters: {'ISTN': 94.5929788253144, 'I_gpe': 3.86375292501327, 'I_gpi': 3.384678272272453, 'noise_stn_sigma': 0.9857334203954538, 'noise_gpe_sigma': 94.15450298375205, 'noise_gpi_sigma': 79.225158829823, 'g_stn_gpe_mult': 1.710450780694123, 'g_gpe_stn_mult': 0.5849379697962178, 'g_stn_gpi_mult': 1.7279180861524894, 'g_gpe_gpi_mult': 1.172070685870704}. Best is trial 174 with value: 0.4176381792428698.
[I 2026-05-28 22:30:21,238] Trial 293 finished with value: 4.466411163158516 and parameters: {'ISTN': 94.25286757614568, 'I_gpe': 3.372809703807025, 'I_gpi': 3.0935693408296414, 'noise_stn_sigma': 1.4261852053373008, 'noise_gpe_sigma': 82.77981747371334, 'noise_gpi_sigma': 43.960365435358284, 'g_stn_gpe_mult': 1.3962118574684956, 'g_gpe_stn_mult': 0.7998128983841565, 'g_stn_gpi_mult': 1.5127584345818792, 'g_gpe_gpi_mult': 0.9675958528613804}. Best is trial 174 with value: 0.4176381792428698.
[I 2026-05-28 22:30:22,243] Trial 294 finished with value: 1.630740010851107 and parameters: {'ISTN': 104.01374983249428, 'I_gpe': 3.643375183287242, 'I_gpi': 3.02376005787688, 'noise_stn_sigma': 1.1152779938298907, 'noise_gpe_sigma': 92.40276389908101, 'noise_gpi_sigma': 69.65246284902497, 'g_stn_gpe_mult': 1.7081669066939946, 'g_gpe_stn_mult': 0.7732083678442802, 'g_stn_gpi_mult': 1.620107696820111, 'g_gpe_gpi_mult': 1.0725450631971296}. Best is trial 174 with value: 0.4176381792428698.
[I 2026-05-28 22:30:23,252] Trial 295 finished with value: 9.88790427517595 and parameters: {'ISTN': 86.21674997301704, 'I_gpe': 3.1184683843993937, 'I_gpi': 3.162125590981799, 'noise_stn_sigma': 0.8747625090332485, 'noise_gpe_sigma': 86.42353353120411, 'noise_gpi_sigma': 71.20898517776659, 'g_stn_gpe_mult': 1.120532376572609, 'g_gpe_stn_mult': 0.5711025459407185, 'g_stn_gpi_mult': 1.4544325376370677, 'g_gpe_gpi_mult': 1.1483815801741017}. Best is trial 174 with value: 0.4176381792428698.
[I 2026-05-28 22:30:24,255] Trial 296 finished with value: 106.9168557861693 and parameters: {'ISTN': 130.0900599410467, 'I_gpe': 4.944323295413879, 'I_gpi': 4.1869696846748585, 'noise_stn_sigma': 1.0654770106202096, 'noise_gpe_sigma': 86.10454489745004, 'noise_gpi_sigma': 64.94291266816258, 'g_stn_gpe_mult': 1.1332614214678962, 'g_gpe_stn_mult': 0.7658989334386967, 'g_stn_gpi_mult': 1.725291276122539, 'g_gpe_gpi_mult': 0.818594027647725}. Best is trial 174 with value: 0.4176381792428698.
[I 2026-05-28 22:30:25,257] Trial 297 finished with value: 105.40993907282605 and parameters: {'ISTN': 112.74311638122767, 'I_gpe': 3.927118960819276, 'I_gpi': 3.0427071346145174, 'noise_stn_sigma': 0.5091153370594731, 'noise_gpe_sigma': 99.69900367191873, 'noise_gpi_sigma': 57.34598660224747, 'g_stn_gpe_mult': 1.2988204295126862, 'g_gpe_stn_mult': 0.8768304413635872, 'g_stn_gpi_mult': 1.6458380537808117, 'g_gpe_gpi_mult': 1.0780884840007814}. Best is trial 174 with value: 0.4176381792428698.
[I 2026-05-28 22:30:26,264] Trial 298 finished with value: 3.345931347815054 and parameters: {'ISTN': 116.00301051346466, 'I_gpe': 3.744662922596527, 'I_gpi': 1.3610850022151464, 'noise_stn_sigma': 1.8979971834313172, 'noise_gpe_sigma': 95.47406490637252, 'noise_gpi_sigma': 52.63609443161271, 'g_stn_gpe_mult': 1.1723772944665822, 'g_gpe_stn_mult': 0.7508878101392813, 'g_stn_gpi_mult': 1.6163443752470372, 'g_gpe_gpi_mult': 1.0946207137638}. Best is trial 174 with value: 0.4176381792428698.
[I 2026-05-28 22:30:27,273] Trial 299 finished with value: 41.44189137332869 and parameters: {'ISTN': 117.49025589523406, 'I_gpe': 3.5393552133630175, 'I_gpi': 4.822573598988465, 'noise_stn_sigma': 2.4577176348025995, 'noise_gpe_sigma': 78.87905889187799, 'noise_gpi_sigma': 60.192192540660834, 'g_stn_gpe_mult': 1.199225077125698, 'g_gpe_stn_mult': 0.5840702242091989, 'g_stn_gpi_mult': 1.7376764773145337, 'g_gpe_gpi_mult': 0.9814948924839961}. Best is trial 174 with value: 0.4176381792428698.
[I 2026-05-28 22:30:28,221] Trial 300 finished with value: 1000000.0 and parameters: {'ISTN': 118.79503221223392, 'I_gpe': 3.44023508356628, 'I_gpi': 2.7384289094226983, 'noise_stn_sigma': 0.9130911682263771, 'noise_gpe_sigma': 87.0847070718601, 'noise_gpi_sigma': 66.39657266627967, 'g_stn_gpe_mult': 0.9313278920838165, 'g_gpe_stn_mult': 0.9956727074327473, 'g_stn_gpi_mult': 1.887271542272793, 'g_gpe_gpi_mult': 1.3325808447614103}. Best is trial 174 with value: 0.4176381792428698.
[I 2026-05-28 22:30:29,228] Trial 301 finished with value: 0.8772587598531245 and parameters: {'ISTN': 99.41074952283613, 'I_gpe': 4.120692016868084, 'I_gpi': 2.005598709499628, 'noise_stn_sigma': 1.2726366164798308, 'noise_gpe_sigma': 92.518573913205, 'noise_gpi_sigma': 66.88927570466315, 'g_stn_gpe_mult': 1.5227683436216946, 'g_gpe_stn_mult': 0.6511845071089972, 'g_stn_gpi_mult': 1.8250112939369885, 'g_gpe_gpi_mult': 1.0178401282837222}. Best is trial 174 with value: 0.4176381792428698.
[I 2026-05-28 22:30:30,236] Trial 302 finished with value: 6.789853888645992 and parameters: {'ISTN': 81.56562039585582, 'I_gpe': 1.9386732381525624, 'I_gpi': 2.8444941765310015, 'noise_stn_sigma': 2.2934717007093317, 'noise_gpe_sigma': 99.03984301035098, 'noise_gpi_sigma': 45.73801296452118, 'g_stn_gpe_mult': 1.376134403772694, 'g_gpe_stn_mult': 0.7687883185724954, 'g_stn_gpi_mult': 1.1497137783567823, 'g_gpe_gpi_mult': 1.2776325511976987}. Best is trial 174 with value: 0.4176381792428698.
[I 2026-05-28 22:30:31,241] Trial 303 finished with value: 2.867660976707818 and parameters: {'ISTN': 101.98126056578967, 'I_gpe': 3.9033687334189184, 'I_gpi': 3.2819196931234353, 'noise_stn_sigma': 1.5360719125289428, 'noise_gpe_sigma': 91.92706535260663, 'noise_gpi_sigma': 61.128204167951615, 'g_stn_gpe_mult': 1.237191271883032, 'g_gpe_stn_mult': 0.7243074203420763, 'g_stn_gpi_mult': 1.2294564367964087, 'g_gpe_gpi_mult': 0.6805303210975441}. Best is trial 174 with value: 0.4176381792428698.
[I 2026-05-28 22:30:32,250] Trial 304 finished with value: 3.943035236555166 and parameters: {'ISTN': 146.45990957895302, 'I_gpe': 3.5206540146391045, 'I_gpi': 1.7511944389641345, 'noise_stn_sigma': 1.212212430794096, 'noise_gpe_sigma': 95.7655971162026, 'noise_gpi_sigma': 66.1788318962424, 'g_stn_gpe_mult': 1.5549538674778909, 'g_gpe_stn_mult': 0.9714926353771961, 'g_stn_gpi_mult': 1.6803251897826739, 'g_gpe_gpi_mult': 0.9568864063650304}. Best is trial 174 with value: 0.4176381792428698.
[I 2026-05-28 22:30:33,253] Trial 305 finished with value: 104.74494996827124 and parameters: {'ISTN': 104.95675013805895, 'I_gpe': 4.090843244112129, 'I_gpi': 2.1703321272085327, 'noise_stn_sigma': 0.7454010293421609, 'noise_gpe_sigma': 90.86822046375957, 'noise_gpi_sigma': 61.08509179405983, 'g_stn_gpe_mult': 1.6326722702381615, 'g_gpe_stn_mult': 0.7440107099419723, 'g_stn_gpi_mult': 1.7779506718771216, 'g_gpe_gpi_mult': 1.23092280528493}. Best is trial 174 with value: 0.4176381792428698.
[I 2026-05-28 22:30:34,263] Trial 306 finished with value: 24.981433231996498 and parameters: {'ISTN': 120.83017870501959, 'I_gpe': 3.1460999071570814, 'I_gpi': 3.551102148617292, 'noise_stn_sigma': 1.3819168896214211, 'noise_gpe_sigma': 79.54781677296084, 'noise_gpi_sigma': 69.22596582256469, 'g_stn_gpe_mult': 1.5095892684241854, 'g_gpe_stn_mult': 0.7720859561987106, 'g_stn_gpi_mult': 1.5733625738981318, 'g_gpe_gpi_mult': 1.4028864303321207}. Best is trial 174 with value: 0.4176381792428698.
[I 2026-05-28 22:30:35,272] Trial 307 finished with value: 13.180296471340691 and parameters: {'ISTN': 89.68002676377466, 'I_gpe': 3.100975631192475, 'I_gpi': 2.3859615634281033, 'noise_stn_sigma': 1.0003636227473445, 'noise_gpe_sigma': 81.14121385172669, 'noise_gpi_sigma': 66.83773239164758, 'g_stn_gpe_mult': 1.3126886187417681, 'g_gpe_stn_mult': 0.5300853832954295, 'g_stn_gpi_mult': 1.4688203500276864, 'g_gpe_gpi_mult': 1.1566278826438219}. Best is trial 174 with value: 0.4176381792428698.
