[I 2026-05-28 23:01:52,035] Trial 132 finished with value: 39.58491218967729 and parameters: {'ISTN': 127.81519008185936, 'I_gpe': 2.4646203671227775, 'I_gpi': 3.6478343088247143, 'noise_stn_sigma': 2.2283744298294, 'noise_gpe_sigma': 48.17282920100316, 'noise_gpi_sigma': 48.113819718447324, 'g_stn_gpe_mult': 1.4904569082177803, 'g_gpe_stn_mult': 0.8880005572811932, 'g_stn_gpi_mult': 1.5892563216771958, 'g_gpe_gpi_mult': 1.2334832183327995}. Best is trial 99 with value: 0.2422004780435466.
[I 2026-05-28 23:01:53,037] Trial 133 finished with value: 4.573463945326602 and parameters: {'ISTN': 138.16460596765683, 'I_gpe': 2.5656191229536125, 'I_gpi': 4.0456884318333035, 'noise_stn_sigma': 1.156336876864527, 'noise_gpe_sigma': 48.895475277459084, 'noise_gpi_sigma': 58.853855466189415, 'g_stn_gpe_mult': 1.454972259384588, 'g_gpe_stn_mult': 1.2748816053039216, 'g_stn_gpi_mult': 1.428817505163749, 'g_gpe_gpi_mult': 1.2493962156918306}. Best is trial 99 with value: 0.2422004780435466.
[I 2026-05-28 23:01:54,044] Trial 134 finished with value: 3.4309284315798303 and parameters: {'ISTN': 106.37406856631978, 'I_gpe': 2.258281908191191, 'I_gpi': 3.9953045824751836, 'noise_stn_sigma': 2.3308993130409457, 'noise_gpe_sigma': 44.200200549306814, 'noise_gpi_sigma': 39.82299658106574, 'g_stn_gpe_mult': 1.5870120867998816, 'g_gpe_stn_mult': 1.0118220008594, 'g_stn_gpi_mult': 1.4924993507764106, 'g_gpe_gpi_mult': 1.4210963641684558}. Best is trial 99 with value: 0.2422004780435466.
[I 2026-05-28 23:01:55,046] Trial 135 finished with value: 106.40220810094301 and parameters: {'ISTN': 113.32694027438116, 'I_gpe': 2.066815911071924, 'I_gpi': 3.881421326168036, 'noise_stn_sigma': 0.5674866009366912, 'noise_gpe_sigma': 50.20457617602779, 'noise_gpi_sigma': 40.86255021288548, 'g_stn_gpe_mult': 1.7029135560952722, 'g_gpe_stn_mult': 1.4443688289730676, 'g_stn_gpi_mult': 1.0157810148754343, 'g_gpe_gpi_mult': 1.9716291498578338}. Best is trial 99 with value: 0.2422004780435466.
[I 2026-05-28 23:01:56,050] Trial 136 finished with value: 53.96611582242312 and parameters: {'ISTN': 129.04905592506856, 'I_gpe': 1.6511790012104748, 'I_gpi': 4.581937241791119, 'noise_stn_sigma': 1.1445148431450378, 'noise_gpe_sigma': 78.65756682399567, 'noise_gpi_sigma': 36.777535522696425, 'g_stn_gpe_mult': 1.9449643535230756, 'g_gpe_stn_mult': 1.3624746314957357, 'g_stn_gpi_mult': 0.8619768617019251, 'g_gpe_gpi_mult': 1.663957947276535}. Best is trial 99 with value: 0.2422004780435466.
[I 2026-05-28 23:01:57,049] Trial 137 finished with value: 108.09990361784936 and parameters: {'ISTN': 114.9200667737733, 'I_gpe': 2.0310790781297072, 'I_gpi': 4.891135641886718, 'noise_stn_sigma': 1.083442316746957, 'noise_gpe_sigma': 34.41671128058087, 'noise_gpi_sigma': 40.964366604756265, 'g_stn_gpe_mult': 1.565798781795883, 'g_gpe_stn_mult': 1.4481097600299118, 'g_stn_gpi_mult': 1.3809374817948414, 'g_gpe_gpi_mult': 1.3786658871747082}. Best is trial 99 with value: 0.2422004780435466.
[I 2026-05-28 23:01:58,055] Trial 138 finished with value: 12.12951138609874 and parameters: {'ISTN': 111.19346111319834, 'I_gpe': 1.5411564398389253, 'I_gpi': 4.668194339000987, 'noise_stn_sigma': 2.3829509636256576, 'noise_gpe_sigma': 65.4388110435595, 'noise_gpi_sigma': 29.48292612589216, 'g_stn_gpe_mult': 1.8749929607830116, 'g_gpe_stn_mult': 1.2014737182812463, 'g_stn_gpi_mult': 1.2344567791909642, 'g_gpe_gpi_mult': 1.3809921764542308}. Best is trial 99 with value: 0.2422004780435466.
[I 2026-05-28 23:01:59,063] Trial 139 finished with value: 8.625742404902324 and parameters: {'ISTN': 102.31824222705046, 'I_gpe': 1.5038995521305247, 'I_gpi': 3.363981194442926, 'noise_stn_sigma': 0.922414517308084, 'noise_gpe_sigma': 51.54129884968357, 'noise_gpi_sigma': 57.160572172333666, 'g_stn_gpe_mult': 1.9049466827767578, 'g_gpe_stn_mult': 1.1269808555745104, 'g_stn_gpi_mult': 1.326839830418777, 'g_gpe_gpi_mult': 1.730929629228418}. Best is trial 99 with value: 0.2422004780435466.
[I 2026-05-28 23:02:00,064] Trial 140 finished with value: 107.0768342921117 and parameters: {'ISTN': 127.53546203963515, 'I_gpe': 4.031013505983072, 'I_gpi': 4.493894733996653, 'noise_stn_sigma': 0.5549379895068363, 'noise_gpe_sigma': 35.33387320150625, 'noise_gpi_sigma': 26.798370956758834, 'g_stn_gpe_mult': 1.624448963630291, 'g_gpe_stn_mult': 1.2289045764092998, 'g_stn_gpi_mult': 1.1508339293729404, 'g_gpe_gpi_mult': 1.7929194143245153}. Best is trial 99 with value: 0.2422004780435466.
[I 2026-05-28 23:02:01,073] Trial 141 finished with value: 3.674418623204076 and parameters: {'ISTN': 121.13109151446399, 'I_gpe': 2.415462502841385, 'I_gpi': 3.9143986071333376, 'noise_stn_sigma': 1.918619879240589, 'noise_gpe_sigma': 49.14670377671603, 'noise_gpi_sigma': 61.84804844027628, 'g_stn_gpe_mult': 1.6124949284899448, 'g_gpe_stn_mult': 1.0686291116643618, 'g_stn_gpi_mult': 1.4604323092689506, 'g_gpe_gpi_mult': 1.8780926292378932}. Best is trial 99 with value: 0.2422004780435466.
[I 2026-05-28 23:02:02,077] Trial 142 finished with value: 1.650150527577217 and parameters: {'ISTN': 116.61459032302545, 'I_gpe': 3.590347285682717, 'I_gpi': 2.9240386174536166, 'noise_stn_sigma': 1.2897148066218251, 'noise_gpe_sigma': 36.18764986621874, 'noise_gpi_sigma': 40.4835659852716, 'g_stn_gpe_mult': 1.2836833327600508, 'g_gpe_stn_mult': 0.808158725467463, 'g_stn_gpi_mult': 1.7605670379162706, 'g_gpe_gpi_mult': 1.3704295535433748}. Best is trial 99 with value: 0.2422004780435466.
[I 2026-05-28 23:02:03,080] Trial 143 finished with value: 105.97315786945627 and parameters: {'ISTN': 109.24719798690774, 'I_gpe': 2.7783358334865005, 'I_gpi': 3.798093770741347, 'noise_stn_sigma': 2.706337816417799, 'noise_gpe_sigma': 44.05323044071167, 'noise_gpi_sigma': 55.276187054165234, 'g_stn_gpe_mult': 1.7440383730199227, 'g_gpe_stn_mult': 1.0723907666790131, 'g_stn_gpi_mult': 1.4696323614131332, 'g_gpe_gpi_mult': 1.4076822523449688}. Best is trial 99 with value: 0.2422004780435466.
[I 2026-05-28 23:02:04,088] Trial 144 finished with value: 1.4598304575581 and parameters: {'ISTN': 92.456875289022, 'I_gpe': 2.5212408972847267, 'I_gpi': 3.7107313363517496, 'noise_stn_sigma': 1.5958895818094119, 'noise_gpe_sigma': 33.33935116799207, 'noise_gpi_sigma': 48.825626938888334, 'g_stn_gpe_mult': 1.408092073256613, 'g_gpe_stn_mult': 0.8739545976672373, 'g_stn_gpi_mult': 1.5706585612789872, 'g_gpe_gpi_mult': 1.588912546582986}. Best is trial 99 with value: 0.2422004780435466.
[I 2026-05-28 23:02:05,094] Trial 145 finished with value: 20.68871047235644 and parameters: {'ISTN': 98.35711794565111, 'I_gpe': 1.4854351430410078, 'I_gpi': 3.8603676969086487, 'noise_stn_sigma': 1.535435166572448, 'noise_gpe_sigma': 39.82489556191973, 'noise_gpi_sigma': 40.06706165726688, 'g_stn_gpe_mult': 1.7873217304058782, 'g_gpe_stn_mult': 0.7998642020840201, 'g_stn_gpi_mult': 1.46060833968445, 'g_gpe_gpi_mult': 1.612829513353001}. Best is trial 99 with value: 0.2422004780435466.
[I 2026-05-28 23:02:06,096] Trial 146 finished with value: 106.4306558175408 and parameters: {'ISTN': 139.64186276374986, 'I_gpe': 4.5233929182488435, 'I_gpi': 3.926153611450621, 'noise_stn_sigma': 2.4920073311602584, 'noise_gpe_sigma': 49.33626016121856, 'noise_gpi_sigma': 37.5274301117844, 'g_stn_gpe_mult': 1.9182856567786652, 'g_gpe_stn_mult': 1.2356532966947422, 'g_stn_gpi_mult': 1.3139365339924511, 'g_gpe_gpi_mult': 1.5901712641473447}. Best is trial 99 with value: 0.2422004780435466.
[I 2026-05-28 23:02:07,099] Trial 147 finished with value: 105.07960900298602 and parameters: {'ISTN': 137.03018437655567, 'I_gpe': 3.1370896243167072, 'I_gpi': 3.184750939661318, 'noise_stn_sigma': 1.6702213310656528, 'noise_gpe_sigma': 45.933693220393764, 'noise_gpi_sigma': 53.059078017348014, 'g_stn_gpe_mult': 1.9002160739558276, 'g_gpe_stn_mult': 1.100441508015387, 'g_stn_gpi_mult': 1.3873306344837624, 'g_gpe_gpi_mult': 1.8038365881804344}. Best is trial 99 with value: 0.2422004780435466.
[I 2026-05-28 23:02:08,104] Trial 148 finished with value: 1.4120960239020912 and parameters: {'ISTN': 97.25751880595998, 'I_gpe': 2.2694346148816624, 'I_gpi': 2.2598292559711144, 'noise_stn_sigma': 2.6918738543143936, 'noise_gpe_sigma': 51.51413144602253, 'noise_gpi_sigma': 59.231996176284625, 'g_stn_gpe_mult': 1.4933517086898274, 'g_gpe_stn_mult': 1.0297321916430624, 'g_stn_gpi_mult': 1.3867900802696176, 'g_gpe_gpi_mult': 1.5688125853034822}. Best is trial 99 with value: 0.2422004780435466.
[I 2026-05-28 23:02:09,113] Trial 149 finished with value: 20.834272945368962 and parameters: {'ISTN': 108.50856998967734, 'I_gpe': 2.787768448687367, 'I_gpi': 2.6715279301915835, 'noise_stn_sigma': 2.9550832835527356, 'noise_gpe_sigma': 49.02440577742817, 'noise_gpi_sigma': 52.54907192967189, 'g_stn_gpe_mult': 1.2151828109218952, 'g_gpe_stn_mult': 0.744398861905775, 'g_stn_gpi_mult': 1.830491937338463, 'g_gpe_gpi_mult': 1.322665676081218}. Best is trial 99 with value: 0.2422004780435466.
[I 2026-05-28 23:02:10,121] Trial 150 finished with value: 11.042229455788346 and parameters: {'ISTN': 133.08849017314174, 'I_gpe': 2.524182251338213, 'I_gpi': 4.815018486380439, 'noise_stn_sigma': 1.3559769132886015, 'noise_gpe_sigma': 38.93995973876814, 'noise_gpi_sigma': 41.71525519616249, 'g_stn_gpe_mult': 1.7656601126001026, 'g_gpe_stn_mult': 1.075511971428731, 'g_stn_gpi_mult': 1.6168717911504769, 'g_gpe_gpi_mult': 1.6523328527368}. Best is trial 99 with value: 0.2422004780435466.
[I 2026-05-28 23:02:11,123] Trial 151 finished with value: 5.085597583248891 and parameters: {'ISTN': 104.41409598548624, 'I_gpe': 2.0644485440672242, 'I_gpi': 3.668812433645358, 'noise_stn_sigma': 1.572122921949486, 'noise_gpe_sigma': 46.44109394494315, 'noise_gpi_sigma': 52.741275982670636, 'g_stn_gpe_mult': 1.7047688635702343, 'g_gpe_stn_mult': 1.2328387904276314, 'g_stn_gpi_mult': 1.4365660977423067, 'g_gpe_gpi_mult': 1.7055505650440348}. Best is trial 99 with value: 0.2422004780435466.
[I 2026-05-28 23:02:12,122] Trial 152 finished with value: 105.62206232457831 and parameters: {'ISTN': 98.64029862959525, 'I_gpe': 2.636948257993595, 'I_gpi': 3.0347666421261628, 'noise_stn_sigma': 1.7410637386092258, 'noise_gpe_sigma': 38.17346146068222, 'noise_gpi_sigma': 54.39877523981819, 'g_stn_gpe_mult': 1.0905570030668486, 'g_gpe_stn_mult': 1.0209772890019668, 'g_stn_gpi_mult': 1.563431703956021, 'g_gpe_gpi_mult': 1.8451202841415424}. Best is trial 99 with value: 0.2422004780435466.
[I 2026-05-28 23:02:13,125] Trial 153 finished with value: 2.9306037959869875 and parameters: {'ISTN': 109.504024853411, 'I_gpe': 2.3968441680845287, 'I_gpi': 2.910838505971989, 'noise_stn_sigma': 1.5280747824184602, 'noise_gpe_sigma': 51.5032461115584, 'noise_gpi_sigma': 36.37455041860321, 'g_stn_gpe_mult': 1.2291337983761457, 'g_gpe_stn_mult': 1.1185670710126814, 'g_stn_gpi_mult': 1.390745412181589, 'g_gpe_gpi_mult': 1.513663028293372}. Best is trial 99 with value: 0.2422004780435466.
[I 2026-05-28 23:02:14,133] Trial 154 finished with value: 22.129558025712996 and parameters: {'ISTN': 108.83918500772782, 'I_gpe': 1.4498181373417613, 'I_gpi': 2.6014470691738207, 'noise_stn_sigma': 1.891907803915252, 'noise_gpe_sigma': 55.21400721133161, 'noise_gpi_sigma': 67.94450793787144, 'g_stn_gpe_mult': 1.2236606720840895, 'g_gpe_stn_mult': 1.0516051310925953, 'g_stn_gpi_mult': 1.3728186480463387, 'g_gpe_gpi_mult': 1.9838896120201772}. Best is trial 99 with value: 0.2422004780435466.
[I 2026-05-28 23:02:15,139] Trial 155 finished with value: 17.621450728213183 and parameters: {'ISTN': 104.12380376105548, 'I_gpe': 2.393181158900603, 'I_gpi': 3.4504302338395143, 'noise_stn_sigma': 1.6820841138644784, 'noise_gpe_sigma': 49.52782902591918, 'noise_gpi_sigma': 48.98859047967504, 'g_stn_gpe_mult': 1.2568585628081586, 'g_gpe_stn_mult': 0.7919947949535238, 'g_stn_gpi_mult': 1.6113560605992134, 'g_gpe_gpi_mult': 1.766155901500002}. Best is trial 99 with value: 0.2422004780435466.
[I 2026-05-28 23:02:16,146] Trial 156 finished with value: 30.639882716758986 and parameters: {'ISTN': 130.99479576831112, 'I_gpe': 1.7257983874819756, 'I_gpi': 2.45651086214245, 'noise_stn_sigma': 1.3113589701839754, 'noise_gpe_sigma': 35.89556774070976, 'noise_gpi_sigma': 62.90637501466763, 'g_stn_gpe_mult': 1.6360852952714269, 'g_gpe_stn_mult': 1.2215971060797268, 'g_stn_gpi_mult': 1.3980619365309708, 'g_gpe_gpi_mult': 1.5022896293484675}. Best is trial 99 with value: 0.2422004780435466.
[I 2026-05-28 23:02:17,149] Trial 157 finished with value: 5.018346193632713 and parameters: {'ISTN': 91.06692252987537, 'I_gpe': 2.969077831294724, 'I_gpi': 3.2652808274780813, 'noise_stn_sigma': 2.9253243812571497, 'noise_gpe_sigma': 64.99941061278051, 'noise_gpi_sigma': 47.94626299851941, 'g_stn_gpe_mult': 1.5035049490451395, 'g_gpe_stn_mult': 0.8887980372790911, 'g_stn_gpi_mult': 1.3516467981938347, 'g_gpe_gpi_mult': 1.3620065071950749}. Best is trial 99 with value: 0.2422004780435466.
[I 2026-05-28 23:02:18,156] Trial 158 finished with value: 2.808085445267055 and parameters: {'ISTN': 92.79778853735962, 'I_gpe': 2.9287716675177284, 'I_gpi': 3.9437326761507467, 'noise_stn_sigma': 2.842540281424226, 'noise_gpe_sigma': 41.12847626063049, 'noise_gpi_sigma': 49.579377673366764, 'g_stn_gpe_mult': 1.3827388349233782, 'g_gpe_stn_mult': 0.7495240003676416, 'g_stn_gpi_mult': 1.5648765734689067, 'g_gpe_gpi_mult': 1.4638401465451465}. Best is trial 99 with value: 0.2422004780435466.
[I 2026-05-28 23:02:19,158] Trial 159 finished with value: 105.49605155793732 and parameters: {'ISTN': 84.30426217802344, 'I_gpe': 2.7230110780537253, 'I_gpi': 2.515667181331691, 'noise_stn_sigma': 2.7320453540724765, 'noise_gpe_sigma': 42.45575372393384, 'noise_gpi_sigma': 47.05882266931726, 'g_stn_gpe_mult': 0.980625158107804, 'g_gpe_stn_mult': 1.2405752773102026, 'g_stn_gpi_mult': 1.5092606849498063, 'g_gpe_gpi_mult': 1.3877036817640849}. Best is trial 99 with value: 0.2422004780435466.
[I 2026-05-28 23:02:20,161] Trial 160 finished with value: 105.34727871322957 and parameters: {'ISTN': 107.11839085030347, 'I_gpe': 3.415536152985799, 'I_gpi': 2.66105624070972, 'noise_stn_sigma': 1.2901003415647438, 'noise_gpe_sigma': 45.47148789122869, 'noise_gpi_sigma': 47.36026339158435, 'g_stn_gpe_mult': 1.827199039706084, 'g_gpe_stn_mult': 1.1419107386553875, 'g_stn_gpi_mult': 1.5185984456622852, 'g_gpe_gpi_mult': 1.8978036699696519}. Best is trial 99 with value: 0.2422004780435466.
[I 2026-05-28 23:02:21,170] Trial 161 finished with value: 9.048883914957427 and parameters: {'ISTN': 113.862185517411, 'I_gpe': 3.7167560847104912, 'I_gpi': 4.202455312417877, 'noise_stn_sigma': 3.226683918320833, 'noise_gpe_sigma': 39.28243327302803, 'noise_gpi_sigma': 51.68853255606733, 'g_stn_gpe_mult': 1.2205867586311008, 'g_gpe_stn_mult': 0.7080108790343425, 'g_stn_gpi_mult': 1.4803865431488819, 'g_gpe_gpi_mult': 1.2191213328424484}. Best is trial 99 with value: 0.2422004780435466.
[I 2026-05-28 23:02:22,172] Trial 162 finished with value: 105.82162354831637 and parameters: {'ISTN': 103.7410228625978, 'I_gpe': 3.257056540753292, 'I_gpi': 3.7141911395401306, 'noise_stn_sigma': 3.2350433470004285, 'noise_gpe_sigma': 50.650782891948445, 'noise_gpi_sigma': 39.54858562783225, 'g_stn_gpe_mult': 1.7117029064206433, 'g_gpe_stn_mult': 0.9173526088576859, 'g_stn_gpi_mult': 1.3967432020101347, 'g_gpe_gpi_mult': 1.4254190614940938}. Best is trial 99 with value: 0.2422004780435466.
[I 2026-05-28 23:02:23,177] Trial 163 finished with value: 4.668579076977956 and parameters: {'ISTN': 105.21126205309551, 'I_gpe': 2.630575378224666, 'I_gpi': 4.561401151803595, 'noise_stn_sigma': 1.72463938426281, 'noise_gpe_sigma': 31.174201684065917, 'noise_gpi_sigma': 36.48566958963987, 'g_stn_gpe_mult': 1.6351247898624597, 'g_gpe_stn_mult': 0.9781145456947467, 'g_stn_gpi_mult': 1.3473100273031693, 'g_gpe_gpi_mult': 1.925147162790024}. Best is trial 99 with value: 0.2422004780435466.
[I 2026-05-28 23:02:24,179] Trial 164 finished with value: 106.4809345526349 and parameters: {'ISTN': 90.49464576856623, 'I_gpe': 2.9284676726955934, 'I_gpi': 4.094210413143292, 'noise_stn_sigma': 2.037847880281514, 'noise_gpe_sigma': 63.94397734943138, 'noise_gpi_sigma': 52.235751901735966, 'g_stn_gpe_mult': 1.5873121485769714, 'g_gpe_stn_mult': 1.2995785241565336, 'g_stn_gpi_mult': 1.024595478576197, 'g_gpe_gpi_mult': 1.772580103369592}. Best is trial 99 with value: 0.2422004780435466.
[I 2026-05-28 23:02:25,181] Trial 165 finished with value: 105.39036861557965 and parameters: {'ISTN': 84.62753268145467, 'I_gpe': 3.921815592898229, 'I_gpi': 2.6435724740417035, 'noise_stn_sigma': 2.2939045230345063, 'noise_gpe_sigma': 64.39911855320223, 'noise_gpi_sigma': 23.407983714389957, 'g_stn_gpe_mult': 1.1832404842468083, 'g_gpe_stn_mult': 0.9052761745585587, 'g_stn_gpi_mult': 1.0185902814058796, 'g_gpe_gpi_mult': 1.3180360365338022}. Best is trial 99 with value: 0.2422004780435466.
[I 2026-05-28 23:02:26,189] Trial 166 finished with value: 28.188151559508118 and parameters: {'ISTN': 118.8534127922037, 'I_gpe': 2.97633669539092, 'I_gpi': 2.572673229870967, 'noise_stn_sigma': 3.2151671863280344, 'noise_gpe_sigma': 47.160866283074874, 'noise_gpi_sigma': 47.81555068405923, 'g_stn_gpe_mult': 1.2700841031070675, 'g_gpe_stn_mult': 0.7618396135407515, 'g_stn_gpi_mult': 1.6672194337817747, 'g_gpe_gpi_mult': 1.4313802669934987}. Best is trial 99 with value: 0.2422004780435466.
[I 2026-05-28 23:02:27,195] Trial 167 finished with value: 10.179976353748767 and parameters: {'ISTN': 92.20770075885072, 'I_gpe': 2.6180534117920233, 'I_gpi': 4.1826707785083554, 'noise_stn_sigma': 2.498290376021089, 'noise_gpe_sigma': 47.14676415307203, 'noise_gpi_sigma': 54.20259567265718, 'g_stn_gpe_mult': 1.0524654369154736, 'g_gpe_stn_mult': 0.7291141996383758, 'g_stn_gpi_mult': 1.5142734818524566, 'g_gpe_gpi_mult': 1.5089678836508966}. Best is trial 99 with value: 0.2422004780435466.
[I 2026-05-28 23:02:28,205] Trial 168 finished with value: 4.606510581816479 and parameters: {'ISTN': 108.52021517183204, 'I_gpe': 3.400953600764325, 'I_gpi': 4.232532904392778, 'noise_stn_sigma': 2.9537349958260095, 'noise_gpe_sigma': 41.75609019635303, 'noise_gpi_sigma': 31.444556779375567, 'g_stn_gpe_mult': 1.5051141763007139, 'g_gpe_stn_mult': 0.7476207991230397, 'g_stn_gpi_mult': 1.537711187035499, 'g_gpe_gpi_mult': 1.4940885187780952}. Best is trial 99 with value: 0.2422004780435466.
[I 2026-05-28 23:02:29,213] Trial 169 finished with value: 24.150485957711982 and parameters: {'ISTN': 133.7700829178185, 'I_gpe': 2.59865530006505, 'I_gpi': 4.234100561272177, 'noise_stn_sigma': 3.236839910705693, 'noise_gpe_sigma': 49.647873980960036, 'noise_gpi_sigma': 58.078316998377225, 'g_stn_gpe_mult': 1.4552868118014466, 'g_gpe_stn_mult': 1.0105041772051555, 'g_stn_gpi_mult': 1.6429877547004594, 'g_gpe_gpi_mult': 0.9954963771611783}. Best is trial 99 with value: 0.2422004780435466.
[I 2026-05-28 23:02:30,217] Trial 170 finished with value: 3.2471929668673636 and parameters: {'ISTN': 101.98735220857587, 'I_gpe': 2.6315979690163287, 'I_gpi': 2.4029805728329148, 'noise_stn_sigma': 1.9576593403684348, 'noise_gpe_sigma': 37.538019136576914, 'noise_gpi_sigma': 53.453207393737024, 'g_stn_gpe_mult': 1.8087096359253372, 'g_gpe_stn_mult': 0.9643016661898809, 'g_stn_gpi_mult': 1.3818167832173083, 'g_gpe_gpi_mult': 1.862720457832064}. Best is trial 99 with value: 0.2422004780435466.
[I 2026-05-28 23:02:31,226] Trial 171 finished with value: 9.428403550236945 and parameters: {'ISTN': 105.63149265394927, 'I_gpe': 2.0334343661025267, 'I_gpi': 2.9950466467100583, 'noise_stn_sigma': 2.167821258574655, 'noise_gpe_sigma': 59.25903842797449, 'noise_gpi_sigma': 62.770207008895326, 'g_stn_gpe_mult': 1.7009544517145052, 'g_gpe_stn_mult': 0.9856870686176648, 'g_stn_gpi_mult': 1.4097165811060535, 'g_gpe_gpi_mult': 1.460910361875237}. Best is trial 99 with value: 0.2422004780435466.
[I 2026-05-28 23:02:32,226] Trial 172 finished with value: 105.69247480427374 and parameters: {'ISTN': 98.89342314090374, 'I_gpe': 3.5134925119637797, 'I_gpi': 3.522158930379774, 'noise_stn_sigma': 2.6072601299249922, 'noise_gpe_sigma': 29.42461736721098, 'noise_gpi_sigma': 30.80688022117696, 'g_stn_gpe_mult': 1.714061898061726, 'g_gpe_stn_mult': 0.8103613426719083, 'g_stn_gpi_mult': 1.5186286974481518, 'g_gpe_gpi_mult': 1.6864136835282226}. Best is trial 99 with value: 0.2422004780435466.
[I 2026-05-28 23:02:33,234] Trial 173 finished with value: 11.133611052846275 and parameters: {'ISTN': 93.37973504118679, 'I_gpe': 2.213147529314326, 'I_gpi': 3.5279144657732555, 'noise_stn_sigma': 2.248005939033407, 'noise_gpe_sigma': 44.500751040721234, 'noise_gpi_sigma': 47.34737548732162, 'g_stn_gpe_mult': 1.4087847133636633, 'g_gpe_stn_mult': 0.7931781915888709, 'g_stn_gpi_mult': 1.4633782146397336, 'g_gpe_gpi_mult': 1.445509528878325}. Best is trial 99 with value: 0.2422004780435466.
[I 2026-05-28 23:02:34,242] Trial 174 finished with value: 1.5908503130306506 and parameters: {'ISTN': 107.38301381101999, 'I_gpe': 2.7199025055981965, 'I_gpi': 3.7990938336872446, 'noise_stn_sigma': 2.8473755791713664, 'noise_gpe_sigma': 33.43981048854853, 'noise_gpi_sigma': 44.460955970784816, 'g_stn_gpe_mult': 1.5477595522935261, 'g_gpe_stn_mult': 0.8986475887422745, 'g_stn_gpi_mult': 1.6350996580700534, 'g_gpe_gpi_mult': 1.5669910706207195}. Best is trial 99 with value: 0.2422004780435466.
[I 2026-05-28 23:02:35,243] Trial 175 finished with value: 105.91967873859946 and parameters: {'ISTN': 105.77826143214799, 'I_gpe': 3.4027150274927105, 'I_gpi': 3.5403504081302604, 'noise_stn_sigma': 1.9403233433013507, 'noise_gpe_sigma': 37.40477608957148, 'noise_gpi_sigma': 30.450736301704648, 'g_stn_gpe_mult': 1.537992724491204, 'g_gpe_stn_mult': 0.9145755043069367, 'g_stn_gpi_mult': 1.5796710708708404, 'g_gpe_gpi_mult': 1.5768808026339922}. Best is trial 99 with value: 0.2422004780435466.
