[I 2026-05-28 22:50:39,495] Trial 484 finished with value: 0.33385926035661195 and parameters: {'ISTN': 189.4958218505186, 'I_gpe': 2.7586441011988803, 'I_gpi': 2.0470564183319393, 'noise_stn_sigma': 2.018548749365766, 'noise_gpe_sigma': 43.52575403457659, 'noise_gpi_sigma': 65.27721564076957, 'g_stn_gpe_mult': 1.225757838849586, 'g_gpe_stn_mult': 1.4800424823782272, 'g_stn_gpi_mult': 1.5994858691636789, 'g_gpe_gpi_mult': 1.6494491966765383}. Best is trial 484 with value: 0.33385926035661195.
[I 2026-05-28 22:50:40,494] Trial 485 finished with value: 0.6308783857370084 and parameters: {'ISTN': 190.10391430977944, 'I_gpe': 2.718834475462696, 'I_gpi': 2.3816127267772047, 'noise_stn_sigma': 2.0200790191450215, 'noise_gpe_sigma': 43.487458323584455, 'noise_gpi_sigma': 69.27631472223453, 'g_stn_gpe_mult': 1.3321815721884527, 'g_gpe_stn_mult': 1.522135686199491, 'g_stn_gpi_mult': 1.5358127196008178, 'g_gpe_gpi_mult': 1.5786267627433141}. Best is trial 484 with value: 0.33385926035661195.
[I 2026-05-28 22:50:41,497] Trial 486 finished with value: 2.2673365775961516 and parameters: {'ISTN': 185.01792115092763, 'I_gpe': 2.622441877563504, 'I_gpi': 2.3626246619638613, 'noise_stn_sigma': 2.1990329785583977, 'noise_gpe_sigma': 41.79976550647727, 'noise_gpi_sigma': 61.733127998622216, 'g_stn_gpe_mult': 1.3080418436245096, 'g_gpe_stn_mult': 1.564642398336722, 'g_stn_gpi_mult': 1.5238870842907464, 'g_gpe_gpi_mult': 1.6438531801392209}. Best is trial 484 with value: 0.33385926035661195.
[I 2026-05-28 22:50:42,442] Trial 487 finished with value: 1000000.0 and parameters: {'ISTN': 192.15872892623037, 'I_gpe': 2.8812523717349343, 'I_gpi': 2.3148766833953047, 'noise_stn_sigma': 2.043983749694279, 'noise_gpe_sigma': 43.16867252801189, 'noise_gpi_sigma': 58.18282358539562, 'g_stn_gpe_mult': 1.1277944378050528, 'g_gpe_stn_mult': 1.4321989453539943, 'g_stn_gpi_mult': 1.5562984746764905, 'g_gpe_gpi_mult': 1.595315416352789}. Best is trial 484 with value: 0.33385926035661195.
[I 2026-05-28 22:50:43,446] Trial 488 finished with value: 0.5007380947116673 and parameters: {'ISTN': 181.36063777143667, 'I_gpe': 2.63087435665231, 'I_gpi': 2.570520270149073, 'noise_stn_sigma': 2.1325222739708956, 'noise_gpe_sigma': 43.34129376719583, 'noise_gpi_sigma': 60.466927275193015, 'g_stn_gpe_mult': 1.3640261689626783, 'g_gpe_stn_mult': 1.4715583725011847, 'g_stn_gpi_mult': 1.5335922825330315, 'g_gpe_gpi_mult': 1.4221437424740135}. Best is trial 484 with value: 0.33385926035661195.
[I 2026-05-28 22:50:44,448] Trial 489 finished with value: 1.1293396290204738 and parameters: {'ISTN': 186.7418200040376, 'I_gpe': 2.6075154484188907, 'I_gpi': 2.474372662181969, 'noise_stn_sigma': 2.0327051556098277, 'noise_gpe_sigma': 40.92994824825205, 'noise_gpi_sigma': 63.867217669133225, 'g_stn_gpe_mult': 1.3546132356112857, 'g_gpe_stn_mult': 1.507590169019248, 'g_stn_gpi_mult': 1.5481572085471775, 'g_gpe_gpi_mult': 1.5811887945574874}. Best is trial 484 with value: 0.33385926035661195.
[I 2026-05-28 22:50:45,448] Trial 490 finished with value: 0.3350306408180841 and parameters: {'ISTN': 183.26261288802573, 'I_gpe': 2.8341142339096126, 'I_gpi': 2.4070759951140954, 'noise_stn_sigma': 2.202261496240788, 'noise_gpe_sigma': 42.437496365565615, 'noise_gpi_sigma': 58.14453122345118, 'g_stn_gpe_mult': 1.2528521571834845, 'g_gpe_stn_mult': 1.4009733287480988, 'g_stn_gpi_mult': 1.4935993482791714, 'g_gpe_gpi_mult': 1.540933323989089}. Best is trial 484 with value: 0.33385926035661195.
[I 2026-05-28 22:50:46,450] Trial 491 finished with value: 0.2874540382557996 and parameters: {'ISTN': 188.35936296882556, 'I_gpe': 2.909293852779796, 'I_gpi': 2.078702806035845, 'noise_stn_sigma': 2.0187657549990554, 'noise_gpe_sigma': 41.35904621653114, 'noise_gpi_sigma': 61.753636218657086, 'g_stn_gpe_mult': 1.261370412273843, 'g_gpe_stn_mult': 1.4250514395993494, 'g_stn_gpi_mult': 1.4779455653543667, 'g_gpe_gpi_mult': 1.5856064577074094}. Best is trial 491 with value: 0.2874540382557996.
[I 2026-05-28 22:50:47,451] Trial 492 finished with value: 0.6082347518312762 and parameters: {'ISTN': 184.37948816632039, 'I_gpe': 2.7108508348307536, 'I_gpi': 1.9655285737119506, 'noise_stn_sigma': 1.8818469197985503, 'noise_gpe_sigma': 45.47049943245031, 'noise_gpi_sigma': 64.73546794031421, 'g_stn_gpe_mult': 1.2054522014784332, 'g_gpe_stn_mult': 1.459653377895418, 'g_stn_gpi_mult': 1.5376739657591414, 'g_gpe_gpi_mult': 1.5386540604321555}. Best is trial 491 with value: 0.2874540382557996.
[I 2026-05-28 22:50:48,454] Trial 493 finished with value: 1.7350680056138816 and parameters: {'ISTN': 187.66681513194163, 'I_gpe': 2.644407372119529, 'I_gpi': 2.168687987650352, 'noise_stn_sigma': 2.0036952456268766, 'noise_gpe_sigma': 41.02100983474335, 'noise_gpi_sigma': 60.12151518245848, 'g_stn_gpe_mult': 1.3440268880356867, 'g_gpe_stn_mult': 1.4789084832376518, 'g_stn_gpi_mult': 1.5001615573519946, 'g_gpe_gpi_mult': 1.632253025110237}. Best is trial 491 with value: 0.2874540382557996.
[I 2026-05-28 22:50:49,457] Trial 494 finished with value: 1.1742225458247775 and parameters: {'ISTN': 183.39381843227432, 'I_gpe': 2.4440099726190003, 'I_gpi': 2.16977315147558, 'noise_stn_sigma': 2.2006504580774533, 'noise_gpe_sigma': 41.68190019000954, 'noise_gpi_sigma': 62.98715830759203, 'g_stn_gpe_mult': 1.3646610025601071, 'g_gpe_stn_mult': 1.5518321209007757, 'g_stn_gpi_mult': 1.6170404325929684, 'g_gpe_gpi_mult': 1.5821382801366743}. Best is trial 491 with value: 0.2874540382557996.
[I 2026-05-28 22:50:50,460] Trial 495 finished with value: 0.6246252354959643 and parameters: {'ISTN': 196.1337933457826, 'I_gpe': 3.0546742816610117, 'I_gpi': 1.8460467757336807, 'noise_stn_sigma': 1.9555229908388618, 'noise_gpe_sigma': 43.74630841169219, 'noise_gpi_sigma': 65.41120378025748, 'g_stn_gpe_mult': 1.2040689784656418, 'g_gpe_stn_mult': 1.4280031067051822, 'g_stn_gpi_mult': 1.5124908507317598, 'g_gpe_gpi_mult': 1.6158848269011716}. Best is trial 491 with value: 0.2874540382557996.
[I 2026-05-28 22:50:51,460] Trial 496 finished with value: 1.2576830481764274 and parameters: {'ISTN': 187.65505189030824, 'I_gpe': 2.7035239172735315, 'I_gpi': 1.9624654685271987, 'noise_stn_sigma': 2.049421057516782, 'noise_gpe_sigma': 40.177610139977475, 'noise_gpi_sigma': 58.84878831035767, 'g_stn_gpe_mult': 1.2384555734930713, 'g_gpe_stn_mult': 1.520081769994305, 'g_stn_gpi_mult': 1.601952674959398, 'g_gpe_gpi_mult': 1.6072842995386045}. Best is trial 491 with value: 0.2874540382557996.
[I 2026-05-28 22:50:52,459] Trial 497 finished with value: 0.6498926978085869 and parameters: {'ISTN': 189.52494892411016, 'I_gpe': 3.2766839266457697, 'I_gpi': 2.74879689065194, 'noise_stn_sigma': 2.1725282163113495, 'noise_gpe_sigma': 44.7939377223312, 'noise_gpi_sigma': 64.85137249724536, 'g_stn_gpe_mult': 1.1569865282618983, 'g_gpe_stn_mult': 1.3117520566354173, 'g_stn_gpi_mult': 1.5385258955548444, 'g_gpe_gpi_mult': 1.5961263172761462}. Best is trial 491 with value: 0.2874540382557996.
[I 2026-05-28 22:50:53,463] Trial 498 finished with value: 0.27247421206587963 and parameters: {'ISTN': 187.54694264591663, 'I_gpe': 2.945270136684166, 'I_gpi': 2.0968003727181377, 'noise_stn_sigma': 2.232047493077089, 'noise_gpe_sigma': 45.05601960556783, 'noise_gpi_sigma': 62.90860414785419, 'g_stn_gpe_mult': 1.1543352156275306, 'g_gpe_stn_mult': 1.4167811366704184, 'g_stn_gpi_mult': 1.5482772913014133, 'g_gpe_gpi_mult': 1.5777297081496369}. Best is trial 498 with value: 0.27247421206587963.
[I 2026-05-28 22:50:54,462] Trial 499 finished with value: 0.39074895940723947 and parameters: {'ISTN': 187.06690229518253, 'I_gpe': 2.9322597856068238, 'I_gpi': 2.2661661747375446, 'noise_stn_sigma': 1.9632212879546331, 'noise_gpe_sigma': 43.63732106688606, 'noise_gpi_sigma': 59.32145023215843, 'g_stn_gpe_mult': 1.184739754000793, 'g_gpe_stn_mult': 1.41878801324892, 'g_stn_gpi_mult': 1.5114198495672921, 'g_gpe_gpi_mult': 1.522735159765907}. Best is trial 498 with value: 0.27247421206587963.
JAX devices: [CudaDevice(id=0)]

Building 450-neuron HH network...
Warming up JIT...
JIT ready!

============================================================
HH Network Optimization - Healthy State (10 params)
============================================================
Network: 100/200/150 neurons
Targets: STN=20.0Hz, GPe=70.0Hz, GPi=80.0Hz
         Beta_GPe < 5% (penalty weight=15.0x)
============================================================

============================================================
OPTIMIZATION COMPLETE
============================================================
Time: 8.4 minutes (1003ms/trial)
Best score: 0.2725

Best intrinsic parameters:
  ISTN: 187.547
  I_gpe: 2.945
  I_gpi: 2.097
  noise_stn_sigma: 2.232
  noise_gpe_sigma: 45.056
  noise_gpi_sigma: 62.909

Best synaptic multipliers:
  g_stn_gpe_mult: 1.154
  g_gpe_stn_mult: 1.417
  g_stn_gpi_mult: 1.548
  g_gpe_gpi_mult: 1.578

Best metrics:
  STN: 21.0 Hz (target: 20.0)
  GPe: 60.4 Hz (target: 70.0)
  GPi: 77.5 Hz (target: 80.0)
  STN CV: 0.14 (target: 0.4)
  GPe CV: 0.13 (target: 0.35)
  GPi CV: 0.19 (target: 0.2)

  GPe Beta: 0.4% (target: <5%)
  STN Beta: 7.1%

Results saved to results/sensitivity2/healthy_seeds/healthy_seed42.pkl
