[I 2026-05-28 22:35:29,701] Trial 88 finished with value: 21.404438929571093 and parameters: {'ISTN': 128.8874276380967, 'I_gpe': 3.632512864949668, 'I_gpi': 1.3169364342000927, 'noise_stn_sigma': 3.7498903916176447, 'noise_gpe_sigma': 55.88190323982402, 'noise_gpi_sigma': 78.6058658352619, 'g_stn_gpe_mult': 1.6713280686577228, 'g_gpe_stn_mult': 0.75983501625961, 'g_stn_gpi_mult': 1.7423689855357514, 'g_gpe_gpi_mult': 1.5064660630941447}. Best is trial 74 with value: 1.2493461958362602.
[I 2026-05-28 22:35:30,651] Trial 89 finished with value: 1000000.0 and parameters: {'ISTN': 150.4825843810919, 'I_gpe': 2.8418574220494444, 'I_gpi': 4.265628859676024, 'noise_stn_sigma': 3.6407915798432775, 'noise_gpe_sigma': 52.65479324552964, 'noise_gpi_sigma': 42.81411954253551, 'g_stn_gpe_mult': 1.5797665717100955, 'g_gpe_stn_mult': 1.0445535249622964, 'g_stn_gpi_mult': 1.3716476697517161, 'g_gpe_gpi_mult': 1.1535520596200697}. Best is trial 74 with value: 1.2493461958362602.
[I 2026-05-28 22:35:31,660] Trial 90 finished with value: 154.55579686376015 and parameters: {'ISTN': 179.0861634005107, 'I_gpe': 2.6093624865422345, 'I_gpi': 2.105596724097532, 'noise_stn_sigma': 3.409411490986326, 'noise_gpe_sigma': 47.21838695338001, 'noise_gpi_sigma': 52.64638812027093, 'g_stn_gpe_mult': 1.9619608639130994, 'g_gpe_stn_mult': 0.8259351007212942, 'g_stn_gpi_mult': 1.762638952604411, 'g_gpe_gpi_mult': 1.0941210133583157}. Best is trial 74 with value: 1.2493461958362602.
[I 2026-05-28 22:35:32,670] Trial 91 finished with value: 72.83411493200074 and parameters: {'ISTN': 148.24099402485044, 'I_gpe': 2.5333192035386225, 'I_gpi': 1.6764931698082455, 'noise_stn_sigma': 3.649977724575316, 'noise_gpe_sigma': 66.41165857281018, 'noise_gpi_sigma': 76.13543448158792, 'g_stn_gpe_mult': 1.3926245982535521, 'g_gpe_stn_mult': 0.9245479333021785, 'g_stn_gpi_mult': 1.5027717982466917, 'g_gpe_gpi_mult': 1.2598858162514253}. Best is trial 74 with value: 1.2493461958362602.
[I 2026-05-28 22:35:33,620] Trial 92 finished with value: 1000000.0 and parameters: {'ISTN': 142.57076914508647, 'I_gpe': 2.0020977442184904, 'I_gpi': 2.8416343822284906, 'noise_stn_sigma': 3.918448209160558, 'noise_gpe_sigma': 80.25538650980859, 'noise_gpi_sigma': 46.2848566504723, 'g_stn_gpe_mult': 1.4240977118982663, 'g_gpe_stn_mult': 1.0764443320769828, 'g_stn_gpi_mult': 1.5393095294037318, 'g_gpe_gpi_mult': 1.1776098604722989}. Best is trial 74 with value: 1.2493461958362602.
[I 2026-05-28 22:35:34,623] Trial 93 finished with value: 105.46737659747788 and parameters: {'ISTN': 150.35221655040044, 'I_gpe': 3.814665885264351, 'I_gpi': 1.704250985128567, 'noise_stn_sigma': 3.115925303786656, 'noise_gpe_sigma': 53.60791502512988, 'noise_gpi_sigma': 63.851988665422255, 'g_stn_gpe_mult': 1.351942970404669, 'g_gpe_stn_mult': 1.1329343431015717, 'g_stn_gpi_mult': 1.3701320832182027, 'g_gpe_gpi_mult': 0.9390595376024007}. Best is trial 74 with value: 1.2493461958362602.
[I 2026-05-28 22:35:35,632] Trial 94 finished with value: 53.42992006080515 and parameters: {'ISTN': 152.2279153049208, 'I_gpe': 2.187977714951213, 'I_gpi': 3.93710212384235, 'noise_stn_sigma': 3.1771195860004373, 'noise_gpe_sigma': 55.68285630986511, 'noise_gpi_sigma': 46.073583392128114, 'g_stn_gpe_mult': 1.3970820370865915, 'g_gpe_stn_mult': 1.1944682669260516, 'g_stn_gpi_mult': 1.3276253660105604, 'g_gpe_gpi_mult': 0.961124260581005}. Best is trial 74 with value: 1.2493461958362602.
[I 2026-05-28 22:35:36,642] Trial 95 finished with value: 153.73166055236626 and parameters: {'ISTN': 175.03836066468128, 'I_gpe': 5.070910550517136, 'I_gpi': 1.9949603643469802, 'noise_stn_sigma': 3.2132825160951706, 'noise_gpe_sigma': 52.96167716122005, 'noise_gpi_sigma': 41.16818793695712, 'g_stn_gpe_mult': 1.5161234358280835, 'g_gpe_stn_mult': 0.6151745410091497, 'g_stn_gpi_mult': 1.275672814919956, 'g_gpe_gpi_mult': 0.8577288148648319}. Best is trial 74 with value: 1.2493461958362602.
[I 2026-05-28 22:35:37,645] Trial 96 finished with value: 105.43864410755043 and parameters: {'ISTN': 141.22855446322893, 'I_gpe': 3.633580029901754, 'I_gpi': 1.7009886263264307, 'noise_stn_sigma': 3.5042006154430867, 'noise_gpe_sigma': 69.93084383082368, 'noise_gpi_sigma': 67.34851948829109, 'g_stn_gpe_mult': 1.3579555797135159, 'g_gpe_stn_mult': 1.1524952105398265, 'g_stn_gpi_mult': 1.1316438644461537, 'g_gpe_gpi_mult': 1.2192272946244722}. Best is trial 74 with value: 1.2493461958362602.
[I 2026-05-28 22:35:38,648] Trial 97 finished with value: 106.1550871410571 and parameters: {'ISTN': 146.76157656092036, 'I_gpe': 4.648889067021764, 'I_gpi': 1.1410923534126245, 'noise_stn_sigma': 3.1618404148463837, 'noise_gpe_sigma': 58.19576510385201, 'noise_gpi_sigma': 74.42455614934325, 'g_stn_gpe_mult': 1.3459064311845146, 'g_gpe_stn_mult': 1.1371431433970143, 'g_stn_gpi_mult': 1.2593159280157373, 'g_gpe_gpi_mult': 1.2146229547889886}. Best is trial 74 with value: 1.2493461958362602.
[I 2026-05-28 22:35:39,652] Trial 98 finished with value: 105.33146400369827 and parameters: {'ISTN': 135.16827582148088, 'I_gpe': 4.304424172753173, 'I_gpi': 2.3740611479877973, 'noise_stn_sigma': 4.517391102937916, 'noise_gpe_sigma': 86.06416316247478, 'noise_gpi_sigma': 62.26435805244351, 'g_stn_gpe_mult': 1.0824855213173699, 'g_gpe_stn_mult': 1.2946150036076158, 'g_stn_gpi_mult': 1.4039872009839762, 'g_gpe_gpi_mult': 1.226047057810662}. Best is trial 74 with value: 1.2493461958362602.
[I 2026-05-28 22:35:40,659] Trial 99 finished with value: 32.59121841189273 and parameters: {'ISTN': 136.80659526577935, 'I_gpe': 3.0249260411699352, 'I_gpi': 1.620029716808236, 'noise_stn_sigma': 3.9228704107598955, 'noise_gpe_sigma': 40.09411543495017, 'noise_gpi_sigma': 54.67407835702026, 'g_stn_gpe_mult': 1.0037788255226485, 'g_gpe_stn_mult': 0.909064260453279, 'g_stn_gpi_mult': 1.3665285183433933, 'g_gpe_gpi_mult': 1.1788066406921855}. Best is trial 74 with value: 1.2493461958362602.
[I 2026-05-28 22:35:41,666] Trial 100 finished with value: 87.33274126593052 and parameters: {'ISTN': 148.96577144812028, 'I_gpe': 2.877686137833432, 'I_gpi': 2.98737534470434, 'noise_stn_sigma': 3.4013689949923327, 'noise_gpe_sigma': 74.19765380526563, 'noise_gpi_sigma': 58.68079404799007, 'g_stn_gpe_mult': 1.4047662464010215, 'g_gpe_stn_mult': 0.7457377831703355, 'g_stn_gpi_mult': 1.6718734214049127, 'g_gpe_gpi_mult': 1.2097139028218844}. Best is trial 74 with value: 1.2493461958362602.
[I 2026-05-28 22:35:42,678] Trial 101 finished with value: 73.46252299831137 and parameters: {'ISTN': 161.74820847844285, 'I_gpe': 2.895702898890816, 'I_gpi': 4.422809023092553, 'noise_stn_sigma': 2.445130539274508, 'noise_gpe_sigma': 65.33308974500522, 'noise_gpi_sigma': 64.02341409551164, 'g_stn_gpe_mult': 1.4181822749593467, 'g_gpe_stn_mult': 1.0186823005873251, 'g_stn_gpi_mult': 1.4978884715301832, 'g_gpe_gpi_mult': 1.0556828717054652}. Best is trial 74 with value: 1.2493461958362602.
[I 2026-05-28 22:35:43,682] Trial 102 finished with value: 0.29735011365907316 and parameters: {'ISTN': 146.24377007946148, 'I_gpe': 3.059981518360316, 'I_gpi': 2.4018417589294963, 'noise_stn_sigma': 4.234075862897453, 'noise_gpe_sigma': 46.98725067075196, 'noise_gpi_sigma': 55.17476890854789, 'g_stn_gpe_mult': 1.3830599398658117, 'g_gpe_stn_mult': 1.1171177924571698, 'g_stn_gpi_mult': 1.333378139644259, 'g_gpe_gpi_mult': 1.3406768095328427}. Best is trial 102 with value: 0.29735011365907316.
[I 2026-05-28 22:35:44,688] Trial 103 finished with value: 3.394942955140608 and parameters: {'ISTN': 137.20247030625143, 'I_gpe': 3.842781348924755, 'I_gpi': 2.8991828968983646, 'noise_stn_sigma': 3.974889842116448, 'noise_gpe_sigma': 40.42105512313221, 'noise_gpi_sigma': 56.08654174407462, 'g_stn_gpe_mult': 0.9289104544950406, 'g_gpe_stn_mult': 0.8997703830137389, 'g_stn_gpi_mult': 1.4081820888455059, 'g_gpe_gpi_mult': 1.330042510872716}. Best is trial 102 with value: 0.29735011365907316.
[I 2026-05-28 22:35:45,696] Trial 104 finished with value: 6.487005183883812 and parameters: {'ISTN': 132.92293180957267, 'I_gpe': 2.3623692031605383, 'I_gpi': 2.5350870529419796, 'noise_stn_sigma': 3.219153064627519, 'noise_gpe_sigma': 59.3589871644305, 'noise_gpi_sigma': 62.38815345287725, 'g_stn_gpe_mult': 1.2383031055499871, 'g_gpe_stn_mult': 1.1856645430782375, 'g_stn_gpi_mult': 1.6633259452361475, 'g_gpe_gpi_mult': 1.1633809768005023}. Best is trial 102 with value: 0.29735011365907316.
[I 2026-05-28 22:35:46,698] Trial 105 finished with value: 105.69792546975576 and parameters: {'ISTN': 161.09326667869146, 'I_gpe': 3.9009718914550513, 'I_gpi': 3.3485550662966173, 'noise_stn_sigma': 3.002498849605421, 'noise_gpe_sigma': 47.74630865026424, 'noise_gpi_sigma': 47.41337359452585, 'g_stn_gpe_mult': 1.316746003954099, 'g_gpe_stn_mult': 1.0773659092503247, 'g_stn_gpi_mult': 1.351123479405127, 'g_gpe_gpi_mult': 1.0762561265715558}. Best is trial 102 with value: 0.29735011365907316.
[I 2026-05-28 22:35:47,703] Trial 106 finished with value: 105.52095431989578 and parameters: {'ISTN': 137.59032320952753, 'I_gpe': 3.00325460336704, 'I_gpi': 3.475108058457184, 'noise_stn_sigma': 2.8042675790908147, 'noise_gpe_sigma': 75.62026910424245, 'noise_gpi_sigma': 57.232868145592086, 'g_stn_gpe_mult': 1.193039023487366, 'g_gpe_stn_mult': 1.2368058464643326, 'g_stn_gpi_mult': 1.4716768365224078, 'g_gpe_gpi_mult': 0.9586614780832625}. Best is trial 102 with value: 0.29735011365907316.
[I 2026-05-28 22:35:48,711] Trial 107 finished with value: 5.694809713869054 and parameters: {'ISTN': 165.2090446374475, 'I_gpe': 4.178949229800135, 'I_gpi': 2.4294321163679764, 'noise_stn_sigma': 3.626663736727794, 'noise_gpe_sigma': 54.690277180771375, 'noise_gpi_sigma': 51.03476817768934, 'g_stn_gpe_mult': 1.3874433751795334, 'g_gpe_stn_mult': 0.9012607533963376, 'g_stn_gpi_mult': 1.1202024159399422, 'g_gpe_gpi_mult': 1.0355713668070528}. Best is trial 102 with value: 0.29735011365907316.
[I 2026-05-28 22:35:49,721] Trial 108 finished with value: 43.09489972180587 and parameters: {'ISTN': 121.92351175798498, 'I_gpe': 2.067206808465152, 'I_gpi': 3.99931055016235, 'noise_stn_sigma': 2.8278498439778437, 'noise_gpe_sigma': 45.46833623443596, 'noise_gpi_sigma': 60.605007597127816, 'g_stn_gpe_mult': 0.9988121665789473, 'g_gpe_stn_mult': 0.8561046328304194, 'g_stn_gpi_mult': 1.3192720973635899, 'g_gpe_gpi_mult': 0.9401211756068655}. Best is trial 102 with value: 0.29735011365907316.
[I 2026-05-28 22:35:50,730] Trial 109 finished with value: 27.164884338873037 and parameters: {'ISTN': 143.96962921989586, 'I_gpe': 2.5139601856591236, 'I_gpi': 1.379460734009744, 'noise_stn_sigma': 3.1905986295815447, 'noise_gpe_sigma': 49.316093118703115, 'noise_gpi_sigma': 67.89649553786441, 'g_stn_gpe_mult': 1.0721670022776952, 'g_gpe_stn_mult': 1.1072218167013357, 'g_stn_gpi_mult': 1.518360372232014, 'g_gpe_gpi_mult': 0.9987122433645972}. Best is trial 102 with value: 0.29735011365907316.
[I 2026-05-28 22:35:51,737] Trial 110 finished with value: 65.37492497020108 and parameters: {'ISTN': 148.84786688608284, 'I_gpe': 1.8998016965515079, 'I_gpi': 2.3876953144878943, 'noise_stn_sigma': 2.1738759944918202, 'noise_gpe_sigma': 91.30883931005101, 'noise_gpi_sigma': 52.41489939793144, 'g_stn_gpe_mult': 1.2375599212949648, 'g_gpe_stn_mult': 1.1539689413447936, 'g_stn_gpi_mult': 1.1304192948633784, 'g_gpe_gpi_mult': 1.2212689290336285}. Best is trial 102 with value: 0.29735011365907316.
[I 2026-05-28 22:35:52,748] Trial 111 finished with value: 5.215822894393784 and parameters: {'ISTN': 146.33722243544668, 'I_gpe': 3.25327429824857, 'I_gpi': 2.8764190846741706, 'noise_stn_sigma': 3.178263692676781, 'noise_gpe_sigma': 54.95116861109861, 'noise_gpi_sigma': 58.09246955576813, 'g_stn_gpe_mult': 1.3676076048266086, 'g_gpe_stn_mult': 1.01076208427104, 'g_stn_gpi_mult': 1.5806678682235025, 'g_gpe_gpi_mult': 1.3488968577181784}. Best is trial 102 with value: 0.29735011365907316.
[I 2026-05-28 22:35:53,754] Trial 112 finished with value: 73.97609152383097 and parameters: {'ISTN': 146.92366956441305, 'I_gpe': 2.384592697136738, 'I_gpi': 2.7996126898656715, 'noise_stn_sigma': 4.647019044235291, 'noise_gpe_sigma': 25.167639576212572, 'noise_gpi_sigma': 55.90833191886966, 'g_stn_gpe_mult': 1.4172674393720377, 'g_gpe_stn_mult': 0.9336829830965748, 'g_stn_gpi_mult': 1.2360502365639792, 'g_gpe_gpi_mult': 1.5341549346359398}. Best is trial 102 with value: 0.29735011365907316.
[I 2026-05-28 22:35:54,760] Trial 113 finished with value: 8.42085812573317 and parameters: {'ISTN': 161.10261225822936, 'I_gpe': 3.7018746783873615, 'I_gpi': 3.9933474006016647, 'noise_stn_sigma': 3.542339993600373, 'noise_gpe_sigma': 34.29874758898255, 'noise_gpi_sigma': 60.22017199299885, 'g_stn_gpe_mult': 0.8393107939241161, 'g_gpe_stn_mult': 0.9756488165507236, 'g_stn_gpi_mult': 1.4555548205336521, 'g_gpe_gpi_mult': 1.0400660333664655}. Best is trial 102 with value: 0.29735011365907316.
[I 2026-05-28 22:35:55,760] Trial 114 finished with value: 105.52776519825251 and parameters: {'ISTN': 143.5719697699686, 'I_gpe': 4.104960936124046, 'I_gpi': 3.0242086573990865, 'noise_stn_sigma': 4.352069498430577, 'noise_gpe_sigma': 36.012188639407, 'noise_gpi_sigma': 52.087292485346396, 'g_stn_gpe_mult': 1.0833838913260039, 'g_gpe_stn_mult': 1.0767789476995142, 'g_stn_gpi_mult': 1.1991391730545136, 'g_gpe_gpi_mult': 1.5081040133639714}. Best is trial 102 with value: 0.29735011365907316.
[I 2026-05-28 22:35:56,766] Trial 115 finished with value: 105.98460471024619 and parameters: {'ISTN': 165.7712096108093, 'I_gpe': 5.219074982802625, 'I_gpi': 2.6277212836380315, 'noise_stn_sigma': 4.083238417521526, 'noise_gpe_sigma': 55.71098192754558, 'noise_gpi_sigma': 66.13823110685101, 'g_stn_gpe_mult': 1.1807951492959428, 'g_gpe_stn_mult': 0.8699793693648246, 'g_stn_gpi_mult': 1.486670484053466, 'g_gpe_gpi_mult': 1.4370376116873127}. Best is trial 102 with value: 0.29735011365907316.
[I 2026-05-28 22:35:57,768] Trial 116 finished with value: 105.38460915201082 and parameters: {'ISTN': 133.32671976986938, 'I_gpe': 3.821187385965446, 'I_gpi': 1.8898889225119557, 'noise_stn_sigma': 4.2381623440186456, 'noise_gpe_sigma': 51.372271083081706, 'noise_gpi_sigma': 60.304502140294844, 'g_stn_gpe_mult': 1.1381680121668016, 'g_gpe_stn_mult': 0.9904963932414178, 'g_stn_gpi_mult': 1.3134970171758975, 'g_gpe_gpi_mult': 1.374685195745448}. Best is trial 102 with value: 0.29735011365907316.
[I 2026-05-28 22:35:58,771] Trial 117 finished with value: 106.1164775757676 and parameters: {'ISTN': 141.66716728411453, 'I_gpe': 3.776422255400198, 'I_gpi': 3.7775146167900275, 'noise_stn_sigma': 4.135590737394552, 'noise_gpe_sigma': 36.51549777620088, 'noise_gpi_sigma': 40.061864244578295, 'g_stn_gpe_mult': 1.202516374680271, 'g_gpe_stn_mult': 1.0446392975829655, 'g_stn_gpi_mult': 1.322614829158412, 'g_gpe_gpi_mult': 1.263139995538218}. Best is trial 102 with value: 0.29735011365907316.
[I 2026-05-28 22:35:59,783] Trial 118 finished with value: 34.6865696977972 and parameters: {'ISTN': 146.84769352902856, 'I_gpe': 3.727921250676194, 'I_gpi': 2.549830378155185, 'noise_stn_sigma': 3.701490555736341, 'noise_gpe_sigma': 23.362540184985175, 'noise_gpi_sigma': 46.645173942934385, 'g_stn_gpe_mult': 1.4224065390111, 'g_gpe_stn_mult': 0.8229321320200219, 'g_stn_gpi_mult': 1.0352272672932112, 'g_gpe_gpi_mult': 1.4087294258225949}. Best is trial 102 with value: 0.29735011365907316.
[I 2026-05-28 22:36:00,786] Trial 119 finished with value: 106.61471035931324 and parameters: {'ISTN': 150.87788028420402, 'I_gpe': 4.05255191923467, 'I_gpi': 4.177393143003833, 'noise_stn_sigma': 3.978192492855211, 'noise_gpe_sigma': 24.437574950966127, 'noise_gpi_sigma': 53.32966399773146, 'g_stn_gpe_mult': 1.0681259689195206, 'g_gpe_stn_mult': 0.956002867607198, 'g_stn_gpi_mult': 1.344355768306712, 'g_gpe_gpi_mult': 1.3566727968955912}. Best is trial 102 with value: 0.29735011365907316.
[I 2026-05-28 22:36:01,792] Trial 120 finished with value: 3.0936702736468638 and parameters: {'ISTN': 135.99124577681044, 'I_gpe': 4.233961177591224, 'I_gpi': 2.653984785873326, 'noise_stn_sigma': 4.165360216890312, 'noise_gpe_sigma': 41.88947823197317, 'noise_gpi_sigma': 52.608916232644624, 'g_stn_gpe_mult': 0.9509244891868318, 'g_gpe_stn_mult': 0.8087625846466087, 'g_stn_gpi_mult': 1.1106060446967807, 'g_gpe_gpi_mult': 1.4775539762722754}. Best is trial 102 with value: 0.29735011365907316.
[I 2026-05-28 22:36:02,800] Trial 121 finished with value: 8.655290902828717 and parameters: {'ISTN': 139.3611661002515, 'I_gpe': 4.81484084102917, 'I_gpi': 2.3175424614294453, 'noise_stn_sigma': 3.1095428158427056, 'noise_gpe_sigma': 30.12542648233642, 'noise_gpi_sigma': 48.078316135431706, 'g_stn_gpe_mult': 1.046438509143882, 'g_gpe_stn_mult': 0.6712619231356158, 'g_stn_gpi_mult': 1.2612303500907305, 'g_gpe_gpi_mult': 1.4828901102184207}. Best is trial 102 with value: 0.29735011365907316.
[I 2026-05-28 22:36:03,808] Trial 122 finished with value: 84.9697840211383 and parameters: {'ISTN': 151.21387708108767, 'I_gpe': 2.8070499854672706, 'I_gpi': 2.0948315729814375, 'noise_stn_sigma': 4.803967296377442, 'noise_gpe_sigma': 29.690331488428047, 'noise_gpi_sigma': 58.33248811358323, 'g_stn_gpe_mult': 0.989552311897129, 'g_gpe_stn_mult': 0.8774723644724437, 'g_stn_gpi_mult': 1.2729592005210026, 'g_gpe_gpi_mult': 1.4572189723129045}. Best is trial 102 with value: 0.29735011365907316.
[I 2026-05-28 22:36:04,812] Trial 123 finished with value: 0.4217747466846889 and parameters: {'ISTN': 138.78716194878177, 'I_gpe': 4.0824343308885265, 'I_gpi': 2.875508596005533, 'noise_stn_sigma': 4.007292050842398, 'noise_gpe_sigma': 56.7979646826005, 'noise_gpi_sigma': 42.72428058367805, 'g_stn_gpe_mult': 1.0372473024456896, 'g_gpe_stn_mult': 0.8369038860817313, 'g_stn_gpi_mult': 1.257207298818835, 'g_gpe_gpi_mult': 1.5540737832057432}. Best is trial 102 with value: 0.29735011365907316.
[I 2026-05-28 22:36:05,819] Trial 124 finished with value: 106.05804936022085 and parameters: {'ISTN': 151.08529743327614, 'I_gpe': 5.107066778802818, 'I_gpi': 3.0573353097254397, 'noise_stn_sigma': 4.9183066283917665, 'noise_gpe_sigma': 43.914436672326026, 'noise_gpi_sigma': 68.94052964026031, 'g_stn_gpe_mult': 1.1856639201044483, 'g_gpe_stn_mult': 0.9308737957390514, 'g_stn_gpi_mult': 1.4197265286178502, 'g_gpe_gpi_mult': 1.4893111213402712}. Best is trial 102 with value: 0.29735011365907316.
[I 2026-05-28 22:36:06,822] Trial 125 finished with value: 106.4705756489271 and parameters: {'ISTN': 140.95091982693359, 'I_gpe': 5.13150984128056, 'I_gpi': 1.1885641818064525, 'noise_stn_sigma': 3.935419906906722, 'noise_gpe_sigma': 57.057287216836, 'noise_gpi_sigma': 51.50266278062348, 'g_stn_gpe_mult': 0.8631408706028093, 'g_gpe_stn_mult': 0.8319631435075372, 'g_stn_gpi_mult': 1.3673575402549867, 'g_gpe_gpi_mult': 1.559569711238783}. Best is trial 102 with value: 0.29735011365907316.
[I 2026-05-28 22:36:07,825] Trial 126 finished with value: 105.58363194558868 and parameters: {'ISTN': 148.3980851777547, 'I_gpe': 4.218914915226156, 'I_gpi': 3.0267971262353663, 'noise_stn_sigma': 3.5628171709023784, 'noise_gpe_sigma': 36.17621732669433, 'noise_gpi_sigma': 46.399067715979335, 'g_stn_gpe_mult': 0.9128285769912886, 'g_gpe_stn_mult': 1.0939026653944133, 'g_stn_gpi_mult': 1.064578382022625, 'g_gpe_gpi_mult': 1.150654132126564}. Best is trial 102 with value: 0.29735011365907316.
[I 2026-05-28 22:36:08,833] Trial 127 finished with value: 92.70475390133016 and parameters: {'ISTN': 153.5379037186422, 'I_gpe': 2.2214529882366776, 'I_gpi': 2.163961055552064, 'noise_stn_sigma': 4.184939500453658, 'noise_gpe_sigma': 26.88709968420932, 'noise_gpi_sigma': 45.070639454272175, 'g_stn_gpe_mult': 1.3424539148785914, 'g_gpe_stn_mult': 0.932599422376698, 'g_stn_gpi_mult': 1.0695436537657674, 'g_gpe_gpi_mult': 1.4961566468256469}. Best is trial 102 with value: 0.29735011365907316.
[I 2026-05-28 22:36:09,841] Trial 128 finished with value: 22.715802746350832 and parameters: {'ISTN': 155.60660140710468, 'I_gpe': 3.2492560363109204, 'I_gpi': 2.6056797127961224, 'noise_stn_sigma': 4.463887591438987, 'noise_gpe_sigma': 26.859352563971523, 'noise_gpi_sigma': 63.01393872487212, 'g_stn_gpe_mult': 1.1281352221049896, 'g_gpe_stn_mult': 1.0080577370738615, 'g_stn_gpi_mult': 1.447959187292692, 'g_gpe_gpi_mult': 1.3580544274099924}. Best is trial 102 with value: 0.29735011365907316.
[I 2026-05-28 22:36:10,851] Trial 129 finished with value: 35.33209995346631 and parameters: {'ISTN': 133.34003402431617, 'I_gpe': 3.6461190534738894, 'I_gpi': 3.47657382657758, 'noise_stn_sigma': 4.309482066724925, 'noise_gpe_sigma': 41.866978765383706, 'noise_gpi_sigma': 51.02425987706894, 'g_stn_gpe_mult': 1.2710414576877127, 'g_gpe_stn_mult': 0.7538402898518024, 'g_stn_gpi_mult': 1.4775127549558196, 'g_gpe_gpi_mult': 1.4496330773164767}. Best is trial 102 with value: 0.29735011365907316.
[I 2026-05-28 22:36:11,801] Trial 130 finished with value: 1000000.0 and parameters: {'ISTN': 127.13961882290295, 'I_gpe': 5.914559994208361, 'I_gpi': 3.902816895480812, 'noise_stn_sigma': 3.597869808743303, 'noise_gpe_sigma': 57.05931085371388, 'noise_gpi_sigma': 65.43133666658282, 'g_stn_gpe_mult': 1.1322562579396593, 'g_gpe_stn_mult': 1.0345041552862853, 'g_stn_gpi_mult': 1.2679235535589368, 'g_gpe_gpi_mult': 1.263117217186526}. Best is trial 102 with value: 0.29735011365907316.
[I 2026-05-28 22:36:12,804] Trial 131 finished with value: 105.48671605333526 and parameters: {'ISTN': 120.02945792351136, 'I_gpe': 4.528971328288549, 'I_gpi': 2.519845659318319, 'noise_stn_sigma': 4.635905164596157, 'noise_gpe_sigma': 54.92153500727683, 'noise_gpi_sigma': 56.44318956026204, 'g_stn_gpe_mult': 0.9273392562611343, 'g_gpe_stn_mult': 1.0269724465941064, 'g_stn_gpi_mult': 1.286154104913028, 'g_gpe_gpi_mult': 1.6681550890180892}. Best is trial 102 with value: 0.29735011365907316.
