[I 2026-05-28 22:59:12,141] Trial 484 finished with value: 4.098327666703609 and parameters: {'ISTN': 122.40388938299601, 'I_gpe': 3.45208808192215, 'I_gpi': 2.177283769912388, 'noise_stn_sigma': 4.895778603556917, 'noise_gpe_sigma': 41.283987291187465, 'noise_gpi_sigma': 60.922727696000074, 'g_stn_gpe_mult': 1.7219227879666086, 'g_gpe_stn_mult': 0.929704980660297, 'g_stn_gpi_mult': 1.4680574686814383, 'g_gpe_gpi_mult': 1.207262121480684}. Best is trial 471 with value: 0.11861943354202514.
[I 2026-05-28 22:59:13,147] Trial 485 finished with value: 6.4110441636617175 and parameters: {'ISTN': 115.06953457734744, 'I_gpe': 3.132236900741713, 'I_gpi': 1.7550152827425038, 'noise_stn_sigma': 4.25019719281952, 'noise_gpe_sigma': 25.941599824668707, 'noise_gpi_sigma': 74.96620381660635, 'g_stn_gpe_mult': 1.582455533238563, 'g_gpe_stn_mult': 0.8127995362812769, 'g_stn_gpi_mult': 1.7169586199745177, 'g_gpe_gpi_mult': 0.9902990919421212}. Best is trial 471 with value: 0.11861943354202514.
[I 2026-05-28 22:59:14,153] Trial 486 finished with value: 16.752025824918334 and parameters: {'ISTN': 128.1704682742548, 'I_gpe': 3.5861914843400067, 'I_gpi': 2.639208680035954, 'noise_stn_sigma': 4.084124029037959, 'noise_gpe_sigma': 49.745886695297784, 'noise_gpi_sigma': 67.60421066736406, 'g_stn_gpe_mult': 1.8443258496792685, 'g_gpe_stn_mult': 0.7742135959808985, 'g_stn_gpi_mult': 1.1204722856923826, 'g_gpe_gpi_mult': 1.0634271054644944}. Best is trial 471 with value: 0.11861943354202514.
[I 2026-05-28 22:59:15,156] Trial 487 finished with value: 2.5217337236084703 and parameters: {'ISTN': 117.45933417525745, 'I_gpe': 4.080745273457185, 'I_gpi': 2.0871261021303917, 'noise_stn_sigma': 4.961251712283231, 'noise_gpe_sigma': 33.32475192062303, 'noise_gpi_sigma': 65.73653610978826, 'g_stn_gpe_mult': 1.8487769518284503, 'g_gpe_stn_mult': 0.7476171299312014, 'g_stn_gpi_mult': 1.4247850037974625, 'g_gpe_gpi_mult': 1.2825043827928406}. Best is trial 471 with value: 0.11861943354202514.
[I 2026-05-28 22:59:16,157] Trial 488 finished with value: 2.2170660524188754 and parameters: {'ISTN': 112.41985547643768, 'I_gpe': 2.988559047549834, 'I_gpi': 2.152404685020171, 'noise_stn_sigma': 3.9210367086459805, 'noise_gpe_sigma': 39.68150467293029, 'noise_gpi_sigma': 71.20300590463592, 'g_stn_gpe_mult': 1.5457171984592695, 'g_gpe_stn_mult': 0.9489498687779461, 'g_stn_gpi_mult': 1.6203141629759747, 'g_gpe_gpi_mult': 1.1731229557075307}. Best is trial 471 with value: 0.11861943354202514.
[I 2026-05-28 22:59:17,163] Trial 489 finished with value: 1.3625893033109326 and parameters: {'ISTN': 121.55478867710706, 'I_gpe': 4.097871848968714, 'I_gpi': 2.4779686499551223, 'noise_stn_sigma': 4.894263852884861, 'noise_gpe_sigma': 48.812271682024054, 'noise_gpi_sigma': 66.12453931612677, 'g_stn_gpe_mult': 1.8354827620112228, 'g_gpe_stn_mult': 0.7595008332653355, 'g_stn_gpi_mult': 1.4702215399561744, 'g_gpe_gpi_mult': 1.2147073481868256}. Best is trial 471 with value: 0.11861943354202514.
[I 2026-05-28 22:59:18,169] Trial 490 finished with value: 0.2922818392318916 and parameters: {'ISTN': 96.06875938504402, 'I_gpe': 3.2757230919722677, 'I_gpi': 2.693293926932969, 'noise_stn_sigma': 4.660671102642242, 'noise_gpe_sigma': 37.338107422750696, 'noise_gpi_sigma': 82.73345041496744, 'g_stn_gpe_mult': 1.5593753758554483, 'g_gpe_stn_mult': 0.7490496847469456, 'g_stn_gpi_mult': 1.5474645762185395, 'g_gpe_gpi_mult': 1.178205809962383}. Best is trial 471 with value: 0.11861943354202514.
[I 2026-05-28 22:59:19,175] Trial 491 finished with value: 0.136949037021036 and parameters: {'ISTN': 98.90411899514686, 'I_gpe': 3.33205870816481, 'I_gpi': 2.176665758032536, 'noise_stn_sigma': 4.131428255842423, 'noise_gpe_sigma': 43.5225249253817, 'noise_gpi_sigma': 65.41912609574507, 'g_stn_gpe_mult': 1.92417223373427, 'g_gpe_stn_mult': 0.7493980346829305, 'g_stn_gpi_mult': 1.571174046314705, 'g_gpe_gpi_mult': 0.9832610460639719}. Best is trial 471 with value: 0.11861943354202514.
[I 2026-05-28 22:59:20,182] Trial 492 finished with value: 1.7211577510523834 and parameters: {'ISTN': 114.49707181427266, 'I_gpe': 3.947953768715204, 'I_gpi': 2.7435817555679223, 'noise_stn_sigma': 4.322222654122869, 'noise_gpe_sigma': 28.18942814520191, 'noise_gpi_sigma': 70.29521441438693, 'g_stn_gpe_mult': 1.6797156372745943, 'g_gpe_stn_mult': 0.7386657378349921, 'g_stn_gpi_mult': 1.8221240587106873, 'g_gpe_gpi_mult': 0.9745457833948241}. Best is trial 471 with value: 0.11861943354202514.
[I 2026-05-28 22:59:21,186] Trial 493 finished with value: 7.215807032380497 and parameters: {'ISTN': 129.54287828403787, 'I_gpe': 3.8304759529383476, 'I_gpi': 3.4995271039327003, 'noise_stn_sigma': 4.984666671539721, 'noise_gpe_sigma': 29.92115589716107, 'noise_gpi_sigma': 68.67047708397396, 'g_stn_gpe_mult': 1.5270918676222143, 'g_gpe_stn_mult': 0.7806901225448372, 'g_stn_gpi_mult': 1.9617668032072264, 'g_gpe_gpi_mult': 1.1077602705294658}. Best is trial 471 with value: 0.11861943354202514.
[I 2026-05-28 22:59:22,189] Trial 494 finished with value: 2.066971725907759 and parameters: {'ISTN': 128.98794263158365, 'I_gpe': 3.383981685652592, 'I_gpi': 1.9988842262122846, 'noise_stn_sigma': 4.13225567658116, 'noise_gpe_sigma': 47.595397318903586, 'noise_gpi_sigma': 78.963107661538, 'g_stn_gpe_mult': 1.6288419625937212, 'g_gpe_stn_mult': 0.9544470906887664, 'g_stn_gpi_mult': 1.6354552484435767, 'g_gpe_gpi_mult': 0.8713594877446709}. Best is trial 471 with value: 0.11861943354202514.
[I 2026-05-28 22:59:23,191] Trial 495 finished with value: 1.9286962445781548 and parameters: {'ISTN': 122.6721044029002, 'I_gpe': 3.402440626530276, 'I_gpi': 2.9081075633881963, 'noise_stn_sigma': 4.297652621366167, 'noise_gpe_sigma': 47.1309682101787, 'noise_gpi_sigma': 69.53338056707398, 'g_stn_gpe_mult': 1.7673386929260446, 'g_gpe_stn_mult': 0.9078044234797357, 'g_stn_gpi_mult': 1.3502682443651666, 'g_gpe_gpi_mult': 0.9641048656706536}. Best is trial 471 with value: 0.11861943354202514.
[I 2026-05-28 22:59:24,197] Trial 496 finished with value: 0.8731758449020638 and parameters: {'ISTN': 113.2773940338343, 'I_gpe': 3.4294115838690487, 'I_gpi': 2.9915437620959318, 'noise_stn_sigma': 4.14096816189895, 'noise_gpe_sigma': 38.36329777807286, 'noise_gpi_sigma': 85.61824142910591, 'g_stn_gpe_mult': 1.8258138922684397, 'g_gpe_stn_mult': 0.7923516411823958, 'g_stn_gpi_mult': 1.5106724905665565, 'g_gpe_gpi_mult': 1.02508702379594}. Best is trial 471 with value: 0.11861943354202514.
[I 2026-05-28 22:59:25,203] Trial 497 finished with value: 2.29175931630527 and parameters: {'ISTN': 114.88691761880415, 'I_gpe': 4.267799268409211, 'I_gpi': 2.2877632280206104, 'noise_stn_sigma': 4.493764021582732, 'noise_gpe_sigma': 42.85559169596872, 'noise_gpi_sigma': 77.48097346832478, 'g_stn_gpe_mult': 1.7046439993950302, 'g_gpe_stn_mult': 0.6569608485921585, 'g_stn_gpi_mult': 1.9254519822492968, 'g_gpe_gpi_mult': 1.211321058157777}. Best is trial 471 with value: 0.11861943354202514.
[I 2026-05-28 22:59:26,209] Trial 498 finished with value: 0.509732022175558 and parameters: {'ISTN': 105.0028295271458, 'I_gpe': 3.3874132550278033, 'I_gpi': 2.3173093426352445, 'noise_stn_sigma': 4.119727643667504, 'noise_gpe_sigma': 34.76220057825864, 'noise_gpi_sigma': 76.97590599454627, 'g_stn_gpe_mult': 1.6640281732874236, 'g_gpe_stn_mult': 0.7539405662375434, 'g_stn_gpi_mult': 1.7118255007544183, 'g_gpe_gpi_mult': 1.103074983198359}. Best is trial 471 with value: 0.11861943354202514.
[I 2026-05-28 22:59:27,218] Trial 499 finished with value: 17.401399106047908 and parameters: {'ISTN': 114.17256994400009, 'I_gpe': 3.3719684759866038, 'I_gpi': 2.3189549731256367, 'noise_stn_sigma': 3.728887052708915, 'noise_gpe_sigma': 36.15497610329328, 'noise_gpi_sigma': 80.51610064008698, 'g_stn_gpe_mult': 1.5761929625564584, 'g_gpe_stn_mult': 0.7169865802700262, 'g_stn_gpi_mult': 1.6165911308450645, 'g_gpe_gpi_mult': 0.897318490019514}. Best is trial 471 with value: 0.11861943354202514.
JAX devices: [CudaDevice(id=0)]

Building 450-neuron HH network...
Warming up JIT...
JIT ready!

============================================================
HH Network Optimization - Healthy State (10 params)
============================================================
Network: 100/200/150 neurons
Targets: STN=20.0Hz, GPe=70.0Hz, GPi=80.0Hz
         Beta_GPe < 5% (penalty weight=15.0x)
============================================================

============================================================
OPTIMIZATION COMPLETE
============================================================
Time: 8.4 minutes (1006ms/trial)
Best score: 0.1186

Best intrinsic parameters:
  ISTN: 115.895
  I_gpe: 3.585
  I_gpi: 2.234
  noise_stn_sigma: 4.692
  noise_gpe_sigma: 49.494
  noise_gpi_sigma: 75.865

Best synaptic multipliers:
  g_stn_gpe_mult: 1.690
  g_gpe_stn_mult: 0.804
  g_stn_gpi_mult: 1.280
  g_gpe_gpi_mult: 1.126

Best metrics:
  STN: 20.0 Hz (target: 20.0)
  GPe: 70.2 Hz (target: 70.0)
  GPi: 79.6 Hz (target: 80.0)
  STN CV: 0.22 (target: 0.4)
  GPe CV: 0.13 (target: 0.35)
  GPi CV: 0.22 (target: 0.2)

  GPe Beta: 0.9% (target: <5%)
  STN Beta: 2.6%

Results saved to results/sensitivity2/healthy_seeds/healthy_seed123.pkl
