[I 2026-05-28 22:45:31,160] Trial 176 finished with value: 18.758074474991435 and parameters: {'ISTN': 136.7890927043651, 'I_gpe': 1.4439860713821666, 'I_gpi': 2.5794855383251525, 'noise_stn_sigma': 2.6754334668019486, 'noise_gpe_sigma': 21.430611324290922, 'noise_gpi_sigma': 46.579837188931826, 'g_stn_gpe_mult': 1.6052979079214127, 'g_gpe_stn_mult': 1.5370340058583294, 'g_stn_gpi_mult': 1.626403676273793, 'g_gpe_gpi_mult': 0.9912069954594993}. Best is trial 80 with value: 0.9098163370921998.
[I 2026-05-28 22:45:32,165] Trial 177 finished with value: 61.86074602399844 and parameters: {'ISTN': 150.50054425031522, 'I_gpe': 1.6513212462241504, 'I_gpi': 1.3970915050503678, 'noise_stn_sigma': 2.342446468023873, 'noise_gpe_sigma': 18.879547369485998, 'noise_gpi_sigma': 40.355901977316634, 'g_stn_gpe_mult': 1.4568140741128328, 'g_gpe_stn_mult': 1.3389162722496408, 'g_stn_gpi_mult': 1.674069513040123, 'g_gpe_gpi_mult': 0.8787581721077408}. Best is trial 80 with value: 0.9098163370921998.
[I 2026-05-28 22:45:33,165] Trial 178 finished with value: 1.995341506394373 and parameters: {'ISTN': 141.8265665289886, 'I_gpe': 1.7168124846811093, 'I_gpi': 2.5759775223375847, 'noise_stn_sigma': 1.520952079277089, 'noise_gpe_sigma': 22.39789448833285, 'noise_gpi_sigma': 46.573033382284294, 'g_stn_gpe_mult': 1.627939509767443, 'g_gpe_stn_mult': 1.6547824394442183, 'g_stn_gpi_mult': 1.7726889674334885, 'g_gpe_gpi_mult': 0.8667553390805082}. Best is trial 80 with value: 0.9098163370921998.
[I 2026-05-28 22:45:34,171] Trial 179 finished with value: 36.30411449555797 and parameters: {'ISTN': 139.97700887939226, 'I_gpe': 1.428727385997548, 'I_gpi': 1.1060929363008623, 'noise_stn_sigma': 2.0998808253437504, 'noise_gpe_sigma': 12.199920343099855, 'noise_gpi_sigma': 20.458730889679472, 'g_stn_gpe_mult': 1.8148238726708252, 'g_gpe_stn_mult': 1.4381312958644155, 'g_stn_gpi_mult': 1.533899152814056, 'g_gpe_gpi_mult': 0.7587708137381872}. Best is trial 80 with value: 0.9098163370921998.
[I 2026-05-28 22:45:35,175] Trial 180 finished with value: 3.255985567373996 and parameters: {'ISTN': 136.63039954534858, 'I_gpe': 1.522217153899482, 'I_gpi': 1.1547555630848898, 'noise_stn_sigma': 2.8016349819455866, 'noise_gpe_sigma': 27.15260905189136, 'noise_gpi_sigma': 51.04525965696995, 'g_stn_gpe_mult': 1.8058278149823497, 'g_gpe_stn_mult': 1.5876590842934788, 'g_stn_gpi_mult': 1.3646146629620444, 'g_gpe_gpi_mult': 0.9804681822451327}. Best is trial 80 with value: 0.9098163370921998.
[I 2026-05-28 22:45:36,175] Trial 181 finished with value: 105.51834118065275 and parameters: {'ISTN': 154.6766361751899, 'I_gpe': 2.987102874934245, 'I_gpi': 2.8457956828985536, 'noise_stn_sigma': 1.8538627261250957, 'noise_gpe_sigma': 33.88722733706538, 'noise_gpi_sigma': 50.32420964994338, 'g_stn_gpe_mult': 1.530748005325103, 'g_gpe_stn_mult': 1.5288927972323034, 'g_stn_gpi_mult': 1.5455336543915819, 'g_gpe_gpi_mult': 0.8338927210132625}. Best is trial 80 with value: 0.9098163370921998.
[I 2026-05-28 22:45:37,178] Trial 182 finished with value: 4.018739417220111 and parameters: {'ISTN': 148.7455941027295, 'I_gpe': 1.563568400496488, 'I_gpi': 2.079250852817207, 'noise_stn_sigma': 2.2396403499136466, 'noise_gpe_sigma': 26.07600795643026, 'noise_gpi_sigma': 53.47039180965207, 'g_stn_gpe_mult': 1.727927466917642, 'g_gpe_stn_mult': 1.6812666570555037, 'g_stn_gpi_mult': 1.5992970161232412, 'g_gpe_gpi_mult': 0.9336310788629623}. Best is trial 80 with value: 0.9098163370921998.
[I 2026-05-28 22:45:38,177] Trial 183 finished with value: 4.100068484713685 and parameters: {'ISTN': 145.74101989682097, 'I_gpe': 1.9147198687688607, 'I_gpi': 1.932820886824007, 'noise_stn_sigma': 2.4202862251217567, 'noise_gpe_sigma': 25.297595300057935, 'noise_gpi_sigma': 42.39648259107209, 'g_stn_gpe_mult': 1.5828707710576646, 'g_gpe_stn_mult': 1.6473662328975909, 'g_stn_gpi_mult': 1.5687131981480138, 'g_gpe_gpi_mult': 1.0298066217921333}. Best is trial 80 with value: 0.9098163370921998.
[I 2026-05-28 22:45:39,182] Trial 184 finished with value: 42.968264654106115 and parameters: {'ISTN': 162.72346595656973, 'I_gpe': 1.5748449628369516, 'I_gpi': 2.450489209208139, 'noise_stn_sigma': 3.212619569732148, 'noise_gpe_sigma': 33.77152235254888, 'noise_gpi_sigma': 52.18575001844203, 'g_stn_gpe_mult': 1.3410706157047265, 'g_gpe_stn_mult': 1.6078771702190573, 'g_stn_gpi_mult': 1.656166765839257, 'g_gpe_gpi_mult': 1.0539057219956143}. Best is trial 80 with value: 0.9098163370921998.
[I 2026-05-28 22:45:40,186] Trial 185 finished with value: 8.286086827540666 and parameters: {'ISTN': 130.93099323950486, 'I_gpe': 1.4104413443395512, 'I_gpi': 2.7030439036705465, 'noise_stn_sigma': 2.0710532355401146, 'noise_gpe_sigma': 20.300069852105665, 'noise_gpi_sigma': 39.92954766220856, 'g_stn_gpe_mult': 1.5601404413163935, 'g_gpe_stn_mult': 1.5904165782356414, 'g_stn_gpi_mult': 1.6938667245596335, 'g_gpe_gpi_mult': 0.9299507362886115}. Best is trial 80 with value: 0.9098163370921998.
[I 2026-05-28 22:45:41,190] Trial 186 finished with value: 14.553427789104092 and parameters: {'ISTN': 133.53054549908572, 'I_gpe': 1.1915686480370684, 'I_gpi': 1.6653558021652264, 'noise_stn_sigma': 1.8576968572310117, 'noise_gpe_sigma': 27.370979593259253, 'noise_gpi_sigma': 44.48704179154531, 'g_stn_gpe_mult': 1.5198745526362976, 'g_gpe_stn_mult': 1.706581643742905, 'g_stn_gpi_mult': 1.8602940333591258, 'g_gpe_gpi_mult': 0.8852113931900392}. Best is trial 80 with value: 0.9098163370921998.
[I 2026-05-28 22:45:42,193] Trial 187 finished with value: 16.931450866370547 and parameters: {'ISTN': 122.02171713463594, 'I_gpe': 1.1939510037210899, 'I_gpi': 2.039499585970442, 'noise_stn_sigma': 2.10152946020286, 'noise_gpe_sigma': 17.701632902350653, 'noise_gpi_sigma': 35.37759367882827, 'g_stn_gpe_mult': 1.7905598991277947, 'g_gpe_stn_mult': 1.4692566142985313, 'g_stn_gpi_mult': 1.5991006429722865, 'g_gpe_gpi_mult': 0.8295877802034914}. Best is trial 80 with value: 0.9098163370921998.
[I 2026-05-28 22:45:43,193] Trial 188 finished with value: 3.701910784288757 and parameters: {'ISTN': 149.9942853498612, 'I_gpe': 1.7890222310880173, 'I_gpi': 2.3405565494507226, 'noise_stn_sigma': 2.1178494442280273, 'noise_gpe_sigma': 26.2718370332075, 'noise_gpi_sigma': 50.38272286819761, 'g_stn_gpe_mult': 1.8663567080148638, 'g_gpe_stn_mult': 1.7726403709637875, 'g_stn_gpi_mult': 1.6282963199228457, 'g_gpe_gpi_mult': 0.9418670759232409}. Best is trial 80 with value: 0.9098163370921998.
[I 2026-05-28 22:45:44,195] Trial 189 finished with value: 1.219438615049745 and parameters: {'ISTN': 150.6263378360764, 'I_gpe': 1.632716662633916, 'I_gpi': 2.164717101838911, 'noise_stn_sigma': 1.249895754554372, 'noise_gpe_sigma': 30.5266838273949, 'noise_gpi_sigma': 40.29158805072762, 'g_stn_gpe_mult': 1.7323800957864715, 'g_gpe_stn_mult': 1.7140706591428467, 'g_stn_gpi_mult': 1.5490312747407113, 'g_gpe_gpi_mult': 0.8914493970876336}. Best is trial 80 with value: 0.9098163370921998.
[I 2026-05-28 22:45:45,197] Trial 190 finished with value: 0.9288576287931543 and parameters: {'ISTN': 147.5583967978577, 'I_gpe': 1.9063734049256336, 'I_gpi': 2.330044804523535, 'noise_stn_sigma': 2.1130127337901463, 'noise_gpe_sigma': 20.82841845596091, 'noise_gpi_sigma': 40.49062248061375, 'g_stn_gpe_mult': 1.6716012266803622, 'g_gpe_stn_mult': 1.5003301097462578, 'g_stn_gpi_mult': 1.5772382929264879, 'g_gpe_gpi_mult': 1.1144972138650102}. Best is trial 80 with value: 0.9098163370921998.
[I 2026-05-28 22:45:46,197] Trial 191 finished with value: 105.98717263351699 and parameters: {'ISTN': 141.10014692247017, 'I_gpe': 2.320863104116933, 'I_gpi': 3.5433719481847064, 'noise_stn_sigma': 2.429107447337966, 'noise_gpe_sigma': 25.459681729080295, 'noise_gpi_sigma': 51.28680376395686, 'g_stn_gpe_mult': 1.7243086878842313, 'g_gpe_stn_mult': 1.4402225763525391, 'g_stn_gpi_mult': 1.5781085516070774, 'g_gpe_gpi_mult': 1.0384486457937745}. Best is trial 80 with value: 0.9098163370921998.
[I 2026-05-28 22:45:47,204] Trial 192 finished with value: 50.256302183138864 and parameters: {'ISTN': 147.61161384096906, 'I_gpe': 1.3594376441064575, 'I_gpi': 3.5916187943786566, 'noise_stn_sigma': 2.2454767352521263, 'noise_gpe_sigma': 19.60725092987485, 'noise_gpi_sigma': 23.641320740613814, 'g_stn_gpe_mult': 1.7318016705671462, 'g_gpe_stn_mult': 1.496186277309292, 'g_stn_gpi_mult': 1.490371758388864, 'g_gpe_gpi_mult': 0.9027839714808993}. Best is trial 80 with value: 0.9098163370921998.
[I 2026-05-28 22:45:48,210] Trial 193 finished with value: 25.10886912158322 and parameters: {'ISTN': 145.32789197709803, 'I_gpe': 1.2211458737755794, 'I_gpi': 2.2708691897964774, 'noise_stn_sigma': 1.874890275203187, 'noise_gpe_sigma': 26.879450126502306, 'noise_gpi_sigma': 48.19511827680105, 'g_stn_gpe_mult': 1.8438148514955581, 'g_gpe_stn_mult': 1.652228042192416, 'g_stn_gpi_mult': 1.5924888077005876, 'g_gpe_gpi_mult': 0.9664101216610717}. Best is trial 80 with value: 0.9098163370921998.
[I 2026-05-28 22:45:49,211] Trial 194 finished with value: 105.80893179613224 and parameters: {'ISTN': 153.9258082321873, 'I_gpe': 3.4243852534398163, 'I_gpi': 1.329016547116754, 'noise_stn_sigma': 1.630711749741598, 'noise_gpe_sigma': 19.825633287223475, 'noise_gpi_sigma': 37.287783842135525, 'g_stn_gpe_mult': 1.5411258756899764, 'g_gpe_stn_mult': 1.4222743444997028, 'g_stn_gpi_mult': 1.7272892397992674, 'g_gpe_gpi_mult': 1.1435170336405698}. Best is trial 80 with value: 0.9098163370921998.
[I 2026-05-28 22:45:50,215] Trial 195 finished with value: 22.426645958319334 and parameters: {'ISTN': 150.61443265372782, 'I_gpe': 1.3867308418459174, 'I_gpi': 1.8120121743766204, 'noise_stn_sigma': 1.55164613059193, 'noise_gpe_sigma': 32.00873234839709, 'noise_gpi_sigma': 59.556907324998804, 'g_stn_gpe_mult': 1.6167309343922018, 'g_gpe_stn_mult': 1.6611554172675882, 'g_stn_gpi_mult': 1.5740563445002436, 'g_gpe_gpi_mult': 1.0539848405033119}. Best is trial 80 with value: 0.9098163370921998.
[I 2026-05-28 22:45:51,214] Trial 196 finished with value: 2.881753173387296 and parameters: {'ISTN': 142.4707939302342, 'I_gpe': 2.0378006081906515, 'I_gpi': 2.033345369849908, 'noise_stn_sigma': 2.221706382237591, 'noise_gpe_sigma': 24.418170274580532, 'noise_gpi_sigma': 36.04730969731675, 'g_stn_gpe_mult': 1.782491862011792, 'g_gpe_stn_mult': 1.4887382330732009, 'g_stn_gpi_mult': 1.3092987580902473, 'g_gpe_gpi_mult': 1.008902613642033}. Best is trial 80 with value: 0.9098163370921998.
[I 2026-05-28 22:45:52,214] Trial 197 finished with value: 1.2862663507139633 and parameters: {'ISTN': 140.737554797613, 'I_gpe': 1.8857592370163547, 'I_gpi': 3.2876599896382155, 'noise_stn_sigma': 1.678069146170783, 'noise_gpe_sigma': 23.109499178261608, 'noise_gpi_sigma': 57.865208964752526, 'g_stn_gpe_mult': 1.4900633293389354, 'g_gpe_stn_mult': 1.4650602378148636, 'g_stn_gpi_mult': 1.594295982987025, 'g_gpe_gpi_mult': 1.1461522286978028}. Best is trial 80 with value: 0.9098163370921998.
[I 2026-05-28 22:45:53,215] Trial 198 finished with value: 1.0933909483215674 and parameters: {'ISTN': 164.99085367660012, 'I_gpe': 2.1389161314449643, 'I_gpi': 2.208299028160571, 'noise_stn_sigma': 1.9668417366936868, 'noise_gpe_sigma': 25.80140691112055, 'noise_gpi_sigma': 33.51138117410204, 'g_stn_gpe_mult': 1.7524809868197289, 'g_gpe_stn_mult': 1.5297303347881623, 'g_stn_gpi_mult': 1.588665264461805, 'g_gpe_gpi_mult': 1.2104519460868437}. Best is trial 80 with value: 0.9098163370921998.
[I 2026-05-28 22:45:54,219] Trial 199 finished with value: 17.313180314021682 and parameters: {'ISTN': 140.69170023199277, 'I_gpe': 1.0721042476396858, 'I_gpi': 1.1189288174300362, 'noise_stn_sigma': 1.9607503258276928, 'noise_gpe_sigma': 21.40638120810164, 'noise_gpi_sigma': 36.970398005279186, 'g_stn_gpe_mult': 1.911066657048041, 'g_gpe_stn_mult': 1.843698558666007, 'g_stn_gpi_mult': 1.4552448581545483, 'g_gpe_gpi_mult': 1.098589601119587}. Best is trial 80 with value: 0.9098163370921998.
[I 2026-05-28 22:45:55,217] Trial 200 finished with value: 105.88934188828598 and parameters: {'ISTN': 159.02619482010437, 'I_gpe': 2.0060697078464584, 'I_gpi': 2.281011459006631, 'noise_stn_sigma': 2.136006202052611, 'noise_gpe_sigma': 24.16183164013995, 'noise_gpi_sigma': 31.217876510357964, 'g_stn_gpe_mult': 1.592542954168037, 'g_gpe_stn_mult': 1.862284658125, 'g_stn_gpi_mult': 1.726435491201635, 'g_gpe_gpi_mult': 1.1135912682187066}. Best is trial 80 with value: 0.9098163370921998.
[I 2026-05-28 22:45:56,223] Trial 201 finished with value: 28.370479583683917 and parameters: {'ISTN': 152.5712947625245, 'I_gpe': 1.1908534403460282, 'I_gpi': 2.0198264780547457, 'noise_stn_sigma': 2.088623167529624, 'noise_gpe_sigma': 20.836434283197427, 'noise_gpi_sigma': 33.381807349695265, 'g_stn_gpe_mult': 1.7943825856060962, 'g_gpe_stn_mult': 1.8263418016809108, 'g_stn_gpi_mult': 1.637622823209888, 'g_gpe_gpi_mult': 1.2132302601282032}. Best is trial 80 with value: 0.9098163370921998.
[I 2026-05-28 22:45:57,227] Trial 202 finished with value: 14.559964248193715 and parameters: {'ISTN': 155.77535458788822, 'I_gpe': 1.7658554762158114, 'I_gpi': 1.9026372429403007, 'noise_stn_sigma': 2.060236294263544, 'noise_gpe_sigma': 17.092270236943, 'noise_gpi_sigma': 45.839980116528245, 'g_stn_gpe_mult': 1.6772229261280633, 'g_gpe_stn_mult': 1.5169694787479184, 'g_stn_gpi_mult': 1.6121572725162787, 'g_gpe_gpi_mult': 1.2539887199436255}. Best is trial 80 with value: 0.9098163370921998.
[I 2026-05-28 22:45:58,229] Trial 203 finished with value: 54.472232777477615 and parameters: {'ISTN': 163.8173438222097, 'I_gpe': 1.5732888643833531, 'I_gpi': 3.0955662719995263, 'noise_stn_sigma': 1.505109991606375, 'noise_gpe_sigma': 28.42950563815291, 'noise_gpi_sigma': 50.38408461981955, 'g_stn_gpe_mult': 1.757457156265118, 'g_gpe_stn_mult': 1.5597472299954087, 'g_stn_gpi_mult': 1.534707927508319, 'g_gpe_gpi_mult': 0.9896455575262577}. Best is trial 80 with value: 0.9098163370921998.
[I 2026-05-28 22:45:59,227] Trial 204 finished with value: 105.39802136385303 and parameters: {'ISTN': 149.03846451839772, 'I_gpe': 2.483528946543453, 'I_gpi': 2.7135722086982392, 'noise_stn_sigma': 2.0090437683434628, 'noise_gpe_sigma': 18.402103819974744, 'noise_gpi_sigma': 33.86623165582622, 'g_stn_gpe_mult': 1.7901598685150992, 'g_gpe_stn_mult': 1.4372432408351754, 'g_stn_gpi_mult': 1.7450013223857634, 'g_gpe_gpi_mult': 0.9937792543542956}. Best is trial 80 with value: 0.9098163370921998.
[I 2026-05-28 22:46:00,225] Trial 205 finished with value: 2.030399933257331 and parameters: {'ISTN': 163.7451736221759, 'I_gpe': 2.1671110731765104, 'I_gpi': 2.791229771233866, 'noise_stn_sigma': 1.3880074031050202, 'noise_gpe_sigma': 20.851226507274617, 'noise_gpi_sigma': 38.72322365246505, 'g_stn_gpe_mult': 1.8114752511759107, 'g_gpe_stn_mult': 1.5919687418912278, 'g_stn_gpi_mult': 1.5070576983942825, 'g_gpe_gpi_mult': 1.313891544780299}. Best is trial 80 with value: 0.9098163370921998.
[I 2026-05-28 22:46:01,223] Trial 206 finished with value: 105.70467152470975 and parameters: {'ISTN': 135.99599699977546, 'I_gpe': 2.3135519748120643, 'I_gpi': 2.6873376217975933, 'noise_stn_sigma': 2.187719469714797, 'noise_gpe_sigma': 35.966468232298425, 'noise_gpi_sigma': 59.53021831848885, 'g_stn_gpe_mult': 1.741193290703338, 'g_gpe_stn_mult': 1.5274579650210263, 'g_stn_gpi_mult': 1.6239843639167004, 'g_gpe_gpi_mult': 0.8785953214167573}. Best is trial 80 with value: 0.9098163370921998.
[I 2026-05-28 22:46:02,223] Trial 207 finished with value: 4.592992936324584 and parameters: {'ISTN': 154.61649930375688, 'I_gpe': 2.2347104637989617, 'I_gpi': 1.946286828788882, 'noise_stn_sigma': 2.605870776680503, 'noise_gpe_sigma': 22.07260201349007, 'noise_gpi_sigma': 41.6619021023637, 'g_stn_gpe_mult': 1.6427303573779017, 'g_gpe_stn_mult': 1.533486666389392, 'g_stn_gpi_mult': 1.6124592987399087, 'g_gpe_gpi_mult': 1.3239006185036577}. Best is trial 80 with value: 0.9098163370921998.
[I 2026-05-28 22:46:03,219] Trial 208 finished with value: 105.55677401111302 and parameters: {'ISTN': 167.06883800333347, 'I_gpe': 2.6528642946879017, 'I_gpi': 2.221076436908775, 'noise_stn_sigma': 1.959662709078412, 'noise_gpe_sigma': 19.963385367681994, 'noise_gpi_sigma': 59.33420585164239, 'g_stn_gpe_mult': 1.9152458469981155, 'g_gpe_stn_mult': 1.6540952693605968, 'g_stn_gpi_mult': 1.5913333928155171, 'g_gpe_gpi_mult': 1.229429545652127}. Best is trial 80 with value: 0.9098163370921998.
[I 2026-05-28 22:46:04,223] Trial 209 finished with value: 17.270458497452914 and parameters: {'ISTN': 130.79001085751693, 'I_gpe': 1.4709953571518086, 'I_gpi': 2.458134919929206, 'noise_stn_sigma': 1.767251200268599, 'noise_gpe_sigma': 22.81448681527185, 'noise_gpi_sigma': 45.32684496734646, 'g_stn_gpe_mult': 1.7973122455606325, 'g_gpe_stn_mult': 1.45237101347289, 'g_stn_gpi_mult': 1.2059038407977538, 'g_gpe_gpi_mult': 1.1911114661111828}. Best is trial 80 with value: 0.9098163370921998.
[I 2026-05-28 22:46:05,221] Trial 210 finished with value: 105.6728525883579 and parameters: {'ISTN': 149.84357214577403, 'I_gpe': 2.355738690193049, 'I_gpi': 2.978361810024971, 'noise_stn_sigma': 1.5846813983684633, 'noise_gpe_sigma': 24.893213196715894, 'noise_gpi_sigma': 40.5215835100616, 'g_stn_gpe_mult': 1.4985732402307594, 'g_gpe_stn_mult': 1.4875598145982631, 'g_stn_gpi_mult': 1.5493944358926324, 'g_gpe_gpi_mult': 1.4862777593566494}. Best is trial 80 with value: 0.9098163370921998.
[I 2026-05-28 22:46:06,222] Trial 211 finished with value: 105.4919403604039 and parameters: {'ISTN': 146.57100403934152, 'I_gpe': 3.0283110830934925, 'I_gpi': 2.7278735527002143, 'noise_stn_sigma': 2.160061064200052, 'noise_gpe_sigma': 30.429916649430016, 'noise_gpi_sigma': 43.15549122866482, 'g_stn_gpe_mult': 1.668021749896215, 'g_gpe_stn_mult': 1.5526224358548502, 'g_stn_gpi_mult': 1.4678464055944649, 'g_gpe_gpi_mult': 1.3124941586343724}. Best is trial 80 with value: 0.9098163370921998.
[I 2026-05-28 22:46:07,221] Trial 212 finished with value: 105.45854433658404 and parameters: {'ISTN': 170.16856543427275, 'I_gpe': 2.8876378678744423, 'I_gpi': 2.4160810783943063, 'noise_stn_sigma': 1.635192043145735, 'noise_gpe_sigma': 30.145269125925893, 'noise_gpi_sigma': 50.08717615441868, 'g_stn_gpe_mult': 1.6022846841561917, 'g_gpe_stn_mult': 1.5179275698740753, 'g_stn_gpi_mult': 1.6208203762361841, 'g_gpe_gpi_mult': 1.456828000572152}. Best is trial 80 with value: 0.9098163370921998.
[I 2026-05-28 22:46:08,220] Trial 213 finished with value: 105.48738673847738 and parameters: {'ISTN': 161.86091700618837, 'I_gpe': 2.161043171212003, 'I_gpi': 2.1379803337742214, 'noise_stn_sigma': 1.2461230397106107, 'noise_gpe_sigma': 22.04514968970182, 'noise_gpi_sigma': 50.58323578945297, 'g_stn_gpe_mult': 1.7139225148477555, 'g_gpe_stn_mult': 1.6930438252836828, 'g_stn_gpi_mult': 1.3643613225542643, 'g_gpe_gpi_mult': 1.168825824226999}. Best is trial 80 with value: 0.9098163370921998.
[I 2026-05-28 22:46:09,215] Trial 214 finished with value: 106.55258110671639 and parameters: {'ISTN': 163.55287370219355, 'I_gpe': 3.389854945097302, 'I_gpi': 4.125177569705109, 'noise_stn_sigma': 1.3354298094181747, 'noise_gpe_sigma': 27.831784185544258, 'noise_gpi_sigma': 42.837608133879634, 'g_stn_gpe_mult': 1.5549261745403373, 'g_gpe_stn_mult': 1.6069629442339193, 'g_stn_gpi_mult': 1.5339499197263171, 'g_gpe_gpi_mult': 1.6129900345103156}. Best is trial 80 with value: 0.9098163370921998.
[I 2026-05-28 22:46:10,213] Trial 215 finished with value: 4.863163064949258 and parameters: {'ISTN': 156.92454521808241, 'I_gpe': 2.4058428397426335, 'I_gpi': 1.5385207469472446, 'noise_stn_sigma': 2.3930989666120164, 'noise_gpe_sigma': 23.576226484285442, 'noise_gpi_sigma': 33.649585678756864, 'g_stn_gpe_mult': 1.6964272185010867, 'g_gpe_stn_mult': 1.4633546639923214, 'g_stn_gpi_mult': 1.6153892402839278, 'g_gpe_gpi_mult': 1.1562781332187695}. Best is trial 80 with value: 0.9098163370921998.
[I 2026-05-28 22:46:11,216] Trial 216 finished with value: 5.752735684778881 and parameters: {'ISTN': 152.5994795069562, 'I_gpe': 1.8619166385193158, 'I_gpi': 2.8405643270231167, 'noise_stn_sigma': 2.4282462375589917, 'noise_gpe_sigma': 25.04066987362181, 'noise_gpi_sigma': 34.52385457183621, 'g_stn_gpe_mult': 1.7076733016655274, 'g_gpe_stn_mult': 1.5085354244425355, 'g_stn_gpi_mult': 1.4266183391342127, 'g_gpe_gpi_mult': 1.179982872901024}. Best is trial 80 with value: 0.9098163370921998.
[I 2026-05-28 22:46:12,161] Trial 217 finished with value: 1000000.0 and parameters: {'ISTN': 143.03221959020388, 'I_gpe': 2.080632294445718, 'I_gpi': 2.5913235455805634, 'noise_stn_sigma': 2.061983839840659, 'noise_gpe_sigma': 39.81697080199881, 'noise_gpi_sigma': 51.35504453550909, 'g_stn_gpe_mult': 1.6636344570787482, 'g_gpe_stn_mult': 1.4617248823080504, 'g_stn_gpi_mult': 1.299463832181357, 'g_gpe_gpi_mult': 1.324782974424668}. Best is trial 80 with value: 0.9098163370921998.
[I 2026-05-28 22:46:13,162] Trial 218 finished with value: 3.5717821932366096 and parameters: {'ISTN': 159.47068361324358, 'I_gpe': 2.273995126866488, 'I_gpi': 2.807043147649921, 'noise_stn_sigma': 2.052013257570964, 'noise_gpe_sigma': 25.17050745429504, 'noise_gpi_sigma': 55.52006618269609, 'g_stn_gpe_mult': 1.8151597406016169, 'g_gpe_stn_mult': 1.522324790974273, 'g_stn_gpi_mult': 1.5357575667477759, 'g_gpe_gpi_mult': 1.3672730994368265}. Best is trial 80 with value: 0.9098163370921998.
[I 2026-05-28 22:46:14,167] Trial 219 finished with value: 65.97106607302585 and parameters: {'ISTN': 168.25078474612252, 'I_gpe': 1.4680965728263384, 'I_gpi': 2.117123239182132, 'noise_stn_sigma': 1.8069344186126353, 'noise_gpe_sigma': 29.804584021009184, 'noise_gpi_sigma': 33.92343566870666, 'g_stn_gpe_mult': 1.6008170993333288, 'g_gpe_stn_mult': 1.636613351710321, 'g_stn_gpi_mult': 1.403626311439293, 'g_gpe_gpi_mult': 1.2358019548060202}. Best is trial 80 with value: 0.9098163370921998.
