[I 2026-05-28 22:53:18,983] Trial 132 finished with value: 108.17537057500323 and parameters: {'ISTN': 123.43172173066948, 'I_gpe': 3.753000655882365, 'I_gpi': 5.375515433513558, 'noise_stn_sigma': 3.4785572747497673, 'noise_gpe_sigma': 49.26454721038975, 'noise_gpi_sigma': 62.5386670916997, 'g_stn_gpe_mult': 1.797144081186483, 'g_gpe_stn_mult': 0.9129427005646742, 'g_stn_gpi_mult': 1.0051611244828873, 'g_gpe_gpi_mult': 1.2521447523982596}. Best is trial 35 with value: 1.6969728962836053.
[I 2026-05-28 22:53:19,989] Trial 133 finished with value: 3.8975163591579602 and parameters: {'ISTN': 126.89337153020196, 'I_gpe': 3.707450296543304, 'I_gpi': 4.382668413606099, 'noise_stn_sigma': 4.56341048168003, 'noise_gpe_sigma': 36.95204066621129, 'noise_gpi_sigma': 63.6476548702042, 'g_stn_gpe_mult': 1.8449906884149176, 'g_gpe_stn_mult': 0.8041906322585323, 'g_stn_gpi_mult': 1.6121113835242538, 'g_gpe_gpi_mult': 1.061513810753215}. Best is trial 35 with value: 1.6969728962836053.
[I 2026-05-28 22:53:20,991] Trial 134 finished with value: 105.54699153980673 and parameters: {'ISTN': 126.51109602326594, 'I_gpe': 2.313839168887344, 'I_gpi': 3.5077386494000016, 'noise_stn_sigma': 4.8817928458047914, 'noise_gpe_sigma': 26.672265732217877, 'noise_gpi_sigma': 81.54275642183181, 'g_stn_gpe_mult': 1.638053878491482, 'g_gpe_stn_mult': 1.3298170444814734, 'g_stn_gpi_mult': 1.3526349368016222, 'g_gpe_gpi_mult': 1.0399808637942949}. Best is trial 35 with value: 1.6969728962836053.
[I 2026-05-28 22:53:21,991] Trial 135 finished with value: 106.07061800741579 and parameters: {'ISTN': 127.10398747235187, 'I_gpe': 3.991919381683857, 'I_gpi': 3.826957077480306, 'noise_stn_sigma': 4.457785042445806, 'noise_gpe_sigma': 42.95193370224654, 'noise_gpi_sigma': 37.29659202178165, 'g_stn_gpe_mult': 1.7482258844588516, 'g_gpe_stn_mult': 0.8627871748579606, 'g_stn_gpi_mult': 0.7724600497679901, 'g_gpe_gpi_mult': 0.8157773775053856}. Best is trial 35 with value: 1.6969728962836053.
[I 2026-05-28 22:53:22,993] Trial 136 finished with value: 105.14699765904285 and parameters: {'ISTN': 122.57289570478909, 'I_gpe': 2.534145759497255, 'I_gpi': 2.606654184727668, 'noise_stn_sigma': 3.767314710280293, 'noise_gpe_sigma': 34.79669198708329, 'noise_gpi_sigma': 49.591289447892294, 'g_stn_gpe_mult': 1.4356661752137885, 'g_gpe_stn_mult': 1.2346767762943087, 'g_stn_gpi_mult': 1.1035429037498954, 'g_gpe_gpi_mult': 1.105705394541962}. Best is trial 35 with value: 1.6969728962836053.
[I 2026-05-28 22:53:24,000] Trial 137 finished with value: 59.3020561979073 and parameters: {'ISTN': 131.74334568457184, 'I_gpe': 1.2448743141984653, 'I_gpi': 4.1688733099011746, 'noise_stn_sigma': 4.198250953396313, 'noise_gpe_sigma': 40.7400767787975, 'noise_gpi_sigma': 60.6661522521598, 'g_stn_gpe_mult': 1.5455960867141294, 'g_gpe_stn_mult': 0.9394248012563776, 'g_stn_gpi_mult': 1.0258191109153485, 'g_gpe_gpi_mult': 1.1464163423430769}. Best is trial 35 with value: 1.6969728962836053.
[I 2026-05-28 22:53:25,005] Trial 138 finished with value: 44.265902913794314 and parameters: {'ISTN': 128.7700505299042, 'I_gpe': 2.571605085582198, 'I_gpi': 5.985665671626745, 'noise_stn_sigma': 4.474874381777604, 'noise_gpe_sigma': 35.021151878222106, 'noise_gpi_sigma': 54.95270940570066, 'g_stn_gpe_mult': 1.587687783893813, 'g_gpe_stn_mult': 0.8675793151620328, 'g_stn_gpi_mult': 1.0797480074400263, 'g_gpe_gpi_mult': 0.8619564484320337}. Best is trial 35 with value: 1.6969728962836053.
[I 2026-05-28 22:53:26,007] Trial 139 finished with value: 106.28869777505085 and parameters: {'ISTN': 145.04114474009447, 'I_gpe': 4.2160665947517275, 'I_gpi': 3.904651497804286, 'noise_stn_sigma': 3.5115772396130325, 'noise_gpe_sigma': 36.66249720568484, 'noise_gpi_sigma': 56.672736416197985, 'g_stn_gpe_mult': 1.3329963672261806, 'g_gpe_stn_mult': 1.338781284169262, 'g_stn_gpi_mult': 1.0002395865594629, 'g_gpe_gpi_mult': 1.210172700068229}. Best is trial 35 with value: 1.6969728962836053.
[I 2026-05-28 22:53:27,014] Trial 140 finished with value: 26.227554081410076 and parameters: {'ISTN': 106.22601275279439, 'I_gpe': 1.1022796955615572, 'I_gpi': 4.477118340655084, 'noise_stn_sigma': 4.087374052126981, 'noise_gpe_sigma': 39.291860197698895, 'noise_gpi_sigma': 40.206706338843894, 'g_stn_gpe_mult': 1.7091127121583762, 'g_gpe_stn_mult': 1.0055587966626234, 'g_stn_gpi_mult': 1.1222293768185825, 'g_gpe_gpi_mult': 0.8419293430464214}. Best is trial 35 with value: 1.6969728962836053.
[I 2026-05-28 22:53:28,016] Trial 141 finished with value: 106.7927978965202 and parameters: {'ISTN': 135.45524083228625, 'I_gpe': 3.311852035808811, 'I_gpi': 4.38761453584875, 'noise_stn_sigma': 3.6157872662239243, 'noise_gpe_sigma': 55.532106099635605, 'noise_gpi_sigma': 68.25698100734557, 'g_stn_gpe_mult': 1.7134115209751684, 'g_gpe_stn_mult': 1.1896337406650093, 'g_stn_gpi_mult': 1.56462352762185, 'g_gpe_gpi_mult': 0.9176581069544445}. Best is trial 35 with value: 1.6969728962836053.
[I 2026-05-28 22:53:29,023] Trial 142 finished with value: 109.65313409791256 and parameters: {'ISTN': 159.17491381439788, 'I_gpe': 3.512191034704383, 'I_gpi': 3.1918164269641753, 'noise_stn_sigma': 3.768607245835598, 'noise_gpe_sigma': 49.555544976821096, 'noise_gpi_sigma': 63.321122622570186, 'g_stn_gpe_mult': 1.4765819046795563, 'g_gpe_stn_mult': 0.6917720601022819, 'g_stn_gpi_mult': 1.0854310875413518, 'g_gpe_gpi_mult': 0.8806775389199}. Best is trial 35 with value: 1.6969728962836053.
[I 2026-05-28 22:53:30,029] Trial 143 finished with value: 67.49294313656118 and parameters: {'ISTN': 141.58302174373915, 'I_gpe': 2.2782741584652912, 'I_gpi': 3.9848702089182484, 'noise_stn_sigma': 3.8802537951212526, 'noise_gpe_sigma': 47.96330955651013, 'noise_gpi_sigma': 72.4397085017419, 'g_stn_gpe_mult': 1.7556807276621538, 'g_gpe_stn_mult': 0.8848312378657259, 'g_stn_gpi_mult': 1.184663602317153, 'g_gpe_gpi_mult': 1.0912713237386544}. Best is trial 35 with value: 1.6969728962836053.
[I 2026-05-28 22:53:31,031] Trial 144 finished with value: 107.68360034369775 and parameters: {'ISTN': 128.3110572536632, 'I_gpe': 3.971456666251388, 'I_gpi': 5.120935393128952, 'noise_stn_sigma': 4.911462023549886, 'noise_gpe_sigma': 54.25057449059706, 'noise_gpi_sigma': 58.53929121148215, 'g_stn_gpe_mult': 1.8267670804474054, 'g_gpe_stn_mult': 0.8993102363944439, 'g_stn_gpi_mult': 1.2925518559448326, 'g_gpe_gpi_mult': 1.2782453854084048}. Best is trial 35 with value: 1.6969728962836053.
[I 2026-05-28 22:53:32,034] Trial 145 finished with value: 2.9164607991116176 and parameters: {'ISTN': 128.58938488349253, 'I_gpe': 3.8480204731403402, 'I_gpi': 4.361972663498012, 'noise_stn_sigma': 4.077664612282154, 'noise_gpe_sigma': 44.69181235156027, 'noise_gpi_sigma': 29.176742819087778, 'g_stn_gpe_mult': 1.735242627413968, 'g_gpe_stn_mult': 0.8328605536976286, 'g_stn_gpi_mult': 1.759299942434445, 'g_gpe_gpi_mult': 0.7297593116660794}. Best is trial 35 with value: 1.6969728962836053.
[I 2026-05-28 22:53:33,034] Trial 146 finished with value: 107.9679983258304 and parameters: {'ISTN': 134.62399463098936, 'I_gpe': 3.2926979131165726, 'I_gpi': 5.052972901820867, 'noise_stn_sigma': 4.292118101279273, 'noise_gpe_sigma': 34.43660256496058, 'noise_gpi_sigma': 42.31405282800258, 'g_stn_gpe_mult': 1.7533084145185274, 'g_gpe_stn_mult': 1.1592266464068484, 'g_stn_gpi_mult': 1.3749351947100208, 'g_gpe_gpi_mult': 1.1485564013840843}. Best is trial 35 with value: 1.6969728962836053.
[I 2026-05-28 22:53:34,036] Trial 147 finished with value: 107.4248642461517 and parameters: {'ISTN': 108.22339227087858, 'I_gpe': 3.0394074910133475, 'I_gpi': 4.707371282999627, 'noise_stn_sigma': 4.830717283933628, 'noise_gpe_sigma': 38.882802977600946, 'noise_gpi_sigma': 54.92211267842521, 'g_stn_gpe_mult': 1.5940067909592917, 'g_gpe_stn_mult': 1.018327363119486, 'g_stn_gpi_mult': 1.1444246619266982, 'g_gpe_gpi_mult': 0.8481756068209025}. Best is trial 35 with value: 1.6969728962836053.
[I 2026-05-28 22:53:35,042] Trial 148 finished with value: 44.396307654022465 and parameters: {'ISTN': 126.1080868318092, 'I_gpe': 1.4786166591252767, 'I_gpi': 5.398916846351808, 'noise_stn_sigma': 4.863740147954501, 'noise_gpe_sigma': 41.88141773683803, 'noise_gpi_sigma': 47.496941779689216, 'g_stn_gpe_mult': 1.8383734264622644, 'g_gpe_stn_mult': 1.0456478825027176, 'g_stn_gpi_mult': 1.0630395169938134, 'g_gpe_gpi_mult': 0.9705901518799951}. Best is trial 35 with value: 1.6969728962836053.
[I 2026-05-28 22:53:36,048] Trial 149 finished with value: 39.448945943038915 and parameters: {'ISTN': 138.94315724626406, 'I_gpe': 2.210149916236795, 'I_gpi': 3.576079959091755, 'noise_stn_sigma': 4.344643571485578, 'noise_gpe_sigma': 44.7422914627851, 'noise_gpi_sigma': 68.09795315848949, 'g_stn_gpe_mult': 1.4952925169147284, 'g_gpe_stn_mult': 1.103027505139286, 'g_stn_gpi_mult': 1.5728721214081949, 'g_gpe_gpi_mult': 0.6423365834448675}. Best is trial 35 with value: 1.6969728962836053.
[I 2026-05-28 22:53:37,054] Trial 150 finished with value: 1.0895062029629103 and parameters: {'ISTN': 128.51582342943084, 'I_gpe': 3.6239997658713516, 'I_gpi': 3.51533031004431, 'noise_stn_sigma': 3.7272527933732915, 'noise_gpe_sigma': 47.52484157149637, 'noise_gpi_sigma': 59.344149479625, 'g_stn_gpe_mult': 1.7700297142636578, 'g_gpe_stn_mult': 0.8439355590220692, 'g_stn_gpi_mult': 1.0898153505268104, 'g_gpe_gpi_mult': 1.0883254759550243}. Best is trial 150 with value: 1.0895062029629103.
[I 2026-05-28 22:53:38,053] Trial 151 finished with value: 106.44809908617405 and parameters: {'ISTN': 134.6450388648895, 'I_gpe': 3.8319896766783508, 'I_gpi': 4.13187348170904, 'noise_stn_sigma': 3.1557389568137166, 'noise_gpe_sigma': 65.90079618224506, 'noise_gpi_sigma': 59.825436700527824, 'g_stn_gpe_mult': 1.9520831972723598, 'g_gpe_stn_mult': 1.0950937716626834, 'g_stn_gpi_mult': 1.4976030407807686, 'g_gpe_gpi_mult': 0.8310395936796844}. Best is trial 150 with value: 1.0895062029629103.
[I 2026-05-28 22:53:39,058] Trial 152 finished with value: 29.863025132248264 and parameters: {'ISTN': 136.19178830480215, 'I_gpe': 3.690079832661591, 'I_gpi': 4.314347081914631, 'noise_stn_sigma': 3.860230970329229, 'noise_gpe_sigma': 59.52568640034226, 'noise_gpi_sigma': 29.47539429249915, 'g_stn_gpe_mult': 1.755860074846374, 'g_gpe_stn_mult': 0.7756767385934683, 'g_stn_gpi_mult': 1.3139435652561207, 'g_gpe_gpi_mult': 1.1176155084732895}. Best is trial 150 with value: 1.0895062029629103.
[I 2026-05-28 22:53:40,057] Trial 153 finished with value: 106.18429496340576 and parameters: {'ISTN': 115.57854705305016, 'I_gpe': 3.401759641651899, 'I_gpi': 3.8962356646745158, 'noise_stn_sigma': 3.796930767474, 'noise_gpe_sigma': 64.13618206910883, 'noise_gpi_sigma': 47.365891456923784, 'g_stn_gpe_mult': 1.6775334429883495, 'g_gpe_stn_mult': 1.148390908457886, 'g_stn_gpi_mult': 1.358413029412961, 'g_gpe_gpi_mult': 0.9921570844485551}. Best is trial 150 with value: 1.0895062029629103.
[I 2026-05-28 22:53:41,057] Trial 154 finished with value: 106.34615743549759 and parameters: {'ISTN': 105.41037796951898, 'I_gpe': 4.795034138787491, 'I_gpi': 3.684976157981467, 'noise_stn_sigma': 3.743714981928184, 'noise_gpe_sigma': 29.476823280208293, 'noise_gpi_sigma': 63.12845437970182, 'g_stn_gpe_mult': 1.81307223376808, 'g_gpe_stn_mult': 0.6733444306348514, 'g_stn_gpi_mult': 1.1053050441997192, 'g_gpe_gpi_mult': 1.158193465089365}. Best is trial 150 with value: 1.0895062029629103.
[I 2026-05-28 22:53:42,062] Trial 155 finished with value: 44.74573718532374 and parameters: {'ISTN': 122.3909108733867, 'I_gpe': 2.06843043407512, 'I_gpi': 5.393260371435795, 'noise_stn_sigma': 3.9966919472382325, 'noise_gpe_sigma': 54.01828145669162, 'noise_gpi_sigma': 51.42182047237133, 'g_stn_gpe_mult': 1.800735407929814, 'g_gpe_stn_mult': 0.8312008911616209, 'g_stn_gpi_mult': 1.18144006765668, 'g_gpe_gpi_mult': 0.9266128772890028}. Best is trial 150 with value: 1.0895062029629103.
[I 2026-05-28 22:53:43,068] Trial 156 finished with value: 84.59520428899926 and parameters: {'ISTN': 149.05837327025372, 'I_gpe': 2.6493600195062523, 'I_gpi': 4.422722631005034, 'noise_stn_sigma': 4.365277457303186, 'noise_gpe_sigma': 56.301172957801704, 'noise_gpi_sigma': 59.42073752853177, 'g_stn_gpe_mult': 1.847310792855438, 'g_gpe_stn_mult': 0.8260834456597967, 'g_stn_gpi_mult': 1.0239136969100229, 'g_gpe_gpi_mult': 1.283028579576196}. Best is trial 150 with value: 1.0895062029629103.
[I 2026-05-28 22:53:44,076] Trial 157 finished with value: 68.44390668549337 and parameters: {'ISTN': 137.6538103765627, 'I_gpe': 2.889521386925165, 'I_gpi': 4.872294406405689, 'noise_stn_sigma': 4.3058848909087155, 'noise_gpe_sigma': 46.5864960463173, 'noise_gpi_sigma': 43.42447901184552, 'g_stn_gpe_mult': 1.75468696158817, 'g_gpe_stn_mult': 0.5545971515118113, 'g_stn_gpi_mult': 1.2118078012268332, 'g_gpe_gpi_mult': 0.6947862050167823}. Best is trial 150 with value: 1.0895062029629103.
[I 2026-05-28 22:53:45,081] Trial 158 finished with value: 29.51010656342985 and parameters: {'ISTN': 116.13608290377981, 'I_gpe': 2.560860023522029, 'I_gpi': 3.473584130415687, 'noise_stn_sigma': 4.140303739408198, 'noise_gpe_sigma': 32.929411960465124, 'noise_gpi_sigma': 45.95188060341118, 'g_stn_gpe_mult': 1.4077290963077884, 'g_gpe_stn_mult': 0.8003792226923335, 'g_stn_gpi_mult': 1.8958532966823376, 'g_gpe_gpi_mult': 0.8456093789970901}. Best is trial 150 with value: 1.0895062029629103.
[I 2026-05-28 22:53:46,089] Trial 159 finished with value: 0.7608716763331833 and parameters: {'ISTN': 114.33801783831063, 'I_gpe': 2.490911322512565, 'I_gpi': 3.150071889016972, 'noise_stn_sigma': 4.685590195274207, 'noise_gpe_sigma': 54.12745940808773, 'noise_gpi_sigma': 53.301495557765044, 'g_stn_gpe_mult': 1.7479763952215719, 'g_gpe_stn_mult': 1.055689536536832, 'g_stn_gpi_mult': 1.3061865535379302, 'g_gpe_gpi_mult': 0.9810326559762537}. Best is trial 159 with value: 0.7608716763331833.
[I 2026-05-28 22:53:47,090] Trial 160 finished with value: 105.4123030634468 and parameters: {'ISTN': 127.68578679197907, 'I_gpe': 3.6208339141558543, 'I_gpi': 2.865605314191669, 'noise_stn_sigma': 3.7717648135029154, 'noise_gpe_sigma': 39.12065595824255, 'noise_gpi_sigma': 55.32471229588122, 'g_stn_gpe_mult': 1.614974649533867, 'g_gpe_stn_mult': 1.062889992041713, 'g_stn_gpi_mult': 1.3417370205845867, 'g_gpe_gpi_mult': 0.725541936553074}. Best is trial 159 with value: 0.7608716763331833.
[I 2026-05-28 22:53:48,096] Trial 161 finished with value: 1.899587013586131 and parameters: {'ISTN': 125.97436339099278, 'I_gpe': 3.37106368218352, 'I_gpi': 3.617829381399466, 'noise_stn_sigma': 3.139981808640766, 'noise_gpe_sigma': 56.788625999533735, 'noise_gpi_sigma': 41.71806067092359, 'g_stn_gpe_mult': 1.751399653146068, 'g_gpe_stn_mult': 0.8774046450747511, 'g_stn_gpi_mult': 1.5594970884857986, 'g_gpe_gpi_mult': 1.0536267698143718}. Best is trial 159 with value: 0.7608716763331833.
[I 2026-05-28 22:53:49,099] Trial 162 finished with value: 105.51870160400033 and parameters: {'ISTN': 118.85403690850762, 'I_gpe': 3.8315339241408246, 'I_gpi': 3.0461617868446167, 'noise_stn_sigma': 3.7498016105308687, 'noise_gpe_sigma': 42.74616934048899, 'noise_gpi_sigma': 43.2307405450821, 'g_stn_gpe_mult': 1.6191064068324763, 'g_gpe_stn_mult': 1.0157388933912914, 'g_stn_gpi_mult': 1.5124488871519501, 'g_gpe_gpi_mult': 0.8986575038965255}. Best is trial 159 with value: 0.7608716763331833.
[I 2026-05-28 22:53:50,103] Trial 163 finished with value: 5.539054917455969 and parameters: {'ISTN': 108.68322663943829, 'I_gpe': 3.0503747333491957, 'I_gpi': 3.5453237852575814, 'noise_stn_sigma': 3.8336417229349915, 'noise_gpe_sigma': 70.56051979127392, 'noise_gpi_sigma': 56.3533369204105, 'g_stn_gpe_mult': 1.8476257984421385, 'g_gpe_stn_mult': 0.8073200343139854, 'g_stn_gpi_mult': 0.666141784185927, 'g_gpe_gpi_mult': 1.0368865003137575}. Best is trial 159 with value: 0.7608716763331833.
[I 2026-05-28 22:53:51,110] Trial 164 finished with value: 1.1935361615547058 and parameters: {'ISTN': 109.45129341749359, 'I_gpe': 2.808114832129551, 'I_gpi': 1.9636845484155652, 'noise_stn_sigma': 4.470760027945392, 'noise_gpe_sigma': 56.188882553878194, 'noise_gpi_sigma': 52.56395132426855, 'g_stn_gpe_mult': 1.8481363666597441, 'g_gpe_stn_mult': 0.909601919740675, 'g_stn_gpi_mult': 1.6981318925845343, 'g_gpe_gpi_mult': 1.1666260365180228}. Best is trial 159 with value: 0.7608716763331833.
[I 2026-05-28 22:53:52,115] Trial 165 finished with value: 0.3686096745257854 and parameters: {'ISTN': 117.02006333278092, 'I_gpe': 2.9897501735731153, 'I_gpi': 2.868054906413237, 'noise_stn_sigma': 3.3072960156935447, 'noise_gpe_sigma': 56.280539347963035, 'noise_gpi_sigma': 47.95123076965394, 'g_stn_gpe_mult': 1.9685831996938767, 'g_gpe_stn_mult': 0.9340208261585115, 'g_stn_gpi_mult': 1.159066488600806, 'g_gpe_gpi_mult': 1.1552169659391958}. Best is trial 165 with value: 0.3686096745257854.
[I 2026-05-28 22:53:53,122] Trial 166 finished with value: 22.884090248865306 and parameters: {'ISTN': 115.21306144082968, 'I_gpe': 2.6389819579697695, 'I_gpi': 3.9730836598876387, 'noise_stn_sigma': 4.038240928495791, 'noise_gpe_sigma': 78.30435441359973, 'noise_gpi_sigma': 51.27450343140377, 'g_stn_gpe_mult': 1.7200106002903828, 'g_gpe_stn_mult': 0.8352158936580347, 'g_stn_gpi_mult': 1.3981483519083857, 'g_gpe_gpi_mult': 0.9885468964202913}. Best is trial 165 with value: 0.3686096745257854.
[I 2026-05-28 22:53:54,127] Trial 167 finished with value: 0.624804291295118 and parameters: {'ISTN': 115.74788988426812, 'I_gpe': 2.3314145890813256, 'I_gpi': 2.767711525945871, 'noise_stn_sigma': 3.861774645555165, 'noise_gpe_sigma': 55.369833679999566, 'noise_gpi_sigma': 35.33301530057017, 'g_stn_gpe_mult': 1.6084811623050814, 'g_gpe_stn_mult': 1.117107183720842, 'g_stn_gpi_mult': 1.393431344616664, 'g_gpe_gpi_mult': 1.1027803152610276}. Best is trial 165 with value: 0.3686096745257854.
[I 2026-05-28 22:53:55,132] Trial 168 finished with value: 10.906736510817337 and parameters: {'ISTN': 115.19627002882204, 'I_gpe': 1.77937425618836, 'I_gpi': 3.810160234792087, 'noise_stn_sigma': 4.815355250372537, 'noise_gpe_sigma': 55.161886408401124, 'noise_gpi_sigma': 40.02751343214173, 'g_stn_gpe_mult': 1.8246573964306938, 'g_gpe_stn_mult': 1.170041653225562, 'g_stn_gpi_mult': 1.3283078833327642, 'g_gpe_gpi_mult': 0.9458525687464249}. Best is trial 165 with value: 0.3686096745257854.
[I 2026-05-28 22:53:56,139] Trial 169 finished with value: 12.253042388954798 and parameters: {'ISTN': 122.16279094495414, 'I_gpe': 1.9185851952903321, 'I_gpi': 3.65290181164134, 'noise_stn_sigma': 4.302343435491398, 'noise_gpe_sigma': 45.19680231861713, 'noise_gpi_sigma': 43.87479948696361, 'g_stn_gpe_mult': 1.8161261780911437, 'g_gpe_stn_mult': 1.169327546011905, 'g_stn_gpi_mult': 1.3278022064709576, 'g_gpe_gpi_mult': 1.123777561895574}. Best is trial 165 with value: 0.3686096745257854.
[I 2026-05-28 22:53:57,147] Trial 170 finished with value: 48.56060942265133 and parameters: {'ISTN': 145.9806693695225, 'I_gpe': 2.749363942196662, 'I_gpi': 4.613340328431384, 'noise_stn_sigma': 4.372961389817947, 'noise_gpe_sigma': 33.98917782357641, 'noise_gpi_sigma': 39.49570499137574, 'g_stn_gpe_mult': 1.2994105511561655, 'g_gpe_stn_mult': 0.9917874560989841, 'g_stn_gpi_mult': 1.6829995469950192, 'g_gpe_gpi_mult': 1.045670664373371}. Best is trial 165 with value: 0.3686096745257854.
[I 2026-05-28 22:53:58,149] Trial 171 finished with value: 106.28120763979454 and parameters: {'ISTN': 132.83025931912007, 'I_gpe': 3.698125139096221, 'I_gpi': 3.987462647191257, 'noise_stn_sigma': 4.112298885973107, 'noise_gpe_sigma': 78.53350619514535, 'noise_gpi_sigma': 39.18949008261444, 'g_stn_gpe_mult': 1.7129646348277716, 'g_gpe_stn_mult': 1.1577219695374787, 'g_stn_gpi_mult': 1.3086049652116292, 'g_gpe_gpi_mult': 1.1188620363228956}. Best is trial 165 with value: 0.3686096745257854.
[I 2026-05-28 22:53:59,151] Trial 172 finished with value: 105.64998286996179 and parameters: {'ISTN': 133.54445657442463, 'I_gpe': 3.421965465597123, 'I_gpi': 3.2538412599116118, 'noise_stn_sigma': 4.079794649312861, 'noise_gpe_sigma': 48.296458934352806, 'noise_gpi_sigma': 35.73091482273677, 'g_stn_gpe_mult': 1.8725481316806027, 'g_gpe_stn_mult': 1.0774882844159466, 'g_stn_gpi_mult': 1.503500736866504, 'g_gpe_gpi_mult': 0.9575526190117057}. Best is trial 165 with value: 0.3686096745257854.
[I 2026-05-28 22:54:00,156] Trial 173 finished with value: 1.3461431114286009 and parameters: {'ISTN': 102.48774341215203, 'I_gpe': 2.503718843858352, 'I_gpi': 2.919663447125094, 'noise_stn_sigma': 4.3993050951627275, 'noise_gpe_sigma': 69.75138923853459, 'noise_gpi_sigma': 57.94714490754938, 'g_stn_gpe_mult': 1.8319648747904713, 'g_gpe_stn_mult': 1.0199523037726004, 'g_stn_gpi_mult': 1.3963790273689762, 'g_gpe_gpi_mult': 1.3407542498191471}. Best is trial 165 with value: 0.3686096745257854.
[I 2026-05-28 22:54:01,156] Trial 174 finished with value: 105.45880074573577 and parameters: {'ISTN': 97.34892945797566, 'I_gpe': 4.247875366073658, 'I_gpi': 2.7777681817369064, 'noise_stn_sigma': 3.915915528449502, 'noise_gpe_sigma': 48.46310132999218, 'noise_gpi_sigma': 49.836141799283645, 'g_stn_gpe_mult': 1.9253913139017926, 'g_gpe_stn_mult': 1.1041630437366736, 'g_stn_gpi_mult': 1.5601663854140824, 'g_gpe_gpi_mult': 1.0834001765709727}. Best is trial 165 with value: 0.3686096745257854.
[I 2026-05-28 22:54:02,159] Trial 175 finished with value: 3.672374503606469 and parameters: {'ISTN': 125.6393835862369, 'I_gpe': 2.968480335091744, 'I_gpi': 2.8269243988299566, 'noise_stn_sigma': 2.7994639531992282, 'noise_gpe_sigma': 52.32887663266299, 'noise_gpi_sigma': 49.82271259799698, 'g_stn_gpe_mult': 1.712403365198132, 'g_gpe_stn_mult': 1.0730200017558422, 'g_stn_gpi_mult': 1.7604971404682042, 'g_gpe_gpi_mult': 1.0177875962764342}. Best is trial 165 with value: 0.3686096745257854.
