[I 2026-05-28 22:46:59,261] Trial 264 finished with value: 105.9261984045056 and parameters: {'ISTN': 187.1543042135499, 'I_gpe': 2.4920888178585963, 'I_gpi': 1.4387549045307741, 'noise_stn_sigma': 2.551128469624625, 'noise_gpe_sigma': 32.420149255317526, 'noise_gpi_sigma': 57.6043312817791, 'g_stn_gpe_mult': 1.5838017937891011, 'g_gpe_stn_mult': 1.8494482293602905, 'g_stn_gpi_mult': 1.4621011214846709, 'g_gpe_gpi_mult': 1.3930770842274205}. Best is trial 240 with value: 0.6389983176855769.
[I 2026-05-28 22:47:00,262] Trial 265 finished with value: 105.84117687630578 and parameters: {'ISTN': 169.88264306996007, 'I_gpe': 2.5501890758312067, 'I_gpi': 1.5432927104582095, 'noise_stn_sigma': 2.4453408943901014, 'noise_gpe_sigma': 33.98663602301106, 'noise_gpi_sigma': 66.54335403252595, 'g_stn_gpe_mult': 1.650114185555113, 'g_gpe_stn_mult': 1.7073405717106769, 'g_stn_gpi_mult': 1.271759910524975, 'g_gpe_gpi_mult': 1.3348064582297972}. Best is trial 240 with value: 0.6389983176855769.
[I 2026-05-28 22:47:01,266] Trial 266 finished with value: 2.9112789555255185 and parameters: {'ISTN': 177.64010509122897, 'I_gpe': 2.161843624266293, 'I_gpi': 1.7898027326173938, 'noise_stn_sigma': 2.1140223704388204, 'noise_gpe_sigma': 30.61163769917786, 'noise_gpi_sigma': 63.81301498121601, 'g_stn_gpe_mult': 1.4468202019480132, 'g_gpe_stn_mult': 1.6073947702813218, 'g_stn_gpi_mult': 1.5595159161285361, 'g_gpe_gpi_mult': 1.3944561550067338}. Best is trial 240 with value: 0.6389983176855769.
[I 2026-05-28 22:47:02,265] Trial 267 finished with value: 105.96756381806767 and parameters: {'ISTN': 179.77976339280173, 'I_gpe': 2.5535331969953243, 'I_gpi': 1.3670401429324757, 'noise_stn_sigma': 2.179696911700141, 'noise_gpe_sigma': 27.511823535719625, 'noise_gpi_sigma': 56.795686078295454, 'g_stn_gpe_mult': 1.5090218831947702, 'g_gpe_stn_mult': 1.666645176228844, 'g_stn_gpi_mult': 1.465863575073084, 'g_gpe_gpi_mult': 1.51311262530983}. Best is trial 240 with value: 0.6389983176855769.
[I 2026-05-28 22:47:03,267] Trial 268 finished with value: 20.929822066985633 and parameters: {'ISTN': 170.25662552797866, 'I_gpe': 2.1718458155986724, 'I_gpi': 1.9831108137252813, 'noise_stn_sigma': 2.7157021570433284, 'noise_gpe_sigma': 39.130351580785394, 'noise_gpi_sigma': 53.17391346574795, 'g_stn_gpe_mult': 1.4012094684521248, 'g_gpe_stn_mult': 1.4602032094702309, 'g_stn_gpi_mult': 1.3763614140705813, 'g_gpe_gpi_mult': 1.5047984131429546}. Best is trial 240 with value: 0.6389983176855769.
[I 2026-05-28 22:47:04,271] Trial 269 finished with value: 27.920365147228427 and parameters: {'ISTN': 177.3544260392597, 'I_gpe': 1.6818633521163218, 'I_gpi': 2.3124876845996623, 'noise_stn_sigma': 1.9968385192088878, 'noise_gpe_sigma': 22.358850577435362, 'noise_gpi_sigma': 47.10000021194743, 'g_stn_gpe_mult': 1.7438093136936539, 'g_gpe_stn_mult': 1.729665054648255, 'g_stn_gpi_mult': 1.3144839460841953, 'g_gpe_gpi_mult': 1.3770734878037927}. Best is trial 240 with value: 0.6389983176855769.
[I 2026-05-28 22:47:05,274] Trial 270 finished with value: 63.735912209892014 and parameters: {'ISTN': 156.42524313088205, 'I_gpe': 1.524850844909937, 'I_gpi': 2.576909910177353, 'noise_stn_sigma': 2.4942427872670274, 'noise_gpe_sigma': 33.95731245340029, 'noise_gpi_sigma': 54.774680962445416, 'g_stn_gpe_mult': 1.6818758223184345, 'g_gpe_stn_mult': 1.4478355120584578, 'g_stn_gpi_mult': 1.6311081322230867, 'g_gpe_gpi_mult': 1.3612555640986643}. Best is trial 240 with value: 0.6389983176855769.
[I 2026-05-28 22:47:06,276] Trial 271 finished with value: 1.0379335791209312 and parameters: {'ISTN': 173.77154629660166, 'I_gpe': 2.362085986100675, 'I_gpi': 1.230174692973656, 'noise_stn_sigma': 1.7147071863959207, 'noise_gpe_sigma': 26.836549422329963, 'noise_gpi_sigma': 42.01219708176853, 'g_stn_gpe_mult': 1.3009126081707136, 'g_gpe_stn_mult': 1.5197837074831984, 'g_stn_gpi_mult': 1.5426414365129602, 'g_gpe_gpi_mult': 1.3266856495763621}. Best is trial 240 with value: 0.6389983176855769.
[I 2026-05-28 22:47:07,283] Trial 272 finished with value: 116.51154322934347 and parameters: {'ISTN': 183.72527703471718, 'I_gpe': 1.9843804278716182, 'I_gpi': 2.4856597066543755, 'noise_stn_sigma': 2.4078771294282206, 'noise_gpe_sigma': 36.72184221331129, 'noise_gpi_sigma': 70.60884119985208, 'g_stn_gpe_mult': 1.4602453067063468, 'g_gpe_stn_mult': 1.397325127318155, 'g_stn_gpi_mult': 1.3846100460361035, 'g_gpe_gpi_mult': 1.5567286298699476}. Best is trial 240 with value: 0.6389983176855769.
[I 2026-05-28 22:47:08,284] Trial 273 finished with value: 1.2901997592000976 and parameters: {'ISTN': 185.0210587436046, 'I_gpe': 2.28786875602254, 'I_gpi': 1.4524658176644187, 'noise_stn_sigma': 2.0254765260616328, 'noise_gpe_sigma': 32.872932321587825, 'noise_gpi_sigma': 44.73263227161618, 'g_stn_gpe_mult': 1.4601842323492549, 'g_gpe_stn_mult': 1.6845685307748237, 'g_stn_gpi_mult': 1.35780738949577, 'g_gpe_gpi_mult': 1.5536466479433164}. Best is trial 240 with value: 0.6389983176855769.
[I 2026-05-28 22:47:09,287] Trial 274 finished with value: 48.77735689435176 and parameters: {'ISTN': 166.87836589996033, 'I_gpe': 1.357963573391538, 'I_gpi': 1.7567285697993402, 'noise_stn_sigma': 2.59563782677509, 'noise_gpe_sigma': 24.628299616075033, 'noise_gpi_sigma': 50.2062912052404, 'g_stn_gpe_mult': 1.7076609174492985, 'g_gpe_stn_mult': 1.7384816769410452, 'g_stn_gpi_mult': 1.5028230884019835, 'g_gpe_gpi_mult': 1.249111813385543}. Best is trial 240 with value: 0.6389983176855769.
[I 2026-05-28 22:47:10,291] Trial 275 finished with value: 111.34305086287858 and parameters: {'ISTN': 194.60608000200264, 'I_gpe': 1.4616645112814732, 'I_gpi': 1.7707033385658493, 'noise_stn_sigma': 2.2776776230851183, 'noise_gpe_sigma': 28.718653917755223, 'noise_gpi_sigma': 54.484118259939656, 'g_stn_gpe_mult': 1.3903020590160236, 'g_gpe_stn_mult': 1.8530398833133563, 'g_stn_gpi_mult': 1.409437786904213, 'g_gpe_gpi_mult': 1.332887706618249}. Best is trial 240 with value: 0.6389983176855769.
[I 2026-05-28 22:47:11,295] Trial 276 finished with value: 18.361210893819685 and parameters: {'ISTN': 169.6235328313552, 'I_gpe': 1.9275860138042016, 'I_gpi': 1.2605711346978237, 'noise_stn_sigma': 2.184542517955329, 'noise_gpe_sigma': 19.22553638541069, 'noise_gpi_sigma': 56.229232055068486, 'g_stn_gpe_mult': 1.5315709772191102, 'g_gpe_stn_mult': 1.5511413104904168, 'g_stn_gpi_mult': 1.4718830246765868, 'g_gpe_gpi_mult': 1.6039467574103141}. Best is trial 240 with value: 0.6389983176855769.
[I 2026-05-28 22:47:12,299] Trial 277 finished with value: 32.79783875950288 and parameters: {'ISTN': 185.65653542921606, 'I_gpe': 2.0238394740571533, 'I_gpi': 1.5201918093276625, 'noise_stn_sigma': 2.2491927087512593, 'noise_gpe_sigma': 30.16879856805788, 'noise_gpi_sigma': 56.989757520314306, 'g_stn_gpe_mult': 1.452856053869752, 'g_gpe_stn_mult': 1.6362995074424898, 'g_stn_gpi_mult': 1.4692463428842817, 'g_gpe_gpi_mult': 1.55691697947506}. Best is trial 240 with value: 0.6389983176855769.
[I 2026-05-28 22:47:13,301] Trial 278 finished with value: 1.3589039163412913 and parameters: {'ISTN': 172.091906012114, 'I_gpe': 2.096713842591755, 'I_gpi': 1.320263382871884, 'noise_stn_sigma': 2.8690850246261115, 'noise_gpe_sigma': 41.57271715754776, 'noise_gpi_sigma': 70.6253826993744, 'g_stn_gpe_mult': 1.2785925157665097, 'g_gpe_stn_mult': 1.6407954902226771, 'g_stn_gpi_mult': 1.5993775382170234, 'g_gpe_gpi_mult': 1.3318475095796236}. Best is trial 240 with value: 0.6389983176855769.
[I 2026-05-28 22:47:14,308] Trial 279 finished with value: 35.06926693899936 and parameters: {'ISTN': 166.1007511216231, 'I_gpe': 1.6786732551274097, 'I_gpi': 1.9608616447249019, 'noise_stn_sigma': 2.3912476210725533, 'noise_gpe_sigma': 38.28483259408245, 'noise_gpi_sigma': 58.76390690679936, 'g_stn_gpe_mult': 1.4157946212034647, 'g_gpe_stn_mult': 1.602109298970659, 'g_stn_gpi_mult': 1.4457703647977205, 'g_gpe_gpi_mult': 1.5480689796877567}. Best is trial 240 with value: 0.6389983176855769.
[I 2026-05-28 22:47:15,313] Trial 280 finished with value: 7.885916888104728 and parameters: {'ISTN': 184.47398517873063, 'I_gpe': 2.664548916320119, 'I_gpi': 1.0286870559404269, 'noise_stn_sigma': 2.615921254107228, 'noise_gpe_sigma': 43.71269564639499, 'noise_gpi_sigma': 75.72664028993032, 'g_stn_gpe_mult': 1.3265860136442529, 'g_gpe_stn_mult': 1.4188653452321105, 'g_stn_gpi_mult': 1.3872021313871816, 'g_gpe_gpi_mult': 1.573727545313245}. Best is trial 240 with value: 0.6389983176855769.
[I 2026-05-28 22:47:16,311] Trial 281 finished with value: 105.62704999907194 and parameters: {'ISTN': 174.1307136251481, 'I_gpe': 2.1331294374088268, 'I_gpi': 1.3312270354587457, 'noise_stn_sigma': 2.4502008303764855, 'noise_gpe_sigma': 23.819724405181148, 'noise_gpi_sigma': 62.54351463005622, 'g_stn_gpe_mult': 1.6241029938030587, 'g_gpe_stn_mult': 1.8263309533964436, 'g_stn_gpi_mult': 1.310088493913707, 'g_gpe_gpi_mult': 1.3691996032128966}. Best is trial 240 with value: 0.6389983176855769.
[I 2026-05-28 22:47:17,314] Trial 282 finished with value: 1.1391874787475516 and parameters: {'ISTN': 168.83522758900727, 'I_gpe': 2.1421563457225705, 'I_gpi': 1.0032180895708622, 'noise_stn_sigma': 2.2248098668511007, 'noise_gpe_sigma': 34.84987705714114, 'noise_gpi_sigma': 49.14738855118451, 'g_stn_gpe_mult': 1.1621076295134924, 'g_gpe_stn_mult': 1.609664132153111, 'g_stn_gpi_mult': 1.5287563647246571, 'g_gpe_gpi_mult': 1.3344553177745915}. Best is trial 240 with value: 0.6389983176855769.
[I 2026-05-28 22:47:18,313] Trial 283 finished with value: 105.70842949340117 and parameters: {'ISTN': 186.89249205730536, 'I_gpe': 2.979864273904812, 'I_gpi': 1.5146769648209033, 'noise_stn_sigma': 1.9969995488205488, 'noise_gpe_sigma': 39.91370907903466, 'noise_gpi_sigma': 44.590373201715636, 'g_stn_gpe_mult': 1.2445088157219562, 'g_gpe_stn_mult': 1.6522296739102276, 'g_stn_gpi_mult': 1.3092342329292666, 'g_gpe_gpi_mult': 1.5851602634635875}. Best is trial 240 with value: 0.6389983176855769.
[I 2026-05-28 22:47:19,316] Trial 284 finished with value: 1.2828944481702016 and parameters: {'ISTN': 187.96692319610514, 'I_gpe': 2.5042951072546034, 'I_gpi': 2.351242322107204, 'noise_stn_sigma': 1.9043934965604064, 'noise_gpe_sigma': 45.350815844172, 'noise_gpi_sigma': 68.62216685742322, 'g_stn_gpe_mult': 1.537745142250921, 'g_gpe_stn_mult': 1.5460524950807653, 'g_stn_gpi_mult': 1.6322177685174668, 'g_gpe_gpi_mult': 1.5120155591100493}. Best is trial 240 with value: 0.6389983176855769.
[I 2026-05-28 22:47:20,316] Trial 285 finished with value: 3.868172815634314 and parameters: {'ISTN': 182.69440471986803, 'I_gpe': 2.0420215645684587, 'I_gpi': 1.3040226251335305, 'noise_stn_sigma': 2.1858899100290206, 'noise_gpe_sigma': 33.615449574105554, 'noise_gpi_sigma': 66.02907501180482, 'g_stn_gpe_mult': 1.1899788084169818, 'g_gpe_stn_mult': 1.8735648303876202, 'g_stn_gpi_mult': 1.468525268737719, 'g_gpe_gpi_mult': 1.3476225590429598}. Best is trial 240 with value: 0.6389983176855769.
[I 2026-05-28 22:47:21,319] Trial 286 finished with value: 106.0888106684469 and parameters: {'ISTN': 184.7421431904433, 'I_gpe': 1.5130164945375637, 'I_gpi': 1.3290730756918465, 'noise_stn_sigma': 1.8463917283141522, 'noise_gpe_sigma': 34.95437627274141, 'noise_gpi_sigma': 44.185668062994054, 'g_stn_gpe_mult': 1.311262725154755, 'g_gpe_stn_mult': 1.715878215552773, 'g_stn_gpi_mult': 1.630740728666751, 'g_gpe_gpi_mult': 1.2307841827001387}. Best is trial 240 with value: 0.6389983176855769.
[I 2026-05-28 22:47:22,322] Trial 287 finished with value: 27.373198067721866 and parameters: {'ISTN': 177.04381030813397, 'I_gpe': 1.916418723662716, 'I_gpi': 1.815023546585743, 'noise_stn_sigma': 1.9646686255298147, 'noise_gpe_sigma': 38.41522804281813, 'noise_gpi_sigma': 48.86497273853793, 'g_stn_gpe_mult': 1.2694405210641035, 'g_gpe_stn_mult': 1.612418487660983, 'g_stn_gpi_mult': 1.638457961583408, 'g_gpe_gpi_mult': 1.3601932678628343}. Best is trial 240 with value: 0.6389983176855769.
[I 2026-05-28 22:47:23,325] Trial 288 finished with value: 0.5413773064741644 and parameters: {'ISTN': 167.04505420604232, 'I_gpe': 2.2722883446355344, 'I_gpi': 2.064066286382544, 'noise_stn_sigma': 2.5113188624336686, 'noise_gpe_sigma': 33.685955549108456, 'noise_gpi_sigma': 58.49087459829156, 'g_stn_gpe_mult': 1.4200092681338798, 'g_gpe_stn_mult': 1.5197161581031033, 'g_stn_gpi_mult': 1.622117093970565, 'g_gpe_gpi_mult': 1.4674213397683558}. Best is trial 288 with value: 0.5413773064741644.
[I 2026-05-28 22:47:24,325] Trial 289 finished with value: 3.1861859272902415 and parameters: {'ISTN': 144.00790827722204, 'I_gpe': 2.073542210275991, 'I_gpi': 1.5980095210422425, 'noise_stn_sigma': 2.4401816112325623, 'noise_gpe_sigma': 26.511643043861323, 'noise_gpi_sigma': 40.48353667358997, 'g_stn_gpe_mult': 1.413291811720348, 'g_gpe_stn_mult': 1.5006496838867562, 'g_stn_gpi_mult': 1.4536926665217753, 'g_gpe_gpi_mult': 1.5365342005010618}. Best is trial 288 with value: 0.5413773064741644.
[I 2026-05-28 22:47:25,328] Trial 290 finished with value: 1.3980259042940586 and parameters: {'ISTN': 166.83872768220095, 'I_gpe': 2.096395263446805, 'I_gpi': 1.8040935985937017, 'noise_stn_sigma': 2.073239102667073, 'noise_gpe_sigma': 33.080912422195695, 'noise_gpi_sigma': 49.95408215065598, 'g_stn_gpe_mult': 1.4374012060823613, 'g_gpe_stn_mult': 1.5821597588014225, 'g_stn_gpi_mult': 1.6286030695839762, 'g_gpe_gpi_mult': 1.346668655441949}. Best is trial 288 with value: 0.5413773064741644.
[I 2026-05-28 22:47:26,331] Trial 291 finished with value: 7.213838126806298 and parameters: {'ISTN': 175.82953578043498, 'I_gpe': 2.2222007754613893, 'I_gpi': 1.440781106955354, 'noise_stn_sigma': 1.8275507414578815, 'noise_gpe_sigma': 30.202879848875064, 'noise_gpi_sigma': 51.41253483029864, 'g_stn_gpe_mult': 1.3418977636053788, 'g_gpe_stn_mult': 1.5350923144600959, 'g_stn_gpi_mult': 1.720852957090451, 'g_gpe_gpi_mult': 1.4757484416301925}. Best is trial 288 with value: 0.5413773064741644.
[I 2026-05-28 22:47:27,331] Trial 292 finished with value: 4.662624083398499 and parameters: {'ISTN': 161.6100555337399, 'I_gpe': 2.3542632799139422, 'I_gpi': 2.3138322502194075, 'noise_stn_sigma': 2.0318579754604413, 'noise_gpe_sigma': 21.888886436691056, 'noise_gpi_sigma': 51.99379049297867, 'g_stn_gpe_mult': 1.6545959195443052, 'g_gpe_stn_mult': 1.519028265868446, 'g_stn_gpi_mult': 1.6661889953730156, 'g_gpe_gpi_mult': 1.1292416015377766}. Best is trial 288 with value: 0.5413773064741644.
[I 2026-05-28 22:47:28,331] Trial 293 finished with value: 2.01293479197895 and parameters: {'ISTN': 160.31855079365357, 'I_gpe': 2.263703641677872, 'I_gpi': 2.817421215957144, 'noise_stn_sigma': 2.5664287500308953, 'noise_gpe_sigma': 38.56671602641887, 'noise_gpi_sigma': 63.54072806375044, 'g_stn_gpe_mult': 1.5319051046061385, 'g_gpe_stn_mult': 1.5217365586641025, 'g_stn_gpi_mult': 1.6769150993074091, 'g_gpe_gpi_mult': 1.405664823313714}. Best is trial 288 with value: 0.5413773064741644.
[I 2026-05-28 22:47:29,331] Trial 294 finished with value: 4.395511432719079 and parameters: {'ISTN': 159.4416115365693, 'I_gpe': 2.3926774369245676, 'I_gpi': 2.3708269664411286, 'noise_stn_sigma': 2.1764574795516833, 'noise_gpe_sigma': 38.461723302578875, 'noise_gpi_sigma': 49.67943448235519, 'g_stn_gpe_mult': 1.417258913194348, 'g_gpe_stn_mult': 1.5316369389645204, 'g_stn_gpi_mult': 1.5575864410396214, 'g_gpe_gpi_mult': 1.3459865903261978}. Best is trial 288 with value: 0.5413773064741644.
[I 2026-05-28 22:47:30,335] Trial 295 finished with value: 41.4143769012052 and parameters: {'ISTN': 164.69010312826953, 'I_gpe': 2.002541899324413, 'I_gpi': 2.4897043786360147, 'noise_stn_sigma': 2.2822318343406236, 'noise_gpe_sigma': 38.78442555361172, 'noise_gpi_sigma': 53.70422441340853, 'g_stn_gpe_mult': 1.3560589739230602, 'g_gpe_stn_mult': 1.409432680856866, 'g_stn_gpi_mult': 1.6849678367926004, 'g_gpe_gpi_mult': 1.3287354289023228}. Best is trial 288 with value: 0.5413773064741644.
[I 2026-05-28 22:47:31,337] Trial 296 finished with value: 3.481488593230132 and parameters: {'ISTN': 180.98120944521685, 'I_gpe': 2.432975389157472, 'I_gpi': 1.5165392740288095, 'noise_stn_sigma': 2.4655536692695503, 'noise_gpe_sigma': 37.96215847402425, 'noise_gpi_sigma': 53.4129789271493, 'g_stn_gpe_mult': 1.3001441618780751, 'g_gpe_stn_mult': 1.6273881448652934, 'g_stn_gpi_mult': 1.655268258106802, 'g_gpe_gpi_mult': 1.2187971981115993}. Best is trial 288 with value: 0.5413773064741644.
[I 2026-05-28 22:47:32,344] Trial 297 finished with value: 18.563096557363505 and parameters: {'ISTN': 155.04986146829538, 'I_gpe': 2.034036274162185, 'I_gpi': 2.036218759870969, 'noise_stn_sigma': 1.5666081790517592, 'noise_gpe_sigma': 36.16777220565425, 'noise_gpi_sigma': 46.45040327752528, 'g_stn_gpe_mult': 1.5058829717254667, 'g_gpe_stn_mult': 1.384894297300093, 'g_stn_gpi_mult': 1.5999951923978193, 'g_gpe_gpi_mult': 1.3584063943515416}. Best is trial 288 with value: 0.5413773064741644.
[I 2026-05-28 22:47:33,347] Trial 298 finished with value: 0.5049823526316344 and parameters: {'ISTN': 177.47130586069835, 'I_gpe': 2.5038389043920892, 'I_gpi': 2.0995086255671422, 'noise_stn_sigma': 2.3988487428506176, 'noise_gpe_sigma': 36.50894760153334, 'noise_gpi_sigma': 53.164504476121785, 'g_stn_gpe_mult': 1.2807253742527909, 'g_gpe_stn_mult': 1.5078680164348857, 'g_stn_gpi_mult': 1.5398737128905207, 'g_gpe_gpi_mult': 1.584753250502028}. Best is trial 298 with value: 0.5049823526316344.
[I 2026-05-28 22:47:34,350] Trial 299 finished with value: 110.49477310247062 and parameters: {'ISTN': 174.79515695932676, 'I_gpe': 1.672836777782027, 'I_gpi': 3.0458261106584934, 'noise_stn_sigma': 2.5652450668926776, 'noise_gpe_sigma': 45.91201296878974, 'noise_gpi_sigma': 63.9522060022992, 'g_stn_gpe_mult': 1.67235588814035, 'g_gpe_stn_mult': 1.4083197717244587, 'g_stn_gpi_mult': 1.5399830759856015, 'g_gpe_gpi_mult': 1.4863320486113523}. Best is trial 298 with value: 0.5049823526316344.
[I 2026-05-28 22:47:35,352] Trial 300 finished with value: 80.39185420522878 and parameters: {'ISTN': 170.41058181287343, 'I_gpe': 1.5824760278231285, 'I_gpi': 1.7438588514631022, 'noise_stn_sigma': 2.7623880750315917, 'noise_gpe_sigma': 38.180278463624695, 'noise_gpi_sigma': 56.88322050911693, 'g_stn_gpe_mult': 1.3544619986227624, 'g_gpe_stn_mult': 1.5692402514808568, 'g_stn_gpi_mult': 1.4890978565776505, 'g_gpe_gpi_mult': 1.33213589010575}. Best is trial 298 with value: 0.5049823526316344.
[I 2026-05-28 22:47:36,350] Trial 301 finished with value: 2.423377273792189 and parameters: {'ISTN': 157.48515795629504, 'I_gpe': 2.19513551439556, 'I_gpi': 2.122322256323963, 'noise_stn_sigma': 2.8723366062745086, 'noise_gpe_sigma': 27.880638167132773, 'noise_gpi_sigma': 51.970420360774334, 'g_stn_gpe_mult': 1.3177578121849907, 'g_gpe_stn_mult': 1.5411443160357, 'g_stn_gpi_mult': 1.596079408594879, 'g_gpe_gpi_mult': 1.1687405407233593}. Best is trial 298 with value: 0.5049823526316344.
[I 2026-05-28 22:47:37,356] Trial 302 finished with value: 28.90389644536088 and parameters: {'ISTN': 176.70092288401733, 'I_gpe': 2.2803774686759946, 'I_gpi': 2.1935210744137152, 'noise_stn_sigma': 2.5882315531117683, 'noise_gpe_sigma': 23.911135733517927, 'noise_gpi_sigma': 40.18733040793541, 'g_stn_gpe_mult': 1.417646678268287, 'g_gpe_stn_mult': 1.422489432864166, 'g_stn_gpi_mult': 1.5605017731955009, 'g_gpe_gpi_mult': 1.4852705598031135}. Best is trial 298 with value: 0.5049823526316344.
[I 2026-05-28 22:47:38,355] Trial 303 finished with value: 0.5974470573324321 and parameters: {'ISTN': 173.50308994143955, 'I_gpe': 2.1400832307269733, 'I_gpi': 2.28667357830955, 'noise_stn_sigma': 1.6332431977852466, 'noise_gpe_sigma': 40.447401670249405, 'noise_gpi_sigma': 59.703508287099204, 'g_stn_gpe_mult': 1.3766731716192782, 'g_gpe_stn_mult': 1.6659885689505092, 'g_stn_gpi_mult': 1.6161272407828606, 'g_gpe_gpi_mult': 1.344618371381755}. Best is trial 298 with value: 0.5049823526316344.
[I 2026-05-28 22:47:39,357] Trial 304 finished with value: 3.4796705672082395 and parameters: {'ISTN': 177.7280214316083, 'I_gpe': 2.689518465551976, 'I_gpi': 2.259060668937167, 'noise_stn_sigma': 2.0237871824003775, 'noise_gpe_sigma': 59.50109885913839, 'noise_gpi_sigma': 69.18502760644947, 'g_stn_gpe_mult': 1.340106835349822, 'g_gpe_stn_mult': 1.5669479654438125, 'g_stn_gpi_mult': 1.7955440120065702, 'g_gpe_gpi_mult': 1.4966918046685442}. Best is trial 298 with value: 0.5049823526316344.
[I 2026-05-28 22:47:40,362] Trial 305 finished with value: 22.840584762885037 and parameters: {'ISTN': 172.9840738716498, 'I_gpe': 2.2466896552400284, 'I_gpi': 2.1570451014417613, 'noise_stn_sigma': 2.3488739876705527, 'noise_gpe_sigma': 35.7063635028821, 'noise_gpi_sigma': 60.146506163067826, 'g_stn_gpe_mult': 1.3482583612974126, 'g_gpe_stn_mult': 1.4430571528922342, 'g_stn_gpi_mult': 1.5953916139641873, 'g_gpe_gpi_mult': 1.6092791723573723}. Best is trial 298 with value: 0.5049823526316344.
[I 2026-05-28 22:47:41,363] Trial 306 finished with value: 4.549046414538623 and parameters: {'ISTN': 171.00652534606905, 'I_gpe': 2.6017352156802627, 'I_gpi': 1.688274219686777, 'noise_stn_sigma': 2.862890935016395, 'noise_gpe_sigma': 31.508139110974508, 'noise_gpi_sigma': 51.01494485376443, 'g_stn_gpe_mult': 1.1321865840410124, 'g_gpe_stn_mult': 1.5098711716626292, 'g_stn_gpi_mult': 1.5623102105767992, 'g_gpe_gpi_mult': 1.335788914679691}. Best is trial 298 with value: 0.5049823526316344.
[I 2026-05-28 22:47:42,365] Trial 307 finished with value: 1.0522956343723082 and parameters: {'ISTN': 168.58094061092646, 'I_gpe': 2.527085481816525, 'I_gpi': 2.8569032193722546, 'noise_stn_sigma': 2.841946164329115, 'noise_gpe_sigma': 29.336864039790207, 'noise_gpi_sigma': 49.10905604323196, 'g_stn_gpe_mult': 1.5207832301614195, 'g_gpe_stn_mult': 1.4281085398082665, 'g_stn_gpi_mult': 1.504841430698692, 'g_gpe_gpi_mult': 1.292699002193472}. Best is trial 298 with value: 0.5049823526316344.
