[I 2026-05-28 22:42:32,761] A new study created in memory with name: hh_healthy_450
[I 2026-05-28 22:42:35,172] Trial 0 finished with value: 114.92830274419521 and parameters: {'ISTN': 124.94481426168349, 'I_gpe': 7.655000144869414, 'I_gpi': 6.123957592679836, 'noise_stn_sigma': 3.1939631788866647, 'noise_gpe_sigma': 24.041677639819287, 'noise_gpi_sigma': 24.03950683025824, 'g_stn_gpe_mult': 0.5871254182522991, 'g_gpe_stn_mult': 1.7992642186624028, 'g_stn_gpi_mult': 1.4016725176148133, 'g_gpe_gpi_mult': 1.5621088666940683}. Best is trial 0 with value: 114.92830274419521.
[I 2026-05-28 22:42:36,179] Trial 1 finished with value: 105.36195690554652 and parameters: {'ISTN': 136.24530970631176, 'I_gpe': 3.5645184734615047, 'I_gpi': 2.820363815000532, 'noise_stn_sigma': 3.4103932089826516, 'noise_gpe_sigma': 41.06804120606526, 'noise_gpi_sigma': 84.88215693466582, 'g_stn_gpe_mult': 1.519280081219185, 'g_gpe_stn_mult': 1.2786363063404487, 'g_stn_gpi_mult': 0.9600786283598992, 'g_gpe_gpi_mult': 1.0574872782332816}. Best is trial 1 with value: 105.36195690554652.
[I 2026-05-28 22:42:37,182] Trial 2 finished with value: 105.38058821954567 and parameters: {'ISTN': 138.7426339428614, 'I_gpe': 3.3981613222892895, 'I_gpi': 2.9413314788027654, 'noise_stn_sigma': 2.680195622806033, 'noise_gpe_sigma': 62.46456639319115, 'noise_gpi_sigma': 73.87419017559088, 'g_stn_gpe_mult': 1.4087893723282086, 'g_gpe_stn_mult': 1.3197151997706016, 'g_stn_gpi_mult': 1.2174932338051017, 'g_gpe_gpi_mult': 1.5258092123330473}. Best is trial 1 with value: 105.36195690554652.
[I 2026-05-28 22:42:38,185] Trial 3 finished with value: 6.432257692627193 and parameters: {'ISTN': 165.41024338851818, 'I_gpe': 4.8809279811285275, 'I_gpi': 4.376515288593172, 'noise_stn_sigma': 2.8126955320298217, 'noise_gpe_sigma': 81.8047648325594, 'noise_gpi_sigma': 67.44100876059238, 'g_stn_gpe_mult': 1.1808591009430707, 'g_gpe_stn_mult': 0.8704283374385531, 'g_stn_gpi_mult': 1.7974671478093174, 'g_gpe_gpi_mult': 1.0942657507982196}. Best is trial 3 with value: 6.432257692627193.
[I 2026-05-28 22:42:39,187] Trial 4 finished with value: 106.38371116562149 and parameters: {'ISTN': 81.76934201640486, 'I_gpe': 4.644564293838846, 'I_gpi': 3.8695966536687636, 'noise_stn_sigma': 2.185915156186563, 'noise_gpe_sigma': 50.79357771379501, 'noise_gpi_sigma': 66.51327031684048, 'g_stn_gpe_mult': 1.3031746261747836, 'g_gpe_stn_mult': 0.7422281369190077, 'g_stn_gpi_mult': 1.0456373357600968, 'g_gpe_gpi_mult': 1.1853304917228293}. Best is trial 3 with value: 6.432257692627193.
[I 2026-05-28 22:42:40,188] Trial 5 finished with value: 9.30470119692935 and parameters: {'ISTN': 157.62447473043477, 'I_gpe': 3.016378554862643, 'I_gpi': 6.074594172781254, 'noise_stn_sigma': 2.3874843447588816, 'noise_gpe_sigma': 78.76105341713233, 'noise_gpi_sigma': 66.98068242184257, 'g_stn_gpe_mult': 1.1346196766608139, 'g_gpe_stn_mult': 1.3866496733770797, 'g_stn_gpi_mult': 1.4974690394206598, 'g_gpe_gpi_mult': 1.6453260042599778}. Best is trial 3 with value: 6.432257692627193.
[I 2026-05-28 22:42:41,193] Trial 6 finished with value: 1.7496619218525657 and parameters: {'ISTN': 162.158067171261, 'I_gpe': 3.3026586438396057, 'I_gpi': 4.225733332952853, 'noise_stn_sigma': 2.3308602099982316, 'noise_gpe_sigma': 47.48367907163524, 'noise_gpi_sigma': 39.11512764283913, 'g_stn_gpe_mult': 1.3043175378665348, 'g_gpe_stn_mult': 1.1239913072539836, 'g_stn_gpi_mult': 1.1736789504006495, 'g_gpe_gpi_mult': 0.8213938749282559}. Best is trial 6 with value: 1.7496619218525657.
[I 2026-05-28 22:42:42,199] Trial 7 finished with value: 77.4190246373818 and parameters: {'ISTN': 157.53076829773016, 'I_gpe': 3.097258817924651, 'I_gpi': 3.540356251445949, 'noise_stn_sigma': 1.5793655113274456, 'noise_gpe_sigma': 34.95492222985358, 'noise_gpi_sigma': 76.65990338053857, 'g_stn_gpe_mult': 1.1395462814403738, 'g_gpe_stn_mult': 0.9191127150427902, 'g_stn_gpi_mult': 0.8580623107046675, 'g_gpe_gpi_mult': 0.9769807821874592}. Best is trial 6 with value: 1.7496619218525657.
[I 2026-05-28 22:42:43,197] Trial 8 finished with value: 106.57768856827573 and parameters: {'ISTN': 166.9889502696435, 'I_gpe': 5.705217388635589, 'I_gpi': 2.8687120788513605, 'noise_stn_sigma': 2.044337451131611, 'noise_gpe_sigma': 61.515184372125375, 'noise_gpi_sigma': 64.6646503149876, 'g_stn_gpe_mult': 1.4141327665307002, 'g_gpe_stn_mult': 0.8296013895437604, 'g_stn_gpi_mult': 1.4286834889776623, 'g_gpe_gpi_mult': 1.3394496660573614}. Best is trial 6 with value: 1.7496619218525657.
[I 2026-05-28 22:42:44,195] Trial 9 finished with value: 106.37809542373242 and parameters: {'ISTN': 144.08193064240567, 'I_gpe': 4.176319187828374, 'I_gpi': 4.031206976428928, 'noise_stn_sigma': 2.0123081734217294, 'noise_gpe_sigma': 29.997193447323074, 'noise_gpi_sigma': 86.11186979659443, 'g_stn_gpe_mult': 1.272410174986331, 'g_gpe_stn_mult': 1.4488627070224562, 'g_stn_gpi_mult': 1.1444111084269613, 'g_gpe_gpi_mult': 1.2074911002762676}. Best is trial 6 with value: 1.7496619218525657.
[I 2026-05-28 22:42:45,196] Trial 10 finished with value: 106.49516299931855 and parameters: {'ISTN': 140.38573623983166, 'I_gpe': 5.528252619551024, 'I_gpi': 1.5921117443094526, 'noise_stn_sigma': 1.7635379889356004, 'noise_gpe_sigma': 85.8284365954095, 'noise_gpi_sigma': 62.94908738060139, 'g_stn_gpe_mult': 1.1689262486337346, 'g_gpe_stn_mult': 1.27718190076844, 'g_stn_gpi_mult': 1.0227675244879966, 'g_gpe_gpi_mult': 1.3977808150283397}. Best is trial 6 with value: 1.7496619218525657.
[I 2026-05-28 22:42:46,197] Trial 11 finished with value: 106.92531438394515 and parameters: {'ISTN': 130.10842562390724, 'I_gpe': 3.355743953250067, 'I_gpi': 4.415716812360142, 'noise_stn_sigma': 2.8597667408092526, 'noise_gpe_sigma': 45.557096305063084, 'noise_gpi_sigma': 29.639264962836403, 'g_stn_gpe_mult': 1.5466915065827678, 'g_gpe_stn_mult': 1.1404796428882926, 'g_stn_gpi_mult': 1.5285965726619821, 'g_gpe_gpi_mult': 1.5368226474010285}. Best is trial 6 with value: 1.7496619218525657.
[I 2026-05-28 22:42:47,201] Trial 12 finished with value: 80.78020995220692 and parameters: {'ISTN': 174.44127806061903, 'I_gpe': 3.4972178101325966, 'I_gpi': 4.387020471978605, 'noise_stn_sigma': 2.097561012161956, 'noise_gpe_sigma': 35.38958244328338, 'noise_gpi_sigma': 47.936241772254256, 'g_stn_gpe_mult': 1.6010784099324304, 'g_gpe_stn_mult': 0.9502751810228288, 'g_stn_gpi_mult': 1.5611239921678772, 'g_gpe_gpi_mult': 1.1067256204819242}. Best is trial 6 with value: 1.7496619218525657.
[I 2026-05-28 22:42:48,208] Trial 13 finished with value: 118.26187530571384 and parameters: {'ISTN': 164.3701849399626, 'I_gpe': 2.4420640177704223, 'I_gpi': 3.496316819081045, 'noise_stn_sigma': 1.836549636098446, 'noise_gpe_sigma': 35.548280991253485, 'noise_gpi_sigma': 85.97332977558669, 'g_stn_gpe_mult': 1.2695373188576173, 'g_gpe_stn_mult': 0.9629354406609725, 'g_stn_gpi_mult': 1.0793889101551795, 'g_gpe_gpi_mult': 1.115226979399731}. Best is trial 6 with value: 1.7496619218525657.
[I 2026-05-28 22:42:49,209] Trial 14 finished with value: 105.44143403402096 and parameters: {'ISTN': 151.81048287936216, 'I_gpe': 4.360651878138325, 'I_gpi': 2.1446889950455716, 'noise_stn_sigma': 2.7532169387990364, 'noise_gpe_sigma': 66.35421163978327, 'noise_gpi_sigma': 38.55272005451188, 'g_stn_gpe_mult': 0.9807375380239879, 'g_gpe_stn_mult': 1.3238467290139915, 'g_stn_gpi_mult': 1.4205329340303052, 'g_gpe_gpi_mult': 1.5793772581258378}. Best is trial 6 with value: 1.7496619218525657.
[I 2026-05-28 22:42:50,210] Trial 15 finished with value: 107.41451309320703 and parameters: {'ISTN': 170.44243462423043, 'I_gpe': 4.489814515062825, 'I_gpi': 4.676547090781007, 'noise_stn_sigma': 1.7855453576141207, 'noise_gpe_sigma': 61.06707955556996, 'noise_gpi_sigma': 63.85072483521757, 'g_stn_gpe_mult': 1.595766129866992, 'g_gpe_stn_mult': 1.1924326596316992, 'g_stn_gpi_mult': 1.598094757884049, 'g_gpe_gpi_mult': 0.7847548898115253}. Best is trial 6 with value: 1.7496619218525657.
[I 2026-05-28 22:42:51,210] Trial 16 finished with value: 107.44701418748303 and parameters: {'ISTN': 149.0193261910556, 'I_gpe': 3.9005108179644292, 'I_gpi': 4.802376702216627, 'noise_stn_sigma': 2.5495885787788057, 'noise_gpe_sigma': 68.91120233561172, 'noise_gpi_sigma': 43.51186665426085, 'g_stn_gpe_mult': 1.281607183501994, 'g_gpe_stn_mult': 1.2966591065728275, 'g_stn_gpi_mult': 1.3860838863223952, 'g_gpe_gpi_mult': 1.2430949890768621}. Best is trial 6 with value: 1.7496619218525657.
[I 2026-05-28 22:42:52,218] Trial 17 finished with value: 115.93550307995781 and parameters: {'ISTN': 186.63659707748045, 'I_gpe': 2.0656326421159386, 'I_gpi': 4.860369713106286, 'noise_stn_sigma': 2.595990281909909, 'noise_gpe_sigma': 50.35383005429373, 'noise_gpi_sigma': 83.23020338310566, 'g_stn_gpe_mult': 0.9856760433274918, 'g_gpe_stn_mult': 1.462709242332893, 'g_stn_gpi_mult': 1.6200118543805122, 'g_gpe_gpi_mult': 1.1002358716841125}. Best is trial 6 with value: 1.7496619218525657.
[I 2026-05-28 22:42:53,215] Trial 18 finished with value: 105.56281221133841 and parameters: {'ISTN': 146.26048348374337, 'I_gpe': 3.710279099025179, 'I_gpi': 3.2906685781081597, 'noise_stn_sigma': 2.934116537396285, 'noise_gpe_sigma': 57.937649418581096, 'noise_gpi_sigma': 83.75634358712662, 'g_stn_gpe_mult': 1.371930596272509, 'g_gpe_stn_mult': 1.6586136670822809, 'g_stn_gpi_mult': 1.0458324229380636, 'g_gpe_gpi_mult': 0.9360246382937186}. Best is trial 6 with value: 1.7496619218525657.
[I 2026-05-28 22:42:54,220] Trial 19 finished with value: 151.0947221382153 and parameters: {'ISTN': 174.03637078365892, 'I_gpe': 3.2953261132341805, 'I_gpi': 3.7547702210905474, 'noise_stn_sigma': 2.8474753334800416, 'noise_gpe_sigma': 56.317570806445175, 'noise_gpi_sigma': 57.4680460889269, 'g_stn_gpe_mult': 0.9709889233951083, 'g_gpe_stn_mult': 0.7441677326013826, 'g_stn_gpi_mult': 1.3295229423889448, 'g_gpe_gpi_mult': 1.095257742621397}. Best is trial 6 with value: 1.7496619218525657.
[I 2026-05-28 22:42:55,217] Trial 20 finished with value: 106.16106248610883 and parameters: {'ISTN': 181.6161017425551, 'I_gpe': 3.744219397089467, 'I_gpi': 3.894010543551498, 'noise_stn_sigma': 1.865595855552721, 'noise_gpe_sigma': 47.534171880031515, 'noise_gpi_sigma': 62.20968536790845, 'g_stn_gpe_mult': 1.0078563764751691, 'g_gpe_stn_mult': 1.445133782924323, 'g_stn_gpi_mult': 1.0862248303366102, 'g_gpe_gpi_mult': 1.1202489960442792}. Best is trial 6 with value: 1.7496619218525657.
[I 2026-05-28 22:42:56,215] Trial 21 finished with value: 109.10324577459785 and parameters: {'ISTN': 173.6474044371805, 'I_gpe': 6.04083420903201, 'I_gpi': 4.735967748623637, 'noise_stn_sigma': 2.329587601073128, 'noise_gpe_sigma': 14.784443927741684, 'noise_gpi_sigma': 41.91132674879188, 'g_stn_gpe_mult': 1.5910044824574756, 'g_gpe_stn_mult': 1.2129107572385602, 'g_stn_gpi_mult': 1.5413674399146937, 'g_gpe_gpi_mult': 1.340697248810291}. Best is trial 6 with value: 1.7496619218525657.
[I 2026-05-28 22:42:57,214] Trial 22 finished with value: 106.08912006296605 and parameters: {'ISTN': 165.92716114495846, 'I_gpe': 3.878656334121861, 'I_gpi': 3.7537825136357705, 'noise_stn_sigma': 2.1383310863167773, 'noise_gpe_sigma': 40.03846322488113, 'noise_gpi_sigma': 42.50517850857655, 'g_stn_gpe_mult': 0.9791446143544229, 'g_gpe_stn_mult': 1.2446768375189845, 'g_stn_gpi_mult': 1.0191803510478987, 'g_gpe_gpi_mult': 1.320483588976755}. Best is trial 6 with value: 1.7496619218525657.
[I 2026-05-28 22:42:58,158] Trial 23 finished with value: 1000000.0 and parameters: {'ISTN': 148.73010364058058, 'I_gpe': 4.466368182174811, 'I_gpi': 2.7972683323555243, 'noise_stn_sigma': 2.1680119819637884, 'noise_gpe_sigma': 73.74801142214199, 'noise_gpi_sigma': 68.70642483689825, 'g_stn_gpe_mult': 1.2865671322722276, 'g_gpe_stn_mult': 0.9421374996118935, 'g_stn_gpi_mult': 1.499288686976929, 'g_gpe_gpi_mult': 1.206970449087136}. Best is trial 6 with value: 1.7496619218525657.
[I 2026-05-28 22:42:59,155] Trial 24 finished with value: 105.72613416330637 and parameters: {'ISTN': 142.45720154142322, 'I_gpe': 3.8047440608905867, 'I_gpi': 3.2947191783772505, 'noise_stn_sigma': 2.995967216401613, 'noise_gpe_sigma': 49.12036912772772, 'noise_gpi_sigma': 18.3881654270426, 'g_stn_gpe_mult': 1.5956557393382507, 'g_gpe_stn_mult': 1.3371957286351384, 'g_stn_gpi_mult': 1.4472612619516925, 'g_gpe_gpi_mult': 1.998811842726203}. Best is trial 6 with value: 1.7496619218525657.
[I 2026-05-28 22:43:00,153] Trial 25 finished with value: 106.26636752839077 and parameters: {'ISTN': 179.40216280632586, 'I_gpe': 4.712381191457281, 'I_gpi': 3.691503334121767, 'noise_stn_sigma': 2.7432385339882273, 'noise_gpe_sigma': 50.57658345821113, 'noise_gpi_sigma': 60.131683392289546, 'g_stn_gpe_mult': 1.2477469017144731, 'g_gpe_stn_mult': 1.1405612311923496, 'g_stn_gpi_mult': 1.6185673847209643, 'g_gpe_gpi_mult': 1.0077972354824427}. Best is trial 6 with value: 1.7496619218525657.
[I 2026-05-28 22:43:01,155] Trial 26 finished with value: 107.73394271683561 and parameters: {'ISTN': 169.95523121530476, 'I_gpe': 2.3866584103273794, 'I_gpi': 2.4741664794692504, 'noise_stn_sigma': 3.03052363516064, 'noise_gpe_sigma': 44.08812373974999, 'noise_gpi_sigma': 47.86312461231916, 'g_stn_gpe_mult': 1.3568632754628958, 'g_gpe_stn_mult': 1.1202537461797957, 'g_stn_gpi_mult': 1.2460787312464423, 'g_gpe_gpi_mult': 1.2422081418814321}. Best is trial 6 with value: 1.7496619218525657.
[I 2026-05-28 22:43:02,158] Trial 27 finished with value: 48.21641092302794 and parameters: {'ISTN': 136.69851287774688, 'I_gpe': 1.6739938109058876, 'I_gpi': 2.861835697357552, 'noise_stn_sigma': 3.9380392095002237, 'noise_gpe_sigma': 44.303275630680304, 'noise_gpi_sigma': 55.78820595639527, 'g_stn_gpe_mult': 1.2970640727758243, 'g_gpe_stn_mult': 1.2375966518487687, 'g_stn_gpi_mult': 1.4472817554932267, 'g_gpe_gpi_mult': 1.0839945986819797}. Best is trial 6 with value: 1.7496619218525657.
[I 2026-05-28 22:43:03,156] Trial 28 finished with value: 106.88873152483588 and parameters: {'ISTN': 177.72837648936306, 'I_gpe': 5.021522456852842, 'I_gpi': 4.060819344303389, 'noise_stn_sigma': 1.3315636313880725, 'noise_gpe_sigma': 47.406865911064145, 'noise_gpi_sigma': 58.5473445173304, 'g_stn_gpe_mult': 1.6495581963094477, 'g_gpe_stn_mult': 1.3769759625343623, 'g_stn_gpi_mult': 1.1093520168882713, 'g_gpe_gpi_mult': 1.1247670266015999}. Best is trial 6 with value: 1.7496619218525657.
[I 2026-05-28 22:43:04,161] Trial 29 finished with value: 28.957418790466317 and parameters: {'ISTN': 133.16674712449492, 'I_gpe': 2.474074203248713, 'I_gpi': 5.3897965969814425, 'noise_stn_sigma': 2.393832779585582, 'noise_gpe_sigma': 61.275526129387316, 'noise_gpi_sigma': 68.57033433711032, 'g_stn_gpe_mult': 1.4699576144664042, 'g_gpe_stn_mult': 1.0262891659557098, 'g_stn_gpi_mult': 1.5248974867711875, 'g_gpe_gpi_mult': 0.7703492818999975}. Best is trial 6 with value: 1.7496619218525657.
[I 2026-05-28 22:43:05,160] Trial 30 finished with value: 105.38048788206079 and parameters: {'ISTN': 151.7771072459032, 'I_gpe': 3.5896225245564337, 'I_gpi': 1.8288895543807877, 'noise_stn_sigma': 3.3390738846553405, 'noise_gpe_sigma': 65.53280979323341, 'noise_gpi_sigma': 49.06229801298305, 'g_stn_gpe_mult': 1.4849634082116157, 'g_gpe_stn_mult': 1.190690016625982, 'g_stn_gpi_mult': 1.1330521972848642, 'g_gpe_gpi_mult': 1.3154490000569121}. Best is trial 6 with value: 1.7496619218525657.
[I 2026-05-28 22:43:06,164] Trial 31 finished with value: 18.327706655325084 and parameters: {'ISTN': 103.2608407007377, 'I_gpe': 1.9200648601911952, 'I_gpi': 4.330386281809548, 'noise_stn_sigma': 3.883860018589807, 'noise_gpe_sigma': 31.293088818499573, 'noise_gpi_sigma': 45.60112109649773, 'g_stn_gpe_mult': 1.4545029387701942, 'g_gpe_stn_mult': 0.9205522204407636, 'g_stn_gpi_mult': 1.4534414080076445, 'g_gpe_gpi_mult': 1.092204363632593}. Best is trial 6 with value: 1.7496619218525657.
[I 2026-05-28 22:43:07,164] Trial 32 finished with value: 4.440271988735023 and parameters: {'ISTN': 148.99518175312443, 'I_gpe': 2.9102818032780355, 'I_gpi': 2.7798278175412188, 'noise_stn_sigma': 2.983459132666667, 'noise_gpe_sigma': 46.540585897715246, 'noise_gpi_sigma': 70.68022651468156, 'g_stn_gpe_mult': 1.4474144818600398, 'g_gpe_stn_mult': 1.2594951353336237, 'g_stn_gpi_mult': 1.693680902804944, 'g_gpe_gpi_mult': 1.0487431774199456}. Best is trial 6 with value: 1.7496619218525657.
[I 2026-05-28 22:43:08,167] Trial 33 finished with value: 64.82563093808287 and parameters: {'ISTN': 144.6879386510854, 'I_gpe': 1.5561527645556283, 'I_gpi': 3.476681474655365, 'noise_stn_sigma': 3.124446743351269, 'noise_gpe_sigma': 42.52137792490145, 'noise_gpi_sigma': 51.95787735815807, 'g_stn_gpe_mult': 1.6219752724486027, 'g_gpe_stn_mult': 1.1791129983664665, 'g_stn_gpi_mult': 1.34238215336939, 'g_gpe_gpi_mult': 0.9764770582179895}. Best is trial 6 with value: 1.7496619218525657.
[I 2026-05-28 22:43:09,166] Trial 34 finished with value: 106.2267698619199 and parameters: {'ISTN': 113.94117534413769, 'I_gpe': 3.381226703316815, 'I_gpi': 3.9380935849535406, 'noise_stn_sigma': 3.1135789548594857, 'noise_gpe_sigma': 57.873026967410574, 'noise_gpi_sigma': 54.546934875674346, 'g_stn_gpe_mult': 1.2138485645703811, 'g_gpe_stn_mult': 1.1622181914904708, 'g_stn_gpi_mult': 1.4553962229442834, 'g_gpe_gpi_mult': 0.9892185751313287}. Best is trial 6 with value: 1.7496619218525657.
[I 2026-05-28 22:43:10,168] Trial 35 finished with value: 2.0491692297942947 and parameters: {'ISTN': 104.37964342169639, 'I_gpe': 2.2115027237757725, 'I_gpi': 3.633353126677801, 'noise_stn_sigma': 2.7551211181925908, 'noise_gpe_sigma': 45.690830618670184, 'noise_gpi_sigma': 45.47942437218361, 'g_stn_gpe_mult': 1.7329502301266237, 'g_gpe_stn_mult': 1.087126362148485, 'g_stn_gpi_mult': 1.4386658988742596, 'g_gpe_gpi_mult': 0.7086673228110216}. Best is trial 6 with value: 1.7496619218525657.
[I 2026-05-28 22:43:11,172] Trial 36 finished with value: 90.67130405437902 and parameters: {'ISTN': 153.34849624229162, 'I_gpe': 1.8699798221355883, 'I_gpi': 3.1443556558807284, 'noise_stn_sigma': 4.98473522876227, 'noise_gpe_sigma': 78.52989217868783, 'noise_gpi_sigma': 45.62432688951234, 'g_stn_gpe_mult': 1.307307814627364, 'g_gpe_stn_mult': 1.050654452871557, 'g_stn_gpi_mult': 1.4561115245728908, 'g_gpe_gpi_mult': 1.2426347053386}. Best is trial 6 with value: 1.7496619218525657.
[I 2026-05-28 22:43:12,172] Trial 37 finished with value: 107.2841288701227 and parameters: {'ISTN': 109.30044061652978, 'I_gpe': 2.2660047491419117, 'I_gpi': 4.436046704238318, 'noise_stn_sigma': 2.8944085405928464, 'noise_gpe_sigma': 32.234140938978165, 'noise_gpi_sigma': 59.009610135324635, 'g_stn_gpe_mult': 1.2215741992854638, 'g_gpe_stn_mult': 1.262443574694778, 'g_stn_gpi_mult': 1.1747217800762313, 'g_gpe_gpi_mult': 1.0665809002526374}. Best is trial 6 with value: 1.7496619218525657.
[I 2026-05-28 22:43:13,172] Trial 38 finished with value: 108.58597087249342 and parameters: {'ISTN': 104.83163416880787, 'I_gpe': 3.834025217066859, 'I_gpi': 5.395654285126301, 'noise_stn_sigma': 2.131173833627667, 'noise_gpe_sigma': 55.65748438761277, 'noise_gpi_sigma': 29.080934184255828, 'g_stn_gpe_mult': 1.424264011556982, 'g_gpe_stn_mult': 1.0423164651951957, 'g_stn_gpi_mult': 1.57957740541087, 'g_gpe_gpi_mult': 1.0938756699828491}. Best is trial 6 with value: 1.7496619218525657.
[I 2026-05-28 22:43:14,171] Trial 39 finished with value: 106.2389627689239 and parameters: {'ISTN': 125.61040322506884, 'I_gpe': 4.172846131185034, 'I_gpi': 3.9224987785251044, 'noise_stn_sigma': 2.688205701062118, 'noise_gpe_sigma': 67.74556048525592, 'noise_gpi_sigma': 54.97743552901541, 'g_stn_gpe_mult': 1.4799264930450766, 'g_gpe_stn_mult': 1.131474592804218, 'g_stn_gpi_mult': 1.0694402657427453, 'g_gpe_gpi_mult': 1.1426146367483594}. Best is trial 6 with value: 1.7496619218525657.
[I 2026-05-28 22:43:15,175] Trial 40 finished with value: 101.65941358026146 and parameters: {'ISTN': 128.97563438465158, 'I_gpe': 1.3017815727429485, 'I_gpi': 3.74909477307766, 'noise_stn_sigma': 3.1521993215703494, 'noise_gpe_sigma': 63.808700648915405, 'noise_gpi_sigma': 57.55681567135062, 'g_stn_gpe_mult': 1.1327054810923785, 'g_gpe_stn_mult': 1.0871960050069034, 'g_stn_gpi_mult': 1.6068301687237687, 'g_gpe_gpi_mult': 1.0713948890484035}. Best is trial 6 with value: 1.7496619218525657.
[I 2026-05-28 22:43:16,182] Trial 41 finished with value: 46.74006391487259 and parameters: {'ISTN': 124.56616557670795, 'I_gpe': 1.1735698690009806, 'I_gpi': 3.2214902639534153, 'noise_stn_sigma': 3.017479769519207, 'noise_gpe_sigma': 31.991713620509014, 'noise_gpi_sigma': 26.086970124354746, 'g_stn_gpe_mult': 1.61831815896752, 'g_gpe_stn_mult': 0.9858246760966844, 'g_stn_gpi_mult': 1.6235031979563614, 'g_gpe_gpi_mult': 1.1714766204419105}. Best is trial 6 with value: 1.7496619218525657.
[I 2026-05-28 22:43:17,183] Trial 42 finished with value: 38.69905146469605 and parameters: {'ISTN': 150.37859511369797, 'I_gpe': 2.2443535898994975, 'I_gpi': 3.907645019593152, 'noise_stn_sigma': 2.6227841746047313, 'noise_gpe_sigma': 50.605752733922856, 'noise_gpi_sigma': 60.92709971286041, 'g_stn_gpe_mult': 1.2853331871357765, 'g_gpe_stn_mult': 1.2191100185507808, 'g_stn_gpi_mult': 1.4362914768307147, 'g_gpe_gpi_mult': 0.8840733163317157}. Best is trial 6 with value: 1.7496619218525657.
[I 2026-05-28 22:43:18,188] Trial 43 finished with value: 36.47177376996702 and parameters: {'ISTN': 155.97510067196563, 'I_gpe': 2.402338490235505, 'I_gpi': 2.683972758694284, 'noise_stn_sigma': 3.9799597795683175, 'noise_gpe_sigma': 63.03266417217334, 'noise_gpi_sigma': 86.51944161314745, 'g_stn_gpe_mult': 1.74196823482214, 'g_gpe_stn_mult': 1.1930761177700657, 'g_stn_gpi_mult': 1.0036709103175914, 'g_gpe_gpi_mult': 0.7923231345113625}. Best is trial 6 with value: 1.7496619218525657.
