[I 2026-05-28 22:42:07,761] Trial 484 finished with value: 105.51014030917429 and parameters: {'ISTN': 140.6635339863506, 'I_gpe': 4.198415808806747, 'I_gpi': 3.466659875525429, 'noise_stn_sigma': 3.6538657409541253, 'noise_gpe_sigma': 22.26016093497903, 'noise_gpi_sigma': 68.24023761953539, 'g_stn_gpe_mult': 1.2971819319769395, 'g_gpe_stn_mult': 0.8507878924678796, 'g_stn_gpi_mult': 0.9242135548994659, 'g_gpe_gpi_mult': 1.4924720407446526}. Best is trial 102 with value: 0.29735011365907316.
[I 2026-05-28 22:42:08,767] Trial 485 finished with value: 4.492985789190284 and parameters: {'ISTN': 135.3829998858182, 'I_gpe': 3.383494758309017, 'I_gpi': 3.8717562344432577, 'noise_stn_sigma': 3.8427240726428806, 'noise_gpe_sigma': 32.66668794613523, 'noise_gpi_sigma': 66.11872806211656, 'g_stn_gpe_mult': 1.0309674435780207, 'g_gpe_stn_mult': 0.9993053145981144, 'g_stn_gpi_mult': 0.6836705095790366, 'g_gpe_gpi_mult': 1.3875060963533004}. Best is trial 102 with value: 0.29735011365907316.
[I 2026-05-28 22:42:09,771] Trial 486 finished with value: 105.55575642002484 and parameters: {'ISTN': 144.09841743629136, 'I_gpe': 4.162948016045176, 'I_gpi': 3.038649884337934, 'noise_stn_sigma': 3.678968536140696, 'noise_gpe_sigma': 27.377688767636403, 'noise_gpi_sigma': 59.60271773360526, 'g_stn_gpe_mult': 1.0440152304897072, 'g_gpe_stn_mult': 0.9660335142023955, 'g_stn_gpi_mult': 0.7729415778847576, 'g_gpe_gpi_mult': 1.569426194990514}. Best is trial 102 with value: 0.29735011365907316.
[I 2026-05-28 22:42:10,779] Trial 487 finished with value: 3.946106654112941 and parameters: {'ISTN': 125.53643484509124, 'I_gpe': 3.0460512427262394, 'I_gpi': 3.9777953485166604, 'noise_stn_sigma': 3.487685099196301, 'noise_gpe_sigma': 35.10211214907443, 'noise_gpi_sigma': 63.39347519356162, 'g_stn_gpe_mult': 1.4452808750278552, 'g_gpe_stn_mult': 0.9216207336475911, 'g_stn_gpi_mult': 0.9103506014090162, 'g_gpe_gpi_mult': 1.6389806310360406}. Best is trial 102 with value: 0.29735011365907316.
[I 2026-05-28 22:42:11,785] Trial 488 finished with value: 5.400052529209253 and parameters: {'ISTN': 134.87943698633808, 'I_gpe': 3.8621346734891095, 'I_gpi': 3.7987475677609384, 'noise_stn_sigma': 3.7504672559983225, 'noise_gpe_sigma': 21.32524890154749, 'noise_gpi_sigma': 58.74263175936539, 'g_stn_gpe_mult': 1.0105766581170572, 'g_gpe_stn_mult': 0.8891149712009578, 'g_stn_gpi_mult': 0.9590503693507819, 'g_gpe_gpi_mult': 1.517697795271703}. Best is trial 102 with value: 0.29735011365907316.
[I 2026-05-28 22:42:12,792] Trial 489 finished with value: 21.06416662110885 and parameters: {'ISTN': 151.62310552904898, 'I_gpe': 3.4950371649241188, 'I_gpi': 4.189874594788499, 'noise_stn_sigma': 4.167237589472775, 'noise_gpe_sigma': 35.65522763184204, 'noise_gpi_sigma': 64.23206214691434, 'g_stn_gpe_mult': 1.3295122679925773, 'g_gpe_stn_mult': 0.9373554461454263, 'g_stn_gpi_mult': 0.8943773573409558, 'g_gpe_gpi_mult': 1.5743810565111465}. Best is trial 102 with value: 0.29735011365907316.
[I 2026-05-28 22:42:13,795] Trial 490 finished with value: 4.521596807351835 and parameters: {'ISTN': 116.18443417030457, 'I_gpe': 3.0391592748282195, 'I_gpi': 3.605553526910934, 'noise_stn_sigma': 3.5393939835450787, 'noise_gpe_sigma': 31.805302128097626, 'noise_gpi_sigma': 74.1301489527809, 'g_stn_gpe_mult': 1.260427160127836, 'g_gpe_stn_mult': 0.9747274934170518, 'g_stn_gpi_mult': 0.7516855153217588, 'g_gpe_gpi_mult': 1.4697054585489369}. Best is trial 102 with value: 0.29735011365907316.
[I 2026-05-28 22:42:14,800] Trial 491 finished with value: 106.56852636443986 and parameters: {'ISTN': 129.79802238818712, 'I_gpe': 3.459600097526512, 'I_gpi': 4.21569138638799, 'noise_stn_sigma': 3.4380742233570065, 'noise_gpe_sigma': 31.558486121963305, 'noise_gpi_sigma': 66.59316170924836, 'g_stn_gpe_mult': 1.30986712230694, 'g_gpe_stn_mult': 0.994601840439993, 'g_stn_gpi_mult': 0.8129605288885687, 'g_gpe_gpi_mult': 1.4802263965076408}. Best is trial 102 with value: 0.29735011365907316.
[I 2026-05-28 22:42:15,810] Trial 492 finished with value: 18.814498217353854 and parameters: {'ISTN': 140.2371639071557, 'I_gpe': 3.586492997581188, 'I_gpi': 4.077165613458078, 'noise_stn_sigma': 3.063909360025306, 'noise_gpe_sigma': 34.63682096056043, 'noise_gpi_sigma': 59.51223833891824, 'g_stn_gpe_mult': 1.3221525132925442, 'g_gpe_stn_mult': 0.8469689592557356, 'g_stn_gpi_mult': 0.9026032074102213, 'g_gpe_gpi_mult': 1.3842179420896925}. Best is trial 102 with value: 0.29735011365907316.
[I 2026-05-28 22:42:16,818] Trial 493 finished with value: 1.784520855685538 and parameters: {'ISTN': 135.8607234051169, 'I_gpe': 3.337395949100906, 'I_gpi': 3.700962644757302, 'noise_stn_sigma': 3.511471797379952, 'noise_gpe_sigma': 29.968259054981935, 'noise_gpi_sigma': 65.54156646766418, 'g_stn_gpe_mult': 1.2261827239044019, 'g_gpe_stn_mult': 0.9730037325528078, 'g_stn_gpi_mult': 0.970949518789384, 'g_gpe_gpi_mult': 1.4719181422825522}. Best is trial 102 with value: 0.29735011365907316.
[I 2026-05-28 22:42:17,828] Trial 494 finished with value: 12.096026390186665 and parameters: {'ISTN': 137.07826562356266, 'I_gpe': 2.9517884692309213, 'I_gpi': 4.024268259167554, 'noise_stn_sigma': 3.673981562795702, 'noise_gpe_sigma': 36.528946241416406, 'noise_gpi_sigma': 66.93835722890464, 'g_stn_gpe_mult': 1.327821110519178, 'g_gpe_stn_mult': 0.9841869210015708, 'g_stn_gpi_mult': 0.9031780698948841, 'g_gpe_gpi_mult': 1.379041097739914}. Best is trial 102 with value: 0.29735011365907316.
[I 2026-05-28 22:42:18,836] Trial 495 finished with value: 1.4127857654759626 and parameters: {'ISTN': 135.39986993084324, 'I_gpe': 3.3357662774184162, 'I_gpi': 3.864221562279961, 'noise_stn_sigma': 3.482561182232494, 'noise_gpe_sigma': 34.3292549793447, 'noise_gpi_sigma': 60.77692166792496, 'g_stn_gpe_mult': 1.3375667805866454, 'g_gpe_stn_mult': 0.9627488573423751, 'g_stn_gpi_mult': 0.6678838974095399, 'g_gpe_gpi_mult': 1.3109779386602953}. Best is trial 102 with value: 0.29735011365907316.
[I 2026-05-28 22:42:19,840] Trial 496 finished with value: 105.57983843996335 and parameters: {'ISTN': 149.2836084350404, 'I_gpe': 3.6406045916398755, 'I_gpi': 3.21267346208911, 'noise_stn_sigma': 3.4182767044829796, 'noise_gpe_sigma': 31.44650463856152, 'noise_gpi_sigma': 67.41071817300781, 'g_stn_gpe_mult': 1.1338845207645296, 'g_gpe_stn_mult': 1.1265067280594776, 'g_stn_gpi_mult': 0.6916410653621883, 'g_gpe_gpi_mult': 1.390173766996103}. Best is trial 102 with value: 0.29735011365907316.
[I 2026-05-28 22:42:20,847] Trial 497 finished with value: 13.913306658686771 and parameters: {'ISTN': 121.76205486653583, 'I_gpe': 3.1519502230154774, 'I_gpi': 4.557347712711747, 'noise_stn_sigma': 2.7830671505068825, 'noise_gpe_sigma': 33.72621963743023, 'noise_gpi_sigma': 72.0104612262986, 'g_stn_gpe_mult': 1.2099671828044047, 'g_gpe_stn_mult': 0.83942488810058, 'g_stn_gpi_mult': 0.8322878739350668, 'g_gpe_gpi_mult': 1.5276266558840783}. Best is trial 102 with value: 0.29735011365907316.
[I 2026-05-28 22:42:21,857] Trial 498 finished with value: 2.265635278314454 and parameters: {'ISTN': 126.82127059161058, 'I_gpe': 2.9500260748056775, 'I_gpi': 3.391240148144643, 'noise_stn_sigma': 2.9538453246696754, 'noise_gpe_sigma': 30.056108028252844, 'noise_gpi_sigma': 71.60644458744694, 'g_stn_gpe_mult': 1.2813269004839072, 'g_gpe_stn_mult': 1.027306761789371, 'g_stn_gpi_mult': 1.0075693422796652, 'g_gpe_gpi_mult': 1.5298107586443754}. Best is trial 102 with value: 0.29735011365907316.
[I 2026-05-28 22:42:22,863] Trial 499 finished with value: 1.5764518017417437 and parameters: {'ISTN': 125.23026738741197, 'I_gpe': 2.9581425476472, 'I_gpi': 4.08887441253872, 'noise_stn_sigma': 3.45357278097492, 'noise_gpe_sigma': 32.10403317770506, 'noise_gpi_sigma': 77.69668541351973, 'g_stn_gpe_mult': 1.2298495367946396, 'g_gpe_stn_mult': 0.9923089930772734, 'g_stn_gpi_mult': 0.667449298073576, 'g_gpe_gpi_mult': 1.494345502208313}. Best is trial 102 with value: 0.29735011365907316.
JAX devices: [CudaDevice(id=0)]

Building 450-neuron HH network...
Warming up JIT...
JIT ready!

============================================================
HH Network Optimization - Healthy State (10 params)
============================================================
Network: 100/200/150 neurons
Targets: STN=20.0Hz, GPe=70.0Hz, GPi=80.0Hz
         Beta_GPe < 5% (penalty weight=15.0x)
============================================================

============================================================
OPTIMIZATION COMPLETE
============================================================
Time: 8.4 minutes (1009ms/trial)
Best score: 0.2974

Best intrinsic parameters:
  ISTN: 146.244
  I_gpe: 3.060
  I_gpi: 2.402
  noise_stn_sigma: 4.234
  noise_gpe_sigma: 46.987
  noise_gpi_sigma: 55.175

Best synaptic multipliers:
  g_stn_gpe_mult: 1.383
  g_gpe_stn_mult: 1.117
  g_stn_gpi_mult: 1.333
  g_gpe_gpi_mult: 1.341

Best metrics:
  STN: 17.5 Hz (target: 20.0)
  GPe: 61.9 Hz (target: 70.0)
  GPi: 83.3 Hz (target: 80.0)
  STN CV: 0.19 (target: 0.4)
  GPe CV: 0.13 (target: 0.35)
  GPi CV: 0.15 (target: 0.2)

  GPe Beta: 0.3% (target: <5%)
  STN Beta: 6.3%

Results saved to results/sensitivity2/healthy_seeds/healthy_seed7.pkl
