[I 2026-05-28 22:43:19,185] Trial 44 finished with value: 4.968663914365314 and parameters: {'ISTN': 95.08181283646853, 'I_gpe': 1.1800784892239728, 'I_gpi': 2.980597817676406, 'noise_stn_sigma': 2.8798460987744776, 'noise_gpe_sigma': 28.97309310437473, 'noise_gpi_sigma': 45.26731472559416, 'g_stn_gpe_mult': 1.4709962664086957, 'g_gpe_stn_mult': 1.657052006606998, 'g_stn_gpi_mult': 1.585641823898309, 'g_gpe_gpi_mult': 1.2193211905929973}. Best is trial 6 with value: 1.7496619218525657.
[I 2026-05-28 22:43:20,186] Trial 45 finished with value: 81.27568290366371 and parameters: {'ISTN': 136.3663376261362, 'I_gpe': 1.1743590117668787, 'I_gpi': 4.35436859221212, 'noise_stn_sigma': 3.0579846665518335, 'noise_gpe_sigma': 50.72005094319276, 'noise_gpi_sigma': 66.45791743967503, 'g_stn_gpe_mult': 1.4761548645696947, 'g_gpe_stn_mult': 1.2479916204559611, 'g_stn_gpi_mult': 1.2811047537894105, 'g_gpe_gpi_mult': 0.9084895749004714}. Best is trial 6 with value: 1.7496619218525657.
[I 2026-05-28 22:43:21,193] Trial 46 finished with value: 54.782846932430424 and parameters: {'ISTN': 132.39104752235602, 'I_gpe': 1.2606898243181217, 'I_gpi': 2.106147630803948, 'noise_stn_sigma': 2.4304794903067526, 'noise_gpe_sigma': 38.80884824756749, 'noise_gpi_sigma': 50.15633535859093, 'g_stn_gpe_mult': 1.7365578056770274, 'g_gpe_stn_mult': 1.0454678050583146, 'g_stn_gpi_mult': 1.4923956285757882, 'g_gpe_gpi_mult': 1.2093134268616508}. Best is trial 6 with value: 1.7496619218525657.
[I 2026-05-28 22:43:22,193] Trial 47 finished with value: 105.54112573051401 and parameters: {'ISTN': 102.71843846386474, 'I_gpe': 2.9743111042782315, 'I_gpi': 1.6829431084737507, 'noise_stn_sigma': 3.2117127530732903, 'noise_gpe_sigma': 69.82659679576334, 'noise_gpi_sigma': 53.791429781161746, 'g_stn_gpe_mult': 1.9332879992591803, 'g_gpe_stn_mult': 1.2354150178886525, 'g_stn_gpi_mult': 1.3302659143712745, 'g_gpe_gpi_mult': 1.3271187422021113}. Best is trial 6 with value: 1.7496619218525657.
[I 2026-05-28 22:43:23,190] Trial 48 finished with value: 105.98782904628526 and parameters: {'ISTN': 110.40496297694145, 'I_gpe': 2.3844596739620973, 'I_gpi': 3.5525953745467183, 'noise_stn_sigma': 3.6342025806222105, 'noise_gpe_sigma': 34.81484497742919, 'noise_gpi_sigma': 60.42220347887443, 'g_stn_gpe_mult': 1.428309456778727, 'g_gpe_stn_mult': 1.2108519688367947, 'g_stn_gpi_mult': 1.3864776315577543, 'g_gpe_gpi_mult': 0.8555012389145283}. Best is trial 6 with value: 1.7496619218525657.
[I 2026-05-28 22:43:24,191] Trial 49 finished with value: 33.81725583082028 and parameters: {'ISTN': 143.45088209396292, 'I_gpe': 3.930081048187264, 'I_gpi': 1.867696829596445, 'noise_stn_sigma': 3.04679118142621, 'noise_gpe_sigma': 50.29648564769063, 'noise_gpi_sigma': 47.05512229266377, 'g_stn_gpe_mult': 1.6442405657431263, 'g_gpe_stn_mult': 0.7670074330075203, 'g_stn_gpi_mult': 1.6602934367270108, 'g_gpe_gpi_mult': 0.6133788187299215}. Best is trial 6 with value: 1.7496619218525657.
[I 2026-05-28 22:43:25,197] Trial 50 finished with value: 28.756495805699934 and parameters: {'ISTN': 117.00453630033778, 'I_gpe': 1.4735373089630883, 'I_gpi': 4.106425298348087, 'noise_stn_sigma': 3.708621735819078, 'noise_gpe_sigma': 37.81890114158407, 'noise_gpi_sigma': 46.23326112202551, 'g_stn_gpe_mult': 1.820312904905062, 'g_gpe_stn_mult': 1.1229566384652183, 'g_stn_gpi_mult': 1.4350611796012158, 'g_gpe_gpi_mult': 1.0807308090119117}. Best is trial 6 with value: 1.7496619218525657.
[I 2026-05-28 22:43:26,201] Trial 51 finished with value: 11.788370010476811 and parameters: {'ISTN': 106.33675848957253, 'I_gpe': 1.0751639226127854, 'I_gpi': 1.7644410885393254, 'noise_stn_sigma': 2.9733403068193525, 'noise_gpe_sigma': 41.87785878828771, 'noise_gpi_sigma': 36.239963355237535, 'g_stn_gpe_mult': 1.8271662263241346, 'g_gpe_stn_mult': 1.3381928351613162, 'g_stn_gpi_mult': 1.5157241583707486, 'g_gpe_gpi_mult': 1.0258917073053677}. Best is trial 6 with value: 1.7496619218525657.
[I 2026-05-28 22:43:27,201] Trial 52 finished with value: 104.87936490893003 and parameters: {'ISTN': 116.01061763693463, 'I_gpe': 2.6973921359607926, 'I_gpi': 2.3824785568093994, 'noise_stn_sigma': 1.80884403965543, 'noise_gpe_sigma': 52.84402514211167, 'noise_gpi_sigma': 63.30929078116614, 'g_stn_gpe_mult': 1.4940701287779097, 'g_gpe_stn_mult': 1.1289295946362947, 'g_stn_gpi_mult': 1.895135821949466, 'g_gpe_gpi_mult': 0.9533659051183236}. Best is trial 6 with value: 1.7496619218525657.
[I 2026-05-28 22:43:28,205] Trial 53 finished with value: 44.34232680283812 and parameters: {'ISTN': 121.6321396983416, 'I_gpe': 1.4066473143130174, 'I_gpi': 3.678389583965428, 'noise_stn_sigma': 2.444620384205633, 'noise_gpe_sigma': 54.85910739793054, 'noise_gpi_sigma': 59.59878780509897, 'g_stn_gpe_mult': 1.440873632788919, 'g_gpe_stn_mult': 0.8947924337559127, 'g_stn_gpi_mult': 1.4810207255494463, 'g_gpe_gpi_mult': 0.8887804735949926}. Best is trial 6 with value: 1.7496619218525657.
[I 2026-05-28 22:43:29,204] Trial 54 finished with value: 105.55642287447809 and parameters: {'ISTN': 105.73537878417271, 'I_gpe': 2.7612307340108235, 'I_gpi': 2.0122040294101153, 'noise_stn_sigma': 2.373232599105571, 'noise_gpe_sigma': 25.413708581233287, 'noise_gpi_sigma': 51.26570444271597, 'g_stn_gpe_mult': 1.5103310985154585, 'g_gpe_stn_mult': 1.0882361400481422, 'g_stn_gpi_mult': 1.9329081521512255, 'g_gpe_gpi_mult': 1.1835871518850503}. Best is trial 6 with value: 1.7496619218525657.
[I 2026-05-28 22:43:30,203] Trial 55 finished with value: 105.82361077362114 and parameters: {'ISTN': 120.20777880158647, 'I_gpe': 2.001347308872436, 'I_gpi': 2.628022819290962, 'noise_stn_sigma': 3.8507276724474795, 'noise_gpe_sigma': 44.24816393899984, 'noise_gpi_sigma': 37.15199707959103, 'g_stn_gpe_mult': 1.2909710543679975, 'g_gpe_stn_mult': 1.546673673831382, 'g_stn_gpi_mult': 1.1619775540722577, 'g_gpe_gpi_mult': 1.073192244701384}. Best is trial 6 with value: 1.7496619218525657.
[I 2026-05-28 22:43:31,207] Trial 56 finished with value: 21.81616752774391 and parameters: {'ISTN': 117.80872884211871, 'I_gpe': 1.409883333397178, 'I_gpi': 3.3252237722867988, 'noise_stn_sigma': 2.671425855599862, 'noise_gpe_sigma': 26.18859534285642, 'noise_gpi_sigma': 55.10510776652861, 'g_stn_gpe_mult': 1.4896776940102867, 'g_gpe_stn_mult': 1.271059396210459, 'g_stn_gpi_mult': 1.3496515044424764, 'g_gpe_gpi_mult': 0.8429380288398013}. Best is trial 6 with value: 1.7496619218525657.
[I 2026-05-28 22:43:32,209] Trial 57 finished with value: 0.9866185303337708 and parameters: {'ISTN': 127.61472838471533, 'I_gpe': 1.905201991953426, 'I_gpi': 1.4107394199184917, 'noise_stn_sigma': 3.0270296401051233, 'noise_gpe_sigma': 27.162368411017454, 'noise_gpi_sigma': 25.379394371080185, 'g_stn_gpe_mult': 1.664757476544167, 'g_gpe_stn_mult': 1.3504648483135429, 'g_stn_gpi_mult': 1.524270624322517, 'g_gpe_gpi_mult': 0.9356333426093406}. Best is trial 57 with value: 0.9866185303337708.
[I 2026-05-28 22:43:33,208] Trial 58 finished with value: 107.0488589693409 and parameters: {'ISTN': 100.25102656884097, 'I_gpe': 2.4437097563422525, 'I_gpi': 4.293289582646582, 'noise_stn_sigma': 3.6405307347147797, 'noise_gpe_sigma': 24.104945333750905, 'noise_gpi_sigma': 55.571962055851785, 'g_stn_gpe_mult': 1.40399113527587, 'g_gpe_stn_mult': 1.3828462732565254, 'g_stn_gpi_mult': 1.4791697038603493, 'g_gpe_gpi_mult': 0.6236642516451466}. Best is trial 57 with value: 0.9866185303337708.
[I 2026-05-28 22:43:34,212] Trial 59 finished with value: 17.67173636866026 and parameters: {'ISTN': 116.0219170622245, 'I_gpe': 1.8256144087383914, 'I_gpi': 1.2789183006998492, 'noise_stn_sigma': 4.053987059793161, 'noise_gpe_sigma': 40.884469182549495, 'noise_gpi_sigma': 36.731374862081786, 'g_stn_gpe_mult': 1.801998400320426, 'g_gpe_stn_mult': 1.08435119269789, 'g_stn_gpi_mult': 1.226496708414125, 'g_gpe_gpi_mult': 1.1109855255620391}. Best is trial 57 with value: 0.9866185303337708.
[I 2026-05-28 22:43:35,214] Trial 60 finished with value: 83.24048113238497 and parameters: {'ISTN': 152.10103282521206, 'I_gpe': 1.7295823562943051, 'I_gpi': 3.250145071033115, 'noise_stn_sigma': 3.818134786871422, 'noise_gpe_sigma': 19.537036900810296, 'noise_gpi_sigma': 47.68177840298104, 'g_stn_gpe_mult': 1.665815468338422, 'g_gpe_stn_mult': 1.1093622065058437, 'g_stn_gpi_mult': 1.1846398961228353, 'g_gpe_gpi_mult': 1.0372289316335364}. Best is trial 57 with value: 0.9866185303337708.
[I 2026-05-28 22:43:36,216] Trial 61 finished with value: 105.48635288632836 and parameters: {'ISTN': 139.72949184779836, 'I_gpe': 3.1756904447034984, 'I_gpi': 2.9035119976440713, 'noise_stn_sigma': 2.919857310078512, 'noise_gpe_sigma': 43.110969288848715, 'noise_gpi_sigma': 44.79523407784711, 'g_stn_gpe_mult': 1.7599662356318042, 'g_gpe_stn_mult': 1.4180786740135254, 'g_stn_gpi_mult': 1.4959395900624228, 'g_gpe_gpi_mult': 0.9178606348668688}. Best is trial 57 with value: 0.9866185303337708.
[I 2026-05-28 22:43:37,222] Trial 62 finished with value: 21.10936531455871 and parameters: {'ISTN': 131.8937295770167, 'I_gpe': 2.786298095170588, 'I_gpi': 2.4313127515395445, 'noise_stn_sigma': 3.2057873111426023, 'noise_gpe_sigma': 58.51658149557722, 'noise_gpi_sigma': 36.22777541718952, 'g_stn_gpe_mult': 1.7540273429747466, 'g_gpe_stn_mult': 0.9498852854306123, 'g_stn_gpi_mult': 1.48336904344292, 'g_gpe_gpi_mult': 0.8058175863504711}. Best is trial 57 with value: 0.9866185303337708.
[I 2026-05-28 22:43:38,223] Trial 63 finished with value: 4.108868979570435 and parameters: {'ISTN': 121.57544232110128, 'I_gpe': 2.5230290941914846, 'I_gpi': 2.8233182391102787, 'noise_stn_sigma': 2.5271235760042545, 'noise_gpe_sigma': 18.106089280219617, 'noise_gpi_sigma': 25.3522485215426, 'g_stn_gpe_mult': 1.9597015373841653, 'g_gpe_stn_mult': 1.1289124614192834, 'g_stn_gpi_mult': 1.6149137047041373, 'g_gpe_gpi_mult': 0.7926939651345933}. Best is trial 57 with value: 0.9866185303337708.
[I 2026-05-28 22:43:39,225] Trial 64 finished with value: 4.327520207453678 and parameters: {'ISTN': 112.2507431200399, 'I_gpe': 1.8135906091438705, 'I_gpi': 2.066209099292419, 'noise_stn_sigma': 2.9653850862398397, 'noise_gpe_sigma': 28.71357014289452, 'noise_gpi_sigma': 30.000031902242103, 'g_stn_gpe_mult': 1.6135610867217967, 'g_gpe_stn_mult': 1.3969963945944919, 'g_stn_gpi_mult': 1.3815375149191187, 'g_gpe_gpi_mult': 0.8889660717305141}. Best is trial 57 with value: 0.9866185303337708.
[I 2026-05-28 22:43:40,231] Trial 65 finished with value: 24.878529889076994 and parameters: {'ISTN': 112.57020128067569, 'I_gpe': 1.1047178650250364, 'I_gpi': 1.704833973821613, 'noise_stn_sigma': 3.2381463052903716, 'noise_gpe_sigma': 53.14573859855644, 'noise_gpi_sigma': 31.5589670923444, 'g_stn_gpe_mult': 1.7851722731135455, 'g_gpe_stn_mult': 1.3980740466417667, 'g_stn_gpi_mult': 1.090216773790911, 'g_gpe_gpi_mult': 0.8598470808013254}. Best is trial 57 with value: 0.9866185303337708.
[I 2026-05-28 22:43:41,231] Trial 66 finished with value: 105.51240846787572 and parameters: {'ISTN': 119.99859702608872, 'I_gpe': 4.422424718584377, 'I_gpi': 2.086489255158471, 'noise_stn_sigma': 3.373219572971686, 'noise_gpe_sigma': 45.48682418944457, 'noise_gpi_sigma': 40.76567739754365, 'g_stn_gpe_mult': 1.6189700213241915, 'g_gpe_stn_mult': 1.354837079082513, 'g_stn_gpi_mult': 1.2660829092117485, 'g_gpe_gpi_mult': 1.418620022607823}. Best is trial 57 with value: 0.9866185303337708.
[I 2026-05-28 22:43:42,231] Trial 67 finished with value: 105.76368222170368 and parameters: {'ISTN': 125.20824157343793, 'I_gpe': 2.8340426128483234, 'I_gpi': 1.4937596773580912, 'noise_stn_sigma': 2.636935420417165, 'noise_gpe_sigma': 46.440848914024215, 'noise_gpi_sigma': 32.02067584180132, 'g_stn_gpe_mult': 1.8458419983213088, 'g_gpe_stn_mult': 1.5916953387348782, 'g_stn_gpi_mult': 1.7858651891797324, 'g_gpe_gpi_mult': 0.9650525608556264}. Best is trial 57 with value: 0.9866185303337708.
[I 2026-05-28 22:43:43,235] Trial 68 finished with value: 13.426382257064699 and parameters: {'ISTN': 104.99109017948095, 'I_gpe': 1.4556440792866805, 'I_gpi': 2.719996008948839, 'noise_stn_sigma': 3.336329602566952, 'noise_gpe_sigma': 35.922119643440226, 'noise_gpi_sigma': 19.87375331047297, 'g_stn_gpe_mult': 1.5988446912579222, 'g_gpe_stn_mult': 1.138287950102231, 'g_stn_gpi_mult': 1.304230929483453, 'g_gpe_gpi_mult': 1.0583712064198911}. Best is trial 57 with value: 0.9866185303337708.
[I 2026-05-28 22:43:44,235] Trial 69 finished with value: 106.24846624793463 and parameters: {'ISTN': 130.2836789319971, 'I_gpe': 2.072632328565766, 'I_gpi': 1.2378337734732239, 'noise_stn_sigma': 3.6675369544809406, 'noise_gpe_sigma': 54.10297744156409, 'noise_gpi_sigma': 29.608812726574772, 'g_stn_gpe_mult': 1.5142949189524808, 'g_gpe_stn_mult': 1.622926043827238, 'g_stn_gpi_mult': 1.5176098185880285, 'g_gpe_gpi_mult': 1.4160565797082472}. Best is trial 57 with value: 0.9866185303337708.
[I 2026-05-28 22:43:45,242] Trial 70 finished with value: 32.835792907228246 and parameters: {'ISTN': 116.08166002301176, 'I_gpe': 1.617248952562971, 'I_gpi': 3.1151583236874485, 'noise_stn_sigma': 3.222299931563592, 'noise_gpe_sigma': 17.131751081925156, 'noise_gpi_sigma': 19.44581355819208, 'g_stn_gpe_mult': 1.4177558398983128, 'g_gpe_stn_mult': 0.9514328740976622, 'g_stn_gpi_mult': 1.5257727531267367, 'g_gpe_gpi_mult': 1.1768769943765338}. Best is trial 57 with value: 0.9866185303337708.
[I 2026-05-28 22:43:46,241] Trial 71 finished with value: 105.45128764172142 and parameters: {'ISTN': 124.70996292971881, 'I_gpe': 3.1190514570500056, 'I_gpi': 2.7155503329085953, 'noise_stn_sigma': 2.0270930142490684, 'noise_gpe_sigma': 49.19248072436286, 'noise_gpi_sigma': 35.3396819797696, 'g_stn_gpe_mult': 1.5346035074466222, 'g_gpe_stn_mult': 1.5296506965600056, 'g_stn_gpi_mult': 1.5051003899578377, 'g_gpe_gpi_mult': 0.5024724560751731}. Best is trial 57 with value: 0.9866185303337708.
[I 2026-05-28 22:43:47,242] Trial 72 finished with value: 4.570628263198224 and parameters: {'ISTN': 126.95627620835099, 'I_gpe': 2.883896887894178, 'I_gpi': 3.7316257601639893, 'noise_stn_sigma': 2.25026104372008, 'noise_gpe_sigma': 31.719948461575914, 'noise_gpi_sigma': 25.82024901052806, 'g_stn_gpe_mult': 1.7930698666331062, 'g_gpe_stn_mult': 1.0666896829354202, 'g_stn_gpi_mult': 1.0993593023436383, 'g_gpe_gpi_mult': 1.2456607672195683}. Best is trial 57 with value: 0.9866185303337708.
[I 2026-05-28 22:43:48,240] Trial 73 finished with value: 106.003081779918 and parameters: {'ISTN': 89.8623583214939, 'I_gpe': 2.1237264868395345, 'I_gpi': 3.0423722878399966, 'noise_stn_sigma': 1.9041064096684073, 'noise_gpe_sigma': 27.697198377050324, 'noise_gpi_sigma': 30.710072544319672, 'g_stn_gpe_mult': 1.9129749156440223, 'g_gpe_stn_mult': 1.286323990114323, 'g_stn_gpi_mult': 1.1722401116931733, 'g_gpe_gpi_mult': 1.1489880269110668}. Best is trial 57 with value: 0.9866185303337708.
[I 2026-05-28 22:43:49,244] Trial 74 finished with value: 24.96678562993313 and parameters: {'ISTN': 111.67624440378613, 'I_gpe': 1.5576886521787945, 'I_gpi': 2.583721582022066, 'noise_stn_sigma': 2.9837284485063744, 'noise_gpe_sigma': 14.635509858082578, 'noise_gpi_sigma': 37.97115147147339, 'g_stn_gpe_mult': 1.983692744622116, 'g_gpe_stn_mult': 0.960613945769553, 'g_stn_gpi_mult': 1.5774630191948935, 'g_gpe_gpi_mult': 0.8769595752557985}. Best is trial 57 with value: 0.9866185303337708.
[I 2026-05-28 22:43:50,246] Trial 75 finished with value: 2.058186885228267 and parameters: {'ISTN': 147.1334110279727, 'I_gpe': 2.774037760014243, 'I_gpi': 2.951400177840716, 'noise_stn_sigma': 2.0701250547351515, 'noise_gpe_sigma': 51.99814136533767, 'noise_gpi_sigma': 33.067715086690356, 'g_stn_gpe_mult': 1.6962921618070026, 'g_gpe_stn_mult': 1.2501472642955807, 'g_stn_gpi_mult': 1.44660722171829, 'g_gpe_gpi_mult': 1.0646639274397798}. Best is trial 57 with value: 0.9866185303337708.
[I 2026-05-28 22:43:51,247] Trial 76 finished with value: 106.09652368617616 and parameters: {'ISTN': 107.07205056192781, 'I_gpe': 1.7129985402031962, 'I_gpi': 2.3618814388532177, 'noise_stn_sigma': 1.6800693319061795, 'noise_gpe_sigma': 20.19391182850282, 'noise_gpi_sigma': 29.67594145419263, 'g_stn_gpe_mult': 1.7485931173621792, 'g_gpe_stn_mult': 1.682775515876647, 'g_stn_gpi_mult': 1.6099919116171457, 'g_gpe_gpi_mult': 0.5645009868113872}. Best is trial 57 with value: 0.9866185303337708.
[I 2026-05-28 22:43:52,251] Trial 77 finished with value: 1.811412511187451 and parameters: {'ISTN': 112.10327695749805, 'I_gpe': 2.1424144858278282, 'I_gpi': 3.099696973903562, 'noise_stn_sigma': 3.2336164099587146, 'noise_gpe_sigma': 38.757842224550686, 'noise_gpi_sigma': 27.71275093135104, 'g_stn_gpe_mult': 1.819592581774324, 'g_gpe_stn_mult': 1.1056741853749879, 'g_stn_gpi_mult': 1.6115273583416236, 'g_gpe_gpi_mult': 0.873874429090717}. Best is trial 57 with value: 0.9866185303337708.
[I 2026-05-28 22:43:53,251] Trial 78 finished with value: 108.57846378799599 and parameters: {'ISTN': 138.27894569314714, 'I_gpe': 2.535344232882434, 'I_gpi': 5.289388733775602, 'noise_stn_sigma': 3.0580462105456054, 'noise_gpe_sigma': 32.27901679729939, 'noise_gpi_sigma': 25.414595922067726, 'g_stn_gpe_mult': 1.8225558452749713, 'g_gpe_stn_mult': 1.3896713811960588, 'g_stn_gpi_mult': 1.4382095689047403, 'g_gpe_gpi_mult': 0.9271583389535801}. Best is trial 57 with value: 0.9866185303337708.
[I 2026-05-28 22:43:54,248] Trial 79 finished with value: 105.55085502152816 and parameters: {'ISTN': 116.60769535849008, 'I_gpe': 3.093641123113478, 'I_gpi': 1.8458259151361553, 'noise_stn_sigma': 3.7862591200214557, 'noise_gpe_sigma': 18.518536684394007, 'noise_gpi_sigma': 39.34801323090959, 'g_stn_gpe_mult': 1.4099369642812756, 'g_gpe_stn_mult': 1.337749397129196, 'g_stn_gpi_mult': 1.620163975799845, 'g_gpe_gpi_mult': 0.9265711807995461}. Best is trial 57 with value: 0.9866185303337708.
[I 2026-05-28 22:43:55,247] Trial 80 finished with value: 0.9098163370921998 and parameters: {'ISTN': 135.46355085024675, 'I_gpe': 2.024260556369045, 'I_gpi': 2.6703557699809464, 'noise_stn_sigma': 2.9347507891337252, 'noise_gpe_sigma': 28.26754749526716, 'noise_gpi_sigma': 26.958319114716094, 'g_stn_gpe_mult': 1.5526239384366882, 'g_gpe_stn_mult': 1.353935955026727, 'g_stn_gpi_mult': 1.5750950821975136, 'g_gpe_gpi_mult': 1.1896916260148553}. Best is trial 80 with value: 0.9098163370921998.
[I 2026-05-28 22:43:56,248] Trial 81 finished with value: 105.44846558501041 and parameters: {'ISTN': 121.4213003426351, 'I_gpe': 3.3357525486016493, 'I_gpi': 2.746357345222755, 'noise_stn_sigma': 2.9269133507925966, 'noise_gpe_sigma': 33.59080364590068, 'noise_gpi_sigma': 34.87504814381987, 'g_stn_gpe_mult': 1.514646196194315, 'g_gpe_stn_mult': 1.1363546373575053, 'g_stn_gpi_mult': 1.433854346869032, 'g_gpe_gpi_mult': 1.0141954184316342}. Best is trial 80 with value: 0.9098163370921998.
[I 2026-05-28 22:43:57,248] Trial 82 finished with value: 4.6797826104161695 and parameters: {'ISTN': 135.17763054874914, 'I_gpe': 2.0231142315065433, 'I_gpi': 4.046039694262246, 'noise_stn_sigma': 1.9226947818142763, 'noise_gpe_sigma': 30.238535527827302, 'noise_gpi_sigma': 19.697870716778837, 'g_stn_gpe_mult': 1.8258652774650015, 'g_gpe_stn_mult': 1.4465829625933626, 'g_stn_gpi_mult': 1.5982737604228814, 'g_gpe_gpi_mult': 0.8513230424553488}. Best is trial 80 with value: 0.9098163370921998.
[I 2026-05-28 22:43:58,248] Trial 83 finished with value: 105.8999160680257 and parameters: {'ISTN': 116.1041090583901, 'I_gpe': 4.348327711762664, 'I_gpi': 3.359416695377351, 'noise_stn_sigma': 1.9176342172784402, 'noise_gpe_sigma': 43.42365244494347, 'noise_gpi_sigma': 21.34273643443276, 'g_stn_gpe_mult': 1.6878834304449448, 'g_gpe_stn_mult': 1.0263413128867993, 'g_stn_gpi_mult': 1.7787882330045632, 'g_gpe_gpi_mult': 1.0881468358040132}. Best is trial 80 with value: 0.9098163370921998.
[I 2026-05-28 22:43:59,253] Trial 84 finished with value: 2.1115876892058796 and parameters: {'ISTN': 127.06646741661008, 'I_gpe': 2.6404301715137324, 'I_gpi': 3.5151574062718933, 'noise_stn_sigma': 2.664803737166459, 'noise_gpe_sigma': 43.840823145518485, 'noise_gpi_sigma': 58.968335963175086, 'g_stn_gpe_mult': 1.6149211035116695, 'g_gpe_stn_mult': 1.057474855645514, 'g_stn_gpi_mult': 1.6111467983195054, 'g_gpe_gpi_mult': 1.1882967190019331}. Best is trial 80 with value: 0.9098163370921998.
[I 2026-05-28 22:44:00,259] Trial 85 finished with value: 50.40186762964521 and parameters: {'ISTN': 131.28083647279774, 'I_gpe': 1.7864484041989435, 'I_gpi': 2.777944343069564, 'noise_stn_sigma': 3.285829198455, 'noise_gpe_sigma': 20.35962709506634, 'noise_gpi_sigma': 37.53797446861185, 'g_stn_gpe_mult': 1.913640552656652, 'g_gpe_stn_mult': 0.9354346970114618, 'g_stn_gpi_mult': 1.3944786616481117, 'g_gpe_gpi_mult': 0.8777802831882497}. Best is trial 80 with value: 0.9098163370921998.
[I 2026-05-28 22:44:01,264] Trial 86 finished with value: 64.30009326064275 and parameters: {'ISTN': 146.49966408135498, 'I_gpe': 1.2043779437409674, 'I_gpi': 3.541646826353121, 'noise_stn_sigma': 3.8424083036417724, 'noise_gpe_sigma': 42.28138193048068, 'noise_gpi_sigma': 37.52832226148309, 'g_stn_gpe_mult': 1.7834784425154124, 'g_gpe_stn_mult': 1.3442370477215417, 'g_stn_gpi_mult': 1.642002628738116, 'g_gpe_gpi_mult': 1.266403784162767}. Best is trial 80 with value: 0.9098163370921998.
[I 2026-05-28 22:44:02,268] Trial 87 finished with value: 20.419930133273503 and parameters: {'ISTN': 123.55425504440818, 'I_gpe': 1.485514081449484, 'I_gpi': 2.8960019784754696, 'noise_stn_sigma': 3.323444888871869, 'noise_gpe_sigma': 35.90787834685154, 'noise_gpi_sigma': 30.88137117119098, 'g_stn_gpe_mult': 1.8638476050559407, 'g_gpe_stn_mult': 1.2935841327452675, 'g_stn_gpi_mult': 1.5699700910920455, 'g_gpe_gpi_mult': 1.0919283905683523}. Best is trial 80 with value: 0.9098163370921998.
