[I 2026-05-28 22:39:55,065] Trial 352 finished with value: 12.39199088628865 and parameters: {'ISTN': 145.66620728563404, 'I_gpe': 2.9710843889583414, 'I_gpi': 4.780230825442411, 'noise_stn_sigma': 4.8421626183222735, 'noise_gpe_sigma': 41.24517950001083, 'noise_gpi_sigma': 59.404525179534495, 'g_stn_gpe_mult': 1.5044126760337169, 'g_gpe_stn_mult': 1.0475267411055984, 'g_stn_gpi_mult': 0.7184473476574653, 'g_gpe_gpi_mult': 1.5484270684714536}. Best is trial 102 with value: 0.29735011365907316.
[I 2026-05-28 22:39:56,074] Trial 353 finished with value: 27.9537149227693 and parameters: {'ISTN': 139.7526464205708, 'I_gpe': 3.533383970987186, 'I_gpi': 3.782261151380542, 'noise_stn_sigma': 4.349634504080396, 'noise_gpe_sigma': 44.03634620816711, 'noise_gpi_sigma': 50.564072557386574, 'g_stn_gpe_mult': 1.4633339826464309, 'g_gpe_stn_mult': 0.8344523426922564, 'g_stn_gpi_mult': 0.7027246121097127, 'g_gpe_gpi_mult': 1.595908340772625}. Best is trial 102 with value: 0.29735011365907316.
[I 2026-05-28 22:39:57,081] Trial 354 finished with value: 4.319242664332655 and parameters: {'ISTN': 137.2895760349061, 'I_gpe': 3.2409389915377034, 'I_gpi': 4.320366946040171, 'noise_stn_sigma': 4.756752422439519, 'noise_gpe_sigma': 35.53173353344969, 'noise_gpi_sigma': 59.67041933577952, 'g_stn_gpe_mult': 1.5882748218052494, 'g_gpe_stn_mult': 1.0493911128138738, 'g_stn_gpi_mult': 0.9144100753676863, 'g_gpe_gpi_mult': 1.7689876027244136}. Best is trial 102 with value: 0.29735011365907316.
[I 2026-05-28 22:39:58,085] Trial 355 finished with value: 106.15752129837527 and parameters: {'ISTN': 155.90863011257977, 'I_gpe': 4.307399762878115, 'I_gpi': 3.7912260898619756, 'noise_stn_sigma': 4.302617080728005, 'noise_gpe_sigma': 43.881019153128065, 'noise_gpi_sigma': 61.05378649095628, 'g_stn_gpe_mult': 1.3164208455122932, 'g_gpe_stn_mult': 0.9656646198493231, 'g_stn_gpi_mult': 1.0497653441326735, 'g_gpe_gpi_mult': 1.613394459942993}. Best is trial 102 with value: 0.29735011365907316.
[I 2026-05-28 22:39:59,092] Trial 356 finished with value: 3.7517556053996075 and parameters: {'ISTN': 151.5165985945809, 'I_gpe': 3.802089156991387, 'I_gpi': 4.645604550888198, 'noise_stn_sigma': 4.301469159104542, 'noise_gpe_sigma': 39.497801259671476, 'noise_gpi_sigma': 51.600995576031146, 'g_stn_gpe_mult': 1.0019345306890652, 'g_gpe_stn_mult': 0.968202943534548, 'g_stn_gpi_mult': 0.935427607651977, 'g_gpe_gpi_mult': 1.5701080651234731}. Best is trial 102 with value: 0.29735011365907316.
[I 2026-05-28 22:40:00,097] Trial 357 finished with value: 105.9244289196405 and parameters: {'ISTN': 163.52104663107247, 'I_gpe': 3.9208093414752927, 'I_gpi': 3.5979909700974884, 'noise_stn_sigma': 4.675410457698037, 'noise_gpe_sigma': 30.33495276021664, 'noise_gpi_sigma': 47.10787675997217, 'g_stn_gpe_mult': 1.158282556549894, 'g_gpe_stn_mult': 1.1259363873572374, 'g_stn_gpi_mult': 0.8159881456316658, 'g_gpe_gpi_mult': 1.7038258810003155}. Best is trial 102 with value: 0.29735011365907316.
[I 2026-05-28 22:40:01,101] Trial 358 finished with value: 106.14890526813589 and parameters: {'ISTN': 139.06581329884332, 'I_gpe': 3.938728728423852, 'I_gpi': 3.9137937189443814, 'noise_stn_sigma': 4.277043696958106, 'noise_gpe_sigma': 47.020755763565084, 'noise_gpi_sigma': 57.12318296243449, 'g_stn_gpe_mult': 1.476717298885006, 'g_gpe_stn_mult': 0.9376255774014098, 'g_stn_gpi_mult': 0.8787012069581649, 'g_gpe_gpi_mult': 1.592313878000592}. Best is trial 102 with value: 0.29735011365907316.
[I 2026-05-28 22:40:02,109] Trial 359 finished with value: 20.69622536171214 and parameters: {'ISTN': 142.84431095340062, 'I_gpe': 2.8743023909445085, 'I_gpi': 3.9174842680447854, 'noise_stn_sigma': 4.858775358365233, 'noise_gpe_sigma': 36.25603038185981, 'noise_gpi_sigma': 60.73563681860619, 'g_stn_gpe_mult': 1.1962389768566215, 'g_gpe_stn_mult': 1.0302574335018293, 'g_stn_gpi_mult': 0.7595758868672075, 'g_gpe_gpi_mult': 1.734118950654351}. Best is trial 102 with value: 0.29735011365907316.
[I 2026-05-28 22:40:03,112] Trial 360 finished with value: 107.4679103531575 and parameters: {'ISTN': 129.03124195325546, 'I_gpe': 4.171442425152554, 'I_gpi': 4.750500784999103, 'noise_stn_sigma': 4.068813574464831, 'noise_gpe_sigma': 39.042546154856154, 'noise_gpi_sigma': 44.295443582304394, 'g_stn_gpe_mult': 1.4558676723654966, 'g_gpe_stn_mult': 0.8740189836647843, 'g_stn_gpi_mult': 0.5906205355685772, 'g_gpe_gpi_mult': 1.692111951892892}. Best is trial 102 with value: 0.29735011365907316.
[I 2026-05-28 22:40:04,123] Trial 361 finished with value: 40.98555483149685 and parameters: {'ISTN': 133.43770950316568, 'I_gpe': 3.234533035479878, 'I_gpi': 4.153725508161935, 'noise_stn_sigma': 4.928453417590471, 'noise_gpe_sigma': 44.106362873425134, 'noise_gpi_sigma': 64.78158237754974, 'g_stn_gpe_mult': 1.2026081306828256, 'g_gpe_stn_mult': 0.8129019367947572, 'g_stn_gpi_mult': 0.7515676290170468, 'g_gpe_gpi_mult': 1.7772603640819054}. Best is trial 102 with value: 0.29735011365907316.
[I 2026-05-28 22:40:05,128] Trial 362 finished with value: 4.714547433651907 and parameters: {'ISTN': 149.41169610349243, 'I_gpe': 3.9039952143285266, 'I_gpi': 4.522585230425775, 'noise_stn_sigma': 4.318883876634784, 'noise_gpe_sigma': 33.446622390953806, 'noise_gpi_sigma': 61.53066188013963, 'g_stn_gpe_mult': 1.1727102129468496, 'g_gpe_stn_mult': 0.937166809305366, 'g_stn_gpi_mult': 0.8795315928899694, 'g_gpe_gpi_mult': 1.5491770934986546}. Best is trial 102 with value: 0.29735011365907316.
[I 2026-05-28 22:40:06,136] Trial 363 finished with value: 28.79530321881899 and parameters: {'ISTN': 123.74655980988014, 'I_gpe': 3.1539627042284866, 'I_gpi': 4.897651205465058, 'noise_stn_sigma': 4.434172411764619, 'noise_gpe_sigma': 40.167725616735744, 'noise_gpi_sigma': 67.76709642758726, 'g_stn_gpe_mult': 1.477545779455008, 'g_gpe_stn_mult': 0.7925578573332875, 'g_stn_gpi_mult': 0.9313568750384872, 'g_gpe_gpi_mult': 1.6758228881779558}. Best is trial 102 with value: 0.29735011365907316.
[I 2026-05-28 22:40:07,143] Trial 364 finished with value: 3.660523247747424 and parameters: {'ISTN': 130.8829247670483, 'I_gpe': 2.917626525966469, 'I_gpi': 5.096168632984259, 'noise_stn_sigma': 4.691330803026231, 'noise_gpe_sigma': 42.61987290106681, 'noise_gpi_sigma': 75.9597571172685, 'g_stn_gpe_mult': 1.304089230486887, 'g_gpe_stn_mult': 1.0799009568390876, 'g_stn_gpi_mult': 0.8737197018958544, 'g_gpe_gpi_mult': 1.834182383162244}. Best is trial 102 with value: 0.29735011365907316.
[I 2026-05-28 22:40:08,147] Trial 365 finished with value: 106.52283476136049 and parameters: {'ISTN': 129.7151756731995, 'I_gpe': 4.1938255926317485, 'I_gpi': 4.117594261784577, 'noise_stn_sigma': 4.336860992598319, 'noise_gpe_sigma': 41.21108392975501, 'noise_gpi_sigma': 59.037561667087786, 'g_stn_gpe_mult': 1.3132920475609966, 'g_gpe_stn_mult': 0.855726503833428, 'g_stn_gpi_mult': 0.9570595839780125, 'g_gpe_gpi_mult': 1.4814404859372927}. Best is trial 102 with value: 0.29735011365907316.
[I 2026-05-28 22:40:09,157] Trial 366 finished with value: 2.365576555982236 and parameters: {'ISTN': 137.3755923968367, 'I_gpe': 4.42363092304597, 'I_gpi': 3.7505934899720996, 'noise_stn_sigma': 4.390011715449892, 'noise_gpe_sigma': 31.550008176383116, 'noise_gpi_sigma': 58.42032144048474, 'g_stn_gpe_mult': 1.0999973851174585, 'g_gpe_stn_mult': 0.7403582259505938, 'g_stn_gpi_mult': 0.8557239442723374, 'g_gpe_gpi_mult': 1.8458249764208796}. Best is trial 102 with value: 0.29735011365907316.
[I 2026-05-28 22:40:10,162] Trial 367 finished with value: 105.89217700756154 and parameters: {'ISTN': 131.52977527178905, 'I_gpe': 4.331462888272394, 'I_gpi': 3.467189176730286, 'noise_stn_sigma': 4.766947989894433, 'noise_gpe_sigma': 35.51199954752899, 'noise_gpi_sigma': 54.86379076598162, 'g_stn_gpe_mult': 1.0083929697594285, 'g_gpe_stn_mult': 0.8975779596790963, 'g_stn_gpi_mult': 0.5592893598079507, 'g_gpe_gpi_mult': 1.817394113147274}. Best is trial 102 with value: 0.29735011365907316.
[I 2026-05-28 22:40:11,172] Trial 368 finished with value: 28.18716602837587 and parameters: {'ISTN': 126.2251982400688, 'I_gpe': 3.381517770034511, 'I_gpi': 4.250446884324013, 'noise_stn_sigma': 4.893767720023029, 'noise_gpe_sigma': 22.7804818393465, 'noise_gpi_sigma': 58.47892913263016, 'g_stn_gpe_mult': 1.1109540222376841, 'g_gpe_stn_mult': 0.7744636756836503, 'g_stn_gpi_mult': 0.6222070276707169, 'g_gpe_gpi_mult': 1.627055127111611}. Best is trial 102 with value: 0.29735011365907316.
[I 2026-05-28 22:40:12,180] Trial 369 finished with value: 25.80178538455563 and parameters: {'ISTN': 132.54435622446397, 'I_gpe': 3.674743144008671, 'I_gpi': 3.6115651139107334, 'noise_stn_sigma': 4.129800110219363, 'noise_gpe_sigma': 34.29999506406169, 'noise_gpi_sigma': 75.03265394290571, 'g_stn_gpe_mult': 1.0790433502058017, 'g_gpe_stn_mult': 0.7741510202322024, 'g_stn_gpi_mult': 0.8360019009318106, 'g_gpe_gpi_mult': 1.601358900595774}. Best is trial 102 with value: 0.29735011365907316.
[I 2026-05-28 22:40:13,185] Trial 370 finished with value: 107.29349893849704 and parameters: {'ISTN': 126.57191571947149, 'I_gpe': 3.7697124973936766, 'I_gpi': 4.6912748587463, 'noise_stn_sigma': 4.542421502025609, 'noise_gpe_sigma': 30.062633329030728, 'noise_gpi_sigma': 61.74602870831435, 'g_stn_gpe_mult': 1.4349006095397556, 'g_gpe_stn_mult': 0.9326168071040635, 'g_stn_gpi_mult': 0.818453950816107, 'g_gpe_gpi_mult': 1.5187156391761063}. Best is trial 102 with value: 0.29735011365907316.
[I 2026-05-28 22:40:14,196] Trial 371 finished with value: 57.22832733355218 and parameters: {'ISTN': 146.02404409232736, 'I_gpe': 4.618359852282296, 'I_gpi': 3.7201733871973532, 'noise_stn_sigma': 4.54678481566205, 'noise_gpe_sigma': 31.293431719901427, 'noise_gpi_sigma': 53.67173635999083, 'g_stn_gpe_mult': 1.1620867521701075, 'g_gpe_stn_mult': 0.668884935503471, 'g_stn_gpi_mult': 0.8003836020591376, 'g_gpe_gpi_mult': 1.6808285439155801}. Best is trial 102 with value: 0.29735011365907316.
[I 2026-05-28 22:40:15,202] Trial 372 finished with value: 64.4353228831349 and parameters: {'ISTN': 136.11265162187271, 'I_gpe': 3.7501950833824282, 'I_gpi': 4.141164531841188, 'noise_stn_sigma': 4.6987705933003925, 'noise_gpe_sigma': 24.061795992977846, 'noise_gpi_sigma': 64.90379273798054, 'g_stn_gpe_mult': 1.1879531236254532, 'g_gpe_stn_mult': 0.6530323254669611, 'g_stn_gpi_mult': 0.6534064116129077, 'g_gpe_gpi_mult': 1.6633306900448788}. Best is trial 102 with value: 0.29735011365907316.
[I 2026-05-28 22:40:16,213] Trial 373 finished with value: 2.6361241812011147 and parameters: {'ISTN': 138.14730768140868, 'I_gpe': 3.3361579225185456, 'I_gpi': 4.85538829335596, 'noise_stn_sigma': 4.637705082692533, 'noise_gpe_sigma': 36.59587726359402, 'noise_gpi_sigma': 53.56103298708792, 'g_stn_gpe_mult': 1.2635475729546464, 'g_gpe_stn_mult': 0.9720164841599985, 'g_stn_gpi_mult': 0.868985692457126, 'g_gpe_gpi_mult': 1.6327378091903482}. Best is trial 102 with value: 0.29735011365907316.
[I 2026-05-28 22:40:17,221] Trial 374 finished with value: 1.9085942113850276 and parameters: {'ISTN': 141.26391561236, 'I_gpe': 3.762749915910829, 'I_gpi': 4.0584059305297, 'noise_stn_sigma': 3.6356144784008837, 'noise_gpe_sigma': 39.85344340062407, 'noise_gpi_sigma': 53.40365550747381, 'g_stn_gpe_mult': 1.3256596201891275, 'g_gpe_stn_mult': 0.8770279687393279, 'g_stn_gpi_mult': 0.7542140794558954, 'g_gpe_gpi_mult': 1.5364528911169992}. Best is trial 102 with value: 0.29735011365907316.
[I 2026-05-28 22:40:18,228] Trial 375 finished with value: 5.009688221489984 and parameters: {'ISTN': 140.7290767730996, 'I_gpe': 4.235899119453876, 'I_gpi': 3.679973098097868, 'noise_stn_sigma': 4.095158472138765, 'noise_gpe_sigma': 37.949021171242386, 'noise_gpi_sigma': 64.83221556994022, 'g_stn_gpe_mult': 1.1036374431524205, 'g_gpe_stn_mult': 0.8357121343035232, 'g_stn_gpi_mult': 0.7068174103297374, 'g_gpe_gpi_mult': 1.8132740160948955}. Best is trial 102 with value: 0.29735011365907316.
[I 2026-05-28 22:40:19,237] Trial 376 finished with value: 32.79871273637439 and parameters: {'ISTN': 129.92841338682825, 'I_gpe': 3.5228571505827513, 'I_gpi': 4.177416946520692, 'noise_stn_sigma': 4.1525441777348835, 'noise_gpe_sigma': 31.87748641436012, 'noise_gpi_sigma': 57.272557452600594, 'g_stn_gpe_mult': 1.0778370983907983, 'g_gpe_stn_mult': 0.7642908112923872, 'g_stn_gpi_mult': 0.9886979134296336, 'g_gpe_gpi_mult': 1.584614757935195}. Best is trial 102 with value: 0.29735011365907316.
[I 2026-05-28 22:40:20,242] Trial 377 finished with value: 2.631984460641087 and parameters: {'ISTN': 128.65219632797823, 'I_gpe': 3.819036394909182, 'I_gpi': 3.794290531276465, 'noise_stn_sigma': 4.267206320557271, 'noise_gpe_sigma': 39.64221109023799, 'noise_gpi_sigma': 68.75916964511131, 'g_stn_gpe_mult': 0.94257900250018, 'g_gpe_stn_mult': 0.8471026215836688, 'g_stn_gpi_mult': 0.8517449698707111, 'g_gpe_gpi_mult': 1.7513887183032675}. Best is trial 102 with value: 0.29735011365907316.
[I 2026-05-28 22:40:21,248] Trial 378 finished with value: 3.6807406465304346 and parameters: {'ISTN': 137.9317579036013, 'I_gpe': 4.0956340092668, 'I_gpi': 3.92126878209767, 'noise_stn_sigma': 3.9190685767420645, 'noise_gpe_sigma': 36.47021564900334, 'noise_gpi_sigma': 68.73868994914807, 'g_stn_gpe_mult': 1.2180539691219179, 'g_gpe_stn_mult': 0.8387473869750571, 'g_stn_gpi_mult': 0.9370048050255525, 'g_gpe_gpi_mult': 1.80318720667953}. Best is trial 102 with value: 0.29735011365907316.
[I 2026-05-28 22:40:22,256] Trial 379 finished with value: 63.43791585575781 and parameters: {'ISTN': 150.57613000064927, 'I_gpe': 3.2451367197582206, 'I_gpi': 5.12131591311118, 'noise_stn_sigma': 4.92829109807328, 'noise_gpe_sigma': 31.948386493358157, 'noise_gpi_sigma': 62.798488936564766, 'g_stn_gpe_mult': 1.3686115623720188, 'g_gpe_stn_mult': 0.88250783229459, 'g_stn_gpi_mult': 0.6557851321310526, 'g_gpe_gpi_mult': 1.6331226090626405}. Best is trial 102 with value: 0.29735011365907316.
[I 2026-05-28 22:40:23,261] Trial 380 finished with value: 106.50547224849511 and parameters: {'ISTN': 139.78521939884257, 'I_gpe': 3.960043565925966, 'I_gpi': 4.2092267915926005, 'noise_stn_sigma': 4.444800243756955, 'noise_gpe_sigma': 48.498904360664795, 'noise_gpi_sigma': 76.43439652840156, 'g_stn_gpe_mult': 1.0929588704476094, 'g_gpe_stn_mult': 1.0619707016114557, 'g_stn_gpi_mult': 0.8827076766140741, 'g_gpe_gpi_mult': 1.8936069531703006}. Best is trial 102 with value: 0.29735011365907316.
[I 2026-05-28 22:40:24,267] Trial 381 finished with value: 3.5313181706774577 and parameters: {'ISTN': 135.30760056988734, 'I_gpe': 3.7876010765315034, 'I_gpi': 4.5202453107927205, 'noise_stn_sigma': 4.180963655707959, 'noise_gpe_sigma': 45.120209512671806, 'noise_gpi_sigma': 63.68442418419132, 'g_stn_gpe_mult': 1.3042678714495994, 'g_gpe_stn_mult': 0.891867557671435, 'g_stn_gpi_mult': 0.6372849845040653, 'g_gpe_gpi_mult': 1.7224960232019917}. Best is trial 102 with value: 0.29735011365907316.
[I 2026-05-28 22:40:25,217] Trial 382 finished with value: 1000000.0 and parameters: {'ISTN': 129.51023804175813, 'I_gpe': 3.8776340039856203, 'I_gpi': 3.497205477188171, 'noise_stn_sigma': 4.0584633816814755, 'noise_gpe_sigma': 38.314470170615905, 'noise_gpi_sigma': 72.24353088185781, 'g_stn_gpe_mult': 0.9100814308632352, 'g_gpe_stn_mult': 0.9388977817128217, 'g_stn_gpi_mult': 0.7576502206731353, 'g_gpe_gpi_mult': 1.8536544341677685}. Best is trial 102 with value: 0.29735011365907316.
[I 2026-05-28 22:40:26,220] Trial 383 finished with value: 106.97538655876295 and parameters: {'ISTN': 148.21330156480008, 'I_gpe': 3.9833040869498904, 'I_gpi': 4.4727817595109975, 'noise_stn_sigma': 4.21539438672902, 'noise_gpe_sigma': 37.628658600776426, 'noise_gpi_sigma': 51.86577804132458, 'g_stn_gpe_mult': 0.9670718998731301, 'g_gpe_stn_mult': 1.0823049630791162, 'g_stn_gpi_mult': 0.8951398807869051, 'g_gpe_gpi_mult': 1.5541609497002333}. Best is trial 102 with value: 0.29735011365907316.
[I 2026-05-28 22:40:27,229] Trial 384 finished with value: 22.67831282431813 and parameters: {'ISTN': 149.34612878596226, 'I_gpe': 3.7341433381738884, 'I_gpi': 3.7146069014308303, 'noise_stn_sigma': 4.116439156412711, 'noise_gpe_sigma': 35.87988200071709, 'noise_gpi_sigma': 53.630396751045986, 'g_stn_gpe_mult': 1.216957854279702, 'g_gpe_stn_mult': 0.8704325116433025, 'g_stn_gpi_mult': 0.677500906994579, 'g_gpe_gpi_mult': 1.6987662932374747}. Best is trial 102 with value: 0.29735011365907316.
[I 2026-05-28 22:40:28,231] Trial 385 finished with value: 107.47571892473152 and parameters: {'ISTN': 125.04608647576394, 'I_gpe': 3.860682989250982, 'I_gpi': 4.817030800587126, 'noise_stn_sigma': 3.926654204709636, 'noise_gpe_sigma': 39.41979814405805, 'noise_gpi_sigma': 53.89307589299757, 'g_stn_gpe_mult': 1.2883682115223147, 'g_gpe_stn_mult': 0.9026041109243907, 'g_stn_gpi_mult': 0.9584249018953063, 'g_gpe_gpi_mult': 1.6641288309680435}. Best is trial 102 with value: 0.29735011365907316.
[I 2026-05-28 22:40:29,233] Trial 386 finished with value: 107.06030618532189 and parameters: {'ISTN': 129.92970902307957, 'I_gpe': 3.4755804749643096, 'I_gpi': 4.600038778344776, 'noise_stn_sigma': 4.173611627754116, 'noise_gpe_sigma': 43.246529983889616, 'noise_gpi_sigma': 73.90778903080309, 'g_stn_gpe_mult': 1.066379725475202, 'g_gpe_stn_mult': 1.0463054291053924, 'g_stn_gpi_mult': 0.7941045468108208, 'g_gpe_gpi_mult': 1.6398706615509}. Best is trial 102 with value: 0.29735011365907316.
[I 2026-05-28 22:40:30,236] Trial 387 finished with value: 105.9059954144271 and parameters: {'ISTN': 127.79377219571751, 'I_gpe': 4.127432040614259, 'I_gpi': 3.542843180632839, 'noise_stn_sigma': 3.833913087286452, 'noise_gpe_sigma': 35.59838542240794, 'noise_gpi_sigma': 50.852707608563, 'g_stn_gpe_mult': 1.2834832050367135, 'g_gpe_stn_mult': 0.9378480035225317, 'g_stn_gpi_mult': 0.896143064035539, 'g_gpe_gpi_mult': 1.5904286045105915}. Best is trial 102 with value: 0.29735011365907316.
[I 2026-05-28 22:40:31,240] Trial 388 finished with value: 7.441180626003899 and parameters: {'ISTN': 127.24803709722194, 'I_gpe': 3.9003156185146826, 'I_gpi': 5.213633238999549, 'noise_stn_sigma': 4.008033690581925, 'noise_gpe_sigma': 30.087447629973973, 'noise_gpi_sigma': 46.90819800553514, 'g_stn_gpe_mult': 1.2770227326558778, 'g_gpe_stn_mult': 0.8457728022210633, 'g_stn_gpi_mult': 0.9095448618641071, 'g_gpe_gpi_mult': 1.7835780477986012}. Best is trial 102 with value: 0.29735011365907316.
[I 2026-05-28 22:40:32,243] Trial 389 finished with value: 105.3870220931827 and parameters: {'ISTN': 116.16797458520472, 'I_gpe': 3.6117277103105487, 'I_gpi': 3.2792294815225285, 'noise_stn_sigma': 3.9495032903387957, 'noise_gpe_sigma': 38.842057521997646, 'noise_gpi_sigma': 56.78742004799841, 'g_stn_gpe_mult': 1.0815326259368547, 'g_gpe_stn_mult': 0.8819778236349853, 'g_stn_gpi_mult': 0.8387517779553907, 'g_gpe_gpi_mult': 1.5597690881642556}. Best is trial 102 with value: 0.29735011365907316.
[I 2026-05-28 22:40:33,252] Trial 390 finished with value: 1.10026953451203 and parameters: {'ISTN': 126.49329939898435, 'I_gpe': 3.85291027645951, 'I_gpi': 3.3081787185080316, 'noise_stn_sigma': 3.610050495062351, 'noise_gpe_sigma': 43.589319031779304, 'noise_gpi_sigma': 68.61274712687671, 'g_stn_gpe_mult': 1.218521141395276, 'g_gpe_stn_mult': 0.7857540672449471, 'g_stn_gpi_mult': 0.642159529495459, 'g_gpe_gpi_mult': 1.5019883907236478}. Best is trial 102 with value: 0.29735011365907316.
[I 2026-05-28 22:40:34,262] Trial 391 finished with value: 49.43489718806491 and parameters: {'ISTN': 128.10807005953808, 'I_gpe': 3.1829197209790903, 'I_gpi': 3.8794733137625026, 'noise_stn_sigma': 3.781855404629307, 'noise_gpe_sigma': 47.20851178576897, 'noise_gpi_sigma': 69.87074508862628, 'g_stn_gpe_mult': 0.9766848679472409, 'g_gpe_stn_mult': 0.7295888671212183, 'g_stn_gpi_mult': 0.5458816804784675, 'g_gpe_gpi_mult': 1.564205218226947}. Best is trial 102 with value: 0.29735011365907316.
[I 2026-05-28 22:40:35,266] Trial 392 finished with value: 106.74037594396512 and parameters: {'ISTN': 111.98227441295519, 'I_gpe': 3.817035927647134, 'I_gpi': 4.665481157604539, 'noise_stn_sigma': 3.8428155813085074, 'noise_gpe_sigma': 33.86304340105666, 'noise_gpi_sigma': 75.00526993706416, 'g_stn_gpe_mult': 1.36059457998203, 'g_gpe_stn_mult': 0.7997560221071869, 'g_stn_gpi_mult': 0.8744762904246942, 'g_gpe_gpi_mult': 1.7508747696348868}. Best is trial 102 with value: 0.29735011365907316.
[I 2026-05-28 22:40:36,274] Trial 393 finished with value: 7.1367747510468496 and parameters: {'ISTN': 138.84292699539122, 'I_gpe': 4.054519298974293, 'I_gpi': 3.66707227091103, 'noise_stn_sigma': 3.6709156032452004, 'noise_gpe_sigma': 39.80959252879054, 'noise_gpi_sigma': 66.810911456968, 'g_stn_gpe_mult': 1.3418523670937788, 'g_gpe_stn_mult': 0.7908755678871888, 'g_stn_gpi_mult': 0.8584778753378368, 'g_gpe_gpi_mult': 1.464162703959309}. Best is trial 102 with value: 0.29735011365907316.
[I 2026-05-28 22:40:37,283] Trial 394 finished with value: 4.069557624734584 and parameters: {'ISTN': 108.44858144689996, 'I_gpe': 3.0762964373987174, 'I_gpi': 5.188713840820597, 'noise_stn_sigma': 4.016597108914011, 'noise_gpe_sigma': 33.71371870311892, 'noise_gpi_sigma': 74.0785524491141, 'g_stn_gpe_mult': 1.6712092303020503, 'g_gpe_stn_mult': 0.8209113780412636, 'g_stn_gpi_mult': 0.7450411486870325, 'g_gpe_gpi_mult': 1.9732883170568718}. Best is trial 102 with value: 0.29735011365907316.
[I 2026-05-28 22:40:38,292] Trial 395 finished with value: 10.922537516149793 and parameters: {'ISTN': 131.21061213533696, 'I_gpe': 3.1034465127198296, 'I_gpi': 4.313935606478429, 'noise_stn_sigma': 4.219237001536752, 'noise_gpe_sigma': 42.47332109243219, 'noise_gpi_sigma': 76.2290906157611, 'g_stn_gpe_mult': 1.110209004170914, 'g_gpe_stn_mult': 0.9306813257460819, 'g_stn_gpi_mult': 0.5740293350141019, 'g_gpe_gpi_mult': 1.739224255521914}. Best is trial 102 with value: 0.29735011365907316.
