[I 2026-05-28 22:29:07,850] Trial 220 finished with value: 105.9380690439993 and parameters: {'ISTN': 102.9222068055493, 'I_gpe': 2.6969335712540685, 'I_gpi': 1.2384613615133304, 'noise_stn_sigma': 2.010897715334809, 'noise_gpe_sigma': 75.20273654018133, 'noise_gpi_sigma': 60.12633606629932, 'g_stn_gpe_mult': 1.475262827732804, 'g_gpe_stn_mult': 1.2536165104083783, 'g_stn_gpi_mult': 1.3821320137649888, 'g_gpe_gpi_mult': 1.549648879580042}. Best is trial 174 with value: 0.4176381792428698.
[I 2026-05-28 22:29:08,853] Trial 221 finished with value: 105.28381530477424 and parameters: {'ISTN': 127.34098820857835, 'I_gpe': 3.2590159416555524, 'I_gpi': 2.1760861715403577, 'noise_stn_sigma': 1.5881629784426592, 'noise_gpe_sigma': 91.73209842551948, 'noise_gpi_sigma': 56.09589553535184, 'g_stn_gpe_mult': 0.7318530889873007, 'g_gpe_stn_mult': 1.1848947145041746, 'g_stn_gpi_mult': 1.6641161080236526, 'g_gpe_gpi_mult': 1.713083340623288}. Best is trial 174 with value: 0.4176381792428698.
[I 2026-05-28 22:29:09,862] Trial 222 finished with value: 26.91804331997071 and parameters: {'ISTN': 116.96690718622594, 'I_gpe': 2.6614960346742764, 'I_gpi': 2.5303743102751697, 'noise_stn_sigma': 1.1700013207017508, 'noise_gpe_sigma': 90.06333560709957, 'noise_gpi_sigma': 62.099429625947984, 'g_stn_gpe_mult': 1.4804266860514947, 'g_gpe_stn_mult': 0.8014216704390195, 'g_stn_gpi_mult': 1.774112123585735, 'g_gpe_gpi_mult': 1.5068206194986038}. Best is trial 174 with value: 0.4176381792428698.
[I 2026-05-28 22:29:10,864] Trial 223 finished with value: 2.6619433250713276 and parameters: {'ISTN': 105.92038033315995, 'I_gpe': 3.1221257700490614, 'I_gpi': 1.3200848620624912, 'noise_stn_sigma': 1.7794016258003422, 'noise_gpe_sigma': 78.06192497428067, 'noise_gpi_sigma': 65.96558107752884, 'g_stn_gpe_mult': 1.2640054439474742, 'g_gpe_stn_mult': 0.9050913487699345, 'g_stn_gpi_mult': 1.259826079238822, 'g_gpe_gpi_mult': 1.3391651725773293}. Best is trial 174 with value: 0.4176381792428698.
[I 2026-05-28 22:29:11,868] Trial 224 finished with value: 105.84138015970784 and parameters: {'ISTN': 114.32537089215786, 'I_gpe': 2.8036814283327525, 'I_gpi': 1.0573950992413272, 'noise_stn_sigma': 1.4072114545815915, 'noise_gpe_sigma': 57.68381411288492, 'noise_gpi_sigma': 64.40892475930396, 'g_stn_gpe_mult': 1.0468083251559204, 'g_gpe_stn_mult': 1.160957029092835, 'g_stn_gpi_mult': 1.3687844335395152, 'g_gpe_gpi_mult': 1.72588956362301}. Best is trial 174 with value: 0.4176381792428698.
[I 2026-05-28 22:29:12,872] Trial 225 finished with value: 105.30873584091898 and parameters: {'ISTN': 91.82587534730824, 'I_gpe': 3.7653876604197554, 'I_gpi': 2.045164090764877, 'noise_stn_sigma': 2.4468447374974986, 'noise_gpe_sigma': 61.729678041319886, 'noise_gpi_sigma': 62.27363318235632, 'g_stn_gpe_mult': 1.3242002603895133, 'g_gpe_stn_mult': 0.8357488913566266, 'g_stn_gpi_mult': 1.6730247501723663, 'g_gpe_gpi_mult': 1.437700503095714}. Best is trial 174 with value: 0.4176381792428698.
[I 2026-05-28 22:29:13,880] Trial 226 finished with value: 12.157835185373171 and parameters: {'ISTN': 86.22566519269594, 'I_gpe': 1.7027673092508062, 'I_gpi': 2.451585823189138, 'noise_stn_sigma': 2.3658349671365877, 'noise_gpe_sigma': 68.22281264057452, 'noise_gpi_sigma': 57.5297447823067, 'g_stn_gpe_mult': 1.170684889478733, 'g_gpe_stn_mult': 0.6844770662973032, 'g_stn_gpi_mult': 1.3542720680485454, 'g_gpe_gpi_mult': 1.6315493080632253}. Best is trial 174 with value: 0.4176381792428698.
[I 2026-05-28 22:29:14,889] Trial 227 finished with value: 69.26838727522707 and parameters: {'ISTN': 142.53240711163633, 'I_gpe': 3.5039971062789173, 'I_gpi': 1.1676886926027785, 'noise_stn_sigma': 2.0687299796332685, 'noise_gpe_sigma': 87.2061511581591, 'noise_gpi_sigma': 59.35033802747595, 'g_stn_gpe_mult': 0.883329270807743, 'g_gpe_stn_mult': 0.7509298785444757, 'g_stn_gpi_mult': 1.7217853564833305, 'g_gpe_gpi_mult': 1.7694888651542922}. Best is trial 174 with value: 0.4176381792428698.
[I 2026-05-28 22:29:15,894] Trial 228 finished with value: 4.2245512979211775 and parameters: {'ISTN': 137.25705550192419, 'I_gpe': 2.717101830762602, 'I_gpi': 1.1823401710792616, 'noise_stn_sigma': 1.4422161587098683, 'noise_gpe_sigma': 88.71531261556329, 'noise_gpi_sigma': 62.13448735854, 'g_stn_gpe_mult': 1.3170253777721455, 'g_gpe_stn_mult': 1.299792268772833, 'g_stn_gpi_mult': 1.4694981634234465, 'g_gpe_gpi_mult': 1.166316021186941}. Best is trial 174 with value: 0.4176381792428698.
[I 2026-05-28 22:29:16,904] Trial 229 finished with value: 0.6068075386721563 and parameters: {'ISTN': 82.1796106693559, 'I_gpe': 2.5903565712696808, 'I_gpi': 2.8791131029384744, 'noise_stn_sigma': 1.0961797578238295, 'noise_gpe_sigma': 93.009400363424, 'noise_gpi_sigma': 61.09205141437817, 'g_stn_gpe_mult': 1.5926616946132157, 'g_gpe_stn_mult': 0.7833898994531454, 'g_stn_gpi_mult': 1.8090424234910527, 'g_gpe_gpi_mult': 1.5756741088635464}. Best is trial 174 with value: 0.4176381792428698.
[I 2026-05-28 22:29:17,852] Trial 230 finished with value: 1000000.0 and parameters: {'ISTN': 115.85502058468842, 'I_gpe': 3.1418294309199446, 'I_gpi': 2.369615345568573, 'noise_stn_sigma': 0.6902839037221058, 'noise_gpe_sigma': 98.11401351760443, 'noise_gpi_sigma': 55.60470068013853, 'g_stn_gpe_mult': 0.9732097016105002, 'g_gpe_stn_mult': 1.3145026692201704, 'g_stn_gpi_mult': 1.2770756624189783, 'g_gpe_gpi_mult': 1.5016556596924187}. Best is trial 174 with value: 0.4176381792428698.
[I 2026-05-28 22:29:18,863] Trial 231 finished with value: 4.387892298256832 and parameters: {'ISTN': 84.6013360303047, 'I_gpe': 1.8482976682465735, 'I_gpi': 2.757066302165784, 'noise_stn_sigma': 1.5067860250763383, 'noise_gpe_sigma': 97.30374364350794, 'noise_gpi_sigma': 55.64833090534599, 'g_stn_gpe_mult': 1.4127375493329262, 'g_gpe_stn_mult': 0.8992579151978347, 'g_stn_gpi_mult': 1.2618931411270304, 'g_gpe_gpi_mult': 1.3996202863036267}. Best is trial 174 with value: 0.4176381792428698.
[I 2026-05-28 22:29:19,866] Trial 232 finished with value: 105.35657192418827 and parameters: {'ISTN': 128.19960109650904, 'I_gpe': 3.9264797904169924, 'I_gpi': 1.9084747096883525, 'noise_stn_sigma': 0.9708207631086985, 'noise_gpe_sigma': 77.53308079946967, 'noise_gpi_sigma': 47.1533439044986, 'g_stn_gpe_mult': 1.5226253357547639, 'g_gpe_stn_mult': 1.0317984409054177, 'g_stn_gpi_mult': 1.5504103485186072, 'g_gpe_gpi_mult': 1.4524078439264136}. Best is trial 174 with value: 0.4176381792428698.
[I 2026-05-28 22:29:20,874] Trial 233 finished with value: 24.36277254343367 and parameters: {'ISTN': 109.12443307909996, 'I_gpe': 2.528305895704099, 'I_gpi': 1.4581148816732212, 'noise_stn_sigma': 1.0900411815104611, 'noise_gpe_sigma': 85.5491394695713, 'noise_gpi_sigma': 54.92811708278294, 'g_stn_gpe_mult': 1.4655079229868588, 'g_gpe_stn_mult': 0.7254296547679837, 'g_stn_gpi_mult': 1.6295673010460083, 'g_gpe_gpi_mult': 1.558230693306884}. Best is trial 174 with value: 0.4176381792428698.
[I 2026-05-28 22:29:21,882] Trial 234 finished with value: 21.232747579945254 and parameters: {'ISTN': 114.66396061831054, 'I_gpe': 2.0387862064028495, 'I_gpi': 2.6165296230605897, 'noise_stn_sigma': 1.238848009389819, 'noise_gpe_sigma': 82.46087307076152, 'noise_gpi_sigma': 52.622570082730554, 'g_stn_gpe_mult': 1.2329755726907785, 'g_gpe_stn_mult': 0.9810317073195228, 'g_stn_gpi_mult': 1.3102466678407985, 'g_gpe_gpi_mult': 1.3868523435520745}. Best is trial 174 with value: 0.4176381792428698.
[I 2026-05-28 22:29:22,892] Trial 235 finished with value: 5.1954562016218535 and parameters: {'ISTN': 84.02361720769822, 'I_gpe': 2.062208462259373, 'I_gpi': 1.3283833488078243, 'noise_stn_sigma': 2.548782987717006, 'noise_gpe_sigma': 70.37970808471776, 'noise_gpi_sigma': 48.55349894016131, 'g_stn_gpe_mult': 1.4683040564860619, 'g_gpe_stn_mult': 0.8210056117072684, 'g_stn_gpi_mult': 1.1323445441600797, 'g_gpe_gpi_mult': 1.5996913161624506}. Best is trial 174 with value: 0.4176381792428698.
[I 2026-05-28 22:29:23,901] Trial 236 finished with value: 2.7309865721921742 and parameters: {'ISTN': 89.16976848360979, 'I_gpe': 1.9777731474176277, 'I_gpi': 1.2554612405413677, 'noise_stn_sigma': 0.5554939091872199, 'noise_gpe_sigma': 96.149444773465, 'noise_gpi_sigma': 64.76525215166747, 'g_stn_gpe_mult': 1.6127040304857327, 'g_gpe_stn_mult': 0.9504255569463147, 'g_stn_gpi_mult': 1.5705904001222115, 'g_gpe_gpi_mult': 1.1618559916236537}. Best is trial 174 with value: 0.4176381792428698.
[I 2026-05-28 22:29:24,849] Trial 237 finished with value: 1000000.0 and parameters: {'ISTN': 113.09540770824515, 'I_gpe': 2.446868465851872, 'I_gpi': 3.5623281154612854, 'noise_stn_sigma': 0.9232254099523063, 'noise_gpe_sigma': 82.75684399079532, 'noise_gpi_sigma': 78.71771009151053, 'g_stn_gpe_mult': 1.2465593513928317, 'g_gpe_stn_mult': 0.8907946729678101, 'g_stn_gpi_mult': 1.7709311412292965, 'g_gpe_gpi_mult': 1.4793418779210625}. Best is trial 174 with value: 0.4176381792428698.
[I 2026-05-28 22:29:25,860] Trial 238 finished with value: 10.704712648590487 and parameters: {'ISTN': 109.92733741448639, 'I_gpe': 1.3935605251076109, 'I_gpi': 2.9417977239116153, 'noise_stn_sigma': 0.8365927144431895, 'noise_gpe_sigma': 84.1253690435469, 'noise_gpi_sigma': 62.797922841153486, 'g_stn_gpe_mult': 1.4912854360970467, 'g_gpe_stn_mult': 1.2435368213021838, 'g_stn_gpi_mult': 1.3586859593414955, 'g_gpe_gpi_mult': 1.5943497054311817}. Best is trial 174 with value: 0.4176381792428698.
[I 2026-05-28 22:29:26,861] Trial 239 finished with value: 105.55647506746566 and parameters: {'ISTN': 96.60494393680793, 'I_gpe': 3.2707436993666827, 'I_gpi': 1.5467450109898433, 'noise_stn_sigma': 2.190081497967065, 'noise_gpe_sigma': 80.93928036769739, 'noise_gpi_sigma': 63.15788722205312, 'g_stn_gpe_mult': 1.2688535090489674, 'g_gpe_stn_mult': 0.9247362462394088, 'g_stn_gpi_mult': 1.7126509455092995, 'g_gpe_gpi_mult': 1.790172692264142}. Best is trial 174 with value: 0.4176381792428698.
[I 2026-05-28 22:29:27,866] Trial 240 finished with value: 4.846452829941859 and parameters: {'ISTN': 95.58958766133222, 'I_gpe': 2.1462743655185967, 'I_gpi': 1.4453702801352184, 'noise_stn_sigma': 1.6336205565771835, 'noise_gpe_sigma': 94.10343172369609, 'noise_gpi_sigma': 56.273039738378436, 'g_stn_gpe_mult': 1.2864164090266383, 'g_gpe_stn_mult': 1.1726984070338866, 'g_stn_gpi_mult': 1.1791795429011198, 'g_gpe_gpi_mult': 1.3883237527202517}. Best is trial 174 with value: 0.4176381792428698.
[I 2026-05-28 22:29:28,876] Trial 241 finished with value: 18.769969309855647 and parameters: {'ISTN': 100.1398419771999, 'I_gpe': 1.5665763165393085, 'I_gpi': 1.2440809615704174, 'noise_stn_sigma': 2.0371326353196157, 'noise_gpe_sigma': 88.62409322092199, 'noise_gpi_sigma': 59.52833384664431, 'g_stn_gpe_mult': 1.3699705054703153, 'g_gpe_stn_mult': 0.8567123539482909, 'g_stn_gpi_mult': 1.5741293479156, 'g_gpe_gpi_mult': 1.248729729312211}. Best is trial 174 with value: 0.4176381792428698.
[I 2026-05-28 22:29:29,885] Trial 242 finished with value: 4.259964532140329 and parameters: {'ISTN': 80.90366757329775, 'I_gpe': 1.500758085040807, 'I_gpi': 2.50580964391774, 'noise_stn_sigma': 1.430767140918118, 'noise_gpe_sigma': 88.14320051038271, 'noise_gpi_sigma': 62.22266563734486, 'g_stn_gpe_mult': 1.6194886366623418, 'g_gpe_stn_mult': 0.9372885363869099, 'g_stn_gpi_mult': 1.5050535082878653, 'g_gpe_gpi_mult': 1.5780333806060627}. Best is trial 174 with value: 0.4176381792428698.
[I 2026-05-28 22:29:30,894] Trial 243 finished with value: 16.006837418410086 and parameters: {'ISTN': 100.62088572951274, 'I_gpe': 1.2716058038749631, 'I_gpi': 2.4666991639748947, 'noise_stn_sigma': 0.8030180824852754, 'noise_gpe_sigma': 92.3387309296549, 'noise_gpi_sigma': 52.08032933826658, 'g_stn_gpe_mult': 1.7632006823483182, 'g_gpe_stn_mult': 1.0284481508461303, 'g_stn_gpi_mult': 1.2486331766356327, 'g_gpe_gpi_mult': 0.9510303446544028}. Best is trial 174 with value: 0.4176381792428698.
[I 2026-05-28 22:29:31,901] Trial 244 finished with value: 0.8014267793154003 and parameters: {'ISTN': 102.40089365068033, 'I_gpe': 2.7548810832633466, 'I_gpi': 3.38625896538575, 'noise_stn_sigma': 2.22638398983018, 'noise_gpe_sigma': 74.23381862661738, 'noise_gpi_sigma': 44.987261704169484, 'g_stn_gpe_mult': 1.24432257745865, 'g_gpe_stn_mult': 0.9124235907430333, 'g_stn_gpi_mult': 1.4025936337413674, 'g_gpe_gpi_mult': 1.0476505516419814}. Best is trial 174 with value: 0.4176381792428698.
[I 2026-05-28 22:29:32,909] Trial 245 finished with value: 4.625434280348231 and parameters: {'ISTN': 93.14370914365291, 'I_gpe': 2.4002505795730893, 'I_gpi': 2.8299299276953898, 'noise_stn_sigma': 1.0389748962858416, 'noise_gpe_sigma': 99.2619015379767, 'noise_gpi_sigma': 53.96748805744768, 'g_stn_gpe_mult': 1.5435594897470353, 'g_gpe_stn_mult': 1.06490776070015, 'g_stn_gpi_mult': 1.4559290122910573, 'g_gpe_gpi_mult': 1.2328741140972312}. Best is trial 174 with value: 0.4176381792428698.
[I 2026-05-28 22:29:33,909] Trial 246 finished with value: 105.52201237696308 and parameters: {'ISTN': 101.22125575810549, 'I_gpe': 3.404256802602162, 'I_gpi': 1.5301761159141578, 'noise_stn_sigma': 1.0488110958904169, 'noise_gpe_sigma': 97.03901935454448, 'noise_gpi_sigma': 63.17993308457212, 'g_stn_gpe_mult': 1.4525930793860782, 'g_gpe_stn_mult': 1.0112779120384543, 'g_stn_gpi_mult': 1.3474797824042937, 'g_gpe_gpi_mult': 1.4020750004648417}. Best is trial 174 with value: 0.4176381792428698.
[I 2026-05-28 22:29:34,915] Trial 247 finished with value: 1.8376953106513882 and parameters: {'ISTN': 99.25973343679416, 'I_gpe': 2.5063568959904865, 'I_gpi': 1.5670862134150116, 'noise_stn_sigma': 1.5798238035524297, 'noise_gpe_sigma': 68.65702099508941, 'noise_gpi_sigma': 63.91331206453079, 'g_stn_gpe_mult': 1.3420970714902287, 'g_gpe_stn_mult': 0.8950144545924494, 'g_stn_gpi_mult': 1.3317297358339135, 'g_gpe_gpi_mult': 1.4499675259635763}. Best is trial 174 with value: 0.4176381792428698.
[I 2026-05-28 22:29:35,921] Trial 248 finished with value: 3.2687534035111105 and parameters: {'ISTN': 85.27196957356126, 'I_gpe': 2.0631590504407673, 'I_gpi': 2.5409633129167446, 'noise_stn_sigma': 2.5979915427473785, 'noise_gpe_sigma': 95.12380230428577, 'noise_gpi_sigma': 44.338209084937446, 'g_stn_gpe_mult': 1.2802368543546419, 'g_gpe_stn_mult': 1.0628525620961389, 'g_stn_gpi_mult': 1.4969413475418474, 'g_gpe_gpi_mult': 1.4079232289512327}. Best is trial 174 with value: 0.4176381792428698.
[I 2026-05-28 22:29:36,933] Trial 249 finished with value: 14.952014711278952 and parameters: {'ISTN': 94.29941140775256, 'I_gpe': 1.652045480474984, 'I_gpi': 1.54240195384175, 'noise_stn_sigma': 0.9306794014111205, 'noise_gpe_sigma': 72.8680145553653, 'noise_gpi_sigma': 61.36097346849542, 'g_stn_gpe_mult': 1.8935288242525539, 'g_gpe_stn_mult': 0.7843495646221502, 'g_stn_gpi_mult': 1.3234462319077804, 'g_gpe_gpi_mult': 1.2993968758943673}. Best is trial 174 with value: 0.4176381792428698.
[I 2026-05-28 22:29:37,939] Trial 250 finished with value: 4.709858636493697 and parameters: {'ISTN': 88.49194528345157, 'I_gpe': 1.9149223037305108, 'I_gpi': 2.4328798709279313, 'noise_stn_sigma': 1.0866881367739207, 'noise_gpe_sigma': 92.2606790817131, 'noise_gpi_sigma': 52.752599793474545, 'g_stn_gpe_mult': 1.5114048736434622, 'g_gpe_stn_mult': 0.9057955563910717, 'g_stn_gpi_mult': 1.5076460475599491, 'g_gpe_gpi_mult': 1.5086429965347592}. Best is trial 174 with value: 0.4176381792428698.
[I 2026-05-28 22:29:38,949] Trial 251 finished with value: 10.743700633287634 and parameters: {'ISTN': 107.04392783262308, 'I_gpe': 3.257891263522166, 'I_gpi': 2.553108015855371, 'noise_stn_sigma': 2.199166516788412, 'noise_gpe_sigma': 99.5135836279407, 'noise_gpi_sigma': 47.345047399861734, 'g_stn_gpe_mult': 1.2362386666948648, 'g_gpe_stn_mult': 0.7321420784733705, 'g_stn_gpi_mult': 1.3154375756317565, 'g_gpe_gpi_mult': 1.1264475766117037}. Best is trial 174 with value: 0.4176381792428698.
[I 2026-05-28 22:29:39,959] Trial 252 finished with value: 8.098994675064024 and parameters: {'ISTN': 99.29529625152544, 'I_gpe': 2.254172887386601, 'I_gpi': 2.6532137990316977, 'noise_stn_sigma': 1.6022467867597932, 'noise_gpe_sigma': 80.26117885475178, 'noise_gpi_sigma': 43.34209701776923, 'g_stn_gpe_mult': 1.2207184581409258, 'g_gpe_stn_mult': 0.8917862988177117, 'g_stn_gpi_mult': 1.36140790969133, 'g_gpe_gpi_mult': 1.236371207266005}. Best is trial 174 with value: 0.4176381792428698.
[I 2026-05-28 22:29:40,963] Trial 253 finished with value: 105.38918342113641 and parameters: {'ISTN': 90.63961041741636, 'I_gpe': 3.0233024111298166, 'I_gpi': 2.0470546106342415, 'noise_stn_sigma': 2.5948497669641974, 'noise_gpe_sigma': 61.99582845155075, 'noise_gpi_sigma': 54.568515369183956, 'g_stn_gpe_mult': 1.3177526124518255, 'g_gpe_stn_mult': 0.9529823113178594, 'g_stn_gpi_mult': 1.3160328257078697, 'g_gpe_gpi_mult': 1.3468315393536998}. Best is trial 174 with value: 0.4176381792428698.
[I 2026-05-28 22:29:41,973] Trial 254 finished with value: 11.015135338248141 and parameters: {'ISTN': 87.85088263015267, 'I_gpe': 1.9038121772138925, 'I_gpi': 3.959778455352488, 'noise_stn_sigma': 1.6160706293432971, 'noise_gpe_sigma': 75.70159971621011, 'noise_gpi_sigma': 57.851977288246424, 'g_stn_gpe_mult': 1.3697115327910574, 'g_gpe_stn_mult': 0.7803078185569161, 'g_stn_gpi_mult': 1.5453687569196044, 'g_gpe_gpi_mult': 1.4560568740803324}. Best is trial 174 with value: 0.4176381792428698.
[I 2026-05-28 22:29:42,983] Trial 255 finished with value: 25.392806242008746 and parameters: {'ISTN': 102.34570782252251, 'I_gpe': 1.7044076390880594, 'I_gpi': 2.942291321435647, 'noise_stn_sigma': 1.154838204755034, 'noise_gpe_sigma': 90.84513336629003, 'noise_gpi_sigma': 72.33712466794688, 'g_stn_gpe_mult': 1.1275796296184675, 'g_gpe_stn_mult': 0.6853890004737679, 'g_stn_gpi_mult': 1.718216856442716, 'g_gpe_gpi_mult': 1.2330618703993985}. Best is trial 174 with value: 0.4176381792428698.
[I 2026-05-28 22:29:43,989] Trial 256 finished with value: 3.257980063433279 and parameters: {'ISTN': 120.70058209343141, 'I_gpe': 3.352258372068191, 'I_gpi': 3.1250604381638047, 'noise_stn_sigma': 1.7168658505380914, 'noise_gpe_sigma': 61.93738156416279, 'noise_gpi_sigma': 65.4162707420515, 'g_stn_gpe_mult': 1.0168630198843984, 'g_gpe_stn_mult': 0.9310139382670417, 'g_stn_gpi_mult': 1.5638371612886248, 'g_gpe_gpi_mult': 1.493155011712331}. Best is trial 174 with value: 0.4176381792428698.
[I 2026-05-28 22:29:44,996] Trial 257 finished with value: 1.8724457433698205 and parameters: {'ISTN': 88.86997017793342, 'I_gpe': 3.1341613194026374, 'I_gpi': 1.606636270691546, 'noise_stn_sigma': 1.7125031101864636, 'noise_gpe_sigma': 82.13920561266177, 'noise_gpi_sigma': 46.806816977593265, 'g_stn_gpe_mult': 1.2133845476030491, 'g_gpe_stn_mult': 0.7861715475556396, 'g_stn_gpi_mult': 1.7798809587339748, 'g_gpe_gpi_mult': 1.0226285262202188}. Best is trial 174 with value: 0.4176381792428698.
[I 2026-05-28 22:29:46,005] Trial 258 finished with value: 32.978683177527316 and parameters: {'ISTN': 113.28842839873442, 'I_gpe': 1.8358959358002755, 'I_gpi': 3.264427771989328, 'noise_stn_sigma': 1.9853744024369837, 'noise_gpe_sigma': 84.71479342162334, 'noise_gpi_sigma': 46.92326284052591, 'g_stn_gpe_mult': 1.3330927874692295, 'g_gpe_stn_mult': 0.8765529237061431, 'g_stn_gpi_mult': 1.572725268553417, 'g_gpe_gpi_mult': 1.2066369907886827}. Best is trial 174 with value: 0.4176381792428698.
[I 2026-05-28 22:29:47,014] Trial 259 finished with value: 9.394984148415368 and parameters: {'ISTN': 80.13204118091423, 'I_gpe': 1.7041467928012162, 'I_gpi': 4.359241770389744, 'noise_stn_sigma': 3.909799967209349, 'noise_gpe_sigma': 53.767009080151354, 'noise_gpi_sigma': 39.214451462851095, 'g_stn_gpe_mult': 1.296473228963663, 'g_gpe_stn_mult': 0.7483245334710382, 'g_stn_gpi_mult': 1.0055654830809035, 'g_gpe_gpi_mult': 1.0949497336735248}. Best is trial 174 with value: 0.4176381792428698.
[I 2026-05-28 22:29:48,019] Trial 260 finished with value: 5.059393801727402 and parameters: {'ISTN': 87.36135056833467, 'I_gpe': 2.497947640333895, 'I_gpi': 2.9959056560717157, 'noise_stn_sigma': 1.8548120633715963, 'noise_gpe_sigma': 85.46404734468805, 'noise_gpi_sigma': 49.6995087644454, 'g_stn_gpe_mult': 1.1684980749934821, 'g_gpe_stn_mult': 1.0035953084620783, 'g_stn_gpi_mult': 1.4504084514660358, 'g_gpe_gpi_mult': 1.0733412449857784}. Best is trial 174 with value: 0.4176381792428698.
[I 2026-05-28 22:29:49,022] Trial 261 finished with value: 4.394252688614799 and parameters: {'ISTN': 93.54257319706537, 'I_gpe': 3.439920112341301, 'I_gpi': 2.3051076860617736, 'noise_stn_sigma': 1.1304942346850093, 'noise_gpe_sigma': 76.96320561822222, 'noise_gpi_sigma': 52.455390233726085, 'g_stn_gpe_mult': 1.1083023275713257, 'g_gpe_stn_mult': 0.7850523534712249, 'g_stn_gpi_mult': 1.7471421821999802, 'g_gpe_gpi_mult': 1.1360397534316355}. Best is trial 174 with value: 0.4176381792428698.
[I 2026-05-28 22:29:50,030] Trial 262 finished with value: 0.9843201603824479 and parameters: {'ISTN': 86.31553754046682, 'I_gpe': 3.849011868984142, 'I_gpi': 3.425128494011929, 'noise_stn_sigma': 1.536570515320606, 'noise_gpe_sigma': 82.36057141831273, 'noise_gpi_sigma': 60.16200739075652, 'g_stn_gpe_mult': 1.3113304768994345, 'g_gpe_stn_mult': 0.5867220578364185, 'g_stn_gpi_mult': 1.751251616358662, 'g_gpe_gpi_mult': 1.0626959989448324}. Best is trial 174 with value: 0.4176381792428698.
[I 2026-05-28 22:29:51,038] Trial 263 finished with value: 4.663699276809361 and parameters: {'ISTN': 86.17203604975164, 'I_gpe': 3.511012374288558, 'I_gpi': 2.480074910938867, 'noise_stn_sigma': 2.9243357190709713, 'noise_gpe_sigma': 61.89072730110157, 'noise_gpi_sigma': 40.74010312191774, 'g_stn_gpe_mult': 1.315755971958331, 'g_gpe_stn_mult': 0.5860754030753894, 'g_stn_gpi_mult': 1.674775634261929, 'g_gpe_gpi_mult': 1.2801943644529843}. Best is trial 174 with value: 0.4176381792428698.
