[I 2026-05-28 22:39:10,880] Trial 308 finished with value: 0.9363846981662262 and parameters: {'ISTN': 145.3920484439468, 'I_gpe': 5.04954843954854, 'I_gpi': 2.57429403198945, 'noise_stn_sigma': 4.710937516330212, 'noise_gpe_sigma': 29.897361590914024, 'noise_gpi_sigma': 36.198924416713, 'g_stn_gpe_mult': 1.0589617737418386, 'g_gpe_stn_mult': 0.6987345238618901, 'g_stn_gpi_mult': 0.6975409560911532, 'g_gpe_gpi_mult': 1.4136769073492212}. Best is trial 102 with value: 0.29735011365907316.
[I 2026-05-28 22:39:11,888] Trial 309 finished with value: 70.58984080298707 and parameters: {'ISTN': 142.26620149496503, 'I_gpe': 4.572485237017549, 'I_gpi': 3.6874601766172788, 'noise_stn_sigma': 4.582614062187351, 'noise_gpe_sigma': 28.426071651467307, 'noise_gpi_sigma': 30.16594980581685, 'g_stn_gpe_mult': 1.4956563207406643, 'g_gpe_stn_mult': 0.6137586521583629, 'g_stn_gpi_mult': 0.9628124499173472, 'g_gpe_gpi_mult': 1.3396434261664074}. Best is trial 102 with value: 0.29735011365907316.
[I 2026-05-28 22:39:12,893] Trial 310 finished with value: 106.06226413030835 and parameters: {'ISTN': 134.70005155597232, 'I_gpe': 4.738715681467852, 'I_gpi': 3.346263597949359, 'noise_stn_sigma': 4.41958265183033, 'noise_gpe_sigma': 26.360453206071554, 'noise_gpi_sigma': 38.80334481220583, 'g_stn_gpe_mult': 1.2885567631297632, 'g_gpe_stn_mult': 0.7976209848411935, 'g_stn_gpi_mult': 0.8538282412550553, 'g_gpe_gpi_mult': 1.4799023882920432}. Best is trial 102 with value: 0.29735011365907316.
[I 2026-05-28 22:39:13,899] Trial 311 finished with value: 106.68178722164814 and parameters: {'ISTN': 153.8474438652268, 'I_gpe': 5.5723215798242185, 'I_gpi': 3.1301667574229213, 'noise_stn_sigma': 4.568472167665947, 'noise_gpe_sigma': 25.26554304558443, 'noise_gpi_sigma': 35.5955491551813, 'g_stn_gpe_mult': 1.1723506519728604, 'g_gpe_stn_mult': 0.7689418395433446, 'g_stn_gpi_mult': 0.7090109228561196, 'g_gpe_gpi_mult': 1.5605618631884444}. Best is trial 102 with value: 0.29735011365907316.
[I 2026-05-28 22:39:14,901] Trial 312 finished with value: 5.523745572263735 and parameters: {'ISTN': 150.4803738455455, 'I_gpe': 5.00374092871405, 'I_gpi': 3.5708611663760816, 'noise_stn_sigma': 4.819766014778786, 'noise_gpe_sigma': 25.207826305452745, 'noise_gpi_sigma': 46.171668836369214, 'g_stn_gpe_mult': 1.0185776084023468, 'g_gpe_stn_mult': 0.750412320046409, 'g_stn_gpi_mult': 0.9107535642538902, 'g_gpe_gpi_mult': 1.5951293813694494}. Best is trial 102 with value: 0.29735011365907316.
[I 2026-05-28 22:39:15,906] Trial 313 finished with value: 105.82821804690329 and parameters: {'ISTN': 149.57681979596825, 'I_gpe': 5.36396542601707, 'I_gpi': 2.661802465233079, 'noise_stn_sigma': 4.042858355501144, 'noise_gpe_sigma': 39.83505268636126, 'noise_gpi_sigma': 23.993175816970442, 'g_stn_gpe_mult': 0.9417326860084282, 'g_gpe_stn_mult': 0.7041823723713938, 'g_stn_gpi_mult': 0.7587088504275559, 'g_gpe_gpi_mult': 1.3988615906455273}. Best is trial 102 with value: 0.29735011365907316.
[I 2026-05-28 22:39:16,916] Trial 314 finished with value: 1.2828211190977767 and parameters: {'ISTN': 143.722077064458, 'I_gpe': 3.7113610829201407, 'I_gpi': 2.7080106997309885, 'noise_stn_sigma': 4.1460334437928035, 'noise_gpe_sigma': 37.79310612508275, 'noise_gpi_sigma': 43.045848071228434, 'g_stn_gpe_mult': 1.114410432517171, 'g_gpe_stn_mult': 0.9042290260781162, 'g_stn_gpi_mult': 0.7473995590388145, 'g_gpe_gpi_mult': 1.4537962329886127}. Best is trial 102 with value: 0.29735011365907316.
[I 2026-05-28 22:39:17,919] Trial 315 finished with value: 105.5392183633536 and parameters: {'ISTN': 162.4566727999374, 'I_gpe': 4.390833995652069, 'I_gpi': 2.651681526347586, 'noise_stn_sigma': 4.916021642007738, 'noise_gpe_sigma': 32.45367582478438, 'noise_gpi_sigma': 36.01826792956315, 'g_stn_gpe_mult': 0.8707594620212746, 'g_gpe_stn_mult': 0.9682669036868173, 'g_stn_gpi_mult': 0.7962637432243556, 'g_gpe_gpi_mult': 1.484915638481874}. Best is trial 102 with value: 0.29735011365907316.
[I 2026-05-28 22:39:18,923] Trial 316 finished with value: 107.14337176313802 and parameters: {'ISTN': 138.44471469935618, 'I_gpe': 5.69179418256738, 'I_gpi': 3.5791657999282074, 'noise_stn_sigma': 4.724263747467355, 'noise_gpe_sigma': 26.584101427918426, 'noise_gpi_sigma': 36.49822263905942, 'g_stn_gpe_mult': 0.9916510969268638, 'g_gpe_stn_mult': 0.6797041336619629, 'g_stn_gpi_mult': 0.7655955615673657, 'g_gpe_gpi_mult': 1.5545300132769255}. Best is trial 102 with value: 0.29735011365907316.
[I 2026-05-28 22:39:19,932] Trial 317 finished with value: 9.2701968033236 and parameters: {'ISTN': 165.19554780874614, 'I_gpe': 4.372646992470523, 'I_gpi': 3.1379385353784643, 'noise_stn_sigma': 4.647937148870415, 'noise_gpe_sigma': 31.74959128478497, 'noise_gpi_sigma': 40.148172553300725, 'g_stn_gpe_mult': 0.7926787195195977, 'g_gpe_stn_mult': 0.8613105012015189, 'g_stn_gpi_mult': 0.6953041181660794, 'g_gpe_gpi_mult': 1.1615360826873733}. Best is trial 102 with value: 0.29735011365907316.
[I 2026-05-28 22:39:20,943] Trial 318 finished with value: 41.67370139982374 and parameters: {'ISTN': 138.86478808722885, 'I_gpe': 4.123113200025249, 'I_gpi': 2.1200993567985496, 'noise_stn_sigma': 4.213522630452292, 'noise_gpe_sigma': 22.61623489907743, 'noise_gpi_sigma': 36.39650489937225, 'g_stn_gpe_mult': 1.0816826762601224, 'g_gpe_stn_mult': 0.7105802197117161, 'g_stn_gpi_mult': 0.9268681050656914, 'g_gpe_gpi_mult': 1.4356638809821765}. Best is trial 102 with value: 0.29735011365907316.
[I 2026-05-28 22:39:21,953] Trial 319 finished with value: 46.21862804174576 and parameters: {'ISTN': 130.62328305590552, 'I_gpe': 3.8511265926712657, 'I_gpi': 3.797497200980163, 'noise_stn_sigma': 4.987165090239104, 'noise_gpe_sigma': 37.27917415614551, 'noise_gpi_sigma': 44.865549464329995, 'g_stn_gpe_mult': 1.039970599319139, 'g_gpe_stn_mult': 0.674877179702038, 'g_stn_gpi_mult': 0.7032990551885776, 'g_gpe_gpi_mult': 1.4710268686815047}. Best is trial 102 with value: 0.29735011365907316.
[I 2026-05-28 22:39:22,962] Trial 320 finished with value: 8.509861427499935 and parameters: {'ISTN': 130.19001447162034, 'I_gpe': 4.035778114484675, 'I_gpi': 3.967592180763233, 'noise_stn_sigma': 4.438767527476336, 'noise_gpe_sigma': 19.153505002306083, 'noise_gpi_sigma': 44.458308862807186, 'g_stn_gpe_mult': 1.1900425462201902, 'g_gpe_stn_mult': 0.7467520308798747, 'g_stn_gpi_mult': 0.9157825523963012, 'g_gpe_gpi_mult': 1.5873177745550056}. Best is trial 102 with value: 0.29735011365907316.
[I 2026-05-28 22:39:23,965] Trial 321 finished with value: 105.40256344539556 and parameters: {'ISTN': 153.46765887681283, 'I_gpe': 3.8053321775810174, 'I_gpi': 2.4142625777622406, 'noise_stn_sigma': 4.986431685941831, 'noise_gpe_sigma': 20.909443685113523, 'noise_gpi_sigma': 33.7631004865551, 'g_stn_gpe_mult': 1.004684718831402, 'g_gpe_stn_mult': 1.0935943660638512, 'g_stn_gpi_mult': 0.8340257444021427, 'g_gpe_gpi_mult': 1.3754901391677385}. Best is trial 102 with value: 0.29735011365907316.
[I 2026-05-28 22:39:24,971] Trial 322 finished with value: 4.771816612042012 and parameters: {'ISTN': 149.61825039725267, 'I_gpe': 3.6397980607412, 'I_gpi': 2.8418983365186996, 'noise_stn_sigma': 4.2552645748960884, 'noise_gpe_sigma': 34.936552823579554, 'noise_gpi_sigma': 36.68775703957593, 'g_stn_gpe_mult': 1.3561930839500858, 'g_gpe_stn_mult': 1.0397028888455861, 'g_stn_gpi_mult': 1.09732014996695, 'g_gpe_gpi_mult': 1.5729491848091266}. Best is trial 102 with value: 0.29735011365907316.
[I 2026-05-28 22:39:25,982] Trial 323 finished with value: 8.152580192144509 and parameters: {'ISTN': 147.4042617891842, 'I_gpe': 4.410681726791854, 'I_gpi': 3.5198519416924072, 'noise_stn_sigma': 4.258136531733457, 'noise_gpe_sigma': 28.974593671400036, 'noise_gpi_sigma': 47.857734066028726, 'g_stn_gpe_mult': 1.1141490227034023, 'g_gpe_stn_mult': 0.7705614180523119, 'g_stn_gpi_mult': 0.9686030226861568, 'g_gpe_gpi_mult': 1.573870780620111}. Best is trial 102 with value: 0.29735011365907316.
[I 2026-05-28 22:39:26,990] Trial 324 finished with value: 73.79529930680329 and parameters: {'ISTN': 141.27952145609902, 'I_gpe': 3.829304445286288, 'I_gpi': 4.428204730596382, 'noise_stn_sigma': 3.712444029423069, 'noise_gpe_sigma': 24.408118103774516, 'noise_gpi_sigma': 49.09806842768169, 'g_stn_gpe_mult': 1.1651831084252269, 'g_gpe_stn_mult': 0.6451448602761566, 'g_stn_gpi_mult': 0.9035599829407688, 'g_gpe_gpi_mult': 1.4264139716534048}. Best is trial 102 with value: 0.29735011365907316.
[I 2026-05-28 22:39:27,992] Trial 325 finished with value: 4.730554450595003 and parameters: {'ISTN': 154.5322451473303, 'I_gpe': 4.36251225396636, 'I_gpi': 2.4907333973449157, 'noise_stn_sigma': 4.654996123017628, 'noise_gpe_sigma': 33.06902248324879, 'noise_gpi_sigma': 54.35250746515432, 'g_stn_gpe_mult': 0.8955614676986159, 'g_gpe_stn_mult': 0.8852837658280288, 'g_stn_gpi_mult': 0.7025215476159095, 'g_gpe_gpi_mult': 1.517692878854251}. Best is trial 102 with value: 0.29735011365907316.
[I 2026-05-28 22:39:28,995] Trial 326 finished with value: 105.5219531126819 and parameters: {'ISTN': 146.37169167173826, 'I_gpe': 3.820444343360194, 'I_gpi': 3.098551364215953, 'noise_stn_sigma': 4.152821299212411, 'noise_gpe_sigma': 29.652212848461254, 'noise_gpi_sigma': 48.10190135869654, 'g_stn_gpe_mult': 1.2395321581751269, 'g_gpe_stn_mult': 1.0272257515961227, 'g_stn_gpi_mult': 1.13585369226073, 'g_gpe_gpi_mult': 1.604085255323075}. Best is trial 102 with value: 0.29735011365907316.
[I 2026-05-28 22:39:30,004] Trial 327 finished with value: 9.746420387221411 and parameters: {'ISTN': 165.5482551964168, 'I_gpe': 4.031091601192684, 'I_gpi': 2.6959125107865245, 'noise_stn_sigma': 4.675927898170116, 'noise_gpe_sigma': 36.619593894353336, 'noise_gpi_sigma': 39.26096097552305, 'g_stn_gpe_mult': 1.0571465755443226, 'g_gpe_stn_mult': 0.927616043946571, 'g_stn_gpi_mult': 0.6527670984159208, 'g_gpe_gpi_mult': 1.2180732620267434}. Best is trial 102 with value: 0.29735011365907316.
[I 2026-05-28 22:39:31,009] Trial 328 finished with value: 105.53838720519474 and parameters: {'ISTN': 152.08116317778385, 'I_gpe': 4.319845109754154, 'I_gpi': 2.7913699127519727, 'noise_stn_sigma': 4.311303677661723, 'noise_gpe_sigma': 29.18974310730968, 'noise_gpi_sigma': 44.734134647834864, 'g_stn_gpe_mult': 1.0214536926065938, 'g_gpe_stn_mult': 0.9450570324579746, 'g_stn_gpi_mult': 0.8680039633945829, 'g_gpe_gpi_mult': 1.5064670555208621}. Best is trial 102 with value: 0.29735011365907316.
[I 2026-05-28 22:39:32,014] Trial 329 finished with value: 5.236443251465326 and parameters: {'ISTN': 143.93098147934379, 'I_gpe': 4.747070510650604, 'I_gpi': 3.217490431532291, 'noise_stn_sigma': 4.421817743904546, 'noise_gpe_sigma': 33.659565897803574, 'noise_gpi_sigma': 53.622157277362575, 'g_stn_gpe_mult': 0.9041228956850724, 'g_gpe_stn_mult': 0.7706045016742663, 'g_stn_gpi_mult': 0.7888785148581272, 'g_gpe_gpi_mult': 1.6010998644659167}. Best is trial 102 with value: 0.29735011365907316.
[I 2026-05-28 22:39:33,017] Trial 330 finished with value: 105.76137197465093 and parameters: {'ISTN': 161.59421829247847, 'I_gpe': 4.6056700816102305, 'I_gpi': 2.9388801313131903, 'noise_stn_sigma': 4.657191358794083, 'noise_gpe_sigma': 20.25614619114568, 'noise_gpi_sigma': 39.320794193785844, 'g_stn_gpe_mult': 1.037260540887982, 'g_gpe_stn_mult': 0.95181413630152, 'g_stn_gpi_mult': 0.6104541623649173, 'g_gpe_gpi_mult': 1.278218055459039}. Best is trial 102 with value: 0.29735011365907316.
[I 2026-05-28 22:39:34,026] Trial 331 finished with value: 42.630841236148015 and parameters: {'ISTN': 130.4670940364238, 'I_gpe': 3.7096251127504347, 'I_gpi': 3.736635972911086, 'noise_stn_sigma': 4.5024105495468945, 'noise_gpe_sigma': 27.394490949681643, 'noise_gpi_sigma': 49.53439968718987, 'g_stn_gpe_mult': 1.116514029888018, 'g_gpe_stn_mult': 0.703914355859161, 'g_stn_gpi_mult': 0.785711983777051, 'g_gpe_gpi_mult': 1.5132085436988298}. Best is trial 102 with value: 0.29735011365907316.
[I 2026-05-28 22:39:35,031] Trial 332 finished with value: 105.48188482164824 and parameters: {'ISTN': 176.5534347638041, 'I_gpe': 4.303912377094409, 'I_gpi': 1.665582086002387, 'noise_stn_sigma': 4.292454590092397, 'noise_gpe_sigma': 27.599285745037587, 'noise_gpi_sigma': 28.50029214993672, 'g_stn_gpe_mult': 0.8431281075843664, 'g_gpe_stn_mult': 0.9945318903335189, 'g_stn_gpi_mult': 0.6300986423232213, 'g_gpe_gpi_mult': 1.2962586228811632}. Best is trial 102 with value: 0.29735011365907316.
[I 2026-05-28 22:39:35,981] Trial 333 finished with value: 1000000.0 and parameters: {'ISTN': 162.83188829135509, 'I_gpe': 4.0852384603135015, 'I_gpi': 2.2859547488365353, 'noise_stn_sigma': 4.370838463278965, 'noise_gpe_sigma': 30.249406460588364, 'noise_gpi_sigma': 41.312738596754485, 'g_stn_gpe_mult': 1.1209911009170526, 'g_gpe_stn_mult': 0.9263555664122755, 'g_stn_gpi_mult': 0.8113810225174938, 'g_gpe_gpi_mult': 1.5250255326923339}. Best is trial 102 with value: 0.29735011365907316.
[I 2026-05-28 22:39:36,985] Trial 334 finished with value: 105.43439699680796 and parameters: {'ISTN': 152.17432721863418, 'I_gpe': 4.208511948572418, 'I_gpi': 2.0441641716767753, 'noise_stn_sigma': 4.440895204131434, 'noise_gpe_sigma': 41.18855927104826, 'noise_gpi_sigma': 55.2601878546542, 'g_stn_gpe_mult': 1.3019351901863923, 'g_gpe_stn_mult': 0.9377522343460273, 'g_stn_gpi_mult': 0.7949327912345537, 'g_gpe_gpi_mult': 1.5002872904866087}. Best is trial 102 with value: 0.29735011365907316.
[I 2026-05-28 22:39:37,988] Trial 335 finished with value: 106.64892846779125 and parameters: {'ISTN': 150.5505699572342, 'I_gpe': 4.503259070663621, 'I_gpi': 4.113413115061194, 'noise_stn_sigma': 4.331418756066027, 'noise_gpe_sigma': 36.45688060982349, 'noise_gpi_sigma': 52.325553365412745, 'g_stn_gpe_mult': 1.101434934926416, 'g_gpe_stn_mult': 0.9404992125508979, 'g_stn_gpi_mult': 0.956919038428341, 'g_gpe_gpi_mult': 1.6087661817660428}. Best is trial 102 with value: 0.29735011365907316.
[I 2026-05-28 22:39:38,990] Trial 336 finished with value: 105.51752112190509 and parameters: {'ISTN': 157.05795468497413, 'I_gpe': 4.432713655210682, 'I_gpi': 2.5157363801772377, 'noise_stn_sigma': 4.615270142997647, 'noise_gpe_sigma': 41.38925154309706, 'noise_gpi_sigma': 34.57333016873032, 'g_stn_gpe_mult': 1.1709635507458802, 'g_gpe_stn_mult': 0.9954460803522139, 'g_stn_gpi_mult': 0.8851565202239162, 'g_gpe_gpi_mult': 1.5124009956935245}. Best is trial 102 with value: 0.29735011365907316.
[I 2026-05-28 22:39:39,994] Trial 337 finished with value: 105.34486308485198 and parameters: {'ISTN': 147.6337030543143, 'I_gpe': 3.773463408343245, 'I_gpi': 2.546390360478359, 'noise_stn_sigma': 4.586578316408862, 'noise_gpe_sigma': 28.75153092139863, 'noise_gpi_sigma': 56.21908006532507, 'g_stn_gpe_mult': 1.1007802893942062, 'g_gpe_stn_mult': 1.0583293670933747, 'g_stn_gpi_mult': 0.726218946524274, 'g_gpe_gpi_mult': 1.4946779817942917}. Best is trial 102 with value: 0.29735011365907316.
[I 2026-05-28 22:39:40,998] Trial 338 finished with value: 106.34762390298953 and parameters: {'ISTN': 160.95349303028445, 'I_gpe': 4.556156431845597, 'I_gpi': 3.8284278569261443, 'noise_stn_sigma': 4.567776147210745, 'noise_gpe_sigma': 35.80747227186605, 'noise_gpi_sigma': 45.06527929982824, 'g_stn_gpe_mult': 0.8764739197438494, 'g_gpe_stn_mult': 0.9411810954530071, 'g_stn_gpi_mult': 0.8067167609779402, 'g_gpe_gpi_mult': 1.5741325262541124}. Best is trial 102 with value: 0.29735011365907316.
[I 2026-05-28 22:39:42,009] Trial 339 finished with value: 52.85356052170947 and parameters: {'ISTN': 146.33870633164167, 'I_gpe': 3.840982454547329, 'I_gpi': 4.168869033468383, 'noise_stn_sigma': 4.5932311896338005, 'noise_gpe_sigma': 38.80089460866391, 'noise_gpi_sigma': 57.35724889999815, 'g_stn_gpe_mult': 1.1623514233448438, 'g_gpe_stn_mult': 0.7803020541246557, 'g_stn_gpi_mult': 0.9197567856564461, 'g_gpe_gpi_mult': 1.5580107390068183}. Best is trial 102 with value: 0.29735011365907316.
[I 2026-05-28 22:39:43,019] Trial 340 finished with value: 20.90206208722079 and parameters: {'ISTN': 160.46979312307536, 'I_gpe': 3.686608632095443, 'I_gpi': 4.249418258758883, 'noise_stn_sigma': 4.645653921146523, 'noise_gpe_sigma': 31.626749882203725, 'noise_gpi_sigma': 52.39184063123707, 'g_stn_gpe_mult': 1.3896827502372142, 'g_gpe_stn_mult': 0.9388827115210944, 'g_stn_gpi_mult': 0.8725231494714384, 'g_gpe_gpi_mult': 1.5689829069828611}. Best is trial 102 with value: 0.29735011365907316.
[I 2026-05-28 22:39:44,029] Trial 341 finished with value: 16.351213156125976 and parameters: {'ISTN': 144.32375501817756, 'I_gpe': 4.05293194480295, 'I_gpi': 3.853831357579014, 'noise_stn_sigma': 4.7587903363657755, 'noise_gpe_sigma': 30.056971307603497, 'noise_gpi_sigma': 46.680709714141265, 'g_stn_gpe_mult': 1.47171147158168, 'g_gpe_stn_mult': 0.7965900205153801, 'g_stn_gpi_mult': 0.8055415592344225, 'g_gpe_gpi_mult': 1.6161145714634877}. Best is trial 102 with value: 0.29735011365907316.
[I 2026-05-28 22:39:45,037] Trial 342 finished with value: 0.9408670343261994 and parameters: {'ISTN': 145.13626385067312, 'I_gpe': 3.258348326287183, 'I_gpi': 3.6699438809068097, 'noise_stn_sigma': 4.8432455584435266, 'noise_gpe_sigma': 35.0577708329007, 'noise_gpi_sigma': 58.17494125974299, 'g_stn_gpe_mult': 1.102126855722945, 'g_gpe_stn_mult': 1.0406637412698139, 'g_stn_gpi_mult': 0.8537480296995213, 'g_gpe_gpi_mult': 1.7813253669584257}. Best is trial 102 with value: 0.29735011365907316.
[I 2026-05-28 22:39:46,042] Trial 343 finished with value: 6.357633098643388 and parameters: {'ISTN': 156.57489435575803, 'I_gpe': 3.575715617706536, 'I_gpi': 4.500223987762427, 'noise_stn_sigma': 4.812047954638771, 'noise_gpe_sigma': 33.91187341133839, 'noise_gpi_sigma': 53.57290833117956, 'g_stn_gpe_mult': 1.2791688093883051, 'g_gpe_stn_mult': 1.1020192163073554, 'g_stn_gpi_mult': 0.8428350805396776, 'g_gpe_gpi_mult': 1.4923173353413328}. Best is trial 102 with value: 0.29735011365907316.
[I 2026-05-28 22:39:47,048] Trial 344 finished with value: 105.74231851761802 and parameters: {'ISTN': 177.00622223677897, 'I_gpe': 4.814972380168358, 'I_gpi': 2.4186877450251636, 'noise_stn_sigma': 4.721253601708328, 'noise_gpe_sigma': 28.436545780892867, 'noise_gpi_sigma': 41.59905238767328, 'g_stn_gpe_mult': 1.141413438461834, 'g_gpe_stn_mult': 1.0079191027428374, 'g_stn_gpi_mult': 0.9729000249431976, 'g_gpe_gpi_mult': 1.545794700769563}. Best is trial 102 with value: 0.29735011365907316.
[I 2026-05-28 22:39:47,998] Trial 345 finished with value: 1000000.0 and parameters: {'ISTN': 131.42408299533383, 'I_gpe': 3.5602416262014094, 'I_gpi': 3.8113684930553164, 'noise_stn_sigma': 4.647805369047329, 'noise_gpe_sigma': 19.638849386882367, 'noise_gpi_sigma': 61.570034031481526, 'g_stn_gpe_mult': 1.2816676723150675, 'g_gpe_stn_mult': 0.8053991239172245, 'g_stn_gpi_mult': 0.885534104796474, 'g_gpe_gpi_mult': 1.6622192376574616}. Best is trial 102 with value: 0.29735011365907316.
[I 2026-05-28 22:39:49,004] Trial 346 finished with value: 3.5439880082059867 and parameters: {'ISTN': 135.14833045927008, 'I_gpe': 3.978278930349703, 'I_gpi': 3.858374265822557, 'noise_stn_sigma': 4.216436436341836, 'noise_gpe_sigma': 40.14410394564604, 'noise_gpi_sigma': 58.34998365231076, 'g_stn_gpe_mult': 1.3546522123772584, 'g_gpe_stn_mult': 0.8487496538114119, 'g_stn_gpi_mult': 0.9281584787086534, 'g_gpe_gpi_mult': 1.5258296789462487}. Best is trial 102 with value: 0.29735011365907316.
[I 2026-05-28 22:39:50,013] Trial 347 finished with value: 8.341692352944836 and parameters: {'ISTN': 143.82360954544103, 'I_gpe': 3.8818008913266517, 'I_gpi': 4.7291694946786365, 'noise_stn_sigma': 4.6033609580182056, 'noise_gpe_sigma': 42.19556801804033, 'noise_gpi_sigma': 57.190518693108025, 'g_stn_gpe_mult': 1.5065491840596732, 'g_gpe_stn_mult': 0.8474255196109828, 'g_stn_gpi_mult': 0.8415276986546447, 'g_gpe_gpi_mult': 1.6988218032604245}. Best is trial 102 with value: 0.29735011365907316.
[I 2026-05-28 22:39:51,023] Trial 348 finished with value: 45.09984947506054 and parameters: {'ISTN': 140.78551350110646, 'I_gpe': 2.7621050143625068, 'I_gpi': 4.021754071089969, 'noise_stn_sigma': 4.269592178797917, 'noise_gpe_sigma': 39.87217311417923, 'noise_gpi_sigma': 46.53732959997583, 'g_stn_gpe_mult': 1.6237534262233102, 'g_gpe_stn_mult': 0.9344723788691254, 'g_stn_gpi_mult': 1.02376032733807, 'g_gpe_gpi_mult': 1.4249191307624534}. Best is trial 102 with value: 0.29735011365907316.
[I 2026-05-28 22:39:52,036] Trial 349 finished with value: 68.03711180514182 and parameters: {'ISTN': 159.92542455580457, 'I_gpe': 3.802662430830984, 'I_gpi': 3.2082410731338533, 'noise_stn_sigma': 4.719452009171964, 'noise_gpe_sigma': 33.03338038852324, 'noise_gpi_sigma': 39.97535550050745, 'g_stn_gpe_mult': 0.9832178474075857, 'g_gpe_stn_mult': 0.8441234160836342, 'g_stn_gpi_mult': 0.7688253330047474, 'g_gpe_gpi_mult': 1.5668495815795618}. Best is trial 102 with value: 0.29735011365907316.
[I 2026-05-28 22:39:53,045] Trial 350 finished with value: 2.783705396608725 and parameters: {'ISTN': 150.34996123072972, 'I_gpe': 4.129419635648166, 'I_gpi': 4.308447042431007, 'noise_stn_sigma': 4.5463297724868745, 'noise_gpe_sigma': 42.1412003269122, 'noise_gpi_sigma': 51.393437432378505, 'g_stn_gpe_mult': 1.5833037524717537, 'g_gpe_stn_mult': 0.8818413882802199, 'g_stn_gpi_mult': 0.7549072412939402, 'g_gpe_gpi_mult': 1.5855815851852253}. Best is trial 102 with value: 0.29735011365907316.
[I 2026-05-28 22:39:54,056] Trial 351 finished with value: 1.8928312767067272 and parameters: {'ISTN': 125.15556411440934, 'I_gpe': 3.8219267004926953, 'I_gpi': 3.92899606243555, 'noise_stn_sigma': 4.394257508779838, 'noise_gpe_sigma': 33.3138634905734, 'noise_gpi_sigma': 73.28188592558008, 'g_stn_gpe_mult': 1.1200496411125895, 'g_gpe_stn_mult': 0.7871256877099176, 'g_stn_gpi_mult': 0.7306888570069807, 'g_gpe_gpi_mult': 1.7438458407484034}. Best is trial 102 with value: 0.29735011365907316.
