[I 2026-05-28 22:31:20,465] Trial 352 finished with value: 0.8690684970243828 and parameters: {'ISTN': 112.30649746659995, 'I_gpe': 3.2964575533391662, 'I_gpi': 2.6128130918971797, 'noise_stn_sigma': 1.3377527372382496, 'noise_gpe_sigma': 78.52440463164143, 'noise_gpi_sigma': 71.87302130441867, 'g_stn_gpe_mult': 1.8641665185924583, 'g_gpe_stn_mult': 0.8144082349274111, 'g_stn_gpi_mult': 1.4094948948579384, 'g_gpe_gpi_mult': 0.9804526256093478}. Best is trial 308 with value: 0.25413308990423583.
[I 2026-05-28 22:31:21,472] Trial 353 finished with value: 34.43949018672941 and parameters: {'ISTN': 115.28415054127075, 'I_gpe': 3.8080118273866552, 'I_gpi': 3.4548636670918995, 'noise_stn_sigma': 1.9840988375778377, 'noise_gpe_sigma': 62.87763448452938, 'noise_gpi_sigma': 49.874311682148864, 'g_stn_gpe_mult': 1.5114869681803738, 'g_gpe_stn_mult': 0.5769241701826269, 'g_stn_gpi_mult': 1.6731457644634375, 'g_gpe_gpi_mult': 0.7151769400067404}. Best is trial 308 with value: 0.25413308990423583.
[I 2026-05-28 22:31:22,481] Trial 354 finished with value: 24.874394794321244 and parameters: {'ISTN': 115.96196601572646, 'I_gpe': 3.1762376374575854, 'I_gpi': 1.2766333530590648, 'noise_stn_sigma': 1.8624872828075618, 'noise_gpe_sigma': 94.85151160711351, 'noise_gpi_sigma': 65.32156670359838, 'g_stn_gpe_mult': 1.4578258896372953, 'g_gpe_stn_mult': 0.7196741447687179, 'g_stn_gpi_mult': 1.666675204225272, 'g_gpe_gpi_mult': 0.6689321545281711}. Best is trial 308 with value: 0.25413308990423583.
[I 2026-05-28 22:31:23,488] Trial 355 finished with value: 12.507285308909422 and parameters: {'ISTN': 111.0871150007294, 'I_gpe': 2.9574172848301936, 'I_gpi': 2.0801455399006366, 'noise_stn_sigma': 1.0530054058261875, 'noise_gpe_sigma': 89.63068236928699, 'noise_gpi_sigma': 63.14225740405168, 'g_stn_gpe_mult': 1.654405615208174, 'g_gpe_stn_mult': 0.7930008354599667, 'g_stn_gpi_mult': 1.8817023686168928, 'g_gpe_gpi_mult': 0.8564298692563739}. Best is trial 308 with value: 0.25413308990423583.
[I 2026-05-28 22:31:24,496] Trial 356 finished with value: 20.263522318796518 and parameters: {'ISTN': 122.3083347842049, 'I_gpe': 3.1593270350815668, 'I_gpi': 1.58220215261791, 'noise_stn_sigma': 1.7459937438864317, 'noise_gpe_sigma': 84.44211989907029, 'noise_gpi_sigma': 61.14772062026854, 'g_stn_gpe_mult': 1.4085227510757128, 'g_gpe_stn_mult': 0.8095071794803337, 'g_stn_gpi_mult': 1.7050272411476715, 'g_gpe_gpi_mult': 0.6077449319640361}. Best is trial 308 with value: 0.25413308990423583.
[I 2026-05-28 22:31:25,502] Trial 357 finished with value: 22.394238344668587 and parameters: {'ISTN': 107.57895304145516, 'I_gpe': 3.43205937884901, 'I_gpi': 3.845647008283624, 'noise_stn_sigma': 1.9102109369796751, 'noise_gpe_sigma': 92.65983452477003, 'noise_gpi_sigma': 48.24267824224477, 'g_stn_gpe_mult': 1.5544689464167525, 'g_gpe_stn_mult': 0.6246513123977122, 'g_stn_gpi_mult': 1.4471394242700466, 'g_gpe_gpi_mult': 0.7770480030341936}. Best is trial 308 with value: 0.25413308990423583.
[I 2026-05-28 22:31:26,509] Trial 358 finished with value: 11.088863601203718 and parameters: {'ISTN': 110.42627109570768, 'I_gpe': 3.1405269864198266, 'I_gpi': 3.2145023605346177, 'noise_stn_sigma': 2.4535800146990363, 'noise_gpe_sigma': 86.08749914119954, 'noise_gpi_sigma': 67.98519861443873, 'g_stn_gpe_mult': 1.6808547851593385, 'g_gpe_stn_mult': 0.7649069005927378, 'g_stn_gpi_mult': 1.2170418360996447, 'g_gpe_gpi_mult': 0.9258910294818858}. Best is trial 308 with value: 0.25413308990423583.
[I 2026-05-28 22:31:27,513] Trial 359 finished with value: 104.94800550076769 and parameters: {'ISTN': 109.9485955379345, 'I_gpe': 3.223615022973039, 'I_gpi': 1.9783002938845968, 'noise_stn_sigma': 1.3550531894544788, 'noise_gpe_sigma': 72.9721742754746, 'noise_gpi_sigma': 55.41856281315401, 'g_stn_gpe_mult': 1.566980843492218, 'g_gpe_stn_mult': 0.9773082694273378, 'g_stn_gpi_mult': 1.6140495408244964, 'g_gpe_gpi_mult': 0.8618633883393645}. Best is trial 308 with value: 0.25413308990423583.
[I 2026-05-28 22:31:28,515] Trial 360 finished with value: 105.34328885334783 and parameters: {'ISTN': 114.17952035780408, 'I_gpe': 3.992717584039117, 'I_gpi': 2.8202848159608678, 'noise_stn_sigma': 1.5640493735379486, 'noise_gpe_sigma': 87.35815329521066, 'noise_gpi_sigma': 51.335496098190326, 'g_stn_gpe_mult': 1.7972356857660516, 'g_gpe_stn_mult': 0.9307734656666607, 'g_stn_gpi_mult': 1.6706572128224546, 'g_gpe_gpi_mult': 0.8864503400707513}. Best is trial 308 with value: 0.25413308990423583.
[I 2026-05-28 22:31:29,521] Trial 361 finished with value: 4.259170766715331 and parameters: {'ISTN': 124.90139028004398, 'I_gpe': 4.003735205268434, 'I_gpi': 3.0432499350708393, 'noise_stn_sigma': 1.6486771218977403, 'noise_gpe_sigma': 88.34519175012467, 'noise_gpi_sigma': 75.81778625712303, 'g_stn_gpe_mult': 1.4953224054664351, 'g_gpe_stn_mult': 0.8478691867014473, 'g_stn_gpi_mult': 1.5386600979593887, 'g_gpe_gpi_mult': 0.7670523052289036}. Best is trial 308 with value: 0.25413308990423583.
[I 2026-05-28 22:31:30,527] Trial 362 finished with value: 21.46296405126769 and parameters: {'ISTN': 106.59166581921254, 'I_gpe': 2.204155252197517, 'I_gpi': 2.045078459354437, 'noise_stn_sigma': 1.5998219437238417, 'noise_gpe_sigma': 78.1535716093804, 'noise_gpi_sigma': 66.08760126090574, 'g_stn_gpe_mult': 1.8684477805753115, 'g_gpe_stn_mult': 0.7679493409367077, 'g_stn_gpi_mult': 1.3432199902906914, 'g_gpe_gpi_mult': 0.8931111594082857}. Best is trial 308 with value: 0.25413308990423583.
[I 2026-05-28 22:31:31,532] Trial 363 finished with value: 3.929308444356303 and parameters: {'ISTN': 123.6977029313469, 'I_gpe': 2.6953719948731987, 'I_gpi': 1.9456534559382432, 'noise_stn_sigma': 0.6402457637527464, 'noise_gpe_sigma': 94.76104168165564, 'noise_gpi_sigma': 81.29321620824172, 'g_stn_gpe_mult': 1.8200206461574469, 'g_gpe_stn_mult': 1.0144506999094325, 'g_stn_gpi_mult': 1.3983656186537146, 'g_gpe_gpi_mult': 1.211822231790633}. Best is trial 308 with value: 0.25413308990423583.
[I 2026-05-28 22:31:32,540] Trial 364 finished with value: 23.96581570995356 and parameters: {'ISTN': 112.73384318985008, 'I_gpe': 2.978986492554082, 'I_gpi': 2.553285088088525, 'noise_stn_sigma': 1.3953318538107187, 'noise_gpe_sigma': 97.98506030719268, 'noise_gpi_sigma': 65.2099389146075, 'g_stn_gpe_mult': 1.3953659530905742, 'g_gpe_stn_mult': 0.717154574219667, 'g_stn_gpi_mult': 1.8119321432032647, 'g_gpe_gpi_mult': 0.6570055173210734}. Best is trial 308 with value: 0.25413308990423583.
[I 2026-05-28 22:31:33,548] Trial 365 finished with value: 2.8605964700391584 and parameters: {'ISTN': 103.69274285262352, 'I_gpe': 2.877129367323086, 'I_gpi': 2.6020558656315362, 'noise_stn_sigma': 1.5453491137185131, 'noise_gpe_sigma': 92.17052422947995, 'noise_gpi_sigma': 74.41979637843606, 'g_stn_gpe_mult': 1.7346908470184912, 'g_gpe_stn_mult': 0.8465194834135075, 'g_stn_gpi_mult': 1.2829759852590854, 'g_gpe_gpi_mult': 0.912452064499585}. Best is trial 308 with value: 0.25413308990423583.
[I 2026-05-28 22:31:34,558] Trial 366 finished with value: 3.091863858073454 and parameters: {'ISTN': 99.96013094215039, 'I_gpe': 3.740388256251742, 'I_gpi': 2.788857315495563, 'noise_stn_sigma': 1.2028883623542326, 'noise_gpe_sigma': 95.94582932185791, 'noise_gpi_sigma': 67.33362751396477, 'g_stn_gpe_mult': 1.6700311536011259, 'g_gpe_stn_mult': 0.6524113570440586, 'g_stn_gpi_mult': 1.4977476460686578, 'g_gpe_gpi_mult': 0.6650632144920827}. Best is trial 308 with value: 0.25413308990423583.
[I 2026-05-28 22:31:35,568] Trial 367 finished with value: 10.534687170542522 and parameters: {'ISTN': 107.62397957382936, 'I_gpe': 1.9297201345258577, 'I_gpi': 1.9786995243614098, 'noise_stn_sigma': 1.1845753960015342, 'noise_gpe_sigma': 74.14138217724782, 'noise_gpi_sigma': 61.272954647458164, 'g_stn_gpe_mult': 1.8142876633431162, 'g_gpe_stn_mult': 1.0201711309386279, 'g_stn_gpi_mult': 1.2819104379389095, 'g_gpe_gpi_mult': 0.9167211414841605}. Best is trial 308 with value: 0.25413308990423583.
[I 2026-05-28 22:31:36,576] Trial 368 finished with value: 22.016465731387235 and parameters: {'ISTN': 120.93476322790184, 'I_gpe': 3.390648275211203, 'I_gpi': 1.999388410322485, 'noise_stn_sigma': 2.968139358275582, 'noise_gpe_sigma': 81.23196794558747, 'noise_gpi_sigma': 66.5891404162239, 'g_stn_gpe_mult': 1.4969037656826276, 'g_gpe_stn_mult': 0.7488396700922804, 'g_stn_gpi_mult': 1.2282255372063275, 'g_gpe_gpi_mult': 0.9872170785149386}. Best is trial 308 with value: 0.25413308990423583.
[I 2026-05-28 22:31:37,584] Trial 369 finished with value: 36.464496935848445 and parameters: {'ISTN': 129.24957038152158, 'I_gpe': 3.097799098080585, 'I_gpi': 3.660584244671263, 'noise_stn_sigma': 2.0510716461827103, 'noise_gpe_sigma': 80.56065418410557, 'noise_gpi_sigma': 74.66316421043, 'g_stn_gpe_mult': 1.8777984452787388, 'g_gpe_stn_mult': 0.7832946486690844, 'g_stn_gpi_mult': 1.4711768987346814, 'g_gpe_gpi_mult': 0.7040612517568992}. Best is trial 308 with value: 0.25413308990423583.
[I 2026-05-28 22:31:38,586] Trial 370 finished with value: 105.49522813293686 and parameters: {'ISTN': 119.43926115575024, 'I_gpe': 3.6665419889389974, 'I_gpi': 3.1868305680266222, 'noise_stn_sigma': 2.1494345309871177, 'noise_gpe_sigma': 66.78675641648422, 'noise_gpi_sigma': 68.38855145980428, 'g_stn_gpe_mult': 1.4956127458477584, 'g_gpe_stn_mult': 0.9382072678694109, 'g_stn_gpi_mult': 1.1666014375691025, 'g_gpe_gpi_mult': 1.2643313261854034}. Best is trial 308 with value: 0.25413308990423583.
[I 2026-05-28 22:31:39,596] Trial 371 finished with value: 8.356217551274048 and parameters: {'ISTN': 93.43850726037849, 'I_gpe': 2.3627130550701376, 'I_gpi': 2.1571265914323243, 'noise_stn_sigma': 0.9555298570212228, 'noise_gpe_sigma': 91.779080888603, 'noise_gpi_sigma': 65.45604292318104, 'g_stn_gpe_mult': 1.5563365580054223, 'g_gpe_stn_mult': 0.7879781760785587, 'g_stn_gpi_mult': 1.5073407608949219, 'g_gpe_gpi_mult': 0.6897273132267743}. Best is trial 308 with value: 0.25413308990423583.
[I 2026-05-28 22:31:40,602] Trial 372 finished with value: 7.513961420778038 and parameters: {'ISTN': 112.42654703537103, 'I_gpe': 1.9126371572662542, 'I_gpi': 1.7971222299919574, 'noise_stn_sigma': 1.1941757418268515, 'noise_gpe_sigma': 92.07097871575405, 'noise_gpi_sigma': 68.9235912505651, 'g_stn_gpe_mult': 1.8195772718713599, 'g_gpe_stn_mult': 1.1155369251876581, 'g_stn_gpi_mult': 1.0290622549691681, 'g_gpe_gpi_mult': 1.0347546942271477}. Best is trial 308 with value: 0.25413308990423583.
[I 2026-05-28 22:31:41,612] Trial 373 finished with value: 1.04524669464235 and parameters: {'ISTN': 119.47578586668203, 'I_gpe': 2.9449135698857853, 'I_gpi': 2.292849780305361, 'noise_stn_sigma': 1.882431889787776, 'noise_gpe_sigma': 87.590319263268, 'noise_gpi_sigma': 71.7076269941417, 'g_stn_gpe_mult': 1.653796100603548, 'g_gpe_stn_mult': 0.9589351484876175, 'g_stn_gpi_mult': 1.2384969198903104, 'g_gpe_gpi_mult': 0.8722369588916805}. Best is trial 308 with value: 0.25413308990423583.
[I 2026-05-28 22:31:42,560] Trial 374 finished with value: 1000000.0 and parameters: {'ISTN': 111.85665222031417, 'I_gpe': 2.7022515928975546, 'I_gpi': 2.371452053824881, 'noise_stn_sigma': 0.8898744945026511, 'noise_gpe_sigma': 95.5698351589231, 'noise_gpi_sigma': 73.76385346663317, 'g_stn_gpe_mult': 1.8684150243298387, 'g_gpe_stn_mult': 0.8480388645934306, 'g_stn_gpi_mult': 1.3273793424513274, 'g_gpe_gpi_mult': 1.0280263010125676}. Best is trial 308 with value: 0.25413308990423583.
[I 2026-05-28 22:31:43,564] Trial 375 finished with value: 1.8185148409777376 and parameters: {'ISTN': 114.23022641953173, 'I_gpe': 3.1199510874326237, 'I_gpi': 2.385913884258777, 'noise_stn_sigma': 1.3564624120726296, 'noise_gpe_sigma': 94.69546204459674, 'noise_gpi_sigma': 69.6241968500288, 'g_stn_gpe_mult': 1.660436541179294, 'g_gpe_stn_mult': 0.9569040675286327, 'g_stn_gpi_mult': 1.451604227175866, 'g_gpe_gpi_mult': 0.9617856064785996}. Best is trial 308 with value: 0.25413308990423583.
[I 2026-05-28 22:31:44,572] Trial 376 finished with value: 14.708324111210896 and parameters: {'ISTN': 100.55382294619851, 'I_gpe': 3.116856757955646, 'I_gpi': 3.5305953239819594, 'noise_stn_sigma': 2.1507681299308983, 'noise_gpe_sigma': 84.22776549568566, 'noise_gpi_sigma': 60.812130335017024, 'g_stn_gpe_mult': 1.5779830313617873, 'g_gpe_stn_mult': 0.6602840205092291, 'g_stn_gpi_mult': 1.3834418557374841, 'g_gpe_gpi_mult': 0.7793461579509832}. Best is trial 308 with value: 0.25413308990423583.
[I 2026-05-28 22:31:45,580] Trial 377 finished with value: 6.881403387535281 and parameters: {'ISTN': 125.15329725166521, 'I_gpe': 3.2008571475392436, 'I_gpi': 2.996920758240937, 'noise_stn_sigma': 1.500316651589607, 'noise_gpe_sigma': 95.8504027462686, 'noise_gpi_sigma': 54.83310775061405, 'g_stn_gpe_mult': 1.8148145895349916, 'g_gpe_stn_mult': 0.8876056262879406, 'g_stn_gpi_mult': 1.6386861421880006, 'g_gpe_gpi_mult': 0.9965206798617263}. Best is trial 308 with value: 0.25413308990423583.
[I 2026-05-28 22:31:46,587] Trial 378 finished with value: 0.634853465379695 and parameters: {'ISTN': 96.48283590656251, 'I_gpe': 3.2157166159964325, 'I_gpi': 2.2211221088177693, 'noise_stn_sigma': 1.2278794915876747, 'noise_gpe_sigma': 97.12227973673868, 'noise_gpi_sigma': 70.73524887800355, 'g_stn_gpe_mult': 1.74649476185675, 'g_gpe_stn_mult': 0.7959521308320066, 'g_stn_gpi_mult': 1.2350046481812318, 'g_gpe_gpi_mult': 0.8196981274781464}. Best is trial 308 with value: 0.25413308990423583.
[I 2026-05-28 22:31:47,591] Trial 379 finished with value: 3.2964162831647417 and parameters: {'ISTN': 104.92889731142729, 'I_gpe': 4.490774714296399, 'I_gpi': 4.0764764867713215, 'noise_stn_sigma': 1.2856471540772634, 'noise_gpe_sigma': 89.83304393694888, 'noise_gpi_sigma': 74.06809934972058, 'g_stn_gpe_mult': 1.9589923313966504, 'g_gpe_stn_mult': 0.6344622035477008, 'g_stn_gpi_mult': 1.3930729273867888, 'g_gpe_gpi_mult': 0.6438865278728767}. Best is trial 308 with value: 0.25413308990423583.
[I 2026-05-28 22:31:48,595] Trial 380 finished with value: 104.76263336631956 and parameters: {'ISTN': 125.89195513633274, 'I_gpe': 3.263701970559263, 'I_gpi': 2.2112185778961897, 'noise_stn_sigma': 0.920235588578749, 'noise_gpe_sigma': 93.05085634755267, 'noise_gpi_sigma': 69.23934403329415, 'g_stn_gpe_mult': 1.5218151228954568, 'g_gpe_stn_mult': 1.0524885323727282, 'g_stn_gpi_mult': 1.2991863159934989, 'g_gpe_gpi_mult': 1.064129818312293}. Best is trial 308 with value: 0.25413308990423583.
[I 2026-05-28 22:31:49,603] Trial 381 finished with value: 1.956047510831506 and parameters: {'ISTN': 93.43028663465878, 'I_gpe': 3.597986577311177, 'I_gpi': 2.5474379763997623, 'noise_stn_sigma': 1.081381342356268, 'noise_gpe_sigma': 81.43754497320683, 'noise_gpi_sigma': 59.86463315824007, 'g_stn_gpe_mult': 1.9267378286299675, 'g_gpe_stn_mult': 0.6402848406041604, 'g_stn_gpi_mult': 1.3513289291178832, 'g_gpe_gpi_mult': 0.8444454511016172}. Best is trial 308 with value: 0.25413308990423583.
[I 2026-05-28 22:31:50,607] Trial 382 finished with value: 105.27846401133827 and parameters: {'ISTN': 106.14813694256927, 'I_gpe': 3.7197872820246682, 'I_gpi': 3.3036932609728806, 'noise_stn_sigma': 1.2892592316504572, 'noise_gpe_sigma': 82.60916414825743, 'noise_gpi_sigma': 64.28852199340739, 'g_stn_gpe_mult': 1.666213625340832, 'g_gpe_stn_mult': 0.8208409438230481, 'g_stn_gpi_mult': 1.3558896907828728, 'g_gpe_gpi_mult': 0.7483049745944199}. Best is trial 308 with value: 0.25413308990423583.
[I 2026-05-28 22:31:51,615] Trial 383 finished with value: 31.72549240513912 and parameters: {'ISTN': 115.18286015130687, 'I_gpe': 3.0822952306234312, 'I_gpi': 4.135480489422411, 'noise_stn_sigma': 2.933867133638172, 'noise_gpe_sigma': 79.77700765647506, 'noise_gpi_sigma': 66.42656361097124, 'g_stn_gpe_mult': 1.993338850209203, 'g_gpe_stn_mult': 0.657362087649221, 'g_stn_gpi_mult': 1.3024266743755, 'g_gpe_gpi_mult': 1.2021591012203645}. Best is trial 308 with value: 0.25413308990423583.
[I 2026-05-28 22:31:52,620] Trial 384 finished with value: 9.334103604441594 and parameters: {'ISTN': 96.75466209544865, 'I_gpe': 2.6384144896244046, 'I_gpi': 3.009452040446478, 'noise_stn_sigma': 1.5593043601750856, 'noise_gpe_sigma': 86.43175937730098, 'noise_gpi_sigma': 62.166719827343314, 'g_stn_gpe_mult': 1.4866523393390625, 'g_gpe_stn_mult': 1.0335920040455964, 'g_stn_gpi_mult': 1.3200465483851234, 'g_gpe_gpi_mult': 0.7560079118989573}. Best is trial 308 with value: 0.25413308990423583.
[I 2026-05-28 22:31:53,623] Trial 385 finished with value: 5.001034779132356 and parameters: {'ISTN': 113.9891174437497, 'I_gpe': 3.2752733019843605, 'I_gpi': 3.5219534073042866, 'noise_stn_sigma': 2.01985028435342, 'noise_gpe_sigma': 93.03258075115835, 'noise_gpi_sigma': 75.48849959793542, 'g_stn_gpe_mult': 1.8554830397820616, 'g_gpe_stn_mult': 0.9671887260322011, 'g_stn_gpi_mult': 1.3025896531336487, 'g_gpe_gpi_mult': 0.8801966157892436}. Best is trial 308 with value: 0.25413308990423583.
[I 2026-05-28 22:31:54,631] Trial 386 finished with value: 0.8467477897492335 and parameters: {'ISTN': 107.07608070530165, 'I_gpe': 3.0592728750741083, 'I_gpi': 2.2516313935404906, 'noise_stn_sigma': 1.767072602051068, 'noise_gpe_sigma': 86.33102287563871, 'noise_gpi_sigma': 70.56831117625924, 'g_stn_gpe_mult': 1.7626181085477242, 'g_gpe_stn_mult': 0.8413673886828177, 'g_stn_gpi_mult': 1.1775423103543388, 'g_gpe_gpi_mult': 0.8596328565102405}. Best is trial 308 with value: 0.25413308990423583.
[I 2026-05-28 22:31:55,641] Trial 387 finished with value: 20.891583253998512 and parameters: {'ISTN': 116.84735557760278, 'I_gpe': 3.2337525503496702, 'I_gpi': 2.128723230868753, 'noise_stn_sigma': 2.1945016831149244, 'noise_gpe_sigma': 93.23224529181134, 'noise_gpi_sigma': 69.95659338931294, 'g_stn_gpe_mult': 1.6837284664472008, 'g_gpe_stn_mult': 0.7409622416154467, 'g_stn_gpi_mult': 1.305968397554537, 'g_gpe_gpi_mult': 0.8203516030541262}. Best is trial 308 with value: 0.25413308990423583.
[I 2026-05-28 22:31:56,645] Trial 388 finished with value: 3.4251833401666176 and parameters: {'ISTN': 90.44524849286796, 'I_gpe': 3.071371805657333, 'I_gpi': 2.5791459954649003, 'noise_stn_sigma': 1.8877589933716077, 'noise_gpe_sigma': 97.46832643664052, 'noise_gpi_sigma': 63.32379119778112, 'g_stn_gpe_mult': 1.7774115865413653, 'g_gpe_stn_mult': 0.8540782200893682, 'g_stn_gpi_mult': 1.2256613761866635, 'g_gpe_gpi_mult': 0.642471026192567}. Best is trial 308 with value: 0.25413308990423583.
[I 2026-05-28 22:31:57,653] Trial 389 finished with value: 3.844556963858756 and parameters: {'ISTN': 101.7326496658115, 'I_gpe': 2.6275092269767857, 'I_gpi': 3.143828731270313, 'noise_stn_sigma': 1.4211149027073473, 'noise_gpe_sigma': 87.30536772433368, 'noise_gpi_sigma': 63.68337908137597, 'g_stn_gpe_mult': 1.8719948172902172, 'g_gpe_stn_mult': 0.8717444507121872, 'g_stn_gpi_mult': 1.3665309257493368, 'g_gpe_gpi_mult': 0.8749192884111834}. Best is trial 308 with value: 0.25413308990423583.
[I 2026-05-28 22:31:58,660] Trial 390 finished with value: 4.450831640423337 and parameters: {'ISTN': 109.71881737380542, 'I_gpe': 3.101030788016047, 'I_gpi': 3.333238594642072, 'noise_stn_sigma': 1.8729895872672442, 'noise_gpe_sigma': 99.38150757981174, 'noise_gpi_sigma': 65.68066789000656, 'g_stn_gpe_mult': 1.689329251594878, 'g_gpe_stn_mult': 0.8241187218112556, 'g_stn_gpi_mult': 1.2719849819346485, 'g_gpe_gpi_mult': 0.9289546904726698}. Best is trial 308 with value: 0.25413308990423583.
[I 2026-05-28 22:31:59,670] Trial 391 finished with value: 8.218966890395032 and parameters: {'ISTN': 98.58293026415664, 'I_gpe': 3.5517696000148513, 'I_gpi': 2.351344369255511, 'noise_stn_sigma': 1.219507546028912, 'noise_gpe_sigma': 98.80870905798884, 'noise_gpi_sigma': 58.65432039167291, 'g_stn_gpe_mult': 1.7194929942253676, 'g_gpe_stn_mult': 0.638808980189081, 'g_stn_gpi_mult': 1.6068761711741024, 'g_gpe_gpi_mult': 0.6085998027296589}. Best is trial 308 with value: 0.25413308990423583.
[I 2026-05-28 22:32:00,681] Trial 392 finished with value: 2.4615871402330947 and parameters: {'ISTN': 107.49960991718595, 'I_gpe': 2.86931122357338, 'I_gpi': 1.6197096402807656, 'noise_stn_sigma': 1.1397246070941356, 'noise_gpe_sigma': 81.25351633766837, 'noise_gpi_sigma': 50.06457967795556, 'g_stn_gpe_mult': 1.6635973415710836, 'g_gpe_stn_mult': 0.8706119969661691, 'g_stn_gpi_mult': 1.5268105025351746, 'g_gpe_gpi_mult': 0.8954253755918131}. Best is trial 308 with value: 0.25413308990423583.
[I 2026-05-28 22:32:01,691] Trial 393 finished with value: 1.8962744606740054 and parameters: {'ISTN': 90.19236053982632, 'I_gpe': 2.186315459391248, 'I_gpi': 2.5585557441691558, 'noise_stn_sigma': 1.9731477682505139, 'noise_gpe_sigma': 86.26362364544376, 'noise_gpi_sigma': 72.00928779408135, 'g_stn_gpe_mult': 1.9097947554423895, 'g_gpe_stn_mult': 0.8999906392313495, 'g_stn_gpi_mult': 1.2435721318030408, 'g_gpe_gpi_mult': 1.0002764921436755}. Best is trial 308 with value: 0.25413308990423583.
[I 2026-05-28 22:32:02,696] Trial 394 finished with value: 104.90109454153816 and parameters: {'ISTN': 96.60281562221348, 'I_gpe': 3.3837093856355946, 'I_gpi': 2.708661633965546, 'noise_stn_sigma': 1.1703478731699102, 'noise_gpe_sigma': 87.32833749498141, 'noise_gpi_sigma': 87.49807576594422, 'g_stn_gpe_mult': 1.9043546995634142, 'g_gpe_stn_mult': 0.8558383811666068, 'g_stn_gpi_mult': 1.123942777840016, 'g_gpe_gpi_mult': 0.6338751756266587}. Best is trial 308 with value: 0.25413308990423583.
[I 2026-05-28 22:32:03,703] Trial 395 finished with value: 2.939945411239918 and parameters: {'ISTN': 82.66112329358651, 'I_gpe': 2.702923990224659, 'I_gpi': 2.024048996149786, 'noise_stn_sigma': 1.4321025486148655, 'noise_gpe_sigma': 88.8370673654242, 'noise_gpi_sigma': 56.892035950993204, 'g_stn_gpe_mult': 1.9691026174497912, 'g_gpe_stn_mult': 0.8422619967238322, 'g_stn_gpi_mult': 0.978235888746295, 'g_gpe_gpi_mult': 0.9705136192826164}. Best is trial 308 with value: 0.25413308990423583.
