[I 2026-05-28 23:05:32,977] Trial 352 finished with value: 0.39097610611948014 and parameters: {'ISTN': 82.40839672846812, 'I_gpe': 2.6582426513925794, 'I_gpi': 2.250163087541034, 'noise_stn_sigma': 2.833535768442756, 'noise_gpe_sigma': 32.120155339707026, 'noise_gpi_sigma': 33.96932459295478, 'g_stn_gpe_mult': 1.5291411106882036, 'g_gpe_stn_mult': 0.7510959772873118, 'g_stn_gpi_mult': 1.656095204948397, 'g_gpe_gpi_mult': 1.5196838885847943}. Best is trial 99 with value: 0.2422004780435466.
[I 2026-05-28 23:05:33,984] Trial 353 finished with value: 0.36235540024587054 and parameters: {'ISTN': 88.28050045639057, 'I_gpe': 2.7556479311760453, 'I_gpi': 1.8716017604124378, 'noise_stn_sigma': 2.7664567508432927, 'noise_gpe_sigma': 34.83464731575896, 'noise_gpi_sigma': 33.69730156513815, 'g_stn_gpe_mult': 1.3784114197437303, 'g_gpe_stn_mult': 0.7799650274119021, 'g_stn_gpi_mult': 1.6211153323050655, 'g_gpe_gpi_mult': 1.5299395205581483}. Best is trial 99 with value: 0.2422004780435466.
[I 2026-05-28 23:05:34,993] Trial 354 finished with value: 1.21484791631883 and parameters: {'ISTN': 91.46896909002078, 'I_gpe': 2.5931364459354556, 'I_gpi': 2.3647873902436487, 'noise_stn_sigma': 2.5506599579915306, 'noise_gpe_sigma': 36.52938119105054, 'noise_gpi_sigma': 26.84269826937961, 'g_stn_gpe_mult': 1.4556314261074714, 'g_gpe_stn_mult': 0.809131936678275, 'g_stn_gpi_mult': 1.7257112256779963, 'g_gpe_gpi_mult': 1.4122952844934582}. Best is trial 99 with value: 0.2422004780435466.
[I 2026-05-28 23:05:35,998] Trial 355 finished with value: 2.422358842688476 and parameters: {'ISTN': 86.74610112589134, 'I_gpe': 2.468311544156605, 'I_gpi': 2.3342389690254244, 'noise_stn_sigma': 2.6783199474604222, 'noise_gpe_sigma': 32.34014969558922, 'noise_gpi_sigma': 29.516998545925098, 'g_stn_gpe_mult': 1.4703712001758467, 'g_gpe_stn_mult': 0.8814657142175605, 'g_stn_gpi_mult': 1.6904785349330493, 'g_gpe_gpi_mult': 1.4137104730983188}. Best is trial 99 with value: 0.2422004780435466.
[I 2026-05-28 23:05:37,003] Trial 356 finished with value: 1.6597471862354876 and parameters: {'ISTN': 84.31049337785974, 'I_gpe': 2.351875260371589, 'I_gpi': 2.814373983684977, 'noise_stn_sigma': 2.7331139462765854, 'noise_gpe_sigma': 42.271357155667786, 'noise_gpi_sigma': 31.861382650699092, 'g_stn_gpe_mult': 1.4364377074397345, 'g_gpe_stn_mult': 0.8168507076210236, 'g_stn_gpi_mult': 1.61832520451619, 'g_gpe_gpi_mult': 1.486759693972755}. Best is trial 99 with value: 0.2422004780435466.
[I 2026-05-28 23:05:38,008] Trial 357 finished with value: 0.5414845643769179 and parameters: {'ISTN': 93.3935861163435, 'I_gpe': 2.8227805688116905, 'I_gpi': 2.945421748774886, 'noise_stn_sigma': 2.8934047281417707, 'noise_gpe_sigma': 46.14299398911585, 'noise_gpi_sigma': 26.032863697832525, 'g_stn_gpe_mult': 1.4308614065248435, 'g_gpe_stn_mult': 0.8108562529958717, 'g_stn_gpi_mult': 1.746712110471512, 'g_gpe_gpi_mult': 1.5298177840983747}. Best is trial 99 with value: 0.2422004780435466.
[I 2026-05-28 23:05:39,008] Trial 358 finished with value: 105.48774684836644 and parameters: {'ISTN': 82.8872273074073, 'I_gpe': 3.0515019037661157, 'I_gpi': 2.594470733014259, 'noise_stn_sigma': 3.0564529570754146, 'noise_gpe_sigma': 32.4180414188215, 'noise_gpi_sigma': 27.595194840658316, 'g_stn_gpe_mult': 1.5237918101517112, 'g_gpe_stn_mult': 0.7969759443502971, 'g_stn_gpi_mult': 1.706125876572834, 'g_gpe_gpi_mult': 1.498358077758641}. Best is trial 99 with value: 0.2422004780435466.
[I 2026-05-28 23:05:40,015] Trial 359 finished with value: 0.26166002821716533 and parameters: {'ISTN': 91.7250502346067, 'I_gpe': 3.0837979318680997, 'I_gpi': 2.1108946131319017, 'noise_stn_sigma': 3.0124472219535985, 'noise_gpe_sigma': 35.72190309887692, 'noise_gpi_sigma': 27.296411545092, 'g_stn_gpe_mult': 1.5429971916686185, 'g_gpe_stn_mult': 0.7384779155670571, 'g_stn_gpi_mult': 1.7590297639435368, 'g_gpe_gpi_mult': 1.5129152989806363}. Best is trial 99 with value: 0.2422004780435466.
[I 2026-05-28 23:05:41,022] Trial 360 finished with value: 0.5822881099138221 and parameters: {'ISTN': 86.20825356586975, 'I_gpe': 3.1778569472798286, 'I_gpi': 3.058816824077277, 'noise_stn_sigma': 2.7351997857252175, 'noise_gpe_sigma': 37.007686367648496, 'noise_gpi_sigma': 25.779037815756496, 'g_stn_gpe_mult': 1.57998468568415, 'g_gpe_stn_mult': 0.6827758183256367, 'g_stn_gpi_mult': 1.7218660071792002, 'g_gpe_gpi_mult': 1.4993508033599774}. Best is trial 99 with value: 0.2422004780435466.
[I 2026-05-28 23:05:42,030] Trial 361 finished with value: 1.5575667364844148 and parameters: {'ISTN': 82.55499293410172, 'I_gpe': 2.466899588913546, 'I_gpi': 1.5483745060098106, 'noise_stn_sigma': 2.620106704169, 'noise_gpe_sigma': 36.05786487154122, 'noise_gpi_sigma': 30.640095031003618, 'g_stn_gpe_mult': 1.3634772314192498, 'g_gpe_stn_mult': 0.7658060162636942, 'g_stn_gpi_mult': 1.7299003719249288, 'g_gpe_gpi_mult': 1.4538550677094373}. Best is trial 99 with value: 0.2422004780435466.
[I 2026-05-28 23:05:43,035] Trial 362 finished with value: 1.9512007147897865 and parameters: {'ISTN': 97.84071990857392, 'I_gpe': 3.0082340756161807, 'I_gpi': 2.384564403787123, 'noise_stn_sigma': 3.1724965105054603, 'noise_gpe_sigma': 36.33403906649215, 'noise_gpi_sigma': 30.87435912962785, 'g_stn_gpe_mult': 1.5054993141985047, 'g_gpe_stn_mult': 0.8344371489656195, 'g_stn_gpi_mult': 1.737092837658222, 'g_gpe_gpi_mult': 1.5143900182529293}. Best is trial 99 with value: 0.2422004780435466.
[I 2026-05-28 23:05:44,043] Trial 363 finished with value: 1.0180676336229169 and parameters: {'ISTN': 88.70583573822508, 'I_gpe': 2.6264161046765846, 'I_gpi': 2.920644627628679, 'noise_stn_sigma': 3.1161946717481612, 'noise_gpe_sigma': 35.71108046506869, 'noise_gpi_sigma': 28.277180719194725, 'g_stn_gpe_mult': 1.4663176839014707, 'g_gpe_stn_mult': 0.7969880499533621, 'g_stn_gpi_mult': 1.7804780501324602, 'g_gpe_gpi_mult': 1.3986208068905435}. Best is trial 99 with value: 0.2422004780435466.
[I 2026-05-28 23:05:45,049] Trial 364 finished with value: 1.12295580656697 and parameters: {'ISTN': 82.07843704907913, 'I_gpe': 2.4327342983694233, 'I_gpi': 2.5912022408515263, 'noise_stn_sigma': 2.8128999169006077, 'noise_gpe_sigma': 32.482506702015655, 'noise_gpi_sigma': 38.802517695054014, 'g_stn_gpe_mult': 1.5404756831213824, 'g_gpe_stn_mult': 0.7762182636039264, 'g_stn_gpi_mult': 1.5146599954308981, 'g_gpe_gpi_mult': 1.555465153156677}. Best is trial 99 with value: 0.2422004780435466.
[I 2026-05-28 23:05:46,052] Trial 365 finished with value: 4.229747185219183 and parameters: {'ISTN': 87.42147991263892, 'I_gpe': 3.3459047887171867, 'I_gpi': 1.389515739414761, 'noise_stn_sigma': 2.8557345823349065, 'noise_gpe_sigma': 33.60113747073475, 'noise_gpi_sigma': 33.42160579183855, 'g_stn_gpe_mult': 1.600961485937599, 'g_gpe_stn_mult': 0.7222463466597098, 'g_stn_gpi_mult': 1.7635915882871758, 'g_gpe_gpi_mult': 1.4915528382355856}. Best is trial 99 with value: 0.2422004780435466.
[I 2026-05-28 23:05:47,056] Trial 366 finished with value: 0.43744471221806797 and parameters: {'ISTN': 95.25556554943793, 'I_gpe': 2.9314486719540502, 'I_gpi': 2.2048695009937074, 'noise_stn_sigma': 3.0144993660580166, 'noise_gpe_sigma': 40.06396520235235, 'noise_gpi_sigma': 35.32338600979192, 'g_stn_gpe_mult': 1.544766409061538, 'g_gpe_stn_mult': 0.8138122564301318, 'g_stn_gpi_mult': 1.7242518166706684, 'g_gpe_gpi_mult': 1.450923975920795}. Best is trial 99 with value: 0.2422004780435466.
[I 2026-05-28 23:05:48,062] Trial 367 finished with value: 0.38302655825064336 and parameters: {'ISTN': 88.98934711407803, 'I_gpe': 3.030859495519037, 'I_gpi': 2.729951942394286, 'noise_stn_sigma': 2.609519492827775, 'noise_gpe_sigma': 29.41573328378348, 'noise_gpi_sigma': 35.268778577551586, 'g_stn_gpe_mult': 1.5865123304703708, 'g_gpe_stn_mult': 0.7240161239013667, 'g_stn_gpi_mult': 1.678432728354154, 'g_gpe_gpi_mult': 1.5103751202862468}. Best is trial 99 with value: 0.2422004780435466.
[I 2026-05-28 23:05:49,067] Trial 368 finished with value: 1.61006451915159 and parameters: {'ISTN': 89.81625468204591, 'I_gpe': 2.6479875445733287, 'I_gpi': 2.334860334882475, 'noise_stn_sigma': 3.185165791466704, 'noise_gpe_sigma': 33.04130523654533, 'noise_gpi_sigma': 30.549357520810783, 'g_stn_gpe_mult': 1.4570044140822698, 'g_gpe_stn_mult': 0.7771236718614507, 'g_stn_gpi_mult': 1.7236166079287067, 'g_gpe_gpi_mult': 1.5445430108651919}. Best is trial 99 with value: 0.2422004780435466.
[I 2026-05-28 23:05:50,070] Trial 369 finished with value: 1.2295355117706837 and parameters: {'ISTN': 92.68854362272134, 'I_gpe': 2.9234239657384755, 'I_gpi': 1.9265851738529414, 'noise_stn_sigma': 2.7571120401234746, 'noise_gpe_sigma': 34.29562788291619, 'noise_gpi_sigma': 28.751074639407047, 'g_stn_gpe_mult': 1.516452126244383, 'g_gpe_stn_mult': 0.805634959556611, 'g_stn_gpi_mult': 1.6420027378996107, 'g_gpe_gpi_mult': 1.5806325875413216}. Best is trial 99 with value: 0.2422004780435466.
[I 2026-05-28 23:05:51,077] Trial 370 finished with value: 0.3172881372565299 and parameters: {'ISTN': 97.2120240406422, 'I_gpe': 2.998900370858781, 'I_gpi': 1.992551503923071, 'noise_stn_sigma': 2.533414100756156, 'noise_gpe_sigma': 37.02289202736117, 'noise_gpi_sigma': 37.505123220980934, 'g_stn_gpe_mult': 1.448204021579344, 'g_gpe_stn_mult': 0.7789618354749778, 'g_stn_gpi_mult': 1.685289324156973, 'g_gpe_gpi_mult': 1.4716765744139957}. Best is trial 99 with value: 0.2422004780435466.
[I 2026-05-28 23:05:52,084] Trial 371 finished with value: 0.8523168678886283 and parameters: {'ISTN': 88.49623896638907, 'I_gpe': 2.821298329954632, 'I_gpi': 2.235451544134862, 'noise_stn_sigma': 2.6349510096257704, 'noise_gpe_sigma': 38.14721607689961, 'noise_gpi_sigma': 39.03192591298132, 'g_stn_gpe_mult': 1.4747474847887947, 'g_gpe_stn_mult': 0.7943345476638275, 'g_stn_gpi_mult': 1.6775959985273472, 'g_gpe_gpi_mult': 1.3078682678109734}. Best is trial 99 with value: 0.2422004780435466.
[I 2026-05-28 23:05:53,090] Trial 372 finished with value: 0.4952701104112306 and parameters: {'ISTN': 87.43528311749559, 'I_gpe': 3.2135392827751765, 'I_gpi': 2.1941879262501067, 'noise_stn_sigma': 2.624735322540016, 'noise_gpe_sigma': 31.07262588009356, 'noise_gpi_sigma': 40.58068101516287, 'g_stn_gpe_mult': 1.556582481898328, 'g_gpe_stn_mult': 0.7001277347767016, 'g_stn_gpi_mult': 1.6656171282642378, 'g_gpe_gpi_mult': 1.4656861995594097}. Best is trial 99 with value: 0.2422004780435466.
[I 2026-05-28 23:05:54,037] Trial 373 finished with value: 1000000.0 and parameters: {'ISTN': 92.09695343488059, 'I_gpe': 2.7896020029606783, 'I_gpi': 2.385622551880422, 'noise_stn_sigma': 2.656841042652732, 'noise_gpe_sigma': 35.51762283527712, 'noise_gpi_sigma': 37.36476691989009, 'g_stn_gpe_mult': 1.5820249988854962, 'g_gpe_stn_mult': 0.8010467802523473, 'g_stn_gpi_mult': 1.6773336865882449, 'g_gpe_gpi_mult': 1.4930405256958235}. Best is trial 99 with value: 0.2422004780435466.
[I 2026-05-28 23:05:55,045] Trial 374 finished with value: 0.3012534878880011 and parameters: {'ISTN': 89.46670575115431, 'I_gpe': 2.926540523279294, 'I_gpi': 2.3838186430146404, 'noise_stn_sigma': 2.456480405342421, 'noise_gpe_sigma': 38.65099864711652, 'noise_gpi_sigma': 31.157102192486434, 'g_stn_gpe_mult': 1.6062281166771872, 'g_gpe_stn_mult': 0.7520147214498714, 'g_stn_gpi_mult': 1.6797284665681158, 'g_gpe_gpi_mult': 1.4686482533408098}. Best is trial 99 with value: 0.2422004780435466.
[I 2026-05-28 23:05:56,052] Trial 375 finished with value: 0.2766353798778356 and parameters: {'ISTN': 97.51947377394242, 'I_gpe': 3.143736588520997, 'I_gpi': 2.5381703385672716, 'noise_stn_sigma': 2.3129918299248278, 'noise_gpe_sigma': 39.384174376873915, 'noise_gpi_sigma': 33.659310249462045, 'g_stn_gpe_mult': 1.5365426278237244, 'g_gpe_stn_mult': 0.7580155095911025, 'g_stn_gpi_mult': 1.7285862238325482, 'g_gpe_gpi_mult': 1.4161303805858432}. Best is trial 99 with value: 0.2422004780435466.
[I 2026-05-28 23:05:57,061] Trial 376 finished with value: 0.9321025652030472 and parameters: {'ISTN': 98.78168394621626, 'I_gpe': 2.9785393311204005, 'I_gpi': 2.1172982984939726, 'noise_stn_sigma': 2.7952516936101874, 'noise_gpe_sigma': 37.53743490767587, 'noise_gpi_sigma': 29.217705100371106, 'g_stn_gpe_mult': 1.500659185116196, 'g_gpe_stn_mult': 0.7831014997394031, 'g_stn_gpi_mult': 1.6938509945053617, 'g_gpe_gpi_mult': 1.4800594420644808}. Best is trial 99 with value: 0.2422004780435466.
[I 2026-05-28 23:05:58,070] Trial 377 finished with value: 2.807743577457635 and parameters: {'ISTN': 95.03342816143662, 'I_gpe': 3.2692031911539816, 'I_gpi': 2.0401469613635532, 'noise_stn_sigma': 2.947930944393448, 'noise_gpe_sigma': 40.05333172059446, 'noise_gpi_sigma': 36.30409795951509, 'g_stn_gpe_mult': 1.5211509169666118, 'g_gpe_stn_mult': 0.6865734387733251, 'g_stn_gpi_mult': 1.6606170619706622, 'g_gpe_gpi_mult': 1.5568144073879455}. Best is trial 99 with value: 0.2422004780435466.
[I 2026-05-28 23:05:59,076] Trial 378 finished with value: 1.4371924026417804 and parameters: {'ISTN': 91.29180019383588, 'I_gpe': 2.8728291339185983, 'I_gpi': 2.1016086553636093, 'noise_stn_sigma': 3.0337185716534036, 'noise_gpe_sigma': 37.57829482684005, 'noise_gpi_sigma': 34.1616288165236, 'g_stn_gpe_mult': 1.3844098845176536, 'g_gpe_stn_mult': 0.748074137950495, 'g_stn_gpi_mult': 1.6512013488373074, 'g_gpe_gpi_mult': 1.307880232516997}. Best is trial 99 with value: 0.2422004780435466.
[I 2026-05-28 23:06:00,082] Trial 379 finished with value: 1.0164108385474746 and parameters: {'ISTN': 94.19159173551799, 'I_gpe': 3.071914684978024, 'I_gpi': 2.0296209084641275, 'noise_stn_sigma': 2.984876548234369, 'noise_gpe_sigma': 37.47390744679913, 'noise_gpi_sigma': 26.363247986717095, 'g_stn_gpe_mult': 1.4351169162322601, 'g_gpe_stn_mult': 0.7329245324038132, 'g_stn_gpi_mult': 1.7577800526202307, 'g_gpe_gpi_mult': 1.4722898669601587}. Best is trial 99 with value: 0.2422004780435466.
[I 2026-05-28 23:06:01,087] Trial 380 finished with value: 1.441574762582314 and parameters: {'ISTN': 90.75481006386198, 'I_gpe': 2.9343787374976635, 'I_gpi': 2.457182378074088, 'noise_stn_sigma': 2.7161074081265464, 'noise_gpe_sigma': 39.32698099220285, 'noise_gpi_sigma': 31.198781210164636, 'g_stn_gpe_mult': 1.4003351881010686, 'g_gpe_stn_mult': 0.8038841263410345, 'g_stn_gpi_mult': 1.6624632024557564, 'g_gpe_gpi_mult': 1.4437289419068624}. Best is trial 99 with value: 0.2422004780435466.
[I 2026-05-28 23:06:02,092] Trial 381 finished with value: 1.716962741365214 and parameters: {'ISTN': 92.8499809467629, 'I_gpe': 3.2538137335404027, 'I_gpi': 2.6292800373078897, 'noise_stn_sigma': 2.4195955279736925, 'noise_gpe_sigma': 40.50918461199192, 'noise_gpi_sigma': 37.07067683647583, 'g_stn_gpe_mult': 1.5630449303131946, 'g_gpe_stn_mult': 0.749522947750473, 'g_stn_gpi_mult': 1.6717539684844949, 'g_gpe_gpi_mult': 1.4463250060014352}. Best is trial 99 with value: 0.2422004780435466.
[I 2026-05-28 23:06:03,096] Trial 382 finished with value: 0.8651898491868454 and parameters: {'ISTN': 99.803278726633, 'I_gpe': 3.272816002303282, 'I_gpi': 2.334654407565968, 'noise_stn_sigma': 2.736554131179753, 'noise_gpe_sigma': 42.80669593031218, 'noise_gpi_sigma': 33.72868837250893, 'g_stn_gpe_mult': 1.5780159037405583, 'g_gpe_stn_mult': 0.7797798303014856, 'g_stn_gpi_mult': 1.6338184154086355, 'g_gpe_gpi_mult': 1.3759407218370487}. Best is trial 99 with value: 0.2422004780435466.
[I 2026-05-28 23:06:04,103] Trial 383 finished with value: 4.350927180927048 and parameters: {'ISTN': 92.38043415789515, 'I_gpe': 3.060655594412604, 'I_gpi': 2.2102868008545085, 'noise_stn_sigma': 2.4862525650611604, 'noise_gpe_sigma': 33.86587899249972, 'noise_gpi_sigma': 32.54190993928371, 'g_stn_gpe_mult': 1.5873139395246783, 'g_gpe_stn_mult': 0.6839694501818949, 'g_stn_gpi_mult': 1.6655094820798628, 'g_gpe_gpi_mult': 1.4161309647232874}. Best is trial 99 with value: 0.2422004780435466.
[I 2026-05-28 23:06:05,110] Trial 384 finished with value: 1.3385086626993563 and parameters: {'ISTN': 92.50899087617267, 'I_gpe': 3.012490581173242, 'I_gpi': 2.411009759088163, 'noise_stn_sigma': 2.457343045465559, 'noise_gpe_sigma': 36.83605262289434, 'noise_gpi_sigma': 37.22911836038244, 'g_stn_gpe_mult': 1.5092406305148423, 'g_gpe_stn_mult': 0.7842206970234737, 'g_stn_gpi_mult': 1.6442565817771801, 'g_gpe_gpi_mult': 1.46084617519144}. Best is trial 99 with value: 0.2422004780435466.
[I 2026-05-28 23:06:06,114] Trial 385 finished with value: 0.8210064174507768 and parameters: {'ISTN': 89.63735510470562, 'I_gpe': 3.2401765474134865, 'I_gpi': 1.7720628918724142, 'noise_stn_sigma': 2.348044035196754, 'noise_gpe_sigma': 39.039603199756755, 'noise_gpi_sigma': 32.66431365493925, 'g_stn_gpe_mult': 1.5555887706969953, 'g_gpe_stn_mult': 0.7156401299221867, 'g_stn_gpi_mult': 1.668413014150925, 'g_gpe_gpi_mult': 1.391245449427346}. Best is trial 99 with value: 0.2422004780435466.
[I 2026-05-28 23:06:07,119] Trial 386 finished with value: 1.337561936442445 and parameters: {'ISTN': 96.4342277073308, 'I_gpe': 2.988128955935077, 'I_gpi': 2.51099745856697, 'noise_stn_sigma': 2.6771426484676266, 'noise_gpe_sigma': 38.173249750959265, 'noise_gpi_sigma': 37.40651328905196, 'g_stn_gpe_mult': 1.5874560576442724, 'g_gpe_stn_mult': 0.8202516869784144, 'g_stn_gpi_mult': 1.7684691682334417, 'g_gpe_gpi_mult': 1.327174173674475}. Best is trial 99 with value: 0.2422004780435466.
[I 2026-05-28 23:06:08,125] Trial 387 finished with value: 0.2856221861543032 and parameters: {'ISTN': 91.54040648435512, 'I_gpe': 2.9825928266706905, 'I_gpi': 2.421418011284148, 'noise_stn_sigma': 2.3907378116457427, 'noise_gpe_sigma': 42.434856173239865, 'noise_gpi_sigma': 37.090556240472964, 'g_stn_gpe_mult': 1.5364347505389018, 'g_gpe_stn_mult': 0.7659519343833325, 'g_stn_gpi_mult': 1.7767699048944736, 'g_gpe_gpi_mult': 1.4043304380411248}. Best is trial 99 with value: 0.2422004780435466.
[I 2026-05-28 23:06:09,131] Trial 388 finished with value: 4.561735595127363 and parameters: {'ISTN': 92.02136055145323, 'I_gpe': 2.973644406005306, 'I_gpi': 2.2084157508690163, 'noise_stn_sigma': 2.3157729232756545, 'noise_gpe_sigma': 32.60232413273718, 'noise_gpi_sigma': 30.907080530090376, 'g_stn_gpe_mult': 1.5168711799385692, 'g_gpe_stn_mult': 0.6934155875163353, 'g_stn_gpi_mult': 1.706206321524406, 'g_gpe_gpi_mult': 1.4200687781648624}. Best is trial 99 with value: 0.2422004780435466.
[I 2026-05-28 23:06:10,137] Trial 389 finished with value: 1.0293819717164088 and parameters: {'ISTN': 92.01304925566798, 'I_gpe': 3.1519691090155426, 'I_gpi': 2.1094905329375786, 'noise_stn_sigma': 2.46026137217957, 'noise_gpe_sigma': 31.748033288717114, 'noise_gpi_sigma': 37.69177174937253, 'g_stn_gpe_mult': 1.5636671621561213, 'g_gpe_stn_mult': 0.698478134366179, 'g_stn_gpi_mult': 1.6293412564670287, 'g_gpe_gpi_mult': 1.400416548060096}. Best is trial 99 with value: 0.2422004780435466.
[I 2026-05-28 23:06:11,139] Trial 390 finished with value: 1.394647958826176 and parameters: {'ISTN': 90.46491285363298, 'I_gpe': 2.889715471207605, 'I_gpi': 2.4380074425442526, 'noise_stn_sigma': 2.6157134233094723, 'noise_gpe_sigma': 33.53567573899319, 'noise_gpi_sigma': 35.626602439766884, 'g_stn_gpe_mult': 1.5177754908923302, 'g_gpe_stn_mult': 0.7969640259938569, 'g_stn_gpi_mult': 1.6946300976537394, 'g_gpe_gpi_mult': 1.5359619696914453}. Best is trial 99 with value: 0.2422004780435466.
[I 2026-05-28 23:06:12,146] Trial 391 finished with value: 7.540868886160216 and parameters: {'ISTN': 96.10305914838978, 'I_gpe': 3.5021982159717266, 'I_gpi': 2.109531183205224, 'noise_stn_sigma': 2.9818629504676912, 'noise_gpe_sigma': 42.83166086780471, 'noise_gpi_sigma': 32.67114742440249, 'g_stn_gpe_mult': 1.466722985382995, 'g_gpe_stn_mult': 0.6241432056401395, 'g_stn_gpi_mult': 1.6949498799648732, 'g_gpe_gpi_mult': 1.2714524979026423}. Best is trial 99 with value: 0.2422004780435466.
[I 2026-05-28 23:06:13,094] Trial 392 finished with value: 1000000.0 and parameters: {'ISTN': 90.83639856613773, 'I_gpe': 2.7548127502741675, 'I_gpi': 2.1572783777935927, 'noise_stn_sigma': 2.243625843688985, 'noise_gpe_sigma': 37.83866071601733, 'noise_gpi_sigma': 28.687142443034315, 'g_stn_gpe_mult': 1.559292486168145, 'g_gpe_stn_mult': 0.8030408722606877, 'g_stn_gpi_mult': 1.7645178519194256, 'g_gpe_gpi_mult': 1.5900466190877776}. Best is trial 99 with value: 0.2422004780435466.
[I 2026-05-28 23:06:14,099] Trial 393 finished with value: 104.91499694081476 and parameters: {'ISTN': 86.77921649888253, 'I_gpe': 3.1250787425294075, 'I_gpi': 2.3068435839969377, 'noise_stn_sigma': 2.5789859437146805, 'noise_gpe_sigma': 41.454766276933285, 'noise_gpi_sigma': 34.66645854261912, 'g_stn_gpe_mult': 1.5775317834114944, 'g_gpe_stn_mult': 0.7977261624225465, 'g_stn_gpi_mult': 1.7080164048163513, 'g_gpe_gpi_mult': 1.4630682653355813}. Best is trial 99 with value: 0.2422004780435466.
[I 2026-05-28 23:06:15,105] Trial 394 finished with value: 5.7859852357755255 and parameters: {'ISTN': 96.83470689019774, 'I_gpe': 2.6373816530931427, 'I_gpi': 3.055048797964166, 'noise_stn_sigma': 2.4505161369998354, 'noise_gpe_sigma': 44.10468055703278, 'noise_gpi_sigma': 37.399164249182164, 'g_stn_gpe_mult': 1.5937171502485303, 'g_gpe_stn_mult': 0.7867581107625987, 'g_stn_gpi_mult': 1.7950720928820876, 'g_gpe_gpi_mult': 1.3254520531725342}. Best is trial 99 with value: 0.2422004780435466.
[I 2026-05-28 23:06:16,053] Trial 395 finished with value: 1000000.0 and parameters: {'ISTN': 86.30395065194867, 'I_gpe': 2.5295966884666177, 'I_gpi': 2.350426255447622, 'noise_stn_sigma': 2.826079373551725, 'noise_gpe_sigma': 42.51557467316881, 'noise_gpi_sigma': 35.526958502144026, 'g_stn_gpe_mult': 1.4337461194002343, 'g_gpe_stn_mult': 0.7825773096942491, 'g_stn_gpi_mult': 1.8033441426777734, 'g_gpe_gpi_mult': 1.3731759612052055}. Best is trial 99 with value: 0.2422004780435466.
