[I 2026-05-28 23:07:45,471] Trial 484 finished with value: 0.43383392724511094 and parameters: {'ISTN': 94.5392655404108, 'I_gpe': 2.812210675200275, 'I_gpi': 2.027099249754749, 'noise_stn_sigma': 2.185958727663203, 'noise_gpe_sigma': 42.63458193110252, 'noise_gpi_sigma': 34.70130646595928, 'g_stn_gpe_mult': 1.601234898651271, 'g_gpe_stn_mult': 0.8226632950561867, 'g_stn_gpi_mult': 1.6918497392881227, 'g_gpe_gpi_mult': 1.4852756340216058}. Best is trial 427 with value: 0.2117915759851754.
[I 2026-05-28 23:07:46,477] Trial 485 finished with value: 1.272345135614831 and parameters: {'ISTN': 99.87971877098119, 'I_gpe': 3.3725772362035586, 'I_gpi': 1.6454786211306425, 'noise_stn_sigma': 2.600483978067584, 'noise_gpe_sigma': 50.11779693056913, 'noise_gpi_sigma': 29.39390564980476, 'g_stn_gpe_mult': 1.673166799284449, 'g_gpe_stn_mult': 0.7159540801154921, 'g_stn_gpi_mult': 1.7587937454248266, 'g_gpe_gpi_mult': 1.3367499263382019}. Best is trial 427 with value: 0.2117915759851754.
[I 2026-05-28 23:07:47,486] Trial 486 finished with value: 0.5835191966101075 and parameters: {'ISTN': 92.16272693580447, 'I_gpe': 2.877761873208058, 'I_gpi': 1.7248785261330049, 'noise_stn_sigma': 2.2054775965448377, 'noise_gpe_sigma': 54.62509635631933, 'noise_gpi_sigma': 26.077634360294073, 'g_stn_gpe_mult': 1.6103997935818732, 'g_gpe_stn_mult': 0.7812425161737089, 'g_stn_gpi_mult': 1.806570569861444, 'g_gpe_gpi_mult': 1.3792894899031445}. Best is trial 427 with value: 0.2117915759851754.
[I 2026-05-28 23:07:48,493] Trial 487 finished with value: 0.7367668275205289 and parameters: {'ISTN': 96.42503062471651, 'I_gpe': 3.460901479713549, 'I_gpi': 1.774001583903761, 'noise_stn_sigma': 2.5466334234868553, 'noise_gpe_sigma': 57.901315190942505, 'noise_gpi_sigma': 27.707944529290216, 'g_stn_gpe_mult': 1.668031099576781, 'g_gpe_stn_mult': 0.6901628535532849, 'g_stn_gpi_mult': 1.676178946769369, 'g_gpe_gpi_mult': 1.2138160619029894}. Best is trial 427 with value: 0.2117915759851754.
[I 2026-05-28 23:07:49,499] Trial 488 finished with value: 1.669523433499891 and parameters: {'ISTN': 83.90705705199905, 'I_gpe': 3.0056505936072906, 'I_gpi': 2.225440906000795, 'noise_stn_sigma': 2.6059644166942655, 'noise_gpe_sigma': 53.60034069428802, 'noise_gpi_sigma': 27.862750445032898, 'g_stn_gpe_mult': 1.5480215523174825, 'g_gpe_stn_mult': 0.667140033359721, 'g_stn_gpi_mult': 1.6955952012336697, 'g_gpe_gpi_mult': 1.396069395492289}. Best is trial 427 with value: 0.2117915759851754.
[I 2026-05-28 23:07:50,504] Trial 489 finished with value: 0.6498230727896636 and parameters: {'ISTN': 92.94061754804076, 'I_gpe': 2.8491833940781595, 'I_gpi': 2.3389761168461147, 'noise_stn_sigma': 2.1669227700575115, 'noise_gpe_sigma': 53.40152399156351, 'noise_gpi_sigma': 30.45716912618075, 'g_stn_gpe_mult': 1.5933924887132633, 'g_gpe_stn_mult': 0.78383438359884, 'g_stn_gpi_mult': 1.6055303967304055, 'g_gpe_gpi_mult': 1.3808256927932332}. Best is trial 427 with value: 0.2117915759851754.
[I 2026-05-28 23:07:51,511] Trial 490 finished with value: 0.3649836202928873 and parameters: {'ISTN': 87.2533681590912, 'I_gpe': 3.0551905141896363, 'I_gpi': 1.596922874411534, 'noise_stn_sigma': 2.5581630689034367, 'noise_gpe_sigma': 53.17837656401009, 'noise_gpi_sigma': 24.95894024408271, 'g_stn_gpe_mult': 1.4582298828555276, 'g_gpe_stn_mult': 0.7251843623081898, 'g_stn_gpi_mult': 1.636229383317283, 'g_gpe_gpi_mult': 1.3610293747801419}. Best is trial 427 with value: 0.2117915759851754.
[I 2026-05-28 23:07:52,518] Trial 491 finished with value: 2.1220078341064865 and parameters: {'ISTN': 96.02407594143111, 'I_gpe': 2.972526409338081, 'I_gpi': 1.849572381598764, 'noise_stn_sigma': 2.584722056908405, 'noise_gpe_sigma': 54.04004177351784, 'noise_gpi_sigma': 27.315295746056485, 'g_stn_gpe_mult': 1.5795161817862988, 'g_gpe_stn_mult': 0.751553483611154, 'g_stn_gpi_mult': 1.574035817357726, 'g_gpe_gpi_mult': 1.3062436513100784}. Best is trial 427 with value: 0.2117915759851754.
[I 2026-05-28 23:07:53,523] Trial 492 finished with value: 1.7731878709195787 and parameters: {'ISTN': 93.67536480749631, 'I_gpe': 2.8831819994439956, 'I_gpi': 1.8263202409429122, 'noise_stn_sigma': 2.5546935552766907, 'noise_gpe_sigma': 55.034991478672715, 'noise_gpi_sigma': 38.15844869983766, 'g_stn_gpe_mult': 1.5121154593083883, 'g_gpe_stn_mult': 0.8509626882171202, 'g_stn_gpi_mult': 1.6499054963717457, 'g_gpe_gpi_mult': 1.3705475001632998}. Best is trial 427 with value: 0.2117915759851754.
[I 2026-05-28 23:07:54,532] Trial 493 finished with value: 0.2514764523559761 and parameters: {'ISTN': 95.76448838846952, 'I_gpe': 2.9234408273778114, 'I_gpi': 2.2228313420717134, 'noise_stn_sigma': 2.8421021257632484, 'noise_gpe_sigma': 55.725853005542184, 'noise_gpi_sigma': 33.16558269310133, 'g_stn_gpe_mult': 1.603502921020395, 'g_gpe_stn_mult': 0.8214661447196128, 'g_stn_gpi_mult': 1.6598057212843362, 'g_gpe_gpi_mult': 1.3605219980559793}. Best is trial 427 with value: 0.2117915759851754.
[I 2026-05-28 23:07:55,535] Trial 494 finished with value: 0.6050319197385489 and parameters: {'ISTN': 92.88428069307909, 'I_gpe': 2.740144766273327, 'I_gpi': 2.240591123051849, 'noise_stn_sigma': 2.3570780930244486, 'noise_gpe_sigma': 54.38142523286547, 'noise_gpi_sigma': 32.48252567595584, 'g_stn_gpe_mult': 1.5425260073492855, 'g_gpe_stn_mult': 0.8088906706340014, 'g_stn_gpi_mult': 1.6250096604771673, 'g_gpe_gpi_mult': 1.3611554464998046}. Best is trial 427 with value: 0.2117915759851754.
[I 2026-05-28 23:07:56,541] Trial 495 finished with value: 0.4210641191716784 and parameters: {'ISTN': 85.8211825811693, 'I_gpe': 3.016258949688871, 'I_gpi': 1.6192606481904008, 'noise_stn_sigma': 2.731564294364028, 'noise_gpe_sigma': 55.120577729606325, 'noise_gpi_sigma': 29.20870675634758, 'g_stn_gpe_mult': 1.5250707910056889, 'g_gpe_stn_mult': 0.7323644232550368, 'g_stn_gpi_mult': 1.697268745932265, 'g_gpe_gpi_mult': 1.2711724563409987}. Best is trial 427 with value: 0.2117915759851754.
[I 2026-05-28 23:07:57,548] Trial 496 finished with value: 3.311611917885209 and parameters: {'ISTN': 95.83688928430983, 'I_gpe': 3.2024895931332007, 'I_gpi': 2.0554235219871853, 'noise_stn_sigma': 2.4952500729323246, 'noise_gpe_sigma': 49.03112167044899, 'noise_gpi_sigma': 33.34359025558288, 'g_stn_gpe_mult': 1.5638065588329668, 'g_gpe_stn_mult': 0.7034329435711046, 'g_stn_gpi_mult': 1.5611136102819356, 'g_gpe_gpi_mult': 1.240926226766322}. Best is trial 427 with value: 0.2117915759851754.
[I 2026-05-28 23:07:58,553] Trial 497 finished with value: 0.2649981684485742 and parameters: {'ISTN': 93.26591019862717, 'I_gpe': 3.046149295030381, 'I_gpi': 1.8643411396542149, 'noise_stn_sigma': 2.588243953182939, 'noise_gpe_sigma': 53.88154303759434, 'noise_gpi_sigma': 25.07488855141993, 'g_stn_gpe_mult': 1.6039094569911039, 'g_gpe_stn_mult': 0.7626154056932429, 'g_stn_gpi_mult': 1.62009821554202, 'g_gpe_gpi_mult': 1.3303413356642955}. Best is trial 427 with value: 0.2117915759851754.
[I 2026-05-28 23:07:59,562] Trial 498 finished with value: 0.5813007102787102 and parameters: {'ISTN': 92.70527181027248, 'I_gpe': 3.188339780389171, 'I_gpi': 1.8154315721405108, 'noise_stn_sigma': 2.9604915585610967, 'noise_gpe_sigma': 59.85772836906932, 'noise_gpi_sigma': 23.81634962956997, 'g_stn_gpe_mult': 1.4623232208747656, 'g_gpe_stn_mult': 0.7599316583966683, 'g_stn_gpi_mult': 1.6485936153234317, 'g_gpe_gpi_mult': 1.3244352682738194}. Best is trial 427 with value: 0.2117915759851754.
[I 2026-05-28 23:08:00,569] Trial 499 finished with value: 0.4188746945993952 and parameters: {'ISTN': 95.84754793254133, 'I_gpe': 3.0868088994124077, 'I_gpi': 2.044278112458398, 'noise_stn_sigma': 2.4281103488715905, 'noise_gpe_sigma': 55.375306849267695, 'noise_gpi_sigma': 28.37693136538535, 'g_stn_gpe_mult': 1.608545617171474, 'g_gpe_stn_mult': 0.7594426700978238, 'g_stn_gpi_mult': 1.6283923361469, 'g_gpe_gpi_mult': 1.4244156242089003}. Best is trial 427 with value: 0.2117915759851754.
JAX devices: [CudaDevice(id=0)]

Building 450-neuron HH network...
Warming up JIT...
JIT ready!

============================================================
HH Network Optimization - Healthy State (10 params)
============================================================
Network: 100/200/150 neurons
Targets: STN=20.0Hz, GPe=70.0Hz, GPi=80.0Hz
         Beta_GPe < 5% (penalty weight=15.0x)
============================================================

============================================================
OPTIMIZATION COMPLETE
============================================================
Time: 8.4 minutes (1007ms/trial)
Best score: 0.2118

Best intrinsic parameters:
  ISTN: 85.606
  I_gpe: 3.092
  I_gpi: 2.137
  noise_stn_sigma: 2.872
  noise_gpe_sigma: 51.519
  noise_gpi_sigma: 32.466

Best synaptic multipliers:
  g_stn_gpe_mult: 1.512
  g_gpe_stn_mult: 0.703
  g_stn_gpi_mult: 1.737
  g_gpe_gpi_mult: 1.272

Best metrics:
  STN: 21.2 Hz (target: 20.0)
  GPe: 62.7 Hz (target: 70.0)
  GPi: 79.3 Hz (target: 80.0)
  STN CV: 0.29 (target: 0.4)
  GPe CV: 0.14 (target: 0.35)
  GPi CV: 0.10 (target: 0.2)

  GPe Beta: 0.6% (target: <5%)
  STN Beta: 2.1%

Results saved to results/sensitivity2/healthy_seeds/healthy_seed2024.pkl
