[I 2026-05-28 22:46:15,174] Trial 220 finished with value: 52.34084981096337 and parameters: {'ISTN': 148.80577904651417, 'I_gpe': 1.2157354009528558, 'I_gpi': 1.3213184163012408, 'noise_stn_sigma': 1.9798011853952258, 'noise_gpe_sigma': 27.17326172387505, 'noise_gpi_sigma': 51.57667229262173, 'g_stn_gpe_mult': 1.6738143361353526, 'g_gpe_stn_mult': 1.5395859709001485, 'g_stn_gpi_mult': 1.7723546649560815, 'g_gpe_gpi_mult': 1.4339255183142423}. Best is trial 80 with value: 0.9098163370921998.
[I 2026-05-28 22:46:16,173] Trial 221 finished with value: 105.72035374035109 and parameters: {'ISTN': 143.66923603953495, 'I_gpe': 2.46925996900669, 'I_gpi': 1.902682535634618, 'noise_stn_sigma': 2.2470996909630943, 'noise_gpe_sigma': 26.420464697737508, 'noise_gpi_sigma': 45.53829582205618, 'g_stn_gpe_mult': 1.786732013259943, 'g_gpe_stn_mult': 1.4300347729493372, 'g_stn_gpi_mult': 1.3553884242509715, 'g_gpe_gpi_mult': 1.417408017103928}. Best is trial 80 with value: 0.9098163370921998.
[I 2026-05-28 22:46:17,170] Trial 222 finished with value: 105.7615386223651 and parameters: {'ISTN': 156.45555316392642, 'I_gpe': 2.4122373941878594, 'I_gpi': 1.933687267966791, 'noise_stn_sigma': 2.705400704829629, 'noise_gpe_sigma': 23.83155024206104, 'noise_gpi_sigma': 35.92721612604214, 'g_stn_gpe_mult': 1.767530819549914, 'g_gpe_stn_mult': 1.6117201403848274, 'g_stn_gpi_mult': 1.4143888903265744, 'g_gpe_gpi_mult': 1.2805802897781446}. Best is trial 80 with value: 0.9098163370921998.
[I 2026-05-28 22:46:18,175] Trial 223 finished with value: 18.923307189500846 and parameters: {'ISTN': 137.83420657899785, 'I_gpe': 1.6449080250816313, 'I_gpi': 2.413099056818372, 'noise_stn_sigma': 2.4356830024998635, 'noise_gpe_sigma': 16.376522455675875, 'noise_gpi_sigma': 41.1019401029758, 'g_stn_gpe_mult': 1.937346371009576, 'g_gpe_stn_mult': 1.4226499390724094, 'g_stn_gpi_mult': 1.5560012252691304, 'g_gpe_gpi_mult': 0.9914283963309602}. Best is trial 80 with value: 0.9098163370921998.
[I 2026-05-28 22:46:19,173] Trial 224 finished with value: 105.66211837701205 and parameters: {'ISTN': 163.42348299747925, 'I_gpe': 2.6236734139950575, 'I_gpi': 1.9407556252876197, 'noise_stn_sigma': 2.4835901121629393, 'noise_gpe_sigma': 25.370566863892925, 'noise_gpi_sigma': 35.20166279774445, 'g_stn_gpe_mult': 1.7741634204848915, 'g_gpe_stn_mult': 1.589798294395357, 'g_stn_gpi_mult': 1.7672469745480166, 'g_gpe_gpi_mult': 1.1477281983246659}. Best is trial 80 with value: 0.9098163370921998.
[I 2026-05-28 22:46:20,179] Trial 225 finished with value: 52.40676377120844 and parameters: {'ISTN': 150.4437519872343, 'I_gpe': 1.3618426061132096, 'I_gpi': 3.2867405436167036, 'noise_stn_sigma': 2.584453635765883, 'noise_gpe_sigma': 24.08392997314782, 'noise_gpi_sigma': 49.25523790731199, 'g_stn_gpe_mult': 1.9209063392414043, 'g_gpe_stn_mult': 1.503392504667388, 'g_stn_gpi_mult': 1.67550116761372, 'g_gpe_gpi_mult': 1.3259268311914076}. Best is trial 80 with value: 0.9098163370921998.
[I 2026-05-28 22:46:21,178] Trial 226 finished with value: 5.2177036587203 and parameters: {'ISTN': 145.163342587009, 'I_gpe': 2.080357212188792, 'I_gpi': 2.105038177476581, 'noise_stn_sigma': 2.1177065813353186, 'noise_gpe_sigma': 26.167525315526575, 'noise_gpi_sigma': 44.407285417461864, 'g_stn_gpe_mult': 1.6363071773667475, 'g_gpe_stn_mult': 1.5935079509869312, 'g_stn_gpi_mult': 1.4954052207238073, 'g_gpe_gpi_mult': 1.2379338857371491}. Best is trial 80 with value: 0.9098163370921998.
[I 2026-05-28 22:46:22,183] Trial 227 finished with value: 61.12682755098125 and parameters: {'ISTN': 158.02243135634055, 'I_gpe': 1.7736613606709166, 'I_gpi': 3.1764185042714743, 'noise_stn_sigma': 2.6148671385652236, 'noise_gpe_sigma': 26.50563529811609, 'noise_gpi_sigma': 49.13768271893876, 'g_stn_gpe_mult': 1.817597132844802, 'g_gpe_stn_mult': 1.3719544447574092, 'g_stn_gpi_mult': 1.4401239435896662, 'g_gpe_gpi_mult': 1.022195661383165}. Best is trial 80 with value: 0.9098163370921998.
[I 2026-05-28 22:46:23,185] Trial 228 finished with value: 8.582901656510785 and parameters: {'ISTN': 152.27669538696324, 'I_gpe': 1.5582215468440164, 'I_gpi': 2.899370301701061, 'noise_stn_sigma': 2.0390866129554266, 'noise_gpe_sigma': 19.559972917456488, 'noise_gpi_sigma': 53.59707657827462, 'g_stn_gpe_mult': 1.8558746778895574, 'g_gpe_stn_mult': 1.7185028257087214, 'g_stn_gpi_mult': 1.5265757485057427, 'g_gpe_gpi_mult': 1.414999822993476}. Best is trial 80 with value: 0.9098163370921998.
[I 2026-05-28 22:46:24,184] Trial 229 finished with value: 5.007330525372726 and parameters: {'ISTN': 170.76505742528457, 'I_gpe': 2.2630669510178825, 'I_gpi': 2.7392107932872536, 'noise_stn_sigma': 1.4951940323993451, 'noise_gpe_sigma': 23.788838464666036, 'noise_gpi_sigma': 45.533188714943016, 'g_stn_gpe_mult': 1.6379272697723493, 'g_gpe_stn_mult': 1.6779788754664202, 'g_stn_gpi_mult': 1.498966436448879, 'g_gpe_gpi_mult': 1.3053130612948158}. Best is trial 80 with value: 0.9098163370921998.
[I 2026-05-28 22:46:25,188] Trial 230 finished with value: 14.760664133856093 and parameters: {'ISTN': 147.3483646891944, 'I_gpe': 1.5145160913280562, 'I_gpi': 2.544782319649378, 'noise_stn_sigma': 2.822424261017313, 'noise_gpe_sigma': 29.158476432511517, 'noise_gpi_sigma': 55.46749077811554, 'g_stn_gpe_mult': 1.8595063899422568, 'g_gpe_stn_mult': 1.6131294660329931, 'g_stn_gpi_mult': 1.7488844146272164, 'g_gpe_gpi_mult': 1.1416723482815092}. Best is trial 80 with value: 0.9098163370921998.
[I 2026-05-28 22:46:26,193] Trial 231 finished with value: 15.812032376593974 and parameters: {'ISTN': 151.6287959829317, 'I_gpe': 1.294976938937927, 'I_gpi': 1.9354689201852477, 'noise_stn_sigma': 2.2929352637283755, 'noise_gpe_sigma': 19.26914270186716, 'noise_gpi_sigma': 55.39187172608558, 'g_stn_gpe_mult': 1.7887603156040344, 'g_gpe_stn_mult': 1.858865779916423, 'g_stn_gpi_mult': 1.6556835408404436, 'g_gpe_gpi_mult': 1.1834686977750928}. Best is trial 80 with value: 0.9098163370921998.
[I 2026-05-28 22:46:27,193] Trial 232 finished with value: 105.56655623579566 and parameters: {'ISTN': 156.2807517428697, 'I_gpe': 2.8571611236544756, 'I_gpi': 2.923823896838471, 'noise_stn_sigma': 1.5634652509474152, 'noise_gpe_sigma': 31.701680164364458, 'noise_gpi_sigma': 62.90069742515108, 'g_stn_gpe_mult': 1.7862024761250892, 'g_gpe_stn_mult': 1.7263817659895264, 'g_stn_gpi_mult': 1.5648007509498725, 'g_gpe_gpi_mult': 1.1232522788390416}. Best is trial 80 with value: 0.9098163370921998.
[I 2026-05-28 22:46:28,192] Trial 233 finished with value: 105.80082560806325 and parameters: {'ISTN': 158.47363959919778, 'I_gpe': 2.1370145869096437, 'I_gpi': 2.3934752612232044, 'noise_stn_sigma': 1.707330668913926, 'noise_gpe_sigma': 20.786911908178418, 'noise_gpi_sigma': 47.946934351597314, 'g_stn_gpe_mult': 1.7379462374645944, 'g_gpe_stn_mult': 1.8448311721124493, 'g_stn_gpi_mult': 1.5383956746546195, 'g_gpe_gpi_mult': 1.4896409116439002}. Best is trial 80 with value: 0.9098163370921998.
[I 2026-05-28 22:46:29,194] Trial 234 finished with value: 2.4723760972919497 and parameters: {'ISTN': 153.51503170268617, 'I_gpe': 1.9829813706450143, 'I_gpi': 2.4835319797862176, 'noise_stn_sigma': 2.260766476115938, 'noise_gpe_sigma': 20.19433074218599, 'noise_gpi_sigma': 41.34858667827362, 'g_stn_gpe_mult': 1.5944966316848819, 'g_gpe_stn_mult': 1.4950560295712716, 'g_stn_gpi_mult': 1.563622202457751, 'g_gpe_gpi_mult': 1.3550043919685197}. Best is trial 80 with value: 0.9098163370921998.
[I 2026-05-28 22:46:30,199] Trial 235 finished with value: 22.744823942898616 and parameters: {'ISTN': 152.35106005934165, 'I_gpe': 1.4367983361146235, 'I_gpi': 2.259830805347044, 'noise_stn_sigma': 2.077863272976553, 'noise_gpe_sigma': 18.30724926800724, 'noise_gpi_sigma': 45.01173701239847, 'g_stn_gpe_mult': 1.8598573273317667, 'g_gpe_stn_mult': 1.712145836610219, 'g_stn_gpi_mult': 1.3420372234721396, 'g_gpe_gpi_mult': 1.1615557696255752}. Best is trial 80 with value: 0.9098163370921998.
[I 2026-05-28 22:46:31,202] Trial 236 finished with value: 5.7964709993905625 and parameters: {'ISTN': 160.29337504405453, 'I_gpe': 1.8008238021072098, 'I_gpi': 1.804446328944233, 'noise_stn_sigma': 1.843466957546403, 'noise_gpe_sigma': 15.345894259180838, 'noise_gpi_sigma': 29.989495934694002, 'g_stn_gpe_mult': 1.7912112999209926, 'g_gpe_stn_mult': 1.5722889279022152, 'g_stn_gpi_mult': 1.5243019530542743, 'g_gpe_gpi_mult': 1.2026969675382913}. Best is trial 80 with value: 0.9098163370921998.
[I 2026-05-28 22:46:32,200] Trial 237 finished with value: 105.60297042284661 and parameters: {'ISTN': 155.28194762107103, 'I_gpe': 2.5667087395216015, 'I_gpi': 2.1705278039903617, 'noise_stn_sigma': 1.3120196896966563, 'noise_gpe_sigma': 29.699581040124546, 'noise_gpi_sigma': 41.5418333959112, 'g_stn_gpe_mult': 1.6488777622770447, 'g_gpe_stn_mult': 1.6506138213064443, 'g_stn_gpi_mult': 1.4629202835011808, 'g_gpe_gpi_mult': 1.26844534920432}. Best is trial 80 with value: 0.9098163370921998.
[I 2026-05-28 22:46:33,198] Trial 238 finished with value: 4.8482001826696655 and parameters: {'ISTN': 161.82911137610847, 'I_gpe': 2.248744728692751, 'I_gpi': 3.107506945251122, 'noise_stn_sigma': 2.1360609066497656, 'noise_gpe_sigma': 25.355261504191205, 'noise_gpi_sigma': 47.79233578134643, 'g_stn_gpe_mult': 1.90227082117177, 'g_gpe_stn_mult': 1.5733701399988655, 'g_stn_gpi_mult': 1.3802168848162977, 'g_gpe_gpi_mult': 1.0814714192351789}. Best is trial 80 with value: 0.9098163370921998.
[I 2026-05-28 22:46:34,205] Trial 239 finished with value: 49.52728041509674 and parameters: {'ISTN': 151.39258206280667, 'I_gpe': 1.5483025276900229, 'I_gpi': 1.4812394891034835, 'noise_stn_sigma': 1.6338316762941685, 'noise_gpe_sigma': 18.243620716654306, 'noise_gpi_sigma': 33.13656329599164, 'g_stn_gpe_mult': 1.6059049746173504, 'g_gpe_stn_mult': 1.4754532362693364, 'g_stn_gpi_mult': 1.522741049045439, 'g_gpe_gpi_mult': 1.1853932456466756}. Best is trial 80 with value: 0.9098163370921998.
[I 2026-05-28 22:46:35,208] Trial 240 finished with value: 0.6389983176855769 and parameters: {'ISTN': 165.19468333043207, 'I_gpe': 2.299801584737482, 'I_gpi': 2.79452448948686, 'noise_stn_sigma': 1.9960608231866235, 'noise_gpe_sigma': 42.12290188681386, 'noise_gpi_sigma': 52.999224099021355, 'g_stn_gpe_mult': 1.5668116869267892, 'g_gpe_stn_mult': 1.4918754756927273, 'g_stn_gpi_mult': 1.2974338161832346, 'g_gpe_gpi_mult': 1.22008361136133}. Best is trial 240 with value: 0.6389983176855769.
[I 2026-05-28 22:46:36,212] Trial 241 finished with value: 9.455062155422286 and parameters: {'ISTN': 146.68070630734348, 'I_gpe': 2.2380338232930255, 'I_gpi': 2.465407066721797, 'noise_stn_sigma': 3.030716164422073, 'noise_gpe_sigma': 36.24347643324501, 'noise_gpi_sigma': 37.507185391461505, 'g_stn_gpe_mult': 1.6236273372098422, 'g_gpe_stn_mult': 1.2800174652572938, 'g_stn_gpi_mult': 1.5257906297877835, 'g_gpe_gpi_mult': 1.3684461737222748}. Best is trial 240 with value: 0.6389983176855769.
[I 2026-05-28 22:46:37,211] Trial 242 finished with value: 105.45812167785319 and parameters: {'ISTN': 158.1240169924288, 'I_gpe': 2.537140895725522, 'I_gpi': 2.792369117436354, 'noise_stn_sigma': 2.1248037020229855, 'noise_gpe_sigma': 23.60837732075158, 'noise_gpi_sigma': 52.981725954193756, 'g_stn_gpe_mult': 1.5547901500061831, 'g_gpe_stn_mult': 1.4846696672198758, 'g_stn_gpi_mult': 1.4313785957920957, 'g_gpe_gpi_mult': 1.1727391446828488}. Best is trial 240 with value: 0.6389983176855769.
[I 2026-05-28 22:46:38,216] Trial 243 finished with value: 10.668964908404089 and parameters: {'ISTN': 162.00406373350748, 'I_gpe': 2.0384064227202696, 'I_gpi': 2.9670661430325023, 'noise_stn_sigma': 2.2429165386223167, 'noise_gpe_sigma': 28.104190115211615, 'noise_gpi_sigma': 53.60805485981122, 'g_stn_gpe_mult': 1.7005917524851706, 'g_gpe_stn_mult': 1.4681501336198088, 'g_stn_gpi_mult': 1.5330996780754307, 'g_gpe_gpi_mult': 1.04525600294374}. Best is trial 240 with value: 0.6389983176855769.
[I 2026-05-28 22:46:39,219] Trial 244 finished with value: 8.129901805471276 and parameters: {'ISTN': 146.46848759263685, 'I_gpe': 1.675688822944266, 'I_gpi': 2.80146171588971, 'noise_stn_sigma': 2.5326165185052107, 'noise_gpe_sigma': 27.452842097064156, 'noise_gpi_sigma': 35.258802921355596, 'g_stn_gpe_mult': 1.878221214602611, 'g_gpe_stn_mult': 1.537526668093833, 'g_stn_gpi_mult': 1.4719405156932297, 'g_gpe_gpi_mult': 0.9892231198306092}. Best is trial 240 with value: 0.6389983176855769.
[I 2026-05-28 22:46:40,220] Trial 245 finished with value: 9.165859628780765 and parameters: {'ISTN': 164.93114847840684, 'I_gpe': 1.75460161679311, 'I_gpi': 2.5848634005774453, 'noise_stn_sigma': 1.7383632358867027, 'noise_gpe_sigma': 23.354725985630562, 'noise_gpi_sigma': 61.03966805067964, 'g_stn_gpe_mult': 1.7244206348944873, 'g_gpe_stn_mult': 1.6509936901182725, 'g_stn_gpi_mult': 1.28972939208891, 'g_gpe_gpi_mult': 1.3825269705278198}. Best is trial 240 with value: 0.6389983176855769.
[I 2026-05-28 22:46:41,217] Trial 246 finished with value: 105.55494985390692 and parameters: {'ISTN': 168.4811422030899, 'I_gpe': 2.714273226794539, 'I_gpi': 1.4664894209730936, 'noise_stn_sigma': 2.680429924593761, 'noise_gpe_sigma': 29.012672807981446, 'noise_gpi_sigma': 50.797975361132536, 'g_stn_gpe_mult': 1.5791881811518758, 'g_gpe_stn_mult': 1.4658957131124315, 'g_stn_gpi_mult': 1.517788546667659, 'g_gpe_gpi_mult': 1.2367641106286091}. Best is trial 240 with value: 0.6389983176855769.
[I 2026-05-28 22:46:42,221] Trial 247 finished with value: 1.3081901306237695 and parameters: {'ISTN': 184.87947252704132, 'I_gpe': 2.2558854498397247, 'I_gpi': 1.2654911043961066, 'noise_stn_sigma': 2.626689504929618, 'noise_gpe_sigma': 27.626112400472085, 'noise_gpi_sigma': 44.74558376776704, 'g_stn_gpe_mult': 1.529577835089182, 'g_gpe_stn_mult': 1.6371094272005375, 'g_stn_gpi_mult': 1.5188098017786529, 'g_gpe_gpi_mult': 1.2880131126755776}. Best is trial 240 with value: 0.6389983176855769.
[I 2026-05-28 22:46:43,220] Trial 248 finished with value: 105.05407732249817 and parameters: {'ISTN': 167.0998841972234, 'I_gpe': 2.4671267372224817, 'I_gpi': 2.4734698157018604, 'noise_stn_sigma': 2.1555138429477365, 'noise_gpe_sigma': 40.2506386715312, 'noise_gpi_sigma': 55.44992244285624, 'g_stn_gpe_mult': 1.7986854558296317, 'g_gpe_stn_mult': 1.5899105500669384, 'g_stn_gpi_mult': 1.5278102916694016, 'g_gpe_gpi_mult': 1.2139534506899445}. Best is trial 240 with value: 0.6389983176855769.
[I 2026-05-28 22:46:44,225] Trial 249 finished with value: 14.525360790033385 and parameters: {'ISTN': 154.33040971654233, 'I_gpe': 1.675786432125119, 'I_gpi': 1.9454394040724017, 'noise_stn_sigma': 2.4707268520919388, 'noise_gpe_sigma': 28.105037762896888, 'noise_gpi_sigma': 46.996984848634426, 'g_stn_gpe_mult': 1.686778120509957, 'g_gpe_stn_mult': 1.5843452394716282, 'g_stn_gpi_mult': 1.475766489188525, 'g_gpe_gpi_mult': 1.255143641356766}. Best is trial 240 with value: 0.6389983176855769.
[I 2026-05-28 22:46:45,222] Trial 250 finished with value: 4.399889446705272 and parameters: {'ISTN': 163.3600635218122, 'I_gpe': 2.189813702036309, 'I_gpi': 2.1696777769117084, 'noise_stn_sigma': 2.4331110424356615, 'noise_gpe_sigma': 23.732397451896215, 'noise_gpi_sigma': 51.51841413668177, 'g_stn_gpe_mult': 1.7666974634477302, 'g_gpe_stn_mult': 1.6657920621815374, 'g_stn_gpi_mult': 1.2718710730469611, 'g_gpe_gpi_mult': 1.2903736100092569}. Best is trial 240 with value: 0.6389983176855769.
[I 2026-05-28 22:46:46,224] Trial 251 finished with value: 1.3662707771340303 and parameters: {'ISTN': 158.10583333584967, 'I_gpe': 1.9898960494613762, 'I_gpi': 2.535667991012316, 'noise_stn_sigma': 2.652798247531733, 'noise_gpe_sigma': 18.404105029279243, 'noise_gpi_sigma': 55.95386147129889, 'g_stn_gpe_mult': 1.8202903870260938, 'g_gpe_stn_mult': 1.5448349533095072, 'g_stn_gpi_mult': 1.4633085517375086, 'g_gpe_gpi_mult': 1.295966152695478}. Best is trial 240 with value: 0.6389983176855769.
[I 2026-05-28 22:46:47,228] Trial 252 finished with value: 0.7469154953082191 and parameters: {'ISTN': 190.5927276110424, 'I_gpe': 2.2503784224197885, 'I_gpi': 1.7257906425935539, 'noise_stn_sigma': 2.7528487731097027, 'noise_gpe_sigma': 18.075975152977215, 'noise_gpi_sigma': 32.134806192375656, 'g_stn_gpe_mult': 1.7735283381409963, 'g_gpe_stn_mult': 1.6676845179386746, 'g_stn_gpi_mult': 1.4365238188630447, 'g_gpe_gpi_mult': 1.3730595097372194}. Best is trial 240 with value: 0.6389983176855769.
[I 2026-05-28 22:46:48,235] Trial 253 finished with value: 58.47909090396461 and parameters: {'ISTN': 155.80876410391187, 'I_gpe': 1.1966305011885316, 'I_gpi': 2.1173211501424363, 'noise_stn_sigma': 2.4935642377414786, 'noise_gpe_sigma': 21.55398456738624, 'noise_gpi_sigma': 55.45512208035457, 'g_stn_gpe_mult': 1.731428207245625, 'g_gpe_stn_mult': 1.6318875967233564, 'g_stn_gpi_mult': 1.4130737706961876, 'g_gpe_gpi_mult': 1.1400971839395497}. Best is trial 240 with value: 0.6389983176855769.
[I 2026-05-28 22:46:49,240] Trial 254 finished with value: 35.55468242539359 and parameters: {'ISTN': 194.79207271894086, 'I_gpe': 1.9980818210651328, 'I_gpi': 2.1259563461513356, 'noise_stn_sigma': 2.86175385141695, 'noise_gpe_sigma': 22.958421577876734, 'noise_gpi_sigma': 48.225369276069934, 'g_stn_gpe_mult': 1.784830863487172, 'g_gpe_stn_mult': 1.7103117380983681, 'g_stn_gpi_mult': 1.3896383356659014, 'g_gpe_gpi_mult': 1.390517893663735}. Best is trial 240 with value: 0.6389983176855769.
[I 2026-05-28 22:46:50,241] Trial 255 finished with value: 0.7630677659552091 and parameters: {'ISTN': 162.18450627938586, 'I_gpe': 2.0384187969310266, 'I_gpi': 2.0631083611672794, 'noise_stn_sigma': 2.8510823646804773, 'noise_gpe_sigma': 26.487481870385643, 'noise_gpi_sigma': 45.763563503178126, 'g_stn_gpe_mult': 1.7217320634983966, 'g_gpe_stn_mult': 1.605130469721823, 'g_stn_gpi_mult': 1.4943630819577214, 'g_gpe_gpi_mult': 1.3034935797202112}. Best is trial 240 with value: 0.6389983176855769.
[I 2026-05-28 22:46:51,243] Trial 256 finished with value: 0.7444909019621906 and parameters: {'ISTN': 167.09620251661914, 'I_gpe': 2.1442709245625418, 'I_gpi': 1.6519059423665303, 'noise_stn_sigma': 2.1749619736530064, 'noise_gpe_sigma': 35.96047047417923, 'noise_gpi_sigma': 67.74966656085525, 'g_stn_gpe_mult': 1.5658791966558716, 'g_gpe_stn_mult': 1.5812952054898823, 'g_stn_gpi_mult': 1.5696286156698296, 'g_gpe_gpi_mult': 1.356869104297616}. Best is trial 240 with value: 0.6389983176855769.
[I 2026-05-28 22:46:52,244] Trial 257 finished with value: 3.4562103963803397 and parameters: {'ISTN': 180.41876568428182, 'I_gpe': 2.1209899748063643, 'I_gpi': 1.0046449438883345, 'noise_stn_sigma': 2.4663578424156207, 'noise_gpe_sigma': 20.506177891093486, 'noise_gpi_sigma': 49.22594470044919, 'g_stn_gpe_mult': 1.5678157918701476, 'g_gpe_stn_mult': 1.7807762627597081, 'g_stn_gpi_mult': 1.3184992901309065, 'g_gpe_gpi_mult': 1.35521441757753}. Best is trial 240 with value: 0.6389983176855769.
[I 2026-05-28 22:46:53,243] Trial 258 finished with value: 105.52912455911301 and parameters: {'ISTN': 184.70815280452632, 'I_gpe': 2.7199207611706804, 'I_gpi': 2.3657871990270274, 'noise_stn_sigma': 2.367477091846806, 'noise_gpe_sigma': 30.43824794897439, 'noise_gpi_sigma': 40.194554590908425, 'g_stn_gpe_mult': 1.5581474275005127, 'g_gpe_stn_mult': 1.619345941690985, 'g_stn_gpi_mult': 1.3901871327034256, 'g_gpe_gpi_mult': 1.3357087171209385}. Best is trial 240 with value: 0.6389983176855769.
[I 2026-05-28 22:46:54,244] Trial 259 finished with value: 3.6336694315282134 and parameters: {'ISTN': 170.66783672045048, 'I_gpe': 2.533127574912318, 'I_gpi': 1.3889652433221962, 'noise_stn_sigma': 2.652227567904113, 'noise_gpe_sigma': 26.40823537742029, 'noise_gpi_sigma': 42.704748798922616, 'g_stn_gpe_mult': 1.5903517780811116, 'g_gpe_stn_mult': 1.4917217311795385, 'g_stn_gpi_mult': 1.2736228852072742, 'g_gpe_gpi_mult': 1.3689244679958377}. Best is trial 240 with value: 0.6389983176855769.
[I 2026-05-28 22:46:55,247] Trial 260 finished with value: 1.4598992975745262 and parameters: {'ISTN': 154.05455178364787, 'I_gpe': 2.45996699097532, 'I_gpi': 3.3357588864530703, 'noise_stn_sigma': 2.264619668632381, 'noise_gpe_sigma': 36.243196917346964, 'noise_gpi_sigma': 52.09462200870296, 'g_stn_gpe_mult': 1.73784549639368, 'g_gpe_stn_mult': 1.3126157142793982, 'g_stn_gpi_mult': 1.3732360839484787, 'g_gpe_gpi_mult': 1.2507568583479127}. Best is trial 240 with value: 0.6389983176855769.
[I 2026-05-28 22:46:56,250] Trial 261 finished with value: 25.640271061335913 and parameters: {'ISTN': 176.60682604035674, 'I_gpe': 1.7776978593498476, 'I_gpi': 1.4997723005582169, 'noise_stn_sigma': 2.076618574438333, 'noise_gpe_sigma': 27.575079020341516, 'noise_gpi_sigma': 49.845144274763975, 'g_stn_gpe_mult': 1.5435554078154283, 'g_gpe_stn_mult': 1.660532636269624, 'g_stn_gpi_mult': 1.5315118978940587, 'g_gpe_gpi_mult': 1.1935295713336158}. Best is trial 240 with value: 0.6389983176855769.
[I 2026-05-28 22:46:57,257] Trial 262 finished with value: 50.11013642166967 and parameters: {'ISTN': 178.59230745005485, 'I_gpe': 1.995477449100516, 'I_gpi': 2.4436683826476138, 'noise_stn_sigma': 2.277464261464411, 'noise_gpe_sigma': 38.15781059307525, 'noise_gpi_sigma': 57.67547633359902, 'g_stn_gpe_mult': 1.5260356886209254, 'g_gpe_stn_mult': 1.5165968057206494, 'g_stn_gpi_mult': 1.606403085711368, 'g_gpe_gpi_mult': 1.3823350306537474}. Best is trial 240 with value: 0.6389983176855769.
[I 2026-05-28 22:46:58,263] Trial 263 finished with value: 42.41947937269052 and parameters: {'ISTN': 166.0168634573536, 'I_gpe': 1.5741114928926325, 'I_gpi': 1.5648165692246514, 'noise_stn_sigma': 2.5087633016011575, 'noise_gpe_sigma': 31.993324029659323, 'noise_gpi_sigma': 50.766459109486476, 'g_stn_gpe_mult': 1.5555178916789916, 'g_gpe_stn_mult': 1.6332839289819776, 'g_stn_gpi_mult': 1.5050823109133522, 'g_gpe_gpi_mult': 1.0847262678473544}. Best is trial 240 with value: 0.6389983176855769.
