[I 2026-05-28 22:32:49,038] Trial 440 finished with value: 4.656245080174648 and parameters: {'ISTN': 111.91267213056572, 'I_gpe': 3.3148576358722006, 'I_gpi': 1.1052625340748898, 'noise_stn_sigma': 0.7857566906245823, 'noise_gpe_sigma': 97.98060457778632, 'noise_gpi_sigma': 73.80158875236845, 'g_stn_gpe_mult': 1.7188201830684784, 'g_gpe_stn_mult': 0.9366208601981365, 'g_stn_gpi_mult': 1.3191825502298493, 'g_gpe_gpi_mult': 0.6482026386695299}. Best is trial 308 with value: 0.25413308990423583.
[I 2026-05-28 22:32:50,048] Trial 441 finished with value: 0.6071534475607625 and parameters: {'ISTN': 98.49973461399206, 'I_gpe': 2.6335191881688162, 'I_gpi': 1.3900115453622073, 'noise_stn_sigma': 1.139595834703032, 'noise_gpe_sigma': 96.42160487339218, 'noise_gpi_sigma': 84.87008503808786, 'g_stn_gpe_mult': 1.482721242012418, 'g_gpe_stn_mult': 0.9071170120068416, 'g_stn_gpi_mult': 1.2023742734215253, 'g_gpe_gpi_mult': 0.8639919285694095}. Best is trial 308 with value: 0.25413308990423583.
[I 2026-05-28 22:32:51,054] Trial 442 finished with value: 1.6332216690231989 and parameters: {'ISTN': 93.29939441885318, 'I_gpe': 1.7776767221477292, 'I_gpi': 1.7339551053104003, 'noise_stn_sigma': 1.5407480813302266, 'noise_gpe_sigma': 84.09602106945617, 'noise_gpi_sigma': 71.5316955475125, 'g_stn_gpe_mult': 1.7487578285254926, 'g_gpe_stn_mult': 1.079280224453154, 'g_stn_gpi_mult': 0.8430890809071026, 'g_gpe_gpi_mult': 0.8874431811113263}. Best is trial 308 with value: 0.25413308990423583.
[I 2026-05-28 22:32:52,061] Trial 443 finished with value: 0.4464306919130582 and parameters: {'ISTN': 105.01217994852637, 'I_gpe': 2.5237232516848076, 'I_gpi': 2.124149539923267, 'noise_stn_sigma': 1.3582568679512261, 'noise_gpe_sigma': 85.72890253593603, 'noise_gpi_sigma': 72.24718512116866, 'g_stn_gpe_mult': 1.6374216841363045, 'g_gpe_stn_mult': 0.9752727741678977, 'g_stn_gpi_mult': 1.0411519355423575, 'g_gpe_gpi_mult': 0.9031530764887067}. Best is trial 308 with value: 0.25413308990423583.
[I 2026-05-28 22:32:53,068] Trial 444 finished with value: 70.3539752866836 and parameters: {'ISTN': 92.42647027486791, 'I_gpe': 1.463882804721922, 'I_gpi': 1.1142535623376895, 'noise_stn_sigma': 0.9027164432336187, 'noise_gpe_sigma': 81.0112519651777, 'noise_gpi_sigma': 72.86412695885085, 'g_stn_gpe_mult': 1.7307338985265415, 'g_gpe_stn_mult': 1.1269284665634811, 'g_stn_gpi_mult': 1.021836323303632, 'g_gpe_gpi_mult': 0.91565317797651}. Best is trial 308 with value: 0.25413308990423583.
[I 2026-05-28 22:32:54,076] Trial 445 finished with value: 3.9424078180030477 and parameters: {'ISTN': 93.82775187097322, 'I_gpe': 2.341954184990026, 'I_gpi': 1.7666274505567479, 'noise_stn_sigma': 2.170685023540959, 'noise_gpe_sigma': 97.29994236307856, 'noise_gpi_sigma': 72.26294183055853, 'g_stn_gpe_mult': 1.689608006703849, 'g_gpe_stn_mult': 0.8597321248354414, 'g_stn_gpi_mult': 1.0272859876684244, 'g_gpe_gpi_mult': 1.0889498421003403}. Best is trial 308 with value: 0.25413308990423583.
[I 2026-05-28 22:32:55,083] Trial 446 finished with value: 1.4539727081421745 and parameters: {'ISTN': 106.53490173974811, 'I_gpe': 2.349177120271591, 'I_gpi': 1.140295911469326, 'noise_stn_sigma': 1.2651031143626226, 'noise_gpe_sigma': 92.42765893641732, 'noise_gpi_sigma': 79.79449358404396, 'g_stn_gpe_mult': 1.7270054925671916, 'g_gpe_stn_mult': 1.0163785721884213, 'g_stn_gpi_mult': 1.1460030415359732, 'g_gpe_gpi_mult': 0.7816169393486522}. Best is trial 308 with value: 0.25413308990423583.
[I 2026-05-28 22:32:56,092] Trial 447 finished with value: 0.5622557816668151 and parameters: {'ISTN': 90.14984396590056, 'I_gpe': 2.357939065988344, 'I_gpi': 3.0796364036810155, 'noise_stn_sigma': 0.7952656922946159, 'noise_gpe_sigma': 93.84045419418207, 'noise_gpi_sigma': 77.99431272962822, 'g_stn_gpe_mult': 1.8392465228370691, 'g_gpe_stn_mult': 0.9126364321952711, 'g_stn_gpi_mult': 1.004544087993155, 'g_gpe_gpi_mult': 0.9731826532656426}. Best is trial 308 with value: 0.25413308990423583.
[I 2026-05-28 22:32:57,101] Trial 448 finished with value: 0.8340651172361897 and parameters: {'ISTN': 83.99454531663896, 'I_gpe': 2.483865755260375, 'I_gpi': 1.5252917368716647, 'noise_stn_sigma': 1.3680076821397693, 'noise_gpe_sigma': 80.14001093357832, 'noise_gpi_sigma': 75.12485691511975, 'g_stn_gpe_mult': 1.6288362324630405, 'g_gpe_stn_mult': 0.863415096183731, 'g_stn_gpi_mult': 1.2977841580808442, 'g_gpe_gpi_mult': 0.8306660576593048}. Best is trial 308 with value: 0.25413308990423583.
[I 2026-05-28 22:32:58,110] Trial 449 finished with value: 2.323009037060602 and parameters: {'ISTN': 88.92821676438426, 'I_gpe': 1.353153779731787, 'I_gpi': 1.5543725851491192, 'noise_stn_sigma': 1.6306090357414589, 'noise_gpe_sigma': 81.53996320692261, 'noise_gpi_sigma': 69.9394768743148, 'g_stn_gpe_mult': 1.706681880662972, 'g_gpe_stn_mult': 1.1510665425034632, 'g_stn_gpi_mult': 0.9261009117877921, 'g_gpe_gpi_mult': 0.8321689404362744}. Best is trial 308 with value: 0.25413308990423583.
[I 2026-05-28 22:32:59,117] Trial 450 finished with value: 1.2780319740780373 and parameters: {'ISTN': 95.13039284552156, 'I_gpe': 2.578379830397079, 'I_gpi': 1.4703825646365698, 'noise_stn_sigma': 1.1138861150900647, 'noise_gpe_sigma': 91.9334514487822, 'noise_gpi_sigma': 71.48770183567308, 'g_stn_gpe_mult': 1.7162220180220253, 'g_gpe_stn_mult': 0.8651064285683951, 'g_stn_gpi_mult': 1.1320945870833854, 'g_gpe_gpi_mult': 0.7089845974790969}. Best is trial 308 with value: 0.25413308990423583.
[I 2026-05-28 22:33:00,121] Trial 451 finished with value: 1.5871852489247285 and parameters: {'ISTN': 87.65594382649576, 'I_gpe': 3.4345250075314335, 'I_gpi': 1.8874578291741082, 'noise_stn_sigma': 0.5725755471210202, 'noise_gpe_sigma': 84.52544530044507, 'noise_gpi_sigma': 73.82130283749709, 'g_stn_gpe_mult': 1.7162264146754698, 'g_gpe_stn_mult': 0.7021695823999274, 'g_stn_gpi_mult': 1.3142869755945452, 'g_gpe_gpi_mult': 0.8132830205481572}. Best is trial 308 with value: 0.25413308990423583.
[I 2026-05-28 22:33:01,130] Trial 452 finished with value: 1.108049882778334 and parameters: {'ISTN': 93.18187258887897, 'I_gpe': 1.933346590766101, 'I_gpi': 1.7670781331627727, 'noise_stn_sigma': 0.9129292084661627, 'noise_gpe_sigma': 89.6625393482517, 'noise_gpi_sigma': 71.31395462630087, 'g_stn_gpe_mult': 1.578885566850627, 'g_gpe_stn_mult': 1.0299234594928426, 'g_stn_gpi_mult': 1.039958002791797, 'g_gpe_gpi_mult': 1.1560616304328133}. Best is trial 308 with value: 0.25413308990423583.
[I 2026-05-28 22:33:02,134] Trial 453 finished with value: 4.201474867165351 and parameters: {'ISTN': 99.16713317343536, 'I_gpe': 3.2008524227943376, 'I_gpi': 2.474969078950761, 'noise_stn_sigma': 1.0351906117096297, 'noise_gpe_sigma': 89.06681125656739, 'noise_gpi_sigma': 68.70069828586135, 'g_stn_gpe_mult': 1.632445398294527, 'g_gpe_stn_mult': 0.883383116719705, 'g_stn_gpi_mult': 1.0828857386183213, 'g_gpe_gpi_mult': 0.7377485854977492}. Best is trial 308 with value: 0.25413308990423583.
[I 2026-05-28 22:33:03,141] Trial 454 finished with value: 7.561968894829901 and parameters: {'ISTN': 102.19667153464697, 'I_gpe': 2.026793244017248, 'I_gpi': 1.3519649304739616, 'noise_stn_sigma': 1.1219978893303546, 'noise_gpe_sigma': 96.11375015400726, 'noise_gpi_sigma': 77.07898579260106, 'g_stn_gpe_mult': 1.5567031977928285, 'g_gpe_stn_mult': 0.9758075681355297, 'g_stn_gpi_mult': 1.0701795673698506, 'g_gpe_gpi_mult': 0.9773434328621969}. Best is trial 308 with value: 0.25413308990423583.
[I 2026-05-28 22:33:04,150] Trial 455 finished with value: 2.343736621452668 and parameters: {'ISTN': 91.38942091790972, 'I_gpe': 2.3960936198473126, 'I_gpi': 3.095298282785671, 'noise_stn_sigma': 1.3379360761584704, 'noise_gpe_sigma': 96.15325140659343, 'noise_gpi_sigma': 88.16159927248808, 'g_stn_gpe_mult': 1.5306769705724173, 'g_gpe_stn_mult': 0.8617027184049795, 'g_stn_gpi_mult': 1.0804355780428203, 'g_gpe_gpi_mult': 0.8557997285195977}. Best is trial 308 with value: 0.25413308990423583.
[I 2026-05-28 22:33:05,159] Trial 456 finished with value: 0.641111949830545 and parameters: {'ISTN': 94.18023091320653, 'I_gpe': 2.348030322105947, 'I_gpi': 2.590836430542426, 'noise_stn_sigma': 1.1989084313118794, 'noise_gpe_sigma': 89.69609741108064, 'noise_gpi_sigma': 83.72990141146302, 'g_stn_gpe_mult': 1.8708778581419658, 'g_gpe_stn_mult': 0.9265770236353174, 'g_stn_gpi_mult': 0.9552649702047373, 'g_gpe_gpi_mult': 0.9491144059894726}. Best is trial 308 with value: 0.25413308990423583.
[I 2026-05-28 22:33:06,159] Trial 457 finished with value: 105.02164746412774 and parameters: {'ISTN': 121.45246773919052, 'I_gpe': 3.306078892715121, 'I_gpi': 2.5593796509513678, 'noise_stn_sigma': 1.0589458322045422, 'noise_gpe_sigma': 97.85771236677154, 'noise_gpi_sigma': 74.35158415449122, 'g_stn_gpe_mult': 1.3684809802877194, 'g_gpe_stn_mult': 1.060093891340773, 'g_stn_gpi_mult': 1.061550594334437, 'g_gpe_gpi_mult': 0.935801363220064}. Best is trial 308 with value: 0.25413308990423583.
[I 2026-05-28 22:33:07,163] Trial 458 finished with value: 2.6074477032986656 and parameters: {'ISTN': 102.6998079126021, 'I_gpe': 2.8267684639477935, 'I_gpi': 2.4460868691840085, 'noise_stn_sigma': 1.2637830501450216, 'noise_gpe_sigma': 90.99198946743346, 'noise_gpi_sigma': 71.03968343377946, 'g_stn_gpe_mult': 1.7890390380745587, 'g_gpe_stn_mult': 0.9710924954487473, 'g_stn_gpi_mult': 1.1509239889976461, 'g_gpe_gpi_mult': 0.9552248665761468}. Best is trial 308 with value: 0.25413308990423583.
[I 2026-05-28 22:33:08,170] Trial 459 finished with value: 2.0121397182908014 and parameters: {'ISTN': 105.82725405844843, 'I_gpe': 2.735040312943345, 'I_gpi': 2.3681128149547437, 'noise_stn_sigma': 1.3850601148602655, 'noise_gpe_sigma': 98.01720386864761, 'noise_gpi_sigma': 71.14263209733758, 'g_stn_gpe_mult': 1.5969303152156298, 'g_gpe_stn_mult': 0.8931385022138458, 'g_stn_gpi_mult': 1.3193307516383812, 'g_gpe_gpi_mult': 0.9818984368654102}. Best is trial 308 with value: 0.25413308990423583.
[I 2026-05-28 22:33:09,180] Trial 460 finished with value: 5.924375539853386 and parameters: {'ISTN': 101.59729884102224, 'I_gpe': 2.759084689241125, 'I_gpi': 1.8359567074583516, 'noise_stn_sigma': 1.009788899097241, 'noise_gpe_sigma': 85.14431304657523, 'noise_gpi_sigma': 77.95559323640705, 'g_stn_gpe_mult': 1.503251229387192, 'g_gpe_stn_mult': 0.8191731783471353, 'g_stn_gpi_mult': 1.262165692537656, 'g_gpe_gpi_mult': 0.9686770982029151}. Best is trial 308 with value: 0.25413308990423583.
[I 2026-05-28 22:33:10,188] Trial 461 finished with value: 0.34498078931673165 and parameters: {'ISTN': 95.76947865675821, 'I_gpe': 2.3804471054107252, 'I_gpi': 2.329622993679056, 'noise_stn_sigma': 1.3598947426769423, 'noise_gpe_sigma': 95.19891646872343, 'noise_gpi_sigma': 80.20275119613852, 'g_stn_gpe_mult': 1.7225404709402006, 'g_gpe_stn_mult': 0.9521826422469456, 'g_stn_gpi_mult': 1.1072720011872432, 'g_gpe_gpi_mult': 0.9354020105647673}. Best is trial 308 with value: 0.25413308990423583.
[I 2026-05-28 22:33:11,195] Trial 462 finished with value: 0.36531076922128863 and parameters: {'ISTN': 88.93238011125145, 'I_gpe': 2.4916040704892684, 'I_gpi': 2.5673622066868957, 'noise_stn_sigma': 0.8984425522041215, 'noise_gpe_sigma': 80.62570729945817, 'noise_gpi_sigma': 81.45779168198294, 'g_stn_gpe_mult': 1.7881039514055643, 'g_gpe_stn_mult': 0.8586005472595853, 'g_stn_gpi_mult': 1.0310735120548737, 'g_gpe_gpi_mult': 1.1045218575892628}. Best is trial 308 with value: 0.25413308990423583.
[I 2026-05-28 22:33:12,206] Trial 463 finished with value: 0.3127567220030675 and parameters: {'ISTN': 107.53503300863434, 'I_gpe': 2.7871058941713196, 'I_gpi': 2.0751948975226004, 'noise_stn_sigma': 1.2257465017166922, 'noise_gpe_sigma': 81.46114728782726, 'noise_gpi_sigma': 79.6317030874941, 'g_stn_gpe_mult': 1.6156466364606328, 'g_gpe_stn_mult': 0.9521074676272536, 'g_stn_gpi_mult': 1.159427198187134, 'g_gpe_gpi_mult': 0.7730099125397041}. Best is trial 308 with value: 0.25413308990423583.
[I 2026-05-28 22:33:13,214] Trial 464 finished with value: 0.6898184181165216 and parameters: {'ISTN': 95.57584866995128, 'I_gpe': 2.410460313935749, 'I_gpi': 2.4012839746678187, 'noise_stn_sigma': 0.8018332645264745, 'noise_gpe_sigma': 90.1100951203189, 'noise_gpi_sigma': 84.02681967066849, 'g_stn_gpe_mult': 1.774842804113093, 'g_gpe_stn_mult': 0.9748791056346093, 'g_stn_gpi_mult': 0.933739910181008, 'g_gpe_gpi_mult': 0.9747245694803331}. Best is trial 308 with value: 0.25413308990423583.
[I 2026-05-28 22:33:14,222] Trial 465 finished with value: 0.5904153438842392 and parameters: {'ISTN': 84.21376451622008, 'I_gpe': 2.4649979114258276, 'I_gpi': 2.203265184040804, 'noise_stn_sigma': 1.4750645606150168, 'noise_gpe_sigma': 85.44105525862632, 'noise_gpi_sigma': 81.32526224122175, 'g_stn_gpe_mult': 1.7479452035080576, 'g_gpe_stn_mult': 0.8617824813881958, 'g_stn_gpi_mult': 1.1429647366405422, 'g_gpe_gpi_mult': 1.032301622693166}. Best is trial 308 with value: 0.25413308990423583.
[I 2026-05-28 22:33:15,229] Trial 466 finished with value: 4.928023630319937 and parameters: {'ISTN': 93.44895526193052, 'I_gpe': 1.7402545450645963, 'I_gpi': 1.3821402505298939, 'noise_stn_sigma': 1.048861992786827, 'noise_gpe_sigma': 82.80792127251034, 'noise_gpi_sigma': 79.73446597808477, 'g_stn_gpe_mult': 1.7565858921411786, 'g_gpe_stn_mult': 1.014549276464115, 'g_stn_gpi_mult': 0.8307306062971557, 'g_gpe_gpi_mult': 0.9782845730252214}. Best is trial 308 with value: 0.25413308990423583.
[I 2026-05-28 22:33:16,237] Trial 467 finished with value: 0.602342960984123 and parameters: {'ISTN': 93.69592507329465, 'I_gpe': 2.143644746892651, 'I_gpi': 1.6726591968187603, 'noise_stn_sigma': 0.9749671734808287, 'noise_gpe_sigma': 81.77035169726972, 'noise_gpi_sigma': 78.57491814284434, 'g_stn_gpe_mult': 1.8206835810863988, 'g_gpe_stn_mult': 0.9963247508070493, 'g_stn_gpi_mult': 0.913092960708491, 'g_gpe_gpi_mult': 1.006326646411745}. Best is trial 308 with value: 0.25413308990423583.
[I 2026-05-28 22:33:17,239] Trial 468 finished with value: 105.20562080162424 and parameters: {'ISTN': 98.32926134440692, 'I_gpe': 3.259580025559544, 'I_gpi': 2.3010380897972116, 'noise_stn_sigma': 0.6131003329240737, 'noise_gpe_sigma': 96.84662582935402, 'noise_gpi_sigma': 80.06772870632086, 'g_stn_gpe_mult': 1.7502481703309365, 'g_gpe_stn_mult': 0.920072650353589, 'g_stn_gpi_mult': 1.2160581737808744, 'g_gpe_gpi_mult': 0.6744899727192524}. Best is trial 308 with value: 0.25413308990423583.
[I 2026-05-28 22:33:18,248] Trial 469 finished with value: 6.397386217751497 and parameters: {'ISTN': 92.54753930417948, 'I_gpe': 1.4768523590505866, 'I_gpi': 1.7710191661119548, 'noise_stn_sigma': 0.6616461788080119, 'noise_gpe_sigma': 90.4027550102079, 'noise_gpi_sigma': 74.0798119809899, 'g_stn_gpe_mult': 1.741968183543701, 'g_gpe_stn_mult': 1.0406973074774464, 'g_stn_gpi_mult': 1.0844595536788284, 'g_gpe_gpi_mult': 1.16180417530459}. Best is trial 308 with value: 0.25413308990423583.
[I 2026-05-28 22:33:19,256] Trial 470 finished with value: 1.064658731909495 and parameters: {'ISTN': 97.42273925271158, 'I_gpe': 2.7258385130683314, 'I_gpi': 2.3714970094976744, 'noise_stn_sigma': 0.9975621589405883, 'noise_gpe_sigma': 81.92007347951059, 'noise_gpi_sigma': 67.8765624256156, 'g_stn_gpe_mult': 1.6824528369758724, 'g_gpe_stn_mult': 0.9152342005477798, 'g_stn_gpi_mult': 1.2702552546110404, 'g_gpe_gpi_mult': 0.87541027572128}. Best is trial 308 with value: 0.25413308990423583.
[I 2026-05-28 22:33:20,265] Trial 471 finished with value: 0.5157220421652738 and parameters: {'ISTN': 86.87713293851654, 'I_gpe': 2.1980872252526447, 'I_gpi': 2.732147870843249, 'noise_stn_sigma': 1.0512448125594993, 'noise_gpe_sigma': 85.08469267851919, 'noise_gpi_sigma': 71.93572965353903, 'g_stn_gpe_mult': 1.8318992886680447, 'g_gpe_stn_mult': 0.9213423645035832, 'g_stn_gpi_mult': 1.23392018577281, 'g_gpe_gpi_mult': 0.9642568465614451}. Best is trial 308 with value: 0.25413308990423583.
[I 2026-05-28 22:33:21,269] Trial 472 finished with value: 2.9251480538865073 and parameters: {'ISTN': 101.70905865285549, 'I_gpe': 2.7292767164477105, 'I_gpi': 2.998392132338181, 'noise_stn_sigma': 0.9394995756547526, 'noise_gpe_sigma': 83.87207525870649, 'noise_gpi_sigma': 76.1257465000149, 'g_stn_gpe_mult': 1.6588807478490404, 'g_gpe_stn_mult': 0.9851543329815939, 'g_stn_gpi_mult': 1.0732789560647409, 'g_gpe_gpi_mult': 0.8279256406652995}. Best is trial 308 with value: 0.25413308990423583.
[I 2026-05-28 22:33:22,278] Trial 473 finished with value: 1.0837181747875448 and parameters: {'ISTN': 93.49002405800339, 'I_gpe': 2.414938274618189, 'I_gpi': 2.5844972751249786, 'noise_stn_sigma': 1.412074257364274, 'noise_gpe_sigma': 82.59641218074995, 'noise_gpi_sigma': 80.8166268636525, 'g_stn_gpe_mult': 1.7019576349600658, 'g_gpe_stn_mult': 0.8970892238318646, 'g_stn_gpi_mult': 1.0472114604540586, 'g_gpe_gpi_mult': 1.0042743980438806}. Best is trial 308 with value: 0.25413308990423583.
[I 2026-05-28 22:33:23,283] Trial 474 finished with value: 0.3614054917686417 and parameters: {'ISTN': 108.80264479340158, 'I_gpe': 2.8011628149314927, 'I_gpi': 1.9501748663848584, 'noise_stn_sigma': 1.0226243049318964, 'noise_gpe_sigma': 88.79853063871424, 'noise_gpi_sigma': 78.73730968224218, 'g_stn_gpe_mult': 1.6279354000637558, 'g_gpe_stn_mult': 0.9444095761836895, 'g_stn_gpi_mult': 1.1743249903347808, 'g_gpe_gpi_mult': 0.933724595376319}. Best is trial 308 with value: 0.25413308990423583.
[I 2026-05-28 22:33:24,290] Trial 475 finished with value: 1.0344928986661275 and parameters: {'ISTN': 105.44890520327931, 'I_gpe': 2.9867001373912685, 'I_gpi': 2.8381624794468117, 'noise_stn_sigma': 1.2447769542771134, 'noise_gpe_sigma': 76.2135631128423, 'noise_gpi_sigma': 84.09587409692395, 'g_stn_gpe_mult': 1.7968313006896706, 'g_gpe_stn_mult': 0.9048159578021644, 'g_stn_gpi_mult': 0.9706467093466872, 'g_gpe_gpi_mult': 0.8169573183294894}. Best is trial 308 with value: 0.25413308990423583.
[I 2026-05-28 22:33:25,300] Trial 476 finished with value: 5.587718913110745 and parameters: {'ISTN': 107.07204440120425, 'I_gpe': 2.362600080013884, 'I_gpi': 1.9023088424293864, 'noise_stn_sigma': 1.2517805101517538, 'noise_gpe_sigma': 82.74722684790514, 'noise_gpi_sigma': 81.19258120377943, 'g_stn_gpe_mult': 1.4147525763192004, 'g_gpe_stn_mult': 0.9585254079299725, 'g_stn_gpi_mult': 1.0763696526514113, 'g_gpe_gpi_mult': 0.9813828770366704}. Best is trial 308 with value: 0.25413308990423583.
[I 2026-05-28 22:33:26,306] Trial 477 finished with value: 0.49347441520404706 and parameters: {'ISTN': 93.80622920959892, 'I_gpe': 3.145909984156167, 'I_gpi': 2.7310350244508887, 'noise_stn_sigma': 1.0259237042510945, 'noise_gpe_sigma': 94.39407211765206, 'noise_gpi_sigma': 74.11809535406891, 'g_stn_gpe_mult': 1.6874692845100179, 'g_gpe_stn_mult': 0.7879413653099958, 'g_stn_gpi_mult': 1.1962973655168891, 'g_gpe_gpi_mult': 1.0683392448858546}. Best is trial 308 with value: 0.25413308990423583.
[I 2026-05-28 22:33:27,313] Trial 478 finished with value: 1.5243772609873958 and parameters: {'ISTN': 103.26329538426933, 'I_gpe': 2.0792050884475874, 'I_gpi': 2.156557550384443, 'noise_stn_sigma': 0.8655051662268702, 'noise_gpe_sigma': 92.95011511944554, 'noise_gpi_sigma': 84.12581391936644, 'g_stn_gpe_mult': 1.6549946364825563, 'g_gpe_stn_mult': 1.0648870484638107, 'g_stn_gpi_mult': 1.077183358341375, 'g_gpe_gpi_mult': 0.910004625655773}. Best is trial 308 with value: 0.25413308990423583.
[I 2026-05-28 22:33:28,322] Trial 479 finished with value: 1.1460703857895327 and parameters: {'ISTN': 80.87335614706326, 'I_gpe': 2.287765972738436, 'I_gpi': 1.5703211583144698, 'noise_stn_sigma': 0.5726952255082436, 'noise_gpe_sigma': 86.4554832070753, 'noise_gpi_sigma': 79.92191673229294, 'g_stn_gpe_mult': 1.5960941958407675, 'g_gpe_stn_mult': 0.8134549836587175, 'g_stn_gpi_mult': 1.0754758493291885, 'g_gpe_gpi_mult': 0.8843241536711663}. Best is trial 308 with value: 0.25413308990423583.
[I 2026-05-28 22:33:29,326] Trial 480 finished with value: 1.4954043987777814 and parameters: {'ISTN': 89.59564650100852, 'I_gpe': 2.596181265166046, 'I_gpi': 2.262184481571203, 'noise_stn_sigma': 0.7634529507942744, 'noise_gpe_sigma': 84.57399946038599, 'noise_gpi_sigma': 73.92289944612232, 'g_stn_gpe_mult': 1.6624875661826957, 'g_gpe_stn_mult': 0.8953301187881085, 'g_stn_gpi_mult': 1.1364131692923918, 'g_gpe_gpi_mult': 0.9374934366690888}. Best is trial 308 with value: 0.25413308990423583.
[I 2026-05-28 22:33:30,332] Trial 481 finished with value: 3.562927442095101 and parameters: {'ISTN': 103.85879015683028, 'I_gpe': 3.0010765366239096, 'I_gpi': 2.1448028878643246, 'noise_stn_sigma': 0.9118876201406458, 'noise_gpe_sigma': 95.2942488534413, 'noise_gpi_sigma': 81.29945655549821, 'g_stn_gpe_mult': 1.7705359907238254, 'g_gpe_stn_mult': 0.8026530839974846, 'g_stn_gpi_mult': 1.376139175037773, 'g_gpe_gpi_mult': 0.8484044492733606}. Best is trial 308 with value: 0.25413308990423583.
[I 2026-05-28 22:33:31,340] Trial 482 finished with value: 0.7052549926751731 and parameters: {'ISTN': 95.24954673187571, 'I_gpe': 2.974461448969598, 'I_gpi': 3.3499803301055513, 'noise_stn_sigma': 1.3419149297172408, 'noise_gpe_sigma': 80.25907917824492, 'noise_gpi_sigma': 73.66818907412899, 'g_stn_gpe_mult': 1.7842891914301273, 'g_gpe_stn_mult': 0.800686155980084, 'g_stn_gpi_mult': 1.1975594549852013, 'g_gpe_gpi_mult': 1.0402362143185262}. Best is trial 308 with value: 0.25413308990423583.
[I 2026-05-28 22:33:32,347] Trial 483 finished with value: 1.2618394838802234 and parameters: {'ISTN': 111.44701006651565, 'I_gpe': 3.169591338543104, 'I_gpi': 2.6833090625589264, 'noise_stn_sigma': 0.7916199683973335, 'noise_gpe_sigma': 90.13075862131383, 'noise_gpi_sigma': 71.87830564106238, 'g_stn_gpe_mult': 1.668135121898299, 'g_gpe_stn_mult': 0.9142368748266596, 'g_stn_gpi_mult': 1.4736337484943398, 'g_gpe_gpi_mult': 1.032789323549988}. Best is trial 308 with value: 0.25413308990423583.
