[I 2026-05-28 22:44:03,264] Trial 88 finished with value: 105.49258555005397 and parameters: {'ISTN': 117.9793481470275, 'I_gpe': 3.415176401600935, 'I_gpi': 1.8530672207466452, 'noise_stn_sigma': 2.984272837641447, 'noise_gpe_sigma': 37.55332295465925, 'noise_gpi_sigma': 25.387215433963963, 'g_stn_gpe_mult': 1.8226800684262996, 'g_gpe_stn_mult': 1.4522138450385618, 'g_stn_gpi_mult': 1.309436144924918, 'g_gpe_gpi_mult': 1.4540297992323301}. Best is trial 80 with value: 0.9098163370921998.
[I 2026-05-28 22:44:04,208] Trial 89 finished with value: 1000000.0 and parameters: {'ISTN': 126.05055283633402, 'I_gpe': 3.419528838365496, 'I_gpi': 3.0137628185583396, 'noise_stn_sigma': 3.001143055951994, 'noise_gpe_sigma': 25.49250701592249, 'noise_gpi_sigma': 27.850374898640066, 'g_stn_gpe_mult': 1.6123114391698594, 'g_gpe_stn_mult': 1.0822555038826915, 'g_stn_gpi_mult': 1.441055890705574, 'g_gpe_gpi_mult': 1.1874000311508237}. Best is trial 80 with value: 0.9098163370921998.
[I 2026-05-28 22:44:05,207] Trial 90 finished with value: 107.05276786743688 and parameters: {'ISTN': 138.28352371794887, 'I_gpe': 2.738866725585369, 'I_gpi': 4.414371557968858, 'noise_stn_sigma': 2.5456891793664087, 'noise_gpe_sigma': 49.66606964108475, 'noise_gpi_sigma': 39.45018570011953, 'g_stn_gpe_mult': 1.4073071200339404, 'g_gpe_stn_mult': 1.4630551414120356, 'g_stn_gpi_mult': 1.3845042013702327, 'g_gpe_gpi_mult': 1.2325624086353772}. Best is trial 80 with value: 0.9098163370921998.
[I 2026-05-28 22:44:06,207] Trial 91 finished with value: 106.2414871107193 and parameters: {'ISTN': 133.74713497806636, 'I_gpe': 2.5843190162394913, 'I_gpi': 3.695799583871795, 'noise_stn_sigma': 2.3106452346816377, 'noise_gpe_sigma': 30.14486032006309, 'noise_gpi_sigma': 58.24612597194397, 'g_stn_gpe_mult': 1.8086181701622137, 'g_gpe_stn_mult': 1.3637374503122714, 'g_stn_gpi_mult': 1.8505754815544417, 'g_gpe_gpi_mult': 1.0582621117661373}. Best is trial 80 with value: 0.9098163370921998.
[I 2026-05-28 22:44:07,205] Trial 92 finished with value: 106.86810440119716 and parameters: {'ISTN': 120.22799114665854, 'I_gpe': 2.726308173846114, 'I_gpi': 4.272354485321866, 'noise_stn_sigma': 3.181630487766518, 'noise_gpe_sigma': 54.8879399751274, 'noise_gpi_sigma': 39.37186504224747, 'g_stn_gpe_mult': 1.2705438910450864, 'g_gpe_stn_mult': 1.3155637770095914, 'g_stn_gpi_mult': 1.1814472098606417, 'g_gpe_gpi_mult': 1.0089633529610096}. Best is trial 80 with value: 0.9098163370921998.
[I 2026-05-28 22:44:08,201] Trial 93 finished with value: 106.05365814902031 and parameters: {'ISTN': 111.49047167113102, 'I_gpe': 2.6247927132696995, 'I_gpi': 3.51263654548142, 'noise_stn_sigma': 3.0823879751986576, 'noise_gpe_sigma': 40.84436441860822, 'noise_gpi_sigma': 46.76703515525695, 'g_stn_gpe_mult': 1.8288891997258787, 'g_gpe_stn_mult': 1.323941285847418, 'g_stn_gpi_mult': 1.8797319343051786, 'g_gpe_gpi_mult': 1.1859222581396542}. Best is trial 80 with value: 0.9098163370921998.
[I 2026-05-28 22:44:09,201] Trial 94 finished with value: 1.7287121388631541 and parameters: {'ISTN': 138.59546485267865, 'I_gpe': 2.366042258376476, 'I_gpi': 3.2022229000333144, 'noise_stn_sigma': 2.2198947674585185, 'noise_gpe_sigma': 29.378115971155275, 'noise_gpi_sigma': 40.689159996406154, 'g_stn_gpe_mult': 1.4867513914433952, 'g_gpe_stn_mult': 1.2811205167001083, 'g_stn_gpi_mult': 1.674713391653915, 'g_gpe_gpi_mult': 1.3418132284872741}. Best is trial 80 with value: 0.9098163370921998.
[I 2026-05-28 22:44:10,200] Trial 95 finished with value: 105.75896266816474 and parameters: {'ISTN': 120.71777019464857, 'I_gpe': 2.7574142911315027, 'I_gpi': 3.1651755468158727, 'noise_stn_sigma': 2.9950825932565763, 'noise_gpe_sigma': 52.64331432179898, 'noise_gpi_sigma': 32.12937901408965, 'g_stn_gpe_mult': 1.3874448831679145, 'g_gpe_stn_mult': 1.3185096193203067, 'g_stn_gpi_mult': 1.1659112416163273, 'g_gpe_gpi_mult': 1.1964322481303562}. Best is trial 80 with value: 0.9098163370921998.
[I 2026-05-28 22:44:11,203] Trial 96 finished with value: 11.170004683623398 and parameters: {'ISTN': 124.26026319255726, 'I_gpe': 2.497846978517467, 'I_gpi': 3.090711767558838, 'noise_stn_sigma': 2.5672484098451287, 'noise_gpe_sigma': 50.10285987939447, 'noise_gpi_sigma': 59.8773561403802, 'g_stn_gpe_mult': 1.5711881633920193, 'g_gpe_stn_mult': 1.0116035019034038, 'g_stn_gpi_mult': 1.6955485394345824, 'g_gpe_gpi_mult': 0.7834726443656819}. Best is trial 80 with value: 0.9098163370921998.
[I 2026-05-28 22:44:12,201] Trial 97 finished with value: 105.68832128934295 and parameters: {'ISTN': 118.81421139047058, 'I_gpe': 2.489746513174304, 'I_gpi': 2.549660277959028, 'noise_stn_sigma': 2.3313518843948513, 'noise_gpe_sigma': 53.50997069896651, 'noise_gpi_sigma': 13.255659635845273, 'g_stn_gpe_mult': 1.4421710771025162, 'g_gpe_stn_mult': 1.289159127388968, 'g_stn_gpi_mult': 1.612078029950762, 'g_gpe_gpi_mult': 1.1849035366131306}. Best is trial 80 with value: 0.9098163370921998.
[I 2026-05-28 22:44:13,202] Trial 98 finished with value: 1.9363613772387747 and parameters: {'ISTN': 132.2252812817671, 'I_gpe': 2.4778321694144267, 'I_gpi': 2.82691314825398, 'noise_stn_sigma': 2.6916388962448026, 'noise_gpe_sigma': 23.43407900266133, 'noise_gpi_sigma': 36.09932257801355, 'g_stn_gpe_mult': 1.6849390612252662, 'g_gpe_stn_mult': 1.1885572083485725, 'g_stn_gpi_mult': 1.5026529187206885, 'g_gpe_gpi_mult': 1.40182997469792}. Best is trial 80 with value: 0.9098163370921998.
[I 2026-05-28 22:44:14,207] Trial 99 finished with value: 40.512676057409124 and parameters: {'ISTN': 125.67743024222969, 'I_gpe': 1.8635548490768932, 'I_gpi': 3.9459789104885004, 'noise_stn_sigma': 2.589793027906995, 'noise_gpe_sigma': 40.9854547294741, 'noise_gpi_sigma': 44.955610111242954, 'g_stn_gpe_mult': 1.655087044407263, 'g_gpe_stn_mult': 0.977021834808209, 'g_stn_gpi_mult': 1.5975074139149412, 'g_gpe_gpi_mult': 0.8519939939142471}. Best is trial 80 with value: 0.9098163370921998.
[I 2026-05-28 22:44:15,213] Trial 100 finished with value: 42.701352364217655 and parameters: {'ISTN': 131.78862906411214, 'I_gpe': 2.6059750759594076, 'I_gpi': 2.6546915280063565, 'noise_stn_sigma': 2.860036375869079, 'noise_gpe_sigma': 57.926863059432776, 'noise_gpi_sigma': 29.362902943247313, 'g_stn_gpe_mult': 1.8341399183971712, 'g_gpe_stn_mult': 0.8614459008744848, 'g_stn_gpi_mult': 1.6078241840787983, 'g_gpe_gpi_mult': 1.32547993010217}. Best is trial 80 with value: 0.9098163370921998.
[I 2026-05-28 22:44:16,219] Trial 101 finished with value: 31.120013787312377 and parameters: {'ISTN': 140.77580879013067, 'I_gpe': 1.626151990352592, 'I_gpi': 3.567447555464916, 'noise_stn_sigma': 2.8676608124282015, 'noise_gpe_sigma': 45.58867942201648, 'noise_gpi_sigma': 27.894266613738946, 'g_stn_gpe_mult': 1.7073262100487345, 'g_gpe_stn_mult': 1.3880025166020307, 'g_stn_gpi_mult': 1.7943297021927376, 'g_gpe_gpi_mult': 1.500912473832142}. Best is trial 80 with value: 0.9098163370921998.
[I 2026-05-28 22:44:17,224] Trial 102 finished with value: 25.00874982380984 and parameters: {'ISTN': 116.69681143402133, 'I_gpe': 1.581116132037086, 'I_gpi': 2.9405562543830186, 'noise_stn_sigma': 2.2380910928333186, 'noise_gpe_sigma': 52.87502049895885, 'noise_gpi_sigma': 46.84288971831491, 'g_stn_gpe_mult': 1.6424422082515917, 'g_gpe_stn_mult': 1.107375105133538, 'g_stn_gpi_mult': 1.4318272499365872, 'g_gpe_gpi_mult': 1.1273752385383145}. Best is trial 80 with value: 0.9098163370921998.
[I 2026-05-28 22:44:18,230] Trial 103 finished with value: 33.56593132876608 and parameters: {'ISTN': 136.44876008105513, 'I_gpe': 2.203329197912927, 'I_gpi': 2.57956219884937, 'noise_stn_sigma': 2.089738130793968, 'noise_gpe_sigma': 12.025444169405333, 'noise_gpi_sigma': 33.359965190603276, 'g_stn_gpe_mult': 1.5029543559249146, 'g_gpe_stn_mult': 1.1014217012325735, 'g_stn_gpi_mult': 1.3936472045434496, 'g_gpe_gpi_mult': 1.5269703749718517}. Best is trial 80 with value: 0.9098163370921998.
[I 2026-05-28 22:44:19,234] Trial 104 finished with value: 36.638983615259576 and parameters: {'ISTN': 125.79851058329949, 'I_gpe': 1.7294319188334062, 'I_gpi': 3.7086321635191415, 'noise_stn_sigma': 1.5252616551434834, 'noise_gpe_sigma': 35.37331634782578, 'noise_gpi_sigma': 30.935161472875432, 'g_stn_gpe_mult': 1.5443271155716116, 'g_gpe_stn_mult': 1.1131124433164201, 'g_stn_gpi_mult': 1.8408231684723386, 'g_gpe_gpi_mult': 1.2689141257095828}. Best is trial 80 with value: 0.9098163370921998.
[I 2026-05-28 22:44:20,239] Trial 105 finished with value: 44.977828302799026 and parameters: {'ISTN': 132.44983995681082, 'I_gpe': 1.5239394839902791, 'I_gpi': 3.1260395228344677, 'noise_stn_sigma': 1.641885992703212, 'noise_gpe_sigma': 37.65100672484951, 'noise_gpi_sigma': 24.258606138243252, 'g_stn_gpe_mult': 1.6968699383171875, 'g_gpe_stn_mult': 1.163536647725303, 'g_stn_gpi_mult': 1.7812176214941402, 'g_gpe_gpi_mult': 1.1127573464052425}. Best is trial 80 with value: 0.9098163370921998.
[I 2026-05-28 22:44:21,244] Trial 106 finished with value: 57.86281423902992 and parameters: {'ISTN': 141.4629349953382, 'I_gpe': 1.723944828353111, 'I_gpi': 3.7885917954376547, 'noise_stn_sigma': 1.372741132337636, 'noise_gpe_sigma': 23.33188595731112, 'noise_gpi_sigma': 37.01347658708859, 'g_stn_gpe_mult': 1.391945818507775, 'g_gpe_stn_mult': 1.1872957712613776, 'g_stn_gpi_mult': 1.654684197952935, 'g_gpe_gpi_mult': 1.3845175774678937}. Best is trial 80 with value: 0.9098163370921998.
[I 2026-05-28 22:44:22,242] Trial 107 finished with value: 106.19354829793298 and parameters: {'ISTN': 128.903676196843, 'I_gpe': 3.598616728815907, 'I_gpi': 3.8903937941444733, 'noise_stn_sigma': 2.377902189930351, 'noise_gpe_sigma': 38.62638052085916, 'noise_gpi_sigma': 54.773504450887174, 'g_stn_gpe_mult': 1.5663790758899376, 'g_gpe_stn_mult': 1.1785085056328075, 'g_stn_gpi_mult': 1.3421524019630133, 'g_gpe_gpi_mult': 1.227704022667727}. Best is trial 80 with value: 0.9098163370921998.
[I 2026-05-28 22:44:23,241] Trial 108 finished with value: 105.93443295578268 and parameters: {'ISTN': 142.11104310443, 'I_gpe': 3.105379104445419, 'I_gpi': 3.5981492305398346, 'noise_stn_sigma': 2.204021926591018, 'noise_gpe_sigma': 32.43142608804422, 'noise_gpi_sigma': 48.403859105672744, 'g_stn_gpe_mult': 1.5419694468279346, 'g_gpe_stn_mult': 1.1487426272555477, 'g_stn_gpi_mult': 1.3320587037703713, 'g_gpe_gpi_mult': 1.5640142708157776}. Best is trial 80 with value: 0.9098163370921998.
[I 2026-05-28 22:44:24,245] Trial 109 finished with value: 8.493443973706814 and parameters: {'ISTN': 137.44623285188226, 'I_gpe': 2.637116193596169, 'I_gpi': 2.7716406872375043, 'noise_stn_sigma': 2.2494306894155476, 'noise_gpe_sigma': 23.260672212661557, 'noise_gpi_sigma': 21.037868322260447, 'g_stn_gpe_mult': 1.5715892957462096, 'g_gpe_stn_mult': 1.0615271788821756, 'g_stn_gpi_mult': 1.6922859307371954, 'g_gpe_gpi_mult': 1.3873978921865708}. Best is trial 80 with value: 0.9098163370921998.
[I 2026-05-28 22:44:25,243] Trial 110 finished with value: 2.1141674028405824 and parameters: {'ISTN': 140.43504880482203, 'I_gpe': 2.066720134390608, 'I_gpi': 2.2678798061333127, 'noise_stn_sigma': 1.7220362530997173, 'noise_gpe_sigma': 33.38001992227822, 'noise_gpi_sigma': 41.217477329338195, 'g_stn_gpe_mult': 1.42668577264752, 'g_gpe_stn_mult': 1.452530320193556, 'g_stn_gpi_mult': 1.67153492645036, 'g_gpe_gpi_mult': 1.358339094362563}. Best is trial 80 with value: 0.9098163370921998.
[I 2026-05-28 22:44:26,246] Trial 111 finished with value: 79.89802579892635 and parameters: {'ISTN': 150.88462209711386, 'I_gpe': 1.2309243837996393, 'I_gpi': 3.8692430573480827, 'noise_stn_sigma': 2.0096893302393974, 'noise_gpe_sigma': 32.86174072601983, 'noise_gpi_sigma': 47.58414344758746, 'g_stn_gpe_mult': 1.3604665721021727, 'g_gpe_stn_mult': 1.3476559513114414, 'g_stn_gpi_mult': 1.5808067712007168, 'g_gpe_gpi_mult': 1.2274704402465515}. Best is trial 80 with value: 0.9098163370921998.
[I 2026-05-28 22:44:27,249] Trial 112 finished with value: 7.6798901325551245 and parameters: {'ISTN': 127.78481051583283, 'I_gpe': 2.1521849515665665, 'I_gpi': 2.3699408086347944, 'noise_stn_sigma': 2.2346813754794086, 'noise_gpe_sigma': 33.6323040234643, 'noise_gpi_sigma': 29.862611488469177, 'g_stn_gpe_mult': 1.8196623683860578, 'g_gpe_stn_mult': 1.1582080966861834, 'g_stn_gpi_mult': 1.332157970497163, 'g_gpe_gpi_mult': 0.8690230667113147}. Best is trial 80 with value: 0.9098163370921998.
[I 2026-05-28 22:44:28,255] Trial 113 finished with value: 67.98183393330248 and parameters: {'ISTN': 142.32623307734116, 'I_gpe': 1.2654967812080349, 'I_gpi': 2.9560120642206185, 'noise_stn_sigma': 2.2121611526633034, 'noise_gpe_sigma': 58.43636145185592, 'noise_gpi_sigma': 32.57118496910893, 'g_stn_gpe_mult': 1.5298235672681417, 'g_gpe_stn_mult': 1.1855798369717474, 'g_stn_gpi_mult': 1.5863803790072626, 'g_gpe_gpi_mult': 1.4989481678439365}. Best is trial 80 with value: 0.9098163370921998.
[I 2026-05-28 22:44:29,254] Trial 114 finished with value: 105.77922462556701 and parameters: {'ISTN': 124.44470916867752, 'I_gpe': 2.391518511001615, 'I_gpi': 2.7478127152791423, 'noise_stn_sigma': 2.6938720890396963, 'noise_gpe_sigma': 27.627649821280468, 'noise_gpi_sigma': 28.035246733833944, 'g_stn_gpe_mult': 1.417140933573161, 'g_gpe_stn_mult': 1.4993704623130082, 'g_stn_gpi_mult': 1.773900103485276, 'g_gpe_gpi_mult': 1.442834767948549}. Best is trial 80 with value: 0.9098163370921998.
[I 2026-05-28 22:44:30,258] Trial 115 finished with value: 23.60603319846519 and parameters: {'ISTN': 143.08989567864916, 'I_gpe': 2.117096850165569, 'I_gpi': 3.3955412701110057, 'noise_stn_sigma': 1.696564945464883, 'noise_gpe_sigma': 38.58198026763812, 'noise_gpi_sigma': 19.798727711601728, 'g_stn_gpe_mult': 1.6670612753691212, 'g_gpe_stn_mult': 1.2337632084053345, 'g_stn_gpi_mult': 1.4647975704284386, 'g_gpe_gpi_mult': 1.0337496366755734}. Best is trial 80 with value: 0.9098163370921998.
[I 2026-05-28 22:44:31,262] Trial 116 finished with value: 9.702280079580614 and parameters: {'ISTN': 126.48982250733937, 'I_gpe': 2.299786219722282, 'I_gpi': 3.150065286491607, 'noise_stn_sigma': 2.7228272615348756, 'noise_gpe_sigma': 22.72688210433948, 'noise_gpi_sigma': 19.914397003136877, 'g_stn_gpe_mult': 1.5474490310085394, 'g_gpe_stn_mult': 1.0814598870931982, 'g_stn_gpi_mult': 1.5367121798453258, 'g_gpe_gpi_mult': 1.0639344663130283}. Best is trial 80 with value: 0.9098163370921998.
[I 2026-05-28 22:44:32,262] Trial 117 finished with value: 105.8041990773942 and parameters: {'ISTN': 128.41915078815822, 'I_gpe': 2.2940282398379095, 'I_gpi': 2.257253202766496, 'noise_stn_sigma': 1.9671945121192802, 'noise_gpe_sigma': 23.633470730785955, 'noise_gpi_sigma': 19.365799622687824, 'g_stn_gpe_mult': 1.388931558985897, 'g_gpe_stn_mult': 1.3914084875695825, 'g_stn_gpi_mult': 1.3698376277829298, 'g_gpe_gpi_mult': 1.5188605896382805}. Best is trial 80 with value: 0.9098163370921998.
[I 2026-05-28 22:44:33,268] Trial 118 finished with value: 22.862885998414484 and parameters: {'ISTN': 146.26220802253573, 'I_gpe': 2.4701441952295196, 'I_gpi': 2.9504432626448964, 'noise_stn_sigma': 2.8625937493488447, 'noise_gpe_sigma': 37.98914322915188, 'noise_gpi_sigma': 36.51279320618285, 'g_stn_gpe_mult': 1.3898816027873964, 'g_gpe_stn_mult': 1.1411048823340202, 'g_stn_gpi_mult': 1.67291540284066, 'g_gpe_gpi_mult': 1.4598617020583857}. Best is trial 80 with value: 0.9098163370921998.
[I 2026-05-28 22:44:34,269] Trial 119 finished with value: 1.7612727551011849 and parameters: {'ISTN': 104.57134921046976, 'I_gpe': 1.614740525114843, 'I_gpi': 3.531147502153951, 'noise_stn_sigma': 2.2812221621609305, 'noise_gpe_sigma': 46.336669055716115, 'noise_gpi_sigma': 33.7053236026408, 'g_stn_gpe_mult': 1.6465249080052686, 'g_gpe_stn_mult': 1.2903239841949152, 'g_stn_gpi_mult': 1.5329223657409736, 'g_gpe_gpi_mult': 1.54909704764334}. Best is trial 80 with value: 0.9098163370921998.
[I 2026-05-28 22:44:35,272] Trial 120 finished with value: 1.6175236302638478 and parameters: {'ISTN': 142.03091774125676, 'I_gpe': 2.84630620616296, 'I_gpi': 1.8818889514430581, 'noise_stn_sigma': 1.670455849059518, 'noise_gpe_sigma': 35.42717945588455, 'noise_gpi_sigma': 31.64450707458282, 'g_stn_gpe_mult': 1.3668092885931786, 'g_gpe_stn_mult': 1.1446822398082053, 'g_stn_gpi_mult': 1.5526840145626712, 'g_gpe_gpi_mult': 1.3661548842534612}. Best is trial 80 with value: 0.9098163370921998.
[I 2026-05-28 22:44:36,278] Trial 121 finished with value: 22.70112573504657 and parameters: {'ISTN': 112.83149837022309, 'I_gpe': 1.4651896147306158, 'I_gpi': 2.646892047802134, 'noise_stn_sigma': 1.547322596381743, 'noise_gpe_sigma': 36.269610570628814, 'noise_gpi_sigma': 36.97157665358529, 'g_stn_gpe_mult': 1.0381999770136074, 'g_gpe_stn_mult': 1.1532155880614672, 'g_stn_gpi_mult': 1.6733879544767243, 'g_gpe_gpi_mult': 1.3399872162114188}. Best is trial 80 with value: 0.9098163370921998.
[I 2026-05-28 22:44:37,280] Trial 122 finished with value: 3.705469593542854 and parameters: {'ISTN': 118.21262909407174, 'I_gpe': 1.7802825164708005, 'I_gpi': 1.9459878778076782, 'noise_stn_sigma': 2.2478871827633053, 'noise_gpe_sigma': 11.833425190466183, 'noise_gpi_sigma': 19.051449976668785, 'g_stn_gpe_mult': 1.7734880068598116, 'g_gpe_stn_mult': 1.2537995572762097, 'g_stn_gpi_mult': 1.4429520586676672, 'g_gpe_gpi_mult': 1.3102519097203507}. Best is trial 80 with value: 0.9098163370921998.
[I 2026-05-28 22:44:38,285] Trial 123 finished with value: 67.7280098991518 and parameters: {'ISTN': 136.92543480064282, 'I_gpe': 1.7257739660192664, 'I_gpi': 3.070663941023721, 'noise_stn_sigma': 1.4780480356370271, 'noise_gpe_sigma': 46.50422234755999, 'noise_gpi_sigma': 38.64460584063383, 'g_stn_gpe_mult': 1.5024812088778692, 'g_gpe_stn_mult': 0.9130059636475699, 'g_stn_gpi_mult': 1.4589421371315372, 'g_gpe_gpi_mult': 0.9845865486578913}. Best is trial 80 with value: 0.9098163370921998.
[I 2026-05-28 22:44:39,289] Trial 124 finished with value: 43.276963830799886 and parameters: {'ISTN': 127.33094736584097, 'I_gpe': 1.9827299778832006, 'I_gpi': 2.2513772043210025, 'noise_stn_sigma': 2.163492933599894, 'noise_gpe_sigma': 23.1892433430735, 'noise_gpi_sigma': 24.3424881571948, 'g_stn_gpe_mult': 1.5611531505653862, 'g_gpe_stn_mult': 0.9495141807693108, 'g_stn_gpi_mult': 1.5448366121852537, 'g_gpe_gpi_mult': 1.3055477355369203}. Best is trial 80 with value: 0.9098163370921998.
[I 2026-05-28 22:44:40,287] Trial 125 finished with value: 5.121553618016491 and parameters: {'ISTN': 112.69876010679408, 'I_gpe': 1.953631058579258, 'I_gpi': 3.1294053610044164, 'noise_stn_sigma': 2.3906003090053094, 'noise_gpe_sigma': 37.964106323916624, 'noise_gpi_sigma': 35.02190010255082, 'g_stn_gpe_mult': 1.8156857641219528, 'g_gpe_stn_mult': 1.3430103713802852, 'g_stn_gpi_mult': 1.3451640588554379, 'g_gpe_gpi_mult': 1.4567213981731695}. Best is trial 80 with value: 0.9098163370921998.
[I 2026-05-28 22:44:41,286] Trial 126 finished with value: 105.6788125833896 and parameters: {'ISTN': 124.94858392967521, 'I_gpe': 2.5175890731303205, 'I_gpi': 2.0278492483081347, 'noise_stn_sigma': 1.516292111122491, 'noise_gpe_sigma': 40.31774160152251, 'noise_gpi_sigma': 26.49968876682962, 'g_stn_gpe_mult': 1.5104524055934339, 'g_gpe_stn_mult': 1.3504954189693137, 'g_stn_gpi_mult': 1.6154201948964821, 'g_gpe_gpi_mult': 1.217861564054894}. Best is trial 80 with value: 0.9098163370921998.
[I 2026-05-28 22:44:42,284] Trial 127 finished with value: 105.86569698146236 and parameters: {'ISTN': 114.35539358220024, 'I_gpe': 3.766299742060757, 'I_gpi': 3.5221433306078485, 'noise_stn_sigma': 1.4537518952533581, 'noise_gpe_sigma': 28.703789679789683, 'noise_gpi_sigma': 48.241005956732735, 'g_stn_gpe_mult': 1.532287763169491, 'g_gpe_stn_mult': 1.1431183193352235, 'g_stn_gpi_mult': 1.7059567746667215, 'g_gpe_gpi_mult': 1.1550591320189376}. Best is trial 80 with value: 0.9098163370921998.
[I 2026-05-28 22:44:43,228] Trial 128 finished with value: 1000000.0 and parameters: {'ISTN': 124.53268541779894, 'I_gpe': 3.0725616383355105, 'I_gpi': 3.0703531140831655, 'noise_stn_sigma': 1.0931542011089612, 'noise_gpe_sigma': 29.286388172395576, 'noise_gpi_sigma': 40.27899939927259, 'g_stn_gpe_mult': 1.3848242994666382, 'g_gpe_stn_mult': 1.301065530383231, 'g_stn_gpi_mult': 1.4557069819612454, 'g_gpe_gpi_mult': 1.7326852912175537}. Best is trial 80 with value: 0.9098163370921998.
[I 2026-05-28 22:44:44,233] Trial 129 finished with value: 42.342012944880956 and parameters: {'ISTN': 140.01110956449025, 'I_gpe': 2.280745666797012, 'I_gpi': 3.102816019154047, 'noise_stn_sigma': 2.2413776404463226, 'noise_gpe_sigma': 37.785791104520584, 'noise_gpi_sigma': 24.764322318577953, 'g_stn_gpe_mult': 1.5295163815866837, 'g_gpe_stn_mult': 1.0638749179482603, 'g_stn_gpi_mult': 1.4699079801914945, 'g_gpe_gpi_mult': 1.252228121643694}. Best is trial 80 with value: 0.9098163370921998.
[I 2026-05-28 22:44:45,232] Trial 130 finished with value: 105.35774714296079 and parameters: {'ISTN': 110.40920748516112, 'I_gpe': 3.6809716912239194, 'I_gpi': 2.29618969849464, 'noise_stn_sigma': 1.8775012356874314, 'noise_gpe_sigma': 36.05399297988032, 'noise_gpi_sigma': 34.838009998793076, 'g_stn_gpe_mult': 1.5332552902211913, 'g_gpe_stn_mult': 1.1091529782855676, 'g_stn_gpi_mult': 1.3607899059749253, 'g_gpe_gpi_mult': 1.1740848574041567}. Best is trial 80 with value: 0.9098163370921998.
[I 2026-05-28 22:44:46,238] Trial 131 finished with value: 34.68775735422802 and parameters: {'ISTN': 119.10617150463088, 'I_gpe': 1.2730816032050456, 'I_gpi': 1.5232275976572083, 'noise_stn_sigma': 1.7554803146874036, 'noise_gpe_sigma': 22.903683476620586, 'noise_gpi_sigma': 17.402781654870054, 'g_stn_gpe_mult': 1.8268494002114342, 'g_gpe_stn_mult': 1.0397654980269309, 'g_stn_gpi_mult': 1.5073084872473395, 'g_gpe_gpi_mult': 1.14813771872789}. Best is trial 80 with value: 0.9098163370921998.
