[I 2026-05-28 22:52:34,823] Trial 88 finished with value: 128.50347449670278 and parameters: {'ISTN': 177.40470605481607, 'I_gpe': 1.2619491692147404, 'I_gpi': 7.064912357535698, 'noise_stn_sigma': 3.9046262949971418, 'noise_gpe_sigma': 63.58598776838634, 'noise_gpi_sigma': 49.62849400434156, 'g_stn_gpe_mult': 1.2482006988083134, 'g_gpe_stn_mult': 1.5959087821723497, 'g_stn_gpi_mult': 1.4876167318236388, 'g_gpe_gpi_mult': 0.5913661490957022}. Best is trial 35 with value: 1.6969728962836053.
[I 2026-05-28 22:52:35,829] Trial 89 finished with value: 44.79890125756514 and parameters: {'ISTN': 131.96752895682306, 'I_gpe': 1.7293553002580893, 'I_gpi': 7.041958415906498, 'noise_stn_sigma': 4.4095237540747405, 'noise_gpe_sigma': 26.9351634433691, 'noise_gpi_sigma': 63.1923432158685, 'g_stn_gpe_mult': 1.0835353599209125, 'g_gpe_stn_mult': 1.2332786764796304, 'g_stn_gpi_mult': 1.59540584731336, 'g_gpe_gpi_mult': 0.7852126289536732}. Best is trial 35 with value: 1.6969728962836053.
[I 2026-05-28 22:52:36,835] Trial 90 finished with value: 29.413307001712173 and parameters: {'ISTN': 150.63343385908365, 'I_gpe': 2.8569135596109536, 'I_gpi': 6.136009627192106, 'noise_stn_sigma': 3.8424445922776282, 'noise_gpe_sigma': 30.388399746523458, 'noise_gpi_sigma': 44.03810510874656, 'g_stn_gpe_mult': 1.3192030278662923, 'g_gpe_stn_mult': 1.0665616458065235, 'g_stn_gpi_mult': 1.333865330118595, 'g_gpe_gpi_mult': 0.9258219269266166}. Best is trial 35 with value: 1.6969728962836053.
[I 2026-05-28 22:52:37,843] Trial 91 finished with value: 48.17982004646961 and parameters: {'ISTN': 136.06601309243106, 'I_gpe': 1.2802199616169287, 'I_gpi': 5.300401074187467, 'noise_stn_sigma': 4.388508783855288, 'noise_gpe_sigma': 54.50192276075731, 'noise_gpi_sigma': 52.56922354667622, 'g_stn_gpe_mult': 1.098967291495978, 'g_gpe_stn_mult': 1.3594074633780593, 'g_stn_gpi_mult': 1.5639789504549981, 'g_gpe_gpi_mult': 0.7628274249360474}. Best is trial 35 with value: 1.6969728962836053.
[I 2026-05-28 22:52:38,845] Trial 92 finished with value: 109.34310706043276 and parameters: {'ISTN': 161.70267309952823, 'I_gpe': 3.705365258928923, 'I_gpi': 5.776600827816624, 'noise_stn_sigma': 4.062628140473104, 'noise_gpe_sigma': 56.06483881877037, 'noise_gpi_sigma': 41.33636115984838, 'g_stn_gpe_mult': 1.338558324016285, 'g_gpe_stn_mult': 1.3290592175712794, 'g_stn_gpi_mult': 1.1337750755851297, 'g_gpe_gpi_mult': 0.5532265563024242}. Best is trial 35 with value: 1.6969728962836053.
[I 2026-05-28 22:52:39,851] Trial 93 finished with value: 168.85671391216383 and parameters: {'ISTN': 185.16429251622526, 'I_gpe': 1.392411525072656, 'I_gpi': 5.40583316227537, 'noise_stn_sigma': 4.673012493983828, 'noise_gpe_sigma': 58.051141862252805, 'noise_gpi_sigma': 61.474789067291645, 'g_stn_gpe_mult': 1.4894248598585382, 'g_gpe_stn_mult': 1.3428961065002443, 'g_stn_gpi_mult': 1.565614107335886, 'g_gpe_gpi_mult': 0.9285867442607079}. Best is trial 35 with value: 1.6969728962836053.
[I 2026-05-28 22:52:40,860] Trial 94 finished with value: 73.4548037006358 and parameters: {'ISTN': 144.37741841766947, 'I_gpe': 1.3821846317534376, 'I_gpi': 6.113905233170118, 'noise_stn_sigma': 4.306938373845906, 'noise_gpe_sigma': 51.57974704662731, 'noise_gpi_sigma': 29.800315950521835, 'g_stn_gpe_mult': 1.6785565455698406, 'g_gpe_stn_mult': 1.16943936470228, 'g_stn_gpi_mult': 0.8115172642527932, 'g_gpe_gpi_mult': 0.5757303770414535}. Best is trial 35 with value: 1.6969728962836053.
[I 2026-05-28 22:52:41,861] Trial 95 finished with value: 111.4167371372679 and parameters: {'ISTN': 130.8457938376725, 'I_gpe': 2.8995832697366497, 'I_gpi': 6.580826199131989, 'noise_stn_sigma': 3.616918657315521, 'noise_gpe_sigma': 26.770560497939254, 'noise_gpi_sigma': 31.03839543644769, 'g_stn_gpe_mult': 1.299902860029191, 'g_gpe_stn_mult': 1.5106059930875684, 'g_stn_gpi_mult': 1.5154391351567398, 'g_gpe_gpi_mult': 0.5245865709672894}. Best is trial 35 with value: 1.6969728962836053.
[I 2026-05-28 22:52:42,868] Trial 96 finished with value: 19.791057503860362 and parameters: {'ISTN': 120.97294974273495, 'I_gpe': 3.0961277217961394, 'I_gpi': 6.648948904999067, 'noise_stn_sigma': 3.7020116733462087, 'noise_gpe_sigma': 35.29268297977005, 'noise_gpi_sigma': 12.018653773886669, 'g_stn_gpe_mult': 1.2784734492520822, 'g_gpe_stn_mult': 0.8418532101561976, 'g_stn_gpi_mult': 1.2558456808351548, 'g_gpe_gpi_mult': 0.5265351035737629}. Best is trial 35 with value: 1.6969728962836053.
[I 2026-05-28 22:52:43,870] Trial 97 finished with value: 6.749024761822252 and parameters: {'ISTN': 144.89931444803668, 'I_gpe': 2.453955408958592, 'I_gpi': 4.854746303516076, 'noise_stn_sigma': 4.122754486904192, 'noise_gpe_sigma': 64.6195489092351, 'noise_gpi_sigma': 71.45081123245484, 'g_stn_gpe_mult': 1.6691632801044765, 'g_gpe_stn_mult': 1.4621268240922867, 'g_stn_gpi_mult': 0.993336723249031, 'g_gpe_gpi_mult': 1.1541181123787043}. Best is trial 35 with value: 1.6969728962836053.
[I 2026-05-28 22:52:44,871] Trial 98 finished with value: 110.53641175270604 and parameters: {'ISTN': 158.6603349237492, 'I_gpe': 2.3573920326524056, 'I_gpi': 6.132482178884441, 'noise_stn_sigma': 3.5052253612863407, 'noise_gpe_sigma': 34.71745050194164, 'noise_gpi_sigma': 38.67006059068825, 'g_stn_gpe_mult': 1.5391825440861302, 'g_gpe_stn_mult': 1.9683978207825086, 'g_stn_gpi_mult': 1.191807120115966, 'g_gpe_gpi_mult': 0.7954752499036517}. Best is trial 35 with value: 1.6969728962836053.
[I 2026-05-28 22:52:45,870] Trial 99 finished with value: 113.88358258138481 and parameters: {'ISTN': 105.94272960621691, 'I_gpe': 2.8178808578416614, 'I_gpi': 7.537485662205983, 'noise_stn_sigma': 3.020019659781221, 'noise_gpe_sigma': 24.828607986863194, 'noise_gpi_sigma': 31.239907265548382, 'g_stn_gpe_mult': 1.2874733042469655, 'g_gpe_stn_mult': 1.3006238902142915, 'g_stn_gpi_mult': 0.8235568416379331, 'g_gpe_gpi_mult': 0.6842759616114718}. Best is trial 35 with value: 1.6969728962836053.
[I 2026-05-28 22:52:46,871] Trial 100 finished with value: 112.83839466671452 and parameters: {'ISTN': 138.93071873359418, 'I_gpe': 2.9840168698053864, 'I_gpi': 7.192374908100673, 'noise_stn_sigma': 4.210972211109049, 'noise_gpe_sigma': 45.15196920850217, 'noise_gpi_sigma': 43.235133222959355, 'g_stn_gpe_mult': 1.3595769991798112, 'g_gpe_stn_mult': 1.2675441800787115, 'g_stn_gpi_mult': 1.5232757948542386, 'g_gpe_gpi_mult': 0.7162898167684932}. Best is trial 35 with value: 1.6969728962836053.
[I 2026-05-28 22:52:47,878] Trial 101 finished with value: 53.712800469119266 and parameters: {'ISTN': 141.87160800338557, 'I_gpe': 1.7789338454323036, 'I_gpi': 5.35456659273859, 'noise_stn_sigma': 4.171487280160026, 'noise_gpe_sigma': 56.432284358168005, 'noise_gpi_sigma': 40.90142845496288, 'g_stn_gpe_mult': 1.121152208541759, 'g_gpe_stn_mult': 1.2340124614096117, 'g_stn_gpi_mult': 1.3631696539413507, 'g_gpe_gpi_mult': 0.6554970358061386}. Best is trial 35 with value: 1.6969728962836053.
[I 2026-05-28 22:52:48,888] Trial 102 finished with value: 29.85323394118136 and parameters: {'ISTN': 108.6456766861802, 'I_gpe': 1.1141266108187058, 'I_gpi': 5.028631560391077, 'noise_stn_sigma': 4.110359843450194, 'noise_gpe_sigma': 80.76970045831823, 'noise_gpi_sigma': 59.22639531463514, 'g_stn_gpe_mult': 1.7555799776035572, 'g_gpe_stn_mult': 0.9701307688126142, 'g_stn_gpi_mult': 0.9595535317612842, 'g_gpe_gpi_mult': 0.5995982812336669}. Best is trial 35 with value: 1.6969728962836053.
[I 2026-05-28 22:52:49,893] Trial 103 finished with value: 64.99866861918615 and parameters: {'ISTN': 135.48297949488645, 'I_gpe': 3.4474389444002567, 'I_gpi': 5.679341523892884, 'noise_stn_sigma': 3.685878404402273, 'noise_gpe_sigma': 51.70878515782344, 'noise_gpi_sigma': 50.59793438197946, 'g_stn_gpe_mult': 1.355751264203155, 'g_gpe_stn_mult': 0.6916309962640094, 'g_stn_gpi_mult': 1.5633132290635074, 'g_gpe_gpi_mult': 1.1635775130037416}. Best is trial 35 with value: 1.6969728962836053.
[I 2026-05-28 22:52:50,902] Trial 104 finished with value: 62.6745293369815 and parameters: {'ISTN': 158.6452288517596, 'I_gpe': 2.1536846742721854, 'I_gpi': 5.256614242092645, 'noise_stn_sigma': 3.0322625955950655, 'noise_gpe_sigma': 78.5437466845695, 'noise_gpi_sigma': 36.08707041984839, 'g_stn_gpe_mult': 1.4226092768221017, 'g_gpe_stn_mult': 1.2448588915727674, 'g_stn_gpi_mult': 1.4085910134741915, 'g_gpe_gpi_mult': 1.2083766129378604}. Best is trial 35 with value: 1.6969728962836053.
[I 2026-05-28 22:52:51,908] Trial 105 finished with value: 74.06811118555457 and parameters: {'ISTN': 139.8944826268606, 'I_gpe': 1.1620333168823356, 'I_gpi': 6.509877732216622, 'noise_stn_sigma': 2.9778157970939794, 'noise_gpe_sigma': 37.250220011334946, 'noise_gpi_sigma': 37.43907796287428, 'g_stn_gpe_mult': 1.4831776826483658, 'g_gpe_stn_mult': 1.1733993697739922, 'g_stn_gpi_mult': 1.2202635560628101, 'g_gpe_gpi_mult': 0.5444829700317246}. Best is trial 35 with value: 1.6969728962836053.
[I 2026-05-28 22:52:52,909] Trial 106 finished with value: 107.74964266480441 and parameters: {'ISTN': 108.6065511673796, 'I_gpe': 4.020740295702106, 'I_gpi': 4.982830522717204, 'noise_stn_sigma': 4.6581302503756685, 'noise_gpe_sigma': 57.256052665982175, 'noise_gpi_sigma': 58.457132686462785, 'g_stn_gpe_mult': 0.9672182401863905, 'g_gpe_stn_mult': 1.2816041640706946, 'g_stn_gpi_mult': 1.2655895245433517, 'g_gpe_gpi_mult': 1.2146802282914544}. Best is trial 35 with value: 1.6969728962836053.
[I 2026-05-28 22:52:53,912] Trial 107 finished with value: 108.35233933587838 and parameters: {'ISTN': 132.1833506048474, 'I_gpe': 2.6013392016976313, 'I_gpi': 5.168789903065387, 'noise_stn_sigma': 4.324603270613208, 'noise_gpe_sigma': 71.42585735937962, 'noise_gpi_sigma': 46.1194908098131, 'g_stn_gpe_mult': 1.3346784020903242, 'g_gpe_stn_mult': 1.6308842829943502, 'g_stn_gpi_mult': 1.4269307771166886, 'g_gpe_gpi_mult': 0.5454085872805141}. Best is trial 35 with value: 1.6969728962836053.
[I 2026-05-28 22:52:54,914] Trial 108 finished with value: 109.52357218373953 and parameters: {'ISTN': 127.7453346136839, 'I_gpe': 2.5463340446290275, 'I_gpi': 5.737287519484057, 'noise_stn_sigma': 3.227217324081495, 'noise_gpe_sigma': 75.50813822508123, 'noise_gpi_sigma': 27.725521469112138, 'g_stn_gpe_mult': 1.5573538055001908, 'g_gpe_stn_mult': 1.4446806041898166, 'g_stn_gpi_mult': 1.1403568461448805, 'g_gpe_gpi_mult': 0.7139131400874401}. Best is trial 35 with value: 1.6969728962836053.
[I 2026-05-28 22:52:55,920] Trial 109 finished with value: 17.548258371460093 and parameters: {'ISTN': 149.19170313758573, 'I_gpe': 2.544707286694858, 'I_gpi': 5.8368426500930894, 'noise_stn_sigma': 4.363806699188489, 'noise_gpe_sigma': 35.4320905204582, 'noise_gpi_sigma': 27.51026430889502, 'g_stn_gpe_mult': 1.5647637018196052, 'g_gpe_stn_mult': 1.1766571773202052, 'g_stn_gpi_mult': 0.8937544595536848, 'g_gpe_gpi_mult': 0.7610079099340787}. Best is trial 35 with value: 1.6969728962836053.
[I 2026-05-28 22:52:56,927] Trial 110 finished with value: 27.781554610005536 and parameters: {'ISTN': 149.39195180276045, 'I_gpe': 3.144294409042243, 'I_gpi': 5.523367412489216, 'noise_stn_sigma': 4.870026029072626, 'noise_gpe_sigma': 30.964950692658217, 'noise_gpi_sigma': 73.98697219303864, 'g_stn_gpe_mult': 1.5817555951036137, 'g_gpe_stn_mult': 0.9811999337647558, 'g_stn_gpi_mult': 1.1574218636553995, 'g_gpe_gpi_mult': 0.8020328537634216}. Best is trial 35 with value: 1.6969728962836053.
[I 2026-05-28 22:52:57,929] Trial 111 finished with value: 106.1991096362951 and parameters: {'ISTN': 172.57880766213927, 'I_gpe': 4.479968657058789, 'I_gpi': 3.764067711218342, 'noise_stn_sigma': 3.7381519770264138, 'noise_gpe_sigma': 55.26834079265907, 'noise_gpi_sigma': 59.73281257595986, 'g_stn_gpe_mult': 1.4143472830482402, 'g_gpe_stn_mult': 1.2528016852901036, 'g_stn_gpi_mult': 1.025770407079372, 'g_gpe_gpi_mult': 0.9916215612193024}. Best is trial 35 with value: 1.6969728962836053.
[I 2026-05-28 22:52:58,936] Trial 112 finished with value: 41.68577437765323 and parameters: {'ISTN': 134.85936433261963, 'I_gpe': 1.5497662591590942, 'I_gpi': 5.040809234598244, 'noise_stn_sigma': 3.623085017039376, 'noise_gpe_sigma': 37.57598414905398, 'noise_gpi_sigma': 33.620635401423684, 'g_stn_gpe_mult': 1.6136039866739909, 'g_gpe_stn_mult': 1.2853431344180577, 'g_stn_gpi_mult': 0.8512858191812949, 'g_gpe_gpi_mult': 0.5334213863505268}. Best is trial 35 with value: 1.6969728962836053.
[I 2026-05-28 22:52:59,943] Trial 113 finished with value: 32.34578529126621 and parameters: {'ISTN': 139.31294187521937, 'I_gpe': 2.3058046303644257, 'I_gpi': 4.444621858444789, 'noise_stn_sigma': 4.401495311905249, 'noise_gpe_sigma': 44.95719792057943, 'noise_gpi_sigma': 61.73126826910854, 'g_stn_gpe_mult': 1.6993366907571519, 'g_gpe_stn_mult': 1.0973426563967679, 'g_stn_gpi_mult': 1.1781516321775896, 'g_gpe_gpi_mult': 1.0558965715357824}. Best is trial 35 with value: 1.6969728962836053.
[I 2026-05-28 22:53:00,949] Trial 114 finished with value: 1.8799976179094957 and parameters: {'ISTN': 136.95761718395528, 'I_gpe': 2.4792089226548564, 'I_gpi': 3.1551120863485638, 'noise_stn_sigma': 3.3917553151965762, 'noise_gpe_sigma': 31.601224237600363, 'noise_gpi_sigma': 32.37895173971563, 'g_stn_gpe_mult': 1.4879487329622645, 'g_gpe_stn_mult': 1.1694323446035404, 'g_stn_gpi_mult': 0.8397946684898464, 'g_gpe_gpi_mult': 0.7069346382983488}. Best is trial 35 with value: 1.6969728962836053.
[I 2026-05-28 22:53:01,956] Trial 115 finished with value: 18.510137094939246 and parameters: {'ISTN': 111.47436339880835, 'I_gpe': 2.1034855466042264, 'I_gpi': 3.835843212154785, 'noise_stn_sigma': 4.216268521083432, 'noise_gpe_sigma': 63.695454304364326, 'noise_gpi_sigma': 43.93907330047264, 'g_stn_gpe_mult': 1.1114362365306187, 'g_gpe_stn_mult': 0.9847461749508017, 'g_stn_gpi_mult': 1.1220684705843598, 'g_gpe_gpi_mult': 0.5417575371376904}. Best is trial 35 with value: 1.6969728962836053.
[I 2026-05-28 22:53:02,903] Trial 116 finished with value: 1000000.0 and parameters: {'ISTN': 146.42655604495354, 'I_gpe': 2.0684710567809237, 'I_gpi': 5.882225999542937, 'noise_stn_sigma': 4.88252876552973, 'noise_gpe_sigma': 34.86633666341966, 'noise_gpi_sigma': 62.07306805929188, 'g_stn_gpe_mult': 1.646746883545005, 'g_gpe_stn_mult': 0.9780395989566953, 'g_stn_gpi_mult': 0.9829691980004014, 'g_gpe_gpi_mult': 1.0383268509853192}. Best is trial 35 with value: 1.6969728962836053.
[I 2026-05-28 22:53:03,910] Trial 117 finished with value: 23.81656050179752 and parameters: {'ISTN': 112.2137998119401, 'I_gpe': 1.8876659033009902, 'I_gpi': 5.199357488075289, 'noise_stn_sigma': 4.189405681142645, 'noise_gpe_sigma': 40.33538974358717, 'noise_gpi_sigma': 43.72319198286363, 'g_stn_gpe_mult': 1.4576252800681886, 'g_gpe_stn_mult': 1.005111470960037, 'g_stn_gpi_mult': 1.56548321897721, 'g_gpe_gpi_mult': 0.716129375385889}. Best is trial 35 with value: 1.6969728962836053.
[I 2026-05-28 22:53:04,915] Trial 118 finished with value: 99.3958745899123 and parameters: {'ISTN': 154.9628889045925, 'I_gpe': 2.8569909793015533, 'I_gpi': 5.177141703996109, 'noise_stn_sigma': 4.476227745826002, 'noise_gpe_sigma': 43.28175784189248, 'noise_gpi_sigma': 30.9551987613484, 'g_stn_gpe_mult': 1.5116388972174133, 'g_gpe_stn_mult': 0.8269832612627368, 'g_stn_gpi_mult': 1.0096451236850488, 'g_gpe_gpi_mult': 0.7719026105192581}. Best is trial 35 with value: 1.6969728962836053.
[I 2026-05-28 22:53:05,921] Trial 119 finished with value: 106.93785158319676 and parameters: {'ISTN': 158.85661764382098, 'I_gpe': 1.296397548741031, 'I_gpi': 5.4054452516750775, 'noise_stn_sigma': 4.920952506002472, 'noise_gpe_sigma': 27.27971970462629, 'noise_gpi_sigma': 69.93374234991653, 'g_stn_gpe_mult': 1.591375924646286, 'g_gpe_stn_mult': 0.8994213360702437, 'g_stn_gpi_mult': 0.9302133112010936, 'g_gpe_gpi_mult': 0.6340541338911745}. Best is trial 35 with value: 1.6969728962836053.
[I 2026-05-28 22:53:06,928] Trial 120 finished with value: 8.047263050899787 and parameters: {'ISTN': 115.2654362176425, 'I_gpe': 2.5965342741438144, 'I_gpi': 6.865861139303639, 'noise_stn_sigma': 4.615443528130053, 'noise_gpe_sigma': 32.93391989455763, 'noise_gpi_sigma': 63.00406909227352, 'g_stn_gpe_mult': 1.8424936226958368, 'g_gpe_stn_mult': 0.9887872282324354, 'g_stn_gpi_mult': 1.2014075685223928, 'g_gpe_gpi_mult': 1.2468170400000327}. Best is trial 35 with value: 1.6969728962836053.
[I 2026-05-28 22:53:07,928] Trial 121 finished with value: 105.93068468235656 and parameters: {'ISTN': 93.17412995897612, 'I_gpe': 2.5845303552909344, 'I_gpi': 3.8009199583309283, 'noise_stn_sigma': 3.0908230717098237, 'noise_gpe_sigma': 48.682216703044425, 'noise_gpi_sigma': 45.22345480435655, 'g_stn_gpe_mult': 1.3429134902330893, 'g_gpe_stn_mult': 1.013224064743005, 'g_stn_gpi_mult': 1.235573782214293, 'g_gpe_gpi_mult': 0.6979779914623078}. Best is trial 35 with value: 1.6969728962836053.
[I 2026-05-28 22:53:08,931] Trial 122 finished with value: 5.743699687306899 and parameters: {'ISTN': 115.69512210552276, 'I_gpe': 1.8719814060490467, 'I_gpi': 3.595992583837002, 'noise_stn_sigma': 3.7057435857552283, 'noise_gpe_sigma': 24.335368095020463, 'noise_gpi_sigma': 34.11768409273592, 'g_stn_gpe_mult': 1.6474426881514235, 'g_gpe_stn_mult': 1.4352843752294653, 'g_stn_gpi_mult': 1.1069605757682934, 'g_gpe_gpi_mult': 0.9557294419668347}. Best is trial 35 with value: 1.6969728962836053.
[I 2026-05-28 22:53:09,938] Trial 123 finished with value: 17.727775121761923 and parameters: {'ISTN': 136.83479717288998, 'I_gpe': 1.530559346726173, 'I_gpi': 5.219502175228306, 'noise_stn_sigma': 3.980668845640334, 'noise_gpe_sigma': 51.956227295021904, 'noise_gpi_sigma': 58.68514044509804, 'g_stn_gpe_mult': 1.5483267346730505, 'g_gpe_stn_mult': 1.4845820225718227, 'g_stn_gpi_mult': 0.979819612365449, 'g_gpe_gpi_mult': 0.9700401646776102}. Best is trial 35 with value: 1.6969728962836053.
[I 2026-05-28 22:53:10,946] Trial 124 finished with value: 14.849442064164235 and parameters: {'ISTN': 100.02128773826351, 'I_gpe': 2.120703789373823, 'I_gpi': 3.714923365365375, 'noise_stn_sigma': 3.277835765256911, 'noise_gpe_sigma': 55.40878598586289, 'noise_gpi_sigma': 57.952827092870464, 'g_stn_gpe_mult': 1.554625040440275, 'g_gpe_stn_mult': 0.8418475630250365, 'g_stn_gpi_mult': 1.3280648480937127, 'g_gpe_gpi_mult': 0.8450233184350507}. Best is trial 35 with value: 1.6969728962836053.
[I 2026-05-28 22:53:11,951] Trial 125 finished with value: 34.414331603547055 and parameters: {'ISTN': 121.21575281448705, 'I_gpe': 1.7990793266110716, 'I_gpi': 2.1891640856063614, 'noise_stn_sigma': 4.054328214404197, 'noise_gpe_sigma': 45.77681022050629, 'noise_gpi_sigma': 37.10682309884906, 'g_stn_gpe_mult': 1.7011467489245788, 'g_gpe_stn_mult': 0.975340136963041, 'g_stn_gpi_mult': 1.0887212599625413, 'g_gpe_gpi_mult': 0.7716811798963912}. Best is trial 35 with value: 1.6969728962836053.
[I 2026-05-28 22:53:12,956] Trial 126 finished with value: 25.80106763458752 and parameters: {'ISTN': 115.80003732661982, 'I_gpe': 1.2799677712445718, 'I_gpi': 4.198448824918291, 'noise_stn_sigma': 4.123400384061265, 'noise_gpe_sigma': 38.55548535659122, 'noise_gpi_sigma': 37.7088883388519, 'g_stn_gpe_mult': 1.6435757294096827, 'g_gpe_stn_mult': 1.2155464844981676, 'g_stn_gpi_mult': 0.9205592994766556, 'g_gpe_gpi_mult': 0.9667150198515051}. Best is trial 35 with value: 1.6969728962836053.
[I 2026-05-28 22:53:13,960] Trial 127 finished with value: 22.931439833092924 and parameters: {'ISTN': 106.23416077615998, 'I_gpe': 2.1146952765498885, 'I_gpi': 4.570746422568157, 'noise_stn_sigma': 4.649566179429741, 'noise_gpe_sigma': 58.15127859418196, 'noise_gpi_sigma': 52.14967599476304, 'g_stn_gpe_mult': 1.6488018045782993, 'g_gpe_stn_mult': 0.8162961148796992, 'g_stn_gpi_mult': 1.3368230986756746, 'g_gpe_gpi_mult': 0.9450224538152623}. Best is trial 35 with value: 1.6969728962836053.
[I 2026-05-28 22:53:14,967] Trial 128 finished with value: 4.9510505928166415 and parameters: {'ISTN': 124.9965790340623, 'I_gpe': 2.2357370376767762, 'I_gpi': 4.203589286877529, 'noise_stn_sigma': 3.512776770048995, 'noise_gpe_sigma': 61.01279104610582, 'noise_gpi_sigma': 56.31498404561862, 'g_stn_gpe_mult': 1.9434708056839034, 'g_gpe_stn_mult': 1.1603576385730645, 'g_stn_gpi_mult': 0.6108137992092089, 'g_gpe_gpi_mult': 1.128489872109157}. Best is trial 35 with value: 1.6969728962836053.
[I 2026-05-28 22:53:15,966] Trial 129 finished with value: 106.7682891763767 and parameters: {'ISTN': 130.23113757887717, 'I_gpe': 2.325299290288108, 'I_gpi': 4.15735365540795, 'noise_stn_sigma': 4.47852736462617, 'noise_gpe_sigma': 46.86288841063942, 'noise_gpi_sigma': 49.55820911704389, 'g_stn_gpe_mult': 1.531001418343516, 'g_gpe_stn_mult': 1.441805473875803, 'g_stn_gpi_mult': 1.00900699995749, 'g_gpe_gpi_mult': 0.589090270467137}. Best is trial 35 with value: 1.6969728962836053.
[I 2026-05-28 22:53:16,973] Trial 130 finished with value: 2.948191174369051 and parameters: {'ISTN': 149.09428759289477, 'I_gpe': 3.8863191564825437, 'I_gpi': 4.236303462022391, 'noise_stn_sigma': 4.671913837018228, 'noise_gpe_sigma': 27.11424398882777, 'noise_gpi_sigma': 55.684567700557146, 'g_stn_gpe_mult': 1.543990672001435, 'g_gpe_stn_mult': 0.8862028474437964, 'g_stn_gpi_mult': 1.249151628334628, 'g_gpe_gpi_mult': 0.9744842452904501}. Best is trial 35 with value: 1.6969728962836053.
[I 2026-05-28 22:53:17,979] Trial 131 finished with value: 9.427110279181083 and parameters: {'ISTN': 134.20080755110743, 'I_gpe': 1.9332718353323812, 'I_gpi': 3.6444027924454634, 'noise_stn_sigma': 4.127592273920343, 'noise_gpe_sigma': 57.03698789523868, 'noise_gpi_sigma': 42.45896255371852, 'g_stn_gpe_mult': 1.6051168473594286, 'g_gpe_stn_mult': 1.3311185816208009, 'g_stn_gpi_mult': 0.9634588378167798, 'g_gpe_gpi_mult': 0.7458528607954564}. Best is trial 35 with value: 1.6969728962836053.
