[I 2026-05-28 22:55:31,458] Trial 264 finished with value: 7.946065696251842 and parameters: {'ISTN': 100.10118797344508, 'I_gpe': 2.9932347190299193, 'I_gpi': 1.091100494095276, 'noise_stn_sigma': 2.736663498337385, 'noise_gpe_sigma': 58.448387719126174, 'noise_gpi_sigma': 54.516423744551446, 'g_stn_gpe_mult': 1.826581853874555, 'g_gpe_stn_mult': 0.7238118853802117, 'g_stn_gpi_mult': 1.457682104789564, 'g_gpe_gpi_mult': 0.9929831345485989}. Best is trial 198 with value: 0.17123825394474032.
[I 2026-05-28 22:55:32,405] Trial 265 finished with value: 1000000.0 and parameters: {'ISTN': 117.51859451020186, 'I_gpe': 3.787640301631977, 'I_gpi': 2.3093486144702813, 'noise_stn_sigma': 2.7559557644959067, 'noise_gpe_sigma': 32.96212905661787, 'noise_gpi_sigma': 69.73893912154841, 'g_stn_gpe_mult': 1.7451689857597719, 'g_gpe_stn_mult': 0.9732668783861231, 'g_stn_gpi_mult': 1.4140417459981993, 'g_gpe_gpi_mult': 0.7649471818651943}. Best is trial 198 with value: 0.17123825394474032.
[I 2026-05-28 22:55:33,408] Trial 266 finished with value: 105.38081325385795 and parameters: {'ISTN': 117.34027076252005, 'I_gpe': 3.450011295361385, 'I_gpi': 1.2345288497158662, 'noise_stn_sigma': 3.042188613379566, 'noise_gpe_sigma': 71.3994784934962, 'noise_gpi_sigma': 63.04807687873961, 'g_stn_gpe_mult': 1.598772792816143, 'g_gpe_stn_mult': 0.943610433044109, 'g_stn_gpi_mult': 1.6753809665480137, 'g_gpe_gpi_mult': 0.9106242539732257}. Best is trial 198 with value: 0.17123825394474032.
[I 2026-05-28 22:55:34,412] Trial 267 finished with value: 3.82360841741771 and parameters: {'ISTN': 94.17306850984676, 'I_gpe': 2.9592485623028058, 'I_gpi': 1.6883514918618405, 'noise_stn_sigma': 3.0660786379158083, 'noise_gpe_sigma': 47.7631356340579, 'noise_gpi_sigma': 66.84564044215188, 'g_stn_gpe_mult': 1.8023333180352579, 'g_gpe_stn_mult': 0.8662295621613615, 'g_stn_gpi_mult': 1.9574352002294084, 'g_gpe_gpi_mult': 0.8994170949263668}. Best is trial 198 with value: 0.17123825394474032.
[I 2026-05-28 22:55:35,416] Trial 268 finished with value: 3.7454302733330938 and parameters: {'ISTN': 99.51977308194347, 'I_gpe': 2.9406422909874146, 'I_gpi': 1.5400836720870246, 'noise_stn_sigma': 2.978658273642348, 'noise_gpe_sigma': 49.30641589288269, 'noise_gpi_sigma': 62.073826844133414, 'g_stn_gpe_mult': 1.6526343526891547, 'g_gpe_stn_mult': 0.9025946957704925, 'g_stn_gpi_mult': 1.7199118267248055, 'g_gpe_gpi_mult': 0.878291479339925}. Best is trial 198 with value: 0.17123825394474032.
[I 2026-05-28 22:55:36,424] Trial 269 finished with value: 17.968211470755556 and parameters: {'ISTN': 126.68165917265773, 'I_gpe': 2.1857435142929216, 'I_gpi': 1.2074068312635924, 'noise_stn_sigma': 3.3290537336402277, 'noise_gpe_sigma': 46.095769414659856, 'noise_gpi_sigma': 60.7514750575917, 'g_stn_gpe_mult': 1.6301594014526386, 'g_gpe_stn_mult': 1.0904745197299441, 'g_stn_gpi_mult': 1.7191487966179197, 'g_gpe_gpi_mult': 0.5090134089007157}. Best is trial 198 with value: 0.17123825394474032.
[I 2026-05-28 22:55:37,429] Trial 270 finished with value: 1.861959845669452 and parameters: {'ISTN': 104.93049961967616, 'I_gpe': 2.602194490989036, 'I_gpi': 2.396469691351734, 'noise_stn_sigma': 2.9424163525263425, 'noise_gpe_sigma': 49.627891237942286, 'noise_gpi_sigma': 62.05051543838992, 'g_stn_gpe_mult': 1.8324575968400978, 'g_gpe_stn_mult': 0.9102803859403221, 'g_stn_gpi_mult': 1.5986967011619646, 'g_gpe_gpi_mult': 0.7618251962690238}. Best is trial 198 with value: 0.17123825394474032.
[I 2026-05-28 22:55:38,434] Trial 271 finished with value: 2.625678928203265 and parameters: {'ISTN': 120.08513576725616, 'I_gpe': 3.0284196779448775, 'I_gpi': 2.407082298668866, 'noise_stn_sigma': 3.1527823118518836, 'noise_gpe_sigma': 28.274637862890074, 'noise_gpi_sigma': 69.96986539048322, 'g_stn_gpe_mult': 1.766975638707002, 'g_gpe_stn_mult': 0.967571425913291, 'g_stn_gpi_mult': 1.6402613943984095, 'g_gpe_gpi_mult': 0.7613803173193399}. Best is trial 198 with value: 0.17123825394474032.
[I 2026-05-28 22:55:39,439] Trial 272 finished with value: 9.036502384997824 and parameters: {'ISTN': 111.8588489350652, 'I_gpe': 2.22148948755795, 'I_gpi': 2.1207799513746846, 'noise_stn_sigma': 3.1207465186104018, 'noise_gpe_sigma': 49.91693559457404, 'noise_gpi_sigma': 84.27046439810707, 'g_stn_gpe_mult': 1.8072273586929954, 'g_gpe_stn_mult': 0.9975177122779169, 'g_stn_gpi_mult': 1.718454625103638, 'g_gpe_gpi_mult': 0.6866024104491655}. Best is trial 198 with value: 0.17123825394474032.
[I 2026-05-28 22:55:40,448] Trial 273 finished with value: 3.7018531846731184 and parameters: {'ISTN': 89.66528172903344, 'I_gpe': 3.1959815120914694, 'I_gpi': 2.2929221478264115, 'noise_stn_sigma': 3.491363174568363, 'noise_gpe_sigma': 32.98864112116355, 'noise_gpi_sigma': 70.73017517295511, 'g_stn_gpe_mult': 1.950734114045237, 'g_gpe_stn_mult': 0.6514789443595086, 'g_stn_gpi_mult': 1.773889195991658, 'g_gpe_gpi_mult': 0.6831984365488323}. Best is trial 198 with value: 0.17123825394474032.
[I 2026-05-28 22:55:41,454] Trial 274 finished with value: 7.873594252006546 and parameters: {'ISTN': 116.80111031943596, 'I_gpe': 2.3566701054839108, 'I_gpi': 2.3190835804781287, 'noise_stn_sigma': 2.2780426073229174, 'noise_gpe_sigma': 20.94202059720305, 'noise_gpi_sigma': 68.30821700564644, 'g_stn_gpe_mult': 1.6901734233754744, 'g_gpe_stn_mult': 0.9796993013473889, 'g_stn_gpi_mult': 1.7346506165818545, 'g_gpe_gpi_mult': 0.7249850661468178}. Best is trial 198 with value: 0.17123825394474032.
[I 2026-05-28 22:55:42,454] Trial 275 finished with value: 4.798162650265382 and parameters: {'ISTN': 95.14188249982763, 'I_gpe': 3.161522372427852, 'I_gpi': 2.8983624641539247, 'noise_stn_sigma': 2.751886662034787, 'noise_gpe_sigma': 30.15811437388978, 'noise_gpi_sigma': 49.72940706844458, 'g_stn_gpe_mult': 1.8544443099937462, 'g_gpe_stn_mult': 0.8201145400971972, 'g_stn_gpi_mult': 1.8782348910062852, 'g_gpe_gpi_mult': 0.9311037601390023}. Best is trial 198 with value: 0.17123825394474032.
[I 2026-05-28 22:55:43,462] Trial 276 finished with value: 16.36042590194944 and parameters: {'ISTN': 97.27856650439954, 'I_gpe': 1.9667446106734514, 'I_gpi': 1.6159345701683003, 'noise_stn_sigma': 2.6582567781090187, 'noise_gpe_sigma': 42.37118745252533, 'noise_gpi_sigma': 71.11005583709311, 'g_stn_gpe_mult': 1.57962957442984, 'g_gpe_stn_mult': 0.7739281170451267, 'g_stn_gpi_mult': 1.8506465631807334, 'g_gpe_gpi_mult': 1.01099017020152}. Best is trial 198 with value: 0.17123825394474032.
[I 2026-05-28 22:55:44,466] Trial 277 finished with value: 5.86630479400307 and parameters: {'ISTN': 112.41002192809138, 'I_gpe': 2.642326243197705, 'I_gpi': 3.072810207428253, 'noise_stn_sigma': 3.6526993269261108, 'noise_gpe_sigma': 40.264703972686874, 'noise_gpi_sigma': 75.65999322474724, 'g_stn_gpe_mult': 1.9114438231929447, 'g_gpe_stn_mult': 0.8999059232522361, 'g_stn_gpi_mult': 1.805197223439485, 'g_gpe_gpi_mult': 0.8835665695597212}. Best is trial 198 with value: 0.17123825394474032.
[I 2026-05-28 22:55:45,469] Trial 278 finished with value: 2.232958830651205 and parameters: {'ISTN': 90.41605244276957, 'I_gpe': 2.4315235414409844, 'I_gpi': 1.6942277664197793, 'noise_stn_sigma': 3.0405116241347114, 'noise_gpe_sigma': 41.85707471665078, 'noise_gpi_sigma': 69.91496870689767, 'g_stn_gpe_mult': 1.8540564341799755, 'g_gpe_stn_mult': 0.9255402562658477, 'g_stn_gpi_mult': 1.74387891706351, 'g_gpe_gpi_mult': 1.0534469665128374}. Best is trial 198 with value: 0.17123825394474032.
[I 2026-05-28 22:55:46,471] Trial 279 finished with value: 105.35973960487583 and parameters: {'ISTN': 90.36956286094218, 'I_gpe': 3.067703142373841, 'I_gpi': 2.2815861194564975, 'noise_stn_sigma': 2.6549348477723607, 'noise_gpe_sigma': 46.35997091861071, 'noise_gpi_sigma': 62.3603731010563, 'g_stn_gpe_mult': 1.9652617853917183, 'g_gpe_stn_mult': 0.9633486806117822, 'g_stn_gpi_mult': 1.5868007751147832, 'g_gpe_gpi_mult': 0.7986538392958461}. Best is trial 198 with value: 0.17123825394474032.
[I 2026-05-28 22:55:47,472] Trial 280 finished with value: 105.30468526015864 and parameters: {'ISTN': 95.65746783142036, 'I_gpe': 2.581399048725676, 'I_gpi': 2.7878933374566754, 'noise_stn_sigma': 3.351358053447318, 'noise_gpe_sigma': 41.91499647804925, 'noise_gpi_sigma': 76.37212475959502, 'g_stn_gpe_mult': 1.8202120962167858, 'g_gpe_stn_mult': 1.065733200535263, 'g_stn_gpi_mult': 1.7026817169305477, 'g_gpe_gpi_mult': 0.7855234668692959}. Best is trial 198 with value: 0.17123825394474032.
[I 2026-05-28 22:55:48,482] Trial 281 finished with value: 0.4947664299746924 and parameters: {'ISTN': 105.39131830984823, 'I_gpe': 2.537322809119397, 'I_gpi': 1.9285734286959235, 'noise_stn_sigma': 3.4700800024727383, 'noise_gpe_sigma': 40.27517972252504, 'noise_gpi_sigma': 62.3104025262206, 'g_stn_gpe_mult': 1.7083599071416957, 'g_gpe_stn_mult': 0.9464820234264366, 'g_stn_gpi_mult': 1.8967827298367803, 'g_gpe_gpi_mult': 0.968301247581073}. Best is trial 198 with value: 0.17123825394474032.
[I 2026-05-28 22:55:49,488] Trial 282 finished with value: 7.581571614112055 and parameters: {'ISTN': 97.40882981900756, 'I_gpe': 2.125541251170712, 'I_gpi': 2.382486307073541, 'noise_stn_sigma': 3.0385708120777895, 'noise_gpe_sigma': 36.463080852985584, 'noise_gpi_sigma': 64.40285159049637, 'g_stn_gpe_mult': 1.925993084524179, 'g_gpe_stn_mult': 0.8864656351852328, 'g_stn_gpi_mult': 1.8804236100856024, 'g_gpe_gpi_mult': 0.9092894336038957}. Best is trial 198 with value: 0.17123825394474032.
[I 2026-05-28 22:55:50,496] Trial 283 finished with value: 0.8703373002616116 and parameters: {'ISTN': 118.66733749087055, 'I_gpe': 2.899337074227049, 'I_gpi': 2.492194995514348, 'noise_stn_sigma': 3.4616146405020616, 'noise_gpe_sigma': 35.42417410948128, 'noise_gpi_sigma': 71.9726545881314, 'g_stn_gpe_mult': 1.630091655663804, 'g_gpe_stn_mult': 0.9346007587401158, 'g_stn_gpi_mult': 1.8808228910370122, 'g_gpe_gpi_mult': 0.944453563828937}. Best is trial 198 with value: 0.17123825394474032.
[I 2026-05-28 22:55:51,443] Trial 284 finished with value: 1000000.0 and parameters: {'ISTN': 97.78009803005482, 'I_gpe': 3.235599670887771, 'I_gpi': 1.644337923621905, 'noise_stn_sigma': 3.1869312032371266, 'noise_gpe_sigma': 38.04503136114195, 'noise_gpi_sigma': 74.08274385856295, 'g_stn_gpe_mult': 1.6235756382006743, 'g_gpe_stn_mult': 0.9919411681800718, 'g_stn_gpi_mult': 1.8561811283611647, 'g_gpe_gpi_mult': 0.7510668691780331}. Best is trial 198 with value: 0.17123825394474032.
[I 2026-05-28 22:55:52,447] Trial 285 finished with value: 4.414471797250499 and parameters: {'ISTN': 112.68572149571364, 'I_gpe': 2.754305385533547, 'I_gpi': 1.7065346148243683, 'noise_stn_sigma': 3.5140978051991483, 'noise_gpe_sigma': 30.948309770824686, 'noise_gpi_sigma': 64.19414997207366, 'g_stn_gpe_mult': 1.8818789066876098, 'g_gpe_stn_mult': 1.0219273940774256, 'g_stn_gpi_mult': 1.613409410669787, 'g_gpe_gpi_mult': 0.7842936196997138}. Best is trial 198 with value: 0.17123825394474032.
[I 2026-05-28 22:55:53,448] Trial 286 finished with value: 105.62687640816031 and parameters: {'ISTN': 101.96940816914768, 'I_gpe': 4.1573100715201345, 'I_gpi': 1.603417307665338, 'noise_stn_sigma': 2.9761969142394116, 'noise_gpe_sigma': 37.61847282389812, 'noise_gpi_sigma': 72.67712664810063, 'g_stn_gpe_mult': 1.680813062174345, 'g_gpe_stn_mult': 0.8574239364754095, 'g_stn_gpi_mult': 1.6630213638203246, 'g_gpe_gpi_mult': 0.9932865799388826}. Best is trial 198 with value: 0.17123825394474032.
[I 2026-05-28 22:55:54,450] Trial 287 finished with value: 3.2846305426703712 and parameters: {'ISTN': 93.17188393879101, 'I_gpe': 2.912564363357887, 'I_gpi': 2.712050117997684, 'noise_stn_sigma': 3.6460261458608065, 'noise_gpe_sigma': 36.10734524508205, 'noise_gpi_sigma': 63.88243230889382, 'g_stn_gpe_mult': 1.9636175907393587, 'g_gpe_stn_mult': 0.8532306086120147, 'g_stn_gpi_mult': 1.5660543343715236, 'g_gpe_gpi_mult': 1.070059848743914}. Best is trial 198 with value: 0.17123825394474032.
[I 2026-05-28 22:55:55,454] Trial 288 finished with value: 1.770304742042215 and parameters: {'ISTN': 107.51880274383898, 'I_gpe': 2.5548667236224816, 'I_gpi': 2.5237554269545264, 'noise_stn_sigma': 3.8982234115511853, 'noise_gpe_sigma': 23.171123985112054, 'noise_gpi_sigma': 66.24856668136637, 'g_stn_gpe_mult': 1.988355849165688, 'g_gpe_stn_mult': 0.9922710773920691, 'g_stn_gpi_mult': 1.8848410116402785, 'g_gpe_gpi_mult': 1.0233435133789186}. Best is trial 198 with value: 0.17123825394474032.
[I 2026-05-28 22:55:56,456] Trial 289 finished with value: 106.20523323883384 and parameters: {'ISTN': 109.32653247748894, 'I_gpe': 2.9017750529184703, 'I_gpi': 3.7846488465000827, 'noise_stn_sigma': 2.8492674658020225, 'noise_gpe_sigma': 18.36302882896149, 'noise_gpi_sigma': 78.36097661143421, 'g_stn_gpe_mult': 1.7102292159446117, 'g_gpe_stn_mult': 1.11842743759215, 'g_stn_gpi_mult': 1.535944489665812, 'g_gpe_gpi_mult': 0.8670605109291203}. Best is trial 198 with value: 0.17123825394474032.
[I 2026-05-28 22:55:57,458] Trial 290 finished with value: 105.54752835618835 and parameters: {'ISTN': 101.33083538715333, 'I_gpe': 3.5251921228228804, 'I_gpi': 1.6341761801960737, 'noise_stn_sigma': 2.431293672468892, 'noise_gpe_sigma': 32.92557422660174, 'noise_gpi_sigma': 68.5710380656487, 'g_stn_gpe_mult': 1.6241317358318828, 'g_gpe_stn_mult': 0.9198198443221091, 'g_stn_gpi_mult': 1.7572975941600366, 'g_gpe_gpi_mult': 1.0109347079765367}. Best is trial 198 with value: 0.17123825394474032.
[I 2026-05-28 22:55:58,466] Trial 291 finished with value: 4.903352341384883 and parameters: {'ISTN': 89.80295749793915, 'I_gpe': 2.2714656994792355, 'I_gpi': 3.2386218451777484, 'noise_stn_sigma': 3.776902907429376, 'noise_gpe_sigma': 23.120859407715734, 'noise_gpi_sigma': 62.95699994875988, 'g_stn_gpe_mult': 1.8282416556730143, 'g_gpe_stn_mult': 0.8263786708220111, 'g_stn_gpi_mult': 1.8683787708226738, 'g_gpe_gpi_mult': 1.0342753828504714}. Best is trial 198 with value: 0.17123825394474032.
[I 2026-05-28 22:55:59,473] Trial 292 finished with value: 43.01523954434803 and parameters: {'ISTN': 123.04250114540926, 'I_gpe': 2.4196433273007263, 'I_gpi': 3.671774076886653, 'noise_stn_sigma': 4.298584040382204, 'noise_gpe_sigma': 30.206938607805093, 'noise_gpi_sigma': 65.27895314719008, 'g_stn_gpe_mult': 1.7746881882608379, 'g_gpe_stn_mult': 0.7752466902860736, 'g_stn_gpi_mult': 1.9401272607627134, 'g_gpe_gpi_mult': 1.1100461556012353}. Best is trial 198 with value: 0.17123825394474032.
[I 2026-05-28 22:56:00,476] Trial 293 finished with value: 1.6047920350187106 and parameters: {'ISTN': 89.81958203262623, 'I_gpe': 2.287446078794147, 'I_gpi': 1.9619385426658664, 'noise_stn_sigma': 4.187239757754419, 'noise_gpe_sigma': 34.96916651008688, 'noise_gpi_sigma': 67.49629859324035, 'g_stn_gpe_mult': 1.7330549655609797, 'g_gpe_stn_mult': 0.9554199739012554, 'g_stn_gpi_mult': 1.773297004746375, 'g_gpe_gpi_mult': 0.7933250236871097}. Best is trial 198 with value: 0.17123825394474032.
[I 2026-05-28 22:56:01,477] Trial 294 finished with value: 3.8911337158924617 and parameters: {'ISTN': 110.98528749569175, 'I_gpe': 3.7531991520899437, 'I_gpi': 1.8480645936875233, 'noise_stn_sigma': 3.0886461301248103, 'noise_gpe_sigma': 37.93826999520218, 'noise_gpi_sigma': 77.90444283112365, 'g_stn_gpe_mult': 1.9046991996326248, 'g_gpe_stn_mult': 0.7768338492996592, 'g_stn_gpi_mult': 1.8945285708781259, 'g_gpe_gpi_mult': 0.9530633890222454}. Best is trial 198 with value: 0.17123825394474032.
[I 2026-05-28 22:56:02,481] Trial 295 finished with value: 1.002644176628897 and parameters: {'ISTN': 120.476579266526, 'I_gpe': 2.657462026204926, 'I_gpi': 3.431295129600506, 'noise_stn_sigma': 3.9833915545889482, 'noise_gpe_sigma': 42.14680246472709, 'noise_gpi_sigma': 68.42802934977617, 'g_stn_gpe_mult': 1.6771167660400708, 'g_gpe_stn_mult': 1.0330027949640495, 'g_stn_gpi_mult': 1.9298427984494955, 'g_gpe_gpi_mult': 1.1320144568070416}. Best is trial 198 with value: 0.17123825394474032.
[I 2026-05-28 22:56:03,488] Trial 296 finished with value: 5.016447462585103 and parameters: {'ISTN': 96.50807571803017, 'I_gpe': 2.2440093341949403, 'I_gpi': 2.302218415880879, 'noise_stn_sigma': 3.48699566272546, 'noise_gpe_sigma': 42.46720208449049, 'noise_gpi_sigma': 56.54124548379837, 'g_stn_gpe_mult': 1.6823633302182215, 'g_gpe_stn_mult': 0.8913419926283508, 'g_stn_gpi_mult': 1.611973317661017, 'g_gpe_gpi_mult': 0.865795817605245}. Best is trial 198 with value: 0.17123825394474032.
[I 2026-05-28 22:56:04,494] Trial 297 finished with value: 1.5617863047921408 and parameters: {'ISTN': 110.62717745679115, 'I_gpe': 2.7996959556786725, 'I_gpi': 2.0358015178665245, 'noise_stn_sigma': 3.1291214164799155, 'noise_gpe_sigma': 34.34605029881201, 'noise_gpi_sigma': 75.92171004029389, 'g_stn_gpe_mult': 1.5969853230349347, 'g_gpe_stn_mult': 0.883769383889703, 'g_stn_gpi_mult': 1.9731174024594642, 'g_gpe_gpi_mult': 0.9046468061566442}. Best is trial 198 with value: 0.17123825394474032.
[I 2026-05-28 22:56:05,499] Trial 298 finished with value: 1.063146937455568 and parameters: {'ISTN': 118.9143089146321, 'I_gpe': 2.6714033317585164, 'I_gpi': 1.3574312897607757, 'noise_stn_sigma': 3.6397625503561284, 'noise_gpe_sigma': 38.636881408942216, 'noise_gpi_sigma': 63.598034572521996, 'g_stn_gpe_mult': 1.8358402041073465, 'g_gpe_stn_mult': 0.9892638807076963, 'g_stn_gpi_mult': 1.863138946077603, 'g_gpe_gpi_mult': 0.9095925434932841}. Best is trial 198 with value: 0.17123825394474032.
[I 2026-05-28 22:56:06,502] Trial 299 finished with value: 0.39017943267656324 and parameters: {'ISTN': 92.1821181155424, 'I_gpe': 3.0156971170434965, 'I_gpi': 1.6727893283110813, 'noise_stn_sigma': 3.755901693485123, 'noise_gpe_sigma': 39.07061817295643, 'noise_gpi_sigma': 55.7640481203246, 'g_stn_gpe_mult': 1.8029194434935087, 'g_gpe_stn_mult': 0.7495972788728489, 'g_stn_gpi_mult': 1.8065831555507899, 'g_gpe_gpi_mult': 1.0201258649424174}. Best is trial 198 with value: 0.17123825394474032.
[I 2026-05-28 22:56:07,504] Trial 300 finished with value: 105.53094260692566 and parameters: {'ISTN': 103.10129174906382, 'I_gpe': 2.7086189429705874, 'I_gpi': 1.4140342147315852, 'noise_stn_sigma': 3.3842418270506758, 'noise_gpe_sigma': 43.02746456019878, 'noise_gpi_sigma': 61.44053179584126, 'g_stn_gpe_mult': 1.8302399117873993, 'g_gpe_stn_mult': 1.0071551292937877, 'g_stn_gpi_mult': 1.898081441961112, 'g_gpe_gpi_mult': 0.7881040959937965}. Best is trial 198 with value: 0.17123825394474032.
[I 2026-05-28 22:56:08,505] Trial 301 finished with value: 4.547094053143844 and parameters: {'ISTN': 99.92940776918734, 'I_gpe': 2.5173039665114314, 'I_gpi': 2.615158491299776, 'noise_stn_sigma': 3.9685480283056487, 'noise_gpe_sigma': 42.48084393434321, 'noise_gpi_sigma': 67.09188505535045, 'g_stn_gpe_mult': 1.672006116049732, 'g_gpe_stn_mult': 1.0383735370402043, 'g_stn_gpi_mult': 1.9345654229702385, 'g_gpe_gpi_mult': 1.1410887554382827}. Best is trial 198 with value: 0.17123825394474032.
[I 2026-05-28 22:56:09,510] Trial 302 finished with value: 0.8296856927116038 and parameters: {'ISTN': 101.8245476133616, 'I_gpe': 2.7773115380080844, 'I_gpi': 2.564136758415234, 'noise_stn_sigma': 4.684806462995929, 'noise_gpe_sigma': 41.62958420062584, 'noise_gpi_sigma': 61.067982828343325, 'g_stn_gpe_mult': 1.5575954174136475, 'g_gpe_stn_mult': 0.8586286610316884, 'g_stn_gpi_mult': 1.956554234499055, 'g_gpe_gpi_mult': 1.1528290588345746}. Best is trial 198 with value: 0.17123825394474032.
[I 2026-05-28 22:56:10,519] Trial 303 finished with value: 5.25098188627393 and parameters: {'ISTN': 101.31673478360123, 'I_gpe': 2.6420850655655155, 'I_gpi': 1.2694018410887637, 'noise_stn_sigma': 3.1157686417879242, 'noise_gpe_sigma': 38.99346794252419, 'noise_gpi_sigma': 61.3224097613076, 'g_stn_gpe_mult': 1.8304352030935669, 'g_gpe_stn_mult': 0.8161354631894587, 'g_stn_gpi_mult': 1.8331528271679036, 'g_gpe_gpi_mult': 0.793632586186835}. Best is trial 198 with value: 0.17123825394474032.
[I 2026-05-28 22:56:11,528] Trial 304 finished with value: 8.00186035321431 and parameters: {'ISTN': 100.76428641287933, 'I_gpe': 3.1075400630674657, 'I_gpi': 2.300194280357661, 'noise_stn_sigma': 3.9723856396356516, 'noise_gpe_sigma': 42.77450321705989, 'noise_gpi_sigma': 61.34951814812489, 'g_stn_gpe_mult': 1.7590614275789398, 'g_gpe_stn_mult': 0.7148921115821336, 'g_stn_gpi_mult': 1.8766274484130105, 'g_gpe_gpi_mult': 0.98555665161815}. Best is trial 198 with value: 0.17123825394474032.
[I 2026-05-28 22:56:12,535] Trial 305 finished with value: 0.7810524414533925 and parameters: {'ISTN': 91.49368723673018, 'I_gpe': 3.172206862357616, 'I_gpi': 2.8026057638921102, 'noise_stn_sigma': 3.820492211957553, 'noise_gpe_sigma': 47.18884541461758, 'noise_gpi_sigma': 69.13288016844984, 'g_stn_gpe_mult': 1.7217341907319907, 'g_gpe_stn_mult': 0.7553491892098161, 'g_stn_gpi_mult': 1.9371838937594532, 'g_gpe_gpi_mult': 1.1808518717389882}. Best is trial 198 with value: 0.17123825394474032.
[I 2026-05-28 22:56:13,537] Trial 306 finished with value: 105.29278101488644 and parameters: {'ISTN': 117.35156839721714, 'I_gpe': 3.1616042867013077, 'I_gpi': 1.743335716328758, 'noise_stn_sigma': 3.7940383490552447, 'noise_gpe_sigma': 43.3643467949354, 'noise_gpi_sigma': 62.02755577869561, 'g_stn_gpe_mult': 1.9153337551314722, 'g_gpe_stn_mult': 1.0021875214504163, 'g_stn_gpi_mult': 1.6836537020988414, 'g_gpe_gpi_mult': 1.088089310332686}. Best is trial 198 with value: 0.17123825394474032.
[I 2026-05-28 22:56:14,544] Trial 307 finished with value: 23.861334966703417 and parameters: {'ISTN': 120.26213873413458, 'I_gpe': 2.7022087234068124, 'I_gpi': 2.472285377619417, 'noise_stn_sigma': 3.184610492061992, 'noise_gpe_sigma': 37.72388970631122, 'noise_gpi_sigma': 57.66950872170387, 'g_stn_gpe_mult': 1.572643625852452, 'g_gpe_stn_mult': 0.8558572118614644, 'g_stn_gpi_mult': 1.8400531113636627, 'g_gpe_gpi_mult': 0.8463221417888315}. Best is trial 198 with value: 0.17123825394474032.
