[I 2026-05-28 22:28:23,666] Trial 176 finished with value: 1000000.0 and parameters: {'ISTN': 90.02074363462692, 'I_gpe': 1.4763808647651424, 'I_gpi': 1.4621960699598961, 'noise_stn_sigma': 2.8750927325247218, 'noise_gpe_sigma': 51.08721980426645, 'noise_gpi_sigma': 63.30182202969272, 'g_stn_gpe_mult': 1.556471155315466, 'g_gpe_stn_mult': 1.0040210457211085, 'g_stn_gpi_mult': 1.2274899676051747, 'g_gpe_gpi_mult': 1.2338844336639965}. Best is trial 174 with value: 0.4176381792428698.
[I 2026-05-28 22:28:24,673] Trial 177 finished with value: 10.685628900789194 and parameters: {'ISTN': 105.14053208066687, 'I_gpe': 2.2015895995438757, 'I_gpi': 1.6562950431468813, 'noise_stn_sigma': 2.0296236575420057, 'noise_gpe_sigma': 49.20003572342097, 'noise_gpi_sigma': 65.24434428403212, 'g_stn_gpe_mult': 1.6390277681521654, 'g_gpe_stn_mult': 0.9140442279667007, 'g_stn_gpi_mult': 1.2677771255918218, 'g_gpe_gpi_mult': 1.8277299428857274}. Best is trial 174 with value: 0.4176381792428698.
[I 2026-05-28 22:28:25,681] Trial 178 finished with value: 4.576631544948065 and parameters: {'ISTN': 83.94820357842967, 'I_gpe': 1.3689316378194922, 'I_gpi': 3.4034969566698376, 'noise_stn_sigma': 2.472143202319811, 'noise_gpe_sigma': 70.09001020769998, 'noise_gpi_sigma': 66.6830370778498, 'g_stn_gpe_mult': 1.7082514831682523, 'g_gpe_stn_mult': 1.0866923961316988, 'g_stn_gpi_mult': 1.302574525825284, 'g_gpe_gpi_mult': 1.6740716284771773}. Best is trial 174 with value: 0.4176381792428698.
[I 2026-05-28 22:28:26,686] Trial 179 finished with value: 2.489957798720424 and parameters: {'ISTN': 95.88706034702426, 'I_gpe': 1.9787995755633974, 'I_gpi': 1.3239032997662274, 'noise_stn_sigma': 2.8191187172540566, 'noise_gpe_sigma': 62.95794692013908, 'noise_gpi_sigma': 67.89914454853687, 'g_stn_gpe_mult': 1.417700763192825, 'g_gpe_stn_mult': 1.1511757122967898, 'g_stn_gpi_mult': 1.076467319267959, 'g_gpe_gpi_mult': 1.8258518872991882}. Best is trial 174 with value: 0.4176381792428698.
[I 2026-05-28 22:28:27,689] Trial 180 finished with value: 105.40007636181275 and parameters: {'ISTN': 81.23800382008773, 'I_gpe': 1.8948742161838354, 'I_gpi': 2.4121922679997017, 'noise_stn_sigma': 2.65399784544702, 'noise_gpe_sigma': 67.2242198532796, 'noise_gpi_sigma': 42.74669387422748, 'g_stn_gpe_mult': 1.5544255057106975, 'g_gpe_stn_mult': 1.1835237514772754, 'g_stn_gpi_mult': 1.361111818878025, 'g_gpe_gpi_mult': 1.7036703811494927}. Best is trial 174 with value: 0.4176381792428698.
[I 2026-05-28 22:28:28,694] Trial 181 finished with value: 105.37247392734832 and parameters: {'ISTN': 105.93921186419072, 'I_gpe': 3.1164386846074335, 'I_gpi': 2.248841728821597, 'noise_stn_sigma': 2.1487105122264705, 'noise_gpe_sigma': 44.52955105634724, 'noise_gpi_sigma': 49.5478192789691, 'g_stn_gpe_mult': 1.2507267669929587, 'g_gpe_stn_mult': 1.1946112774645996, 'g_stn_gpi_mult': 1.1179950316040883, 'g_gpe_gpi_mult': 1.6028962410959875}. Best is trial 174 with value: 0.4176381792428698.
[I 2026-05-28 22:28:29,702] Trial 182 finished with value: 0.8624825772743672 and parameters: {'ISTN': 100.20012962977256, 'I_gpe': 2.2771508636600752, 'I_gpi': 2.7387768745592806, 'noise_stn_sigma': 2.8604322535522, 'noise_gpe_sigma': 78.36565669638306, 'noise_gpi_sigma': 67.26786387919911, 'g_stn_gpe_mult': 1.0826963756450392, 'g_gpe_stn_mult': 1.0618486459355203, 'g_stn_gpi_mult': 1.3441357314965936, 'g_gpe_gpi_mult': 1.7844699270750897}. Best is trial 174 with value: 0.4176381792428698.
[I 2026-05-28 22:28:30,713] Trial 183 finished with value: 0.7393141806266157 and parameters: {'ISTN': 122.49368581516063, 'I_gpe': 2.4433157890724546, 'I_gpi': 1.4714315609765056, 'noise_stn_sigma': 1.3256397810150626, 'noise_gpe_sigma': 57.20131586255566, 'noise_gpi_sigma': 53.27687830117006, 'g_stn_gpe_mult': 1.2385908260965706, 'g_gpe_stn_mult': 1.122981331355493, 'g_stn_gpi_mult': 1.3765529494914264, 'g_gpe_gpi_mult': 1.6075539205247882}. Best is trial 174 with value: 0.4176381792428698.
[I 2026-05-28 22:28:31,723] Trial 184 finished with value: 19.18642104859257 and parameters: {'ISTN': 91.24221748606287, 'I_gpe': 1.2841837106184544, 'I_gpi': 1.5299378529049648, 'noise_stn_sigma': 2.297211970251063, 'noise_gpe_sigma': 65.03497822361989, 'noise_gpi_sigma': 71.01792336092583, 'g_stn_gpe_mult': 1.5949444076672934, 'g_gpe_stn_mult': 1.0294071498578723, 'g_stn_gpi_mult': 1.150360001342482, 'g_gpe_gpi_mult': 1.8480105737835109}. Best is trial 174 with value: 0.4176381792428698.
[I 2026-05-28 22:28:32,733] Trial 185 finished with value: 0.7405153950851611 and parameters: {'ISTN': 97.0199187390546, 'I_gpe': 2.210407537409981, 'I_gpi': 1.8788482922856646, 'noise_stn_sigma': 2.091143052905557, 'noise_gpe_sigma': 71.92206865617248, 'noise_gpi_sigma': 57.46459506154181, 'g_stn_gpe_mult': 1.4690354511399042, 'g_gpe_stn_mult': 0.9878643397188326, 'g_stn_gpi_mult': 1.48317012165803, 'g_gpe_gpi_mult': 1.7070413563237465}. Best is trial 174 with value: 0.4176381792428698.
[I 2026-05-28 22:28:33,737] Trial 186 finished with value: 105.37232931573861 and parameters: {'ISTN': 88.55463790101255, 'I_gpe': 3.1079605261486405, 'I_gpi': 2.6633433487165146, 'noise_stn_sigma': 1.881565776831603, 'noise_gpe_sigma': 50.92693137803917, 'noise_gpi_sigma': 59.67581660605286, 'g_stn_gpe_mult': 1.156429520482366, 'g_gpe_stn_mult': 1.0607107480697895, 'g_stn_gpi_mult': 1.417985017884547, 'g_gpe_gpi_mult': 1.854612579872183}. Best is trial 174 with value: 0.4176381792428698.
[I 2026-05-28 22:28:34,747] Trial 187 finished with value: 35.64824782810593 and parameters: {'ISTN': 107.59683380439353, 'I_gpe': 2.4471559729809047, 'I_gpi': 1.9446856166326976, 'noise_stn_sigma': 2.3564312163654466, 'noise_gpe_sigma': 82.29872129955902, 'noise_gpi_sigma': 64.7804435418378, 'g_stn_gpe_mult': 1.2472702587785958, 'g_gpe_stn_mult': 1.0019534089225546, 'g_stn_gpi_mult': 1.4014950584104138, 'g_gpe_gpi_mult': 1.8547670988668004}. Best is trial 174 with value: 0.4176381792428698.
[I 2026-05-28 22:28:35,758] Trial 188 finished with value: 11.657673553945889 and parameters: {'ISTN': 106.32480243738962, 'I_gpe': 1.568058650884962, 'I_gpi': 1.6828874654867678, 'noise_stn_sigma': 2.8734059556217253, 'noise_gpe_sigma': 73.7602706258046, 'noise_gpi_sigma': 63.86398570904091, 'g_stn_gpe_mult': 1.5817753582858631, 'g_gpe_stn_mult': 1.1098180230902566, 'g_stn_gpi_mult': 1.5257275348243557, 'g_gpe_gpi_mult': 1.3871768417818213}. Best is trial 174 with value: 0.4176381792428698.
[I 2026-05-28 22:28:36,769] Trial 189 finished with value: 8.511049360671487 and parameters: {'ISTN': 121.15306309012301, 'I_gpe': 2.2531919580104383, 'I_gpi': 1.9460598576224544, 'noise_stn_sigma': 2.363336531777316, 'noise_gpe_sigma': 59.11118024329858, 'noise_gpi_sigma': 73.21016797723539, 'g_stn_gpe_mult': 1.2722856443925328, 'g_gpe_stn_mult': 1.0957315305052837, 'g_stn_gpi_mult': 1.224400806493139, 'g_gpe_gpi_mult': 1.3100710272210287}. Best is trial 174 with value: 0.4176381792428698.
[I 2026-05-28 22:28:37,778] Trial 190 finished with value: 14.249913614988717 and parameters: {'ISTN': 100.22308718521988, 'I_gpe': 2.084314305018609, 'I_gpi': 2.9669745907636482, 'noise_stn_sigma': 2.5832878061390683, 'noise_gpe_sigma': 70.47798572586058, 'noise_gpi_sigma': 52.72353002719876, 'g_stn_gpe_mult': 1.2473938350042229, 'g_gpe_stn_mult': 0.8593411242560569, 'g_stn_gpi_mult': 1.5962024821121439, 'g_gpe_gpi_mult': 1.8088929049264726}. Best is trial 174 with value: 0.4176381792428698.
[I 2026-05-28 22:28:38,781] Trial 191 finished with value: 3.4737323168894143 and parameters: {'ISTN': 141.23504641227817, 'I_gpe': 2.75723788455305, 'I_gpi': 1.4264672509514624, 'noise_stn_sigma': 1.381891106025599, 'noise_gpe_sigma': 77.10612514851702, 'noise_gpi_sigma': 61.101680429072516, 'g_stn_gpe_mult': 1.0716090884476634, 'g_gpe_stn_mult': 1.2800499768720095, 'g_stn_gpi_mult': 1.5311211259686381, 'g_gpe_gpi_mult': 1.615037360476097}. Best is trial 174 with value: 0.4176381792428698.
[I 2026-05-28 22:28:39,785] Trial 192 finished with value: 105.94554860555692 and parameters: {'ISTN': 105.66223818873877, 'I_gpe': 2.7340405095223472, 'I_gpi': 1.2962879116080412, 'noise_stn_sigma': 2.045883953423609, 'noise_gpe_sigma': 41.875277798856, 'noise_gpi_sigma': 70.69607411734742, 'g_stn_gpe_mult': 1.1069322962081842, 'g_gpe_stn_mult': 1.1188078174218965, 'g_stn_gpi_mult': 1.2299572311795726, 'g_gpe_gpi_mult': 1.8634103018234947}. Best is trial 174 with value: 0.4176381792428698.
[I 2026-05-28 22:28:40,788] Trial 193 finished with value: 105.60106102857975 and parameters: {'ISTN': 118.6054038756983, 'I_gpe': 3.267483985905303, 'I_gpi': 1.0861319830317684, 'noise_stn_sigma': 2.3908330688303194, 'noise_gpe_sigma': 59.234175491682144, 'noise_gpi_sigma': 58.7416395638702, 'g_stn_gpe_mult': 1.2624068734645784, 'g_gpe_stn_mult': 0.990871381894995, 'g_stn_gpi_mult': 1.3410133928861465, 'g_gpe_gpi_mult': 1.5042649400652577}. Best is trial 174 with value: 0.4176381792428698.
[I 2026-05-28 22:28:41,796] Trial 194 finished with value: 0.8294732451041105 and parameters: {'ISTN': 106.15413458309382, 'I_gpe': 2.224414435684766, 'I_gpi': 1.23888354312757, 'noise_stn_sigma': 1.6052589446274692, 'noise_gpe_sigma': 82.32825597935347, 'noise_gpi_sigma': 58.40437653998265, 'g_stn_gpe_mult': 1.248106064495119, 'g_gpe_stn_mult': 1.0860253255706662, 'g_stn_gpi_mult': 1.498399758274045, 'g_gpe_gpi_mult': 1.559603215284258}. Best is trial 174 with value: 0.4176381792428698.
[I 2026-05-28 22:28:42,797] Trial 195 finished with value: 105.35742411008374 and parameters: {'ISTN': 96.23581853888957, 'I_gpe': 3.882341567413739, 'I_gpi': 2.8694227015641447, 'noise_stn_sigma': 1.650620813158847, 'noise_gpe_sigma': 71.88628140357463, 'noise_gpi_sigma': 55.79323854253625, 'g_stn_gpe_mult': 1.5221107127270677, 'g_gpe_stn_mult': 1.0892774651443238, 'g_stn_gpi_mult': 1.6041615504155553, 'g_gpe_gpi_mult': 1.6842831744207392}. Best is trial 174 with value: 0.4176381792428698.
[I 2026-05-28 22:28:43,805] Trial 196 finished with value: 28.12028215591557 and parameters: {'ISTN': 108.25161335727564, 'I_gpe': 1.420148814697014, 'I_gpi': 2.651065647592839, 'noise_stn_sigma': 2.0660509451491427, 'noise_gpe_sigma': 60.54324378070955, 'noise_gpi_sigma': 53.28849628233571, 'g_stn_gpe_mult': 1.2678678227646765, 'g_gpe_stn_mult': 0.8856086764321692, 'g_stn_gpi_mult': 1.4810219212489815, 'g_gpe_gpi_mult': 1.5832806617177553}. Best is trial 174 with value: 0.4176381792428698.
[I 2026-05-28 22:28:44,806] Trial 197 finished with value: 2.6578020535018303 and parameters: {'ISTN': 107.64426130574176, 'I_gpe': 2.2323988007658198, 'I_gpi': 2.7606389146498236, 'noise_stn_sigma': 2.025952616076182, 'noise_gpe_sigma': 69.87594907311787, 'noise_gpi_sigma': 54.759898032693236, 'g_stn_gpe_mult': 1.265608934064463, 'g_gpe_stn_mult': 1.1828675638201305, 'g_stn_gpi_mult': 1.4735441977476564, 'g_gpe_gpi_mult': 1.8970091469753754}. Best is trial 174 with value: 0.4176381792428698.
[I 2026-05-28 22:28:45,814] Trial 198 finished with value: 12.281140026654887 and parameters: {'ISTN': 114.67023214654071, 'I_gpe': 2.9424613580399206, 'I_gpi': 3.298834015117251, 'noise_stn_sigma': 0.8893264609310175, 'noise_gpe_sigma': 90.65438903383061, 'noise_gpi_sigma': 42.220848083451564, 'g_stn_gpe_mult': 1.2146961072802522, 'g_gpe_stn_mult': 0.8437091420996692, 'g_stn_gpi_mult': 1.6679440444249813, 'g_gpe_gpi_mult': 1.4977410822022243}. Best is trial 174 with value: 0.4176381792428698.
[I 2026-05-28 22:28:46,761] Trial 199 finished with value: 1000000.0 and parameters: {'ISTN': 97.13044929402281, 'I_gpe': 1.3699242724823668, 'I_gpi': 2.8777571036215894, 'noise_stn_sigma': 1.1764792219985634, 'noise_gpe_sigma': 51.19195836285758, 'noise_gpi_sigma': 49.08556635179804, 'g_stn_gpe_mult': 1.1592198855965634, 'g_gpe_stn_mult': 1.0309981492195859, 'g_stn_gpi_mult': 1.2138390199397309, 'g_gpe_gpi_mult': 1.7312314649073357}. Best is trial 174 with value: 0.4176381792428698.
[I 2026-05-28 22:28:47,765] Trial 200 finished with value: 105.22481106658553 and parameters: {'ISTN': 115.23445876786036, 'I_gpe': 2.6853590723037377, 'I_gpi': 1.873836871173666, 'noise_stn_sigma': 2.353462134338406, 'noise_gpe_sigma': 65.60395472922147, 'noise_gpi_sigma': 67.80411100428663, 'g_stn_gpe_mult': 1.1322856969667683, 'g_gpe_stn_mult': 1.2113349914056415, 'g_stn_gpi_mult': 1.176153511625583, 'g_gpe_gpi_mult': 1.8215111379826694}. Best is trial 174 with value: 0.4176381792428698.
[I 2026-05-28 22:28:48,777] Trial 201 finished with value: 18.31879975946144 and parameters: {'ISTN': 121.76505332163785, 'I_gpe': 2.09106771576777, 'I_gpi': 1.373446369121647, 'noise_stn_sigma': 2.215365477818526, 'noise_gpe_sigma': 85.52873026366342, 'noise_gpi_sigma': 80.62931997332477, 'g_stn_gpe_mult': 0.9905606119235187, 'g_gpe_stn_mult': 1.0909349881627668, 'g_stn_gpi_mult': 1.4648219521346137, 'g_gpe_gpi_mult': 1.816884858356819}. Best is trial 174 with value: 0.4176381792428698.
[I 2026-05-28 22:28:49,780] Trial 202 finished with value: 3.3009365285423757 and parameters: {'ISTN': 120.77550601885301, 'I_gpe': 2.7124720648478986, 'I_gpi': 1.7486409289204377, 'noise_stn_sigma': 1.9266461203779695, 'noise_gpe_sigma': 76.7433806884007, 'noise_gpi_sigma': 47.37053813007092, 'g_stn_gpe_mult': 1.2094554396360224, 'g_gpe_stn_mult': 1.126497602337714, 'g_stn_gpi_mult': 1.089715243008313, 'g_gpe_gpi_mult': 1.8803035967926878}. Best is trial 174 with value: 0.4176381792428698.
[I 2026-05-28 22:28:50,788] Trial 203 finished with value: 35.766950508433744 and parameters: {'ISTN': 123.77354264414188, 'I_gpe': 1.488957539985792, 'I_gpi': 1.5967559125336124, 'noise_stn_sigma': 2.1953428994489985, 'noise_gpe_sigma': 68.19117525130046, 'noise_gpi_sigma': 40.74435766641342, 'g_stn_gpe_mult': 1.2483308505125006, 'g_gpe_stn_mult': 1.1032878747020005, 'g_stn_gpi_mult': 1.4097954932828767, 'g_gpe_gpi_mult': 1.5994387706135442}. Best is trial 174 with value: 0.4176381792428698.
[I 2026-05-28 22:28:51,796] Trial 204 finished with value: 11.522055895234583 and parameters: {'ISTN': 121.86618524411695, 'I_gpe': 2.2591654647842434, 'I_gpi': 1.6818326723630956, 'noise_stn_sigma': 1.5311162052661622, 'noise_gpe_sigma': 86.43718437921555, 'noise_gpi_sigma': 64.10425885742106, 'g_stn_gpe_mult': 1.0410702027495131, 'g_gpe_stn_mult': 1.0852541904271247, 'g_stn_gpi_mult': 1.6249543736731054, 'g_gpe_gpi_mult': 1.4198842114653387}. Best is trial 174 with value: 0.4176381792428698.
[I 2026-05-28 22:28:52,797] Trial 205 finished with value: 4.872410462198463 and parameters: {'ISTN': 126.98885294322695, 'I_gpe': 2.4033661697657247, 'I_gpi': 2.019572643282463, 'noise_stn_sigma': 1.3595958642120105, 'noise_gpe_sigma': 79.95927644519107, 'noise_gpi_sigma': 55.60392033958404, 'g_stn_gpe_mult': 1.1880264064277677, 'g_gpe_stn_mult': 1.3846931164586829, 'g_stn_gpi_mult': 1.317643633647392, 'g_gpe_gpi_mult': 1.6788134914327018}. Best is trial 174 with value: 0.4176381792428698.
[I 2026-05-28 22:28:53,802] Trial 206 finished with value: 1.7769770146648831 and parameters: {'ISTN': 106.85369822343317, 'I_gpe': 2.7171731366363243, 'I_gpi': 1.0003594945931702, 'noise_stn_sigma': 1.596037938171809, 'noise_gpe_sigma': 78.90686050013191, 'noise_gpi_sigma': 82.36012992606567, 'g_stn_gpe_mult': 1.2487124285689568, 'g_gpe_stn_mult': 0.9949326693449148, 'g_stn_gpi_mult': 1.6556541276801835, 'g_gpe_gpi_mult': 1.560465622868822}. Best is trial 174 with value: 0.4176381792428698.
[I 2026-05-28 22:28:54,812] Trial 207 finished with value: 10.020966889245576 and parameters: {'ISTN': 114.24251261659859, 'I_gpe': 2.3398496911463886, 'I_gpi': 2.743601591280119, 'noise_stn_sigma': 2.620020507228242, 'noise_gpe_sigma': 86.03697164314079, 'noise_gpi_sigma': 42.19091085204489, 'g_stn_gpe_mult': 1.420502297561984, 'g_gpe_stn_mult': 0.9951597228635123, 'g_stn_gpi_mult': 1.4774090693593256, 'g_gpe_gpi_mult': 1.4089481118309564}. Best is trial 174 with value: 0.4176381792428698.
[I 2026-05-28 22:28:55,819] Trial 208 finished with value: 11.981952615677086 and parameters: {'ISTN': 128.4929163177336, 'I_gpe': 2.3195207519109813, 'I_gpi': 1.2769792529528319, 'noise_stn_sigma': 1.7055842394248861, 'noise_gpe_sigma': 89.42322539750363, 'noise_gpi_sigma': 59.31889439400372, 'g_stn_gpe_mult': 1.3832418555069355, 'g_gpe_stn_mult': 1.1150922661505378, 'g_stn_gpi_mult': 1.5440130306421869, 'g_gpe_gpi_mult': 1.8036405108606952}. Best is trial 174 with value: 0.4176381792428698.
[I 2026-05-28 22:28:56,820] Trial 209 finished with value: 105.5658934318495 and parameters: {'ISTN': 108.77466658482533, 'I_gpe': 3.505530494908507, 'I_gpi': 1.4361457224110685, 'noise_stn_sigma': 1.0529065649369662, 'noise_gpe_sigma': 96.01841164428724, 'noise_gpi_sigma': 40.46872058962629, 'g_stn_gpe_mult': 1.1937801711805036, 'g_gpe_stn_mult': 0.9018483261475854, 'g_stn_gpi_mult': 1.4122027260748875, 'g_gpe_gpi_mult': 1.7775865949101883}. Best is trial 174 with value: 0.4176381792428698.
[I 2026-05-28 22:28:57,821] Trial 210 finished with value: 105.27739315764731 and parameters: {'ISTN': 117.62374238543208, 'I_gpe': 3.453862217673355, 'I_gpi': 2.6589384279331343, 'noise_stn_sigma': 1.7199195209263, 'noise_gpe_sigma': 80.79715371418892, 'noise_gpi_sigma': 53.82263895219558, 'g_stn_gpe_mult': 1.2693074282739496, 'g_gpe_stn_mult': 0.9924352084530339, 'g_stn_gpi_mult': 1.646706669414572, 'g_gpe_gpi_mult': 1.6075190171459388}. Best is trial 174 with value: 0.4176381792428698.
[I 2026-05-28 22:28:58,822] Trial 211 finished with value: 105.2567397620732 and parameters: {'ISTN': 101.75594719670494, 'I_gpe': 3.445762819932799, 'I_gpi': 2.1998762417602205, 'noise_stn_sigma': 2.005766622745411, 'noise_gpe_sigma': 82.62384628564094, 'noise_gpi_sigma': 75.88043072262579, 'g_stn_gpe_mult': 1.8145179122377701, 'g_gpe_stn_mult': 1.0012926487603646, 'g_stn_gpi_mult': 1.2632098515827503, 'g_gpe_gpi_mult': 1.351344979834109}. Best is trial 174 with value: 0.4176381792428698.
[I 2026-05-28 22:28:59,825] Trial 212 finished with value: 106.28746564466144 and parameters: {'ISTN': 82.40074983719907, 'I_gpe': 2.145614482193105, 'I_gpi': 1.0922951465943203, 'noise_stn_sigma': 1.2919284555333996, 'noise_gpe_sigma': 91.0287323538815, 'noise_gpi_sigma': 66.32757515021736, 'g_stn_gpe_mult': 1.4135784705838732, 'g_gpe_stn_mult': 1.280774928760549, 'g_stn_gpi_mult': 1.6097386730608574, 'g_gpe_gpi_mult': 1.6260129798654304}. Best is trial 174 with value: 0.4176381792428698.
[I 2026-05-28 22:29:00,826] Trial 213 finished with value: 105.79334046883965 and parameters: {'ISTN': 103.13314771031229, 'I_gpe': 2.901014683187676, 'I_gpi': 1.0416584113509084, 'noise_stn_sigma': 1.7469821943629193, 'noise_gpe_sigma': 63.998687993223065, 'noise_gpi_sigma': 66.77770024286271, 'g_stn_gpe_mult': 1.7576074940425193, 'g_gpe_stn_mult': 0.9999480199468584, 'g_stn_gpi_mult': 1.0248490854771806, 'g_gpe_gpi_mult': 1.7155996026440803}. Best is trial 174 with value: 0.4176381792428698.
[I 2026-05-28 22:29:01,830] Trial 214 finished with value: 2.1625299490522565 and parameters: {'ISTN': 135.37050341475785, 'I_gpe': 3.417368271034206, 'I_gpi': 2.017832805168667, 'noise_stn_sigma': 2.370388338269584, 'noise_gpe_sigma': 90.11290594185733, 'noise_gpi_sigma': 57.024682346899496, 'g_stn_gpe_mult': 0.8283985538559151, 'g_gpe_stn_mult': 1.0179361259293391, 'g_stn_gpi_mult': 1.8313625687977457, 'g_gpe_gpi_mult': 1.7617102298908933}. Best is trial 174 with value: 0.4176381792428698.
[I 2026-05-28 22:29:02,837] Trial 215 finished with value: 8.353915845885451 and parameters: {'ISTN': 99.59197200701026, 'I_gpe': 1.8763421587068998, 'I_gpi': 1.3126135937659484, 'noise_stn_sigma': 1.0239358306988693, 'noise_gpe_sigma': 96.45952502184123, 'noise_gpi_sigma': 67.27905353274922, 'g_stn_gpe_mult': 1.586776765310612, 'g_gpe_stn_mult': 0.9973754715367111, 'g_stn_gpi_mult': 1.712736566332308, 'g_gpe_gpi_mult': 1.6024199841561728}. Best is trial 174 with value: 0.4176381792428698.
[I 2026-05-28 22:29:03,839] Trial 216 finished with value: 106.01611174717276 and parameters: {'ISTN': 131.254734380912, 'I_gpe': 3.4680900668393457, 'I_gpi': 3.778574998098909, 'noise_stn_sigma': 1.006533023135673, 'noise_gpe_sigma': 75.8191489859933, 'noise_gpi_sigma': 51.268167736936874, 'g_stn_gpe_mult': 1.246719385672911, 'g_gpe_stn_mult': 1.0449641015675901, 'g_stn_gpi_mult': 1.1830475827096048, 'g_gpe_gpi_mult': 1.6932169102587682}. Best is trial 174 with value: 0.4176381792428698.
[I 2026-05-28 22:29:04,848] Trial 217 finished with value: 12.263172384198251 and parameters: {'ISTN': 127.40116627703586, 'I_gpe': 2.2989529001076985, 'I_gpi': 2.3619622334078345, 'noise_stn_sigma': 0.6500457636973147, 'noise_gpe_sigma': 72.91772913823584, 'noise_gpi_sigma': 61.195569444510134, 'g_stn_gpe_mult': 1.0747086895977365, 'g_gpe_stn_mult': 1.124700425880138, 'g_stn_gpi_mult': 1.4096563926522399, 'g_gpe_gpi_mult': 1.4050620644584977}. Best is trial 174 with value: 0.4176381792428698.
[I 2026-05-28 22:29:05,849] Trial 218 finished with value: 105.30880251276056 and parameters: {'ISTN': 114.10768542548908, 'I_gpe': 2.252763950519375, 'I_gpi': 2.588408590480918, 'noise_stn_sigma': 1.5306312947467076, 'noise_gpe_sigma': 88.42427498600239, 'noise_gpi_sigma': 65.85808266592416, 'g_stn_gpe_mult': 1.426764921788875, 'g_gpe_stn_mult': 1.3801276627551111, 'g_stn_gpi_mult': 0.8866935888840051, 'g_gpe_gpi_mult': 1.8460726631184212}. Best is trial 174 with value: 0.4176381792428698.
[I 2026-05-28 22:29:06,849] Trial 219 finished with value: 105.39691267812898 and parameters: {'ISTN': 112.19673952625178, 'I_gpe': 3.3743341854479474, 'I_gpi': 1.7820778208787114, 'noise_stn_sigma': 2.480335911919333, 'noise_gpe_sigma': 92.69366992166555, 'noise_gpi_sigma': 65.88106345757262, 'g_stn_gpe_mult': 1.0326316920877785, 'g_gpe_stn_mult': 1.348876049547067, 'g_stn_gpi_mult': 1.4579660948211086, 'g_gpe_gpi_mult': 1.887020575143751}. Best is trial 174 with value: 0.4176381792428698.
