[I 2026-05-28 22:27:39,462] Trial 132 finished with value: 15.414869917571526 and parameters: {'ISTN': 94.73127280267228, 'I_gpe': 2.203988894565472, 'I_gpi': 3.9006945616556177, 'noise_stn_sigma': 3.634221294321978, 'noise_gpe_sigma': 52.65650111555349, 'noise_gpi_sigma': 53.655213064985205, 'g_stn_gpe_mult': 1.6877634689806245, 'g_gpe_stn_mult': 0.7130725230002437, 'g_stn_gpi_mult': 1.3877954538404713, 'g_gpe_gpi_mult': 1.3143358659163646}. Best is trial 58 with value: 0.4620693404512859.
[I 2026-05-28 22:27:40,472] Trial 133 finished with value: 8.618786654929524 and parameters: {'ISTN': 82.35720862613942, 'I_gpe': 1.7594338938680274, 'I_gpi': 3.70892834121753, 'noise_stn_sigma': 2.947355342020128, 'noise_gpe_sigma': 40.496365026837836, 'noise_gpi_sigma': 38.384141937293116, 'g_stn_gpe_mult': 1.468811779634008, 'g_gpe_stn_mult': 0.7912927210177902, 'g_stn_gpi_mult': 1.0116785550411422, 'g_gpe_gpi_mult': 1.4516408335005102}. Best is trial 58 with value: 0.4620693404512859.
[I 2026-05-28 22:27:41,480] Trial 134 finished with value: 2.3072890876350085 and parameters: {'ISTN': 118.92068896516454, 'I_gpe': 4.297958837055724, 'I_gpi': 4.004924195126444, 'noise_stn_sigma': 3.601961581372748, 'noise_gpe_sigma': 58.019941219671516, 'noise_gpi_sigma': 67.10610220034772, 'g_stn_gpe_mult': 1.067042283867553, 'g_gpe_stn_mult': 0.684861076063344, 'g_stn_gpi_mult': 1.1784259151711485, 'g_gpe_gpi_mult': 1.5840661235760443}. Best is trial 58 with value: 0.4620693404512859.
[I 2026-05-28 22:27:42,488] Trial 135 finished with value: 0.9378710830528302 and parameters: {'ISTN': 87.65208556319763, 'I_gpe': 1.8712976691055072, 'I_gpi': 2.6271693860986325, 'noise_stn_sigma': 3.143625774025656, 'noise_gpe_sigma': 41.58932741106154, 'noise_gpi_sigma': 40.944893118346926, 'g_stn_gpe_mult': 1.6364483692027627, 'g_gpe_stn_mult': 1.0513718671016727, 'g_stn_gpi_mult': 1.244169562226622, 'g_gpe_gpi_mult': 1.6455934299025272}. Best is trial 58 with value: 0.4620693404512859.
[I 2026-05-28 22:27:43,495] Trial 136 finished with value: 39.064894409265506 and parameters: {'ISTN': 118.55950146942556, 'I_gpe': 1.598390792682833, 'I_gpi': 3.019838594041132, 'noise_stn_sigma': 3.5125177899114832, 'noise_gpe_sigma': 33.991367994022966, 'noise_gpi_sigma': 53.02681076311726, 'g_stn_gpe_mult': 1.671904929894877, 'g_gpe_stn_mult': 0.8112798367168129, 'g_stn_gpi_mult': 1.3352416924080206, 'g_gpe_gpi_mult': 1.3241376786387056}. Best is trial 58 with value: 0.4620693404512859.
[I 2026-05-28 22:27:44,506] Trial 137 finished with value: 30.114741830021966 and parameters: {'ISTN': 132.73307503532092, 'I_gpe': 2.363022250737833, 'I_gpi': 4.139571185632206, 'noise_stn_sigma': 2.684545674636983, 'noise_gpe_sigma': 33.84474972033054, 'noise_gpi_sigma': 56.00058301609842, 'g_stn_gpe_mult': 1.2043395354285122, 'g_gpe_stn_mult': 1.0415691916081615, 'g_stn_gpi_mult': 1.1004000467979935, 'g_gpe_gpi_mult': 1.6639014178500213}. Best is trial 58 with value: 0.4620693404512859.
[I 2026-05-28 22:27:45,517] Trial 138 finished with value: 7.5829137459785505 and parameters: {'ISTN': 93.52643479360773, 'I_gpe': 2.3991498238428766, 'I_gpi': 2.99057844742968, 'noise_stn_sigma': 3.340473590811243, 'noise_gpe_sigma': 35.99645291611796, 'noise_gpi_sigma': 70.82237215934009, 'g_stn_gpe_mult': 1.2508636161715228, 'g_gpe_stn_mult': 0.8010078911669186, 'g_stn_gpi_mult': 0.9009672789828557, 'g_gpe_gpi_mult': 1.2486118655227727}. Best is trial 58 with value: 0.4620693404512859.
[I 2026-05-28 22:27:46,522] Trial 139 finished with value: 105.60893713610454 and parameters: {'ISTN': 102.60200124745658, 'I_gpe': 2.4825008601524043, 'I_gpi': 2.603192742351389, 'noise_stn_sigma': 2.8825349880715496, 'noise_gpe_sigma': 46.29845359427508, 'noise_gpi_sigma': 46.24659235108309, 'g_stn_gpe_mult': 1.223386012844376, 'g_gpe_stn_mult': 1.166081978689285, 'g_stn_gpi_mult': 1.2843227232693633, 'g_gpe_gpi_mult': 1.1493663157756313}. Best is trial 58 with value: 0.4620693404512859.
[I 2026-05-28 22:27:47,529] Trial 140 finished with value: 7.290668867869769 and parameters: {'ISTN': 84.74209084748327, 'I_gpe': 2.009257459232178, 'I_gpi': 3.386047499945327, 'noise_stn_sigma': 2.208025200612253, 'noise_gpe_sigma': 50.83986751124846, 'noise_gpi_sigma': 45.50161220605756, 'g_stn_gpe_mult': 1.0375484396359256, 'g_gpe_stn_mult': 0.8123147953166304, 'g_stn_gpi_mult': 1.1932976130603588, 'g_gpe_gpi_mult': 1.7046883259986398}. Best is trial 58 with value: 0.4620693404512859.
[I 2026-05-28 22:27:48,538] Trial 141 finished with value: 0.6644173822245596 and parameters: {'ISTN': 114.09428446448479, 'I_gpe': 2.1465281733388166, 'I_gpi': 2.2634681300449113, 'noise_stn_sigma': 2.3117480612263237, 'noise_gpe_sigma': 26.74971124276824, 'noise_gpi_sigma': 55.541996209265825, 'g_stn_gpe_mult': 1.3979727413656517, 'g_gpe_stn_mult': 1.1552715445781887, 'g_stn_gpi_mult': 1.065313740340748, 'g_gpe_gpi_mult': 1.7135819019441663}. Best is trial 58 with value: 0.4620693404512859.
[I 2026-05-28 22:27:49,542] Trial 142 finished with value: 105.15648372783942 and parameters: {'ISTN': 96.41037855286316, 'I_gpe': 2.739692543061876, 'I_gpi': 2.2289149133627877, 'noise_stn_sigma': 2.1803758290155546, 'noise_gpe_sigma': 45.47036735163385, 'noise_gpi_sigma': 67.1154852692753, 'g_stn_gpe_mult': 1.619720077346858, 'g_gpe_stn_mult': 0.9501489642807197, 'g_stn_gpi_mult': 1.3544994838491466, 'g_gpe_gpi_mult': 1.4807626110817527}. Best is trial 58 with value: 0.4620693404512859.
[I 2026-05-28 22:27:50,550] Trial 143 finished with value: 12.173639301867727 and parameters: {'ISTN': 85.9791607048455, 'I_gpe': 1.6905937687379264, 'I_gpi': 4.135390196066721, 'noise_stn_sigma': 3.377257297515764, 'noise_gpe_sigma': 43.53920101103878, 'noise_gpi_sigma': 55.62343524224419, 'g_stn_gpe_mult': 1.5920952124826608, 'g_gpe_stn_mult': 0.7116582776999973, 'g_stn_gpi_mult': 0.9531402666983799, 'g_gpe_gpi_mult': 1.1295951478473785}. Best is trial 58 with value: 0.4620693404512859.
[I 2026-05-28 22:27:51,560] Trial 144 finished with value: 17.655062604259292 and parameters: {'ISTN': 94.95122202992812, 'I_gpe': 1.4379242042596396, 'I_gpi': 2.552429261125321, 'noise_stn_sigma': 2.939607873239937, 'noise_gpe_sigma': 36.27293409221997, 'noise_gpi_sigma': 62.254895442330316, 'g_stn_gpe_mult': 1.4417061062539729, 'g_gpe_stn_mult': 0.5355824051653039, 'g_stn_gpi_mult': 1.2773181269657519, 'g_gpe_gpi_mult': 1.8754797910968268}. Best is trial 58 with value: 0.4620693404512859.
[I 2026-05-28 22:27:52,563] Trial 145 finished with value: 105.34829178477592 and parameters: {'ISTN': 86.12326957914844, 'I_gpe': 3.2342367808868393, 'I_gpi': 2.280711072821839, 'noise_stn_sigma': 2.1657668635941514, 'noise_gpe_sigma': 44.19238091027334, 'noise_gpi_sigma': 47.16808247720806, 'g_stn_gpe_mult': 1.5664745793163657, 'g_gpe_stn_mult': 0.8621597396985707, 'g_stn_gpi_mult': 1.692443725439949, 'g_gpe_gpi_mult': 1.7203231486733512}. Best is trial 58 with value: 0.4620693404512859.
[I 2026-05-28 22:27:53,569] Trial 146 finished with value: 3.1518685676686404 and parameters: {'ISTN': 110.79292895393468, 'I_gpe': 3.1316624486208626, 'I_gpi': 3.074403729225345, 'noise_stn_sigma': 3.222507109649529, 'noise_gpe_sigma': 37.447133723756664, 'noise_gpi_sigma': 58.40444800906278, 'g_stn_gpe_mult': 1.3307758625267077, 'g_gpe_stn_mult': 0.8975705016370176, 'g_stn_gpi_mult': 1.445704987287932, 'g_gpe_gpi_mult': 1.6791739560351566}. Best is trial 58 with value: 0.4620693404512859.
[I 2026-05-28 22:27:54,577] Trial 147 finished with value: 43.3153053348286 and parameters: {'ISTN': 124.44490726066647, 'I_gpe': 2.3949311623864347, 'I_gpi': 2.1691709202728813, 'noise_stn_sigma': 2.5101976489385462, 'noise_gpe_sigma': 48.85924320351327, 'noise_gpi_sigma': 48.43966653683865, 'g_stn_gpe_mult': 1.4483841659611187, 'g_gpe_stn_mult': 0.7860591847849411, 'g_stn_gpi_mult': 1.66422531846184, 'g_gpe_gpi_mult': 1.378224788912648}. Best is trial 58 with value: 0.4620693404512859.
[I 2026-05-28 22:27:55,588] Trial 148 finished with value: 11.341577285508768 and parameters: {'ISTN': 82.78648509425909, 'I_gpe': 1.582633496880679, 'I_gpi': 1.8780077267145057, 'noise_stn_sigma': 3.4113166806505153, 'noise_gpe_sigma': 45.2623875430001, 'noise_gpi_sigma': 58.53798391230053, 'g_stn_gpe_mult': 1.2634860435400863, 'g_gpe_stn_mult': 0.5996696076498228, 'g_stn_gpi_mult': 1.069652706605682, 'g_gpe_gpi_mult': 1.691418295679847}. Best is trial 58 with value: 0.4620693404512859.
[I 2026-05-28 22:27:56,596] Trial 149 finished with value: 5.2000552437788174 and parameters: {'ISTN': 85.49287972924222, 'I_gpe': 2.1982561600580777, 'I_gpi': 3.790274536324336, 'noise_stn_sigma': 3.2839064148053034, 'noise_gpe_sigma': 60.69495174343178, 'noise_gpi_sigma': 39.89613764589227, 'g_stn_gpe_mult': 1.44543268140976, 'g_gpe_stn_mult': 0.8220136046604058, 'g_stn_gpi_mult': 1.183337748814808, 'g_gpe_gpi_mult': 1.6199504959466886}. Best is trial 58 with value: 0.4620693404512859.
[I 2026-05-28 22:27:57,544] Trial 150 finished with value: 1000000.0 and parameters: {'ISTN': 90.46209175318553, 'I_gpe': 2.2913441336977947, 'I_gpi': 1.8717811442129066, 'noise_stn_sigma': 2.7219112200734226, 'noise_gpe_sigma': 48.225240595343415, 'noise_gpi_sigma': 58.2157159568226, 'g_stn_gpe_mult': 1.6025098423956008, 'g_gpe_stn_mult': 1.0437125100801403, 'g_stn_gpi_mult': 1.102683639597006, 'g_gpe_gpi_mult': 1.5529617316682265}. Best is trial 58 with value: 0.4620693404512859.
[I 2026-05-28 22:27:58,556] Trial 151 finished with value: 15.942837369751466 and parameters: {'ISTN': 97.20711506017818, 'I_gpe': 2.0831078372348104, 'I_gpi': 2.5551567327487885, 'noise_stn_sigma': 2.953643866461805, 'noise_gpe_sigma': 46.5324470544569, 'noise_gpi_sigma': 38.55038762697225, 'g_stn_gpe_mult': 1.3829603793255154, 'g_gpe_stn_mult': 0.7695842144489355, 'g_stn_gpi_mult': 1.1174955124455, 'g_gpe_gpi_mult': 1.530991418070514}. Best is trial 58 with value: 0.4620693404512859.
[I 2026-05-28 22:27:59,563] Trial 152 finished with value: 1.5263827061713342 and parameters: {'ISTN': 98.96117748352, 'I_gpe': 2.677311490072784, 'I_gpi': 2.4724673838251183, 'noise_stn_sigma': 3.0391900880654417, 'noise_gpe_sigma': 41.243451590447265, 'noise_gpi_sigma': 51.81800078136543, 'g_stn_gpe_mult': 1.4904978977169256, 'g_gpe_stn_mult': 0.8397357323045387, 'g_stn_gpi_mult': 1.124142442072798, 'g_gpe_gpi_mult': 1.706755402304775}. Best is trial 58 with value: 0.4620693404512859.
[I 2026-05-28 22:28:00,569] Trial 153 finished with value: 2.3352860278395715 and parameters: {'ISTN': 101.10600362020453, 'I_gpe': 2.237373633415253, 'I_gpi': 3.1942966074530164, 'noise_stn_sigma': 2.593408028376777, 'noise_gpe_sigma': 42.50639607234997, 'noise_gpi_sigma': 53.13415503084613, 'g_stn_gpe_mult': 1.4816085887811752, 'g_gpe_stn_mult': 1.066597521681253, 'g_stn_gpi_mult': 1.1140092465082585, 'g_gpe_gpi_mult': 1.7548243976704845}. Best is trial 58 with value: 0.4620693404512859.
[I 2026-05-28 22:28:01,571] Trial 154 finished with value: 105.72046510938276 and parameters: {'ISTN': 111.77901300935207, 'I_gpe': 3.6754974261792652, 'I_gpi': 3.4450894511672683, 'noise_stn_sigma': 2.470047083658044, 'noise_gpe_sigma': 43.06953228927451, 'noise_gpi_sigma': 66.31006646264515, 'g_stn_gpe_mult': 1.178833711499916, 'g_gpe_stn_mult': 0.9509422062197143, 'g_stn_gpi_mult': 1.422867325483618, 'g_gpe_gpi_mult': 1.633458426279514}. Best is trial 58 with value: 0.4620693404512859.
[I 2026-05-28 22:28:02,580] Trial 155 finished with value: 0.7282352451150379 and parameters: {'ISTN': 102.31946545548942, 'I_gpe': 2.3879413910098735, 'I_gpi': 2.0437853179720347, 'noise_stn_sigma': 3.131773142302915, 'noise_gpe_sigma': 51.446921348188766, 'noise_gpi_sigma': 57.54618384099524, 'g_stn_gpe_mult': 1.4177538240094139, 'g_gpe_stn_mult': 0.9816490467955007, 'g_stn_gpi_mult': 1.3049933301827732, 'g_gpe_gpi_mult': 1.5841549184058359}. Best is trial 58 with value: 0.4620693404512859.
[I 2026-05-28 22:28:03,588] Trial 156 finished with value: 0.5596312507094888 and parameters: {'ISTN': 96.24910380839142, 'I_gpe': 2.0828003108484263, 'I_gpi': 2.4274014945645632, 'noise_stn_sigma': 2.583742713970803, 'noise_gpe_sigma': 45.67752238124739, 'noise_gpi_sigma': 59.58027687634026, 'g_stn_gpe_mult': 1.4563491588255104, 'g_gpe_stn_mult': 1.0361330474574326, 'g_stn_gpi_mult': 1.0976939492663944, 'g_gpe_gpi_mult': 1.8272152284062066}. Best is trial 58 with value: 0.4620693404512859.
[I 2026-05-28 22:28:04,592] Trial 157 finished with value: 105.05398672792285 and parameters: {'ISTN': 125.62181698247745, 'I_gpe': 3.210266482334139, 'I_gpi': 2.0323136638485044, 'noise_stn_sigma': 3.2067305780205446, 'noise_gpe_sigma': 50.885475045596706, 'noise_gpi_sigma': 57.95658467386394, 'g_stn_gpe_mult': 1.4282054821789092, 'g_gpe_stn_mult': 1.0477769481889552, 'g_stn_gpi_mult': 1.0678084094350173, 'g_gpe_gpi_mult': 1.768762779739021}. Best is trial 58 with value: 0.4620693404512859.
[I 2026-05-28 22:28:05,596] Trial 158 finished with value: 105.59895481744701 and parameters: {'ISTN': 102.01235993264126, 'I_gpe': 2.5479419924016753, 'I_gpi': 1.6742420034445562, 'noise_stn_sigma': 2.304311107056996, 'noise_gpe_sigma': 39.91388406889921, 'noise_gpi_sigma': 46.60728164974425, 'g_stn_gpe_mult': 1.3999750736748, 'g_gpe_stn_mult': 1.1399753851911225, 'g_stn_gpi_mult': 1.1829627887814793, 'g_gpe_gpi_mult': 1.6059648458654119}. Best is trial 58 with value: 0.4620693404512859.
[I 2026-05-28 22:28:06,606] Trial 159 finished with value: 5.972471411274987 and parameters: {'ISTN': 90.86886934020578, 'I_gpe': 1.6638756955544936, 'I_gpi': 3.169199737859671, 'noise_stn_sigma': 2.943895411683437, 'noise_gpe_sigma': 28.902458831241944, 'noise_gpi_sigma': 48.31109853462974, 'g_stn_gpe_mult': 1.1036913794666015, 'g_gpe_stn_mult': 1.017665351527691, 'g_stn_gpi_mult': 1.031134375193814, 'g_gpe_gpi_mult': 1.6661539652127242}. Best is trial 58 with value: 0.4620693404512859.
[I 2026-05-28 22:28:07,608] Trial 160 finished with value: 105.49160168146105 and parameters: {'ISTN': 110.16490217376395, 'I_gpe': 2.970628466682426, 'I_gpi': 2.6909255796812808, 'noise_stn_sigma': 2.6925986636817965, 'noise_gpe_sigma': 25.208732658058505, 'noise_gpi_sigma': 46.67473037001253, 'g_stn_gpe_mult': 1.4623168288147421, 'g_gpe_stn_mult': 1.0176821158043072, 'g_stn_gpi_mult': 1.2694144348363503, 'g_gpe_gpi_mult': 1.739981177333597}. Best is trial 58 with value: 0.4620693404512859.
[I 2026-05-28 22:28:08,611] Trial 161 finished with value: 1.760194670678797 and parameters: {'ISTN': 97.78087505102181, 'I_gpe': 2.1219214546084766, 'I_gpi': 2.483287932675228, 'noise_stn_sigma': 1.807080447449043, 'noise_gpe_sigma': 38.09505956486683, 'noise_gpi_sigma': 58.55969061175937, 'g_stn_gpe_mult': 1.4649458110454259, 'g_gpe_stn_mult': 1.0628607036943087, 'g_stn_gpi_mult': 1.1938449712956083, 'g_gpe_gpi_mult': 1.7058334096076886}. Best is trial 58 with value: 0.4620693404512859.
[I 2026-05-28 22:28:09,621] Trial 162 finished with value: 1.7480508178656144 and parameters: {'ISTN': 93.07140704781212, 'I_gpe': 1.896480926232301, 'I_gpi': 1.196390421258037, 'noise_stn_sigma': 2.7822736971787414, 'noise_gpe_sigma': 58.28715434733001, 'noise_gpi_sigma': 58.92179834845487, 'g_stn_gpe_mult': 1.440285037817415, 'g_gpe_stn_mult': 1.060617547520756, 'g_stn_gpi_mult': 1.299391791300093, 'g_gpe_gpi_mult': 1.7021122918149816}. Best is trial 58 with value: 0.4620693404512859.
[I 2026-05-28 22:28:10,628] Trial 163 finished with value: 14.181247208908648 and parameters: {'ISTN': 92.70468965541275, 'I_gpe': 1.7827742128303106, 'I_gpi': 2.5363511389510434, 'noise_stn_sigma': 2.5886230166989286, 'noise_gpe_sigma': 51.5735130384254, 'noise_gpi_sigma': 56.019356904175154, 'g_stn_gpe_mult': 1.7176535043207815, 'g_gpe_stn_mult': 0.7471938288844063, 'g_stn_gpi_mult': 1.195076755904613, 'g_gpe_gpi_mult': 1.6668975678754547}. Best is trial 58 with value: 0.4620693404512859.
[I 2026-05-28 22:28:11,636] Trial 164 finished with value: 11.377108350267266 and parameters: {'ISTN': 95.36549892930009, 'I_gpe': 1.3196078765158838, 'I_gpi': 2.6029507387249358, 'noise_stn_sigma': 2.6390863629027144, 'noise_gpe_sigma': 42.132605836092566, 'noise_gpi_sigma': 59.714749058338356, 'g_stn_gpe_mult': 1.5285756457038104, 'g_gpe_stn_mult': 1.0554478509598706, 'g_stn_gpi_mult': 0.9879940286739256, 'g_gpe_gpi_mult': 1.787700421677058}. Best is trial 58 with value: 0.4620693404512859.
[I 2026-05-28 22:28:12,646] Trial 165 finished with value: 7.789064718368252 and parameters: {'ISTN': 104.79566767901028, 'I_gpe': 1.7472851313401438, 'I_gpi': 2.857880396510891, 'noise_stn_sigma': 3.151519177972972, 'noise_gpe_sigma': 44.208350359131835, 'noise_gpi_sigma': 51.21319912327962, 'g_stn_gpe_mult': 1.5943584800072972, 'g_gpe_stn_mult': 1.1014044057859886, 'g_stn_gpi_mult': 1.2974755104021571, 'g_gpe_gpi_mult': 1.6742174543740638}. Best is trial 58 with value: 0.4620693404512859.
[I 2026-05-28 22:28:13,653] Trial 166 finished with value: 28.894928014030445 and parameters: {'ISTN': 118.9822809692381, 'I_gpe': 2.0812248567738987, 'I_gpi': 3.232715313760562, 'noise_stn_sigma': 2.982650401362807, 'noise_gpe_sigma': 32.74962270717114, 'noise_gpi_sigma': 63.25653131024332, 'g_stn_gpe_mult': 1.1827713130742814, 'g_gpe_stn_mult': 0.9827791273762307, 'g_stn_gpi_mult': 1.0088470737327482, 'g_gpe_gpi_mult': 1.598345205012944}. Best is trial 58 with value: 0.4620693404512859.
[I 2026-05-28 22:28:14,655] Trial 167 finished with value: 105.15451390873481 and parameters: {'ISTN': 115.41385756355722, 'I_gpe': 2.843984020532882, 'I_gpi': 1.7892568298784177, 'noise_stn_sigma': 2.8356885205357902, 'noise_gpe_sigma': 48.65032790908735, 'noise_gpi_sigma': 59.85067692500214, 'g_stn_gpe_mult': 1.4642692992759418, 'g_gpe_stn_mult': 1.0661506140373016, 'g_stn_gpi_mult': 1.1842749909370653, 'g_gpe_gpi_mult': 1.6804488216199784}. Best is trial 58 with value: 0.4620693404512859.
[I 2026-05-28 22:28:15,664] Trial 168 finished with value: 15.88006963043835 and parameters: {'ISTN': 97.5805513256029, 'I_gpe': 1.088841283777282, 'I_gpi': 1.7271671033942257, 'noise_stn_sigma': 3.0544706310966876, 'noise_gpe_sigma': 34.716706227706624, 'noise_gpi_sigma': 53.61980792661811, 'g_stn_gpe_mult': 1.291016162554232, 'g_gpe_stn_mult': 1.0649548594334897, 'g_stn_gpi_mult': 1.0073004757711936, 'g_gpe_gpi_mult': 1.6139265418276865}. Best is trial 58 with value: 0.4620693404512859.
[I 2026-05-28 22:28:16,673] Trial 169 finished with value: 25.387607006775426 and parameters: {'ISTN': 108.51586006493211, 'I_gpe': 1.1839138056660505, 'I_gpi': 3.1593499411802615, 'noise_stn_sigma': 3.0267602135154035, 'noise_gpe_sigma': 57.009166921787624, 'noise_gpi_sigma': 52.24837780493415, 'g_stn_gpe_mult': 1.470308605803224, 'g_gpe_stn_mult': 1.0398542066567602, 'g_stn_gpi_mult': 1.1427688840738845, 'g_gpe_gpi_mult': 1.7515835591939233}. Best is trial 58 with value: 0.4620693404512859.
[I 2026-05-28 22:28:17,683] Trial 170 finished with value: 29.652802648834022 and parameters: {'ISTN': 115.9696126804688, 'I_gpe': 1.9003088264292125, 'I_gpi': 2.425294543335079, 'noise_stn_sigma': 3.3046529466480252, 'noise_gpe_sigma': 42.98383872148129, 'noise_gpi_sigma': 51.17796276483493, 'g_stn_gpe_mult': 1.602862117936518, 'g_gpe_stn_mult': 0.9287183758019941, 'g_stn_gpi_mult': 1.0744599889418867, 'g_gpe_gpi_mult': 1.8305597512974803}. Best is trial 58 with value: 0.4620693404512859.
[I 2026-05-28 22:28:18,693] Trial 171 finished with value: 13.171161725365854 and parameters: {'ISTN': 100.83823481147257, 'I_gpe': 1.3597833843352722, 'I_gpi': 1.4811805497791781, 'noise_stn_sigma': 2.542977252481099, 'noise_gpe_sigma': 54.41141012706223, 'noise_gpi_sigma': 63.272561680197825, 'g_stn_gpe_mult': 1.413400078580775, 'g_gpe_stn_mult': 1.0921267423508247, 'g_stn_gpi_mult': 1.005634028176372, 'g_gpe_gpi_mult': 1.6720129948796107}. Best is trial 58 with value: 0.4620693404512859.
[I 2026-05-28 22:28:19,701] Trial 172 finished with value: 2.4871119487069033 and parameters: {'ISTN': 110.96587408682436, 'I_gpe': 2.0917538915933225, 'I_gpi': 2.137544564787197, 'noise_stn_sigma': 2.659470325710715, 'noise_gpe_sigma': 62.471060164299956, 'noise_gpi_sigma': 57.035826566000054, 'g_stn_gpe_mult': 1.3070014838171942, 'g_gpe_stn_mult': 1.115918789132805, 'g_stn_gpi_mult': 1.422801364729786, 'g_gpe_gpi_mult': 1.679451305401551}. Best is trial 58 with value: 0.4620693404512859.
[I 2026-05-28 22:28:20,704] Trial 173 finished with value: 105.56008264451407 and parameters: {'ISTN': 92.46896614743463, 'I_gpe': 2.588049076579781, 'I_gpi': 2.7214373880015854, 'noise_stn_sigma': 3.272371587099454, 'noise_gpe_sigma': 45.63031338712291, 'noise_gpi_sigma': 67.5475906695822, 'g_stn_gpe_mult': 1.867666981646689, 'g_gpe_stn_mult': 1.0629705445732445, 'g_stn_gpi_mult': 1.3421515167536868, 'g_gpe_gpi_mult': 1.6716798006277975}. Best is trial 58 with value: 0.4620693404512859.
[I 2026-05-28 22:28:21,711] Trial 174 finished with value: 0.4176381792428698 and parameters: {'ISTN': 104.15862686251006, 'I_gpe': 2.414067753252679, 'I_gpi': 1.8879441888119841, 'noise_stn_sigma': 2.057012128360824, 'noise_gpe_sigma': 62.9891918785368, 'noise_gpi_sigma': 56.49698458015789, 'g_stn_gpe_mult': 1.3606523905628136, 'g_gpe_stn_mult': 1.0029093083258585, 'g_stn_gpi_mult': 1.4033461142106154, 'g_gpe_gpi_mult': 1.6639443538417726}. Best is trial 174 with value: 0.4176381792428698.
[I 2026-05-28 22:28:22,719] Trial 175 finished with value: 6.3841219992480225 and parameters: {'ISTN': 99.67194383740463, 'I_gpe': 2.462751441195574, 'I_gpi': 2.509646526077163, 'noise_stn_sigma': 2.462513538124909, 'noise_gpe_sigma': 52.041100502152965, 'noise_gpi_sigma': 66.03305016101706, 'g_stn_gpe_mult': 1.391456603372775, 'g_gpe_stn_mult': 0.8498508030799785, 'g_stn_gpi_mult': 1.3055759757840133, 'g_gpe_gpi_mult': 1.5622302416818503}. Best is trial 174 with value: 0.4176381792428698.
