[I 2026-05-28 23:04:48,716] Trial 308 finished with value: 2.4945959264369058 and parameters: {'ISTN': 93.88025441522467, 'I_gpe': 2.7758874926164183, 'I_gpi': 1.719984199335773, 'noise_stn_sigma': 3.055645616847353, 'noise_gpe_sigma': 41.42577290445031, 'noise_gpi_sigma': 23.684494303313716, 'g_stn_gpe_mult': 1.1835853128908176, 'g_gpe_stn_mult': 0.8676249439916246, 'g_stn_gpi_mult': 1.7006535168581842, 'g_gpe_gpi_mult': 1.6839585064483475}. Best is trial 99 with value: 0.2422004780435466.
[I 2026-05-28 23:04:49,722] Trial 309 finished with value: 0.3111147711230302 and parameters: {'ISTN': 87.62355049483847, 'I_gpe': 3.0387926935787712, 'I_gpi': 2.5620897099323776, 'noise_stn_sigma': 3.0649028232336164, 'noise_gpe_sigma': 41.99244873687826, 'noise_gpi_sigma': 34.51602044025852, 'g_stn_gpe_mult': 1.416201089322223, 'g_gpe_stn_mult': 0.7323502054220569, 'g_stn_gpi_mult': 1.625248895715575, 'g_gpe_gpi_mult': 1.5682663293915398}. Best is trial 99 with value: 0.2422004780435466.
[I 2026-05-28 23:04:50,728] Trial 310 finished with value: 8.305573660780343 and parameters: {'ISTN': 100.42448046718827, 'I_gpe': 3.317482661889446, 'I_gpi': 2.0324323225136967, 'noise_stn_sigma': 2.0954742210412283, 'noise_gpe_sigma': 35.2592188031544, 'noise_gpi_sigma': 17.684253406240902, 'g_stn_gpe_mult': 1.422753217709222, 'g_gpe_stn_mult': 0.6748391201298976, 'g_stn_gpi_mult': 1.7629147362622362, 'g_gpe_gpi_mult': 1.601979083358128}. Best is trial 99 with value: 0.2422004780435466.
[I 2026-05-28 23:04:51,730] Trial 311 finished with value: 3.833927910631659 and parameters: {'ISTN': 91.30711022649722, 'I_gpe': 3.3403660717388775, 'I_gpi': 2.2386646555775336, 'noise_stn_sigma': 3.00059937577404, 'noise_gpe_sigma': 35.725298029882595, 'noise_gpi_sigma': 25.25866058957872, 'g_stn_gpe_mult': 1.2769363096123834, 'g_gpe_stn_mult': 0.7478204750786636, 'g_stn_gpi_mult': 1.6320063355045804, 'g_gpe_gpi_mult': 1.573799226618233}. Best is trial 99 with value: 0.2422004780435466.
[I 2026-05-28 23:04:52,738] Trial 312 finished with value: 0.6490116276927846 and parameters: {'ISTN': 88.39324864549346, 'I_gpe': 2.724325811445395, 'I_gpi': 2.143301466124848, 'noise_stn_sigma': 2.223701545125596, 'noise_gpe_sigma': 37.75450523161662, 'noise_gpi_sigma': 27.036944016981824, 'g_stn_gpe_mult': 1.4183109415131008, 'g_gpe_stn_mult': 0.7636535332191376, 'g_stn_gpi_mult': 1.6273372519940974, 'g_gpe_gpi_mult': 1.52714270962237}. Best is trial 99 with value: 0.2422004780435466.
[I 2026-05-28 23:04:53,746] Trial 313 finished with value: 7.23741153518955 and parameters: {'ISTN': 93.70772079273694, 'I_gpe': 2.0964912878452795, 'I_gpi': 1.8553256781826937, 'noise_stn_sigma': 2.488682200090963, 'noise_gpe_sigma': 29.44598389910056, 'noise_gpi_sigma': 23.29894997549508, 'g_stn_gpe_mult': 1.3351697695675953, 'g_gpe_stn_mult': 0.8774458985641493, 'g_stn_gpi_mult': 1.7195985806221845, 'g_gpe_gpi_mult': 1.6959677745062274}. Best is trial 99 with value: 0.2422004780435466.
[I 2026-05-28 23:04:54,750] Trial 314 finished with value: 2.993498985539688 and parameters: {'ISTN': 93.65460479601525, 'I_gpe': 3.4489333949766783, 'I_gpi': 2.317927591660165, 'noise_stn_sigma': 2.5693870925668647, 'noise_gpe_sigma': 31.800816519196268, 'noise_gpi_sigma': 27.833500858010694, 'g_stn_gpe_mult': 1.3324391199460055, 'g_gpe_stn_mult': 0.7241697922647123, 'g_stn_gpi_mult': 1.6985118299812842, 'g_gpe_gpi_mult': 1.5541482528099364}. Best is trial 99 with value: 0.2422004780435466.
[I 2026-05-28 23:04:55,757] Trial 315 finished with value: 1.3078013676597238 and parameters: {'ISTN': 83.52719426149976, 'I_gpe': 2.9907036230442663, 'I_gpi': 2.601902758176413, 'noise_stn_sigma': 2.58488779207254, 'noise_gpe_sigma': 32.707288059365105, 'noise_gpi_sigma': 30.881839166348506, 'g_stn_gpe_mult': 1.3906878913800407, 'g_gpe_stn_mult': 0.7311379935723488, 'g_stn_gpi_mult': 1.5830498677473992, 'g_gpe_gpi_mult': 1.5917807803519446}. Best is trial 99 with value: 0.2422004780435466.
[I 2026-05-28 23:04:56,766] Trial 316 finished with value: 2.9669892392326838 and parameters: {'ISTN': 86.4012606314924, 'I_gpe': 2.3335105149664717, 'I_gpi': 2.1903295628182167, 'noise_stn_sigma': 3.009378194849764, 'noise_gpe_sigma': 36.659071871521405, 'noise_gpi_sigma': 34.1684815258521, 'g_stn_gpe_mult': 1.4120791586987294, 'g_gpe_stn_mult': 0.8104435171678481, 'g_stn_gpi_mult': 1.8291262730451174, 'g_gpe_gpi_mult': 1.5954718778941088}. Best is trial 99 with value: 0.2422004780435466.
[I 2026-05-28 23:04:57,774] Trial 317 finished with value: 2.9996515730921818 and parameters: {'ISTN': 106.64394280336757, 'I_gpe': 3.5311850462446155, 'I_gpi': 1.8266326884590485, 'noise_stn_sigma': 3.017697040397225, 'noise_gpe_sigma': 38.14069431759311, 'noise_gpi_sigma': 33.78971173754023, 'g_stn_gpe_mult': 1.3577072158050378, 'g_gpe_stn_mult': 0.7135888274366006, 'g_stn_gpi_mult': 1.6567427571546034, 'g_gpe_gpi_mult': 1.5471925078950806}. Best is trial 99 with value: 0.2422004780435466.
[I 2026-05-28 23:04:58,780] Trial 318 finished with value: 1.9873467421206032 and parameters: {'ISTN': 87.85974075848615, 'I_gpe': 2.439314263725331, 'I_gpi': 2.7280874741111703, 'noise_stn_sigma': 1.90130573065442, 'noise_gpe_sigma': 31.46431094648889, 'noise_gpi_sigma': 33.835608661601064, 'g_stn_gpe_mult': 1.435845709604314, 'g_gpe_stn_mult': 0.8865954180544036, 'g_stn_gpi_mult': 1.598718977337435, 'g_gpe_gpi_mult': 1.6719859067188376}. Best is trial 99 with value: 0.2422004780435466.
[I 2026-05-28 23:04:59,789] Trial 319 finished with value: 0.6578818258583536 and parameters: {'ISTN': 91.3197175625597, 'I_gpe': 2.897386518575702, 'I_gpi': 2.76753964340156, 'noise_stn_sigma': 2.673182511569632, 'noise_gpe_sigma': 35.33600689824405, 'noise_gpi_sigma': 32.3422391757282, 'g_stn_gpe_mult': 1.5174593499669646, 'g_gpe_stn_mult': 0.7871040531911531, 'g_stn_gpi_mult': 1.6736480315534221, 'g_gpe_gpi_mult': 1.5524183273778376}. Best is trial 99 with value: 0.2422004780435466.
[I 2026-05-28 23:05:00,794] Trial 320 finished with value: 1.1180407751652235 and parameters: {'ISTN': 94.51784529338887, 'I_gpe': 2.955066982052344, 'I_gpi': 2.550806835057302, 'noise_stn_sigma': 2.785431122289803, 'noise_gpe_sigma': 42.320724133888866, 'noise_gpi_sigma': 29.64492871807979, 'g_stn_gpe_mult': 1.491685134666224, 'g_gpe_stn_mult': 0.7623674441553163, 'g_stn_gpi_mult': 1.6609325609436303, 'g_gpe_gpi_mult': 1.5807137375332165}. Best is trial 99 with value: 0.2422004780435466.
[I 2026-05-28 23:05:01,797] Trial 321 finished with value: 105.42159063957915 and parameters: {'ISTN': 88.1927249950198, 'I_gpe': 2.867691196187385, 'I_gpi': 1.6824840847162983, 'noise_stn_sigma': 2.3702518948027738, 'noise_gpe_sigma': 34.33302073945596, 'noise_gpi_sigma': 24.303211489558482, 'g_stn_gpe_mult': 1.3059978461660056, 'g_gpe_stn_mult': 0.8928772147625004, 'g_stn_gpi_mult': 1.6121514174647849, 'g_gpe_gpi_mult': 1.5040311938850526}. Best is trial 99 with value: 0.2422004780435466.
[I 2026-05-28 23:05:02,801] Trial 322 finished with value: 1.7184493702235044 and parameters: {'ISTN': 96.75662078935365, 'I_gpe': 2.8176284454257656, 'I_gpi': 2.9166726978088358, 'noise_stn_sigma': 2.8532279363660544, 'noise_gpe_sigma': 29.83819173389751, 'noise_gpi_sigma': 33.359578652665746, 'g_stn_gpe_mult': 1.4667149974073346, 'g_gpe_stn_mult': 0.8506428075375598, 'g_stn_gpi_mult': 1.6964768858885557, 'g_gpe_gpi_mult': 1.3874833777388778}. Best is trial 99 with value: 0.2422004780435466.
[I 2026-05-28 23:05:03,809] Trial 323 finished with value: 7.161615655000126 and parameters: {'ISTN': 88.6943067092869, 'I_gpe': 2.9520358136684903, 'I_gpi': 1.9236029878010363, 'noise_stn_sigma': 2.7439490131018163, 'noise_gpe_sigma': 42.31429952469281, 'noise_gpi_sigma': 13.578772903735727, 'g_stn_gpe_mult': 1.4673792222938173, 'g_gpe_stn_mult': 0.6475550499006382, 'g_stn_gpi_mult': 1.6568253410525564, 'g_gpe_gpi_mult': 1.5387594119655}. Best is trial 99 with value: 0.2422004780435466.
[I 2026-05-28 23:05:04,815] Trial 324 finished with value: 1.6684174952168154 and parameters: {'ISTN': 97.45667522730031, 'I_gpe': 2.9931232353857276, 'I_gpi': 2.9249541444722187, 'noise_stn_sigma': 2.48595471681766, 'noise_gpe_sigma': 33.39278649174623, 'noise_gpi_sigma': 31.974528423874983, 'g_stn_gpe_mult': 1.489814356435652, 'g_gpe_stn_mult': 0.8197833754751712, 'g_stn_gpi_mult': 1.5675757092944647, 'g_gpe_gpi_mult': 1.6836982271298107}. Best is trial 99 with value: 0.2422004780435466.
[I 2026-05-28 23:05:05,820] Trial 325 finished with value: 1.9414764554214436 and parameters: {'ISTN': 88.07004098207767, 'I_gpe': 2.682210279022727, 'I_gpi': 2.348483671698353, 'noise_stn_sigma': 2.484713966454179, 'noise_gpe_sigma': 40.62029668906736, 'noise_gpi_sigma': 24.78112422187845, 'g_stn_gpe_mult': 1.4512644205082774, 'g_gpe_stn_mult': 0.7505643370605946, 'g_stn_gpi_mult': 1.723292890413475, 'g_gpe_gpi_mult': 1.4752888342023398}. Best is trial 99 with value: 0.2422004780435466.
[I 2026-05-28 23:05:06,825] Trial 326 finished with value: 5.753635412238017 and parameters: {'ISTN': 101.12905826426181, 'I_gpe': 2.4039980694486847, 'I_gpi': 2.707986243406895, 'noise_stn_sigma': 2.333673309284066, 'noise_gpe_sigma': 49.37105054898533, 'noise_gpi_sigma': 30.75901041493192, 'g_stn_gpe_mult': 1.5765529608856297, 'g_gpe_stn_mult': 0.8819491793292862, 'g_stn_gpi_mult': 1.5502277460243825, 'g_gpe_gpi_mult': 1.4657654439575116}. Best is trial 99 with value: 0.2422004780435466.
[I 2026-05-28 23:05:07,830] Trial 327 finished with value: 0.6954428552496962 and parameters: {'ISTN': 90.9894841706517, 'I_gpe': 2.627247887399688, 'I_gpi': 2.8287092445810256, 'noise_stn_sigma': 2.7094152077398808, 'noise_gpe_sigma': 37.02296373127865, 'noise_gpi_sigma': 29.10043581533027, 'g_stn_gpe_mult': 1.573207253742862, 'g_gpe_stn_mult': 0.8434302839191133, 'g_stn_gpi_mult': 1.677030370679975, 'g_gpe_gpi_mult': 1.5230518399243236}. Best is trial 99 with value: 0.2422004780435466.
[I 2026-05-28 23:05:08,835] Trial 328 finished with value: 2.142929344906575 and parameters: {'ISTN': 82.62005423325851, 'I_gpe': 2.9412416156876904, 'I_gpi': 2.129948689343033, 'noise_stn_sigma': 2.4764285688809213, 'noise_gpe_sigma': 37.36039003915219, 'noise_gpi_sigma': 38.53645294884822, 'g_stn_gpe_mult': 1.631599428233374, 'g_gpe_stn_mult': 0.7554956070843181, 'g_stn_gpi_mult': 1.634369092838836, 'g_gpe_gpi_mult': 1.675196387295027}. Best is trial 99 with value: 0.2422004780435466.
[I 2026-05-28 23:05:09,840] Trial 329 finished with value: 1.1261398752333402 and parameters: {'ISTN': 80.58286554360086, 'I_gpe': 2.6778355328687202, 'I_gpi': 2.508224878523741, 'noise_stn_sigma': 2.446364194938468, 'noise_gpe_sigma': 37.731545272036726, 'noise_gpi_sigma': 32.793939800045166, 'g_stn_gpe_mult': 1.4525155585346758, 'g_gpe_stn_mult': 0.7693673717920957, 'g_stn_gpi_mult': 1.7325287187927603, 'g_gpe_gpi_mult': 1.6196694302894286}. Best is trial 99 with value: 0.2422004780435466.
[I 2026-05-28 23:05:10,848] Trial 330 finished with value: 2.70493114739163 and parameters: {'ISTN': 93.50220789153133, 'I_gpe': 2.877731267782482, 'I_gpi': 3.0520797776264006, 'noise_stn_sigma': 3.259663560542758, 'noise_gpe_sigma': 46.06114583509724, 'noise_gpi_sigma': 25.922164033083924, 'g_stn_gpe_mult': 1.3699853535537947, 'g_gpe_stn_mult': 0.7628373059882073, 'g_stn_gpi_mult': 1.6073278037550551, 'g_gpe_gpi_mult': 1.447535130217581}. Best is trial 99 with value: 0.2422004780435466.
[I 2026-05-28 23:05:11,855] Trial 331 finished with value: 1.2770230345913334 and parameters: {'ISTN': 104.68979230751692, 'I_gpe': 2.9110765582317977, 'I_gpi': 3.0750609695634914, 'noise_stn_sigma': 2.4029016292880927, 'noise_gpe_sigma': 29.785923590665078, 'noise_gpi_sigma': 43.675816401874, 'g_stn_gpe_mult': 1.5771071245609782, 'g_gpe_stn_mult': 0.8719821340607944, 'g_stn_gpi_mult': 1.7579198425983584, 'g_gpe_gpi_mult': 1.5087270479356913}. Best is trial 99 with value: 0.2422004780435466.
[I 2026-05-28 23:05:12,858] Trial 332 finished with value: 4.392783563120826 and parameters: {'ISTN': 93.92082342308981, 'I_gpe': 2.7096384681927024, 'I_gpi': 3.4300468512286058, 'noise_stn_sigma': 2.791719867059089, 'noise_gpe_sigma': 37.46672531930621, 'noise_gpi_sigma': 33.326598213656524, 'g_stn_gpe_mult': 1.7398546975379952, 'g_gpe_stn_mult': 0.8993352687192327, 'g_stn_gpi_mult': 1.6080547932468752, 'g_gpe_gpi_mult': 1.5760034742586317}. Best is trial 99 with value: 0.2422004780435466.
[I 2026-05-28 23:05:13,865] Trial 333 finished with value: 0.6679796218435682 and parameters: {'ISTN': 88.82299904453112, 'I_gpe': 2.8406893184767634, 'I_gpi': 2.725485982689304, 'noise_stn_sigma': 2.6616751529296527, 'noise_gpe_sigma': 35.39966579039927, 'noise_gpi_sigma': 33.902407201425525, 'g_stn_gpe_mult': 1.6086834591451564, 'g_gpe_stn_mult': 0.780689017392176, 'g_stn_gpi_mult': 1.6035054704009677, 'g_gpe_gpi_mult': 1.552967857799184}. Best is trial 99 with value: 0.2422004780435466.
[I 2026-05-28 23:05:14,872] Trial 334 finished with value: 1.7283926111802967 and parameters: {'ISTN': 86.20687637389335, 'I_gpe': 2.3266166795827896, 'I_gpi': 2.726899391135018, 'noise_stn_sigma': 2.5598680125507034, 'noise_gpe_sigma': 38.20532704669329, 'noise_gpi_sigma': 29.42134800965641, 'g_stn_gpe_mult': 1.4572025807530848, 'g_gpe_stn_mult': 0.8312681422342352, 'g_stn_gpi_mult': 1.5747621525268145, 'g_gpe_gpi_mult': 1.5426464526175363}. Best is trial 99 with value: 0.2422004780435466.
[I 2026-05-28 23:05:15,877] Trial 335 finished with value: 2.803754679578187 and parameters: {'ISTN': 89.59905952383124, 'I_gpe': 2.6859794348721158, 'I_gpi': 2.684372310847589, 'noise_stn_sigma': 2.7767899822655666, 'noise_gpe_sigma': 36.87086624778055, 'noise_gpi_sigma': 32.139285243279886, 'g_stn_gpe_mult': 1.372169018515031, 'g_gpe_stn_mult': 0.8566845224304606, 'g_stn_gpi_mult': 1.7000502485703768, 'g_gpe_gpi_mult': 1.484937695785413}. Best is trial 99 with value: 0.2422004780435466.
[I 2026-05-28 23:05:16,887] Trial 336 finished with value: 1.663450485495366 and parameters: {'ISTN': 100.49347899895696, 'I_gpe': 2.9330082967983566, 'I_gpi': 2.869377041975717, 'noise_stn_sigma': 2.5299539913587052, 'noise_gpe_sigma': 37.74532589434658, 'noise_gpi_sigma': 28.44387425272425, 'g_stn_gpe_mult': 1.6453755933954994, 'g_gpe_stn_mult': 0.7941210180017487, 'g_stn_gpi_mult': 1.6453757880950801, 'g_gpe_gpi_mult': 1.6377090614562275}. Best is trial 99 with value: 0.2422004780435466.
[I 2026-05-28 23:05:17,895] Trial 337 finished with value: 0.5519508382735173 and parameters: {'ISTN': 86.14641638092965, 'I_gpe': 2.369875197039991, 'I_gpi': 2.3530498320433058, 'noise_stn_sigma': 2.5855740318274143, 'noise_gpe_sigma': 40.051028921586905, 'noise_gpi_sigma': 35.70214908770373, 'g_stn_gpe_mult': 1.4635680910279902, 'g_gpe_stn_mult': 0.8489702174935463, 'g_stn_gpi_mult': 1.6147117088311063, 'g_gpe_gpi_mult': 1.6136375009099206}. Best is trial 99 with value: 0.2422004780435466.
[I 2026-05-28 23:05:18,901] Trial 338 finished with value: 1.1362676788968635 and parameters: {'ISTN': 86.15671993902706, 'I_gpe': 2.8322640575039704, 'I_gpi': 2.7236278901222635, 'noise_stn_sigma': 2.734713681903331, 'noise_gpe_sigma': 34.56227798497096, 'noise_gpi_sigma': 22.36008795504282, 'g_stn_gpe_mult': 1.5123519532760192, 'g_gpe_stn_mult': 0.7734669008259467, 'g_stn_gpi_mult': 1.6505088231220597, 'g_gpe_gpi_mult': 1.57869862462338}. Best is trial 99 with value: 0.2422004780435466.
[I 2026-05-28 23:05:19,906] Trial 339 finished with value: 2.0276485376378863 and parameters: {'ISTN': 86.90846948098489, 'I_gpe': 2.87333568988029, 'I_gpi': 1.8692851619451694, 'noise_stn_sigma': 2.661519912130468, 'noise_gpe_sigma': 40.83704072625122, 'noise_gpi_sigma': 30.38834785322554, 'g_stn_gpe_mult': 1.5521758285108098, 'g_gpe_stn_mult': 0.7901961536422151, 'g_stn_gpi_mult': 1.5756896757128467, 'g_gpe_gpi_mult': 1.6132012588012377}. Best is trial 99 with value: 0.2422004780435466.
[I 2026-05-28 23:05:20,913] Trial 340 finished with value: 4.287635184559862 and parameters: {'ISTN': 86.85258442171738, 'I_gpe': 2.16209465428181, 'I_gpi': 2.830042908010484, 'noise_stn_sigma': 2.8205186537267535, 'noise_gpe_sigma': 38.608891452586725, 'noise_gpi_sigma': 29.228065374978602, 'g_stn_gpe_mult': 1.555884981080526, 'g_gpe_stn_mult': 0.8377686935692717, 'g_stn_gpi_mult': 1.6927284406763574, 'g_gpe_gpi_mult': 1.6292223820978626}. Best is trial 99 with value: 0.2422004780435466.
[I 2026-05-28 23:05:21,920] Trial 341 finished with value: 5.379543341832732 and parameters: {'ISTN': 92.88677846005622, 'I_gpe': 2.4218584755646684, 'I_gpi': 2.7874276672783163, 'noise_stn_sigma': 2.6818403481513324, 'noise_gpe_sigma': 43.70903724388512, 'noise_gpi_sigma': 36.22631364082426, 'g_stn_gpe_mult': 1.6992254318552782, 'g_gpe_stn_mult': 0.804244893573778, 'g_stn_gpi_mult': 1.5872783339439405, 'g_gpe_gpi_mult': 1.550465067485327}. Best is trial 99 with value: 0.2422004780435466.
[I 2026-05-28 23:05:22,925] Trial 342 finished with value: 0.7450152222718309 and parameters: {'ISTN': 88.64252510869832, 'I_gpe': 2.609305849486019, 'I_gpi': 2.6629645713125627, 'noise_stn_sigma': 2.894761228412136, 'noise_gpe_sigma': 36.34742085675728, 'noise_gpi_sigma': 28.7251513074809, 'g_stn_gpe_mult': 1.457438246701369, 'g_gpe_stn_mult': 0.8017236142090804, 'g_stn_gpi_mult': 1.6264167310131996, 'g_gpe_gpi_mult': 1.459085260374827}. Best is trial 99 with value: 0.2422004780435466.
[I 2026-05-28 23:05:23,929] Trial 343 finished with value: 1.2606987107052128 and parameters: {'ISTN': 86.22791270890207, 'I_gpe': 2.1488241788245195, 'I_gpi': 2.028407433353115, 'noise_stn_sigma': 2.6805793100952946, 'noise_gpe_sigma': 37.771330157470175, 'noise_gpi_sigma': 36.48669430146009, 'g_stn_gpe_mult': 1.4419764295400306, 'g_gpe_stn_mult': 0.9496589007158246, 'g_stn_gpi_mult': 1.710038570054368, 'g_gpe_gpi_mult': 1.5790128863774417}. Best is trial 99 with value: 0.2422004780435466.
[I 2026-05-28 23:05:24,935] Trial 344 finished with value: 2.485495206271283 and parameters: {'ISTN': 92.89893639611414, 'I_gpe': 2.7189984155736453, 'I_gpi': 2.1310022328131066, 'noise_stn_sigma': 2.8221060934158646, 'noise_gpe_sigma': 36.499867306806195, 'noise_gpi_sigma': 33.17706220885706, 'g_stn_gpe_mult': 1.3627045864024767, 'g_gpe_stn_mult': 0.7700839524118608, 'g_stn_gpi_mult': 1.6842652138115766, 'g_gpe_gpi_mult': 1.3842643378098465}. Best is trial 99 with value: 0.2422004780435466.
[I 2026-05-28 23:05:25,941] Trial 345 finished with value: 0.7513375928471805 and parameters: {'ISTN': 92.16396786666712, 'I_gpe': 3.0390793120567743, 'I_gpi': 2.2123712151604256, 'noise_stn_sigma': 2.8708573847725813, 'noise_gpe_sigma': 34.80240360191144, 'noise_gpi_sigma': 35.702931550091094, 'g_stn_gpe_mult': 1.5175308852080813, 'g_gpe_stn_mult': 0.7663620168397975, 'g_stn_gpi_mult': 1.8204466621520177, 'g_gpe_gpi_mult': 1.4720126598644132}. Best is trial 99 with value: 0.2422004780435466.
[I 2026-05-28 23:05:26,945] Trial 346 finished with value: 2.1971648616211996 and parameters: {'ISTN': 88.70033861074386, 'I_gpe': 2.6365943820562627, 'I_gpi': 2.4666424078443034, 'noise_stn_sigma': 2.469697889082261, 'noise_gpe_sigma': 35.48172457345349, 'noise_gpi_sigma': 29.50226167240815, 'g_stn_gpe_mult': 1.567463434964969, 'g_gpe_stn_mult': 0.8555400844094605, 'g_stn_gpi_mult': 1.615472690493561, 'g_gpe_gpi_mult': 1.6797834005355874}. Best is trial 99 with value: 0.2422004780435466.
[I 2026-05-28 23:05:27,950] Trial 347 finished with value: 1.120114590046331 and parameters: {'ISTN': 84.55945381944036, 'I_gpe': 2.506634704923493, 'I_gpi': 2.6601501856776224, 'noise_stn_sigma': 2.6401831747475613, 'noise_gpe_sigma': 34.57207527985167, 'noise_gpi_sigma': 28.905257032870118, 'g_stn_gpe_mult': 1.5869199725053234, 'g_gpe_stn_mult': 0.7785384341805696, 'g_stn_gpi_mult': 1.5905717475265386, 'g_gpe_gpi_mult': 1.497087333773813}. Best is trial 99 with value: 0.2422004780435466.
[I 2026-05-28 23:05:28,955] Trial 348 finished with value: 2.1258895075513218 and parameters: {'ISTN': 93.91206845099397, 'I_gpe': 2.8753504865204995, 'I_gpi': 1.9651831959409396, 'noise_stn_sigma': 2.4348004832279395, 'noise_gpe_sigma': 35.717935863741104, 'noise_gpi_sigma': 26.660086348899977, 'g_stn_gpe_mult': 1.4708422261730818, 'g_gpe_stn_mult': 0.7521829341815379, 'g_stn_gpi_mult': 1.6821654306462301, 'g_gpe_gpi_mult': 1.4759680404935858}. Best is trial 99 with value: 0.2422004780435466.
[I 2026-05-28 23:05:29,957] Trial 349 finished with value: 3.225470832465146 and parameters: {'ISTN': 87.36763587020229, 'I_gpe': 2.720044670619396, 'I_gpi': 3.0913878370642687, 'noise_stn_sigma': 2.5947722783511846, 'noise_gpe_sigma': 35.28067650896625, 'noise_gpi_sigma': 40.790697684912274, 'g_stn_gpe_mult': 1.6831661508929352, 'g_gpe_stn_mult': 0.8384612023311424, 'g_stn_gpi_mult': 1.5068895641934776, 'g_gpe_gpi_mult': 1.6072127138352088}. Best is trial 99 with value: 0.2422004780435466.
[I 2026-05-28 23:05:30,965] Trial 350 finished with value: 1.2952641195381966 and parameters: {'ISTN': 94.74678569991059, 'I_gpe': 2.5552802270470423, 'I_gpi': 2.3565072613504023, 'noise_stn_sigma': 2.44454048637577, 'noise_gpe_sigma': 38.63333092602612, 'noise_gpi_sigma': 28.00794240663497, 'g_stn_gpe_mult': 1.493122433005337, 'g_gpe_stn_mult': 0.837789413862057, 'g_stn_gpi_mult': 1.591621712929998, 'g_gpe_gpi_mult': 1.6267337811835247}. Best is trial 99 with value: 0.2422004780435466.
[I 2026-05-28 23:05:31,974] Trial 351 finished with value: 0.5276661806918509 and parameters: {'ISTN': 84.88666825200521, 'I_gpe': 2.3585739987008982, 'I_gpi': 2.4456966132856137, 'noise_stn_sigma': 2.8247862654218268, 'noise_gpe_sigma': 42.46878250482512, 'noise_gpi_sigma': 30.580410279382836, 'g_stn_gpe_mult': 1.3451930642054328, 'g_gpe_stn_mult': 0.8548579878267724, 'g_stn_gpi_mult': 1.6056149995794944, 'g_gpe_gpi_mult': 1.4860183961087108}. Best is trial 99 with value: 0.2422004780435466.
