[I 2026-05-28 23:04:04,572] Trial 264 finished with value: 0.933057755386796 and parameters: {'ISTN': 108.4370320628783, 'I_gpe': 3.643793075235318, 'I_gpi': 1.3927686747975914, 'noise_stn_sigma': 1.8814846860912602, 'noise_gpe_sigma': 24.972013959506558, 'noise_gpi_sigma': 24.70509180105657, 'g_stn_gpe_mult': 1.3630781346473528, 'g_gpe_stn_mult': 0.7347247633468021, 'g_stn_gpi_mult': 1.641898259477164, 'g_gpe_gpi_mult': 1.5851468390702188}. Best is trial 99 with value: 0.2422004780435466.
[I 2026-05-28 23:04:05,576] Trial 265 finished with value: 0.4607302301404216 and parameters: {'ISTN': 92.31562267939297, 'I_gpe': 3.5484275701507975, 'I_gpi': 1.3482714612306086, 'noise_stn_sigma': 2.642491350694282, 'noise_gpe_sigma': 35.31751869058879, 'noise_gpi_sigma': 26.107055558657493, 'g_stn_gpe_mult': 1.362216626811384, 'g_gpe_stn_mult': 0.6617435632404103, 'g_stn_gpi_mult': 1.6450190124693496, 'g_gpe_gpi_mult': 1.4396896043750078}. Best is trial 99 with value: 0.2422004780435466.
[I 2026-05-28 23:04:06,584] Trial 266 finished with value: 0.6659636583110881 and parameters: {'ISTN': 80.7414173249435, 'I_gpe': 2.5280022302260097, 'I_gpi': 2.0455611356397907, 'noise_stn_sigma': 2.915836893369618, 'noise_gpe_sigma': 38.253570396101765, 'noise_gpi_sigma': 33.378956282228636, 'g_stn_gpe_mult': 1.3253031524697332, 'g_gpe_stn_mult': 0.8023238739462049, 'g_stn_gpi_mult': 1.6977793598024047, 'g_gpe_gpi_mult': 1.6758752560473427}. Best is trial 99 with value: 0.2422004780435466.
[I 2026-05-28 23:04:07,585] Trial 267 finished with value: 105.41697082045468 and parameters: {'ISTN': 91.25818020665604, 'I_gpe': 3.367105914110893, 'I_gpi': 1.4852977636794273, 'noise_stn_sigma': 2.7182418693226538, 'noise_gpe_sigma': 22.330283198962633, 'noise_gpi_sigma': 21.4667016143295, 'g_stn_gpe_mult': 1.2378972369399979, 'g_gpe_stn_mult': 0.752158985872319, 'g_stn_gpi_mult': 1.619593628774453, 'g_gpe_gpi_mult': 1.6756578447209773}. Best is trial 99 with value: 0.2422004780435466.
[I 2026-05-28 23:04:08,533] Trial 268 finished with value: 1000000.0 and parameters: {'ISTN': 96.06476087262828, 'I_gpe': 3.5169947804140294, 'I_gpi': 1.9979955151672097, 'noise_stn_sigma': 2.68290616318938, 'noise_gpe_sigma': 31.579988540568536, 'noise_gpi_sigma': 26.584803875643054, 'g_stn_gpe_mult': 1.3615117682043913, 'g_gpe_stn_mult': 0.7182549312227287, 'g_stn_gpi_mult': 1.512413116077092, 'g_gpe_gpi_mult': 1.760688029647593}. Best is trial 99 with value: 0.2422004780435466.
[I 2026-05-28 23:04:09,480] Trial 269 finished with value: 1000000.0 and parameters: {'ISTN': 110.09286074473486, 'I_gpe': 3.2696289246783117, 'I_gpi': 2.80472245568936, 'noise_stn_sigma': 2.2345397324418825, 'noise_gpe_sigma': 36.877855067433025, 'noise_gpi_sigma': 47.879748837984195, 'g_stn_gpe_mult': 1.2872730951095908, 'g_gpe_stn_mult': 0.9310400127546226, 'g_stn_gpi_mult': 1.5041808469968083, 'g_gpe_gpi_mult': 1.5144167842887182}. Best is trial 99 with value: 0.2422004780435466.
[I 2026-05-28 23:04:10,481] Trial 270 finished with value: 4.716818796355275 and parameters: {'ISTN': 83.61409628329125, 'I_gpe': 2.3222775819210506, 'I_gpi': 1.937612048316756, 'noise_stn_sigma': 2.289111999058706, 'noise_gpe_sigma': 29.67581002121027, 'noise_gpi_sigma': 36.402518472556736, 'g_stn_gpe_mult': 1.42734932233827, 'g_gpe_stn_mult': 0.9402976437158616, 'g_stn_gpi_mult': 1.737869675866723, 'g_gpe_gpi_mult': 1.629057484375154}. Best is trial 99 with value: 0.2422004780435466.
[I 2026-05-28 23:04:11,484] Trial 271 finished with value: 105.4473260262236 and parameters: {'ISTN': 93.53739365473308, 'I_gpe': 3.7180205803705717, 'I_gpi': 2.7674404348381056, 'noise_stn_sigma': 2.9363180362117296, 'noise_gpe_sigma': 39.693486535889576, 'noise_gpi_sigma': 25.47676035046606, 'g_stn_gpe_mult': 1.5369144044155103, 'g_gpe_stn_mult': 0.7574959745505794, 'g_stn_gpi_mult': 1.6138034463884283, 'g_gpe_gpi_mult': 1.6449296539344234}. Best is trial 99 with value: 0.2422004780435466.
[I 2026-05-28 23:04:12,490] Trial 272 finished with value: 15.864907389912261 and parameters: {'ISTN': 102.11638807129623, 'I_gpe': 3.73537337693299, 'I_gpi': 2.2306773875336856, 'noise_stn_sigma': 2.5275763220085943, 'noise_gpe_sigma': 37.29271665810265, 'noise_gpi_sigma': 33.82056554054847, 'g_stn_gpe_mult': 1.545329946429053, 'g_gpe_stn_mult': 0.5777592981836981, 'g_stn_gpi_mult': 1.7082068782260202, 'g_gpe_gpi_mult': 1.5856480554217396}. Best is trial 99 with value: 0.2422004780435466.
[I 2026-05-28 23:04:13,498] Trial 273 finished with value: 0.8069783191337582 and parameters: {'ISTN': 85.58806448282368, 'I_gpe': 3.322390335150447, 'I_gpi': 1.3646769360719029, 'noise_stn_sigma': 2.9423655526537438, 'noise_gpe_sigma': 29.06748575758686, 'noise_gpi_sigma': 24.6499215952727, 'g_stn_gpe_mult': 1.1547558233542659, 'g_gpe_stn_mult': 0.6754923998387147, 'g_stn_gpi_mult': 1.7366382271089962, 'g_gpe_gpi_mult': 1.4945532188427066}. Best is trial 99 with value: 0.2422004780435466.
[I 2026-05-28 23:04:14,503] Trial 274 finished with value: 7.893826031016614 and parameters: {'ISTN': 92.19102215755163, 'I_gpe': 2.4606693213886133, 'I_gpi': 1.6126397121646592, 'noise_stn_sigma': 2.4876370608355685, 'noise_gpe_sigma': 34.870720714581324, 'noise_gpi_sigma': 35.4128462693524, 'g_stn_gpe_mult': 1.2842789278930935, 'g_gpe_stn_mult': 0.7587633061814785, 'g_stn_gpi_mult': 1.852620113173568, 'g_gpe_gpi_mult': 1.4656940122584317}. Best is trial 99 with value: 0.2422004780435466.
[I 2026-05-28 23:04:15,512] Trial 275 finished with value: 12.04634043900977 and parameters: {'ISTN': 103.40844706366696, 'I_gpe': 3.9270603598137925, 'I_gpi': 1.7868599950596509, 'noise_stn_sigma': 2.663234954245056, 'noise_gpe_sigma': 33.75401119634802, 'noise_gpi_sigma': 25.852706365361225, 'g_stn_gpe_mult': 1.2513885646102754, 'g_gpe_stn_mult': 0.5969526622511996, 'g_stn_gpi_mult': 1.7759733324377822, 'g_gpe_gpi_mult': 1.387693054449067}. Best is trial 99 with value: 0.2422004780435466.
[I 2026-05-28 23:04:16,518] Trial 276 finished with value: 2.432010924070378 and parameters: {'ISTN': 87.43968502854956, 'I_gpe': 2.990556535839162, 'I_gpi': 2.0722949121033643, 'noise_stn_sigma': 2.6543551718727585, 'noise_gpe_sigma': 34.421683131447786, 'noise_gpi_sigma': 18.01815658773237, 'g_stn_gpe_mult': 1.2939548321690324, 'g_gpe_stn_mult': 0.683446275220233, 'g_stn_gpi_mult': 1.5725075025574327, 'g_gpe_gpi_mult': 1.6231461814222339}. Best is trial 99 with value: 0.2422004780435466.
[I 2026-05-28 23:04:17,520] Trial 277 finished with value: 4.616412756489601 and parameters: {'ISTN': 84.07538183714576, 'I_gpe': 2.710174374920689, 'I_gpi': 1.558284313143901, 'noise_stn_sigma': 2.3070122127767534, 'noise_gpe_sigma': 39.196236819346936, 'noise_gpi_sigma': 26.360481367482226, 'g_stn_gpe_mult': 1.2462064237148849, 'g_gpe_stn_mult': 0.8412310769718079, 'g_stn_gpi_mult': 1.5997443866652592, 'g_gpe_gpi_mult': 1.557648427109988}. Best is trial 99 with value: 0.2422004780435466.
[I 2026-05-28 23:04:18,529] Trial 278 finished with value: 38.16524907613761 and parameters: {'ISTN': 117.65282748524959, 'I_gpe': 3.498773480546095, 'I_gpi': 2.4531107969470787, 'noise_stn_sigma': 2.726126251393646, 'noise_gpe_sigma': 30.33887300008695, 'noise_gpi_sigma': 23.134633878361715, 'g_stn_gpe_mult': 1.3778748696215501, 'g_gpe_stn_mult': 0.6040376368089327, 'g_stn_gpi_mult': 1.7539127900386466, 'g_gpe_gpi_mult': 1.3224718037299374}. Best is trial 99 with value: 0.2422004780435466.
[I 2026-05-28 23:04:19,536] Trial 279 finished with value: 6.73404625036356 and parameters: {'ISTN': 90.90550110811908, 'I_gpe': 2.4382652194533336, 'I_gpi': 1.8316442565784743, 'noise_stn_sigma': 2.9986435067787935, 'noise_gpe_sigma': 40.431028212927814, 'noise_gpi_sigma': 16.477266538155234, 'g_stn_gpe_mult': 1.2566451663733802, 'g_gpe_stn_mult': 0.7759957183128778, 'g_stn_gpi_mult': 1.7785857933134144, 'g_gpe_gpi_mult': 1.5557386487234268}. Best is trial 99 with value: 0.2422004780435466.
[I 2026-05-28 23:04:20,544] Trial 280 finished with value: 6.284976336775033 and parameters: {'ISTN': 91.15056066318694, 'I_gpe': 3.0863256470850624, 'I_gpi': 1.9356475223760243, 'noise_stn_sigma': 2.1806969811869816, 'noise_gpe_sigma': 34.462499256569224, 'noise_gpi_sigma': 31.25111907999318, 'g_stn_gpe_mult': 1.4862631828719581, 'g_gpe_stn_mult': 0.650239633947469, 'g_stn_gpi_mult': 1.778571094439632, 'g_gpe_gpi_mult': 1.4777507366121398}. Best is trial 99 with value: 0.2422004780435466.
[I 2026-05-28 23:04:21,556] Trial 281 finished with value: 2.916504685432556 and parameters: {'ISTN': 89.59730683120165, 'I_gpe': 3.655344147392878, 'I_gpi': 1.3181317745882029, 'noise_stn_sigma': 2.5763237564777066, 'noise_gpe_sigma': 29.763251156623483, 'noise_gpi_sigma': 24.472078214956312, 'g_stn_gpe_mult': 1.34933620759635, 'g_gpe_stn_mult': 0.5924917243877453, 'g_stn_gpi_mult': 1.5035153795967573, 'g_gpe_gpi_mult': 1.575214856425569}. Best is trial 99 with value: 0.2422004780435466.
[I 2026-05-28 23:04:22,565] Trial 282 finished with value: 0.3649977407839869 and parameters: {'ISTN': 82.07219966811172, 'I_gpe': 2.700196372984873, 'I_gpi': 2.2332468139103834, 'noise_stn_sigma': 2.762126685353303, 'noise_gpe_sigma': 41.74842946448717, 'noise_gpi_sigma': 19.208046328870992, 'g_stn_gpe_mult': 1.309903570536203, 'g_gpe_stn_mult': 0.7483474836098638, 'g_stn_gpi_mult': 1.656299239377827, 'g_gpe_gpi_mult': 1.5962770146646825}. Best is trial 99 with value: 0.2422004780435466.
[I 2026-05-28 23:04:23,574] Trial 283 finished with value: 2.520831696153854 and parameters: {'ISTN': 90.51264306447423, 'I_gpe': 2.945880517529525, 'I_gpi': 1.9132215690537535, 'noise_stn_sigma': 3.4601913086762854, 'noise_gpe_sigma': 40.10268578968555, 'noise_gpi_sigma': 15.689108506566473, 'g_stn_gpe_mult': 1.0946059498779572, 'g_gpe_stn_mult': 0.7265675849246257, 'g_stn_gpi_mult': 1.849773346802434, 'g_gpe_gpi_mult': 1.57475318246217}. Best is trial 99 with value: 0.2422004780435466.
[I 2026-05-28 23:04:24,573] Trial 284 finished with value: 105.6008755710902 and parameters: {'ISTN': 86.58634339395458, 'I_gpe': 2.6853976380172524, 'I_gpi': 2.0832851347462884, 'noise_stn_sigma': 2.5644079908842343, 'noise_gpe_sigma': 39.863525416199124, 'noise_gpi_sigma': 24.16833212062648, 'g_stn_gpe_mult': 1.3823777850778354, 'g_gpe_stn_mult': 0.9567681283161918, 'g_stn_gpi_mult': 1.5595563094007026, 'g_gpe_gpi_mult': 1.6920597231498857}. Best is trial 99 with value: 0.2422004780435466.
[I 2026-05-28 23:04:25,578] Trial 285 finished with value: 0.7045496863439439 and parameters: {'ISTN': 92.07491055236055, 'I_gpe': 3.6832078017964633, 'I_gpi': 1.4512340294018666, 'noise_stn_sigma': 2.5312744624565484, 'noise_gpe_sigma': 32.667569311148654, 'noise_gpi_sigma': 15.021838790184447, 'g_stn_gpe_mult': 1.1653906699246606, 'g_gpe_stn_mult': 0.6473385289322882, 'g_stn_gpi_mult': 1.6753115109601127, 'g_gpe_gpi_mult': 1.4763481735498507}. Best is trial 99 with value: 0.2422004780435466.
[I 2026-05-28 23:04:26,584] Trial 286 finished with value: 1.6548422119278237 and parameters: {'ISTN': 92.8884428616771, 'I_gpe': 3.15936467159576, 'I_gpi': 2.653085253543129, 'noise_stn_sigma': 2.9473243114439898, 'noise_gpe_sigma': 28.244515505084824, 'noise_gpi_sigma': 29.555844737288222, 'g_stn_gpe_mult': 1.335614669281509, 'g_gpe_stn_mult': 0.7617921558788321, 'g_stn_gpi_mult': 1.586143083220802, 'g_gpe_gpi_mult': 1.5106035829425688}. Best is trial 99 with value: 0.2422004780435466.
[I 2026-05-28 23:04:27,591] Trial 287 finished with value: 7.843737152264068 and parameters: {'ISTN': 87.3773367213171, 'I_gpe': 3.167044336326181, 'I_gpi': 1.4432433268776423, 'noise_stn_sigma': 2.281007558972542, 'noise_gpe_sigma': 30.452354594722465, 'noise_gpi_sigma': 21.00165906355909, 'g_stn_gpe_mult': 1.29600333627099, 'g_gpe_stn_mult': 0.5951150612414995, 'g_stn_gpi_mult': 1.729290712714885, 'g_gpe_gpi_mult': 1.6737776014223222}. Best is trial 99 with value: 0.2422004780435466.
[I 2026-05-28 23:04:28,601] Trial 288 finished with value: 2.8143871557782245 and parameters: {'ISTN': 88.90000515582842, 'I_gpe': 3.334347306148634, 'I_gpi': 1.0724248521069362, 'noise_stn_sigma': 2.9770533386172686, 'noise_gpe_sigma': 37.378610530319875, 'noise_gpi_sigma': 13.023992687359263, 'g_stn_gpe_mult': 1.010449019310606, 'g_gpe_stn_mult': 0.6448185797565554, 'g_stn_gpi_mult': 1.7954372609250142, 'g_gpe_gpi_mult': 1.4651497009679972}. Best is trial 99 with value: 0.2422004780435466.
[I 2026-05-28 23:04:29,605] Trial 289 finished with value: 105.18278332766462 and parameters: {'ISTN': 96.35544096148995, 'I_gpe': 3.2663203735624498, 'I_gpi': 1.987561416414847, 'noise_stn_sigma': 1.8771552184584244, 'noise_gpe_sigma': 24.292006850092804, 'noise_gpi_sigma': 17.393708497171545, 'g_stn_gpe_mult': 1.4552822322009058, 'g_gpe_stn_mult': 0.8062434340414318, 'g_stn_gpi_mult': 1.6796950168657983, 'g_gpe_gpi_mult': 1.5556275864337639}. Best is trial 99 with value: 0.2422004780435466.
[I 2026-05-28 23:04:30,612] Trial 290 finished with value: 12.70716966967395 and parameters: {'ISTN': 89.76375895215, 'I_gpe': 3.2077540423452477, 'I_gpi': 1.5664019852499007, 'noise_stn_sigma': 3.025272136773176, 'noise_gpe_sigma': 38.54122458907456, 'noise_gpi_sigma': 24.180425940090508, 'g_stn_gpe_mult': 1.2743588955756682, 'g_gpe_stn_mult': 0.53656602277277, 'g_stn_gpi_mult': 1.8363137007344839, 'g_gpe_gpi_mult': 1.4388247508622967}. Best is trial 99 with value: 0.2422004780435466.
[I 2026-05-28 23:04:31,620] Trial 291 finished with value: 0.5157272201397307 and parameters: {'ISTN': 90.73036187101836, 'I_gpe': 3.1380427422285555, 'I_gpi': 2.3300557154289203, 'noise_stn_sigma': 2.397358398165289, 'noise_gpe_sigma': 25.23100230935121, 'noise_gpi_sigma': 17.965205680211284, 'g_stn_gpe_mult': 1.414509951977649, 'g_gpe_stn_mult': 0.7254856031202565, 'g_stn_gpi_mult': 1.7893328166749778, 'g_gpe_gpi_mult': 1.8610000923687813}. Best is trial 99 with value: 0.2422004780435466.
[I 2026-05-28 23:04:32,623] Trial 292 finished with value: 3.0340047048350556 and parameters: {'ISTN': 93.97240468573857, 'I_gpe': 3.1607963157903742, 'I_gpi': 2.358959489194709, 'noise_stn_sigma': 3.122561066874196, 'noise_gpe_sigma': 29.623817726552886, 'noise_gpi_sigma': 16.552695348621143, 'g_stn_gpe_mult': 1.2965423109172476, 'g_gpe_stn_mult': 0.7886106049933992, 'g_stn_gpi_mult': 1.6735421340363494, 'g_gpe_gpi_mult': 1.392128779013132}. Best is trial 99 with value: 0.2422004780435466.
[I 2026-05-28 23:04:33,627] Trial 293 finished with value: 2.5014317514457587 and parameters: {'ISTN': 86.19324133316714, 'I_gpe': 3.362578285042736, 'I_gpi': 1.6581198180344159, 'noise_stn_sigma': 2.562688471837659, 'noise_gpe_sigma': 44.236775063130644, 'noise_gpi_sigma': 18.914866336209656, 'g_stn_gpe_mult': 1.2955532524549527, 'g_gpe_stn_mult': 0.6980443618799563, 'g_stn_gpi_mult': 1.5840384444739946, 'g_gpe_gpi_mult': 1.5669499980225887}. Best is trial 99 with value: 0.2422004780435466.
[I 2026-05-28 23:04:34,632] Trial 294 finished with value: 0.7385831326502926 and parameters: {'ISTN': 85.96411649492188, 'I_gpe': 2.1950211593156324, 'I_gpi': 2.2030932410802646, 'noise_stn_sigma': 2.7602673068625276, 'noise_gpe_sigma': 43.78247791005664, 'noise_gpi_sigma': 31.170297237271228, 'g_stn_gpe_mult': 1.2589487796567047, 'g_gpe_stn_mult': 0.9297848451068506, 'g_stn_gpi_mult': 1.5318679523558216, 'g_gpe_gpi_mult': 1.4171545990786598}. Best is trial 99 with value: 0.2422004780435466.
[I 2026-05-28 23:04:35,641] Trial 295 finished with value: 7.80616192209521 and parameters: {'ISTN': 90.543511404991, 'I_gpe': 2.2686402356802255, 'I_gpi': 2.5212479878308764, 'noise_stn_sigma': 2.6077754473530503, 'noise_gpe_sigma': 42.40616778889863, 'noise_gpi_sigma': 25.35968469002933, 'g_stn_gpe_mult': 1.2418995583642538, 'g_gpe_stn_mult': 0.8019372197454022, 'g_stn_gpi_mult': 1.671147214795431, 'g_gpe_gpi_mult': 1.576174824701223}. Best is trial 99 with value: 0.2422004780435466.
[I 2026-05-28 23:04:36,648] Trial 296 finished with value: 6.062197375717247 and parameters: {'ISTN': 98.75324752364935, 'I_gpe': 3.5221637665285965, 'I_gpi': 2.474940189121412, 'noise_stn_sigma': 3.1269415521197126, 'noise_gpe_sigma': 23.81052555137549, 'noise_gpi_sigma': 23.37715179368454, 'g_stn_gpe_mult': 1.4008591741531315, 'g_gpe_stn_mult': 0.6481412936687045, 'g_stn_gpi_mult': 1.7705421058734245, 'g_gpe_gpi_mult': 1.4127788519412992}. Best is trial 99 with value: 0.2422004780435466.
[I 2026-05-28 23:04:37,656] Trial 297 finished with value: 9.807261181496782 and parameters: {'ISTN': 95.28606586162759, 'I_gpe': 2.715567238997325, 'I_gpi': 2.812391096706288, 'noise_stn_sigma': 2.288396686594961, 'noise_gpe_sigma': 35.27651518954203, 'noise_gpi_sigma': 14.539631036213866, 'g_stn_gpe_mult': 1.4107786745334716, 'g_gpe_stn_mult': 0.7175515021347152, 'g_stn_gpi_mult': 1.6498200064907063, 'g_gpe_gpi_mult': 1.635062740795301}. Best is trial 99 with value: 0.2422004780435466.
[I 2026-05-28 23:04:38,658] Trial 298 finished with value: 105.59815030962619 and parameters: {'ISTN': 80.15416575693253, 'I_gpe': 3.1130483907913162, 'I_gpi': 1.7437607085109232, 'noise_stn_sigma': 2.3958234707563406, 'noise_gpe_sigma': 38.7833249283375, 'noise_gpi_sigma': 25.518091615750254, 'g_stn_gpe_mult': 1.3550786575184857, 'g_gpe_stn_mult': 0.80221945324301, 'g_stn_gpi_mult': 1.5137876516396347, 'g_gpe_gpi_mult': 1.6559153818638808}. Best is trial 99 with value: 0.2422004780435466.
[I 2026-05-28 23:04:39,665] Trial 299 finished with value: 1.1745185245967555 and parameters: {'ISTN': 87.63318523100226, 'I_gpe': 2.9391013013385754, 'I_gpi': 1.9041470898596142, 'noise_stn_sigma': 2.399392504984201, 'noise_gpe_sigma': 33.01220331739908, 'noise_gpi_sigma': 17.116655954652263, 'g_stn_gpe_mult': 1.2029252525004877, 'g_gpe_stn_mult': 0.7147933095216545, 'g_stn_gpi_mult': 1.5926461725997647, 'g_gpe_gpi_mult': 1.660234019299152}. Best is trial 99 with value: 0.2422004780435466.
[I 2026-05-28 23:04:40,670] Trial 300 finished with value: 6.348574070019644 and parameters: {'ISTN': 92.10725645413618, 'I_gpe': 3.116581031702613, 'I_gpi': 1.8492020455427134, 'noise_stn_sigma': 2.765584873233459, 'noise_gpe_sigma': 32.71424953669239, 'noise_gpi_sigma': 14.354063857740675, 'g_stn_gpe_mult': 1.2794382645608666, 'g_gpe_stn_mult': 0.6586851492527133, 'g_stn_gpi_mult': 1.592737553184019, 'g_gpe_gpi_mult': 1.5782629505761008}. Best is trial 99 with value: 0.2422004780435466.
[I 2026-05-28 23:04:41,673] Trial 301 finished with value: 105.37335962551799 and parameters: {'ISTN': 85.28141230196317, 'I_gpe': 2.9381272244878174, 'I_gpi': 2.9772870750326597, 'noise_stn_sigma': 2.6787942555270607, 'noise_gpe_sigma': 37.84177569903531, 'noise_gpi_sigma': 18.632601425725312, 'g_stn_gpe_mult': 1.2007286624525983, 'g_gpe_stn_mult': 0.8450356733912386, 'g_stn_gpi_mult': 1.7437585283141677, 'g_gpe_gpi_mult': 1.662067726335643}. Best is trial 99 with value: 0.2422004780435466.
[I 2026-05-28 23:04:42,681] Trial 302 finished with value: 0.5974497536919616 and parameters: {'ISTN': 87.76795733143311, 'I_gpe': 2.9258983879613156, 'I_gpi': 1.7250905790904798, 'noise_stn_sigma': 2.5802980260940585, 'noise_gpe_sigma': 30.04505154838166, 'noise_gpi_sigma': 14.202115595170824, 'g_stn_gpe_mult': 1.3615672976165634, 'g_gpe_stn_mult': 0.7522033827607217, 'g_stn_gpi_mult': 1.7460912897846237, 'g_gpe_gpi_mult': 1.6625568131010717}. Best is trial 99 with value: 0.2422004780435466.
[I 2026-05-28 23:04:43,687] Trial 303 finished with value: 6.2269686979645735 and parameters: {'ISTN': 94.24519862517946, 'I_gpe': 2.8210215684778017, 'I_gpi': 3.1187965857859883, 'noise_stn_sigma': 1.891656970751302, 'noise_gpe_sigma': 36.66511626107514, 'noise_gpi_sigma': 19.483797281968123, 'g_stn_gpe_mult': 1.4040382413956578, 'g_gpe_stn_mult': 0.7297050283416529, 'g_stn_gpi_mult': 1.7253775857097178, 'g_gpe_gpi_mult': 1.6740697482451776}. Best is trial 99 with value: 0.2422004780435466.
[I 2026-05-28 23:04:44,688] Trial 304 finished with value: 105.23845257244587 and parameters: {'ISTN': 94.43962949294664, 'I_gpe': 3.072544169840518, 'I_gpi': 2.1848763637394595, 'noise_stn_sigma': 2.1673265995128013, 'noise_gpe_sigma': 31.64631343458006, 'noise_gpi_sigma': 28.284414306121274, 'g_stn_gpe_mult': 1.3620112564724944, 'g_gpe_stn_mult': 0.8753983765789115, 'g_stn_gpi_mult': 1.4251004572655341, 'g_gpe_gpi_mult': 1.6215310961139346}. Best is trial 99 with value: 0.2422004780435466.
[I 2026-05-28 23:04:45,696] Trial 305 finished with value: 0.48681296593340107 and parameters: {'ISTN': 102.23791527784651, 'I_gpe': 3.0059068990396636, 'I_gpi': 2.3995854745540064, 'noise_stn_sigma': 2.012780716505672, 'noise_gpe_sigma': 24.908206101982472, 'noise_gpi_sigma': 27.85166003460113, 'g_stn_gpe_mult': 1.5646864746811693, 'g_gpe_stn_mult': 0.7979870842966618, 'g_stn_gpi_mult': 1.7156476320600593, 'g_gpe_gpi_mult': 1.6972801964032473}. Best is trial 99 with value: 0.2422004780435466.
[I 2026-05-28 23:04:46,701] Trial 306 finished with value: 2.6595849045754307 and parameters: {'ISTN': 98.05976944158584, 'I_gpe': 3.443758252920424, 'I_gpi': 1.7831998555854889, 'noise_stn_sigma': 2.729342425439727, 'noise_gpe_sigma': 35.917390996214664, 'noise_gpi_sigma': 26.163881564981892, 'g_stn_gpe_mult': 1.204807472686219, 'g_gpe_stn_mult': 0.7509061111482992, 'g_stn_gpi_mult': 1.6876598653632753, 'g_gpe_gpi_mult': 1.6200644958175001}. Best is trial 99 with value: 0.2422004780435466.
[I 2026-05-28 23:04:47,712] Trial 307 finished with value: 7.355863348004457 and parameters: {'ISTN': 88.93053954910397, 'I_gpe': 1.8705517575381712, 'I_gpi': 3.172467537285119, 'noise_stn_sigma': 2.8302102517488623, 'noise_gpe_sigma': 41.71696467206257, 'noise_gpi_sigma': 26.304563873818275, 'g_stn_gpe_mult': 1.2754616113107033, 'g_gpe_stn_mult': 0.8976361366515291, 'g_stn_gpi_mult': 1.7896349654467392, 'g_gpe_gpi_mult': 1.6308151937358712}. Best is trial 99 with value: 0.2422004780435466.
