[I 2026-05-28 22:58:28,000] Trial 440 finished with value: 0.908935870618098 and parameters: {'ISTN': 107.35831077165793, 'I_gpe': 2.9952569875688067, 'I_gpi': 1.6140058116069944, 'noise_stn_sigma': 4.639341939944858, 'noise_gpe_sigma': 38.17466699618879, 'noise_gpi_sigma': 60.547724444434, 'g_stn_gpe_mult': 1.4306117267646912, 'g_gpe_stn_mult': 0.847605847383021, 'g_stn_gpi_mult': 1.7868347146700583, 'g_gpe_gpi_mult': 1.1595588950455342}. Best is trial 198 with value: 0.17123825394474032.
[I 2026-05-28 22:58:29,007] Trial 441 finished with value: 0.278133739871919 and parameters: {'ISTN': 137.1131858176052, 'I_gpe': 3.5903924530429294, 'I_gpi': 2.6235951356907545, 'noise_stn_sigma': 4.940129505142825, 'noise_gpe_sigma': 30.92784787290075, 'noise_gpi_sigma': 65.430000158761, 'g_stn_gpe_mult': 1.596693293196121, 'g_gpe_stn_mult': 0.901608347423054, 'g_stn_gpi_mult': 1.7933602216007432, 'g_gpe_gpi_mult': 1.4401057923174023}. Best is trial 198 with value: 0.17123825394474032.
[I 2026-05-28 22:58:29,954] Trial 442 finished with value: 1000000.0 and parameters: {'ISTN': 120.31847069623056, 'I_gpe': 3.176730109812091, 'I_gpi': 1.794568179772983, 'noise_stn_sigma': 4.521353474840992, 'noise_gpe_sigma': 45.14282912288589, 'noise_gpi_sigma': 58.17994055957225, 'g_stn_gpe_mult': 1.5937505151237492, 'g_gpe_stn_mult': 0.8573165936153831, 'g_stn_gpi_mult': 1.7966501562638115, 'g_gpe_gpi_mult': 1.2097580924208535}. Best is trial 198 with value: 0.17123825394474032.
[I 2026-05-28 22:58:30,960] Trial 443 finished with value: 7.461169678787436 and parameters: {'ISTN': 119.6473046538259, 'I_gpe': 3.244854803581288, 'I_gpi': 2.8456796716049255, 'noise_stn_sigma': 4.6785654578310085, 'noise_gpe_sigma': 49.89312339596494, 'noise_gpi_sigma': 57.02266502891821, 'g_stn_gpe_mult': 1.8368353461491471, 'g_gpe_stn_mult': 0.8269973231372618, 'g_stn_gpi_mult': 1.730162619854604, 'g_gpe_gpi_mult': 1.3202842637658059}. Best is trial 198 with value: 0.17123825394474032.
[I 2026-05-28 22:58:31,964] Trial 444 finished with value: 1.5204369558562458 and parameters: {'ISTN': 120.6043116052557, 'I_gpe': 3.2269705654752454, 'I_gpi': 1.997487253927979, 'noise_stn_sigma': 3.7975392730321014, 'noise_gpe_sigma': 34.33106317304578, 'noise_gpi_sigma': 67.37268744030482, 'g_stn_gpe_mult': 1.377821963408871, 'g_gpe_stn_mult': 0.9224583251415767, 'g_stn_gpi_mult': 1.9953405136735793, 'g_gpe_gpi_mult': 1.020919150394659}. Best is trial 198 with value: 0.17123825394474032.
[I 2026-05-28 22:58:32,965] Trial 445 finished with value: 3.2637569948090857 and parameters: {'ISTN': 128.78735531452838, 'I_gpe': 3.4095100405106584, 'I_gpi': 2.731386320396947, 'noise_stn_sigma': 3.7677430131060548, 'noise_gpe_sigma': 40.67032603624388, 'noise_gpi_sigma': 53.879875798780056, 'g_stn_gpe_mult': 1.5826243267679798, 'g_gpe_stn_mult': 0.9503854516458408, 'g_stn_gpi_mult': 1.8199062354668387, 'g_gpe_gpi_mult': 1.3075895485471394}. Best is trial 198 with value: 0.17123825394474032.
[I 2026-05-28 22:58:33,976] Trial 446 finished with value: 9.86094391762239 and parameters: {'ISTN': 131.5906705919348, 'I_gpe': 2.844718464710919, 'I_gpi': 1.6019725860987357, 'noise_stn_sigma': 4.356640782660261, 'noise_gpe_sigma': 41.030756066325964, 'noise_gpi_sigma': 58.19670056073116, 'g_stn_gpe_mult': 1.4661135338281706, 'g_gpe_stn_mult': 0.9907666591403762, 'g_stn_gpi_mult': 1.7741890539416958, 'g_gpe_gpi_mult': 1.301394070066246}. Best is trial 198 with value: 0.17123825394474032.
[I 2026-05-28 22:58:34,979] Trial 447 finished with value: 4.68474892801544 and parameters: {'ISTN': 120.3559878612587, 'I_gpe': 3.7634182189345116, 'I_gpi': 1.622757129239119, 'noise_stn_sigma': 4.184723908340374, 'noise_gpe_sigma': 37.63499832285525, 'noise_gpi_sigma': 58.72212032106757, 'g_stn_gpe_mult': 1.5771258999860942, 'g_gpe_stn_mult': 0.8460734563544562, 'g_stn_gpi_mult': 1.7965422518854401, 'g_gpe_gpi_mult': 1.3564385077559422}. Best is trial 198 with value: 0.17123825394474032.
[I 2026-05-28 22:58:35,982] Trial 448 finished with value: 2.0371774135376226 and parameters: {'ISTN': 102.4624476837846, 'I_gpe': 3.529775619966385, 'I_gpi': 2.140447485149216, 'noise_stn_sigma': 4.653282694476303, 'noise_gpe_sigma': 40.7657936781702, 'noise_gpi_sigma': 62.07476425122744, 'g_stn_gpe_mult': 1.6397055588476697, 'g_gpe_stn_mult': 0.7690066561035529, 'g_stn_gpi_mult': 1.833678324637286, 'g_gpe_gpi_mult': 1.2226551042092417}. Best is trial 198 with value: 0.17123825394474032.
[I 2026-05-28 22:58:36,988] Trial 449 finished with value: 0.7543411221909021 and parameters: {'ISTN': 129.6955775624047, 'I_gpe': 3.8031964829109106, 'I_gpi': 2.9230121000057014, 'noise_stn_sigma': 4.493497185774487, 'noise_gpe_sigma': 40.239237878137146, 'noise_gpi_sigma': 62.38108898298572, 'g_stn_gpe_mult': 1.5554959222954294, 'g_gpe_stn_mult': 0.8391139470349075, 'g_stn_gpi_mult': 1.73056217828551, 'g_gpe_gpi_mult': 1.146183978424337}. Best is trial 198 with value: 0.17123825394474032.
[I 2026-05-28 22:58:37,994] Trial 450 finished with value: 2.239601560982446 and parameters: {'ISTN': 122.7592589839322, 'I_gpe': 3.9213011365525654, 'I_gpi': 2.4165063047689346, 'noise_stn_sigma': 4.657204032342432, 'noise_gpe_sigma': 37.222043801156566, 'noise_gpi_sigma': 55.796341907867756, 'g_stn_gpe_mult': 1.618707549586006, 'g_gpe_stn_mult': 0.7486056713682093, 'g_stn_gpi_mult': 1.7393742090942916, 'g_gpe_gpi_mult': 1.2191849118618099}. Best is trial 198 with value: 0.17123825394474032.
[I 2026-05-28 22:58:39,002] Trial 451 finished with value: 5.962443666816693 and parameters: {'ISTN': 118.45428695112543, 'I_gpe': 3.815220339063888, 'I_gpi': 2.9883366500989803, 'noise_stn_sigma': 4.671474841117652, 'noise_gpe_sigma': 33.52837610522194, 'noise_gpi_sigma': 63.52435049077751, 'g_stn_gpe_mult': 1.6210422882636941, 'g_gpe_stn_mult': 0.7282692901453257, 'g_stn_gpi_mult': 1.8885426319609042, 'g_gpe_gpi_mult': 1.2374816155215522}. Best is trial 198 with value: 0.17123825394474032.
[I 2026-05-28 22:58:40,009] Trial 452 finished with value: 12.378290557556475 and parameters: {'ISTN': 126.88423612747823, 'I_gpe': 3.746906481506419, 'I_gpi': 2.481241532411187, 'noise_stn_sigma': 4.633108606826751, 'noise_gpe_sigma': 45.38364635938931, 'noise_gpi_sigma': 63.48317531583077, 'g_stn_gpe_mult': 1.6456456746060488, 'g_gpe_stn_mult': 0.7621282330161916, 'g_stn_gpi_mult': 1.823380537007802, 'g_gpe_gpi_mult': 1.2814117656835515}. Best is trial 198 with value: 0.17123825394474032.
[I 2026-05-28 22:58:40,957] Trial 453 finished with value: 1000000.0 and parameters: {'ISTN': 140.9118564246312, 'I_gpe': 4.698425811564686, 'I_gpi': 2.3375955375075868, 'noise_stn_sigma': 4.729053193409071, 'noise_gpe_sigma': 25.09139399162101, 'noise_gpi_sigma': 67.80522838720245, 'g_stn_gpe_mult': 1.5795233310563306, 'g_gpe_stn_mult': 0.7775715599000532, 'g_stn_gpi_mult': 1.7455575999975046, 'g_gpe_gpi_mult': 1.212357810698225}. Best is trial 198 with value: 0.17123825394474032.
[I 2026-05-28 22:58:41,964] Trial 454 finished with value: 23.65620597716741 and parameters: {'ISTN': 125.81803598990484, 'I_gpe': 4.229371660251973, 'I_gpi': 3.1199111117344693, 'noise_stn_sigma': 4.754166012097035, 'noise_gpe_sigma': 31.480534551414287, 'noise_gpi_sigma': 69.14728030164, 'g_stn_gpe_mult': 1.4965516925496678, 'g_gpe_stn_mult': 0.6567939136834172, 'g_stn_gpi_mult': 1.7651043300738494, 'g_gpe_gpi_mult': 1.5308296796823224}. Best is trial 198 with value: 0.17123825394474032.
[I 2026-05-28 22:58:42,970] Trial 455 finished with value: 0.4492760866935343 and parameters: {'ISTN': 128.52489946824514, 'I_gpe': 3.266649799590973, 'I_gpi': 2.6304424717985952, 'noise_stn_sigma': 4.051083004678365, 'noise_gpe_sigma': 37.413035447009165, 'noise_gpi_sigma': 60.227533941111346, 'g_stn_gpe_mult': 1.6957340022257055, 'g_gpe_stn_mult': 0.944030340283323, 'g_stn_gpi_mult': 1.463527877722579, 'g_gpe_gpi_mult': 1.0112688146696551}. Best is trial 198 with value: 0.17123825394474032.
[I 2026-05-28 22:58:43,977] Trial 456 finished with value: 7.7823286650143615 and parameters: {'ISTN': 136.98422808471224, 'I_gpe': 3.2773043043000762, 'I_gpi': 2.6537385772550772, 'noise_stn_sigma': 4.779322308920281, 'noise_gpe_sigma': 47.57010465607203, 'noise_gpi_sigma': 56.425409511358644, 'g_stn_gpe_mult': 1.4106974259597536, 'g_gpe_stn_mult': 0.9388446855921019, 'g_stn_gpi_mult': 1.8993452781733342, 'g_gpe_gpi_mult': 1.192141023358644}. Best is trial 198 with value: 0.17123825394474032.
[I 2026-05-28 22:58:44,982] Trial 457 finished with value: 4.9911482104500555 and parameters: {'ISTN': 137.6814485563541, 'I_gpe': 3.522474378593725, 'I_gpi': 2.8235330610226663, 'noise_stn_sigma': 4.294759274702454, 'noise_gpe_sigma': 35.01717561212439, 'noise_gpi_sigma': 56.12077864835996, 'g_stn_gpe_mult': 1.418116886474733, 'g_gpe_stn_mult': 0.8889929463917923, 'g_stn_gpi_mult': 1.777011321180757, 'g_gpe_gpi_mult': 1.1448593170313839}. Best is trial 198 with value: 0.17123825394474032.
[I 2026-05-28 22:58:45,989] Trial 458 finished with value: 3.3331449827283244 and parameters: {'ISTN': 144.40460680141422, 'I_gpe': 3.4653749247276826, 'I_gpi': 2.9970815783665676, 'noise_stn_sigma': 4.734492388185859, 'noise_gpe_sigma': 35.824636383601415, 'noise_gpi_sigma': 55.81072269171379, 'g_stn_gpe_mult': 1.4801982866955181, 'g_gpe_stn_mult': 0.9441387176827863, 'g_stn_gpi_mult': 1.66662863757655, 'g_gpe_gpi_mult': 1.1994991723057948}. Best is trial 198 with value: 0.17123825394474032.
[I 2026-05-28 22:58:46,996] Trial 459 finished with value: 0.36669931380190185 and parameters: {'ISTN': 121.56485760167908, 'I_gpe': 3.9273925345529426, 'I_gpi': 2.467577138381756, 'noise_stn_sigma': 4.077772585309014, 'noise_gpe_sigma': 40.34695217819956, 'noise_gpi_sigma': 72.52006105491307, 'g_stn_gpe_mult': 1.6686265648120684, 'g_gpe_stn_mult': 0.7676725345380021, 'g_stn_gpi_mult': 1.938370689121879, 'g_gpe_gpi_mult': 1.200547898792666}. Best is trial 198 with value: 0.17123825394474032.
[I 2026-05-28 22:58:48,003] Trial 460 finished with value: 24.958191068363075 and parameters: {'ISTN': 135.32301252226364, 'I_gpe': 3.206504876693981, 'I_gpi': 2.4203529338912446, 'noise_stn_sigma': 3.9429387334765025, 'noise_gpe_sigma': 37.86084969101477, 'noise_gpi_sigma': 64.53691732253401, 'g_stn_gpe_mult': 1.6156009721966567, 'g_gpe_stn_mult': 0.8689397521268925, 'g_stn_gpi_mult': 1.7841605742631084, 'g_gpe_gpi_mult': 1.1501967946800231}. Best is trial 198 with value: 0.17123825394474032.
[I 2026-05-28 22:58:49,011] Trial 461 finished with value: 1.5273972344149198 and parameters: {'ISTN': 114.95946962389345, 'I_gpe': 3.5193636784547557, 'I_gpi': 2.676585418819389, 'noise_stn_sigma': 3.943095184426582, 'noise_gpe_sigma': 38.12045765201559, 'noise_gpi_sigma': 63.20628548698898, 'g_stn_gpe_mult': 1.5564790309180392, 'g_gpe_stn_mult': 0.8270885186767846, 'g_stn_gpi_mult': 1.7180517617773332, 'g_gpe_gpi_mult': 1.0620861248842974}. Best is trial 198 with value: 0.17123825394474032.
[I 2026-05-28 22:58:50,017] Trial 462 finished with value: 12.025418165010576 and parameters: {'ISTN': 123.48255399223106, 'I_gpe': 3.86637067486978, 'I_gpi': 2.3406427230568445, 'noise_stn_sigma': 4.3320153414804965, 'noise_gpe_sigma': 34.43482939939497, 'noise_gpi_sigma': 63.996473297633166, 'g_stn_gpe_mult': 1.5786300468858574, 'g_gpe_stn_mult': 0.7212664811589462, 'g_stn_gpi_mult': 1.841087955957325, 'g_gpe_gpi_mult': 1.2673629131396091}. Best is trial 198 with value: 0.17123825394474032.
[I 2026-05-28 22:58:51,025] Trial 463 finished with value: 9.219221501153275 and parameters: {'ISTN': 113.7955545228003, 'I_gpe': 4.080048059264273, 'I_gpi': 2.078280675601668, 'noise_stn_sigma': 4.1162576667743, 'noise_gpe_sigma': 22.62519934226575, 'noise_gpi_sigma': 63.65034323627299, 'g_stn_gpe_mult': 1.7125897106338308, 'g_gpe_stn_mult': 0.6447403617127023, 'g_stn_gpi_mult': 1.5103455392376253, 'g_gpe_gpi_mult': 0.9387499547129122}. Best is trial 198 with value: 0.17123825394474032.
[I 2026-05-28 22:58:52,027] Trial 464 finished with value: 105.29427953190694 and parameters: {'ISTN': 137.23908652038418, 'I_gpe': 3.590509331754626, 'I_gpi': 2.324332012477889, 'noise_stn_sigma': 3.560549342774344, 'noise_gpe_sigma': 27.152452520447447, 'noise_gpi_sigma': 67.91435136867885, 'g_stn_gpe_mult': 1.4550904337597257, 'g_gpe_stn_mult': 0.9921796477323644, 'g_stn_gpi_mult': 1.9363871107861241, 'g_gpe_gpi_mult': 1.0038118549036534}. Best is trial 198 with value: 0.17123825394474032.
[I 2026-05-28 22:58:53,030] Trial 465 finished with value: 0.6483662006269806 and parameters: {'ISTN': 132.35598315064112, 'I_gpe': 3.9075371756775845, 'I_gpi': 2.662796036109683, 'noise_stn_sigma': 4.970397492109897, 'noise_gpe_sigma': 32.90415467233957, 'noise_gpi_sigma': 68.30940178236213, 'g_stn_gpe_mult': 1.6022475799168765, 'g_gpe_stn_mult': 0.8310394677725341, 'g_stn_gpi_mult': 1.7551837968815103, 'g_gpe_gpi_mult': 1.4031487749244373}. Best is trial 198 with value: 0.17123825394474032.
[I 2026-05-28 22:58:54,032] Trial 466 finished with value: 2.612603665230038 and parameters: {'ISTN': 103.36758790789673, 'I_gpe': 3.765381018984029, 'I_gpi': 2.973669397165585, 'noise_stn_sigma': 4.009348148993958, 'noise_gpe_sigma': 40.95703176198165, 'noise_gpi_sigma': 74.18375218909665, 'g_stn_gpe_mult': 1.716036921336864, 'g_gpe_stn_mult': 0.7309117072297133, 'g_stn_gpi_mult': 1.6958381403684526, 'g_gpe_gpi_mult': 0.9859492947003727}. Best is trial 198 with value: 0.17123825394474032.
[I 2026-05-28 22:58:55,040] Trial 467 finished with value: 0.8617340390947745 and parameters: {'ISTN': 120.65978564434555, 'I_gpe': 3.0663210833544765, 'I_gpi': 2.683853668187864, 'noise_stn_sigma': 4.371986134084593, 'noise_gpe_sigma': 52.63465203976061, 'noise_gpi_sigma': 59.84855884906997, 'g_stn_gpe_mult': 1.5815794022577994, 'g_gpe_stn_mult': 0.921913757717263, 'g_stn_gpi_mult': 1.5797697596166704, 'g_gpe_gpi_mult': 0.9389814592930963}. Best is trial 198 with value: 0.17123825394474032.
[I 2026-05-28 22:58:56,046] Trial 468 finished with value: 0.7370800385142394 and parameters: {'ISTN': 123.98904351921169, 'I_gpe': 3.54569937165569, 'I_gpi': 2.930177149071043, 'noise_stn_sigma': 4.507247388746452, 'noise_gpe_sigma': 37.14471849246725, 'noise_gpi_sigma': 72.28809664393808, 'g_stn_gpe_mult': 1.6472424618586006, 'g_gpe_stn_mult': 0.834021862895432, 'g_stn_gpi_mult': 1.764072096444606, 'g_gpe_gpi_mult': 1.2204545687786448}. Best is trial 198 with value: 0.17123825394474032.
[I 2026-05-28 22:58:57,053] Trial 469 finished with value: 0.24805907957306914 and parameters: {'ISTN': 131.6043927052362, 'I_gpe': 3.897186697391397, 'I_gpi': 2.282058607355755, 'noise_stn_sigma': 4.4342969659662845, 'noise_gpe_sigma': 36.487631682723965, 'noise_gpi_sigma': 71.86749156157731, 'g_stn_gpe_mult': 1.6397215308836688, 'g_gpe_stn_mult': 0.8121680537107278, 'g_stn_gpi_mult': 1.697899860508013, 'g_gpe_gpi_mult': 1.097341740099304}. Best is trial 198 with value: 0.17123825394474032.
[I 2026-05-28 22:58:58,059] Trial 470 finished with value: 1.903842791225777 and parameters: {'ISTN': 121.63408682923844, 'I_gpe': 3.319075505898032, 'I_gpi': 2.905181642953557, 'noise_stn_sigma': 4.352208539474149, 'noise_gpe_sigma': 39.217972544035035, 'noise_gpi_sigma': 66.79584372884523, 'g_stn_gpe_mult': 1.6088395785525127, 'g_gpe_stn_mult': 0.9157227736593259, 'g_stn_gpi_mult': 1.5129160581710583, 'g_gpe_gpi_mult': 1.203748807097172}. Best is trial 198 with value: 0.17123825394474032.
[I 2026-05-28 22:58:59,067] Trial 471 finished with value: 0.11861943354202514 and parameters: {'ISTN': 115.89474800499356, 'I_gpe': 3.5847412877264397, 'I_gpi': 2.2344606009490264, 'noise_stn_sigma': 4.691593384795444, 'noise_gpe_sigma': 49.494292582117275, 'noise_gpi_sigma': 75.8653773800741, 'g_stn_gpe_mult': 1.6899752975047817, 'g_gpe_stn_mult': 0.8035260075778663, 'g_stn_gpi_mult': 1.2798079046310218, 'g_gpe_gpi_mult': 1.1255098096041345}. Best is trial 471 with value: 0.11861943354202514.
[I 2026-05-28 22:59:00,076] Trial 472 finished with value: 8.71459661756485 and parameters: {'ISTN': 135.98433801644381, 'I_gpe': 3.571436614573945, 'I_gpi': 2.417436989945559, 'noise_stn_sigma': 4.494191791815514, 'noise_gpe_sigma': 30.711138982449885, 'noise_gpi_sigma': 62.90215859786563, 'g_stn_gpe_mult': 1.5650097884272576, 'g_gpe_stn_mult': 0.8546866347576955, 'g_stn_gpi_mult': 1.6921769507849937, 'g_gpe_gpi_mult': 1.0896381509256101}. Best is trial 471 with value: 0.11861943354202514.
[I 2026-05-28 22:59:01,084] Trial 473 finished with value: 2.179630525065268 and parameters: {'ISTN': 124.79452791766954, 'I_gpe': 4.142226800055155, 'I_gpi': 2.9092024041530227, 'noise_stn_sigma': 4.755415694526388, 'noise_gpe_sigma': 34.324718469419516, 'noise_gpi_sigma': 73.98259800545247, 'g_stn_gpe_mult': 1.6451267160500844, 'g_gpe_stn_mult': 0.7231504050114635, 'g_stn_gpi_mult': 1.6630093568034052, 'g_gpe_gpi_mult': 1.2474299647317695}. Best is trial 471 with value: 0.11861943354202514.
[I 2026-05-28 22:59:02,092] Trial 474 finished with value: 0.638460457356436 and parameters: {'ISTN': 104.75861894143955, 'I_gpe': 3.4585457935932356, 'I_gpi': 2.367844163506206, 'noise_stn_sigma': 4.570896562927982, 'noise_gpe_sigma': 38.85597348097504, 'noise_gpi_sigma': 61.757730910372665, 'g_stn_gpe_mult': 1.7580394671928103, 'g_gpe_stn_mult': 0.743368536910618, 'g_stn_gpi_mult': 1.688053706980995, 'g_gpe_gpi_mult': 1.1468878341204016}. Best is trial 471 with value: 0.11861943354202514.
[I 2026-05-28 22:59:03,099] Trial 475 finished with value: 2.9776694450634675 and parameters: {'ISTN': 129.03355314246784, 'I_gpe': 3.7744100250781907, 'I_gpi': 3.1661038856848656, 'noise_stn_sigma': 4.37742920335862, 'noise_gpe_sigma': 36.82322038573084, 'noise_gpi_sigma': 68.71869303518423, 'g_stn_gpe_mult': 1.7028853100042622, 'g_gpe_stn_mult': 0.7978430723373453, 'g_stn_gpi_mult': 1.6348940671550547, 'g_gpe_gpi_mult': 1.059312285905297}. Best is trial 471 with value: 0.11861943354202514.
[I 2026-05-28 22:59:04,101] Trial 476 finished with value: 105.1619626814285 and parameters: {'ISTN': 126.53934560765623, 'I_gpe': 4.066580867564429, 'I_gpi': 2.095465494852382, 'noise_stn_sigma': 4.683645858905462, 'noise_gpe_sigma': 21.909489464574726, 'noise_gpi_sigma': 65.99321812675045, 'g_stn_gpe_mult': 1.5358386099198036, 'g_gpe_stn_mult': 0.8346543598029021, 'g_stn_gpi_mult': 1.461840428747138, 'g_gpe_gpi_mult': 1.201455542499804}. Best is trial 471 with value: 0.11861943354202514.
[I 2026-05-28 22:59:05,108] Trial 477 finished with value: 18.36311336751349 and parameters: {'ISTN': 121.7737643124598, 'I_gpe': 3.6705860139213473, 'I_gpi': 2.410994152453603, 'noise_stn_sigma': 4.675824345994892, 'noise_gpe_sigma': 29.800820960625398, 'noise_gpi_sigma': 61.89755952739788, 'g_stn_gpe_mult': 1.6749999448587571, 'g_gpe_stn_mult': 0.714965661840735, 'g_stn_gpi_mult': 1.5939822479711194, 'g_gpe_gpi_mult': 1.0785437168666818}. Best is trial 471 with value: 0.11861943354202514.
[I 2026-05-28 22:59:06,111] Trial 478 finished with value: 4.44389975648383 and parameters: {'ISTN': 106.59932767454312, 'I_gpe': 3.4483021545459454, 'I_gpi': 1.4660300500417693, 'noise_stn_sigma': 3.5377604906791356, 'noise_gpe_sigma': 38.0162853636923, 'noise_gpi_sigma': 69.53840710699215, 'g_stn_gpe_mult': 1.8312458394546896, 'g_gpe_stn_mult': 0.7143185368999057, 'g_stn_gpi_mult': 1.5195968815313676, 'g_gpe_gpi_mult': 1.1669929858514725}. Best is trial 471 with value: 0.11861943354202514.
[I 2026-05-28 22:59:07,116] Trial 479 finished with value: 105.47710378957834 and parameters: {'ISTN': 144.15536253067376, 'I_gpe': 4.608987372427116, 'I_gpi': 2.468054295746298, 'noise_stn_sigma': 4.568372878612183, 'noise_gpe_sigma': 27.92438784846893, 'noise_gpi_sigma': 69.95922699285856, 'g_stn_gpe_mult': 1.7009674814108615, 'g_gpe_stn_mult': 0.8017594743695557, 'g_stn_gpi_mult': 1.9685540557956922, 'g_gpe_gpi_mult': 1.3659702023196212}. Best is trial 471 with value: 0.11861943354202514.
[I 2026-05-28 22:59:08,121] Trial 480 finished with value: 0.686833368347161 and parameters: {'ISTN': 126.96269692553955, 'I_gpe': 3.8888771770500052, 'I_gpi': 2.4150228680858836, 'noise_stn_sigma': 4.757459902009296, 'noise_gpe_sigma': 30.090890670273208, 'noise_gpi_sigma': 73.04342562954665, 'g_stn_gpe_mult': 1.5862346058062449, 'g_gpe_stn_mult': 0.8064481342436318, 'g_stn_gpi_mult': 1.6967607162912068, 'g_gpe_gpi_mult': 1.146080024502748}. Best is trial 471 with value: 0.11861943354202514.
[I 2026-05-28 22:59:09,123] Trial 481 finished with value: 105.36097950702914 and parameters: {'ISTN': 117.79632125570387, 'I_gpe': 3.887446290888949, 'I_gpi': 1.9912548768316443, 'noise_stn_sigma': 4.984129630894563, 'noise_gpe_sigma': 40.246448952023755, 'noise_gpi_sigma': 74.51816877221451, 'g_stn_gpe_mult': 1.621618363143119, 'g_gpe_stn_mult': 0.8580889432256049, 'g_stn_gpi_mult': 1.793692187506437, 'g_gpe_gpi_mult': 1.2133626758546567}. Best is trial 471 with value: 0.11861943354202514.
[I 2026-05-28 22:59:10,131] Trial 482 finished with value: 0.24309443475263473 and parameters: {'ISTN': 118.20445702028182, 'I_gpe': 3.68199582623621, 'I_gpi': 2.5176792745280503, 'noise_stn_sigma': 4.144015688515427, 'noise_gpe_sigma': 40.75981870543336, 'noise_gpi_sigma': 69.39066763937643, 'g_stn_gpe_mult': 1.7127010628748198, 'g_gpe_stn_mult': 0.7840182893439567, 'g_stn_gpi_mult': 1.7497210632965985, 'g_gpe_gpi_mult': 1.0856629807854747}. Best is trial 471 with value: 0.11861943354202514.
[I 2026-05-28 22:59:11,136] Trial 483 finished with value: 0.7392261014801792 and parameters: {'ISTN': 99.42239605211421, 'I_gpe': 3.803944323994225, 'I_gpi': 1.1242965960117726, 'noise_stn_sigma': 4.966381212697392, 'noise_gpe_sigma': 28.380680366181835, 'noise_gpi_sigma': 73.32722272672744, 'g_stn_gpe_mult': 1.7466370068249137, 'g_gpe_stn_mult': 0.6636810006403301, 'g_stn_gpi_mult': 1.7888859722804016, 'g_gpe_gpi_mult': 0.9321744829855831}. Best is trial 471 with value: 0.11861943354202514.
