[I 2026-05-28 22:51:50,805] Trial 44 finished with value: 105.57539200722856 and parameters: {'ISTN': 182.13538757556614, 'I_gpe': 4.641431978603375, 'I_gpi': 2.3020813814473158, 'noise_stn_sigma': 3.8237089547988554, 'noise_gpe_sigma': 40.350447385043466, 'noise_gpi_sigma': 54.13652700383512, 'g_stn_gpe_mult': 0.8736231886397213, 'g_gpe_stn_mult': 1.558858258493334, 'g_stn_gpi_mult': 1.1883209336095666, 'g_gpe_gpi_mult': 0.9804372635781979}. Best is trial 35 with value: 1.6969728962836053.
[I 2026-05-28 22:51:51,808] Trial 45 finished with value: 5.724044971412215 and parameters: {'ISTN': 180.52323693071347, 'I_gpe': 3.293270947410603, 'I_gpi': 5.437876136761188, 'noise_stn_sigma': 3.446841302611306, 'noise_gpe_sigma': 18.65454688432479, 'noise_gpi_sigma': 29.940528916066036, 'g_stn_gpe_mult': 1.257583393095441, 'g_gpe_stn_mult': 1.2420748919594438, 'g_stn_gpi_mult': 1.1197295163404302, 'g_gpe_gpi_mult': 1.0033489596635696}. Best is trial 35 with value: 1.6969728962836053.
[I 2026-05-28 22:51:52,814] Trial 46 finished with value: 69.31613707282578 and parameters: {'ISTN': 171.04878372923056, 'I_gpe': 2.1942975129674123, 'I_gpi': 2.6627017288102914, 'noise_stn_sigma': 2.572933384967812, 'noise_gpe_sigma': 42.71354255162291, 'noise_gpi_sigma': 51.77869522727936, 'g_stn_gpe_mult': 0.8105886963164967, 'g_gpe_stn_mult': 1.3729375203288006, 'g_stn_gpi_mult': 1.2179041750592434, 'g_gpe_gpi_mult': 1.1523140347782095}. Best is trial 35 with value: 1.6969728962836053.
[I 2026-05-28 22:51:53,817] Trial 47 finished with value: 107.90226240253611 and parameters: {'ISTN': 146.94387600485368, 'I_gpe': 3.838325462937676, 'I_gpi': 4.98153764921039, 'noise_stn_sigma': 3.8719185309203947, 'noise_gpe_sigma': 24.94978176586231, 'noise_gpi_sigma': 36.0437663793316, 'g_stn_gpe_mult': 1.0322244621897914, 'g_gpe_stn_mult': 1.6003665601844859, 'g_stn_gpi_mult': 1.3946638720245799, 'g_gpe_gpi_mult': 0.6189245409615223}. Best is trial 35 with value: 1.6969728962836053.
[I 2026-05-28 22:51:54,816] Trial 48 finished with value: 106.0540653736273 and parameters: {'ISTN': 168.11425169216074, 'I_gpe': 3.3209259357538174, 'I_gpi': 3.734985555516, 'noise_stn_sigma': 3.38625508670862, 'noise_gpe_sigma': 41.94073609037736, 'noise_gpi_sigma': 50.234243598094125, 'g_stn_gpe_mult': 0.7726222219937919, 'g_gpe_stn_mult': 1.5098384955521942, 'g_stn_gpi_mult': 1.1323919944840701, 'g_gpe_gpi_mult': 1.4523181491291592}. Best is trial 35 with value: 1.6969728962836053.
[I 2026-05-28 22:51:55,822] Trial 49 finished with value: 47.55767804319991 and parameters: {'ISTN': 166.7704230112579, 'I_gpe': 3.2086980483147016, 'I_gpi': 2.984399490250585, 'noise_stn_sigma': 4.079643726508491, 'noise_gpe_sigma': 31.62745476080539, 'noise_gpi_sigma': 41.46691731230552, 'g_stn_gpe_mult': 1.1253359628954243, 'g_gpe_stn_mult': 1.0453932666781793, 'g_stn_gpi_mult': 0.5597824718709806, 'g_gpe_gpi_mult': 1.133966721949615}. Best is trial 35 with value: 1.6969728962836053.
[I 2026-05-28 22:51:56,828] Trial 50 finished with value: 3.9282337169279953 and parameters: {'ISTN': 148.35243793796872, 'I_gpe': 4.365444174720821, 'I_gpi': 4.863872128912353, 'noise_stn_sigma': 3.154383244141389, 'noise_gpe_sigma': 46.06749194460331, 'noise_gpi_sigma': 36.62913793170403, 'g_stn_gpe_mult': 1.0616254411921253, 'g_gpe_stn_mult': 0.8011535656776742, 'g_stn_gpi_mult': 1.1728130793599711, 'g_gpe_gpi_mult': 1.0699075186771196}. Best is trial 35 with value: 1.6969728962836053.
[I 2026-05-28 22:51:57,830] Trial 51 finished with value: 107.60180763447153 and parameters: {'ISTN': 170.44165462191032, 'I_gpe': 3.3897833263704116, 'I_gpi': 4.853441721605094, 'noise_stn_sigma': 2.3348686694847114, 'noise_gpe_sigma': 43.3583518457139, 'noise_gpi_sigma': 43.48948476038585, 'g_stn_gpe_mult': 0.9600609094215469, 'g_gpe_stn_mult': 1.3649976912564796, 'g_stn_gpi_mult': 0.8633055892850628, 'g_gpe_gpi_mult': 1.1125517195912566}. Best is trial 35 with value: 1.6969728962836053.
[I 2026-05-28 22:51:58,830] Trial 52 finished with value: 106.37542286330905 and parameters: {'ISTN': 144.27482157394329, 'I_gpe': 4.369801645575489, 'I_gpi': 3.921657147477022, 'noise_stn_sigma': 3.1995073565201304, 'noise_gpe_sigma': 49.01040377741252, 'noise_gpi_sigma': 41.39174195448538, 'g_stn_gpe_mult': 1.4230294105203116, 'g_gpe_stn_mult': 1.2069443242648439, 'g_stn_gpi_mult': 0.9787918946157368, 'g_gpe_gpi_mult': 0.8315166587915537}. Best is trial 35 with value: 1.6969728962836053.
[I 2026-05-28 22:51:59,838] Trial 53 finished with value: 11.169387920748838 and parameters: {'ISTN': 175.2393474945494, 'I_gpe': 2.5563987248656233, 'I_gpi': 3.8471021538964267, 'noise_stn_sigma': 4.135553032276418, 'noise_gpe_sigma': 33.80515621034195, 'noise_gpi_sigma': 52.67859698380895, 'g_stn_gpe_mult': 1.332596429906921, 'g_gpe_stn_mult': 1.3751902533665397, 'g_stn_gpi_mult': 1.1529619974770555, 'g_gpe_gpi_mult': 0.7687651433111857}. Best is trial 35 with value: 1.6969728962836053.
[I 2026-05-28 22:52:00,841] Trial 54 finished with value: 107.88648855698978 and parameters: {'ISTN': 164.83699581901487, 'I_gpe': 4.226198165788464, 'I_gpi': 4.941654778729085, 'noise_stn_sigma': 2.519863393849901, 'noise_gpe_sigma': 16.893256334145548, 'noise_gpi_sigma': 35.146639587423145, 'g_stn_gpe_mult': 1.1427267275994726, 'g_gpe_stn_mult': 1.1176862078610035, 'g_stn_gpi_mult': 0.8751357438255186, 'g_gpe_gpi_mult': 1.2394429789891492}. Best is trial 35 with value: 1.6969728962836053.
[I 2026-05-28 22:52:01,844] Trial 55 finished with value: 7.882616415552297 and parameters: {'ISTN': 195.4638353956861, 'I_gpe': 3.8800192866049716, 'I_gpi': 6.212338153188861, 'noise_stn_sigma': 4.010652445845514, 'noise_gpe_sigma': 41.72522298730417, 'noise_gpi_sigma': 28.38253457592686, 'g_stn_gpe_mult': 1.409604856718926, 'g_gpe_stn_mult': 1.1844410664065934, 'g_stn_gpi_mult': 1.0236301054727421, 'g_gpe_gpi_mult': 1.1349810496710386}. Best is trial 35 with value: 1.6969728962836053.
[I 2026-05-28 22:52:02,850] Trial 56 finished with value: 78.03682120584872 and parameters: {'ISTN': 144.518386959735, 'I_gpe': 3.736750945662552, 'I_gpi': 5.448762284670214, 'noise_stn_sigma': 3.6126666415170385, 'noise_gpe_sigma': 10.914137322061137, 'noise_gpi_sigma': 46.9348089693914, 'g_stn_gpe_mult': 1.0697033702362395, 'g_gpe_stn_mult': 0.7146681424039053, 'g_stn_gpi_mult': 0.8004141512286214, 'g_gpe_gpi_mult': 1.086107792398685}. Best is trial 35 with value: 1.6969728962836053.
[I 2026-05-28 22:52:03,861] Trial 57 finished with value: 138.34368203250312 and parameters: {'ISTN': 183.1001726175852, 'I_gpe': 3.2771238964610943, 'I_gpi': 4.276252846725788, 'noise_stn_sigma': 3.3672800876518822, 'noise_gpe_sigma': 17.094917388152897, 'noise_gpi_sigma': 27.098434419743654, 'g_stn_gpe_mult': 0.811360977503923, 'g_gpe_stn_mult': 1.0139337174728285, 'g_stn_gpi_mult': 1.030205251923396, 'g_gpe_gpi_mult': 0.9233732542744266}. Best is trial 35 with value: 1.6969728962836053.
[I 2026-05-28 22:52:04,863] Trial 58 finished with value: 108.77990419096116 and parameters: {'ISTN': 163.79078301547747, 'I_gpe': 4.8407267634012054, 'I_gpi': 5.267845894661659, 'noise_stn_sigma': 4.316606734213704, 'noise_gpe_sigma': 35.79923604607741, 'noise_gpi_sigma': 24.047142601916892, 'g_stn_gpe_mult': 0.9503333823473323, 'g_gpe_stn_mult': 1.1790224438682029, 'g_stn_gpi_mult': 0.7423313994152361, 'g_gpe_gpi_mult': 1.214878122160056}. Best is trial 35 with value: 1.6969728962836053.
[I 2026-05-28 22:52:05,863] Trial 59 finished with value: 106.58725075807689 and parameters: {'ISTN': 168.25971977548195, 'I_gpe': 3.1691845250396904, 'I_gpi': 4.135033244585854, 'noise_stn_sigma': 3.435399143553318, 'noise_gpe_sigma': 34.120287620902616, 'noise_gpi_sigma': 45.06454371803484, 'g_stn_gpe_mult': 1.0214289989468177, 'g_gpe_stn_mult': 1.7475186404602323, 'g_stn_gpi_mult': 0.8049249321237795, 'g_gpe_gpi_mult': 1.1291818471501476}. Best is trial 35 with value: 1.6969728962836053.
[I 2026-05-28 22:52:06,872] Trial 60 finished with value: 60.389933183764555 and parameters: {'ISTN': 150.42920084636, 'I_gpe': 2.1019040481002254, 'I_gpi': 5.117437114084842, 'noise_stn_sigma': 4.089105444847656, 'noise_gpe_sigma': 35.88412128835225, 'noise_gpi_sigma': 32.40182884285375, 'g_stn_gpe_mult': 1.0736356129753533, 'g_gpe_stn_mult': 1.195326582564276, 'g_stn_gpi_mult': 0.9473167057670941, 'g_gpe_gpi_mult': 0.5061196498368177}. Best is trial 35 with value: 1.6969728962836053.
[I 2026-05-28 22:52:07,878] Trial 61 finished with value: 171.39318993402296 and parameters: {'ISTN': 182.5072985714279, 'I_gpe': 3.018962644206085, 'I_gpi': 5.235548454889092, 'noise_stn_sigma': 4.266421871370118, 'noise_gpe_sigma': 37.13706463663833, 'noise_gpi_sigma': 33.842298150991084, 'g_stn_gpe_mult': 0.7608763018694422, 'g_gpe_stn_mult': 0.7917176583524225, 'g_stn_gpi_mult': 1.050137052301944, 'g_gpe_gpi_mult': 1.1932595259627656}. Best is trial 35 with value: 1.6969728962836053.
[I 2026-05-28 22:52:08,880] Trial 62 finished with value: 109.8353675569289 and parameters: {'ISTN': 194.82696287242132, 'I_gpe': 3.910741338220376, 'I_gpi': 6.058404009391752, 'noise_stn_sigma': 4.885319007283011, 'noise_gpe_sigma': 49.12146295900085, 'noise_gpi_sigma': 27.05607770159131, 'g_stn_gpe_mult': 1.3870542046301626, 'g_gpe_stn_mult': 1.2355064383038155, 'g_stn_gpi_mult': 1.1063908925917305, 'g_gpe_gpi_mult': 1.1323430799260485}. Best is trial 35 with value: 1.6969728962836053.
[I 2026-05-28 22:52:09,888] Trial 63 finished with value: 15.92559009797807 and parameters: {'ISTN': 158.9148906056755, 'I_gpe': 2.782927662290542, 'I_gpi': 5.912195999217131, 'noise_stn_sigma': 2.879807196215418, 'noise_gpe_sigma': 44.26898449890947, 'noise_gpi_sigma': 39.863810943570904, 'g_stn_gpe_mult': 1.4561730938257051, 'g_gpe_stn_mult': 1.1828924090508353, 'g_stn_gpi_mult': 0.8710415459174352, 'g_gpe_gpi_mult': 0.9826280408458958}. Best is trial 35 with value: 1.6969728962836053.
[I 2026-05-28 22:52:10,887] Trial 64 finished with value: 109.88723960250273 and parameters: {'ISTN': 176.27027112325095, 'I_gpe': 3.999729339929747, 'I_gpi': 5.961979480150179, 'noise_stn_sigma': 3.963742514727266, 'noise_gpe_sigma': 46.333391473712275, 'noise_gpi_sigma': 20.361987223760227, 'g_stn_gpe_mult': 1.5980435483834783, 'g_gpe_stn_mult': 1.3742850506445912, 'g_stn_gpi_mult': 1.3179917233950773, 'g_gpe_gpi_mult': 0.5155664894404781}. Best is trial 35 with value: 1.6969728962836053.
[I 2026-05-28 22:52:11,894] Trial 65 finished with value: 150.2102874168373 and parameters: {'ISTN': 176.83670111163892, 'I_gpe': 1.6854120703873607, 'I_gpi': 5.724030903768353, 'noise_stn_sigma': 4.734901973813129, 'noise_gpe_sigma': 36.65016849214378, 'noise_gpi_sigma': 53.161487845514266, 'g_stn_gpe_mult': 1.1349198051569909, 'g_gpe_stn_mult': 1.2300203363503943, 'g_stn_gpi_mult': 0.8347794759892551, 'g_gpe_gpi_mult': 0.7276258753538829}. Best is trial 35 with value: 1.6969728962836053.
[I 2026-05-28 22:52:12,893] Trial 66 finished with value: 8.056520710527169 and parameters: {'ISTN': 175.19131577013152, 'I_gpe': 2.4299421254119236, 'I_gpi': 5.926892409765029, 'noise_stn_sigma': 4.350364419551217, 'noise_gpe_sigma': 24.133025755395565, 'noise_gpi_sigma': 47.91238717704264, 'g_stn_gpe_mult': 1.1131341950659643, 'g_gpe_stn_mult': 1.5750201440442257, 'g_stn_gpi_mult': 1.2142469834876066, 'g_gpe_gpi_mult': 0.9207973373786026}. Best is trial 35 with value: 1.6969728962836053.
[I 2026-05-28 22:52:13,893] Trial 67 finished with value: 108.13953457521342 and parameters: {'ISTN': 169.4570366476338, 'I_gpe': 4.436049642686161, 'I_gpi': 5.010797478500723, 'noise_stn_sigma': 3.2480642406109745, 'noise_gpe_sigma': 23.870871463325464, 'noise_gpi_sigma': 20.62779795403092, 'g_stn_gpe_mult': 1.481378187316172, 'g_gpe_stn_mult': 1.525782929593132, 'g_stn_gpi_mult': 1.009836225853058, 'g_gpe_gpi_mult': 0.9148947242611072}. Best is trial 35 with value: 1.6969728962836053.
[I 2026-05-28 22:52:14,894] Trial 68 finished with value: 109.982970009252 and parameters: {'ISTN': 177.64572629122534, 'I_gpe': 4.019540462501467, 'I_gpi': 6.035435933622906, 'noise_stn_sigma': 3.652140198802593, 'noise_gpe_sigma': 40.257402227097145, 'noise_gpi_sigma': 42.50014573168317, 'g_stn_gpe_mult': 1.5367408206088853, 'g_gpe_stn_mult': 1.2058977081478734, 'g_stn_gpi_mult': 0.9011626931834111, 'g_gpe_gpi_mult': 0.6991708589937915}. Best is trial 35 with value: 1.6969728962836053.
[I 2026-05-28 22:52:15,901] Trial 69 finished with value: 75.57891782950654 and parameters: {'ISTN': 195.7454698669136, 'I_gpe': 3.401005021291797, 'I_gpi': 6.4004323567677766, 'noise_stn_sigma': 4.400193578624986, 'noise_gpe_sigma': 57.11959777893724, 'noise_gpi_sigma': 47.558627899753596, 'g_stn_gpe_mult': 1.1567438831365717, 'g_gpe_stn_mult': 1.162168136676693, 'g_stn_gpi_mult': 0.975104865406475, 'g_gpe_gpi_mult': 0.9427661257124279}. Best is trial 35 with value: 1.6969728962836053.
[I 2026-05-28 22:52:16,910] Trial 70 finished with value: 138.36052397831963 and parameters: {'ISTN': 173.44357786365595, 'I_gpe': 3.3826171047658233, 'I_gpi': 5.585285535009205, 'noise_stn_sigma': 3.412358707460445, 'noise_gpe_sigma': 33.657647974640675, 'noise_gpi_sigma': 43.07280760756394, 'g_stn_gpe_mult': 1.0238619955704384, 'g_gpe_stn_mult': 0.8974146178716191, 'g_stn_gpi_mult': 0.9338810338787145, 'g_gpe_gpi_mult': 1.1114453884831037}. Best is trial 35 with value: 1.6969728962836053.
[I 2026-05-28 22:52:17,916] Trial 71 finished with value: 7.387193659794072 and parameters: {'ISTN': 151.51821394956988, 'I_gpe': 1.708515494122383, 'I_gpi': 5.277067441303459, 'noise_stn_sigma': 3.7948387712435774, 'noise_gpe_sigma': 35.337392098856554, 'noise_gpi_sigma': 54.1814058874941, 'g_stn_gpe_mult': 1.029682344725398, 'g_gpe_stn_mult': 1.6504480982253629, 'g_stn_gpi_mult': 1.3028068830353414, 'g_gpe_gpi_mult': 0.7367314790015049}. Best is trial 35 with value: 1.6969728962836053.
[I 2026-05-28 22:52:18,923] Trial 72 finished with value: 102.21342464627772 and parameters: {'ISTN': 166.66881943869805, 'I_gpe': 1.7741603987801149, 'I_gpi': 6.898162959290777, 'noise_stn_sigma': 4.431378100505798, 'noise_gpe_sigma': 13.788780934002517, 'noise_gpi_sigma': 13.694924728048235, 'g_stn_gpe_mult': 1.142944930555188, 'g_gpe_stn_mult': 1.4029084647482162, 'g_stn_gpi_mult': 0.9685615871195998, 'g_gpe_gpi_mult': 0.7676636611169176}. Best is trial 35 with value: 1.6969728962836053.
[I 2026-05-28 22:52:19,870] Trial 73 finished with value: 1000000.0 and parameters: {'ISTN': 171.600141178528, 'I_gpe': 2.3796238702248926, 'I_gpi': 4.044884161393628, 'noise_stn_sigma': 3.4345707973099864, 'noise_gpe_sigma': 34.27372113059446, 'noise_gpi_sigma': 52.85330548886965, 'g_stn_gpe_mult': 1.260555184580976, 'g_gpe_stn_mult': 1.4814279131436838, 'g_stn_gpi_mult': 0.9115970736399486, 'g_gpe_gpi_mult': 0.9031734503279432}. Best is trial 35 with value: 1.6969728962836053.
[I 2026-05-28 22:52:20,878] Trial 74 finished with value: 88.45204871043508 and parameters: {'ISTN': 162.58283201444152, 'I_gpe': 2.165635344582768, 'I_gpi': 5.521366096674002, 'noise_stn_sigma': 4.517137520406927, 'noise_gpe_sigma': 44.563648704242496, 'noise_gpi_sigma': 36.63544191536703, 'g_stn_gpe_mult': 1.4137434913644256, 'g_gpe_stn_mult': 1.1693915396048662, 'g_stn_gpi_mult': 1.1579471645021417, 'g_gpe_gpi_mult': 0.9887450514162633}. Best is trial 35 with value: 1.6969728962836053.
[I 2026-05-28 22:52:21,880] Trial 75 finished with value: 110.82189646737642 and parameters: {'ISTN': 189.3775053647185, 'I_gpe': 3.0732997634473427, 'I_gpi': 6.383027042236734, 'noise_stn_sigma': 3.980725802020508, 'noise_gpe_sigma': 27.65083872694778, 'noise_gpi_sigma': 33.91820354589269, 'g_stn_gpe_mult': 1.3117409612683075, 'g_gpe_stn_mult': 1.49198088505077, 'g_stn_gpi_mult': 1.1891863050352227, 'g_gpe_gpi_mult': 0.9606170496798268}. Best is trial 35 with value: 1.6969728962836053.
[I 2026-05-28 22:52:22,883] Trial 76 finished with value: 106.72475206362245 and parameters: {'ISTN': 178.98436062023268, 'I_gpe': 4.000073400095424, 'I_gpi': 4.257968986358979, 'noise_stn_sigma': 3.448202917514196, 'noise_gpe_sigma': 36.58997327013218, 'noise_gpi_sigma': 48.27285853289882, 'g_stn_gpe_mult': 1.3071072419745229, 'g_gpe_stn_mult': 1.2876684961837377, 'g_stn_gpi_mult': 0.8886410204562757, 'g_gpe_gpi_mult': 0.6226204133561588}. Best is trial 35 with value: 1.6969728962836053.
[I 2026-05-28 22:52:23,894] Trial 77 finished with value: 96.3801642480379 and parameters: {'ISTN': 156.82559607972107, 'I_gpe': 2.0247176161149882, 'I_gpi': 6.319102815499644, 'noise_stn_sigma': 3.4690617061058884, 'noise_gpe_sigma': 35.75955192018049, 'noise_gpi_sigma': 29.26629100642393, 'g_stn_gpe_mult': 1.2326688344221628, 'g_gpe_stn_mult': 1.121362098236913, 'g_stn_gpi_mult': 1.3526144815041503, 'g_gpe_gpi_mult': 0.7626428311699465}. Best is trial 35 with value: 1.6969728962836053.
[I 2026-05-28 22:52:24,841] Trial 78 finished with value: 1000000.0 and parameters: {'ISTN': 192.3431933088005, 'I_gpe': 3.2239154427514265, 'I_gpi': 6.5143387325736235, 'noise_stn_sigma': 3.6738418478558312, 'noise_gpe_sigma': 35.07515718770126, 'noise_gpi_sigma': 48.45189147433349, 'g_stn_gpe_mult': 1.121015692105534, 'g_gpe_stn_mult': 1.4109717631128922, 'g_stn_gpi_mult': 1.2347530005617284, 'g_gpe_gpi_mult': 0.53485131093081}. Best is trial 35 with value: 1.6969728962836053.
[I 2026-05-28 22:52:25,844] Trial 79 finished with value: 106.99487228450371 and parameters: {'ISTN': 160.49211138392388, 'I_gpe': 3.640291153699378, 'I_gpi': 4.462625150598765, 'noise_stn_sigma': 3.38192908218329, 'noise_gpe_sigma': 51.515093553743604, 'noise_gpi_sigma': 29.9910803240046, 'g_stn_gpe_mult': 1.1584905489473543, 'g_gpe_stn_mult': 1.3050479251762916, 'g_stn_gpi_mult': 1.211104192328947, 'g_gpe_gpi_mult': 0.9108249743634882}. Best is trial 35 with value: 1.6969728962836053.
[I 2026-05-28 22:52:26,851] Trial 80 finished with value: 59.906581695151765 and parameters: {'ISTN': 157.7707984040152, 'I_gpe': 2.596267674368093, 'I_gpi': 6.107785192302834, 'noise_stn_sigma': 4.521808061721579, 'noise_gpe_sigma': 37.382558316936965, 'noise_gpi_sigma': 36.89839483044051, 'g_stn_gpe_mult': 1.0729623697692379, 'g_gpe_stn_mult': 1.118551893704631, 'g_stn_gpi_mult': 1.5213281413135444, 'g_gpe_gpi_mult': 0.7964047194238515}. Best is trial 35 with value: 1.6969728962836053.
[I 2026-05-28 22:52:27,859] Trial 81 finished with value: 147.9263918816267 and parameters: {'ISTN': 190.4850008498246, 'I_gpe': 2.950825422581942, 'I_gpi': 5.073504781330757, 'noise_stn_sigma': 4.931327715521436, 'noise_gpe_sigma': 61.46894540945944, 'noise_gpi_sigma': 41.6187151892219, 'g_stn_gpe_mult': 1.1472970215837912, 'g_gpe_stn_mult': 1.1280690635383028, 'g_stn_gpi_mult': 1.4125888408109029, 'g_gpe_gpi_mult': 0.6832486319075195}. Best is trial 35 with value: 1.6969728962836053.
[I 2026-05-28 22:52:28,866] Trial 82 finished with value: 71.16869476742325 and parameters: {'ISTN': 146.46824665385245, 'I_gpe': 1.2135319692776638, 'I_gpi': 6.004960080742707, 'noise_stn_sigma': 4.231578786528386, 'noise_gpe_sigma': 19.971989787273117, 'noise_gpi_sigma': 42.21593906751494, 'g_stn_gpe_mult': 1.204194798487486, 'g_gpe_stn_mult': 1.4232426790460806, 'g_stn_gpi_mult': 1.283587848349033, 'g_gpe_gpi_mult': 1.102216435621521}. Best is trial 35 with value: 1.6969728962836053.
[I 2026-05-28 22:52:29,813] Trial 83 finished with value: 1000000.0 and parameters: {'ISTN': 175.98037637285864, 'I_gpe': 1.8934171040874, 'I_gpi': 6.270410040729534, 'noise_stn_sigma': 3.5842605298398045, 'noise_gpe_sigma': 28.059958230228677, 'noise_gpi_sigma': 63.235685316729736, 'g_stn_gpe_mult': 1.2959428378579845, 'g_gpe_stn_mult': 1.4010438782215564, 'g_stn_gpi_mult': 1.4087100945749707, 'g_gpe_gpi_mult': 0.7591290380724105}. Best is trial 35 with value: 1.6969728962836053.
[I 2026-05-28 22:52:30,816] Trial 84 finished with value: 6.447048554640996 and parameters: {'ISTN': 104.7126690650012, 'I_gpe': 1.6279192902027912, 'I_gpi': 5.404991489348592, 'noise_stn_sigma': 4.524713780180046, 'noise_gpe_sigma': 35.001007420963546, 'noise_gpi_sigma': 42.79363623818486, 'g_stn_gpe_mult': 1.4689725211563895, 'g_gpe_stn_mult': 1.357523456819684, 'g_stn_gpi_mult': 1.0660057892276633, 'g_gpe_gpi_mult': 0.7012522480022303}. Best is trial 35 with value: 1.6969728962836053.
[I 2026-05-28 22:52:31,816] Trial 85 finished with value: 110.54340483891929 and parameters: {'ISTN': 141.51688542743855, 'I_gpe': 2.5347763451752865, 'I_gpi': 6.19913037084772, 'noise_stn_sigma': 4.73423437517614, 'noise_gpe_sigma': 36.19149195877834, 'noise_gpi_sigma': 54.91883235171443, 'g_stn_gpe_mult': 1.4224938267187932, 'g_gpe_stn_mult': 1.9586918925529933, 'g_stn_gpi_mult': 1.3633897695257233, 'g_gpe_gpi_mult': 0.8732266046682525}. Best is trial 35 with value: 1.6969728962836053.
[I 2026-05-28 22:52:32,814] Trial 86 finished with value: 105.82437883180631 and parameters: {'ISTN': 138.99157184052618, 'I_gpe': 2.384466222802152, 'I_gpi': 2.9639260707357664, 'noise_stn_sigma': 3.8617735541256426, 'noise_gpe_sigma': 39.15015514734781, 'noise_gpi_sigma': 33.098100057184006, 'g_stn_gpe_mult': 1.1800647957007768, 'g_gpe_stn_mult': 1.595615345847115, 'g_stn_gpi_mult': 1.4279914078003324, 'g_gpe_gpi_mult': 0.945422456124912}. Best is trial 35 with value: 1.6969728962836053.
[I 2026-05-28 22:52:33,818] Trial 87 finished with value: 13.70476719569323 and parameters: {'ISTN': 183.41402238434029, 'I_gpe': 2.5943773472692175, 'I_gpi': 6.431174661956981, 'noise_stn_sigma': 3.728665152720366, 'noise_gpe_sigma': 63.64209220328738, 'noise_gpi_sigma': 48.09256227797472, 'g_stn_gpe_mult': 1.339434129048168, 'g_gpe_stn_mult': 1.4716043594045376, 'g_stn_gpi_mult': 1.4231071367348653, 'g_gpe_gpi_mult': 0.7656864582431553}. Best is trial 35 with value: 1.6969728962836053.
