[I 2026-05-28 23:01:07,827] Trial 88 finished with value: 107.00984559423462 and parameters: {'ISTN': 143.6839931138005, 'I_gpe': 5.652407159434504, 'I_gpi': 3.6074270826282717, 'noise_stn_sigma': 2.532591112589844, 'noise_gpe_sigma': 44.175396128457315, 'noise_gpi_sigma': 73.0103659287324, 'g_stn_gpe_mult': 1.2433285409629315, 'g_gpe_stn_mult': 0.6781321362274009, 'g_stn_gpi_mult': 1.5861223684035426, 'g_gpe_gpi_mult': 1.718195716748859}. Best is trial 59 with value: 1.137696267992646.
[I 2026-05-28 23:01:08,830] Trial 89 finished with value: 3.3483121686189006 and parameters: {'ISTN': 111.5122035138958, 'I_gpe': 2.8688968240624346, 'I_gpi': 2.494306167468377, 'noise_stn_sigma': 2.642276788075882, 'noise_gpe_sigma': 46.92207443675198, 'noise_gpi_sigma': 83.06955731195985, 'g_stn_gpe_mult': 1.326882815910093, 'g_gpe_stn_mult': 0.9894340915054423, 'g_stn_gpi_mult': 1.5245123517906678, 'g_gpe_gpi_mult': 1.6536936988355948}. Best is trial 59 with value: 1.137696267992646.
[I 2026-05-28 23:01:09,833] Trial 90 finished with value: 105.81472360477457 and parameters: {'ISTN': 133.18473535684822, 'I_gpe': 4.216168882619247, 'I_gpi': 3.431545224549601, 'noise_stn_sigma': 2.049125580209731, 'noise_gpe_sigma': 34.65340367839681, 'noise_gpi_sigma': 64.98280508060267, 'g_stn_gpe_mult': 1.4283828425990772, 'g_gpe_stn_mult': 1.102162081165054, 'g_stn_gpi_mult': 1.7137586519694965, 'g_gpe_gpi_mult': 1.4633614387271827}. Best is trial 59 with value: 1.137696267992646.
[I 2026-05-28 23:01:10,840] Trial 91 finished with value: 9.422681243644305 and parameters: {'ISTN': 124.77671397755512, 'I_gpe': 2.9336971256174427, 'I_gpi': 4.054351419372361, 'noise_stn_sigma': 1.650536892461082, 'noise_gpe_sigma': 46.441097919540326, 'noise_gpi_sigma': 56.420021278360906, 'g_stn_gpe_mult': 1.5966875756478038, 'g_gpe_stn_mult': 0.9113272852621792, 'g_stn_gpi_mult': 1.4636286381316475, 'g_gpe_gpi_mult': 1.1281402237442668}. Best is trial 59 with value: 1.137696267992646.
[I 2026-05-28 23:01:11,840] Trial 92 finished with value: 105.44408027674046 and parameters: {'ISTN': 108.77349384783324, 'I_gpe': 3.3336515400948774, 'I_gpi': 2.863603162134206, 'noise_stn_sigma': 2.3699361746708103, 'noise_gpe_sigma': 29.012017454377435, 'noise_gpi_sigma': 58.09551704238703, 'g_stn_gpe_mult': 1.562434622955216, 'g_gpe_stn_mult': 1.1677236932640527, 'g_stn_gpi_mult': 1.7657636879213927, 'g_gpe_gpi_mult': 1.8170036726846517}. Best is trial 59 with value: 1.137696267992646.
[I 2026-05-28 23:01:12,844] Trial 93 finished with value: 3.3633174721682866 and parameters: {'ISTN': 142.74338100444567, 'I_gpe': 3.151577752401948, 'I_gpi': 3.9953751575594794, 'noise_stn_sigma': 1.8818249270375502, 'noise_gpe_sigma': 43.93251315261858, 'noise_gpi_sigma': 52.05325053412097, 'g_stn_gpe_mult': 1.56192318810292, 'g_gpe_stn_mult': 1.0862629561791133, 'g_stn_gpi_mult': 1.3999975662816255, 'g_gpe_gpi_mult': 1.3683545613290473}. Best is trial 59 with value: 1.137696267992646.
[I 2026-05-28 23:01:13,845] Trial 94 finished with value: 106.51532903525492 and parameters: {'ISTN': 114.41612733368459, 'I_gpe': 3.4469159956590416, 'I_gpi': 4.302593123894192, 'noise_stn_sigma': 0.9671611623376586, 'noise_gpe_sigma': 53.23655494470545, 'noise_gpi_sigma': 66.87374343732775, 'g_stn_gpe_mult': 1.3073671844060142, 'g_gpe_stn_mult': 0.9176365107958361, 'g_stn_gpi_mult': 1.781496623883299, 'g_gpe_gpi_mult': 1.2754163868963917}. Best is trial 59 with value: 1.137696267992646.
[I 2026-05-28 23:01:14,847] Trial 95 finished with value: 4.582170583067203 and parameters: {'ISTN': 121.66264821377649, 'I_gpe': 2.5685878301581706, 'I_gpi': 4.567857864583264, 'noise_stn_sigma': 1.934378377458845, 'noise_gpe_sigma': 46.386801505961216, 'noise_gpi_sigma': 64.34103050665367, 'g_stn_gpe_mult': 1.5845501966830757, 'g_gpe_stn_mult': 1.0259457549130957, 'g_stn_gpi_mult': 1.4630040028347682, 'g_gpe_gpi_mult': 1.5107847360157445}. Best is trial 59 with value: 1.137696267992646.
[I 2026-05-28 23:01:15,847] Trial 96 finished with value: 106.642628703938 and parameters: {'ISTN': 113.14421061454358, 'I_gpe': 4.082904278508232, 'I_gpi': 4.234953354745736, 'noise_stn_sigma': 2.30238698798359, 'noise_gpe_sigma': 55.07557643719061, 'noise_gpi_sigma': 49.00616345210308, 'g_stn_gpe_mult': 1.7177491535803673, 'g_gpe_stn_mult': 0.8495605876845653, 'g_stn_gpi_mult': 1.5968009034030612, 'g_gpe_gpi_mult': 1.406394059504511}. Best is trial 59 with value: 1.137696267992646.
[I 2026-05-28 23:01:16,854] Trial 97 finished with value: 56.382993386572245 and parameters: {'ISTN': 150.4258305122648, 'I_gpe': 2.7859382572651334, 'I_gpi': 3.1330192785258015, 'noise_stn_sigma': 2.2593276963717477, 'noise_gpe_sigma': 53.783086089278676, 'noise_gpi_sigma': 46.6815539982716, 'g_stn_gpe_mult': 1.602682082967576, 'g_gpe_stn_mult': 0.9766664232306952, 'g_stn_gpi_mult': 1.284703984119711, 'g_gpe_gpi_mult': 1.3157572540046931}. Best is trial 59 with value: 1.137696267992646.
[I 2026-05-28 23:01:17,863] Trial 98 finished with value: 53.46554282120612 and parameters: {'ISTN': 130.69075844335134, 'I_gpe': 3.285581091379471, 'I_gpi': 2.8246439107264374, 'noise_stn_sigma': 2.4410648037311993, 'noise_gpe_sigma': 57.57360874888058, 'noise_gpi_sigma': 61.368801839470855, 'g_stn_gpe_mult': 1.6655602850417492, 'g_gpe_stn_mult': 0.6651450235635943, 'g_stn_gpi_mult': 1.3374225199083183, 'g_gpe_gpi_mult': 1.5622579209016598}. Best is trial 59 with value: 1.137696267992646.
[I 2026-05-28 23:01:18,870] Trial 99 finished with value: 0.2422004780435466 and parameters: {'ISTN': 123.10551083450474, 'I_gpe': 3.6955392777577467, 'I_gpi': 2.232887473136614, 'noise_stn_sigma': 3.3243367074294037, 'noise_gpe_sigma': 58.818000565176646, 'noise_gpi_sigma': 71.6521636742008, 'g_stn_gpe_mult': 1.409299301948788, 'g_gpe_stn_mult': 0.8143221394403568, 'g_stn_gpi_mult': 1.5633208192031673, 'g_gpe_gpi_mult': 1.4232860243693148}. Best is trial 99 with value: 0.2422004780435466.
[I 2026-05-28 23:01:19,876] Trial 100 finished with value: 1.1567788681595896 and parameters: {'ISTN': 135.9157386596945, 'I_gpe': 3.6329913229427415, 'I_gpi': 3.4239836351244093, 'noise_stn_sigma': 2.5392749325198603, 'noise_gpe_sigma': 57.64433479438564, 'noise_gpi_sigma': 38.51223991011613, 'g_stn_gpe_mult': 1.577465780492647, 'g_gpe_stn_mult': 0.8841191295853965, 'g_stn_gpi_mult': 1.3615909474384946, 'g_gpe_gpi_mult': 1.4732150249318956}. Best is trial 99 with value: 0.2422004780435466.
[I 2026-05-28 23:01:20,881] Trial 101 finished with value: 105.69282333428231 and parameters: {'ISTN': 121.4947199897718, 'I_gpe': 3.4189010677727247, 'I_gpi': 3.409048325399453, 'noise_stn_sigma': 2.6467383452920075, 'noise_gpe_sigma': 63.04396388712874, 'noise_gpi_sigma': 55.610063348928755, 'g_stn_gpe_mult': 1.6892090960736041, 'g_gpe_stn_mult': 1.003927362336711, 'g_stn_gpi_mult': 1.3920134164521176, 'g_gpe_gpi_mult': 1.6467684962035243}. Best is trial 99 with value: 0.2422004780435466.
[I 2026-05-28 23:01:21,890] Trial 102 finished with value: 32.63173054723523 and parameters: {'ISTN': 121.20325694905065, 'I_gpe': 2.9791967630617817, 'I_gpi': 2.9462949411378836, 'noise_stn_sigma': 3.0057639298196, 'noise_gpe_sigma': 58.11826111045783, 'noise_gpi_sigma': 65.38356534088504, 'g_stn_gpe_mult': 1.5792081820474828, 'g_gpe_stn_mult': 0.7463703336451455, 'g_stn_gpi_mult': 1.445815683792708, 'g_gpe_gpi_mult': 1.557742502829453}. Best is trial 99 with value: 0.2422004780435466.
[I 2026-05-28 23:01:22,898] Trial 103 finished with value: 40.19607174355831 and parameters: {'ISTN': 135.81963396950857, 'I_gpe': 3.785619779689025, 'I_gpi': 3.8905569065769483, 'noise_stn_sigma': 2.5363735771796745, 'noise_gpe_sigma': 37.600862539304444, 'noise_gpi_sigma': 52.865427275113134, 'g_stn_gpe_mult': 1.778741630758784, 'g_gpe_stn_mult': 0.7215194406210197, 'g_stn_gpi_mult': 1.616656284732466, 'g_gpe_gpi_mult': 1.7373139792452987}. Best is trial 99 with value: 0.2422004780435466.
[I 2026-05-28 23:01:23,900] Trial 104 finished with value: 105.96408185309383 and parameters: {'ISTN': 125.0274971683288, 'I_gpe': 3.156261749763318, 'I_gpi': 3.6598147671419987, 'noise_stn_sigma': 2.0164807654403387, 'noise_gpe_sigma': 56.5053179642609, 'noise_gpi_sigma': 58.85628371596727, 'g_stn_gpe_mult': 1.2781215276116649, 'g_gpe_stn_mult': 1.1126101347593749, 'g_stn_gpi_mult': 1.2271444496013975, 'g_gpe_gpi_mult': 1.3294768381510205}. Best is trial 99 with value: 0.2422004780435466.
[I 2026-05-28 23:01:24,908] Trial 105 finished with value: 1.957423493974007 and parameters: {'ISTN': 126.13371590811694, 'I_gpe': 2.7053916217894765, 'I_gpi': 4.021126936413323, 'noise_stn_sigma': 1.2649425797094946, 'noise_gpe_sigma': 54.14370108998018, 'noise_gpi_sigma': 52.751813605830364, 'g_stn_gpe_mult': 1.9460056520975493, 'g_gpe_stn_mult': 1.0386308325445033, 'g_stn_gpi_mult': 1.3013171244354034, 'g_gpe_gpi_mult': 1.728249969371395}. Best is trial 99 with value: 0.2422004780435466.
[I 2026-05-28 23:01:25,918] Trial 106 finished with value: 35.96926075277996 and parameters: {'ISTN': 134.89106657851465, 'I_gpe': 3.2668250200122255, 'I_gpi': 2.940178016252748, 'noise_stn_sigma': 3.55654614626108, 'noise_gpe_sigma': 54.71896437304446, 'noise_gpi_sigma': 69.15846885521026, 'g_stn_gpe_mult': 1.8207538252659567, 'g_gpe_stn_mult': 0.8099443691126319, 'g_stn_gpi_mult': 1.141214707366607, 'g_gpe_gpi_mult': 1.343249220690007}. Best is trial 99 with value: 0.2422004780435466.
[I 2026-05-28 23:01:26,926] Trial 107 finished with value: 73.16690505034363 and parameters: {'ISTN': 139.49445096988498, 'I_gpe': 3.4376150011626048, 'I_gpi': 2.4837036674493396, 'noise_stn_sigma': 2.5148536632892875, 'noise_gpe_sigma': 55.910462332342284, 'noise_gpi_sigma': 47.84774863881802, 'g_stn_gpe_mult': 1.6855221622511019, 'g_gpe_stn_mult': 0.5499319228689709, 'g_stn_gpi_mult': 1.5158520730710516, 'g_gpe_gpi_mult': 1.5109941509653084}. Best is trial 99 with value: 0.2422004780435466.
[I 2026-05-28 23:01:27,933] Trial 108 finished with value: 66.24656251467805 and parameters: {'ISTN': 134.94976597027556, 'I_gpe': 2.9385332060604474, 'I_gpi': 3.874726630686765, 'noise_stn_sigma': 2.2970937451054825, 'noise_gpe_sigma': 51.00181034146268, 'noise_gpi_sigma': 65.65430186672168, 'g_stn_gpe_mult': 1.705821631515, 'g_gpe_stn_mult': 0.6275290127816763, 'g_stn_gpi_mult': 1.3098222182684447, 'g_gpe_gpi_mult': 1.3861665652087662}. Best is trial 99 with value: 0.2422004780435466.
[I 2026-05-28 23:01:28,935] Trial 109 finished with value: 105.30932798229337 and parameters: {'ISTN': 132.45888201354194, 'I_gpe': 3.885291066833989, 'I_gpi': 2.1730175894421464, 'noise_stn_sigma': 3.4402234065300483, 'noise_gpe_sigma': 53.74937127884432, 'noise_gpi_sigma': 58.75144693031116, 'g_stn_gpe_mult': 1.4251158324924926, 'g_gpe_stn_mult': 0.9665952652036764, 'g_stn_gpi_mult': 1.3368722425868533, 'g_gpe_gpi_mult': 1.3527065492448633}. Best is trial 99 with value: 0.2422004780435466.
[I 2026-05-28 23:01:29,934] Trial 110 finished with value: 105.39661960395254 and parameters: {'ISTN': 122.5300146996121, 'I_gpe': 3.9564239590871186, 'I_gpi': 2.8679300784712822, 'noise_stn_sigma': 3.089548279777641, 'noise_gpe_sigma': 52.358980104131554, 'noise_gpi_sigma': 60.08912663791292, 'g_stn_gpe_mult': 1.410913774040453, 'g_gpe_stn_mult': 0.9835927261306547, 'g_stn_gpi_mult': 1.8417376268367285, 'g_gpe_gpi_mult': 1.2983609923485715}. Best is trial 99 with value: 0.2422004780435466.
[I 2026-05-28 23:01:30,940] Trial 111 finished with value: 2.2028017230253703 and parameters: {'ISTN': 121.65990379105199, 'I_gpe': 2.906641290951241, 'I_gpi': 4.600895909391711, 'noise_stn_sigma': 1.5563434543253074, 'noise_gpe_sigma': 65.18731224665723, 'noise_gpi_sigma': 59.23620528423328, 'g_stn_gpe_mult': 1.63092764339448, 'g_gpe_stn_mult': 1.0051826219444095, 'g_stn_gpi_mult': 1.1106864429215706, 'g_gpe_gpi_mult': 1.8122943914391358}. Best is trial 99 with value: 0.2422004780435466.
[I 2026-05-28 23:01:31,943] Trial 112 finished with value: 3.208302809641569 and parameters: {'ISTN': 115.4774869812262, 'I_gpe': 2.440723073162799, 'I_gpi': 4.209268807446416, 'noise_stn_sigma': 1.0106380341307248, 'noise_gpe_sigma': 52.91993525504549, 'noise_gpi_sigma': 52.51607220534704, 'g_stn_gpe_mult': 1.7203680634347092, 'g_gpe_stn_mult': 1.1266985777023915, 'g_stn_gpi_mult': 1.3408940027566894, 'g_gpe_gpi_mult': 1.8916536960618426}. Best is trial 99 with value: 0.2422004780435466.
[I 2026-05-28 23:01:32,950] Trial 113 finished with value: 30.49591256707597 and parameters: {'ISTN': 116.62713001260872, 'I_gpe': 2.3646363432261577, 'I_gpi': 2.6782170598803683, 'noise_stn_sigma': 1.966749414832772, 'noise_gpe_sigma': 46.91321812511916, 'noise_gpi_sigma': 59.282215676960554, 'g_stn_gpe_mult': 1.7833261092320574, 'g_gpe_stn_mult': 0.8021310998291822, 'g_stn_gpi_mult': 1.2997425877774378, 'g_gpe_gpi_mult': 1.690164461063246}. Best is trial 99 with value: 0.2422004780435466.
[I 2026-05-28 23:01:33,949] Trial 114 finished with value: 105.77252064733514 and parameters: {'ISTN': 120.52160946706789, 'I_gpe': 3.2111538008384137, 'I_gpi': 3.4553156856003007, 'noise_stn_sigma': 2.373137880076972, 'noise_gpe_sigma': 39.873063874222, 'noise_gpi_sigma': 51.97668579057872, 'g_stn_gpe_mult': 1.83459600378338, 'g_gpe_stn_mult': 1.017365286265647, 'g_stn_gpi_mult': 1.655601657987602, 'g_gpe_gpi_mult': 1.49410476468104}. Best is trial 99 with value: 0.2422004780435466.
[I 2026-05-28 23:01:34,958] Trial 115 finished with value: 79.19438977094228 and parameters: {'ISTN': 144.60041046185233, 'I_gpe': 2.3426543358588625, 'I_gpi': 2.5227441397589754, 'noise_stn_sigma': 2.240120419500665, 'noise_gpe_sigma': 59.24804141942558, 'noise_gpi_sigma': 65.47214521098714, 'g_stn_gpe_mult': 1.6974782568616158, 'g_gpe_stn_mult': 0.6576883499944723, 'g_stn_gpi_mult': 1.3799087108467092, 'g_gpe_gpi_mult': 1.7552443740141117}. Best is trial 99 with value: 0.2422004780435466.
[I 2026-05-28 23:01:35,964] Trial 116 finished with value: 61.935027679366875 and parameters: {'ISTN': 135.67536484404644, 'I_gpe': 1.6625697699382536, 'I_gpi': 4.786831911676459, 'noise_stn_sigma': 2.143670822105078, 'noise_gpe_sigma': 45.30019890784004, 'noise_gpi_sigma': 49.634550435883554, 'g_stn_gpe_mult': 1.6436959645924727, 'g_gpe_stn_mult': 0.9787921286498067, 'g_stn_gpi_mult': 1.6939874727506883, 'g_gpe_gpi_mult': 1.5350584439225787}. Best is trial 99 with value: 0.2422004780435466.
[I 2026-05-28 23:01:36,973] Trial 117 finished with value: 15.721926004070873 and parameters: {'ISTN': 121.42048616622253, 'I_gpe': 2.3314608614827765, 'I_gpi': 4.564742289270198, 'noise_stn_sigma': 0.9847630721181906, 'noise_gpe_sigma': 59.11163941814057, 'noise_gpi_sigma': 61.39719328981818, 'g_stn_gpe_mult': 1.6241445380193562, 'g_gpe_stn_mult': 1.0189253406263634, 'g_stn_gpi_mult': 1.0801534415297183, 'g_gpe_gpi_mult': 1.8618711273213613}. Best is trial 99 with value: 0.2422004780435466.
[I 2026-05-28 23:01:37,981] Trial 118 finished with value: 25.783095439994593 and parameters: {'ISTN': 125.37043218055929, 'I_gpe': 3.185184027853327, 'I_gpi': 3.890979132361912, 'noise_stn_sigma': 2.1649904848347514, 'noise_gpe_sigma': 52.0044998894979, 'noise_gpi_sigma': 63.979686285140254, 'g_stn_gpe_mult': 1.5209647300483204, 'g_gpe_stn_mult': 0.7995652921719285, 'g_stn_gpi_mult': 1.2800792508208476, 'g_gpe_gpi_mult': 1.410223382923288}. Best is trial 99 with value: 0.2422004780435466.
[I 2026-05-28 23:01:38,988] Trial 119 finished with value: 1.7480866143362528 and parameters: {'ISTN': 113.05692581987576, 'I_gpe': 2.638079852206576, 'I_gpi': 4.13480866991619, 'noise_stn_sigma': 1.8384773439186215, 'noise_gpe_sigma': 47.78349110347796, 'noise_gpi_sigma': 60.67684144618843, 'g_stn_gpe_mult': 1.8756155719902832, 'g_gpe_stn_mult': 0.9811988825997275, 'g_stn_gpi_mult': 1.3476930646120384, 'g_gpe_gpi_mult': 1.61842543513719}. Best is trial 99 with value: 0.2422004780435466.
[I 2026-05-28 23:01:39,989] Trial 120 finished with value: 105.65617837682208 and parameters: {'ISTN': 123.78056912415829, 'I_gpe': 3.8459784334653024, 'I_gpi': 3.367785188648868, 'noise_stn_sigma': 2.0964599154778645, 'noise_gpe_sigma': 55.79638046729636, 'noise_gpi_sigma': 54.11559307849945, 'g_stn_gpe_mult': 1.8907829145705524, 'g_gpe_stn_mult': 0.9384688868274784, 'g_stn_gpi_mult': 1.4092964600847457, 'g_gpe_gpi_mult': 1.8644790910243434}. Best is trial 99 with value: 0.2422004780435466.
[I 2026-05-28 23:01:40,997] Trial 121 finished with value: 21.804651257233587 and parameters: {'ISTN': 126.47599603409014, 'I_gpe': 2.4169400716125327, 'I_gpi': 4.004253669084366, 'noise_stn_sigma': 1.7410240706684261, 'noise_gpe_sigma': 65.54864136844122, 'noise_gpi_sigma': 59.859584564524184, 'g_stn_gpe_mult': 1.733329506140774, 'g_gpe_stn_mult': 0.9957331589222478, 'g_stn_gpi_mult': 1.1047115867728827, 'g_gpe_gpi_mult': 1.6872965099653938}. Best is trial 99 with value: 0.2422004780435466.
[I 2026-05-28 23:01:41,998] Trial 122 finished with value: 106.55402871941588 and parameters: {'ISTN': 117.28850797723292, 'I_gpe': 3.1438692189906643, 'I_gpi': 4.246202759677841, 'noise_stn_sigma': 1.9738117091155312, 'noise_gpe_sigma': 55.88971135622226, 'noise_gpi_sigma': 75.42164528057857, 'g_stn_gpe_mult': 1.7908919417146727, 'g_gpe_stn_mult': 1.0527620667543576, 'g_stn_gpi_mult': 1.3289711475415127, 'g_gpe_gpi_mult': 1.8269366222807508}. Best is trial 99 with value: 0.2422004780435466.
[I 2026-05-28 23:01:43,001] Trial 123 finished with value: 5.655314538890291 and parameters: {'ISTN': 114.98489997514665, 'I_gpe': 2.21197525182989, 'I_gpi': 4.188862460265363, 'noise_stn_sigma': 1.8677518767491799, 'noise_gpe_sigma': 65.66000076162575, 'noise_gpi_sigma': 73.34399424893755, 'g_stn_gpe_mult': 1.7330330832971534, 'g_gpe_stn_mult': 1.3082737981600425, 'g_stn_gpi_mult': 1.1473819650769481, 'g_gpe_gpi_mult': 1.876280652800265}. Best is trial 99 with value: 0.2422004780435466.
[I 2026-05-28 23:01:44,004] Trial 124 finished with value: 5.835939122000389 and parameters: {'ISTN': 127.37548687912776, 'I_gpe': 2.537839412483012, 'I_gpi': 4.225639097841204, 'noise_stn_sigma': 1.1933432544422353, 'noise_gpe_sigma': 49.71973187027072, 'noise_gpi_sigma': 31.68829304788866, 'g_stn_gpe_mult': 1.7325014629820592, 'g_gpe_stn_mult': 1.2462150565883845, 'g_stn_gpi_mult': 0.9744472241983132, 'g_gpe_gpi_mult': 1.8168131917562047}. Best is trial 99 with value: 0.2422004780435466.
[I 2026-05-28 23:01:45,007] Trial 125 finished with value: 9.066514935883859 and parameters: {'ISTN': 120.24491352214196, 'I_gpe': 2.4021843899232005, 'I_gpi': 5.910530266559949, 'noise_stn_sigma': 1.7761708265985887, 'noise_gpe_sigma': 53.05984712746279, 'noise_gpi_sigma': 61.971711093113555, 'g_stn_gpe_mult': 1.7280126452601636, 'g_gpe_stn_mult': 1.270041880194252, 'g_stn_gpi_mult': 1.0862205996083136, 'g_gpe_gpi_mult': 1.7939455929953505}. Best is trial 99 with value: 0.2422004780435466.
[I 2026-05-28 23:01:46,008] Trial 126 finished with value: 108.4934875238319 and parameters: {'ISTN': 107.10881638733424, 'I_gpe': 3.1878860114646264, 'I_gpi': 5.392686872872452, 'noise_stn_sigma': 0.9242287641873971, 'noise_gpe_sigma': 67.8040602563071, 'noise_gpi_sigma': 61.8686706533895, 'g_stn_gpe_mult': 1.5920140217448229, 'g_gpe_stn_mult': 0.995459910680164, 'g_stn_gpi_mult': 1.123617667620367, 'g_gpe_gpi_mult': 1.6218800379352445}. Best is trial 99 with value: 0.2422004780435466.
[I 2026-05-28 23:01:47,009] Trial 127 finished with value: 107.77631064614233 and parameters: {'ISTN': 113.94554613325494, 'I_gpe': 2.8779502606634906, 'I_gpi': 4.97385473752942, 'noise_stn_sigma': 1.4707782430343648, 'noise_gpe_sigma': 56.07066272626184, 'noise_gpi_sigma': 46.799872360345354, 'g_stn_gpe_mult': 1.6931401957786458, 'g_gpe_stn_mult': 1.086162731474274, 'g_stn_gpi_mult': 1.2279904974952058, 'g_gpe_gpi_mult': 1.5584010194134286}. Best is trial 99 with value: 0.2422004780435466.
[I 2026-05-28 23:01:48,016] Trial 128 finished with value: 4.102175249032877 and parameters: {'ISTN': 116.86949417897016, 'I_gpe': 2.1431733820239263, 'I_gpi': 2.61392361628376, 'noise_stn_sigma': 2.182872366220856, 'noise_gpe_sigma': 45.41654735441881, 'noise_gpi_sigma': 62.445825152692095, 'g_stn_gpe_mult': 1.622822448479563, 'g_gpe_stn_mult': 1.1064300505264266, 'g_stn_gpi_mult': 1.389861607226721, 'g_gpe_gpi_mult': 1.305161067954939}. Best is trial 99 with value: 0.2422004780435466.
[I 2026-05-28 23:01:49,022] Trial 129 finished with value: 27.606857358065724 and parameters: {'ISTN': 106.82727971981704, 'I_gpe': 3.2208324718040027, 'I_gpi': 3.4634055277224483, 'noise_stn_sigma': 1.566343256886114, 'noise_gpe_sigma': 47.634051546207054, 'noise_gpi_sigma': 62.62346211536866, 'g_stn_gpe_mult': 1.6644647551087948, 'g_gpe_stn_mult': 0.5322550815969662, 'g_stn_gpi_mult': 1.4841382157408902, 'g_gpe_gpi_mult': 1.6011697037588553}. Best is trial 99 with value: 0.2422004780435466.
[I 2026-05-28 23:01:50,026] Trial 130 finished with value: 4.08598179452421 and parameters: {'ISTN': 98.86468238333718, 'I_gpe': 1.925305691496878, 'I_gpi': 4.8554539640098175, 'noise_stn_sigma': 0.56344712588273, 'noise_gpe_sigma': 45.42206080556041, 'noise_gpi_sigma': 37.702284343019954, 'g_stn_gpe_mult': 1.8706482717045323, 'g_gpe_stn_mult': 1.1428937161046238, 'g_stn_gpi_mult': 1.2013574188583154, 'g_gpe_gpi_mult': 1.9106889595249439}. Best is trial 99 with value: 0.2422004780435466.
[I 2026-05-28 23:01:51,031] Trial 131 finished with value: 2.3686096040796416 and parameters: {'ISTN': 121.3205744688652, 'I_gpe': 3.4119370217230838, 'I_gpi': 3.552688985933263, 'noise_stn_sigma': 2.019396428682102, 'noise_gpe_sigma': 51.51712042931728, 'noise_gpi_sigma': 44.501198044949376, 'g_stn_gpe_mult': 1.8355361773732883, 'g_gpe_stn_mult': 0.8940933564108894, 'g_stn_gpi_mult': 1.489301914102454, 'g_gpe_gpi_mult': 1.6902289431556934}. Best is trial 99 with value: 0.2422004780435466.
