[I 2026-05-28 22:38:26,588] Trial 264 finished with value: 53.879622296109105 and parameters: {'ISTN': 128.04110206960294, 'I_gpe': 3.3912555797230413, 'I_gpi': 4.969204591431894, 'noise_stn_sigma': 4.450703359972272, 'noise_gpe_sigma': 34.69111917222509, 'noise_gpi_sigma': 43.09148292687329, 'g_stn_gpe_mult': 1.3594604549313607, 'g_gpe_stn_mult': 0.6533833265831596, 'g_stn_gpi_mult': 0.8827973747134369, 'g_gpe_gpi_mult': 1.5058653428194861}. Best is trial 102 with value: 0.29735011365907316.
[I 2026-05-28 22:38:27,597] Trial 265 finished with value: 7.744869662761239 and parameters: {'ISTN': 121.9624264094337, 'I_gpe': 3.437214822026953, 'I_gpi': 6.156535518764259, 'noise_stn_sigma': 4.342988924855397, 'noise_gpe_sigma': 32.33504018504976, 'noise_gpi_sigma': 54.90728962009513, 'g_stn_gpe_mult': 1.2873632401413262, 'g_gpe_stn_mult': 0.8283166914001933, 'g_stn_gpi_mult': 0.9832293839017187, 'g_gpe_gpi_mult': 1.68866561049284}. Best is trial 102 with value: 0.29735011365907316.
[I 2026-05-28 22:38:28,604] Trial 266 finished with value: 20.060708572280856 and parameters: {'ISTN': 139.85554861458476, 'I_gpe': 4.153389711542618, 'I_gpi': 4.883964810133374, 'noise_stn_sigma': 4.159361552376852, 'noise_gpe_sigma': 39.250133306849165, 'noise_gpi_sigma': 50.211374599376256, 'g_stn_gpe_mult': 1.0677543106389487, 'g_gpe_stn_mult': 0.7588870226756654, 'g_stn_gpi_mult': 1.103305326674211, 'g_gpe_gpi_mult': 1.5813229675638063}. Best is trial 102 with value: 0.29735011365907316.
[I 2026-05-28 22:38:29,607] Trial 267 finished with value: 106.23995827158612 and parameters: {'ISTN': 154.31479123694822, 'I_gpe': 4.373429268010133, 'I_gpi': 3.7418322112319817, 'noise_stn_sigma': 4.124442114521741, 'noise_gpe_sigma': 36.06081178111263, 'noise_gpi_sigma': 30.776229820618113, 'g_stn_gpe_mult': 1.420872047527969, 'g_gpe_stn_mult': 0.9580331053248792, 'g_stn_gpi_mult': 1.1365781213921524, 'g_gpe_gpi_mult': 1.453897586888417}. Best is trial 102 with value: 0.29735011365907316.
[I 2026-05-28 22:38:30,608] Trial 268 finished with value: 107.16669914227171 and parameters: {'ISTN': 128.81342129212848, 'I_gpe': 4.361219129054614, 'I_gpi': 4.657838999937083, 'noise_stn_sigma': 4.22812182733708, 'noise_gpe_sigma': 44.11374174431388, 'noise_gpi_sigma': 53.71570226983213, 'g_stn_gpe_mult': 1.315837816500772, 'g_gpe_stn_mult': 0.8003064934086291, 'g_stn_gpi_mult': 0.967376246495116, 'g_gpe_gpi_mult': 1.5601475869281958}. Best is trial 102 with value: 0.29735011365907316.
[I 2026-05-28 22:38:31,618] Trial 269 finished with value: 1.3322947849501243 and parameters: {'ISTN': 129.50576851999915, 'I_gpe': 4.850300261169258, 'I_gpi': 3.5325457115206307, 'noise_stn_sigma': 4.613563840203753, 'noise_gpe_sigma': 37.36036794143655, 'noise_gpi_sigma': 49.487144930316795, 'g_stn_gpe_mult': 1.2980237141347275, 'g_gpe_stn_mult': 0.6636905973531548, 'g_stn_gpi_mult': 0.942438324907438, 'g_gpe_gpi_mult': 1.604295388805977}. Best is trial 102 with value: 0.29735011365907316.
[I 2026-05-28 22:38:32,627] Trial 270 finished with value: 4.170347376421564 and parameters: {'ISTN': 137.41124284375366, 'I_gpe': 3.9535920189192293, 'I_gpi': 4.358729570357471, 'noise_stn_sigma': 3.9669736701984593, 'noise_gpe_sigma': 45.2997726854228, 'noise_gpi_sigma': 46.78339077336958, 'g_stn_gpe_mult': 1.537635168238594, 'g_gpe_stn_mult': 0.8139818254346538, 'g_stn_gpi_mult': 1.0902952807453445, 'g_gpe_gpi_mult': 1.4832389475720946}. Best is trial 102 with value: 0.29735011365907316.
[I 2026-05-28 22:38:33,635] Trial 271 finished with value: 4.85269582689234 and parameters: {'ISTN': 135.67188512463315, 'I_gpe': 3.712548560465384, 'I_gpi': 4.8717461990690145, 'noise_stn_sigma': 4.191793135112734, 'noise_gpe_sigma': 45.39620402988597, 'noise_gpi_sigma': 58.82891205124098, 'g_stn_gpe_mult': 1.4583584255295026, 'g_gpe_stn_mult': 0.8569410313395275, 'g_stn_gpi_mult': 1.046804984666489, 'g_gpe_gpi_mult': 1.5114663437705511}. Best is trial 102 with value: 0.29735011365907316.
[I 2026-05-28 22:38:34,639] Trial 272 finished with value: 106.3174108993025 and parameters: {'ISTN': 126.33771375196753, 'I_gpe': 4.84162027320736, 'I_gpi': 3.6430993366917903, 'noise_stn_sigma': 4.381308810773378, 'noise_gpe_sigma': 39.804238246677414, 'noise_gpi_sigma': 52.03885307789454, 'g_stn_gpe_mult': 1.0985453695013931, 'g_gpe_stn_mult': 0.8081366287290237, 'g_stn_gpi_mult': 0.9197564297249773, 'g_gpe_gpi_mult': 1.5872513013997955}. Best is trial 102 with value: 0.29735011365907316.
[I 2026-05-28 22:38:35,648] Trial 273 finished with value: 6.901554389380707 and parameters: {'ISTN': 118.27799104744237, 'I_gpe': 4.486862153065625, 'I_gpi': 4.491211113733667, 'noise_stn_sigma': 4.56595547047207, 'noise_gpe_sigma': 28.999398589984835, 'noise_gpi_sigma': 56.00512734733144, 'g_stn_gpe_mult': 1.349524133684956, 'g_gpe_stn_mult': 0.635373184190067, 'g_stn_gpi_mult': 1.2997980529283728, 'g_gpe_gpi_mult': 1.8548515767972937}. Best is trial 102 with value: 0.29735011365907316.
[I 2026-05-28 22:38:36,656] Trial 274 finished with value: 6.328531558174101 and parameters: {'ISTN': 131.64665290323865, 'I_gpe': 3.705139002920154, 'I_gpi': 4.453234157169252, 'noise_stn_sigma': 4.179961504006177, 'noise_gpe_sigma': 33.77286903657503, 'noise_gpi_sigma': 55.20082508526188, 'g_stn_gpe_mult': 1.5213751692735906, 'g_gpe_stn_mult': 0.8150568448344502, 'g_stn_gpi_mult': 1.1452323513325045, 'g_gpe_gpi_mult': 1.4308477755386821}. Best is trial 102 with value: 0.29735011365907316.
[I 2026-05-28 22:38:37,665] Trial 275 finished with value: 3.2490293638110774 and parameters: {'ISTN': 129.8367796147669, 'I_gpe': 4.351633679900049, 'I_gpi': 4.644039297887881, 'noise_stn_sigma': 4.828396523999493, 'noise_gpe_sigma': 35.26393694359157, 'noise_gpi_sigma': 50.63215897057275, 'g_stn_gpe_mult': 1.246892619201693, 'g_gpe_stn_mult': 0.7234794840162376, 'g_stn_gpi_mult': 0.9248146317868915, 'g_gpe_gpi_mult': 1.4927636547582397}. Best is trial 102 with value: 0.29735011365907316.
[I 2026-05-28 22:38:38,668] Trial 276 finished with value: 5.308802209649422 and parameters: {'ISTN': 121.3151510650898, 'I_gpe': 4.290031616291714, 'I_gpi': 4.805813343221065, 'noise_stn_sigma': 4.381088339302506, 'noise_gpe_sigma': 46.8627248747074, 'noise_gpi_sigma': 62.981122574526886, 'g_stn_gpe_mult': 1.4282774599952213, 'g_gpe_stn_mult': 0.7383323016540113, 'g_stn_gpi_mult': 1.1647303033388208, 'g_gpe_gpi_mult': 1.629834729733832}. Best is trial 102 with value: 0.29735011365907316.
[I 2026-05-28 22:38:39,677] Trial 277 finished with value: 6.03590786472581 and parameters: {'ISTN': 132.73977951535866, 'I_gpe': 4.108127417050477, 'I_gpi': 3.3312005957395825, 'noise_stn_sigma': 4.00588395222822, 'noise_gpe_sigma': 42.331031454059826, 'noise_gpi_sigma': 48.47077322504085, 'g_stn_gpe_mult': 1.5440222959705117, 'g_gpe_stn_mult': 0.7520782211133147, 'g_stn_gpi_mult': 0.9489618625369205, 'g_gpe_gpi_mult': 1.5367405781289611}. Best is trial 102 with value: 0.29735011365907316.
[I 2026-05-28 22:38:40,685] Trial 278 finished with value: 3.0996844074230787 and parameters: {'ISTN': 140.37248472206124, 'I_gpe': 4.286574568786985, 'I_gpi': 4.4240557471687705, 'noise_stn_sigma': 4.528510212899145, 'noise_gpe_sigma': 44.355035148885825, 'noise_gpi_sigma': 50.67534356690622, 'g_stn_gpe_mult': 1.3370876024696117, 'g_gpe_stn_mult': 0.7798772986161365, 'g_stn_gpi_mult': 1.043486223676407, 'g_gpe_gpi_mult': 1.479677853363995}. Best is trial 102 with value: 0.29735011365907316.
[I 2026-05-28 22:38:41,691] Trial 279 finished with value: 2.494987901286063 and parameters: {'ISTN': 154.03916961621078, 'I_gpe': 4.5190818691402335, 'I_gpi': 3.5472176324511473, 'noise_stn_sigma': 3.9507216474152, 'noise_gpe_sigma': 41.99306440050072, 'noise_gpi_sigma': 36.61342692609786, 'g_stn_gpe_mult': 0.943430663385912, 'g_gpe_stn_mult': 0.8273367773840461, 'g_stn_gpi_mult': 0.8391634968116282, 'g_gpe_gpi_mult': 1.5137998187732074}. Best is trial 102 with value: 0.29735011365907316.
[I 2026-05-28 22:38:42,699] Trial 280 finished with value: 3.28884886462035 and parameters: {'ISTN': 147.69716438880386, 'I_gpe': 4.319429870218266, 'I_gpi': 3.361246276660253, 'noise_stn_sigma': 4.588741521735548, 'noise_gpe_sigma': 24.29701105325881, 'noise_gpi_sigma': 51.82657650010099, 'g_stn_gpe_mult': 1.2566718557074361, 'g_gpe_stn_mult': 0.7948398692282073, 'g_stn_gpi_mult': 0.894026141851282, 'g_gpe_gpi_mult': 1.52567764910973}. Best is trial 102 with value: 0.29735011365907316.
[I 2026-05-28 22:38:43,704] Trial 281 finished with value: 106.10839289924112 and parameters: {'ISTN': 156.9978700035066, 'I_gpe': 4.322159726535224, 'I_gpi': 3.6929183412148987, 'noise_stn_sigma': 3.638164574353057, 'noise_gpe_sigma': 46.277528022980256, 'noise_gpi_sigma': 43.336717718182584, 'g_stn_gpe_mult': 1.159924091548623, 'g_gpe_stn_mult': 0.9424051342598369, 'g_stn_gpi_mult': 1.0686588591350688, 'g_gpe_gpi_mult': 1.4675045990846}. Best is trial 102 with value: 0.29735011365907316.
[I 2026-05-28 22:38:44,715] Trial 282 finished with value: 26.811753546711362 and parameters: {'ISTN': 150.51688428386686, 'I_gpe': 4.37812059762891, 'I_gpi': 3.7684881013224745, 'noise_stn_sigma': 4.499503292280541, 'noise_gpe_sigma': 35.689956776065465, 'noise_gpi_sigma': 54.70720701124626, 'g_stn_gpe_mult': 1.184343728277582, 'g_gpe_stn_mult': 0.7640285364287565, 'g_stn_gpi_mult': 0.765351206444289, 'g_gpe_gpi_mult': 1.4240393654532717}. Best is trial 102 with value: 0.29735011365907316.
[I 2026-05-28 22:38:45,725] Trial 283 finished with value: 17.707662841487657 and parameters: {'ISTN': 149.1427045480748, 'I_gpe': 4.129694136045988, 'I_gpi': 3.914075332049468, 'noise_stn_sigma': 4.552576901075824, 'noise_gpe_sigma': 42.87942284727285, 'noise_gpi_sigma': 35.533778885651486, 'g_stn_gpe_mult': 1.0034341240487115, 'g_gpe_stn_mult': 0.8195251527549638, 'g_stn_gpi_mult': 0.9620832192807138, 'g_gpe_gpi_mult': 1.4756344742910503}. Best is trial 102 with value: 0.29735011365907316.
[I 2026-05-28 22:38:46,729] Trial 284 finished with value: 106.03018019045184 and parameters: {'ISTN': 135.5753443809853, 'I_gpe': 4.3294053286045715, 'I_gpi': 3.611333051873419, 'noise_stn_sigma': 4.521571657616566, 'noise_gpe_sigma': 35.29439278883022, 'noise_gpi_sigma': 51.33586994246731, 'g_stn_gpe_mult': 1.1526151865939824, 'g_gpe_stn_mult': 0.8461141298045397, 'g_stn_gpi_mult': 0.8542373717254824, 'g_gpe_gpi_mult': 1.4477750165690484}. Best is trial 102 with value: 0.29735011365907316.
[I 2026-05-28 22:38:47,739] Trial 285 finished with value: 93.28171968497388 and parameters: {'ISTN': 158.39295325940532, 'I_gpe': 4.293153535536335, 'I_gpi': 4.149200532870012, 'noise_stn_sigma': 4.821087892217819, 'noise_gpe_sigma': 28.83435798434138, 'noise_gpi_sigma': 44.64575222539265, 'g_stn_gpe_mult': 1.0361523306970568, 'g_gpe_stn_mult': 0.72988689049844, 'g_stn_gpi_mult': 0.8575141382338177, 'g_gpe_gpi_mult': 1.5111572097288235}. Best is trial 102 with value: 0.29735011365907316.
[I 2026-05-28 22:38:48,744] Trial 286 finished with value: 106.33902999977605 and parameters: {'ISTN': 126.93046132070103, 'I_gpe': 4.921376550626594, 'I_gpi': 3.619900651275791, 'noise_stn_sigma': 4.363487722799307, 'noise_gpe_sigma': 48.40262208031077, 'noise_gpi_sigma': 47.161363674271676, 'g_stn_gpe_mult': 1.2845402985915744, 'g_gpe_stn_mult': 0.8558528773894528, 'g_stn_gpi_mult': 1.0706540463198668, 'g_gpe_gpi_mult': 1.4515610383253938}. Best is trial 102 with value: 0.29735011365907316.
[I 2026-05-28 22:38:49,749] Trial 287 finished with value: 107.23528287380712 and parameters: {'ISTN': 152.6837820854923, 'I_gpe': 4.504446651317329, 'I_gpi': 4.537365926833401, 'noise_stn_sigma': 4.327534673457267, 'noise_gpe_sigma': 31.720718831764493, 'noise_gpi_sigma': 51.517260135967135, 'g_stn_gpe_mult': 1.178604243825117, 'g_gpe_stn_mult': 0.8877605404230378, 'g_stn_gpi_mult': 0.8918222229765576, 'g_gpe_gpi_mult': 1.5746718302175593}. Best is trial 102 with value: 0.29735011365907316.
[I 2026-05-28 22:38:50,759] Trial 288 finished with value: 6.574773883179798 and parameters: {'ISTN': 129.32962751840108, 'I_gpe': 4.409095585182631, 'I_gpi': 3.8842453225534777, 'noise_stn_sigma': 4.094446300271758, 'noise_gpe_sigma': 22.28914491767047, 'noise_gpi_sigma': 32.84912600408336, 'g_stn_gpe_mult': 1.4518158791085078, 'g_gpe_stn_mult': 0.6866909015259939, 'g_stn_gpi_mult': 1.1380690780551284, 'g_gpe_gpi_mult': 1.5620993589755936}. Best is trial 102 with value: 0.29735011365907316.
[I 2026-05-28 22:38:51,763] Trial 289 finished with value: 106.89793320743294 and parameters: {'ISTN': 154.36919777487327, 'I_gpe': 5.080312841333663, 'I_gpi': 4.024458516292009, 'noise_stn_sigma': 4.588189950658728, 'noise_gpe_sigma': 53.82429534099188, 'noise_gpi_sigma': 45.96984208571601, 'g_stn_gpe_mult': 1.2688039569323826, 'g_gpe_stn_mult': 0.8478648618348196, 'g_stn_gpi_mult': 0.868221927102431, 'g_gpe_gpi_mult': 1.321146150861208}. Best is trial 102 with value: 0.29735011365907316.
[I 2026-05-28 22:38:52,773] Trial 290 finished with value: 53.80343805894648 and parameters: {'ISTN': 141.50708124414558, 'I_gpe': 4.422185239049687, 'I_gpi': 3.303713211101478, 'noise_stn_sigma': 4.700172266011811, 'noise_gpe_sigma': 29.570944567499673, 'noise_gpi_sigma': 53.69422109965397, 'g_stn_gpe_mult': 0.979338550477751, 'g_gpe_stn_mult': 0.6731577696045101, 'g_stn_gpi_mult': 0.7136194476403891, 'g_gpe_gpi_mult': 1.6531419369032327}. Best is trial 102 with value: 0.29735011365907316.
[I 2026-05-28 22:38:53,780] Trial 291 finished with value: 4.3713470470238525 and parameters: {'ISTN': 150.79081135894145, 'I_gpe': 4.8499384459868615, 'I_gpi': 3.6024110611745397, 'noise_stn_sigma': 4.084114408889621, 'noise_gpe_sigma': 32.263912357406525, 'noise_gpi_sigma': 41.72800379285684, 'g_stn_gpe_mult': 1.1779891044345088, 'g_gpe_stn_mult': 0.764976648870169, 'g_stn_gpi_mult': 1.031708873589007, 'g_gpe_gpi_mult': 1.4897800401535406}. Best is trial 102 with value: 0.29735011365907316.
[I 2026-05-28 22:38:54,782] Trial 292 finished with value: 5.622377631337768 and parameters: {'ISTN': 137.00085095303723, 'I_gpe': 4.797605544611992, 'I_gpi': 3.966118499758869, 'noise_stn_sigma': 4.902180076164903, 'noise_gpe_sigma': 27.69865420343249, 'noise_gpi_sigma': 35.6642043167155, 'g_stn_gpe_mult': 1.1694017605445446, 'g_gpe_stn_mult': 0.7334807557753007, 'g_stn_gpi_mult': 0.761727293528162, 'g_gpe_gpi_mult': 1.4417617915610241}. Best is trial 102 with value: 0.29735011365907316.
[I 2026-05-28 22:38:55,792] Trial 293 finished with value: 32.62413952933087 and parameters: {'ISTN': 109.72932076445464, 'I_gpe': 3.2299451976919276, 'I_gpi': 4.216666915648254, 'noise_stn_sigma': 4.069907662624564, 'noise_gpe_sigma': 34.004643691313575, 'noise_gpi_sigma': 54.249946319418925, 'g_stn_gpe_mult': 1.491416368166253, 'g_gpe_stn_mult': 0.5328055215561628, 'g_stn_gpi_mult': 1.0640903366939554, 'g_gpe_gpi_mult': 1.6595225481570148}. Best is trial 102 with value: 0.29735011365907316.
[I 2026-05-28 22:38:56,800] Trial 294 finished with value: 98.26897321460879 and parameters: {'ISTN': 152.1840936564637, 'I_gpe': 4.353849376965133, 'I_gpi': 3.8411376748359847, 'noise_stn_sigma': 4.936635738445573, 'noise_gpe_sigma': 30.820664938919457, 'noise_gpi_sigma': 47.80411736401405, 'g_stn_gpe_mult': 1.1387689225763296, 'g_gpe_stn_mult': 0.6029755523329193, 'g_stn_gpi_mult': 0.8361003988587398, 'g_gpe_gpi_mult': 1.52620936569553}. Best is trial 102 with value: 0.29735011365907316.
[I 2026-05-28 22:38:57,799] Trial 295 finished with value: 107.61140711667532 and parameters: {'ISTN': 131.69990771968838, 'I_gpe': 4.433853644986044, 'I_gpi': 4.7509387144295605, 'noise_stn_sigma': 4.171746378589558, 'noise_gpe_sigma': 27.454505053877647, 'noise_gpi_sigma': 33.808697465727164, 'g_stn_gpe_mult': 1.2337759342481258, 'g_gpe_stn_mult': 0.8374941120844848, 'g_stn_gpi_mult': 1.0099542009300455, 'g_gpe_gpi_mult': 1.508191000004076}. Best is trial 102 with value: 0.29735011365907316.
[I 2026-05-28 22:38:58,807] Trial 296 finished with value: 5.426634436304235 and parameters: {'ISTN': 119.77283350917551, 'I_gpe': 4.13851234044493, 'I_gpi': 4.718598983831673, 'noise_stn_sigma': 4.953451745716615, 'noise_gpe_sigma': 28.931180903090926, 'noise_gpi_sigma': 38.55345063290924, 'g_stn_gpe_mult': 1.3080126299623094, 'g_gpe_stn_mult': 0.7000188029272703, 'g_stn_gpi_mult': 0.9851095617364165, 'g_gpe_gpi_mult': 1.5966784445844313}. Best is trial 102 with value: 0.29735011365907316.
[I 2026-05-28 22:38:59,815] Trial 297 finished with value: 11.647552620158047 and parameters: {'ISTN': 154.87726672389874, 'I_gpe': 3.9509926130914037, 'I_gpi': 3.298827427921545, 'noise_stn_sigma': 4.176975337234157, 'noise_gpe_sigma': 33.093418006766, 'noise_gpi_sigma': 43.137359402095534, 'g_stn_gpe_mult': 1.038522954247877, 'g_gpe_stn_mult': 0.8817455353528866, 'g_stn_gpi_mult': 0.9696341838944816, 'g_gpe_gpi_mult': 1.3327652263483671}. Best is trial 102 with value: 0.29735011365907316.
[I 2026-05-28 22:39:00,819] Trial 298 finished with value: 4.654642169033273 and parameters: {'ISTN': 151.96860657506505, 'I_gpe': 4.545737151801648, 'I_gpi': 2.421286452867843, 'noise_stn_sigma': 4.22929214499057, 'noise_gpe_sigma': 28.55731683578814, 'noise_gpi_sigma': 31.066811457328647, 'g_stn_gpe_mult': 0.8135888609186412, 'g_gpe_stn_mult': 0.833328331336432, 'g_stn_gpi_mult': 0.6303873018504292, 'g_gpe_gpi_mult': 1.237780949987872}. Best is trial 102 with value: 0.29735011365907316.
[I 2026-05-28 22:39:01,826] Trial 299 finished with value: 54.19084313843766 and parameters: {'ISTN': 137.6269991102642, 'I_gpe': 4.071219591945495, 'I_gpi': 3.5988630149056053, 'noise_stn_sigma': 4.181179669325989, 'noise_gpe_sigma': 22.36900591336921, 'noise_gpi_sigma': 33.01128169769072, 'g_stn_gpe_mult': 1.1005323606497273, 'g_gpe_stn_mult': 0.6773737241324179, 'g_stn_gpi_mult': 0.8304099632908609, 'g_gpe_gpi_mult': 1.5236529811969426}. Best is trial 102 with value: 0.29735011365907316.
[I 2026-05-28 22:39:02,832] Trial 300 finished with value: 4.725316172545747 and parameters: {'ISTN': 138.59015715553193, 'I_gpe': 3.977927131399313, 'I_gpi': 3.5911247796995176, 'noise_stn_sigma': 4.4309103594326125, 'noise_gpe_sigma': 31.95641909196499, 'noise_gpi_sigma': 38.9056074269872, 'g_stn_gpe_mult': 1.5317289608490339, 'g_gpe_stn_mult': 0.882033197978625, 'g_stn_gpi_mult': 1.2094734702020826, 'g_gpe_gpi_mult': 1.476369936513592}. Best is trial 102 with value: 0.29735011365907316.
[I 2026-05-28 22:39:03,838] Trial 301 finished with value: 106.05676854908383 and parameters: {'ISTN': 176.2120994722024, 'I_gpe': 5.099099202494913, 'I_gpi': 2.8032544989605044, 'noise_stn_sigma': 4.418300013729583, 'noise_gpe_sigma': 30.802062667514434, 'noise_gpi_sigma': 33.22667641837528, 'g_stn_gpe_mult': 1.124620323121007, 'g_gpe_stn_mult': 1.0297123586559196, 'g_stn_gpi_mult': 0.818529403382787, 'g_gpe_gpi_mult': 1.214435076587969}. Best is trial 102 with value: 0.29735011365907316.
[I 2026-05-28 22:39:04,844] Trial 302 finished with value: 3.727079229124004 and parameters: {'ISTN': 135.89359576481036, 'I_gpe': 3.9862306627720407, 'I_gpi': 4.27370263360828, 'noise_stn_sigma': 4.1464894316532215, 'noise_gpe_sigma': 31.580582723193537, 'noise_gpi_sigma': 42.84650468707971, 'g_stn_gpe_mult': 1.1473980291479613, 'g_gpe_stn_mult': 0.8436041032089521, 'g_stn_gpi_mult': 0.7726438530618949, 'g_gpe_gpi_mult': 1.496790722298682}. Best is trial 102 with value: 0.29735011365907316.
[I 2026-05-28 22:39:05,846] Trial 303 finished with value: 105.86215526111734 and parameters: {'ISTN': 141.8873201893444, 'I_gpe': 4.841404939739217, 'I_gpi': 2.0204140891667444, 'noise_stn_sigma': 4.35028297099192, 'noise_gpe_sigma': 19.996230021820274, 'noise_gpi_sigma': 29.833586772255405, 'g_stn_gpe_mult': 1.0809887321763167, 'g_gpe_stn_mult': 0.7930472755764497, 'g_stn_gpi_mult': 0.8921217588259687, 'g_gpe_gpi_mult': 1.4282011910028465}. Best is trial 102 with value: 0.29735011365907316.
[I 2026-05-28 22:39:06,854] Trial 304 finished with value: 123.75389864577286 and parameters: {'ISTN': 164.8655810250217, 'I_gpe': 4.0949228239656765, 'I_gpi': 3.170959022676166, 'noise_stn_sigma': 4.191624642704275, 'noise_gpe_sigma': 32.40704761707065, 'noise_gpi_sigma': 36.89189231344855, 'g_stn_gpe_mult': 1.23721749695552, 'g_gpe_stn_mult': 0.6921211850689544, 'g_stn_gpi_mult': 0.7220380908087353, 'g_gpe_gpi_mult': 1.3473301734978236}. Best is trial 102 with value: 0.29735011365907316.
[I 2026-05-28 22:39:07,863] Trial 305 finished with value: 66.39662860231 and parameters: {'ISTN': 134.06690518948417, 'I_gpe': 4.312333235042241, 'I_gpi': 3.1913342345465994, 'noise_stn_sigma': 4.2965825705476695, 'noise_gpe_sigma': 29.705645618777986, 'noise_gpi_sigma': 41.435358604080875, 'g_stn_gpe_mult': 1.1822933890179885, 'g_gpe_stn_mult': 0.510315616871369, 'g_stn_gpi_mult': 0.9561598600237026, 'g_gpe_gpi_mult': 1.4859967167375783}. Best is trial 102 with value: 0.29735011365907316.
[I 2026-05-28 22:39:08,869] Trial 306 finished with value: 1.723024323348715 and parameters: {'ISTN': 145.15567627208628, 'I_gpe': 4.221504842264055, 'I_gpi': 4.069177068128466, 'noise_stn_sigma': 4.417040360318712, 'noise_gpe_sigma': 25.420691695116496, 'noise_gpi_sigma': 43.73336122973479, 'g_stn_gpe_mult': 1.0828153961895843, 'g_gpe_stn_mult': 0.8117305221047472, 'g_stn_gpi_mult': 0.9728773986449979, 'g_gpe_gpi_mult': 1.4397849073558082}. Best is trial 102 with value: 0.29735011365907316.
[I 2026-05-28 22:39:09,873] Trial 307 finished with value: 105.92167454398104 and parameters: {'ISTN': 153.54229915739108, 'I_gpe': 4.399655476141086, 'I_gpi': 3.3949548809168544, 'noise_stn_sigma': 4.263156863070041, 'noise_gpe_sigma': 34.81646680300442, 'noise_gpi_sigma': 33.70255554527579, 'g_stn_gpe_mult': 1.408505073297476, 'g_gpe_stn_mult': 0.929826296287226, 'g_stn_gpi_mult': 0.8448555017689892, 'g_gpe_gpi_mult': 1.3535969411807995}. Best is trial 102 with value: 0.29735011365907316.
