[I 2026-05-28 22:26:55,145] Trial 88 finished with value: 61.90715865168519 and parameters: {'ISTN': 139.61317415661125, 'I_gpe': 1.651479609637958, 'I_gpi': 2.750793712508862, 'noise_stn_sigma': 3.0256962992616057, 'noise_gpe_sigma': 14.066246144487591, 'noise_gpi_sigma': 68.37525995191652, 'g_stn_gpe_mult': 1.2663952450963052, 'g_gpe_stn_mult': 1.1011491233785093, 'g_stn_gpi_mult': 1.342302167742555, 'g_gpe_gpi_mult': 1.6744857192031666}. Best is trial 58 with value: 0.4620693404512859.
[I 2026-05-28 22:26:56,154] Trial 89 finished with value: 28.98732591474229 and parameters: {'ISTN': 122.95254333512213, 'I_gpe': 2.4819033567986755, 'I_gpi': 2.6003699359150483, 'noise_stn_sigma': 2.9946493757899706, 'noise_gpe_sigma': 15.594254182099498, 'noise_gpi_sigma': 71.62013527491075, 'g_stn_gpe_mult': 1.0729656903997147, 'g_gpe_stn_mult': 0.9146702868316934, 'g_stn_gpi_mult': 1.0310937861146328, 'g_gpe_gpi_mult': 1.5982461203661118}. Best is trial 58 with value: 0.4620693404512859.
[I 2026-05-28 22:26:57,164] Trial 90 finished with value: 57.770667502126116 and parameters: {'ISTN': 133.17699581512665, 'I_gpe': 1.1721246551556928, 'I_gpi': 3.153659405885098, 'noise_stn_sigma': 2.9032773351562264, 'noise_gpe_sigma': 24.772242154951044, 'noise_gpi_sigma': 67.31287523249429, 'g_stn_gpe_mult': 1.4629887221447762, 'g_gpe_stn_mult': 1.0662240603694562, 'g_stn_gpi_mult': 0.9829672127150841, 'g_gpe_gpi_mult': 1.6482656954927761}. Best is trial 58 with value: 0.4620693404512859.
[I 2026-05-28 22:26:58,172] Trial 91 finished with value: 2.986324156795842 and parameters: {'ISTN': 129.5375685675936, 'I_gpe': 3.197159043183272, 'I_gpi': 3.397284383171192, 'noise_stn_sigma': 2.5175154330436165, 'noise_gpe_sigma': 28.802105930260264, 'noise_gpi_sigma': 62.907276973003526, 'g_stn_gpe_mult': 1.3033427037413794, 'g_gpe_stn_mult': 0.9095889854224433, 'g_stn_gpi_mult': 1.221429991426663, 'g_gpe_gpi_mult': 1.4555251375598999}. Best is trial 58 with value: 0.4620693404512859.
[I 2026-05-28 22:26:59,179] Trial 92 finished with value: 3.8160159959428683 and parameters: {'ISTN': 112.7756456140196, 'I_gpe': 2.4748579639414667, 'I_gpi': 4.117206844663649, 'noise_stn_sigma': 2.7057936121788977, 'noise_gpe_sigma': 36.51865327427675, 'noise_gpi_sigma': 66.44521744328205, 'g_stn_gpe_mult': 1.3516913369832373, 'g_gpe_stn_mult': 1.0822190758335937, 'g_stn_gpi_mult': 0.9583016837248214, 'g_gpe_gpi_mult': 1.6297278811843623}. Best is trial 58 with value: 0.4620693404512859.
[I 2026-05-28 22:27:00,181] Trial 93 finished with value: 107.21756393864955 and parameters: {'ISTN': 119.47497875802401, 'I_gpe': 4.8640387507308755, 'I_gpi': 4.3503330380990235, 'noise_stn_sigma': 2.7562305940108933, 'noise_gpe_sigma': 34.8683573322876, 'noise_gpi_sigma': 41.92048230523003, 'g_stn_gpe_mult': 1.3954369567074631, 'g_gpe_stn_mult': 0.9337739431672825, 'g_stn_gpi_mult': 0.8614088530399971, 'g_gpe_gpi_mult': 1.3264800197967213}. Best is trial 58 with value: 0.4620693404512859.
[I 2026-05-28 22:27:01,192] Trial 94 finished with value: 1.254141390053931 and parameters: {'ISTN': 110.54263385494502, 'I_gpe': 2.902236629978937, 'I_gpi': 3.6148491704573624, 'noise_stn_sigma': 3.3903520577778954, 'noise_gpe_sigma': 22.36187361763896, 'noise_gpi_sigma': 49.785565747842654, 'g_stn_gpe_mult': 1.4718095373983773, 'g_gpe_stn_mult': 0.9019759958950713, 'g_stn_gpi_mult': 1.482257598105122, 'g_gpe_gpi_mult': 1.5852339436898877}. Best is trial 58 with value: 0.4620693404512859.
[I 2026-05-28 22:27:02,199] Trial 95 finished with value: 1.3335920452550487 and parameters: {'ISTN': 104.4711813581373, 'I_gpe': 2.442814409144474, 'I_gpi': 1.8222196724873032, 'noise_stn_sigma': 2.7589054766492564, 'noise_gpe_sigma': 57.79190890553514, 'noise_gpi_sigma': 68.17734697064648, 'g_stn_gpe_mult': 1.1746786997245025, 'g_gpe_stn_mult': 1.0368726482488373, 'g_stn_gpi_mult': 0.6755829421145989, 'g_gpe_gpi_mult': 1.3649816407659374}. Best is trial 58 with value: 0.4620693404512859.
[I 2026-05-28 22:27:03,208] Trial 96 finished with value: 64.15283239148596 and parameters: {'ISTN': 137.35575214836885, 'I_gpe': 1.205596823175015, 'I_gpi': 2.706764982731889, 'noise_stn_sigma': 3.4804263433679874, 'noise_gpe_sigma': 40.767652392938956, 'noise_gpi_sigma': 83.86312686613537, 'g_stn_gpe_mult': 1.7900735930371328, 'g_gpe_stn_mult': 0.8299864411039249, 'g_stn_gpi_mult': 1.6085146589325174, 'g_gpe_gpi_mult': 1.3841300613844616}. Best is trial 58 with value: 0.4620693404512859.
[I 2026-05-28 22:27:04,217] Trial 97 finished with value: 11.414803470239375 and parameters: {'ISTN': 91.72838557506772, 'I_gpe': 1.8695913674188425, 'I_gpi': 3.023124185051655, 'noise_stn_sigma': 3.855016018524616, 'noise_gpe_sigma': 38.94278451297055, 'noise_gpi_sigma': 54.10507010698599, 'g_stn_gpe_mult': 1.3414622019654558, 'g_gpe_stn_mult': 0.8323263486024703, 'g_stn_gpi_mult': 0.7908569322576349, 'g_gpe_gpi_mult': 1.5231392884910748}. Best is trial 58 with value: 0.4620693404512859.
[I 2026-05-28 22:27:05,226] Trial 98 finished with value: 27.422858026119826 and parameters: {'ISTN': 118.62392502535856, 'I_gpe': 1.976782959993257, 'I_gpi': 3.2612237955996153, 'noise_stn_sigma': 3.556397234347158, 'noise_gpe_sigma': 31.079508364078585, 'noise_gpi_sigma': 52.80047549873184, 'g_stn_gpe_mult': 1.4809535294496305, 'g_gpe_stn_mult': 1.0096407642389602, 'g_stn_gpi_mult': 1.3040101538590272, 'g_gpe_gpi_mult': 1.7080995308367886}. Best is trial 58 with value: 0.4620693404512859.
[I 2026-05-28 22:27:06,235] Trial 99 finished with value: 51.123171528852716 and parameters: {'ISTN': 131.81210573124082, 'I_gpe': 1.562645506507423, 'I_gpi': 3.5536296034293318, 'noise_stn_sigma': 3.6834627532330657, 'noise_gpe_sigma': 29.13225706389959, 'noise_gpi_sigma': 36.69686091304235, 'g_stn_gpe_mult': 1.048523855627747, 'g_gpe_stn_mult': 1.0870399586962964, 'g_stn_gpi_mult': 1.1041500277541263, 'g_gpe_gpi_mult': 1.301824491979403}. Best is trial 58 with value: 0.4620693404512859.
[I 2026-05-28 22:27:07,246] Trial 100 finished with value: 12.099547113619014 and parameters: {'ISTN': 107.89984339461199, 'I_gpe': 1.1329473408018744, 'I_gpi': 1.2717737040687234, 'noise_stn_sigma': 3.78312689365546, 'noise_gpe_sigma': 43.318562472828845, 'noise_gpi_sigma': 72.33807472667453, 'g_stn_gpe_mult': 1.6059904680329806, 'g_gpe_stn_mult': 1.3399829131271104, 'g_stn_gpi_mult': 1.0766613753916012, 'g_gpe_gpi_mult': 1.6847260688198096}. Best is trial 58 with value: 0.4620693404512859.
[I 2026-05-28 22:27:08,255] Trial 101 finished with value: 1.9217832475613301 and parameters: {'ISTN': 95.39592013780903, 'I_gpe': 2.5818919824391426, 'I_gpi': 3.0222228991357025, 'noise_stn_sigma': 2.5575418545038295, 'noise_gpe_sigma': 21.969260367370687, 'noise_gpi_sigma': 50.8569966707226, 'g_stn_gpe_mult': 1.4094743853022391, 'g_gpe_stn_mult': 0.8921871084073074, 'g_stn_gpi_mult': 1.0509585160780315, 'g_gpe_gpi_mult': 1.7533871722671575}. Best is trial 58 with value: 0.4620693404512859.
[I 2026-05-28 22:27:09,261] Trial 102 finished with value: 4.808992139341881 and parameters: {'ISTN': 96.30974990232454, 'I_gpe': 1.9307705954395376, 'I_gpi': 1.9199383922660913, 'noise_stn_sigma': 3.3146176831046676, 'noise_gpe_sigma': 36.7574993001738, 'noise_gpi_sigma': 74.20470933090135, 'g_stn_gpe_mult': 1.2341674202705364, 'g_gpe_stn_mult': 1.21373332016895, 'g_stn_gpi_mult': 0.6494751362017457, 'g_gpe_gpi_mult': 1.4291579116173883}. Best is trial 58 with value: 0.4620693404512859.
[I 2026-05-28 22:27:10,270] Trial 103 finished with value: 9.5782524880649 and parameters: {'ISTN': 114.0244151114623, 'I_gpe': 1.8228391607601746, 'I_gpi': 2.954375585261996, 'noise_stn_sigma': 2.9981813940316573, 'noise_gpe_sigma': 34.86259149019571, 'noise_gpi_sigma': 54.51276777655703, 'g_stn_gpe_mult': 1.3765654997515457, 'g_gpe_stn_mult': 1.1582868683693057, 'g_stn_gpi_mult': 1.074963496296823, 'g_gpe_gpi_mult': 1.6185820085699751}. Best is trial 58 with value: 0.4620693404512859.
[I 2026-05-28 22:27:11,278] Trial 104 finished with value: 70.10206165170622 and parameters: {'ISTN': 139.8662841508664, 'I_gpe': 1.4133964434475372, 'I_gpi': 3.344657293793534, 'noise_stn_sigma': 3.3426608102820117, 'noise_gpe_sigma': 41.7134608977373, 'noise_gpi_sigma': 75.35374581309355, 'g_stn_gpe_mult': 1.3158477105523472, 'g_gpe_stn_mult': 1.0225650170194602, 'g_stn_gpi_mult': 1.2255077960962684, 'g_gpe_gpi_mult': 1.5104670870535415}. Best is trial 58 with value: 0.4620693404512859.
[I 2026-05-28 22:27:12,281] Trial 105 finished with value: 5.753914630993889 and parameters: {'ISTN': 117.52746827192811, 'I_gpe': 3.7828787497168133, 'I_gpi': 4.151608023954689, 'noise_stn_sigma': 4.003241078339585, 'noise_gpe_sigma': 37.24013386991681, 'noise_gpi_sigma': 61.72891627819354, 'g_stn_gpe_mult': 1.4657670274083565, 'g_gpe_stn_mult': 0.8252930801295655, 'g_stn_gpi_mult': 0.6925316747703231, 'g_gpe_gpi_mult': 1.4034556242393816}. Best is trial 58 with value: 0.4620693404512859.
[I 2026-05-28 22:27:13,292] Trial 106 finished with value: 2.8221415390900426 and parameters: {'ISTN': 123.56817651531856, 'I_gpe': 3.697209559905528, 'I_gpi': 2.334842131280201, 'noise_stn_sigma': 2.8444295468783625, 'noise_gpe_sigma': 45.45571678256488, 'noise_gpi_sigma': 63.48326147035134, 'g_stn_gpe_mult': 1.1419335356811746, 'g_gpe_stn_mult': 0.7856826446268661, 'g_stn_gpi_mult': 1.3295380620520558, 'g_gpe_gpi_mult': 1.468868494504497}. Best is trial 58 with value: 0.4620693404512859.
[I 2026-05-28 22:27:14,295] Trial 107 finished with value: 105.34220856179702 and parameters: {'ISTN': 111.28858347914964, 'I_gpe': 4.047442827600637, 'I_gpi': 2.3200652551307175, 'noise_stn_sigma': 2.7056973309604646, 'noise_gpe_sigma': 54.687555989108006, 'noise_gpi_sigma': 41.57317386945184, 'g_stn_gpe_mult': 1.2796955267243855, 'g_gpe_stn_mult': 1.1864273610183025, 'g_stn_gpi_mult': 1.1111406899036864, 'g_gpe_gpi_mult': 1.6261807213773753}. Best is trial 58 with value: 0.4620693404512859.
[I 2026-05-28 22:27:15,298] Trial 108 finished with value: 105.61442978571282 and parameters: {'ISTN': 97.59234860893628, 'I_gpe': 4.361064245852969, 'I_gpi': 2.925665469781209, 'noise_stn_sigma': 4.002632194529392, 'noise_gpe_sigma': 26.581169712951397, 'noise_gpi_sigma': 43.11026459086672, 'g_stn_gpe_mult': 1.4270401859058626, 'g_gpe_stn_mult': 0.6953774909278594, 'g_stn_gpi_mult': 1.6076005243166045, 'g_gpe_gpi_mult': 1.7022684021151977}. Best is trial 58 with value: 0.4620693404512859.
[I 2026-05-28 22:27:16,302] Trial 109 finished with value: 106.93116330716346 and parameters: {'ISTN': 106.31148443456662, 'I_gpe': 3.23203177928965, 'I_gpi': 4.402957559913947, 'noise_stn_sigma': 2.8012086502327165, 'noise_gpe_sigma': 15.321354073248695, 'noise_gpi_sigma': 59.96299543098712, 'g_stn_gpe_mult': 1.4199350961440709, 'g_gpe_stn_mult': 0.9017500188579184, 'g_stn_gpi_mult': 1.153454526015035, 'g_gpe_gpi_mult': 1.3890055033858602}. Best is trial 58 with value: 0.4620693404512859.
[I 2026-05-28 22:27:17,313] Trial 110 finished with value: 27.5513592683163 and parameters: {'ISTN': 112.25145050436511, 'I_gpe': 3.2255688333263337, 'I_gpi': 2.5832376663273835, 'noise_stn_sigma': 3.1246492068158953, 'noise_gpe_sigma': 35.14955168026863, 'noise_gpi_sigma': 51.91844655166808, 'g_stn_gpe_mult': 1.8130751443669213, 'g_gpe_stn_mult': 0.6252466373473027, 'g_stn_gpi_mult': 1.279033292812258, 'g_gpe_gpi_mult': 1.705940410298378}. Best is trial 58 with value: 0.4620693404512859.
[I 2026-05-28 22:27:18,316] Trial 111 finished with value: 106.5815817532517 and parameters: {'ISTN': 89.35354699607673, 'I_gpe': 3.12838384180366, 'I_gpi': 4.163993630035032, 'noise_stn_sigma': 2.384237279230982, 'noise_gpe_sigma': 37.37522846798047, 'noise_gpi_sigma': 53.910516087101776, 'g_stn_gpe_mult': 1.2173292702644876, 'g_gpe_stn_mult': 0.9238930693936681, 'g_stn_gpi_mult': 0.6392025559380508, 'g_gpe_gpi_mult': 1.5340487310637698}. Best is trial 58 with value: 0.4620693404512859.
[I 2026-05-28 22:27:19,319] Trial 112 finished with value: 105.67081343149782 and parameters: {'ISTN': 85.0914438106983, 'I_gpe': 4.778756406221942, 'I_gpi': 2.279621713956371, 'noise_stn_sigma': 1.7817079290470672, 'noise_gpe_sigma': 34.510469653703716, 'noise_gpi_sigma': 71.02149399860917, 'g_stn_gpe_mult': 1.5862027942877173, 'g_gpe_stn_mult': 0.5963512405965921, 'g_stn_gpi_mult': 1.061005354289802, 'g_gpe_gpi_mult': 1.586287428468712}. Best is trial 58 with value: 0.4620693404512859.
[I 2026-05-28 22:27:20,322] Trial 113 finished with value: 105.40950939415487 and parameters: {'ISTN': 102.2865306307626, 'I_gpe': 3.9569542884369344, 'I_gpi': 2.900347779853047, 'noise_stn_sigma': 3.7283784136325413, 'noise_gpe_sigma': 47.71598275183911, 'noise_gpi_sigma': 67.79533619529371, 'g_stn_gpe_mult': 1.3678330603132698, 'g_gpe_stn_mult': 1.0593401704657315, 'g_stn_gpi_mult': 1.0670834266771754, 'g_gpe_gpi_mult': 1.246671848491773}. Best is trial 58 with value: 0.4620693404512859.
[I 2026-05-28 22:27:21,325] Trial 114 finished with value: 105.98676615372533 and parameters: {'ISTN': 124.36793321213435, 'I_gpe': 4.868983028093567, 'I_gpi': 1.6362858386652996, 'noise_stn_sigma': 4.026417344096809, 'noise_gpe_sigma': 30.161195691692296, 'noise_gpi_sigma': 59.86101018282949, 'g_stn_gpe_mult': 1.4316950930023369, 'g_gpe_stn_mult': 0.7300360354942894, 'g_stn_gpi_mult': 1.2101044329617368, 'g_gpe_gpi_mult': 1.848218016314797}. Best is trial 58 with value: 0.4620693404512859.
[I 2026-05-28 22:27:22,331] Trial 115 finished with value: 50.39641938293112 and parameters: {'ISTN': 126.39731432582782, 'I_gpe': 3.234182683851799, 'I_gpi': 2.56343030098742, 'noise_stn_sigma': 3.6896426836331866, 'noise_gpe_sigma': 55.556581513784025, 'noise_gpi_sigma': 52.750949639209715, 'g_stn_gpe_mult': 1.465825505390216, 'g_gpe_stn_mult': 0.5830098115704206, 'g_stn_gpi_mult': 1.0312123245354128, 'g_gpe_gpi_mult': 1.5046018462828297}. Best is trial 58 with value: 0.4620693404512859.
[I 2026-05-28 22:27:23,340] Trial 116 finished with value: 9.34302975065967 and parameters: {'ISTN': 85.93299447716628, 'I_gpe': 2.337258321342805, 'I_gpi': 3.415786130403701, 'noise_stn_sigma': 2.5481568748088885, 'noise_gpe_sigma': 39.85664551691351, 'noise_gpi_sigma': 51.727905227941086, 'g_stn_gpe_mult': 1.5028578555041956, 'g_gpe_stn_mult': 0.6735295358945281, 'g_stn_gpi_mult': 0.8583332847781255, 'g_gpe_gpi_mult': 1.4314860196340775}. Best is trial 58 with value: 0.4620693404512859.
[I 2026-05-28 22:27:24,346] Trial 117 finished with value: 1.4715743879919743 and parameters: {'ISTN': 110.78264366487166, 'I_gpe': 2.387099367782518, 'I_gpi': 2.28386178194165, 'noise_stn_sigma': 2.844105685901176, 'noise_gpe_sigma': 27.479402303277407, 'noise_gpi_sigma': 54.11109660214345, 'g_stn_gpe_mult': 1.2685563984104533, 'g_gpe_stn_mult': 1.067683403593052, 'g_stn_gpi_mult': 1.0774823881201057, 'g_gpe_gpi_mult': 1.621646489141538}. Best is trial 58 with value: 0.4620693404512859.
[I 2026-05-28 22:27:25,356] Trial 118 finished with value: 25.0983702803149 and parameters: {'ISTN': 114.16034443889885, 'I_gpe': 2.790598082868547, 'I_gpi': 4.2208305153611665, 'noise_stn_sigma': 2.9991912402869434, 'noise_gpe_sigma': 47.25015403978558, 'noise_gpi_sigma': 75.6575590767013, 'g_stn_gpe_mult': 1.7020089194925403, 'g_gpe_stn_mult': 0.7665815937896743, 'g_stn_gpi_mult': 1.048672716465485, 'g_gpe_gpi_mult': 1.5570257367444706}. Best is trial 58 with value: 0.4620693404512859.
[I 2026-05-28 22:27:26,363] Trial 119 finished with value: 10.20398155494919 and parameters: {'ISTN': 89.45231420331028, 'I_gpe': 1.376088305375748, 'I_gpi': 2.131886214454386, 'noise_stn_sigma': 3.7248470821253186, 'noise_gpe_sigma': 18.390312985333015, 'noise_gpi_sigma': 64.27426154073626, 'g_stn_gpe_mult': 1.3918533411606566, 'g_gpe_stn_mult': 0.9830319419030231, 'g_stn_gpi_mult': 0.717879204860981, 'g_gpe_gpi_mult': 1.583339963867906}. Best is trial 58 with value: 0.4620693404512859.
[I 2026-05-28 22:27:27,372] Trial 120 finished with value: 1.9661175235797184 and parameters: {'ISTN': 101.82677737771047, 'I_gpe': 2.905862912031538, 'I_gpi': 4.372820660699157, 'noise_stn_sigma': 2.396582202461285, 'noise_gpe_sigma': 37.26538461766348, 'noise_gpi_sigma': 64.67044765190644, 'g_stn_gpe_mult': 1.4563173801935296, 'g_gpe_stn_mult': 0.8498288636561648, 'g_stn_gpi_mult': 1.1128691331269798, 'g_gpe_gpi_mult': 1.6272576989539307}. Best is trial 58 with value: 0.4620693404512859.
[I 2026-05-28 22:27:28,376] Trial 121 finished with value: 106.12030759497797 and parameters: {'ISTN': 116.2098324352944, 'I_gpe': 3.479353261074454, 'I_gpi': 3.791690645176578, 'noise_stn_sigma': 3.147268366826695, 'noise_gpe_sigma': 18.31224706618554, 'noise_gpi_sigma': 59.610121823207976, 'g_stn_gpe_mult': 1.509035096450191, 'g_gpe_stn_mult': 0.930205355680683, 'g_stn_gpi_mult': 1.0663848842702643, 'g_gpe_gpi_mult': 1.525202207006433}. Best is trial 58 with value: 0.4620693404512859.
[I 2026-05-28 22:27:29,378] Trial 122 finished with value: 105.64741937301673 and parameters: {'ISTN': 114.01381611730753, 'I_gpe': 3.570237583950496, 'I_gpi': 3.298403628487257, 'noise_stn_sigma': 3.290027602738598, 'noise_gpe_sigma': 51.85138669513697, 'noise_gpi_sigma': 43.341985604801735, 'g_stn_gpe_mult': 1.4258845094849408, 'g_gpe_stn_mult': 1.0122182860584945, 'g_stn_gpi_mult': 1.3062889261497785, 'g_gpe_gpi_mult': 1.562213078473519}. Best is trial 58 with value: 0.4620693404512859.
[I 2026-05-28 22:27:30,389] Trial 123 finished with value: 23.55147457228152 and parameters: {'ISTN': 100.61561261714341, 'I_gpe': 1.5823259403300156, 'I_gpi': 3.5557672159601887, 'noise_stn_sigma': 3.8828303051590884, 'noise_gpe_sigma': 19.024194866448468, 'noise_gpi_sigma': 47.65455796784347, 'g_stn_gpe_mult': 1.4947104356655165, 'g_gpe_stn_mult': 0.6597044292596166, 'g_stn_gpi_mult': 0.8336873315013779, 'g_gpe_gpi_mult': 1.5056045888057956}. Best is trial 58 with value: 0.4620693404512859.
[I 2026-05-28 22:27:31,399] Trial 124 finished with value: 3.867377244127719 and parameters: {'ISTN': 90.54518533312606, 'I_gpe': 2.373771011662127, 'I_gpi': 3.474691382235328, 'noise_stn_sigma': 3.3517529369502648, 'noise_gpe_sigma': 42.74318296654684, 'noise_gpi_sigma': 54.212388694077816, 'g_stn_gpe_mult': 1.5429601878596237, 'g_gpe_stn_mult': 0.8306488441787765, 'g_stn_gpi_mult': 1.0726715625656646, 'g_gpe_gpi_mult': 1.2968065331792464}. Best is trial 58 with value: 0.4620693404512859.
[I 2026-05-28 22:27:32,409] Trial 125 finished with value: 13.737404697552327 and parameters: {'ISTN': 91.59304212459527, 'I_gpe': 1.2208954564618655, 'I_gpi': 1.012300664396446, 'noise_stn_sigma': 2.9439322995748207, 'noise_gpe_sigma': 31.843045780853757, 'noise_gpi_sigma': 45.15393164507183, 'g_stn_gpe_mult': 1.3945460007800448, 'g_gpe_stn_mult': 0.9325787275361588, 'g_stn_gpi_mult': 0.9890926947394185, 'g_gpe_gpi_mult': 1.634540675865497}. Best is trial 58 with value: 0.4620693404512859.
[I 2026-05-28 22:27:33,416] Trial 126 finished with value: 1.01052828419654 and parameters: {'ISTN': 105.70983310776538, 'I_gpe': 2.4640580932192773, 'I_gpi': 3.2056264162395145, 'noise_stn_sigma': 3.278678369352189, 'noise_gpe_sigma': 40.935478027024885, 'noise_gpi_sigma': 54.321935589032115, 'g_stn_gpe_mult': 1.0794467593290402, 'g_gpe_stn_mult': 1.0084924614907131, 'g_stn_gpi_mult': 1.1243173160604538, 'g_gpe_gpi_mult': 1.6573261992409067}. Best is trial 58 with value: 0.4620693404512859.
[I 2026-05-28 22:27:34,426] Trial 127 finished with value: 28.851154022359555 and parameters: {'ISTN': 115.80491953934363, 'I_gpe': 2.4019802775409227, 'I_gpi': 3.2531357243694967, 'noise_stn_sigma': 2.7299656961969823, 'noise_gpe_sigma': 20.069646897629376, 'noise_gpi_sigma': 60.7076889600223, 'g_stn_gpe_mult': 1.3974914355534562, 'g_gpe_stn_mult': 0.8245473286461845, 'g_stn_gpi_mult': 0.8337860575570522, 'g_gpe_gpi_mult': 1.5491113819948015}. Best is trial 58 with value: 0.4620693404512859.
[I 2026-05-28 22:27:35,434] Trial 128 finished with value: 22.404395006415765 and parameters: {'ISTN': 107.51435734286653, 'I_gpe': 2.1384649794976323, 'I_gpi': 4.142633433074542, 'noise_stn_sigma': 2.5027308009056433, 'noise_gpe_sigma': 31.45235100426395, 'noise_gpi_sigma': 56.8100759646592, 'g_stn_gpe_mult': 1.6222040582678985, 'g_gpe_stn_mult': 0.8424172026556769, 'g_stn_gpi_mult': 1.228098304110493, 'g_gpe_gpi_mult': 1.5524579980761581}. Best is trial 58 with value: 0.4620693404512859.
[I 2026-05-28 22:27:36,441] Trial 129 finished with value: 45.99402685797388 and parameters: {'ISTN': 125.81559347339622, 'I_gpe': 3.0171387879880225, 'I_gpi': 2.534406604134097, 'noise_stn_sigma': 2.3361619904960866, 'noise_gpe_sigma': 51.89762755036651, 'noise_gpi_sigma': 61.647504285249056, 'g_stn_gpe_mult': 1.267945475905939, 'g_gpe_stn_mult': 0.7170949814916547, 'g_stn_gpi_mult': 1.0184516100261525, 'g_gpe_gpi_mult': 1.3431773502551505}. Best is trial 58 with value: 0.4620693404512859.
[I 2026-05-28 22:27:37,444] Trial 130 finished with value: 105.38769174112085 and parameters: {'ISTN': 100.27857839363631, 'I_gpe': 3.8305274441975863, 'I_gpi': 2.7078413436634374, 'noise_stn_sigma': 3.366931572889263, 'noise_gpe_sigma': 29.980824064320046, 'noise_gpi_sigma': 49.24135669876671, 'g_stn_gpe_mult': 1.0195731877026137, 'g_gpe_stn_mult': 0.8911622701938756, 'g_stn_gpi_mult': 1.2588616511609392, 'g_gpe_gpi_mult': 1.4806131649068497}. Best is trial 58 with value: 0.4620693404512859.
[I 2026-05-28 22:27:38,453] Trial 131 finished with value: 0.5953800766167375 and parameters: {'ISTN': 92.94385621284135, 'I_gpe': 2.89733405504469, 'I_gpi': 1.2617587496761677, 'noise_stn_sigma': 2.5211088137326696, 'noise_gpe_sigma': 38.370147147651096, 'noise_gpi_sigma': 56.985200393826446, 'g_stn_gpe_mult': 1.5359701482425403, 'g_gpe_stn_mult': 0.7806240543259747, 'g_stn_gpi_mult': 1.3702182161456182, 'g_gpe_gpi_mult': 1.5035866861098401}. Best is trial 58 with value: 0.4620693404512859.
