[I 2026-05-28 22:26:10,888] Trial 44 finished with value: 16.46579898795644 and parameters: {'ISTN': 171.2763681354062, 'I_gpe': 3.6846041058953287, 'I_gpi': 4.40108277780055, 'noise_stn_sigma': 3.598481266737035, 'noise_gpe_sigma': 56.919750925195665, 'noise_gpi_sigma': 61.43847119559701, 'g_stn_gpe_mult': 1.3150432222650177, 'g_gpe_stn_mult': 1.020025663488279, 'g_stn_gpi_mult': 1.4286721665346094, 'g_gpe_gpi_mult': 1.416818298762652}. Best is trial 25 with value: 3.4682330250577924.
[I 2026-05-28 22:26:11,898] Trial 45 finished with value: 116.71406421772276 and parameters: {'ISTN': 177.4475419371929, 'I_gpe': 3.4021629257938684, 'I_gpi': 3.5616543674770553, 'noise_stn_sigma': 4.571539643724538, 'noise_gpe_sigma': 36.896442833557415, 'noise_gpi_sigma': 68.6682451316621, 'g_stn_gpe_mult': 0.6539555710523084, 'g_gpe_stn_mult': 0.9967921236405598, 'g_stn_gpi_mult': 1.6356797883085825, 'g_gpe_gpi_mult': 1.0632312562016442}. Best is trial 25 with value: 3.4682330250577924.
[I 2026-05-28 22:26:12,902] Trial 46 finished with value: 106.82600474248503 and parameters: {'ISTN': 117.65841283864039, 'I_gpe': 4.225020996809853, 'I_gpi': 4.2984682677355295, 'noise_stn_sigma': 3.816538228205781, 'noise_gpe_sigma': 44.2290483132498, 'noise_gpi_sigma': 25.539841329064615, 'g_stn_gpe_mult': 0.738163095751017, 'g_gpe_stn_mult': 0.9149442356914064, 'g_stn_gpi_mult': 1.459448030718005, 'g_gpe_gpi_mult': 1.4524443094839896}. Best is trial 25 with value: 3.4682330250577924.
[I 2026-05-28 22:26:13,906] Trial 47 finished with value: 106.13271435594001 and parameters: {'ISTN': 123.47226549409545, 'I_gpe': 3.7705905302364, 'I_gpi': 3.8240475516353674, 'noise_stn_sigma': 4.036919253380347, 'noise_gpe_sigma': 18.17638104380489, 'noise_gpi_sigma': 65.16632858573887, 'g_stn_gpe_mult': 0.7646992690971806, 'g_gpe_stn_mult': 1.0760604812974583, 'g_stn_gpi_mult': 1.5453015621716448, 'g_gpe_gpi_mult': 1.8453165232519013}. Best is trial 25 with value: 3.4682330250577924.
[I 2026-05-28 22:26:14,909] Trial 48 finished with value: 107.38068691736491 and parameters: {'ISTN': 144.58063630640243, 'I_gpe': 4.273599528181704, 'I_gpi': 4.671168631263252, 'noise_stn_sigma': 4.690388912592122, 'noise_gpe_sigma': 32.22885313108891, 'noise_gpi_sigma': 50.82875795584015, 'g_stn_gpe_mult': 1.1577161944388328, 'g_gpe_stn_mult': 1.2564535364036176, 'g_stn_gpi_mult': 1.3168146100189098, 'g_gpe_gpi_mult': 1.474855149891754}. Best is trial 25 with value: 3.4682330250577924.
[I 2026-05-28 22:26:15,920] Trial 49 finished with value: 78.18089202119599 and parameters: {'ISTN': 148.16443909809698, 'I_gpe': 3.1302467597697565, 'I_gpi': 1.27759809402201, 'noise_stn_sigma': 4.447797976633625, 'noise_gpe_sigma': 22.214880146966728, 'noise_gpi_sigma': 56.00440988345575, 'g_stn_gpe_mult': 1.6854506961601714, 'g_gpe_stn_mult': 0.7735510835841121, 'g_stn_gpi_mult': 1.6418205718542431, 'g_gpe_gpi_mult': 1.4015271195661623}. Best is trial 25 with value: 3.4682330250577924.
[I 2026-05-28 22:26:16,927] Trial 50 finished with value: 115.73114014512323 and parameters: {'ISTN': 159.0789492487454, 'I_gpe': 4.672081609277321, 'I_gpi': 3.5306884429158316, 'noise_stn_sigma': 3.257799202341374, 'noise_gpe_sigma': 26.088659885590364, 'noise_gpi_sigma': 46.75827229907497, 'g_stn_gpe_mult': 0.9468504870878549, 'g_gpe_stn_mult': 0.5582049939423944, 'g_stn_gpi_mult': 1.4691056351375273, 'g_gpe_gpi_mult': 1.4823573220207886}. Best is trial 25 with value: 3.4682330250577924.
[I 2026-05-28 22:26:17,938] Trial 51 finished with value: 165.99204456499487 and parameters: {'ISTN': 181.26112426464158, 'I_gpe': 3.783285282763951, 'I_gpi': 4.277466117543188, 'noise_stn_sigma': 3.254292716132962, 'noise_gpe_sigma': 62.593571356177684, 'noise_gpi_sigma': 70.01568094562379, 'g_stn_gpe_mult': 1.0436447728906872, 'g_gpe_stn_mult': 0.6268606878403631, 'g_stn_gpi_mult': 1.6445564550925098, 'g_gpe_gpi_mult': 1.9480437298656925}. Best is trial 25 with value: 3.4682330250577924.
[I 2026-05-28 22:26:18,947] Trial 52 finished with value: 59.205635502808875 and parameters: {'ISTN': 133.67701275668506, 'I_gpe': 3.6092874068661502, 'I_gpi': 4.410899888518536, 'noise_stn_sigma': 4.136601673060804, 'noise_gpe_sigma': 51.555883449062634, 'noise_gpi_sigma': 66.26599211915178, 'g_stn_gpe_mult': 1.1692315966563815, 'g_gpe_stn_mult': 0.6734474503656243, 'g_stn_gpi_mult': 1.5576751324986078, 'g_gpe_gpi_mult': 1.6042136409163046}. Best is trial 25 with value: 3.4682330250577924.
[I 2026-05-28 22:26:19,955] Trial 53 finished with value: 143.6696827698676 and parameters: {'ISTN': 173.43200817541555, 'I_gpe': 2.9794273302802634, 'I_gpi': 3.1195199673856164, 'noise_stn_sigma': 4.30820142455247, 'noise_gpe_sigma': 51.62613928970364, 'noise_gpi_sigma': 67.71161364401635, 'g_stn_gpe_mult': 1.4917204571513563, 'g_gpe_stn_mult': 0.8267773673294978, 'g_stn_gpi_mult': 1.4530168351103625, 'g_gpe_gpi_mult': 1.7925288098591388}. Best is trial 25 with value: 3.4682330250577924.
[I 2026-05-28 22:26:20,967] Trial 54 finished with value: 110.77629018988966 and parameters: {'ISTN': 160.72600504841213, 'I_gpe': 3.3022014087818707, 'I_gpi': 2.971584515571871, 'noise_stn_sigma': 3.62776505130585, 'noise_gpe_sigma': 53.35857626522328, 'noise_gpi_sigma': 51.619939584222536, 'g_stn_gpe_mult': 1.3074439156519744, 'g_gpe_stn_mult': 0.5845546490088103, 'g_stn_gpi_mult': 1.4806695197781337, 'g_gpe_gpi_mult': 1.448239857285741}. Best is trial 25 with value: 3.4682330250577924.
[I 2026-05-28 22:26:21,972] Trial 55 finished with value: 4.591804754637705 and parameters: {'ISTN': 155.5722927712045, 'I_gpe': 3.8707979189500126, 'I_gpi': 4.8435733973872335, 'noise_stn_sigma': 3.419128909111229, 'noise_gpe_sigma': 42.43123561944765, 'noise_gpi_sigma': 66.05385083380105, 'g_stn_gpe_mult': 1.226636711370121, 'g_gpe_stn_mult': 0.9749801130534426, 'g_stn_gpi_mult': 1.2923527568268633, 'g_gpe_gpi_mult': 1.324699461547694}. Best is trial 25 with value: 3.4682330250577924.
[I 2026-05-28 22:26:22,983] Trial 56 finished with value: 40.98541809755996 and parameters: {'ISTN': 152.9818479145378, 'I_gpe': 2.8745666043195124, 'I_gpi': 1.2592940421004784, 'noise_stn_sigma': 3.4858858514241113, 'noise_gpe_sigma': 31.67547432430637, 'noise_gpi_sigma': 84.879106705548, 'g_stn_gpe_mult': 1.1081681240251917, 'g_gpe_stn_mult': 1.033693024210168, 'g_stn_gpi_mult': 1.384712234058676, 'g_gpe_gpi_mult': 1.636027576305997}. Best is trial 25 with value: 3.4682330250577924.
[I 2026-05-28 22:26:23,992] Trial 57 finished with value: 9.602777977440866 and parameters: {'ISTN': 157.3038594112824, 'I_gpe': 3.528811463355396, 'I_gpi': 4.1172641666411085, 'noise_stn_sigma': 3.1386668822935935, 'noise_gpe_sigma': 31.756293074503134, 'noise_gpi_sigma': 46.84835538563323, 'g_stn_gpe_mult': 1.361522689036669, 'g_gpe_stn_mult': 0.9772924916184891, 'g_stn_gpi_mult': 1.7559279705292572, 'g_gpe_gpi_mult': 1.445462779334561}. Best is trial 25 with value: 3.4682330250577924.
[I 2026-05-28 22:26:25,000] Trial 58 finished with value: 0.4620693404512859 and parameters: {'ISTN': 162.5237953430917, 'I_gpe': 3.3926504503585466, 'I_gpi': 2.7158763194225504, 'noise_stn_sigma': 3.91487504289075, 'noise_gpe_sigma': 43.67076924770153, 'noise_gpi_sigma': 65.75444997162722, 'g_stn_gpe_mult': 1.2014847038750882, 'g_gpe_stn_mult': 1.0949064575291456, 'g_stn_gpi_mult': 1.4463873913512777, 'g_gpe_gpi_mult': 1.3178079081856966}. Best is trial 58 with value: 0.4620693404512859.
[I 2026-05-28 22:26:26,010] Trial 59 finished with value: 170.40541247901848 and parameters: {'ISTN': 183.3767034983996, 'I_gpe': 2.5734654405267343, 'I_gpi': 3.169809073640106, 'noise_stn_sigma': 3.616676120230173, 'noise_gpe_sigma': 53.99444203255215, 'noise_gpi_sigma': 53.9009139573944, 'g_stn_gpe_mult': 0.9180689163242723, 'g_gpe_stn_mult': 0.897785431689333, 'g_stn_gpi_mult': 1.1250379673109672, 'g_gpe_gpi_mult': 1.4550977188813379}. Best is trial 58 with value: 0.4620693404512859.
[I 2026-05-28 22:26:27,017] Trial 60 finished with value: 3.541089175083939 and parameters: {'ISTN': 152.59894110451407, 'I_gpe': 3.3530243268885247, 'I_gpi': 2.6203694829987234, 'noise_stn_sigma': 3.3524710289249287, 'noise_gpe_sigma': 36.31138299387031, 'noise_gpi_sigma': 84.31433348647032, 'g_stn_gpe_mult': 1.1332906017338285, 'g_gpe_stn_mult': 1.1049293913042308, 'g_stn_gpi_mult': 1.4933753312240496, 'g_gpe_gpi_mult': 1.175807256558945}. Best is trial 58 with value: 0.4620693404512859.
[I 2026-05-28 22:26:28,023] Trial 61 finished with value: 4.202727155989084 and parameters: {'ISTN': 137.5722786232077, 'I_gpe': 3.1564227742994344, 'I_gpi': 1.4498461190989835, 'noise_stn_sigma': 3.3359703747643947, 'noise_gpe_sigma': 36.667568451598065, 'noise_gpi_sigma': 72.88461450109418, 'g_stn_gpe_mult': 1.1024831532379538, 'g_gpe_stn_mult': 1.0759642446353213, 'g_stn_gpi_mult': 0.9992912124852534, 'g_gpe_gpi_mult': 1.5197541853108305}. Best is trial 58 with value: 0.4620693404512859.
[I 2026-05-28 22:26:29,033] Trial 62 finished with value: 153.37698224534108 and parameters: {'ISTN': 178.88083915642449, 'I_gpe': 2.1770696750762086, 'I_gpi': 4.431615685238285, 'noise_stn_sigma': 3.6600557124065864, 'noise_gpe_sigma': 43.753547003370066, 'noise_gpi_sigma': 59.39004481769306, 'g_stn_gpe_mult': 1.0552137023831913, 'g_gpe_stn_mult': 1.1238420757367433, 'g_stn_gpi_mult': 1.5407303133560704, 'g_gpe_gpi_mult': 1.4907935545246078}. Best is trial 58 with value: 0.4620693404512859.
[I 2026-05-28 22:26:30,043] Trial 63 finished with value: 43.129569464076106 and parameters: {'ISTN': 148.8650683704014, 'I_gpe': 3.4563375843233164, 'I_gpi': 4.2361817912798685, 'noise_stn_sigma': 2.777462911020444, 'noise_gpe_sigma': 40.48902686198929, 'noise_gpi_sigma': 54.21439855292731, 'g_stn_gpe_mult': 1.2374427690000462, 'g_gpe_stn_mult': 0.881693889713349, 'g_stn_gpi_mult': 1.4584305033802658, 'g_gpe_gpi_mult': 1.3126035456867664}. Best is trial 58 with value: 0.4620693404512859.
[I 2026-05-28 22:26:31,046] Trial 64 finished with value: 105.87202341451703 and parameters: {'ISTN': 193.49002056031827, 'I_gpe': 4.926602627902167, 'I_gpi': 1.8458379690768707, 'noise_stn_sigma': 4.499059765632017, 'noise_gpe_sigma': 44.452247374468826, 'noise_gpi_sigma': 49.26738232934787, 'g_stn_gpe_mult': 1.0307803283301182, 'g_gpe_stn_mult': 1.2855680414122534, 'g_stn_gpi_mult': 1.5182500793455747, 'g_gpe_gpi_mult': 1.3940169259511497}. Best is trial 58 with value: 0.4620693404512859.
[I 2026-05-28 22:26:32,055] Trial 65 finished with value: 49.31865827022388 and parameters: {'ISTN': 142.90372656327867, 'I_gpe': 2.1668890592938963, 'I_gpi': 2.9692591115375144, 'noise_stn_sigma': 3.2384237510717844, 'noise_gpe_sigma': 36.43243579664983, 'noise_gpi_sigma': 67.85839199254394, 'g_stn_gpe_mult': 1.2224986608670896, 'g_gpe_stn_mult': 1.1149953726556507, 'g_stn_gpi_mult': 1.2273693945443007, 'g_gpe_gpi_mult': 1.4967267830091495}. Best is trial 58 with value: 0.4620693404512859.
[I 2026-05-28 22:26:33,063] Trial 66 finished with value: 73.12055657140752 and parameters: {'ISTN': 144.36724695672075, 'I_gpe': 4.128173657009816, 'I_gpi': 2.7651339338779177, 'noise_stn_sigma': 4.480554822732207, 'noise_gpe_sigma': 36.75235007056601, 'noise_gpi_sigma': 68.13574005823604, 'g_stn_gpe_mult': 0.8868655779839626, 'g_gpe_stn_mult': 0.6882620952864773, 'g_stn_gpi_mult': 1.8367884668679095, 'g_gpe_gpi_mult': 1.3937989832713826}. Best is trial 58 with value: 0.4620693404512859.
[I 2026-05-28 22:26:34,073] Trial 67 finished with value: 78.28623771998872 and parameters: {'ISTN': 152.68335756836308, 'I_gpe': 3.1081486354673467, 'I_gpi': 3.915858053157323, 'noise_stn_sigma': 3.8072567939287447, 'noise_gpe_sigma': 58.83577434639239, 'noise_gpi_sigma': 68.00105583137058, 'g_stn_gpe_mult': 1.1777636885529932, 'g_gpe_stn_mult': 0.8695355568404878, 'g_stn_gpi_mult': 1.1824259131235881, 'g_gpe_gpi_mult': 1.1697240204188355}. Best is trial 58 with value: 0.4620693404512859.
[I 2026-05-28 22:26:35,076] Trial 68 finished with value: 105.40198266459794 and parameters: {'ISTN': 157.3871761833151, 'I_gpe': 4.184127220842463, 'I_gpi': 1.9834368266817566, 'noise_stn_sigma': 4.0581810331015005, 'noise_gpe_sigma': 58.501226060664365, 'noise_gpi_sigma': 63.22796663579928, 'g_stn_gpe_mult': 1.5216809838957066, 'g_gpe_stn_mult': 1.1731258142325478, 'g_stn_gpi_mult': 1.2462185472747733, 'g_gpe_gpi_mult': 1.4044036978974597}. Best is trial 58 with value: 0.4620693404512859.
[I 2026-05-28 22:26:36,024] Trial 69 finished with value: 1000000.0 and parameters: {'ISTN': 152.82783913084904, 'I_gpe': 4.513211282738818, 'I_gpi': 1.8041359967243653, 'noise_stn_sigma': 3.665893172737932, 'noise_gpe_sigma': 39.13376906271423, 'noise_gpi_sigma': 67.2013840688278, 'g_stn_gpe_mult': 1.4847621520679959, 'g_gpe_stn_mult': 0.9568008392125323, 'g_stn_gpi_mult': 1.2223135982297773, 'g_gpe_gpi_mult': 1.2928910927912733}. Best is trial 58 with value: 0.4620693404512859.
[I 2026-05-28 22:26:37,029] Trial 70 finished with value: 106.03597068634176 and parameters: {'ISTN': 151.74688251143166, 'I_gpe': 3.3515978769238637, 'I_gpi': 1.072690945383489, 'noise_stn_sigma': 3.8020697135014325, 'noise_gpe_sigma': 32.057206052184725, 'noise_gpi_sigma': 81.09746937549056, 'g_stn_gpe_mult': 0.8752193196848672, 'g_gpe_stn_mult': 1.2642545506374891, 'g_stn_gpi_mult': 1.4888958758347006, 'g_gpe_gpi_mult': 1.2768324852113322}. Best is trial 58 with value: 0.4620693404512859.
[I 2026-05-28 22:26:38,032] Trial 71 finished with value: 105.35200352072452 and parameters: {'ISTN': 149.82761728041635, 'I_gpe': 3.8763884829945185, 'I_gpi': 2.1100727688136485, 'noise_stn_sigma': 3.6630952291588867, 'noise_gpe_sigma': 38.27381090274869, 'noise_gpi_sigma': 74.3925381104916, 'g_stn_gpe_mult': 1.2409491148329945, 'g_gpe_stn_mult': 1.2357872144280178, 'g_stn_gpi_mult': 1.140742878462204, 'g_gpe_gpi_mult': 1.181960234419826}. Best is trial 58 with value: 0.4620693404512859.
[I 2026-05-28 22:26:39,040] Trial 72 finished with value: 48.35154617613156 and parameters: {'ISTN': 135.3710193363118, 'I_gpe': 2.1518383643907306, 'I_gpi': 1.6728505319756453, 'noise_stn_sigma': 3.1618248845429595, 'noise_gpe_sigma': 25.57434470940771, 'noise_gpi_sigma': 66.64771338438428, 'g_stn_gpe_mult': 1.2912035537541713, 'g_gpe_stn_mult': 1.0114903900947412, 'g_stn_gpi_mult': 0.9954375927092014, 'g_gpe_gpi_mult': 1.599636535476093}. Best is trial 58 with value: 0.4620693404512859.
[I 2026-05-28 22:26:40,042] Trial 73 finished with value: 105.648554884241 and parameters: {'ISTN': 118.9220889504854, 'I_gpe': 3.779205095631071, 'I_gpi': 3.309080873494968, 'noise_stn_sigma': 3.4730008069161573, 'noise_gpe_sigma': 40.45148571737708, 'noise_gpi_sigma': 54.06630683586039, 'g_stn_gpe_mult': 1.147196513348733, 'g_gpe_stn_mult': 1.0693446477295343, 'g_stn_gpi_mult': 1.4263750141717022, 'g_gpe_gpi_mult': 1.6621964191971315}. Best is trial 58 with value: 0.4620693404512859.
[I 2026-05-28 22:26:41,050] Trial 74 finished with value: 0.9533182230329235 and parameters: {'ISTN': 152.85070568167157, 'I_gpe': 2.5019091971734952, 'I_gpi': 2.384595176022621, 'noise_stn_sigma': 2.5462180425291137, 'noise_gpe_sigma': 23.925586082636023, 'noise_gpi_sigma': 59.604002761663004, 'g_stn_gpe_mult': 1.2236164391575257, 'g_gpe_stn_mult': 1.2742503286936064, 'g_stn_gpi_mult': 0.8762737731166418, 'g_gpe_gpi_mult': 1.7679937676970716}. Best is trial 58 with value: 0.4620693404512859.
[I 2026-05-28 22:26:42,058] Trial 75 finished with value: 13.784484494120703 and parameters: {'ISTN': 107.49335235129394, 'I_gpe': 2.074272375679284, 'I_gpi': 3.212195449780593, 'noise_stn_sigma': 3.369704227685351, 'noise_gpe_sigma': 38.111538042170054, 'noise_gpi_sigma': 78.10322664896633, 'g_stn_gpe_mult': 1.0546207943336632, 'g_gpe_stn_mult': 0.9725376459229955, 'g_stn_gpi_mult': 0.9664606072980508, 'g_gpe_gpi_mult': 1.1053787558588466}. Best is trial 58 with value: 0.4620693404512859.
[I 2026-05-28 22:26:43,062] Trial 76 finished with value: 105.73546650457101 and parameters: {'ISTN': 134.84904858880708, 'I_gpe': 3.2317447015688696, 'I_gpi': 3.6978011252361096, 'noise_stn_sigma': 2.658744471479782, 'noise_gpe_sigma': 40.23336048278784, 'noise_gpi_sigma': 79.00810177801297, 'g_stn_gpe_mult': 1.0720193724215243, 'g_gpe_stn_mult': 1.1020357106020733, 'g_stn_gpi_mult': 1.2209627592266072, 'g_gpe_gpi_mult': 1.4113731112714845}. Best is trial 58 with value: 0.4620693404512859.
[I 2026-05-28 22:26:44,072] Trial 77 finished with value: 38.48787938531804 and parameters: {'ISTN': 123.47918446055286, 'I_gpe': 2.6172234613022116, 'I_gpi': 2.033651716715858, 'noise_stn_sigma': 2.6869041353266097, 'noise_gpe_sigma': 25.849305002457726, 'noise_gpi_sigma': 67.13227600885375, 'g_stn_gpe_mult': 1.0293548910451722, 'g_gpe_stn_mult': 0.835629086809244, 'g_stn_gpi_mult': 1.2867622960376006, 'g_gpe_gpi_mult': 1.2906683852820497}. Best is trial 58 with value: 0.4620693404512859.
[I 2026-05-28 22:26:45,077] Trial 78 finished with value: 105.1597636863737 and parameters: {'ISTN': 165.18372112056818, 'I_gpe': 3.8323357589013005, 'I_gpi': 2.9575354662569655, 'noise_stn_sigma': 3.821591212390102, 'noise_gpe_sigma': 54.14439785801673, 'noise_gpi_sigma': 48.62975850692843, 'g_stn_gpe_mult': 0.805132975541258, 'g_gpe_stn_mult': 1.1163262833153897, 'g_stn_gpi_mult': 1.2417025893879137, 'g_gpe_gpi_mult': 1.132888591574162}. Best is trial 58 with value: 0.4620693404512859.
[I 2026-05-28 22:26:46,082] Trial 79 finished with value: 105.66120516555213 and parameters: {'ISTN': 141.47253312571968, 'I_gpe': 3.680753573949008, 'I_gpi': 3.316642165215802, 'noise_stn_sigma': 2.65531158546075, 'noise_gpe_sigma': 40.710734219692355, 'noise_gpi_sigma': 47.986258181681166, 'g_stn_gpe_mult': 1.0174970314267218, 'g_gpe_stn_mult': 1.0883766644615427, 'g_stn_gpi_mult': 1.3857233189245926, 'g_gpe_gpi_mult': 1.6261690763489405}. Best is trial 58 with value: 0.4620693404512859.
[I 2026-05-28 22:26:47,093] Trial 80 finished with value: 64.41055620684565 and parameters: {'ISTN': 136.91850815514874, 'I_gpe': 2.183452623362753, 'I_gpi': 2.2223650534889527, 'noise_stn_sigma': 3.6135276587801797, 'noise_gpe_sigma': 14.46899982873283, 'noise_gpi_sigma': 51.0181151608861, 'g_stn_gpe_mult': 0.9332227086266524, 'g_gpe_stn_mult': 0.7272491926196232, 'g_stn_gpi_mult': 1.6437383352290813, 'g_gpe_gpi_mult': 1.2133290992612205}. Best is trial 58 with value: 0.4620693404512859.
[I 2026-05-28 22:26:48,103] Trial 81 finished with value: 27.40411030728076 and parameters: {'ISTN': 115.66735819025305, 'I_gpe': 2.2592308273235515, 'I_gpi': 2.872467856058156, 'noise_stn_sigma': 3.828401940467538, 'noise_gpe_sigma': 29.99185006338578, 'noise_gpi_sigma': 56.716112759206325, 'g_stn_gpe_mult': 1.7420150545306523, 'g_gpe_stn_mult': 0.8490500471579936, 'g_stn_gpi_mult': 0.9885454881697175, 'g_gpe_gpi_mult': 1.7042631082169062}. Best is trial 58 with value: 0.4620693404512859.
[I 2026-05-28 22:26:49,107] Trial 82 finished with value: 105.5040030635957 and parameters: {'ISTN': 115.71298857933442, 'I_gpe': 3.9460067643546903, 'I_gpi': 1.7506511650579266, 'noise_stn_sigma': 2.7564943436345333, 'noise_gpe_sigma': 31.73277879441416, 'noise_gpi_sigma': 54.82189314593416, 'g_stn_gpe_mult': 1.2634493604064412, 'g_gpe_stn_mult': 1.0076249078207085, 'g_stn_gpi_mult': 0.7910467682532558, 'g_gpe_gpi_mult': 1.2209009400291149}. Best is trial 58 with value: 0.4620693404512859.
[I 2026-05-28 22:26:50,116] Trial 83 finished with value: 99.76895431757788 and parameters: {'ISTN': 160.629664708371, 'I_gpe': 2.226834021413111, 'I_gpi': 1.6834019350043228, 'noise_stn_sigma': 3.8657702373172143, 'noise_gpe_sigma': 28.91311576913089, 'noise_gpi_sigma': 68.19366280524467, 'g_stn_gpe_mult': 0.9973563547111484, 'g_gpe_stn_mult': 1.0969429219505327, 'g_stn_gpi_mult': 1.0624173791620901, 'g_gpe_gpi_mult': 1.7876288454739933}. Best is trial 58 with value: 0.4620693404512859.
[I 2026-05-28 22:26:51,122] Trial 84 finished with value: 2.6091515980166946 and parameters: {'ISTN': 104.36888048487978, 'I_gpe': 2.03928769148109, 'I_gpi': 3.7552042677717745, 'noise_stn_sigma': 2.945221555883962, 'noise_gpe_sigma': 44.392919004318465, 'noise_gpi_sigma': 64.30460709731565, 'g_stn_gpe_mult': 1.2175111285002567, 'g_gpe_stn_mult': 1.0768626074689105, 'g_stn_gpi_mult': 0.9546525355328475, 'g_gpe_gpi_mult': 1.3603232089529935}. Best is trial 58 with value: 0.4620693404512859.
[I 2026-05-28 22:26:52,126] Trial 85 finished with value: 106.2287926603866 and parameters: {'ISTN': 120.22188305843076, 'I_gpe': 2.565255753543415, 'I_gpi': 1.1289541315869225, 'noise_stn_sigma': 2.7908368834738417, 'noise_gpe_sigma': 15.412673530962216, 'noise_gpi_sigma': 76.06130832018131, 'g_stn_gpe_mult': 1.2384517209476975, 'g_gpe_stn_mult': 1.4495355590101653, 'g_stn_gpi_mult': 1.39442268235725, 'g_gpe_gpi_mult': 1.4284001942241176}. Best is trial 58 with value: 0.4620693404512859.
[I 2026-05-28 22:26:53,129] Trial 86 finished with value: 105.61084855850301 and parameters: {'ISTN': 101.72210525182558, 'I_gpe': 3.0588928550900922, 'I_gpi': 1.6638021379684846, 'noise_stn_sigma': 2.478738270513256, 'noise_gpe_sigma': 36.45954708318374, 'noise_gpi_sigma': 72.50588777469659, 'g_stn_gpe_mult': 1.0339505037953265, 'g_gpe_stn_mult': 1.062375551701479, 'g_stn_gpi_mult': 0.7236330050563758, 'g_gpe_gpi_mult': 1.3398730217079582}. Best is trial 58 with value: 0.4620693404512859.
[I 2026-05-28 22:26:54,136] Trial 87 finished with value: 70.81865062679404 and parameters: {'ISTN': 136.57448034101748, 'I_gpe': 1.6546389275648585, 'I_gpi': 5.596138819712408, 'noise_stn_sigma': 3.939068256129386, 'noise_gpe_sigma': 47.07912754225002, 'noise_gpi_sigma': 60.00961375854934, 'g_stn_gpe_mult': 1.35564905143927, 'g_gpe_stn_mult': 1.1711571313093634, 'g_stn_gpi_mult': 0.822189871909913, 'g_gpe_gpi_mult': 1.559381261082207}. Best is trial 58 with value: 0.4620693404512859.
