[I 2026-05-28 22:41:23,529] Trial 440 finished with value: 8.579671248934892 and parameters: {'ISTN': 110.14784896327834, 'I_gpe': 2.546560862864654, 'I_gpi': 5.150445047073978, 'noise_stn_sigma': 3.859692668825661, 'noise_gpe_sigma': 40.062363194518205, 'noise_gpi_sigma': 77.50306738088156, 'g_stn_gpe_mult': 1.4060606672785048, 'g_gpe_stn_mult': 0.9245261334582079, 'g_stn_gpi_mult': 0.8645194513149527, 'g_gpe_gpi_mult': 1.6195190057289903}. Best is trial 102 with value: 0.29735011365907316.
[I 2026-05-28 22:41:24,533] Trial 441 finished with value: 106.0695443394664 and parameters: {'ISTN': 120.83753353455427, 'I_gpe': 3.2809206211843787, 'I_gpi': 4.047769170821008, 'noise_stn_sigma': 3.457406484130186, 'noise_gpe_sigma': 33.89601105179217, 'noise_gpi_sigma': 72.86522718172989, 'g_stn_gpe_mult': 1.2187496189026552, 'g_gpe_stn_mult': 0.9785164466969678, 'g_stn_gpi_mult': 0.8121788817362947, 'g_gpe_gpi_mult': 1.5458446615048511}. Best is trial 102 with value: 0.29735011365907316.
[I 2026-05-28 22:41:25,540] Trial 442 finished with value: 2.820246449024942 and parameters: {'ISTN': 119.67030448293411, 'I_gpe': 3.623086751197283, 'I_gpi': 4.5298844299799725, 'noise_stn_sigma': 3.3137197134640557, 'noise_gpe_sigma': 39.023508165055574, 'noise_gpi_sigma': 72.01411369565, 'g_stn_gpe_mult': 1.1408695184394366, 'g_gpe_stn_mult': 0.8247756625488016, 'g_stn_gpi_mult': 0.7181296809211419, 'g_gpe_gpi_mult': 1.4535973583467703}. Best is trial 102 with value: 0.29735011365907316.
[I 2026-05-28 22:41:26,550] Trial 443 finished with value: 11.890002541669292 and parameters: {'ISTN': 108.29637508636743, 'I_gpe': 2.712385718708786, 'I_gpi': 4.257420187776598, 'noise_stn_sigma': 3.034254607503435, 'noise_gpe_sigma': 47.51377188606821, 'noise_gpi_sigma': 69.58522876018822, 'g_stn_gpe_mult': 1.5459586093780178, 'g_gpe_stn_mult': 0.8270054639888296, 'g_stn_gpi_mult': 0.8820031517371334, 'g_gpe_gpi_mult': 1.5894556317648014}. Best is trial 102 with value: 0.29735011365907316.
[I 2026-05-28 22:41:27,558] Trial 444 finished with value: 4.882966498973641 and parameters: {'ISTN': 126.49044706675537, 'I_gpe': 4.2556476042065565, 'I_gpi': 4.251151923465439, 'noise_stn_sigma': 4.038154907476864, 'noise_gpe_sigma': 38.906735716522284, 'noise_gpi_sigma': 53.30872990912682, 'g_stn_gpe_mult': 1.3271526742571316, 'g_gpe_stn_mult': 0.7601872997872091, 'g_stn_gpi_mult': 0.7879574892828634, 'g_gpe_gpi_mult': 1.5016985763825368}. Best is trial 102 with value: 0.29735011365907316.
[I 2026-05-28 22:41:28,568] Trial 445 finished with value: 23.29834210905161 and parameters: {'ISTN': 111.26501798913151, 'I_gpe': 3.8155214396913077, 'I_gpi': 3.0254608638349163, 'noise_stn_sigma': 3.7425707310879197, 'noise_gpe_sigma': 38.49293297884565, 'noise_gpi_sigma': 66.55536516071967, 'g_stn_gpe_mult': 1.1185726535745957, 'g_gpe_stn_mult': 0.6091802911536813, 'g_stn_gpi_mult': 0.7547215797100011, 'g_gpe_gpi_mult': 1.6678395438574765}. Best is trial 102 with value: 0.29735011365907316.
[I 2026-05-28 22:41:29,576] Trial 446 finished with value: 0.5989329815972815 and parameters: {'ISTN': 135.2770288560858, 'I_gpe': 3.4392081283858866, 'I_gpi': 3.338717955718897, 'noise_stn_sigma': 3.594495810758695, 'noise_gpe_sigma': 35.61828737068204, 'noise_gpi_sigma': 63.71224996082245, 'g_stn_gpe_mult': 1.1438004588091792, 'g_gpe_stn_mult': 0.9322302096233774, 'g_stn_gpi_mult': 0.7411475487083212, 'g_gpe_gpi_mult': 1.4162317609632753}. Best is trial 102 with value: 0.29735011365907316.
[I 2026-05-28 22:41:30,586] Trial 447 finished with value: 43.67925440718702 and parameters: {'ISTN': 124.32673973826391, 'I_gpe': 3.245739219187378, 'I_gpi': 4.914298657815073, 'noise_stn_sigma': 3.6047248870364452, 'noise_gpe_sigma': 33.73529935170308, 'noise_gpi_sigma': 61.163485282994465, 'g_stn_gpe_mult': 1.1779447790109137, 'g_gpe_stn_mult': 0.7038468895530834, 'g_stn_gpi_mult': 0.9099626038191956, 'g_gpe_gpi_mult': 1.4714897033411822}. Best is trial 102 with value: 0.29735011365907316.
[I 2026-05-28 22:41:31,588] Trial 448 finished with value: 105.52424132608158 and parameters: {'ISTN': 130.95840802594915, 'I_gpe': 3.8466272218240336, 'I_gpi': 3.178791225988258, 'noise_stn_sigma': 3.5083648853430303, 'noise_gpe_sigma': 42.85027734361056, 'noise_gpi_sigma': 77.01282183650434, 'g_stn_gpe_mult': 1.0740157627132603, 'g_gpe_stn_mult': 0.989406503501014, 'g_stn_gpi_mult': 0.7617395213482614, 'g_gpe_gpi_mult': 1.515595647699144}. Best is trial 102 with value: 0.29735011365907316.
[I 2026-05-28 22:41:32,595] Trial 449 finished with value: 2.494146616872514 and parameters: {'ISTN': 129.0352927287352, 'I_gpe': 3.4215317907474043, 'I_gpi': 4.147539932064078, 'noise_stn_sigma': 3.447861738246772, 'noise_gpe_sigma': 37.87917952588031, 'noise_gpi_sigma': 62.665678123703096, 'g_stn_gpe_mult': 1.4119115213740634, 'g_gpe_stn_mult': 0.9203153034247862, 'g_stn_gpi_mult': 1.1146404710854634, 'g_gpe_gpi_mult': 1.4500165335919284}. Best is trial 102 with value: 0.29735011365907316.
[I 2026-05-28 22:41:33,602] Trial 450 finished with value: 4.408008315000233 and parameters: {'ISTN': 125.74391734941428, 'I_gpe': 3.4741262813779787, 'I_gpi': 4.460333713208415, 'noise_stn_sigma': 3.2812406788582043, 'noise_gpe_sigma': 37.511555885930036, 'noise_gpi_sigma': 74.50393109912639, 'g_stn_gpe_mult': 1.50879803211357, 'g_gpe_stn_mult': 0.9092631763579994, 'g_stn_gpi_mult': 0.8772711724081993, 'g_gpe_gpi_mult': 1.4956442422544707}. Best is trial 102 with value: 0.29735011365907316.
[I 2026-05-28 22:41:34,606] Trial 451 finished with value: 108.34680624230826 and parameters: {'ISTN': 123.88599424123221, 'I_gpe': 3.2637926501101666, 'I_gpi': 5.3013875375505215, 'noise_stn_sigma': 3.4852499993076265, 'noise_gpe_sigma': 31.760010193096246, 'noise_gpi_sigma': 71.3542886407237, 'g_stn_gpe_mult': 1.4086366935595838, 'g_gpe_stn_mult': 1.0386427239194753, 'g_stn_gpi_mult': 1.0404799647117542, 'g_gpe_gpi_mult': 1.6383865868283367}. Best is trial 102 with value: 0.29735011365907316.
[I 2026-05-28 22:41:35,615] Trial 452 finished with value: 1.6215678152911661 and parameters: {'ISTN': 139.55216373432268, 'I_gpe': 3.245462321289377, 'I_gpi': 3.8534960015398925, 'noise_stn_sigma': 3.505530683074695, 'noise_gpe_sigma': 37.19392528593235, 'noise_gpi_sigma': 68.25016228112929, 'g_stn_gpe_mult': 1.2471084974711515, 'g_gpe_stn_mult': 0.9900685047419784, 'g_stn_gpi_mult': 0.7582497371069558, 'g_gpe_gpi_mult': 1.5051364770819573}. Best is trial 102 with value: 0.29735011365907316.
[I 2026-05-28 22:41:36,617] Trial 453 finished with value: 106.09812729741479 and parameters: {'ISTN': 120.53810631091484, 'I_gpe': 4.3677171543264475, 'I_gpi': 3.680503671012407, 'noise_stn_sigma': 3.396136759199385, 'noise_gpe_sigma': 29.710219137410483, 'noise_gpi_sigma': 63.49251309061748, 'g_stn_gpe_mult': 1.1319561754533716, 'g_gpe_stn_mult': 0.8034654908905574, 'g_stn_gpi_mult': 0.7952400873391338, 'g_gpe_gpi_mult': 1.450105150232948}. Best is trial 102 with value: 0.29735011365907316.
[I 2026-05-28 22:41:37,627] Trial 454 finished with value: 25.75300028847362 and parameters: {'ISTN': 127.17511894179808, 'I_gpe': 3.549789390345941, 'I_gpi': 4.041691565295501, 'noise_stn_sigma': 2.9839203698052676, 'noise_gpe_sigma': 28.90575694080146, 'noise_gpi_sigma': 66.67935579407073, 'g_stn_gpe_mult': 1.2588353944091617, 'g_gpe_stn_mult': 0.7536557248364208, 'g_stn_gpi_mult': 0.9724014462353001, 'g_gpe_gpi_mult': 1.5537728739892942}. Best is trial 102 with value: 0.29735011365907316.
[I 2026-05-28 22:41:38,630] Trial 455 finished with value: 105.32736520887849 and parameters: {'ISTN': 133.8145387434459, 'I_gpe': 3.772468637091202, 'I_gpi': 2.6743801461778904, 'noise_stn_sigma': 3.166023654620519, 'noise_gpe_sigma': 41.60993408824831, 'noise_gpi_sigma': 68.01868978296633, 'g_stn_gpe_mult': 1.1706008497771585, 'g_gpe_stn_mult': 0.9863452394737269, 'g_stn_gpi_mult': 0.5297642440347845, 'g_gpe_gpi_mult': 1.3088067068554847}. Best is trial 102 with value: 0.29735011365907316.
[I 2026-05-28 22:41:39,639] Trial 456 finished with value: 1.151625700315599 and parameters: {'ISTN': 133.62421154367127, 'I_gpe': 3.5007692705420927, 'I_gpi': 3.8931177637631342, 'noise_stn_sigma': 3.5649284214938746, 'noise_gpe_sigma': 39.92127319503834, 'noise_gpi_sigma': 70.15339827664435, 'g_stn_gpe_mult': 1.4143827593662743, 'g_gpe_stn_mult': 0.9070167024885137, 'g_stn_gpi_mult': 1.0481369720838283, 'g_gpe_gpi_mult': 1.503134633228327}. Best is trial 102 with value: 0.29735011365907316.
[I 2026-05-28 22:41:40,642] Trial 457 finished with value: 105.72290443731245 and parameters: {'ISTN': 114.78068514270464, 'I_gpe': 2.914687018255745, 'I_gpi': 3.6505563461232837, 'noise_stn_sigma': 3.913492354892984, 'noise_gpe_sigma': 41.154234479886576, 'noise_gpi_sigma': 84.7744427520668, 'g_stn_gpe_mult': 1.1524557018493982, 'g_gpe_stn_mult': 1.0352514768968666, 'g_stn_gpi_mult': 0.7500063125306169, 'g_gpe_gpi_mult': 1.4876580259424934}. Best is trial 102 with value: 0.29735011365907316.
[I 2026-05-28 22:41:41,648] Trial 458 finished with value: 4.959309342497988 and parameters: {'ISTN': 122.61838445066098, 'I_gpe': 3.7247706264557294, 'I_gpi': 4.635897308722503, 'noise_stn_sigma': 3.7420061953374404, 'noise_gpe_sigma': 32.30719848679293, 'noise_gpi_sigma': 57.78349745727786, 'g_stn_gpe_mult': 1.4315375853249317, 'g_gpe_stn_mult': 0.8376734158048407, 'g_stn_gpi_mult': 0.915873761403321, 'g_gpe_gpi_mult': 1.3796732178310567}. Best is trial 102 with value: 0.29735011365907316.
[I 2026-05-28 22:41:42,598] Trial 459 finished with value: 1000000.0 and parameters: {'ISTN': 127.16931681082383, 'I_gpe': 3.4715159395595405, 'I_gpi': 3.2174684852046314, 'noise_stn_sigma': 3.1723587049588384, 'noise_gpe_sigma': 31.876573809908837, 'noise_gpi_sigma': 63.62619106917328, 'g_stn_gpe_mult': 1.2304257981417255, 'g_gpe_stn_mult': 0.7627105772203293, 'g_stn_gpi_mult': 0.7305797398695807, 'g_gpe_gpi_mult': 1.4326351792226422}. Best is trial 102 with value: 0.29735011365907316.
[I 2026-05-28 22:41:43,606] Trial 460 finished with value: 3.018441149543884 and parameters: {'ISTN': 130.55782699963092, 'I_gpe': 2.9610979048299373, 'I_gpi': 2.943614004293015, 'noise_stn_sigma': 3.4731504625386798, 'noise_gpe_sigma': 43.43344853565859, 'noise_gpi_sigma': 74.12354099247192, 'g_stn_gpe_mult': 1.0607026733949534, 'g_gpe_stn_mult': 1.092925007243514, 'g_stn_gpi_mult': 0.6838685848344157, 'g_gpe_gpi_mult': 1.3041729847222232}. Best is trial 102 with value: 0.29735011365907316.
[I 2026-05-28 22:41:44,613] Trial 461 finished with value: 5.382338532573421 and parameters: {'ISTN': 137.5735262621676, 'I_gpe': 3.085847396788186, 'I_gpi': 4.0486124916765425, 'noise_stn_sigma': 3.5931779824218433, 'noise_gpe_sigma': 40.173228401234965, 'noise_gpi_sigma': 72.00783423360153, 'g_stn_gpe_mult': 1.4266599762781027, 'g_gpe_stn_mult': 1.12358426926576, 'g_stn_gpi_mult': 1.0357954035224561, 'g_gpe_gpi_mult': 1.5512704555116992}. Best is trial 102 with value: 0.29735011365907316.
[I 2026-05-28 22:41:45,624] Trial 462 finished with value: 5.869164523532334 and parameters: {'ISTN': 135.14099421956212, 'I_gpe': 2.5872953620889767, 'I_gpi': 3.5650181189296304, 'noise_stn_sigma': 3.4064723990701546, 'noise_gpe_sigma': 44.823488785537045, 'noise_gpi_sigma': 65.78776786430888, 'g_stn_gpe_mult': 1.565237829325373, 'g_gpe_stn_mult': 1.1046742741048134, 'g_stn_gpi_mult': 0.8091084672597398, 'g_gpe_gpi_mult': 1.3980783764662066}. Best is trial 102 with value: 0.29735011365907316.
[I 2026-05-28 22:41:46,635] Trial 463 finished with value: 9.10276174582636 and parameters: {'ISTN': 130.88424163557065, 'I_gpe': 3.1640986218074323, 'I_gpi': 4.063285473643059, 'noise_stn_sigma': 3.0078961308835326, 'noise_gpe_sigma': 50.54469487659402, 'noise_gpi_sigma': 64.9839805129504, 'g_stn_gpe_mult': 1.4966282789582528, 'g_gpe_stn_mult': 0.9151213221970305, 'g_stn_gpi_mult': 1.0118563507853273, 'g_gpe_gpi_mult': 1.5250604537190664}. Best is trial 102 with value: 0.29735011365907316.
[I 2026-05-28 22:41:47,639] Trial 464 finished with value: 4.254991838140617 and parameters: {'ISTN': 144.1386797396698, 'I_gpe': 3.752115203962278, 'I_gpi': 4.333628692435758, 'noise_stn_sigma': 3.8690304770532884, 'noise_gpe_sigma': 37.79933233559849, 'noise_gpi_sigma': 61.722411296244715, 'g_stn_gpe_mult': 1.410414205736407, 'g_gpe_stn_mult': 0.9452155525123037, 'g_stn_gpi_mult': 0.8323641784340687, 'g_gpe_gpi_mult': 1.5402642934278148}. Best is trial 102 with value: 0.29735011365907316.
[I 2026-05-28 22:41:48,645] Trial 465 finished with value: 1.7461094581404628 and parameters: {'ISTN': 129.24488163341476, 'I_gpe': 3.5499177390346044, 'I_gpi': 4.33535324053669, 'noise_stn_sigma': 3.8343053021887017, 'noise_gpe_sigma': 27.207242486686, 'noise_gpi_sigma': 67.37593502041085, 'g_stn_gpe_mult': 1.2977425735089918, 'g_gpe_stn_mult': 0.8731025912064041, 'g_stn_gpi_mult': 0.8241873845514873, 'g_gpe_gpi_mult': 1.6371716536139502}. Best is trial 102 with value: 0.29735011365907316.
[I 2026-05-28 22:41:49,652] Trial 466 finished with value: 105.48517711418793 and parameters: {'ISTN': 140.91469701736867, 'I_gpe': 4.209051040840956, 'I_gpi': 2.889163829216673, 'noise_stn_sigma': 3.5764159310669976, 'noise_gpe_sigma': 39.178080842972356, 'noise_gpi_sigma': 65.07196612584815, 'g_stn_gpe_mult': 1.3179970553269573, 'g_gpe_stn_mult': 0.9373008635068384, 'g_stn_gpi_mult': 0.9404072979157, 'g_gpe_gpi_mult': 1.2954330460114762}. Best is trial 102 with value: 0.29735011365907316.
[I 2026-05-28 22:41:50,663] Trial 467 finished with value: 2.1447755449788155 and parameters: {'ISTN': 121.77667867562725, 'I_gpe': 2.9490610140240996, 'I_gpi': 4.530248588455194, 'noise_stn_sigma': 2.8448503399474396, 'noise_gpe_sigma': 37.879805001633216, 'noise_gpi_sigma': 79.17167723758043, 'g_stn_gpe_mult': 1.4041081332130556, 'g_gpe_stn_mult': 0.9594049279101932, 'g_stn_gpi_mult': 1.0364466299764756, 'g_gpe_gpi_mult': 1.5397816602975067}. Best is trial 102 with value: 0.29735011365907316.
[I 2026-05-28 22:41:51,666] Trial 468 finished with value: 105.37152143177723 and parameters: {'ISTN': 134.47484741328768, 'I_gpe': 3.719358572531394, 'I_gpi': 2.8146827139867012, 'noise_stn_sigma': 2.6380931060262074, 'noise_gpe_sigma': 35.85709927987009, 'noise_gpi_sigma': 70.20101273561349, 'g_stn_gpe_mult': 1.1848533327102317, 'g_gpe_stn_mult': 1.0546381307673853, 'g_stn_gpi_mult': 0.725416631485462, 'g_gpe_gpi_mult': 1.3526789434111484}. Best is trial 102 with value: 0.29735011365907316.
[I 2026-05-28 22:41:52,669] Trial 469 finished with value: 106.1526518794516 and parameters: {'ISTN': 115.9819744713133, 'I_gpe': 2.9039941009363037, 'I_gpi': 4.047109206192188, 'noise_stn_sigma': 3.0944867957171764, 'noise_gpe_sigma': 44.71299045761079, 'noise_gpi_sigma': 74.80452113458163, 'g_stn_gpe_mult': 1.4595898815984656, 'g_gpe_stn_mult': 1.058467219121325, 'g_stn_gpi_mult': 0.9914292699734178, 'g_gpe_gpi_mult': 1.3922406411826191}. Best is trial 102 with value: 0.29735011365907316.
[I 2026-05-28 22:41:53,674] Trial 470 finished with value: 2.573508377179501 and parameters: {'ISTN': 111.6166470217243, 'I_gpe': 2.7309456550866624, 'I_gpi': 4.139581454855087, 'noise_stn_sigma': 3.6317790846749594, 'noise_gpe_sigma': 32.35323308660132, 'noise_gpi_sigma': 74.27447278340853, 'g_stn_gpe_mult': 1.4769914561676583, 'g_gpe_stn_mult': 0.9776521632966276, 'g_stn_gpi_mult': 0.9807134756618239, 'g_gpe_gpi_mult': 1.5688504114407724}. Best is trial 102 with value: 0.29735011365907316.
[I 2026-05-28 22:41:54,676] Trial 471 finished with value: 106.3047735028781 and parameters: {'ISTN': 134.32955069029586, 'I_gpe': 4.17668190024546, 'I_gpi': 3.957199853025628, 'noise_stn_sigma': 3.8969777633064333, 'noise_gpe_sigma': 30.912871741065565, 'noise_gpi_sigma': 67.33622491750393, 'g_stn_gpe_mult': 1.3943413830649787, 'g_gpe_stn_mult': 0.8922339012498683, 'g_stn_gpi_mult': 0.9136181454518465, 'g_gpe_gpi_mult': 1.6130468364845778}. Best is trial 102 with value: 0.29735011365907316.
[I 2026-05-28 22:41:55,682] Trial 472 finished with value: 1.0293235396517748 and parameters: {'ISTN': 142.6284223902053, 'I_gpe': 3.713698904329348, 'I_gpi': 3.674580502965401, 'noise_stn_sigma': 3.7035181302714024, 'noise_gpe_sigma': 32.49913543111012, 'noise_gpi_sigma': 61.28977734644954, 'g_stn_gpe_mult': 1.1829140812158059, 'g_gpe_stn_mult': 0.9119599133234079, 'g_stn_gpi_mult': 0.8064315642680084, 'g_gpe_gpi_mult': 1.5388087013326104}. Best is trial 102 with value: 0.29735011365907316.
[I 2026-05-28 22:41:56,689] Trial 473 finished with value: 2.441328158549895 and parameters: {'ISTN': 117.77667726920508, 'I_gpe': 3.020018777045325, 'I_gpi': 3.751964807257383, 'noise_stn_sigma': 3.655717374087576, 'noise_gpe_sigma': 25.73654177331892, 'noise_gpi_sigma': 74.1349070215116, 'g_stn_gpe_mult': 1.2631561975252343, 'g_gpe_stn_mult': 0.9451269341427666, 'g_stn_gpi_mult': 0.9482914569196903, 'g_gpe_gpi_mult': 1.6515507820151536}. Best is trial 102 with value: 0.29735011365907316.
[I 2026-05-28 22:41:57,695] Trial 474 finished with value: 4.384709826428395 and parameters: {'ISTN': 123.07662247398662, 'I_gpe': 3.4019379436415194, 'I_gpi': 4.44191096639698, 'noise_stn_sigma': 3.4358876992838225, 'noise_gpe_sigma': 27.3318884650987, 'noise_gpi_sigma': 70.77849062395396, 'g_stn_gpe_mult': 1.3314915774450187, 'g_gpe_stn_mult': 0.8980713348584247, 'g_stn_gpi_mult': 0.8770117433458122, 'g_gpe_gpi_mult': 1.5641532232889177}. Best is trial 102 with value: 0.29735011365907316.
[I 2026-05-28 22:41:58,705] Trial 475 finished with value: 19.059824085432805 and parameters: {'ISTN': 109.3147551136364, 'I_gpe': 2.8801968854653337, 'I_gpi': 4.296053549318791, 'noise_stn_sigma': 3.4850813089547605, 'noise_gpe_sigma': 28.59930752615062, 'noise_gpi_sigma': 89.39398782789262, 'g_stn_gpe_mult': 1.417021997039428, 'g_gpe_stn_mult': 0.7543470093596566, 'g_stn_gpi_mult': 0.8301371293831294, 'g_gpe_gpi_mult': 1.6958702965972365}. Best is trial 102 with value: 0.29735011365907316.
[I 2026-05-28 22:41:59,710] Trial 476 finished with value: 105.41709184408833 and parameters: {'ISTN': 116.6176466186819, 'I_gpe': 3.848264657747563, 'I_gpi': 3.485059906262327, 'noise_stn_sigma': 3.764294374289597, 'noise_gpe_sigma': 29.41282360428209, 'noise_gpi_sigma': 73.50902832561363, 'g_stn_gpe_mult': 1.5067331808159952, 'g_gpe_stn_mult': 0.8258463822418128, 'g_stn_gpi_mult': 0.9651335621719382, 'g_gpe_gpi_mult': 1.7124343430176887}. Best is trial 102 with value: 0.29735011365907316.
[I 2026-05-28 22:42:00,719] Trial 477 finished with value: 8.231814778633394 and parameters: {'ISTN': 115.43324380688381, 'I_gpe': 3.253209914442945, 'I_gpi': 5.196971518388473, 'noise_stn_sigma': 3.5042881315407333, 'noise_gpe_sigma': 26.235822975623922, 'noise_gpi_sigma': 71.32077419820367, 'g_stn_gpe_mult': 1.4344755045890396, 'g_gpe_stn_mult': 0.796615052692504, 'g_stn_gpi_mult': 1.026162380092241, 'g_gpe_gpi_mult': 1.7168499213772386}. Best is trial 102 with value: 0.29735011365907316.
[I 2026-05-28 22:42:01,727] Trial 478 finished with value: 2.3382732385423886 and parameters: {'ISTN': 123.20806542564624, 'I_gpe': 3.0268419103287796, 'I_gpi': 4.378977411792659, 'noise_stn_sigma': 3.7926656499187037, 'noise_gpe_sigma': 27.032508314488673, 'noise_gpi_sigma': 65.12028270954656, 'g_stn_gpe_mult': 1.3175469701461182, 'g_gpe_stn_mult': 0.9618560581389044, 'g_stn_gpi_mult': 0.9045223279322441, 'g_gpe_gpi_mult': 1.5992699145305562}. Best is trial 102 with value: 0.29735011365907316.
[I 2026-05-28 22:42:02,739] Trial 479 finished with value: 35.160287941830646 and parameters: {'ISTN': 132.88255560769005, 'I_gpe': 2.3159384807611345, 'I_gpi': 5.16920356407705, 'noise_stn_sigma': 3.4363975842692778, 'noise_gpe_sigma': 35.81119773410673, 'noise_gpi_sigma': 81.35706093328197, 'g_stn_gpe_mult': 1.5605378644219319, 'g_gpe_stn_mult': 1.0275796224217673, 'g_stn_gpi_mult': 0.6177714357343359, 'g_gpe_gpi_mult': 1.3970690280832752}. Best is trial 102 with value: 0.29735011365907316.
[I 2026-05-28 22:42:03,741] Trial 480 finished with value: 105.4259127318534 and parameters: {'ISTN': 125.0520756886629, 'I_gpe': 3.3758145222974303, 'I_gpi': 3.3951620015165003, 'noise_stn_sigma': 3.4365202456158337, 'noise_gpe_sigma': 31.93142696184199, 'noise_gpi_sigma': 64.62276127159643, 'g_stn_gpe_mult': 1.401100566514416, 'g_gpe_stn_mult': 0.981826007426704, 'g_stn_gpi_mult': 0.6896360414988544, 'g_gpe_gpi_mult': 1.6022168613491585}. Best is trial 102 with value: 0.29735011365907316.
[I 2026-05-28 22:42:04,746] Trial 481 finished with value: 2.8588755516028304 and parameters: {'ISTN': 121.09092688863717, 'I_gpe': 2.9427559164659787, 'I_gpi': 3.909286824193851, 'noise_stn_sigma': 3.0477259716938803, 'noise_gpe_sigma': 35.495919429607014, 'noise_gpi_sigma': 68.42295163909539, 'g_stn_gpe_mult': 1.2687731454653617, 'g_gpe_stn_mult': 1.0090103488662288, 'g_stn_gpi_mult': 0.9691961410388359, 'g_gpe_gpi_mult': 1.5630954749563275}. Best is trial 102 with value: 0.29735011365907316.
[I 2026-05-28 22:42:05,750] Trial 482 finished with value: 106.29216580937224 and parameters: {'ISTN': 140.00725485120503, 'I_gpe': 4.119578746785681, 'I_gpi': 3.925333776488724, 'noise_stn_sigma': 3.695653843133209, 'noise_gpe_sigma': 20.32493187920758, 'noise_gpi_sigma': 62.01694026772572, 'g_stn_gpe_mult': 1.0697815771616395, 'g_gpe_stn_mult': 0.9657009908484765, 'g_stn_gpi_mult': 0.9682364430146502, 'g_gpe_gpi_mult': 1.5709140065681864}. Best is trial 102 with value: 0.29735011365907316.
[I 2026-05-28 22:42:06,758] Trial 483 finished with value: 1.808328726920403 and parameters: {'ISTN': 139.22345890594187, 'I_gpe': 3.196164487341629, 'I_gpi': 4.30608384005313, 'noise_stn_sigma': 3.5838446846280436, 'noise_gpe_sigma': 30.885746725584745, 'noise_gpi_sigma': 73.86967575852825, 'g_stn_gpe_mult': 1.2622416003574979, 'g_gpe_stn_mult': 0.9964722444466423, 'g_stn_gpi_mult': 0.6954018054493265, 'g_gpe_gpi_mult': 1.3715929908644122}. Best is trial 102 with value: 0.29735011365907316.
