[I 2026-05-28 22:44:47,242] Trial 132 finished with value: 10.4457593810278 and parameters: {'ISTN': 105.01019508987423, 'I_gpe': 1.2868782418906841, 'I_gpi': 2.439808937865931, 'noise_stn_sigma': 2.6010094777929917, 'noise_gpe_sigma': 14.394050689406132, 'noise_gpi_sigma': 19.53765577359961, 'g_stn_gpe_mult': 1.5066471118689984, 'g_gpe_stn_mult': 1.2874043287695498, 'g_stn_gpi_mult': 1.325405417097072, 'g_gpe_gpi_mult': 1.3723018286367774}. Best is trial 80 with value: 0.9098163370921998.
[I 2026-05-28 22:44:48,244] Trial 133 finished with value: 105.88413197310808 and parameters: {'ISTN': 150.06945026427766, 'I_gpe': 4.0365589428856845, 'I_gpi': 1.3225853214393246, 'noise_stn_sigma': 2.1328475441952044, 'noise_gpe_sigma': 20.352549782082995, 'noise_gpi_sigma': 28.950977972881535, 'g_stn_gpe_mult': 1.706128464555655, 'g_gpe_stn_mult': 1.4472136239263411, 'g_stn_gpi_mult': 1.3741950527936502, 'g_gpe_gpi_mult': 1.261494294125204}. Best is trial 80 with value: 0.9098163370921998.
[I 2026-05-28 22:44:49,250] Trial 134 finished with value: 23.946539558395614 and parameters: {'ISTN': 109.2511651898598, 'I_gpe': 1.3131757463972462, 'I_gpi': 2.5290431883334317, 'noise_stn_sigma': 1.658492049636544, 'noise_gpe_sigma': 31.645804726532077, 'noise_gpi_sigma': 20.383328278050968, 'g_stn_gpe_mult': 1.5660521546426913, 'g_gpe_stn_mult': 1.0602742611842584, 'g_stn_gpi_mult': 1.5104156954062802, 'g_gpe_gpi_mult': 1.4684638153153986}. Best is trial 80 with value: 0.9098163370921998.
[I 2026-05-28 22:44:50,256] Trial 135 finished with value: 41.6362183788307 and parameters: {'ISTN': 145.27662524382376, 'I_gpe': 2.2300307964214134, 'I_gpi': 3.3671948545824613, 'noise_stn_sigma': 1.3687944174324902, 'noise_gpe_sigma': 43.98048579083017, 'noise_gpi_sigma': 21.791063151965403, 'g_stn_gpe_mult': 1.3859177371786888, 'g_gpe_stn_mult': 1.1491091247456, 'g_stn_gpi_mult': 1.516082824806044, 'g_gpe_gpi_mult': 1.2182125609938346}. Best is trial 80 with value: 0.9098163370921998.
[I 2026-05-28 22:44:51,260] Trial 136 finished with value: 12.481693225918951 and parameters: {'ISTN': 95.40465367003135, 'I_gpe': 1.203387033548836, 'I_gpi': 2.5347950367569183, 'noise_stn_sigma': 2.12622530951451, 'noise_gpe_sigma': 25.856311292920736, 'noise_gpi_sigma': 17.075578269572944, 'g_stn_gpe_mult': 1.3969689458309784, 'g_gpe_stn_mult': 1.1330267992364618, 'g_stn_gpi_mult': 1.4872636152399572, 'g_gpe_gpi_mult': 1.3686520974293033}. Best is trial 80 with value: 0.9098163370921998.
[I 2026-05-28 22:44:52,259] Trial 137 finished with value: 105.79090796080054 and parameters: {'ISTN': 116.55758427555241, 'I_gpe': 2.349768007767568, 'I_gpi': 2.3502104578754124, 'noise_stn_sigma': 1.8858375003958314, 'noise_gpe_sigma': 16.279494557248515, 'noise_gpi_sigma': 22.610351416774066, 'g_stn_gpe_mult': 1.7905383527017724, 'g_gpe_stn_mult': 1.4390226429630064, 'g_stn_gpi_mult': 1.6623149334713865, 'g_gpe_gpi_mult': 1.3035313856898696}. Best is trial 80 with value: 0.9098163370921998.
[I 2026-05-28 22:44:53,261] Trial 138 finished with value: 1.5835846301612384 and parameters: {'ISTN': 138.30240846661715, 'I_gpe': 1.7299971395772973, 'I_gpi': 1.6593825606713097, 'noise_stn_sigma': 2.060930020264651, 'noise_gpe_sigma': 26.037443095931657, 'noise_gpi_sigma': 23.116858405937215, 'g_stn_gpe_mult': 1.609038963764172, 'g_gpe_stn_mult': 1.5270364349991372, 'g_stn_gpi_mult': 1.6960858109565482, 'g_gpe_gpi_mult': 1.0457978594387323}. Best is trial 80 with value: 0.9098163370921998.
[I 2026-05-28 22:44:54,259] Trial 139 finished with value: 106.20479204089564 and parameters: {'ISTN': 82.18501193422011, 'I_gpe': 1.7419795202316086, 'I_gpi': 1.929256762065166, 'noise_stn_sigma': 1.9978648350295813, 'noise_gpe_sigma': 23.875336441416017, 'noise_gpi_sigma': 12.066202404562791, 'g_stn_gpe_mult': 1.7335082324686133, 'g_gpe_stn_mult': 1.3771060475093544, 'g_stn_gpi_mult': 1.4985690502651412, 'g_gpe_gpi_mult': 1.2236989354449657}. Best is trial 80 with value: 0.9098163370921998.
[I 2026-05-28 22:44:55,261] Trial 140 finished with value: 1.890275619638588 and parameters: {'ISTN': 132.92122806264425, 'I_gpe': 2.3331918176394693, 'I_gpi': 2.0528493484778547, 'noise_stn_sigma': 1.7577266554447353, 'noise_gpe_sigma': 20.980771332277165, 'noise_gpi_sigma': 22.624398546871582, 'g_stn_gpe_mult': 1.7476135404102469, 'g_gpe_stn_mult': 1.1590575730946855, 'g_stn_gpi_mult': 1.551155668736229, 'g_gpe_gpi_mult': 1.3731512929154213}. Best is trial 80 with value: 0.9098163370921998.
[I 2026-05-28 22:44:56,267] Trial 141 finished with value: 9.853120521640744 and parameters: {'ISTN': 123.15416484379779, 'I_gpe': 1.441641600196455, 'I_gpi': 2.1830349942343346, 'noise_stn_sigma': 1.2577933563689792, 'noise_gpe_sigma': 22.40615312037764, 'noise_gpi_sigma': 15.905352186590187, 'g_stn_gpe_mult': 1.6012994474233035, 'g_gpe_stn_mult': 1.4315901103855129, 'g_stn_gpi_mult': 1.4382107769365402, 'g_gpe_gpi_mult': 1.0519838906165981}. Best is trial 80 with value: 0.9098163370921998.
[I 2026-05-28 22:44:57,211] Trial 142 finished with value: 1000000.0 and parameters: {'ISTN': 115.80324352444796, 'I_gpe': 1.3128213932144892, 'I_gpi': 2.7928444760218336, 'noise_stn_sigma': 1.4552052942425235, 'noise_gpe_sigma': 21.68608793869202, 'noise_gpi_sigma': 16.769486777626195, 'g_stn_gpe_mult': 1.5929308082673859, 'g_gpe_stn_mult': 1.5366140309869512, 'g_stn_gpi_mult': 1.5835148669048682, 'g_gpe_gpi_mult': 1.1312524947800957}. Best is trial 80 with value: 0.9098163370921998.
[I 2026-05-28 22:44:58,214] Trial 143 finished with value: 27.504191178083033 and parameters: {'ISTN': 125.5701988631298, 'I_gpe': 1.5300654070425603, 'I_gpi': 2.0282265003192945, 'noise_stn_sigma': 1.698592826499413, 'noise_gpe_sigma': 17.355160277641048, 'noise_gpi_sigma': 21.05250881030047, 'g_stn_gpe_mult': 1.85425166013994, 'g_gpe_stn_mult': 1.283220118690202, 'g_stn_gpi_mult': 1.205461144399772, 'g_gpe_gpi_mult': 1.031520252723725}. Best is trial 80 with value: 0.9098163370921998.
[I 2026-05-28 22:44:59,217] Trial 144 finished with value: 3.706393457542045 and parameters: {'ISTN': 133.1224659282371, 'I_gpe': 1.9700138795754227, 'I_gpi': 2.79741216489862, 'noise_stn_sigma': 1.5609707751070492, 'noise_gpe_sigma': 12.431483381882188, 'noise_gpi_sigma': 10.907185974462214, 'g_stn_gpe_mult': 1.4535633295800008, 'g_gpe_stn_mult': 1.3069318679699302, 'g_stn_gpi_mult': 1.8467742541257648, 'g_gpe_gpi_mult': 1.1236568486518461}. Best is trial 80 with value: 0.9098163370921998.
[I 2026-05-28 22:45:00,219] Trial 145 finished with value: 3.2507376458684205 and parameters: {'ISTN': 138.41833155207138, 'I_gpe': 2.005813545201762, 'I_gpi': 1.8686870238764888, 'noise_stn_sigma': 1.4870799022328656, 'noise_gpe_sigma': 25.33677578303258, 'noise_gpi_sigma': 42.74856880106814, 'g_stn_gpe_mult': 1.5393812664249353, 'g_gpe_stn_mult': 1.340001529577135, 'g_stn_gpi_mult': 1.5688353599078964, 'g_gpe_gpi_mult': 1.26413219029168}. Best is trial 80 with value: 0.9098163370921998.
[I 2026-05-28 22:45:01,221] Trial 146 finished with value: 1.32876748447507 and parameters: {'ISTN': 124.42886656008093, 'I_gpe': 1.5673636651306486, 'I_gpi': 2.11536040688436, 'noise_stn_sigma': 2.61730268919433, 'noise_gpe_sigma': 18.83771158576873, 'noise_gpi_sigma': 29.161483248003552, 'g_stn_gpe_mult': 1.6621309227957424, 'g_gpe_stn_mult': 1.5179209325256402, 'g_stn_gpi_mult': 1.6077729434153785, 'g_gpe_gpi_mult': 1.1033894106289313}. Best is trial 80 with value: 0.9098163370921998.
[I 2026-05-28 22:45:02,165] Trial 147 finished with value: 1000000.0 and parameters: {'ISTN': 138.47460079207463, 'I_gpe': 2.267319816949216, 'I_gpi': 2.398555647512732, 'noise_stn_sigma': 1.7462405430453147, 'noise_gpe_sigma': 22.06289830151742, 'noise_gpi_sigma': 35.239848006474084, 'g_stn_gpe_mult': 1.4656091327634053, 'g_gpe_stn_mult': 1.404965341831971, 'g_stn_gpi_mult': 1.6516495161714475, 'g_gpe_gpi_mult': 0.9242432654581525}. Best is trial 80 with value: 0.9098163370921998.
[I 2026-05-28 22:45:03,165] Trial 148 finished with value: 105.79845806259111 and parameters: {'ISTN': 129.3399581126368, 'I_gpe': 2.4897885130008914, 'I_gpi': 1.971287898885934, 'noise_stn_sigma': 2.8468725963528203, 'noise_gpe_sigma': 13.252735865706798, 'noise_gpi_sigma': 18.304440790199536, 'g_stn_gpe_mult': 1.7257037961262478, 'g_gpe_stn_mult': 1.4796532874928991, 'g_stn_gpi_mult': 1.4856369701914336, 'g_gpe_gpi_mult': 1.2813310547754861}. Best is trial 80 with value: 0.9098163370921998.
[I 2026-05-28 22:45:04,164] Trial 149 finished with value: 105.59192926249105 and parameters: {'ISTN': 95.53624678088114, 'I_gpe': 1.6054256284904687, 'I_gpi': 2.0689666782873433, 'noise_stn_sigma': 2.089464237943063, 'noise_gpe_sigma': 25.51305807844188, 'noise_gpi_sigma': 27.768122491048615, 'g_stn_gpe_mult': 1.6418291038785173, 'g_gpe_stn_mult': 1.3644382130836052, 'g_stn_gpi_mult': 1.569543540167539, 'g_gpe_gpi_mult': 1.116580841935371}. Best is trial 80 with value: 0.9098163370921998.
[I 2026-05-28 22:45:05,162] Trial 150 finished with value: 105.73498878679045 and parameters: {'ISTN': 139.65912479727103, 'I_gpe': 3.284997860124525, 'I_gpi': 1.4711371152774397, 'noise_stn_sigma': 1.8540841714656848, 'noise_gpe_sigma': 29.878073134418198, 'noise_gpi_sigma': 22.553439196894313, 'g_stn_gpe_mult': 1.4530961373081275, 'g_gpe_stn_mult': 1.4015643404243505, 'g_stn_gpi_mult': 1.5563060009896803, 'g_gpe_gpi_mult': 1.0188538492619554}. Best is trial 80 with value: 0.9098163370921998.
[I 2026-05-28 22:45:06,166] Trial 151 finished with value: 37.285944801627586 and parameters: {'ISTN': 133.7651878508484, 'I_gpe': 1.3956060416845242, 'I_gpi': 2.2321844309240655, 'noise_stn_sigma': 0.9760359674290056, 'noise_gpe_sigma': 16.990676248311736, 'noise_gpi_sigma': 31.039913224753104, 'g_stn_gpe_mult': 1.6439337619263192, 'g_gpe_stn_mult': 1.346840552339971, 'g_stn_gpi_mult': 1.4866416156178501, 'g_gpe_gpi_mult': 0.8799809848589032}. Best is trial 80 with value: 0.9098163370921998.
[I 2026-05-28 22:45:07,166] Trial 152 finished with value: 3.597142304404339 and parameters: {'ISTN': 133.8524602373006, 'I_gpe': 2.2050795469837556, 'I_gpi': 2.0840239382929227, 'noise_stn_sigma': 2.646071439140291, 'noise_gpe_sigma': 22.484447601506954, 'noise_gpi_sigma': 51.54660732188238, 'g_stn_gpe_mult': 1.6162556069322693, 'g_gpe_stn_mult': 1.358068867139617, 'g_stn_gpi_mult': 1.6668814855932002, 'g_gpe_gpi_mult': 0.9693782892246792}. Best is trial 80 with value: 0.9098163370921998.
[I 2026-05-28 22:45:08,172] Trial 153 finished with value: 17.56479768610415 and parameters: {'ISTN': 116.07517844847455, 'I_gpe': 1.106747198106814, 'I_gpi': 1.2288798781858623, 'noise_stn_sigma': 2.7674236013361595, 'noise_gpe_sigma': 14.647066163765892, 'noise_gpi_sigma': 24.846758558074065, 'g_stn_gpe_mult': 1.618174825796574, 'g_gpe_stn_mult': 1.4248374876308723, 'g_stn_gpi_mult': 1.7690240980676297, 'g_gpe_gpi_mult': 0.9333146099183505}. Best is trial 80 with value: 0.9098163370921998.
[I 2026-05-28 22:45:09,169] Trial 154 finished with value: 105.98552461092491 and parameters: {'ISTN': 128.76160131097623, 'I_gpe': 2.5875615928975577, 'I_gpi': 3.267469810138106, 'noise_stn_sigma': 2.5804946738922716, 'noise_gpe_sigma': 22.54700545050522, 'noise_gpi_sigma': 23.525373146924018, 'g_stn_gpe_mult': 1.9021197901760374, 'g_gpe_stn_mult': 1.3025918562900007, 'g_stn_gpi_mult': 1.4959277730113252, 'g_gpe_gpi_mult': 1.2917731404450525}. Best is trial 80 with value: 0.9098163370921998.
[I 2026-05-28 22:45:10,172] Trial 155 finished with value: 3.7093211533209245 and parameters: {'ISTN': 121.42641093353639, 'I_gpe': 1.5301120691522532, 'I_gpi': 2.529774165121962, 'noise_stn_sigma': 1.7452914489073363, 'noise_gpe_sigma': 19.50894832254513, 'noise_gpi_sigma': 40.43450601704417, 'g_stn_gpe_mult': 1.52323910880768, 'g_gpe_stn_mult': 1.434642778790181, 'g_stn_gpi_mult': 1.701425742798904, 'g_gpe_gpi_mult': 1.03519248715845}. Best is trial 80 with value: 0.9098163370921998.
[I 2026-05-28 22:45:11,179] Trial 156 finished with value: 58.90190166160497 and parameters: {'ISTN': 142.36662928961272, 'I_gpe': 1.428238864339415, 'I_gpi': 1.8369178055507183, 'noise_stn_sigma': 1.6269433925340644, 'noise_gpe_sigma': 23.476448270788485, 'noise_gpi_sigma': 21.402577944031094, 'g_stn_gpe_mult': 1.7136069505960607, 'g_gpe_stn_mult': 1.206364148479172, 'g_stn_gpi_mult': 1.6968612610154643, 'g_gpe_gpi_mult': 1.3730051166836386}. Best is trial 80 with value: 0.9098163370921998.
[I 2026-05-28 22:45:12,183] Trial 157 finished with value: 34.5242287876559 and parameters: {'ISTN': 131.30744215808863, 'I_gpe': 1.466453104352769, 'I_gpi': 3.151846421829646, 'noise_stn_sigma': 2.1834682908670215, 'noise_gpe_sigma': 22.381266198193977, 'noise_gpi_sigma': 31.80217838098035, 'g_stn_gpe_mult': 1.3646925008253992, 'g_gpe_stn_mult': 1.346420484260335, 'g_stn_gpi_mult': 1.6763007418365254, 'g_gpe_gpi_mult': 1.0940641518815126}. Best is trial 80 with value: 0.9098163370921998.
[I 2026-05-28 22:45:13,183] Trial 158 finished with value: 105.66681164052196 and parameters: {'ISTN': 126.8970779849426, 'I_gpe': 2.444411086030751, 'I_gpi': 2.5788545735883837, 'noise_stn_sigma': 1.8749996617278502, 'noise_gpe_sigma': 34.45679897219998, 'noise_gpi_sigma': 39.71341385313558, 'g_stn_gpe_mult': 1.563468371282855, 'g_gpe_stn_mult': 1.5282980225243366, 'g_stn_gpi_mult': 1.377563225858404, 'g_gpe_gpi_mult': 1.0116775205176027}. Best is trial 80 with value: 0.9098163370921998.
[I 2026-05-28 22:45:14,188] Trial 159 finished with value: 30.785690614047226 and parameters: {'ISTN': 136.03184812358666, 'I_gpe': 1.8967920779522764, 'I_gpi': 1.7380244850628412, 'noise_stn_sigma': 1.9944297538625344, 'noise_gpe_sigma': 15.025945660973132, 'noise_gpi_sigma': 17.089996827202746, 'g_stn_gpe_mult': 1.4705082229885629, 'g_gpe_stn_mult': 1.2196878663803992, 'g_stn_gpi_mult': 1.804289290677223, 'g_gpe_gpi_mult': 1.1574345738172314}. Best is trial 80 with value: 0.9098163370921998.
[I 2026-05-28 22:45:15,186] Trial 160 finished with value: 105.87740710483467 and parameters: {'ISTN': 126.87322642977269, 'I_gpe': 2.304828979430912, 'I_gpi': 2.8440606589669484, 'noise_stn_sigma': 1.9989200387513157, 'noise_gpe_sigma': 15.414306183291197, 'noise_gpi_sigma': 27.860826062290396, 'g_stn_gpe_mult': 1.493829107166726, 'g_gpe_stn_mult': 1.424308074988812, 'g_stn_gpi_mult': 1.8796359703288408, 'g_gpe_gpi_mult': 1.4724913788279546}. Best is trial 80 with value: 0.9098163370921998.
[I 2026-05-28 22:45:16,186] Trial 161 finished with value: 1.461928765362202 and parameters: {'ISTN': 148.77377947933576, 'I_gpe': 1.8633022426397838, 'I_gpi': 2.410962280138536, 'noise_stn_sigma': 1.6112596670897577, 'noise_gpe_sigma': 23.31338779032408, 'noise_gpi_sigma': 41.6355110234702, 'g_stn_gpe_mult': 1.6131773053324725, 'g_gpe_stn_mult': 1.6094191819172943, 'g_stn_gpi_mult': 1.7585103777776978, 'g_gpe_gpi_mult': 1.0482954862968954}. Best is trial 80 with value: 0.9098163370921998.
[I 2026-05-28 22:45:17,190] Trial 162 finished with value: 86.78995336733443 and parameters: {'ISTN': 148.5037862489349, 'I_gpe': 1.561545296002994, 'I_gpi': 3.320251795826175, 'noise_stn_sigma': 3.0888557083528783, 'noise_gpe_sigma': 33.43124608942995, 'noise_gpi_sigma': 61.01740968657524, 'g_stn_gpe_mult': 1.4174138482684935, 'g_gpe_stn_mult': 1.0554533130297228, 'g_stn_gpi_mult': 1.690962667143471, 'g_gpe_gpi_mult': 1.0681984223613328}. Best is trial 80 with value: 0.9098163370921998.
[I 2026-05-28 22:45:18,189] Trial 163 finished with value: 105.87460347949953 and parameters: {'ISTN': 113.11559558729574, 'I_gpe': 2.0212449565213135, 'I_gpi': 2.4776929411741895, 'noise_stn_sigma': 3.111850197103048, 'noise_gpe_sigma': 15.778810194074257, 'noise_gpi_sigma': 41.78105655525431, 'g_stn_gpe_mult': 1.5065373002141635, 'g_gpe_stn_mult': 1.3927694817673588, 'g_stn_gpi_mult': 1.8032844899325378, 'g_gpe_gpi_mult': 0.8767314416325586}. Best is trial 80 with value: 0.9098163370921998.
[I 2026-05-28 22:45:19,190] Trial 164 finished with value: 2.525907522847073 and parameters: {'ISTN': 140.753221301852, 'I_gpe': 1.9785623549226203, 'I_gpi': 1.9003436899120727, 'noise_stn_sigma': 2.794624172079487, 'noise_gpe_sigma': 18.86099871227395, 'noise_gpi_sigma': 38.58418404222595, 'g_stn_gpe_mult': 1.5831441817178782, 'g_gpe_stn_mult': 1.5006117927148077, 'g_stn_gpi_mult': 1.548749989533697, 'g_gpe_gpi_mult': 0.9868113017005242}. Best is trial 80 with value: 0.9098163370921998.
[I 2026-05-28 22:45:20,195] Trial 165 finished with value: 55.177007338566995 and parameters: {'ISTN': 136.04402381830874, 'I_gpe': 1.1504372750785432, 'I_gpi': 2.7372793130068485, 'noise_stn_sigma': 2.81590215670675, 'noise_gpe_sigma': 21.772472472379725, 'noise_gpi_sigma': 45.35530276697521, 'g_stn_gpe_mult': 1.6581968042844166, 'g_gpe_stn_mult': 1.2572001453350445, 'g_stn_gpi_mult': 1.651070035955841, 'g_gpe_gpi_mult': 0.7339025604216819}. Best is trial 80 with value: 0.9098163370921998.
[I 2026-05-28 22:45:21,197] Trial 166 finished with value: 2.9548209809029924 and parameters: {'ISTN': 127.88794522489566, 'I_gpe': 1.9879426325355825, 'I_gpi': 2.378811081005403, 'noise_stn_sigma': 2.0040939766350547, 'noise_gpe_sigma': 14.685640270897034, 'noise_gpi_sigma': 31.69361335424503, 'g_stn_gpe_mult': 1.469959581029098, 'g_gpe_stn_mult': 1.3884264695826483, 'g_stn_gpi_mult': 1.6221649310663881, 'g_gpe_gpi_mult': 0.865890518053669}. Best is trial 80 with value: 0.9098163370921998.
[I 2026-05-28 22:45:22,201] Trial 167 finished with value: 7.159401570944077 and parameters: {'ISTN': 129.67198141788768, 'I_gpe': 1.482168309335598, 'I_gpi': 2.014689903558608, 'noise_stn_sigma': 2.2356958165166567, 'noise_gpe_sigma': 15.36580788831128, 'noise_gpi_sigma': 48.11177239022927, 'g_stn_gpe_mult': 1.711734118329398, 'g_gpe_stn_mult': 1.5531251553880203, 'g_stn_gpi_mult': 1.6571256796928375, 'g_gpe_gpi_mult': 0.7956916343608106}. Best is trial 80 with value: 0.9098163370921998.
[I 2026-05-28 22:45:23,204] Trial 168 finished with value: 3.0663203515366737 and parameters: {'ISTN': 133.11368449250222, 'I_gpe': 1.4921777807870282, 'I_gpi': 1.970925639532604, 'noise_stn_sigma': 2.6141626524539383, 'noise_gpe_sigma': 16.375600093604987, 'noise_gpi_sigma': 51.189650529206844, 'g_stn_gpe_mult': 1.5904989123751014, 'g_gpe_stn_mult': 1.6122433327164543, 'g_stn_gpi_mult': 1.6438200311807014, 'g_gpe_gpi_mult': 0.8774386251549986}. Best is trial 80 with value: 0.9098163370921998.
[I 2026-05-28 22:45:24,148] Trial 169 finished with value: 1000000.0 and parameters: {'ISTN': 117.50960097979836, 'I_gpe': 1.4475331904834214, 'I_gpi': 1.669487450456623, 'noise_stn_sigma': 2.1181146616643494, 'noise_gpe_sigma': 14.955654688515757, 'noise_gpi_sigma': 24.767449641189756, 'g_stn_gpe_mult': 1.5427849243482397, 'g_gpe_stn_mult': 1.7243602823910147, 'g_stn_gpi_mult': 1.8087580091383284, 'g_gpe_gpi_mult': 1.1686252129423083}. Best is trial 80 with value: 0.9098163370921998.
[I 2026-05-28 22:45:25,149] Trial 170 finished with value: 106.07589161220484 and parameters: {'ISTN': 132.97069918683894, 'I_gpe': 2.6113891983723345, 'I_gpi': 1.3207043522481052, 'noise_stn_sigma': 2.1107704162839713, 'noise_gpe_sigma': 29.095910544867227, 'noise_gpi_sigma': 15.852292325622358, 'g_stn_gpe_mult': 1.7784924789032375, 'g_gpe_stn_mult': 1.3956993346221764, 'g_stn_gpi_mult': 1.615067568423635, 'g_gpe_gpi_mult': 1.0996218084298888}. Best is trial 80 with value: 0.9098163370921998.
[I 2026-05-28 22:45:26,155] Trial 171 finished with value: 14.078837468454621 and parameters: {'ISTN': 139.882692162246, 'I_gpe': 1.4711121298707952, 'I_gpi': 1.8220109222684513, 'noise_stn_sigma': 2.6549494665251476, 'noise_gpe_sigma': 30.964920179619657, 'noise_gpi_sigma': 36.756850135292794, 'g_stn_gpe_mult': 1.5943003670512537, 'g_gpe_stn_mult': 1.5452649650765768, 'g_stn_gpi_mult': 1.8294202545249711, 'g_gpe_gpi_mult': 0.9469356779712972}. Best is trial 80 with value: 0.9098163370921998.
[I 2026-05-28 22:45:27,154] Trial 172 finished with value: 105.4666668150406 and parameters: {'ISTN': 147.0768303064129, 'I_gpe': 3.20872998820583, 'I_gpi': 2.004632904513746, 'noise_stn_sigma': 2.426100010200888, 'noise_gpe_sigma': 18.993525847280573, 'noise_gpi_sigma': 43.37140518443561, 'g_stn_gpe_mult': 1.4694410473617294, 'g_gpe_stn_mult': 1.2879025388696572, 'g_stn_gpi_mult': 1.6300356621415055, 'g_gpe_gpi_mult': 0.9774142206533286}. Best is trial 80 with value: 0.9098163370921998.
[I 2026-05-28 22:45:28,153] Trial 173 finished with value: 106.11891810544695 and parameters: {'ISTN': 126.68826857595204, 'I_gpe': 2.1713912074918937, 'I_gpi': 1.466093274721403, 'noise_stn_sigma': 2.6121745792608353, 'noise_gpe_sigma': 11.14906311038742, 'noise_gpi_sigma': 46.48020752183073, 'g_stn_gpe_mult': 1.6268791259970246, 'g_gpe_stn_mult': 1.666453387606055, 'g_stn_gpi_mult': 1.6367373782157029, 'g_gpe_gpi_mult': 0.9697089779573882}. Best is trial 80 with value: 0.9098163370921998.
[I 2026-05-28 22:45:29,152] Trial 174 finished with value: 105.8491261444811 and parameters: {'ISTN': 128.89712249026658, 'I_gpe': 2.2615946406802867, 'I_gpi': 1.790199712596968, 'noise_stn_sigma': 2.564027339444467, 'noise_gpe_sigma': 29.30907816232582, 'noise_gpi_sigma': 46.78080046000858, 'g_stn_gpe_mult': 1.4246135958394235, 'g_gpe_stn_mult': 1.488504557408447, 'g_stn_gpi_mult': 1.4582311080219303, 'g_gpe_gpi_mult': 1.1400006280736783}. Best is trial 80 with value: 0.9098163370921998.
[I 2026-05-28 22:45:30,157] Trial 175 finished with value: 73.226839072066 and parameters: {'ISTN': 151.54143807606107, 'I_gpe': 1.198539887611014, 'I_gpi': 2.6456934932980314, 'noise_stn_sigma': 2.5481855018216195, 'noise_gpe_sigma': 14.782643845069128, 'noise_gpi_sigma': 31.15127180349083, 'g_stn_gpe_mult': 1.7908614512391463, 'g_gpe_stn_mult': 1.3858031584585377, 'g_stn_gpi_mult': 1.6095927095255231, 'g_gpe_gpi_mult': 0.7253753099212326}. Best is trial 80 with value: 0.9098163370921998.
