[I 2026-05-28 22:33:33,355] Trial 484 finished with value: 0.11012420102775534 and parameters: {'ISTN': 108.20877699485237, 'I_gpe': 3.317299566536445, 'I_gpi': 2.4987880874014787, 'noise_stn_sigma': 1.0069383334681052, 'noise_gpe_sigma': 80.69519600802207, 'noise_gpi_sigma': 70.63840035874797, 'g_stn_gpe_mult': 1.6956689372655898, 'g_gpe_stn_mult': 0.8181000860238438, 'g_stn_gpi_mult': 1.2115365275190202, 'g_gpe_gpi_mult': 0.9682592652376663}. Best is trial 484 with value: 0.11012420102775534.
[I 2026-05-28 22:33:34,364] Trial 485 finished with value: 0.594381289943227 and parameters: {'ISTN': 91.11564933918969, 'I_gpe': 2.5180909576039934, 'I_gpi': 2.9808764994570844, 'noise_stn_sigma': 0.9960649081646559, 'noise_gpe_sigma': 81.4889936006964, 'noise_gpi_sigma': 78.64966741542713, 'g_stn_gpe_mult': 1.9239847875230458, 'g_gpe_stn_mult': 0.8605446333816786, 'g_stn_gpi_mult': 1.2444620254958865, 'g_gpe_gpi_mult': 0.9602212560158697}. Best is trial 484 with value: 0.11012420102775534.
[I 2026-05-28 22:33:35,370] Trial 486 finished with value: 1.417395101750522 and parameters: {'ISTN': 98.4099977443341, 'I_gpe': 3.2176448942329, 'I_gpi': 2.9149890764268127, 'noise_stn_sigma': 1.1231199637544758, 'noise_gpe_sigma': 82.23127098043811, 'noise_gpi_sigma': 75.78164900930109, 'g_stn_gpe_mult': 1.818404718718328, 'g_gpe_stn_mult': 0.8138716137423152, 'g_stn_gpi_mult': 1.1236401372321783, 'g_gpe_gpi_mult': 1.0219229269095336}. Best is trial 484 with value: 0.11012420102775534.
[I 2026-05-28 22:33:36,379] Trial 487 finished with value: 1.6294347131914295 and parameters: {'ISTN': 114.32336479478434, 'I_gpe': 3.2602500088886233, 'I_gpi': 1.8738902300035325, 'noise_stn_sigma': 1.5343049534210196, 'noise_gpe_sigma': 90.35675185518677, 'noise_gpi_sigma': 79.9834812648686, 'g_stn_gpe_mult': 1.5435978714890517, 'g_gpe_stn_mult': 0.8390893492591001, 'g_stn_gpi_mult': 1.3052673219237114, 'g_gpe_gpi_mult': 0.8288387065228027}. Best is trial 484 with value: 0.11012420102775534.
[I 2026-05-28 22:33:37,389] Trial 488 finished with value: 0.5610994023882545 and parameters: {'ISTN': 100.69108448557984, 'I_gpe': 2.786479601362979, 'I_gpi': 2.244747841296271, 'noise_stn_sigma': 1.1566811057605133, 'noise_gpe_sigma': 86.35952099729143, 'noise_gpi_sigma': 70.0293766259986, 'g_stn_gpe_mult': 1.596491461095492, 'g_gpe_stn_mult': 0.920168793459783, 'g_stn_gpi_mult': 1.2154860665402927, 'g_gpe_gpi_mult': 0.9430603446313057}. Best is trial 484 with value: 0.11012420102775534.
[I 2026-05-28 22:33:38,400] Trial 489 finished with value: 1.1771844555960709 and parameters: {'ISTN': 103.84413682542501, 'I_gpe': 2.930824232033925, 'I_gpi': 2.456952235945014, 'noise_stn_sigma': 0.7000395389962552, 'noise_gpe_sigma': 93.41419478629933, 'noise_gpi_sigma': 78.90425086207436, 'g_stn_gpe_mult': 1.777855306538016, 'g_gpe_stn_mult': 0.8476986070275274, 'g_stn_gpi_mult': 1.0465325820417615, 'g_gpe_gpi_mult': 0.897539922111639}. Best is trial 484 with value: 0.11012420102775534.
[I 2026-05-28 22:33:39,408] Trial 490 finished with value: 8.613307991828421 and parameters: {'ISTN': 95.62117104016158, 'I_gpe': 2.3921828536200866, 'I_gpi': 2.1718235248972104, 'noise_stn_sigma': 1.000912314121556, 'noise_gpe_sigma': 77.1297508038492, 'noise_gpi_sigma': 74.2561631192654, 'g_stn_gpe_mult': 1.7546373514870246, 'g_gpe_stn_mult': 0.7890740193343398, 'g_stn_gpi_mult': 1.1440256405132223, 'g_gpe_gpi_mult': 0.981140408377317}. Best is trial 484 with value: 0.11012420102775534.
[I 2026-05-28 22:33:40,416] Trial 491 finished with value: 0.3120568472201564 and parameters: {'ISTN': 92.21355029205273, 'I_gpe': 3.1175246851798186, 'I_gpi': 2.971332573947325, 'noise_stn_sigma': 0.7416785528846785, 'noise_gpe_sigma': 83.31484277860204, 'noise_gpi_sigma': 67.95956412037594, 'g_stn_gpe_mult': 1.7749498190924988, 'g_gpe_stn_mult': 0.7592326903316476, 'g_stn_gpi_mult': 1.2657455828997246, 'g_gpe_gpi_mult': 0.9306400980462465}. Best is trial 484 with value: 0.11012420102775534.
[I 2026-05-28 22:33:41,417] Trial 492 finished with value: 3.7385438631998777 and parameters: {'ISTN': 107.68447510000017, 'I_gpe': 3.5881312284218856, 'I_gpi': 2.2553203665624513, 'noise_stn_sigma': 1.1258212212353609, 'noise_gpe_sigma': 81.84542936227552, 'noise_gpi_sigma': 80.7134193999193, 'g_stn_gpe_mult': 1.651436033905483, 'g_gpe_stn_mult': 0.8237910310682843, 'g_stn_gpi_mult': 1.2090503719332477, 'g_gpe_gpi_mult': 0.8914730670662026}. Best is trial 484 with value: 0.11012420102775534.
[I 2026-05-28 22:33:42,424] Trial 493 finished with value: 1.5513420742683035 and parameters: {'ISTN': 88.82605535178818, 'I_gpe': 3.384058262489462, 'I_gpi': 2.684316216005883, 'noise_stn_sigma': 1.1111450587613456, 'noise_gpe_sigma': 93.51226241049704, 'noise_gpi_sigma': 71.7778326845135, 'g_stn_gpe_mult': 1.7392994920931857, 'g_gpe_stn_mult': 0.7253765174502607, 'g_stn_gpi_mult': 1.2324245171785262, 'g_gpe_gpi_mult': 0.9245591633008944}. Best is trial 484 with value: 0.11012420102775534.
[I 2026-05-28 22:33:43,431] Trial 494 finished with value: 0.2162686928297387 and parameters: {'ISTN': 99.86521948174239, 'I_gpe': 3.2165311686011067, 'I_gpi': 1.6644317034903957, 'noise_stn_sigma': 1.2114915870212544, 'noise_gpe_sigma': 91.90710272123566, 'noise_gpi_sigma': 58.64036153838022, 'g_stn_gpe_mult': 1.5531250296981118, 'g_gpe_stn_mult': 0.792170529822184, 'g_stn_gpi_mult': 1.471474259879526, 'g_gpe_gpi_mult': 0.8093113803892357}. Best is trial 484 with value: 0.11012420102775534.
[I 2026-05-28 22:33:44,437] Trial 495 finished with value: 3.1954270352390832 and parameters: {'ISTN': 90.66658516149803, 'I_gpe': 2.7184022856228944, 'I_gpi': 2.594564729771463, 'noise_stn_sigma': 1.4052539502759125, 'noise_gpe_sigma': 89.147030689754, 'noise_gpi_sigma': 67.41655359796685, 'g_stn_gpe_mult': 1.7462645599897553, 'g_gpe_stn_mult': 0.9109369109866541, 'g_stn_gpi_mult': 1.2626864720473794, 'g_gpe_gpi_mult': 1.024278142210934}. Best is trial 484 with value: 0.11012420102775534.
[I 2026-05-28 22:33:45,445] Trial 496 finished with value: 0.7729323419903077 and parameters: {'ISTN': 107.6713994053749, 'I_gpe': 2.9813725171450285, 'I_gpi': 1.6729467651866852, 'noise_stn_sigma': 0.6062714952378656, 'noise_gpe_sigma': 85.24067845036207, 'noise_gpi_sigma': 66.38748866694034, 'g_stn_gpe_mult': 1.6867764205474975, 'g_gpe_stn_mult': 0.9220932534132831, 'g_stn_gpi_mult': 1.3386918785454844, 'g_gpe_gpi_mult': 0.8777362199303688}. Best is trial 484 with value: 0.11012420102775534.
[I 2026-05-28 22:33:46,453] Trial 497 finished with value: 0.43591030411136583 and parameters: {'ISTN': 110.1085923643839, 'I_gpe': 2.7412018032820336, 'I_gpi': 1.9229029647967355, 'noise_stn_sigma': 0.853179704908922, 'noise_gpe_sigma': 73.63960896771097, 'noise_gpi_sigma': 72.92600651349107, 'g_stn_gpe_mult': 1.7815679198482142, 'g_gpe_stn_mult': 0.9858891347356518, 'g_stn_gpi_mult': 1.183530791467434, 'g_gpe_gpi_mult': 1.149205677534396}. Best is trial 484 with value: 0.11012420102775534.
[I 2026-05-28 22:33:47,460] Trial 498 finished with value: 1.0712005690863713 and parameters: {'ISTN': 95.06001475477287, 'I_gpe': 2.9861268272152843, 'I_gpi': 2.6802035490149354, 'noise_stn_sigma': 1.0027741552552607, 'noise_gpe_sigma': 81.53973366300268, 'noise_gpi_sigma': 76.52396431820213, 'g_stn_gpe_mult': 1.7629186463446345, 'g_gpe_stn_mult': 0.8395271115172521, 'g_stn_gpi_mult': 1.1359413599778394, 'g_gpe_gpi_mult': 1.0114525284356217}. Best is trial 484 with value: 0.11012420102775534.
[I 2026-05-28 22:33:48,468] Trial 499 finished with value: 0.2478226691953238 and parameters: {'ISTN': 101.91649573070839, 'I_gpe': 2.683636643501708, 'I_gpi': 2.385186946297593, 'noise_stn_sigma': 1.479839367289039, 'noise_gpe_sigma': 81.75633052675654, 'noise_gpi_sigma': 72.69870727669553, 'g_stn_gpe_mult': 1.7075666343048046, 'g_gpe_stn_mult': 0.92719634105798, 'g_stn_gpi_mult': 1.2648789109913492, 'g_gpe_gpi_mult': 1.0372669259565224}. Best is trial 484 with value: 0.11012420102775534.
JAX devices: [CudaDevice(id=0)]

Building 450-neuron HH network...
Warming up JIT...
JIT ready!

============================================================
HH Network Optimization - Healthy State (10 params)
============================================================
Network: 100/200/150 neurons
Targets: STN=20.0Hz, GPe=70.0Hz, GPi=80.0Hz
         Beta_GPe < 5% (penalty weight=15.0x)
============================================================

============================================================
OPTIMIZATION COMPLETE
============================================================
Time: 8.4 minutes (1008ms/trial)
Best score: 0.1101

Best intrinsic parameters:
  ISTN: 108.209
  I_gpe: 3.317
  I_gpi: 2.499
  noise_stn_sigma: 1.007
  noise_gpe_sigma: 80.695
  noise_gpi_sigma: 70.638

Best synaptic multipliers:
  g_stn_gpe_mult: 1.696
  g_gpe_stn_mult: 0.818
  g_stn_gpi_mult: 1.212
  g_gpe_gpi_mult: 0.968

Best metrics:
  STN: 20.2 Hz (target: 20.0)
  GPe: 65.7 Hz (target: 70.0)
  GPi: 85.7 Hz (target: 80.0)
  STN CV: 0.22 (target: 0.4)
  GPe CV: 0.23 (target: 0.35)
  GPi CV: 0.19 (target: 0.2)

  GPe Beta: 1.5% (target: <5%)
  STN Beta: 4.3%

Results saved to results/sensitivity2/healthy_seeds/healthy_seed1.pkl
