[I 2026-05-28 22:54:47,371] Trial 220 finished with value: 1.3358443255902195 and parameters: {'ISTN': 142.96765768897677, 'I_gpe': 2.4740489843080207, 'I_gpi': 2.6644397367730974, 'noise_stn_sigma': 3.1180011373186733, 'noise_gpe_sigma': 53.09528970196309, 'noise_gpi_sigma': 50.93122132589748, 'g_stn_gpe_mult': 1.7232731186929637, 'g_gpe_stn_mult': 1.3150138017211856, 'g_stn_gpi_mult': 1.3985325399229491, 'g_gpe_gpi_mult': 0.7214724296852322}. Best is trial 198 with value: 0.17123825394474032.
[I 2026-05-28 22:54:48,377] Trial 221 finished with value: 30.428479897296146 and parameters: {'ISTN': 127.59305148654565, 'I_gpe': 2.960696477298909, 'I_gpi': 1.7395067480112645, 'noise_stn_sigma': 3.0721907936768456, 'noise_gpe_sigma': 56.53460504357043, 'noise_gpi_sigma': 44.40677824077127, 'g_stn_gpe_mult': 1.5868139947115134, 'g_gpe_stn_mult': 0.8313049289414878, 'g_stn_gpi_mult': 1.521168598209123, 'g_gpe_gpi_mult': 0.5566159671498594}. Best is trial 198 with value: 0.17123825394474032.
[I 2026-05-28 22:54:49,384] Trial 222 finished with value: 9.499190016220014 and parameters: {'ISTN': 142.57600847894528, 'I_gpe': 2.2325537414927896, 'I_gpi': 3.542703689133623, 'noise_stn_sigma': 2.872508605855267, 'noise_gpe_sigma': 36.6855708273548, 'noise_gpi_sigma': 47.07918077382032, 'g_stn_gpe_mult': 1.608915058706859, 'g_gpe_stn_mult': 1.2543206020228364, 'g_stn_gpi_mult': 1.3778155700086685, 'g_gpe_gpi_mult': 0.6212164863670969}. Best is trial 198 with value: 0.17123825394474032.
[I 2026-05-28 22:54:50,391] Trial 223 finished with value: 86.28700552735928 and parameters: {'ISTN': 148.43198282325622, 'I_gpe': 2.1814165712817664, 'I_gpi': 4.4790058127931145, 'noise_stn_sigma': 2.298697114500527, 'noise_gpe_sigma': 61.98468702909186, 'noise_gpi_sigma': 43.87266725834119, 'g_stn_gpe_mult': 1.850185777661171, 'g_gpe_stn_mult': 0.8979877353315002, 'g_stn_gpi_mult': 1.6530742766287252, 'g_gpe_gpi_mult': 0.7779680174773241}. Best is trial 198 with value: 0.17123825394474032.
[I 2026-05-28 22:54:51,399] Trial 224 finished with value: 19.43952973238089 and parameters: {'ISTN': 139.55069022239098, 'I_gpe': 3.280358886898283, 'I_gpi': 2.693094572904214, 'noise_stn_sigma': 4.099140837010278, 'noise_gpe_sigma': 46.31402708071029, 'noise_gpi_sigma': 55.221660324183674, 'g_stn_gpe_mult': 1.6198792646969284, 'g_gpe_stn_mult': 0.9001082489241639, 'g_stn_gpi_mult': 1.618802579961935, 'g_gpe_gpi_mult': 0.6757916687020891}. Best is trial 198 with value: 0.17123825394474032.
[I 2026-05-28 22:54:52,404] Trial 225 finished with value: 0.346553381324031 and parameters: {'ISTN': 127.72587114038087, 'I_gpe': 3.6897006118064604, 'I_gpi': 2.6345399696557354, 'noise_stn_sigma': 3.396797885109116, 'noise_gpe_sigma': 58.223213222416256, 'noise_gpi_sigma': 62.75952475576637, 'g_stn_gpe_mult': 1.841939405586945, 'g_gpe_stn_mult': 0.8351075485867356, 'g_stn_gpi_mult': 1.4248865593749254, 'g_gpe_gpi_mult': 0.9665763645824539}. Best is trial 198 with value: 0.17123825394474032.
[I 2026-05-28 22:54:53,407] Trial 226 finished with value: 2.1779682036741357 and parameters: {'ISTN': 98.67962143463373, 'I_gpe': 3.4412309716391323, 'I_gpi': 2.3418890181036236, 'noise_stn_sigma': 3.7080533599632233, 'noise_gpe_sigma': 66.9497676621715, 'noise_gpi_sigma': 50.458053462128134, 'g_stn_gpe_mult': 1.859515900626464, 'g_gpe_stn_mult': 0.7804793434467154, 'g_stn_gpi_mult': 1.7293167713565123, 'g_gpe_gpi_mult': 1.0740287559966788}. Best is trial 198 with value: 0.17123825394474032.
[I 2026-05-28 22:54:54,412] Trial 227 finished with value: 0.9939233407107809 and parameters: {'ISTN': 96.9543447499672, 'I_gpe': 2.5327402790736366, 'I_gpi': 2.1963459785275905, 'noise_stn_sigma': 2.8566681689306312, 'noise_gpe_sigma': 28.760418476252067, 'noise_gpi_sigma': 58.941411305468975, 'g_stn_gpe_mult': 1.8226309400509684, 'g_gpe_stn_mult': 0.9100441178665959, 'g_stn_gpi_mult': 1.6758997594203329, 'g_gpe_gpi_mult': 0.7338018483362545}. Best is trial 198 with value: 0.17123825394474032.
[I 2026-05-28 22:54:55,417] Trial 228 finished with value: 1.7829169184856997 and parameters: {'ISTN': 120.91173549492166, 'I_gpe': 1.943988772982541, 'I_gpi': 2.868577145082445, 'noise_stn_sigma': 3.175261126022078, 'noise_gpe_sigma': 57.29699820081907, 'noise_gpi_sigma': 72.90133233656358, 'g_stn_gpe_mult': 1.943642168914368, 'g_gpe_stn_mult': 1.2621169605738656, 'g_stn_gpi_mult': 1.7160337661869398, 'g_gpe_gpi_mult': 0.6978841418882769}. Best is trial 198 with value: 0.17123825394474032.
[I 2026-05-28 22:54:56,422] Trial 229 finished with value: 4.032556260641356 and parameters: {'ISTN': 148.15070987366664, 'I_gpe': 2.071406863092574, 'I_gpi': 2.863664435947051, 'noise_stn_sigma': 3.4113118245940157, 'noise_gpe_sigma': 59.89928919864846, 'noise_gpi_sigma': 50.13876123026116, 'g_stn_gpe_mult': 1.5783253562225985, 'g_gpe_stn_mult': 1.4308769432951645, 'g_stn_gpi_mult': 1.6024845074739444, 'g_gpe_gpi_mult': 0.6484370129429702}. Best is trial 198 with value: 0.17123825394474032.
[I 2026-05-28 22:54:57,423] Trial 230 finished with value: 105.26430268126506 and parameters: {'ISTN': 131.4009275268811, 'I_gpe': 3.4689735157344397, 'I_gpi': 2.5489481599828956, 'noise_stn_sigma': 3.236508558894406, 'noise_gpe_sigma': 72.28568545722237, 'noise_gpi_sigma': 91.67456004404467, 'g_stn_gpe_mult': 1.8439842272053204, 'g_gpe_stn_mult': 1.208508468870749, 'g_stn_gpi_mult': 1.5839128602102663, 'g_gpe_gpi_mult': 0.689396179342471}. Best is trial 198 with value: 0.17123825394474032.
[I 2026-05-28 22:54:58,425] Trial 231 finished with value: 105.46589558191774 and parameters: {'ISTN': 109.77804472871209, 'I_gpe': 3.9659817055385034, 'I_gpi': 3.0959369659966, 'noise_stn_sigma': 2.216914966965768, 'noise_gpe_sigma': 60.4437834772533, 'noise_gpi_sigma': 57.06824912189622, 'g_stn_gpe_mult': 1.8717490891684907, 'g_gpe_stn_mult': 0.810876309347496, 'g_stn_gpi_mult': 1.750088385488261, 'g_gpe_gpi_mult': 0.8373683491220492}. Best is trial 198 with value: 0.17123825394474032.
[I 2026-05-28 22:54:59,428] Trial 232 finished with value: 2.18884464979605 and parameters: {'ISTN': 116.71398026607312, 'I_gpe': 2.6459633240338487, 'I_gpi': 2.8466155689845065, 'noise_stn_sigma': 2.9338244984435065, 'noise_gpe_sigma': 46.238182329706426, 'noise_gpi_sigma': 65.48578283855866, 'g_stn_gpe_mult': 1.9184068532461354, 'g_gpe_stn_mult': 1.0651698186906586, 'g_stn_gpi_mult': 1.8148207770450075, 'g_gpe_gpi_mult': 0.92330493858169}. Best is trial 198 with value: 0.17123825394474032.
[I 2026-05-28 22:55:00,435] Trial 233 finished with value: 15.740425185558626 and parameters: {'ISTN': 117.54006114967433, 'I_gpe': 2.9832806074140388, 'I_gpi': 3.5428561301710695, 'noise_stn_sigma': 4.4573263481030505, 'noise_gpe_sigma': 45.89759559126988, 'noise_gpi_sigma': 54.31477416235051, 'g_stn_gpe_mult': 1.8471945129507787, 'g_gpe_stn_mult': 0.8214759617930427, 'g_stn_gpi_mult': 1.752719980369675, 'g_gpe_gpi_mult': 0.8189267334803457}. Best is trial 198 with value: 0.17123825394474032.
[I 2026-05-28 22:55:01,441] Trial 234 finished with value: 46.74116500838351 and parameters: {'ISTN': 125.11876278344177, 'I_gpe': 2.920069562547477, 'I_gpi': 2.5904766321682615, 'noise_stn_sigma': 3.2192378069245478, 'noise_gpe_sigma': 44.22148795728708, 'noise_gpi_sigma': 69.18863268021144, 'g_stn_gpe_mult': 1.802149364786422, 'g_gpe_stn_mult': 0.6811911271393304, 'g_stn_gpi_mult': 1.6533421607789434, 'g_gpe_gpi_mult': 1.0798848497921827}. Best is trial 198 with value: 0.17123825394474032.
[I 2026-05-28 22:55:02,448] Trial 235 finished with value: 8.614561785180198 and parameters: {'ISTN': 99.56181021786593, 'I_gpe': 2.487389747678739, 'I_gpi': 4.191626550210076, 'noise_stn_sigma': 3.324800728030693, 'noise_gpe_sigma': 60.82237779270305, 'noise_gpi_sigma': 56.61691949395534, 'g_stn_gpe_mult': 1.64068302916229, 'g_gpe_stn_mult': 0.8339732098220376, 'g_stn_gpi_mult': 1.4952733063588732, 'g_gpe_gpi_mult': 0.8562027138954479}. Best is trial 198 with value: 0.17123825394474032.
[I 2026-05-28 22:55:03,450] Trial 236 finished with value: 105.3824484163883 and parameters: {'ISTN': 122.31564592088864, 'I_gpe': 3.655960745057014, 'I_gpi': 1.8850312354834076, 'noise_stn_sigma': 3.2653220171458215, 'noise_gpe_sigma': 48.258906652489685, 'noise_gpi_sigma': 55.55408358369027, 'g_stn_gpe_mult': 1.9860264149512687, 'g_gpe_stn_mult': 1.0576014393325839, 'g_stn_gpi_mult': 1.3496189512784524, 'g_gpe_gpi_mult': 0.9872258198140413}. Best is trial 198 with value: 0.17123825394474032.
[I 2026-05-28 22:55:04,397] Trial 237 finished with value: 1000000.0 and parameters: {'ISTN': 107.90949405366658, 'I_gpe': 3.0000748174407517, 'I_gpi': 2.058793771099069, 'noise_stn_sigma': 2.7205965833475445, 'noise_gpe_sigma': 62.051566844980854, 'noise_gpi_sigma': 70.6319370383723, 'g_stn_gpe_mult': 1.9654109008620955, 'g_gpe_stn_mult': 1.1338991818229267, 'g_stn_gpi_mult': 1.437794374822421, 'g_gpe_gpi_mult': 0.9116795841270415}. Best is trial 198 with value: 0.17123825394474032.
[I 2026-05-28 22:55:05,400] Trial 238 finished with value: 105.36381553043563 and parameters: {'ISTN': 132.68517898862626, 'I_gpe': 3.6262633698659337, 'I_gpi': 2.8428864927834554, 'noise_stn_sigma': 2.6938743594475616, 'noise_gpe_sigma': 48.959684611854144, 'noise_gpi_sigma': 68.42599198788655, 'g_stn_gpe_mult': 1.7291863711588626, 'g_gpe_stn_mult': 1.1325241705176365, 'g_stn_gpi_mult': 1.6510851759614562, 'g_gpe_gpi_mult': 0.8719641012005493}. Best is trial 198 with value: 0.17123825394474032.
[I 2026-05-28 22:55:06,402] Trial 239 finished with value: 105.55056523090258 and parameters: {'ISTN': 133.2414233027219, 'I_gpe': 4.614207023481355, 'I_gpi': 2.174753461593215, 'noise_stn_sigma': 3.491075105564122, 'noise_gpe_sigma': 49.81691567870756, 'noise_gpi_sigma': 71.61557278655056, 'g_stn_gpe_mult': 1.8358224410255377, 'g_gpe_stn_mult': 0.8483793591378539, 'g_stn_gpi_mult': 1.4120690895576298, 'g_gpe_gpi_mult': 0.9490736892146768}. Best is trial 198 with value: 0.17123825394474032.
[I 2026-05-28 22:55:07,402] Trial 240 finished with value: 105.3714176455732 and parameters: {'ISTN': 106.58457794076817, 'I_gpe': 3.5712563916961075, 'I_gpi': 2.8734849225607326, 'noise_stn_sigma': 3.4767751535611793, 'noise_gpe_sigma': 49.261915738724625, 'noise_gpi_sigma': 72.23528311691278, 'g_stn_gpe_mult': 1.9725956772043876, 'g_gpe_stn_mult': 0.8796872249783815, 'g_stn_gpi_mult': 1.6178781335473384, 'g_gpe_gpi_mult': 0.8085323643925901}. Best is trial 198 with value: 0.17123825394474032.
[I 2026-05-28 22:55:08,407] Trial 241 finished with value: 3.461699236611395 and parameters: {'ISTN': 109.45196453457716, 'I_gpe': 2.319616466910772, 'I_gpi': 2.690968013446043, 'noise_stn_sigma': 3.0062048673315345, 'noise_gpe_sigma': 46.99530047804238, 'noise_gpi_sigma': 67.10490931737809, 'g_stn_gpe_mult': 1.5190163817524014, 'g_gpe_stn_mult': 1.1507376527526119, 'g_stn_gpi_mult': 1.9169426274508738, 'g_gpe_gpi_mult': 0.9669185490997854}. Best is trial 198 with value: 0.17123825394474032.
[I 2026-05-28 22:55:09,411] Trial 242 finished with value: 4.762224422398551 and parameters: {'ISTN': 130.4578204038938, 'I_gpe': 2.8079299355908667, 'I_gpi': 2.8624598614548233, 'noise_stn_sigma': 2.5737464376279844, 'noise_gpe_sigma': 52.14212247732173, 'noise_gpi_sigma': 70.92760630634729, 'g_stn_gpe_mult': 1.7651492667382027, 'g_gpe_stn_mult': 1.188389784403816, 'g_stn_gpi_mult': 1.4486535527197837, 'g_gpe_gpi_mult': 1.0712571274300065}. Best is trial 198 with value: 0.17123825394474032.
[I 2026-05-28 22:55:10,418] Trial 243 finished with value: 6.347925524571987 and parameters: {'ISTN': 97.87174008105299, 'I_gpe': 2.404082212734355, 'I_gpi': 3.4170966939258642, 'noise_stn_sigma': 3.280894480907686, 'noise_gpe_sigma': 57.12698262579834, 'noise_gpi_sigma': 66.6098661488312, 'g_stn_gpe_mult': 1.9719436318492258, 'g_gpe_stn_mult': 0.8461915066134643, 'g_stn_gpi_mult': 1.8940025953853192, 'g_gpe_gpi_mult': 1.0705812958170087}. Best is trial 198 with value: 0.17123825394474032.
[I 2026-05-28 22:55:11,423] Trial 244 finished with value: 1.3654044597496475 and parameters: {'ISTN': 101.61963505569055, 'I_gpe': 2.954539232465792, 'I_gpi': 2.0632757177829344, 'noise_stn_sigma': 2.719673393294014, 'noise_gpe_sigma': 55.87143062500894, 'noise_gpi_sigma': 58.24888544716226, 'g_stn_gpe_mult': 1.922647543679845, 'g_gpe_stn_mult': 0.8834585306455722, 'g_stn_gpi_mult': 1.5758063313060222, 'g_gpe_gpi_mult': 0.8394626113127331}. Best is trial 198 with value: 0.17123825394474032.
[I 2026-05-28 22:55:12,429] Trial 245 finished with value: 3.6390196388265594 and parameters: {'ISTN': 121.34760304351687, 'I_gpe': 1.9658878508723174, 'I_gpi': 4.097121997398782, 'noise_stn_sigma': 3.285534403584824, 'noise_gpe_sigma': 47.99877867590504, 'noise_gpi_sigma': 76.14235454403087, 'g_stn_gpe_mult': 1.855233750701795, 'g_gpe_stn_mult': 1.232325658905886, 'g_stn_gpi_mult': 1.5321376883706248, 'g_gpe_gpi_mult': 0.6695901421054132}. Best is trial 198 with value: 0.17123825394474032.
[I 2026-05-28 22:55:13,435] Trial 246 finished with value: 25.781342316202178 and parameters: {'ISTN': 116.28893009979816, 'I_gpe': 2.789933359417093, 'I_gpi': 3.824773901193572, 'noise_stn_sigma': 3.163680032774055, 'noise_gpe_sigma': 59.64271534192128, 'noise_gpi_sigma': 60.42532782025084, 'g_stn_gpe_mult': 1.6115983842110722, 'g_gpe_stn_mult': 0.7921656963852218, 'g_stn_gpi_mult': 1.8775099443267846, 'g_gpe_gpi_mult': 1.093301632994418}. Best is trial 198 with value: 0.17123825394474032.
[I 2026-05-28 22:55:14,383] Trial 247 finished with value: 1000000.0 and parameters: {'ISTN': 140.52750477259406, 'I_gpe': 3.8800177905474706, 'I_gpi': 3.7222796959139544, 'noise_stn_sigma': 3.1680025118885826, 'noise_gpe_sigma': 47.37843186054205, 'noise_gpi_sigma': 57.32491968038682, 'g_stn_gpe_mult': 1.9782658877772903, 'g_gpe_stn_mult': 0.7301203236604107, 'g_stn_gpi_mult': 1.549576885204836, 'g_gpe_gpi_mult': 0.9754786046445906}. Best is trial 198 with value: 0.17123825394474032.
[I 2026-05-28 22:55:15,390] Trial 248 finished with value: 12.441352541138023 and parameters: {'ISTN': 123.68475239841848, 'I_gpe': 2.598545452149419, 'I_gpi': 3.3433839070918396, 'noise_stn_sigma': 2.6325159914669216, 'noise_gpe_sigma': 44.70915391596007, 'noise_gpi_sigma': 48.050144124472254, 'g_stn_gpe_mult': 1.7467686966167733, 'g_gpe_stn_mult': 0.9634701794405662, 'g_stn_gpi_mult': 1.7798363665714247, 'g_gpe_gpi_mult': 0.6730598716639643}. Best is trial 198 with value: 0.17123825394474032.
[I 2026-05-28 22:55:16,399] Trial 249 finished with value: 14.310421324260433 and parameters: {'ISTN': 121.6035139085709, 'I_gpe': 2.578499693902743, 'I_gpi': 3.295157969618918, 'noise_stn_sigma': 3.0748096070053776, 'noise_gpe_sigma': 43.12534261356109, 'noise_gpi_sigma': 67.83469163467606, 'g_stn_gpe_mult': 1.5783356006267746, 'g_gpe_stn_mult': 0.9424610701579145, 'g_stn_gpi_mult': 1.5630936000417466, 'g_gpe_gpi_mult': 1.020416066834159}. Best is trial 198 with value: 0.17123825394474032.
[I 2026-05-28 22:55:17,403] Trial 250 finished with value: 2.1908386495511527 and parameters: {'ISTN': 112.21553273938368, 'I_gpe': 2.82577732650139, 'I_gpi': 1.4665045009908575, 'noise_stn_sigma': 2.7468833687855954, 'noise_gpe_sigma': 55.51865703111278, 'noise_gpi_sigma': 66.13113934267068, 'g_stn_gpe_mult': 1.7884861198430606, 'g_gpe_stn_mult': 0.992180447924602, 'g_stn_gpi_mult': 1.7397250181849069, 'g_gpe_gpi_mult': 0.710295616776503}. Best is trial 198 with value: 0.17123825394474032.
[I 2026-05-28 22:55:18,405] Trial 251 finished with value: 105.37994105015633 and parameters: {'ISTN': 116.9093396605461, 'I_gpe': 3.6142632751515444, 'I_gpi': 2.9091096562734577, 'noise_stn_sigma': 3.287682239983286, 'noise_gpe_sigma': 62.36175075261085, 'noise_gpi_sigma': 56.8005337488443, 'g_stn_gpe_mult': 1.7733234212551332, 'g_gpe_stn_mult': 1.051668201868075, 'g_stn_gpi_mult': 1.6510706398053432, 'g_gpe_gpi_mult': 0.7708667564425613}. Best is trial 198 with value: 0.17123825394474032.
[I 2026-05-28 22:55:19,405] Trial 252 finished with value: 105.66554495889639 and parameters: {'ISTN': 110.45401731853313, 'I_gpe': 2.1477586770433015, 'I_gpi': 2.3830997207231452, 'noise_stn_sigma': 3.1529560628796403, 'noise_gpe_sigma': 52.924921007737396, 'noise_gpi_sigma': 73.94986437857148, 'g_stn_gpe_mult': 1.7572432905426927, 'g_gpe_stn_mult': 1.3681120579925923, 'g_stn_gpi_mult': 1.8165320354809713, 'g_gpe_gpi_mult': 0.5646598349344918}. Best is trial 198 with value: 0.17123825394474032.
[I 2026-05-28 22:55:20,412] Trial 253 finished with value: 1.7410119330271332 and parameters: {'ISTN': 117.14321924716069, 'I_gpe': 3.6609740633275187, 'I_gpi': 2.1288728846721927, 'noise_stn_sigma': 2.399212832693541, 'noise_gpe_sigma': 55.17244694104432, 'noise_gpi_sigma': 59.31407294385978, 'g_stn_gpe_mult': 1.6431040246223538, 'g_gpe_stn_mult': 0.7615037991992113, 'g_stn_gpi_mult': 1.7598126992697334, 'g_gpe_gpi_mult': 0.8323193718632823}. Best is trial 198 with value: 0.17123825394474032.
[I 2026-05-28 22:55:21,419] Trial 254 finished with value: 5.749604687416111 and parameters: {'ISTN': 89.64629782132437, 'I_gpe': 2.2742124119545766, 'I_gpi': 3.1709559617167504, 'noise_stn_sigma': 3.0736555128449146, 'noise_gpe_sigma': 53.981632632050996, 'noise_gpi_sigma': 63.04943533896511, 'g_stn_gpe_mult': 1.8639539074941844, 'g_gpe_stn_mult': 0.8152412055965494, 'g_stn_gpi_mult': 1.7055291608507481, 'g_gpe_gpi_mult': 1.1571302020267575}. Best is trial 198 with value: 0.17123825394474032.
[I 2026-05-28 22:55:22,419] Trial 255 finished with value: 105.74182646208952 and parameters: {'ISTN': 99.9248811538494, 'I_gpe': 3.078750681874979, 'I_gpi': 1.3923298143755258, 'noise_stn_sigma': 2.4611109196298946, 'noise_gpe_sigma': 41.48133646876893, 'noise_gpi_sigma': 58.73805257792499, 'g_stn_gpe_mult': 1.7699736356923914, 'g_gpe_stn_mult': 1.0695079814413062, 'g_stn_gpi_mult': 1.894237899424326, 'g_gpe_gpi_mult': 0.6027515868252209}. Best is trial 198 with value: 0.17123825394474032.
[I 2026-05-28 22:55:23,423] Trial 256 finished with value: 0.6157817876343524 and parameters: {'ISTN': 100.80216509984265, 'I_gpe': 2.5717333262175073, 'I_gpi': 2.583375073708028, 'noise_stn_sigma': 3.5918149876393515, 'noise_gpe_sigma': 38.556220348205485, 'noise_gpi_sigma': 60.72387196399215, 'g_stn_gpe_mult': 1.741131729303183, 'g_gpe_stn_mult': 0.9339945560816878, 'g_stn_gpi_mult': 1.6247364552226409, 'g_gpe_gpi_mult': 0.8330390116827502}. Best is trial 198 with value: 0.17123825394474032.
[I 2026-05-28 22:55:24,430] Trial 257 finished with value: 0.5651688477179374 and parameters: {'ISTN': 112.61496711654829, 'I_gpe': 2.3807756305974204, 'I_gpi': 1.5233551379041383, 'noise_stn_sigma': 3.065374638159965, 'noise_gpe_sigma': 51.04658181181657, 'noise_gpi_sigma': 71.62204160952251, 'g_stn_gpe_mult': 1.7430667578237178, 'g_gpe_stn_mult': 1.0713521506514385, 'g_stn_gpi_mult': 1.935683214370161, 'g_gpe_gpi_mult': 0.8114516765658951}. Best is trial 198 with value: 0.17123825394474032.
[I 2026-05-28 22:55:25,430] Trial 258 finished with value: 105.30949306475836 and parameters: {'ISTN': 112.46925071027106, 'I_gpe': 4.028092117719512, 'I_gpi': 2.975208216811482, 'noise_stn_sigma': 2.741263755828854, 'noise_gpe_sigma': 49.51705251488708, 'noise_gpi_sigma': 59.11843497092029, 'g_stn_gpe_mult': 1.7095869291892716, 'g_gpe_stn_mult': 0.787526802322552, 'g_stn_gpi_mult': 1.7301596695086643, 'g_gpe_gpi_mult': 0.7736335448024019}. Best is trial 198 with value: 0.17123825394474032.
[I 2026-05-28 22:55:26,431] Trial 259 finished with value: 105.33063956761869 and parameters: {'ISTN': 106.63333066228688, 'I_gpe': 3.2698395532625137, 'I_gpi': 2.6153809110620285, 'noise_stn_sigma': 3.1660614020332902, 'noise_gpe_sigma': 50.831500613155, 'noise_gpi_sigma': 65.04210123043788, 'g_stn_gpe_mult': 1.7243579726005316, 'g_gpe_stn_mult': 1.0452482101940546, 'g_stn_gpi_mult': 1.7042663209364144, 'g_gpe_gpi_mult': 0.5754695543702224}. Best is trial 198 with value: 0.17123825394474032.
[I 2026-05-28 22:55:27,430] Trial 260 finished with value: 105.30841873213853 and parameters: {'ISTN': 101.64446071401213, 'I_gpe': 3.604260299925301, 'I_gpi': 2.0149393961590274, 'noise_stn_sigma': 2.532154196667401, 'noise_gpe_sigma': 62.09336538704736, 'noise_gpi_sigma': 62.70084975413707, 'g_stn_gpe_mult': 1.8799825550748523, 'g_gpe_stn_mult': 0.8368158458363806, 'g_stn_gpi_mult': 1.3500813296250405, 'g_gpe_gpi_mult': 0.9546592446858467}. Best is trial 198 with value: 0.17123825394474032.
[I 2026-05-28 22:55:28,439] Trial 261 finished with value: 21.86218362875536 and parameters: {'ISTN': 102.62298224095362, 'I_gpe': 1.5229118681710034, 'I_gpi': 3.2017973963623017, 'noise_stn_sigma': 3.4942084215798497, 'noise_gpe_sigma': 40.913859568211045, 'noise_gpi_sigma': 54.65461606711402, 'g_stn_gpe_mult': 1.8751346332043823, 'g_gpe_stn_mult': 0.8168733272805074, 'g_stn_gpi_mult': 1.6879335095614132, 'g_gpe_gpi_mult': 0.9787291399345949}. Best is trial 198 with value: 0.17123825394474032.
[I 2026-05-28 22:55:29,444] Trial 262 finished with value: 0.6740648568603527 and parameters: {'ISTN': 102.51240990825099, 'I_gpe': 2.6263118641380445, 'I_gpi': 3.0101726049857915, 'noise_stn_sigma': 3.2161397230783755, 'noise_gpe_sigma': 32.262768836539095, 'noise_gpi_sigma': 72.81788753291254, 'g_stn_gpe_mult': 1.9099104927568995, 'g_gpe_stn_mult': 0.9171308023215963, 'g_stn_gpi_mult': 1.860878003756908, 'g_gpe_gpi_mult': 0.8282243441306727}. Best is trial 198 with value: 0.17123825394474032.
[I 2026-05-28 22:55:30,451] Trial 263 finished with value: 13.073499703976706 and parameters: {'ISTN': 102.39652519991087, 'I_gpe': 2.0211761015702217, 'I_gpi': 1.7582667909759477, 'noise_stn_sigma': 3.607322781375891, 'noise_gpe_sigma': 40.055287968302764, 'noise_gpi_sigma': 65.74968801599354, 'g_stn_gpe_mult': 1.4587911322436848, 'g_gpe_stn_mult': 0.915752923018708, 'g_stn_gpi_mult': 1.8474665637999683, 'g_gpe_gpi_mult': 0.8304220602911114}. Best is trial 198 with value: 0.17123825394474032.
