[I 2026-05-28 22:56:15,552] Trial 308 finished with value: 9.635492437941043 and parameters: {'ISTN': 113.02128974706454, 'I_gpe': 2.8861017508327045, 'I_gpi': 2.177633172134126, 'noise_stn_sigma': 3.203482050413222, 'noise_gpe_sigma': 49.61393975310672, 'noise_gpi_sigma': 60.81642264039906, 'g_stn_gpe_mult': 1.7524787639496602, 'g_gpe_stn_mult': 0.8352717852345564, 'g_stn_gpi_mult': 1.8185625175800546, 'g_gpe_gpi_mult': 1.2237095932963888}. Best is trial 198 with value: 0.17123825394474032.
[I 2026-05-28 22:56:16,559] Trial 309 finished with value: 0.548857776305069 and parameters: {'ISTN': 100.50406821139585, 'I_gpe': 2.490718902005441, 'I_gpi': 1.4574595729451998, 'noise_stn_sigma': 4.447689106145243, 'noise_gpe_sigma': 44.57835899113905, 'noise_gpi_sigma': 62.53532327561363, 'g_stn_gpe_mult': 1.7309084267507178, 'g_gpe_stn_mult': 0.9506317530301527, 'g_stn_gpi_mult': 1.8103968948195321, 'g_gpe_gpi_mult': 1.0836703585164142}. Best is trial 198 with value: 0.17123825394474032.
[I 2026-05-28 22:56:17,564] Trial 310 finished with value: 9.159917549421287 and parameters: {'ISTN': 91.94471254283627, 'I_gpe': 2.603789868380692, 'I_gpi': 2.533295538744113, 'noise_stn_sigma': 3.9040562322150025, 'noise_gpe_sigma': 33.40131897257127, 'noise_gpi_sigma': 63.23445390963581, 'g_stn_gpe_mult': 1.7530839204762987, 'g_gpe_stn_mult': 0.7060675899377068, 'g_stn_gpi_mult': 1.9882930549963467, 'g_gpe_gpi_mult': 0.8685000310461208}. Best is trial 198 with value: 0.17123825394474032.
[I 2026-05-28 22:56:18,567] Trial 311 finished with value: 105.493991050773 and parameters: {'ISTN': 93.631735091382, 'I_gpe': 3.6896717034185045, 'I_gpi': 1.6259590213146908, 'noise_stn_sigma': 4.389499307508472, 'noise_gpe_sigma': 57.575703319321114, 'noise_gpi_sigma': 75.10815363793448, 'g_stn_gpe_mult': 1.7958079250274384, 'g_gpe_stn_mult': 0.7999682554402974, 'g_stn_gpi_mult': 1.8328312405668292, 'g_gpe_gpi_mult': 1.1673511036742528}. Best is trial 198 with value: 0.17123825394474032.
[I 2026-05-28 22:56:19,568] Trial 312 finished with value: 2.9582917236927027 and parameters: {'ISTN': 98.49627141088571, 'I_gpe': 1.948318144152748, 'I_gpi': 2.513280270942861, 'noise_stn_sigma': 4.468076016276458, 'noise_gpe_sigma': 54.34731679178742, 'noise_gpi_sigma': 63.46602551086167, 'g_stn_gpe_mult': 1.443317811645644, 'g_gpe_stn_mult': 1.1472529443903061, 'g_stn_gpi_mult': 1.9897389206453067, 'g_gpe_gpi_mult': 1.1125461008892767}. Best is trial 198 with value: 0.17123825394474032.
[I 2026-05-28 22:56:20,575] Trial 313 finished with value: 9.999996724755732 and parameters: {'ISTN': 90.2780317123136, 'I_gpe': 2.02967038321431, 'I_gpi': 2.7483621836444, 'noise_stn_sigma': 4.636230649334683, 'noise_gpe_sigma': 49.31309039024442, 'noise_gpi_sigma': 55.18492848070499, 'g_stn_gpe_mult': 1.760820511410603, 'g_gpe_stn_mult': 0.7914042950958969, 'g_stn_gpi_mult': 1.7486880061417536, 'g_gpe_gpi_mult': 1.0844552453498855}. Best is trial 198 with value: 0.17123825394474032.
[I 2026-05-28 22:56:21,578] Trial 314 finished with value: 4.4600657335422715 and parameters: {'ISTN': 104.52987120137382, 'I_gpe': 3.1004914533602035, 'I_gpi': 1.7011075401028957, 'noise_stn_sigma': 4.247756738364471, 'noise_gpe_sigma': 50.69128005835244, 'noise_gpi_sigma': 60.410237480788, 'g_stn_gpe_mult': 1.5412327481829107, 'g_gpe_stn_mult': 0.9257514056914501, 'g_stn_gpi_mult': 1.6674229375719376, 'g_gpe_gpi_mult': 1.12424336698101}. Best is trial 198 with value: 0.17123825394474032.
[I 2026-05-28 22:56:22,584] Trial 315 finished with value: 10.537445061314678 and parameters: {'ISTN': 105.62236505859346, 'I_gpe': 2.102851805024425, 'I_gpi': 2.533299436435451, 'noise_stn_sigma': 4.149135345122183, 'noise_gpe_sigma': 36.4114515922004, 'noise_gpi_sigma': 60.55455007776965, 'g_stn_gpe_mult': 1.775085050891668, 'g_gpe_stn_mult': 0.9540156994344562, 'g_stn_gpi_mult': 1.8636189499461508, 'g_gpe_gpi_mult': 1.0954551074618903}. Best is trial 198 with value: 0.17123825394474032.
[I 2026-05-28 22:56:23,589] Trial 316 finished with value: 4.0746391997571365 and parameters: {'ISTN': 113.8880313338182, 'I_gpe': 3.520877296948558, 'I_gpi': 2.295542269755928, 'noise_stn_sigma': 3.9402388497685257, 'noise_gpe_sigma': 37.28407547456787, 'noise_gpi_sigma': 53.243199983951044, 'g_stn_gpe_mult': 1.742184822626049, 'g_gpe_stn_mult': 0.8482088208974643, 'g_stn_gpi_mult': 1.8875130726381628, 'g_gpe_gpi_mult': 1.187140694038926}. Best is trial 198 with value: 0.17123825394474032.
[I 2026-05-28 22:56:24,597] Trial 317 finished with value: 0.3163561931765758 and parameters: {'ISTN': 85.0252772735601, 'I_gpe': 3.1873174914015907, 'I_gpi': 2.687181081129721, 'noise_stn_sigma': 4.45910495894986, 'noise_gpe_sigma': 50.00062356673989, 'noise_gpi_sigma': 69.24510995247493, 'g_stn_gpe_mult': 1.711401658513376, 'g_gpe_stn_mult': 0.6895920959601851, 'g_stn_gpi_mult': 1.9075923290243535, 'g_gpe_gpi_mult': 1.3602330142177828}. Best is trial 198 with value: 0.17123825394474032.
[I 2026-05-28 22:56:25,605] Trial 318 finished with value: 0.8978451245943362 and parameters: {'ISTN': 115.4885206519774, 'I_gpe': 3.15533757770514, 'I_gpi': 1.2178116966060473, 'noise_stn_sigma': 3.7877201158569105, 'noise_gpe_sigma': 42.253596963320916, 'noise_gpi_sigma': 69.91195636881754, 'g_stn_gpe_mult': 1.7022782689263265, 'g_gpe_stn_mult': 0.8638181079910539, 'g_stn_gpi_mult': 1.9275542924543347, 'g_gpe_gpi_mult': 1.023605212057718}. Best is trial 198 with value: 0.17123825394474032.
[I 2026-05-28 22:56:26,609] Trial 319 finished with value: 0.9236823251750669 and parameters: {'ISTN': 110.6948350294663, 'I_gpe': 2.3789160516617813, 'I_gpi': 1.9268739845956708, 'noise_stn_sigma': 3.640631266644444, 'noise_gpe_sigma': 49.61781235627818, 'noise_gpi_sigma': 63.6183753480558, 'g_stn_gpe_mult': 1.6157731969560374, 'g_gpe_stn_mult': 1.092600531974799, 'g_stn_gpi_mult': 1.9483422564339477, 'g_gpe_gpi_mult': 1.2367992759880284}. Best is trial 198 with value: 0.17123825394474032.
[I 2026-05-28 22:56:27,617] Trial 320 finished with value: 1.078644466430685 and parameters: {'ISTN': 93.45278359184194, 'I_gpe': 2.6051300517476355, 'I_gpi': 1.6088043015251001, 'noise_stn_sigma': 4.4728891469873595, 'noise_gpe_sigma': 47.44583570779805, 'noise_gpi_sigma': 61.028929886162004, 'g_stn_gpe_mult': 1.6829841374030685, 'g_gpe_stn_mult': 0.8456002891484721, 'g_stn_gpi_mult': 1.6376907392878615, 'g_gpe_gpi_mult': 1.2546033308185598}. Best is trial 198 with value: 0.17123825394474032.
[I 2026-05-28 22:56:28,625] Trial 321 finished with value: 2.4456208284553638 and parameters: {'ISTN': 84.48757420742406, 'I_gpe': 2.5439348894041993, 'I_gpi': 2.134325584527636, 'noise_stn_sigma': 3.8951118482226508, 'noise_gpe_sigma': 56.13460918886709, 'noise_gpi_sigma': 65.74089335114175, 'g_stn_gpe_mult': 1.6999212436864584, 'g_gpe_stn_mult': 0.7565065000100775, 'g_stn_gpi_mult': 1.9793756695688693, 'g_gpe_gpi_mult': 1.097561701960047}. Best is trial 198 with value: 0.17123825394474032.
[I 2026-05-28 22:56:29,631] Trial 322 finished with value: 11.383749730328757 and parameters: {'ISTN': 105.53565463011277, 'I_gpe': 2.8272570192410442, 'I_gpi': 2.2843826496718296, 'noise_stn_sigma': 4.299355982660622, 'noise_gpe_sigma': 46.907180291574505, 'noise_gpi_sigma': 78.11643422149596, 'g_stn_gpe_mult': 1.5336228851346747, 'g_gpe_stn_mult': 0.7798963985756804, 'g_stn_gpi_mult': 1.8436288740737574, 'g_gpe_gpi_mult': 1.1986522413259921}. Best is trial 198 with value: 0.17123825394474032.
[I 2026-05-28 22:56:30,636] Trial 323 finished with value: 2.192539345761644 and parameters: {'ISTN': 96.59791053872016, 'I_gpe': 3.0987533436798866, 'I_gpi': 1.6828242778840972, 'noise_stn_sigma': 4.280056545652769, 'noise_gpe_sigma': 49.35642346392209, 'noise_gpi_sigma': 74.35351590052363, 'g_stn_gpe_mult': 1.6374285039051095, 'g_gpe_stn_mult': 0.7410922266492839, 'g_stn_gpi_mult': 1.9967242937097172, 'g_gpe_gpi_mult': 1.3325492118576174}. Best is trial 198 with value: 0.17123825394474032.
[I 2026-05-28 22:56:31,639] Trial 324 finished with value: 2.0356821755174352 and parameters: {'ISTN': 99.0531074669665, 'I_gpe': 3.326996392769261, 'I_gpi': 2.3515124262515554, 'noise_stn_sigma': 4.711504420372816, 'noise_gpe_sigma': 37.583891983082154, 'noise_gpi_sigma': 63.19992288539639, 'g_stn_gpe_mult': 1.6987065935754713, 'g_gpe_stn_mult': 0.78762450985875, 'g_stn_gpi_mult': 1.8358706650137986, 'g_gpe_gpi_mult': 1.2391890368049163}. Best is trial 198 with value: 0.17123825394474032.
[I 2026-05-28 22:56:32,645] Trial 325 finished with value: 0.44153153527351596 and parameters: {'ISTN': 98.3562695281337, 'I_gpe': 2.569741951770025, 'I_gpi': 2.1259608678652984, 'noise_stn_sigma': 4.140627039818948, 'noise_gpe_sigma': 46.656368846185146, 'noise_gpi_sigma': 74.84248140549086, 'g_stn_gpe_mult': 1.5911540765249934, 'g_gpe_stn_mult': 0.8984678193343765, 'g_stn_gpi_mult': 1.9140037934329912, 'g_gpe_gpi_mult': 1.1641694473481918}. Best is trial 198 with value: 0.17123825394474032.
[I 2026-05-28 22:56:33,646] Trial 326 finished with value: 4.040292315161233 and parameters: {'ISTN': 92.71955850267713, 'I_gpe': 2.5207037012220193, 'I_gpi': 1.6084881297522267, 'noise_stn_sigma': 4.172353461358313, 'noise_gpe_sigma': 56.74549650959218, 'noise_gpi_sigma': 65.66204370141108, 'g_stn_gpe_mult': 1.6432506529481503, 'g_gpe_stn_mult': 0.9831641942358817, 'g_stn_gpi_mult': 1.931036951059046, 'g_gpe_gpi_mult': 1.2908175768766241}. Best is trial 198 with value: 0.17123825394474032.
[I 2026-05-28 22:56:34,650] Trial 327 finished with value: 2.889231509456411 and parameters: {'ISTN': 97.05024634581513, 'I_gpe': 3.9927376698343346, 'I_gpi': 1.2470047781658387, 'noise_stn_sigma': 4.246803114970273, 'noise_gpe_sigma': 39.83874856681784, 'noise_gpi_sigma': 67.7140464913868, 'g_stn_gpe_mult': 1.7231340317878878, 'g_gpe_stn_mult': 0.6602421434683416, 'g_stn_gpi_mult': 1.7294995111812785, 'g_gpe_gpi_mult': 1.3250206250797871}. Best is trial 198 with value: 0.17123825394474032.
[I 2026-05-28 22:56:35,656] Trial 328 finished with value: 10.05619488854003 and parameters: {'ISTN': 106.186273349572, 'I_gpe': 2.4736028407345723, 'I_gpi': 2.557912348410146, 'noise_stn_sigma': 4.436989622597111, 'noise_gpe_sigma': 44.70812722799406, 'noise_gpi_sigma': 63.150904574160904, 'g_stn_gpe_mult': 1.6739602670964573, 'g_gpe_stn_mult': 0.8671289565997914, 'g_stn_gpi_mult': 1.7943674815948236, 'g_gpe_gpi_mult': 1.300228730023626}. Best is trial 198 with value: 0.17123825394474032.
[I 2026-05-28 22:56:36,662] Trial 329 finished with value: 3.9692819296771895 and parameters: {'ISTN': 98.31575567227891, 'I_gpe': 2.3906953796738266, 'I_gpi': 2.460423156594045, 'noise_stn_sigma': 4.64331744052894, 'noise_gpe_sigma': 60.01765599346287, 'noise_gpi_sigma': 70.31482308206704, 'g_stn_gpe_mult': 1.681137708254431, 'g_gpe_stn_mult': 0.8961379840217554, 'g_stn_gpi_mult': 1.5739545112811564, 'g_gpe_gpi_mult': 1.2553241808193178}. Best is trial 198 with value: 0.17123825394474032.
[I 2026-05-28 22:56:37,663] Trial 330 finished with value: 105.30694387249324 and parameters: {'ISTN': 89.09141152275198, 'I_gpe': 2.8161862854575044, 'I_gpi': 1.5162120200272624, 'noise_stn_sigma': 4.486861334781377, 'noise_gpe_sigma': 39.39343729697869, 'noise_gpi_sigma': 72.45477176930669, 'g_stn_gpe_mult': 1.8647371271998012, 'g_gpe_stn_mult': 0.8868849356755502, 'g_stn_gpi_mult': 1.8204916491786554, 'g_gpe_gpi_mult': 1.0598797128295823}. Best is trial 198 with value: 0.17123825394474032.
[I 2026-05-28 22:56:38,669] Trial 331 finished with value: 1.3838746452115842 and parameters: {'ISTN': 87.0214159935293, 'I_gpe': 2.9780633607682248, 'I_gpi': 1.802511545724431, 'noise_stn_sigma': 4.1850461374585315, 'noise_gpe_sigma': 37.66946311546516, 'noise_gpi_sigma': 62.51523109807423, 'g_stn_gpe_mult': 1.5622364518817209, 'g_gpe_stn_mult': 0.7709591737792072, 'g_stn_gpi_mult': 1.7957984252299772, 'g_gpe_gpi_mult': 1.1711360401451978}. Best is trial 198 with value: 0.17123825394474032.
[I 2026-05-28 22:56:39,673] Trial 332 finished with value: 2.3385425700262594 and parameters: {'ISTN': 97.12123447179096, 'I_gpe': 3.3067427454580356, 'I_gpi': 2.366157650730867, 'noise_stn_sigma': 4.530613210470747, 'noise_gpe_sigma': 40.43403765449424, 'noise_gpi_sigma': 74.29853973029034, 'g_stn_gpe_mult': 1.7031134314272862, 'g_gpe_stn_mult': 0.785319305527104, 'g_stn_gpi_mult': 1.8386968287852, 'g_gpe_gpi_mult': 1.249230220005118}. Best is trial 198 with value: 0.17123825394474032.
[I 2026-05-28 22:56:40,676] Trial 333 finished with value: 4.59550425672644 and parameters: {'ISTN': 92.80053533876372, 'I_gpe': 3.301411924913227, 'I_gpi': 1.8384216623532559, 'noise_stn_sigma': 4.168965063975836, 'noise_gpe_sigma': 49.1126218044025, 'noise_gpi_sigma': 70.94930538853912, 'g_stn_gpe_mult': 1.6854314221267375, 'g_gpe_stn_mult': 0.8005875501227164, 'g_stn_gpi_mult': 1.6435904834079333, 'g_gpe_gpi_mult': 1.1385789275412481}. Best is trial 198 with value: 0.17123825394474032.
[I 2026-05-28 22:56:41,681] Trial 334 finished with value: 6.04130904898037 and parameters: {'ISTN': 113.39444126522883, 'I_gpe': 3.0306879101219457, 'I_gpi': 2.8482700906690006, 'noise_stn_sigma': 4.399784595577901, 'noise_gpe_sigma': 49.03292233182129, 'noise_gpi_sigma': 66.763655161022, 'g_stn_gpe_mult': 1.5681843372137065, 'g_gpe_stn_mult': 0.8383812796024284, 'g_stn_gpi_mult': 1.8978487619078113, 'g_gpe_gpi_mult': 1.1662238036150745}. Best is trial 198 with value: 0.17123825394474032.
[I 2026-05-28 22:56:42,686] Trial 335 finished with value: 4.686560911209639 and parameters: {'ISTN': 117.34738634029452, 'I_gpe': 3.2082482114818185, 'I_gpi': 2.425654848431285, 'noise_stn_sigma': 3.8391962852369668, 'noise_gpe_sigma': 43.54422748339702, 'noise_gpi_sigma': 74.13720827566547, 'g_stn_gpe_mult': 1.741571714563599, 'g_gpe_stn_mult': 0.8302867273056838, 'g_stn_gpi_mult': 1.983364274725414, 'g_gpe_gpi_mult': 1.0606670127107645}. Best is trial 198 with value: 0.17123825394474032.
[I 2026-05-28 22:56:43,688] Trial 336 finished with value: 4.844526886612024 and parameters: {'ISTN': 108.8445219925531, 'I_gpe': 3.0575820086773278, 'I_gpi': 1.6087905976626748, 'noise_stn_sigma': 3.482707110869145, 'noise_gpe_sigma': 57.65486762720691, 'noise_gpi_sigma': 68.3858681502461, 'g_stn_gpe_mult': 1.801152202328534, 'g_gpe_stn_mult': 0.9618026269689428, 'g_stn_gpi_mult': 1.922505307333461, 'g_gpe_gpi_mult': 1.1484390623266663}. Best is trial 198 with value: 0.17123825394474032.
[I 2026-05-28 22:56:44,695] Trial 337 finished with value: 1.0802426001019814 and parameters: {'ISTN': 97.74525164781653, 'I_gpe': 3.3007435355266797, 'I_gpi': 2.6587514039088935, 'noise_stn_sigma': 4.80183045995752, 'noise_gpe_sigma': 33.7022864054253, 'noise_gpi_sigma': 79.66416980889379, 'g_stn_gpe_mult': 1.473927020695244, 'g_gpe_stn_mult': 0.771558794217343, 'g_stn_gpi_mult': 1.813277740273682, 'g_gpe_gpi_mult': 1.2023319493965385}. Best is trial 198 with value: 0.17123825394474032.
[I 2026-05-28 22:56:45,699] Trial 338 finished with value: 14.906826291649534 and parameters: {'ISTN': 98.71992609235068, 'I_gpe': 3.5115341898492174, 'I_gpi': 1.9510416347696862, 'noise_stn_sigma': 3.7929257888427945, 'noise_gpe_sigma': 58.947048006724074, 'noise_gpi_sigma': 66.92854633554904, 'g_stn_gpe_mult': 1.5586210660719384, 'g_gpe_stn_mult': 0.5848403720819673, 'g_stn_gpi_mult': 1.8931533511160978, 'g_gpe_gpi_mult': 1.005257542950952}. Best is trial 198 with value: 0.17123825394474032.
[I 2026-05-28 22:56:46,699] Trial 339 finished with value: 105.32933036477884 and parameters: {'ISTN': 113.44718806347541, 'I_gpe': 3.843141510358755, 'I_gpi': 1.5685620226148829, 'noise_stn_sigma': 3.8256366852195587, 'noise_gpe_sigma': 32.48042399754176, 'noise_gpi_sigma': 69.9406644716152, 'g_stn_gpe_mult': 1.7446057056447168, 'g_gpe_stn_mult': 0.8371411373215047, 'g_stn_gpi_mult': 1.9116510849498407, 'g_gpe_gpi_mult': 1.3006191894894452}. Best is trial 198 with value: 0.17123825394474032.
[I 2026-05-28 22:56:47,702] Trial 340 finished with value: 3.8879307791875353 and parameters: {'ISTN': 80.08585586200684, 'I_gpe': 2.5330353009466933, 'I_gpi': 2.7774108016813397, 'noise_stn_sigma': 3.801590364623249, 'noise_gpe_sigma': 52.78786152142422, 'noise_gpi_sigma': 75.07901461699447, 'g_stn_gpe_mult': 1.4050856435806347, 'g_gpe_stn_mult': 0.8760982311382304, 'g_stn_gpi_mult': 1.932005757624409, 'g_gpe_gpi_mult': 1.3458777279168836}. Best is trial 198 with value: 0.17123825394474032.
[I 2026-05-28 22:56:48,705] Trial 341 finished with value: 3.7513823162059685 and parameters: {'ISTN': 101.31807993657011, 'I_gpe': 2.9294052449380867, 'I_gpi': 1.610135343665959, 'noise_stn_sigma': 3.90339179175703, 'noise_gpe_sigma': 53.87922440544337, 'noise_gpi_sigma': 80.06428571002289, 'g_stn_gpe_mult': 1.7488845935863295, 'g_gpe_stn_mult': 0.9282409340532096, 'g_stn_gpi_mult': 1.7977224919565538, 'g_gpe_gpi_mult': 1.050726661134347}. Best is trial 198 with value: 0.17123825394474032.
[I 2026-05-28 22:56:49,706] Trial 342 finished with value: 105.30386241991613 and parameters: {'ISTN': 87.73053881285873, 'I_gpe': 3.6512682698004237, 'I_gpi': 2.387588467382731, 'noise_stn_sigma': 3.856825354899128, 'noise_gpe_sigma': 36.42953046750595, 'noise_gpi_sigma': 74.39034674287, 'g_stn_gpe_mult': 1.6111256432367793, 'g_gpe_stn_mult': 0.7751429721870187, 'g_stn_gpi_mult': 1.8377930966800295, 'g_gpe_gpi_mult': 1.3704237023346024}. Best is trial 198 with value: 0.17123825394474032.
[I 2026-05-28 22:56:50,712] Trial 343 finished with value: 1.654401852381461 and parameters: {'ISTN': 84.05441111497204, 'I_gpe': 2.6101000807989663, 'I_gpi': 2.281850677589892, 'noise_stn_sigma': 4.38046235894553, 'noise_gpe_sigma': 37.36255939278695, 'noise_gpi_sigma': 71.29558298381008, 'g_stn_gpe_mult': 1.4121099673728001, 'g_gpe_stn_mult': 0.836836091597464, 'g_stn_gpi_mult': 1.7841839925360359, 'g_gpe_gpi_mult': 1.153253290510512}. Best is trial 198 with value: 0.17123825394474032.
[I 2026-05-28 22:56:51,718] Trial 344 finished with value: 15.125767798046915 and parameters: {'ISTN': 100.67236920379555, 'I_gpe': 2.7864619605825873, 'I_gpi': 1.4293376757957468, 'noise_stn_sigma': 3.9174996856825812, 'noise_gpe_sigma': 44.03197556770373, 'noise_gpi_sigma': 79.35874266199795, 'g_stn_gpe_mult': 1.2428542951961614, 'g_gpe_stn_mult': 0.7058840983270472, 'g_stn_gpi_mult': 1.959813273968039, 'g_gpe_gpi_mult': 1.1776396776889677}. Best is trial 198 with value: 0.17123825394474032.
[I 2026-05-28 22:56:52,724] Trial 345 finished with value: 0.5596617466457633 and parameters: {'ISTN': 83.08947144409984, 'I_gpe': 2.7765088701932177, 'I_gpi': 2.20051523362501, 'noise_stn_sigma': 4.206813884043095, 'noise_gpe_sigma': 53.041496134680976, 'noise_gpi_sigma': 74.25736593076981, 'g_stn_gpe_mult': 1.7068774842302297, 'g_gpe_stn_mult': 0.7359694557218337, 'g_stn_gpi_mult': 1.8317913403295758, 'g_gpe_gpi_mult': 1.028757549693645}. Best is trial 198 with value: 0.17123825394474032.
[I 2026-05-28 22:56:53,732] Trial 346 finished with value: 0.8879388450124177 and parameters: {'ISTN': 90.1491698206067, 'I_gpe': 3.1346819193717814, 'I_gpi': 2.6063672181583533, 'noise_stn_sigma': 4.779429197769677, 'noise_gpe_sigma': 34.44020530751109, 'noise_gpi_sigma': 74.97561987557997, 'g_stn_gpe_mult': 1.3673682653748864, 'g_gpe_stn_mult': 0.7137094884851336, 'g_stn_gpi_mult': 1.9875938384931486, 'g_gpe_gpi_mult': 1.0930571364234969}. Best is trial 198 with value: 0.17123825394474032.
[I 2026-05-28 22:56:54,739] Trial 347 finished with value: 18.293271725169603 and parameters: {'ISTN': 118.31538842570197, 'I_gpe': 2.675694247339717, 'I_gpi': 2.9062853918846665, 'noise_stn_sigma': 4.598931744988493, 'noise_gpe_sigma': 34.658664777534, 'noise_gpi_sigma': 76.54253112791679, 'g_stn_gpe_mult': 1.4990038793492229, 'g_gpe_stn_mult': 0.8780753743830123, 'g_stn_gpi_mult': 1.781977064661377, 'g_gpe_gpi_mult': 1.0209588666731448}. Best is trial 198 with value: 0.17123825394474032.
[I 2026-05-28 22:56:55,743] Trial 348 finished with value: 2.2536211044320815 and parameters: {'ISTN': 93.14748330724487, 'I_gpe': 3.013236503710518, 'I_gpi': 2.653690970661631, 'noise_stn_sigma': 4.466817812496393, 'noise_gpe_sigma': 38.05405488736771, 'noise_gpi_sigma': 82.33579626337611, 'g_stn_gpe_mult': 1.8553324241547064, 'g_gpe_stn_mult': 0.8161504674222242, 'g_stn_gpi_mult': 1.9330747444388372, 'g_gpe_gpi_mult': 1.3924414011171278}. Best is trial 198 with value: 0.17123825394474032.
[I 2026-05-28 22:56:56,748] Trial 349 finished with value: 1.1976102554136343 and parameters: {'ISTN': 84.88433549268751, 'I_gpe': 2.8466289869336956, 'I_gpi': 1.6371536559086368, 'noise_stn_sigma': 4.361914288928317, 'noise_gpe_sigma': 32.06300206673649, 'noise_gpi_sigma': 61.24622443283894, 'g_stn_gpe_mult': 1.6390640631335776, 'g_gpe_stn_mult': 0.7185870321897962, 'g_stn_gpi_mult': 1.6013665734413012, 'g_gpe_gpi_mult': 1.2766008250503955}. Best is trial 198 with value: 0.17123825394474032.
[I 2026-05-28 22:56:57,753] Trial 350 finished with value: 0.9810971125393453 and parameters: {'ISTN': 97.02548541931772, 'I_gpe': 2.8422488417900444, 'I_gpi': 2.2414921018047114, 'noise_stn_sigma': 4.13728086795311, 'noise_gpe_sigma': 38.10875845909827, 'noise_gpi_sigma': 83.09344027754392, 'g_stn_gpe_mult': 1.6106017725784594, 'g_gpe_stn_mult': 0.8559567972995442, 'g_stn_gpi_mult': 1.9179402488090984, 'g_gpe_gpi_mult': 1.0115096967619646}. Best is trial 198 with value: 0.17123825394474032.
[I 2026-05-28 22:56:58,760] Trial 351 finished with value: 1.9698299776006643 and parameters: {'ISTN': 82.78841685368727, 'I_gpe': 2.8025590740384407, 'I_gpi': 2.1235442323964264, 'noise_stn_sigma': 4.6093641751782455, 'noise_gpe_sigma': 34.58854100859982, 'noise_gpi_sigma': 71.40625122299971, 'g_stn_gpe_mult': 1.404858884558609, 'g_gpe_stn_mult': 0.7034554539201604, 'g_stn_gpi_mult': 1.8434602085311458, 'g_gpe_gpi_mult': 0.7953668243889844}. Best is trial 198 with value: 0.17123825394474032.
