[I 2026-05-28 22:56:59,765] Trial 352 finished with value: 1.200969379592654 and parameters: {'ISTN': 85.94165158501616, 'I_gpe': 2.5216282112351225, 'I_gpi': 1.6953351090444946, 'noise_stn_sigma': 4.520287809111725, 'noise_gpe_sigma': 42.522068716788866, 'noise_gpi_sigma': 57.777176014530816, 'g_stn_gpe_mult': 1.5886377044220235, 'g_gpe_stn_mult': 0.8688109136577378, 'g_stn_gpi_mult': 1.6523598122476149, 'g_gpe_gpi_mult': 1.0400375897134952}. Best is trial 198 with value: 0.17123825394474032.
[I 2026-05-28 22:57:00,769] Trial 353 finished with value: 1.4489687272997507 and parameters: {'ISTN': 103.69659397513719, 'I_gpe': 3.484740923429559, 'I_gpi': 2.7138311836577955, 'noise_stn_sigma': 4.267253138285782, 'noise_gpe_sigma': 28.79917331138078, 'noise_gpi_sigma': 72.70265291042651, 'g_stn_gpe_mult': 1.6728854497579102, 'g_gpe_stn_mult': 0.7658113038284089, 'g_stn_gpi_mult': 1.6971285450090505, 'g_gpe_gpi_mult': 0.8649526111147724}. Best is trial 198 with value: 0.17123825394474032.
[I 2026-05-28 22:57:01,775] Trial 354 finished with value: 2.0003545877420685 and parameters: {'ISTN': 87.30384536532475, 'I_gpe': 3.230532451195926, 'I_gpi': 2.7761149664565066, 'noise_stn_sigma': 4.834799066704241, 'noise_gpe_sigma': 38.53079093847848, 'noise_gpi_sigma': 81.76286054132504, 'g_stn_gpe_mult': 1.6141509557702198, 'g_gpe_stn_mult': 0.6645451709798254, 'g_stn_gpi_mult': 1.7951016003010019, 'g_gpe_gpi_mult': 1.5345898105385354}. Best is trial 198 with value: 0.17123825394474032.
[I 2026-05-28 22:57:02,779] Trial 355 finished with value: 6.496120437202985 and parameters: {'ISTN': 100.20350086819374, 'I_gpe': 2.652265434965624, 'I_gpi': 3.7209626330267724, 'noise_stn_sigma': 4.803931766698211, 'noise_gpe_sigma': 29.151420075866497, 'noise_gpi_sigma': 72.2067430380943, 'g_stn_gpe_mult': 1.4388089325251419, 'g_gpe_stn_mult': 0.8185486323706956, 'g_stn_gpi_mult': 1.807105751380669, 'g_gpe_gpi_mult': 0.8306407748596202}. Best is trial 198 with value: 0.17123825394474032.
[I 2026-05-28 22:57:03,784] Trial 356 finished with value: 2.254530050057605 and parameters: {'ISTN': 85.74612264197145, 'I_gpe': 3.7336199297702546, 'I_gpi': 2.181500578155165, 'noise_stn_sigma': 4.619568440394905, 'noise_gpe_sigma': 49.471916348514526, 'noise_gpi_sigma': 79.53923629838438, 'g_stn_gpe_mult': 1.6217499413970218, 'g_gpe_stn_mult': 0.5771775343691837, 'g_stn_gpi_mult': 1.7809299082855983, 'g_gpe_gpi_mult': 1.1375141706446503}. Best is trial 198 with value: 0.17123825394474032.
[I 2026-05-28 22:57:04,791] Trial 357 finished with value: 1.9618564909963574 and parameters: {'ISTN': 83.66494311332309, 'I_gpe': 2.6049309108496495, 'I_gpi': 1.648729582757574, 'noise_stn_sigma': 3.9261496045392916, 'noise_gpe_sigma': 41.867421127996785, 'noise_gpi_sigma': 80.4808505385134, 'g_stn_gpe_mult': 1.711390046801167, 'g_gpe_stn_mult': 0.7445288569645303, 'g_stn_gpi_mult': 1.738321751605747, 'g_gpe_gpi_mult': 0.9462588285839394}. Best is trial 198 with value: 0.17123825394474032.
[I 2026-05-28 22:57:05,798] Trial 358 finished with value: 7.578336112705699 and parameters: {'ISTN': 91.4376264229606, 'I_gpe': 2.9474910634470737, 'I_gpi': 1.991085869935831, 'noise_stn_sigma': 4.810617499289686, 'noise_gpe_sigma': 48.42007489859073, 'noise_gpi_sigma': 76.96078361456698, 'g_stn_gpe_mult': 1.6459905791787866, 'g_gpe_stn_mult': 0.6720588322523111, 'g_stn_gpi_mult': 1.9461422868227325, 'g_gpe_gpi_mult': 1.0943372482717417}. Best is trial 198 with value: 0.17123825394474032.
[I 2026-05-28 22:57:06,805] Trial 359 finished with value: 0.2671107222303414 and parameters: {'ISTN': 89.82073608988718, 'I_gpe': 3.3561787072862397, 'I_gpi': 1.9603782847814153, 'noise_stn_sigma': 3.907128684159784, 'noise_gpe_sigma': 31.26959334659269, 'noise_gpi_sigma': 81.5756338124846, 'g_stn_gpe_mult': 1.7189135552639088, 'g_gpe_stn_mult': 0.6879488007351434, 'g_stn_gpi_mult': 1.9155713878224219, 'g_gpe_gpi_mult': 0.9622624695826361}. Best is trial 198 with value: 0.17123825394474032.
[I 2026-05-28 22:57:07,813] Trial 360 finished with value: 0.9782224291745382 and parameters: {'ISTN': 86.29891133005009, 'I_gpe': 3.8218115026474813, 'I_gpi': 2.073324489294813, 'noise_stn_sigma': 3.886211105698145, 'noise_gpe_sigma': 36.442701277341655, 'noise_gpi_sigma': 78.07372042965794, 'g_stn_gpe_mult': 1.5710711189949675, 'g_gpe_stn_mult': 0.57572573653348, 'g_stn_gpi_mult': 1.8987615447051258, 'g_gpe_gpi_mult': 1.1219127916622371}. Best is trial 198 with value: 0.17123825394474032.
[I 2026-05-28 22:57:08,815] Trial 361 finished with value: 3.2209622376980085 and parameters: {'ISTN': 104.39305283288755, 'I_gpe': 3.42114883684099, 'I_gpi': 1.5922935368409457, 'noise_stn_sigma': 3.606079789947878, 'noise_gpe_sigma': 33.84689672368717, 'noise_gpi_sigma': 76.79569348574586, 'g_stn_gpe_mult': 1.5396538783212226, 'g_gpe_stn_mult': 0.7972299197612115, 'g_stn_gpi_mult': 1.950536905870854, 'g_gpe_gpi_mult': 1.2270049164691281}. Best is trial 198 with value: 0.17123825394474032.
[I 2026-05-28 22:57:09,822] Trial 362 finished with value: 0.3406596790604047 and parameters: {'ISTN': 83.24398334116093, 'I_gpe': 3.3775408422218516, 'I_gpi': 1.537571597207431, 'noise_stn_sigma': 3.3413662448300423, 'noise_gpe_sigma': 34.12630439757024, 'noise_gpi_sigma': 66.99536052782429, 'g_stn_gpe_mult': 1.5857407596241264, 'g_gpe_stn_mult': 0.6332832975723969, 'g_stn_gpi_mult': 1.84399366296929, 'g_gpe_gpi_mult': 0.940093617092079}. Best is trial 198 with value: 0.17123825394474032.
[I 2026-05-28 22:57:10,831] Trial 363 finished with value: 0.544122694248421 and parameters: {'ISTN': 91.06566545460188, 'I_gpe': 2.7264420860039635, 'I_gpi': 1.5735351412715228, 'noise_stn_sigma': 4.561382487819429, 'noise_gpe_sigma': 40.13505354461559, 'noise_gpi_sigma': 71.31984508198542, 'g_stn_gpe_mult': 1.5853822152218044, 'g_gpe_stn_mult': 0.8320556648869507, 'g_stn_gpi_mult': 1.979156741910341, 'g_gpe_gpi_mult': 0.8719855449768112}. Best is trial 198 with value: 0.17123825394474032.
[I 2026-05-28 22:57:11,831] Trial 364 finished with value: 105.69150603520858 and parameters: {'ISTN': 108.19607383904183, 'I_gpe': 4.2214723000553, 'I_gpi': 1.521239560065426, 'noise_stn_sigma': 3.834941349038993, 'noise_gpe_sigma': 42.40890483771855, 'noise_gpi_sigma': 76.00686810830386, 'g_stn_gpe_mult': 1.6523592696220382, 'g_gpe_stn_mult': 0.784744946484019, 'g_stn_gpi_mult': 1.882213585754447, 'g_gpe_gpi_mult': 0.9237329310125547}. Best is trial 198 with value: 0.17123825394474032.
[I 2026-05-28 22:57:12,837] Trial 365 finished with value: 0.8375815261505848 and parameters: {'ISTN': 100.71518959750358, 'I_gpe': 3.5203511747377845, 'I_gpi': 2.8812771515919238, 'noise_stn_sigma': 4.518007572304836, 'noise_gpe_sigma': 19.212108752132497, 'noise_gpi_sigma': 72.15423770138389, 'g_stn_gpe_mult': 1.7082252199268906, 'g_gpe_stn_mult': 0.7299576800407652, 'g_stn_gpi_mult': 1.8833236791888202, 'g_gpe_gpi_mult': 0.9659222567727477}. Best is trial 198 with value: 0.17123825394474032.
[I 2026-05-28 22:57:13,785] Trial 366 finished with value: 1000000.0 and parameters: {'ISTN': 100.34815943816108, 'I_gpe': 3.9519346117579532, 'I_gpi': 2.094793273164205, 'noise_stn_sigma': 4.332252780964103, 'noise_gpe_sigma': 39.38996424256368, 'noise_gpi_sigma': 79.8756361803262, 'g_stn_gpe_mult': 1.8729127436934743, 'g_gpe_stn_mult': 0.640510999733462, 'g_stn_gpi_mult': 1.657174203576601, 'g_gpe_gpi_mult': 1.0358191542029358}. Best is trial 198 with value: 0.17123825394474032.
[I 2026-05-28 22:57:14,733] Trial 367 finished with value: 1000000.0 and parameters: {'ISTN': 95.12517628196308, 'I_gpe': 3.507277716801204, 'I_gpi': 2.0404345957308943, 'noise_stn_sigma': 4.653100268038914, 'noise_gpe_sigma': 24.07336876236522, 'noise_gpi_sigma': 79.77486758605717, 'g_stn_gpe_mult': 1.6895769077956193, 'g_gpe_stn_mult': 0.7689905724824337, 'g_stn_gpi_mult': 1.8259888583779067, 'g_gpe_gpi_mult': 1.1101491239118353}. Best is trial 198 with value: 0.17123825394474032.
[I 2026-05-28 22:57:15,737] Trial 368 finished with value: 5.241724606048237 and parameters: {'ISTN': 85.73822691260581, 'I_gpe': 3.422275231195809, 'I_gpi': 1.0670318500791103, 'noise_stn_sigma': 3.744336876439622, 'noise_gpe_sigma': 42.262954319350925, 'noise_gpi_sigma': 72.29877473052451, 'g_stn_gpe_mult': 1.6253779501457266, 'g_gpe_stn_mult': 0.7246768522676544, 'g_stn_gpi_mult': 1.4729485183838125, 'g_gpe_gpi_mult': 1.2675090276423164}. Best is trial 198 with value: 0.17123825394474032.
[I 2026-05-28 22:57:16,743] Trial 369 finished with value: 10.683425876956948 and parameters: {'ISTN': 104.47527894784801, 'I_gpe': 2.990667831231248, 'I_gpi': 2.1819116494807345, 'noise_stn_sigma': 3.7475938025302464, 'noise_gpe_sigma': 33.420311827279306, 'noise_gpi_sigma': 84.49618679326039, 'g_stn_gpe_mult': 1.569948369802487, 'g_gpe_stn_mult': 0.7369938602067678, 'g_stn_gpi_mult': 1.7659351332123159, 'g_gpe_gpi_mult': 1.1028624602122554}. Best is trial 198 with value: 0.17123825394474032.
[I 2026-05-28 22:57:17,744] Trial 370 finished with value: 105.27105866488019 and parameters: {'ISTN': 94.2792461029688, 'I_gpe': 3.9148732014228753, 'I_gpi': 2.0629558475840737, 'noise_stn_sigma': 3.2639508028395507, 'noise_gpe_sigma': 31.17172483521839, 'noise_gpi_sigma': 80.5216273768886, 'g_stn_gpe_mult': 1.8070751922076118, 'g_gpe_stn_mult': 0.6853478135225644, 'g_stn_gpi_mult': 1.7692861304563583, 'g_gpe_gpi_mult': 1.003402795579309}. Best is trial 198 with value: 0.17123825394474032.
[I 2026-05-28 22:57:18,752] Trial 371 finished with value: 2.7948289955632557 and parameters: {'ISTN': 85.7613671885075, 'I_gpe': 3.119709621886354, 'I_gpi': 1.5002603944914963, 'noise_stn_sigma': 3.979959124884471, 'noise_gpe_sigma': 35.673441582080265, 'noise_gpi_sigma': 74.7814416118379, 'g_stn_gpe_mult': 1.483759537489759, 'g_gpe_stn_mult': 0.6548757730911059, 'g_stn_gpi_mult': 1.8955790527787637, 'g_gpe_gpi_mult': 1.1172608453368633}. Best is trial 198 with value: 0.17123825394474032.
[I 2026-05-28 22:57:19,759] Trial 372 finished with value: 2.677262900355991 and parameters: {'ISTN': 80.06461852647064, 'I_gpe': 3.4174881656863874, 'I_gpi': 1.2630192249141754, 'noise_stn_sigma': 4.551274142638432, 'noise_gpe_sigma': 25.301850075694603, 'noise_gpi_sigma': 62.96464359562261, 'g_stn_gpe_mult': 1.727606230846849, 'g_gpe_stn_mult': 0.5776288993999681, 'g_stn_gpi_mult': 1.8701488841477463, 'g_gpe_gpi_mult': 0.8653975226025656}. Best is trial 198 with value: 0.17123825394474032.
[I 2026-05-28 22:57:20,766] Trial 373 finished with value: 3.681755269871801 and parameters: {'ISTN': 84.10922104392739, 'I_gpe': 2.4433602257891227, 'I_gpi': 2.816734392021323, 'noise_stn_sigma': 4.720738516341839, 'noise_gpe_sigma': 47.42793281480094, 'noise_gpi_sigma': 66.60859016094781, 'g_stn_gpe_mult': 1.5557858972281564, 'g_gpe_stn_mult': 0.7637129804120504, 'g_stn_gpi_mult': 1.7799792523851332, 'g_gpe_gpi_mult': 0.9402700976199585}. Best is trial 198 with value: 0.17123825394474032.
[I 2026-05-28 22:57:21,774] Trial 374 finished with value: 0.20669387119541296 and parameters: {'ISTN': 95.591146432967, 'I_gpe': 3.708540012483702, 'I_gpi': 1.8214221174349319, 'noise_stn_sigma': 3.790200934918171, 'noise_gpe_sigma': 38.219083996239654, 'noise_gpi_sigma': 67.10693287784645, 'g_stn_gpe_mult': 1.4468332236797845, 'g_gpe_stn_mult': 0.6653912498021175, 'g_stn_gpi_mult': 1.8461731820505325, 'g_gpe_gpi_mult': 1.0328600209580392}. Best is trial 198 with value: 0.17123825394474032.
[I 2026-05-28 22:57:22,780] Trial 375 finished with value: 1.0142601113596572 and parameters: {'ISTN': 85.7777079372635, 'I_gpe': 2.940961707445065, 'I_gpi': 1.4795810596473051, 'noise_stn_sigma': 4.14916267582141, 'noise_gpe_sigma': 36.25372194803352, 'noise_gpi_sigma': 60.93668028331299, 'g_stn_gpe_mult': 1.7457034829948612, 'g_gpe_stn_mult': 0.7110490261871241, 'g_stn_gpi_mult': 1.5133736928646988, 'g_gpe_gpi_mult': 0.9430721911584241}. Best is trial 198 with value: 0.17123825394474032.
[I 2026-05-28 22:57:23,783] Trial 376 finished with value: 2.1402971845257697 and parameters: {'ISTN': 92.18822682843383, 'I_gpe': 3.6732667002232837, 'I_gpi': 1.27415727811417, 'noise_stn_sigma': 4.2392539732224925, 'noise_gpe_sigma': 27.295108690201356, 'noise_gpi_sigma': 71.01188656647514, 'g_stn_gpe_mult': 1.68335353495842, 'g_gpe_stn_mult': 0.6754290917821713, 'g_stn_gpi_mult': 1.9317404088288186, 'g_gpe_gpi_mult': 0.8717094481330306}. Best is trial 198 with value: 0.17123825394474032.
[I 2026-05-28 22:57:24,788] Trial 377 finished with value: 5.159488811302239 and parameters: {'ISTN': 90.50110779096046, 'I_gpe': 3.2522102032682643, 'I_gpi': 1.4948839398029239, 'noise_stn_sigma': 3.7992155520276274, 'noise_gpe_sigma': 31.535773486850694, 'noise_gpi_sigma': 68.37266364887931, 'g_stn_gpe_mult': 1.638644310527694, 'g_gpe_stn_mult': 0.6402211107731759, 'g_stn_gpi_mult': 1.8192210354362706, 'g_gpe_gpi_mult': 0.8636729671596131}. Best is trial 198 with value: 0.17123825394474032.
[I 2026-05-28 22:57:25,797] Trial 378 finished with value: 0.8104608819262036 and parameters: {'ISTN': 90.33464698310965, 'I_gpe': 3.074572384446575, 'I_gpi': 1.2756821719442053, 'noise_stn_sigma': 3.245266091240615, 'noise_gpe_sigma': 42.91113844742277, 'noise_gpi_sigma': 69.14240062393412, 'g_stn_gpe_mult': 1.677616422995217, 'g_gpe_stn_mult': 0.7211247706093877, 'g_stn_gpi_mult': 1.768230847271487, 'g_gpe_gpi_mult': 0.6192750441779963}. Best is trial 198 with value: 0.17123825394474032.
[I 2026-05-28 22:57:26,801] Trial 379 finished with value: 3.5391356525059634 and parameters: {'ISTN': 97.43785414029823, 'I_gpe': 3.469633823683299, 'I_gpi': 1.9967963087628187, 'noise_stn_sigma': 3.6721381179488044, 'noise_gpe_sigma': 29.90342378237016, 'noise_gpi_sigma': 67.45466005568898, 'g_stn_gpe_mult': 1.6036395344631713, 'g_gpe_stn_mult': 0.6614678104621476, 'g_stn_gpi_mult': 1.8323167776258749, 'g_gpe_gpi_mult': 0.8921472399937844}. Best is trial 198 with value: 0.17123825394474032.
[I 2026-05-28 22:57:27,803] Trial 380 finished with value: 106.02845955778521 and parameters: {'ISTN': 92.14871039261976, 'I_gpe': 3.9380667727413936, 'I_gpi': 1.060131521956468, 'noise_stn_sigma': 3.348744020501023, 'noise_gpe_sigma': 24.355334119422494, 'noise_gpi_sigma': 67.23421189544491, 'g_stn_gpe_mult': 1.5392453067371377, 'g_gpe_stn_mult': 0.7662363782850283, 'g_stn_gpi_mult': 1.8152665536888426, 'g_gpe_gpi_mult': 1.0527879567056977}. Best is trial 198 with value: 0.17123825394474032.
[I 2026-05-28 22:57:28,807] Trial 381 finished with value: 3.6693350254100303 and parameters: {'ISTN': 88.89619627755636, 'I_gpe': 3.1054294687247466, 'I_gpi': 1.3195907754831764, 'noise_stn_sigma': 4.208445477983724, 'noise_gpe_sigma': 44.035934160351104, 'noise_gpi_sigma': 62.07932767762024, 'g_stn_gpe_mult': 1.6750530496023976, 'g_gpe_stn_mult': 0.7880470628406282, 'g_stn_gpi_mult': 1.7655755950914391, 'g_gpe_gpi_mult': 1.0889725608265115}. Best is trial 198 with value: 0.17123825394474032.
[I 2026-05-28 22:57:29,815] Trial 382 finished with value: 11.191197375510372 and parameters: {'ISTN': 107.23533387358336, 'I_gpe': 3.256954370711397, 'I_gpi': 1.1588811649918473, 'noise_stn_sigma': 3.6388087304808727, 'noise_gpe_sigma': 44.51036706484641, 'noise_gpi_sigma': 61.44038727507789, 'g_stn_gpe_mult': 1.5022973820653964, 'g_gpe_stn_mult': 0.7176727223164079, 'g_stn_gpi_mult': 1.6805420498938437, 'g_gpe_gpi_mult': 0.8998805848229393}. Best is trial 198 with value: 0.17123825394474032.
[I 2026-05-28 22:57:30,818] Trial 383 finished with value: 3.4472057383700214 and parameters: {'ISTN': 102.51315318805538, 'I_gpe': 3.4418818906357727, 'I_gpi': 2.1074244406636393, 'noise_stn_sigma': 4.841986005363404, 'noise_gpe_sigma': 40.014332260831324, 'noise_gpi_sigma': 57.14329591107596, 'g_stn_gpe_mult': 1.3543309213456398, 'g_gpe_stn_mult': 0.8016992405351109, 'g_stn_gpi_mult': 1.8169972992813745, 'g_gpe_gpi_mult': 1.1521845048998614}. Best is trial 198 with value: 0.17123825394474032.
[I 2026-05-28 22:57:31,766] Trial 384 finished with value: 1000000.0 and parameters: {'ISTN': 97.36692747358572, 'I_gpe': 2.929344893326631, 'I_gpi': 1.788127265398339, 'noise_stn_sigma': 3.8790936848506568, 'noise_gpe_sigma': 33.14402095463525, 'noise_gpi_sigma': 65.46082336271317, 'g_stn_gpe_mult': 1.7512351782481397, 'g_gpe_stn_mult': 0.8256430742588863, 'g_stn_gpi_mult': 1.769182604352215, 'g_gpe_gpi_mult': 0.8212931131732089}. Best is trial 198 with value: 0.17123825394474032.
[I 2026-05-28 22:57:32,771] Trial 385 finished with value: 3.3353676136219237 and parameters: {'ISTN': 102.49363812604442, 'I_gpe': 3.90950132279412, 'I_gpi': 1.8901291452553481, 'noise_stn_sigma': 3.882658906807563, 'noise_gpe_sigma': 25.589913071544007, 'noise_gpi_sigma': 66.30507173712846, 'g_stn_gpe_mult': 1.5253805155345714, 'g_gpe_stn_mult': 0.7005075792013107, 'g_stn_gpi_mult': 1.9023241821081356, 'g_gpe_gpi_mult': 0.8623404848616405}. Best is trial 198 with value: 0.17123825394474032.
[I 2026-05-28 22:57:33,774] Trial 386 finished with value: 104.88173540668015 and parameters: {'ISTN': 88.5802033312436, 'I_gpe': 3.552736928726474, 'I_gpi': 1.7945197517898526, 'noise_stn_sigma': 4.042114942371363, 'noise_gpe_sigma': 36.839076655432194, 'noise_gpi_sigma': 64.94607626282681, 'g_stn_gpe_mult': 1.5846456505930397, 'g_gpe_stn_mult': 0.7157454497642844, 'g_stn_gpi_mult': 1.8425268481944963, 'g_gpe_gpi_mult': 0.9966287077147907}. Best is trial 198 with value: 0.17123825394474032.
[I 2026-05-28 22:57:34,781] Trial 387 finished with value: 3.8338340917739755 and parameters: {'ISTN': 116.95285730098931, 'I_gpe': 3.8015065436559676, 'I_gpi': 1.659049734873154, 'noise_stn_sigma': 4.07669261179813, 'noise_gpe_sigma': 42.470085449881246, 'noise_gpi_sigma': 63.18540183070101, 'g_stn_gpe_mult': 1.7232432475173116, 'g_gpe_stn_mult': 0.7260706862974952, 'g_stn_gpi_mult': 1.6650464321179297, 'g_gpe_gpi_mult': 0.9634263799212526}. Best is trial 198 with value: 0.17123825394474032.
[I 2026-05-28 22:57:35,788] Trial 388 finished with value: 10.98780509548341 and parameters: {'ISTN': 110.1084878821676, 'I_gpe': 3.415038065396793, 'I_gpi': 1.1601765046868082, 'noise_stn_sigma': 3.7210957061885814, 'noise_gpe_sigma': 42.7789341055995, 'noise_gpi_sigma': 57.318438282493844, 'g_stn_gpe_mult': 1.5664188678559698, 'g_gpe_stn_mult': 0.7139807066121899, 'g_stn_gpi_mult': 1.8451223586591279, 'g_gpe_gpi_mult': 0.8568007516981084}. Best is trial 198 with value: 0.17123825394474032.
[I 2026-05-28 22:57:36,789] Trial 389 finished with value: 105.10467144747888 and parameters: {'ISTN': 90.42504100978064, 'I_gpe': 3.410625618001654, 'I_gpi': 1.9787609822177383, 'noise_stn_sigma': 4.383322241067981, 'noise_gpe_sigma': 26.886452304715675, 'noise_gpi_sigma': 65.72492070611136, 'g_stn_gpe_mult': 1.555899383159546, 'g_gpe_stn_mult': 0.7767355409613519, 'g_stn_gpi_mult': 1.62607047628876, 'g_gpe_gpi_mult': 0.9116212551229155}. Best is trial 198 with value: 0.17123825394474032.
[I 2026-05-28 22:57:37,797] Trial 390 finished with value: 0.6584409406335479 and parameters: {'ISTN': 97.11860989107822, 'I_gpe': 3.548141490812912, 'I_gpi': 1.3461703027034337, 'noise_stn_sigma': 3.9200806236526264, 'noise_gpe_sigma': 37.676243765240535, 'noise_gpi_sigma': 64.967117262161, 'g_stn_gpe_mult': 1.5954079009428195, 'g_gpe_stn_mult': 0.6831438377551712, 'g_stn_gpi_mult': 1.75026718519757, 'g_gpe_gpi_mult': 1.1751476524384907}. Best is trial 198 with value: 0.17123825394474032.
[I 2026-05-28 22:57:38,800] Trial 391 finished with value: 4.350376177301215 and parameters: {'ISTN': 115.17286949198683, 'I_gpe': 3.963984291429535, 'I_gpi': 1.5376405933119717, 'noise_stn_sigma': 4.419086977382889, 'noise_gpe_sigma': 22.212508662145602, 'noise_gpi_sigma': 50.52353398899107, 'g_stn_gpe_mult': 1.3820235283857745, 'g_gpe_stn_mult': 0.7662398311112575, 'g_stn_gpi_mult': 1.8374600528946075, 'g_gpe_gpi_mult': 1.2180721517646684}. Best is trial 198 with value: 0.17123825394474032.
[I 2026-05-28 22:57:39,807] Trial 392 finished with value: 1.038150663677163 and parameters: {'ISTN': 90.87830309591642, 'I_gpe': 3.052598601077347, 'I_gpi': 2.3145592774917265, 'noise_stn_sigma': 4.081840060312663, 'noise_gpe_sigma': 43.65166055119296, 'noise_gpi_sigma': 66.7251527369441, 'g_stn_gpe_mult': 1.5216576396808155, 'g_gpe_stn_mult': 0.7258825787312078, 'g_stn_gpi_mult': 1.8186363626667936, 'g_gpe_gpi_mult': 1.0494839725882392}. Best is trial 198 with value: 0.17123825394474032.
[I 2026-05-28 22:57:40,810] Trial 393 finished with value: 105.08549418621634 and parameters: {'ISTN': 105.09188898233252, 'I_gpe': 3.57588043812512, 'I_gpi': 2.2967684131940795, 'noise_stn_sigma': 4.095548158515184, 'noise_gpe_sigma': 32.99737736475308, 'noise_gpi_sigma': 63.23086325636514, 'g_stn_gpe_mult': 1.4667748089283097, 'g_gpe_stn_mult': 0.826676487247634, 'g_stn_gpi_mult': 1.9877778086117612, 'g_gpe_gpi_mult': 1.0883112650454883}. Best is trial 198 with value: 0.17123825394474032.
[I 2026-05-28 22:57:41,811] Trial 394 finished with value: 105.30680931098536 and parameters: {'ISTN': 114.9087400449007, 'I_gpe': 3.601399653724936, 'I_gpi': 1.7851086730357193, 'noise_stn_sigma': 4.113540483569574, 'noise_gpe_sigma': 36.1637698322153, 'noise_gpi_sigma': 61.828059418043075, 'g_stn_gpe_mult': 1.4751058679950164, 'g_gpe_stn_mult': 0.8810314697471473, 'g_stn_gpi_mult': 1.5962689288202232, 'g_gpe_gpi_mult': 1.0880314276873233}. Best is trial 198 with value: 0.17123825394474032.
[I 2026-05-28 22:57:42,816] Trial 395 finished with value: 0.9987653806561511 and parameters: {'ISTN': 112.69912584555351, 'I_gpe': 3.6524423590463835, 'I_gpi': 1.4549418335371, 'noise_stn_sigma': 3.918845716103666, 'noise_gpe_sigma': 23.63318528067135, 'noise_gpi_sigma': 62.053944148591064, 'g_stn_gpe_mult': 1.4712655572528162, 'g_gpe_stn_mult': 0.7715557914323262, 'g_stn_gpi_mult': 1.6083883272231425, 'g_gpe_gpi_mult': 1.1817588793009908}. Best is trial 198 with value: 0.17123825394474032.
