[I 2026-05-28 22:37:42,391] Trial 220 finished with value: 67.25042901891338 and parameters: {'ISTN': 142.19055688377543, 'I_gpe': 3.510012630176381, 'I_gpi': 5.872432744876026, 'noise_stn_sigma': 4.2549744802447975, 'noise_gpe_sigma': 39.697162718158665, 'noise_gpi_sigma': 45.91043734044893, 'g_stn_gpe_mult': 1.9086597682389792, 'g_gpe_stn_mult': 0.7302465404765021, 'g_stn_gpi_mult': 1.2265333474370026, 'g_gpe_gpi_mult': 1.4910853420576717}. Best is trial 102 with value: 0.29735011365907316.
[I 2026-05-28 22:37:43,401] Trial 221 finished with value: 33.084457011912725 and parameters: {'ISTN': 133.65129264408728, 'I_gpe': 3.5508291323598735, 'I_gpi': 5.43973673669575, 'noise_stn_sigma': 3.984532838080178, 'noise_gpe_sigma': 42.893932480876806, 'noise_gpi_sigma': 44.862644712761615, 'g_stn_gpe_mult': 1.5947011043784163, 'g_gpe_stn_mult': 0.77859335331423, 'g_stn_gpi_mult': 1.2203659832177811, 'g_gpe_gpi_mult': 1.7250003953572315}. Best is trial 102 with value: 0.29735011365907316.
[I 2026-05-28 22:37:44,408] Trial 222 finished with value: 108.62049879420215 and parameters: {'ISTN': 129.39123858913226, 'I_gpe': 4.076864352694258, 'I_gpi': 5.44850602297812, 'noise_stn_sigma': 3.2758706069286037, 'noise_gpe_sigma': 46.29945065759937, 'noise_gpi_sigma': 57.97773641027704, 'g_stn_gpe_mult': 1.3802224241054168, 'g_gpe_stn_mult': 0.9293528088749432, 'g_stn_gpi_mult': 1.4086789145795506, 'g_gpe_gpi_mult': 1.6222347942430613}. Best is trial 102 with value: 0.29735011365907316.
[I 2026-05-28 22:37:45,412] Trial 223 finished with value: 108.29222724122813 and parameters: {'ISTN': 128.45348635322628, 'I_gpe': 3.6837761506985496, 'I_gpi': 5.262473438757882, 'noise_stn_sigma': 3.484991524891953, 'noise_gpe_sigma': 40.89757401568617, 'noise_gpi_sigma': 42.912135656171195, 'g_stn_gpe_mult': 1.5139073554782565, 'g_gpe_stn_mult': 1.016244342485671, 'g_stn_gpi_mult': 1.3810376465216323, 'g_gpe_gpi_mult': 1.7117198213706057}. Best is trial 102 with value: 0.29735011365907316.
[I 2026-05-28 22:37:46,418] Trial 224 finished with value: 4.504071229810024 and parameters: {'ISTN': 121.24802548156418, 'I_gpe': 4.180844560375771, 'I_gpi': 5.163339087443017, 'noise_stn_sigma': 3.822421098996242, 'noise_gpe_sigma': 31.83338773085849, 'noise_gpi_sigma': 61.21239653600726, 'g_stn_gpe_mult': 1.3452972843057618, 'g_gpe_stn_mult': 0.7291891504134583, 'g_stn_gpi_mult': 1.1581028478036324, 'g_gpe_gpi_mult': 1.5030938174684776}. Best is trial 102 with value: 0.29735011365907316.
[I 2026-05-28 22:37:47,422] Trial 225 finished with value: 109.12387891575214 and parameters: {'ISTN': 138.01175350054487, 'I_gpe': 4.368044847925672, 'I_gpi': 5.742525080772727, 'noise_stn_sigma': 3.311539620629688, 'noise_gpe_sigma': 33.19426861517803, 'noise_gpi_sigma': 51.15064330784144, 'g_stn_gpe_mult': 1.3654095077376323, 'g_gpe_stn_mult': 0.8188330671385015, 'g_stn_gpi_mult': 1.196594617730971, 'g_gpe_gpi_mult': 1.8235924211028476}. Best is trial 102 with value: 0.29735011365907316.
[I 2026-05-28 22:37:48,430] Trial 226 finished with value: 38.79443931998004 and parameters: {'ISTN': 120.01776791397896, 'I_gpe': 3.321795181429393, 'I_gpi': 5.238257866467007, 'noise_stn_sigma': 4.13314319770027, 'noise_gpe_sigma': 39.205792034051946, 'noise_gpi_sigma': 42.42845038586917, 'g_stn_gpe_mult': 1.494984623962702, 'g_gpe_stn_mult': 0.6681610836825174, 'g_stn_gpi_mult': 1.3163150808566857, 'g_gpe_gpi_mult': 1.5906941173116114}. Best is trial 102 with value: 0.29735011365907316.
[I 2026-05-28 22:37:49,441] Trial 227 finished with value: 7.136465779394771 and parameters: {'ISTN': 126.16182781438866, 'I_gpe': 3.373645542546847, 'I_gpi': 4.430537915313818, 'noise_stn_sigma': 4.48166285624483, 'noise_gpe_sigma': 38.84485709742045, 'noise_gpi_sigma': 48.112923518709394, 'g_stn_gpe_mult': 1.7766906154538789, 'g_gpe_stn_mult': 0.8494768194460833, 'g_stn_gpi_mult': 1.411819694181518, 'g_gpe_gpi_mult': 1.504952351979954}. Best is trial 102 with value: 0.29735011365907316.
[I 2026-05-28 22:37:50,445] Trial 228 finished with value: 108.537156857907 and parameters: {'ISTN': 130.30734744291547, 'I_gpe': 4.863347356851849, 'I_gpi': 5.193874923604883, 'noise_stn_sigma': 3.3952238039019953, 'noise_gpe_sigma': 35.58686813033614, 'noise_gpi_sigma': 51.951724739235566, 'g_stn_gpe_mult': 1.3468006409770563, 'g_gpe_stn_mult': 0.7346018068242344, 'g_stn_gpi_mult': 1.313696318086563, 'g_gpe_gpi_mult': 1.6950797246029605}. Best is trial 102 with value: 0.29735011365907316.
[I 2026-05-28 22:37:51,453] Trial 229 finished with value: 30.29709106527301 and parameters: {'ISTN': 135.83911991018994, 'I_gpe': 4.0311012373285084, 'I_gpi': 5.3046386255400915, 'noise_stn_sigma': 3.871497885251085, 'noise_gpe_sigma': 44.89088181752437, 'noise_gpi_sigma': 36.19838649835751, 'g_stn_gpe_mult': 1.3370151044979333, 'g_gpe_stn_mult': 0.7330124560685483, 'g_stn_gpi_mult': 1.5063308601880836, 'g_gpe_gpi_mult': 1.5006117092704556}. Best is trial 102 with value: 0.29735011365907316.
[I 2026-05-28 22:37:52,461] Trial 230 finished with value: 3.702287589216693 and parameters: {'ISTN': 139.1686483070477, 'I_gpe': 3.5920232519232087, 'I_gpi': 5.240435688823687, 'noise_stn_sigma': 4.26458996653891, 'noise_gpe_sigma': 29.70387168928122, 'noise_gpi_sigma': 43.66982202178259, 'g_stn_gpe_mult': 1.415098511589794, 'g_gpe_stn_mult': 0.9048876308619793, 'g_stn_gpi_mult': 1.337692927426049, 'g_gpe_gpi_mult': 1.717031894192824}. Best is trial 102 with value: 0.29735011365907316.
[I 2026-05-28 22:37:53,473] Trial 231 finished with value: 80.08241201563854 and parameters: {'ISTN': 143.02355903597564, 'I_gpe': 3.5875458098837396, 'I_gpi': 5.73764774892974, 'noise_stn_sigma': 3.8328751710830735, 'noise_gpe_sigma': 26.187628047351264, 'noise_gpi_sigma': 40.76293767615434, 'g_stn_gpe_mult': 1.55829498722863, 'g_gpe_stn_mult': 0.6651635409901933, 'g_stn_gpi_mult': 1.3651014661825172, 'g_gpe_gpi_mult': 1.434731825000453}. Best is trial 102 with value: 0.29735011365907316.
[I 2026-05-28 22:37:54,475] Trial 232 finished with value: 107.7680635486049 and parameters: {'ISTN': 117.62739709058025, 'I_gpe': 4.420734955996993, 'I_gpi': 4.916699904567309, 'noise_stn_sigma': 4.588628981877459, 'noise_gpe_sigma': 36.48539987708469, 'noise_gpi_sigma': 60.14493949810363, 'g_stn_gpe_mult': 1.4142549559399296, 'g_gpe_stn_mult': 0.803194265121383, 'g_stn_gpi_mult': 1.2136740473170657, 'g_gpe_gpi_mult': 1.7866184667176908}. Best is trial 102 with value: 0.29735011365907316.
[I 2026-05-28 22:37:55,479] Trial 233 finished with value: 5.493930497072401 and parameters: {'ISTN': 133.07563787864473, 'I_gpe': 4.050507365552955, 'I_gpi': 4.910141037219677, 'noise_stn_sigma': 4.048681414350303, 'noise_gpe_sigma': 38.02454928577653, 'noise_gpi_sigma': 41.40283674443116, 'g_stn_gpe_mult': 1.3831188909744827, 'g_gpe_stn_mult': 0.8288592968459156, 'g_stn_gpi_mult': 1.2570821950416713, 'g_gpe_gpi_mult': 1.6541028758145409}. Best is trial 102 with value: 0.29735011365907316.
[I 2026-05-28 22:37:56,486] Trial 234 finished with value: 29.296888363281642 and parameters: {'ISTN': 125.01058329123447, 'I_gpe': 3.367613471892356, 'I_gpi': 5.061156828609439, 'noise_stn_sigma': 4.8491934240294725, 'noise_gpe_sigma': 36.700860730038954, 'noise_gpi_sigma': 52.455252595110316, 'g_stn_gpe_mult': 1.2934201896510262, 'g_gpe_stn_mult': 0.7678474167455156, 'g_stn_gpi_mult': 1.2384065858228037, 'g_gpe_gpi_mult': 1.4978574432574958}. Best is trial 102 with value: 0.29735011365907316.
[I 2026-05-28 22:37:57,489] Trial 235 finished with value: 109.0280287644221 and parameters: {'ISTN': 126.2083262976951, 'I_gpe': 4.46160932987855, 'I_gpi': 5.551412978416034, 'noise_stn_sigma': 4.71940050884556, 'noise_gpe_sigma': 35.05457340146627, 'noise_gpi_sigma': 44.2623246842178, 'g_stn_gpe_mult': 1.4387979395907322, 'g_gpe_stn_mult': 0.8032070358803138, 'g_stn_gpi_mult': 1.1770414336629111, 'g_gpe_gpi_mult': 1.701988379071634}. Best is trial 102 with value: 0.29735011365907316.
[I 2026-05-28 22:37:58,494] Trial 236 finished with value: 107.61796613247012 and parameters: {'ISTN': 130.46868769388018, 'I_gpe': 4.581242009565062, 'I_gpi': 4.887060576398695, 'noise_stn_sigma': 4.661092413072767, 'noise_gpe_sigma': 26.526971455539375, 'noise_gpi_sigma': 49.64312982958503, 'g_stn_gpe_mult': 1.2098575917458958, 'g_gpe_stn_mult': 0.7542902388687373, 'g_stn_gpi_mult': 1.3693631270066904, 'g_gpe_gpi_mult': 1.6151637859798855}. Best is trial 102 with value: 0.29735011365907316.
[I 2026-05-28 22:37:59,502] Trial 237 finished with value: 4.417694932172293 and parameters: {'ISTN': 112.65608691603754, 'I_gpe': 4.189310975523212, 'I_gpi': 5.070612953686486, 'noise_stn_sigma': 4.376757824415258, 'noise_gpe_sigma': 35.514242144467744, 'noise_gpi_sigma': 52.8373443596088, 'g_stn_gpe_mult': 1.4657044167434985, 'g_gpe_stn_mult': 0.6932213158070224, 'g_stn_gpi_mult': 1.30242825743212, 'g_gpe_gpi_mult': 1.7584370746237983}. Best is trial 102 with value: 0.29735011365907316.
[I 2026-05-28 22:38:00,506] Trial 238 finished with value: 107.72263176692553 and parameters: {'ISTN': 121.86503433617847, 'I_gpe': 3.833399246706912, 'I_gpi': 4.953871948514313, 'noise_stn_sigma': 3.653018064020559, 'noise_gpe_sigma': 34.672014480639405, 'noise_gpi_sigma': 44.41589151506751, 'g_stn_gpe_mult': 1.3724617369322545, 'g_gpe_stn_mult': 1.1444161087693683, 'g_stn_gpi_mult': 1.1664642482973142, 'g_gpe_gpi_mult': 1.870158106468464}. Best is trial 102 with value: 0.29735011365907316.
[I 2026-05-28 22:38:01,512] Trial 239 finished with value: 5.382257793595035 and parameters: {'ISTN': 141.74847085882953, 'I_gpe': 4.22529072725866, 'I_gpi': 4.934971120583957, 'noise_stn_sigma': 3.867415053768087, 'noise_gpe_sigma': 33.56473633368945, 'noise_gpi_sigma': 47.97622205973977, 'g_stn_gpe_mult': 1.38330980416938, 'g_gpe_stn_mult': 0.8254882876592553, 'g_stn_gpi_mult': 1.2550941994306397, 'g_gpe_gpi_mult': 1.522690749187557}. Best is trial 102 with value: 0.29735011365907316.
[I 2026-05-28 22:38:02,462] Trial 240 finished with value: 1000000.0 and parameters: {'ISTN': 126.2118863185978, 'I_gpe': 3.8656280536365646, 'I_gpi': 5.196152124611808, 'noise_stn_sigma': 4.159277974935571, 'noise_gpe_sigma': 38.46355001274283, 'noise_gpi_sigma': 52.68620372155098, 'g_stn_gpe_mult': 1.5499755886410154, 'g_gpe_stn_mult': 0.6828953282028358, 'g_stn_gpi_mult': 1.1562738341289485, 'g_gpe_gpi_mult': 1.784722581565276}. Best is trial 102 with value: 0.29735011365907316.
[I 2026-05-28 22:38:03,468] Trial 241 finished with value: 108.74062343020677 and parameters: {'ISTN': 108.43145774446938, 'I_gpe': 4.698341622635389, 'I_gpi': 5.347166408915083, 'noise_stn_sigma': 4.170549540627703, 'noise_gpe_sigma': 28.201535749080413, 'noise_gpi_sigma': 46.939159169795396, 'g_stn_gpe_mult': 1.2417098320160798, 'g_gpe_stn_mult': 0.7297275642823995, 'g_stn_gpi_mult': 1.312415600832985, 'g_gpe_gpi_mult': 1.7519058796266198}. Best is trial 102 with value: 0.29735011365907316.
[I 2026-05-28 22:38:04,479] Trial 242 finished with value: 55.09230752465825 and parameters: {'ISTN': 127.82297690196191, 'I_gpe': 3.8231376599485847, 'I_gpi': 5.0073535381620875, 'noise_stn_sigma': 4.302728751156396, 'noise_gpe_sigma': 35.33901792628119, 'noise_gpi_sigma': 49.25217303003993, 'g_stn_gpe_mult': 1.3210520248321609, 'g_gpe_stn_mult': 0.5817726706584813, 'g_stn_gpi_mult': 1.0130499006388654, 'g_gpe_gpi_mult': 1.5508485847385778}. Best is trial 102 with value: 0.29735011365907316.
[I 2026-05-28 22:38:05,485] Trial 243 finished with value: 2.169288849469037 and parameters: {'ISTN': 122.02622046799848, 'I_gpe': 3.7688641409334713, 'I_gpi': 4.302185752144894, 'noise_stn_sigma': 4.490587738703786, 'noise_gpe_sigma': 42.61649868371043, 'noise_gpi_sigma': 45.91073774356995, 'g_stn_gpe_mult': 1.4007691833032268, 'g_gpe_stn_mult': 0.8156555915797323, 'g_stn_gpi_mult': 0.9874822536711542, 'g_gpe_gpi_mult': 1.4794963964219572}. Best is trial 102 with value: 0.29735011365907316.
[I 2026-05-28 22:38:06,435] Trial 244 finished with value: 1000000.0 and parameters: {'ISTN': 117.99096005825555, 'I_gpe': 3.963298650742712, 'I_gpi': 5.147956835452217, 'noise_stn_sigma': 4.066495265238611, 'noise_gpe_sigma': 40.157306850452144, 'noise_gpi_sigma': 56.32868065528594, 'g_stn_gpe_mult': 1.3430499813054726, 'g_gpe_stn_mult': 0.7642720752895347, 'g_stn_gpi_mult': 1.209438181358197, 'g_gpe_gpi_mult': 1.5110042335768366}. Best is trial 102 with value: 0.29735011365907316.
[I 2026-05-28 22:38:07,443] Trial 245 finished with value: 3.5594625243379006 and parameters: {'ISTN': 122.61170071564669, 'I_gpe': 3.6885988186791323, 'I_gpi': 5.272301408330136, 'noise_stn_sigma': 4.603974567910984, 'noise_gpe_sigma': 31.199694423697785, 'noise_gpi_sigma': 54.92934654553123, 'g_stn_gpe_mult': 1.3094274960573298, 'g_gpe_stn_mult': 0.8188514392772325, 'g_stn_gpi_mult': 1.1189072139140657, 'g_gpe_gpi_mult': 1.5982537158723633}. Best is trial 102 with value: 0.29735011365907316.
[I 2026-05-28 22:38:08,453] Trial 246 finished with value: 53.19816097166458 and parameters: {'ISTN': 124.99099603881244, 'I_gpe': 3.844273243589483, 'I_gpi': 4.994379420767884, 'noise_stn_sigma': 4.049231052105984, 'noise_gpe_sigma': 28.17039127691504, 'noise_gpi_sigma': 45.450637079123744, 'g_stn_gpe_mult': 1.396825849877029, 'g_gpe_stn_mult': 0.5033634818641063, 'g_stn_gpi_mult': 0.9524495972531857, 'g_gpe_gpi_mult': 1.6304690389930794}. Best is trial 102 with value: 0.29735011365907316.
[I 2026-05-28 22:38:09,462] Trial 247 finished with value: 25.02273638755955 and parameters: {'ISTN': 137.62058911931638, 'I_gpe': 3.7091400417565543, 'I_gpi': 4.159998120154855, 'noise_stn_sigma': 4.228094922743011, 'noise_gpe_sigma': 35.85872654429768, 'noise_gpi_sigma': 48.16598169132128, 'g_stn_gpe_mult': 1.485107987971809, 'g_gpe_stn_mult': 0.7956778700217291, 'g_stn_gpi_mult': 1.5596400982916583, 'g_gpe_gpi_mult': 1.4784697976827506}. Best is trial 102 with value: 0.29735011365907316.
[I 2026-05-28 22:38:10,472] Trial 248 finished with value: 23.824328517242158 and parameters: {'ISTN': 132.85714026531372, 'I_gpe': 4.256898826192078, 'I_gpi': 4.877932285442785, 'noise_stn_sigma': 4.206052115897991, 'noise_gpe_sigma': 27.80736970196737, 'noise_gpi_sigma': 46.18533143382501, 'g_stn_gpe_mult': 1.1006545266185386, 'g_gpe_stn_mult': 0.6977401446020274, 'g_stn_gpi_mult': 1.1692919665880743, 'g_gpe_gpi_mult': 1.554193625543977}. Best is trial 102 with value: 0.29735011365907316.
[I 2026-05-28 22:38:11,476] Trial 249 finished with value: 109.17915325981942 and parameters: {'ISTN': 115.95845283757322, 'I_gpe': 3.9191875259780566, 'I_gpi': 5.711781886876602, 'noise_stn_sigma': 4.616865537218551, 'noise_gpe_sigma': 25.717972556732683, 'noise_gpi_sigma': 63.838726875066776, 'g_stn_gpe_mult': 1.4648187789275415, 'g_gpe_stn_mult': 0.9395803359649176, 'g_stn_gpi_mult': 1.3824536190770962, 'g_gpe_gpi_mult': 1.5977490336609939}. Best is trial 102 with value: 0.29735011365907316.
[I 2026-05-28 22:38:12,481] Trial 250 finished with value: 107.47825029822296 and parameters: {'ISTN': 130.13356861425538, 'I_gpe': 4.331240810000608, 'I_gpi': 4.686663047942263, 'noise_stn_sigma': 4.012347117773598, 'noise_gpe_sigma': 26.800736925707, 'noise_gpi_sigma': 31.837409478505226, 'g_stn_gpe_mult': 1.472591463806216, 'g_gpe_stn_mult': 0.9073192124535547, 'g_stn_gpi_mult': 1.3720874893435968, 'g_gpe_gpi_mult': 1.6247219947976776}. Best is trial 102 with value: 0.29735011365907316.
[I 2026-05-28 22:38:13,493] Trial 251 finished with value: 25.5296654541202 and parameters: {'ISTN': 103.92851409402537, 'I_gpe': 3.2540445016352355, 'I_gpi': 5.364673157796603, 'noise_stn_sigma': 4.020642616131754, 'noise_gpe_sigma': 36.34429370329988, 'noise_gpi_sigma': 45.18573893486303, 'g_stn_gpe_mult': 1.6518137586255064, 'g_gpe_stn_mult': 0.588260741295502, 'g_stn_gpi_mult': 1.3083640294866954, 'g_gpe_gpi_mult': 1.5726666782972392}. Best is trial 102 with value: 0.29735011365907316.
[I 2026-05-28 22:38:14,501] Trial 252 finished with value: 2.499900986304426 and parameters: {'ISTN': 115.04984583788593, 'I_gpe': 3.4621211919421717, 'I_gpi': 4.08242170270989, 'noise_stn_sigma': 4.683745289061862, 'noise_gpe_sigma': 35.55389497630247, 'noise_gpi_sigma': 53.58370352384408, 'g_stn_gpe_mult': 1.58610995033425, 'g_gpe_stn_mult': 0.8421170357828154, 'g_stn_gpi_mult': 1.0157190779436995, 'g_gpe_gpi_mult': 1.6711847825582211}. Best is trial 102 with value: 0.29735011365907316.
[I 2026-05-28 22:38:15,508] Trial 253 finished with value: 2.353195119825794 and parameters: {'ISTN': 134.750676159744, 'I_gpe': 4.158440015296527, 'I_gpi': 4.5591801207281595, 'noise_stn_sigma': 4.754731683667635, 'noise_gpe_sigma': 34.187139126144004, 'noise_gpi_sigma': 43.53840904484994, 'g_stn_gpe_mult': 1.247796687972447, 'g_gpe_stn_mult': 0.792110267191884, 'g_stn_gpi_mult': 0.8726834764010173, 'g_gpe_gpi_mult': 1.5624174021665769}. Best is trial 102 with value: 0.29735011365907316.
[I 2026-05-28 22:38:16,517] Trial 254 finished with value: 37.8416299496875 and parameters: {'ISTN': 133.93080477938307, 'I_gpe': 3.580055664400076, 'I_gpi': 4.69288671741422, 'noise_stn_sigma': 4.736382872363044, 'noise_gpe_sigma': 36.704410510218764, 'noise_gpi_sigma': 46.56369534885932, 'g_stn_gpe_mult': 1.1732102486516487, 'g_gpe_stn_mult': 0.7708517024213631, 'g_stn_gpi_mult': 1.1957776212668612, 'g_gpe_gpi_mult': 1.4634751574136473}. Best is trial 102 with value: 0.29735011365907316.
[I 2026-05-28 22:38:17,523] Trial 255 finished with value: 3.5605278252237262 and parameters: {'ISTN': 125.11351921626778, 'I_gpe': 4.424429077606632, 'I_gpi': 4.7249542943913205, 'noise_stn_sigma': 4.467058386010688, 'noise_gpe_sigma': 27.458832297904618, 'noise_gpi_sigma': 40.95231928858819, 'g_stn_gpe_mult': 1.3376680709707436, 'g_gpe_stn_mult': 0.7110052553326989, 'g_stn_gpi_mult': 1.2054580999492632, 'g_gpe_gpi_mult': 1.6826923288035092}. Best is trial 102 with value: 0.29735011365907316.
[I 2026-05-28 22:38:18,527] Trial 256 finished with value: 108.22312033557192 and parameters: {'ISTN': 122.45640101568799, 'I_gpe': 4.214442455127029, 'I_gpi': 5.199310770205177, 'noise_stn_sigma': 4.227395832721312, 'noise_gpe_sigma': 41.911246493243624, 'noise_gpi_sigma': 50.461374517512, 'g_stn_gpe_mult': 1.5274150563153392, 'g_gpe_stn_mult': 0.861744526274917, 'g_stn_gpi_mult': 1.0051315474370028, 'g_gpe_gpi_mult': 1.6859029904360132}. Best is trial 102 with value: 0.29735011365907316.
[I 2026-05-28 22:38:19,536] Trial 257 finished with value: 3.469914395519257 and parameters: {'ISTN': 143.8558011974222, 'I_gpe': 3.921030708136125, 'I_gpi': 4.5602784231911375, 'noise_stn_sigma': 4.572938535861645, 'noise_gpe_sigma': 34.73332952472258, 'noise_gpi_sigma': 47.655985882766096, 'g_stn_gpe_mult': 1.0938051141713716, 'g_gpe_stn_mult': 0.8611635694645184, 'g_stn_gpi_mult': 1.064553231324268, 'g_gpe_gpi_mult': 1.42772794380576}. Best is trial 102 with value: 0.29735011365907316.
[I 2026-05-28 22:38:20,539] Trial 258 finished with value: 108.09307572843387 and parameters: {'ISTN': 117.53663894802875, 'I_gpe': 3.719475329723375, 'I_gpi': 5.159311429742488, 'noise_stn_sigma': 4.018794941866577, 'noise_gpe_sigma': 33.699330254173056, 'noise_gpi_sigma': 52.04585103044397, 'g_stn_gpe_mult': 1.4558692139313125, 'g_gpe_stn_mult': 0.9647286803965568, 'g_stn_gpi_mult': 1.2317921064271895, 'g_gpe_gpi_mult': 1.749992830260795}. Best is trial 102 with value: 0.29735011365907316.
[I 2026-05-28 22:38:21,549] Trial 259 finished with value: 16.380870713997865 and parameters: {'ISTN': 131.14352570823655, 'I_gpe': 3.6463107693873607, 'I_gpi': 4.52588074131519, 'noise_stn_sigma': 4.510529714849132, 'noise_gpe_sigma': 25.425732061471386, 'noise_gpi_sigma': 39.197696206312756, 'g_stn_gpe_mult': 1.3427038162631526, 'g_gpe_stn_mult': 0.7924673472702721, 'g_stn_gpi_mult': 0.9800444948497566, 'g_gpe_gpi_mult': 1.4203549119272516}. Best is trial 102 with value: 0.29735011365907316.
[I 2026-05-28 22:38:22,558] Trial 260 finished with value: 39.05158394672928 and parameters: {'ISTN': 136.84695502582625, 'I_gpe': 4.088529568610196, 'I_gpi': 3.737555985221315, 'noise_stn_sigma': 4.416475958084764, 'noise_gpe_sigma': 26.17200306378084, 'noise_gpi_sigma': 46.795397420402324, 'g_stn_gpe_mult': 1.1822153267462099, 'g_gpe_stn_mult': 0.7068363115668014, 'g_stn_gpi_mult': 1.0694280513973868, 'g_gpe_gpi_mult': 1.5226980444288982}. Best is trial 102 with value: 0.29735011365907316.
[I 2026-05-28 22:38:23,562] Trial 261 finished with value: 107.52471194503312 and parameters: {'ISTN': 136.41925758578262, 'I_gpe': 3.740249344869885, 'I_gpi': 4.836586042933939, 'noise_stn_sigma': 4.676548090021186, 'noise_gpe_sigma': 36.873065084143185, 'noise_gpi_sigma': 43.70098218506053, 'g_stn_gpe_mult': 1.6915726161945894, 'g_gpe_stn_mult': 1.0564754867592967, 'g_stn_gpi_mult': 0.9939439067776281, 'g_gpe_gpi_mult': 1.6858909956321688}. Best is trial 102 with value: 0.29735011365907316.
[I 2026-05-28 22:38:24,568] Trial 262 finished with value: 106.88880213708231 and parameters: {'ISTN': 141.652321395865, 'I_gpe': 4.211587577025101, 'I_gpi': 4.368828939716511, 'noise_stn_sigma': 4.306905007653999, 'noise_gpe_sigma': 32.42950982398588, 'noise_gpi_sigma': 51.68463418763221, 'g_stn_gpe_mult': 1.3552823258747688, 'g_gpe_stn_mult': 0.8904081397122978, 'g_stn_gpi_mult': 1.0084914377221537, 'g_gpe_gpi_mult': 1.6042518912617894}. Best is trial 102 with value: 0.29735011365907316.
[I 2026-05-28 22:38:25,579] Trial 263 finished with value: 29.133947881075056 and parameters: {'ISTN': 127.47920015723514, 'I_gpe': 3.3138414384303996, 'I_gpi': 4.357607381755789, 'noise_stn_sigma': 4.789811400206012, 'noise_gpe_sigma': 34.52172963334618, 'noise_gpi_sigma': 57.93171644116642, 'g_stn_gpe_mult': 1.1519325437943082, 'g_gpe_stn_mult': 0.7963497185649785, 'g_stn_gpi_mult': 0.827296714750152, 'g_gpe_gpi_mult': 1.646441200288694}. Best is trial 102 with value: 0.29735011365907316.
