[I 2026-05-28 22:32:04,713] Trial 396 finished with value: 3.2950064155991576 and parameters: {'ISTN': 95.49621555172786, 'I_gpe': 3.574351079154299, 'I_gpi': 2.5282959523321376, 'noise_stn_sigma': 1.4438207535063048, 'noise_gpe_sigma': 85.12974313367121, 'noise_gpi_sigma': 65.0711617009527, 'g_stn_gpe_mult': 1.731592554796849, 'g_gpe_stn_mult': 0.6486463597696712, 'g_stn_gpi_mult': 1.343470127965337, 'g_gpe_gpi_mult': 0.6492074132872733}. Best is trial 308 with value: 0.25413308990423583.
[I 2026-05-28 22:32:05,717] Trial 397 finished with value: 3.2292241164539357 and parameters: {'ISTN': 100.93822956698848, 'I_gpe': 3.4039564421641195, 'I_gpi': 2.7619044673177324, 'noise_stn_sigma': 1.2369185223138173, 'noise_gpe_sigma': 86.9526317471314, 'noise_gpi_sigma': 70.8149963450315, 'g_stn_gpe_mult': 1.7045942955888842, 'g_gpe_stn_mult': 0.8190610136082666, 'g_stn_gpi_mult': 0.967439353534889, 'g_gpe_gpi_mult': 0.7660680625042701}. Best is trial 308 with value: 0.25413308990423583.
[I 2026-05-28 22:32:06,725] Trial 398 finished with value: 6.054609114288547 and parameters: {'ISTN': 86.458491488975, 'I_gpe': 2.834385767474066, 'I_gpi': 2.30512407049763, 'noise_stn_sigma': 1.192751797463398, 'noise_gpe_sigma': 87.12358988196114, 'noise_gpi_sigma': 76.80163062957114, 'g_stn_gpe_mult': 1.6978533327448377, 'g_gpe_stn_mult': 0.659033605435364, 'g_stn_gpi_mult': 1.2175448978133068, 'g_gpe_gpi_mult': 0.6664755049371068}. Best is trial 308 with value: 0.25413308990423583.
[I 2026-05-28 22:32:07,735] Trial 399 finished with value: 17.251854099817134 and parameters: {'ISTN': 102.5177616715138, 'I_gpe': 3.7127386596802525, 'I_gpi': 2.593804075822798, 'noise_stn_sigma': 2.202079755267904, 'noise_gpe_sigma': 56.192734046697964, 'noise_gpi_sigma': 68.86707220553659, 'g_stn_gpe_mult': 1.9082425537895766, 'g_gpe_stn_mult': 0.5588033187787305, 'g_stn_gpi_mult': 0.7581335289961049, 'g_gpe_gpi_mult': 1.060387994808637}. Best is trial 308 with value: 0.25413308990423583.
[I 2026-05-28 22:32:08,745] Trial 400 finished with value: 3.557917485151129 and parameters: {'ISTN': 90.8568631760549, 'I_gpe': 3.974839216487166, 'I_gpi': 2.115199609011478, 'noise_stn_sigma': 1.05293712528365, 'noise_gpe_sigma': 92.7928382216585, 'noise_gpi_sigma': 61.078993255218116, 'g_stn_gpe_mult': 1.7789765259855492, 'g_gpe_stn_mult': 0.5626475081599995, 'g_stn_gpi_mult': 1.663518450887881, 'g_gpe_gpi_mult': 0.7805818660373884}. Best is trial 308 with value: 0.25413308990423583.
[I 2026-05-28 22:32:09,753] Trial 401 finished with value: 4.057941720083565 and parameters: {'ISTN': 100.0198220263504, 'I_gpe': 2.6645892125447226, 'I_gpi': 2.4364246308786437, 'noise_stn_sigma': 1.7674134525951832, 'noise_gpe_sigma': 91.52238566300488, 'noise_gpi_sigma': 63.677690506544764, 'g_stn_gpe_mult': 1.7654291026630942, 'g_gpe_stn_mult': 0.8415077259096909, 'g_stn_gpi_mult': 1.152507636971717, 'g_gpe_gpi_mult': 0.9673820548459643}. Best is trial 308 with value: 0.25413308990423583.
[I 2026-05-28 22:32:10,763] Trial 402 finished with value: 5.115645368841776 and parameters: {'ISTN': 94.2335926315219, 'I_gpe': 2.41342045370342, 'I_gpi': 1.9273649635633638, 'noise_stn_sigma': 1.1182118651846045, 'noise_gpe_sigma': 75.68303856056295, 'noise_gpi_sigma': 55.12543388065858, 'g_stn_gpe_mult': 1.9506137789282032, 'g_gpe_stn_mult': 0.8162921432366606, 'g_stn_gpi_mult': 1.1689278848728801, 'g_gpe_gpi_mult': 0.9469491284527585}. Best is trial 308 with value: 0.25413308990423583.
[I 2026-05-28 22:32:11,773] Trial 403 finished with value: 4.374470894018168 and parameters: {'ISTN': 107.17422468868867, 'I_gpe': 4.052235842155044, 'I_gpi': 2.3208642419666807, 'noise_stn_sigma': 1.321601041175152, 'noise_gpe_sigma': 97.75309263602418, 'noise_gpi_sigma': 74.44431173356527, 'g_stn_gpe_mult': 1.8585645506984014, 'g_gpe_stn_mult': 0.6424857115542446, 'g_stn_gpi_mult': 1.6005458674982516, 'g_gpe_gpi_mult': 0.8665035065017506}. Best is trial 308 with value: 0.25413308990423583.
[I 2026-05-28 22:32:12,779] Trial 404 finished with value: 1.1997793913386599 and parameters: {'ISTN': 85.62724471986523, 'I_gpe': 1.877469701208472, 'I_gpi': 1.5966519660650098, 'noise_stn_sigma': 1.7233027612998268, 'noise_gpe_sigma': 94.36492028837051, 'noise_gpi_sigma': 58.18905603103968, 'g_stn_gpe_mult': 1.890865901442968, 'g_gpe_stn_mult': 0.9690133679821118, 'g_stn_gpi_mult': 1.3138166220883856, 'g_gpe_gpi_mult': 0.8162139975618493}. Best is trial 308 with value: 0.25413308990423583.
[I 2026-05-28 22:32:13,783] Trial 405 finished with value: 1.3205406382707103 and parameters: {'ISTN': 103.16630132261633, 'I_gpe': 2.57053052612927, 'I_gpi': 1.8862973457453287, 'noise_stn_sigma': 1.5900075573064147, 'noise_gpe_sigma': 95.66814513201166, 'noise_gpi_sigma': 66.38490204561248, 'g_stn_gpe_mult': 1.7183864399565834, 'g_gpe_stn_mult': 1.0060316472950497, 'g_stn_gpi_mult': 1.4050680453690223, 'g_gpe_gpi_mult': 0.8386356592397564}. Best is trial 308 with value: 0.25413308990423583.
[I 2026-05-28 22:32:14,792] Trial 406 finished with value: 0.619218719056189 and parameters: {'ISTN': 100.61293973335508, 'I_gpe': 2.5515951303867674, 'I_gpi': 1.9393307742850063, 'noise_stn_sigma': 1.3317346072727363, 'noise_gpe_sigma': 78.32490737612976, 'noise_gpi_sigma': 78.75402944542174, 'g_stn_gpe_mult': 1.933395894248871, 'g_gpe_stn_mult': 0.91400702058178, 'g_stn_gpi_mult': 1.072426513775402, 'g_gpe_gpi_mult': 0.7851977189927792}. Best is trial 308 with value: 0.25413308990423583.
[I 2026-05-28 22:32:15,798] Trial 407 finished with value: 2.1397365862281474 and parameters: {'ISTN': 84.2658128707466, 'I_gpe': 2.4748056660136015, 'I_gpi': 1.8409587272932937, 'noise_stn_sigma': 0.9963137843612576, 'noise_gpe_sigma': 84.89280235317338, 'noise_gpi_sigma': 63.88329763806638, 'g_stn_gpe_mult': 1.9652907974089993, 'g_gpe_stn_mult': 0.8967415385252034, 'g_stn_gpi_mult': 1.2956502068554854, 'g_gpe_gpi_mult': 0.8696583147973533}. Best is trial 308 with value: 0.25413308990423583.
[I 2026-05-28 22:32:16,805] Trial 408 finished with value: 3.673012348078325 and parameters: {'ISTN': 101.01832507068363, 'I_gpe': 2.5176240225809146, 'I_gpi': 2.149300957251962, 'noise_stn_sigma': 2.150549659731389, 'noise_gpe_sigma': 88.21249121433917, 'noise_gpi_sigma': 67.3567157757813, 'g_stn_gpe_mult': 1.9443815071477586, 'g_gpe_stn_mult': 0.882316889956755, 'g_stn_gpi_mult': 1.1553949314479084, 'g_gpe_gpi_mult': 0.9124298275617226}. Best is trial 308 with value: 0.25413308990423583.
[I 2026-05-28 22:32:17,814] Trial 409 finished with value: 9.17513479401451 and parameters: {'ISTN': 90.70463039826274, 'I_gpe': 2.238065671712793, 'I_gpi': 2.8732988482841937, 'noise_stn_sigma': 1.6873985487936214, 'noise_gpe_sigma': 85.0145929553829, 'noise_gpi_sigma': 49.266045894656884, 'g_stn_gpe_mult': 1.7406289126690246, 'g_gpe_stn_mult': 0.7623375843052796, 'g_stn_gpi_mult': 1.3673114762222678, 'g_gpe_gpi_mult': 1.037392143290584}. Best is trial 308 with value: 0.25413308990423583.
[I 2026-05-28 22:32:18,822] Trial 410 finished with value: 2.8166586714913473 and parameters: {'ISTN': 101.48484662265437, 'I_gpe': 1.9112767686781131, 'I_gpi': 1.929366936867237, 'noise_stn_sigma': 1.3111207561477802, 'noise_gpe_sigma': 90.56784194421274, 'noise_gpi_sigma': 64.3641365942534, 'g_stn_gpe_mult': 1.7270161197141554, 'g_gpe_stn_mult': 1.0699123136610822, 'g_stn_gpi_mult': 1.2910416085016883, 'g_gpe_gpi_mult': 0.865778182013485}. Best is trial 308 with value: 0.25413308990423583.
[I 2026-05-28 22:32:19,834] Trial 411 finished with value: 3.4491646938313374 and parameters: {'ISTN': 94.50234628152008, 'I_gpe': 2.1295405412743897, 'I_gpi': 2.5348710341770433, 'noise_stn_sigma': 2.3448719809298284, 'noise_gpe_sigma': 79.5667123544375, 'noise_gpi_sigma': 56.56786721546034, 'g_stn_gpe_mult': 1.7835457063763984, 'g_gpe_stn_mult': 0.9256526253868498, 'g_stn_gpi_mult': 1.1514147221832018, 'g_gpe_gpi_mult': 0.8776130107803379}. Best is trial 308 with value: 0.25413308990423583.
[I 2026-05-28 22:32:20,844] Trial 412 finished with value: 9.363257992944153 and parameters: {'ISTN': 106.8314455141188, 'I_gpe': 2.6104844577654567, 'I_gpi': 2.7018745113615745, 'noise_stn_sigma': 1.9062784757476812, 'noise_gpe_sigma': 76.14215500894174, 'noise_gpi_sigma': 66.1721768372412, 'g_stn_gpe_mult': 1.7135225001201975, 'g_gpe_stn_mult': 0.8516690148149955, 'g_stn_gpi_mult': 1.189218618846155, 'g_gpe_gpi_mult': 0.626397534117552}. Best is trial 308 with value: 0.25413308990423583.
[I 2026-05-28 22:32:21,848] Trial 413 finished with value: 3.498498016196778 and parameters: {'ISTN': 109.42669516578012, 'I_gpe': 2.340825250249721, 'I_gpi': 1.78682286869559, 'noise_stn_sigma': 1.1419481681933288, 'noise_gpe_sigma': 77.7565170153358, 'noise_gpi_sigma': 69.49042304528305, 'g_stn_gpe_mult': 1.863710704189435, 'g_gpe_stn_mult': 1.173980853563881, 'g_stn_gpi_mult': 1.2597185935369901, 'g_gpe_gpi_mult': 0.9516528240873341}. Best is trial 308 with value: 0.25413308990423583.
[I 2026-05-28 22:32:22,857] Trial 414 finished with value: 1.7327819838596796 and parameters: {'ISTN': 85.83134901773475, 'I_gpe': 2.4069279346213692, 'I_gpi': 1.3057159640757081, 'noise_stn_sigma': 1.7599878971850549, 'noise_gpe_sigma': 94.87242985422742, 'noise_gpi_sigma': 77.36078900661379, 'g_stn_gpe_mult': 1.9008992300901388, 'g_gpe_stn_mult': 0.9152419657920541, 'g_stn_gpi_mult': 0.9741575768007249, 'g_gpe_gpi_mult': 0.8225297878959072}. Best is trial 308 with value: 0.25413308990423583.
[I 2026-05-28 22:32:23,863] Trial 415 finished with value: 1.9132197243732323 and parameters: {'ISTN': 95.00728858447201, 'I_gpe': 1.9047300119026032, 'I_gpi': 1.2779930152733454, 'noise_stn_sigma': 1.4870798576213407, 'noise_gpe_sigma': 91.23476443917706, 'noise_gpi_sigma': 70.88967217838129, 'g_stn_gpe_mult': 1.7115165874682436, 'g_gpe_stn_mult': 1.169639085968591, 'g_stn_gpi_mult': 1.2077227934482395, 'g_gpe_gpi_mult': 0.717860812822791}. Best is trial 308 with value: 0.25413308990423583.
[I 2026-05-28 22:32:24,871] Trial 416 finished with value: 1.2320457565481067 and parameters: {'ISTN': 88.13288284487693, 'I_gpe': 2.17810165673615, 'I_gpi': 2.7721459641427213, 'noise_stn_sigma': 1.4923737990578252, 'noise_gpe_sigma': 68.49364446057669, 'noise_gpi_sigma': 63.51843122028538, 'g_stn_gpe_mult': 1.9872822901734455, 'g_gpe_stn_mult': 0.9759684736981513, 'g_stn_gpi_mult': 1.1656431707015389, 'g_gpe_gpi_mult': 0.908241843837017}. Best is trial 308 with value: 0.25413308990423583.
[I 2026-05-28 22:32:25,880] Trial 417 finished with value: 1.145166253056469 and parameters: {'ISTN': 81.42281725127486, 'I_gpe': 2.5497051979436707, 'I_gpi': 2.90351738275179, 'noise_stn_sigma': 1.7125702490876185, 'noise_gpe_sigma': 86.67670599154647, 'noise_gpi_sigma': 63.607382837436205, 'g_stn_gpe_mult': 1.7499442235837708, 'g_gpe_stn_mult': 0.8048875472306415, 'g_stn_gpi_mult': 1.2955912678724788, 'g_gpe_gpi_mult': 0.8879849475654905}. Best is trial 308 with value: 0.25413308990423583.
[I 2026-05-28 22:32:26,885] Trial 418 finished with value: 4.370294831813652 and parameters: {'ISTN': 122.11994813029935, 'I_gpe': 2.758408580845514, 'I_gpi': 2.682433184963262, 'noise_stn_sigma': 0.978757519276275, 'noise_gpe_sigma': 89.91727673635279, 'noise_gpi_sigma': 68.1645045584711, 'g_stn_gpe_mult': 1.8231409224038049, 'g_gpe_stn_mult': 1.1664674075265173, 'g_stn_gpi_mult': 1.1506775497161947, 'g_gpe_gpi_mult': 0.5546396280074972}. Best is trial 308 with value: 0.25413308990423583.
[I 2026-05-28 22:32:27,893] Trial 419 finished with value: 0.9022810565449897 and parameters: {'ISTN': 85.48542884396066, 'I_gpe': 2.1648674733858373, 'I_gpi': 1.1369637697178105, 'noise_stn_sigma': 0.6315404694863284, 'noise_gpe_sigma': 97.62382275414997, 'noise_gpi_sigma': 82.17625457399598, 'g_stn_gpe_mult': 1.867462031628936, 'g_gpe_stn_mult': 0.9251065298832942, 'g_stn_gpi_mult': 1.0857530234020913, 'g_gpe_gpi_mult': 0.7585531573265398}. Best is trial 308 with value: 0.25413308990423583.
[I 2026-05-28 22:32:28,901] Trial 420 finished with value: 0.4960253219803131 and parameters: {'ISTN': 101.92857251434212, 'I_gpe': 2.429639112908381, 'I_gpi': 1.9449388404583925, 'noise_stn_sigma': 1.9644002523474609, 'noise_gpe_sigma': 84.42632130240132, 'noise_gpi_sigma': 70.68490516512406, 'g_stn_gpe_mult': 1.7094058836256352, 'g_gpe_stn_mult': 1.0123070699868322, 'g_stn_gpi_mult': 1.0274721163773695, 'g_gpe_gpi_mult': 0.8803665510914076}. Best is trial 308 with value: 0.25413308990423583.
[I 2026-05-28 22:32:29,910] Trial 421 finished with value: 0.6482363166760995 and parameters: {'ISTN': 82.15135103283046, 'I_gpe': 1.7355555291154303, 'I_gpi': 1.9584136566748689, 'noise_stn_sigma': 1.9640465440448691, 'noise_gpe_sigma': 95.25288704971246, 'noise_gpi_sigma': 69.94592144998859, 'g_stn_gpe_mult': 1.9420579967740663, 'g_gpe_stn_mult': 1.0330757162859057, 'g_stn_gpi_mult': 0.9801089249077068, 'g_gpe_gpi_mult': 0.8853047019492198}. Best is trial 308 with value: 0.25413308990423583.
[I 2026-05-28 22:32:30,914] Trial 422 finished with value: 4.624446082463328 and parameters: {'ISTN': 94.03140167623876, 'I_gpe': 2.408710302403386, 'I_gpi': 1.6200216494997237, 'noise_stn_sigma': 1.630308088401003, 'noise_gpe_sigma': 80.51151800577809, 'noise_gpi_sigma': 71.15597212382927, 'g_stn_gpe_mult': 1.7618174979911005, 'g_gpe_stn_mult': 1.0623971606045508, 'g_stn_gpi_mult': 0.9517616101017095, 'g_gpe_gpi_mult': 0.8200672161024842}. Best is trial 308 with value: 0.25413308990423583.
[I 2026-05-28 22:32:31,917] Trial 423 finished with value: 5.0905405637877905 and parameters: {'ISTN': 88.40746967192159, 'I_gpe': 2.158643352918835, 'I_gpi': 1.751547841989241, 'noise_stn_sigma': 1.4774352168060543, 'noise_gpe_sigma': 92.54103691323392, 'noise_gpi_sigma': 85.76897739040544, 'g_stn_gpe_mult': 1.858691117613357, 'g_gpe_stn_mult': 1.0575650042462925, 'g_stn_gpi_mult': 1.1799620536200035, 'g_gpe_gpi_mult': 1.0184304354409472}. Best is trial 308 with value: 0.25413308990423583.
[I 2026-05-28 22:32:32,925] Trial 424 finished with value: 1.2088386624025345 and parameters: {'ISTN': 92.80357119088765, 'I_gpe': 2.505583595550691, 'I_gpi': 1.8278016358493703, 'noise_stn_sigma': 1.0068813653122746, 'noise_gpe_sigma': 95.98377459811755, 'noise_gpi_sigma': 60.94540581133016, 'g_stn_gpe_mult': 1.9979559834703307, 'g_gpe_stn_mult': 0.9101455284910276, 'g_stn_gpi_mult': 1.326489823240206, 'g_gpe_gpi_mult': 0.7477468064809254}. Best is trial 308 with value: 0.25413308990423583.
[I 2026-05-28 22:32:33,926] Trial 425 finished with value: 105.71922238360065 and parameters: {'ISTN': 86.31987138901415, 'I_gpe': 3.040471939532379, 'I_gpi': 1.4099180612989488, 'noise_stn_sigma': 1.0705591071972747, 'noise_gpe_sigma': 82.19532965917986, 'noise_gpi_sigma': 80.54478547522946, 'g_stn_gpe_mult': 1.6919336644513925, 'g_gpe_stn_mult': 0.9095252649577754, 'g_stn_gpi_mult': 1.1679010907596057, 'g_gpe_gpi_mult': 0.742028697060569}. Best is trial 308 with value: 0.25413308990423583.
[I 2026-05-28 22:32:34,930] Trial 426 finished with value: 2.2266722365235085 and parameters: {'ISTN': 94.42246736243297, 'I_gpe': 2.344128499855424, 'I_gpi': 1.6841364293533458, 'noise_stn_sigma': 1.2732926736478842, 'noise_gpe_sigma': 83.57751026839671, 'noise_gpi_sigma': 76.2842557684938, 'g_stn_gpe_mult': 1.5501918521336604, 'g_gpe_stn_mult': 1.0142813903957086, 'g_stn_gpi_mult': 1.2317505595037357, 'g_gpe_gpi_mult': 0.9018565118046745}. Best is trial 308 with value: 0.25413308990423583.
[I 2026-05-28 22:32:35,938] Trial 427 finished with value: 0.48295056066484393 and parameters: {'ISTN': 85.56744986500757, 'I_gpe': 2.2778809298582736, 'I_gpi': 1.8571968807624963, 'noise_stn_sigma': 1.1562150205549075, 'noise_gpe_sigma': 87.0469916662723, 'noise_gpi_sigma': 84.15724050049359, 'g_stn_gpe_mult': 1.8814038580757846, 'g_gpe_stn_mult': 0.8820721007706818, 'g_stn_gpi_mult': 0.9908675740025719, 'g_gpe_gpi_mult': 0.810680870995906}. Best is trial 308 with value: 0.25413308990423583.
[I 2026-05-28 22:32:36,943] Trial 428 finished with value: 4.859061003199406 and parameters: {'ISTN': 93.1022412258597, 'I_gpe': 2.351716041195524, 'I_gpi': 2.1364468212970777, 'noise_stn_sigma': 1.321059093486343, 'noise_gpe_sigma': 94.37720565783451, 'noise_gpi_sigma': 77.74944125480435, 'g_stn_gpe_mult': 1.720943606934709, 'g_gpe_stn_mult': 1.0927642471718242, 'g_stn_gpi_mult': 0.9083221941791604, 'g_gpe_gpi_mult': 0.7596641975633642}. Best is trial 308 with value: 0.25413308990423583.
[I 2026-05-28 22:32:37,950] Trial 429 finished with value: 0.8112889051157072 and parameters: {'ISTN': 89.43105452779628, 'I_gpe': 3.046568986182394, 'I_gpi': 1.9932133420489668, 'noise_stn_sigma': 1.1217201307837172, 'noise_gpe_sigma': 87.94213028118236, 'noise_gpi_sigma': 69.51673810243483, 'g_stn_gpe_mult': 1.7801787928823636, 'g_gpe_stn_mult': 0.7858573257173553, 'g_stn_gpi_mult': 1.088055089591848, 'g_gpe_gpi_mult': 0.7208312485474678}. Best is trial 308 with value: 0.25413308990423583.
[I 2026-05-28 22:32:38,960] Trial 430 finished with value: 3.754688210458249 and parameters: {'ISTN': 81.9118680498876, 'I_gpe': 1.6146144765414783, 'I_gpi': 2.5570095483479998, 'noise_stn_sigma': 2.043422555530448, 'noise_gpe_sigma': 83.36676282283545, 'noise_gpi_sigma': 74.06575985535957, 'g_stn_gpe_mult': 1.9454338163343112, 'g_gpe_stn_mult': 0.9253919366296194, 'g_stn_gpi_mult': 0.9783995487407258, 'g_gpe_gpi_mult': 0.8693255799871199}. Best is trial 308 with value: 0.25413308990423583.
[I 2026-05-28 22:32:39,969] Trial 431 finished with value: 0.8628598198403691 and parameters: {'ISTN': 91.84447657034319, 'I_gpe': 2.195153994028839, 'I_gpi': 1.339437182307957, 'noise_stn_sigma': 1.1493798544335967, 'noise_gpe_sigma': 94.92549452477172, 'noise_gpi_sigma': 88.22723424023309, 'g_stn_gpe_mult': 1.8435367586105316, 'g_gpe_stn_mult': 0.9867820864895167, 'g_stn_gpi_mult': 0.812301944840079, 'g_gpe_gpi_mult': 0.9118789184695866}. Best is trial 308 with value: 0.25413308990423583.
[I 2026-05-28 22:32:40,978] Trial 432 finished with value: 9.871119037387254 and parameters: {'ISTN': 96.50550698733, 'I_gpe': 2.1719613951082204, 'I_gpi': 1.163191827330048, 'noise_stn_sigma': 1.8035626476025517, 'noise_gpe_sigma': 86.08488646779657, 'noise_gpi_sigma': 80.82641150790433, 'g_stn_gpe_mult': 1.699592162872762, 'g_gpe_stn_mult': 0.8394027621840678, 'g_stn_gpi_mult': 1.065166928451544, 'g_gpe_gpi_mult': 0.8490397730036074}. Best is trial 308 with value: 0.25413308990423583.
[I 2026-05-28 22:32:41,988] Trial 433 finished with value: 8.488755846303208 and parameters: {'ISTN': 102.20932993113901, 'I_gpe': 2.227151704108791, 'I_gpi': 1.6005600317433772, 'noise_stn_sigma': 1.486780869701076, 'noise_gpe_sigma': 75.51232119917812, 'noise_gpi_sigma': 69.02026228960517, 'g_stn_gpe_mult': 1.7082611414203437, 'g_gpe_stn_mult': 0.9242055507529822, 'g_stn_gpi_mult': 1.0753772923708556, 'g_gpe_gpi_mult': 1.1906451170224643}. Best is trial 308 with value: 0.25413308990423583.
[I 2026-05-28 22:32:42,994] Trial 434 finished with value: 2.8023665778903233 and parameters: {'ISTN': 85.87334479924269, 'I_gpe': 2.4203370819649352, 'I_gpi': 1.5977458932229158, 'noise_stn_sigma': 1.2069531724331117, 'noise_gpe_sigma': 92.17991847662714, 'noise_gpi_sigma': 74.96153875238724, 'g_stn_gpe_mult': 1.852369612452837, 'g_gpe_stn_mult': 0.9415729746614778, 'g_stn_gpi_mult': 0.6666769014119815, 'g_gpe_gpi_mult': 0.6156445379158637}. Best is trial 308 with value: 0.25413308990423583.
[I 2026-05-28 22:32:44,003] Trial 435 finished with value: 1.6850501720555962 and parameters: {'ISTN': 81.62939271779214, 'I_gpe': 2.0311561838790935, 'I_gpi': 1.2919315074558861, 'noise_stn_sigma': 0.999296264187535, 'noise_gpe_sigma': 87.79548677252612, 'noise_gpi_sigma': 70.43093997029906, 'g_stn_gpe_mult': 1.8049556556050437, 'g_gpe_stn_mult': 0.8712445793669417, 'g_stn_gpi_mult': 1.210459176337792, 'g_gpe_gpi_mult': 0.8175859204337426}. Best is trial 308 with value: 0.25413308990423583.
[I 2026-05-28 22:32:45,010] Trial 436 finished with value: 0.6952510064548976 and parameters: {'ISTN': 84.76464024523239, 'I_gpe': 2.521512406775593, 'I_gpi': 2.051153561825124, 'noise_stn_sigma': 1.048376131426061, 'noise_gpe_sigma': 86.63244709767727, 'noise_gpi_sigma': 67.66812053673806, 'g_stn_gpe_mult': 1.5860305674540822, 'g_gpe_stn_mult': 0.8426893620210708, 'g_stn_gpi_mult': 1.2705400295555012, 'g_gpe_gpi_mult': 0.8315394263382446}. Best is trial 308 with value: 0.25413308990423583.
[I 2026-05-28 22:32:46,019] Trial 437 finished with value: 8.953204852975206 and parameters: {'ISTN': 95.03570196298506, 'I_gpe': 2.452652945388389, 'I_gpi': 1.7770269680651536, 'noise_stn_sigma': 1.890420917975241, 'noise_gpe_sigma': 89.62787926219364, 'noise_gpi_sigma': 77.73963136181953, 'g_stn_gpe_mult': 1.8293357878810084, 'g_gpe_stn_mult': 0.768557260031855, 'g_stn_gpi_mult': 1.1945462707355128, 'g_gpe_gpi_mult': 1.037279964548175}. Best is trial 308 with value: 0.25413308990423583.
[I 2026-05-28 22:32:47,026] Trial 438 finished with value: 2.0734166192120824 and parameters: {'ISTN': 96.76332746282569, 'I_gpe': 2.474211595808811, 'I_gpi': 1.6534076795862593, 'noise_stn_sigma': 1.2658426340001894, 'noise_gpe_sigma': 94.52072023451791, 'noise_gpi_sigma': 80.97166406504633, 'g_stn_gpe_mult': 1.7348691167110377, 'g_gpe_stn_mult': 0.8841389608967235, 'g_stn_gpi_mult': 1.210916787920282, 'g_gpe_gpi_mult': 0.6593769202138571}. Best is trial 308 with value: 0.25413308990423583.
[I 2026-05-28 22:32:48,035] Trial 439 finished with value: 8.33488739402652 and parameters: {'ISTN': 92.69074321550269, 'I_gpe': 2.4108962957623197, 'I_gpi': 2.315394922397475, 'noise_stn_sigma': 1.1526041149730997, 'noise_gpe_sigma': 86.1217154275184, 'noise_gpi_sigma': 83.89941279503891, 'g_stn_gpe_mult': 1.770408691962908, 'g_gpe_stn_mult': 0.7609774733883599, 'g_stn_gpi_mult': 0.9515084697959157, 'g_gpe_gpi_mult': 0.9419124890767518}. Best is trial 308 with value: 0.25413308990423583.
