[I 2026-05-28 22:34:45,365] Trial 44 finished with value: 106.15319071052477 and parameters: {'ISTN': 140.16206277631687, 'I_gpe': 4.299651023934143, 'I_gpi': 3.6670163733019976, 'noise_stn_sigma': 3.2828130074073893, 'noise_gpe_sigma': 36.368865585759366, 'noise_gpi_sigma': 30.194115610980532, 'g_stn_gpe_mult': 1.4771544846886673, 'g_gpe_stn_mult': 1.0320487493178876, 'g_stn_gpi_mult': 1.8787340382831854, 'g_gpe_gpi_mult': 1.1232999940152464}. Best is trial 37 with value: 1.4786219451064522.
[I 2026-05-28 22:34:46,367] Trial 45 finished with value: 105.33171049993797 and parameters: {'ISTN': 153.79491338464675, 'I_gpe': 3.50324083481849, 'I_gpi': 2.104192493943617, 'noise_stn_sigma': 2.442667815598762, 'noise_gpe_sigma': 59.70889373707465, 'noise_gpi_sigma': 37.42703151931943, 'g_stn_gpe_mult': 1.4917765751875387, 'g_gpe_stn_mult': 1.3132786508115495, 'g_stn_gpi_mult': 1.4966969923740019, 'g_gpe_gpi_mult': 1.1999436970157877}. Best is trial 37 with value: 1.4786219451064522.
[I 2026-05-28 22:34:47,377] Trial 46 finished with value: 80.68207245677073 and parameters: {'ISTN': 161.92142791826913, 'I_gpe': 2.7507173114036423, 'I_gpi': 5.305977987608454, 'noise_stn_sigma': 2.6435638795356, 'noise_gpe_sigma': 51.261172726818444, 'noise_gpi_sigma': 19.492810866259354, 'g_stn_gpe_mult': 1.7225212799373257, 'g_gpe_stn_mult': 1.0209713468892287, 'g_stn_gpi_mult': 1.3084029944924054, 'g_gpe_gpi_mult': 0.9544582252344476}. Best is trial 37 with value: 1.4786219451064522.
[I 2026-05-28 22:34:48,386] Trial 47 finished with value: 62.96463091284778 and parameters: {'ISTN': 184.9577299264841, 'I_gpe': 3.7977397400314907, 'I_gpi': 3.7071097137698255, 'noise_stn_sigma': 4.573335904404617, 'noise_gpe_sigma': 43.77064225460402, 'noise_gpi_sigma': 33.92761756995313, 'g_stn_gpe_mult': 1.3543539065347128, 'g_gpe_stn_mult': 0.9995977587632702, 'g_stn_gpi_mult': 1.2850271806874403, 'g_gpe_gpi_mult': 1.0763750495095756}. Best is trial 37 with value: 1.4786219451064522.
[I 2026-05-28 22:34:49,394] Trial 48 finished with value: 215.68381704652023 and parameters: {'ISTN': 198.643386715619, 'I_gpe': 4.894313901144706, 'I_gpi': 3.4803364012141755, 'noise_stn_sigma': 3.3433902478830047, 'noise_gpe_sigma': 56.47413293763461, 'noise_gpi_sigma': 46.34790230398935, 'g_stn_gpe_mult': 1.5114745363052402, 'g_gpe_stn_mult': 0.7534814679759212, 'g_stn_gpi_mult': 1.2843997741892688, 'g_gpe_gpi_mult': 1.4433655763177236}. Best is trial 37 with value: 1.4786219451064522.
[I 2026-05-28 22:34:50,402] Trial 49 finished with value: 129.79602631470755 and parameters: {'ISTN': 167.35089861855226, 'I_gpe': 3.0680175639495006, 'I_gpi': 3.2151310967796523, 'noise_stn_sigma': 3.5225887176007102, 'noise_gpe_sigma': 61.97541924083134, 'noise_gpi_sigma': 39.69587769556519, 'g_stn_gpe_mult': 1.3586100051243246, 'g_gpe_stn_mult': 0.7888794558098551, 'g_stn_gpi_mult': 1.8861646058594235, 'g_gpe_gpi_mult': 1.1360442253658132}. Best is trial 37 with value: 1.4786219451064522.
[I 2026-05-28 22:34:51,405] Trial 50 finished with value: 106.18616339877997 and parameters: {'ISTN': 157.9494709003426, 'I_gpe': 4.063189650315435, 'I_gpi': 3.7984885766741896, 'noise_stn_sigma': 3.8374591600847987, 'noise_gpe_sigma': 52.161594633073165, 'noise_gpi_sigma': 26.990658690773426, 'g_stn_gpe_mult': 0.9142646202454425, 'g_gpe_stn_mult': 1.2490758489439462, 'g_stn_gpi_mult': 1.4829792376376487, 'g_gpe_gpi_mult': 0.8696705222000833}. Best is trial 37 with value: 1.4786219451064522.
[I 2026-05-28 22:34:52,410] Trial 51 finished with value: 105.24712881220758 and parameters: {'ISTN': 156.39320131452283, 'I_gpe': 4.56077461955717, 'I_gpi': 2.24726645992318, 'noise_stn_sigma': 4.496041466491088, 'noise_gpe_sigma': 49.57975926184198, 'noise_gpi_sigma': 42.72666585929477, 'g_stn_gpe_mult': 1.5130746855973956, 'g_gpe_stn_mult': 0.8813720714863327, 'g_stn_gpi_mult': 1.1690569134746718, 'g_gpe_gpi_mult': 1.1919268571606882}. Best is trial 37 with value: 1.4786219451064522.
[I 2026-05-28 22:34:53,420] Trial 52 finished with value: 86.13176241135432 and parameters: {'ISTN': 166.5420860497592, 'I_gpe': 3.086417770411208, 'I_gpi': 3.678772166574511, 'noise_stn_sigma': 2.963137200371116, 'noise_gpe_sigma': 60.23510772076722, 'noise_gpi_sigma': 44.36961481384944, 'g_stn_gpe_mult': 1.5377744736327246, 'g_gpe_stn_mult': 0.9736225637831164, 'g_stn_gpi_mult': 1.5442142751441283, 'g_gpe_gpi_mult': 1.1639035279960572}. Best is trial 37 with value: 1.4786219451064522.
[I 2026-05-28 22:34:54,423] Trial 53 finished with value: 105.88130142616616 and parameters: {'ISTN': 141.31097902372943, 'I_gpe': 3.5430282835505653, 'I_gpi': 3.5364697895852624, 'noise_stn_sigma': 3.713133686951413, 'noise_gpe_sigma': 40.37297137645625, 'noise_gpi_sigma': 36.676374553516084, 'g_stn_gpe_mult': 1.135861333772512, 'g_gpe_stn_mult': 1.2887756387472749, 'g_stn_gpi_mult': 1.7323852358281278, 'g_gpe_gpi_mult': 1.184717750777948}. Best is trial 37 with value: 1.4786219451064522.
[I 2026-05-28 22:34:55,431] Trial 54 finished with value: 126.60187821060316 and parameters: {'ISTN': 168.53779107862886, 'I_gpe': 2.184260067233581, 'I_gpi': 1.7658751610594767, 'noise_stn_sigma': 4.2763088838715015, 'noise_gpe_sigma': 49.59103179412348, 'noise_gpi_sigma': 34.077382701114615, 'g_stn_gpe_mult': 1.5895740337022177, 'g_gpe_stn_mult': 0.8382883747596928, 'g_stn_gpi_mult': 1.5179894271138776, 'g_gpe_gpi_mult': 0.5211538175948106}. Best is trial 37 with value: 1.4786219451064522.
[I 2026-05-28 22:34:56,440] Trial 55 finished with value: 126.87801058474575 and parameters: {'ISTN': 182.05507756764706, 'I_gpe': 3.317764330976547, 'I_gpi': 3.5313589992356844, 'noise_stn_sigma': 4.39991457603417, 'noise_gpe_sigma': 55.04003456948375, 'noise_gpi_sigma': 53.62482169860982, 'g_stn_gpe_mult': 1.5409805154560061, 'g_gpe_stn_mult': 0.9743490518999545, 'g_stn_gpi_mult': 1.1718648365656965, 'g_gpe_gpi_mult': 1.0118215802371764}. Best is trial 37 with value: 1.4786219451064522.
[I 2026-05-28 22:34:57,451] Trial 56 finished with value: 105.19010825293894 and parameters: {'ISTN': 156.01791041698488, 'I_gpe': 3.833528722390704, 'I_gpi': 2.8334056041628095, 'noise_stn_sigma': 2.52824253577337, 'noise_gpe_sigma': 55.838576958845636, 'noise_gpi_sigma': 24.834872794027206, 'g_stn_gpe_mult': 1.4625472828421686, 'g_gpe_stn_mult': 0.6673851629095007, 'g_stn_gpi_mult': 1.3116485254429469, 'g_gpe_gpi_mult': 1.005033625768068}. Best is trial 37 with value: 1.4786219451064522.
[I 2026-05-28 22:34:58,461] Trial 57 finished with value: 98.99940282260765 and parameters: {'ISTN': 157.05369471783325, 'I_gpe': 1.4356616014767394, 'I_gpi': 3.4117692125497667, 'noise_stn_sigma': 3.759548091150314, 'noise_gpe_sigma': 41.91197387115102, 'noise_gpi_sigma': 44.74093759041153, 'g_stn_gpe_mult': 1.6648778037332428, 'g_gpe_stn_mult': 0.7959325115035982, 'g_stn_gpi_mult': 1.3174078981821535, 'g_gpe_gpi_mult': 1.0966707962207718}. Best is trial 37 with value: 1.4786219451064522.
[I 2026-05-28 22:34:59,470] Trial 58 finished with value: 148.09311415261652 and parameters: {'ISTN': 173.7475385609148, 'I_gpe': 3.1561076780420105, 'I_gpi': 3.0089303392499875, 'noise_stn_sigma': 2.1044626847037446, 'noise_gpe_sigma': 51.00721903132487, 'noise_gpi_sigma': 39.41687682608772, 'g_stn_gpe_mult': 1.3010822431038607, 'g_gpe_stn_mult': 0.7848068104134093, 'g_stn_gpi_mult': 1.6280976468817019, 'g_gpe_gpi_mult': 1.458867301816456}. Best is trial 37 with value: 1.4786219451064522.
[I 2026-05-28 22:35:00,473] Trial 59 finished with value: 105.86249863248061 and parameters: {'ISTN': 168.83361312924336, 'I_gpe': 4.28891632092077, 'I_gpi': 3.4380175895172953, 'noise_stn_sigma': 3.403971680678315, 'noise_gpe_sigma': 48.904255566870084, 'noise_gpi_sigma': 43.584463406365686, 'g_stn_gpe_mult': 1.4863795621447875, 'g_gpe_stn_mult': 1.0097514010199427, 'g_stn_gpi_mult': 1.5670523425030598, 'g_gpe_gpi_mult': 1.2164044515267134}. Best is trial 37 with value: 1.4786219451064522.
[I 2026-05-28 22:35:01,481] Trial 60 finished with value: 154.2729106130495 and parameters: {'ISTN': 176.23852831344828, 'I_gpe': 2.7767298817679524, 'I_gpi': 4.22672173151694, 'noise_stn_sigma': 4.026238514423968, 'noise_gpe_sigma': 49.56244255638889, 'noise_gpi_sigma': 20.873166541169883, 'g_stn_gpe_mult': 1.4484374421369433, 'g_gpe_stn_mult': 0.8742214542146752, 'g_stn_gpi_mult': 1.458267215042139, 'g_gpe_gpi_mult': 1.2907906555406738}. Best is trial 37 with value: 1.4786219451064522.
[I 2026-05-28 22:35:02,493] Trial 61 finished with value: 74.63585183715894 and parameters: {'ISTN': 176.225144539945, 'I_gpe': 3.278507443061395, 'I_gpi': 1.1861303966580878, 'noise_stn_sigma': 3.3153372945960307, 'noise_gpe_sigma': 50.677057425257644, 'noise_gpi_sigma': 37.021732886575464, 'g_stn_gpe_mult': 1.388354815220626, 'g_gpe_stn_mult': 1.0383750130810574, 'g_stn_gpi_mult': 1.769731856286507, 'g_gpe_gpi_mult': 0.9725509406503859}. Best is trial 37 with value: 1.4786219451064522.
[I 2026-05-28 22:35:03,502] Trial 62 finished with value: 147.58863427274338 and parameters: {'ISTN': 177.77675904933523, 'I_gpe': 3.546751600300142, 'I_gpi': 3.961714819581064, 'noise_stn_sigma': 2.9773157195611386, 'noise_gpe_sigma': 38.33582759008193, 'noise_gpi_sigma': 30.579183196341116, 'g_stn_gpe_mult': 1.585091463206171, 'g_gpe_stn_mult': 0.8465300517188953, 'g_stn_gpi_mult': 1.231190427710194, 'g_gpe_gpi_mult': 1.0223558591784756}. Best is trial 37 with value: 1.4786219451064522.
[I 2026-05-28 22:35:04,510] Trial 63 finished with value: 23.003289078971935 and parameters: {'ISTN': 136.63598389569077, 'I_gpe': 2.411002898476051, 'I_gpi': 2.7694990750822592, 'noise_stn_sigma': 3.360613970184781, 'noise_gpe_sigma': 64.4709884677368, 'noise_gpi_sigma': 38.33059228118524, 'g_stn_gpe_mult': 1.8381125408946157, 'g_gpe_stn_mult': 1.07317167432668, 'g_stn_gpi_mult': 1.5829269257273975, 'g_gpe_gpi_mult': 1.2416201094399875}. Best is trial 37 with value: 1.4786219451064522.
[I 2026-05-28 22:35:05,520] Trial 64 finished with value: 77.52592473182969 and parameters: {'ISTN': 162.00136976898284, 'I_gpe': 2.9805546287669227, 'I_gpi': 2.3905205507204896, 'noise_stn_sigma': 3.5203100248752484, 'noise_gpe_sigma': 77.53064268927797, 'noise_gpi_sigma': 49.4206569823682, 'g_stn_gpe_mult': 1.6933247856456897, 'g_gpe_stn_mult': 0.9763871963653041, 'g_stn_gpi_mult': 1.4380025120162696, 'g_gpe_gpi_mult': 1.184033017965307}. Best is trial 37 with value: 1.4786219451064522.
[I 2026-05-28 22:35:06,528] Trial 65 finished with value: 153.34922070297492 and parameters: {'ISTN': 185.78314539614172, 'I_gpe': 1.6657663063935153, 'I_gpi': 3.5367183226660712, 'noise_stn_sigma': 3.536936999738363, 'noise_gpe_sigma': 53.07507911113579, 'noise_gpi_sigma': 43.684558470948815, 'g_stn_gpe_mult': 1.5604511413744353, 'g_gpe_stn_mult': 0.764827383026105, 'g_stn_gpi_mult': 1.5192166197375845, 'g_gpe_gpi_mult': 1.2373041631093449}. Best is trial 37 with value: 1.4786219451064522.
[I 2026-05-28 22:35:07,537] Trial 66 finished with value: 39.55266043559298 and parameters: {'ISTN': 149.28531392668282, 'I_gpe': 2.552298257704159, 'I_gpi': 4.576845194046307, 'noise_stn_sigma': 3.0713388950156295, 'noise_gpe_sigma': 59.09206239406422, 'noise_gpi_sigma': 54.732744283439715, 'g_stn_gpe_mult': 1.7198290100800941, 'g_gpe_stn_mult': 1.0830715820011085, 'g_stn_gpi_mult': 1.6255567746896398, 'g_gpe_gpi_mult': 1.2862600336814365}. Best is trial 37 with value: 1.4786219451064522.
[I 2026-05-28 22:35:08,546] Trial 67 finished with value: 164.71497785026068 and parameters: {'ISTN': 181.3742223825323, 'I_gpe': 2.6683460832156927, 'I_gpi': 4.255331849069252, 'noise_stn_sigma': 3.1689700894354664, 'noise_gpe_sigma': 50.802756099772715, 'noise_gpi_sigma': 47.94153843889988, 'g_stn_gpe_mult': 1.3612835417314495, 'g_gpe_stn_mult': 0.8113577920229843, 'g_stn_gpi_mult': 1.3539905736828703, 'g_gpe_gpi_mult': 1.3589281963553659}. Best is trial 37 with value: 1.4786219451064522.
[I 2026-05-28 22:35:09,555] Trial 68 finished with value: 120.40825992526428 and parameters: {'ISTN': 163.81827613324822, 'I_gpe': 2.304038221896321, 'I_gpi': 3.0754166325244707, 'noise_stn_sigma': 3.7788900419906044, 'noise_gpe_sigma': 44.80385195666764, 'noise_gpi_sigma': 40.62729003127609, 'g_stn_gpe_mult': 1.3050502529941226, 'g_gpe_stn_mult': 0.8724711873217578, 'g_stn_gpi_mult': 1.3009342096117886, 'g_gpe_gpi_mult': 1.5995766263708728}. Best is trial 37 with value: 1.4786219451064522.
[I 2026-05-28 22:35:10,565] Trial 69 finished with value: 67.30445705624626 and parameters: {'ISTN': 148.48265664268405, 'I_gpe': 2.3638963460237177, 'I_gpi': 2.803988003962694, 'noise_stn_sigma': 2.9401643587575608, 'noise_gpe_sigma': 67.97996492220575, 'noise_gpi_sigma': 55.684454196414194, 'g_stn_gpe_mult': 1.6170683310433447, 'g_gpe_stn_mult': 0.9941393979814166, 'g_stn_gpi_mult': 1.4280250929653218, 'g_gpe_gpi_mult': 1.051914741865262}. Best is trial 37 with value: 1.4786219451064522.
[I 2026-05-28 22:35:11,575] Trial 70 finished with value: 6.207265143568149 and parameters: {'ISTN': 156.35420003453828, 'I_gpe': 3.5047535459927683, 'I_gpi': 3.6077523221012058, 'noise_stn_sigma': 4.47858203548618, 'noise_gpe_sigma': 47.87055830075051, 'noise_gpi_sigma': 39.319199100313945, 'g_stn_gpe_mult': 1.532375903544197, 'g_gpe_stn_mult': 1.0013306717224904, 'g_stn_gpi_mult': 1.6099321860818128, 'g_gpe_gpi_mult': 1.1174079798461642}. Best is trial 37 with value: 1.4786219451064522.
[I 2026-05-28 22:35:12,580] Trial 71 finished with value: 106.02710805474727 and parameters: {'ISTN': 163.67635343217023, 'I_gpe': 3.821800772873878, 'I_gpi': 3.791684007906247, 'noise_stn_sigma': 3.054518806551505, 'noise_gpe_sigma': 62.10390606440133, 'noise_gpi_sigma': 48.87830309953692, 'g_stn_gpe_mult': 1.7752902665074397, 'g_gpe_stn_mult': 1.1152880726745682, 'g_stn_gpi_mult': 1.4878174285824892, 'g_gpe_gpi_mult': 1.292019409901525}. Best is trial 37 with value: 1.4786219451064522.
[I 2026-05-28 22:35:13,584] Trial 72 finished with value: 106.0551047101202 and parameters: {'ISTN': 152.10454415469314, 'I_gpe': 3.086555591881358, 'I_gpi': 3.689929178151656, 'noise_stn_sigma': 3.4065681864555586, 'noise_gpe_sigma': 55.09588424687126, 'noise_gpi_sigma': 29.54636879755267, 'g_stn_gpe_mult': 1.7321664517849988, 'g_gpe_stn_mult': 1.2908755977840503, 'g_stn_gpi_mult': 1.7592873874448394, 'g_gpe_gpi_mult': 1.2911685952791736}. Best is trial 37 with value: 1.4786219451064522.
[I 2026-05-28 22:35:14,596] Trial 73 finished with value: 74.50105890801797 and parameters: {'ISTN': 140.86134248146348, 'I_gpe': 2.1843285347957635, 'I_gpi': 3.822597620529614, 'noise_stn_sigma': 4.465381034774679, 'noise_gpe_sigma': 72.49874258888372, 'noise_gpi_sigma': 37.24481539677279, 'g_stn_gpe_mult': 1.631886757455761, 'g_gpe_stn_mult': 0.7184249718751865, 'g_stn_gpi_mult': 1.620848122898607, 'g_gpe_gpi_mult': 1.0131776273345043}. Best is trial 37 with value: 1.4786219451064522.
[I 2026-05-28 22:35:15,604] Trial 74 finished with value: 1.2493461958362602 and parameters: {'ISTN': 144.5717620259318, 'I_gpe': 2.7740471204441723, 'I_gpi': 2.038097827855581, 'noise_stn_sigma': 3.4161046905643193, 'noise_gpe_sigma': 59.64971425202501, 'noise_gpi_sigma': 47.72040437087572, 'g_stn_gpe_mult': 1.6820662453313897, 'g_gpe_stn_mult': 1.1563802988882321, 'g_stn_gpi_mult': 1.6098147688383098, 'g_gpe_gpi_mult': 1.2756514871923414}. Best is trial 74 with value: 1.2493461958362602.
[I 2026-05-28 22:35:16,614] Trial 75 finished with value: 57.86549516057531 and parameters: {'ISTN': 151.0966955401227, 'I_gpe': 3.0624367970533055, 'I_gpi': 2.9407157089974234, 'noise_stn_sigma': 3.8037264655059784, 'noise_gpe_sigma': 45.091208895728734, 'noise_gpi_sigma': 52.14580791715074, 'g_stn_gpe_mult': 1.8985303120102135, 'g_gpe_stn_mult': 0.9094957233179234, 'g_stn_gpi_mult': 1.36474860847107, 'g_gpe_gpi_mult': 1.4255408712055648}. Best is trial 74 with value: 1.2493461958362602.
[I 2026-05-28 22:35:17,619] Trial 76 finished with value: 105.41048753038466 and parameters: {'ISTN': 151.63397387308123, 'I_gpe': 3.336891732945395, 'I_gpi': 2.887784483835273, 'noise_stn_sigma': 3.3722602982852417, 'noise_gpe_sigma': 64.51114319514127, 'noise_gpi_sigma': 44.874652236293755, 'g_stn_gpe_mult': 1.5221778399300703, 'g_gpe_stn_mult': 1.3926822296372818, 'g_stn_gpi_mult': 1.5479000112006527, 'g_gpe_gpi_mult': 1.2865874207326833}. Best is trial 74 with value: 1.2493461958362602.
[I 2026-05-28 22:35:18,628] Trial 77 finished with value: 38.40062148447629 and parameters: {'ISTN': 157.34663922408083, 'I_gpe': 3.021408456957942, 'I_gpi': 2.8655561637972884, 'noise_stn_sigma': 2.8484952097781413, 'noise_gpe_sigma': 62.87200583676562, 'noise_gpi_sigma': 47.76700671847691, 'g_stn_gpe_mult': 1.7444859816480704, 'g_gpe_stn_mult': 1.024184279300436, 'g_stn_gpi_mult': 1.466983177582591, 'g_gpe_gpi_mult': 1.0239825781444503}. Best is trial 74 with value: 1.2493461958362602.
[I 2026-05-28 22:35:19,632] Trial 78 finished with value: 105.33858035353961 and parameters: {'ISTN': 126.24505464245684, 'I_gpe': 3.821207727610923, 'I_gpi': 2.789647699552025, 'noise_stn_sigma': 3.936522394047266, 'noise_gpe_sigma': 63.711648215546106, 'noise_gpi_sigma': 40.07156709206739, 'g_stn_gpe_mult': 1.7191384956256743, 'g_gpe_stn_mult': 0.9581527950780625, 'g_stn_gpi_mult': 1.566579559220065, 'g_gpe_gpi_mult': 1.2153876606695253}. Best is trial 74 with value: 1.2493461958362602.
[I 2026-05-28 22:35:20,640] Trial 79 finished with value: 43.234072806241564 and parameters: {'ISTN': 153.82801773650826, 'I_gpe': 2.244038242529502, 'I_gpi': 2.4342312244684203, 'noise_stn_sigma': 4.61676849677504, 'noise_gpe_sigma': 43.505123315428094, 'noise_gpi_sigma': 43.61622131020196, 'g_stn_gpe_mult': 1.4492789054875348, 'g_gpe_stn_mult': 1.2208318241534548, 'g_stn_gpi_mult': 1.6306011452005316, 'g_gpe_gpi_mult': 1.082332910198124}. Best is trial 74 with value: 1.2493461958362602.
[I 2026-05-28 22:35:21,647] Trial 80 finished with value: 105.40368303064845 and parameters: {'ISTN': 162.09853365599838, 'I_gpe': 3.286312911096461, 'I_gpi': 3.6380941904271555, 'noise_stn_sigma': 4.12260466868554, 'noise_gpe_sigma': 53.1157980536458, 'noise_gpi_sigma': 24.86682019505025, 'g_stn_gpe_mult': 1.4341601923696938, 'g_gpe_stn_mult': 0.8357049320262946, 'g_stn_gpi_mult': 1.5455468904434724, 'g_gpe_gpi_mult': 1.0777441884341545}. Best is trial 74 with value: 1.2493461958362602.
[I 2026-05-28 22:35:22,653] Trial 81 finished with value: 4.629846230005594 and parameters: {'ISTN': 150.77602213446767, 'I_gpe': 3.3424124349626982, 'I_gpi': 1.986089487680708, 'noise_stn_sigma': 3.574478406534259, 'noise_gpe_sigma': 57.03338032280591, 'noise_gpi_sigma': 49.59688203266752, 'g_stn_gpe_mult': 1.3266857643202425, 'g_gpe_stn_mult': 1.1469911857837989, 'g_stn_gpi_mult': 1.4569030287529476, 'g_gpe_gpi_mult': 1.1561953552408146}. Best is trial 74 with value: 1.2493461958362602.
[I 2026-05-28 22:35:23,662] Trial 82 finished with value: 77.74789963985793 and parameters: {'ISTN': 148.4517706308083, 'I_gpe': 1.9587319168693678, 'I_gpi': 1.6639021616926666, 'noise_stn_sigma': 3.414126022139904, 'noise_gpe_sigma': 33.91256671768852, 'noise_gpi_sigma': 51.32530418561411, 'g_stn_gpe_mult': 1.6902466227688115, 'g_gpe_stn_mult': 0.6292868246622965, 'g_stn_gpi_mult': 1.2771018943715609, 'g_gpe_gpi_mult': 1.2009122995483887}. Best is trial 74 with value: 1.2493461958362602.
[I 2026-05-28 22:35:24,665] Trial 83 finished with value: 105.60079132052918 and parameters: {'ISTN': 113.51209575231235, 'I_gpe': 3.1833239467534487, 'I_gpi': 1.532802130881799, 'noise_stn_sigma': 3.33994358105158, 'noise_gpe_sigma': 61.061519956775236, 'noise_gpi_sigma': 46.456807602495154, 'g_stn_gpe_mult': 1.5213633688317025, 'g_gpe_stn_mult': 1.2381195942457501, 'g_stn_gpi_mult': 1.0762755739884673, 'g_gpe_gpi_mult': 1.3392639172990641}. Best is trial 74 with value: 1.2493461958362602.
[I 2026-05-28 22:35:25,665] Trial 84 finished with value: 105.59796095403154 and parameters: {'ISTN': 157.96547787432885, 'I_gpe': 3.469949184880463, 'I_gpi': 1.5523995941872755, 'noise_stn_sigma': 3.873996914969484, 'noise_gpe_sigma': 57.87549551356594, 'noise_gpi_sigma': 28.55619690304768, 'g_stn_gpe_mult': 1.5210462873208148, 'g_gpe_stn_mult': 1.2601770316991647, 'g_stn_gpi_mult': 1.210496107637989, 'g_gpe_gpi_mult': 1.0794123372196487}. Best is trial 74 with value: 1.2493461958362602.
[I 2026-05-28 22:35:26,675] Trial 85 finished with value: 56.03786859141618 and parameters: {'ISTN': 132.24336614269814, 'I_gpe': 1.6498037252441495, 'I_gpi': 1.646904977492204, 'noise_stn_sigma': 2.7662672068736587, 'noise_gpe_sigma': 67.84361480960362, 'noise_gpi_sigma': 38.667184989980626, 'g_stn_gpe_mult': 1.6674839239210661, 'g_gpe_stn_mult': 0.6466537919987048, 'g_stn_gpi_mult': 1.395122622973101, 'g_gpe_gpi_mult': 1.3434228947369014}. Best is trial 74 with value: 1.2493461958362602.
[I 2026-05-28 22:35:27,686] Trial 86 finished with value: 24.587810527262473 and parameters: {'ISTN': 109.57515388650873, 'I_gpe': 1.6118644542562064, 'I_gpi': 1.443098031642152, 'noise_stn_sigma': 4.754331985418964, 'noise_gpe_sigma': 76.49048451241886, 'noise_gpi_sigma': 55.833931756992115, 'g_stn_gpe_mult': 1.5876702288488482, 'g_gpe_stn_mult': 0.9120203801961386, 'g_stn_gpi_mult': 1.6791789702234223, 'g_gpe_gpi_mult': 1.387010947506182}. Best is trial 74 with value: 1.2493461958362602.
[I 2026-05-28 22:35:28,693] Trial 87 finished with value: 2.11436596696141 and parameters: {'ISTN': 157.94333225024047, 'I_gpe': 4.039283026666432, 'I_gpi': 2.0572019557417414, 'noise_stn_sigma': 3.4973955031663433, 'noise_gpe_sigma': 69.31798125183573, 'noise_gpi_sigma': 50.32894130301097, 'g_stn_gpe_mult': 1.2110367401985547, 'g_gpe_stn_mult': 0.9750192196609184, 'g_stn_gpi_mult': 1.2651821660180311, 'g_gpe_gpi_mult': 0.976493329872767}. Best is trial 74 with value: 1.2493461958362602.
