[I 2026-05-28 23:21:31,869] Trial 792 finished with value: 7.0680630202360355 and parameters: {'ISTN': 63.820250194146865, 'I_gpe': 2.0744786604272862, 'I_gpi': 2.2369713341491337, 'noise_stn_sigma': 6.729511151821933, 'noise_gpe_sigma': 125.41502417429199, 'noise_gpi_sigma': 99.35590206345726, 'g_stn_gpe_mult': 3.516945230992306, 'g_gpe_stn_mult': 0.7139974322931586, 'g_stn_gpi_mult': 3.1371152513764695, 'g_gpe_gpi_mult': 0.8773492451932099}. Best is trial 659 with value: 1.772618881235328.
[I 2026-05-28 23:21:32,881] Trial 793 finished with value: 7.54470447797481 and parameters: {'ISTN': 64.3451675743636, 'I_gpe': 2.1158275620812845, 'I_gpi': 2.2816125341409994, 'noise_stn_sigma': 6.630060204469214, 'noise_gpe_sigma': 126.9478806490933, 'noise_gpi_sigma': 95.08220323443152, 'g_stn_gpe_mult': 3.33425381863662, 'g_gpe_stn_mult': 0.7229957529328226, 'g_stn_gpi_mult': 3.150198228471558, 'g_gpe_gpi_mult': 0.8446224793931094}. Best is trial 659 with value: 1.772618881235328.
[I 2026-05-28 23:21:33,890] Trial 794 finished with value: 5.95628551767059 and parameters: {'ISTN': 62.678006375404564, 'I_gpe': 2.1386732900957277, 'I_gpi': 2.1478415053679667, 'noise_stn_sigma': 6.876407636219525, 'noise_gpe_sigma': 128.30039182241794, 'noise_gpi_sigma': 98.61804841677684, 'g_stn_gpe_mult': 3.409030521278452, 'g_gpe_stn_mult': 0.7195694948540847, 'g_stn_gpi_mult': 3.160626837766818, 'g_gpe_gpi_mult': 0.8632993363238533}. Best is trial 659 with value: 1.772618881235328.
[I 2026-05-28 23:21:34,898] Trial 795 finished with value: 8.823685555409464 and parameters: {'ISTN': 64.23322983578554, 'I_gpe': 2.0729023773381527, 'I_gpi': 2.2287604101352123, 'noise_stn_sigma': 6.6880840856048955, 'noise_gpe_sigma': 128.97010234021943, 'noise_gpi_sigma': 97.36220560692612, 'g_stn_gpe_mult': 3.4998708533504868, 'g_gpe_stn_mult': 0.7175190036688857, 'g_stn_gpi_mult': 3.2034020165777304, 'g_gpe_gpi_mult': 0.881129267051513}. Best is trial 659 with value: 1.772618881235328.
[I 2026-05-28 23:21:35,909] Trial 796 finished with value: 3.690388538510834 and parameters: {'ISTN': 65.94040363838053, 'I_gpe': 2.074956563376978, 'I_gpi': 2.195269942051591, 'noise_stn_sigma': 6.706496915751941, 'noise_gpe_sigma': 127.51473009394596, 'noise_gpi_sigma': 95.01745793618701, 'g_stn_gpe_mult': 3.3803535827599447, 'g_gpe_stn_mult': 0.727814725044257, 'g_stn_gpi_mult': 3.2625341525384792, 'g_gpe_gpi_mult': 0.8467306757974091}. Best is trial 659 with value: 1.772618881235328.
[I 2026-05-28 23:21:36,917] Trial 797 finished with value: 7.223573737289682 and parameters: {'ISTN': 64.55156140869863, 'I_gpe': 2.0534546153777935, 'I_gpi': 2.148084910445669, 'noise_stn_sigma': 6.938953313541335, 'noise_gpe_sigma': 132.88094083294186, 'noise_gpi_sigma': 94.90388463530505, 'g_stn_gpe_mult': 3.49810323845311, 'g_gpe_stn_mult': 0.7186644020600512, 'g_stn_gpi_mult': 3.2534760882895855, 'g_gpe_gpi_mult': 0.871346843959484}. Best is trial 659 with value: 1.772618881235328.
[I 2026-05-28 23:21:37,925] Trial 798 finished with value: 9.079442335965124 and parameters: {'ISTN': 64.45159296505548, 'I_gpe': 2.1074416014867925, 'I_gpi': 2.1986413764108668, 'noise_stn_sigma': 6.690337453486054, 'noise_gpe_sigma': 129.04060311880758, 'noise_gpi_sigma': 96.73343822130259, 'g_stn_gpe_mult': 3.4853315309559876, 'g_gpe_stn_mult': 0.7169740714953666, 'g_stn_gpi_mult': 3.236960205133948, 'g_gpe_gpi_mult': 0.8781299839004788}. Best is trial 659 with value: 1.772618881235328.
[I 2026-05-28 23:21:38,933] Trial 799 finished with value: 8.420781577655573 and parameters: {'ISTN': 65.7526474152462, 'I_gpe': 2.0940154961196455, 'I_gpi': 2.055385225898233, 'noise_stn_sigma': 6.646559761941975, 'noise_gpe_sigma': 126.9822618917888, 'noise_gpi_sigma': 97.51466388376195, 'g_stn_gpe_mult': 3.4045440157911107, 'g_gpe_stn_mult': 0.7131978147397847, 'g_stn_gpi_mult': 3.302242211943403, 'g_gpe_gpi_mult': 0.879955993271214}. Best is trial 659 with value: 1.772618881235328.
[I 2026-05-28 23:21:39,941] Trial 800 finished with value: 9.134993695567973 and parameters: {'ISTN': 64.44704348605637, 'I_gpe': 2.071203577656394, 'I_gpi': 2.1761954464285536, 'noise_stn_sigma': 6.434651249395412, 'noise_gpe_sigma': 128.90770613130775, 'noise_gpi_sigma': 97.0413589413859, 'g_stn_gpe_mult': 3.4919806879903623, 'g_gpe_stn_mult': 0.691605618020941, 'g_stn_gpi_mult': 3.0875494310450287, 'g_gpe_gpi_mult': 0.8286577955414469}. Best is trial 659 with value: 1.772618881235328.
[I 2026-05-28 23:21:40,949] Trial 801 finished with value: 7.931837848923014 and parameters: {'ISTN': 65.20530960054123, 'I_gpe': 2.1140332467625953, 'I_gpi': 2.1072874996846815, 'noise_stn_sigma': 6.8399101471744235, 'noise_gpe_sigma': 133.2089960022726, 'noise_gpi_sigma': 90.52716385364248, 'g_stn_gpe_mult': 3.455936747547123, 'g_gpe_stn_mult': 0.7305673315648344, 'g_stn_gpi_mult': 3.2230186658815256, 'g_gpe_gpi_mult': 0.8712586906067048}. Best is trial 659 with value: 1.772618881235328.
[I 2026-05-28 23:21:41,955] Trial 802 finished with value: 11.793872846949752 and parameters: {'ISTN': 66.01045190566118, 'I_gpe': 2.0499096848440814, 'I_gpi': 2.3096479888732344, 'noise_stn_sigma': 6.7768380558658645, 'noise_gpe_sigma': 129.2897808460767, 'noise_gpi_sigma': 96.54340467269026, 'g_stn_gpe_mult': 3.430019281560079, 'g_gpe_stn_mult': 0.7362765566526475, 'g_stn_gpi_mult': 3.2229618499794586, 'g_gpe_gpi_mult': 0.8482084234461658}. Best is trial 659 with value: 1.772618881235328.
[I 2026-05-28 23:21:42,964] Trial 803 finished with value: 7.722916646893145 and parameters: {'ISTN': 66.01699988691472, 'I_gpe': 2.128170263490676, 'I_gpi': 2.3160971681531626, 'noise_stn_sigma': 6.526658727620278, 'noise_gpe_sigma': 133.0158563378578, 'noise_gpi_sigma': 93.07882438660647, 'g_stn_gpe_mult': 3.3251841605329098, 'g_gpe_stn_mult': 0.7392556688313751, 'g_stn_gpi_mult': 3.218157260446407, 'g_gpe_gpi_mult': 0.8229107777745523}. Best is trial 659 with value: 1.772618881235328.
[I 2026-05-28 23:21:43,971] Trial 804 finished with value: 5.1702268851604245 and parameters: {'ISTN': 63.65784371980157, 'I_gpe': 2.0772252667606743, 'I_gpi': 2.172722378014892, 'noise_stn_sigma': 7.075258650503217, 'noise_gpe_sigma': 130.54063797005767, 'noise_gpi_sigma': 96.89958409407961, 'g_stn_gpe_mult': 3.3950430207109568, 'g_gpe_stn_mult': 0.719603408431168, 'g_stn_gpi_mult': 3.073849010570274, 'g_gpe_gpi_mult': 0.8716486658280496}. Best is trial 659 with value: 1.772618881235328.
[I 2026-05-28 23:21:44,980] Trial 805 finished with value: 6.364461620394483 and parameters: {'ISTN': 63.94935118773035, 'I_gpe': 2.0705948432267434, 'I_gpi': 2.3600877600232604, 'noise_stn_sigma': 6.833324790018257, 'noise_gpe_sigma': 125.56633921444036, 'noise_gpi_sigma': 96.80590536113377, 'g_stn_gpe_mult': 3.257954123661535, 'g_gpe_stn_mult': 0.7281032504585695, 'g_stn_gpi_mult': 3.2381156688907664, 'g_gpe_gpi_mult': 0.8672288362459462}. Best is trial 659 with value: 1.772618881235328.
[I 2026-05-28 23:21:45,989] Trial 806 finished with value: 12.403111775298886 and parameters: {'ISTN': 64.39247040420207, 'I_gpe': 2.088336606231257, 'I_gpi': 2.2856135233306083, 'noise_stn_sigma': 6.765497653810567, 'noise_gpe_sigma': 127.29316353248005, 'noise_gpi_sigma': 98.43538052095467, 'g_stn_gpe_mult': 3.3357485460079417, 'g_gpe_stn_mult': 0.7317344436778012, 'g_stn_gpi_mult': 3.1906336169592655, 'g_gpe_gpi_mult': 0.8814302189608543}. Best is trial 659 with value: 1.772618881235328.
[I 2026-05-28 23:21:47,000] Trial 807 finished with value: 9.738079336055893 and parameters: {'ISTN': 64.90850759889967, 'I_gpe': 2.0939807002954467, 'I_gpi': 2.1402201608391613, 'noise_stn_sigma': 6.8877685294204385, 'noise_gpe_sigma': 130.16159883246635, 'noise_gpi_sigma': 97.89855189467477, 'g_stn_gpe_mult': 3.455696573833558, 'g_gpe_stn_mult': 0.7312308787238202, 'g_stn_gpi_mult': 3.2218132842612413, 'g_gpe_gpi_mult': 0.8525534696060093}. Best is trial 659 with value: 1.772618881235328.
[I 2026-05-28 23:21:48,009] Trial 808 finished with value: 4.251640075715308 and parameters: {'ISTN': 65.92994497175594, 'I_gpe': 2.1536951542281324, 'I_gpi': 2.2249758096507435, 'noise_stn_sigma': 6.449452491890896, 'noise_gpe_sigma': 129.4748311918309, 'noise_gpi_sigma': 99.8964973133907, 'g_stn_gpe_mult': 3.3988636077291714, 'g_gpe_stn_mult': 0.7271240940792086, 'g_stn_gpi_mult': 3.3014570835733834, 'g_gpe_gpi_mult': 0.83034098983895}. Best is trial 659 with value: 1.772618881235328.
[I 2026-05-28 23:21:49,016] Trial 809 finished with value: 12.015005270707057 and parameters: {'ISTN': 65.4070246990836, 'I_gpe': 2.087327835531214, 'I_gpi': 2.0605132914196114, 'noise_stn_sigma': 6.73570062213418, 'noise_gpe_sigma': 131.04905751788647, 'noise_gpi_sigma': 96.77391904521255, 'g_stn_gpe_mult': 3.3636273642391084, 'g_gpe_stn_mult': 0.7391938712216307, 'g_stn_gpi_mult': 3.2861340023649466, 'g_gpe_gpi_mult': 0.8665881913993738}. Best is trial 659 with value: 1.772618881235328.
[I 2026-05-28 23:21:50,025] Trial 810 finished with value: 8.80820517706157 and parameters: {'ISTN': 64.6545276619456, 'I_gpe': 2.099002442081044, 'I_gpi': 2.1980178151839205, 'noise_stn_sigma': 6.825671550168095, 'noise_gpe_sigma': 128.99635014753937, 'noise_gpi_sigma': 93.2928900973678, 'g_stn_gpe_mult': 3.3847822695626837, 'g_gpe_stn_mult': 0.7091481767391642, 'g_stn_gpi_mult': 3.067409331599859, 'g_gpe_gpi_mult': 0.89088424850128}. Best is trial 659 with value: 1.772618881235328.
[I 2026-05-28 23:21:51,036] Trial 811 finished with value: 8.603084145090946 and parameters: {'ISTN': 66.68540733043683, 'I_gpe': 2.072494376348639, 'I_gpi': 2.277018547254916, 'noise_stn_sigma': 6.56651027959086, 'noise_gpe_sigma': 125.16050299241321, 'noise_gpi_sigma': 97.32915620675315, 'g_stn_gpe_mult': 3.352705059556473, 'g_gpe_stn_mult': 0.7421899108422564, 'g_stn_gpi_mult': 3.270646001977094, 'g_gpe_gpi_mult': 0.8531501450895511}. Best is trial 659 with value: 1.772618881235328.
[I 2026-05-28 23:21:52,043] Trial 812 finished with value: 4.42288565664854 and parameters: {'ISTN': 63.25132202066444, 'I_gpe': 2.1284934974034613, 'I_gpi': 2.097243352626189, 'noise_stn_sigma': 6.898704808318242, 'noise_gpe_sigma': 130.48007650165601, 'noise_gpi_sigma': 93.50428909531685, 'g_stn_gpe_mult': 3.5009099386043534, 'g_gpe_stn_mult': 0.706291910231337, 'g_stn_gpi_mult': 3.1372172133456155, 'g_gpe_gpi_mult': 0.8643102402294747}. Best is trial 659 with value: 1.772618881235328.
[I 2026-05-28 23:21:53,049] Trial 813 finished with value: 10.24049320636288 and parameters: {'ISTN': 64.9130820119433, 'I_gpe': 2.0858653514627736, 'I_gpi': 2.3922385046768433, 'noise_stn_sigma': 6.822991048903896, 'noise_gpe_sigma': 134.79053605427416, 'noise_gpi_sigma': 100.7217730963414, 'g_stn_gpe_mult': 3.3524851980406707, 'g_gpe_stn_mult': 0.7379513128314027, 'g_stn_gpi_mult': 3.2257622209282095, 'g_gpe_gpi_mult': 0.8330680689443508}. Best is trial 659 with value: 1.772618881235328.
[I 2026-05-28 23:21:54,058] Trial 814 finished with value: 9.508190541829142 and parameters: {'ISTN': 63.64013738823329, 'I_gpe': 2.0768780702441503, 'I_gpi': 2.241390393059393, 'noise_stn_sigma': 6.98124612942376, 'noise_gpe_sigma': 133.52657745500835, 'noise_gpi_sigma': 94.11039563931907, 'g_stn_gpe_mult': 3.3939764817719036, 'g_gpe_stn_mult': 0.7344651355043668, 'g_stn_gpi_mult': 3.1834470392159986, 'g_gpe_gpi_mult': 0.8488625872209206}. Best is trial 659 with value: 1.772618881235328.
[I 2026-05-28 23:21:55,068] Trial 815 finished with value: 3.845870522999183 and parameters: {'ISTN': 62.95902626082524, 'I_gpe': 2.1196402481599304, 'I_gpi': 2.245271002314551, 'noise_stn_sigma': 6.684207110349436, 'noise_gpe_sigma': 128.43850534893863, 'noise_gpi_sigma': 96.64311643346473, 'g_stn_gpe_mult': 3.3639181849398048, 'g_gpe_stn_mult': 0.7159978297840537, 'g_stn_gpi_mult': 3.2098108857947976, 'g_gpe_gpi_mult': 0.8510352192600501}. Best is trial 659 with value: 1.772618881235328.
[I 2026-05-28 23:21:56,079] Trial 816 finished with value: 5.585756313525709 and parameters: {'ISTN': 64.56467256669394, 'I_gpe': 2.0623322900938423, 'I_gpi': 2.246039927313343, 'noise_stn_sigma': 6.569736331922052, 'noise_gpe_sigma': 125.99591880545975, 'noise_gpi_sigma': 100.7515814494541, 'g_stn_gpe_mult': 3.402343471180996, 'g_gpe_stn_mult': 0.7268587996877391, 'g_stn_gpi_mult': 3.2772867184356183, 'g_gpe_gpi_mult': 0.8568204715143408}. Best is trial 659 with value: 1.772618881235328.
[I 2026-05-28 23:21:57,089] Trial 817 finished with value: 9.137263789393641 and parameters: {'ISTN': 64.90191709376418, 'I_gpe': 2.140999941521324, 'I_gpi': 2.18674787854264, 'noise_stn_sigma': 6.931999198092061, 'noise_gpe_sigma': 131.29711878478886, 'noise_gpi_sigma': 90.63498475492611, 'g_stn_gpe_mult': 3.383101567375115, 'g_gpe_stn_mult': 0.7259666819452658, 'g_stn_gpi_mult': 3.2658107641903658, 'g_gpe_gpi_mult': 0.85672846638094}. Best is trial 659 with value: 1.772618881235328.
[I 2026-05-28 23:21:58,097] Trial 818 finished with value: 9.167319486610841 and parameters: {'ISTN': 66.2873738646731, 'I_gpe': 2.1952346814337456, 'I_gpi': 2.3384563110207166, 'noise_stn_sigma': 6.533899927656965, 'noise_gpe_sigma': 125.47425620305518, 'noise_gpi_sigma': 101.66714523034199, 'g_stn_gpe_mult': 3.379639016440306, 'g_gpe_stn_mult': 0.7376207667673998, 'g_stn_gpi_mult': 3.2820502916112346, 'g_gpe_gpi_mult': 0.8344837194014139}. Best is trial 659 with value: 1.772618881235328.
[I 2026-05-28 23:21:59,105] Trial 819 finished with value: 8.308615131758247 and parameters: {'ISTN': 65.3331850074297, 'I_gpe': 2.1423951849711655, 'I_gpi': 2.165620432637668, 'noise_stn_sigma': 6.62735087413372, 'noise_gpe_sigma': 130.0311645504064, 'noise_gpi_sigma': 93.2481195875336, 'g_stn_gpe_mult': 3.2928071156966077, 'g_gpe_stn_mult': 0.7174415620017817, 'g_stn_gpi_mult': 3.1707934017215984, 'g_gpe_gpi_mult': 0.8685851543511727}. Best is trial 659 with value: 1.772618881235328.
[I 2026-05-28 23:22:00,112] Trial 820 finished with value: 7.274814371999114 and parameters: {'ISTN': 64.68014979534654, 'I_gpe': 2.0836138265674164, 'I_gpi': 2.3241618411886984, 'noise_stn_sigma': 6.784472945823341, 'noise_gpe_sigma': 131.2348364592754, 'noise_gpi_sigma': 103.71211017400034, 'g_stn_gpe_mult': 3.4382809823257343, 'g_gpe_stn_mult': 0.7348931505118249, 'g_stn_gpi_mult': 3.2234489278938967, 'g_gpe_gpi_mult': 0.8645437145501005}. Best is trial 659 with value: 1.772618881235328.
[I 2026-05-28 23:22:01,119] Trial 821 finished with value: 6.162719016134918 and parameters: {'ISTN': 63.468230785086995, 'I_gpe': 2.13124088824343, 'I_gpi': 2.1975808456510384, 'noise_stn_sigma': 6.711505385572704, 'noise_gpe_sigma': 127.3204994152028, 'noise_gpi_sigma': 100.81079521506017, 'g_stn_gpe_mult': 3.4462906856011886, 'g_gpe_stn_mult': 0.7246340729563697, 'g_stn_gpi_mult': 3.2217174232149954, 'g_gpe_gpi_mult': 0.8753690628240356}. Best is trial 659 with value: 1.772618881235328.
[I 2026-05-28 23:22:02,127] Trial 822 finished with value: 8.544425743809168 and parameters: {'ISTN': 63.45039592795949, 'I_gpe': 2.1211745060148797, 'I_gpi': 2.110144476739096, 'noise_stn_sigma': 7.0181978627399815, 'noise_gpe_sigma': 132.54417060421468, 'noise_gpi_sigma': 94.45337358460853, 'g_stn_gpe_mult': 3.5306407041146626, 'g_gpe_stn_mult': 0.7228340210158541, 'g_stn_gpi_mult': 3.2498524585816755, 'g_gpe_gpi_mult': 0.8342943378955123}. Best is trial 659 with value: 1.772618881235328.
[I 2026-05-28 23:22:03,137] Trial 823 finished with value: 8.653146405645215 and parameters: {'ISTN': 62.744088950621084, 'I_gpe': 2.129452197423703, 'I_gpi': 2.121076573374033, 'noise_stn_sigma': 6.914277945910995, 'noise_gpe_sigma': 131.1345971115445, 'noise_gpi_sigma': 98.58742440142112, 'g_stn_gpe_mult': 3.4697884951778857, 'g_gpe_stn_mult': 0.7272681317775535, 'g_stn_gpi_mult': 3.294790112324776, 'g_gpe_gpi_mult': 0.878242714918253}. Best is trial 659 with value: 1.772618881235328.
[I 2026-05-28 23:22:04,144] Trial 824 finished with value: 5.302937248051389 and parameters: {'ISTN': 64.34005458820204, 'I_gpe': 2.0822477822474545, 'I_gpi': 2.3331911907952922, 'noise_stn_sigma': 6.727023995579284, 'noise_gpe_sigma': 127.30741778564499, 'noise_gpi_sigma': 99.626988389679, 'g_stn_gpe_mult': 3.3209533709593133, 'g_gpe_stn_mult': 0.7243479863394633, 'g_stn_gpi_mult': 3.156985202410843, 'g_gpe_gpi_mult': 0.8657488821955284}. Best is trial 659 with value: 1.772618881235328.
[I 2026-05-28 23:22:05,152] Trial 825 finished with value: 7.0430637404850005 and parameters: {'ISTN': 60.63324598183554, 'I_gpe': 2.084214065689438, 'I_gpi': 2.194243262001417, 'noise_stn_sigma': 7.157961543209371, 'noise_gpe_sigma': 130.04130408046245, 'noise_gpi_sigma': 97.39101210856329, 'g_stn_gpe_mult': 3.4142362179900037, 'g_gpe_stn_mult': 0.7200084145796439, 'g_stn_gpi_mult': 3.293757835332758, 'g_gpe_gpi_mult': 0.876037838679345}. Best is trial 659 with value: 1.772618881235328.
[I 2026-05-28 23:22:06,160] Trial 826 finished with value: 11.077646245720926 and parameters: {'ISTN': 61.59983368769306, 'I_gpe': 2.097817561140385, 'I_gpi': 2.1876990923845447, 'noise_stn_sigma': 6.876838477964108, 'noise_gpe_sigma': 129.6753306605687, 'noise_gpi_sigma': 94.00920390755421, 'g_stn_gpe_mult': 3.451147994028462, 'g_gpe_stn_mult': 0.7073418162767775, 'g_stn_gpi_mult': 3.149069799545442, 'g_gpe_gpi_mult': 0.8943334988279699}. Best is trial 659 with value: 1.772618881235328.
[I 2026-05-28 23:22:07,169] Trial 827 finished with value: 9.506751983840559 and parameters: {'ISTN': 63.45255088679659, 'I_gpe': 2.1018855892429276, 'I_gpi': 2.0624280558678385, 'noise_stn_sigma': 6.823484167711547, 'noise_gpe_sigma': 128.57340563507938, 'noise_gpi_sigma': 91.42783295134083, 'g_stn_gpe_mult': 3.356179307749262, 'g_gpe_stn_mult': 0.7137870443855082, 'g_stn_gpi_mult': 3.155665855642484, 'g_gpe_gpi_mult': 0.873446855228101}. Best is trial 659 with value: 1.772618881235328.
[I 2026-05-28 23:22:08,177] Trial 828 finished with value: 7.726340241901586 and parameters: {'ISTN': 64.27522010077948, 'I_gpe': 2.086201269423719, 'I_gpi': 2.1322535239215545, 'noise_stn_sigma': 6.816342771537589, 'noise_gpe_sigma': 127.51849422531274, 'noise_gpi_sigma': 94.65142982534537, 'g_stn_gpe_mult': 3.4028458781642135, 'g_gpe_stn_mult': 0.7158034812326517, 'g_stn_gpi_mult': 3.292835684560143, 'g_gpe_gpi_mult': 0.8541960221206122}. Best is trial 659 with value: 1.772618881235328.
[I 2026-05-28 23:22:09,186] Trial 829 finished with value: 8.122052826998395 and parameters: {'ISTN': 64.63961773215706, 'I_gpe': 2.087444388345867, 'I_gpi': 2.176112051881847, 'noise_stn_sigma': 6.663877220880839, 'noise_gpe_sigma': 126.43526934274269, 'noise_gpi_sigma': 91.73549563554302, 'g_stn_gpe_mult': 3.3907097046905634, 'g_gpe_stn_mult': 0.7188597421740507, 'g_stn_gpi_mult': 3.249378372703447, 'g_gpe_gpi_mult': 0.8250361238633632}. Best is trial 659 with value: 1.772618881235328.
[I 2026-05-28 23:22:10,195] Trial 830 finished with value: 8.394328258064235 and parameters: {'ISTN': 63.88251671440881, 'I_gpe': 2.074243296750268, 'I_gpi': 2.390777726789513, 'noise_stn_sigma': 6.457206134892255, 'noise_gpe_sigma': 130.96716572329774, 'noise_gpi_sigma': 97.76235991206757, 'g_stn_gpe_mult': 3.330096740717835, 'g_gpe_stn_mult': 0.7149133391418232, 'g_stn_gpi_mult': 3.1243088169108475, 'g_gpe_gpi_mult': 0.8277540952514524}. Best is trial 659 with value: 1.772618881235328.
[I 2026-05-28 23:22:11,206] Trial 831 finished with value: 5.275957808223143 and parameters: {'ISTN': 62.7147206205011, 'I_gpe': 2.1109085260548444, 'I_gpi': 2.247064203896729, 'noise_stn_sigma': 7.047576249901007, 'noise_gpe_sigma': 129.4071531594032, 'noise_gpi_sigma': 100.54618201087152, 'g_stn_gpe_mult': 3.3965099852005665, 'g_gpe_stn_mult': 0.7281163334163547, 'g_stn_gpi_mult': 3.29076255726692, 'g_gpe_gpi_mult': 0.8733183859239064}. Best is trial 659 with value: 1.772618881235328.
[I 2026-05-28 23:22:12,154] Trial 832 finished with value: 1000000.0 and parameters: {'ISTN': 64.95821851691255, 'I_gpe': 2.152106965610593, 'I_gpi': 2.242451822425563, 'noise_stn_sigma': 6.773659383829624, 'noise_gpe_sigma': 133.29208776443093, 'noise_gpi_sigma': 98.35014915210654, 'g_stn_gpe_mult': 3.420835660355918, 'g_gpe_stn_mult': 0.7344463236096089, 'g_stn_gpi_mult': 3.246607499564241, 'g_gpe_gpi_mult': 0.8502810362972539}. Best is trial 659 with value: 1.772618881235328.
[I 2026-05-28 23:22:13,161] Trial 833 finished with value: 9.39690814393427 and parameters: {'ISTN': 64.22595058790384, 'I_gpe': 2.0651429863855357, 'I_gpi': 2.208677371271712, 'noise_stn_sigma': 6.750989034190081, 'noise_gpe_sigma': 130.40604562707574, 'noise_gpi_sigma': 96.78163999176353, 'g_stn_gpe_mult': 3.425930897279504, 'g_gpe_stn_mult': 0.7262253008567504, 'g_stn_gpi_mult': 3.3109038876308428, 'g_gpe_gpi_mult': 0.8382644390549101}. Best is trial 659 with value: 1.772618881235328.
[I 2026-05-28 23:22:14,167] Trial 834 finished with value: 8.260867435511523 and parameters: {'ISTN': 62.39022697671482, 'I_gpe': 2.103021832568735, 'I_gpi': 2.2618073673228363, 'noise_stn_sigma': 6.786368926174223, 'noise_gpe_sigma': 128.50707855884065, 'noise_gpi_sigma': 104.70425037597794, 'g_stn_gpe_mult': 3.473078549952531, 'g_gpe_stn_mult': 0.7285031892386673, 'g_stn_gpi_mult': 3.262027775865767, 'g_gpe_gpi_mult': 0.8695700687760424}. Best is trial 659 with value: 1.772618881235328.
[I 2026-05-28 23:22:15,173] Trial 835 finished with value: 5.41367548722684 and parameters: {'ISTN': 62.83199421229738, 'I_gpe': 2.087709528473806, 'I_gpi': 2.1670496041981453, 'noise_stn_sigma': 6.915249842562881, 'noise_gpe_sigma': 128.11334799519562, 'noise_gpi_sigma': 98.10190106178317, 'g_stn_gpe_mult': 3.3954680222907094, 'g_gpe_stn_mult': 0.7212288798343215, 'g_stn_gpi_mult': 3.236617577381658, 'g_gpe_gpi_mult': 0.8774004716348125}. Best is trial 659 with value: 1.772618881235328.
