[I 2026-05-28 23:08:11,896] A new study created in memory with name: sensitivity_tau1
[I 2026-05-28 23:08:14,355] Trial 0 finished with value: 131.47124234256262 and parameters: {'ISTN': 93.70861069626262, 'I_gpe': 3.827500072434707, 'I_gpi': 3.9279757672456204, 'noise_stn_sigma': 5.190609389379256, 'noise_gpe_sigma': 40.28242325751675, 'noise_gpi_sigma': 40.27928764370634, 'g_stn_gpe_mult': 1.703292642588698, 'g_gpe_stn_mult': 0.7063233020424546, 'g_stn_gpi_mult': 2.8033450352296265, 'g_gpe_gpi_mult': 0.9080725777960454}. Best is trial 0 with value: 131.47124234256262.
[I 2026-05-28 23:08:15,371] Trial 1 finished with value: 23.606539143627444 and parameters: {'ISTN': 102.18398227973381, 'I_gpe': 1.7822592367307524, 'I_gpi': 2.0402078942860182, 'noise_stn_sigma': 5.527278325084124, 'noise_gpe_sigma': 64.87605951987203, 'noise_gpi_sigma': 128.16311557229506, 'g_stn_gpe_mult': 3.8783201895114314, 'g_gpe_stn_mult': 0.4633636096255428, 'g_stn_gpi_mult': 1.9201572567197984, 'g_gpe_gpi_mult': 0.5716581854888545}. Best is trial 1 with value: 23.606539143627444.
[I 2026-05-28 23:08:16,383] Trial 2 finished with value: 23.894924749278694 and parameters: {'ISTN': 104.05697545714605, 'I_gpe': 1.6990806611446447, 'I_gpi': 2.1093322736015803, 'noise_stn_sigma': 4.391415413253829, 'noise_gpe_sigma': 95.78215145683166, 'noise_gpi_sigma': 112.26271914252017, 'g_stn_gpe_mult': 3.620508535432487, 'g_gpe_stn_mult': 0.48253375989294744, 'g_stn_gpi_mult': 2.4349864676102033, 'g_gpe_gpi_mult': 0.8838728082220315}. Best is trial 1 with value: 23.606539143627444.
[I 2026-05-28 23:08:17,401] Trial 3 finished with value: 32.351919183832045 and parameters: {'ISTN': 124.05768254138863, 'I_gpe': 2.4404639905642638, 'I_gpi': 2.929437307767527, 'noise_stn_sigma': 4.597526383157501, 'noise_gpe_sigma': 123.71799364703026, 'noise_gpi_sigma': 102.97034598752232, 'g_stn_gpe_mult': 3.0886712355338317, 'g_gpe_stn_mult': 0.27286655747132477, 'g_stn_gpi_mult': 3.5949342956186348, 'g_gpe_gpi_mult': 0.596177167198813}. Best is trial 1 with value: 23.606539143627444.
[I 2026-05-28 23:08:18,413] Trial 4 finished with value: 3.429511868616504 and parameters: {'ISTN': 61.327006512303655, 'I_gpe': 2.322282146919423, 'I_gpi': 2.6397695163821506, 'noise_stn_sigma': 3.62253468740132, 'noise_gpe_sigma': 78.9240566977039, 'noise_gpi_sigma': 101.63027934654737, 'g_stn_gpe_mult': 3.374074127741162, 'g_gpe_stn_mult': 0.2130397972288703, 'g_stn_gpi_mult': 2.0912746715201935, 'g_gpe_gpi_mult': 0.6568869944818863}. Best is trial 4 with value: 3.429511868616504.
[I 2026-05-28 23:08:19,420] Trial 5 finished with value: 29.590125619750356 and parameters: {'ISTN': 118.21835604782609, 'I_gpe': 1.5081892774313215, 'I_gpi': 3.899768098732145, 'noise_stn_sigma': 3.936086758513816, 'noise_gpe_sigma': 119.32152160252447, 'noise_gpi_sigma': 102.30543016488373, 'g_stn_gpe_mult': 2.9807792455418993, 'g_gpe_stn_mult': 0.5137698475759706, 'g_stn_gpi_mult': 2.9949380788413196, 'g_gpe_gpi_mult': 0.9635506695066518}. Best is trial 4 with value: 3.429511868616504.
[I 2026-05-28 23:08:20,431] Trial 6 finished with value: 29.60431143989006 and parameters: {'ISTN': 121.61855037844573, 'I_gpe': 1.6513293219198029, 'I_gpi': 2.8432761902587727, 'noise_stn_sigma': 3.8480047711083603, 'noise_gpe_sigma': 74.143091992362, 'noise_gpi_sigma': 62.05518437298985, 'g_stn_gpe_mult': 3.3767409216885813, 'g_gpe_stn_mult': 0.39119594338519237, 'g_stn_gpi_mult': 2.347357900801299, 'g_gpe_gpi_mult': 0.4142625832855039}. Best is trial 4 with value: 3.429511868616504.
[I 2026-05-28 23:08:21,442] Trial 7 finished with value: 25.013914617956715 and parameters: {'ISTN': 118.14807622329761, 'I_gpe': 1.5486294089623256, 'I_gpi': 2.4516321436833994, 'noise_stn_sigma': 2.679013017620471, 'noise_gpe_sigma': 56.04599877645517, 'noise_gpi_sigma': 116.28652710522236, 'g_stn_gpe_mult': 2.9922746566942053, 'g_gpe_stn_mult': 0.2955859336866355, 'g_stn_gpi_mult': 1.716124621409335, 'g_gpe_gpi_mult': 0.5179871881249729}. Best is trial 4 with value: 3.429511868616504.
[I 2026-05-28 23:08:22,457] Trial 8 finished with value: 35.165443736998924 and parameters: {'ISTN': 125.24171270223263, 'I_gpe': 2.8526086943177944, 'I_gpi': 2.0678354736293487, 'noise_stn_sigma': 3.402302701760284, 'noise_gpe_sigma': 94.41082187084776, 'noise_gpi_sigma': 98.9600504549821, 'g_stn_gpe_mult': 3.6329764552383, 'g_gpe_stn_mult': 0.2538139817870882, 'g_stn_gpi_mult': 2.8573669779553246, 'g_gpe_gpi_mult': 0.7596331107049075}. Best is trial 4 with value: 3.429511868616504.
[I 2026-05-28 23:08:23,466] Trial 9 finished with value: 26.478796587886468 and parameters: {'ISTN': 108.06144798180426, 'I_gpe': 2.088159593914187, 'I_gpi': 2.7321182722451014, 'noise_stn_sigma': 3.3524793808782456, 'noise_gpe_sigma': 48.88483497946666, 'noise_gpi_sigma': 129.93936748396976, 'g_stn_gpe_mult': 3.302290408301439, 'g_gpe_stn_mult': 0.5428025966104797, 'g_stn_gpi_mult': 2.2888222168539225, 'g_gpe_gpi_mult': 0.6716607335175118}. Best is trial 4 with value: 3.429511868616504.
[I 2026-05-28 23:08:24,475] Trial 10 finished with value: 27.091738079999363 and parameters: {'ISTN': 105.28930217987374, 'I_gpe': 2.764126309775512, 'I_gpi': 1.33834956817683, 'noise_stn_sigma': 2.965503538344267, 'noise_gpe_sigma': 129.52996397114705, 'noise_gpi_sigma': 96.48201510531312, 'g_stn_gpe_mult': 3.0608279134787137, 'g_gpe_stn_mult': 0.462684887025272, 'g_stn_gpi_mult': 2.045535048975993, 'g_gpe_gpi_mult': 0.7985205433522264}. Best is trial 4 with value: 3.429511868616504.
[I 2026-05-28 23:08:25,492] Trial 11 finished with value: 15.374848396727517 and parameters: {'ISTN': 72.99323188788809, 'I_gpe': 1.2264263644909974, 'I_gpi': 1.6241849240837514, 'noise_stn_sigma': 2.669064073783338, 'noise_gpe_sigma': 47.13422916456615, 'noise_gpi_sigma': 144.58730803712592, 'g_stn_gpe_mult': 4.36972214816103, 'g_gpe_stn_mult': 0.22898499741555584, 'g_stn_gpi_mult': 2.4438993917384, 'g_gpe_gpi_mult': 0.9138234662284743}. Best is trial 4 with value: 3.429511868616504.
[I 2026-05-28 23:08:26,502] Trial 12 finished with value: 22.921178473456646 and parameters: {'ISTN': 97.97747445025264, 'I_gpe': 2.2700185005762195, 'I_gpi': 1.4346446091895175, 'noise_stn_sigma': 3.558447879447775, 'noise_gpe_sigma': 47.373149597343726, 'noise_gpi_sigma': 104.13517789173112, 'g_stn_gpe_mult': 3.9292323349626703, 'g_gpe_stn_mult': 0.4160653639707852, 'g_stn_gpi_mult': 2.0131424909882414, 'g_gpe_gpi_mult': 0.892336329517111}. Best is trial 4 with value: 3.429511868616504.
[I 2026-05-28 23:08:27,511] Trial 13 finished with value: 21.601407535248313 and parameters: {'ISTN': 80.0625146345606, 'I_gpe': 3.1135809725131214, 'I_gpi': 2.228717672265294, 'noise_stn_sigma': 6.95257086063336, 'noise_gpe_sigma': 58.53639060609473, 'noise_gpi_sigma': 119.07153310363024, 'g_stn_gpe_mult': 4.157057215188178, 'g_gpe_stn_mult': 0.4594616814092187, 'g_stn_gpi_mult': 1.900394302274533, 'g_gpe_gpi_mult': 0.704051865472846}. Best is trial 4 with value: 3.429511868616504.
[I 2026-05-28 23:08:28,521] Trial 14 finished with value: 26.86576507747518 and parameters: {'ISTN': 115.74891157636274, 'I_gpe': 2.5478842935983805, 'I_gpi': 3.5673301493141985, 'noise_stn_sigma': 4.467467385123845, 'noise_gpe_sigma': 60.71536929002417, 'noise_gpi_sigma': 63.536292335975624, 'g_stn_gpe_mult': 3.1652665766483272, 'g_gpe_stn_mult': 0.17937756465928614, 'g_stn_gpi_mult': 1.8975039971863963, 'g_gpe_gpi_mult': 0.5310271013502581}. Best is trial 4 with value: 3.429511868616504.
[I 2026-05-28 23:08:29,531] Trial 15 finished with value: 20.069858767754027 and parameters: {'ISTN': 90.72238232656665, 'I_gpe': 2.213361474582764, 'I_gpi': 1.628659374721298, 'noise_stn_sigma': 4.178937015614762, 'noise_gpe_sigma': 58.21570887701056, 'noise_gpi_sigma': 90.5409008103048, 'g_stn_gpe_mult': 2.4374063397184886, 'g_gpe_stn_mult': 0.368755480790786, 'g_stn_gpi_mult': 1.9388149433597, 'g_gpe_gpi_mult': 0.7420496788389672}. Best is trial 4 with value: 3.429511868616504.
[I 2026-05-28 23:08:30,540] Trial 16 finished with value: 15.621851050357218 and parameters: {'ISTN': 75.00370007848677, 'I_gpe': 1.2915676374254046, 'I_gpi': 2.0821212894883545, 'noise_stn_sigma': 3.614447596854533, 'noise_gpe_sigma': 74.9564973956772, 'noise_gpi_sigma': 118.59476454611233, 'g_stn_gpe_mult': 3.54444492121641, 'g_gpe_stn_mult': 0.23740821263897455, 'g_stn_gpi_mult': 2.2777595505999626, 'g_gpe_gpi_mult': 0.6345028690579093}. Best is trial 4 with value: 3.429511868616504.
[I 2026-05-28 23:08:31,549] Trial 17 finished with value: 25.610666995073107 and parameters: {'ISTN': 84.40881762550242, 'I_gpe': 3.3986202712579154, 'I_gpi': 2.201655431275428, 'noise_stn_sigma': 4.880911036880889, 'noise_gpe_sigma': 62.25352667550396, 'noise_gpi_sigma': 84.41713434296656, 'g_stn_gpe_mult': 3.8152235945151656, 'g_gpe_stn_mult': 0.22749195601343844, 'g_stn_gpi_mult': 2.7210866963212585, 'g_gpe_gpi_mult': 0.3887989426225479}. Best is trial 4 with value: 3.429511868616504.
[I 2026-05-28 23:08:32,557] Trial 18 finished with value: 17.10150378532 and parameters: {'ISTN': 78.0658145055529, 'I_gpe': 2.2242922575235564, 'I_gpi': 2.1336877044847795, 'noise_stn_sigma': 6.918816729730165, 'noise_gpe_sigma': 44.56107614706256, 'noise_gpi_sigma': 141.16150356189485, 'g_stn_gpe_mult': 2.9038099563495523, 'g_gpe_stn_mult': 0.18812687790657145, 'g_stn_gpi_mult': 1.9128671588937327, 'g_gpe_gpi_mult': 0.3903313370231217}. Best is trial 4 with value: 3.429511868616504.
[I 2026-05-28 23:08:33,565] Trial 19 finished with value: 22.477182028074846 and parameters: {'ISTN': 91.40997885682879, 'I_gpe': 2.4196007680394276, 'I_gpi': 3.321436292556629, 'noise_stn_sigma': 3.8275623275177026, 'noise_gpe_sigma': 79.50532697978588, 'noise_gpi_sigma': 111.11551975946317, 'g_stn_gpe_mult': 4.216783041242371, 'g_gpe_stn_mult': 0.42720348337577696, 'g_stn_gpi_mult': 1.8589910747598404, 'g_gpe_gpi_mult': 0.6420544964435995}. Best is trial 4 with value: 3.429511868616504.
[I 2026-05-28 23:08:34,576] Trial 20 finished with value: 18.617340809639927 and parameters: {'ISTN': 83.54439922593404, 'I_gpe': 2.151205791746043, 'I_gpi': 1.6595148275217473, 'noise_stn_sigma': 5.526783976254647, 'noise_gpe_sigma': 72.18696231611338, 'noise_gpi_sigma': 108.91479424885425, 'g_stn_gpe_mult': 4.005881639879877, 'g_gpe_stn_mult': 0.40547522711680506, 'g_stn_gpi_mult': 1.9811611161933227, 'g_gpe_gpi_mult': 0.3107612902025434}. Best is trial 4 with value: 3.429511868616504.
[I 2026-05-28 23:08:35,585] Trial 21 finished with value: 4.843986127557075 and parameters: {'ISTN': 60.27671265622641, 'I_gpe': 2.1558090705233868, 'I_gpi': 2.9195967364749427, 'noise_stn_sigma': 5.653071500796622, 'noise_gpe_sigma': 73.17358193539133, 'noise_gpi_sigma': 145.63675460474394, 'g_stn_gpe_mult': 3.1603383275155466, 'g_gpe_stn_mult': 0.3855303075089809, 'g_stn_gpi_mult': 2.3620292852804443, 'g_gpe_gpi_mult': 0.6980007770332082}. Best is trial 4 with value: 3.429511868616504.
[I 2026-05-28 23:08:36,594] Trial 22 finished with value: 16.943283714470137 and parameters: {'ISTN': 87.87272177023354, 'I_gpe': 0.6343368301441846, 'I_gpi': 2.8668863997928264, 'noise_stn_sigma': 4.400053047284981, 'noise_gpe_sigma': 75.65717889751456, 'noise_gpi_sigma': 93.92607869886685, 'g_stn_gpe_mult': 3.785667773950699, 'g_gpe_stn_mult': 0.19499526979184806, 'g_stn_gpi_mult': 1.9557222565678563, 'g_gpe_gpi_mult': 0.7832562980951709}. Best is trial 4 with value: 3.429511868616504.
[I 2026-05-28 23:08:37,607] Trial 23 finished with value: 17.97579117100023 and parameters: {'ISTN': 87.90781056419186, 'I_gpe': 2.3319044719109057, 'I_gpi': 1.519507056807702, 'noise_stn_sigma': 4.757801017351399, 'noise_gpe_sigma': 22.39767257172038, 'noise_gpi_sigma': 139.77215135969996, 'g_stn_gpe_mult': 3.59759414938315, 'g_gpe_stn_mult': 0.121769745090764, 'g_stn_gpi_mult': 1.965093582347372, 'g_gpe_gpi_mult': 0.39420942596280945}. Best is trial 4 with value: 3.429511868616504.
[I 2026-05-28 23:08:38,614] Trial 24 finished with value: 16.498688611205633 and parameters: {'ISTN': 83.01821750641736, 'I_gpe': 1.1071955436804741, 'I_gpi': 1.4811565648730933, 'noise_stn_sigma': 5.831511065518741, 'noise_gpe_sigma': 43.541877581151155, 'noise_gpi_sigma': 95.55506614827509, 'g_stn_gpe_mult': 3.204986302130997, 'g_gpe_stn_mult': 0.10531621957230104, 'g_stn_gpi_mult': 1.0092751300567964, 'g_gpe_gpi_mult': 0.8339762016117618}. Best is trial 4 with value: 3.429511868616504.
[I 2026-05-28 23:08:39,623] Trial 25 finished with value: 18.00513104798 and parameters: {'ISTN': 87.10437375305995, 'I_gpe': 1.269036756663176, 'I_gpi': 1.1993954539083884, 'noise_stn_sigma': 3.7982130496809705, 'noise_gpe_sigma': 55.54793439798346, 'noise_gpi_sigma': 131.62024777587362, 'g_stn_gpe_mult': 2.8376791385853806, 'g_gpe_stn_mult': 0.31492922227782216, 'g_stn_gpi_mult': 2.4105331023448953, 'g_gpe_gpi_mult': 0.5548319443548129}. Best is trial 4 with value: 3.429511868616504.
[I 2026-05-28 23:08:40,631] Trial 26 finished with value: 17.682837512957608 and parameters: {'ISTN': 91.53034744897225, 'I_gpe': 1.4500295260969678, 'I_gpi': 2.8345779425017366, 'noise_stn_sigma': 2.838914963048103, 'noise_gpe_sigma': 67.63151286443303, 'noise_gpi_sigma': 141.10588698728893, 'g_stn_gpe_mult': 3.9100143564782663, 'g_gpe_stn_mult': 0.14900992323950504, 'g_stn_gpi_mult': 2.566421738346824, 'g_gpe_gpi_mult': 0.8052863361616325}. Best is trial 4 with value: 3.429511868616504.
[I 2026-05-28 23:08:41,640] Trial 27 finished with value: 17.487387862537474 and parameters: {'ISTN': 86.73099873524001, 'I_gpe': 0.7921233069590823, 'I_gpi': 1.536425324256482, 'noise_stn_sigma': 4.358392870060474, 'noise_gpe_sigma': 54.26025077222938, 'noise_gpi_sigma': 119.77440484766902, 'g_stn_gpe_mult': 4.405325368554742, 'g_gpe_stn_mult': 0.3117956304405871, 'g_stn_gpi_mult': 2.6229334361926537, 'g_gpe_gpi_mult': 0.9110602757660382}. Best is trial 4 with value: 3.429511868616504.
[I 2026-05-28 23:08:42,648] Trial 28 finished with value: 14.813209906106675 and parameters: {'ISTN': 69.13269835987022, 'I_gpe': 1.7325463319407173, 'I_gpi': 2.1215676946196043, 'noise_stn_sigma': 4.114863231117453, 'noise_gpe_sigma': 91.60313527638519, 'noise_gpi_sigma': 113.83389526324407, 'g_stn_gpe_mult': 3.5528086648651946, 'g_gpe_stn_mult': 0.6162427529788682, 'g_stn_gpi_mult': 2.27993045915026, 'g_gpe_gpi_mult': 0.866772770674666}. Best is trial 4 with value: 3.429511868616504.
[I 2026-05-28 23:08:43,656] Trial 29 finished with value: 19.22627576724912 and parameters: {'ISTN': 95.83642513861784, 'I_gpe': 1.393959907308816, 'I_gpi': 1.417837010180312, 'noise_stn_sigma': 3.109326488032157, 'noise_gpe_sigma': 63.4884253290772, 'noise_gpi_sigma': 95.65286195572055, 'g_stn_gpe_mult': 3.4603211847028073, 'g_gpe_stn_mult': 0.28440701603590535, 'g_stn_gpi_mult': 1.7708195463996135, 'g_gpe_gpi_mult': 0.6701489661788373}. Best is trial 4 with value: 3.429511868616504.
[I 2026-05-28 23:08:44,664] Trial 30 finished with value: 13.686005277199925 and parameters: {'ISTN': 62.68190961361661, 'I_gpe': 1.3465610992722592, 'I_gpi': 2.0480735073099448, 'noise_stn_sigma': 4.795098681839875, 'noise_gpe_sigma': 51.44418467685226, 'noise_gpi_sigma': 148.1241320934607, 'g_stn_gpe_mult': 3.7312913278358284, 'g_gpe_stn_mult': 0.3516598391783722, 'g_stn_gpi_mult': 2.1057810940124213, 'g_gpe_gpi_mult': 0.6584360740660168}. Best is trial 4 with value: 3.429511868616504.
[I 2026-05-28 23:08:45,673] Trial 31 finished with value: 28.860859840007834 and parameters: {'ISTN': 112.46337474891337, 'I_gpe': 1.9798882864691763, 'I_gpi': 2.196268304661221, 'noise_stn_sigma': 6.56736380658273, 'noise_gpe_sigma': 37.29210628887573, 'noise_gpi_sigma': 119.94282105431945, 'g_stn_gpe_mult': 2.9455761047552937, 'g_gpe_stn_mult': 0.5347024985217754, 'g_stn_gpi_mult': 2.397475494551281, 'g_gpe_gpi_mult': 0.4510822865961173}. Best is trial 4 with value: 3.429511868616504.
[I 2026-05-28 23:08:46,680] Trial 32 finished with value: 20.211913182186205 and parameters: {'ISTN': 87.30630122245913, 'I_gpe': 2.6341763690967843, 'I_gpi': 3.6198595856640154, 'noise_stn_sigma': 6.57546192125888, 'noise_gpe_sigma': 81.40642904974148, 'noise_gpi_sigma': 125.55457475095864, 'g_stn_gpe_mult': 3.5244087291873916, 'g_gpe_stn_mult': 0.5797966734799689, 'g_stn_gpi_mult': 1.8403204144549679, 'g_gpe_gpi_mult': 0.8359026018904967}. Best is trial 4 with value: 3.429511868616504.
[I 2026-05-28 23:08:47,688] Trial 33 finished with value: 18.26699080676294 and parameters: {'ISTN': 81.84410065201683, 'I_gpe': 1.4034062897168562, 'I_gpi': 2.8572715373676445, 'noise_stn_sigma': 6.082343023655794, 'noise_gpe_sigma': 53.49759463893898, 'noise_gpi_sigma': 143.01414074028725, 'g_stn_gpe_mult': 3.483438125951918, 'g_gpe_stn_mult': 0.4589254365215858, 'g_stn_gpi_mult': 2.0893567348219904, 'g_gpe_gpi_mult': 0.9158580646047192}. Best is trial 4 with value: 3.429511868616504.
[I 2026-05-28 23:08:48,696] Trial 34 finished with value: 16.140438996461135 and parameters: {'ISTN': 70.43804944750588, 'I_gpe': 2.3220624020476315, 'I_gpi': 2.19561778786034, 'noise_stn_sigma': 5.10800085727915, 'noise_gpe_sigma': 44.950521948343024, 'noise_gpi_sigma': 121.77814956357996, 'g_stn_gpe_mult': 3.523592386880434, 'g_gpe_stn_mult': 0.5823874118259443, 'g_stn_gpi_mult': 1.9110889020128425, 'g_gpe_gpi_mult': 0.6772221184960792}. Best is trial 4 with value: 3.429511868616504.
[I 2026-05-28 23:08:49,704] Trial 35 finished with value: 23.625955941745808 and parameters: {'ISTN': 106.52982505225111, 'I_gpe': 1.7499114158713236, 'I_gpi': 2.6876193748836923, 'noise_stn_sigma': 6.88906991549247, 'noise_gpe_sigma': 66.78855137294772, 'noise_gpi_sigma': 110.23454170743878, 'g_stn_gpe_mult': 3.082494570121181, 'g_gpe_stn_mult': 0.3635547110170536, 'g_stn_gpi_mult': 1.3446536426677556, 'g_gpe_gpi_mult': 0.6745336075459826}. Best is trial 4 with value: 3.429511868616504.
[I 2026-05-28 23:08:50,712] Trial 36 finished with value: 13.398271396031898 and parameters: {'ISTN': 66.84086458886961, 'I_gpe': 1.5385628395368556, 'I_gpi': 1.5935505333076185, 'noise_stn_sigma': 5.376054106450217, 'noise_gpe_sigma': 112.84922991940714, 'noise_gpi_sigma': 138.53667946911804, 'g_stn_gpe_mult': 3.703984309190555, 'g_gpe_stn_mult': 0.4511994692425263, 'g_stn_gpi_mult': 2.038889548228835, 'g_gpe_gpi_mult': 0.6539772966192128}. Best is trial 4 with value: 3.429511868616504.
[I 2026-05-28 23:08:51,720] Trial 37 finished with value: 18.02432319367632 and parameters: {'ISTN': 82.34023700335126, 'I_gpe': 1.8644224704946333, 'I_gpi': 2.8596939059373145, 'noise_stn_sigma': 7.570859592182252, 'noise_gpe_sigma': 84.01836571692321, 'noise_gpi_sigma': 133.82149061507658, 'g_stn_gpe_mult': 3.8640839030669962, 'g_gpe_stn_mult': 0.2949393653816436, 'g_stn_gpi_mult': 2.440054728578947, 'g_gpe_gpi_mult': 1.073816658154818}. Best is trial 4 with value: 3.429511868616504.
[I 2026-05-28 23:08:52,729] Trial 38 finished with value: 19.404727992604354 and parameters: {'ISTN': 91.92989461437881, 'I_gpe': 2.1178662970645123, 'I_gpi': 2.54593494244471, 'noise_stn_sigma': 6.297659500494161, 'noise_gpe_sigma': 83.2918083988842, 'noise_gpi_sigma': 92.06160294187613, 'g_stn_gpe_mult': 3.4605029219480183, 'g_gpe_stn_mult': 0.6755849222847354, 'g_stn_gpi_mult': 2.6997720515124324, 'g_gpe_gpi_mult': 0.565645255588481}. Best is trial 4 with value: 3.429511868616504.
[I 2026-05-28 23:08:53,740] Trial 39 finished with value: 15.513705979034812 and parameters: {'ISTN': 69.2302340624736, 'I_gpe': 1.4016623786292306, 'I_gpi': 2.8151873433435677, 'noise_stn_sigma': 5.133979748271521, 'noise_gpe_sigma': 53.80015118774633, 'noise_gpi_sigma': 83.03850709159519, 'g_stn_gpe_mult': 3.138057464399625, 'g_gpe_stn_mult': 0.3076138749769215, 'g_stn_gpi_mult': 1.8746432304585885, 'g_gpe_gpi_mult': 1.0009480963073327}. Best is trial 4 with value: 3.429511868616504.
[I 2026-05-28 23:08:54,749] Trial 40 finished with value: 10.937960632227435 and parameters: {'ISTN': 68.58014905548958, 'I_gpe': 1.977451595849727, 'I_gpi': 1.8540381732368347, 'noise_stn_sigma': 5.003000545575186, 'noise_gpe_sigma': 114.2771041299343, 'noise_gpi_sigma': 139.74860013487194, 'g_stn_gpe_mult': 3.669291075945155, 'g_gpe_stn_mult': 0.49153204096718106, 'g_stn_gpi_mult': 2.157399978687572, 'g_gpe_gpi_mult': 0.7410493115330343}. Best is trial 4 with value: 3.429511868616504.
[I 2026-05-28 23:08:55,757] Trial 41 finished with value: 15.025500484604157 and parameters: {'ISTN': 65.27352886677781, 'I_gpe': 1.8975709498478528, 'I_gpi': 2.279687234019626, 'noise_stn_sigma': 4.262299716683382, 'noise_gpe_sigma': 53.747672556189116, 'noise_gpi_sigma': 143.04293226708728, 'g_stn_gpe_mult': 2.6151919784930633, 'g_gpe_stn_mult': 0.5557713806164712, 'g_stn_gpi_mult': 2.3964208896362624, 'g_gpe_gpi_mult': 0.6900936518071319}. Best is trial 4 with value: 3.429511868616504.
[I 2026-05-28 23:08:56,765] Trial 42 finished with value: 14.14213001367077 and parameters: {'ISTN': 67.76271428194015, 'I_gpe': 2.2902174512251476, 'I_gpi': 2.234861234470505, 'noise_stn_sigma': 6.058410574969542, 'noise_gpe_sigma': 126.23071299281698, 'noise_gpi_sigma': 106.90353808244808, 'g_stn_gpe_mult': 3.2193430064784723, 'g_gpe_stn_mult': 0.6088884921289528, 'g_stn_gpi_mult': 1.595243530000835, 'g_gpe_gpi_mult': 0.8557357476614149}. Best is trial 4 with value: 3.429511868616504.
[I 2026-05-28 23:08:57,772] Trial 43 finished with value: 17.437877823175047 and parameters: {'ISTN': 73.5398565230682, 'I_gpe': 2.9174339392757194, 'I_gpi': 2.638739109205679, 'noise_stn_sigma': 4.3632718395015955, 'noise_gpe_sigma': 85.8214840616366, 'noise_gpi_sigma': 123.95900295056354, 'g_stn_gpe_mult': 4.249315176517235, 'g_gpe_stn_mult': 0.6002855996367515, 'g_stn_gpi_mult': 1.4864712168555556, 'g_gpe_gpi_mult': 0.9372293248205252}. Best is trial 4 with value: 3.429511868616504.
