[I 2026-05-28 23:37:45,351] Trial 748 finished with value: 2.321311733483855 and parameters: {'ISTN': 60.93847198335769, 'I_gpe': 1.377759470840446, 'I_gpi': 2.2849648162605103, 'noise_stn_sigma': 6.95240221758377, 'noise_gpe_sigma': 125.77247833088882, 'noise_gpi_sigma': 97.19460983722838, 'g_stn_gpe_mult': 3.0627285461060785, 'g_gpe_stn_mult': 0.5289003817325617, 'g_stn_gpi_mult': 3.1404247491451898, 'g_gpe_gpi_mult': 0.5030515610231374}. Best is trial 713 with value: 0.3772786202081809.
[I 2026-05-28 23:37:46,363] Trial 749 finished with value: 0.47884573795265784 and parameters: {'ISTN': 60.26549071918909, 'I_gpe': 1.4251951515938304, 'I_gpi': 2.2203335922404897, 'noise_stn_sigma': 6.961199485004841, 'noise_gpe_sigma': 124.31414236769444, 'noise_gpi_sigma': 102.14567948667734, 'g_stn_gpe_mult': 2.9027061069640174, 'g_gpe_stn_mult': 0.5157145820071526, 'g_stn_gpi_mult': 3.137590853517592, 'g_gpe_gpi_mult': 0.5182200220559744}. Best is trial 713 with value: 0.3772786202081809.
[I 2026-05-28 23:37:47,373] Trial 750 finished with value: 4.8554975142265 and parameters: {'ISTN': 61.082187336843425, 'I_gpe': 1.4070214880065484, 'I_gpi': 2.2358786934836807, 'noise_stn_sigma': 6.940790962906934, 'noise_gpe_sigma': 126.51749357964336, 'noise_gpi_sigma': 99.73434436842125, 'g_stn_gpe_mult': 2.9990082201249146, 'g_gpe_stn_mult': 0.5260996115744786, 'g_stn_gpi_mult': 3.271917442288635, 'g_gpe_gpi_mult': 0.5012307350920473}. Best is trial 713 with value: 0.3772786202081809.
[I 2026-05-28 23:37:48,380] Trial 751 finished with value: 0.40617568416973815 and parameters: {'ISTN': 60.274891157043925, 'I_gpe': 1.4375567857491678, 'I_gpi': 2.1240410790973985, 'noise_stn_sigma': 7.0070721898693, 'noise_gpe_sigma': 123.9256465285418, 'noise_gpi_sigma': 101.43720400550815, 'g_stn_gpe_mult': 2.9076816395115337, 'g_gpe_stn_mult': 0.5060049802621008, 'g_stn_gpi_mult': 3.1053157578216415, 'g_gpe_gpi_mult': 0.5238214887650101}. Best is trial 713 with value: 0.3772786202081809.
[I 2026-05-28 23:37:49,389] Trial 752 finished with value: 4.821078080361881 and parameters: {'ISTN': 60.408370730580465, 'I_gpe': 1.4755640802779475, 'I_gpi': 2.2229982573830473, 'noise_stn_sigma': 7.0139701154096805, 'noise_gpe_sigma': 126.37135101267084, 'noise_gpi_sigma': 101.23998207137373, 'g_stn_gpe_mult': 2.8682014788144694, 'g_gpe_stn_mult': 0.5414344918244783, 'g_stn_gpi_mult': 3.1717158633282745, 'g_gpe_gpi_mult': 0.5152743551867187}. Best is trial 713 with value: 0.3772786202081809.
[I 2026-05-28 23:37:50,397] Trial 753 finished with value: 2.566556495843267 and parameters: {'ISTN': 61.31013682026525, 'I_gpe': 1.376901542723308, 'I_gpi': 2.2043455266053398, 'noise_stn_sigma': 6.899227833952023, 'noise_gpe_sigma': 124.60795116581102, 'noise_gpi_sigma': 100.16850469539456, 'g_stn_gpe_mult': 2.9338191179071487, 'g_gpe_stn_mult': 0.5455532620056323, 'g_stn_gpi_mult': 3.3120154583053525, 'g_gpe_gpi_mult': 0.5057284692650132}. Best is trial 713 with value: 0.3772786202081809.
[I 2026-05-28 23:37:51,404] Trial 754 finished with value: 4.7452798148781605 and parameters: {'ISTN': 61.29183565705187, 'I_gpe': 1.4274799383337529, 'I_gpi': 2.2236808174901386, 'noise_stn_sigma': 7.059592824931839, 'noise_gpe_sigma': 125.05077820772193, 'noise_gpi_sigma': 98.31710486821306, 'g_stn_gpe_mult': 2.970981652829781, 'g_gpe_stn_mult': 0.5169024486268957, 'g_stn_gpi_mult': 3.166306741958436, 'g_gpe_gpi_mult': 0.522364578148006}. Best is trial 713 with value: 0.3772786202081809.
[I 2026-05-28 23:37:52,412] Trial 755 finished with value: 2.627732449751678 and parameters: {'ISTN': 61.4451497244434, 'I_gpe': 1.4320643386686753, 'I_gpi': 2.1964430171645093, 'noise_stn_sigma': 6.791451552654746, 'noise_gpe_sigma': 126.8699743518447, 'noise_gpi_sigma': 101.97245451695956, 'g_stn_gpe_mult': 2.919193114223682, 'g_gpe_stn_mult': 0.5149837910478475, 'g_stn_gpi_mult': 3.2390330566542533, 'g_gpe_gpi_mult': 0.5081817957171004}. Best is trial 713 with value: 0.3772786202081809.
[I 2026-05-28 23:37:53,420] Trial 756 finished with value: 1.8809863672781768 and parameters: {'ISTN': 60.38782287944681, 'I_gpe': 1.424407373242608, 'I_gpi': 2.235004202362091, 'noise_stn_sigma': 6.806718987461105, 'noise_gpe_sigma': 124.00669886474125, 'noise_gpi_sigma': 100.09141084651034, 'g_stn_gpe_mult': 2.902940871453021, 'g_gpe_stn_mult': 0.5306525239633318, 'g_stn_gpi_mult': 3.0950975771906744, 'g_gpe_gpi_mult': 0.4872305248230463}. Best is trial 713 with value: 0.3772786202081809.
[I 2026-05-28 23:37:54,427] Trial 757 finished with value: 1.9594748821826458 and parameters: {'ISTN': 61.04904037007565, 'I_gpe': 1.4041211956556594, 'I_gpi': 2.1641617316819857, 'noise_stn_sigma': 7.009450796558952, 'noise_gpe_sigma': 127.8851293888906, 'noise_gpi_sigma': 98.8659416764376, 'g_stn_gpe_mult': 2.952182657634417, 'g_gpe_stn_mult': 0.5139367458244462, 'g_stn_gpi_mult': 3.171449402369382, 'g_gpe_gpi_mult': 0.5254613353323256}. Best is trial 713 with value: 0.3772786202081809.
[I 2026-05-28 23:37:55,435] Trial 758 finished with value: 2.5952351618438203 and parameters: {'ISTN': 60.74339267518979, 'I_gpe': 1.4336476295222016, 'I_gpi': 2.1340673859233026, 'noise_stn_sigma': 6.99491724353594, 'noise_gpe_sigma': 123.32920984873931, 'noise_gpi_sigma': 103.89490245618526, 'g_stn_gpe_mult': 2.9689323599154545, 'g_gpe_stn_mult': 0.5056823272832253, 'g_stn_gpi_mult': 3.1143663601986984, 'g_gpe_gpi_mult': 0.5096813977627382}. Best is trial 713 with value: 0.3772786202081809.
[I 2026-05-28 23:37:56,443] Trial 759 finished with value: 1.887986818780171 and parameters: {'ISTN': 60.73606694526809, 'I_gpe': 1.4162741820404383, 'I_gpi': 2.2808807646454667, 'noise_stn_sigma': 6.769366118195635, 'noise_gpe_sigma': 125.17064482483079, 'noise_gpi_sigma': 101.17144593758582, 'g_stn_gpe_mult': 2.905313850277145, 'g_gpe_stn_mult': 0.5243848488331431, 'g_stn_gpi_mult': 3.199762591829865, 'g_gpe_gpi_mult': 0.5333524030143229}. Best is trial 713 with value: 0.3772786202081809.
[I 2026-05-28 23:37:57,450] Trial 760 finished with value: 0.9792583435691297 and parameters: {'ISTN': 60.52677183237453, 'I_gpe': 1.3713621029753806, 'I_gpi': 2.2586454475513325, 'noise_stn_sigma': 6.881885651525149, 'noise_gpe_sigma': 128.5440886272485, 'noise_gpi_sigma': 98.64278158563458, 'g_stn_gpe_mult': 2.9559474462017867, 'g_gpe_stn_mult': 0.5182076454187502, 'g_stn_gpi_mult': 3.197450073564038, 'g_gpe_gpi_mult': 0.4910460942052937}. Best is trial 713 with value: 0.3772786202081809.
[I 2026-05-28 23:37:58,458] Trial 761 finished with value: 2.17100977521406 and parameters: {'ISTN': 60.062934350628325, 'I_gpe': 1.4447140490070276, 'I_gpi': 2.1063669403341887, 'noise_stn_sigma': 6.958828679228867, 'noise_gpe_sigma': 123.75290591289377, 'noise_gpi_sigma': 101.33456714780496, 'g_stn_gpe_mult': 2.9150720087057884, 'g_gpe_stn_mult': 0.5153044682015141, 'g_stn_gpi_mult': 3.1640943069515193, 'g_gpe_gpi_mult': 0.5142290190755178}. Best is trial 713 with value: 0.3772786202081809.
[I 2026-05-28 23:37:59,468] Trial 762 finished with value: 1.2695679463205842 and parameters: {'ISTN': 60.32223109132162, 'I_gpe': 1.4077313991158062, 'I_gpi': 2.2636772921984623, 'noise_stn_sigma': 6.884035745255541, 'noise_gpe_sigma': 125.86474541041365, 'noise_gpi_sigma': 98.13193604306237, 'g_stn_gpe_mult': 2.980708775882579, 'g_gpe_stn_mult': 0.5023072374534571, 'g_stn_gpi_mult': 3.1408474132982303, 'g_gpe_gpi_mult': 0.5107399626297474}. Best is trial 713 with value: 0.3772786202081809.
[I 2026-05-28 23:38:00,476] Trial 763 finished with value: 7.05730145993089 and parameters: {'ISTN': 62.27672407304229, 'I_gpe': 1.3728871160876177, 'I_gpi': 2.2026289058158173, 'noise_stn_sigma': 6.7207109667628115, 'noise_gpe_sigma': 128.1460860018729, 'noise_gpi_sigma': 98.83780749630263, 'g_stn_gpe_mult': 2.897482325920537, 'g_gpe_stn_mult': 0.5412909328487733, 'g_stn_gpi_mult': 3.174659221272689, 'g_gpe_gpi_mult': 0.49703630355734496}. Best is trial 713 with value: 0.3772786202081809.
[I 2026-05-28 23:38:01,483] Trial 764 finished with value: 3.050206091965903 and parameters: {'ISTN': 60.9512865421186, 'I_gpe': 1.4319902348649187, 'I_gpi': 2.2132674089290516, 'noise_stn_sigma': 6.98671300176363, 'noise_gpe_sigma': 124.20458480507037, 'noise_gpi_sigma': 96.96585230316336, 'g_stn_gpe_mult': 2.915546906405548, 'g_gpe_stn_mult': 0.555700071599934, 'g_stn_gpi_mult': 3.1727544337082447, 'g_gpe_gpi_mult': 0.5178890883904848}. Best is trial 713 with value: 0.3772786202081809.
[I 2026-05-28 23:38:02,489] Trial 765 finished with value: 1.4462713322369216 and parameters: {'ISTN': 60.88883068576915, 'I_gpe': 1.453253698914164, 'I_gpi': 2.0635079381358774, 'noise_stn_sigma': 6.96296304107428, 'noise_gpe_sigma': 124.03287889693651, 'noise_gpi_sigma': 102.31719165693207, 'g_stn_gpe_mult': 2.8072761782170765, 'g_gpe_stn_mult': 0.513134377484731, 'g_stn_gpi_mult': 3.098175639445407, 'g_gpe_gpi_mult': 0.528150842195116}. Best is trial 713 with value: 0.3772786202081809.
[I 2026-05-28 23:38:03,495] Trial 766 finished with value: 0.5683037729560783 and parameters: {'ISTN': 60.38874700897338, 'I_gpe': 1.4214982479647995, 'I_gpi': 2.2192022814638985, 'noise_stn_sigma': 6.949982010806805, 'noise_gpe_sigma': 124.54435770958304, 'noise_gpi_sigma': 102.37831078490814, 'g_stn_gpe_mult': 2.885893723514985, 'g_gpe_stn_mult': 0.5098659125658148, 'g_stn_gpi_mult': 3.1029241024943732, 'g_gpe_gpi_mult': 0.5144614179013103}. Best is trial 713 with value: 0.3772786202081809.
[I 2026-05-28 23:38:04,504] Trial 767 finished with value: 0.46596072012296835 and parameters: {'ISTN': 60.17522191255163, 'I_gpe': 1.4134242073781416, 'I_gpi': 2.101220652819676, 'noise_stn_sigma': 6.8733690621114665, 'noise_gpe_sigma': 123.36727892501891, 'noise_gpi_sigma': 102.19546617973427, 'g_stn_gpe_mult': 3.0025583777982003, 'g_gpe_stn_mult': 0.5066336094774407, 'g_stn_gpi_mult': 3.18082376127905, 'g_gpe_gpi_mult': 0.5044451062512243}. Best is trial 713 with value: 0.3772786202081809.
[I 2026-05-28 23:38:05,514] Trial 768 finished with value: 1.3470926167254107 and parameters: {'ISTN': 60.13312982163724, 'I_gpe': 1.4056478535622603, 'I_gpi': 2.1247797410885454, 'noise_stn_sigma': 6.804938700702769, 'noise_gpe_sigma': 124.90542120844599, 'noise_gpi_sigma': 97.64661195867215, 'g_stn_gpe_mult': 2.944889485047845, 'g_gpe_stn_mult': 0.522751194470563, 'g_stn_gpi_mult': 3.2273912949379757, 'g_gpe_gpi_mult': 0.4929739850163513}. Best is trial 713 with value: 0.3772786202081809.
[I 2026-05-28 23:38:06,521] Trial 769 finished with value: 4.764114265528447 and parameters: {'ISTN': 61.65825839750547, 'I_gpe': 1.4188305313868628, 'I_gpi': 2.2128064487758596, 'noise_stn_sigma': 6.698470404958924, 'noise_gpe_sigma': 125.89249214118995, 'noise_gpi_sigma': 99.78056246857521, 'g_stn_gpe_mult': 2.890954966411944, 'g_gpe_stn_mult': 0.5313520277518202, 'g_stn_gpi_mult': 3.1299968279331485, 'g_gpe_gpi_mult': 0.49603047769191927}. Best is trial 713 with value: 0.3772786202081809.
[I 2026-05-28 23:38:07,528] Trial 770 finished with value: 3.652203329546831 and parameters: {'ISTN': 61.651019699494356, 'I_gpe': 1.379641742691075, 'I_gpi': 2.13395108974841, 'noise_stn_sigma': 6.771736451754, 'noise_gpe_sigma': 125.24818985643496, 'noise_gpi_sigma': 100.00866445647718, 'g_stn_gpe_mult': 2.9426375727702534, 'g_gpe_stn_mult': 0.5319674614264042, 'g_stn_gpi_mult': 3.179175232901884, 'g_gpe_gpi_mult': 0.5061457746134013}. Best is trial 713 with value: 0.3772786202081809.
[I 2026-05-28 23:38:08,538] Trial 771 finished with value: 0.9826823362563463 and parameters: {'ISTN': 60.89048073352878, 'I_gpe': 1.4070758747021328, 'I_gpi': 2.183537034772277, 'noise_stn_sigma': 6.984583823279909, 'noise_gpe_sigma': 123.51703560683168, 'noise_gpi_sigma': 100.76251108645674, 'g_stn_gpe_mult': 2.934011562514046, 'g_gpe_stn_mult': 0.5133306822835754, 'g_stn_gpi_mult': 3.1909296190550527, 'g_gpe_gpi_mult': 0.5142192306989756}. Best is trial 713 with value: 0.3772786202081809.
[I 2026-05-28 23:38:09,548] Trial 772 finished with value: 2.08094334017628 and parameters: {'ISTN': 60.79099566844979, 'I_gpe': 1.4117234346044703, 'I_gpi': 2.2381181416277762, 'noise_stn_sigma': 6.782683861034843, 'noise_gpe_sigma': 126.71968627034929, 'noise_gpi_sigma': 96.15974816933857, 'g_stn_gpe_mult': 2.927186923184447, 'g_gpe_stn_mult': 0.5263336421664081, 'g_stn_gpi_mult': 3.195232038287152, 'g_gpe_gpi_mult': 0.5084886935089278}. Best is trial 713 with value: 0.3772786202081809.
[I 2026-05-28 23:38:10,555] Trial 773 finished with value: 1.1416777067710384 and parameters: {'ISTN': 60.10926804681019, 'I_gpe': 1.4340627850015675, 'I_gpi': 2.2276297536978147, 'noise_stn_sigma': 6.799927003348015, 'noise_gpe_sigma': 124.85033034921622, 'noise_gpi_sigma': 103.10519137214385, 'g_stn_gpe_mult': 2.8835342238241912, 'g_gpe_stn_mult': 0.5163663129300831, 'g_stn_gpi_mult': 3.178394769614375, 'g_gpe_gpi_mult': 0.5227444682820028}. Best is trial 713 with value: 0.3772786202081809.
[I 2026-05-28 23:38:11,561] Trial 774 finished with value: 1.3788762741973926 and parameters: {'ISTN': 60.53737937284242, 'I_gpe': 1.4414572820982936, 'I_gpi': 2.115674447522106, 'noise_stn_sigma': 6.945705589325224, 'noise_gpe_sigma': 124.33935399422003, 'noise_gpi_sigma': 99.88669090129412, 'g_stn_gpe_mult': 3.0222634158024593, 'g_gpe_stn_mult': 0.5167192004205959, 'g_stn_gpi_mult': 3.1433880255548132, 'g_gpe_gpi_mult': 0.5011818988895445}. Best is trial 713 with value: 0.3772786202081809.
[I 2026-05-28 23:38:12,569] Trial 775 finished with value: 0.4641906233474524 and parameters: {'ISTN': 60.084760740237925, 'I_gpe': 1.4091703886165203, 'I_gpi': 2.147622889621535, 'noise_stn_sigma': 6.7373394184725885, 'noise_gpe_sigma': 124.97068945379192, 'noise_gpi_sigma': 100.14031620133885, 'g_stn_gpe_mult': 2.9965604277153854, 'g_gpe_stn_mult': 0.5126492489250162, 'g_stn_gpi_mult': 3.1600661008052158, 'g_gpe_gpi_mult': 0.5039358857269856}. Best is trial 713 with value: 0.3772786202081809.
[I 2026-05-28 23:38:13,577] Trial 776 finished with value: 4.723268081860202 and parameters: {'ISTN': 60.81245130849666, 'I_gpe': 1.407177742060379, 'I_gpi': 2.17725779010507, 'noise_stn_sigma': 6.751600184630832, 'noise_gpe_sigma': 125.2606623587987, 'noise_gpi_sigma': 99.40683320341792, 'g_stn_gpe_mult': 2.9970763167028363, 'g_gpe_stn_mult': 0.5198304932189264, 'g_stn_gpi_mult': 3.1616583947668224, 'g_gpe_gpi_mult': 0.49647922396398064}. Best is trial 713 with value: 0.3772786202081809.
[I 2026-05-28 23:38:14,586] Trial 777 finished with value: 5.51005643047638 and parameters: {'ISTN': 62.32651061733486, 'I_gpe': 1.4372477062700904, 'I_gpi': 2.282014038888175, 'noise_stn_sigma': 6.788172871991131, 'noise_gpe_sigma': 124.41657484837678, 'noise_gpi_sigma': 97.79978763520889, 'g_stn_gpe_mult': 3.015069490281222, 'g_gpe_stn_mult': 0.5482300923107358, 'g_stn_gpi_mult': 3.1524901227948, 'g_gpe_gpi_mult': 0.50213966278074}. Best is trial 713 with value: 0.3772786202081809.
[I 2026-05-28 23:38:15,594] Trial 778 finished with value: 0.43406168004498663 and parameters: {'ISTN': 60.352175859467394, 'I_gpe': 1.405474728432281, 'I_gpi': 2.138405529028512, 'noise_stn_sigma': 6.975210425186112, 'noise_gpe_sigma': 125.89535470601696, 'noise_gpi_sigma': 101.90171233281185, 'g_stn_gpe_mult': 2.9944154734580612, 'g_gpe_stn_mult': 0.49523389174224386, 'g_stn_gpi_mult': 3.1832600263845126, 'g_gpe_gpi_mult': 0.491297686994404}. Best is trial 713 with value: 0.3772786202081809.
[I 2026-05-28 23:38:16,602] Trial 779 finished with value: 3.862326765098739 and parameters: {'ISTN': 60.73871146690169, 'I_gpe': 1.4253485015872793, 'I_gpi': 2.18587596274234, 'noise_stn_sigma': 6.9352571789245125, 'noise_gpe_sigma': 123.93741533712486, 'noise_gpi_sigma': 102.28676326733299, 'g_stn_gpe_mult': 2.928846031880133, 'g_gpe_stn_mult': 0.5183531103658204, 'g_stn_gpi_mult': 3.1130773413561275, 'g_gpe_gpi_mult': 0.5210539780336763}. Best is trial 713 with value: 0.3772786202081809.
[I 2026-05-28 23:38:17,611] Trial 780 finished with value: 1.4634148941497391 and parameters: {'ISTN': 60.71618484780117, 'I_gpe': 1.3911031681280916, 'I_gpi': 2.27678449737766, 'noise_stn_sigma': 7.156294298700518, 'noise_gpe_sigma': 126.76556056830651, 'noise_gpi_sigma': 100.24350333811562, 'g_stn_gpe_mult': 2.9035240859624785, 'g_gpe_stn_mult': 0.5019560335376729, 'g_stn_gpi_mult': 3.1486414217036565, 'g_gpe_gpi_mult': 0.528226043738016}. Best is trial 713 with value: 0.3772786202081809.
[I 2026-05-28 23:38:18,620] Trial 781 finished with value: 2.118744076008759 and parameters: {'ISTN': 61.03155388011581, 'I_gpe': 1.4050674453814445, 'I_gpi': 2.203729610266468, 'noise_stn_sigma': 6.898927889255199, 'noise_gpe_sigma': 123.99198236952867, 'noise_gpi_sigma': 100.96121761593024, 'g_stn_gpe_mult': 2.95486185479105, 'g_gpe_stn_mult': 0.5170225024524319, 'g_stn_gpi_mult': 3.205658510842639, 'g_gpe_gpi_mult': 0.49734198018721}. Best is trial 713 with value: 0.3772786202081809.
[I 2026-05-28 23:38:19,626] Trial 782 finished with value: 0.6838811966421438 and parameters: {'ISTN': 60.36815212060576, 'I_gpe': 1.410393661015768, 'I_gpi': 2.088738385934769, 'noise_stn_sigma': 6.840367532865727, 'noise_gpe_sigma': 125.75940997651327, 'noise_gpi_sigma': 102.78472841092908, 'g_stn_gpe_mult': 2.936904246214864, 'g_gpe_stn_mult': 0.5029969361869949, 'g_stn_gpi_mult': 3.1744494294743593, 'g_gpe_gpi_mult': 0.48757727359680314}. Best is trial 713 with value: 0.3772786202081809.
[I 2026-05-28 23:38:20,634] Trial 783 finished with value: 3.1452725040784397 and parameters: {'ISTN': 60.477617038874875, 'I_gpe': 1.4492399174009651, 'I_gpi': 2.1305954160775697, 'noise_stn_sigma': 7.007726553215058, 'noise_gpe_sigma': 122.83200165124434, 'noise_gpi_sigma': 103.20367969386164, 'g_stn_gpe_mult': 2.9333967882414935, 'g_gpe_stn_mult': 0.5017775381177009, 'g_stn_gpi_mult': 3.078213966283284, 'g_gpe_gpi_mult': 0.5140594044687752}. Best is trial 713 with value: 0.3772786202081809.
[I 2026-05-28 23:38:21,641] Trial 784 finished with value: 1.583903786520573 and parameters: {'ISTN': 60.36991894562911, 'I_gpe': 1.3825415619594366, 'I_gpi': 2.253399820436856, 'noise_stn_sigma': 6.819303514592238, 'noise_gpe_sigma': 126.22735713618798, 'noise_gpi_sigma': 96.92530246743873, 'g_stn_gpe_mult': 3.0074345037865893, 'g_gpe_stn_mult': 0.5154568761379293, 'g_stn_gpi_mult': 3.0996329520089754, 'g_gpe_gpi_mult': 0.5225595066744784}. Best is trial 713 with value: 0.3772786202081809.
[I 2026-05-28 23:38:22,650] Trial 785 finished with value: 5.702838224765665 and parameters: {'ISTN': 61.20490986123452, 'I_gpe': 1.3945160554386709, 'I_gpi': 2.189790821567426, 'noise_stn_sigma': 6.97665248468899, 'noise_gpe_sigma': 125.52578364637382, 'noise_gpi_sigma': 100.40534072632916, 'g_stn_gpe_mult': 2.9469792662898247, 'g_gpe_stn_mult': 0.499335081808273, 'g_stn_gpi_mult': 3.151037132873056, 'g_gpe_gpi_mult': 0.5018855273475218}. Best is trial 713 with value: 0.3772786202081809.
[I 2026-05-28 23:38:23,659] Trial 786 finished with value: 3.971348936422125 and parameters: {'ISTN': 61.199173013459614, 'I_gpe': 1.4315966892213017, 'I_gpi': 2.1659823099307114, 'noise_stn_sigma': 6.9810986122561225, 'noise_gpe_sigma': 126.4913452031516, 'noise_gpi_sigma': 101.52911563330173, 'g_stn_gpe_mult': 2.8694140963812194, 'g_gpe_stn_mult': 0.5196149174586372, 'g_stn_gpi_mult': 3.1751944621277417, 'g_gpe_gpi_mult': 0.5143060279558829}. Best is trial 713 with value: 0.3772786202081809.
[I 2026-05-28 23:38:24,668] Trial 787 finished with value: 1.9227904753222194 and parameters: {'ISTN': 60.5112705337612, 'I_gpe': 1.4286787778239578, 'I_gpi': 2.1508652310429897, 'noise_stn_sigma': 6.6688693846431795, 'noise_gpe_sigma': 122.6694047692789, 'noise_gpi_sigma': 102.18225040625042, 'g_stn_gpe_mult': 2.9656888257422382, 'g_gpe_stn_mult': 0.5083593133209525, 'g_stn_gpi_mult': 3.1601517907569265, 'g_gpe_gpi_mult': 0.5058147301225997}. Best is trial 713 with value: 0.3772786202081809.
[I 2026-05-28 23:38:25,675] Trial 788 finished with value: 0.9627332054357437 and parameters: {'ISTN': 60.44567818999898, 'I_gpe': 1.388513905167525, 'I_gpi': 2.046508517786749, 'noise_stn_sigma': 6.9085734105258965, 'noise_gpe_sigma': 124.36925795759674, 'noise_gpi_sigma': 104.45318469160725, 'g_stn_gpe_mult': 2.9105181854993414, 'g_gpe_stn_mult': 0.4989462783783646, 'g_stn_gpi_mult': 3.207769798815756, 'g_gpe_gpi_mult': 0.5070397753951351}. Best is trial 713 with value: 0.3772786202081809.
[I 2026-05-28 23:38:26,686] Trial 789 finished with value: 1.0995722473107974 and parameters: {'ISTN': 60.560859808692555, 'I_gpe': 1.3885707664396338, 'I_gpi': 2.25823405645409, 'noise_stn_sigma': 6.881936431374299, 'noise_gpe_sigma': 125.20051411656547, 'noise_gpi_sigma': 100.06515041495788, 'g_stn_gpe_mult': 2.9787882936415047, 'g_gpe_stn_mult': 0.5262902485491067, 'g_stn_gpi_mult': 3.1779777869509362, 'g_gpe_gpi_mult': 0.5012187252177938}. Best is trial 713 with value: 0.3772786202081809.
[I 2026-05-28 23:38:27,694] Trial 790 finished with value: 2.1852581324530878 and parameters: {'ISTN': 60.697235870462485, 'I_gpe': 1.3937879280997145, 'I_gpi': 2.182709445230655, 'noise_stn_sigma': 6.6253204649365784, 'noise_gpe_sigma': 126.0781371983607, 'noise_gpi_sigma': 101.56405551312469, 'g_stn_gpe_mult': 2.951607393885771, 'g_gpe_stn_mult': 0.517970628766962, 'g_stn_gpi_mult': 3.165299139387098, 'g_gpe_gpi_mult': 0.4870421232317585}. Best is trial 713 with value: 0.3772786202081809.
[I 2026-05-28 23:38:28,703] Trial 791 finished with value: 0.624434459094669 and parameters: {'ISTN': 60.85393963777066, 'I_gpe': 1.3972054818264272, 'I_gpi': 2.1559310648742827, 'noise_stn_sigma': 6.957773640795845, 'noise_gpe_sigma': 124.42169602716494, 'noise_gpi_sigma': 102.52730206258605, 'g_stn_gpe_mult': 2.911803543887065, 'g_gpe_stn_mult': 0.5096727426164241, 'g_stn_gpi_mult': 3.073735401331174, 'g_gpe_gpi_mult': 0.5024458588802339}. Best is trial 713 with value: 0.3772786202081809.
