[I 2026-05-28 23:42:08,168] A new study created in memory with name: sensitivity_tau10
[I 2026-05-28 23:42:10,593] Trial 0 finished with value: 130.8982832610461 and parameters: {'ISTN': 93.70861069626262, 'I_gpe': 3.827500072434707, 'I_gpi': 3.9279757672456204, 'noise_stn_sigma': 5.190609389379256, 'noise_gpe_sigma': 40.28242325751675, 'noise_gpi_sigma': 40.27928764370634, 'g_stn_gpe_mult': 1.703292642588698, 'g_gpe_stn_mult': 0.7063233020424546, 'g_stn_gpi_mult': 2.8033450352296265, 'g_gpe_gpi_mult': 0.9080725777960454}. Best is trial 0 with value: 130.8982832610461.
[I 2026-05-28 23:42:11,605] Trial 1 finished with value: 21.466680647884438 and parameters: {'ISTN': 102.18398227973381, 'I_gpe': 1.7822592367307524, 'I_gpi': 2.0402078942860182, 'noise_stn_sigma': 5.527278325084124, 'noise_gpe_sigma': 64.87605951987203, 'noise_gpi_sigma': 128.16311557229506, 'g_stn_gpe_mult': 3.8783201895114314, 'g_gpe_stn_mult': 0.4633636096255428, 'g_stn_gpi_mult': 1.9201572567197984, 'g_gpe_gpi_mult': 0.5716581854888545}. Best is trial 1 with value: 21.466680647884438.
[I 2026-05-28 23:42:12,612] Trial 2 finished with value: 21.622206512090003 and parameters: {'ISTN': 104.05697545714605, 'I_gpe': 1.6990806611446447, 'I_gpi': 2.1093322736015803, 'noise_stn_sigma': 4.391415413253829, 'noise_gpe_sigma': 95.78215145683166, 'noise_gpi_sigma': 112.26271914252017, 'g_stn_gpe_mult': 3.620508535432487, 'g_gpe_stn_mult': 0.48253375989294744, 'g_stn_gpi_mult': 2.4349864676102033, 'g_gpe_gpi_mult': 0.8838728082220315}. Best is trial 1 with value: 21.466680647884438.
[I 2026-05-28 23:42:13,618] Trial 3 finished with value: 27.775272367617156 and parameters: {'ISTN': 124.05768254138863, 'I_gpe': 2.4404639905642638, 'I_gpi': 2.929437307767527, 'noise_stn_sigma': 4.597526383157501, 'noise_gpe_sigma': 123.71799364703026, 'noise_gpi_sigma': 102.97034598752232, 'g_stn_gpe_mult': 3.0886712355338317, 'g_gpe_stn_mult': 0.27286655747132477, 'g_stn_gpi_mult': 3.5949342956186348, 'g_gpe_gpi_mult': 0.596177167198813}. Best is trial 1 with value: 21.466680647884438.
[I 2026-05-28 23:42:14,625] Trial 4 finished with value: 6.091885656862309 and parameters: {'ISTN': 61.327006512303655, 'I_gpe': 2.322282146919423, 'I_gpi': 2.6397695163821506, 'noise_stn_sigma': 3.62253468740132, 'noise_gpe_sigma': 78.9240566977039, 'noise_gpi_sigma': 101.63027934654737, 'g_stn_gpe_mult': 3.374074127741162, 'g_gpe_stn_mult': 0.2130397972288703, 'g_stn_gpi_mult': 2.0912746715201935, 'g_gpe_gpi_mult': 0.6568869944818863}. Best is trial 4 with value: 6.091885656862309.
[I 2026-05-28 23:42:15,632] Trial 5 finished with value: 23.53008076849181 and parameters: {'ISTN': 118.21835604782609, 'I_gpe': 1.5081892774313215, 'I_gpi': 3.899768098732145, 'noise_stn_sigma': 3.936086758513816, 'noise_gpe_sigma': 119.32152160252447, 'noise_gpi_sigma': 102.30543016488373, 'g_stn_gpe_mult': 2.9807792455418993, 'g_gpe_stn_mult': 0.5137698475759706, 'g_stn_gpi_mult': 2.9949380788413196, 'g_gpe_gpi_mult': 0.9635506695066518}. Best is trial 4 with value: 6.091885656862309.
[I 2026-05-28 23:42:16,640] Trial 6 finished with value: 28.909992729450266 and parameters: {'ISTN': 121.61855037844573, 'I_gpe': 1.6513293219198029, 'I_gpi': 2.8432761902587727, 'noise_stn_sigma': 3.8480047711083603, 'noise_gpe_sigma': 74.143091992362, 'noise_gpi_sigma': 62.05518437298985, 'g_stn_gpe_mult': 3.3767409216885813, 'g_gpe_stn_mult': 0.39119594338519237, 'g_stn_gpi_mult': 2.347357900801299, 'g_gpe_gpi_mult': 0.4142625832855039}. Best is trial 4 with value: 6.091885656862309.
[I 2026-05-28 23:42:17,647] Trial 7 finished with value: 25.0640875571582 and parameters: {'ISTN': 118.14807622329761, 'I_gpe': 1.5486294089623256, 'I_gpi': 2.4516321436833994, 'noise_stn_sigma': 2.679013017620471, 'noise_gpe_sigma': 56.04599877645517, 'noise_gpi_sigma': 116.28652710522236, 'g_stn_gpe_mult': 2.9922746566942053, 'g_gpe_stn_mult': 0.2955859336866355, 'g_stn_gpi_mult': 1.716124621409335, 'g_gpe_gpi_mult': 0.5179871881249729}. Best is trial 4 with value: 6.091885656862309.
[I 2026-05-28 23:42:18,654] Trial 8 finished with value: 32.60705031861709 and parameters: {'ISTN': 125.24171270223263, 'I_gpe': 2.8526086943177944, 'I_gpi': 2.0678354736293487, 'noise_stn_sigma': 3.402302701760284, 'noise_gpe_sigma': 94.41082187084776, 'noise_gpi_sigma': 98.9600504549821, 'g_stn_gpe_mult': 3.6329764552383, 'g_gpe_stn_mult': 0.2538139817870882, 'g_stn_gpi_mult': 2.8573669779553246, 'g_gpe_gpi_mult': 0.7596331107049075}. Best is trial 4 with value: 6.091885656862309.
[I 2026-05-28 23:42:19,661] Trial 9 finished with value: 25.993954928060397 and parameters: {'ISTN': 108.06144798180426, 'I_gpe': 2.088159593914187, 'I_gpi': 2.7321182722451014, 'noise_stn_sigma': 3.3524793808782456, 'noise_gpe_sigma': 48.88483497946666, 'noise_gpi_sigma': 129.93936748396976, 'g_stn_gpe_mult': 3.302290408301439, 'g_gpe_stn_mult': 0.5428025966104797, 'g_stn_gpi_mult': 2.2888222168539225, 'g_gpe_gpi_mult': 0.6716607335175118}. Best is trial 4 with value: 6.091885656862309.
[I 2026-05-28 23:42:20,668] Trial 10 finished with value: 24.635671172112296 and parameters: {'ISTN': 105.28930217987374, 'I_gpe': 2.764126309775512, 'I_gpi': 1.33834956817683, 'noise_stn_sigma': 2.965503538344267, 'noise_gpe_sigma': 129.52996397114705, 'noise_gpi_sigma': 96.48201510531312, 'g_stn_gpe_mult': 3.0608279134787137, 'g_gpe_stn_mult': 0.462684887025272, 'g_stn_gpi_mult': 2.045535048975993, 'g_gpe_gpi_mult': 0.7985205433522264}. Best is trial 4 with value: 6.091885656862309.
[I 2026-05-28 23:42:21,675] Trial 11 finished with value: 21.139574716374792 and parameters: {'ISTN': 83.59348389919192, 'I_gpe': 2.9661444871106895, 'I_gpi': 1.4690799858233845, 'noise_stn_sigma': 3.263249327479827, 'noise_gpe_sigma': 67.7468230568036, 'noise_gpi_sigma': 148.50145811723814, 'g_stn_gpe_mult': 4.008190124172896, 'g_gpe_stn_mult': 0.43743343893361886, 'g_stn_gpi_mult': 2.798209172255102, 'g_gpe_gpi_mult': 0.812405803698588}. Best is trial 4 with value: 6.091885656862309.
[I 2026-05-28 23:42:22,684] Trial 12 finished with value: 22.514709450421236 and parameters: {'ISTN': 100.32256663444545, 'I_gpe': 2.4027249294407733, 'I_gpi': 1.6708631927419502, 'noise_stn_sigma': 3.461823524245301, 'noise_gpe_sigma': 71.28592500086688, 'noise_gpi_sigma': 125.8092351369107, 'g_stn_gpe_mult': 3.2825770135769123, 'g_gpe_stn_mult': 0.467128712234662, 'g_stn_gpi_mult': 1.692957630510699, 'g_gpe_gpi_mult': 0.8967527310116095}. Best is trial 4 with value: 6.091885656862309.
[I 2026-05-28 23:42:23,692] Trial 13 finished with value: 17.072324165635205 and parameters: {'ISTN': 95.80355385542283, 'I_gpe': 0.9062407043759743, 'I_gpi': 2.884527065848735, 'noise_stn_sigma': 3.3866234785626714, 'noise_gpe_sigma': 74.8554165389922, 'noise_gpi_sigma': 114.18134406281345, 'g_stn_gpe_mult': 3.448350002554874, 'g_gpe_stn_mult': 0.4677026962851163, 'g_stn_gpi_mult': 2.3588779915165716, 'g_gpe_gpi_mult': 0.38338068553145593}. Best is trial 4 with value: 6.091885656862309.
[I 2026-05-28 23:42:24,700] Trial 14 finished with value: 29.443650091103752 and parameters: {'ISTN': 102.36903269582453, 'I_gpe': 3.3363508194838243, 'I_gpi': 4.143561567847085, 'noise_stn_sigma': 5.661036249278359, 'noise_gpe_sigma': 87.16774291568464, 'noise_gpi_sigma': 108.02736550764806, 'g_stn_gpe_mult': 3.1024346703312515, 'g_gpe_stn_mult': 0.3088698696726054, 'g_stn_gpi_mult': 2.449703982167868, 'g_gpe_gpi_mult': 0.8281221332909943}. Best is trial 4 with value: 6.091885656862309.
[I 2026-05-28 23:42:25,710] Trial 15 finished with value: 16.06539584908442 and parameters: {'ISTN': 86.99584256732726, 'I_gpe': 2.99773236042524, 'I_gpi': 2.565324509238075, 'noise_stn_sigma': 3.4443223989617415, 'noise_gpe_sigma': 86.61723434039806, 'noise_gpi_sigma': 119.80559700671478, 'g_stn_gpe_mult': 3.432286247183507, 'g_gpe_stn_mult': 0.5376246959570681, 'g_stn_gpi_mult': 1.9750864698467443, 'g_gpe_gpi_mult': 0.5886214533688012}. Best is trial 4 with value: 6.091885656862309.
[I 2026-05-28 23:42:26,715] Trial 16 finished with value: 14.715442145176041 and parameters: {'ISTN': 71.27857501442331, 'I_gpe': 2.0318485678653566, 'I_gpi': 1.9512367821158363, 'noise_stn_sigma': 4.206170770850509, 'noise_gpe_sigma': 105.04725605430474, 'noise_gpi_sigma': 107.49623601114988, 'g_stn_gpe_mult': 3.474375535659962, 'g_gpe_stn_mult': 0.27187827059612, 'g_stn_gpi_mult': 2.0014155646700984, 'g_gpe_gpi_mult': 0.6786137503995617}. Best is trial 4 with value: 6.091885656862309.
[I 2026-05-28 23:42:27,721] Trial 17 finished with value: 18.429808463021246 and parameters: {'ISTN': 88.15013464340551, 'I_gpe': 2.4070327140214642, 'I_gpi': 3.151420558427779, 'noise_stn_sigma': 3.5561614392231387, 'noise_gpe_sigma': 78.65164992973371, 'noise_gpi_sigma': 143.27462274616548, 'g_stn_gpe_mult': 2.457496119080707, 'g_gpe_stn_mult': 0.2929327924681696, 'g_stn_gpi_mult': 3.2799841713457356, 'g_gpe_gpi_mult': 0.7908448045627203}. Best is trial 4 with value: 6.091885656862309.
[I 2026-05-28 23:42:28,728] Trial 18 finished with value: 39.13693033614596 and parameters: {'ISTN': 140.80578123871067, 'I_gpe': 2.2521815172749564, 'I_gpi': 3.247374740050466, 'noise_stn_sigma': 4.057536441345544, 'noise_gpe_sigma': 94.41261352438758, 'noise_gpi_sigma': 109.91493131895243, 'g_stn_gpe_mult': 3.2036758132791556, 'g_gpe_stn_mult': 0.3609880900161041, 'g_stn_gpi_mult': 2.0031568127010964, 'g_gpe_gpi_mult': 0.795337294134058}. Best is trial 4 with value: 6.091885656862309.
[I 2026-05-28 23:42:29,734] Trial 19 finished with value: 18.59936191172394 and parameters: {'ISTN': 93.1654358888652, 'I_gpe': 1.6696667389238273, 'I_gpi': 2.8132640131723043, 'noise_stn_sigma': 5.070780278618722, 'noise_gpe_sigma': 54.660357388897374, 'noise_gpi_sigma': 95.7858107540173, 'g_stn_gpe_mult': 3.5126842550137893, 'g_gpe_stn_mult': 0.3274734628050959, 'g_stn_gpi_mult': 2.369740948378754, 'g_gpe_gpi_mult': 0.8719324109715871}. Best is trial 4 with value: 6.091885656862309.
[I 2026-05-28 23:42:30,741] Trial 20 finished with value: 11.325001362787086 and parameters: {'ISTN': 74.91695117787135, 'I_gpe': 1.5481992087986494, 'I_gpi': 2.585250379818883, 'noise_stn_sigma': 4.847533448162468, 'noise_gpe_sigma': 90.44500907239238, 'noise_gpi_sigma': 147.28817173320834, 'g_stn_gpe_mult': 3.595847303331842, 'g_gpe_stn_mult': 0.4442765493384637, 'g_stn_gpi_mult': 2.9119956204229496, 'g_gpe_gpi_mult': 0.8104535464574556}. Best is trial 4 with value: 6.091885656862309.
[I 2026-05-28 23:42:31,749] Trial 21 finished with value: 13.123092833742323 and parameters: {'ISTN': 71.45289825698177, 'I_gpe': 2.023932777105622, 'I_gpi': 3.1317617232405723, 'noise_stn_sigma': 3.9279622464159556, 'noise_gpe_sigma': 98.2876821590086, 'noise_gpi_sigma': 114.82145684414161, 'g_stn_gpe_mult': 3.500452881458463, 'g_gpe_stn_mult': 0.2710974132403574, 'g_stn_gpi_mult': 2.495860615753231, 'g_gpe_gpi_mult': 0.7299916166482747}. Best is trial 4 with value: 6.091885656862309.
[I 2026-05-28 23:42:32,756] Trial 22 finished with value: 12.799336412741683 and parameters: {'ISTN': 65.24801924246437, 'I_gpe': 2.0660008311243305, 'I_gpi': 2.750042766449476, 'noise_stn_sigma': 2.5521252182177507, 'noise_gpe_sigma': 109.22804536499332, 'noise_gpi_sigma': 148.7688178227163, 'g_stn_gpe_mult': 3.8822793292894544, 'g_gpe_stn_mult': 0.5578508190115707, 'g_stn_gpi_mult': 2.2612702634254918, 'g_gpe_gpi_mult': 0.7097595079826156}. Best is trial 4 with value: 6.091885656862309.
[I 2026-05-28 23:42:33,764] Trial 23 finished with value: 1.73070632160347 and parameters: {'ISTN': 65.12873674955796, 'I_gpe': 1.362122667943275, 'I_gpi': 2.221406166606121, 'noise_stn_sigma': 4.499658814473996, 'noise_gpe_sigma': 78.69667652286554, 'noise_gpi_sigma': 93.78839249563876, 'g_stn_gpe_mult': 3.640191382596694, 'g_gpe_stn_mult': 0.27912008832573443, 'g_stn_gpi_mult': 1.796732800486893, 'g_gpe_gpi_mult': 0.5639755580187196}. Best is trial 23 with value: 1.73070632160347.
[I 2026-05-28 23:42:34,771] Trial 24 finished with value: 11.133073374796771 and parameters: {'ISTN': 71.69304422001869, 'I_gpe': 1.8701663802473156, 'I_gpi': 2.3432379788664353, 'noise_stn_sigma': 2.938819569070536, 'noise_gpe_sigma': 84.74466807270191, 'noise_gpi_sigma': 113.17367873458595, 'g_stn_gpe_mult': 2.5133618725041247, 'g_gpe_stn_mult': 0.3835682010689222, 'g_stn_gpi_mult': 1.7589919690888496, 'g_gpe_gpi_mult': 0.7568707109677071}. Best is trial 23 with value: 1.73070632160347.
[I 2026-05-28 23:42:35,777] Trial 25 finished with value: 15.367634681514263 and parameters: {'ISTN': 73.01715606794839, 'I_gpe': 2.1588645405151943, 'I_gpi': 1.6910979442786904, 'noise_stn_sigma': 4.635083474918523, 'noise_gpe_sigma': 97.16041210773024, 'noise_gpi_sigma': 100.89344450263819, 'g_stn_gpe_mult': 3.2512152400570855, 'g_gpe_stn_mult': 0.3949396337907892, 'g_stn_gpi_mult': 2.492784995988857, 'g_gpe_gpi_mult': 0.8481609838561768}. Best is trial 23 with value: 1.73070632160347.
[I 2026-05-28 23:42:36,785] Trial 26 finished with value: 16.854773627632397 and parameters: {'ISTN': 77.13463548301665, 'I_gpe': 1.6242191499173684, 'I_gpi': 2.9551551150234134, 'noise_stn_sigma': 3.9951420651989147, 'noise_gpe_sigma': 59.93364027208896, 'noise_gpi_sigma': 135.3075419943185, 'g_stn_gpe_mult': 3.6023897570695413, 'g_gpe_stn_mult': 0.5181567784464659, 'g_stn_gpi_mult': 2.7115940212937817, 'g_gpe_gpi_mult': 0.8211091272522129}. Best is trial 23 with value: 1.73070632160347.
[I 2026-05-28 23:42:37,792] Trial 27 finished with value: 18.07899613512064 and parameters: {'ISTN': 86.57805885289068, 'I_gpe': 1.5883136903228074, 'I_gpi': 3.1797366761075385, 'noise_stn_sigma': 4.322447581062993, 'noise_gpe_sigma': 49.34074342939253, 'noise_gpi_sigma': 148.71686453629982, 'g_stn_gpe_mult': 3.3160127132282313, 'g_gpe_stn_mult': 0.32245644367724724, 'g_stn_gpi_mult': 2.110480309127248, 'g_gpe_gpi_mult': 1.0709481132982213}. Best is trial 23 with value: 1.73070632160347.
[I 2026-05-28 23:42:38,800] Trial 28 finished with value: 11.91861925977509 and parameters: {'ISTN': 68.49972331775703, 'I_gpe': 1.9545081148175445, 'I_gpi': 2.7815911411707104, 'noise_stn_sigma': 3.9343180211614595, 'noise_gpe_sigma': 126.73087945099049, 'noise_gpi_sigma': 119.36128146804548, 'g_stn_gpe_mult': 2.970606192012928, 'g_gpe_stn_mult': 0.39122384192964366, 'g_stn_gpi_mult': 3.2757184588084334, 'g_gpe_gpi_mult': 0.4437822089088872}. Best is trial 23 with value: 1.73070632160347.
[I 2026-05-28 23:42:39,808] Trial 29 finished with value: 19.23701208713066 and parameters: {'ISTN': 99.97507489505057, 'I_gpe': 2.2923884291117025, 'I_gpi': 3.2907735247956205, 'noise_stn_sigma': 4.1047552191348, 'noise_gpe_sigma': 81.37622921576079, 'noise_gpi_sigma': 100.62492396189721, 'g_stn_gpe_mult': 2.392786144555871, 'g_gpe_stn_mult': 0.21385653744810668, 'g_stn_gpi_mult': 1.651494901320035, 'g_gpe_gpi_mult': 0.717221787831001}. Best is trial 23 with value: 1.73070632160347.
[I 2026-05-28 23:42:40,816] Trial 30 finished with value: 12.034498670956614 and parameters: {'ISTN': 66.91388828591482, 'I_gpe': 0.9469139371972998, 'I_gpi': 2.530112141730945, 'noise_stn_sigma': 3.1926024113728326, 'noise_gpe_sigma': 51.71676950415298, 'noise_gpi_sigma': 138.91270532883914, 'g_stn_gpe_mult': 3.7660193650690967, 'g_gpe_stn_mult': 0.31695058132431675, 'g_stn_gpi_mult': 2.7432314853871054, 'g_gpe_gpi_mult': 0.6825503782775417}. Best is trial 23 with value: 1.73070632160347.
[I 2026-05-28 23:42:41,825] Trial 31 finished with value: 13.412982634917173 and parameters: {'ISTN': 70.67145711551173, 'I_gpe': 1.010503939682864, 'I_gpi': 2.3776644633067603, 'noise_stn_sigma': 5.0795034115570905, 'noise_gpe_sigma': 46.792718702468015, 'noise_gpi_sigma': 133.4844436586007, 'g_stn_gpe_mult': 3.6328240022037903, 'g_gpe_stn_mult': 0.1614798087128594, 'g_stn_gpi_mult': 1.1392386678785433, 'g_gpe_gpi_mult': 0.7216992738563885}. Best is trial 23 with value: 1.73070632160347.
[I 2026-05-28 23:42:42,832] Trial 32 finished with value: 9.84956101914823 and parameters: {'ISTN': 66.01453949574099, 'I_gpe': 1.392996419683639, 'I_gpi': 1.7683761547737895, 'noise_stn_sigma': 5.290456715942458, 'noise_gpe_sigma': 87.76724534118462, 'noise_gpi_sigma': 91.72582518778252, 'g_stn_gpe_mult': 4.182266092279925, 'g_gpe_stn_mult': 0.15154002154933816, 'g_stn_gpi_mult': 2.259391617076119, 'g_gpe_gpi_mult': 0.7472684118308885}. Best is trial 23 with value: 1.73070632160347.
[I 2026-05-28 23:42:43,838] Trial 33 finished with value: 8.364974015741595 and parameters: {'ISTN': 60.98271092960372, 'I_gpe': 1.3680746520969922, 'I_gpi': 1.7390557988761133, 'noise_stn_sigma': 5.440323386607697, 'noise_gpe_sigma': 80.3160668113122, 'noise_gpi_sigma': 101.3463677087129, 'g_stn_gpe_mult': 3.305278847086692, 'g_gpe_stn_mult': 0.32333740558446333, 'g_stn_gpi_mult': 1.974443878719281, 'g_gpe_gpi_mult': 0.5489405677159678}. Best is trial 23 with value: 1.73070632160347.
[I 2026-05-28 23:42:44,844] Trial 34 finished with value: 13.871918003919678 and parameters: {'ISTN': 74.63068521996402, 'I_gpe': 1.8596393900920567, 'I_gpi': 2.6397473222251637, 'noise_stn_sigma': 3.071464219866228, 'noise_gpe_sigma': 89.11240046553579, 'noise_gpi_sigma': 134.7814494519212, 'g_stn_gpe_mult': 2.9695711562171856, 'g_gpe_stn_mult': 0.4507358746633885, 'g_stn_gpi_mult': 2.0376502672955294, 'g_gpe_gpi_mult': 0.5806643719865747}. Best is trial 23 with value: 1.73070632160347.
[I 2026-05-28 23:42:45,849] Trial 35 finished with value: 11.75982609342508 and parameters: {'ISTN': 65.9111604766713, 'I_gpe': 1.239879263329066, 'I_gpi': 2.0658325321197015, 'noise_stn_sigma': 5.283741440707297, 'noise_gpe_sigma': 75.36831488701438, 'noise_gpi_sigma': 145.16170239598725, 'g_stn_gpe_mult': 2.7971351290192374, 'g_gpe_stn_mult': 0.35301355333473905, 'g_stn_gpi_mult': 1.0915763900591295, 'g_gpe_gpi_mult': 0.5348745028892993}. Best is trial 23 with value: 1.73070632160347.
[I 2026-05-28 23:42:46,855] Trial 36 finished with value: 14.537391478365947 and parameters: {'ISTN': 78.13469843279736, 'I_gpe': 1.4719925472542088, 'I_gpi': 1.2708710299705115, 'noise_stn_sigma': 2.976214360399335, 'noise_gpe_sigma': 63.18566947495874, 'noise_gpi_sigma': 122.52319853325417, 'g_stn_gpe_mult': 4.272636033019093, 'g_gpe_stn_mult': 0.3425715950753616, 'g_stn_gpi_mult': 3.2167701147401417, 'g_gpe_gpi_mult': 0.8521708583518177}. Best is trial 23 with value: 1.73070632160347.
[I 2026-05-28 23:42:47,862] Trial 37 finished with value: 12.971850854494319 and parameters: {'ISTN': 64.44224829230087, 'I_gpe': 1.658236907933368, 'I_gpi': 2.055094214211274, 'noise_stn_sigma': 4.502517492299291, 'noise_gpe_sigma': 118.28335705647133, 'noise_gpi_sigma': 113.9968808628394, 'g_stn_gpe_mult': 2.540623948215116, 'g_gpe_stn_mult': 0.5640418557211796, 'g_stn_gpi_mult': 1.9169951551948547, 'g_gpe_gpi_mult': 0.4807396819203364}. Best is trial 23 with value: 1.73070632160347.
[I 2026-05-28 23:42:48,870] Trial 38 finished with value: 11.978320858627534 and parameters: {'ISTN': 71.55614888637578, 'I_gpe': 2.246325889261522, 'I_gpi': 3.3806628617678594, 'noise_stn_sigma': 4.746217679646073, 'noise_gpe_sigma': 47.15980286825841, 'noise_gpi_sigma': 98.55949810656999, 'g_stn_gpe_mult': 2.8600610014605703, 'g_gpe_stn_mult': 0.3806305176565251, 'g_stn_gpi_mult': 2.0544515018687606, 'g_gpe_gpi_mult': 0.4926100728026252}. Best is trial 23 with value: 1.73070632160347.
[I 2026-05-28 23:42:49,876] Trial 39 finished with value: 13.538386862833434 and parameters: {'ISTN': 88.58695566326456, 'I_gpe': 1.3990992538955898, 'I_gpi': 2.7735447866935568, 'noise_stn_sigma': 3.3732120919287634, 'noise_gpe_sigma': 85.2183193182794, 'noise_gpi_sigma': 107.95968090136408, 'g_stn_gpe_mult': 2.1176660401894347, 'g_gpe_stn_mult': 0.3398472447567093, 'g_stn_gpi_mult': 2.2066297057026127, 'g_gpe_gpi_mult': 0.7406794971238566}. Best is trial 23 with value: 1.73070632160347.
[I 2026-05-28 23:42:50,883] Trial 40 finished with value: 8.970270667103414 and parameters: {'ISTN': 61.63883524989413, 'I_gpe': 2.2543188536353624, 'I_gpi': 1.9032082806866324, 'noise_stn_sigma': 3.004564596897045, 'noise_gpe_sigma': 101.65991949052743, 'noise_gpi_sigma': 127.6340148495748, 'g_stn_gpe_mult': 3.8236734454573096, 'g_gpe_stn_mult': 0.3498672426214602, 'g_stn_gpi_mult': 2.0642657478739324, 'g_gpe_gpi_mult': 0.6661552692847107}. Best is trial 23 with value: 1.73070632160347.
[I 2026-05-28 23:42:51,893] Trial 41 finished with value: 8.676283447481035 and parameters: {'ISTN': 61.58433055423038, 'I_gpe': 1.8995902177775408, 'I_gpi': 1.2976991115914145, 'noise_stn_sigma': 6.548165553635828, 'noise_gpe_sigma': 54.944716918454, 'noise_gpi_sigma': 125.0720794546132, 'g_stn_gpe_mult': 3.5299566420146613, 'g_gpe_stn_mult': 0.29128221874531957, 'g_stn_gpi_mult': 2.572434917460421, 'g_gpe_gpi_mult': 0.563729367167914}. Best is trial 23 with value: 1.73070632160347.
[I 2026-05-28 23:42:52,898] Trial 42 finished with value: 15.939803681210165 and parameters: {'ISTN': 83.84334723372177, 'I_gpe': 1.869418216721769, 'I_gpi': 1.9831364113897618, 'noise_stn_sigma': 3.8882750006092808, 'noise_gpe_sigma': 80.13660619227463, 'noise_gpi_sigma': 75.42158328180794, 'g_stn_gpe_mult': 3.673864008909467, 'g_gpe_stn_mult': 0.2760412037618384, 'g_stn_gpi_mult': 2.0277570059655248, 'g_gpe_gpi_mult': 0.6016553397622493}. Best is trial 23 with value: 1.73070632160347.
[I 2026-05-28 23:42:53,906] Trial 43 finished with value: 14.78360384157018 and parameters: {'ISTN': 86.7237486232734, 'I_gpe': 2.3189595281805477, 'I_gpi': 2.990213212180766, 'noise_stn_sigma': 3.2609954723396055, 'noise_gpe_sigma': 140.9384988772452, 'noise_gpi_sigma': 110.6662031996491, 'g_stn_gpe_mult': 3.627117504061668, 'g_gpe_stn_mult': 0.10001085426384917, 'g_stn_gpi_mult': 1.6700511965573726, 'g_gpe_gpi_mult': 0.5870992709334597}. Best is trial 23 with value: 1.73070632160347.
