[I 2026-05-28 23:26:41,340] Trial 88 finished with value: 4.182390851868787 and parameters: {'ISTN': 73.91550072519544, 'I_gpe': 0.8193782864757564, 'I_gpi': 2.660524642862367, 'noise_stn_sigma': 6.70610164872152, 'noise_gpe_sigma': 102.69315095651929, 'noise_gpi_sigma': 62.358347359602924, 'g_stn_gpe_mult': 2.9319468708270797, 'g_gpe_stn_mult': 0.6994782035382378, 'g_stn_gpi_mult': 2.93130493000458, 'g_gpe_gpi_mult': 0.8676377797631005}. Best is trial 64 with value: 4.040711886981203.
[I 2026-05-28 23:26:42,348] Trial 89 finished with value: 11.588884113228406 and parameters: {'ISTN': 80.50448852140396, 'I_gpe': 1.4644675332935728, 'I_gpi': 1.6535049539196027, 'noise_stn_sigma': 6.578659798798968, 'noise_gpe_sigma': 95.32057725878497, 'noise_gpi_sigma': 88.93495204167206, 'g_stn_gpe_mult': 2.510820438785605, 'g_gpe_stn_mult': 0.6752196014903558, 'g_stn_gpi_mult': 2.29678040287052, 'g_gpe_gpi_mult': 0.6998218198390372}. Best is trial 64 with value: 4.040711886981203.
[I 2026-05-28 23:26:43,357] Trial 90 finished with value: 14.333059932290128 and parameters: {'ISTN': 72.83572492471122, 'I_gpe': 1.656585726060302, 'I_gpi': 2.38346061665869, 'noise_stn_sigma': 5.2548183108832704, 'noise_gpe_sigma': 93.69172271708075, 'noise_gpi_sigma': 102.59900529251178, 'g_stn_gpe_mult': 2.937674023319638, 'g_gpe_stn_mult': 0.3757442012734403, 'g_stn_gpi_mult': 2.7826143117858817, 'g_gpe_gpi_mult': 0.7822149612283857}. Best is trial 64 with value: 4.040711886981203.
[I 2026-05-28 23:26:44,365] Trial 91 finished with value: 0.8560173651244365 and parameters: {'ISTN': 60.89580019245086, 'I_gpe': 1.9044951945845203, 'I_gpi': 2.3314519236513567, 'noise_stn_sigma': 4.736201677890923, 'noise_gpe_sigma': 89.63664088980832, 'noise_gpi_sigma': 84.06803613235941, 'g_stn_gpe_mult': 2.2720445826169153, 'g_gpe_stn_mult': 0.5616194637706642, 'g_stn_gpi_mult': 2.688088877339008, 'g_gpe_gpi_mult': 0.6064252960361409}. Best is trial 91 with value: 0.8560173651244365.
[I 2026-05-28 23:26:45,372] Trial 92 finished with value: 13.011547419148139 and parameters: {'ISTN': 89.89450193938302, 'I_gpe': 0.6129085378187059, 'I_gpi': 1.881127182905765, 'noise_stn_sigma': 7.24762376030173, 'noise_gpe_sigma': 149.05006457753203, 'noise_gpi_sigma': 77.16047474233258, 'g_stn_gpe_mult': 3.008743504242815, 'g_gpe_stn_mult': 0.4916736447780523, 'g_stn_gpi_mult': 3.0122407751202136, 'g_gpe_gpi_mult': 1.1840120433182144}. Best is trial 91 with value: 0.8560173651244365.
[I 2026-05-28 23:26:46,378] Trial 93 finished with value: 12.512901548724425 and parameters: {'ISTN': 68.66496251090095, 'I_gpe': 1.7745990216687129, 'I_gpi': 2.882816674036615, 'noise_stn_sigma': 5.81785422407588, 'noise_gpe_sigma': 83.23179879664056, 'noise_gpi_sigma': 49.61171096077213, 'g_stn_gpe_mult': 3.869920878750627, 'g_gpe_stn_mult': 0.6664246441670979, 'g_stn_gpi_mult': 2.7674615792233226, 'g_gpe_gpi_mult': 0.8859160074122059}. Best is trial 91 with value: 0.8560173651244365.
[I 2026-05-28 23:26:47,382] Trial 94 finished with value: 9.130871339280432 and parameters: {'ISTN': 85.92246427805284, 'I_gpe': 1.2592542559648114, 'I_gpi': 1.5032332383253286, 'noise_stn_sigma': 4.762504841709591, 'noise_gpe_sigma': 94.27563556969658, 'noise_gpi_sigma': 55.319710176585346, 'g_stn_gpe_mult': 2.7073383723507285, 'g_gpe_stn_mult': 0.6530218233851789, 'g_stn_gpi_mult': 3.182546449411316, 'g_gpe_gpi_mult': 0.39216945049936414}. Best is trial 91 with value: 0.8560173651244365.
[I 2026-05-28 23:26:48,391] Trial 95 finished with value: 6.672618100310105 and parameters: {'ISTN': 60.597903019972954, 'I_gpe': 1.0297201507178189, 'I_gpi': 1.008688988410222, 'noise_stn_sigma': 6.673338311311508, 'noise_gpe_sigma': 102.76131996395107, 'noise_gpi_sigma': 117.14532582487115, 'g_stn_gpe_mult': 3.324127446043958, 'g_gpe_stn_mult': 0.3849573932157859, 'g_stn_gpi_mult': 2.815521684426271, 'g_gpe_gpi_mult': 0.6788243923787904}. Best is trial 91 with value: 0.8560173651244365.
[I 2026-05-28 23:26:49,397] Trial 96 finished with value: 9.163194708703838 and parameters: {'ISTN': 67.87992539825336, 'I_gpe': 1.6015665820167604, 'I_gpi': 1.783546440454645, 'noise_stn_sigma': 5.874084392689381, 'noise_gpe_sigma': 96.02527139904177, 'noise_gpi_sigma': 107.30567105627033, 'g_stn_gpe_mult': 3.2844574826384445, 'g_gpe_stn_mult': 0.563169478239128, 'g_stn_gpi_mult': 2.6109022196185947, 'g_gpe_gpi_mult': 0.7200595807719496}. Best is trial 91 with value: 0.8560173651244365.
[I 2026-05-28 23:26:50,403] Trial 97 finished with value: 16.51887208538925 and parameters: {'ISTN': 82.75506450271959, 'I_gpe': 1.5702354605393878, 'I_gpi': 1.747684045866094, 'noise_stn_sigma': 5.374172821649287, 'noise_gpe_sigma': 70.15156441256119, 'noise_gpi_sigma': 118.7696417092854, 'g_stn_gpe_mult': 2.902107446693363, 'g_gpe_stn_mult': 0.5402212177828295, 'g_stn_gpi_mult': 2.531677883693253, 'g_gpe_gpi_mult': 0.9141190476479732}. Best is trial 91 with value: 0.8560173651244365.
[I 2026-05-28 23:26:51,411] Trial 98 finished with value: 8.732086641272476 and parameters: {'ISTN': 82.32354213204646, 'I_gpe': 1.565365551367461, 'I_gpi': 2.8414935482527945, 'noise_stn_sigma': 6.475826017793223, 'noise_gpe_sigma': 110.38713802120104, 'noise_gpi_sigma': 88.38176005148185, 'g_stn_gpe_mult': 2.6197551779946684, 'g_gpe_stn_mult': 0.6879286331881509, 'g_stn_gpi_mult': 2.2129770674521128, 'g_gpe_gpi_mult': 1.0850913851642834}. Best is trial 91 with value: 0.8560173651244365.
[I 2026-05-28 23:26:52,359] Trial 99 finished with value: 1000000.0 and parameters: {'ISTN': 61.28745340513263, 'I_gpe': 1.0049707256653935, 'I_gpi': 1.39468630575641, 'noise_stn_sigma': 6.732226354942615, 'noise_gpe_sigma': 87.94925446583345, 'noise_gpi_sigma': 80.4124069036708, 'g_stn_gpe_mult': 2.7600814725712395, 'g_gpe_stn_mult': 0.6304545977158095, 'g_stn_gpi_mult': 3.064999688977468, 'g_gpe_gpi_mult': 0.8499538059476677}. Best is trial 91 with value: 0.8560173651244365.
[I 2026-05-28 23:26:53,367] Trial 100 finished with value: 9.65762640667003 and parameters: {'ISTN': 70.07240739652846, 'I_gpe': 0.8448976720163703, 'I_gpi': 2.166225003568461, 'noise_stn_sigma': 7.807257390968968, 'noise_gpe_sigma': 125.01834334023324, 'noise_gpi_sigma': 71.44426049234517, 'g_stn_gpe_mult': 1.9085978550549132, 'g_gpe_stn_mult': 0.7145027802958028, 'g_stn_gpi_mult': 2.1502195740528416, 'g_gpe_gpi_mult': 1.050632465140372}. Best is trial 91 with value: 0.8560173651244365.
[I 2026-05-28 23:26:54,377] Trial 101 finished with value: 7.496159340432674 and parameters: {'ISTN': 70.44381374837137, 'I_gpe': 1.1978226017536435, 'I_gpi': 1.1893885590983975, 'noise_stn_sigma': 4.959614315026958, 'noise_gpe_sigma': 97.34736588093475, 'noise_gpi_sigma': 120.69505161689625, 'g_stn_gpe_mult': 2.882515884692203, 'g_gpe_stn_mult': 0.6616487931649631, 'g_stn_gpi_mult': 1.9673354089120054, 'g_gpe_gpi_mult': 0.46708697512520114}. Best is trial 91 with value: 0.8560173651244365.
[I 2026-05-28 23:26:55,385] Trial 102 finished with value: 8.838817501417413 and parameters: {'ISTN': 61.470219078848324, 'I_gpe': 1.848227538471976, 'I_gpi': 2.087304882136179, 'noise_stn_sigma': 5.645716634706992, 'noise_gpe_sigma': 92.63791150668771, 'noise_gpi_sigma': 77.48346407946018, 'g_stn_gpe_mult': 3.008315844906531, 'g_gpe_stn_mult': 0.511298286656834, 'g_stn_gpi_mult': 2.030760206818429, 'g_gpe_gpi_mult': 0.8774531477878378}. Best is trial 91 with value: 0.8560173651244365.
[I 2026-05-28 23:26:56,390] Trial 103 finished with value: 11.596723466073563 and parameters: {'ISTN': 68.65964054991197, 'I_gpe': 1.9952749254834898, 'I_gpi': 2.2206723156298627, 'noise_stn_sigma': 6.559438579029095, 'noise_gpe_sigma': 110.88310472272609, 'noise_gpi_sigma': 91.00879300831359, 'g_stn_gpe_mult': 2.755173085144831, 'g_gpe_stn_mult': 0.5600012047339652, 'g_stn_gpi_mult': 2.5205559363605134, 'g_gpe_gpi_mult': 0.41777605498794984}. Best is trial 91 with value: 0.8560173651244365.
[I 2026-05-28 23:26:57,396] Trial 104 finished with value: 10.989083813586412 and parameters: {'ISTN': 65.38053761198768, 'I_gpe': 1.7159839129019787, 'I_gpi': 2.5596094746598137, 'noise_stn_sigma': 4.963224738854061, 'noise_gpe_sigma': 80.44764708171118, 'noise_gpi_sigma': 113.8415399661344, 'g_stn_gpe_mult': 1.7837601515183175, 'g_gpe_stn_mult': 0.5545073421909662, 'g_stn_gpi_mult': 2.3574244058360154, 'g_gpe_gpi_mult': 0.5737308390086924}. Best is trial 91 with value: 0.8560173651244365.
[I 2026-05-28 23:26:58,401] Trial 105 finished with value: 12.898923726476077 and parameters: {'ISTN': 63.50350496617543, 'I_gpe': 1.855642073916889, 'I_gpi': 2.4308375424795434, 'noise_stn_sigma': 5.1261016725017114, 'noise_gpe_sigma': 67.16644030052453, 'noise_gpi_sigma': 115.44809005597718, 'g_stn_gpe_mult': 2.3737233744992174, 'g_gpe_stn_mult': 0.5179976657758663, 'g_stn_gpi_mult': 2.494994129510734, 'g_gpe_gpi_mult': 0.4491266802341261}. Best is trial 91 with value: 0.8560173651244365.
[I 2026-05-28 23:26:59,406] Trial 106 finished with value: 10.442777551686886 and parameters: {'ISTN': 73.50441736321359, 'I_gpe': 1.4025474905765718, 'I_gpi': 2.0473788558057384, 'noise_stn_sigma': 5.034505793368696, 'noise_gpe_sigma': 74.68980843114687, 'noise_gpi_sigma': 98.22887787290188, 'g_stn_gpe_mult': 1.5932316510878826, 'g_gpe_stn_mult': 0.483679425476815, 'g_stn_gpi_mult': 3.1175786480702095, 'g_gpe_gpi_mult': 0.48883924162967984}. Best is trial 91 with value: 0.8560173651244365.
[I 2026-05-28 23:27:00,414] Trial 107 finished with value: 8.004012861142623 and parameters: {'ISTN': 66.74149784097006, 'I_gpe': 1.1285337757190312, 'I_gpi': 2.477810950674202, 'noise_stn_sigma': 5.290864417583813, 'noise_gpe_sigma': 122.02405153622786, 'noise_gpi_sigma': 59.437924749068884, 'g_stn_gpe_mult': 2.7714973394250126, 'g_gpe_stn_mult': 0.5998310692447493, 'g_stn_gpi_mult': 3.0884050205967, 'g_gpe_gpi_mult': 0.6863139631190471}. Best is trial 91 with value: 0.8560173651244365.
[I 2026-05-28 23:27:01,421] Trial 108 finished with value: 12.81570194377542 and parameters: {'ISTN': 71.3114892861268, 'I_gpe': 1.5856576583576296, 'I_gpi': 2.6318548250849942, 'noise_stn_sigma': 5.182586438479102, 'noise_gpe_sigma': 112.8222220034225, 'noise_gpi_sigma': 101.095455608609, 'g_stn_gpe_mult': 2.3076159927482887, 'g_gpe_stn_mult': 0.3988237307716809, 'g_stn_gpi_mult': 2.4724778675795633, 'g_gpe_gpi_mult': 0.6220997936113399}. Best is trial 91 with value: 0.8560173651244365.
[I 2026-05-28 23:27:02,430] Trial 109 finished with value: 1.7737125104982672 and parameters: {'ISTN': 60.33888119711665, 'I_gpe': 0.9741448508616599, 'I_gpi': 1.4496568478887462, 'noise_stn_sigma': 5.218907474328931, 'noise_gpe_sigma': 70.28216270159805, 'noise_gpi_sigma': 100.1897596915454, 'g_stn_gpe_mult': 2.0936853698925253, 'g_gpe_stn_mult': 0.4482602091721013, 'g_stn_gpi_mult': 2.5645432448808907, 'g_gpe_gpi_mult': 0.6473313042976836}. Best is trial 91 with value: 0.8560173651244365.
[I 2026-05-28 23:27:03,440] Trial 110 finished with value: 7.258637230091946 and parameters: {'ISTN': 69.52632321985269, 'I_gpe': 0.9765454611144777, 'I_gpi': 2.6600159016132405, 'noise_stn_sigma': 6.675049417315127, 'noise_gpe_sigma': 104.29430500723717, 'noise_gpi_sigma': 66.98815092935337, 'g_stn_gpe_mult': 2.452668356362314, 'g_gpe_stn_mult': 0.5133559482742892, 'g_stn_gpi_mult': 3.943820222499432, 'g_gpe_gpi_mult': 0.6249911368493194}. Best is trial 91 with value: 0.8560173651244365.
[I 2026-05-28 23:27:04,445] Trial 111 finished with value: 4.479725498046689 and parameters: {'ISTN': 70.28165091136198, 'I_gpe': 1.309237002696042, 'I_gpi': 2.1628073229788787, 'noise_stn_sigma': 6.156601827263601, 'noise_gpe_sigma': 99.79815554880248, 'noise_gpi_sigma': 66.54859561215969, 'g_stn_gpe_mult': 2.112739545512281, 'g_gpe_stn_mult': 0.6526197672708033, 'g_stn_gpi_mult': 2.7313348494153162, 'g_gpe_gpi_mult': 0.4391033632563935}. Best is trial 91 with value: 0.8560173651244365.
[I 2026-05-28 23:27:05,451] Trial 112 finished with value: 9.442568412716286 and parameters: {'ISTN': 70.21743049190682, 'I_gpe': 1.3337621239451554, 'I_gpi': 2.501808318542302, 'noise_stn_sigma': 5.066712408853365, 'noise_gpe_sigma': 65.447146787439, 'noise_gpi_sigma': 61.57080384852083, 'g_stn_gpe_mult': 3.3632986448145514, 'g_gpe_stn_mult': 0.34330643932727223, 'g_stn_gpi_mult': 2.9002787156694376, 'g_gpe_gpi_mult': 0.5810959703203593}. Best is trial 91 with value: 0.8560173651244365.
[I 2026-05-28 23:27:06,458] Trial 113 finished with value: 7.061936333010756 and parameters: {'ISTN': 75.01932396243568, 'I_gpe': 1.442330805638025, 'I_gpi': 2.1619896296073113, 'noise_stn_sigma': 6.29404893502877, 'noise_gpe_sigma': 94.26766431169193, 'noise_gpi_sigma': 81.12706900143706, 'g_stn_gpe_mult': 1.640638027379629, 'g_gpe_stn_mult': 0.49431661073325084, 'g_stn_gpi_mult': 2.82504453254098, 'g_gpe_gpi_mult': 0.873842666432054}. Best is trial 91 with value: 0.8560173651244365.
[I 2026-05-28 23:27:07,465] Trial 114 finished with value: 0.7660526910236299 and parameters: {'ISTN': 64.7566170829793, 'I_gpe': 0.7764702947000979, 'I_gpi': 1.817132609346305, 'noise_stn_sigma': 5.159888546536395, 'noise_gpe_sigma': 95.0258212375691, 'noise_gpi_sigma': 119.5948018811712, 'g_stn_gpe_mult': 2.117118153103408, 'g_gpe_stn_mult': 0.4704485772827588, 'g_stn_gpi_mult': 2.376095778811585, 'g_gpe_gpi_mult': 0.5042573461254429}. Best is trial 114 with value: 0.7660526910236299.
[I 2026-05-28 23:27:08,471] Trial 115 finished with value: 9.949722113199785 and parameters: {'ISTN': 69.53070927999183, 'I_gpe': 1.3133368026191032, 'I_gpi': 2.477514401211215, 'noise_stn_sigma': 6.471894988144127, 'noise_gpe_sigma': 94.22090654386078, 'noise_gpi_sigma': 69.25478572562668, 'g_stn_gpe_mult': 2.7867664321527514, 'g_gpe_stn_mult': 0.3499110402809994, 'g_stn_gpi_mult': 3.2415942480901174, 'g_gpe_gpi_mult': 0.5465054511034435}. Best is trial 114 with value: 0.7660526910236299.
[I 2026-05-28 23:27:09,480] Trial 116 finished with value: 7.151429300564239 and parameters: {'ISTN': 61.351831881043374, 'I_gpe': 1.1669373633579483, 'I_gpi': 2.834975628245478, 'noise_stn_sigma': 6.273415592389414, 'noise_gpe_sigma': 71.16976309756156, 'noise_gpi_sigma': 101.35073797788893, 'g_stn_gpe_mult': 3.1306646930605107, 'g_gpe_stn_mult': 0.4098171904479184, 'g_stn_gpi_mult': 2.5863280666267556, 'g_gpe_gpi_mult': 0.4985525286837008}. Best is trial 114 with value: 0.7660526910236299.
[I 2026-05-28 23:27:10,488] Trial 117 finished with value: 11.687713139852214 and parameters: {'ISTN': 64.60610194046741, 'I_gpe': 1.1737445105689646, 'I_gpi': 2.0842638567668836, 'noise_stn_sigma': 4.799777703141608, 'noise_gpe_sigma': 76.7534644293681, 'noise_gpi_sigma': 66.07524679959883, 'g_stn_gpe_mult': 3.0528797139231836, 'g_gpe_stn_mult': 0.4779872919960658, 'g_stn_gpi_mult': 2.991408453670286, 'g_gpe_gpi_mult': 0.5540439659294278}. Best is trial 114 with value: 0.7660526910236299.
[I 2026-05-28 23:27:11,496] Trial 118 finished with value: 6.826882686192697 and parameters: {'ISTN': 75.15956508197016, 'I_gpe': 0.8495182917338009, 'I_gpi': 2.2293907793622374, 'noise_stn_sigma': 6.443014581422084, 'noise_gpe_sigma': 73.30902610453845, 'noise_gpi_sigma': 107.41699261874372, 'g_stn_gpe_mult': 2.049932358435762, 'g_gpe_stn_mult': 0.5880993253872191, 'g_stn_gpi_mult': 2.6963108323733516, 'g_gpe_gpi_mult': 0.6584275394427688}. Best is trial 114 with value: 0.7660526910236299.
[I 2026-05-28 23:27:12,504] Trial 119 finished with value: 5.567380236577253 and parameters: {'ISTN': 65.97394563159395, 'I_gpe': 0.9591398909192141, 'I_gpi': 2.236176842825489, 'noise_stn_sigma': 5.193762401447958, 'noise_gpe_sigma': 115.21828701552684, 'noise_gpi_sigma': 88.85830628777269, 'g_stn_gpe_mult': 2.4455553966187833, 'g_gpe_stn_mult': 0.4482813543082359, 'g_stn_gpi_mult': 2.0994361130262997, 'g_gpe_gpi_mult': 0.8809179575467081}. Best is trial 114 with value: 0.7660526910236299.
[I 2026-05-28 23:27:13,512] Trial 120 finished with value: 6.047257178911277 and parameters: {'ISTN': 73.37515363549315, 'I_gpe': 0.796724632019931, 'I_gpi': 1.2112368550152706, 'noise_stn_sigma': 5.262280338689487, 'noise_gpe_sigma': 99.05835835038052, 'noise_gpi_sigma': 99.93215825765003, 'g_stn_gpe_mult': 2.014843882452845, 'g_gpe_stn_mult': 0.7651858605634699, 'g_stn_gpi_mult': 2.6296792568916723, 'g_gpe_gpi_mult': 0.8007685793841817}. Best is trial 114 with value: 0.7660526910236299.
[I 2026-05-28 23:27:14,520] Trial 121 finished with value: 5.837146171833586 and parameters: {'ISTN': 61.42709670954978, 'I_gpe': 1.7040636074822437, 'I_gpi': 2.7087094896570316, 'noise_stn_sigma': 6.463672741898636, 'noise_gpe_sigma': 114.99913387990242, 'noise_gpi_sigma': 102.49316336391703, 'g_stn_gpe_mult': 1.9449645995495333, 'g_gpe_stn_mult': 0.4735949757123833, 'g_stn_gpi_mult': 3.394346772155651, 'g_gpe_gpi_mult': 0.6642335150339733}. Best is trial 114 with value: 0.7660526910236299.
[I 2026-05-28 23:27:15,526] Trial 122 finished with value: 12.127006955355846 and parameters: {'ISTN': 78.42546114996364, 'I_gpe': 1.111659527097104, 'I_gpi': 1.7303180748767062, 'noise_stn_sigma': 5.434048536111405, 'noise_gpe_sigma': 75.71676122990976, 'noise_gpi_sigma': 91.0456281631964, 'g_stn_gpe_mult': 1.886917090640603, 'g_gpe_stn_mult': 0.7025592950216982, 'g_stn_gpi_mult': 2.333656307475804, 'g_gpe_gpi_mult': 0.6620018818360262}. Best is trial 114 with value: 0.7660526910236299.
[I 2026-05-28 23:27:16,532] Trial 123 finished with value: 8.82246342477077 and parameters: {'ISTN': 70.59893550957938, 'I_gpe': 1.6795152933258062, 'I_gpi': 2.4517141426488225, 'noise_stn_sigma': 4.855405479863965, 'noise_gpe_sigma': 135.5551661076913, 'noise_gpi_sigma': 89.09349532172138, 'g_stn_gpe_mult': 2.1047047137043977, 'g_gpe_stn_mult': 0.6389585722980438, 'g_stn_gpi_mult': 2.1665361943583603, 'g_gpe_gpi_mult': 0.5316315195115333}. Best is trial 114 with value: 0.7660526910236299.
[I 2026-05-28 23:27:17,538] Trial 124 finished with value: 7.452033345556766 and parameters: {'ISTN': 72.29797707483431, 'I_gpe': 1.00503358983222, 'I_gpi': 2.0228476904893986, 'noise_stn_sigma': 4.812051871611251, 'noise_gpe_sigma': 102.96147718080132, 'noise_gpi_sigma': 109.3008345347371, 'g_stn_gpe_mult': 1.540493073261086, 'g_gpe_stn_mult': 0.42693921747030383, 'g_stn_gpi_mult': 2.325027307811026, 'g_gpe_gpi_mult': 0.5192359928769456}. Best is trial 114 with value: 0.7660526910236299.
[I 2026-05-28 23:27:18,547] Trial 125 finished with value: 10.029675196487396 and parameters: {'ISTN': 72.45471453736985, 'I_gpe': 0.892731023710712, 'I_gpi': 1.4519070178555147, 'noise_stn_sigma': 4.754853348243404, 'noise_gpe_sigma': 78.66150731518785, 'noise_gpi_sigma': 82.53543006694034, 'g_stn_gpe_mult': 3.045777597239636, 'g_gpe_stn_mult': 0.47215042556135167, 'g_stn_gpi_mult': 2.373474089496964, 'g_gpe_gpi_mult': 0.5514302057779723}. Best is trial 114 with value: 0.7660526910236299.
[I 2026-05-28 23:27:19,554] Trial 126 finished with value: 8.847077472029685 and parameters: {'ISTN': 65.94596285928529, 'I_gpe': 1.2488724833789835, 'I_gpi': 1.688938457686495, 'noise_stn_sigma': 4.028973870175341, 'noise_gpe_sigma': 94.73249525308239, 'noise_gpi_sigma': 104.07422644204193, 'g_stn_gpe_mult': 2.273266538524032, 'g_gpe_stn_mult': 0.32333507590755284, 'g_stn_gpi_mult': 2.6191538427031613, 'g_gpe_gpi_mult': 0.5039430645898548}. Best is trial 114 with value: 0.7660526910236299.
[I 2026-05-28 23:27:20,560] Trial 127 finished with value: 10.645125573866418 and parameters: {'ISTN': 69.81258771124351, 'I_gpe': 1.6131129814731133, 'I_gpi': 2.198355067358839, 'noise_stn_sigma': 6.152715895400821, 'noise_gpe_sigma': 87.33613706481414, 'noise_gpi_sigma': 60.22543643829063, 'g_stn_gpe_mult': 1.5059677044403068, 'g_gpe_stn_mult': 0.5570807364685784, 'g_stn_gpi_mult': 2.185443862183422, 'g_gpe_gpi_mult': 0.8264226129572378}. Best is trial 114 with value: 0.7660526910236299.
[I 2026-05-28 23:27:21,569] Trial 128 finished with value: 11.049341110508442 and parameters: {'ISTN': 72.51852710549271, 'I_gpe': 0.5533262181851637, 'I_gpi': 2.0088778435078645, 'noise_stn_sigma': 6.192078668889421, 'noise_gpe_sigma': 86.1925954538318, 'noise_gpi_sigma': 55.35221502227213, 'g_stn_gpe_mult': 1.8734500557410838, 'g_gpe_stn_mult': 0.5148570983269783, 'g_stn_gpi_mult': 3.3303473961964927, 'g_gpe_gpi_mult': 0.575641448391607}. Best is trial 114 with value: 0.7660526910236299.
[I 2026-05-28 23:27:22,578] Trial 129 finished with value: 10.550722284029263 and parameters: {'ISTN': 73.51851053483236, 'I_gpe': 0.9123876765284482, 'I_gpi': 1.9533136970224616, 'noise_stn_sigma': 4.463692673763258, 'noise_gpe_sigma': 105.41402407943335, 'noise_gpi_sigma': 108.50867573573073, 'g_stn_gpe_mult': 2.013142828075768, 'g_gpe_stn_mult': 0.6057329533831841, 'g_stn_gpi_mult': 2.429364139299474, 'g_gpe_gpi_mult': 0.5741292666862685}. Best is trial 114 with value: 0.7660526910236299.
[I 2026-05-28 23:27:23,589] Trial 130 finished with value: 6.007098784334892 and parameters: {'ISTN': 63.57340700778854, 'I_gpe': 1.1112628618247076, 'I_gpi': 1.4417015117904968, 'noise_stn_sigma': 5.607006544208899, 'noise_gpe_sigma': 121.4697884110848, 'noise_gpi_sigma': 97.43090039014487, 'g_stn_gpe_mult': 2.7502991021514958, 'g_gpe_stn_mult': 0.640452338109043, 'g_stn_gpi_mult': 2.4988146250895777, 'g_gpe_gpi_mult': 0.588873512549739}. Best is trial 114 with value: 0.7660526910236299.
[I 2026-05-28 23:27:24,597] Trial 131 finished with value: 11.184392752989815 and parameters: {'ISTN': 68.13366906698064, 'I_gpe': 1.2318402061157911, 'I_gpi': 1.138181955146763, 'noise_stn_sigma': 5.302455511271406, 'noise_gpe_sigma': 109.62263286204463, 'noise_gpi_sigma': 87.46193623382851, 'g_stn_gpe_mult': 1.7731614385453407, 'g_gpe_stn_mult': 0.4914642128194521, 'g_stn_gpi_mult': 2.425991157446424, 'g_gpe_gpi_mult': 0.4726951330339229}. Best is trial 114 with value: 0.7660526910236299.
