[I 2026-05-29 00:03:33,699] Trial 264 finished with value: 1.039511610858146 and parameters: {'ISTN': 67.429572535565, 'I_gpe': 1.0905907819732548, 'I_gpi': 2.310885616309677, 'noise_stn_sigma': 4.530713673218048, 'noise_gpe_sigma': 97.40432155371565, 'noise_gpi_sigma': 64.79021020919424, 'g_stn_gpe_mult': 2.829757129666322, 'g_gpe_stn_mult': 0.11574937563993641, 'g_stn_gpi_mult': 1.77263310271499, 'g_gpe_gpi_mult': 0.6885599962969794}. Best is trial 142 with value: 0.3181873175738492.
[I 2026-05-29 00:03:34,708] Trial 265 finished with value: 11.303403415233822 and parameters: {'ISTN': 71.52067439860012, 'I_gpe': 1.2801963045431872, 'I_gpi': 2.3855960424964, 'noise_stn_sigma': 4.787655523224704, 'noise_gpe_sigma': 94.83675172750266, 'noise_gpi_sigma': 58.28527864643775, 'g_stn_gpe_mult': 3.014443887628313, 'g_gpe_stn_mult': 0.20178686719362032, 'g_stn_gpi_mult': 1.9555358722190548, 'g_gpe_gpi_mult': 0.7409363584451858}. Best is trial 142 with value: 0.3181873175738492.
[I 2026-05-29 00:03:35,716] Trial 266 finished with value: 8.82114945590982 and parameters: {'ISTN': 61.84460797842239, 'I_gpe': 1.049718552116226, 'I_gpi': 2.5955056503062495, 'noise_stn_sigma': 5.317719402082553, 'noise_gpe_sigma': 105.93856430482367, 'noise_gpi_sigma': 62.49941905929433, 'g_stn_gpe_mult': 2.9846450858974043, 'g_gpe_stn_mult': 0.12895811028186607, 'g_stn_gpi_mult': 1.9266047178232202, 'g_gpe_gpi_mult': 0.7593302047911252}. Best is trial 142 with value: 0.3181873175738492.
[I 2026-05-29 00:03:36,728] Trial 267 finished with value: 5.44548403409333 and parameters: {'ISTN': 64.78542626983601, 'I_gpe': 1.1362742019959884, 'I_gpi': 2.2890239567184043, 'noise_stn_sigma': 4.78139514130673, 'noise_gpe_sigma': 104.98969496388234, 'noise_gpi_sigma': 61.88241666475631, 'g_stn_gpe_mult': 3.0655224186261547, 'g_gpe_stn_mult': 0.10069442358888377, 'g_stn_gpi_mult': 1.993601713243982, 'g_gpe_gpi_mult': 0.7417914483107977}. Best is trial 142 with value: 0.3181873175738492.
[I 2026-05-29 00:03:37,735] Trial 268 finished with value: 11.8287001006301 and parameters: {'ISTN': 70.81288158389998, 'I_gpe': 0.9967206165938394, 'I_gpi': 2.5452294680793255, 'noise_stn_sigma': 5.025647417833428, 'noise_gpe_sigma': 107.529287134654, 'noise_gpi_sigma': 79.71865162110018, 'g_stn_gpe_mult': 3.2609674018099595, 'g_gpe_stn_mult': 0.161819337457809, 'g_stn_gpi_mult': 2.1013299652846924, 'g_gpe_gpi_mult': 0.7840945040450125}. Best is trial 142 with value: 0.3181873175738492.
[I 2026-05-29 00:03:38,745] Trial 269 finished with value: 4.444311979296525 and parameters: {'ISTN': 64.44119589170622, 'I_gpe': 1.2007013309800705, 'I_gpi': 2.6944052375827687, 'noise_stn_sigma': 4.16515741944017, 'noise_gpe_sigma': 105.56438062335964, 'noise_gpi_sigma': 60.863181415526455, 'g_stn_gpe_mult': 2.8982050157455834, 'g_gpe_stn_mult': 0.15346525525771387, 'g_stn_gpi_mult': 2.3028114739431795, 'g_gpe_gpi_mult': 0.6070612741998374}. Best is trial 142 with value: 0.3181873175738492.
[I 2026-05-29 00:03:39,754] Trial 270 finished with value: 7.703706718935631 and parameters: {'ISTN': 65.74523393666277, 'I_gpe': 1.1814441473391135, 'I_gpi': 2.956947556871846, 'noise_stn_sigma': 5.65980228762402, 'noise_gpe_sigma': 110.07975534608552, 'noise_gpi_sigma': 70.79902995673271, 'g_stn_gpe_mult': 3.3747539800069477, 'g_gpe_stn_mult': 0.1885968201514669, 'g_stn_gpi_mult': 2.090277484556024, 'g_gpe_gpi_mult': 0.6064868838151072}. Best is trial 142 with value: 0.3181873175738492.
[I 2026-05-29 00:03:40,761] Trial 271 finished with value: 3.051758740536629 and parameters: {'ISTN': 67.42468245102755, 'I_gpe': 0.9130636314459968, 'I_gpi': 2.7994515491113368, 'noise_stn_sigma': 4.208134457958363, 'noise_gpe_sigma': 96.87005069947398, 'noise_gpi_sigma': 57.06701555807701, 'g_stn_gpe_mult': 3.4630568938408084, 'g_gpe_stn_mult': 0.10765706398897132, 'g_stn_gpi_mult': 2.0234268299975637, 'g_gpe_gpi_mult': 0.7225961935016114}. Best is trial 142 with value: 0.3181873175738492.
[I 2026-05-29 00:03:41,772] Trial 272 finished with value: 8.298117478925342 and parameters: {'ISTN': 66.07946872176491, 'I_gpe': 1.514329395969266, 'I_gpi': 2.11948790672451, 'noise_stn_sigma': 5.095907892253362, 'noise_gpe_sigma': 114.34497797531468, 'noise_gpi_sigma': 62.843982761899866, 'g_stn_gpe_mult': 2.853157347271396, 'g_gpe_stn_mult': 0.15837942374504071, 'g_stn_gpi_mult': 2.337507629228163, 'g_gpe_gpi_mult': 0.5961459516213732}. Best is trial 142 with value: 0.3181873175738492.
[I 2026-05-29 00:03:42,778] Trial 273 finished with value: 3.0565236220572274 and parameters: {'ISTN': 69.58559532142746, 'I_gpe': 1.0721130006382356, 'I_gpi': 2.9526975631126477, 'noise_stn_sigma': 4.943383532694034, 'noise_gpe_sigma': 99.58829725351528, 'noise_gpi_sigma': 74.52748578099087, 'g_stn_gpe_mult': 3.053653689425337, 'g_gpe_stn_mult': 0.11881838271192363, 'g_stn_gpi_mult': 2.2054029125959578, 'g_gpe_gpi_mult': 0.7307188231902362}. Best is trial 142 with value: 0.3181873175738492.
[I 2026-05-29 00:03:43,787] Trial 274 finished with value: 0.7521377293767717 and parameters: {'ISTN': 69.05360670428267, 'I_gpe': 1.1772905169075008, 'I_gpi': 2.492225720917796, 'noise_stn_sigma': 4.893689816151874, 'noise_gpe_sigma': 109.19374882395576, 'noise_gpi_sigma': 52.28932532970819, 'g_stn_gpe_mult': 3.0716639706370814, 'g_gpe_stn_mult': 0.20048572489804084, 'g_stn_gpi_mult': 2.0522720826675114, 'g_gpe_gpi_mult': 0.6631397462396501}. Best is trial 142 with value: 0.3181873175738492.
[I 2026-05-29 00:03:44,796] Trial 275 finished with value: 4.765633884529766 and parameters: {'ISTN': 74.73274337723234, 'I_gpe': 1.32640523313724, 'I_gpi': 2.6937054915060807, 'noise_stn_sigma': 5.341274633803878, 'noise_gpe_sigma': 91.47400172207132, 'noise_gpi_sigma': 75.34802023926392, 'g_stn_gpe_mult': 3.0843984934329516, 'g_gpe_stn_mult': 0.13634820600840405, 'g_stn_gpi_mult': 1.7429077085437052, 'g_gpe_gpi_mult': 0.6457699022908601}. Best is trial 142 with value: 0.3181873175738492.
[I 2026-05-29 00:03:45,804] Trial 276 finished with value: 1.0487072460534208 and parameters: {'ISTN': 64.81037764609532, 'I_gpe': 1.4217324912034166, 'I_gpi': 2.77159947962765, 'noise_stn_sigma': 4.26359348369608, 'noise_gpe_sigma': 106.37324885858303, 'noise_gpi_sigma': 61.10159559002093, 'g_stn_gpe_mult': 2.884477009789549, 'g_gpe_stn_mult': 0.16108866466057048, 'g_stn_gpi_mult': 2.0395182824513536, 'g_gpe_gpi_mult': 0.7808195798356854}. Best is trial 142 with value: 0.3181873175738492.
[I 2026-05-29 00:03:46,812] Trial 277 finished with value: 4.264201508599105 and parameters: {'ISTN': 70.20785294435987, 'I_gpe': 1.2873109053710927, 'I_gpi': 2.770256723279659, 'noise_stn_sigma': 4.889607187926462, 'noise_gpe_sigma': 104.43816717819048, 'noise_gpi_sigma': 67.25000353524183, 'g_stn_gpe_mult': 2.949535084566929, 'g_gpe_stn_mult': 0.1649454365911945, 'g_stn_gpi_mult': 2.1035425426339835, 'g_gpe_gpi_mult': 0.6741648351099543}. Best is trial 142 with value: 0.3181873175738492.
[I 2026-05-29 00:03:47,821] Trial 278 finished with value: 11.356022537283746 and parameters: {'ISTN': 64.81064579604406, 'I_gpe': 1.1306770310822125, 'I_gpi': 2.4042797193474343, 'noise_stn_sigma': 4.371650957415, 'noise_gpe_sigma': 91.31164687572422, 'noise_gpi_sigma': 59.194930376524326, 'g_stn_gpe_mult': 2.7871684301023825, 'g_gpe_stn_mult': 0.20763103634632313, 'g_stn_gpi_mult': 2.0672435905273217, 'g_gpe_gpi_mult': 0.4911902338413799}. Best is trial 142 with value: 0.3181873175738492.
[I 2026-05-29 00:03:48,827] Trial 279 finished with value: 1.9578750378340781 and parameters: {'ISTN': 67.07189756846428, 'I_gpe': 1.307943148708044, 'I_gpi': 2.4395822102076608, 'noise_stn_sigma': 4.146611620482815, 'noise_gpe_sigma': 101.20889767876359, 'noise_gpi_sigma': 70.68489696749177, 'g_stn_gpe_mult': 2.785088534783422, 'g_gpe_stn_mult': 0.12935129664103467, 'g_stn_gpi_mult': 2.2232766939142925, 'g_gpe_gpi_mult': 0.6264244028897694}. Best is trial 142 with value: 0.3181873175738492.
[I 2026-05-29 00:03:49,837] Trial 280 finished with value: 5.778623708146439 and parameters: {'ISTN': 63.345666569239974, 'I_gpe': 1.2660660151275287, 'I_gpi': 2.376512508199025, 'noise_stn_sigma': 5.084957807876042, 'noise_gpe_sigma': 101.44754620016388, 'noise_gpi_sigma': 58.32763428042929, 'g_stn_gpe_mult': 2.8556958121268896, 'g_gpe_stn_mult': 0.25499307542793226, 'g_stn_gpi_mult': 2.61385356718792, 'g_gpe_gpi_mult': 0.5575913923504765}. Best is trial 142 with value: 0.3181873175738492.
[I 2026-05-29 00:03:50,844] Trial 281 finished with value: 6.9871048009384475 and parameters: {'ISTN': 66.23636202595324, 'I_gpe': 1.406688488408594, 'I_gpi': 2.83485232013292, 'noise_stn_sigma': 4.681131470711062, 'noise_gpe_sigma': 110.04526034361704, 'noise_gpi_sigma': 61.39646324605918, 'g_stn_gpe_mult': 3.072896869380709, 'g_gpe_stn_mult': 0.16699346456691488, 'g_stn_gpi_mult': 2.287071052924458, 'g_gpe_gpi_mult': 0.7280546042513376}. Best is trial 142 with value: 0.3181873175738492.
[I 2026-05-29 00:03:51,854] Trial 282 finished with value: 2.9605963673856355 and parameters: {'ISTN': 71.40890824143766, 'I_gpe': 1.3224517513979912, 'I_gpi': 2.7097213534103495, 'noise_stn_sigma': 4.74809012288374, 'noise_gpe_sigma': 111.29637728685833, 'noise_gpi_sigma': 66.69604896145178, 'g_stn_gpe_mult': 2.7475030249911323, 'g_gpe_stn_mult': 0.17676331300154768, 'g_stn_gpi_mult': 2.159437528728102, 'g_gpe_gpi_mult': 0.719878280039548}. Best is trial 142 with value: 0.3181873175738492.
[I 2026-05-29 00:03:52,860] Trial 283 finished with value: 7.644836733381607 and parameters: {'ISTN': 77.60265165505427, 'I_gpe': 1.2299968055314539, 'I_gpi': 2.1697435438160895, 'noise_stn_sigma': 4.2662082663978715, 'noise_gpe_sigma': 101.10919665084762, 'noise_gpi_sigma': 65.33757990465823, 'g_stn_gpe_mult': 3.0628282229610866, 'g_gpe_stn_mult': 0.16930815306696517, 'g_stn_gpi_mult': 2.0557784382659605, 'g_gpe_gpi_mult': 0.5861739130217687}. Best is trial 142 with value: 0.3181873175738492.
[I 2026-05-29 00:03:53,869] Trial 284 finished with value: 2.358820294140018 and parameters: {'ISTN': 66.62386764914184, 'I_gpe': 1.2910113149762004, 'I_gpi': 2.919379114719783, 'noise_stn_sigma': 5.315819087738086, 'noise_gpe_sigma': 103.87026173519173, 'noise_gpi_sigma': 49.25555793460421, 'g_stn_gpe_mult': 3.633901619189773, 'g_gpe_stn_mult': 0.20923083747392276, 'g_stn_gpi_mult': 1.9411250397071198, 'g_gpe_gpi_mult': 0.5673137872944973}. Best is trial 142 with value: 0.3181873175738492.
[I 2026-05-29 00:03:54,878] Trial 285 finished with value: 9.383211173026703 and parameters: {'ISTN': 78.5952021911643, 'I_gpe': 1.1573444409843119, 'I_gpi': 2.925193591265118, 'noise_stn_sigma': 4.712784245771995, 'noise_gpe_sigma': 112.91467146869603, 'noise_gpi_sigma': 58.612666323884255, 'g_stn_gpe_mult': 3.1382952171199694, 'g_gpe_stn_mult': 0.16726153971723728, 'g_stn_gpi_mult': 2.549771843558667, 'g_gpe_gpi_mult': 0.6507566668329273}. Best is trial 142 with value: 0.3181873175738492.
[I 2026-05-29 00:03:55,886] Trial 286 finished with value: 4.452994404716141 and parameters: {'ISTN': 63.69642771242772, 'I_gpe': 1.2482979495126272, 'I_gpi': 3.147949941198212, 'noise_stn_sigma': 4.186311951893716, 'noise_gpe_sigma': 109.20129006797862, 'noise_gpi_sigma': 60.130143105254334, 'g_stn_gpe_mult': 2.721717137732341, 'g_gpe_stn_mult': 0.14197000442353025, 'g_stn_gpi_mult': 2.1489476779875476, 'g_gpe_gpi_mult': 0.624580562256567}. Best is trial 142 with value: 0.3181873175738492.
[I 2026-05-29 00:03:56,894] Trial 287 finished with value: 4.063581263372019 and parameters: {'ISTN': 68.0079015300723, 'I_gpe': 1.2046393884886168, 'I_gpi': 2.234065747578593, 'noise_stn_sigma': 4.129901420023354, 'noise_gpe_sigma': 114.55908929918355, 'noise_gpi_sigma': 64.38962377109453, 'g_stn_gpe_mult': 2.930682570492249, 'g_gpe_stn_mult': 0.13680053396336164, 'g_stn_gpi_mult': 2.225428118935924, 'g_gpe_gpi_mult': 0.5883382153220742}. Best is trial 142 with value: 0.3181873175738492.
[I 2026-05-29 00:03:57,899] Trial 288 finished with value: 11.337330111372617 and parameters: {'ISTN': 68.76214655199111, 'I_gpe': 1.0798440095205954, 'I_gpi': 2.823648083344338, 'noise_stn_sigma': 5.270405329656046, 'noise_gpe_sigma': 110.8374623716733, 'noise_gpi_sigma': 56.08162541774146, 'g_stn_gpe_mult': 3.2250657169566423, 'g_gpe_stn_mult': 0.18042291486022513, 'g_stn_gpi_mult': 1.8375098876747733, 'g_gpe_gpi_mult': 0.7399221990636122}. Best is trial 142 with value: 0.3181873175738492.
[I 2026-05-29 00:03:58,906] Trial 289 finished with value: 4.8006537178009125 and parameters: {'ISTN': 69.52603791955477, 'I_gpe': 0.9878274064195289, 'I_gpi': 2.4519680485889754, 'noise_stn_sigma': 5.0995988253094096, 'noise_gpe_sigma': 97.7259404681278, 'noise_gpi_sigma': 61.71663736173917, 'g_stn_gpe_mult': 2.710613568908666, 'g_gpe_stn_mult': 0.12019439705511792, 'g_stn_gpi_mult': 1.7019264852474667, 'g_gpe_gpi_mult': 0.866062192915082}. Best is trial 142 with value: 0.3181873175738492.
[I 2026-05-29 00:03:59,913] Trial 290 finished with value: 10.795876232135269 and parameters: {'ISTN': 71.8429323741438, 'I_gpe': 1.3036593761895157, 'I_gpi': 2.8551577397515207, 'noise_stn_sigma': 4.2225517298128805, 'noise_gpe_sigma': 105.60271594147062, 'noise_gpi_sigma': 67.36461821124777, 'g_stn_gpe_mult': 3.1765021541384098, 'g_gpe_stn_mult': 0.1495007710930481, 'g_stn_gpi_mult': 2.3862834616170283, 'g_gpe_gpi_mult': 0.7507029046387059}. Best is trial 142 with value: 0.3181873175738492.
[I 2026-05-29 00:04:00,920] Trial 291 finished with value: 9.130438635587842 and parameters: {'ISTN': 73.53339235216488, 'I_gpe': 1.0994480461081175, 'I_gpi': 3.056113835336528, 'noise_stn_sigma': 5.213633559628106, 'noise_gpe_sigma': 105.23734534374356, 'noise_gpi_sigma': 61.23842876797024, 'g_stn_gpe_mult': 3.187257913479103, 'g_gpe_stn_mult': 0.20736106993698783, 'g_stn_gpi_mult': 2.117734706205224, 'g_gpe_gpi_mult': 0.6689485888630289}. Best is trial 142 with value: 0.3181873175738492.
[I 2026-05-29 00:04:01,929] Trial 292 finished with value: 3.8070007314529333 and parameters: {'ISTN': 69.57452361011103, 'I_gpe': 1.0891580524053228, 'I_gpi': 3.040592246995883, 'noise_stn_sigma': 4.1438972497496405, 'noise_gpe_sigma': 88.99217541382825, 'noise_gpi_sigma': 47.96869563040901, 'g_stn_gpe_mult': 2.7483079352465536, 'g_gpe_stn_mult': 0.1047332530879722, 'g_stn_gpi_mult': 2.073793647929383, 'g_gpe_gpi_mult': 0.6993951988822056}. Best is trial 142 with value: 0.3181873175738492.
[I 2026-05-29 00:04:02,936] Trial 293 finished with value: 5.6711598931927965 and parameters: {'ISTN': 65.86572501288651, 'I_gpe': 1.1568665716368427, 'I_gpi': 2.2875646603841107, 'noise_stn_sigma': 4.480361654844042, 'noise_gpe_sigma': 100.31512620829655, 'noise_gpi_sigma': 57.94951879712326, 'g_stn_gpe_mult': 2.9654137150173776, 'g_gpe_stn_mult': 0.13595683476842674, 'g_stn_gpi_mult': 2.1879366647927467, 'g_gpe_gpi_mult': 0.5939119857489665}. Best is trial 142 with value: 0.3181873175738492.
[I 2026-05-29 00:04:03,943] Trial 294 finished with value: 4.404774272561926 and parameters: {'ISTN': 68.08364877473944, 'I_gpe': 1.3406803055137364, 'I_gpi': 2.5786062111455674, 'noise_stn_sigma': 4.69606129662669, 'noise_gpe_sigma': 104.49609494917016, 'noise_gpi_sigma': 52.082625595227384, 'g_stn_gpe_mult': 2.840025306873798, 'g_gpe_stn_mult': 0.18296277590583115, 'g_stn_gpi_mult': 1.958185834593163, 'g_gpe_gpi_mult': 0.6663187340742938}. Best is trial 142 with value: 0.3181873175738492.
[I 2026-05-29 00:04:04,949] Trial 295 finished with value: 11.328779512069595 and parameters: {'ISTN': 65.11522662375927, 'I_gpe': 1.1892517495804351, 'I_gpi': 2.6880861641214677, 'noise_stn_sigma': 4.528585236099945, 'noise_gpe_sigma': 104.91838919660117, 'noise_gpi_sigma': 62.13258227472512, 'g_stn_gpe_mult': 2.794877751257731, 'g_gpe_stn_mult': 0.2070564691804897, 'g_stn_gpi_mult': 2.1795653068477705, 'g_gpe_gpi_mult': 0.6270068989576849}. Best is trial 142 with value: 0.3181873175738492.
[I 2026-05-29 00:04:05,957] Trial 296 finished with value: 5.747433888762277 and parameters: {'ISTN': 69.0516134875254, 'I_gpe': 1.4773802495468609, 'I_gpi': 2.971297870068244, 'noise_stn_sigma': 4.396439171743457, 'noise_gpe_sigma': 108.55729938858792, 'noise_gpi_sigma': 51.70845619837171, 'g_stn_gpe_mult': 3.286172476596594, 'g_gpe_stn_mult': 0.21810531096817717, 'g_stn_gpi_mult': 2.2757386423822035, 'g_gpe_gpi_mult': 0.6400206894013432}. Best is trial 142 with value: 0.3181873175738492.
[I 2026-05-29 00:04:06,967] Trial 297 finished with value: 6.563968875241023 and parameters: {'ISTN': 72.09213934106577, 'I_gpe': 0.9333594447651258, 'I_gpi': 2.8455794471438356, 'noise_stn_sigma': 4.753289032397143, 'noise_gpe_sigma': 105.99589788241398, 'noise_gpi_sigma': 55.01470614773085, 'g_stn_gpe_mult': 2.5809374424666336, 'g_gpe_stn_mult': 0.18243786610579144, 'g_stn_gpi_mult': 1.8400546472387935, 'g_gpe_gpi_mult': 0.6888145507442449}. Best is trial 142 with value: 0.3181873175738492.
[I 2026-05-29 00:04:07,976] Trial 298 finished with value: 9.51382624978377 and parameters: {'ISTN': 66.8548682708854, 'I_gpe': 1.4070983787874614, 'I_gpi': 2.6425208132543725, 'noise_stn_sigma': 5.1553555868779934, 'noise_gpe_sigma': 104.93806708071921, 'noise_gpi_sigma': 64.99977774946649, 'g_stn_gpe_mult': 3.3117044589649547, 'g_gpe_stn_mult': 0.225225198735677, 'g_stn_gpi_mult': 1.934141562927417, 'g_gpe_gpi_mult': 0.6060145363165177}. Best is trial 142 with value: 0.3181873175738492.
[I 2026-05-29 00:04:08,982] Trial 299 finished with value: 10.804360543801376 and parameters: {'ISTN': 69.83069657059828, 'I_gpe': 1.0155084322013308, 'I_gpi': 2.2865119445589928, 'noise_stn_sigma': 4.265053650800677, 'noise_gpe_sigma': 114.33714651894124, 'noise_gpi_sigma': 54.32366373094974, 'g_stn_gpe_mult': 2.684896202379138, 'g_gpe_stn_mult': 0.1306008503538059, 'g_stn_gpi_mult': 2.0888498675337988, 'g_gpe_gpi_mult': 0.6854827956697559}. Best is trial 142 with value: 0.3181873175738492.
[I 2026-05-29 00:04:09,990] Trial 300 finished with value: 9.486927211857754 and parameters: {'ISTN': 65.4954812398843, 'I_gpe': 1.3849130656244175, 'I_gpi': 2.7398386707309257, 'noise_stn_sigma': 5.397545174848085, 'noise_gpe_sigma': 114.15997779085282, 'noise_gpi_sigma': 60.64635957549046, 'g_stn_gpe_mult': 3.2837664256923884, 'g_gpe_stn_mult': 0.1576450584916928, 'g_stn_gpi_mult': 1.7727861251339645, 'g_gpe_gpi_mult': 0.5763986073224663}. Best is trial 142 with value: 0.3181873175738492.
[I 2026-05-29 00:04:10,998] Trial 301 finished with value: 6.801132000486226 and parameters: {'ISTN': 73.32236236457946, 'I_gpe': 1.2736614608948176, 'I_gpi': 2.7003391468141023, 'noise_stn_sigma': 3.8572732524629707, 'noise_gpe_sigma': 120.253505090122, 'noise_gpi_sigma': 53.118367318296585, 'g_stn_gpe_mult': 3.0172681243913626, 'g_gpe_stn_mult': 0.14950281110770494, 'g_stn_gpi_mult': 2.290259458414392, 'g_gpe_gpi_mult': 0.582749582472286}. Best is trial 142 with value: 0.3181873175738492.
[I 2026-05-29 00:04:12,007] Trial 302 finished with value: 11.150897919350353 and parameters: {'ISTN': 75.78967467769975, 'I_gpe': 1.2775147332418593, 'I_gpi': 2.825059130840909, 'noise_stn_sigma': 5.551618213759008, 'noise_gpe_sigma': 111.43237341080581, 'noise_gpi_sigma': 52.88650130766317, 'g_stn_gpe_mult': 3.0009091241158927, 'g_gpe_stn_mult': 0.1706172948473442, 'g_stn_gpi_mult': 2.076635149050187, 'g_gpe_gpi_mult': 0.6359117061604375}. Best is trial 142 with value: 0.3181873175738492.
[I 2026-05-29 00:04:13,015] Trial 303 finished with value: 5.711502468159201 and parameters: {'ISTN': 68.84894784165718, 'I_gpe': 1.4314142143893007, 'I_gpi': 2.82078842885288, 'noise_stn_sigma': 3.740718087758569, 'noise_gpe_sigma': 84.51903468315817, 'noise_gpi_sigma': 48.88822744032435, 'g_stn_gpe_mult': 2.9508538286704367, 'g_gpe_stn_mult': 0.20304285559241467, 'g_stn_gpi_mult': 1.9061071732596337, 'g_gpe_gpi_mult': 0.6556932389002836}. Best is trial 142 with value: 0.3181873175738492.
[I 2026-05-29 00:04:14,023] Trial 304 finished with value: 5.978807000148844 and parameters: {'ISTN': 71.6338269192398, 'I_gpe': 1.3633951193106806, 'I_gpi': 3.350329670115654, 'noise_stn_sigma': 5.49248824336401, 'noise_gpe_sigma': 97.52339155252756, 'noise_gpi_sigma': 36.08250059071855, 'g_stn_gpe_mult': 2.699293002272866, 'g_gpe_stn_mult': 0.14099589856563835, 'g_stn_gpi_mult': 2.1712938605078564, 'g_gpe_gpi_mult': 0.7435082367869505}. Best is trial 142 with value: 0.3181873175738492.
[I 2026-05-29 00:04:15,032] Trial 305 finished with value: 8.18522184574932 and parameters: {'ISTN': 74.81479531487567, 'I_gpe': 1.0582346521105137, 'I_gpi': 2.684891000125743, 'noise_stn_sigma': 3.8312457010676764, 'noise_gpe_sigma': 100.87397786323734, 'noise_gpi_sigma': 60.37241441223384, 'g_stn_gpe_mult': 2.682157849489109, 'g_gpe_stn_mult': 0.20928639113841394, 'g_stn_gpi_mult': 2.134510384914395, 'g_gpe_gpi_mult': 0.5339928067683999}. Best is trial 142 with value: 0.3181873175738492.
[I 2026-05-29 00:04:16,038] Trial 306 finished with value: 8.18632327162578 and parameters: {'ISTN': 73.74510376798625, 'I_gpe': 1.1540910362880856, 'I_gpi': 3.1474892384267115, 'noise_stn_sigma': 4.1128795022104345, 'noise_gpe_sigma': 115.06526068904185, 'noise_gpi_sigma': 53.61730126616869, 'g_stn_gpe_mult': 2.881438720253711, 'g_gpe_stn_mult': 0.12262163318913002, 'g_stn_gpi_mult': 2.2025384201564657, 'g_gpe_gpi_mult': 0.7256990747514074}. Best is trial 142 with value: 0.3181873175738492.
[I 2026-05-29 00:04:17,048] Trial 307 finished with value: 4.865878931815049 and parameters: {'ISTN': 73.33708392123859, 'I_gpe': 1.1512551371550765, 'I_gpi': 2.6288998076398467, 'noise_stn_sigma': 4.853882610408567, 'noise_gpe_sigma': 112.09807227282977, 'noise_gpi_sigma': 46.036589076853296, 'g_stn_gpe_mult': 2.7425862154204896, 'g_gpe_stn_mult': 0.1598940556790111, 'g_stn_gpi_mult': 2.244705674817209, 'g_gpe_gpi_mult': 0.5241435105046721}. Best is trial 142 with value: 0.3181873175738492.
