[I 2026-05-28 23:11:56,045] Trial 220 finished with value: 13.453539418432285 and parameters: {'ISTN': 72.59950732987022, 'I_gpe': 1.802544809398988, 'I_gpi': 3.0154964092806664, 'noise_stn_sigma': 6.508184889252544, 'noise_gpe_sigma': 123.86780146188707, 'noise_gpi_sigma': 137.59390153954206, 'g_stn_gpe_mult': 2.7867861205948854, 'g_gpe_stn_mult': 0.6009293373744489, 'g_stn_gpi_mult': 3.3085404074671247, 'g_gpe_gpi_mult': 0.8172101831393668}. Best is trial 4 with value: 3.429511868616504.
[I 2026-05-28 23:11:57,053] Trial 221 finished with value: 13.054968908592441 and parameters: {'ISTN': 66.08975911133463, 'I_gpe': 1.7084108798247395, 'I_gpi': 2.5602785563701365, 'noise_stn_sigma': 4.904866596801998, 'noise_gpe_sigma': 139.2945816290126, 'noise_gpi_sigma': 135.85562530223996, 'g_stn_gpe_mult': 3.2474500114635845, 'g_gpe_stn_mult': 0.7311187735548581, 'g_stn_gpi_mult': 2.6242494046747407, 'g_gpe_gpi_mult': 0.9052612210807633}. Best is trial 4 with value: 3.429511868616504.
[I 2026-05-28 23:11:58,060] Trial 222 finished with value: 11.808238519515953 and parameters: {'ISTN': 69.55083721921656, 'I_gpe': 2.0281864748478995, 'I_gpi': 2.6806197337302518, 'noise_stn_sigma': 4.156172011251743, 'noise_gpe_sigma': 138.45527776549136, 'noise_gpi_sigma': 128.9898922793583, 'g_stn_gpe_mult': 2.9782719411929746, 'g_gpe_stn_mult': 0.6044021914816072, 'g_stn_gpi_mult': 2.587395187303656, 'g_gpe_gpi_mult': 1.0045355422846982}. Best is trial 4 with value: 3.429511868616504.
[I 2026-05-28 23:11:59,069] Trial 223 finished with value: 10.605390256639868 and parameters: {'ISTN': 63.29394746190607, 'I_gpe': 2.1903162211199367, 'I_gpi': 2.9497815048249776, 'noise_stn_sigma': 4.895474733257899, 'noise_gpe_sigma': 119.45582576882454, 'noise_gpi_sigma': 139.6108002647515, 'g_stn_gpe_mult': 2.814760560331904, 'g_gpe_stn_mult': 0.6138209441421683, 'g_stn_gpi_mult': 3.1917837873493933, 'g_gpe_gpi_mult': 0.8021107608808176}. Best is trial 4 with value: 3.429511868616504.
[I 2026-05-28 23:12:00,077] Trial 224 finished with value: 15.259087571559794 and parameters: {'ISTN': 75.71941216858914, 'I_gpe': 2.4400609936146656, 'I_gpi': 2.6619841467240883, 'noise_stn_sigma': 4.280166471606813, 'noise_gpe_sigma': 145.0408619784873, 'noise_gpi_sigma': 111.00992541616529, 'g_stn_gpe_mult': 2.7914052713344626, 'g_gpe_stn_mult': 0.6605136755309283, 'g_stn_gpi_mult': 3.1161989502137093, 'g_gpe_gpi_mult': 0.9178698641087071}. Best is trial 4 with value: 3.429511868616504.
[I 2026-05-28 23:12:01,082] Trial 225 finished with value: 14.752504517097575 and parameters: {'ISTN': 64.232712243991, 'I_gpe': 2.069440741181981, 'I_gpi': 2.744848959900165, 'noise_stn_sigma': 6.069488905999847, 'noise_gpe_sigma': 140.41107339003062, 'noise_gpi_sigma': 104.3043468300749, 'g_stn_gpe_mult': 2.701509878603969, 'g_gpe_stn_mult': 0.7906465706111145, 'g_stn_gpi_mult': 3.548809833965434, 'g_gpe_gpi_mult': 0.8404485183472801}. Best is trial 4 with value: 3.429511868616504.
[I 2026-05-28 23:12:02,090] Trial 226 finished with value: 11.276171438783242 and parameters: {'ISTN': 71.88917532333555, 'I_gpe': 1.9827050312627539, 'I_gpi': 2.2167397729182596, 'noise_stn_sigma': 3.8720329981776076, 'noise_gpe_sigma': 130.51869361980192, 'noise_gpi_sigma': 135.3657581492773, 'g_stn_gpe_mult': 3.039815386462741, 'g_gpe_stn_mult': 0.7060369049868547, 'g_stn_gpi_mult': 2.9585313537580347, 'g_gpe_gpi_mult': 0.9465527060649015}. Best is trial 4 with value: 3.429511868616504.
[I 2026-05-28 23:12:03,097] Trial 227 finished with value: 11.330908462521036 and parameters: {'ISTN': 62.08353167975464, 'I_gpe': 2.3991272094674168, 'I_gpi': 2.9152514346644454, 'noise_stn_sigma': 4.867590179738772, 'noise_gpe_sigma': 115.71448140563987, 'noise_gpi_sigma': 149.60417906427492, 'g_stn_gpe_mult': 3.2918529393773266, 'g_gpe_stn_mult': 0.5852574374565384, 'g_stn_gpi_mult': 3.3224217392989317, 'g_gpe_gpi_mult': 0.9206416177060814}. Best is trial 4 with value: 3.429511868616504.
[I 2026-05-28 23:12:04,105] Trial 228 finished with value: 8.01090163159382 and parameters: {'ISTN': 64.81762144903688, 'I_gpe': 2.219681297254889, 'I_gpi': 1.6022333223849758, 'noise_stn_sigma': 5.612214714631983, 'noise_gpe_sigma': 123.49327584247216, 'noise_gpi_sigma': 128.23499903680266, 'g_stn_gpe_mult': 2.8603955817493896, 'g_gpe_stn_mult': 0.673523066259116, 'g_stn_gpi_mult': 2.845652153325621, 'g_gpe_gpi_mult': 0.9738888651104185}. Best is trial 4 with value: 3.429511868616504.
[I 2026-05-28 23:12:05,111] Trial 229 finished with value: 11.460003695417335 and parameters: {'ISTN': 69.95269107689408, 'I_gpe': 2.451724818077053, 'I_gpi': 2.268588550784181, 'noise_stn_sigma': 4.6527537706594, 'noise_gpe_sigma': 130.42003583803313, 'noise_gpi_sigma': 103.84834691633519, 'g_stn_gpe_mult': 2.527399563593631, 'g_gpe_stn_mult': 0.735638471501201, 'g_stn_gpi_mult': 3.2320311614856223, 'g_gpe_gpi_mult': 0.9034480245761851}. Best is trial 4 with value: 3.429511868616504.
[I 2026-05-28 23:12:06,117] Trial 230 finished with value: 14.556607530166009 and parameters: {'ISTN': 67.57716509083133, 'I_gpe': 2.443192537807067, 'I_gpi': 2.688454150504973, 'noise_stn_sigma': 4.163051193902085, 'noise_gpe_sigma': 119.8894875927425, 'noise_gpi_sigma': 117.82750758915763, 'g_stn_gpe_mult': 3.293267365571821, 'g_gpe_stn_mult': 0.6630036627946081, 'g_stn_gpi_mult': 3.260139205903406, 'g_gpe_gpi_mult': 0.9876504894552367}. Best is trial 4 with value: 3.429511868616504.
[I 2026-05-28 23:12:07,125] Trial 231 finished with value: 10.40683577683015 and parameters: {'ISTN': 66.25742659762096, 'I_gpe': 2.2502426979358505, 'I_gpi': 1.8908763952592764, 'noise_stn_sigma': 4.696883652587931, 'noise_gpe_sigma': 111.5152414724849, 'noise_gpi_sigma': 100.28425956342096, 'g_stn_gpe_mult': 2.8661090343591358, 'g_gpe_stn_mult': 0.7167227294536778, 'g_stn_gpi_mult': 3.195529402686883, 'g_gpe_gpi_mult': 1.0030161246982734}. Best is trial 4 with value: 3.429511868616504.
[I 2026-05-28 23:12:08,132] Trial 232 finished with value: 11.279563133155808 and parameters: {'ISTN': 67.02362045826837, 'I_gpe': 2.4263909802485606, 'I_gpi': 2.251263947536735, 'noise_stn_sigma': 5.360750394566408, 'noise_gpe_sigma': 123.48565234636057, 'noise_gpi_sigma': 147.83805770952492, 'g_stn_gpe_mult': 2.6627636456876322, 'g_gpe_stn_mult': 0.656123322115893, 'g_stn_gpi_mult': 2.8128264875953906, 'g_gpe_gpi_mult': 0.9947262474106227}. Best is trial 4 with value: 3.429511868616504.
[I 2026-05-28 23:12:09,138] Trial 233 finished with value: 12.602849885943103 and parameters: {'ISTN': 60.285144352671146, 'I_gpe': 1.9563302099518831, 'I_gpi': 2.007959432465186, 'noise_stn_sigma': 3.91074783708625, 'noise_gpe_sigma': 115.3856441470028, 'noise_gpi_sigma': 136.0548043862656, 'g_stn_gpe_mult': 3.1354054528759328, 'g_gpe_stn_mult': 0.624155242375564, 'g_stn_gpi_mult': 3.2770112198786223, 'g_gpe_gpi_mult': 0.9061092973573717}. Best is trial 4 with value: 3.429511868616504.
[I 2026-05-28 23:12:10,146] Trial 234 finished with value: 11.547034455693458 and parameters: {'ISTN': 77.54097301442161, 'I_gpe': 2.170746267127469, 'I_gpi': 2.2371947926944697, 'noise_stn_sigma': 5.165844026749484, 'noise_gpe_sigma': 127.79232489044627, 'noise_gpi_sigma': 144.74360418418877, 'g_stn_gpe_mult': 2.8927213102458245, 'g_gpe_stn_mult': 0.7396844463602915, 'g_stn_gpi_mult': 3.080451841952391, 'g_gpe_gpi_mult': 0.9160543808355874}. Best is trial 4 with value: 3.429511868616504.
[I 2026-05-28 23:12:11,155] Trial 235 finished with value: 14.531028429823687 and parameters: {'ISTN': 67.68749578961223, 'I_gpe': 2.2859559132256737, 'I_gpi': 2.4610884678776266, 'noise_stn_sigma': 5.598480450108209, 'noise_gpe_sigma': 118.20717112812144, 'noise_gpi_sigma': 116.98268577420808, 'g_stn_gpe_mult': 2.6105702278539207, 'g_gpe_stn_mult': 0.622989455740139, 'g_stn_gpi_mult': 3.5256874951356076, 'g_gpe_gpi_mult': 0.9714816161239197}. Best is trial 4 with value: 3.429511868616504.
[I 2026-05-28 23:12:12,164] Trial 236 finished with value: 10.633095485036563 and parameters: {'ISTN': 66.09853404857185, 'I_gpe': 2.1952833517378845, 'I_gpi': 2.415972119068618, 'noise_stn_sigma': 6.26351183734576, 'noise_gpe_sigma': 106.09516097723503, 'noise_gpi_sigma': 143.555371419737, 'g_stn_gpe_mult': 2.9256591149848354, 'g_gpe_stn_mult': 0.7187991669062586, 'g_stn_gpi_mult': 3.493515330855221, 'g_gpe_gpi_mult': 0.9649550826819997}. Best is trial 4 with value: 3.429511868616504.
[I 2026-05-28 23:12:13,171] Trial 237 finished with value: 12.566061485849417 and parameters: {'ISTN': 67.24794010583312, 'I_gpe': 1.8323931662639725, 'I_gpi': 2.7155597197942356, 'noise_stn_sigma': 5.37905201455291, 'noise_gpe_sigma': 136.402712579274, 'noise_gpi_sigma': 141.83971650564436, 'g_stn_gpe_mult': 3.0747831939937518, 'g_gpe_stn_mult': 0.6043606721019454, 'g_stn_gpi_mult': 2.7207203590540927, 'g_gpe_gpi_mult': 0.8595643069829688}. Best is trial 4 with value: 3.429511868616504.
[I 2026-05-28 23:12:14,180] Trial 238 finished with value: 9.874800692209604 and parameters: {'ISTN': 62.87991126655396, 'I_gpe': 2.3236145999681077, 'I_gpi': 2.754973777719596, 'noise_stn_sigma': 5.822130678042284, 'noise_gpe_sigma': 121.55862447240932, 'noise_gpi_sigma': 123.32411775661946, 'g_stn_gpe_mult': 2.315281139923503, 'g_gpe_stn_mult': 0.6161357211827017, 'g_stn_gpi_mult': 2.950768615426989, 'g_gpe_gpi_mult': 0.846144024119641}. Best is trial 4 with value: 3.429511868616504.
[I 2026-05-28 23:12:15,189] Trial 239 finished with value: 9.57856073125972 and parameters: {'ISTN': 69.53177896426715, 'I_gpe': 2.338162579260634, 'I_gpi': 2.0971297282170984, 'noise_stn_sigma': 6.5218072092308175, 'noise_gpe_sigma': 122.96866998874665, 'noise_gpi_sigma': 147.9284165966332, 'g_stn_gpe_mult': 3.097210476195386, 'g_gpe_stn_mult': 0.7386205673071333, 'g_stn_gpi_mult': 3.4063807135592263, 'g_gpe_gpi_mult': 1.0546177302947939}. Best is trial 4 with value: 3.429511868616504.
[I 2026-05-28 23:12:16,198] Trial 240 finished with value: 16.60839026913548 and parameters: {'ISTN': 70.58969397095855, 'I_gpe': 2.6829795315304104, 'I_gpi': 1.9474381972738517, 'noise_stn_sigma': 5.664501320277341, 'noise_gpe_sigma': 142.12115349153748, 'noise_gpi_sigma': 141.1735867841664, 'g_stn_gpe_mult': 2.6970034247841577, 'g_gpe_stn_mult': 0.5435265371582204, 'g_stn_gpi_mult': 2.6097313935108204, 'g_gpe_gpi_mult': 0.7945936647561258}. Best is trial 4 with value: 3.429511868616504.
[I 2026-05-28 23:12:17,207] Trial 241 finished with value: 9.36227784689139 and parameters: {'ISTN': 63.075755811728534, 'I_gpe': 2.009399429895259, 'I_gpi': 2.232819689797807, 'noise_stn_sigma': 7.341267316147459, 'noise_gpe_sigma': 113.37037056065756, 'noise_gpi_sigma': 139.8201111127925, 'g_stn_gpe_mult': 3.239785748862886, 'g_gpe_stn_mult': 0.7382073219594231, 'g_stn_gpi_mult': 3.7910262834603214, 'g_gpe_gpi_mult': 0.9859209142137186}. Best is trial 4 with value: 3.429511868616504.
[I 2026-05-28 23:12:18,217] Trial 242 finished with value: 9.783334095942052 and parameters: {'ISTN': 65.03503462287169, 'I_gpe': 2.3019520199393826, 'I_gpi': 2.2864229765939896, 'noise_stn_sigma': 5.8929007500708375, 'noise_gpe_sigma': 111.38406805274481, 'noise_gpi_sigma': 127.65904423019654, 'g_stn_gpe_mult': 3.2403347043416213, 'g_gpe_stn_mult': 0.689800568349465, 'g_stn_gpi_mult': 3.408639406941704, 'g_gpe_gpi_mult': 0.9330300898481725}. Best is trial 4 with value: 3.429511868616504.
[I 2026-05-28 23:12:19,223] Trial 243 finished with value: 12.406838037631925 and parameters: {'ISTN': 66.2434361152438, 'I_gpe': 2.3444934570474665, 'I_gpi': 2.1717885212344634, 'noise_stn_sigma': 6.732256926800419, 'noise_gpe_sigma': 110.99916781377436, 'noise_gpi_sigma': 128.5203949778611, 'g_stn_gpe_mult': 2.869876628133012, 'g_gpe_stn_mult': 0.6416903610250015, 'g_stn_gpi_mult': 3.6588010238779356, 'g_gpe_gpi_mult': 0.9556994983696852}. Best is trial 4 with value: 3.429511868616504.
[I 2026-05-28 23:12:20,227] Trial 244 finished with value: 17.598013228214516 and parameters: {'ISTN': 65.57773829163072, 'I_gpe': 2.6483607850399244, 'I_gpi': 2.697062737250418, 'noise_stn_sigma': 7.315179369838763, 'noise_gpe_sigma': 128.63250881435872, 'noise_gpi_sigma': 116.1812983458817, 'g_stn_gpe_mult': 2.3689232293758953, 'g_gpe_stn_mult': 0.7667659808731202, 'g_stn_gpi_mult': 3.7312292281835764, 'g_gpe_gpi_mult': 1.0101881367901235}. Best is trial 4 with value: 3.429511868616504.
[I 2026-05-28 23:12:21,234] Trial 245 finished with value: 10.382315410047156 and parameters: {'ISTN': 70.99124441540566, 'I_gpe': 2.0038467693373785, 'I_gpi': 1.6700332061696894, 'noise_stn_sigma': 6.404405087419466, 'noise_gpe_sigma': 116.73615855186426, 'noise_gpi_sigma': 124.57295079860495, 'g_stn_gpe_mult': 3.091374527263296, 'g_gpe_stn_mult': 0.687242549645675, 'g_stn_gpi_mult': 2.6775173466872357, 'g_gpe_gpi_mult': 1.0313921957293766}. Best is trial 4 with value: 3.429511868616504.
[I 2026-05-28 23:12:22,242] Trial 246 finished with value: 10.88561523411307 and parameters: {'ISTN': 71.71368557050583, 'I_gpe': 2.379812987755253, 'I_gpi': 1.9737721238868733, 'noise_stn_sigma': 5.079427263926238, 'noise_gpe_sigma': 97.78882820251594, 'noise_gpi_sigma': 131.66109341033808, 'g_stn_gpe_mult': 2.627293690527557, 'g_gpe_stn_mult': 0.7479517314863511, 'g_stn_gpi_mult': 3.5203005739294615, 'g_gpe_gpi_mult': 0.8815308489778186}. Best is trial 4 with value: 3.429511868616504.
[I 2026-05-28 23:12:23,250] Trial 247 finished with value: 15.219839247129517 and parameters: {'ISTN': 75.82577145508344, 'I_gpe': 2.7168541858982698, 'I_gpi': 1.8106228640866238, 'noise_stn_sigma': 4.4272061426550815, 'noise_gpe_sigma': 96.26272962722574, 'noise_gpi_sigma': 124.2731102037412, 'g_stn_gpe_mult': 2.349229361245463, 'g_gpe_stn_mult': 0.6872833323915547, 'g_stn_gpi_mult': 3.1625880287860304, 'g_gpe_gpi_mult': 0.9534404911292884}. Best is trial 4 with value: 3.429511868616504.
[I 2026-05-28 23:12:24,257] Trial 248 finished with value: 10.886614662416168 and parameters: {'ISTN': 74.61916262135713, 'I_gpe': 2.4007798400606717, 'I_gpi': 2.0903082115983143, 'noise_stn_sigma': 6.478705547652417, 'noise_gpe_sigma': 140.77609195135653, 'noise_gpi_sigma': 130.38390249641236, 'g_stn_gpe_mult': 2.668677496249977, 'g_gpe_stn_mult': 0.7813575072973384, 'g_stn_gpi_mult': 3.018837993972852, 'g_gpe_gpi_mult': 1.0865116362946463}. Best is trial 4 with value: 3.429511868616504.
[I 2026-05-28 23:12:25,262] Trial 249 finished with value: 10.926560691326578 and parameters: {'ISTN': 73.8951910689082, 'I_gpe': 2.3568762162951087, 'I_gpi': 2.039846953780118, 'noise_stn_sigma': 5.948859379893322, 'noise_gpe_sigma': 117.55666801824013, 'noise_gpi_sigma': 123.5716895927439, 'g_stn_gpe_mult': 2.6182821301018078, 'g_gpe_stn_mult': 0.7759543037922004, 'g_stn_gpi_mult': 3.4372087225955736, 'g_gpe_gpi_mult': 1.0446660183933603}. Best is trial 4 with value: 3.429511868616504.
[I 2026-05-28 23:12:26,269] Trial 250 finished with value: 13.16218491755434 and parameters: {'ISTN': 69.6513482724776, 'I_gpe': 2.3848492751596684, 'I_gpi': 2.032599925270154, 'noise_stn_sigma': 6.391350453509761, 'noise_gpe_sigma': 107.15193077082027, 'noise_gpi_sigma': 120.95028197801045, 'g_stn_gpe_mult': 2.718907178833485, 'g_gpe_stn_mult': 0.7764490783073933, 'g_stn_gpi_mult': 2.866711575835404, 'g_gpe_gpi_mult': 0.9937704919721027}. Best is trial 4 with value: 3.429511868616504.
[I 2026-05-28 23:12:27,278] Trial 251 finished with value: 13.054876412609556 and parameters: {'ISTN': 61.98566476396507, 'I_gpe': 1.776205940105235, 'I_gpi': 2.0812477409829855, 'noise_stn_sigma': 6.9136878071511605, 'noise_gpe_sigma': 93.26828763171976, 'noise_gpi_sigma': 136.58541696682832, 'g_stn_gpe_mult': 3.0281506656327655, 'g_gpe_stn_mult': 0.6215183368354872, 'g_stn_gpi_mult': 2.924943615679735, 'g_gpe_gpi_mult': 0.9308903075788024}. Best is trial 4 with value: 3.429511868616504.
[I 2026-05-28 23:12:28,284] Trial 252 finished with value: 12.290076635942482 and parameters: {'ISTN': 76.86028884407432, 'I_gpe': 2.2770825928951277, 'I_gpi': 2.288293284343752, 'noise_stn_sigma': 6.142951049211001, 'noise_gpe_sigma': 122.88985753542218, 'noise_gpi_sigma': 107.55163353972904, 'g_stn_gpe_mult': 3.4956364967457443, 'g_gpe_stn_mult': 0.764379513050491, 'g_stn_gpi_mult': 3.623292560160393, 'g_gpe_gpi_mult': 0.8808938326637932}. Best is trial 4 with value: 3.429511868616504.
[I 2026-05-28 23:12:29,290] Trial 253 finished with value: 16.113327676291753 and parameters: {'ISTN': 75.55075203745098, 'I_gpe': 2.570444170508134, 'I_gpi': 2.2678113317912567, 'noise_stn_sigma': 6.168387896892301, 'noise_gpe_sigma': 122.30059361181088, 'noise_gpi_sigma': 131.21857968276117, 'g_stn_gpe_mult': 2.907506191004674, 'g_gpe_stn_mult': 0.7851583529183326, 'g_stn_gpi_mult': 3.3565863174852835, 'g_gpe_gpi_mult': 0.8468518809580599}. Best is trial 4 with value: 3.429511868616504.
[I 2026-05-28 23:12:30,297] Trial 254 finished with value: 12.879916647345695 and parameters: {'ISTN': 68.95744658453802, 'I_gpe': 2.6562558827163434, 'I_gpi': 2.836551433904389, 'noise_stn_sigma': 6.3029587223238215, 'noise_gpe_sigma': 120.74159504351006, 'noise_gpi_sigma': 146.95988747846746, 'g_stn_gpe_mult': 3.1988875015593443, 'g_gpe_stn_mult': 0.6371925491097061, 'g_stn_gpi_mult': 3.341528874601613, 'g_gpe_gpi_mult': 0.906026260035053}. Best is trial 4 with value: 3.429511868616504.
[I 2026-05-28 23:12:31,303] Trial 255 finished with value: 8.328907685310535 and parameters: {'ISTN': 70.64316639976788, 'I_gpe': 2.4176118778460154, 'I_gpi': 1.9950720708347607, 'noise_stn_sigma': 5.763359353295914, 'noise_gpe_sigma': 130.81960152856826, 'noise_gpi_sigma': 124.49299987877609, 'g_stn_gpe_mult': 2.8140497542554224, 'g_gpe_stn_mult': 0.7712735780243631, 'g_stn_gpi_mult': 3.111839695235294, 'g_gpe_gpi_mult': 0.9693900659498726}. Best is trial 4 with value: 3.429511868616504.
[I 2026-05-28 23:12:32,309] Trial 256 finished with value: 14.362313524346254 and parameters: {'ISTN': 60.29296111206051, 'I_gpe': 2.511226752889599, 'I_gpi': 2.155061180723055, 'noise_stn_sigma': 6.898559321164801, 'noise_gpe_sigma': 111.07541005288455, 'noise_gpi_sigma': 104.0110070952568, 'g_stn_gpe_mult': 2.452575358677885, 'g_gpe_stn_mult': 0.7254130517344893, 'g_stn_gpi_mult': 3.434889880922789, 'g_gpe_gpi_mult': 1.000023223753523}. Best is trial 4 with value: 3.429511868616504.
[I 2026-05-28 23:12:33,312] Trial 257 finished with value: 16.601013889371348 and parameters: {'ISTN': 66.52485823457904, 'I_gpe': 2.5054884942358027, 'I_gpi': 2.224700579344823, 'noise_stn_sigma': 6.777008648890337, 'noise_gpe_sigma': 113.43361753511512, 'noise_gpi_sigma': 114.4458567485227, 'g_stn_gpe_mult': 2.644992982228561, 'g_gpe_stn_mult': 0.7865944976883223, 'g_stn_gpi_mult': 3.5764156088144254, 'g_gpe_gpi_mult': 0.9329013756700928}. Best is trial 4 with value: 3.429511868616504.
[I 2026-05-28 23:12:34,320] Trial 258 finished with value: 13.817080748452211 and parameters: {'ISTN': 74.46509234330762, 'I_gpe': 2.0815191126774395, 'I_gpi': 2.667583386739514, 'noise_stn_sigma': 5.9458419715059465, 'noise_gpe_sigma': 118.08691959599365, 'noise_gpi_sigma': 140.31478664121744, 'g_stn_gpe_mult': 3.2692575684122396, 'g_gpe_stn_mult': 0.6885285196034278, 'g_stn_gpi_mult': 3.7743995838896844, 'g_gpe_gpi_mult': 1.0434370601358192}. Best is trial 4 with value: 3.429511868616504.
[I 2026-05-28 23:12:35,323] Trial 259 finished with value: 14.945430420250727 and parameters: {'ISTN': 68.26620142137371, 'I_gpe': 2.483540819931191, 'I_gpi': 1.9140441598475375, 'noise_stn_sigma': 6.4378684414369225, 'noise_gpe_sigma': 117.70930143410847, 'noise_gpi_sigma': 141.57591727041012, 'g_stn_gpe_mult': 3.1119461361852707, 'g_gpe_stn_mult': 0.7843609235482562, 'g_stn_gpi_mult': 3.722137049744095, 'g_gpe_gpi_mult': 0.9168320760556765}. Best is trial 4 with value: 3.429511868616504.
[I 2026-05-28 23:12:36,329] Trial 260 finished with value: 11.767023938123724 and parameters: {'ISTN': 66.55155095223019, 'I_gpe': 2.1388052740144126, 'I_gpi': 2.078243018874585, 'noise_stn_sigma': 5.843499588531725, 'noise_gpe_sigma': 107.57641656104985, 'noise_gpi_sigma': 132.9653383414703, 'g_stn_gpe_mult': 3.1274447499522395, 'g_gpe_stn_mult': 0.6242823618486839, 'g_stn_gpi_mult': 3.939663993975204, 'g_gpe_gpi_mult': 1.0399211477925452}. Best is trial 4 with value: 3.429511868616504.
[I 2026-05-28 23:12:37,337] Trial 261 finished with value: 14.318477806565497 and parameters: {'ISTN': 68.05104934905314, 'I_gpe': 2.4221706833365197, 'I_gpi': 1.7503847845849279, 'noise_stn_sigma': 6.481949777806614, 'noise_gpe_sigma': 122.5619980547862, 'noise_gpi_sigma': 138.8213820106284, 'g_stn_gpe_mult': 3.271723827795907, 'g_gpe_stn_mult': 0.7451886190134567, 'g_stn_gpi_mult': 3.301750563353613, 'g_gpe_gpi_mult': 0.9273406785839431}. Best is trial 4 with value: 3.429511868616504.
[I 2026-05-28 23:12:38,344] Trial 262 finished with value: 12.877107308055052 and parameters: {'ISTN': 67.2961244008102, 'I_gpe': 2.0326003585349097, 'I_gpi': 2.0773788907952455, 'noise_stn_sigma': 5.325972086858015, 'noise_gpe_sigma': 114.88388666406085, 'noise_gpi_sigma': 142.57477761490645, 'g_stn_gpe_mult': 3.1378487949266356, 'g_gpe_stn_mult': 0.6233464879699584, 'g_stn_gpi_mult': 3.619532245598796, 'g_gpe_gpi_mult': 0.9132885402218358}. Best is trial 4 with value: 3.429511868616504.
[I 2026-05-28 23:12:39,350] Trial 263 finished with value: 14.368717420080653 and parameters: {'ISTN': 68.68517192966647, 'I_gpe': 2.4185515657164354, 'I_gpi': 1.6003868200575522, 'noise_stn_sigma': 6.166351426477082, 'noise_gpe_sigma': 126.28729600231156, 'noise_gpi_sigma': 126.81368538699877, 'g_stn_gpe_mult': 3.0868973953482524, 'g_gpe_stn_mult': 0.7646334552071278, 'g_stn_gpi_mult': 3.0113388556980296, 'g_gpe_gpi_mult': 0.9100435181449336}. Best is trial 4 with value: 3.429511868616504.
