[I 2026-05-28 23:11:11,726] Trial 176 finished with value: 11.590993133875509 and parameters: {'ISTN': 65.92167085221567, 'I_gpe': 1.9579061231369523, 'I_gpi': 2.797106757050618, 'noise_stn_sigma': 7.062468311994816, 'noise_gpe_sigma': 131.70270758326936, 'noise_gpi_sigma': 143.2205356069258, 'g_stn_gpe_mult': 2.9871629740646704, 'g_gpe_stn_mult': 0.7218504602720567, 'g_stn_gpi_mult': 2.760216882785402, 'g_gpe_gpi_mult': 0.9388226848101493}. Best is trial 4 with value: 3.429511868616504.
[I 2026-05-28 23:11:12,734] Trial 177 finished with value: 9.042689883338143 and parameters: {'ISTN': 66.64642189651647, 'I_gpe': 1.5899454835768123, 'I_gpi': 2.6094262263906907, 'noise_stn_sigma': 7.127346253231432, 'noise_gpe_sigma': 129.35567007515056, 'noise_gpi_sigma': 141.40633578662013, 'g_stn_gpe_mult': 2.745172156488603, 'g_gpe_stn_mult': 0.7023082331513599, 'g_stn_gpi_mult': 3.332123062335314, 'g_gpe_gpi_mult': 1.067150148990134}. Best is trial 4 with value: 3.429511868616504.
[I 2026-05-28 23:11:13,742] Trial 178 finished with value: 12.654307275940372 and parameters: {'ISTN': 77.80193344137982, 'I_gpe': 1.9110816219017503, 'I_gpi': 2.727208274451743, 'noise_stn_sigma': 5.53043896352877, 'noise_gpe_sigma': 128.71362097476674, 'noise_gpi_sigma': 118.4537620052735, 'g_stn_gpe_mult': 2.2964708306429538, 'g_gpe_stn_mult': 0.7045127128717632, 'g_stn_gpi_mult': 3.7012502009548593, 'g_gpe_gpi_mult': 1.076923758628994}. Best is trial 4 with value: 3.429511868616504.
[I 2026-05-28 23:11:14,748] Trial 179 finished with value: 9.47962536702501 and parameters: {'ISTN': 60.48173963479501, 'I_gpe': 1.927202687134695, 'I_gpi': 2.8153909377800517, 'noise_stn_sigma': 4.360462235467425, 'noise_gpe_sigma': 123.51855319910408, 'noise_gpi_sigma': 139.19473339509923, 'g_stn_gpe_mult': 2.81891990365872, 'g_gpe_stn_mult': 0.5412696003422388, 'g_stn_gpi_mult': 3.1517017554257833, 'g_gpe_gpi_mult': 0.6118097259322752}. Best is trial 4 with value: 3.429511868616504.
[I 2026-05-28 23:11:15,753] Trial 180 finished with value: 6.609294321224495 and parameters: {'ISTN': 62.4927397691782, 'I_gpe': 1.7044203408158471, 'I_gpi': 2.394071721528194, 'noise_stn_sigma': 6.478573532715059, 'noise_gpe_sigma': 113.33323472380125, 'noise_gpi_sigma': 129.67272568008354, 'g_stn_gpe_mult': 3.2194379080186293, 'g_gpe_stn_mult': 0.7893497671256171, 'g_stn_gpi_mult': 3.4236364382300524, 'g_gpe_gpi_mult': 1.0116545131193655}. Best is trial 4 with value: 3.429511868616504.
[I 2026-05-28 23:11:16,759] Trial 181 finished with value: 14.460160851801303 and parameters: {'ISTN': 74.71737817582715, 'I_gpe': 1.4866172264674256, 'I_gpi': 2.0573842724732962, 'noise_stn_sigma': 6.944427263193735, 'noise_gpe_sigma': 127.15757732271318, 'noise_gpi_sigma': 98.94419739503981, 'g_stn_gpe_mult': 3.483892920040025, 'g_gpe_stn_mult': 0.6552922698351242, 'g_stn_gpi_mult': 3.443280640463783, 'g_gpe_gpi_mult': 1.1253187823487552}. Best is trial 4 with value: 3.429511868616504.
[I 2026-05-28 23:11:17,764] Trial 182 finished with value: 13.886031838767385 and parameters: {'ISTN': 72.82094152738404, 'I_gpe': 1.5214384978658224, 'I_gpi': 2.488909577211222, 'noise_stn_sigma': 6.197859936023672, 'noise_gpe_sigma': 121.94071909525061, 'noise_gpi_sigma': 110.053020851686, 'g_stn_gpe_mult': 3.555681153614925, 'g_gpe_stn_mult': 0.7326551472543675, 'g_stn_gpi_mult': 3.4372951121344135, 'g_gpe_gpi_mult': 0.7934126536937727}. Best is trial 4 with value: 3.429511868616504.
[I 2026-05-28 23:11:18,772] Trial 183 finished with value: 14.990658753122078 and parameters: {'ISTN': 69.61494590421105, 'I_gpe': 1.7872395510478314, 'I_gpi': 2.7648445782227706, 'noise_stn_sigma': 6.107976777936347, 'noise_gpe_sigma': 128.47696604875756, 'noise_gpi_sigma': 130.68052941154178, 'g_stn_gpe_mult': 2.586234525774871, 'g_gpe_stn_mult': 0.7039220711836667, 'g_stn_gpi_mult': 3.1484013855211614, 'g_gpe_gpi_mult': 0.9987018468666029}. Best is trial 4 with value: 3.429511868616504.
[I 2026-05-28 23:11:19,776] Trial 184 finished with value: 12.817247634952293 and parameters: {'ISTN': 76.66568081788148, 'I_gpe': 1.4119813938138306, 'I_gpi': 2.351246021821452, 'noise_stn_sigma': 5.386356120470713, 'noise_gpe_sigma': 134.87319018569852, 'noise_gpi_sigma': 115.99179849462115, 'g_stn_gpe_mult': 1.775342483946933, 'g_gpe_stn_mult': 0.7815369960226524, 'g_stn_gpi_mult': 3.852084730410332, 'g_gpe_gpi_mult': 1.1078716197342313}. Best is trial 4 with value: 3.429511868616504.
[I 2026-05-28 23:11:20,784] Trial 185 finished with value: 11.15970755414826 and parameters: {'ISTN': 74.32280993746221, 'I_gpe': 2.015103884390024, 'I_gpi': 2.238496305332183, 'noise_stn_sigma': 6.523978581580417, 'noise_gpe_sigma': 130.8918074713237, 'noise_gpi_sigma': 142.1506934107494, 'g_stn_gpe_mult': 3.0674737710025313, 'g_gpe_stn_mult': 0.7035353817917348, 'g_stn_gpi_mult': 3.401208539809383, 'g_gpe_gpi_mult': 0.8375000396032608}. Best is trial 4 with value: 3.429511868616504.
[I 2026-05-28 23:11:21,792] Trial 186 finished with value: 5.704709494971309 and parameters: {'ISTN': 64.96080296304304, 'I_gpe': 2.1371051312051996, 'I_gpi': 2.0244293150450874, 'noise_stn_sigma': 5.390105827227988, 'noise_gpe_sigma': 127.3161398464623, 'noise_gpi_sigma': 122.61507098879787, 'g_stn_gpe_mult': 3.493511227411302, 'g_gpe_stn_mult': 0.6878267711530734, 'g_stn_gpi_mult': 3.4847345141251584, 'g_gpe_gpi_mult': 0.9250709371897097}. Best is trial 4 with value: 3.429511868616504.
[I 2026-05-28 23:11:22,796] Trial 187 finished with value: 14.234406568317464 and parameters: {'ISTN': 61.215241038592374, 'I_gpe': 1.9465888880561442, 'I_gpi': 2.171741962773726, 'noise_stn_sigma': 6.859959912704693, 'noise_gpe_sigma': 106.72179223334535, 'noise_gpi_sigma': 128.23942569062942, 'g_stn_gpe_mult': 3.1412825345521584, 'g_gpe_stn_mult': 0.6408504370363142, 'g_stn_gpi_mult': 3.6429774782874214, 'g_gpe_gpi_mult': 1.0094305940073287}. Best is trial 4 with value: 3.429511868616504.
[I 2026-05-28 23:11:23,802] Trial 188 finished with value: 12.598748969079445 and parameters: {'ISTN': 62.33571135322354, 'I_gpe': 1.6587128461122267, 'I_gpi': 1.6935924276996623, 'noise_stn_sigma': 5.101092938542242, 'noise_gpe_sigma': 103.31515005787165, 'noise_gpi_sigma': 146.8705125293405, 'g_stn_gpe_mult': 3.070479966257308, 'g_gpe_stn_mult': 0.5526574655342438, 'g_stn_gpi_mult': 3.228926676118098, 'g_gpe_gpi_mult': 0.9923043228476203}. Best is trial 4 with value: 3.429511868616504.
[I 2026-05-28 23:11:24,810] Trial 189 finished with value: 11.43441229487984 and parameters: {'ISTN': 66.1416477501164, 'I_gpe': 1.6454589559936226, 'I_gpi': 1.4998030813944754, 'noise_stn_sigma': 5.7360222974683035, 'noise_gpe_sigma': 112.53797636212337, 'noise_gpi_sigma': 128.24207658745075, 'g_stn_gpe_mult': 3.6744740211360454, 'g_gpe_stn_mult': 0.6404565508340527, 'g_stn_gpi_mult': 2.6794061583610107, 'g_gpe_gpi_mult': 1.146822791965328}. Best is trial 4 with value: 3.429511868616504.
[I 2026-05-28 23:11:25,815] Trial 190 finished with value: 8.949878977764682 and parameters: {'ISTN': 64.60900452426546, 'I_gpe': 1.8206253698392947, 'I_gpi': 2.88804198272389, 'noise_stn_sigma': 6.616422065653074, 'noise_gpe_sigma': 131.08017972248587, 'noise_gpi_sigma': 136.54448703244074, 'g_stn_gpe_mult': 2.5255349272082723, 'g_gpe_stn_mult': 0.777767132030304, 'g_stn_gpi_mult': 3.0324368151463172, 'g_gpe_gpi_mult': 0.8612286057048122}. Best is trial 4 with value: 3.429511868616504.
[I 2026-05-28 23:11:26,822] Trial 191 finished with value: 10.719607730173179 and parameters: {'ISTN': 65.7900196553756, 'I_gpe': 2.256425013723229, 'I_gpi': 1.3166053864126317, 'noise_stn_sigma': 5.104191097144526, 'noise_gpe_sigma': 114.34710385937588, 'noise_gpi_sigma': 142.8920207813557, 'g_stn_gpe_mult': 3.1802427557661113, 'g_gpe_stn_mult': 0.6163078830488954, 'g_stn_gpi_mult': 3.158508069292414, 'g_gpe_gpi_mult': 0.8978373297085636}. Best is trial 4 with value: 3.429511868616504.
[I 2026-05-28 23:11:27,831] Trial 192 finished with value: 9.652172883557371 and parameters: {'ISTN': 61.54006237540087, 'I_gpe': 2.212928718617354, 'I_gpi': 2.454629704146339, 'noise_stn_sigma': 4.973272613258579, 'noise_gpe_sigma': 105.92258212801411, 'noise_gpi_sigma': 138.37094935558565, 'g_stn_gpe_mult': 3.5963446120875178, 'g_gpe_stn_mult': 0.6709281010771999, 'g_stn_gpi_mult': 3.9163656330610728, 'g_gpe_gpi_mult': 0.8072483142369791}. Best is trial 4 with value: 3.429511868616504.
[I 2026-05-28 23:11:28,839] Trial 193 finished with value: 10.382156001477806 and parameters: {'ISTN': 73.61759319542114, 'I_gpe': 2.011260622647367, 'I_gpi': 2.393909024425813, 'noise_stn_sigma': 5.502297625007858, 'noise_gpe_sigma': 136.70472846617469, 'noise_gpi_sigma': 120.42987494722924, 'g_stn_gpe_mult': 2.9450394673910556, 'g_gpe_stn_mult': 0.7369974645330067, 'g_stn_gpi_mult': 3.30593714115368, 'g_gpe_gpi_mult': 0.9163393413926424}. Best is trial 4 with value: 3.429511868616504.
[I 2026-05-28 23:11:29,847] Trial 194 finished with value: 10.73244935222745 and parameters: {'ISTN': 70.86331697946358, 'I_gpe': 1.4575108708795232, 'I_gpi': 2.3273011909814656, 'noise_stn_sigma': 6.993376484359967, 'noise_gpe_sigma': 112.25621078631495, 'noise_gpi_sigma': 145.51088809138162, 'g_stn_gpe_mult': 3.0914348043262323, 'g_gpe_stn_mult': 0.7639734295402308, 'g_stn_gpi_mult': 3.326437847457088, 'g_gpe_gpi_mult': 0.7752299811439292}. Best is trial 4 with value: 3.429511868616504.
[I 2026-05-28 23:11:30,852] Trial 195 finished with value: 9.253413056038474 and parameters: {'ISTN': 67.7160363182062, 'I_gpe': 2.2126111555619365, 'I_gpi': 2.4997264636822147, 'noise_stn_sigma': 5.043155536575115, 'noise_gpe_sigma': 139.32542332175836, 'noise_gpi_sigma': 148.35637303896294, 'g_stn_gpe_mult': 2.7288784050353723, 'g_gpe_stn_mult': 0.6674055648365482, 'g_stn_gpi_mult': 3.018064872825771, 'g_gpe_gpi_mult': 0.8393091027267936}. Best is trial 4 with value: 3.429511868616504.
[I 2026-05-28 23:11:31,858] Trial 196 finished with value: 11.01500507519198 and parameters: {'ISTN': 64.93768225244949, 'I_gpe': 2.157478886980453, 'I_gpi': 1.9566777961357666, 'noise_stn_sigma': 6.191693113132893, 'noise_gpe_sigma': 120.59506752839538, 'noise_gpi_sigma': 125.1323801096076, 'g_stn_gpe_mult': 4.040707720212863, 'g_gpe_stn_mult': 0.7650513568180408, 'g_stn_gpi_mult': 3.2545038782675384, 'g_gpe_gpi_mult': 1.0407253381131492}. Best is trial 4 with value: 3.429511868616504.
[I 2026-05-28 23:11:32,865] Trial 197 finished with value: 11.826522846189864 and parameters: {'ISTN': 85.52254878966421, 'I_gpe': 1.1687789840474516, 'I_gpi': 1.6239105394168927, 'noise_stn_sigma': 5.800610773533734, 'noise_gpe_sigma': 118.07377948752062, 'noise_gpi_sigma': 107.84534711205345, 'g_stn_gpe_mult': 3.417244800876354, 'g_gpe_stn_mult': 0.6874662726284845, 'g_stn_gpi_mult': 3.5926977617118085, 'g_gpe_gpi_mult': 1.0315834618770559}. Best is trial 4 with value: 3.429511868616504.
[I 2026-05-28 23:11:33,872] Trial 198 finished with value: 14.8486790703911 and parameters: {'ISTN': 70.43442458490112, 'I_gpe': 1.6206142373701695, 'I_gpi': 1.5962787747938119, 'noise_stn_sigma': 6.0743312128562446, 'noise_gpe_sigma': 116.63571211975001, 'noise_gpi_sigma': 139.3596838113915, 'g_stn_gpe_mult': 3.4969034410487767, 'g_gpe_stn_mult': 0.6161767649626131, 'g_stn_gpi_mult': 3.4369097046179995, 'g_gpe_gpi_mult': 0.8610039219542462}. Best is trial 4 with value: 3.429511868616504.
[I 2026-05-28 23:11:34,878] Trial 199 finished with value: 9.701147493809612 and parameters: {'ISTN': 65.11863148543564, 'I_gpe': 2.2265532618410537, 'I_gpi': 2.521885178535569, 'noise_stn_sigma': 5.42931878523958, 'noise_gpe_sigma': 132.908572663764, 'noise_gpi_sigma': 97.60050978493993, 'g_stn_gpe_mult': 3.141422745576236, 'g_gpe_stn_mult': 0.6793631074067001, 'g_stn_gpi_mult': 3.614397864351659, 'g_gpe_gpi_mult': 0.8858133083887014}. Best is trial 4 with value: 3.429511868616504.
[I 2026-05-28 23:11:35,885] Trial 200 finished with value: 14.252772582211255 and parameters: {'ISTN': 66.01190155478562, 'I_gpe': 1.604328720935527, 'I_gpi': 2.6924653096180124, 'noise_stn_sigma': 6.193031546959503, 'noise_gpe_sigma': 108.78515830521415, 'noise_gpi_sigma': 141.40223844314676, 'g_stn_gpe_mult': 3.7555662764851347, 'g_gpe_stn_mult': 0.6961839927354461, 'g_stn_gpi_mult': 3.395192751822449, 'g_gpe_gpi_mult': 0.7649074144203509}. Best is trial 4 with value: 3.429511868616504.
[I 2026-05-28 23:11:36,895] Trial 201 finished with value: 14.654968679673068 and parameters: {'ISTN': 67.06933331343572, 'I_gpe': 1.7133823203106031, 'I_gpi': 2.262937263823529, 'noise_stn_sigma': 5.572080536514077, 'noise_gpe_sigma': 117.49057038041617, 'noise_gpi_sigma': 132.65777303863374, 'g_stn_gpe_mult': 3.460759150308755, 'g_gpe_stn_mult': 0.6687262155458795, 'g_stn_gpi_mult': 2.636345732928224, 'g_gpe_gpi_mult': 0.8436254564277874}. Best is trial 4 with value: 3.429511868616504.
[I 2026-05-28 23:11:37,901] Trial 202 finished with value: 6.844022733033579 and parameters: {'ISTN': 67.67904223055125, 'I_gpe': 2.2830519547981236, 'I_gpi': 2.3028058363654442, 'noise_stn_sigma': 5.323600314640322, 'noise_gpe_sigma': 133.73716882280692, 'noise_gpi_sigma': 133.94398205195273, 'g_stn_gpe_mult': 3.1393717060305164, 'g_gpe_stn_mult': 0.6945303752900586, 'g_stn_gpi_mult': 3.1561183993231703, 'g_gpe_gpi_mult': 1.0000873892601179}. Best is trial 4 with value: 3.429511868616504.
[I 2026-05-28 23:11:38,906] Trial 203 finished with value: 12.498872095993447 and parameters: {'ISTN': 65.04064727399468, 'I_gpe': 2.325549751932561, 'I_gpi': 2.7662576713138973, 'noise_stn_sigma': 5.265744357621447, 'noise_gpe_sigma': 99.0460706623815, 'noise_gpi_sigma': 132.04621388182042, 'g_stn_gpe_mult': 2.727759775216569, 'g_gpe_stn_mult': 0.66393631526996, 'g_stn_gpi_mult': 3.6392269333594376, 'g_gpe_gpi_mult': 0.8616197773626284}. Best is trial 4 with value: 3.429511868616504.
[I 2026-05-28 23:11:39,914] Trial 204 finished with value: 12.04474722244012 and parameters: {'ISTN': 70.26803675534971, 'I_gpe': 1.9109784875547, 'I_gpi': 2.735571147289732, 'noise_stn_sigma': 3.3276742274274573, 'noise_gpe_sigma': 130.5819836246941, 'noise_gpi_sigma': 142.34933329032538, 'g_stn_gpe_mult': 2.835593688964475, 'g_gpe_stn_mult': 0.6420604263255009, 'g_stn_gpi_mult': 3.280915588355903, 'g_gpe_gpi_mult': 0.8545939677342282}. Best is trial 4 with value: 3.429511868616504.
[I 2026-05-28 23:11:40,919] Trial 205 finished with value: 9.910667998837257 and parameters: {'ISTN': 66.85177458649181, 'I_gpe': 2.151711188600847, 'I_gpi': 2.8220888658247274, 'noise_stn_sigma': 5.921472038373954, 'noise_gpe_sigma': 129.67971694946084, 'noise_gpi_sigma': 119.92364179738489, 'g_stn_gpe_mult': 2.460253987877306, 'g_gpe_stn_mult': 0.6834728356045355, 'g_stn_gpi_mult': 3.079145532077929, 'g_gpe_gpi_mult': 0.8324798642837805}. Best is trial 4 with value: 3.429511868616504.
[I 2026-05-28 23:11:41,928] Trial 206 finished with value: 11.635072107552672 and parameters: {'ISTN': 65.33167994868886, 'I_gpe': 2.157383118454926, 'I_gpi': 2.1889527359402, 'noise_stn_sigma': 5.279606603572617, 'noise_gpe_sigma': 126.08722987892135, 'noise_gpi_sigma': 130.03287488577786, 'g_stn_gpe_mult': 3.1856287326052737, 'g_gpe_stn_mult': 0.7573750069630154, 'g_stn_gpi_mult': 3.2029188449133708, 'g_gpe_gpi_mult': 0.8001944140115778}. Best is trial 4 with value: 3.429511868616504.
[I 2026-05-28 23:11:42,934] Trial 207 finished with value: 4.378557946942044 and parameters: {'ISTN': 62.77468274400209, 'I_gpe': 1.9721227009388633, 'I_gpi': 2.476772990452071, 'noise_stn_sigma': 5.273199834836966, 'noise_gpe_sigma': 148.33064547728952, 'noise_gpi_sigma': 131.35989500351494, 'g_stn_gpe_mult': 3.4625058009005376, 'g_gpe_stn_mult': 0.7000401151174681, 'g_stn_gpi_mult': 3.2800984527087684, 'g_gpe_gpi_mult': 0.9823225159122297}. Best is trial 4 with value: 3.429511868616504.
[I 2026-05-28 23:11:43,943] Trial 208 finished with value: 12.711648561369636 and parameters: {'ISTN': 75.67632533156005, 'I_gpe': 2.356925287354123, 'I_gpi': 2.7071325852223183, 'noise_stn_sigma': 5.1587079076195765, 'noise_gpe_sigma': 122.4831350641575, 'noise_gpi_sigma': 139.22328371482365, 'g_stn_gpe_mult': 2.953300451607782, 'g_gpe_stn_mult': 0.7793059918355503, 'g_stn_gpi_mult': 3.6896957149361866, 'g_gpe_gpi_mult': 0.8876432756248953}. Best is trial 4 with value: 3.429511868616504.
[I 2026-05-28 23:11:44,949] Trial 209 finished with value: 13.951519929098067 and parameters: {'ISTN': 76.23233985267572, 'I_gpe': 2.0854274455875967, 'I_gpi': 2.1847104725517683, 'noise_stn_sigma': 5.416645048093792, 'noise_gpe_sigma': 117.31618139253173, 'noise_gpi_sigma': 137.69274895879846, 'g_stn_gpe_mult': 3.2803343394694933, 'g_gpe_stn_mult': 0.6632402435449829, 'g_stn_gpi_mult': 3.214556451537141, 'g_gpe_gpi_mult': 0.9065315057268444}. Best is trial 4 with value: 3.429511868616504.
[I 2026-05-28 23:11:45,960] Trial 210 finished with value: 13.22108561088806 and parameters: {'ISTN': 79.15587303841609, 'I_gpe': 1.9472179381671366, 'I_gpi': 2.2784866435794315, 'noise_stn_sigma': 5.803861504800631, 'noise_gpe_sigma': 128.03153978276868, 'noise_gpi_sigma': 128.56567862100496, 'g_stn_gpe_mult': 2.9644215174570157, 'g_gpe_stn_mult': 0.7247626343440523, 'g_stn_gpi_mult': 3.5399188677285043, 'g_gpe_gpi_mult': 0.6907756001389043}. Best is trial 4 with value: 3.429511868616504.
[I 2026-05-28 23:11:46,968] Trial 211 finished with value: 12.939765031444185 and parameters: {'ISTN': 70.05929631936547, 'I_gpe': 2.6327152911690623, 'I_gpi': 2.2867591213606717, 'noise_stn_sigma': 4.011970138067873, 'noise_gpe_sigma': 131.47179091409924, 'noise_gpi_sigma': 146.99371841873244, 'g_stn_gpe_mult': 3.2351680721197, 'g_gpe_stn_mult': 0.690129062618731, 'g_stn_gpi_mult': 3.557051191110369, 'g_gpe_gpi_mult': 0.9082101544594687}. Best is trial 4 with value: 3.429511868616504.
[I 2026-05-28 23:11:47,976] Trial 212 finished with value: 8.821538176349957 and parameters: {'ISTN': 73.6343201885269, 'I_gpe': 2.3930667190492287, 'I_gpi': 2.817224171077176, 'noise_stn_sigma': 6.320385889481898, 'noise_gpe_sigma': 139.1198576345623, 'noise_gpi_sigma': 110.56202995167455, 'g_stn_gpe_mult': 2.8147823254219615, 'g_gpe_stn_mult': 0.7970976996785463, 'g_stn_gpi_mult': 3.610601196328775, 'g_gpe_gpi_mult': 0.9397139973934274}. Best is trial 4 with value: 3.429511868616504.
[I 2026-05-28 23:11:48,985] Trial 213 finished with value: 12.117687514498417 and parameters: {'ISTN': 70.75422776992372, 'I_gpe': 2.00928904191166, 'I_gpi': 2.2701769566185983, 'noise_stn_sigma': 4.536955616506724, 'noise_gpe_sigma': 126.74052683142146, 'noise_gpi_sigma': 133.51511431641796, 'g_stn_gpe_mult': 3.3857284981961344, 'g_gpe_stn_mult': 0.5776477318722625, 'g_stn_gpi_mult': 3.377597798538353, 'g_gpe_gpi_mult': 0.9088165364655074}. Best is trial 4 with value: 3.429511868616504.
[I 2026-05-28 23:11:49,995] Trial 214 finished with value: 8.435233543358914 and parameters: {'ISTN': 62.174047845132606, 'I_gpe': 2.0137157632587845, 'I_gpi': 2.065235536867709, 'noise_stn_sigma': 4.979950457972301, 'noise_gpe_sigma': 135.35444255901632, 'noise_gpi_sigma': 126.70772133676431, 'g_stn_gpe_mult': 2.9624198959613564, 'g_gpe_stn_mult': 0.6968997560272637, 'g_stn_gpi_mult': 3.523219464935469, 'g_gpe_gpi_mult': 1.0942372059854482}. Best is trial 4 with value: 3.429511868616504.
[I 2026-05-28 23:11:51,003] Trial 215 finished with value: 12.760227251832784 and parameters: {'ISTN': 71.03708203862826, 'I_gpe': 2.4194639070954898, 'I_gpi': 2.428069591283863, 'noise_stn_sigma': 4.346010345607383, 'noise_gpe_sigma': 130.41778990059538, 'noise_gpi_sigma': 141.77154134591854, 'g_stn_gpe_mult': 3.177507714506245, 'g_gpe_stn_mult': 0.6837226829763621, 'g_stn_gpi_mult': 3.3662925087467612, 'g_gpe_gpi_mult': 0.7798563949556983}. Best is trial 4 with value: 3.429511868616504.
[I 2026-05-28 23:11:52,011] Trial 216 finished with value: 7.362259285394114 and parameters: {'ISTN': 61.24166622423047, 'I_gpe': 2.2332399032983696, 'I_gpi': 2.481013195221603, 'noise_stn_sigma': 3.607408195123683, 'noise_gpe_sigma': 142.59063385719878, 'noise_gpi_sigma': 137.36993721606177, 'g_stn_gpe_mult': 3.143734875006982, 'g_gpe_stn_mult': 0.6371155290913981, 'g_stn_gpi_mult': 2.5806537048154894, 'g_gpe_gpi_mult': 0.8918066504258795}. Best is trial 4 with value: 3.429511868616504.
[I 2026-05-28 23:11:53,019] Trial 217 finished with value: 13.293517178420304 and parameters: {'ISTN': 61.80258693107907, 'I_gpe': 1.592748594139781, 'I_gpi': 2.804329346121018, 'noise_stn_sigma': 4.799192371706786, 'noise_gpe_sigma': 137.48572432116254, 'noise_gpi_sigma': 137.91084524768038, 'g_stn_gpe_mult': 3.4320540557712835, 'g_gpe_stn_mult': 0.6658545381194766, 'g_stn_gpi_mult': 3.7595496492030787, 'g_gpe_gpi_mult': 0.7302122395029815}. Best is trial 4 with value: 3.429511868616504.
[I 2026-05-28 23:11:54,030] Trial 218 finished with value: 11.780777366752243 and parameters: {'ISTN': 67.30447114151974, 'I_gpe': 2.043908748542104, 'I_gpi': 2.3771318153604044, 'noise_stn_sigma': 6.273234703403832, 'noise_gpe_sigma': 132.6933225524248, 'noise_gpi_sigma': 136.0650130439411, 'g_stn_gpe_mult': 2.9531918563078197, 'g_gpe_stn_mult': 0.752218800552896, 'g_stn_gpi_mult': 3.479975348539166, 'g_gpe_gpi_mult': 1.0585427731457286}. Best is trial 4 with value: 3.429511868616504.
[I 2026-05-28 23:11:55,038] Trial 219 finished with value: 9.141689315945518 and parameters: {'ISTN': 62.4187074227687, 'I_gpe': 1.925677064513386, 'I_gpi': 1.8153858047362812, 'noise_stn_sigma': 4.4166020449483385, 'noise_gpe_sigma': 111.12590009756994, 'noise_gpi_sigma': 131.7568070757821, 'g_stn_gpe_mult': 3.5045616363515313, 'g_gpe_stn_mult': 0.5767861569547699, 'g_stn_gpi_mult': 3.2914638047641382, 'g_gpe_gpi_mult': 0.866948596017131}. Best is trial 4 with value: 3.429511868616504.
