[I 2026-05-29 00:04:18,055] Trial 308 finished with value: 10.584121453552738 and parameters: {'ISTN': 70.57210091729208, 'I_gpe': 1.0652805008938677, 'I_gpi': 2.72239653632153, 'noise_stn_sigma': 4.639723809908185, 'noise_gpe_sigma': 91.98561766061901, 'noise_gpi_sigma': 43.20210841854651, 'g_stn_gpe_mult': 2.9783236914832694, 'g_gpe_stn_mult': 0.1139198573245576, 'g_stn_gpi_mult': 2.1050402236970083, 'g_gpe_gpi_mult': 0.7066285570687616}. Best is trial 142 with value: 0.3181873175738492.
[I 2026-05-29 00:04:19,063] Trial 309 finished with value: 7.367296049112404 and parameters: {'ISTN': 74.87507046467881, 'I_gpe': 1.1346079730825624, 'I_gpi': 2.9242564615450606, 'noise_stn_sigma': 4.3615195932180075, 'noise_gpe_sigma': 99.74913215389063, 'noise_gpi_sigma': 59.86639173182665, 'g_stn_gpe_mult': 2.7147216888487655, 'g_gpe_stn_mult': 0.19252356835122628, 'g_stn_gpi_mult': 2.319714515913126, 'g_gpe_gpi_mult': 0.5740271679977289}. Best is trial 142 with value: 0.3181873175738492.
[I 2026-05-29 00:04:20,069] Trial 310 finished with value: 6.816313560823521 and parameters: {'ISTN': 71.12888098373281, 'I_gpe': 0.9157383636315561, 'I_gpi': 2.401985498243712, 'noise_stn_sigma': 4.448662487566143, 'noise_gpe_sigma': 99.05087955455382, 'noise_gpi_sigma': 62.509443660492536, 'g_stn_gpe_mult': 2.7606940249977834, 'g_gpe_stn_mult': 0.17146751695252932, 'g_stn_gpi_mult': 1.8183327590748544, 'g_gpe_gpi_mult': 0.5472507390329802}. Best is trial 142 with value: 0.3181873175738492.
[I 2026-05-29 00:04:21,078] Trial 311 finished with value: 4.856857408746676 and parameters: {'ISTN': 73.26820260374274, 'I_gpe': 1.2147333290391407, 'I_gpi': 2.897555058752485, 'noise_stn_sigma': 4.336446407876364, 'noise_gpe_sigma': 97.67392736553022, 'noise_gpi_sigma': 50.51877801140557, 'g_stn_gpe_mult': 2.9146134809315205, 'g_gpe_stn_mult': 0.146974849373375, 'g_stn_gpi_mult': 2.2883449115062477, 'g_gpe_gpi_mult': 0.6445861001162003}. Best is trial 142 with value: 0.3181873175738492.
[I 2026-05-29 00:04:22,083] Trial 312 finished with value: 9.452292215961531 and parameters: {'ISTN': 77.72163858931228, 'I_gpe': 1.2601157525446711, 'I_gpi': 3.201375737485717, 'noise_stn_sigma': 5.02987455554531, 'noise_gpe_sigma': 106.65973899211156, 'noise_gpi_sigma': 41.26836041520295, 'g_stn_gpe_mult': 2.7429795967376953, 'g_gpe_stn_mult': 0.20413542227893072, 'g_stn_gpi_mult': 2.4506648034746683, 'g_gpe_gpi_mult': 0.6755578371767008}. Best is trial 142 with value: 0.3181873175738492.
[I 2026-05-29 00:04:23,092] Trial 313 finished with value: 5.5487856078721 and parameters: {'ISTN': 73.38727232082628, 'I_gpe': 1.1236113292350014, 'I_gpi': 2.4133057853875175, 'noise_stn_sigma': 4.371074954487181, 'noise_gpe_sigma': 105.4882405751257, 'noise_gpi_sigma': 44.68618140770076, 'g_stn_gpe_mult': 2.619236187345632, 'g_gpe_stn_mult': 0.14075330686657955, 'g_stn_gpi_mult': 2.109339901044862, 'g_gpe_gpi_mult': 0.5625944655372572}. Best is trial 142 with value: 0.3181873175738492.
[I 2026-05-29 00:04:24,097] Trial 314 finished with value: 4.8035546771671775 and parameters: {'ISTN': 67.90423409729485, 'I_gpe': 1.2707667621784067, 'I_gpi': 3.1525252786288767, 'noise_stn_sigma': 4.4423719894641405, 'noise_gpe_sigma': 113.2429514937828, 'noise_gpi_sigma': 52.30745892964028, 'g_stn_gpe_mult': 3.2692037573961246, 'g_gpe_stn_mult': 0.10028583137330631, 'g_stn_gpi_mult': 1.8862799863338866, 'g_gpe_gpi_mult': 0.7111624905732699}. Best is trial 142 with value: 0.3181873175738492.
[I 2026-05-29 00:04:25,106] Trial 315 finished with value: 9.002244099870499 and parameters: {'ISTN': 71.72461491280175, 'I_gpe': 1.0110264159255162, 'I_gpi': 2.870133969749996, 'noise_stn_sigma': 4.828315800937316, 'noise_gpe_sigma': 98.15076705574583, 'noise_gpi_sigma': 31.09573451486546, 'g_stn_gpe_mult': 2.705727899703633, 'g_gpe_stn_mult': 0.12764055242305306, 'g_stn_gpi_mult': 2.1430937370322436, 'g_gpe_gpi_mult': 0.6078799367235936}. Best is trial 142 with value: 0.3181873175738492.
[I 2026-05-29 00:04:26,114] Trial 316 finished with value: 0.26846916835209583 and parameters: {'ISTN': 69.71443671987824, 'I_gpe': 0.9788923746006695, 'I_gpi': 1.9318954396970969, 'noise_stn_sigma': 4.260413354200832, 'noise_gpe_sigma': 102.95860044379458, 'noise_gpi_sigma': 75.4946258494225, 'g_stn_gpe_mult': 2.889662730957304, 'g_gpe_stn_mult': 0.10526426600288544, 'g_stn_gpi_mult': 2.044576452399684, 'g_gpe_gpi_mult': 0.5674194599759331}. Best is trial 316 with value: 0.26846916835209583.
[I 2026-05-29 00:04:27,123] Trial 317 finished with value: 9.321693807632073 and parameters: {'ISTN': 70.45367246467556, 'I_gpe': 1.5145478729272048, 'I_gpi': 2.8251522234077386, 'noise_stn_sigma': 4.231070655699193, 'noise_gpe_sigma': 103.38452014904553, 'noise_gpi_sigma': 49.31921864489216, 'g_stn_gpe_mult': 3.2773710536918004, 'g_gpe_stn_mult': 0.22072607677272593, 'g_stn_gpi_mult': 1.8919447108104341, 'g_gpe_gpi_mult': 0.6345700604622826}. Best is trial 316 with value: 0.26846916835209583.
[I 2026-05-29 00:04:28,131] Trial 318 finished with value: 10.305153464683798 and parameters: {'ISTN': 76.61078406518374, 'I_gpe': 1.2123665280137144, 'I_gpi': 2.6293359758160264, 'noise_stn_sigma': 4.121923933661399, 'noise_gpe_sigma': 109.01096231673785, 'noise_gpi_sigma': 47.16426727028826, 'g_stn_gpe_mult': 2.5449339058825657, 'g_gpe_stn_mult': 0.18177397628928643, 'g_stn_gpi_mult': 2.1116707861727164, 'g_gpe_gpi_mult': 0.4826123033677475}. Best is trial 316 with value: 0.26846916835209583.
[I 2026-05-29 00:04:29,139] Trial 319 finished with value: 8.416520398523476 and parameters: {'ISTN': 78.80108505997246, 'I_gpe': 1.3262701442653522, 'I_gpi': 3.2307707360519062, 'noise_stn_sigma': 4.8800850594359195, 'noise_gpe_sigma': 97.45918881654308, 'noise_gpi_sigma': 36.20544587197338, 'g_stn_gpe_mult': 2.5162202568560605, 'g_gpe_stn_mult': 0.1732693048767443, 'g_stn_gpi_mult': 2.1303978559690515, 'g_gpe_gpi_mult': 0.5512228319432529}. Best is trial 316 with value: 0.26846916835209583.
[I 2026-05-29 00:04:30,147] Trial 320 finished with value: 14.36826682056242 and parameters: {'ISTN': 86.11488013466709, 'I_gpe': 1.2743084926138395, 'I_gpi': 2.785742904873177, 'noise_stn_sigma': 4.099299382540355, 'noise_gpe_sigma': 91.7380255694363, 'noise_gpi_sigma': 40.32360875463514, 'g_stn_gpe_mult': 2.8721049736349875, 'g_gpe_stn_mult': 0.16354073759282073, 'g_stn_gpi_mult': 2.2610937754846128, 'g_gpe_gpi_mult': 0.4970530723121434}. Best is trial 316 with value: 0.26846916835209583.
[I 2026-05-29 00:04:31,156] Trial 321 finished with value: 4.494107489996164 and parameters: {'ISTN': 69.4959894787759, 'I_gpe': 1.295867208144033, 'I_gpi': 2.5154130855591443, 'noise_stn_sigma': 4.320407186625935, 'noise_gpe_sigma': 87.26862472855852, 'noise_gpi_sigma': 47.28782701734697, 'g_stn_gpe_mult': 2.7090687222492287, 'g_gpe_stn_mult': 0.18798651083074028, 'g_stn_gpi_mult': 2.0769428750807917, 'g_gpe_gpi_mult': 0.7265695345565133}. Best is trial 316 with value: 0.26846916835209583.
[I 2026-05-29 00:04:32,104] Trial 322 finished with value: 1000000.0 and parameters: {'ISTN': 68.0698571321955, 'I_gpe': 1.1061719087815085, 'I_gpi': 2.666725328648827, 'noise_stn_sigma': 3.7356591078123853, 'noise_gpe_sigma': 92.70592527341606, 'noise_gpi_sigma': 68.17205685124728, 'g_stn_gpe_mult': 3.2723826943231265, 'g_gpe_stn_mult': 0.12885153130699872, 'g_stn_gpi_mult': 1.8408797139550948, 'g_gpe_gpi_mult': 0.7117808892026585}. Best is trial 316 with value: 0.26846916835209583.
[I 2026-05-29 00:04:33,112] Trial 323 finished with value: 9.56373324838233 and parameters: {'ISTN': 70.80461424523976, 'I_gpe': 1.0530547794303462, 'I_gpi': 2.428024961950281, 'noise_stn_sigma': 4.870529486649629, 'noise_gpe_sigma': 91.2625455194384, 'noise_gpi_sigma': 53.690102659845316, 'g_stn_gpe_mult': 2.725338078668144, 'g_gpe_stn_mult': 0.1151120704177444, 'g_stn_gpi_mult': 2.321648533443886, 'g_gpe_gpi_mult': 0.6306220680838297}. Best is trial 316 with value: 0.26846916835209583.
[I 2026-05-29 00:04:34,123] Trial 324 finished with value: 2.6059438335170615 and parameters: {'ISTN': 68.33001293499314, 'I_gpe': 1.2539880122215912, 'I_gpi': 2.276549315315337, 'noise_stn_sigma': 3.811500353151758, 'noise_gpe_sigma': 105.3358743667204, 'noise_gpi_sigma': 58.50755124796477, 'g_stn_gpe_mult': 2.9404844443175766, 'g_gpe_stn_mult': 0.10262838909578903, 'g_stn_gpi_mult': 2.0225340074093037, 'g_gpe_gpi_mult': 0.5694385281467366}. Best is trial 316 with value: 0.26846916835209583.
[I 2026-05-29 00:04:35,131] Trial 325 finished with value: 8.026877607137305 and parameters: {'ISTN': 71.40784515161208, 'I_gpe': 1.0936013661894295, 'I_gpi': 2.6123206044358382, 'noise_stn_sigma': 4.346621853464033, 'noise_gpe_sigma': 109.4355559524114, 'noise_gpi_sigma': 61.097401594380024, 'g_stn_gpe_mult': 2.9012633956076828, 'g_gpe_stn_mult': 0.13874967483938594, 'g_stn_gpi_mult': 2.1928921472063445, 'g_gpe_gpi_mult': 0.5462600090777674}. Best is trial 316 with value: 0.26846916835209583.
[I 2026-05-29 00:04:36,138] Trial 326 finished with value: 10.175738082460926 and parameters: {'ISTN': 74.08127566860357, 'I_gpe': 0.9693555740812726, 'I_gpi': 2.0091176540560145, 'noise_stn_sigma': 5.0361431204037315, 'noise_gpe_sigma': 105.37901245003732, 'noise_gpi_sigma': 71.8768575883746, 'g_stn_gpe_mult': 2.805082991897063, 'g_gpe_stn_mult': 0.14904071174188688, 'g_stn_gpi_mult': 2.0732308517406555, 'g_gpe_gpi_mult': 0.48117381243546586}. Best is trial 316 with value: 0.26846916835209583.
[I 2026-05-29 00:04:37,145] Trial 327 finished with value: 10.337485317980283 and parameters: {'ISTN': 69.73073917429976, 'I_gpe': 1.0302151050802006, 'I_gpi': 2.85245091454588, 'noise_stn_sigma': 4.885423506244525, 'noise_gpe_sigma': 102.83367216648553, 'noise_gpi_sigma': 50.08047516996223, 'g_stn_gpe_mult': 3.5237494111951424, 'g_gpe_stn_mult': 0.15901776822771868, 'g_stn_gpi_mult': 2.2577490029396285, 'g_gpe_gpi_mult': 0.6338674488165166}. Best is trial 316 with value: 0.26846916835209583.
[I 2026-05-29 00:04:38,153] Trial 328 finished with value: 8.728534847830922 and parameters: {'ISTN': 72.85487502450641, 'I_gpe': 1.356587739249747, 'I_gpi': 2.5403823966443975, 'noise_stn_sigma': 3.8296135042433144, 'noise_gpe_sigma': 107.0211479050831, 'noise_gpi_sigma': 64.71277177678903, 'g_stn_gpe_mult': 2.996899223716654, 'g_gpe_stn_mult': 0.13223675448723338, 'g_stn_gpi_mult': 1.9469515599164824, 'g_gpe_gpi_mult': 0.5893905426576573}. Best is trial 316 with value: 0.26846916835209583.
[I 2026-05-29 00:04:39,160] Trial 329 finished with value: 2.608583550867807 and parameters: {'ISTN': 67.25064921676896, 'I_gpe': 1.2388727138374858, 'I_gpi': 2.4405908166423904, 'noise_stn_sigma': 4.552236498957816, 'noise_gpe_sigma': 110.85658736106097, 'noise_gpi_sigma': 57.62582152963571, 'g_stn_gpe_mult': 3.14313638214786, 'g_gpe_stn_mult': 0.1290133052164333, 'g_stn_gpi_mult': 2.3209847289881704, 'g_gpe_gpi_mult': 0.5928494186554294}. Best is trial 316 with value: 0.26846916835209583.
[I 2026-05-29 00:04:40,169] Trial 330 finished with value: 1.1990161457024215 and parameters: {'ISTN': 68.34955275157482, 'I_gpe': 1.0268687140707329, 'I_gpi': 2.3577324454891673, 'noise_stn_sigma': 3.6496957926501317, 'noise_gpe_sigma': 98.08622279939297, 'noise_gpi_sigma': 52.61610645212277, 'g_stn_gpe_mult': 2.700022236475472, 'g_gpe_stn_mult': 0.10791390283336047, 'g_stn_gpi_mult': 1.9696475658867065, 'g_gpe_gpi_mult': 0.6814800637836083}. Best is trial 316 with value: 0.26846916835209583.
[I 2026-05-29 00:04:41,179] Trial 331 finished with value: 0.9109755545679215 and parameters: {'ISTN': 65.27788915107041, 'I_gpe': 1.0522132825874997, 'I_gpi': 2.2304252288962614, 'noise_stn_sigma': 3.9683097678796324, 'noise_gpe_sigma': 98.12838272756595, 'noise_gpi_sigma': 37.4790466096362, 'g_stn_gpe_mult': 3.0704965959109183, 'g_gpe_stn_mult': 0.12368086646652247, 'g_stn_gpi_mult': 2.220208711419489, 'g_gpe_gpi_mult': 0.5799231616157834}. Best is trial 316 with value: 0.26846916835209583.
[I 2026-05-29 00:04:42,188] Trial 332 finished with value: 8.082538696143104 and parameters: {'ISTN': 72.5734114015166, 'I_gpe': 0.931222612625841, 'I_gpi': 2.6717625744957796, 'noise_stn_sigma': 3.7935549543954896, 'noise_gpe_sigma': 87.67659961016611, 'noise_gpi_sigma': 30.95858015312841, 'g_stn_gpe_mult': 3.0596239736554836, 'g_gpe_stn_mult': 0.11946576775581602, 'g_stn_gpi_mult': 1.7974009502462716, 'g_gpe_gpi_mult': 0.6527142998917396}. Best is trial 316 with value: 0.26846916835209583.
[I 2026-05-29 00:04:43,196] Trial 333 finished with value: 1.2784283508238499 and parameters: {'ISTN': 63.5760620448722, 'I_gpe': 0.9319106423884416, 'I_gpi': 2.282389878893149, 'noise_stn_sigma': 4.080778358957904, 'noise_gpe_sigma': 118.64763601373112, 'noise_gpi_sigma': 54.29655219367084, 'g_stn_gpe_mult': 2.7763123904295743, 'g_gpe_stn_mult': 0.18008504479858833, 'g_stn_gpi_mult': 2.0394846040765753, 'g_gpe_gpi_mult': 0.5893805187964299}. Best is trial 316 with value: 0.26846916835209583.
[I 2026-05-29 00:04:44,206] Trial 334 finished with value: 0.4104830271111504 and parameters: {'ISTN': 67.50398383463099, 'I_gpe': 1.0357972773573298, 'I_gpi': 1.9549645372456539, 'noise_stn_sigma': 3.860992332003465, 'noise_gpe_sigma': 108.21329192951127, 'noise_gpi_sigma': 65.45262079303582, 'g_stn_gpe_mult': 2.7850426792254406, 'g_gpe_stn_mult': 0.13294251808613955, 'g_stn_gpi_mult': 2.398716240474803, 'g_gpe_gpi_mult': 0.6284555823275808}. Best is trial 316 with value: 0.26846916835209583.
[I 2026-05-29 00:04:45,214] Trial 335 finished with value: 5.55966648583229 and parameters: {'ISTN': 69.67379593512054, 'I_gpe': 1.0920364244324512, 'I_gpi': 2.442699530813311, 'noise_stn_sigma': 5.1770996630529, 'noise_gpe_sigma': 108.16953506649313, 'noise_gpi_sigma': 76.7667441485095, 'g_stn_gpe_mult': 2.965910160018803, 'g_gpe_stn_mult': 0.19512394907448188, 'g_stn_gpi_mult': 2.1376847771567125, 'g_gpe_gpi_mult': 0.7051219800820587}. Best is trial 316 with value: 0.26846916835209583.
[I 2026-05-29 00:04:46,222] Trial 336 finished with value: 4.558211789627866 and parameters: {'ISTN': 69.02983176055784, 'I_gpe': 1.094938365935481, 'I_gpi': 2.6141992540557, 'noise_stn_sigma': 4.4991888469323005, 'noise_gpe_sigma': 104.11304442932645, 'noise_gpi_sigma': 61.43083611525353, 'g_stn_gpe_mult': 3.188783913974349, 'g_gpe_stn_mult': 0.13761931170816863, 'g_stn_gpi_mult': 1.882640010131563, 'g_gpe_gpi_mult': 0.6234072676581637}. Best is trial 316 with value: 0.26846916835209583.
[I 2026-05-29 00:04:47,231] Trial 337 finished with value: 6.569990885158086 and parameters: {'ISTN': 71.10317202933146, 'I_gpe': 1.1347828666773716, 'I_gpi': 2.2376227960759416, 'noise_stn_sigma': 4.37468910580391, 'noise_gpe_sigma': 108.74056959412299, 'noise_gpi_sigma': 56.7290065390296, 'g_stn_gpe_mult': 2.737877862637596, 'g_gpe_stn_mult': 0.1409809867372691, 'g_stn_gpi_mult': 1.7507291777462695, 'g_gpe_gpi_mult': 0.5637883139097146}. Best is trial 316 with value: 0.26846916835209583.
[I 2026-05-29 00:04:48,240] Trial 338 finished with value: 6.157300956229804 and parameters: {'ISTN': 65.50922399179666, 'I_gpe': 1.1742697173325567, 'I_gpi': 2.273661823515051, 'noise_stn_sigma': 3.817018741467852, 'noise_gpe_sigma': 104.50184934479029, 'noise_gpi_sigma': 63.04461461551253, 'g_stn_gpe_mult': 3.1202671125306436, 'g_gpe_stn_mult': 0.14806932738815498, 'g_stn_gpi_mult': 2.2307534383798147, 'g_gpe_gpi_mult': 0.5555092715416345}. Best is trial 316 with value: 0.26846916835209583.
[I 2026-05-29 00:04:49,252] Trial 339 finished with value: 9.009404676404717 and parameters: {'ISTN': 74.21712759005632, 'I_gpe': 1.2295082877033552, 'I_gpi': 2.6632933038254802, 'noise_stn_sigma': 3.4570034035892343, 'noise_gpe_sigma': 100.54853580678848, 'noise_gpi_sigma': 59.676009610641096, 'g_stn_gpe_mult': 2.7924490254986867, 'g_gpe_stn_mult': 0.10249943281744786, 'g_stn_gpi_mult': 2.2924797904979197, 'g_gpe_gpi_mult': 0.6181965236213369}. Best is trial 316 with value: 0.26846916835209583.
[I 2026-05-29 00:04:50,264] Trial 340 finished with value: 0.3209394454292364 and parameters: {'ISTN': 68.63838935708043, 'I_gpe': 0.9158410510708369, 'I_gpi': 1.6305389593428976, 'noise_stn_sigma': 3.5913362055163196, 'noise_gpe_sigma': 92.61531022067372, 'noise_gpi_sigma': 72.05968617325664, 'g_stn_gpe_mult': 3.20279355016707, 'g_gpe_stn_mult': 0.10567057266788739, 'g_stn_gpi_mult': 2.0981727862332304, 'g_gpe_gpi_mult': 0.48910450770760766}. Best is trial 316 with value: 0.26846916835209583.
[I 2026-05-29 00:04:51,274] Trial 341 finished with value: 0.2554296067222772 and parameters: {'ISTN': 65.79427637881902, 'I_gpe': 1.022752939775689, 'I_gpi': 1.7541134021698834, 'noise_stn_sigma': 4.0277929326120825, 'noise_gpe_sigma': 107.28969994486641, 'noise_gpi_sigma': 55.793802277725476, 'g_stn_gpe_mult': 2.933184047417499, 'g_gpe_stn_mult': 0.15400933064005837, 'g_stn_gpi_mult': 2.4685820924641106, 'g_gpe_gpi_mult': 0.43411673558706954}. Best is trial 341 with value: 0.2554296067222772.
[I 2026-05-29 00:04:52,282] Trial 342 finished with value: 5.625156407812861 and parameters: {'ISTN': 70.21581222703466, 'I_gpe': 1.1087528054638733, 'I_gpi': 2.0217194565802585, 'noise_stn_sigma': 3.834147392329469, 'noise_gpe_sigma': 118.94574897704155, 'noise_gpi_sigma': 73.00870020530189, 'g_stn_gpe_mult': 3.05147475134616, 'g_gpe_stn_mult': 0.1831025588110405, 'g_stn_gpi_mult': 2.3776561916854395, 'g_gpe_gpi_mult': 0.5993601342544614}. Best is trial 341 with value: 0.2554296067222772.
[I 2026-05-29 00:04:53,290] Trial 343 finished with value: 4.821046978820619 and parameters: {'ISTN': 66.1738362180971, 'I_gpe': 1.0000781907288294, 'I_gpi': 2.048438478223625, 'noise_stn_sigma': 4.130308534626437, 'noise_gpe_sigma': 89.53543663647372, 'noise_gpi_sigma': 57.07204752651609, 'g_stn_gpe_mult': 2.7849840485241715, 'g_gpe_stn_mult': 0.12282293707754474, 'g_stn_gpi_mult': 2.1625510742192406, 'g_gpe_gpi_mult': 0.6269632944253986}. Best is trial 341 with value: 0.2554296067222772.
[I 2026-05-29 00:04:54,298] Trial 344 finished with value: 6.497129298045779 and parameters: {'ISTN': 72.89995100446735, 'I_gpe': 0.786289871283432, 'I_gpi': 1.8621160757458148, 'noise_stn_sigma': 3.500944749771373, 'noise_gpe_sigma': 102.01361426785263, 'noise_gpi_sigma': 46.218705113828264, 'g_stn_gpe_mult': 3.1003372642183606, 'g_gpe_stn_mult': 0.16015929778108387, 'g_stn_gpi_mult': 2.339915990076456, 'g_gpe_gpi_mult': 0.4975193268984315}. Best is trial 341 with value: 0.2554296067222772.
[I 2026-05-29 00:04:55,309] Trial 345 finished with value: 0.3779972410301893 and parameters: {'ISTN': 65.35981020233883, 'I_gpe': 0.9162404946819249, 'I_gpi': 1.8705749533530684, 'noise_stn_sigma': 3.914320126413762, 'noise_gpe_sigma': 112.29485862293666, 'noise_gpi_sigma': 70.90013785142798, 'g_stn_gpe_mult': 2.729379266096819, 'g_gpe_stn_mult': 0.15960510918308504, 'g_stn_gpi_mult': 2.2246176577783694, 'g_gpe_gpi_mult': 0.5765633401787733}. Best is trial 341 with value: 0.2554296067222772.
[I 2026-05-29 00:04:56,318] Trial 346 finished with value: 7.680837734619592 and parameters: {'ISTN': 74.33087676177179, 'I_gpe': 0.8733778315619085, 'I_gpi': 2.365268670426791, 'noise_stn_sigma': 4.744595987721758, 'noise_gpe_sigma': 119.26825532303204, 'noise_gpi_sigma': 74.09143044717236, 'g_stn_gpe_mult': 3.1856461357886023, 'g_gpe_stn_mult': 0.1942401265504699, 'g_stn_gpi_mult': 2.092864803810244, 'g_gpe_gpi_mult': 0.4841105142081973}. Best is trial 341 with value: 0.2554296067222772.
[I 2026-05-29 00:04:57,327] Trial 347 finished with value: 7.263419806500436 and parameters: {'ISTN': 71.51584487567837, 'I_gpe': 1.3215535581164186, 'I_gpi': 1.947201624614467, 'noise_stn_sigma': 4.492583232443188, 'noise_gpe_sigma': 98.34764306953399, 'noise_gpi_sigma': 64.8899942240813, 'g_stn_gpe_mult': 2.8400294881620405, 'g_gpe_stn_mult': 0.17504634315670015, 'g_stn_gpi_mult': 2.297775581368059, 'g_gpe_gpi_mult': 0.6025177035992255}. Best is trial 341 with value: 0.2554296067222772.
[I 2026-05-29 00:04:58,336] Trial 348 finished with value: 2.716667717406376 and parameters: {'ISTN': 69.7501472046106, 'I_gpe': 1.0868297757679464, 'I_gpi': 2.067175443675259, 'noise_stn_sigma': 3.504011377353662, 'noise_gpe_sigma': 111.40423116514883, 'noise_gpi_sigma': 59.754837831132825, 'g_stn_gpe_mult': 2.951966458765248, 'g_gpe_stn_mult': 0.11126527831193109, 'g_stn_gpi_mult': 2.084175256939626, 'g_gpe_gpi_mult': 0.5549241386780017}. Best is trial 341 with value: 0.2554296067222772.
[I 2026-05-29 00:04:59,344] Trial 349 finished with value: 1.9060921931372035 and parameters: {'ISTN': 69.96491600033654, 'I_gpe': 1.0735258613046363, 'I_gpi': 2.048122289709926, 'noise_stn_sigma': 4.115048134101272, 'noise_gpe_sigma': 90.10329989786024, 'noise_gpi_sigma': 65.71532058095269, 'g_stn_gpe_mult': 2.6612803479594267, 'g_gpe_stn_mult': 0.11180682408081195, 'g_stn_gpi_mult': 2.241791684408859, 'g_gpe_gpi_mult': 0.6426456349977878}. Best is trial 341 with value: 0.2554296067222772.
[I 2026-05-29 00:05:00,352] Trial 350 finished with value: 0.46780511843342504 and parameters: {'ISTN': 69.64298963117612, 'I_gpe': 0.8029426449925179, 'I_gpi': 1.3152644235277782, 'noise_stn_sigma': 3.200963171651334, 'noise_gpe_sigma': 89.09656587017224, 'noise_gpi_sigma': 65.2667387901667, 'g_stn_gpe_mult': 3.2656516261165285, 'g_gpe_stn_mult': 0.10954135190978836, 'g_stn_gpi_mult': 2.4129373711884363, 'g_gpe_gpi_mult': 0.31567459123218766}. Best is trial 341 with value: 0.2554296067222772.
[I 2026-05-29 00:05:01,359] Trial 351 finished with value: 0.2620390918580729 and parameters: {'ISTN': 65.4757190211129, 'I_gpe': 0.9714611364465136, 'I_gpi': 1.673149701203558, 'noise_stn_sigma': 3.659693135117422, 'noise_gpe_sigma': 102.56087809821182, 'noise_gpi_sigma': 71.20136576391658, 'g_stn_gpe_mult': 2.7638628900178546, 'g_gpe_stn_mult': 0.13073062198430474, 'g_stn_gpi_mult': 2.3886089004442894, 'g_gpe_gpi_mult': 0.44437629364174064}. Best is trial 341 with value: 0.2554296067222772.
