[I 2026-05-28 23:48:48,710] Trial 396 finished with value: 0.7283557168598734 and parameters: {'ISTN': 60.363799778789605, 'I_gpe': 1.4465392942819038, 'I_gpi': 2.3045044678306654, 'noise_stn_sigma': 4.589647637433842, 'noise_gpe_sigma': 85.86844613379732, 'noise_gpi_sigma': 117.87557584967303, 'g_stn_gpe_mult': 2.4194341789070433, 'g_gpe_stn_mult': 0.16273670585051092, 'g_stn_gpi_mult': 1.6874467642025497, 'g_gpe_gpi_mult': 0.8215784256808512}. Best is trial 385 with value: 0.17190802772367522.
[I 2026-05-28 23:48:49,716] Trial 397 finished with value: 0.5305056215836798 and parameters: {'ISTN': 65.15826827245738, 'I_gpe': 1.4587102998853996, 'I_gpi': 2.312214041090763, 'noise_stn_sigma': 4.388534266925995, 'noise_gpe_sigma': 97.640250449174, 'noise_gpi_sigma': 105.19073099051437, 'g_stn_gpe_mult': 2.5555382102796935, 'g_gpe_stn_mult': 0.14151490313367887, 'g_stn_gpi_mult': 1.7745636215377725, 'g_gpe_gpi_mult': 0.921411319567401}. Best is trial 385 with value: 0.17190802772367522.
[I 2026-05-28 23:48:50,723] Trial 398 finished with value: 3.351262239457688 and parameters: {'ISTN': 65.04326963050343, 'I_gpe': 1.5014186146916497, 'I_gpi': 2.339705169200003, 'noise_stn_sigma': 4.844247821656356, 'noise_gpe_sigma': 92.03846200576142, 'noise_gpi_sigma': 115.2224758074596, 'g_stn_gpe_mult': 2.2317457505281637, 'g_gpe_stn_mult': 0.1638990005193047, 'g_stn_gpi_mult': 1.9125095686523852, 'g_gpe_gpi_mult': 0.9066314749797613}. Best is trial 385 with value: 0.17190802772367522.
[I 2026-05-28 23:48:51,732] Trial 399 finished with value: 1.7739558727616072 and parameters: {'ISTN': 63.510403908065726, 'I_gpe': 1.4432014379012292, 'I_gpi': 2.448469260744358, 'noise_stn_sigma': 4.50247572361832, 'noise_gpe_sigma': 104.69915871618163, 'noise_gpi_sigma': 107.26257652910756, 'g_stn_gpe_mult': 2.6865430742272203, 'g_gpe_stn_mult': 0.16905487079540962, 'g_stn_gpi_mult': 1.9354976039690794, 'g_gpe_gpi_mult': 0.8083995230799825}. Best is trial 385 with value: 0.17190802772367522.
[I 2026-05-28 23:48:52,739] Trial 400 finished with value: 0.21481915981808672 and parameters: {'ISTN': 60.95798526803514, 'I_gpe': 1.716672466418826, 'I_gpi': 2.267553581712614, 'noise_stn_sigma': 3.5385189362352283, 'noise_gpe_sigma': 107.90565468202125, 'noise_gpi_sigma': 108.31823006390906, 'g_stn_gpe_mult': 2.714897055310937, 'g_gpe_stn_mult': 0.1141177182336727, 'g_stn_gpi_mult': 1.8218847196483974, 'g_gpe_gpi_mult': 0.9718281381532075}. Best is trial 385 with value: 0.17190802772367522.
[I 2026-05-28 23:48:53,747] Trial 401 finished with value: 0.17985427447464608 and parameters: {'ISTN': 61.64327419476629, 'I_gpe': 1.63633354034693, 'I_gpi': 2.3684610844223837, 'noise_stn_sigma': 4.256085930756861, 'noise_gpe_sigma': 99.33813396934426, 'noise_gpi_sigma': 99.84536554232433, 'g_stn_gpe_mult': 2.615841674985356, 'g_gpe_stn_mult': 0.10195686399921079, 'g_stn_gpi_mult': 1.6807605585115653, 'g_gpe_gpi_mult': 0.9179838100817492}. Best is trial 385 with value: 0.17190802772367522.
[I 2026-05-28 23:48:54,753] Trial 402 finished with value: 0.4117143191799269 and parameters: {'ISTN': 62.74802078579016, 'I_gpe': 1.6158992023320664, 'I_gpi': 2.6665538853951847, 'noise_stn_sigma': 4.030957244188972, 'noise_gpe_sigma': 94.87223820559291, 'noise_gpi_sigma': 105.60334007010091, 'g_stn_gpe_mult': 2.583679634407951, 'g_gpe_stn_mult': 0.12375758594048784, 'g_stn_gpi_mult': 1.9292989836023016, 'g_gpe_gpi_mult': 0.9635525929802502}. Best is trial 385 with value: 0.17190802772367522.
[I 2026-05-28 23:48:55,759] Trial 403 finished with value: 0.17262522162615634 and parameters: {'ISTN': 61.46821669780795, 'I_gpe': 1.5772220079211965, 'I_gpi': 2.3430332540327976, 'noise_stn_sigma': 4.107533857363993, 'noise_gpe_sigma': 95.24064572748135, 'noise_gpi_sigma': 106.80226695781761, 'g_stn_gpe_mult': 2.265924654389364, 'g_gpe_stn_mult': 0.12020295328858174, 'g_stn_gpi_mult': 1.886956192221317, 'g_gpe_gpi_mult': 0.8977752403696715}. Best is trial 385 with value: 0.17190802772367522.
[I 2026-05-28 23:48:56,765] Trial 404 finished with value: 0.18686715007199817 and parameters: {'ISTN': 62.3485287173695, 'I_gpe': 1.6073043648511023, 'I_gpi': 2.231031942226569, 'noise_stn_sigma': 3.583222984840295, 'noise_gpe_sigma': 100.54692798118742, 'noise_gpi_sigma': 109.11682735623188, 'g_stn_gpe_mult': 2.6915282549584543, 'g_gpe_stn_mult': 0.11570042871945604, 'g_stn_gpi_mult': 1.8406403420350363, 'g_gpe_gpi_mult': 0.9643837769074006}. Best is trial 385 with value: 0.17190802772367522.
[I 2026-05-28 23:48:57,770] Trial 405 finished with value: 3.3077737269660825 and parameters: {'ISTN': 65.95539453048096, 'I_gpe': 1.525356005371217, 'I_gpi': 2.604842183972358, 'noise_stn_sigma': 4.69946301998257, 'noise_gpe_sigma': 102.22354170213279, 'noise_gpi_sigma': 112.14299709669112, 'g_stn_gpe_mult': 2.5886319161446956, 'g_gpe_stn_mult': 0.10471521736976894, 'g_stn_gpi_mult': 1.9101892002231544, 'g_gpe_gpi_mult': 0.906845316855265}. Best is trial 385 with value: 0.17190802772367522.
[I 2026-05-28 23:48:58,776] Trial 406 finished with value: 2.3011564463389984 and parameters: {'ISTN': 63.95240269759562, 'I_gpe': 1.673866391731423, 'I_gpi': 2.2440409044829908, 'noise_stn_sigma': 4.324760450480276, 'noise_gpe_sigma': 90.6728566045504, 'noise_gpi_sigma': 100.17532991095953, 'g_stn_gpe_mult': 2.4830417008202654, 'g_gpe_stn_mult': 0.12791566958740974, 'g_stn_gpi_mult': 1.659280945467322, 'g_gpe_gpi_mult': 0.9509354957487266}. Best is trial 385 with value: 0.17190802772367522.
[I 2026-05-28 23:48:59,782] Trial 407 finished with value: 2.948980569090018 and parameters: {'ISTN': 62.39568111383242, 'I_gpe': 1.5159752589324687, 'I_gpi': 2.4935558084044205, 'noise_stn_sigma': 3.8919727781395954, 'noise_gpe_sigma': 98.94330306945608, 'noise_gpi_sigma': 115.02960261663695, 'g_stn_gpe_mult': 2.6025397082611263, 'g_gpe_stn_mult': 0.1424215169428138, 'g_stn_gpi_mult': 1.8898165506809708, 'g_gpe_gpi_mult': 1.0037623812455623}. Best is trial 385 with value: 0.17190802772367522.
[I 2026-05-28 23:49:00,788] Trial 408 finished with value: 0.6661823954046563 and parameters: {'ISTN': 60.706930898901355, 'I_gpe': 1.60174301845425, 'I_gpi': 2.4603441959214813, 'noise_stn_sigma': 4.184915462555839, 'noise_gpe_sigma': 93.67898374288916, 'noise_gpi_sigma': 102.60632889915789, 'g_stn_gpe_mult': 2.492388123013263, 'g_gpe_stn_mult': 0.13855439042166381, 'g_stn_gpi_mult': 1.8596727492230172, 'g_gpe_gpi_mult': 0.9336589687923047}. Best is trial 385 with value: 0.17190802772367522.
[I 2026-05-28 23:49:01,794] Trial 409 finished with value: 0.185767381778056 and parameters: {'ISTN': 61.44917573046852, 'I_gpe': 1.591296237368562, 'I_gpi': 2.3115638117121966, 'noise_stn_sigma': 4.292534495286238, 'noise_gpe_sigma': 87.55543178169677, 'noise_gpi_sigma': 114.23095502877217, 'g_stn_gpe_mult': 2.5917900851220823, 'g_gpe_stn_mult': 0.10753982509321275, 'g_stn_gpi_mult': 1.9305479097832323, 'g_gpe_gpi_mult': 0.9636134967118883}. Best is trial 385 with value: 0.17190802772367522.
[I 2026-05-28 23:49:02,801] Trial 410 finished with value: 0.2436807164780125 and parameters: {'ISTN': 61.258968105910384, 'I_gpe': 1.65728517766986, 'I_gpi': 2.4505104319575524, 'noise_stn_sigma': 3.9012790635129786, 'noise_gpe_sigma': 84.20151703727824, 'noise_gpi_sigma': 115.15313856326551, 'g_stn_gpe_mult': 2.617698973703906, 'g_gpe_stn_mult': 0.11160469609903936, 'g_stn_gpi_mult': 1.7564010554175447, 'g_gpe_gpi_mult': 0.8807119176404243}. Best is trial 385 with value: 0.17190802772367522.
[I 2026-05-28 23:49:03,809] Trial 411 finished with value: 3.670279427782869 and parameters: {'ISTN': 65.04515786377996, 'I_gpe': 1.5545076780307425, 'I_gpi': 2.671842020066061, 'noise_stn_sigma': 4.074761445518455, 'noise_gpe_sigma': 92.10084595856289, 'noise_gpi_sigma': 107.4903425593216, 'g_stn_gpe_mult': 2.5188669601084985, 'g_gpe_stn_mult': 0.1183316440217477, 'g_stn_gpi_mult': 1.9465675790614596, 'g_gpe_gpi_mult': 0.9126341171964338}. Best is trial 385 with value: 0.17190802772367522.
[I 2026-05-28 23:49:04,815] Trial 412 finished with value: 0.16866786796145783 and parameters: {'ISTN': 62.175260762572066, 'I_gpe': 1.5176962896389097, 'I_gpi': 2.145418240455623, 'noise_stn_sigma': 3.8485942688089816, 'noise_gpe_sigma': 98.26081194367484, 'noise_gpi_sigma': 109.08577769301483, 'g_stn_gpe_mult': 2.3907224290204248, 'g_gpe_stn_mult': 0.12130611756335229, 'g_stn_gpi_mult': 1.9463420025470195, 'g_gpe_gpi_mult': 0.8891774925453575}. Best is trial 412 with value: 0.16866786796145783.
[I 2026-05-28 23:49:05,821] Trial 413 finished with value: 3.659214330592315 and parameters: {'ISTN': 63.98760386216517, 'I_gpe': 1.538476135953525, 'I_gpi': 2.2916618770940413, 'noise_stn_sigma': 4.072209925413038, 'noise_gpe_sigma': 99.79326003406041, 'noise_gpi_sigma': 103.54028279905383, 'g_stn_gpe_mult': 2.4617374895091677, 'g_gpe_stn_mult': 0.13250123259874064, 'g_stn_gpi_mult': 2.0259250203035264, 'g_gpe_gpi_mult': 0.9195623568087958}. Best is trial 412 with value: 0.16866786796145783.
[I 2026-05-28 23:49:06,828] Trial 414 finished with value: 0.40106171759118936 and parameters: {'ISTN': 61.2689784006685, 'I_gpe': 1.6909452317163776, 'I_gpi': 2.5525679264189813, 'noise_stn_sigma': 3.939038579394155, 'noise_gpe_sigma': 102.24090022262074, 'noise_gpi_sigma': 104.27472448308443, 'g_stn_gpe_mult': 2.5544259923394725, 'g_gpe_stn_mult': 0.12802342970093417, 'g_stn_gpi_mult': 1.7513216482841707, 'g_gpe_gpi_mult': 0.9987859044375014}. Best is trial 412 with value: 0.16866786796145783.
[I 2026-05-28 23:49:07,836] Trial 415 finished with value: 4.986422956807364 and parameters: {'ISTN': 60.53374171270574, 'I_gpe': 1.5158907310541154, 'I_gpi': 2.480294970834449, 'noise_stn_sigma': 4.124096550625747, 'noise_gpe_sigma': 87.54063684512319, 'noise_gpi_sigma': 115.10105975522538, 'g_stn_gpe_mult': 2.4288182330307855, 'g_gpe_stn_mult': 0.1840732575878218, 'g_stn_gpi_mult': 1.9931500323143705, 'g_gpe_gpi_mult': 0.8381787728784511}. Best is trial 412 with value: 0.16866786796145783.
[I 2026-05-28 23:49:08,841] Trial 416 finished with value: 0.17806731639185158 and parameters: {'ISTN': 62.971653352491366, 'I_gpe': 1.4756040190750983, 'I_gpi': 2.401913303084986, 'noise_stn_sigma': 4.470783846988018, 'noise_gpe_sigma': 91.12599423870803, 'noise_gpi_sigma': 110.1207832530244, 'g_stn_gpe_mult': 2.621990974206628, 'g_gpe_stn_mult': 0.11028937143651807, 'g_stn_gpi_mult': 1.9443083871123406, 'g_gpe_gpi_mult': 0.9558318321229282}. Best is trial 412 with value: 0.16866786796145783.
[I 2026-05-28 23:49:09,844] Trial 417 finished with value: 0.1903790184785832 and parameters: {'ISTN': 62.39539521340249, 'I_gpe': 1.5564854308512284, 'I_gpi': 2.4723085946488603, 'noise_stn_sigma': 3.644357570166929, 'noise_gpe_sigma': 88.95621375232223, 'noise_gpi_sigma': 103.36816477756335, 'g_stn_gpe_mult': 2.4317008590668037, 'g_gpe_stn_mult': 0.11554364169850834, 'g_stn_gpi_mult': 1.7952724722397602, 'g_gpe_gpi_mult': 0.842137788073239}. Best is trial 412 with value: 0.16866786796145783.
[I 2026-05-28 23:49:10,851] Trial 418 finished with value: 4.951369176534192 and parameters: {'ISTN': 64.1772709799588, 'I_gpe': 1.5982445105234968, 'I_gpi': 2.3236473550513073, 'noise_stn_sigma': 4.254285938861889, 'noise_gpe_sigma': 98.64682286309352, 'noise_gpi_sigma': 105.69679781494781, 'g_stn_gpe_mult': 2.4314430846345245, 'g_gpe_stn_mult': 0.1493153784863399, 'g_stn_gpi_mult': 1.8749384280117192, 'g_gpe_gpi_mult': 1.0061244162627003}. Best is trial 412 with value: 0.16866786796145783.
[I 2026-05-28 23:49:11,859] Trial 419 finished with value: 4.381586684955473 and parameters: {'ISTN': 61.98920366924048, 'I_gpe': 1.453264593504143, 'I_gpi': 2.072047258061718, 'noise_stn_sigma': 4.503833498674585, 'noise_gpe_sigma': 96.9891354749075, 'noise_gpi_sigma': 109.17942454786991, 'g_stn_gpe_mult': 2.4811651391505305, 'g_gpe_stn_mult': 0.14468618004799638, 'g_stn_gpi_mult': 1.792466919953298, 'g_gpe_gpi_mult': 0.9383197555285951}. Best is trial 412 with value: 0.16866786796145783.
[I 2026-05-28 23:49:12,865] Trial 420 finished with value: 0.23145468955100662 and parameters: {'ISTN': 60.812538117299574, 'I_gpe': 1.6737883142107064, 'I_gpi': 2.5377508752139217, 'noise_stn_sigma': 4.416385514822505, 'noise_gpe_sigma': 83.09861937054198, 'noise_gpi_sigma': 106.2561399520972, 'g_stn_gpe_mult': 2.472880504945638, 'g_gpe_stn_mult': 0.11432230404312056, 'g_stn_gpi_mult': 1.6698981761115563, 'g_gpe_gpi_mult': 0.8750873786273707}. Best is trial 412 with value: 0.16866786796145783.
[I 2026-05-28 23:49:13,873] Trial 421 finished with value: 0.24044417350635308 and parameters: {'ISTN': 61.05232336866849, 'I_gpe': 1.4679139894522886, 'I_gpi': 2.389981301562368, 'noise_stn_sigma': 4.596527626837217, 'noise_gpe_sigma': 90.76876836028268, 'noise_gpi_sigma': 115.3073114276287, 'g_stn_gpe_mult': 2.440448001467218, 'g_gpe_stn_mult': 0.11301312292449239, 'g_stn_gpi_mult': 2.024182282037019, 'g_gpe_gpi_mult': 0.9299210149298958}. Best is trial 412 with value: 0.16866786796145783.
[I 2026-05-28 23:49:14,881] Trial 422 finished with value: 0.17619089602954793 and parameters: {'ISTN': 61.35112922745235, 'I_gpe': 1.5237374574621911, 'I_gpi': 2.132171925212279, 'noise_stn_sigma': 3.820960322496273, 'noise_gpe_sigma': 96.1563079298998, 'noise_gpi_sigma': 113.44597341256657, 'g_stn_gpe_mult': 2.7523651898440704, 'g_gpe_stn_mult': 0.10729370105417607, 'g_stn_gpi_mult': 1.914776202566078, 'g_gpe_gpi_mult': 0.9416908951318055}. Best is trial 412 with value: 0.16866786796145783.
[I 2026-05-28 23:49:15,889] Trial 423 finished with value: 0.20949349449511795 and parameters: {'ISTN': 62.15419715988454, 'I_gpe': 1.6129274028026719, 'I_gpi': 2.558993076746698, 'noise_stn_sigma': 3.8807953405568627, 'noise_gpe_sigma': 96.9410523467418, 'noise_gpi_sigma': 101.51019565571005, 'g_stn_gpe_mult': 2.3636363489733374, 'g_gpe_stn_mult': 0.10456735246582977, 'g_stn_gpi_mult': 1.905295061279163, 'g_gpe_gpi_mult': 0.9561338703830997}. Best is trial 412 with value: 0.16866786796145783.
[I 2026-05-28 23:49:16,897] Trial 424 finished with value: 0.18495471670144537 and parameters: {'ISTN': 61.717917193672186, 'I_gpe': 1.6127350039984378, 'I_gpi': 2.3185762915542325, 'noise_stn_sigma': 3.5542619212577193, 'noise_gpe_sigma': 96.59555025971089, 'noise_gpi_sigma': 110.87727343826094, 'g_stn_gpe_mult': 2.5257284794661574, 'g_gpe_stn_mult': 0.10756302269294418, 'g_stn_gpi_mult': 1.9814116820746455, 'g_gpe_gpi_mult': 0.920859737136347}. Best is trial 412 with value: 0.16866786796145783.
[I 2026-05-28 23:49:17,903] Trial 425 finished with value: 4.605348516416056 and parameters: {'ISTN': 65.53066742877161, 'I_gpe': 1.4367099724487293, 'I_gpi': 2.593542898250419, 'noise_stn_sigma': 4.620305192385227, 'noise_gpe_sigma': 94.52728880304835, 'noise_gpi_sigma': 110.396721320569, 'g_stn_gpe_mult': 2.3483716845256155, 'g_gpe_stn_mult': 0.12495191366255456, 'g_stn_gpi_mult': 1.9391065096496227, 'g_gpe_gpi_mult': 0.9853231469471504}. Best is trial 412 with value: 0.16866786796145783.
[I 2026-05-28 23:49:18,909] Trial 426 finished with value: 0.8121697231155354 and parameters: {'ISTN': 63.58847231181621, 'I_gpe': 1.4823459410143696, 'I_gpi': 2.1529691644686357, 'noise_stn_sigma': 4.214326829104043, 'noise_gpe_sigma': 112.35041525967941, 'noise_gpi_sigma': 107.21512526760348, 'g_stn_gpe_mult': 2.7475866716915895, 'g_gpe_stn_mult': 0.1255904397502548, 'g_stn_gpi_mult': 1.7344717507062537, 'g_gpe_gpi_mult': 0.9792831633911243}. Best is trial 412 with value: 0.16866786796145783.
[I 2026-05-28 23:49:19,914] Trial 427 finished with value: 0.1661817979308491 and parameters: {'ISTN': 60.46341905099524, 'I_gpe': 1.5682047352162551, 'I_gpi': 2.3067332590142096, 'noise_stn_sigma': 3.9134400230316637, 'noise_gpe_sigma': 90.25218067033117, 'noise_gpi_sigma': 107.38002442467771, 'g_stn_gpe_mult': 2.4244680122083606, 'g_gpe_stn_mult': 0.1107230047077339, 'g_stn_gpi_mult': 1.8984723785695903, 'g_gpe_gpi_mult': 0.9973353598143702}. Best is trial 427 with value: 0.1661817979308491.
[I 2026-05-28 23:49:20,921] Trial 428 finished with value: 3.5376498313448774 and parameters: {'ISTN': 62.82426907849107, 'I_gpe': 1.602940186949802, 'I_gpi': 2.244700861734911, 'noise_stn_sigma': 3.767585903265082, 'noise_gpe_sigma': 90.42269395142645, 'noise_gpi_sigma': 107.55653753678766, 'g_stn_gpe_mult': 2.3634700936873916, 'g_gpe_stn_mult': 0.13581201145055907, 'g_stn_gpi_mult': 1.7656414561890368, 'g_gpe_gpi_mult': 0.9321802203303506}. Best is trial 427 with value: 0.1661817979308491.
[I 2026-05-28 23:49:21,927] Trial 429 finished with value: 6.51282777162358 and parameters: {'ISTN': 63.192834320788585, 'I_gpe': 1.4968959056110092, 'I_gpi': 2.4641540168642013, 'noise_stn_sigma': 4.586929847833113, 'noise_gpe_sigma': 90.6983125918245, 'noise_gpi_sigma': 113.43503829263591, 'g_stn_gpe_mult': 2.4916837172803663, 'g_gpe_stn_mult': 0.1347959240804867, 'g_stn_gpi_mult': 2.0741188615293664, 'g_gpe_gpi_mult': 0.9012763873219338}. Best is trial 427 with value: 0.1661817979308491.
[I 2026-05-28 23:49:22,873] Trial 430 finished with value: 1000000.0 and parameters: {'ISTN': 62.46211792879074, 'I_gpe': 1.532756954039678, 'I_gpi': 2.300669812972158, 'noise_stn_sigma': 3.848848052917719, 'noise_gpe_sigma': 99.44322166651881, 'noise_gpi_sigma': 108.81928518145925, 'g_stn_gpe_mult': 2.39478931789491, 'g_gpe_stn_mult': 0.10588587903044093, 'g_stn_gpi_mult': 1.895446018526986, 'g_gpe_gpi_mult': 0.9102152239563168}. Best is trial 427 with value: 0.1661817979308491.
[I 2026-05-28 23:49:23,881] Trial 431 finished with value: 0.14719015457227402 and parameters: {'ISTN': 60.22942833544337, 'I_gpe': 1.4315414527040848, 'I_gpi': 2.3514947128864594, 'noise_stn_sigma': 4.088541842020894, 'noise_gpe_sigma': 94.41835407040064, 'noise_gpi_sigma': 103.32786185039765, 'g_stn_gpe_mult': 2.550081336362219, 'g_gpe_stn_mult': 0.10784604655406543, 'g_stn_gpi_mult': 1.862603286255519, 'g_gpe_gpi_mult': 0.9764787004607807}. Best is trial 431 with value: 0.14719015457227402.
[I 2026-05-28 23:49:24,887] Trial 432 finished with value: 0.17606835905871954 and parameters: {'ISTN': 61.4111511366715, 'I_gpe': 1.5719489977529357, 'I_gpi': 2.2898863264639635, 'noise_stn_sigma': 3.601764705424327, 'noise_gpe_sigma': 99.10920313009443, 'noise_gpi_sigma': 107.85869825863696, 'g_stn_gpe_mult': 2.5202084760087184, 'g_gpe_stn_mult': 0.11690415462967371, 'g_stn_gpi_mult': 2.0534895513024973, 'g_gpe_gpi_mult': 0.9300453156012074}. Best is trial 431 with value: 0.14719015457227402.
[I 2026-05-28 23:49:25,893] Trial 433 finished with value: 0.8844862390869396 and parameters: {'ISTN': 64.25459652607111, 'I_gpe': 1.3730709479288536, 'I_gpi': 2.273455030365004, 'noise_stn_sigma': 3.7147562447024725, 'noise_gpe_sigma': 97.94017262139684, 'noise_gpi_sigma': 113.70703970141491, 'g_stn_gpe_mult': 2.712156039890217, 'g_gpe_stn_mult': 0.13882788636790547, 'g_stn_gpi_mult': 2.041558754507446, 'g_gpe_gpi_mult': 0.9371369507921494}. Best is trial 431 with value: 0.14719015457227402.
[I 2026-05-28 23:49:26,900] Trial 434 finished with value: 0.18880166295823061 and parameters: {'ISTN': 60.00991111447934, 'I_gpe': 1.6523053946428978, 'I_gpi': 2.032911883609729, 'noise_stn_sigma': 3.699092189725513, 'noise_gpe_sigma': 96.3052596425851, 'noise_gpi_sigma': 104.73434745952045, 'g_stn_gpe_mult': 2.432923480383768, 'g_gpe_stn_mult': 0.1356736557351927, 'g_stn_gpi_mult': 1.7809585718023306, 'g_gpe_gpi_mult': 0.9460681067264805}. Best is trial 431 with value: 0.14719015457227402.
[I 2026-05-28 23:49:27,904] Trial 435 finished with value: 0.1827554787796294 and parameters: {'ISTN': 61.654795731230315, 'I_gpe': 1.5815348199333763, 'I_gpi': 2.0628925047926523, 'noise_stn_sigma': 3.7564230609795612, 'noise_gpe_sigma': 95.62134366799786, 'noise_gpi_sigma': 107.85070178286104, 'g_stn_gpe_mult': 2.4575197288667407, 'g_gpe_stn_mult': 0.11848939414893889, 'g_stn_gpi_mult': 2.0452130007076104, 'g_gpe_gpi_mult': 0.9931007621460446}. Best is trial 431 with value: 0.14719015457227402.
[I 2026-05-28 23:49:28,910] Trial 436 finished with value: 0.21279469132574633 and parameters: {'ISTN': 60.63118143489713, 'I_gpe': 1.79047477072086, 'I_gpi': 2.2248806484455623, 'noise_stn_sigma': 3.8639788155997215, 'noise_gpe_sigma': 93.47867196117912, 'noise_gpi_sigma': 101.76178548642261, 'g_stn_gpe_mult': 2.3474390569475423, 'g_gpe_stn_mult': 0.11771351416801834, 'g_stn_gpi_mult': 1.9290527009567289, 'g_gpe_gpi_mult': 0.9932570075373621}. Best is trial 431 with value: 0.14719015457227402.
[I 2026-05-28 23:49:29,917] Trial 437 finished with value: 0.21442377449666192 and parameters: {'ISTN': 63.40480681181576, 'I_gpe': 1.6748700072946252, 'I_gpi': 2.302334534520468, 'noise_stn_sigma': 3.4899996527537502, 'noise_gpe_sigma': 95.9977549881526, 'noise_gpi_sigma': 111.96936759831698, 'g_stn_gpe_mult': 2.4902137245896205, 'g_gpe_stn_mult': 0.10097278014816158, 'g_stn_gpi_mult': 2.066814516086395, 'g_gpe_gpi_mult': 1.0001916801387}. Best is trial 431 with value: 0.14719015457227402.
[I 2026-05-28 23:49:30,924] Trial 438 finished with value: 0.17600780527008925 and parameters: {'ISTN': 60.5369572782093, 'I_gpe': 1.5480479556524145, 'I_gpi': 2.4569613790226446, 'noise_stn_sigma': 3.8901585063985533, 'noise_gpe_sigma': 86.87102733859274, 'noise_gpi_sigma': 110.7982684947906, 'g_stn_gpe_mult': 2.647601136462217, 'g_gpe_stn_mult': 0.10307638363629393, 'g_stn_gpi_mult': 1.811576917694021, 'g_gpe_gpi_mult': 0.9432161764762994}. Best is trial 431 with value: 0.14719015457227402.
[I 2026-05-28 23:49:31,930] Trial 439 finished with value: 0.19565844257432072 and parameters: {'ISTN': 61.62271233672687, 'I_gpe': 1.5834952571052303, 'I_gpi': 2.4489051159114066, 'noise_stn_sigma': 3.9752149885319077, 'noise_gpe_sigma': 98.99415087787936, 'noise_gpi_sigma': 111.13255059044985, 'g_stn_gpe_mult': 2.6851270957391673, 'g_gpe_stn_mult': 0.1194141888442088, 'g_stn_gpi_mult': 1.9206915267924027, 'g_gpe_gpi_mult': 0.9635145452147515}. Best is trial 431 with value: 0.14719015457227402.
