[I 2026-05-28 23:28:54,129] Trial 220 finished with value: 5.169016035213279 and parameters: {'ISTN': 60.233270203841485, 'I_gpe': 1.2248082219190692, 'I_gpi': 3.1263730711752835, 'noise_stn_sigma': 5.1776124430892025, 'noise_gpe_sigma': 123.55463163121738, 'noise_gpi_sigma': 105.06929249342132, 'g_stn_gpe_mult': 1.7491863393104532, 'g_gpe_stn_mult': 0.4270049008310072, 'g_stn_gpi_mult': 2.160970643262292, 'g_gpe_gpi_mult': 0.5319715960045892}. Best is trial 114 with value: 0.7660526910236299.
[I 2026-05-28 23:28:55,138] Trial 221 finished with value: 10.09617840565609 and parameters: {'ISTN': 70.21168346056686, 'I_gpe': 1.4413096204324536, 'I_gpi': 2.0358570541217933, 'noise_stn_sigma': 6.914983406416849, 'noise_gpe_sigma': 133.11717636183977, 'noise_gpi_sigma': 104.0198207132363, 'g_stn_gpe_mult': 2.096910849377528, 'g_gpe_stn_mult': 0.3575617343770847, 'g_stn_gpi_mult': 2.1326520245863376, 'g_gpe_gpi_mult': 0.5346406166650574}. Best is trial 114 with value: 0.7660526910236299.
[I 2026-05-28 23:28:56,148] Trial 222 finished with value: 12.45157574915745 and parameters: {'ISTN': 61.69727174859423, 'I_gpe': 1.916531263545048, 'I_gpi': 2.1638639830437647, 'noise_stn_sigma': 7.092140095188975, 'noise_gpe_sigma': 127.20845821315724, 'noise_gpi_sigma': 100.88500854828996, 'g_stn_gpe_mult': 2.4642414323208843, 'g_gpe_stn_mult': 0.41519596307086293, 'g_stn_gpi_mult': 1.940939861610772, 'g_gpe_gpi_mult': 0.6290734343809885}. Best is trial 114 with value: 0.7660526910236299.
[I 2026-05-28 23:28:57,155] Trial 223 finished with value: 13.619381186100567 and parameters: {'ISTN': 63.73926672010112, 'I_gpe': 1.1500847505531104, 'I_gpi': 2.6664968252623975, 'noise_stn_sigma': 7.084414184384871, 'noise_gpe_sigma': 105.16034478515232, 'noise_gpi_sigma': 120.0142261296426, 'g_stn_gpe_mult': 1.990310896450799, 'g_gpe_stn_mult': 0.4605771146715435, 'g_stn_gpi_mult': 2.2860748535524036, 'g_gpe_gpi_mult': 0.6815676062677769}. Best is trial 114 with value: 0.7660526910236299.
[I 2026-05-28 23:28:58,165] Trial 224 finished with value: 8.446246023671359 and parameters: {'ISTN': 70.9039408247895, 'I_gpe': 1.1244224687899036, 'I_gpi': 2.54092936859238, 'noise_stn_sigma': 6.808398129626822, 'noise_gpe_sigma': 116.49595504812498, 'noise_gpi_sigma': 100.31361966238303, 'g_stn_gpe_mult': 2.122795632549574, 'g_gpe_stn_mult': 0.296911658364345, 'g_stn_gpi_mult': 2.521287447852802, 'g_gpe_gpi_mult': 0.6689204608996085}. Best is trial 114 with value: 0.7660526910236299.
[I 2026-05-28 23:28:59,174] Trial 225 finished with value: 9.141860455609088 and parameters: {'ISTN': 86.41330610102379, 'I_gpe': 1.0787462925260558, 'I_gpi': 2.5895209646863306, 'noise_stn_sigma': 7.253283128012365, 'noise_gpe_sigma': 124.33505576601561, 'noise_gpi_sigma': 105.54100304825872, 'g_stn_gpe_mult': 2.130150185895771, 'g_gpe_stn_mult': 0.5613800371277824, 'g_stn_gpi_mult': 2.289474857751994, 'g_gpe_gpi_mult': 0.507659691311461}. Best is trial 114 with value: 0.7660526910236299.
[I 2026-05-28 23:29:00,183] Trial 226 finished with value: 12.208921895269476 and parameters: {'ISTN': 63.619241051143824, 'I_gpe': 1.8725269009618357, 'I_gpi': 2.5255889924857864, 'noise_stn_sigma': 6.631349019288633, 'noise_gpe_sigma': 121.53199082853844, 'noise_gpi_sigma': 110.94484722229403, 'g_stn_gpe_mult': 2.0952048281850457, 'g_gpe_stn_mult': 0.399771003438655, 'g_stn_gpi_mult': 2.2187768996770636, 'g_gpe_gpi_mult': 0.5167520795272522}. Best is trial 114 with value: 0.7660526910236299.
[I 2026-05-28 23:29:01,191] Trial 227 finished with value: 11.632840420326254 and parameters: {'ISTN': 64.35097457656576, 'I_gpe': 1.5791091716966326, 'I_gpi': 2.114137133419481, 'noise_stn_sigma': 7.52102666874739, 'noise_gpe_sigma': 89.99028362074004, 'noise_gpi_sigma': 94.03574925745248, 'g_stn_gpe_mult': 2.4939379590895303, 'g_gpe_stn_mult': 0.4263357711497554, 'g_stn_gpi_mult': 2.226538189443092, 'g_gpe_gpi_mult': 0.47722905912552643}. Best is trial 114 with value: 0.7660526910236299.
[I 2026-05-28 23:29:02,199] Trial 228 finished with value: 6.0998016075334025 and parameters: {'ISTN': 62.227739379381354, 'I_gpe': 1.3985734470625069, 'I_gpi': 2.641024948274147, 'noise_stn_sigma': 7.586582649882936, 'noise_gpe_sigma': 115.44817697600675, 'noise_gpi_sigma': 117.62992338927765, 'g_stn_gpe_mult': 1.7653808711690306, 'g_gpe_stn_mult': 0.45074972675206904, 'g_stn_gpi_mult': 1.699766176087599, 'g_gpe_gpi_mult': 0.507258620554876}. Best is trial 114 with value: 0.7660526910236299.
[I 2026-05-28 23:29:03,206] Trial 229 finished with value: 9.383616247155306 and parameters: {'ISTN': 75.2724895377641, 'I_gpe': 1.710991677585319, 'I_gpi': 3.0868914180143117, 'noise_stn_sigma': 6.998389733831191, 'noise_gpe_sigma': 121.46483063599966, 'noise_gpi_sigma': 108.96730506867742, 'g_stn_gpe_mult': 2.1816540496613808, 'g_gpe_stn_mult': 0.5343381240883743, 'g_stn_gpi_mult': 1.979090508704668, 'g_gpe_gpi_mult': 0.5069972192791208}. Best is trial 114 with value: 0.7660526910236299.
[I 2026-05-28 23:29:04,213] Trial 230 finished with value: 9.652603768380681 and parameters: {'ISTN': 68.37055139926704, 'I_gpe': 1.2574317989145543, 'I_gpi': 2.314793431515601, 'noise_stn_sigma': 7.914973733873764, 'noise_gpe_sigma': 142.66009790967155, 'noise_gpi_sigma': 98.62938406261972, 'g_stn_gpe_mult': 2.2771958219666413, 'g_gpe_stn_mult': 0.5047734757325603, 'g_stn_gpi_mult': 1.5770963452742963, 'g_gpe_gpi_mult': 0.6994143656895122}. Best is trial 114 with value: 0.7660526910236299.
[I 2026-05-28 23:29:05,221] Trial 231 finished with value: 9.642031732199852 and parameters: {'ISTN': 74.7986791796838, 'I_gpe': 1.456622288458505, 'I_gpi': 2.571416629777173, 'noise_stn_sigma': 7.376495912183814, 'noise_gpe_sigma': 108.0035666546847, 'noise_gpi_sigma': 121.78617200957055, 'g_stn_gpe_mult': 2.2703053800766915, 'g_gpe_stn_mult': 0.3408828228822468, 'g_stn_gpi_mult': 1.3726427277081064, 'g_gpe_gpi_mult': 0.5666979486821895}. Best is trial 114 with value: 0.7660526910236299.
[I 2026-05-28 23:29:06,227] Trial 232 finished with value: 11.516138974610584 and parameters: {'ISTN': 68.26303973356143, 'I_gpe': 1.8970521843294175, 'I_gpi': 2.654239098863938, 'noise_stn_sigma': 7.462292768055564, 'noise_gpe_sigma': 145.75465102545294, 'noise_gpi_sigma': 98.65428241703839, 'g_stn_gpe_mult': 1.94842304343172, 'g_gpe_stn_mult': 0.4613240787217241, 'g_stn_gpi_mult': 1.6239645747653841, 'g_gpe_gpi_mult': 0.6032864540508902}. Best is trial 114 with value: 0.7660526910236299.
[I 2026-05-28 23:29:07,234] Trial 233 finished with value: 12.490402575223506 and parameters: {'ISTN': 94.48045323027972, 'I_gpe': 1.4261217206174455, 'I_gpi': 3.2479492558394103, 'noise_stn_sigma': 7.922255545814163, 'noise_gpe_sigma': 132.23842952979146, 'noise_gpi_sigma': 117.69580570269444, 'g_stn_gpe_mult': 1.8028296427959936, 'g_gpe_stn_mult': 0.40462333427769415, 'g_stn_gpi_mult': 1.5759187996944104, 'g_gpe_gpi_mult': 0.6059283112896565}. Best is trial 114 with value: 0.7660526910236299.
[I 2026-05-28 23:29:08,241] Trial 234 finished with value: 7.193488502862585 and parameters: {'ISTN': 65.66255213982627, 'I_gpe': 1.044103943444683, 'I_gpi': 2.566217129667482, 'noise_stn_sigma': 6.960853585453019, 'noise_gpe_sigma': 110.76620279942622, 'noise_gpi_sigma': 111.09865256953522, 'g_stn_gpe_mult': 2.1547120096965013, 'g_gpe_stn_mult': 0.4172176736567238, 'g_stn_gpi_mult': 2.321304099107043, 'g_gpe_gpi_mult': 0.425265921798226}. Best is trial 114 with value: 0.7660526910236299.
[I 2026-05-28 23:29:09,248] Trial 235 finished with value: 9.004970556586755 and parameters: {'ISTN': 74.60065735946819, 'I_gpe': 1.5878424408417628, 'I_gpi': 2.2975628842955156, 'noise_stn_sigma': 6.842959224459436, 'noise_gpe_sigma': 109.83801188114427, 'noise_gpi_sigma': 107.7532563007796, 'g_stn_gpe_mult': 1.840391818710228, 'g_gpe_stn_mult': 0.3168374213094458, 'g_stn_gpi_mult': 1.9821599332113784, 'g_gpe_gpi_mult': 0.6242108591541606}. Best is trial 114 with value: 0.7660526910236299.
[I 2026-05-28 23:29:10,254] Trial 236 finished with value: 12.953974931033507 and parameters: {'ISTN': 76.86367690397869, 'I_gpe': 1.82903168714782, 'I_gpi': 2.7141289365399226, 'noise_stn_sigma': 6.1891342015107815, 'noise_gpe_sigma': 112.24121829926969, 'noise_gpi_sigma': 90.2854976038052, 'g_stn_gpe_mult': 2.734823310957276, 'g_gpe_stn_mult': 0.4273765330660294, 'g_stn_gpi_mult': 1.9456130324047185, 'g_gpe_gpi_mult': 0.5366944770814085}. Best is trial 114 with value: 0.7660526910236299.
[I 2026-05-28 23:29:11,262] Trial 237 finished with value: 6.288566814399567 and parameters: {'ISTN': 69.22263883123853, 'I_gpe': 1.0956958655191598, 'I_gpi': 2.6472593607572863, 'noise_stn_sigma': 7.021245812686279, 'noise_gpe_sigma': 128.6757602072874, 'noise_gpi_sigma': 85.56266956495229, 'g_stn_gpe_mult': 1.8874833866694078, 'g_gpe_stn_mult': 0.41512258369675414, 'g_stn_gpi_mult': 2.4368001502528203, 'g_gpe_gpi_mult': 0.6188818476949891}. Best is trial 114 with value: 0.7660526910236299.
[I 2026-05-28 23:29:12,271] Trial 238 finished with value: 11.464782174963602 and parameters: {'ISTN': 73.69081075615046, 'I_gpe': 1.9150315674452865, 'I_gpi': 2.1912448671420037, 'noise_stn_sigma': 6.7798946581857225, 'noise_gpe_sigma': 119.80646119926766, 'noise_gpi_sigma': 114.66547881585434, 'g_stn_gpe_mult': 1.7139367448093832, 'g_gpe_stn_mult': 0.32733256700522884, 'g_stn_gpi_mult': 1.8680086229955999, 'g_gpe_gpi_mult': 0.5366093713555802}. Best is trial 114 with value: 0.7660526910236299.
[I 2026-05-28 23:29:13,277] Trial 239 finished with value: 9.677215682194182 and parameters: {'ISTN': 71.59672026125014, 'I_gpe': 0.983451146754623, 'I_gpi': 3.103513995441088, 'noise_stn_sigma': 6.718725422188664, 'noise_gpe_sigma': 124.08783991077807, 'noise_gpi_sigma': 95.77503241840819, 'g_stn_gpe_mult': 1.620751650764452, 'g_gpe_stn_mult': 0.44790185280079275, 'g_stn_gpi_mult': 2.9590714078112272, 'g_gpe_gpi_mult': 0.4278390062756056}. Best is trial 114 with value: 0.7660526910236299.
[I 2026-05-28 23:29:14,287] Trial 240 finished with value: 6.792937762639694 and parameters: {'ISTN': 72.53441804567736, 'I_gpe': 1.3494751455517928, 'I_gpi': 3.575237991559988, 'noise_stn_sigma': 6.971241238184476, 'noise_gpe_sigma': 124.49949229601346, 'noise_gpi_sigma': 111.9701325479702, 'g_stn_gpe_mult': 2.3749429657094723, 'g_gpe_stn_mult': 0.5005797602664164, 'g_stn_gpi_mult': 2.0467247992483184, 'g_gpe_gpi_mult': 0.5358549114924431}. Best is trial 114 with value: 0.7660526910236299.
[I 2026-05-28 23:29:15,294] Trial 241 finished with value: 9.51768702850351 and parameters: {'ISTN': 74.85974309044434, 'I_gpe': 1.1377519973650818, 'I_gpi': 2.8734721158957246, 'noise_stn_sigma': 7.847196436085044, 'noise_gpe_sigma': 122.68722675879329, 'noise_gpi_sigma': 98.26501527974607, 'g_stn_gpe_mult': 2.4622201984378504, 'g_gpe_stn_mult': 0.3376006828168785, 'g_stn_gpi_mult': 1.4305869879376554, 'g_gpe_gpi_mult': 0.7156829239622025}. Best is trial 114 with value: 0.7660526910236299.
[I 2026-05-28 23:29:16,301] Trial 242 finished with value: 3.9414513451433577 and parameters: {'ISTN': 66.90298544930653, 'I_gpe': 0.9748639526758631, 'I_gpi': 2.6344148715100673, 'noise_stn_sigma': 7.190898287530671, 'noise_gpe_sigma': 113.42310187024984, 'noise_gpi_sigma': 99.47995373512036, 'g_stn_gpe_mult': 1.8707168573330482, 'g_gpe_stn_mult': 0.498701345924907, 'g_stn_gpi_mult': 2.118273362638579, 'g_gpe_gpi_mult': 0.5569243513285428}. Best is trial 114 with value: 0.7660526910236299.
[I 2026-05-28 23:29:17,310] Trial 243 finished with value: 11.100358933840571 and parameters: {'ISTN': 71.66967214900347, 'I_gpe': 1.2287200533128713, 'I_gpi': 2.433758587091959, 'noise_stn_sigma': 7.4958441948183765, 'noise_gpe_sigma': 111.21785799941269, 'noise_gpi_sigma': 98.54675340740384, 'g_stn_gpe_mult': 1.5826585108823, 'g_gpe_stn_mult': 0.4047488048725677, 'g_stn_gpi_mult': 2.31012341443696, 'g_gpe_gpi_mult': 0.5698596792448394}. Best is trial 114 with value: 0.7660526910236299.
[I 2026-05-28 23:29:18,317] Trial 244 finished with value: 5.988744583873209 and parameters: {'ISTN': 61.154382848521045, 'I_gpe': 1.3336936053443504, 'I_gpi': 2.5890540583232395, 'noise_stn_sigma': 6.606464218101149, 'noise_gpe_sigma': 111.31428283760854, 'noise_gpi_sigma': 95.91768535134581, 'g_stn_gpe_mult': 1.7627781376319376, 'g_gpe_stn_mult': 0.22676220359646274, 'g_stn_gpi_mult': 2.026345728618571, 'g_gpe_gpi_mult': 0.5724580159801032}. Best is trial 114 with value: 0.7660526910236299.
[I 2026-05-28 23:29:19,323] Trial 245 finished with value: 7.409557903519175 and parameters: {'ISTN': 68.40737943667519, 'I_gpe': 1.6833574663495379, 'I_gpi': 2.829602069655617, 'noise_stn_sigma': 6.4741960998350745, 'noise_gpe_sigma': 111.82028247282751, 'noise_gpi_sigma': 103.8201703133757, 'g_stn_gpe_mult': 2.351006809361652, 'g_gpe_stn_mult': 0.54295787090701, 'g_stn_gpi_mult': 2.6833974415194266, 'g_gpe_gpi_mult': 0.5407463944945535}. Best is trial 114 with value: 0.7660526910236299.
[I 2026-05-28 23:29:20,332] Trial 246 finished with value: 12.518333102931948 and parameters: {'ISTN': 71.05511308449816, 'I_gpe': 0.7710148396422029, 'I_gpi': 2.121480207144569, 'noise_stn_sigma': 7.8418921844116705, 'noise_gpe_sigma': 127.7277731562511, 'noise_gpi_sigma': 95.56075748222123, 'g_stn_gpe_mult': 2.497139864015369, 'g_gpe_stn_mult': 0.4436197076690186, 'g_stn_gpi_mult': 2.214241210642437, 'g_gpe_gpi_mult': 0.662276225162989}. Best is trial 114 with value: 0.7660526910236299.
[I 2026-05-28 23:29:21,340] Trial 247 finished with value: 10.360224710506927 and parameters: {'ISTN': 74.8191388877531, 'I_gpe': 0.8709586967326363, 'I_gpi': 2.0913091688352994, 'noise_stn_sigma': 7.73368078042471, 'noise_gpe_sigma': 137.92681901276546, 'noise_gpi_sigma': 77.51193321163191, 'g_stn_gpe_mult': 2.7964805469505287, 'g_gpe_stn_mult': 0.43317366544995184, 'g_stn_gpi_mult': 2.500016834568235, 'g_gpe_gpi_mult': 0.5454090232727742}. Best is trial 114 with value: 0.7660526910236299.
[I 2026-05-28 23:29:22,347] Trial 248 finished with value: 11.868210484358734 and parameters: {'ISTN': 79.69526707445621, 'I_gpe': 1.0134494885245409, 'I_gpi': 2.7514523098092187, 'noise_stn_sigma': 7.14716993944703, 'noise_gpe_sigma': 118.08710045590145, 'noise_gpi_sigma': 107.53618989987979, 'g_stn_gpe_mult': 2.096105204547451, 'g_gpe_stn_mult': 0.3882763049221646, 'g_stn_gpi_mult': 2.7120971515800916, 'g_gpe_gpi_mult': 0.661836055722363}. Best is trial 114 with value: 0.7660526910236299.
[I 2026-05-28 23:29:23,355] Trial 249 finished with value: 6.303070155688198 and parameters: {'ISTN': 67.76897066605478, 'I_gpe': 1.3013984819155395, 'I_gpi': 2.48294418515705, 'noise_stn_sigma': 7.200460767655647, 'noise_gpe_sigma': 116.39365434746097, 'noise_gpi_sigma': 101.73902234740814, 'g_stn_gpe_mult': 2.5249906539366576, 'g_gpe_stn_mult': 0.3678790615554539, 'g_stn_gpi_mult': 2.1890440755283804, 'g_gpe_gpi_mult': 0.5453768061921693}. Best is trial 114 with value: 0.7660526910236299.
[I 2026-05-28 23:29:24,363] Trial 250 finished with value: 7.376391718296223 and parameters: {'ISTN': 60.43915143773778, 'I_gpe': 1.3191416608955757, 'I_gpi': 2.677570260505843, 'noise_stn_sigma': 6.621027616047383, 'noise_gpe_sigma': 113.50920477796797, 'noise_gpi_sigma': 91.79766725009976, 'g_stn_gpe_mult': 2.537471464698661, 'g_gpe_stn_mult': 0.4433048875480132, 'g_stn_gpi_mult': 2.5333357986829985, 'g_gpe_gpi_mult': 0.63076393935303}. Best is trial 114 with value: 0.7660526910236299.
[I 2026-05-28 23:29:25,371] Trial 251 finished with value: 9.899508987195778 and parameters: {'ISTN': 63.1145357492407, 'I_gpe': 1.3066222405491779, 'I_gpi': 2.2581884611757364, 'noise_stn_sigma': 6.384546195931392, 'noise_gpe_sigma': 105.11275197502432, 'noise_gpi_sigma': 88.57138861954418, 'g_stn_gpe_mult': 1.8184746065398096, 'g_gpe_stn_mult': 0.2727695266357504, 'g_stn_gpi_mult': 2.582519511193502, 'g_gpe_gpi_mult': 0.5583683286604191}. Best is trial 114 with value: 0.7660526910236299.
[I 2026-05-28 23:29:26,377] Trial 252 finished with value: 10.075777431892767 and parameters: {'ISTN': 61.86898111239617, 'I_gpe': 0.851413311204967, 'I_gpi': 2.841954910240408, 'noise_stn_sigma': 7.0142355356726815, 'noise_gpe_sigma': 122.96272908327347, 'noise_gpi_sigma': 98.7280233271067, 'g_stn_gpe_mult': 2.212321093001621, 'g_gpe_stn_mult': 0.46369897133349647, 'g_stn_gpi_mult': 2.3869140343639454, 'g_gpe_gpi_mult': 0.5283033668390762}. Best is trial 114 with value: 0.7660526910236299.
[I 2026-05-28 23:29:27,385] Trial 253 finished with value: 8.641494524378736 and parameters: {'ISTN': 65.11856158295146, 'I_gpe': 1.2448966976518356, 'I_gpi': 2.8384818054352206, 'noise_stn_sigma': 7.778504338311698, 'noise_gpe_sigma': 117.15333678419094, 'noise_gpi_sigma': 93.69916040879994, 'g_stn_gpe_mult': 2.277961320661027, 'g_gpe_stn_mult': 0.3593565211845694, 'g_stn_gpi_mult': 1.8081548410302997, 'g_gpe_gpi_mult': 0.6892563213185784}. Best is trial 114 with value: 0.7660526910236299.
[I 2026-05-28 23:29:28,393] Trial 254 finished with value: 8.26057074975456 and parameters: {'ISTN': 71.95380585297123, 'I_gpe': 0.9639343100093717, 'I_gpi': 3.1647278381080377, 'noise_stn_sigma': 6.425534930319293, 'noise_gpe_sigma': 134.51930008483617, 'noise_gpi_sigma': 87.3443786030579, 'g_stn_gpe_mult': 1.8835024167859322, 'g_gpe_stn_mult': 0.4412091580100218, 'g_stn_gpi_mult': 2.1726225228691707, 'g_gpe_gpi_mult': 0.6775911904029088}. Best is trial 114 with value: 0.7660526910236299.
[I 2026-05-28 23:29:29,399] Trial 255 finished with value: 11.17038167956652 and parameters: {'ISTN': 65.48275918293633, 'I_gpe': 1.3074489688147688, 'I_gpi': 2.5246040566124996, 'noise_stn_sigma': 7.798069968924653, 'noise_gpe_sigma': 98.54267205331954, 'noise_gpi_sigma': 105.71519903094249, 'g_stn_gpe_mult': 2.1618129823578, 'g_gpe_stn_mult': 0.3935781870143735, 'g_stn_gpi_mult': 1.8623539268602916, 'g_gpe_gpi_mult': 0.6918412614045484}. Best is trial 114 with value: 0.7660526910236299.
[I 2026-05-28 23:29:30,407] Trial 256 finished with value: 8.188543831038652 and parameters: {'ISTN': 62.946376355815694, 'I_gpe': 1.1839432352893127, 'I_gpi': 2.403369491064406, 'noise_stn_sigma': 6.248804926452476, 'noise_gpe_sigma': 134.7685896056859, 'noise_gpi_sigma': 98.63935800671571, 'g_stn_gpe_mult': 1.7049508788690964, 'g_gpe_stn_mult': 0.4479788855937895, 'g_stn_gpi_mult': 2.732152058156912, 'g_gpe_gpi_mult': 0.6453771665596779}. Best is trial 114 with value: 0.7660526910236299.
[I 2026-05-28 23:29:31,417] Trial 257 finished with value: 4.347115718721819 and parameters: {'ISTN': 65.9299244160081, 'I_gpe': 1.4310526167266544, 'I_gpi': 2.6260748782067744, 'noise_stn_sigma': 5.765191713392643, 'noise_gpe_sigma': 102.07118656725946, 'noise_gpi_sigma': 102.22953098237781, 'g_stn_gpe_mult': 2.538739453327562, 'g_gpe_stn_mult': 0.5436843670468748, 'g_stn_gpi_mult': 2.2490563160910413, 'g_gpe_gpi_mult': 0.4575775895663067}. Best is trial 114 with value: 0.7660526910236299.
[I 2026-05-28 23:29:32,423] Trial 258 finished with value: 8.969353168867237 and parameters: {'ISTN': 76.31710003653242, 'I_gpe': 1.009693372846575, 'I_gpi': 3.032577749416243, 'noise_stn_sigma': 6.9142389265030015, 'noise_gpe_sigma': 116.02491746101835, 'noise_gpi_sigma': 94.29871627778152, 'g_stn_gpe_mult': 2.162754469755828, 'g_gpe_stn_mult': 0.4751573750297966, 'g_stn_gpi_mult': 2.084578740325382, 'g_gpe_gpi_mult': 0.5377096084460582}. Best is trial 114 with value: 0.7660526910236299.
[I 2026-05-28 23:29:33,432] Trial 259 finished with value: 12.386229103005828 and parameters: {'ISTN': 63.08071577898844, 'I_gpe': 1.0872655166422018, 'I_gpi': 2.697100603118419, 'noise_stn_sigma': 7.206288327908853, 'noise_gpe_sigma': 124.34178862240282, 'noise_gpi_sigma': 101.09748285961801, 'g_stn_gpe_mult': 2.47637572173041, 'g_gpe_stn_mult': 0.43982896397676585, 'g_stn_gpi_mult': 1.9573395925901458, 'g_gpe_gpi_mult': 0.62844066027955}. Best is trial 114 with value: 0.7660526910236299.
[I 2026-05-28 23:29:34,440] Trial 260 finished with value: 8.136422530109668 and parameters: {'ISTN': 60.83576700849266, 'I_gpe': 1.0745021971822912, 'I_gpi': 2.0258350030219576, 'noise_stn_sigma': 5.398386982317772, 'noise_gpe_sigma': 122.27633916723305, 'noise_gpi_sigma': 100.93777843400304, 'g_stn_gpe_mult': 2.11920502573765, 'g_gpe_stn_mult': 0.47762951073438775, 'g_stn_gpi_mult': 1.9303817429303822, 'g_gpe_gpi_mult': 0.4267591468134735}. Best is trial 114 with value: 0.7660526910236299.
[I 2026-05-28 23:29:35,448] Trial 261 finished with value: 6.061882405053974 and parameters: {'ISTN': 67.1518418596091, 'I_gpe': 1.5367566652885092, 'I_gpi': 2.6571790499715293, 'noise_stn_sigma': 6.366581000781321, 'noise_gpe_sigma': 103.0289286508999, 'noise_gpi_sigma': 100.53954431170766, 'g_stn_gpe_mult': 2.1676711712245025, 'g_gpe_stn_mult': 0.5273340677229843, 'g_stn_gpi_mult': 2.002350395342204, 'g_gpe_gpi_mult': 0.54914249639109}. Best is trial 114 with value: 0.7660526910236299.
[I 2026-05-28 23:29:36,453] Trial 262 finished with value: 4.496563897625279 and parameters: {'ISTN': 68.0217460538727, 'I_gpe': 1.4601552670035427, 'I_gpi': 2.6578299321349483, 'noise_stn_sigma': 5.649128563953297, 'noise_gpe_sigma': 124.16698664490887, 'noise_gpi_sigma': 95.51537197774655, 'g_stn_gpe_mult': 2.3556745030266035, 'g_gpe_stn_mult': 0.6140266922480278, 'g_stn_gpi_mult': 2.1659284818523643, 'g_gpe_gpi_mult': 0.4873179432751832}. Best is trial 114 with value: 0.7660526910236299.
[I 2026-05-28 23:29:37,460] Trial 263 finished with value: 7.118187610066458 and parameters: {'ISTN': 66.81962912579465, 'I_gpe': 1.6796850831980406, 'I_gpi': 2.315352174379818, 'noise_stn_sigma': 5.91656155216403, 'noise_gpe_sigma': 96.0240015312103, 'noise_gpi_sigma': 101.03266001059905, 'g_stn_gpe_mult': 2.4419393829775076, 'g_gpe_stn_mult': 0.5104071203711392, 'g_stn_gpi_mult': 2.081627232756322, 'g_gpe_gpi_mult': 0.5320576483223617}. Best is trial 114 with value: 0.7660526910236299.
