[I 2026-05-28 23:15:37,616] Trial 440 finished with value: 7.585114001910082 and parameters: {'ISTN': 61.45412123196505, 'I_gpe': 2.1099527778764595, 'I_gpi': 1.8887653295981792, 'noise_stn_sigma': 6.495336802751665, 'noise_gpe_sigma': 120.5393988302286, 'noise_gpi_sigma': 95.32116057703946, 'g_stn_gpe_mult': 3.2569608373143946, 'g_gpe_stn_mult': 0.7006224982303442, 'g_stn_gpi_mult': 3.150596273133128, 'g_gpe_gpi_mult': 0.9070431606336296}. Best is trial 396 with value: 2.126500323194939.
[I 2026-05-28 23:15:38,626] Trial 441 finished with value: 9.138009294085178 and parameters: {'ISTN': 65.95953224287555, 'I_gpe': 2.092755877792288, 'I_gpi': 1.739729326554425, 'noise_stn_sigma': 6.8945233576579845, 'noise_gpe_sigma': 135.8812309427147, 'noise_gpi_sigma': 93.39960915806597, 'g_stn_gpe_mult': 3.3641593760789705, 'g_gpe_stn_mult': 0.7137758454409424, 'g_stn_gpi_mult': 2.9326068780043633, 'g_gpe_gpi_mult': 0.904045829051805}. Best is trial 396 with value: 2.126500323194939.
[I 2026-05-28 23:15:39,635] Trial 442 finished with value: 9.28241314449533 and parameters: {'ISTN': 64.4575630394947, 'I_gpe': 2.1435161623815056, 'I_gpi': 1.6391441227586316, 'noise_stn_sigma': 6.725085734389535, 'noise_gpe_sigma': 118.3214335149772, 'noise_gpi_sigma': 102.19338512531733, 'g_stn_gpe_mult': 3.541445272026996, 'g_gpe_stn_mult': 0.6963921712578341, 'g_stn_gpi_mult': 2.949677638087943, 'g_gpe_gpi_mult': 0.8816706773858756}. Best is trial 396 with value: 2.126500323194939.
[I 2026-05-28 23:15:40,640] Trial 443 finished with value: 8.227504900713813 and parameters: {'ISTN': 63.5562728345647, 'I_gpe': 2.0043577277595395, 'I_gpi': 1.8195775492738409, 'noise_stn_sigma': 5.948413257014053, 'noise_gpe_sigma': 124.83990478865717, 'noise_gpi_sigma': 106.05311215705471, 'g_stn_gpe_mult': 3.5573375733867922, 'g_gpe_stn_mult': 0.6698076137375442, 'g_stn_gpi_mult': 3.180125330236389, 'g_gpe_gpi_mult': 0.8520996851008262}. Best is trial 396 with value: 2.126500323194939.
[I 2026-05-28 23:15:41,649] Trial 444 finished with value: 7.727403955616854 and parameters: {'ISTN': 61.31895467757197, 'I_gpe': 2.088463671522757, 'I_gpi': 1.6243480664926522, 'noise_stn_sigma': 7.135898951885969, 'noise_gpe_sigma': 126.18771469957528, 'noise_gpi_sigma': 101.04180453012263, 'g_stn_gpe_mult': 3.550082302874182, 'g_gpe_stn_mult': 0.7047218393303872, 'g_stn_gpi_mult': 3.170834329320538, 'g_gpe_gpi_mult': 0.8745529541545687}. Best is trial 396 with value: 2.126500323194939.
[I 2026-05-28 23:15:42,655] Trial 445 finished with value: 10.950214974311516 and parameters: {'ISTN': 65.31318209530272, 'I_gpe': 2.2538547453477813, 'I_gpi': 2.105008327103355, 'noise_stn_sigma': 6.429000800470082, 'noise_gpe_sigma': 131.44136988117566, 'noise_gpi_sigma': 97.92900929717764, 'g_stn_gpe_mult': 3.6231126314542594, 'g_gpe_stn_mult': 0.7174610726046209, 'g_stn_gpi_mult': 3.067838701409574, 'g_gpe_gpi_mult': 0.8418871455685424}. Best is trial 396 with value: 2.126500323194939.
[I 2026-05-28 23:15:43,664] Trial 446 finished with value: 8.214063824531866 and parameters: {'ISTN': 64.26552166962088, 'I_gpe': 2.0305339479190274, 'I_gpi': 1.847715488761216, 'noise_stn_sigma': 7.099133113036291, 'noise_gpe_sigma': 117.23715138844722, 'noise_gpi_sigma': 105.12884261955004, 'g_stn_gpe_mult': 3.5059079701303237, 'g_gpe_stn_mult': 0.6904172096027101, 'g_stn_gpi_mult': 3.2120724134045533, 'g_gpe_gpi_mult': 0.8957480530452013}. Best is trial 396 with value: 2.126500323194939.
[I 2026-05-28 23:15:44,673] Trial 447 finished with value: 12.255074265392517 and parameters: {'ISTN': 64.97487798839549, 'I_gpe': 2.068669383840897, 'I_gpi': 1.9433470430337172, 'noise_stn_sigma': 7.154406343021404, 'noise_gpe_sigma': 121.58616847950863, 'noise_gpi_sigma': 99.54583602594231, 'g_stn_gpe_mult': 3.4813539605499924, 'g_gpe_stn_mult': 0.6748298332723949, 'g_stn_gpi_mult': 2.9302020173230385, 'g_gpe_gpi_mult': 0.8821698976429277}. Best is trial 396 with value: 2.126500323194939.
[I 2026-05-28 23:15:45,681] Trial 448 finished with value: 7.767412314031661 and parameters: {'ISTN': 66.83363732042582, 'I_gpe': 2.1663996578775544, 'I_gpi': 1.8845195268559225, 'noise_stn_sigma': 6.602291054906483, 'noise_gpe_sigma': 132.0774944968167, 'noise_gpi_sigma': 89.68044625732583, 'g_stn_gpe_mult': 3.5110071187356047, 'g_gpe_stn_mult': 0.7213714132714139, 'g_stn_gpi_mult': 3.099898087428903, 'g_gpe_gpi_mult': 0.8463503432201989}. Best is trial 396 with value: 2.126500323194939.
[I 2026-05-28 23:15:46,689] Trial 449 finished with value: 11.31045794294226 and parameters: {'ISTN': 67.11365410464406, 'I_gpe': 2.0915770405776692, 'I_gpi': 2.042006636189675, 'noise_stn_sigma': 6.72440405638085, 'noise_gpe_sigma': 128.54521466756503, 'noise_gpi_sigma': 105.64869026421101, 'g_stn_gpe_mult': 3.309255926518702, 'g_gpe_stn_mult': 0.6994690262283801, 'g_stn_gpi_mult': 3.2803065489916334, 'g_gpe_gpi_mult': 0.8903084575133164}. Best is trial 396 with value: 2.126500323194939.
[I 2026-05-28 23:15:47,697] Trial 450 finished with value: 9.411942503509014 and parameters: {'ISTN': 67.42916988601007, 'I_gpe': 2.061779027810384, 'I_gpi': 1.712203728818385, 'noise_stn_sigma': 7.484919399105106, 'noise_gpe_sigma': 127.62754748273966, 'noise_gpi_sigma': 98.90047460071435, 'g_stn_gpe_mult': 3.347139868160727, 'g_gpe_stn_mult': 0.7141034157743574, 'g_stn_gpi_mult': 3.0822982629801716, 'g_gpe_gpi_mult': 0.8626082130838977}. Best is trial 396 with value: 2.126500323194939.
[I 2026-05-28 23:15:48,707] Trial 451 finished with value: 6.906047471467447 and parameters: {'ISTN': 63.200296269760095, 'I_gpe': 2.1331781107553485, 'I_gpi': 1.4644242519622441, 'noise_stn_sigma': 6.701887426920331, 'noise_gpe_sigma': 119.94563696131237, 'noise_gpi_sigma': 94.80746269543926, 'g_stn_gpe_mult': 3.3857937818126516, 'g_gpe_stn_mult': 0.6862522926878143, 'g_stn_gpi_mult': 3.1625285754675523, 'g_gpe_gpi_mult': 0.8351127439213268}. Best is trial 396 with value: 2.126500323194939.
[I 2026-05-28 23:15:49,715] Trial 452 finished with value: 10.517161276802831 and parameters: {'ISTN': 63.57970061065685, 'I_gpe': 2.0957091624428026, 'I_gpi': 1.9387500921193257, 'noise_stn_sigma': 6.784039857011579, 'noise_gpe_sigma': 126.31060282866056, 'noise_gpi_sigma': 94.47961010937757, 'g_stn_gpe_mult': 3.4392556029975183, 'g_gpe_stn_mult': 0.6777029843324726, 'g_stn_gpi_mult': 3.09144683639203, 'g_gpe_gpi_mult': 0.8898819248545324}. Best is trial 396 with value: 2.126500323194939.
[I 2026-05-28 23:15:50,724] Trial 453 finished with value: 6.156042491715099 and parameters: {'ISTN': 61.27425862719386, 'I_gpe': 2.125422900846252, 'I_gpi': 1.7039758914524912, 'noise_stn_sigma': 7.615622525218018, 'noise_gpe_sigma': 125.73882066918893, 'noise_gpi_sigma': 92.2703259038045, 'g_stn_gpe_mult': 3.467784520820138, 'g_gpe_stn_mult': 0.686502534950175, 'g_stn_gpi_mult': 3.1137170827858185, 'g_gpe_gpi_mult': 0.8343019441977815}. Best is trial 396 with value: 2.126500323194939.
[I 2026-05-28 23:15:51,736] Trial 454 finished with value: 7.3121553416660365 and parameters: {'ISTN': 65.99576712753979, 'I_gpe': 2.1253782547924267, 'I_gpi': 1.9649583026120234, 'noise_stn_sigma': 6.869340550201673, 'noise_gpe_sigma': 121.5094998937346, 'noise_gpi_sigma': 109.56152765389108, 'g_stn_gpe_mult': 3.4951288278519566, 'g_gpe_stn_mult': 0.7115031849833106, 'g_stn_gpi_mult': 3.187249699167179, 'g_gpe_gpi_mult': 0.8213870284647178}. Best is trial 396 with value: 2.126500323194939.
[I 2026-05-28 23:15:52,745] Trial 455 finished with value: 10.661553560567842 and parameters: {'ISTN': 61.13766924665513, 'I_gpe': 1.9681305201958894, 'I_gpi': 1.7394187645952177, 'noise_stn_sigma': 7.309403743352851, 'noise_gpe_sigma': 117.63149795838073, 'noise_gpi_sigma': 91.09943285828925, 'g_stn_gpe_mult': 3.521378704846643, 'g_gpe_stn_mult': 0.6890133190328711, 'g_stn_gpi_mult': 3.063540289061044, 'g_gpe_gpi_mult': 0.8482634738290196}. Best is trial 396 with value: 2.126500323194939.
[I 2026-05-28 23:15:53,754] Trial 456 finished with value: 10.047072515632497 and parameters: {'ISTN': 66.40723121668924, 'I_gpe': 2.0905147153548063, 'I_gpi': 1.6444247979422055, 'noise_stn_sigma': 6.680425971509171, 'noise_gpe_sigma': 127.31394877465219, 'noise_gpi_sigma': 105.99576430161662, 'g_stn_gpe_mult': 3.6047788834176746, 'g_gpe_stn_mult': 0.7004186937698573, 'g_stn_gpi_mult': 3.1533114430161167, 'g_gpe_gpi_mult': 0.8093877827757883}. Best is trial 396 with value: 2.126500323194939.
[I 2026-05-28 23:15:54,702] Trial 457 finished with value: 1000000.0 and parameters: {'ISTN': 67.06472652880757, 'I_gpe': 2.197208200569152, 'I_gpi': 1.709785012135466, 'noise_stn_sigma': 6.583717018699701, 'noise_gpe_sigma': 132.79292294073997, 'noise_gpi_sigma': 106.56659808853377, 'g_stn_gpe_mult': 3.5963601070236826, 'g_gpe_stn_mult': 0.6908918504560461, 'g_stn_gpi_mult': 3.1608313617561334, 'g_gpe_gpi_mult': 0.900816656745844}. Best is trial 396 with value: 2.126500323194939.
[I 2026-05-28 23:15:55,711] Trial 458 finished with value: 9.531770523112325 and parameters: {'ISTN': 65.46130786703097, 'I_gpe': 1.9697457969740781, 'I_gpi': 1.5443389586770273, 'noise_stn_sigma': 7.053051505020226, 'noise_gpe_sigma': 126.10375130955835, 'noise_gpi_sigma': 99.22931246414441, 'g_stn_gpe_mult': 3.520306616324556, 'g_gpe_stn_mult': 0.6955811691708471, 'g_stn_gpi_mult': 3.043317636540156, 'g_gpe_gpi_mult': 0.9357753355385492}. Best is trial 396 with value: 2.126500323194939.
[I 2026-05-28 23:15:56,719] Trial 459 finished with value: 6.800593480786532 and parameters: {'ISTN': 61.88128363509997, 'I_gpe': 2.0365116146453084, 'I_gpi': 1.634657291352691, 'noise_stn_sigma': 6.850599357094408, 'noise_gpe_sigma': 129.53265121073542, 'noise_gpi_sigma': 102.46507816272128, 'g_stn_gpe_mult': 3.665462203599867, 'g_gpe_stn_mult': 0.7057712743694893, 'g_stn_gpi_mult': 3.0753016959414783, 'g_gpe_gpi_mult': 0.8935779718639467}. Best is trial 396 with value: 2.126500323194939.
[I 2026-05-28 23:15:57,729] Trial 460 finished with value: 6.403170998863058 and parameters: {'ISTN': 63.95359932752109, 'I_gpe': 2.0693752034741624, 'I_gpi': 1.697155119739711, 'noise_stn_sigma': 6.825201204071734, 'noise_gpe_sigma': 127.38181399080874, 'noise_gpi_sigma': 94.77668831075043, 'g_stn_gpe_mult': 3.7033532987528495, 'g_gpe_stn_mult': 0.6955830339911767, 'g_stn_gpi_mult': 3.111821084295756, 'g_gpe_gpi_mult': 0.8758946604879259}. Best is trial 396 with value: 2.126500323194939.
[I 2026-05-28 23:15:58,738] Trial 461 finished with value: 7.101757877018833 and parameters: {'ISTN': 60.89055233835194, 'I_gpe': 1.9923855152575551, 'I_gpi': 1.6938972618583148, 'noise_stn_sigma': 7.18016451191909, 'noise_gpe_sigma': 134.4845750738076, 'noise_gpi_sigma': 91.85719349155397, 'g_stn_gpe_mult': 3.5956699497012203, 'g_gpe_stn_mult': 0.6879802946086631, 'g_stn_gpi_mult': 2.979626084030104, 'g_gpe_gpi_mult': 0.8348489095401752}. Best is trial 396 with value: 2.126500323194939.
[I 2026-05-28 23:15:59,745] Trial 462 finished with value: 6.196319036768059 and parameters: {'ISTN': 63.22922766151959, 'I_gpe': 2.1527709600059364, 'I_gpi': 1.6735604278517386, 'noise_stn_sigma': 6.9566192740637405, 'noise_gpe_sigma': 135.36835561300165, 'noise_gpi_sigma': 97.65249778401174, 'g_stn_gpe_mult': 3.67635172409647, 'g_gpe_stn_mult': 0.684273048239199, 'g_stn_gpi_mult': 3.08957471062177, 'g_gpe_gpi_mult': 0.8393520619537049}. Best is trial 396 with value: 2.126500323194939.
[I 2026-05-28 23:16:00,752] Trial 463 finished with value: 7.661275903026714 and parameters: {'ISTN': 67.863432964725, 'I_gpe': 2.1076303553694005, 'I_gpi': 1.7243793743267308, 'noise_stn_sigma': 7.057760052678951, 'noise_gpe_sigma': 134.0406320888595, 'noise_gpi_sigma': 89.7529385134781, 'g_stn_gpe_mult': 3.519747989603146, 'g_gpe_stn_mult': 0.7045439418715042, 'g_stn_gpi_mult': 2.993899329407423, 'g_gpe_gpi_mult': 0.8896731383549223}. Best is trial 396 with value: 2.126500323194939.
[I 2026-05-28 23:16:01,760] Trial 464 finished with value: 7.356349011955086 and parameters: {'ISTN': 61.99410829585956, 'I_gpe': 2.120477796103585, 'I_gpi': 1.6562039592635767, 'noise_stn_sigma': 7.427035169305598, 'noise_gpe_sigma': 134.1944124815399, 'noise_gpi_sigma': 102.25684720827259, 'g_stn_gpe_mult': 3.7004409280591406, 'g_gpe_stn_mult': 0.6899251151236974, 'g_stn_gpi_mult': 2.8586487150462996, 'g_gpe_gpi_mult': 0.8244184468940932}. Best is trial 396 with value: 2.126500323194939.
[I 2026-05-28 23:16:02,768] Trial 465 finished with value: 6.640332905141002 and parameters: {'ISTN': 62.29739108864245, 'I_gpe': 2.1556225028582974, 'I_gpi': 1.6534098683685516, 'noise_stn_sigma': 7.330088630030094, 'noise_gpe_sigma': 132.89658861433426, 'noise_gpi_sigma': 93.89353861042441, 'g_stn_gpe_mult': 3.7817269208029782, 'g_gpe_stn_mult': 0.6741404056720034, 'g_stn_gpi_mult': 3.062796673978824, 'g_gpe_gpi_mult': 0.8379177203345562}. Best is trial 396 with value: 2.126500323194939.
[I 2026-05-28 23:16:03,775] Trial 466 finished with value: 6.4532651914194075 and parameters: {'ISTN': 65.1932823034422, 'I_gpe': 2.0407322162309964, 'I_gpi': 1.788611066367677, 'noise_stn_sigma': 6.561871538077702, 'noise_gpe_sigma': 134.40261699313803, 'noise_gpi_sigma': 83.94033010201508, 'g_stn_gpe_mult': 3.6462708148742053, 'g_gpe_stn_mult': 0.7075739162342155, 'g_stn_gpi_mult': 3.121343329879729, 'g_gpe_gpi_mult': 0.8390171310877528}. Best is trial 396 with value: 2.126500323194939.
[I 2026-05-28 23:16:04,781] Trial 467 finished with value: 7.987356006426904 and parameters: {'ISTN': 61.94931077898646, 'I_gpe': 2.100879519721788, 'I_gpi': 1.4355325622009647, 'noise_stn_sigma': 7.30417795141193, 'noise_gpe_sigma': 131.53304793384746, 'noise_gpi_sigma': 85.39382447005245, 'g_stn_gpe_mult': 3.4964375617635204, 'g_gpe_stn_mult': 0.6891044556198158, 'g_stn_gpi_mult': 3.124719198629493, 'g_gpe_gpi_mult': 0.8709056627111684}. Best is trial 396 with value: 2.126500323194939.
[I 2026-05-28 23:16:05,789] Trial 468 finished with value: 10.237868453401333 and parameters: {'ISTN': 63.3953739438941, 'I_gpe': 2.028011272671004, 'I_gpi': 1.7758281161975882, 'noise_stn_sigma': 7.199020230022015, 'noise_gpe_sigma': 125.75677166385726, 'noise_gpi_sigma': 105.91622615143312, 'g_stn_gpe_mult': 3.5485360909036445, 'g_gpe_stn_mult': 0.6889593944451842, 'g_stn_gpi_mult': 3.1507279684626734, 'g_gpe_gpi_mult': 0.8919731228382826}. Best is trial 396 with value: 2.126500323194939.
[I 2026-05-28 23:16:06,796] Trial 469 finished with value: 6.522894243223826 and parameters: {'ISTN': 60.832645516936765, 'I_gpe': 1.9729346993747179, 'I_gpi': 1.7406862219973511, 'noise_stn_sigma': 7.363654801798054, 'noise_gpe_sigma': 129.32462820945221, 'noise_gpi_sigma': 94.92363154827785, 'g_stn_gpe_mult': 3.5124716560327363, 'g_gpe_stn_mult': 0.700101820851215, 'g_stn_gpi_mult': 3.1218902038922876, 'g_gpe_gpi_mult': 0.8771308498490504}. Best is trial 396 with value: 2.126500323194939.
[I 2026-05-28 23:16:07,804] Trial 470 finished with value: 7.277892241332329 and parameters: {'ISTN': 62.66585500431236, 'I_gpe': 2.1032527882461687, 'I_gpi': 1.982812060771594, 'noise_stn_sigma': 7.1791294774523555, 'noise_gpe_sigma': 125.66402750352957, 'noise_gpi_sigma': 100.18062301791386, 'g_stn_gpe_mult': 3.4861914472090185, 'g_gpe_stn_mult': 0.7087049184048569, 'g_stn_gpi_mult': 3.0921642307218056, 'g_gpe_gpi_mult': 0.8643834394548191}. Best is trial 396 with value: 2.126500323194939.
[I 2026-05-28 23:16:08,812] Trial 471 finished with value: 6.19173534871638 and parameters: {'ISTN': 64.35409280564878, 'I_gpe': 2.278405296876432, 'I_gpi': 1.7062626846557607, 'noise_stn_sigma': 6.352610693461248, 'noise_gpe_sigma': 137.3512030206223, 'noise_gpi_sigma': 90.2604854283396, 'g_stn_gpe_mult': 3.672981423405335, 'g_gpe_stn_mult': 0.6772591323146043, 'g_stn_gpi_mult': 3.1818636119395496, 'g_gpe_gpi_mult': 0.8233361869127873}. Best is trial 396 with value: 2.126500323194939.
[I 2026-05-28 23:16:09,817] Trial 472 finished with value: 8.45344215648265 and parameters: {'ISTN': 62.022456046254796, 'I_gpe': 2.1645336297726008, 'I_gpi': 1.8590126656260373, 'noise_stn_sigma': 6.631437272892454, 'noise_gpe_sigma': 124.99889384020594, 'noise_gpi_sigma': 92.94110439068841, 'g_stn_gpe_mult': 3.4437513651527816, 'g_gpe_stn_mult': 0.6602601095686664, 'g_stn_gpi_mult': 3.0706782849925434, 'g_gpe_gpi_mult': 0.8391493477697909}. Best is trial 396 with value: 2.126500323194939.
[I 2026-05-28 23:16:10,824] Trial 473 finished with value: 9.178144601842334 and parameters: {'ISTN': 63.76930171867958, 'I_gpe': 2.046815392684235, 'I_gpi': 1.6268200163061137, 'noise_stn_sigma': 7.687642044423686, 'noise_gpe_sigma': 140.22464269925752, 'noise_gpi_sigma': 87.51132893621744, 'g_stn_gpe_mult': 3.742423708543138, 'g_gpe_stn_mult': 0.7293118342201765, 'g_stn_gpi_mult': 3.241062996296684, 'g_gpe_gpi_mult': 0.847563309617986}. Best is trial 396 with value: 2.126500323194939.
[I 2026-05-28 23:16:11,832] Trial 474 finished with value: 10.660135167025079 and parameters: {'ISTN': 65.44669149770758, 'I_gpe': 2.232752590356304, 'I_gpi': 1.5088616717342185, 'noise_stn_sigma': 6.084097025744374, 'noise_gpe_sigma': 126.93956761033915, 'noise_gpi_sigma': 92.02946092429254, 'g_stn_gpe_mult': 3.8016355934757016, 'g_gpe_stn_mult': 0.670779659997704, 'g_stn_gpi_mult': 2.989356279661485, 'g_gpe_gpi_mult': 0.8960631508874997}. Best is trial 396 with value: 2.126500323194939.
[I 2026-05-28 23:16:12,839] Trial 475 finished with value: 7.7683961460598026 and parameters: {'ISTN': 61.615015590249286, 'I_gpe': 2.0040825257092556, 'I_gpi': 1.3069152481149968, 'noise_stn_sigma': 7.545294548799244, 'noise_gpe_sigma': 133.45824479798682, 'noise_gpi_sigma': 86.04344421905361, 'g_stn_gpe_mult': 3.753719350009685, 'g_gpe_stn_mult': 0.6669777409248797, 'g_stn_gpi_mult': 3.0653849282374575, 'g_gpe_gpi_mult': 0.8180946046205262}. Best is trial 396 with value: 2.126500323194939.
[I 2026-05-28 23:16:13,849] Trial 476 finished with value: 10.442727979256713 and parameters: {'ISTN': 63.28743505573762, 'I_gpe': 2.054864413532976, 'I_gpi': 1.4894501709706578, 'noise_stn_sigma': 6.639688081847, 'noise_gpe_sigma': 130.02641142740993, 'noise_gpi_sigma': 97.83839055801559, 'g_stn_gpe_mult': 3.883983069810102, 'g_gpe_stn_mult': 0.6623560394065648, 'g_stn_gpi_mult': 3.2066155275537733, 'g_gpe_gpi_mult': 0.829751688360314}. Best is trial 396 with value: 2.126500323194939.
[I 2026-05-28 23:16:14,856] Trial 477 finished with value: 8.27007459192523 and parameters: {'ISTN': 62.96771431835842, 'I_gpe': 2.083784477331498, 'I_gpi': 1.7102490958249397, 'noise_stn_sigma': 7.091662966204053, 'noise_gpe_sigma': 130.6778391085988, 'noise_gpi_sigma': 91.72939093451421, 'g_stn_gpe_mult': 3.7673822341832657, 'g_gpe_stn_mult': 0.6788286563159855, 'g_stn_gpi_mult': 3.1547101622792666, 'g_gpe_gpi_mult': 0.8907942900806463}. Best is trial 396 with value: 2.126500323194939.
[I 2026-05-28 23:16:15,864] Trial 478 finished with value: 4.469047627652369 and parameters: {'ISTN': 65.56252170162249, 'I_gpe': 2.1569857872724763, 'I_gpi': 1.601986769143161, 'noise_stn_sigma': 7.095615555685769, 'noise_gpe_sigma': 134.48232782989132, 'noise_gpi_sigma': 93.25188203855235, 'g_stn_gpe_mult': 3.6438048276040176, 'g_gpe_stn_mult': 0.6926139429599987, 'g_stn_gpi_mult': 3.0667057532047917, 'g_gpe_gpi_mult': 0.7911649663001163}. Best is trial 396 with value: 2.126500323194939.
[I 2026-05-28 23:16:16,870] Trial 479 finished with value: 5.020202805921347 and parameters: {'ISTN': 62.60777103332893, 'I_gpe': 2.0777856733018973, 'I_gpi': 1.8677715089171416, 'noise_stn_sigma': 7.104641203508265, 'noise_gpe_sigma': 129.33965384252906, 'noise_gpi_sigma': 100.36923172622134, 'g_stn_gpe_mult': 3.461615729696629, 'g_gpe_stn_mult': 0.6964619820444656, 'g_stn_gpi_mult': 3.050106054936184, 'g_gpe_gpi_mult': 0.8887445669725575}. Best is trial 396 with value: 2.126500323194939.
[I 2026-05-28 23:16:17,880] Trial 480 finished with value: 10.176474399700627 and parameters: {'ISTN': 64.00129747205243, 'I_gpe': 1.9471529812008201, 'I_gpi': 1.5795689003773945, 'noise_stn_sigma': 7.001499071481593, 'noise_gpe_sigma': 137.78019963653685, 'noise_gpi_sigma': 94.04082536778945, 'g_stn_gpe_mult': 3.7530078619707186, 'g_gpe_stn_mult': 0.7000322282670153, 'g_stn_gpi_mult': 3.150591498739527, 'g_gpe_gpi_mult': 0.8541683016295094}. Best is trial 396 with value: 2.126500323194939.
[I 2026-05-28 23:16:18,889] Trial 481 finished with value: 10.455643188395118 and parameters: {'ISTN': 65.11601856488919, 'I_gpe': 2.20736637041241, 'I_gpi': 1.273533182305224, 'noise_stn_sigma': 7.063067420802137, 'noise_gpe_sigma': 133.80132256304745, 'noise_gpi_sigma': 92.0181197588768, 'g_stn_gpe_mult': 3.472409942107157, 'g_gpe_stn_mult': 0.6769418562692606, 'g_stn_gpi_mult': 2.9124426182700245, 'g_gpe_gpi_mult': 0.7885398930057146}. Best is trial 396 with value: 2.126500323194939.
[I 2026-05-28 23:16:19,898] Trial 482 finished with value: 8.374884006840983 and parameters: {'ISTN': 61.55589100104198, 'I_gpe': 2.0366919334334144, 'I_gpi': 1.6468374290360321, 'noise_stn_sigma': 6.922700546728637, 'noise_gpe_sigma': 128.4119164524808, 'noise_gpi_sigma': 90.40406105103423, 'g_stn_gpe_mult': 3.478351951791029, 'g_gpe_stn_mult': 0.6759266332211106, 'g_stn_gpi_mult': 3.005079679643289, 'g_gpe_gpi_mult': 0.8308176218561729}. Best is trial 396 with value: 2.126500323194939.
[I 2026-05-28 23:16:20,906] Trial 483 finished with value: 8.520777240174446 and parameters: {'ISTN': 65.6139549930621, 'I_gpe': 2.2024036960404176, 'I_gpi': 1.8652939942020037, 'noise_stn_sigma': 6.9609424068191785, 'noise_gpe_sigma': 145.37232691772493, 'noise_gpi_sigma': 97.26164122012878, 'g_stn_gpe_mult': 3.728664981775017, 'g_gpe_stn_mult': 0.7012792462962817, 'g_stn_gpi_mult': 3.0298182761762105, 'g_gpe_gpi_mult': 0.8428157000086445}. Best is trial 396 with value: 2.126500323194939.
