[I 2026-05-29 00:11:41,248] Trial 748 finished with value: 0.2827627811983735 and parameters: {'ISTN': 60.67368561676378, 'I_gpe': 1.211488493389496, 'I_gpi': 1.9536835304072984, 'noise_stn_sigma': 3.522473775642343, 'noise_gpe_sigma': 109.41714282687515, 'noise_gpi_sigma': 79.56592695126817, 'g_stn_gpe_mult': 2.6283677398221936, 'g_gpe_stn_mult': 0.12914045902076599, 'g_stn_gpi_mult': 2.3203913274610075, 'g_gpe_gpi_mult': 0.48481301409658}. Best is trial 747 with value: 0.12241304048949074.
[I 2026-05-29 00:11:42,258] Trial 749 finished with value: 0.17543269465011832 and parameters: {'ISTN': 61.38160118835686, 'I_gpe': 1.3695842499945345, 'I_gpi': 2.0095769052416177, 'noise_stn_sigma': 3.335540317425888, 'noise_gpe_sigma': 108.90572052334882, 'noise_gpi_sigma': 85.31081158719155, 'g_stn_gpe_mult': 2.7112870254337755, 'g_gpe_stn_mult': 0.10542011043918748, 'g_stn_gpi_mult': 2.246891058981018, 'g_gpe_gpi_mult': 0.5380804256751262}. Best is trial 747 with value: 0.12241304048949074.
[I 2026-05-29 00:11:43,265] Trial 750 finished with value: 3.477045626054506 and parameters: {'ISTN': 61.82767253866881, 'I_gpe': 1.2839663219275936, 'I_gpi': 1.9254861577421627, 'noise_stn_sigma': 3.431547370937803, 'noise_gpe_sigma': 108.88242206219904, 'noise_gpi_sigma': 82.59133770470575, 'g_stn_gpe_mult': 2.8537986561216337, 'g_gpe_stn_mult': 0.13129985471661154, 'g_stn_gpi_mult': 2.338628579519452, 'g_gpe_gpi_mult': 0.49128787683483904}. Best is trial 747 with value: 0.12241304048949074.
[I 2026-05-29 00:11:44,274] Trial 751 finished with value: 0.13438837749686083 and parameters: {'ISTN': 62.026811158797734, 'I_gpe': 1.406849103569718, 'I_gpi': 2.0631581320622017, 'noise_stn_sigma': 3.3421200534731845, 'noise_gpe_sigma': 112.53348705070245, 'noise_gpi_sigma': 80.65625443762681, 'g_stn_gpe_mult': 2.720765820687457, 'g_gpe_stn_mult': 0.10474064936216955, 'g_stn_gpi_mult': 2.2817904987924864, 'g_gpe_gpi_mult': 0.4852499420435461}. Best is trial 747 with value: 0.12241304048949074.
[I 2026-05-29 00:11:45,279] Trial 752 finished with value: 0.13594956305808586 and parameters: {'ISTN': 62.30785964210719, 'I_gpe': 1.377424893974543, 'I_gpi': 2.1343765166659243, 'noise_stn_sigma': 3.423867838676177, 'noise_gpe_sigma': 108.88585525614414, 'noise_gpi_sigma': 87.00931666096298, 'g_stn_gpe_mult': 2.7683099135326517, 'g_gpe_stn_mult': 0.11636493477852451, 'g_stn_gpi_mult': 2.2679754366930327, 'g_gpe_gpi_mult': 0.5493590091424388}. Best is trial 747 with value: 0.12241304048949074.
[I 2026-05-29 00:11:46,288] Trial 753 finished with value: 0.7097218286324384 and parameters: {'ISTN': 61.45632616261315, 'I_gpe': 1.3967969177261303, 'I_gpi': 1.9583682029251839, 'noise_stn_sigma': 3.7342871400515847, 'noise_gpe_sigma': 104.11056343227476, 'noise_gpi_sigma': 85.04631652334345, 'g_stn_gpe_mult': 2.890107090246463, 'g_gpe_stn_mult': 0.1180719894318135, 'g_stn_gpi_mult': 2.295571862030336, 'g_gpe_gpi_mult': 0.5751942402879451}. Best is trial 747 with value: 0.12241304048949074.
[I 2026-05-29 00:11:47,295] Trial 754 finished with value: 0.13858272995453638 and parameters: {'ISTN': 61.95682873574142, 'I_gpe': 1.4207933235131773, 'I_gpi': 2.035026414017001, 'noise_stn_sigma': 3.3074831707627914, 'noise_gpe_sigma': 108.19446774037752, 'noise_gpi_sigma': 84.86663477798278, 'g_stn_gpe_mult': 2.822262856510841, 'g_gpe_stn_mult': 0.11901593072813783, 'g_stn_gpi_mult': 2.2657139272201547, 'g_gpe_gpi_mult': 0.5184734608147541}. Best is trial 747 with value: 0.12241304048949074.
[I 2026-05-29 00:11:48,301] Trial 755 finished with value: 0.13902884734024124 and parameters: {'ISTN': 61.805077158071995, 'I_gpe': 1.3136761136056214, 'I_gpi': 1.9362516863426558, 'noise_stn_sigma': 3.565960448561982, 'noise_gpe_sigma': 111.11993224156527, 'noise_gpi_sigma': 84.26646501286, 'g_stn_gpe_mult': 2.776096746425525, 'g_gpe_stn_mult': 0.11103434051530342, 'g_stn_gpi_mult': 2.369067147984965, 'g_gpe_gpi_mult': 0.53087514486299}. Best is trial 747 with value: 0.12241304048949074.
[I 2026-05-29 00:11:49,309] Trial 756 finished with value: 0.12879748927615606 and parameters: {'ISTN': 62.15491259156173, 'I_gpe': 1.4035454354156804, 'I_gpi': 2.09557231764119, 'noise_stn_sigma': 3.3969714863348184, 'noise_gpe_sigma': 106.54105807849886, 'noise_gpi_sigma': 78.50800120292283, 'g_stn_gpe_mult': 2.716171438075468, 'g_gpe_stn_mult': 0.10400519729076947, 'g_stn_gpi_mult': 2.2731848733471987, 'g_gpe_gpi_mult': 0.5425025592195596}. Best is trial 747 with value: 0.12241304048949074.
[I 2026-05-29 00:11:50,320] Trial 757 finished with value: 2.9144010327612166 and parameters: {'ISTN': 60.99205425638468, 'I_gpe': 1.2793899789601508, 'I_gpi': 1.9968973983177543, 'noise_stn_sigma': 3.4514080993317893, 'noise_gpe_sigma': 109.44891536312342, 'noise_gpi_sigma': 83.38739946178113, 'g_stn_gpe_mult': 2.82178110292608, 'g_gpe_stn_mult': 0.13338206528673913, 'g_stn_gpi_mult': 2.222104505672232, 'g_gpe_gpi_mult': 0.5011385383950027}. Best is trial 747 with value: 0.12241304048949074.
[I 2026-05-29 00:11:51,328] Trial 758 finished with value: 0.13290440775864623 and parameters: {'ISTN': 60.580131729679245, 'I_gpe': 1.3522449042665277, 'I_gpi': 1.9620530366320375, 'noise_stn_sigma': 3.332161200074989, 'noise_gpe_sigma': 111.16917631325737, 'noise_gpi_sigma': 80.14653612873852, 'g_stn_gpe_mult': 2.675326482509834, 'g_gpe_stn_mult': 0.13938128240933653, 'g_stn_gpi_mult': 2.3953873425833683, 'g_gpe_gpi_mult': 0.4870450808334546}. Best is trial 747 with value: 0.12241304048949074.
[I 2026-05-29 00:11:52,337] Trial 759 finished with value: 0.13626962823868424 and parameters: {'ISTN': 61.201524762958016, 'I_gpe': 1.327363220423332, 'I_gpi': 1.9548440345828384, 'noise_stn_sigma': 3.4535114675422403, 'noise_gpe_sigma': 112.92867524176394, 'noise_gpi_sigma': 81.52091681914376, 'g_stn_gpe_mult': 2.8495576269807783, 'g_gpe_stn_mult': 0.11393919385939313, 'g_stn_gpi_mult': 2.262763985208061, 'g_gpe_gpi_mult': 0.5704880261448515}. Best is trial 747 with value: 0.12241304048949074.
[I 2026-05-29 00:11:53,347] Trial 760 finished with value: 1.1519020439513556 and parameters: {'ISTN': 61.71664160887401, 'I_gpe': 1.4024064605994209, 'I_gpi': 2.0815232911766683, 'noise_stn_sigma': 3.591677518016879, 'noise_gpe_sigma': 107.55779165502035, 'noise_gpi_sigma': 79.27493034343502, 'g_stn_gpe_mult': 2.8959223092312354, 'g_gpe_stn_mult': 0.12660267839457398, 'g_stn_gpi_mult': 2.1963953797980995, 'g_gpe_gpi_mult': 0.5278812334656899}. Best is trial 747 with value: 0.12241304048949074.
[I 2026-05-29 00:11:54,356] Trial 761 finished with value: 0.13261101588545643 and parameters: {'ISTN': 61.88395310263908, 'I_gpe': 1.303986702004733, 'I_gpi': 2.1161971568305127, 'noise_stn_sigma': 3.3986110088348327, 'noise_gpe_sigma': 107.44687474848806, 'noise_gpi_sigma': 78.62850223847713, 'g_stn_gpe_mult': 2.663452933046762, 'g_gpe_stn_mult': 0.11523860221955125, 'g_stn_gpi_mult': 2.2915488634458563, 'g_gpe_gpi_mult': 0.5353862769911567}. Best is trial 747 with value: 0.12241304048949074.
[I 2026-05-29 00:11:55,364] Trial 762 finished with value: 0.13131963819140272 and parameters: {'ISTN': 60.56784492793069, 'I_gpe': 1.3984227291615436, 'I_gpi': 2.1468936297856294, 'noise_stn_sigma': 3.3888263567985355, 'noise_gpe_sigma': 113.04527438146175, 'noise_gpi_sigma': 81.02470506504065, 'g_stn_gpe_mult': 2.680256891507841, 'g_gpe_stn_mult': 0.12476771491718724, 'g_stn_gpi_mult': 2.1743482468087363, 'g_gpe_gpi_mult': 0.533082687281498}. Best is trial 747 with value: 0.12241304048949074.
[I 2026-05-29 00:11:56,370] Trial 763 finished with value: 0.13471494379861687 and parameters: {'ISTN': 61.12062244088435, 'I_gpe': 1.4349652282191956, 'I_gpi': 2.0556916291776686, 'noise_stn_sigma': 3.4427779508302643, 'noise_gpe_sigma': 116.00929425975825, 'noise_gpi_sigma': 78.26534502233437, 'g_stn_gpe_mult': 2.7145615630457343, 'g_gpe_stn_mult': 0.11081075739987864, 'g_stn_gpi_mult': 2.3190937516687113, 'g_gpe_gpi_mult': 0.4443923876059086}. Best is trial 747 with value: 0.12241304048949074.
[I 2026-05-29 00:11:57,377] Trial 764 finished with value: 0.13856566116520797 and parameters: {'ISTN': 63.03584497482667, 'I_gpe': 1.3685927703868952, 'I_gpi': 1.9936373383886528, 'noise_stn_sigma': 3.366295836465587, 'noise_gpe_sigma': 105.91111007238766, 'noise_gpi_sigma': 83.60307327844305, 'g_stn_gpe_mult': 2.771856436355857, 'g_gpe_stn_mult': 0.1089525261990501, 'g_stn_gpi_mult': 2.2953414847870057, 'g_gpe_gpi_mult': 0.550078531415777}. Best is trial 747 with value: 0.12241304048949074.
[I 2026-05-29 00:11:58,382] Trial 765 finished with value: 0.2576815121186251 and parameters: {'ISTN': 62.25541634640994, 'I_gpe': 1.265834416618927, 'I_gpi': 2.114482617746705, 'noise_stn_sigma': 3.575352883934965, 'noise_gpe_sigma': 106.2616770679488, 'noise_gpi_sigma': 76.56595310726962, 'g_stn_gpe_mult': 2.8185348548858444, 'g_gpe_stn_mult': 0.11059217860874142, 'g_stn_gpi_mult': 2.245324093278886, 'g_gpe_gpi_mult': 0.5420260988064377}. Best is trial 747 with value: 0.12241304048949074.
[I 2026-05-29 00:11:59,392] Trial 766 finished with value: 0.27488978617912785 and parameters: {'ISTN': 61.39227289210496, 'I_gpe': 1.4043413125863387, 'I_gpi': 2.0443998474642004, 'noise_stn_sigma': 3.448020416070554, 'noise_gpe_sigma': 107.96854882880382, 'noise_gpi_sigma': 79.44765320363831, 'g_stn_gpe_mult': 2.7792590174199585, 'g_gpe_stn_mult': 0.12356380854557239, 'g_stn_gpi_mult': 2.3025113485779243, 'g_gpe_gpi_mult': 0.5415733654728845}. Best is trial 747 with value: 0.12241304048949074.
[I 2026-05-29 00:12:00,400] Trial 767 finished with value: 0.12751925330708258 and parameters: {'ISTN': 61.19105298931468, 'I_gpe': 1.342412525586741, 'I_gpi': 2.0756963380974707, 'noise_stn_sigma': 3.479614118548234, 'noise_gpe_sigma': 108.90064303023789, 'noise_gpi_sigma': 80.44030746428533, 'g_stn_gpe_mult': 2.5530127836682137, 'g_gpe_stn_mult': 0.11222503585992466, 'g_stn_gpi_mult': 2.2853365576321902, 'g_gpe_gpi_mult': 0.552499813263784}. Best is trial 747 with value: 0.12241304048949074.
[I 2026-05-29 00:12:01,409] Trial 768 finished with value: 0.1286794959807411 and parameters: {'ISTN': 61.34834661637543, 'I_gpe': 1.326317012602754, 'I_gpi': 2.058012521680899, 'noise_stn_sigma': 3.5570112073995546, 'noise_gpe_sigma': 107.59115361531398, 'noise_gpi_sigma': 82.92480185019492, 'g_stn_gpe_mult': 2.685365332275041, 'g_gpe_stn_mult': 0.1103653494134989, 'g_stn_gpi_mult': 2.246792536802076, 'g_gpe_gpi_mult': 0.5705543316634958}. Best is trial 747 with value: 0.12241304048949074.
[I 2026-05-29 00:12:02,418] Trial 769 finished with value: 0.13393917393273713 and parameters: {'ISTN': 61.5453996996698, 'I_gpe': 1.3846302855641448, 'I_gpi': 2.052910422841021, 'noise_stn_sigma': 3.50348747661821, 'noise_gpe_sigma': 114.59798208132835, 'noise_gpi_sigma': 80.41132566942333, 'g_stn_gpe_mult': 2.7386903295018685, 'g_gpe_stn_mult': 0.1252879622933742, 'g_stn_gpi_mult': 2.3219965578277435, 'g_gpe_gpi_mult': 0.47417723543998724}. Best is trial 747 with value: 0.12241304048949074.
[I 2026-05-29 00:12:03,426] Trial 770 finished with value: 0.125761805015982 and parameters: {'ISTN': 60.918220913529375, 'I_gpe': 1.358635983912266, 'I_gpi': 2.0328835409977293, 'noise_stn_sigma': 3.493945149870699, 'noise_gpe_sigma': 112.76654000686229, 'noise_gpi_sigma': 78.05716371579396, 'g_stn_gpe_mult': 2.621568699598978, 'g_gpe_stn_mult': 0.11118579659362628, 'g_stn_gpi_mult': 2.3128121525504137, 'g_gpe_gpi_mult': 0.4826722268153547}. Best is trial 747 with value: 0.12241304048949074.
[I 2026-05-29 00:12:04,432] Trial 771 finished with value: 0.13623312390989975 and parameters: {'ISTN': 62.01510439003149, 'I_gpe': 1.372009292525945, 'I_gpi': 2.010943967396455, 'noise_stn_sigma': 3.3498909540392816, 'noise_gpe_sigma': 109.48863161565079, 'noise_gpi_sigma': 77.92109549364962, 'g_stn_gpe_mult': 2.612076557631029, 'g_gpe_stn_mult': 0.1143497326523735, 'g_stn_gpi_mult': 2.2985840182933717, 'g_gpe_gpi_mult': 0.5100440910843995}. Best is trial 747 with value: 0.12241304048949074.
[I 2026-05-29 00:12:05,439] Trial 772 finished with value: 0.12748162662307846 and parameters: {'ISTN': 60.46917100127872, 'I_gpe': 1.2560564599472324, 'I_gpi': 2.1039527891220198, 'noise_stn_sigma': 3.625013317527788, 'noise_gpe_sigma': 109.58896719433028, 'noise_gpi_sigma': 79.38537416354458, 'g_stn_gpe_mult': 2.5975066455965345, 'g_gpe_stn_mult': 0.11801883935946672, 'g_stn_gpi_mult': 2.247083541946048, 'g_gpe_gpi_mult': 0.5330577074705334}. Best is trial 747 with value: 0.12241304048949074.
[I 2026-05-29 00:12:06,447] Trial 773 finished with value: 0.35023097141431186 and parameters: {'ISTN': 60.255929418027904, 'I_gpe': 1.272365219294493, 'I_gpi': 2.060392401665236, 'noise_stn_sigma': 3.4041313244169595, 'noise_gpe_sigma': 114.63533425873116, 'noise_gpi_sigma': 73.84421556802273, 'g_stn_gpe_mult': 2.5958993158472112, 'g_gpe_stn_mult': 0.11607345373771098, 'g_stn_gpi_mult': 2.283095857684042, 'g_gpe_gpi_mult': 0.5156177199810464}. Best is trial 747 with value: 0.12241304048949074.
[I 2026-05-29 00:12:07,455] Trial 774 finished with value: 0.12937601487044648 and parameters: {'ISTN': 61.86752400117321, 'I_gpe': 1.380561326212896, 'I_gpi': 2.0960986687968495, 'noise_stn_sigma': 3.5603447824506986, 'noise_gpe_sigma': 109.36450947318308, 'noise_gpi_sigma': 83.00462543207658, 'g_stn_gpe_mult': 2.630764744461223, 'g_gpe_stn_mult': 0.10400330907888528, 'g_stn_gpi_mult': 2.3722133396392517, 'g_gpe_gpi_mult': 0.5054392488637609}. Best is trial 747 with value: 0.12241304048949074.
[I 2026-05-29 00:12:08,464] Trial 775 finished with value: 0.5631251704619818 and parameters: {'ISTN': 60.44088813344647, 'I_gpe': 1.3740515838936618, 'I_gpi': 1.9663567945832412, 'noise_stn_sigma': 3.627518691176304, 'noise_gpe_sigma': 112.50083581396973, 'noise_gpi_sigma': 84.50719132689615, 'g_stn_gpe_mult': 2.5920677299462604, 'g_gpe_stn_mult': 0.10174915927439221, 'g_stn_gpi_mult': 2.258135388889082, 'g_gpe_gpi_mult': 0.5394033817364565}. Best is trial 747 with value: 0.12241304048949074.
[I 2026-05-29 00:12:09,471] Trial 776 finished with value: 0.1303530387924834 and parameters: {'ISTN': 60.62592443858076, 'I_gpe': 1.3573052887578778, 'I_gpi': 2.044189093383585, 'noise_stn_sigma': 3.608550416174449, 'noise_gpe_sigma': 113.73321726126804, 'noise_gpi_sigma': 80.80158416638304, 'g_stn_gpe_mult': 2.646647523561901, 'g_gpe_stn_mult': 0.12411533153054774, 'g_stn_gpi_mult': 2.330370652072589, 'g_gpe_gpi_mult': 0.4808332534978573}. Best is trial 747 with value: 0.12241304048949074.
[I 2026-05-29 00:12:10,480] Trial 777 finished with value: 0.14272109805317984 and parameters: {'ISTN': 62.16282071234631, 'I_gpe': 1.3874820404017647, 'I_gpi': 1.9698189332427072, 'noise_stn_sigma': 3.4547448722618737, 'noise_gpe_sigma': 117.75848560257194, 'noise_gpi_sigma': 80.25530940275965, 'g_stn_gpe_mult': 2.5792255809586173, 'g_gpe_stn_mult': 0.11679777046072895, 'g_stn_gpi_mult': 2.469101818772984, 'g_gpe_gpi_mult': 0.4208085641603583}. Best is trial 747 with value: 0.12241304048949074.
[I 2026-05-29 00:12:11,486] Trial 778 finished with value: 0.13032046868569672 and parameters: {'ISTN': 61.735394768296814, 'I_gpe': 1.34094842118762, 'I_gpi': 2.063582667528876, 'noise_stn_sigma': 3.5561552450517984, 'noise_gpe_sigma': 107.99627506631877, 'noise_gpi_sigma': 81.2526942127585, 'g_stn_gpe_mult': 2.734871883401448, 'g_gpe_stn_mult': 0.10429644253941221, 'g_stn_gpi_mult': 2.2169809032882757, 'g_gpe_gpi_mult': 0.5315085727016589}. Best is trial 747 with value: 0.12241304048949074.
[I 2026-05-29 00:12:12,493] Trial 779 finished with value: 0.1357921936208124 and parameters: {'ISTN': 61.00768295573233, 'I_gpe': 1.226353386871896, 'I_gpi': 2.09624452862676, 'noise_stn_sigma': 3.5843944166337214, 'noise_gpe_sigma': 108.77474520883156, 'noise_gpi_sigma': 77.89766365153635, 'g_stn_gpe_mult': 2.7691030612469953, 'g_gpe_stn_mult': 0.13077007595066584, 'g_stn_gpi_mult': 2.1415922202754505, 'g_gpe_gpi_mult': 0.5244891449814999}. Best is trial 747 with value: 0.12241304048949074.
[I 2026-05-29 00:12:13,502] Trial 780 finished with value: 4.994944517719038 and parameters: {'ISTN': 61.498882979654184, 'I_gpe': 1.2866269482805046, 'I_gpi': 2.0822486330654524, 'noise_stn_sigma': 3.574612702627944, 'noise_gpe_sigma': 111.39355340726111, 'noise_gpi_sigma': 83.37575593468463, 'g_stn_gpe_mult': 2.6770567634757683, 'g_gpe_stn_mult': 0.1297309621868842, 'g_stn_gpi_mult': 2.2332858690209623, 'g_gpe_gpi_mult': 0.5144548269958673}. Best is trial 747 with value: 0.12241304048949074.
[I 2026-05-29 00:12:14,511] Trial 781 finished with value: 0.3984232594384945 and parameters: {'ISTN': 61.53120586868102, 'I_gpe': 1.2779542562432178, 'I_gpi': 2.0376743022117934, 'noise_stn_sigma': 3.2347434377300868, 'noise_gpe_sigma': 109.60714085630042, 'noise_gpi_sigma': 81.11743513221393, 'g_stn_gpe_mult': 2.719325738922292, 'g_gpe_stn_mult': 0.10553509863621251, 'g_stn_gpi_mult': 2.3418012653174007, 'g_gpe_gpi_mult': 0.49504858605088514}. Best is trial 747 with value: 0.12241304048949074.
[I 2026-05-29 00:12:15,518] Trial 782 finished with value: 1.127791675864283 and parameters: {'ISTN': 60.75754088489946, 'I_gpe': 1.2954417157117268, 'I_gpi': 1.9977195372002237, 'noise_stn_sigma': 3.26375207108336, 'noise_gpe_sigma': 115.6233025517715, 'noise_gpi_sigma': 79.83129632536745, 'g_stn_gpe_mult': 2.635757117396955, 'g_gpe_stn_mult': 0.10851233508338044, 'g_stn_gpi_mult': 2.261842400548872, 'g_gpe_gpi_mult': 0.48953881236787655}. Best is trial 747 with value: 0.12241304048949074.
[I 2026-05-29 00:12:16,526] Trial 783 finished with value: 0.12694851243086314 and parameters: {'ISTN': 61.26106621943881, 'I_gpe': 1.3003563135104157, 'I_gpi': 2.0429698654814787, 'noise_stn_sigma': 3.575919785073433, 'noise_gpe_sigma': 105.72536301683232, 'noise_gpi_sigma': 82.3022090877831, 'g_stn_gpe_mult': 2.8263189872102803, 'g_gpe_stn_mult': 0.11585240999102554, 'g_stn_gpi_mult': 2.2952094314110743, 'g_gpe_gpi_mult': 0.5412687231968796}. Best is trial 747 with value: 0.12241304048949074.
[I 2026-05-29 00:12:17,532] Trial 784 finished with value: 0.1307885942101801 and parameters: {'ISTN': 61.627033870394, 'I_gpe': 1.3240548865110315, 'I_gpi': 2.1694418939503537, 'noise_stn_sigma': 3.6677934442690097, 'noise_gpe_sigma': 108.1519426920891, 'noise_gpi_sigma': 83.14745935359355, 'g_stn_gpe_mult': 2.6054645109084316, 'g_gpe_stn_mult': 0.10899634481678562, 'g_stn_gpi_mult': 2.2568296352415316, 'g_gpe_gpi_mult': 0.5585493848444941}. Best is trial 747 with value: 0.12241304048949074.
[I 2026-05-29 00:12:18,540] Trial 785 finished with value: 0.14634375266945698 and parameters: {'ISTN': 60.950438387228154, 'I_gpe': 1.1500768757207696, 'I_gpi': 2.147772962107734, 'noise_stn_sigma': 3.690294510265188, 'noise_gpe_sigma': 109.438408090312, 'noise_gpi_sigma': 81.38012891501896, 'g_stn_gpe_mult': 2.5871833224861014, 'g_gpe_stn_mult': 0.11915325030270646, 'g_stn_gpi_mult': 2.2702584523938416, 'g_gpe_gpi_mult': 0.5211854384941959}. Best is trial 747 with value: 0.12241304048949074.
[I 2026-05-29 00:12:19,548] Trial 786 finished with value: 0.40069188896137886 and parameters: {'ISTN': 61.215081732751834, 'I_gpe': 1.2590478289300842, 'I_gpi': 1.9949252272036269, 'noise_stn_sigma': 3.5375904501218525, 'noise_gpe_sigma': 110.20773927209443, 'noise_gpi_sigma': 80.01596335753058, 'g_stn_gpe_mult': 2.500497658288494, 'g_gpe_stn_mult': 0.10150816380552967, 'g_stn_gpi_mult': 2.402270491451332, 'g_gpe_gpi_mult': 0.506777341280251}. Best is trial 747 with value: 0.12241304048949074.
[I 2026-05-29 00:12:20,559] Trial 787 finished with value: 0.12875972516405854 and parameters: {'ISTN': 61.249423521293224, 'I_gpe': 1.3191953477011453, 'I_gpi': 2.2332376118828563, 'noise_stn_sigma': 3.784189928757214, 'noise_gpe_sigma': 108.05274360668876, 'noise_gpi_sigma': 80.63124402347574, 'g_stn_gpe_mult': 2.720156452132322, 'g_gpe_stn_mult': 0.10429449962333603, 'g_stn_gpi_mult': 2.1800333961135516, 'g_gpe_gpi_mult': 0.5754828366918463}. Best is trial 747 with value: 0.12241304048949074.
[I 2026-05-29 00:12:21,567] Trial 788 finished with value: 0.8426279334515643 and parameters: {'ISTN': 62.489542220019615, 'I_gpe': 1.2858711429629117, 'I_gpi': 2.1062567777905756, 'noise_stn_sigma': 3.4015860702100635, 'noise_gpe_sigma': 108.46428226081883, 'noise_gpi_sigma': 83.37282516880556, 'g_stn_gpe_mult': 2.5834718628377873, 'g_gpe_stn_mult': 0.11653842861500553, 'g_stn_gpi_mult': 2.2321296273958193, 'g_gpe_gpi_mult': 0.5337690854551509}. Best is trial 747 with value: 0.12241304048949074.
[I 2026-05-29 00:12:22,576] Trial 789 finished with value: 0.12607387153184932 and parameters: {'ISTN': 60.855316760187165, 'I_gpe': 1.2598276435693565, 'I_gpi': 2.0870788442453536, 'noise_stn_sigma': 3.6387665328726753, 'noise_gpe_sigma': 106.79075526055142, 'noise_gpi_sigma': 80.6244234807366, 'g_stn_gpe_mult': 2.725792639289413, 'g_gpe_stn_mult': 0.11274800017475757, 'g_stn_gpi_mult': 2.144321944938653, 'g_gpe_gpi_mult': 0.5481466700918418}. Best is trial 747 with value: 0.12241304048949074.
[I 2026-05-29 00:12:23,585] Trial 790 finished with value: 0.1411172666695059 and parameters: {'ISTN': 62.0212104795546, 'I_gpe': 1.2531998547760936, 'I_gpi': 2.123598091894234, 'noise_stn_sigma': 3.573710985697108, 'noise_gpe_sigma': 105.42629270683314, 'noise_gpi_sigma': 78.00240223045166, 'g_stn_gpe_mult': 2.589970440937297, 'g_gpe_stn_mult': 0.1071074301680838, 'g_stn_gpi_mult': 2.3477508010632384, 'g_gpe_gpi_mult': 0.5139028263318324}. Best is trial 747 with value: 0.12241304048949074.
[I 2026-05-29 00:12:24,593] Trial 791 finished with value: 0.13152621926231653 and parameters: {'ISTN': 60.79710923541479, 'I_gpe': 1.2406342272156121, 'I_gpi': 2.0606614447492326, 'noise_stn_sigma': 3.591056092344397, 'noise_gpe_sigma': 111.5201175151175, 'noise_gpi_sigma': 83.61578796162553, 'g_stn_gpe_mult': 2.767938027329528, 'g_gpe_stn_mult': 0.12015874522177801, 'g_stn_gpi_mult': 2.1200612815722018, 'g_gpe_gpi_mult': 0.5284282890841154}. Best is trial 747 with value: 0.12241304048949074.
