[I 2026-05-28 23:33:19,670] Trial 484 finished with value: 5.670564647071015 and parameters: {'ISTN': 67.89375953155147, 'I_gpe': 1.3906982508147903, 'I_gpi': 2.695077770542789, 'noise_stn_sigma': 6.317200268338586, 'noise_gpe_sigma': 124.24770087412205, 'noise_gpi_sigma': 95.81601581590844, 'g_stn_gpe_mult': 2.5208897656925333, 'g_gpe_stn_mult': 0.6072603548727189, 'g_stn_gpi_mult': 2.775629826683497, 'g_gpe_gpi_mult': 0.5292444989146987}. Best is trial 459 with value: 0.6576545468262062.
[I 2026-05-28 23:33:20,676] Trial 485 finished with value: 9.054220563036054 and parameters: {'ISTN': 64.93180377709885, 'I_gpe': 1.3907615066801715, 'I_gpi': 2.9534370224153235, 'noise_stn_sigma': 6.1792182400240945, 'noise_gpe_sigma': 136.72981227626028, 'noise_gpi_sigma': 89.41640444052935, 'g_stn_gpe_mult': 2.835938526915384, 'g_gpe_stn_mult': 0.5744687002498723, 'g_stn_gpi_mult': 2.637205002294457, 'g_gpe_gpi_mult': 0.47188605755315016}. Best is trial 459 with value: 0.6576545468262062.
[I 2026-05-28 23:33:21,684] Trial 486 finished with value: 5.773977284404351 and parameters: {'ISTN': 66.97031418021776, 'I_gpe': 1.5712959703567249, 'I_gpi': 2.7878024784712996, 'noise_stn_sigma': 5.605190480404432, 'noise_gpe_sigma': 122.53371106158774, 'noise_gpi_sigma': 86.24195449825442, 'g_stn_gpe_mult': 2.7453984297344114, 'g_gpe_stn_mult': 0.5916093628038405, 'g_stn_gpi_mult': 2.985816219512595, 'g_gpe_gpi_mult': 0.4443253979241222}. Best is trial 459 with value: 0.6576545468262062.
[I 2026-05-28 23:33:22,690] Trial 487 finished with value: 6.283376717347908 and parameters: {'ISTN': 60.9296480212325, 'I_gpe': 1.4794329600227136, 'I_gpi': 2.682155064451205, 'noise_stn_sigma': 6.172233834714643, 'noise_gpe_sigma': 125.82375107556085, 'noise_gpi_sigma': 87.78543455596186, 'g_stn_gpe_mult': 3.092671302546087, 'g_gpe_stn_mult': 0.5682476770532171, 'g_stn_gpi_mult': 3.0688798750876725, 'g_gpe_gpi_mult': 0.5039609414987116}. Best is trial 459 with value: 0.6576545468262062.
[I 2026-05-28 23:33:23,698] Trial 488 finished with value: 6.388088228648759 and parameters: {'ISTN': 71.2434712309163, 'I_gpe': 1.1994414065276149, 'I_gpi': 2.829213480345369, 'noise_stn_sigma': 7.186666771183615, 'noise_gpe_sigma': 131.91929100007724, 'noise_gpi_sigma': 92.67566604930063, 'g_stn_gpe_mult': 2.818114955652324, 'g_gpe_stn_mult': 0.6450132048976918, 'g_stn_gpi_mult': 3.196037233768696, 'g_gpe_gpi_mult': 0.5119784546545281}. Best is trial 459 with value: 0.6576545468262062.
[I 2026-05-28 23:33:24,704] Trial 489 finished with value: 2.3968447609383787 and parameters: {'ISTN': 65.27814841495427, 'I_gpe': 1.275477113305797, 'I_gpi': 2.8309019389233763, 'noise_stn_sigma': 6.153315369913753, 'noise_gpe_sigma': 129.50917700417767, 'noise_gpi_sigma': 91.01739230672605, 'g_stn_gpe_mult': 2.918061184928587, 'g_gpe_stn_mult': 0.6114186521475936, 'g_stn_gpi_mult': 2.895687356525297, 'g_gpe_gpi_mult': 0.43470664067289244}. Best is trial 459 with value: 0.6576545468262062.
[I 2026-05-28 23:33:25,711] Trial 490 finished with value: 9.492466262430444 and parameters: {'ISTN': 70.55948701746985, 'I_gpe': 1.2988469667943034, 'I_gpi': 2.289630589506319, 'noise_stn_sigma': 6.535408712208029, 'noise_gpe_sigma': 127.24261557633473, 'noise_gpi_sigma': 97.11645700371344, 'g_stn_gpe_mult': 2.693813982570459, 'g_gpe_stn_mult': 0.5554011272632075, 'g_stn_gpi_mult': 3.2210193423274345, 'g_gpe_gpi_mult': 0.4775520324964594}. Best is trial 459 with value: 0.6576545468262062.
[I 2026-05-28 23:33:26,718] Trial 491 finished with value: 6.477958794095379 and parameters: {'ISTN': 65.49253123888235, 'I_gpe': 1.4028909046177325, 'I_gpi': 2.74898472935127, 'noise_stn_sigma': 6.417572845893769, 'noise_gpe_sigma': 127.9206344647623, 'noise_gpi_sigma': 91.68065902116066, 'g_stn_gpe_mult': 2.74809732675254, 'g_gpe_stn_mult': 0.657467024219561, 'g_stn_gpi_mult': 2.9254629609263154, 'g_gpe_gpi_mult': 0.48134465630816714}. Best is trial 459 with value: 0.6576545468262062.
[I 2026-05-28 23:33:27,725] Trial 492 finished with value: 4.419570794658338 and parameters: {'ISTN': 61.96587682621752, 'I_gpe': 1.4219494794453835, 'I_gpi': 2.7039558853545627, 'noise_stn_sigma': 6.068491088770859, 'noise_gpe_sigma': 124.19482506477553, 'noise_gpi_sigma': 91.57945882540571, 'g_stn_gpe_mult': 2.6246740691893358, 'g_gpe_stn_mult': 0.6238495157657437, 'g_stn_gpi_mult': 3.302450876447146, 'g_gpe_gpi_mult': 0.46671069387868397}. Best is trial 459 with value: 0.6576545468262062.
[I 2026-05-28 23:33:28,732] Trial 493 finished with value: 6.576248672680722 and parameters: {'ISTN': 63.05316835089207, 'I_gpe': 1.2632609197824327, 'I_gpi': 2.8718940767980468, 'noise_stn_sigma': 6.387870426002161, 'noise_gpe_sigma': 122.35151315925039, 'noise_gpi_sigma': 97.2516447860749, 'g_stn_gpe_mult': 2.950924040177327, 'g_gpe_stn_mult': 0.6080016045910329, 'g_stn_gpi_mult': 2.7860459706162763, 'g_gpe_gpi_mult': 0.4682587784313794}. Best is trial 459 with value: 0.6576545468262062.
[I 2026-05-28 23:33:29,741] Trial 494 finished with value: 1.2381431957959785 and parameters: {'ISTN': 60.064173621611694, 'I_gpe': 1.2830378648859382, 'I_gpi': 2.600859237321598, 'noise_stn_sigma': 5.880755915535169, 'noise_gpe_sigma': 124.49050026104003, 'noise_gpi_sigma': 95.54765162034094, 'g_stn_gpe_mult': 2.9348027891443143, 'g_gpe_stn_mult': 0.5052588436741239, 'g_stn_gpi_mult': 2.870638113747101, 'g_gpe_gpi_mult': 0.4633474004604667}. Best is trial 459 with value: 0.6576545468262062.
[I 2026-05-28 23:33:30,745] Trial 495 finished with value: 9.25525561828024 and parameters: {'ISTN': 65.30080272029575, 'I_gpe': 1.4421560456479274, 'I_gpi': 2.8320720210308923, 'noise_stn_sigma': 6.523093829575414, 'noise_gpe_sigma': 130.15070513976167, 'noise_gpi_sigma': 78.27685233575389, 'g_stn_gpe_mult': 2.8986189684239614, 'g_gpe_stn_mult': 0.6718786063032169, 'g_stn_gpi_mult': 3.171058507814001, 'g_gpe_gpi_mult': 0.5147988293745505}. Best is trial 459 with value: 0.6576545468262062.
[I 2026-05-28 23:33:31,752] Trial 496 finished with value: 7.716881728689317 and parameters: {'ISTN': 64.3928383316481, 'I_gpe': 1.5083459993500445, 'I_gpi': 2.9237602503771187, 'noise_stn_sigma': 5.8481964938086115, 'noise_gpe_sigma': 126.22520841598595, 'noise_gpi_sigma': 91.77912210206061, 'g_stn_gpe_mult': 2.804017850579963, 'g_gpe_stn_mult': 0.5743172513130034, 'g_stn_gpi_mult': 2.9446903404096703, 'g_gpe_gpi_mult': 0.5591985575020821}. Best is trial 459 with value: 0.6576545468262062.
[I 2026-05-28 23:33:32,758] Trial 497 finished with value: 10.627498719950934 and parameters: {'ISTN': 75.15784615229865, 'I_gpe': 1.412125552560262, 'I_gpi': 2.5558263607981537, 'noise_stn_sigma': 5.479427664852996, 'noise_gpe_sigma': 138.3723229989513, 'noise_gpi_sigma': 82.27424143456187, 'g_stn_gpe_mult': 2.8850758329080333, 'g_gpe_stn_mult': 0.7170446583572198, 'g_stn_gpi_mult': 3.091632319719361, 'g_gpe_gpi_mult': 0.41484172884544535}. Best is trial 459 with value: 0.6576545468262062.
[I 2026-05-28 23:33:33,765] Trial 498 finished with value: 2.4469510113879718 and parameters: {'ISTN': 65.62097015230097, 'I_gpe': 1.4360685081404885, 'I_gpi': 2.528158393175396, 'noise_stn_sigma': 5.617810544160909, 'noise_gpe_sigma': 129.99465564991294, 'noise_gpi_sigma': 82.8699597514893, 'g_stn_gpe_mult': 2.7154292412199807, 'g_gpe_stn_mult': 0.6623989295925266, 'g_stn_gpi_mult': 3.110409833110968, 'g_gpe_gpi_mult': 0.5225008357884049}. Best is trial 459 with value: 0.6576545468262062.
[I 2026-05-28 23:33:34,772] Trial 499 finished with value: 6.083698219086955 and parameters: {'ISTN': 70.87277330081078, 'I_gpe': 1.4515544573667558, 'I_gpi': 2.6808455814725196, 'noise_stn_sigma': 5.98974182338277, 'noise_gpe_sigma': 127.30258090338056, 'noise_gpi_sigma': 96.20197600193826, 'g_stn_gpe_mult': 2.6316164663123183, 'g_gpe_stn_mult': 0.6649122139894706, 'g_stn_gpi_mult': 3.1433864889339183, 'g_gpe_gpi_mult': 0.5086250565708432}. Best is trial 459 with value: 0.6576545468262062.
[I 2026-05-28 23:33:35,779] Trial 500 finished with value: 6.935871873986691 and parameters: {'ISTN': 66.37594569206999, 'I_gpe': 1.248623926554131, 'I_gpi': 2.917432336470727, 'noise_stn_sigma': 5.875810530039842, 'noise_gpe_sigma': 133.88911886309504, 'noise_gpi_sigma': 77.26196545947576, 'g_stn_gpe_mult': 2.7430585165787726, 'g_gpe_stn_mult': 0.6757877842430038, 'g_stn_gpi_mult': 2.91286500756697, 'g_gpe_gpi_mult': 0.5005797882772431}. Best is trial 459 with value: 0.6576545468262062.
[I 2026-05-28 23:33:36,789] Trial 501 finished with value: 5.078447168323781 and parameters: {'ISTN': 67.51740295481142, 'I_gpe': 1.2087946300089383, 'I_gpi': 2.4905987945674473, 'noise_stn_sigma': 6.050372098018552, 'noise_gpe_sigma': 130.57912483980735, 'noise_gpi_sigma': 85.08804198993792, 'g_stn_gpe_mult': 2.8546483600127956, 'g_gpe_stn_mult': 0.5889734409455125, 'g_stn_gpi_mult': 3.0591754579912633, 'g_gpe_gpi_mult': 0.5254891146049395}. Best is trial 459 with value: 0.6576545468262062.
[I 2026-05-28 23:33:37,795] Trial 502 finished with value: 4.192137456887107 and parameters: {'ISTN': 64.4965704411809, 'I_gpe': 1.418926595531507, 'I_gpi': 2.723402496067, 'noise_stn_sigma': 5.7849907356903, 'noise_gpe_sigma': 130.8477417887022, 'noise_gpi_sigma': 90.17091344759531, 'g_stn_gpe_mult': 2.8477709402376963, 'g_gpe_stn_mult': 0.6499920669250323, 'g_stn_gpi_mult': 3.4326593404403907, 'g_gpe_gpi_mult': 0.39520065337664023}. Best is trial 459 with value: 0.6576545468262062.
[I 2026-05-28 23:33:38,801] Trial 503 finished with value: 6.459979773555629 and parameters: {'ISTN': 62.35729605098156, 'I_gpe': 1.3366821204325299, 'I_gpi': 2.3938504045158115, 'noise_stn_sigma': 5.755584286448664, 'noise_gpe_sigma': 127.09394620909919, 'noise_gpi_sigma': 90.84779155988102, 'g_stn_gpe_mult': 3.11785663124747, 'g_gpe_stn_mult': 0.5270333132884891, 'g_stn_gpi_mult': 3.1993343030376, 'g_gpe_gpi_mult': 0.4635406935210203}. Best is trial 459 with value: 0.6576545468262062.
[I 2026-05-28 23:33:39,808] Trial 504 finished with value: 8.459254896134526 and parameters: {'ISTN': 62.64203983498854, 'I_gpe': 1.3718764748850112, 'I_gpi': 2.5493275482676054, 'noise_stn_sigma': 5.730678075729995, 'noise_gpe_sigma': 135.41071879099755, 'noise_gpi_sigma': 90.8146399782943, 'g_stn_gpe_mult': 2.688922233944946, 'g_gpe_stn_mult': 0.60175229719038, 'g_stn_gpi_mult': 2.876810255599196, 'g_gpe_gpi_mult': 0.5295214244518168}. Best is trial 459 with value: 0.6576545468262062.
[I 2026-05-28 23:33:40,815] Trial 505 finished with value: 5.536295817439276 and parameters: {'ISTN': 64.14087833462193, 'I_gpe': 1.5098304490094219, 'I_gpi': 2.6421508907126583, 'noise_stn_sigma': 4.9634018631635115, 'noise_gpe_sigma': 121.77150776423039, 'noise_gpi_sigma': 91.06087638069303, 'g_stn_gpe_mult': 2.9457266887250446, 'g_gpe_stn_mult': 0.6048936494152819, 'g_stn_gpi_mult': 2.8649292488274902, 'g_gpe_gpi_mult': 0.43398118025078875}. Best is trial 459 with value: 0.6576545468262062.
[I 2026-05-28 23:33:41,826] Trial 506 finished with value: 5.987450702545798 and parameters: {'ISTN': 67.9026282645964, 'I_gpe': 1.4832164522581888, 'I_gpi': 2.8145756810530362, 'noise_stn_sigma': 5.969102210517283, 'noise_gpe_sigma': 123.50925621826407, 'noise_gpi_sigma': 96.97071855291877, 'g_stn_gpe_mult': 2.9113293769581645, 'g_gpe_stn_mult': 0.6259902505993814, 'g_stn_gpi_mult': 2.9612026758723498, 'g_gpe_gpi_mult': 0.5673743814767007}. Best is trial 459 with value: 0.6576545468262062.
[I 2026-05-28 23:33:42,834] Trial 507 finished with value: 7.245581896578 and parameters: {'ISTN': 66.44492899163318, 'I_gpe': 1.4147342800612404, 'I_gpi': 2.582634700067339, 'noise_stn_sigma': 5.831210263117823, 'noise_gpe_sigma': 118.40136055490086, 'noise_gpi_sigma': 91.9867959366726, 'g_stn_gpe_mult': 2.4961270805554703, 'g_gpe_stn_mult': 0.5579051283223085, 'g_stn_gpi_mult': 2.851009068406969, 'g_gpe_gpi_mult': 0.5697181411689647}. Best is trial 459 with value: 0.6576545468262062.
[I 2026-05-28 23:33:43,782] Trial 508 finished with value: 1000000.0 and parameters: {'ISTN': 66.23469930455741, 'I_gpe': 1.2825185932158454, 'I_gpi': 2.533375579495601, 'noise_stn_sigma': 5.826599884288483, 'noise_gpe_sigma': 128.7922692383914, 'noise_gpi_sigma': 98.31483818463141, 'g_stn_gpe_mult': 2.7922086745043804, 'g_gpe_stn_mult': 0.5938978542374973, 'g_stn_gpi_mult': 3.170171579456634, 'g_gpe_gpi_mult': 0.45525412714210506}. Best is trial 459 with value: 0.6576545468262062.
[I 2026-05-28 23:33:44,791] Trial 509 finished with value: 1.2344690690542617 and parameters: {'ISTN': 60.061866861545134, 'I_gpe': 1.3452817134228814, 'I_gpi': 2.5638280385362786, 'noise_stn_sigma': 5.758879812204399, 'noise_gpe_sigma': 129.76063050500818, 'noise_gpi_sigma': 95.07180319495669, 'g_stn_gpe_mult': 2.946580204719724, 'g_gpe_stn_mult': 0.47209039762564564, 'g_stn_gpi_mult': 2.736464908342062, 'g_gpe_gpi_mult': 0.47246662982397364}. Best is trial 459 with value: 0.6576545468262062.
[I 2026-05-28 23:33:45,797] Trial 510 finished with value: 4.960073912505036 and parameters: {'ISTN': 66.06834600972913, 'I_gpe': 1.3326847419955148, 'I_gpi': 2.5920354544092996, 'noise_stn_sigma': 6.3024380324545675, 'noise_gpe_sigma': 122.51215997319694, 'noise_gpi_sigma': 89.97919720440179, 'g_stn_gpe_mult': 2.749192541442779, 'g_gpe_stn_mult': 0.6350063006017361, 'g_stn_gpi_mult': 3.0181927706199794, 'g_gpe_gpi_mult': 0.5040072362114698}. Best is trial 459 with value: 0.6576545468262062.
[I 2026-05-28 23:33:46,809] Trial 511 finished with value: 4.365692876568684 and parameters: {'ISTN': 60.50549263379856, 'I_gpe': 1.3398383404874763, 'I_gpi': 2.646818846223731, 'noise_stn_sigma': 5.924217238804143, 'noise_gpe_sigma': 135.41974026780082, 'noise_gpi_sigma': 92.7153980610627, 'g_stn_gpe_mult': 2.782432267035312, 'g_gpe_stn_mult': 0.5705971894350053, 'g_stn_gpi_mult': 3.06358207805617, 'g_gpe_gpi_mult': 0.49255923205719815}. Best is trial 459 with value: 0.6576545468262062.
[I 2026-05-28 23:33:47,820] Trial 512 finished with value: 10.853389087876796 and parameters: {'ISTN': 63.878711669033365, 'I_gpe': 1.4248171133676157, 'I_gpi': 2.472171875368594, 'noise_stn_sigma': 5.861288859709017, 'noise_gpe_sigma': 131.26303705484645, 'noise_gpi_sigma': 91.78445897023846, 'g_stn_gpe_mult': 2.9609666867561435, 'g_gpe_stn_mult': 0.48492170611503915, 'g_stn_gpi_mult': 3.2179963004616288, 'g_gpe_gpi_mult': 0.4116691888376266}. Best is trial 459 with value: 0.6576545468262062.
[I 2026-05-28 23:33:48,828] Trial 513 finished with value: 4.639364575456033 and parameters: {'ISTN': 63.23953909020989, 'I_gpe': 1.2172520021980608, 'I_gpi': 2.4497571331635517, 'noise_stn_sigma': 5.587349182290606, 'noise_gpe_sigma': 126.77938056933715, 'noise_gpi_sigma': 90.67237851818783, 'g_stn_gpe_mult': 2.9807121622674497, 'g_gpe_stn_mult': 0.5839259333835973, 'g_stn_gpi_mult': 2.882443533928183, 'g_gpe_gpi_mult': 0.3725848541060088}. Best is trial 459 with value: 0.6576545468262062.
[I 2026-05-28 23:33:49,837] Trial 514 finished with value: 7.273956895077679 and parameters: {'ISTN': 61.45718431716953, 'I_gpe': 1.379172052716932, 'I_gpi': 2.783303925067474, 'noise_stn_sigma': 5.33007924301302, 'noise_gpe_sigma': 139.59701666593452, 'noise_gpi_sigma': 88.85001305571241, 'g_stn_gpe_mult': 2.9129811965737105, 'g_gpe_stn_mult': 0.5823032497065844, 'g_stn_gpi_mult': 3.049592555414038, 'g_gpe_gpi_mult': 0.40476172968610646}. Best is trial 459 with value: 0.6576545468262062.
[I 2026-05-28 23:33:50,847] Trial 515 finished with value: 5.923198681615488 and parameters: {'ISTN': 65.27643268339581, 'I_gpe': 1.2665938717641834, 'I_gpi': 2.6095819546029877, 'noise_stn_sigma': 5.791520201534835, 'noise_gpe_sigma': 134.5336460076551, 'noise_gpi_sigma': 84.86666105137796, 'g_stn_gpe_mult': 2.7015174407123212, 'g_gpe_stn_mult': 0.5735210665184172, 'g_stn_gpi_mult': 2.848431515378251, 'g_gpe_gpi_mult': 0.5160952714475888}. Best is trial 459 with value: 0.6576545468262062.
[I 2026-05-28 23:33:51,857] Trial 516 finished with value: 7.7797622471483265 and parameters: {'ISTN': 64.94897379584123, 'I_gpe': 1.3823507189873465, 'I_gpi': 2.7950681076444974, 'noise_stn_sigma': 5.868810519884698, 'noise_gpe_sigma': 131.1385367789095, 'noise_gpi_sigma': 87.4894803563189, 'g_stn_gpe_mult': 2.8763713069035832, 'g_gpe_stn_mult': 0.5915301712252996, 'g_stn_gpi_mult': 3.2699458419000296, 'g_gpe_gpi_mult': 0.4725155319628253}. Best is trial 459 with value: 0.6576545468262062.
[I 2026-05-28 23:33:52,865] Trial 517 finished with value: 3.39504276652203 and parameters: {'ISTN': 61.97224348080357, 'I_gpe': 1.2918207078507575, 'I_gpi': 2.4703651264518376, 'noise_stn_sigma': 6.046691166206613, 'noise_gpe_sigma': 123.54974817726452, 'noise_gpi_sigma': 97.13972852509441, 'g_stn_gpe_mult': 2.980779526837986, 'g_gpe_stn_mult': 0.5365495287790769, 'g_stn_gpi_mult': 3.1103780052487804, 'g_gpe_gpi_mult': 0.49897951919657013}. Best is trial 459 with value: 0.6576545468262062.
[I 2026-05-28 23:33:53,872] Trial 518 finished with value: 6.522610983637753 and parameters: {'ISTN': 62.28385906854059, 'I_gpe': 1.2572099822824334, 'I_gpi': 2.5404581833425874, 'noise_stn_sigma': 5.767287494655489, 'noise_gpe_sigma': 126.28481446004027, 'noise_gpi_sigma': 84.69505236401567, 'g_stn_gpe_mult': 3.01355215744694, 'g_gpe_stn_mult': 0.5051132055546688, 'g_stn_gpi_mult': 3.035681573723939, 'g_gpe_gpi_mult': 0.5395811076465487}. Best is trial 459 with value: 0.6576545468262062.
[I 2026-05-28 23:33:54,880] Trial 519 finished with value: 4.159086482224809 and parameters: {'ISTN': 62.51180827830586, 'I_gpe': 1.201834330783485, 'I_gpi': 2.697612669804511, 'noise_stn_sigma': 5.533031072491472, 'noise_gpe_sigma': 133.57088934012538, 'noise_gpi_sigma': 93.07853835991052, 'g_stn_gpe_mult': 2.9071023182058555, 'g_gpe_stn_mult': 0.5643782090374075, 'g_stn_gpi_mult': 3.1305247458671985, 'g_gpe_gpi_mult': 0.3875657301155747}. Best is trial 459 with value: 0.6576545468262062.
[I 2026-05-28 23:33:55,888] Trial 520 finished with value: 2.300926945834765 and parameters: {'ISTN': 65.75712409716968, 'I_gpe': 1.428895369249759, 'I_gpi': 2.3819580101321733, 'noise_stn_sigma': 5.934567048461646, 'noise_gpe_sigma': 117.17863459994958, 'noise_gpi_sigma': 98.05505012818544, 'g_stn_gpe_mult': 2.9241918802691957, 'g_gpe_stn_mult': 0.5776535973356077, 'g_stn_gpi_mult': 2.980971481445466, 'g_gpe_gpi_mult': 0.487817408755294}. Best is trial 459 with value: 0.6576545468262062.
[I 2026-05-28 23:33:56,898] Trial 521 finished with value: 4.154397346972527 and parameters: {'ISTN': 63.49275553032313, 'I_gpe': 1.4271951897516038, 'I_gpi': 2.4312719555152795, 'noise_stn_sigma': 5.6758512292987655, 'noise_gpe_sigma': 121.04898526087185, 'noise_gpi_sigma': 97.91619727117515, 'g_stn_gpe_mult': 2.8955720545502146, 'g_gpe_stn_mult': 0.5680785893221905, 'g_stn_gpi_mult': 2.9964674437810292, 'g_gpe_gpi_mult': 0.4490404384409435}. Best is trial 459 with value: 0.6576545468262062.
[I 2026-05-28 23:33:57,905] Trial 522 finished with value: 9.408248900968601 and parameters: {'ISTN': 63.219473708954, 'I_gpe': 1.3221290289946777, 'I_gpi': 2.5158084237951917, 'noise_stn_sigma': 6.002456214524661, 'noise_gpe_sigma': 125.70717057542717, 'noise_gpi_sigma': 91.7445337442408, 'g_stn_gpe_mult': 2.944244750931832, 'g_gpe_stn_mult': 0.5319147027522639, 'g_stn_gpi_mult': 2.9273488408974355, 'g_gpe_gpi_mult': 0.4444772809448636}. Best is trial 459 with value: 0.6576545468262062.
[I 2026-05-28 23:33:58,911] Trial 523 finished with value: 3.9785126897414735 and parameters: {'ISTN': 63.907010532785264, 'I_gpe': 1.3359128542810796, 'I_gpi': 2.436392727670885, 'noise_stn_sigma': 6.281582190439497, 'noise_gpe_sigma': 121.53274756004126, 'noise_gpi_sigma': 101.27861689376712, 'g_stn_gpe_mult': 2.5348294061944507, 'g_gpe_stn_mult': 0.6103243682036558, 'g_stn_gpi_mult': 3.0370192229132185, 'g_gpe_gpi_mult': 0.45489927989982676}. Best is trial 459 with value: 0.6576545468262062.
[I 2026-05-28 23:33:59,917] Trial 524 finished with value: 9.778875451380923 and parameters: {'ISTN': 65.41607569944703, 'I_gpe': 1.38854764723841, 'I_gpi': 2.56213240434056, 'noise_stn_sigma': 5.826932448609456, 'noise_gpe_sigma': 121.1143735140044, 'noise_gpi_sigma': 97.693785178999, 'g_stn_gpe_mult': 2.759270624942869, 'g_gpe_stn_mult': 0.559398222234434, 'g_stn_gpi_mult': 3.051664542437924, 'g_gpe_gpi_mult': 0.487902269601729}. Best is trial 459 with value: 0.6576545468262062.
[I 2026-05-28 23:34:00,928] Trial 525 finished with value: 7.334929192128627 and parameters: {'ISTN': 65.4789325212656, 'I_gpe': 1.250823379828792, 'I_gpi': 2.582642430006546, 'noise_stn_sigma': 5.833307879176597, 'noise_gpe_sigma': 123.4862109361279, 'noise_gpi_sigma': 96.57673655589272, 'g_stn_gpe_mult': 2.900373043666196, 'g_gpe_stn_mult': 0.5339604483775076, 'g_stn_gpi_mult': 3.045248512505376, 'g_gpe_gpi_mult': 0.4956729475642418}. Best is trial 459 with value: 0.6576545468262062.
[I 2026-05-28 23:34:01,938] Trial 526 finished with value: 4.342126275035675 and parameters: {'ISTN': 61.530065288203765, 'I_gpe': 1.3583752478373623, 'I_gpi': 2.6403246153709574, 'noise_stn_sigma': 6.111740678637893, 'noise_gpe_sigma': 121.72672772689965, 'noise_gpi_sigma': 97.14350767156242, 'g_stn_gpe_mult': 3.179744208368658, 'g_gpe_stn_mult': 0.5504417027364857, 'g_stn_gpi_mult': 3.2159924775898823, 'g_gpe_gpi_mult': 0.456090152229027}. Best is trial 459 with value: 0.6576545468262062.
[I 2026-05-28 23:34:02,946] Trial 527 finished with value: 7.9144911324202525 and parameters: {'ISTN': 65.92317112257189, 'I_gpe': 1.3531232743153239, 'I_gpi': 2.7604343999676297, 'noise_stn_sigma': 5.926472909082754, 'noise_gpe_sigma': 120.00999243591059, 'noise_gpi_sigma': 97.36543954480753, 'g_stn_gpe_mult': 2.899155519877814, 'g_gpe_stn_mult': 0.5510222555603631, 'g_stn_gpi_mult': 3.021875247804207, 'g_gpe_gpi_mult': 0.5411994666229631}. Best is trial 459 with value: 0.6576545468262062.
