[I 2026-05-29 00:14:38,500] Trial 924 finished with value: 0.12640335034569292 and parameters: {'ISTN': 61.51920180540218, 'I_gpe': 1.3633376477469932, 'I_gpi': 1.9639389752618484, 'noise_stn_sigma': 3.826392836713506, 'noise_gpe_sigma': 95.58505128386243, 'noise_gpi_sigma': 81.37777290651474, 'g_stn_gpe_mult': 3.0103969996185804, 'g_gpe_stn_mult': 0.10661725075434837, 'g_stn_gpi_mult': 2.368812536738809, 'g_gpe_gpi_mult': 0.4880317469018596}. Best is trial 887 with value: 0.10525275678543691.
[I 2026-05-29 00:14:39,507] Trial 925 finished with value: 0.11939382620777036 and parameters: {'ISTN': 60.67577519402576, 'I_gpe': 1.3076109406687484, 'I_gpi': 1.9961654926531358, 'noise_stn_sigma': 4.206415976739148, 'noise_gpe_sigma': 88.35388547630184, 'noise_gpi_sigma': 88.0332056321152, 'g_stn_gpe_mult': 3.2284999935436702, 'g_gpe_stn_mult': 0.11336106424606344, 'g_stn_gpi_mult': 2.30373895390552, 'g_gpe_gpi_mult': 0.5542856889900818}. Best is trial 887 with value: 0.10525275678543691.
[I 2026-05-29 00:14:40,515] Trial 926 finished with value: 0.11597865350535864 and parameters: {'ISTN': 60.68022119700188, 'I_gpe': 1.4899044288527334, 'I_gpi': 2.0552719298383337, 'noise_stn_sigma': 4.233548403564878, 'noise_gpe_sigma': 90.63820102307425, 'noise_gpi_sigma': 82.01806993826503, 'g_stn_gpe_mult': 3.252291259850018, 'g_gpe_stn_mult': 0.10015657390053717, 'g_stn_gpi_mult': 2.424479580973788, 'g_gpe_gpi_mult': 0.45415633220132245}. Best is trial 887 with value: 0.10525275678543691.
[I 2026-05-29 00:14:41,522] Trial 927 finished with value: 0.11226941193434822 and parameters: {'ISTN': 60.25741670126905, 'I_gpe': 1.3654195177122053, 'I_gpi': 2.186150796961045, 'noise_stn_sigma': 4.441106852632321, 'noise_gpe_sigma': 92.5212432003076, 'noise_gpi_sigma': 88.53061330354572, 'g_stn_gpe_mult': 3.2849897208296897, 'g_gpe_stn_mult': 0.12361022936554728, 'g_stn_gpi_mult': 2.1798033219082376, 'g_gpe_gpi_mult': 0.511953362235019}. Best is trial 887 with value: 0.10525275678543691.
[I 2026-05-29 00:14:42,529] Trial 928 finished with value: 0.12672557121031724 and parameters: {'ISTN': 61.63024027959218, 'I_gpe': 1.2717032771688808, 'I_gpi': 2.1581162490536276, 'noise_stn_sigma': 4.24436357115928, 'noise_gpe_sigma': 82.19018735296922, 'noise_gpi_sigma': 88.40295461982528, 'g_stn_gpe_mult': 3.1846946907426466, 'g_gpe_stn_mult': 0.1102469192365078, 'g_stn_gpi_mult': 2.2735106394932547, 'g_gpe_gpi_mult': 0.5110879379833349}. Best is trial 887 with value: 0.10525275678543691.
[I 2026-05-29 00:14:43,536] Trial 929 finished with value: 2.499645440134495 and parameters: {'ISTN': 60.27346847762917, 'I_gpe': 1.4641751211188223, 'I_gpi': 2.0326623225568663, 'noise_stn_sigma': 4.277252981526004, 'noise_gpe_sigma': 97.68813436884703, 'noise_gpi_sigma': 86.55163515661638, 'g_stn_gpe_mult': 3.256437589071272, 'g_gpe_stn_mult': 0.13825340102657757, 'g_stn_gpi_mult': 2.446142781577339, 'g_gpe_gpi_mult': 0.29643821338695653}. Best is trial 887 with value: 0.10525275678543691.
[I 2026-05-29 00:14:44,545] Trial 930 finished with value: 0.12139943108223741 and parameters: {'ISTN': 60.9054302729954, 'I_gpe': 1.4092489306380482, 'I_gpi': 1.9957775792004488, 'noise_stn_sigma': 4.405029802872981, 'noise_gpe_sigma': 90.6012180362036, 'noise_gpi_sigma': 95.41606712120527, 'g_stn_gpe_mult': 3.354941777347853, 'g_gpe_stn_mult': 0.10122961814317681, 'g_stn_gpi_mult': 2.3743168327651087, 'g_gpe_gpi_mult': 0.47362945816911795}. Best is trial 887 with value: 0.10525275678543691.
[I 2026-05-29 00:14:45,555] Trial 931 finished with value: 0.12831360166401892 and parameters: {'ISTN': 62.16337416690323, 'I_gpe': 1.3087570757725264, 'I_gpi': 2.1474483075719135, 'noise_stn_sigma': 4.465865074641611, 'noise_gpe_sigma': 82.65064075489343, 'noise_gpi_sigma': 84.20063484295635, 'g_stn_gpe_mult': 3.29466900608106, 'g_gpe_stn_mult': 0.10510378882972989, 'g_stn_gpi_mult': 2.199408512971275, 'g_gpe_gpi_mult': 0.5367436858577026}. Best is trial 887 with value: 0.10525275678543691.
[I 2026-05-29 00:14:46,560] Trial 932 finished with value: 0.12387675981429233 and parameters: {'ISTN': 60.62164850221453, 'I_gpe': 1.3522258963214617, 'I_gpi': 2.266846161544854, 'noise_stn_sigma': 4.124753458767153, 'noise_gpe_sigma': 96.65386380710041, 'noise_gpi_sigma': 86.19995320716578, 'g_stn_gpe_mult': 3.3963763455709453, 'g_gpe_stn_mult': 0.1197418583987965, 'g_stn_gpi_mult': 2.2942829729380367, 'g_gpe_gpi_mult': 0.5065017934875586}. Best is trial 887 with value: 0.10525275678543691.
[I 2026-05-29 00:14:47,569] Trial 933 finished with value: 0.11957132942865083 and parameters: {'ISTN': 60.03017051397495, 'I_gpe': 1.5036125861000633, 'I_gpi': 2.1575732987034506, 'noise_stn_sigma': 4.440615038720026, 'noise_gpe_sigma': 85.74294999497137, 'noise_gpi_sigma': 85.84815192312288, 'g_stn_gpe_mult': 3.280301047932417, 'g_gpe_stn_mult': 0.12343906536094663, 'g_stn_gpi_mult': 2.330424352680948, 'g_gpe_gpi_mult': 0.46382282692805604}. Best is trial 887 with value: 0.10525275678543691.
[I 2026-05-29 00:14:48,577] Trial 934 finished with value: 0.11531730421026727 and parameters: {'ISTN': 60.70047250647229, 'I_gpe': 1.2855214597770046, 'I_gpi': 2.101972823379431, 'noise_stn_sigma': 4.696390321467243, 'noise_gpe_sigma': 87.95251529581236, 'noise_gpi_sigma': 88.39397349523713, 'g_stn_gpe_mult': 3.339515693331213, 'g_gpe_stn_mult': 0.11781214458968302, 'g_stn_gpi_mult': 2.2564853557130546, 'g_gpe_gpi_mult': 0.5040706817974143}. Best is trial 887 with value: 0.10525275678543691.
[I 2026-05-29 00:14:49,587] Trial 935 finished with value: 0.10796152181615085 and parameters: {'ISTN': 60.16734243900289, 'I_gpe': 1.3158116534460462, 'I_gpi': 2.1172436122935516, 'noise_stn_sigma': 4.363843699830387, 'noise_gpe_sigma': 94.6887730415639, 'noise_gpi_sigma': 85.67448687277673, 'g_stn_gpe_mult': 3.108233612799378, 'g_gpe_stn_mult': 0.11536809379037416, 'g_stn_gpi_mult': 2.2454565255545247, 'g_gpe_gpi_mult': 0.5399080084603916}. Best is trial 887 with value: 0.10525275678543691.
[I 2026-05-29 00:14:50,597] Trial 936 finished with value: 0.11056915862731939 and parameters: {'ISTN': 60.208472656252205, 'I_gpe': 1.385160340846489, 'I_gpi': 2.0392832393995888, 'noise_stn_sigma': 4.098772568988038, 'noise_gpe_sigma': 96.43932813426416, 'noise_gpi_sigma': 88.67504804624566, 'g_stn_gpe_mult': 3.029924877736648, 'g_gpe_stn_mult': 0.11296407415408148, 'g_stn_gpi_mult': 2.302273621315517, 'g_gpe_gpi_mult': 0.4843147777846468}. Best is trial 887 with value: 0.10525275678543691.
[I 2026-05-29 00:14:51,608] Trial 937 finished with value: 0.12148705122478919 and parameters: {'ISTN': 60.084940087368494, 'I_gpe': 1.362849319924623, 'I_gpi': 1.9728462540203062, 'noise_stn_sigma': 4.1448878074248725, 'noise_gpe_sigma': 95.94009344294902, 'noise_gpi_sigma': 82.2712280317314, 'g_stn_gpe_mult': 3.1829055552094188, 'g_gpe_stn_mult': 0.13540236950197448, 'g_stn_gpi_mult': 2.4793791446511175, 'g_gpe_gpi_mult': 0.36505344738178924}. Best is trial 887 with value: 0.10525275678543691.
[I 2026-05-29 00:14:52,619] Trial 938 finished with value: 0.11933223678551381 and parameters: {'ISTN': 61.211965000281495, 'I_gpe': 1.46968037274782, 'I_gpi': 2.0987539989646744, 'noise_stn_sigma': 4.006353686075293, 'noise_gpe_sigma': 96.06301666625663, 'noise_gpi_sigma': 83.76888716939726, 'g_stn_gpe_mult': 3.162213648018133, 'g_gpe_stn_mult': 0.10184223684626147, 'g_stn_gpi_mult': 2.3910386287762266, 'g_gpe_gpi_mult': 0.4914349347599619}. Best is trial 887 with value: 0.10525275678543691.
[I 2026-05-29 00:14:53,629] Trial 939 finished with value: 0.11907232854829664 and parameters: {'ISTN': 61.13606496703009, 'I_gpe': 1.3651735084671204, 'I_gpi': 2.0695895347136926, 'noise_stn_sigma': 4.212755088594298, 'noise_gpe_sigma': 89.66008447381631, 'noise_gpi_sigma': 82.243109587001, 'g_stn_gpe_mult': 3.2085237440567713, 'g_gpe_stn_mult': 0.11247421674499063, 'g_stn_gpi_mult': 2.2646820548876136, 'g_gpe_gpi_mult': 0.4821569296815925}. Best is trial 887 with value: 0.10525275678543691.
[I 2026-05-29 00:14:54,638] Trial 940 finished with value: 0.11435591606700062 and parameters: {'ISTN': 60.34560210585516, 'I_gpe': 1.3747559325679946, 'I_gpi': 2.042661541969843, 'noise_stn_sigma': 4.160306955267137, 'noise_gpe_sigma': 91.82250927012075, 'noise_gpi_sigma': 88.41722735900144, 'g_stn_gpe_mult': 3.166511133884121, 'g_gpe_stn_mult': 0.11944661818231332, 'g_stn_gpi_mult': 2.3042464408634764, 'g_gpe_gpi_mult': 0.46331884748220803}. Best is trial 887 with value: 0.10525275678543691.
[I 2026-05-29 00:14:55,650] Trial 941 finished with value: 0.11381992805068926 and parameters: {'ISTN': 60.463269069778526, 'I_gpe': 1.313705096300808, 'I_gpi': 2.1031208649597577, 'noise_stn_sigma': 4.582777461318078, 'noise_gpe_sigma': 91.87665201546199, 'noise_gpi_sigma': 89.48698380580386, 'g_stn_gpe_mult': 3.223753709667454, 'g_gpe_stn_mult': 0.12370934355225202, 'g_stn_gpi_mult': 2.176388299910331, 'g_gpe_gpi_mult': 0.4994124021598807}. Best is trial 887 with value: 0.10525275678543691.
[I 2026-05-29 00:14:56,657] Trial 942 finished with value: 0.11423335438137153 and parameters: {'ISTN': 60.52841745859597, 'I_gpe': 1.2797944647039539, 'I_gpi': 2.117212350429037, 'noise_stn_sigma': 4.323905846690002, 'noise_gpe_sigma': 98.29995138285071, 'noise_gpi_sigma': 88.73577730788244, 'g_stn_gpe_mult': 3.1561170264602705, 'g_gpe_stn_mult': 0.11126162839044179, 'g_stn_gpi_mult': 2.269327909965427, 'g_gpe_gpi_mult': 0.522761833265569}. Best is trial 887 with value: 0.10525275678543691.
[I 2026-05-29 00:14:57,663] Trial 943 finished with value: 0.11756343238694981 and parameters: {'ISTN': 61.31009205239996, 'I_gpe': 1.3781519005380956, 'I_gpi': 2.073370245523057, 'noise_stn_sigma': 4.1066317382379385, 'noise_gpe_sigma': 92.92391726367983, 'noise_gpi_sigma': 87.96637387251941, 'g_stn_gpe_mult': 3.111462440906555, 'g_gpe_stn_mult': 0.10089732016494918, 'g_stn_gpi_mult': 2.2207939962187675, 'g_gpe_gpi_mult': 0.5220890834795416}. Best is trial 887 with value: 0.10525275678543691.
[I 2026-05-29 00:14:58,669] Trial 944 finished with value: 0.11874773383916067 and parameters: {'ISTN': 61.17870885233227, 'I_gpe': 1.378580132773175, 'I_gpi': 2.063129597468611, 'noise_stn_sigma': 4.362627391412907, 'noise_gpe_sigma': 88.04709898626562, 'noise_gpi_sigma': 92.44478874661105, 'g_stn_gpe_mult': 3.370207545196914, 'g_gpe_stn_mult': 0.10977082320224492, 'g_stn_gpi_mult': 2.2366748297169092, 'g_gpe_gpi_mult': 0.5348024097206757}. Best is trial 887 with value: 0.10525275678543691.
[I 2026-05-29 00:14:59,677] Trial 945 finished with value: 0.12016865530245127 and parameters: {'ISTN': 60.944169911284966, 'I_gpe': 1.2564818408480747, 'I_gpi': 2.151812500217204, 'noise_stn_sigma': 4.343173633445755, 'noise_gpe_sigma': 90.24838807799239, 'noise_gpi_sigma': 87.7382757073911, 'g_stn_gpe_mult': 3.08699050243003, 'g_gpe_stn_mult': 0.10785025249705889, 'g_stn_gpi_mult': 2.250607023113087, 'g_gpe_gpi_mult': 0.5590096476829883}. Best is trial 887 with value: 0.10525275678543691.
[I 2026-05-29 00:15:00,687] Trial 946 finished with value: 0.12969647373130128 and parameters: {'ISTN': 60.829452991957794, 'I_gpe': 1.2848443527010345, 'I_gpi': 1.9738129686097503, 'noise_stn_sigma': 4.2126341837193415, 'noise_gpe_sigma': 97.72745158308187, 'noise_gpi_sigma': 85.97069559168517, 'g_stn_gpe_mult': 2.9254267968640524, 'g_gpe_stn_mult': 0.1332323404999432, 'g_stn_gpi_mult': 2.28864526737792, 'g_gpe_gpi_mult': 0.5180989615827324}. Best is trial 887 with value: 0.10525275678543691.
[I 2026-05-29 00:15:01,696] Trial 947 finished with value: 0.11649892595940224 and parameters: {'ISTN': 60.32265251318841, 'I_gpe': 1.3848967019168839, 'I_gpi': 1.9652624748101815, 'noise_stn_sigma': 4.1616515719029685, 'noise_gpe_sigma': 93.23011732989207, 'noise_gpi_sigma': 86.39592372155603, 'g_stn_gpe_mult': 3.1610433881509343, 'g_gpe_stn_mult': 0.10613874660157786, 'g_stn_gpi_mult': 2.328820865481364, 'g_gpe_gpi_mult': 0.41631416053836556}. Best is trial 887 with value: 0.10525275678543691.
[I 2026-05-29 00:15:02,704] Trial 948 finished with value: 0.11248443837849707 and parameters: {'ISTN': 61.1794484305982, 'I_gpe': 1.3440332966233872, 'I_gpi': 2.124824452265783, 'noise_stn_sigma': 4.605502650814666, 'noise_gpe_sigma': 92.64324447195301, 'noise_gpi_sigma': 88.5856844284215, 'g_stn_gpe_mult': 3.132596173948947, 'g_gpe_stn_mult': 0.10588787689362557, 'g_stn_gpi_mult': 2.2910019764512546, 'g_gpe_gpi_mult': 0.4513834557328377}. Best is trial 887 with value: 0.10525275678543691.
[I 2026-05-29 00:15:03,713] Trial 949 finished with value: 0.1275003540597393 and parameters: {'ISTN': 60.91429153430659, 'I_gpe': 1.4717858759135098, 'I_gpi': 2.122817908069022, 'noise_stn_sigma': 4.278976626147177, 'noise_gpe_sigma': 92.91538575013294, 'noise_gpi_sigma': 87.7888894381688, 'g_stn_gpe_mult': 3.283018814778998, 'g_gpe_stn_mult': 0.12029700768739769, 'g_stn_gpi_mult': 2.24566062322544, 'g_gpe_gpi_mult': 0.5070855302772544}. Best is trial 887 with value: 0.10525275678543691.
[I 2026-05-29 00:15:04,722] Trial 950 finished with value: 0.11689951197152872 and parameters: {'ISTN': 60.42995064348301, 'I_gpe': 1.3394945521119452, 'I_gpi': 2.0041700205483037, 'noise_stn_sigma': 4.181962090220962, 'noise_gpe_sigma': 91.01403409622722, 'noise_gpi_sigma': 88.39134852975917, 'g_stn_gpe_mult': 3.1160810237237913, 'g_gpe_stn_mult': 0.11230708915690074, 'g_stn_gpi_mult': 2.29980007020386, 'g_gpe_gpi_mult': 0.48086086795718513}. Best is trial 887 with value: 0.10525275678543691.
[I 2026-05-29 00:15:05,730] Trial 951 finished with value: 0.11435894417945314 and parameters: {'ISTN': 60.050961845464116, 'I_gpe': 1.273627996072313, 'I_gpi': 2.190080823249601, 'noise_stn_sigma': 4.5703460072353295, 'noise_gpe_sigma': 94.3590929930804, 'noise_gpi_sigma': 85.04784077044319, 'g_stn_gpe_mult': 3.0328998544786527, 'g_gpe_stn_mult': 0.11492213339286175, 'g_stn_gpi_mult': 2.1671170481031554, 'g_gpe_gpi_mult': 0.4575034815901824}. Best is trial 887 with value: 0.10525275678543691.
[I 2026-05-29 00:15:06,738] Trial 952 finished with value: 0.12209826366869861 and parameters: {'ISTN': 60.601890840059994, 'I_gpe': 1.2452237829211976, 'I_gpi': 2.180485095437119, 'noise_stn_sigma': 4.3100887103355365, 'noise_gpe_sigma': 104.62822122788336, 'noise_gpi_sigma': 86.50071340148835, 'g_stn_gpe_mult': 2.9754740123940264, 'g_gpe_stn_mult': 0.11515851486380607, 'g_stn_gpi_mult': 2.2827622898967848, 'g_gpe_gpi_mult': 0.44460552888877336}. Best is trial 887 with value: 0.10525275678543691.
[I 2026-05-29 00:15:07,747] Trial 953 finished with value: 0.11378071745819018 and parameters: {'ISTN': 60.6537131324888, 'I_gpe': 1.3805344325560616, 'I_gpi': 2.056593040781583, 'noise_stn_sigma': 4.553672342580937, 'noise_gpe_sigma': 100.07538859525118, 'noise_gpi_sigma': 88.91060657635195, 'g_stn_gpe_mult': 3.1314705356108066, 'g_gpe_stn_mult': 0.11761683908555287, 'g_stn_gpi_mult': 2.2714698323282914, 'g_gpe_gpi_mult': 0.45142384541982633}. Best is trial 887 with value: 0.10525275678543691.
[I 2026-05-29 00:15:08,755] Trial 954 finished with value: 0.7811110517274864 and parameters: {'ISTN': 61.792631023564965, 'I_gpe': 1.3336212595554167, 'I_gpi': 2.1756955566366813, 'noise_stn_sigma': 4.5298334701621465, 'noise_gpe_sigma': 91.96631709807197, 'noise_gpi_sigma': 89.9197605247776, 'g_stn_gpe_mult': 3.1951726929107136, 'g_gpe_stn_mult': 0.11635285878008098, 'g_stn_gpi_mult': 2.199214195648355, 'g_gpe_gpi_mult': 0.5117735244417516}. Best is trial 887 with value: 0.10525275678543691.
[I 2026-05-29 00:15:09,762] Trial 955 finished with value: 0.1079188310782986 and parameters: {'ISTN': 60.20752394907164, 'I_gpe': 1.3524156911839134, 'I_gpi': 2.1455308221865836, 'noise_stn_sigma': 4.3596142763171795, 'noise_gpe_sigma': 93.46789601655786, 'noise_gpi_sigma': 86.53809686504333, 'g_stn_gpe_mult': 3.258728880177281, 'g_gpe_stn_mult': 0.11987877372649375, 'g_stn_gpi_mult': 2.197917220136998, 'g_gpe_gpi_mult': 0.4967080989738584}. Best is trial 887 with value: 0.10525275678543691.
[I 2026-05-29 00:15:10,770] Trial 956 finished with value: 0.11059911195916446 and parameters: {'ISTN': 60.48092622535453, 'I_gpe': 1.3143489060510063, 'I_gpi': 2.0627287905721916, 'noise_stn_sigma': 4.54061574518596, 'noise_gpe_sigma': 96.62263045258116, 'noise_gpi_sigma': 92.10781862012394, 'g_stn_gpe_mult': 3.1528382228096348, 'g_gpe_stn_mult': 0.10488268151564131, 'g_stn_gpi_mult': 2.284780697701382, 'g_gpe_gpi_mult': 0.45991906352877193}. Best is trial 887 with value: 0.10525275678543691.
[I 2026-05-29 00:15:11,778] Trial 957 finished with value: 0.11521052002174961 and parameters: {'ISTN': 61.17821521979265, 'I_gpe': 1.3156103529654641, 'I_gpi': 2.0963044334816985, 'noise_stn_sigma': 4.445996670597475, 'noise_gpe_sigma': 92.16837291167664, 'noise_gpi_sigma': 90.68538274629107, 'g_stn_gpe_mult': 3.231424672208293, 'g_gpe_stn_mult': 0.11295920474166712, 'g_stn_gpi_mult': 2.270917352533008, 'g_gpe_gpi_mult': 0.4723920817627248}. Best is trial 887 with value: 0.10525275678543691.
[I 2026-05-29 00:15:12,789] Trial 958 finished with value: 0.1135094287954214 and parameters: {'ISTN': 60.70646758824362, 'I_gpe': 1.3001953688821004, 'I_gpi': 2.100509228782469, 'noise_stn_sigma': 4.593310440806208, 'noise_gpe_sigma': 92.12197010757323, 'noise_gpi_sigma': 93.55780596253955, 'g_stn_gpe_mult': 3.128636559831107, 'g_gpe_stn_mult': 0.10141003911869892, 'g_stn_gpi_mult': 2.272933526059873, 'g_gpe_gpi_mult': 0.4865102861830996}. Best is trial 887 with value: 0.10525275678543691.
[I 2026-05-29 00:15:13,796] Trial 959 finished with value: 0.11416987897014545 and parameters: {'ISTN': 60.319749599508924, 'I_gpe': 1.2878760916934204, 'I_gpi': 2.1125760881087468, 'noise_stn_sigma': 4.719987148061387, 'noise_gpe_sigma': 96.06887727298144, 'noise_gpi_sigma': 90.90550140920372, 'g_stn_gpe_mult': 3.1802556855096586, 'g_gpe_stn_mult': 0.12543731404757916, 'g_stn_gpi_mult': 2.288336462628253, 'g_gpe_gpi_mult': 0.4254885542449413}. Best is trial 887 with value: 0.10525275678543691.
[I 2026-05-29 00:15:14,802] Trial 960 finished with value: 5.7956025910927345 and parameters: {'ISTN': 60.892755056869646, 'I_gpe': 1.242117878275614, 'I_gpi': 2.0904465037158086, 'noise_stn_sigma': 4.62321206200636, 'noise_gpe_sigma': 92.17620732308485, 'noise_gpi_sigma': 89.1571335265877, 'g_stn_gpe_mult': 3.0390313119501284, 'g_gpe_stn_mult': 0.10581576308374543, 'g_stn_gpi_mult': 2.2428558855742518, 'g_gpe_gpi_mult': 0.45219108425260185}. Best is trial 887 with value: 0.10525275678543691.
[I 2026-05-29 00:15:15,812] Trial 961 finished with value: 0.11267367208401285 and parameters: {'ISTN': 60.862901849109214, 'I_gpe': 1.3238922923521503, 'I_gpi': 2.1504756037617363, 'noise_stn_sigma': 4.517298336806227, 'noise_gpe_sigma': 89.73743374168497, 'noise_gpi_sigma': 92.01022570378383, 'g_stn_gpe_mult': 3.3038195990017374, 'g_gpe_stn_mult': 0.11069996537402951, 'g_stn_gpi_mult': 2.1897737167958704, 'g_gpe_gpi_mult': 0.4902576424050906}. Best is trial 887 with value: 0.10525275678543691.
[I 2026-05-29 00:15:16,820] Trial 962 finished with value: 0.11035475648950292 and parameters: {'ISTN': 60.418423915126084, 'I_gpe': 1.405528544661785, 'I_gpi': 2.1244370113505697, 'noise_stn_sigma': 4.349271695097788, 'noise_gpe_sigma': 96.29574296242357, 'noise_gpi_sigma': 86.99155829233447, 'g_stn_gpe_mult': 3.253879898948284, 'g_gpe_stn_mult': 0.11025396460483701, 'g_stn_gpi_mult': 2.2446868636892097, 'g_gpe_gpi_mult': 0.479406869667214}. Best is trial 887 with value: 0.10525275678543691.
[I 2026-05-29 00:15:17,826] Trial 963 finished with value: 0.11363283342234899 and parameters: {'ISTN': 60.642951176656744, 'I_gpe': 1.3039716672775299, 'I_gpi': 2.0852361390217897, 'noise_stn_sigma': 4.430499555028172, 'noise_gpe_sigma': 91.50079551780077, 'noise_gpi_sigma': 86.30477976386001, 'g_stn_gpe_mult': 3.1549262339610866, 'g_gpe_stn_mult': 0.11728060101753941, 'g_stn_gpi_mult': 2.2303503581263744, 'g_gpe_gpi_mult': 0.5012356786791927}. Best is trial 887 with value: 0.10525275678543691.
[I 2026-05-29 00:15:18,834] Trial 964 finished with value: 0.15733990783872956 and parameters: {'ISTN': 60.70459235228352, 'I_gpe': 1.3252652840686339, 'I_gpi': 2.2201168564420932, 'noise_stn_sigma': 4.4618767486310915, 'noise_gpe_sigma': 98.53778986512624, 'noise_gpi_sigma': 83.31465917688189, 'g_stn_gpe_mult': 3.2627644329890115, 'g_gpe_stn_mult': 0.12509610279411518, 'g_stn_gpi_mult': 2.173189296685287, 'g_gpe_gpi_mult': 0.4648854435081098}. Best is trial 887 with value: 0.10525275678543691.
[I 2026-05-29 00:15:19,842] Trial 965 finished with value: 0.12646702686348105 and parameters: {'ISTN': 61.465615710560726, 'I_gpe': 1.3163677537620115, 'I_gpi': 1.992124975524303, 'noise_stn_sigma': 4.269202098361628, 'noise_gpe_sigma': 95.00046159268848, 'noise_gpi_sigma': 89.63618003663488, 'g_stn_gpe_mult': 3.0157914326636095, 'g_gpe_stn_mult': 0.1076572896177646, 'g_stn_gpi_mult': 2.1328790649626566, 'g_gpe_gpi_mult': 0.518185004613422}. Best is trial 887 with value: 0.10525275678543691.
[I 2026-05-29 00:15:20,849] Trial 966 finished with value: 0.11132165587489143 and parameters: {'ISTN': 60.139127392938505, 'I_gpe': 1.3185993983764965, 'I_gpi': 2.0594835901961095, 'noise_stn_sigma': 4.377768101770246, 'noise_gpe_sigma': 92.81345769635459, 'noise_gpi_sigma': 89.6645475626067, 'g_stn_gpe_mult': 3.054314340981632, 'g_gpe_stn_mult': 0.11566978044765906, 'g_stn_gpi_mult': 2.21226578109525, 'g_gpe_gpi_mult': 0.5447685051919944}. Best is trial 887 with value: 0.10525275678543691.
[I 2026-05-29 00:15:21,859] Trial 967 finished with value: 0.11453244984658004 and parameters: {'ISTN': 60.26294723150552, 'I_gpe': 1.2608001874804964, 'I_gpi': 2.1463137195176527, 'noise_stn_sigma': 4.629318617192606, 'noise_gpe_sigma': 92.84279440073337, 'noise_gpi_sigma': 82.91651827125625, 'g_stn_gpe_mult': 3.09750649787009, 'g_gpe_stn_mult': 0.12257097061036519, 'g_stn_gpi_mult': 2.194842974127572, 'g_gpe_gpi_mult': 0.4572940652672529}. Best is trial 887 with value: 0.10525275678543691.
