[I 2026-05-28 23:56:55,476] Trial 880 finished with value: 0.1389203426092328 and parameters: {'ISTN': 61.40369017553784, 'I_gpe': 1.2570902178864554, 'I_gpi': 2.1932478400786746, 'noise_stn_sigma': 2.8408937864705424, 'noise_gpe_sigma': 93.64371927592147, 'noise_gpi_sigma': 94.0987631613283, 'g_stn_gpe_mult': 2.6530968892217346, 'g_gpe_stn_mult': 0.15945059029922795, 'g_stn_gpi_mult': 2.0712408420886774, 'g_gpe_gpi_mult': 1.1382564682572875}. Best is trial 852 with value: 0.11948221723841748.
[I 2026-05-28 23:56:56,481] Trial 881 finished with value: 0.1394468756762443 and parameters: {'ISTN': 60.169688662550165, 'I_gpe': 1.2450739787362766, 'I_gpi': 2.064394345241933, 'noise_stn_sigma': 2.591831600983568, 'noise_gpe_sigma': 102.3234306693511, 'noise_gpi_sigma': 97.28586066852276, 'g_stn_gpe_mult': 2.7416059598555007, 'g_gpe_stn_mult': 0.18297896236902922, 'g_stn_gpi_mult': 1.902901080397203, 'g_gpe_gpi_mult': 1.1815808147081017}. Best is trial 852 with value: 0.11948221723841748.
[I 2026-05-28 23:56:57,488] Trial 882 finished with value: 0.12322909464309652 and parameters: {'ISTN': 60.67743775962532, 'I_gpe': 1.2398378534665346, 'I_gpi': 2.114004020924602, 'noise_stn_sigma': 2.759948374104174, 'noise_gpe_sigma': 99.36739723478682, 'noise_gpi_sigma': 90.35666574178138, 'g_stn_gpe_mult': 2.8020434228283637, 'g_gpe_stn_mult': 0.16283292256072954, 'g_stn_gpi_mult': 1.9214366955364206, 'g_gpe_gpi_mult': 1.125915973462819}. Best is trial 852 with value: 0.11948221723841748.
[I 2026-05-28 23:56:58,494] Trial 883 finished with value: 0.1314173143164261 and parameters: {'ISTN': 60.823952742561865, 'I_gpe': 1.3839887136144193, 'I_gpi': 2.060839886686616, 'noise_stn_sigma': 2.7932322952961055, 'noise_gpe_sigma': 96.45022412083257, 'noise_gpi_sigma': 89.3641818278414, 'g_stn_gpe_mult': 2.76544944428073, 'g_gpe_stn_mult': 0.1629329414256761, 'g_stn_gpi_mult': 2.0649856331156142, 'g_gpe_gpi_mult': 1.1429087647285816}. Best is trial 852 with value: 0.11948221723841748.
[I 2026-05-28 23:56:59,505] Trial 884 finished with value: 0.12034637337121173 and parameters: {'ISTN': 60.38266779755963, 'I_gpe': 1.333029904092931, 'I_gpi': 2.161553737036127, 'noise_stn_sigma': 2.6834030969458076, 'noise_gpe_sigma': 95.99042375636729, 'noise_gpi_sigma': 90.32933878919405, 'g_stn_gpe_mult': 2.742508784763162, 'g_gpe_stn_mult': 0.16387677948407164, 'g_stn_gpi_mult': 2.013320129715535, 'g_gpe_gpi_mult': 1.1411584915705526}. Best is trial 852 with value: 0.11948221723841748.
[I 2026-05-28 23:57:00,513] Trial 885 finished with value: 0.1303907130082952 and parameters: {'ISTN': 60.95609988468388, 'I_gpe': 1.274207198795573, 'I_gpi': 2.1003551923162966, 'noise_stn_sigma': 2.749612073980292, 'noise_gpe_sigma': 98.0725563745805, 'noise_gpi_sigma': 89.50658548288403, 'g_stn_gpe_mult': 2.739691576927024, 'g_gpe_stn_mult': 0.17118300261132374, 'g_stn_gpi_mult': 2.085437710624881, 'g_gpe_gpi_mult': 1.1382503567104223}. Best is trial 852 with value: 0.11948221723841748.
[I 2026-05-28 23:57:01,522] Trial 886 finished with value: 0.131058557415859 and parameters: {'ISTN': 60.893205751971166, 'I_gpe': 1.267727485162752, 'I_gpi': 2.1205250393182444, 'noise_stn_sigma': 2.9123235877528426, 'noise_gpe_sigma': 96.14599213417819, 'noise_gpi_sigma': 90.63867147212648, 'g_stn_gpe_mult': 2.7826052248461632, 'g_gpe_stn_mult': 0.15024655040559542, 'g_stn_gpi_mult': 1.995896409999094, 'g_gpe_gpi_mult': 1.1686503935226245}. Best is trial 852 with value: 0.11948221723841748.
[I 2026-05-28 23:57:02,530] Trial 887 finished with value: 0.13198956277499047 and parameters: {'ISTN': 60.285189357944894, 'I_gpe': 1.2852639055977373, 'I_gpi': 2.1528676861844325, 'noise_stn_sigma': 2.8571459079161516, 'noise_gpe_sigma': 94.7907444932693, 'noise_gpi_sigma': 95.01862215965899, 'g_stn_gpe_mult': 2.6720229169038956, 'g_gpe_stn_mult': 0.16144843858174426, 'g_stn_gpi_mult': 1.9623235206637788, 'g_gpe_gpi_mult': 1.1392840874638683}. Best is trial 852 with value: 0.11948221723841748.
[I 2026-05-28 23:57:03,536] Trial 888 finished with value: 0.33668708822852333 and parameters: {'ISTN': 61.20319831439765, 'I_gpe': 1.4497809482120205, 'I_gpi': 2.1551036339156644, 'noise_stn_sigma': 2.958332240424227, 'noise_gpe_sigma': 96.75447672961417, 'noise_gpi_sigma': 93.39559446655984, 'g_stn_gpe_mult': 2.7156228218528717, 'g_gpe_stn_mult': 0.13872244677791862, 'g_stn_gpi_mult': 2.0011148219847184, 'g_gpe_gpi_mult': 1.138865833994662}. Best is trial 852 with value: 0.11948221723841748.
[I 2026-05-28 23:57:04,542] Trial 889 finished with value: 0.12645515608683744 and parameters: {'ISTN': 60.397511146178665, 'I_gpe': 1.2650815946440757, 'I_gpi': 2.1086855825385387, 'noise_stn_sigma': 2.7985604328416147, 'noise_gpe_sigma': 96.70946196309292, 'noise_gpi_sigma': 90.41129249538179, 'g_stn_gpe_mult': 2.6837615953141287, 'g_gpe_stn_mult': 0.1608406931398662, 'g_stn_gpi_mult': 2.02087276867856, 'g_gpe_gpi_mult': 1.1478958899093241}. Best is trial 852 with value: 0.11948221723841748.
[I 2026-05-28 23:57:05,551] Trial 890 finished with value: 0.134000226346006 and parameters: {'ISTN': 60.95967013133744, 'I_gpe': 1.2707391197195395, 'I_gpi': 2.084000238114325, 'noise_stn_sigma': 2.8005247219198024, 'noise_gpe_sigma': 96.99391816978053, 'noise_gpi_sigma': 90.92539819105733, 'g_stn_gpe_mult': 2.735502872115129, 'g_gpe_stn_mult': 0.1639234924013429, 'g_stn_gpi_mult': 2.0069282761252842, 'g_gpe_gpi_mult': 1.169851811410978}. Best is trial 852 with value: 0.11948221723841748.
[I 2026-05-28 23:57:06,560] Trial 891 finished with value: 0.13073832743343267 and parameters: {'ISTN': 60.23895438902532, 'I_gpe': 1.230085439986694, 'I_gpi': 2.137034208244473, 'noise_stn_sigma': 2.8331555282005945, 'noise_gpe_sigma': 94.59354044103779, 'noise_gpi_sigma': 94.0930489695444, 'g_stn_gpe_mult': 2.688909387178874, 'g_gpe_stn_mult': 0.16534067843105643, 'g_stn_gpi_mult': 1.9559923871458347, 'g_gpe_gpi_mult': 1.1407181521096745}. Best is trial 852 with value: 0.11948221723841748.
[I 2026-05-28 23:57:07,569] Trial 892 finished with value: 0.1282329140772807 and parameters: {'ISTN': 61.51393194814383, 'I_gpe': 1.3352868314608557, 'I_gpi': 2.1456223806289887, 'noise_stn_sigma': 2.6918483840088303, 'noise_gpe_sigma': 97.25899176767551, 'noise_gpi_sigma': 87.93411476563242, 'g_stn_gpe_mult': 2.7926909733162493, 'g_gpe_stn_mult': 0.15304727508257449, 'g_stn_gpi_mult': 2.0350045292394023, 'g_gpe_gpi_mult': 1.1728967921721285}. Best is trial 852 with value: 0.11948221723841748.
[I 2026-05-28 23:57:08,576] Trial 893 finished with value: 0.13387353459066278 and parameters: {'ISTN': 60.012055207113505, 'I_gpe': 1.3060673871787227, 'I_gpi': 2.0860474195506673, 'noise_stn_sigma': 2.895764612333058, 'noise_gpe_sigma': 96.19218893713331, 'noise_gpi_sigma': 91.76302924611869, 'g_stn_gpe_mult': 2.755587367143476, 'g_gpe_stn_mult': 0.16107672566442188, 'g_stn_gpi_mult': 1.927894402913926, 'g_gpe_gpi_mult': 1.1386993450401033}. Best is trial 852 with value: 0.11948221723841748.
[I 2026-05-28 23:57:09,583] Trial 894 finished with value: 0.13199751923514433 and parameters: {'ISTN': 61.588269773597624, 'I_gpe': 1.3039908267710891, 'I_gpi': 2.1322878108041587, 'noise_stn_sigma': 2.7027339483549544, 'noise_gpe_sigma': 94.02338250560082, 'noise_gpi_sigma': 92.52022855237149, 'g_stn_gpe_mult': 2.7040786448370704, 'g_gpe_stn_mult': 0.15083017935743703, 'g_stn_gpi_mult': 1.9535711662849442, 'g_gpe_gpi_mult': 1.1458653040591618}. Best is trial 852 with value: 0.11948221723841748.
[I 2026-05-28 23:57:10,590] Trial 895 finished with value: 0.13409848351754747 and parameters: {'ISTN': 61.15465964176021, 'I_gpe': 1.1920802253112635, 'I_gpi': 2.1342420282630945, 'noise_stn_sigma': 2.4765674764658527, 'noise_gpe_sigma': 96.58509382585446, 'noise_gpi_sigma': 90.75615142906962, 'g_stn_gpe_mult': 2.7797435490671294, 'g_gpe_stn_mult': 0.16501069119422873, 'g_stn_gpi_mult': 2.0350903140675913, 'g_gpe_gpi_mult': 1.158822381678535}. Best is trial 852 with value: 0.11948221723841748.
[I 2026-05-28 23:57:11,597] Trial 896 finished with value: 0.12385264314336614 and parameters: {'ISTN': 60.23965880076904, 'I_gpe': 1.3013886667772105, 'I_gpi': 2.1560504277053996, 'noise_stn_sigma': 2.5278250878330213, 'noise_gpe_sigma': 95.65190777091424, 'noise_gpi_sigma': 87.87319730041493, 'g_stn_gpe_mult': 2.7599901061874186, 'g_gpe_stn_mult': 0.16870395843032085, 'g_stn_gpi_mult': 2.041492744479328, 'g_gpe_gpi_mult': 1.1525336219079696}. Best is trial 852 with value: 0.11948221723841748.
[I 2026-05-28 23:57:12,604] Trial 897 finished with value: 0.12710298915132406 and parameters: {'ISTN': 60.82561851035405, 'I_gpe': 1.2859746774279641, 'I_gpi': 2.1517699880936023, 'noise_stn_sigma': 2.605331553257864, 'noise_gpe_sigma': 97.32092547532055, 'noise_gpi_sigma': 93.42465427838336, 'g_stn_gpe_mult': 2.6102821319476956, 'g_gpe_stn_mult': 0.15605967379650607, 'g_stn_gpi_mult': 1.9761145982246224, 'g_gpe_gpi_mult': 1.13512288806398}. Best is trial 852 with value: 0.11948221723841748.
[I 2026-05-28 23:57:13,612] Trial 898 finished with value: 0.12662856607480513 and parameters: {'ISTN': 60.259016530417206, 'I_gpe': 1.2917500420040624, 'I_gpi': 2.1081592366664044, 'noise_stn_sigma': 2.7747215521337703, 'noise_gpe_sigma': 96.30297938241205, 'noise_gpi_sigma': 90.10207925213933, 'g_stn_gpe_mult': 2.7228955595028843, 'g_gpe_stn_mult': 0.1736034723038557, 'g_stn_gpi_mult': 2.0103565717901195, 'g_gpe_gpi_mult': 1.1620693441584438}. Best is trial 852 with value: 0.11948221723841748.
[I 2026-05-28 23:57:14,619] Trial 899 finished with value: 0.13230087380908911 and parameters: {'ISTN': 60.34873281976708, 'I_gpe': 1.1897837981517454, 'I_gpi': 2.1346224876619617, 'noise_stn_sigma': 2.6108645482675557, 'noise_gpe_sigma': 97.82554144183389, 'noise_gpi_sigma': 94.14109557673099, 'g_stn_gpe_mult': 2.8149960932086513, 'g_gpe_stn_mult': 0.18537998049819007, 'g_stn_gpi_mult': 1.998523016655719, 'g_gpe_gpi_mult': 1.1536783176213352}. Best is trial 852 with value: 0.11948221723841748.
[I 2026-05-28 23:57:15,627] Trial 900 finished with value: 0.130147027215933 and parameters: {'ISTN': 60.77112499955367, 'I_gpe': 1.2850484659486967, 'I_gpi': 2.1114215947029984, 'noise_stn_sigma': 2.4365516916029737, 'noise_gpe_sigma': 97.7800459301013, 'noise_gpi_sigma': 86.00584358534444, 'g_stn_gpe_mult': 2.740238810903802, 'g_gpe_stn_mult': 0.1724320944966532, 'g_stn_gpi_mult': 1.994855564794303, 'g_gpe_gpi_mult': 1.1362751106211346}. Best is trial 852 with value: 0.11948221723841748.
[I 2026-05-28 23:57:16,635] Trial 901 finished with value: 0.12014022021020207 and parameters: {'ISTN': 60.22640621099943, 'I_gpe': 1.2731066651006158, 'I_gpi': 2.1803996137414665, 'noise_stn_sigma': 2.63828300459368, 'noise_gpe_sigma': 93.66342993546253, 'noise_gpi_sigma': 89.63765203031713, 'g_stn_gpe_mult': 2.7681874537224944, 'g_gpe_stn_mult': 0.16801481952397185, 'g_stn_gpi_mult': 2.0156071249597685, 'g_gpe_gpi_mult': 1.1529341667214619}. Best is trial 852 with value: 0.11948221723841748.
[I 2026-05-28 23:57:17,642] Trial 902 finished with value: 0.12447349929608462 and parameters: {'ISTN': 60.21991079267494, 'I_gpe': 1.3201944789909057, 'I_gpi': 2.1224093624933262, 'noise_stn_sigma': 2.5650742625743304, 'noise_gpe_sigma': 96.83422827370958, 'noise_gpi_sigma': 92.72483727620147, 'g_stn_gpe_mult': 2.6898659909372475, 'g_gpe_stn_mult': 0.17429513950736583, 'g_stn_gpi_mult': 1.9801349841228078, 'g_gpe_gpi_mult': 1.171421550210731}. Best is trial 852 with value: 0.11948221723841748.
[I 2026-05-28 23:57:18,649] Trial 903 finished with value: 0.12309251135575072 and parameters: {'ISTN': 60.552353760726625, 'I_gpe': 1.2906816489671766, 'I_gpi': 2.111586618002847, 'noise_stn_sigma': 2.527785659028492, 'noise_gpe_sigma': 97.64504593273291, 'noise_gpi_sigma': 86.26099493658883, 'g_stn_gpe_mult': 2.7988905769393093, 'g_gpe_stn_mult': 0.16465545051042374, 'g_stn_gpi_mult': 2.026178663928394, 'g_gpe_gpi_mult': 1.1478112164808203}. Best is trial 852 with value: 0.11948221723841748.
[I 2026-05-28 23:57:19,656] Trial 904 finished with value: 0.12373830934636665 and parameters: {'ISTN': 60.22393959603293, 'I_gpe': 1.2491303386724821, 'I_gpi': 2.0993794932422083, 'noise_stn_sigma': 2.4441983088229597, 'noise_gpe_sigma': 97.10413228129698, 'noise_gpi_sigma': 88.99811241405497, 'g_stn_gpe_mult': 2.6980332436631933, 'g_gpe_stn_mult': 0.17242223954566574, 'g_stn_gpi_mult': 2.1066569883167108, 'g_gpe_gpi_mult': 1.1798785962215779}. Best is trial 852 with value: 0.11948221723841748.
[I 2026-05-28 23:57:20,661] Trial 905 finished with value: 0.13082456711073429 and parameters: {'ISTN': 60.571782516388936, 'I_gpe': 1.3344653253280783, 'I_gpi': 2.1552580245010162, 'noise_stn_sigma': 2.746004099736583, 'noise_gpe_sigma': 93.4184508470851, 'noise_gpi_sigma': 91.29897267316966, 'g_stn_gpe_mult': 2.722132526866925, 'g_gpe_stn_mult': 0.16861368005622626, 'g_stn_gpi_mult': 1.9589432219138727, 'g_gpe_gpi_mult': 1.1433058974694263}. Best is trial 852 with value: 0.11948221723841748.
[I 2026-05-28 23:57:21,669] Trial 906 finished with value: 0.12354401085832104 and parameters: {'ISTN': 60.24611770344382, 'I_gpe': 1.2567650220630036, 'I_gpi': 2.1405771798364324, 'noise_stn_sigma': 2.5714938405609313, 'noise_gpe_sigma': 94.74908636745208, 'noise_gpi_sigma': 87.75279642681163, 'g_stn_gpe_mult': 2.6400014526821165, 'g_gpe_stn_mult': 0.16841962773030977, 'g_stn_gpi_mult': 2.0366920583676356, 'g_gpe_gpi_mult': 1.1598553168657202}. Best is trial 852 with value: 0.11948221723841748.
[I 2026-05-28 23:57:22,676] Trial 907 finished with value: 0.13434060122183158 and parameters: {'ISTN': 60.96973926522303, 'I_gpe': 1.2020394967047112, 'I_gpi': 2.122890373497433, 'noise_stn_sigma': 2.4393372442345935, 'noise_gpe_sigma': 95.03989034882044, 'noise_gpi_sigma': 87.30022103493323, 'g_stn_gpe_mult': 2.7140500316632985, 'g_gpe_stn_mult': 0.1669745294997003, 'g_stn_gpi_mult': 2.0585036689517144, 'g_gpe_gpi_mult': 1.170659764959532}. Best is trial 852 with value: 0.11948221723841748.
[I 2026-05-28 23:57:23,685] Trial 908 finished with value: 0.1385021011216477 and parameters: {'ISTN': 61.18506225460463, 'I_gpe': 1.284476202055302, 'I_gpi': 2.1219190291583816, 'noise_stn_sigma': 2.797864782200994, 'noise_gpe_sigma': 95.21577270903587, 'noise_gpi_sigma': 89.30873382827214, 'g_stn_gpe_mult': 2.7479393962695777, 'g_gpe_stn_mult': 0.1587901741701171, 'g_stn_gpi_mult': 2.0422241719038503, 'g_gpe_gpi_mult': 1.1673735253205262}. Best is trial 852 with value: 0.11948221723841748.
[I 2026-05-28 23:57:24,692] Trial 909 finished with value: 0.1232439751435296 and parameters: {'ISTN': 60.66215635783961, 'I_gpe': 1.2682993705389152, 'I_gpi': 2.1366397159280694, 'noise_stn_sigma': 2.6890694679874194, 'noise_gpe_sigma': 97.87600017587812, 'noise_gpi_sigma': 90.49343101820268, 'g_stn_gpe_mult': 2.800273978844265, 'g_gpe_stn_mult': 0.16544489087043152, 'g_stn_gpi_mult': 1.9341361689405905, 'g_gpe_gpi_mult': 1.1713471043467636}. Best is trial 852 with value: 0.11948221723841748.
[I 2026-05-28 23:57:25,700] Trial 910 finished with value: 0.12456330724829033 and parameters: {'ISTN': 61.38424379336577, 'I_gpe': 1.3339986007098328, 'I_gpi': 2.0896836745255523, 'noise_stn_sigma': 2.4488447889807157, 'noise_gpe_sigma': 99.2267885954247, 'noise_gpi_sigma': 87.09957552638238, 'g_stn_gpe_mult': 2.7734095378948584, 'g_gpe_stn_mult': 0.14893004417333575, 'g_stn_gpi_mult': 2.0848526984929983, 'g_gpe_gpi_mult': 1.1476872997018317}. Best is trial 852 with value: 0.11948221723841748.
[I 2026-05-28 23:57:26,707] Trial 911 finished with value: 0.12125040000069373 and parameters: {'ISTN': 60.175625278115845, 'I_gpe': 1.253871072262197, 'I_gpi': 2.163880623033526, 'noise_stn_sigma': 2.3709505377545153, 'noise_gpe_sigma': 99.61303908344628, 'noise_gpi_sigma': 88.3296057021372, 'g_stn_gpe_mult': 2.7772170640535774, 'g_gpe_stn_mult': 0.17579300641489393, 'g_stn_gpi_mult': 2.033051783739673, 'g_gpe_gpi_mult': 1.1401029112162793}. Best is trial 852 with value: 0.11948221723841748.
[I 2026-05-28 23:57:27,718] Trial 912 finished with value: 0.12492306748172526 and parameters: {'ISTN': 60.354592018252575, 'I_gpe': 1.2553519927299557, 'I_gpi': 2.1691572698835793, 'noise_stn_sigma': 2.398259973512227, 'noise_gpe_sigma': 95.14314480983094, 'noise_gpi_sigma': 89.90975870458529, 'g_stn_gpe_mult': 2.7663051301009265, 'g_gpe_stn_mult': 0.17470941729316775, 'g_stn_gpi_mult': 2.0794201147821476, 'g_gpe_gpi_mult': 1.1857955861055898}. Best is trial 852 with value: 0.11948221723841748.
[I 2026-05-28 23:57:28,726] Trial 913 finished with value: 0.12669610275652968 and parameters: {'ISTN': 60.96912968575501, 'I_gpe': 1.3326261461616447, 'I_gpi': 2.139563085039873, 'noise_stn_sigma': 2.6660810002688273, 'noise_gpe_sigma': 94.97047833958193, 'noise_gpi_sigma': 87.47156065943092, 'g_stn_gpe_mult': 2.698449373138562, 'g_gpe_stn_mult': 0.15983663957608313, 'g_stn_gpi_mult': 2.041547854432265, 'g_gpe_gpi_mult': 1.1418157272515255}. Best is trial 852 with value: 0.11948221723841748.
[I 2026-05-28 23:57:29,733] Trial 914 finished with value: 0.12597781707377054 and parameters: {'ISTN': 60.475887725002586, 'I_gpe': 1.27712830073208, 'I_gpi': 2.1795198202184904, 'noise_stn_sigma': 2.507950564757361, 'noise_gpe_sigma': 94.43013797633454, 'noise_gpi_sigma': 94.36432691018683, 'g_stn_gpe_mult': 2.7482331666019024, 'g_gpe_stn_mult': 0.1622765250547865, 'g_stn_gpi_mult': 1.9841753653619163, 'g_gpe_gpi_mult': 1.147244172031997}. Best is trial 852 with value: 0.11948221723841748.
[I 2026-05-28 23:57:30,742] Trial 915 finished with value: 0.11870312948083973 and parameters: {'ISTN': 60.142142834035276, 'I_gpe': 1.2522609933689073, 'I_gpi': 2.130703270892969, 'noise_stn_sigma': 2.4010042195858716, 'noise_gpe_sigma': 96.50940771014314, 'noise_gpi_sigma': 81.65347697610771, 'g_stn_gpe_mult': 2.8068999824610392, 'g_gpe_stn_mult': 0.1683073688933073, 'g_stn_gpi_mult': 1.9777216325161713, 'g_gpe_gpi_mult': 1.1268198618380212}. Best is trial 915 with value: 0.11870312948083973.
[I 2026-05-28 23:57:31,751] Trial 916 finished with value: 0.12171145279844535 and parameters: {'ISTN': 60.555465689015826, 'I_gpe': 1.2584721736163558, 'I_gpi': 2.122567367163491, 'noise_stn_sigma': 2.5422323299220073, 'noise_gpe_sigma': 93.36831657400435, 'noise_gpi_sigma': 85.8309355783142, 'g_stn_gpe_mult': 2.7290191199503333, 'g_gpe_stn_mult': 0.1683485986808893, 'g_stn_gpi_mult': 2.0175647924495532, 'g_gpe_gpi_mult': 1.1507679751344497}. Best is trial 915 with value: 0.11870312948083973.
[I 2026-05-28 23:57:32,759] Trial 917 finished with value: 0.1271056892669103 and parameters: {'ISTN': 60.225521399505084, 'I_gpe': 1.23420684100433, 'I_gpi': 2.1017305083098456, 'noise_stn_sigma': 2.813988303617528, 'noise_gpe_sigma': 96.52843230898193, 'noise_gpi_sigma': 85.66101098110863, 'g_stn_gpe_mult': 2.8168137782737013, 'g_gpe_stn_mult': 0.17325245773985343, 'g_stn_gpi_mult': 2.0402532126775945, 'g_gpe_gpi_mult': 1.1558444043952314}. Best is trial 915 with value: 0.11870312948083973.
[I 2026-05-28 23:57:33,767] Trial 918 finished with value: 0.12628786804480413 and parameters: {'ISTN': 60.816741835979556, 'I_gpe': 1.3004056511273827, 'I_gpi': 2.1373353086921694, 'noise_stn_sigma': 2.6843715728581934, 'noise_gpe_sigma': 96.54017353784604, 'noise_gpi_sigma': 85.83867423137279, 'g_stn_gpe_mult': 2.799775796216156, 'g_gpe_stn_mult': 0.16146870004585218, 'g_stn_gpi_mult': 1.9929441711720008, 'g_gpe_gpi_mult': 1.1345124650316067}. Best is trial 915 with value: 0.11870312948083973.
[I 2026-05-28 23:57:34,774] Trial 919 finished with value: 0.19211947665026283 and parameters: {'ISTN': 60.79310773611058, 'I_gpe': 1.2088036773458595, 'I_gpi': 2.1654369101881743, 'noise_stn_sigma': 2.659777130978167, 'noise_gpe_sigma': 94.25880294461395, 'noise_gpi_sigma': 87.704729813301, 'g_stn_gpe_mult': 2.748851621663723, 'g_gpe_stn_mult': 0.16237303692829747, 'g_stn_gpi_mult': 2.0290075405173806, 'g_gpe_gpi_mult': 1.181726615625296}. Best is trial 915 with value: 0.11870312948083973.
[I 2026-05-28 23:57:35,784] Trial 920 finished with value: 0.13015451202982045 and parameters: {'ISTN': 60.4050308684902, 'I_gpe': 1.2432321743607502, 'I_gpi': 2.1415377608050292, 'noise_stn_sigma': 2.4900582582324935, 'noise_gpe_sigma': 97.5348096372586, 'noise_gpi_sigma': 91.77364686048821, 'g_stn_gpe_mult': 2.831949511263394, 'g_gpe_stn_mult': 0.17984197174861227, 'g_stn_gpi_mult': 1.9947929446346386, 'g_gpe_gpi_mult': 1.1674648123101068}. Best is trial 915 with value: 0.11870312948083973.
[I 2026-05-28 23:57:36,796] Trial 921 finished with value: 0.21461681707023966 and parameters: {'ISTN': 60.28787633367109, 'I_gpe': 1.2278531733963607, 'I_gpi': 2.1130463564550506, 'noise_stn_sigma': 2.396827903903148, 'noise_gpe_sigma': 95.68009256841005, 'noise_gpi_sigma': 86.44171660977342, 'g_stn_gpe_mult': 2.7422553918089614, 'g_gpe_stn_mult': 0.17005720278652522, 'g_stn_gpi_mult': 1.9952237757313511, 'g_gpe_gpi_mult': 1.1492008299649885}. Best is trial 915 with value: 0.11870312948083973.
[I 2026-05-28 23:57:37,805] Trial 922 finished with value: 0.13000245949033218 and parameters: {'ISTN': 60.17691924439302, 'I_gpe': 1.219477787726913, 'I_gpi': 2.1607107246451736, 'noise_stn_sigma': 2.404260115515066, 'noise_gpe_sigma': 96.9742884940123, 'noise_gpi_sigma': 89.40549129718597, 'g_stn_gpe_mult': 2.7382242353025887, 'g_gpe_stn_mult': 0.18110176351154117, 'g_stn_gpi_mult': 2.0428350478672663, 'g_gpe_gpi_mult': 1.1232225059944516}. Best is trial 915 with value: 0.11870312948083973.
[I 2026-05-28 23:57:38,811] Trial 923 finished with value: 0.1255563947451853 and parameters: {'ISTN': 60.02059830964403, 'I_gpe': 1.2437975610936265, 'I_gpi': 2.1676157683520354, 'noise_stn_sigma': 2.5306586567855693, 'noise_gpe_sigma': 91.10780687335806, 'noise_gpi_sigma': 87.64250515513255, 'g_stn_gpe_mult': 2.642944839584383, 'g_gpe_stn_mult': 0.1749442845156583, 'g_stn_gpi_mult': 2.0465514086858447, 'g_gpe_gpi_mult': 1.1480006288684623}. Best is trial 915 with value: 0.11870312948083973.
