[I 2026-05-29 00:05:02,368] Trial 352 finished with value: 8.180604341200596 and parameters: {'ISTN': 68.59714531501369, 'I_gpe': 0.8845221252542426, 'I_gpi': 1.6325129806243195, 'noise_stn_sigma': 3.8308355091938715, 'noise_gpe_sigma': 107.46360479522518, 'noise_gpi_sigma': 57.02914754445282, 'g_stn_gpe_mult': 2.7891672696987406, 'g_gpe_stn_mult': 0.15453674303253392, 'g_stn_gpi_mult': 2.2843624822175492, 'g_gpe_gpi_mult': 0.5330714266463574}. Best is trial 341 with value: 0.2554296067222772.
[I 2026-05-29 00:05:03,376] Trial 353 finished with value: 1.4135754473468887 and parameters: {'ISTN': 67.2853860534593, 'I_gpe': 1.177492486377296, 'I_gpi': 2.030709069521831, 'noise_stn_sigma': 3.5127251309564933, 'noise_gpe_sigma': 106.97097072351363, 'noise_gpi_sigma': 54.284649349365196, 'g_stn_gpe_mult': 2.8174767700472607, 'g_gpe_stn_mult': 0.12507143845098076, 'g_stn_gpi_mult': 2.5428814587929316, 'g_gpe_gpi_mult': 0.4642455068935971}. Best is trial 341 with value: 0.2554296067222772.
[I 2026-05-29 00:05:04,384] Trial 354 finished with value: 7.383165063401015 and parameters: {'ISTN': 70.0332323437087, 'I_gpe': 0.7597094143059308, 'I_gpi': 1.8364717770528411, 'noise_stn_sigma': 3.3956140378530213, 'noise_gpe_sigma': 110.84635432001073, 'noise_gpi_sigma': 68.55389484391456, 'g_stn_gpe_mult': 2.925327364750427, 'g_gpe_stn_mult': 0.13326939950714956, 'g_stn_gpi_mult': 2.0321179513247625, 'g_gpe_gpi_mult': 0.6383442922474621}. Best is trial 341 with value: 0.2554296067222772.
[I 2026-05-29 00:05:05,392] Trial 355 finished with value: 1.905827394554548 and parameters: {'ISTN': 65.34276445598648, 'I_gpe': 0.8773755034125303, 'I_gpi': 1.8784409969987867, 'noise_stn_sigma': 3.775352824249632, 'noise_gpe_sigma': 112.63163924992601, 'noise_gpi_sigma': 64.30241015911675, 'g_stn_gpe_mult': 2.8833700134164832, 'g_gpe_stn_mult': 0.18078291446102324, 'g_stn_gpi_mult': 2.561850340076473, 'g_gpe_gpi_mult': 0.5284435801514376}. Best is trial 341 with value: 0.2554296067222772.
[I 2026-05-29 00:05:06,396] Trial 356 finished with value: 0.3586691648459109 and parameters: {'ISTN': 63.891727180133635, 'I_gpe': 0.7087879906949222, 'I_gpi': 1.5964925335732154, 'noise_stn_sigma': 3.3805583936644323, 'noise_gpe_sigma': 103.83332782113501, 'noise_gpi_sigma': 69.76138163387161, 'g_stn_gpe_mult': 2.952480712034566, 'g_gpe_stn_mult': 0.12754156092389776, 'g_stn_gpi_mult': 2.4772076097646583, 'g_gpe_gpi_mult': 0.40410983482178586}. Best is trial 341 with value: 0.2554296067222772.
[I 2026-05-29 00:05:07,404] Trial 357 finished with value: 4.7887456207841685 and parameters: {'ISTN': 68.18825200153896, 'I_gpe': 1.2582417640936998, 'I_gpi': 2.28518669040708, 'noise_stn_sigma': 3.3165682442897104, 'noise_gpe_sigma': 92.0784075437418, 'noise_gpi_sigma': 58.85440680701497, 'g_stn_gpe_mult': 2.77453818434078, 'g_gpe_stn_mult': 0.10502380293979312, 'g_stn_gpi_mult': 2.448433549828531, 'g_gpe_gpi_mult': 0.34846222326179715}. Best is trial 341 with value: 0.2554296067222772.
[I 2026-05-29 00:05:08,409] Trial 358 finished with value: 8.27017756134361 and parameters: {'ISTN': 70.85143210282793, 'I_gpe': 1.4327659923836105, 'I_gpi': 2.6688821098779116, 'noise_stn_sigma': 4.142681532779957, 'noise_gpe_sigma': 97.51921445783911, 'noise_gpi_sigma': 58.81328897957035, 'g_stn_gpe_mult': 2.823947778349656, 'g_gpe_stn_mult': 0.23141282945891087, 'g_stn_gpi_mult': 2.094511496699966, 'g_gpe_gpi_mult': 0.5417741188015912}. Best is trial 341 with value: 0.2554296067222772.
[I 2026-05-29 00:05:09,415] Trial 359 finished with value: 10.616982658298525 and parameters: {'ISTN': 73.59245920168193, 'I_gpe': 0.9795002326707836, 'I_gpi': 1.4528304673572114, 'noise_stn_sigma': 4.988636575411349, 'noise_gpe_sigma': 108.50723980769276, 'noise_gpi_sigma': 55.098487432916386, 'g_stn_gpe_mult': 3.103250788579425, 'g_gpe_stn_mult': 0.14819911817302744, 'g_stn_gpi_mult': 2.6865684607646276, 'g_gpe_gpi_mult': 0.37449011690264333}. Best is trial 341 with value: 0.2554296067222772.
[I 2026-05-29 00:05:10,421] Trial 360 finished with value: 12.223789938380198 and parameters: {'ISTN': 72.20969951777074, 'I_gpe': 0.894494268624818, 'I_gpi': 1.7935428034725929, 'noise_stn_sigma': 4.627456301533762, 'noise_gpe_sigma': 108.75969048183279, 'noise_gpi_sigma': 62.93078303664199, 'g_stn_gpe_mult': 3.3085994194597674, 'g_gpe_stn_mult': 0.1993217428274512, 'g_stn_gpi_mult': 2.427539690115413, 'g_gpe_gpi_mult': 0.3644751976843445}. Best is trial 341 with value: 0.2554296067222772.
[I 2026-05-29 00:05:11,430] Trial 361 finished with value: 0.3746094500612709 and parameters: {'ISTN': 60.11432660336046, 'I_gpe': 0.6188825798521318, 'I_gpi': 1.6069492561432566, 'noise_stn_sigma': 3.405631898989504, 'noise_gpe_sigma': 99.70095067906196, 'noise_gpi_sigma': 60.370486641863536, 'g_stn_gpe_mult': 3.1606544204749163, 'g_gpe_stn_mult': 0.16465907137962, 'g_stn_gpi_mult': 2.6526796793176635, 'g_gpe_gpi_mult': 0.3420716252816842}. Best is trial 341 with value: 0.2554296067222772.
[I 2026-05-29 00:05:12,437] Trial 362 finished with value: 3.4144062466304033 and parameters: {'ISTN': 63.22543144497269, 'I_gpe': 0.9614443156319243, 'I_gpi': 1.9307767522335397, 'noise_stn_sigma': 3.9912404563973145, 'noise_gpe_sigma': 112.8715768849055, 'noise_gpi_sigma': 60.41031526759295, 'g_stn_gpe_mult': 2.907181421809933, 'g_gpe_stn_mult': 0.15897373510521015, 'g_stn_gpi_mult': 2.464329180472216, 'g_gpe_gpi_mult': 0.4907038249337073}. Best is trial 341 with value: 0.2554296067222772.
[I 2026-05-29 00:05:13,447] Trial 363 finished with value: 2.622200818409502 and parameters: {'ISTN': 66.26996383009511, 'I_gpe': 1.3114305847281678, 'I_gpi': 2.3354440265040703, 'noise_stn_sigma': 3.4748474579213204, 'noise_gpe_sigma': 85.81754016768897, 'noise_gpi_sigma': 64.66034664738223, 'g_stn_gpe_mult': 2.5369076449533274, 'g_gpe_stn_mult': 0.11174586775713728, 'g_stn_gpi_mult': 2.576163412355037, 'g_gpe_gpi_mult': 0.532234898513685}. Best is trial 341 with value: 0.2554296067222772.
[I 2026-05-29 00:05:14,454] Trial 364 finished with value: 3.583438156647253 and parameters: {'ISTN': 60.56566911252561, 'I_gpe': 1.1125073585346283, 'I_gpi': 1.8212005696805986, 'noise_stn_sigma': 3.9405390889022067, 'noise_gpe_sigma': 108.98404712169832, 'noise_gpi_sigma': 61.55232720652254, 'g_stn_gpe_mult': 2.813285669640547, 'g_gpe_stn_mult': 0.1816117583581336, 'g_stn_gpi_mult': 2.3005594389790733, 'g_gpe_gpi_mult': 0.4802583678683497}. Best is trial 341 with value: 0.2554296067222772.
[I 2026-05-29 00:05:15,463] Trial 365 finished with value: 13.414138410129217 and parameters: {'ISTN': 73.6782226228124, 'I_gpe': 0.941449065608594, 'I_gpi': 2.1750934909442163, 'noise_stn_sigma': 3.6540175673617874, 'noise_gpe_sigma': 105.01626034726843, 'noise_gpi_sigma': 72.24886549166216, 'g_stn_gpe_mult': 2.8326840399428708, 'g_gpe_stn_mult': 0.12662339178721443, 'g_stn_gpi_mult': 2.34703226738252, 'g_gpe_gpi_mult': 0.5020997397180791}. Best is trial 341 with value: 0.2554296067222772.
[I 2026-05-29 00:05:16,470] Trial 366 finished with value: 0.28561153348239304 and parameters: {'ISTN': 67.31970974952418, 'I_gpe': 0.9002596384584637, 'I_gpi': 1.9284545386945997, 'noise_stn_sigma': 3.3277414517040245, 'noise_gpe_sigma': 92.45049260621497, 'noise_gpi_sigma': 52.74731221298742, 'g_stn_gpe_mult': 2.8059468162280172, 'g_gpe_stn_mult': 0.1476357646798438, 'g_stn_gpi_mult': 2.127138185188724, 'g_gpe_gpi_mult': 0.5771852559349226}. Best is trial 341 with value: 0.2554296067222772.
[I 2026-05-29 00:05:17,477] Trial 367 finished with value: 0.36761436002740394 and parameters: {'ISTN': 64.68508946840215, 'I_gpe': 0.7484903923446177, 'I_gpi': 1.5732063393223052, 'noise_stn_sigma': 3.3449132301143005, 'noise_gpe_sigma': 109.1947077119238, 'noise_gpi_sigma': 72.11617081881438, 'g_stn_gpe_mult': 2.580383740455489, 'g_gpe_stn_mult': 0.1641365651554409, 'g_stn_gpi_mult': 2.413425162033669, 'g_gpe_gpi_mult': 0.4520715146590444}. Best is trial 341 with value: 0.2554296067222772.
[I 2026-05-29 00:05:18,487] Trial 368 finished with value: 6.1535733906051115 and parameters: {'ISTN': 72.45271699014337, 'I_gpe': 1.0000503211136813, 'I_gpi': 1.9491662039681166, 'noise_stn_sigma': 4.458204769631351, 'noise_gpe_sigma': 97.44320948695115, 'noise_gpi_sigma': 71.73316440277672, 'g_stn_gpe_mult': 2.855207029343496, 'g_gpe_stn_mult': 0.17506862326917555, 'g_stn_gpi_mult': 2.2281122176843478, 'g_gpe_gpi_mult': 0.39172998234937195}. Best is trial 341 with value: 0.2554296067222772.
[I 2026-05-29 00:05:19,494] Trial 369 finished with value: 2.5582696823992315 and parameters: {'ISTN': 67.1719144965501, 'I_gpe': 0.5182479515213626, 'I_gpi': 1.5937958464799953, 'noise_stn_sigma': 3.56722561143535, 'noise_gpe_sigma': 96.98213505143448, 'noise_gpi_sigma': 61.29906338045853, 'g_stn_gpe_mult': 2.7982374198237383, 'g_gpe_stn_mult': 0.11721529611589063, 'g_stn_gpi_mult': 2.2739439749101558, 'g_gpe_gpi_mult': 0.45338398206384833}. Best is trial 341 with value: 0.2554296067222772.
[I 2026-05-29 00:05:20,501] Trial 370 finished with value: 6.580139708280396 and parameters: {'ISTN': 70.48168155743949, 'I_gpe': 1.2049040546483227, 'I_gpi': 1.8706256325153303, 'noise_stn_sigma': 3.5554118683795326, 'noise_gpe_sigma': 123.06732448564857, 'noise_gpi_sigma': 66.62493897003452, 'g_stn_gpe_mult': 3.0742961925530223, 'g_gpe_stn_mult': 0.1318392466214874, 'g_stn_gpi_mult': 2.811694010949351, 'g_gpe_gpi_mult': 0.4100047432143712}. Best is trial 341 with value: 0.2554296067222772.
[I 2026-05-29 00:05:21,510] Trial 371 finished with value: 0.3636318850809553 and parameters: {'ISTN': 64.63482376183173, 'I_gpe': 0.8308223734536697, 'I_gpi': 1.4776242562704767, 'noise_stn_sigma': 2.919183794352241, 'noise_gpe_sigma': 105.1003021009703, 'noise_gpi_sigma': 73.71079035121943, 'g_stn_gpe_mult': 2.671346212784565, 'g_gpe_stn_mult': 0.1323859753173081, 'g_stn_gpi_mult': 2.4700772750647664, 'g_gpe_gpi_mult': 0.4827601607900771}. Best is trial 341 with value: 0.2554296067222772.
[I 2026-05-29 00:05:22,515] Trial 372 finished with value: 0.9372171713614392 and parameters: {'ISTN': 68.34178358910032, 'I_gpe': 0.8632641539803156, 'I_gpi': 1.938399985578848, 'noise_stn_sigma': 3.5169309787283027, 'noise_gpe_sigma': 102.89769736427371, 'noise_gpi_sigma': 56.37349331710628, 'g_stn_gpe_mult': 3.0048687725923733, 'g_gpe_stn_mult': 0.13666497913892664, 'g_stn_gpi_mult': 2.167046615990678, 'g_gpe_gpi_mult': 0.5441927018069681}. Best is trial 341 with value: 0.2554296067222772.
[I 2026-05-29 00:05:23,523] Trial 373 finished with value: 10.676074425447036 and parameters: {'ISTN': 74.89708324924703, 'I_gpe': 0.8973394202697687, 'I_gpi': 2.0400359092217633, 'noise_stn_sigma': 3.367348099586378, 'noise_gpe_sigma': 93.61638621355905, 'noise_gpi_sigma': 55.99104182577582, 'g_stn_gpe_mult': 3.223433957580384, 'g_gpe_stn_mult': 0.23156071823877764, 'g_stn_gpi_mult': 2.2430610963722684, 'g_gpe_gpi_mult': 0.6196154213787218}. Best is trial 341 with value: 0.2554296067222772.
[I 2026-05-29 00:05:24,529] Trial 374 finished with value: 0.5888902091644425 and parameters: {'ISTN': 64.74069609986954, 'I_gpe': 0.7230794702698025, 'I_gpi': 1.590169897753488, 'noise_stn_sigma': 3.271073742236427, 'noise_gpe_sigma': 107.06211109716646, 'noise_gpi_sigma': 61.26979500944593, 'g_stn_gpe_mult': 2.7081894200140426, 'g_gpe_stn_mult': 0.10668919725756865, 'g_stn_gpi_mult': 2.343317929561387, 'g_gpe_gpi_mult': 0.6086873589273512}. Best is trial 341 with value: 0.2554296067222772.
[I 2026-05-29 00:05:25,540] Trial 375 finished with value: 4.293083399271016 and parameters: {'ISTN': 69.37080215085123, 'I_gpe': 0.8077162009371857, 'I_gpi': 1.8552247795205687, 'noise_stn_sigma': 3.61915375363067, 'noise_gpe_sigma': 99.61357982218335, 'noise_gpi_sigma': 56.05601539610033, 'g_stn_gpe_mult': 3.011974934828057, 'g_gpe_stn_mult': 0.16051035997814075, 'g_stn_gpi_mult': 2.3391869441393633, 'g_gpe_gpi_mult': 0.5246437696474604}. Best is trial 341 with value: 0.2554296067222772.
[I 2026-05-29 00:05:26,547] Trial 376 finished with value: 1.7428483341289582 and parameters: {'ISTN': 66.22605047556871, 'I_gpe': 0.6597486253491456, 'I_gpi': 1.7581276244812112, 'noise_stn_sigma': 3.6238887002381923, 'noise_gpe_sigma': 88.68216602000771, 'noise_gpi_sigma': 63.014248894844144, 'g_stn_gpe_mult': 2.616762781907124, 'g_gpe_stn_mult': 0.1554725911478574, 'g_stn_gpi_mult': 2.1145616305899995, 'g_gpe_gpi_mult': 0.41019706112449483}. Best is trial 341 with value: 0.2554296067222772.
[I 2026-05-29 00:05:27,553] Trial 377 finished with value: 0.923778482570152 and parameters: {'ISTN': 60.998171506305866, 'I_gpe': 0.7910608528275573, 'I_gpi': 1.1578755853979572, 'noise_stn_sigma': 3.037423728182882, 'noise_gpe_sigma': 91.53417432942584, 'noise_gpi_sigma': 70.81791340428387, 'g_stn_gpe_mult': 3.060917599769926, 'g_gpe_stn_mult': 0.14395871905813268, 'g_stn_gpi_mult': 2.2228169879280992, 'g_gpe_gpi_mult': 0.5189031467753555}. Best is trial 341 with value: 0.2554296067222772.
[I 2026-05-29 00:05:28,563] Trial 378 finished with value: 8.714883662231127 and parameters: {'ISTN': 66.59291871262263, 'I_gpe': 1.0365315627655642, 'I_gpi': 2.08263628440992, 'noise_stn_sigma': 4.293007687599225, 'noise_gpe_sigma': 107.5925892085259, 'noise_gpi_sigma': 69.36019381783183, 'g_stn_gpe_mult': 2.8704800424718995, 'g_gpe_stn_mult': 0.1993452631872495, 'g_stn_gpi_mult': 2.283795598950049, 'g_gpe_gpi_mult': 0.5345513985675407}. Best is trial 341 with value: 0.2554296067222772.
[I 2026-05-29 00:05:29,571] Trial 379 finished with value: 0.28269307151077433 and parameters: {'ISTN': 60.46335861205972, 'I_gpe': 0.7695411088316422, 'I_gpi': 1.9821052200143887, 'noise_stn_sigma': 3.510409152958067, 'noise_gpe_sigma': 108.06922272861844, 'noise_gpi_sigma': 55.338555281641234, 'g_stn_gpe_mult': 2.6456543223875753, 'g_gpe_stn_mult': 0.1291962213041957, 'g_stn_gpi_mult': 2.3153960342587587, 'g_gpe_gpi_mult': 0.523701147617621}. Best is trial 341 with value: 0.2554296067222772.
[I 2026-05-29 00:05:30,578] Trial 380 finished with value: 0.33182642847074867 and parameters: {'ISTN': 62.55657598394804, 'I_gpe': 0.665327403030461, 'I_gpi': 1.8899474926608466, 'noise_stn_sigma': 3.8248489159850476, 'noise_gpe_sigma': 100.37542475135572, 'noise_gpi_sigma': 60.34149804234803, 'g_stn_gpe_mult': 2.9192165075956993, 'g_gpe_stn_mult': 0.20640439169068295, 'g_stn_gpi_mult': 2.3631228123319126, 'g_gpe_gpi_mult': 0.4915570938176386}. Best is trial 341 with value: 0.2554296067222772.
[I 2026-05-29 00:05:31,585] Trial 381 finished with value: 0.3620717960960301 and parameters: {'ISTN': 61.59272656134136, 'I_gpe': 0.5699722553118851, 'I_gpi': 1.9095463868305704, 'noise_stn_sigma': 3.4156721617266155, 'noise_gpe_sigma': 114.96565820175188, 'noise_gpi_sigma': 59.78498709320243, 'g_stn_gpe_mult': 2.5576161012773575, 'g_gpe_stn_mult': 0.18287410144377303, 'g_stn_gpi_mult': 2.414086673942194, 'g_gpe_gpi_mult': 0.5901456354807992}. Best is trial 341 with value: 0.2554296067222772.
[I 2026-05-29 00:05:32,592] Trial 382 finished with value: 0.34225861415653247 and parameters: {'ISTN': 65.35639022391022, 'I_gpe': 0.7079428240734542, 'I_gpi': 2.1653345641869537, 'noise_stn_sigma': 3.7051375413768195, 'noise_gpe_sigma': 93.00172472473737, 'noise_gpi_sigma': 50.511554621487264, 'g_stn_gpe_mult': 2.7933900012429946, 'g_gpe_stn_mult': 0.12399147410973883, 'g_stn_gpi_mult': 2.357351234839051, 'g_gpe_gpi_mult': 0.6446520593671166}. Best is trial 341 with value: 0.2554296067222772.
[I 2026-05-29 00:05:33,599] Trial 383 finished with value: 5.030536642649241 and parameters: {'ISTN': 69.77615207327662, 'I_gpe': 0.7674348026977447, 'I_gpi': 1.7303072835264675, 'noise_stn_sigma': 4.294788984559661, 'noise_gpe_sigma': 96.9606262794468, 'noise_gpi_sigma': 62.6646793488516, 'g_stn_gpe_mult': 2.8426488186464356, 'g_gpe_stn_mult': 0.18722357892064856, 'g_stn_gpi_mult': 2.5533682824365522, 'g_gpe_gpi_mult': 0.44951535060856407}. Best is trial 341 with value: 0.2554296067222772.
[I 2026-05-29 00:05:34,608] Trial 384 finished with value: 0.3355584796440826 and parameters: {'ISTN': 62.585296557616154, 'I_gpe': 0.6882430857920641, 'I_gpi': 1.741147204102146, 'noise_stn_sigma': 3.6716305159942153, 'noise_gpe_sigma': 108.65584908579183, 'noise_gpi_sigma': 64.01353280372317, 'g_stn_gpe_mult': 2.518962052337171, 'g_gpe_stn_mult': 0.13307590638037847, 'g_stn_gpi_mult': 2.5474838088851715, 'g_gpe_gpi_mult': 0.41921389365624073}. Best is trial 341 with value: 0.2554296067222772.
[I 2026-05-29 00:05:35,615] Trial 385 finished with value: 0.35383742523568507 and parameters: {'ISTN': 60.165218100103296, 'I_gpe': 0.5445850129056127, 'I_gpi': 2.0064963691826048, 'noise_stn_sigma': 3.9358937399331198, 'noise_gpe_sigma': 98.13233769952613, 'noise_gpi_sigma': 61.33386760056086, 'g_stn_gpe_mult': 2.979252176371142, 'g_gpe_stn_mult': 0.18028901116962123, 'g_stn_gpi_mult': 2.192386940117139, 'g_gpe_gpi_mult': 0.5821365648769911}. Best is trial 341 with value: 0.2554296067222772.
[I 2026-05-29 00:05:36,624] Trial 386 finished with value: 3.9308112205523513 and parameters: {'ISTN': 64.20409726102736, 'I_gpe': 1.0052875198673368, 'I_gpi': 1.1111499811139471, 'noise_stn_sigma': 2.642005296500944, 'noise_gpe_sigma': 110.44678483149663, 'noise_gpi_sigma': 77.4968929425107, 'g_stn_gpe_mult': 2.7121474513636183, 'g_gpe_stn_mult': 0.22796451065373408, 'g_stn_gpi_mult': 2.4137497141684516, 'g_gpe_gpi_mult': 0.4140994550782552}. Best is trial 341 with value: 0.2554296067222772.
[I 2026-05-29 00:05:37,631] Trial 387 finished with value: 0.3779982074852553 and parameters: {'ISTN': 67.22363039361917, 'I_gpe': 0.664291581908442, 'I_gpi': 1.8397689557603933, 'noise_stn_sigma': 3.4445959999012157, 'noise_gpe_sigma': 104.32669382195678, 'noise_gpi_sigma': 51.47283554707484, 'g_stn_gpe_mult': 2.7211113199005577, 'g_gpe_stn_mult': 0.12784666447605575, 'g_stn_gpi_mult': 2.219709117517504, 'g_gpe_gpi_mult': 0.6321008518709909}. Best is trial 341 with value: 0.2554296067222772.
[I 2026-05-29 00:05:38,641] Trial 388 finished with value: 0.4451115573559396 and parameters: {'ISTN': 63.9284934420106, 'I_gpe': 0.7353093375850778, 'I_gpi': 1.4692671647200586, 'noise_stn_sigma': 3.3592381858725737, 'noise_gpe_sigma': 106.83930268806844, 'noise_gpi_sigma': 57.09340248039214, 'g_stn_gpe_mult': 2.8395333276679944, 'g_gpe_stn_mult': 0.19800833472713525, 'g_stn_gpi_mult': 2.1150016907317486, 'g_gpe_gpi_mult': 0.5728435636733202}. Best is trial 341 with value: 0.2554296067222772.
[I 2026-05-29 00:05:39,648] Trial 389 finished with value: 0.30163498838035524 and parameters: {'ISTN': 65.84326995660372, 'I_gpe': 0.8074074863523573, 'I_gpi': 2.153966370614964, 'noise_stn_sigma': 3.4600717807597308, 'noise_gpe_sigma': 116.14343988097706, 'noise_gpi_sigma': 52.89948609142217, 'g_stn_gpe_mult': 3.0450414064788074, 'g_gpe_stn_mult': 0.13299436144879778, 'g_stn_gpi_mult': 2.427774111175159, 'g_gpe_gpi_mult': 0.4988442586254979}. Best is trial 341 with value: 0.2554296067222772.
[I 2026-05-29 00:05:40,657] Trial 390 finished with value: 0.6703364648349839 and parameters: {'ISTN': 63.19134493150898, 'I_gpe': 0.5679815652040276, 'I_gpi': 1.4436577413988751, 'noise_stn_sigma': 2.994889198037998, 'noise_gpe_sigma': 105.4189919982057, 'noise_gpi_sigma': 68.72139801306317, 'g_stn_gpe_mult': 2.6567606927419973, 'g_gpe_stn_mult': 0.1545321488776756, 'g_stn_gpi_mult': 2.421758021466931, 'g_gpe_gpi_mult': 0.685900467443439}. Best is trial 341 with value: 0.2554296067222772.
[I 2026-05-29 00:05:41,665] Trial 391 finished with value: 0.2681259223734972 and parameters: {'ISTN': 65.86089363983493, 'I_gpe': 0.8544359099584666, 'I_gpi': 1.9003728660442567, 'noise_stn_sigma': 3.4417781892348307, 'noise_gpe_sigma': 110.4461959170206, 'noise_gpi_sigma': 62.19878332832973, 'g_stn_gpe_mult': 2.950861451903835, 'g_gpe_stn_mult': 0.1361542146191539, 'g_stn_gpi_mult': 2.3225778998656352, 'g_gpe_gpi_mult': 0.4437846753759416}. Best is trial 341 with value: 0.2554296067222772.
[I 2026-05-29 00:05:42,672] Trial 392 finished with value: 0.6160776346680202 and parameters: {'ISTN': 64.13306918067306, 'I_gpe': 0.8882718144965569, 'I_gpi': 2.3294718376481223, 'noise_stn_sigma': 4.360828234504041, 'noise_gpe_sigma': 115.90836443545382, 'noise_gpi_sigma': 55.05575123260108, 'g_stn_gpe_mult': 3.002319890022556, 'g_gpe_stn_mult': 0.1879132320855958, 'g_stn_gpi_mult': 2.64759792707004, 'g_gpe_gpi_mult': 0.41453488131691796}. Best is trial 341 with value: 0.2554296067222772.
[I 2026-05-29 00:05:43,677] Trial 393 finished with value: 0.7238927824440733 and parameters: {'ISTN': 69.40216274893032, 'I_gpe': 0.5985579471890052, 'I_gpi': 2.0174351639861015, 'noise_stn_sigma': 3.2450092780060076, 'noise_gpe_sigma': 100.78181844930238, 'noise_gpi_sigma': 53.66085519104693, 'g_stn_gpe_mult': 2.836369561003485, 'g_gpe_stn_mult': 0.10132432042970675, 'g_stn_gpi_mult': 2.6071445378451346, 'g_gpe_gpi_mult': 0.5621742904970728}. Best is trial 341 with value: 0.2554296067222772.
[I 2026-05-29 00:05:44,685] Trial 394 finished with value: 5.032768091164077 and parameters: {'ISTN': 66.46767546887332, 'I_gpe': 0.9121859097802776, 'I_gpi': 1.6838502450952495, 'noise_stn_sigma': 3.7062967253702266, 'noise_gpe_sigma': 117.09419196499475, 'noise_gpi_sigma': 53.68391565766495, 'g_stn_gpe_mult': 2.8402795725632606, 'g_gpe_stn_mult': 0.1688626370695407, 'g_stn_gpi_mult': 2.388337592481052, 'g_gpe_gpi_mult': 0.4809790281569832}. Best is trial 341 with value: 0.2554296067222772.
[I 2026-05-29 00:05:45,692] Trial 395 finished with value: 0.3293413360317644 and parameters: {'ISTN': 65.99871815773028, 'I_gpe': 0.940829527340256, 'I_gpi': 2.390388854455451, 'noise_stn_sigma': 3.688982160748812, 'noise_gpe_sigma': 100.05916991306086, 'noise_gpi_sigma': 56.27590071015529, 'g_stn_gpe_mult': 2.8964125683237874, 'g_gpe_stn_mult': 0.16315081670848253, 'g_stn_gpi_mult': 2.4902236198395458, 'g_gpe_gpi_mult': 0.5519008811107081}. Best is trial 341 with value: 0.2554296067222772.
