[I 2026-05-28 23:57:39,818] Trial 924 finished with value: 0.1240152489902699 and parameters: {'ISTN': 60.34421879421653, 'I_gpe': 1.3001521937670508, 'I_gpi': 2.173036714892352, 'noise_stn_sigma': 2.4362853105387945, 'noise_gpe_sigma': 96.53681173106136, 'noise_gpi_sigma': 89.70008682849073, 'g_stn_gpe_mult': 2.756346393940765, 'g_gpe_stn_mult': 0.17250177253337595, 'g_stn_gpi_mult': 2.0569357313112127, 'g_gpe_gpi_mult': 1.1995367069377392}. Best is trial 915 with value: 0.11870312948083973.
[I 2026-05-28 23:57:40,826] Trial 925 finished with value: 0.11855151339143415 and parameters: {'ISTN': 60.76094828476161, 'I_gpe': 1.2841234993079498, 'I_gpi': 2.140186932811961, 'noise_stn_sigma': 2.212855448025328, 'noise_gpe_sigma': 96.70180337375083, 'noise_gpi_sigma': 83.25332017628304, 'g_stn_gpe_mult': 2.744873661304857, 'g_gpe_stn_mult': 0.1630568624626322, 'g_stn_gpi_mult': 2.033578888639825, 'g_gpe_gpi_mult': 1.1778843160992196}. Best is trial 925 with value: 0.11855151339143415.
[I 2026-05-28 23:57:41,835] Trial 926 finished with value: 0.13307967105002497 and parameters: {'ISTN': 60.8851148362409, 'I_gpe': 1.2254800387722788, 'I_gpi': 2.153148972958588, 'noise_stn_sigma': 2.411508687292824, 'noise_gpe_sigma': 98.68251402859454, 'noise_gpi_sigma': 82.82381897412796, 'g_stn_gpe_mult': 2.7464207835464656, 'g_gpe_stn_mult': 0.17028651565006125, 'g_stn_gpi_mult': 1.9989159120470148, 'g_gpe_gpi_mult': 1.0921454373734558}. Best is trial 925 with value: 0.11855151339143415.
[I 2026-05-28 23:57:42,842] Trial 927 finished with value: 0.12424056348705764 and parameters: {'ISTN': 60.36224665521282, 'I_gpe': 1.2092415009372226, 'I_gpi': 2.17827196049028, 'noise_stn_sigma': 2.104916307818341, 'noise_gpe_sigma': 94.61730521199814, 'noise_gpi_sigma': 85.07299725799055, 'g_stn_gpe_mult': 2.7583749882856017, 'g_gpe_stn_mult': 0.17575936972696263, 'g_stn_gpi_mult': 2.009075302629596, 'g_gpe_gpi_mult': 1.132647141454712}. Best is trial 925 with value: 0.11855151339143415.
[I 2026-05-28 23:57:43,850] Trial 928 finished with value: 0.11969382721441231 and parameters: {'ISTN': 60.06456269666083, 'I_gpe': 1.2986200816757643, 'I_gpi': 2.1815841402568896, 'noise_stn_sigma': 2.053492723290225, 'noise_gpe_sigma': 97.99501616261124, 'noise_gpi_sigma': 81.96329429856448, 'g_stn_gpe_mult': 2.7139834121565007, 'g_gpe_stn_mult': 0.18528022764973157, 'g_stn_gpi_mult': 2.109100385536857, 'g_gpe_gpi_mult': 1.151975793215344}. Best is trial 925 with value: 0.11855151339143415.
[I 2026-05-28 23:57:44,857] Trial 929 finished with value: 0.1627800914068525 and parameters: {'ISTN': 60.17448825239839, 'I_gpe': 1.2173767414606989, 'I_gpi': 2.1832068234721476, 'noise_stn_sigma': 2.826469361655119, 'noise_gpe_sigma': 93.76608471323966, 'noise_gpi_sigma': 89.22757932632784, 'g_stn_gpe_mult': 2.7974666888640507, 'g_gpe_stn_mult': 0.1715867700620189, 'g_stn_gpi_mult': 1.9820179153626345, 'g_gpe_gpi_mult': 1.1106298335336975}. Best is trial 925 with value: 0.11855151339143415.
[I 2026-05-28 23:57:45,864] Trial 930 finished with value: 0.12363124592808446 and parameters: {'ISTN': 61.44036534591981, 'I_gpe': 1.2262104429287088, 'I_gpi': 2.1349237247862947, 'noise_stn_sigma': 2.134583927226852, 'noise_gpe_sigma': 101.18474759943975, 'noise_gpi_sigma': 79.75875287806019, 'g_stn_gpe_mult': 2.866190157177681, 'g_gpe_stn_mult': 0.15504835993218913, 'g_stn_gpi_mult': 1.9960138223478117, 'g_gpe_gpi_mult': 1.1526542741623247}. Best is trial 925 with value: 0.11855151339143415.
[I 2026-05-28 23:57:46,872] Trial 931 finished with value: 0.12828666598039437 and parameters: {'ISTN': 61.123837029867545, 'I_gpe': 1.2884489600770874, 'I_gpi': 2.169992377380654, 'noise_stn_sigma': 1.8950019681388148, 'noise_gpe_sigma': 93.28710401519803, 'noise_gpi_sigma': 77.96278417842156, 'g_stn_gpe_mult': 2.6786677322135004, 'g_gpe_stn_mult': 0.17347150295739966, 'g_stn_gpi_mult': 2.075034273670368, 'g_gpe_gpi_mult': 1.1567765454346761}. Best is trial 925 with value: 0.11855151339143415.
[I 2026-05-28 23:57:47,875] Trial 932 finished with value: 0.12062945788405723 and parameters: {'ISTN': 60.51026126206957, 'I_gpe': 1.3182392141552128, 'I_gpi': 2.1892475852941775, 'noise_stn_sigma': 2.0507897299437, 'noise_gpe_sigma': 99.19582238492565, 'noise_gpi_sigma': 86.52628584476403, 'g_stn_gpe_mult': 2.7247997166479654, 'g_gpe_stn_mult': 0.16451668366901007, 'g_stn_gpi_mult': 2.0987205749999713, 'g_gpe_gpi_mult': 1.1350927874136707}. Best is trial 925 with value: 0.11855151339143415.
[I 2026-05-28 23:57:48,881] Trial 933 finished with value: 0.12309273276944661 and parameters: {'ISTN': 60.857184754330774, 'I_gpe': 1.264697100788183, 'I_gpi': 2.1114694986973754, 'noise_stn_sigma': 2.0767550970679842, 'noise_gpe_sigma': 98.80234744762431, 'noise_gpi_sigma': 84.44841137964745, 'g_stn_gpe_mult': 2.7163602958447615, 'g_gpe_stn_mult': 0.16959238159642515, 'g_stn_gpi_mult': 2.1609181498517147, 'g_gpe_gpi_mult': 1.196767547562245}. Best is trial 925 with value: 0.11855151339143415.
[I 2026-05-28 23:57:49,888] Trial 934 finished with value: 0.14670802795749427 and parameters: {'ISTN': 60.31743476820124, 'I_gpe': 1.3498984243337975, 'I_gpi': 2.156410024534367, 'noise_stn_sigma': 2.5547769146142074, 'noise_gpe_sigma': 97.86422302981005, 'noise_gpi_sigma': 84.14731919008159, 'g_stn_gpe_mult': 2.78235957809118, 'g_gpe_stn_mult': 0.15058862818346383, 'g_stn_gpi_mult': 2.105925863475471, 'g_gpe_gpi_mult': 1.1745427857788138}. Best is trial 925 with value: 0.11855151339143415.
[I 2026-05-28 23:57:50,896] Trial 935 finished with value: 0.12602612421811055 and parameters: {'ISTN': 60.912449719418305, 'I_gpe': 1.247642375407576, 'I_gpi': 2.1433689926610198, 'noise_stn_sigma': 2.3499468004447177, 'noise_gpe_sigma': 99.06506734897064, 'noise_gpi_sigma': 87.21999211993497, 'g_stn_gpe_mult': 2.687285109528192, 'g_gpe_stn_mult': 0.16305737103604084, 'g_stn_gpi_mult': 2.044711596530477, 'g_gpe_gpi_mult': 1.1732601920493992}. Best is trial 925 with value: 0.11855151339143415.
[I 2026-05-28 23:57:51,905] Trial 936 finished with value: 0.12372741926624313 and parameters: {'ISTN': 60.83308598341018, 'I_gpe': 1.3064142966137595, 'I_gpi': 2.1514569010557194, 'noise_stn_sigma': 2.2738281850263475, 'noise_gpe_sigma': 100.40075707919696, 'noise_gpi_sigma': 87.58414750985403, 'g_stn_gpe_mult': 2.6496479801519777, 'g_gpe_stn_mult': 0.1634430196410419, 'g_stn_gpi_mult': 2.0752002152572055, 'g_gpe_gpi_mult': 1.1869314443653878}. Best is trial 925 with value: 0.11855151339143415.
[I 2026-05-28 23:57:52,914] Trial 937 finished with value: 0.1356080950703461 and parameters: {'ISTN': 60.37017471430708, 'I_gpe': 1.2807232265515678, 'I_gpi': 2.1926222659275183, 'noise_stn_sigma': 2.5369760145648668, 'noise_gpe_sigma': 92.61266308674486, 'noise_gpi_sigma': 89.4255283210919, 'g_stn_gpe_mult': 2.683894732283454, 'g_gpe_stn_mult': 0.1574372774741919, 'g_stn_gpi_mult': 1.9322303653350037, 'g_gpe_gpi_mult': 1.1384148479407463}. Best is trial 925 with value: 0.11855151339143415.
[I 2026-05-28 23:57:53,922] Trial 938 finished with value: 0.12113790562036568 and parameters: {'ISTN': 60.11319751947015, 'I_gpe': 1.2956150706080307, 'I_gpi': 2.1556589530467045, 'noise_stn_sigma': 2.053490979658017, 'noise_gpe_sigma': 98.70566724254316, 'noise_gpi_sigma': 90.12317448466322, 'g_stn_gpe_mult': 2.7493412790892213, 'g_gpe_stn_mult': 0.17420242731687996, 'g_stn_gpi_mult': 1.9911226170982785, 'g_gpe_gpi_mult': 1.1661085087791392}. Best is trial 925 with value: 0.11855151339143415.
[I 2026-05-28 23:57:54,929] Trial 939 finished with value: 0.12960479710457207 and parameters: {'ISTN': 60.54623937461798, 'I_gpe': 1.2621116082300174, 'I_gpi': 2.2104705199241192, 'noise_stn_sigma': 2.092484201570217, 'noise_gpe_sigma': 93.85788899523426, 'noise_gpi_sigma': 84.22386866523965, 'g_stn_gpe_mult': 2.678454406183363, 'g_gpe_stn_mult': 0.1728064134134542, 'g_stn_gpi_mult': 2.0306762875787867, 'g_gpe_gpi_mult': 1.1629917597675572}. Best is trial 925 with value: 0.11855151339143415.
[I 2026-05-28 23:57:55,937] Trial 940 finished with value: 0.12002947849108679 and parameters: {'ISTN': 60.973618088799476, 'I_gpe': 1.2535573429577003, 'I_gpi': 2.147924692229333, 'noise_stn_sigma': 2.1930916435593413, 'noise_gpe_sigma': 99.3676072669517, 'noise_gpi_sigma': 83.29821613369776, 'g_stn_gpe_mult': 2.806954837513717, 'g_gpe_stn_mult': 0.15709757038602823, 'g_stn_gpi_mult': 2.0281537754613717, 'g_gpe_gpi_mult': 1.1749017406500395}. Best is trial 925 with value: 0.11855151339143415.
[I 2026-05-28 23:57:56,944] Trial 941 finished with value: 0.13379959805843245 and parameters: {'ISTN': 61.55177121083911, 'I_gpe': 1.2821820552238474, 'I_gpi': 2.1877449250303647, 'noise_stn_sigma': 2.415460815919441, 'noise_gpe_sigma': 96.96867138457438, 'noise_gpi_sigma': 81.89247802420996, 'g_stn_gpe_mult': 2.848810525780463, 'g_gpe_stn_mult': 0.15826707599715228, 'g_stn_gpi_mult': 2.1025183260618707, 'g_gpe_gpi_mult': 1.158211667953173}. Best is trial 925 with value: 0.11855151339143415.
[I 2026-05-28 23:57:57,950] Trial 942 finished with value: 0.12068775887589718 and parameters: {'ISTN': 60.34127340945184, 'I_gpe': 1.3610161448330154, 'I_gpi': 2.1349782162236037, 'noise_stn_sigma': 2.2330242659992585, 'noise_gpe_sigma': 100.92630621712983, 'noise_gpi_sigma': 84.70936147832654, 'g_stn_gpe_mult': 2.835009215409811, 'g_gpe_stn_mult': 0.16923299142371803, 'g_stn_gpi_mult': 2.0462280274041538, 'g_gpe_gpi_mult': 1.1926508130703068}. Best is trial 925 with value: 0.11855151339143415.
[I 2026-05-28 23:57:58,955] Trial 943 finished with value: 0.12703935965226248 and parameters: {'ISTN': 60.862489560514234, 'I_gpe': 1.2564198648099778, 'I_gpi': 2.1695147668755235, 'noise_stn_sigma': 2.086299522617432, 'noise_gpe_sigma': 100.27696018931184, 'noise_gpi_sigma': 89.97458199668546, 'g_stn_gpe_mult': 2.8013587831831455, 'g_gpe_stn_mult': 0.16723715313730853, 'g_stn_gpi_mult': 2.0374983106128877, 'g_gpe_gpi_mult': 1.1556566522918958}. Best is trial 925 with value: 0.11855151339143415.
[I 2026-05-28 23:57:59,961] Trial 944 finished with value: 0.12598459768217077 and parameters: {'ISTN': 61.424836787977966, 'I_gpe': 1.2312053218135897, 'I_gpi': 2.1307428316145565, 'noise_stn_sigma': 2.403442475945764, 'noise_gpe_sigma': 100.45945400321648, 'noise_gpi_sigma': 86.11766519532266, 'g_stn_gpe_mult': 2.905578530795327, 'g_gpe_stn_mult': 0.15531906267949178, 'g_stn_gpi_mult': 1.9166427613492716, 'g_gpe_gpi_mult': 1.1333490107129427}. Best is trial 925 with value: 0.11855151339143415.
[I 2026-05-28 23:58:00,969] Trial 945 finished with value: 0.619374642835969 and parameters: {'ISTN': 61.44433192443584, 'I_gpe': 1.2514878440502222, 'I_gpi': 2.167981647177271, 'noise_stn_sigma': 2.257358742666706, 'noise_gpe_sigma': 99.57768933848698, 'noise_gpi_sigma': 78.80447833213947, 'g_stn_gpe_mult': 2.8948152807318093, 'g_gpe_stn_mult': 0.1405218135944281, 'g_stn_gpi_mult': 1.9952665208840068, 'g_gpe_gpi_mult': 1.1116034626567604}. Best is trial 925 with value: 0.11855151339143415.
[I 2026-05-28 23:58:01,977] Trial 946 finished with value: 0.1441637152437597 and parameters: {'ISTN': 61.39885288006608, 'I_gpe': 1.213235259368089, 'I_gpi': 2.084923500549261, 'noise_stn_sigma': 2.068837524491011, 'noise_gpe_sigma': 99.35123271068399, 'noise_gpi_sigma': 77.1036543746881, 'g_stn_gpe_mult': 2.81942346877418, 'g_gpe_stn_mult': 0.15699523776822075, 'g_stn_gpi_mult': 2.0038700405299013, 'g_gpe_gpi_mult': 1.172878909130398}. Best is trial 925 with value: 0.11855151339143415.
[I 2026-05-28 23:58:02,986] Trial 947 finished with value: 0.6113211545460259 and parameters: {'ISTN': 60.86236909695419, 'I_gpe': 1.3858493749201124, 'I_gpi': 2.1530437018964106, 'noise_stn_sigma': 2.257814410402321, 'noise_gpe_sigma': 98.4251041964512, 'noise_gpi_sigma': 91.36340819143466, 'g_stn_gpe_mult': 2.7890371458487833, 'g_gpe_stn_mult': 0.14744315644991124, 'g_stn_gpi_mult': 1.9901910639577032, 'g_gpe_gpi_mult': 1.1286347600134599}. Best is trial 925 with value: 0.11855151339143415.
[I 2026-05-28 23:58:03,994] Trial 948 finished with value: 0.11905947592779909 and parameters: {'ISTN': 60.06680231912821, 'I_gpe': 1.2705570321480268, 'I_gpi': 2.118874366532164, 'noise_stn_sigma': 2.017845538937843, 'noise_gpe_sigma': 106.16707840151251, 'noise_gpi_sigma': 85.07332238441495, 'g_stn_gpe_mult': 2.8333704268288633, 'g_gpe_stn_mult': 0.1745323405171469, 'g_stn_gpi_mult': 2.0483632458996563, 'g_gpe_gpi_mult': 1.1992033116784813}. Best is trial 925 with value: 0.11855151339143415.
[I 2026-05-28 23:58:05,001] Trial 949 finished with value: 0.13722463544298946 and parameters: {'ISTN': 60.72253425941897, 'I_gpe': 1.1702753533586532, 'I_gpi': 2.157976578083791, 'noise_stn_sigma': 2.2558904887126356, 'noise_gpe_sigma': 100.54600411544537, 'noise_gpi_sigma': 84.72469888548866, 'g_stn_gpe_mult': 2.835075953214777, 'g_gpe_stn_mult': 0.1809042693569546, 'g_stn_gpi_mult': 1.9633962915547394, 'g_gpe_gpi_mult': 1.1544200824908968}. Best is trial 925 with value: 0.11855151339143415.
[I 2026-05-28 23:58:06,010] Trial 950 finished with value: 0.47528584262908036 and parameters: {'ISTN': 61.2436698927469, 'I_gpe': 1.247894152027178, 'I_gpi': 2.1447583830075074, 'noise_stn_sigma': 1.955468993343212, 'noise_gpe_sigma': 99.63405236808649, 'noise_gpi_sigma': 86.10218458590953, 'g_stn_gpe_mult': 2.7850259040819108, 'g_gpe_stn_mult': 0.15085349891631555, 'g_stn_gpi_mult': 2.0549204388292663, 'g_gpe_gpi_mult': 1.135039054600185}. Best is trial 925 with value: 0.11855151339143415.
[I 2026-05-28 23:58:07,019] Trial 951 finished with value: 0.12297116609058902 and parameters: {'ISTN': 60.35951539565468, 'I_gpe': 1.3200993563604797, 'I_gpi': 2.1546556374801074, 'noise_stn_sigma': 1.98420301629667, 'noise_gpe_sigma': 104.91514869412376, 'noise_gpi_sigma': 87.22205541829352, 'g_stn_gpe_mult': 2.7980460764508868, 'g_gpe_stn_mult': 0.17474499000880617, 'g_stn_gpi_mult': 2.0137841071827323, 'g_gpe_gpi_mult': 1.160993161432328}. Best is trial 925 with value: 0.11855151339143415.
[I 2026-05-28 23:58:08,024] Trial 952 finished with value: 0.1263176240396814 and parameters: {'ISTN': 60.81958214234999, 'I_gpe': 1.2988157214633538, 'I_gpi': 2.121829858537656, 'noise_stn_sigma': 2.3349230889508643, 'noise_gpe_sigma': 100.22015643867017, 'noise_gpi_sigma': 89.74016465285821, 'g_stn_gpe_mult': 2.739228479439772, 'g_gpe_stn_mult': 0.15390716039964158, 'g_stn_gpi_mult': 1.9284257927975297, 'g_gpe_gpi_mult': 1.1809276542538212}. Best is trial 925 with value: 0.11855151339143415.
[I 2026-05-28 23:58:09,033] Trial 953 finished with value: 0.12876798964743394 and parameters: {'ISTN': 60.57947970603284, 'I_gpe': 1.3290163542062667, 'I_gpi': 2.238508604101394, 'noise_stn_sigma': 2.330778244803766, 'noise_gpe_sigma': 102.01200751764745, 'noise_gpi_sigma': 88.11470895262028, 'g_stn_gpe_mult': 2.731298889194374, 'g_gpe_stn_mult': 0.1688417810112059, 'g_stn_gpi_mult': 2.078573888835566, 'g_gpe_gpi_mult': 1.1667572492399725}. Best is trial 925 with value: 0.11855151339143415.
[I 2026-05-28 23:58:10,037] Trial 954 finished with value: 0.13269520386573447 and parameters: {'ISTN': 61.28634758463411, 'I_gpe': 1.2771690788967642, 'I_gpi': 2.0939407619747374, 'noise_stn_sigma': 1.9545743655740053, 'noise_gpe_sigma': 102.52589560738627, 'noise_gpi_sigma': 83.26113513985135, 'g_stn_gpe_mult': 2.7884499156412, 'g_gpe_stn_mult': 0.17761741315696292, 'g_stn_gpi_mult': 2.073818009874172, 'g_gpe_gpi_mult': 1.1823658078021329}. Best is trial 925 with value: 0.11855151339143415.
[I 2026-05-28 23:58:11,045] Trial 955 finished with value: 0.12092762211958016 and parameters: {'ISTN': 60.320053643503584, 'I_gpe': 1.2667078966270933, 'I_gpi': 2.1243694962353823, 'noise_stn_sigma': 2.0355390754066747, 'noise_gpe_sigma': 103.43177774920936, 'noise_gpi_sigma': 88.38587614154925, 'g_stn_gpe_mult': 2.8411329247595827, 'g_gpe_stn_mult': 0.1766524669055764, 'g_stn_gpi_mult': 2.0608952447157733, 'g_gpe_gpi_mult': 1.1852804802515107}. Best is trial 925 with value: 0.11855151339143415.
[I 2026-05-28 23:58:12,051] Trial 956 finished with value: 0.1284313420828648 and parameters: {'ISTN': 60.25174182189257, 'I_gpe': 1.360212562523167, 'I_gpi': 2.1427151203710055, 'noise_stn_sigma': 2.238826472846123, 'noise_gpe_sigma': 104.23983059430746, 'noise_gpi_sigma': 86.75143867211648, 'g_stn_gpe_mult': 2.806184660765334, 'g_gpe_stn_mult': 0.15865094224199444, 'g_stn_gpi_mult': 2.0789785326732586, 'g_gpe_gpi_mult': 1.1586142965629398}. Best is trial 925 with value: 0.11855151339143415.
[I 2026-05-28 23:58:13,059] Trial 957 finished with value: 0.1197380757410735 and parameters: {'ISTN': 60.7782797443365, 'I_gpe': 1.2781319198887342, 'I_gpi': 2.089695052175699, 'noise_stn_sigma': 2.067257191195571, 'noise_gpe_sigma': 102.67324818156688, 'noise_gpi_sigma': 85.45803199393727, 'g_stn_gpe_mult': 2.8507583029305246, 'g_gpe_stn_mult': 0.16461445183126383, 'g_stn_gpi_mult': 2.0082863335994388, 'g_gpe_gpi_mult': 1.157655485796798}. Best is trial 925 with value: 0.11855151339143415.
[I 2026-05-28 23:58:14,065] Trial 958 finished with value: 0.1263270815115699 and parameters: {'ISTN': 60.7464334337442, 'I_gpe': 1.346990936818791, 'I_gpi': 2.05912473258479, 'noise_stn_sigma': 2.1574487114535534, 'noise_gpe_sigma': 106.93485547747268, 'noise_gpi_sigma': 83.85146081635948, 'g_stn_gpe_mult': 2.845578578112309, 'g_gpe_stn_mult': 0.15735013039831755, 'g_stn_gpi_mult': 2.0843608626525274, 'g_gpe_gpi_mult': 1.175382466779242}. Best is trial 925 with value: 0.11855151339143415.
[I 2026-05-28 23:58:15,072] Trial 959 finished with value: 0.12503482954133419 and parameters: {'ISTN': 60.786117029587295, 'I_gpe': 1.3482742442311226, 'I_gpi': 2.124470908957726, 'noise_stn_sigma': 2.4671609297598756, 'noise_gpe_sigma': 99.81616314722167, 'noise_gpi_sigma': 83.7250915424278, 'g_stn_gpe_mult': 2.8186493356220357, 'g_gpe_stn_mult': 0.1576534490573286, 'g_stn_gpi_mult': 2.09787174160381, 'g_gpe_gpi_mult': 1.1654039140231185}. Best is trial 925 with value: 0.11855151339143415.
[I 2026-05-28 23:58:16,078] Trial 960 finished with value: 0.11799995208881166 and parameters: {'ISTN': 60.054495424253545, 'I_gpe': 1.268971678440323, 'I_gpi': 2.0982285815798956, 'noise_stn_sigma': 2.0350598714269053, 'noise_gpe_sigma': 104.3063843582202, 'noise_gpi_sigma': 84.01542074458204, 'g_stn_gpe_mult': 2.955838037255181, 'g_gpe_stn_mult': 0.17577777539060502, 'g_stn_gpi_mult': 1.9603733286721106, 'g_gpe_gpi_mult': 1.1827964443099184}. Best is trial 960 with value: 0.11799995208881166.
[I 2026-05-28 23:58:17,085] Trial 961 finished with value: 0.12367586195884116 and parameters: {'ISTN': 60.75747728828975, 'I_gpe': 1.2253694794766674, 'I_gpi': 2.1647449094269167, 'noise_stn_sigma': 2.303116807715534, 'noise_gpe_sigma': 101.82378356048828, 'noise_gpi_sigma': 83.93371148628103, 'g_stn_gpe_mult': 2.895996593843366, 'g_gpe_stn_mult': 0.17548668702352835, 'g_stn_gpi_mult': 1.9472028849057739, 'g_gpe_gpi_mult': 1.1462376799243164}. Best is trial 960 with value: 0.11799995208881166.
[I 2026-05-28 23:58:18,093] Trial 962 finished with value: 0.12201032884475663 and parameters: {'ISTN': 60.1836557001064, 'I_gpe': 1.2892191527903782, 'I_gpi': 2.053535373591651, 'noise_stn_sigma': 2.0294973854507568, 'noise_gpe_sigma': 102.45062942374368, 'noise_gpi_sigma': 86.78286001704812, 'g_stn_gpe_mult': 2.851599948411055, 'g_gpe_stn_mult': 0.17061374029547863, 'g_stn_gpi_mult': 2.1082740752692453, 'g_gpe_gpi_mult': 1.193749834392416}. Best is trial 960 with value: 0.11799995208881166.
[I 2026-05-28 23:58:19,101] Trial 963 finished with value: 0.13066047979073195 and parameters: {'ISTN': 61.20273202463649, 'I_gpe': 1.2616308081302474, 'I_gpi': 2.0522388341691764, 'noise_stn_sigma': 2.1923919051317435, 'noise_gpe_sigma': 107.18154499751404, 'noise_gpi_sigma': 87.79224082312953, 'g_stn_gpe_mult': 2.8260121149359714, 'g_gpe_stn_mult': 0.16161229201065225, 'g_stn_gpi_mult': 1.9677838932623677, 'g_gpe_gpi_mult': 1.1713491594812704}. Best is trial 960 with value: 0.11799995208881166.
[I 2026-05-28 23:58:20,109] Trial 964 finished with value: 0.13475495290417774 and parameters: {'ISTN': 60.197508560401126, 'I_gpe': 1.3877949093472828, 'I_gpi': 2.0155869426487505, 'noise_stn_sigma': 2.7028898637680965, 'noise_gpe_sigma': 96.06215640433442, 'noise_gpi_sigma': 89.49040802922676, 'g_stn_gpe_mult': 2.819447560074293, 'g_gpe_stn_mult': 0.16602956656629753, 'g_stn_gpi_mult': 2.0219228463215186, 'g_gpe_gpi_mult': 1.1812663526700826}. Best is trial 960 with value: 0.11799995208881166.
[I 2026-05-28 23:58:21,117] Trial 965 finished with value: 0.11998717525740293 and parameters: {'ISTN': 60.24717881233112, 'I_gpe': 1.3065734397577522, 'I_gpi': 2.128675248056541, 'noise_stn_sigma': 2.220408121474132, 'noise_gpe_sigma': 98.86106066285507, 'noise_gpi_sigma': 79.85724264838322, 'g_stn_gpe_mult': 2.8165876529116005, 'g_gpe_stn_mult': 0.18089057146503362, 'g_stn_gpi_mult': 2.130062538602512, 'g_gpe_gpi_mult': 1.1975851808099727}. Best is trial 960 with value: 0.11799995208881166.
[I 2026-05-28 23:58:22,122] Trial 966 finished with value: 0.42110385921773574 and parameters: {'ISTN': 60.623955856115515, 'I_gpe': 1.2708011587031334, 'I_gpi': 2.07027904074238, 'noise_stn_sigma': 2.1512048314657033, 'noise_gpe_sigma': 99.01896178013776, 'noise_gpi_sigma': 83.02909626070998, 'g_stn_gpe_mult': 2.854645649984246, 'g_gpe_stn_mult': 0.1398274545535459, 'g_stn_gpi_mult': 1.8761885228489295, 'g_gpe_gpi_mult': 1.1328591180774195}. Best is trial 960 with value: 0.11799995208881166.
[I 2026-05-28 23:58:23,129] Trial 967 finished with value: 0.12357777393002821 and parameters: {'ISTN': 60.301293194262755, 'I_gpe': 1.2169651332847824, 'I_gpi': 2.199546432116665, 'noise_stn_sigma': 1.9358503767875985, 'noise_gpe_sigma': 104.73332177957924, 'noise_gpi_sigma': 83.5160710532668, 'g_stn_gpe_mult': 3.01636305982061, 'g_gpe_stn_mult': 0.17476848773175846, 'g_stn_gpi_mult': 1.9375504073965883, 'g_gpe_gpi_mult': 1.1917909842189534}. Best is trial 960 with value: 0.11799995208881166.
