[I 2026-05-28 23:39:14,096] Trial 836 finished with value: 1.6807127164947646 and parameters: {'ISTN': 60.86903662812042, 'I_gpe': 1.3899405248108931, 'I_gpi': 2.2206837687780063, 'noise_stn_sigma': 7.017976394046778, 'noise_gpe_sigma': 128.56319083801438, 'noise_gpi_sigma': 101.3489617790602, 'g_stn_gpe_mult': 2.9610286362231806, 'g_gpe_stn_mult': 0.5071639963346632, 'g_stn_gpi_mult': 3.1907502630165383, 'g_gpe_gpi_mult': 0.5021887828216108}. Best is trial 713 with value: 0.3772786202081809.
[I 2026-05-28 23:39:15,044] Trial 837 finished with value: 1000000.0 and parameters: {'ISTN': 60.53447355435191, 'I_gpe': 1.3533654069695347, 'I_gpi': 2.15853418789185, 'noise_stn_sigma': 6.8805393161157316, 'noise_gpe_sigma': 127.48641081443421, 'noise_gpi_sigma': 100.44756930742187, 'g_stn_gpe_mult': 2.977234457477751, 'g_gpe_stn_mult': 0.504673175823893, 'g_stn_gpi_mult': 3.2144147494403126, 'g_gpe_gpi_mult': 0.4976118993166914}. Best is trial 713 with value: 0.3772786202081809.
[I 2026-05-28 23:39:16,054] Trial 838 finished with value: 0.7719507537430791 and parameters: {'ISTN': 60.34345761113746, 'I_gpe': 1.366081238096893, 'I_gpi': 2.0840767102252373, 'noise_stn_sigma': 6.965255622222767, 'noise_gpe_sigma': 127.88591262968535, 'noise_gpi_sigma': 100.41506530387602, 'g_stn_gpe_mult': 2.985524915654386, 'g_gpe_stn_mult': 0.5051631632267913, 'g_stn_gpi_mult': 3.2055776684105135, 'g_gpe_gpi_mult': 0.4967603591271148}. Best is trial 713 with value: 0.3772786202081809.
[I 2026-05-28 23:39:17,066] Trial 839 finished with value: 1.7349559416902007 and parameters: {'ISTN': 60.592252374165085, 'I_gpe': 1.3683370469940184, 'I_gpi': 2.1912774405464717, 'noise_stn_sigma': 6.863963402679528, 'noise_gpe_sigma': 129.08602933263913, 'noise_gpi_sigma': 100.78814901669709, 'g_stn_gpe_mult': 2.9974172608141094, 'g_gpe_stn_mult': 0.5047108941446605, 'g_stn_gpi_mult': 3.214155900600579, 'g_gpe_gpi_mult': 0.49834728174802395}. Best is trial 713 with value: 0.3772786202081809.
[I 2026-05-28 23:39:18,075] Trial 840 finished with value: 0.9245119200928964 and parameters: {'ISTN': 60.44297014744386, 'I_gpe': 1.4052263885801008, 'I_gpi': 2.1374215297353825, 'noise_stn_sigma': 6.915351347284084, 'noise_gpe_sigma': 128.0469484520435, 'noise_gpi_sigma': 102.69065096840575, 'g_stn_gpe_mult': 2.9634560738845854, 'g_gpe_stn_mult': 0.5038966650569349, 'g_stn_gpi_mult': 3.182970699629937, 'g_gpe_gpi_mult': 0.4972412016656867}. Best is trial 713 with value: 0.3772786202081809.
[I 2026-05-28 23:39:19,086] Trial 841 finished with value: 3.1530728527418908 and parameters: {'ISTN': 61.39470553295777, 'I_gpe': 1.4147546684278043, 'I_gpi': 2.1079190213627634, 'noise_stn_sigma': 6.999774204702212, 'noise_gpe_sigma': 125.52401332375784, 'noise_gpi_sigma': 102.2196806525637, 'g_stn_gpe_mult': 2.957101936708444, 'g_gpe_stn_mult': 0.5063121778120974, 'g_stn_gpi_mult': 3.1259569091985737, 'g_gpe_gpi_mult': 0.5111088979879205}. Best is trial 713 with value: 0.3772786202081809.
[I 2026-05-28 23:39:20,094] Trial 842 finished with value: 0.6865800979916867 and parameters: {'ISTN': 60.271605108075555, 'I_gpe': 1.3803874341183366, 'I_gpi': 2.0473454156969764, 'noise_stn_sigma': 6.890161710189609, 'noise_gpe_sigma': 128.07175735597758, 'noise_gpi_sigma': 102.3273276667048, 'g_stn_gpe_mult': 2.968621652500671, 'g_gpe_stn_mult': 0.501045338899095, 'g_stn_gpi_mult': 3.1876362010584827, 'g_gpe_gpi_mult': 0.495688697431239}. Best is trial 713 with value: 0.3772786202081809.
[I 2026-05-28 23:39:21,103] Trial 843 finished with value: 1.6065344706182292 and parameters: {'ISTN': 60.38678605856135, 'I_gpe': 1.3852378676176835, 'I_gpi': 2.0571826398985777, 'noise_stn_sigma': 7.021839573851496, 'noise_gpe_sigma': 126.92997341799631, 'noise_gpi_sigma': 103.374033316163, 'g_stn_gpe_mult': 2.978561204399294, 'g_gpe_stn_mult': 0.4912233137378338, 'g_stn_gpi_mult': 3.1957948384176142, 'g_gpe_gpi_mult': 0.5079419290821974}. Best is trial 713 with value: 0.3772786202081809.
[I 2026-05-28 23:39:22,114] Trial 844 finished with value: 0.3760373389996708 and parameters: {'ISTN': 60.23239897613053, 'I_gpe': 1.3558745853171752, 'I_gpi': 2.140347244068683, 'noise_stn_sigma': 7.00270046623487, 'noise_gpe_sigma': 127.41489222079522, 'noise_gpi_sigma': 101.71446286688074, 'g_stn_gpe_mult': 2.9727606503483406, 'g_gpe_stn_mult': 0.5011516295139457, 'g_stn_gpi_mult': 3.153046231680904, 'g_gpe_gpi_mult': 0.5043279995635086}. Best is trial 844 with value: 0.3760373389996708.
[I 2026-05-28 23:39:23,121] Trial 845 finished with value: 0.8908173852591903 and parameters: {'ISTN': 60.2542351647258, 'I_gpe': 1.3572086680082807, 'I_gpi': 2.028694161325227, 'noise_stn_sigma': 6.957956378993377, 'noise_gpe_sigma': 128.25408056967723, 'noise_gpi_sigma': 103.44523463416066, 'g_stn_gpe_mult': 2.931931903131164, 'g_gpe_stn_mult': 0.5028998169518946, 'g_stn_gpi_mult': 3.183529588175653, 'g_gpe_gpi_mult': 0.4968186206104988}. Best is trial 844 with value: 0.3760373389996708.
[I 2026-05-28 23:39:24,130] Trial 846 finished with value: 0.6434058473055992 and parameters: {'ISTN': 60.65109729317444, 'I_gpe': 1.3950740132280082, 'I_gpi': 2.0637313674314193, 'noise_stn_sigma': 6.955109269552893, 'noise_gpe_sigma': 127.25948492740665, 'noise_gpi_sigma': 101.66989273169405, 'g_stn_gpe_mult': 2.974990070380325, 'g_gpe_stn_mult': 0.5026692062075185, 'g_stn_gpi_mult': 3.1774387617118953, 'g_gpe_gpi_mult': 0.49136078304275477}. Best is trial 844 with value: 0.3760373389996708.
[I 2026-05-28 23:39:25,135] Trial 847 finished with value: 0.840517107753498 and parameters: {'ISTN': 60.51783978104998, 'I_gpe': 1.3787207228563312, 'I_gpi': 2.055998978264239, 'noise_stn_sigma': 7.053511998368501, 'noise_gpe_sigma': 128.37331324340778, 'noise_gpi_sigma': 102.10688413701602, 'g_stn_gpe_mult': 3.0285829525666155, 'g_gpe_stn_mult': 0.49571516242454705, 'g_stn_gpi_mult': 3.2279507153429714, 'g_gpe_gpi_mult': 0.5038827097856469}. Best is trial 844 with value: 0.3760373389996708.
[I 2026-05-28 23:39:26,143] Trial 848 finished with value: 1.243286807634789 and parameters: {'ISTN': 60.43721103461378, 'I_gpe': 1.3996291644821, 'I_gpi': 2.1398331585214914, 'noise_stn_sigma': 6.90480755166063, 'noise_gpe_sigma': 128.3631428269555, 'noise_gpi_sigma': 102.22102592006671, 'g_stn_gpe_mult': 2.9941018460077817, 'g_gpe_stn_mult': 0.49556485295684705, 'g_stn_gpi_mult': 3.1865879505739128, 'g_gpe_gpi_mult': 0.49419234413335555}. Best is trial 844 with value: 0.3760373389996708.
[I 2026-05-28 23:39:27,152] Trial 849 finished with value: 3.1190612072022135 and parameters: {'ISTN': 61.04693529947768, 'I_gpe': 1.3743130160886872, 'I_gpi': 2.054302941253649, 'noise_stn_sigma': 6.922003006052476, 'noise_gpe_sigma': 125.71942370062546, 'noise_gpi_sigma': 101.76393726115931, 'g_stn_gpe_mult': 2.988322145920291, 'g_gpe_stn_mult': 0.5086718124642977, 'g_stn_gpi_mult': 3.2044903610406466, 'g_gpe_gpi_mult': 0.48708215875923544}. Best is trial 844 with value: 0.3760373389996708.
[I 2026-05-28 23:39:28,160] Trial 850 finished with value: 1.2742748611386943 and parameters: {'ISTN': 60.482411369989435, 'I_gpe': 1.358620718476736, 'I_gpi': 2.130198419016003, 'noise_stn_sigma': 6.96592391452397, 'noise_gpe_sigma': 129.055621155417, 'noise_gpi_sigma': 101.23467304300287, 'g_stn_gpe_mult': 2.9277165438098933, 'g_gpe_stn_mult': 0.5053549137079207, 'g_stn_gpi_mult': 3.13361618355803, 'g_gpe_gpi_mult': 0.4957435040219212}. Best is trial 844 with value: 0.3760373389996708.
[I 2026-05-28 23:39:29,170] Trial 851 finished with value: 0.5792105494541654 and parameters: {'ISTN': 61.150169847005074, 'I_gpe': 1.3740263892491549, 'I_gpi': 2.184098419875834, 'noise_stn_sigma': 6.821845054361246, 'noise_gpe_sigma': 127.25221492519103, 'noise_gpi_sigma': 100.61104924150179, 'g_stn_gpe_mult': 2.9571538700052926, 'g_gpe_stn_mult': 0.5225162475330228, 'g_stn_gpi_mult': 3.214853479429932, 'g_gpe_gpi_mult': 0.4900335655922107}. Best is trial 844 with value: 0.3760373389996708.
[I 2026-05-28 23:39:30,178] Trial 852 finished with value: 3.106173892465353 and parameters: {'ISTN': 60.94345030853379, 'I_gpe': 1.3684175440964212, 'I_gpi': 2.119505981721016, 'noise_stn_sigma': 6.963819624863044, 'noise_gpe_sigma': 128.93754667273998, 'noise_gpi_sigma': 101.4263621186631, 'g_stn_gpe_mult': 2.978430658656446, 'g_gpe_stn_mult': 0.5075108988384693, 'g_stn_gpi_mult': 3.201411335310282, 'g_gpe_gpi_mult': 0.5067787819069454}. Best is trial 844 with value: 0.3760373389996708.
[I 2026-05-28 23:39:31,185] Trial 853 finished with value: 0.45760534850798384 and parameters: {'ISTN': 60.84945602171525, 'I_gpe': 1.3609840646587537, 'I_gpi': 2.1393653759527997, 'noise_stn_sigma': 6.89991404806554, 'noise_gpe_sigma': 125.93768920555623, 'noise_gpi_sigma': 100.59401778714779, 'g_stn_gpe_mult': 2.9768150334152885, 'g_gpe_stn_mult': 0.5185854518766837, 'g_stn_gpi_mult': 3.177248035197289, 'g_gpe_gpi_mult': 0.4984026442667145}. Best is trial 844 with value: 0.3760373389996708.
[I 2026-05-28 23:39:32,192] Trial 854 finished with value: 0.38462074762428433 and parameters: {'ISTN': 60.60084657300131, 'I_gpe': 1.372293586816557, 'I_gpi': 2.120121596891847, 'noise_stn_sigma': 7.022011934637282, 'noise_gpe_sigma': 126.87550511010353, 'noise_gpi_sigma': 101.13948094068715, 'g_stn_gpe_mult': 2.99585269739764, 'g_gpe_stn_mult': 0.5086398356022453, 'g_stn_gpi_mult': 3.199953662451256, 'g_gpe_gpi_mult': 0.5004093923722497}. Best is trial 844 with value: 0.3760373389996708.
[I 2026-05-28 23:39:33,200] Trial 855 finished with value: 0.3684472722325858 and parameters: {'ISTN': 60.42650841938058, 'I_gpe': 1.374483488270723, 'I_gpi': 2.0666027215256193, 'noise_stn_sigma': 7.05363228017545, 'noise_gpe_sigma': 127.78002570476296, 'noise_gpi_sigma': 102.74451902684673, 'g_stn_gpe_mult': 2.992461582029525, 'g_gpe_stn_mult': 0.5007496477144556, 'g_stn_gpi_mult': 3.179859330612897, 'g_gpe_gpi_mult': 0.49840040116902484}. Best is trial 855 with value: 0.3684472722325858.
[I 2026-05-28 23:39:34,209] Trial 856 finished with value: 4.129654988795805 and parameters: {'ISTN': 60.63816452346982, 'I_gpe': 1.3476081120687347, 'I_gpi': 2.093191847280197, 'noise_stn_sigma': 6.920160796633057, 'noise_gpe_sigma': 129.17657357191445, 'noise_gpi_sigma': 100.21387126033044, 'g_stn_gpe_mult': 2.964223036089273, 'g_gpe_stn_mult': 0.49338670616795965, 'g_stn_gpi_mult': 3.143419662426291, 'g_gpe_gpi_mult': 0.4972477933721382}. Best is trial 855 with value: 0.3684472722325858.
[I 2026-05-28 23:39:35,216] Trial 857 finished with value: 0.9917861557779933 and parameters: {'ISTN': 60.390186893252235, 'I_gpe': 1.3798378038057326, 'I_gpi': 2.0704639709337624, 'noise_stn_sigma': 6.970244631566003, 'noise_gpe_sigma': 127.57348075469594, 'noise_gpi_sigma': 100.93462245252466, 'g_stn_gpe_mult': 2.9519231296598445, 'g_gpe_stn_mult': 0.5105431423495348, 'g_stn_gpi_mult': 3.2023751331779224, 'g_gpe_gpi_mult': 0.5016187436260717}. Best is trial 855 with value: 0.3684472722325858.
[I 2026-05-28 23:39:36,225] Trial 858 finished with value: 1.1955962759717673 and parameters: {'ISTN': 60.68094600700542, 'I_gpe': 1.3601685539527346, 'I_gpi': 2.1376844056047615, 'noise_stn_sigma': 6.956750234083978, 'noise_gpe_sigma': 127.2435813165236, 'noise_gpi_sigma': 100.22927086256652, 'g_stn_gpe_mult': 2.963939853050624, 'g_gpe_stn_mult': 0.5133060534369118, 'g_stn_gpi_mult': 3.187846321626883, 'g_gpe_gpi_mult': 0.500744269309533}. Best is trial 855 with value: 0.3684472722325858.
[I 2026-05-28 23:39:37,233] Trial 859 finished with value: 0.6011935622263596 and parameters: {'ISTN': 60.77696340350246, 'I_gpe': 1.3607219269166404, 'I_gpi': 2.1049617645813674, 'noise_stn_sigma': 6.956321063504409, 'noise_gpe_sigma': 127.71835296602106, 'noise_gpi_sigma': 101.33681138475774, 'g_stn_gpe_mult': 2.9951086668543323, 'g_gpe_stn_mult': 0.5125886384594873, 'g_stn_gpi_mult': 3.188270339890254, 'g_gpe_gpi_mult': 0.49604772131756847}. Best is trial 855 with value: 0.3684472722325858.
[I 2026-05-28 23:39:38,243] Trial 860 finished with value: 0.37113964651524695 and parameters: {'ISTN': 60.147400401890735, 'I_gpe': 1.384794162097148, 'I_gpi': 2.13797735440382, 'noise_stn_sigma': 6.907132710448102, 'noise_gpe_sigma': 127.06750921802171, 'noise_gpi_sigma': 102.35756731087072, 'g_stn_gpe_mult': 2.9700374178235185, 'g_gpe_stn_mult': 0.5050571135651156, 'g_stn_gpi_mult': 3.1988643647568855, 'g_gpe_gpi_mult': 0.5004010883223101}. Best is trial 855 with value: 0.3684472722325858.
[I 2026-05-28 23:39:39,253] Trial 861 finished with value: 0.39498056629590456 and parameters: {'ISTN': 60.28778607251976, 'I_gpe': 1.3741117984706237, 'I_gpi': 2.0939406062316093, 'noise_stn_sigma': 7.020031206164177, 'noise_gpe_sigma': 126.61595178209475, 'noise_gpi_sigma': 102.28992352498808, 'g_stn_gpe_mult': 2.9591551136607794, 'g_gpe_stn_mult': 0.5040115144416636, 'g_stn_gpi_mult': 3.1854982312038094, 'g_gpe_gpi_mult': 0.49727495407294137}. Best is trial 855 with value: 0.3684472722325858.
[I 2026-05-28 23:39:40,261] Trial 862 finished with value: 0.5467482833873304 and parameters: {'ISTN': 60.47603681822642, 'I_gpe': 1.3853353177487149, 'I_gpi': 2.1609980472259442, 'noise_stn_sigma': 6.907301865544646, 'noise_gpe_sigma': 128.1524797097618, 'noise_gpi_sigma': 102.0874526886597, 'g_stn_gpe_mult': 2.9328792314239736, 'g_gpe_stn_mult': 0.5088803219609609, 'g_stn_gpi_mult': 3.174007199299852, 'g_gpe_gpi_mult': 0.5005424229295226}. Best is trial 855 with value: 0.3684472722325858.
[I 2026-05-28 23:39:41,269] Trial 863 finished with value: 2.428727967691476 and parameters: {'ISTN': 60.8564140712313, 'I_gpe': 1.3623069261035425, 'I_gpi': 2.1129522314957048, 'noise_stn_sigma': 7.060857156686673, 'noise_gpe_sigma': 126.59058382587543, 'noise_gpi_sigma': 103.01484688382982, 'g_stn_gpe_mult': 2.9965180023764195, 'g_gpe_stn_mult': 0.504512809113277, 'g_stn_gpi_mult': 3.206075461639342, 'g_gpe_gpi_mult': 0.4890162629631799}. Best is trial 855 with value: 0.3684472722325858.
[I 2026-05-28 23:39:42,278] Trial 864 finished with value: 0.38768031014258775 and parameters: {'ISTN': 60.254267792472675, 'I_gpe': 1.3844111520714015, 'I_gpi': 2.104750466982873, 'noise_stn_sigma': 6.981204328947823, 'noise_gpe_sigma': 126.44220115815793, 'noise_gpi_sigma': 102.6381973717735, 'g_stn_gpe_mult': 2.977792693134542, 'g_gpe_stn_mult': 0.5050701684426563, 'g_stn_gpi_mult': 3.173385558983851, 'g_gpe_gpi_mult': 0.49284048594353813}. Best is trial 855 with value: 0.3684472722325858.
[I 2026-05-28 23:39:43,286] Trial 865 finished with value: 0.808618925246967 and parameters: {'ISTN': 60.20767832792499, 'I_gpe': 1.3689555095455006, 'I_gpi': 2.101581869453076, 'noise_stn_sigma': 6.926576671275839, 'noise_gpe_sigma': 128.62350661361833, 'noise_gpi_sigma': 101.12825219383404, 'g_stn_gpe_mult': 3.0201045785379224, 'g_gpe_stn_mult': 0.5012128159301661, 'g_stn_gpi_mult': 3.1555196097453866, 'g_gpe_gpi_mult': 0.4924286428470566}. Best is trial 855 with value: 0.3684472722325858.
[I 2026-05-28 23:39:44,294] Trial 866 finished with value: 0.38536410981808394 and parameters: {'ISTN': 60.6544101909344, 'I_gpe': 1.3853066743290747, 'I_gpi': 2.107332178541399, 'noise_stn_sigma': 6.985563263102119, 'noise_gpe_sigma': 127.34792909890649, 'noise_gpi_sigma': 101.3412886982726, 'g_stn_gpe_mult': 2.967964039123138, 'g_gpe_stn_mult': 0.5077650895410265, 'g_stn_gpi_mult': 3.186969273844947, 'g_gpe_gpi_mult': 0.5031026567481696}. Best is trial 855 with value: 0.3684472722325858.
[I 2026-05-28 23:39:45,303] Trial 867 finished with value: 1.3316161951754615 and parameters: {'ISTN': 60.73105714091315, 'I_gpe': 1.3851566727656728, 'I_gpi': 2.076811226540818, 'noise_stn_sigma': 6.9780602257358115, 'noise_gpe_sigma': 128.75154447586664, 'noise_gpi_sigma': 101.16377568331325, 'g_stn_gpe_mult': 2.9802915055594923, 'g_gpe_stn_mult': 0.5104212643228073, 'g_stn_gpi_mult': 3.2072796356807896, 'g_gpe_gpi_mult': 0.5095818181037406}. Best is trial 855 with value: 0.3684472722325858.
[I 2026-05-28 23:39:46,310] Trial 868 finished with value: 2.4469182897274813 and parameters: {'ISTN': 60.63092484070192, 'I_gpe': 1.383369435034538, 'I_gpi': 2.0860366403806134, 'noise_stn_sigma': 6.960759920962934, 'noise_gpe_sigma': 127.59842749756673, 'noise_gpi_sigma': 102.43333537960362, 'g_stn_gpe_mult': 2.990609356170032, 'g_gpe_stn_mult': 0.4934982302610482, 'g_stn_gpi_mult': 3.1435853782213665, 'g_gpe_gpi_mult': 0.5081660706812502}. Best is trial 855 with value: 0.3684472722325858.
[I 2026-05-28 23:39:47,320] Trial 869 finished with value: 1.1958464177348187 and parameters: {'ISTN': 60.51436730699681, 'I_gpe': 1.3748799162815868, 'I_gpi': 2.1603964364816592, 'noise_stn_sigma': 7.063706270320451, 'noise_gpe_sigma': 126.6817973895737, 'noise_gpi_sigma': 101.60733884650229, 'g_stn_gpe_mult': 2.9646719088456357, 'g_gpe_stn_mult': 0.5143647810783658, 'g_stn_gpi_mult': 3.1772918410421083, 'g_gpe_gpi_mult': 0.5091188602772846}. Best is trial 855 with value: 0.3684472722325858.
[I 2026-05-28 23:39:48,328] Trial 870 finished with value: 2.595610184844361 and parameters: {'ISTN': 60.90334834767027, 'I_gpe': 1.374344640401985, 'I_gpi': 2.1045729489130798, 'noise_stn_sigma': 6.9965187858957005, 'noise_gpe_sigma': 127.15272561076156, 'noise_gpi_sigma': 103.67334298565723, 'g_stn_gpe_mult': 2.965118143818562, 'g_gpe_stn_mult': 0.5048621095174266, 'g_stn_gpi_mult': 3.152621401077343, 'g_gpe_gpi_mult': 0.49011582873096676}. Best is trial 855 with value: 0.3684472722325858.
[I 2026-05-28 23:39:49,339] Trial 871 finished with value: 0.9776151549773209 and parameters: {'ISTN': 60.850828179992945, 'I_gpe': 1.3861013875239991, 'I_gpi': 2.1176883265858635, 'noise_stn_sigma': 6.9929303399887015, 'noise_gpe_sigma': 126.66118678060307, 'noise_gpi_sigma': 100.94172226467475, 'g_stn_gpe_mult': 2.9620117560982724, 'g_gpe_stn_mult': 0.509809873059576, 'g_stn_gpi_mult': 3.183336450901608, 'g_gpe_gpi_mult': 0.5114124626269521}. Best is trial 855 with value: 0.3684472722325858.
[I 2026-05-28 23:39:50,346] Trial 872 finished with value: 0.36872317138316485 and parameters: {'ISTN': 60.39706773523936, 'I_gpe': 1.3807776476608105, 'I_gpi': 2.1001413272015643, 'noise_stn_sigma': 6.992115340009972, 'noise_gpe_sigma': 126.66598874623172, 'noise_gpi_sigma': 102.01178758450942, 'g_stn_gpe_mult': 2.9900929119505673, 'g_gpe_stn_mult': 0.501342630424443, 'g_stn_gpi_mult': 3.158025537233756, 'g_gpe_gpi_mult': 0.5018826953150268}. Best is trial 855 with value: 0.3684472722325858.
[I 2026-05-28 23:39:51,354] Trial 873 finished with value: 0.4210922996862238 and parameters: {'ISTN': 60.48023798874641, 'I_gpe': 1.3888860679709905, 'I_gpi': 2.0956608979750078, 'noise_stn_sigma': 6.914478140457661, 'noise_gpe_sigma': 128.13508886349638, 'noise_gpi_sigma': 101.93617687422076, 'g_stn_gpe_mult': 2.9826636814722995, 'g_gpe_stn_mult': 0.5023148479502072, 'g_stn_gpi_mult': 3.212812933987742, 'g_gpe_gpi_mult': 0.48595122193195533}. Best is trial 855 with value: 0.3684472722325858.
[I 2026-05-28 23:39:52,363] Trial 874 finished with value: 0.8706243285701203 and parameters: {'ISTN': 61.04464585403696, 'I_gpe': 1.3695630115421904, 'I_gpi': 2.125145702356595, 'noise_stn_sigma': 6.978594633037076, 'noise_gpe_sigma': 127.09916847618526, 'noise_gpi_sigma': 102.24402940690213, 'g_stn_gpe_mult': 2.9758837703365772, 'g_gpe_stn_mult': 0.5199748760542721, 'g_stn_gpi_mult': 3.2235137801813325, 'g_gpe_gpi_mult': 0.4988554802971003}. Best is trial 855 with value: 0.3684472722325858.
[I 2026-05-28 23:39:53,372] Trial 875 finished with value: 0.38197409295653867 and parameters: {'ISTN': 60.538558599790726, 'I_gpe': 1.39325892334652, 'I_gpi': 2.1520971435047267, 'noise_stn_sigma': 6.920623645323194, 'noise_gpe_sigma': 127.47217272971854, 'noise_gpi_sigma': 102.34511571426683, 'g_stn_gpe_mult': 2.956058195964356, 'g_gpe_stn_mult': 0.5129205926463823, 'g_stn_gpi_mult': 3.197864299864486, 'g_gpe_gpi_mult': 0.4999638754185972}. Best is trial 855 with value: 0.3684472722325858.
[I 2026-05-28 23:39:54,382] Trial 876 finished with value: 1.1901574731438038 and parameters: {'ISTN': 60.267289111774474, 'I_gpe': 1.3750225787387347, 'I_gpi': 2.0881333063233285, 'noise_stn_sigma': 6.904502686432776, 'noise_gpe_sigma': 126.80855645367399, 'noise_gpi_sigma': 101.67246943986812, 'g_stn_gpe_mult': 2.98809464420664, 'g_gpe_stn_mult': 0.5070793374782177, 'g_stn_gpi_mult': 3.189343667151601, 'g_gpe_gpi_mult': 0.4936391948590849}. Best is trial 855 with value: 0.3684472722325858.
[I 2026-05-28 23:39:55,390] Trial 877 finished with value: 0.6046759413160377 and parameters: {'ISTN': 60.480490938803115, 'I_gpe': 1.38495654631449, 'I_gpi': 2.05479616298247, 'noise_stn_sigma': 7.059085853585979, 'noise_gpe_sigma': 127.50710980883407, 'noise_gpi_sigma': 102.57318600524512, 'g_stn_gpe_mult': 2.9630415493581843, 'g_gpe_stn_mult': 0.4931025755372248, 'g_stn_gpi_mult': 3.193390538306678, 'g_gpe_gpi_mult': 0.501852786773412}. Best is trial 855 with value: 0.3684472722325858.
[I 2026-05-28 23:39:56,397] Trial 878 finished with value: 0.6042015975894515 and parameters: {'ISTN': 60.770036571358695, 'I_gpe': 1.3914619785164255, 'I_gpi': 2.1458176900256074, 'noise_stn_sigma': 6.991949247512087, 'noise_gpe_sigma': 127.01265463838158, 'noise_gpi_sigma': 102.0727573472839, 'g_stn_gpe_mult': 2.9471482995958542, 'g_gpe_stn_mult': 0.5125235664569363, 'g_stn_gpi_mult': 3.179856968599556, 'g_gpe_gpi_mult': 0.5008175496551819}. Best is trial 855 with value: 0.3684472722325858.
[I 2026-05-28 23:39:57,404] Trial 879 finished with value: 0.38950425986277953 and parameters: {'ISTN': 60.51934996345288, 'I_gpe': 1.3719604321799774, 'I_gpi': 2.0992197398402785, 'noise_stn_sigma': 7.0781470693329025, 'noise_gpe_sigma': 127.67924771726689, 'noise_gpi_sigma': 101.60228700084943, 'g_stn_gpe_mult': 3.00034510844878, 'g_gpe_stn_mult': 0.5031339733689117, 'g_stn_gpi_mult': 3.217574958301123, 'g_gpe_gpi_mult': 0.5014604196329069}. Best is trial 855 with value: 0.3684472722325858.
