[I 2026-05-28 23:31:51,263] Trial 396 finished with value: 4.5898165161982565 and parameters: {'ISTN': 62.39296806351278, 'I_gpe': 1.3114378837867493, 'I_gpi': 2.872496467273746, 'noise_stn_sigma': 6.422818816094563, 'noise_gpe_sigma': 120.92574864082731, 'noise_gpi_sigma': 83.3445902899704, 'g_stn_gpe_mult': 2.6233519450137415, 'g_gpe_stn_mult': 0.6453648607609916, 'g_stn_gpi_mult': 2.765693773400046, 'g_gpe_gpi_mult': 0.616261463929789}. Best is trial 114 with value: 0.7660526910236299.
[I 2026-05-28 23:31:52,269] Trial 397 finished with value: 5.137201550492897 and parameters: {'ISTN': 70.44815376236656, 'I_gpe': 1.2984966190638239, 'I_gpi': 3.16176253958905, 'noise_stn_sigma': 6.704270141630946, 'noise_gpe_sigma': 122.45796034085339, 'noise_gpi_sigma': 84.06597101800878, 'g_stn_gpe_mult': 2.776843667392063, 'g_gpe_stn_mult': 0.662321246928944, 'g_stn_gpi_mult': 2.82961719414108, 'g_gpe_gpi_mult': 0.6088882802787517}. Best is trial 114 with value: 0.7660526910236299.
[I 2026-05-28 23:31:53,275] Trial 398 finished with value: 6.738989339306069 and parameters: {'ISTN': 63.845445304307056, 'I_gpe': 1.1935767450291372, 'I_gpi': 2.700218770421381, 'noise_stn_sigma': 6.508846233722869, 'noise_gpe_sigma': 125.03109457158435, 'noise_gpi_sigma': 93.87392498412372, 'g_stn_gpe_mult': 2.645205077122619, 'g_gpe_stn_mult': 0.6721540933918706, 'g_stn_gpi_mult': 2.8149004033916265, 'g_gpe_gpi_mult': 0.5825252970959017}. Best is trial 114 with value: 0.7660526910236299.
[I 2026-05-28 23:31:54,283] Trial 399 finished with value: 3.701594498968397 and parameters: {'ISTN': 65.6032554707105, 'I_gpe': 1.2932935253228068, 'I_gpi': 3.2926339662197157, 'noise_stn_sigma': 6.561550472956512, 'noise_gpe_sigma': 125.45650775584748, 'noise_gpi_sigma': 84.62266097692566, 'g_stn_gpe_mult': 2.8064992655590606, 'g_gpe_stn_mult': 0.6269820206284176, 'g_stn_gpi_mult': 2.726821792754479, 'g_gpe_gpi_mult': 0.6045763044771431}. Best is trial 114 with value: 0.7660526910236299.
[I 2026-05-28 23:31:55,292] Trial 400 finished with value: 7.871237543990404 and parameters: {'ISTN': 67.41581716254098, 'I_gpe': 1.2045091210290562, 'I_gpi': 3.0862375803007365, 'noise_stn_sigma': 6.660615356080546, 'noise_gpe_sigma': 125.508578084424, 'noise_gpi_sigma': 87.68391607049738, 'g_stn_gpe_mult': 2.527671171966377, 'g_gpe_stn_mult': 0.7487518487092615, 'g_stn_gpi_mult': 2.9734691682369077, 'g_gpe_gpi_mult': 0.5010925514951199}. Best is trial 114 with value: 0.7660526910236299.
[I 2026-05-28 23:31:56,300] Trial 401 finished with value: 5.789145145827964 and parameters: {'ISTN': 64.9803133444172, 'I_gpe': 1.3444995779156066, 'I_gpi': 3.487236806296206, 'noise_stn_sigma': 6.8913011653502965, 'noise_gpe_sigma': 130.11973288082493, 'noise_gpi_sigma': 82.26908053986278, 'g_stn_gpe_mult': 2.882190426702056, 'g_gpe_stn_mult': 0.6721020516709393, 'g_stn_gpi_mult': 3.0056044090387566, 'g_gpe_gpi_mult': 0.556445637836269}. Best is trial 114 with value: 0.7660526910236299.
[I 2026-05-28 23:31:57,308] Trial 402 finished with value: 5.292422507599612 and parameters: {'ISTN': 65.40433217903394, 'I_gpe': 1.1480468984011811, 'I_gpi': 2.8400577721562668, 'noise_stn_sigma': 6.381635291117161, 'noise_gpe_sigma': 119.45889815436759, 'noise_gpi_sigma': 84.97682934856137, 'g_stn_gpe_mult': 2.9735033994298483, 'g_gpe_stn_mult': 0.6845880213561775, 'g_stn_gpi_mult': 2.6907940389853913, 'g_gpe_gpi_mult': 0.5919981625581199}. Best is trial 114 with value: 0.7660526910236299.
[I 2026-05-28 23:31:58,315] Trial 403 finished with value: 5.817739938680745 and parameters: {'ISTN': 65.96252056112606, 'I_gpe': 1.2557860974891113, 'I_gpi': 3.095777545976266, 'noise_stn_sigma': 6.979720270692162, 'noise_gpe_sigma': 124.5935337290709, 'noise_gpi_sigma': 89.93471214498582, 'g_stn_gpe_mult': 2.791359957554266, 'g_gpe_stn_mult': 0.6491266648773101, 'g_stn_gpi_mult': 2.5053325217225537, 'g_gpe_gpi_mult': 0.5528652611373271}. Best is trial 114 with value: 0.7660526910236299.
[I 2026-05-28 23:31:59,322] Trial 404 finished with value: 5.255140452573714 and parameters: {'ISTN': 61.76197103969459, 'I_gpe': 1.3692186196488714, 'I_gpi': 2.7972167684461504, 'noise_stn_sigma': 6.696020532984959, 'noise_gpe_sigma': 119.09751179466937, 'noise_gpi_sigma': 84.40186693503676, 'g_stn_gpe_mult': 2.627362308101609, 'g_gpe_stn_mult': 0.6203362963485032, 'g_stn_gpi_mult': 2.874848322787905, 'g_gpe_gpi_mult': 0.6333984438613856}. Best is trial 114 with value: 0.7660526910236299.
[I 2026-05-28 23:32:00,272] Trial 405 finished with value: 1000000.0 and parameters: {'ISTN': 63.20538516192613, 'I_gpe': 1.0646390772361922, 'I_gpi': 2.8938159078816623, 'noise_stn_sigma': 7.13914358815836, 'noise_gpe_sigma': 105.84454999150594, 'noise_gpi_sigma': 87.24856389339978, 'g_stn_gpe_mult': 2.895834016949754, 'g_gpe_stn_mult': 0.6375414770294773, 'g_stn_gpi_mult': 2.80251166217196, 'g_gpe_gpi_mult': 0.6126586253230044}. Best is trial 114 with value: 0.7660526910236299.
[I 2026-05-28 23:32:01,279] Trial 406 finished with value: 7.928543740842895 and parameters: {'ISTN': 68.57935550476975, 'I_gpe': 1.4166647735116173, 'I_gpi': 3.0427593596550704, 'noise_stn_sigma': 6.730855539953013, 'noise_gpe_sigma': 119.02563912939841, 'noise_gpi_sigma': 85.09028460625902, 'g_stn_gpe_mult': 2.8324967699790466, 'g_gpe_stn_mult': 0.6264558213392627, 'g_stn_gpi_mult': 2.761055602129935, 'g_gpe_gpi_mult': 0.6336181390723867}. Best is trial 114 with value: 0.7660526910236299.
[I 2026-05-28 23:32:02,285] Trial 407 finished with value: 8.419641818963862 and parameters: {'ISTN': 68.61815579021452, 'I_gpe': 1.380381041930998, 'I_gpi': 3.3479757162794623, 'noise_stn_sigma': 6.848486250739955, 'noise_gpe_sigma': 133.5605265029689, 'noise_gpi_sigma': 62.844969346189934, 'g_stn_gpe_mult': 2.9546367693735545, 'g_gpe_stn_mult': 0.6880057428624086, 'g_stn_gpi_mult': 3.039338637579781, 'g_gpe_gpi_mult': 0.6694244492878919}. Best is trial 114 with value: 0.7660526910236299.
[I 2026-05-28 23:32:03,290] Trial 408 finished with value: 7.929249154735187 and parameters: {'ISTN': 66.32291291888161, 'I_gpe': 1.394206622387784, 'I_gpi': 3.2983548360485244, 'noise_stn_sigma': 6.730252249324737, 'noise_gpe_sigma': 120.15805535552042, 'noise_gpi_sigma': 92.15814701859473, 'g_stn_gpe_mult': 2.846104424085774, 'g_gpe_stn_mult': 0.6325420759297452, 'g_stn_gpi_mult': 2.7386557710489052, 'g_gpe_gpi_mult': 0.569189002552779}. Best is trial 114 with value: 0.7660526910236299.
[I 2026-05-28 23:32:04,296] Trial 409 finished with value: 5.262973707961895 and parameters: {'ISTN': 65.43817655184499, 'I_gpe': 1.3873742330661898, 'I_gpi': 3.0216034777347462, 'noise_stn_sigma': 6.373807195176888, 'noise_gpe_sigma': 129.91861039074905, 'noise_gpi_sigma': 78.44061033961233, 'g_stn_gpe_mult': 2.699375300127438, 'g_gpe_stn_mult': 0.7108172787876252, 'g_stn_gpi_mult': 2.9012573580458545, 'g_gpe_gpi_mult': 0.5292266688481168}. Best is trial 114 with value: 0.7660526910236299.
[I 2026-05-28 23:32:05,302] Trial 410 finished with value: 7.7477989761351225 and parameters: {'ISTN': 63.22311249201964, 'I_gpe': 1.3277470592504153, 'I_gpi': 3.0438715304655837, 'noise_stn_sigma': 6.141546132770895, 'noise_gpe_sigma': 121.73035973044524, 'noise_gpi_sigma': 90.4370985637248, 'g_stn_gpe_mult': 2.5614258327443555, 'g_gpe_stn_mult': 0.5896158825925626, 'g_stn_gpi_mult': 2.5661275620203456, 'g_gpe_gpi_mult': 0.6665329610729311}. Best is trial 114 with value: 0.7660526910236299.
[I 2026-05-28 23:32:06,312] Trial 411 finished with value: 10.05416828470657 and parameters: {'ISTN': 64.07030439457267, 'I_gpe': 1.5633678321114641, 'I_gpi': 2.8680509223685346, 'noise_stn_sigma': 5.884581886395506, 'noise_gpe_sigma': 122.12221529989908, 'noise_gpi_sigma': 83.91493890038623, 'g_stn_gpe_mult': 2.7389893354387134, 'g_gpe_stn_mult': 0.622788903077283, 'g_stn_gpi_mult': 2.950033870577729, 'g_gpe_gpi_mult': 0.5722273772559775}. Best is trial 114 with value: 0.7660526910236299.
[I 2026-05-28 23:32:07,320] Trial 412 finished with value: 6.0332376955877045 and parameters: {'ISTN': 66.38399308530887, 'I_gpe': 1.258215111657842, 'I_gpi': 2.890328089965095, 'noise_stn_sigma': 6.570143034787595, 'noise_gpe_sigma': 132.78558855944476, 'noise_gpi_sigma': 78.18722505973349, 'g_stn_gpe_mult': 2.8927428529174994, 'g_gpe_stn_mult': 0.6620066728539371, 'g_stn_gpi_mult': 2.6536354875421444, 'g_gpe_gpi_mult': 0.6012407373333764}. Best is trial 114 with value: 0.7660526910236299.
[I 2026-05-28 23:32:08,327] Trial 413 finished with value: 3.8193928974951135 and parameters: {'ISTN': 65.61331450666741, 'I_gpe': 1.372056342430182, 'I_gpi': 2.918338740616737, 'noise_stn_sigma': 6.4532781682980405, 'noise_gpe_sigma': 126.32897473843589, 'noise_gpi_sigma': 78.18241248082496, 'g_stn_gpe_mult': 3.088242912850579, 'g_gpe_stn_mult': 0.6643036160032053, 'g_stn_gpi_mult': 2.8400439204390504, 'g_gpe_gpi_mult': 0.5703310994139995}. Best is trial 114 with value: 0.7660526910236299.
[I 2026-05-28 23:32:09,332] Trial 414 finished with value: 5.831405041869744 and parameters: {'ISTN': 67.75781284868066, 'I_gpe': 1.3337427180329515, 'I_gpi': 2.5097496172830223, 'noise_stn_sigma': 5.787037661826168, 'noise_gpe_sigma': 122.74025939797549, 'noise_gpi_sigma': 83.39728246348992, 'g_stn_gpe_mult': 2.643921594767043, 'g_gpe_stn_mult': 0.7235121767759084, 'g_stn_gpi_mult': 2.990749849709287, 'g_gpe_gpi_mult': 0.47366407173678193}. Best is trial 114 with value: 0.7660526910236299.
[I 2026-05-28 23:32:10,337] Trial 415 finished with value: 4.545464825545634 and parameters: {'ISTN': 69.67013504681805, 'I_gpe': 1.3366323831462812, 'I_gpi': 2.956423122339391, 'noise_stn_sigma': 6.397290325875645, 'noise_gpe_sigma': 123.72900268472674, 'noise_gpi_sigma': 74.45097329386641, 'g_stn_gpe_mult': 2.359673937776818, 'g_gpe_stn_mult': 0.6690575070902146, 'g_stn_gpi_mult': 2.8325680609455506, 'g_gpe_gpi_mult': 0.5980109629390122}. Best is trial 114 with value: 0.7660526910236299.
[I 2026-05-28 23:32:11,346] Trial 416 finished with value: 3.7646956368121605 and parameters: {'ISTN': 63.78780512070213, 'I_gpe': 1.3994863717861177, 'I_gpi': 2.591479087285916, 'noise_stn_sigma': 6.482053331809085, 'noise_gpe_sigma': 121.23198988537487, 'noise_gpi_sigma': 83.2556962861976, 'g_stn_gpe_mult': 2.82210498718047, 'g_gpe_stn_mult': 0.6373241139402607, 'g_stn_gpi_mult': 3.096781831336225, 'g_gpe_gpi_mult': 0.6331925318385863}. Best is trial 114 with value: 0.7660526910236299.
[I 2026-05-28 23:32:12,354] Trial 417 finished with value: 7.270236063268756 and parameters: {'ISTN': 67.49353299795177, 'I_gpe': 1.344386471788578, 'I_gpi': 3.0154821261237448, 'noise_stn_sigma': 6.8574540653484775, 'noise_gpe_sigma': 129.32514062237448, 'noise_gpi_sigma': 76.14312496473181, 'g_stn_gpe_mult': 2.4465790816583057, 'g_gpe_stn_mult': 0.6339346611328598, 'g_stn_gpi_mult': 2.766731194415761, 'g_gpe_gpi_mult': 0.5471703296577999}. Best is trial 114 with value: 0.7660526910236299.
[I 2026-05-28 23:32:13,362] Trial 418 finished with value: 7.938717445981286 and parameters: {'ISTN': 62.39355750860351, 'I_gpe': 1.3729271282670714, 'I_gpi': 2.842098791729072, 'noise_stn_sigma': 6.2901354266155085, 'noise_gpe_sigma': 113.18757211226193, 'noise_gpi_sigma': 85.65563436485287, 'g_stn_gpe_mult': 2.715311109043519, 'g_gpe_stn_mult': 0.6862309195784523, 'g_stn_gpi_mult': 2.6282350107870287, 'g_gpe_gpi_mult': 0.5199796945048929}. Best is trial 114 with value: 0.7660526910236299.
[I 2026-05-28 23:32:14,369] Trial 419 finished with value: 7.241477266256035 and parameters: {'ISTN': 60.66696614233628, 'I_gpe': 1.2995566255485813, 'I_gpi': 2.547358889604532, 'noise_stn_sigma': 6.552314657727491, 'noise_gpe_sigma': 118.53540167558148, 'noise_gpi_sigma': 85.58693312291192, 'g_stn_gpe_mult': 2.901185273829727, 'g_gpe_stn_mult': 0.6194238496181875, 'g_stn_gpi_mult': 3.0609434851744703, 'g_gpe_gpi_mult': 0.6187468759794961}. Best is trial 114 with value: 0.7660526910236299.
[I 2026-05-28 23:32:15,375] Trial 420 finished with value: 6.767060728002773 and parameters: {'ISTN': 69.7591147581, 'I_gpe': 1.2120245402390128, 'I_gpi': 3.0897621571351284, 'noise_stn_sigma': 6.54996958209345, 'noise_gpe_sigma': 122.95533951913126, 'noise_gpi_sigma': 78.458001575981, 'g_stn_gpe_mult': 2.603040748347067, 'g_gpe_stn_mult': 0.6318560830214608, 'g_stn_gpi_mult': 2.984292403991307, 'g_gpe_gpi_mult': 0.6060330597878849}. Best is trial 114 with value: 0.7660526910236299.
[I 2026-05-28 23:32:16,384] Trial 421 finished with value: 2.6716340977513697 and parameters: {'ISTN': 60.22072521297565, 'I_gpe': 1.4175548544198557, 'I_gpi': 2.9126245192230176, 'noise_stn_sigma': 5.6779788651312995, 'noise_gpe_sigma': 128.52673713488417, 'noise_gpi_sigma': 77.90582151437928, 'g_stn_gpe_mult': 2.7552810073193017, 'g_gpe_stn_mult': 0.6794514558659902, 'g_stn_gpi_mult': 2.8038485243052573, 'g_gpe_gpi_mult': 0.542757704932979}. Best is trial 114 with value: 0.7660526910236299.
[I 2026-05-28 23:32:17,391] Trial 422 finished with value: 3.2414648508885726 and parameters: {'ISTN': 65.12388989530128, 'I_gpe': 1.1839221277358245, 'I_gpi': 2.742387662071815, 'noise_stn_sigma': 6.088844393180204, 'noise_gpe_sigma': 115.7579394808, 'noise_gpi_sigma': 78.97192350815146, 'g_stn_gpe_mult': 2.9617233297103676, 'g_gpe_stn_mult': 0.6101491505563879, 'g_stn_gpi_mult': 2.945322427526738, 'g_gpe_gpi_mult': 0.5748328992843614}. Best is trial 114 with value: 0.7660526910236299.
[I 2026-05-28 23:32:18,395] Trial 423 finished with value: 8.068856103385457 and parameters: {'ISTN': 66.81887318704369, 'I_gpe': 1.3206963908925222, 'I_gpi': 2.7559876599344304, 'noise_stn_sigma': 6.5603992727593825, 'noise_gpe_sigma': 114.14302385098668, 'noise_gpi_sigma': 79.80193424935777, 'g_stn_gpe_mult': 2.824037512126802, 'g_gpe_stn_mult': 0.6427693253270985, 'g_stn_gpi_mult': 3.1309647312735076, 'g_gpe_gpi_mult': 0.6350071156707098}. Best is trial 114 with value: 0.7660526910236299.
[I 2026-05-28 23:32:19,402] Trial 424 finished with value: 5.436315854824726 and parameters: {'ISTN': 66.18231691272057, 'I_gpe': 1.43608295233891, 'I_gpi': 2.581718927263341, 'noise_stn_sigma': 6.354192556947858, 'noise_gpe_sigma': 118.28764674616588, 'noise_gpi_sigma': 77.9168226513892, 'g_stn_gpe_mult': 2.6279742457217914, 'g_gpe_stn_mult': 0.6051117990873974, 'g_stn_gpi_mult': 2.934789667511403, 'g_gpe_gpi_mult': 0.656670940449514}. Best is trial 114 with value: 0.7660526910236299.
[I 2026-05-28 23:32:20,351] Trial 425 finished with value: 1000000.0 and parameters: {'ISTN': 62.504293491092696, 'I_gpe': 1.1209827581787646, 'I_gpi': 2.8535886158693327, 'noise_stn_sigma': 6.036293326252293, 'noise_gpe_sigma': 131.6039088072842, 'noise_gpi_sigma': 81.52844526106362, 'g_stn_gpe_mult': 2.6692383162613957, 'g_gpe_stn_mult': 0.6363011409455797, 'g_stn_gpi_mult': 2.7098324712358015, 'g_gpe_gpi_mult': 0.45962355777830916}. Best is trial 114 with value: 0.7660526910236299.
[I 2026-05-28 23:32:21,357] Trial 426 finished with value: 3.4493059184104142 and parameters: {'ISTN': 68.16724531361245, 'I_gpe': 1.3052528200981302, 'I_gpi': 3.0042538747822918, 'noise_stn_sigma': 7.116782819042355, 'noise_gpe_sigma': 118.4813152075268, 'noise_gpi_sigma': 93.47738174079325, 'g_stn_gpe_mult': 2.3941201452351115, 'g_gpe_stn_mult': 0.6566535243972754, 'g_stn_gpi_mult': 2.4611769464736373, 'g_gpe_gpi_mult': 0.6179097572829424}. Best is trial 114 with value: 0.7660526910236299.
[I 2026-05-28 23:32:22,364] Trial 427 finished with value: 4.597171131184679 and parameters: {'ISTN': 61.66016019223805, 'I_gpe': 1.4227103425994498, 'I_gpi': 2.7125104955908697, 'noise_stn_sigma': 6.484641595623869, 'noise_gpe_sigma': 132.34083625084617, 'noise_gpi_sigma': 80.50845321236258, 'g_stn_gpe_mult': 2.834255220691157, 'g_gpe_stn_mult': 0.580793420093206, 'g_stn_gpi_mult': 2.798944475985368, 'g_gpe_gpi_mult': 0.6019004101238312}. Best is trial 114 with value: 0.7660526910236299.
[I 2026-05-28 23:32:23,370] Trial 428 finished with value: 8.34201545247889 and parameters: {'ISTN': 61.59232361968251, 'I_gpe': 1.5218097878235761, 'I_gpi': 2.2789546677527945, 'noise_stn_sigma': 5.531002675443718, 'noise_gpe_sigma': 120.48545614465276, 'noise_gpi_sigma': 79.7859458746075, 'g_stn_gpe_mult': 3.3727260847830918, 'g_gpe_stn_mult': 0.6427187877428604, 'g_stn_gpi_mult': 2.8941480874941634, 'g_gpe_gpi_mult': 0.4631146192317633}. Best is trial 114 with value: 0.7660526910236299.
[I 2026-05-28 23:32:24,378] Trial 429 finished with value: 5.294239924586758 and parameters: {'ISTN': 63.539535312902366, 'I_gpe': 1.3084248271705508, 'I_gpi': 2.7406790103350547, 'noise_stn_sigma': 5.575437778923836, 'noise_gpe_sigma': 124.574637200634, 'noise_gpi_sigma': 79.05020877572105, 'g_stn_gpe_mult': 2.8157134033744873, 'g_gpe_stn_mult': 0.7002201702959188, 'g_stn_gpi_mult': 2.803747830145409, 'g_gpe_gpi_mult': 0.5362788252832045}. Best is trial 114 with value: 0.7660526910236299.
[I 2026-05-28 23:32:25,384] Trial 430 finished with value: 4.802711246661956 and parameters: {'ISTN': 64.30325817420928, 'I_gpe': 1.3829397049052603, 'I_gpi': 2.752379987352408, 'noise_stn_sigma': 6.575022869741064, 'noise_gpe_sigma': 118.89515291737318, 'noise_gpi_sigma': 81.78952616424502, 'g_stn_gpe_mult': 2.616088234416077, 'g_gpe_stn_mult': 0.629865752471546, 'g_stn_gpi_mult': 3.0073377797116847, 'g_gpe_gpi_mult': 0.5937679586894633}. Best is trial 114 with value: 0.7660526910236299.
[I 2026-05-28 23:32:26,392] Trial 431 finished with value: 8.264863790290535 and parameters: {'ISTN': 71.76376353352191, 'I_gpe': 1.3005721964175603, 'I_gpi': 3.0380091187337808, 'noise_stn_sigma': 5.932976226680005, 'noise_gpe_sigma': 129.89067248944554, 'noise_gpi_sigma': 64.53230476392282, 'g_stn_gpe_mult': 3.0449315732700386, 'g_gpe_stn_mult': 0.6889138192503104, 'g_stn_gpi_mult': 2.852172925278528, 'g_gpe_gpi_mult': 0.545163083948271}. Best is trial 114 with value: 0.7660526910236299.
[I 2026-05-28 23:32:27,398] Trial 432 finished with value: 4.459657739455316 and parameters: {'ISTN': 60.52802381164856, 'I_gpe': 1.4246672719448568, 'I_gpi': 2.6574641727271278, 'noise_stn_sigma': 5.837532833961129, 'noise_gpe_sigma': 121.18979920214097, 'noise_gpi_sigma': 87.42281464301008, 'g_stn_gpe_mult': 2.7660185646024713, 'g_gpe_stn_mult': 0.6323024183007161, 'g_stn_gpi_mult': 2.833725194834143, 'g_gpe_gpi_mult': 0.5159934908751088}. Best is trial 114 with value: 0.7660526910236299.
[I 2026-05-28 23:32:28,406] Trial 433 finished with value: 8.59167095172385 and parameters: {'ISTN': 69.0950899444116, 'I_gpe': 1.5018854993624213, 'I_gpi': 3.1325464930106834, 'noise_stn_sigma': 5.9511840014460216, 'noise_gpe_sigma': 120.05642979422501, 'noise_gpi_sigma': 84.93254053601427, 'g_stn_gpe_mult': 3.0557025248763465, 'g_gpe_stn_mult': 0.6849262102971955, 'g_stn_gpi_mult': 2.899981343119016, 'g_gpe_gpi_mult': 0.5503812466961884}. Best is trial 114 with value: 0.7660526910236299.
[I 2026-05-28 23:32:29,413] Trial 434 finished with value: 8.411136734777532 and parameters: {'ISTN': 70.5112302727052, 'I_gpe': 1.33662593924156, 'I_gpi': 2.8638927179638674, 'noise_stn_sigma': 6.356798884008563, 'noise_gpe_sigma': 114.6415783362226, 'noise_gpi_sigma': 81.3127449115569, 'g_stn_gpe_mult': 2.775869269799501, 'g_gpe_stn_mult': 0.6239513295903272, 'g_stn_gpi_mult': 2.9744227091520243, 'g_gpe_gpi_mult': 0.5148593339030765}. Best is trial 114 with value: 0.7660526910236299.
[I 2026-05-28 23:32:30,420] Trial 435 finished with value: 3.8235175741140046 and parameters: {'ISTN': 62.67848343932238, 'I_gpe': 1.3410173658143565, 'I_gpi': 2.916737633296042, 'noise_stn_sigma': 6.107343383181249, 'noise_gpe_sigma': 126.47518081291221, 'noise_gpi_sigma': 87.09657982316334, 'g_stn_gpe_mult': 2.857368245639906, 'g_gpe_stn_mult': 0.6891045538491882, 'g_stn_gpi_mult': 3.018804943572446, 'g_gpe_gpi_mult': 0.47749814342867386}. Best is trial 114 with value: 0.7660526910236299.
[I 2026-05-28 23:32:31,426] Trial 436 finished with value: 6.173699038437797 and parameters: {'ISTN': 65.96910548082361, 'I_gpe': 1.2877347065091693, 'I_gpi': 2.941906721058173, 'noise_stn_sigma': 6.4035785017872175, 'noise_gpe_sigma': 123.15680000610293, 'noise_gpi_sigma': 82.23336767810903, 'g_stn_gpe_mult': 2.8510515094707642, 'g_gpe_stn_mult': 0.55855784798891, 'g_stn_gpi_mult': 2.912325779972188, 'g_gpe_gpi_mult': 0.5659407164524192}. Best is trial 114 with value: 0.7660526910236299.
[I 2026-05-28 23:32:32,435] Trial 437 finished with value: 4.699292098635868 and parameters: {'ISTN': 62.38594866885779, 'I_gpe': 1.3568433937661255, 'I_gpi': 2.8502245977621414, 'noise_stn_sigma': 6.354824702432699, 'noise_gpe_sigma': 123.72995491241215, 'noise_gpi_sigma': 82.95118059749095, 'g_stn_gpe_mult': 2.5993852534134794, 'g_gpe_stn_mult': 0.5902521921959347, 'g_stn_gpi_mult': 2.6928570030200683, 'g_gpe_gpi_mult': 0.5431037324511815}. Best is trial 114 with value: 0.7660526910236299.
[I 2026-05-28 23:32:33,442] Trial 438 finished with value: 7.461311269702725 and parameters: {'ISTN': 63.54576289206251, 'I_gpe': 1.282446068047891, 'I_gpi': 2.912461952585308, 'noise_stn_sigma': 6.267223127634292, 'noise_gpe_sigma': 133.17446892856364, 'noise_gpi_sigma': 73.74515824078496, 'g_stn_gpe_mult': 2.7923716796544107, 'g_gpe_stn_mult': 0.6953174640622145, 'g_stn_gpi_mult': 2.7272160025634693, 'g_gpe_gpi_mult': 0.5515609180968912}. Best is trial 114 with value: 0.7660526910236299.
[I 2026-05-28 23:32:34,451] Trial 439 finished with value: 5.5200076272874465 and parameters: {'ISTN': 64.27800356598216, 'I_gpe': 1.3315766155914694, 'I_gpi': 2.6334671063001336, 'noise_stn_sigma': 5.868841452585792, 'noise_gpe_sigma': 130.90921015501632, 'noise_gpi_sigma': 81.79693561082303, 'g_stn_gpe_mult': 2.5397507421501295, 'g_gpe_stn_mult': 0.6532966044469247, 'g_stn_gpi_mult': 2.769959609122527, 'g_gpe_gpi_mult': 0.5746873909402892}. Best is trial 114 with value: 0.7660526910236299.
