[I 2026-05-28 23:48:04,440] Trial 352 finished with value: 1000000.0 and parameters: {'ISTN': 61.16105398890613, 'I_gpe': 1.4398820105063879, 'I_gpi': 1.9096752583105108, 'noise_stn_sigma': 3.4549913760610775, 'noise_gpe_sigma': 107.98139921105543, 'noise_gpi_sigma': 112.04574794937656, 'g_stn_gpe_mult': 2.7540090522542378, 'g_gpe_stn_mult': 0.15574682951222987, 'g_stn_gpi_mult': 1.9076811545801267, 'g_gpe_gpi_mult': 0.9458262440905703}. Best is trial 345 with value: 0.200101567103805.
[I 2026-05-28 23:48:05,446] Trial 353 finished with value: 1.4819373269177074 and parameters: {'ISTN': 61.3020041239952, 'I_gpe': 1.5799778724538274, 'I_gpi': 2.2533098608936593, 'noise_stn_sigma': 3.5161294169978534, 'noise_gpe_sigma': 97.94037706573144, 'noise_gpi_sigma': 116.86486045488486, 'g_stn_gpe_mult': 2.7664244304141477, 'g_gpe_stn_mult': 0.14818021379154778, 'g_stn_gpi_mult': 1.875186602329885, 'g_gpe_gpi_mult': 0.9956190386052486}. Best is trial 345 with value: 0.200101567103805.
[I 2026-05-28 23:48:06,451] Trial 354 finished with value: 4.902805386879929 and parameters: {'ISTN': 64.3178015751153, 'I_gpe': 1.2290057031229047, 'I_gpi': 1.8419621793053267, 'noise_stn_sigma': 3.4420527991063374, 'noise_gpe_sigma': 116.47586164998657, 'noise_gpi_sigma': 114.13054888211725, 'g_stn_gpe_mult': 2.9778183675402374, 'g_gpe_stn_mult': 0.14085969761512526, 'g_stn_gpi_mult': 1.9236266925804884, 'g_gpe_gpi_mult': 1.0106363978981876}. Best is trial 345 with value: 0.200101567103805.
[I 2026-05-28 23:48:07,457] Trial 355 finished with value: 0.20006736933883304 and parameters: {'ISTN': 62.35770747478372, 'I_gpe': 1.5354551455115202, 'I_gpi': 2.260223650038461, 'noise_stn_sigma': 3.5370780630140173, 'noise_gpe_sigma': 105.4968021118272, 'noise_gpi_sigma': 115.47227373063285, 'g_stn_gpe_mult': 2.665959525967195, 'g_gpe_stn_mult': 0.1539758651225116, 'g_stn_gpi_mult': 1.7137100837168369, 'g_gpe_gpi_mult': 1.050777133547336}. Best is trial 355 with value: 0.20006736933883304.
[I 2026-05-28 23:48:08,463] Trial 356 finished with value: 1.5916303809869596 and parameters: {'ISTN': 67.98125055001324, 'I_gpe': 1.3211527585957445, 'I_gpi': 2.130336588192799, 'noise_stn_sigma': 3.4090341956148005, 'noise_gpe_sigma': 102.50214279751401, 'noise_gpi_sigma': 118.42102374203617, 'g_stn_gpe_mult': 2.804687204920621, 'g_gpe_stn_mult': 0.15162031855932465, 'g_stn_gpi_mult': 1.6684521608391991, 'g_gpe_gpi_mult': 0.91353379750221}. Best is trial 355 with value: 0.20006736933883304.
[I 2026-05-28 23:48:09,472] Trial 357 finished with value: 0.2688718982797973 and parameters: {'ISTN': 62.99499429625777, 'I_gpe': 1.5763652604336307, 'I_gpi': 2.6621639662017667, 'noise_stn_sigma': 2.914254588860821, 'noise_gpe_sigma': 97.62544404808871, 'noise_gpi_sigma': 117.63645381199407, 'g_stn_gpe_mult': 2.693235773956979, 'g_gpe_stn_mult': 0.14814165916681893, 'g_stn_gpi_mult': 1.7303923105626804, 'g_gpe_gpi_mult': 0.9980090158285129}. Best is trial 355 with value: 0.20006736933883304.
[I 2026-05-28 23:48:10,480] Trial 358 finished with value: 0.19334707101945428 and parameters: {'ISTN': 60.21891875444584, 'I_gpe': 1.563623972732953, 'I_gpi': 2.026010394264619, 'noise_stn_sigma': 4.385235324143288, 'noise_gpe_sigma': 101.32901396539951, 'noise_gpi_sigma': 112.95797938372986, 'g_stn_gpe_mult': 2.645170558156121, 'g_gpe_stn_mult': 0.10826853567067904, 'g_stn_gpi_mult': 1.7305967850008066, 'g_gpe_gpi_mult': 0.9057189780575219}. Best is trial 358 with value: 0.19334707101945428.
[I 2026-05-28 23:48:11,487] Trial 359 finished with value: 0.23261291869436923 and parameters: {'ISTN': 64.2939705092502, 'I_gpe': 1.5927168767030664, 'I_gpi': 2.146277638187652, 'noise_stn_sigma': 3.8662443298156526, 'noise_gpe_sigma': 102.13000301649127, 'noise_gpi_sigma': 117.25314241481202, 'g_stn_gpe_mult': 3.022317922371756, 'g_gpe_stn_mult': 0.1454907076531854, 'g_stn_gpi_mult': 1.8178967830542612, 'g_gpe_gpi_mult': 0.9139526352485088}. Best is trial 358 with value: 0.19334707101945428.
[I 2026-05-28 23:48:12,495] Trial 360 finished with value: 1.816567733313658 and parameters: {'ISTN': 63.070348943609375, 'I_gpe': 1.237425015235627, 'I_gpi': 2.3786009073197643, 'noise_stn_sigma': 3.6983745579921234, 'noise_gpe_sigma': 106.0762052142893, 'noise_gpi_sigma': 116.97140603564738, 'g_stn_gpe_mult': 2.5639410646027034, 'g_gpe_stn_mult': 0.2046870560978638, 'g_stn_gpi_mult': 2.047597799614133, 'g_gpe_gpi_mult': 0.8821262892713728}. Best is trial 358 with value: 0.19334707101945428.
[I 2026-05-28 23:48:13,502] Trial 361 finished with value: 0.9819118176475305 and parameters: {'ISTN': 64.30203028842283, 'I_gpe': 1.4047335659342997, 'I_gpi': 2.2402132875149148, 'noise_stn_sigma': 3.7269591759212317, 'noise_gpe_sigma': 103.24735599177207, 'noise_gpi_sigma': 116.67986847305409, 'g_stn_gpe_mult': 2.737934753535356, 'g_gpe_stn_mult': 0.1380689693437096, 'g_stn_gpi_mult': 1.5578583030301956, 'g_gpe_gpi_mult': 0.9113849656666877}. Best is trial 358 with value: 0.19334707101945428.
[I 2026-05-28 23:48:14,507] Trial 362 finished with value: 0.3987922152914091 and parameters: {'ISTN': 62.9642933326262, 'I_gpe': 1.4578069247845835, 'I_gpi': 2.2083362607265564, 'noise_stn_sigma': 4.221173158483108, 'noise_gpe_sigma': 103.64434904876497, 'noise_gpi_sigma': 113.97300209552374, 'g_stn_gpe_mult': 2.689864137119806, 'g_gpe_stn_mult': 0.12046618640727505, 'g_stn_gpi_mult': 1.8812667045969054, 'g_gpe_gpi_mult': 0.9115052480241561}. Best is trial 358 with value: 0.19334707101945428.
[I 2026-05-28 23:48:15,512] Trial 363 finished with value: 3.0177282040725983 and parameters: {'ISTN': 64.26216930233484, 'I_gpe': 1.3202702340463568, 'I_gpi': 2.3943035771265873, 'noise_stn_sigma': 4.194352934489284, 'noise_gpe_sigma': 106.55591290836588, 'noise_gpi_sigma': 118.95879487124, 'g_stn_gpe_mult': 2.8394602166338574, 'g_gpe_stn_mult': 0.13707660673296296, 'g_stn_gpi_mult': 1.7773365297033057, 'g_gpe_gpi_mult': 0.851672132762203}. Best is trial 358 with value: 0.19334707101945428.
[I 2026-05-28 23:48:16,518] Trial 364 finished with value: 0.2369452154064327 and parameters: {'ISTN': 60.51734196652291, 'I_gpe': 1.5810390098439333, 'I_gpi': 1.8738529135023898, 'noise_stn_sigma': 4.117265666601824, 'noise_gpe_sigma': 99.81341917195857, 'noise_gpi_sigma': 114.11124859984079, 'g_stn_gpe_mult': 2.468575692832264, 'g_gpe_stn_mult': 0.12951810792637736, 'g_stn_gpi_mult': 1.7888628943080764, 'g_gpe_gpi_mult': 0.9629262853371905}. Best is trial 358 with value: 0.19334707101945428.
[I 2026-05-28 23:48:17,524] Trial 365 finished with value: 0.9729751843454815 and parameters: {'ISTN': 63.601910917814635, 'I_gpe': 1.6045248526885036, 'I_gpi': 2.3785350633648927, 'noise_stn_sigma': 4.053784521470487, 'noise_gpe_sigma': 102.70840376598241, 'noise_gpi_sigma': 114.77514127532848, 'g_stn_gpe_mult': 2.7736325265504167, 'g_gpe_stn_mult': 0.16494486217809762, 'g_stn_gpi_mult': 1.6287429907619067, 'g_gpe_gpi_mult': 0.9063252060380906}. Best is trial 358 with value: 0.19334707101945428.
[I 2026-05-28 23:48:18,528] Trial 366 finished with value: 0.20020511909861316 and parameters: {'ISTN': 61.919160143630435, 'I_gpe': 1.5129447105644969, 'I_gpi': 2.1518243328604316, 'noise_stn_sigma': 3.846664992379265, 'noise_gpe_sigma': 93.92516565836104, 'noise_gpi_sigma': 120.74478839019824, 'g_stn_gpe_mult': 2.61072318903393, 'g_gpe_stn_mult': 0.10249997781303735, 'g_stn_gpi_mult': 1.5930174516620546, 'g_gpe_gpi_mult': 0.8723519885657418}. Best is trial 358 with value: 0.19334707101945428.
[I 2026-05-28 23:48:19,532] Trial 367 finished with value: 0.19571167322284305 and parameters: {'ISTN': 60.48582582548473, 'I_gpe': 1.6623730965488508, 'I_gpi': 2.1153821378262734, 'noise_stn_sigma': 3.8546623396001043, 'noise_gpe_sigma': 105.49155595245286, 'noise_gpi_sigma': 107.31275502053452, 'g_stn_gpe_mult': 2.610691134014364, 'g_gpe_stn_mult': 0.11722063165810225, 'g_stn_gpi_mult': 1.6867416788927376, 'g_gpe_gpi_mult': 0.9438985564388711}. Best is trial 358 with value: 0.19334707101945428.
[I 2026-05-28 23:48:20,539] Trial 368 finished with value: 2.083063781037141 and parameters: {'ISTN': 64.77908650222578, 'I_gpe': 1.7131655652697353, 'I_gpi': 2.2596121089043173, 'noise_stn_sigma': 3.601541423807993, 'noise_gpe_sigma': 96.66232482430928, 'noise_gpi_sigma': 114.6435848577843, 'g_stn_gpe_mult': 2.749996384992478, 'g_gpe_stn_mult': 0.18206848073417248, 'g_stn_gpi_mult': 1.8912491760108379, 'g_gpe_gpi_mult': 0.905708507738382}. Best is trial 358 with value: 0.19334707101945428.
[I 2026-05-28 23:48:21,545] Trial 369 finished with value: 5.965820541866434 and parameters: {'ISTN': 64.85953201850671, 'I_gpe': 1.564338918623694, 'I_gpi': 1.8481275013896403, 'noise_stn_sigma': 4.282799682723443, 'noise_gpe_sigma': 100.05524483890886, 'noise_gpi_sigma': 106.62348617171502, 'g_stn_gpe_mult': 2.702250617685353, 'g_gpe_stn_mult': 0.13597473527413073, 'g_stn_gpi_mult': 1.9628864104314203, 'g_gpe_gpi_mult': 0.9700299274417796}. Best is trial 358 with value: 0.19334707101945428.
[I 2026-05-28 23:48:22,552] Trial 370 finished with value: 3.99576293466 and parameters: {'ISTN': 66.07353716738169, 'I_gpe': 1.4422424498664377, 'I_gpi': 2.4206614823455763, 'noise_stn_sigma': 4.561282200593208, 'noise_gpe_sigma': 107.29613995356202, 'noise_gpi_sigma': 113.52485347095292, 'g_stn_gpe_mult': 2.6995688707922385, 'g_gpe_stn_mult': 0.14637401551371676, 'g_stn_gpi_mult': 1.829297717022679, 'g_gpe_gpi_mult': 1.0134996649909358}. Best is trial 358 with value: 0.19334707101945428.
[I 2026-05-28 23:48:23,561] Trial 371 finished with value: 0.28491804026415507 and parameters: {'ISTN': 60.5524983225305, 'I_gpe': 1.6453686876402982, 'I_gpi': 1.7775465090872196, 'noise_stn_sigma': 3.872704894612947, 'noise_gpe_sigma': 105.0868276764746, 'noise_gpi_sigma': 114.6708545294365, 'g_stn_gpe_mult': 2.433449904364285, 'g_gpe_stn_mult': 0.11179455285031596, 'g_stn_gpi_mult': 1.7681389392510831, 'g_gpe_gpi_mult': 1.0132588126520545}. Best is trial 358 with value: 0.19334707101945428.
[I 2026-05-28 23:48:24,567] Trial 372 finished with value: 2.2375133142992807 and parameters: {'ISTN': 63.48548475068525, 'I_gpe': 1.6182307678698125, 'I_gpi': 2.1460114144986164, 'noise_stn_sigma': 4.126472869859395, 'noise_gpe_sigma': 95.08839256809712, 'noise_gpi_sigma': 109.52095977558294, 'g_stn_gpe_mult': 2.6818459320160155, 'g_gpe_stn_mult': 0.12093293739639184, 'g_stn_gpi_mult': 1.6844611019368814, 'g_gpe_gpi_mult': 0.9069989235824034}. Best is trial 358 with value: 0.19334707101945428.
[I 2026-05-28 23:48:25,573] Trial 373 finished with value: 0.18512451070310404 and parameters: {'ISTN': 60.185370533177235, 'I_gpe': 1.6136689058945557, 'I_gpi': 2.207695157939278, 'noise_stn_sigma': 4.151826447892434, 'noise_gpe_sigma': 99.70816689528509, 'noise_gpi_sigma': 117.08957289858881, 'g_stn_gpe_mult': 2.4356876537449805, 'g_gpe_stn_mult': 0.1467767770493084, 'g_stn_gpi_mult': 1.8838823461729464, 'g_gpe_gpi_mult': 0.8688027717728632}. Best is trial 373 with value: 0.18512451070310404.
[I 2026-05-28 23:48:26,578] Trial 374 finished with value: 2.604763565005737 and parameters: {'ISTN': 64.19700399733178, 'I_gpe': 1.5993818931608197, 'I_gpi': 2.170682024305701, 'noise_stn_sigma': 4.036460951950975, 'noise_gpe_sigma': 97.7431543429557, 'noise_gpi_sigma': 110.88358978955495, 'g_stn_gpe_mult': 2.634280219911453, 'g_gpe_stn_mult': 0.11843383955978322, 'g_stn_gpi_mult': 1.5594465757558675, 'g_gpe_gpi_mult': 0.89084089326055}. Best is trial 373 with value: 0.18512451070310404.
[I 2026-05-28 23:48:27,582] Trial 375 finished with value: 0.19960655111088793 and parameters: {'ISTN': 64.04474909794845, 'I_gpe': 1.5290343040344572, 'I_gpi': 2.2148703914299377, 'noise_stn_sigma': 4.102783908158316, 'noise_gpe_sigma': 98.10973505548066, 'noise_gpi_sigma': 110.60576526774334, 'g_stn_gpe_mult': 2.61727880159018, 'g_gpe_stn_mult': 0.11315458878648009, 'g_stn_gpi_mult': 1.732219853351722, 'g_gpe_gpi_mult': 0.9171658795540998}. Best is trial 373 with value: 0.18512451070310404.
[I 2026-05-28 23:48:28,591] Trial 376 finished with value: 0.2254402626925961 and parameters: {'ISTN': 60.464756140956666, 'I_gpe': 1.5779010168378294, 'I_gpi': 1.9866022866025026, 'noise_stn_sigma': 4.226109974307064, 'noise_gpe_sigma': 105.10832360840772, 'noise_gpi_sigma': 119.96627125699969, 'g_stn_gpe_mult': 2.5181821684700525, 'g_gpe_stn_mult': 0.14350881655507813, 'g_stn_gpi_mult': 1.6226845318374519, 'g_gpe_gpi_mult': 0.9460745661597292}. Best is trial 373 with value: 0.18512451070310404.
[I 2026-05-28 23:48:29,598] Trial 377 finished with value: 0.8277992212797851 and parameters: {'ISTN': 60.90757592286785, 'I_gpe': 1.430264825656998, 'I_gpi': 2.3763770704150815, 'noise_stn_sigma': 3.679131256056909, 'noise_gpe_sigma': 106.82651485303909, 'noise_gpi_sigma': 103.45904839573548, 'g_stn_gpe_mult': 2.5669010525409304, 'g_gpe_stn_mult': 0.15818504110670367, 'g_stn_gpi_mult': 1.6904537913520516, 'g_gpe_gpi_mult': 1.0097547930553372}. Best is trial 373 with value: 0.18512451070310404.
[I 2026-05-28 23:48:30,606] Trial 378 finished with value: 0.19655356213034325 and parameters: {'ISTN': 60.19217392565002, 'I_gpe': 1.6457437697018744, 'I_gpi': 2.273569825935394, 'noise_stn_sigma': 4.032684348651858, 'noise_gpe_sigma': 91.36730133689963, 'noise_gpi_sigma': 117.21032988894561, 'g_stn_gpe_mult': 2.511632635081198, 'g_gpe_stn_mult': 0.13731094980515046, 'g_stn_gpi_mult': 1.8976740154471354, 'g_gpe_gpi_mult': 0.8836197491340279}. Best is trial 373 with value: 0.18512451070310404.
[I 2026-05-28 23:48:31,611] Trial 379 finished with value: 1.9805755698775482 and parameters: {'ISTN': 64.42945937536842, 'I_gpe': 1.5453989964025572, 'I_gpi': 2.1355220618878796, 'noise_stn_sigma': 3.5399788852162573, 'noise_gpe_sigma': 94.05752845731219, 'noise_gpi_sigma': 100.31409078454585, 'g_stn_gpe_mult': 2.7748311366033525, 'g_gpe_stn_mult': 0.1272523585515121, 'g_stn_gpi_mult': 1.6330512188132436, 'g_gpe_gpi_mult': 0.829457154200494}. Best is trial 373 with value: 0.18512451070310404.
[I 2026-05-28 23:48:32,616] Trial 380 finished with value: 0.23981743078505777 and parameters: {'ISTN': 63.41948994493512, 'I_gpe': 1.473610226702256, 'I_gpi': 2.1462021483476663, 'noise_stn_sigma': 4.286570557891124, 'noise_gpe_sigma': 100.72529800684421, 'noise_gpi_sigma': 116.06942549602164, 'g_stn_gpe_mult': 2.49161141874407, 'g_gpe_stn_mult': 0.11279085402094051, 'g_stn_gpi_mult': 1.7186167006242534, 'g_gpe_gpi_mult': 0.8394162062333217}. Best is trial 373 with value: 0.18512451070310404.
[I 2026-05-28 23:48:33,622] Trial 381 finished with value: 0.1830224865413141 and parameters: {'ISTN': 61.07862832273168, 'I_gpe': 1.5945663341610579, 'I_gpi': 2.4305475647679526, 'noise_stn_sigma': 4.261575014716742, 'noise_gpe_sigma': 97.9204740548526, 'noise_gpi_sigma': 109.47387052034016, 'g_stn_gpe_mult': 2.5675117181479354, 'g_gpe_stn_mult': 0.11940126220330198, 'g_stn_gpi_mult': 1.795336122051522, 'g_gpe_gpi_mult': 0.919615047151904}. Best is trial 381 with value: 0.1830224865413141.
[I 2026-05-28 23:48:34,626] Trial 382 finished with value: 2.5628356083704595 and parameters: {'ISTN': 63.32737359478119, 'I_gpe': 1.5185638401992825, 'I_gpi': 2.241370229241963, 'noise_stn_sigma': 3.7236782341677346, 'noise_gpe_sigma': 102.7723858385116, 'noise_gpi_sigma': 118.42269999693211, 'g_stn_gpe_mult': 2.320950720741562, 'g_gpe_stn_mult': 0.12880320252276944, 'g_stn_gpi_mult': 1.8887580793940508, 'g_gpe_gpi_mult': 0.9559451268745485}. Best is trial 381 with value: 0.1830224865413141.
[I 2026-05-28 23:48:35,633] Trial 383 finished with value: 4.835293749966657 and parameters: {'ISTN': 65.69202117665881, 'I_gpe': 1.4950828640699723, 'I_gpi': 2.230205828177782, 'noise_stn_sigma': 4.207431225597668, 'noise_gpe_sigma': 95.75889421906588, 'noise_gpi_sigma': 116.2883307610375, 'g_stn_gpe_mult': 2.190080668366334, 'g_gpe_stn_mult': 0.14956673164307044, 'g_stn_gpi_mult': 1.9543553298838736, 'g_gpe_gpi_mult': 0.8360732496249204}. Best is trial 381 with value: 0.1830224865413141.
[I 2026-05-28 23:48:36,637] Trial 384 finished with value: 0.21436821296141445 and parameters: {'ISTN': 60.36238080521228, 'I_gpe': 1.6374636544901584, 'I_gpi': 2.1812173106037402, 'noise_stn_sigma': 4.640181666563057, 'noise_gpe_sigma': 94.87744525589507, 'noise_gpi_sigma': 117.16669147306423, 'g_stn_gpe_mult': 2.374162564257775, 'g_gpe_stn_mult': 0.13164236514910138, 'g_stn_gpi_mult': 1.78822661536817, 'g_gpe_gpi_mult': 0.8696425457110502}. Best is trial 381 with value: 0.1830224865413141.
[I 2026-05-28 23:48:37,644] Trial 385 finished with value: 0.17190802772367522 and parameters: {'ISTN': 61.139128431373955, 'I_gpe': 1.5167657974233668, 'I_gpi': 2.3967873613966395, 'noise_stn_sigma': 4.391981404766572, 'noise_gpe_sigma': 97.68246634425124, 'noise_gpi_sigma': 110.79282494495511, 'g_stn_gpe_mult': 2.4826961409439625, 'g_gpe_stn_mult': 0.12758072681431826, 'g_stn_gpi_mult': 1.6590951384901285, 'g_gpe_gpi_mult': 0.8984541970999231}. Best is trial 385 with value: 0.17190802772367522.
[I 2026-05-28 23:48:38,650] Trial 386 finished with value: 2.4769075069195226 and parameters: {'ISTN': 64.20599211889648, 'I_gpe': 1.5993265681105027, 'I_gpi': 2.0884712489401434, 'noise_stn_sigma': 3.544539511729468, 'noise_gpe_sigma': 94.37861031943412, 'noise_gpi_sigma': 108.69541999820747, 'g_stn_gpe_mult': 2.558307316723966, 'g_gpe_stn_mult': 0.13554254328192203, 'g_stn_gpi_mult': 1.5729977832785893, 'g_gpe_gpi_mult': 0.8171910605438231}. Best is trial 385 with value: 0.17190802772367522.
[I 2026-05-28 23:48:39,655] Trial 387 finished with value: 0.1778687843605619 and parameters: {'ISTN': 61.30397979128033, 'I_gpe': 1.4993253631585421, 'I_gpi': 2.098839454041859, 'noise_stn_sigma': 4.0082510909705515, 'noise_gpe_sigma': 94.98664882539688, 'noise_gpi_sigma': 113.95331070635808, 'g_stn_gpe_mult': 2.554754590912066, 'g_gpe_stn_mult': 0.13395971997898748, 'g_stn_gpi_mult': 1.870630830050291, 'g_gpe_gpi_mult': 0.9408208718217181}. Best is trial 385 with value: 0.17190802772367522.
[I 2026-05-28 23:48:40,661] Trial 388 finished with value: 3.0356138611037315 and parameters: {'ISTN': 63.995650405263895, 'I_gpe': 1.5858186874453972, 'I_gpi': 2.1894691875108627, 'noise_stn_sigma': 3.6961602610951707, 'noise_gpe_sigma': 94.33052922574196, 'noise_gpi_sigma': 109.19182219656479, 'g_stn_gpe_mult': 2.6478683727202257, 'g_gpe_stn_mult': 0.14593837002250315, 'g_stn_gpi_mult': 1.799320814624175, 'g_gpe_gpi_mult': 0.8741271410754317}. Best is trial 385 with value: 0.17190802772367522.
[I 2026-05-28 23:48:41,669] Trial 389 finished with value: 0.27002765803392387 and parameters: {'ISTN': 62.761146755327964, 'I_gpe': 1.674092659045862, 'I_gpi': 2.4652745521241464, 'noise_stn_sigma': 4.168316572886759, 'noise_gpe_sigma': 95.79464881287836, 'noise_gpi_sigma': 124.3260756733282, 'g_stn_gpe_mult': 2.563527524086699, 'g_gpe_stn_mult': 0.16306599997785504, 'g_stn_gpi_mult': 1.9201185351158652, 'g_gpe_gpi_mult': 0.9141156323410413}. Best is trial 385 with value: 0.17190802772367522.
[I 2026-05-28 23:48:42,673] Trial 390 finished with value: 6.41046649890026 and parameters: {'ISTN': 63.06943459548726, 'I_gpe': 1.606223350046164, 'I_gpi': 2.4108983110767834, 'noise_stn_sigma': 4.5600983339431735, 'noise_gpe_sigma': 99.55411860814183, 'noise_gpi_sigma': 111.77290031019794, 'g_stn_gpe_mult': 2.4765446084199807, 'g_gpe_stn_mult': 0.1414215658749449, 'g_stn_gpi_mult': 2.1709375279296217, 'g_gpe_gpi_mult': 0.8937779468592497}. Best is trial 385 with value: 0.17190802772367522.
[I 2026-05-28 23:48:43,679] Trial 391 finished with value: 2.1241329057800336 and parameters: {'ISTN': 62.43012586010198, 'I_gpe': 1.4571226626784104, 'I_gpi': 2.3417095276617164, 'noise_stn_sigma': 4.106649322114971, 'noise_gpe_sigma': 101.65181469136792, 'noise_gpi_sigma': 114.11436024495264, 'g_stn_gpe_mult': 2.38756413043959, 'g_gpe_stn_mult': 0.11767368835551545, 'g_stn_gpi_mult': 1.7526761757429836, 'g_gpe_gpi_mult': 0.9306275010565226}. Best is trial 385 with value: 0.17190802772367522.
[I 2026-05-28 23:48:44,685] Trial 392 finished with value: 0.4217935401694622 and parameters: {'ISTN': 61.989953224108845, 'I_gpe': 1.7918231530206372, 'I_gpi': 2.825705656337525, 'noise_stn_sigma': 3.8996712610063784, 'noise_gpe_sigma': 99.16384371381874, 'noise_gpi_sigma': 120.92094855870954, 'g_stn_gpe_mult': 2.3090522724373574, 'g_gpe_stn_mult': 0.16157104293074895, 'g_stn_gpi_mult': 2.1034514042070684, 'g_gpe_gpi_mult': 0.9946247282221261}. Best is trial 385 with value: 0.17190802772367522.
[I 2026-05-28 23:48:45,690] Trial 393 finished with value: 4.041071893687289 and parameters: {'ISTN': 63.060713733910866, 'I_gpe': 1.7357872086022783, 'I_gpi': 2.261218617177459, 'noise_stn_sigma': 4.413876782130547, 'noise_gpe_sigma': 94.63249246457704, 'noise_gpi_sigma': 117.51391182815111, 'g_stn_gpe_mult': 2.5354109249100825, 'g_gpe_stn_mult': 0.1509201504151047, 'g_stn_gpi_mult': 1.8799249560795754, 'g_gpe_gpi_mult': 0.8910666409366503}. Best is trial 385 with value: 0.17190802772367522.
[I 2026-05-28 23:48:46,694] Trial 394 finished with value: 1.1767387400453435 and parameters: {'ISTN': 62.03943879282279, 'I_gpe': 1.3726447407803999, 'I_gpi': 2.32053470140007, 'noise_stn_sigma': 4.723600594161779, 'noise_gpe_sigma': 98.44234340088369, 'noise_gpi_sigma': 118.61025966196343, 'g_stn_gpe_mult': 2.4464843605683306, 'g_gpe_stn_mult': 0.11020904506354695, 'g_stn_gpi_mult': 1.800494211334508, 'g_gpe_gpi_mult': 0.9353517161324114}. Best is trial 385 with value: 0.17190802772367522.
[I 2026-05-28 23:48:47,701] Trial 395 finished with value: 0.1865836028424348 and parameters: {'ISTN': 60.31444142205252, 'I_gpe': 1.609276690285012, 'I_gpi': 2.4037578524112195, 'noise_stn_sigma': 4.370002833664328, 'noise_gpe_sigma': 83.79443075240799, 'noise_gpi_sigma': 111.88556265773771, 'g_stn_gpe_mult': 2.452278883711968, 'g_gpe_stn_mult': 0.10924094515425686, 'g_stn_gpi_mult': 1.819288666867536, 'g_gpe_gpi_mult': 0.9285576900389187}. Best is trial 385 with value: 0.17190802772367522.
