[I 2026-05-28 23:35:32,487] Trial 616 finished with value: 0.7236359010640753 and parameters: {'ISTN': 60.003614796087476, 'I_gpe': 1.3480237453481483, 'I_gpi': 2.197269861666425, 'noise_stn_sigma': 6.713738793037823, 'noise_gpe_sigma': 130.74707424315608, 'noise_gpi_sigma': 100.77946463980908, 'g_stn_gpe_mult': 2.933826184203915, 'g_gpe_stn_mult': 0.4720767691408654, 'g_stn_gpi_mult': 3.1734731202835125, 'g_gpe_gpi_mult': 0.4961391267349404}. Best is trial 573 with value: 0.45098607789266554.
[I 2026-05-28 23:35:33,493] Trial 617 finished with value: 3.4095170519973568 and parameters: {'ISTN': 61.37963534293219, 'I_gpe': 1.3318042230805762, 'I_gpi': 2.29550008171229, 'noise_stn_sigma': 6.661570088723881, 'noise_gpe_sigma': 131.4100710689274, 'noise_gpi_sigma': 93.41917713936654, 'g_stn_gpe_mult': 2.8682421919039727, 'g_gpe_stn_mult': 0.5281256340700969, 'g_stn_gpi_mult': 3.2730640836882468, 'g_gpe_gpi_mult': 0.48859881591688326}. Best is trial 573 with value: 0.45098607789266554.
[I 2026-05-28 23:35:34,499] Trial 618 finished with value: 1.9754775193980443 and parameters: {'ISTN': 60.92449319333783, 'I_gpe': 1.323353560354825, 'I_gpi': 2.3564335545042714, 'noise_stn_sigma': 6.344709089906193, 'noise_gpe_sigma': 128.0638318746739, 'noise_gpi_sigma': 93.4896271065515, 'g_stn_gpe_mult': 2.9746724646736533, 'g_gpe_stn_mult': 0.574160279584629, 'g_stn_gpi_mult': 3.2374239676789704, 'g_gpe_gpi_mult': 0.5355814588048357}. Best is trial 573 with value: 0.45098607789266554.
[I 2026-05-28 23:35:35,506] Trial 619 finished with value: 4.54385202466451 and parameters: {'ISTN': 66.00857266448685, 'I_gpe': 1.3432645345117455, 'I_gpi': 2.136367839023258, 'noise_stn_sigma': 6.417246083096657, 'noise_gpe_sigma': 127.47769074067891, 'noise_gpi_sigma': 98.94542189225923, 'g_stn_gpe_mult': 2.833466821276819, 'g_gpe_stn_mult': 0.5353252618946792, 'g_stn_gpi_mult': 3.2617051057169193, 'g_gpe_gpi_mult': 0.4769487585181079}. Best is trial 573 with value: 0.45098607789266554.
[I 2026-05-28 23:35:36,514] Trial 620 finished with value: 4.105995196075292 and parameters: {'ISTN': 61.611792530669135, 'I_gpe': 1.393132561655019, 'I_gpi': 2.3290195108678615, 'noise_stn_sigma': 6.996019905672692, 'noise_gpe_sigma': 124.81956604230118, 'noise_gpi_sigma': 102.47427050364952, 'g_stn_gpe_mult': 2.861922220241719, 'g_gpe_stn_mult': 0.5220452028808337, 'g_stn_gpi_mult': 3.240301482359689, 'g_gpe_gpi_mult': 0.4829432876787448}. Best is trial 573 with value: 0.45098607789266554.
[I 2026-05-28 23:35:37,523] Trial 621 finished with value: 4.411386563782463 and parameters: {'ISTN': 61.70896115534196, 'I_gpe': 1.2717923342497341, 'I_gpi': 2.3454296338064893, 'noise_stn_sigma': 6.836792575538321, 'noise_gpe_sigma': 124.46347659155953, 'noise_gpi_sigma': 93.40675275172222, 'g_stn_gpe_mult': 2.92697085192482, 'g_gpe_stn_mult': 0.5190143138309716, 'g_stn_gpi_mult': 3.280394954864319, 'g_gpe_gpi_mult': 0.5355210148749316}. Best is trial 573 with value: 0.45098607789266554.
[I 2026-05-28 23:35:38,531] Trial 622 finished with value: 1.9672704475599354 and parameters: {'ISTN': 61.17819329327779, 'I_gpe': 1.2505418325917252, 'I_gpi': 2.5613898886490256, 'noise_stn_sigma': 6.455429792059855, 'noise_gpe_sigma': 131.1745498759037, 'noise_gpi_sigma': 93.28234964016897, 'g_stn_gpe_mult': 3.0650087470137644, 'g_gpe_stn_mult': 0.5607703250452992, 'g_stn_gpi_mult': 3.3369697771460882, 'g_gpe_gpi_mult': 0.4599406491915004}. Best is trial 573 with value: 0.45098607789266554.
[I 2026-05-28 23:35:39,539] Trial 623 finished with value: 5.365023546691186 and parameters: {'ISTN': 62.7953492919784, 'I_gpe': 1.3684768677690955, 'I_gpi': 2.4630344724045887, 'noise_stn_sigma': 6.5994650692907575, 'noise_gpe_sigma': 126.99477833911111, 'noise_gpi_sigma': 96.63911994022367, 'g_stn_gpe_mult': 2.789202311763865, 'g_gpe_stn_mult': 0.5448415501673817, 'g_stn_gpi_mult': 2.9833018167728085, 'g_gpe_gpi_mult': 0.5285564073592819}. Best is trial 573 with value: 0.45098607789266554.
[I 2026-05-28 23:35:40,546] Trial 624 finished with value: 1.7053191806663364 and parameters: {'ISTN': 60.678018413582905, 'I_gpe': 1.3701772537770367, 'I_gpi': 2.3277188717123103, 'noise_stn_sigma': 6.856718825944521, 'noise_gpe_sigma': 129.81254855544609, 'noise_gpi_sigma': 99.64924878823665, 'g_stn_gpe_mult': 2.731572203910637, 'g_gpe_stn_mult': 0.5017647875317691, 'g_stn_gpi_mult': 2.9742656122854703, 'g_gpe_gpi_mult': 0.4949854691151554}. Best is trial 573 with value: 0.45098607789266554.
[I 2026-05-28 23:35:41,554] Trial 625 finished with value: 0.7853387927246559 and parameters: {'ISTN': 60.04296459648405, 'I_gpe': 1.393542436106967, 'I_gpi': 2.3480801061386614, 'noise_stn_sigma': 6.828620950501887, 'noise_gpe_sigma': 128.8567444889597, 'noise_gpi_sigma': 99.40356930962697, 'g_stn_gpe_mult': 2.872100984714873, 'g_gpe_stn_mult': 0.4997463420931605, 'g_stn_gpi_mult': 3.200355394912518, 'g_gpe_gpi_mult': 0.5328956612678103}. Best is trial 573 with value: 0.45098607789266554.
[I 2026-05-28 23:35:42,561] Trial 626 finished with value: 2.810919124684579 and parameters: {'ISTN': 61.402402103833, 'I_gpe': 1.3459560689387597, 'I_gpi': 2.3908332607367235, 'noise_stn_sigma': 6.407294988017375, 'noise_gpe_sigma': 130.27697360168293, 'noise_gpi_sigma': 92.7094949281641, 'g_stn_gpe_mult': 2.976179252829755, 'g_gpe_stn_mult': 0.5328877586141874, 'g_stn_gpi_mult': 3.265152973361808, 'g_gpe_gpi_mult': 0.5217691464012474}. Best is trial 573 with value: 0.45098607789266554.
[I 2026-05-28 23:35:43,568] Trial 627 finished with value: 1.6112515873393376 and parameters: {'ISTN': 61.13037014173688, 'I_gpe': 1.3118973148453597, 'I_gpi': 2.1821212615712673, 'noise_stn_sigma': 6.831712346147898, 'noise_gpe_sigma': 131.1177054785768, 'noise_gpi_sigma': 91.99715942504925, 'g_stn_gpe_mult': 2.7999383929322867, 'g_gpe_stn_mult': 0.5322398682917409, 'g_stn_gpi_mult': 3.3154833965835877, 'g_gpe_gpi_mult': 0.5399777002727391}. Best is trial 573 with value: 0.45098607789266554.
[I 2026-05-28 23:35:44,574] Trial 628 finished with value: 4.90688028423449 and parameters: {'ISTN': 61.67427776091935, 'I_gpe': 1.2544774905006042, 'I_gpi': 2.3277002354102247, 'noise_stn_sigma': 7.089277585385615, 'noise_gpe_sigma': 131.67761245573402, 'noise_gpi_sigma': 96.44284859433094, 'g_stn_gpe_mult': 2.914061218995424, 'g_gpe_stn_mult': 0.5071851581581368, 'g_stn_gpi_mult': 3.18914928475655, 'g_gpe_gpi_mult': 0.5005224071099011}. Best is trial 573 with value: 0.45098607789266554.
[I 2026-05-28 23:35:45,582] Trial 629 finished with value: 7.388706853599483 and parameters: {'ISTN': 64.13772697517923, 'I_gpe': 1.4072181031096458, 'I_gpi': 2.431328637750073, 'noise_stn_sigma': 6.788911756065516, 'noise_gpe_sigma': 122.21437636935164, 'noise_gpi_sigma': 101.74060204258298, 'g_stn_gpe_mult': 2.8249241668082536, 'g_gpe_stn_mult': 0.5609152158289331, 'g_stn_gpi_mult': 3.1550425846328887, 'g_gpe_gpi_mult': 0.4875599715582765}. Best is trial 573 with value: 0.45098607789266554.
[I 2026-05-28 23:35:46,588] Trial 630 finished with value: 0.8107675204791218 and parameters: {'ISTN': 61.34586180915047, 'I_gpe': 1.301134453736725, 'I_gpi': 2.3299684792514945, 'noise_stn_sigma': 6.7005790851392835, 'noise_gpe_sigma': 130.48699811813339, 'noise_gpi_sigma': 93.14434975985323, 'g_stn_gpe_mult': 3.020957811594357, 'g_gpe_stn_mult': 0.5520844921060561, 'g_stn_gpi_mult': 3.404553662046384, 'g_gpe_gpi_mult': 0.5091198033423991}. Best is trial 573 with value: 0.45098607789266554.
[I 2026-05-28 23:35:47,596] Trial 631 finished with value: 0.47853375106118856 and parameters: {'ISTN': 60.47879766691244, 'I_gpe': 1.3515313747158113, 'I_gpi': 2.497338921609423, 'noise_stn_sigma': 6.551324105128179, 'noise_gpe_sigma': 131.34734350525264, 'noise_gpi_sigma': 91.84841172255632, 'g_stn_gpe_mult': 3.097218283696762, 'g_gpe_stn_mult': 0.5293608403727699, 'g_stn_gpi_mult': 3.2682940533880926, 'g_gpe_gpi_mult': 0.5168360166294054}. Best is trial 573 with value: 0.45098607789266554.
[I 2026-05-28 23:35:48,606] Trial 632 finished with value: 1.7676926571785103 and parameters: {'ISTN': 62.22224557837541, 'I_gpe': 1.316927744532851, 'I_gpi': 2.1583063979276194, 'noise_stn_sigma': 6.561112361817414, 'noise_gpe_sigma': 126.14457904967679, 'noise_gpi_sigma': 95.81367093413195, 'g_stn_gpe_mult': 2.8639166769765, 'g_gpe_stn_mult': 0.5393117268093174, 'g_stn_gpi_mult': 3.4080848245158024, 'g_gpe_gpi_mult': 0.5166261218389272}. Best is trial 573 with value: 0.45098607789266554.
[I 2026-05-28 23:35:49,615] Trial 633 finished with value: 7.397319925738898 and parameters: {'ISTN': 63.23762624137651, 'I_gpe': 1.2933396719424661, 'I_gpi': 2.1629538346597488, 'noise_stn_sigma': 6.757613947711895, 'noise_gpe_sigma': 127.38094481774867, 'noise_gpi_sigma': 99.8726983733343, 'g_stn_gpe_mult': 2.744736243234485, 'g_gpe_stn_mult': 0.5160679216299449, 'g_stn_gpi_mult': 3.1383372725009955, 'g_gpe_gpi_mult': 0.5686999960022876}. Best is trial 573 with value: 0.45098607789266554.
[I 2026-05-28 23:35:50,621] Trial 634 finished with value: 0.6005265591159387 and parameters: {'ISTN': 60.908628919747045, 'I_gpe': 1.297358097600363, 'I_gpi': 2.309018505560132, 'noise_stn_sigma': 6.974704066605593, 'noise_gpe_sigma': 128.38051251295752, 'noise_gpi_sigma': 92.46721761793646, 'g_stn_gpe_mult': 2.99947622144355, 'g_gpe_stn_mult': 0.5286198102596735, 'g_stn_gpi_mult': 3.1921044356931287, 'g_gpe_gpi_mult': 0.538754983326178}. Best is trial 573 with value: 0.45098607789266554.
[I 2026-05-28 23:35:51,629] Trial 635 finished with value: 1.842585007400218 and parameters: {'ISTN': 61.245625415630506, 'I_gpe': 1.3429738716001898, 'I_gpi': 2.313059783444565, 'noise_stn_sigma': 6.913468972789249, 'noise_gpe_sigma': 128.8436311687908, 'noise_gpi_sigma': 93.96174525918521, 'g_stn_gpe_mult': 2.846719712960738, 'g_gpe_stn_mult': 0.5389848999942806, 'g_stn_gpi_mult': 3.377487413439905, 'g_gpe_gpi_mult': 0.5235465594534041}. Best is trial 573 with value: 0.45098607789266554.
[I 2026-05-28 23:35:52,636] Trial 636 finished with value: 2.0357013136174076 and parameters: {'ISTN': 60.575473595536174, 'I_gpe': 1.3410256982552125, 'I_gpi': 2.4402031584016917, 'noise_stn_sigma': 6.8392399283453305, 'noise_gpe_sigma': 131.92914239901995, 'noise_gpi_sigma': 97.78738909076556, 'g_stn_gpe_mult': 2.9250112850101155, 'g_gpe_stn_mult': 0.5304218620342289, 'g_stn_gpi_mult': 3.3464372360698094, 'g_gpe_gpi_mult': 0.5471123754097181}. Best is trial 573 with value: 0.45098607789266554.
[I 2026-05-28 23:35:53,644] Trial 637 finished with value: 1.2864615730437239 and parameters: {'ISTN': 60.65227853576877, 'I_gpe': 1.3045095776355848, 'I_gpi': 2.387514644712663, 'noise_stn_sigma': 6.815603644961141, 'noise_gpe_sigma': 131.00489419258633, 'noise_gpi_sigma': 92.6072652824024, 'g_stn_gpe_mult': 3.012911958691994, 'g_gpe_stn_mult': 0.5512880014639223, 'g_stn_gpi_mult': 3.3981681213295296, 'g_gpe_gpi_mult': 0.49240759722629074}. Best is trial 573 with value: 0.45098607789266554.
[I 2026-05-28 23:35:54,651] Trial 638 finished with value: 8.122309826459254 and parameters: {'ISTN': 63.13337555662845, 'I_gpe': 1.29818058339248, 'I_gpi': 2.3759493879199045, 'noise_stn_sigma': 6.808992475048594, 'noise_gpe_sigma': 129.82264772136443, 'noise_gpi_sigma': 93.41836915158783, 'g_stn_gpe_mult': 2.945512992111742, 'g_gpe_stn_mult': 0.5400414499833639, 'g_stn_gpi_mult': 3.134321671482981, 'g_gpe_gpi_mult': 0.5574412106410211}. Best is trial 573 with value: 0.45098607789266554.
[I 2026-05-28 23:35:55,662] Trial 639 finished with value: 5.79735066449873 and parameters: {'ISTN': 60.923134700718016, 'I_gpe': 1.3136503849402514, 'I_gpi': 2.4330853343948236, 'noise_stn_sigma': 7.048052115379702, 'noise_gpe_sigma': 127.22471819337376, 'noise_gpi_sigma': 95.29400850071387, 'g_stn_gpe_mult': 2.9660702670737127, 'g_gpe_stn_mult': 0.48809426673006195, 'g_stn_gpi_mult': 3.1828036226542067, 'g_gpe_gpi_mult': 0.5361751129438386}. Best is trial 573 with value: 0.45098607789266554.
[I 2026-05-28 23:35:56,668] Trial 640 finished with value: 6.962430659745348 and parameters: {'ISTN': 62.28628544684528, 'I_gpe': 1.2968232583343755, 'I_gpi': 2.1186721910855866, 'noise_stn_sigma': 6.991903299767381, 'noise_gpe_sigma': 137.43535163743815, 'noise_gpi_sigma': 94.77134255762928, 'g_stn_gpe_mult': 2.802093405032574, 'g_gpe_stn_mult': 0.4781128326594227, 'g_stn_gpi_mult': 3.243655116419319, 'g_gpe_gpi_mult': 0.5410030793198949}. Best is trial 573 with value: 0.45098607789266554.
[I 2026-05-28 23:35:57,677] Trial 641 finished with value: 6.032533226786748 and parameters: {'ISTN': 62.20327004039983, 'I_gpe': 1.3272837879812558, 'I_gpi': 2.421904377668076, 'noise_stn_sigma': 6.515078548840061, 'noise_gpe_sigma': 130.60108441604848, 'noise_gpi_sigma': 93.15287866777157, 'g_stn_gpe_mult': 3.1550534950560736, 'g_gpe_stn_mult': 0.5293269156691092, 'g_stn_gpi_mult': 3.297659093602555, 'g_gpe_gpi_mult': 0.4899915380321746}. Best is trial 573 with value: 0.45098607789266554.
[I 2026-05-28 23:35:58,688] Trial 642 finished with value: 3.7448874061036133 and parameters: {'ISTN': 61.083017172210695, 'I_gpe': 1.33089278150382, 'I_gpi': 2.4117013981952526, 'noise_stn_sigma': 6.713392617664047, 'noise_gpe_sigma': 124.74637140679316, 'noise_gpi_sigma': 92.89364678382856, 'g_stn_gpe_mult': 3.075812486738845, 'g_gpe_stn_mult': 0.5465015192882393, 'g_stn_gpi_mult': 3.371023173657812, 'g_gpe_gpi_mult': 0.499633226585162}. Best is trial 573 with value: 0.45098607789266554.
[I 2026-05-28 23:35:59,695] Trial 643 finished with value: 13.646109701755094 and parameters: {'ISTN': 63.55914341541359, 'I_gpe': 1.4291213044549367, 'I_gpi': 2.372442980903254, 'noise_stn_sigma': 6.779697034462096, 'noise_gpe_sigma': 132.0270857968288, 'noise_gpi_sigma': 89.23230070331496, 'g_stn_gpe_mult': 3.1195937715707345, 'g_gpe_stn_mult': 0.5270536306109155, 'g_stn_gpi_mult': 3.359065502665193, 'g_gpe_gpi_mult': 0.5215455428404748}. Best is trial 573 with value: 0.45098607789266554.
[I 2026-05-28 23:36:00,704] Trial 644 finished with value: 6.89270364157243 and parameters: {'ISTN': 63.18006847216147, 'I_gpe': 1.2934656950869514, 'I_gpi': 2.5672955675081437, 'noise_stn_sigma': 6.646638782001741, 'noise_gpe_sigma': 126.49843582335801, 'noise_gpi_sigma': 91.61482989171026, 'g_stn_gpe_mult': 3.2756435985198276, 'g_gpe_stn_mult': 0.5480710163073422, 'g_stn_gpi_mult': 3.3405273520012817, 'g_gpe_gpi_mult': 0.48312420001928225}. Best is trial 573 with value: 0.45098607789266554.
[I 2026-05-28 23:36:01,710] Trial 645 finished with value: 8.515901602442126 and parameters: {'ISTN': 62.185941347404786, 'I_gpe': 1.2849180567052847, 'I_gpi': 2.423273410148967, 'noise_stn_sigma': 7.101157533883055, 'noise_gpe_sigma': 129.90235815472994, 'noise_gpi_sigma': 95.91688004498566, 'g_stn_gpe_mult': 3.096899466058374, 'g_gpe_stn_mult': 0.5026139771336201, 'g_stn_gpi_mult': 3.0921943138638746, 'g_gpe_gpi_mult': 0.5156148289957041}. Best is trial 573 with value: 0.45098607789266554.
[I 2026-05-28 23:36:02,717] Trial 646 finished with value: 0.9852052641184332 and parameters: {'ISTN': 60.57541604180006, 'I_gpe': 1.3794357197980318, 'I_gpi': 2.499524295218905, 'noise_stn_sigma': 6.600742071153398, 'noise_gpe_sigma': 129.45065607346726, 'noise_gpi_sigma': 93.59133064107775, 'g_stn_gpe_mult': 2.9631831980571883, 'g_gpe_stn_mult': 0.5433086938843065, 'g_stn_gpi_mult': 3.1217813821135674, 'g_gpe_gpi_mult': 0.4981130542094656}. Best is trial 573 with value: 0.45098607789266554.
[I 2026-05-28 23:36:03,724] Trial 647 finished with value: 2.4096156493817906 and parameters: {'ISTN': 61.574752003642736, 'I_gpe': 1.3115719497168725, 'I_gpi': 2.3852737339916557, 'noise_stn_sigma': 6.647600468440058, 'noise_gpe_sigma': 130.26675248889336, 'noise_gpi_sigma': 92.89597060909622, 'g_stn_gpe_mult': 3.0112950594630634, 'g_gpe_stn_mult': 0.5609932447524099, 'g_stn_gpi_mult': 3.3182772624584653, 'g_gpe_gpi_mult': 0.5210834831572877}. Best is trial 573 with value: 0.45098607789266554.
[I 2026-05-28 23:36:04,732] Trial 648 finished with value: 2.191247306000119 and parameters: {'ISTN': 64.2271532744158, 'I_gpe': 1.3397577991150613, 'I_gpi': 2.433517210884366, 'noise_stn_sigma': 6.4869516102965825, 'noise_gpe_sigma': 132.28530147790008, 'noise_gpi_sigma': 85.15259439910062, 'g_stn_gpe_mult': 3.1472082302158464, 'g_gpe_stn_mult': 0.5968931833664078, 'g_stn_gpi_mult': 3.4037110538032382, 'g_gpe_gpi_mult': 0.5219919020959869}. Best is trial 573 with value: 0.45098607789266554.
[I 2026-05-28 23:36:05,744] Trial 649 finished with value: 4.444106398853888 and parameters: {'ISTN': 62.00218220183547, 'I_gpe': 1.3921153374750501, 'I_gpi': 2.243100506865958, 'noise_stn_sigma': 6.733584099961369, 'noise_gpe_sigma': 127.11072414653343, 'noise_gpi_sigma': 95.1727656606165, 'g_stn_gpe_mult': 2.9778285224480667, 'g_gpe_stn_mult': 0.5270315225182095, 'g_stn_gpi_mult': 3.2261807646195795, 'g_gpe_gpi_mult': 0.507850006731897}. Best is trial 573 with value: 0.45098607789266554.
[I 2026-05-28 23:36:06,753] Trial 650 finished with value: 1.9859251691431559 and parameters: {'ISTN': 61.18015868868502, 'I_gpe': 1.3449904774823596, 'I_gpi': 2.4329602588533006, 'noise_stn_sigma': 6.824883593329262, 'noise_gpe_sigma': 129.57124029332834, 'noise_gpi_sigma': 98.71076524789316, 'g_stn_gpe_mult': 2.8773620067031533, 'g_gpe_stn_mult': 0.5249953544400202, 'g_stn_gpi_mult': 3.234445239881172, 'g_gpe_gpi_mult': 0.5126749352677431}. Best is trial 573 with value: 0.45098607789266554.
[I 2026-05-28 23:36:07,763] Trial 651 finished with value: 6.959062286212392 and parameters: {'ISTN': 61.86957980098184, 'I_gpe': 1.3506639620214274, 'I_gpi': 2.428801930852713, 'noise_stn_sigma': 6.727983601859437, 'noise_gpe_sigma': 136.57096085724262, 'noise_gpi_sigma': 89.26586236892062, 'g_stn_gpe_mult': 3.0603882553766786, 'g_gpe_stn_mult': 0.5606672058422214, 'g_stn_gpi_mult': 3.321840794225784, 'g_gpe_gpi_mult': 0.4896135420807056}. Best is trial 573 with value: 0.45098607789266554.
[I 2026-05-28 23:36:08,769] Trial 652 finished with value: 6.084262826311906 and parameters: {'ISTN': 63.28894130889919, 'I_gpe': 1.3672189338644476, 'I_gpi': 2.5546847045205396, 'noise_stn_sigma': 6.802771339853005, 'noise_gpe_sigma': 132.48172792415835, 'noise_gpi_sigma': 93.37613812669473, 'g_stn_gpe_mult': 3.151961215551122, 'g_gpe_stn_mult': 0.5409928167959388, 'g_stn_gpi_mult': 3.1835957439705598, 'g_gpe_gpi_mult': 0.5363592002650781}. Best is trial 573 with value: 0.45098607789266554.
[I 2026-05-28 23:36:09,777] Trial 653 finished with value: 0.5673955585216433 and parameters: {'ISTN': 60.17802538141139, 'I_gpe': 1.3276056983749067, 'I_gpi': 2.2970193694737384, 'noise_stn_sigma': 6.949367475943667, 'noise_gpe_sigma': 132.94999345358798, 'noise_gpi_sigma': 93.56678746790705, 'g_stn_gpe_mult': 3.0199883824718823, 'g_gpe_stn_mult': 0.49414057092290753, 'g_stn_gpi_mult': 3.096302804141827, 'g_gpe_gpi_mult': 0.5050092151303192}. Best is trial 573 with value: 0.45098607789266554.
[I 2026-05-28 23:36:10,784] Trial 654 finished with value: 1.2802840171555694 and parameters: {'ISTN': 60.453452235938634, 'I_gpe': 1.3640334536001042, 'I_gpi': 2.4678183812392893, 'noise_stn_sigma': 6.412154412465805, 'noise_gpe_sigma': 131.9800943654062, 'noise_gpi_sigma': 96.80783029935905, 'g_stn_gpe_mult': 2.9716415286301467, 'g_gpe_stn_mult': 0.5291416750802785, 'g_stn_gpi_mult': 3.227332208632833, 'g_gpe_gpi_mult': 0.49613437884705236}. Best is trial 573 with value: 0.45098607789266554.
[I 2026-05-28 23:36:11,793] Trial 655 finished with value: 1.953283509018941 and parameters: {'ISTN': 61.44845875460563, 'I_gpe': 1.2698333067725778, 'I_gpi': 2.305413342288085, 'noise_stn_sigma': 6.39068615597728, 'noise_gpe_sigma': 131.21180212251306, 'noise_gpi_sigma': 93.91882626298332, 'g_stn_gpe_mult': 3.063315818375484, 'g_gpe_stn_mult': 0.5413737341933184, 'g_stn_gpi_mult': 3.2191233075910453, 'g_gpe_gpi_mult': 0.43926937096395596}. Best is trial 573 with value: 0.45098607789266554.
[I 2026-05-28 23:36:12,803] Trial 656 finished with value: 1.146534192544786 and parameters: {'ISTN': 63.43240471022925, 'I_gpe': 1.3757654162515127, 'I_gpi': 2.5625104379128807, 'noise_stn_sigma': 6.463670702029025, 'noise_gpe_sigma': 128.72472051889255, 'noise_gpi_sigma': 88.39958905740451, 'g_stn_gpe_mult': 2.9876437720483544, 'g_gpe_stn_mult': 0.5905613781807753, 'g_stn_gpi_mult': 3.1727801807963876, 'g_gpe_gpi_mult': 0.49555644971098356}. Best is trial 573 with value: 0.45098607789266554.
[I 2026-05-28 23:36:13,813] Trial 657 finished with value: 6.842647106623719 and parameters: {'ISTN': 62.652742100272036, 'I_gpe': 1.3368247532742508, 'I_gpi': 2.476975181035601, 'noise_stn_sigma': 6.665579744507768, 'noise_gpe_sigma': 132.81449178854928, 'noise_gpi_sigma': 85.82481614211994, 'g_stn_gpe_mult': 3.057894420718502, 'g_gpe_stn_mult': 0.5530493756135374, 'g_stn_gpi_mult': 3.227562074575497, 'g_gpe_gpi_mult': 0.5308769821647674}. Best is trial 573 with value: 0.45098607789266554.
[I 2026-05-28 23:36:14,821] Trial 658 finished with value: 1.6045755282536462 and parameters: {'ISTN': 60.82302425501149, 'I_gpe': 1.284656455020182, 'I_gpi': 2.6586000908043825, 'noise_stn_sigma': 6.485904235962194, 'noise_gpe_sigma': 130.37664491266523, 'noise_gpi_sigma': 90.03890103637717, 'g_stn_gpe_mult': 3.1371723647269913, 'g_gpe_stn_mult': 0.5712765434249764, 'g_stn_gpi_mult': 3.2237217132797023, 'g_gpe_gpi_mult': 0.4865170687877735}. Best is trial 573 with value: 0.45098607789266554.
[I 2026-05-28 23:36:15,828] Trial 659 finished with value: 4.757629602747313 and parameters: {'ISTN': 61.80758077487352, 'I_gpe': 1.3292227476261753, 'I_gpi': 2.4519101231301326, 'noise_stn_sigma': 6.526548274519305, 'noise_gpe_sigma': 129.6871964558406, 'noise_gpi_sigma': 91.93571632015879, 'g_stn_gpe_mult': 3.0180332563389394, 'g_gpe_stn_mult': 0.5593653780628309, 'g_stn_gpi_mult': 3.261692983315612, 'g_gpe_gpi_mult': 0.5312002000370665}. Best is trial 573 with value: 0.45098607789266554.
