[I 2026-05-28 23:24:29,052] Trial 968 finished with value: 9.392116039539136 and parameters: {'ISTN': 62.38756473236962, 'I_gpe': 2.0836319871785087, 'I_gpi': 2.1868380824334555, 'noise_stn_sigma': 6.627460950900879, 'noise_gpe_sigma': 121.55691351170215, 'noise_gpi_sigma': 103.65634774632156, 'g_stn_gpe_mult': 3.341409750914767, 'g_gpe_stn_mult': 0.7020627150730255, 'g_stn_gpi_mult': 3.164774447326348, 'g_gpe_gpi_mult': 0.8729172754487755}. Best is trial 922 with value: 1.7293348371804143.
[I 2026-05-28 23:24:30,001] Trial 969 finished with value: 1000000.0 and parameters: {'ISTN': 62.96802966509538, 'I_gpe': 2.0601469216797783, 'I_gpi': 2.284038543761487, 'noise_stn_sigma': 6.431985349244674, 'noise_gpe_sigma': 122.76382353052132, 'noise_gpi_sigma': 102.52842826945493, 'g_stn_gpe_mult': 3.3480450924389586, 'g_gpe_stn_mult': 0.7033419641649341, 'g_stn_gpi_mult': 3.138033447823239, 'g_gpe_gpi_mult': 0.8719450780328395}. Best is trial 922 with value: 1.7293348371804143.
[I 2026-05-28 23:24:31,011] Trial 970 finished with value: 11.062252875403857 and parameters: {'ISTN': 60.99036303804635, 'I_gpe': 2.0227581985282974, 'I_gpi': 2.220794314796353, 'noise_stn_sigma': 6.520864325787001, 'noise_gpe_sigma': 119.78463304772535, 'noise_gpi_sigma': 103.6276189819287, 'g_stn_gpe_mult': 3.3456237086814236, 'g_gpe_stn_mult': 0.6884128631386286, 'g_stn_gpi_mult': 3.128900072528102, 'g_gpe_gpi_mult': 0.8923036309817656}. Best is trial 922 with value: 1.7293348371804143.
[I 2026-05-28 23:24:32,019] Trial 971 finished with value: 8.046233819100475 and parameters: {'ISTN': 61.36993923263614, 'I_gpe': 2.101513201352919, 'I_gpi': 2.217887035464974, 'noise_stn_sigma': 6.51010700659824, 'noise_gpe_sigma': 120.57092564772752, 'noise_gpi_sigma': 103.0273693425601, 'g_stn_gpe_mult': 3.3915847566979167, 'g_gpe_stn_mult': 0.7024757556380083, 'g_stn_gpi_mult': 3.1320722296551327, 'g_gpe_gpi_mult': 0.8619019703594444}. Best is trial 922 with value: 1.7293348371804143.
[I 2026-05-28 23:24:33,027] Trial 972 finished with value: 6.569343260566426 and parameters: {'ISTN': 61.44611772084719, 'I_gpe': 2.0561456878551003, 'I_gpi': 2.274571091065059, 'noise_stn_sigma': 6.60459288021088, 'noise_gpe_sigma': 121.83028429415388, 'noise_gpi_sigma': 105.41678887691549, 'g_stn_gpe_mult': 3.342068927253595, 'g_gpe_stn_mult': 0.7004361857200909, 'g_stn_gpi_mult': 3.0820995680900625, 'g_gpe_gpi_mult': 0.8898350397286949}. Best is trial 922 with value: 1.7293348371804143.
[I 2026-05-28 23:24:33,975] Trial 973 finished with value: 1000000.0 and parameters: {'ISTN': 62.18366099040823, 'I_gpe': 2.096272682521665, 'I_gpi': 2.199855708987889, 'noise_stn_sigma': 6.577862260873512, 'noise_gpe_sigma': 121.43016210849781, 'noise_gpi_sigma': 104.09476463661258, 'g_stn_gpe_mult': 3.3481880865861022, 'g_gpe_stn_mult': 0.6980912963598969, 'g_stn_gpi_mult': 3.160682022924494, 'g_gpe_gpi_mult': 0.8676300596790794}. Best is trial 922 with value: 1.7293348371804143.
[I 2026-05-28 23:24:34,984] Trial 974 finished with value: 5.902699823945899 and parameters: {'ISTN': 62.62663507328837, 'I_gpe': 2.1038303138039405, 'I_gpi': 2.1740632840209004, 'noise_stn_sigma': 6.873005644480418, 'noise_gpe_sigma': 124.56256977011192, 'noise_gpi_sigma': 100.79997179893573, 'g_stn_gpe_mult': 3.3544141032260857, 'g_gpe_stn_mult': 0.7098332340882351, 'g_stn_gpi_mult': 3.20590859643458, 'g_gpe_gpi_mult': 0.8803050769329961}. Best is trial 922 with value: 1.7293348371804143.
[I 2026-05-28 23:24:35,993] Trial 975 finished with value: 7.385833679264838 and parameters: {'ISTN': 61.21629938683493, 'I_gpe': 2.0492792160039643, 'I_gpi': 2.2372521832024024, 'noise_stn_sigma': 6.613739885316701, 'noise_gpe_sigma': 121.05735045418035, 'noise_gpi_sigma': 106.67629303463744, 'g_stn_gpe_mult': 3.3609266563925155, 'g_gpe_stn_mult': 0.6980893828747023, 'g_stn_gpi_mult': 3.1291792806429464, 'g_gpe_gpi_mult': 0.8908845795722333}. Best is trial 922 with value: 1.7293348371804143.
[I 2026-05-28 23:24:37,001] Trial 976 finished with value: 5.025911656898708 and parameters: {'ISTN': 61.87274524625016, 'I_gpe': 2.0848860992140814, 'I_gpi': 2.219648399486722, 'noise_stn_sigma': 6.423793433895761, 'noise_gpe_sigma': 120.60429598355296, 'noise_gpi_sigma': 107.5048369065044, 'g_stn_gpe_mult': 3.38522244431463, 'g_gpe_stn_mult': 0.6993956129890079, 'g_stn_gpi_mult': 3.1306436044337222, 'g_gpe_gpi_mult': 0.8762946219590166}. Best is trial 922 with value: 1.7293348371804143.
[I 2026-05-28 23:24:38,010] Trial 977 finished with value: 9.994561208997597 and parameters: {'ISTN': 61.0922116224129, 'I_gpe': 2.0376653095281525, 'I_gpi': 2.2599679459327984, 'noise_stn_sigma': 6.570680245636757, 'noise_gpe_sigma': 117.82698873385804, 'noise_gpi_sigma': 105.53015812761247, 'g_stn_gpe_mult': 3.3453270928816408, 'g_gpe_stn_mult': 0.6980470569188195, 'g_stn_gpi_mult': 3.094679512889795, 'g_gpe_gpi_mult': 0.8781239257058759}. Best is trial 922 with value: 1.7293348371804143.
[I 2026-05-28 23:24:39,020] Trial 978 finished with value: 8.54483248933162 and parameters: {'ISTN': 60.40267344875404, 'I_gpe': 2.0792034311091196, 'I_gpi': 2.2437370936301164, 'noise_stn_sigma': 6.443748758779414, 'noise_gpe_sigma': 119.6894348928199, 'noise_gpi_sigma': 107.12026244230604, 'g_stn_gpe_mult': 3.367703848303669, 'g_gpe_stn_mult': 0.6854953419345943, 'g_stn_gpi_mult': 3.0497188605559686, 'g_gpe_gpi_mult': 0.8738049117011943}. Best is trial 922 with value: 1.7293348371804143.
[I 2026-05-28 23:24:40,029] Trial 979 finished with value: 6.456025040420522 and parameters: {'ISTN': 61.360931952579186, 'I_gpe': 2.0680637168513494, 'I_gpi': 2.140405106757682, 'noise_stn_sigma': 6.614866586872422, 'noise_gpe_sigma': 122.37286829647306, 'noise_gpi_sigma': 104.28469209162938, 'g_stn_gpe_mult': 3.3735304388114806, 'g_gpe_stn_mult': 0.6921403109738227, 'g_stn_gpi_mult': 3.1467567311049316, 'g_gpe_gpi_mult': 0.8779277396703256}. Best is trial 922 with value: 1.7293348371804143.
[I 2026-05-28 23:24:41,036] Trial 980 finished with value: 10.104623848277974 and parameters: {'ISTN': 61.22033058176739, 'I_gpe': 2.048463366615392, 'I_gpi': 2.202998667008319, 'noise_stn_sigma': 6.743302175208567, 'noise_gpe_sigma': 118.55601294750045, 'noise_gpi_sigma': 105.94869426068031, 'g_stn_gpe_mult': 3.340294781482665, 'g_gpe_stn_mult': 0.6926259888215553, 'g_stn_gpi_mult': 3.142489277366734, 'g_gpe_gpi_mult': 0.8741713288350066}. Best is trial 922 with value: 1.7293348371804143.
[I 2026-05-28 23:24:42,046] Trial 981 finished with value: 5.126241427116137 and parameters: {'ISTN': 61.481628267867485, 'I_gpe': 2.066706466654665, 'I_gpi': 2.2038193478429475, 'noise_stn_sigma': 6.70764466886045, 'noise_gpe_sigma': 123.09442860897822, 'noise_gpi_sigma': 103.4551236000174, 'g_stn_gpe_mult': 3.3287167375862046, 'g_gpe_stn_mult': 0.7009986125749939, 'g_stn_gpi_mult': 3.1206002256570033, 'g_gpe_gpi_mult': 0.8678088595421054}. Best is trial 922 with value: 1.7293348371804143.
[I 2026-05-28 23:24:43,053] Trial 982 finished with value: 11.586017930082182 and parameters: {'ISTN': 60.39054280286876, 'I_gpe': 2.02084652062561, 'I_gpi': 2.145882567498602, 'noise_stn_sigma': 6.824433386905131, 'noise_gpe_sigma': 120.76255605511345, 'noise_gpi_sigma': 105.95501825740814, 'g_stn_gpe_mult': 3.3857899800956845, 'g_gpe_stn_mult': 0.6854604516039827, 'g_stn_gpi_mult': 3.117518309692342, 'g_gpe_gpi_mult': 0.9037996755555677}. Best is trial 922 with value: 1.7293348371804143.
[I 2026-05-28 23:24:44,061] Trial 983 finished with value: 7.295852031036171 and parameters: {'ISTN': 60.93392437421085, 'I_gpe': 2.0927688327892233, 'I_gpi': 2.1779970757130918, 'noise_stn_sigma': 6.633355529512898, 'noise_gpe_sigma': 119.7642663626256, 'noise_gpi_sigma': 106.91389056868364, 'g_stn_gpe_mult': 3.409369566311911, 'g_gpe_stn_mult': 0.6886972463293, 'g_stn_gpi_mult': 3.1565003275277053, 'g_gpe_gpi_mult': 0.88687736464353}. Best is trial 922 with value: 1.7293348371804143.
[I 2026-05-28 23:24:45,070] Trial 984 finished with value: 9.138678771156004 and parameters: {'ISTN': 60.754512839897046, 'I_gpe': 2.078711834318919, 'I_gpi': 2.199698601654077, 'noise_stn_sigma': 6.59834448709495, 'noise_gpe_sigma': 119.00442468332336, 'noise_gpi_sigma': 105.15221652265322, 'g_stn_gpe_mult': 3.3674538182879536, 'g_gpe_stn_mult': 0.6912898322375745, 'g_stn_gpi_mult': 3.1294611425310994, 'g_gpe_gpi_mult': 0.884054127678672}. Best is trial 922 with value: 1.7293348371804143.
[I 2026-05-28 23:24:46,019] Trial 985 finished with value: 1000000.0 and parameters: {'ISTN': 61.49484824457196, 'I_gpe': 2.080054740739449, 'I_gpi': 2.1594391421787864, 'noise_stn_sigma': 6.694354111673401, 'noise_gpe_sigma': 122.98102804757028, 'noise_gpi_sigma': 103.01205408483588, 'g_stn_gpe_mult': 3.4025562769876627, 'g_gpe_stn_mult': 0.6952619461548304, 'g_stn_gpi_mult': 3.1684399010465643, 'g_gpe_gpi_mult': 0.9021814341058099}. Best is trial 922 with value: 1.7293348371804143.
[I 2026-05-28 23:24:47,027] Trial 986 finished with value: 1.7984184678669717 and parameters: {'ISTN': 62.079979866208284, 'I_gpe': 2.0896311343906837, 'I_gpi': 2.15722265341487, 'noise_stn_sigma': 6.538978245870224, 'noise_gpe_sigma': 121.85770352889088, 'noise_gpi_sigma': 106.36876297734656, 'g_stn_gpe_mult': 3.394192140964634, 'g_gpe_stn_mult': 0.6988342882864135, 'g_stn_gpi_mult': 3.1692361608044317, 'g_gpe_gpi_mult': 0.874374801388579}. Best is trial 922 with value: 1.7293348371804143.
[I 2026-05-28 23:24:48,036] Trial 987 finished with value: 7.268136585771443 and parameters: {'ISTN': 62.778786421987746, 'I_gpe': 2.0600228529186655, 'I_gpi': 2.2035302781405317, 'noise_stn_sigma': 6.721780078665291, 'noise_gpe_sigma': 124.47475467179076, 'noise_gpi_sigma': 104.4209444976645, 'g_stn_gpe_mult': 3.381905724321422, 'g_gpe_stn_mult': 0.7116195680617038, 'g_stn_gpi_mult': 3.1924876621992917, 'g_gpe_gpi_mult': 0.8827458447919827}. Best is trial 922 with value: 1.7293348371804143.
[I 2026-05-28 23:24:49,044] Trial 988 finished with value: 5.327290131300559 and parameters: {'ISTN': 61.12264724589591, 'I_gpe': 2.099924259961104, 'I_gpi': 2.168874853720366, 'noise_stn_sigma': 6.535510971453404, 'noise_gpe_sigma': 119.46695722124149, 'noise_gpi_sigma': 104.8217852517526, 'g_stn_gpe_mult': 3.3444682508557064, 'g_gpe_stn_mult': 0.689538635089322, 'g_stn_gpi_mult': 3.1511650529409208, 'g_gpe_gpi_mult': 0.8855994599023689}. Best is trial 922 with value: 1.7293348371804143.
[I 2026-05-28 23:24:50,053] Trial 989 finished with value: 8.037762600298558 and parameters: {'ISTN': 61.867137836314065, 'I_gpe': 2.085244749349479, 'I_gpi': 2.293900587437485, 'noise_stn_sigma': 6.761432198823698, 'noise_gpe_sigma': 126.75487813925915, 'noise_gpi_sigma': 106.58135980264666, 'g_stn_gpe_mult': 3.3888818888522647, 'g_gpe_stn_mult': 0.6992432387982515, 'g_stn_gpi_mult': 3.1496125265502966, 'g_gpe_gpi_mult': 0.866580882142459}. Best is trial 922 with value: 1.7293348371804143.
[I 2026-05-28 23:24:51,061] Trial 990 finished with value: 6.381916355518843 and parameters: {'ISTN': 62.645607671798324, 'I_gpe': 2.0749607999238835, 'I_gpi': 2.193582975404963, 'noise_stn_sigma': 6.553694932816205, 'noise_gpe_sigma': 123.94248681725843, 'noise_gpi_sigma': 103.09850806494948, 'g_stn_gpe_mult': 3.377970496642684, 'g_gpe_stn_mult': 0.6998850121605322, 'g_stn_gpi_mult': 3.11069558750743, 'g_gpe_gpi_mult': 0.8605375686729033}. Best is trial 922 with value: 1.7293348371804143.
[I 2026-05-28 23:24:52,070] Trial 991 finished with value: 7.36444548757785 and parameters: {'ISTN': 61.49290232292494, 'I_gpe': 2.0949310917285624, 'I_gpi': 2.1285079952713275, 'noise_stn_sigma': 6.489095410460631, 'noise_gpe_sigma': 122.84519070433583, 'noise_gpi_sigma': 104.09819312603074, 'g_stn_gpe_mult': 3.3718862099642264, 'g_gpe_stn_mult': 0.6870301798558848, 'g_stn_gpi_mult': 3.0754874944622115, 'g_gpe_gpi_mult': 0.8566782120090282}. Best is trial 922 with value: 1.7293348371804143.
[I 2026-05-28 23:24:53,078] Trial 992 finished with value: 6.056646525169354 and parameters: {'ISTN': 62.681383633224506, 'I_gpe': 2.108903445194351, 'I_gpi': 2.1932971335366185, 'noise_stn_sigma': 6.610495671661558, 'noise_gpe_sigma': 125.65231310355777, 'noise_gpi_sigma': 103.16370014339238, 'g_stn_gpe_mult': 3.4049921249109794, 'g_gpe_stn_mult': 0.7090733213100281, 'g_stn_gpi_mult': 3.1732519819075033, 'g_gpe_gpi_mult': 0.856122379269868}. Best is trial 922 with value: 1.7293348371804143.
[I 2026-05-28 23:24:54,087] Trial 993 finished with value: 4.192605013931317 and parameters: {'ISTN': 61.31606512760729, 'I_gpe': 2.070828386090075, 'I_gpi': 2.1729992407312686, 'noise_stn_sigma': 6.798009246622731, 'noise_gpe_sigma': 120.16405201737852, 'noise_gpi_sigma': 105.65854875504829, 'g_stn_gpe_mult': 3.3565547609771427, 'g_gpe_stn_mult': 0.6993219699224906, 'g_stn_gpi_mult': 3.1579605365855974, 'g_gpe_gpi_mult': 0.8870082994155168}. Best is trial 922 with value: 1.7293348371804143.
[I 2026-05-28 23:24:55,094] Trial 994 finished with value: 3.098630594692063 and parameters: {'ISTN': 61.86997878931511, 'I_gpe': 2.109651800148219, 'I_gpi': 2.1025725371194333, 'noise_stn_sigma': 6.720178203562587, 'noise_gpe_sigma': 125.00493407266472, 'noise_gpi_sigma': 103.18911875994337, 'g_stn_gpe_mult': 3.426378431303, 'g_gpe_stn_mult': 0.6954149214901291, 'g_stn_gpi_mult': 3.1731818632353206, 'g_gpe_gpi_mult': 0.8823015883216594}. Best is trial 922 with value: 1.7293348371804143.
[I 2026-05-28 23:24:56,101] Trial 995 finished with value: 7.494547885580076 and parameters: {'ISTN': 62.53707874065376, 'I_gpe': 2.1152836357726112, 'I_gpi': 2.1930203535417836, 'noise_stn_sigma': 6.424839343031064, 'noise_gpe_sigma': 121.69803810110645, 'noise_gpi_sigma': 104.44940274502741, 'g_stn_gpe_mult': 3.33090495744048, 'g_gpe_stn_mult': 0.6987969605178371, 'g_stn_gpi_mult': 3.1647702799588053, 'g_gpe_gpi_mult': 0.8823530647050328}. Best is trial 922 with value: 1.7293348371804143.
[I 2026-05-28 23:24:57,109] Trial 996 finished with value: 8.802462636355358 and parameters: {'ISTN': 61.21064150746726, 'I_gpe': 2.0838976070107345, 'I_gpi': 2.1471077662195497, 'noise_stn_sigma': 6.662369759357226, 'noise_gpe_sigma': 120.3884028719216, 'noise_gpi_sigma': 105.65155063960454, 'g_stn_gpe_mult': 3.3536581333042275, 'g_gpe_stn_mult': 0.7020023237964172, 'g_stn_gpi_mult': 3.14199248423709, 'g_gpe_gpi_mult': 0.8824749427030267}. Best is trial 922 with value: 1.7293348371804143.
[I 2026-05-28 23:24:58,117] Trial 997 finished with value: 5.739883341480524 and parameters: {'ISTN': 61.2794344440674, 'I_gpe': 2.079097816519718, 'I_gpi': 2.149030131299475, 'noise_stn_sigma': 6.5983597267295915, 'noise_gpe_sigma': 122.20901396795021, 'noise_gpi_sigma': 105.43656660420652, 'g_stn_gpe_mult': 3.445749659611172, 'g_gpe_stn_mult': 0.6924730902748667, 'g_stn_gpi_mult': 3.1539328203862196, 'g_gpe_gpi_mult': 0.8867997654928377}. Best is trial 922 with value: 1.7293348371804143.
[I 2026-05-28 23:24:59,124] Trial 998 finished with value: 6.111907940152562 and parameters: {'ISTN': 61.464264694270796, 'I_gpe': 2.0722641701818976, 'I_gpi': 2.1632088802067075, 'noise_stn_sigma': 6.622537850394276, 'noise_gpe_sigma': 122.68783046161464, 'noise_gpi_sigma': 107.26391104250023, 'g_stn_gpe_mult': 3.344499815356003, 'g_gpe_stn_mult': 0.6943327084529132, 'g_stn_gpi_mult': 3.0701329188698323, 'g_gpe_gpi_mult': 0.8690985318826572}. Best is trial 922 with value: 1.7293348371804143.
[I 2026-05-28 23:25:00,132] Trial 999 finished with value: 12.16182060250468 and parameters: {'ISTN': 60.82698358134253, 'I_gpe': 2.0962524078020417, 'I_gpi': 2.1604480668126183, 'noise_stn_sigma': 6.638749123351941, 'noise_gpe_sigma': 120.35072733915138, 'noise_gpi_sigma': 107.6293679100174, 'g_stn_gpe_mult': 3.413748293362579, 'g_gpe_stn_mult': 0.6974277810003012, 'g_stn_gpi_mult': 3.1882288620827817, 'g_gpe_gpi_mult': 0.8882720397125821}. Best is trial 922 with value: 1.7293348371804143.
Condition: tau1
Seed: 42, Trials: 1000
Bounds:
  ISTN: [60.0, 150.0]
  I_gpe: [0.5, 4.0]
  I_gpi: [1.0, 5.0]
  noise_stn_sigma: [1.0, 8.0]
  noise_gpe_sigma: [20.0, 150.0]
  noise_gpi_sigma: [20.0, 150.0]
  g_stn_gpe_mult: [1.5, 5.0]
  g_gpe_stn_mult: [0.1, 0.8]
  g_stn_gpi_mult: [1.0, 4.0]
  g_gpe_gpi_mult: [0.2, 1.2]
Weights: {'rate': 5.0, 'cv': 0.2, 'beta': 15.0}
JAX devices: [CudaDevice(id=0)]

Building simulator...
Warming up JIT...
JIT ready.


============================================================
DONE: tau1 (seed=42)
  Time: 16.8 min
  Best loss: 1.7293
  STN: 25.0 Hz (target 27.5)
  GPe: 52.5 Hz (target 42.5)
  GPi: 87.3 Hz (target 82.5)
  GPe beta: 14.1%
  STN beta: 16.0%
  Synaptic multipliers:
    g_stn_gpe_mult: 3.376
    g_gpe_stn_mult: 0.710
    g_stn_gpi_mult: 3.159
    g_gpe_gpi_mult: 0.856
  Saved: results/sensitivity2/ou_tau/tau1.pkl
