[I 2026-05-28 23:19:19,100] Trial 660 finished with value: 7.9287079686292 and parameters: {'ISTN': 62.41683343439246, 'I_gpe': 2.0808153570534884, 'I_gpi': 2.210554374461069, 'noise_stn_sigma': 6.533807792893705, 'noise_gpe_sigma': 121.18693505649466, 'noise_gpi_sigma': 98.40328385963694, 'g_stn_gpe_mult': 3.5136008609995053, 'g_gpe_stn_mult': 0.7186579904159611, 'g_stn_gpi_mult': 3.22621222533593, 'g_gpe_gpi_mult': 0.8867545701787092}. Best is trial 659 with value: 1.772618881235328.
[I 2026-05-28 23:19:20,110] Trial 661 finished with value: 5.5428826061168905 and parameters: {'ISTN': 62.49448718464831, 'I_gpe': 2.0499089096209078, 'I_gpi': 2.0782553206141055, 'noise_stn_sigma': 6.689008540491532, 'noise_gpe_sigma': 122.83101226677896, 'noise_gpi_sigma': 94.83671719623176, 'g_stn_gpe_mult': 3.5669575529019677, 'g_gpe_stn_mult': 0.7123891448922827, 'g_stn_gpi_mult': 3.2227662645648314, 'g_gpe_gpi_mult': 0.8630442689122251}. Best is trial 659 with value: 1.772618881235328.
[I 2026-05-28 23:19:21,116] Trial 662 finished with value: 7.289354156428788 and parameters: {'ISTN': 63.34462335210337, 'I_gpe': 2.0704649029717204, 'I_gpi': 2.2604277077508366, 'noise_stn_sigma': 6.358899860691961, 'noise_gpe_sigma': 123.75014565288342, 'noise_gpi_sigma': 98.81414834268195, 'g_stn_gpe_mult': 3.6112122136779012, 'g_gpe_stn_mult': 0.7157548894364506, 'g_stn_gpi_mult': 3.1865919511243685, 'g_gpe_gpi_mult': 0.8775606223409795}. Best is trial 659 with value: 1.772618881235328.
[I 2026-05-28 23:19:22,124] Trial 663 finished with value: 8.593084376486301 and parameters: {'ISTN': 61.63050850311659, 'I_gpe': 2.107316385390437, 'I_gpi': 2.2745199554755198, 'noise_stn_sigma': 6.230741302236844, 'noise_gpe_sigma': 122.76558564708748, 'noise_gpi_sigma': 100.53096697522324, 'g_stn_gpe_mult': 3.470951385792749, 'g_gpe_stn_mult': 0.6861008660167017, 'g_stn_gpi_mult': 3.1918426047371184, 'g_gpe_gpi_mult': 0.8587070987868748}. Best is trial 659 with value: 1.772618881235328.
[I 2026-05-28 23:19:23,136] Trial 664 finished with value: 9.439543134232634 and parameters: {'ISTN': 63.26274755551709, 'I_gpe': 2.113719972093631, 'I_gpi': 2.1746604037235517, 'noise_stn_sigma': 6.566164489090098, 'noise_gpe_sigma': 126.53960538382309, 'noise_gpi_sigma': 97.46763964318, 'g_stn_gpe_mult': 3.5558642058939105, 'g_gpe_stn_mult': 0.7108950796112965, 'g_stn_gpi_mult': 3.244533461729601, 'g_gpe_gpi_mult': 0.8501812793025787}. Best is trial 659 with value: 1.772618881235328.
[I 2026-05-28 23:19:24,144] Trial 665 finished with value: 9.79179908161513 and parameters: {'ISTN': 62.26459842350826, 'I_gpe': 2.119374380724586, 'I_gpi': 2.1693617086373993, 'noise_stn_sigma': 6.410735779570732, 'noise_gpe_sigma': 123.10912793069284, 'noise_gpi_sigma': 97.8402088857881, 'g_stn_gpe_mult': 3.5215819359261205, 'g_gpe_stn_mult': 0.6820629453661279, 'g_stn_gpi_mult': 3.1537766163767285, 'g_gpe_gpi_mult': 0.8679865459527012}. Best is trial 659 with value: 1.772618881235328.
[I 2026-05-28 23:19:25,153] Trial 666 finished with value: 5.940909443749133 and parameters: {'ISTN': 62.56704136479917, 'I_gpe': 2.094816152701145, 'I_gpi': 2.0721629658022462, 'noise_stn_sigma': 6.6536520897249805, 'noise_gpe_sigma': 121.33280627988495, 'noise_gpi_sigma': 101.83994939295897, 'g_stn_gpe_mult': 3.5817025686124118, 'g_gpe_stn_mult': 0.7103518427693076, 'g_stn_gpi_mult': 3.224570926332881, 'g_gpe_gpi_mult': 0.8923599784842444}. Best is trial 659 with value: 1.772618881235328.
[I 2026-05-28 23:19:26,163] Trial 667 finished with value: 7.743704039767118 and parameters: {'ISTN': 61.0862306962196, 'I_gpe': 2.0753586078250175, 'I_gpi': 2.099080471291752, 'noise_stn_sigma': 6.2899483587845575, 'noise_gpe_sigma': 121.59860193928506, 'noise_gpi_sigma': 97.3435659009438, 'g_stn_gpe_mult': 3.4954924989810907, 'g_gpe_stn_mult': 0.7028157680594822, 'g_stn_gpi_mult': 3.148972071587371, 'g_gpe_gpi_mult': 0.8883552656526239}. Best is trial 659 with value: 1.772618881235328.
[I 2026-05-28 23:19:27,170] Trial 668 finished with value: 7.498507751886635 and parameters: {'ISTN': 62.202497359671035, 'I_gpe': 2.086011286063574, 'I_gpi': 2.0924968273144726, 'noise_stn_sigma': 6.30950960460515, 'noise_gpe_sigma': 124.23855312351265, 'noise_gpi_sigma': 96.33549930511155, 'g_stn_gpe_mult': 3.483283295615487, 'g_gpe_stn_mult': 0.6945964377360277, 'g_stn_gpi_mult': 3.1339132369093585, 'g_gpe_gpi_mult': 0.8409919491233733}. Best is trial 659 with value: 1.772618881235328.
[I 2026-05-28 23:19:28,181] Trial 669 finished with value: 5.172618715097469 and parameters: {'ISTN': 62.75098025749765, 'I_gpe': 2.0831960942144736, 'I_gpi': 2.1777922519982935, 'noise_stn_sigma': 6.7743244683918284, 'noise_gpe_sigma': 123.0304868471815, 'noise_gpi_sigma': 97.95544869644523, 'g_stn_gpe_mult': 3.5231172491343368, 'g_gpe_stn_mult': 0.7351961437982336, 'g_stn_gpi_mult': 3.255286788206731, 'g_gpe_gpi_mult': 0.8711769483458573}. Best is trial 659 with value: 1.772618881235328.
[I 2026-05-28 23:19:29,191] Trial 670 finished with value: 4.1764746150009655 and parameters: {'ISTN': 62.1011576502424, 'I_gpe': 2.113727090209439, 'I_gpi': 2.121561334836837, 'noise_stn_sigma': 6.688262944278708, 'noise_gpe_sigma': 129.65086478780077, 'noise_gpi_sigma': 98.24839025679587, 'g_stn_gpe_mult': 3.6256899302318066, 'g_gpe_stn_mult': 0.7054263813417277, 'g_stn_gpi_mult': 3.22137868404879, 'g_gpe_gpi_mult': 0.8607959543186894}. Best is trial 659 with value: 1.772618881235328.
[I 2026-05-28 23:19:30,200] Trial 671 finished with value: 9.83067116446946 and parameters: {'ISTN': 63.05602666702185, 'I_gpe': 2.093039072418059, 'I_gpi': 2.2094465255753883, 'noise_stn_sigma': 6.846247538433554, 'noise_gpe_sigma': 123.08480304573416, 'noise_gpi_sigma': 103.34544279799002, 'g_stn_gpe_mult': 3.6044286247263977, 'g_gpe_stn_mult': 0.732333837180621, 'g_stn_gpi_mult': 3.2947561186668093, 'g_gpe_gpi_mult': 0.8950301625171633}. Best is trial 659 with value: 1.772618881235328.
[I 2026-05-28 23:19:31,207] Trial 672 finished with value: 9.932427937695165 and parameters: {'ISTN': 61.41040163530639, 'I_gpe': 2.1327810793321937, 'I_gpi': 2.090758899946315, 'noise_stn_sigma': 6.704284345424508, 'noise_gpe_sigma': 128.41323768165415, 'noise_gpi_sigma': 99.3117723371517, 'g_stn_gpe_mult': 3.620844637318685, 'g_gpe_stn_mult': 0.7108519194397873, 'g_stn_gpi_mult': 3.2313878379114045, 'g_gpe_gpi_mult': 0.868430035349453}. Best is trial 659 with value: 1.772618881235328.
[I 2026-05-28 23:19:32,214] Trial 673 finished with value: 12.811810660293867 and parameters: {'ISTN': 62.97364675174833, 'I_gpe': 2.17651019693235, 'I_gpi': 2.090321940207737, 'noise_stn_sigma': 6.553275775852607, 'noise_gpe_sigma': 126.39007856387128, 'noise_gpi_sigma': 101.29459169511247, 'g_stn_gpe_mult': 3.6106504605950676, 'g_gpe_stn_mult': 0.7399257993682681, 'g_stn_gpi_mult': 3.2686975561767073, 'g_gpe_gpi_mult': 0.9224949321845799}. Best is trial 659 with value: 1.772618881235328.
[I 2026-05-28 23:19:33,222] Trial 674 finished with value: 11.5238562426807 and parameters: {'ISTN': 61.28574284946382, 'I_gpe': 2.1332474036648534, 'I_gpi': 2.0614071876738906, 'noise_stn_sigma': 6.71316443114066, 'noise_gpe_sigma': 123.3184635192279, 'noise_gpi_sigma': 99.89208215699335, 'g_stn_gpe_mult': 3.5929009178401614, 'g_gpe_stn_mult': 0.716612623084001, 'g_stn_gpi_mult': 3.300393300885085, 'g_gpe_gpi_mult': 0.8562931401285141}. Best is trial 659 with value: 1.772618881235328.
[I 2026-05-28 23:19:34,231] Trial 675 finished with value: 9.544958521463228 and parameters: {'ISTN': 62.39244735682036, 'I_gpe': 2.156536699802489, 'I_gpi': 2.1767377450012972, 'noise_stn_sigma': 6.57701726897987, 'noise_gpe_sigma': 124.78362281816729, 'noise_gpi_sigma': 94.3095121510254, 'g_stn_gpe_mult': 3.581828628551322, 'g_gpe_stn_mult': 0.7247975546634672, 'g_stn_gpi_mult': 3.2449836678116517, 'g_gpe_gpi_mult': 0.8705531893292899}. Best is trial 659 with value: 1.772618881235328.
[I 2026-05-28 23:19:35,241] Trial 676 finished with value: 2.9965726140573072 and parameters: {'ISTN': 62.41335932669469, 'I_gpe': 2.159967953373065, 'I_gpi': 2.062874394961574, 'noise_stn_sigma': 6.794592712709878, 'noise_gpe_sigma': 120.03440433004214, 'noise_gpi_sigma': 98.88676622326939, 'g_stn_gpe_mult': 3.5145488708654518, 'g_gpe_stn_mult': 0.7203222283077099, 'g_stn_gpi_mult': 3.2467269208924447, 'g_gpe_gpi_mult': 0.9038776925334511}. Best is trial 659 with value: 1.772618881235328.
[I 2026-05-28 23:19:36,250] Trial 677 finished with value: 7.109898930406522 and parameters: {'ISTN': 62.443473743803736, 'I_gpe': 2.077636301826867, 'I_gpi': 1.9145936688740062, 'noise_stn_sigma': 7.016189757908323, 'noise_gpe_sigma': 126.92803608630521, 'noise_gpi_sigma': 97.78799796429311, 'g_stn_gpe_mult': 3.6168734806087617, 'g_gpe_stn_mult': 0.7137462118609174, 'g_stn_gpi_mult': 3.3193089745127486, 'g_gpe_gpi_mult': 0.8529135147338525}. Best is trial 659 with value: 1.772618881235328.
[I 2026-05-28 23:19:37,258] Trial 678 finished with value: 9.216802851168726 and parameters: {'ISTN': 64.31493037654836, 'I_gpe': 2.1709909522203663, 'I_gpi': 2.1257382459374488, 'noise_stn_sigma': 6.672159828159536, 'noise_gpe_sigma': 124.56416609460614, 'noise_gpi_sigma': 97.31548473938864, 'g_stn_gpe_mult': 3.4811961135786254, 'g_gpe_stn_mult': 0.7307321396153112, 'g_stn_gpi_mult': 3.3180109762995555, 'g_gpe_gpi_mult': 0.8821594435599227}. Best is trial 659 with value: 1.772618881235328.
[I 2026-05-28 23:19:38,265] Trial 679 finished with value: 5.472907715573738 and parameters: {'ISTN': 62.30139643689354, 'I_gpe': 2.053166881848507, 'I_gpi': 2.1485450385728404, 'noise_stn_sigma': 6.921390906776385, 'noise_gpe_sigma': 128.42444212543882, 'noise_gpi_sigma': 98.14968937051509, 'g_stn_gpe_mult': 3.5700392697622427, 'g_gpe_stn_mult': 0.7245097307838647, 'g_stn_gpi_mult': 3.304089549002567, 'g_gpe_gpi_mult': 0.8889578363864328}. Best is trial 659 with value: 1.772618881235328.
[I 2026-05-28 23:19:39,274] Trial 680 finished with value: 9.267821961987977 and parameters: {'ISTN': 63.04893323900057, 'I_gpe': 2.0891581016280445, 'I_gpi': 2.083137944641046, 'noise_stn_sigma': 6.851677717468764, 'noise_gpe_sigma': 127.23377862100463, 'noise_gpi_sigma': 99.5503044479306, 'g_stn_gpe_mult': 3.6436322324341113, 'g_gpe_stn_mult': 0.737257069680729, 'g_stn_gpi_mult': 3.3041397623350406, 'g_gpe_gpi_mult': 0.8655859603388858}. Best is trial 659 with value: 1.772618881235328.
[I 2026-05-28 23:19:40,281] Trial 681 finished with value: 9.74620859773471 and parameters: {'ISTN': 62.68551368485648, 'I_gpe': 2.134732336914007, 'I_gpi': 2.1663595727489238, 'noise_stn_sigma': 6.834501351839544, 'noise_gpe_sigma': 115.02533145918271, 'noise_gpi_sigma': 101.58989112880681, 'g_stn_gpe_mult': 3.6079383907916953, 'g_gpe_stn_mult': 0.7229442713341561, 'g_stn_gpi_mult': 3.3209430011925964, 'g_gpe_gpi_mult': 0.8993180998312709}. Best is trial 659 with value: 1.772618881235328.
[I 2026-05-28 23:19:41,287] Trial 682 finished with value: 9.67491655546183 and parameters: {'ISTN': 60.83808995444413, 'I_gpe': 2.1256547834996784, 'I_gpi': 1.9915427136804742, 'noise_stn_sigma': 6.927203632255935, 'noise_gpe_sigma': 124.25482384767584, 'noise_gpi_sigma': 100.54632775843896, 'g_stn_gpe_mult': 3.522288810413174, 'g_gpe_stn_mult': 0.7042847385862621, 'g_stn_gpi_mult': 3.2580614238018444, 'g_gpe_gpi_mult': 0.8676210366217969}. Best is trial 659 with value: 1.772618881235328.
[I 2026-05-28 23:19:42,294] Trial 683 finished with value: 7.909757871426103 and parameters: {'ISTN': 62.9298207062685, 'I_gpe': 2.130753804652157, 'I_gpi': 2.1046149227631146, 'noise_stn_sigma': 7.159376782303248, 'noise_gpe_sigma': 130.14883503978396, 'noise_gpi_sigma': 97.30624689452556, 'g_stn_gpe_mult': 3.51209972737288, 'g_gpe_stn_mult': 0.7420186268969534, 'g_stn_gpi_mult': 3.2919174208766715, 'g_gpe_gpi_mult': 0.8738834038142218}. Best is trial 659 with value: 1.772618881235328.
[I 2026-05-28 23:19:43,302] Trial 684 finished with value: 8.04344043505071 and parameters: {'ISTN': 63.38413409846065, 'I_gpe': 2.1440719943953237, 'I_gpi': 1.9715749629751202, 'noise_stn_sigma': 6.885545057542899, 'noise_gpe_sigma': 124.05495497703618, 'noise_gpi_sigma': 94.38274817171086, 'g_stn_gpe_mult': 3.6194638688898677, 'g_gpe_stn_mult': 0.7164683341271982, 'g_stn_gpi_mult': 3.2942054825733713, 'g_gpe_gpi_mult': 0.9141130959811452}. Best is trial 659 with value: 1.772618881235328.
[I 2026-05-28 23:19:44,308] Trial 685 finished with value: 8.39466552703814 and parameters: {'ISTN': 61.651681923634115, 'I_gpe': 2.1294832568254654, 'I_gpi': 2.167901881048129, 'noise_stn_sigma': 6.7363591775268565, 'noise_gpe_sigma': 122.67015661517563, 'noise_gpi_sigma': 102.03574840166719, 'g_stn_gpe_mult': 3.492629903471152, 'g_gpe_stn_mult': 0.7175895605041535, 'g_stn_gpi_mult': 3.2704634022057517, 'g_gpe_gpi_mult': 0.8933591986010674}. Best is trial 659 with value: 1.772618881235328.
[I 2026-05-28 23:19:45,313] Trial 686 finished with value: 5.5159193162000975 and parameters: {'ISTN': 62.7827607280159, 'I_gpe': 2.097019668322474, 'I_gpi': 1.9929097030052607, 'noise_stn_sigma': 6.918142312189276, 'noise_gpe_sigma': 123.5600607885688, 'noise_gpi_sigma': 96.48015257407829, 'g_stn_gpe_mult': 3.546290262900543, 'g_gpe_stn_mult': 0.7241902040499604, 'g_stn_gpi_mult': 3.3343032600955214, 'g_gpe_gpi_mult': 0.9067617353837891}. Best is trial 659 with value: 1.772618881235328.
[I 2026-05-28 23:19:46,319] Trial 687 finished with value: 7.614376267892356 and parameters: {'ISTN': 63.57656065032418, 'I_gpe': 2.100764763486353, 'I_gpi': 1.8909176925410662, 'noise_stn_sigma': 7.116384125349444, 'noise_gpe_sigma': 125.45714829550842, 'noise_gpi_sigma': 97.17998459559949, 'g_stn_gpe_mult': 3.499802510515011, 'g_gpe_stn_mult': 0.7335954915799345, 'g_stn_gpi_mult': 3.4095690041819684, 'g_gpe_gpi_mult': 0.8886733022034117}. Best is trial 659 with value: 1.772618881235328.
[I 2026-05-28 23:19:47,328] Trial 688 finished with value: 7.244795018482183 and parameters: {'ISTN': 64.5802398061408, 'I_gpe': 2.1127411648286794, 'I_gpi': 2.0293942477826614, 'noise_stn_sigma': 6.879781281188882, 'noise_gpe_sigma': 128.95104063797788, 'noise_gpi_sigma': 94.71297107108306, 'g_stn_gpe_mult': 3.5139281554542436, 'g_gpe_stn_mult': 0.7375540252761988, 'g_stn_gpi_mult': 3.3170348377574967, 'g_gpe_gpi_mult': 0.8925206008571194}. Best is trial 659 with value: 1.772618881235328.
[I 2026-05-28 23:19:48,333] Trial 689 finished with value: 10.682303444523415 and parameters: {'ISTN': 61.09989527250136, 'I_gpe': 2.0693160697032154, 'I_gpi': 2.1231510730383882, 'noise_stn_sigma': 7.021703307080006, 'noise_gpe_sigma': 125.81392648036862, 'noise_gpi_sigma': 98.8639073871294, 'g_stn_gpe_mult': 3.72874811624793, 'g_gpe_stn_mult': 0.723435614197537, 'g_stn_gpi_mult': 3.254231995168508, 'g_gpe_gpi_mult': 0.9278122427110755}. Best is trial 659 with value: 1.772618881235328.
[I 2026-05-28 23:19:49,340] Trial 690 finished with value: 8.701909572474312 and parameters: {'ISTN': 60.86437173704694, 'I_gpe': 2.1003434106835828, 'I_gpi': 1.9687515208948465, 'noise_stn_sigma': 7.074401517570294, 'noise_gpe_sigma': 122.07820559937143, 'noise_gpi_sigma': 96.43675504807396, 'g_stn_gpe_mult': 3.60594592350614, 'g_gpe_stn_mult': 0.7024161353467533, 'g_stn_gpi_mult': 3.229202823655166, 'g_gpe_gpi_mult': 0.9026432631244021}. Best is trial 659 with value: 1.772618881235328.
[I 2026-05-28 23:19:50,347] Trial 691 finished with value: 4.001027652352972 and parameters: {'ISTN': 62.85769383904646, 'I_gpe': 2.0395931316192746, 'I_gpi': 2.026962189333781, 'noise_stn_sigma': 7.018236492205769, 'noise_gpe_sigma': 122.0360024990819, 'noise_gpi_sigma': 100.98438789933017, 'g_stn_gpe_mult': 3.486549125359289, 'g_gpe_stn_mult': 0.7158072657768265, 'g_stn_gpi_mult': 3.3084649733458096, 'g_gpe_gpi_mult': 0.896225789660754}. Best is trial 659 with value: 1.772618881235328.
[I 2026-05-28 23:19:51,295] Trial 692 finished with value: 1000000.0 and parameters: {'ISTN': 61.71907267198945, 'I_gpe': 2.1161750218214883, 'I_gpi': 2.152440372608453, 'noise_stn_sigma': 6.828727331248839, 'noise_gpe_sigma': 124.48354429284917, 'noise_gpi_sigma': 97.56789178212544, 'g_stn_gpe_mult': 3.4645452903514635, 'g_gpe_stn_mult': 0.7216334251399712, 'g_stn_gpi_mult': 3.1666105817539427, 'g_gpe_gpi_mult': 0.864914431447976}. Best is trial 659 with value: 1.772618881235328.
[I 2026-05-28 23:19:52,303] Trial 693 finished with value: 6.7690422536389745 and parameters: {'ISTN': 63.4839731601008, 'I_gpe': 2.1560275913576237, 'I_gpi': 2.134292543445221, 'noise_stn_sigma': 6.7617919584245705, 'noise_gpe_sigma': 125.29151592211912, 'noise_gpi_sigma': 94.97885376013761, 'g_stn_gpe_mult': 3.413729449432104, 'g_gpe_stn_mult': 0.7328803883822232, 'g_stn_gpi_mult': 3.2924996252538072, 'g_gpe_gpi_mult': 0.8823905109107615}. Best is trial 659 with value: 1.772618881235328.
[I 2026-05-28 23:19:53,310] Trial 694 finished with value: 6.108893150748515 and parameters: {'ISTN': 62.60148181605899, 'I_gpe': 2.1242073792339333, 'I_gpi': 1.8666486858748983, 'noise_stn_sigma': 7.346014883348649, 'noise_gpe_sigma': 126.30755762051199, 'noise_gpi_sigma': 96.45525990711448, 'g_stn_gpe_mult': 3.5623351080369297, 'g_gpe_stn_mult': 0.7438322902830208, 'g_stn_gpi_mult': 3.341779279460234, 'g_gpe_gpi_mult': 0.8932588522439544}. Best is trial 659 with value: 1.772618881235328.
[I 2026-05-28 23:19:54,317] Trial 695 finished with value: 11.11540833175181 and parameters: {'ISTN': 64.88608723126805, 'I_gpe': 2.107780820807121, 'I_gpi': 1.986887871180704, 'noise_stn_sigma': 6.763506881289157, 'noise_gpe_sigma': 126.99976403571523, 'noise_gpi_sigma': 103.26744871234678, 'g_stn_gpe_mult': 3.5428751033672428, 'g_gpe_stn_mult': 0.7104548063993898, 'g_stn_gpi_mult': 3.350369963114968, 'g_gpe_gpi_mult': 0.8794500691033393}. Best is trial 659 with value: 1.772618881235328.
[I 2026-05-28 23:19:55,325] Trial 696 finished with value: 4.441728320728686 and parameters: {'ISTN': 63.869853664340326, 'I_gpe': 2.0939078156946724, 'I_gpi': 2.0174855966069183, 'noise_stn_sigma': 7.169549927763337, 'noise_gpe_sigma': 130.08341919276768, 'noise_gpi_sigma': 97.2200177114094, 'g_stn_gpe_mult': 3.615843846301493, 'g_gpe_stn_mult': 0.7367032855405067, 'g_stn_gpi_mult': 3.299543457493913, 'g_gpe_gpi_mult': 0.9063349917758601}. Best is trial 659 with value: 1.772618881235328.
[I 2026-05-28 23:19:56,332] Trial 697 finished with value: 9.151500701739556 and parameters: {'ISTN': 60.75749387871616, 'I_gpe': 2.13018129096126, 'I_gpi': 1.9412552596394599, 'noise_stn_sigma': 7.239517897516976, 'noise_gpe_sigma': 122.2774183284695, 'noise_gpi_sigma': 95.40875153140279, 'g_stn_gpe_mult': 3.520954591935498, 'g_gpe_stn_mult': 0.7423472806638781, 'g_stn_gpi_mult': 3.401832357634693, 'g_gpe_gpi_mult': 0.9278033276947599}. Best is trial 659 with value: 1.772618881235328.
[I 2026-05-28 23:19:57,280] Trial 698 finished with value: 1000000.0 and parameters: {'ISTN': 63.882306218326576, 'I_gpe': 2.1580103806896718, 'I_gpi': 2.0751384964012694, 'noise_stn_sigma': 7.025271000593634, 'noise_gpe_sigma': 128.29285020597348, 'noise_gpi_sigma': 101.76708857846275, 'g_stn_gpe_mult': 3.4924502968840363, 'g_gpe_stn_mult': 0.7284505445291, 'g_stn_gpi_mult': 3.3489392597902974, 'g_gpe_gpi_mult': 0.8679986018185746}. Best is trial 659 with value: 1.772618881235328.
[I 2026-05-28 23:19:58,287] Trial 699 finished with value: 9.789398919224146 and parameters: {'ISTN': 64.05594831728334, 'I_gpe': 2.158785313507292, 'I_gpi': 2.0637833653346, 'noise_stn_sigma': 6.811265008481932, 'noise_gpe_sigma': 122.10442780714273, 'noise_gpi_sigma': 95.83176930927311, 'g_stn_gpe_mult': 3.403573542456467, 'g_gpe_stn_mult': 0.7208153812041537, 'g_stn_gpi_mult': 3.2295036574002784, 'g_gpe_gpi_mult': 0.9129316917452974}. Best is trial 659 with value: 1.772618881235328.
[I 2026-05-28 23:19:59,294] Trial 700 finished with value: 11.408394455906535 and parameters: {'ISTN': 62.56558428514622, 'I_gpe': 2.1101462859556435, 'I_gpi': 1.9784539999592985, 'noise_stn_sigma': 6.682805147797914, 'noise_gpe_sigma': 122.45484650499975, 'noise_gpi_sigma': 95.33626974097152, 'g_stn_gpe_mult': 3.4808563497887945, 'g_gpe_stn_mult': 0.7235481960057881, 'g_stn_gpi_mult': 3.3167606936958105, 'g_gpe_gpi_mult': 0.933658737186384}. Best is trial 659 with value: 1.772618881235328.
[I 2026-05-28 23:20:00,302] Trial 701 finished with value: 6.847755720465521 and parameters: {'ISTN': 63.5799403282029, 'I_gpe': 2.091365119742161, 'I_gpi': 1.989236254069007, 'noise_stn_sigma': 7.14340560893779, 'noise_gpe_sigma': 121.80924574613648, 'noise_gpi_sigma': 95.97903782705957, 'g_stn_gpe_mult': 3.449444145290123, 'g_gpe_stn_mult': 0.7232084294816915, 'g_stn_gpi_mult': 3.314568879370983, 'g_gpe_gpi_mult': 0.8447887747790981}. Best is trial 659 with value: 1.772618881235328.
[I 2026-05-28 23:20:01,308] Trial 702 finished with value: 8.097215931968076 and parameters: {'ISTN': 64.34498535364493, 'I_gpe': 2.116850741948696, 'I_gpi': 1.92497829155195, 'noise_stn_sigma': 7.272402098217901, 'noise_gpe_sigma': 123.12213833127267, 'noise_gpi_sigma': 98.6212199427371, 'g_stn_gpe_mult': 3.469188546206886, 'g_gpe_stn_mult': 0.7400651349054976, 'g_stn_gpi_mult': 3.342098227925749, 'g_gpe_gpi_mult': 0.8872460947107126}. Best is trial 659 with value: 1.772618881235328.
[I 2026-05-28 23:20:02,316] Trial 703 finished with value: 4.829578658763747 and parameters: {'ISTN': 63.52422988778261, 'I_gpe': 2.0754874354955932, 'I_gpi': 2.02989284061863, 'noise_stn_sigma': 6.923690848705033, 'noise_gpe_sigma': 125.42032656102997, 'noise_gpi_sigma': 96.53894639741102, 'g_stn_gpe_mult': 3.4974965256538715, 'g_gpe_stn_mult': 0.7186199350057638, 'g_stn_gpi_mult': 3.3824023819136873, 'g_gpe_gpi_mult': 0.9115654932076129}. Best is trial 659 with value: 1.772618881235328.
