[I 2026-05-29 00:02:49,381] Trial 220 finished with value: 0.9590294651273237 and parameters: {'ISTN': 68.27086819655676, 'I_gpe': 1.191585666433618, 'I_gpi': 1.6050535263601324, 'noise_stn_sigma': 4.723505128394558, 'noise_gpe_sigma': 106.64999143348412, 'noise_gpi_sigma': 75.80722043331727, 'g_stn_gpe_mult': 3.3762611940831926, 'g_gpe_stn_mult': 0.20177966549893714, 'g_stn_gpi_mult': 2.3360110614534624, 'g_gpe_gpi_mult': 0.5444339315014128}. Best is trial 142 with value: 0.3181873175738492.
[I 2026-05-29 00:02:50,391] Trial 221 finished with value: 9.28556167230366 and parameters: {'ISTN': 64.20664508841665, 'I_gpe': 1.3548961439170482, 'I_gpi': 2.210128911162597, 'noise_stn_sigma': 5.234720321001848, 'noise_gpe_sigma': 126.89348304577642, 'noise_gpi_sigma': 62.583269701110446, 'g_stn_gpe_mult': 3.131515272483881, 'g_gpe_stn_mult': 0.22923199434243527, 'g_stn_gpi_mult': 2.4420272623000776, 'g_gpe_gpi_mult': 0.47204983828529384}. Best is trial 142 with value: 0.3181873175738492.
[I 2026-05-29 00:02:51,399] Trial 222 finished with value: 9.097994928217737 and parameters: {'ISTN': 69.25512347159736, 'I_gpe': 1.2501296749794357, 'I_gpi': 2.0971205622375173, 'noise_stn_sigma': 5.116903519951183, 'noise_gpe_sigma': 123.7332434124903, 'noise_gpi_sigma': 68.73867370506898, 'g_stn_gpe_mult': 3.232326696769614, 'g_gpe_stn_mult': 0.23196045845431254, 'g_stn_gpi_mult': 2.127917774948016, 'g_gpe_gpi_mult': 0.3799351883336819}. Best is trial 142 with value: 0.3181873175738492.
[I 2026-05-29 00:02:52,412] Trial 223 finished with value: 8.018552508027318 and parameters: {'ISTN': 73.34622506795775, 'I_gpe': 1.152617136498185, 'I_gpi': 2.091565259494053, 'noise_stn_sigma': 5.782701498460754, 'noise_gpe_sigma': 114.10534519619115, 'noise_gpi_sigma': 75.56642905789194, 'g_stn_gpe_mult': 3.7084979114145886, 'g_gpe_stn_mult': 0.25917340511591236, 'g_stn_gpi_mult': 2.4880547408837286, 'g_gpe_gpi_mult': 0.4642644639954788}. Best is trial 142 with value: 0.3181873175738492.
[I 2026-05-29 00:02:53,422] Trial 224 finished with value: 7.838064626279049 and parameters: {'ISTN': 63.97850348112595, 'I_gpe': 1.2423179412262233, 'I_gpi': 1.9545102669394567, 'noise_stn_sigma': 4.58130264549774, 'noise_gpe_sigma': 110.04279264101218, 'noise_gpi_sigma': 76.95434259235704, 'g_stn_gpe_mult': 3.55336082181708, 'g_gpe_stn_mult': 0.242843405290807, 'g_stn_gpi_mult': 2.159970368936525, 'g_gpe_gpi_mult': 0.37362079849055696}. Best is trial 142 with value: 0.3181873175738492.
[I 2026-05-29 00:02:54,432] Trial 225 finished with value: 5.657191935040755 and parameters: {'ISTN': 71.98961085405, 'I_gpe': 1.48180373486176, 'I_gpi': 2.1696995867304376, 'noise_stn_sigma': 5.103968231678283, 'noise_gpe_sigma': 117.83900261474211, 'noise_gpi_sigma': 89.74873569804348, 'g_stn_gpe_mult': 3.388199749087617, 'g_gpe_stn_mult': 0.19951934280389394, 'g_stn_gpi_mult': 2.4344008804857977, 'g_gpe_gpi_mult': 0.49805360706901786}. Best is trial 142 with value: 0.3181873175738492.
[I 2026-05-29 00:02:55,441] Trial 226 finished with value: 4.120629355388953 and parameters: {'ISTN': 68.7599446829065, 'I_gpe': 1.2509276672362182, 'I_gpi': 2.31732965184938, 'noise_stn_sigma': 5.0450662189998265, 'noise_gpe_sigma': 110.87870455824991, 'noise_gpi_sigma': 64.68096141100506, 'g_stn_gpe_mult': 3.2149479939214363, 'g_gpe_stn_mult': 0.21485930086685356, 'g_stn_gpi_mult': 2.3319540841652904, 'g_gpe_gpi_mult': 0.44491377350388717}. Best is trial 142 with value: 0.3181873175738492.
[I 2026-05-29 00:02:56,450] Trial 227 finished with value: 7.244441394201755 and parameters: {'ISTN': 74.16432452292833, 'I_gpe': 1.1715510377055054, 'I_gpi': 1.8142609873879527, 'noise_stn_sigma': 5.519473719651127, 'noise_gpe_sigma': 117.39461686539977, 'noise_gpi_sigma': 75.02977806801763, 'g_stn_gpe_mult': 3.5197332604979463, 'g_gpe_stn_mult': 0.16941228039981204, 'g_stn_gpi_mult': 2.2521064457318443, 'g_gpe_gpi_mult': 0.5340560893744555}. Best is trial 142 with value: 0.3181873175738492.
[I 2026-05-29 00:02:57,459] Trial 228 finished with value: 13.026189615107555 and parameters: {'ISTN': 71.94739097777116, 'I_gpe': 1.397942195981006, 'I_gpi': 2.2478595348523625, 'noise_stn_sigma': 5.090617773623386, 'noise_gpe_sigma': 112.60504708964918, 'noise_gpi_sigma': 83.81985743704908, 'g_stn_gpe_mult': 2.8808320961559, 'g_gpe_stn_mult': 0.2318110888419078, 'g_stn_gpi_mult': 2.4223968673853498, 'g_gpe_gpi_mult': 0.4866118184747727}. Best is trial 142 with value: 0.3181873175738492.
[I 2026-05-29 00:02:58,468] Trial 229 finished with value: 9.751779808994474 and parameters: {'ISTN': 67.18679670073017, 'I_gpe': 1.216829298405775, 'I_gpi': 1.8574716794048811, 'noise_stn_sigma': 4.73838578659062, 'noise_gpe_sigma': 103.31250510893562, 'noise_gpi_sigma': 72.03548789554284, 'g_stn_gpe_mult': 2.8172638402698844, 'g_gpe_stn_mult': 0.18340954957168903, 'g_stn_gpi_mult': 2.3412187446188266, 'g_gpe_gpi_mult': 0.4295488641791555}. Best is trial 142 with value: 0.3181873175738492.
[I 2026-05-29 00:02:59,475] Trial 230 finished with value: 6.517901985196541 and parameters: {'ISTN': 70.99054426859453, 'I_gpe': 1.4199189564877934, 'I_gpi': 2.3459374309077665, 'noise_stn_sigma': 5.010714453243504, 'noise_gpe_sigma': 110.26384835910173, 'noise_gpi_sigma': 85.11696499079629, 'g_stn_gpe_mult': 3.5618176311263756, 'g_gpe_stn_mult': 0.23643050137989924, 'g_stn_gpi_mult': 2.1611693092468593, 'g_gpe_gpi_mult': 0.5328655938753313}. Best is trial 142 with value: 0.3181873175738492.
[I 2026-05-29 00:03:00,424] Trial 231 finished with value: 1000000.0 and parameters: {'ISTN': 68.0825352085914, 'I_gpe': 1.5408480207087174, 'I_gpi': 2.436430434113816, 'noise_stn_sigma': 4.5895960736161046, 'noise_gpe_sigma': 119.64765947828595, 'noise_gpi_sigma': 78.0464306568606, 'g_stn_gpe_mult': 3.1143593935630256, 'g_gpe_stn_mult': 0.1687016652252429, 'g_stn_gpi_mult': 2.595151395808716, 'g_gpe_gpi_mult': 0.446505743191132}. Best is trial 142 with value: 0.3181873175738492.
[I 2026-05-29 00:03:01,433] Trial 232 finished with value: 9.633644976150478 and parameters: {'ISTN': 78.81216113917637, 'I_gpe': 1.4633306206050811, 'I_gpi': 1.9683423845918002, 'noise_stn_sigma': 5.318258107745293, 'noise_gpe_sigma': 121.81132851077238, 'noise_gpi_sigma': 68.76802938053116, 'g_stn_gpe_mult': 3.518353605166175, 'g_gpe_stn_mult': 0.19174055941620044, 'g_stn_gpi_mult': 2.474822872180976, 'g_gpe_gpi_mult': 0.38604884766125463}. Best is trial 142 with value: 0.3181873175738492.
[I 2026-05-29 00:03:02,440] Trial 233 finished with value: 3.614647255859959 and parameters: {'ISTN': 73.25827534324117, 'I_gpe': 1.601697787757412, 'I_gpi': 2.38152532794522, 'noise_stn_sigma': 5.3764010392743815, 'noise_gpe_sigma': 118.36574399019995, 'noise_gpi_sigma': 84.95734722598675, 'g_stn_gpe_mult': 3.337635723027433, 'g_gpe_stn_mult': 0.21005332280777844, 'g_stn_gpi_mult': 2.29795783210877, 'g_gpe_gpi_mult': 0.5165702896269158}. Best is trial 142 with value: 0.3181873175738492.
[I 2026-05-29 00:03:03,447] Trial 234 finished with value: 7.284924953210063 and parameters: {'ISTN': 68.68784859145765, 'I_gpe': 1.2850620494606342, 'I_gpi': 2.1964664827908704, 'noise_stn_sigma': 4.837591057104458, 'noise_gpe_sigma': 102.97169427627855, 'noise_gpi_sigma': 76.19299483152929, 'g_stn_gpe_mult': 3.195923692096862, 'g_gpe_stn_mult': 0.24555055777767548, 'g_stn_gpi_mult': 2.278669672331275, 'g_gpe_gpi_mult': 0.5197071133257525}. Best is trial 142 with value: 0.3181873175738492.
[I 2026-05-29 00:03:04,455] Trial 235 finished with value: 1.5128479545161633 and parameters: {'ISTN': 61.94560350412349, 'I_gpe': 1.2828075103892633, 'I_gpi': 2.1394006511744856, 'noise_stn_sigma': 4.924362614823364, 'noise_gpe_sigma': 121.58146407096406, 'noise_gpi_sigma': 73.7142732147301, 'g_stn_gpe_mult': 3.263436771897737, 'g_gpe_stn_mult': 0.15956544907315307, 'g_stn_gpi_mult': 2.371652937597977, 'g_gpe_gpi_mult': 0.5281936403482513}. Best is trial 142 with value: 0.3181873175738492.
[I 2026-05-29 00:03:05,463] Trial 236 finished with value: 5.249378264132551 and parameters: {'ISTN': 68.38868100509562, 'I_gpe': 1.108584716243159, 'I_gpi': 2.3242096381368897, 'noise_stn_sigma': 4.741939524939032, 'noise_gpe_sigma': 106.46658158963119, 'noise_gpi_sigma': 78.54419714005394, 'g_stn_gpe_mult': 3.32817066051361, 'g_gpe_stn_mult': 0.14059113521305874, 'g_stn_gpi_mult': 2.2259017994719428, 'g_gpe_gpi_mult': 0.5714972972870618}. Best is trial 142 with value: 0.3181873175738492.
[I 2026-05-29 00:03:06,471] Trial 237 finished with value: 9.55787354693934 and parameters: {'ISTN': 75.27092080136094, 'I_gpe': 1.4174684179505852, 'I_gpi': 2.2421765264662428, 'noise_stn_sigma': 5.250176506530687, 'noise_gpe_sigma': 112.90743129725004, 'noise_gpi_sigma': 69.35495200698509, 'g_stn_gpe_mult': 3.52554301193397, 'g_gpe_stn_mult': 0.18534099271791615, 'g_stn_gpi_mult': 2.0674450658136605, 'g_gpe_gpi_mult': 0.5010314090365696}. Best is trial 142 with value: 0.3181873175738492.
[I 2026-05-29 00:03:07,479] Trial 238 finished with value: 6.276874615261468 and parameters: {'ISTN': 65.62832557666232, 'I_gpe': 1.0803845425746164, 'I_gpi': 1.838758818373214, 'noise_stn_sigma': 5.350184874418973, 'noise_gpe_sigma': 115.56962594201053, 'noise_gpi_sigma': 71.95157140798896, 'g_stn_gpe_mult': 3.4107938510249736, 'g_gpe_stn_mult': 0.17100759833300383, 'g_stn_gpi_mult': 2.4605720548421743, 'g_gpe_gpi_mult': 0.461675612339367}. Best is trial 142 with value: 0.3181873175738492.
[I 2026-05-29 00:03:08,487] Trial 239 finished with value: 0.8497205476272023 and parameters: {'ISTN': 69.65371783487089, 'I_gpe': 1.137008118964617, 'I_gpi': 2.4201731217047957, 'noise_stn_sigma': 4.336149413717502, 'noise_gpe_sigma': 106.80172399534551, 'noise_gpi_sigma': 69.45868952146128, 'g_stn_gpe_mult': 3.301807401295496, 'g_gpe_stn_mult': 0.17848355159798412, 'g_stn_gpi_mult': 2.0783592744917128, 'g_gpe_gpi_mult': 0.5632187199385894}. Best is trial 142 with value: 0.3181873175738492.
[I 2026-05-29 00:03:09,494] Trial 240 finished with value: 4.53416246057576 and parameters: {'ISTN': 66.44006552263649, 'I_gpe': 1.1578360989602232, 'I_gpi': 2.167704551259676, 'noise_stn_sigma': 5.763960942397773, 'noise_gpe_sigma': 112.5727982148858, 'noise_gpi_sigma': 57.694400390328575, 'g_stn_gpe_mult': 3.4176831499374862, 'g_gpe_stn_mult': 0.25785946555999173, 'g_stn_gpi_mult': 2.21179179443637, 'g_gpe_gpi_mult': 0.42135197531453406}. Best is trial 142 with value: 0.3181873175738492.
[I 2026-05-29 00:03:10,502] Trial 241 finished with value: 4.963978528022075 and parameters: {'ISTN': 62.265619952260586, 'I_gpe': 1.1851800151491028, 'I_gpi': 2.6439398636167564, 'noise_stn_sigma': 4.701225241288846, 'noise_gpe_sigma': 115.4850495800875, 'noise_gpi_sigma': 71.40794612699737, 'g_stn_gpe_mult': 3.4782255396717146, 'g_gpe_stn_mult': 0.14939247867388505, 'g_stn_gpi_mult': 1.956808996174622, 'g_gpe_gpi_mult': 0.6405339550498899}. Best is trial 142 with value: 0.3181873175738492.
[I 2026-05-29 00:03:11,510] Trial 242 finished with value: 7.08636550258 and parameters: {'ISTN': 66.12025817052209, 'I_gpe': 1.218377735689928, 'I_gpi': 2.4741259041135297, 'noise_stn_sigma': 4.9032105477588, 'noise_gpe_sigma': 120.44727757909618, 'noise_gpi_sigma': 71.42511694011822, 'g_stn_gpe_mult': 3.199998530322567, 'g_gpe_stn_mult': 0.19210852312793686, 'g_stn_gpi_mult': 2.0344569387873808, 'g_gpe_gpi_mult': 0.536695191289934}. Best is trial 142 with value: 0.3181873175738492.
[I 2026-05-29 00:03:12,518] Trial 243 finished with value: 6.269822654361081 and parameters: {'ISTN': 65.86741269533242, 'I_gpe': 1.3278292349697702, 'I_gpi': 2.3380128512854763, 'noise_stn_sigma': 4.9817726410199965, 'noise_gpe_sigma': 110.50754416491806, 'noise_gpi_sigma': 74.21335766476687, 'g_stn_gpe_mult': 3.3279178106891427, 'g_gpe_stn_mult': 0.15867713793575267, 'g_stn_gpi_mult': 1.8961633414298464, 'g_gpe_gpi_mult': 0.5622167823127147}. Best is trial 142 with value: 0.3181873175738492.
[I 2026-05-29 00:03:13,526] Trial 244 finished with value: 5.124761165877198 and parameters: {'ISTN': 63.63643621245473, 'I_gpe': 1.302068299002133, 'I_gpi': 2.161259127244202, 'noise_stn_sigma': 4.951692604145382, 'noise_gpe_sigma': 102.24582336775654, 'noise_gpi_sigma': 70.11191571541912, 'g_stn_gpe_mult': 2.899281662143308, 'g_gpe_stn_mult': 0.1711902852497842, 'g_stn_gpi_mult': 1.9707785448678916, 'g_gpe_gpi_mult': 0.48845686743711}. Best is trial 142 with value: 0.3181873175738492.
[I 2026-05-29 00:03:14,535] Trial 245 finished with value: 7.297362739521849 and parameters: {'ISTN': 71.17342256898048, 'I_gpe': 1.3192040427098524, 'I_gpi': 2.424083767909372, 'noise_stn_sigma': 4.446584202571265, 'noise_gpe_sigma': 111.23973703488645, 'noise_gpi_sigma': 55.698224202697844, 'g_stn_gpe_mult': 3.427653280474063, 'g_gpe_stn_mult': 0.23639724087170902, 'g_stn_gpi_mult': 2.1480936077279704, 'g_gpe_gpi_mult': 0.5087593260025074}. Best is trial 142 with value: 0.3181873175738492.
[I 2026-05-29 00:03:15,543] Trial 246 finished with value: 2.454304536769189 and parameters: {'ISTN': 68.8163797533338, 'I_gpe': 1.3083932154377904, 'I_gpi': 2.4272998839025197, 'noise_stn_sigma': 5.290619793512711, 'noise_gpe_sigma': 109.4846034197434, 'noise_gpi_sigma': 72.74323486017002, 'g_stn_gpe_mult': 2.8365132610769677, 'g_gpe_stn_mult': 0.2025499899785168, 'g_stn_gpi_mult': 2.217344760205814, 'g_gpe_gpi_mult': 0.5887896591249411}. Best is trial 142 with value: 0.3181873175738492.
[I 2026-05-29 00:03:16,552] Trial 247 finished with value: 11.58507437177919 and parameters: {'ISTN': 76.53842492216154, 'I_gpe': 1.4088790669275237, 'I_gpi': 2.233044514297655, 'noise_stn_sigma': 5.196304886111091, 'noise_gpe_sigma': 104.26491653566069, 'noise_gpi_sigma': 74.61424512039332, 'g_stn_gpe_mult': 2.7433165620852646, 'g_gpe_stn_mult': 0.22324943911242331, 'g_stn_gpi_mult': 2.2521133780665683, 'g_gpe_gpi_mult': 0.5065384327313684}. Best is trial 142 with value: 0.3181873175738492.
[I 2026-05-29 00:03:17,560] Trial 248 finished with value: 6.044504822355016 and parameters: {'ISTN': 65.33495989504084, 'I_gpe': 1.2402346253867995, 'I_gpi': 2.466002235767065, 'noise_stn_sigma': 4.9819179625228305, 'noise_gpe_sigma': 98.43157914290832, 'noise_gpi_sigma': 74.74392383990168, 'g_stn_gpe_mult': 3.387794198974084, 'g_gpe_stn_mult': 0.21524025410464356, 'g_stn_gpi_mult': 2.1708637256545438, 'g_gpe_gpi_mult': 0.5721454209640435}. Best is trial 142 with value: 0.3181873175738492.
[I 2026-05-29 00:03:18,568] Trial 249 finished with value: 7.503505153298496 and parameters: {'ISTN': 69.34678840803974, 'I_gpe': 1.3764646307835513, 'I_gpi': 2.3077207688923913, 'noise_stn_sigma': 4.414464503275031, 'noise_gpe_sigma': 108.6536980035737, 'noise_gpi_sigma': 71.08020773997345, 'g_stn_gpe_mult': 3.0773586143034666, 'g_gpe_stn_mult': 0.166935457686552, 'g_stn_gpi_mult': 2.2394574200888235, 'g_gpe_gpi_mult': 0.5767934456689776}. Best is trial 142 with value: 0.3181873175738492.
[I 2026-05-29 00:03:19,576] Trial 250 finished with value: 9.525754706658386 and parameters: {'ISTN': 71.25986753985055, 'I_gpe': 1.0612973029555692, 'I_gpi': 2.344901070670124, 'noise_stn_sigma': 4.4814266033893375, 'noise_gpe_sigma': 107.43482586181011, 'noise_gpi_sigma': 60.9155119379505, 'g_stn_gpe_mult': 3.1094450876878934, 'g_gpe_stn_mult': 0.1940992570152571, 'g_stn_gpi_mult': 2.2024994130373847, 'g_gpe_gpi_mult': 0.5301264764097802}. Best is trial 142 with value: 0.3181873175738492.
[I 2026-05-29 00:03:20,586] Trial 251 finished with value: 5.441287430395135 and parameters: {'ISTN': 62.01406570457469, 'I_gpe': 1.1498673646388227, 'I_gpi': 2.4475050179271465, 'noise_stn_sigma': 4.614482482233955, 'noise_gpe_sigma': 108.38699341497454, 'noise_gpi_sigma': 59.294138614264185, 'g_stn_gpe_mult': 3.1589612955134045, 'g_gpe_stn_mult': 0.13775915936586997, 'g_stn_gpi_mult': 1.894480782024538, 'g_gpe_gpi_mult': 0.5812253018269257}. Best is trial 142 with value: 0.3181873175738492.
[I 2026-05-29 00:03:21,595] Trial 252 finished with value: 8.039983395330646 and parameters: {'ISTN': 68.84905216771101, 'I_gpe': 1.2616015422379994, 'I_gpi': 2.7381021061946034, 'noise_stn_sigma': 5.036228471647703, 'noise_gpe_sigma': 108.86677527157508, 'noise_gpi_sigma': 84.5189449960458, 'g_stn_gpe_mult': 3.414335170687951, 'g_gpe_stn_mult': 0.24074115255429057, 'g_stn_gpi_mult': 1.8734180212404936, 'g_gpe_gpi_mult': 0.5496895401457915}. Best is trial 142 with value: 0.3181873175738492.
[I 2026-05-29 00:03:22,605] Trial 253 finished with value: 9.362704742060696 and parameters: {'ISTN': 70.03299484560252, 'I_gpe': 1.0198778908267516, 'I_gpi': 2.4131849348942294, 'noise_stn_sigma': 5.23632511225967, 'noise_gpe_sigma': 105.90806531261815, 'noise_gpi_sigma': 81.97668655314527, 'g_stn_gpe_mult': 3.1320794859361882, 'g_gpe_stn_mult': 0.2430171962169754, 'g_stn_gpi_mult': 2.006528467621046, 'g_gpe_gpi_mult': 0.6552387140556322}. Best is trial 142 with value: 0.3181873175738492.
[I 2026-05-29 00:03:23,613] Trial 254 finished with value: 5.521800601018021 and parameters: {'ISTN': 69.27800112804788, 'I_gpe': 1.1349018343097208, 'I_gpi': 2.4658062816907913, 'noise_stn_sigma': 5.580265106362264, 'noise_gpe_sigma': 112.55972839724555, 'noise_gpi_sigma': 70.68020597131174, 'g_stn_gpe_mult': 3.2677842819003775, 'g_gpe_stn_mult': 0.1413552353109352, 'g_stn_gpi_mult': 2.1837558594785413, 'g_gpe_gpi_mult': 0.716236365717891}. Best is trial 142 with value: 0.3181873175738492.
[I 2026-05-29 00:03:24,623] Trial 255 finished with value: 5.498325429959353 and parameters: {'ISTN': 70.21529252785061, 'I_gpe': 1.2640134182845417, 'I_gpi': 2.7305552218607527, 'noise_stn_sigma': 5.4030650110643, 'noise_gpe_sigma': 107.27395903197613, 'noise_gpi_sigma': 75.73971337033161, 'g_stn_gpe_mult': 3.0422055717296885, 'g_gpe_stn_mult': 0.22715475474692115, 'g_stn_gpi_mult': 2.0861424271766413, 'g_gpe_gpi_mult': 0.7053143533225275}. Best is trial 142 with value: 0.3181873175738492.
[I 2026-05-29 00:03:25,634] Trial 256 finished with value: 8.657499166095622 and parameters: {'ISTN': 70.71241195972632, 'I_gpe': 1.038631203286939, 'I_gpi': 2.670755190975594, 'noise_stn_sigma': 5.603404976074682, 'noise_gpe_sigma': 114.7422126548992, 'noise_gpi_sigma': 66.40611489498306, 'g_stn_gpe_mult': 3.45091084285462, 'g_gpe_stn_mult': 0.18792967109902992, 'g_stn_gpi_mult': 2.3779596309245914, 'g_gpe_gpi_mult': 0.632192685829138}. Best is trial 142 with value: 0.3181873175738492.
[I 2026-05-29 00:03:26,643] Trial 257 finished with value: 10.016000060529443 and parameters: {'ISTN': 72.38378322748773, 'I_gpe': 1.048414741894481, 'I_gpi': 2.4765922012427177, 'noise_stn_sigma': 5.465121025918894, 'noise_gpe_sigma': 110.94248197659343, 'noise_gpi_sigma': 73.04360736662599, 'g_stn_gpe_mult': 3.3542048127138147, 'g_gpe_stn_mult': 0.22425912993590683, 'g_stn_gpi_mult': 2.261487321647156, 'g_gpe_gpi_mult': 0.6071588339874854}. Best is trial 142 with value: 0.3181873175738492.
[I 2026-05-29 00:03:27,649] Trial 258 finished with value: 8.313883042717096 and parameters: {'ISTN': 70.94080538434439, 'I_gpe': 1.3499694376152094, 'I_gpi': 2.4383091539008204, 'noise_stn_sigma': 5.133088847501097, 'noise_gpe_sigma': 111.12457291613273, 'noise_gpi_sigma': 76.55306625908568, 'g_stn_gpe_mult': 3.0022219079681447, 'g_gpe_stn_mult': 0.22815310993254603, 'g_stn_gpi_mult': 2.1071096961387483, 'g_gpe_gpi_mult': 0.4824963430508549}. Best is trial 142 with value: 0.3181873175738492.
[I 2026-05-29 00:03:28,658] Trial 259 finished with value: 11.629823744978854 and parameters: {'ISTN': 70.32183031611991, 'I_gpe': 1.200863667127439, 'I_gpi': 2.193812655125588, 'noise_stn_sigma': 4.852035319807215, 'noise_gpe_sigma': 112.05008450622465, 'noise_gpi_sigma': 72.17373880708267, 'g_stn_gpe_mult': 3.051221488630195, 'g_gpe_stn_mult': 0.2491656150389577, 'g_stn_gpi_mult': 2.0565469003605754, 'g_gpe_gpi_mult': 0.6120564578819461}. Best is trial 142 with value: 0.3181873175738492.
[I 2026-05-29 00:03:29,667] Trial 260 finished with value: 6.277916006402846 and parameters: {'ISTN': 60.61442424906531, 'I_gpe': 1.4854787234090154, 'I_gpi': 2.1611282737571647, 'noise_stn_sigma': 4.244016009232984, 'noise_gpe_sigma': 106.27651905758952, 'noise_gpi_sigma': 56.62036192870264, 'g_stn_gpe_mult': 2.637227471879357, 'g_gpe_stn_mult': 0.16898547569997202, 'g_stn_gpi_mult': 1.9951410630253301, 'g_gpe_gpi_mult': 0.5227773839570784}. Best is trial 142 with value: 0.3181873175738492.
[I 2026-05-29 00:03:30,676] Trial 261 finished with value: 10.479755824848016 and parameters: {'ISTN': 62.50841255720859, 'I_gpe': 1.082391057750332, 'I_gpi': 2.7557024801116228, 'noise_stn_sigma': 5.131975926869696, 'noise_gpe_sigma': 101.11842033511763, 'noise_gpi_sigma': 64.84915580945201, 'g_stn_gpe_mult': 2.9172896849393855, 'g_gpe_stn_mult': 0.14244129182933116, 'g_stn_gpi_mult': 2.0827366980514097, 'g_gpe_gpi_mult': 0.6932965907684752}. Best is trial 142 with value: 0.3181873175738492.
[I 2026-05-29 00:03:31,684] Trial 262 finished with value: 10.611513062761144 and parameters: {'ISTN': 62.844849824995336, 'I_gpe': 1.1450869185944068, 'I_gpi': 2.9043888542445546, 'noise_stn_sigma': 5.28407092043864, 'noise_gpe_sigma': 108.94119437423994, 'noise_gpi_sigma': 73.12537789490747, 'g_stn_gpe_mult': 3.079602821238367, 'g_gpe_stn_mult': 0.1364576236716482, 'g_stn_gpi_mult': 1.884823550466159, 'g_gpe_gpi_mult': 0.721551298681804}. Best is trial 142 with value: 0.3181873175738492.
[I 2026-05-29 00:03:32,693] Trial 263 finished with value: 8.616795092094968 and parameters: {'ISTN': 64.02925957483855, 'I_gpe': 1.1247341018792358, 'I_gpi': 2.4640082126075886, 'noise_stn_sigma': 5.512883550324379, 'noise_gpe_sigma': 105.60594896787616, 'noise_gpi_sigma': 73.64209735539421, 'g_stn_gpe_mult': 2.750105330557313, 'g_gpe_stn_mult': 0.2175258352583815, 'g_stn_gpi_mult': 2.1180315245574612, 'g_gpe_gpi_mult': 0.6080677580835161}. Best is trial 142 with value: 0.3181873175738492.
