[I 2026-05-28 23:36:16,836] Trial 660 finished with value: 2.443540208390533 and parameters: {'ISTN': 60.48235572674051, 'I_gpe': 1.3292371132747058, 'I_gpi': 2.464723964148705, 'noise_stn_sigma': 6.431642351515167, 'noise_gpe_sigma': 129.3142362489254, 'noise_gpi_sigma': 93.06305525641336, 'g_stn_gpe_mult': 3.1144281141062953, 'g_gpe_stn_mult': 0.5444385757392662, 'g_stn_gpi_mult': 3.259681881818268, 'g_gpe_gpi_mult': 0.5214423113388672}. Best is trial 573 with value: 0.45098607789266554.
[I 2026-05-28 23:36:17,847] Trial 661 finished with value: 9.569448232199365 and parameters: {'ISTN': 63.034124065210634, 'I_gpe': 1.3275455445741455, 'I_gpi': 2.431178874385477, 'noise_stn_sigma': 6.905877560533482, 'noise_gpe_sigma': 130.1201841049051, 'noise_gpi_sigma': 97.64132382676021, 'g_stn_gpe_mult': 3.0133074796766808, 'g_gpe_stn_mult': 0.5177296193651069, 'g_stn_gpi_mult': 3.0623025549369203, 'g_gpe_gpi_mult': 0.4870507778857987}. Best is trial 573 with value: 0.45098607789266554.
[I 2026-05-28 23:36:18,856] Trial 662 finished with value: 11.90656456685937 and parameters: {'ISTN': 63.5707754565518, 'I_gpe': 1.319232196947568, 'I_gpi': 2.2658285690754036, 'noise_stn_sigma': 6.617336739457558, 'noise_gpe_sigma': 132.26955624325532, 'noise_gpi_sigma': 90.1488883868284, 'g_stn_gpe_mult': 3.016675201481638, 'g_gpe_stn_mult': 0.5384954079962772, 'g_stn_gpi_mult': 3.1127883359407162, 'g_gpe_gpi_mult': 0.49934024680207906}. Best is trial 573 with value: 0.45098607789266554.
[I 2026-05-28 23:36:19,863] Trial 663 finished with value: 2.9467130276730247 and parameters: {'ISTN': 61.29532700541411, 'I_gpe': 1.2739647702404087, 'I_gpi': 2.467079403283205, 'noise_stn_sigma': 6.852997321521965, 'noise_gpe_sigma': 126.44505741207894, 'noise_gpi_sigma': 91.44429070498096, 'g_stn_gpe_mult': 3.0597345343130646, 'g_gpe_stn_mult': 0.564032997341002, 'g_stn_gpi_mult': 3.3163164469123507, 'g_gpe_gpi_mult': 0.5151682858694704}. Best is trial 573 with value: 0.45098607789266554.
[I 2026-05-28 23:36:20,872] Trial 664 finished with value: 2.5170089796112247 and parameters: {'ISTN': 61.017684264281016, 'I_gpe': 1.3924800174526621, 'I_gpi': 2.3926388703770964, 'noise_stn_sigma': 6.599574480505795, 'noise_gpe_sigma': 130.4078748466335, 'noise_gpi_sigma': 93.95365062637416, 'g_stn_gpe_mult': 2.9752073690922973, 'g_gpe_stn_mult': 0.5271215545535332, 'g_stn_gpi_mult': 3.038050931782939, 'g_gpe_gpi_mult': 0.4690836977989218}. Best is trial 573 with value: 0.45098607789266554.
[I 2026-05-28 23:36:21,881] Trial 665 finished with value: 6.086389931778612 and parameters: {'ISTN': 62.600981245826986, 'I_gpe': 1.24420425250125, 'I_gpi': 2.483636063143919, 'noise_stn_sigma': 6.715519712879423, 'noise_gpe_sigma': 135.49346387283316, 'noise_gpi_sigma': 87.759000258024, 'g_stn_gpe_mult': 2.9963637353510473, 'g_gpe_stn_mult': 0.575623754189737, 'g_stn_gpi_mult': 3.346969565264201, 'g_gpe_gpi_mult': 0.5162508813612656}. Best is trial 573 with value: 0.45098607789266554.
[I 2026-05-28 23:36:22,890] Trial 666 finished with value: 1.620529848572235 and parameters: {'ISTN': 60.44685559634368, 'I_gpe': 1.3761206018362104, 'I_gpi': 2.353875913100378, 'noise_stn_sigma': 6.828515591817319, 'noise_gpe_sigma': 132.73107312554941, 'noise_gpi_sigma': 94.766479775468, 'g_stn_gpe_mult': 3.0823868451532266, 'g_gpe_stn_mult': 0.49022004137472486, 'g_stn_gpi_mult': 3.159632449489127, 'g_gpe_gpi_mult': 0.5116946653851984}. Best is trial 573 with value: 0.45098607789266554.
[I 2026-05-28 23:36:23,898] Trial 667 finished with value: 3.3324682928539957 and parameters: {'ISTN': 62.279605886239054, 'I_gpe': 1.2959548747726715, 'I_gpi': 2.473138080935808, 'noise_stn_sigma': 6.827012814675041, 'noise_gpe_sigma': 129.50739022239526, 'noise_gpi_sigma': 91.13697503007498, 'g_stn_gpe_mult': 3.0031015240057886, 'g_gpe_stn_mult': 0.5458554174437442, 'g_stn_gpi_mult': 3.266802997924775, 'g_gpe_gpi_mult': 0.5176482648907257}. Best is trial 573 with value: 0.45098607789266554.
[I 2026-05-28 23:36:24,907] Trial 668 finished with value: 5.892735674093791 and parameters: {'ISTN': 62.07502551655666, 'I_gpe': 1.3329262730206597, 'I_gpi': 2.6199736232454938, 'noise_stn_sigma': 6.610389181057853, 'noise_gpe_sigma': 130.7256414974497, 'noise_gpi_sigma': 91.82519461960318, 'g_stn_gpe_mult': 3.0024896533992194, 'g_gpe_stn_mult': 0.5632269622790017, 'g_stn_gpi_mult': 3.1689058268518178, 'g_gpe_gpi_mult': 0.49832174712171046}. Best is trial 573 with value: 0.45098607789266554.
[I 2026-05-28 23:36:25,914] Trial 669 finished with value: 11.426732625963833 and parameters: {'ISTN': 62.98170334928026, 'I_gpe': 1.3693472713791042, 'I_gpi': 2.285515679787837, 'noise_stn_sigma': 6.663585720283288, 'noise_gpe_sigma': 126.8581048548169, 'noise_gpi_sigma': 97.33073711820549, 'g_stn_gpe_mult': 3.048876893733463, 'g_gpe_stn_mult': 0.4945524256210956, 'g_stn_gpi_mult': 3.0668133654005714, 'g_gpe_gpi_mult': 0.47457037878612907}. Best is trial 573 with value: 0.45098607789266554.
[I 2026-05-28 23:36:26,923] Trial 670 finished with value: 5.059299651500142 and parameters: {'ISTN': 61.63772275152177, 'I_gpe': 1.308173979487308, 'I_gpi': 2.5217801376820823, 'noise_stn_sigma': 6.888357938998217, 'noise_gpe_sigma': 136.5726767961284, 'noise_gpi_sigma': 89.10858357318857, 'g_stn_gpe_mult': 3.141680298663624, 'g_gpe_stn_mult': 0.5297527888282432, 'g_stn_gpi_mult': 3.256002869357934, 'g_gpe_gpi_mult': 0.5026037206975749}. Best is trial 573 with value: 0.45098607789266554.
[I 2026-05-28 23:36:27,932] Trial 671 finished with value: 6.845548697705154 and parameters: {'ISTN': 61.664979018735394, 'I_gpe': 1.3436854875251438, 'I_gpi': 2.367580137769732, 'noise_stn_sigma': 6.73122992232979, 'noise_gpe_sigma': 131.24052567681306, 'noise_gpi_sigma': 98.65743980799688, 'g_stn_gpe_mult': 2.929236125452719, 'g_gpe_stn_mult': 0.4986355448023223, 'g_stn_gpi_mult': 2.9917329873035063, 'g_gpe_gpi_mult': 0.47911269919486216}. Best is trial 573 with value: 0.45098607789266554.
[I 2026-05-28 23:36:28,940] Trial 672 finished with value: 5.131987364376569 and parameters: {'ISTN': 62.45418111396276, 'I_gpe': 1.3967581121088188, 'I_gpi': 2.3850936757972168, 'noise_stn_sigma': 6.649348059698388, 'noise_gpe_sigma': 128.00969153228337, 'noise_gpi_sigma': 91.33145330916672, 'g_stn_gpe_mult': 3.0949279577815547, 'g_gpe_stn_mult': 0.5397621756196253, 'g_stn_gpi_mult': 3.2932794841630764, 'g_gpe_gpi_mult': 0.5101660905932904}. Best is trial 573 with value: 0.45098607789266554.
[I 2026-05-28 23:36:29,950] Trial 673 finished with value: 4.899048699692627 and parameters: {'ISTN': 61.6528470739351, 'I_gpe': 1.3698203069119188, 'I_gpi': 2.337089497643637, 'noise_stn_sigma': 6.7299382028614225, 'noise_gpe_sigma': 131.4103336079882, 'noise_gpi_sigma': 92.73130517113977, 'g_stn_gpe_mult': 3.214710155385533, 'g_gpe_stn_mult': 0.5144570520898908, 'g_stn_gpi_mult': 3.2424913440681666, 'g_gpe_gpi_mult': 0.4936480752020689}. Best is trial 573 with value: 0.45098607789266554.
[I 2026-05-28 23:36:30,959] Trial 674 finished with value: 3.0644573031303706 and parameters: {'ISTN': 62.51134560703743, 'I_gpe': 1.3400620643866445, 'I_gpi': 2.342932225545784, 'noise_stn_sigma': 6.4640536426007875, 'noise_gpe_sigma': 129.4744427185685, 'noise_gpi_sigma': 94.95819555495166, 'g_stn_gpe_mult': 2.8726584743284276, 'g_gpe_stn_mult': 0.5624710519142242, 'g_stn_gpi_mult': 3.104611465619578, 'g_gpe_gpi_mult': 0.4659635354945199}. Best is trial 573 with value: 0.45098607789266554.
[I 2026-05-28 23:36:31,967] Trial 675 finished with value: 2.291274922879956 and parameters: {'ISTN': 60.29384855931073, 'I_gpe': 1.2638989826677811, 'I_gpi': 2.4275198172120507, 'noise_stn_sigma': 6.717780523157009, 'noise_gpe_sigma': 134.3719885147317, 'noise_gpi_sigma': 91.57276002056265, 'g_stn_gpe_mult': 3.1488453813166486, 'g_gpe_stn_mult': 0.5290843424224294, 'g_stn_gpi_mult': 3.1317284022741547, 'g_gpe_gpi_mult': 0.49125470621777284}. Best is trial 573 with value: 0.45098607789266554.
[I 2026-05-28 23:36:32,976] Trial 676 finished with value: 0.4041350599223196 and parameters: {'ISTN': 60.475494590993605, 'I_gpe': 1.3497324414149803, 'I_gpi': 2.12139421272398, 'noise_stn_sigma': 6.762711979973867, 'noise_gpe_sigma': 127.4395744696165, 'noise_gpi_sigma': 98.1464586473771, 'g_stn_gpe_mult': 3.0739492474501304, 'g_gpe_stn_mult': 0.4897852658175015, 'g_stn_gpi_mult': 3.1930110333684816, 'g_gpe_gpi_mult': 0.4737401029296366}. Best is trial 676 with value: 0.4041350599223196.
[I 2026-05-28 23:36:33,984] Trial 677 finished with value: 2.811102728650185 and parameters: {'ISTN': 62.44670217036544, 'I_gpe': 1.3098108589790007, 'I_gpi': 2.431108363918358, 'noise_stn_sigma': 6.550727813047495, 'noise_gpe_sigma': 126.98944875909606, 'noise_gpi_sigma': 89.77652591101278, 'g_stn_gpe_mult': 3.0317840990965994, 'g_gpe_stn_mult': 0.5567623903243994, 'g_stn_gpi_mult': 3.261120453421819, 'g_gpe_gpi_mult': 0.5018377682741342}. Best is trial 676 with value: 0.4041350599223196.
[I 2026-05-28 23:36:34,991] Trial 678 finished with value: 0.965583575614446 and parameters: {'ISTN': 60.17271425513844, 'I_gpe': 1.3599079759359576, 'I_gpi': 2.4714269490816623, 'noise_stn_sigma': 7.1037461651137, 'noise_gpe_sigma': 128.88736981766579, 'noise_gpi_sigma': 94.11616495067958, 'g_stn_gpe_mult': 3.113451148683576, 'g_gpe_stn_mult': 0.5117838225460336, 'g_stn_gpi_mult': 3.191865617588488, 'g_gpe_gpi_mult': 0.542042500534412}. Best is trial 676 with value: 0.4041350599223196.
[I 2026-05-28 23:36:36,001] Trial 679 finished with value: 2.001762986225391 and parameters: {'ISTN': 62.19098037528107, 'I_gpe': 1.3858443101363382, 'I_gpi': 2.371781268576145, 'noise_stn_sigma': 6.595590292031332, 'noise_gpe_sigma': 132.95790880064988, 'noise_gpi_sigma': 93.75402460060442, 'g_stn_gpe_mult': 3.0051505071824938, 'g_gpe_stn_mult': 0.5477957844110395, 'g_stn_gpi_mult': 3.223600445825972, 'g_gpe_gpi_mult': 0.5008618158762327}. Best is trial 676 with value: 0.4041350599223196.
[I 2026-05-28 23:36:37,009] Trial 680 finished with value: 0.6477743267467191 and parameters: {'ISTN': 60.20039437969267, 'I_gpe': 1.3820139536481815, 'I_gpi': 2.2694978276018327, 'noise_stn_sigma': 6.777598902438774, 'noise_gpe_sigma': 130.74456045113908, 'noise_gpi_sigma': 98.38175470587457, 'g_stn_gpe_mult': 3.093768226757877, 'g_gpe_stn_mult': 0.4881244105698912, 'g_stn_gpi_mult': 3.095008518646772, 'g_gpe_gpi_mult': 0.4974584434468387}. Best is trial 676 with value: 0.4041350599223196.
[I 2026-05-28 23:36:38,015] Trial 681 finished with value: 7.946879033100774 and parameters: {'ISTN': 61.80014126957825, 'I_gpe': 1.44836770006262, 'I_gpi': 2.1408635469298387, 'noise_stn_sigma': 6.53882326219347, 'noise_gpe_sigma': 127.00313081813506, 'noise_gpi_sigma': 101.10524860211146, 'g_stn_gpe_mult': 3.156561073185736, 'g_gpe_stn_mult': 0.5026218197162765, 'g_stn_gpi_mult': 3.340096073081199, 'g_gpe_gpi_mult': 0.5199086748918768}. Best is trial 676 with value: 0.4041350599223196.
[I 2026-05-28 23:36:39,024] Trial 682 finished with value: 3.6026647099382796 and parameters: {'ISTN': 60.711750502114555, 'I_gpe': 1.312935406019012, 'I_gpi': 2.1382402341483284, 'noise_stn_sigma': 6.96851637388529, 'noise_gpe_sigma': 128.01928763004838, 'noise_gpi_sigma': 100.09663640145581, 'g_stn_gpe_mult': 3.1276193077536076, 'g_gpe_stn_mult': 0.47138432161848876, 'g_stn_gpi_mult': 3.2341736820760856, 'g_gpe_gpi_mult': 0.48529246517526003}. Best is trial 676 with value: 0.4041350599223196.
[I 2026-05-28 23:36:40,031] Trial 683 finished with value: 9.537612743354417 and parameters: {'ISTN': 63.775105584693584, 'I_gpe': 1.3943198316377288, 'I_gpi': 2.301901383887526, 'noise_stn_sigma': 6.765458106708676, 'noise_gpe_sigma': 128.35081274798944, 'noise_gpi_sigma': 96.28450407382249, 'g_stn_gpe_mult': 3.1111059645150223, 'g_gpe_stn_mult': 0.5235966254429671, 'g_stn_gpi_mult': 3.2270755119258934, 'g_gpe_gpi_mult': 0.5091648563217723}. Best is trial 676 with value: 0.4041350599223196.
[I 2026-05-28 23:36:41,039] Trial 684 finished with value: 2.038973779748307 and parameters: {'ISTN': 60.95368303046476, 'I_gpe': 1.2667831645650343, 'I_gpi': 2.4198744932466862, 'noise_stn_sigma': 6.767366765850811, 'noise_gpe_sigma': 130.21848829776525, 'noise_gpi_sigma': 94.97860401818309, 'g_stn_gpe_mult': 3.0679604386962556, 'g_gpe_stn_mult': 0.5196009656543857, 'g_stn_gpi_mult': 3.191991968012327, 'g_gpe_gpi_mult': 0.5041018251029706}. Best is trial 676 with value: 0.4041350599223196.
[I 2026-05-28 23:36:42,047] Trial 685 finished with value: 1.1300797963549256 and parameters: {'ISTN': 60.557955163856256, 'I_gpe': 1.3623298357746099, 'I_gpi': 2.2485091403404507, 'noise_stn_sigma': 6.834280956482889, 'noise_gpe_sigma': 129.0101212196449, 'noise_gpi_sigma': 97.63984319058578, 'g_stn_gpe_mult': 3.031552080782806, 'g_gpe_stn_mult': 0.522102918223652, 'g_stn_gpi_mult': 3.294114913231303, 'g_gpe_gpi_mult': 0.48491241227330734}. Best is trial 676 with value: 0.4041350599223196.
[I 2026-05-28 23:36:43,055] Trial 686 finished with value: 4.1727938819609145 and parameters: {'ISTN': 61.41234320360192, 'I_gpe': 1.4457411890997087, 'I_gpi': 2.375687765370814, 'noise_stn_sigma': 6.746913990707779, 'noise_gpe_sigma': 126.49320256408251, 'noise_gpi_sigma': 99.04536158109379, 'g_stn_gpe_mult': 2.9991376191302823, 'g_gpe_stn_mult': 0.5126493434829065, 'g_stn_gpi_mult': 3.0751920139936524, 'g_gpe_gpi_mult': 0.503240700141987}. Best is trial 676 with value: 0.4041350599223196.
[I 2026-05-28 23:36:44,064] Trial 687 finished with value: 2.2567108111508576 and parameters: {'ISTN': 61.09212377577504, 'I_gpe': 1.2803401736904392, 'I_gpi': 2.2233349468214203, 'noise_stn_sigma': 6.877777612598634, 'noise_gpe_sigma': 126.99890830851629, 'noise_gpi_sigma': 96.2632095414813, 'g_stn_gpe_mult': 3.152566497522857, 'g_gpe_stn_mult': 0.5090818046194122, 'g_stn_gpi_mult': 3.221576122526691, 'g_gpe_gpi_mult': 0.5220649997540014}. Best is trial 676 with value: 0.4041350599223196.
[I 2026-05-28 23:36:45,071] Trial 688 finished with value: 1.646521681231222 and parameters: {'ISTN': 60.4184585641546, 'I_gpe': 1.332276499665935, 'I_gpi': 2.3382729220745073, 'noise_stn_sigma': 7.077942140719852, 'noise_gpe_sigma': 132.5764618789464, 'noise_gpi_sigma': 95.33306835098799, 'g_stn_gpe_mult': 3.1506930221421143, 'g_gpe_stn_mult': 0.475836877667819, 'g_stn_gpi_mult': 3.082125348875472, 'g_gpe_gpi_mult': 0.4925401401521184}. Best is trial 676 with value: 0.4041350599223196.
[I 2026-05-28 23:36:46,081] Trial 689 finished with value: 9.164034167372213 and parameters: {'ISTN': 61.491233823252784, 'I_gpe': 1.2830342542977569, 'I_gpi': 2.3965255082680486, 'noise_stn_sigma': 6.600444158205248, 'noise_gpe_sigma': 131.5045878450305, 'noise_gpi_sigma': 99.41770257495456, 'g_stn_gpe_mult': 3.187494297434614, 'g_gpe_stn_mult': 0.49581978376371505, 'g_stn_gpi_mult': 3.2640525581253454, 'g_gpe_gpi_mult': 0.43446387163159794}. Best is trial 676 with value: 0.4041350599223196.
[I 2026-05-28 23:36:47,091] Trial 690 finished with value: 6.658328922302774 and parameters: {'ISTN': 62.2712064769203, 'I_gpe': 1.3425546400123411, 'I_gpi': 2.3114129065432625, 'noise_stn_sigma': 6.7263680531310035, 'noise_gpe_sigma': 131.76123993181886, 'noise_gpi_sigma': 93.72332823829865, 'g_stn_gpe_mult': 3.1118896847234545, 'g_gpe_stn_mult': 0.5040173322976371, 'g_stn_gpi_mult': 3.2135378412098263, 'g_gpe_gpi_mult': 0.47677991937117775}. Best is trial 676 with value: 0.4041350599223196.
[I 2026-05-28 23:36:48,098] Trial 691 finished with value: 1.4401385521499415 and parameters: {'ISTN': 60.32396481990896, 'I_gpe': 1.3846634637569946, 'I_gpi': 2.2698586630473194, 'noise_stn_sigma': 6.955167324793085, 'noise_gpe_sigma': 128.9635535951146, 'noise_gpi_sigma': 96.44071470385536, 'g_stn_gpe_mult': 2.9933140661850723, 'g_gpe_stn_mult': 0.5313961164271681, 'g_stn_gpi_mult': 3.1290188625535986, 'g_gpe_gpi_mult': 0.5165319990877466}. Best is trial 676 with value: 0.4041350599223196.
[I 2026-05-28 23:36:49,107] Trial 692 finished with value: 3.1549059741002656 and parameters: {'ISTN': 62.68551598892039, 'I_gpe': 1.2962487162978176, 'I_gpi': 2.3014687769026754, 'noise_stn_sigma': 6.779012392315818, 'noise_gpe_sigma': 125.6468507627684, 'noise_gpi_sigma': 92.68554739702485, 'g_stn_gpe_mult': 3.0643834297241175, 'g_gpe_stn_mult': 0.5596427802311549, 'g_stn_gpi_mult': 3.241870696806724, 'g_gpe_gpi_mult': 0.4909513204021257}. Best is trial 676 with value: 0.4041350599223196.
[I 2026-05-28 23:36:50,117] Trial 693 finished with value: 5.661873224022701 and parameters: {'ISTN': 62.63634741728941, 'I_gpe': 1.3229807649662815, 'I_gpi': 2.348081144508951, 'noise_stn_sigma': 6.624509831072824, 'noise_gpe_sigma': 128.50605121616428, 'noise_gpi_sigma': 93.43663347493518, 'g_stn_gpe_mult': 3.1254983451293956, 'g_gpe_stn_mult': 0.5310671379547989, 'g_stn_gpi_mult': 3.1866392344046255, 'g_gpe_gpi_mult': 0.4668773866699664}. Best is trial 676 with value: 0.4041350599223196.
[I 2026-05-28 23:36:51,124] Trial 694 finished with value: 1.1644999459191654 and parameters: {'ISTN': 61.039686523212794, 'I_gpe': 1.3279215056923477, 'I_gpi': 2.2396803013349684, 'noise_stn_sigma': 6.781996511563398, 'noise_gpe_sigma': 128.93671433002558, 'noise_gpi_sigma': 97.33892631130031, 'g_stn_gpe_mult': 2.8947116704084292, 'g_gpe_stn_mult': 0.5262230141117858, 'g_stn_gpi_mult': 3.200834492915154, 'g_gpe_gpi_mult': 0.4754860944510748}. Best is trial 676 with value: 0.4041350599223196.
[I 2026-05-28 23:36:52,132] Trial 695 finished with value: 5.469461293409708 and parameters: {'ISTN': 62.679588387394396, 'I_gpe': 1.4188776063849606, 'I_gpi': 2.308852935830507, 'noise_stn_sigma': 6.930105755571291, 'noise_gpe_sigma': 132.84187103190288, 'noise_gpi_sigma': 98.28576254032949, 'g_stn_gpe_mult': 2.9134201068819703, 'g_gpe_stn_mult': 0.5349015135838444, 'g_stn_gpi_mult': 3.2275826087238126, 'g_gpe_gpi_mult': 0.48701553403208486}. Best is trial 676 with value: 0.4041350599223196.
[I 2026-05-28 23:36:53,143] Trial 696 finished with value: 0.532544475104608 and parameters: {'ISTN': 60.44643648293106, 'I_gpe': 1.3526892656350173, 'I_gpi': 2.194388892738266, 'noise_stn_sigma': 7.118891021113897, 'noise_gpe_sigma': 127.53182783146407, 'noise_gpi_sigma': 99.838124353367, 'g_stn_gpe_mult': 3.0896218388074517, 'g_gpe_stn_mult': 0.49835728490388753, 'g_stn_gpi_mult': 3.2653665635568156, 'g_gpe_gpi_mult': 0.4844767593217317}. Best is trial 676 with value: 0.4041350599223196.
[I 2026-05-28 23:36:54,151] Trial 697 finished with value: 0.7406576716035994 and parameters: {'ISTN': 60.14915417592976, 'I_gpe': 1.2713566023359104, 'I_gpi': 2.283945683213501, 'noise_stn_sigma': 6.991716060607306, 'noise_gpe_sigma': 127.6520676758954, 'noise_gpi_sigma': 96.88873276822535, 'g_stn_gpe_mult': 3.099257564793259, 'g_gpe_stn_mult': 0.4690664501303845, 'g_stn_gpi_mult': 3.1073736839121646, 'g_gpe_gpi_mult': 0.5249754256415404}. Best is trial 676 with value: 0.4041350599223196.
[I 2026-05-28 23:36:55,158] Trial 698 finished with value: 10.45640552393878 and parameters: {'ISTN': 63.52395926270099, 'I_gpe': 1.3833137155867228, 'I_gpi': 2.180459875529356, 'noise_stn_sigma': 6.807709721343276, 'noise_gpe_sigma': 128.22175475071094, 'noise_gpi_sigma': 98.14150833613606, 'g_stn_gpe_mult': 2.945696948223521, 'g_gpe_stn_mult': 0.517979902804557, 'g_stn_gpi_mult': 3.200404440373245, 'g_gpe_gpi_mult': 0.471136448675704}. Best is trial 676 with value: 0.4041350599223196.
[I 2026-05-28 23:36:56,167] Trial 699 finished with value: 2.74263695752032 and parameters: {'ISTN': 62.42146394124817, 'I_gpe': 1.3800119939819053, 'I_gpi': 2.38863040646298, 'noise_stn_sigma': 6.908835370686634, 'noise_gpe_sigma': 129.5081223018949, 'noise_gpi_sigma': 90.42532237758095, 'g_stn_gpe_mult': 3.143341737160519, 'g_gpe_stn_mult': 0.53398990664819, 'g_stn_gpi_mult': 3.145301115774788, 'g_gpe_gpi_mult': 0.4855487546018841}. Best is trial 676 with value: 0.4041350599223196.
[I 2026-05-28 23:36:57,176] Trial 700 finished with value: 3.73746235618999 and parameters: {'ISTN': 61.275958960848726, 'I_gpe': 1.30349064591897, 'I_gpi': 2.489087378992158, 'noise_stn_sigma': 6.948831798439625, 'noise_gpe_sigma': 132.32195868698588, 'noise_gpi_sigma': 94.41162650644118, 'g_stn_gpe_mult': 3.1508544860563084, 'g_gpe_stn_mult': 0.5198173413561242, 'g_stn_gpi_mult': 3.150107109563163, 'g_gpe_gpi_mult': 0.5076770155260497}. Best is trial 676 with value: 0.4041350599223196.
[I 2026-05-28 23:36:58,185] Trial 701 finished with value: 0.9104630900648012 and parameters: {'ISTN': 60.56658223916376, 'I_gpe': 1.352056295518806, 'I_gpi': 2.258216628586725, 'noise_stn_sigma': 6.787396396841576, 'noise_gpe_sigma': 129.013388546153, 'noise_gpi_sigma': 99.25261974059198, 'g_stn_gpe_mult': 2.957566756410605, 'g_gpe_stn_mult': 0.5218293773964869, 'g_stn_gpi_mult': 3.285653443650803, 'g_gpe_gpi_mult': 0.500737601490145}. Best is trial 676 with value: 0.4041350599223196.
[I 2026-05-28 23:36:59,196] Trial 702 finished with value: 1.1028076986378645 and parameters: {'ISTN': 60.795921636873835, 'I_gpe': 1.3592063756056993, 'I_gpi': 2.1763173957889377, 'noise_stn_sigma': 6.853976771416494, 'noise_gpe_sigma': 125.0959357809149, 'noise_gpi_sigma': 98.66050086421201, 'g_stn_gpe_mult': 3.1038166489007035, 'g_gpe_stn_mult': 0.512419528669827, 'g_stn_gpi_mult': 3.120782081430755, 'g_gpe_gpi_mult': 0.47640033664296894}. Best is trial 676 with value: 0.4041350599223196.
[I 2026-05-28 23:37:00,207] Trial 703 finished with value: 5.862383069344795 and parameters: {'ISTN': 62.3808775101331, 'I_gpe': 1.2720970881758018, 'I_gpi': 2.268836332526914, 'noise_stn_sigma': 7.1276097279483155, 'noise_gpe_sigma': 129.605151686426, 'noise_gpi_sigma': 96.66301002501642, 'g_stn_gpe_mult': 3.129288594467062, 'g_gpe_stn_mult': 0.5054778957621152, 'g_stn_gpi_mult': 3.1630704216053593, 'g_gpe_gpi_mult': 0.5037446627102726}. Best is trial 676 with value: 0.4041350599223196.
