[I 2026-05-28 23:51:01,319] Trial 528 finished with value: 0.16796241732328993 and parameters: {'ISTN': 61.546325966063186, 'I_gpe': 1.247198574655985, 'I_gpi': 2.0480814810132326, 'noise_stn_sigma': 3.591889554148609, 'noise_gpe_sigma': 99.92168042737406, 'noise_gpi_sigma': 102.51325511755181, 'g_stn_gpe_mult': 2.4487072049872585, 'g_gpe_stn_mult': 0.12938186983087688, 'g_stn_gpi_mult': 1.7955436230740935, 'g_gpe_gpi_mult': 0.9540951159761744}. Best is trial 462 with value: 0.14343844675956713.
[I 2026-05-28 23:51:02,324] Trial 529 finished with value: 0.15560385869944962 and parameters: {'ISTN': 60.555980385177534, 'I_gpe': 1.3309128135621826, 'I_gpi': 2.157250163509884, 'noise_stn_sigma': 3.6629509539635365, 'noise_gpe_sigma': 100.17840934487164, 'noise_gpi_sigma': 110.81822107788753, 'g_stn_gpe_mult': 2.436129955796629, 'g_gpe_stn_mult': 0.11858954787506035, 'g_stn_gpi_mult': 1.7771184873088939, 'g_gpe_gpi_mult': 0.9700359409397967}. Best is trial 462 with value: 0.14343844675956713.
[I 2026-05-28 23:51:03,331] Trial 530 finished with value: 4.330617376799028 and parameters: {'ISTN': 63.28369995737924, 'I_gpe': 1.3085109612271988, 'I_gpi': 2.0285317989146154, 'noise_stn_sigma': 3.500711228406724, 'noise_gpe_sigma': 104.2691573588728, 'noise_gpi_sigma': 100.72849863201807, 'g_stn_gpe_mult': 2.2896698017094654, 'g_gpe_stn_mult': 0.12745294377029437, 'g_stn_gpi_mult': 1.8583866464811005, 'g_gpe_gpi_mult': 0.9510534796832095}. Best is trial 462 with value: 0.14343844675956713.
[I 2026-05-28 23:51:04,339] Trial 531 finished with value: 0.15180861969683515 and parameters: {'ISTN': 62.14040052275807, 'I_gpe': 1.287602536535004, 'I_gpi': 2.2212792463615223, 'noise_stn_sigma': 3.2315432244679756, 'noise_gpe_sigma': 96.35653606586642, 'noise_gpi_sigma': 104.54751037476524, 'g_stn_gpe_mult': 2.4459528946021654, 'g_gpe_stn_mult': 0.11526802257567563, 'g_stn_gpi_mult': 1.8008907409449364, 'g_gpe_gpi_mult': 0.9553807760179203}. Best is trial 462 with value: 0.14343844675956713.
[I 2026-05-28 23:51:05,344] Trial 532 finished with value: 0.16009138736686612 and parameters: {'ISTN': 60.718637300452016, 'I_gpe': 1.4837978094550146, 'I_gpi': 2.1136654658501373, 'noise_stn_sigma': 3.5693192568433743, 'noise_gpe_sigma': 103.89888113228879, 'noise_gpi_sigma': 103.37776916158865, 'g_stn_gpe_mult': 2.512626568804433, 'g_gpe_stn_mult': 0.13762161662485523, 'g_stn_gpi_mult': 1.890704797255667, 'g_gpe_gpi_mult': 0.95535818403094}. Best is trial 462 with value: 0.14343844675956713.
[I 2026-05-28 23:51:06,350] Trial 533 finished with value: 0.5009761527338878 and parameters: {'ISTN': 60.841201062328636, 'I_gpe': 1.4268440172696049, 'I_gpi': 2.0976598952516112, 'noise_stn_sigma': 3.411120527420819, 'noise_gpe_sigma': 100.63023193998698, 'noise_gpi_sigma': 110.51411023731035, 'g_stn_gpe_mult': 2.413578609826162, 'g_gpe_stn_mult': 0.13615399120023625, 'g_stn_gpi_mult': 1.724770182241505, 'g_gpe_gpi_mult': 0.9450955570228559}. Best is trial 462 with value: 0.14343844675956713.
[I 2026-05-28 23:51:07,356] Trial 534 finished with value: 0.4457918037364198 and parameters: {'ISTN': 60.866804530302225, 'I_gpe': 1.3919579481136815, 'I_gpi': 2.2239997185592406, 'noise_stn_sigma': 3.7755487349795116, 'noise_gpe_sigma': 100.63408361806333, 'noise_gpi_sigma': 106.41904498672312, 'g_stn_gpe_mult': 2.3619227839487325, 'g_gpe_stn_mult': 0.13862917577972186, 'g_stn_gpi_mult': 1.6492347827106322, 'g_gpe_gpi_mult': 0.9315992482484838}. Best is trial 462 with value: 0.14343844675956713.
[I 2026-05-28 23:51:08,363] Trial 535 finished with value: 0.18658239261322107 and parameters: {'ISTN': 60.11352292299955, 'I_gpe': 1.3115772236695709, 'I_gpi': 2.030799756452139, 'noise_stn_sigma': 3.431291564200284, 'noise_gpe_sigma': 103.39590922720464, 'noise_gpi_sigma': 110.86859348254298, 'g_stn_gpe_mult': 2.2842652446309115, 'g_gpe_stn_mult': 0.12739483762407797, 'g_stn_gpi_mult': 1.752521955341439, 'g_gpe_gpi_mult': 0.9511346482481222}. Best is trial 462 with value: 0.14343844675956713.
[I 2026-05-28 23:51:09,367] Trial 536 finished with value: 0.5053378564712512 and parameters: {'ISTN': 62.08786734971734, 'I_gpe': 1.401558597838749, 'I_gpi': 2.1036733130688816, 'noise_stn_sigma': 3.2008579095289478, 'noise_gpe_sigma': 103.02951051772459, 'noise_gpi_sigma': 108.64782554543443, 'g_stn_gpe_mult': 2.459332282372679, 'g_gpe_stn_mult': 0.13396400248616175, 'g_stn_gpi_mult': 1.8680376472416858, 'g_gpe_gpi_mult': 0.9508492672880897}. Best is trial 462 with value: 0.14343844675956713.
[I 2026-05-28 23:51:10,376] Trial 537 finished with value: 0.1510986570119763 and parameters: {'ISTN': 61.04139746682915, 'I_gpe': 1.1885916790954463, 'I_gpi': 2.2237693391554405, 'noise_stn_sigma': 3.346013001990202, 'noise_gpe_sigma': 102.4769202917118, 'noise_gpi_sigma': 104.70758675963134, 'g_stn_gpe_mult': 2.501671227364878, 'g_gpe_stn_mult': 0.15068106801069217, 'g_stn_gpi_mult': 1.6960242671163142, 'g_gpe_gpi_mult': 0.9727187665820847}. Best is trial 462 with value: 0.14343844675956713.
[I 2026-05-28 23:51:11,382] Trial 538 finished with value: 0.15607119485612192 and parameters: {'ISTN': 61.209907015825046, 'I_gpe': 1.4257114326861615, 'I_gpi': 2.1901060579602274, 'noise_stn_sigma': 3.614935434473585, 'noise_gpe_sigma': 96.01213263364932, 'noise_gpi_sigma': 108.03050141147679, 'g_stn_gpe_mult': 2.328026290186362, 'g_gpe_stn_mult': 0.11235325425759454, 'g_stn_gpi_mult': 1.8290032733189625, 'g_gpe_gpi_mult': 0.9271072504600215}. Best is trial 462 with value: 0.14343844675956713.
[I 2026-05-28 23:51:12,390] Trial 539 finished with value: 0.1614517783114577 and parameters: {'ISTN': 60.29417460665134, 'I_gpe': 1.2628178010887832, 'I_gpi': 2.360121012502714, 'noise_stn_sigma': 3.626072244176405, 'noise_gpe_sigma': 99.10639107070546, 'noise_gpi_sigma': 107.11341264068331, 'g_stn_gpe_mult': 2.4537349470921073, 'g_gpe_stn_mult': 0.13928760695844336, 'g_stn_gpi_mult': 1.7442125403389463, 'g_gpe_gpi_mult': 0.9507677220501283}. Best is trial 462 with value: 0.14343844675956713.
[I 2026-05-28 23:51:13,393] Trial 540 finished with value: 0.1674181837700257 and parameters: {'ISTN': 60.23244484408065, 'I_gpe': 1.3689300680002772, 'I_gpi': 2.0232890054326798, 'noise_stn_sigma': 3.5471627507654273, 'noise_gpe_sigma': 100.19739956922399, 'noise_gpi_sigma': 107.52838639070345, 'g_stn_gpe_mult': 2.4099897085896904, 'g_gpe_stn_mult': 0.10222784596970703, 'g_stn_gpi_mult': 1.7384663987325908, 'g_gpe_gpi_mult': 1.0197904587888664}. Best is trial 462 with value: 0.14343844675956713.
[I 2026-05-28 23:51:14,401] Trial 541 finished with value: 0.15384914402632127 and parameters: {'ISTN': 63.18450021472968, 'I_gpe': 1.4002814699954167, 'I_gpi': 2.160962645594626, 'noise_stn_sigma': 3.155656035810634, 'noise_gpe_sigma': 100.67418076542607, 'noise_gpi_sigma': 99.26084229043582, 'g_stn_gpe_mult': 2.4584117569572355, 'g_gpe_stn_mult': 0.10688285722551956, 'g_stn_gpi_mult': 1.9452861032447557, 'g_gpe_gpi_mult': 1.0112026141197763}. Best is trial 462 with value: 0.14343844675956713.
[I 2026-05-28 23:51:15,408] Trial 542 finished with value: 0.16195735792940671 and parameters: {'ISTN': 60.705275566875045, 'I_gpe': 1.4029860554064253, 'I_gpi': 2.13462049557507, 'noise_stn_sigma': 3.224200630068574, 'noise_gpe_sigma': 98.32846912778902, 'noise_gpi_sigma': 104.73476550908923, 'g_stn_gpe_mult': 2.5066077944787137, 'g_gpe_stn_mult': 0.11777874879561981, 'g_stn_gpi_mult': 1.7496695104284001, 'g_gpe_gpi_mult': 0.9528269566613201}. Best is trial 462 with value: 0.14343844675956713.
[I 2026-05-28 23:51:16,415] Trial 543 finished with value: 0.16910654785415802 and parameters: {'ISTN': 60.67922158360654, 'I_gpe': 1.233034586052817, 'I_gpi': 2.3371040492877455, 'noise_stn_sigma': 3.047736371844387, 'noise_gpe_sigma': 96.12054000947407, 'noise_gpi_sigma': 109.60302489233796, 'g_stn_gpe_mult': 2.352770562972636, 'g_gpe_stn_mult': 0.13421867942541457, 'g_stn_gpi_mult': 1.83877286778818, 'g_gpe_gpi_mult': 0.9307149390118516}. Best is trial 462 with value: 0.14343844675956713.
[I 2026-05-28 23:51:17,423] Trial 544 finished with value: 0.1509114524469113 and parameters: {'ISTN': 60.700722576683226, 'I_gpe': 1.2534926914168576, 'I_gpi': 2.247898542594012, 'noise_stn_sigma': 3.5038033942690197, 'noise_gpe_sigma': 96.38221756075117, 'noise_gpi_sigma': 103.9303273002788, 'g_stn_gpe_mult': 2.3941999391066027, 'g_gpe_stn_mult': 0.1318823288552032, 'g_stn_gpi_mult': 1.7486752270402075, 'g_gpe_gpi_mult': 0.999101819234149}. Best is trial 462 with value: 0.14343844675956713.
[I 2026-05-28 23:51:18,428] Trial 545 finished with value: 0.1553973188794963 and parameters: {'ISTN': 61.38103522937329, 'I_gpe': 1.235960975624459, 'I_gpi': 2.1730553553779766, 'noise_stn_sigma': 2.9537873488662383, 'noise_gpe_sigma': 98.37028288018253, 'noise_gpi_sigma': 103.0651398508, 'g_stn_gpe_mult': 2.4383564393320034, 'g_gpe_stn_mult': 0.13309587782687043, 'g_stn_gpi_mult': 1.7886624087889536, 'g_gpe_gpi_mult': 0.9957903356690176}. Best is trial 462 with value: 0.14343844675956713.
[I 2026-05-28 23:51:19,434] Trial 546 finished with value: 1.1174285556229275 and parameters: {'ISTN': 65.74326108224113, 'I_gpe': 1.0655211866393222, 'I_gpi': 2.265710820229284, 'noise_stn_sigma': 3.378064507762557, 'noise_gpe_sigma': 100.92518774816415, 'noise_gpi_sigma': 103.58656585962231, 'g_stn_gpe_mult': 2.3704830444022145, 'g_gpe_stn_mult': 0.1486396375343038, 'g_stn_gpi_mult': 1.8174639341008294, 'g_gpe_gpi_mult': 0.9074158150062308}. Best is trial 462 with value: 0.14343844675956713.
[I 2026-05-28 23:51:20,440] Trial 547 finished with value: 0.148131572311974 and parameters: {'ISTN': 61.599893762512785, 'I_gpe': 1.3632871102112007, 'I_gpi': 2.187580009767347, 'noise_stn_sigma': 3.390656848575471, 'noise_gpe_sigma': 99.37176339747077, 'noise_gpi_sigma': 100.494738839676, 'g_stn_gpe_mult': 2.416913464866867, 'g_gpe_stn_mult': 0.12742691235233203, 'g_stn_gpi_mult': 1.7379074265074452, 'g_gpe_gpi_mult': 0.989856495773026}. Best is trial 462 with value: 0.14343844675956713.
[I 2026-05-28 23:51:21,448] Trial 548 finished with value: 0.973992963827431 and parameters: {'ISTN': 60.620379536411846, 'I_gpe': 1.2437899026634245, 'I_gpi': 2.3220920024970786, 'noise_stn_sigma': 3.599581951158197, 'noise_gpe_sigma': 97.80019532867688, 'noise_gpi_sigma': 104.91370212953588, 'g_stn_gpe_mult': 2.4035599262312766, 'g_gpe_stn_mult': 0.16966848671668955, 'g_stn_gpi_mult': 1.7514809279390529, 'g_gpe_gpi_mult': 0.9993413189968623}. Best is trial 462 with value: 0.14343844675956713.
[I 2026-05-28 23:51:22,454] Trial 549 finished with value: 0.1496144982572283 and parameters: {'ISTN': 61.012344595303645, 'I_gpe': 1.3177061274711375, 'I_gpi': 2.1156183562085653, 'noise_stn_sigma': 3.405619784447588, 'noise_gpe_sigma': 101.39917335885637, 'noise_gpi_sigma': 101.6080576151943, 'g_stn_gpe_mult': 2.4839362195819166, 'g_gpe_stn_mult': 0.12990442281871772, 'g_stn_gpi_mult': 1.7236545102598122, 'g_gpe_gpi_mult': 0.9507228362461511}. Best is trial 462 with value: 0.14343844675956713.
[I 2026-05-28 23:51:23,461] Trial 550 finished with value: 0.16327013098257692 and parameters: {'ISTN': 62.26415499127624, 'I_gpe': 1.2078034122063679, 'I_gpi': 2.380086297666978, 'noise_stn_sigma': 3.3749836150833827, 'noise_gpe_sigma': 98.56424707197515, 'noise_gpi_sigma': 99.52133928629159, 'g_stn_gpe_mult': 2.4989881387621526, 'g_gpe_stn_mult': 0.12207705397536023, 'g_stn_gpi_mult': 1.8606839657490224, 'g_gpe_gpi_mult': 0.9413107371026961}. Best is trial 462 with value: 0.14343844675956713.
[I 2026-05-28 23:51:24,468] Trial 551 finished with value: 0.1601955424917741 and parameters: {'ISTN': 62.720067022939794, 'I_gpe': 1.1790280731920935, 'I_gpi': 2.145471055312125, 'noise_stn_sigma': 3.630754427192419, 'noise_gpe_sigma': 99.29522642353919, 'noise_gpi_sigma': 100.30542998429506, 'g_stn_gpe_mult': 2.590839694430023, 'g_gpe_stn_mult': 0.13447962897576987, 'g_stn_gpi_mult': 1.66671035884166, 'g_gpe_gpi_mult': 0.9846774845419379}. Best is trial 462 with value: 0.14343844675956713.
[I 2026-05-28 23:51:25,475] Trial 552 finished with value: 0.14737764870590517 and parameters: {'ISTN': 61.92722442533865, 'I_gpe': 1.3517099815402494, 'I_gpi': 2.158484103770928, 'noise_stn_sigma': 3.3791131265142544, 'noise_gpe_sigma': 96.11080359300425, 'noise_gpi_sigma': 102.16591725369305, 'g_stn_gpe_mult': 2.4728108798914366, 'g_gpe_stn_mult': 0.10899246081441469, 'g_stn_gpi_mult': 1.7214393286491738, 'g_gpe_gpi_mult': 0.9868393393694359}. Best is trial 462 with value: 0.14343844675956713.
[I 2026-05-28 23:51:26,485] Trial 553 finished with value: 2.1086946333042134 and parameters: {'ISTN': 63.350887150858966, 'I_gpe': 1.2780223086979565, 'I_gpi': 1.9952292621113594, 'noise_stn_sigma': 3.348356170530542, 'noise_gpe_sigma': 101.42943184302155, 'noise_gpi_sigma': 107.43994110351022, 'g_stn_gpe_mult': 2.5466367637965055, 'g_gpe_stn_mult': 0.1333452416359949, 'g_stn_gpi_mult': 1.7256617214393417, 'g_gpe_gpi_mult': 0.9834429154428421}. Best is trial 462 with value: 0.14343844675956713.
[I 2026-05-28 23:51:27,493] Trial 554 finished with value: 0.14947638877546496 and parameters: {'ISTN': 62.76098129759414, 'I_gpe': 1.3034902477690031, 'I_gpi': 2.129457941593635, 'noise_stn_sigma': 3.218249653866606, 'noise_gpe_sigma': 102.51760019455293, 'noise_gpi_sigma': 97.3596414767625, 'g_stn_gpe_mult': 2.553145151369492, 'g_gpe_stn_mult': 0.1140760706581695, 'g_stn_gpi_mult': 1.6645127069844938, 'g_gpe_gpi_mult': 1.026704592732067}. Best is trial 462 with value: 0.14343844675956713.
[I 2026-05-28 23:51:28,497] Trial 555 finished with value: 0.1588361334686038 and parameters: {'ISTN': 61.08689334084186, 'I_gpe': 1.3441813726501946, 'I_gpi': 2.0887044865061153, 'noise_stn_sigma': 3.4530627230359077, 'noise_gpe_sigma': 105.21938328874386, 'noise_gpi_sigma': 104.32608343012198, 'g_stn_gpe_mult': 2.49505715043247, 'g_gpe_stn_mult': 0.1265783661281873, 'g_stn_gpi_mult': 1.7761065059567145, 'g_gpe_gpi_mult': 1.025721067108976}. Best is trial 462 with value: 0.14343844675956713.
[I 2026-05-28 23:51:29,506] Trial 556 finished with value: 0.14565054157054175 and parameters: {'ISTN': 61.05404369911635, 'I_gpe': 1.4211439921763753, 'I_gpi': 2.1717723252325047, 'noise_stn_sigma': 3.1646378787256157, 'noise_gpe_sigma': 99.2762648013847, 'noise_gpi_sigma': 100.32830461454442, 'g_stn_gpe_mult': 2.593200970544564, 'g_gpe_stn_mult': 0.13432467243544738, 'g_stn_gpi_mult': 1.727303789861502, 'g_gpe_gpi_mult': 1.012152639777413}. Best is trial 462 with value: 0.14343844675956713.
[I 2026-05-28 23:51:30,510] Trial 557 finished with value: 0.1537572337812338 and parameters: {'ISTN': 62.10950122815613, 'I_gpe': 1.4212006007065074, 'I_gpi': 2.274431769385619, 'noise_stn_sigma': 3.4061335226649336, 'noise_gpe_sigma': 99.94264758418399, 'noise_gpi_sigma': 99.17784487678016, 'g_stn_gpe_mult': 2.4358994955292896, 'g_gpe_stn_mult': 0.12978636754975517, 'g_stn_gpi_mult': 2.014319163747105, 'g_gpe_gpi_mult': 1.007717200987959}. Best is trial 462 with value: 0.14343844675956713.
[I 2026-05-28 23:51:31,516] Trial 558 finished with value: 0.1511948961320847 and parameters: {'ISTN': 61.8693481498215, 'I_gpe': 1.3183029288100188, 'I_gpi': 2.274344109046006, 'noise_stn_sigma': 3.56558126825281, 'noise_gpe_sigma': 103.44237371634166, 'noise_gpi_sigma': 98.98377209707029, 'g_stn_gpe_mult': 2.346139245746851, 'g_gpe_stn_mult': 0.13611661817866605, 'g_stn_gpi_mult': 1.7625728453756262, 'g_gpe_gpi_mult': 0.9452903120892733}. Best is trial 462 with value: 0.14343844675956713.
[I 2026-05-28 23:51:32,522] Trial 559 finished with value: 0.18623705146688413 and parameters: {'ISTN': 63.387450295012755, 'I_gpe': 1.2008270289192553, 'I_gpi': 2.082865493109443, 'noise_stn_sigma': 3.4985176448468867, 'noise_gpe_sigma': 102.2953294667944, 'noise_gpi_sigma': 106.25395613506832, 'g_stn_gpe_mult': 2.46006501380803, 'g_gpe_stn_mult': 0.12777120517296986, 'g_stn_gpi_mult': 1.539177434583968, 'g_gpe_gpi_mult': 0.9789737274110282}. Best is trial 462 with value: 0.14343844675956713.
[I 2026-05-28 23:51:33,527] Trial 560 finished with value: 0.1743492852318244 and parameters: {'ISTN': 61.74764198973299, 'I_gpe': 1.2530074224716103, 'I_gpi': 2.0584438750424408, 'noise_stn_sigma': 3.0254023163785924, 'noise_gpe_sigma': 105.50869360555717, 'noise_gpi_sigma': 106.63095557444765, 'g_stn_gpe_mult': 2.5330304093078517, 'g_gpe_stn_mult': 0.13571028188124676, 'g_stn_gpi_mult': 1.5559991859127593, 'g_gpe_gpi_mult': 0.9931757834880737}. Best is trial 462 with value: 0.14343844675956713.
[I 2026-05-28 23:51:34,535] Trial 561 finished with value: 1.3050964970720746 and parameters: {'ISTN': 64.25184768954347, 'I_gpe': 1.3659228345578744, 'I_gpi': 2.2130417458147775, 'noise_stn_sigma': 3.274810939489317, 'noise_gpe_sigma': 101.41916117999213, 'noise_gpi_sigma': 99.11537154930716, 'g_stn_gpe_mult': 2.5198833187466265, 'g_gpe_stn_mult': 0.12630765316764328, 'g_stn_gpi_mult': 1.808662632774349, 'g_gpe_gpi_mult': 0.9830812507900559}. Best is trial 462 with value: 0.14343844675956713.
[I 2026-05-28 23:51:35,542] Trial 562 finished with value: 0.175675745586996 and parameters: {'ISTN': 60.453036866341805, 'I_gpe': 1.3435330760257442, 'I_gpi': 1.9535008436134218, 'noise_stn_sigma': 3.181433065285556, 'noise_gpe_sigma': 99.16339905407217, 'noise_gpi_sigma': 92.6364588709037, 'g_stn_gpe_mult': 2.4273612001510356, 'g_gpe_stn_mult': 0.11645826380633267, 'g_stn_gpi_mult': 1.6127628161501035, 'g_gpe_gpi_mult': 0.9786703891660644}. Best is trial 462 with value: 0.14343844675956713.
[I 2026-05-28 23:51:36,548] Trial 563 finished with value: 0.1522458802659662 and parameters: {'ISTN': 62.043870804750256, 'I_gpe': 1.4381826123047983, 'I_gpi': 2.1448547839292322, 'noise_stn_sigma': 3.3978872107079505, 'noise_gpe_sigma': 101.13942680446581, 'noise_gpi_sigma': 97.7999786819316, 'g_stn_gpe_mult': 2.512845042897804, 'g_gpe_stn_mult': 0.11690233210161749, 'g_stn_gpi_mult': 1.7218095233809732, 'g_gpe_gpi_mult': 0.9747226483431515}. Best is trial 462 with value: 0.14343844675956713.
[I 2026-05-28 23:51:37,555] Trial 564 finished with value: 0.15470794224068174 and parameters: {'ISTN': 62.127594820952545, 'I_gpe': 1.3003918464417796, 'I_gpi': 2.1202985788078577, 'noise_stn_sigma': 3.273872704901088, 'noise_gpe_sigma': 92.96253269074269, 'noise_gpi_sigma': 98.87321105817061, 'g_stn_gpe_mult': 2.5433048760104433, 'g_gpe_stn_mult': 0.10295661576934731, 'g_stn_gpi_mult': 1.694337956978069, 'g_gpe_gpi_mult': 0.9869358741213354}. Best is trial 462 with value: 0.14343844675956713.
[I 2026-05-28 23:51:38,561] Trial 565 finished with value: 0.9660943662397785 and parameters: {'ISTN': 63.40618068732224, 'I_gpe': 1.369011089711337, 'I_gpi': 2.2784364932630337, 'noise_stn_sigma': 3.2395915924654552, 'noise_gpe_sigma': 100.87470830355247, 'noise_gpi_sigma': 99.41224554984683, 'g_stn_gpe_mult': 2.5353340919676945, 'g_gpe_stn_mult': 0.12516482895787642, 'g_stn_gpi_mult': 1.689410473645605, 'g_gpe_gpi_mult': 0.98162526250989}. Best is trial 462 with value: 0.14343844675956713.
[I 2026-05-28 23:51:39,568] Trial 566 finished with value: 0.14704776148946905 and parameters: {'ISTN': 61.09562749294117, 'I_gpe': 1.452380523501251, 'I_gpi': 2.162200568448472, 'noise_stn_sigma': 3.639442194658491, 'noise_gpe_sigma': 93.8431395232611, 'noise_gpi_sigma': 101.53813910289884, 'g_stn_gpe_mult': 2.6168324893790613, 'g_gpe_stn_mult': 0.12390976698237827, 'g_stn_gpi_mult': 1.7635463901169879, 'g_gpe_gpi_mult': 0.968861246788975}. Best is trial 462 with value: 0.14343844675956713.
[I 2026-05-28 23:51:40,573] Trial 567 finished with value: 0.1543183328365219 and parameters: {'ISTN': 62.35608368517968, 'I_gpe': 1.2402371660445897, 'I_gpi': 2.094991867129643, 'noise_stn_sigma': 3.38182814688255, 'noise_gpe_sigma': 105.8988165638691, 'noise_gpi_sigma': 98.14487110407303, 'g_stn_gpe_mult': 2.6020640375197934, 'g_gpe_stn_mult': 0.12923382959627644, 'g_stn_gpi_mult': 1.7369730943831239, 'g_gpe_gpi_mult': 1.0168158503221152}. Best is trial 462 with value: 0.14343844675956713.
[I 2026-05-28 23:51:41,581] Trial 568 finished with value: 0.14824608406545295 and parameters: {'ISTN': 61.89245693416946, 'I_gpe': 1.4300518943433733, 'I_gpi': 2.300437891285898, 'noise_stn_sigma': 3.034759784013428, 'noise_gpe_sigma': 95.95720776729203, 'noise_gpi_sigma': 94.16402275661045, 'g_stn_gpe_mult': 2.4925225050045174, 'g_gpe_stn_mult': 0.11677456963864277, 'g_stn_gpi_mult': 1.8510264373820404, 'g_gpe_gpi_mult': 0.9885850371382101}. Best is trial 462 with value: 0.14343844675956713.
[I 2026-05-28 23:51:42,588] Trial 569 finished with value: 1.548130164545846 and parameters: {'ISTN': 62.53445667541866, 'I_gpe': 1.4105695844221722, 'I_gpi': 2.2240467082093143, 'noise_stn_sigma': 3.371654028328912, 'noise_gpe_sigma': 101.17001324942825, 'noise_gpi_sigma': 100.21809833318268, 'g_stn_gpe_mult': 2.601468582257013, 'g_gpe_stn_mult': 0.14390298312105368, 'g_stn_gpi_mult': 1.6605060425098053, 'g_gpe_gpi_mult': 0.9565493165831462}. Best is trial 462 with value: 0.14343844675956713.
[I 2026-05-28 23:51:43,595] Trial 570 finished with value: 0.17520453132996514 and parameters: {'ISTN': 61.910287307575295, 'I_gpe': 1.4178254810332214, 'I_gpi': 1.9810717237230495, 'noise_stn_sigma': 3.2867037388925207, 'noise_gpe_sigma': 101.57955039705374, 'noise_gpi_sigma': 102.1800807396341, 'g_stn_gpe_mult': 2.540941531532858, 'g_gpe_stn_mult': 0.12872809917674105, 'g_stn_gpi_mult': 1.8073774538303942, 'g_gpe_gpi_mult': 1.007272729238466}. Best is trial 462 with value: 0.14343844675956713.
[I 2026-05-28 23:51:44,605] Trial 571 finished with value: 0.13977144833842395 and parameters: {'ISTN': 61.01817545035505, 'I_gpe': 1.3631770279373798, 'I_gpi': 2.2259307475072307, 'noise_stn_sigma': 3.56069953046956, 'noise_gpe_sigma': 93.64093839875683, 'noise_gpi_sigma': 94.5957445446109, 'g_stn_gpe_mult': 2.6073236533300723, 'g_gpe_stn_mult': 0.11286548679216879, 'g_stn_gpi_mult': 1.659149767692381, 'g_gpe_gpi_mult': 0.967450343843288}. Best is trial 571 with value: 0.13977144833842395.
