[I 2026-05-28 23:10:27,415] Trial 132 finished with value: 16.15886157862989 and parameters: {'ISTN': 77.96699249351198, 'I_gpe': 1.7359814187255194, 'I_gpi': 3.5766728835980506, 'noise_stn_sigma': 5.797693951209752, 'noise_gpe_sigma': 103.75711984874187, 'noise_gpi_sigma': 123.61829933472367, 'g_stn_gpe_mult': 2.6337126439753726, 'g_gpe_stn_mult': 0.7902230063614091, 'g_stn_gpi_mult': 3.0697501850551454, 'g_gpe_gpi_mult': 0.674797851114616}. Best is trial 4 with value: 3.429511868616504.
[I 2026-05-28 23:10:28,423] Trial 133 finished with value: 12.449914134120654 and parameters: {'ISTN': 65.66507359761091, 'I_gpe': 1.3360595169085925, 'I_gpi': 2.0735867873079896, 'noise_stn_sigma': 5.684320861422719, 'noise_gpe_sigma': 105.10620616806482, 'noise_gpi_sigma': 110.7784041999018, 'g_stn_gpe_mult': 2.402446005287235, 'g_gpe_stn_mult': 0.6814486253076202, 'g_stn_gpi_mult': 2.711220726580523, 'g_gpe_gpi_mult': 0.7296442253091036}. Best is trial 4 with value: 3.429511868616504.
[I 2026-05-28 23:10:29,431] Trial 134 finished with value: 9.423491135970885 and parameters: {'ISTN': 85.03684985588927, 'I_gpe': 1.959512497153557, 'I_gpi': 2.739458414085891, 'noise_stn_sigma': 6.2124632979009204, 'noise_gpe_sigma': 141.0845857913328, 'noise_gpi_sigma': 102.37863671167034, 'g_stn_gpe_mult': 2.3206565648510815, 'g_gpe_stn_mult': 0.748601346610033, 'g_stn_gpi_mult': 3.8512762366913167, 'g_gpe_gpi_mult': 0.6658521893875038}. Best is trial 4 with value: 3.429511868616504.
[I 2026-05-28 23:10:30,439] Trial 135 finished with value: 14.745263598815628 and parameters: {'ISTN': 74.46928647479113, 'I_gpe': 1.9671267317604353, 'I_gpi': 1.9449950204186057, 'noise_stn_sigma': 5.8770645175100675, 'noise_gpe_sigma': 116.7253894964106, 'noise_gpi_sigma': 84.01656555821185, 'g_stn_gpe_mult': 1.969441645128009, 'g_gpe_stn_mult': 0.6913116134715821, 'g_stn_gpi_mult': 3.464500036868553, 'g_gpe_gpi_mult': 0.44296610193611313}. Best is trial 4 with value: 3.429511868616504.
[I 2026-05-28 23:10:31,448] Trial 136 finished with value: 12.854779515854878 and parameters: {'ISTN': 64.05895388149597, 'I_gpe': 1.4032323536694598, 'I_gpi': 1.9931288674472356, 'noise_stn_sigma': 7.460145184737159, 'noise_gpe_sigma': 115.77887647052604, 'noise_gpi_sigma': 88.74119860367382, 'g_stn_gpe_mult': 2.623626326600964, 'g_gpe_stn_mult': 0.525749169294894, 'g_stn_gpi_mult': 3.463410084753526, 'g_gpe_gpi_mult': 0.8757324641653288}. Best is trial 4 with value: 3.429511868616504.
[I 2026-05-28 23:10:32,457] Trial 137 finished with value: 13.5601834557802 and parameters: {'ISTN': 72.4710062122696, 'I_gpe': 1.678251001548911, 'I_gpi': 2.4155200395972756, 'noise_stn_sigma': 6.486967388680352, 'noise_gpe_sigma': 126.37611186306971, 'noise_gpi_sigma': 122.43792002950033, 'g_stn_gpe_mult': 2.7968473530641815, 'g_gpe_stn_mult': 0.6911704218058906, 'g_stn_gpi_mult': 3.271119162198996, 'g_gpe_gpi_mult': 0.8878261146742839}. Best is trial 4 with value: 3.429511868616504.
[I 2026-05-28 23:10:33,462] Trial 138 finished with value: 16.879558118374863 and parameters: {'ISTN': 83.54632211287543, 'I_gpe': 2.853863819374701, 'I_gpi': 2.055727207341115, 'noise_stn_sigma': 7.529510652881531, 'noise_gpe_sigma': 117.58544063098763, 'noise_gpi_sigma': 72.89380243700688, 'g_stn_gpe_mult': 3.1815733504029517, 'g_gpe_stn_mult': 0.7973340098102208, 'g_stn_gpi_mult': 2.264235754479021, 'g_gpe_gpi_mult': 0.8356395801015981}. Best is trial 4 with value: 3.429511868616504.
[I 2026-05-28 23:10:34,470] Trial 139 finished with value: 14.92812909043032 and parameters: {'ISTN': 80.1295331973247, 'I_gpe': 1.4697367323421378, 'I_gpi': 1.7292361837292904, 'noise_stn_sigma': 5.713354327520703, 'noise_gpe_sigma': 102.58732504530737, 'noise_gpi_sigma': 122.60989068165706, 'g_stn_gpe_mult': 2.45906552602431, 'g_gpe_stn_mult': 0.7006243046180716, 'g_stn_gpi_mult': 2.8528972132666306, 'g_gpe_gpi_mult': 0.5473494346234777}. Best is trial 4 with value: 3.429511868616504.
[I 2026-05-28 23:10:35,477] Trial 140 finished with value: 15.017334426463972 and parameters: {'ISTN': 80.12505258753956, 'I_gpe': 2.7641451610280763, 'I_gpi': 3.091114206739478, 'noise_stn_sigma': 6.274518437418752, 'noise_gpe_sigma': 145.70984764056527, 'noise_gpi_sigma': 96.85676943734228, 'g_stn_gpe_mult': 1.8785619891906689, 'g_gpe_stn_mult': 0.7732603701258356, 'g_stn_gpi_mult': 3.6425625439283174, 'g_gpe_gpi_mult': 0.9300524745995209}. Best is trial 4 with value: 3.429511868616504.
[I 2026-05-28 23:10:36,487] Trial 141 finished with value: 14.813650210696883 and parameters: {'ISTN': 70.77374500530644, 'I_gpe': 1.610058440870675, 'I_gpi': 2.909838025200465, 'noise_stn_sigma': 7.489560520458403, 'noise_gpe_sigma': 132.4095998511327, 'noise_gpi_sigma': 75.78754981404003, 'g_stn_gpe_mult': 2.684425552536806, 'g_gpe_stn_mult': 0.5553497192365521, 'g_stn_gpi_mult': 3.2975569649585164, 'g_gpe_gpi_mult': 0.7149919277843535}. Best is trial 4 with value: 3.429511868616504.
[I 2026-05-28 23:10:37,495] Trial 142 finished with value: 17.94372158395528 and parameters: {'ISTN': 83.02527074692836, 'I_gpe': 1.585591180480546, 'I_gpi': 3.237635189116689, 'noise_stn_sigma': 7.86280913068893, 'noise_gpe_sigma': 137.2848876838264, 'noise_gpi_sigma': 95.13958079782698, 'g_stn_gpe_mult': 2.6512072726961193, 'g_gpe_stn_mult': 0.5776550347670352, 'g_stn_gpi_mult': 3.443315319807852, 'g_gpe_gpi_mult': 0.8069295294492835}. Best is trial 4 with value: 3.429511868616504.
[I 2026-05-28 23:10:38,501] Trial 143 finished with value: 10.46348181440202 and parameters: {'ISTN': 67.56972926696712, 'I_gpe': 1.8022553907309748, 'I_gpi': 2.0538425386515353, 'noise_stn_sigma': 7.083203366303454, 'noise_gpe_sigma': 148.83555341862393, 'noise_gpi_sigma': 58.25800888600406, 'g_stn_gpe_mult': 3.035786746266905, 'g_gpe_stn_mult': 0.7095764636050567, 'g_stn_gpi_mult': 2.9906136075194114, 'g_gpe_gpi_mult': 0.6392372231274746}. Best is trial 4 with value: 3.429511868616504.
[I 2026-05-28 23:10:39,508] Trial 144 finished with value: 16.376764388990487 and parameters: {'ISTN': 76.94660821780931, 'I_gpe': 1.9594138392463099, 'I_gpi': 3.049972026353723, 'noise_stn_sigma': 7.189944050071589, 'noise_gpe_sigma': 98.18885574807406, 'noise_gpi_sigma': 104.70592596481164, 'g_stn_gpe_mult': 2.118787357018378, 'g_gpe_stn_mult': 0.5971715349055166, 'g_stn_gpi_mult': 3.0532176327168417, 'g_gpe_gpi_mult': 1.0379073807332575}. Best is trial 4 with value: 3.429511868616504.
[I 2026-05-28 23:10:40,516] Trial 145 finished with value: 7.548089339869633 and parameters: {'ISTN': 60.87598918015688, 'I_gpe': 1.9121333977394737, 'I_gpi': 2.8853202182974984, 'noise_stn_sigma': 7.658995640550507, 'noise_gpe_sigma': 131.3211372593529, 'noise_gpi_sigma': 132.05867550179647, 'g_stn_gpe_mult': 2.596797282375759, 'g_gpe_stn_mult': 0.7025974930891573, 'g_stn_gpi_mult': 3.91742596314677, 'g_gpe_gpi_mult': 0.7786116991871619}. Best is trial 4 with value: 3.429511868616504.
[I 2026-05-28 23:10:41,520] Trial 146 finished with value: 15.535649546868472 and parameters: {'ISTN': 62.459895015611714, 'I_gpe': 2.283463706220152, 'I_gpi': 2.752543539411316, 'noise_stn_sigma': 4.405688590279094, 'noise_gpe_sigma': 129.7084168668358, 'noise_gpi_sigma': 82.81430288931776, 'g_stn_gpe_mult': 2.2123296475846628, 'g_gpe_stn_mult': 0.7543355994664533, 'g_stn_gpi_mult': 3.5726344225730413, 'g_gpe_gpi_mult': 0.7796134345190493}. Best is trial 4 with value: 3.429511868616504.
[I 2026-05-28 23:10:42,526] Trial 147 finished with value: 9.336003250683675 and parameters: {'ISTN': 62.09780591954656, 'I_gpe': 1.4075454597837944, 'I_gpi': 2.5030059909738176, 'noise_stn_sigma': 7.137324274468808, 'noise_gpe_sigma': 138.7067905649085, 'noise_gpi_sigma': 105.51715931205163, 'g_stn_gpe_mult': 2.249131742262503, 'g_gpe_stn_mult': 0.6982456928454074, 'g_stn_gpi_mult': 3.682491137923374, 'g_gpe_gpi_mult': 0.8962966656958125}. Best is trial 4 with value: 3.429511868616504.
[I 2026-05-28 23:10:43,532] Trial 148 finished with value: 11.779707718336386 and parameters: {'ISTN': 86.03340602471447, 'I_gpe': 2.1320760221654513, 'I_gpi': 1.662592540057013, 'noise_stn_sigma': 5.459255976851307, 'noise_gpe_sigma': 141.92205626454592, 'noise_gpi_sigma': 97.19951933989935, 'g_stn_gpe_mult': 2.6143354548830913, 'g_gpe_stn_mult': 0.7631270562331457, 'g_stn_gpi_mult': 3.8070655473282824, 'g_gpe_gpi_mult': 0.8853133733858771}. Best is trial 4 with value: 3.429511868616504.
[I 2026-05-28 23:10:44,538] Trial 149 finished with value: 16.925279478609667 and parameters: {'ISTN': 85.66660604579195, 'I_gpe': 2.0908980800276953, 'I_gpi': 3.961072107354189, 'noise_stn_sigma': 5.29933078132238, 'noise_gpe_sigma': 122.19470315693806, 'noise_gpi_sigma': 97.23893262936642, 'g_stn_gpe_mult': 3.0937618678327072, 'g_gpe_stn_mult': 0.7115785376365181, 'g_stn_gpi_mult': 3.3721918436367795, 'g_gpe_gpi_mult': 0.9678847845529792}. Best is trial 4 with value: 3.429511868616504.
[I 2026-05-28 23:10:45,545] Trial 150 finished with value: 16.627267352135306 and parameters: {'ISTN': 76.29031924636668, 'I_gpe': 2.0942858081561826, 'I_gpi': 2.1200918292973405, 'noise_stn_sigma': 4.675875736273066, 'noise_gpe_sigma': 112.1263521263005, 'noise_gpi_sigma': 95.2464610663208, 'g_stn_gpe_mult': 2.375576226168684, 'g_gpe_stn_mult': 0.451365212061838, 'g_stn_gpi_mult': 3.265747802276551, 'g_gpe_gpi_mult': 0.6868984371821012}. Best is trial 4 with value: 3.429511868616504.
[I 2026-05-28 23:10:46,553] Trial 151 finished with value: 15.273802390336346 and parameters: {'ISTN': 73.13979943165376, 'I_gpe': 1.1252904511472046, 'I_gpi': 2.550427769496361, 'noise_stn_sigma': 6.601027449328953, 'noise_gpe_sigma': 129.06807552762092, 'noise_gpi_sigma': 72.38541886768493, 'g_stn_gpe_mult': 3.5320119289429965, 'g_gpe_stn_mult': 0.6166465659577772, 'g_stn_gpi_mult': 3.412576350824665, 'g_gpe_gpi_mult': 0.8318378815652354}. Best is trial 4 with value: 3.429511868616504.
[I 2026-05-28 23:10:47,561] Trial 152 finished with value: 14.086302815531397 and parameters: {'ISTN': 70.0708279018505, 'I_gpe': 1.7768093913795304, 'I_gpi': 2.320245409586131, 'noise_stn_sigma': 6.733692771560102, 'noise_gpe_sigma': 109.71337576831796, 'noise_gpi_sigma': 104.8250080759823, 'g_stn_gpe_mult': 2.8627720880324024, 'g_gpe_stn_mult': 0.7693731136461106, 'g_stn_gpi_mult': 3.0684577003548155, 'g_gpe_gpi_mult': 1.0819125286829643}. Best is trial 4 with value: 3.429511868616504.
[I 2026-05-28 23:10:48,567] Trial 153 finished with value: 10.382369268803783 and parameters: {'ISTN': 66.35730491594344, 'I_gpe': 2.1605137253549236, 'I_gpi': 2.6994788468476933, 'noise_stn_sigma': 4.8269681379384695, 'noise_gpe_sigma': 129.58395669534548, 'noise_gpi_sigma': 144.12743430080073, 'g_stn_gpe_mult': 2.452316791391192, 'g_gpe_stn_mult': 0.6631458141822956, 'g_stn_gpi_mult': 3.260484553195076, 'g_gpe_gpi_mult': 0.7740832946124747}. Best is trial 4 with value: 3.429511868616504.
[I 2026-05-28 23:10:49,572] Trial 154 finished with value: 11.924743415157955 and parameters: {'ISTN': 65.25767345396764, 'I_gpe': 1.6665206041588427, 'I_gpi': 2.2125192614671163, 'noise_stn_sigma': 6.291811491513098, 'noise_gpe_sigma': 115.96039733064856, 'noise_gpi_sigma': 94.94797478564857, 'g_stn_gpe_mult': 3.204598813571847, 'g_gpe_stn_mult': 0.6438136036853894, 'g_stn_gpi_mult': 3.164957248659773, 'g_gpe_gpi_mult': 0.8622993365460454}. Best is trial 4 with value: 3.429511868616504.
[I 2026-05-28 23:10:50,576] Trial 155 finished with value: 13.884613852935802 and parameters: {'ISTN': 81.08456540798299, 'I_gpe': 1.3980818089061717, 'I_gpi': 3.0853537418084493, 'noise_stn_sigma': 6.673733110531638, 'noise_gpe_sigma': 144.27465317101604, 'noise_gpi_sigma': 102.33970249809582, 'g_stn_gpe_mult': 2.675686481769845, 'g_gpe_stn_mult': 0.7634401839433009, 'g_stn_gpi_mult': 3.5649711910481896, 'g_gpe_gpi_mult': 0.7084733208510303}. Best is trial 4 with value: 3.429511868616504.
[I 2026-05-28 23:10:51,584] Trial 156 finished with value: 12.17395773867431 and parameters: {'ISTN': 64.63775274018352, 'I_gpe': 1.8249111527629884, 'I_gpi': 2.6564914967292443, 'noise_stn_sigma': 6.910711116360102, 'noise_gpe_sigma': 138.32694545007007, 'noise_gpi_sigma': 93.61405158306387, 'g_stn_gpe_mult': 1.9325406871447204, 'g_gpe_stn_mult': 0.6761724645562471, 'g_stn_gpi_mult': 2.9021283601077483, 'g_gpe_gpi_mult': 0.7583354916137932}. Best is trial 4 with value: 3.429511868616504.
[I 2026-05-28 23:10:52,590] Trial 157 finished with value: 8.40143464242595 and parameters: {'ISTN': 62.99439904715924, 'I_gpe': 2.1701294803405706, 'I_gpi': 3.4735636036335658, 'noise_stn_sigma': 6.311151473724709, 'noise_gpe_sigma': 134.44911511893412, 'noise_gpi_sigma': 105.83733636414303, 'g_stn_gpe_mult': 2.9568008548042104, 'g_gpe_stn_mult': 0.7373181052723428, 'g_stn_gpi_mult': 3.748603211267238, 'g_gpe_gpi_mult': 0.7733163843946}. Best is trial 4 with value: 3.429511868616504.
[I 2026-05-28 23:10:53,600] Trial 158 finished with value: 18.538882991500863 and parameters: {'ISTN': 64.61404048150446, 'I_gpe': 3.0898464486691757, 'I_gpi': 3.020123798570443, 'noise_stn_sigma': 5.99147856866415, 'noise_gpe_sigma': 97.4089668106984, 'noise_gpi_sigma': 113.77067037416266, 'g_stn_gpe_mult': 2.711604049141627, 'g_gpe_stn_mult': 0.6171394632571173, 'g_stn_gpi_mult': 3.714581584182816, 'g_gpe_gpi_mult': 0.901458751739475}. Best is trial 4 with value: 3.429511868616504.
[I 2026-05-28 23:10:54,606] Trial 159 finished with value: 10.469069337462544 and parameters: {'ISTN': 71.48881234088, 'I_gpe': 1.9964223815429625, 'I_gpi': 2.226553056695868, 'noise_stn_sigma': 6.413888145311376, 'noise_gpe_sigma': 114.2824394617818, 'noise_gpi_sigma': 114.96869084303164, 'g_stn_gpe_mult': 2.392297401799608, 'g_gpe_stn_mult': 0.7591681928549178, 'g_stn_gpi_mult': 3.936496822336841, 'g_gpe_gpi_mult': 1.067092498383695}. Best is trial 4 with value: 3.429511868616504.
[I 2026-05-28 23:10:55,614] Trial 160 finished with value: 13.859587736858295 and parameters: {'ISTN': 68.2487066174912, 'I_gpe': 0.9699599604261249, 'I_gpi': 2.85935268373681, 'noise_stn_sigma': 6.6552697627417015, 'noise_gpe_sigma': 91.65075108797382, 'noise_gpi_sigma': 110.61157716467027, 'g_stn_gpe_mult': 2.9528192261445274, 'g_gpe_stn_mult': 0.669358797725413, 'g_stn_gpi_mult': 3.655621554460778, 'g_gpe_gpi_mult': 0.5308452187237541}. Best is trial 4 with value: 3.429511868616504.
[I 2026-05-28 23:10:56,623] Trial 161 finished with value: 14.396204913821482 and parameters: {'ISTN': 72.75146339699263, 'I_gpe': 1.347403008102199, 'I_gpi': 2.8504781458278434, 'noise_stn_sigma': 5.770324243351611, 'noise_gpe_sigma': 126.88142765148561, 'noise_gpi_sigma': 124.51181324208629, 'g_stn_gpe_mult': 2.3223341901712553, 'g_gpe_stn_mult': 0.7396744304775968, 'g_stn_gpi_mult': 3.876826307379461, 'g_gpe_gpi_mult': 0.9580951426557991}. Best is trial 4 with value: 3.429511868616504.
[I 2026-05-28 23:10:57,634] Trial 162 finished with value: 7.567896021016592 and parameters: {'ISTN': 67.29082053867761, 'I_gpe': 2.3300234828559883, 'I_gpi': 3.622780473950538, 'noise_stn_sigma': 5.534529931576659, 'noise_gpe_sigma': 134.32967906094404, 'noise_gpi_sigma': 88.8893416799911, 'g_stn_gpe_mult': 2.000579519378003, 'g_gpe_stn_mult': 0.7454514569817846, 'g_stn_gpi_mult': 3.493463876757411, 'g_gpe_gpi_mult': 0.9128107297132111}. Best is trial 4 with value: 3.429511868616504.
[I 2026-05-28 23:10:58,642] Trial 163 finished with value: 9.247893770623621 and parameters: {'ISTN': 60.281998138480105, 'I_gpe': 1.8096592596255194, 'I_gpi': 3.400462087965968, 'noise_stn_sigma': 6.71767353635318, 'noise_gpe_sigma': 137.49488534447408, 'noise_gpi_sigma': 118.78483791535395, 'g_stn_gpe_mult': 2.8275868148127166, 'g_gpe_stn_mult': 0.7718750558592573, 'g_stn_gpi_mult': 3.4129763819450245, 'g_gpe_gpi_mult': 0.7453579446229541}. Best is trial 4 with value: 3.429511868616504.
[I 2026-05-28 23:10:59,648] Trial 164 finished with value: 16.122997020710745 and parameters: {'ISTN': 79.38477833312899, 'I_gpe': 2.685689035393492, 'I_gpi': 2.6736500193285497, 'noise_stn_sigma': 5.882430370006867, 'noise_gpe_sigma': 127.352947990586, 'noise_gpi_sigma': 133.18013295581417, 'g_stn_gpe_mult': 2.65644274705053, 'g_gpe_stn_mult': 0.7612317666513819, 'g_stn_gpi_mult': 3.462734696997678, 'g_gpe_gpi_mult': 0.9306328644757123}. Best is trial 4 with value: 3.429511868616504.
[I 2026-05-28 23:11:00,656] Trial 165 finished with value: 15.253206744183636 and parameters: {'ISTN': 72.71142749852488, 'I_gpe': 2.2385730626614206, 'I_gpi': 3.3625732688687813, 'noise_stn_sigma': 4.054694311004511, 'noise_gpe_sigma': 88.48407194445275, 'noise_gpi_sigma': 119.15454221914372, 'g_stn_gpe_mult': 2.9013271992638416, 'g_gpe_stn_mult': 0.6512685513268623, 'g_stn_gpi_mult': 3.1816807824236966, 'g_gpe_gpi_mult': 0.9325934844187873}. Best is trial 4 with value: 3.429511868616504.
[I 2026-05-28 23:11:01,661] Trial 166 finished with value: 15.076438087959586 and parameters: {'ISTN': 64.05223142261877, 'I_gpe': 2.468252537895714, 'I_gpi': 3.424002974492022, 'noise_stn_sigma': 6.034051372822894, 'noise_gpe_sigma': 141.157363782894, 'noise_gpi_sigma': 122.96059507508495, 'g_stn_gpe_mult': 3.3710089355526445, 'g_gpe_stn_mult': 0.7097814958829791, 'g_stn_gpi_mult': 3.44638724917637, 'g_gpe_gpi_mult': 0.7437297856075229}. Best is trial 4 with value: 3.429511868616504.
[I 2026-05-28 23:11:02,669] Trial 167 finished with value: 6.538639998248376 and parameters: {'ISTN': 71.19680482773803, 'I_gpe': 1.8419156999416788, 'I_gpi': 2.2463611384340227, 'noise_stn_sigma': 6.020865324628918, 'noise_gpe_sigma': 133.46449730739357, 'noise_gpi_sigma': 136.47528720806977, 'g_stn_gpe_mult': 3.4300019852242714, 'g_gpe_stn_mult': 0.7022098782818195, 'g_stn_gpi_mult': 3.8099108787469858, 'g_gpe_gpi_mult': 0.9009442165267978}. Best is trial 4 with value: 3.429511868616504.
[I 2026-05-28 23:11:03,676] Trial 168 finished with value: 17.283180303945535 and parameters: {'ISTN': 80.91266800064157, 'I_gpe': 1.0916996781402024, 'I_gpi': 3.6691736458853965, 'noise_stn_sigma': 3.698222630453006, 'noise_gpe_sigma': 111.27872165327547, 'noise_gpi_sigma': 137.40615404400444, 'g_stn_gpe_mult': 2.439452649879703, 'g_gpe_stn_mult': 0.6489923113509778, 'g_stn_gpi_mult': 2.7348547938870356, 'g_gpe_gpi_mult': 0.9442915924876558}. Best is trial 4 with value: 3.429511868616504.
[I 2026-05-28 23:11:04,680] Trial 169 finished with value: 17.064290005891714 and parameters: {'ISTN': 62.75952249738971, 'I_gpe': 2.548833018027958, 'I_gpi': 2.830830268496154, 'noise_stn_sigma': 6.160522075797963, 'noise_gpe_sigma': 120.47115632546755, 'noise_gpi_sigma': 140.2479316498106, 'g_stn_gpe_mult': 2.7741076849801254, 'g_gpe_stn_mult': 0.7376625311457166, 'g_stn_gpi_mult': 3.6244081593654434, 'g_gpe_gpi_mult': 0.9883282268788758}. Best is trial 4 with value: 3.429511868616504.
[I 2026-05-28 23:11:05,685] Trial 170 finished with value: 14.508203072129804 and parameters: {'ISTN': 71.07359490828088, 'I_gpe': 2.4196592520752356, 'I_gpi': 3.3883520918145953, 'noise_stn_sigma': 5.7146564609507475, 'noise_gpe_sigma': 147.2699636430485, 'noise_gpi_sigma': 107.79605404642417, 'g_stn_gpe_mult': 2.128443206963989, 'g_gpe_stn_mult': 0.6591663386924456, 'g_stn_gpi_mult': 3.690593010033167, 'g_gpe_gpi_mult': 0.7401436802940258}. Best is trial 4 with value: 3.429511868616504.
[I 2026-05-28 23:11:06,691] Trial 171 finished with value: 12.473815382529724 and parameters: {'ISTN': 61.70896996476603, 'I_gpe': 1.7595392328370687, 'I_gpi': 2.728905599366911, 'noise_stn_sigma': 7.1198509602075735, 'noise_gpe_sigma': 140.42988126857637, 'noise_gpi_sigma': 121.08514650277452, 'g_stn_gpe_mult': 2.7102586305725875, 'g_gpe_stn_mult': 0.5959532269017787, 'g_stn_gpi_mult': 3.9843178602244502, 'g_gpe_gpi_mult': 0.8344301868993445}. Best is trial 4 with value: 3.429511868616504.
[I 2026-05-28 23:11:07,699] Trial 172 finished with value: 13.480173291774713 and parameters: {'ISTN': 65.64599594376143, 'I_gpe': 2.004918473735766, 'I_gpi': 3.7024678035996494, 'noise_stn_sigma': 6.45339560146414, 'noise_gpe_sigma': 119.2080888849484, 'noise_gpi_sigma': 89.39067118547773, 'g_stn_gpe_mult': 3.1840925230471013, 'g_gpe_stn_mult': 0.7592756280797605, 'g_stn_gpi_mult': 3.790192025000785, 'g_gpe_gpi_mult': 0.7364912019920451}. Best is trial 4 with value: 3.429511868616504.
[I 2026-05-28 23:11:08,706] Trial 173 finished with value: 12.950121846278245 and parameters: {'ISTN': 71.71802410932386, 'I_gpe': 1.2792747924730337, 'I_gpi': 1.5179520049155912, 'noise_stn_sigma': 6.044183552142642, 'noise_gpe_sigma': 137.31810362723866, 'noise_gpi_sigma': 125.35223879606842, 'g_stn_gpe_mult': 2.205490714100834, 'g_gpe_stn_mult': 0.7009836327617238, 'g_stn_gpi_mult': 3.5528073651319554, 'g_gpe_gpi_mult': 0.9653967029662085}. Best is trial 4 with value: 3.429511868616504.
[I 2026-05-28 23:11:09,713] Trial 174 finished with value: 11.469708722925066 and parameters: {'ISTN': 62.955489048424454, 'I_gpe': 2.3503688058409367, 'I_gpi': 2.058268172514526, 'noise_stn_sigma': 7.059783863678014, 'noise_gpe_sigma': 121.56740142569062, 'noise_gpi_sigma': 139.20870935297867, 'g_stn_gpe_mult': 3.011078597041083, 'g_gpe_stn_mult': 0.5811368445987658, 'g_stn_gpi_mult': 3.04228570394317, 'g_gpe_gpi_mult': 0.7513246082394696}. Best is trial 4 with value: 3.429511868616504.
[I 2026-05-28 23:11:10,719] Trial 175 finished with value: 14.766350573779851 and parameters: {'ISTN': 65.5321165636615, 'I_gpe': 2.442802959207019, 'I_gpi': 3.341946285085351, 'noise_stn_sigma': 6.082845103113506, 'noise_gpe_sigma': 125.98130160556552, 'noise_gpi_sigma': 121.71204505693588, 'g_stn_gpe_mult': 3.1681058822670862, 'g_gpe_stn_mult': 0.7531612665598314, 'g_stn_gpi_mult': 3.578398263376062, 'g_gpe_gpi_mult': 0.8666949679717499}. Best is trial 4 with value: 3.429511868616504.
