[I 2026-05-28 23:40:42,619] Trial 924 finished with value: 0.386360464033178 and parameters: {'ISTN': 60.309587250357865, 'I_gpe': 1.3912486733670053, 'I_gpi': 2.1718594466566663, 'noise_stn_sigma': 7.104485766168998, 'noise_gpe_sigma': 127.0427926691079, 'noise_gpi_sigma': 100.93311058952911, 'g_stn_gpe_mult': 2.985698528463126, 'g_gpe_stn_mult': 0.5014684218732887, 'g_stn_gpi_mult': 3.150390714867952, 'g_gpe_gpi_mult': 0.5116662728469579}. Best is trial 855 with value: 0.3684472722325858.
[I 2026-05-28 23:40:43,627] Trial 925 finished with value: 0.606640251096582 and parameters: {'ISTN': 60.58510309400444, 'I_gpe': 1.3903918395588941, 'I_gpi': 2.1872762585830574, 'noise_stn_sigma': 7.087832036353064, 'noise_gpe_sigma': 126.95768294599533, 'noise_gpi_sigma': 100.92367366306401, 'g_stn_gpe_mult': 2.9747599118181878, 'g_gpe_stn_mult': 0.5122140818886816, 'g_stn_gpi_mult': 3.186602776442851, 'g_gpe_gpi_mult': 0.5078832306423255}. Best is trial 855 with value: 0.3684472722325858.
[I 2026-05-28 23:40:44,634] Trial 926 finished with value: 0.4884841701601901 and parameters: {'ISTN': 60.27568810605451, 'I_gpe': 1.3820531186128249, 'I_gpi': 2.137680337875964, 'noise_stn_sigma': 7.10699366994533, 'noise_gpe_sigma': 128.0819518100201, 'noise_gpi_sigma': 100.07421528346178, 'g_stn_gpe_mult': 2.9919327268060725, 'g_gpe_stn_mult': 0.503609236185966, 'g_stn_gpi_mult': 3.1850030844506465, 'g_gpe_gpi_mult': 0.5129903413672663}. Best is trial 855 with value: 0.3684472722325858.
[I 2026-05-28 23:40:45,642] Trial 927 finished with value: 1.5930631718265102 and parameters: {'ISTN': 60.5482671925033, 'I_gpe': 1.3894189699539208, 'I_gpi': 2.1332609744886275, 'noise_stn_sigma': 7.026003097828943, 'noise_gpe_sigma': 126.27964092456529, 'noise_gpi_sigma': 100.58713970664326, 'g_stn_gpe_mult': 2.951381599216244, 'g_gpe_stn_mult': 0.5124891861464151, 'g_stn_gpi_mult': 3.1929255571188278, 'g_gpe_gpi_mult': 0.5075948158354255}. Best is trial 855 with value: 0.3684472722325858.
[I 2026-05-28 23:40:46,650] Trial 928 finished with value: 0.9878689510049652 and parameters: {'ISTN': 60.67909200467359, 'I_gpe': 1.3911955154438105, 'I_gpi': 2.1840081233902, 'noise_stn_sigma': 7.033492780999711, 'noise_gpe_sigma': 126.60427374283606, 'noise_gpi_sigma': 100.24691223985116, 'g_stn_gpe_mult': 2.953613244527877, 'g_gpe_stn_mult': 0.5172713495668086, 'g_stn_gpi_mult': 3.1908199250458456, 'g_gpe_gpi_mult': 0.5199127130032799}. Best is trial 855 with value: 0.3684472722325858.
[I 2026-05-28 23:40:47,660] Trial 929 finished with value: 0.3686361110893336 and parameters: {'ISTN': 60.02846971999207, 'I_gpe': 1.3872172634116748, 'I_gpi': 2.0797623127042426, 'noise_stn_sigma': 7.067047396449761, 'noise_gpe_sigma': 127.10588736844494, 'noise_gpi_sigma': 101.24770403232608, 'g_stn_gpe_mult': 2.9797298813130277, 'g_gpe_stn_mult': 0.49082531942074115, 'g_stn_gpi_mult': 3.212984024135964, 'g_gpe_gpi_mult': 0.5103431106859999}. Best is trial 855 with value: 0.3684472722325858.
[I 2026-05-28 23:40:48,668] Trial 930 finished with value: 2.945605229119038 and parameters: {'ISTN': 60.860120524494654, 'I_gpe': 1.3980404777476694, 'I_gpi': 2.1883226149321087, 'noise_stn_sigma': 7.0229459577810545, 'noise_gpe_sigma': 128.14220631585846, 'noise_gpi_sigma': 100.01263473686201, 'g_stn_gpe_mult': 2.9804269727276247, 'g_gpe_stn_mult': 0.5164978344135301, 'g_stn_gpi_mult': 3.214432288476565, 'g_gpe_gpi_mult': 0.5012397781164519}. Best is trial 855 with value: 0.3684472722325858.
[I 2026-05-28 23:40:49,677] Trial 931 finished with value: 0.37989427342864696 and parameters: {'ISTN': 60.54133631290323, 'I_gpe': 1.3856545327813503, 'I_gpi': 2.126061388555267, 'noise_stn_sigma': 7.073689017552384, 'noise_gpe_sigma': 125.87168599713165, 'noise_gpi_sigma': 101.43258596847006, 'g_stn_gpe_mult': 2.9530493878732917, 'g_gpe_stn_mult': 0.5069959744481459, 'g_stn_gpi_mult': 3.205563074380946, 'g_gpe_gpi_mult': 0.5126419236919815}. Best is trial 855 with value: 0.3684472722325858.
[I 2026-05-28 23:40:50,685] Trial 932 finished with value: 0.5419449118921146 and parameters: {'ISTN': 60.10545944028051, 'I_gpe': 1.3960320962964565, 'I_gpi': 2.1089354528584474, 'noise_stn_sigma': 7.096140516343281, 'noise_gpe_sigma': 127.71500965481918, 'noise_gpi_sigma': 101.0201110184871, 'g_stn_gpe_mult': 2.9448647568706217, 'g_gpe_stn_mult': 0.49649036439282024, 'g_stn_gpi_mult': 3.1886041404406646, 'g_gpe_gpi_mult': 0.5194417448108382}. Best is trial 855 with value: 0.3684472722325858.
[I 2026-05-28 23:40:51,695] Trial 933 finished with value: 1.361836281392136 and parameters: {'ISTN': 60.010649246173614, 'I_gpe': 1.3888734101264255, 'I_gpi': 2.1439711094598, 'noise_stn_sigma': 7.050634823605456, 'noise_gpe_sigma': 126.81890504414403, 'noise_gpi_sigma': 100.66387079418514, 'g_stn_gpe_mult': 2.9558766281583426, 'g_gpe_stn_mult': 0.4977681371938629, 'g_stn_gpi_mult': 3.1638680764560267, 'g_gpe_gpi_mult': 0.509244269542059}. Best is trial 855 with value: 0.3684472722325858.
[I 2026-05-28 23:40:52,705] Trial 934 finished with value: 0.3784981091274197 and parameters: {'ISTN': 60.438550300885844, 'I_gpe': 1.3933241373092746, 'I_gpi': 2.1127005284661533, 'noise_stn_sigma': 7.016612167132309, 'noise_gpe_sigma': 126.94575202843006, 'noise_gpi_sigma': 101.93582031948681, 'g_stn_gpe_mult': 2.9692046644351975, 'g_gpe_stn_mult': 0.5023298101258707, 'g_stn_gpi_mult': 3.2107497253535784, 'g_gpe_gpi_mult': 0.5064604160193957}. Best is trial 855 with value: 0.3684472722325858.
[I 2026-05-28 23:40:53,714] Trial 935 finished with value: 0.9318558396203962 and parameters: {'ISTN': 60.21094641297479, 'I_gpe': 1.3956469379567846, 'I_gpi': 2.135545474178172, 'noise_stn_sigma': 7.049368485151118, 'noise_gpe_sigma': 127.10137584740234, 'noise_gpi_sigma': 101.79861304252422, 'g_stn_gpe_mult': 2.9646919628669144, 'g_gpe_stn_mult': 0.49941851735488363, 'g_stn_gpi_mult': 3.1609250040016037, 'g_gpe_gpi_mult': 0.5076621175330174}. Best is trial 855 with value: 0.3684472722325858.
[I 2026-05-28 23:40:54,721] Trial 936 finished with value: 1.9116527123941929 and parameters: {'ISTN': 60.02224116157294, 'I_gpe': 1.3896514342233475, 'I_gpi': 2.1219763864540737, 'noise_stn_sigma': 7.101922116907177, 'noise_gpe_sigma': 126.06339039846863, 'noise_gpi_sigma': 102.6981359130049, 'g_stn_gpe_mult': 2.9758109147853737, 'g_gpe_stn_mult': 0.4934901681805981, 'g_stn_gpi_mult': 3.1813934352336712, 'g_gpe_gpi_mult': 0.5020658601532917}. Best is trial 855 with value: 0.3684472722325858.
[I 2026-05-28 23:40:55,729] Trial 937 finished with value: 0.6983863334546501 and parameters: {'ISTN': 60.25352198522664, 'I_gpe': 1.381688482546198, 'I_gpi': 2.11663917348816, 'noise_stn_sigma': 7.16658340085017, 'noise_gpe_sigma': 127.8978115560621, 'noise_gpi_sigma': 100.66103279238064, 'g_stn_gpe_mult': 2.9953792618640724, 'g_gpe_stn_mult': 0.49458896664752405, 'g_stn_gpi_mult': 3.225664024748722, 'g_gpe_gpi_mult': 0.5149783802060011}. Best is trial 855 with value: 0.3684472722325858.
[I 2026-05-28 23:40:56,738] Trial 938 finished with value: 0.6116207840821639 and parameters: {'ISTN': 60.00072751911602, 'I_gpe': 1.3810052526246697, 'I_gpi': 2.116200077432384, 'noise_stn_sigma': 7.150049004853256, 'noise_gpe_sigma': 127.46708700203934, 'noise_gpi_sigma': 101.14036297789495, 'g_stn_gpe_mult': 2.9780876615169545, 'g_gpe_stn_mult': 0.4926529346858187, 'g_stn_gpi_mult': 3.1736043569052685, 'g_gpe_gpi_mult': 0.5188107888642222}. Best is trial 855 with value: 0.3684472722325858.
[I 2026-05-28 23:40:57,743] Trial 939 finished with value: 0.9940841203164232 and parameters: {'ISTN': 60.13034776136049, 'I_gpe': 1.3943786827730678, 'I_gpi': 2.1069975095023628, 'noise_stn_sigma': 7.115589765953067, 'noise_gpe_sigma': 126.06143208997646, 'noise_gpi_sigma': 101.56299784120647, 'g_stn_gpe_mult': 2.9646737494696325, 'g_gpe_stn_mult': 0.49772935021681386, 'g_stn_gpi_mult': 3.1909026848670674, 'g_gpe_gpi_mult': 0.5135624620327648}. Best is trial 855 with value: 0.3684472722325858.
[I 2026-05-28 23:40:58,753] Trial 940 finished with value: 0.9578742322277116 and parameters: {'ISTN': 60.08582324620822, 'I_gpe': 1.3924998637813963, 'I_gpi': 2.1210405371451744, 'noise_stn_sigma': 7.083245135898662, 'noise_gpe_sigma': 127.7059012101516, 'noise_gpi_sigma': 101.0306052364732, 'g_stn_gpe_mult': 2.9824617674990472, 'g_gpe_stn_mult': 0.49616168016271833, 'g_stn_gpi_mult': 3.1939618897597475, 'g_gpe_gpi_mult': 0.5069229035807112}. Best is trial 855 with value: 0.3684472722325858.
[I 2026-05-28 23:40:59,760] Trial 941 finished with value: 0.8695858336467606 and parameters: {'ISTN': 60.667825622650945, 'I_gpe': 1.394166332657932, 'I_gpi': 2.1097612597083195, 'noise_stn_sigma': 7.06611128203331, 'noise_gpe_sigma': 126.74055931064909, 'noise_gpi_sigma': 101.00564118381084, 'g_stn_gpe_mult': 2.976749057282925, 'g_gpe_stn_mult': 0.5038065523087953, 'g_stn_gpi_mult': 3.2404215450549243, 'g_gpe_gpi_mult': 0.512916043950578}. Best is trial 855 with value: 0.3684472722325858.
[I 2026-05-28 23:41:00,770] Trial 942 finished with value: 0.3728184228645141 and parameters: {'ISTN': 60.45093453632539, 'I_gpe': 1.3809890687045963, 'I_gpi': 2.1247245021018206, 'noise_stn_sigma': 7.065023317450219, 'noise_gpe_sigma': 127.49530851228356, 'noise_gpi_sigma': 101.41980660872305, 'g_stn_gpe_mult': 2.9923415711796544, 'g_gpe_stn_mult': 0.5015942179620978, 'g_stn_gpi_mult': 3.2043814720499375, 'g_gpe_gpi_mult': 0.5145273590433352}. Best is trial 855 with value: 0.3684472722325858.
[I 2026-05-28 23:41:01,777] Trial 943 finished with value: 0.3705470308310132 and parameters: {'ISTN': 60.392452466631376, 'I_gpe': 1.395325981283533, 'I_gpi': 2.1352095302686, 'noise_stn_sigma': 7.018641973899473, 'noise_gpe_sigma': 126.35720837126574, 'noise_gpi_sigma': 101.36312084490207, 'g_stn_gpe_mult': 2.9604178430668857, 'g_gpe_stn_mult': 0.5019189598968307, 'g_stn_gpi_mult': 3.1903183251497937, 'g_gpe_gpi_mult': 0.5125771943443738}. Best is trial 855 with value: 0.3684472722325858.
[I 2026-05-28 23:41:02,786] Trial 944 finished with value: 0.3917102264357929 and parameters: {'ISTN': 60.67806704427869, 'I_gpe': 1.388489016493995, 'I_gpi': 2.1335663350338145, 'noise_stn_sigma': 6.958268669753492, 'noise_gpe_sigma': 126.88732049424635, 'noise_gpi_sigma': 101.27442768241784, 'g_stn_gpe_mult': 2.9752528206391653, 'g_gpe_stn_mult': 0.5067494774741303, 'g_stn_gpi_mult': 3.2233203077932084, 'g_gpe_gpi_mult': 0.5046371542351988}. Best is trial 855 with value: 0.3684472722325858.
[I 2026-05-28 23:41:03,794] Trial 945 finished with value: 0.38574120077138535 and parameters: {'ISTN': 60.4284439582315, 'I_gpe': 1.4028866744915467, 'I_gpi': 2.0946559456902305, 'noise_stn_sigma': 6.994247342015685, 'noise_gpe_sigma': 127.03281465678985, 'noise_gpi_sigma': 102.30153715714026, 'g_stn_gpe_mult': 2.966503381126169, 'g_gpe_stn_mult': 0.5021569730809212, 'g_stn_gpi_mult': 3.2503617599039965, 'g_gpe_gpi_mult': 0.5047486581286804}. Best is trial 855 with value: 0.3684472722325858.
[I 2026-05-28 23:41:04,803] Trial 946 finished with value: 0.3902379763435821 and parameters: {'ISTN': 60.37304972290131, 'I_gpe': 1.379916804196548, 'I_gpi': 2.0827268039358833, 'noise_stn_sigma': 7.07313114742094, 'noise_gpe_sigma': 127.31498461371203, 'noise_gpi_sigma': 102.0035530562323, 'g_stn_gpe_mult': 2.980008580773581, 'g_gpe_stn_mult': 0.4965999534640573, 'g_stn_gpi_mult': 3.223727635404171, 'g_gpe_gpi_mult': 0.5011310665341067}. Best is trial 855 with value: 0.3684472722325858.
[I 2026-05-28 23:41:05,809] Trial 947 finished with value: 0.5825539693768743 and parameters: {'ISTN': 60.60028654787261, 'I_gpe': 1.3901615954624207, 'I_gpi': 2.1558923371804495, 'noise_stn_sigma': 6.998688953625668, 'noise_gpe_sigma': 126.55827867002593, 'noise_gpi_sigma': 102.12442942159156, 'g_stn_gpe_mult': 2.948921374144714, 'g_gpe_stn_mult': 0.5096346778387207, 'g_stn_gpi_mult': 3.2073856802976377, 'g_gpe_gpi_mult': 0.5152752866371737}. Best is trial 855 with value: 0.3684472722325858.
[I 2026-05-28 23:41:06,817] Trial 948 finished with value: 1.1545620147774387 and parameters: {'ISTN': 60.05136016053227, 'I_gpe': 1.3902433859884793, 'I_gpi': 2.1231520200425247, 'noise_stn_sigma': 7.046090378341199, 'noise_gpe_sigma': 127.8213162837139, 'noise_gpi_sigma': 101.35547196379872, 'g_stn_gpe_mult': 2.991279804938675, 'g_gpe_stn_mult': 0.4943432685685636, 'g_stn_gpi_mult': 3.1845805283171433, 'g_gpe_gpi_mult': 0.5108233168030788}. Best is trial 855 with value: 0.3684472722325858.
[I 2026-05-28 23:41:07,824] Trial 949 finished with value: 0.5399753438917134 and parameters: {'ISTN': 60.548443558712705, 'I_gpe': 1.386248357613987, 'I_gpi': 2.1022951805979195, 'noise_stn_sigma': 6.994258681733958, 'noise_gpe_sigma': 126.85757679626525, 'noise_gpi_sigma': 100.63966285697366, 'g_stn_gpe_mult': 2.9736312107241383, 'g_gpe_stn_mult': 0.5021408251830587, 'g_stn_gpi_mult': 3.2022556766925274, 'g_gpe_gpi_mult': 0.5058305026092084}. Best is trial 855 with value: 0.3684472722325858.
[I 2026-05-28 23:41:08,831] Trial 950 finished with value: 0.708541399335087 and parameters: {'ISTN': 60.226643235520406, 'I_gpe': 1.399366054264277, 'I_gpi': 2.118949812605197, 'noise_stn_sigma': 7.030574021999291, 'noise_gpe_sigma': 126.3323272005887, 'noise_gpi_sigma': 102.26052613301174, 'g_stn_gpe_mult': 2.9472399320272222, 'g_gpe_stn_mult': 0.4991268713475644, 'g_stn_gpi_mult': 3.206781575707237, 'g_gpe_gpi_mult': 0.5093029707135294}. Best is trial 855 with value: 0.3684472722325858.
[I 2026-05-28 23:41:09,840] Trial 951 finished with value: 0.7114661837658305 and parameters: {'ISTN': 60.40294763765539, 'I_gpe': 1.3869174897567875, 'I_gpi': 2.148367749536197, 'noise_stn_sigma': 7.025657388466383, 'noise_gpe_sigma': 126.80490132850649, 'noise_gpi_sigma': 100.90192932843154, 'g_stn_gpe_mult': 2.946346017263367, 'g_gpe_stn_mult': 0.5134549303034202, 'g_stn_gpi_mult': 3.2177234683426112, 'g_gpe_gpi_mult': 0.5068924609782028}. Best is trial 855 with value: 0.3684472722325858.
[I 2026-05-28 23:41:10,849] Trial 952 finished with value: 0.5081136266726285 and parameters: {'ISTN': 60.11753246662312, 'I_gpe': 1.3783172192693922, 'I_gpi': 2.114116502924908, 'noise_stn_sigma': 7.121535738364561, 'noise_gpe_sigma': 127.21246485411527, 'noise_gpi_sigma': 101.5231055257139, 'g_stn_gpe_mult': 2.9954371690683494, 'g_gpe_stn_mult': 0.4934536035145487, 'g_stn_gpi_mult': 3.1965474330214865, 'g_gpe_gpi_mult': 0.5206565456338551}. Best is trial 855 with value: 0.3684472722325858.
[I 2026-05-28 23:41:11,858] Trial 953 finished with value: 0.8275583582750204 and parameters: {'ISTN': 60.4663330714339, 'I_gpe': 1.4015872731579426, 'I_gpi': 2.1071906528937707, 'noise_stn_sigma': 7.052084396627305, 'noise_gpe_sigma': 127.5905031355727, 'noise_gpi_sigma': 101.16138866366386, 'g_stn_gpe_mult': 2.986040236794754, 'g_gpe_stn_mult': 0.49610814169472195, 'g_stn_gpi_mult': 3.2063527826224445, 'g_gpe_gpi_mult': 0.5129992215582215}. Best is trial 855 with value: 0.3684472722325858.
[I 2026-05-28 23:41:12,869] Trial 954 finished with value: 2.8120903540178506 and parameters: {'ISTN': 60.75855505951039, 'I_gpe': 1.3801935166421821, 'I_gpi': 2.140014959505362, 'noise_stn_sigma': 7.024697551392937, 'noise_gpe_sigma': 126.82253613302966, 'noise_gpi_sigma': 100.8554608130669, 'g_stn_gpe_mult': 2.9780349253993825, 'g_gpe_stn_mult': 0.5046827198202992, 'g_stn_gpi_mult': 3.2115420156817547, 'g_gpe_gpi_mult': 0.5103402918879054}. Best is trial 855 with value: 0.3684472722325858.
[I 2026-05-28 23:41:13,876] Trial 955 finished with value: 0.39642638974927025 and parameters: {'ISTN': 60.301957127588075, 'I_gpe': 1.3856908070904002, 'I_gpi': 2.1255291060616077, 'noise_stn_sigma': 7.0160288528729495, 'noise_gpe_sigma': 126.53427644273012, 'noise_gpi_sigma': 100.86564598343568, 'g_stn_gpe_mult': 2.99592711020689, 'g_gpe_stn_mult': 0.5035949541617285, 'g_stn_gpi_mult': 3.1947187243493467, 'g_gpe_gpi_mult': 0.506816235134793}. Best is trial 855 with value: 0.3684472722325858.
[I 2026-05-28 23:41:14,883] Trial 956 finished with value: 0.85135628124797 and parameters: {'ISTN': 60.294307991456236, 'I_gpe': 1.396986084988882, 'I_gpi': 2.126109076640083, 'noise_stn_sigma': 7.0230345942313335, 'noise_gpe_sigma': 127.51592572512523, 'noise_gpi_sigma': 101.73377733542824, 'g_stn_gpe_mult': 2.9788892001490974, 'g_gpe_stn_mult': 0.498133477709918, 'g_stn_gpi_mult': 3.215304873321433, 'g_gpe_gpi_mult': 0.5138458336757528}. Best is trial 855 with value: 0.3684472722325858.
[I 2026-05-28 23:41:15,892] Trial 957 finished with value: 0.7941897911064618 and parameters: {'ISTN': 60.268819186183244, 'I_gpe': 1.3801210132276072, 'I_gpi': 2.114412616774338, 'noise_stn_sigma': 7.085730039097383, 'noise_gpe_sigma': 126.69765734317055, 'noise_gpi_sigma': 101.58415321259295, 'g_stn_gpe_mult': 2.967902147909541, 'g_gpe_stn_mult': 0.5038388344560984, 'g_stn_gpi_mult': 3.2126348446527073, 'g_gpe_gpi_mult': 0.5111294116837048}. Best is trial 855 with value: 0.3684472722325858.
[I 2026-05-28 23:41:16,899] Trial 958 finished with value: 0.37847834892973276 and parameters: {'ISTN': 60.399496703362416, 'I_gpe': 1.3910693050531693, 'I_gpi': 2.143327765398164, 'noise_stn_sigma': 7.019458752267868, 'noise_gpe_sigma': 127.36528563535863, 'noise_gpi_sigma': 101.7919791304498, 'g_stn_gpe_mult': 2.960710527919884, 'g_gpe_stn_mult': 0.5022090130113853, 'g_stn_gpi_mult': 3.2221424610920653, 'g_gpe_gpi_mult': 0.5135136386159511}. Best is trial 855 with value: 0.3684472722325858.
[I 2026-05-28 23:41:17,910] Trial 959 finished with value: 0.6668144795313256 and parameters: {'ISTN': 60.39450352270705, 'I_gpe': 1.3888552466406658, 'I_gpi': 2.0991087359735263, 'noise_stn_sigma': 7.051795255250959, 'noise_gpe_sigma': 127.34884487935803, 'noise_gpi_sigma': 101.73552915460373, 'g_stn_gpe_mult': 2.9815908256153874, 'g_gpe_stn_mult': 0.4971271712441476, 'g_stn_gpi_mult': 3.2364592184419854, 'g_gpe_gpi_mult': 0.5114754554676362}. Best is trial 855 with value: 0.3684472722325858.
[I 2026-05-28 23:41:18,917] Trial 960 finished with value: 0.3744318740050164 and parameters: {'ISTN': 60.42492698407719, 'I_gpe': 1.3883287646500988, 'I_gpi': 2.1214517268450868, 'noise_stn_sigma': 6.993808158794667, 'noise_gpe_sigma': 126.30251031925765, 'noise_gpi_sigma': 101.98651979157793, 'g_stn_gpe_mult': 2.963338449321548, 'g_gpe_stn_mult': 0.5053134211057166, 'g_stn_gpi_mult': 3.2028684531009546, 'g_gpe_gpi_mult': 0.5101532519012897}. Best is trial 855 with value: 0.3684472722325858.
[I 2026-05-28 23:41:19,929] Trial 961 finished with value: 0.47276186035555234 and parameters: {'ISTN': 60.14116412290621, 'I_gpe': 1.387404310790683, 'I_gpi': 2.148895255094976, 'noise_stn_sigma': 7.0838564464152105, 'noise_gpe_sigma': 126.73758142838498, 'noise_gpi_sigma': 100.94288188494237, 'g_stn_gpe_mult': 2.974902771287324, 'g_gpe_stn_mult': 0.5050682547529926, 'g_stn_gpi_mult': 3.229057941973313, 'g_gpe_gpi_mult': 0.5227383919116428}. Best is trial 855 with value: 0.3684472722325858.
[I 2026-05-28 23:41:20,937] Trial 962 finished with value: 0.6424795043114386 and parameters: {'ISTN': 60.190959265654904, 'I_gpe': 1.3813271545123929, 'I_gpi': 2.1361042453188874, 'noise_stn_sigma': 7.059350709138138, 'noise_gpe_sigma': 126.50676530117312, 'noise_gpi_sigma': 101.4033067179642, 'g_stn_gpe_mult': 2.9768563852812004, 'g_gpe_stn_mult': 0.5021754064826611, 'g_stn_gpi_mult': 3.2115294564229036, 'g_gpe_gpi_mult': 0.5147115105167814}. Best is trial 855 with value: 0.3684472722325858.
[I 2026-05-28 23:41:21,945] Trial 963 finished with value: 0.3813049770802541 and parameters: {'ISTN': 60.547812966030214, 'I_gpe': 1.382858075645075, 'I_gpi': 2.129752438262625, 'noise_stn_sigma': 7.032808293773963, 'noise_gpe_sigma': 126.31751430750371, 'noise_gpi_sigma': 101.80905428723646, 'g_stn_gpe_mult': 2.9713936621975114, 'g_gpe_stn_mult': 0.5068473684134014, 'g_stn_gpi_mult': 3.1932575911234258, 'g_gpe_gpi_mult': 0.5082867645458504}. Best is trial 855 with value: 0.3684472722325858.
[I 2026-05-28 23:41:22,894] Trial 964 finished with value: 1000000.0 and parameters: {'ISTN': 60.66991961115667, 'I_gpe': 1.364178811184027, 'I_gpi': 2.173956055353901, 'noise_stn_sigma': 7.014336952323879, 'noise_gpe_sigma': 126.82210224337007, 'noise_gpi_sigma': 100.61472977877892, 'g_stn_gpe_mult': 2.9658911386266373, 'g_gpe_stn_mult': 0.515349949986522, 'g_stn_gpi_mult': 3.2224875603928695, 'g_gpe_gpi_mult': 0.5165889391903296}. Best is trial 855 with value: 0.3684472722325858.
[I 2026-05-28 23:41:23,902] Trial 965 finished with value: 0.8434920560938438 and parameters: {'ISTN': 60.20338170957386, 'I_gpe': 1.3857981987971688, 'I_gpi': 2.1436530862251164, 'noise_stn_sigma': 7.030687202595273, 'noise_gpe_sigma': 126.03782018252937, 'noise_gpi_sigma': 102.06522976396604, 'g_stn_gpe_mult': 2.9570112390414396, 'g_gpe_stn_mult': 0.5006755713737427, 'g_stn_gpi_mult': 3.1531564770755094, 'g_gpe_gpi_mult': 0.5131561020812778}. Best is trial 855 with value: 0.3684472722325858.
[I 2026-05-28 23:41:24,913] Trial 966 finished with value: 0.390589176673631 and parameters: {'ISTN': 60.54044771488756, 'I_gpe': 1.3815250111184945, 'I_gpi': 2.1652085757920556, 'noise_stn_sigma': 7.0618209570446835, 'noise_gpe_sigma': 126.82280070459085, 'noise_gpi_sigma': 101.61162033446517, 'g_stn_gpe_mult': 2.9565781151319124, 'g_gpe_stn_mult': 0.5083542463952568, 'g_stn_gpi_mult': 3.192398300336322, 'g_gpe_gpi_mult': 0.5103956881637235}. Best is trial 855 with value: 0.3684472722325858.
[I 2026-05-28 23:41:25,921] Trial 967 finished with value: 0.39475346483984974 and parameters: {'ISTN': 60.35561221942449, 'I_gpe': 1.3774429042721015, 'I_gpi': 2.1277931559023724, 'noise_stn_sigma': 6.959932727708363, 'noise_gpe_sigma': 126.51060243795035, 'noise_gpi_sigma': 101.29332896138376, 'g_stn_gpe_mult': 2.9901170823107313, 'g_gpe_stn_mult': 0.5060064929275014, 'g_stn_gpi_mult': 3.185602446309386, 'g_gpe_gpi_mult': 0.5117891956092655}. Best is trial 855 with value: 0.3684472722325858.
