[I 2026-05-28 23:44:23,464] Trial 132 finished with value: 6.7184850611842855 and parameters: {'ISTN': 79.03692925561663, 'I_gpe': 1.3458598125742842, 'I_gpi': 2.061934924403758, 'noise_stn_sigma': 5.561184876290396, 'noise_gpe_sigma': 83.79231263669894, 'noise_gpi_sigma': 118.64727825213713, 'g_stn_gpe_mult': 2.898355661815918, 'g_gpe_stn_mult': 0.13560598683265845, 'g_stn_gpi_mult': 1.2525734901642447, 'g_gpe_gpi_mult': 0.7333681564969827}. Best is trial 112 with value: 0.5819135352821176.
[I 2026-05-28 23:44:24,470] Trial 133 finished with value: 8.222600789277402 and parameters: {'ISTN': 77.10284617990168, 'I_gpe': 0.9236351812887077, 'I_gpi': 2.5747032157533525, 'noise_stn_sigma': 5.862140183901298, 'noise_gpe_sigma': 105.49926974942737, 'noise_gpi_sigma': 114.67816346985127, 'g_stn_gpe_mult': 2.6715973054940143, 'g_gpe_stn_mult': 0.32381728179106706, 'g_stn_gpi_mult': 2.158542606692643, 'g_gpe_gpi_mult': 0.6716040199771196}. Best is trial 112 with value: 0.5819135352821176.
[I 2026-05-28 23:44:25,475] Trial 134 finished with value: 2.666557007360581 and parameters: {'ISTN': 66.8790823158495, 'I_gpe': 1.3152136578283673, 'I_gpi': 2.1811805290712787, 'noise_stn_sigma': 5.600257986821083, 'noise_gpe_sigma': 99.0375881650828, 'noise_gpi_sigma': 102.27534115941128, 'g_stn_gpe_mult': 3.155400433720283, 'g_gpe_stn_mult': 0.2572886340114663, 'g_stn_gpi_mult': 1.6455998281441078, 'g_gpe_gpi_mult': 0.5110150324109692}. Best is trial 112 with value: 0.5819135352821176.
[I 2026-05-28 23:44:26,481] Trial 135 finished with value: 10.771964281497626 and parameters: {'ISTN': 79.55009549054856, 'I_gpe': 1.6137943215325499, 'I_gpi': 2.8255295176390245, 'noise_stn_sigma': 6.990938905793892, 'noise_gpe_sigma': 95.30120209010386, 'noise_gpi_sigma': 80.12945928550107, 'g_stn_gpe_mult': 3.423680030111698, 'g_gpe_stn_mult': 0.41021157649930373, 'g_stn_gpi_mult': 1.8682801579828765, 'g_gpe_gpi_mult': 0.6676403798605246}. Best is trial 112 with value: 0.5819135352821176.
[I 2026-05-28 23:44:27,490] Trial 136 finished with value: 8.097384290395311 and parameters: {'ISTN': 75.53721370637791, 'I_gpe': 1.152115996616888, 'I_gpi': 2.0004430806606406, 'noise_stn_sigma': 5.166927607800186, 'noise_gpe_sigma': 91.42336640021468, 'noise_gpi_sigma': 118.84984943354075, 'g_stn_gpe_mult': 3.1235098635945056, 'g_gpe_stn_mult': 0.2727002077531809, 'g_stn_gpi_mult': 1.251314901299164, 'g_gpe_gpi_mult': 0.5839032186097308}. Best is trial 112 with value: 0.5819135352821176.
[I 2026-05-28 23:44:28,498] Trial 137 finished with value: 5.784134500379752 and parameters: {'ISTN': 68.75955437069041, 'I_gpe': 1.471824132962918, 'I_gpi': 1.978410049392746, 'noise_stn_sigma': 5.303411678068584, 'noise_gpe_sigma': 109.72856960252875, 'noise_gpi_sigma': 113.05651253250913, 'g_stn_gpe_mult': 3.286626457731524, 'g_gpe_stn_mult': 0.12698550384202292, 'g_stn_gpi_mult': 1.3681368420246258, 'g_gpe_gpi_mult': 0.7014240472966531}. Best is trial 112 with value: 0.5819135352821176.
[I 2026-05-28 23:44:29,443] Trial 138 finished with value: 1000000.0 and parameters: {'ISTN': 60.88543091647988, 'I_gpe': 1.8521716821322296, 'I_gpi': 1.9657207572379318, 'noise_stn_sigma': 6.265206576409864, 'noise_gpe_sigma': 99.46443904960614, 'noise_gpi_sigma': 80.2533295932362, 'g_stn_gpe_mult': 3.1446875029005827, 'g_gpe_stn_mult': 0.2833516893282788, 'g_stn_gpi_mult': 1.6566347287806702, 'g_gpe_gpi_mult': 0.7783876441306774}. Best is trial 112 with value: 0.5819135352821176.
[I 2026-05-28 23:44:30,451] Trial 139 finished with value: 11.178809987591372 and parameters: {'ISTN': 63.786951695510034, 'I_gpe': 1.5106632209532471, 'I_gpi': 1.4502683134913164, 'noise_stn_sigma': 5.492887333872971, 'noise_gpe_sigma': 78.21481321697118, 'noise_gpi_sigma': 97.60372896137528, 'g_stn_gpe_mult': 2.8629159675381697, 'g_gpe_stn_mult': 0.26510417380209955, 'g_stn_gpi_mult': 1.640696330297445, 'g_gpe_gpi_mult': 0.7304217520873499}. Best is trial 112 with value: 0.5819135352821176.
[I 2026-05-28 23:44:31,460] Trial 140 finished with value: 8.667421291952818 and parameters: {'ISTN': 70.32857764195866, 'I_gpe': 1.6610232083068084, 'I_gpi': 2.9399513619075783, 'noise_stn_sigma': 6.068015002245307, 'noise_gpe_sigma': 108.52544992609845, 'noise_gpi_sigma': 88.23452411816805, 'g_stn_gpe_mult': 3.456257368316476, 'g_gpe_stn_mult': 0.19511260131949199, 'g_stn_gpi_mult': 1.8395478654411372, 'g_gpe_gpi_mult': 0.582955838163677}. Best is trial 112 with value: 0.5819135352821176.
[I 2026-05-28 23:44:32,466] Trial 141 finished with value: 2.5161495887964347 and parameters: {'ISTN': 69.51526577973074, 'I_gpe': 1.3885045678323475, 'I_gpi': 1.7268660249718901, 'noise_stn_sigma': 5.842592951743766, 'noise_gpe_sigma': 119.0627637279785, 'noise_gpi_sigma': 134.13028016427415, 'g_stn_gpe_mult': 2.8878629819230217, 'g_gpe_stn_mult': 0.24840523149804364, 'g_stn_gpi_mult': 1.2235311984035562, 'g_gpe_gpi_mult': 0.6202847948551002}. Best is trial 112 with value: 0.5819135352821176.
[I 2026-05-28 23:44:33,473] Trial 142 finished with value: 8.945223700014104 and parameters: {'ISTN': 70.03415162495071, 'I_gpe': 1.63862875510532, 'I_gpi': 1.5676450890862403, 'noise_stn_sigma': 6.212041634495327, 'noise_gpe_sigma': 122.91858130249955, 'noise_gpi_sigma': 122.81386762605788, 'g_stn_gpe_mult': 3.3296533278179052, 'g_gpe_stn_mult': 0.23212269437597732, 'g_stn_gpi_mult': 1.353960567277919, 'g_gpe_gpi_mult': 0.6794100642354988}. Best is trial 112 with value: 0.5819135352821176.
[I 2026-05-28 23:44:34,480] Trial 143 finished with value: 10.120740352100047 and parameters: {'ISTN': 73.12198903775756, 'I_gpe': 1.3715911633814186, 'I_gpi': 2.7661187025116947, 'noise_stn_sigma': 5.544297624128369, 'noise_gpe_sigma': 109.6933221665167, 'noise_gpi_sigma': 101.57963297753909, 'g_stn_gpe_mult': 2.776434992851155, 'g_gpe_stn_mult': 0.2882725750937989, 'g_stn_gpi_mult': 1.711640101138919, 'g_gpe_gpi_mult': 0.5145428619950886}. Best is trial 112 with value: 0.5819135352821176.
[I 2026-05-28 23:44:35,487] Trial 144 finished with value: 8.05603060957492 and parameters: {'ISTN': 65.78997147921908, 'I_gpe': 1.2492381065790847, 'I_gpi': 2.549097544269804, 'noise_stn_sigma': 6.18235902599751, 'noise_gpe_sigma': 121.56697771175716, 'noise_gpi_sigma': 131.33402599573463, 'g_stn_gpe_mult': 3.859429978115804, 'g_gpe_stn_mult': 0.18644923485118006, 'g_stn_gpi_mult': 1.7901539957526518, 'g_gpe_gpi_mult': 0.5909854606373619}. Best is trial 112 with value: 0.5819135352821176.
[I 2026-05-28 23:44:36,495] Trial 145 finished with value: 12.918410648487647 and parameters: {'ISTN': 85.91790405245983, 'I_gpe': 1.565212547753846, 'I_gpi': 2.395868836173041, 'noise_stn_sigma': 6.5806994057698445, 'noise_gpe_sigma': 108.71365260823309, 'noise_gpi_sigma': 101.8230338698279, 'g_stn_gpe_mult': 3.266785285830946, 'g_gpe_stn_mult': 0.1354419051849478, 'g_stn_gpi_mult': 1.2092736153200851, 'g_gpe_gpi_mult': 0.7323323253470644}. Best is trial 112 with value: 0.5819135352821176.
[I 2026-05-28 23:44:37,502] Trial 146 finished with value: 13.858814308705886 and parameters: {'ISTN': 86.66936326171104, 'I_gpe': 1.527702172933511, 'I_gpi': 1.2839925240138523, 'noise_stn_sigma': 5.940029156950944, 'noise_gpe_sigma': 110.2057727162966, 'noise_gpi_sigma': 98.35952413575991, 'g_stn_gpe_mult': 3.2201593601254554, 'g_gpe_stn_mult': 0.2433199523315427, 'g_stn_gpi_mult': 1.2787558663452898, 'g_gpe_gpi_mult': 0.7133996872766826}. Best is trial 112 with value: 0.5819135352821176.
[I 2026-05-28 23:44:38,509] Trial 147 finished with value: 4.548424116154173 and parameters: {'ISTN': 77.96019862006652, 'I_gpe': 1.5140142827040504, 'I_gpi': 2.268674213512197, 'noise_stn_sigma': 5.870021037309199, 'noise_gpe_sigma': 93.62118218656065, 'noise_gpi_sigma': 119.82440758871559, 'g_stn_gpe_mult': 3.5048709068621324, 'g_gpe_stn_mult': 0.1997296585868793, 'g_stn_gpi_mult': 1.077926962473069, 'g_gpe_gpi_mult': 0.6809856356512971}. Best is trial 112 with value: 0.5819135352821176.
[I 2026-05-28 23:44:39,516] Trial 148 finished with value: 3.36511881331284 and parameters: {'ISTN': 63.697855369906165, 'I_gpe': 1.9266467324468806, 'I_gpi': 2.165058045141577, 'noise_stn_sigma': 4.976642432069628, 'noise_gpe_sigma': 85.72577469454416, 'noise_gpi_sigma': 96.0741661128547, 'g_stn_gpe_mult': 3.337867648696731, 'g_gpe_stn_mult': 0.1596193651840301, 'g_stn_gpi_mult': 1.2730908871224162, 'g_gpe_gpi_mult': 0.44717277892659557}. Best is trial 112 with value: 0.5819135352821176.
[I 2026-05-28 23:44:40,524] Trial 149 finished with value: 1.9028974184096066 and parameters: {'ISTN': 67.05235282671887, 'I_gpe': 1.3043081502288434, 'I_gpi': 1.7528713713512978, 'noise_stn_sigma': 5.317211272951045, 'noise_gpe_sigma': 125.05447354759576, 'noise_gpi_sigma': 88.3748667870437, 'g_stn_gpe_mult': 2.9567946818373416, 'g_gpe_stn_mult': 0.21249639801903258, 'g_stn_gpi_mult': 1.2323627661637617, 'g_gpe_gpi_mult': 0.7297719787138914}. Best is trial 112 with value: 0.5819135352821176.
[I 2026-05-28 23:44:41,531] Trial 150 finished with value: 9.881249412105197 and parameters: {'ISTN': 74.28879822256049, 'I_gpe': 1.5233383827917348, 'I_gpi': 2.28701713186911, 'noise_stn_sigma': 4.693702074168853, 'noise_gpe_sigma': 94.8837628396381, 'noise_gpi_sigma': 104.52353982421074, 'g_stn_gpe_mult': 2.620012530127948, 'g_gpe_stn_mult': 0.41049210401236536, 'g_stn_gpi_mult': 2.0213186329908908, 'g_gpe_gpi_mult': 0.43856026373910806}. Best is trial 112 with value: 0.5819135352821176.
[I 2026-05-28 23:44:42,538] Trial 151 finished with value: 10.080719493352765 and parameters: {'ISTN': 67.03663075148808, 'I_gpe': 1.537374980056616, 'I_gpi': 2.0017012931961355, 'noise_stn_sigma': 6.3218525979973315, 'noise_gpe_sigma': 113.13804399427589, 'noise_gpi_sigma': 120.09197654087134, 'g_stn_gpe_mult': 2.992579004172778, 'g_gpe_stn_mult': 0.21617240052207976, 'g_stn_gpi_mult': 1.6273875504449484, 'g_gpe_gpi_mult': 0.6607424860726543}. Best is trial 112 with value: 0.5819135352821176.
[I 2026-05-28 23:44:43,545] Trial 152 finished with value: 15.196630610405126 and parameters: {'ISTN': 83.27736263916847, 'I_gpe': 1.4725143236524443, 'I_gpi': 1.8546340566089539, 'noise_stn_sigma': 5.422871837454109, 'noise_gpe_sigma': 115.8592043367455, 'noise_gpi_sigma': 101.73154617561529, 'g_stn_gpe_mult': 3.188831296027488, 'g_gpe_stn_mult': 0.4515097881148519, 'g_stn_gpi_mult': 1.239454492580904, 'g_gpe_gpi_mult': 0.6967239945600827}. Best is trial 112 with value: 0.5819135352821176.
[I 2026-05-28 23:44:44,553] Trial 153 finished with value: 10.54516799870171 and parameters: {'ISTN': 79.34590520649644, 'I_gpe': 0.9842042614507613, 'I_gpi': 1.4985959960083033, 'noise_stn_sigma': 5.068255110615571, 'noise_gpe_sigma': 117.38277158975076, 'noise_gpi_sigma': 85.11803063432798, 'g_stn_gpe_mult': 3.197079712825185, 'g_gpe_stn_mult': 0.18643433255869524, 'g_stn_gpi_mult': 1.29397546446037, 'g_gpe_gpi_mult': 0.5607054016346213}. Best is trial 112 with value: 0.5819135352821176.
[I 2026-05-28 23:44:45,560] Trial 154 finished with value: 6.200922482061079 and parameters: {'ISTN': 68.38110948726576, 'I_gpe': 1.2335710563073476, 'I_gpi': 1.9400549528575857, 'noise_stn_sigma': 4.898726563975337, 'noise_gpe_sigma': 102.73004512579968, 'noise_gpi_sigma': 97.04101144995717, 'g_stn_gpe_mult': 3.5041164231056747, 'g_gpe_stn_mult': 0.19237137767043, 'g_stn_gpi_mult': 1.412334452605014, 'g_gpe_gpi_mult': 0.4370201181947716}. Best is trial 112 with value: 0.5819135352821176.
[I 2026-05-28 23:44:46,568] Trial 155 finished with value: 6.197044654335352 and parameters: {'ISTN': 70.96723004763109, 'I_gpe': 1.6719713369982405, 'I_gpi': 2.406749836737564, 'noise_stn_sigma': 5.050292125785328, 'noise_gpe_sigma': 102.63176707355693, 'noise_gpi_sigma': 90.56128848503975, 'g_stn_gpe_mult': 3.1055065142237943, 'g_gpe_stn_mult': 0.2761263831128971, 'g_stn_gpi_mult': 1.1561858877243663, 'g_gpe_gpi_mult': 0.6247257610832259}. Best is trial 112 with value: 0.5819135352821176.
[I 2026-05-28 23:44:47,577] Trial 156 finished with value: 4.8233041259558105 and parameters: {'ISTN': 67.89669679688818, 'I_gpe': 0.7960840201545208, 'I_gpi': 1.6287842843035787, 'noise_stn_sigma': 5.635517537671727, 'noise_gpe_sigma': 95.8011253758811, 'noise_gpi_sigma': 119.7843588570719, 'g_stn_gpe_mult': 2.5510738615290207, 'g_gpe_stn_mult': 0.11763264015471235, 'g_stn_gpi_mult': 1.3885140648003889, 'g_gpe_gpi_mult': 0.7555525440186881}. Best is trial 112 with value: 0.5819135352821176.
[I 2026-05-28 23:44:48,523] Trial 157 finished with value: 1000000.0 and parameters: {'ISTN': 62.658679517743245, 'I_gpe': 1.11776733493473, 'I_gpi': 1.4105577187141873, 'noise_stn_sigma': 5.054981369839218, 'noise_gpe_sigma': 107.4003908840392, 'noise_gpi_sigma': 101.5547697018106, 'g_stn_gpe_mult': 3.5628061285109625, 'g_gpe_stn_mult': 0.2927269402934123, 'g_stn_gpi_mult': 1.2450083518272725, 'g_gpe_gpi_mult': 0.6697301789314496}. Best is trial 112 with value: 0.5819135352821176.
[I 2026-05-28 23:44:49,530] Trial 158 finished with value: 10.215802097656947 and parameters: {'ISTN': 77.5422421872832, 'I_gpe': 1.6087260743327578, 'I_gpi': 2.6864514265074844, 'noise_stn_sigma': 5.441915891131584, 'noise_gpe_sigma': 133.7363800120722, 'noise_gpi_sigma': 107.20667559978938, 'g_stn_gpe_mult': 3.6074907688761697, 'g_gpe_stn_mult': 0.2706102147183451, 'g_stn_gpi_mult': 1.7095329456970543, 'g_gpe_gpi_mult': 0.6655124416075}. Best is trial 112 with value: 0.5819135352821176.
[I 2026-05-28 23:44:50,537] Trial 159 finished with value: 7.142001682699834 and parameters: {'ISTN': 62.57827218267948, 'I_gpe': 1.6014752335426679, 'I_gpi': 1.391681422360142, 'noise_stn_sigma': 5.38065196972866, 'noise_gpe_sigma': 92.3515385117124, 'noise_gpi_sigma': 124.09348089965603, 'g_stn_gpe_mult': 2.5569655826714603, 'g_gpe_stn_mult': 0.19874780403678521, 'g_stn_gpi_mult': 1.2185751804528016, 'g_gpe_gpi_mult': 0.5620055865347886}. Best is trial 112 with value: 0.5819135352821176.
[I 2026-05-28 23:44:51,544] Trial 160 finished with value: 8.984773335422512 and parameters: {'ISTN': 74.06943228223045, 'I_gpe': 1.8741105300538021, 'I_gpi': 1.6541650583804621, 'noise_stn_sigma': 7.089089500588593, 'noise_gpe_sigma': 94.96696702736035, 'noise_gpi_sigma': 92.24871461099195, 'g_stn_gpe_mult': 2.5175039801708428, 'g_gpe_stn_mult': 0.13600929261705091, 'g_stn_gpi_mult': 1.2296597886747551, 'g_gpe_gpi_mult': 0.6713919213653197}. Best is trial 112 with value: 0.5819135352821176.
[I 2026-05-28 23:44:52,553] Trial 161 finished with value: 9.905428656851972 and parameters: {'ISTN': 64.94645434257268, 'I_gpe': 1.3353523754442156, 'I_gpi': 1.7057839607091607, 'noise_stn_sigma': 5.8136621611751895, 'noise_gpe_sigma': 79.19248917450807, 'noise_gpi_sigma': 114.43936801707046, 'g_stn_gpe_mult': 2.4139031660730037, 'g_gpe_stn_mult': 0.19228380141670404, 'g_stn_gpi_mult': 1.0724956218269355, 'g_gpe_gpi_mult': 0.6379520487539103}. Best is trial 112 with value: 0.5819135352821176.
[I 2026-05-28 23:44:53,560] Trial 162 finished with value: 8.930344211889013 and parameters: {'ISTN': 88.06130154318586, 'I_gpe': 1.6128925646126084, 'I_gpi': 2.5434368042977717, 'noise_stn_sigma': 7.2480126888470995, 'noise_gpe_sigma': 73.64336050791252, 'noise_gpi_sigma': 124.19023710774877, 'g_stn_gpe_mult': 2.442821086239781, 'g_gpe_stn_mult': 0.18399016434265286, 'g_stn_gpi_mult': 1.6891328775133523, 'g_gpe_gpi_mult': 0.5616558135005814}. Best is trial 112 with value: 0.5819135352821176.
[I 2026-05-28 23:44:54,569] Trial 163 finished with value: 7.418090576898729 and parameters: {'ISTN': 71.3768885578087, 'I_gpe': 0.7730905605448712, 'I_gpi': 1.5340771888021605, 'noise_stn_sigma': 6.435251686435556, 'noise_gpe_sigma': 110.1968387076614, 'noise_gpi_sigma': 109.4629851499887, 'g_stn_gpe_mult': 2.809601386031707, 'g_gpe_stn_mult': 0.13959051289059815, 'g_stn_gpi_mult': 1.122312722404755, 'g_gpe_gpi_mult': 0.5300920728344298}. Best is trial 112 with value: 0.5819135352821176.
[I 2026-05-28 23:44:55,577] Trial 164 finished with value: 4.987677280534898 and parameters: {'ISTN': 76.41259721138846, 'I_gpe': 0.8499662117114585, 'I_gpi': 2.10294966421198, 'noise_stn_sigma': 5.477659270953649, 'noise_gpe_sigma': 97.258097191846, 'noise_gpi_sigma': 95.14407549305629, 'g_stn_gpe_mult': 2.6961063749519596, 'g_gpe_stn_mult': 0.22685810969852357, 'g_stn_gpi_mult': 1.5489561141058243, 'g_gpe_gpi_mult': 0.7694561613401165}. Best is trial 112 with value: 0.5819135352821176.
[I 2026-05-28 23:44:56,585] Trial 165 finished with value: 1.6969646398954643 and parameters: {'ISTN': 66.93918198872818, 'I_gpe': 1.4226720406749156, 'I_gpi': 2.3484729501650503, 'noise_stn_sigma': 5.964068803864016, 'noise_gpe_sigma': 98.72647443786832, 'noise_gpi_sigma': 133.25692886869479, 'g_stn_gpe_mult': 2.689819431325115, 'g_gpe_stn_mult': 0.12710383891919666, 'g_stn_gpi_mult': 1.0836451769790738, 'g_gpe_gpi_mult': 0.5516008134975556}. Best is trial 112 with value: 0.5819135352821176.
[I 2026-05-28 23:44:57,591] Trial 166 finished with value: 5.924584752768094 and parameters: {'ISTN': 66.91044269079, 'I_gpe': 0.9598959221880328, 'I_gpi': 2.2650933809368348, 'noise_stn_sigma': 4.763692590271495, 'noise_gpe_sigma': 116.75250413023089, 'noise_gpi_sigma': 108.91949445328771, 'g_stn_gpe_mult': 2.921155157158248, 'g_gpe_stn_mult': 0.19130309326446432, 'g_stn_gpi_mult': 1.3829832652317184, 'g_gpe_gpi_mult': 0.5979611014300686}. Best is trial 112 with value: 0.5819135352821176.
[I 2026-05-28 23:44:58,597] Trial 167 finished with value: 12.212231180979641 and parameters: {'ISTN': 78.45113695704188, 'I_gpe': 1.3459469146482084, 'I_gpi': 1.5261974618994987, 'noise_stn_sigma': 4.125526984763011, 'noise_gpe_sigma': 113.5700974196856, 'noise_gpi_sigma': 133.98262226294503, 'g_stn_gpe_mult': 2.6596437936649373, 'g_gpe_stn_mult': 0.19609840898094594, 'g_stn_gpi_mult': 1.6939683792674507, 'g_gpe_gpi_mult': 0.6720938411824724}. Best is trial 112 with value: 0.5819135352821176.
[I 2026-05-28 23:44:59,606] Trial 168 finished with value: 10.041673576236574 and parameters: {'ISTN': 65.74282284998601, 'I_gpe': 0.991432025900457, 'I_gpi': 2.1579900784254953, 'noise_stn_sigma': 5.124982411530468, 'noise_gpe_sigma': 86.05442841790122, 'noise_gpi_sigma': 121.28323575759747, 'g_stn_gpe_mult': 1.6419151045552765, 'g_gpe_stn_mult': 0.18455033329629167, 'g_stn_gpi_mult': 1.4724502561729036, 'g_gpe_gpi_mult': 0.6723391356326318}. Best is trial 112 with value: 0.5819135352821176.
[I 2026-05-28 23:45:00,612] Trial 169 finished with value: 7.537653238623244 and parameters: {'ISTN': 72.9652576791538, 'I_gpe': 1.0222922540021149, 'I_gpi': 1.91792057593142, 'noise_stn_sigma': 6.639290515070623, 'noise_gpe_sigma': 103.27907133017598, 'noise_gpi_sigma': 111.06560653738373, 'g_stn_gpe_mult': 2.0359489336003684, 'g_gpe_stn_mult': 0.34874627396183433, 'g_stn_gpi_mult': 1.1044687163525895, 'g_gpe_gpi_mult': 0.5672404024469697}. Best is trial 112 with value: 0.5819135352821176.
[I 2026-05-28 23:45:01,619] Trial 170 finished with value: 7.825105972647605 and parameters: {'ISTN': 63.71078244688262, 'I_gpe': 1.6406930933252033, 'I_gpi': 1.1416469119781572, 'noise_stn_sigma': 3.7443772972321696, 'noise_gpe_sigma': 105.53497538851626, 'noise_gpi_sigma': 118.67283473517762, 'g_stn_gpe_mult': 3.2781285871173385, 'g_gpe_stn_mult': 0.29786494319193957, 'g_stn_gpi_mult': 1.5581466062241915, 'g_gpe_gpi_mult': 0.6355517170749303}. Best is trial 112 with value: 0.5819135352821176.
[I 2026-05-28 23:45:02,628] Trial 171 finished with value: 11.614117918328539 and parameters: {'ISTN': 80.76283991382185, 'I_gpe': 0.7189576643871853, 'I_gpi': 2.026571018076705, 'noise_stn_sigma': 5.333454907860723, 'noise_gpe_sigma': 97.6645936057417, 'noise_gpi_sigma': 115.0436719214374, 'g_stn_gpe_mult': 2.8827173842932816, 'g_gpe_stn_mult': 0.19164291628542957, 'g_stn_gpi_mult': 1.1300451190259944, 'g_gpe_gpi_mult': 0.7248846325134704}. Best is trial 112 with value: 0.5819135352821176.
[I 2026-05-28 23:45:03,636] Trial 172 finished with value: 10.288407625430287 and parameters: {'ISTN': 70.2937666289715, 'I_gpe': 1.143360653963303, 'I_gpi': 2.9653410969211875, 'noise_stn_sigma': 6.118014846271458, 'noise_gpe_sigma': 100.497351488778, 'noise_gpi_sigma': 100.33838632995716, 'g_stn_gpe_mult': 3.210004639746143, 'g_gpe_stn_mult': 0.2105287567041258, 'g_stn_gpi_mult': 1.3359642609966578, 'g_gpe_gpi_mult': 0.6037296553839999}. Best is trial 112 with value: 0.5819135352821176.
[I 2026-05-28 23:45:04,641] Trial 173 finished with value: 5.346109980440702 and parameters: {'ISTN': 73.48293040306635, 'I_gpe': 1.3611778078611367, 'I_gpi': 1.4867510015274066, 'noise_stn_sigma': 6.0105683971894335, 'noise_gpe_sigma': 95.57267179336036, 'noise_gpi_sigma': 127.57601152902008, 'g_stn_gpe_mult': 2.2808451473247207, 'g_gpe_stn_mult': 0.11681871209307546, 'g_stn_gpi_mult': 1.094678114060595, 'g_gpe_gpi_mult': 0.801793371499607}. Best is trial 112 with value: 0.5819135352821176.
[I 2026-05-28 23:45:05,646] Trial 174 finished with value: 8.597525693617218 and parameters: {'ISTN': 72.90924827124849, 'I_gpe': 1.1577749347507063, 'I_gpi': 2.539336404298688, 'noise_stn_sigma': 5.8641454752422915, 'noise_gpe_sigma': 125.36622374308716, 'noise_gpi_sigma': 119.5125159977158, 'g_stn_gpe_mult': 3.1526138880440344, 'g_gpe_stn_mult': 0.21135481469497433, 'g_stn_gpi_mult': 1.5619790948880672, 'g_gpe_gpi_mult': 0.7371703364532931}. Best is trial 112 with value: 0.5819135352821176.
[I 2026-05-28 23:45:06,652] Trial 175 finished with value: 7.7784735606144455 and parameters: {'ISTN': 77.0167285149203, 'I_gpe': 1.223081308799038, 'I_gpi': 2.0874022081950296, 'noise_stn_sigma': 4.611725354822283, 'noise_gpe_sigma': 98.97309836719664, 'noise_gpi_sigma': 114.88678160473675, 'g_stn_gpe_mult': 3.074684796098395, 'g_gpe_stn_mult': 0.2885177803421818, 'g_stn_gpi_mult': 1.5304336935349092, 'g_gpe_gpi_mult': 0.7819073901582783}. Best is trial 112 with value: 0.5819135352821176.
