[I 2026-05-28 23:28:09,866] Trial 176 finished with value: 6.171793085361107 and parameters: {'ISTN': 73.51245684669895, 'I_gpe': 1.3525346635094366, 'I_gpi': 2.9410990153057437, 'noise_stn_sigma': 5.893080516033794, 'noise_gpe_sigma': 135.83564896898744, 'noise_gpi_sigma': 99.41420741577585, 'g_stn_gpe_mult': 2.4874348470526595, 'g_gpe_stn_mult': 0.4586524119413722, 'g_stn_gpi_mult': 1.8326958962862105, 'g_gpe_gpi_mult': 0.4759271830853184}. Best is trial 114 with value: 0.7660526910236299.
[I 2026-05-28 23:28:10,874] Trial 177 finished with value: 7.61965736151381 and parameters: {'ISTN': 68.48082358780567, 'I_gpe': 1.4656471627178083, 'I_gpi': 2.2618507644520953, 'noise_stn_sigma': 7.126812422780519, 'noise_gpe_sigma': 140.15032774479602, 'noise_gpi_sigma': 91.48721793400048, 'g_stn_gpe_mult': 2.612951086208626, 'g_gpe_stn_mult': 0.4727031268474764, 'g_stn_gpi_mult': 2.235106361385885, 'g_gpe_gpi_mult': 0.31204861389041716}. Best is trial 114 with value: 0.7660526910236299.
[I 2026-05-28 23:28:11,879] Trial 178 finished with value: 6.109841505302934 and parameters: {'ISTN': 73.69021225516168, 'I_gpe': 1.1547477334592844, 'I_gpi': 1.98114811311069, 'noise_stn_sigma': 4.759768406985666, 'noise_gpe_sigma': 140.777605484937, 'noise_gpi_sigma': 93.90976685558002, 'g_stn_gpe_mult': 2.2017980171251956, 'g_gpe_stn_mult': 0.5541887193514328, 'g_stn_gpi_mult': 2.2138797919477473, 'g_gpe_gpi_mult': 0.522708217061871}. Best is trial 114 with value: 0.7660526910236299.
[I 2026-05-28 23:28:12,885] Trial 179 finished with value: 8.453798320213462 and parameters: {'ISTN': 66.95719481139179, 'I_gpe': 1.2430899653363374, 'I_gpi': 1.4943909118485021, 'noise_stn_sigma': 5.844201598454833, 'noise_gpe_sigma': 116.2261596630153, 'noise_gpi_sigma': 116.77010750161074, 'g_stn_gpe_mult': 2.7897364189591887, 'g_gpe_stn_mult': 0.3888779136784768, 'g_stn_gpi_mult': 1.8630470162763255, 'g_gpe_gpi_mult': 0.22190221130023766}. Best is trial 114 with value: 0.7660526910236299.
[I 2026-05-28 23:28:13,892] Trial 180 finished with value: 7.860673699833972 and parameters: {'ISTN': 68.58655270613518, 'I_gpe': 1.2562083188854685, 'I_gpi': 2.6480773063498493, 'noise_stn_sigma': 5.408846357628591, 'noise_gpe_sigma': 142.49733413213528, 'noise_gpi_sigma': 88.36014309110588, 'g_stn_gpe_mult': 2.10270400711377, 'g_gpe_stn_mult': 0.35052465002129385, 'g_stn_gpi_mult': 1.9623920296322863, 'g_gpe_gpi_mult': 0.5123641372809804}. Best is trial 114 with value: 0.7660526910236299.
[I 2026-05-28 23:28:14,900] Trial 181 finished with value: 2.222250227315908 and parameters: {'ISTN': 61.02871547760606, 'I_gpe': 1.5342495268949332, 'I_gpi': 2.509610541240545, 'noise_stn_sigma': 4.9971465305156055, 'noise_gpe_sigma': 120.01213481865783, 'noise_gpi_sigma': 100.1334484001818, 'g_stn_gpe_mult': 2.1161572702254245, 'g_gpe_stn_mult': 0.4462887322172583, 'g_stn_gpi_mult': 2.3933447985815257, 'g_gpe_gpi_mult': 0.3780947300173848}. Best is trial 114 with value: 0.7660526910236299.
[I 2026-05-28 23:28:15,908] Trial 182 finished with value: 4.499628986522052 and parameters: {'ISTN': 70.62704251641942, 'I_gpe': 1.562953807063974, 'I_gpi': 2.170201088682382, 'noise_stn_sigma': 6.556624601506833, 'noise_gpe_sigma': 124.17585053644325, 'noise_gpi_sigma': 105.60577403350553, 'g_stn_gpe_mult': 2.7743977907654114, 'g_gpe_stn_mult': 0.48606992341592226, 'g_stn_gpi_mult': 2.2297228657339123, 'g_gpe_gpi_mult': 0.36970935980844677}. Best is trial 114 with value: 0.7660526910236299.
[I 2026-05-28 23:28:16,914] Trial 183 finished with value: 9.115772275168533 and parameters: {'ISTN': 73.94218489221743, 'I_gpe': 1.0330557310816542, 'I_gpi': 2.487588603333289, 'noise_stn_sigma': 6.290870377238308, 'noise_gpe_sigma': 140.99327817928463, 'noise_gpi_sigma': 97.07127144515937, 'g_stn_gpe_mult': 2.4860681750432443, 'g_gpe_stn_mult': 0.45107201896573634, 'g_stn_gpi_mult': 2.256965541031965, 'g_gpe_gpi_mult': 0.49274097128806693}. Best is trial 114 with value: 0.7660526910236299.
[I 2026-05-28 23:28:17,918] Trial 184 finished with value: 8.113011584280194 and parameters: {'ISTN': 79.87893494698986, 'I_gpe': 0.5414856362165723, 'I_gpi': 3.109771840084043, 'noise_stn_sigma': 7.48855049625592, 'noise_gpe_sigma': 146.68821480414823, 'noise_gpi_sigma': 82.50265078934332, 'g_stn_gpe_mult': 2.5251853932694184, 'g_gpe_stn_mult': 0.5691475461431539, 'g_stn_gpi_mult': 1.8799382351805303, 'g_gpe_gpi_mult': 0.47650346649034225}. Best is trial 114 with value: 0.7660526910236299.
[I 2026-05-28 23:28:18,924] Trial 185 finished with value: 12.898448373524179 and parameters: {'ISTN': 74.6830615412238, 'I_gpe': 1.0086319652372921, 'I_gpi': 2.559522763795444, 'noise_stn_sigma': 4.804153402139379, 'noise_gpe_sigma': 124.41028201692794, 'noise_gpi_sigma': 95.86027926087577, 'g_stn_gpe_mult': 2.3533310908036817, 'g_gpe_stn_mult': 0.47393197850844127, 'g_stn_gpi_mult': 2.1041117091363306, 'g_gpe_gpi_mult': 0.5345857269017367}. Best is trial 114 with value: 0.7660526910236299.
[I 2026-05-28 23:28:19,933] Trial 186 finished with value: 12.606779751162044 and parameters: {'ISTN': 77.30284614292282, 'I_gpe': 0.815758122863034, 'I_gpi': 2.1880612835025026, 'noise_stn_sigma': 4.682182302276358, 'noise_gpe_sigma': 136.36832051847182, 'noise_gpi_sigma': 108.11414203328191, 'g_stn_gpe_mult': 2.129296259934274, 'g_gpe_stn_mult': 0.5235866720194441, 'g_stn_gpi_mult': 2.002687252451867, 'g_gpe_gpi_mult': 0.38069268656683153}. Best is trial 114 with value: 0.7660526910236299.
[I 2026-05-28 23:28:20,940] Trial 187 finished with value: 9.770623622819516 and parameters: {'ISTN': 69.54443007555642, 'I_gpe': 1.6509397785987305, 'I_gpi': 2.401910804569008, 'noise_stn_sigma': 4.700408866949033, 'noise_gpe_sigma': 121.99203830894231, 'noise_gpi_sigma': 104.70850410649236, 'g_stn_gpe_mult': 2.308623018871886, 'g_gpe_stn_mult': 0.3839694174859938, 'g_stn_gpi_mult': 1.8752246335928207, 'g_gpe_gpi_mult': 0.5122556197181811}. Best is trial 114 with value: 0.7660526910236299.
[I 2026-05-28 23:28:21,945] Trial 188 finished with value: 10.138486141220225 and parameters: {'ISTN': 73.17947361000563, 'I_gpe': 1.4055479099274104, 'I_gpi': 1.9426554874212916, 'noise_stn_sigma': 4.794011998272259, 'noise_gpe_sigma': 137.08655882955128, 'noise_gpi_sigma': 122.40978254491031, 'g_stn_gpe_mult': 2.235029890624614, 'g_gpe_stn_mult': 0.3729966823663673, 'g_stn_gpi_mult': 1.6747198201175637, 'g_gpe_gpi_mult': 0.4509989126012375}. Best is trial 114 with value: 0.7660526910236299.
[I 2026-05-28 23:28:22,953] Trial 189 finished with value: 10.718265983646104 and parameters: {'ISTN': 74.73268118864796, 'I_gpe': 0.8692976195477438, 'I_gpi': 1.2520061846432216, 'noise_stn_sigma': 5.220341612429657, 'noise_gpe_sigma': 126.21934833527358, 'noise_gpi_sigma': 121.67588422055424, 'g_stn_gpe_mult': 2.3501540083698016, 'g_gpe_stn_mult': 0.5123871811943638, 'g_stn_gpi_mult': 2.282523862194018, 'g_gpe_gpi_mult': 0.3919013800912915}. Best is trial 114 with value: 0.7660526910236299.
[I 2026-05-28 23:28:23,961] Trial 190 finished with value: 7.762917331568182 and parameters: {'ISTN': 71.67714398740326, 'I_gpe': 1.4003456262944693, 'I_gpi': 2.360082332683979, 'noise_stn_sigma': 6.253692574553664, 'noise_gpe_sigma': 128.35101244068733, 'noise_gpi_sigma': 92.82783104986542, 'g_stn_gpe_mult': 2.425000245693167, 'g_gpe_stn_mult': 0.4903232155989691, 'g_stn_gpi_mult': 2.3941790050539202, 'g_gpe_gpi_mult': 0.5564070153643113}. Best is trial 114 with value: 0.7660526910236299.
[I 2026-05-28 23:28:24,968] Trial 191 finished with value: 8.976778994691685 and parameters: {'ISTN': 69.88202615647802, 'I_gpe': 0.9103511414386091, 'I_gpi': 2.3167533179846185, 'noise_stn_sigma': 6.2310226608185175, 'noise_gpe_sigma': 122.33483900262809, 'noise_gpi_sigma': 97.1785992316111, 'g_stn_gpe_mult': 2.0347678903085216, 'g_gpe_stn_mult': 0.6125268239090987, 'g_stn_gpi_mult': 2.293965543344032, 'g_gpe_gpi_mult': 0.4360275268847063}. Best is trial 114 with value: 0.7660526910236299.
[I 2026-05-28 23:28:25,916] Trial 192 finished with value: 1000000.0 and parameters: {'ISTN': 73.30167884339602, 'I_gpe': 1.5895880757868481, 'I_gpi': 2.8890712079698204, 'noise_stn_sigma': 5.112506550986768, 'noise_gpe_sigma': 136.81735544897737, 'noise_gpi_sigma': 91.34121670307043, 'g_stn_gpe_mult': 2.6358749767697374, 'g_gpe_stn_mult': 0.3449651591217835, 'g_stn_gpi_mult': 1.963737886429986, 'g_gpe_gpi_mult': 0.37894141497331746}. Best is trial 114 with value: 0.7660526910236299.
[I 2026-05-28 23:28:26,923] Trial 193 finished with value: 3.975546867181555 and parameters: {'ISTN': 65.40192523069679, 'I_gpe': 1.5074610067024359, 'I_gpi': 2.2233865795241763, 'noise_stn_sigma': 6.20763299247648, 'noise_gpe_sigma': 118.66059726384945, 'noise_gpi_sigma': 101.12762447328755, 'g_stn_gpe_mult': 2.4777277157535753, 'g_gpe_stn_mult': 0.4350564750218022, 'g_stn_gpi_mult': 2.1623355740938157, 'g_gpe_gpi_mult': 0.34971153953172524}. Best is trial 114 with value: 0.7660526910236299.
[I 2026-05-28 23:28:27,929] Trial 194 finished with value: 9.673874679430224 and parameters: {'ISTN': 63.46299442835832, 'I_gpe': 1.7212884516916565, 'I_gpi': 2.7548142314374933, 'noise_stn_sigma': 5.155640554957151, 'noise_gpe_sigma': 144.12067730493334, 'noise_gpi_sigma': 102.19771520860816, 'g_stn_gpe_mult': 2.1995528207934476, 'g_gpe_stn_mult': 0.6663940233431573, 'g_stn_gpi_mult': 2.639229464707657, 'g_gpe_gpi_mult': 0.4932010134168495}. Best is trial 114 with value: 0.7660526910236299.
[I 2026-05-28 23:28:28,937] Trial 195 finished with value: 10.096409744522603 and parameters: {'ISTN': 69.3827157212835, 'I_gpe': 1.3648571493222335, 'I_gpi': 2.4046523792876044, 'noise_stn_sigma': 5.999131179211607, 'noise_gpe_sigma': 108.30303866249739, 'noise_gpi_sigma': 94.79676772606335, 'g_stn_gpe_mult': 2.643490834278679, 'g_gpe_stn_mult': 0.5339576430177242, 'g_stn_gpi_mult': 2.521646474132626, 'g_gpe_gpi_mult': 0.2653288774442285}. Best is trial 114 with value: 0.7660526910236299.
[I 2026-05-28 23:28:29,944] Trial 196 finished with value: 10.994349141810499 and parameters: {'ISTN': 61.95555370168219, 'I_gpe': 0.9761630524615528, 'I_gpi': 2.4310970446039537, 'noise_stn_sigma': 5.303086625387129, 'noise_gpe_sigma': 123.02189792911513, 'noise_gpi_sigma': 99.58822700256616, 'g_stn_gpe_mult': 2.0337827778550235, 'g_gpe_stn_mult': 0.4862371587263494, 'g_stn_gpi_mult': 1.9027242147632049, 'g_gpe_gpi_mult': 0.48154465010301023}. Best is trial 114 with value: 0.7660526910236299.
[I 2026-05-28 23:28:30,951] Trial 197 finished with value: 11.524887840607809 and parameters: {'ISTN': 67.62902540535032, 'I_gpe': 1.7152427061695703, 'I_gpi': 2.2880316792287, 'noise_stn_sigma': 7.40206912315701, 'noise_gpe_sigma': 142.69945693401752, 'noise_gpi_sigma': 93.31487150550475, 'g_stn_gpe_mult': 1.9050669020410527, 'g_gpe_stn_mult': 0.4351936863614798, 'g_stn_gpi_mult': 1.735069140252571, 'g_gpe_gpi_mult': 0.48425327185374945}. Best is trial 114 with value: 0.7660526910236299.
[I 2026-05-28 23:28:31,958] Trial 198 finished with value: 5.657522445396788 and parameters: {'ISTN': 67.86660135107343, 'I_gpe': 1.0042719825662094, 'I_gpi': 2.7367801335042774, 'noise_stn_sigma': 7.7201670038400465, 'noise_gpe_sigma': 118.7170963042196, 'noise_gpi_sigma': 126.97024637140422, 'g_stn_gpe_mult': 1.877957389848089, 'g_gpe_stn_mult': 0.5592776417928608, 'g_stn_gpi_mult': 1.8716805698227046, 'g_gpe_gpi_mult': 0.41641266523633785}. Best is trial 114 with value: 0.7660526910236299.
[I 2026-05-28 23:28:32,965] Trial 199 finished with value: 9.990783070287048 and parameters: {'ISTN': 72.67934951200671, 'I_gpe': 1.4360447062855175, 'I_gpi': 1.8546744769531232, 'noise_stn_sigma': 5.305260262101323, 'noise_gpe_sigma': 126.34589212239867, 'noise_gpi_sigma': 92.73704553113387, 'g_stn_gpe_mult': 2.7464301605120083, 'g_gpe_stn_mult': 0.47175838650846713, 'g_stn_gpi_mult': 1.622723892888626, 'g_gpe_gpi_mult': 0.381768896161493}. Best is trial 114 with value: 0.7660526910236299.
[I 2026-05-28 23:28:33,975] Trial 200 finished with value: 11.281865480929557 and parameters: {'ISTN': 80.00946313054158, 'I_gpe': 1.6372832660365708, 'I_gpi': 2.3501885766422044, 'noise_stn_sigma': 5.611855764226406, 'noise_gpe_sigma': 137.8532074028706, 'noise_gpi_sigma': 83.95765312090685, 'g_stn_gpe_mult': 2.6234911075143956, 'g_gpe_stn_mult': 0.4672793342622463, 'g_stn_gpi_mult': 2.521061125794894, 'g_gpe_gpi_mult': 0.5557372663549971}. Best is trial 114 with value: 0.7660526910236299.
[I 2026-05-28 23:28:34,981] Trial 201 finished with value: 3.615128194839758 and parameters: {'ISTN': 66.62312787031357, 'I_gpe': 1.570147832857701, 'I_gpi': 2.0665040083181916, 'noise_stn_sigma': 6.207142139111147, 'noise_gpe_sigma': 114.50392312801712, 'noise_gpi_sigma': 104.31339553555797, 'g_stn_gpe_mult': 2.2874021974931154, 'g_gpe_stn_mult': 0.38022764710859536, 'g_stn_gpi_mult': 2.516314644203315, 'g_gpe_gpi_mult': 0.46958494780989884}. Best is trial 114 with value: 0.7660526910236299.
[I 2026-05-28 23:28:35,988] Trial 202 finished with value: 1.4619381055717768 and parameters: {'ISTN': 61.41933951094973, 'I_gpe': 1.3608894904328073, 'I_gpi': 2.332322968633858, 'noise_stn_sigma': 5.9289212678575955, 'noise_gpe_sigma': 113.57581895070275, 'noise_gpi_sigma': 108.61475116185204, 'g_stn_gpe_mult': 2.048965589193873, 'g_gpe_stn_mult': 0.5556199858876564, 'g_stn_gpi_mult': 2.295231954088915, 'g_gpe_gpi_mult': 0.466227522106839}. Best is trial 114 with value: 0.7660526910236299.
[I 2026-05-28 23:28:36,995] Trial 203 finished with value: 10.171936663263876 and parameters: {'ISTN': 83.6934030158567, 'I_gpe': 1.327150095394114, 'I_gpi': 2.512791506478113, 'noise_stn_sigma': 5.916135381873005, 'noise_gpe_sigma': 119.61008647339935, 'noise_gpi_sigma': 112.33959771433146, 'g_stn_gpe_mult': 2.539471032753646, 'g_gpe_stn_mult': 0.5418333895038437, 'g_stn_gpi_mult': 2.010274741229519, 'g_gpe_gpi_mult': 0.3225461270966372}. Best is trial 114 with value: 0.7660526910236299.
[I 2026-05-28 23:28:38,006] Trial 204 finished with value: 7.00135616743171 and parameters: {'ISTN': 70.81544098471014, 'I_gpe': 0.948565700732674, 'I_gpi': 2.296661144791928, 'noise_stn_sigma': 6.654492599585556, 'noise_gpe_sigma': 107.09127696556064, 'noise_gpi_sigma': 102.35174350495896, 'g_stn_gpe_mult': 1.8807606612988699, 'g_gpe_stn_mult': 0.46368104137373933, 'g_stn_gpi_mult': 1.6377860581272392, 'g_gpe_gpi_mult': 0.44387758727573234}. Best is trial 114 with value: 0.7660526910236299.
[I 2026-05-28 23:28:39,017] Trial 205 finished with value: 9.854661479702074 and parameters: {'ISTN': 74.27989864387719, 'I_gpe': 0.9522539526168909, 'I_gpi': 2.236417019101961, 'noise_stn_sigma': 6.59903537647654, 'noise_gpe_sigma': 110.22276585717059, 'noise_gpi_sigma': 96.49683134746236, 'g_stn_gpe_mult': 2.419095874143265, 'g_gpe_stn_mult': 0.5464853977063548, 'g_stn_gpi_mult': 2.524792168716056, 'g_gpe_gpi_mult': 0.3530860364623318}. Best is trial 114 with value: 0.7660526910236299.
[I 2026-05-28 23:28:40,025] Trial 206 finished with value: 9.783920074426357 and parameters: {'ISTN': 67.43109193674529, 'I_gpe': 1.581697150940164, 'I_gpi': 2.9543820647864534, 'noise_stn_sigma': 5.859255438380078, 'noise_gpe_sigma': 132.24182147144518, 'noise_gpi_sigma': 96.09234592368836, 'g_stn_gpe_mult': 2.471368805315419, 'g_gpe_stn_mult': 0.5013279634526071, 'g_stn_gpi_mult': 1.3252224978333071, 'g_gpe_gpi_mult': 0.3939637131015655}. Best is trial 114 with value: 0.7660526910236299.
[I 2026-05-28 23:28:41,031] Trial 207 finished with value: 10.769667414137967 and parameters: {'ISTN': 71.8430749069342, 'I_gpe': 0.8356287976204779, 'I_gpi': 2.493536533097722, 'noise_stn_sigma': 6.333260342560585, 'noise_gpe_sigma': 122.14872706190175, 'noise_gpi_sigma': 127.87421164551635, 'g_stn_gpe_mult': 2.0571003715509892, 'g_gpe_stn_mult': 0.400169764935571, 'g_stn_gpi_mult': 2.1196133041724368, 'g_gpe_gpi_mult': 0.2616585395377734}. Best is trial 114 with value: 0.7660526910236299.
[I 2026-05-28 23:28:42,040] Trial 208 finished with value: 7.151143745945319 and parameters: {'ISTN': 67.70337163184163, 'I_gpe': 1.4076944009210166, 'I_gpi': 2.404180721880527, 'noise_stn_sigma': 5.834934191068449, 'noise_gpe_sigma': 99.67962844595633, 'noise_gpi_sigma': 88.77570833730213, 'g_stn_gpe_mult': 2.801044384053639, 'g_gpe_stn_mult': 0.6038455517828941, 'g_stn_gpi_mult': 2.132905837954299, 'g_gpe_gpi_mult': 0.48600445365399264}. Best is trial 114 with value: 0.7660526910236299.
[I 2026-05-28 23:28:43,050] Trial 209 finished with value: 4.640690583171838 and parameters: {'ISTN': 65.87285666643193, 'I_gpe': 1.318849079766623, 'I_gpi': 2.5820233896297893, 'noise_stn_sigma': 5.640521962474823, 'noise_gpe_sigma': 121.47929448545837, 'noise_gpi_sigma': 111.17999849567195, 'g_stn_gpe_mult': 2.261361053215833, 'g_gpe_stn_mult': 0.45669070837094916, 'g_stn_gpi_mult': 2.265270131110633, 'g_gpe_gpi_mult': 0.4448757601124034}. Best is trial 114 with value: 0.7660526910236299.
[I 2026-05-28 23:28:44,056] Trial 210 finished with value: 11.789468209004426 and parameters: {'ISTN': 68.44862880945963, 'I_gpe': 1.073497628671456, 'I_gpi': 2.5652581266333, 'noise_stn_sigma': 6.794287811828615, 'noise_gpe_sigma': 131.73730508926644, 'noise_gpi_sigma': 88.2330171796607, 'g_stn_gpe_mult': 1.7543028144286827, 'g_gpe_stn_mult': 0.6054594958577258, 'g_stn_gpi_mult': 2.6192120553067304, 'g_gpe_gpi_mult': 0.3755108797461364}. Best is trial 114 with value: 0.7660526910236299.
[I 2026-05-28 23:28:45,064] Trial 211 finished with value: 10.811978147705796 and parameters: {'ISTN': 62.695259881674055, 'I_gpe': 1.575891355783436, 'I_gpi': 1.954460646626837, 'noise_stn_sigma': 5.831858789979166, 'noise_gpe_sigma': 131.4424002694549, 'noise_gpi_sigma': 123.07236524775378, 'g_stn_gpe_mult': 2.3222036372853054, 'g_gpe_stn_mult': 0.5008831195360807, 'g_stn_gpi_mult': 2.1087011338426187, 'g_gpe_gpi_mult': 0.47275458088234223}. Best is trial 114 with value: 0.7660526910236299.
[I 2026-05-28 23:28:46,073] Trial 212 finished with value: 8.367328379047619 and parameters: {'ISTN': 66.95573311793432, 'I_gpe': 1.4994952460693323, 'I_gpi': 2.350642597795468, 'noise_stn_sigma': 6.202628578372212, 'noise_gpe_sigma': 135.45134267313455, 'noise_gpi_sigma': 91.04705636304381, 'g_stn_gpe_mult': 2.6885284106719696, 'g_gpe_stn_mult': 0.6058108147184156, 'g_stn_gpi_mult': 2.261045086427546, 'g_gpe_gpi_mult': 0.4047617491613651}. Best is trial 114 with value: 0.7660526910236299.
[I 2026-05-28 23:28:47,080] Trial 213 finished with value: 4.917974259237681 and parameters: {'ISTN': 61.68606601303345, 'I_gpe': 1.5484335232133797, 'I_gpi': 2.119904099712199, 'noise_stn_sigma': 5.624309373779521, 'noise_gpe_sigma': 98.85227977504928, 'noise_gpi_sigma': 107.60159702890725, 'g_stn_gpe_mult': 2.433917430247237, 'g_gpe_stn_mult': 0.516151674770766, 'g_stn_gpi_mult': 2.3467323004469156, 'g_gpe_gpi_mult': 0.6195661129661127}. Best is trial 114 with value: 0.7660526910236299.
[I 2026-05-28 23:28:48,090] Trial 214 finished with value: 8.407868274923011 and parameters: {'ISTN': 80.13582584895464, 'I_gpe': 1.2609403522485239, 'I_gpi': 2.3280915868779726, 'noise_stn_sigma': 6.094125204801683, 'noise_gpe_sigma': 109.59924090815453, 'noise_gpi_sigma': 98.19162242835654, 'g_stn_gpe_mult': 1.9794509013675594, 'g_gpe_stn_mult': 0.41837558227070715, 'g_stn_gpi_mult': 2.3313457923806293, 'g_gpe_gpi_mult': 0.4418967468922685}. Best is trial 114 with value: 0.7660526910236299.
[I 2026-05-28 23:28:49,098] Trial 215 finished with value: 4.7222724575612745 and parameters: {'ISTN': 68.2973098521316, 'I_gpe': 1.3021491309002884, 'I_gpi': 2.7927630105647117, 'noise_stn_sigma': 6.858973142042974, 'noise_gpe_sigma': 119.9547355286255, 'noise_gpi_sigma': 121.41913276007271, 'g_stn_gpe_mult': 2.222415244817759, 'g_gpe_stn_mult': 0.49183839086926673, 'g_stn_gpi_mult': 2.1223852242057104, 'g_gpe_gpi_mult': 0.44172700940527365}. Best is trial 114 with value: 0.7660526910236299.
[I 2026-05-28 23:28:50,104] Trial 216 finished with value: 7.635124183632654 and parameters: {'ISTN': 68.24949033302295, 'I_gpe': 1.538300222824318, 'I_gpi': 2.1728269641659717, 'noise_stn_sigma': 6.927526577750132, 'noise_gpe_sigma': 126.83878404553226, 'noise_gpi_sigma': 100.84961549011021, 'g_stn_gpe_mult': 2.2672947831405605, 'g_gpe_stn_mult': 0.5181247181854914, 'g_stn_gpi_mult': 2.1124703921338748, 'g_gpe_gpi_mult': 0.4520967231294037}. Best is trial 114 with value: 0.7660526910236299.
[I 2026-05-28 23:28:51,108] Trial 217 finished with value: 3.549859146326286 and parameters: {'ISTN': 72.30981583090897, 'I_gpe': 1.554009232659482, 'I_gpi': 2.6436631327068603, 'noise_stn_sigma': 6.790188563065896, 'noise_gpe_sigma': 124.15140118136647, 'noise_gpi_sigma': 99.49606856494471, 'g_stn_gpe_mult': 1.9838846255569536, 'g_gpe_stn_mult': 0.43938975835893135, 'g_stn_gpi_mult': 1.7968027584098187, 'g_gpe_gpi_mult': 0.6012124042492542}. Best is trial 114 with value: 0.7660526910236299.
[I 2026-05-28 23:28:52,115] Trial 218 finished with value: 10.890556116863422 and parameters: {'ISTN': 66.77477431111733, 'I_gpe': 0.8574801134242558, 'I_gpi': 2.094136120498437, 'noise_stn_sigma': 5.292060170818228, 'noise_gpe_sigma': 113.5781539640674, 'noise_gpi_sigma': 112.43587135007847, 'g_stn_gpe_mult': 1.8216500990478297, 'g_gpe_stn_mult': 0.5134244112616173, 'g_stn_gpi_mult': 2.075710195730548, 'g_gpe_gpi_mult': 0.49643696151063366}. Best is trial 114 with value: 0.7660526910236299.
[I 2026-05-28 23:28:53,123] Trial 219 finished with value: 1.9610277666283424 and parameters: {'ISTN': 61.472493826920086, 'I_gpe': 1.5661817284381774, 'I_gpi': 2.2860804685043883, 'noise_stn_sigma': 7.049256669766634, 'noise_gpe_sigma': 111.1481141767602, 'noise_gpi_sigma': 99.7070190863404, 'g_stn_gpe_mult': 2.259250690647647, 'g_gpe_stn_mult': 0.4198995446313796, 'g_stn_gpi_mult': 2.2451787982881704, 'g_gpe_gpi_mult': 0.5917620948736435}. Best is trial 114 with value: 0.7660526910236299.
