[I 2026-05-28 23:55:26,901] Trial 792 finished with value: 0.15052744896841982 and parameters: {'ISTN': 60.77451553390596, 'I_gpe': 1.1240722012251134, 'I_gpi': 2.0302526685790436, 'noise_stn_sigma': 3.0872108798527207, 'noise_gpe_sigma': 98.88578049114213, 'noise_gpi_sigma': 82.6913916909614, 'g_stn_gpe_mult': 2.726506484838519, 'g_gpe_stn_mult': 0.15721663616897183, 'g_stn_gpi_mult': 1.9466632946464202, 'g_gpe_gpi_mult': 1.1149932309939545}. Best is trial 779 with value: 0.12442359496695499.
[I 2026-05-28 23:55:27,908] Trial 793 finished with value: 0.28481831624803283 and parameters: {'ISTN': 60.292596495072495, 'I_gpe': 1.310148048365672, 'I_gpi': 2.0178932450297644, 'noise_stn_sigma': 3.2697808665256956, 'noise_gpe_sigma': 97.38762019206484, 'noise_gpi_sigma': 88.69665449644869, 'g_stn_gpe_mult': 2.8388590274976195, 'g_gpe_stn_mult': 0.17271748703283274, 'g_stn_gpi_mult': 2.016017867052865, 'g_gpe_gpi_mult': 1.1621420709116228}. Best is trial 779 with value: 0.12442359496695499.
[I 2026-05-28 23:55:28,913] Trial 794 finished with value: 0.1384826614556602 and parameters: {'ISTN': 60.2215992069656, 'I_gpe': 1.3328633117121438, 'I_gpi': 1.9989599679685273, 'noise_stn_sigma': 3.147206071362956, 'noise_gpe_sigma': 95.85504725216192, 'noise_gpi_sigma': 86.55943234634206, 'g_stn_gpe_mult': 2.8040869175511123, 'g_gpe_stn_mult': 0.17179928194873947, 'g_stn_gpi_mult': 1.9353193329588194, 'g_gpe_gpi_mult': 1.0909754144404886}. Best is trial 779 with value: 0.12442359496695499.
[I 2026-05-28 23:55:29,919] Trial 795 finished with value: 0.14224453959939284 and parameters: {'ISTN': 61.68622560583481, 'I_gpe': 1.1897638941675819, 'I_gpi': 2.0666669735001566, 'noise_stn_sigma': 3.062844762099403, 'noise_gpe_sigma': 96.02513176108297, 'noise_gpi_sigma': 86.67881247684605, 'g_stn_gpe_mult': 2.728312734389749, 'g_gpe_stn_mult': 0.13897166981651077, 'g_stn_gpi_mult': 1.9241044460039758, 'g_gpe_gpi_mult': 1.1288737842357244}. Best is trial 779 with value: 0.12442359496695499.
[I 2026-05-28 23:55:30,927] Trial 796 finished with value: 0.12426752802654112 and parameters: {'ISTN': 60.56741489018546, 'I_gpe': 1.3086160839317051, 'I_gpi': 2.164819257888966, 'noise_stn_sigma': 3.298029924125541, 'noise_gpe_sigma': 91.95455995038358, 'noise_gpi_sigma': 88.35144824336759, 'g_stn_gpe_mult': 2.7292517731417734, 'g_gpe_stn_mult': 0.1634604985726753, 'g_stn_gpi_mult': 1.9806190467560412, 'g_gpe_gpi_mult': 1.161551958684217}. Best is trial 796 with value: 0.12426752802654112.
[I 2026-05-28 23:55:31,935] Trial 797 finished with value: 0.14362844595419838 and parameters: {'ISTN': 61.47967102835183, 'I_gpe': 1.2365481944500427, 'I_gpi': 2.1887103957753, 'noise_stn_sigma': 3.173561047295795, 'noise_gpe_sigma': 92.77934007661871, 'noise_gpi_sigma': 92.59697202091164, 'g_stn_gpe_mult': 2.738143984785056, 'g_gpe_stn_mult': 0.13859317457802026, 'g_stn_gpi_mult': 1.8656488688534087, 'g_gpe_gpi_mult': 1.1036876458847815}. Best is trial 796 with value: 0.12426752802654112.
[I 2026-05-28 23:55:32,943] Trial 798 finished with value: 0.14584069073389763 and parameters: {'ISTN': 61.03366819961765, 'I_gpe': 1.2264272027623049, 'I_gpi': 2.0551866335198534, 'noise_stn_sigma': 3.051666455877485, 'noise_gpe_sigma': 93.43428991694525, 'noise_gpi_sigma': 87.06140626360902, 'g_stn_gpe_mult': 2.741890842294862, 'g_gpe_stn_mult': 0.14070205040272765, 'g_stn_gpi_mult': 1.9165290644301696, 'g_gpe_gpi_mult': 1.1322162068389212}. Best is trial 796 with value: 0.12426752802654112.
[I 2026-05-28 23:55:33,948] Trial 799 finished with value: 0.4030968677758223 and parameters: {'ISTN': 60.52868875599183, 'I_gpe': 1.3621025832255738, 'I_gpi': 2.199918708787367, 'noise_stn_sigma': 3.0373699979034203, 'noise_gpe_sigma': 89.49944286025517, 'noise_gpi_sigma': 82.01446883697994, 'g_stn_gpe_mult': 2.7577906705617914, 'g_gpe_stn_mult': 0.14898778580344285, 'g_stn_gpi_mult': 1.8787075602282206, 'g_gpe_gpi_mult': 1.1426478805849274}. Best is trial 796 with value: 0.12426752802654112.
[I 2026-05-28 23:55:34,956] Trial 800 finished with value: 0.13051395361784043 and parameters: {'ISTN': 60.30451396425688, 'I_gpe': 1.1827683858823848, 'I_gpi': 2.1515494362138963, 'noise_stn_sigma': 2.713025991262713, 'noise_gpe_sigma': 100.13805278989572, 'noise_gpi_sigma': 89.22436578461338, 'g_stn_gpe_mult': 2.8071097924121506, 'g_gpe_stn_mult': 0.18551568986515055, 'g_stn_gpi_mult': 1.8750317012862885, 'g_gpe_gpi_mult': 1.158615453242326}. Best is trial 796 with value: 0.12426752802654112.
[I 2026-05-28 23:55:35,963] Trial 801 finished with value: 0.1361419517024016 and parameters: {'ISTN': 60.886359392987174, 'I_gpe': 1.288918189906648, 'I_gpi': 2.113885039489224, 'noise_stn_sigma': 3.2832155769782805, 'noise_gpe_sigma': 92.63815364504089, 'noise_gpi_sigma': 95.36183960689073, 'g_stn_gpe_mult': 2.7566514746639497, 'g_gpe_stn_mult': 0.1483505395777456, 'g_stn_gpi_mult': 1.8002883713399158, 'g_gpe_gpi_mult': 1.1500627463094708}. Best is trial 796 with value: 0.12426752802654112.
[I 2026-05-28 23:55:36,971] Trial 802 finished with value: 0.1318223629481493 and parameters: {'ISTN': 61.02589917756395, 'I_gpe': 1.1467694436708233, 'I_gpi': 2.1273240441388874, 'noise_stn_sigma': 3.1761637086390215, 'noise_gpe_sigma': 99.80861687020864, 'noise_gpi_sigma': 87.8720938850823, 'g_stn_gpe_mult': 2.809842596191677, 'g_gpe_stn_mult': 0.1613859784993445, 'g_stn_gpi_mult': 1.9054129911594033, 'g_gpe_gpi_mult': 1.1480335711873484}. Best is trial 796 with value: 0.12426752802654112.
[I 2026-05-28 23:55:37,977] Trial 803 finished with value: 0.14107814814788117 and parameters: {'ISTN': 60.6787937903568, 'I_gpe': 1.2649459955555478, 'I_gpi': 2.0298262013384485, 'noise_stn_sigma': 3.10609831475445, 'noise_gpe_sigma': 100.61391195967774, 'noise_gpi_sigma': 91.35703143639942, 'g_stn_gpe_mult': 2.954146198390924, 'g_gpe_stn_mult': 0.17530562007613149, 'g_stn_gpi_mult': 1.7823424948049122, 'g_gpe_gpi_mult': 1.1853143257510936}. Best is trial 796 with value: 0.12426752802654112.
[I 2026-05-28 23:55:38,983] Trial 804 finished with value: 0.14083654177421215 and parameters: {'ISTN': 61.733554908302025, 'I_gpe': 1.1451601068209958, 'I_gpi': 2.1059619453296925, 'noise_stn_sigma': 3.026444721974392, 'noise_gpe_sigma': 94.05149142784357, 'noise_gpi_sigma': 87.06715196125168, 'g_stn_gpe_mult': 2.868777918630067, 'g_gpe_stn_mult': 0.15667187203100075, 'g_stn_gpi_mult': 2.0677437815693294, 'g_gpe_gpi_mult': 1.1464094955087838}. Best is trial 796 with value: 0.12426752802654112.
[I 2026-05-28 23:55:39,988] Trial 805 finished with value: 0.1279433980675961 and parameters: {'ISTN': 60.910672637207284, 'I_gpe': 1.3086874070020624, 'I_gpi': 2.118384486200835, 'noise_stn_sigma': 3.2786336901208406, 'noise_gpe_sigma': 98.55039001534111, 'noise_gpi_sigma': 85.15984131356798, 'g_stn_gpe_mult': 2.939452418686024, 'g_gpe_stn_mult': 0.16137241386188472, 'g_stn_gpi_mult': 2.0806170696755, 'g_gpe_gpi_mult': 1.1512912336521566}. Best is trial 796 with value: 0.12426752802654112.
[I 2026-05-28 23:55:40,994] Trial 806 finished with value: 0.13270844435766777 and parameters: {'ISTN': 60.97705462184774, 'I_gpe': 1.3324109332910732, 'I_gpi': 2.077277634901659, 'noise_stn_sigma': 3.198550262864047, 'noise_gpe_sigma': 99.21746436858815, 'noise_gpi_sigma': 86.2486351683483, 'g_stn_gpe_mult': 2.778101505906357, 'g_gpe_stn_mult': 0.15372314052565988, 'g_stn_gpi_mult': 2.0301010816026657, 'g_gpe_gpi_mult': 1.1490556168648445}. Best is trial 796 with value: 0.12426752802654112.
[I 2026-05-28 23:55:42,001] Trial 807 finished with value: 0.1294576748359045 and parameters: {'ISTN': 60.48930360351257, 'I_gpe': 1.2598232119181607, 'I_gpi': 2.1300456606311577, 'noise_stn_sigma': 3.11500807713566, 'noise_gpe_sigma': 95.44525974800538, 'noise_gpi_sigma': 88.46936681424499, 'g_stn_gpe_mult': 2.705943680314185, 'g_gpe_stn_mult': 0.1705535943286913, 'g_stn_gpi_mult': 1.8750444601553855, 'g_gpe_gpi_mult': 1.122777867585896}. Best is trial 796 with value: 0.12426752802654112.
[I 2026-05-28 23:55:43,010] Trial 808 finished with value: 0.13156365430018346 and parameters: {'ISTN': 60.25762838602223, 'I_gpe': 1.260626390595335, 'I_gpi': 2.0402804002174495, 'noise_stn_sigma': 2.751832719419456, 'noise_gpe_sigma': 96.29976415807927, 'noise_gpi_sigma': 83.54628532058561, 'g_stn_gpe_mult': 2.833402471063272, 'g_gpe_stn_mult': 0.17327058153769193, 'g_stn_gpi_mult': 1.8284493244385516, 'g_gpe_gpi_mult': 1.172777087650072}. Best is trial 796 with value: 0.12426752802654112.
[I 2026-05-28 23:55:44,016] Trial 809 finished with value: 0.14121587941211483 and parameters: {'ISTN': 61.81555938373541, 'I_gpe': 1.3893214461672032, 'I_gpi': 2.1467648314925785, 'noise_stn_sigma': 3.167638587110928, 'noise_gpe_sigma': 93.73491028380705, 'noise_gpi_sigma': 85.68514043485077, 'g_stn_gpe_mult': 2.738448005282292, 'g_gpe_stn_mult': 0.16094399778730165, 'g_stn_gpi_mult': 1.7974860693815455, 'g_gpe_gpi_mult': 1.1509353329844396}. Best is trial 796 with value: 0.12426752802654112.
[I 2026-05-28 23:55:45,022] Trial 810 finished with value: 0.13435263160130956 and parameters: {'ISTN': 60.8065654674829, 'I_gpe': 1.2738725847904258, 'I_gpi': 2.1811507962637746, 'noise_stn_sigma': 3.087068378319594, 'noise_gpe_sigma': 92.52740143020789, 'noise_gpi_sigma': 84.02800009513656, 'g_stn_gpe_mult': 2.9141264859201863, 'g_gpe_stn_mult': 0.1693694481972593, 'g_stn_gpi_mult': 1.865553291734079, 'g_gpe_gpi_mult': 1.113988770256376}. Best is trial 796 with value: 0.12426752802654112.
[I 2026-05-28 23:55:46,031] Trial 811 finished with value: 0.12786795139037066 and parameters: {'ISTN': 60.62717178124587, 'I_gpe': 1.310235665321307, 'I_gpi': 2.0640093720805535, 'noise_stn_sigma': 2.795782338316596, 'noise_gpe_sigma': 96.58934965695835, 'noise_gpi_sigma': 90.53553167718493, 'g_stn_gpe_mult': 2.8558606855214466, 'g_gpe_stn_mult': 0.16018143191273995, 'g_stn_gpi_mult': 1.9617871154218678, 'g_gpe_gpi_mult': 1.1441948296360445}. Best is trial 796 with value: 0.12426752802654112.
[I 2026-05-28 23:55:47,039] Trial 812 finished with value: 1.2238394488446651 and parameters: {'ISTN': 60.84252261947908, 'I_gpe': 1.2603729145825835, 'I_gpi': 2.1516755423320655, 'noise_stn_sigma': 3.3069418176178837, 'noise_gpe_sigma': 95.6731482098334, 'noise_gpi_sigma': 78.68662640048584, 'g_stn_gpe_mult': 2.9423982050449933, 'g_gpe_stn_mult': 0.17201170964964257, 'g_stn_gpi_mult': 1.8790422132341678, 'g_gpe_gpi_mult': 1.106164876901964}. Best is trial 796 with value: 0.12426752802654112.
[I 2026-05-28 23:55:48,047] Trial 813 finished with value: 0.12688355709667826 and parameters: {'ISTN': 60.429831979718244, 'I_gpe': 1.385130686579343, 'I_gpi': 2.0903646254561643, 'noise_stn_sigma': 3.4248287926772822, 'noise_gpe_sigma': 98.80667737020549, 'noise_gpi_sigma': 88.03674621291127, 'g_stn_gpe_mult': 2.8186494240932873, 'g_gpe_stn_mult': 0.1528670533653287, 'g_stn_gpi_mult': 2.090851105284944, 'g_gpe_gpi_mult': 1.1657459721795123}. Best is trial 796 with value: 0.12426752802654112.
[I 2026-05-28 23:55:49,056] Trial 814 finished with value: 0.13355547952023555 and parameters: {'ISTN': 61.21858170190475, 'I_gpe': 1.3641812944419371, 'I_gpi': 2.117542452424386, 'noise_stn_sigma': 3.4606400927675187, 'noise_gpe_sigma': 98.95016414397395, 'noise_gpi_sigma': 85.52506128951677, 'g_stn_gpe_mult': 2.854966559787316, 'g_gpe_stn_mult': 0.14978574049484986, 'g_stn_gpi_mult': 1.9955850625185778, 'g_gpe_gpi_mult': 1.1410354617708596}. Best is trial 796 with value: 0.12426752802654112.
[I 2026-05-28 23:55:50,067] Trial 815 finished with value: 0.13453349770637546 and parameters: {'ISTN': 61.090808435322955, 'I_gpe': 1.2382157011700283, 'I_gpi': 2.1029868648245538, 'noise_stn_sigma': 3.217880867861653, 'noise_gpe_sigma': 98.28633989962393, 'noise_gpi_sigma': 85.68524530697407, 'g_stn_gpe_mult': 2.7181671812734858, 'g_gpe_stn_mult': 0.15660323745476706, 'g_stn_gpi_mult': 1.9418980778718573, 'g_gpe_gpi_mult': 1.1080962120788977}. Best is trial 796 with value: 0.12426752802654112.
[I 2026-05-28 23:55:51,078] Trial 816 finished with value: 0.1384331333647684 and parameters: {'ISTN': 61.24172236846772, 'I_gpe': 1.2849564836922365, 'I_gpi': 2.112797378188563, 'noise_stn_sigma': 3.390846816225862, 'noise_gpe_sigma': 92.68364895492721, 'noise_gpi_sigma': 90.50433921223878, 'g_stn_gpe_mult': 2.8658376015751217, 'g_gpe_stn_mult': 0.13219319469791813, 'g_stn_gpi_mult': 1.8837192543354728, 'g_gpe_gpi_mult': 1.1173805512672648}. Best is trial 796 with value: 0.12426752802654112.
[I 2026-05-28 23:55:52,085] Trial 817 finished with value: 0.32788077738553595 and parameters: {'ISTN': 61.38183084765903, 'I_gpe': 1.3294774804535874, 'I_gpi': 2.148556902069876, 'noise_stn_sigma': 3.159046498025374, 'noise_gpe_sigma': 95.6405249893815, 'noise_gpi_sigma': 81.84831285366488, 'g_stn_gpe_mult': 2.737074151085893, 'g_gpe_stn_mult': 0.15729713381368343, 'g_stn_gpi_mult': 1.9550612606655113, 'g_gpe_gpi_mult': 1.098400560755141}. Best is trial 796 with value: 0.12426752802654112.
[I 2026-05-28 23:55:53,093] Trial 818 finished with value: 0.1623752922178261 and parameters: {'ISTN': 62.04508783739584, 'I_gpe': 1.306952386386484, 'I_gpi': 2.226878538059437, 'noise_stn_sigma': 2.9068449696664063, 'noise_gpe_sigma': 97.42146464570838, 'noise_gpi_sigma': 91.90725806089092, 'g_stn_gpe_mult': 2.855894931394359, 'g_gpe_stn_mult': 0.1720782615349917, 'g_stn_gpi_mult': 1.981896518217081, 'g_gpe_gpi_mult': 1.1805407967562669}. Best is trial 796 with value: 0.12426752802654112.
[I 2026-05-28 23:55:54,098] Trial 819 finished with value: 0.1390234421821182 and parameters: {'ISTN': 61.707151752079994, 'I_gpe': 1.183852241257548, 'I_gpi': 2.0421580712623086, 'noise_stn_sigma': 3.048623471427278, 'noise_gpe_sigma': 99.38648313302261, 'noise_gpi_sigma': 81.14282457297858, 'g_stn_gpe_mult': 2.7839476222253765, 'g_gpe_stn_mult': 0.1553717217187427, 'g_stn_gpi_mult': 1.9215809352790718, 'g_gpe_gpi_mult': 1.1313382940660084}. Best is trial 796 with value: 0.12426752802654112.
[I 2026-05-28 23:55:55,104] Trial 820 finished with value: 0.13255785988714167 and parameters: {'ISTN': 60.66873370032288, 'I_gpe': 1.3517875635212722, 'I_gpi': 2.096481450859889, 'noise_stn_sigma': 3.3756367882510485, 'noise_gpe_sigma': 96.91654661928794, 'noise_gpi_sigma': 90.61847107042934, 'g_stn_gpe_mult': 2.936336363299599, 'g_gpe_stn_mult': 0.15404140762823276, 'g_stn_gpi_mult': 1.955787008232845, 'g_gpe_gpi_mult': 1.1726895507623416}. Best is trial 796 with value: 0.12426752802654112.
[I 2026-05-28 23:55:56,111] Trial 821 finished with value: 0.1347435770896129 and parameters: {'ISTN': 61.02798152990448, 'I_gpe': 1.332705790060919, 'I_gpi': 2.0278518690776117, 'noise_stn_sigma': 3.187439043972967, 'noise_gpe_sigma': 97.62858021859385, 'noise_gpi_sigma': 85.73673059147431, 'g_stn_gpe_mult': 2.8303235218674843, 'g_gpe_stn_mult': 0.15333174268191993, 'g_stn_gpi_mult': 2.1135060088630873, 'g_gpe_gpi_mult': 1.130444406777771}. Best is trial 796 with value: 0.12426752802654112.
[I 2026-05-28 23:55:57,119] Trial 822 finished with value: 0.13319043959265583 and parameters: {'ISTN': 61.08663748012779, 'I_gpe': 1.4525722932929561, 'I_gpi': 2.1132298783261323, 'noise_stn_sigma': 3.135624384900749, 'noise_gpe_sigma': 92.4240506982512, 'noise_gpi_sigma': 86.293357772724, 'g_stn_gpe_mult': 2.8245408127101954, 'g_gpe_stn_mult': 0.14495226796359922, 'g_stn_gpi_mult': 2.0589006440353925, 'g_gpe_gpi_mult': 1.1628884753851916}. Best is trial 796 with value: 0.12426752802654112.
[I 2026-05-28 23:55:58,127] Trial 823 finished with value: 0.14817868165596276 and parameters: {'ISTN': 61.57177325944894, 'I_gpe': 1.3381140765356219, 'I_gpi': 2.012211552666817, 'noise_stn_sigma': 3.3615997004371945, 'noise_gpe_sigma': 98.83826483809236, 'noise_gpi_sigma': 94.00231143942509, 'g_stn_gpe_mult': 2.8741991547875867, 'g_gpe_stn_mult': 0.15349892816000774, 'g_stn_gpi_mult': 2.0674451507217046, 'g_gpe_gpi_mult': 1.15663559595698}. Best is trial 796 with value: 0.12426752802654112.
[I 2026-05-28 23:55:59,133] Trial 824 finished with value: 0.42252159869502737 and parameters: {'ISTN': 60.90885526871722, 'I_gpe': 1.293428215291369, 'I_gpi': 2.1762647178726664, 'noise_stn_sigma': 3.3723241711429415, 'noise_gpe_sigma': 92.16206582373769, 'noise_gpi_sigma': 87.07460672872544, 'g_stn_gpe_mult': 2.866144630036433, 'g_gpe_stn_mult': 0.16746170310083908, 'g_stn_gpi_mult': 2.0698427026382253, 'g_gpe_gpi_mult': 1.1439228697125008}. Best is trial 796 with value: 0.12426752802654112.
[I 2026-05-28 23:56:00,140] Trial 825 finished with value: 0.1330253688544089 and parameters: {'ISTN': 60.523740724296985, 'I_gpe': 1.2411206992132773, 'I_gpi': 2.0707748581958256, 'noise_stn_sigma': 3.095105622541156, 'noise_gpe_sigma': 92.52137874968693, 'noise_gpi_sigma': 89.92391961306471, 'g_stn_gpe_mult': 2.7748559506517543, 'g_gpe_stn_mult': 0.16196895482933155, 'g_stn_gpi_mult': 2.0080907082630226, 'g_gpe_gpi_mult': 1.1319672618413896}. Best is trial 796 with value: 0.12426752802654112.
[I 2026-05-28 23:56:01,148] Trial 826 finished with value: 0.13799119187279058 and parameters: {'ISTN': 61.754828767835164, 'I_gpe': 1.3386362112125458, 'I_gpi': 2.1242696651158153, 'noise_stn_sigma': 3.1293442093251223, 'noise_gpe_sigma': 96.37196354915879, 'noise_gpi_sigma': 84.82393219062392, 'g_stn_gpe_mult': 2.8241903816908893, 'g_gpe_stn_mult': 0.12959661638585243, 'g_stn_gpi_mult': 2.0388210095262504, 'g_gpe_gpi_mult': 1.1812468430104308}. Best is trial 796 with value: 0.12426752802654112.
[I 2026-05-28 23:56:02,154] Trial 827 finished with value: 0.1338758321669489 and parameters: {'ISTN': 60.15551752478622, 'I_gpe': 1.2386916974719098, 'I_gpi': 2.0665699623353486, 'noise_stn_sigma': 3.3602213582369793, 'noise_gpe_sigma': 102.76264250994687, 'noise_gpi_sigma': 89.28163669180935, 'g_stn_gpe_mult': 2.97507344231477, 'g_gpe_stn_mult': 0.15899905802627867, 'g_stn_gpi_mult': 1.9628685795912224, 'g_gpe_gpi_mult': 1.1941963060742724}. Best is trial 796 with value: 0.12426752802654112.
[I 2026-05-28 23:56:03,161] Trial 828 finished with value: 0.13697973427789095 and parameters: {'ISTN': 61.35281214933578, 'I_gpe': 1.406034400737046, 'I_gpi': 2.0988536291866913, 'noise_stn_sigma': 3.3225794629183514, 'noise_gpe_sigma': 100.74159561927945, 'noise_gpi_sigma': 88.62997701800671, 'g_stn_gpe_mult': 2.88736694621653, 'g_gpe_stn_mult': 0.1366977372028788, 'g_stn_gpi_mult': 2.066147026545658, 'g_gpe_gpi_mult': 1.1881144409820992}. Best is trial 796 with value: 0.12426752802654112.
[I 2026-05-28 23:56:04,170] Trial 829 finished with value: 0.14872424849702165 and parameters: {'ISTN': 60.86718506995534, 'I_gpe': 1.424663288226538, 'I_gpi': 2.0756140149312725, 'noise_stn_sigma': 3.4070718612228568, 'noise_gpe_sigma': 98.28339828572713, 'noise_gpi_sigma': 93.16724422704225, 'g_stn_gpe_mult': 2.9552758483036916, 'g_gpe_stn_mult': 0.12534363106576896, 'g_stn_gpi_mult': 1.9963409672345112, 'g_gpe_gpi_mult': 1.185966861931923}. Best is trial 796 with value: 0.12426752802654112.
[I 2026-05-28 23:56:05,177] Trial 830 finished with value: 0.12662435631107932 and parameters: {'ISTN': 60.5776014910906, 'I_gpe': 1.3714140320854291, 'I_gpi': 2.111215087042387, 'noise_stn_sigma': 3.321552723898417, 'noise_gpe_sigma': 96.17564737889582, 'noise_gpi_sigma': 89.51329624266266, 'g_stn_gpe_mult': 2.8414252600899372, 'g_gpe_stn_mult': 0.15430031248848902, 'g_stn_gpi_mult': 1.9937481018109595, 'g_gpe_gpi_mult': 1.171103428926183}. Best is trial 796 with value: 0.12426752802654112.
[I 2026-05-28 23:56:06,185] Trial 831 finished with value: 0.1365879057561628 and parameters: {'ISTN': 60.563772387477556, 'I_gpe': 1.383733146804987, 'I_gpi': 2.1492390961565717, 'noise_stn_sigma': 3.3260302670607915, 'noise_gpe_sigma': 93.39203418698122, 'noise_gpi_sigma': 89.89029621773254, 'g_stn_gpe_mult': 2.697731763736806, 'g_gpe_stn_mult': 0.14512655542485683, 'g_stn_gpi_mult': 2.0105573941780146, 'g_gpe_gpi_mult': 1.1340694252304822}. Best is trial 796 with value: 0.12426752802654112.
[I 2026-05-28 23:56:07,192] Trial 832 finished with value: 0.12661019321974948 and parameters: {'ISTN': 60.499259292856465, 'I_gpe': 1.307616938586575, 'I_gpi': 2.165180233477025, 'noise_stn_sigma': 3.047539020864306, 'noise_gpe_sigma': 93.24508607385103, 'noise_gpi_sigma': 95.176304582662, 'g_stn_gpe_mult': 2.7221080184605766, 'g_gpe_stn_mult': 0.15722575116470544, 'g_stn_gpi_mult': 2.001858280802794, 'g_gpe_gpi_mult': 1.1786979865154403}. Best is trial 796 with value: 0.12426752802654112.
[I 2026-05-28 23:56:08,200] Trial 833 finished with value: 0.15247934102888022 and parameters: {'ISTN': 61.22883631373531, 'I_gpe': 1.4224075855349934, 'I_gpi': 2.026692725018557, 'noise_stn_sigma': 3.174683598464038, 'noise_gpe_sigma': 92.31824905800978, 'noise_gpi_sigma': 94.10235760460822, 'g_stn_gpe_mult': 2.7613605916269393, 'g_gpe_stn_mult': 0.14698756230459023, 'g_stn_gpi_mult': 1.9631041379629912, 'g_gpe_gpi_mult': 1.1913066856176118}. Best is trial 796 with value: 0.12426752802654112.
[I 2026-05-28 23:56:09,206] Trial 834 finished with value: 0.13567886276127722 and parameters: {'ISTN': 61.65684383725318, 'I_gpe': 1.3826788229132299, 'I_gpi': 2.126722063828124, 'noise_stn_sigma': 2.963630485917795, 'noise_gpe_sigma': 91.7556740294034, 'noise_gpi_sigma': 85.56465173336635, 'g_stn_gpe_mult': 2.707502280386726, 'g_gpe_stn_mult': 0.1467626007252576, 'g_stn_gpi_mult': 2.0328796828824673, 'g_gpe_gpi_mult': 1.141224890552847}. Best is trial 796 with value: 0.12426752802654112.
[I 2026-05-28 23:56:10,213] Trial 835 finished with value: 0.1323888940412939 and parameters: {'ISTN': 61.165455671742684, 'I_gpe': 1.3162962581870439, 'I_gpi': 2.087385318400973, 'noise_stn_sigma': 3.342774344015366, 'noise_gpe_sigma': 93.77402905140288, 'noise_gpi_sigma': 89.3540533162262, 'g_stn_gpe_mult': 2.812927215988105, 'g_gpe_stn_mult': 0.1494990165728376, 'g_stn_gpi_mult': 1.941870869600217, 'g_gpe_gpi_mult': 1.148989386459271}. Best is trial 796 with value: 0.12426752802654112.
