[I 2026-05-28 23:50:17,036] Trial 484 finished with value: 0.1633637002489303 and parameters: {'ISTN': 60.18245688696907, 'I_gpe': 1.4991912737429351, 'I_gpi': 2.357290101189026, 'noise_stn_sigma': 3.6949819383898217, 'noise_gpe_sigma': 88.76472108098923, 'noise_gpi_sigma': 101.070215733098, 'g_stn_gpe_mult': 2.1953659447284166, 'g_gpe_stn_mult': 0.11254688398751364, 'g_stn_gpi_mult': 2.1889834563051025, 'g_gpe_gpi_mult': 0.9726018824142006}. Best is trial 462 with value: 0.14343844675956713.
[I 2026-05-28 23:50:18,044] Trial 485 finished with value: 0.1618482535911553 and parameters: {'ISTN': 62.03696981433751, 'I_gpe': 1.3312449623140428, 'I_gpi': 2.3487715383667185, 'noise_stn_sigma': 3.551298392417514, 'noise_gpe_sigma': 93.78126177811187, 'noise_gpi_sigma': 90.18713223444597, 'g_stn_gpe_mult': 2.212359022782725, 'g_gpe_stn_mult': 0.12665585476693136, 'g_stn_gpi_mult': 2.1824720833944307, 'g_gpe_gpi_mult': 0.9259846259139375}. Best is trial 462 with value: 0.14343844675956713.
[I 2026-05-28 23:50:19,051] Trial 486 finished with value: 0.21744205853747767 and parameters: {'ISTN': 63.4904427546278, 'I_gpe': 1.131578336314882, 'I_gpi': 2.019000950787004, 'noise_stn_sigma': 3.4328678475302117, 'noise_gpe_sigma': 99.16938394986433, 'noise_gpi_sigma': 89.8087394564213, 'g_stn_gpe_mult': 2.403814434196438, 'g_gpe_stn_mult': 0.11224493045572045, 'g_stn_gpi_mult': 1.9459451145983202, 'g_gpe_gpi_mult': 0.913983036709892}. Best is trial 462 with value: 0.14343844675956713.
[I 2026-05-28 23:50:20,057] Trial 487 finished with value: 0.1641940887355171 and parameters: {'ISTN': 61.6438723774775, 'I_gpe': 1.5116678729155497, 'I_gpi': 2.1035402595754653, 'noise_stn_sigma': 3.922511189983109, 'noise_gpe_sigma': 92.90295492712596, 'noise_gpi_sigma': 109.91266519907062, 'g_stn_gpe_mult': 2.363275636987306, 'g_gpe_stn_mult': 0.11273253996040675, 'g_stn_gpi_mult': 1.9452894132767273, 'g_gpe_gpi_mult': 0.8609116239592558}. Best is trial 462 with value: 0.14343844675956713.
[I 2026-05-28 23:50:21,064] Trial 488 finished with value: 3.38391275153084 and parameters: {'ISTN': 62.50405564589986, 'I_gpe': 1.5379984603928123, 'I_gpi': 2.4765339129911204, 'noise_stn_sigma': 3.699972997022827, 'noise_gpe_sigma': 98.07691356431141, 'noise_gpi_sigma': 99.65913908547695, 'g_stn_gpe_mult': 2.5088872018568087, 'g_gpe_stn_mult': 0.15024775995996628, 'g_stn_gpi_mult': 2.162607446504659, 'g_gpe_gpi_mult': 1.0372513546636986}. Best is trial 462 with value: 0.14343844675956713.
[I 2026-05-28 23:50:22,074] Trial 489 finished with value: 0.15445164503434355 and parameters: {'ISTN': 63.174330269281995, 'I_gpe': 1.443943205443759, 'I_gpi': 2.2125436920297608, 'noise_stn_sigma': 3.6790785333096943, 'noise_gpe_sigma': 96.08424684251234, 'noise_gpi_sigma': 91.85479449029623, 'g_stn_gpe_mult': 2.341624217865763, 'g_gpe_stn_mult': 0.11183042338221871, 'g_stn_gpi_mult': 2.1564813236105462, 'g_gpe_gpi_mult': 0.9718459345988875}. Best is trial 462 with value: 0.14343844675956713.
[I 2026-05-28 23:50:23,080] Trial 490 finished with value: 0.15907734229029113 and parameters: {'ISTN': 60.663162769903145, 'I_gpe': 1.4905797576315445, 'I_gpi': 2.272089231215902, 'noise_stn_sigma': 3.752213449658487, 'noise_gpe_sigma': 91.71582255896176, 'noise_gpi_sigma': 105.15981051897559, 'g_stn_gpe_mult': 2.4976751210530295, 'g_gpe_stn_mult': 0.11589567278904164, 'g_stn_gpi_mult': 1.9093651168564456, 'g_gpe_gpi_mult': 0.9788720882897448}. Best is trial 462 with value: 0.14343844675956713.
[I 2026-05-28 23:50:24,086] Trial 491 finished with value: 0.3053157576961805 and parameters: {'ISTN': 63.324135130645224, 'I_gpe': 1.414050352089475, 'I_gpi': 2.341688935402159, 'noise_stn_sigma': 3.4564444337520417, 'noise_gpe_sigma': 93.40353490898445, 'noise_gpi_sigma': 98.30591829334305, 'g_stn_gpe_mult': 2.273849685152711, 'g_gpe_stn_mult': 0.1281756304605414, 'g_stn_gpi_mult': 2.057452038465126, 'g_gpe_gpi_mult': 0.9746093177215178}. Best is trial 462 with value: 0.14343844675956713.
[I 2026-05-28 23:50:25,092] Trial 492 finished with value: 0.1636263572165329 and parameters: {'ISTN': 63.16234255613937, 'I_gpe': 1.4176972076069598, 'I_gpi': 2.3231030866165745, 'noise_stn_sigma': 3.4005949222831804, 'noise_gpe_sigma': 99.05206320415341, 'noise_gpi_sigma': 103.25363908983452, 'g_stn_gpe_mult': 2.5658329940656004, 'g_gpe_stn_mult': 0.10170570114009389, 'g_stn_gpi_mult': 2.051060401875615, 'g_gpe_gpi_mult': 0.9676424397232526}. Best is trial 462 with value: 0.14343844675956713.
[I 2026-05-28 23:50:26,098] Trial 493 finished with value: 0.14505272369417657 and parameters: {'ISTN': 60.858549523115165, 'I_gpe': 1.4128567637183136, 'I_gpi': 2.156603274276096, 'noise_stn_sigma': 3.1908309287915677, 'noise_gpe_sigma': 94.1615433320366, 'noise_gpi_sigma': 98.48954332015151, 'g_stn_gpe_mult': 2.1501591331752423, 'g_gpe_stn_mult': 0.10522717350112912, 'g_stn_gpi_mult': 2.1357157644610156, 'g_gpe_gpi_mult': 1.011566655503582}. Best is trial 462 with value: 0.14343844675956713.
[I 2026-05-28 23:50:27,104] Trial 494 finished with value: 1.518492545358354 and parameters: {'ISTN': 63.36041309473833, 'I_gpe': 1.4270831622041549, 'I_gpi': 2.2603434923077907, 'noise_stn_sigma': 3.65686530511022, 'noise_gpe_sigma': 99.65981937427034, 'noise_gpi_sigma': 96.2068338051207, 'g_stn_gpe_mult': 2.4081529704988953, 'g_gpe_stn_mult': 0.12164034487332326, 'g_stn_gpi_mult': 2.087374523265518, 'g_gpe_gpi_mult': 1.0707679235734215}. Best is trial 462 with value: 0.14343844675956713.
[I 2026-05-28 23:50:28,107] Trial 495 finished with value: 0.1627207656791947 and parameters: {'ISTN': 63.54907780312592, 'I_gpe': 1.2497312204500672, 'I_gpi': 2.0743376666775593, 'noise_stn_sigma': 3.6404667868542258, 'noise_gpe_sigma': 99.35638712790929, 'noise_gpi_sigma': 97.95805589188994, 'g_stn_gpe_mult': 2.350269970406414, 'g_gpe_stn_mult': 0.11722564161928872, 'g_stn_gpi_mult': 2.0292605665334413, 'g_gpe_gpi_mult': 0.991753465885842}. Best is trial 462 with value: 0.14343844675956713.
[I 2026-05-28 23:50:29,113] Trial 496 finished with value: 6.808751471901389 and parameters: {'ISTN': 63.58358881548799, 'I_gpe': 1.476239972559981, 'I_gpi': 2.2069034780993904, 'noise_stn_sigma': 3.601955495684785, 'noise_gpe_sigma': 98.77830775019538, 'noise_gpi_sigma': 98.2709286630723, 'g_stn_gpe_mult': 2.131724874231643, 'g_gpe_stn_mult': 0.12807488152550892, 'g_stn_gpi_mult': 2.2168965782342838, 'g_gpe_gpi_mult': 1.0050860484357194}. Best is trial 462 with value: 0.14343844675956713.
[I 2026-05-28 23:50:30,117] Trial 497 finished with value: 0.5090318057467357 and parameters: {'ISTN': 64.29573625837686, 'I_gpe': 1.4297710499981573, 'I_gpi': 2.210951113035592, 'noise_stn_sigma': 4.047515207953518, 'noise_gpe_sigma': 97.51390214402073, 'noise_gpi_sigma': 95.42432412194563, 'g_stn_gpe_mult': 2.2857754407712125, 'g_gpe_stn_mult': 0.12903003017939532, 'g_stn_gpi_mult': 1.7375014153561186, 'g_gpe_gpi_mult': 0.8854695276059739}. Best is trial 462 with value: 0.14343844675956713.
[I 2026-05-28 23:50:31,122] Trial 498 finished with value: 2.6323308971294854 and parameters: {'ISTN': 64.30903751959664, 'I_gpe': 1.3428990399694645, 'I_gpi': 2.251765390428563, 'noise_stn_sigma': 3.959568902428676, 'noise_gpe_sigma': 96.72002586782719, 'noise_gpi_sigma': 95.4765558307831, 'g_stn_gpe_mult': 2.5070114437353586, 'g_gpe_stn_mult': 0.11540873041800727, 'g_stn_gpi_mult': 2.0069029727857335, 'g_gpe_gpi_mult': 0.9532950651342111}. Best is trial 462 with value: 0.14343844675956713.
[I 2026-05-28 23:50:32,128] Trial 499 finished with value: 4.037269623466077 and parameters: {'ISTN': 63.23819762472887, 'I_gpe': 1.4485212712809312, 'I_gpi': 2.2839323410815666, 'noise_stn_sigma': 3.7377269840746172, 'noise_gpe_sigma': 99.34798088056557, 'noise_gpi_sigma': 102.38630338254919, 'g_stn_gpe_mult': 2.3858354816753415, 'g_gpe_stn_mult': 0.1450334173313471, 'g_stn_gpi_mult': 2.0757159195580415, 'g_gpe_gpi_mult': 0.9437369006416336}. Best is trial 462 with value: 0.14343844675956713.
[I 2026-05-28 23:50:33,136] Trial 500 finished with value: 0.49850091931225626 and parameters: {'ISTN': 64.18688036153429, 'I_gpe': 1.4248644462039348, 'I_gpi': 2.1112636703076104, 'noise_stn_sigma': 3.646640328233297, 'noise_gpe_sigma': 95.98942469413544, 'noise_gpi_sigma': 95.31922642983758, 'g_stn_gpe_mult': 2.30003914446067, 'g_gpe_stn_mult': 0.11270428005829647, 'g_stn_gpi_mult': 2.0912683647393098, 'g_gpe_gpi_mult': 1.0253887634326637}. Best is trial 462 with value: 0.14343844675956713.
[I 2026-05-28 23:50:34,143] Trial 501 finished with value: 1.180372396140438 and parameters: {'ISTN': 64.44216557398794, 'I_gpe': 1.2503486509130577, 'I_gpi': 2.092985816470371, 'noise_stn_sigma': 3.4400747394042126, 'noise_gpe_sigma': 97.16838468003573, 'noise_gpi_sigma': 103.65104260557722, 'g_stn_gpe_mult': 2.0921445791546693, 'g_gpe_stn_mult': 0.11938071752029916, 'g_stn_gpi_mult': 2.0570442332744374, 'g_gpe_gpi_mult': 0.9810277647156125}. Best is trial 462 with value: 0.14343844675956713.
[I 2026-05-28 23:50:35,149] Trial 502 finished with value: 0.16435564271799719 and parameters: {'ISTN': 61.47317698270999, 'I_gpe': 1.3180444322435823, 'I_gpi': 2.341439652968649, 'noise_stn_sigma': 3.8743879362570284, 'noise_gpe_sigma': 86.86436438245106, 'noise_gpi_sigma': 99.51593666901594, 'g_stn_gpe_mult': 2.3434085619284417, 'g_gpe_stn_mult': 0.117782449909158, 'g_stn_gpi_mult': 2.257502298989304, 'g_gpe_gpi_mult': 0.9192722344590138}. Best is trial 462 with value: 0.14343844675956713.
[I 2026-05-28 23:50:36,156] Trial 503 finished with value: 0.15620958109090438 and parameters: {'ISTN': 61.429037510166374, 'I_gpe': 1.4993415776425738, 'I_gpi': 2.0952360549934617, 'noise_stn_sigma': 2.9645346623385187, 'noise_gpe_sigma': 103.3504554275237, 'noise_gpi_sigma': 97.83871670685899, 'g_stn_gpe_mult': 2.601087372252899, 'g_gpe_stn_mult': 0.12124312312576488, 'g_stn_gpi_mult': 2.063138871793825, 'g_gpe_gpi_mult': 1.0762837517814758}. Best is trial 462 with value: 0.14343844675956713.
[I 2026-05-28 23:50:37,159] Trial 504 finished with value: 1.0390901777578603 and parameters: {'ISTN': 63.15698861607989, 'I_gpe': 1.4490731252640179, 'I_gpi': 2.1376932737415753, 'noise_stn_sigma': 3.0513007343204426, 'noise_gpe_sigma': 100.87329867612881, 'noise_gpi_sigma': 88.73422268582244, 'g_stn_gpe_mult': 2.2356842696451276, 'g_gpe_stn_mult': 0.12291002615346643, 'g_stn_gpi_mult': 2.190413317998181, 'g_gpe_gpi_mult': 1.021635453084636}. Best is trial 462 with value: 0.14343844675956713.
[I 2026-05-28 23:50:38,164] Trial 505 finished with value: 0.15794240283225516 and parameters: {'ISTN': 62.83921119651794, 'I_gpe': 1.4661771982318195, 'I_gpi': 2.2743244335805266, 'noise_stn_sigma': 3.3467680091446326, 'noise_gpe_sigma': 100.40902238409095, 'noise_gpi_sigma': 94.28587673263684, 'g_stn_gpe_mult': 2.1804831786178913, 'g_gpe_stn_mult': 0.11636421749446174, 'g_stn_gpi_mult': 2.226902321484448, 'g_gpe_gpi_mult': 1.0075378173242506}. Best is trial 462 with value: 0.14343844675956713.
[I 2026-05-28 23:50:39,170] Trial 506 finished with value: 0.2507636757420878 and parameters: {'ISTN': 65.0460283631051, 'I_gpe': 1.3881284804644545, 'I_gpi': 2.164616098979101, 'noise_stn_sigma': 3.5040300138531806, 'noise_gpe_sigma': 101.01542547388323, 'noise_gpi_sigma': 88.55498480809325, 'g_stn_gpe_mult': 2.2916387063703105, 'g_gpe_stn_mult': 0.11869816484967902, 'g_stn_gpi_mult': 2.1313049200354524, 'g_gpe_gpi_mult': 1.0084466182760334}. Best is trial 462 with value: 0.14343844675956713.
[I 2026-05-28 23:50:40,176] Trial 507 finished with value: 0.15375053756054805 and parameters: {'ISTN': 61.126420848630595, 'I_gpe': 1.3764721086368228, 'I_gpi': 2.113204295511964, 'noise_stn_sigma': 2.99000003668486, 'noise_gpe_sigma': 99.72408732382462, 'noise_gpi_sigma': 104.7803897118056, 'g_stn_gpe_mult': 2.3822815471464125, 'g_gpe_stn_mult': 0.13382398526951506, 'g_stn_gpi_mult': 1.8889782677017868, 'g_gpe_gpi_mult': 1.0410486550206428}. Best is trial 462 with value: 0.14343844675956713.
[I 2026-05-28 23:50:41,183] Trial 508 finished with value: 1.3362108954433058 and parameters: {'ISTN': 64.20577312168685, 'I_gpe': 1.2897943796776108, 'I_gpi': 2.3238447164331357, 'noise_stn_sigma': 3.5572826837997, 'noise_gpe_sigma': 95.57699674896702, 'noise_gpi_sigma': 101.12245472802468, 'g_stn_gpe_mult': 2.3181723000955925, 'g_gpe_stn_mult': 0.11444594456071447, 'g_stn_gpi_mult': 2.1941003174910128, 'g_gpe_gpi_mult': 1.0047335326907567}. Best is trial 462 with value: 0.14343844675956713.
[I 2026-05-28 23:50:42,188] Trial 509 finished with value: 2.3046704059699636 and parameters: {'ISTN': 63.28076109663753, 'I_gpe': 1.4426688936093022, 'I_gpi': 2.0155414951502557, 'noise_stn_sigma': 3.095825087442698, 'noise_gpe_sigma': 101.32377330510384, 'noise_gpi_sigma': 94.74684067238813, 'g_stn_gpe_mult': 2.279528188531778, 'g_gpe_stn_mult': 0.12989185711880463, 'g_stn_gpi_mult': 2.245325681000317, 'g_gpe_gpi_mult': 1.007989933857168}. Best is trial 462 with value: 0.14343844675956713.
[I 2026-05-28 23:50:43,195] Trial 510 finished with value: 0.15093406519090866 and parameters: {'ISTN': 61.56902779271302, 'I_gpe': 1.3799728461872696, 'I_gpi': 2.126606915543314, 'noise_stn_sigma': 3.745578158760165, 'noise_gpe_sigma': 99.23740451135724, 'noise_gpi_sigma': 104.52674306722716, 'g_stn_gpe_mult': 2.291897206038293, 'g_gpe_stn_mult': 0.12137721888146105, 'g_stn_gpi_mult': 1.997572873901743, 'g_gpe_gpi_mult': 0.974019071569479}. Best is trial 462 with value: 0.14343844675956713.
[I 2026-05-28 23:50:44,202] Trial 511 finished with value: 4.0293087500910705 and parameters: {'ISTN': 61.85513860952901, 'I_gpe': 1.3679193924444895, 'I_gpi': 2.0792470259060294, 'noise_stn_sigma': 3.5172458792186454, 'noise_gpe_sigma': 100.65141904138179, 'noise_gpi_sigma': 98.16421107244282, 'g_stn_gpe_mult': 2.3106086513637725, 'g_gpe_stn_mult': 0.1474620829460952, 'g_stn_gpi_mult': 1.9663951216838467, 'g_gpe_gpi_mult': 1.0296685055267831}. Best is trial 462 with value: 0.14343844675956713.
[I 2026-05-28 23:50:45,206] Trial 512 finished with value: 0.16053260569211622 and parameters: {'ISTN': 61.7790389545199, 'I_gpe': 1.2705583901871957, 'I_gpi': 2.137090533488484, 'noise_stn_sigma': 3.391187766839455, 'noise_gpe_sigma': 102.07700975242167, 'noise_gpi_sigma': 104.50662587413558, 'g_stn_gpe_mult': 2.4604774055258907, 'g_gpe_stn_mult': 0.10721663932987058, 'g_stn_gpi_mult': 1.7701829286710677, 'g_gpe_gpi_mult': 0.9579659284344566}. Best is trial 462 with value: 0.14343844675956713.
[I 2026-05-28 23:50:46,213] Trial 513 finished with value: 0.19012918422709302 and parameters: {'ISTN': 61.81717415838729, 'I_gpe': 1.652106258146102, 'I_gpi': 2.207655969204789, 'noise_stn_sigma': 3.2379227206251846, 'noise_gpe_sigma': 96.87535859317637, 'noise_gpi_sigma': 107.8577572392909, 'g_stn_gpe_mult': 2.442576663740117, 'g_gpe_stn_mult': 0.11409731459973639, 'g_stn_gpi_mult': 1.946463826981688, 'g_gpe_gpi_mult': 1.0259624259871127}. Best is trial 462 with value: 0.14343844675956713.
[I 2026-05-28 23:50:47,219] Trial 514 finished with value: 0.23279598270483148 and parameters: {'ISTN': 60.51821904248339, 'I_gpe': 1.4155447120340816, 'I_gpi': 2.058164310458392, 'noise_stn_sigma': 3.3158920451305978, 'noise_gpe_sigma': 95.6812282491934, 'noise_gpi_sigma': 101.6188014572415, 'g_stn_gpe_mult': 2.4080858196872246, 'g_gpe_stn_mult': 0.11799078534888457, 'g_stn_gpi_mult': 1.8265451926926417, 'g_gpe_gpi_mult': 1.0873553668082354}. Best is trial 462 with value: 0.14343844675956713.
[I 2026-05-28 23:50:48,227] Trial 515 finished with value: 0.1715890174564247 and parameters: {'ISTN': 62.67171798409902, 'I_gpe': 1.3802496960530917, 'I_gpi': 2.323506501472602, 'noise_stn_sigma': 3.506137674175265, 'noise_gpe_sigma': 97.19246148916966, 'noise_gpi_sigma': 96.7940673360907, 'g_stn_gpe_mult': 2.4354661339721773, 'g_gpe_stn_mult': 0.14556981646796432, 'g_stn_gpi_mult': 2.0926102059729965, 'g_gpe_gpi_mult': 1.046916647514623}. Best is trial 462 with value: 0.14343844675956713.
[I 2026-05-28 23:50:49,233] Trial 516 finished with value: 0.16841088098146592 and parameters: {'ISTN': 61.47777933803397, 'I_gpe': 1.477230806443222, 'I_gpi': 1.998992949495178, 'noise_stn_sigma': 3.516848495026481, 'noise_gpe_sigma': 104.93083270950008, 'noise_gpi_sigma': 97.42871197742068, 'g_stn_gpe_mult': 2.3838144589288692, 'g_gpe_stn_mult': 0.12700642038570764, 'g_stn_gpi_mult': 2.0291213626744784, 'g_gpe_gpi_mult': 0.9410301135610901}. Best is trial 462 with value: 0.14343844675956713.
[I 2026-05-28 23:50:50,240] Trial 517 finished with value: 1.1243568273269813 and parameters: {'ISTN': 63.279838617652366, 'I_gpe': 1.3738639710838, 'I_gpi': 2.0087461223809835, 'noise_stn_sigma': 3.5061558549075973, 'noise_gpe_sigma': 103.3536998195324, 'noise_gpi_sigma': 104.99173062473845, 'g_stn_gpe_mult': 2.365662914380624, 'g_gpe_stn_mult': 0.13112681749880403, 'g_stn_gpi_mult': 2.0481415670619083, 'g_gpe_gpi_mult': 0.9569237990860004}. Best is trial 462 with value: 0.14343844675956713.
[I 2026-05-28 23:50:51,246] Trial 518 finished with value: 0.7084008140428333 and parameters: {'ISTN': 64.39108529257221, 'I_gpe': 1.2785287977175477, 'I_gpi': 2.1268188767000744, 'noise_stn_sigma': 3.7883382711008444, 'noise_gpe_sigma': 101.2838536930583, 'noise_gpi_sigma': 101.82943915432865, 'g_stn_gpe_mult': 2.543759335457258, 'g_gpe_stn_mult': 0.10546897027595904, 'g_stn_gpi_mult': 2.081244085203413, 'g_gpe_gpi_mult': 0.9822472409348997}. Best is trial 462 with value: 0.14343844675956713.
[I 2026-05-28 23:50:52,253] Trial 519 finished with value: 2.7766499522464576 and parameters: {'ISTN': 64.21873826336275, 'I_gpe': 1.4450039819969578, 'I_gpi': 2.0710753725314177, 'noise_stn_sigma': 3.238940036287808, 'noise_gpe_sigma': 98.31200826911478, 'noise_gpi_sigma': 105.04507832205655, 'g_stn_gpe_mult': 2.364438422160389, 'g_gpe_stn_mult': 0.1180884466110708, 'g_stn_gpi_mult': 1.8165760910536317, 'g_gpe_gpi_mult': 1.045404903478811}. Best is trial 462 with value: 0.14343844675956713.
[I 2026-05-28 23:50:53,260] Trial 520 finished with value: 1.1094101072783698 and parameters: {'ISTN': 62.560874091291154, 'I_gpe': 1.4387128360991461, 'I_gpi': 2.2003314359795065, 'noise_stn_sigma': 3.3634158164483265, 'noise_gpe_sigma': 97.46966106657693, 'noise_gpi_sigma': 98.65249218806778, 'g_stn_gpe_mult': 2.352444625655977, 'g_gpe_stn_mult': 0.13748870722779782, 'g_stn_gpi_mult': 1.8967007415703012, 'g_gpe_gpi_mult': 1.0002318557179648}. Best is trial 462 with value: 0.14343844675956713.
[I 2026-05-28 23:50:54,268] Trial 521 finished with value: 0.1466509622699688 and parameters: {'ISTN': 60.625218689538386, 'I_gpe': 1.34194853745738, 'I_gpi': 2.158614856132783, 'noise_stn_sigma': 3.3696125138812087, 'noise_gpe_sigma': 102.76809395506038, 'noise_gpi_sigma': 103.79005250765769, 'g_stn_gpe_mult': 2.383709739297868, 'g_gpe_stn_mult': 0.12984887823977723, 'g_stn_gpi_mult': 1.9277614700134056, 'g_gpe_gpi_mult': 0.9610647999298096}. Best is trial 462 with value: 0.14343844675956713.
[I 2026-05-28 23:50:55,272] Trial 522 finished with value: 0.1502828939792164 and parameters: {'ISTN': 60.15007459191236, 'I_gpe': 1.444709086846082, 'I_gpi': 2.1830913921182824, 'noise_stn_sigma': 3.5043893819532017, 'noise_gpe_sigma': 96.928076567578, 'noise_gpi_sigma': 103.03783614001021, 'g_stn_gpe_mult': 2.482453174765701, 'g_gpe_stn_mult': 0.12811731537966795, 'g_stn_gpi_mult': 1.8175517464324666, 'g_gpe_gpi_mult': 0.9769661324897247}. Best is trial 462 with value: 0.14343844675956713.
[I 2026-05-28 23:50:56,281] Trial 523 finished with value: 0.22957475653268405 and parameters: {'ISTN': 62.87619890604165, 'I_gpe': 1.2173036553836685, 'I_gpi': 2.0560247345160625, 'noise_stn_sigma': 3.3498847651260615, 'noise_gpe_sigma': 108.88573124187532, 'noise_gpi_sigma': 97.45181989020524, 'g_stn_gpe_mult': 2.3396062933957555, 'g_gpe_stn_mult': 0.13483705730666096, 'g_stn_gpi_mult': 1.7224618333649349, 'g_gpe_gpi_mult': 0.9906732966762946}. Best is trial 462 with value: 0.14343844675956713.
[I 2026-05-28 23:50:57,289] Trial 524 finished with value: 0.3908833274823779 and parameters: {'ISTN': 61.20697233029742, 'I_gpe': 1.3904313364235787, 'I_gpi': 2.017337826659231, 'noise_stn_sigma': 3.551868943207706, 'noise_gpe_sigma': 105.18914031785111, 'noise_gpi_sigma': 101.93731481079494, 'g_stn_gpe_mult': 2.4136697486844723, 'g_gpe_stn_mult': 0.1282390717336925, 'g_stn_gpi_mult': 1.8858554933327232, 'g_gpe_gpi_mult': 0.9726993136854472}. Best is trial 462 with value: 0.14343844675956713.
[I 2026-05-28 23:50:58,296] Trial 525 finished with value: 0.17742006212971817 and parameters: {'ISTN': 62.840531360978595, 'I_gpe': 1.482833682492694, 'I_gpi': 2.051686284494216, 'noise_stn_sigma': 3.6116884097742576, 'noise_gpe_sigma': 100.96890956242045, 'noise_gpi_sigma': 102.44887957022988, 'g_stn_gpe_mult': 2.461379319596382, 'g_gpe_stn_mult': 0.12047895730569058, 'g_stn_gpi_mult': 1.8981715821800418, 'g_gpe_gpi_mult': 0.9681837862738081}. Best is trial 462 with value: 0.14343844675956713.
[I 2026-05-28 23:50:59,305] Trial 526 finished with value: 1.6157048942244072 and parameters: {'ISTN': 63.42130020896481, 'I_gpe': 1.4152427095073552, 'I_gpi': 1.9947484722489524, 'noise_stn_sigma': 3.0976808329937127, 'noise_gpe_sigma': 108.92659864082323, 'noise_gpi_sigma': 100.73718516979022, 'g_stn_gpe_mult': 2.563872109983487, 'g_gpe_stn_mult': 0.14880175893536945, 'g_stn_gpi_mult': 1.785034212716421, 'g_gpe_gpi_mult': 0.9489542221062792}. Best is trial 462 with value: 0.14343844675956713.
[I 2026-05-28 23:51:00,312] Trial 527 finished with value: 0.22240912391485385 and parameters: {'ISTN': 61.99408586550917, 'I_gpe': 1.4476026020075257, 'I_gpi': 1.901405840467811, 'noise_stn_sigma': 3.583667370174585, 'noise_gpe_sigma': 104.28048957842076, 'noise_gpi_sigma': 104.36013463411537, 'g_stn_gpe_mult': 2.5377730334889375, 'g_gpe_stn_mult': 0.10459935416725581, 'g_stn_gpi_mult': 1.9057732249480424, 'g_gpe_gpi_mult': 0.9806311324880295}. Best is trial 462 with value: 0.14343844675956713.
