[I 2026-05-28 23:18:34,755] Trial 616 finished with value: 6.619668746639065 and parameters: {'ISTN': 63.52994702833829, 'I_gpe': 2.096873746310627, 'I_gpi': 1.950069995094086, 'noise_stn_sigma': 6.828966882470386, 'noise_gpe_sigma': 126.59386989288626, 'noise_gpi_sigma': 103.5394040820824, 'g_stn_gpe_mult': 3.6014185319952308, 'g_gpe_stn_mult': 0.732281282259141, 'g_stn_gpi_mult': 3.2437642228714383, 'g_gpe_gpi_mult': 0.9157903180849034}. Best is trial 396 with value: 2.126500323194939.
[I 2026-05-28 23:18:35,763] Trial 617 finished with value: 7.144876299723421 and parameters: {'ISTN': 62.50818746863649, 'I_gpe': 2.0989095477968496, 'I_gpi': 1.9504837140981146, 'noise_stn_sigma': 6.435145833790998, 'noise_gpe_sigma': 124.11321506851262, 'noise_gpi_sigma': 102.03041552521854, 'g_stn_gpe_mult': 3.4858144577154833, 'g_gpe_stn_mult': 0.7040308194456799, 'g_stn_gpi_mult': 3.184671070181486, 'g_gpe_gpi_mult': 0.8907055464121238}. Best is trial 396 with value: 2.126500323194939.
[I 2026-05-28 23:18:36,771] Trial 618 finished with value: 5.244469292954275 and parameters: {'ISTN': 60.888230211414076, 'I_gpe': 2.0950974928617407, 'I_gpi': 2.076326492857871, 'noise_stn_sigma': 6.625515703541545, 'noise_gpe_sigma': 122.28370406121687, 'noise_gpi_sigma': 100.69715676462067, 'g_stn_gpe_mult': 3.5210215316439526, 'g_gpe_stn_mult': 0.7073159802816943, 'g_stn_gpi_mult': 3.166084306532091, 'g_gpe_gpi_mult': 0.8925548769523184}. Best is trial 396 with value: 2.126500323194939.
[I 2026-05-28 23:18:37,777] Trial 619 finished with value: 7.076550185670596 and parameters: {'ISTN': 63.20322938423831, 'I_gpe': 2.1216585444893616, 'I_gpi': 2.017251967889967, 'noise_stn_sigma': 6.894089534466695, 'noise_gpe_sigma': 127.55922305161268, 'noise_gpi_sigma': 100.46995467964106, 'g_stn_gpe_mult': 3.5882429320788933, 'g_gpe_stn_mult': 0.7267188174582551, 'g_stn_gpi_mult': 3.2548477329246213, 'g_gpe_gpi_mult': 0.8823210258211178}. Best is trial 396 with value: 2.126500323194939.
[I 2026-05-28 23:18:38,785] Trial 620 finished with value: 9.020392655449662 and parameters: {'ISTN': 60.5941827512182, 'I_gpe': 2.0771366309966437, 'I_gpi': 2.050751090692262, 'noise_stn_sigma': 6.6563794898649595, 'noise_gpe_sigma': 123.00370398849168, 'noise_gpi_sigma': 108.08551494343051, 'g_stn_gpe_mult': 3.642456589154991, 'g_gpe_stn_mult': 0.6960036072351056, 'g_stn_gpi_mult': 3.145113770735911, 'g_gpe_gpi_mult': 0.9200159232973033}. Best is trial 396 with value: 2.126500323194939.
[I 2026-05-28 23:18:39,792] Trial 621 finished with value: 6.094674327133689 and parameters: {'ISTN': 62.981817667069635, 'I_gpe': 2.0805581074096575, 'I_gpi': 2.1456318254473974, 'noise_stn_sigma': 6.493024775869808, 'noise_gpe_sigma': 119.8949117369753, 'noise_gpi_sigma': 106.33919260894447, 'g_stn_gpe_mult': 3.4899225602068533, 'g_gpe_stn_mult': 0.7154481494846493, 'g_stn_gpi_mult': 3.2463577106600012, 'g_gpe_gpi_mult': 0.8984402827275086}. Best is trial 396 with value: 2.126500323194939.
[I 2026-05-28 23:18:40,801] Trial 622 finished with value: 8.30179506432532 and parameters: {'ISTN': 62.374686517046825, 'I_gpe': 2.04580590278063, 'I_gpi': 1.8401456699657102, 'noise_stn_sigma': 7.07625906082412, 'noise_gpe_sigma': 121.41869346177894, 'noise_gpi_sigma': 103.59564897702738, 'g_stn_gpe_mult': 3.635330177916174, 'g_gpe_stn_mult': 0.7269156349850101, 'g_stn_gpi_mult': 3.312155611284261, 'g_gpe_gpi_mult': 0.8856767417969862}. Best is trial 396 with value: 2.126500323194939.
[I 2026-05-28 23:18:41,810] Trial 623 finished with value: 8.332998730031706 and parameters: {'ISTN': 62.23961837836775, 'I_gpe': 2.242104793896839, 'I_gpi': 2.137629037226892, 'noise_stn_sigma': 6.4110180951710785, 'noise_gpe_sigma': 131.7215826847755, 'noise_gpi_sigma': 101.13669509708227, 'g_stn_gpe_mult': 3.666082475435026, 'g_gpe_stn_mult': 0.7289996696801231, 'g_stn_gpi_mult': 3.226761342224685, 'g_gpe_gpi_mult': 0.8615196700849999}. Best is trial 396 with value: 2.126500323194939.
[I 2026-05-28 23:18:42,817] Trial 624 finished with value: 10.428712961780043 and parameters: {'ISTN': 63.15535343785355, 'I_gpe': 2.1462820331965746, 'I_gpi': 2.0917185348254845, 'noise_stn_sigma': 6.5432706192134935, 'noise_gpe_sigma': 124.7761683173002, 'noise_gpi_sigma': 106.37800461520432, 'g_stn_gpe_mult': 3.4509581248071592, 'g_gpe_stn_mult': 0.7015369081785082, 'g_stn_gpi_mult': 3.1815190892444423, 'g_gpe_gpi_mult': 0.8685786489775948}. Best is trial 396 with value: 2.126500323194939.
[I 2026-05-28 23:18:43,823] Trial 625 finished with value: 6.362137080895197 and parameters: {'ISTN': 63.78338526815057, 'I_gpe': 2.110466998517816, 'I_gpi': 2.121760233420067, 'noise_stn_sigma': 6.543593394873358, 'noise_gpe_sigma': 127.37697800863612, 'noise_gpi_sigma': 100.52345975026073, 'g_stn_gpe_mult': 3.513665904338631, 'g_gpe_stn_mult': 0.7108762297540356, 'g_stn_gpi_mult': 3.160303238194039, 'g_gpe_gpi_mult': 0.8742052038585078}. Best is trial 396 with value: 2.126500323194939.
[I 2026-05-28 23:18:44,832] Trial 626 finished with value: 7.1299934449660425 and parameters: {'ISTN': 61.51622409138874, 'I_gpe': 2.0688140320590342, 'I_gpi': 2.0445867153533968, 'noise_stn_sigma': 6.882215233290439, 'noise_gpe_sigma': 125.85179398026034, 'noise_gpi_sigma': 104.7024674827244, 'g_stn_gpe_mult': 3.636346801214516, 'g_gpe_stn_mult': 0.7100183037099524, 'g_stn_gpi_mult': 3.214243862767871, 'g_gpe_gpi_mult': 0.9030951793677504}. Best is trial 396 with value: 2.126500323194939.
[I 2026-05-28 23:18:45,839] Trial 627 finished with value: 10.188799489618667 and parameters: {'ISTN': 64.13489954626361, 'I_gpe': 2.058768163583525, 'I_gpi': 2.217835801210571, 'noise_stn_sigma': 6.521359682947719, 'noise_gpe_sigma': 127.24034104130257, 'noise_gpi_sigma': 103.61046207897814, 'g_stn_gpe_mult': 3.681899237612657, 'g_gpe_stn_mult': 0.7348554721548686, 'g_stn_gpi_mult': 3.2371743184876034, 'g_gpe_gpi_mult': 0.9151565635234067}. Best is trial 396 with value: 2.126500323194939.
[I 2026-05-28 23:18:46,844] Trial 628 finished with value: 4.399800326779838 and parameters: {'ISTN': 62.43294663615883, 'I_gpe': 2.1080748853886346, 'I_gpi': 2.040852410482067, 'noise_stn_sigma': 6.4745940715634465, 'noise_gpe_sigma': 126.31012156118236, 'noise_gpi_sigma': 99.6204100751754, 'g_stn_gpe_mult': 3.640195932097756, 'g_gpe_stn_mult': 0.7043788518992528, 'g_stn_gpi_mult': 3.1378126777285638, 'g_gpe_gpi_mult': 0.8921218610300139}. Best is trial 396 with value: 2.126500323194939.
[I 2026-05-28 23:18:47,851] Trial 629 finished with value: 8.388512553538481 and parameters: {'ISTN': 63.01963610236851, 'I_gpe': 2.1024811605321982, 'I_gpi': 2.0875546173888355, 'noise_stn_sigma': 6.54964078834247, 'noise_gpe_sigma': 122.41912894688765, 'noise_gpi_sigma': 97.60281811992235, 'g_stn_gpe_mult': 3.457846771426813, 'g_gpe_stn_mult': 0.7100457931379665, 'g_stn_gpi_mult': 3.022606692576124, 'g_gpe_gpi_mult': 0.8850927769440771}. Best is trial 396 with value: 2.126500323194939.
[I 2026-05-28 23:18:48,858] Trial 630 finished with value: 5.676008035336857 and parameters: {'ISTN': 63.511242504443544, 'I_gpe': 2.071757113268662, 'I_gpi': 2.0906684015307, 'noise_stn_sigma': 6.892348852934106, 'noise_gpe_sigma': 122.45256690720616, 'noise_gpi_sigma': 104.73046371235692, 'g_stn_gpe_mult': 3.595365745861526, 'g_gpe_stn_mult': 0.7376549668384182, 'g_stn_gpi_mult': 3.301161115614765, 'g_gpe_gpi_mult': 0.91221332401297}. Best is trial 396 with value: 2.126500323194939.
[I 2026-05-28 23:18:49,868] Trial 631 finished with value: 9.15659947567099 and parameters: {'ISTN': 63.968634338155326, 'I_gpe': 2.1279438159196022, 'I_gpi': 2.196896089763683, 'noise_stn_sigma': 6.632027445970621, 'noise_gpe_sigma': 124.37304941622266, 'noise_gpi_sigma': 103.68604772446054, 'g_stn_gpe_mult': 3.520743136422304, 'g_gpe_stn_mult': 0.7373841953990148, 'g_stn_gpi_mult': 3.205424170508741, 'g_gpe_gpi_mult': 0.9249229917115185}. Best is trial 396 with value: 2.126500323194939.
[I 2026-05-28 23:18:50,876] Trial 632 finished with value: 9.904415228455065 and parameters: {'ISTN': 61.27148907246473, 'I_gpe': 2.0535996187995273, 'I_gpi': 1.986100058721079, 'noise_stn_sigma': 6.776826365179939, 'noise_gpe_sigma': 119.94002311292192, 'noise_gpi_sigma': 107.53442864432945, 'g_stn_gpe_mult': 3.589522629495023, 'g_gpe_stn_mult': 0.7089111514407094, 'g_stn_gpi_mult': 3.2689914395235586, 'g_gpe_gpi_mult': 0.887938845636282}. Best is trial 396 with value: 2.126500323194939.
[I 2026-05-28 23:18:51,886] Trial 633 finished with value: 4.7153407371269 and parameters: {'ISTN': 61.353492001277466, 'I_gpe': 2.061638995820079, 'I_gpi': 2.061982975386959, 'noise_stn_sigma': 6.572793368009774, 'noise_gpe_sigma': 125.95576996565455, 'noise_gpi_sigma': 100.57531571553804, 'g_stn_gpe_mult': 3.569078017110556, 'g_gpe_stn_mult': 0.687334223409751, 'g_stn_gpi_mult': 3.210509334068731, 'g_gpe_gpi_mult': 0.8367731306909243}. Best is trial 396 with value: 2.126500323194939.
[I 2026-05-28 23:18:52,893] Trial 634 finished with value: 5.386564702706518 and parameters: {'ISTN': 64.1738528673092, 'I_gpe': 2.0521332230173037, 'I_gpi': 2.1167131202548397, 'noise_stn_sigma': 6.740233751837993, 'noise_gpe_sigma': 123.09748399265291, 'noise_gpi_sigma': 97.86205879328695, 'g_stn_gpe_mult': 3.5547832595742936, 'g_gpe_stn_mult': 0.7268337818101878, 'g_stn_gpi_mult': 3.215624391177994, 'g_gpe_gpi_mult': 0.8838820582093996}. Best is trial 396 with value: 2.126500323194939.
[I 2026-05-28 23:18:53,904] Trial 635 finished with value: 8.048972264730176 and parameters: {'ISTN': 63.11853277721518, 'I_gpe': 2.075448195957309, 'I_gpi': 2.0878523390960657, 'noise_stn_sigma': 6.703986865191649, 'noise_gpe_sigma': 123.89597568959084, 'noise_gpi_sigma': 105.93285224992097, 'g_stn_gpe_mult': 3.6176094446318703, 'g_gpe_stn_mult': 0.7306771055880608, 'g_stn_gpi_mult': 3.252401286604334, 'g_gpe_gpi_mult': 0.8858692298720519}. Best is trial 396 with value: 2.126500323194939.
[I 2026-05-28 23:18:54,911] Trial 636 finished with value: 7.352994090171419 and parameters: {'ISTN': 63.34991534197779, 'I_gpe': 2.0911642433775164, 'I_gpi': 2.1422715592413306, 'noise_stn_sigma': 6.669675242432927, 'noise_gpe_sigma': 127.27625140135675, 'noise_gpi_sigma': 104.22093603330113, 'g_stn_gpe_mult': 3.5400158022227886, 'g_gpe_stn_mult': 0.7229927322552284, 'g_stn_gpi_mult': 3.245213179480517, 'g_gpe_gpi_mult': 0.9118376544913869}. Best is trial 396 with value: 2.126500323194939.
[I 2026-05-28 23:18:55,919] Trial 637 finished with value: 12.218140660718129 and parameters: {'ISTN': 64.59653720005645, 'I_gpe': 2.1328217527150555, 'I_gpi': 1.9560561258607938, 'noise_stn_sigma': 6.717262800451016, 'noise_gpe_sigma': 126.2541461180538, 'noise_gpi_sigma': 97.64361769615059, 'g_stn_gpe_mult': 3.5511384750036115, 'g_gpe_stn_mult': 0.7296706473255943, 'g_stn_gpi_mult': 3.1526794881633293, 'g_gpe_gpi_mult': 0.879761612344512}. Best is trial 396 with value: 2.126500323194939.
[I 2026-05-28 23:18:56,929] Trial 638 finished with value: 9.748302826330294 and parameters: {'ISTN': 63.029340205516505, 'I_gpe': 2.0642066853182417, 'I_gpi': 2.08402590843789, 'noise_stn_sigma': 6.789424760764612, 'noise_gpe_sigma': 127.01881171257357, 'noise_gpi_sigma': 96.04402195317846, 'g_stn_gpe_mult': 3.583940366062303, 'g_gpe_stn_mult': 0.7171197731585093, 'g_stn_gpi_mult': 3.2490905160952632, 'g_gpe_gpi_mult': 0.8791267286703559}. Best is trial 396 with value: 2.126500323194939.
[I 2026-05-28 23:18:57,938] Trial 639 finished with value: 5.129257984972566 and parameters: {'ISTN': 64.02047924112054, 'I_gpe': 2.082976273526092, 'I_gpi': 2.1018159189770427, 'noise_stn_sigma': 6.541744435909517, 'noise_gpe_sigma': 124.7786018356008, 'noise_gpi_sigma': 103.17179036315305, 'g_stn_gpe_mult': 3.53641257608005, 'g_gpe_stn_mult': 0.7286020224314491, 'g_stn_gpi_mult': 3.2454592509523046, 'g_gpe_gpi_mult': 0.8979152572400959}. Best is trial 396 with value: 2.126500323194939.
[I 2026-05-28 23:18:58,947] Trial 640 finished with value: 6.51934239064668 and parameters: {'ISTN': 64.43396475433231, 'I_gpe': 2.076455205651044, 'I_gpi': 1.9635966658101405, 'noise_stn_sigma': 6.614897958179326, 'noise_gpe_sigma': 125.4907715695605, 'noise_gpi_sigma': 102.14584164109368, 'g_stn_gpe_mult': 3.6801450812283933, 'g_gpe_stn_mult': 0.7231459688754469, 'g_stn_gpi_mult': 3.264239499789754, 'g_gpe_gpi_mult': 0.9520555260810515}. Best is trial 396 with value: 2.126500323194939.
[I 2026-05-28 23:18:59,955] Trial 641 finished with value: 6.4521349865424575 and parameters: {'ISTN': 62.17173012720771, 'I_gpe': 2.047279099480944, 'I_gpi': 2.063033832990108, 'noise_stn_sigma': 6.574612744009767, 'noise_gpe_sigma': 122.67505497681262, 'noise_gpi_sigma': 103.68322059038366, 'g_stn_gpe_mult': 3.5936416104971647, 'g_gpe_stn_mult': 0.7000871040885499, 'g_stn_gpi_mult': 3.1474594612099596, 'g_gpe_gpi_mult': 0.8877769851043389}. Best is trial 396 with value: 2.126500323194939.
[I 2026-05-28 23:19:00,962] Trial 642 finished with value: 5.7352340032350435 and parameters: {'ISTN': 62.93115624584542, 'I_gpe': 2.1257649848106146, 'I_gpi': 2.10811353127553, 'noise_stn_sigma': 6.557908068651958, 'noise_gpe_sigma': 130.95373485965223, 'noise_gpi_sigma': 101.84838908796819, 'g_stn_gpe_mult': 3.6355848382419405, 'g_gpe_stn_mult': 0.7122955401794895, 'g_stn_gpi_mult': 3.291745053566527, 'g_gpe_gpi_mult': 0.8843741510978089}. Best is trial 396 with value: 2.126500323194939.
[I 2026-05-28 23:19:01,969] Trial 643 finished with value: 11.764550651851733 and parameters: {'ISTN': 64.60280826450575, 'I_gpe': 1.9737888641886605, 'I_gpi': 2.091577431961625, 'noise_stn_sigma': 6.508945125515461, 'noise_gpe_sigma': 123.37645304287113, 'noise_gpi_sigma': 104.37832255203263, 'g_stn_gpe_mult': 3.4987965016544695, 'g_gpe_stn_mult': 0.7068927916740225, 'g_stn_gpi_mult': 3.2216515273346604, 'g_gpe_gpi_mult': 0.8737332461418845}. Best is trial 396 with value: 2.126500323194939.
[I 2026-05-28 23:19:02,975] Trial 644 finished with value: 5.199711145515181 and parameters: {'ISTN': 62.00619303864963, 'I_gpe': 2.077048497697085, 'I_gpi': 2.193776662295696, 'noise_stn_sigma': 6.386475602288735, 'noise_gpe_sigma': 125.16236723136764, 'noise_gpi_sigma': 106.61488291211201, 'g_stn_gpe_mult': 3.6186493826729844, 'g_gpe_stn_mult': 0.6893972715084405, 'g_stn_gpi_mult': 3.1019717919293486, 'g_gpe_gpi_mult': 0.8888305059427537}. Best is trial 396 with value: 2.126500323194939.
[I 2026-05-28 23:19:03,983] Trial 645 finished with value: 2.80359312545973 and parameters: {'ISTN': 62.52426636082271, 'I_gpe': 2.054663304312438, 'I_gpi': 2.0835497229917124, 'noise_stn_sigma': 6.619510839047072, 'noise_gpe_sigma': 122.88587988989876, 'noise_gpi_sigma': 96.5861218594154, 'g_stn_gpe_mult': 3.555084595775027, 'g_gpe_stn_mult': 0.7122614813948047, 'g_stn_gpi_mult': 3.2273381532418566, 'g_gpe_gpi_mult': 0.8741628355972855}. Best is trial 396 with value: 2.126500323194939.
[I 2026-05-28 23:19:04,990] Trial 646 finished with value: 7.421123974884064 and parameters: {'ISTN': 61.581637296781714, 'I_gpe': 2.0383903464962714, 'I_gpi': 2.0267440843949855, 'noise_stn_sigma': 6.740917778602266, 'noise_gpe_sigma': 128.87898253152667, 'noise_gpi_sigma': 98.14025680998535, 'g_stn_gpe_mult': 3.6416955655386127, 'g_gpe_stn_mult': 0.6997791841029293, 'g_stn_gpi_mult': 3.148520822507252, 'g_gpe_gpi_mult': 0.855988026135875}. Best is trial 396 with value: 2.126500323194939.
[I 2026-05-28 23:19:05,998] Trial 647 finished with value: 6.187225249711386 and parameters: {'ISTN': 63.050495039538845, 'I_gpe': 2.038156447247399, 'I_gpi': 2.29244821284822, 'noise_stn_sigma': 6.596994457111575, 'noise_gpe_sigma': 122.77189123739147, 'noise_gpi_sigma': 102.57170731824257, 'g_stn_gpe_mult': 3.3990691729667484, 'g_gpe_stn_mult': 0.7244369847966499, 'g_stn_gpi_mult': 3.2978231326434164, 'g_gpe_gpi_mult': 0.8771330813521492}. Best is trial 396 with value: 2.126500323194939.
[I 2026-05-28 23:19:07,006] Trial 648 finished with value: 8.22341629683762 and parameters: {'ISTN': 63.498965329472995, 'I_gpe': 2.0629057269855977, 'I_gpi': 2.0833264761261807, 'noise_stn_sigma': 6.119287188560733, 'noise_gpe_sigma': 122.591912480744, 'noise_gpi_sigma': 101.00223537891152, 'g_stn_gpe_mult': 3.46834038716837, 'g_gpe_stn_mult': 0.6953900333201996, 'g_stn_gpi_mult': 3.1163332869558724, 'g_gpe_gpi_mult': 0.8425239016122827}. Best is trial 396 with value: 2.126500323194939.
[I 2026-05-28 23:19:08,012] Trial 649 finished with value: 7.59992565481714 and parameters: {'ISTN': 61.82546272337497, 'I_gpe': 2.1195274011311134, 'I_gpi': 2.113628906936346, 'noise_stn_sigma': 6.5684845525771385, 'noise_gpe_sigma': 127.42010587385894, 'noise_gpi_sigma': 100.09109225262213, 'g_stn_gpe_mult': 3.648893582764977, 'g_gpe_stn_mult': 0.7078744541099999, 'g_stn_gpi_mult': 3.2293199739059886, 'g_gpe_gpi_mult': 0.8353400095888432}. Best is trial 396 with value: 2.126500323194939.
[I 2026-05-28 23:19:09,020] Trial 650 finished with value: 6.981357423439535 and parameters: {'ISTN': 61.30765347491356, 'I_gpe': 2.099374583095819, 'I_gpi': 2.0886653182430712, 'noise_stn_sigma': 6.748095439883937, 'noise_gpe_sigma': 127.11618508886531, 'noise_gpi_sigma': 103.0514757666194, 'g_stn_gpe_mult': 3.5928136139828597, 'g_gpe_stn_mult': 0.7072545300671415, 'g_stn_gpi_mult': 3.2214919383145246, 'g_gpe_gpi_mult': 0.8642460087297403}. Best is trial 396 with value: 2.126500323194939.
[I 2026-05-28 23:19:10,031] Trial 651 finished with value: 5.080571176932289 and parameters: {'ISTN': 62.75207860282502, 'I_gpe': 2.0918348343015403, 'I_gpi': 2.0934059053868994, 'noise_stn_sigma': 6.176637863053102, 'noise_gpe_sigma': 123.630876050074, 'noise_gpi_sigma': 103.42895895320923, 'g_stn_gpe_mult': 3.5044453714418804, 'g_gpe_stn_mult': 0.7072140633277054, 'g_stn_gpi_mult': 3.200937162880545, 'g_gpe_gpi_mult': 0.9015329004614661}. Best is trial 396 with value: 2.126500323194939.
[I 2026-05-28 23:19:11,038] Trial 652 finished with value: 2.0383729485633575 and parameters: {'ISTN': 62.126984593859405, 'I_gpe': 2.1073011502631482, 'I_gpi': 2.1273858666790373, 'noise_stn_sigma': 6.41613307472954, 'noise_gpe_sigma': 125.84199702294269, 'noise_gpi_sigma': 97.27653036318299, 'g_stn_gpe_mult': 3.5428054228648627, 'g_gpe_stn_mult': 0.7034452786860093, 'g_stn_gpi_mult': 3.2167733993757874, 'g_gpe_gpi_mult': 0.8699335577512348}. Best is trial 652 with value: 2.0383729485633575.
[I 2026-05-28 23:19:12,045] Trial 653 finished with value: 8.143934142892165 and parameters: {'ISTN': 63.486296308790635, 'I_gpe': 2.0818913311166996, 'I_gpi': 1.9406231564621537, 'noise_stn_sigma': 6.717455028317124, 'noise_gpe_sigma': 126.13150610465644, 'noise_gpi_sigma': 101.9180638068028, 'g_stn_gpe_mult': 3.5456642423317426, 'g_gpe_stn_mult': 0.7243406453285314, 'g_stn_gpi_mult': 3.2938322557117763, 'g_gpe_gpi_mult': 0.9229084251414557}. Best is trial 652 with value: 2.0383729485633575.
[I 2026-05-28 23:19:13,053] Trial 654 finished with value: 7.4564035634299595 and parameters: {'ISTN': 63.512928859768294, 'I_gpe': 2.0755087734475253, 'I_gpi': 2.2175261816658915, 'noise_stn_sigma': 6.510298328925351, 'noise_gpe_sigma': 125.25858697155928, 'noise_gpi_sigma': 101.47400810715044, 'g_stn_gpe_mult': 3.630420770769898, 'g_gpe_stn_mult': 0.7233363897535975, 'g_stn_gpi_mult': 3.271324050358995, 'g_gpe_gpi_mult': 0.8876688332502127}. Best is trial 652 with value: 2.0383729485633575.
[I 2026-05-28 23:19:14,062] Trial 655 finished with value: 9.995610796005263 and parameters: {'ISTN': 64.03136480540459, 'I_gpe': 2.1320825721161567, 'I_gpi': 2.2265052565529406, 'noise_stn_sigma': 6.481562072420355, 'noise_gpe_sigma': 126.84557652674496, 'noise_gpi_sigma': 104.69095132062898, 'g_stn_gpe_mult': 3.433977903595583, 'g_gpe_stn_mult': 0.7292045891079193, 'g_stn_gpi_mult': 3.283345404095387, 'g_gpe_gpi_mult': 0.8787037491613086}. Best is trial 652 with value: 2.0383729485633575.
[I 2026-05-28 23:19:15,068] Trial 656 finished with value: 2.155578761791122 and parameters: {'ISTN': 63.10972516206225, 'I_gpe': 2.0615648290217923, 'I_gpi': 2.1713627978899774, 'noise_stn_sigma': 6.385936583582063, 'noise_gpe_sigma': 127.24671183738361, 'noise_gpi_sigma': 97.38072353959465, 'g_stn_gpe_mult': 3.502256914936426, 'g_gpe_stn_mult': 0.6982895041293957, 'g_stn_gpi_mult': 3.1297153684842307, 'g_gpe_gpi_mult': 0.8435118962738597}. Best is trial 652 with value: 2.0383729485633575.
[I 2026-05-28 23:19:16,076] Trial 657 finished with value: 5.812763509629848 and parameters: {'ISTN': 62.15809218767032, 'I_gpe': 2.050198677192902, 'I_gpi': 2.039862176875393, 'noise_stn_sigma': 6.615224076812589, 'noise_gpe_sigma': 122.75730298344683, 'noise_gpi_sigma': 98.71885520905545, 'g_stn_gpe_mult': 3.637123040011088, 'g_gpe_stn_mult': 0.7124892354517851, 'g_stn_gpi_mult': 3.2614902531525107, 'g_gpe_gpi_mult': 0.8930380287637294}. Best is trial 652 with value: 2.0383729485633575.
[I 2026-05-28 23:19:17,085] Trial 658 finished with value: 9.304437173364791 and parameters: {'ISTN': 62.35447942743703, 'I_gpe': 2.121865431904167, 'I_gpi': 2.269740320732679, 'noise_stn_sigma': 6.374202724623023, 'noise_gpe_sigma': 126.1558634248496, 'noise_gpi_sigma': 96.59751196694563, 'g_stn_gpe_mult': 3.476102695123699, 'g_gpe_stn_mult': 0.7091347880772676, 'g_stn_gpi_mult': 3.1374822744977715, 'g_gpe_gpi_mult': 0.8914306455662242}. Best is trial 652 with value: 2.0383729485633575.
[I 2026-05-28 23:19:18,091] Trial 659 finished with value: 1.772618881235328 and parameters: {'ISTN': 62.61928835006567, 'I_gpe': 2.0854114901183625, 'I_gpi': 2.1432176604421116, 'noise_stn_sigma': 6.489218909808905, 'noise_gpe_sigma': 121.53173685093904, 'noise_gpi_sigma': 99.29428453788647, 'g_stn_gpe_mult': 3.548414547798562, 'g_gpe_stn_mult': 0.7053587014902203, 'g_stn_gpi_mult': 3.199922298868923, 'g_gpe_gpi_mult': 0.8702125343251672}. Best is trial 659 with value: 1.772618881235328.
