[I 2026-05-28 23:29:38,470] Trial 264 finished with value: 10.78202275704815 and parameters: {'ISTN': 73.63559029940849, 'I_gpe': 1.0160231490003553, 'I_gpi': 2.5716774802583395, 'noise_stn_sigma': 6.749753000697046, 'noise_gpe_sigma': 114.80871854300727, 'noise_gpi_sigma': 105.76399045042585, 'g_stn_gpe_mult': 2.230482737986113, 'g_gpe_stn_mult': 0.5474831461682335, 'g_stn_gpi_mult': 2.5240554340015287, 'g_gpe_gpi_mult': 0.5949721431115644}. Best is trial 114 with value: 0.7660526910236299.
[I 2026-05-28 23:29:39,477] Trial 265 finished with value: 7.101490979534026 and parameters: {'ISTN': 76.28046147246894, 'I_gpe': 0.9157057098908457, 'I_gpi': 2.340258832918017, 'noise_stn_sigma': 5.536538598599538, 'noise_gpe_sigma': 105.1500775349859, 'noise_gpi_sigma': 92.68879393689994, 'g_stn_gpe_mult': 2.096384008316409, 'g_gpe_stn_mult': 0.5154564790996397, 'g_stn_gpi_mult': 2.5956476622820355, 'g_gpe_gpi_mult': 0.5662337667309372}. Best is trial 114 with value: 0.7660526910236299.
[I 2026-05-28 23:29:40,484] Trial 266 finished with value: 6.097254012549159 and parameters: {'ISTN': 75.36565132991757, 'I_gpe': 1.2474607230499142, 'I_gpi': 2.7352572839911025, 'noise_stn_sigma': 5.9974120100631305, 'noise_gpe_sigma': 114.26694929637061, 'noise_gpi_sigma': 99.45986228605574, 'g_stn_gpe_mult': 2.0839595429250184, 'g_gpe_stn_mult': 0.6009723550478184, 'g_stn_gpi_mult': 2.1960750995444385, 'g_gpe_gpi_mult': 0.45399082624272696}. Best is trial 114 with value: 0.7660526910236299.
[I 2026-05-28 23:29:41,491] Trial 267 finished with value: 11.534579672669121 and parameters: {'ISTN': 76.56730167010596, 'I_gpe': 0.8922979749487867, 'I_gpi': 2.698277514479025, 'noise_stn_sigma': 6.359624881428687, 'noise_gpe_sigma': 119.28188117443253, 'noise_gpi_sigma': 100.31153720205012, 'g_stn_gpe_mult': 2.0483774400992654, 'g_gpe_stn_mult': 0.5382803295928006, 'g_stn_gpi_mult': 2.1636317693724227, 'g_gpe_gpi_mult': 0.5140514681797758}. Best is trial 114 with value: 0.7660526910236299.
[I 2026-05-28 23:29:42,499] Trial 268 finished with value: 11.715218993360082 and parameters: {'ISTN': 82.15015320696243, 'I_gpe': 1.231964736249882, 'I_gpi': 2.194893990655741, 'noise_stn_sigma': 5.5352854742493784, 'noise_gpe_sigma': 127.0417355515394, 'noise_gpi_sigma': 91.08828099553686, 'g_stn_gpe_mult': 2.5084801774297985, 'g_gpe_stn_mult': 0.5478646761364172, 'g_stn_gpi_mult': 2.0358469063656757, 'g_gpe_gpi_mult': 0.5005480667978313}. Best is trial 114 with value: 0.7660526910236299.
[I 2026-05-28 23:29:43,508] Trial 269 finished with value: 6.961755219847181 and parameters: {'ISTN': 61.814573079186516, 'I_gpe': 1.3435565657524746, 'I_gpi': 2.239711733893011, 'noise_stn_sigma': 6.283529860252649, 'noise_gpe_sigma': 119.74906344398748, 'noise_gpi_sigma': 92.33849562750075, 'g_stn_gpe_mult': 1.696039466629977, 'g_gpe_stn_mult': 0.48016249352179985, 'g_stn_gpi_mult': 2.168114668415697, 'g_gpe_gpi_mult': 0.63201909471157}. Best is trial 114 with value: 0.7660526910236299.
[I 2026-05-28 23:29:44,514] Trial 270 finished with value: 3.7810300399977432 and parameters: {'ISTN': 64.8411843884951, 'I_gpe': 0.9652243926375208, 'I_gpi': 2.580480312562154, 'noise_stn_sigma': 5.984071546372662, 'noise_gpe_sigma': 113.94190673092977, 'noise_gpi_sigma': 109.19938315381525, 'g_stn_gpe_mult': 2.5456998627423495, 'g_gpe_stn_mult': 0.4962678622136445, 'g_stn_gpi_mult': 2.411695928297215, 'g_gpe_gpi_mult': 0.3876110898886261}. Best is trial 114 with value: 0.7660526910236299.
[I 2026-05-28 23:29:45,524] Trial 271 finished with value: 8.728190756082585 and parameters: {'ISTN': 64.84601949960341, 'I_gpe': 1.5865318371091965, 'I_gpi': 2.7853772951582263, 'noise_stn_sigma': 5.424473518741148, 'noise_gpe_sigma': 108.24810580828465, 'noise_gpi_sigma': 104.46452642684156, 'g_stn_gpe_mult': 2.5983506584554177, 'g_gpe_stn_mult': 0.5363865045639902, 'g_stn_gpi_mult': 1.6928077697591428, 'g_gpe_gpi_mult': 0.4569379599656066}. Best is trial 114 with value: 0.7660526910236299.
[I 2026-05-28 23:29:46,531] Trial 272 finished with value: 9.581195360657183 and parameters: {'ISTN': 69.12374226271699, 'I_gpe': 0.9275724555426419, 'I_gpi': 2.7975097214811875, 'noise_stn_sigma': 5.893069574597777, 'noise_gpe_sigma': 136.71664807638052, 'noise_gpi_sigma': 104.87585434122862, 'g_stn_gpe_mult': 2.2922854733327807, 'g_gpe_stn_mult': 0.6233331488110131, 'g_stn_gpi_mult': 2.53648315637664, 'g_gpe_gpi_mult': 0.49058221084894355}. Best is trial 114 with value: 0.7660526910236299.
[I 2026-05-28 23:29:47,539] Trial 273 finished with value: 6.181347562839968 and parameters: {'ISTN': 67.46140594318348, 'I_gpe': 1.257580911606659, 'I_gpi': 2.23650991480684, 'noise_stn_sigma': 5.350752087589649, 'noise_gpe_sigma': 120.97956875139833, 'noise_gpi_sigma': 87.84076643916669, 'g_stn_gpe_mult': 2.6773617685764197, 'g_gpe_stn_mult': 0.5289542487267938, 'g_stn_gpi_mult': 2.0168232064459994, 'g_gpe_gpi_mult': 0.42195843345214734}. Best is trial 114 with value: 0.7660526910236299.
[I 2026-05-28 23:29:48,549] Trial 274 finished with value: 9.135609630207695 and parameters: {'ISTN': 63.68434693647059, 'I_gpe': 0.9961148023078709, 'I_gpi': 2.2902807324505017, 'noise_stn_sigma': 6.2444015351795255, 'noise_gpe_sigma': 101.7038178985747, 'noise_gpi_sigma': 107.47824589947794, 'g_stn_gpe_mult': 2.220087957950853, 'g_gpe_stn_mult': 0.42081156749787096, 'g_stn_gpi_mult': 2.318377657964987, 'g_gpe_gpi_mult': 0.4649664308874167}. Best is trial 114 with value: 0.7660526910236299.
[I 2026-05-28 23:29:49,555] Trial 275 finished with value: 8.935977565931047 and parameters: {'ISTN': 75.32184296426203, 'I_gpe': 1.0757060816939679, 'I_gpi': 2.0056759861217497, 'noise_stn_sigma': 5.214716336097292, 'noise_gpe_sigma': 105.10074476616909, 'noise_gpi_sigma': 108.28526386327223, 'g_stn_gpe_mult': 2.660607668404646, 'g_gpe_stn_mult': 0.5485092776828907, 'g_stn_gpi_mult': 2.342884104301091, 'g_gpe_gpi_mult': 0.40188264348973896}. Best is trial 114 with value: 0.7660526910236299.
[I 2026-05-28 23:29:50,563] Trial 276 finished with value: 8.750018525323197 and parameters: {'ISTN': 64.0389411426406, 'I_gpe': 1.5955638345691228, 'I_gpi': 2.4087944545659044, 'noise_stn_sigma': 6.33125695936851, 'noise_gpe_sigma': 101.81082533535123, 'noise_gpi_sigma': 106.73243314700814, 'g_stn_gpe_mult': 2.8249348577786275, 'g_gpe_stn_mult': 0.5964700973620672, 'g_stn_gpi_mult': 2.203023951648967, 'g_gpe_gpi_mult': 0.33616469706288615}. Best is trial 114 with value: 0.7660526910236299.
[I 2026-05-28 23:29:51,571] Trial 277 finished with value: 8.295278365050414 and parameters: {'ISTN': 66.13871287612002, 'I_gpe': 1.2236182031662866, 'I_gpi': 2.4804648746222386, 'noise_stn_sigma': 5.248146173391226, 'noise_gpe_sigma': 119.52137650986613, 'noise_gpi_sigma': 95.92709882342788, 'g_stn_gpe_mult': 2.558510437609328, 'g_gpe_stn_mult': 0.5520697062226014, 'g_stn_gpi_mult': 2.3770243676554443, 'g_gpe_gpi_mult': 0.4545923644569614}. Best is trial 114 with value: 0.7660526910236299.
[I 2026-05-28 23:29:52,579] Trial 278 finished with value: 7.8244914034205015 and parameters: {'ISTN': 75.22962708135586, 'I_gpe': 1.547356191274115, 'I_gpi': 2.966624522330714, 'noise_stn_sigma': 6.506066208561469, 'noise_gpe_sigma': 106.70013817323624, 'noise_gpi_sigma': 102.38369478461146, 'g_stn_gpe_mult': 2.6276058978114554, 'g_gpe_stn_mult': 0.5879230413418749, 'g_stn_gpi_mult': 2.7067832628651747, 'g_gpe_gpi_mult': 0.47910422569862415}. Best is trial 114 with value: 0.7660526910236299.
[I 2026-05-28 23:29:53,587] Trial 279 finished with value: 7.67901928385641 and parameters: {'ISTN': 72.213803258669, 'I_gpe': 1.2175458446839602, 'I_gpi': 2.6121629330374914, 'noise_stn_sigma': 6.098713433369518, 'noise_gpe_sigma': 119.12712500154278, 'noise_gpi_sigma': 91.62100094814272, 'g_stn_gpe_mult': 2.3335927797133857, 'g_gpe_stn_mult': 0.5541661403918355, 'g_stn_gpi_mult': 2.3514806187897337, 'g_gpe_gpi_mult': 0.5585160668886895}. Best is trial 114 with value: 0.7660526910236299.
[I 2026-05-28 23:29:54,596] Trial 280 finished with value: 4.453680534148786 and parameters: {'ISTN': 66.18177487372378, 'I_gpe': 1.3680740722766673, 'I_gpi': 2.9891794611968487, 'noise_stn_sigma': 6.257127659168879, 'noise_gpe_sigma': 133.09426621987492, 'noise_gpi_sigma': 94.85154006896381, 'g_stn_gpe_mult': 2.8967332718654393, 'g_gpe_stn_mult': 0.6615341889048612, 'g_stn_gpi_mult': 2.6841923666372995, 'g_gpe_gpi_mult': 0.47662468516013257}. Best is trial 114 with value: 0.7660526910236299.
[I 2026-05-28 23:29:55,604] Trial 281 finished with value: 9.47912367583713 and parameters: {'ISTN': 71.29834973699428, 'I_gpe': 1.5472131866949586, 'I_gpi': 2.830460583096497, 'noise_stn_sigma': 5.958705494221325, 'noise_gpe_sigma': 132.60762134518723, 'noise_gpi_sigma': 87.99791430954441, 'g_stn_gpe_mult': 2.7192909729066335, 'g_gpe_stn_mult': 0.6019011767679184, 'g_stn_gpi_mult': 2.4231732723433623, 'g_gpe_gpi_mult': 0.56721121630967}. Best is trial 114 with value: 0.7660526910236299.
[I 2026-05-28 23:29:56,611] Trial 282 finished with value: 7.315853146345745 and parameters: {'ISTN': 68.15897482128418, 'I_gpe': 1.3976556656977093, 'I_gpi': 2.876967631034344, 'noise_stn_sigma': 5.912500553984817, 'noise_gpe_sigma': 118.10309309933122, 'noise_gpi_sigma': 86.38298897550719, 'g_stn_gpe_mult': 2.933946344611578, 'g_gpe_stn_mult': 0.5800205455267122, 'g_stn_gpi_mult': 2.592074000600853, 'g_gpe_gpi_mult': 0.5699331984294959}. Best is trial 114 with value: 0.7660526910236299.
[I 2026-05-28 23:29:57,619] Trial 283 finished with value: 10.569471589078129 and parameters: {'ISTN': 70.35543335306666, 'I_gpe': 0.8511333165197352, 'I_gpi': 2.509455229320558, 'noise_stn_sigma': 5.4874283376321324, 'noise_gpe_sigma': 113.01318700801362, 'noise_gpi_sigma': 93.14645897979544, 'g_stn_gpe_mult': 2.9075475344808237, 'g_gpe_stn_mult': 0.6883440194470762, 'g_stn_gpi_mult': 2.4550195173262495, 'g_gpe_gpi_mult': 0.4336974150477396}. Best is trial 114 with value: 0.7660526910236299.
[I 2026-05-28 23:29:58,626] Trial 284 finished with value: 9.912088014387288 and parameters: {'ISTN': 84.87272905171153, 'I_gpe': 1.2265264160234686, 'I_gpi': 3.0508658071604544, 'noise_stn_sigma': 6.590317897185957, 'noise_gpe_sigma': 141.5028753561956, 'noise_gpi_sigma': 99.50866958116723, 'g_stn_gpe_mult': 2.4363150848933413, 'g_gpe_stn_mult': 0.669447420889895, 'g_stn_gpi_mult': 2.6214184755366965, 'g_gpe_gpi_mult': 0.3443935861456826}. Best is trial 114 with value: 0.7660526910236299.
[I 2026-05-28 23:29:59,637] Trial 285 finished with value: 5.552312792811669 and parameters: {'ISTN': 72.28868090499631, 'I_gpe': 1.1361492403777764, 'I_gpi': 3.2087824239408866, 'noise_stn_sigma': 5.915944559957681, 'noise_gpe_sigma': 137.01725173773963, 'noise_gpi_sigma': 74.9070434859651, 'g_stn_gpe_mult': 3.0298649880995967, 'g_gpe_stn_mult': 0.6573521622801431, 'g_stn_gpi_mult': 2.296235626366779, 'g_gpe_gpi_mult': 0.5431068562432215}. Best is trial 114 with value: 0.7660526910236299.
[I 2026-05-28 23:30:00,645] Trial 286 finished with value: 13.249754855361287 and parameters: {'ISTN': 77.49837336351028, 'I_gpe': 1.6678043077047826, 'I_gpi': 2.8763708592988246, 'noise_stn_sigma': 5.740557304305758, 'noise_gpe_sigma': 120.74122452737198, 'noise_gpi_sigma': 79.5534045776478, 'g_stn_gpe_mult': 2.9261550857784764, 'g_gpe_stn_mult': 0.5320103398913496, 'g_stn_gpi_mult': 2.243250917285264, 'g_gpe_gpi_mult': 0.4348230241606855}. Best is trial 114 with value: 0.7660526910236299.
[I 2026-05-28 23:30:01,651] Trial 287 finished with value: 6.135490511902998 and parameters: {'ISTN': 66.3664562112807, 'I_gpe': 1.25973089054326, 'I_gpi': 2.5301417915843496, 'noise_stn_sigma': 4.791570122438322, 'noise_gpe_sigma': 122.16413676798449, 'noise_gpi_sigma': 83.773343039319, 'g_stn_gpe_mult': 2.882633954923425, 'g_gpe_stn_mult': 0.6373550920078646, 'g_stn_gpi_mult': 2.4874459584523168, 'g_gpe_gpi_mult': 0.4234227809822747}. Best is trial 114 with value: 0.7660526910236299.
[I 2026-05-28 23:30:02,660] Trial 288 finished with value: 6.096655176797047 and parameters: {'ISTN': 69.27269914162352, 'I_gpe': 1.185608681334438, 'I_gpi': 3.091773968430421, 'noise_stn_sigma': 6.64476747760098, 'noise_gpe_sigma': 129.80269543532, 'noise_gpi_sigma': 93.31533861892035, 'g_stn_gpe_mult': 2.3449695194182434, 'g_gpe_stn_mult': 0.5742286695162261, 'g_stn_gpi_mult': 2.7184934992784697, 'g_gpe_gpi_mult': 0.46475034962026146}. Best is trial 114 with value: 0.7660526910236299.
[I 2026-05-28 23:30:03,666] Trial 289 finished with value: 10.817523043130107 and parameters: {'ISTN': 73.0672364742957, 'I_gpe': 1.1142129992069068, 'I_gpi': 2.8462935935009908, 'noise_stn_sigma': 5.725802669344942, 'noise_gpe_sigma': 124.20393640276434, 'noise_gpi_sigma': 93.30092420224152, 'g_stn_gpe_mult': 2.436631346195535, 'g_gpe_stn_mult': 0.6180041664835539, 'g_stn_gpi_mult': 2.6589841021758316, 'g_gpe_gpi_mult': 0.46659997382950325}. Best is trial 114 with value: 0.7660526910236299.
[I 2026-05-28 23:30:04,673] Trial 290 finished with value: 6.738857256236118 and parameters: {'ISTN': 70.25881091436287, 'I_gpe': 1.3617065792308205, 'I_gpi': 2.754567432495706, 'noise_stn_sigma': 5.992907148068628, 'noise_gpe_sigma': 127.6701212446518, 'noise_gpi_sigma': 80.31181067338598, 'g_stn_gpe_mult': 2.660806813797972, 'g_gpe_stn_mult': 0.6369811403666981, 'g_stn_gpi_mult': 2.1568952520299813, 'g_gpe_gpi_mult': 0.6118537094467342}. Best is trial 114 with value: 0.7660526910236299.
[I 2026-05-28 23:30:05,681] Trial 291 finished with value: 10.43642999183882 and parameters: {'ISTN': 71.51674881925315, 'I_gpe': 0.9336086889984565, 'I_gpi': 3.22278923926652, 'noise_stn_sigma': 6.601584149984334, 'noise_gpe_sigma': 120.498142844452, 'noise_gpi_sigma': 77.35949727364998, 'g_stn_gpe_mult': 2.610849637181148, 'g_gpe_stn_mult': 0.6558988960238331, 'g_stn_gpi_mult': 2.5409929972076526, 'g_gpe_gpi_mult': 0.56534875597549}. Best is trial 114 with value: 0.7660526910236299.
[I 2026-05-28 23:30:06,687] Trial 292 finished with value: 8.03947383053085 and parameters: {'ISTN': 64.32427575086984, 'I_gpe': 1.1450329919249271, 'I_gpi': 2.496859556457583, 'noise_stn_sigma': 6.071756881379722, 'noise_gpe_sigma': 108.2166717212262, 'noise_gpi_sigma': 89.68648828428185, 'g_stn_gpe_mult': 2.445447079014502, 'g_gpe_stn_mult': 0.5679085046161367, 'g_stn_gpi_mult': 1.7154651511645005, 'g_gpe_gpi_mult': 0.6127343967823231}. Best is trial 114 with value: 0.7660526910236299.
[I 2026-05-28 23:30:07,695] Trial 293 finished with value: 10.130189483386301 and parameters: {'ISTN': 68.60425232788111, 'I_gpe': 1.0809368367205519, 'I_gpi': 2.3882630791667583, 'noise_stn_sigma': 5.299399706993408, 'noise_gpe_sigma': 126.62672155538236, 'noise_gpi_sigma': 81.41315543391794, 'g_stn_gpe_mult': 2.9435800047680325, 'g_gpe_stn_mult': 0.6330223710468784, 'g_stn_gpi_mult': 2.135020120503201, 'g_gpe_gpi_mult': 0.4082564040103276}. Best is trial 114 with value: 0.7660526910236299.
[I 2026-05-28 23:30:08,702] Trial 294 finished with value: 8.905603920915368 and parameters: {'ISTN': 70.4660049527025, 'I_gpe': 1.4353105706342941, 'I_gpi': 2.8773638157214956, 'noise_stn_sigma': 5.823053597385542, 'noise_gpe_sigma': 117.16205306544137, 'noise_gpi_sigma': 89.29061256202755, 'g_stn_gpe_mult': 2.7522453989338684, 'g_gpe_stn_mult': 0.5765122321612264, 'g_stn_gpi_mult': 2.3176729531583016, 'g_gpe_gpi_mult': 0.44545916435180816}. Best is trial 114 with value: 0.7660526910236299.
[I 2026-05-28 23:30:09,709] Trial 295 finished with value: 9.86736372750995 and parameters: {'ISTN': 70.8034012555274, 'I_gpe': 1.08199329341452, 'I_gpi': 2.7752038820179963, 'noise_stn_sigma': 5.430168524984379, 'noise_gpe_sigma': 113.21350456131425, 'noise_gpi_sigma': 90.01847556963943, 'g_stn_gpe_mult': 3.0279919005689444, 'g_gpe_stn_mult': 0.6218170341040804, 'g_stn_gpi_mult': 2.4553771775558766, 'g_gpe_gpi_mult': 0.5119138432162995}. Best is trial 114 with value: 0.7660526910236299.
[I 2026-05-28 23:30:10,715] Trial 296 finished with value: 10.198235814734373 and parameters: {'ISTN': 77.81743906434615, 'I_gpe': 1.3585748391295591, 'I_gpi': 3.231094871907603, 'noise_stn_sigma': 5.47850670642782, 'noise_gpe_sigma': 128.8790713714049, 'noise_gpi_sigma': 73.40762974538993, 'g_stn_gpe_mult': 2.8775422986134407, 'g_gpe_stn_mult': 0.5984250165152953, 'g_stn_gpi_mult': 2.355008069705768, 'g_gpe_gpi_mult': 0.6445606036870539}. Best is trial 114 with value: 0.7660526910236299.
[I 2026-05-28 23:30:11,723] Trial 297 finished with value: 7.132748133209763 and parameters: {'ISTN': 74.53170329004915, 'I_gpe': 1.1170846700244466, 'I_gpi': 2.169896415345752, 'noise_stn_sigma': 5.897594497365077, 'noise_gpe_sigma': 131.05565246798238, 'noise_gpi_sigma': 59.46057418879815, 'g_stn_gpe_mult': 2.734970043829314, 'g_gpe_stn_mult': 0.56792846449068, 'g_stn_gpi_mult': 2.5292745342624796, 'g_gpe_gpi_mult': 0.6281109638952027}. Best is trial 114 with value: 0.7660526910236299.
[I 2026-05-28 23:30:12,729] Trial 298 finished with value: 6.332116364859852 and parameters: {'ISTN': 77.16341698072954, 'I_gpe': 1.2088766344151602, 'I_gpi': 3.080856198536652, 'noise_stn_sigma': 6.4788440693098845, 'noise_gpe_sigma': 137.12746354656682, 'noise_gpi_sigma': 86.2927536736105, 'g_stn_gpe_mult': 3.062438660901656, 'g_gpe_stn_mult': 0.6456902388236024, 'g_stn_gpi_mult': 2.612420026441144, 'g_gpe_gpi_mult': 0.461272691517469}. Best is trial 114 with value: 0.7660526910236299.
[I 2026-05-28 23:30:13,737] Trial 299 finished with value: 13.912424801081192 and parameters: {'ISTN': 68.98083640646513, 'I_gpe': 0.6269699154771595, 'I_gpi': 2.8736890907256747, 'noise_stn_sigma': 5.018492704630883, 'noise_gpe_sigma': 134.08797055287658, 'noise_gpi_sigma': 96.94435288468279, 'g_stn_gpe_mult': 3.2342763456225496, 'g_gpe_stn_mult': 0.6418965066297607, 'g_stn_gpi_mult': 1.9426155933990397, 'g_gpe_gpi_mult': 0.35345977404700024}. Best is trial 114 with value: 0.7660526910236299.
[I 2026-05-28 23:30:14,747] Trial 300 finished with value: 9.086167235188197 and parameters: {'ISTN': 70.45158270880037, 'I_gpe': 1.1596771547557876, 'I_gpi': 3.0166639894264615, 'noise_stn_sigma': 5.0943607336076, 'noise_gpe_sigma': 141.67096233145617, 'noise_gpi_sigma': 92.79410156235805, 'g_stn_gpe_mult': 2.8405332282873097, 'g_gpe_stn_mult': 0.5703470731801243, 'g_stn_gpi_mult': 2.4797728576279856, 'g_gpe_gpi_mult': 0.5558878236321722}. Best is trial 114 with value: 0.7660526910236299.
[I 2026-05-28 23:30:15,757] Trial 301 finished with value: 4.03778288599271 and parameters: {'ISTN': 74.9350854568331, 'I_gpe': 1.3200451175179762, 'I_gpi': 3.3043847378438995, 'noise_stn_sigma': 4.881640290456101, 'noise_gpe_sigma': 117.4985852448142, 'noise_gpi_sigma': 74.91310063373925, 'g_stn_gpe_mult': 3.0785584993655646, 'g_gpe_stn_mult': 0.7098268663284448, 'g_stn_gpi_mult': 2.389760442037649, 'g_gpe_gpi_mult': 0.48758970129355417}. Best is trial 114 with value: 0.7660526910236299.
[I 2026-05-28 23:30:16,765] Trial 302 finished with value: 11.618635480964214 and parameters: {'ISTN': 81.2158933142409, 'I_gpe': 0.7885248942465959, 'I_gpi': 3.489084431132884, 'noise_stn_sigma': 6.2001357680118465, 'noise_gpe_sigma': 145.6644691683461, 'noise_gpi_sigma': 74.47432303834813, 'g_stn_gpe_mult': 3.0905862840539804, 'g_gpe_stn_mult': 0.6504863819486161, 'g_stn_gpi_mult': 2.4375290881592324, 'g_gpe_gpi_mult': 0.5500826894728001}. Best is trial 114 with value: 0.7660526910236299.
[I 2026-05-28 23:30:17,771] Trial 303 finished with value: 3.5811921843813916 and parameters: {'ISTN': 73.32499573926026, 'I_gpe': 1.4014404561525424, 'I_gpi': 2.43107344499217, 'noise_stn_sigma': 6.424398403014173, 'noise_gpe_sigma': 120.93594353115301, 'noise_gpi_sigma': 88.34912063410508, 'g_stn_gpe_mult': 2.442204684844911, 'g_gpe_stn_mult': 0.6416176944982662, 'g_stn_gpi_mult': 2.7679654885598657, 'g_gpe_gpi_mult': 0.6337954681297508}. Best is trial 114 with value: 0.7660526910236299.
[I 2026-05-28 23:30:18,776] Trial 304 finished with value: 7.631046906456471 and parameters: {'ISTN': 62.97620460234911, 'I_gpe': 1.675585933226781, 'I_gpi': 1.7535469475708363, 'noise_stn_sigma': 6.540358383504016, 'noise_gpe_sigma': 127.73199555875382, 'noise_gpi_sigma': 103.11736445640433, 'g_stn_gpe_mult': 2.5349142632683916, 'g_gpe_stn_mult': 0.4834749812000475, 'g_stn_gpi_mult': 2.3296411294495805, 'g_gpe_gpi_mult': 0.591618211960784}. Best is trial 114 with value: 0.7660526910236299.
[I 2026-05-28 23:30:19,782] Trial 305 finished with value: 10.420032495207872 and parameters: {'ISTN': 78.6053850515785, 'I_gpe': 0.8999591233733444, 'I_gpi': 2.526938764764913, 'noise_stn_sigma': 6.251729897620068, 'noise_gpe_sigma': 134.34666901679088, 'noise_gpi_sigma': 80.14440247363575, 'g_stn_gpe_mult': 2.620236224570327, 'g_gpe_stn_mult': 0.5505647202570448, 'g_stn_gpi_mult': 2.2904471361863656, 'g_gpe_gpi_mult': 0.510397271262307}. Best is trial 114 with value: 0.7660526910236299.
[I 2026-05-28 23:30:20,788] Trial 306 finished with value: 7.926464759439533 and parameters: {'ISTN': 75.8869173710094, 'I_gpe': 1.2841692206024549, 'I_gpi': 3.4128424203038374, 'noise_stn_sigma': 5.93919575349397, 'noise_gpe_sigma': 115.23812327740325, 'noise_gpi_sigma': 77.88460424549791, 'g_stn_gpe_mult': 2.8916162174542412, 'g_gpe_stn_mult': 0.6157580362702847, 'g_stn_gpi_mult': 1.9585368187606118, 'g_gpe_gpi_mult': 0.5156669454894727}. Best is trial 114 with value: 0.7660526910236299.
[I 2026-05-28 23:30:21,794] Trial 307 finished with value: 8.231667825076952 and parameters: {'ISTN': 74.12313710389941, 'I_gpe': 1.050101570755079, 'I_gpi': 3.2326377452050123, 'noise_stn_sigma': 5.32264791598014, 'noise_gpe_sigma': 133.6959156454071, 'noise_gpi_sigma': 65.72239395151232, 'g_stn_gpe_mult': 3.3819946768482683, 'g_gpe_stn_mult': 0.6258628739282719, 'g_stn_gpi_mult': 2.7408606721544464, 'g_gpe_gpi_mult': 0.5212318443367043}. Best is trial 114 with value: 0.7660526910236299.
