[I 2026-05-28 23:54:42,592] Trial 748 finished with value: 0.12707841472908785 and parameters: {'ISTN': 60.6260636619196, 'I_gpe': 1.323032582814412, 'I_gpi': 2.175424577721932, 'noise_stn_sigma': 3.040826835095337, 'noise_gpe_sigma': 98.83418331436837, 'noise_gpi_sigma': 83.65849622340457, 'g_stn_gpe_mult': 2.91290642941163, 'g_gpe_stn_mult': 0.16835054808705952, 'g_stn_gpi_mult': 1.8661010803764984, 'g_gpe_gpi_mult': 1.168647637127493}. Best is trial 727 with value: 0.12443175695097565.
[I 2026-05-28 23:54:43,599] Trial 749 finished with value: 0.1267979071244785 and parameters: {'ISTN': 60.7568770273848, 'I_gpe': 1.237657417197567, 'I_gpi': 2.135114248794716, 'noise_stn_sigma': 3.1022418691210922, 'noise_gpe_sigma': 100.64217000832673, 'noise_gpi_sigma': 87.35883017625773, 'g_stn_gpe_mult': 2.8387515489526285, 'g_gpe_stn_mult': 0.16273143740272872, 'g_stn_gpi_mult': 1.9289698402328297, 'g_gpe_gpi_mult': 1.0755398321349134}. Best is trial 727 with value: 0.12443175695097565.
[I 2026-05-28 23:54:44,603] Trial 750 finished with value: 2.417655711042694 and parameters: {'ISTN': 61.09799294466742, 'I_gpe': 1.2622456797839838, 'I_gpi': 2.0866170556905708, 'noise_stn_sigma': 2.8305444374921205, 'noise_gpe_sigma': 106.40065222156143, 'noise_gpi_sigma': 91.28641579597279, 'g_stn_gpe_mult': 2.874265058431684, 'g_gpe_stn_mult': 0.17357198080249464, 'g_stn_gpi_mult': 1.807852153482863, 'g_gpe_gpi_mult': 1.1514247020644404}. Best is trial 727 with value: 0.12443175695097565.
[I 2026-05-28 23:54:45,612] Trial 751 finished with value: 0.1334880209905101 and parameters: {'ISTN': 61.92242284432644, 'I_gpe': 1.3373634542628516, 'I_gpi': 2.156150969640395, 'noise_stn_sigma': 3.041383075071362, 'noise_gpe_sigma': 92.07075209183697, 'noise_gpi_sigma': 83.03506367826765, 'g_stn_gpe_mult': 2.8546714439157714, 'g_gpe_stn_mult': 0.14271400413444668, 'g_stn_gpi_mult': 1.8920387586834466, 'g_gpe_gpi_mult': 1.0597685697542398}. Best is trial 727 with value: 0.12443175695097565.
[I 2026-05-28 23:54:46,618] Trial 752 finished with value: 0.15517490400966538 and parameters: {'ISTN': 62.20715428603101, 'I_gpe': 1.2890130585368071, 'I_gpi': 1.9769520022271634, 'noise_stn_sigma': 2.915971727461409, 'noise_gpe_sigma': 94.77687454629316, 'noise_gpi_sigma': 84.4400687113243, 'g_stn_gpe_mult': 2.7917659888607935, 'g_gpe_stn_mult': 0.15164073480594312, 'g_stn_gpi_mult': 1.9731011455436536, 'g_gpe_gpi_mult': 1.1399949968838863}. Best is trial 727 with value: 0.12443175695097565.
[I 2026-05-28 23:54:47,625] Trial 753 finished with value: 1.4755445067501243 and parameters: {'ISTN': 61.671631827204294, 'I_gpe': 1.3483358558334113, 'I_gpi': 2.1463304524491416, 'noise_stn_sigma': 2.7576692500773854, 'noise_gpe_sigma': 103.26384909895599, 'noise_gpi_sigma': 89.11460067083205, 'g_stn_gpe_mult': 2.9549666565875006, 'g_gpe_stn_mult': 0.16786700265511267, 'g_stn_gpi_mult': 1.8725693211941516, 'g_gpe_gpi_mult': 1.1972402101329642}. Best is trial 727 with value: 0.12443175695097565.
[I 2026-05-28 23:54:48,633] Trial 754 finished with value: 0.14194898738789985 and parameters: {'ISTN': 62.39788762850054, 'I_gpe': 1.2077756595725702, 'I_gpi': 2.0936883774666373, 'noise_stn_sigma': 2.846466028997915, 'noise_gpe_sigma': 94.21781210353736, 'noise_gpi_sigma': 85.58237474849007, 'g_stn_gpe_mult': 2.872177877032713, 'g_gpe_stn_mult': 0.1470986046491767, 'g_stn_gpi_mult': 1.8462424724084392, 'g_gpe_gpi_mult': 1.1274853011627861}. Best is trial 727 with value: 0.12443175695097565.
[I 2026-05-28 23:54:49,640] Trial 755 finished with value: 0.13575784401534227 and parameters: {'ISTN': 60.707137996880846, 'I_gpe': 1.425841973538502, 'I_gpi': 2.183438634626279, 'noise_stn_sigma': 3.112871626684937, 'noise_gpe_sigma': 96.30819382787251, 'noise_gpi_sigma': 87.20306947459054, 'g_stn_gpe_mult': 2.803455597457874, 'g_gpe_stn_mult': 0.17439014637041642, 'g_stn_gpi_mult': 1.8547343201990254, 'g_gpe_gpi_mult': 1.1450275517174298}. Best is trial 727 with value: 0.12443175695097565.
[I 2026-05-28 23:54:50,646] Trial 756 finished with value: 0.14499526094847226 and parameters: {'ISTN': 61.87180855032261, 'I_gpe': 1.304177567879481, 'I_gpi': 2.0888405051576924, 'noise_stn_sigma': 3.0685700059402325, 'noise_gpe_sigma': 98.12417915054901, 'noise_gpi_sigma': 78.3673098145919, 'g_stn_gpe_mult': 3.003315053806805, 'g_gpe_stn_mult': 0.15074884740580502, 'g_stn_gpi_mult': 1.921507539896726, 'g_gpe_gpi_mult': 1.091397179768122}. Best is trial 727 with value: 0.12443175695097565.
[I 2026-05-28 23:54:51,659] Trial 757 finished with value: 0.14898806914816592 and parameters: {'ISTN': 61.208979210034386, 'I_gpe': 1.1668960451660295, 'I_gpi': 2.1998775604754535, 'noise_stn_sigma': 2.838269805391006, 'noise_gpe_sigma': 97.07694665078, 'noise_gpi_sigma': 89.67270257591856, 'g_stn_gpe_mult': 2.7692576631652086, 'g_gpe_stn_mult': 0.17891801589030307, 'g_stn_gpi_mult': 1.8844275096809515, 'g_gpe_gpi_mult': 1.108025843732608}. Best is trial 727 with value: 0.12443175695097565.
[I 2026-05-28 23:54:52,666] Trial 758 finished with value: 0.13261570737487022 and parameters: {'ISTN': 60.966096852474024, 'I_gpe': 1.2261741629769136, 'I_gpi': 2.1737364216060797, 'noise_stn_sigma': 3.4811599248837544, 'noise_gpe_sigma': 96.86304148002236, 'noise_gpi_sigma': 87.64769680094709, 'g_stn_gpe_mult': 2.8568449214981557, 'g_gpe_stn_mult': 0.1523943111277, 'g_stn_gpi_mult': 1.8306422057568936, 'g_gpe_gpi_mult': 1.0963593378091696}. Best is trial 727 with value: 0.12443175695097565.
[I 2026-05-28 23:54:53,671] Trial 759 finished with value: 0.19170915101247957 and parameters: {'ISTN': 61.093490992968846, 'I_gpe': 1.367101947036228, 'I_gpi': 2.1848868380190907, 'noise_stn_sigma': 2.9239726601968745, 'noise_gpe_sigma': 101.08620069036165, 'noise_gpi_sigma': 80.89727098414619, 'g_stn_gpe_mult': 2.698134488380833, 'g_gpe_stn_mult': 0.16560152811155804, 'g_stn_gpi_mult': 1.8131519435028058, 'g_gpe_gpi_mult': 1.1373837255398638}. Best is trial 727 with value: 0.12443175695097565.
[I 2026-05-28 23:54:54,677] Trial 760 finished with value: 0.1593024856873468 and parameters: {'ISTN': 62.506382441502396, 'I_gpe': 1.2511454124736294, 'I_gpi': 2.1284257876639274, 'noise_stn_sigma': 2.645792459059165, 'noise_gpe_sigma': 103.68185763699172, 'noise_gpi_sigma': 87.54248135305531, 'g_stn_gpe_mult': 2.9176760730096563, 'g_gpe_stn_mult': 0.15662844156109734, 'g_stn_gpi_mult': 1.863990601383555, 'g_gpe_gpi_mult': 1.0994009416125896}. Best is trial 727 with value: 0.12443175695097565.
[I 2026-05-28 23:54:55,686] Trial 761 finished with value: 0.1547506019282593 and parameters: {'ISTN': 61.95604588360848, 'I_gpe': 1.2375705261301966, 'I_gpi': 2.143229756015285, 'noise_stn_sigma': 2.8603130222623485, 'noise_gpe_sigma': 98.70600675226713, 'noise_gpi_sigma': 78.64702969555586, 'g_stn_gpe_mult': 3.0419375982823498, 'g_gpe_stn_mult': 0.17056620599045677, 'g_stn_gpi_mult': 1.9789948696285267, 'g_gpe_gpi_mult': 1.1604653904150388}. Best is trial 727 with value: 0.12443175695097565.
[I 2026-05-28 23:54:56,692] Trial 762 finished with value: 0.12967499956861514 and parameters: {'ISTN': 60.62862697678455, 'I_gpe': 1.3460932715890284, 'I_gpi': 2.190328871366991, 'noise_stn_sigma': 3.2811748097055644, 'noise_gpe_sigma': 97.9761965632286, 'noise_gpi_sigma': 93.95333101979593, 'g_stn_gpe_mult': 2.8730274187628195, 'g_gpe_stn_mult': 0.1617104392296314, 'g_stn_gpi_mult': 2.020630475319704, 'g_gpe_gpi_mult': 1.1309836812400336}. Best is trial 727 with value: 0.12443175695097565.
[I 2026-05-28 23:54:57,701] Trial 763 finished with value: 0.15050036150382495 and parameters: {'ISTN': 60.64892109205489, 'I_gpe': 1.144990429785421, 'I_gpi': 2.3318930720220474, 'noise_stn_sigma': 3.5705761788961774, 'noise_gpe_sigma': 92.89800589362004, 'noise_gpi_sigma': 94.36551725378789, 'g_stn_gpe_mult': 2.7505897604772125, 'g_gpe_stn_mult': 0.15857738697478382, 'g_stn_gpi_mult': 1.813636432977119, 'g_gpe_gpi_mult': 1.0817126413640143}. Best is trial 727 with value: 0.12443175695097565.
[I 2026-05-28 23:54:58,706] Trial 764 finished with value: 0.1595781585234186 and parameters: {'ISTN': 62.622339307357635, 'I_gpe': 1.3168919267228287, 'I_gpi': 2.121800914588764, 'noise_stn_sigma': 2.989255988944037, 'noise_gpe_sigma': 96.38765545455128, 'noise_gpi_sigma': 80.37084664531673, 'g_stn_gpe_mult': 2.840428602188082, 'g_gpe_stn_mult': 0.16101760088733352, 'g_stn_gpi_mult': 1.9118244775179403, 'g_gpe_gpi_mult': 1.0693811718850519}. Best is trial 727 with value: 0.12443175695097565.
[I 2026-05-28 23:54:59,713] Trial 765 finished with value: 0.1364700133339892 and parameters: {'ISTN': 61.06484083786444, 'I_gpe': 1.2509548934495682, 'I_gpi': 2.1959978641322633, 'noise_stn_sigma': 3.361147041404621, 'noise_gpe_sigma': 89.15987522890227, 'noise_gpi_sigma': 77.829669940265, 'g_stn_gpe_mult': 2.870554719648827, 'g_gpe_stn_mult': 0.17396364902665346, 'g_stn_gpi_mult': 1.9561131520884596, 'g_gpe_gpi_mult': 1.1301488161840498}. Best is trial 727 with value: 0.12443175695097565.
[I 2026-05-28 23:55:00,719] Trial 766 finished with value: 0.13236696472268336 and parameters: {'ISTN': 61.67495725429582, 'I_gpe': 1.334354272481718, 'I_gpi': 2.1625553949878302, 'noise_stn_sigma': 3.366661861004129, 'noise_gpe_sigma': 96.09663252182835, 'noise_gpi_sigma': 81.17550235441709, 'g_stn_gpe_mult': 2.8591375194906195, 'g_gpe_stn_mult': 0.1426197202809255, 'g_stn_gpi_mult': 1.9222898063202893, 'g_gpe_gpi_mult': 1.0969709232814726}. Best is trial 727 with value: 0.12443175695097565.
[I 2026-05-28 23:55:01,726] Trial 767 finished with value: 0.13012395756016307 and parameters: {'ISTN': 61.05414671348709, 'I_gpe': 1.3916884653815504, 'I_gpi': 2.134960779013531, 'noise_stn_sigma': 2.9897926145897933, 'noise_gpe_sigma': 97.3115881038088, 'noise_gpi_sigma': 89.08705782889248, 'g_stn_gpe_mult': 2.7786873074352414, 'g_gpe_stn_mult': 0.15378994785061076, 'g_stn_gpi_mult': 1.8222680677297762, 'g_gpe_gpi_mult': 1.1588795610001486}. Best is trial 727 with value: 0.12443175695097565.
[I 2026-05-28 23:55:02,733] Trial 768 finished with value: 0.13661275303507847 and parameters: {'ISTN': 61.2329065801206, 'I_gpe': 1.3825489690348705, 'I_gpi': 2.151025702063036, 'noise_stn_sigma': 2.9780955122997943, 'noise_gpe_sigma': 96.68925920974945, 'noise_gpi_sigma': 83.77868075480384, 'g_stn_gpe_mult': 2.7413037449888016, 'g_gpe_stn_mult': 0.16189859389756364, 'g_stn_gpi_mult': 1.9717601290737383, 'g_gpe_gpi_mult': 1.1297782406027062}. Best is trial 727 with value: 0.12443175695097565.
[I 2026-05-28 23:55:03,739] Trial 769 finished with value: 0.14202228429241923 and parameters: {'ISTN': 61.49345769547137, 'I_gpe': 1.2754219767913069, 'I_gpi': 2.2480363613556538, 'noise_stn_sigma': 3.5302006000911135, 'noise_gpe_sigma': 92.04137408541843, 'noise_gpi_sigma': 91.0506339971086, 'g_stn_gpe_mult': 2.709068565862774, 'g_gpe_stn_mult': 0.15336809967451187, 'g_stn_gpi_mult': 1.9061920245782793, 'g_gpe_gpi_mult': 1.0797303568411303}. Best is trial 727 with value: 0.12443175695097565.
[I 2026-05-28 23:55:04,747] Trial 770 finished with value: 0.13418703647075436 and parameters: {'ISTN': 60.64579159553938, 'I_gpe': 1.2662055541441322, 'I_gpi': 2.294912961587886, 'noise_stn_sigma': 3.3031456769679446, 'noise_gpe_sigma': 92.45984190056966, 'noise_gpi_sigma': 91.75831039003498, 'g_stn_gpe_mult': 2.749528327861868, 'g_gpe_stn_mult': 0.15700768861209718, 'g_stn_gpi_mult': 1.7807009569208563, 'g_gpe_gpi_mult': 1.1213470924614615}. Best is trial 727 with value: 0.12443175695097565.
[I 2026-05-28 23:55:05,754] Trial 771 finished with value: 0.23076588863930292 and parameters: {'ISTN': 62.10344717041908, 'I_gpe': 1.3453757776372424, 'I_gpi': 2.1751594465272963, 'noise_stn_sigma': 3.1720839176559954, 'noise_gpe_sigma': 97.74501139004921, 'noise_gpi_sigma': 86.67011843660612, 'g_stn_gpe_mult': 2.9617993118951453, 'g_gpe_stn_mult': 0.15433468995401134, 'g_stn_gpi_mult': 1.8881649457992233, 'g_gpe_gpi_mult': 1.1390613822716176}. Best is trial 727 with value: 0.12443175695097565.
[I 2026-05-28 23:55:06,762] Trial 772 finished with value: 0.13488943248471416 and parameters: {'ISTN': 60.19051819445767, 'I_gpe': 1.3881149508618957, 'I_gpi': 2.169578800593531, 'noise_stn_sigma': 3.484122429550684, 'noise_gpe_sigma': 94.83748302646322, 'noise_gpi_sigma': 93.69104863031907, 'g_stn_gpe_mult': 2.830802085896635, 'g_gpe_stn_mult': 0.1562525832156862, 'g_stn_gpi_mult': 1.999970747455358, 'g_gpe_gpi_mult': 1.1360219866828487}. Best is trial 727 with value: 0.12443175695097565.
[I 2026-05-28 23:55:07,766] Trial 773 finished with value: 0.22550390741777948 and parameters: {'ISTN': 60.899044545161466, 'I_gpe': 1.3275740644299117, 'I_gpi': 2.052373058892353, 'noise_stn_sigma': 3.26933749903962, 'noise_gpe_sigma': 94.37640190052039, 'noise_gpi_sigma': 83.16134212805277, 'g_stn_gpe_mult': 2.931840763822995, 'g_gpe_stn_mult': 0.14276906804840186, 'g_stn_gpi_mult': 1.9267202327876136, 'g_gpe_gpi_mult': 1.1017930861545764}. Best is trial 727 with value: 0.12443175695097565.
[I 2026-05-28 23:55:08,775] Trial 774 finished with value: 0.13272659464666572 and parameters: {'ISTN': 61.302562412874714, 'I_gpe': 1.2619466529840047, 'I_gpi': 2.0951981443946353, 'noise_stn_sigma': 3.069402912278946, 'noise_gpe_sigma': 91.46765224299115, 'noise_gpi_sigma': 87.44318146691485, 'g_stn_gpe_mult': 2.738204380902218, 'g_gpe_stn_mult': 0.15628485576526252, 'g_stn_gpi_mult': 1.9229256454650332, 'g_gpe_gpi_mult': 1.1482890680979019}. Best is trial 727 with value: 0.12443175695097565.
[I 2026-05-28 23:55:09,782] Trial 775 finished with value: 0.14146234334499275 and parameters: {'ISTN': 60.25366346146288, 'I_gpe': 1.3925390895872922, 'I_gpi': 2.3011648662684836, 'noise_stn_sigma': 3.2898926296492372, 'noise_gpe_sigma': 92.9154027187525, 'noise_gpi_sigma': 95.36760255615539, 'g_stn_gpe_mult': 2.7915197784544636, 'g_gpe_stn_mult': 0.1544726109369558, 'g_stn_gpi_mult': 1.9204514879659216, 'g_gpe_gpi_mult': 1.1398006194502601}. Best is trial 727 with value: 0.12443175695097565.
[I 2026-05-28 23:55:10,790] Trial 776 finished with value: 0.1703798613608246 and parameters: {'ISTN': 61.14740930249567, 'I_gpe': 1.3336215042797694, 'I_gpi': 2.1915988299029845, 'noise_stn_sigma': 3.113574276984827, 'noise_gpe_sigma': 96.79063993914009, 'noise_gpi_sigma': 88.05498994605138, 'g_stn_gpe_mult': 2.7166843118334287, 'g_gpe_stn_mult': 0.16205854708838818, 'g_stn_gpi_mult': 2.0818031753265442, 'g_gpe_gpi_mult': 1.1499118433479119}. Best is trial 727 with value: 0.12443175695097565.
[I 2026-05-28 23:55:11,797] Trial 777 finished with value: 0.13760471104738373 and parameters: {'ISTN': 60.93381514789071, 'I_gpe': 1.4142134030356495, 'I_gpi': 2.2142568921159294, 'noise_stn_sigma': 3.3986325298635145, 'noise_gpe_sigma': 100.15687512634427, 'noise_gpi_sigma': 94.81433061341053, 'g_stn_gpe_mult': 2.744817013537476, 'g_gpe_stn_mult': 0.15559184821157013, 'g_stn_gpi_mult': 2.0404650502315054, 'g_gpe_gpi_mult': 1.1677808871981008}. Best is trial 727 with value: 0.12443175695097565.
[I 2026-05-28 23:55:12,804] Trial 778 finished with value: 0.14389336059359653 and parameters: {'ISTN': 62.48759239621152, 'I_gpe': 1.283446942415139, 'I_gpi': 2.1507541427569787, 'noise_stn_sigma': 3.35190342161885, 'noise_gpe_sigma': 94.75941688827207, 'noise_gpi_sigma': 88.27383837705622, 'g_stn_gpe_mult': 2.7973110407990323, 'g_gpe_stn_mult': 0.1265660005400246, 'g_stn_gpi_mult': 1.964388545888291, 'g_gpe_gpi_mult': 1.0931765504603241}. Best is trial 727 with value: 0.12443175695097565.
[I 2026-05-28 23:55:13,812] Trial 779 finished with value: 0.12442359496695499 and parameters: {'ISTN': 60.12249351900097, 'I_gpe': 1.2931326882557923, 'I_gpi': 2.176209897216851, 'noise_stn_sigma': 3.179559756629165, 'noise_gpe_sigma': 100.30724365331695, 'noise_gpi_sigma': 91.44406648763182, 'g_stn_gpe_mult': 2.856357708750606, 'g_gpe_stn_mult': 0.1647790745749524, 'g_stn_gpi_mult': 1.8154404454714481, 'g_gpe_gpi_mult': 1.1688559269553735}. Best is trial 779 with value: 0.12442359496695499.
[I 2026-05-28 23:55:14,818] Trial 780 finished with value: 0.15089410074030257 and parameters: {'ISTN': 62.1639159650366, 'I_gpe': 1.4201389189904972, 'I_gpi': 2.1317252788959733, 'noise_stn_sigma': 3.217671734250701, 'noise_gpe_sigma': 94.37891312268762, 'noise_gpi_sigma': 91.95477114928445, 'g_stn_gpe_mult': 2.750538262506118, 'g_gpe_stn_mult': 0.14831393468555581, 'g_stn_gpi_mult': 2.102548861996514, 'g_gpe_gpi_mult': 1.1039665074795653}. Best is trial 779 with value: 0.12442359496695499.
[I 2026-05-28 23:55:15,825] Trial 781 finished with value: 0.135017556432335 and parameters: {'ISTN': 62.00641996623391, 'I_gpe': 1.3568330258740775, 'I_gpi': 2.1811112889547877, 'noise_stn_sigma': 3.2785242143255418, 'noise_gpe_sigma': 95.20420526159944, 'noise_gpi_sigma': 94.15661340851814, 'g_stn_gpe_mult': 2.7741330069646155, 'g_gpe_stn_mult': 0.13658528650520657, 'g_stn_gpi_mult': 1.880659188729384, 'g_gpe_gpi_mult': 1.1295657802145598}. Best is trial 779 with value: 0.12442359496695499.
[I 2026-05-28 23:55:16,835] Trial 782 finished with value: 0.13900548329240284 and parameters: {'ISTN': 60.308944739944096, 'I_gpe': 1.2592031520385571, 'I_gpi': 2.2869694546186166, 'noise_stn_sigma': 3.4285996170362827, 'noise_gpe_sigma': 86.657011146734, 'noise_gpi_sigma': 93.23586351928002, 'g_stn_gpe_mult': 2.8588482668496322, 'g_gpe_stn_mult': 0.16510244065608068, 'g_stn_gpi_mult': 2.032098342835717, 'g_gpe_gpi_mult': 1.1310163643916042}. Best is trial 779 with value: 0.12442359496695499.
[I 2026-05-28 23:55:17,842] Trial 783 finished with value: 0.14904419245564504 and parameters: {'ISTN': 61.21133542806714, 'I_gpe': 1.3343256198423532, 'I_gpi': 2.0798562384440236, 'noise_stn_sigma': 3.2692476177149845, 'noise_gpe_sigma': 100.36770521243926, 'noise_gpi_sigma': 80.64896088001328, 'g_stn_gpe_mult': 2.697909899876722, 'g_gpe_stn_mult': 0.15646586614257202, 'g_stn_gpi_mult': 2.09960732170812, 'g_gpe_gpi_mult': 1.1352218649921206}. Best is trial 779 with value: 0.12442359496695499.
[I 2026-05-28 23:55:18,850] Trial 784 finished with value: 0.13803924601459722 and parameters: {'ISTN': 61.3024056455976, 'I_gpe': 1.3370146026258742, 'I_gpi': 2.041099490191013, 'noise_stn_sigma': 3.123169961735661, 'noise_gpe_sigma': 98.41756089221542, 'noise_gpi_sigma': 86.79618030240123, 'g_stn_gpe_mult': 2.8116980674058394, 'g_gpe_stn_mult': 0.15448617812812576, 'g_stn_gpi_mult': 1.9254727773742775, 'g_gpe_gpi_mult': 1.1883690996724985}. Best is trial 779 with value: 0.12442359496695499.
[I 2026-05-28 23:55:19,857] Trial 785 finished with value: 0.13349260674664212 and parameters: {'ISTN': 60.06306533468955, 'I_gpe': 1.2232253741409767, 'I_gpi': 2.0334741787702937, 'noise_stn_sigma': 3.133973703846559, 'noise_gpe_sigma': 98.53490257989, 'noise_gpi_sigma': 86.30195838838891, 'g_stn_gpe_mult': 2.8853874613500636, 'g_gpe_stn_mult': 0.18107300551965944, 'g_stn_gpi_mult': 1.8677526053106215, 'g_gpe_gpi_mult': 1.1147288997196887}. Best is trial 779 with value: 0.12442359496695499.
[I 2026-05-28 23:55:20,862] Trial 786 finished with value: 0.13355123819807513 and parameters: {'ISTN': 61.083603004721425, 'I_gpe': 1.2080170414527485, 'I_gpi': 2.170139112160985, 'noise_stn_sigma': 3.0274672686535187, 'noise_gpe_sigma': 92.0401389133261, 'noise_gpi_sigma': 88.03861552727145, 'g_stn_gpe_mult': 2.5865474987300274, 'g_gpe_stn_mult': 0.15231831420436232, 'g_stn_gpi_mult': 1.8928560714641192, 'g_gpe_gpi_mult': 1.1127258077080624}. Best is trial 779 with value: 0.12442359496695499.
[I 2026-05-28 23:55:21,869] Trial 787 finished with value: 0.13828842185146942 and parameters: {'ISTN': 60.71258633812581, 'I_gpe': 1.2895531873963264, 'I_gpi': 2.1042084951784767, 'noise_stn_sigma': 3.182591956345094, 'noise_gpe_sigma': 98.92376946939014, 'noise_gpi_sigma': 90.42030668775656, 'g_stn_gpe_mult': 2.892122345523254, 'g_gpe_stn_mult': 0.13377565401607294, 'g_stn_gpi_mult': 1.8169556261868953, 'g_gpe_gpi_mult': 1.149511425235707}. Best is trial 779 with value: 0.12442359496695499.
[I 2026-05-28 23:55:22,875] Trial 788 finished with value: 0.1528993661136861 and parameters: {'ISTN': 62.343773404915645, 'I_gpe': 1.371829031997611, 'I_gpi': 2.070386932854399, 'noise_stn_sigma': 3.016970304789381, 'noise_gpe_sigma': 93.2131778982947, 'noise_gpi_sigma': 90.45837882591712, 'g_stn_gpe_mult': 2.880546026875986, 'g_gpe_stn_mult': 0.15892495289334221, 'g_stn_gpi_mult': 2.005041377501749, 'g_gpe_gpi_mult': 1.1502984527161269}. Best is trial 779 with value: 0.12442359496695499.
[I 2026-05-28 23:55:23,879] Trial 789 finished with value: 0.13737877944915325 and parameters: {'ISTN': 60.369504883665535, 'I_gpe': 1.3202488807027837, 'I_gpi': 2.1900079320727386, 'noise_stn_sigma': 3.4710092567802158, 'noise_gpe_sigma': 94.03600978451936, 'noise_gpi_sigma': 91.55776598208683, 'g_stn_gpe_mult': 2.819452338437415, 'g_gpe_stn_mult': 0.13193248533521537, 'g_stn_gpi_mult': 1.8066161242486594, 'g_gpe_gpi_mult': 1.105507102696846}. Best is trial 779 with value: 0.12442359496695499.
[I 2026-05-28 23:55:24,884] Trial 790 finished with value: 0.14816674766142884 and parameters: {'ISTN': 60.221824207271126, 'I_gpe': 1.3270872002160856, 'I_gpi': 2.143214019754285, 'noise_stn_sigma': 3.5255582677982664, 'noise_gpe_sigma': 96.25535021141722, 'noise_gpi_sigma': 95.16081711029332, 'g_stn_gpe_mult': 2.84905550780753, 'g_gpe_stn_mult': 0.15493273410268038, 'g_stn_gpi_mult': 1.9614655462765331, 'g_gpe_gpi_mult': 1.1347043683775064}. Best is trial 779 with value: 0.12442359496695499.
[I 2026-05-28 23:55:25,893] Trial 791 finished with value: 0.1376522412830721 and parameters: {'ISTN': 62.01269182254522, 'I_gpe': 1.3681486985579223, 'I_gpi': 2.0820919030423153, 'noise_stn_sigma': 2.7571952865630154, 'noise_gpe_sigma': 97.82685545358723, 'noise_gpi_sigma': 92.42310184430788, 'g_stn_gpe_mult': 2.708236726707935, 'g_gpe_stn_mult': 0.13916479179237468, 'g_stn_gpi_mult': 1.931357003147182, 'g_gpe_gpi_mult': 1.1131705371467306}. Best is trial 779 with value: 0.12442359496695499.
