[I 2026-05-28 23:39:58,413] Trial 880 finished with value: 0.6144903080033925 and parameters: {'ISTN': 60.29828662936869, 'I_gpe': 1.4046450703935274, 'I_gpi': 2.0579372011773307, 'noise_stn_sigma': 6.974648026016032, 'noise_gpe_sigma': 125.49446077840129, 'noise_gpi_sigma': 101.41743162690412, 'g_stn_gpe_mult': 2.9307039781867994, 'g_gpe_stn_mult': 0.5021389429177263, 'g_stn_gpi_mult': 3.1871818303170745, 'g_gpe_gpi_mult': 0.4991442876603183}. Best is trial 855 with value: 0.3684472722325858.
[I 2026-05-28 23:39:59,423] Trial 881 finished with value: 0.5512054648617378 and parameters: {'ISTN': 60.161956644053106, 'I_gpe': 1.3749798885626967, 'I_gpi': 2.1161126354369215, 'noise_stn_sigma': 7.018050441277974, 'noise_gpe_sigma': 127.25492249337138, 'noise_gpi_sigma': 102.91797428243387, 'g_stn_gpe_mult': 2.9766808391014834, 'g_gpe_stn_mult': 0.4903609620068854, 'g_stn_gpi_mult': 3.1126492283152274, 'g_gpe_gpi_mult': 0.4976971782451815}. Best is trial 855 with value: 0.3684472722325858.
[I 2026-05-28 23:40:00,430] Trial 882 finished with value: 0.3844832407081867 and parameters: {'ISTN': 60.53898629214217, 'I_gpe': 1.3852319074056412, 'I_gpi': 2.1540679517776287, 'noise_stn_sigma': 7.038665688847581, 'noise_gpe_sigma': 127.30535503549626, 'noise_gpi_sigma': 101.48996781119367, 'g_stn_gpe_mult': 2.9910315974524817, 'g_gpe_stn_mult': 0.5064715631643577, 'g_stn_gpi_mult': 3.165347995214808, 'g_gpe_gpi_mult': 0.5088432270345749}. Best is trial 855 with value: 0.3684472722325858.
[I 2026-05-28 23:40:01,439] Trial 883 finished with value: 2.8514739483580778 and parameters: {'ISTN': 60.998618574026, 'I_gpe': 1.3629136050428114, 'I_gpi': 2.1017717575958255, 'noise_stn_sigma': 6.959710725236496, 'noise_gpe_sigma': 127.06955631049028, 'noise_gpi_sigma': 102.76119682386282, 'g_stn_gpe_mult': 2.9864154440566995, 'g_gpe_stn_mult': 0.5078131244760699, 'g_stn_gpi_mult': 3.2001748046547442, 'g_gpe_gpi_mult': 0.5033560785319009}. Best is trial 855 with value: 0.3684472722325858.
[I 2026-05-28 23:40:02,388] Trial 884 finished with value: 1000000.0 and parameters: {'ISTN': 60.72348800512864, 'I_gpe': 1.395371349392124, 'I_gpi': 2.1107333113814946, 'noise_stn_sigma': 6.98517787930342, 'noise_gpe_sigma': 127.47898638549071, 'noise_gpi_sigma': 102.7649742862507, 'g_stn_gpe_mult': 2.9664274397367603, 'g_gpe_stn_mult': 0.5070837804420021, 'g_stn_gpi_mult': 3.1861086335485167, 'g_gpe_gpi_mult': 0.5066162696692298}. Best is trial 855 with value: 0.3684472722325858.
[I 2026-05-28 23:40:03,395] Trial 885 finished with value: 0.9830955722642015 and parameters: {'ISTN': 60.75701572670211, 'I_gpe': 1.3740841597887266, 'I_gpi': 2.082214376885127, 'noise_stn_sigma': 7.002245776923579, 'noise_gpe_sigma': 127.08115920357376, 'noise_gpi_sigma': 101.7073049655556, 'g_stn_gpe_mult': 2.9748872903402557, 'g_gpe_stn_mult': 0.5038311620544608, 'g_stn_gpi_mult': 3.195096295941763, 'g_gpe_gpi_mult': 0.5047593642014931}. Best is trial 855 with value: 0.3684472722325858.
[I 2026-05-28 23:40:04,403] Trial 886 finished with value: 2.059244650590932 and parameters: {'ISTN': 60.3440481856497, 'I_gpe': 1.3982079547732016, 'I_gpi': 2.146186264834189, 'noise_stn_sigma': 6.93412825408225, 'noise_gpe_sigma': 127.14428281369662, 'noise_gpi_sigma': 101.97142362735666, 'g_stn_gpe_mult': 2.9894852709937934, 'g_gpe_stn_mult': 0.5055450799411983, 'g_stn_gpi_mult': 3.1912013807955084, 'g_gpe_gpi_mult': 0.4962734487646032}. Best is trial 855 with value: 0.3684472722325858.
[I 2026-05-28 23:40:05,409] Trial 887 finished with value: 1.066891647820165 and parameters: {'ISTN': 60.55613175393786, 'I_gpe': 1.3939164526989, 'I_gpi': 2.139045795646715, 'noise_stn_sigma': 6.949895439627856, 'noise_gpe_sigma': 126.67977071444908, 'noise_gpi_sigma': 102.05544176995652, 'g_stn_gpe_mult': 2.935389595701978, 'g_gpe_stn_mult': 0.5109178955011261, 'g_stn_gpi_mult': 3.158622386127612, 'g_gpe_gpi_mult': 0.5005874490810964}. Best is trial 855 with value: 0.3684472722325858.
[I 2026-05-28 23:40:06,418] Trial 888 finished with value: 3.3037286918273425 and parameters: {'ISTN': 61.194967606085484, 'I_gpe': 1.3972303235475259, 'I_gpi': 2.1367036727230553, 'noise_stn_sigma': 6.931217035869538, 'noise_gpe_sigma': 125.77759666631887, 'noise_gpi_sigma': 103.2374606541312, 'g_stn_gpe_mult': 2.984736116965928, 'g_gpe_stn_mult': 0.5173965302092832, 'g_stn_gpi_mult': 3.1749809862932574, 'g_gpe_gpi_mult': 0.4967166912335332}. Best is trial 855 with value: 0.3684472722325858.
[I 2026-05-28 23:40:07,427] Trial 889 finished with value: 0.41525302617523663 and parameters: {'ISTN': 60.37535809059616, 'I_gpe': 1.3852215663745941, 'I_gpi': 2.114963637560802, 'noise_stn_sigma': 6.997611139880211, 'noise_gpe_sigma': 127.070633980134, 'noise_gpi_sigma': 102.1078437871211, 'g_stn_gpe_mult': 2.958172263952709, 'g_gpe_stn_mult': 0.5066761934256153, 'g_stn_gpi_mult': 3.1891755582434502, 'g_gpe_gpi_mult': 0.4989017079279387}. Best is trial 855 with value: 0.3684472722325858.
[I 2026-05-28 23:40:08,434] Trial 890 finished with value: 0.7284033664088562 and parameters: {'ISTN': 60.528281036277505, 'I_gpe': 1.3813114883402757, 'I_gpi': 2.12232589443998, 'noise_stn_sigma': 6.967032144462828, 'noise_gpe_sigma': 127.28647940821264, 'noise_gpi_sigma': 102.28759277560354, 'g_stn_gpe_mult': 2.9740054805793688, 'g_gpe_stn_mult': 0.5010730262401668, 'g_stn_gpi_mult': 3.184939213341504, 'g_gpe_gpi_mult': 0.4963579996199483}. Best is trial 855 with value: 0.3684472722325858.
[I 2026-05-28 23:40:09,443] Trial 891 finished with value: 0.3744580083190397 and parameters: {'ISTN': 60.23086915882798, 'I_gpe': 1.3750433697827957, 'I_gpi': 2.1138887591773416, 'noise_stn_sigma': 7.061871795470717, 'noise_gpe_sigma': 127.79916218605774, 'noise_gpi_sigma': 101.63485393421291, 'g_stn_gpe_mult': 2.9851351206491934, 'g_gpe_stn_mult': 0.4979995144680126, 'g_stn_gpi_mult': 3.1961568867402548, 'g_gpe_gpi_mult': 0.49970275907061734}. Best is trial 855 with value: 0.3684472722325858.
[I 2026-05-28 23:40:10,452] Trial 892 finished with value: 0.4860720258756012 and parameters: {'ISTN': 60.71581728462538, 'I_gpe': 1.3978422840369404, 'I_gpi': 2.1943257106988394, 'noise_stn_sigma': 7.002075635461667, 'noise_gpe_sigma': 127.20587663697282, 'noise_gpi_sigma': 101.939624700764, 'g_stn_gpe_mult': 2.991302099951439, 'g_gpe_stn_mult': 0.5056533440781973, 'g_stn_gpi_mult': 3.1513621677198835, 'g_gpe_gpi_mult': 0.5050397000898615}. Best is trial 855 with value: 0.3684472722325858.
[I 2026-05-28 23:40:11,461] Trial 893 finished with value: 0.7508093107978315 and parameters: {'ISTN': 60.217451147871294, 'I_gpe': 1.3653707589368769, 'I_gpi': 2.1181270178194636, 'noise_stn_sigma': 7.027341091125738, 'noise_gpe_sigma': 127.67007293499769, 'noise_gpi_sigma': 102.5908305113583, 'g_stn_gpe_mult': 2.995999015973664, 'g_gpe_stn_mult': 0.497651798409828, 'g_stn_gpi_mult': 3.1702197610476177, 'g_gpe_gpi_mult': 0.4972141025689025}. Best is trial 855 with value: 0.3684472722325858.
[I 2026-05-28 23:40:12,468] Trial 894 finished with value: 1.9009866928030112 and parameters: {'ISTN': 60.68606998571708, 'I_gpe': 1.3827808628494032, 'I_gpi': 2.1483883673221174, 'noise_stn_sigma': 7.0601372870853805, 'noise_gpe_sigma': 127.18167160285736, 'noise_gpi_sigma': 102.68990148572145, 'g_stn_gpe_mult': 2.985562540460025, 'g_gpe_stn_mult': 0.4990475181879004, 'g_stn_gpi_mult': 3.1948909612463914, 'g_gpe_gpi_mult': 0.5033075301885706}. Best is trial 855 with value: 0.3684472722325858.
[I 2026-05-28 23:40:13,477] Trial 895 finished with value: 0.3941305364843404 and parameters: {'ISTN': 60.357002307497844, 'I_gpe': 1.3976618799233798, 'I_gpi': 2.1731351593619372, 'noise_stn_sigma': 6.962203110768389, 'noise_gpe_sigma': 126.85309711521998, 'noise_gpi_sigma': 100.95138726894712, 'g_stn_gpe_mult': 2.959877318107032, 'g_gpe_stn_mult': 0.5076757388470774, 'g_stn_gpi_mult': 3.1908936709377835, 'g_gpe_gpi_mult': 0.5079823122527316}. Best is trial 855 with value: 0.3684472722325858.
[I 2026-05-28 23:40:14,486] Trial 896 finished with value: 0.4599351837824332 and parameters: {'ISTN': 60.42485077054194, 'I_gpe': 1.392539252337374, 'I_gpi': 2.170914480567407, 'noise_stn_sigma': 6.9987378923339865, 'noise_gpe_sigma': 127.61905997621163, 'noise_gpi_sigma': 101.72844947753006, 'g_stn_gpe_mult': 2.953866462718354, 'g_gpe_stn_mult': 0.5086412651220161, 'g_stn_gpi_mult': 3.1649274246640333, 'g_gpe_gpi_mult': 0.5105616006047249}. Best is trial 855 with value: 0.3684472722325858.
[I 2026-05-28 23:40:15,494] Trial 897 finished with value: 0.41272576942146505 and parameters: {'ISTN': 60.63683685514132, 'I_gpe': 1.384475396343823, 'I_gpi': 2.126166237388347, 'noise_stn_sigma': 7.089303324721412, 'noise_gpe_sigma': 126.78916657574982, 'noise_gpi_sigma': 102.17296518047365, 'g_stn_gpe_mult': 2.9736636288710634, 'g_gpe_stn_mult': 0.5079109239319427, 'g_stn_gpi_mult': 3.2003366010280545, 'g_gpe_gpi_mult': 0.5010103553819766}. Best is trial 855 with value: 0.3684472722325858.
[I 2026-05-28 23:40:16,502] Trial 898 finished with value: 1.014041327373749 and parameters: {'ISTN': 60.555085890827606, 'I_gpe': 1.3691249466494104, 'I_gpi': 2.1566676455838225, 'noise_stn_sigma': 7.029020307862534, 'noise_gpe_sigma': 128.0099890994166, 'noise_gpi_sigma': 101.25793625571643, 'g_stn_gpe_mult': 2.9780441790830254, 'g_gpe_stn_mult': 0.5044740313621723, 'g_stn_gpi_mult': 3.1648748460259726, 'g_gpe_gpi_mult': 0.5015316334000962}. Best is trial 855 with value: 0.3684472722325858.
[I 2026-05-28 23:40:17,511] Trial 899 finished with value: 0.3786060883077987 and parameters: {'ISTN': 60.507628119548166, 'I_gpe': 1.3783674042903427, 'I_gpi': 2.1293926255883004, 'noise_stn_sigma': 6.9319841518979475, 'noise_gpe_sigma': 127.6571118039002, 'noise_gpi_sigma': 100.32444412675568, 'g_stn_gpe_mult': 2.9786409840873587, 'g_gpe_stn_mult': 0.5060461271649833, 'g_stn_gpi_mult': 3.1975501231770234, 'g_gpe_gpi_mult': 0.504578874654146}. Best is trial 855 with value: 0.3684472722325858.
[I 2026-05-28 23:40:18,521] Trial 900 finished with value: 0.6005983547213363 and parameters: {'ISTN': 60.73389574147161, 'I_gpe': 1.3849348354766713, 'I_gpi': 2.158642503486668, 'noise_stn_sigma': 6.972667626447862, 'noise_gpe_sigma': 126.95482620571737, 'noise_gpi_sigma': 102.19066340827256, 'g_stn_gpe_mult': 2.9268297379883004, 'g_gpe_stn_mult': 0.5108999398966148, 'g_stn_gpi_mult': 3.161934983808101, 'g_gpe_gpi_mult': 0.5055009603268457}. Best is trial 855 with value: 0.3684472722325858.
[I 2026-05-28 23:40:19,530] Trial 901 finished with value: 0.3974927853782918 and parameters: {'ISTN': 60.07982844621184, 'I_gpe': 1.3927522976173572, 'I_gpi': 2.1237742573450946, 'noise_stn_sigma': 6.996113993399855, 'noise_gpe_sigma': 127.54727833887708, 'noise_gpi_sigma': 101.19322357773929, 'g_stn_gpe_mult': 2.9680368489811224, 'g_gpe_stn_mult': 0.4984205266005437, 'g_stn_gpi_mult': 3.2022716925084573, 'g_gpe_gpi_mult': 0.5049695759111701}. Best is trial 855 with value: 0.3684472722325858.
[I 2026-05-28 23:40:20,539] Trial 902 finished with value: 0.779035043517327 and parameters: {'ISTN': 60.118252969403265, 'I_gpe': 1.3949025725114972, 'I_gpi': 2.141522846786578, 'noise_stn_sigma': 6.99120393519374, 'noise_gpe_sigma': 126.56300462202887, 'noise_gpi_sigma': 101.65352329200206, 'g_stn_gpe_mult': 2.9619288819997034, 'g_gpe_stn_mult': 0.5029259733561612, 'g_stn_gpi_mult': 3.1782087221398196, 'g_gpe_gpi_mult': 0.5109116911871572}. Best is trial 855 with value: 0.3684472722325858.
[I 2026-05-28 23:40:21,487] Trial 903 finished with value: 1000000.0 and parameters: {'ISTN': 60.302134347079715, 'I_gpe': 1.3775592067376419, 'I_gpi': 2.1466317479150456, 'noise_stn_sigma': 7.040523356543094, 'noise_gpe_sigma': 127.49072708460098, 'noise_gpi_sigma': 100.94150991213361, 'g_stn_gpe_mult': 2.996087378008885, 'g_gpe_stn_mult': 0.5050172266274147, 'g_stn_gpi_mult': 3.2194805191101357, 'g_gpe_gpi_mult': 0.5074829376817768}. Best is trial 855 with value: 0.3684472722325858.
[I 2026-05-28 23:40:22,494] Trial 904 finished with value: 1.1337752040978755 and parameters: {'ISTN': 60.236658528324774, 'I_gpe': 1.3791035853526916, 'I_gpi': 2.163769145692952, 'noise_stn_sigma': 6.978008821201809, 'noise_gpe_sigma': 127.07068252028533, 'noise_gpi_sigma': 99.88346066204656, 'g_stn_gpe_mult': 2.9607002735096652, 'g_gpe_stn_mult': 0.512167663817758, 'g_stn_gpi_mult': 3.199289135779129, 'g_gpe_gpi_mult': 0.5010818320531383}. Best is trial 855 with value: 0.3684472722325858.
[I 2026-05-28 23:40:23,505] Trial 905 finished with value: 0.5665660847263232 and parameters: {'ISTN': 60.44151853963912, 'I_gpe': 1.3759460617616512, 'I_gpi': 2.108746023258446, 'noise_stn_sigma': 6.999805163632208, 'noise_gpe_sigma': 127.82217962944237, 'noise_gpi_sigma': 102.14565760897517, 'g_stn_gpe_mult': 2.9692490351880725, 'g_gpe_stn_mult': 0.4942790911517638, 'g_stn_gpi_mult': 3.183771752401565, 'g_gpe_gpi_mult': 0.5027458619020113}. Best is trial 855 with value: 0.3684472722325858.
[I 2026-05-28 23:40:24,514] Trial 906 finished with value: 0.4632914934428705 and parameters: {'ISTN': 60.30547911649413, 'I_gpe': 1.3805010009123064, 'I_gpi': 2.13863484893029, 'noise_stn_sigma': 6.991687233633018, 'noise_gpe_sigma': 128.33152118420116, 'noise_gpi_sigma': 100.37017891011594, 'g_stn_gpe_mult': 2.969758492285791, 'g_gpe_stn_mult': 0.5042611485235241, 'g_stn_gpi_mult': 3.194777714681828, 'g_gpe_gpi_mult': 0.4965497680173627}. Best is trial 855 with value: 0.3684472722325858.
[I 2026-05-28 23:40:25,523] Trial 907 finished with value: 0.8793962351825411 and parameters: {'ISTN': 60.27446141355709, 'I_gpe': 1.3871395409655911, 'I_gpi': 2.1695700192982956, 'noise_stn_sigma': 7.004417580194971, 'noise_gpe_sigma': 127.59882323211552, 'noise_gpi_sigma': 99.82735975543302, 'g_stn_gpe_mult': 2.9639082157351337, 'g_gpe_stn_mult': 0.5057856882145314, 'g_stn_gpi_mult': 3.2114958139523595, 'g_gpe_gpi_mult': 0.49987459224733755}. Best is trial 855 with value: 0.3684472722325858.
[I 2026-05-28 23:40:26,531] Trial 908 finished with value: 0.8721238401467054 and parameters: {'ISTN': 60.472306298411375, 'I_gpe': 1.3825268114445939, 'I_gpi': 2.1094240605113947, 'noise_stn_sigma': 7.012713295805548, 'noise_gpe_sigma': 127.04757204935427, 'noise_gpi_sigma': 101.70517663146278, 'g_stn_gpe_mult': 2.9606185593764054, 'g_gpe_stn_mult': 0.5015501144006443, 'g_stn_gpi_mult': 3.211952793695546, 'g_gpe_gpi_mult': 0.49694580288519563}. Best is trial 855 with value: 0.3684472722325858.
[I 2026-05-28 23:40:27,541] Trial 909 finished with value: 0.4007335333416851 and parameters: {'ISTN': 60.36361877796827, 'I_gpe': 1.386828601182517, 'I_gpi': 2.1337335183630826, 'noise_stn_sigma': 7.083311427988489, 'noise_gpe_sigma': 127.26924518105389, 'noise_gpi_sigma': 102.09178225557191, 'g_stn_gpe_mult': 2.952966479023738, 'g_gpe_stn_mult': 0.5017247242719263, 'g_stn_gpi_mult': 3.1944132369431144, 'g_gpe_gpi_mult': 0.5061894181962556}. Best is trial 855 with value: 0.3684472722325858.
[I 2026-05-28 23:40:28,553] Trial 910 finished with value: 0.41377483493971035 and parameters: {'ISTN': 60.49394131912726, 'I_gpe': 1.380342515485619, 'I_gpi': 2.1655246935952475, 'noise_stn_sigma': 7.016302889663639, 'noise_gpe_sigma': 126.69258351570605, 'noise_gpi_sigma': 101.20367470951207, 'g_stn_gpe_mult': 3.0179561632217387, 'g_gpe_stn_mult': 0.5091470220914521, 'g_stn_gpi_mult': 3.2180898108857017, 'g_gpe_gpi_mult': 0.5020981773252307}. Best is trial 855 with value: 0.3684472722325858.
[I 2026-05-28 23:40:29,563] Trial 911 finished with value: 0.47745019758986473 and parameters: {'ISTN': 60.35342372053571, 'I_gpe': 1.388321738094834, 'I_gpi': 2.1470108135549264, 'noise_stn_sigma': 7.069655388081496, 'noise_gpe_sigma': 126.91840186337637, 'noise_gpi_sigma': 100.56267716040529, 'g_stn_gpe_mult': 2.983217442686004, 'g_gpe_stn_mult': 0.5087990043099452, 'g_stn_gpi_mult': 3.1962856174426193, 'g_gpe_gpi_mult': 0.5136916844781013}. Best is trial 855 with value: 0.3684472722325858.
[I 2026-05-28 23:40:30,572] Trial 912 finished with value: 1.0751945444265623 and parameters: {'ISTN': 60.27740881278515, 'I_gpe': 1.399100158938761, 'I_gpi': 2.1716410239518007, 'noise_stn_sigma': 6.963837512879726, 'noise_gpe_sigma': 126.94875678470038, 'noise_gpi_sigma': 100.32126593985527, 'g_stn_gpe_mult': 2.9532273680976453, 'g_gpe_stn_mult': 0.508197176159396, 'g_stn_gpi_mult': 3.195657453589008, 'g_gpe_gpi_mult': 0.5064668462375728}. Best is trial 855 with value: 0.3684472722325858.
[I 2026-05-28 23:40:31,580] Trial 913 finished with value: 1.3960026385164686 and parameters: {'ISTN': 60.6153717504345, 'I_gpe': 1.3819127941922313, 'I_gpi': 2.1086655600139745, 'noise_stn_sigma': 7.025511808181234, 'noise_gpe_sigma': 127.05316223488502, 'noise_gpi_sigma': 102.27930426578617, 'g_stn_gpe_mult': 2.9634824890168523, 'g_gpe_stn_mult': 0.5032204100414923, 'g_stn_gpi_mult': 3.2119876406801713, 'g_gpe_gpi_mult': 0.500917036313189}. Best is trial 855 with value: 0.3684472722325858.
[I 2026-05-28 23:40:32,590] Trial 914 finished with value: 0.8184312936273381 and parameters: {'ISTN': 60.030073160812286, 'I_gpe': 1.3984340321691748, 'I_gpi': 2.144390018570487, 'noise_stn_sigma': 7.026833922144243, 'noise_gpe_sigma': 126.41825522213416, 'noise_gpi_sigma': 102.00266613873272, 'g_stn_gpe_mult': 2.955215290273622, 'g_gpe_stn_mult': 0.49766711081167436, 'g_stn_gpi_mult': 3.1703655852029637, 'g_gpe_gpi_mult': 0.5080127148969293}. Best is trial 855 with value: 0.3684472722325858.
[I 2026-05-28 23:40:33,597] Trial 915 finished with value: 0.8927525156399092 and parameters: {'ISTN': 60.227476044732825, 'I_gpe': 1.380459874469183, 'I_gpi': 2.137959898381561, 'noise_stn_sigma': 7.109825426106103, 'noise_gpe_sigma': 127.98820173856465, 'noise_gpi_sigma': 101.09980990816118, 'g_stn_gpe_mult': 2.9795195351956982, 'g_gpe_stn_mult': 0.5054890183660797, 'g_stn_gpi_mult': 3.2481595211880956, 'g_gpe_gpi_mult': 0.5135669007503483}. Best is trial 855 with value: 0.3684472722325858.
[I 2026-05-28 23:40:34,605] Trial 916 finished with value: 0.486835642449016 and parameters: {'ISTN': 60.34720709363098, 'I_gpe': 1.3802800407203408, 'I_gpi': 2.131607242594674, 'noise_stn_sigma': 7.037269060157247, 'noise_gpe_sigma': 127.56559896517194, 'noise_gpi_sigma': 101.30215724811454, 'g_stn_gpe_mult': 2.9483878360574183, 'g_gpe_stn_mult': 0.5029622683860548, 'g_stn_gpi_mult': 3.2237764586598403, 'g_gpe_gpi_mult': 0.5040765058589622}. Best is trial 855 with value: 0.3684472722325858.
[I 2026-05-28 23:40:35,554] Trial 917 finished with value: 1000000.0 and parameters: {'ISTN': 60.24058900084339, 'I_gpe': 1.3722421677441603, 'I_gpi': 2.106602345816325, 'noise_stn_sigma': 7.016470385722458, 'noise_gpe_sigma': 127.9723176352143, 'noise_gpi_sigma': 100.47825812843517, 'g_stn_gpe_mult': 2.9944217295577404, 'g_gpe_stn_mult': 0.5001217351708249, 'g_stn_gpi_mult': 3.2189951476403755, 'g_gpe_gpi_mult': 0.49904878617197035}. Best is trial 855 with value: 0.3684472722325858.
[I 2026-05-28 23:40:36,563] Trial 918 finished with value: 0.7406365819733516 and parameters: {'ISTN': 60.439926028374146, 'I_gpe': 1.381177584583309, 'I_gpi': 2.113465578232703, 'noise_stn_sigma': 7.057492326594846, 'noise_gpe_sigma': 127.56921693802761, 'noise_gpi_sigma': 101.85192327999903, 'g_stn_gpe_mult': 2.993171127199446, 'g_gpe_stn_mult': 0.49961297772497204, 'g_stn_gpi_mult': 3.222398327283091, 'g_gpe_gpi_mult': 0.5047932051493133}. Best is trial 855 with value: 0.3684472722325858.
[I 2026-05-28 23:40:37,572] Trial 919 finished with value: 1.1269693731034838 and parameters: {'ISTN': 60.23402905567278, 'I_gpe': 1.4024721765973467, 'I_gpi': 2.1437557663742624, 'noise_stn_sigma': 7.001563054453466, 'noise_gpe_sigma': 127.74158285072755, 'noise_gpi_sigma': 100.78660267548103, 'g_stn_gpe_mult': 2.9592040767919947, 'g_gpe_stn_mult': 0.5016013980168611, 'g_stn_gpi_mult': 3.2086299892289936, 'g_gpe_gpi_mult': 0.49573326656640226}. Best is trial 855 with value: 0.3684472722325858.
[I 2026-05-28 23:40:38,581] Trial 920 finished with value: 0.5366686646755213 and parameters: {'ISTN': 60.27290491401812, 'I_gpe': 1.3844437485396086, 'I_gpi': 2.1664050636135928, 'noise_stn_sigma': 7.01213399715246, 'noise_gpe_sigma': 127.17539124678706, 'noise_gpi_sigma': 100.39388179142334, 'g_stn_gpe_mult': 2.982726877707387, 'g_gpe_stn_mult': 0.5011100824820475, 'g_stn_gpi_mult': 3.1777968165750803, 'g_gpe_gpi_mult': 0.509793188805926}. Best is trial 855 with value: 0.3684472722325858.
[I 2026-05-28 23:40:39,593] Trial 921 finished with value: 0.41126916827453547 and parameters: {'ISTN': 60.08882258971634, 'I_gpe': 1.3955805909621186, 'I_gpi': 2.118027886166896, 'noise_stn_sigma': 6.999011291661182, 'noise_gpe_sigma': 127.39571254158741, 'noise_gpi_sigma': 101.47416933530691, 'g_stn_gpe_mult': 2.94677271400555, 'g_gpe_stn_mult': 0.5044420135244153, 'g_stn_gpi_mult': 3.210886014028103, 'g_gpe_gpi_mult': 0.5113844458868436}. Best is trial 855 with value: 0.3684472722325858.
[I 2026-05-28 23:40:40,601] Trial 922 finished with value: 0.681155689636999 and parameters: {'ISTN': 60.21251053500567, 'I_gpe': 1.3887479114533234, 'I_gpi': 2.126204426251209, 'noise_stn_sigma': 7.0169886337098655, 'noise_gpe_sigma': 126.7599091712746, 'noise_gpi_sigma': 100.63193267903395, 'g_stn_gpe_mult': 2.947737211436532, 'g_gpe_stn_mult': 0.5004278761518752, 'g_stn_gpi_mult': 3.188646184024504, 'g_gpe_gpi_mult': 0.5130209310102545}. Best is trial 855 with value: 0.3684472722325858.
[I 2026-05-28 23:40:41,609] Trial 923 finished with value: 0.4843352384336055 and parameters: {'ISTN': 60.04398352934967, 'I_gpe': 1.3874088931209818, 'I_gpi': 2.128302862531404, 'noise_stn_sigma': 7.116074919204548, 'noise_gpe_sigma': 125.5654547638303, 'noise_gpi_sigma': 101.56623312051515, 'g_stn_gpe_mult': 2.9603276194888366, 'g_gpe_stn_mult': 0.4998337616584463, 'g_stn_gpi_mult': 3.1923688394046046, 'g_gpe_gpi_mult': 0.5143770284145768}. Best is trial 855 with value: 0.3684472722325858.
