[I 2026-05-28 23:47:20,323] Trial 308 finished with value: 0.21099936670930153 and parameters: {'ISTN': 60.30332669299296, 'I_gpe': 1.6941517932129029, 'I_gpi': 2.238756006151846, 'noise_stn_sigma': 3.4765734177828067, 'noise_gpe_sigma': 111.2263488267054, 'noise_gpi_sigma': 107.68172953840966, 'g_stn_gpe_mult': 2.4459291963283833, 'g_gpe_stn_mult': 0.16602958348070052, 'g_stn_gpi_mult': 1.8092089510655565, 'g_gpe_gpi_mult': 1.0529091499851253}. Best is trial 308 with value: 0.21099936670930153.
[I 2026-05-28 23:47:21,327] Trial 309 finished with value: 9.113594931247176 and parameters: {'ISTN': 67.59794104194418, 'I_gpe': 1.7052280205257382, 'I_gpi': 2.1326033157620934, 'noise_stn_sigma': 4.294864802303898, 'noise_gpe_sigma': 104.75208489697648, 'noise_gpi_sigma': 127.43465215809661, 'g_stn_gpe_mult': 2.361825857315816, 'g_gpe_stn_mult': 0.17518438924344518, 'g_stn_gpi_mult': 1.6517036688527247, 'g_gpe_gpi_mult': 0.9908939056560677}. Best is trial 308 with value: 0.21099936670930153.
[I 2026-05-28 23:47:22,336] Trial 310 finished with value: 1.2180102961916712 and parameters: {'ISTN': 61.61216557406866, 'I_gpe': 2.0946330756354916, 'I_gpi': 1.9685068371880958, 'noise_stn_sigma': 3.4295811645292105, 'noise_gpe_sigma': 104.67665909961484, 'noise_gpi_sigma': 125.52584167867546, 'g_stn_gpe_mult': 2.630972316841273, 'g_gpe_stn_mult': 0.19534250035434514, 'g_stn_gpi_mult': 1.6654644819638782, 'g_gpe_gpi_mult': 0.9173803499294737}. Best is trial 308 with value: 0.21099936670930153.
[I 2026-05-28 23:47:23,345] Trial 311 finished with value: 7.455485529480587 and parameters: {'ISTN': 64.4213324541961, 'I_gpe': 1.6237662729999756, 'I_gpi': 1.954035794614718, 'noise_stn_sigma': 4.316006816055869, 'noise_gpe_sigma': 105.73209111219053, 'noise_gpi_sigma': 111.41840112866228, 'g_stn_gpe_mult': 2.434274113667188, 'g_gpe_stn_mult': 0.14409560156373025, 'g_stn_gpi_mult': 1.8181897885036293, 'g_gpe_gpi_mult': 0.9973672874949786}. Best is trial 308 with value: 0.21099936670930153.
[I 2026-05-28 23:47:24,355] Trial 312 finished with value: 0.3946052729343541 and parameters: {'ISTN': 64.13269573744961, 'I_gpe': 1.7962871210903362, 'I_gpi': 1.7210766582115904, 'noise_stn_sigma': 3.4504384409031528, 'noise_gpe_sigma': 102.6143325826942, 'noise_gpi_sigma': 109.03323054933253, 'g_stn_gpe_mult': 2.650306921314691, 'g_gpe_stn_mult': 0.16115800358103383, 'g_stn_gpi_mult': 1.6491160563285983, 'g_gpe_gpi_mult': 0.9359713644271961}. Best is trial 308 with value: 0.21099936670930153.
[I 2026-05-28 23:47:25,363] Trial 313 finished with value: 0.21182036887081745 and parameters: {'ISTN': 61.72826172122005, 'I_gpe': 1.4894911523531644, 'I_gpi': 2.376447144735009, 'noise_stn_sigma': 3.792569246113903, 'noise_gpe_sigma': 109.1010288285566, 'noise_gpi_sigma': 115.34838952878951, 'g_stn_gpe_mult': 2.4474018401469513, 'g_gpe_stn_mult': 0.18520973365404475, 'g_stn_gpi_mult': 2.0422654217828446, 'g_gpe_gpi_mult': 1.0499164863092374}. Best is trial 308 with value: 0.21099936670930153.
[I 2026-05-28 23:47:26,370] Trial 314 finished with value: 0.27094647678421163 and parameters: {'ISTN': 63.63659676387446, 'I_gpe': 1.6230405106744357, 'I_gpi': 1.9305403691242233, 'noise_stn_sigma': 3.989842715431878, 'noise_gpe_sigma': 108.85404083831463, 'noise_gpi_sigma': 117.91909280940045, 'g_stn_gpe_mult': 2.2849545058558776, 'g_gpe_stn_mult': 0.11269334108726468, 'g_stn_gpi_mult': 1.6220541938380482, 'g_gpe_gpi_mult': 0.9772780417930984}. Best is trial 308 with value: 0.21099936670930153.
[I 2026-05-28 23:47:27,381] Trial 315 finished with value: 0.2301966940127571 and parameters: {'ISTN': 60.45361752829556, 'I_gpe': 1.7029562887725933, 'I_gpi': 2.2663754022210565, 'noise_stn_sigma': 3.8770693139403667, 'noise_gpe_sigma': 103.34880457112996, 'noise_gpi_sigma': 121.48454411087354, 'g_stn_gpe_mult': 2.7481210405276917, 'g_gpe_stn_mult': 0.15377959119340823, 'g_stn_gpi_mult': 1.9346202586947168, 'g_gpe_gpi_mult': 0.9566069699173143}. Best is trial 308 with value: 0.21099936670930153.
[I 2026-05-28 23:47:28,390] Trial 316 finished with value: 6.975258618495908 and parameters: {'ISTN': 67.85401511247764, 'I_gpe': 1.2081609299886709, 'I_gpi': 2.2562116783091293, 'noise_stn_sigma': 4.601202267029291, 'noise_gpe_sigma': 128.1299445603352, 'noise_gpi_sigma': 112.58466765558366, 'g_stn_gpe_mult': 2.256873921648513, 'g_gpe_stn_mult': 0.1700670639261172, 'g_stn_gpi_mult': 2.1632296970196756, 'g_gpe_gpi_mult': 1.1692221711109316}. Best is trial 308 with value: 0.21099936670930153.
[I 2026-05-28 23:47:29,396] Trial 317 finished with value: 2.947302774608221 and parameters: {'ISTN': 60.30419220274328, 'I_gpe': 1.731819897974554, 'I_gpi': 2.202089680773711, 'noise_stn_sigma': 4.617821213557193, 'noise_gpe_sigma': 110.32661880854546, 'noise_gpi_sigma': 103.90318107193931, 'g_stn_gpe_mult': 2.765672895935497, 'g_gpe_stn_mult': 0.17671963782485034, 'g_stn_gpi_mult': 2.07995779912874, 'g_gpe_gpi_mult': 1.0661942382109506}. Best is trial 308 with value: 0.21099936670930153.
[I 2026-05-28 23:47:30,341] Trial 318 finished with value: 1000000.0 and parameters: {'ISTN': 62.60887094123694, 'I_gpe': 1.524073558302771, 'I_gpi': 2.4320934588957694, 'noise_stn_sigma': 3.338879291981779, 'noise_gpe_sigma': 105.90302469453826, 'noise_gpi_sigma': 114.69219570450144, 'g_stn_gpe_mult': 2.2051771915630036, 'g_gpe_stn_mult': 0.16012147746086228, 'g_stn_gpi_mult': 1.9223177411188241, 'g_gpe_gpi_mult': 1.053462017833662}. Best is trial 308 with value: 0.21099936670930153.
[I 2026-05-28 23:47:31,347] Trial 319 finished with value: 10.063470998816387 and parameters: {'ISTN': 65.80862762991339, 'I_gpe': 1.7847334915064044, 'I_gpi': 2.147394124666768, 'noise_stn_sigma': 2.9282922272451137, 'noise_gpe_sigma': 111.67090309367025, 'noise_gpi_sigma': 112.1682838549622, 'g_stn_gpe_mult': 2.146353803688112, 'g_gpe_stn_mult': 0.21073826198017856, 'g_stn_gpi_mult': 2.0724974291289424, 'g_gpe_gpi_mult': 1.154488949928094}. Best is trial 308 with value: 0.21099936670930153.
[I 2026-05-28 23:47:32,353] Trial 320 finished with value: 10.880173297437757 and parameters: {'ISTN': 60.71375499639995, 'I_gpe': 1.2358421868836944, 'I_gpi': 2.4524215615407297, 'noise_stn_sigma': 4.452441198424277, 'noise_gpe_sigma': 106.20329336474146, 'noise_gpi_sigma': 117.02753195325424, 'g_stn_gpe_mult': 2.517751161551976, 'g_gpe_stn_mult': 0.18176343210478163, 'g_stn_gpi_mult': 2.2132102330493133, 'g_gpe_gpi_mult': 0.8952342631091685}. Best is trial 308 with value: 0.21099936670930153.
[I 2026-05-28 23:47:33,359] Trial 321 finished with value: 13.37484121161682 and parameters: {'ISTN': 62.800286070639416, 'I_gpe': 1.6091334747879207, 'I_gpi': 2.2143998552869357, 'noise_stn_sigma': 4.279847544848765, 'noise_gpe_sigma': 111.17762053195007, 'noise_gpi_sigma': 116.06817650838528, 'g_stn_gpe_mult': 2.4282559817904814, 'g_gpe_stn_mult': 0.2946831796616075, 'g_stn_gpi_mult': 1.9787299813233052, 'g_gpe_gpi_mult': 0.9575249877201637}. Best is trial 308 with value: 0.21099936670930153.
[I 2026-05-28 23:47:34,366] Trial 322 finished with value: 1.1003884430388997 and parameters: {'ISTN': 64.1956964153753, 'I_gpe': 1.4868477923335472, 'I_gpi': 2.4502017188851317, 'noise_stn_sigma': 3.9591235001345106, 'noise_gpe_sigma': 113.49908589392619, 'noise_gpi_sigma': 104.85126840518875, 'g_stn_gpe_mult': 2.7298271231748603, 'g_gpe_stn_mult': 0.11767594264973005, 'g_stn_gpi_mult': 2.201422791315598, 'g_gpe_gpi_mult': 0.9385518917759015}. Best is trial 308 with value: 0.21099936670930153.
[I 2026-05-28 23:47:35,373] Trial 323 finished with value: 6.523069256019238 and parameters: {'ISTN': 63.94314594516937, 'I_gpe': 1.6701748545940664, 'I_gpi': 1.8932326066536485, 'noise_stn_sigma': 3.919416574961957, 'noise_gpe_sigma': 117.36454065959012, 'noise_gpi_sigma': 119.5741589362093, 'g_stn_gpe_mult': 2.6212447599701685, 'g_gpe_stn_mult': 0.2148452639001857, 'g_stn_gpi_mult': 2.0499726023704103, 'g_gpe_gpi_mult': 0.9559904804422066}. Best is trial 308 with value: 0.21099936670930153.
[I 2026-05-28 23:47:36,380] Trial 324 finished with value: 3.096897211830896 and parameters: {'ISTN': 63.25064680708894, 'I_gpe': 1.4456895964060248, 'I_gpi': 2.0977340779469023, 'noise_stn_sigma': 4.2407864368317405, 'noise_gpe_sigma': 114.24923366015256, 'noise_gpi_sigma': 112.15209159157642, 'g_stn_gpe_mult': 2.5555110087916795, 'g_gpe_stn_mult': 0.13247761890997262, 'g_stn_gpi_mult': 1.746935965773376, 'g_gpe_gpi_mult': 0.9801804277478972}. Best is trial 308 with value: 0.21099936670930153.
[I 2026-05-28 23:47:37,385] Trial 325 finished with value: 2.819792302109517 and parameters: {'ISTN': 65.35760712113233, 'I_gpe': 1.5570626465821924, 'I_gpi': 2.206862140932387, 'noise_stn_sigma': 3.6561586377812336, 'noise_gpe_sigma': 113.10090155626622, 'noise_gpi_sigma': 117.3566840281384, 'g_stn_gpe_mult': 2.4604085000033304, 'g_gpe_stn_mult': 0.15326929016393206, 'g_stn_gpi_mult': 1.9366485183150282, 'g_gpe_gpi_mult': 1.0520254727753904}. Best is trial 308 with value: 0.21099936670930153.
[I 2026-05-28 23:47:38,392] Trial 326 finished with value: 0.21987874661379453 and parameters: {'ISTN': 62.95814016808783, 'I_gpe': 1.6334262676227111, 'I_gpi': 2.082301125790078, 'noise_stn_sigma': 4.082832179323102, 'noise_gpe_sigma': 105.43290731968477, 'noise_gpi_sigma': 110.70112699726813, 'g_stn_gpe_mult': 2.9184083301851045, 'g_gpe_stn_mult': 0.11129680417661164, 'g_stn_gpi_mult': 1.777315575370802, 'g_gpe_gpi_mult': 1.0297512991815811}. Best is trial 308 with value: 0.21099936670930153.
[I 2026-05-28 23:47:39,400] Trial 327 finished with value: 2.5100708627622286 and parameters: {'ISTN': 64.51417956809799, 'I_gpe': 1.8215976288804854, 'I_gpi': 2.1871637575582366, 'noise_stn_sigma': 4.257245148377512, 'noise_gpe_sigma': 105.7148567047614, 'noise_gpi_sigma': 107.41636760183935, 'g_stn_gpe_mult': 2.6409267347282555, 'g_gpe_stn_mult': 0.19223902747793808, 'g_stn_gpi_mult': 2.3181451606110226, 'g_gpe_gpi_mult': 1.1029668108160295}. Best is trial 308 with value: 0.21099936670930153.
[I 2026-05-28 23:47:40,346] Trial 328 finished with value: 1000000.0 and parameters: {'ISTN': 64.51335733548513, 'I_gpe': 1.4380305784164011, 'I_gpi': 2.3608393754974033, 'noise_stn_sigma': 3.9005566447442175, 'noise_gpe_sigma': 104.59579321326126, 'noise_gpi_sigma': 105.43910345331999, 'g_stn_gpe_mult': 2.7605180691321656, 'g_gpe_stn_mult': 0.14050474624113188, 'g_stn_gpi_mult': 1.795226514221206, 'g_gpe_gpi_mult': 0.9371927578241175}. Best is trial 308 with value: 0.21099936670930153.
[I 2026-05-28 23:47:41,354] Trial 329 finished with value: 0.37319768887271276 and parameters: {'ISTN': 61.18817166170779, 'I_gpe': 1.6983572442357935, 'I_gpi': 2.089964426818227, 'noise_stn_sigma': 4.033040359864284, 'noise_gpe_sigma': 111.65117489295784, 'noise_gpi_sigma': 116.06539312287681, 'g_stn_gpe_mult': 2.6324016726784265, 'g_gpe_stn_mult': 0.16652040040788682, 'g_stn_gpi_mult': 1.89729874673364, 'g_gpe_gpi_mult': 1.089808992344806}. Best is trial 308 with value: 0.21099936670930153.
[I 2026-05-28 23:47:42,361] Trial 330 finished with value: 8.243841280932886 and parameters: {'ISTN': 65.44168638816377, 'I_gpe': 1.4307366163791893, 'I_gpi': 2.2006107999363715, 'noise_stn_sigma': 4.005795712139338, 'noise_gpe_sigma': 105.91531302701146, 'noise_gpi_sigma': 112.83398979570089, 'g_stn_gpe_mult': 2.5810490373854447, 'g_gpe_stn_mult': 0.208268389017572, 'g_stn_gpi_mult': 1.7039146798274474, 'g_gpe_gpi_mult': 0.9326788139613682}. Best is trial 308 with value: 0.21099936670930153.
[I 2026-05-28 23:47:43,368] Trial 331 finished with value: 1.552902483988193 and parameters: {'ISTN': 63.41352350870539, 'I_gpe': 1.4832715763061806, 'I_gpi': 2.2761408840267414, 'noise_stn_sigma': 4.3798549716500155, 'noise_gpe_sigma': 114.38283567818856, 'noise_gpi_sigma': 119.38785711089858, 'g_stn_gpe_mult': 2.8990202798180995, 'g_gpe_stn_mult': 0.16747765065256745, 'g_stn_gpi_mult': 2.1570526958513216, 'g_gpe_gpi_mult': 0.9818140815821994}. Best is trial 308 with value: 0.21099936670930153.
[I 2026-05-28 23:47:44,373] Trial 332 finished with value: 0.3130357832159973 and parameters: {'ISTN': 64.84794771447656, 'I_gpe': 1.8168552666467055, 'I_gpi': 2.150038099836272, 'noise_stn_sigma': 3.7258292964949957, 'noise_gpe_sigma': 94.38207534203754, 'noise_gpi_sigma': 105.37432756290295, 'g_stn_gpe_mult': 2.8482339891367943, 'g_gpe_stn_mult': 0.15744039193933937, 'g_stn_gpi_mult': 1.8354561238935583, 'g_gpe_gpi_mult': 0.8647912579108392}. Best is trial 308 with value: 0.21099936670930153.
[I 2026-05-28 23:47:45,377] Trial 333 finished with value: 8.946604341666365 and parameters: {'ISTN': 71.84020362654763, 'I_gpe': 1.6924423292744584, 'I_gpi': 1.986794166589961, 'noise_stn_sigma': 4.288019311278697, 'noise_gpe_sigma': 108.40464523922871, 'noise_gpi_sigma': 109.83503540182629, 'g_stn_gpe_mult': 2.8631510738218244, 'g_gpe_stn_mult': 0.10485283047849904, 'g_stn_gpi_mult': 2.1008994774287504, 'g_gpe_gpi_mult': 1.023876169066432}. Best is trial 308 with value: 0.21099936670930153.
[I 2026-05-28 23:47:46,383] Trial 334 finished with value: 0.5396667104339293 and parameters: {'ISTN': 61.325189789328256, 'I_gpe': 1.5521739083783783, 'I_gpi': 1.9317134471819375, 'noise_stn_sigma': 3.996754103727417, 'noise_gpe_sigma': 112.47588256167323, 'noise_gpi_sigma': 112.83919682199841, 'g_stn_gpe_mult': 2.736124596998961, 'g_gpe_stn_mult': 0.1538699538905677, 'g_stn_gpi_mult': 2.1359617199416836, 'g_gpe_gpi_mult': 1.1636274444540011}. Best is trial 308 with value: 0.21099936670930153.
[I 2026-05-28 23:47:47,388] Trial 335 finished with value: 0.3141868863347498 and parameters: {'ISTN': 62.78903624062721, 'I_gpe': 1.3476517221538191, 'I_gpi': 1.6626910312249918, 'noise_stn_sigma': 4.313596414624577, 'noise_gpe_sigma': 123.06362705039992, 'noise_gpi_sigma': 108.16196206008446, 'g_stn_gpe_mult': 3.1364589201130144, 'g_gpe_stn_mult': 0.11446888343209505, 'g_stn_gpi_mult': 1.6297432947372505, 'g_gpe_gpi_mult': 1.0976869234137245}. Best is trial 308 with value: 0.21099936670930153.
[I 2026-05-28 23:47:48,395] Trial 336 finished with value: 0.2357757754628358 and parameters: {'ISTN': 62.94481837124283, 'I_gpe': 1.3816890717227164, 'I_gpi': 2.2270365310148623, 'noise_stn_sigma': 4.015158756407537, 'noise_gpe_sigma': 121.54774534183642, 'noise_gpi_sigma': 112.31765394449766, 'g_stn_gpe_mult': 2.9181019676739064, 'g_gpe_stn_mult': 0.20299202861218024, 'g_stn_gpi_mult': 2.044903544477318, 'g_gpe_gpi_mult': 1.067752071764739}. Best is trial 308 with value: 0.21099936670930153.
[I 2026-05-28 23:47:49,402] Trial 337 finished with value: 3.2923142113049004 and parameters: {'ISTN': 63.98757853593725, 'I_gpe': 1.7514862957174224, 'I_gpi': 2.361702698165169, 'noise_stn_sigma': 4.36636835594393, 'noise_gpe_sigma': 122.32496274754801, 'noise_gpi_sigma': 98.93254445351387, 'g_stn_gpe_mult': 2.6419012643269735, 'g_gpe_stn_mult': 0.13817726588357954, 'g_stn_gpi_mult': 2.127335770185492, 'g_gpe_gpi_mult': 1.152532309800455}. Best is trial 308 with value: 0.21099936670930153.
[I 2026-05-28 23:47:50,411] Trial 338 finished with value: 6.771438858073351 and parameters: {'ISTN': 66.73716837290509, 'I_gpe': 1.7912566830535637, 'I_gpi': 2.089818367549233, 'noise_stn_sigma': 4.5729782216149815, 'noise_gpe_sigma': 117.0811172728352, 'noise_gpi_sigma': 115.5605335247054, 'g_stn_gpe_mult': 2.682481084913624, 'g_gpe_stn_mult': 0.15502639531853468, 'g_stn_gpi_mult': 2.232180714634459, 'g_gpe_gpi_mult': 1.0932575287420294}. Best is trial 308 with value: 0.21099936670930153.
[I 2026-05-28 23:47:51,416] Trial 339 finished with value: 0.22524581379924008 and parameters: {'ISTN': 63.457292139141465, 'I_gpe': 1.5017548599854336, 'I_gpi': 2.0577521711813747, 'noise_stn_sigma': 3.8180852603991142, 'noise_gpe_sigma': 110.6156851358003, 'noise_gpi_sigma': 123.0749189886103, 'g_stn_gpe_mult': 2.5541903945070352, 'g_gpe_stn_mult': 0.11020634971222122, 'g_stn_gpi_mult': 1.9958135333642817, 'g_gpe_gpi_mult': 1.0120149341792168}. Best is trial 308 with value: 0.21099936670930153.
[I 2026-05-28 23:47:52,423] Trial 340 finished with value: 2.028452709718132 and parameters: {'ISTN': 64.52143897780147, 'I_gpe': 1.502314801004902, 'I_gpi': 2.1738031946452, 'noise_stn_sigma': 4.4786321224524865, 'noise_gpe_sigma': 119.37262136716457, 'noise_gpi_sigma': 111.50413705257087, 'g_stn_gpe_mult': 2.667237765152127, 'g_gpe_stn_mult': 0.13510585293098798, 'g_stn_gpi_mult': 1.923781843338809, 'g_gpe_gpi_mult': 1.0431321543425585}. Best is trial 308 with value: 0.21099936670930153.
[I 2026-05-28 23:47:53,430] Trial 341 finished with value: 4.821628690269804 and parameters: {'ISTN': 66.14364121273758, 'I_gpe': 1.3420785961959587, 'I_gpi': 2.1780195140371283, 'noise_stn_sigma': 4.081606323530275, 'noise_gpe_sigma': 118.44097189466297, 'noise_gpi_sigma': 110.56050522892076, 'g_stn_gpe_mult': 2.9504684217265478, 'g_gpe_stn_mult': 0.18372469911675554, 'g_stn_gpi_mult': 1.9912164015617748, 'g_gpe_gpi_mult': 0.9542881069436719}. Best is trial 308 with value: 0.21099936670930153.
[I 2026-05-28 23:47:54,433] Trial 342 finished with value: 0.24433306975149677 and parameters: {'ISTN': 63.004627139946365, 'I_gpe': 1.3744478549305863, 'I_gpi': 2.0241787695208027, 'noise_stn_sigma': 3.485008687960723, 'noise_gpe_sigma': 107.82465659311092, 'noise_gpi_sigma': 119.00103762272391, 'g_stn_gpe_mult': 2.5494907376412788, 'g_gpe_stn_mult': 0.18745594827074624, 'g_stn_gpi_mult': 1.8190998391628437, 'g_gpe_gpi_mult': 0.9179616051437847}. Best is trial 308 with value: 0.21099936670930153.
[I 2026-05-28 23:47:55,439] Trial 343 finished with value: 0.257242469310715 and parameters: {'ISTN': 66.47125663017968, 'I_gpe': 1.3576050192700446, 'I_gpi': 2.303333710441328, 'noise_stn_sigma': 4.271385358018162, 'noise_gpe_sigma': 117.43825411433146, 'noise_gpi_sigma': 114.288206807069, 'g_stn_gpe_mult': 2.7696682091561025, 'g_gpe_stn_mult': 0.1343615243777559, 'g_stn_gpi_mult': 1.8377521483610035, 'g_gpe_gpi_mult': 1.1039089801510966}. Best is trial 308 with value: 0.21099936670930153.
[I 2026-05-28 23:47:56,444] Trial 344 finished with value: 10.431067794256343 and parameters: {'ISTN': 67.88692173185308, 'I_gpe': 1.2138630085226065, 'I_gpi': 1.9982666142731889, 'noise_stn_sigma': 4.199772500389779, 'noise_gpe_sigma': 112.18737174773737, 'noise_gpi_sigma': 113.50600043450719, 'g_stn_gpe_mult': 2.9587878910806533, 'g_gpe_stn_mult': 0.17949476531056827, 'g_stn_gpi_mult': 1.8852586091334307, 'g_gpe_gpi_mult': 1.055930969056918}. Best is trial 308 with value: 0.21099936670930153.
[I 2026-05-28 23:47:57,450] Trial 345 finished with value: 0.200101567103805 and parameters: {'ISTN': 61.83994745704154, 'I_gpe': 1.5025160343974293, 'I_gpi': 2.099920611257148, 'noise_stn_sigma': 3.3313247173192124, 'noise_gpe_sigma': 109.51823431566714, 'noise_gpi_sigma': 109.35697278351238, 'g_stn_gpe_mult': 2.6936064323990836, 'g_gpe_stn_mult': 0.17253235421023472, 'g_stn_gpi_mult': 1.9455343947815065, 'g_gpe_gpi_mult': 0.9566499428419346}. Best is trial 345 with value: 0.200101567103805.
[I 2026-05-28 23:47:58,456] Trial 346 finished with value: 0.21932597072912913 and parameters: {'ISTN': 64.9779299717435, 'I_gpe': 1.3940087783817505, 'I_gpi': 2.2661329360376508, 'noise_stn_sigma': 3.5927226981653657, 'noise_gpe_sigma': 97.3545632575396, 'noise_gpi_sigma': 118.25798386977026, 'g_stn_gpe_mult': 2.91511416542422, 'g_gpe_stn_mult': 0.12783397056469664, 'g_stn_gpi_mult': 1.6820773851211368, 'g_gpe_gpi_mult': 0.8831158276674123}. Best is trial 345 with value: 0.200101567103805.
[I 2026-05-28 23:47:59,463] Trial 347 finished with value: 3.0612756831549675 and parameters: {'ISTN': 65.70653826106162, 'I_gpe': 1.669168264527849, 'I_gpi': 1.729820420413176, 'noise_stn_sigma': 3.9059200218572245, 'noise_gpe_sigma': 113.32378876203414, 'noise_gpi_sigma': 113.68413439549212, 'g_stn_gpe_mult': 2.727085292262528, 'g_gpe_stn_mult': 0.1418102251197938, 'g_stn_gpi_mult': 1.8837662557624995, 'g_gpe_gpi_mult': 0.9184969698515826}. Best is trial 345 with value: 0.200101567103805.
[I 2026-05-28 23:48:00,470] Trial 348 finished with value: 0.32887639224032494 and parameters: {'ISTN': 66.91906115890878, 'I_gpe': 1.421656831975957, 'I_gpi': 2.19213258647332, 'noise_stn_sigma': 3.5703933379332833, 'noise_gpe_sigma': 114.49352426295272, 'noise_gpi_sigma': 116.30707299110412, 'g_stn_gpe_mult': 2.6671467464129295, 'g_gpe_stn_mult': 0.1460957654299016, 'g_stn_gpi_mult': 1.7911274365800565, 'g_gpe_gpi_mult': 1.0190925528088213}. Best is trial 345 with value: 0.200101567103805.
[I 2026-05-28 23:48:01,477] Trial 349 finished with value: 0.3318520117665088 and parameters: {'ISTN': 63.23765358172641, 'I_gpe': 1.6672125279524859, 'I_gpi': 1.6955769206155247, 'noise_stn_sigma': 3.5767033545901374, 'noise_gpe_sigma': 114.8111024315685, 'noise_gpi_sigma': 114.39299272726834, 'g_stn_gpe_mult': 2.7624070388628637, 'g_gpe_stn_mult': 0.11108281296209085, 'g_stn_gpi_mult': 2.0343354315721554, 'g_gpe_gpi_mult': 0.9921519341185725}. Best is trial 345 with value: 0.200101567103805.
[I 2026-05-28 23:48:02,486] Trial 350 finished with value: 9.260777439486533 and parameters: {'ISTN': 68.02673495783442, 'I_gpe': 1.2096652660202136, 'I_gpi': 2.372867713287568, 'noise_stn_sigma': 4.836135295154735, 'noise_gpe_sigma': 112.11722608892264, 'noise_gpi_sigma': 111.9910825503992, 'g_stn_gpe_mult': 2.806013099612111, 'g_gpe_stn_mult': 0.14221245550380487, 'g_stn_gpi_mult': 2.3939231586898533, 'g_gpe_gpi_mult': 1.0402889391119579}. Best is trial 345 with value: 0.200101567103805.
[I 2026-05-28 23:48:03,494] Trial 351 finished with value: 0.2971216124505246 and parameters: {'ISTN': 65.6237211894132, 'I_gpe': 1.4114119833867207, 'I_gpi': 2.220258319104834, 'noise_stn_sigma': 3.425151344267229, 'noise_gpe_sigma': 105.05404026478679, 'noise_gpi_sigma': 110.18333782364417, 'g_stn_gpe_mult': 2.832658262500325, 'g_gpe_stn_mult': 0.14921666629362687, 'g_stn_gpi_mult': 1.7089872524401841, 'g_gpe_gpi_mult': 0.9373451115800153}. Best is trial 345 with value: 0.200101567103805.
